{"target": -0.05369840011697903, "params": {"bus_acc": 1.0926, "bus_dcc": 1.0, "bus_lcAssertive": 74.7742, "bus_lcCooperative": 0.5733, "bus_lcLookaheadLeft": 71.987, "bus_lcPushy": 0.0422, "bus_lcSublane": 0.9207, "bus_tau_mean": 0.5, "bus_tau_std": 7.4242, "bus_v_mean": 17.6733, "bus_v_std": 10.0, "car_acc": 1.0, "car_dcc": 2.6813, "car_lcAssertive": 1.9972, "car_lcCooperative": 0.1134, "car_lcLookaheadLeft": 2.0, "car_lcPushy": 0.0929, "car_lcSublane": 0.0, "car_tau_mean": 0.5, "car_tau_std": 7.8266, "car_v_mean": 8.0, "car_v_std": 0.7828}, "datetime": {"datetime": "2024-08-05 17:51:32", "elapsed": 316.308853, "delta": 1.613864}}
{"target": -0.058164853785475465, "params": {"bus_acc": 2.6879, "bus_dcc": 1.8556, "bus_lcAssertive": 82.8317, "bus_lcCooperative": 0.2254, "bus_lcLookaheadLeft": 67.6794, "bus_lcPushy": 0.3266, "bus_lcSublane": 0.3263, "bus_tau_mean": 2.2394, "bus_tau_std": 9.1228, "bus_v_mean": 16.7743, "bus_v_std": 6.0333, "car_acc": 1.9292, "car_dcc": 3.5968, "car_lcAssertive": 15.6395, "car_lcCooperative": 0.9091, "car_lcLookaheadLeft": 92.7604, "car_lcPushy": 0.7574, "car_lcSublane": 0.6178, "car_tau_mean": 3.0216, "car_tau_std": 4.1125, "car_v_mean": 13.9236, "car_v_std": 4.2915}, "datetime": {"datetime": "2024-08-05 17:51:34", "elapsed": 317.680773, "delta": 1.37192}}
{"target": -0.056145994772691, "params": {"bus_acc": 1.0668, "bus_dcc": 1.0, "bus_lcAssertive": 77.2656, "bus_lcCooperative": 0.9168, "bus_lcLookaheadLeft": 70.9315, "bus_lcPushy": 0.0422, "bus_lcSublane": 1.0, "bus_tau_mean": 0.5, "bus_tau_std": 9.8759, "bus_v_mean": 16.6464, "bus_v_std": 10.0, "car_acc": 1.0, "car_dcc": 3.5786, "car_lcAssertive": 1.0, "car_lcCooperative": 0.6711, "car_lcLookaheadLeft": 2.0, "car_lcPushy": 0.3423, "car_lcSublane": 0.0, "car_tau_mean": 0.5, "car_tau_std": 9.499, "car_v_mean": 8.0, "car_v_std": 0.0}, "datetime": {"datetime": "2024-08-05 17:51:35", "elapsed": 319.135403, "delta": 1.45463}}
{"target": -0.05173187065692843, "params": {"bus_acc": 2.155, "bus_dcc": 1.4566, "bus_lcAssertive": 81.1086, "bus_lcCooperative": 0.1965, "bus_lcLookaheadLeft": 85.4292, "bus_lcPushy": 0.5529, "bus_lcSublane": 0.961, "bus_tau_mean": 1.7209, "bus_tau_std": 6.1769, "bus_v_mean": 12.1441, "bus_v_std": 4.6899, "car_acc": 2.62, "car_dcc": 1.0487, "car_lcAssertive": 11.2111, "car_lcCooperative": 0.0689, "car_lcLookaheadLeft": 75.9379, "car_lcPushy": 0.5525, "car_lcSublane": 0.1236, "car_tau_mean": 3.9377, "car_tau_std": 9.1004, "car_v_mean": 15.0352, "car_v_std": 4.5252}, "datetime": {"datetime": "2024-08-05 17:51:38", "elapsed": 321.431908, "delta": 2.296505}}
{"target": -0.06495636662208154, "params": {"bus_acc": 2.9489, "bus_dcc": 3.8326, "bus_lcAssertive": 62.9949, "bus_lcCooperative": 0.7947, "bus_lcLookaheadLeft": 93.0897, "bus_lcPushy": 0.7213, "bus_lcSublane": 0.7542, "bus_tau_mean": 1.2497, "bus_tau_std": 2.2528, "bus_v_mean": 15.5615, "bus_v_std": 2.0293, "car_acc": 2.518, "car_dcc": 1.2744, "car_lcAssertive": 9.9242, "car_lcCooperative": 0.9712, "car_lcLookaheadLeft": 50.9986, "car_lcPushy": 0.5888, "car_lcSublane": 0.6157, "car_tau_mean": 0.9365, "car_tau_std": 7.539, "car_v_mean": 22.1185, "car_v_std": 6.3099}, "datetime": {"datetime": "2024-08-05 17:51:39", "elapsed": 322.717398, "delta": 1.28549}}
{"target": -0.059511446521966854, "params": {"bus_acc": 1.1242, "bus_dcc": 2.5554, "bus_lcAssertive": 57.5871, "bus_lcCooperative": 0.1455, "bus_lcLookaheadLeft": 90.0402, "bus_lcPushy": 0.5164, "bus_lcSublane": 0.5204, "bus_tau_mean": 0.8891, "bus_tau_std": 3.7007, "bus_v_mean": 14.8886, "bus_v_std": 5.8954, "car_acc": 1.5677, "car_dcc": 1.0071, "car_lcAssertive": 11.9326, "car_lcCooperative": 0.3539, "car_lcLookaheadLeft": 51.7955, "car_lcPushy": 0.8505, "car_lcSublane": 0.2989, "car_tau_mean": 2.762, "car_tau_std": 5.8254, "car_v_mean": 17.7629, "car_v_std": 5.4105}, "datetime": {"datetime": "2024-08-05 17:51:40", "elapsed": 324.079776, "delta": 1.362378}}
{"target": -0.06752481500571286, "params": {"bus_acc": 1.9497, "bus_dcc": 2.7897, "bus_lcAssertive": 94.6225, "bus_lcCooperative": 0.7372, "bus_lcLookaheadLeft": 91.6341, "bus_lcPushy": 0.3497, "bus_lcSublane": 0.9807, "bus_tau_mean": 1.2571, "bus_tau_std": 8.5836, "bus_v_mean": 14.3366, "bus_v_std": 1.6364, "car_acc": 1.4856, "car_dcc": 1.512, "car_lcAssertive": 13.7916, "car_lcCooperative": 0.7922, "car_lcLookaheadLeft": 81.1466, "car_lcPushy": 0.3382, "car_lcSublane": 0.392, "car_tau_mean": 3.4873, "car_tau_std": 3.9213, "car_v_mean": 11.763, "car_v_std": 0.1584}, "datetime": {"datetime": "2024-08-05 17:51:42", "elapsed": 325.775449, "delta": 1.695673}}
{"target": -0.06050344812361309, "params": {"bus_acc": 1.3335, "bus_dcc": 1.5945, "bus_lcAssertive": 69.4146, "bus_lcCooperative": 0.5767, "bus_lcLookaheadLeft": 87.5885, "bus_lcPushy": 0.2475, "bus_lcSublane": 0.6325, "bus_tau_mean": 0.6234, "bus_tau_std": 5.1649, "bus_v_mean": 21.8145, "bus_v_std": 9.8583, "car_acc": 1.0226, "car_dcc": 1.7614, "car_lcAssertive": 23.164, "car_lcCooperative": 0.0504, "car_lcLookaheadLeft": 2.9998, "car_lcPushy": 0.4931, "car_lcSublane": 0.0484, "car_tau_mean": 1.477, "car_tau_std": 6.4026, "car_v_mean": 12.7179, "car_v_std": 2.6994}, "datetime": {"datetime": "2024-08-05 17:51:43", "elapsed": 327.27728, "delta": 1.501831}}
{"target": -0.04901210238564889, "params": {"bus_acc": 2.0896, "bus_dcc": 3.211, "bus_lcAssertive": 51.5565, "bus_lcCooperative": 0.1645, "bus_lcLookaheadLeft": 12.0956, "bus_lcPushy": 0.9786, "bus_lcSublane": 0.4854, "bus_tau_mean": 3.8711, "bus_tau_std": 0.3563, "bus_v_mean": 20.2859, "bus_v_std": 5.6006, "car_acc": 2.7642, "car_dcc": 1.5536, "car_lcAssertive": 43.8066, "car_lcCooperative": 0.0631, "car_lcLookaheadLeft": 70.6797, "car_lcPushy": 0.8429, "car_lcSublane": 0.0684, "car_tau_mean": 1.1007, "car_tau_std": 2.4477, "car_v_mean": 9.5106, "car_v_std": 5.928}, "datetime": {"datetime": "2024-08-05 17:51:47", "elapsed": 330.444782, "delta": 3.167502}}
{"target": -0.05280359471658904, "params": {"bus_acc": 2.9262, "bus_dcc": 2.4341, "bus_lcAssertive": 92.5506, "bus_lcCooperative": 0.587, "bus_lcLookaheadLeft": 24.6981, "bus_lcPushy": 0.7426, "bus_lcSublane": 0.258, "bus_tau_mean": 2.7508, "bus_tau_std": 6.923, "bus_v_mean": 11.5235, "bus_v_std": 5.2007, "car_acc": 2.1336, "car_dcc": 2.7228, "car_lcAssertive": 13.8794, "car_lcCooperative": 0.521, "car_lcLookaheadLeft": 72.4001, "car_lcPushy": 0.802, "car_lcSublane": 0.7089, "car_tau_mean": 2.8146, "car_tau_std": 4.4394, "car_v_mean": 13.1206, "car_v_std": 8.3581}, "datetime": {"datetime": "2024-08-05 17:51:48", "elapsed": 332.138324, "delta": 1.693542}}
{"target": -0.06460694482292022, "params": {"bus_acc": 1.7934, "bus_dcc": 1.2525, "bus_lcAssertive": 72.2857, "bus_lcCooperative": 0.6776, "bus_lcLookaheadLeft": 5.1902, "bus_lcPushy": 0.3233, "bus_lcSublane": 0.2545, "bus_tau_mean": 1.8876, "bus_tau_std": 2.8773, "bus_v_mean": 20.4347, "bus_v_std": 8.2821, "car_acc": 2.1556, "car_dcc": 1.9362, "car_lcAssertive": 43.3857, "car_lcCooperative": 0.2664, "car_lcLookaheadLeft": 70.4251, "car_lcPushy": 0.3621, "car_lcSublane": 0.5691, "car_tau_mean": 2.2818, "car_tau_std": 8.6705, "car_v_mean": 13.3744, "car_v_std": 1.5062}, "datetime": {"datetime": "2024-08-05 17:51:51", "elapsed": 334.431759, "delta": 2.293435}}
{"target": -0.038303071881838104, "params": {"bus_acc": 2.9068, "bus_dcc": 3.729, "bus_lcAssertive": 17.422, "bus_lcCooperative": 0.3281, "bus_lcLookaheadLeft": 28.8555, "bus_lcPushy": 0.761, "bus_lcSublane": 0.6154, "bus_tau_mean": 3.2564, "bus_tau_std": 6.9687, "bus_v_mean": 18.3335, "bus_v_std": 5.0124, "car_acc": 1.0425, "car_dcc": 1.5297, "car_lcAssertive": 62.7475, "car_lcCooperative": 0.5969, "car_lcLookaheadLeft": 68.8721, "car_lcPushy": 0.8374, "car_lcSublane": 0.0423, "car_tau_mean": 3.2278, "car_tau_std": 9.8382, "car_v_mean": 9.3913, "car_v_std": 3.4831}, "datetime": {"datetime": "2024-08-05 17:51:52", "elapsed": 335.67278, "delta": 1.241021}}
{"target": -0.0696977684063339, "params": {"bus_acc": 1.4274, "bus_dcc": 1.0485, "bus_lcAssertive": 11.1205, "bus_lcCooperative": 0.9241, "bus_lcLookaheadLeft": 95.577, "bus_lcPushy": 0.8131, "bus_lcSublane": 0.908, "bus_tau_mean": 1.2362, "bus_tau_std": 5.705, "bus_v_mean": 20.9845, "bus_v_std": 2.604, "car_acc": 1.7933, "car_dcc": 1.2985, "car_lcAssertive": 49.2925, "car_lcCooperative": 0.5414, "car_lcLookaheadLeft": 23.6606, "car_lcPushy": 0.6291, "car_lcSublane": 0.6745, "car_tau_mean": 0.5117, "car_tau_std": 2.4672, "car_v_mean": 21.4879, "car_v_std": 5.4969}, "datetime": {"datetime": "2024-08-05 17:51:54", "elapsed": 337.527106, "delta": 1.854326}}
{"target": -0.061266051587251694, "params": {"bus_acc": 2.3022, "bus_dcc": 3.1946, "bus_lcAssertive": 30.2276, "bus_lcCooperative": 0.6947, "bus_lcLookaheadLeft": 2.5318, "bus_lcPushy": 0.4734, "bus_lcSublane": 0.7299, "bus_tau_mean": 0.9186, "bus_tau_std": 9.4198, "bus_v_mean": 14.353, "bus_v_std": 8.2216, "car_acc": 1.9622, "car_dcc": 1.1288, "car_lcAssertive": 43.6893, "car_lcCooperative": 0.211, "car_lcLookaheadLeft": 91.9523, "car_lcPushy": 0.2696, "car_lcSublane": 0.1176, "car_tau_mean": 1.1939, "car_tau_std": 9.7118, "car_v_mean": 16.0155, "car_v_std": 3.0033}, "datetime": {"datetime": "2024-08-05 17:51:55", "elapsed": 338.935507, "delta": 1.408401}}
{"target": -0.04512654983011566, "params": {"bus_acc": 1.3329, "bus_dcc": 1.5939, "bus_lcAssertive": 69.414, "bus_lcCooperative": 0.5761, "bus_lcLookaheadLeft": 87.588, "bus_lcPushy": 0.2469, "bus_lcSublane": 0.6319, "bus_tau_mean": 0.6228, "bus_tau_std": 5.1643, "bus_v_mean": 21.8139, "bus_v_std": 9.8435, "car_acc": 1.022, "car_dcc": 1.7608, "car_lcAssertive": 23.1634, "car_lcCooperative": 0.0498, "car_lcLookaheadLeft": 2.9992, "car_lcPushy": 0.4925, "car_lcSublane": 0.0478, "car_tau_mean": 1.4764, "car_tau_std": 6.402, "car_v_mean": 12.7174, "car_v_std": 2.6988}, "datetime": {"datetime": "2024-08-05 17:51:57", "elapsed": 340.633169, "delta": 1.697662}}
{"target": -0.06647092193519025, "params": {"bus_acc": 1.8205, "bus_dcc": 1.4743, "bus_lcAssertive": 88.9577, "bus_lcCooperative": 0.1951, "bus_lcLookaheadLeft": 26.0809, "bus_lcPushy": 0.8589, "bus_lcSublane": 0.109, "bus_tau_mean": 3.088, "bus_tau_std": 3.4734, "bus_v_mean": 12.8555, "bus_v_std": 0.6651, "car_acc": 2.5528, "car_dcc": 3.2326, "car_lcAssertive": 12.9113, "car_lcCooperative": 0.5915, "car_lcLookaheadLeft": 76.912, "car_lcPushy": 0.1653, "car_lcSublane": 0.7306, "car_tau_mean": 1.146, "car_tau_std": 7.8458, "car_v_mean": 8.4212, "car_v_std": 7.0112}, "datetime": {"datetime": "2024-08-05 17:51:59", "elapsed": 342.502162, "delta": 1.868993}}
{"target": -0.07011779666983302, "params": {"bus_acc": 1.3451, "bus_dcc": 2.5626, "bus_lcAssertive": 68.3479, "bus_lcCooperative": 0.5691, "bus_lcLookaheadLeft": 53.4861, "bus_lcPushy": 0.324, "bus_lcSublane": 0.634, "bus_tau_mean": 3.319, "bus_tau_std": 3.5555, "bus_v_mean": 17.5906, "bus_v_std": 2.2163, "car_acc": 1.6338, "car_dcc": 3.0787, "car_lcAssertive": 76.3772, "car_lcCooperative": 0.472, "car_lcLookaheadLeft": 48.0728, "car_lcPushy": 0.2336, "car_lcSublane": 0.0358, "car_tau_mean": 1.2352, "car_tau_std": 7.9186, "car_v_mean": 22.2591, "car_v_std": 9.3647}, "datetime": {"datetime": "2024-08-05 17:52:00", "elapsed": 344.170688, "delta": 1.668526}}
{"target": -0.05477164055127797, "params": {"bus_acc": 1.8037, "bus_dcc": 2.3209, "bus_lcAssertive": 44.5316, "bus_lcCooperative": 0.1953, "bus_lcLookaheadLeft": 11.1145, "bus_lcPushy": 0.2554, "bus_lcSublane": 0.8569, "bus_tau_mean": 3.6261, "bus_tau_std": 3.2325, "bus_v_mean": 15.7373, "bus_v_std": 4.6667, "car_acc": 2.5957, "car_dcc": 1.8152, "car_lcAssertive": 57.2637, "car_lcCooperative": 0.828, "car_lcLookaheadLeft": 71.7736, "car_lcPushy": 0.7496, "car_lcSublane": 0.8844, "car_tau_mean": 0.6995, "car_tau_std": 0.494, "car_v_mean": 23.6727, "car_v_std": 1.6178}, "datetime": {"datetime": "2024-08-05 17:52:02", "elapsed": 345.949506, "delta": 1.778818}}
{"target": -0.0525109111282633, "params": {"bus_acc": 2.6362, "bus_dcc": 3.3046, "bus_lcAssertive": 21.2245, "bus_lcCooperative": 0.4053, "bus_lcLookaheadLeft": 66.7581, "bus_lcPushy": 0.8202, "bus_lcSublane": 0.0559, "bus_tau_mean": 1.7334, "bus_tau_std": 8.6852, "bus_v_mean": 10.3343, "bus_v_std": 4.0822, "car_acc": 1.864, "car_dcc": 2.578, "car_lcAssertive": 72.654, "car_lcCooperative": 0.6521, "car_lcLookaheadLeft": 67.5951, "car_lcPushy": 0.1119, "car_lcSublane": 0.8165, "car_tau_mean": 1.666, "car_tau_std": 1.3764, "car_v_mean": 19.6578, "car_v_std": 5.1676}, "datetime": {"datetime": "2024-08-05 17:52:04", "elapsed": 348.056033, "delta": 2.106527}}
{"target": -0.05489581117439874, "params": {"bus_acc": 2.2872, "bus_dcc": 1.341, "bus_lcAssertive": 72.0735, "bus_lcCooperative": 0.7742, "bus_lcLookaheadLeft": 78.3664, "bus_lcPushy": 0.7858, "bus_lcSublane": 0.2026, "bus_tau_mean": 1.8213, "bus_tau_std": 3.98, "bus_v_mean": 13.4277, "bus_v_std": 3.2385, "car_acc": 2.8229, "car_dcc": 2.5881, "car_lcAssertive": 76.2628, "car_lcCooperative": 0.0074, "car_lcLookaheadLeft": 5.5073, "car_lcPushy": 0.7764, "car_lcSublane": 0.9534, "car_tau_mean": 3.5645, "car_tau_std": 0.3264, "car_v_mean": 11.6038, "car_v_std": 0.4344}, "datetime": {"datetime": "2024-08-05 17:52:06", "elapsed": 349.878499, "delta": 1.822466}}
{"target": -0.05978714496168559, "params": {"bus_acc": 1.4845, "bus_dcc": 2.1426, "bus_lcAssertive": 22.7235, "bus_lcCooperative": 0.8358, "bus_lcLookaheadLeft": 98.4258, "bus_lcPushy": 0.5958, "bus_lcSublane": 0.02, "bus_tau_mean": 1.4277, "bus_tau_std": 3.6539, "bus_v_mean": 9.0345, "bus_v_std": 7.7998, "car_acc": 1.7015, "car_dcc": 2.8007, "car_lcAssertive": 87.9101, "car_lcCooperative": 0.7222, "car_lcLookaheadLeft": 58.0365, "car_lcPushy": 0.4372, "car_lcSublane": 0.9028, "car_tau_mean": 3.6431, "car_tau_std": 7.0898, "car_v_mean": 8.1938, "car_v_std": 7.3431}, "datetime": {"datetime": "2024-08-05 17:52:08", "elapsed": 352.333099, "delta": 2.4546}}
{"target": -0.07274112660765808, "params": {"bus_acc": 2.1781, "bus_dcc": 1.0499, "bus_lcAssertive": 73.2634, "bus_lcCooperative": 0.1886, "bus_lcLookaheadLeft": 12.4323, "bus_lcPushy": 0.7927, "bus_lcSublane": 0.8465, "bus_tau_mean": 1.6971, "bus_tau_std": 2.755, "bus_v_mean": 14.1887, "bus_v_std": 1.0485, "car_acc": 2.1692, "car_dcc": 2.6215, "car_lcAssertive": 24.8583, "car_lcCooperative": 0.0451, "car_lcLookaheadLeft": 95.9696, "car_lcPushy": 0.1936, "car_lcSublane": 0.1257, "car_tau_mean": 0.5008, "car_tau_std": 2.3497, "car_v_mean": 18.9724, "car_v_std": 0.2148}, "datetime": {"datetime": "2024-08-05 17:52:12", "elapsed": 355.417859, "delta": 3.08476}}
{"target": -0.06377917182327536, "params": {"bus_acc": 1.4358, "bus_dcc": 1.6969, "bus_lcAssertive": 69.517, "bus_lcCooperative": 0.679, "bus_lcLookaheadLeft": 87.691, "bus_lcPushy": 0.3498, "bus_lcSublane": 0.7348, "bus_tau_mean": 0.7257, "bus_tau_std": 5.2672, "bus_v_mean": 21.9168, "bus_v_std": 9.8944, "car_acc": 1.1251, "car_dcc": 1.8639, "car_lcAssertive": 23.2663, "car_lcCooperative": 0.153, "car_lcLookaheadLeft": 3.1023, "car_lcPushy": 0.5954, "car_lcSublane": 0.1509, "car_tau_mean": 1.5795, "car_tau_std": 6.505, "car_v_mean": 12.8203, "car_v_std": 2.8018}, "datetime": {"datetime": "2024-08-05 17:52:14", "elapsed": 357.897589, "delta": 2.47973}}
{"target": -0.046424726687956025, "params": {"bus_acc": 1.7992, "bus_dcc": 1.063, "bus_lcAssertive": 86.7519, "bus_lcCooperative": 0.361, "bus_lcLookaheadLeft": 33.1144, "bus_lcPushy": 0.1144, "bus_lcSublane": 0.1216, "bus_tau_mean": 2.8029, "bus_tau_std": 6.0031, "bus_v_mean": 9.3901, "bus_v_std": 5.0801, "car_acc": 1.2682, "car_dcc": 1.3852, "car_lcAssertive": 16.1438, "car_lcCooperative": 0.8263, "car_lcLookaheadLeft": 68.0631, "car_lcPushy": 0.7626, "car_lcSublane": 0.2671, "car_tau_mean": 1.4115, "car_tau_std": 3.5117, "car_v_mean": 10.7436, "car_v_std": 2.3017}, "datetime": {"datetime": "2024-08-05 17:52:16", "elapsed": 360.288663, "delta": 2.391074}}
{"target": -0.05943384821305508, "params": {"bus_acc": 2.2285, "bus_dcc": 2.2801, "bus_lcAssertive": 3.451, "bus_lcCooperative": 0.8148, "bus_lcLookaheadLeft": 56.2849, "bus_lcPushy": 0.6885, "bus_lcSublane": 0.3974, "bus_tau_mean": 0.5677, "bus_tau_std": 6.6558, "bus_v_mean": 19.285, "bus_v_std": 1.7183, "car_acc": 2.7224, "car_dcc": 2.6488, "car_lcAssertive": 29.1252, "car_lcCooperative": 0.2085, "car_lcLookaheadLeft": 3.4698, "car_lcPushy": 0.216, "car_lcSublane": 0.8322, "car_tau_mean": 2.4024, "car_tau_std": 2.0631, "car_v_mean": 14.8708, "car_v_std": 7.9041}, "datetime": {"datetime": "2024-08-05 17:52:18", "elapsed": 361.735412, "delta": 1.446749}}
{"target": -0.04226731581846021, "params": {"bus_acc": 1.347, "bus_dcc": 1.7884, "bus_lcAssertive": 66.9639, "bus_lcCooperative": 0.6725, "bus_lcLookaheadLeft": 82.6366, "bus_lcPushy": 0.4698, "bus_lcSublane": 0.5264, "bus_tau_mean": 1.4829, "bus_tau_std": 3.72, "bus_v_mean": 22.1164, "bus_v_std": 7.9951, "car_acc": 1.0, "car_dcc": 1.5318, "car_lcAssertive": 33.652, "car_lcCooperative": 0.1685, "car_lcLookaheadLeft": 3.5872, "car_lcPushy": 0.5242, "car_lcSublane": 0.2252, "car_tau_mean": 1.8144, "car_tau_std": 6.7274, "car_v_mean": 10.7653, "car_v_std": 2.8472}, "datetime": {"datetime": "2024-08-05 17:52:21", "elapsed": 364.421885, "delta": 2.686473}}
{"target": -0.05249880945178297, "params": {"bus_acc": 1.4155, "bus_dcc": 1.7636, "bus_lcAssertive": 67.2915, "bus_lcCooperative": 0.6643, "bus_lcLookaheadLeft": 82.6828, "bus_lcPushy": 0.4424, "bus_lcSublane": 0.5595, "bus_tau_mean": 1.3512, "bus_tau_std": 4.0504, "bus_v_mean": 21.7771, "bus_v_std": 8.3334, "car_acc": 1.0, "car_dcc": 1.6307, "car_lcAssertive": 31.8117, "car_lcCooperative": 0.1802, "car_lcLookaheadLeft": 4.1163, "car_lcPushy": 0.5159, "car_lcSublane": 0.221, "car_tau_mean": 1.7975, "car_tau_std": 6.7549, "car_v_mean": 11.3636, "car_v_std": 2.8444}, "datetime": {"datetime": "2024-08-05 17:52:22", "elapsed": 365.766478, "delta": 1.344593}}
{"target": -0.05536470512356107, "params": {"bus_acc": 1.4342, "bus_dcc": 1.8404, "bus_lcAssertive": 67.3599, "bus_lcCooperative": 0.6751, "bus_lcLookaheadLeft": 82.6296, "bus_lcPushy": 0.4715, "bus_lcSublane": 0.5484, "bus_tau_mean": 1.4368, "bus_tau_std": 3.7471, "bus_v_mean": 21.8922, "bus_v_std": 8.1139, "car_acc": 1.0, "car_dcc": 1.6361, "car_lcAssertive": 32.4891, "car_lcCooperative": 0.2087, "car_lcLookaheadLeft": 3.7716, "car_lcPushy": 0.5355, "car_lcSublane": 0.2341, "car_tau_mean": 1.8898, "car_tau_std": 6.7754, "car_v_mean": 11.0065, "car_v_std": 2.9608}, "datetime": {"datetime": "2024-08-05 17:52:24", "elapsed": 367.427255, "delta": 1.660777}}
{"target": -0.061923777957193026, "params": {"bus_acc": 1.4485, "bus_dcc": 1.7313, "bus_lcAssertive": 67.4037, "bus_lcCooperative": 0.6622, "bus_lcLookaheadLeft": 82.4663, "bus_lcPushy": 0.4271, "bus_lcSublane": 0.5626, "bus_tau_mean": 1.3199, "bus_tau_std": 4.0891, "bus_v_mean": 21.9203, "bus_v_std": 8.3382, "car_acc": 1.0388, "car_dcc": 1.5987, "car_lcAssertive": 32.0092, "car_lcCooperative": 0.2199, "car_lcLookaheadLeft": 3.9381, "car_lcPushy": 0.516, "car_lcSublane": 0.2225, "car_tau_mean": 1.804, "car_tau_std": 6.7271, "car_v_mean": 11.3164, "car_v_std": 2.8548}, "datetime": {"datetime": "2024-08-05 17:52:25", "elapsed": 369.112162, "delta": 1.684907}}
{"target": -0.05993718158734111, "params": {"bus_acc": 1.183, "bus_dcc": 3.9106, "bus_lcAssertive": 99.2996, "bus_lcCooperative": 0.6285, "bus_lcLookaheadLeft": 72.7224, "bus_lcPushy": 0.9719, "bus_lcSublane": 0.1537, "bus_tau_mean": 0.5515, "bus_tau_std": 0.7941, "bus_v_mean": 14.8596, "bus_v_std": 6.8311, "car_acc": 2.4654, "car_dcc": 3.5251, "car_lcAssertive": 74.2407, "car_lcCooperative": 0.2483, "car_lcLookaheadLeft": 21.4028, "car_lcPushy": 0.2119, "car_lcSublane": 0.9354, "car_tau_mean": 3.577, "car_tau_std": 5.1501, "car_v_mean": 11.6292, "car_v_std": 1.9394}, "datetime": {"datetime": "2024-08-05 17:52:28", "elapsed": 372.046776, "delta": 2.934614}}
{"target": -0.06022881132090338, "params": {"bus_acc": 1.8332, "bus_dcc": 1.2735, "bus_lcAssertive": 19.2757, "bus_lcCooperative": 0.8229, "bus_lcLookaheadLeft": 34.3663, "bus_lcPushy": 0.239, "bus_lcSublane": 0.6137, "bus_tau_mean": 0.5053, "bus_tau_std": 4.2078, "bus_v_mean": 13.8927, "bus_v_std": 9.7042, "car_acc": 2.2357, "car_dcc": 1.7409, "car_lcAssertive": 53.9795, "car_lcCooperative": 0.977, "car_lcLookaheadLeft": 65.84, "car_lcPushy": 0.6375, "car_lcSublane": 0.4768, "car_tau_mean": 2.0325, "car_tau_std": 7.3183, "car_v_mean": 15.513, "car_v_std": 2.5931}, "datetime": {"datetime": "2024-08-05 17:52:30", "elapsed": 373.645358, "delta": 1.598582}}
{"target": -0.05531175608631493, "params": {"bus_acc": 2.9314, "bus_dcc": 2.98, "bus_lcAssertive": 48.9641, "bus_lcCooperative": 0.3764, "bus_lcLookaheadLeft": 12.1386, "bus_lcPushy": 0.2446, "bus_lcSublane": 0.992, "bus_tau_mean": 0.6619, "bus_tau_std": 4.7073, "bus_v_mean": 16.7044, "bus_v_std": 8.5578, "car_acc": 2.5447, "car_dcc": 2.4892, "car_lcAssertive": 43.0775, "car_lcCooperative": 0.0877, "car_lcLookaheadLeft": 38.2071, "car_lcPushy": 0.7429, "car_lcSublane": 0.0335, "car_tau_mean": 1.6908, "car_tau_std": 4.7753, "car_v_mean": 14.9834, "car_v_std": 9.8962}, "datetime": {"datetime": "2024-08-05 17:52:31", "elapsed": 374.971888, "delta": 1.32653}}
{"target": -0.0569008554299151, "params": {"bus_acc": 1.0634, "bus_dcc": 1.6808, "bus_lcAssertive": 23.6171, "bus_lcCooperative": 0.4699, "bus_lcLookaheadLeft": 53.2726, "bus_lcPushy": 0.2741, "bus_lcSublane": 0.9625, "bus_tau_mean": 3.6351, "bus_tau_std": 9.6774, "bus_v_mean": 22.8992, "bus_v_std": 8.1517, "car_acc": 1.37, "car_dcc": 3.0152, "car_lcAssertive": 41.0846, "car_lcCooperative": 0.7258, "car_lcLookaheadLeft": 70.8632, "car_lcPushy": 0.2511, "car_lcSublane": 0.2321, "car_tau_mean": 1.7508, "car_tau_std": 5.9055, "car_v_mean": 10.8034, "car_v_std": 2.8195}, "datetime": {"datetime": "2024-08-05 17:52:33", "elapsed": 376.581552, "delta": 1.609664}}
