{"target": -0.30657387734952246, "params": {"bus_acc": 3.845244440418658, "bus_dcc": 3.274396848337151, "bus_lcAssertive": 88.4569615448094, "bus_lcCooperative": 0.3669482381501168, "bus_lcLookaheadLeft": 55.169404281421414, "bus_lcPushy": 0.5347699755827457, "bus_lcSigma": 0.6475825802042952, "bus_lcSpeedGainRight": 4.475919398620639, "bus_lcSublane": 0.6008274761261335, "bus_sigma": 0.9699385377160038, "bus_tau_mean": 3.0624744416783685, "bus_tau_std": 4.152914915545825, "bus_v_mean": 17.298215362625427, "bus_v_std": 18.446415648340878, "car_acc": 3.474001535707893, "car_dcc": 3.1297858102550857, "car_lcAssertive": 66.46791117735353, "car_lcCooperative": 0.33614643889956264, "car_lcLookaheadLeft": 21.926815802024425, "car_lcPushy": 0.4078129626004203, "car_lcSigma": 0.15076980613173374, "car_lcSpeedGainRight": 4.131667738605077, "car_lcSublane": 0.7104606135008141, "car_sigma": 0.4010561894105159, "car_tau_mean": 1.0998394363091228, "car_tau_std": 8.757993398860496, "car_v_mean": 18.22502249660844, "car_v_std": 19.93205639963093}, "datetime": {"datetime": "2024-08-08 17:28:53", "elapsed": 318.976548, "delta": 3.340615}}
{"target": -0.29306606322928574, "params": {"bus_acc": 3.7723773780055185, "bus_dcc": 3.0056521720686717, "bus_lcAssertive": 86.93319776116047, "bus_lcCooperative": 0.19637204002350095, "bus_lcLookaheadLeft": 71.85367769432912, "bus_lcPushy": 0.10390110825528731, "bus_lcSigma": 0.05662635679400785, "bus_lcSpeedGainRight": 3.403980171289345, "bus_lcSublane": 0.02263471413364293, "bus_sigma": 0.04429908880212374, "bus_tau_mean": 0.629335579706676, "bus_tau_std": 4.654105087333362, "bus_v_mean": 20.12591110791474, "bus_v_std": 19.84398447379875, "car_acc": 1.9064307862162493, "car_dcc": 3.377140675811582, "car_lcAssertive": 79.72934055378927, "car_lcCooperative": 0.8722427093421683, "car_lcLookaheadLeft": 32.79708704894803, "car_lcPushy": 0.13292505513721076, "car_lcSigma": 0.7967015799841431, "car_lcSpeedGainRight": 2.837316688339531, "car_lcSublane": 0.414653926800871, "car_sigma": 0.0586416771859708, "car_tau_mean": 0.5229490638507701, "car_tau_std": 3.1602346330458397, "car_v_mean": 12.343340565326102, "car_v_std": 9.514472546207388}, "datetime": {"datetime": "2024-08-08 17:28:55", "elapsed": 320.278969, "delta": 1.302421}}
{"target": -0.2874399872179859, "params": {"bus_acc": 2.5755125510806023, "bus_dcc": 1.1842364621744932, "bus_lcAssertive": 36.9796584095935, "bus_lcCooperative": 0.3530436858449395, "bus_lcLookaheadLeft": 86.83119978062787, "bus_lcPushy": 0.8887000495302622, "bus_lcSigma": 0.9630520868624081, "bus_lcSpeedGainRight": 1.6409962380731713, "bus_lcSublane": 0.6933201557909643, "bus_sigma": 0.6330662678957141, "bus_tau_mean": 1.3485531095648187, "bus_tau_std": 8.699876263426784, "bus_v_mean": 11.425630652314078, "bus_v_std": 14.954280053015603, "car_acc": 1.5786557420569158, "car_dcc": 1.3204589687188348, "car_lcAssertive": 72.31189880223089, "car_lcCooperative": 0.5263181160447106, "car_lcLookaheadLeft": 45.405751470953, "car_lcPushy": 0.7781805677545706, "car_lcSigma": 0.3587433527982574, "car_lcSpeedGainRight": 4.266747992569533, "car_lcSublane": 0.9621724971568286, "car_sigma": 0.97912549357449, "car_tau_mean": 1.4716980079809006, "car_tau_std": 4.15007036384795, "car_v_mean": 19.600158149077682, "car_v_std": 17.89731868025909}, "datetime": {"datetime": "2024-08-08 17:28:58", "elapsed": 323.231811, "delta": 2.952842}}
{"target": -0.29751083319439564, "params": {"bus_acc": 2.5275028716183, "bus_dcc": 1.8537376507850223, "bus_lcAssertive": 78.58348891158172, "bus_lcCooperative": 0.278903576265385, "bus_lcLookaheadLeft": 29.52011011834369, "bus_lcPushy": 0.9350013512734265, "bus_lcSigma": 0.16421489597917227, "bus_lcSpeedGainRight": 0.18955032880336065, "bus_lcSublane": 0.9560425517714191, "bus_sigma": 0.30613484493281484, "bus_tau_mean": 1.9492657075732454, "bus_tau_std": 7.967922364005232, "bus_v_mean": 13.698952390417391, "bus_v_std": 2.0971582495120322, "car_acc": 4.155603074113699, "car_dcc": 1.3888468077904723, "car_lcAssertive": 20.605953210063895, "car_lcCooperative": 0.1397072537443711, "car_lcLookaheadLeft": 23.722652530674157, "car_lcPushy": 0.2353469395157457, "car_lcSigma": 0.72640396397953, "car_lcSpeedGainRight": 0.47622004777298055, "car_lcSublane": 0.6682438116944487, "car_sigma": 0.9109321907310892, "car_tau_mean": 2.704992827899743, "car_tau_std": 3.368844831404286, "car_v_mean": 21.431204078103207, "car_v_std": 17.97127259182283}, "datetime": {"datetime": "2024-08-08 17:29:00", "elapsed": 325.600773, "delta": 2.368962}}
{"target": -0.30019623849515004, "params": {"bus_acc": 3.2357378833596746, "bus_dcc": 1.8747614717029382, "bus_lcAssertive": 18.008247591670735, "bus_lcCooperative": 0.6197406557487335, "bus_lcLookaheadLeft": 98.87077498889333, "bus_lcPushy": 0.5162206645247791, "bus_lcSigma": 0.671008350024413, "bus_lcSpeedGainRight": 2.5976628983828625, "bus_lcSublane": 0.20003086089120825, "bus_sigma": 0.5786958675286965, "bus_tau_mean": 3.8525784599148105, "bus_tau_std": 6.924241539152177, "bus_v_mean": 8.437391025103995, "bus_v_std": 7.26237614654335, "car_acc": 3.5355414104600618, "car_dcc": 2.7012193237853523, "car_lcAssertive": 13.01203739015265, "car_lcCooperative": 0.9364732832196151, "car_lcLookaheadLeft": 40.59623505778196, "car_lcPushy": 0.7292627220134197, "car_lcSigma": 0.7856872553743665, "car_lcSpeedGainRight": 1.0649636093054438, "car_lcSublane": 0.6626243426225693, "car_sigma": 0.5233670996589541, "car_tau_mean": 1.124040305672732, "car_tau_std": 7.1844085816412315, "car_v_mean": 16.649224167477577, "car_v_std": 4.281875797888608}, "datetime": {"datetime": "2024-08-08 17:29:02", "elapsed": 327.757966, "delta": 2.157193}}
{"target": -0.3213614604692906, "params": {"bus_acc": 3.087124836936234, "bus_dcc": 3.3654374001205456, "bus_lcAssertive": 94.31724512520901, "bus_lcCooperative": 0.49728979211666346, "bus_lcLookaheadLeft": 60.18787811883346, "bus_lcPushy": 0.2908599378104706, "bus_lcSigma": 0.1491595089201888, "bus_lcSpeedGainRight": 0.6593584536422054, "bus_lcSublane": 0.7323607758695577, "bus_sigma": 0.7344694353499344, "bus_tau_mean": 1.1277250582282232, "bus_tau_std": 4.135603797757918, "bus_v_mean": 17.50630924626463, "bus_v_std": 2.505638923722975, "car_acc": 4.141475799475463, "car_dcc": 2.859976609960717, "car_lcAssertive": 61.906947459337, "car_lcCooperative": 0.7012080919186323, "car_lcLookaheadLeft": 98.74394204250468, "car_lcPushy": 0.5623944559571782, "car_lcSigma": 0.864416261698348, "car_lcSpeedGainRight": 2.0935433752858295, "car_lcSublane": 0.6544693512274343, "car_sigma": 0.9252611878587662, "car_tau_mean": 2.8245278547542636, "car_tau_std": 3.030806759430662, "car_v_mean": 17.91913110178608, "car_v_std": 7.0263664071638505}, "datetime": {"datetime": "2024-08-08 17:29:04", "elapsed": 329.437911, "delta": 1.679945}}
{"target": -0.3071243654373813, "params": {"bus_acc": 2.776108654160433, "bus_dcc": 3.965920581691544, "bus_lcAssertive": 29.338577661557586, "bus_lcCooperative": 0.10849342042529664, "bus_lcLookaheadLeft": 55.5963091309865, "bus_lcPushy": 0.6811714997981392, "bus_lcSigma": 0.13472026748323274, "bus_lcSpeedGainRight": 2.6962202182153523, "bus_lcSublane": 0.7443910733655555, "bus_sigma": 0.11184343472864366, "bus_tau_mean": 3.249849420958313, "bus_tau_std": 5.441586104208547, "bus_v_mean": 8.168392569475746, "bus_v_std": 11.781957890755596, "car_acc": 4.21868091737112, "car_dcc": 3.9728291988170255, "car_lcAssertive": 99.13965228550146, "car_lcCooperative": 0.4139504016148311, "car_lcLookaheadLeft": 5.658830469641408, "car_lcPushy": 0.9704121316763321, "car_lcSigma": 0.22053968371830335, "car_lcSpeedGainRight": 4.775057865463096, "car_lcSublane": 0.9653728042585705, "car_sigma": 0.3283366990203781, "car_tau_mean": 3.169649402642055, "car_tau_std": 6.319218089916417, "car_v_mean": 21.5428920272738, "car_v_std": 19.087979068078386}, "datetime": {"datetime": "2024-08-08 17:29:06", "elapsed": 331.432825, "delta": 1.994914}}
{"target": -0.3002009021927372, "params": {"bus_acc": 4.730381852148654, "bus_dcc": 3.0904544844697006, "bus_lcAssertive": 7.534017099484187, "bus_lcCooperative": 0.7554630526024664, "bus_lcLookaheadLeft": 75.87986646920214, "bus_lcPushy": 0.9230245355464833, "bus_lcSigma": 0.7115247586284718, "bus_lcSpeedGainRight": 0.6213548098608235, "bus_lcSublane": 0.01988013383979559, "bus_sigma": 0.026210986877719278, "bus_tau_mean": 0.5990727080727811, "bus_tau_std": 2.462110676030459, "bus_v_mean": 21.760447178926206, "bus_v_std": 10.776621286833057, "car_acc": 3.2112879147430635, "car_dcc": 3.5260926770788172, "car_lcAssertive": 13.293158196871204, "car_lcCooperative": 0.2791836790111395, "car_lcLookaheadLeft": 59.40440860291221, "car_lcPushy": 0.9695957483196745, "car_lcSigma": 0.56103021925571, "car_lcSpeedGainRight": 0.0932364468647151, "car_lcSublane": 0.8006326726806163, "car_sigma": 0.23297427384102043, "car_tau_mean": 3.324868184665727, "car_tau_std": 3.8786064406417173, "car_v_mean": 21.81666967295086, "car_v_std": 14.942432854743693}, "datetime": {"datetime": "2024-08-08 17:29:07", "elapsed": 332.957153, "delta": 1.524328}}
{"target": -0.30626082114369096, "params": {"bus_acc": 3.4146218072406076, "bus_dcc": 2.993124832054298, "bus_lcAssertive": 27.973677823909583, "bus_lcCooperative": 0.8309332483397108, "bus_lcLookaheadLeft": 25.95769669458446, "bus_lcPushy": 0.673362439399853, "bus_lcSigma": 0.0881300683121029, "bus_lcSpeedGainRight": 0.09426023127697303, "bus_lcSublane": 0.47234621267571597, "bus_sigma": 0.9389951304571027, "bus_tau_mean": 1.6395118680394112, "bus_tau_std": 3.221530187011287, "bus_v_mean": 8.832491580647472, "bus_v_std": 13.505712129921996, "car_acc": 3.886962644772187, "car_dcc": 3.711153251400167, "car_lcAssertive": 44.277712510514476, "car_lcCooperative": 0.10951666213733291, "car_lcLookaheadLeft": 5.685491683490445, "car_lcPushy": 0.8807689064851337, "car_lcSigma": 0.6522556436427864, "car_lcSpeedGainRight": 4.577483834718069, "car_lcSublane": 0.8805969019319019, "car_sigma": 0.47024059952869834, "car_tau_mean": 2.846191399657393, "car_tau_std": 7.450658910097592, "car_v_mean": 14.755394453238331, "car_v_std": 3.0783593130367093}, "datetime": {"datetime": "2024-08-08 17:29:10", "elapsed": 335.244707, "delta": 2.287554}}
{"target": -0.3085808514211135, "params": {"bus_acc": 2.6911192237064716, "bus_dcc": 1.3247806947858618, "bus_lcAssertive": 17.536379664690966, "bus_lcCooperative": 0.6801945327171766, "bus_lcLookaheadLeft": 43.86894595810732, "bus_lcPushy": 0.09680828996318125, "bus_lcSigma": 0.3920096599297035, "bus_lcSpeedGainRight": 0.22377908465259777, "bus_lcSublane": 0.271026122662257, "bus_sigma": 0.5030796984475948, "bus_tau_mean": 2.101177501937947, "bus_tau_std": 7.686346042762389, "bus_v_mean": 10.563685307068143, "bus_v_std": 10.200884728259904, "car_acc": 1.5661081242261896, "car_dcc": 1.5681087715979665, "car_lcAssertive": 41.579961767198014, "car_lcCooperative": 0.14586258326241397, "car_lcLookaheadLeft": 57.10809753460236, "car_lcPushy": 0.45523181967504345, "car_lcSigma": 0.9420966577475507, "car_lcSpeedGainRight": 3.3499745241520418, "car_lcSublane": 0.10314223618592588, "car_sigma": 0.6071068554145397, "car_tau_mean": 1.971152373532294, "car_tau_std": 5.006319731114315, "car_v_mean": 18.492888663234286, "car_v_std": 3.7143619795018523}, "datetime": {"datetime": "2024-08-08 17:29:11", "elapsed": 336.293822, "delta": 1.049115}}
{"target": -0.32371706323278915, "params": {"bus_acc": 2.4338537885101825, "bus_dcc": 3.9981261095217477, "bus_lcAssertive": 45.582060725892354, "bus_lcCooperative": 0.34582370901831394, "bus_lcLookaheadLeft": 20.593110084217923, "bus_lcPushy": 0.9235276756424271, "bus_lcSigma": 0.10429409960952774, "bus_lcSpeedGainRight": 2.201718733115305, "bus_lcSublane": 0.6862005464196375, "bus_sigma": 0.14240555129161414, "bus_tau_mean": 3.760236610657989, "bus_tau_std": 0.5887489559126224, "bus_v_mean": 11.489593886850065, "bus_v_std": 1.5439057431978753, "car_acc": 2.646047535830335, "car_dcc": 2.7917756986613598, "car_lcAssertive": 73.38303596569217, "car_lcCooperative": 0.8784332722863271, "car_lcLookaheadLeft": 36.618344747995486, "car_lcPushy": 0.702462737364214, "car_lcSigma": 0.04861637470141, "car_lcSpeedGainRight": 4.096309222129109, "car_lcSublane": 0.31827564095998495, "car_sigma": 0.22164234560728557, "car_tau_mean": 1.763627509624439, "car_tau_std": 1.1406992718840736, "car_v_mean": 12.699281525507077, "car_v_std": 0.17578099552732374}, "datetime": {"datetime": "2024-08-08 17:29:12", "elapsed": 337.363512, "delta": 1.06969}}
{"target": -0.2859204882372074, "params": {"bus_acc": 1.2237718611031303, "bus_dcc": 2.05501166761017, "bus_lcAssertive": 4.725067581583739, "bus_lcCooperative": 0.583033921230445, "bus_lcLookaheadLeft": 67.91056741138893, "bus_lcPushy": 0.46048358998473815, "bus_lcSigma": 0.7411168537245286, "bus_lcSpeedGainRight": 2.5051248220704094, "bus_lcSublane": 0.702352620836162, "bus_sigma": 0.2306409059229675, "bus_tau_mean": 3.1061434331151325, "bus_tau_std": 5.016372020053996, "bus_v_mean": 19.285901278544443, "bus_v_std": 8.933955806327784, "car_acc": 3.0237624383015254, "car_dcc": 1.1246055489357203, "car_lcAssertive": 49.441619769822196, "car_lcCooperative": 0.14228750219732444, "car_lcLookaheadLeft": 15.964593004485474, "car_lcPushy": 0.43335040255954493, "car_lcSigma": 0.5762147898259073, "car_lcSpeedGainRight": 1.71524347595776, "car_lcSublane": 0.16049159026420812, "car_sigma": 0.7414104169799515, "car_tau_mean": 3.8708205047402764, "car_tau_std": 7.336422859505056, "car_v_mean": 9.233027703958824, "car_v_std": 16.818163162504703}, "datetime": {"datetime": "2024-08-08 17:29:13", "elapsed": 338.969577, "delta": 1.606065}}
{"target": -0.2826614752874456, "params": {"bus_acc": 3.007172472252678, "bus_dcc": 2.3571287433335546, "bus_lcAssertive": 73.49480274087058, "bus_lcCooperative": 0.9245101499841026, "bus_lcLookaheadLeft": 48.968598697791776, "bus_lcPushy": 0.08823015100009579, "bus_lcSigma": 0.5696535566840739, "bus_lcSpeedGainRight": 1.2247542755741718, "bus_lcSublane": 0.039577911475369154, "bus_sigma": 0.7881402066436831, "bus_tau_mean": 1.4546888283267583, "bus_tau_std": 7.770704929423839, "bus_v_mean": 15.811343089411277, "bus_v_std": 6.358717821502307, "car_acc": 2.256101800203587, "car_dcc": 1.1260742802583432, "car_lcAssertive": 53.905583853550525, "car_lcCooperative": 0.8235515559967603, "car_lcLookaheadLeft": 10.22174454493904, "car_lcPushy": 0.10855870560871761, "car_lcSigma": 0.5292559268677169, "car_lcSpeedGainRight": 3.300709048117984, "car_lcSublane": 0.6947459923366617, "car_sigma": 0.313221695146886, "car_tau_mean": 0.6322222153215127, "car_tau_std": 4.145628796923949, "car_v_mean": 11.616706734004707, "car_v_std": 0.022296605048133245}, "datetime": {"datetime": "2024-08-08 17:29:15", "elapsed": 340.750517, "delta": 1.78094}}
{"target": -0.3202524251268845, "params": {"bus_acc": 2.9223675895024694, "bus_dcc": 3.7124696231030825, "bus_lcAssertive": 85.10052118674109, "bus_lcCooperative": 0.22099543455164128, "bus_lcLookaheadLeft": 74.15117132360916, "bus_lcPushy": 0.584873636653729, "bus_lcSigma": 0.5255361143234935, "bus_lcSpeedGainRight": 3.3072225642514255, "bus_lcSublane": 0.6320676125180189, "bus_sigma": 0.07141739781238354, "bus_tau_mean": 1.9589478249491712, "bus_tau_std": 1.9929722081483325, "bus_v_mean": 19.209335052747708, "bus_v_std": 5.466206643389516, "car_acc": 2.7456777376301105, "car_dcc": 3.4648769416338263, "car_lcAssertive": 78.52323575275003, "car_lcCooperative": 0.8541601498282541, "car_lcLookaheadLeft": 48.94727682745953, "car_lcPushy": 0.9264947399997299, "car_lcSigma": 0.03155468805746553, "car_lcSpeedGainRight": 4.691416231720273, "car_lcSublane": 0.3486287925818631, "car_sigma": 0.812823076692537, "car_tau_mean": 3.8191238392262346, "car_tau_std": 8.918140716820837, "car_v_mean": 19.168305877975527, "car_v_std": 13.403662789205784}, "datetime": {"datetime": "2024-08-08 17:29:16", "elapsed": 341.966172, "delta": 1.215655}}
{"target": -0.33078653380608114, "params": {"bus_acc": 2.937880243794027, "bus_dcc": 3.6623652342181825, "bus_lcAssertive": 14.606911412798858, "bus_lcCooperative": 0.9643727973861176, "bus_lcLookaheadLeft": 6.177708816064829, "bus_lcPushy": 0.09944025725488481, "bus_lcSigma": 0.2232384309404435, "bus_lcSpeedGainRight": 4.03292541130257, "bus_lcSublane": 0.4558728073695024, "bus_sigma": 0.6532511422613194, "bus_tau_mean": 1.1101239813194304, "bus_tau_std": 1.6672193292652826, "bus_v_mean": 16.333573448860626, "bus_v_std": 14.805872705604433, "car_acc": 2.8498978608601138, "car_dcc": 3.6088422553633386, "car_lcAssertive": 66.38078153239339, "car_lcCooperative": 0.2490900884519328, "car_lcLookaheadLeft": 25.02041763860628, "car_lcPushy": 0.3740467168670696, "car_lcSigma": 0.7566160562962172, "car_lcSpeedGainRight": 4.689688321548911, "car_lcSublane": 0.8619059993188329, "car_sigma": 0.26161079268292176, "car_tau_mean": 1.9429762479249943, "car_tau_std": 6.115440994503215, "car_v_mean": 16.749351293052932, "car_v_std": 7.785498908179314}, "datetime": {"datetime": "2024-08-08 17:29:18", "elapsed": 343.209708, "delta": 1.243536}}
{"target": -0.3027984889076025, "params": {"bus_acc": 1.4727705173881538, "bus_dcc": 3.5109933466405367, "bus_lcAssertive": 74.66945621558399, "bus_lcCooperative": 0.5905205476471171, "bus_lcLookaheadLeft": 25.803374346557327, "bus_lcPushy": 0.6232471451875841, "bus_lcSigma": 0.638355320741173, "bus_lcSpeedGainRight": 1.6378472205616257, "bus_lcSublane": 0.06748934306754228, "bus_sigma": 0.8805385975643267, "bus_tau_mean": 2.1098485587599045, "bus_tau_std": 7.638727180664299, "bus_v_mean": 12.062217935083835, "bus_v_std": 11.827743645350337, "car_acc": 2.715180641395191, "car_dcc": 2.1463019276474187, "car_lcAssertive": 13.544625000845354, "car_lcCooperative": 0.24426666320897583, "car_lcLookaheadLeft": 9.775475129915257, "car_lcPushy": 0.3028583047175786, "car_lcSigma": 0.7417048002315554, "car_lcSpeedGainRight": 3.0750786248552444, "car_lcSublane": 0.6724110989339258, "car_sigma": 0.00838307952503159, "car_tau_mean": 2.8743194028796197, "car_tau_std": 5.031806905428871, "car_v_mean": 11.694535207746867, "car_v_std": 3.4979301796384443}, "datetime": {"datetime": "2024-08-08 17:29:19", "elapsed": 344.466475, "delta": 1.256767}}
{"target": -0.3281429113392345, "params": {"bus_acc": 2.762684099338029, "bus_dcc": 1.0127538951563135, "bus_lcAssertive": 70.53145433529303, "bus_lcCooperative": 0.792892482436361, "bus_lcLookaheadLeft": 35.17195620570534, "bus_lcPushy": 0.4773360161128124, "bus_lcSigma": 0.04871675070882919, "bus_lcSpeedGainRight": 1.1328533950910635, "bus_lcSublane": 0.6962569275688464, "bus_sigma": 0.14113732548297542, "bus_tau_mean": 1.3070684146783993, "bus_tau_std": 6.947876567526881, "bus_v_mean": 9.09384798603013, "bus_v_std": 14.586649256434692, "car_acc": 3.5098317435053543, "car_dcc": 2.956198218357865, "car_lcAssertive": 32.82522271088874, "car_lcCooperative": 0.5384429930920315, "car_lcLookaheadLeft": 9.720696090613401, "car_lcPushy": 0.2845162056894225, "car_lcSigma": 0.20286601943668303, "car_lcSpeedGainRight": 2.5567403496306795, "car_lcSublane": 0.652209250046824, "car_sigma": 0.6150867700409683, "car_tau_mean": 0.9677297190950152, "car_tau_std": 1.8015534601789451, "car_v_mean": 15.956107433908741, "car_v_std": 0.40097932418241333}, "datetime": {"datetime": "2024-08-08 17:29:20", "elapsed": 345.882378, "delta": 1.415903}}
{"target": -0.30514151299681364, "params": {"bus_acc": 2.6743121030563946, "bus_dcc": 3.050394700498903, "bus_lcAssertive": 40.40107330138432, "bus_lcCooperative": 0.5057420174508104, "bus_lcLookaheadLeft": 20.576066877724877, "bus_lcPushy": 0.9649889241109139, "bus_lcSigma": 0.2942156882442547, "bus_lcSpeedGainRight": 0.5172977805820067, "bus_lcSublane": 0.1443154002290481, "bus_sigma": 0.014092294192442956, "bus_tau_mean": 3.005809948118381, "bus_tau_std": 5.644983202408741, "bus_v_mean": 20.713253618956035, "bus_v_std": 10.141598465682728, "car_acc": 4.167284158016615, "car_dcc": 3.0872926428155183, "car_lcAssertive": 78.00699920905836, "car_lcCooperative": 0.4064828689770863, "car_lcLookaheadLeft": 65.48152205237315, "car_lcPushy": 0.1797942976929744, "car_lcSigma": 0.321819963387904, "car_lcSpeedGainRight": 0.8630231005989625, "car_lcSublane": 0.4086372250132624, "car_sigma": 0.2414187479655988, "car_tau_mean": 1.9242269794527527, "car_tau_std": 9.75222342437312, "car_v_mean": 13.1251092131525, "car_v_std": 19.649818899497905}, "datetime": {"datetime": "2024-08-08 17:29:21", "elapsed": 346.989616, "delta": 1.107238}}
{"target": -0.28491789878421403, "params": {"bus_acc": 3.7487140939456105, "bus_dcc": 3.541922247325729, "bus_lcAssertive": 48.885174714705656, "bus_lcCooperative": 0.10135173334614866, "bus_lcLookaheadLeft": 12.089887916219372, "bus_lcPushy": 0.11562770532822819, "bus_lcSigma": 0.4949111458607981, "bus_lcSpeedGainRight": 3.110124914954982, "bus_lcSublane": 0.03326181742095513, "bus_sigma": 0.0625834756203224, "bus_tau_mean": 3.9529221181276206, "bus_tau_std": 2.911037491258799, "bus_v_mean": 15.62770623975253, "bus_v_std": 12.612686392420098, "car_acc": 3.8595960792709207, "car_dcc": 1.3283388927224875, "car_lcAssertive": 11.855802702080242, "car_lcCooperative": 0.912062540307169, "car_lcLookaheadLeft": 33.760964413462084, "car_lcPushy": 0.7238607870503495, "car_lcSigma": 0.7096210725823635, "car_lcSpeedGainRight": 2.344044158148429, "car_lcSublane": 0.09131085349838863, "car_sigma": 0.8898322658922575, "car_tau_mean": 3.4208157327427164, "car_tau_std": 4.316728789409242, "car_v_mean": 15.29437077237576, "car_v_std": 10.91803505626341}, "datetime": {"datetime": "2024-08-08 17:29:23", "elapsed": 348.517295, "delta": 1.527679}}
