{"target": -0.2885901625464487, "params": {"bus_acc": 2.8595, "bus_dcc": 2.041, "bus_lcAssertive": 12.2842, "bus_lcCooperative": 0.5126, "bus_lcLookaheadLeft": 55.8943, "bus_lcPushy": 0.6595, "bus_lcSigma": 0.5383, "bus_lcSpeedGainRight": 3.1576, "bus_lcSublane": 0.217, "bus_sigma": 0.4054, "bus_tau_mean": 0.6877, "bus_tau_std": 4.6318, "bus_v_mean": 17.2751, "bus_v_std": 5.687, "car_acc": 3.8293, "car_dcc": 1.7744, "car_lcAssertive": 95.3328, "car_lcCooperative": 0.6235, "car_lcLookaheadLeft": 55.1309, "car_lcPushy": 0.915, "car_lcSigma": 0.8527, "car_lcSpeedGainRight": 0.3669, "car_lcSublane": 0.3606, "car_sigma": 0.3765, "car_tau_mean": 1.2799, "car_tau_std": 4.0001, "car_v_mean": 15.7752, "car_v_std": 6.3789}, "datetime": {"datetime": "2024-08-08 17:43:45", "elapsed": 1210.537789, "delta": 4.838432}}
{"target": -0.3160399815355055, "params": {"bus_acc": 1.795, "bus_dcc": 2.6595, "bus_lcAssertive": 14.9935, "bus_lcCooperative": 1.0, "bus_lcLookaheadLeft": 78.0738, "bus_lcPushy": 1.0, "bus_lcSigma": 1.0, "bus_lcSpeedGainRight": 4.3802, "bus_lcSublane": 1.0, "bus_sigma": 1.0, "bus_tau_mean": 3.1304, "bus_tau_std": 9.8812, "bus_v_mean": 11.1356, "bus_v_std": 6.216, "car_acc": 3.8034, "car_dcc": 2.9866, "car_lcAssertive": 35.1167, "car_lcCooperative": 1.0, "car_lcLookaheadLeft": 38.5826, "car_lcPushy": 1.0, "car_lcSigma": 1.0, "car_lcSpeedGainRight": 1.6267, "car_lcSublane": 1.0, "car_sigma": 1.0, "car_tau_mean": 1.5371, "car_tau_std": 3.4879, "car_v_mean": 23.9062, "car_v_std": 12.0762}, "datetime": {"datetime": "2024-08-08 17:43:48", "elapsed": 1213.239931, "delta": 2.702142}}
{"target": -0.3072494081871511, "params": {"bus_acc": 1.8059, "bus_dcc": 2.6704, "bus_lcAssertive": 15.6701, "bus_lcCooperative": 0.8517, "bus_lcLookaheadLeft": 76.9506, "bus_lcPushy": 0.0726, "bus_lcSigma": 1.0, "bus_lcSpeedGainRight": 4.3911, "bus_lcSublane": 0.1061, "bus_sigma": 1.0, "bus_tau_mean": 1.5646, "bus_tau_std": 9.4329, "bus_v_mean": 10.6873, "bus_v_std": 5.0928, "car_acc": 2.6894, "car_dcc": 2.9975, "car_lcAssertive": 35.7933, "car_lcCooperative": 0.2152, "car_lcLookaheadLeft": 39.2592, "car_lcPushy": 1.0, "car_lcSigma": 1.0, "car_lcSpeedGainRight": 1.6376, "car_lcSublane": 1.0, "car_sigma": 1.0, "car_tau_mean": 1.548, "car_tau_std": 3.4987, "car_v_mean": 24.0, "car_v_std": 12.7511}, "datetime": {"datetime": "2024-08-08 17:43:52", "elapsed": 1217.484786, "delta": 4.244855}}
{"target": -0.27123085544242814, "params": {"bus_acc": 1.862, "bus_dcc": 2.2821, "bus_lcAssertive": 12.8105, "bus_lcCooperative": 0.4067, "bus_lcLookaheadLeft": 82.2549, "bus_lcPushy": 0.5581, "bus_lcSigma": 0.5686, "bus_lcSpeedGainRight": 2.0942, "bus_lcSublane": 1.0, "bus_sigma": 0.3522, "bus_tau_mean": 1.454, "bus_tau_std": 0.0, "bus_v_mean": 10.1295, "bus_v_std": 10.9053, "car_acc": 1.0427, "car_dcc": 1.0, "car_lcAssertive": 79.6606, "car_lcCooperative": 0.1873, "car_lcLookaheadLeft": 81.4027, "car_lcPushy": 0.5413, "car_lcSigma": 0.6535, "car_lcSpeedGainRight": 1.4708, "car_lcSublane": 0.3416, "car_sigma": 0.4597, "car_tau_mean": 0.5, "car_tau_std": 10.0, "car_v_mean": 17.7527, "car_v_std": 5.3109}, "datetime": {"datetime": "2024-08-08 17:43:57", "elapsed": 1222.541336, "delta": 5.05655}}
{"target": -0.2919151658777935, "params": {"bus_acc": 3.7412, "bus_dcc": 2.2886, "bus_lcAssertive": 86.2998, "bus_lcCooperative": 0.4185, "bus_lcLookaheadLeft": 64.8232, "bus_lcPushy": 0.5515, "bus_lcSigma": 0.8132, "bus_lcSpeedGainRight": 3.0623, "bus_lcSublane": 0.1587, "bus_sigma": 0.5068, "bus_tau_mean": 0.8766, "bus_tau_std": 2.6289, "bus_v_mean": 9.6368, "bus_v_std": 7.6758, "car_acc": 3.0463, "car_dcc": 2.7611, "car_lcAssertive": 25.9066, "car_lcCooperative": 0.0881, "car_lcLookaheadLeft": 66.8375, "car_lcPushy": 0.7866, "car_lcSigma": 0.6615, "car_lcSpeedGainRight": 0.1872, "car_lcSublane": 0.3141, "car_sigma": 0.3482, "car_tau_mean": 3.684, "car_tau_std": 1.5213, "car_v_mean": 17.2927, "car_v_std": 4.1723}, "datetime": {"datetime": "2024-08-08 17:44:10", "elapsed": 1235.183581, "delta": 12.642245}}
{"target": -0.3174140815547721, "params": {"bus_acc": 2.4544, "bus_dcc": 1.4037, "bus_lcAssertive": 24.7157, "bus_lcCooperative": 0.6736, "bus_lcLookaheadLeft": 88.2759, "bus_lcPushy": 0.8307, "bus_lcSigma": 0.3087, "bus_lcSpeedGainRight": 0.5562, "bus_lcSublane": 0.7616, "bus_sigma": 0.4854, "bus_tau_mean": 1.8527, "bus_tau_std": 0.2206, "bus_v_mean": 9.978, "bus_v_std": 3.1133, "car_acc": 2.0388, "car_dcc": 2.7373, "car_lcAssertive": 81.8, "car_lcCooperative": 0.8123, "car_lcLookaheadLeft": 91.3795, "car_lcPushy": 0.6442, "car_lcSigma": 0.7087, "car_lcSpeedGainRight": 2.843, "car_lcSublane": 0.2504, "car_sigma": 0.281, "car_tau_mean": 1.7622, "car_tau_std": 10.0, "car_v_mean": 19.4721, "car_v_std": 5.7615}, "datetime": {"datetime": "2024-08-08 17:44:14", "elapsed": 1239.563933, "delta": 4.380352}}
{"target": -0.2993694431550536, "params": {"bus_acc": 2.4459, "bus_dcc": 1.0326, "bus_lcAssertive": 26.0766, "bus_lcCooperative": 0.0852, "bus_lcLookaheadLeft": 91.2493, "bus_lcPushy": 0.5593, "bus_lcSigma": 0.5288, "bus_lcSpeedGainRight": 0.4901, "bus_lcSublane": 0.7267, "bus_sigma": 0.9537, "bus_tau_mean": 2.4314, "bus_tau_std": 2.381, "bus_v_mean": 9.8297, "bus_v_std": 4.0686, "car_acc": 3.8504, "car_dcc": 3.46, "car_lcAssertive": 83.9141, "car_lcCooperative": 0.1556, "car_lcLookaheadLeft": 93.9475, "car_lcPushy": 0.7418, "car_lcSigma": 0.4812, "car_lcSpeedGainRight": 3.7494, "car_lcSublane": 0.9529, "car_sigma": 0.781, "car_tau_mean": 2.249, "car_tau_std": 8.06, "car_v_mean": 20.039, "car_v_std": 3.0757}, "datetime": {"datetime": "2024-08-08 17:44:17", "elapsed": 1242.68611, "delta": 3.122177}}
{"target": -0.2740274064206216, "params": {"bus_acc": 2.1032, "bus_dcc": 2.5048, "bus_lcAssertive": 51.8697, "bus_lcCooperative": 0.4301, "bus_lcLookaheadLeft": 94.4557, "bus_lcPushy": 0.9341, "bus_lcSigma": 0.5945, "bus_lcSpeedGainRight": 3.6271, "bus_lcSublane": 0.3156, "bus_sigma": 0.7796, "bus_tau_mean": 3.9468, "bus_tau_std": 2.9044, "bus_v_mean": 10.1642, "bus_v_std": 6.4488, "car_acc": 2.0381, "car_dcc": 1.0092, "car_lcAssertive": 90.1638, "car_lcCooperative": 0.0861, "car_lcLookaheadLeft": 79.5929, "car_lcPushy": 0.9324, "car_lcSigma": 0.2154, "car_lcSpeedGainRight": 3.1863, "car_lcSublane": 0.1618, "car_sigma": 0.9102, "car_tau_mean": 1.3119, "car_tau_std": 5.6497, "car_v_mean": 16.823, "car_v_std": 12.8834}, "datetime": {"datetime": "2024-08-08 17:44:19", "elapsed": 1244.870326, "delta": 2.184216}}
{"target": -0.30162787297130295, "params": {"bus_acc": 4.8978, "bus_dcc": 1.5848, "bus_lcAssertive": 30.3889, "bus_lcCooperative": 0.4332, "bus_lcLookaheadLeft": 29.2944, "bus_lcPushy": 0.4576, "bus_lcSigma": 0.4146, "bus_lcSpeedGainRight": 0.9336, "bus_lcSublane": 0.8994, "bus_sigma": 0.0708, "bus_tau_mean": 0.9793, "bus_tau_std": 8.7436, "bus_v_mean": 11.7278, "bus_v_std": 6.3042, "car_acc": 4.0846, "car_dcc": 2.6409, "car_lcAssertive": 49.0865, "car_lcCooperative": 0.1989, "car_lcLookaheadLeft": 15.7644, "car_lcPushy": 0.2015, "car_lcSigma": 0.4237, "car_lcSpeedGainRight": 4.4382, "car_lcSublane": 0.9735, "car_sigma": 0.9407, "car_tau_mean": 2.764, "car_tau_std": 9.9661, "car_v_mean": 21.5874, "car_v_std": 7.1084}, "datetime": {"datetime": "2024-08-08 17:44:26", "elapsed": 1251.583928, "delta": 6.713602}}
{"target": -0.314619464437728, "params": {"bus_acc": 3.9956, "bus_dcc": 1.8395, "bus_lcAssertive": 31.686, "bus_lcCooperative": 0.56, "bus_lcLookaheadLeft": 10.5644, "bus_lcPushy": 0.6469, "bus_lcSigma": 0.2823, "bus_lcSpeedGainRight": 2.4014, "bus_lcSublane": 0.5958, "bus_sigma": 0.3522, "bus_tau_mean": 1.7711, "bus_tau_std": 5.4941, "bus_v_mean": 19.8235, "bus_v_std": 6.8786, "car_acc": 4.6116, "car_dcc": 3.627, "car_lcAssertive": 46.1281, "car_lcCooperative": 0.7982, "car_lcLookaheadLeft": 88.4915, "car_lcPushy": 0.9312, "car_lcSigma": 0.5286, "car_lcSpeedGainRight": 2.9636, "car_lcSublane": 0.0066, "car_sigma": 0.2891, "car_tau_mean": 3.5419, "car_tau_std": 5.3517, "car_v_mean": 15.5474, "car_v_std": 4.68}, "datetime": {"datetime": "2024-08-08 17:44:27", "elapsed": 1252.142596, "delta": 0.558668}}
{"target": -0.2944526297134043, "params": {"bus_acc": 1.1976, "bus_dcc": 1.2641, "bus_lcAssertive": 8.9447, "bus_lcCooperative": 0.8306, "bus_lcLookaheadLeft": 19.5491, "bus_lcPushy": 0.4215, "bus_lcSigma": 0.3669, "bus_lcSpeedGainRight": 2.3817, "bus_lcSublane": 0.1393, "bus_sigma": 0.8743, "bus_tau_mean": 0.5615, "bus_tau_std": 1.5774, "bus_v_mean": 14.536, "bus_v_std": 5.5606, "car_acc": 3.7946, "car_dcc": 2.2706, "car_lcAssertive": 34.5064, "car_lcCooperative": 0.5005, "car_lcLookaheadLeft": 88.7884, "car_lcPushy": 0.6168, "car_lcSigma": 0.0695, "car_lcSpeedGainRight": 4.068, "car_lcSublane": 0.7335, "car_sigma": 0.6845, "car_tau_mean": 2.9175, "car_tau_std": 2.2512, "car_v_mean": 20.2276, "car_v_std": 13.2619}, "datetime": {"datetime": "2024-08-08 17:44:28", "elapsed": 1253.876661, "delta": 1.734065}}
{"target": -0.2952500537592572, "params": {"bus_acc": 4.29, "bus_dcc": 1.5898, "bus_lcAssertive": 14.7156, "bus_lcCooperative": 0.0453, "bus_lcLookaheadLeft": 84.5204, "bus_lcPushy": 0.1531, "bus_lcSigma": 0.6927, "bus_lcSpeedGainRight": 0.4552, "bus_lcSublane": 0.4047, "bus_sigma": 0.3615, "bus_tau_mean": 0.7389, "bus_tau_std": 1.0143, "bus_v_mean": 22.8376, "bus_v_std": 13.3465, "car_acc": 2.4112, "car_dcc": 1.7499, "car_lcAssertive": 82.0002, "car_lcCooperative": 0.6846, "car_lcLookaheadLeft": 67.4056, "car_lcPushy": 0.3736, "car_lcSigma": 0.8616, "car_lcSpeedGainRight": 2.2379, "car_lcSublane": 0.8416, "car_sigma": 0.5381, "car_tau_mean": 2.0366, "car_tau_std": 7.8754, "car_v_mean": 18.59, "car_v_std": 5.6954}, "datetime": {"datetime": "2024-08-08 17:44:30", "elapsed": 1255.752532, "delta": 1.875871}}
{"target": -0.3019509727645238, "params": {"bus_acc": 4.5629, "bus_dcc": 1.1069, "bus_lcAssertive": 49.12, "bus_lcCooperative": 0.1909, "bus_lcLookaheadLeft": 51.6618, "bus_lcPushy": 0.4533, "bus_lcSigma": 0.8999, "bus_lcSpeedGainRight": 4.2514, "bus_lcSublane": 0.3121, "bus_sigma": 0.3092, "bus_tau_mean": 3.7759, "bus_tau_std": 3.1789, "bus_v_mean": 13.6633, "bus_v_std": 12.7139, "car_acc": 1.9562, "car_dcc": 2.1526, "car_lcAssertive": 72.1743, "car_lcCooperative": 0.9444, "car_lcLookaheadLeft": 80.6892, "car_lcPushy": 0.4525, "car_lcSigma": 0.1147, "car_lcSpeedGainRight": 0.8672, "car_lcSublane": 0.8098, "car_sigma": 0.1061, "car_tau_mean": 1.8377, "car_tau_std": 5.5843, "car_v_mean": 21.2568, "car_v_std": 16.7889}, "datetime": {"datetime": "2024-08-08 17:44:32", "elapsed": 1257.67751, "delta": 1.924978}}
{"target": -0.3018478978252328, "params": {"bus_acc": 2.4413, "bus_dcc": 2.3108, "bus_lcAssertive": 60.1001, "bus_lcCooperative": 0.3226, "bus_lcLookaheadLeft": 67.3356, "bus_lcPushy": 0.6026, "bus_lcSigma": 0.5262, "bus_lcSpeedGainRight": 3.4993, "bus_lcSublane": 0.6746, "bus_sigma": 0.3893, "bus_tau_mean": 2.6995, "bus_tau_std": 1.6021, "bus_v_mean": 10.6642, "bus_v_std": 8.24, "car_acc": 2.4271, "car_dcc": 2.7591, "car_lcAssertive": 77.9422, "car_lcCooperative": 0.6911, "car_lcLookaheadLeft": 64.4516, "car_lcPushy": 0.592, "car_lcSigma": 0.4424, "car_lcSpeedGainRight": 1.9829, "car_lcSublane": 0.5932, "car_sigma": 0.2989, "car_tau_mean": 1.8879, "car_tau_std": 8.4751, "car_v_mean": 19.1212, "car_v_std": 15.7211}, "datetime": {"datetime": "2024-08-08 17:44:34", "elapsed": 1259.304406, "delta": 1.626896}}
{"target": -0.3083337039990602, "params": {"bus_acc": 2.456, "bus_dcc": 1.2581, "bus_lcAssertive": 86.0936, "bus_lcCooperative": 0.8153, "bus_lcLookaheadLeft": 13.3761, "bus_lcPushy": 0.1168, "bus_lcSigma": 0.5151, "bus_lcSpeedGainRight": 1.191, "bus_lcSublane": 0.8043, "bus_sigma": 0.2412, "bus_tau_mean": 1.893, "bus_tau_std": 2.2395, "bus_v_mean": 15.2982, "bus_v_std": 2.2243, "car_acc": 2.3337, "car_dcc": 1.1618, "car_lcAssertive": 73.9599, "car_lcCooperative": 0.032, "car_lcLookaheadLeft": 56.2821, "car_lcPushy": 0.1503, "car_lcSigma": 0.5262, "car_lcSpeedGainRight": 2.9334, "car_lcSublane": 0.3113, "car_sigma": 0.6739, "car_tau_mean": 2.3733, "car_tau_std": 6.1975, "car_v_mean": 23.0242, "car_v_std": 15.9848}, "datetime": {"datetime": "2024-08-08 17:44:36", "elapsed": 1261.660501, "delta": 2.356095}}
{"target": -0.30055875205053356, "params": {"bus_acc": 3.6864, "bus_dcc": 1.0243, "bus_lcAssertive": 5.9096, "bus_lcCooperative": 0.1881, "bus_lcLookaheadLeft": 26.9857, "bus_lcPushy": 0.1194, "bus_lcSigma": 0.361, "bus_lcSpeedGainRight": 1.8414, "bus_lcSublane": 0.1901, "bus_sigma": 0.5163, "bus_tau_mean": 3.4534, "bus_tau_std": 3.2543, "bus_v_mean": 11.2577, "bus_v_std": 0.3685, "car_acc": 4.4129, "car_dcc": 2.9139, "car_lcAssertive": 32.0956, "car_lcCooperative": 0.5878, "car_lcLookaheadLeft": 97.1415, "car_lcPushy": 0.1871, "car_lcSigma": 0.7305, "car_lcSpeedGainRight": 1.1271, "car_lcSublane": 0.3293, "car_sigma": 0.678, "car_tau_mean": 3.1276, "car_tau_std": 4.8639, "car_v_mean": 14.5941, "car_v_std": 12.9623}, "datetime": {"datetime": "2024-08-08 17:44:38", "elapsed": 1263.186807, "delta": 1.526306}}
{"target": -0.35343669106771963, "params": {"bus_acc": 3.5526, "bus_dcc": 1.4864, "bus_lcAssertive": 15.8611, "bus_lcCooperative": 0.6458, "bus_lcLookaheadLeft": 80.9258, "bus_lcPushy": 0.5009, "bus_lcSigma": 0.5962, "bus_lcSpeedGainRight": 2.2172, "bus_lcSublane": 0.3483, "bus_sigma": 0.1775, "bus_tau_mean": 2.0534, "bus_tau_std": 4.0353, "bus_v_mean": 23.7239, "bus_v_std": 10.3052, "car_acc": 1.4777, "car_dcc": 2.4375, "car_lcAssertive": 83.5878, "car_lcCooperative": 0.159, "car_lcLookaheadLeft": 70.1918, "car_lcPushy": 0.3674, "car_lcSigma": 0.9931, "car_lcSpeedGainRight": 2.5279, "car_lcSublane": 0.3682, "car_sigma": 0.8856, "car_tau_mean": 3.3416, "car_tau_std": 7.0119, "car_v_mean": 9.1369, "car_v_std": 8.3075}, "datetime": {"datetime": "2024-08-08 17:44:40", "elapsed": 1265.126521, "delta": 1.939714}}
{"target": -0.3175633966056711, "params": {"bus_acc": 3.7857, "bus_dcc": 2.6492, "bus_lcAssertive": 98.1579, "bus_lcCooperative": 0.7153, "bus_lcLookaheadLeft": 62.9109, "bus_lcPushy": 0.9872, "bus_lcSigma": 0.4033, "bus_lcSpeedGainRight": 2.1578, "bus_lcSublane": 0.1597, "bus_sigma": 0.7109, "bus_tau_mean": 1.4154, "bus_tau_std": 6.7314, "bus_v_mean": 14.1566, "bus_v_std": 4.6487, "car_acc": 4.2665, "car_dcc": 3.0017, "car_lcAssertive": 64.2757, "car_lcCooperative": 0.3734, "car_lcLookaheadLeft": 97.0053, "car_lcPushy": 0.4901, "car_lcSigma": 0.5169, "car_lcSpeedGainRight": 1.0498, "car_lcSublane": 0.2468, "car_sigma": 0.3117, "car_tau_mean": 3.9104, "car_tau_std": 1.9118, "car_v_mean": 17.8645, "car_v_std": 3.9919}, "datetime": {"datetime": "2024-08-08 17:44:43", "elapsed": 1268.488287, "delta": 3.361766}}
{"target": -0.35689452152042017, "params": {"bus_acc": 2.2753, "bus_dcc": 3.2246, "bus_lcAssertive": 14.5252, "bus_lcCooperative": 0.2078, "bus_lcLookaheadLeft": 42.7702, "bus_lcPushy": 0.4496, "bus_lcSigma": 0.3199, "bus_lcSpeedGainRight": 0.3674, "bus_lcSublane": 0.6173, "bus_sigma": 0.8378, "bus_tau_mean": 2.9805, "bus_tau_std": 6.8747, "bus_v_mean": 13.1582, "bus_v_std": 5.1899, "car_acc": 3.7013, "car_dcc": 1.5538, "car_lcAssertive": 38.8679, "car_lcCooperative": 0.4992, "car_lcLookaheadLeft": 56.7455, "car_lcPushy": 0.8003, "car_lcSigma": 0.1854, "car_lcSpeedGainRight": 2.0668, "car_lcSublane": 0.808, "car_sigma": 0.7209, "car_tau_mean": 2.0526, "car_tau_std": 5.6259, "car_v_mean": 20.2539, "car_v_std": 2.8066}, "datetime": {"datetime": "2024-08-08 17:44:46", "elapsed": 1271.643514, "delta": 3.155227}}
{"target": -0.31308329750255615, "params": {"bus_acc": 1.6736, "bus_dcc": 2.2089, "bus_lcAssertive": 35.3687, "bus_lcCooperative": 0.7341, "bus_lcLookaheadLeft": 31.9152, "bus_lcPushy": 0.4892, "bus_lcSigma": 0.773, "bus_lcSpeedGainRight": 3.6567, "bus_lcSublane": 0.592, "bus_sigma": 0.3385, "bus_tau_mean": 2.0485, "bus_tau_std": 0.2983, "bus_v_mean": 10.2337, "bus_v_std": 9.2441, "car_acc": 4.8499, "car_dcc": 3.3687, "car_lcAssertive": 30.6831, "car_lcCooperative": 0.1597, "car_lcLookaheadLeft": 87.8461, "car_lcPushy": 0.8811, "car_lcSigma": 0.0528, "car_lcSpeedGainRight": 4.6582, "car_lcSublane": 0.4533, "car_sigma": 0.6112, "car_tau_mean": 3.5687, "car_tau_std": 0.5697, "car_v_mean": 13.2254, "car_v_std": 4.8097}, "datetime": {"datetime": "2024-08-08 17:44:49", "elapsed": 1274.933136, "delta": 3.289622}}
{"target": -0.3414626324145586, "params": {"bus_acc": 1.9058, "bus_dcc": 2.6633, "bus_lcAssertive": 12.2977, "bus_lcCooperative": 0.3649, "bus_lcLookaheadLeft": 79.4905, "bus_lcPushy": 0.5974, "bus_lcSigma": 0.7047, "bus_lcSpeedGainRight": 1.8405, "bus_lcSublane": 1.0, "bus_sigma": 0.3055, "bus_tau_mean": 1.2855, "bus_tau_std": 0.0, "bus_v_mean": 8.0, "bus_v_std": 11.6495, "car_acc": 1.0, "car_dcc": 1.0, "car_lcAssertive": 79.7714, "car_lcCooperative": 0.0004, "car_lcLookaheadLeft": 81.7041, "car_lcPushy": 0.5356, "car_lcSigma": 0.715, "car_lcSpeedGainRight": 0.874, "car_lcSublane": 0.4298, "car_sigma": 0.4923, "car_tau_mean": 0.5, "car_tau_std": 10.0, "car_v_mean": 18.296, "car_v_std": 6.1807}, "datetime": {"datetime": "2024-08-08 17:44:50", "elapsed": 1276.052293, "delta": 1.119157}}
{"target": -0.330462016386892, "params": {"bus_acc": 3.1635, "bus_dcc": 2.3777, "bus_lcAssertive": 74.502, "bus_lcCooperative": 0.8844, "bus_lcLookaheadLeft": 48.5175, "bus_lcPushy": 0.2488, "bus_lcSigma": 0.5936, "bus_lcSpeedGainRight": 0.8966, "bus_lcSublane": 0.4891, "bus_sigma": 0.7209, "bus_tau_mean": 1.1392, "bus_tau_std": 6.6204, "bus_v_mean": 17.5636, "bus_v_std": 6.4694, "car_acc": 1.7416, "car_dcc": 1.7613, "car_lcAssertive": 53.7109, "car_lcCooperative": 0.7997, "car_lcLookaheadLeft": 8.7049, "car_lcPushy": 0.4626, "car_lcSigma": 0.3093, "car_lcSpeedGainRight": 3.0676, "car_lcSublane": 0.4126, "car_sigma": 0.5349, "car_tau_mean": 2.1355, "car_tau_std": 6.4257, "car_v_mean": 13.2764, "car_v_std": 0.9125}, "datetime": {"datetime": "2024-08-08 17:44:53", "elapsed": 1278.824612, "delta": 2.772319}}
{"target": -0.4457357503555597, "params": {"bus_acc": 3.057, "bus_dcc": 1.8116, "bus_lcAssertive": 95.8217, "bus_lcCooperative": 0.4908, "bus_lcLookaheadLeft": 17.4077, "bus_lcPushy": 0.6511, "bus_lcSigma": 0.6699, "bus_lcSpeedGainRight": 2.7398, "bus_lcSublane": 0.9704, "bus_sigma": 0.8597, "bus_tau_mean": 3.4312, "bus_tau_std": 0.3687, "bus_v_mean": 8.0046, "bus_v_std": 12.1957, "car_acc": 1.6685, "car_dcc": 3.8441, "car_lcAssertive": 27.0568, "car_lcCooperative": 0.652, "car_lcLookaheadLeft": 46.8075, "car_lcPushy": 0.4987, "car_lcSigma": 0.506, "car_lcSpeedGainRight": 3.2769, "car_lcSublane": 0.1296, "car_sigma": 0.1544, "car_tau_mean": 0.7906, "car_tau_std": 6.1124, "car_v_mean": 22.7329, "car_v_std": 0.2776}, "datetime": {"datetime": "2024-08-08 17:44:55", "elapsed": 1281.074585, "delta": 2.249973}}
{"target": -0.26551412439035765, "params": {"bus_acc": 2.8695, "bus_dcc": 1.8484, "bus_lcAssertive": 5.8127, "bus_lcCooperative": 0.4423, "bus_lcLookaheadLeft": 47.5505, "bus_lcPushy": 0.865, "bus_lcSigma": 0.2451, "bus_lcSpeedGainRight": 1.4747, "bus_lcSublane": 0.7297, "bus_sigma": 0.6837, "bus_tau_mean": 3.0082, "bus_tau_std": 5.4349, "bus_v_mean": 15.4804, "bus_v_std": 10.8367, "car_acc": 2.6169, "car_dcc": 2.434, "car_lcAssertive": 15.7095, "car_lcCooperative": 0.2101, "car_lcLookaheadLeft": 12.656, "car_lcPushy": 0.148, "car_lcSigma": 0.1937, "car_lcSpeedGainRight": 3.8977, "car_lcSublane": 0.5775, "car_sigma": 0.5235, "car_tau_mean": 3.0122, "car_tau_std": 8.4073, "car_v_mean": 20.7214, "car_v_std": 15.6617}, "datetime": {"datetime": "2024-08-08 17:44:57", "elapsed": 1282.698499, "delta": 1.623914}}
{"target": -0.30143391541322734, "params": {"bus_acc": 2.7762, "bus_dcc": 2.5478, "bus_lcAssertive": 58.1817, "bus_lcCooperative": 0.3701, "bus_lcLookaheadLeft": 51.9732, "bus_lcPushy": 0.9917, "bus_lcSigma": 0.1231, "bus_lcSpeedGainRight": 3.2102, "bus_lcSublane": 0.6631, "bus_sigma": 0.8608, "bus_tau_mean": 1.5936, "bus_tau_std": 3.5521, "bus_v_mean": 12.4855, "bus_v_std": 5.5396, "car_acc": 1.6277, "car_dcc": 1.8879, "car_lcAssertive": 70.0251, "car_lcCooperative": 0.8629, "car_lcLookaheadLeft": 82.0737, "car_lcPushy": 0.1058, "car_lcSigma": 0.2366, "car_lcSpeedGainRight": 0.6856, "car_lcSublane": 0.4995, "car_sigma": 0.9633, "car_tau_mean": 2.0425, "car_tau_std": 6.2732, "car_v_mean": 18.7498, "car_v_std": 15.3577}, "datetime": {"datetime": "2024-08-08 17:45:01", "elapsed": 1287.05282, "delta": 4.354321}}
{"target": -0.3097059041648789, "params": {"bus_acc": 2.4816, "bus_dcc": 2.2758, "bus_lcAssertive": 60.5019, "bus_lcCooperative": 0.2995, "bus_lcLookaheadLeft": 67.2756, "bus_lcPushy": 0.6025, "bus_lcSigma": 0.5328, "bus_lcSpeedGainRight": 3.5277, "bus_lcSublane": 0.6592, "bus_sigma": 0.3931, "bus_tau_mean": 2.6628, "bus_tau_std": 1.3557, "bus_v_mean": 10.5565, "bus_v_std": 8.03, "car_acc": 2.376, "car_dcc": 2.7864, "car_lcAssertive": 77.6079, "car_lcCooperative": 0.7123, "car_lcLookaheadLeft": 64.0531, "car_lcPushy": 0.5923, "car_lcSigma": 0.4465, "car_lcSpeedGainRight": 2.0587, "car_lcSublane": 0.5887, "car_sigma": 0.2885, "car_tau_mean": 1.8319, "car_tau_std": 8.4959, "car_v_mean": 19.0499, "car_v_std": 15.921}, "datetime": {"datetime": "2024-08-08 17:45:03", "elapsed": 1288.883868, "delta": 1.831048}}
{"target": -0.2967176901314628, "params": {"bus_acc": 2.6714, "bus_dcc": 2.7298, "bus_lcAssertive": 3.9447, "bus_lcCooperative": 0.5866, "bus_lcLookaheadLeft": 22.398, "bus_lcPushy": 0.5054, "bus_lcSigma": 0.3649, "bus_lcSpeedGainRight": 1.4066, "bus_lcSublane": 0.3361, "bus_sigma": 0.3231, "bus_tau_mean": 3.455, "bus_tau_std": 3.9388, "bus_v_mean": 14.6649, "bus_v_std": 2.5685, "car_acc": 4.9934, "car_dcc": 1.6433, "car_lcAssertive": 28.0723, "car_lcCooperative": 0.1392, "car_lcLookaheadLeft": 96.8655, "car_lcPushy": 0.8595, "car_lcSigma": 0.3209, "car_lcSpeedGainRight": 0.57, "car_lcSublane": 0.9236, "car_sigma": 0.1095, "car_tau_mean": 1.4789, "car_tau_std": 5.7488, "car_v_mean": 14.651, "car_v_std": 17.1417}, "datetime": {"datetime": "2024-08-08 17:45:04", "elapsed": 1289.918091, "delta": 1.034223}}
