{"target": -0.05198811435006634, "params": {"bus_acc": 2.1539556929550034, "bus_dcc": 3.626166215352061, "bus_lcAssertive": 61.24797826038231, "bus_lcCooperative": 0.2516595841523237, "bus_lcLookaheadLeft": 31.02073250259863, "bus_lcPushy": 0.5329225590316532, "bus_lcSublane": 0.9620782128470935, "bus_max_v": 12.058903298783909, "bus_tau_mean": 2.2846443235008813, "bus_tau_std": 3.437881034368444, "car_acc": 2.5394506899143714, "car_dcc": 3.408599459297272, "car_lcAssertive": 43.031431119919446, "car_lcCooperative": 0.20412249999433585, "car_lcLookaheadLeft": 8.574767112227821, "car_lcPushy": 0.1986482644205615, "car_lcSublane": 0.2724008501293822, "car_max_v": 21.17335619400263, "car_tau_mean": 3.5557922404605247, "car_tau_std": 1.282309388454863}, "datetime": {"datetime": "2024-08-04 11:37:41", "elapsed": 135.899392, "delta": 1.387695}}
{"target": -0.05426408357245522, "params": {"bus_acc": 2.7332165483330257, "bus_dcc": 3.84941797406088, "bus_lcAssertive": 82.8142927653048, "bus_lcCooperative": 0.8541154438365387, "bus_lcLookaheadLeft": 11.676853378394139, "bus_lcPushy": 0.651304332340991, "bus_lcSublane": 0.703516988152653, "bus_max_v": 21.42529787822585, "bus_tau_mean": 3.2986534160760983, "bus_tau_std": 0.3457121987163425, "car_acc": 2.54047746910996, "car_dcc": 3.195185802218581, "car_lcAssertive": 26.710140936536956, "car_lcCooperative": 0.2570692988221467, "car_lcLookaheadLeft": 63.965725108152526, "car_lcPushy": 0.34529746159108154, "car_lcSublane": 0.7965886780072875, "car_max_v": 17.815217104076062, "car_tau_mean": 3.2396229517446016, "car_tau_std": 9.904717836238406}, "datetime": {"datetime": "2024-08-04 11:37:44", "elapsed": 138.896825, "delta": 2.997433}}
{"target": -0.053089608936790704, "params": {"bus_acc": 2.50004352740532, "bus_dcc": 3.574941509287127, "bus_lcAssertive": 75.75313665830033, "bus_lcCooperative": 0.698057248447303, "bus_lcLookaheadLeft": 86.71898414535079, "bus_lcPushy": 0.32268099683674645, "bus_lcSublane": 0.6707887907875872, "bus_max_v": 17.919226601093683, "bus_tau_mean": 1.8373596321103103, "bus_tau_std": 4.108113499221856, "car_acc": 1.8029591669390812, "car_dcc": 1.9521518378748306, "car_lcAssertive": 62.57001742410984, "car_lcCooperative": 0.43024727082126435, "car_lcLookaheadLeft": 97.43260363687072, "car_lcPushy": 0.6778008914343111, "car_lcSublane": 0.19856988842711087, "car_max_v": 17.38742220565672, "car_tau_mean": 1.7017118392104806, "car_tau_std": 7.9763880395856654}, "datetime": {"datetime": "2024-08-04 11:37:45", "elapsed": 139.535411, "delta": 0.638586}}
{"target": -0.08915134185577754, "params": {"bus_acc": 1.011594785835378, "bus_dcc": 1.9380434684664292, "bus_lcAssertive": 6.514142858498358, "bus_lcCooperative": 0.29386248547054417, "bus_lcLookaheadLeft": 36.88961563105628, "bus_lcPushy": 0.9536770184739218, "bus_lcSublane": 0.47695092248677795, "bus_max_v": 14.121245733269268, "bus_tau_mean": 2.2605181826783416, "bus_tau_std": 6.433579246491355, "car_acc": 1.22249134513487, "car_dcc": 3.2741849743993257, "car_lcAssertive": 85.34263135744226, "car_lcCooperative": 0.8442498595694283, "car_lcLookaheadLeft": 89.26966957638477, "car_lcPushy": 0.38184239675576115, "car_lcSublane": 0.44380519836651855, "car_max_v": 10.234792470815655, "car_tau_mean": 1.290324228509323, "car_tau_std": 9.713204692732111}, "datetime": {"datetime": "2024-08-04 11:37:45", "elapsed": 140.075597, "delta": 0.540186}}
{"target": -0.05030105265956186, "params": {"bus_acc": 1.0397602676795912, "bus_dcc": 1.0786329606331577, "bus_lcAssertive": 3.802342314058666, "bus_lcCooperative": 0.2462110676030459, "bus_lcLookaheadLeft": 86.28273897092302, "bus_lcPushy": 0.5388310643416528, "bus_lcSublane": 0.5528219786857659, "bus_max_v": 26.524679631911326, "bus_tau_mean": 0.934606602919689, "bus_tau_std": 2.791836790111395, "car_acc": 2.1715185429165755, "car_dcc": 3.9087872449590235, "car_lcAssertive": 56.54199170631529, "car_lcCooperative": 0.01864728937294302, "car_lcLookaheadLeft": 80.4620019227004, "car_lcPushy": 0.23297427384102043, "car_lcSublane": 0.8071051956187791, "car_max_v": 16.532934169411778, "car_tau_mean": 3.522396490958, "car_tau_std": 7.471216427371846}, "datetime": {"datetime": "2024-08-04 11:37:50", "elapsed": 144.863518, "delta": 4.787921}}
{"target": -0.05015031836982583, "params": {"bus_acc": 2.30201521861699, "bus_dcc": 2.1134415533881885, "bus_lcAssertive": 30.187267074159404, "bus_lcCooperative": 0.9117631736977988, "bus_lcLookaheadLeft": 94.36488967416834, "bus_lcPushy": 0.6135500265601355, "bus_lcSublane": 0.21446778083069262, "bus_max_v": 28.667215159935505, "bus_tau_mean": 3.1265874135316345, "bus_tau_std": 7.510898073228061, "car_acc": 1.4234426696969724, "car_dcc": 3.490469578486898, "car_lcAssertive": 24.769420261959798, "car_lcCooperative": 0.6316207452501602, "car_lcLookaheadLeft": 71.65247785015946, "car_lcPushy": 0.7423834297071017, "car_lcSublane": 0.39026470459958096, "car_max_v": 24.71615872775414, "car_tau_mean": 3.6602756574259847, "car_tau_std": 5.874200192375769}, "datetime": {"datetime": "2024-08-04 11:38:05", "elapsed": 159.616834, "delta": 14.753316}}
{"target": -0.05296814339484954, "params": {"bus_acc": 1.3523925111501105, "bus_dcc": 1.996190723100511, "bus_lcAssertive": 13.968687636280773, "bus_lcCooperative": 0.8094906921265821, "bus_lcLookaheadLeft": 35.78419196296276, "bus_lcPushy": 0.9401074823333672, "bus_lcSublane": 0.58201417994708, "bus_max_v": 27.33430365706057, "bus_tau_mean": 3.4565705588727766, "bus_tau_std": 9.053923187086493, "car_acc": 1.919760531633614, "car_dcc": 2.63904044806112, "car_lcAssertive": 80.0617555240519, "car_lcCooperative": 0.28571885173414757, "car_lcLookaheadLeft": 50.04484521675292, "car_lcPushy": 0.5991103076458784, "car_lcSublane": 0.015533275550835723, "car_max_v": 21.056590980326018, "car_tau_mean": 2.0178672214631037, "car_tau_std": 8.073605288848414}, "datetime": {"datetime": "2024-08-04 11:38:05", "elapsed": 160.036831, "delta": 0.419997}}
{"target": -0.04732589438428131, "params": {"bus_acc": 1.276709379585893, "bus_dcc": 1.8704333893136251, "bus_lcAssertive": 61.77323788438401, "bus_lcCooperative": 0.3241385298974466, "bus_lcLookaheadLeft": 46.82129780571785, "bus_lcPushy": 0.44411710701661444, "bus_lcSublane": 0.8281353607315121, "bus_max_v": 17.379659393197073, "bus_tau_mean": 1.7099458741142581, "bus_tau_std": 6.749716048091052, "car_acc": 1.4429641114670575, "car_dcc": 2.4017374717796613, "car_lcAssertive": 32.161803045077626, "car_lcCooperative": 0.6268556021628346, "car_lcLookaheadLeft": 87.98132652009163, "car_lcPushy": 0.4476890001456285, "car_lcSublane": 0.7844574187919231, "car_max_v": 18.05324541235411, "car_tau_mean": 2.7968026610099597, "car_tau_std": 1.3184097502750214}, "datetime": {"datetime": "2024-08-04 11:38:06", "elapsed": 160.791097, "delta": 0.754266}}
{"target": -0.05699154320155573, "params": {"bus_acc": 2.9557607867199316, "bus_dcc": 1.7523194700190068, "bus_lcAssertive": 34.02741265594187, "bus_lcCooperative": 0.954200507429589, "bus_lcLookaheadLeft": 81.25410412215838, "bus_lcPushy": 0.9003400045106619, "bus_lcSublane": 0.011589589409895185, "bus_max_v": 16.354817526747887, "bus_tau_mean": 1.3243268481345425, "bus_tau_std": 2.959350518874113, "car_acc": 2.4759909928076818, "car_dcc": 3.172254534592222, "car_lcAssertive": 46.71814160970708, "car_lcCooperative": 0.3652744612070937, "car_lcLookaheadLeft": 59.29977807444352, "car_lcPushy": 0.5337077546342763, "car_lcSublane": 0.550579559007862, "car_max_v": 21.540495564522473, "car_tau_mean": 1.8847689529364209, "car_tau_std": 7.717184824154584}, "datetime": {"datetime": "2024-08-04 11:38:07", "elapsed": 161.488863, "delta": 0.697766}}
{"target": -0.0466015699365998, "params": {"bus_acc": 2.9003522384941594, "bus_dcc": 2.6699595645854695, "bus_lcAssertive": 91.64502862686118, "bus_lcCooperative": 0.6415662089463375, "bus_lcLookaheadLeft": 40.22075598584213, "bus_lcPushy": 0.48599066709690975, "bus_lcSublane": 0.6043104829199732, "bus_max_v": 20.09005427318838, "bus_tau_mean": 3.7416349934725877, "bus_tau_std": 9.187334356336061, "car_acc": 1.7897512258471098, "car_dcc": 3.8897875853221353, "car_lcAssertive": 18.22161100136597, "car_lcCooperative": 0.12632951943963733, "car_lcLookaheadLeft": 15.23775748857967, "car_lcPushy": 0.5056621656768967, "car_lcSublane": 0.021524805274197978, "car_max_v": 28.855344646788982, "car_tau_mean": 3.3949041490975636, "car_tau_std": 0.1501898074212238}, "datetime": {"datetime": "2024-08-04 11:38:08", "elapsed": 162.59023, "delta": 1.101367}}
{"target": -0.048860933234979954, "params": {"bus_acc": 1.455195476644506, "bus_dcc": 1.436210902513707, "bus_lcAssertive": 21.13994861263897, "bus_lcCooperative": 0.8963225568040046, "bus_lcLookaheadLeft": 87.56324907042477, "bus_lcPushy": 0.7002894376334498, "bus_lcSublane": 0.47049767615220905, "bus_max_v": 26.196992051310342, "bus_tau_mean": 2.2353923897982435, "bus_tau_std": 3.6348868328490527, "car_acc": 1.5512062055217175, "car_dcc": 3.774222440615115, "car_lcAssertive": 39.31193419137293, "car_lcCooperative": 0.49288087343132025, "car_lcLookaheadLeft": 26.934934026813366, "car_lcPushy": 0.8849665188380633, "car_lcSublane": 0.38326345680528673, "car_max_v": 14.546643736905256, "car_tau_mean": 3.0115823676816404, "car_tau_std": 1.9086994317230743}, "datetime": {"datetime": "2024-08-04 11:38:09", "elapsed": 163.50744, "delta": 0.91721}}
{"target": -0.05343148545487009, "params": {"bus_acc": 1.6516199332264097, "bus_dcc": 3.669482024342125, "bus_lcAssertive": 75.41906437100742, "bus_lcCooperative": 0.7626320954451107, "bus_lcLookaheadLeft": 48.00894479887272, "bus_lcPushy": 0.21076450246870537, "bus_lcSublane": 0.041475079576498874, "bus_max_v": 15.080233599345378, "bus_tau_mean": 0.6298943257289804, "bus_tau_std": 6.938554113738997, "car_acc": 2.3407000638723368, "car_dcc": 2.291415348234925, "car_lcAssertive": 77.01110878815912, "car_lcCooperative": 0.5360084947395637, "car_lcLookaheadLeft": 5.906272810274352, "car_lcPushy": 0.13479311796067905, "car_lcSublane": 0.19341639901491836, "car_max_v": 15.384603625622296, "car_tau_mean": 0.6830953125311686, "car_tau_std": 6.051167805003662}, "datetime": {"datetime": "2024-08-04 11:38:10", "elapsed": 164.612301, "delta": 1.104861}}
{"target": -0.055300396483177826, "params": {"bus_acc": 1.3021490369428639, "bus_dcc": 2.5690255952033927, "bus_lcAssertive": 94.407429007197, "bus_lcCooperative": 0.865686014006334, "bus_lcLookaheadLeft": 40.422455155177914, "bus_lcPushy": 0.28386751597340265, "bus_lcSublane": 0.7617298626927418, "bus_max_v": 13.29065514566793, "bus_tau_mean": 1.3898132413007334, "bus_tau_std": 0.8408635417992949, "car_acc": 2.7282881895280537, "car_dcc": 2.3436967468608394, "car_lcAssertive": 56.61683980038739, "car_lcCooperative": 0.7367109576935199, "car_lcLookaheadLeft": 80.05590897885718, "car_lcPushy": 0.44750813899031383, "car_lcSublane": 0.18412755617579835, "car_max_v": 26.23212273362264, "car_tau_mean": 0.6084928593988954, "car_tau_std": 9.467282696079524}, "datetime": {"datetime": "2024-08-04 11:38:16", "elapsed": 170.397914, "delta": 5.785613}}
{"target": -0.04815000479017705, "params": {"bus_acc": 1.0458302626447635, "bus_dcc": 2.5572469666359683, "bus_lcAssertive": 81.18888235557921, "bus_lcCooperative": 0.012603767029876312, "bus_lcLookaheadLeft": 67.90204477606592, "bus_lcPushy": 0.6868082266569918, "bus_lcSublane": 0.44924675358663757, "bus_max_v": 28.125351108322555, "bus_tau_mean": 2.7552637966494755, "bus_tau_std": 0.05239837651465851, "car_acc": 1.9688568910287512, "car_dcc": 3.5779534182928, "car_lcAssertive": 83.2095574336966, "car_lcCooperative": 0.6491541971124779, "car_lcLookaheadLeft": 68.0224455420659, "car_lcPushy": 0.5784995797892005, "car_lcSublane": 0.27411977516685215, "car_max_v": 20.331659791793292, "car_tau_mean": 2.851054246860971, "car_tau_std": 3.524296302164088}, "datetime": {"datetime": "2024-08-04 11:38:17", "elapsed": 171.762098, "delta": 1.364184}}
{"target": -0.053520157994381166, "params": {"bus_acc": 1.7907009475893807, "bus_dcc": 3.866169967771524, "bus_lcAssertive": 11.968748529899662, "bus_lcCooperative": 0.6475529858164272, "bus_lcLookaheadLeft": 53.70690782872223, "bus_lcPushy": 0.353242405983059, "bus_lcSublane": 0.19819922932019185, "bus_max_v": 12.853069800641386, "bus_tau_mean": 0.6533752840450142, "bus_tau_std": 7.1316397315981455, "car_acc": 2.3076803983925096, "car_dcc": 2.331309378174167, "car_lcAssertive": 72.17500932089452, "car_lcCooperative": 0.10997597244532042, "car_lcLookaheadLeft": 93.99447899015524, "car_lcPushy": 0.8476267092393875, "car_lcSublane": 0.6590356596658833, "car_max_v": 16.3342857105581, "car_tau_mean": 1.957983551551616, "car_tau_std": 4.821539221574675}, "datetime": {"datetime": "2024-08-04 11:38:18", "elapsed": 172.668914, "delta": 0.906816}}
{"target": -0.05431326086490631, "params": {"bus_acc": 1.5157859688540798, "bus_dcc": 3.803336477588754, "bus_lcAssertive": 62.29284369191439, "bus_lcCooperative": 0.9854449149448306, "bus_lcLookaheadLeft": 5.199098864334054, "bus_lcPushy": 0.7251666588327084, "bus_lcSublane": 0.5655542353803811, "bus_max_v": 18.833329042763033, "bus_tau_mean": 1.4072634397775794, "bus_tau_std": 3.268306848663751, "car_acc": 1.4989244134027755, "car_dcc": 1.6578037309751823, "car_lcAssertive": 80.16642291495904, "car_lcCooperative": 0.5023950058982584, "car_lcLookaheadLeft": 10.152609092305777, "car_lcPushy": 0.7769841920273803, "car_lcSublane": 0.5336490760837309, "car_max_v": 24.266531321620405, "car_tau_mean": 2.303877926000925, "car_tau_std": 3.9994592398513173}, "datetime": {"datetime": "2024-08-04 11:38:19", "elapsed": 173.64828, "delta": 0.979366}}
{"target": -0.05315499448831346, "params": {"bus_acc": 1.6933897627171564, "bus_dcc": 2.0609433612010153, "bus_lcAssertive": 26.130049352371532, "bus_lcCooperative": 0.9110179736986265, "bus_lcLookaheadLeft": 73.11296945849716, "bus_lcPushy": 0.025925792784269874, "bus_lcSublane": 0.46152125324711457, "bus_max_v": 14.18862799580985, "bus_tau_mean": 0.6013816516226447, "bus_tau_std": 8.846818943092945, "car_acc": 2.5420107159093646, "car_dcc": 1.989205237732783, "car_lcAssertive": 79.85930016613439, "car_lcCooperative": 0.3246383222029966, "car_lcLookaheadLeft": 32.17247949412938, "car_lcPushy": 0.9281090785007262, "car_lcSublane": 0.9769161619458502, "car_max_v": 19.518216703771643, "car_tau_mean": 3.8317730864877375, "car_tau_std": 8.879964939264646}, "datetime": {"datetime": "2024-08-04 11:38:23", "elapsed": 177.427927, "delta": 3.779647}}
{"target": -0.05520245218365263, "params": {"bus_acc": 2.9869209261996996, "bus_dcc": 3.503459542054089, "bus_lcAssertive": 70.2626950575588, "bus_lcCooperative": 0.9182585891320579, "bus_lcLookaheadLeft": 5.8934132549423115, "bus_lcPushy": 0.07033344161552524, "bus_lcSublane": 0.4740062899880546, "bus_max_v": 15.6816830850557, "bus_tau_mean": 3.780382217449571, "bus_tau_std": 4.895649611451685, "car_acc": 2.0792982201867014, "car_dcc": 3.6857810971936624, "car_lcAssertive": 45.21686953654536, "car_lcCooperative": 0.8770343892703519, "car_lcLookaheadLeft": 26.85101143841958, "car_lcPushy": 0.27380970415810857, "car_lcSublane": 0.32836139008759013, "car_max_v": 20.046413950580977, "car_tau_mean": 1.2704503590944343, "car_tau_std": 6.714291710812733}, "datetime": {"datetime": "2024-08-04 11:38:25", "elapsed": 179.707312, "delta": 2.279385}}
{"target": -0.05035871970397776, "params": {"bus_acc": 1.984143602987117, "bus_dcc": 3.190273633270313, "bus_lcAssertive": 47.39420593186481, "bus_lcCooperative": 0.4574049160894317, "bus_lcLookaheadLeft": 15.49094861266911, "bus_lcPushy": 0.01088873380347899, "bus_lcSublane": 0.7582782604769962, "bus_max_v": 15.038962437708925, "bus_tau_mean": 3.9453420756772877, "bus_tau_std": 2.2023422615915598, "car_acc": 1.6774160509633593, "car_dcc": 2.571688406998395, "car_lcAssertive": 75.73425424899274, "car_lcCooperative": 0.46385778390029564, "car_lcLookaheadLeft": 14.232609224944277, "car_lcPushy": 0.3125013784920495, "car_lcSublane": 0.5045191697009946, "car_max_v": 22.824678176371087, "car_tau_mean": 3.1955248470923223, "car_tau_std": 1.3033578095435427}, "datetime": {"datetime": "2024-08-04 11:38:27", "elapsed": 182.102806, "delta": 2.395494}}
{"target": -0.04809813233140426, "params": {"bus_acc": 1.0865818763723172, "bus_dcc": 2.4593222295111845, "bus_lcAssertive": 24.701693369637837, "bus_lcCooperative": 0.9524737816932592, "bus_lcLookaheadLeft": 94.50147752281202, "bus_lcPushy": 0.6139340023847009, "bus_lcSublane": 0.9734873973251963, "bus_max_v": 15.586949561757521, "bus_tau_mean": 3.642477511836886, "bus_tau_std": 4.345949734085095, "car_acc": 1.4716292742950274, "car_dcc": 3.8224838896041984, "car_lcAssertive": 68.73758704733953, "car_lcCooperative": 0.06491158533912933, "car_lcLookaheadLeft": 87.30163596866048, "car_lcPushy": 0.7013802946333463, "car_lcSublane": 0.6049268729742817, "car_max_v": 24.11224778194527, "car_tau_mean": 1.3870366487492327, "car_tau_std": 6.004889552745444}, "datetime": {"datetime": "2024-08-04 11:38:29", "elapsed": 183.971644, "delta": 1.868838}}
{"target": -0.05077865707787626, "params": {"bus_acc": 1.8838085614968467, "bus_dcc": 2.744732222032874, "bus_lcAssertive": 98.98541905870682, "bus_lcCooperative": 0.20390622523312185, "bus_lcLookaheadLeft": 26.277824372710775, "bus_lcPushy": 0.26217308377291193, "bus_lcSublane": 0.7501724132979928, "bus_max_v": 18.05345720358524, "bus_tau_mean": 0.6992530344388325, "bus_tau_std": 5.085162406102396, "car_acc": 1.423920329287352, "car_dcc": 3.3958127342806304, "car_lcAssertive": 30.43580676921995, "car_lcCooperative": 0.02760601195450363, "car_lcLookaheadLeft": 60.15638004753286, "car_lcPushy": 0.8438404289311888, "car_lcSublane": 0.3810161240622142, "car_max_v": 24.496882835975153, "car_tau_mean": 2.2889951740399486, "car_tau_std": 5.409518049621886}, "datetime": {"datetime": "2024-08-04 11:38:30", "elapsed": 185.099183, "delta": 1.127539}}
{"target": -0.05138370574033502, "params": {"bus_acc": 1.8659630139352963, "bus_dcc": 3.72793596596481, "bus_lcAssertive": 60.94242110206253, "bus_lcCooperative": 0.7667745872371021, "bus_lcLookaheadLeft": 51.460659593397644, "bus_lcPushy": 0.49805562482800747, "bus_lcSublane": 0.8428998401928499, "bus_max_v": 9.491752555500982, "bus_tau_mean": 2.5064529504238964, "bus_tau_std": 9.427625754329492, "car_acc": 2.035720096344644, "car_dcc": 1.5833974285836536, "car_lcAssertive": 84.94599985190413, "car_lcCooperative": 0.25163914235585283, "car_lcLookaheadLeft": 70.67115157528872, "car_lcPushy": 0.5402609403968999, "car_lcSublane": 0.9488362882802196, "car_max_v": 21.735407452858873, "car_tau_mean": 3.432922867167053, "car_tau_std": 0.07932876194523097}, "datetime": {"datetime": "2024-08-04 11:38:31", "elapsed": 186.027063, "delta": 0.92788}}
{"target": -0.04451575550440717, "params": {"bus_acc": 2.776772868790772, "bus_dcc": 1.5531533271033002, "bus_lcAssertive": 58.94949743488685, "bus_lcCooperative": 0.8982050460171371, "bus_lcLookaheadLeft": 45.71948746537411, "bus_lcPushy": 0.9218683054838154, "bus_lcSublane": 0.2789908904569709, "bus_max_v": 21.394285832263506, "bus_tau_mean": 2.8885879841838538, "bus_tau_std": 2.282057333504841, "car_acc": 1.0275350251154336, "car_dcc": 2.250171887112088, "car_lcAssertive": 93.90970729381667, "car_lcCooperative": 0.34302810983040655, "car_lcLookaheadLeft": 78.41494095729479, "car_lcPushy": 0.17473631282740743, "car_lcSublane": 0.34195283630245243, "car_max_v": 11.181149858438129, "car_tau_mean": 3.0086978495123162, "car_tau_std": 6.993076236968142}, "datetime": {"datetime": "2024-08-04 11:38:34", "elapsed": 188.15521, "delta": 2.128147}}
{"target": -0.0431333129641742, "params": {"bus_acc": 1.3851120419101368, "bus_dcc": 3.2587777449398265, "bus_lcAssertive": 1.724577963458516, "bus_lcCooperative": 0.32825610365078084, "bus_lcLookaheadLeft": 91.92542206915053, "bus_lcPushy": 0.5883673328938768, "bus_lcSublane": 0.8551902839041353, "bus_max_v": 21.30278515168213, "bus_tau_mean": 3.3790235338335486, "bus_tau_std": 8.794835234293169, "car_acc": 1.6419727490489064, "car_dcc": 1.3688643146565354, "car_lcAssertive": 72.4090310744705, "car_lcCooperative": 0.44034708683123824, "car_lcLookaheadLeft": 14.420099495916842, "car_lcPushy": 0.5898236481098892, "car_lcSublane": 0.03606831456985993, "car_max_v": 12.404006561041712, "car_tau_mean": 3.259054163837891, "car_tau_std": 0.12096760015357866}, "datetime": {"datetime": "2024-08-04 11:38:44", "elapsed": 198.415719, "delta": 10.260509}}
{"target": -0.043885158380289585, "params": {"bus_acc": 1.3015687967443852, "bus_dcc": 2.108199776835719, "bus_lcAssertive": 15.07990405420588, "bus_lcCooperative": 0.7268937533445626, "bus_lcLookaheadLeft": 48.74727345142179, "bus_lcPushy": 0.44887883670676554, "bus_lcSublane": 0.8859979711653513, "bus_max_v": 19.60761299085435, "bus_tau_mean": 1.9318179117090097, "bus_tau_std": 2.6889202221264585, "car_acc": 1.14402407033954, "car_dcc": 2.2544084011759473, "car_lcAssertive": 3.5495947582517537, "car_lcCooperative": 0.29115394055242805, "car_lcLookaheadLeft": 51.34393196514286, "car_lcPushy": 0.9659330650197223, "car_lcSublane": 0.10938291419358459, "car_max_v": 22.80690319276568, "car_tau_mean": 2.2497632988472, "car_tau_std": 7.77098229275783}, "datetime": {"datetime": "2024-08-04 11:38:46", "elapsed": 200.949305, "delta": 2.533586}}
