{"target": -0.1197075569776796, "params": {"bus_acc": 2.51, "bus_dcc": 4.0, "bus_lcAssertive": 83.37, "bus_lcCooperative": 0.87, "bus_lcLookaheadLeft": 60.62, "bus_lcPushy": 0.19, "bus_lcSublane": 0.41, "bus_max_v": 12.1, "bus_tau_mean": 1.03, "bus_tau_std": 2.04, "car_acc": 2.91, "car_dcc": 3.2, "car_lcAssertive": 68.11, "car_lcCooperative": 0.15, "car_lcLookaheadLeft": 20.45, "car_lcPushy": 0.76, "car_lcSublane": 0.12, "car_max_v": 9.56, "car_tau_mean": 1.31, "car_tau_std": 4.29}, "datetime": {"datetime": "2024-08-03 22:19:51", "elapsed": 3023.58261, "delta": 11.456055}}
{"target": -0.05664770028243662, "params": {"bus_acc": 1.86, "bus_dcc": 1.01, "bus_lcAssertive": 58.16, "bus_lcCooperative": 0.75, "bus_lcLookaheadLeft": 99.92, "bus_lcPushy": 0.38, "bus_lcSublane": 0.48, "bus_max_v": 24.51, "bus_tau_mean": 2.93, "bus_tau_std": 3.73, "car_acc": 1.67, "car_dcc": 1.49, "car_lcAssertive": 60.16, "car_lcCooperative": 0.18, "car_lcLookaheadLeft": 14.52, "car_lcPushy": 0.57, "car_lcSublane": 0.74, "car_max_v": 22.84, "car_tau_mean": 3.36, "car_tau_std": 8.83}, "datetime": {"datetime": "2024-08-03 22:19:57", "elapsed": 3029.415269, "delta": 5.832659}}
{"target": -0.05106205108288822, "params": {"bus_acc": 1.59, "bus_dcc": 1.32, "bus_lcAssertive": 9.77, "bus_lcCooperative": 0.46, "bus_lcLookaheadLeft": 76.87, "bus_lcPushy": 0.84, "bus_lcSublane": 0.23, "bus_max_v": 24.34, "bus_tau_mean": 1.96, "bus_tau_std": 6.06, "car_acc": 2.12, "car_dcc": 1.92, "car_lcAssertive": 4.51, "car_lcCooperative": 0.34, "car_lcLookaheadLeft": 51.18, "car_lcPushy": 0.17, "car_lcSublane": 0.42, "car_max_v": 17.45, "car_tau_mean": 3.15, "car_tau_std": 7.45}, "datetime": {"datetime": "2024-08-03 22:19:59", "elapsed": 3032.051578, "delta": 2.636309}}
{"target": -0.05245284592892688, "params": {"bus_acc": 2.03, "bus_dcc": 2.63, "bus_lcAssertive": 67.22, "bus_lcCooperative": 0.5, "bus_lcLookaheadLeft": 82.31, "bus_lcPushy": 0.88, "bus_lcSublane": 0.71, "bus_max_v": 11.43, "bus_tau_mean": 2.79, "bus_tau_std": 4.29, "car_acc": 2.01, "car_dcc": 1.98, "car_lcAssertive": 81.52, "car_lcCooperative": 0.4, "car_lcLookaheadLeft": 22.15, "car_lcPushy": 0.01, "car_lcSublane": 0.37, "car_max_v": 11.18, "car_tau_mean": 0.59, "car_tau_std": 4.13}, "datetime": {"datetime": "2024-08-03 22:20:09", "elapsed": 3041.936942, "delta": 9.885364}}
{"target": -0.03973030903082257, "params": {"bus_acc": 2.89, "bus_dcc": 1.42, "bus_lcAssertive": 25.27, "bus_lcCooperative": 0.58, "bus_lcLookaheadLeft": 99.96, "bus_lcPushy": 0.48, "bus_lcSublane": 0.86, "bus_max_v": 14.98, "bus_tau_mean": 2.04, "bus_tau_std": 3.46, "car_acc": 1.1, "car_dcc": 1.93, "car_lcAssertive": 77.59, "car_lcCooperative": 1.0, "car_lcLookaheadLeft": 64.78, "car_lcPushy": 0.13, "car_lcSublane": 0.78, "car_max_v": 17.54, "car_tau_mean": 3.1, "car_tau_std": 5.81}, "datetime": {"datetime": "2024-08-03 22:20:11", "elapsed": 3044.368331, "delta": 2.431389}}
{"target": -0.06684111538390843, "params": {"bus_acc": 1.05, "bus_dcc": 2.18, "bus_lcAssertive": 72.73, "bus_lcCooperative": 0.88, "bus_lcLookaheadLeft": 51.04, "bus_lcPushy": 0.22, "bus_lcSublane": 0.84, "bus_max_v": 6.51, "bus_tau_mean": 1.24, "bus_tau_std": 8.24, "car_acc": 1.83, "car_dcc": 2.34, "car_lcAssertive": 57.33, "car_lcCooperative": 0.12, "car_lcLookaheadLeft": 31.06, "car_lcPushy": 0.5, "car_lcSublane": 0.22, "car_max_v": 11.98, "car_tau_mean": 3.8, "car_tau_std": 8.49}, "datetime": {"datetime": "2024-08-03 22:20:22", "elapsed": 3054.787105, "delta": 10.418774}}
