{"target": -0.41500880426039793, "params": {"bus_acc": 4.5759106600654125, "bus_dcc": 2.9332323921929637, "bus_lcAssertive": 10.359882161315866, "bus_lcCooperative": 0.5513749856881907, "bus_lcLookaheadLeft": 14.639483472115067, "bus_lcPushy": 0.11882084014218852, "bus_lcSigma": 0.26554890159213385, "bus_lcSpeedGainRight": 3.8145415078578493, "bus_lcSublane": 0.6982209458758758, "bus_sigma": 0.5588521344343241, "bus_tau_mean": 1.3932931657714454, "bus_tau_std": 5.178687670230947, "bus_v_mean": 22.876015897736135, "bus_v_std": 3.7063840616388144, "car_acc": 3.9368296285996243, "car_dcc": 3.616548690250117, "car_lcAssertive": 67.2761646306554, "car_lcCooperative": 0.20369566865585875, "car_lcLookaheadLeft": 14.658267644424262, "car_lcPushy": 0.5150329913726867, "car_lcSigma": 0.1303081811738389, "car_lcSpeedGainRight": 4.128500004174141, "car_lcSublane": 0.5236445287137309, "car_sigma": 0.2914236874448831, "car_tau_mean": 2.488443567072241, "car_tau_std": 2.6063738044561147, "car_v_mean": 17.351523274909564, "car_v_std": 4.642448545061127}, "datetime": {"datetime": "2024-08-08 17:25:40", "elapsed": 125.961752, "delta": 0.375182}}
{"target": -0.36330965764392237, "params": {"bus_acc": 3.370047475063187, "bus_dcc": 1.936809513105751, "bus_lcAssertive": 91.71424979336672, "bus_lcCooperative": 0.9096355249515571, "bus_lcLookaheadLeft": 27.19759279065523, "bus_lcPushy": 0.1108913007440292, "bus_lcSigma": 0.19296273201911285, "bus_lcSpeedGainRight": 2.4979208533944304, "bus_lcSublane": 0.7285856679745962, "bus_sigma": 0.20819443840879148, "bus_tau_mean": 1.3681174543203076, "bus_tau_std": 8.516718749363669, "bus_v_mean": 14.653579492280437, "bus_v_std": 12.333701343104725, "car_acc": 1.9346645569570002, "car_dcc": 1.3059017782773923, "car_lcAssertive": 52.069844679884454, "car_lcCooperative": 0.47714098704978236, "car_lcLookaheadLeft": 16.96182112113, "car_lcPushy": 0.6218062317404155, "car_lcSigma": 0.5440101188139381, "car_lcSpeedGainRight": 3.2706867348537214, "car_lcSublane": 0.1445455401246598, "car_sigma": 0.7515278171352439, "car_tau_mean": 1.2771719892997293, "car_tau_std": 5.19351824366033, "car_v_mean": 20.564736451545905, "car_v_std": 0.4466085598361236}, "datetime": {"datetime": "2024-08-08 17:25:48", "elapsed": 133.986676, "delta": 8.024924}}
{"target": -0.3152339621027484, "params": {"bus_acc": 2.321566985446811, "bus_dcc": 3.5304823781909667, "bus_lcAssertive": 43.41580511915627, "bus_lcCooperative": 0.8646861447635343, "bus_lcLookaheadLeft": 66.39241161304318, "bus_lcPushy": 0.5810356574180902, "bus_lcSigma": 0.200727488035091, "bus_lcSpeedGainRight": 2.6477330523919744, "bus_lcSublane": 0.8944324184275724, "bus_sigma": 0.30499397583521604, "bus_tau_mean": 3.548309632063687, "bus_tau_std": 9.087452728583882, "bus_v_mean": 13.277513002910117, "bus_v_std": 13.661487326731283, "car_acc": 4.596883798263875, "car_dcc": 1.22709064527491, "car_lcAssertive": 87.98019845727228, "car_lcCooperative": 0.1908393632684806, "car_lcLookaheadLeft": 85.2773531817572, "car_lcPushy": 0.6671187886992039, "car_lcSigma": 0.34433919545005387, "car_lcSpeedGainRight": 0.756877849963995, "car_lcSublane": 0.6353709614884534, "car_sigma": 0.8477880437147416, "car_tau_mean": 3.376472811674037, "car_tau_std": 6.282395971306578, "car_v_mean": 23.300824156083713, "car_v_std": 11.798462541515395}, "datetime": {"datetime": "2024-08-08 17:25:50", "elapsed": 135.294501, "delta": 1.307825}}
{"target": -0.366734840335953, "params": {"bus_acc": 1.553418759171786, "bus_dcc": 1.8704333893136251, "bus_lcAssertive": 61.77323788438401, "bus_lcCooperative": 0.3241385298974466, "bus_lcLookaheadLeft": 46.82129780571785, "bus_lcPushy": 0.44411710701661444, "bus_lcSigma": 0.8281353607315121, "bus_lcSpeedGainRight": 2.1317407711811533, "bus_lcSublane": 0.3456988211755023, "bus_sigma": 0.6749716048091052, "bus_tau_mean": 1.2751871950673506, "bus_tau_std": 4.672458239265538, "bus_v_mean": 13.036250997184263, "bus_v_std": 12.537112043256693, "car_acc": 4.509441898779251, "car_dcc": 2.3430670004368856, "car_lcAssertive": 78.66128446040038, "car_lcCooperative": 0.4569657005615504, "car_lcLookaheadLeft": 66.31047450827887, "car_lcPushy": 0.13184097502750214, "car_lcSigma": 0.43298150696764814, "car_lcSpeedGainRight": 4.5465599432746835, "car_lcSublane": 0.6054790010309347, "car_sigma": 0.7667745872371021, "car_tau_mean": 2.2664521283356303, "car_tau_std": 4.980556248280075, "car_v_mean": 21.4863974430856, "car_v_std": 1.356138686819075}, "datetime": {"datetime": "2024-08-08 17:25:52", "elapsed": 137.847089, "delta": 2.552588}}
{"target": -0.3339906332012303, "params": {"bus_acc": 3.6123243704831247, "bus_dcc": 2.849605327987447, "bus_lcAssertive": 55.3906870999164, "bus_lcCooperative": 0.6475674602171423, "bus_lcLookaheadLeft": 84.74485450814532, "bus_lcPushy": 0.7768788234369576, "bus_lcSigma": 0.6726274664443596, "bus_lcSpeedGainRight": 0.15922666835990695, "bus_lcSublane": 0.00869477233051752, "bus_sigma": 0.35853764499380425, "bus_tau_mean": 0.6072183741923225, "bus_tau_std": 5.1784745323882415, "bus_v_mean": 8.056862412856328, "bus_v_std": 9.614607988851265, "car_acc": 2.5104344497706523, "car_dcc": 3.8723921138565585, "car_lcAssertive": 6.529501449264856, "car_lcCooperative": 0.06519097325360512, "car_lcLookaheadLeft": 85.2281216299532, "car_lcPushy": 0.7952578782339053, "car_lcSigma": 0.9358461521716702, "car_lcSpeedGainRight": 0.3911832429810269, "car_lcSublane": 0.6200997744812532, "car_sigma": 0.5144048737784671, "car_tau_mean": 1.625509157027252, "car_tau_std": 6.108114505932885, "car_v_mean": 22.689244615762533, "car_v_std": 1.251310129648222}, "datetime": {"datetime": "2024-08-08 17:25:55", "elapsed": 140.870562, "delta": 3.023473}}
{"target": -0.3106148052155179, "params": {"bus_acc": 3.0566330710247507, "bus_dcc": 2.494500474983537, "bus_lcAssertive": 37.987362173714196, "bus_lcCooperative": 0.603513616671319, "bus_lcLookaheadLeft": 85.44393915394977, "bus_lcPushy": 0.27692305646899273, "bus_lcSigma": 0.844761362843635, "bus_lcSpeedGainRight": 2.083095742860592, "bus_lcSublane": 0.5009840123939405, "bus_sigma": 0.7296233785681803, "bus_tau_mean": 1.4055259762731254, "bus_tau_std": 9.216369186561401, "bus_v_mean": 19.233111427661573, "bus_v_std": 12.378608461949781, "car_acc": 2.092035349247671, "car_dcc": 3.0875453690783377, "car_lcAssertive": 26.464260096892083, "car_lcCooperative": 0.8164526703274775, "car_lcLookaheadLeft": 3.1243005922447935, "car_lcPushy": 0.1665376436115401, "car_lcSigma": 0.557828988762059, "car_lcSpeedGainRight": 3.5614049980125104, "car_lcSublane": 0.49248065391311036, "car_sigma": 0.8778095014799501, "car_tau_mean": 3.9155447814701976, "car_tau_std": 4.642770675442432, "car_v_mean": 20.287791671724893, "car_v_std": 9.895442676670545}, "datetime": {"datetime": "2024-08-08 17:25:56", "elapsed": 141.999462, "delta": 1.1289}}
{"target": -0.3546942610943485, "params": {"bus_acc": 1.4056831075251068, "bus_dcc": 3.1367344131917667, "bus_lcAssertive": 9.725381228617952, "bus_lcCooperative": 0.8660774293737196, "bus_lcLookaheadLeft": 86.61794715259819, "bus_lcPushy": 0.7084507915153727, "bus_lcSigma": 0.4864245738076861, "bus_lcSpeedGainRight": 3.4957328270645824, "bus_lcSublane": 0.3949870601017651, "bus_sigma": 0.7974959842933487, "bus_tau_mean": 3.252459787979467, "bus_tau_std": 1.5552858387362167, "bus_v_mean": 13.085080805609564, "bus_v_std": 6.879663535719807, "car_acc": 2.456681194614103, "car_dcc": 2.699936670063696, "car_lcAssertive": 5.12705680950849, "car_lcCooperative": 0.6599697189638991, "car_lcLookaheadLeft": 21.759912387550166, "car_lcPushy": 0.4164625561731081, "car_lcSigma": 0.4508926565007, "car_lcSpeedGainRight": 1.7436338477382296, "car_lcSublane": 0.38328031012801256, "car_sigma": 0.18030606084775935, "car_tau_mean": 0.7384552008792604, "car_tau_std": 5.512566489358516, "car_v_mean": 17.53387112986642, "car_v_std": 2.909995784434176}, "datetime": {"datetime": "2024-08-08 17:25:58", "elapsed": 143.450737, "delta": 1.451275}}
{"target": -0.3348054807632314, "params": {"bus_acc": 4.658535925432631, "bus_dcc": 3.4587560670453352, "bus_lcAssertive": 43.848167779710884, "bus_lcCooperative": 0.8556231314791921, "bus_lcLookaheadLeft": 24.1093225156119, "bus_lcPushy": 0.5405160670188519, "bus_lcSigma": 0.31515028861984373, "bus_lcSpeedGainRight": 0.5981724786276194, "bus_lcSublane": 0.14551195275320672, "bus_sigma": 0.9366048176878554, "bus_tau_mean": 1.1824734974452031, "bus_tau_std": 6.499101292412803, "bus_v_mean": 11.82593852704132, "bus_v_std": 10.5093914546465, "car_acc": 1.5225368164581718, "car_dcc": 1.8686210381093158, "car_lcAssertive": 40.651928474763466, "car_lcCooperative": 0.7066787742228039, "car_lcLookaheadLeft": 90.30485366442399, "car_lcPushy": 0.42857713198435743, "car_lcSigma": 0.713821968579719, "car_lcSpeedGainRight": 0.6954323027473958, "car_lcSublane": 0.10057507447264702, "car_sigma": 0.44810959037341414, "car_tau_mean": 3.1617718171797966, "car_tau_std": 2.316152840736775, "car_v_mean": 20.94612517910882, "car_v_std": 5.048154711224113}, "datetime": {"datetime": "2024-08-08 17:26:03", "elapsed": 148.39458, "delta": 4.943843}}
{"target": -0.3831539351422038, "params": {"bus_acc": 2.0099801163901656, "bus_dcc": 2.5180628595818506, "bus_lcAssertive": 74.18773951318929, "bus_lcCooperative": 0.7223022490183862, "bus_lcLookaheadLeft": 47.8946059874357, "bus_lcPushy": 0.7061935600296172, "bus_lcSigma": 0.5590665581575811, "bus_lcSpeedGainRight": 0.39205399549891606, "bus_lcSublane": 0.9528036194228799, "bus_sigma": 0.9756541957047803, "bus_tau_mean": 1.0670488494639803, "bus_tau_std": 4.1782692800369094, "bus_v_mean": 17.91345123869464, "bus_v_std": 11.362402442311907, "car_acc": 2.4989275495644416, "car_dcc": 3.7106640540163127, "car_lcAssertive": 68.04084602121695, "car_lcCooperative": 0.11262929712299152, "car_lcLookaheadLeft": 67.61721511643412, "car_lcPushy": 0.2179907626050135, "car_lcSigma": 0.08609465676401007, "car_lcSpeedGainRight": 1.7996610795890882, "car_lcSublane": 0.049607287737550965, "car_sigma": 0.146616371834832, "car_tau_mean": 2.085731645367833, "car_tau_std": 9.832023817283845, "car_v_mean": 21.469878541797108, "car_v_std": 0.2640991644681545}, "datetime": {"datetime": "2024-08-08 17:26:05", "elapsed": 150.176802, "delta": 1.782222}}
{"target": -0.3225471940100593, "params": {"bus_acc": 1.5822329246335882, "bus_dcc": 1.4731902096115999, "bus_lcAssertive": 19.575535617340964, "bus_lcCooperative": 0.6224959022999211, "bus_lcLookaheadLeft": 90.76933060881358, "bus_lcPushy": 0.9899551783590737, "bus_lcSigma": 0.7111224587658159, "bus_lcSpeedGainRight": 3.6590020457114765, "bus_lcSublane": 0.9092932045442544, "bus_sigma": 0.4008737323711209, "bus_tau_mean": 1.3744773807876287, "bus_tau_std": 1.7343017078712286, "bus_v_mean": 9.911312805339664, "bus_v_std": 16.252211760656575, "car_acc": 1.5871694936689726, "car_dcc": 1.792892448180702, "car_lcAssertive": 82.08982868471955, "car_lcCooperative": 0.31058725179421, "car_lcLookaheadLeft": 98.2769100307084, "car_lcPushy": 0.2666387021516352, "car_lcSigma": 0.5336533449712114, "car_lcSpeedGainRight": 1.5723350559292482, "car_lcSublane": 0.9107728311738374, "car_sigma": 0.36655664385123443, "car_tau_mean": 2.017573145456076, "car_tau_std": 5.122926922783614, "car_v_mean": 23.02218363791541, "car_v_std": 0.6189801254230143}, "datetime": {"datetime": "2024-08-08 17:26:19", "elapsed": 164.135517, "delta": 13.958715}}
{"target": -0.2877511033323199, "params": {"bus_acc": 2.052988235600758, "bus_dcc": 1.0023596245889093, "bus_lcAssertive": 24.314278368691447, "bus_lcCooperative": 0.673566697976032, "bus_lcLookaheadLeft": 88.07537956873259, "bus_lcPushy": 0.8307025692405677, "bus_lcSigma": 0.10810738558851041, "bus_lcSpeedGainRight": 0.35562489761419125, "bus_lcSublane": 0.7615923118790051, "bus_sigma": 0.2848333721183067, "bus_tau_mean": 1.4513106837381744, "bus_tau_std": 0.020003006084317043, "bus_v_mean": 9.576624170248849, "bus_v_std": 2.7119409478470624, "car_acc": 1.6374408249167862, "car_dcc": 2.3359408078460957, "car_lcAssertive": 81.59944565765821, "car_lcCooperative": 0.8122981153684475, "car_lcLookaheadLeft": 91.17898292487992, "car_lcPushy": 0.4435920386203337, "car_lcSigma": 0.7087105079450133, "car_lcSpeedGainRight": 2.4416705906022433, "car_lcSublane": 0.04984255813452099, "car_sigma": 0.0804314339695471, "car_tau_mean": 1.3607981732564867, "car_tau_std": 9.816217286230167, "car_v_mean": 19.070675668428557, "car_v_std": 5.360151637146409}, "datetime": {"datetime": "2024-08-08 17:26:19", "elapsed": 164.845825, "delta": 0.710308}}
{"target": -0.28917110445788524, "params": {"bus_acc": 3.971685001558788, "bus_dcc": 2.0227607473970264, "bus_lcAssertive": 5.713481941948948, "bus_lcCooperative": 0.15635692867625162, "bus_lcLookaheadLeft": 20.998756246635587, "bus_lcPushy": 0.4951123625611782, "bus_lcSigma": 0.6351249610913382, "bus_lcSpeedGainRight": 4.401099886092915, "bus_lcSublane": 0.9025365564222451, "bus_sigma": 0.307160768485095, "bus_tau_mean": 3.1368302559395502, "bus_tau_std": 2.824280305589726, "bus_v_mean": 13.897229916244415, "bus_v_std": 5.854531241862604, "car_acc": 2.6547629447964054, "car_dcc": 1.6441470870051416, "car_lcAssertive": 32.57961464054871, "car_lcCooperative": 0.12191981389008766, "car_lcLookaheadLeft": 96.37578748036239, "car_lcPushy": 0.5039830093987828, "car_lcSigma": 0.9231006825886638, "car_lcSpeedGainRight": 3.7308007038671054, "car_lcSublane": 0.4577052876804192, "car_sigma": 0.7546222253081317, "car_tau_mean": 2.6980807751242404, "car_tau_std": 3.0375843415186865, "car_v_mean": 16.34654901461235, "car_v_std": 14.246243912948584}, "datetime": {"datetime": "2024-08-08 17:26:22", "elapsed": 167.139855, "delta": 2.29403}}
{"target": -0.29900862926389776, "params": {"bus_acc": 4.73814202071614, "bus_dcc": 2.690527502425512, "bus_lcAssertive": 54.980097896596, "bus_lcCooperative": 0.06347554987814286, "bus_lcLookaheadLeft": 54.45941760362607, "bus_lcPushy": 0.654541303819938, "bus_lcSigma": 0.14659184563314454, "bus_lcSpeedGainRight": 4.781823638234233, "bus_lcSublane": 0.19615079194334273, "bus_sigma": 0.673925993557942, "bus_tau_mean": 1.4601940369286983, "bus_tau_std": 1.0843083383187457, "bus_v_mean": 12.174412859118119, "bus_v_std": 6.683036670361496, "car_acc": 2.858927508924091, "car_dcc": 1.703069330204462, "car_lcAssertive": 73.02288477920217, "car_lcCooperative": 0.807191102024009, "car_lcLookaheadLeft": 79.51560841260104, "car_lcPushy": 0.7157485483912336, "car_lcSigma": 0.26964324616102264, "car_lcSpeedGainRight": 1.0522889552033787, "car_lcSublane": 0.10912832824141494, "car_sigma": 0.3966811014027529, "car_tau_mean": 0.8054332406161149, "car_tau_std": 6.553896564824752, "car_v_mean": 23.197262629798693, "car_v_std": 15.11266561158304}, "datetime": {"datetime": "2024-08-08 17:26:26", "elapsed": 172.08629, "delta": 4.946435}}
{"target": -0.28517009639856833, "params": {"bus_acc": 1.8041325948466862, "bus_dcc": 2.6686575162909376, "bus_lcAssertive": 15.002682528167531, "bus_lcCooperative": 0.18600998929139123, "bus_lcLookaheadLeft": 76.94882809892174, "bus_lcPushy": 0.07088626571143097, "bus_lcSigma": 0.36931364559160906, "bus_lcSpeedGainRight": 4.389390094592739, "bus_lcSublane": 0.10433739981467072, "bus_sigma": 0.3591532152607505, "bus_tau_mean": 0.8988612865937118, "bus_tau_std": 8.765407575704614, "bus_v_mean": 10.01979380608541, "bus_v_std": 5.091110156854466, "car_acc": 2.6876254100759014, "car_dcc": 2.9957680534005786, "car_lcAssertive": 35.125825645272066, "car_lcCooperative": 0.21350166529672077, "car_lcLookaheadLeft": 38.59174036511311, "car_lcPushy": 0.5710246261646967, "car_lcSigma": 0.9907513493930348, "car_lcSpeedGainRight": 1.635825879056847, "car_lcSublane": 0.3622033363809831, "car_sigma": 0.7062352536720174, "car_tau_mean": 1.5462749199359558, "car_tau_std": 3.497007210488695, "car_v_mean": 23.915323767669253, "car_v_std": 12.08534757565551}, "datetime": {"datetime": "2024-08-08 17:26:31", "elapsed": 176.526554, "delta": 4.440264}}
{"target": -0.37854399032616054, "params": {"bus_acc": 2.420837557358575, "bus_dcc": 3.922637883685274, "bus_lcAssertive": 13.154440815492576, "bus_lcCooperative": 0.18756989261723955, "bus_lcLookaheadLeft": 89.16536259551893, "bus_lcPushy": 0.5834063146082279, "bus_lcSigma": 0.3092463846587796, "bus_lcSpeedGainRight": 0.0038219273909401164, "bus_lcSublane": 0.22759773832225305, "bus_sigma": 0.1454036341712357, "bus_tau_mean": 1.212018385295317, "bus_tau_std": 8.963225568040047, "bus_v_mean": 21.96951005231425, "bus_v_std": 14.005788752668995, "car_acc": 2.881990704608836, "car_dcc": 3.481408006996865, "car_lcAssertive": 50.086813311436025, "car_lcCooperative": 0.36348868328490525, "car_lcLookaheadLeft": 29.009104070564156, "car_lcPushy": 0.9247408135383717, "car_lcSigma": 0.38698923425629217, "car_lcSpeedGainRight": 2.464404367156601, "car_lcSublane": 0.2544381023144221, "car_sigma": 0.8849665188380633, "car_tau_mean": 1.8414220988185035, "car_tau_std": 2.9757471531387525, "car_v_mean": 19.48151939511607, "car_v_std": 3.8173988634461486}, "datetime": {"datetime": "2024-08-08 17:26:36", "elapsed": 181.597701, "delta": 5.071147}}
{"target": -0.30290603205305394, "params": {"bus_acc": 1.856587699122965, "bus_dcc": 2.3186173064661735, "bus_lcAssertive": 17.67922019299827, "bus_lcCooperative": 0.5290872104552504, "bus_lcLookaheadLeft": 79.76149806836928, "bus_lcPushy": 0.03587914896601674, "bus_lcSigma": 0.19135887753572, "bus_lcSpeedGainRight": 4.887277821965081, "bus_lcSublane": 0.9607973060206447, "bus_sigma": 0.5565916591021018, "bus_tau_mean": 2.761317525235787, "bus_tau_std": 2.720930142932744, "bus_v_mean": 23.233457371405436, "bus_v_std": 13.3954961265448, "car_acc": 3.6672319805550466, "car_dcc": 1.0333100001097686, "car_lcAssertive": 85.44401513511959, "car_lcCooperative": 0.7783262186802019, "car_lcLookaheadLeft": 69.12255169667107, "car_lcPushy": 0.740781813019585, "car_lcSigma": 0.15657242459837717, "car_lcSpeedGainRight": 3.5938752642432497, "car_lcSublane": 0.09681841069321007, "car_sigma": 0.7069494480386341, "car_tau_mean": 0.5092112864392613, "car_tau_std": 7.762057874603809, "car_v_mean": 15.86491495650463, "car_v_std": 4.087737325957297}, "datetime": {"datetime": "2024-08-08 17:26:39", "elapsed": 184.926408, "delta": 3.328707}}
{"target": -0.33295730963113396, "params": {"bus_acc": 4.12935225344904, "bus_dcc": 2.634651120028584, "bus_lcAssertive": 23.500460760100726, "bus_lcCooperative": 0.22420283925593631, "bus_lcLookaheadLeft": 27.51902335654698, "bus_lcPushy": 0.308872752316256, "bus_lcSigma": 0.38770513178140986, "bus_lcSpeedGainRight": 1.487744661886186, "bus_lcSublane": 0.6795558945331504, "bus_sigma": 0.03507361930507891, "bus_tau_mean": 1.6483861022597883, "bus_tau_std": 7.452918728580155, "bus_v_mean": 23.084927761204554, "bus_v_std": 16.054651003151022, "car_acc": 1.963304838286216, "car_dcc": 1.698746405151495, "car_lcAssertive": 19.843342677001722, "car_lcCooperative": 0.8824975348586093, "car_lcLookaheadLeft": 25.309857349639547, "car_lcPushy": 0.7581806234131274, "car_lcSigma": 0.26104973140468657, "car_lcSpeedGainRight": 0.16540921703757816, "car_lcSublane": 0.7334477000687659, "car_sigma": 0.7262018097952009, "car_tau_mean": 0.8113568883636871, "car_tau_std": 3.267012579296016, "car_v_mean": 23.17384464302436, "car_v_std": 3.2589799716436896}, "datetime": {"datetime": "2024-08-08 17:26:41", "elapsed": 186.305024, "delta": 1.378616}}
{"target": -0.317958340265308, "params": {"bus_acc": 4.257349967688574, "bus_dcc": 3.844894716345379, "bus_lcAssertive": 29.77760736799541, "bus_lcCooperative": 0.44014655945827363, "bus_lcLookaheadLeft": 12.393635087302352, "bus_lcPushy": 0.877282123522309, "bus_lcSigma": 0.3436993279384193, "bus_lcSpeedGainRight": 4.526224401246487, "bus_lcSublane": 0.20385757159533968, "bus_sigma": 0.3496058152639734, "bus_tau_mean": 2.916677821520518, "bus_tau_std": 9.227065240960876, "bus_v_mean": 19.00713620811984, "bus_v_std": 6.801870359775089, "car_acc": 1.1601738396323862, "car_dcc": 1.9952521524543578, "car_lcAssertive": 48.13994491070535, "car_lcCooperative": 0.7304001354118015, "car_lcLookaheadLeft": 89.57560214467847, "car_lcPushy": 0.006309041039328278, "car_lcSigma": 0.0767344622459043, "car_lcSpeedGainRight": 1.408952731719344, "car_lcSublane": 0.5356189297149452, "car_sigma": 0.5357855982615345, "car_tau_mean": 1.9884221776401056, "car_tau_std": 8.836374179203876, "car_v_mean": 19.63763272054855, "car_v_std": 2.719227266596276}, "datetime": {"datetime": "2024-08-08 17:26:43", "elapsed": 188.117623, "delta": 1.812599}}
{"target": -0.364228549267172, "params": {"bus_acc": 4.421897558023925, "bus_dcc": 1.8064920916546352, "bus_lcAssertive": 35.36732073322599, "bus_lcCooperative": 0.4095519896996612, "bus_lcLookaheadLeft": 83.08971725193341, "bus_lcPushy": 0.7499212514067775, "bus_lcSigma": 0.20942087626406658, "bus_lcSpeedGainRight": 2.7142726664903987, "bus_lcSublane": 0.7667393012277475, "bus_sigma": 0.4787417094665899, "bus_tau_mean": 2.4442487821387893, "bus_tau_std": 2.125139219016019, "bus_v_mean": 18.549375235973184, "bus_v_std": 1.4415356887930675, "car_acc": 2.446932974711248, "car_dcc": 2.2012089386103484, "car_lcAssertive": 61.269165200009965, "car_lcCooperative": 0.9486697305005499, "car_lcLookaheadLeft": 23.473979451226207, "car_lcPushy": 0.544157260621743, "car_lcSigma": 0.8022404409713815, "car_lcSpeedGainRight": 3.0147800312808295, "car_lcSublane": 0.7388283437440198, "car_sigma": 0.11645374629739036, "car_tau_mean": 3.4252554143179244, "car_tau_std": 3.11299075805354, "car_v_mean": 14.993764762153413, "car_v_std": 1.6975981648729466}, "datetime": {"datetime": "2024-08-08 17:26:46", "elapsed": 191.645755, "delta": 3.528132}}
