{"target": -0.3339246941000318, "params": {"bus_acc": 1.3698, "bus_dcc": 1.9291, "bus_lcAssertive": 81.7375, "bus_lcCooperative": 0.4968, "bus_lcLookaheadLeft": 33.5987, "bus_lcPushy": 0.5678, "bus_lcSigma": 0.4938, "bus_lcSpeedGainRight": 2.4695, "bus_lcSublane": 0.6447, "bus_sigma": 0.2385, "bus_tau_mean": 1.7351, "bus_tau_std": 3.3552, "bus_v_mean": 10.7183, "bus_v_std": 7.9133, "car_acc": 3.6905, "car_dcc": 2.8697, "car_lcAssertive": 8.7048, "car_lcCooperative": 0.6044, "car_lcLookaheadLeft": 16.7727, "car_lcPushy": 0.5924, "car_lcSigma": 0.9263, "car_lcSpeedGainRight": 2.7302, "car_lcSublane": 0.3537, "car_sigma": 0.713, "car_tau_mean": 2.6502, "car_tau_std": 4.0419, "car_v_mean": 22.4071, "car_v_std": 17.9534}, "datetime": {"datetime": "2024-08-08 13:10:55", "elapsed": 1443.350783, "delta": 3.194092}}
{"target": -0.3965409291602051, "params": {"bus_acc": 2.5608, "bus_dcc": 3.7779, "bus_lcAssertive": 77.5329, "bus_lcCooperative": 0.347, "bus_lcLookaheadLeft": 47.1375, "bus_lcPushy": 0.9928, "bus_lcSigma": 0.5894, "bus_lcSpeedGainRight": 2.4135, "bus_lcSublane": 0.5665, "bus_sigma": 0.6106, "bus_tau_mean": 3.4854, "bus_tau_std": 4.9094, "bus_v_mean": 16.8322, "bus_v_std": 6.838, "car_acc": 3.7089, "car_dcc": 3.324, "car_lcAssertive": 53.9994, "car_lcCooperative": 0.4081, "car_lcLookaheadLeft": 6.68, "car_lcPushy": 0.1795, "car_lcSigma": 0.716, "car_lcSpeedGainRight": 1.175, "car_lcSublane": 0.756, "car_sigma": 0.226, "car_tau_mean": 3.7267, "car_tau_std": 5.6902, "car_v_mean": 8.2111, "car_v_std": 0.9802}, "datetime": {"datetime": "2024-08-08 13:10:57", "elapsed": 1444.649394, "delta": 1.298611}}
{"target": -0.37612327260519973, "params": {"bus_acc": 2.2652, "bus_dcc": 2.954, "bus_lcAssertive": 13.4146, "bus_lcCooperative": 0.9783, "bus_lcLookaheadLeft": 87.6023, "bus_lcPushy": 0.5274, "bus_lcSigma": 0.2585, "bus_lcSpeedGainRight": 0.7667, "bus_lcSublane": 0.9835, "bus_sigma": 0.2366, "bus_tau_mean": 1.8461, "bus_tau_std": 8.2011, "bus_v_mean": 11.0401, "bus_v_std": 17.1368, "car_acc": 2.7985, "car_dcc": 2.4083, "car_lcAssertive": 20.1622, "car_lcCooperative": 0.254, "car_lcLookaheadLeft": 69.4089, "car_lcPushy": 0.6477, "car_lcSigma": 0.1169, "car_lcSpeedGainRight": 0.5261, "car_lcSublane": 0.451, "car_sigma": 0.0948, "car_tau_mean": 2.0707, "car_tau_std": 1.4892, "car_v_mean": 16.7721, "car_v_std": 10.8711}, "datetime": {"datetime": "2024-08-08 13:10:57", "elapsed": 1445.223193, "delta": 0.573799}}
{"target": -0.34685354019413905, "params": {"bus_acc": 4.5236, "bus_dcc": 1.7534, "bus_lcAssertive": 77.6343, "bus_lcCooperative": 0.4758, "bus_lcLookaheadLeft": 9.9181, "bus_lcPushy": 0.336, "bus_lcSigma": 0.7378, "bus_lcSpeedGainRight": 4.4056, "bus_lcSublane": 0.3007, "bus_sigma": 0.8486, "bus_tau_mean": 2.6408, "bus_tau_std": 5.1491, "bus_v_mean": 11.8359, "bus_v_std": 6.8895, "car_acc": 3.1196, "car_dcc": 1.496, "car_lcAssertive": 38.2804, "car_lcCooperative": 0.1566, "car_lcLookaheadLeft": 72.1603, "car_lcPushy": 0.4938, "car_lcSigma": 0.2924, "car_lcSpeedGainRight": 2.7945, "car_lcSublane": 0.3069, "car_sigma": 0.4314, "car_tau_mean": 2.2308, "car_tau_std": 4.8515, "car_v_mean": 13.9352, "car_v_std": 14.9488}, "datetime": {"datetime": "2024-08-08 13:10:58", "elapsed": 1446.426173, "delta": 1.20298}}
{"target": -0.27582163970281587, "params": {"bus_acc": 1.0, "bus_dcc": 1.0, "bus_lcAssertive": 80.1988, "bus_lcCooperative": 0.7918, "bus_lcLookaheadLeft": 34.6331, "bus_lcPushy": 0.6356, "bus_lcSigma": 0.2274, "bus_lcSpeedGainRight": 3.4405, "bus_lcSublane": 0.2183, "bus_sigma": 0.0, "bus_tau_mean": 1.4895, "bus_tau_std": 4.8916, "bus_v_mean": 8.0, "bus_v_std": 6.8162, "car_acc": 3.2165, "car_dcc": 2.6955, "car_lcAssertive": 3.7282, "car_lcCooperative": 0.7173, "car_lcLookaheadLeft": 17.0612, "car_lcPushy": 0.8488, "car_lcSigma": 1.0, "car_lcSpeedGainRight": 2.7968, "car_lcSublane": 0.3851, "car_sigma": 1.0, "car_tau_mean": 3.6031, "car_tau_std": 4.4158, "car_v_mean": 19.6148, "car_v_std": 20.0}, "datetime": {"datetime": "2024-08-08 13:11:02", "elapsed": 1450.062002, "delta": 3.635829}}
{"target": -0.31722621312039334, "params": {"bus_acc": 1.2923, "bus_dcc": 1.8157, "bus_lcAssertive": 81.6239, "bus_lcCooperative": 0.4728, "bus_lcLookaheadLeft": 33.8396, "bus_lcPushy": 0.5945, "bus_lcSigma": 0.4535, "bus_lcSpeedGainRight": 2.1766, "bus_lcSublane": 0.7118, "bus_sigma": 0.0871, "bus_tau_mean": 1.7506, "bus_tau_std": 3.0759, "bus_v_mean": 10.2225, "bus_v_std": 6.1225, "car_acc": 3.8229, "car_dcc": 3.0483, "car_lcAssertive": 9.91, "car_lcCooperative": 0.6597, "car_lcLookaheadLeft": 15.3197, "car_lcPushy": 0.6041, "car_lcSigma": 0.919, "car_lcSpeedGainRight": 2.5267, "car_lcSublane": 0.3672, "car_sigma": 0.7938, "car_tau_mean": 2.4919, "car_tau_std": 3.7983, "car_v_mean": 23.8707, "car_v_std": 19.2998}, "datetime": {"datetime": "2024-08-08 13:11:04", "elapsed": 1451.659409, "delta": 1.597407}}
{"target": -0.31134944521359187, "params": {"bus_acc": 4.7985, "bus_dcc": 1.6857, "bus_lcAssertive": 75.3771, "bus_lcCooperative": 0.901, "bus_lcLookaheadLeft": 9.7425, "bus_lcPushy": 0.0579, "bus_lcSigma": 0.6823, "bus_lcSpeedGainRight": 2.4757, "bus_lcSublane": 0.0195, "bus_sigma": 0.0739, "bus_tau_mean": 3.737, "bus_tau_std": 8.8872, "bus_v_mean": 9.0799, "bus_v_std": 2.0282, "car_acc": 3.6281, "car_dcc": 3.5259, "car_lcAssertive": 85.2301, "car_lcCooperative": 0.732, "car_lcLookaheadLeft": 25.3305, "car_lcPushy": 0.3758, "car_lcSigma": 0.3116, "car_lcSpeedGainRight": 3.1807, "car_lcSublane": 0.8498, "car_sigma": 0.52, "car_tau_mean": 1.0765, "car_tau_std": 0.6177, "car_v_mean": 12.8978, "car_v_std": 1.9552}, "datetime": {"datetime": "2024-08-08 13:11:04", "elapsed": 1452.501006, "delta": 0.841597}}
{"target": -0.33994346954423793, "params": {"bus_acc": 1.2646, "bus_dcc": 1.8207, "bus_lcAssertive": 81.5105, "bus_lcCooperative": 0.4762, "bus_lcLookaheadLeft": 33.63, "bus_lcPushy": 0.5891, "bus_lcSigma": 0.4532, "bus_lcSpeedGainRight": 2.1536, "bus_lcSublane": 0.7074, "bus_sigma": 0.0744, "bus_tau_mean": 1.7759, "bus_tau_std": 2.9646, "bus_v_mean": 10.0514, "bus_v_std": 5.8706, "car_acc": 3.8592, "car_dcc": 3.0923, "car_lcAssertive": 10.119, "car_lcCooperative": 0.667, "car_lcLookaheadLeft": 15.2395, "car_lcPushy": 0.625, "car_lcSigma": 0.9166, "car_lcSpeedGainRight": 2.4646, "car_lcSublane": 0.3773, "car_sigma": 0.8049, "car_tau_mean": 2.4538, "car_tau_std": 3.676, "car_v_mean": 24.0, "car_v_std": 19.5462}, "datetime": {"datetime": "2024-08-08 13:11:09", "elapsed": 1456.968622, "delta": 4.467616}}
{"target": -0.35775119309953646, "params": {"bus_acc": 1.0677, "bus_dcc": 1.7508, "bus_lcAssertive": 79.4431, "bus_lcCooperative": 0.7233, "bus_lcLookaheadLeft": 26.1101, "bus_lcPushy": 0.559, "bus_lcSigma": 0.5897, "bus_lcSpeedGainRight": 3.611, "bus_lcSublane": 0.4678, "bus_sigma": 0.4089, "bus_tau_mean": 1.5821, "bus_tau_std": 2.3872, "bus_v_mean": 9.4841, "bus_v_std": 12.9218, "car_acc": 3.6824, "car_dcc": 3.0661, "car_lcAssertive": 1.3155, "car_lcCooperative": 0.4423, "car_lcLookaheadLeft": 14.0143, "car_lcPushy": 0.5307, "car_lcSigma": 0.9831, "car_lcSpeedGainRight": 2.5005, "car_lcSublane": 0.3787, "car_sigma": 0.8179, "car_tau_mean": 3.8925, "car_tau_std": 2.8753, "car_v_mean": 20.8521, "car_v_std": 19.9265}, "datetime": {"datetime": "2024-08-08 13:11:11", "elapsed": 1458.643307, "delta": 1.674685}}
{"target": -0.3564214719137374, "params": {"bus_acc": 4.5642, "bus_dcc": 1.767, "bus_lcAssertive": 77.6674, "bus_lcCooperative": 0.455, "bus_lcLookaheadLeft": 10.3043, "bus_lcPushy": 0.3176, "bus_lcSigma": 0.749, "bus_lcSpeedGainRight": 4.4189, "bus_lcSublane": 0.2881, "bus_sigma": 0.8686, "bus_tau_mean": 2.6109, "bus_tau_std": 5.0549, "bus_v_mean": 11.6805, "bus_v_std": 6.6444, "car_acc": 3.1689, "car_dcc": 1.3888, "car_lcAssertive": 38.3167, "car_lcCooperative": 0.1436, "car_lcLookaheadLeft": 72.9165, "car_lcPushy": 0.5197, "car_lcSigma": 0.2926, "car_lcSpeedGainRight": 2.7638, "car_lcSublane": 0.2879, "car_sigma": 0.4248, "car_tau_mean": 2.2507, "car_tau_std": 4.7864, "car_v_mean": 13.8263, "car_v_std": 14.7063}, "datetime": {"datetime": "2024-08-08 13:11:17", "elapsed": 1465.001294, "delta": 6.357987}}
{"target": -0.3345211715505321, "params": {"bus_acc": 1.287, "bus_dcc": 1.8533, "bus_lcAssertive": 81.4543, "bus_lcCooperative": 0.4798, "bus_lcLookaheadLeft": 33.6134, "bus_lcPushy": 0.5933, "bus_lcSigma": 0.4609, "bus_lcSpeedGainRight": 2.167, "bus_lcSublane": 0.6986, "bus_sigma": 0.0917, "bus_tau_mean": 1.8015, "bus_tau_std": 3.0069, "bus_v_mean": 10.1569, "bus_v_std": 6.0136, "car_acc": 3.8692, "car_dcc": 3.0891, "car_lcAssertive": 10.0719, "car_lcCooperative": 0.6684, "car_lcLookaheadLeft": 15.3682, "car_lcPushy": 0.6255, "car_lcSigma": 0.9169, "car_lcSpeedGainRight": 2.4762, "car_lcSublane": 0.3747, "car_sigma": 0.8001, "car_tau_mean": 2.4602, "car_tau_std": 3.7061, "car_v_mean": 23.9587, "car_v_std": 19.339}, "datetime": {"datetime": "2024-08-08 13:11:18", "elapsed": 1465.988242, "delta": 0.986948}}
{"target": -0.3320768542079632, "params": {"bus_acc": 4.4864, "bus_dcc": 1.8282, "bus_lcAssertive": 77.8202, "bus_lcCooperative": 0.5109, "bus_lcLookaheadLeft": 10.0885, "bus_lcPushy": 0.2101, "bus_lcSigma": 0.8604, "bus_lcSpeedGainRight": 5.0, "bus_lcSublane": 0.1396, "bus_sigma": 1.0, "bus_tau_mean": 3.1744, "bus_tau_std": 3.7452, "bus_v_mean": 13.1527, "bus_v_std": 6.9048, "car_acc": 3.6226, "car_dcc": 1.0, "car_lcAssertive": 40.0958, "car_lcCooperative": 0.0, "car_lcLookaheadLeft": 72.2089, "car_lcPushy": 0.5959, "car_lcSigma": 0.4607, "car_lcSpeedGainRight": 3.4185, "car_lcSublane": 0.1554, "car_sigma": 0.4202, "car_tau_mean": 2.1522, "car_tau_std": 4.0056, "car_v_mean": 13.3794, "car_v_std": 14.5053}, "datetime": {"datetime": "2024-08-08 13:11:19", "elapsed": 1466.559035, "delta": 0.570793}}
{"target": -0.34349158421248005, "params": {"bus_acc": 4.4882, "bus_dcc": 1.9009, "bus_lcAssertive": 77.8209, "bus_lcCooperative": 0.499, "bus_lcLookaheadLeft": 10.0037, "bus_lcPushy": 0.1645, "bus_lcSigma": 0.9095, "bus_lcSpeedGainRight": 5.0, "bus_lcSublane": 0.0478, "bus_sigma": 1.0, "bus_tau_mean": 3.3702, "bus_tau_std": 3.3126, "bus_v_mean": 13.281, "bus_v_std": 6.5384, "car_acc": 3.8631, "car_dcc": 1.0, "car_lcAssertive": 40.0987, "car_lcCooperative": 0.0, "car_lcLookaheadLeft": 72.6705, "car_lcPushy": 0.6369, "car_lcSigma": 0.5207, "car_lcSpeedGainRight": 3.6778, "car_lcSublane": 0.0751, "car_sigma": 0.4043, "car_tau_mean": 2.1895, "car_tau_std": 3.7443, "car_v_mean": 13.3424, "car_v_std": 14.2925}, "datetime": {"datetime": "2024-08-08 13:11:22", "elapsed": 1470.281179, "delta": 3.722144}}
{"target": -0.2785492631216134, "params": {"bus_acc": 1.0, "bus_dcc": 1.0, "bus_lcAssertive": 80.2683, "bus_lcCooperative": 0.7827, "bus_lcLookaheadLeft": 34.3539, "bus_lcPushy": 0.632, "bus_lcSigma": 0.2421, "bus_lcSpeedGainRight": 3.4551, "bus_lcSublane": 0.2318, "bus_sigma": 0.0, "bus_tau_mean": 1.4922, "bus_tau_std": 4.8085, "bus_v_mean": 8.0, "bus_v_std": 7.0194, "car_acc": 3.2309, "car_dcc": 2.6862, "car_lcAssertive": 3.7432, "car_lcCooperative": 0.7075, "car_lcLookaheadLeft": 17.2703, "car_lcPushy": 0.8367, "car_lcSigma": 1.0, "car_lcSpeedGainRight": 2.8028, "car_lcSublane": 0.3821, "car_sigma": 1.0, "car_tau_mean": 3.6109, "car_tau_std": 4.3598, "car_v_mean": 19.612, "car_v_std": 20.0}, "datetime": {"datetime": "2024-08-08 13:11:23", "elapsed": 1471.212423, "delta": 0.931244}}
{"target": -0.38369341064416895, "params": {"bus_acc": 4.7862, "bus_dcc": 2.6387, "bus_lcAssertive": 98.1628, "bus_lcCooperative": 0.5498, "bus_lcLookaheadLeft": 58.3423, "bus_lcPushy": 0.3902, "bus_lcSigma": 0.765, "bus_lcSpeedGainRight": 0.5925, "bus_lcSublane": 0.9779, "bus_sigma": 0.3871, "bus_tau_mean": 1.6551, "bus_tau_std": 4.5531, "bus_v_mean": 14.0032, "bus_v_std": 6.6104, "car_acc": 1.7114, "car_dcc": 3.9158, "car_lcAssertive": 16.8705, "car_lcCooperative": 0.6556, "car_lcLookaheadLeft": 23.1609, "car_lcPushy": 0.6785, "car_lcSigma": 0.0201, "car_lcSpeedGainRight": 3.0566, "car_lcSublane": 0.5446, "car_sigma": 0.0611, "car_tau_mean": 1.0558, "car_tau_std": 3.3092, "car_v_mean": 18.5077, "car_v_std": 13.7911}, "datetime": {"datetime": "2024-08-08 13:11:25", "elapsed": 1472.740871, "delta": 1.528448}}
{"target": -0.3485395574117858, "params": {"bus_acc": 1.2701, "bus_dcc": 1.848, "bus_lcAssertive": 81.5796, "bus_lcCooperative": 0.4813, "bus_lcLookaheadLeft": 33.7297, "bus_lcPushy": 0.6026, "bus_lcSigma": 0.4539, "bus_lcSpeedGainRight": 2.1729, "bus_lcSublane": 0.6953, "bus_sigma": 0.0788, "bus_tau_mean": 1.7791, "bus_tau_std": 2.9953, "bus_v_mean": 10.0935, "bus_v_std": 5.9849, "car_acc": 3.8503, "car_dcc": 3.0811, "car_lcAssertive": 10.0119, "car_lcCooperative": 0.6705, "car_lcLookaheadLeft": 15.268, "car_lcPushy": 0.6189, "car_lcSigma": 0.9264, "car_lcSpeedGainRight": 2.4842, "car_lcSublane": 0.378, "car_sigma": 0.8072, "car_tau_mean": 2.4683, "car_tau_std": 3.7351, "car_v_mean": 24.0, "car_v_std": 19.4398}, "datetime": {"datetime": "2024-08-08 13:11:25", "elapsed": 1473.292792, "delta": 0.551921}}
{"target": -0.3610633156923424, "params": {"bus_acc": 1.2715, "bus_dcc": 1.8128, "bus_lcAssertive": 81.5101, "bus_lcCooperative": 0.4758, "bus_lcLookaheadLeft": 33.6041, "bus_lcPushy": 0.5816, "bus_lcSigma": 0.4543, "bus_lcSpeedGainRight": 2.1515, "bus_lcSublane": 0.6986, "bus_sigma": 0.0748, "bus_tau_mean": 1.78, "bus_tau_std": 2.9495, "bus_v_mean": 10.0474, "bus_v_std": 5.8439, "car_acc": 3.8547, "car_dcc": 3.0947, "car_lcAssertive": 10.1269, "car_lcCooperative": 0.6697, "car_lcLookaheadLeft": 15.2515, "car_lcPushy": 0.6172, "car_lcSigma": 0.9152, "car_lcSpeedGainRight": 2.4554, "car_lcSublane": 0.3599, "car_sigma": 0.8038, "car_tau_mean": 2.4523, "car_tau_std": 3.6573, "car_v_mean": 24.0, "car_v_std": 19.5502}, "datetime": {"datetime": "2024-08-08 13:11:31", "elapsed": 1478.877761, "delta": 5.584969}}
{"target": -0.34312736570923685, "params": {"bus_acc": 4.5104, "bus_dcc": 1.7032, "bus_lcAssertive": 78.0893, "bus_lcCooperative": 0.4203, "bus_lcLookaheadLeft": 10.6254, "bus_lcPushy": 0.2162, "bus_lcSigma": 0.8469, "bus_lcSpeedGainRight": 5.0, "bus_lcSublane": 0.2052, "bus_sigma": 0.845, "bus_tau_mean": 2.5114, "bus_tau_std": 3.6892, "bus_v_mean": 12.4851, "bus_v_std": 6.2883, "car_acc": 3.3268, "car_dcc": 1.1008, "car_lcAssertive": 38.878, "car_lcCooperative": 0.1076, "car_lcLookaheadLeft": 74.7343, "car_lcPushy": 0.6449, "car_lcSigma": 0.3573, "car_lcSpeedGainRight": 2.652, "car_lcSublane": 0.1898, "car_sigma": 0.3878, "car_tau_mean": 1.942, "car_tau_std": 4.2911, "car_v_mean": 14.0987, "car_v_std": 13.0831}, "datetime": {"datetime": "2024-08-08 13:11:40", "elapsed": 1488.456575, "delta": 9.578814}}
{"target": -0.3439425801909345, "params": {"bus_acc": 4.6157, "bus_dcc": 1.771, "bus_lcAssertive": 78.0127, "bus_lcCooperative": 0.486, "bus_lcLookaheadLeft": 10.5986, "bus_lcPushy": 0.2363, "bus_lcSigma": 0.8597, "bus_lcSpeedGainRight": 5.0, "bus_lcSublane": 0.2684, "bus_sigma": 0.9051, "bus_tau_mean": 2.6882, "bus_tau_std": 3.8733, "bus_v_mean": 12.7052, "bus_v_std": 6.3455, "car_acc": 3.2864, "car_dcc": 1.1767, "car_lcAssertive": 39.0006, "car_lcCooperative": 0.1085, "car_lcLookaheadLeft": 74.4698, "car_lcPushy": 0.638, "car_lcSigma": 0.4034, "car_lcSpeedGainRight": 2.6032, "car_lcSublane": 0.2296, "car_sigma": 0.3937, "car_tau_mean": 2.0284, "car_tau_std": 4.2918, "car_v_mean": 14.0305, "car_v_std": 13.249}, "datetime": {"datetime": "2024-08-08 13:11:45", "elapsed": 1492.521118, "delta": 4.064543}}
{"target": -0.3629564652867726, "params": {"bus_acc": 4.5652, "bus_dcc": 1.659, "bus_lcAssertive": 77.9967, "bus_lcCooperative": 0.4887, "bus_lcLookaheadLeft": 10.6348, "bus_lcPushy": 0.2252, "bus_lcSigma": 0.8708, "bus_lcSpeedGainRight": 5.0, "bus_lcSublane": 0.25, "bus_sigma": 0.912, "bus_tau_mean": 2.6337, "bus_tau_std": 3.838, "bus_v_mean": 12.5787, "bus_v_std": 6.3015, "car_acc": 3.3907, "car_dcc": 1.1843, "car_lcAssertive": 38.9971, "car_lcCooperative": 0.1107, "car_lcLookaheadLeft": 74.3562, "car_lcPushy": 0.6763, "car_lcSigma": 0.4016, "car_lcSpeedGainRight": 2.61, "car_lcSublane": 0.2513, "car_sigma": 0.4307, "car_tau_mean": 2.0164, "car_tau_std": 4.3023, "car_v_mean": 13.8701, "car_v_std": 13.3206}, "datetime": {"datetime": "2024-08-08 13:11:52", "elapsed": 1500.366585, "delta": 7.845467}}
{"target": -0.2809897972109844, "params": {"bus_acc": 1.0, "bus_dcc": 1.0, "bus_lcAssertive": 80.238, "bus_lcCooperative": 0.7864, "bus_lcLookaheadLeft": 34.4717, "bus_lcPushy": 0.6338, "bus_lcSigma": 0.2358, "bus_lcSpeedGainRight": 3.4482, "bus_lcSublane": 0.2263, "bus_sigma": 0.0, "bus_tau_mean": 1.492, "bus_tau_std": 4.8467, "bus_v_mean": 8.0, "bus_v_std": 6.9345, "car_acc": 3.2243, "car_dcc": 2.6892, "car_lcAssertive": 3.7459, "car_lcCooperative": 0.7117, "car_lcLookaheadLeft": 17.18, "car_lcPushy": 0.8418, "car_lcSigma": 1.0, "car_lcSpeedGainRight": 2.8013, "car_lcSublane": 0.3832, "car_sigma": 1.0, "car_tau_mean": 3.6064, "car_tau_std": 4.3839, "car_v_mean": 19.6119, "car_v_std": 20.0}, "datetime": {"datetime": "2024-08-08 13:11:57", "elapsed": 1504.599593, "delta": 4.233008}}
{"target": -0.3279805147843272, "params": {"bus_acc": 5.0, "bus_dcc": 1.028, "bus_lcAssertive": 84.3691, "bus_lcCooperative": 0.0, "bus_lcLookaheadLeft": 3.6673, "bus_lcPushy": 0.0, "bus_lcSigma": 0.9566, "bus_lcSpeedGainRight": 5.0, "bus_lcSublane": 0.4405, "bus_sigma": 1.0, "bus_tau_mean": 3.8972, "bus_tau_std": 6.3151, "bus_v_mean": 13.1784, "bus_v_std": 8.4299, "car_acc": 2.5868, "car_dcc": 1.0, "car_lcAssertive": 36.9428, "car_lcCooperative": 0.0, "car_lcLookaheadLeft": 59.434, "car_lcPushy": 0.9511, "car_lcSigma": 0.2238, "car_lcSpeedGainRight": 4.4017, "car_lcSublane": 0.4101, "car_sigma": 0.2813, "car_tau_mean": 1.4917, "car_tau_std": 3.1392, "car_v_mean": 10.8704, "car_v_std": 13.8529}, "datetime": {"datetime": "2024-08-08 13:11:58", "elapsed": 1505.994283, "delta": 1.39469}}
{"target": -0.33303366700983034, "params": {"bus_acc": 5.0, "bus_dcc": 1.096, "bus_lcAssertive": 84.2614, "bus_lcCooperative": 0.0, "bus_lcLookaheadLeft": 3.7661, "bus_lcPushy": 0.0, "bus_lcSigma": 0.9556, "bus_lcSpeedGainRight": 5.0, "bus_lcSublane": 0.4577, "bus_sigma": 1.0, "bus_tau_mean": 3.8621, "bus_tau_std": 6.273, "bus_v_mean": 13.0992, "bus_v_std": 8.3615, "car_acc": 2.6252, "car_dcc": 1.0, "car_lcAssertive": 37.0274, "car_lcCooperative": 0.0, "car_lcLookaheadLeft": 59.6005, "car_lcPushy": 0.9703, "car_lcSigma": 0.2369, "car_lcSpeedGainRight": 4.4111, "car_lcSublane": 0.425, "car_sigma": 0.3112, "car_tau_mean": 1.5046, "car_tau_std": 3.1347, "car_v_mean": 10.9707, "car_v_std": 13.8436}, "datetime": {"datetime": "2024-08-08 13:11:59", "elapsed": 1506.944408, "delta": 0.950125}}
{"target": -0.3015348685584225, "params": {"bus_acc": 1.0, "bus_dcc": 1.0, "bus_lcAssertive": 80.2901, "bus_lcCooperative": 0.7805, "bus_lcLookaheadLeft": 34.2706, "bus_lcPushy": 0.6304, "bus_lcSigma": 0.2459, "bus_lcSpeedGainRight": 3.4611, "bus_lcSublane": 0.2348, "bus_sigma": 0.004, "bus_tau_mean": 1.4911, "bus_tau_std": 4.7817, "bus_v_mean": 8.0, "bus_v_std": 7.0734, "car_acc": 3.2353, "car_dcc": 2.6842, "car_lcAssertive": 3.7294, "car_lcCooperative": 0.705, "car_lcLookaheadLeft": 17.33, "car_lcPushy": 0.8333, "car_lcSigma": 1.0, "car_lcSpeedGainRight": 2.8031, "car_lcSublane": 0.3808, "car_sigma": 1.0, "car_tau_mean": 3.6154, "car_tau_std": 4.3426, "car_v_mean": 19.6125, "car_v_std": 20.0}, "datetime": {"datetime": "2024-08-08 13:12:10", "elapsed": 1517.697098, "delta": 10.75269}}
{"target": -0.3487329702976517, "params": {"bus_acc": 5.0, "bus_dcc": 1.0495, "bus_lcAssertive": 84.3086, "bus_lcCooperative": 0.0, "bus_lcLookaheadLeft": 3.756, "bus_lcPushy": 0.0, "bus_lcSigma": 0.9725, "bus_lcSpeedGainRight": 5.0, "bus_lcSublane": 0.4386, "bus_sigma": 1.0, "bus_tau_mean": 3.8827, "bus_tau_std": 6.2924, "bus_v_mean": 13.1522, "bus_v_std": 8.3774, "car_acc": 2.6025, "car_dcc": 1.0, "car_lcAssertive": 37.0091, "car_lcCooperative": 0.0, "car_lcLookaheadLeft": 59.5459, "car_lcPushy": 0.9773, "car_lcSigma": 0.2382, "car_lcSpeedGainRight": 4.4089, "car_lcSublane": 0.4242, "car_sigma": 0.314, "car_tau_mean": 1.5096, "car_tau_std": 3.1429, "car_v_mean": 10.9402, "car_v_std": 13.8279}, "datetime": {"datetime": "2024-08-08 13:12:14", "elapsed": 1521.894385, "delta": 4.197287}}
{"target": -0.2635893364668331, "params": {"bus_acc": 1.0, "bus_dcc": 1.0, "bus_lcAssertive": 81.031, "bus_lcCooperative": 0.9157, "bus_lcLookaheadLeft": 29.096, "bus_lcPushy": 0.5741, "bus_lcSigma": 0.2981, "bus_lcSpeedGainRight": 4.6025, "bus_lcSublane": 0.0307, "bus_sigma": 0.2464, "bus_tau_mean": 1.1948, "bus_tau_std": 4.7861, "bus_v_mean": 8.0, "bus_v_std": 11.8418, "car_acc": 3.0635, "car_dcc": 2.468, "car_lcAssertive": 1.0, "car_lcCooperative": 0.5294, "car_lcLookaheadLeft": 21.3834, "car_lcPushy": 0.8986, "car_lcSigma": 1.0, "car_lcSpeedGainRight": 3.0905, "car_lcSublane": 0.346, "car_sigma": 0.9684, "car_tau_mean": 4.0, "car_tau_std": 3.9959, "car_v_mean": 16.9573, "car_v_std": 20.0}, "datetime": {"datetime": "2024-08-08 13:12:25", "elapsed": 1532.71191, "delta": 10.817525}}
{"target": -0.30086954408943567, "params": {"bus_acc": 1.0, "bus_dcc": 1.0, "bus_lcAssertive": 80.2766, "bus_lcCooperative": 0.7823, "bus_lcLookaheadLeft": 34.2958, "bus_lcPushy": 0.6312, "bus_lcSigma": 0.2438, "bus_lcSpeedGainRight": 3.4621, "bus_lcSublane": 0.2328, "bus_sigma": 0.0014, "bus_tau_mean": 1.4907, "bus_tau_std": 4.7914, "bus_v_mean": 8.0, "bus_v_std": 7.0507, "car_acc": 3.2336, "car_dcc": 2.6859, "car_lcAssertive": 3.7133, "car_lcCooperative": 0.7062, "car_lcLookaheadLeft": 17.2996, "car_lcPushy": 0.8353, "car_lcSigma": 1.0, "car_lcSpeedGainRight": 2.8018, "car_lcSublane": 0.3815, "car_sigma": 1.0, "car_tau_mean": 3.6169, "car_tau_std": 4.3473, "car_v_mean": 19.6125, "car_v_std": 20.0}, "datetime": {"datetime": "2024-08-08 13:12:29", "elapsed": 1536.860352, "delta": 4.148442}}
