{"target": -0.3539821862299756, "params": {"bus_acc": 4.1859, "bus_dcc": 2.0608, "bus_lcAssertive": 79.4528, "bus_lcCooperative": 0.3275, "bus_lcLookaheadLeft": 33.9586, "bus_lcPushy": 0.6056, "bus_lcSigma": 0.5923, "bus_lcSpeedGainRight": 3.1261, "bus_lcSublane": 0.3171, "bus_sigma": 0.3886, "bus_tau_mean": 1.8126, "bus_tau_std": 3.6662, "bus_v_mean": 15.5334, "bus_v_std": 10.3047, "car_acc": 2.7704, "car_dcc": 1.6887, "car_lcAssertive": 66.6479, "car_lcCooperative": 0.6706, "car_lcLookaheadLeft": 59.8396, "car_lcPushy": 0.8641, "car_lcSigma": 0.5843, "car_lcSpeedGainRight": 1.4276, "car_lcSublane": 0.2827, "car_sigma": 0.2084, "car_tau_mean": 2.4468, "car_tau_std": 7.9308, "car_v_mean": 13.3904, "car_v_std": 14.1774}, "datetime": {"datetime": "2024-08-08 12:25:59", "elapsed": 1569.485624, "delta": 2.092975}}
{"target": -0.41077280488305046, "params": {"bus_acc": 4.1369, "bus_dcc": 1.6044, "bus_lcAssertive": 4.9262, "bus_lcCooperative": 0.321, "bus_lcLookaheadLeft": 18.3897, "bus_lcPushy": 0.7422, "bus_lcSigma": 0.7343, "bus_lcSpeedGainRight": 3.6422, "bus_lcSublane": 0.705, "bus_sigma": 0.2756, "bus_tau_mean": 1.9378, "bus_tau_std": 3.3931, "bus_v_mean": 12.3337, "bus_v_std": 6.9169, "car_acc": 3.7103, "car_dcc": 2.8512, "car_lcAssertive": 31.4172, "car_lcCooperative": 0.2738, "car_lcLookaheadLeft": 97.6612, "car_lcPushy": 0.7017, "car_lcSigma": 0.4466, "car_lcSpeedGainRight": 2.7586, "car_lcSublane": 0.6589, "car_sigma": 0.7009, "car_tau_mean": 2.7008, "car_tau_std": 3.0433, "car_v_mean": 16.1415, "car_v_std": 14.1078}, "datetime": {"datetime": "2024-08-08 12:26:01", "elapsed": 1571.590773, "delta": 2.105149}}
{"target": -0.318264473647878, "params": {"bus_acc": 2.0114, "bus_dcc": 3.6422, "bus_lcAssertive": 70.9522, "bus_lcCooperative": 0.8866, "bus_lcLookaheadLeft": 77.0191, "bus_lcPushy": 0.0122, "bus_lcSigma": 0.6016, "bus_lcSpeedGainRight": 0.1116, "bus_lcSublane": 0.4662, "bus_sigma": 0.7437, "bus_tau_mean": 1.1686, "bus_tau_std": 1.8198, "bus_v_mean": 15.6662, "bus_v_std": 4.5767, "car_acc": 1.588, "car_dcc": 1.0709, "car_lcAssertive": 14.707, "car_lcCooperative": 0.4117, "car_lcLookaheadLeft": 60.3211, "car_lcPushy": 0.9387, "car_lcSigma": 0.8545, "car_lcSpeedGainRight": 4.9044, "car_lcSublane": 0.6853, "car_sigma": 0.5626, "car_tau_mean": 0.682, "car_tau_std": 8.9436, "car_v_mean": 20.6967, "car_v_std": 10.8496}, "datetime": {"datetime": "2024-08-08 12:26:03", "elapsed": 1573.77785, "delta": 2.187077}}
{"target": -0.31685852017009475, "params": {"bus_acc": 4.7452, "bus_dcc": 2.2575, "bus_lcAssertive": 51.6772, "bus_lcCooperative": 0.6029, "bus_lcLookaheadLeft": 46.3481, "bus_lcPushy": 0.9362, "bus_lcSigma": 0.9824, "bus_lcSpeedGainRight": 2.9761, "bus_lcSublane": 0.1175, "bus_sigma": 0.0914, "bus_tau_mean": 3.4614, "bus_tau_std": 5.5311, "bus_v_mean": 13.6047, "bus_v_std": 19.066, "car_acc": 4.3896, "car_dcc": 2.2227, "car_lcAssertive": 12.0069, "car_lcCooperative": 0.7549, "car_lcLookaheadLeft": 27.0828, "car_lcPushy": 0.1203, "car_lcSigma": 0.6377, "car_lcSpeedGainRight": 1.4144, "car_lcSublane": 0.545, "car_sigma": 0.9172, "car_tau_mean": 3.6331, "car_tau_std": 5.7433, "car_v_mean": 15.8401, "car_v_std": 11.2369}, "datetime": {"datetime": "2024-08-08 12:26:04", "elapsed": 1575.022463, "delta": 1.244613}}
{"target": -0.33847202084390415, "params": {"bus_acc": 3.8389, "bus_dcc": 2.8259, "bus_lcAssertive": 8.3326, "bus_lcCooperative": 0.5753, "bus_lcLookaheadLeft": 20.0297, "bus_lcPushy": 0.4714, "bus_lcSigma": 0.3817, "bus_lcSpeedGainRight": 4.5789, "bus_lcSublane": 0.6426, "bus_sigma": 0.2303, "bus_tau_mean": 3.6204, "bus_tau_std": 1.9048, "bus_v_mean": 13.0442, "bus_v_std": 6.3591, "car_acc": 2.1085, "car_dcc": 1.6203, "car_lcAssertive": 33.3544, "car_lcCooperative": 0.2995, "car_lcLookaheadLeft": 95.33, "car_lcPushy": 0.6665, "car_lcSigma": 0.5408, "car_lcSpeedGainRight": 3.698, "car_lcSublane": 0.789, "car_sigma": 0.2354, "car_tau_mean": 3.1949, "car_tau_std": 2.5831, "car_v_mean": 15.728, "car_v_std": 15.1869}, "datetime": {"datetime": "2024-08-08 12:26:07", "elapsed": 1577.490978, "delta": 2.468515}}
{"target": -0.3350862287042391, "params": {"bus_acc": 4.4405, "bus_dcc": 2.5612, "bus_lcAssertive": 71.2909, "bus_lcCooperative": 0.8436, "bus_lcLookaheadLeft": 7.663, "bus_lcPushy": 0.1704, "bus_lcSigma": 0.6895, "bus_lcSpeedGainRight": 3.4877, "bus_lcSublane": 0.3761, "bus_sigma": 0.1297, "bus_tau_mean": 3.7588, "bus_tau_std": 8.9671, "bus_v_mean": 9.247, "bus_v_std": 3.0251, "car_acc": 2.7968, "car_dcc": 3.3568, "car_lcAssertive": 85.6916, "car_lcCooperative": 0.6484, "car_lcLookaheadLeft": 23.2811, "car_lcPushy": 0.3972, "car_lcSigma": 0.217, "car_lcSpeedGainRight": 3.9461, "car_lcSublane": 0.8035, "car_sigma": 0.5147, "car_tau_mean": 1.6267, "car_tau_std": 0.814, "car_v_mean": 13.0071, "car_v_std": 2.2042}, "datetime": {"datetime": "2024-08-08 12:26:08", "elapsed": 1578.283558, "delta": 0.79258}}
{"target": -0.3394369931912271, "params": {"bus_acc": 4.3576, "bus_dcc": 2.1023, "bus_lcAssertive": 51.2503, "bus_lcCooperative": 0.0119, "bus_lcLookaheadLeft": 6.7943, "bus_lcPushy": 0.1894, "bus_lcSigma": 0.2028, "bus_lcSpeedGainRight": 2.55, "bus_lcSublane": 0.1329, "bus_sigma": 0.6199, "bus_tau_mean": 0.7283, "bus_tau_std": 1.5486, "bus_v_mean": 11.6261, "bus_v_std": 16.7665, "car_acc": 2.0391, "car_dcc": 2.0866, "car_lcAssertive": 69.4259, "car_lcCooperative": 0.8696, "car_lcLookaheadLeft": 89.847, "car_lcPushy": 0.5069, "car_lcSigma": 0.6237, "car_lcSpeedGainRight": 4.5507, "car_lcSublane": 0.5484, "car_sigma": 0.5003, "car_tau_mean": 2.4964, "car_tau_std": 9.5856, "car_v_mean": 15.4601, "car_v_std": 17.5521}, "datetime": {"datetime": "2024-08-08 12:26:09", "elapsed": 1580.040295, "delta": 1.756737}}
{"target": -0.30509159810557396, "params": {"bus_acc": 1.2802, "bus_dcc": 2.0382, "bus_lcAssertive": 86.8229, "bus_lcCooperative": 0.1539, "bus_lcLookaheadLeft": 30.3484, "bus_lcPushy": 0.2544, "bus_lcSigma": 0.2154, "bus_lcSpeedGainRight": 2.3651, "bus_lcSublane": 0.1343, "bus_sigma": 0.9574, "bus_tau_mean": 0.5085, "bus_tau_std": 0.2477, "bus_v_mean": 11.6622, "bus_v_std": 17.7526, "car_acc": 3.8108, "car_dcc": 2.8639, "car_lcAssertive": 7.1195, "car_lcCooperative": 0.1174, "car_lcLookaheadLeft": 22.0781, "car_lcPushy": 0.9206, "car_lcSigma": 0.3694, "car_lcSpeedGainRight": 4.651, "car_lcSublane": 0.2841, "car_sigma": 0.2991, "car_tau_mean": 0.9827, "car_tau_std": 3.5369, "car_v_mean": 19.1586, "car_v_std": 18.1327}, "datetime": {"datetime": "2024-08-08 12:26:11", "elapsed": 1581.844227, "delta": 1.803932}}
{"target": -0.3376938127143337, "params": {"bus_acc": 4.5093, "bus_dcc": 2.8905, "bus_lcAssertive": 45.4462, "bus_lcCooperative": 0.2588, "bus_lcLookaheadLeft": 70.3565, "bus_lcPushy": 0.1891, "bus_lcSigma": 0.3293, "bus_lcSpeedGainRight": 3.5459, "bus_lcSublane": 0.1944, "bus_sigma": 0.3327, "bus_tau_mean": 2.0509, "bus_tau_std": 8.1156, "bus_v_mean": 13.4696, "bus_v_std": 13.9688, "car_acc": 2.5614, "car_dcc": 1.6162, "car_lcAssertive": 87.4568, "car_lcCooperative": 0.4267, "car_lcLookaheadLeft": 92.0187, "car_lcPushy": 0.2408, "car_lcSigma": 0.662, "car_lcSpeedGainRight": 3.842, "car_lcSublane": 0.4074, "car_sigma": 0.7066, "car_tau_mean": 2.4764, "car_tau_std": 6.1528, "car_v_mean": 21.3433, "car_v_std": 15.3445}, "datetime": {"datetime": "2024-08-08 12:26:12", "elapsed": 1582.959179, "delta": 1.114952}}
{"target": -0.33821865857308075, "params": {"bus_acc": 2.0485, "bus_dcc": 1.1989, "bus_lcAssertive": 2.0762, "bus_lcCooperative": 0.0392, "bus_lcLookaheadLeft": 46.4303, "bus_lcPushy": 0.3688, "bus_lcSigma": 0.0238, "bus_lcSpeedGainRight": 3.731, "bus_lcSublane": 0.5465, "bus_sigma": 0.4332, "bus_tau_mean": 1.7873, "bus_tau_std": 2.9979, "bus_v_mean": 16.9586, "bus_v_std": 11.0056, "car_acc": 3.565, "car_dcc": 1.8436, "car_lcAssertive": 88.7654, "car_lcCooperative": 0.4059, "car_lcLookaheadLeft": 77.9252, "car_lcPushy": 0.3581, "car_lcSigma": 0.6124, "car_lcSpeedGainRight": 0.1049, "car_lcSublane": 0.4349, "car_sigma": 0.0604, "car_tau_mean": 3.1589, "car_tau_std": 8.3493, "car_v_mean": 20.0905, "car_v_std": 18.9638}, "datetime": {"datetime": "2024-08-08 12:26:14", "elapsed": 1584.094256, "delta": 1.135077}}
{"target": -0.34408195543239684, "params": {"bus_acc": 3.1192, "bus_dcc": 1.5705, "bus_lcAssertive": 77.0708, "bus_lcCooperative": 0.5649, "bus_lcLookaheadLeft": 37.4381, "bus_lcPushy": 0.4792, "bus_lcSigma": 0.5318, "bus_lcSpeedGainRight": 3.2337, "bus_lcSublane": 0.556, "bus_sigma": 0.1517, "bus_tau_mean": 1.3325, "bus_tau_std": 2.728, "bus_v_mean": 16.883, "bus_v_std": 8.4843, "car_acc": 3.2231, "car_dcc": 3.9157, "car_lcAssertive": 71.9846, "car_lcCooperative": 0.0167, "car_lcLookaheadLeft": 62.1887, "car_lcPushy": 0.0058, "car_lcSigma": 0.6096, "car_lcSpeedGainRight": 2.9884, "car_lcSublane": 0.8564, "car_sigma": 0.7278, "car_tau_mean": 2.6894, "car_tau_std": 4.9403, "car_v_mean": 13.7377, "car_v_std": 10.1535}, "datetime": {"datetime": "2024-08-08 12:26:15", "elapsed": 1585.668437, "delta": 1.574181}}
{"target": -0.3378372882802916, "params": {"bus_acc": 1.1717, "bus_dcc": 2.4598, "bus_lcAssertive": 31.6042, "bus_lcCooperative": 0.5897, "bus_lcLookaheadLeft": 52.0167, "bus_lcPushy": 0.7568, "bus_lcSigma": 0.6225, "bus_lcSpeedGainRight": 2.8721, "bus_lcSublane": 0.5849, "bus_sigma": 0.2953, "bus_tau_mean": 2.3102, "bus_tau_std": 3.0808, "bus_v_mean": 15.3155, "bus_v_std": 14.7098, "car_acc": 2.2858, "car_dcc": 1.601, "car_lcAssertive": 4.6799, "car_lcCooperative": 0.4769, "car_lcLookaheadLeft": 84.7674, "car_lcPushy": 0.4092, "car_lcSigma": 0.4032, "car_lcSpeedGainRight": 1.5442, "car_lcSublane": 0.7984, "car_sigma": 0.2791, "car_tau_mean": 1.9148, "car_tau_std": 2.5612, "car_v_mean": 15.3594, "car_v_std": 8.7489}, "datetime": {"datetime": "2024-08-08 12:26:16", "elapsed": 1586.431914, "delta": 0.763477}}
{"target": -0.37144358960766, "params": {"bus_acc": 1.822, "bus_dcc": 3.0203, "bus_lcAssertive": 72.6369, "bus_lcCooperative": 0.391, "bus_lcLookaheadLeft": 24.8919, "bus_lcPushy": 0.4859, "bus_lcSigma": 0.6235, "bus_lcSpeedGainRight": 1.9307, "bus_lcSublane": 0.0487, "bus_sigma": 0.7059, "bus_tau_mean": 2.5543, "bus_tau_std": 7.863, "bus_v_mean": 10.7411, "bus_v_std": 13.4341, "car_acc": 2.7301, "car_dcc": 2.4803, "car_lcAssertive": 12.9138, "car_lcCooperative": 0.372, "car_lcLookaheadLeft": 10.6371, "car_lcPushy": 0.2405, "car_lcSigma": 0.6108, "car_lcSpeedGainRight": 3.8444, "car_lcSublane": 0.5201, "car_sigma": 0.2771, "car_tau_mean": 1.9019, "car_tau_std": 4.5199, "car_v_mean": 10.3106, "car_v_std": 3.4709}, "datetime": {"datetime": "2024-08-08 12:26:18", "elapsed": 1588.192949, "delta": 1.761035}}
{"target": -0.34036332496535976, "params": {"bus_acc": 3.6178, "bus_dcc": 3.2621, "bus_lcAssertive": 50.0423, "bus_lcCooperative": 0.9872, "bus_lcLookaheadLeft": 13.3137, "bus_lcPushy": 0.5853, "bus_lcSigma": 0.4159, "bus_lcSpeedGainRight": 3.8567, "bus_lcSublane": 0.1241, "bus_sigma": 0.6627, "bus_tau_mean": 0.9485, "bus_tau_std": 3.6945, "bus_v_mean": 11.5924, "bus_v_std": 8.0452, "car_acc": 3.1034, "car_dcc": 2.6917, "car_lcAssertive": 76.543, "car_lcCooperative": 0.0152, "car_lcLookaheadLeft": 91.7151, "car_lcPushy": 0.9612, "car_lcSigma": 0.3633, "car_lcSpeedGainRight": 4.3491, "car_lcSublane": 0.7978, "car_sigma": 0.3919, "car_tau_mean": 2.6464, "car_tau_std": 7.7189, "car_v_mean": 15.3554, "car_v_std": 18.604}, "datetime": {"datetime": "2024-08-08 12:26:18", "elapsed": 1588.9595, "delta": 0.766551}}
{"target": -0.3389627138644903, "params": {"bus_acc": 3.2846, "bus_dcc": 3.4386, "bus_lcAssertive": 38.7704, "bus_lcCooperative": 0.1252, "bus_lcLookaheadLeft": 55.8811, "bus_lcPushy": 0.8782, "bus_lcSigma": 0.2062, "bus_lcSpeedGainRight": 4.2125, "bus_lcSublane": 0.5241, "bus_sigma": 0.2987, "bus_tau_mean": 1.365, "bus_tau_std": 7.9397, "bus_v_mean": 20.6362, "bus_v_std": 6.6488, "car_acc": 1.7826, "car_dcc": 3.3501, "car_lcAssertive": 3.9422, "car_lcCooperative": 0.5036, "car_lcLookaheadLeft": 29.1044, "car_lcPushy": 0.7165, "car_lcSigma": 0.5584, "car_lcSpeedGainRight": 4.4233, "car_lcSublane": 0.3513, "car_sigma": 0.7329, "car_tau_mean": 3.6734, "car_tau_std": 5.9454, "car_v_mean": 23.7304, "car_v_std": 11.1346}, "datetime": {"datetime": "2024-08-08 12:26:26", "elapsed": 1596.721409, "delta": 7.761909}}
{"target": -0.35832591776646294, "params": {"bus_acc": 1.0994, "bus_dcc": 2.0867, "bus_lcAssertive": 7.0555, "bus_lcCooperative": 0.2995, "bus_lcLookaheadLeft": 45.5218, "bus_lcPushy": 0.4301, "bus_lcSigma": 0.4856, "bus_lcSpeedGainRight": 2.5453, "bus_lcSublane": 0.4361, "bus_sigma": 0.352, "bus_tau_mean": 0.7252, "bus_tau_std": 0.5303, "bus_v_mean": 19.3658, "bus_v_std": 10.0729, "car_acc": 1.7838, "car_dcc": 2.1811, "car_lcAssertive": 88.3606, "car_lcCooperative": 0.4114, "car_lcLookaheadLeft": 78.7821, "car_lcPushy": 0.2799, "car_lcSigma": 0.2916, "car_lcSpeedGainRight": 0.913, "car_lcSublane": 0.0354, "car_sigma": 0.9666, "car_tau_mean": 3.2359, "car_tau_std": 9.3136, "car_v_mean": 16.9864, "car_v_std": 19.3604}, "datetime": {"datetime": "2024-08-08 12:26:30", "elapsed": 1600.146103, "delta": 3.424694}}
{"target": -0.3055238731721049, "params": {"bus_acc": 3.5828, "bus_dcc": 3.8976, "bus_lcAssertive": 38.942, "bus_lcCooperative": 0.304, "bus_lcLookaheadLeft": 56.2992, "bus_lcPushy": 0.7916, "bus_lcSigma": 0.67, "bus_lcSpeedGainRight": 3.7144, "bus_lcSublane": 0.3928, "bus_sigma": 0.6469, "bus_tau_mean": 1.293, "bus_tau_std": 2.9052, "bus_v_mean": 20.8872, "bus_v_std": 18.3855, "car_acc": 2.7671, "car_dcc": 1.6723, "car_lcAssertive": 3.122, "car_lcCooperative": 0.6028, "car_lcLookaheadLeft": 23.3861, "car_lcPushy": 0.5851, "car_lcSigma": 0.5157, "car_lcSpeedGainRight": 0.5428, "car_lcSublane": 0.2962, "car_sigma": 0.6938, "car_tau_mean": 2.474, "car_tau_std": 5.7872, "car_v_mean": 23.3809, "car_v_std": 13.9536}, "datetime": {"datetime": "2024-08-08 12:26:33", "elapsed": 1603.604742, "delta": 3.458639}}
{"target": -0.37582768603190886, "params": {"bus_acc": 2.9882, "bus_dcc": 1.3984, "bus_lcAssertive": 35.4937, "bus_lcCooperative": 0.53, "bus_lcLookaheadLeft": 32.3596, "bus_lcPushy": 0.9745, "bus_lcSigma": 0.7394, "bus_lcSpeedGainRight": 4.0125, "bus_lcSublane": 0.2572, "bus_sigma": 0.4056, "bus_tau_mean": 0.8183, "bus_tau_std": 0.8001, "bus_v_mean": 14.2403, "bus_v_std": 10.4551, "car_acc": 1.942, "car_dcc": 3.7486, "car_lcAssertive": 29.6508, "car_lcCooperative": 0.8918, "car_lcLookaheadLeft": 90.3029, "car_lcPushy": 0.5745, "car_lcSigma": 0.1543, "car_lcSpeedGainRight": 0.1668, "car_lcSublane": 0.7437, "car_sigma": 0.8427, "car_tau_mean": 2.9482, "car_tau_std": 6.3877, "car_v_mean": 8.7367, "car_v_std": 5.2404}, "datetime": {"datetime": "2024-08-08 12:26:35", "elapsed": 1605.767536, "delta": 2.162794}}
{"target": -0.31885033784856676, "params": {"bus_acc": 2.491, "bus_dcc": 3.4708, "bus_lcAssertive": 94.9637, "bus_lcCooperative": 0.31, "bus_lcLookaheadLeft": 95.2402, "bus_lcPushy": 0.3861, "bus_lcSigma": 0.042, "bus_lcSpeedGainRight": 3.7952, "bus_lcSublane": 0.5818, "bus_sigma": 0.406, "bus_tau_mean": 2.9609, "bus_tau_std": 9.641, "bus_v_mean": 12.4425, "bus_v_std": 13.2525, "car_acc": 3.3358, "car_dcc": 2.791, "car_lcAssertive": 21.6513, "car_lcCooperative": 0.4104, "car_lcLookaheadLeft": 71.804, "car_lcPushy": 0.5162, "car_lcSigma": 0.849, "car_lcSpeedGainRight": 2.3882, "car_lcSublane": 0.7734, "car_sigma": 0.947, "car_tau_mean": 1.6867, "car_tau_std": 2.8902, "car_v_mean": 16.9146, "car_v_std": 9.3106}, "datetime": {"datetime": "2024-08-08 12:26:37", "elapsed": 1607.494564, "delta": 1.727028}}
{"target": -0.3344560542923027, "params": {"bus_acc": 1.7539, "bus_dcc": 2.9813, "bus_lcAssertive": 87.3022, "bus_lcCooperative": 0.344, "bus_lcLookaheadLeft": 93.293, "bus_lcPushy": 0.5779, "bus_lcSigma": 0.8044, "bus_lcSpeedGainRight": 2.6554, "bus_lcSublane": 0.2746, "bus_sigma": 0.028, "bus_tau_mean": 1.8469, "bus_tau_std": 3.0788, "bus_v_mean": 11.6399, "bus_v_std": 9.8886, "car_acc": 1.8553, "car_dcc": 1.8113, "car_lcAssertive": 68.5709, "car_lcCooperative": 0.061, "car_lcLookaheadLeft": 17.3695, "car_lcPushy": 0.5415, "car_lcSigma": 0.7279, "car_lcSpeedGainRight": 3.659, "car_lcSublane": 0.2286, "car_sigma": 0.2985, "car_tau_mean": 1.8667, "car_tau_std": 0.8868, "car_v_mean": 16.9664, "car_v_std": 8.7991}, "datetime": {"datetime": "2024-08-08 12:26:38", "elapsed": 1609.039185, "delta": 1.544621}}
{"target": -0.31713769835963845, "params": {"bus_acc": 4.191, "bus_dcc": 2.5525, "bus_lcAssertive": 48.6431, "bus_lcCooperative": 0.1431, "bus_lcLookaheadLeft": 69.007, "bus_lcPushy": 0.1979, "bus_lcSigma": 0.9797, "bus_lcSpeedGainRight": 2.726, "bus_lcSublane": 0.4869, "bus_sigma": 0.1847, "bus_tau_mean": 2.8394, "bus_tau_std": 4.6026, "bus_v_mean": 10.5961, "bus_v_std": 15.8729, "car_acc": 2.9217, "car_dcc": 2.9755, "car_lcAssertive": 85.8248, "car_lcCooperative": 0.3685, "car_lcLookaheadLeft": 93.6355, "car_lcPushy": 0.0172, "car_lcSigma": 0.927, "car_lcSpeedGainRight": 2.406, "car_lcSublane": 0.2841, "car_sigma": 0.9005, "car_tau_mean": 2.942, "car_tau_std": 4.7474, "car_v_mean": 20.9009, "car_v_std": 10.3511}, "datetime": {"datetime": "2024-08-08 12:26:39", "elapsed": 1609.985348, "delta": 0.946163}}
{"target": -0.33588717396597434, "params": {"bus_acc": 4.9755, "bus_dcc": 2.661, "bus_lcAssertive": 69.2059, "bus_lcCooperative": 0.0884, "bus_lcLookaheadLeft": 55.7637, "bus_lcPushy": 0.5387, "bus_lcSigma": 0.0303, "bus_lcSpeedGainRight": 1.6621, "bus_lcSublane": 0.5072, "bus_sigma": 0.6059, "bus_tau_mean": 0.9461, "bus_tau_std": 8.7428, "bus_v_mean": 13.0961, "bus_v_std": 5.3999, "car_acc": 2.112, "car_dcc": 2.0733, "car_lcAssertive": 58.5437, "car_lcCooperative": 0.4162, "car_lcLookaheadLeft": 63.9934, "car_lcPushy": 0.7874, "car_lcSigma": 0.2149, "car_lcSpeedGainRight": 4.7543, "car_lcSublane": 0.9748, "car_sigma": 0.4613, "car_tau_mean": 1.0272, "car_tau_std": 5.7054, "car_v_mean": 16.5753, "car_v_std": 4.7586}, "datetime": {"datetime": "2024-08-08 12:26:40", "elapsed": 1610.670296, "delta": 0.684948}}
{"target": -0.352047591357862, "params": {"bus_acc": 2.907, "bus_dcc": 3.2686, "bus_lcAssertive": 77.6429, "bus_lcCooperative": 0.1243, "bus_lcLookaheadLeft": 66.9416, "bus_lcPushy": 0.4693, "bus_lcSigma": 0.5839, "bus_lcSpeedGainRight": 4.5219, "bus_lcSublane": 0.6574, "bus_sigma": 0.475, "bus_tau_mean": 3.995, "bus_tau_std": 7.999, "bus_v_mean": 19.4771, "bus_v_std": 14.447, "car_acc": 2.8269, "car_dcc": 2.0308, "car_lcAssertive": 30.5436, "car_lcCooperative": 0.2764, "car_lcLookaheadLeft": 70.2149, "car_lcPushy": 0.1158, "car_lcSigma": 0.1434, "car_lcSpeedGainRight": 4.0606, "car_lcSublane": 0.8262, "car_sigma": 0.646, "car_tau_mean": 0.7382, "car_tau_std": 2.119, "car_v_mean": 20.9802, "car_v_std": 5.1359}, "datetime": {"datetime": "2024-08-08 12:26:42", "elapsed": 1612.988157, "delta": 2.317861}}
{"target": -0.3580180551205252, "params": {"bus_acc": 3.8008, "bus_dcc": 1.5235, "bus_lcAssertive": 58.0629, "bus_lcCooperative": 0.237, "bus_lcLookaheadLeft": 17.7378, "bus_lcPushy": 0.5909, "bus_lcSigma": 0.2004, "bus_lcSpeedGainRight": 4.1877, "bus_lcSublane": 0.7367, "bus_sigma": 0.5739, "bus_tau_mean": 3.2917, "bus_tau_std": 7.1245, "bus_v_mean": 15.4461, "bus_v_std": 7.359, "car_acc": 2.6888, "car_dcc": 3.7508, "car_lcAssertive": 96.5865, "car_lcCooperative": 0.3269, "car_lcLookaheadLeft": 5.8048, "car_lcPushy": 0.5551, "car_lcSigma": 0.3449, "car_lcSpeedGainRight": 2.5422, "car_lcSublane": 0.6671, "car_sigma": 0.4525, "car_tau_mean": 3.7507, "car_tau_std": 2.2063, "car_v_mean": 11.7408, "car_v_std": 4.6976}, "datetime": {"datetime": "2024-08-08 12:26:43", "elapsed": 1613.992385, "delta": 1.004228}}
{"target": -0.3335618201310415, "params": {"bus_acc": 2.4142, "bus_dcc": 2.8691, "bus_lcAssertive": 81.0204, "bus_lcCooperative": 0.4303, "bus_lcLookaheadLeft": 37.4831, "bus_lcPushy": 0.8445, "bus_lcSigma": 0.8627, "bus_lcSpeedGainRight": 4.3451, "bus_lcSublane": 0.034, "bus_sigma": 0.9629, "bus_tau_mean": 1.6969, "bus_tau_std": 1.9712, "bus_v_mean": 16.7201, "bus_v_std": 9.145, "car_acc": 1.8036, "car_dcc": 1.8658, "car_lcAssertive": 68.9818, "car_lcCooperative": 0.8963, "car_lcLookaheadLeft": 64.259, "car_lcPushy": 0.913, "car_lcSigma": 0.5482, "car_lcSpeedGainRight": 3.3571, "car_lcSublane": 0.023, "car_sigma": 0.5359, "car_tau_mean": 1.7421, "car_tau_std": 6.6506, "car_v_mean": 13.1277, "car_v_std": 15.6845}, "datetime": {"datetime": "2024-08-08 12:26:45", "elapsed": 1615.617295, "delta": 1.62491}}
{"target": -0.33325489231949224, "params": {"bus_acc": 4.6518, "bus_dcc": 2.5475, "bus_lcAssertive": 99.0301, "bus_lcCooperative": 0.6305, "bus_lcLookaheadLeft": 52.656, "bus_lcPushy": 0.0096, "bus_lcSigma": 0.5047, "bus_lcSpeedGainRight": 0.4601, "bus_lcSublane": 0.2707, "bus_sigma": 0.4074, "bus_tau_mean": 1.7682, "bus_tau_std": 6.0482, "bus_v_mean": 19.5283, "bus_v_std": 11.4752, "car_acc": 2.8462, "car_dcc": 1.3764, "car_lcAssertive": 42.9564, "car_lcCooperative": 0.5414, "car_lcLookaheadLeft": 98.9622, "car_lcPushy": 0.9813, "car_lcSigma": 0.364, "car_lcSpeedGainRight": 0.5065, "car_lcSublane": 0.5429, "car_sigma": 0.0113, "car_tau_mean": 0.8947, "car_tau_std": 6.6541, "car_v_mean": 15.0866, "car_v_std": 11.0857}, "datetime": {"datetime": "2024-08-08 12:26:55", "elapsed": 1625.322938, "delta": 9.705643}}
