{"target": -0.38023451469870306, "params": {"bus_acc": 2.1724, "bus_dcc": 1.4046, "bus_lcAssertive": 45.4645, "bus_lcCooperative": 0.7882, "bus_lcLookaheadLeft": 98.2638, "bus_lcPushy": 0.5776, "bus_lcSigma": 0.3982, "bus_lcSpeedGainRight": 0.3151, "bus_lcSublane": 0.7939, "bus_sigma": 0.6412, "bus_tau_mean": 0.8979, "bus_tau_std": 0.1384, "bus_v_mean": 14.7429, "bus_v_std": 0.3173, "car_acc": 1.591, "car_dcc": 1.5181, "car_lcAssertive": 86.0526, "car_lcCooperative": 0.6951, "car_lcLookaheadLeft": 27.9007, "car_lcPushy": 0.7901, "car_lcSigma": 0.6561, "car_lcSpeedGainRight": 3.4449, "car_lcSublane": 0.7711, "car_sigma": 0.0184, "car_tau_mean": 2.0556, "car_tau_std": 9.743, "car_v_mean": 12.0536, "car_v_std": 8.3788}, "datetime": {"datetime": "2024-08-08 10:59:12", "elapsed": 3832.24028, "delta": 5.274423}}
{"target": -0.3734856780866602, "params": {"bus_acc": 2.2421, "bus_dcc": 2.6219, "bus_lcAssertive": 67.052, "bus_lcCooperative": 0.8925, "bus_lcLookaheadLeft": 25.6949, "bus_lcPushy": 0.7723, "bus_lcSigma": 0.0906, "bus_lcSpeedGainRight": 2.7887, "bus_lcSublane": 0.1018, "bus_sigma": 0.3881, "bus_tau_mean": 3.1729, "bus_tau_std": 2.1357, "bus_v_mean": 14.1489, "bus_v_std": 11.3058, "car_acc": 1.2364, "car_dcc": 1.6158, "car_lcAssertive": 44.0244, "car_lcCooperative": 0.5767, "car_lcLookaheadLeft": 82.6944, "car_lcPushy": 0.1911, "car_lcSigma": 0.4018, "car_lcSpeedGainRight": 4.7917, "car_lcSublane": 0.7041, "car_sigma": 0.87, "car_tau_mean": 3.0464, "car_tau_std": 3.5486, "car_v_mean": 10.9669, "car_v_std": 15.6667}, "datetime": {"datetime": "2024-08-08 10:59:15", "elapsed": 3835.587733, "delta": 3.347453}}
{"target": -0.3275376462342698, "params": {"bus_acc": 2.6587, "bus_dcc": 3.6692, "bus_lcAssertive": 76.9387, "bus_lcCooperative": 0.3731, "bus_lcLookaheadLeft": 99.7424, "bus_lcPushy": 0.665, "bus_lcSigma": 0.4806, "bus_lcSpeedGainRight": 2.1946, "bus_lcSublane": 0.313, "bus_sigma": 0.5178, "bus_tau_mean": 0.5667, "bus_tau_std": 5.7641, "bus_v_mean": 14.3088, "bus_v_std": 17.2879, "car_acc": 1.1138, "car_dcc": 1.0475, "car_lcAssertive": 39.3165, "car_lcCooperative": 0.601, "car_lcLookaheadLeft": 26.6561, "car_lcPushy": 0.0381, "car_lcSigma": 0.163, "car_lcSpeedGainRight": 4.9994, "car_lcSublane": 0.4273, "car_sigma": 0.4234, "car_tau_mean": 0.8762, "car_tau_std": 4.216, "car_v_mean": 14.1538, "car_v_std": 11.7776}, "datetime": {"datetime": "2024-08-08 10:59:22", "elapsed": 3842.385285, "delta": 6.797552}}
{"target": -0.37299230219055096, "params": {"bus_acc": 2.5323, "bus_dcc": 3.0222, "bus_lcAssertive": 73.5874, "bus_lcCooperative": 0.6592, "bus_lcLookaheadLeft": 64.9677, "bus_lcPushy": 0.7119, "bus_lcSigma": 0.8616, "bus_lcSpeedGainRight": 4.172, "bus_lcSublane": 0.5735, "bus_sigma": 0.9991, "bus_tau_mean": 0.5023, "bus_tau_std": 6.8631, "bus_v_mean": 20.0812, "bus_v_std": 19.1236, "car_acc": 1.719, "car_dcc": 2.7114, "car_lcAssertive": 24.3344, "car_lcCooperative": 0.4383, "car_lcLookaheadLeft": 11.4384, "car_lcPushy": 0.455, "car_lcSigma": 0.4551, "car_lcSpeedGainRight": 4.4537, "car_lcSublane": 0.7247, "car_sigma": 0.8909, "car_tau_mean": 2.463, "car_tau_std": 6.2953, "car_v_mean": 23.1324, "car_v_std": 7.3622}, "datetime": {"datetime": "2024-08-08 10:59:29", "elapsed": 3849.264512, "delta": 6.879227}}
{"target": -0.36782195806449464, "params": {"bus_acc": 1.9336, "bus_dcc": 2.6043, "bus_lcAssertive": 37.3261, "bus_lcCooperative": 0.013, "bus_lcLookaheadLeft": 78.3305, "bus_lcPushy": 0.1202, "bus_lcSigma": 0.5505, "bus_lcSpeedGainRight": 0.5231, "bus_lcSublane": 0.0847, "bus_sigma": 0.096, "bus_tau_mean": 3.1521, "bus_tau_std": 2.0837, "bus_v_mean": 16.7702, "bus_v_std": 6.1014, "car_acc": 1.3653, "car_dcc": 3.7331, "car_lcAssertive": 56.0312, "car_lcCooperative": 0.0072, "car_lcLookaheadLeft": 4.5173, "car_lcPushy": 0.4029, "car_lcSigma": 0.2438, "car_lcSpeedGainRight": 1.5093, "car_lcSublane": 0.0734, "car_sigma": 0.7197, "car_tau_mean": 3.7778, "car_tau_std": 3.0171, "car_v_mean": 17.1207, "car_v_std": 12.9537}, "datetime": {"datetime": "2024-08-08 10:59:36", "elapsed": 3856.221814, "delta": 6.957302}}
{"target": -0.3363940843103935, "params": {"bus_acc": 2.076, "bus_dcc": 3.9056, "bus_lcAssertive": 19.5859, "bus_lcCooperative": 0.6977, "bus_lcLookaheadLeft": 55.1812, "bus_lcPushy": 0.1467, "bus_lcSigma": 0.2402, "bus_lcSpeedGainRight": 3.9704, "bus_lcSublane": 0.5514, "bus_sigma": 0.1024, "bus_tau_mean": 3.7022, "bus_tau_std": 4.6384, "bus_v_mean": 13.9326, "bus_v_std": 6.5412, "car_acc": 2.4183, "car_dcc": 1.7176, "car_lcAssertive": 97.1739, "car_lcCooperative": 0.4059, "car_lcLookaheadLeft": 55.4475, "car_lcPushy": 0.1524, "car_lcSigma": 0.0082, "car_lcSpeedGainRight": 1.2651, "car_lcSublane": 0.9815, "car_sigma": 0.5438, "car_tau_mean": 2.5287, "car_tau_std": 4.0061, "car_v_mean": 8.4834, "car_v_std": 10.2212}, "datetime": {"datetime": "2024-08-08 10:59:39", "elapsed": 3859.685196, "delta": 3.463382}}
{"target": -0.37160029594639954, "params": {"bus_acc": 1.7943, "bus_dcc": 2.4425, "bus_lcAssertive": 62.3375, "bus_lcCooperative": 0.5712, "bus_lcLookaheadLeft": 82.3083, "bus_lcPushy": 0.1023, "bus_lcSigma": 0.7313, "bus_lcSpeedGainRight": 2.3569, "bus_lcSublane": 0.521, "bus_sigma": 0.6092, "bus_tau_mean": 2.5965, "bus_tau_std": 1.5527, "bus_v_mean": 19.3207, "bus_v_std": 17.3548, "car_acc": 2.8551, "car_dcc": 3.3121, "car_lcAssertive": 68.1779, "car_lcCooperative": 0.0413, "car_lcLookaheadLeft": 44.4788, "car_lcPushy": 0.9509, "car_lcSigma": 0.5872, "car_lcSpeedGainRight": 4.6673, "car_lcSublane": 0.5239, "car_sigma": 0.3684, "car_tau_mean": 0.8632, "car_tau_std": 7.0362, "car_v_mean": 10.0714, "car_v_std": 7.6015}, "datetime": {"datetime": "2024-08-08 10:59:43", "elapsed": 3863.150483, "delta": 3.465287}}
{"target": -0.39237422146927897, "params": {"bus_acc": 1.6159, "bus_dcc": 2.6867, "bus_lcAssertive": 36.2177, "bus_lcCooperative": 0.909, "bus_lcLookaheadLeft": 61.2352, "bus_lcPushy": 0.7726, "bus_lcSigma": 0.8219, "bus_lcSpeedGainRight": 2.6897, "bus_lcSublane": 0.0104, "bus_sigma": 0.5682, "bus_tau_mean": 2.6118, "bus_tau_std": 5.2619, "bus_v_mean": 11.0491, "bus_v_std": 9.1383, "car_acc": 1.1605, "car_dcc": 1.5858, "car_lcAssertive": 69.9413, "car_lcCooperative": 0.1794, "car_lcLookaheadLeft": 72.4011, "car_lcPushy": 0.0996, "car_lcSigma": 0.1445, "car_lcSpeedGainRight": 3.8903, "car_lcSublane": 0.9967, "car_sigma": 0.4588, "car_tau_mean": 2.7583, "car_tau_std": 9.8529, "car_v_mean": 10.7834, "car_v_std": 11.0157}, "datetime": {"datetime": "2024-08-08 10:59:45", "elapsed": 3865.101064, "delta": 1.950581}}
{"target": -0.3677915875448543, "params": {"bus_acc": 1.3186, "bus_dcc": 1.6562, "bus_lcAssertive": 6.3386, "bus_lcCooperative": 0.2673, "bus_lcLookaheadLeft": 33.855, "bus_lcPushy": 0.9535, "bus_lcSigma": 0.137, "bus_lcSpeedGainRight": 0.979, "bus_lcSublane": 0.8772, "bus_sigma": 0.6892, "bus_tau_mean": 0.9988, "bus_tau_std": 6.1119, "bus_v_mean": 14.6901, "bus_v_std": 19.7598, "car_acc": 2.741, "car_dcc": 3.8636, "car_lcAssertive": 60.4557, "car_lcCooperative": 0.1745, "car_lcLookaheadLeft": 79.8047, "car_lcPushy": 0.0456, "car_lcSigma": 0.6884, "car_lcSpeedGainRight": 3.7985, "car_lcSublane": 0.9909, "car_sigma": 0.7456, "car_tau_mean": 3.0204, "car_tau_std": 9.6, "car_v_mean": 9.9241, "car_v_std": 14.6863}, "datetime": {"datetime": "2024-08-08 10:59:48", "elapsed": 3868.693217, "delta": 3.592153}}
{"target": -0.36129547118474936, "params": {"bus_acc": 1.4928, "bus_dcc": 2.57, "bus_lcAssertive": 42.608, "bus_lcCooperative": 0.0862, "bus_lcLookaheadLeft": 42.0202, "bus_lcPushy": 0.9169, "bus_lcSigma": 0.7995, "bus_lcSpeedGainRight": 2.6446, "bus_lcSublane": 0.8972, "bus_sigma": 0.3834, "bus_tau_mean": 2.5961, "bus_tau_std": 5.1628, "bus_v_mean": 17.5357, "bus_v_std": 9.3739, "car_acc": 2.323, "car_dcc": 3.4056, "car_lcAssertive": 58.8903, "car_lcCooperative": 0.6073, "car_lcLookaheadLeft": 20.4415, "car_lcPushy": 0.1329, "car_lcSigma": 0.187, "car_lcSpeedGainRight": 2.8319, "car_lcSublane": 0.973, "car_sigma": 0.2089, "car_tau_mean": 1.5129, "car_tau_std": 9.0353, "car_v_mean": 18.5947, "car_v_std": 6.1069}, "datetime": {"datetime": "2024-08-08 10:59:53", "elapsed": 3873.302114, "delta": 4.608897}}
{"target": -0.39801441967238826, "params": {"bus_acc": 1.136, "bus_dcc": 1.4352, "bus_lcAssertive": 39.6317, "bus_lcCooperative": 0.3005, "bus_lcLookaheadLeft": 97.1334, "bus_lcPushy": 0.4685, "bus_lcSigma": 0.2061, "bus_lcSpeedGainRight": 0.5604, "bus_lcSublane": 0.1404, "bus_sigma": 0.7632, "bus_tau_mean": 0.9824, "bus_tau_std": 6.3826, "bus_v_mean": 12.1204, "bus_v_std": 8.008, "car_acc": 1.2678, "car_dcc": 1.5191, "car_lcAssertive": 71.2807, "car_lcCooperative": 0.0429, "car_lcLookaheadLeft": 61.3766, "car_lcPushy": 0.2781, "car_lcSigma": 0.1653, "car_lcSpeedGainRight": 4.6998, "car_lcSublane": 0.0653, "car_sigma": 0.1491, "car_tau_mean": 1.5058, "car_tau_std": 0.0627, "car_v_mean": 16.8245, "car_v_std": 7.6929}, "datetime": {"datetime": "2024-08-08 10:59:55", "elapsed": 3875.879135, "delta": 2.577021}}
{"target": -0.35330202843805353, "params": {"bus_acc": 2.3084, "bus_dcc": 2.6947, "bus_lcAssertive": 70.9593, "bus_lcCooperative": 0.8627, "bus_lcLookaheadLeft": 60.1604, "bus_lcPushy": 0.3162, "bus_lcSigma": 0.7883, "bus_lcSpeedGainRight": 4.9557, "bus_lcSublane": 0.0644, "bus_sigma": 0.9793, "bus_tau_mean": 1.0606, "bus_tau_std": 2.8474, "bus_v_mean": 14.9591, "bus_v_std": 7.2265, "car_acc": 2.1805, "car_dcc": 1.3547, "car_lcAssertive": 62.5778, "car_lcCooperative": 0.4163, "car_lcLookaheadLeft": 15.0324, "car_lcPushy": 0.4112, "car_lcSigma": 0.9862, "car_lcSpeedGainRight": 2.5185, "car_lcSublane": 0.293, "car_sigma": 0.3217, "car_tau_mean": 1.4183, "car_tau_std": 8.1532, "car_v_mean": 16.5635, "car_v_std": 18.5029}, "datetime": {"datetime": "2024-08-08 10:59:59", "elapsed": 3879.507948, "delta": 3.628813}}
{"target": -0.3349704182202551, "params": {"bus_acc": 1.723, "bus_dcc": 1.0723, "bus_lcAssertive": 96.5748, "bus_lcCooperative": 0.3064, "bus_lcLookaheadLeft": 77.0478, "bus_lcPushy": 0.949, "bus_lcSigma": 0.844, "bus_lcSpeedGainRight": 1.6356, "bus_lcSublane": 0.3503, "bus_sigma": 0.4932, "bus_tau_mean": 0.8478, "bus_tau_std": 3.1084, "bus_v_mean": 23.1454, "bus_v_std": 8.1466, "car_acc": 1.8641, "car_dcc": 2.1271, "car_lcAssertive": 98.7536, "car_lcCooperative": 0.5846, "car_lcLookaheadLeft": 91.054, "car_lcPushy": 0.7024, "car_lcSigma": 0.7451, "car_lcSpeedGainRight": 1.579, "car_lcSublane": 0.5041, "car_sigma": 0.8543, "car_tau_mean": 3.9827, "car_tau_std": 7.5581, "car_v_mean": 14.7314, "car_v_std": 11.914}, "datetime": {"datetime": "2024-08-08 11:00:02", "elapsed": 3882.158278, "delta": 2.65033}}
{"target": -0.35926818801590776, "params": {"bus_acc": 1.4192, "bus_dcc": 1.3975, "bus_lcAssertive": 72.2236, "bus_lcCooperative": 0.5159, "bus_lcLookaheadLeft": 90.588, "bus_lcPushy": 0.4164, "bus_lcSigma": 0.3292, "bus_lcSpeedGainRight": 4.2319, "bus_lcSublane": 0.9534, "bus_sigma": 0.8225, "bus_tau_mean": 3.1118, "bus_tau_std": 3.0585, "bus_v_mean": 8.073, "bus_v_std": 15.6993, "car_acc": 2.1078, "car_dcc": 2.8339, "car_lcAssertive": 24.6224, "car_lcCooperative": 0.2345, "car_lcLookaheadLeft": 74.023, "car_lcPushy": 0.1697, "car_lcSigma": 0.8836, "car_lcSpeedGainRight": 2.2264, "car_lcSublane": 0.5849, "car_sigma": 0.281, "car_tau_mean": 2.051, "car_tau_std": 4.5902, "car_v_mean": 12.2938, "car_v_std": 7.5749}, "datetime": {"datetime": "2024-08-08 11:00:05", "elapsed": 3885.35783, "delta": 3.199552}}
{"target": -0.3879161273557825, "params": {"bus_acc": 1.1081, "bus_dcc": 2.5434, "bus_lcAssertive": 32.2295, "bus_lcCooperative": 0.011, "bus_lcLookaheadLeft": 8.5767, "bus_lcPushy": 0.356, "bus_lcSigma": 0.7448, "bus_lcSpeedGainRight": 0.0397, "bus_lcSublane": 0.5708, "bus_sigma": 0.4601, "bus_tau_mean": 1.5487, "bus_tau_std": 4.3222, "bus_v_mean": 22.5881, "bus_v_std": 2.5983, "car_acc": 2.6108, "car_dcc": 1.8711, "car_lcAssertive": 83.4002, "car_lcCooperative": 0.8789, "car_lcLookaheadLeft": 83.3946, "car_lcPushy": 0.6902, "car_lcSigma": 0.7096, "car_lcSpeedGainRight": 3.2036, "car_lcSublane": 0.1599, "car_sigma": 0.8176, "car_tau_mean": 1.9708, "car_tau_std": 2.8767, "car_v_mean": 9.4507, "car_v_std": 1.4019}, "datetime": {"datetime": "2024-08-08 11:00:09", "elapsed": 3889.289629, "delta": 3.931799}}
{"target": -0.3433818628136788, "params": {"bus_acc": 2.7145, "bus_dcc": 1.6141, "bus_lcAssertive": 27.8916, "bus_lcCooperative": 0.0812, "bus_lcLookaheadLeft": 25.6734, "bus_lcPushy": 0.7842, "bus_lcSigma": 0.0581, "bus_lcSpeedGainRight": 4.5309, "bus_lcSublane": 0.0644, "bus_sigma": 0.3901, "bus_tau_mean": 2.5013, "bus_tau_std": 9.1275, "bus_v_mean": 10.9997, "bus_v_std": 6.5198, "car_acc": 1.3995, "car_dcc": 2.8596, "car_lcAssertive": 35.022, "car_lcCooperative": 0.5969, "car_lcLookaheadLeft": 79.1205, "car_lcPushy": 0.1213, "car_lcSigma": 0.1363, "car_lcSpeedGainRight": 0.3939, "car_lcSublane": 0.5893, "car_sigma": 0.9452, "car_tau_mean": 1.7505, "car_tau_std": 1.5047, "car_v_mean": 22.5337, "car_v_std": 13.8715}, "datetime": {"datetime": "2024-08-08 11:00:27", "elapsed": 3907.18448, "delta": 17.894851}}
{"target": -0.4035091952097367, "params": {"bus_acc": 2.6682, "bus_dcc": 1.0513, "bus_lcAssertive": 25.9443, "bus_lcCooperative": 0.3278, "bus_lcLookaheadLeft": 54.9109, "bus_lcPushy": 0.4566, "bus_lcSigma": 0.7774, "bus_lcSpeedGainRight": 1.9543, "bus_lcSublane": 0.6095, "bus_sigma": 0.2604, "bus_tau_mean": 1.8474, "bus_tau_std": 3.8292, "bus_v_mean": 23.1462, "bus_v_std": 0.0689, "car_acc": 1.2651, "car_dcc": 2.3968, "car_lcAssertive": 15.5577, "car_lcCooperative": 0.1226, "car_lcLookaheadLeft": 75.2901, "car_lcPushy": 0.3679, "car_lcSigma": 0.6356, "car_lcSpeedGainRight": 0.5693, "car_lcSublane": 0.2949, "car_sigma": 0.8331, "car_tau_mean": 3.9994, "car_tau_std": 6.6595, "car_v_mean": 18.7441, "car_v_std": 19.4184}, "datetime": {"datetime": "2024-08-08 11:00:45", "elapsed": 3925.997629, "delta": 18.813149}}
{"target": -0.3606344554771211, "params": {"bus_acc": 1.3621, "bus_dcc": 2.7977, "bus_lcAssertive": 37.1789, "bus_lcCooperative": 0.5615, "bus_lcLookaheadLeft": 2.5313, "bus_lcPushy": 0.076, "bus_lcSigma": 0.332, "bus_lcSpeedGainRight": 4.5842, "bus_lcSublane": 0.3817, "bus_sigma": 0.3004, "bus_tau_mean": 3.1223, "bus_tau_std": 7.933, "bus_v_mean": 10.0892, "bus_v_std": 6.3295, "car_acc": 2.1126, "car_dcc": 1.3216, "car_lcAssertive": 20.7176, "car_lcCooperative": 0.0013, "car_lcLookaheadLeft": 36.7649, "car_lcPushy": 0.5973, "car_lcSigma": 0.5175, "car_lcSpeedGainRight": 1.8501, "car_lcSublane": 0.518, "car_sigma": 0.0573, "car_tau_mean": 2.956, "car_tau_std": 6.927, "car_v_mean": 12.0636, "car_v_std": 14.1228}, "datetime": {"datetime": "2024-08-08 11:00:52", "elapsed": 3932.898536, "delta": 6.900907}}
{"target": -0.3993238228486371, "params": {"bus_acc": 1.8511, "bus_dcc": 2.3757, "bus_lcAssertive": 74.1404, "bus_lcCooperative": 0.9844, "bus_lcLookaheadLeft": 32.4378, "bus_lcPushy": 0.962, "bus_lcSigma": 0.9371, "bus_lcSpeedGainRight": 4.3365, "bus_lcSublane": 0.1788, "bus_sigma": 0.0451, "bus_tau_mean": 1.4396, "bus_tau_std": 5.2439, "bus_v_mean": 10.4621, "bus_v_std": 12.9268, "car_acc": 1.7313, "car_dcc": 3.9982, "car_lcAssertive": 82.4406, "car_lcCooperative": 0.1208, "car_lcLookaheadLeft": 12.7816, "car_lcPushy": 0.1764, "car_lcSigma": 0.7994, "car_lcSpeedGainRight": 1.8659, "car_lcSublane": 0.047, "car_sigma": 0.5798, "car_tau_mean": 2.6573, "car_tau_std": 5.1861, "car_v_mean": 17.783, "car_v_std": 16.8326}, "datetime": {"datetime": "2024-08-08 11:00:55", "elapsed": 3935.910935, "delta": 3.012399}}
{"target": -0.3534647740269041, "params": {"bus_acc": 2.9548, "bus_dcc": 2.5889, "bus_lcAssertive": 12.9696, "bus_lcCooperative": 0.4748, "bus_lcLookaheadLeft": 44.5635, "bus_lcPushy": 0.3798, "bus_lcSigma": 0.9747, "bus_lcSpeedGainRight": 1.4082, "bus_lcSublane": 0.6004, "bus_sigma": 0.6938, "bus_tau_mean": 3.7991, "bus_tau_std": 4.1392, "bus_v_mean": 21.2624, "bus_v_std": 11.7465, "car_acc": 2.8193, "car_dcc": 1.83, "car_lcAssertive": 87.994, "car_lcCooperative": 0.041, "car_lcLookaheadLeft": 92.3689, "car_lcPushy": 0.6481, "car_lcSigma": 0.6012, "car_lcSpeedGainRight": 2.5023, "car_lcSublane": 0.1259, "car_sigma": 0.3632, "car_tau_mean": 1.3404, "car_tau_std": 5.1565, "car_v_mean": 16.4158, "car_v_std": 5.451}, "datetime": {"datetime": "2024-08-08 11:01:02", "elapsed": 3942.548934, "delta": 6.637999}}
{"target": -0.34158353056803115, "params": {"bus_acc": 2.1147, "bus_dcc": 2.1881, "bus_lcAssertive": 53.2182, "bus_lcCooperative": 0.5628, "bus_lcLookaheadLeft": 5.7771, "bus_lcPushy": 0.3537, "bus_lcSigma": 0.0864, "bus_lcSpeedGainRight": 4.7765, "bus_lcSublane": 0.3003, "bus_sigma": 0.0124, "bus_tau_mean": 1.492, "bus_tau_std": 6.7176, "bus_v_mean": 9.3565, "bus_v_std": 10.3378, "car_acc": 2.1319, "car_dcc": 2.0316, "car_lcAssertive": 85.2555, "car_lcCooperative": 0.2104, "car_lcLookaheadLeft": 60.5142, "car_lcPushy": 0.7378, "car_lcSigma": 0.4607, "car_lcSpeedGainRight": 4.811, "car_lcSublane": 0.1335, "car_sigma": 0.1904, "car_tau_mean": 3.5997, "car_tau_std": 2.1996, "car_v_mean": 18.1604, "car_v_std": 17.0329}, "datetime": {"datetime": "2024-08-08 11:01:13", "elapsed": 3953.103004, "delta": 10.55407}}
{"target": -0.36650460645496186, "params": {"bus_acc": 2.4691, "bus_dcc": 1.6517, "bus_lcAssertive": 80.261, "bus_lcCooperative": 0.3904, "bus_lcLookaheadLeft": 56.6835, "bus_lcPushy": 0.3829, "bus_lcSigma": 0.3018, "bus_lcSpeedGainRight": 2.8741, "bus_lcSublane": 0.1098, "bus_sigma": 0.931, "bus_tau_mean": 1.9836, "bus_tau_std": 8.7658, "bus_v_mean": 19.8121, "bus_v_std": 9.2992, "car_acc": 2.9596, "car_dcc": 3.6086, "car_lcAssertive": 91.7064, "car_lcCooperative": 0.1437, "car_lcLookaheadLeft": 61.4711, "car_lcPushy": 0.842, "car_lcSigma": 0.6238, "car_lcSpeedGainRight": 4.0747, "car_lcSublane": 0.1163, "car_sigma": 0.8457, "car_tau_mean": 1.0017, "car_tau_std": 6.7421, "car_v_mean": 16.5032, "car_v_std": 18.18}, "datetime": {"datetime": "2024-08-08 11:01:19", "elapsed": 3959.561094, "delta": 6.45809}}
{"target": -0.3381133639540653, "params": {"bus_acc": 1.2717, "bus_dcc": 2.9551, "bus_lcAssertive": 25.6091, "bus_lcCooperative": 0.4588, "bus_lcLookaheadLeft": 11.5903, "bus_lcPushy": 0.8353, "bus_lcSigma": 0.1495, "bus_lcSpeedGainRight": 4.0505, "bus_lcSublane": 0.054, "bus_sigma": 0.9405, "bus_tau_mean": 3.7896, "bus_tau_std": 0.84, "bus_v_mean": 16.5206, "bus_v_std": 15.2508, "car_acc": 2.6172, "car_dcc": 1.7109, "car_lcAssertive": 24.0336, "car_lcCooperative": 0.1134, "car_lcLookaheadLeft": 19.998, "car_lcPushy": 0.1453, "car_lcSigma": 0.8659, "car_lcSpeedGainRight": 0.7241, "car_lcSublane": 0.3375, "car_sigma": 0.243, "car_tau_mean": 2.3064, "car_tau_std": 7.3685, "car_v_mean": 13.2236, "car_v_std": 5.35}, "datetime": {"datetime": "2024-08-08 11:01:32", "elapsed": 3972.195822, "delta": 12.634728}}
{"target": -0.3306692979074224, "params": {"bus_acc": 1.7697, "bus_dcc": 1.6528, "bus_lcAssertive": 75.382, "bus_lcCooperative": 0.5497, "bus_lcLookaheadLeft": 99.7, "bus_lcPushy": 0.0057, "bus_lcSigma": 0.7998, "bus_lcSpeedGainRight": 4.2832, "bus_lcSublane": 0.5758, "bus_sigma": 0.289, "bus_tau_mean": 0.6128, "bus_tau_std": 4.9962, "bus_v_mean": 11.889, "bus_v_std": 9.7059, "car_acc": 2.8967, "car_dcc": 1.1276, "car_lcAssertive": 48.6977, "car_lcCooperative": 0.1659, "car_lcLookaheadLeft": 81.8655, "car_lcPushy": 0.8606, "car_lcSigma": 0.4634, "car_lcSpeedGainRight": 2.8514, "car_lcSublane": 0.9065, "car_sigma": 0.8747, "car_tau_mean": 3.4755, "car_tau_std": 6.714, "car_v_mean": 20.6556, "car_v_std": 14.2176}, "datetime": {"datetime": "2024-08-08 11:01:46", "elapsed": 3986.160279, "delta": 13.964457}}
{"target": -0.5316197925020074, "params": {"bus_acc": 1.7954, "bus_dcc": 1.7935, "bus_lcAssertive": 4.6786, "bus_lcCooperative": 0.2803, "bus_lcLookaheadLeft": 52.5344, "bus_lcPushy": 0.8532, "bus_lcSigma": 0.7343, "bus_lcSpeedGainRight": 0.3997, "bus_lcSublane": 0.1918, "bus_sigma": 0.4305, "bus_tau_mean": 2.0081, "bus_tau_std": 6.1064, "bus_v_mean": 18.1599, "bus_v_std": 1.5913, "car_acc": 2.498, "car_dcc": 1.8786, "car_lcAssertive": 46.3918, "car_lcCooperative": 0.3291, "car_lcLookaheadLeft": 90.9486, "car_lcPushy": 0.2259, "car_lcSigma": 0.5196, "car_lcSpeedGainRight": 3.0452, "car_lcSublane": 0.8582, "car_sigma": 0.5154, "car_tau_mean": 3.3002, "car_tau_std": 9.8495, "car_v_mean": 15.4042, "car_v_std": 0.1702}, "datetime": {"datetime": "2024-08-08 11:01:56", "elapsed": 3996.831709, "delta": 10.67143}}
{"target": -0.35614576114732177, "params": {"bus_acc": 2.4476, "bus_dcc": 3.3549, "bus_lcAssertive": 90.8343, "bus_lcCooperative": 0.1123, "bus_lcLookaheadLeft": 22.1908, "bus_lcPushy": 0.8773, "bus_lcSigma": 0.7784, "bus_lcSpeedGainRight": 4.2598, "bus_lcSublane": 0.9171, "bus_sigma": 0.4316, "bus_tau_mean": 2.3068, "bus_tau_std": 0.3375, "bus_v_mean": 13.1709, "bus_v_std": 2.1096, "car_acc": 1.6391, "car_dcc": 3.6434, "car_lcAssertive": 48.5966, "car_lcCooperative": 0.7983, "car_lcLookaheadLeft": 45.7806, "car_lcPushy": 0.4062, "car_lcSigma": 0.3006, "car_lcSpeedGainRight": 0.912, "car_lcSublane": 0.8271, "car_sigma": 0.5108, "car_tau_mean": 0.5914, "car_tau_std": 3.5465, "car_v_mean": 22.5054, "car_v_std": 14.6307}, "datetime": {"datetime": "2024-08-08 11:02:01", "elapsed": 4001.747554, "delta": 4.915845}}
