{"target": -0.05834377070668303, "params": {"bus_acc": 1.0132, "bus_dcc": 3.2678, "bus_lcAssertive": 74.8165, "bus_lcCooperative": 0.9448, "bus_lcLookaheadLeft": 74.3706, "bus_lcPushy": 0.5908, "bus_lcSublane": 0.8414, "bus_tau_mean": 2.456, "bus_tau_std": 3.3071, "bus_v_mean": 15.224, "bus_v_std": 9.78, "car_acc": 1.0951, "car_dcc": 3.6721, "car_lcAssertive": 15.4206, "car_lcCooperative": 0.8785, "car_lcLookaheadLeft": 17.3003, "car_lcPushy": 0.1158, "car_lcSublane": 0.7742, "car_tau_mean": 2.3989, "car_tau_std": 5.5261, "car_v_mean": 22.6189, "car_v_std": 6.6373}, "datetime": {"datetime": "2024-08-05 18:03:26", "elapsed": 1030.287576, "delta": 2.545736}}
{"target": -0.05490442879505432, "params": {"bus_acc": 1.3716, "bus_dcc": 3.294, "bus_lcAssertive": 31.857, "bus_lcCooperative": 0.7405, "bus_lcLookaheadLeft": 78.5347, "bus_lcPushy": 0.7439, "bus_lcSublane": 0.1738, "bus_tau_mean": 1.555, "bus_tau_std": 1.0963, "bus_v_mean": 17.4341, "bus_v_std": 2.05, "car_acc": 1.1465, "car_dcc": 1.334, "car_lcAssertive": 54.9169, "car_lcCooperative": 0.2715, "car_lcLookaheadLeft": 94.1805, "car_lcPushy": 0.7918, "car_lcSublane": 0.2607, "car_tau_mean": 1.0862, "car_tau_std": 0.6111, "car_v_mean": 23.9491, "car_v_std": 9.9561}, "datetime": {"datetime": "2024-08-05 18:03:28", "elapsed": 1032.045449, "delta": 1.757873}}
{"target": -0.06195371489206655, "params": {"bus_acc": 2.8541, "bus_dcc": 2.6048, "bus_lcAssertive": 47.3261, "bus_lcCooperative": 0.1522, "bus_lcLookaheadLeft": 94.8128, "bus_lcPushy": 0.4641, "bus_lcSublane": 0.881, "bus_tau_mean": 0.9926, "bus_tau_std": 4.1297, "bus_v_mean": 18.6012, "bus_v_std": 7.3157, "car_acc": 2.1051, "car_dcc": 2.0046, "car_lcAssertive": 77.4329, "car_lcCooperative": 0.4788, "car_lcLookaheadLeft": 62.0982, "car_lcPushy": 0.9353, "car_lcSublane": 0.1225, "car_tau_mean": 1.0762, "car_tau_std": 1.9443, "car_v_mean": 22.3979, "car_v_std": 6.768}, "datetime": {"datetime": "2024-08-05 18:03:31", "elapsed": 1034.730729, "delta": 2.68528}}
{"target": -0.058601273519970576, "params": {"bus_acc": 2.2994, "bus_dcc": 2.0694, "bus_lcAssertive": 30.8139, "bus_lcCooperative": 0.6192, "bus_lcLookaheadLeft": 96.6376, "bus_lcPushy": 0.2544, "bus_lcSublane": 0.0189, "bus_tau_mean": 1.7637, "bus_tau_std": 6.2547, "bus_v_mean": 20.2235, "bus_v_std": 6.9489, "car_acc": 1.2946, "car_dcc": 2.6078, "car_lcAssertive": 33.8951, "car_lcCooperative": 0.3577, "car_lcLookaheadLeft": 35.661, "car_lcPushy": 0.7363, "car_lcSublane": 0.6536, "car_tau_mean": 2.6531, "car_tau_std": 6.6734, "car_v_mean": 17.8082, "car_v_std": 6.1163}, "datetime": {"datetime": "2024-08-05 18:03:33", "elapsed": 1037.143392, "delta": 2.412663}}
{"target": -0.06049875942724753, "params": {"bus_acc": 1.5978, "bus_dcc": 2.2643, "bus_lcAssertive": 35.095, "bus_lcCooperative": 0.7667, "bus_lcLookaheadLeft": 90.4052, "bus_lcPushy": 0.7084, "bus_lcSublane": 0.3872, "bus_tau_mean": 1.1906, "bus_tau_std": 1.4248, "bus_v_mean": 19.1251, "bus_v_std": 6.7455, "car_acc": 2.3353, "car_dcc": 3.157, "car_lcAssertive": 62.1723, "car_lcCooperative": 0.4067, "car_lcLookaheadLeft": 27.5869, "car_lcPushy": 0.4992, "car_lcSublane": 0.1691, "car_tau_mean": 1.1819, "car_tau_std": 7.246, "car_v_mean": 11.9279, "car_v_std": 9.9374}, "datetime": {"datetime": "2024-08-05 18:03:36", "elapsed": 1039.573074, "delta": 2.429682}}
{"target": -0.047605906640434105, "params": {"bus_acc": 1.0351, "bus_dcc": 1.717, "bus_lcAssertive": 38.4016, "bus_lcCooperative": 0.4834, "bus_lcLookaheadLeft": 41.6056, "bus_lcPushy": 0.7656, "bus_lcSublane": 0.3121, "bus_tau_mean": 0.7374, "bus_tau_std": 5.2503, "bus_v_mean": 19.9494, "bus_v_std": 1.6398, "car_acc": 2.2377, "car_dcc": 2.9893, "car_lcAssertive": 23.8701, "car_lcCooperative": 0.2504, "car_lcLookaheadLeft": 69.4611, "car_lcPushy": 0.5938, "car_lcSublane": 0.489, "car_tau_mean": 2.7947, "car_tau_std": 1.099, "car_v_mean": 8.0677, "car_v_std": 7.8047}, "datetime": {"datetime": "2024-08-05 18:03:38", "elapsed": 1042.113828, "delta": 2.540754}}
{"target": -0.06619397175237023, "params": {"bus_acc": 1.821, "bus_dcc": 1.7444, "bus_lcAssertive": 57.9786, "bus_lcCooperative": 0.2114, "bus_lcLookaheadLeft": 66.4164, "bus_lcPushy": 0.9205, "bus_lcSublane": 0.6386, "bus_tau_mean": 1.0899, "bus_tau_std": 2.202, "bus_v_mean": 17.453, "bus_v_std": 6.4139, "car_acc": 2.027, "car_dcc": 1.9199, "car_lcAssertive": 39.6117, "car_lcCooperative": 0.4934, "car_lcLookaheadLeft": 59.6897, "car_lcPushy": 0.1807, "car_lcSublane": 0.2244, "car_tau_mean": 3.6668, "car_tau_std": 9.4215, "car_v_mean": 20.0268, "car_v_std": 5.018}, "datetime": {"datetime": "2024-08-05 18:03:40", "elapsed": 1043.823535, "delta": 1.709707}}
{"target": -0.057371404349588484, "params": {"bus_acc": 2.9627, "bus_dcc": 1.6127, "bus_lcAssertive": 53.9102, "bus_lcCooperative": 0.1747, "bus_lcLookaheadLeft": 49.129, "bus_lcPushy": 0.5742, "bus_lcSublane": 0.8734, "bus_tau_mean": 1.5621, "bus_tau_std": 5.3546, "bus_v_mean": 15.7393, "bus_v_std": 9.1011, "car_acc": 2.8525, "car_dcc": 3.4918, "car_lcAssertive": 9.2685, "car_lcCooperative": 0.869, "car_lcLookaheadLeft": 24.1095, "car_lcPushy": 0.1835, "car_lcSublane": 0.7634, "car_tau_mean": 2.4988, "car_tau_std": 4.0656, "car_v_mean": 19.8704, "car_v_std": 3.6705}, "datetime": {"datetime": "2024-08-05 18:03:44", "elapsed": 1047.368518, "delta": 3.544983}}
{"target": -0.04066606291686076, "params": {"bus_acc": 1.3306, "bus_dcc": 1.5916, "bus_lcAssertive": 69.4118, "bus_lcCooperative": 0.5738, "bus_lcLookaheadLeft": 87.5857, "bus_lcPushy": 0.2446, "bus_lcSublane": 0.6296, "bus_tau_mean": 0.6205, "bus_tau_std": 5.162, "bus_v_mean": 21.8116, "bus_v_std": 9.8413, "car_acc": 1.0197, "car_dcc": 1.7585, "car_lcAssertive": 23.1613, "car_lcCooperative": 0.0475, "car_lcLookaheadLeft": 2.9971, "car_lcPushy": 0.4902, "car_lcSublane": 0.0455, "car_tau_mean": 1.4742, "car_tau_std": 6.3998, "car_v_mean": 12.7151, "car_v_std": 2.6966}, "datetime": {"datetime": "2024-08-05 18:03:45", "elapsed": 1049.322016, "delta": 1.953498}}
{"target": -0.05907350420947696, "params": {"bus_acc": 2.8296, "bus_dcc": 1.6957, "bus_lcAssertive": 8.8342, "bus_lcCooperative": 0.8978, "bus_lcLookaheadLeft": 63.2424, "bus_lcPushy": 0.8189, "bus_lcSublane": 0.708, "bus_tau_mean": 0.7148, "bus_tau_std": 4.3901, "bus_v_mean": 20.715, "bus_v_std": 9.906, "car_acc": 2.0495, "car_dcc": 1.9037, "car_lcAssertive": 28.4909, "car_lcCooperative": 0.0522, "car_lcLookaheadLeft": 89.6586, "car_lcPushy": 0.4305, "car_lcSublane": 0.9961, "car_tau_mean": 1.5414, "car_tau_std": 7.4239, "car_v_mean": 11.1622, "car_v_std": 6.8448}, "datetime": {"datetime": "2024-08-05 18:03:49", "elapsed": 1052.376249, "delta": 3.054233}}
{"target": -0.0667135982216651, "params": {"bus_acc": 2.4872, "bus_dcc": 3.8307, "bus_lcAssertive": 7.1347, "bus_lcCooperative": 0.3591, "bus_lcLookaheadLeft": 4.3701, "bus_lcPushy": 0.4006, "bus_lcSublane": 0.6271, "bus_tau_mean": 0.8076, "bus_tau_std": 5.6737, "bus_v_mean": 17.6529, "bus_v_std": 4.6148, "car_acc": 2.3554, "car_dcc": 2.8483, "car_lcAssertive": 42.6918, "car_lcCooperative": 0.4469, "car_lcLookaheadLeft": 45.5067, "car_lcPushy": 0.0112, "car_lcSublane": 0.938, "car_tau_mean": 3.0393, "car_tau_std": 0.6033, "car_v_mean": 22.3944, "car_v_std": 5.3945}, "datetime": {"datetime": "2024-08-05 18:03:54", "elapsed": 1057.825188, "delta": 5.448939}}
{"target": -0.05752478152178907, "params": {"bus_acc": 2.2527, "bus_dcc": 1.207, "bus_lcAssertive": 3.9579, "bus_lcCooperative": 0.098, "bus_lcLookaheadLeft": 60.7284, "bus_lcPushy": 0.2305, "bus_lcSublane": 0.2486, "bus_tau_mean": 3.3905, "bus_tau_std": 3.8904, "bus_v_mean": 18.274, "bus_v_std": 0.031, "car_acc": 2.5706, "car_dcc": 3.447, "car_lcAssertive": 34.5218, "car_lcCooperative": 0.9221, "car_lcLookaheadLeft": 73.5355, "car_lcPushy": 0.1898, "car_lcSublane": 0.2439, "car_tau_mean": 1.8062, "car_tau_std": 0.3086, "car_v_mean": 11.793, "car_v_std": 8.8876}, "datetime": {"datetime": "2024-08-05 18:03:57", "elapsed": 1060.501701, "delta": 2.676513}}
{"target": -0.06635628499367871, "params": {"bus_acc": 1.076, "bus_dcc": 1.7554, "bus_lcAssertive": 69.3359, "bus_lcCooperative": 0.3901, "bus_lcLookaheadLeft": 8.2565, "bus_lcPushy": 0.7906, "bus_lcSublane": 0.8719, "bus_tau_mean": 1.7913, "bus_tau_std": 2.0476, "bus_v_mean": 17.9842, "bus_v_std": 2.3153, "car_acc": 2.2165, "car_dcc": 1.0752, "car_lcAssertive": 56.4283, "car_lcCooperative": 0.4497, "car_lcLookaheadLeft": 79.6685, "car_lcPushy": 0.1227, "car_lcSublane": 0.4867, "car_tau_mean": 0.5014, "car_tau_std": 8.7955, "car_v_mean": 12.9556, "car_v_std": 1.0475}, "datetime": {"datetime": "2024-08-05 18:04:00", "elapsed": 1063.452969, "delta": 2.951268}}
{"target": -0.055741378324344816, "params": {"bus_acc": 2.1326, "bus_dcc": 3.6171, "bus_lcAssertive": 77.6465, "bus_lcCooperative": 0.6917, "bus_lcLookaheadLeft": 2.5963, "bus_lcPushy": 0.5422, "bus_lcSublane": 0.5286, "bus_tau_mean": 1.2745, "bus_tau_std": 7.3357, "bus_v_mean": 8.363, "bus_v_std": 7.7916, "car_acc": 1.3141, "car_dcc": 2.7134, "car_lcAssertive": 34.2696, "car_lcCooperative": 0.85, "car_lcLookaheadLeft": 40.0421, "car_lcPushy": 0.9838, "car_lcSublane": 0.8814, "car_tau_mean": 3.0016, "car_tau_std": 7.055, "car_v_mean": 21.7023, "car_v_std": 1.056}, "datetime": {"datetime": "2024-08-05 18:04:10", "elapsed": 1073.794842, "delta": 10.341873}}
{"target": -0.05636699945762885, "params": {"bus_acc": 1.9167, "bus_dcc": 2.6084, "bus_lcAssertive": 42.218, "bus_lcCooperative": 0.5207, "bus_lcLookaheadLeft": 90.6506, "bus_lcPushy": 0.235, "bus_lcSublane": 0.6949, "bus_tau_mean": 3.0681, "bus_tau_std": 2.3422, "bus_v_mean": 14.6768, "bus_v_std": 4.1306, "car_acc": 1.2197, "car_dcc": 2.9308, "car_lcAssertive": 66.6931, "car_lcCooperative": 0.9555, "car_lcLookaheadLeft": 40.1155, "car_lcPushy": 0.3605, "car_lcSublane": 0.4224, "car_tau_mean": 3.9216, "car_tau_std": 5.5753, "car_v_mean": 19.7138, "car_v_std": 3.6098}, "datetime": {"datetime": "2024-08-05 18:04:17", "elapsed": 1081.007856, "delta": 7.213014}}
{"target": -0.0735303005202576, "params": {"bus_acc": 1.658, "bus_dcc": 1.0946, "bus_lcAssertive": 30.67, "bus_lcCooperative": 0.6391, "bus_lcLookaheadLeft": 66.3221, "bus_lcPushy": 0.7821, "bus_lcSublane": 0.09, "bus_tau_mean": 1.1086, "bus_tau_std": 7.9159, "bus_v_mean": 17.5558, "bus_v_std": 6.1978, "car_acc": 1.1848, "car_dcc": 2.8623, "car_lcAssertive": 30.3555, "car_lcCooperative": 0.5269, "car_lcLookaheadLeft": 72.8655, "car_lcPushy": 0.6416, "car_lcSublane": 0.2619, "car_tau_mean": 1.6825, "car_tau_std": 3.2368, "car_v_mean": 19.8691, "car_v_std": 0.3437}, "datetime": {"datetime": "2024-08-05 18:04:30", "elapsed": 1093.576806, "delta": 12.56895}}
{"target": -0.062052473423908634, "params": {"bus_acc": 2.7963, "bus_dcc": 3.3446, "bus_lcAssertive": 87.6807, "bus_lcCooperative": 0.5714, "bus_lcLookaheadLeft": 4.167, "bus_lcPushy": 0.5442, "bus_lcSublane": 0.9559, "bus_tau_mean": 3.8351, "bus_tau_std": 9.5809, "bus_v_mean": 9.6932, "bus_v_std": 1.4641, "car_acc": 2.2615, "car_dcc": 1.3394, "car_lcAssertive": 11.871, "car_lcCooperative": 0.9759, "car_lcLookaheadLeft": 72.5839, "car_lcPushy": 0.7461, "car_lcSublane": 0.0057, "car_tau_mean": 3.005, "car_tau_std": 1.7067, "car_v_mean": 23.6411, "car_v_std": 1.7346}, "datetime": {"datetime": "2024-08-05 18:04:32", "elapsed": 1096.265049, "delta": 2.688243}}
{"target": -0.060177183371963705, "params": {"bus_acc": 2.2011, "bus_dcc": 3.0287, "bus_lcAssertive": 9.8993, "bus_lcCooperative": 0.1789, "bus_lcLookaheadLeft": 15.9332, "bus_lcPushy": 0.9079, "bus_lcSublane": 0.8674, "bus_tau_mean": 0.8589, "bus_tau_std": 6.365, "bus_v_mean": 10.7096, "bus_v_std": 2.3373, "car_acc": 2.4849, "car_dcc": 1.2729, "car_lcAssertive": 57.3814, "car_lcCooperative": 0.8975, "car_lcLookaheadLeft": 56.9668, "car_lcPushy": 0.8545, "car_lcSublane": 0.1508, "car_tau_mean": 0.8175, "car_tau_std": 1.7536, "car_v_mean": 15.2058, "car_v_std": 0.6064}, "datetime": {"datetime": "2024-08-05 18:04:46", "elapsed": 1110.053274, "delta": 13.788225}}
{"target": -0.06087269465663687, "params": {"bus_acc": 1.9046, "bus_dcc": 1.9365, "bus_lcAssertive": 78.6806, "bus_lcCooperative": 0.6786, "bus_lcLookaheadLeft": 72.4658, "bus_lcPushy": 0.3715, "bus_lcSublane": 0.6267, "bus_tau_mean": 1.9355, "bus_tau_std": 4.7061, "bus_v_mean": 10.4323, "bus_v_std": 8.346, "car_acc": 2.0463, "car_dcc": 2.3679, "car_lcAssertive": 69.6618, "car_lcCooperative": 0.0727, "car_lcLookaheadLeft": 85.5913, "car_lcPushy": 0.8674, "car_lcSublane": 0.0425, "car_tau_mean": 3.349, "car_tau_std": 8.7575, "car_v_mean": 16.9487, "car_v_std": 9.6804}, "datetime": {"datetime": "2024-08-05 18:04:52", "elapsed": 1116.268777, "delta": 6.215503}}
{"target": -0.044170271625012573, "params": {"bus_acc": 1.9362, "bus_dcc": 3.7612, "bus_lcAssertive": 92.298, "bus_lcCooperative": 0.0343, "bus_lcLookaheadLeft": 35.2559, "bus_lcPushy": 0.8714, "bus_lcSublane": 0.3197, "bus_tau_mean": 3.3364, "bus_tau_std": 7.3577, "bus_v_mean": 13.0965, "bus_v_std": 4.6951, "car_acc": 2.1318, "car_dcc": 2.6752, "car_lcAssertive": 97.2081, "car_lcCooperative": 0.5675, "car_lcLookaheadLeft": 79.8333, "car_lcPushy": 0.7771, "car_lcSublane": 0.4601, "car_tau_mean": 0.9753, "car_tau_std": 0.5276, "car_v_mean": 10.602, "car_v_std": 0.4347}, "datetime": {"datetime": "2024-08-05 18:04:59", "elapsed": 1122.738849, "delta": 6.470072}}
{"target": -0.058111816894098715, "params": {"bus_acc": 1.3923, "bus_dcc": 3.826, "bus_lcAssertive": 16.6207, "bus_lcCooperative": 0.4242, "bus_lcLookaheadLeft": 69.8327, "bus_lcPushy": 0.3811, "bus_lcSublane": 0.93, "bus_tau_mean": 3.8043, "bus_tau_std": 5.0352, "bus_v_mean": 14.9037, "bus_v_std": 1.4422, "car_acc": 1.6711, "car_dcc": 3.7716, "car_lcAssertive": 6.8959, "car_lcCooperative": 0.5899, "car_lcLookaheadLeft": 83.9415, "car_lcPushy": 0.6394, "car_lcSublane": 0.5972, "car_tau_mean": 3.8292, "car_tau_std": 2.0322, "car_v_mean": 15.7593, "car_v_std": 8.9893}, "datetime": {"datetime": "2024-08-05 18:05:11", "elapsed": 1134.967567, "delta": 12.228718}}
{"target": -0.0706994014126498, "params": {"bus_acc": 1.4502, "bus_dcc": 1.4302, "bus_lcAssertive": 32.4709, "bus_lcCooperative": 0.2149, "bus_lcLookaheadLeft": 8.1214, "bus_lcPushy": 0.5913, "bus_lcSublane": 0.945, "bus_tau_mean": 2.1561, "bus_tau_std": 7.246, "bus_v_mean": 19.0317, "bus_v_std": 4.4028, "car_acc": 1.947, "car_dcc": 3.0903, "car_lcAssertive": 31.4054, "car_lcCooperative": 0.1519, "car_lcLookaheadLeft": 78.8267, "car_lcPushy": 0.1945, "car_lcSublane": 0.9672, "car_tau_mean": 1.4063, "car_tau_std": 6.7917, "car_v_mean": 17.3598, "car_v_std": 1.2634}, "datetime": {"datetime": "2024-08-05 18:05:13", "elapsed": 1136.594315, "delta": 1.626748}}
{"target": -0.0438579416951387, "params": {"bus_acc": 2.9163, "bus_dcc": 1.7435, "bus_lcAssertive": 75.7196, "bus_lcCooperative": 0.9585, "bus_lcLookaheadLeft": 93.9117, "bus_lcPushy": 0.7644, "bus_lcSublane": 0.9823, "bus_tau_mean": 0.876, "bus_tau_std": 4.2571, "bus_v_mean": 11.9918, "bus_v_std": 2.8813, "car_acc": 2.6285, "car_dcc": 3.4056, "car_lcAssertive": 56.1856, "car_lcCooperative": 0.203, "car_lcLookaheadLeft": 86.9842, "car_lcPushy": 0.1484, "car_lcSublane": 0.4557, "car_tau_mean": 3.0275, "car_tau_std": 5.9676, "car_v_mean": 9.4828, "car_v_std": 2.4936}, "datetime": {"datetime": "2024-08-05 18:05:20", "elapsed": 1143.9536, "delta": 7.359285}}
{"target": -0.05408644324377146, "params": {"bus_acc": 2.657, "bus_dcc": 2.2355, "bus_lcAssertive": 76.7927, "bus_lcCooperative": 0.0622, "bus_lcLookaheadLeft": 75.7235, "bus_lcPushy": 0.8977, "bus_lcSublane": 0.7683, "bus_tau_mean": 2.4407, "bus_tau_std": 1.1055, "bus_v_mean": 17.2575, "bus_v_std": 6.9644, "car_acc": 2.896, "car_dcc": 3.6648, "car_lcAssertive": 23.4199, "car_lcCooperative": 0.6536, "car_lcLookaheadLeft": 15.0994, "car_lcPushy": 0.0025, "car_lcSublane": 0.3493, "car_tau_mean": 2.3047, "car_tau_std": 1.1732, "car_v_mean": 11.9012, "car_v_std": 3.483}, "datetime": {"datetime": "2024-08-05 18:05:21", "elapsed": 1145.294376, "delta": 1.340776}}
{"target": -0.06560839983595296, "params": {"bus_acc": 2.2998, "bus_dcc": 2.5828, "bus_lcAssertive": 37.9363, "bus_lcCooperative": 0.6289, "bus_lcLookaheadLeft": 48.0377, "bus_lcPushy": 0.403, "bus_lcSublane": 0.3738, "bus_tau_mean": 1.5698, "bus_tau_std": 1.0804, "bus_v_mean": 21.2052, "bus_v_std": 7.8537, "car_acc": 2.5569, "car_dcc": 3.8796, "car_lcAssertive": 95.7229, "car_lcCooperative": 0.9134, "car_lcLookaheadLeft": 91.2229, "car_lcPushy": 0.48, "car_lcSublane": 0.6341, "car_tau_mean": 1.1587, "car_tau_std": 1.6195, "car_v_mean": 20.6987, "car_v_std": 8.3423}, "datetime": {"datetime": "2024-08-05 18:05:28", "elapsed": 1151.349315, "delta": 6.054939}}
{"target": -0.05689626116394293, "params": {"bus_acc": 1.8428, "bus_dcc": 1.9462, "bus_lcAssertive": 26.003, "bus_lcCooperative": 0.9597, "bus_lcLookaheadLeft": 32.2646, "bus_lcPushy": 0.3061, "bus_lcSublane": 0.568, "bus_tau_mean": 2.2301, "bus_tau_std": 3.9915, "bus_v_mean": 9.4726, "bus_v_std": 6.6031, "car_acc": 1.4754, "car_dcc": 3.817, "car_lcAssertive": 62.8297, "car_lcCooperative": 0.0232, "car_lcLookaheadLeft": 64.4547, "car_lcPushy": 0.6303, "car_lcSublane": 0.643, "car_tau_mean": 2.2838, "car_tau_std": 1.7129, "car_v_mean": 15.9547, "car_v_std": 1.5126}, "datetime": {"datetime": "2024-08-05 18:05:30", "elapsed": 1153.57861, "delta": 2.229295}}
{"target": -0.06134181139819141, "params": {"bus_acc": 1.5358, "bus_dcc": 2.4836, "bus_lcAssertive": 56.0129, "bus_lcCooperative": 0.9689, "bus_lcLookaheadLeft": 64.8182, "bus_lcPushy": 0.1816, "bus_lcSublane": 0.2523, "bus_tau_mean": 3.1108, "bus_tau_std": 6.1061, "bus_v_mean": 22.5807, "bus_v_std": 8.7404, "car_acc": 1.0011, "car_dcc": 1.949, "car_lcAssertive": 59.1804, "car_lcCooperative": 0.0011, "car_lcLookaheadLeft": 55.497, "car_lcPushy": 0.7699, "car_lcSublane": 0.7315, "car_tau_mean": 1.1416, "car_tau_std": 4.5344, "car_v_mean": 23.3846, "car_v_std": 1.7975}, "datetime": {"datetime": "2024-08-05 18:05:32", "elapsed": 1155.354491, "delta": 1.775881}}
{"target": -0.0554466692397283, "params": {"bus_acc": 2.0368, "bus_dcc": 3.5622, "bus_lcAssertive": 85.8612, "bus_lcCooperative": 0.313, "bus_lcLookaheadLeft": 2.8723, "bus_lcPushy": 0.8593, "bus_lcSublane": 0.6732, "bus_tau_mean": 2.0599, "bus_tau_std": 4.2548, "bus_v_mean": 13.9267, "bus_v_std": 4.3636, "car_acc": 2.7392, "car_dcc": 2.2805, "car_lcAssertive": 50.5601, "car_lcCooperative": 0.1555, "car_lcLookaheadLeft": 95.5548, "car_lcPushy": 0.6605, "car_lcSublane": 0.1131, "car_tau_mean": 2.0443, "car_tau_std": 0.8722, "car_v_mean": 16.2569, "car_v_std": 6.5888}, "datetime": {"datetime": "2024-08-05 18:05:54", "elapsed": 1177.991861, "delta": 22.63737}}
{"target": -0.06423493059366467, "params": {"bus_acc": 2.0551, "bus_dcc": 1.8481, "bus_lcAssertive": 40.4107, "bus_lcCooperative": 0.5774, "bus_lcLookaheadLeft": 88.6665, "bus_lcPushy": 0.672, "bus_lcSublane": 0.6266, "bus_tau_mean": 1.6469, "bus_tau_std": 2.978, "bus_v_mean": 20.7742, "bus_v_std": 1.0787, "car_acc": 2.0429, "car_dcc": 3.0248, "car_lcAssertive": 45.3912, "car_lcCooperative": 0.5959, "car_lcLookaheadLeft": 96.4444, "car_lcPushy": 0.5381, "car_lcSublane": 0.0272, "car_tau_mean": 0.9256, "car_tau_std": 1.0929, "car_v_mean": 14.0637, "car_v_std": 7.6987}, "datetime": {"datetime": "2024-08-05 18:05:56", "elapsed": 1179.721359, "delta": 1.729498}}
{"target": -0.07048643967286591, "params": {"bus_acc": 1.972, "bus_dcc": 3.3654, "bus_lcAssertive": 12.525, "bus_lcCooperative": 0.8414, "bus_lcLookaheadLeft": 11.6277, "bus_lcPushy": 0.5147, "bus_lcSublane": 0.384, "bus_tau_mean": 1.759, "bus_tau_std": 0.5957, "bus_v_mean": 22.399, "bus_v_std": 4.7216, "car_acc": 1.614, "car_dcc": 1.9047, "car_lcAssertive": 74.3245, "car_lcCooperative": 0.9618, "car_lcLookaheadLeft": 71.8424, "car_lcPushy": 0.8643, "car_lcSublane": 0.3151, "car_tau_mean": 2.2889, "car_tau_std": 8.0448, "car_v_mean": 22.5502, "car_v_std": 7.2968}, "datetime": {"datetime": "2024-08-05 18:06:00", "elapsed": 1183.902368, "delta": 4.181009}}
{"target": -0.05874611860689059, "params": {"bus_acc": 2.5584, "bus_dcc": 3.5028, "bus_lcAssertive": 31.1838, "bus_lcCooperative": 0.9964, "bus_lcLookaheadLeft": 91.0375, "bus_lcPushy": 0.1958, "bus_lcSublane": 0.1208, "bus_tau_mean": 2.9045, "bus_tau_std": 7.4716, "bus_v_mean": 9.2456, "bus_v_std": 4.752, "car_acc": 2.0231, "car_dcc": 1.7656, "car_lcAssertive": 74.8025, "car_lcCooperative": 0.556, "car_lcLookaheadLeft": 58.3819, "car_lcPushy": 0.2277, "car_lcSublane": 0.1806, "car_tau_mean": 1.2031, "car_tau_std": 1.6125, "car_v_mean": 17.7446, "car_v_std": 7.2783}, "datetime": {"datetime": "2024-08-05 18:06:01", "elapsed": 1184.989733, "delta": 1.087365}}
{"target": -0.057692487722341, "params": {"bus_acc": 1.0607, "bus_dcc": 3.2809, "bus_lcAssertive": 43.232, "bus_lcCooperative": 0.0423, "bus_lcLookaheadLeft": 82.7634, "bus_lcPushy": 0.9308, "bus_lcSublane": 0.4453, "bus_tau_mean": 3.7763, "bus_tau_std": 4.6474, "bus_v_mean": 11.4091, "bus_v_std": 1.064, "car_acc": 2.7242, "car_dcc": 2.6955, "car_lcAssertive": 87.7421, "car_lcCooperative": 0.1247, "car_lcLookaheadLeft": 24.3703, "car_lcPushy": 0.8994, "car_lcSublane": 0.6937, "car_tau_mean": 2.1634, "car_tau_std": 7.5663, "car_v_mean": 17.8374, "car_v_std": 7.1896}, "datetime": {"datetime": "2024-08-05 18:06:03", "elapsed": 1187.260808, "delta": 2.271075}}
{"target": -0.05395794271766563, "params": {"bus_acc": 2.7411, "bus_dcc": 1.1658, "bus_lcAssertive": 49.6078, "bus_lcCooperative": 0.8404, "bus_lcLookaheadLeft": 91.4986, "bus_lcPushy": 0.2564, "bus_lcSublane": 0.9248, "bus_tau_mean": 3.2237, "bus_tau_std": 0.8423, "bus_v_mean": 13.2129, "bus_v_std": 1.972, "car_acc": 1.7959, "car_dcc": 3.5267, "car_lcAssertive": 15.3661, "car_lcCooperative": 0.7384, "car_lcLookaheadLeft": 94.3697, "car_lcPushy": 0.6449, "car_lcSublane": 0.8292, "car_tau_mean": 1.2315, "car_tau_std": 9.452, "car_v_mean": 10.4717, "car_v_std": 0.4349}, "datetime": {"datetime": "2024-08-05 18:06:04", "elapsed": 1188.18733, "delta": 0.926522}}
