{"target": -0.058986353621303333, "params": {"bus_acc": 2.6174306963705796, "bus_dcc": 3.7010200135319855, "bus_lcAssertive": 2.1473693515796235, "bus_lcCooperative": 0.37976443303399476, "bus_lcLookaheadLeft": 25.08115174776719, "bus_lcPushy": 0.2959350518874113, "bus_lcSublane": 0.7379954964038409, "bus_tau_mean": 3.0342969570242593, "bus_tau_std": 4.6179941019906146, "bus_v_mean": 13.8443913793135, "bus_v_std": 5.8469161300452575, "car_acc": 2.0674155092685527, "car_dcc": 2.651738677023586, "car_lcAssertive": 61.93223004035112, "car_lcCooperative": 0.39564827226754884, "car_lcLookaheadLeft": 77.62841127671491, "car_lcPushy": 0.2512031833493866, "car_lcSublane": 0.655760767903366, "car_tau_mean": 3.8613900187700634, "car_tau_std": 0.03554760464426043, "car_v_mean": 19.5737767103089, "car_v_std": 1.0899503392964371}, "datetime": {"datetime": "2024-08-05 17:46:16", "elapsed": 0.0, "delta": 0.0}}
{"target": -0.07500791880873504, "params": {"bus_acc": 2.6480197408246378, "bus_dcc": 2.8794884758728814, "bus_lcAssertive": 15.198881818354247, "bus_lcCooperative": 0.07838689985494796, "bus_lcLookaheadLeft": 3.7965990054747145, "bus_lcPushy": 0.06672499763935646, "bus_lcSublane": 0.4585838137084318, "bus_tau_mean": 0.8966967296865667, "bus_tau_std": 0.27783348848669953, "bus_v_mean": 20.07778370224748, "bus_v_std": 3.948504804606394, "car_acc": 2.4938769912150502, "car_dcc": 2.357214480239355, "car_lcAssertive": 45.55858795307535, "car_lcCooperative": 0.47807250671783097, "car_lcLookaheadLeft": 48.452384803095015, "car_lcPushy": 0.8031633421141696, "car_lcSublane": 0.40239251985773583, "car_tau_mean": 3.666401561202681, "car_tau_std": 0.37061047954035864, "car_v_mean": 20.3819894835267, "car_v_std": 1.2564138113773882}, "datetime": {"datetime": "2024-08-05 17:46:19", "elapsed": 2.419424, "delta": 2.419424}}
{"target": -0.052814907205121046, "params": {"bus_acc": 2.660799140074679, "bus_dcc": 2.947462591337434, "bus_lcAssertive": 67.69614396596454, "bus_lcCooperative": 0.5784995797892005, "bus_lcLookaheadLeft": 28.86373796635151, "bus_lcPushy": 0.5605299905360588, "bus_lcSublane": 0.6717297848174203, "bus_tau_mean": 1.733503705757431, "bus_tau_std": 8.558283672539277, "bus_v_mean": 11.120599776139317, "bus_v_std": 7.473208103319232, "car_acc": 1.5792054923737548, "car_dcc": 3.321397861732546, "car_lcAssertive": 43.34599560427154, "car_lcCooperative": 0.8076984091122095, "car_lcLookaheadLeft": 36.64641654146306, "car_lcPushy": 0.21369323762958115, "car_lcSublane": 0.7672845084217665, "car_tau_mean": 1.580246816707279, "car_tau_std": 7.332450677264275, "car_v_mean": 19.911570449243712, "car_v_std": 2.213967009082011}, "datetime": {"datetime": "2024-08-05 17:46:20", "elapsed": 3.855161, "delta": 1.435737}}
{"target": -0.04983314262869699, "params": {"bus_acc": 1.3196673006881867, "bus_dcc": 1.6078063756589878, "bus_lcAssertive": 43.686993760876724, "bus_lcCooperative": 0.40420190577514725, "bus_lcLookaheadLeft": 16.381645114900824, "bus_lcPushy": 0.7293189193611234, "bus_lcSublane": 0.18874506687718595, "bus_tau_mean": 2.75363475509082, "bus_tau_std": 7.543059505762987, "bus_v_mean": 11.371718273333132, "bus_v_std": 6.0095424810764, "car_acc": 2.497856750491673, "car_dcc": 2.9146561318610003, "car_lcAssertive": 60.115602991718255, "car_lcCooperative": 0.29548228565549706, "car_lcLookaheadLeft": 73.69743418166786, "car_lcPushy": 0.9453084399999497, "car_lcSublane": 0.42556139026154693, "car_tau_mean": 3.2376363589099184, "car_tau_std": 0.561410396619153, "car_v_mean": 21.364345639839456, "car_v_std": 1.922500168221477}, "datetime": {"datetime": "2024-08-05 17:46:23", "elapsed": 6.387321, "delta": 2.53216}}
{"target": -0.058050042671463215, "params": {"bus_acc": 1.367906883094444, "bus_dcc": 2.3885173561247797, "bus_lcAssertive": 43.46430106896039, "bus_lcCooperative": 0.4972891859195163, "bus_lcLookaheadLeft": 17.828055507629166, "bus_lcPushy": 0.34244064113481054, "bus_lcSublane": 0.2618804041035202, "bus_tau_mean": 3.4558443013031765, "bus_tau_std": 8.003322457764018, "bus_v_mean": 14.826226532290297, "bus_v_std": 6.070154607890389, "car_acc": 1.29093122053244, "car_dcc": 2.528839882652676, "car_lcAssertive": 30.39776149290355, "car_lcCooperative": 0.8596509535692011, "car_lcLookaheadLeft": 67.81664132882621, "car_lcPushy": 0.633474012622421, "car_lcSublane": 0.12475130006917923, "car_tau_mean": 2.1470575782461, "car_tau_std": 9.865727795868814, "car_v_mean": 23.172786785162643, "car_v_std": 6.450856402604436}, "datetime": {"datetime": "2024-08-05 17:46:23", "elapsed": 7.280351, "delta": 0.89303}}
{"target": -0.0723260218830605, "params": {"bus_acc": 1.9034662973829506, "bus_dcc": 2.1263044995035734, "bus_lcAssertive": 97.55965339275836, "bus_lcCooperative": 0.1679832931996149, "bus_lcLookaheadLeft": 97.33318400940021, "bus_lcPushy": 0.7674748688630131, "bus_lcSublane": 0.8242378396244978, "bus_tau_mean": 2.7141553587229903, "bus_tau_std": 6.6873277020673205, "bus_v_mean": 15.630117336339094, "bus_v_std": 0.13136356923072245, "car_acc": 1.7060121710836496, "car_dcc": 2.4762154044806755, "car_lcAssertive": 73.27902989792032, "car_lcCooperative": 0.4686283427461092, "car_lcLookaheadLeft": 46.825681776764306, "car_lcPushy": 0.13766274094560316, "car_lcSublane": 0.01088873380347899, "car_tau_mean": 3.1539739116694867, "car_tau_std": 3.199528380776784, "car_v_mean": 23.75013520309617, "car_v_std": 2.2023422615915598}, "datetime": {"datetime": "2024-08-05 17:46:26", "elapsed": 9.891131, "delta": 2.61078}}
{"target": -0.0677626248067784, "params": {"bus_acc": 1.7620322481244284, "bus_dcc": 3.2495749321784304, "bus_lcAssertive": 51.603006351415694, "bus_lcCooperative": 0.5409518049621886, "bus_lcLookaheadLeft": 96.02456346405174, "bus_lcPushy": 0.8039608914986468, "bus_lcSublane": 0.03232306662357398, "bus_tau_mean": 2.982855379309533, "bus_tau_std": 4.6500148156350605, "bus_v_mean": 23.1607830623216, "bus_v_std": 2.214327343234883, "car_acc": 1.5341440393687316, "car_dcc": 1.244421894631786, "car_lcAssertive": 43.43326403771486, "car_lcCooperative": 0.10901876401906829, "car_lcLookaheadLeft": 64.11110253996796, "car_lcPushy": 0.8029632373737379, "car_lcSublane": 0.6968004961201785, "car_tau_mean": 3.1817398337651968, "car_tau_std": 3.424541198435198, "car_v_mean": 21.53362372844284, "car_v_std": 4.287687749994426}, "datetime": {"datetime": "2024-08-05 17:46:28", "elapsed": 12.298218, "delta": 2.407087}}
{"target": -0.06534286044245619, "params": {"bus_acc": 1.5114903876118624, "bus_dcc": 3.408068558899896, "bus_lcAssertive": 48.308338438789896, "bus_lcCooperative": 0.13433860865569613, "bus_lcLookaheadLeft": 92.92920129685106, "bus_lcPushy": 0.8959699670066484, "bus_lcSublane": 0.49154515001693533, "bus_tau_mean": 3.4984587378122725, "bus_tau_std": 4.185780257640986, "bus_v_mean": 18.935438402660818, "bus_v_std": 3.9799063940792245, "car_acc": 2.0114840349016205, "car_dcc": 1.568655108501782, "car_lcAssertive": 96.53390348698048, "car_lcCooperative": 0.2942156882442547, "car_lcLookaheadLeft": 12.139036499407332, "car_lcPushy": 0.1443154002290481, "car_lcSublane": 0.014092294192442956, "car_tau_mean": 3.005809948118381, "car_tau_std": 5.644983202408741, "car_v_mean": 20.713253618956035, "car_v_std": 5.070799232841364}, "datetime": {"datetime": "2024-08-05 17:46:30", "elapsed": 14.27553, "delta": 1.977312}}
{"target": -0.0660365447400555, "params": {"bus_acc": 2.4655397065227334, "bus_dcc": 2.321013480389313, "bus_lcAssertive": 66.65252546531458, "bus_lcCooperative": 0.23890995487021205, "bus_lcLookaheadLeft": 99.86271068147504, "bus_lcPushy": 0.24287852161976753, "bus_lcSublane": 0.9408284143815248, "bus_tau_mean": 1.2602691263685628, "bus_tau_std": 4.975643846050675, "bus_v_mean": 21.138831438283773, "bus_v_std": 7.165880467947342, "car_acc": 2.411160824241338, "car_dcc": 2.321321679927154, "car_lcAssertive": 75.66332752006078, "car_lcCooperative": 0.9199535770148588, "car_lcLookaheadLeft": 45.25247104095211, "car_lcPushy": 0.5279654841547008, "car_lcSublane": 0.06603558401663734, "car_tau_mean": 1.8677057578474243, "car_tau_std": 4.672385663332459, "car_v_mean": 22.322203372857174, "car_v_std": 1.1055744025544123}, "datetime": {"datetime": "2024-08-05 17:46:32", "elapsed": 16.052175, "delta": 1.776645}}
{"target": -0.06569723674286072, "params": {"bus_acc": 2.067298152167462, "bus_dcc": 3.218163362039146, "bus_lcAssertive": 52.023975621169015, "bus_lcCooperative": 0.39994592398513173, "bus_lcLookaheadLeft": 98.65218467875691, "bus_lcPushy": 0.02824262016291268, "bus_lcSublane": 0.9327639079648583, "bus_tau_mean": 3.757992387159888, "bus_tau_std": 3.9091871150145807, "bus_v_mean": 11.431437938133117, "bus_v_std": 6.19213297933239, "car_acc": 1.3559446709403389, "car_dcc": 3.409624582984025, "car_lcAssertive": 26.139451731895786, "car_lcCooperative": 0.2908061550326779, "car_lcLookaheadLeft": 91.75974742097578, "car_lcPushy": 0.902916833474409, "car_lcSublane": 0.5353808917305217, "car_tau_mean": 3.5199364320251547, "car_tau_std": 3.525325688050618, "car_v_mean": 23.966148451598436, "car_v_std": 4.33689739404977}, "datetime": {"datetime": "2024-08-05 17:46:36", "elapsed": 20.06696, "delta": 4.014785}}
{"target": -0.026004135961134756, "params": {"bus_acc": 1.3306369809604797, "bus_dcc": 1.5915890394000078, "bus_lcAssertive": 69.41170681411371, "bus_lcCooperative": 0.573802869165353, "bus_lcLookaheadLeft": 87.58566713559975, "bus_lcPushy": 0.2446340657192081, "bus_lcSublane": 0.6296079567189131, "bus_tau_mean": 0.6205094285748347, "bus_tau_std": 5.16198461077069, "bus_v_mean": 21.811623707421592, "bus_v_std": 9.841265438849168, "car_acc": 1.019745950717837, "car_dcc": 1.7585244462304455, "car_lcAssertive": 23.16111736242501, "car_lcCooperative": 0.047537594227760493, "car_lcLookaheadLeft": 2.9969007136540142, "car_lcPushy": 0.49019531224423174, "car_lcSublane": 0.04548214567029407, "car_tau_mean": 1.474148457964157, "car_tau_std": 6.399745691089123, "car_v_mean": 12.715072664974468, "car_v_std": 2.696547011590514}, "datetime": {"datetime": "2024-08-05 17:46:38", "elapsed": 22.059204, "delta": 1.992244}}
{"target": -0.07197808657004223, "params": {"bus_acc": 1.5073716137753603, "bus_dcc": 1.558467009209992, "bus_lcAssertive": 47.71008721102208, "bus_lcCooperative": 0.9818244178252573, "bus_lcLookaheadLeft": 15.024811290859054, "bus_lcPushy": 0.28346243242805713, "bus_lcSublane": 0.800641174283456, "bus_tau_mean": 2.826719144787642, "bus_tau_std": 2.7875840869343707, "bus_v_mean": 13.03436170840179, "bus_v_std": 4.199482544019291, "car_acc": 2.205573524484592, "car_dcc": 3.1580163016632263, "car_lcAssertive": 85.87273301167184, "car_lcCooperative": 0.6811114704584097, "car_lcLookaheadLeft": 25.224242318226437, "car_lcPushy": 0.92572053533626, "car_lcSublane": 0.7811954006757661, "car_tau_mean": 1.575835181497455, "car_tau_std": 3.049656416420632, "car_v_mean": 22.098693094862476, "car_v_std": 1.260784803971985}, "datetime": {"datetime": "2024-08-05 17:46:40", "elapsed": 24.169517, "delta": 2.110313}}
{"target": -0.05649976732934626, "params": {"bus_acc": 1.3851120419101368, "bus_dcc": 3.2587777449398265, "bus_lcAssertive": 1.724577963458516, "bus_lcCooperative": 0.32825610365078084, "bus_lcLookaheadLeft": 91.92542206915053, "bus_lcPushy": 0.5883673328938768, "bus_lcSublane": 0.8551902839041353, "bus_tau_mean": 2.616352183222157, "bus_tau_std": 8.22578152523871, "bus_v_mean": 22.07173637486907, "bus_v_std": 3.209863745244532, "car_acc": 1.245909543104357, "car_dcc": 3.1639100325597127, "car_lcAssertive": 44.594361596292586, "car_lcCooperative": 0.1267357091420086, "car_lcLookaheadLeft": 59.80271751476914, "car_lcPushy": 0.03606831456985993, "car_lcSublane": 0.20018211641098693, "car_tau_mean": 3.259054163837891, "car_tau_std": 0.12096760015357866, "car_v_mean": 12.853530747337105, "car_v_std": 0.21375961088070716}, "datetime": {"datetime": "2024-08-05 17:46:41", "elapsed": 24.526526, "delta": 0.357009}}
{"target": -0.06842196082268061, "params": {"bus_acc": 1.9230425064942291, "bus_dcc": 1.843903817610434, "bus_lcAssertive": 3.8676524316119494, "bus_lcCooperative": 0.8846818943092944, "bus_lcLookaheadLeft": 77.55852507955886, "bus_lcPushy": 0.32973507924426093, "bus_lcSublane": 0.796558587536711, "bus_tau_mean": 1.6362341277104882, "bus_tau_std": 3.0788244381764676, "bus_v_mean": 22.84974525601162, "bus_v_std": 9.769161619458501, "car_acc": 2.0471106094337856, "car_dcc": 3.8558055027037748, "car_lcAssertive": 88.91165289871999, "car_lcCooperative": 0.5180325615944087, "car_lcLookaheadLeft": 38.52938260555359, "car_lcPushy": 0.7103545783196094, "car_lcSublane": 0.455643424642054, "car_tau_mean": 2.618245132931245, "car_tau_std": 9.904061968899466, "car_v_mean": 20.382659999303495, "car_v_std": 3.3427640499382627}, "datetime": {"datetime": "2024-08-05 17:46:41", "elapsed": 25.231255, "delta": 0.704729}}
{"target": -0.06443087437528194, "params": {"bus_acc": 2.1228193674369633, "bus_dcc": 3.20176940885463, "bus_lcAssertive": 9.659803456319308, "bus_lcCooperative": 0.3997549876808645, "bus_lcLookaheadLeft": 29.40287558608519, "bus_lcPushy": 0.42351005310518297, "bus_lcSublane": 0.49797863267328835, "bus_tau_mean": 2.810053282341179, "bus_tau_std": 4.962361389702792, "bus_v_mean": 17.927491209683048, "bus_v_std": 5.824398618892226, "car_acc": 1.8566647960777127, "car_dcc": 1.0149290941337963, "car_lcAssertive": 20.25712497210058, "car_lcCooperative": 0.3202066542862888, "car_lcLookaheadLeft": 16.403856333783267, "car_lcPushy": 0.5986638816064357, "car_lcSublane": 0.6114994766596024, "car_tau_mean": 2.2503264085892534, "car_tau_std": 3.2084890160086452, "car_v_mean": 18.45212883239127, "car_v_std": 1.9028348267904371}, "datetime": {"datetime": "2024-08-05 17:46:44", "elapsed": 27.482413, "delta": 2.251158}}
{"target": -0.06952805343992738, "params": {"bus_acc": 2.1992720168474333, "bus_dcc": 3.066535777055995, "bus_lcAssertive": 49.61988616912532, "bus_lcCooperative": 0.08817368124218106, "bus_lcLookaheadLeft": 25.037608395244693, "bus_lcPushy": 0.461602080891622, "bus_lcSublane": 0.19859150305392625, "bus_tau_mean": 0.589166825225871, "bus_tau_std": 7.293976982561526, "bus_v_mean": 19.598667955505906, "bus_v_std": 3.3039174636170277, "car_acc": 2.686988252127311, "car_dcc": 2.28532742785322, "car_lcAssertive": 86.6039283315899, "car_lcCooperative": 0.6570654246228895, "car_lcLookaheadLeft": 58.94149442697284, "car_lcPushy": 0.200727488035091, "car_lcSublane": 0.5295466104783949, "car_tau_mean": 3.630513464496503, "car_tau_std": 3.0499397583521604, "car_v_mean": 21.935129746576855, "car_v_std": 9.087452728583882}, "datetime": {"datetime": "2024-08-05 17:46:47", "elapsed": 30.511432, "delta": 3.029019}}
{"target": -0.05717849995807845, "params": {"bus_acc": 2.727658291002904, "bus_dcc": 1.2448719481452044, "bus_lcAssertive": 47.83808333570197, "bus_lcCooperative": 0.12554310980872363, "bus_lcLookaheadLeft": 77.74278901237754, "bus_lcPushy": 0.8414221567958434, "bus_lcSublane": 0.04329093818615859, "bus_tau_mean": 2.202542601096382, "bus_tau_std": 2.3941104413775594, "bus_v_mean": 23.23958050709215, "bus_v_std": 9.438926277837961, "car_acc": 2.2278680047694017, "car_dcc": 3.920462191975589, "car_lcAssertive": 35.141273027908845, "car_lcCooperative": 0.8978507176676818, "car_lcLookaheadLeft": 44.59030739403393, "car_lcPushy": 0.23581463714751372, "car_lcSublane": 0.9408279632013994, "car_tau_mean": 2.894763178441296, "car_tau_std": 0.6491158533912933, "car_v_mean": 21.92679770916906, "car_v_std": 7.013802946333463}, "datetime": {"datetime": "2024-08-05 17:46:48", "elapsed": 31.519341, "delta": 1.007909}}
{"target": -0.05158529731156451, "params": {"bus_acc": 2.0558079568162535, "bus_dcc": 3.2202326294772146, "bus_lcAssertive": 15.843217006808338, "bus_lcCooperative": 0.5510871741869717, "bus_lcLookaheadLeft": 23.22848641622038, "bus_lcPushy": 0.7591960493171447, "bus_lcSublane": 0.7229151935562137, "bus_tau_mean": 1.1179216199697906, "bus_tau_std": 8.619665576670734, "bus_v_mean": 8.316401592261508, "bus_v_std": 8.602369974231152, "car_acc": 2.1178076223218767, "car_dcc": 2.2096614163175476, "car_lcAssertive": 76.11594617121132, "car_lcCooperative": 0.7169290016924699, "car_lcLookaheadLeft": 98.7579651312258, "car_lcPushy": 0.2780850486129828, "car_lcSublane": 0.0037936724093425855, "car_tau_mean": 3.768659129102107, "car_tau_std": 8.578971045378939, "car_v_mean": 19.661614040308095, "car_v_std": 5.166887829215384}, "datetime": {"datetime": "2024-08-05 17:46:48", "elapsed": 32.139213, "delta": 0.619872}}
{"target": -0.06787127005361038, "params": {"bus_acc": 2.181093044487134, "bus_dcc": 2.1416022316289203, "bus_lcAssertive": 70.5497803621787, "bus_lcCooperative": 0.4961239512498611, "bus_lcLookaheadLeft": 64.0545080490348, "bus_lcPushy": 0.3533943470016294, "bus_lcSublane": 0.28704394615550866, "bus_tau_mean": 0.9662248981288568, "bus_tau_std": 9.370803847989643, "bus_v_mean": 20.877373536252712, "bus_v_std": 9.380285431563525, "car_acc": 1.3707610492956046, "car_dcc": 3.7994672884696765, "car_lcAssertive": 93.63956756152118, "car_lcCooperative": 0.2835445136036545, "car_lcLookaheadLeft": 28.914156345538572, "car_lcPushy": 0.5514315736733725, "car_lcSublane": 0.18528923936855235, "car_tau_mean": 2.0473538871936805, "car_tau_std": 1.853176459376844, "car_v_mean": 23.158014687263346, "car_v_std": 4.938246574910856}, "datetime": {"datetime": "2024-08-05 17:46:51", "elapsed": 35.03532, "delta": 2.896107}}
{"target": -0.06844489704191897, "params": {"bus_acc": 2.2335567140033152, "bus_dcc": 3.8470489620628494, "bus_lcAssertive": 95.06743580546089, "bus_lcCooperative": 0.5566531881951564, "bus_lcLookaheadLeft": 91.7294222770949, "bus_lcPushy": 0.6415662089463375, "bus_lcSublane": 0.39000771414124624, "bus_tau_mean": 2.2009673348391843, "bus_tau_std": 6.0431048291997325, "bus_v_mean": 16.792766744137, "bus_v_std": 9.261814267064537, "car_acc": 2.837466871267212, "car_dcc": 2.1846268387706647, "car_lcAssertive": 96.36299031563047, "car_lcCooperative": 0.17395566668046436, "car_lcLookaheadLeft": 14.380292905084458, "car_lcPushy": 0.13507915804673132, "car_lcSublane": 0.5056621656768967, "car_tau_mean": 0.575336818459693, "car_tau_std": 9.47970211217681, "car_v_mean": 21.23384753873172, "car_v_std": 0.1501898074212238}, "datetime": {"datetime": "2024-08-05 17:46:51", "elapsed": 35.331003, "delta": 0.295683}}
{"target": -0.05563000857416428, "params": {"bus_acc": 1.2890910802493196, "bus_dcc": 3.2545834514057317, "bus_lcAssertive": 22.982864840192345, "bus_lcCooperative": 0.519351824366033, "bus_lcLookaheadLeft": 78.95901076571866, "bus_lcPushy": 0.02233042799180618, "bus_lcSublane": 0.3243624597261865, "bus_tau_mean": 3.5552283174003887, "bus_tau_std": 8.447096076020696, "bus_v_mean": 16.6150494815127, "bus_v_std": 8.66608274166513, "car_acc": 2.899611982707253, "car_dcc": 3.479220992888024, "car_lcAssertive": 85.55742893981733, "car_lcCooperative": 0.09874340182034835, "car_lcLookaheadLeft": 65.82782456941712, "car_lcPushy": 0.703516988152653, "car_lcSublane": 0.6102408126466297, "car_tau_mean": 3.2986534160760983, "car_tau_std": 0.3457121987163425, "car_v_mean": 20.32381975287968, "car_v_std": 7.3172860073952695}, "datetime": {"datetime": "2024-08-05 17:46:54", "elapsed": 37.371886, "delta": 2.040883}}
{"target": -0.056286868228540884, "params": {"bus_acc": 2.533724752653084, "bus_dcc": 2.9028422583216202, "bus_lcAssertive": 47.28745525346862, "bus_lcCooperative": 0.6669425431939752, "bus_lcLookaheadLeft": 46.43098779917544, "bus_lcPushy": 0.5257115913414097, "bus_lcSublane": 0.6585680415583619, "bus_tau_mean": 1.1341838368385158, "bus_tau_std": 7.880495511723071, "bus_v_mean": 17.645845400614355, "bus_v_std": 9.803328851373278, "car_acc": 1.4447663870623515, "car_dcc": 2.3987994224997204, "car_lcAssertive": 89.6685384573452, "car_lcCooperative": 0.6014334096987881, "car_lcLookaheadLeft": 73.14396689318387, "car_lcPushy": 0.41367016420136027, "car_lcSublane": 0.6843096218313198, "car_tau_mean": 3.8111926044664712, "car_tau_std": 2.0018606573932205, "car_v_mean": 20.917844222037125, "car_v_std": 9.695380120998964}, "datetime": {"datetime": "2024-08-05 17:46:54", "elapsed": 37.635567, "delta": 0.263681}}
{"target": -0.060672169748917495, "params": {"bus_acc": 1.8271834356035286, "bus_dcc": 1.4179035139711802, "bus_lcAssertive": 38.34451147353914, "bus_lcCooperative": 0.4244374662396153, "bus_lcLookaheadLeft": 48.35056528228128, "bus_lcPushy": 0.4228418130386131, "bus_lcSublane": 0.10275656387416432, "bus_tau_mean": 3.204030933210404, "bus_tau_std": 1.372060034899114, "bus_v_mean": 14.788677989212992, "bus_v_std": 2.719561124527795, "car_acc": 1.6020158861598126, "car_dcc": 3.0172623177592977, "car_lcAssertive": 52.260885657528036, "car_lcCooperative": 0.19008705047994057, "car_lcLookaheadLeft": 47.975175103670956, "car_lcPushy": 0.3395408687963035, "car_lcSublane": 0.7044971982481261, "car_tau_mean": 1.2913332085139215, "car_tau_std": 8.449881373583452, "car_v_mean": 16.419674638266088, "car_v_std": 5.006195729230891}, "datetime": {"datetime": "2024-08-05 17:46:56", "elapsed": 39.68287, "delta": 2.047303}}
{"target": -0.07135054539740228, "params": {"bus_acc": 2.209853745948563, "bus_dcc": 3.1971246975379914, "bus_lcAssertive": 26.090465207478296, "bus_lcCooperative": 0.6004889552745444, "bus_lcLookaheadLeft": 81.83267976364222, "bus_lcPushy": 0.05411366032399989, "bus_lcSublane": 0.13051067133926597, "bus_tau_mean": 3.4485603348474476, "bus_tau_std": 6.183458693278855, "bus_v_mean": 16.50060496769693, "bus_v_std": 2.482907289970986, "car_acc": 1.5901571504989918, "car_dcc": 3.618058494758386, "car_lcAssertive": 42.74492755012122, "car_lcCooperative": 0.0644302555796068, "car_lcLookaheadLeft": 89.90453681174309, "car_lcPushy": 0.20338083282405106, "car_lcSublane": 0.8262275354923914, "car_tau_mean": 3.5861971807898256, "car_tau_std": 4.867507448183382, "car_v_mean": 17.57543508967418, "car_v_std": 5.272674564854169}, "datetime": {"datetime": "2024-08-05 17:46:56", "elapsed": 40.004926, "delta": 0.322056}}
