{"target": -0.06307720614654565, "params": {"bus_acc": 2.6612, "bus_dcc": 1.6741, "bus_lcAssertive": 29.8943, "bus_lcCooperative": 0.1928, "bus_lcLookaheadLeft": 72.0398, "bus_lcPushy": 0.0783, "bus_lcSublane": 0.1181, "bus_tau_mean": 1.8278, "bus_tau_std": 3.4235, "bus_v_mean": 18.2774, "bus_v_std": 2.2373, "car_acc": 2.1486, "car_dcc": 2.2294, "car_lcAssertive": 52.3456, "car_lcCooperative": 0.8989, "car_lcLookaheadLeft": 85.1262, "car_lcPushy": 0.6051, "car_lcSublane": 0.558, "car_tau_mean": 1.0386, "car_tau_std": 0.8419, "car_v_mean": 20.4009, "car_v_std": 7.9498}, "datetime": {"datetime": "2024-08-05 17:59:13", "elapsed": 777.047447, "delta": 2.096924}}
{"target": -0.06554413096472118, "params": {"bus_acc": 2.6062, "bus_dcc": 2.2763, "bus_lcAssertive": 54.2866, "bus_lcCooperative": 0.3833, "bus_lcLookaheadLeft": 31.5305, "bus_lcPushy": 0.2629, "bus_lcSublane": 0.4046, "bus_tau_mean": 2.1222, "bus_tau_std": 2.4141, "bus_v_mean": 10.8609, "bus_v_std": 6.0825, "car_acc": 2.5351, "car_dcc": 1.2608, "car_lcAssertive": 32.6574, "car_lcCooperative": 0.1666, "car_lcLookaheadLeft": 68.9819, "car_lcPushy": 0.9592, "car_lcSublane": 0.4814, "car_tau_mean": 3.7681, "car_tau_std": 3.0306, "car_v_mean": 18.746, "car_v_std": 4.7472}, "datetime": {"datetime": "2024-08-05 17:59:16", "elapsed": 779.481388, "delta": 2.433941}}
{"target": -0.06139580713786847, "params": {"bus_acc": 1.6769, "bus_dcc": 2.434, "bus_lcAssertive": 67.1783, "bus_lcCooperative": 0.4741, "bus_lcLookaheadLeft": 13.7614, "bus_lcPushy": 0.4674, "bus_lcSublane": 0.9536, "bus_tau_mean": 3.9888, "bus_tau_std": 7.9581, "bus_v_mean": 14.4474, "bus_v_std": 7.9006, "car_acc": 2.7706, "car_dcc": 1.4716, "car_lcAssertive": 56.3735, "car_lcCooperative": 0.2712, "car_lcLookaheadLeft": 86.4502, "car_lcPushy": 0.3805, "car_lcSublane": 0.4005, "car_tau_mean": 3.0468, "car_tau_std": 4.3885, "car_v_mean": 21.2165, "car_v_std": 4.0659}, "datetime": {"datetime": "2024-08-05 17:59:17", "elapsed": 780.805813, "delta": 1.324425}}
{"target": -0.05652580868514167, "params": {"bus_acc": 1.3586, "bus_dcc": 2.697, "bus_lcAssertive": 99.8477, "bus_lcCooperative": 0.2336, "bus_lcLookaheadLeft": 94.8574, "bus_lcPushy": 0.7194, "bus_lcSublane": 0.5607, "bus_tau_mean": 1.6226, "bus_tau_std": 6.471, "bus_v_mean": 18.0108, "bus_v_std": 1.978, "car_acc": 1.2791, "car_dcc": 2.0157, "car_lcAssertive": 30.1683, "car_lcCooperative": 0.1392, "car_lcLookaheadLeft": 52.7055, "car_lcPushy": 0.372, "car_lcSublane": 0.6927, "car_tau_mean": 2.4155, "car_tau_std": 4.6268, "car_v_mean": 20.6437, "car_v_std": 2.1985}, "datetime": {"datetime": "2024-08-05 17:59:20", "elapsed": 783.631673, "delta": 2.82586}}
{"target": -0.06873120180103806, "params": {"bus_acc": 1.6271, "bus_dcc": 2.5028, "bus_lcAssertive": 15.7904, "bus_lcCooperative": 0.1591, "bus_lcLookaheadLeft": 58.0639, "bus_lcPushy": 0.425, "bus_lcSublane": 0.9328, "bus_tau_mean": 0.8223, "bus_tau_std": 1.147, "bus_v_mean": 10.2869, "bus_v_std": 8.4163, "car_acc": 1.0766, "car_dcc": 3.2329, "car_lcAssertive": 12.7966, "car_lcCooperative": 0.7885, "car_lcLookaheadLeft": 7.9179, "car_lcPushy": 0.4024, "car_lcSublane": 0.7259, "car_tau_mean": 3.8278, "car_tau_std": 4.3653, "car_v_mean": 18.5005, "car_v_std": 3.6434}, "datetime": {"datetime": "2024-08-05 17:59:21", "elapsed": 785.323253, "delta": 1.69158}}
{"target": -0.06731912007847766, "params": {"bus_acc": 2.079, "bus_dcc": 1.3038, "bus_lcAssertive": 63.839, "bus_lcCooperative": 0.9338, "bus_lcLookaheadLeft": 94.4973, "bus_lcPushy": 0.2713, "bus_lcSublane": 0.3122, "bus_tau_mean": 2.494, "bus_tau_std": 0.5475, "bus_v_mean": 10.0146, "bus_v_std": 7.8204, "car_acc": 2.3524, "car_dcc": 1.8867, "car_lcAssertive": 7.9619, "car_lcCooperative": 0.3335, "car_lcLookaheadLeft": 30.09, "car_lcPushy": 0.8946, "car_lcSublane": 0.839, "car_tau_mean": 2.9312, "car_tau_std": 6.0829, "car_v_mean": 22.5251, "car_v_std": 4.2222}, "datetime": {"datetime": "2024-08-05 17:59:24", "elapsed": 787.34154, "delta": 2.018287}}
{"target": -0.05298030840944842, "params": {"bus_acc": 1.1106, "bus_dcc": 3.2405, "bus_lcAssertive": 73.3822, "bus_lcCooperative": 0.4254, "bus_lcLookaheadLeft": 5.4717, "bus_lcPushy": 0.5994, "bus_lcSublane": 0.6905, "bus_tau_mean": 1.345, "bus_tau_std": 3.5976, "bus_v_mean": 14.9645, "bus_v_std": 0.5207, "car_acc": 1.8828, "car_dcc": 2.8247, "car_lcAssertive": 2.0626, "car_lcCooperative": 0.3087, "car_lcLookaheadLeft": 90.7457, "car_lcPushy": 0.383, "car_lcSublane": 0.7328, "car_tau_mean": 1.2837, "car_tau_std": 1.2126, "car_v_mean": 16.5312, "car_v_std": 7.1848}, "datetime": {"datetime": "2024-08-05 17:59:25", "elapsed": 788.751411, "delta": 1.409871}}
{"target": -0.04888077961196425, "params": {"bus_acc": 2.4168, "bus_dcc": 2.5354, "bus_lcAssertive": 32.4931, "bus_lcCooperative": 0.8488, "bus_lcLookaheadLeft": 73.2547, "bus_lcPushy": 0.4754, "bus_lcSublane": 0.9253, "bus_tau_mean": 0.5847, "bus_tau_std": 3.043, "bus_v_mean": 9.8659, "bus_v_std": 1.2354, "car_acc": 2.2212, "car_dcc": 1.2626, "car_lcAssertive": 11.4236, "car_lcCooperative": 0.6997, "car_lcLookaheadLeft": 41.4676, "car_lcPushy": 0.0016, "car_lcSublane": 0.3836, "car_tau_mean": 0.5856, "car_tau_std": 8.1206, "car_v_mean": 9.2103, "car_v_std": 6.6934}, "datetime": {"datetime": "2024-08-05 17:59:27", "elapsed": 790.59247, "delta": 1.841059}}
{"target": -0.07157779312864138, "params": {"bus_acc": 2.2051, "bus_dcc": 1.0155, "bus_lcAssertive": 3.503, "bus_lcCooperative": 0.0624, "bus_lcLookaheadLeft": 54.7727, "bus_lcPushy": 0.627, "bus_lcSublane": 0.6586, "bus_tau_mean": 2.6438, "bus_tau_std": 7.3122, "bus_v_mean": 23.0345, "bus_v_std": 7.3437, "car_acc": 2.5307, "car_dcc": 2.017, "car_lcAssertive": 29.8347, "car_lcCooperative": 0.3558, "car_lcLookaheadLeft": 76.633, "car_lcPushy": 0.9889, "car_lcSublane": 0.9221, "car_tau_mean": 1.5095, "car_tau_std": 1.0877, "car_v_mean": 22.1174, "car_v_std": 2.1543}, "datetime": {"datetime": "2024-08-05 17:59:30", "elapsed": 793.411542, "delta": 2.819072}}
{"target": -0.06710349387987335, "params": {"bus_acc": 2.1255, "bus_dcc": 3.4412, "bus_lcAssertive": 17.767, "bus_lcCooperative": 0.6796, "bus_lcLookaheadLeft": 33.1704, "bus_lcPushy": 0.5216, "bus_lcSublane": 0.1842, "bus_tau_mean": 2.8749, "bus_tau_std": 1.9415, "bus_v_mean": 15.2139, "bus_v_std": 7.672, "car_acc": 2.5509, "car_dcc": 3.3118, "car_lcAssertive": 30.5111, "car_lcCooperative": 0.2936, "car_lcLookaheadLeft": 53.8611, "car_lcPushy": 0.9322, "car_lcSublane": 0.9508, "car_tau_mean": 3.5837, "car_tau_std": 2.4393, "car_v_mean": 23.62, "car_v_std": 5.2186}, "datetime": {"datetime": "2024-08-05 17:59:31", "elapsed": 795.047223, "delta": 1.635681}}
{"target": -0.06180324838036483, "params": {"bus_acc": 2.8351, "bus_dcc": 2.744, "bus_lcAssertive": 53.3794, "bus_lcCooperative": 0.8576, "bus_lcLookaheadLeft": 53.1167, "bus_lcPushy": 0.4906, "bus_lcSublane": 0.9815, "bus_tau_mean": 2.4542, "bus_tau_std": 4.2204, "bus_v_mean": 13.3581, "bus_v_std": 6.374, "car_acc": 2.709, "car_dcc": 1.7595, "car_lcAssertive": 54.916, "car_lcCooperative": 0.7532, "car_lcLookaheadLeft": 51.4817, "car_lcPushy": 0.9119, "car_lcSublane": 0.7569, "car_tau_mean": 1.372, "car_tau_std": 6.5121, "car_v_mean": 13.996, "car_v_std": 0.0854}, "datetime": {"datetime": "2024-08-05 17:59:34", "elapsed": 797.457805, "delta": 2.410582}}
{"target": -0.05127734476908627, "params": {"bus_acc": 2.6396, "bus_dcc": 2.5266, "bus_lcAssertive": 84.6672, "bus_lcCooperative": 0.7949, "bus_lcLookaheadLeft": 69.14, "bus_lcPushy": 0.6901, "bus_lcSublane": 0.3062, "bus_tau_mean": 2.6793, "bus_tau_std": 8.2992, "bus_v_mean": 18.5461, "bus_v_std": 5.0524, "car_acc": 1.1727, "car_dcc": 1.6818, "car_lcAssertive": 47.496, "car_lcCooperative": 0.6669, "car_lcLookaheadLeft": 8.2699, "car_lcPushy": 0.9647, "car_lcSublane": 0.8318, "car_tau_mean": 2.5405, "car_tau_std": 8.6031, "car_v_mean": 14.3155, "car_v_std": 0.504}, "datetime": {"datetime": "2024-08-05 17:59:36", "elapsed": 799.429309, "delta": 1.971504}}
{"target": -0.06294984548721796, "params": {"bus_acc": 1.2214, "bus_dcc": 2.1021, "bus_lcAssertive": 38.0596, "bus_lcCooperative": 0.9807, "bus_lcLookaheadLeft": 98.5528, "bus_lcPushy": 0.402, "bus_lcSublane": 0.9285, "bus_tau_mean": 3.1119, "bus_tau_std": 5.0911, "bus_v_mean": 21.6558, "bus_v_std": 1.1607, "car_acc": 1.0381, "car_dcc": 3.5081, "car_lcAssertive": 65.5837, "car_lcCooperative": 0.0028, "car_lcLookaheadLeft": 78.6196, "car_lcPushy": 0.3021, "car_lcSublane": 0.1394, "car_tau_mean": 2.036, "car_tau_std": 8.0732, "car_v_mean": 8.3328, "car_v_std": 6.2342}, "datetime": {"datetime": "2024-08-05 17:59:38", "elapsed": 801.981554, "delta": 2.552245}}
{"target": -0.06159585132020608, "params": {"bus_acc": 2.39, "bus_dcc": 3.9592, "bus_lcAssertive": 44.6523, "bus_lcCooperative": 0.8605, "bus_lcLookaheadLeft": 61.1966, "bus_lcPushy": 0.8532, "bus_lcSublane": 0.8213, "bus_tau_mean": 1.5269, "bus_tau_std": 5.8582, "bus_v_mean": 11.6944, "bus_v_std": 8.5856, "car_acc": 1.5323, "car_dcc": 3.3708, "car_lcAssertive": 28.5177, "car_lcCooperative": 0.4279, "car_lcLookaheadLeft": 7.0084, "car_lcPushy": 0.267, "car_lcSublane": 0.2912, "car_tau_mean": 1.0029, "car_tau_std": 0.764, "car_v_mean": 21.182, "car_v_std": 5.3728}, "datetime": {"datetime": "2024-08-05 17:59:41", "elapsed": 804.359206, "delta": 2.377652}}
{"target": -0.05115540938128147, "params": {"bus_acc": 2.0635, "bus_dcc": 2.2514, "bus_lcAssertive": 12.3146, "bus_lcCooperative": 0.4446, "bus_lcLookaheadLeft": 74.8341, "bus_lcPushy": 0.5143, "bus_lcSublane": 0.7487, "bus_tau_mean": 2.7611, "bus_tau_std": 7.8067, "bus_v_mean": 12.3395, "bus_v_std": 8.5885, "car_acc": 2.6533, "car_dcc": 2.4442, "car_lcAssertive": 2.2385, "car_lcCooperative": 0.0159, "car_lcLookaheadLeft": 82.1898, "car_lcPushy": 0.0753, "car_lcSublane": 0.9992, "car_tau_mean": 3.6438, "car_tau_std": 5.9611, "car_v_mean": 12.8525, "car_v_std": 6.7889}, "datetime": {"datetime": "2024-08-05 17:59:43", "elapsed": 806.542492, "delta": 2.183286}}
{"target": -0.05251544003854848, "params": {"bus_acc": 2.8051, "bus_dcc": 3.5753, "bus_lcAssertive": 38.3126, "bus_lcCooperative": 0.1026, "bus_lcLookaheadLeft": 57.5195, "bus_lcPushy": 0.6947, "bus_lcSublane": 0.4586, "bus_tau_mean": 1.5821, "bus_tau_std": 3.2187, "bus_v_mean": 21.6454, "bus_v_std": 1.3227, "car_acc": 1.5348, "car_dcc": 1.7469, "car_lcAssertive": 67.0336, "car_lcCooperative": 0.9261, "car_lcLookaheadLeft": 85.8089, "car_lcPushy": 0.4135, "car_lcSublane": 0.4617, "car_tau_mean": 2.8368, "car_tau_std": 4.648, "car_v_mean": 12.128, "car_v_std": 5.4956}, "datetime": {"datetime": "2024-08-05 17:59:45", "elapsed": 808.72378, "delta": 2.181288}}
{"target": -0.04996245016520296, "params": {"bus_acc": 2.5047, "bus_dcc": 3.0933, "bus_lcAssertive": 44.9643, "bus_lcCooperative": 0.3246, "bus_lcLookaheadLeft": 74.0901, "bus_lcPushy": 0.9264, "bus_lcSublane": 0.8031, "bus_tau_mean": 2.2134, "bus_tau_std": 1.9913, "bus_v_mean": 10.7896, "bus_v_std": 1.4258, "car_acc": 2.0886, "car_dcc": 1.1839, "car_lcAssertive": 28.4068, "car_lcCooperative": 0.2702, "car_lcLookaheadLeft": 79.7962, "car_lcPushy": 0.5736, "car_lcSublane": 0.8825, "car_tau_mean": 1.385, "car_tau_std": 5.1963, "car_v_mean": 13.4144, "car_v_std": 8.8844}, "datetime": {"datetime": "2024-08-05 17:59:48", "elapsed": 812.247132, "delta": 3.523352}}
{"target": -0.053927293459700175, "params": {"bus_acc": 1.8538, "bus_dcc": 1.545, "bus_lcAssertive": 76.8646, "bus_lcCooperative": 0.9347, "bus_lcLookaheadLeft": 47.1731, "bus_lcPushy": 0.4402, "bus_lcSublane": 0.0028, "bus_tau_mean": 1.7751, "bus_tau_std": 3.8616, "bus_v_mean": 10.7068, "bus_v_std": 7.1548, "car_acc": 1.0488, "car_dcc": 2.3627, "car_lcAssertive": 21.0092, "car_lcCooperative": 0.5475, "car_lcLookaheadLeft": 81.2653, "car_lcPushy": 0.0021, "car_lcSublane": 0.6826, "car_tau_mean": 3.8276, "car_tau_std": 9.2984, "car_v_mean": 20.0877, "car_v_std": 8.941}, "datetime": {"datetime": "2024-08-05 17:59:51", "elapsed": 815.161296, "delta": 2.914164}}
{"target": -0.04933589004446386, "params": {"bus_acc": 1.3224, "bus_dcc": 2.0809, "bus_lcAssertive": 83.1274, "bus_lcCooperative": 0.4229, "bus_lcLookaheadLeft": 99.5368, "bus_lcPushy": 0.1015, "bus_lcSublane": 0.89, "bus_tau_mean": 0.5736, "bus_tau_std": 9.1583, "bus_v_mean": 12.5916, "bus_v_std": 8.5081, "car_acc": 2.4462, "car_dcc": 1.8017, "car_lcAssertive": 99.7365, "car_lcCooperative": 0.062, "car_lcLookaheadLeft": 70.6462, "car_lcPushy": 0.4416, "car_lcSublane": 0.0722, "car_tau_mean": 0.992, "car_tau_std": 7.9196, "car_v_mean": 9.728, "car_v_std": 5.404}, "datetime": {"datetime": "2024-08-05 17:59:54", "elapsed": 817.666133, "delta": 2.504837}}
{"target": -0.07599967818068172, "params": {"bus_acc": 1.5793, "bus_dcc": 2.0692, "bus_lcAssertive": 26.4351, "bus_lcCooperative": 0.8302, "bus_lcLookaheadLeft": 53.9127, "bus_lcPushy": 0.6721, "bus_lcSublane": 0.2611, "bus_tau_mean": 1.5636, "bus_tau_std": 8.5495, "bus_v_mean": 12.8211, "bus_v_std": 0.4947, "car_acc": 1.6642, "car_dcc": 2.7088, "car_lcAssertive": 25.477, "car_lcCooperative": 0.6715, "car_lcLookaheadLeft": 47.7447, "car_lcPushy": 0.7208, "car_lcSublane": 0.1063, "car_tau_mean": 0.5866, "car_tau_std": 2.0772, "car_v_mean": 20.6335, "car_v_std": 2.2508}, "datetime": {"datetime": "2024-08-05 17:59:56", "elapsed": 820.149324, "delta": 2.483191}}
{"target": -0.051889162853446386, "params": {"bus_acc": 1.5738, "bus_dcc": 1.7195, "bus_lcAssertive": 60.4998, "bus_lcCooperative": 0.3583, "bus_lcLookaheadLeft": 4.1555, "bus_lcPushy": 0.965, "bus_lcSublane": 0.2715, "bus_tau_mean": 0.7206, "bus_tau_std": 6.2201, "bus_v_mean": 12.0694, "bus_v_std": 0.9193, "car_acc": 2.5829, "car_dcc": 1.8504, "car_lcAssertive": 93.7847, "car_lcCooperative": 0.8532, "car_lcLookaheadLeft": 65.6285, "car_lcPushy": 0.8464, "car_lcSublane": 0.7463, "car_tau_mean": 0.6675, "car_tau_std": 0.1985, "car_v_mean": 14.4562, "car_v_std": 2.2939}, "datetime": {"datetime": "2024-08-05 18:00:00", "elapsed": 823.448165, "delta": 3.298841}}
{"target": -0.0595204670668351, "params": {"bus_acc": 1.972, "bus_dcc": 2.6428, "bus_lcAssertive": 93.5129, "bus_lcCooperative": 0.2424, "bus_lcLookaheadLeft": 45.2908, "bus_lcPushy": 0.125, "bus_lcSublane": 0.2255, "bus_tau_mean": 1.9359, "bus_tau_std": 2.7404, "bus_v_mean": 12.1437, "bus_v_std": 3.8688, "car_acc": 1.9077, "car_dcc": 1.5517, "car_lcAssertive": 50.8819, "car_lcCooperative": 0.9315, "car_lcLookaheadLeft": 75.4488, "car_lcPushy": 0.5781, "car_lcSublane": 0.0063, "car_tau_mean": 1.7937, "car_tau_std": 0.6171, "car_v_mean": 23.2621, "car_v_std": 0.613}, "datetime": {"datetime": "2024-08-05 18:00:02", "elapsed": 826.127733, "delta": 2.679568}}
{"target": -0.05187131874986511, "params": {"bus_acc": 1.834, "bus_dcc": 1.1385, "bus_lcAssertive": 36.0177, "bus_lcCooperative": 0.063, "bus_lcLookaheadLeft": 62.1576, "bus_lcPushy": 0.8065, "bus_lcSublane": 0.4435, "bus_tau_mean": 2.7875, "bus_tau_std": 7.1824, "bus_v_mean": 15.1637, "bus_v_std": 8.259, "car_acc": 1.3426, "car_dcc": 2.7877, "car_lcAssertive": 30.9197, "car_lcCooperative": 0.0871, "car_lcLookaheadLeft": 81.1674, "car_lcPushy": 0.8106, "car_lcSublane": 0.564, "car_tau_mean": 3.7443, "car_tau_std": 3.5476, "car_v_mean": 17.6931, "car_v_std": 8.4647}, "datetime": {"datetime": "2024-08-05 18:00:07", "elapsed": 831.084825, "delta": 4.957092}}
{"target": -0.060347403103354645, "params": {"bus_acc": 2.6699, "bus_dcc": 2.9052, "bus_lcAssertive": 79.5458, "bus_lcCooperative": 0.9146, "bus_lcLookaheadLeft": 37.7302, "bus_lcPushy": 0.6965, "bus_lcSublane": 0.6144, "bus_tau_mean": 1.0148, "bus_tau_std": 7.5894, "bus_v_mean": 22.2579, "bus_v_std": 6.1491, "car_acc": 1.926, "car_dcc": 3.8156, "car_lcAssertive": 96.7359, "car_lcCooperative": 0.1298, "car_lcLookaheadLeft": 67.5308, "car_lcPushy": 0.456, "car_lcSublane": 0.5523, "car_tau_mean": 1.1136, "car_tau_std": 5.1124, "car_v_mean": 14.9149, "car_v_std": 0.2022}, "datetime": {"datetime": "2024-08-05 18:00:09", "elapsed": 833.166837, "delta": 2.082012}}
{"target": -0.06409547685917256, "params": {"bus_acc": 2.857, "bus_dcc": 1.5251, "bus_lcAssertive": 13.9525, "bus_lcCooperative": 0.0468, "bus_lcLookaheadLeft": 64.0914, "bus_lcPushy": 0.5802, "bus_lcSublane": 0.7273, "bus_tau_mean": 0.7176, "bus_tau_std": 8.6155, "bus_v_mean": 10.828, "bus_v_std": 3.0468, "car_acc": 1.6695, "car_dcc": 3.7206, "car_lcAssertive": 59.1224, "car_lcCooperative": 0.6146, "car_lcLookaheadLeft": 61.483, "car_lcPushy": 0.277, "car_lcSublane": 0.6997, "car_tau_mean": 1.459, "car_tau_std": 5.2772, "car_v_mean": 20.4999, "car_v_std": 4.3804}, "datetime": {"datetime": "2024-08-05 18:00:12", "elapsed": 836.29561, "delta": 3.128773}}
{"target": -0.06962244665637043, "params": {"bus_acc": 1.9957, "bus_dcc": 2.4524, "bus_lcAssertive": 73.0158, "bus_lcCooperative": 0.8375, "bus_lcLookaheadLeft": 63.1418, "bus_lcPushy": 0.7199, "bus_lcSublane": 0.0388, "bus_tau_mean": 0.5878, "bus_tau_std": 5.0763, "bus_v_mean": 16.043, "bus_v_std": 6.3581, "car_acc": 1.6685, "car_dcc": 2.8805, "car_lcAssertive": 36.8831, "car_lcCooperative": 0.7287, "car_lcLookaheadLeft": 64.8313, "car_lcPushy": 0.4938, "car_lcSublane": 0.1266, "car_tau_mean": 2.067, "car_tau_std": 7.3782, "car_v_mean": 17.4801, "car_v_std": 0.4993}, "datetime": {"datetime": "2024-08-05 18:00:14", "elapsed": 838.101704, "delta": 1.806094}}
{"target": -0.061802425471871945, "params": {"bus_acc": 1.2104, "bus_dcc": 2.1157, "bus_lcAssertive": 7.3909, "bus_lcCooperative": 0.9848, "bus_lcLookaheadLeft": 96.406, "bus_lcPushy": 0.9845, "bus_lcSublane": 0.7882, "bus_tau_mean": 2.3432, "bus_tau_std": 5.5018, "bus_v_mean": 19.5377, "bus_v_std": 5.215, "car_acc": 2.6051, "car_dcc": 2.2424, "car_lcAssertive": 22.429, "car_lcCooperative": 0.7069, "car_lcLookaheadLeft": 53.4537, "car_lcPushy": 0.931, "car_lcSublane": 0.3794, "car_tau_mean": 2.8598, "car_tau_std": 6.6684, "car_v_mean": 15.1252, "car_v_std": 1.988}, "datetime": {"datetime": "2024-08-05 18:00:16", "elapsed": 840.255061, "delta": 2.153357}}
{"target": -0.04537317972711006, "params": {"bus_acc": 2.9789, "bus_dcc": 2.279, "bus_lcAssertive": 18.5502, "bus_lcCooperative": 0.3515, "bus_lcLookaheadLeft": 4.1829, "bus_lcPushy": 0.8498, "bus_lcSublane": 0.1505, "bus_tau_mean": 3.5307, "bus_tau_std": 3.5293, "bus_v_mean": 22.3804, "bus_v_std": 4.3927, "car_acc": 2.5829, "car_dcc": 3.1594, "car_lcAssertive": 31.6287, "car_lcCooperative": 0.4702, "car_lcLookaheadLeft": 39.4222, "car_lcPushy": 0.0462, "car_lcSublane": 0.9234, "car_tau_mean": 3.7506, "car_tau_std": 7.9778, "car_v_mean": 10.9363, "car_v_std": 4.4289}, "datetime": {"datetime": "2024-08-05 18:00:19", "elapsed": 843.22156, "delta": 2.966499}}
{"target": -0.04884593350693414, "params": {"bus_acc": 1.3993, "bus_dcc": 1.2024, "bus_lcAssertive": 93.2628, "bus_lcCooperative": 0.2271, "bus_lcLookaheadLeft": 88.0033, "bus_lcPushy": 0.6943, "bus_lcSublane": 0.1342, "bus_tau_mean": 3.8769, "bus_tau_std": 7.3312, "bus_v_mean": 15.0565, "bus_v_std": 2.975, "car_acc": 1.6146, "car_dcc": 1.5997, "car_lcAssertive": 55.9032, "car_lcCooperative": 0.9604, "car_lcLookaheadLeft": 11.6927, "car_lcPushy": 0.5511, "car_lcSublane": 0.3757, "car_tau_mean": 2.2364, "car_tau_std": 9.025, "car_v_mean": 17.3203, "car_v_std": 4.6827}, "datetime": {"datetime": "2024-08-05 18:00:24", "elapsed": 847.910732, "delta": 4.689172}}
{"target": -0.0568237680131902, "params": {"bus_acc": 2.2353, "bus_dcc": 1.8502, "bus_lcAssertive": 88.7052, "bus_lcCooperative": 0.6889, "bus_lcLookaheadLeft": 72.9666, "bus_lcPushy": 0.485, "bus_lcSublane": 0.6754, "bus_tau_mean": 0.6678, "bus_tau_std": 2.6063, "bus_v_mean": 20.4734, "bus_v_std": 9.7085, "car_acc": 2.9186, "car_dcc": 2.8677, "car_lcAssertive": 22.3112, "car_lcCooperative": 0.6597, "car_lcLookaheadLeft": 57.8907, "car_lcPushy": 0.7217, "car_lcSublane": 0.3005, "car_tau_mean": 1.4184, "car_tau_std": 0.6434, "car_v_mean": 12.3374, "car_v_std": 8.5874}, "datetime": {"datetime": "2024-08-05 18:00:26", "elapsed": 849.926321, "delta": 2.015589}}
{"target": -0.059994112691820325, "params": {"bus_acc": 2.5183, "bus_dcc": 2.1585, "bus_lcAssertive": 7.692, "bus_lcCooperative": 0.8117, "bus_lcLookaheadLeft": 77.1812, "bus_lcPushy": 0.7101, "bus_lcSublane": 0.4604, "bus_tau_mean": 2.8948, "bus_tau_std": 7.6462, "bus_v_mean": 20.8365, "bus_v_std": 4.7733, "car_acc": 1.9182, "car_dcc": 3.1505, "car_lcAssertive": 65.2835, "car_lcCooperative": 0.8382, "car_lcLookaheadLeft": 99.5457, "car_lcPushy": 0.4535, "car_lcSublane": 0.3872, "car_tau_mean": 2.7106, "car_tau_std": 0.4473, "car_v_mean": 14.1417, "car_v_std": 2.5418}, "datetime": {"datetime": "2024-08-05 18:00:28", "elapsed": 851.664039, "delta": 1.737718}}
{"target": -0.061015102953442715, "params": {"bus_acc": 1.4751, "bus_dcc": 1.7313, "bus_lcAssertive": 48.8969, "bus_lcCooperative": 0.679, "bus_lcLookaheadLeft": 2.8066, "bus_lcPushy": 0.0418, "bus_lcSublane": 0.9644, "bus_tau_mean": 3.0779, "bus_tau_std": 6.2924, "bus_v_mean": 11.0382, "bus_v_std": 2.3781, "car_acc": 1.5243, "car_dcc": 3.6223, "car_lcAssertive": 86.012, "car_lcCooperative": 0.8696, "car_lcLookaheadLeft": 16.837, "car_lcPushy": 0.1825, "car_lcSublane": 0.1704, "car_tau_mean": 3.3679, "car_tau_std": 1.4837, "car_v_mean": 17.51, "car_v_std": 8.7513}, "datetime": {"datetime": "2024-08-05 18:00:30", "elapsed": 853.445613, "delta": 1.781574}}
{"target": -0.051233078748169236, "params": {"bus_acc": 2.7893, "bus_dcc": 3.9859, "bus_lcAssertive": 3.9678, "bus_lcCooperative": 0.3792, "bus_lcLookaheadLeft": 92.5708, "bus_lcPushy": 0.2399, "bus_lcSublane": 0.9569, "bus_tau_mean": 0.6884, "bus_tau_std": 7.6047, "bus_v_mean": 9.355, "bus_v_std": 7.6786, "car_acc": 1.2763, "car_dcc": 3.8596, "car_lcAssertive": 70.7207, "car_lcCooperative": 0.6971, "car_lcLookaheadLeft": 70.995, "car_lcPushy": 0.1283, "car_lcSublane": 0.2726, "car_tau_mean": 1.9471, "car_tau_std": 1.7988, "car_v_mean": 17.8849, "car_v_std": 7.3875}, "datetime": {"datetime": "2024-08-05 18:00:32", "elapsed": 855.620471, "delta": 2.174858}}
