{"target": -0.35855640810415385, "params": {"bus_acc": 2.7538, "bus_dcc": 3.3677, "bus_lcAssertive": 57.5506, "bus_lcCooperative": 0.9824, "bus_lcLookaheadLeft": 23.2788, "bus_lcPushy": 0.1111, "bus_lcSigma": 0.3564, "bus_lcSpeedGainRight": 0.7676, "bus_lcSublane": 0.3301, "bus_sigma": 0.4755, "bus_tau_mean": 2.7821, "bus_tau_std": 5.1991, "bus_v_mean": 12.8535, "bus_v_std": 11.1018, "car_acc": 2.3653, "car_dcc": 2.7217, "car_lcAssertive": 25.5072, "car_lcCooperative": 0.6779, "car_lcLookaheadLeft": 86.5944, "car_lcPushy": 0.6978, "car_lcSigma": 0.5206, "car_lcSpeedGainRight": 4.2405, "car_lcSublane": 0.6178, "car_sigma": 0.1198, "car_tau_mean": 3.3926, "car_tau_std": 5.6792, "car_v_mean": 17.1366, "car_v_std": 18.8279}, "datetime": {"datetime": "2024-08-08 10:52:47", "elapsed": 3447.310526, "delta": 5.545547}}
{"target": -0.3066472620747763, "params": {"bus_acc": 2.5979, "bus_dcc": 1.2819, "bus_lcAssertive": 70.9481, "bus_lcCooperative": 0.3885, "bus_lcLookaheadLeft": 74.3151, "bus_lcPushy": 0.3805, "bus_lcSigma": 0.8834, "bus_lcSpeedGainRight": 4.8446, "bus_lcSublane": 0.4609, "bus_sigma": 0.4785, "bus_tau_mean": 1.2443, "bus_tau_std": 0.0665, "bus_v_mean": 10.006, "bus_v_std": 18.1391, "car_acc": 2.2108, "car_dcc": 1.3172, "car_lcAssertive": 23.8344, "car_lcCooperative": 0.1848, "car_lcLookaheadLeft": 82.437, "car_lcPushy": 0.2964, "car_lcSigma": 0.5707, "car_lcSpeedGainRight": 1.5889, "car_lcSublane": 0.8833, "car_sigma": 0.6848, "car_tau_mean": 0.6439, "car_tau_std": 5.9691, "car_v_mean": 22.3753, "car_v_std": 15.934}, "datetime": {"datetime": "2024-08-08 10:52:50", "elapsed": 3450.3316, "delta": 3.021074}}
{"target": -0.39152535909987213, "params": {"bus_acc": 1.8622, "bus_dcc": 2.8174, "bus_lcAssertive": 5.4788, "bus_lcCooperative": 0.1478, "bus_lcLookaheadLeft": 93.6492, "bus_lcPushy": 0.5614, "bus_lcSigma": 0.8082, "bus_lcSpeedGainRight": 4.0158, "bus_lcSublane": 0.5773, "bus_sigma": 0.8185, "bus_tau_mean": 1.0522, "bus_tau_std": 3.7731, "bus_v_mean": 18.8323, "bus_v_std": 18.0438, "car_acc": 1.634, "car_dcc": 1.1005, "car_lcAssertive": 36.8763, "car_lcCooperative": 0.3006, "car_lcLookaheadLeft": 93.4662, "car_lcPushy": 0.1343, "car_lcSigma": 0.3892, "car_lcSpeedGainRight": 0.5804, "car_lcSublane": 0.3547, "car_sigma": 0.9949, "car_tau_mean": 1.2687, "car_tau_std": 3.9739, "car_v_mean": 20.1925, "car_v_std": 2.5698}, "datetime": {"datetime": "2024-08-08 10:52:53", "elapsed": 3453.036642, "delta": 2.705042}}
{"target": -0.35499453799291614, "params": {"bus_acc": 2.5603, "bus_dcc": 3.9314, "bus_lcAssertive": 15.8713, "bus_lcCooperative": 0.7577, "bus_lcLookaheadLeft": 16.4093, "bus_lcPushy": 0.7356, "bus_lcSigma": 0.4228, "bus_lcSpeedGainRight": 3.9667, "bus_lcSublane": 0.3687, "bus_sigma": 0.2623, "bus_tau_mean": 2.1333, "bus_tau_std": 4.5263, "bus_v_mean": 10.3916, "bus_v_std": 4.0693, "car_acc": 1.6306, "car_dcc": 1.7912, "car_lcAssertive": 39.518, "car_lcCooperative": 0.3219, "car_lcLookaheadLeft": 75.9241, "car_lcPushy": 0.5507, "car_lcSigma": 0.1933, "car_lcSpeedGainRight": 2.8515, "car_lcSublane": 0.6742, "car_sigma": 0.1393, "car_tau_mean": 3.4947, "car_tau_std": 4.4071, "car_v_mean": 8.0107, "car_v_std": 11.1491}, "datetime": {"datetime": "2024-08-08 10:53:04", "elapsed": 3464.279972, "delta": 11.24333}}
{"target": -0.3502606456511073, "params": {"bus_acc": 1.7415, "bus_dcc": 3.7093, "bus_lcAssertive": 93.2326, "bus_lcCooperative": 0.8525, "bus_lcLookaheadLeft": 34.2533, "bus_lcPushy": 0.1563, "bus_lcSigma": 0.5679, "bus_lcSpeedGainRight": 1.0845, "bus_lcSublane": 0.9503, "bus_sigma": 0.0293, "bus_tau_mean": 2.8517, "bus_tau_std": 0.917, "bus_v_mean": 13.1194, "bus_v_std": 5.4647, "car_acc": 1.6225, "car_dcc": 3.3003, "car_lcAssertive": 32.2695, "car_lcCooperative": 0.1624, "car_lcLookaheadLeft": 42.0137, "car_lcPushy": 0.36, "car_lcSigma": 0.0271, "car_lcSpeedGainRight": 3.152, "car_lcSublane": 0.028, "car_sigma": 0.6857, "car_tau_mean": 3.7409, "car_tau_std": 2.0185, "car_v_mean": 17.1807, "car_v_std": 14.8934}, "datetime": {"datetime": "2024-08-08 10:53:08", "elapsed": 3468.063424, "delta": 3.783452}}
{"target": -0.38250448612134147, "params": {"bus_acc": 1.937, "bus_dcc": 3.332, "bus_lcAssertive": 34.9314, "bus_lcCooperative": 0.9945, "bus_lcLookaheadLeft": 25.3113, "bus_lcPushy": 0.8963, "bus_lcSigma": 0.4838, "bus_lcSpeedGainRight": 0.7076, "bus_lcSublane": 0.728, "bus_sigma": 0.3973, "bus_tau_mean": 3.1632, "bus_tau_std": 4.9743, "bus_v_mean": 20.4981, "bus_v_std": 18.7034, "car_acc": 1.5045, "car_dcc": 2.6854, "car_lcAssertive": 64.8835, "car_lcCooperative": 0.2435, "car_lcLookaheadLeft": 46.3076, "car_lcPushy": 0.9146, "car_lcSigma": 0.8152, "car_lcSpeedGainRight": 2.4391, "car_lcSublane": 0.0429, "car_sigma": 0.2401, "car_tau_mean": 1.9205, "car_tau_std": 2.5063, "car_v_mean": 15.5453, "car_v_std": 4.4197}, "datetime": {"datetime": "2024-08-08 10:53:11", "elapsed": 3471.567762, "delta": 3.504338}}
{"target": -0.3326292265493789, "params": {"bus_acc": 1.3496, "bus_dcc": 2.3641, "bus_lcAssertive": 40.5021, "bus_lcCooperative": 0.7026, "bus_lcLookaheadLeft": 8.7352, "bus_lcPushy": 0.8854, "bus_lcSigma": 0.5133, "bus_lcSpeedGainRight": 3.4215, "bus_lcSublane": 0.001, "bus_sigma": 0.5445, "bus_tau_mean": 2.3966, "bus_tau_std": 6.9244, "bus_v_mean": 15.5869, "bus_v_std": 19.1033, "car_acc": 2.8492, "car_dcc": 3.2903, "car_lcAssertive": 10.3805, "car_lcCooperative": 0.9915, "car_lcLookaheadLeft": 82.7015, "car_lcPushy": 0.2377, "car_lcSigma": 0.2753, "car_lcSpeedGainRight": 3.6425, "car_lcSublane": 0.285, "car_sigma": 0.9085, "car_tau_mean": 3.0373, "car_tau_std": 6.3785, "car_v_mean": 15.098, "car_v_std": 2.0496}, "datetime": {"datetime": "2024-08-08 10:53:16", "elapsed": 3476.760078, "delta": 5.192316}}
{"target": -0.34899157501431344, "params": {"bus_acc": 2.8098, "bus_dcc": 2.4091, "bus_lcAssertive": 35.307, "bus_lcCooperative": 0.0048, "bus_lcLookaheadLeft": 57.9774, "bus_lcPushy": 0.3788, "bus_lcSigma": 0.62, "bus_lcSpeedGainRight": 4.3636, "bus_lcSublane": 0.621, "bus_sigma": 0.2732, "bus_tau_mean": 1.2575, "bus_tau_std": 9.5255, "bus_v_mean": 15.3487, "bus_v_std": 7.4943, "car_acc": 2.6607, "car_dcc": 1.6244, "car_lcAssertive": 59.5121, "car_lcCooperative": 0.8757, "car_lcLookaheadLeft": 19.8618, "car_lcPushy": 0.6791, "car_lcSigma": 0.0974, "car_lcSpeedGainRight": 1.259, "car_lcSublane": 0.2783, "car_sigma": 0.51, "car_tau_mean": 3.9491, "car_tau_std": 6.6327, "car_v_mean": 11.9775, "car_v_std": 5.4797}, "datetime": {"datetime": "2024-08-08 10:53:20", "elapsed": 3480.435626, "delta": 3.675548}}
{"target": -0.37174329952863144, "params": {"bus_acc": 1.9408, "bus_dcc": 3.7616, "bus_lcAssertive": 70.9911, "bus_lcCooperative": 0.5747, "bus_lcLookaheadLeft": 16.9872, "bus_lcPushy": 0.4816, "bus_lcSigma": 0.5515, "bus_lcSpeedGainRight": 2.6613, "bus_lcSublane": 0.9172, "bus_sigma": 0.4865, "bus_tau_mean": 1.1487, "bus_tau_std": 0.9001, "bus_v_mean": 19.9583, "bus_v_std": 10.8623, "car_acc": 1.7366, "car_dcc": 2.4389, "car_lcAssertive": 86.7376, "car_lcCooperative": 0.9619, "car_lcLookaheadLeft": 67.6527, "car_lcPushy": 0.7531, "car_lcSigma": 0.5909, "car_lcSpeedGainRight": 0.1707, "car_lcSublane": 0.1397, "car_sigma": 0.9309, "car_tau_mean": 3.4797, "car_tau_std": 7.1989, "car_v_mean": 14.7958, "car_v_std": 17.226}, "datetime": {"datetime": "2024-08-08 10:53:26", "elapsed": 3486.871302, "delta": 6.435676}}
{"target": -0.35633259923970034, "params": {"bus_acc": 1.262, "bus_dcc": 1.6236, "bus_lcAssertive": 57.9607, "bus_lcCooperative": 0.2153, "bus_lcLookaheadLeft": 40.5018, "bus_lcPushy": 0.95, "bus_lcSigma": 0.0913, "bus_lcSpeedGainRight": 4.1778, "bus_lcSublane": 0.6829, "bus_sigma": 0.6161, "bus_tau_mean": 2.4209, "bus_tau_std": 9.8962, "bus_v_mean": 15.2297, "bus_v_std": 12.0731, "car_acc": 2.2186, "car_dcc": 3.5302, "car_lcAssertive": 85.738, "car_lcCooperative": 0.9345, "car_lcLookaheadLeft": 94.2614, "car_lcPushy": 0.5162, "car_lcSigma": 0.6937, "car_lcSpeedGainRight": 1.9384, "car_lcSublane": 0.4362, "car_sigma": 0.0367, "car_tau_mean": 3.6277, "car_tau_std": 3.0871, "car_v_mean": 23.4469, "car_v_std": 14.5047}, "datetime": {"datetime": "2024-08-08 10:53:33", "elapsed": 3493.095548, "delta": 6.224246}}
{"target": -0.3919321652137019, "params": {"bus_acc": 2.0336, "bus_dcc": 3.3911, "bus_lcAssertive": 42.4997, "bus_lcCooperative": 0.8998, "bus_lcLookaheadLeft": 51.0099, "bus_lcPushy": 0.7017, "bus_lcSigma": 0.0865, "bus_lcSpeedGainRight": 2.0195, "bus_lcSublane": 0.9321, "bus_sigma": 0.1164, "bus_tau_mean": 3.8081, "bus_tau_std": 3.7993, "bus_v_mean": 18.0217, "bus_v_std": 12.7858, "car_acc": 1.8861, "car_dcc": 3.9609, "car_lcAssertive": 60.1981, "car_lcCooperative": 0.8241, "car_lcLookaheadLeft": 52.7742, "car_lcPushy": 0.4986, "car_lcSigma": 0.7338, "car_lcSpeedGainRight": 2.5272, "car_lcSublane": 0.6255, "car_sigma": 0.7339, "car_tau_mean": 1.7251, "car_tau_std": 8.7381, "car_v_mean": 20.2842, "car_v_std": 3.4332}, "datetime": {"datetime": "2024-08-08 10:53:35", "elapsed": 3495.201788, "delta": 2.10624}}
{"target": -0.337673851544979, "params": {"bus_acc": 2.8048, "bus_dcc": 1.0838, "bus_lcAssertive": 12.4192, "bus_lcCooperative": 0.0231, "bus_lcLookaheadLeft": 74.815, "bus_lcPushy": 0.0258, "bus_lcSigma": 0.1938, "bus_lcSpeedGainRight": 2.3522, "bus_lcSublane": 0.16, "bus_sigma": 0.6274, "bus_tau_mean": 2.8854, "bus_tau_std": 2.7782, "bus_v_mean": 11.2349, "bus_v_std": 7.3807, "car_acc": 1.5905, "car_dcc": 3.8032, "car_lcAssertive": 43.1695, "car_lcCooperative": 0.4444, "car_lcLookaheadLeft": 86.0356, "car_lcPushy": 0.0033, "car_lcSigma": 0.3109, "car_lcSpeedGainRight": 3.998, "car_lcSublane": 0.2951, "car_sigma": 0.8515, "car_tau_mean": 2.85, "car_tau_std": 5.5221, "car_v_mean": 16.5799, "car_v_std": 17.6815}, "datetime": {"datetime": "2024-08-08 10:53:40", "elapsed": 3500.45489, "delta": 5.253102}}
{"target": -0.32652111962622005, "params": {"bus_acc": 2.3144, "bus_dcc": 2.4321, "bus_lcAssertive": 3.3111, "bus_lcCooperative": 0.9376, "bus_lcLookaheadLeft": 13.0592, "bus_lcPushy": 0.0515, "bus_lcSigma": 0.4687, "bus_lcSpeedGainRight": 3.759, "bus_lcSublane": 0.6211, "bus_sigma": 0.8593, "bus_tau_mean": 2.9328, "bus_tau_std": 6.1931, "bus_v_mean": 9.189, "bus_v_std": 18.1029, "car_acc": 1.1648, "car_dcc": 2.3619, "car_lcAssertive": 5.1473, "car_lcCooperative": 0.3368, "car_lcLookaheadLeft": 45.8609, "car_lcPushy": 0.6843, "car_lcSigma": 0.3511, "car_lcSpeedGainRight": 2.7734, "car_lcSublane": 0.9721, "car_sigma": 0.0741, "car_tau_mean": 2.5108, "car_tau_std": 0.9445, "car_v_mean": 17.6638, "car_v_std": 0.5757}, "datetime": {"datetime": "2024-08-08 10:53:45", "elapsed": 3505.788446, "delta": 5.333556}}
{"target": -0.3409777950050426, "params": {"bus_acc": 1.2306, "bus_dcc": 1.6348, "bus_lcAssertive": 5.99, "bus_lcCooperative": 0.8308, "bus_lcLookaheadLeft": 45.7692, "bus_lcPushy": 0.4783, "bus_lcSigma": 0.6295, "bus_lcSpeedGainRight": 4.1693, "bus_lcSublane": 0.6659, "bus_sigma": 0.5931, "bus_tau_mean": 3.5073, "bus_tau_std": 0.9258, "bus_v_mean": 23.65, "bus_v_std": 11.2913, "car_acc": 2.3633, "car_dcc": 3.2566, "car_lcAssertive": 27.6818, "car_lcCooperative": 0.8074, "car_lcLookaheadLeft": 21.4702, "car_lcPushy": 0.7823, "car_lcSigma": 0.7899, "car_lcSpeedGainRight": 1.8631, "car_lcSublane": 0.7853, "car_sigma": 0.9834, "car_tau_mean": 2.7496, "car_tau_std": 9.1332, "car_v_mean": 16.358, "car_v_std": 19.6209}, "datetime": {"datetime": "2024-08-08 10:53:48", "elapsed": 3508.070622, "delta": 2.282176}}
{"target": -0.3937713690559824, "params": {"bus_acc": 1.6289, "bus_dcc": 2.2583, "bus_lcAssertive": 83.2515, "bus_lcCooperative": 0.8319, "bus_lcLookaheadLeft": 24.435, "bus_lcPushy": 0.2434, "bus_lcSigma": 0.277, "bus_lcSpeedGainRight": 3.2032, "bus_lcSublane": 0.4545, "bus_sigma": 0.4707, "bus_tau_mean": 2.2102, "bus_tau_std": 2.7971, "bus_v_mean": 12.1063, "bus_v_std": 18.3878, "car_acc": 2.5476, "car_dcc": 2.4701, "car_lcAssertive": 11.5246, "car_lcCooperative": 0.8984, "car_lcLookaheadLeft": 44.343, "car_lcPushy": 0.1774, "car_lcSigma": 0.3244, "car_lcSpeedGainRight": 3.9266, "car_lcSublane": 0.1631, "car_sigma": 0.1632, "car_tau_mean": 1.3025, "car_tau_std": 6.0307, "car_v_mean": 17.0343, "car_v_std": 0.8746}, "datetime": {"datetime": "2024-08-08 10:53:52", "elapsed": 3512.430431, "delta": 4.359809}}
{"target": -0.39355746096276206, "params": {"bus_acc": 1.5656, "bus_dcc": 3.3179, "bus_lcAssertive": 44.2132, "bus_lcCooperative": 0.7916, "bus_lcLookaheadLeft": 38.6244, "bus_lcPushy": 0.1161, "bus_lcSigma": 0.3765, "bus_lcSpeedGainRight": 2.4746, "bus_lcSublane": 0.8593, "bus_sigma": 0.484, "bus_tau_mean": 1.4312, "bus_tau_std": 8.5971, "bus_v_mean": 18.9649, "bus_v_std": 12.422, "car_acc": 2.7116, "car_dcc": 3.8704, "car_lcAssertive": 36.8974, "car_lcCooperative": 0.0541, "car_lcLookaheadLeft": 29.2014, "car_lcPushy": 0.5466, "car_lcSigma": 0.3538, "car_lcSpeedGainRight": 4.1283, "car_lcSublane": 0.4337, "car_sigma": 0.051, "car_tau_mean": 3.9835, "car_tau_std": 5.6801, "car_v_mean": 14.0826, "car_v_std": 9.6481}, "datetime": {"datetime": "2024-08-08 10:53:56", "elapsed": 3516.505205, "delta": 4.074774}}
{"target": -0.37642143843006637, "params": {"bus_acc": 1.9429, "bus_dcc": 2.328, "bus_lcAssertive": 75.879, "bus_lcCooperative": 0.4322, "bus_lcLookaheadLeft": 53.8477, "bus_lcPushy": 0.2134, "bus_lcSigma": 0.1474, "bus_lcSpeedGainRight": 3.2563, "bus_lcSublane": 0.7383, "bus_sigma": 0.2793, "bus_tau_mean": 3.4803, "bus_tau_std": 8.5444, "bus_v_mean": 20.2099, "bus_v_std": 8.5067, "car_acc": 1.9798, "car_dcc": 3.6781, "car_lcAssertive": 83.284, "car_lcCooperative": 0.396, "car_lcLookaheadLeft": 97.341, "car_lcPushy": 0.8404, "car_lcSigma": 0.2521, "car_lcSpeedGainRight": 0.8222, "car_lcSublane": 0.4072, "car_sigma": 0.9387, "car_tau_mean": 2.7225, "car_tau_std": 6.9453, "car_v_mean": 9.2927, "car_v_std": 6.3916}, "datetime": {"datetime": "2024-08-08 10:54:00", "elapsed": 3520.490081, "delta": 3.984876}}
{"target": -0.35625478318375803, "params": {"bus_acc": 2.2084, "bus_dcc": 3.0846, "bus_lcAssertive": 85.9253, "bus_lcCooperative": 0.504, "bus_lcLookaheadLeft": 43.3289, "bus_lcPushy": 0.2892, "bus_lcSigma": 0.8202, "bus_lcSpeedGainRight": 3.2365, "bus_lcSublane": 0.0337, "bus_sigma": 0.1406, "bus_tau_mean": 2.8387, "bus_tau_std": 5.5028, "bus_v_mean": 17.6873, "bus_v_std": 2.0739, "car_acc": 1.769, "car_dcc": 3.5816, "car_lcAssertive": 37.1939, "car_lcCooperative": 0.063, "car_lcLookaheadLeft": 48.3121, "car_lcPushy": 0.0212, "car_lcSigma": 0.2301, "car_lcSpeedGainRight": 3.9475, "car_lcSublane": 0.6319, "car_sigma": 0.01, "car_tau_mean": 1.0902, "car_tau_std": 1.8159, "car_v_mean": 21.8724, "car_v_std": 16.606}, "datetime": {"datetime": "2024-08-08 10:54:03", "elapsed": 3523.135894, "delta": 2.645813}}
{"target": -0.30223588054668193, "params": {"bus_acc": 1.9852, "bus_dcc": 2.1922, "bus_lcAssertive": 5.9485, "bus_lcCooperative": 0.9191, "bus_lcLookaheadLeft": 31.2241, "bus_lcPushy": 0.9326, "bus_lcSigma": 0.1423, "bus_lcSpeedGainRight": 3.0035, "bus_lcSublane": 0.1975, "bus_sigma": 0.7545, "bus_tau_mean": 2.5561, "bus_tau_std": 0.9003, "bus_v_mean": 10.7405, "bus_v_std": 13.8596, "car_acc": 1.2397, "car_dcc": 2.7369, "car_lcAssertive": 20.5606, "car_lcCooperative": 0.4434, "car_lcLookaheadLeft": 44.5554, "car_lcPushy": 0.5644, "car_lcSigma": 0.8905, "car_lcSpeedGainRight": 0.3836, "car_lcSublane": 0.852, "car_sigma": 0.6142, "car_tau_mean": 1.4275, "car_tau_std": 7.0106, "car_v_mean": 18.4978, "car_v_std": 15.6505}, "datetime": {"datetime": "2024-08-08 10:54:07", "elapsed": 3527.031966, "delta": 3.896072}}
{"target": -0.4047874729646251, "params": {"bus_acc": 2.9414, "bus_dcc": 3.8693, "bus_lcAssertive": 76.2108, "bus_lcCooperative": 0.5218, "bus_lcLookaheadLeft": 18.0541, "bus_lcPushy": 0.0057, "bus_lcSigma": 0.2584, "bus_lcSpeedGainRight": 1.7556, "bus_lcSublane": 0.6891, "bus_sigma": 0.6218, "bus_tau_mean": 2.9452, "bus_tau_std": 3.33, "bus_v_mean": 21.7547, "bus_v_std": 18.8033, "car_acc": 1.1758, "car_dcc": 1.7924, "car_lcAssertive": 51.5005, "car_lcCooperative": 0.3506, "car_lcLookaheadLeft": 74.7347, "car_lcPushy": 0.5426, "car_lcSigma": 0.0166, "car_lcSpeedGainRight": 2.0269, "car_lcSublane": 0.2467, "car_sigma": 0.5794, "car_tau_mean": 3.2609, "car_tau_std": 6.0397, "car_v_mean": 12.0275, "car_v_std": 18.0262}, "datetime": {"datetime": "2024-08-08 10:54:11", "elapsed": 3531.066206, "delta": 4.03424}}
{"target": -0.3348533683536237, "params": {"bus_acc": 1.8874, "bus_dcc": 2.4849, "bus_lcAssertive": 92.3341, "bus_lcCooperative": 0.8428, "bus_lcLookaheadLeft": 38.3829, "bus_lcPushy": 0.782, "bus_lcSigma": 0.835, "bus_lcSpeedGainRight": 3.4714, "bus_lcSublane": 0.4142, "bus_sigma": 0.8383, "bus_tau_mean": 2.9692, "bus_tau_std": 9.9251, "bus_v_mean": 13.8728, "bus_v_std": 5.9394, "car_acc": 1.9006, "car_dcc": 2.4975, "car_lcAssertive": 49.5941, "car_lcCooperative": 0.7737, "car_lcLookaheadLeft": 26.9996, "car_lcPushy": 0.3484, "car_lcSigma": 0.6896, "car_lcSpeedGainRight": 2.44, "car_lcSublane": 0.8954, "car_sigma": 0.7859, "car_tau_mean": 0.9881, "car_tau_std": 0.5363, "car_v_mean": 9.0114, "car_v_std": 11.4205}, "datetime": {"datetime": "2024-08-08 10:54:14", "elapsed": 3534.085933, "delta": 3.019727}}
{"target": -0.32452761734652225, "params": {"bus_acc": 1.5831, "bus_dcc": 3.9689, "bus_lcAssertive": 32.4185, "bus_lcCooperative": 0.3503, "bus_lcLookaheadLeft": 25.4859, "bus_lcPushy": 0.3381, "bus_lcSigma": 0.1028, "bus_lcSpeedGainRight": 2.5897, "bus_lcSublane": 0.0635, "bus_sigma": 0.0436, "bus_tau_mean": 1.2839, "bus_tau_std": 5.6662, "bus_v_mean": 19.8596, "bus_v_std": 19.355, "car_acc": 1.7132, "car_dcc": 2.6759, "car_lcAssertive": 1.5638, "car_lcCooperative": 0.6354, "car_lcLookaheadLeft": 22.5564, "car_lcPushy": 0.7189, "car_lcSigma": 0.7613, "car_lcSpeedGainRight": 0.8218, "car_lcSublane": 0.1116, "car_sigma": 0.4478, "car_tau_mean": 3.2321, "car_tau_std": 1.5347, "car_v_mean": 21.2668, "car_v_std": 4.0773}, "datetime": {"datetime": "2024-08-08 10:54:18", "elapsed": 3538.237022, "delta": 4.151089}}
{"target": -0.323391260516078, "params": {"bus_acc": 1.5165, "bus_dcc": 3.5792, "bus_lcAssertive": 73.5368, "bus_lcCooperative": 0.6739, "bus_lcLookaheadLeft": 90.1865, "bus_lcPushy": 0.5985, "bus_lcSigma": 0.7029, "bus_lcSpeedGainRight": 0.4718, "bus_lcSublane": 0.9901, "bus_sigma": 0.2673, "bus_tau_mean": 1.6418, "bus_tau_std": 3.7349, "bus_v_mean": 12.4992, "bus_v_std": 7.1236, "car_acc": 1.4305, "car_dcc": 1.327, "car_lcAssertive": 23.8794, "car_lcCooperative": 0.8493, "car_lcLookaheadLeft": 87.3131, "car_lcPushy": 0.5902, "car_lcSigma": 0.5411, "car_lcSpeedGainRight": 0.3659, "car_lcSublane": 0.4323, "car_sigma": 0.9194, "car_tau_mean": 2.2204, "car_tau_std": 9.368, "car_v_mean": 17.8883, "car_v_std": 6.6943}, "datetime": {"datetime": "2024-08-08 10:54:21", "elapsed": 3541.899467, "delta": 3.662445}}
{"target": -0.3209494525359141, "params": {"bus_acc": 2.8494, "bus_dcc": 1.5654, "bus_lcAssertive": 31.3214, "bus_lcCooperative": 0.9183, "bus_lcLookaheadLeft": 98.6191, "bus_lcPushy": 0.1898, "bus_lcSigma": 0.8653, "bus_lcSpeedGainRight": 4.0232, "bus_lcSublane": 0.9792, "bus_sigma": 0.7202, "bus_tau_mean": 3.9907, "bus_tau_std": 7.2016, "bus_v_mean": 14.4732, "bus_v_std": 1.9741, "car_acc": 1.2604, "car_dcc": 2.7566, "car_lcAssertive": 1.0446, "car_lcCooperative": 0.5489, "car_lcLookaheadLeft": 87.724, "car_lcPushy": 0.8058, "car_lcSigma": 0.6399, "car_lcSpeedGainRight": 1.2122, "car_lcSublane": 0.1445, "car_sigma": 0.9204, "car_tau_mean": 2.7523, "car_tau_std": 6.1858, "car_v_mean": 17.9584, "car_v_std": 0.4595}, "datetime": {"datetime": "2024-08-08 10:54:25", "elapsed": 3545.895274, "delta": 3.995807}}
{"target": -0.34549907592180673, "params": {"bus_acc": 1.7049, "bus_dcc": 3.4633, "bus_lcAssertive": 32.8633, "bus_lcCooperative": 0.3179, "bus_lcLookaheadLeft": 70.7262, "bus_lcPushy": 0.6146, "bus_lcSigma": 0.0464, "bus_lcSpeedGainRight": 1.363, "bus_lcSublane": 0.6743, "bus_sigma": 0.7622, "bus_tau_mean": 1.3732, "bus_tau_std": 1.7941, "bus_v_mean": 9.1218, "bus_v_std": 0.5143, "car_acc": 2.5627, "car_dcc": 2.4817, "car_lcAssertive": 65.2132, "car_lcCooperative": 0.3135, "car_lcLookaheadLeft": 45.8322, "car_lcPushy": 0.3197, "car_lcSigma": 0.6347, "car_lcSpeedGainRight": 3.0781, "car_lcSublane": 0.5768, "car_sigma": 0.0763, "car_tau_mean": 3.4881, "car_tau_std": 1.4054, "car_v_mean": 16.9094, "car_v_std": 2.6178}, "datetime": {"datetime": "2024-08-08 10:54:29", "elapsed": 3549.762364, "delta": 3.86709}}
{"target": -0.35777873485016354, "params": {"bus_acc": 1.2288, "bus_dcc": 3.8797, "bus_lcAssertive": 71.848, "bus_lcCooperative": 0.9017, "bus_lcLookaheadLeft": 78.2656, "bus_lcPushy": 0.6022, "bus_lcSigma": 0.7317, "bus_lcSpeedGainRight": 0.0185, "bus_lcSublane": 0.6606, "bus_sigma": 0.9711, "bus_tau_mean": 1.1778, "bus_tau_std": 0.3304, "bus_v_mean": 21.1584, "bus_v_std": 2.4949, "car_acc": 2.2125, "car_dcc": 3.7148, "car_lcAssertive": 61.7415, "car_lcCooperative": 0.591, "car_lcLookaheadLeft": 57.3631, "car_lcPushy": 0.8375, "car_lcSigma": 0.1433, "car_lcSpeedGainRight": 1.9944, "car_lcSublane": 0.4578, "car_sigma": 0.3504, "car_tau_mean": 2.9092, "car_tau_std": 7.6602, "car_v_mean": 9.2877, "car_v_std": 9.371}, "datetime": {"datetime": "2024-08-08 10:54:33", "elapsed": 3553.324307, "delta": 3.561943}}
