{"target": -0.05602166386757543, "params": {"bus_acc": 1.903379520562254, "bus_dcc": 2.7210384600168576, "bus_lcCooperative": 0.00287032703115897, "bus_lcPushy": 0.6171449136207239, "bus_lcSublane": 0.32664490177209615, "bus_max_v": 14.324697227091312, "bus_tau_mean": 3.771884198621549, "bus_tau_std": 5.359046400037497, "car_acc": 2.8170703018395984, "car_dcc": 3.493440463167211, "car_lcCooperative": 0.015821242846556283, "car_lcPushy": 0.9294372337437613, "car_lcSublane": 0.690896917516924, "car_max_v": 19.967874205417765, "car_tau_mean": 1.84127671168346, "car_tau_std": 2.0570362444331662}, "datetime": {"datetime": "2024-07-30 09:53:47", "elapsed": 0.0, "delta": 0.0}}
{"target": -0.05378893490626224, "params": {"bus_acc": 1.8833060912058097, "bus_dcc": 2.8710166211668264, "bus_lcCooperative": 0.7509424340273372, "bus_lcPushy": 0.34889834197784253, "bus_lcSublane": 0.2699278917650261, "bus_max_v": 18.7506346183528, "bus_tau_mean": 2.85618237974259, "bus_tau_std": 14.472600707225784, "car_acc": 2.326882995636896, "car_dcc": 3.486782880836487, "car_lcCooperative": 0.11474597295337519, "car_lcPushy": 0.9494892587070712, "car_lcSublane": 0.4499121334799405, "car_max_v": 14.94067537264558, "car_tau_mean": 2.1713915238657937, "car_tau_std": 3.5554047036454155}, "datetime": {"datetime": "2024-07-30 09:54:51", "elapsed": 63.81758, "delta": 63.81758}}
{"target": -0.05647560685830204, "params": {"bus_acc": 1.417304802367127, "bus_dcc": 2.676069485337255, "bus_lcCooperative": 0.14038693859523377, "bus_lcPushy": 0.1981014890848788, "bus_lcSublane": 0.8007445686755367, "bus_max_v": 19.61913890863277, "bus_tau_mean": 2.6268483563184857, "bus_tau_std": 10.384839235039712, "car_acc": 2.7527783045920766, "car_dcc": 4.57842665401539, "car_lcCooperative": 0.08504421136977791, "car_lcPushy": 0.03905478323288236, "car_lcSublane": 0.1698304195645689, "car_max_v": 18.537710041152955, "car_tau_mean": 1.7376855673662703, "car_tau_std": 6.316614375075782}, "datetime": {"datetime": "2024-07-30 09:55:13", "elapsed": 86.304482, "delta": 22.486902}}
{"target": -0.061013026525437594, "params": {"bus_acc": 1.2877753385863486, "bus_dcc": 1.390085716354833, "bus_lcCooperative": 0.019366957870297075, "bus_lcPushy": 0.678835532939891, "bus_lcSublane": 0.21162811600005904, "bus_max_v": 11.186559912466715, "bus_tau_mean": 2.9831463185606766, "bus_tau_std": 0.8004381767562058, "car_acc": 2.1482352109840264, "car_dcc": 1.5869142996232406, "car_lcCooperative": 0.5893055369032842, "car_lcPushy": 0.6997583600209312, "car_lcSublane": 0.10233442882782584, "car_max_v": 12.96867185383482, "car_tau_mean": 2.5721602208188434, "car_tau_std": 6.2126890429035395}, "datetime": {"datetime": "2024-07-30 09:56:10", "elapsed": 143.532197, "delta": 57.227715}}
{"target": -0.05366397706423907, "params": {"bus_acc": 1.957889530150502, "bus_dcc": 2.599495854919051, "bus_lcCooperative": 0.6918771139504734, "bus_lcPushy": 0.31551563100606295, "bus_lcSublane": 0.6865009276815837, "bus_max_v": 18.015508062768475, "bus_tau_mean": 2.0365765546883834, "bus_tau_std": 11.252164724174513, "car_acc": 2.977722177812989, "car_dcc": 3.9926626175193576, "car_lcCooperative": 0.2804439920644052, "car_lcPushy": 0.7892793284514885, "car_lcSublane": 0.10322600657764203, "car_max_v": 13.374722314110862, "car_tau_mean": 2.8720337043303337, "car_tau_std": 4.4042122256051925}, "datetime": {"datetime": "2024-07-30 09:57:17", "elapsed": 210.588398, "delta": 67.056201}}
{"target": -0.06127006348186417, "params": {"bus_acc": 1.0445518785447616, "bus_dcc": 1.3224823873182787, "bus_lcCooperative": 0.2257093386078547, "bus_lcPushy": 0.7129889803826767, "bus_lcSublane": 0.5597169820541424, "bus_max_v": 8.15067176190939, "bus_tau_mean": 2.1439485593789733, "bus_tau_std": 14.50914495000408, "car_acc": 2.1362009238398842, "car_dcc": 1.813172938643962, "car_lcCooperative": 0.2523257445703234, "car_lcPushy": 0.7438258540750929, "car_lcSublane": 0.1954294811093188, "car_max_v": 14.976307127279092, "car_tau_mean": 2.9580279847236373, "car_tau_std": 12.702432022350528}, "datetime": {"datetime": "2024-07-30 10:00:41", "elapsed": 414.218861, "delta": 203.630463}}
{"target": -0.053526750847656554, "params": {"bus_acc": 1.4170220047025741, "bus_dcc": 3.1609734803264744, "bus_lcCooperative": 0.00011437481734488664, "bus_lcPushy": 0.30233257263183977, "bus_lcSublane": 0.14675589081711304, "bus_max_v": 9.108063137225574, "bus_tau_mean": 2.3725204227553416, "bus_tau_std": 5.183410905645716, "car_acc": 1.7935349484613399, "car_dcc": 3.155266936013428, "car_lcCooperative": 0.4191945144032948, "car_lcPushy": 0.6852195003967595, "car_lcSublane": 0.20445224973151743, "car_max_v": 18.537409236691346, "car_tau_mean": 1.6383426304770967, "car_tau_std": 10.057012652676033}, "datetime": {"datetime": "2024-07-30 10:01:05", "elapsed": 438.385797, "delta": 24.166936}}
{"target": -0.057016805447993174, "params": {"bus_acc": 1.2398477591475863, "bus_dcc": 2.48130914280619, "bus_lcCooperative": 0.6199557183813798, "bus_lcPushy": 0.8289808995501787, "bus_lcSublane": 0.15679139464608427, "bus_max_v": 8.222914426128915, "bus_tau_mean": 2.1400442874384447, "bus_tau_std": 7.295176664055477, "car_acc": 2.2126589233066607, "car_dcc": 3.2754057483459253, "car_lcCooperative": 0.31736240932216075, "car_lcPushy": 0.9886161544124489, "car_lcSublane": 0.5797452192457969, "car_max_v": 12.561694071482606, "car_tau_mean": 2.3713275067650557, "car_tau_std": 11.180016463597532}, "datetime": {"datetime": "2024-07-30 10:01:46", "elapsed": 478.790748, "delta": 40.404951}}
{"target": -0.051478162258489, "params": {"bus_acc": 1.0499534589460873, "bus_dcc": 2.6076892177465347, "bus_lcCooperative": 0.6637946452197888, "bus_lcPushy": 0.5148891120583086, "bus_lcSublane": 0.9445947559908133, "bus_max_v": 15.038660486023915, "bus_tau_mean": 3.8068038305757668, "bus_tau_std": 2.062120562193563, "car_acc": 1.278552694501517, "car_dcc": 4.229565154838095, "car_lcCooperative": 0.3976768369855336, "car_lcPushy": 0.16535419711693278, "car_lcSublane": 0.9275085803960339, "car_max_v": 12.173190316946078, "car_tau_mean": 2.651136944390618, "car_tau_std": 10.889969780256772}, "datetime": {"datetime": "2024-07-30 10:02:29", "elapsed": 521.948054, "delta": 43.157306}}
{"target": -0.05553400067384811, "params": {"bus_acc": 1.1241733151199111, "bus_dcc": 1.8375510370334185, "bus_lcCooperative": 0.5857592714582879, "bus_lcPushy": 0.9695957483196745, "bus_lcSublane": 0.56103021925571, "bus_max_v": 8.223767472475316, "bus_tau_mean": 3.6012653453612327, "bus_tau_std": 3.4946141076153063, "car_acc": 2.6142103912375583, "car_dcc": 2.551442576256687, "car_lcCooperative": 0.8635418545594287, "car_lcPushy": 0.7471216427371846, "car_lcSublane": 0.5562402339904189, "car_max_v": 9.63746270792822, "car_tau_mean": 1.6838847653170963, "car_tau_std": 1.8201518361110602}, "datetime": {"datetime": "2024-07-30 10:02:51", "elapsed": 544.42185, "delta": 22.473796}}
{"target": -0.052806473444138524, "params": {"bus_acc": 1.6692328934531846, "bus_dcc": 1.7947586729884282, "bus_lcCooperative": 0.06633483442844157, "bus_lcPushy": 0.3700841979141063, "bus_lcSublane": 0.6297175070215645, "bus_max_v": 10.522088118978075, "bus_tau_mean": 3.505511107477628, "bus_tau_std": 0.9980472203117241, "car_acc": 1.520630197157082, "car_dcc": 4.219018254973381, "car_lcCooperative": 0.19343428262332774, "car_lcPushy": 0.6394608808799401, "car_lcSublane": 0.5246703091237337, "car_max_v": 19.09769564479221, "car_tau_mean": 1.9686154786819554, "car_tau_std": 0.9894163602603567}, "datetime": {"datetime": "2024-07-30 10:03:15", "elapsed": 567.669609, "delta": 23.247759}}
{"target": -0.05354207843049089, "params": {"bus_acc": 1.9325954630371636, "bus_dcc": 3.0904544844697006, "bus_lcCooperative": 0.06600017272206249, "bus_lcPushy": 0.7554630526024664, "bus_lcSublane": 0.7538761884612464, "bus_max_v": 19.0762944265578, "bus_tau_mean": 3.4230495172569437, "bus_tau_std": 1.8640644295824704, "car_acc": 1.0397602676795912, "car_dcc": 1.1048439475108771, "car_lcCooperative": 0.028306488020794607, "car_lcPushy": 0.2462110676030459, "car_lcSublane": 0.860027948682888, "car_max_v": 14.465972772099834, "car_tau_mean": 2.3739507701600724, "car_tau_std": 12.630463385394085}, "datetime": {"datetime": "2024-07-30 10:03:38", "elapsed": 590.906143, "delta": 23.236534}}
{"target": -0.0634267955542783, "params": {"bus_acc": 1.18, "bus_dcc": 2.38, "bus_lcCooperative": 0.6, "bus_lcPushy": 0.21, "bus_lcSublane": 0.09, "bus_max_v": 15.71, "bus_tau_mean": 2.3, "bus_tau_std": 8.85, "car_acc": 2.14, "car_dcc": 1.14, "car_lcCooperative": 0.03, "car_lcPushy": 0.01, "car_lcSublane": 0.26, "car_max_v": 16.55, "car_tau_mean": 2.33, "car_tau_std": 14.85}, "datetime": {"datetime": "2024-07-30 10:25:07", "elapsed": 1880.038533, "delta": 1289.13239}}
{"target": -0.05999979176072408, "params": {"bus_acc": 1.6, "bus_dcc": 3.65, "bus_lcCooperative": 0.61, "bus_lcPushy": 0.94, "bus_lcSublane": 0.93, "bus_max_v": 16.69, "bus_tau_mean": 3.73, "bus_tau_std": 8.91, "car_acc": 2.93, "car_dcc": 1.18, "car_lcCooperative": 0.2, "car_lcPushy": 0.78, "car_lcSublane": 0.59, "car_max_v": 16.14, "car_tau_mean": 1.89, "car_tau_std": 11.28}, "datetime": {"datetime": "2024-07-30 10:25:48", "elapsed": 1920.737767, "delta": 40.699234}}
{"target": -0.05136251337386488, "params": {"bus_acc": 1.58, "bus_dcc": 2.82, "bus_lcCooperative": 0.85, "bus_lcPushy": 0.37, "bus_lcSublane": 0.22, "bus_max_v": 14.64, "bus_tau_mean": 2.93, "bus_tau_std": 14.75, "car_acc": 2.24, "car_dcc": 4.09, "car_lcCooperative": 0.86, "car_lcPushy": 0.66, "car_lcSublane": 0.99, "car_max_v": 17.46, "car_tau_mean": 2.98, "car_tau_std": 0.93}, "datetime": {"datetime": "2024-07-30 10:32:41", "elapsed": 2333.64519, "delta": 412.907423}}
{"target": -0.05389942192230455, "params": {"bus_acc": 1.92, "bus_dcc": 2.65, "bus_lcCooperative": 0.17, "bus_lcPushy": 0.62, "bus_lcSublane": 0.36, "bus_max_v": 16.12, "bus_tau_mean": 3.14, "bus_tau_std": 6.52, "car_acc": 2.87, "car_dcc": 4.64, "car_lcCooperative": 0.9, "car_lcPushy": 0.48, "car_lcSublane": 0.32, "car_max_v": 9.89, "car_tau_mean": 1.99, "car_tau_std": 5.67}, "datetime": {"datetime": "2024-07-30 10:36:17", "elapsed": 2550.352687, "delta": 216.707497}}
{"target": -0.05467932818469216, "params": {"bus_acc": 2.0, "bus_dcc": 4.0, "bus_lcCooperative": 0.88, "bus_lcPushy": 0.61, "bus_lcSublane": 0.44, "bus_max_v": 12.37, "bus_tau_mean": 2.0, "bus_tau_std": 15.0, "car_acc": 2.63, "car_dcc": 5.0, "car_lcCooperative": 0.0, "car_lcPushy": 0.5, "car_lcSublane": 1.0, "car_max_v": 8.0, "car_tau_mean": 2.71, "car_tau_std": 0.0}, "datetime": {"datetime": "2024-07-30 10:40:33", "elapsed": 2806.385442, "delta": 256.032755}}
{"target": -0.05243014174441555, "params": {"bus_acc": 1.82, "bus_dcc": 1.02, "bus_lcCooperative": 0.44, "bus_lcPushy": 0.44, "bus_lcSublane": 0.78, "bus_max_v": 16.09, "bus_tau_mean": 3.44, "bus_tau_std": 0.59, "car_acc": 1.8, "car_dcc": 4.73, "car_lcCooperative": 0.46, "car_lcPushy": 0.36, "car_lcSublane": 1.0, "car_max_v": 11.41, "car_tau_mean": 2.07, "car_tau_std": 11.32}, "datetime": {"datetime": "2024-07-30 10:43:03", "elapsed": 2956.433319, "delta": 150.047877}}
{"target": -0.05296951344619334, "params": {"bus_acc": 1.52, "bus_dcc": 3.91, "bus_lcCooperative": 0.73, "bus_lcPushy": 0.76, "bus_lcSublane": 0.76, "bus_max_v": 16.61, "bus_tau_mean": 3.15, "bus_tau_std": 3.16, "car_acc": 1.9, "car_dcc": 4.62, "car_lcCooperative": 0.62, "car_lcPushy": 0.32, "car_lcSublane": 0.45, "car_max_v": 12.17, "car_tau_mean": 2.54, "car_tau_std": 12.59}, "datetime": {"datetime": "2024-07-30 10:43:04", "elapsed": 2957.082904, "delta": 0.649585}}
{"target": -0.05432421593543005, "params": {"bus_acc": 1.61, "bus_dcc": 2.11, "bus_lcCooperative": 0.05, "bus_lcPushy": 0.88, "bus_lcSublane": 0.51, "bus_max_v": 19.87, "bus_tau_mean": 2.18, "bus_tau_std": 13.62, "car_acc": 1.53, "car_dcc": 4.2, "car_lcCooperative": 0.99, "car_lcPushy": 0.54, "car_lcSublane": 0.88, "car_max_v": 9.51, "car_tau_mean": 2.97, "car_tau_std": 0.9}, "datetime": {"datetime": "2024-07-30 10:44:11", "elapsed": 3023.685045, "delta": 66.602141}}
{"target": -0.055725016711147705, "params": {"bus_acc": 2.0, "bus_dcc": 4.0, "bus_lcCooperative": 1.0, "bus_lcPushy": 0.7, "bus_lcSublane": 0.79, "bus_max_v": 19.33, "bus_tau_mean": 3.17, "bus_tau_std": 13.16, "car_acc": 2.43, "car_dcc": 4.45, "car_lcCooperative": 0.0, "car_lcPushy": 0.25, "car_lcSublane": 0.89, "car_max_v": 10.3, "car_tau_mean": 2.29, "car_tau_std": 0.0}, "datetime": {"datetime": "2024-07-30 10:44:19", "elapsed": 3032.076917, "delta": 8.391872}}
{"target": -0.060749339161776626, "params": {"bus_acc": 1.0, "bus_dcc": 4.0, "bus_lcCooperative": 1.0, "bus_lcPushy": 0.0, "bus_lcSublane": 1.0, "bus_max_v": 20.0, "bus_tau_mean": 2.0, "bus_tau_std": 15.0, "car_acc": 1.0, "car_dcc": 1.0, "car_lcCooperative": 1.0, "car_lcPushy": 1.0, "car_lcSublane": 1.0, "car_max_v": 8.0, "car_tau_mean": 1.6, "car_tau_std": 0.0}, "datetime": {"datetime": "2024-07-30 10:54:52", "elapsed": 3665.529392, "delta": 633.452475}}
{"target": -0.05097642616283871, "params": {"bus_acc": 1.47, "bus_dcc": 3.06, "bus_lcCooperative": 0.51, "bus_lcPushy": 0.42, "bus_lcSublane": 1.0, "bus_max_v": 18.85, "bus_tau_mean": 3.92, "bus_tau_std": 0.13, "car_acc": 1.0, "car_dcc": 5.0, "car_lcCooperative": 0.32, "car_lcPushy": 0.13, "car_lcSublane": 1.0, "car_max_v": 10.21, "car_tau_mean": 2.5, "car_tau_std": 12.38}, "datetime": {"datetime": "2024-07-30 11:08:05", "elapsed": 4457.879842, "delta": 792.35045}}
{"target": -0.05019890846071875, "params": {"bus_acc": 1.36, "bus_dcc": 3.29, "bus_lcCooperative": 0.71, "bus_lcPushy": 0.45, "bus_lcSublane": 1.0, "bus_max_v": 18.44, "bus_tau_mean": 3.96, "bus_tau_std": 1.5, "car_acc": 1.0, "car_dcc": 4.18, "car_lcCooperative": 0.19, "car_lcPushy": 0.28, "car_lcSublane": 0.95, "car_max_v": 11.2, "car_tau_mean": 2.69, "car_tau_std": 11.92}, "datetime": {"datetime": "2024-07-30 11:08:56", "elapsed": 4508.799447, "delta": 50.919605}}
{"target": -0.05546811853028857, "params": {"bus_acc": 1.37, "bus_dcc": 1.0, "bus_lcCooperative": 1.0, "bus_lcPushy": 0.0, "bus_lcSublane": 1.0, "bus_max_v": 8.0, "bus_tau_mean": 2.0, "bus_tau_std": 13.25, "car_acc": 1.0, "car_dcc": 5.0, "car_lcCooperative": 1.0, "car_lcPushy": 0.75, "car_lcSublane": 1.0, "car_max_v": 18.85, "car_tau_mean": 1.6, "car_tau_std": 0.0}, "datetime": {"datetime": "2024-07-30 11:30:47", "elapsed": 5820.004257, "delta": 1311.20481}}
{"target": -0.05530672606097521, "params": {"bus_acc": 1.7, "bus_dcc": 2.78, "bus_lcCooperative": 0.46, "bus_lcPushy": 0.23, "bus_lcSublane": 0.57, "bus_max_v": 8.0, "bus_tau_mean": 2.2, "bus_tau_std": 11.47, "car_acc": 1.0, "car_dcc": 5.0, "car_lcCooperative": 0.71, "car_lcPushy": 0.57, "car_lcSublane": 0.26, "car_max_v": 17.63, "car_tau_mean": 2.48, "car_tau_std": 0.0}, "datetime": {"datetime": "2024-07-30 11:39:20", "elapsed": 6333.412785, "delta": 513.408528}}
