{"target": 57.046703620906115, "params": {"bus_acc": 1.99, "bus_dcc": 3.67, "bus_lcCooperative": 0.66, "bus_lcPushy": 0.81, "bus_lcSublane": 0.49, "bus_max_v": 11.36, "bus_tau_mean": 2.69, "bus_tau_std": 3.08, "car_acc": 2.7, "car_dcc": 4.19, "car_lcCooperative": 0.01, "car_lcPushy": 0.83, "car_lcSublane": 0.72, "car_max_v": 11.19, "car_tau_mean": 2.45, "car_tau_std": 3.42}, "datetime": {"datetime": "2024-07-31 14:46:37", "elapsed": 8869.297094, "delta": 416.786753}}
{"target": 56.51761587068071, "params": {"bus_acc": 1.87, "bus_dcc": 2.08, "bus_lcCooperative": 0.86, "bus_lcPushy": 0.52, "bus_lcSublane": 0.29, "bus_max_v": 14.97, "bus_tau_mean": 2.51, "bus_tau_std": 6.01, "car_acc": 2.55, "car_dcc": 2.49, "car_lcCooperative": 0.64, "car_lcPushy": 0.22, "car_lcSublane": 0.63, "car_max_v": 13.01, "car_tau_mean": 2.57, "car_tau_std": 2.96}, "datetime": {"datetime": "2024-07-31 14:47:09", "elapsed": 8900.751272, "delta": 31.454178}}
{"target": 58.03017178924497, "params": {"bus_acc": 1.57, "bus_dcc": 3.33, "bus_lcCooperative": 0.12, "bus_lcPushy": 0.68, "bus_lcSublane": 0.54, "bus_max_v": 14.43, "bus_tau_mean": 2.54, "bus_tau_std": 1.8, "car_acc": 2.6, "car_dcc": 1.86, "car_lcCooperative": 0.34, "car_lcPushy": 0.22, "car_lcSublane": 0.27, "car_max_v": 8.82, "car_tau_mean": 2.49, "car_tau_std": 9.75}, "datetime": {"datetime": "2024-07-31 14:47:10", "elapsed": 8902.29322, "delta": 1.541948}}
{"target": 58.057001501887605, "params": {"bus_acc": 1.08, "bus_dcc": 3.87, "bus_lcCooperative": 0.92, "bus_lcPushy": 0.83, "bus_lcSublane": 0.72, "bus_max_v": 9.47, "bus_tau_mean": 1.18, "bus_tau_std": 1.54, "car_acc": 2.25, "car_dcc": 2.78, "car_lcCooperative": 0.01, "car_lcPushy": 0.44, "car_lcSublane": 0.64, "car_max_v": 8.56, "car_tau_mean": 2.79, "car_tau_std": 8.55}, "datetime": {"datetime": "2024-07-31 14:47:23", "elapsed": 8915.42358, "delta": 13.13036}}
{"target": 58.44401673572077, "params": {"bus_acc": 1.94, "bus_dcc": 3.21, "bus_lcCooperative": 0.82, "bus_lcPushy": 0.44, "bus_lcSublane": 0.51, "bus_max_v": 8.75, "bus_tau_mean": 2.15, "bus_tau_std": 11.13, "car_acc": 1.08, "car_dcc": 1.38, "car_lcCooperative": 0.4, "car_lcPushy": 0.41, "car_lcSublane": 0.98, "car_max_v": 11.44, "car_tau_mean": 1.87, "car_tau_std": 10.22}, "datetime": {"datetime": "2024-07-31 14:48:02", "elapsed": 8954.041953, "delta": 38.618373}}
{"target": 58.5318591685283, "params": {"bus_acc": 1.46, "bus_dcc": 1.36, "bus_lcCooperative": 0.3, "bus_lcPushy": 0.43, "bus_lcSublane": 0.12, "bus_max_v": 10.39, "bus_tau_mean": 1.62, "bus_tau_std": 0.24, "car_acc": 2.11, "car_dcc": 1.39, "car_lcCooperative": 0.59, "car_lcPushy": 0.83, "car_lcSublane": 0.36, "car_max_v": 8.38, "car_tau_mean": 2.2, "car_tau_std": 9.19}, "datetime": {"datetime": "2024-07-31 14:49:07", "elapsed": 9019.046812, "delta": 65.004859}}
{"target": 58.25001888606584, "params": {"bus_acc": 1.76, "bus_dcc": 2.95, "bus_lcCooperative": 0.41, "bus_lcPushy": 0.5, "bus_lcSublane": 0.88, "bus_max_v": 12.24, "bus_tau_mean": 2.24, "bus_tau_std": 4.61, "car_acc": 1.08, "car_dcc": 2.73, "car_lcCooperative": 0.11, "car_lcPushy": 0.81, "car_lcSublane": 0.03, "car_max_v": 9.97, "car_tau_mean": 2.27, "car_tau_std": 13.98}, "datetime": {"datetime": "2024-07-31 14:49:58", "elapsed": 9069.625474, "delta": 50.578662}}
{"target": 57.58894787524896, "params": {"bus_acc": 1.63, "bus_dcc": 1.28, "bus_lcCooperative": 0.26, "bus_lcPushy": 0.05, "bus_lcSublane": 0.93, "bus_max_v": 10.39, "bus_tau_mean": 2.12, "bus_tau_std": 0.24, "car_acc": 2.27, "car_dcc": 1.84, "car_lcCooperative": 0.68, "car_lcPushy": 0.69, "car_lcSublane": 0.58, "car_max_v": 8.76, "car_tau_mean": 2.78, "car_tau_std": 8.22}, "datetime": {"datetime": "2024-07-31 14:55:31", "elapsed": 9402.794446, "delta": 333.168972}}
{"target": 57.37434815417056, "params": {"bus_acc": 1.1, "bus_dcc": 2.56, "bus_lcCooperative": 0.65, "bus_lcPushy": 0.22, "bus_lcSublane": 0.08, "bus_max_v": 13.02, "bus_tau_mean": 1.08, "bus_tau_std": 7.97, "car_acc": 1.36, "car_dcc": 1.21, "car_lcCooperative": 0.7, "car_lcPushy": 0.6, "car_lcSublane": 0.01, "car_max_v": 10.9, "car_tau_mean": 2.97, "car_tau_std": 2.09}, "datetime": {"datetime": "2024-07-31 14:55:57", "elapsed": 9428.552832, "delta": 25.758386}}
{"target": 58.210896535417724, "params": {"bus_acc": 1.97, "bus_dcc": 2.5, "bus_lcCooperative": 0.29, "bus_lcPushy": 0.6, "bus_lcSublane": 0.8, "bus_max_v": 11.41, "bus_tau_mean": 2.93, "bus_tau_std": 1.91, "car_acc": 1.62, "car_dcc": 2.59, "car_lcCooperative": 0.79, "car_lcPushy": 0.77, "car_lcSublane": 0.57, "car_max_v": 8.51, "car_tau_mean": 1.56, "car_tau_std": 8.26}, "datetime": {"datetime": "2024-07-31 14:56:31", "elapsed": 9463.404848, "delta": 34.852016}}
{"target": 58.1015306111378, "params": {"bus_acc": 1.94, "bus_dcc": 3.38, "bus_lcCooperative": 0.83, "bus_lcPushy": 0.65, "bus_lcSublane": 0.77, "bus_max_v": 12.47, "bus_tau_mean": 1.42, "bus_tau_std": 5.36, "car_acc": 1.29, "car_dcc": 3.12, "car_lcCooperative": 0.18, "car_lcPushy": 0.03, "car_lcSublane": 0.14, "car_max_v": 10.59, "car_tau_mean": 2.38, "car_tau_std": 14.44}, "datetime": {"datetime": "2024-07-31 14:57:26", "elapsed": 9517.906163, "delta": 54.501315}}
{"target": 58.07974160222036, "params": {"bus_acc": 1.63, "bus_dcc": 3.54, "bus_lcCooperative": 0.7, "bus_lcPushy": 0.33, "bus_lcSublane": 0.53, "bus_max_v": 10.43, "bus_tau_mean": 2.44, "bus_tau_std": 12.96, "car_acc": 2.7, "car_dcc": 3.2, "car_lcCooperative": 0.06, "car_lcPushy": 0.41, "car_lcSublane": 0.79, "car_max_v": 8.38, "car_tau_mean": 2.98, "car_tau_std": 13.85}, "datetime": {"datetime": "2024-07-31 14:58:07", "elapsed": 9559.124067, "delta": 41.217904}}
{"target": 58.528920356282974, "params": {"bus_acc": 1.74, "bus_dcc": 1.94, "bus_lcCooperative": 0.39, "bus_lcPushy": 0.94, "bus_lcSublane": 0.51, "bus_max_v": 10.02, "bus_tau_mean": 1.95, "bus_tau_std": 0.57, "car_acc": 1.15, "car_dcc": 1.98, "car_lcCooperative": 0.56, "car_lcPushy": 0.65, "car_lcSublane": 0.0, "car_max_v": 8.8, "car_tau_mean": 2.26, "car_tau_std": 9.77}, "datetime": {"datetime": "2024-07-31 14:58:20", "elapsed": 9572.515622, "delta": 13.391555}}
{"target": 57.063330939731514, "params": {"bus_acc": 1.34, "bus_dcc": 2.43, "bus_lcCooperative": 0.71, "bus_lcPushy": 0.6, "bus_lcSublane": 0.75, "bus_max_v": 9.72, "bus_tau_mean": 2.78, "bus_tau_std": 1.09, "car_acc": 2.08, "car_dcc": 2.08, "car_lcCooperative": 0.84, "car_lcPushy": 0.59, "car_lcSublane": 0.45, "car_max_v": 9.7, "car_tau_mean": 1.92, "car_tau_std": 8.45}, "datetime": {"datetime": "2024-07-31 14:58:26", "elapsed": 9578.129338, "delta": 5.613716}}
{"target": 57.70869021252029, "params": {"bus_acc": 1.86, "bus_dcc": 3.21, "bus_lcCooperative": 0.91, "bus_lcPushy": 0.56, "bus_lcSublane": 0.81, "bus_max_v": 12.08, "bus_tau_mean": 1.9, "bus_tau_std": 8.31, "car_acc": 1.34, "car_dcc": 3.04, "car_lcCooperative": 0.46, "car_lcPushy": 0.03, "car_lcSublane": 0.35, "car_max_v": 10.0, "car_tau_mean": 2.88, "car_tau_std": 11.17}, "datetime": {"datetime": "2024-07-31 15:05:10", "elapsed": 9982.056307, "delta": 403.926969}}
{"target": 58.23524251157688, "params": {"bus_acc": 1.35, "bus_dcc": 3.6, "bus_lcCooperative": 0.1, "bus_lcPushy": 0.7, "bus_lcSublane": 0.65, "bus_max_v": 11.53, "bus_tau_mean": 1.0, "bus_tau_std": 1.42, "car_acc": 1.87, "car_dcc": 3.22, "car_lcCooperative": 0.23, "car_lcPushy": 0.76, "car_lcSublane": 0.57, "car_max_v": 8.88, "car_tau_mean": 1.39, "car_tau_std": 2.1}, "datetime": {"datetime": "2024-07-31 15:05:51", "elapsed": 10022.720097, "delta": 40.66379}}
{"target": 56.50267967936866, "params": {"bus_acc": 1.23, "bus_dcc": 1.96, "bus_lcCooperative": 0.44, "bus_lcPushy": 0.63, "bus_lcSublane": 0.34, "bus_max_v": 13.06, "bus_tau_mean": 1.94, "bus_tau_std": 9.92, "car_acc": 1.79, "car_dcc": 3.16, "car_lcCooperative": 0.58, "car_lcPushy": 0.6, "car_lcSublane": 0.6, "car_max_v": 13.99, "car_tau_mean": 2.34, "car_tau_std": 5.39}, "datetime": {"datetime": "2024-07-31 15:06:44", "elapsed": 10076.484984, "delta": 53.764887}}
{"target": 58.64987209200658, "params": {"bus_acc": 1.69, "bus_dcc": 3.24, "bus_lcCooperative": 0.09, "bus_lcPushy": 0.63, "bus_lcSublane": 0.69, "bus_max_v": 12.33, "bus_tau_mean": 2.45, "bus_tau_std": 4.1, "car_acc": 1.1, "car_dcc": 2.72, "car_lcCooperative": 0.28, "car_lcPushy": 0.77, "car_lcSublane": 0.09, "car_max_v": 9.45, "car_tau_mean": 2.47, "car_tau_std": 13.61}, "datetime": {"datetime": "2024-07-31 15:06:50", "elapsed": 10082.355489, "delta": 5.870505}}
{"target": 58.32605234195958, "params": {"bus_acc": 1.6, "bus_dcc": 1.75, "bus_lcCooperative": 0.73, "bus_lcPushy": 0.86, "bus_lcSublane": 0.93, "bus_max_v": 10.26, "bus_tau_mean": 2.27, "bus_tau_std": 0.96, "car_acc": 1.72, "car_dcc": 2.0, "car_lcCooperative": 0.53, "car_lcPushy": 0.84, "car_lcSublane": 0.31, "car_max_v": 9.22, "car_tau_mean": 2.67, "car_tau_std": 9.56}, "datetime": {"datetime": "2024-07-31 15:06:52", "elapsed": 10084.369497, "delta": 2.014008}}
{"target": 58.1262980538782, "params": {"bus_acc": 1.05, "bus_dcc": 3.62, "bus_lcCooperative": 0.83, "bus_lcPushy": 0.46, "bus_lcSublane": 0.19, "bus_max_v": 10.56, "bus_tau_mean": 1.14, "bus_tau_std": 12.86, "car_acc": 1.9, "car_dcc": 4.83, "car_lcCooperative": 0.98, "car_lcPushy": 0.94, "car_lcSublane": 0.65, "car_max_v": 8.09, "car_tau_mean": 2.9, "car_tau_std": 7.01}, "datetime": {"datetime": "2024-07-31 15:07:54", "elapsed": 10145.856225, "delta": 61.486728}}
{"target": 57.452290266294234, "params": {"bus_acc": 1.46, "bus_dcc": 3.79, "bus_lcCooperative": 0.57, "bus_lcPushy": 0.8, "bus_lcSublane": 0.07, "bus_max_v": 9.81, "bus_tau_mean": 2.76, "bus_tau_std": 3.98, "car_acc": 1.69, "car_dcc": 3.0, "car_lcCooperative": 0.18, "car_lcPushy": 0.96, "car_lcSublane": 0.3, "car_max_v": 12.8, "car_tau_mean": 1.53, "car_tau_std": 2.06}, "datetime": {"datetime": "2024-07-31 15:08:03", "elapsed": 10155.455471, "delta": 9.599246}}
{"target": 58.47993425697548, "params": {"bus_acc": 1.7, "bus_dcc": 1.5, "bus_lcCooperative": 0.78, "bus_lcPushy": 0.47, "bus_lcSublane": 0.09, "bus_max_v": 9.5, "bus_tau_mean": 2.47, "bus_tau_std": 0.85, "car_acc": 1.44, "car_dcc": 2.38, "car_lcCooperative": 0.43, "car_lcPushy": 0.5, "car_lcSublane": 0.38, "car_max_v": 8.02, "car_tau_mean": 2.23, "car_tau_std": 7.02}, "datetime": {"datetime": "2024-07-31 15:15:16", "elapsed": 10588.232874, "delta": 432.777403}}
{"target": 57.37687069347086, "params": {"bus_acc": 1.43, "bus_dcc": 3.43, "bus_lcCooperative": 0.7, "bus_lcPushy": 0.74, "bus_lcSublane": 0.2, "bus_max_v": 14.57, "bus_tau_mean": 1.1, "bus_tau_std": 14.45, "car_acc": 1.14, "car_dcc": 1.35, "car_lcCooperative": 0.61, "car_lcPushy": 0.89, "car_lcSublane": 0.97, "car_max_v": 12.38, "car_tau_mean": 1.99, "car_tau_std": 7.46}, "datetime": {"datetime": "2024-07-31 15:15:18", "elapsed": 10590.308266, "delta": 2.075392}}
{"target": 57.68331585704043, "params": {"bus_acc": 1.2, "bus_dcc": 1.47, "bus_lcCooperative": 0.23, "bus_lcPushy": 0.44, "bus_lcSublane": 0.03, "bus_max_v": 9.91, "bus_tau_mean": 1.29, "bus_tau_std": 0.46, "car_acc": 1.97, "car_dcc": 1.66, "car_lcCooperative": 0.8, "car_lcPushy": 0.32, "car_lcSublane": 0.66, "car_max_v": 9.2, "car_tau_mean": 1.88, "car_tau_std": 9.44}, "datetime": {"datetime": "2024-07-31 15:15:29", "elapsed": 10600.7917, "delta": 10.483434}}
{"target": 57.864658374829126, "params": {"bus_acc": 1.25, "bus_dcc": 2.34, "bus_lcCooperative": 0.54, "bus_lcPushy": 0.28, "bus_lcSublane": 0.43, "bus_max_v": 9.9, "bus_tau_mean": 1.8, "bus_tau_std": 14.64, "car_acc": 2.53, "car_dcc": 3.97, "car_lcCooperative": 0.95, "car_lcPushy": 0.32, "car_lcSublane": 0.87, "car_max_v": 8.61, "car_tau_mean": 2.47, "car_tau_std": 3.66}, "datetime": {"datetime": "2024-07-31 15:16:11", "elapsed": 10643.040253, "delta": 42.248553}}
{"target": 58.49954760225328, "params": {"bus_acc": 1.01, "bus_dcc": 2.2, "bus_lcCooperative": 0.79, "bus_lcPushy": 0.14, "bus_lcSublane": 0.69, "bus_max_v": 14.92, "bus_tau_mean": 2.22, "bus_tau_std": 1.99, "car_acc": 1.93, "car_dcc": 1.49, "car_lcCooperative": 0.27, "car_lcPushy": 0.29, "car_lcSublane": 0.85, "car_max_v": 8.28, "car_tau_mean": 2.44, "car_tau_std": 10.09}, "datetime": {"datetime": "2024-07-31 15:16:13", "elapsed": 10644.811932, "delta": 1.771679}}
{"target": 57.87671793509151, "params": {"bus_acc": 1.32, "bus_dcc": 3.04, "bus_lcCooperative": 0.33, "bus_lcPushy": 0.46, "bus_lcSublane": 0.24, "bus_max_v": 13.78, "bus_tau_mean": 1.87, "bus_tau_std": 13.47, "car_acc": 1.32, "car_dcc": 2.59, "car_lcCooperative": 0.16, "car_lcPushy": 0.02, "car_lcSublane": 0.74, "car_max_v": 10.05, "car_tau_mean": 1.33, "car_tau_std": 5.07}, "datetime": {"datetime": "2024-07-31 15:17:23", "elapsed": 10715.490059, "delta": 70.678127}}
{"target": 57.924473599398006, "params": {"bus_acc": 1.98, "bus_dcc": 3.87, "bus_lcCooperative": 0.61, "bus_lcPushy": 0.8, "bus_lcSublane": 0.84, "bus_max_v": 12.47, "bus_tau_mean": 1.57, "bus_tau_std": 8.84, "car_acc": 1.56, "car_dcc": 3.44, "car_lcCooperative": 0.34, "car_lcPushy": 0.55, "car_lcSublane": 0.52, "car_max_v": 9.68, "car_tau_mean": 2.78, "car_tau_std": 12.72}, "datetime": {"datetime": "2024-07-31 15:17:47", "elapsed": 10739.415536, "delta": 23.925477}}
{"target": 57.38868078724868, "params": {"bus_acc": 1.33, "bus_dcc": 2.01, "bus_lcCooperative": 0.61, "bus_lcPushy": 0.37, "bus_lcSublane": 0.76, "bus_max_v": 13.41, "bus_tau_mean": 2.24, "bus_tau_std": 5.47, "car_acc": 2.67, "car_dcc": 2.78, "car_lcCooperative": 0.82, "car_lcPushy": 0.81, "car_lcSublane": 0.34, "car_max_v": 9.95, "car_tau_mean": 1.06, "car_tau_std": 5.73}, "datetime": {"datetime": "2024-07-31 15:24:19", "elapsed": 11130.810329, "delta": 391.394793}}
{"target": 56.59391974078489, "params": {"bus_acc": 1.43, "bus_dcc": 1.29, "bus_lcCooperative": 0.23, "bus_lcPushy": 0.76, "bus_lcSublane": 0.47, "bus_max_v": 14.0, "bus_tau_mean": 2.17, "bus_tau_std": 2.98, "car_acc": 2.47, "car_dcc": 4.73, "car_lcCooperative": 0.18, "car_lcPushy": 0.7, "car_lcSublane": 0.1, "car_max_v": 11.89, "car_tau_mean": 1.78, "car_tau_std": 7.89}, "datetime": {"datetime": "2024-07-31 15:24:42", "elapsed": 11153.591118, "delta": 22.780789}}
{"target": 58.78013349405117, "params": {"bus_acc": 1.03, "bus_dcc": 1.41, "bus_lcCooperative": 0.52, "bus_lcPushy": 0.86, "bus_lcSublane": 0.24, "bus_max_v": 10.35, "bus_tau_mean": 2.05, "bus_tau_std": 0.49, "car_acc": 1.94, "car_dcc": 1.22, "car_lcCooperative": 0.29, "car_lcPushy": 0.39, "car_lcSublane": 0.64, "car_max_v": 8.53, "car_tau_mean": 1.93, "car_tau_std": 7.86}, "datetime": {"datetime": "2024-07-31 15:24:59", "elapsed": 11171.154874, "delta": 17.563756}}
{"target": 57.70704972151201, "params": {"bus_acc": 1.9, "bus_dcc": 2.57, "bus_lcCooperative": 0.46, "bus_lcPushy": 0.68, "bus_lcSublane": 0.21, "bus_max_v": 8.72, "bus_tau_mean": 2.27, "bus_tau_std": 3.51, "car_acc": 1.69, "car_dcc": 3.16, "car_lcCooperative": 0.08, "car_lcPushy": 0.37, "car_lcSublane": 0.95, "car_max_v": 9.35, "car_tau_mean": 2.22, "car_tau_std": 1.52}, "datetime": {"datetime": "2024-07-31 15:24:59", "elapsed": 11171.421433, "delta": 0.266559}}
{"target": 58.09959232832366, "params": {"bus_acc": 1.32, "bus_dcc": 2.68, "bus_lcCooperative": 0.83, "bus_lcPushy": 0.66, "bus_lcSublane": 0.07, "bus_max_v": 14.71, "bus_tau_mean": 2.45, "bus_tau_std": 1.5, "car_acc": 2.67, "car_dcc": 2.35, "car_lcCooperative": 0.25, "car_lcPushy": 0.48, "car_lcSublane": 0.6, "car_max_v": 8.41, "car_tau_mean": 1.59, "car_tau_std": 10.12}, "datetime": {"datetime": "2024-07-31 15:25:28", "elapsed": 11200.117679, "delta": 28.696246}}
{"target": 57.46641025438467, "params": {"bus_acc": 1.56, "bus_dcc": 2.75, "bus_lcCooperative": 0.16, "bus_lcPushy": 0.05, "bus_lcSublane": 0.89, "bus_max_v": 12.61, "bus_tau_mean": 1.01, "bus_tau_std": 5.29, "car_acc": 1.25, "car_dcc": 2.71, "car_lcCooperative": 0.75, "car_lcPushy": 0.55, "car_lcSublane": 0.55, "car_max_v": 11.06, "car_tau_mean": 1.67, "car_tau_std": 13.91}, "datetime": {"datetime": "2024-07-31 15:26:45", "elapsed": 11276.96182, "delta": 76.844141}}
{"target": 57.87338878584528, "params": {"bus_acc": 1.32, "bus_dcc": 1.76, "bus_lcCooperative": 0.49, "bus_lcPushy": 0.34, "bus_lcSublane": 0.31, "bus_max_v": 10.83, "bus_tau_mean": 1.24, "bus_tau_std": 0.07, "car_acc": 1.77, "car_dcc": 2.11, "car_lcCooperative": 0.76, "car_lcPushy": 0.76, "car_lcSublane": 0.57, "car_max_v": 8.92, "car_tau_mean": 2.2, "car_tau_std": 8.8}, "datetime": {"datetime": "2024-07-31 15:27:25", "elapsed": 11317.310914, "delta": 40.349094}}
{"target": 59.06653498754169, "params": {"bus_acc": 1.02, "bus_dcc": 1.17, "bus_lcCooperative": 0.71, "bus_lcPushy": 0.64, "bus_lcSublane": 0.6, "bus_max_v": 10.56, "bus_tau_mean": 2.54, "bus_tau_std": 0.47, "car_acc": 1.4, "car_dcc": 1.18, "car_lcCooperative": 0.36, "car_lcPushy": 0.63, "car_lcSublane": 0.08, "car_max_v": 8.46, "car_tau_mean": 2.29, "car_tau_std": 9.93}, "datetime": {"datetime": "2024-07-31 15:33:35", "elapsed": 11686.55263, "delta": 369.241716}}
{"target": 56.81693834553574, "params": {"bus_acc": 1.57, "bus_dcc": 3.73, "bus_lcCooperative": 0.51, "bus_lcPushy": 0.83, "bus_lcSublane": 0.1, "bus_max_v": 13.62, "bus_tau_mean": 2.03, "bus_tau_std": 13.38, "car_acc": 1.73, "car_dcc": 3.2, "car_lcCooperative": 0.79, "car_lcPushy": 0.01, "car_lcSublane": 0.95, "car_max_v": 10.2, "car_tau_mean": 1.51, "car_tau_std": 13.22}, "datetime": {"datetime": "2024-07-31 15:33:45", "elapsed": 11696.732877, "delta": 10.180247}}
{"target": 58.11212204348214, "params": {"bus_acc": 1.26, "bus_dcc": 1.6, "bus_lcCooperative": 0.74, "bus_lcPushy": 0.8, "bus_lcSublane": 0.43, "bus_max_v": 14.46, "bus_tau_mean": 2.41, "bus_tau_std": 10.68, "car_acc": 2.51, "car_dcc": 2.17, "car_lcCooperative": 0.23, "car_lcPushy": 0.42, "car_lcSublane": 0.89, "car_max_v": 9.25, "car_tau_mean": 2.49, "car_tau_std": 14.53}, "datetime": {"datetime": "2024-07-31 15:34:24", "elapsed": 11735.601399, "delta": 38.868522}}
{"target": 58.61734365697249, "params": {"bus_acc": 1.84, "bus_dcc": 2.65, "bus_lcCooperative": 0.12, "bus_lcPushy": 0.14, "bus_lcSublane": 0.4, "bus_max_v": 11.04, "bus_tau_mean": 2.14, "bus_tau_std": 0.74, "car_acc": 1.54, "car_dcc": 1.18, "car_lcCooperative": 0.35, "car_lcPushy": 0.59, "car_lcSublane": 0.85, "car_max_v": 8.99, "car_tau_mean": 1.64, "car_tau_std": 8.49}, "datetime": {"datetime": "2024-07-31 15:34:25", "elapsed": 11737.41295, "delta": 1.811551}}
{"target": 57.366386748286025, "params": {"bus_acc": 1.91, "bus_dcc": 1.64, "bus_lcCooperative": 0.99, "bus_lcPushy": 0.73, "bus_lcSublane": 0.54, "bus_max_v": 14.73, "bus_tau_mean": 2.15, "bus_tau_std": 12.76, "car_acc": 2.1, "car_dcc": 2.7, "car_lcCooperative": 0.18, "car_lcPushy": 0.19, "car_lcSublane": 0.48, "car_max_v": 10.7, "car_tau_mean": 1.5, "car_tau_std": 12.32}, "datetime": {"datetime": "2024-07-31 15:34:31", "elapsed": 11743.179238, "delta": 5.766288}}
{"target": 58.253469650639246, "params": {"bus_acc": 1.36, "bus_dcc": 1.58, "bus_lcCooperative": 0.81, "bus_lcPushy": 0.47, "bus_lcSublane": 0.89, "bus_max_v": 9.36, "bus_tau_mean": 2.55, "bus_tau_std": 0.78, "car_acc": 1.73, "car_dcc": 3.17, "car_lcCooperative": 0.29, "car_lcPushy": 0.21, "car_lcSublane": 0.11, "car_max_v": 8.11, "car_tau_mean": 1.7, "car_tau_std": 6.73}, "datetime": {"datetime": "2024-07-31 15:36:51", "elapsed": 11882.702965, "delta": 139.523727}}
{"target": 58.37078240018465, "params": {"bus_acc": 1.69, "bus_dcc": 2.21, "bus_lcCooperative": 0.33, "bus_lcPushy": 0.72, "bus_lcSublane": 0.24, "bus_max_v": 13.68, "bus_tau_mean": 1.18, "bus_tau_std": 5.99, "car_acc": 1.19, "car_dcc": 3.6, "car_lcCooperative": 0.51, "car_lcPushy": 0.67, "car_lcSublane": 0.09, "car_max_v": 9.05, "car_tau_mean": 2.17, "car_tau_std": 6.03}, "datetime": {"datetime": "2024-07-31 15:37:48", "elapsed": 11940.509124, "delta": 57.806159}}
{"target": 57.83695169210712, "params": {"bus_acc": 1.52, "bus_dcc": 2.88, "bus_lcCooperative": 0.46, "bus_lcPushy": 0.11, "bus_lcSublane": 0.32, "bus_max_v": 10.32, "bus_tau_mean": 2.97, "bus_tau_std": 13.01, "car_acc": 1.52, "car_dcc": 1.29, "car_lcCooperative": 0.12, "car_lcPushy": 0.17, "car_lcSublane": 0.65, "car_max_v": 10.22, "car_tau_mean": 1.2, "car_tau_std": 6.55}, "datetime": {"datetime": "2024-07-31 15:42:53", "elapsed": 12245.264743, "delta": 304.755619}}
{"target": 58.45445279951321, "params": {"bus_acc": 1.53, "bus_dcc": 2.5, "bus_lcCooperative": 0.19, "bus_lcPushy": 0.82, "bus_lcSublane": 0.45, "bus_max_v": 10.04, "bus_tau_mean": 1.8, "bus_tau_std": 1.3, "car_acc": 1.85, "car_dcc": 1.07, "car_lcCooperative": 0.96, "car_lcPushy": 0.08, "car_lcSublane": 0.77, "car_max_v": 8.4, "car_tau_mean": 2.45, "car_tau_std": 8.49}, "datetime": {"datetime": "2024-07-31 15:43:49", "elapsed": 12300.727034, "delta": 55.462291}}
{"target": 58.42139152677868, "params": {"bus_acc": 1.4, "bus_dcc": 1.88, "bus_lcCooperative": 0.57, "bus_lcPushy": 0.79, "bus_lcSublane": 0.93, "bus_max_v": 11.85, "bus_tau_mean": 2.31, "bus_tau_std": 0.79, "car_acc": 1.42, "car_dcc": 2.19, "car_lcCooperative": 0.55, "car_lcPushy": 0.48, "car_lcSublane": 0.05, "car_max_v": 9.05, "car_tau_mean": 2.09, "car_tau_std": 8.36}, "datetime": {"datetime": "2024-07-31 15:43:59", "elapsed": 12311.435954, "delta": 10.70892}}
{"target": 58.502722961566, "params": {"bus_acc": 1.84, "bus_dcc": 1.52, "bus_lcCooperative": 0.64, "bus_lcPushy": 0.32, "bus_lcSublane": 0.07, "bus_max_v": 14.9, "bus_tau_mean": 2.58, "bus_tau_std": 1.53, "car_acc": 2.09, "car_dcc": 1.91, "car_lcCooperative": 0.27, "car_lcPushy": 0.97, "car_lcSublane": 0.76, "car_max_v": 8.07, "car_tau_mean": 1.81, "car_tau_std": 10.78}, "datetime": {"datetime": "2024-07-31 15:44:08", "elapsed": 12320.109978, "delta": 8.674024}}
