{"target": -0.34484130583533207, "params": {"bus_acc": 2.386474290074071, "bus_dcc": 2.537949240271353, "bus_lcAssertive": 57.814667162342396, "bus_lcCooperative": 0.4403192075855932, "bus_lcLookaheadLeft": 20.96877785693343, "bus_lcPushy": 0.11396576145918635, "bus_lcSigma": 0.151227927370148, "bus_lcSpeedGainRight": 0.2624548192656695, "bus_lcSublane": 0.5586764110636315, "bus_sigma": 0.8477210140360106, "bus_tau_mean": 1.7569176862343876, "bus_tau_std": 0.7531087263581782, "bus_v_mean": 14.81159059176186, "bus_v_std": 12.040156769440028, "car_acc": 2.2762103967269125, "car_dcc": 3.43216370082211, "car_lcAssertive": 94.24673837248382, "car_lcCooperative": 0.8699107732683544, "car_lcLookaheadLeft": 70.99195083142908, "car_lcPushy": 0.4702989247821753, "car_lcSigma": 0.6826980429032513, "car_lcSpeedGainRight": 0.06709155278264767, "car_lcSublane": 0.9824781185020439, "car_sigma": 0.17207733182889595, "car_tau_mean": 3.6719113858658865, "car_tau_std": 8.07109901666106, "car_v_mean": 20.802234950191803, "car_v_std": 5.378721155701298}, "datetime": {"datetime": "2024-08-08 18:40:06", "elapsed": 214.095998, "delta": 4.906953}}
{"target": -0.4761500115054295, "params": {"bus_acc": 2.1354855377555118, "bus_dcc": 2.5140392516213854, "bus_lcAssertive": 47.794749227909655, "bus_lcCooperative": 0.2858682626866563, "bus_lcLookaheadLeft": 87.50367008628324, "bus_lcPushy": 0.047160228234060075, "bus_lcSigma": 0.3643106572746351, "bus_lcSpeedGainRight": 3.870177072493228, "bus_lcSublane": 0.48551388156354014, "bus_sigma": 0.7862791636413168, "bus_tau_mean": 2.1891228213091543, "bus_tau_std": 9.894641961698872, "bus_v_mean": 22.144686737478814, "bus_v_std": 0.15463971954790212, "car_acc": 2.4251522222418633, "car_dcc": 3.5722415357347614, "car_lcAssertive": 35.00904568823607, "car_lcCooperative": 0.7289931289505442, "car_lcLookaheadLeft": 42.99499820923341, "car_lcPushy": 0.09576350593522287, "car_lcSigma": 0.3152558647640553, "car_lcSpeedGainRight": 1.5650830940775489, "car_lcSublane": 0.654550444357687, "car_sigma": 0.9268714390031203, "car_tau_mean": 2.9629165032957157, "car_tau_std": 3.230340480504635, "car_v_mean": 18.929913317254105, "car_v_std": 1.6820466310730575}, "datetime": {"datetime": "2024-08-08 18:40:07", "elapsed": 215.645866, "delta": 1.549868}}
{"target": -0.3391141763641273, "params": {"bus_acc": 1.398893682501206, "bus_dcc": 2.376787282665287, "bus_lcAssertive": 9.144849037470706, "bus_lcCooperative": 0.888961649120884, "bus_lcLookaheadLeft": 39.08570926572046, "bus_lcPushy": 0.4303547104217613, "bus_lcSigma": 0.7420611816254444, "bus_lcSpeedGainRight": 0.7788725969170374, "bus_lcSublane": 0.5750236919214267, "bus_sigma": 0.5110477507325528, "bus_tau_mean": 1.789062521861705, "bus_tau_std": 6.833355164060048, "bus_v_mean": 20.711779244659724, "bus_v_std": 9.353689863877914, "car_acc": 2.882053317391888, "car_dcc": 3.737617350457007, "car_lcAssertive": 46.240214371600075, "car_lcCooperative": 0.13501994715447863, "car_lcLookaheadLeft": 55.23684324821241, "car_lcPushy": 0.4300280555930357, "car_lcSigma": 0.7683130799940705, "car_lcSpeedGainRight": 3.988373054171521, "car_lcSublane": 0.17184597187152895, "car_sigma": 0.4379389363206019, "car_tau_mean": 1.4338734819188388, "car_tau_std": 9.546892246039253, "car_v_mean": 22.989954141979553, "car_v_std": 8.68697503962993}, "datetime": {"datetime": "2024-08-08 18:40:10", "elapsed": 218.473223, "delta": 2.827357}}
{"target": -0.3395994798017001, "params": {"bus_acc": 1.202542151240109, "bus_dcc": 2.3089361457977464, "bus_lcAssertive": 92.95741713280664, "bus_lcCooperative": 0.26318010363654454, "bus_lcLookaheadLeft": 14.53941084549394, "bus_lcPushy": 0.7622387720608016, "bus_lcSigma": 0.9286081213991312, "bus_lcSpeedGainRight": 1.6288421035215883, "bus_lcSublane": 0.23245809784533655, "bus_sigma": 0.1824854764117131, "bus_tau_mean": 3.8713243293242585, "bus_tau_std": 5.766346346502747, "bus_v_mean": 21.761404350564547, "bus_v_std": 6.166899721037322, "car_acc": 1.1693092910753227, "car_dcc": 2.3614125553459053, "car_lcAssertive": 21.503899494829845, "car_lcCooperative": 0.5189836643290452, "car_lcLookaheadLeft": 54.722788290538084, "car_lcPushy": 0.2942882172433129, "car_lcSigma": 0.3074538821838113, "car_lcSpeedGainRight": 0.12086836107416399, "car_lcSublane": 0.42040201393038057, "car_sigma": 0.3236894136587639, "car_tau_mean": 2.668215438414082, "car_tau_std": 8.597630666919953, "car_v_mean": 15.882247052686651, "car_v_std": 1.6541659606377879}, "datetime": {"datetime": "2024-08-08 18:40:15", "elapsed": 223.396104, "delta": 4.922881}}
{"target": -0.30489014299521267, "params": {"bus_acc": 3.803606515537105, "bus_dcc": 2.690527502425512, "bus_lcAssertive": 54.980097896596, "bus_lcCooperative": 0.06347554987814286, "bus_lcLookaheadLeft": 54.45941760362607, "bus_lcPushy": 0.654541303819938, "bus_lcSigma": 0.14659184563314454, "bus_lcSpeedGainRight": 4.781823638234233, "bus_lcSublane": 0.19615079194334273, "bus_sigma": 0.673925993557942, "bus_tau_mean": 1.4601940369286983, "bus_tau_std": 1.0843083383187457, "bus_v_mean": 12.174412859118119, "bus_v_std": 6.683036670361496, "car_acc": 2.3941956316930684, "car_dcc": 1.703069330204462, "car_lcAssertive": 73.02288477920217, "car_lcCooperative": 0.807191102024009, "car_lcLookaheadLeft": 79.51560841260104, "car_lcPushy": 0.7157485483912336, "car_lcSigma": 0.26964324616102264, "car_lcSpeedGainRight": 1.0522889552033787, "car_lcSublane": 0.10912832824141494, "car_sigma": 0.3966811014027529, "car_tau_mean": 0.8054332406161149, "car_tau_std": 6.553896564824752, "car_v_mean": 23.197262629798693, "car_v_std": 15.11266561158304}, "datetime": {"datetime": "2024-08-08 18:40:17", "elapsed": 225.484283, "delta": 2.088179}}
{"target": -0.3095103736042737, "params": {"bus_acc": 3.046661921421852, "bus_dcc": 1.9319880881915676, "bus_lcAssertive": 47.76497077930874, "bus_lcCooperative": 0.5992558738787634, "bus_lcLookaheadLeft": 38.639120062403535, "bus_lcPushy": 0.874487796621177, "bus_lcSigma": 0.7261725883076274, "bus_lcSpeedGainRight": 4.771703523121056, "bus_lcSublane": 0.3510655228482117, "bus_sigma": 0.9371740887217811, "bus_tau_mean": 2.176852009790104, "bus_tau_std": 6.423226386484714, "bus_v_mean": 19.786355276078197, "bus_v_std": 16.186759380113603, "car_acc": 2.1887781018480816, "car_dcc": 2.3438379355443133, "car_lcAssertive": 81.91042558516232, "car_lcCooperative": 0.7175572030909549, "car_lcLookaheadLeft": 94.20322251871511, "car_lcPushy": 0.9795978714178412, "car_lcSigma": 0.1789133363658466, "car_lcSpeedGainRight": 1.139597059063776, "car_lcSublane": 0.7159864472790468, "car_sigma": 0.7473827346542434, "car_tau_mean": 2.611128439813839, "car_tau_std": 8.772997642215113, "car_v_mean": 12.031847393771816, "car_v_std": 6.789747885935848}, "datetime": {"datetime": "2024-08-08 18:40:19", "elapsed": 227.135204, "delta": 1.650921}}
{"target": -0.34562893414632306, "params": {"bus_acc": 1.5094912586937066, "bus_dcc": 3.6344275102882393, "bus_lcAssertive": 10.73633654947196, "bus_lcCooperative": 0.42110762500505217, "bus_lcLookaheadLeft": 95.87317395474919, "bus_lcPushy": 0.5331652849730171, "bus_lcSigma": 0.6918771139504734, "bus_lcSpeedGainRight": 1.5775781550303147, "bus_lcSublane": 0.6865009276815837, "bus_sigma": 0.8346256718973729, "bus_tau_mean": 0.5640089707046714, "bus_tau_std": 7.501443149449675, "bus_v_mean": 23.821777422503914, "bus_v_std": 14.963313087596788, "car_acc": 1.8413319761932154, "car_dcc": 3.3678379853544653, "car_lcAssertive": 11.21937465118656, "car_lcCooperative": 0.44789352617590517, "car_lcLookaheadLeft": 91.04235930312336, "car_lcPushy": 0.2936141483736795, "car_lcSigma": 0.28777533858634874, "car_lcSpeedGainRight": 0.6501428605913884, "car_lcSublane": 0.019366957870297075, "car_sigma": 0.678835532939891, "car_tau_mean": 1.2406984060002066, "car_tau_std": 2.655466593722262, "car_v_mean": 15.865170548485413, "car_v_std": 1.0672509023416077}, "datetime": {"datetime": "2024-08-08 18:40:22", "elapsed": 230.016267, "delta": 2.881063}}
{"target": -0.30839014102128487, "params": {"bus_acc": 1.2600174179587302, "bus_dcc": 2.783811664334878, "bus_lcAssertive": 93.16799666925122, "bus_lcCooperative": 0.1337783077430914, "bus_lcLookaheadLeft": 52.27520477868174, "bus_lcPushy": 0.6839992141169576, "bus_lcSigma": 0.17182975960682711, "bus_lcSpeedGainRight": 0.05629946746094738, "bus_lcSublane": 0.8876831304797248, "bus_sigma": 0.035231270653359514, "bus_tau_mean": 1.401103993326861, "bus_tau_std": 6.516840317406684, "bus_v_mean": 12.572526933692195, "bus_v_std": 0.19415193149633136, "car_acc": 2.726355503394947, "car_dcc": 1.9233768350041318, "car_lcAssertive": 15.99989212336019, "car_lcCooperative": 0.9712833117325801, "car_lcLookaheadLeft": 18.167282254097344, "car_lcPushy": 0.7272354411432771, "car_lcSigma": 0.890724191493513, "car_lcSpeedGainRight": 4.2935755786347265, "car_lcSublane": 0.1842570671584468, "car_sigma": 0.23680853369423926, "car_tau_mean": 0.5642692277590035, "car_tau_std": 9.314054672648544, "car_v_mean": 22.193938826516902, "car_v_std": 11.909323379390857}, "datetime": {"datetime": "2024-08-08 18:40:24", "elapsed": 231.928361, "delta": 1.912094}}
{"target": -0.3119104379338069, "params": {"bus_acc": 1.063239018506534, "bus_dcc": 3.9551366608314082, "bus_lcAssertive": 61.545787204019646, "bus_lcCooperative": 0.3783538388352491, "bus_lcLookaheadLeft": 4.599778408824017, "bus_lcPushy": 0.3898387483749842, "bus_lcSigma": 0.4525586263864343, "bus_lcSpeedGainRight": 4.655015968822514, "bus_lcSublane": 0.27850417183805665, "bus_sigma": 0.6147818910832991, "bus_tau_mean": 2.828089241037677, "bus_tau_std": 1.8596096979633892, "bus_v_mean": 16.092213583782907, "bus_v_std": 15.730015257198698, "car_acc": 1.2897371032852405, "car_dcc": 2.8181058945068864, "car_lcAssertive": 3.5799333361509307, "car_lcCooperative": 0.00704672381007565, "car_lcLookaheadLeft": 7.833803499726993, "car_lcPushy": 0.4814004591490364, "car_lcSigma": 0.9257041086902309, "car_lcSpeedGainRight": 2.027786920695121, "car_lcSublane": 0.07503263933654081, "car_sigma": 0.8613524744830288, "car_tau_mean": 2.317541549146541, "car_tau_std": 3.1893586891742407, "car_v_mean": 23.40851742055481, "car_v_std": 18.765235370047566}, "datetime": {"datetime": "2024-08-08 18:40:25", "elapsed": 233.684811, "delta": 1.75645}}
{"target": -0.34371098791568233, "params": {"bus_acc": 3.4430124757664307, "bus_dcc": 3.844894716345379, "bus_lcAssertive": 29.77760736799541, "bus_lcCooperative": 0.44014655945827363, "bus_lcLookaheadLeft": 12.393635087302352, "bus_lcPushy": 0.877282123522309, "bus_lcSigma": 0.3436993279384193, "bus_lcSpeedGainRight": 4.526224401246487, "bus_lcSublane": 0.20385757159533968, "bus_sigma": 0.3496058152639734, "bus_tau_mean": 2.916677821520518, "bus_tau_std": 9.227065240960876, "bus_v_mean": 19.00713620811984, "bus_v_std": 6.801870359775089, "car_acc": 1.1201303797242896, "car_dcc": 1.9952521524543578, "car_lcAssertive": 48.13994491070535, "car_lcCooperative": 0.7304001354118015, "car_lcLookaheadLeft": 89.57560214467847, "car_lcPushy": 0.006309041039328278, "car_lcSigma": 0.0767344622459043, "car_lcSpeedGainRight": 1.408952731719344, "car_lcSublane": 0.5356189297149452, "car_sigma": 0.5357855982615345, "car_tau_mean": 1.9884221776401056, "car_tau_std": 8.836374179203876, "car_v_mean": 19.63763272054855, "car_v_std": 2.719227266596276}, "datetime": {"datetime": "2024-08-08 18:40:27", "elapsed": 235.567476, "delta": 1.882665}}
{"target": -0.31312878304907643, "params": {"bus_acc": 1.7068787724386807, "bus_dcc": 1.2302019605546288, "bus_lcAssertive": 51.98492535770159, "bus_lcCooperative": 0.8362544576217305, "bus_lcLookaheadLeft": 68.83077002132927, "bus_lcPushy": 0.03672368387331426, "bus_lcSigma": 0.04527003615875136, "bus_lcSpeedGainRight": 2.6904257245514804, "bus_lcSublane": 0.14141687870136965, "bus_sigma": 0.7072326117206413, "bus_tau_mean": 1.3660595304975511, "bus_tau_std": 4.399603545497838, "bus_v_mean": 17.92464799286767, "bus_v_std": 19.454747944418408, "car_acc": 1.5910176283201451, "car_dcc": 3.7355172894978668, "car_lcAssertive": 35.726733527493735, "car_lcCooperative": 0.16192413101837244, "car_lcLookaheadLeft": 43.244627585524206, "car_lcPushy": 0.8414789882843856, "car_lcSigma": 0.04378617464571544, "car_lcSpeedGainRight": 0.6848564501518073, "car_lcSublane": 0.5899399808101583, "car_sigma": 0.4085801200317656, "car_tau_mean": 2.173973376426117, "car_tau_std": 8.220539158700117, "car_v_mean": 10.676345043514239, "car_v_std": 6.440448119256345}, "datetime": {"datetime": "2024-08-08 18:40:29", "elapsed": 237.33323, "delta": 1.765754}}
{"target": -0.3413167765192901, "params": {"bus_acc": 3.486086344653704, "bus_dcc": 3.8422586625781054, "bus_lcAssertive": 63.61334167652157, "bus_lcCooperative": 0.1347391364802225, "bus_lcLookaheadLeft": 43.1593583629708, "bus_lcPushy": 0.9361853889098445, "bus_lcSigma": 0.3205442753283897, "bus_lcSpeedGainRight": 3.0964049302389327, "bus_lcSublane": 0.935133647276181, "bus_sigma": 0.4606823360458484, "bus_tau_mean": 2.251396689408955, "bus_tau_std": 9.186937097536678, "bus_v_mean": 22.877177136154806, "bus_v_std": 18.089737467791437, "car_acc": 2.540903592033532, "car_dcc": 2.919433751785611, "car_lcAssertive": 59.31161141193701, "car_lcCooperative": 0.15849481992782133, "car_lcLookaheadLeft": 63.098002429383975, "car_lcPushy": 0.31914432287823047, "car_lcSigma": 0.1307355006001497, "car_lcSpeedGainRight": 1.0750150228452209, "car_lcSublane": 0.3136602971825204, "car_sigma": 0.9514518007767209, "car_tau_mean": 3.9676850659444196, "car_tau_std": 8.668863637915473, "car_v_mean": 15.38977566411921, "car_v_std": 9.312345051564359}, "datetime": {"datetime": "2024-08-08 18:40:31", "elapsed": 239.172259, "delta": 1.839029}}
{"target": -0.3132532581521655, "params": {"bus_acc": 3.1060846854505746, "bus_dcc": 1.2256979654235662, "bus_lcAssertive": 12.542804976959157, "bus_lcCooperative": 0.9138040336972366, "bus_lcLookaheadLeft": 87.23759660355324, "bus_lcPushy": 0.29195244443750334, "bus_lcSigma": 0.10199996945854439, "bus_lcSpeedGainRight": 4.0444569076925765, "bus_lcSublane": 0.026173664200229152, "bus_sigma": 0.6363476959221258, "bus_tau_mean": 1.0603045517697591, "bus_tau_std": 6.916244287005272, "bus_v_mean": 10.6883151384946, "bus_v_std": 6.980974545947869, "car_acc": 1.3662607489558447, "car_dcc": 1.861261093046227, "car_lcAssertive": 13.78063890211077, "car_lcCooperative": 0.46338617119116643, "car_lcLookaheadLeft": 65.64195757259499, "car_lcPushy": 0.39451056866238143, "car_lcSigma": 0.9529585014592254, "car_lcSpeedGainRight": 3.774326953708766, "car_lcSublane": 0.5443753307388431, "car_sigma": 0.5635228919386142, "car_tau_mean": 1.6221138365785015, "car_tau_std": 5.125197669497959, "car_v_mean": 20.124987155063565, "car_v_std": 0.036192509515740046}, "datetime": {"datetime": "2024-08-08 18:40:33", "elapsed": 241.100669, "delta": 1.92841}}
{"target": -0.33687731813218863, "params": {"bus_acc": 3.0689181972386734, "bus_dcc": 2.7964626718702656, "bus_lcAssertive": 74.9190897401775, "bus_lcCooperative": 0.5419710617714415, "bus_lcLookaheadLeft": 70.65224111671125, "bus_lcPushy": 0.9305598192498451, "bus_lcSigma": 0.8626166945052219, "bus_lcSpeedGainRight": 0.8372092875326065, "bus_lcSublane": 0.2631390239238742, "bus_sigma": 0.07161027944180454, "bus_tau_mean": 3.9253548180542146, "bus_tau_std": 2.3638409866037557, "bus_v_mean": 18.56957369485758, "bus_v_std": 1.79261397854924, "car_acc": 1.6323128262610562, "car_dcc": 2.5084731505552136, "car_lcAssertive": 11.390413164662874, "car_lcCooperative": 0.38887340269472437, "car_lcLookaheadLeft": 54.722796573688726, "car_lcPushy": 0.33920418488509996, "car_lcSigma": 0.5559002111265755, "car_lcSpeedGainRight": 2.6838416097123203, "car_lcSublane": 0.3906104987369058, "car_sigma": 0.6962700831011029, "car_tau_mean": 2.874688588992734, "car_tau_std": 6.873031493743898, "car_v_mean": 16.983860140789986, "car_v_std": 7.161598280258716}, "datetime": {"datetime": "2024-08-08 18:40:37", "elapsed": 245.139776, "delta": 4.039107}}
{"target": -0.31743932822360527, "params": {"bus_acc": 3.920733918319038, "bus_dcc": 2.395326205146029, "bus_lcAssertive": 11.2976891070739, "bus_lcCooperative": 0.02414741697437306, "bus_lcLookaheadLeft": 88.36742001891609, "bus_lcPushy": 0.026191019576293217, "bus_lcSigma": 0.9508279892979901, "bus_lcSpeedGainRight": 2.8495882119659304, "bus_lcSublane": 0.6575679317062869, "bus_sigma": 0.9091704210434223, "bus_tau_mean": 3.6568329887712125, "bus_tau_std": 3.908550313778476, "bus_v_mean": 17.800631547861308, "bus_v_std": 10.436707034729608, "car_acc": 3.45112366402078, "car_dcc": 1.168548438755558, "car_lcAssertive": 63.07056931547373, "car_lcCooperative": 0.429738375018603, "car_lcLookaheadLeft": 86.3712180944019, "car_lcPushy": 0.6878665280273724, "car_lcSigma": 0.26102460548319106, "car_lcSpeedGainRight": 0.6711937546519198, "car_lcSublane": 0.541341679477201, "car_sigma": 0.9818994020158649, "car_tau_mean": 1.7246753937784873, "car_tau_std": 9.954117488991338, "car_v_mean": 16.28920358312118, "car_v_std": 3.806745776199414}, "datetime": {"datetime": "2024-08-08 18:40:39", "elapsed": 247.072766, "delta": 1.93299}}
{"target": -0.32146698077873354, "params": {"bus_acc": 2.4803754593890837, "bus_dcc": 2.6904475156182954, "bus_lcAssertive": 58.485658738340206, "bus_lcCooperative": 0.13275724414267787, "bus_lcLookaheadLeft": 38.55994613081712, "bus_lcPushy": 0.8116141648408736, "bus_lcSigma": 0.519604609978901, "bus_lcSpeedGainRight": 4.697923432366468, "bus_lcSublane": 0.6158186412937624, "bus_sigma": 0.7794547743824966, "bus_tau_mean": 1.3681010437804115, "bus_tau_std": 5.593076413727026, "bus_v_mean": 20.970230083863342, "bus_v_std": 3.0542202002159913, "car_acc": 2.6204771337151387, "car_dcc": 2.8309038787244396, "car_lcAssertive": 19.51862420873586, "car_lcCooperative": 0.6368905608918393, "car_lcLookaheadLeft": 8.622330684639707, "car_lcPushy": 0.7795396433636577, "car_lcSigma": 0.32597369672247123, "car_lcSpeedGainRight": 2.4139211891423518, "car_lcSublane": 0.38231065330332614, "car_sigma": 0.3269776609737236, "car_tau_mean": 3.9568788905491767, "car_tau_std": 8.789978774384485, "car_v_mean": 12.836698533986988, "car_v_std": 3.212941090219943}, "datetime": {"datetime": "2024-08-08 18:40:41", "elapsed": 249.423203, "delta": 2.350437}}
{"target": -0.2902292556466339, "params": {"bus_acc": 3.635982928947433, "bus_dcc": 1.7638022669817308, "bus_lcAssertive": 76.85264815507935, "bus_lcCooperative": 0.9410132668189013, "bus_lcLookaheadLeft": 2.1012274004579936, "bus_lcPushy": 0.47608911800210485, "bus_lcSigma": 0.6570403290247293, "bus_lcSpeedGainRight": 4.216616069597612, "bus_lcSublane": 0.18373941187600173, "bus_sigma": 0.8561592379873718, "bus_tau_mean": 1.7752791794995977, "bus_tau_std": 8.922739292761724, "bus_v_mean": 8.44338784195784, "bus_v_std": 1.7078027824634123, "car_acc": 3.9442313972623375, "car_dcc": 2.8285057773204896, "car_lcAssertive": 42.345602334604145, "car_lcCooperative": 0.16921418469369054, "car_lcLookaheadLeft": 65.69031300278962, "car_lcPushy": 0.03697506835935782, "car_lcSigma": 0.31161391346070466, "car_lcSpeedGainRight": 1.6173959849453767, "car_lcSublane": 0.6074418935145536, "car_sigma": 0.6508312566756971, "car_tau_mean": 3.4611910973276427, "car_tau_std": 9.275809425975435, "car_v_mean": 18.567323641777595, "car_v_std": 11.563478368170763}, "datetime": {"datetime": "2024-08-08 18:40:43", "elapsed": 251.685222, "delta": 2.262019}}
{"target": -0.3608229767604489, "params": {"bus_acc": 1.7776543769522108, "bus_dcc": 1.9804920545991254, "bus_lcAssertive": 25.696758463437387, "bus_lcCooperative": 0.21926791032506077, "bus_lcLookaheadLeft": 80.3667620774342, "bus_lcPushy": 0.5023950058982584, "bus_lcSigma": 0.08318988869699773, "bus_lcSpeedGainRight": 3.8849209601369017, "bus_lcSublane": 0.5336490760837309, "bus_sigma": 0.739387787346382, "bus_tau_mean": 2.303877926000925, "bus_tau_std": 3.9994592398513173, "bus_v_mean": 23.77994851898072, "bus_v_std": 0.5648524032582536, "car_acc": 3.798291723894575, "car_dcc": 3.792564903279904, "car_lcAssertive": 39.70095243864435, "car_lcCooperative": 0.2144648711333198, "car_lcLookaheadLeft": 62.68290319745742, "car_lcPushy": 0.17797233547016944, "car_lcSigma": 0.8032081943280084, "car_lcSpeedGainRight": 1.2696692793886761, "car_lcSublane": 0.2908061550326779, "car_sigma": 0.915915790009957, "car_tau_mean": 3.6602089171604315, "car_tau_std": 5.3538089173052175, "car_v_mean": 21.80542368925785, "car_v_std": 7.050651376101236}, "datetime": {"datetime": "2024-08-08 18:40:48", "elapsed": 255.841077, "delta": 4.155855}}
{"target": -0.3936775257669232, "params": {"bus_acc": 1.328102966520561, "bus_dcc": 1.5206279405275045, "bus_lcAssertive": 58.11907672232824, "bus_lcCooperative": 0.25165697350014493, "bus_lcLookaheadLeft": 31.416839657132748, "bus_lcPushy": 0.17098734894301837, "bus_lcSigma": 0.18959171907276484, "bus_lcSpeedGainRight": 2.317105771952257, "bus_lcSublane": 0.5098739726284359, "bus_sigma": 0.5115798896647326, "bus_tau_mean": 3.989985797784223, "bus_tau_std": 1.295958172701398, "bus_v_mean": 20.098718214203764, "bus_v_std": 15.875134944497852, "car_acc": 2.754647796311562, "car_dcc": 2.388214540807976, "car_lcAssertive": 89.44923709767765, "car_lcCooperative": 0.8281802190731247, "car_lcLookaheadLeft": 6.928511730812964, "car_lcPushy": 0.962983753087854, "car_lcSigma": 0.007339891753643801, "car_lcSpeedGainRight": 2.8656610234197095, "car_lcSublane": 0.5724308169270726, "car_sigma": 0.8343796647905168, "car_tau_mean": 1.8465062377388146, "car_tau_std": 0.9104086904598219, "car_v_mean": 17.306996309902797, "car_v_std": 0.4969172072746253}, "datetime": {"datetime": "2024-08-08 18:40:49", "elapsed": 257.469608, "delta": 1.628531}}
