{"target": -0.09646249329028679, "params": {"bus_acc": 1.2, "bus_dcc": 3.1, "bus_lcAssertive": 53.8, "bus_lcCooperative": 0.7, "bus_lcLookaheadLeft": 96.5, "bus_lcPushy": 0.4, "bus_lcSublane": 0.2, "bus_max_v": 19.8, "bus_tau_mean": 2.4, "bus_tau_std": 3.0, "car_acc": 1.4, "car_dcc": 3.5, "car_lcAssertive": 89.9, "car_lcCooperative": 0.9, "car_lcLookaheadLeft": 79.0, "car_lcPushy": 0.8, "car_lcSublane": 0.5, "car_max_v": 21.4, "car_tau_mean": 1.6, "car_tau_std": 4.9}, "datetime": {"datetime": "2024-08-03 11:11:57", "elapsed": 31.637442, "delta": 0.388631}}
{"target": -0.07167309053022412, "params": {"bus_acc": 1.2, "bus_dcc": 3.8, "bus_lcAssertive": 86.7, "bus_lcCooperative": 0.9, "bus_lcLookaheadLeft": 93.3, "bus_lcPushy": 0.4, "bus_lcSublane": 0.8, "bus_max_v": 21.8, "bus_tau_mean": 0.8, "bus_tau_std": 12.4, "car_acc": 2.8, "car_dcc": 2.6, "car_lcAssertive": 88.6, "car_lcCooperative": 0.4, "car_lcLookaheadLeft": 5.2, "car_lcPushy": 0.9, "car_lcSublane": 0.2, "car_max_v": 32.0, "car_tau_mean": 0.6, "car_tau_std": 2.2}, "datetime": {"datetime": "2024-08-03 11:11:57", "elapsed": 31.871742, "delta": 0.2343}}
{"target": -0.20634674966908206, "params": {"bus_acc": 1.0, "bus_dcc": 3.0, "bus_lcAssertive": 53.0, "bus_lcCooperative": 0.3, "bus_lcLookaheadLeft": 91.2, "bus_lcPushy": 0.9, "bus_lcSublane": 0.7, "bus_max_v": 16.4, "bus_tau_mean": 2.5, "bus_tau_std": 6.6, "car_acc": 2.1, "car_dcc": 4.7, "car_lcAssertive": 91.6, "car_lcCooperative": 0.3, "car_lcLookaheadLeft": 71.8, "car_lcPushy": 0.8, "car_lcSublane": 0.3, "car_max_v": 21.3, "car_tau_mean": 0.6, "car_tau_std": 4.1}, "datetime": {"datetime": "2024-08-03 11:11:58", "elapsed": 32.73494, "delta": 0.863198}}
{"target": -0.06379161377968727, "params": {"bus_acc": 1.7, "bus_dcc": 3.0, "bus_lcAssertive": 4.4, "bus_lcCooperative": 0.1, "bus_lcLookaheadLeft": 13.6, "bus_lcPushy": 0.2, "bus_lcSublane": 0.3, "bus_max_v": 14.8, "bus_tau_mean": 2.6, "bus_tau_std": 7.0, "car_acc": 2.1, "car_dcc": 3.9, "car_lcAssertive": 20.4, "car_lcCooperative": 0.7, "car_lcLookaheadLeft": 4.2, "car_lcPushy": 0.7, "car_lcSublane": 0.7, "car_max_v": 23.9, "car_tau_mean": 1.1, "car_tau_std": 5.2}, "datetime": {"datetime": "2024-08-03 11:11:59", "elapsed": 33.259397, "delta": 0.524457}}
{"target": -0.11334576429369597, "params": {"bus_acc": 1.8, "bus_dcc": 1.1, "bus_lcAssertive": 69.1, "bus_lcCooperative": 0.2, "bus_lcLookaheadLeft": 71.8, "bus_lcPushy": 1.0, "bus_lcSublane": 0.7, "bus_max_v": 20.4, "bus_tau_mean": 1.1, "bus_tau_std": 7.0, "car_acc": 1.6, "car_dcc": 1.3, "car_lcAssertive": 94.7, "car_lcCooperative": 0.8, "car_lcLookaheadLeft": 93.2, "car_lcPushy": 0.8, "car_lcSublane": 0.4, "car_max_v": 17.4, "car_tau_mean": 2.1, "car_tau_std": 9.5}, "datetime": {"datetime": "2024-08-03 11:12:00", "elapsed": 34.731332, "delta": 1.471935}}
{"target": -0.09006894424711448, "params": {"bus_acc": 1.9, "bus_dcc": 3.1, "bus_lcAssertive": 26.3, "bus_lcCooperative": 0.5, "bus_lcLookaheadLeft": 7.1, "bus_lcPushy": 0.3, "bus_lcSublane": 0.2, "bus_max_v": 14.1, "bus_tau_mean": 0.5, "bus_tau_std": 5.7, "car_acc": 2.7, "car_dcc": 2.8, "car_lcAssertive": 24.1, "car_lcCooperative": 0.6, "car_lcLookaheadLeft": 46.5, "car_lcPushy": 0.4, "car_lcSublane": 0.7, "car_max_v": 10.3, "car_tau_mean": 0.9, "car_tau_std": 10.1}, "datetime": {"datetime": "2024-08-03 11:12:04", "elapsed": 38.710358, "delta": 3.979026}}
{"target": -0.07533209601133832, "params": {"bus_acc": 1.6, "bus_dcc": 2.2, "bus_lcAssertive": 98.0, "bus_lcCooperative": 0.8, "bus_lcLookaheadLeft": 53.2, "bus_lcPushy": 0.7, "bus_lcSublane": 0.5, "bus_max_v": 18.7, "bus_tau_mean": 2.6, "bus_tau_std": 8.3, "car_acc": 1.7, "car_dcc": 1.7, "car_lcAssertive": 74.4, "car_lcCooperative": 0.4, "car_lcLookaheadLeft": 46.8, "car_lcPushy": 0.1, "car_lcSublane": 0.8, "car_max_v": 25.6, "car_tau_mean": 0.9, "car_tau_std": 14.7}, "datetime": {"datetime": "2024-08-03 11:12:09", "elapsed": 44.143025, "delta": 5.432667}}
{"target": -0.08307419467113786, "params": {"bus_acc": 1.7, "bus_dcc": 2.3, "bus_lcAssertive": 72.6, "bus_lcCooperative": 0.9, "bus_lcLookaheadLeft": 92.8, "bus_lcPushy": 0.0, "bus_lcSublane": 0.3, "bus_max_v": 14.2, "bus_tau_mean": 2.6, "bus_tau_std": 2.5, "car_acc": 1.2, "car_dcc": 1.4, "car_lcAssertive": 62.6, "car_lcCooperative": 0.5, "car_lcLookaheadLeft": 97.3, "car_lcPushy": 0.9, "car_lcSublane": 0.6, "car_max_v": 17.8, "car_tau_mean": 1.6, "car_tau_std": 12.9}, "datetime": {"datetime": "2024-08-03 11:12:11", "elapsed": 45.686408, "delta": 1.543383}}
{"target": -0.06585827561511225, "params": {"bus_acc": 1.2, "bus_dcc": 1.9, "bus_lcAssertive": 18.0, "bus_lcCooperative": 0.3, "bus_lcLookaheadLeft": 23.4, "bus_lcPushy": 0.0, "bus_lcSublane": 0.2, "bus_max_v": 10.0, "bus_tau_mean": 1.1, "bus_tau_std": 11.0, "car_acc": 1.3, "car_dcc": 4.7, "car_lcAssertive": 89.3, "car_lcCooperative": 1.0, "car_lcLookaheadLeft": 18.5, "car_lcPushy": 0.1, "car_lcSublane": 0.4, "car_max_v": 12.1, "car_tau_mean": 2.9, "car_tau_std": 0.6}, "datetime": {"datetime": "2024-08-03 11:12:13", "elapsed": 47.764954, "delta": 2.078546}}
{"target": -0.10069351094765283, "params": {"bus_acc": 1.3, "bus_dcc": 3.4, "bus_lcAssertive": 87.6, "bus_lcCooperative": 0.5, "bus_lcLookaheadLeft": 60.2, "bus_lcPushy": 0.4, "bus_lcSublane": 0.5, "bus_max_v": 16.8, "bus_tau_mean": 2.7, "bus_tau_std": 1.0, "car_acc": 2.6, "car_dcc": 2.1, "car_lcAssertive": 86.3, "car_lcCooperative": 0.2, "car_lcLookaheadLeft": 41.9, "car_lcPushy": 0.1, "car_lcSublane": 0.6, "car_max_v": 28.3, "car_tau_mean": 0.6, "car_tau_std": 13.3}, "datetime": {"datetime": "2024-08-03 11:12:18", "elapsed": 52.505394, "delta": 4.74044}}
{"target": -0.08906560438683021, "params": {"bus_acc": 1.3, "bus_dcc": 3.9, "bus_lcAssertive": 23.9, "bus_lcCooperative": 1.0, "bus_lcLookaheadLeft": 8.1, "bus_lcPushy": 0.4, "bus_lcSublane": 0.9, "bus_max_v": 20.1, "bus_tau_mean": 2.5, "bus_tau_std": 5.6, "car_acc": 2.0, "car_dcc": 1.7, "car_lcAssertive": 26.7, "car_lcCooperative": 0.4, "car_lcLookaheadLeft": 58.0, "car_lcPushy": 0.6, "car_lcSublane": 0.1, "car_max_v": 14.9, "car_tau_mean": 2.0, "car_tau_std": 10.6}, "datetime": {"datetime": "2024-08-03 11:12:20", "elapsed": 54.635109, "delta": 2.129715}}
{"target": -0.23601412455214518, "params": {"bus_acc": 1.0, "bus_dcc": 1.7, "bus_lcAssertive": 29.0, "bus_lcCooperative": 0.2, "bus_lcLookaheadLeft": 3.8, "bus_lcPushy": 0.5, "bus_lcSublane": 0.6, "bus_max_v": 22.7, "bus_tau_mean": 1.7, "bus_tau_std": 8.9, "car_acc": 1.5, "car_dcc": 1.6, "car_lcAssertive": 10.1, "car_lcCooperative": 0.6, "car_lcLookaheadLeft": 45.4, "car_lcPushy": 0.9, "car_lcSublane": 0.7, "car_max_v": 26.1, "car_tau_mean": 1.5, "car_tau_std": 10.5}, "datetime": {"datetime": "2024-08-03 11:12:22", "elapsed": 56.250562, "delta": 1.615453}}
{"target": -0.11414943147036995, "params": {"bus_acc": 2.0, "bus_dcc": 2.7, "bus_lcAssertive": 96.4, "bus_lcCooperative": 0.6, "bus_lcLookaheadLeft": 81.4, "bus_lcPushy": 0.7, "bus_lcSublane": 1.0, "bus_max_v": 10.2, "bus_tau_mean": 0.7, "bus_tau_std": 1.6, "car_acc": 2.4, "car_dcc": 4.4, "car_lcAssertive": 40.8, "car_lcCooperative": 0.3, "car_lcLookaheadLeft": 47.9, "car_lcPushy": 0.0, "car_lcSublane": 0.1, "car_max_v": 24.7, "car_tau_mean": 0.9, "car_tau_std": 2.0}, "datetime": {"datetime": "2024-08-03 11:12:23", "elapsed": 57.92823, "delta": 1.677668}}
{"target": -0.1077722854828929, "params": {"bus_acc": 2.0, "bus_dcc": 3.3, "bus_lcAssertive": 28.8, "bus_lcCooperative": 0.8, "bus_lcLookaheadLeft": 12.2, "bus_lcPushy": 0.5, "bus_lcSublane": 0.9, "bus_max_v": 13.9, "bus_tau_mean": 1.3, "bus_tau_std": 2.0, "car_acc": 1.1, "car_dcc": 3.8, "car_lcAssertive": 22.0, "car_lcCooperative": 0.3, "car_lcLookaheadLeft": 50.2, "car_lcPushy": 0.1, "car_lcSublane": 0.6, "car_max_v": 13.4, "car_tau_mean": 2.0, "car_tau_std": 10.5}, "datetime": {"datetime": "2024-08-03 11:12:25", "elapsed": 59.257134, "delta": 1.328904}}
{"target": -0.08080036522512601, "params": {"bus_acc": 1.6, "bus_dcc": 2.5, "bus_lcAssertive": 91.1, "bus_lcCooperative": 0.5, "bus_lcLookaheadLeft": 89.5, "bus_lcPushy": 0.5, "bus_lcSublane": 0.4, "bus_max_v": 22.5, "bus_tau_mean": 1.7, "bus_tau_std": 11.0, "car_acc": 3.0, "car_dcc": 2.4, "car_lcAssertive": 93.9, "car_lcCooperative": 0.7, "car_lcLookaheadLeft": 7.5, "car_lcPushy": 0.6, "car_lcSublane": 0.6, "car_max_v": 29.7, "car_tau_mean": 1.8, "car_tau_std": 2.6}, "datetime": {"datetime": "2024-08-03 11:12:25", "elapsed": 59.985995, "delta": 0.728861}}
{"target": -0.09189381091991011, "params": {"bus_acc": 1.3, "bus_dcc": 2.4, "bus_lcAssertive": 40.0, "bus_lcCooperative": 0.6, "bus_lcLookaheadLeft": 81.9, "bus_lcPushy": 0.7, "bus_lcSublane": 0.2, "bus_max_v": 18.8, "bus_tau_mean": 1.5, "bus_tau_std": 6.9, "car_acc": 1.8, "car_dcc": 1.4, "car_lcAssertive": 89.5, "car_lcCooperative": 0.4, "car_lcLookaheadLeft": 42.9, "car_lcPushy": 1.0, "car_lcSublane": 0.4, "car_max_v": 10.9, "car_tau_mean": 1.1, "car_tau_std": 9.6}, "datetime": {"datetime": "2024-08-03 11:12:26", "elapsed": 60.612765, "delta": 0.62677}}
{"target": -0.09582798804652841, "params": {"bus_acc": 1.7, "bus_dcc": 2.4, "bus_lcAssertive": 89.9, "bus_lcCooperative": 0.9, "bus_lcLookaheadLeft": 20.0, "bus_lcPushy": 0.5, "bus_lcSublane": 0.9, "bus_max_v": 18.4, "bus_tau_mean": 2.6, "bus_tau_std": 9.2, "car_acc": 2.0, "car_dcc": 2.3, "car_lcAssertive": 57.2, "car_lcCooperative": 1.0, "car_lcLookaheadLeft": 97.9, "car_lcPushy": 0.5, "car_lcSublane": 0.1, "car_max_v": 19.6, "car_tau_mean": 0.7, "car_tau_std": 7.3}, "datetime": {"datetime": "2024-08-03 11:12:26", "elapsed": 61.067824, "delta": 0.455059}}
{"target": -0.11269454963536989, "params": {"bus_acc": 1.6, "bus_dcc": 3.0, "bus_lcAssertive": 78.4, "bus_lcCooperative": 0.4, "bus_lcLookaheadLeft": 87.2, "bus_lcPushy": 0.6, "bus_lcSublane": 0.7, "bus_max_v": 17.5, "bus_tau_mean": 1.8, "bus_tau_std": 8.0, "car_acc": 2.0, "car_dcc": 3.1, "car_lcAssertive": 63.9, "car_lcCooperative": 0.3, "car_lcLookaheadLeft": 96.1, "car_lcPushy": 0.7, "car_lcSublane": 0.3, "car_max_v": 18.4, "car_tau_mean": 1.7, "car_tau_std": 12.9}, "datetime": {"datetime": "2024-08-03 11:12:29", "elapsed": 63.754116, "delta": 2.686292}}
