{"target": -0.31743599414983376, "params": {"bus_acc": 1.2007, "bus_dcc": 2.2161, "bus_lcAssertive": 4.9127, "bus_lcCooperative": 0.1024, "bus_lcLookaheadLeft": 64.1034, "bus_lcPushy": 0.7381, "bus_lcSigma": 0.2336, "bus_lcSublane": 0.0737, "bus_sigma": 0.2581, "bus_tau_mean": 0.5274, "bus_tau_std": 5.4561, "bus_v_mean": 13.4864, "bus_v_std": 1.3608, "car_acc": 2.4173, "car_dcc": 2.0155, "car_lcAssertive": 46.3659, "car_lcCooperative": 0.9361, "car_lcLookaheadLeft": 27.7988, "car_lcPushy": 0.6956, "car_lcSigma": 0.92, "car_lcSublane": 0.2992, "car_sigma": 0.0794, "car_tau_mean": 2.8369, "car_tau_std": 5.9607, "car_v_mean": 9.6365, "car_v_std": 1.0459}, "datetime": {"datetime": "2024-08-07 10:29:26", "elapsed": 3669.155992, "delta": 2.116319}}
{"target": -0.31373773053524695, "params": {"bus_acc": 1.7194, "bus_dcc": 2.1371, "bus_lcAssertive": 80.1574, "bus_lcCooperative": 0.804, "bus_lcLookaheadLeft": 7.6488, "bus_lcPushy": 0.3921, "bus_lcSigma": 0.1205, "bus_lcSublane": 0.7191, "bus_sigma": 0.4129, "bus_tau_mean": 3.9163, "bus_tau_std": 1.5923, "bus_v_mean": 9.5918, "bus_v_std": 3.9068, "car_acc": 2.0545, "car_dcc": 1.3132, "car_lcAssertive": 73.7799, "car_lcCooperative": 0.2391, "car_lcLookaheadLeft": 61.9623, "car_lcPushy": 0.9515, "car_lcSigma": 0.9149, "car_lcSublane": 0.2171, "car_sigma": 0.7538, "car_tau_mean": 2.1442, "car_tau_std": 6.3661, "car_v_mean": 14.9071, "car_v_std": 2.6281}, "datetime": {"datetime": "2024-08-07 10:29:41", "elapsed": 3683.662818, "delta": 14.506826}}
{"target": -0.34965827398642746, "params": {"bus_acc": 2.7682, "bus_dcc": 2.2121, "bus_lcAssertive": 60.3882, "bus_lcCooperative": 0.1779, "bus_lcLookaheadLeft": 21.0521, "bus_lcPushy": 0.0366, "bus_lcSigma": 0.2079, "bus_lcSublane": 0.873, "bus_sigma": 0.288, "bus_tau_mean": 1.0902, "bus_tau_std": 0.6796, "bus_v_mean": 20.6552, "bus_v_std": 7.2152, "car_acc": 2.2483, "car_dcc": 3.1917, "car_lcAssertive": 58.5248, "car_lcCooperative": 0.2014, "car_lcLookaheadLeft": 48.6149, "car_lcPushy": 0.0086, "car_lcSigma": 0.0622, "car_lcSublane": 0.3327, "car_sigma": 0.3901, "car_tau_mean": 3.5666, "car_tau_std": 7.2835, "car_v_mean": 10.0919, "car_v_std": 3.9045}, "datetime": {"datetime": "2024-08-07 10:30:20", "elapsed": 3723.156383, "delta": 39.493565}}
{"target": -0.3444642024714681, "params": {"bus_acc": 2.7375, "bus_dcc": 3.6632, "bus_lcAssertive": 28.8604, "bus_lcCooperative": 0.0161, "bus_lcLookaheadLeft": 19.1268, "bus_lcPushy": 0.4824, "bus_lcSigma": 0.842, "bus_lcSublane": 0.0683, "bus_sigma": 0.7703, "bus_tau_mean": 1.9423, "bus_tau_std": 6.3287, "bus_v_mean": 22.1742, "bus_v_std": 2.7297, "car_acc": 1.1031, "car_dcc": 1.2578, "car_lcAssertive": 68.206, "car_lcCooperative": 0.3507, "car_lcLookaheadLeft": 93.4892, "car_lcPushy": 0.7281, "car_lcSigma": 0.0815, "car_lcSublane": 0.8338, "car_sigma": 0.3176, "car_tau_mean": 1.8052, "car_tau_std": 5.7038, "car_v_mean": 22.3254, "car_v_std": 3.9952}, "datetime": {"datetime": "2024-08-07 10:30:28", "elapsed": 3731.107948, "delta": 7.951565}}
{"target": -0.3787925311227658, "params": {"bus_acc": 2.5809, "bus_dcc": 3.7405, "bus_lcAssertive": 19.7817, "bus_lcCooperative": 0.3846, "bus_lcLookaheadLeft": 96.6845, "bus_lcPushy": 0.8694, "bus_lcSigma": 0.4344, "bus_lcSublane": 0.2443, "bus_sigma": 0.4364, "bus_tau_mean": 3.0515, "bus_tau_std": 1.6091, "bus_v_mean": 17.9765, "bus_v_std": 7.9907, "car_acc": 1.517, "car_dcc": 3.7295, "car_lcAssertive": 62.2873, "car_lcCooperative": 0.2907, "car_lcLookaheadLeft": 8.1348, "car_lcPushy": 0.6842, "car_lcSigma": 0.698, "car_lcSublane": 0.3617, "car_sigma": 0.7048, "car_tau_mean": 1.4332, "car_tau_std": 4.6392, "car_v_mean": 8.0555, "car_v_std": 8.8758}, "datetime": {"datetime": "2024-08-07 10:30:48", "elapsed": 3750.910853, "delta": 19.802905}}
{"target": -0.342536872817916, "params": {"bus_acc": 2.6982, "bus_dcc": 3.9068, "bus_lcAssertive": 15.94, "bus_lcCooperative": 0.0334, "bus_lcLookaheadLeft": 19.4347, "bus_lcPushy": 0.7907, "bus_lcSigma": 0.8869, "bus_lcSublane": 0.6117, "bus_sigma": 0.6115, "bus_tau_mean": 3.0644, "bus_tau_std": 7.2898, "bus_v_mean": 14.0138, "bus_v_std": 3.873, "car_acc": 2.7215, "car_dcc": 3.4172, "car_lcAssertive": 80.0787, "car_lcCooperative": 0.8034, "car_lcLookaheadLeft": 55.7008, "car_lcPushy": 0.5145, "car_lcSigma": 0.3108, "car_lcSublane": 0.877, "car_sigma": 0.2107, "car_tau_mean": 3.7293, "car_tau_std": 5.266, "car_v_mean": 11.2089, "car_v_std": 8.4063}, "datetime": {"datetime": "2024-08-07 10:31:10", "elapsed": 3773.124194, "delta": 22.213341}}
{"target": -0.31548826692342835, "params": {"bus_acc": 2.435, "bus_dcc": 3.1811, "bus_lcAssertive": 39.3404, "bus_lcCooperative": 0.5507, "bus_lcLookaheadLeft": 71.7809, "bus_lcPushy": 0.6784, "bus_lcSigma": 0.2813, "bus_lcSublane": 0.448, "bus_sigma": 0.0521, "bus_tau_mean": 1.1488, "bus_tau_std": 9.3307, "bus_v_mean": 10.4859, "bus_v_std": 6.565, "car_acc": 1.2951, "car_dcc": 1.0708, "car_lcAssertive": 87.8058, "car_lcCooperative": 0.6161, "car_lcLookaheadLeft": 51.5737, "car_lcPushy": 0.6902, "car_lcSigma": 0.7722, "car_lcSublane": 0.7135, "car_sigma": 0.7124, "car_tau_mean": 3.3567, "car_tau_std": 1.2427, "car_v_mean": 11.5578, "car_v_std": 3.0005}, "datetime": {"datetime": "2024-08-07 10:31:13", "elapsed": 3775.50235, "delta": 2.378156}}
{"target": -0.3026576936262866, "params": {"bus_acc": 1.054, "bus_dcc": 3.3713, "bus_lcAssertive": 25.046, "bus_lcCooperative": 0.6875, "bus_lcLookaheadLeft": 53.0506, "bus_lcPushy": 0.0293, "bus_lcSigma": 0.3878, "bus_lcSublane": 0.4627, "bus_sigma": 0.8408, "bus_tau_mean": 1.3215, "bus_tau_std": 2.1255, "bus_v_mean": 12.1904, "bus_v_std": 8.7863, "car_acc": 2.3338, "car_dcc": 1.0752, "car_lcAssertive": 61.2376, "car_lcCooperative": 0.1169, "car_lcLookaheadLeft": 78.5763, "car_lcPushy": 0.1057, "car_lcSigma": 0.1684, "car_lcSublane": 0.1528, "car_sigma": 0.8237, "car_tau_mean": 3.4158, "car_tau_std": 3.3063, "car_v_mean": 20.4763, "car_v_std": 6.7958}, "datetime": {"datetime": "2024-08-07 10:31:26", "elapsed": 3789.037584, "delta": 13.535234}}
{"target": -0.3365490246814973, "params": {"bus_acc": 2.3854, "bus_dcc": 3.3258, "bus_lcAssertive": 89.8817, "bus_lcCooperative": 0.5537, "bus_lcLookaheadLeft": 84.9546, "bus_lcPushy": 0.407, "bus_lcSigma": 0.524, "bus_lcSublane": 0.7473, "bus_sigma": 0.8377, "bus_tau_mean": 0.6923, "bus_tau_std": 9.5072, "bus_v_mean": 9.6909, "bus_v_std": 8.9311, "car_acc": 1.6547, "car_dcc": 2.0768, "car_lcAssertive": 79.8094, "car_lcCooperative": 0.3328, "car_lcLookaheadLeft": 43.2017, "car_lcPushy": 0.5184, "car_lcSigma": 0.7114, "car_lcSublane": 0.2463, "car_sigma": 0.7473, "car_tau_mean": 1.0513, "car_tau_std": 1.5652, "car_v_mean": 15.7577, "car_v_std": 6.782}, "datetime": {"datetime": "2024-08-07 10:32:08", "elapsed": 3830.641621, "delta": 41.604037}}
{"target": -0.33045774418057755, "params": {"bus_acc": 2.8262, "bus_dcc": 2.2093, "bus_lcAssertive": 69.3297, "bus_lcCooperative": 0.5854, "bus_lcLookaheadLeft": 63.2083, "bus_lcPushy": 0.0482, "bus_lcSigma": 0.2298, "bus_lcSublane": 0.4021, "bus_sigma": 0.461, "bus_tau_mean": 3.5688, "bus_tau_std": 6.3993, "bus_v_mean": 9.3704, "bus_v_std": 6.2074, "car_acc": 1.3403, "car_dcc": 3.5985, "car_lcAssertive": 14.5206, "car_lcCooperative": 0.9916, "car_lcLookaheadLeft": 42.9167, "car_lcPushy": 0.4242, "car_lcSigma": 0.1287, "car_lcSublane": 0.3648, "car_sigma": 0.1147, "car_tau_mean": 0.8156, "car_tau_std": 3.9096, "car_v_mean": 8.4527, "car_v_std": 7.8745}, "datetime": {"datetime": "2024-08-07 10:32:49", "elapsed": 3871.90739, "delta": 41.265769}}
{"target": -0.26926684076895735, "params": {"bus_acc": 2.1924, "bus_dcc": 2.9239, "bus_lcAssertive": 95.5798, "bus_lcCooperative": 0.5528, "bus_lcLookaheadLeft": 37.0365, "bus_lcPushy": 0.5755, "bus_lcSigma": 0.52, "bus_lcSublane": 0.4845, "bus_sigma": 0.7759, "bus_tau_mean": 1.3601, "bus_tau_std": 1.4597, "bus_v_mean": 19.4134, "bus_v_std": 5.8361, "car_acc": 2.9468, "car_dcc": 1.9345, "car_lcAssertive": 97.6596, "car_lcCooperative": 0.1608, "car_lcLookaheadLeft": 67.2482, "car_lcPushy": 0.3286, "car_lcSigma": 0.959, "car_lcSublane": 0.5374, "car_sigma": 0.0979, "car_tau_mean": 2.9512, "car_tau_std": 5.209, "car_v_mean": 8.0576, "car_v_std": 0.4514}, "datetime": {"datetime": "2024-08-07 10:32:54", "elapsed": 3877.45379, "delta": 5.5464}}
{"target": -0.34644087503394716, "params": {"bus_acc": 1.3309, "bus_dcc": 1.0204, "bus_lcAssertive": 11.2961, "bus_lcCooperative": 0.5739, "bus_lcLookaheadLeft": 67.6114, "bus_lcPushy": 0.493, "bus_lcSigma": 0.4115, "bus_lcSublane": 0.5555, "bus_sigma": 0.1521, "bus_tau_mean": 2.9101, "bus_tau_std": 7.0135, "bus_v_mean": 8.8781, "bus_v_std": 3.9014, "car_acc": 2.6896, "car_dcc": 1.9573, "car_lcAssertive": 7.9996, "car_lcCooperative": 0.2353, "car_lcLookaheadLeft": 30.0159, "car_lcPushy": 0.1511, "car_lcSigma": 0.6356, "car_lcSublane": 0.8455, "car_sigma": 0.9309, "car_tau_mean": 1.9339, "car_tau_std": 2.5827, "car_v_mean": 11.4039, "car_v_std": 4.1031}, "datetime": {"datetime": "2024-08-07 10:32:58", "elapsed": 3880.848287, "delta": 3.394497}}
{"target": -0.3413967878366778, "params": {"bus_acc": 2.7775, "bus_dcc": 3.2267, "bus_lcAssertive": 6.3991, "bus_lcCooperative": 0.6005, "bus_lcLookaheadLeft": 86.4341, "bus_lcPushy": 0.2567, "bus_lcSigma": 0.4112, "bus_lcSublane": 0.5867, "bus_sigma": 0.2111, "bus_tau_mean": 0.9251, "bus_tau_std": 2.9672, "bus_v_mean": 18.1231, "bus_v_std": 6.918, "car_acc": 1.7005, "car_dcc": 3.9298, "car_lcAssertive": 23.1354, "car_lcCooperative": 0.7845, "car_lcLookaheadLeft": 27.3874, "car_lcPushy": 0.254, "car_lcSigma": 0.8934, "car_lcSublane": 0.3931, "car_sigma": 0.3022, "car_tau_mean": 3.1444, "car_tau_std": 0.2708, "car_v_mean": 16.0758, "car_v_std": 6.1719}, "datetime": {"datetime": "2024-08-07 10:34:03", "elapsed": 3946.101812, "delta": 65.253525}}
{"target": -0.3717879999566073, "params": {"bus_acc": 1.4447, "bus_dcc": 3.1076, "bus_lcAssertive": 4.8932, "bus_lcCooperative": 0.8803, "bus_lcLookaheadLeft": 2.175, "bus_lcPushy": 0.0879, "bus_lcSigma": 0.0447, "bus_lcSublane": 0.6564, "bus_sigma": 0.3199, "bus_tau_mean": 3.4506, "bus_tau_std": 3.9868, "bus_v_mean": 15.1567, "bus_v_std": 2.9249, "car_acc": 2.0383, "car_dcc": 2.4535, "car_lcAssertive": 18.8065, "car_lcCooperative": 0.3163, "car_lcLookaheadLeft": 35.5122, "car_lcPushy": 0.5563, "car_lcSigma": 0.5078, "car_lcSublane": 0.9658, "car_sigma": 0.2975, "car_tau_mean": 1.2515, "car_tau_std": 7.1213, "car_v_mean": 22.4873, "car_v_std": 6.5161}, "datetime": {"datetime": "2024-08-07 10:34:10", "elapsed": 3953.372027, "delta": 7.270215}}
{"target": -0.3338154220230079, "params": {"bus_acc": 2.7034, "bus_dcc": 2.5893, "bus_lcAssertive": 93.6076, "bus_lcCooperative": 0.778, "bus_lcLookaheadLeft": 77.7242, "bus_lcPushy": 0.3578, "bus_lcSigma": 0.3201, "bus_lcSublane": 0.4746, "bus_sigma": 0.8908, "bus_tau_mean": 1.6732, "bus_tau_std": 9.4003, "bus_v_mean": 8.8131, "bus_v_std": 8.4534, "car_acc": 1.4791, "car_dcc": 1.3708, "car_lcAssertive": 84.6001, "car_lcCooperative": 0.9252, "car_lcLookaheadLeft": 67.9213, "car_lcPushy": 0.3274, "car_lcSigma": 0.154, "car_lcSublane": 0.6993, "car_sigma": 0.9218, "car_tau_mean": 3.2143, "car_tau_std": 4.6874, "car_v_mean": 13.6556, "car_v_std": 6.936}, "datetime": {"datetime": "2024-08-07 10:34:25", "elapsed": 3967.573391, "delta": 14.201364}}
{"target": -0.34512378522636433, "params": {"bus_acc": 2.0977, "bus_dcc": 1.8171, "bus_lcAssertive": 67.7988, "bus_lcCooperative": 0.5574, "bus_lcLookaheadLeft": 82.1067, "bus_lcPushy": 0.6495, "bus_lcSigma": 0.0026, "bus_lcSublane": 0.9141, "bus_sigma": 0.7268, "bus_tau_mean": 0.7653, "bus_tau_std": 9.3297, "bus_v_mean": 9.2562, "bus_v_std": 5.0497, "car_acc": 2.682, "car_dcc": 1.1015, "car_lcAssertive": 34.3712, "car_lcCooperative": 0.9474, "car_lcLookaheadLeft": 40.3028, "car_lcPushy": 0.0958, "car_lcSigma": 0.0214, "car_lcSublane": 0.4465, "car_sigma": 0.1442, "car_tau_mean": 3.0728, "car_tau_std": 9.6841, "car_v_mean": 11.7963, "car_v_std": 8.8136}, "datetime": {"datetime": "2024-08-07 10:35:18", "elapsed": 4020.748184, "delta": 53.174793}}
{"target": -0.36626153083425267, "params": {"bus_acc": 1.4271, "bus_dcc": 1.2549, "bus_lcAssertive": 21.1919, "bus_lcCooperative": 0.4278, "bus_lcLookaheadLeft": 51.7442, "bus_lcPushy": 0.9012, "bus_lcSigma": 0.1929, "bus_lcSublane": 0.7444, "bus_sigma": 0.1185, "bus_tau_mean": 2.1237, "bus_tau_std": 7.8412, "bus_v_mean": 21.9212, "bus_v_std": 5.1095, "car_acc": 1.6207, "car_dcc": 3.5444, "car_lcAssertive": 33.946, "car_lcCooperative": 0.6461, "car_lcLookaheadLeft": 94.414, "car_lcPushy": 0.0664, "car_lcSigma": 0.4655, "car_lcSublane": 0.4651, "car_sigma": 0.3619, "car_tau_mean": 0.7082, "car_tau_std": 2.8243, "car_v_mean": 23.1961, "car_v_std": 3.6315}, "datetime": {"datetime": "2024-08-07 10:35:44", "elapsed": 4046.665838, "delta": 25.917654}}
{"target": -0.3593272616669986, "params": {"bus_acc": 2.7458, "bus_dcc": 2.3876, "bus_lcAssertive": 81.2787, "bus_lcCooperative": 0.0284, "bus_lcLookaheadLeft": 20.908, "bus_lcPushy": 0.0717, "bus_lcSigma": 0.9591, "bus_lcSublane": 0.9954, "bus_sigma": 0.3498, "bus_tau_mean": 2.9298, "bus_tau_std": 2.8989, "bus_v_mean": 9.5077, "bus_v_std": 9.8134, "car_acc": 1.5089, "car_dcc": 3.9873, "car_lcAssertive": 16.9015, "car_lcCooperative": 0.9518, "car_lcLookaheadLeft": 24.1229, "car_lcPushy": 0.4847, "car_lcSigma": 0.9849, "car_lcSublane": 0.8889, "car_sigma": 0.3066, "car_tau_mean": 3.8126, "car_tau_std": 1.3246, "car_v_mean": 23.8351, "car_v_std": 4.1237}, "datetime": {"datetime": "2024-08-07 10:35:47", "elapsed": 4049.909968, "delta": 3.24413}}
{"target": -0.32223117946121177, "params": {"bus_acc": 1.2796, "bus_dcc": 2.4553, "bus_lcAssertive": 53.7731, "bus_lcCooperative": 0.7305, "bus_lcLookaheadLeft": 79.8139, "bus_lcPushy": 0.0895, "bus_lcSigma": 0.2118, "bus_lcSublane": 0.0615, "bus_sigma": 0.9481, "bus_tau_mean": 2.5693, "bus_tau_std": 1.7061, "bus_v_mean": 20.1853, "bus_v_std": 9.8179, "car_acc": 1.3398, "car_dcc": 2.2074, "car_lcAssertive": 10.5406, "car_lcCooperative": 0.2345, "car_lcLookaheadLeft": 88.1039, "car_lcPushy": 0.1214, "car_lcSigma": 0.991, "car_lcSublane": 0.4511, "car_sigma": 0.7412, "car_tau_mean": 0.5307, "car_tau_std": 4.4578, "car_v_mean": 11.6735, "car_v_std": 7.9941}, "datetime": {"datetime": "2024-08-07 10:36:05", "elapsed": 4068.458686, "delta": 18.548718}}
{"target": -0.3572717321137996, "params": {"bus_acc": 2.8188, "bus_dcc": 1.4635, "bus_lcAssertive": 78.0416, "bus_lcCooperative": 0.6552, "bus_lcLookaheadLeft": 83.4543, "bus_lcPushy": 0.809, "bus_lcSigma": 0.7763, "bus_lcSublane": 0.8083, "bus_sigma": 0.9892, "bus_tau_mean": 3.318, "bus_tau_std": 7.997, "bus_v_mean": 17.1032, "bus_v_std": 4.2863, "car_acc": 1.4736, "car_dcc": 2.0992, "car_lcAssertive": 91.963, "car_lcCooperative": 0.7681, "car_lcLookaheadLeft": 58.6586, "car_lcPushy": 0.3061, "car_lcSigma": 0.8052, "car_lcSublane": 0.8499, "car_sigma": 0.1721, "car_tau_mean": 0.8051, "car_tau_std": 7.2693, "car_v_mean": 8.5862, "car_v_std": 4.1776}, "datetime": {"datetime": "2024-08-07 10:36:37", "elapsed": 4100.145212, "delta": 31.686526}}
{"target": -0.3599797795754491, "params": {"bus_acc": 2.589, "bus_dcc": 2.4127, "bus_lcAssertive": 15.0774, "bus_lcCooperative": 0.2759, "bus_lcLookaheadLeft": 17.8986, "bus_lcPushy": 0.7881, "bus_lcSigma": 0.2118, "bus_lcSublane": 0.3765, "bus_sigma": 0.6715, "bus_tau_mean": 2.3229, "bus_tau_std": 0.6354, "bus_v_mean": 8.443, "bus_v_std": 8.8917, "car_acc": 1.3079, "car_dcc": 3.0382, "car_lcAssertive": 29.425, "car_lcCooperative": 0.3067, "car_lcLookaheadLeft": 22.7653, "car_lcPushy": 0.5651, "car_lcSigma": 0.2574, "car_lcSublane": 0.5888, "car_sigma": 0.9305, "car_tau_mean": 0.7232, "car_tau_std": 6.002, "car_v_mean": 17.482, "car_v_std": 7.5331}, "datetime": {"datetime": "2024-08-07 10:36:48", "elapsed": 4110.758937, "delta": 10.613725}}
{"target": -0.3510390294025645, "params": {"bus_acc": 2.2965, "bus_dcc": 1.6521, "bus_lcAssertive": 94.0418, "bus_lcCooperative": 0.0277, "bus_lcLookaheadLeft": 40.5723, "bus_lcPushy": 0.3633, "bus_lcSigma": 0.245, "bus_lcSublane": 0.2517, "bus_sigma": 0.6968, "bus_tau_mean": 3.0073, "bus_tau_std": 3.6005, "bus_v_mean": 17.8878, "bus_v_std": 1.3564, "car_acc": 2.391, "car_dcc": 3.3941, "car_lcAssertive": 31.7691, "car_lcCooperative": 0.5454, "car_lcLookaheadLeft": 29.8577, "car_lcPushy": 0.3637, "car_lcSigma": 0.0766, "car_lcSublane": 0.8809, "car_sigma": 0.0557, "car_tau_mean": 3.5747, "car_tau_std": 9.3866, "car_v_mean": 19.8628, "car_v_std": 9.5264}, "datetime": {"datetime": "2024-08-07 10:36:50", "elapsed": 4113.280328, "delta": 2.521391}}
{"target": -0.36055927433148477, "params": {"bus_acc": 1.7823, "bus_dcc": 1.5331, "bus_lcAssertive": 10.9484, "bus_lcCooperative": 0.019, "bus_lcLookaheadLeft": 89.1603, "bus_lcPushy": 0.5322, "bus_lcSigma": 0.6538, "bus_lcSublane": 0.6689, "bus_sigma": 0.3354, "bus_tau_mean": 0.983, "bus_tau_std": 6.5771, "bus_v_mean": 18.1942, "bus_v_std": 3.3449, "car_acc": 1.8003, "car_dcc": 3.9771, "car_lcAssertive": 97.0288, "car_lcCooperative": 0.5871, "car_lcLookaheadLeft": 98.1675, "car_lcPushy": 0.9545, "car_lcSigma": 0.216, "car_lcSublane": 0.7233, "car_sigma": 0.4798, "car_tau_mean": 3.0704, "car_tau_std": 2.4467, "car_v_mean": 19.4148, "car_v_std": 5.3196}, "datetime": {"datetime": "2024-08-07 10:37:10", "elapsed": 4132.847793, "delta": 19.567465}}
{"target": -0.32885879319704936, "params": {"bus_acc": 2.7606, "bus_dcc": 1.5216, "bus_lcAssertive": 36.0758, "bus_lcCooperative": 0.1002, "bus_lcLookaheadLeft": 71.7328, "bus_lcPushy": 0.8284, "bus_lcSigma": 0.8857, "bus_lcSublane": 0.0036, "bus_sigma": 0.3746, "bus_tau_mean": 2.9999, "bus_tau_std": 4.7384, "bus_v_mean": 8.9346, "bus_v_std": 0.9501, "car_acc": 1.4174, "car_dcc": 3.1941, "car_lcAssertive": 13.7111, "car_lcCooperative": 0.5196, "car_lcLookaheadLeft": 11.7801, "car_lcPushy": 0.7464, "car_lcSigma": 0.8281, "car_lcSublane": 0.1275, "car_sigma": 0.1526, "car_tau_mean": 3.2731, "car_tau_std": 0.7212, "car_v_mean": 14.6859, "car_v_std": 3.4609}, "datetime": {"datetime": "2024-08-07 10:37:26", "elapsed": 4148.879992, "delta": 16.032199}}
{"target": -0.318146981136909, "params": {"bus_acc": 1.8262, "bus_dcc": 1.3509, "bus_lcAssertive": 5.5775, "bus_lcCooperative": 0.8211, "bus_lcLookaheadLeft": 22.8315, "bus_lcPushy": 0.6454, "bus_lcSigma": 0.2513, "bus_lcSublane": 0.7432, "bus_sigma": 0.9664, "bus_tau_mean": 0.6195, "bus_tau_std": 7.1422, "bus_v_mean": 17.2373, "bus_v_std": 4.583, "car_acc": 1.4509, "car_dcc": 1.2398, "car_lcAssertive": 7.4958, "car_lcCooperative": 0.4244, "car_lcLookaheadLeft": 8.9745, "car_lcPushy": 0.8182, "car_lcSigma": 0.5607, "car_lcSublane": 0.8943, "car_sigma": 0.1669, "car_tau_mean": 1.1715, "car_tau_std": 1.8895, "car_v_mean": 20.2391, "car_v_std": 7.3737}, "datetime": {"datetime": "2024-08-07 10:37:43", "elapsed": 4165.865479, "delta": 16.985487}}
{"target": -0.34420228783072926, "params": {"bus_acc": 1.4166, "bus_dcc": 1.1585, "bus_lcAssertive": 32.4668, "bus_lcCooperative": 0.1646, "bus_lcLookaheadLeft": 41.5404, "bus_lcPushy": 0.761, "bus_lcSigma": 0.6223, "bus_lcSublane": 0.2839, "bus_sigma": 0.7542, "bus_tau_mean": 2.3779, "bus_tau_std": 4.7447, "bus_v_mean": 12.0929, "bus_v_std": 2.2854, "car_acc": 1.9831, "car_dcc": 2.6985, "car_lcAssertive": 21.0757, "car_lcCooperative": 0.4039, "car_lcLookaheadLeft": 30.2942, "car_lcPushy": 0.0385, "car_lcSigma": 0.623, "car_lcSublane": 0.1787, "car_sigma": 0.5385, "car_tau_mean": 3.313, "car_tau_std": 1.0919, "car_v_mean": 14.0334, "car_v_std": 6.0768}, "datetime": {"datetime": "2024-08-07 10:37:55", "elapsed": 4177.853395, "delta": 11.987916}}
{"target": -0.3653422037823193, "params": {"bus_acc": 2.9861, "bus_dcc": 1.8658, "bus_lcAssertive": 3.1707, "bus_lcCooperative": 0.1352, "bus_lcLookaheadLeft": 34.0945, "bus_lcPushy": 0.9729, "bus_lcSigma": 0.7283, "bus_lcSublane": 0.7924, "bus_sigma": 0.4892, "bus_tau_mean": 3.6083, "bus_tau_std": 6.9874, "bus_v_mean": 10.4283, "bus_v_std": 0.0194, "car_acc": 2.1779, "car_dcc": 1.9968, "car_lcAssertive": 28.0656, "car_lcCooperative": 0.3969, "car_lcLookaheadLeft": 49.7087, "car_lcPushy": 0.6705, "car_lcSigma": 0.0339, "car_lcSublane": 0.4076, "car_sigma": 0.2513, "car_tau_mean": 1.1611, "car_tau_std": 7.1349, "car_v_mean": 8.615, "car_v_std": 4.6984}, "datetime": {"datetime": "2024-08-07 10:37:57", "elapsed": 4180.36289, "delta": 2.509495}}
{"target": -0.2753992525213321, "params": {"bus_acc": 1.577, "bus_dcc": 1.9843, "bus_lcAssertive": 53.6266, "bus_lcCooperative": 0.3621, "bus_lcLookaheadLeft": 34.0537, "bus_lcPushy": 0.5327, "bus_lcSigma": 0.3935, "bus_lcSublane": 0.1965, "bus_sigma": 0.1583, "bus_tau_mean": 0.7858, "bus_tau_std": 2.9153, "bus_v_mean": 9.1791, "bus_v_std": 5.5149, "car_acc": 1.3413, "car_dcc": 1.2226, "car_lcAssertive": 15.8163, "car_lcCooperative": 0.456, "car_lcLookaheadLeft": 6.5327, "car_lcPushy": 0.0648, "car_lcSigma": 0.5056, "car_lcSublane": 0.5072, "car_sigma": 0.744, "car_tau_mean": 2.8207, "car_tau_std": 6.0474, "car_v_mean": 8.8918, "car_v_std": 9.3623}, "datetime": {"datetime": "2024-08-07 10:38:04", "elapsed": 4187.229403, "delta": 6.866513}}
{"target": -0.44980682175334263, "params": {"bus_acc": 2.4416, "bus_dcc": 1.5061, "bus_lcAssertive": 46.5094, "bus_lcCooperative": 0.1903, "bus_lcLookaheadLeft": 20.7112, "bus_lcPushy": 0.5182, "bus_lcSigma": 0.7127, "bus_lcSublane": 0.0471, "bus_sigma": 0.9881, "bus_tau_mean": 0.9712, "bus_tau_std": 2.8161, "bus_v_mean": 23.2495, "bus_v_std": 1.1988, "car_acc": 2.6791, "car_dcc": 2.6842, "car_lcAssertive": 69.9661, "car_lcCooperative": 0.5859, "car_lcLookaheadLeft": 57.53, "car_lcPushy": 0.6147, "car_lcSigma": 0.2422, "car_lcSublane": 0.6913, "car_sigma": 0.3291, "car_tau_mean": 2.8213, "car_tau_std": 1.991, "car_v_mean": 17.7285, "car_v_std": 1.7175}, "datetime": {"datetime": "2024-08-07 10:38:52", "elapsed": 4234.688247, "delta": 47.458844}}
