{"target": -0.2932870601625514, "params": {"bus_acc": 3.5361, "bus_dcc": 1.1489, "bus_lcAssertive": 8.7351, "bus_lcCooperative": 0.8398, "bus_lcLookaheadLeft": 55.0901, "bus_lcPushy": 0.725, "bus_lcSigma": 0.1082, "bus_lcSpeedGainRight": 3.5067, "bus_lcSublane": 0.5743, "bus_sigma": 0.8308, "bus_tau_mean": 1.2833, "bus_tau_std": 3.5577, "bus_v_mean": 13.8446, "bus_v_std": 11.46, "car_acc": 4.381, "car_dcc": 3.8534, "car_lcAssertive": 13.2572, "car_lcCooperative": 0.2417, "car_lcLookaheadLeft": 14.2038, "car_lcPushy": 0.8691, "car_lcSigma": 0.89, "car_lcSpeedGainRight": 4.4358, "car_lcSublane": 0.0631, "car_sigma": 0.5936, "car_tau_mean": 2.5188, "car_tau_std": 9.1864, "car_v_mean": 17.9873, "car_v_std": 15.1666}, "datetime": {"datetime": "2024-08-08 17:45:05", "elapsed": 1290.893443, "delta": 0.975352}}
{"target": -0.3892162439525398, "params": {"bus_acc": 2.8006, "bus_dcc": 3.8323, "bus_lcAssertive": 34.0159, "bus_lcCooperative": 0.3363, "bus_lcLookaheadLeft": 34.9025, "bus_lcPushy": 0.9633, "bus_lcSigma": 0.1846, "bus_lcSpeedGainRight": 3.3635, "bus_lcSublane": 0.5847, "bus_sigma": 0.4225, "bus_tau_mean": 1.4287, "bus_tau_std": 6.0988, "bus_v_mean": 16.0084, "bus_v_std": 2.4077, "car_acc": 2.6455, "car_dcc": 2.7114, "car_lcAssertive": 52.1764, "car_lcCooperative": 0.5339, "car_lcLookaheadLeft": 11.9803, "car_lcPushy": 0.2887, "car_lcSigma": 0.6947, "car_lcSpeedGainRight": 2.2152, "car_lcSublane": 0.1561, "car_sigma": 0.4821, "car_tau_mean": 3.6597, "car_tau_std": 8.7434, "car_v_mean": 20.5696, "car_v_std": 3.0903}, "datetime": {"datetime": "2024-08-08 17:45:06", "elapsed": 1291.536343, "delta": 0.6429}}
{"target": -0.31745844026302317, "params": {"bus_acc": 3.2698, "bus_dcc": 2.2985, "bus_lcAssertive": 35.2551, "bus_lcCooperative": 0.9682, "bus_lcLookaheadLeft": 93.7936, "bus_lcPushy": 0.5575, "bus_lcSigma": 0.8941, "bus_lcSpeedGainRight": 0.0615, "bus_lcSublane": 0.2428, "bus_sigma": 0.0022, "bus_tau_mean": 1.1756, "bus_tau_std": 5.8423, "bus_v_mean": 23.3024, "bus_v_std": 9.0976, "car_acc": 4.7948, "car_dcc": 3.6072, "car_lcAssertive": 19.5446, "car_lcCooperative": 0.1803, "car_lcLookaheadLeft": 22.1865, "car_lcPushy": 0.4206, "car_lcSigma": 0.7587, "car_lcSpeedGainRight": 3.1593, "car_lcSublane": 0.5754, "car_sigma": 0.3307, "car_tau_mean": 3.0018, "car_tau_std": 3.1113, "car_v_mean": 15.7023, "car_v_std": 2.4709}, "datetime": {"datetime": "2024-08-08 17:45:11", "elapsed": 1296.288148, "delta": 4.751805}}
{"target": -0.3231270593631925, "params": {"bus_acc": 2.1831, "bus_dcc": 2.1844, "bus_lcAssertive": 86.9202, "bus_lcCooperative": 0.4262, "bus_lcLookaheadLeft": 82.4281, "bus_lcPushy": 0.2299, "bus_lcSigma": 0.1743, "bus_lcSpeedGainRight": 1.0136, "bus_lcSublane": 0.3753, "bus_sigma": 0.7619, "bus_tau_mean": 1.1257, "bus_tau_std": 8.1019, "bus_v_mean": 20.3239, "bus_v_std": 2.4006, "car_acc": 2.0279, "car_dcc": 1.5854, "car_lcAssertive": 37.1368, "car_lcCooperative": 0.9027, "car_lcLookaheadLeft": 61.0517, "car_lcPushy": 0.5351, "car_lcSigma": 0.2611, "car_lcSpeedGainRight": 3.1363, "car_lcSublane": 0.7099, "car_sigma": 0.25, "car_tau_mean": 3.5737, "car_tau_std": 7.9554, "car_v_mean": 15.7139, "car_v_std": 10.4956}, "datetime": {"datetime": "2024-08-08 17:45:13", "elapsed": 1298.589002, "delta": 2.300854}}
{"target": -0.30323165884063097, "params": {"bus_acc": 2.7057, "bus_dcc": 3.3817, "bus_lcAssertive": 34.5126, "bus_lcCooperative": 0.5299, "bus_lcLookaheadLeft": 87.7417, "bus_lcPushy": 0.7514, "bus_lcSigma": 0.5918, "bus_lcSpeedGainRight": 0.0889, "bus_lcSublane": 0.8152, "bus_sigma": 0.6988, "bus_tau_mean": 3.6194, "bus_tau_std": 8.8814, "bus_v_mean": 22.0239, "bus_v_std": 16.4726, "car_acc": 2.4471, "car_dcc": 2.3279, "car_lcAssertive": 23.4973, "car_lcCooperative": 0.5118, "car_lcLookaheadLeft": 2.5085, "car_lcPushy": 0.5532, "car_lcSigma": 0.4807, "car_lcSpeedGainRight": 0.3683, "car_lcSublane": 0.658, "car_sigma": 0.8772, "car_tau_mean": 1.382, "car_tau_std": 3.3091, "car_v_mean": 20.6217, "car_v_std": 6.1347}, "datetime": {"datetime": "2024-08-08 17:45:14", "elapsed": 1299.395351, "delta": 0.806349}}
{"target": -0.3019177578984671, "params": {"bus_acc": 3.9237, "bus_dcc": 2.6435, "bus_lcAssertive": 4.2671, "bus_lcCooperative": 0.4442, "bus_lcLookaheadLeft": 21.2534, "bus_lcPushy": 0.6597, "bus_lcSigma": 0.7569, "bus_lcSpeedGainRight": 3.4562, "bus_lcSublane": 0.7747, "bus_sigma": 0.2495, "bus_tau_mean": 2.9202, "bus_tau_std": 3.7281, "bus_v_mean": 12.7624, "bus_v_std": 7.3207, "car_acc": 3.0001, "car_dcc": 1.707, "car_lcAssertive": 32.1718, "car_lcCooperative": 0.3902, "car_lcLookaheadLeft": 97.5535, "car_lcPushy": 0.5709, "car_lcSigma": 0.8927, "car_lcSpeedGainRight": 2.4678, "car_lcSublane": 0.3059, "car_sigma": 0.6785, "car_tau_mean": 2.9468, "car_tau_std": 4.0132, "car_v_mean": 16.3439, "car_v_std": 13.7202}, "datetime": {"datetime": "2024-08-08 17:45:16", "elapsed": 1301.415554, "delta": 2.020203}}
{"target": -0.31815919577961094, "params": {"bus_acc": 2.5137, "bus_dcc": 3.6322, "bus_lcAssertive": 20.0433, "bus_lcCooperative": 0.3285, "bus_lcLookaheadLeft": 43.6442, "bus_lcPushy": 0.1229, "bus_lcSigma": 0.1452, "bus_lcSpeedGainRight": 0.7975, "bus_lcSublane": 0.1571, "bus_sigma": 0.5987, "bus_tau_mean": 0.797, "bus_tau_std": 9.971, "bus_v_mean": 13.4287, "bus_v_std": 6.0668, "car_acc": 2.2871, "car_dcc": 1.2797, "car_lcAssertive": 38.0219, "car_lcCooperative": 0.6604, "car_lcLookaheadLeft": 56.2105, "car_lcPushy": 0.1652, "car_lcSigma": 0.7057, "car_lcSpeedGainRight": 1.7343, "car_lcSublane": 0.3723, "car_sigma": 0.8055, "car_tau_mean": 1.2073, "car_tau_std": 9.2484, "car_v_mean": 20.8664, "car_v_std": 4.6022}, "datetime": {"datetime": "2024-08-08 17:45:17", "elapsed": 1302.218685, "delta": 0.803131}}
{"target": -0.2785308472377024, "params": {"bus_acc": 1.2976, "bus_dcc": 2.1258, "bus_lcAssertive": 78.1749, "bus_lcCooperative": 0.6566, "bus_lcLookaheadLeft": 26.4546, "bus_lcPushy": 0.6003, "bus_lcSigma": 0.5638, "bus_lcSpeedGainRight": 2.9138, "bus_lcSublane": 0.4191, "bus_sigma": 0.5006, "bus_tau_mean": 1.7155, "bus_tau_std": 4.0132, "bus_v_mean": 10.44, "bus_v_std": 11.8886, "car_acc": 3.4865, "car_dcc": 2.7158, "car_lcAssertive": 5.4724, "car_lcCooperative": 0.372, "car_lcLookaheadLeft": 13.8718, "car_lcPushy": 0.4612, "car_lcSigma": 0.9075, "car_lcSpeedGainRight": 2.4669, "car_lcSublane": 0.4637, "car_sigma": 0.6416, "car_tau_mean": 3.5693, "car_tau_std": 3.4132, "car_v_mean": 18.9407, "car_v_std": 16.2073}, "datetime": {"datetime": "2024-08-08 17:45:18", "elapsed": 1303.184013, "delta": 0.965328}}
{"target": -0.30114123739839654, "params": {"bus_acc": 3.0728, "bus_dcc": 2.5228, "bus_lcAssertive": 87.3534, "bus_lcCooperative": 0.3481, "bus_lcLookaheadLeft": 70.9904, "bus_lcPushy": 0.4488, "bus_lcSigma": 0.4639, "bus_lcSpeedGainRight": 4.9782, "bus_lcSublane": 0.7781, "bus_sigma": 0.2345, "bus_tau_mean": 3.577, "bus_tau_std": 1.0434, "bus_v_mean": 13.1483, "bus_v_std": 16.6845, "car_acc": 4.9224, "car_dcc": 2.9213, "car_lcAssertive": 86.0717, "car_lcCooperative": 0.674, "car_lcLookaheadLeft": 14.1276, "car_lcPushy": 0.1672, "car_lcSigma": 0.697, "car_lcSpeedGainRight": 4.4154, "car_lcSublane": 0.8821, "car_sigma": 0.526, "car_tau_mean": 1.1384, "car_tau_std": 8.7272, "car_v_mean": 14.8723, "car_v_std": 3.8312}, "datetime": {"datetime": "2024-08-08 17:45:25", "elapsed": 1310.206654, "delta": 7.022641}}
{"target": -0.25784098370495145, "params": {"bus_acc": 2.1195, "bus_dcc": 2.1781, "bus_lcAssertive": 77.1135, "bus_lcCooperative": 0.2354, "bus_lcLookaheadLeft": 52.5749, "bus_lcPushy": 0.8976, "bus_lcSigma": 0.1065, "bus_lcSpeedGainRight": 0.3704, "bus_lcSublane": 0.404, "bus_sigma": 0.3637, "bus_tau_mean": 1.2726, "bus_tau_std": 4.6405, "bus_v_mean": 15.2701, "bus_v_std": 7.3542, "car_acc": 3.0785, "car_dcc": 1.2609, "car_lcAssertive": 55.5305, "car_lcCooperative": 0.6118, "car_lcLookaheadLeft": 11.7058, "car_lcPushy": 0.5508, "car_lcSigma": 0.0967, "car_lcSpeedGainRight": 4.7137, "car_lcSublane": 0.7361, "car_sigma": 0.6659, "car_tau_mean": 2.906, "car_tau_std": 4.4669, "car_v_mean": 11.42, "car_v_std": 5.1829}, "datetime": {"datetime": "2024-08-08 17:45:28", "elapsed": 1313.258618, "delta": 3.051964}}
{"target": -0.32436127944392007, "params": {"bus_acc": 3.8451, "bus_dcc": 3.5772, "bus_lcAssertive": 85.6232, "bus_lcCooperative": 0.8557, "bus_lcLookaheadLeft": 7.342, "bus_lcPushy": 0.8565, "bus_lcSigma": 0.3317, "bus_lcSpeedGainRight": 3.2532, "bus_lcSublane": 0.4397, "bus_sigma": 0.3011, "bus_tau_mean": 2.9314, "bus_tau_std": 5.0933, "bus_v_mean": 15.5405, "bus_v_std": 3.3704, "car_acc": 2.7191, "car_dcc": 1.7728, "car_lcAssertive": 71.5259, "car_lcCooperative": 0.2856, "car_lcLookaheadLeft": 49.4035, "car_lcPushy": 0.1115, "car_lcSigma": 0.0443, "car_lcSpeedGainRight": 4.6206, "car_lcSublane": 0.1425, "car_sigma": 0.4742, "car_tau_mean": 2.7823, "car_tau_std": 5.5002, "car_v_mean": 18.6459, "car_v_std": 13.5111}, "datetime": {"datetime": "2024-08-08 17:45:28", "elapsed": 1314.011866, "delta": 0.753248}}
{"target": -0.299101152409031, "params": {"bus_acc": 1.8419, "bus_dcc": 2.3933, "bus_lcAssertive": 72.1937, "bus_lcCooperative": 0.4619, "bus_lcLookaheadLeft": 73.3466, "bus_lcPushy": 0.4718, "bus_lcSigma": 0.7983, "bus_lcSpeedGainRight": 3.2329, "bus_lcSublane": 0.6771, "bus_sigma": 0.2255, "bus_tau_mean": 3.0908, "bus_tau_std": 1.1713, "bus_v_mean": 13.4635, "bus_v_std": 6.7894, "car_acc": 2.6563, "car_dcc": 3.2716, "car_lcAssertive": 76.9936, "car_lcCooperative": 0.6131, "car_lcLookaheadLeft": 49.6947, "car_lcPushy": 0.6525, "car_lcSigma": 0.4269, "car_lcSpeedGainRight": 2.6907, "car_lcSublane": 0.7356, "car_sigma": 0.4176, "car_tau_mean": 2.3153, "car_tau_std": 8.2756, "car_v_mean": 18.1472, "car_v_std": 16.4022}, "datetime": {"datetime": "2024-08-08 17:45:29", "elapsed": 1314.794099, "delta": 0.782233}}
{"target": -0.3714442770798185, "params": {"bus_acc": 2.5316, "bus_dcc": 2.0454, "bus_lcAssertive": 80.2657, "bus_lcCooperative": 0.7879, "bus_lcLookaheadLeft": 11.6213, "bus_lcPushy": 0.0031, "bus_lcSigma": 0.3596, "bus_lcSpeedGainRight": 2.7194, "bus_lcSublane": 0.7243, "bus_sigma": 0.8719, "bus_tau_mean": 3.6815, "bus_tau_std": 3.3966, "bus_v_mean": 15.4645, "bus_v_std": 4.6887, "car_acc": 1.5205, "car_dcc": 3.428, "car_lcAssertive": 77.4608, "car_lcCooperative": 0.9329, "car_lcLookaheadLeft": 47.0987, "car_lcPushy": 0.879, "car_lcSigma": 0.1485, "car_lcSpeedGainRight": 1.0537, "car_lcSublane": 0.5636, "car_sigma": 0.9514, "car_tau_mean": 2.5087, "car_tau_std": 6.3861, "car_v_mean": 17.2782, "car_v_std": 16.3099}, "datetime": {"datetime": "2024-08-08 17:45:30", "elapsed": 1315.930367, "delta": 1.136268}}
{"target": -0.3273701515358777, "params": {"bus_acc": 1.4879, "bus_dcc": 1.9007, "bus_lcAssertive": 19.7852, "bus_lcCooperative": 0.6426, "bus_lcLookaheadLeft": 77.533, "bus_lcPushy": 0.0369, "bus_lcSigma": 0.1537, "bus_lcSpeedGainRight": 1.2537, "bus_lcSublane": 0.7063, "bus_sigma": 0.2073, "bus_tau_mean": 3.9804, "bus_tau_std": 9.6118, "bus_v_mean": 20.4558, "bus_v_std": 3.5414, "car_acc": 4.682, "car_dcc": 3.2248, "car_lcAssertive": 95.9736, "car_lcCooperative": 0.265, "car_lcLookaheadLeft": 19.5787, "car_lcPushy": 0.2053, "car_lcSigma": 0.1264, "car_lcSpeedGainRight": 1.6743, "car_lcSublane": 0.092, "car_sigma": 0.1681, "car_tau_mean": 1.7927, "car_tau_std": 8.9657, "car_v_mean": 17.9633, "car_v_std": 14.0619}, "datetime": {"datetime": "2024-08-08 17:45:32", "elapsed": 1317.168572, "delta": 1.238205}}
{"target": -0.26658559130827353, "params": {"bus_acc": 1.0, "bus_dcc": 1.0, "bus_lcAssertive": 36.145, "bus_lcCooperative": 0.8126, "bus_lcLookaheadLeft": 27.0093, "bus_lcPushy": 0.9374, "bus_lcSigma": 0.7588, "bus_lcSpeedGainRight": 3.4564, "bus_lcSublane": 0.4483, "bus_sigma": 0.0811, "bus_tau_mean": 3.3604, "bus_tau_std": 0.0, "bus_v_mean": 10.349, "bus_v_std": 7.021, "car_acc": 5.0, "car_dcc": 3.6253, "car_lcAssertive": 28.2708, "car_lcCooperative": 0.0037, "car_lcLookaheadLeft": 83.4654, "car_lcPushy": 1.0, "car_lcSigma": 0.0, "car_lcSpeedGainRight": 4.7924, "car_lcSublane": 0.5732, "car_sigma": 0.378, "car_tau_mean": 2.9188, "car_tau_std": 0.1618, "car_v_mean": 12.5735, "car_v_std": 2.2485}, "datetime": {"datetime": "2024-08-08 17:45:33", "elapsed": 1318.991313, "delta": 1.822741}}
{"target": -0.3255580737223456, "params": {"bus_acc": 3.1928, "bus_dcc": 2.5475, "bus_lcAssertive": 73.2633, "bus_lcCooperative": 0.5468, "bus_lcLookaheadLeft": 72.9208, "bus_lcPushy": 0.4152, "bus_lcSigma": 0.1187, "bus_lcSpeedGainRight": 2.8349, "bus_lcSublane": 0.5613, "bus_sigma": 0.8247, "bus_tau_mean": 2.0627, "bus_tau_std": 2.0934, "bus_v_mean": 13.0887, "bus_v_std": 6.2022, "car_acc": 1.8044, "car_dcc": 2.9672, "car_lcAssertive": 70.0011, "car_lcCooperative": 0.2151, "car_lcLookaheadLeft": 48.7753, "car_lcPushy": 0.206, "car_lcSigma": 0.1245, "car_lcSpeedGainRight": 1.4082, "car_lcSublane": 0.7522, "car_sigma": 0.589, "car_tau_mean": 3.429, "car_tau_std": 5.083, "car_v_mean": 22.4654, "car_v_std": 17.2067}, "datetime": {"datetime": "2024-08-08 17:45:35", "elapsed": 1320.253482, "delta": 1.262169}}
{"target": -0.3615138083952896, "params": {"bus_acc": 1.8056, "bus_dcc": 1.206, "bus_lcAssertive": 72.8553, "bus_lcCooperative": 0.8018, "bus_lcLookaheadLeft": 16.3868, "bus_lcPushy": 0.8308, "bus_lcSigma": 0.4308, "bus_lcSpeedGainRight": 0.8344, "bus_lcSublane": 0.1799, "bus_sigma": 0.511, "bus_tau_mean": 1.3791, "bus_tau_std": 2.1014, "bus_v_mean": 21.5464, "bus_v_std": 4.7479, "car_acc": 1.4886, "car_dcc": 3.6866, "car_lcAssertive": 21.3981, "car_lcCooperative": 0.9159, "car_lcLookaheadLeft": 46.1616, "car_lcPushy": 0.3291, "car_lcSigma": 0.2263, "car_lcSpeedGainRight": 2.5672, "car_lcSublane": 0.4834, "car_sigma": 0.907, "car_tau_mean": 0.6628, "car_tau_std": 4.818, "car_v_mean": 22.094, "car_v_std": 0.595}, "datetime": {"datetime": "2024-08-08 17:45:38", "elapsed": 1323.145099, "delta": 2.891617}}
{"target": -0.31398632922356035, "params": {"bus_acc": 3.9138, "bus_dcc": 1.7504, "bus_lcAssertive": 18.2403, "bus_lcCooperative": 0.5568, "bus_lcLookaheadLeft": 55.8359, "bus_lcPushy": 0.5186, "bus_lcSigma": 0.4757, "bus_lcSpeedGainRight": 2.273, "bus_lcSublane": 0.2087, "bus_sigma": 0.5135, "bus_tau_mean": 1.9429, "bus_tau_std": 7.5023, "bus_v_mean": 19.3647, "bus_v_std": 14.488, "car_acc": 3.0539, "car_dcc": 1.5322, "car_lcAssertive": 23.4463, "car_lcCooperative": 0.3264, "car_lcLookaheadLeft": 80.5451, "car_lcPushy": 0.7623, "car_lcSigma": 0.3739, "car_lcSpeedGainRight": 0.3597, "car_lcSublane": 0.1288, "car_sigma": 0.5346, "car_tau_mean": 2.356, "car_tau_std": 7.6535, "car_v_mean": 16.9036, "car_v_std": 12.9753}, "datetime": {"datetime": "2024-08-08 17:45:46", "elapsed": 1331.992514, "delta": 8.847415}}
{"target": -0.3190843875849804, "params": {"bus_acc": 4.1145, "bus_dcc": 1.03, "bus_lcAssertive": 83.2975, "bus_lcCooperative": 0.3529, "bus_lcLookaheadLeft": 77.6608, "bus_lcPushy": 0.6515, "bus_lcSigma": 0.9963, "bus_lcSpeedGainRight": 0.2491, "bus_lcSublane": 0.3896, "bus_sigma": 0.5543, "bus_tau_mean": 1.4951, "bus_tau_std": 6.3976, "bus_v_mean": 19.2069, "bus_v_std": 3.9266, "car_acc": 1.323, "car_dcc": 1.3198, "car_lcAssertive": 37.6196, "car_lcCooperative": 0.0378, "car_lcLookaheadLeft": 65.4668, "car_lcPushy": 0.1896, "car_lcSigma": 0.0942, "car_lcSpeedGainRight": 2.0758, "car_lcSublane": 0.6714, "car_sigma": 0.9827, "car_tau_mean": 2.6744, "car_tau_std": 6.8236, "car_v_mean": 14.0857, "car_v_std": 14.6411}, "datetime": {"datetime": "2024-08-08 17:45:47", "elapsed": 1332.865594, "delta": 0.87308}}
{"target": -0.32076000131484017, "params": {"bus_acc": 4.3901, "bus_dcc": 1.3395, "bus_lcAssertive": 88.4538, "bus_lcCooperative": 0.7101, "bus_lcLookaheadLeft": 76.4923, "bus_lcPushy": 0.5621, "bus_lcSigma": 0.0429, "bus_lcSpeedGainRight": 4.7559, "bus_lcSublane": 0.6738, "bus_sigma": 0.7148, "bus_tau_mean": 2.6807, "bus_tau_std": 5.2814, "bus_v_mean": 19.3933, "bus_v_std": 5.462, "car_acc": 1.9517, "car_dcc": 3.4773, "car_lcAssertive": 40.2533, "car_lcCooperative": 0.7751, "car_lcLookaheadLeft": 60.3034, "car_lcPushy": 0.0906, "car_lcSigma": 0.5805, "car_lcSpeedGainRight": 2.6374, "car_lcSublane": 0.8232, "car_sigma": 0.3525, "car_tau_mean": 3.5943, "car_tau_std": 4.9825, "car_v_mean": 10.8659, "car_v_std": 14.8965}, "datetime": {"datetime": "2024-08-08 17:45:48", "elapsed": 1333.448839, "delta": 0.583245}}
{"target": -0.3250191822554364, "params": {"bus_acc": 2.1615, "bus_dcc": 2.2808, "bus_lcAssertive": 69.8414, "bus_lcCooperative": 0.5008, "bus_lcLookaheadLeft": 73.3092, "bus_lcPushy": 0.3685, "bus_lcSigma": 0.805, "bus_lcSpeedGainRight": 2.9999, "bus_lcSublane": 0.5028, "bus_sigma": 0.3394, "bus_tau_mean": 3.5028, "bus_tau_std": 1.7206, "bus_v_mean": 13.1303, "bus_v_std": 7.5584, "car_acc": 3.1249, "car_dcc": 2.8436, "car_lcAssertive": 76.7083, "car_lcCooperative": 0.4843, "car_lcLookaheadLeft": 50.2943, "car_lcPushy": 0.6256, "car_lcSigma": 0.4465, "car_lcSpeedGainRight": 1.6378, "car_lcSublane": 0.7203, "car_sigma": 0.4811, "car_tau_mean": 1.979, "car_tau_std": 7.4891, "car_v_mean": 19.174, "car_v_std": 16.8845}, "datetime": {"datetime": "2024-08-08 17:45:49", "elapsed": 1334.17492, "delta": 0.726081}}
{"target": -0.27124534262781697, "params": {"bus_acc": 4.9028, "bus_dcc": 2.1519, "bus_lcAssertive": 77.4351, "bus_lcCooperative": 1.0, "bus_lcLookaheadLeft": 2.4899, "bus_lcPushy": 0.8637, "bus_lcSigma": 1.0, "bus_lcSpeedGainRight": 4.6048, "bus_lcSublane": 0.5714, "bus_sigma": 1.0, "bus_tau_mean": 1.9691, "bus_tau_std": 9.3109, "bus_v_mean": 8.8315, "bus_v_std": 2.0959, "car_acc": 5.0, "car_dcc": 3.2166, "car_lcAssertive": 42.7337, "car_lcCooperative": 0.5568, "car_lcLookaheadLeft": 66.2728, "car_lcPushy": 0.4246, "car_lcSigma": 0.6992, "car_lcSpeedGainRight": 1.8112, "car_lcSublane": 0.8012, "car_sigma": 1.0, "car_tau_mean": 3.8493, "car_tau_std": 9.6634, "car_v_mean": 18.9549, "car_v_std": 11.9511}, "datetime": {"datetime": "2024-08-08 17:45:50", "elapsed": 1335.186057, "delta": 1.011137}}
{"target": -0.29237326440544587, "params": {"bus_acc": 2.7505, "bus_dcc": 1.9982, "bus_lcAssertive": 51.5949, "bus_lcCooperative": 0.6516, "bus_lcLookaheadLeft": 13.1952, "bus_lcPushy": 0.6644, "bus_lcSigma": 0.7062, "bus_lcSpeedGainRight": 3.7079, "bus_lcSublane": 0.3089, "bus_sigma": 0.3703, "bus_tau_mean": 2.8171, "bus_tau_std": 4.4917, "bus_v_mean": 22.1417, "bus_v_std": 14.7837, "car_acc": 4.4233, "car_dcc": 2.143, "car_lcAssertive": 11.3312, "car_lcCooperative": 0.4421, "car_lcLookaheadLeft": 35.7914, "car_lcPushy": 0.463, "car_lcSigma": 0.4702, "car_lcSpeedGainRight": 3.1779, "car_lcSublane": 0.507, "car_sigma": 0.8492, "car_tau_mean": 3.3143, "car_tau_std": 4.967, "car_v_mean": 19.6564, "car_v_std": 9.401}, "datetime": {"datetime": "2024-08-08 17:45:53", "elapsed": 1338.466399, "delta": 3.280342}}
{"target": -0.321875010262578, "params": {"bus_acc": 4.0981, "bus_dcc": 3.5139, "bus_lcAssertive": 93.0415, "bus_lcCooperative": 0.4432, "bus_lcLookaheadLeft": 65.5524, "bus_lcPushy": 0.4369, "bus_lcSigma": 0.9888, "bus_lcSpeedGainRight": 0.5502, "bus_lcSublane": 0.0212, "bus_sigma": 0.0533, "bus_tau_mean": 1.9913, "bus_tau_std": 2.9025, "bus_v_mean": 13.2416, "bus_v_std": 13.8787, "car_acc": 3.3905, "car_dcc": 3.9492, "car_lcAssertive": 90.8659, "car_lcCooperative": 0.3146, "car_lcLookaheadLeft": 16.8407, "car_lcPushy": 0.0142, "car_lcSigma": 0.7227, "car_lcSpeedGainRight": 3.7377, "car_lcSublane": 0.1529, "car_sigma": 0.7879, "car_tau_mean": 1.3133, "car_tau_std": 6.2486, "car_v_mean": 11.3226, "car_v_std": 6.5222}, "datetime": {"datetime": "2024-08-08 17:45:54", "elapsed": 1339.112166, "delta": 0.645767}}
{"target": -0.30496504926593365, "params": {"bus_acc": 3.0457, "bus_dcc": 3.3506, "bus_lcAssertive": 49.4754, "bus_lcCooperative": 0.5931, "bus_lcLookaheadLeft": 16.8075, "bus_lcPushy": 0.4431, "bus_lcSigma": 0.7006, "bus_lcSpeedGainRight": 2.5603, "bus_lcSublane": 0.8206, "bus_sigma": 0.9065, "bus_tau_mean": 3.2542, "bus_tau_std": 1.4606, "bus_v_mean": 12.3078, "bus_v_std": 10.7864, "car_acc": 4.1122, "car_dcc": 2.7961, "car_lcAssertive": 11.9803, "car_lcCooperative": 0.267, "car_lcLookaheadLeft": 32.4983, "car_lcPushy": 0.9941, "car_lcSigma": 0.1631, "car_lcSpeedGainRight": 0.5562, "car_lcSublane": 0.5546, "car_sigma": 0.1962, "car_tau_mean": 2.9046, "car_tau_std": 4.3512, "car_v_mean": 18.7382, "car_v_std": 16.073}, "datetime": {"datetime": "2024-08-08 17:45:54", "elapsed": 1339.874627, "delta": 0.762461}}
{"target": -0.29524390437154086, "params": {"bus_acc": 4.08, "bus_dcc": 1.9274, "bus_lcAssertive": 58.9747, "bus_lcCooperative": 0.3838, "bus_lcLookaheadLeft": 69.938, "bus_lcPushy": 0.6303, "bus_lcSigma": 0.923, "bus_lcSpeedGainRight": 1.3578, "bus_lcSublane": 0.6077, "bus_sigma": 0.7789, "bus_tau_mean": 0.846, "bus_tau_std": 1.6955, "bus_v_mean": 19.0213, "bus_v_std": 14.5042, "car_acc": 3.5836, "car_dcc": 3.1286, "car_lcAssertive": 11.0377, "car_lcCooperative": 0.2533, "car_lcLookaheadLeft": 50.8299, "car_lcPushy": 0.2707, "car_lcSigma": 0.9555, "car_lcSpeedGainRight": 2.6938, "car_lcSublane": 0.3148, "car_sigma": 0.8281, "car_tau_mean": 3.279, "car_tau_std": 6.7272, "car_v_mean": 23.7079, "car_v_std": 12.1781}, "datetime": {"datetime": "2024-08-08 17:45:56", "elapsed": 1341.276482, "delta": 1.401855}}
