{"target": -0.7136419761883257, "params": {"bus_acc": 2.56467612672452, "bus_dcc": 2.634651120028584, "bus_lcAssertive": 23.500460760100726, "bus_lcCooperative": 0.22420283925593631, "bus_lcLookaheadLeft": 27.51902335654698, "bus_lcPushy": 0.308872752316256, "bus_lcSigma": 0.38770513178140986, "bus_lcSpeedGainRight": 1.487744661886186, "bus_lcSublane": 0.6795558945331504, "bus_sigma": 0.03507361930507891, "bus_tau_mean": 1.6483861022597883, "bus_tau_std": 7.452918728580155, "bus_v_mean": 23.084927761204554, "bus_v_std": 16.054651003151022, "car_acc": 1.481652419143108, "car_dcc": 1.698746405151495, "car_lcAssertive": 19.843342677001722, "car_lcCooperative": 0.8824975348586093, "car_lcLookaheadLeft": 25.309857349639547, "car_lcPushy": 0.7581806234131274, "car_lcSigma": 0.26104973140468657, "car_lcSpeedGainRight": 0.16540921703757816, "car_lcSublane": 0.7334477000687659, "car_sigma": 0.7262018097952009, "car_tau_mean": 0.8113568883636871, "car_tau_std": 3.267012579296016, "car_v_mean": 23.17384464302436, "car_v_std": 3.2589799716436896}, "datetime": {"datetime": "2024-08-08 09:55:20", "elapsed": 0.0, "delta": 0.0}}
{"target": -0.4941750699679366, "params": {"bus_acc": 1.691358426592051, "bus_dcc": 2.786875294404849, "bus_lcAssertive": 60.29954360836855, "bus_lcCooperative": 0.6157042872039488, "bus_lcLookaheadLeft": 7.799366304200794, "bus_lcPushy": 0.7503171845746859, "bus_lcSigma": 0.9482094981876252, "bus_lcSpeedGainRight": 2.6733952858979437, "bus_lcSublane": 0.1925560209550684, "bus_sigma": 0.7529259149799422, "bus_tau_mean": 0.5256163926475232, "bus_tau_std": 3.2825610365078086, "bus_v_mean": 22.68170156231029, "bus_v_std": 11.767346657877535, "car_acc": 2.7103805678082704, "car_dcc": 2.814016157047563, "car_lcAssertive": 82.43523709986323, "car_lcCooperative": 0.8794835234293169, "car_lcLookaheadLeft": 33.45666470339641, "car_lcPushy": 0.12295477155217849, "car_lcSigma": 0.7213033441865708, "car_lcSpeedGainRight": 2.201735434156191, "car_lcSublane": 0.1267357091420086, "car_sigma": 0.5898236481098892, "car_tau_mean": 0.6262391009945097, "car_tau_std": 2.0018211641098693, "car_v_mean": 20.612819034687504, "car_v_std": 0.24193520030715732}, "datetime": {"datetime": "2024-08-08 09:56:49", "elapsed": 89.335145, "delta": 89.335145}}
{"target": -0.39650176745437105, "params": {"bus_acc": 1.6106270628966135, "bus_dcc": 1.03756851065942, "bus_lcAssertive": 27.5580200844577, "bus_lcCooperative": 0.7967454755900841, "bus_lcLookaheadLeft": 93.13932271842313, "bus_lcPushy": 0.6253311549032551, "bus_lcSigma": 0.13280748458041103, "bus_lcSpeedGainRight": 3.7878517962371063, "bus_lcSublane": 0.526905346047344, "bus_sigma": 0.753869071621213, "bus_tau_mean": 3.505140960745044, "bus_tau_std": 9.475415511018243, "bus_v_mean": 18.472600553965304, "bus_v_std": 17.08516419685293, "car_acc": 2.4851761153930934, "car_dcc": 3.1813035652110306, "car_lcAssertive": 86.0202848704295, "car_lcCooperative": 0.9230030407536653, "car_lcLookaheadLeft": 90.40344814943477, "car_lcPushy": 0.39575026156518067, "car_lcSigma": 0.0840212797987252, "car_lcSpeedGainRight": 4.147868592290745, "car_lcSublane": 0.5389315533076343, "car_sigma": 0.542076154739123, "car_tau_mean": 3.3881136569824686, "car_tau_std": 0.31984184375773883, "car_v_mean": 22.047366699602506, "car_v_std": 0.6926800267544064}, "datetime": {"datetime": "2024-08-08 09:57:08", "elapsed": 108.547949, "delta": 19.212804}}
{"target": -0.4314116754431645, "params": {"bus_acc": 2.2141883239449207, "bus_dcc": 2.240759245003484, "bus_lcAssertive": 81.8187996708942, "bus_lcCooperative": 0.18513039826903066, "bus_lcLookaheadLeft": 70.78389991611843, "bus_lcPushy": 0.24035562484913886, "bus_lcSigma": 0.5742190888408597, "bus_lcSpeedGainRight": 1.7449379861039445, "bus_lcSublane": 0.05696439948283272, "bus_sigma": 0.22881367096037586, "bus_tau_mean": 2.8243589437417773, "bus_tau_std": 4.972500933605312, "bus_v_mean": 16.30425574517886, "bus_v_std": 3.49440300217845, "car_acc": 2.141431703092513, "car_dcc": 3.99026027562463, "car_lcAssertive": 81.86667577037056, "car_lcCooperative": 0.5943726238309778, "car_lcLookaheadLeft": 97.64692869642869, "car_lcPushy": 0.9015625846693213, "car_lcSigma": 0.5956079336026455, "car_lcSpeedGainRight": 0.16213162657228553, "car_lcSublane": 0.09357709581748075, "car_sigma": 0.06537171504222639, "car_tau_mean": 2.0810660204201636, "car_tau_std": 3.7543483316785773, "car_v_mean": 23.605600548324585, "car_v_std": 3.3596658639922983}, "datetime": {"datetime": "2024-08-08 09:57:14", "elapsed": 114.635447, "delta": 6.087498}}
{"target": -0.42086736650770995, "params": {"bus_acc": 2.2262246707340245, "bus_dcc": 3.807208799824599, "bus_lcAssertive": 60.09196396965134, "bus_lcCooperative": 0.9795901743594252, "bus_lcLookaheadLeft": 45.218648800069374, "bus_lcPushy": 0.7396119625075467, "bus_lcSigma": 0.03760387864960013, "bus_lcSpeedGainRight": 3.8236331950024303, "bus_lcSublane": 0.5182815803268124, "bus_sigma": 0.0053165329611032375, "bus_tau_mean": 1.4702003667390948, "bus_tau_std": 5.348322325198115, "bus_v_mean": 20.287406052500984, "bus_v_std": 1.0618519090505019, "car_acc": 2.0981068877010394, "car_dcc": 3.402983667395068, "car_lcAssertive": 65.3087224329694, "car_lcCooperative": 0.9314470149929107, "car_lcLookaheadLeft": 9.323681611446592, "car_lcPushy": 0.2768064626005866, "car_lcSigma": 0.9192375042561725, "car_lcSpeedGainRight": 3.8250257414907147, "car_lcSublane": 0.5997403444720987, "car_sigma": 0.8329681438370704, "car_tau_mean": 3.636152220512507, "car_tau_std": 9.727203528528248, "car_v_mean": 23.976328113436892, "car_v_std": 2.7929866736820697}, "datetime": {"datetime": "2024-08-08 09:57:34", "elapsed": 134.432756, "delta": 19.797309}}
{"target": -0.3738883650911339, "params": {"bus_acc": 1.276709379585893, "bus_dcc": 1.8704333893136251, "bus_lcAssertive": 61.77323788438401, "bus_lcCooperative": 0.3241385298974466, "bus_lcLookaheadLeft": 46.82129780571785, "bus_lcPushy": 0.44411710701661444, "bus_lcSigma": 0.8281353607315121, "bus_lcSpeedGainRight": 2.1317407711811533, "bus_lcSublane": 0.3456988211755023, "bus_sigma": 0.6749716048091052, "bus_tau_mean": 1.2751871950673506, "bus_tau_std": 4.672458239265538, "bus_v_mean": 13.036250997184263, "bus_v_std": 12.537112043256693, "car_acc": 2.7547209493896254, "car_dcc": 2.3430670004368856, "car_lcAssertive": 78.66128446040038, "car_lcCooperative": 0.4569657005615504, "car_lcLookaheadLeft": 66.31047450827887, "car_lcPushy": 0.13184097502750214, "car_lcSigma": 0.43298150696764814, "car_lcSpeedGainRight": 4.5465599432746835, "car_lcSublane": 0.6054790010309347, "car_sigma": 0.7667745872371021, "car_tau_mean": 2.2664521283356303, "car_tau_std": 4.980556248280075, "car_v_mean": 21.4863974430856, "car_v_std": 1.356138686819075}, "datetime": {"datetime": "2024-08-08 09:57:44", "elapsed": 144.528564, "delta": 10.095808}}
{"target": -0.3488182841321193, "params": {"bus_acc": 2.1850237375315933, "bus_dcc": 1.936809513105751, "bus_lcAssertive": 91.71424979336672, "bus_lcCooperative": 0.9096355249515571, "bus_lcLookaheadLeft": 27.19759279065523, "bus_lcPushy": 0.1108913007440292, "bus_lcSigma": 0.19296273201911285, "bus_lcSpeedGainRight": 2.4979208533944304, "bus_lcSublane": 0.7285856679745962, "bus_sigma": 0.20819443840879148, "bus_tau_mean": 1.3681174543203076, "bus_tau_std": 8.516718749363669, "bus_v_mean": 14.653579492280437, "bus_v_std": 12.333701343104725, "car_acc": 1.4673322784785001, "car_dcc": 1.3059017782773923, "car_lcAssertive": 52.069844679884454, "car_lcCooperative": 0.47714098704978236, "car_lcLookaheadLeft": 16.96182112113, "car_lcPushy": 0.6218062317404155, "car_lcSigma": 0.5440101188139381, "car_lcSpeedGainRight": 3.2706867348537214, "car_lcSublane": 0.1445455401246598, "car_sigma": 0.7515278171352439, "car_tau_mean": 1.2771719892997293, "car_tau_std": 5.19351824366033, "car_v_mean": 20.564736451545905, "car_v_std": 0.4466085598361236}, "datetime": {"datetime": "2024-08-08 09:57:44", "elapsed": 144.805352, "delta": 0.276788}}
{"target": -0.3765951740622713, "params": {"bus_acc": 1.2187353110137074, "bus_dcc": 1.5206279405275045, "bus_lcAssertive": 58.11907672232824, "bus_lcCooperative": 0.25165697350014493, "bus_lcLookaheadLeft": 31.416839657132748, "bus_lcPushy": 0.17098734894301837, "bus_lcSigma": 0.18959171907276484, "bus_lcSpeedGainRight": 2.317105771952257, "bus_lcSublane": 0.5098739726284359, "bus_sigma": 0.5115798896647326, "bus_tau_mean": 3.989985797784223, "bus_tau_std": 1.295958172701398, "bus_v_mean": 20.098718214203764, "bus_v_std": 15.875134944497852, "car_acc": 2.1697651975410412, "car_dcc": 2.388214540807976, "car_lcAssertive": 89.44923709767765, "car_lcCooperative": 0.8281802190731247, "car_lcLookaheadLeft": 6.928511730812964, "car_lcPushy": 0.962983753087854, "car_lcSigma": 0.007339891753643801, "car_lcSpeedGainRight": 2.8656610234197095, "car_lcSublane": 0.5724308169270726, "car_sigma": 0.8343796647905168, "car_tau_mean": 1.8465062377388146, "car_tau_std": 0.9104086904598219, "car_v_mean": 17.306996309902797, "car_v_std": 0.4969172072746253}, "datetime": {"datetime": "2024-08-08 09:57:54", "elapsed": 154.633144, "delta": 9.827792}}
{"target": -0.37842647647833927, "params": {"bus_acc": 1.0742253289879888, "bus_dcc": 3.0815662341216994, "bus_lcAssertive": 67.36465316168066, "bus_lcCooperative": 0.430471782744975, "bus_lcLookaheadLeft": 77.24331981050095, "bus_lcPushy": 0.5360084947395637, "bus_lcSigma": 0.03985992663545257, "bus_lcSpeedGainRight": 0.6739655898033953, "bus_lcSublane": 0.19341639901491836, "bus_sigma": 0.3356638011646498, "bus_tau_mean": 0.6830953125311686, "bus_tau_std": 6.051167805003662, "bus_v_mean": 16.1929764403827, "bus_v_std": 12.349220240343122, "car_acc": 1.864711189528688, "car_dcc": 3.543101404712313, "car_lcAssertive": 45.95184654985598, "car_lcCooperative": 0.015403519791920894, "car_lcLookaheadLeft": 87.56067854781574, "car_lcPushy": 0.6562015477440989, "car_lcSigma": 0.823003040648471, "car_lcSpeedGainRight": 4.758878465169259, "car_lcSublane": 0.050912383516887205, "car_sigma": 0.23507186409101455, "car_tau_mean": 0.7217020520971893, "car_tau_std": 4.216578860324509, "car_v_mean": 21.82126632802323, "car_v_std": 1.632479654301362}, "datetime": {"datetime": "2024-08-08 09:57:55", "elapsed": 155.551494, "delta": 0.91835}}
{"target": -0.3600551560471512, "params": {"bus_acc": 1.9882325317926501, "bus_dcc": 1.3964834258288144, "bus_lcAssertive": 21.43895183005387, "bus_lcCooperative": 0.07618880903232117, "bus_lcLookaheadLeft": 51.77632659463817, "bus_lcPushy": 0.2615495518329871, "bus_lcSigma": 0.3570616088827919, "bus_lcSpeedGainRight": 0.5403266434861842, "bus_lcSublane": 0.7875518396525072, "bus_sigma": 0.1065838767888011, "bus_tau_mean": 3.949980882996157, "bus_tau_std": 1.7716116443841734, "bus_v_mean": 17.15848179895439, "bus_v_std": 0.8969066917817625, "car_acc": 2.5742325793116683, "car_dcc": 1.5688178434548896, "car_lcAssertive": 53.26249386240454, "car_lcCooperative": 0.7400775431590716, "car_lcLookaheadLeft": 16.693285521891084, "car_lcPushy": 0.5510871741869717, "car_lcSigma": 0.2166172083287794, "car_lcSpeedGainRight": 3.7959802465857235, "car_lcSublane": 0.7229151935562137, "car_sigma": 0.17654903427708302, "car_tau_mean": 3.516882951834757, "car_tau_std": 0.19775099516344263, "car_v_mean": 21.763791958769843, "car_v_std": 11.178076223218767}, "datetime": {"datetime": "2024-08-08 09:57:56", "elapsed": 156.670895, "delta": 1.119401}}
{"target": -0.3285464738954547, "params": {"bus_acc": 1.5345452270397777, "bus_dcc": 3.670171911322274, "bus_lcAssertive": 29.73971373876551, "bus_lcCooperative": 0.7990074981966317, "bus_lcLookaheadLeft": 47.06602206392515, "bus_lcPushy": 0.59760864887687, "bus_lcSigma": 0.2366673767651024, "bus_lcSpeedGainRight": 3.438074810804075, "bus_lcSublane": 0.1486848661132304, "bus_sigma": 0.5596864990017729, "bus_tau_mean": 2.230151256904046, "bus_tau_std": 8.372059959494196, "bus_v_mean": 15.703496245979728, "bus_v_std": 15.694619199734586, "car_acc": 1.8005886134715514, "car_dcc": 1.9237178002927156, "car_lcAssertive": 78.93548650138311, "car_lcCooperative": 0.4184642639114249, "car_lcLookaheadLeft": 50.68307399890683, "car_lcPushy": 0.577322531324329, "car_lcSigma": 0.8196657378893285, "car_lcSpeedGainRight": 2.906599873133597, "car_lcSublane": 0.4061429026808099, "car_sigma": 0.16058682850924277, "car_tau_mean": 2.9573895671993813, "car_tau_std": 8.832328216518347, "car_v_mean": 9.734062206466435, "car_v_std": 9.324279516261631}, "datetime": {"datetime": "2024-08-08 09:57:58", "elapsed": 158.195505, "delta": 1.52461}}
{"target": -0.3175014533692063, "params": {"bus_acc": 1.233783454196785, "bus_dcc": 1.0614437461552058, "bus_lcAssertive": 34.153994148848334, "bus_lcCooperative": 0.9928761567590365, "bus_lcLookaheadLeft": 32.657511301746126, "bus_lcPushy": 0.7375077987941283, "bus_lcSigma": 0.7165293765913929, "bus_lcSpeedGainRight": 2.8627879884764065, "bus_lcSublane": 0.367646057669637, "bus_sigma": 0.2082656940300881, "bus_tau_mean": 3.929997257552725, "bus_tau_std": 0.6589377000512553, "bus_v_mean": 11.7796440309936, "bus_v_std": 6.177989410202334, "car_acc": 2.8190067069646103, "car_dcc": 3.140107789057295, "car_lcAssertive": 27.271813173563256, "car_lcCooperative": 0.16450130293866305, "car_lcLookaheadLeft": 88.28874652560006, "car_lcPushy": 0.7937831324318396, "car_lcSigma": 0.038387431976404374, "car_lcSpeedGainRight": 4.3965042179829235, "car_lcSublane": 0.5879397452104611, "car_sigma": 0.4575371969863721, "car_tau_mean": 2.8584815690913965, "car_tau_std": 0.3944279853538757, "car_v_mean": 13.285139255514585, "car_v_std": 1.7609683561870404}, "datetime": {"datetime": "2024-08-08 09:58:09", "elapsed": 169.552082, "delta": 11.356577}}
{"target": -0.35248553194370746, "params": {"bus_acc": 2.4584932288907906, "bus_dcc": 1.9469623953494826, "bus_lcAssertive": 88.49794140975366, "bus_lcCooperative": 0.18023352523222202, "bus_lcLookaheadLeft": 93.97796412003048, "bus_lcPushy": 0.9707501480531616, "bus_lcSigma": 0.3044852440523308, "bus_lcSpeedGainRight": 4.312431998521504, "bus_lcSublane": 0.8421791188670099, "bus_sigma": 0.4246127100946028, "bus_tau_mean": 1.7728954274847468, "bus_tau_std": 2.82437473235045, "bus_v_mean": 23.89178855144873, "bus_v_std": 5.115020539037993, "car_acc": 2.8413511955182447, "car_dcc": 2.2850056412791675, "car_lcAssertive": 93.60727422179946, "car_lcCooperative": 0.8388448341981828, "car_lcLookaheadLeft": 17.26617791032026, "car_lcPushy": 0.5742833543508832, "car_lcSigma": 0.6735030146856861, "car_lcSpeedGainRight": 2.029102029995226, "car_lcSublane": 0.004877044482226589, "car_sigma": 0.3253313297689604, "car_tau_mean": 3.4363073179063703, "car_tau_std": 0.6282398021726943, "car_v_mean": 9.686715943029075, "car_v_std": 14.035746930238318}, "datetime": {"datetime": "2024-08-08 09:58:09", "elapsed": 169.849887, "delta": 0.297805}}
{"target": -0.3836179028426749, "params": {"bus_acc": 1.518436251301474, "bus_dcc": 1.9804920545991254, "bus_lcAssertive": 25.696758463437387, "bus_lcCooperative": 0.21926791032506077, "bus_lcLookaheadLeft": 80.3667620774342, "bus_lcPushy": 0.5023950058982584, "bus_lcSigma": 0.08318988869699773, "bus_lcSpeedGainRight": 3.8849209601369017, "bus_lcSublane": 0.5336490760837309, "bus_sigma": 0.739387787346382, "bus_tau_mean": 2.303877926000925, "bus_tau_std": 3.9994592398513173, "bus_v_mean": 23.77994851898072, "bus_v_std": 0.5648524032582536, "car_acc": 2.865527815929717, "car_dcc": 3.792564903279904, "car_lcAssertive": 39.70095243864435, "car_lcCooperative": 0.2144648711333198, "car_lcLookaheadLeft": 62.68290319745742, "car_lcPushy": 0.17797233547016944, "car_lcSigma": 0.8032081943280084, "car_lcSpeedGainRight": 1.2696692793886761, "car_lcSublane": 0.2908061550326779, "car_sigma": 0.915915790009957, "car_tau_mean": 3.6602089171604315, "car_tau_std": 5.3538089173052175, "car_v_mean": 21.80542368925785, "car_v_std": 7.050651376101236}, "datetime": {"datetime": "2024-08-08 09:58:12", "elapsed": 172.898797, "delta": 3.04891}}
{"target": -0.3371506545851845, "params": {"bus_acc": 1.5024063666987733, "bus_dcc": 2.967282303710098, "bus_lcAssertive": 96.07931767378179, "bus_lcCooperative": 0.0035547604644260433, "bus_lcLookaheadLeft": 72.88938235064201, "bus_lcPushy": 0.10899503392964371, "bus_lcSigma": 0.5437874916638252, "bus_lcSpeedGainRight": 3.134580083401673, "bus_lcSublane": 0.24294712577080113, "bus_sigma": 0.9138438752466082, "bus_tau_mean": 2.6780938504206624, "bus_tau_std": 2.3169469139485988, "bus_v_mean": 20.32211500159692, "bus_v_std": 2.1101415999466955, "car_acc": 2.110450637062689, "car_dcc": 1.2848682094074744, "car_lcAssertive": 58.51742319482693, "car_lcCooperative": 0.2529801127201884, "car_lcLookaheadLeft": 65.64774717956513, "car_lcPushy": 0.71582695285818, "car_lcSigma": 0.5241856145686612, "car_lcSpeedGainRight": 3.2876070385155503, "car_lcSublane": 0.8132938453250557, "car_sigma": 0.8075122716430321, "car_tau_mean": 2.6688869721885196, "car_tau_std": 4.511024621207749, "car_v_mean": 14.52719982475788, "car_v_std": 17.494952398087268}, "datetime": {"datetime": "2024-08-08 09:58:15", "elapsed": 175.663881, "delta": 2.765084}}
{"target": -0.32777514791859197, "params": {"bus_acc": 1.2911164623167941, "bus_dcc": 1.4731902096115999, "bus_lcAssertive": 19.575535617340964, "bus_lcCooperative": 0.6224959022999211, "bus_lcLookaheadLeft": 90.76933060881358, "bus_lcPushy": 0.9899551783590737, "bus_lcSigma": 0.7111224587658159, "bus_lcSpeedGainRight": 3.6590020457114765, "bus_lcSublane": 0.9092932045442544, "bus_sigma": 0.4008737323711209, "bus_tau_mean": 1.3744773807876287, "bus_tau_std": 1.7343017078712286, "bus_v_mean": 9.911312805339664, "bus_v_std": 16.252211760656575, "car_acc": 1.2935847468344863, "car_dcc": 1.792892448180702, "car_lcAssertive": 82.08982868471955, "car_lcCooperative": 0.31058725179421, "car_lcLookaheadLeft": 98.2769100307084, "car_lcPushy": 0.2666387021516352, "car_lcSigma": 0.5336533449712114, "car_lcSpeedGainRight": 1.5723350559292482, "car_lcSublane": 0.9107728311738374, "car_sigma": 0.36655664385123443, "car_tau_mean": 2.017573145456076, "car_tau_std": 5.122926922783614, "car_v_mean": 23.02218363791541, "car_v_std": 0.6189801254230143}, "datetime": {"datetime": "2024-08-08 09:58:16", "elapsed": 176.106472, "delta": 0.442591}}
{"target": -0.34450372779865485, "params": {"bus_acc": 1.644733350268839, "bus_dcc": 2.8306151762391107, "bus_lcAssertive": 16.871999966850318, "bus_lcCooperative": 0.4867389357577533, "bus_lcLookaheadLeft": 94.67215992866635, "bus_lcPushy": 0.38391424197853796, "bus_lcSigma": 0.18896259324581144, "bus_lcSpeedGainRight": 2.3441947482109047, "bus_lcSublane": 0.8409078314535324, "bus_sigma": 0.8426677225950326, "bus_tau_mean": 3.3973113381072775, "bus_tau_std": 0.11475512605813365, "bus_v_mean": 12.272644958852723, "bus_v_std": 19.99751575148525, "car_acc": 1.239366554384973, "car_dcc": 2.4702684882629, "car_lcAssertive": 79.21258890966585, "car_lcCooperative": 0.12221391009385618, "car_lcLookaheadLeft": 66.91609970774229, "car_lcPushy": 0.4880804455213241, "car_lcSigma": 0.19428998208618675, "car_lcSpeedGainRight": 4.393150132913602, "car_lcSublane": 0.18148739755773036, "car_sigma": 0.6390528592947753, "car_tau_mean": 3.092894073692752, "car_tau_std": 5.626728865932282, "car_v_mean": 18.061465097555057, "car_v_std": 2.379307932440089}, "datetime": {"datetime": "2024-08-08 09:58:19", "elapsed": 179.361554, "delta": 3.255082}}
{"target": -0.34377023013448127, "params": {"bus_acc": 1.4280195454153206, "bus_dcc": 2.813714809919121, "bus_lcAssertive": 20.966194745495322, "bus_lcCooperative": 0.8177571936931245, "bus_lcLookaheadLeft": 32.978498961303416, "bus_lcPushy": 0.6696167646858762, "bus_lcSigma": 0.1487335628025609, "bus_lcSpeedGainRight": 1.5297272354308022, "bus_lcSublane": 0.2972414453016764, "bus_sigma": 0.6350799325450489, "bus_tau_mean": 2.883081844931678, "bus_tau_std": 8.452486465038238, "bus_v_mean": 10.933550508302773, "bus_v_std": 15.20859528612877, "car_acc": 2.4238788045587194, "car_dcc": 2.6726317422324177, "car_lcAssertive": 65.36613564525277, "car_lcCooperative": 0.0899951030326972, "car_lcLookaheadLeft": 16.393829940811994, "car_lcPushy": 0.41557172071663584, "car_lcSigma": 0.7113706883010249, "car_lcSpeedGainRight": 0.8391058181179717, "car_lcSublane": 0.3889791392243084, "car_sigma": 0.49794595388742613, "car_tau_mean": 3.7726600441962304, "car_tau_std": 0.5519624865450556, "car_v_mean": 21.264119855177544, "car_v_std": 19.683196917975692}, "datetime": {"datetime": "2024-08-08 09:58:20", "elapsed": 180.726163, "delta": 1.364609}}
{"target": -0.3580973003840096, "params": {"bus_acc": 1.7235915218143227, "bus_dcc": 3.955950406255969, "bus_lcAssertive": 87.00910808594698, "bus_lcCooperative": 0.15249674176120542, "bus_lcLookaheadLeft": 80.28495672749605, "bus_lcPushy": 0.8109969194215267, "bus_lcSigma": 0.928207219127176, "bus_lcSpeedGainRight": 1.1219213302199227, "bus_lcSublane": 0.49896747449996004, "bus_sigma": 0.8274440914110759, "bus_tau_mean": 2.8356682474936914, "bus_tau_std": 5.939361433837695, "bus_v_mean": 18.43161313233187, "bus_v_std": 4.770320255980261, "car_acc": 1.0510801697515815, "car_dcc": 3.208771772339602, "car_lcAssertive": 33.35239070775688, "car_lcCooperative": 0.3767568869201464, "car_lcLookaheadLeft": 62.0363733066563, "car_lcPushy": 0.657165042363517, "car_lcSigma": 0.20289890062284244, "car_lcSpeedGainRight": 4.130157689227094, "car_lcSublane": 0.38020660524547945, "car_sigma": 0.6317444085013915, "car_tau_mean": 3.8824399547830866, "car_tau_std": 5.647862352666362, "car_v_mean": 13.74257826862171, "car_v_std": 12.379402174802845}, "datetime": {"datetime": "2024-08-08 09:58:22", "elapsed": 182.715267, "delta": 1.989104}}
