{"target": -0.36101119265984427, "params": {"bus_acc": 2.691, "bus_dcc": 1.7995, "bus_lcAssertive": 74.8076, "bus_lcCooperative": 0.5826, "bus_lcLookaheadLeft": 59.6502, "bus_lcPushy": 0.5038, "bus_lcSigma": 0.2662, "bus_lcSublane": 0.2286, "bus_sigma": 0.9424, "bus_tau_mean": 1.7939, "bus_tau_std": 9.0533, "bus_v_mean": 17.5967, "bus_v_std": 4.1239, "car_acc": 1.8174, "car_dcc": 3.0052, "car_lcAssertive": 44.723, "car_lcCooperative": 0.8142, "car_lcLookaheadLeft": 36.5686, "car_lcPushy": 0.2565, "car_lcSigma": 0.7176, "car_lcSublane": 0.1458, "car_sigma": 0.0252, "car_tau_mean": 3.7231, "car_tau_std": 5.9566, "car_v_mean": 8.9456, "car_v_std": 4.382}, "datetime": {"datetime": "2024-08-07 11:17:12", "elapsed": 6535.05062, "delta": 7.081725}}
{"target": -0.3551998432577397, "params": {"bus_acc": 1.3903, "bus_dcc": 3.9839, "bus_lcAssertive": 9.6671, "bus_lcCooperative": 0.0295, "bus_lcLookaheadLeft": 39.5331, "bus_lcPushy": 0.6844, "bus_lcSigma": 0.3427, "bus_lcSublane": 0.1239, "bus_sigma": 0.5659, "bus_tau_mean": 2.9042, "bus_tau_std": 2.5444, "bus_v_mean": 11.6695, "bus_v_std": 5.2507, "car_acc": 2.5865, "car_dcc": 3.3521, "car_lcAssertive": 30.5145, "car_lcCooperative": 0.8981, "car_lcLookaheadLeft": 20.7537, "car_lcPushy": 0.6081, "car_lcSigma": 0.0106, "car_lcSublane": 0.1023, "car_sigma": 0.3511, "car_tau_mean": 2.367, "car_tau_std": 3.8965, "car_v_mean": 18.9832, "car_v_std": 2.1783}, "datetime": {"datetime": "2024-08-07 11:18:02", "elapsed": 6584.670977, "delta": 49.620357}}
{"target": -0.34734938942072735, "params": {"bus_acc": 2.6515, "bus_dcc": 1.5332, "bus_lcAssertive": 95.3297, "bus_lcCooperative": 0.2283, "bus_lcLookaheadLeft": 65.7759, "bus_lcPushy": 0.9308, "bus_lcSigma": 0.2603, "bus_lcSublane": 0.5424, "bus_sigma": 0.9454, "bus_tau_mean": 1.3923, "bus_tau_std": 2.5495, "bus_v_mean": 9.6221, "bus_v_std": 0.4296, "car_acc": 2.2935, "car_dcc": 1.7578, "car_lcAssertive": 7.8211, "car_lcCooperative": 0.9234, "car_lcLookaheadLeft": 9.7372, "car_lcPushy": 0.9237, "car_lcSigma": 0.8796, "car_lcSublane": 0.175, "car_sigma": 0.0801, "car_tau_mean": 1.8613, "car_tau_std": 7.3021, "car_v_mean": 18.4089, "car_v_std": 0.0395}, "datetime": {"datetime": "2024-08-07 11:18:18", "elapsed": 6601.188856, "delta": 16.517879}}
{"target": -0.3310020985779212, "params": {"bus_acc": 2.3918, "bus_dcc": 2.6701, "bus_lcAssertive": 56.3156, "bus_lcCooperative": 0.8192, "bus_lcLookaheadLeft": 24.0809, "bus_lcPushy": 0.6512, "bus_lcSigma": 0.953, "bus_lcSublane": 0.8957, "bus_sigma": 0.3915, "bus_tau_mean": 1.8096, "bus_tau_std": 4.7857, "bus_v_mean": 12.208, "bus_v_std": 3.4073, "car_acc": 2.1871, "car_dcc": 2.1677, "car_lcAssertive": 37.5525, "car_lcCooperative": 0.3483, "car_lcLookaheadLeft": 36.4947, "car_lcPushy": 0.9857, "car_lcSigma": 0.2921, "car_lcSublane": 0.6459, "car_sigma": 0.0948, "car_tau_mean": 2.6962, "car_tau_std": 7.4177, "car_v_mean": 18.6965, "car_v_std": 2.6191}, "datetime": {"datetime": "2024-08-07 11:18:32", "elapsed": 6615.425567, "delta": 14.236711}}
{"target": -0.3611610501171059, "params": {"bus_acc": 1.2075, "bus_dcc": 2.8332, "bus_lcAssertive": 83.34, "bus_lcCooperative": 0.6072, "bus_lcLookaheadLeft": 24.6073, "bus_lcPushy": 0.3197, "bus_lcSigma": 0.0482, "bus_lcSublane": 0.3205, "bus_sigma": 0.4802, "bus_tau_mean": 0.8168, "bus_tau_std": 2.1378, "bus_v_mean": 11.0249, "bus_v_std": 4.5641, "car_acc": 1.4036, "car_dcc": 2.555, "car_lcAssertive": 7.9019, "car_lcCooperative": 0.9182, "car_lcLookaheadLeft": 45.0216, "car_lcPushy": 0.829, "car_lcSigma": 0.7628, "car_lcSublane": 0.7366, "car_sigma": 0.5898, "car_tau_mean": 3.4402, "car_tau_std": 7.1469, "car_v_mean": 11.5583, "car_v_std": 7.4606}, "datetime": {"datetime": "2024-08-07 11:19:05", "elapsed": 6647.865902, "delta": 32.440335}}
{"target": -0.40202595181256656, "params": {"bus_acc": 1.2508, "bus_dcc": 3.5563, "bus_lcAssertive": 86.2722, "bus_lcCooperative": 0.7814, "bus_lcLookaheadLeft": 43.8083, "bus_lcPushy": 0.761, "bus_lcSigma": 0.0406, "bus_lcSublane": 0.1552, "bus_sigma": 0.6619, "bus_tau_mean": 1.9897, "bus_tau_std": 9.2397, "bus_v_mean": 17.8814, "bus_v_std": 2.0761, "car_acc": 2.4707, "car_dcc": 1.869, "car_lcAssertive": 9.6422, "car_lcCooperative": 0.9363, "car_lcLookaheadLeft": 7.7899, "car_lcPushy": 0.9307, "car_lcSigma": 0.1457, "car_lcSublane": 0.1205, "car_sigma": 0.1411, "car_tau_mean": 0.5986, "car_tau_std": 8.1538, "car_v_mean": 23.2571, "car_v_std": 5.5961}, "datetime": {"datetime": "2024-08-07 11:20:10", "elapsed": 6713.075676, "delta": 65.209774}}
{"target": -0.3283936436077382, "params": {"bus_acc": 1.4717, "bus_dcc": 1.9065, "bus_lcAssertive": 81.9672, "bus_lcCooperative": 0.6891, "bus_lcLookaheadLeft": 63.4081, "bus_lcPushy": 0.9778, "bus_lcSigma": 0.3313, "bus_lcSublane": 0.1411, "bus_sigma": 0.123, "bus_tau_mean": 0.5041, "bus_tau_std": 4.3842, "bus_v_mean": 14.3823, "bus_v_std": 2.5036, "car_acc": 1.9488, "car_dcc": 1.8057, "car_lcAssertive": 9.8442, "car_lcCooperative": 0.29, "car_lcLookaheadLeft": 80.6214, "car_lcPushy": 0.7874, "car_lcSigma": 0.4443, "car_lcSublane": 0.5052, "car_sigma": 0.1354, "car_tau_mean": 0.6411, "car_tau_std": 8.1777, "car_v_mean": 22.7622, "car_v_std": 9.7746}, "datetime": {"datetime": "2024-08-07 11:20:37", "elapsed": 6740.216522, "delta": 27.140846}}
{"target": -0.3459210267720759, "params": {"bus_acc": 1.862, "bus_dcc": 1.4601, "bus_lcAssertive": 84.3573, "bus_lcCooperative": 0.2702, "bus_lcLookaheadLeft": 86.25, "bus_lcPushy": 0.2426, "bus_lcSigma": 0.2431, "bus_lcSublane": 0.1135, "bus_sigma": 0.3682, "bus_tau_mean": 1.9652, "bus_tau_std": 9.2138, "bus_v_mean": 12.2617, "bus_v_std": 1.2608, "car_acc": 1.3076, "car_dcc": 2.2202, "car_lcAssertive": 45.4338, "car_lcCooperative": 0.6676, "car_lcLookaheadLeft": 25.1162, "car_lcPushy": 0.5086, "car_lcSigma": 0.5559, "car_lcSublane": 0.4387, "car_sigma": 0.5407, "car_tau_mean": 1.2627, "car_tau_std": 3.4468, "car_v_mean": 14.966, "car_v_std": 9.0027}, "datetime": {"datetime": "2024-08-07 11:21:33", "elapsed": 6796.218226, "delta": 56.001704}}
{"target": -0.3359238973217923, "params": {"bus_acc": 1.6529, "bus_dcc": 2.6096, "bus_lcAssertive": 85.0559, "bus_lcCooperative": 0.5367, "bus_lcLookaheadLeft": 10.9965, "bus_lcPushy": 0.9797, "bus_lcSigma": 0.0195, "bus_lcSublane": 0.6229, "bus_sigma": 0.2745, "bus_tau_mean": 2.2494, "bus_tau_std": 1.7397, "bus_v_mean": 9.9324, "bus_v_std": 5.8372, "car_acc": 1.8653, "car_dcc": 1.1443, "car_lcAssertive": 58.1434, "car_lcCooperative": 0.1325, "car_lcLookaheadLeft": 45.0943, "car_lcPushy": 0.4025, "car_lcSigma": 0.3912, "car_lcSublane": 0.2082, "car_sigma": 0.5983, "car_tau_mean": 1.8084, "car_tau_std": 3.6185, "car_v_mean": 10.3019, "car_v_std": 8.8488}, "datetime": {"datetime": "2024-08-07 11:21:49", "elapsed": 6812.178799, "delta": 15.960573}}
{"target": -0.3366322964215234, "params": {"bus_acc": 2.4552, "bus_dcc": 3.514, "bus_lcAssertive": 60.2348, "bus_lcCooperative": 0.1457, "bus_lcLookaheadLeft": 35.5403, "bus_lcPushy": 0.9839, "bus_lcSigma": 0.7797, "bus_lcSublane": 0.9512, "bus_sigma": 0.3407, "bus_tau_mean": 2.7159, "bus_tau_std": 5.059, "bus_v_mean": 12.5276, "bus_v_std": 7.8603, "car_acc": 1.3669, "car_dcc": 2.9327, "car_lcAssertive": 29.8591, "car_lcCooperative": 0.8247, "car_lcLookaheadLeft": 78.0184, "car_lcPushy": 0.7325, "car_lcSigma": 0.7398, "car_lcSublane": 0.5851, "car_sigma": 0.851, "car_tau_mean": 1.7832, "car_tau_std": 3.4479, "car_v_mean": 20.0994, "car_v_std": 3.8619}, "datetime": {"datetime": "2024-08-07 11:21:55", "elapsed": 6818.436446, "delta": 6.257647}}
{"target": -0.30930413545375846, "params": {"bus_acc": 2.279, "bus_dcc": 1.6913, "bus_lcAssertive": 45.0998, "bus_lcCooperative": 0.1441, "bus_lcLookaheadLeft": 80.8482, "bus_lcPushy": 0.2341, "bus_lcSigma": 0.2719, "bus_lcSublane": 0.1466, "bus_sigma": 0.423, "bus_tau_mean": 2.3301, "bus_tau_std": 5.2787, "bus_v_mean": 9.6022, "bus_v_std": 0.3769, "car_acc": 2.446, "car_dcc": 1.4423, "car_lcAssertive": 25.105, "car_lcCooperative": 0.3569, "car_lcLookaheadLeft": 27.3765, "car_lcPushy": 0.3364, "car_lcSigma": 0.768, "car_lcSublane": 0.2284, "car_sigma": 0.0457, "car_tau_mean": 3.6208, "car_tau_std": 3.8598, "car_v_mean": 13.1636, "car_v_std": 0.923}, "datetime": {"datetime": "2024-08-07 11:22:03", "elapsed": 6825.664582, "delta": 7.228136}}
{"target": -0.36097318279478896, "params": {"bus_acc": 2.8224, "bus_dcc": 1.6664, "bus_lcAssertive": 3.7388, "bus_lcCooperative": 0.5638, "bus_lcLookaheadLeft": 67.8315, "bus_lcPushy": 0.7746, "bus_lcSigma": 0.5749, "bus_lcSublane": 0.0618, "bus_sigma": 0.2008, "bus_tau_mean": 2.513, "bus_tau_std": 4.4308, "bus_v_mean": 19.6283, "bus_v_std": 3.2033, "car_acc": 1.3204, "car_dcc": 2.0433, "car_lcAssertive": 8.7905, "car_lcCooperative": 0.9593, "car_lcLookaheadLeft": 88.2578, "car_lcPushy": 0.9686, "car_lcSigma": 0.9077, "car_lcSublane": 0.5522, "car_sigma": 0.1662, "car_tau_mean": 2.5567, "car_tau_std": 6.4079, "car_v_mean": 9.848, "car_v_std": 8.4834}, "datetime": {"datetime": "2024-08-07 11:22:09", "elapsed": 6831.924789, "delta": 6.260207}}
{"target": -0.3263414873952475, "params": {"bus_acc": 1.0042, "bus_dcc": 1.1876, "bus_lcAssertive": 7.0584, "bus_lcCooperative": 0.6801, "bus_lcLookaheadLeft": 27.3117, "bus_lcPushy": 0.3774, "bus_lcSigma": 0.0146, "bus_lcSublane": 0.0095, "bus_sigma": 0.4252, "bus_tau_mean": 2.7374, "bus_tau_std": 9.1115, "bus_v_mean": 20.5135, "bus_v_std": 4.3547, "car_acc": 2.3835, "car_dcc": 1.0484, "car_lcAssertive": 46.4854, "car_lcCooperative": 0.1495, "car_lcLookaheadLeft": 78.9049, "car_lcPushy": 0.6067, "car_lcSigma": 0.4505, "car_lcSublane": 0.6799, "car_sigma": 0.8653, "car_tau_mean": 1.9809, "car_tau_std": 4.7134, "car_v_mean": 19.3013, "car_v_std": 9.1029}, "datetime": {"datetime": "2024-08-07 11:22:12", "elapsed": 6835.38912, "delta": 3.464331}}
{"target": -0.3550096655228303, "params": {"bus_acc": 2.5323, "bus_dcc": 3.2876, "bus_lcAssertive": 12.5382, "bus_lcCooperative": 0.1588, "bus_lcLookaheadLeft": 45.0332, "bus_lcPushy": 0.3712, "bus_lcSigma": 0.8055, "bus_lcSublane": 0.5888, "bus_sigma": 0.6559, "bus_tau_mean": 2.0773, "bus_tau_std": 8.3976, "bus_v_mean": 12.1572, "bus_v_std": 7.9223, "car_acc": 1.1126, "car_dcc": 2.9844, "car_lcAssertive": 43.7749, "car_lcCooperative": 0.1879, "car_lcLookaheadLeft": 8.9883, "car_lcPushy": 0.0204, "car_lcSigma": 0.0864, "car_lcSublane": 0.1601, "car_sigma": 0.4478, "car_tau_mean": 3.2284, "car_tau_std": 5.9262, "car_v_mean": 21.8295, "car_v_std": 3.8484}, "datetime": {"datetime": "2024-08-07 11:22:16", "elapsed": 6838.954381, "delta": 3.565261}}
{"target": -0.3380732296548251, "params": {"bus_acc": 1.8881, "bus_dcc": 3.1966, "bus_lcAssertive": 96.5162, "bus_lcCooperative": 0.6193, "bus_lcLookaheadLeft": 58.2964, "bus_lcPushy": 0.3714, "bus_lcSigma": 0.1122, "bus_lcSublane": 0.0367, "bus_sigma": 0.2527, "bus_tau_mean": 3.549, "bus_tau_std": 9.9288, "bus_v_mean": 9.1664, "bus_v_std": 0.6902, "car_acc": 2.6158, "car_dcc": 3.113, "car_lcAssertive": 86.3437, "car_lcCooperative": 0.7836, "car_lcLookaheadLeft": 37.0555, "car_lcPushy": 0.6632, "car_lcSigma": 0.6867, "car_lcSublane": 0.3351, "car_sigma": 0.3041, "car_tau_mean": 2.7203, "car_tau_std": 0.6962, "car_v_mean": 22.5872, "car_v_std": 8.195}, "datetime": {"datetime": "2024-08-07 11:22:26", "elapsed": 6848.548862, "delta": 9.594481}}
{"target": -0.39517167537139697, "params": {"bus_acc": 2.7795, "bus_dcc": 1.3535, "bus_lcAssertive": 93.3382, "bus_lcCooperative": 0.0874, "bus_lcLookaheadLeft": 17.7306, "bus_lcPushy": 0.1608, "bus_lcSigma": 0.534, "bus_lcSublane": 0.739, "bus_sigma": 0.8845, "bus_tau_mean": 0.8009, "bus_tau_std": 4.9351, "bus_v_mean": 17.9203, "bus_v_std": 0.241, "car_acc": 2.4445, "car_dcc": 2.4182, "car_lcAssertive": 71.192, "car_lcCooperative": 0.6263, "car_lcLookaheadLeft": 47.1698, "car_lcPushy": 0.2314, "car_lcSigma": 0.2527, "car_lcSublane": 0.7187, "car_sigma": 0.5, "car_tau_mean": 3.2093, "car_tau_std": 7.3961, "car_v_mean": 13.1331, "car_v_std": 2.7819}, "datetime": {"datetime": "2024-08-07 11:22:53", "elapsed": 6876.273644, "delta": 27.724782}}
{"target": -0.3512014528510272, "params": {"bus_acc": 2.5377, "bus_dcc": 3.4061, "bus_lcAssertive": 11.3086, "bus_lcCooperative": 0.4442, "bus_lcLookaheadLeft": 32.6383, "bus_lcPushy": 0.4496, "bus_lcSigma": 0.9518, "bus_lcSublane": 0.7976, "bus_sigma": 0.2541, "bus_tau_mean": 3.308, "bus_tau_std": 0.159, "bus_v_mean": 10.2463, "bus_v_std": 6.8797, "car_acc": 1.6098, "car_dcc": 2.9939, "car_lcAssertive": 88.3701, "car_lcCooperative": 0.0424, "car_lcLookaheadLeft": 71.002, "car_lcPushy": 0.21, "car_lcSigma": 0.0973, "car_lcSublane": 0.6969, "car_sigma": 0.5394, "car_tau_mean": 2.2497, "car_tau_std": 2.1367, "car_v_mean": 23.4096, "car_v_std": 7.6234}, "datetime": {"datetime": "2024-08-07 11:23:08", "elapsed": 6890.495935, "delta": 14.222291}}
{"target": -0.3423866385119692, "params": {"bus_acc": 2.1254, "bus_dcc": 3.9885, "bus_lcAssertive": 71.9529, "bus_lcCooperative": 0.3712, "bus_lcLookaheadLeft": 24.9351, "bus_lcPushy": 0.3092, "bus_lcSigma": 0.8096, "bus_lcSublane": 0.3851, "bus_sigma": 0.5101, "bus_tau_mean": 1.2705, "bus_tau_std": 0.3028, "bus_v_mean": 9.4962, "bus_v_std": 1.7337, "car_acc": 1.9121, "car_dcc": 3.288, "car_lcAssertive": 73.2395, "car_lcCooperative": 0.4563, "car_lcLookaheadLeft": 54.6496, "car_lcPushy": 0.6279, "car_lcSigma": 0.4237, "car_lcSublane": 0.5157, "car_sigma": 0.1875, "car_tau_mean": 1.436, "car_tau_std": 1.7358, "car_v_mean": 14.7013, "car_v_std": 8.5485}, "datetime": {"datetime": "2024-08-07 11:23:15", "elapsed": 6897.942333, "delta": 7.446398}}
{"target": -0.3498054841633442, "params": {"bus_acc": 2.0369, "bus_dcc": 3.7051, "bus_lcAssertive": 56.7941, "bus_lcCooperative": 0.0823, "bus_lcLookaheadLeft": 80.8495, "bus_lcPushy": 0.0258, "bus_lcSigma": 0.7104, "bus_lcSublane": 0.352, "bus_sigma": 0.0229, "bus_tau_mean": 1.7582, "bus_tau_std": 5.5863, "bus_v_mean": 8.3166, "bus_v_std": 1.1555, "car_acc": 1.5526, "car_dcc": 3.2257, "car_lcAssertive": 17.9311, "car_lcCooperative": 0.4042, "car_lcLookaheadLeft": 34.742, "car_lcPushy": 0.5602, "car_lcSigma": 0.8949, "car_lcSublane": 0.0923, "car_sigma": 0.3943, "car_tau_mean": 3.9196, "car_tau_std": 1.4201, "car_v_mean": 17.9637, "car_v_std": 8.841}, "datetime": {"datetime": "2024-08-07 11:23:21", "elapsed": 6903.660749, "delta": 5.718416}}
{"target": -0.3178237759032757, "params": {"bus_acc": 1.5861, "bus_dcc": 3.4435, "bus_lcAssertive": 25.9326, "bus_lcCooperative": 0.5028, "bus_lcLookaheadLeft": 99.4082, "bus_lcPushy": 0.1755, "bus_lcSigma": 0.8008, "bus_lcSublane": 0.9272, "bus_sigma": 0.6617, "bus_tau_mean": 1.9329, "bus_tau_std": 5.1914, "bus_v_mean": 15.3335, "bus_v_std": 4.4943, "car_acc": 2.9995, "car_dcc": 1.1246, "car_lcAssertive": 52.4125, "car_lcCooperative": 0.7961, "car_lcLookaheadLeft": 31.2169, "car_lcPushy": 0.1146, "car_lcSigma": 0.1975, "car_lcSublane": 0.9255, "car_sigma": 0.063, "car_tau_mean": 3.0178, "car_tau_std": 5.9657, "car_v_mean": 13.5477, "car_v_std": 3.3507}, "datetime": {"datetime": "2024-08-07 11:23:39", "elapsed": 6922.187568, "delta": 18.526819}}
{"target": -0.3398213760596842, "params": {"bus_acc": 1.5868, "bus_dcc": 1.8903, "bus_lcAssertive": 3.0518, "bus_lcCooperative": 0.4944, "bus_lcLookaheadLeft": 28.0251, "bus_lcPushy": 0.1619, "bus_lcSigma": 0.6054, "bus_lcSublane": 0.9154, "bus_sigma": 0.3925, "bus_tau_mean": 2.7007, "bus_tau_std": 2.0628, "bus_v_mean": 16.8316, "bus_v_std": 9.5803, "car_acc": 2.5214, "car_dcc": 3.5416, "car_lcAssertive": 87.1443, "car_lcCooperative": 0.0083, "car_lcLookaheadLeft": 49.2312, "car_lcPushy": 0.0449, "car_lcSigma": 0.8503, "car_lcSublane": 0.0093, "car_sigma": 0.7169, "car_tau_mean": 3.1705, "car_tau_std": 6.2044, "car_v_mean": 16.0617, "car_v_std": 8.6827}, "datetime": {"datetime": "2024-08-07 11:23:57", "elapsed": 6940.43899, "delta": 18.251422}}
{"target": -0.49129372285580053, "params": {"bus_acc": 2.8608, "bus_dcc": 1.456, "bus_lcAssertive": 57.2025, "bus_lcCooperative": 0.103, "bus_lcLookaheadLeft": 60.0637, "bus_lcPushy": 0.8141, "bus_lcSigma": 0.8965, "bus_lcSublane": 0.6868, "bus_sigma": 0.9241, "bus_tau_mean": 2.5844, "bus_tau_std": 2.5929, "bus_v_mean": 13.6856, "bus_v_std": 9.5267, "car_acc": 2.6751, "car_dcc": 3.6738, "car_lcAssertive": 1.4193, "car_lcCooperative": 0.5624, "car_lcLookaheadLeft": 89.9622, "car_lcPushy": 0.8886, "car_lcSigma": 0.1722, "car_lcSublane": 0.7555, "car_sigma": 0.2161, "car_tau_mean": 0.6748, "car_tau_std": 7.1794, "car_v_mean": 8.3179, "car_v_std": 2.9701}, "datetime": {"datetime": "2024-08-07 11:24:14", "elapsed": 6956.77746, "delta": 16.33847}}
{"target": -0.32803030963044494, "params": {"bus_acc": 1.8145, "bus_dcc": 3.8535, "bus_lcAssertive": 84.2757, "bus_lcCooperative": 0.9238, "bus_lcLookaheadLeft": 50.9795, "bus_lcPushy": 0.2727, "bus_lcSigma": 0.8563, "bus_lcSublane": 0.9296, "bus_sigma": 0.4012, "bus_tau_mean": 0.5486, "bus_tau_std": 3.7736, "bus_v_mean": 11.2121, "bus_v_std": 5.8434, "car_acc": 2.1273, "car_dcc": 1.9057, "car_lcAssertive": 2.3511, "car_lcCooperative": 0.7554, "car_lcLookaheadLeft": 70.1287, "car_lcPushy": 0.9677, "car_lcSigma": 0.9969, "car_lcSublane": 0.0611, "car_sigma": 0.8666, "car_tau_mean": 1.0244, "car_tau_std": 1.4214, "car_v_mean": 16.9217, "car_v_std": 9.9432}, "datetime": {"datetime": "2024-08-07 11:24:22", "elapsed": 6965.455834, "delta": 8.678374}}
{"target": -0.34969238194667607, "params": {"bus_acc": 2.9259, "bus_dcc": 2.4103, "bus_lcAssertive": 90.7003, "bus_lcCooperative": 0.4221, "bus_lcLookaheadLeft": 41.8874, "bus_lcPushy": 0.8296, "bus_lcSigma": 0.531, "bus_lcSublane": 0.6816, "bus_sigma": 0.7051, "bus_tau_mean": 3.45, "bus_tau_std": 5.4618, "bus_v_mean": 18.3254, "bus_v_std": 4.9542, "car_acc": 2.4043, "car_dcc": 3.3664, "car_lcAssertive": 66.5171, "car_lcCooperative": 0.1596, "car_lcLookaheadLeft": 76.8502, "car_lcPushy": 0.9278, "car_lcSigma": 0.5254, "car_lcSublane": 0.7521, "car_sigma": 0.8868, "car_tau_mean": 2.0245, "car_tau_std": 8.9884, "car_v_mean": 14.1743, "car_v_std": 2.826}, "datetime": {"datetime": "2024-08-07 11:24:26", "elapsed": 6969.372382, "delta": 3.916548}}
{"target": -0.413181983270962, "params": {"bus_acc": 1.439, "bus_dcc": 2.7938, "bus_lcAssertive": 88.9185, "bus_lcCooperative": 0.7734, "bus_lcLookaheadLeft": 72.3708, "bus_lcPushy": 0.9049, "bus_lcSigma": 0.2618, "bus_lcSublane": 0.5426, "bus_sigma": 0.6425, "bus_tau_mean": 2.8478, "bus_tau_std": 1.0733, "bus_v_mean": 10.2184, "bus_v_std": 9.7815, "car_acc": 1.4709, "car_dcc": 2.4805, "car_lcAssertive": 12.6881, "car_lcCooperative": 0.8102, "car_lcLookaheadLeft": 25.7809, "car_lcPushy": 0.8722, "car_lcSigma": 0.4529, "car_lcSublane": 0.2634, "car_sigma": 0.0122, "car_tau_mean": 0.87, "car_tau_std": 0.1633, "car_v_mean": 18.7271, "car_v_std": 9.4331}, "datetime": {"datetime": "2024-08-07 11:24:53", "elapsed": 6996.012867, "delta": 26.640485}}
{"target": -0.3786368299513506, "params": {"bus_acc": 1.4323, "bus_dcc": 2.3921, "bus_lcAssertive": 98.5212, "bus_lcCooperative": 0.4925, "bus_lcLookaheadLeft": 51.6054, "bus_lcPushy": 0.7731, "bus_lcSigma": 0.807, "bus_lcSublane": 0.9687, "bus_sigma": 0.474, "bus_tau_mean": 1.241, "bus_tau_std": 2.7254, "bus_v_mean": 22.4909, "bus_v_std": 9.7823, "car_acc": 2.5519, "car_dcc": 1.4799, "car_lcAssertive": 14.2562, "car_lcCooperative": 0.4334, "car_lcLookaheadLeft": 90.5116, "car_lcPushy": 0.593, "car_lcSigma": 0.7921, "car_lcSublane": 0.5476, "car_sigma": 0.3228, "car_tau_mean": 1.526, "car_tau_std": 4.3, "car_v_mean": 22.458, "car_v_std": 1.7347}, "datetime": {"datetime": "2024-08-07 11:25:13", "elapsed": 7016.320492, "delta": 20.307625}}
{"target": -0.40268087133760166, "params": {"bus_acc": 1.3646, "bus_dcc": 3.1085, "bus_lcAssertive": 95.6962, "bus_lcCooperative": 0.3557, "bus_lcLookaheadLeft": 24.125, "bus_lcPushy": 0.6562, "bus_lcSigma": 0.5896, "bus_lcSublane": 0.1224, "bus_sigma": 0.5185, "bus_tau_mean": 3.845, "bus_tau_std": 5.7511, "bus_v_mean": 21.5934, "bus_v_std": 9.778, "car_acc": 1.7569, "car_dcc": 3.1725, "car_lcAssertive": 24.4436, "car_lcCooperative": 0.9798, "car_lcLookaheadLeft": 13.0722, "car_lcPushy": 0.951, "car_lcSigma": 0.6327, "car_lcSublane": 0.673, "car_sigma": 0.1738, "car_tau_mean": 3.02, "car_tau_std": 3.4505, "car_v_mean": 21.6528, "car_v_std": 1.169}, "datetime": {"datetime": "2024-08-07 11:25:17", "elapsed": 7019.626666, "delta": 3.306174}}
{"target": -0.33808183687262994, "params": {"bus_acc": 1.4398, "bus_dcc": 3.9888, "bus_lcAssertive": 44.955, "bus_lcCooperative": 0.2968, "bus_lcLookaheadLeft": 85.6996, "bus_lcPushy": 0.5442, "bus_lcSigma": 0.0034, "bus_lcSublane": 0.7222, "bus_sigma": 0.2824, "bus_tau_mean": 2.2444, "bus_tau_std": 3.1883, "bus_v_mean": 8.8679, "bus_v_std": 3.0477, "car_acc": 1.3872, "car_dcc": 2.7498, "car_lcAssertive": 80.2527, "car_lcCooperative": 0.5357, "car_lcLookaheadLeft": 70.0969, "car_lcPushy": 0.8786, "car_lcSigma": 0.5761, "car_lcSublane": 0.6576, "car_sigma": 0.9659, "car_tau_mean": 1.3042, "car_tau_std": 5.6692, "car_v_mean": 14.5613, "car_v_std": 0.4572}, "datetime": {"datetime": "2024-08-07 11:25:33", "elapsed": 7035.764433, "delta": 16.137767}}
{"target": -0.3309427789766537, "params": {"bus_acc": 2.8428, "bus_dcc": 1.58, "bus_lcAssertive": 89.7751, "bus_lcCooperative": 0.684, "bus_lcLookaheadLeft": 90.9263, "bus_lcPushy": 0.0065, "bus_lcSigma": 0.3557, "bus_lcSublane": 0.3533, "bus_sigma": 0.6571, "bus_tau_mean": 2.6225, "bus_tau_std": 6.8206, "bus_v_mean": 20.0657, "bus_v_std": 8.3642, "car_acc": 2.5544, "car_dcc": 3.0797, "car_lcAssertive": 66.1262, "car_lcCooperative": 0.981, "car_lcLookaheadLeft": 71.2296, "car_lcPushy": 0.9581, "car_lcSigma": 0.1002, "car_lcSublane": 0.4604, "car_sigma": 0.7621, "car_tau_mean": 3.3583, "car_tau_std": 8.7447, "car_v_mean": 13.4436, "car_v_std": 4.1828}, "datetime": {"datetime": "2024-08-07 11:25:58", "elapsed": 7060.693271, "delta": 24.928838}}
