{"target": -0.3112670315128488, "params": {"bus_acc": 1.8429820208561962, "bus_dcc": 2.665313290025315, "bus_lcAssertive": 97.10345894261806, "bus_lcCooperative": 0.09175383344119148, "bus_lcLookaheadLeft": 28.843973136496388, "bus_lcPushy": 0.10510706908204948, "bus_lcSigma": 0.3904396367376164, "bus_lcSublane": 0.2890110831877697, "bus_sigma": 0.5133003494679066, "bus_tau_mean": 1.7188983861276144, "bus_tau_std": 9.28228018250101, "bus_v_mean": 20.639164742128646, "bus_v_std": 8.610113686139755, "car_acc": 1.2590018918857917, "car_dcc": 2.725210500966142, "car_lcAssertive": 22.263471052601016, "car_lcCooperative": 0.868238571440889, "car_lcLookaheadLeft": 3.4719033318355597, "car_lcPushy": 0.10574421513005217, "car_lcSigma": 0.3760570755473156, "car_lcSublane": 0.4020939060931935, "car_sigma": 0.2772200829786826, "car_tau_mean": 0.8362204956597872, "car_tau_std": 1.1873040511259358, "car_v_mean": 13.087116061557342, "car_v_std": 9.507928340777205}, "datetime": {"datetime": "2024-08-07 01:01:42", "elapsed": 229.037728, "delta": 5.073197}}
{"target": -0.42689650803969287, "params": {"bus_acc": 2.9675, "bus_dcc": 2.8613, "bus_lcAssertive": 53.4389, "bus_lcCooperative": 0.2274, "bus_lcLookaheadLeft": 65.3336, "bus_lcPushy": 0.5496, "bus_lcSigma": 0.4281, "bus_lcSublane": 0.6328, "bus_sigma": 0.5814, "bus_tau_mean": 2.5419, "bus_tau_std": 9.9998, "bus_v_mean": 14.2277, "bus_v_std": 8.1417, "car_acc": 2.5032, "car_dcc": 3.9802, "car_lcAssertive": 36.538, "car_lcCooperative": 0.4444, "car_lcLookaheadLeft": 91.4788, "car_lcPushy": 0.2424, "car_lcSigma": 0.9507, "car_lcSublane": 0.5563, "car_sigma": 0.5753, "car_tau_mean": 4.0, "car_tau_std": 0.5835, "car_v_mean": 16.6649, "car_v_std": 0.5099}, "datetime": {"datetime": "2024-08-07 01:01:43", "elapsed": 230.295711, "delta": 1.257983}}
{"target": -0.4135947348513685, "params": {"bus_acc": 3.0, "bus_dcc": 2.8959, "bus_lcAssertive": 53.4734, "bus_lcCooperative": 0.2448, "bus_lcLookaheadLeft": 65.351, "bus_lcPushy": 0.5669, "bus_lcSigma": 0.4455, "bus_lcSublane": 0.6502, "bus_sigma": 0.5987, "bus_tau_mean": 2.5764, "bus_tau_std": 10.0, "bus_v_mean": 14.2622, "bus_v_std": 8.1763, "car_acc": 2.5377, "car_dcc": 4.0, "car_lcAssertive": 36.5725, "car_lcCooperative": 0.4618, "car_lcLookaheadLeft": 91.4962, "car_lcPushy": 0.2598, "car_lcSigma": 0.9508, "car_lcSublane": 0.5564, "car_sigma": 0.5926, "car_tau_mean": 4.0, "car_tau_std": 0.5836, "car_v_mean": 16.6995, "car_v_std": 0.5272}, "datetime": {"datetime": "2024-08-07 01:01:45", "elapsed": 232.112879, "delta": 1.817168}}
{"target": -0.35899573458685774, "params": {"bus_acc": 2.791458217057408, "bus_dcc": 3.849539166640262, "bus_lcAssertive": 96.19568170101886, "bus_lcCooperative": 0.7300825577402602, "bus_lcLookaheadLeft": 41.81626591345488, "bus_lcPushy": 0.7437491963512196, "bus_lcSigma": 0.28798687927475153, "bus_lcSublane": 0.3144172223907462, "bus_sigma": 0.605896361217858, "bus_tau_mean": 2.581964966927712, "bus_tau_std": 8.786609763158111, "bus_v_mean": 12.073612090569231, "bus_v_std": 7.661883652028218, "car_acc": 2.8820265336378026, "car_dcc": 1.003098797973204, "car_lcAssertive": 48.13282268220838, "car_lcCooperative": 0.6570403290247293, "car_lcLookaheadLeft": 84.6456749641132, "car_lcPushy": 0.18373941187600173, "car_lcSigma": 0.8561592379873718, "car_lcSublane": 0.36436547985702794, "car_sigma": 0.8922739292761724, "car_tau_mean": 0.5969910904282775, "car_tau_std": 0.8539013912317062, "car_v_mean": 23.7025674520658, "car_v_std": 6.0950192577349664}, "datetime": {"datetime": "2024-08-07 01:01:47", "elapsed": 234.392703, "delta": 2.279824}}
{"target": -0.5078682287222246, "params": {"bus_acc": 2.9591, "bus_dcc": 2.8322, "bus_lcAssertive": 53.4098, "bus_lcCooperative": 0.2129, "bus_lcLookaheadLeft": 65.3192, "bus_lcPushy": 0.5351, "bus_lcSigma": 0.4137, "bus_lcSublane": 0.6183, "bus_sigma": 0.5669, "bus_tau_mean": 2.5128, "bus_tau_std": 9.9994, "bus_v_mean": 14.1986, "bus_v_std": 8.1126, "car_acc": 2.474, "car_dcc": 3.9952, "car_lcAssertive": 36.5088, "car_lcCooperative": 0.43, "car_lcLookaheadLeft": 91.4643, "car_lcPushy": 0.228, "car_lcSigma": 0.9508, "car_lcSublane": 0.5564, "car_sigma": 0.5608, "car_tau_mean": 4.0, "car_tau_std": 0.5836, "car_v_mean": 16.6358, "car_v_std": 0.4954}, "datetime": {"datetime": "2024-08-07 01:01:50", "elapsed": 237.534074, "delta": 3.141371}}
{"target": -0.36406008212640534, "params": {"bus_acc": 2.9867, "bus_dcc": 2.8598, "bus_lcAssertive": 53.4374, "bus_lcCooperative": 0.2264, "bus_lcLookaheadLeft": 65.3326, "bus_lcPushy": 0.5486, "bus_lcSigma": 0.4271, "bus_lcSublane": 0.6318, "bus_sigma": 0.5804, "bus_tau_mean": 2.5404, "bus_tau_std": 10.0, "bus_v_mean": 14.2262, "bus_v_std": 8.1402, "car_acc": 2.5017, "car_dcc": 3.9982, "car_lcAssertive": 36.5364, "car_lcCooperative": 0.4434, "car_lcLookaheadLeft": 91.4778, "car_lcPushy": 0.2414, "car_lcSigma": 0.9511, "car_lcSublane": 0.5567, "car_sigma": 0.5743, "car_tau_mean": 4.0, "car_tau_std": 0.5839, "car_v_mean": 16.6634, "car_v_std": 0.5089}, "datetime": {"datetime": "2024-08-07 01:01:53", "elapsed": 240.675648, "delta": 3.141574}}
{"target": -0.3735919075570515, "params": {"bus_acc": 2.9604, "bus_dcc": 2.8335, "bus_lcAssertive": 53.411, "bus_lcCooperative": 0.2133, "bus_lcLookaheadLeft": 65.3196, "bus_lcPushy": 0.5355, "bus_lcSigma": 0.414, "bus_lcSublane": 0.6187, "bus_sigma": 0.5673, "bus_tau_mean": 2.514, "bus_tau_std": 10.0, "bus_v_mean": 14.1998, "bus_v_std": 8.1139, "car_acc": 2.4753, "car_dcc": 4.0, "car_lcAssertive": 36.5101, "car_lcCooperative": 0.4303, "car_lcLookaheadLeft": 91.4647, "car_lcPushy": 0.2284, "car_lcSigma": 0.9509, "car_lcSublane": 0.5565, "car_sigma": 0.5612, "car_tau_mean": 4.0, "car_tau_std": 0.5837, "car_v_mean": 16.6371, "car_v_std": 0.4958}, "datetime": {"datetime": "2024-08-07 01:01:55", "elapsed": 242.575138, "delta": 1.89949}}
{"target": -0.43116384615383596, "params": {"bus_acc": 2.986, "bus_dcc": 2.8591, "bus_lcAssertive": 53.4367, "bus_lcCooperative": 0.226, "bus_lcLookaheadLeft": 65.3323, "bus_lcPushy": 0.5482, "bus_lcSigma": 0.4267, "bus_lcSublane": 0.6314, "bus_sigma": 0.58, "bus_tau_mean": 2.5397, "bus_tau_std": 10.0, "bus_v_mean": 14.2255, "bus_v_std": 8.1395, "car_acc": 2.5009, "car_dcc": 4.0, "car_lcAssertive": 36.5357, "car_lcCooperative": 0.4431, "car_lcLookaheadLeft": 91.4774, "car_lcPushy": 0.2411, "car_lcSigma": 0.9509, "car_lcSublane": 0.5565, "car_sigma": 0.5739, "car_tau_mean": 4.0, "car_tau_std": 0.5837, "car_v_mean": 16.6627, "car_v_std": 0.5085}, "datetime": {"datetime": "2024-08-07 01:01:57", "elapsed": 244.245288, "delta": 1.67015}}
{"target": -0.3786523088089541, "params": {"bus_acc": 1.531814082095655, "bus_dcc": 3.068484589533008, "bus_lcAssertive": 2.4938414556649318, "bus_lcCooperative": 0.03219440386857053, "bus_lcLookaheadLeft": 30.177542122354808, "bus_lcPushy": 0.3366231805122991, "bus_lcSigma": 0.36221610553001116, "bus_lcSublane": 0.8071905755135196, "bus_sigma": 0.035980967658641894, "bus_tau_mean": 1.754383356188638, "bus_tau_std": 6.382781332668243, "bus_v_mean": 10.288065752293162, "bus_v_std": 8.577386145114406, "car_acc": 2.2911288165468653, "car_dcc": 1.3458802764400812, "car_lcAssertive": 21.601643589895772, "car_lcCooperative": 0.7454983307481646, "car_lcLookaheadLeft": 41.53384957674894, "car_lcPushy": 0.48447006094850675, "car_lcSigma": 0.8874550780727275, "car_lcSublane": 0.1374435496242309, "car_sigma": 0.9643727973861176, "car_tau_mean": 0.6492038862880296, "car_tau_std": 0.9944025725488481, "car_v_mean": 11.571814895047096, "car_v_std": 8.06585082260514}, "datetime": {"datetime": "2024-08-07 01:01:58", "elapsed": 245.493701, "delta": 1.248413}}
{"target": -0.5461557797656384, "params": {"bus_acc": 2.9267, "bus_dcc": 3.603, "bus_lcAssertive": 88.6595, "bus_lcCooperative": 0.6239, "bus_lcLookaheadLeft": 75.8046, "bus_lcPushy": 0.5611, "bus_lcSigma": 0.4822, "bus_lcSublane": 0.8961, "bus_sigma": 0.6403, "bus_tau_mean": 4.0, "bus_tau_std": 7.0595, "bus_v_mean": 18.3722, "bus_v_std": 1.5725, "car_acc": 3.0, "car_dcc": 2.7748, "car_lcAssertive": 58.6856, "car_lcCooperative": 0.6204, "car_lcLookaheadLeft": 25.6537, "car_lcPushy": 0.9036, "car_lcSigma": 0.5739, "car_lcSublane": 0.2151, "car_sigma": 0.6174, "car_tau_mean": 2.0683, "car_tau_std": 5.6956, "car_v_mean": 22.6001, "car_v_std": 3.9977}, "datetime": {"datetime": "2024-08-07 01:02:00", "elapsed": 246.920131, "delta": 1.42643}}
{"target": -0.40480545986869654, "params": {"bus_acc": 1.7474, "bus_dcc": 3.3614, "bus_lcAssertive": 57.4445, "bus_lcCooperative": 0.6905, "bus_lcLookaheadLeft": 44.3916, "bus_lcPushy": 0.5987, "bus_lcSigma": 0.8494, "bus_lcSublane": 0.7506, "bus_sigma": 0.5788, "bus_tau_mean": 4.0, "bus_tau_std": 0.6469, "bus_v_mean": 24.0, "bus_v_std": 0.5294, "car_acc": 1.843, "car_dcc": 2.7122, "car_lcAssertive": 12.0873, "car_lcCooperative": 0.6231, "car_lcLookaheadLeft": 7.1472, "car_lcPushy": 0.5065, "car_lcSigma": 0.2829, "car_lcSublane": 0.703, "car_sigma": 0.6679, "car_tau_mean": 2.269, "car_tau_std": 2.3259, "car_v_mean": 20.396, "car_v_std": 3.8478}, "datetime": {"datetime": "2024-08-07 01:02:01", "elapsed": 248.112616, "delta": 1.192485}}
{"target": -0.5182712850761136, "params": {"bus_acc": 2.9169, "bus_dcc": 3.5932, "bus_lcAssertive": 88.6551, "bus_lcCooperative": 0.6236, "bus_lcLookaheadLeft": 75.8001, "bus_lcPushy": 0.5567, "bus_lcSigma": 0.4777, "bus_lcSublane": 0.8958, "bus_sigma": 0.6359, "bus_tau_mean": 4.0, "bus_tau_std": 7.0497, "bus_v_mean": 18.3624, "bus_v_std": 1.5627, "car_acc": 3.0, "car_dcc": 2.765, "car_lcAssertive": 58.6758, "car_lcCooperative": 0.6159, "car_lcLookaheadLeft": 25.6439, "car_lcPushy": 0.9033, "car_lcSigma": 0.5736, "car_lcSublane": 0.2107, "car_sigma": 0.617, "car_tau_mean": 2.0585, "car_tau_std": 5.6858, "car_v_mean": 22.5903, "car_v_std": 3.9879}, "datetime": {"datetime": "2024-08-07 01:02:02", "elapsed": 249.736128, "delta": 1.623512}}
{"target": -0.5969362461387051, "params": {"bus_acc": 2.3087, "bus_dcc": 4.0, "bus_lcAssertive": 100.0, "bus_lcCooperative": 0.9213, "bus_lcLookaheadLeft": 21.9136, "bus_lcPushy": 0.0, "bus_lcSigma": 0.0, "bus_lcSublane": 1.0, "bus_sigma": 0.736, "bus_tau_mean": 2.5046, "bus_tau_std": 4.8641, "bus_v_mean": 24.0, "bus_v_std": 0.0, "car_acc": 3.0, "car_dcc": 2.7636, "car_lcAssertive": 75.1623, "car_lcCooperative": 0.5482, "car_lcLookaheadLeft": 28.4504, "car_lcPushy": 0.4148, "car_lcSigma": 0.426, "car_lcSublane": 0.0, "car_sigma": 0.4304, "car_tau_mean": 1.6888, "car_tau_std": 3.3923, "car_v_mean": 24.0, "car_v_std": 3.3151}, "datetime": {"datetime": "2024-08-07 01:02:04", "elapsed": 251.315413, "delta": 1.579285}}
{"target": -0.5089000754328975, "params": {"bus_acc": 2.997, "bus_dcc": 2.7221, "bus_lcAssertive": 82.7948, "bus_lcCooperative": 0.6267, "bus_lcLookaheadLeft": 16.4912, "bus_lcPushy": 0.2962, "bus_lcSigma": 0.2362, "bus_lcSublane": 0.2845, "bus_sigma": 0.6716, "bus_tau_mean": 0.8969, "bus_tau_std": 0.4957, "bus_v_mean": 20.5135, "bus_v_std": 4.3843, "car_acc": 2.8819, "car_dcc": 2.793, "car_lcAssertive": 45.9944, "car_lcCooperative": 0.6898, "car_lcLookaheadLeft": 48.8882, "car_lcPushy": 0.8034, "car_lcSigma": 0.6192, "car_lcSublane": 0.9049, "car_sigma": 0.2549, "car_tau_mean": 3.6155, "car_tau_std": 1.6922, "car_v_mean": 18.332, "car_v_std": 0.3215}, "datetime": {"datetime": "2024-08-07 01:02:06", "elapsed": 253.348106, "delta": 2.032693}}
{"target": -0.41431745385700725, "params": {"bus_acc": 2.2619, "bus_dcc": 2.5506, "bus_lcAssertive": 13.9489, "bus_lcCooperative": 0.4465, "bus_lcLookaheadLeft": 10.1798, "bus_lcPushy": 0.5051, "bus_lcSigma": 0.7419, "bus_lcSublane": 0.6152, "bus_sigma": 0.6726, "bus_tau_mean": 0.5296, "bus_tau_std": 7.1881, "bus_v_mean": 16.4552, "bus_v_std": 2.7134, "car_acc": 1.7541, "car_dcc": 1.9592, "car_lcAssertive": 84.7839, "car_lcCooperative": 0.9828, "car_lcLookaheadLeft": 91.7487, "car_lcPushy": 0.5496, "car_lcSigma": 0.7804, "car_lcSublane": 0.5467, "car_sigma": 0.8167, "car_tau_mean": 2.5973, "car_tau_std": 6.3038, "car_v_mean": 21.0005, "car_v_std": 1.4066}, "datetime": {"datetime": "2024-08-07 01:02:08", "elapsed": 255.143642, "delta": 1.795536}}
{"target": -0.44289176105274347, "params": {"bus_acc": 1.6664, "bus_dcc": 1.8206, "bus_lcAssertive": 40.2397, "bus_lcCooperative": 0.4729, "bus_lcLookaheadLeft": 85.8705, "bus_lcPushy": 0.5715, "bus_lcSigma": 0.5742, "bus_lcSublane": 0.8217, "bus_sigma": 0.3122, "bus_tau_mean": 2.5889, "bus_tau_std": 5.1704, "bus_v_mean": 20.7457, "bus_v_std": 3.5612, "car_acc": 2.701, "car_dcc": 3.3796, "car_lcAssertive": 19.6755, "car_lcCooperative": 0.3684, "car_lcLookaheadLeft": 66.0655, "car_lcPushy": 0.1119, "car_lcSigma": 0.7259, "car_lcSublane": 0.5773, "car_sigma": 0.4708, "car_tau_mean": 3.7612, "car_tau_std": 0.4751, "car_v_mean": 17.5639, "car_v_std": 5.46}, "datetime": {"datetime": "2024-08-07 01:02:09", "elapsed": 256.712049, "delta": 1.568407}}
{"target": -0.37509160362130645, "params": {"bus_acc": 2.8912, "bus_dcc": 2.5163, "bus_lcAssertive": 67.7084, "bus_lcCooperative": 0.2119, "bus_lcLookaheadLeft": 79.7704, "bus_lcPushy": 0.1621, "bus_lcSigma": 0.114, "bus_lcSublane": 0.8784, "bus_sigma": 0.4518, "bus_tau_mean": 2.56, "bus_tau_std": 9.7417, "bus_v_mean": 14.297, "bus_v_std": 7.4922, "car_acc": 2.5278, "car_dcc": 3.6634, "car_lcAssertive": 32.8077, "car_lcCooperative": 0.0324, "car_lcLookaheadLeft": 62.1588, "car_lcPushy": 0.191, "car_lcSigma": 0.8884, "car_lcSublane": 0.1216, "car_sigma": 0.3269, "car_tau_mean": 3.1621, "car_tau_std": 0.0, "car_v_mean": 17.075, "car_v_std": 0.3285}, "datetime": {"datetime": "2024-08-07 01:02:11", "elapsed": 258.736479, "delta": 2.02443}}
{"target": -0.4051105161198327, "params": {"bus_acc": 1.519, "bus_dcc": 1.8837, "bus_lcAssertive": 22.3378, "bus_lcCooperative": 0.2038, "bus_lcLookaheadLeft": 10.0822, "bus_lcPushy": 0.6272, "bus_lcSigma": 0.3829, "bus_lcSublane": 0.6559, "bus_sigma": 0.372, "bus_tau_mean": 0.5, "bus_tau_std": 6.0709, "bus_v_mean": 19.8529, "bus_v_std": 5.8831, "car_acc": 1.5292, "car_dcc": 1.2899, "car_lcAssertive": 82.2126, "car_lcCooperative": 0.8943, "car_lcLookaheadLeft": 88.9886, "car_lcPushy": 0.5255, "car_lcSigma": 0.7941, "car_lcSublane": 0.7397, "car_sigma": 0.6096, "car_tau_mean": 2.3414, "car_tau_std": 5.433, "car_v_mean": 19.7299, "car_v_std": 4.2668}, "datetime": {"datetime": "2024-08-07 01:02:15", "elapsed": 262.344308, "delta": 3.607829}}
{"target": -0.35681946776886564, "params": {"bus_acc": 1.4837, "bus_dcc": 1.8339, "bus_lcAssertive": 21.7063, "bus_lcCooperative": 0.1818, "bus_lcLookaheadLeft": 9.8061, "bus_lcPushy": 0.6382, "bus_lcSigma": 0.3954, "bus_lcSublane": 0.6592, "bus_sigma": 0.3862, "bus_tau_mean": 0.5, "bus_tau_std": 6.0197, "bus_v_mean": 20.1536, "bus_v_std": 5.9633, "car_acc": 1.5251, "car_dcc": 1.2906, "car_lcAssertive": 82.2742, "car_lcCooperative": 0.9118, "car_lcLookaheadLeft": 88.8733, "car_lcPushy": 0.5221, "car_lcSigma": 0.7913, "car_lcSublane": 0.7335, "car_sigma": 0.6026, "car_tau_mean": 2.3469, "car_tau_std": 5.4419, "car_v_mean": 19.7067, "car_v_std": 4.2791}, "datetime": {"datetime": "2024-08-07 01:02:17", "elapsed": 264.001678, "delta": 1.65737}}
{"target": -0.3459953865207248, "params": {"bus_acc": 1.8956, "bus_dcc": 1.8165, "bus_lcAssertive": 64.581, "bus_lcCooperative": 0.6905, "bus_lcLookaheadLeft": 82.4381, "bus_lcPushy": 0.6206, "bus_lcSigma": 0.6909, "bus_lcSublane": 0.6845, "bus_sigma": 0.231, "bus_tau_mean": 2.1539, "bus_tau_std": 3.0818, "bus_v_mean": 22.6102, "bus_v_std": 3.2051, "car_acc": 2.4333, "car_dcc": 2.7907, "car_lcAssertive": 18.008, "car_lcCooperative": 0.2858, "car_lcLookaheadLeft": 39.6128, "car_lcPushy": 0.1821, "car_lcSigma": 0.5148, "car_lcSublane": 0.394, "car_sigma": 0.7149, "car_tau_mean": 3.4052, "car_tau_std": 3.4451, "car_v_mean": 13.6395, "car_v_std": 4.7031}, "datetime": {"datetime": "2024-08-07 01:02:27", "elapsed": 273.793973, "delta": 9.792295}}
{"target": -0.37459151347177455, "params": {"bus_acc": 1.2587, "bus_dcc": 1.538, "bus_lcAssertive": 20.1091, "bus_lcCooperative": 0.0689, "bus_lcLookaheadLeft": 8.5736, "bus_lcPushy": 0.7419, "bus_lcSigma": 0.3914, "bus_lcSublane": 0.6838, "bus_sigma": 0.4031, "bus_tau_mean": 0.5, "bus_tau_std": 5.6264, "bus_v_mean": 22.2028, "bus_v_std": 6.9196, "car_acc": 1.5226, "car_dcc": 1.2469, "car_lcAssertive": 82.1757, "car_lcCooperative": 0.9806, "car_lcLookaheadLeft": 87.8695, "car_lcPushy": 0.5317, "car_lcSigma": 0.7805, "car_lcSublane": 0.7392, "car_sigma": 0.5392, "car_tau_mean": 2.3945, "car_tau_std": 5.3829, "car_v_mean": 19.4683, "car_v_std": 4.8102}, "datetime": {"datetime": "2024-08-07 01:02:30", "elapsed": 277.515274, "delta": 3.721301}}
{"target": -0.37548474933262077, "params": {"bus_acc": 2.1518, "bus_dcc": 2.8186, "bus_lcAssertive": 15.8352, "bus_lcCooperative": 0.2476, "bus_lcLookaheadLeft": 48.3797, "bus_lcPushy": 0.6005, "bus_lcSigma": 0.4425, "bus_lcSublane": 0.7311, "bus_sigma": 0.4958, "bus_tau_mean": 3.0491, "bus_tau_std": 4.1905, "bus_v_mean": 15.7168, "bus_v_std": 3.1923, "car_acc": 2.3083, "car_dcc": 2.0483, "car_lcAssertive": 37.3258, "car_lcCooperative": 0.6729, "car_lcLookaheadLeft": 74.1577, "car_lcPushy": 0.2355, "car_lcSigma": 0.3494, "car_lcSublane": 0.6934, "car_sigma": 0.3353, "car_tau_mean": 2.9827, "car_tau_std": 5.8997, "car_v_mean": 18.6831, "car_v_std": 2.756}, "datetime": {"datetime": "2024-08-07 01:02:35", "elapsed": 282.418732, "delta": 4.903458}}
{"target": -0.30785491673938303, "params": {"bus_acc": 1.7201, "bus_dcc": 2.1631, "bus_lcAssertive": 30.3676, "bus_lcCooperative": 0.4102, "bus_lcLookaheadLeft": 11.0465, "bus_lcPushy": 0.87, "bus_lcSigma": 0.3025, "bus_lcSublane": 0.6837, "bus_sigma": 0.3347, "bus_tau_mean": 0.5374, "bus_tau_std": 6.0012, "bus_v_mean": 22.9422, "bus_v_std": 9.0331, "car_acc": 2.1054, "car_dcc": 1.51, "car_lcAssertive": 80.4994, "car_lcCooperative": 0.806, "car_lcLookaheadLeft": 87.3261, "car_lcPushy": 0.6696, "car_lcSigma": 0.8078, "car_lcSublane": 0.8975, "car_sigma": 0.6681, "car_tau_mean": 2.8809, "car_tau_std": 5.4898, "car_v_mean": 19.5002, "car_v_std": 7.2576}, "datetime": {"datetime": "2024-08-07 01:02:40", "elapsed": 287.673561, "delta": 5.254829}}
{"target": -0.3227272109780141, "params": {"bus_acc": 1.7523, "bus_dcc": 2.1954, "bus_lcAssertive": 30.3998, "bus_lcCooperative": 0.4264, "bus_lcLookaheadLeft": 11.0788, "bus_lcPushy": 0.8702, "bus_lcSigma": 0.3186, "bus_lcSublane": 0.684, "bus_sigma": 0.3508, "bus_tau_mean": 0.5377, "bus_tau_std": 6.0334, "bus_v_mean": 22.9745, "bus_v_std": 9.0653, "car_acc": 2.1377, "car_dcc": 1.5422, "car_lcAssertive": 80.5155, "car_lcCooperative": 0.8062, "car_lcLookaheadLeft": 87.3423, "car_lcPushy": 0.6699, "car_lcSigma": 0.808, "car_lcSublane": 0.8978, "car_sigma": 0.6843, "car_tau_mean": 2.9132, "car_tau_std": 5.5221, "car_v_mean": 19.5325, "car_v_std": 7.2898}, "datetime": {"datetime": "2024-08-07 01:02:47", "elapsed": 294.213024, "delta": 6.539463}}
{"target": -0.31770328722667174, "params": {"bus_acc": 1.2953, "bus_dcc": 1.7384, "bus_lcAssertive": 29.9428, "bus_lcCooperative": 1.0, "bus_lcLookaheadLeft": 11.656, "bus_lcPushy": 0.8737, "bus_lcSigma": 1.0, "bus_lcSublane": 0.6874, "bus_sigma": 1.0, "bus_tau_mean": 0.5412, "bus_tau_std": 5.5764, "bus_v_mean": 22.5175, "bus_v_std": 9.6425, "car_acc": 2.7167, "car_dcc": 2.1213, "car_lcAssertive": 81.3249, "car_lcCooperative": 0.8097, "car_lcLookaheadLeft": 88.1517, "car_lcPushy": 0.6734, "car_lcSigma": 0.8115, "car_lcSublane": 0.9012, "car_sigma": 0.4575, "car_tau_mean": 2.4561, "car_tau_std": 5.065, "car_v_mean": 20.1116, "car_v_std": 6.8328}, "datetime": {"datetime": "2024-08-07 01:02:52", "elapsed": 299.538321, "delta": 5.325297}}
{"target": -0.31052930175152205, "params": {"bus_acc": 1.7392, "bus_dcc": 2.1823, "bus_lcAssertive": 30.3867, "bus_lcCooperative": 0.4198, "bus_lcLookaheadLeft": 11.0657, "bus_lcPushy": 0.8702, "bus_lcSigma": 0.3121, "bus_lcSublane": 0.684, "bus_sigma": 0.3443, "bus_tau_mean": 0.5377, "bus_tau_std": 6.0203, "bus_v_mean": 22.9614, "bus_v_std": 9.0522, "car_acc": 2.1246, "car_dcc": 1.5291, "car_lcAssertive": 80.509, "car_lcCooperative": 0.8062, "car_lcLookaheadLeft": 87.3357, "car_lcPushy": 0.6699, "car_lcSigma": 0.808, "car_lcSublane": 0.8977, "car_sigma": 0.6777, "car_tau_mean": 2.9, "car_tau_std": 5.509, "car_v_mean": 19.5194, "car_v_std": 7.2767}, "datetime": {"datetime": "2024-08-07 01:02:54", "elapsed": 301.768484, "delta": 2.230163}}
{"target": -0.3267246457027335, "params": {"bus_acc": 1.7954, "bus_dcc": 2.574, "bus_lcAssertive": 85.7585, "bus_lcCooperative": 0.4775, "bus_lcLookaheadLeft": 63.796, "bus_lcPushy": 0.6237, "bus_lcSigma": 0.6147, "bus_lcSublane": 0.257, "bus_sigma": 0.745, "bus_tau_mean": 1.9479, "bus_tau_std": 4.3974, "bus_v_mean": 14.4487, "bus_v_std": 7.0489, "car_acc": 1.5855, "car_dcc": 3.0625, "car_lcAssertive": 2.9396, "car_lcCooperative": 0.9832, "car_lcLookaheadLeft": 61.0587, "car_lcPushy": 0.5907, "car_lcSigma": 0.3534, "car_lcSublane": 0.697, "car_sigma": 0.9059, "car_tau_mean": 2.0262, "car_tau_std": 8.0778, "car_v_mean": 13.0128, "car_v_std": 9.927}, "datetime": {"datetime": "2024-08-07 01:02:57", "elapsed": 303.960942, "delta": 2.192458}}
{"target": -0.27979438734994444, "params": {"bus_acc": 1.7025, "bus_dcc": 2.1456, "bus_lcAssertive": 30.35, "bus_lcCooperative": 0.4014, "bus_lcLookaheadLeft": 11.029, "bus_lcPushy": 0.8701, "bus_lcSigma": 0.2936, "bus_lcSublane": 0.6838, "bus_sigma": 0.3258, "bus_tau_mean": 0.5376, "bus_tau_std": 5.9837, "bus_v_mean": 22.9247, "bus_v_std": 9.0155, "car_acc": 2.0879, "car_dcc": 1.4924, "car_lcAssertive": 80.4905, "car_lcCooperative": 0.8061, "car_lcLookaheadLeft": 87.3173, "car_lcPushy": 0.6698, "car_lcSigma": 0.8079, "car_lcSublane": 0.8976, "car_sigma": 0.6593, "car_tau_mean": 2.8634, "car_tau_std": 5.4723, "car_v_mean": 19.4827, "car_v_std": 7.24}, "datetime": {"datetime": "2024-08-07 01:02:59", "elapsed": 306.715325, "delta": 2.754383}}
