{"target": -0.061235500090150656, "params": {"bus_acc": 2.574526895048523, "bus_dcc": 1.300703929309397, "bus_lcAssertive": 54.16370456721353, "bus_lcCooperative": 0.36598334666965426, "bus_lcLookaheadLeft": 61.222070679549475, "bus_lcPushy": 0.9588025156370005, "bus_lcSublane": 0.39282294499696246, "bus_tau_mean": 1.8754054927956576, "bus_tau_std": 7.906369935895988, "bus_v_mean": 18.32125438536682, "bus_v_std": 3.9388400785537647, "car_acc": 2.3779100964605027, "car_dcc": 2.212004827163137, "car_lcAssertive": 14.475202270564088, "car_lcCooperative": 0.45064326867213444, "car_lcLookaheadLeft": 34.773100484332716, "car_lcPushy": 0.2179689300611679, "car_lcSublane": 0.9257748016364399, "car_tau_mean": 2.913737896778452, "car_tau_std": 5.988208906234219, "car_v_mean": 19.94651955396808, "car_v_std": 5.419710617714415}, "datetime": {"datetime": "2024-08-04 16:29:12", "elapsed": 196.934254, "delta": 6.138552}}
{"target": -0.05230374036081024, "params": {"bus_acc": 2.838475008512345, "bus_dcc": 3.2950154448944287, "bus_lcAssertive": 60.37429410273777, "bus_lcCooperative": 0.8329681438370704, "bus_lcLookaheadLeft": 89.8122621743502, "bus_lcPushy": 0.9727203528528249, "bus_lcSublane": 0.9985205070898059, "bus_tau_mean": 0.9887726678943622, "bus_tau_std": 0.7054204474369918, "bus_v_mean": 9.175466469761973, "bus_v_std": 0.1474379089994693, "car_acc": 2.943640145955852, "car_dcc": 1.2843007493716874, "car_lcAssertive": 84.33194579239911, "car_lcCooperative": 0.6851729969076996, "car_lcLookaheadLeft": 49.78060241332597, "car_lcPushy": 0.3466948813585782, "car_lcSublane": 0.35364778706700506, "car_tau_mean": 1.3884360882151552, "car_tau_std": 9.110179736986264, "car_v_mean": 19.610280727917903, "car_v_std": 0.25925792784269874}, "datetime": {"datetime": "2024-08-04 16:29:17", "elapsed": 202.033999, "delta": 5.099745}}
{"target": -0.05979794875940134, "params": {"bus_acc": 2.209853745948563, "bus_dcc": 3.1971246975379914, "bus_lcAssertive": 26.090465207478296, "bus_lcCooperative": 0.6004889552745444, "bus_lcLookaheadLeft": 81.83267976364222, "bus_lcPushy": 0.05411366032399989, "bus_lcSublane": 0.13051067133926597, "bus_tau_mean": 3.4485603348474476, "bus_tau_std": 6.183458693278855, "bus_v_mean": 16.50060496769693, "bus_v_std": 2.482907289970986, "car_acc": 1.5901571504989918, "car_dcc": 3.618058494758386, "car_lcAssertive": 42.74492755012122, "car_lcCooperative": 0.0644302555796068, "car_lcLookaheadLeft": 89.90453681174309, "car_lcPushy": 0.20338083282405106, "car_lcSublane": 0.8262275354923914, "car_tau_mean": 3.5861971807898256, "car_tau_std": 4.867507448183382, "car_v_mean": 17.57543508967418, "car_v_std": 5.272674564854169}, "datetime": {"datetime": "2024-08-04 16:29:19", "elapsed": 203.785932, "delta": 1.751933}}
{"target": -0.05674891931024376, "params": {"bus_acc": 1.367906883094444, "bus_dcc": 2.3885173561247797, "bus_lcAssertive": 43.46430106896039, "bus_lcCooperative": 0.4972891859195163, "bus_lcLookaheadLeft": 17.828055507629166, "bus_lcPushy": 0.34244064113481054, "bus_lcSublane": 0.2618804041035202, "bus_tau_mean": 3.4558443013031765, "bus_tau_std": 8.003322457764018, "bus_v_mean": 14.826226532290297, "bus_v_std": 6.070154607890389, "car_acc": 1.29093122053244, "car_dcc": 2.528839882652676, "car_lcAssertive": 30.39776149290355, "car_lcCooperative": 0.8596509535692011, "car_lcLookaheadLeft": 67.81664132882621, "car_lcPushy": 0.633474012622421, "car_lcSublane": 0.12475130006917923, "car_tau_mean": 2.1470575782461, "car_tau_std": 9.865727795868814, "car_v_mean": 23.172786785162643, "car_v_std": 6.450856402604436}, "datetime": {"datetime": "2024-08-04 16:29:20", "elapsed": 205.569932, "delta": 1.784}}
{"target": -0.04434814519665944, "params": {"bus_acc": 1.832201545236284, "bus_dcc": 2.5947503976877053, "bus_lcAssertive": 68.24208206937614, "bus_lcCooperative": 0.5128751425899913, "bus_lcLookaheadLeft": 31.313009776761888, "bus_lcPushy": 0.10538467273003926, "bus_lcSublane": 0.28493214572214476, "bus_tau_mean": 3.1909849690071526, "bus_tau_std": 6.407827044518461, "bus_v_mean": 20.821291251251083, "bus_v_std": 5.171205319704266, "car_acc": 1.46420004369267, "car_dcc": 2.883885780945708, "car_lcAssertive": 31.09654351220801, "car_lcCooperative": 0.029528744942020957, "car_lcLookaheadLeft": 90.52645532805381, "car_lcPushy": 0.4203695688027851, "car_lcSublane": 0.4261307804247122, "car_tau_mean": 3.0943810736615065, "car_tau_std": 9.484584043057936, "car_v_mean": 9.160248448727414, "car_v_std": 1.7270108813227492}, "datetime": {"datetime": "2024-08-04 16:29:22", "elapsed": 207.259609, "delta": 1.689677}}
{"target": -0.060911771389188275, "params": {"bus_acc": 1.905706999903075, "bus_dcc": 2.884927112564071, "bus_lcAssertive": 29.719588317055155, "bus_lcCooperative": 0.009348577966515781, "bus_lcLookaheadLeft": 58.522081628734895, "bus_lcPushy": 0.3114442141324628, "bus_lcSublane": 0.5172675985011298, "bus_tau_mean": 3.707420485688642, "bus_tau_std": 4.26474788501396, "bus_v_mean": 11.958336585638166, "bus_v_std": 3.7129376127905447, "car_acc": 2.863722233273081, "car_dcc": 3.810605143927281, "car_lcAssertive": 84.58866490800561, "car_lcCooperative": 0.9202065143056605, "car_lcLookaheadLeft": 24.33422841522906, "car_lcPushy": 0.08748220955359087, "car_lcSublane": 0.22730973628468876, "car_tau_mean": 1.6003181563991764, "car_tau_std": 1.7476587635631158, "car_v_mean": 17.713506591559366, "car_v_std": 4.135864150011614}, "datetime": {"datetime": "2024-08-04 16:29:23", "elapsed": 208.009993, "delta": 0.750384}}
