{"target": -0.33421271360624777, "params": {"bus_acc": 1.47950095103228, "bus_dcc": 1.6078063756589878, "bus_lcAssertive": 43.686993760876724, "bus_lcCooperative": 0.40420190577514725, "bus_lcLookaheadLeft": 16.381645114900824, "bus_lcPushy": 0.7293189193611234, "bus_lcSigma": 0.18874506687718595, "bus_lcSpeedGainRight": 3.219478221558314, "bus_lcSublane": 0.7543059505762987, "bus_sigma": 0.21073239208332073, "bus_tau_mean": 2.60333986837674, "bus_tau_std": 7.489283752458364, "bus_v_mean": 18.211499369925335, "bus_v_std": 11.942546058932981, "car_acc": 1.8864468569664912, "car_dcc": 3.1948194137245265, "car_lcAssertive": 94.58553555999502, "car_lcCooperative": 0.42556139026154693, "car_lcLookaheadLeft": 78.65381804947772, "car_lcPushy": 0.056141039661915304, "car_lcSigma": 0.8352716024899659, "car_lcSpeedGainRight": 0.9612500841107385, "car_lcSublane": 0.3950968688899732, "car_sigma": 0.30008104592535645, "car_tau_mean": 0.7803627533211726, "car_tau_std": 9.046310029362429, "car_v_mean": 13.922466840859812, "car_v_std": 10.61394876952279}, "datetime": {"datetime": "2024-08-08 18:40:51", "elapsed": 259.360359, "delta": 1.890751}}
{"target": -0.30487081477007844, "params": {"bus_acc": 2.259844763205787, "bus_dcc": 2.8083602867268884, "bus_lcAssertive": 72.21453795488647, "bus_lcCooperative": 0.8573003334512307, "bus_lcLookaheadLeft": 68.74892410492416, "bus_lcPushy": 0.23698206447169834, "bus_lcSigma": 0.92572053533626, "bus_lcSpeedGainRight": 3.9059770033788306, "bus_lcSublane": 0.3073814804278443, "bus_sigma": 0.3049656416420632, "bus_tau_mean": 3.5840891145011664, "bus_tau_std": 1.260784803971985, "bus_v_mean": 18.135373347771612, "bus_v_std": 5.554254649468485, "car_acc": 3.4816009754179187, "car_dcc": 2.0935703426676646, "car_lcAssertive": 73.60324335241457, "car_lcCooperative": 0.1924178904137388, "car_lcLookaheadLeft": 49.18169795899246, "car_lcPushy": 0.8035946264310272, "car_lcSigma": 0.39698821167237397, "car_lcSpeedGainRight": 0.8078701992804493, "car_lcSublane": 0.6489822226486474, "car_sigma": 0.7533258058943924, "car_tau_mean": 1.480674223805828, "car_tau_std": 4.5136186123240165, "car_v_mean": 22.407182598177044, "car_v_std": 17.43971262381837}, "datetime": {"datetime": "2024-08-08 18:40:53", "elapsed": 261.444907, "delta": 2.084548}}
{"target": -0.35549712814212814, "params": {"bus_acc": 3.3470141900867802, "bus_dcc": 2.634651120028584, "bus_lcAssertive": 23.500460760100726, "bus_lcCooperative": 0.22420283925593631, "bus_lcLookaheadLeft": 27.51902335654698, "bus_lcPushy": 0.308872752316256, "bus_lcSigma": 0.38770513178140986, "bus_lcSpeedGainRight": 1.487744661886186, "bus_lcSublane": 0.6795558945331504, "bus_sigma": 0.03507361930507891, "bus_tau_mean": 1.6483861022597883, "bus_tau_std": 7.452918728580155, "bus_v_mean": 23.084927761204554, "bus_v_std": 16.054651003151022, "car_acc": 1.7224786287146618, "car_dcc": 1.698746405151495, "car_lcAssertive": 19.843342677001722, "car_lcCooperative": 0.8824975348586093, "car_lcLookaheadLeft": 25.309857349639547, "car_lcPushy": 0.7581806234131274, "car_lcSigma": 0.26104973140468657, "car_lcSpeedGainRight": 0.16540921703757816, "car_lcSublane": 0.7334477000687659, "car_sigma": 0.7262018097952009, "car_tau_mean": 0.8113568883636871, "car_tau_std": 3.267012579296016, "car_v_mean": 23.17384464302436, "car_v_std": 3.2589799716436896}, "datetime": {"datetime": "2024-08-08 18:40:55", "elapsed": 262.863233, "delta": 1.418326}}
{"target": -0.2860557261049364, "params": {"bus_acc": 3.1506359908950676, "bus_dcc": 3.673056862877017, "bus_lcAssertive": 3.701435128229413, "bus_lcCooperative": 0.5220512472525107, "bus_lcLookaheadLeft": 33.94700155346248, "bus_lcPushy": 0.8594893208655858, "bus_lcSigma": 0.5585165509225178, "bus_lcSpeedGainRight": 3.4511393408137394, "bus_lcSublane": 0.45285349995153745, "bus_sigma": 0.6283090375213571, "bus_tau_mean": 1.5153389809059905, "bus_tau_std": 0.09348577966515781, "bus_v_mean": 17.228094959793452, "bus_v_std": 6.228884282649256, "car_acc": 2.5518027955033893, "car_dcc": 3.749217559161693, "car_lcAssertive": 43.221004061638205, "car_lcCooperative": 0.2473960366023854, "car_lcLookaheadLeft": 38.386788605347334, "car_lcPushy": 0.9318611166365406, "car_lcSigma": 0.9368683813090937, "car_lcSpeedGainRight": 4.221649742828566, "car_lcSublane": 0.9202065143056605, "car_sigma": 0.22790028995131695, "car_tau_mean": 0.806187733437568, "car_tau_std": 2.2730973628468876, "car_v_mean": 13.030025857824807, "car_v_std": 3.4953175271262316}, "datetime": {"datetime": "2024-08-08 18:40:57", "elapsed": 265.068839, "delta": 2.205606}}
{"target": -0.29438414398605267, "params": {"bus_acc": 3.2567698144122796, "bus_dcc": 2.8532628388302035, "bus_lcAssertive": 88.04065749312295, "bus_lcCooperative": 0.16880019007759361, "bus_lcLookaheadLeft": 70.94767775573999, "bus_lcPushy": 0.9172601590800086, "bus_lcSigma": 0.1507396591030582, "bus_lcSpeedGainRight": 1.218819886980906, "bus_lcSublane": 0.5466845720908042, "bus_sigma": 0.3441193369759975, "bus_tau_mean": 2.9172367827383794, "bus_tau_std": 0.5756761842510749, "bus_v_mean": 10.572226277175357, "bus_v_std": 14.32476612959243, "car_acc": 3.9118560953018315, "car_dcc": 3.7886511295370218, "car_lcAssertive": 90.20563234885856, "car_lcCooperative": 0.12774331390359328, "car_lcLookaheadLeft": 16.30103397101714, "car_lcPushy": 0.07226475681487265, "car_lcSigma": 0.5425402331447909, "car_lcSpeedGainRight": 4.412430864511857, "car_lcSublane": 0.5317919000668885, "car_sigma": 0.7817152853959399, "car_tau_mean": 1.1595882541894156, "car_tau_std": 8.63111260166335, "car_v_mean": 10.998796331605623, "car_v_std": 1.095282521330465}, "datetime": {"datetime": "2024-08-08 18:40:59", "elapsed": 267.693494, "delta": 2.624655}}
{"target": -0.32446424253551615, "params": {"bus_acc": 1.9730873791785595, "bus_dcc": 3.618767129200333, "bus_lcAssertive": 84.6262511526049, "bus_lcCooperative": 0.5384405925945437, "bus_lcLookaheadLeft": 86.92761086831827, "bus_lcPushy": 0.9498059913536265, "bus_lcSigma": 0.8264069976293413, "bus_lcSpeedGainRight": 4.270577219182694, "bus_lcSublane": 0.09874340182034835, "bus_sigma": 0.651304332340991, "bus_tau_mean": 2.9623094585342855, "bus_tau_std": 6.102408126466297, "bus_v_mean": 20.79384418777645, "bus_v_std": 0.691424397432685, "car_acc": 3.31071620366494, "car_dcc": 3.195185802218581, "car_lcAssertive": 26.710140936536956, "car_lcCooperative": 0.2570692988221467, "car_lcLookaheadLeft": 63.965725108152526, "car_lcPushy": 0.34529746159108154, "car_lcSigma": 0.7965886780072875, "car_lcSpeedGainRight": 2.230731160017286, "car_lcSublane": 0.7827494147841719, "car_sigma": 0.9904717836238407, "car_tau_mean": 1.5508691883686503, "car_tau_std": 1.4300582825809938, "car_v_mean": 22.42093498158838, "car_v_std": 10.831187577747466}, "datetime": {"datetime": "2024-08-08 18:41:02", "elapsed": 269.735695, "delta": 2.042201}}
{"target": -0.3404947862439429, "params": {"bus_acc": 1.0436299587266888, "bus_dcc": 1.1260726616339234, "bus_lcAssertive": 18.916095083680847, "bus_lcCooperative": 0.9720306709820733, "bus_lcLookaheadLeft": 26.950818515198538, "bus_lcPushy": 0.7510088258632285, "bus_lcSigma": 0.28123520956586334, "bus_lcSpeedGainRight": 1.2775930876818176, "bus_lcSublane": 0.2578637359786262, "bus_sigma": 0.2970529955101251, "bus_tau_mean": 0.5313061172799802, "bus_tau_std": 9.871761820679248, "bus_v_mean": 17.06337017315701, "bus_v_std": 12.036848225735843, "car_acc": 2.6147802125783377, "car_dcc": 1.1315126441158294, "car_lcAssertive": 47.680528400976975, "car_lcCooperative": 0.5396765012085889, "car_lcLookaheadLeft": 67.94966749368216, "car_lcPushy": 0.5341680027167658, "car_lcSigma": 0.055072308986628626, "car_lcSpeedGainRight": 3.1004949496818828, "car_lcSublane": 0.5811752027766969, "car_sigma": 0.545596325824134, "car_tau_mean": 3.451484480746384, "car_tau_std": 4.473867597038817, "car_v_mean": 17.657047140931738, "car_v_std": 2.472257727976823}, "datetime": {"datetime": "2024-08-08 18:41:04", "elapsed": 272.108251, "delta": 2.372556}}
{"target": -0.33006198637261336, "params": {"bus_acc": 2.810966355430456, "bus_dcc": 2.993124832054298, "bus_lcAssertive": 27.973677823909583, "bus_lcCooperative": 0.8309332483397108, "bus_lcLookaheadLeft": 25.95769669458446, "bus_lcPushy": 0.673362439399853, "bus_lcSigma": 0.0881300683121029, "bus_lcSpeedGainRight": 0.09426023127697303, "bus_lcSublane": 0.47234621267571597, "bus_sigma": 0.9389951304571027, "bus_tau_mean": 1.6395118680394112, "bus_tau_std": 3.221530187011287, "bus_v_mean": 8.832491580647472, "bus_v_std": 13.505712129921996, "car_acc": 3.16522198357914, "car_dcc": 3.711153251400167, "car_lcAssertive": 44.277712510514476, "car_lcCooperative": 0.10951666213733291, "car_lcLookaheadLeft": 5.685491683490445, "car_lcPushy": 0.8807689064851337, "car_lcSigma": 0.6522556436427864, "car_lcSpeedGainRight": 4.577483834718069, "car_lcSublane": 0.8805969019319019, "car_sigma": 0.47024059952869834, "car_tau_mean": 2.846191399657393, "car_tau_std": 7.450658910097592, "car_v_mean": 14.755394453238331, "car_v_std": 3.0783593130367093}, "datetime": {"datetime": "2024-08-08 18:41:06", "elapsed": 274.31914, "delta": 2.210889}}
{"target": -0.38681887694178013, "params": {"bus_acc": 3.0365635723183253, "bus_dcc": 3.676135012257154, "bus_lcAssertive": 88.42006824745238, "bus_lcCooperative": 0.6253678484792837, "bus_lcLookaheadLeft": 30.300280949909727, "bus_lcPushy": 0.40310278532155364, "bus_lcSigma": 0.028957250455217798, "bus_lcSpeedGainRight": 4.5824200700106985, "bus_lcSublane": 0.6874477338720318, "bus_sigma": 0.908170823529499, "bus_tau_mean": 1.557304979915104, "bus_tau_std": 9.44826453960881, "bus_v_mean": 21.824498747848523, "bus_v_std": 17.720255181763022, "car_acc": 1.0004239906252805, "car_dcc": 2.131720656775928, "car_lcAssertive": 13.110203935992757, "car_lcCooperative": 0.9328079064690463, "car_lcLookaheadLeft": 52.34331074647811, "car_lcPushy": 0.48933641342690504, "car_lcSigma": 0.4869211668341662, "car_lcSpeedGainRight": 2.8514595051160754, "car_lcSublane": 0.5445075098554931, "car_sigma": 0.9171108608633298, "car_tau_mean": 3.595345912845165, "car_tau_std": 7.837192592950845, "car_v_mean": 13.163637372393135, "car_v_std": 15.688748431426829}, "datetime": {"datetime": "2024-08-08 18:41:11", "elapsed": 279.001218, "delta": 4.682078}}
{"target": -0.32100387321242185, "params": {"bus_acc": 3.4864323851144077, "bus_dcc": 1.0949970714598583, "bus_lcAssertive": 15.403531752894681, "bus_lcCooperative": 0.727728294216953, "bus_lcLookaheadLeft": 54.89490666791946, "bus_lcPushy": 0.9952645064599802, "bus_lcSigma": 0.49562965945080917, "bus_lcSpeedGainRight": 1.9205193425394902, "bus_lcSublane": 0.1943740012337618, "bus_sigma": 0.5901664445660855, "bus_tau_mean": 3.1831881529080497, "bus_tau_std": 9.244391872210278, "bus_v_mean": 10.202013220166455, "bus_v_std": 0.16179846610166138, "car_acc": 2.433881467664608, "car_dcc": 1.548842758770767, "car_lcAssertive": 61.42352253913641, "car_lcCooperative": 0.6202693045764363, "car_lcLookaheadLeft": 42.143758136995615, "car_lcPushy": 0.677205263887532, "car_lcSigma": 0.19967056911058145, "car_lcSpeedGainRight": 4.042909902423916, "car_lcSublane": 0.050339684205637836, "car_sigma": 0.1718618586534073, "car_tau_mean": 3.932108116743485, "car_tau_std": 9.003771794068165, "car_v_mean": 23.035664337979306, "car_v_std": 18.16888586690896}, "datetime": {"datetime": "2024-08-08 18:41:13", "elapsed": 281.159722, "delta": 2.158504}}
{"target": -0.3344635911102521, "params": {"bus_acc": 2.441775692126852, "bus_dcc": 3.7124696231030825, "bus_lcAssertive": 85.10052118674109, "bus_lcCooperative": 0.22099543455164128, "bus_lcLookaheadLeft": 74.15117132360916, "bus_lcPushy": 0.584873636653729, "bus_lcSigma": 0.5255361143234935, "bus_lcSpeedGainRight": 3.3072225642514255, "bus_lcSublane": 0.6320676125180189, "bus_sigma": 0.07141739781238354, "bus_tau_mean": 1.9589478249491712, "bus_tau_std": 1.9929722081483325, "bus_v_mean": 19.209335052747708, "bus_v_std": 5.466206643389516, "car_acc": 2.309258303222583, "car_dcc": 3.4648769416338263, "car_lcAssertive": 78.52323575275003, "car_lcCooperative": 0.8541601498282541, "car_lcLookaheadLeft": 48.94727682745953, "car_lcPushy": 0.9264947399997299, "car_lcSigma": 0.03155468805746553, "car_lcSpeedGainRight": 4.691416231720273, "car_lcSublane": 0.3486287925818631, "car_sigma": 0.812823076692537, "car_tau_mean": 3.8191238392262346, "car_tau_std": 8.918140716820837, "car_v_mean": 19.168305877975527, "car_v_std": 13.403662789205784}, "datetime": {"datetime": "2024-08-08 18:41:15", "elapsed": 283.356437, "delta": 2.196715}}
{"target": -0.3369306859210354, "params": {"bus_acc": 1.0687453939671454, "bus_dcc": 2.5572469666359683, "bus_lcAssertive": 81.18888235557921, "bus_lcCooperative": 0.012603767029876312, "bus_lcLookaheadLeft": 67.90204477606592, "bus_lcPushy": 0.6868082266569918, "bus_lcSigma": 0.44924675358663757, "bus_lcSpeedGainRight": 4.573943433709672, "bus_lcSublane": 0.6443610847569929, "bus_sigma": 0.005239837651465851, "bus_tau_mean": 2.1954995593003144, "bus_tau_std": 8.593178060976, "bus_v_mean": 21.28639312059743, "bus_v_std": 12.983083942249557, "car_acc": 3.021095271695895, "car_dcc": 2.7354987393676016, "car_lcAssertive": 28.137857741518363, "car_lcCooperative": 0.5605299905360588, "car_lcLookaheadLeft": 67.82951891210719, "car_lcPushy": 0.35242963021640883, "car_lcSigma": 0.8558283672539277, "car_lcSpeedGainRight": 0.9751874300435365, "car_lcSublane": 0.7473208103319232, "car_sigma": 0.2896027461868774, "car_tau_mean": 3.208297505354637, "car_tau_std": 4.277373293360762, "car_v_mean": 20.92317454579535, "car_v_std": 7.070697253359808}, "datetime": {"datetime": "2024-08-08 18:41:19", "elapsed": 287.511737, "delta": 4.1553}}
{"target": -0.2908515550063628, "params": {"bus_acc": 3.20841390112062, "bus_dcc": 2.777273175660121, "bus_lcAssertive": 16.724494427686516, "bus_lcCooperative": 0.9173117720217062, "bus_lcLookaheadLeft": 55.28514419082726, "bus_lcPushy": 0.9977626724769947, "bus_lcSigma": 0.042324338665631345, "bus_lcSpeedGainRight": 4.064732387645806, "bus_lcSublane": 0.0773806866977319, "bus_sigma": 0.9402469590356723, "bus_tau_mean": 1.7650260427958757, "bus_tau_std": 6.666122685250695, "bus_v_mean": 19.433709186085913, "bus_v_std": 14.26197674699479, "car_acc": 3.081854583916056, "car_dcc": 1.034949046341052, "car_lcAssertive": 22.827086805368978, "car_lcCooperative": 0.7972718722454357, "car_lcLookaheadLeft": 79.12308664548529, "car_lcPushy": 0.8016620581186015, "car_lcSigma": 0.00782859412378445, "car_lcSpeedGainRight": 0.20673063258441038, "car_lcSublane": 0.07382610621756747, "car_sigma": 0.8737476483459298, "car_tau_mean": 2.1710366047819747, "car_tau_std": 7.3172320801767015, "car_v_mean": 11.493068047736013, "car_v_std": 13.396600028510823}, "datetime": {"datetime": "2024-08-08 18:41:21", "elapsed": 289.501169, "delta": 1.989432}}
{"target": -0.38209761009774784, "params": {"bus_acc": 1.3805377260646052, "bus_dcc": 2.569933965109237, "bus_lcAssertive": 85.21049342156711, "bus_lcCooperative": 0.537609254036449, "bus_lcLookaheadLeft": 73.54455465646068, "bus_lcPushy": 0.785459646223292, "bus_lcSigma": 0.8365955447696011, "bus_lcSpeedGainRight": 3.332662135749339, "bus_lcSublane": 0.8977391897292477, "bus_sigma": 0.6477912340100236, "bus_tau_mean": 3.8062308662414805, "bus_tau_std": 6.292983819035761, "bus_v_mean": 21.958857982244023, "bus_v_std": 11.913107208563291, "car_acc": 2.033046952871893, "car_dcc": 3.440372458931155, "car_lcAssertive": 43.80572177078845, "car_lcCooperative": 0.12654566043795878, "car_lcLookaheadLeft": 96.91973580122264, "car_lcPushy": 0.8525635238982158, "car_lcSigma": 0.5612594235880608, "car_lcSpeedGainRight": 3.353061487813396, "car_lcSublane": 0.9977242219091645, "car_sigma": 0.16130872028582732, "car_tau_mean": 2.3708898603651827, "car_tau_std": 3.909787078216136, "car_v_mean": 16.65836111996919, "car_v_std": 2.0675570655025455}, "datetime": {"datetime": "2024-08-08 18:41:24", "elapsed": 291.791652, "delta": 2.290483}}
{"target": -0.3292951340458306, "params": {"bus_acc": 1.7571377589789934, "bus_dcc": 3.551062977262902, "bus_lcAssertive": 2.606211886160219, "bus_lcCooperative": 0.15625097810290178, "bus_lcLookaheadLeft": 82.69172752644693, "bus_lcPushy": 0.22933768147934985, "bus_lcSigma": 0.25919495533811776, "bus_lcSpeedGainRight": 3.5039530333633677, "bus_lcSublane": 0.9665252791289367, "bus_sigma": 0.1982798199644802, "bus_tau_mean": 3.116240507628462, "bus_tau_std": 1.4050624498175213, "bus_v_mean": 14.119961140468927, "bus_v_std": 6.465785028067663, "car_acc": 3.651356556952111, "car_dcc": 2.9661441887219744, "car_lcAssertive": 34.0239606401218, "car_lcCooperative": 0.02160795914792346, "car_lcLookaheadLeft": 38.16284859456154, "car_lcPushy": 0.9721806718439246, "car_lcSigma": 0.5290990867820917, "car_lcSpeedGainRight": 3.7107241160280373, "car_lcSublane": 0.345388836894019, "car_sigma": 0.46058986532522916, "car_tau_mean": 1.2407249437629293, "car_tau_std": 8.369597301372854, "car_v_mean": 13.756941750401928, "car_v_std": 0.7417626590136939}, "datetime": {"datetime": "2024-08-08 18:41:26", "elapsed": 294.143799, "delta": 2.352147}}
{"target": -0.3521565055763589, "params": {"bus_acc": 1.7443343921805243, "bus_dcc": 3.5368448866934363, "bus_lcAssertive": 98.68106705184017, "bus_lcCooperative": 0.06657080313237929, "bus_lcLookaheadLeft": 71.9649471621622, "bus_lcPushy": 0.3301155521990743, "bus_lcSigma": 0.6254353783114329, "bus_lcSpeedGainRight": 1.290648246409355, "bus_lcSublane": 0.6510076093084951, "bus_sigma": 0.37114718446272954, "bus_tau_mean": 1.5318730783793728, "bus_tau_std": 9.117631736977987, "bus_v_mean": 23.07998198761932, "bus_v_std": 12.27100053120271, "car_acc": 1.643403342492078, "car_dcc": 3.818256612718478, "car_lcAssertive": 75.29490112560909, "car_lcCooperative": 0.7510898073228061, "car_lcLookaheadLeft": 22.748690815151647, "car_lcPushy": 0.8301565261622993, "car_lcSigma": 0.24009515416121008, "car_lcSpeedGainRight": 3.158103726250801, "car_lcSublane": 0.7107395698995863, "car_sigma": 0.7423834297071017, "car_tau_mean": 1.8659264660985333, "car_tau_std": 7.598253967160974, "car_v_mean": 22.44697443394736, "car_v_std": 11.748400384751537}, "datetime": {"datetime": "2024-08-08 18:41:28", "elapsed": 296.104502, "delta": 1.960703}}
{"target": -0.30836007791826736, "params": {"bus_acc": 1.2127552014111616, "bus_dcc": 1.4578119611268154, "bus_lcAssertive": 2.6410124071924805, "bus_lcCooperative": 0.11379635644740682, "bus_lcLookaheadLeft": 65.87534904898885, "bus_lcPushy": 0.4026568521749192, "bus_lcSigma": 0.32102631416731586, "bus_lcSpeedGainRight": 2.7895599712188623, "bus_lcSublane": 0.9934604630998499, "bus_sigma": 0.8344865140180296, "bus_tau_mean": 2.9486811383985434, "bus_tau_std": 9.18258589132058, "bus_v_mean": 8.635659306929357, "bus_v_std": 1.4066688323105048, "car_acc": 2.422018869964164, "car_dcc": 2.047502238871232, "car_lcAssertive": 93.78795415071644, "car_lcCooperative": 0.48956496114516856, "car_lcLookaheadLeft": 54.88561278914836, "car_lcPushy": 0.8952603657312208, "car_lcSigma": 0.4466350458236905, "car_lcSpeedGainRight": 4.385171946351759, "car_lcSublane": 0.25358174937162836, "car_sigma": 0.27380970415810857, "car_tau_mean": 1.6492648653065656, "car_tau_std": 5.475642704809535, "car_v_mean": 11.5220587844317, "car_v_std": 13.428583421625467}, "datetime": {"datetime": "2024-08-08 18:41:31", "elapsed": 299.224351, "delta": 3.119849}}
{"target": -0.3115521184918732, "params": {"bus_acc": 2.818988384959991, "bus_dcc": 2.706554311259444, "bus_lcAssertive": 32.41887852289392, "bus_lcCooperative": 0.9886161544124489, "bus_lcLookaheadLeft": 58.815031486088095, "bus_lcPushy": 0.3801411726235504, "bus_lcSigma": 0.5509482191178968, "bus_lcSpeedGainRight": 3.7266721545325106, "bus_lcSublane": 0.6692328934531846, "bus_sigma": 0.2649195576628094, "bus_tau_mean": 0.7321719204995455, "bus_tau_std": 3.700841979141063, "bus_v_mean": 18.075480112345033, "bus_v_std": 4.203480198296791, "car_acc": 3.2582666612164415, "car_dcc": 1.1996094440623448, "car_lcAssertive": 26.771194759275556, "car_lcCooperative": 0.8047545637433454, "car_lcLookaheadLeft": 20.956559697086117, "car_lcPushy": 0.6394608808799401, "car_lcSigma": 0.5246703091237337, "car_lcSpeedGainRight": 4.624039851996754, "car_lcSublane": 0.263296770487111, "car_sigma": 0.06596109068402378, "car_tau_mean": 3.072730871510343, "car_tau_std": 7.721780295432468, "car_v_mean": 22.525053640056385, "car_v_std": 18.639441383936745}, "datetime": {"datetime": "2024-08-08 18:41:33", "elapsed": 301.431965, "delta": 2.207614}}
{"target": -0.31420961210906767, "params": {"bus_acc": 1.9911752390851083, "bus_dcc": 3.5304823781909667, "bus_lcAssertive": 43.41580511915627, "bus_lcCooperative": 0.8646861447635343, "bus_lcLookaheadLeft": 66.39241161304318, "bus_lcPushy": 0.5810356574180902, "bus_lcSigma": 0.200727488035091, "bus_lcSpeedGainRight": 2.6477330523919744, "bus_lcSublane": 0.8944324184275724, "bus_sigma": 0.30499397583521604, "bus_tau_mean": 3.548309632063687, "bus_tau_std": 9.087452728583882, "bus_v_mean": 13.277513002910117, "bus_v_std": 13.661487326731283, "car_acc": 3.6976628486979064, "car_dcc": 1.22709064527491, "car_lcAssertive": 87.98019845727228, "car_lcCooperative": 0.1908393632684806, "car_lcLookaheadLeft": 85.2773531817572, "car_lcPushy": 0.6671187886992039, "car_lcSigma": 0.34433919545005387, "car_lcSpeedGainRight": 0.756877849963995, "car_lcSublane": 0.6353709614884534, "car_sigma": 0.8477880437147416, "car_tau_mean": 3.376472811674037, "car_tau_std": 6.282395971306578, "car_v_mean": 23.300824156083713, "car_v_std": 11.798462541515395}, "datetime": {"datetime": "2024-08-08 18:41:35", "elapsed": 303.540798, "delta": 2.108833}}
