{"target": -0.03296045224441487, "params": {"bus_acc": 3.0, "bus_dcc": 3.92, "bus_lcAssertive": 21.09, "bus_lcCooperative": 1.0, "bus_lcLookaheadLeft": 83.02, "bus_lcPushy": 1.0, "bus_lcSublane": 1.0, "bus_tau_mean": 4.0, "bus_tau_std": 0.0, "bus_v_mean": 8.0, "bus_v_std": 6.28, "car_acc": 1.0, "car_dcc": 1.0, "car_lcAssertive": 55.48, "car_lcCooperative": 1.0, "car_lcLookaheadLeft": 63.16, "car_lcPushy": 0.0, "car_lcSublane": 0.0, "car_tau_mean": 0.5, "car_tau_std": 0.0, "car_v_mean": 8.0, "car_v_std": 10.0}, "datetime": {"datetime": "2024-08-04 14:44:09", "elapsed": 1392.680715, "delta": 8.53652}}
{"target": -0.028936307820191128, "params": {"bus_acc": 1.0, "bus_dcc": 2.63, "bus_lcAssertive": 68.03, "bus_lcCooperative": 1.0, "bus_lcLookaheadLeft": 75.75, "bus_lcPushy": 1.0, "bus_lcSublane": 0.62, "bus_tau_mean": 4.0, "bus_tau_std": 0.0, "bus_v_mean": 17.28, "bus_v_std": 0.0, "car_acc": 1.0, "car_dcc": 1.0, "car_lcAssertive": 43.76, "car_lcCooperative": 0.55, "car_lcLookaheadLeft": 10.72, "car_lcPushy": 1.0, "car_lcSublane": 1.0, "car_tau_mean": 4.0, "car_tau_std": 8.83, "car_v_mean": 8.0, "car_v_std": 10.0}, "datetime": {"datetime": "2024-08-04 14:44:31", "elapsed": 1413.969596, "delta": 21.288881}}
{"target": -0.027854945579312295, "params": {"bus_acc": 2.24, "bus_dcc": 3.58, "bus_lcAssertive": 37.35, "bus_lcCooperative": 0.81, "bus_lcLookaheadLeft": 61.5, "bus_lcPushy": 0.17, "bus_lcSublane": 0.55, "bus_tau_mean": 2.54, "bus_tau_std": 3.67, "bus_v_mean": 8.17, "bus_v_std": 4.43, "car_acc": 2.82, "car_dcc": 1.26, "car_lcAssertive": 3.44, "car_lcCooperative": 0.87, "car_lcLookaheadLeft": 73.27, "car_lcPushy": 0.13, "car_lcSublane": 0.4, "car_tau_mean": 2.13, "car_tau_std": 2.01, "car_v_mean": 8.11, "car_v_std": 5.36}, "datetime": {"datetime": "2024-08-04 14:44:41", "elapsed": 1424.188237, "delta": 10.218641}}
{"target": -0.030565400992436334, "params": {"bus_acc": 2.73, "bus_dcc": 1.79, "bus_lcAssertive": 76.51, "bus_lcCooperative": 0.36, "bus_lcLookaheadLeft": 10.75, "bus_lcPushy": 0.7, "bus_lcSublane": 0.8, "bus_tau_mean": 2.81, "bus_tau_std": 2.03, "bus_v_mean": 12.41, "bus_v_std": 9.15, "car_acc": 1.12, "car_dcc": 3.25, "car_lcAssertive": 5.14, "car_lcCooperative": 0.29, "car_lcLookaheadLeft": 41.01, "car_lcPushy": 0.38, "car_lcSublane": 0.39, "car_tau_mean": 3.64, "car_tau_std": 5.76, "car_v_mean": 9.99, "car_v_std": 4.11}, "datetime": {"datetime": "2024-08-04 14:45:06", "elapsed": 1449.455668, "delta": 25.267431}}
{"target": -0.028902927773600772, "params": {"bus_acc": 2.28, "bus_dcc": 2.24, "bus_lcAssertive": 61.86, "bus_lcCooperative": 1.0, "bus_lcLookaheadLeft": 60.66, "bus_lcPushy": 1.0, "bus_lcSublane": 0.6, "bus_tau_mean": 3.25, "bus_tau_std": 0.54, "bus_v_mean": 20.4, "bus_v_std": 5.34, "car_acc": 1.17, "car_dcc": 1.99, "car_lcAssertive": 54.11, "car_lcCooperative": 0.93, "car_lcLookaheadLeft": 7.36, "car_lcPushy": 0.71, "car_lcSublane": 0.96, "car_tau_mean": 2.94, "car_tau_std": 9.48, "car_v_mean": 9.36, "car_v_std": 2.93}, "datetime": {"datetime": "2024-08-04 14:45:19", "elapsed": 1461.972344, "delta": 12.516676}}
{"target": -0.03184989630205443, "params": {"bus_acc": 3.0, "bus_dcc": 3.52, "bus_lcAssertive": 21.12, "bus_lcCooperative": 1.0, "bus_lcLookaheadLeft": 83.34, "bus_lcPushy": 0.89, "bus_lcSublane": 1.0, "bus_tau_mean": 3.3, "bus_tau_std": 0.0, "bus_v_mean": 8.0, "bus_v_std": 4.8, "car_acc": 1.0, "car_dcc": 1.01, "car_lcAssertive": 56.08, "car_lcCooperative": 1.0, "car_lcLookaheadLeft": 63.37, "car_lcPushy": 0.0, "car_lcSublane": 0.0, "car_tau_mean": 0.5, "car_tau_std": 0.0, "car_v_mean": 8.0, "car_v_std": 10.0}, "datetime": {"datetime": "2024-08-04 14:45:21", "elapsed": 1464.225308, "delta": 2.252964}}
{"target": -0.03654992735692735, "params": {"bus_acc": 1.72, "bus_dcc": 3.51, "bus_lcAssertive": 19.71, "bus_lcCooperative": 0.33, "bus_lcLookaheadLeft": 30.23, "bus_lcPushy": 0.1, "bus_lcSublane": 0.74, "bus_tau_mean": 1.99, "bus_tau_std": 6.17, "bus_v_mean": 18.76, "bus_v_std": 4.12, "car_acc": 1.44, "car_dcc": 1.71, "car_lcAssertive": 22.89, "car_lcCooperative": 0.45, "car_lcLookaheadLeft": 2.7, "car_lcPushy": 0.9, "car_lcSublane": 0.01, "car_tau_mean": 1.8, "car_tau_std": 6.95, "car_v_mean": 9.27, "car_v_std": 3.72}, "datetime": {"datetime": "2024-08-04 14:45:26", "elapsed": 1469.680906, "delta": 5.455598}}
{"target": -0.034075502491031896, "params": {"bus_acc": 3.0, "bus_dcc": 3.35, "bus_lcAssertive": 21.24, "bus_lcCooperative": 1.0, "bus_lcLookaheadLeft": 83.49, "bus_lcPushy": 0.71, "bus_lcSublane": 1.0, "bus_tau_mean": 2.88, "bus_tau_std": 1.58, "bus_v_mean": 8.0, "bus_v_std": 4.16, "car_acc": 1.0, "car_dcc": 1.6, "car_lcAssertive": 56.79, "car_lcCooperative": 0.83, "car_lcLookaheadLeft": 64.04, "car_lcPushy": 0.0, "car_lcSublane": 0.1, "car_tau_mean": 0.65, "car_tau_std": 0.0, "car_v_mean": 8.0, "car_v_std": 10.0}, "datetime": {"datetime": "2024-08-04 14:45:34", "elapsed": 1476.912503, "delta": 7.231597}}
{"target": -0.03557849983690917, "params": {"bus_acc": 2.26, "bus_dcc": 2.23, "bus_lcAssertive": 83.9, "bus_lcCooperative": 0.89, "bus_lcLookaheadLeft": 46.92, "bus_lcPushy": 0.37, "bus_lcSublane": 0.79, "bus_tau_mean": 3.28, "bus_tau_std": 5.34, "bus_v_mean": 22.57, "bus_v_std": 0.86, "car_acc": 2.99, "car_dcc": 1.25, "car_lcAssertive": 51.47, "car_lcCooperative": 0.74, "car_lcLookaheadLeft": 36.48, "car_lcPushy": 0.78, "car_lcSublane": 0.79, "car_tau_mean": 1.91, "car_tau_std": 0.83, "car_v_mean": 8.8, "car_v_std": 7.2}, "datetime": {"datetime": "2024-08-04 14:45:43", "elapsed": 1486.367619, "delta": 9.455116}}
{"target": -0.047786917314162014, "params": {"bus_acc": 1.16, "bus_dcc": 3.18, "bus_lcAssertive": 85.56, "bus_lcCooperative": 0.09, "bus_lcLookaheadLeft": 49.52, "bus_lcPushy": 1.0, "bus_lcSublane": 0.45, "bus_tau_mean": 0.7, "bus_tau_std": 0.02, "bus_v_mean": 21.34, "bus_v_std": 7.25, "car_acc": 1.22, "car_dcc": 3.94, "car_lcAssertive": 74.81, "car_lcCooperative": 0.79, "car_lcLookaheadLeft": 65.9, "car_lcPushy": 0.04, "car_lcSublane": 0.48, "car_tau_mean": 1.12, "car_tau_std": 0.32, "car_v_mean": 11.67, "car_v_std": 8.36}, "datetime": {"datetime": "2024-08-04 14:46:05", "elapsed": 1508.684593, "delta": 22.316974}}
{"target": -0.03194231175393191, "params": {"bus_acc": 1.0, "bus_dcc": 1.97, "bus_lcAssertive": 69.05, "bus_lcCooperative": 1.0, "bus_lcLookaheadLeft": 74.18, "bus_lcPushy": 1.0, "bus_lcSublane": 0.52, "bus_tau_mean": 4.0, "bus_tau_std": 2.5, "bus_v_mean": 24.0, "bus_v_std": 0.0, "car_acc": 1.0, "car_dcc": 1.0, "car_lcAssertive": 44.12, "car_lcCooperative": 0.45, "car_lcLookaheadLeft": 12.7, "car_lcPushy": 0.8, "car_lcSublane": 1.0, "car_tau_mean": 4.0, "car_tau_std": 9.19, "car_v_mean": 8.0, "car_v_std": 9.12}, "datetime": {"datetime": "2024-08-04 14:46:17", "elapsed": 1520.237148, "delta": 11.552555}}
{"target": -0.044847914125967385, "params": {"bus_acc": 2.47, "bus_dcc": 3.52, "bus_lcAssertive": 26.51, "bus_lcCooperative": 0.93, "bus_lcLookaheadLeft": 22.87, "bus_lcPushy": 0.08, "bus_lcSublane": 0.7, "bus_tau_mean": 2.95, "bus_tau_std": 0.59, "bus_v_mean": 17.87, "bus_v_std": 5.77, "car_acc": 2.13, "car_dcc": 2.71, "car_lcAssertive": 1.47, "car_lcCooperative": 0.61, "car_lcLookaheadLeft": 50.33, "car_lcPushy": 0.28, "car_lcSublane": 0.19, "car_tau_mean": 1.1, "car_tau_std": 0.16, "car_v_mean": 14.96, "car_v_std": 4.0}, "datetime": {"datetime": "2024-08-04 14:47:13", "elapsed": 1576.338316, "delta": 56.101168}}
{"target": -0.04020151665130375, "params": {"bus_acc": 1.04, "bus_dcc": 3.45, "bus_lcAssertive": 59.71, "bus_lcCooperative": 0.36, "bus_lcLookaheadLeft": 83.14, "bus_lcPushy": 0.81, "bus_lcSublane": 0.12, "bus_tau_mean": 3.04, "bus_tau_std": 3.25, "bus_v_mean": 18.93, "bus_v_std": 3.86, "car_acc": 2.54, "car_dcc": 3.6, "car_lcAssertive": 93.51, "car_lcCooperative": 0.95, "car_lcLookaheadLeft": 37.32, "car_lcPushy": 0.53, "car_lcSublane": 0.45, "car_tau_mean": 2.84, "car_tau_std": 3.11, "car_v_mean": 13.68, "car_v_std": 9.83}, "datetime": {"datetime": "2024-08-04 14:47:57", "elapsed": 1619.976765, "delta": 43.638449}}
{"target": -0.039851832933890864, "params": {"bus_acc": 2.18, "bus_dcc": 2.84, "bus_lcAssertive": 92.61, "bus_lcCooperative": 0.98, "bus_lcLookaheadLeft": 43.45, "bus_lcPushy": 0.17, "bus_lcSublane": 0.05, "bus_tau_mean": 1.97, "bus_tau_std": 1.52, "bus_v_mean": 16.01, "bus_v_std": 4.49, "car_acc": 2.81, "car_dcc": 3.51, "car_lcAssertive": 65.95, "car_lcCooperative": 0.95, "car_lcLookaheadLeft": 75.6, "car_lcPushy": 0.71, "car_lcSublane": 0.18, "car_tau_mean": 2.31, "car_tau_std": 9.25, "car_v_mean": 14.24, "car_v_std": 8.95}, "datetime": {"datetime": "2024-08-04 14:48:15", "elapsed": 1638.003419, "delta": 18.026654}}
{"target": -0.02962111798398771, "params": {"bus_acc": 2.85, "bus_dcc": 3.48, "bus_lcAssertive": 81.97, "bus_lcCooperative": 0.43, "bus_lcLookaheadLeft": 77.49, "bus_lcPushy": 0.8, "bus_lcSublane": 0.47, "bus_tau_mean": 2.06, "bus_tau_std": 3.35, "bus_v_mean": 14.92, "bus_v_std": 9.84, "car_acc": 2.4, "car_dcc": 1.72, "car_lcAssertive": 81.24, "car_lcCooperative": 0.7, "car_lcLookaheadLeft": 79.32, "car_lcPushy": 0.78, "car_lcSublane": 0.15, "car_tau_mean": 2.23, "car_tau_std": 5.5, "car_v_mean": 8.68, "car_v_std": 2.42}, "datetime": {"datetime": "2024-08-04 14:48:26", "elapsed": 1649.461833, "delta": 11.458414}}
{"target": -0.051691555401583766, "params": {"bus_acc": 2.0, "bus_dcc": 2.55, "bus_lcAssertive": 3.36, "bus_lcCooperative": 0.98, "bus_lcLookaheadLeft": 15.14, "bus_lcPushy": 0.07, "bus_lcSublane": 0.65, "bus_tau_mean": 1.92, "bus_tau_std": 1.57, "bus_v_mean": 18.71, "bus_v_std": 0.65, "car_acc": 2.13, "car_dcc": 1.3, "car_lcAssertive": 49.04, "car_lcCooperative": 0.16, "car_lcLookaheadLeft": 72.69, "car_lcPushy": 0.73, "car_lcSublane": 0.47, "car_tau_mean": 0.84, "car_tau_std": 2.04, "car_v_mean": 21.4, "car_v_std": 0.8}, "datetime": {"datetime": "2024-08-04 14:48:34", "elapsed": 1657.258973, "delta": 7.79714}}
{"target": -0.032999387737847045, "params": {"bus_acc": 1.18, "bus_dcc": 1.94, "bus_lcAssertive": 67.31, "bus_lcCooperative": 0.8, "bus_lcLookaheadLeft": 73.4, "bus_lcPushy": 0.84, "bus_lcSublane": 0.48, "bus_tau_mean": 3.22, "bus_tau_std": 3.55, "bus_v_mean": 22.86, "bus_v_std": 2.58, "car_acc": 1.0, "car_dcc": 1.0, "car_lcAssertive": 44.13, "car_lcCooperative": 0.44, "car_lcLookaheadLeft": 14.39, "car_lcPushy": 0.6, "car_lcSublane": 0.85, "car_tau_mean": 3.24, "car_tau_std": 7.63, "car_v_mean": 8.0, "car_v_std": 6.14}, "datetime": {"datetime": "2024-08-04 14:49:03", "elapsed": 1686.41573, "delta": 29.156757}}
{"target": -0.040571763885299504, "params": {"bus_acc": 1.25, "bus_dcc": 1.27, "bus_lcAssertive": 58.64, "bus_lcCooperative": 0.82, "bus_lcLookaheadLeft": 42.21, "bus_lcPushy": 0.67, "bus_lcSublane": 0.37, "bus_tau_mean": 2.46, "bus_tau_std": 0.93, "bus_v_mean": 10.04, "bus_v_std": 9.39, "car_acc": 1.66, "car_dcc": 1.36, "car_lcAssertive": 36.2, "car_lcCooperative": 0.98, "car_lcLookaheadLeft": 49.5, "car_lcPushy": 0.97, "car_lcSublane": 0.4, "car_tau_mean": 0.79, "car_tau_std": 6.23, "car_v_mean": 23.58, "car_v_std": 8.93}, "datetime": {"datetime": "2024-08-04 14:49:29", "elapsed": 1711.943215, "delta": 25.527485}}
{"target": -0.0332333986044989, "params": {"bus_acc": 1.47, "bus_dcc": 1.98, "bus_lcAssertive": 66.43, "bus_lcCooperative": 0.76, "bus_lcLookaheadLeft": 72.13, "bus_lcPushy": 0.81, "bus_lcSublane": 0.46, "bus_tau_mean": 2.93, "bus_tau_std": 3.91, "bus_v_mean": 21.71, "bus_v_std": 3.54, "car_acc": 1.0, "car_dcc": 1.39, "car_lcAssertive": 44.68, "car_lcCooperative": 0.5, "car_lcLookaheadLeft": 15.53, "car_lcPushy": 0.58, "car_lcSublane": 0.75, "car_tau_mean": 2.89, "car_tau_std": 7.11, "car_v_mean": 8.0, "car_v_std": 5.59}, "datetime": {"datetime": "2024-08-04 14:49:56", "elapsed": 1739.054716, "delta": 27.111501}}
{"target": -0.03117089703320389, "params": {"bus_acc": 1.13, "bus_dcc": 2.03, "bus_lcAssertive": 67.42, "bus_lcCooperative": 0.82, "bus_lcLookaheadLeft": 72.76, "bus_lcPushy": 0.86, "bus_lcSublane": 0.47, "bus_tau_mean": 3.33, "bus_tau_std": 3.78, "bus_v_mean": 22.96, "bus_v_std": 2.58, "car_acc": 1.0, "car_dcc": 1.0, "car_lcAssertive": 44.07, "car_lcCooperative": 0.41, "car_lcLookaheadLeft": 14.59, "car_lcPushy": 0.58, "car_lcSublane": 0.82, "car_tau_mean": 3.11, "car_tau_std": 7.44, "car_v_mean": 8.0, "car_v_std": 6.25}, "datetime": {"datetime": "2024-08-04 14:50:36", "elapsed": 1779.242794, "delta": 40.188078}}
{"target": -0.047233318949146556, "params": {"bus_acc": 1.57, "bus_dcc": 2.11, "bus_lcAssertive": 10.95, "bus_lcCooperative": 0.49, "bus_lcLookaheadLeft": 95.14, "bus_lcPushy": 0.16, "bus_lcSublane": 0.27, "bus_tau_mean": 0.81, "bus_tau_std": 5.77, "bus_v_mean": 11.86, "bus_v_std": 2.25, "car_acc": 2.25, "car_dcc": 3.78, "car_lcAssertive": 86.07, "car_lcCooperative": 0.34, "car_lcLookaheadLeft": 37.48, "car_lcPushy": 0.34, "car_lcSublane": 0.33, "car_tau_mean": 2.96, "car_tau_std": 8.96, "car_v_mean": 18.3, "car_v_std": 2.56}, "datetime": {"datetime": "2024-08-04 14:50:43", "elapsed": 1786.341009, "delta": 7.098215}}
{"target": -0.031331929587839306, "params": {"bus_acc": 1.07, "bus_dcc": 1.98, "bus_lcAssertive": 67.43, "bus_lcCooperative": 0.83, "bus_lcLookaheadLeft": 73.31, "bus_lcPushy": 0.89, "bus_lcSublane": 0.49, "bus_tau_mean": 3.46, "bus_tau_std": 3.45, "bus_v_mean": 23.34, "bus_v_std": 2.18, "car_acc": 1.0, "car_dcc": 1.0, "car_lcAssertive": 44.07, "car_lcCooperative": 0.45, "car_lcLookaheadLeft": 14.04, "car_lcPushy": 0.64, "car_lcSublane": 0.92, "car_tau_mean": 3.44, "car_tau_std": 7.81, "car_v_mean": 8.0, "car_v_std": 6.53}, "datetime": {"datetime": "2024-08-04 14:50:51", "elapsed": 1793.83861, "delta": 7.497601}}
{"target": -0.04378819744703392, "params": {"bus_acc": 1.5, "bus_dcc": 3.25, "bus_lcAssertive": 7.22, "bus_lcCooperative": 0.33, "bus_lcLookaheadLeft": 61.56, "bus_lcPushy": 0.87, "bus_lcSublane": 0.18, "bus_tau_mean": 2.68, "bus_tau_std": 2.32, "bus_v_mean": 11.81, "bus_v_std": 3.41, "car_acc": 1.59, "car_dcc": 1.95, "car_lcAssertive": 90.27, "car_lcCooperative": 0.91, "car_lcLookaheadLeft": 9.85, "car_lcPushy": 0.9, "car_lcSublane": 0.63, "car_tau_mean": 3.62, "car_tau_std": 5.55, "car_v_mean": 23.19, "car_v_std": 8.39}, "datetime": {"datetime": "2024-08-04 14:50:53", "elapsed": 1795.893955, "delta": 2.055345}}
{"target": -0.03202229837953261, "params": {"bus_acc": 1.07, "bus_dcc": 3.07, "bus_lcAssertive": 55.4, "bus_lcCooperative": 0.0, "bus_lcLookaheadLeft": 55.29, "bus_lcPushy": 0.82, "bus_lcSublane": 0.44, "bus_tau_mean": 3.29, "bus_tau_std": 1.8, "bus_v_mean": 9.92, "bus_v_std": 6.94, "car_acc": 1.09, "car_dcc": 3.74, "car_lcAssertive": 22.33, "car_lcCooperative": 0.09, "car_lcLookaheadLeft": 88.65, "car_lcPushy": 0.97, "car_lcSublane": 0.09, "car_tau_mean": 3.28, "car_tau_std": 4.15, "car_v_mean": 16.19, "car_v_std": 7.42}, "datetime": {"datetime": "2024-08-04 14:51:05", "elapsed": 1808.259969, "delta": 12.366014}}
{"target": -0.028477017256568937, "params": {"bus_acc": 1.17, "bus_dcc": 1.95, "bus_lcAssertive": 67.29, "bus_lcCooperative": 0.81, "bus_lcLookaheadLeft": 73.25, "bus_lcPushy": 0.85, "bus_lcSublane": 0.46, "bus_tau_mean": 3.29, "bus_tau_std": 3.52, "bus_v_mean": 23.0, "bus_v_std": 2.5, "car_acc": 1.0, "car_dcc": 1.0, "car_lcAssertive": 44.14, "car_lcCooperative": 0.46, "car_lcLookaheadLeft": 14.27, "car_lcPushy": 0.6, "car_lcSublane": 0.85, "car_tau_mean": 3.24, "car_tau_std": 7.66, "car_v_mean": 8.0, "car_v_std": 6.22}, "datetime": {"datetime": "2024-08-04 14:51:21", "elapsed": 1823.870946, "delta": 15.610977}}
{"target": -0.029258169065356558, "params": {"bus_acc": 2.35, "bus_dcc": 2.85, "bus_lcAssertive": 65.7, "bus_lcCooperative": 0.94, "bus_lcLookaheadLeft": 23.94, "bus_lcPushy": 0.75, "bus_lcSublane": 0.65, "bus_tau_mean": 1.55, "bus_tau_std": 0.0, "bus_v_mean": 10.85, "bus_v_std": 7.91, "car_acc": 2.12, "car_dcc": 2.07, "car_lcAssertive": 31.59, "car_lcCooperative": 0.0, "car_lcLookaheadLeft": 74.6, "car_lcPushy": 1.0, "car_lcSublane": 0.21, "car_tau_mean": 3.44, "car_tau_std": 0.0, "car_v_mean": 8.0, "car_v_std": 5.62}, "datetime": {"datetime": "2024-08-04 14:51:26", "elapsed": 1828.915685, "delta": 5.044739}}
{"target": -0.054329544608659026, "params": {"bus_acc": 1.72, "bus_dcc": 1.03, "bus_lcAssertive": 94.5, "bus_lcCooperative": 0.63, "bus_lcLookaheadLeft": 47.99, "bus_lcPushy": 0.52, "bus_lcSublane": 0.52, "bus_tau_mean": 1.6, "bus_tau_std": 7.91, "bus_v_mean": 23.44, "bus_v_std": 0.92, "car_acc": 2.85, "car_dcc": 3.51, "car_lcAssertive": 21.32, "car_lcCooperative": 0.02, "car_lcLookaheadLeft": 55.17, "car_lcPushy": 0.76, "car_lcSublane": 0.99, "car_tau_mean": 1.66, "car_tau_std": 7.99, "car_v_mean": 20.31, "car_v_std": 0.88}, "datetime": {"datetime": "2024-08-04 14:51:33", "elapsed": 1836.741915, "delta": 7.82623}}
{"target": -0.03000070603073075, "params": {"bus_acc": 1.08, "bus_dcc": 2.01, "bus_lcAssertive": 67.45, "bus_lcCooperative": 0.84, "bus_lcLookaheadLeft": 73.29, "bus_lcPushy": 0.88, "bus_lcSublane": 0.5, "bus_tau_mean": 3.48, "bus_tau_std": 3.47, "bus_v_mean": 23.36, "bus_v_std": 2.16, "car_acc": 1.0, "car_dcc": 1.0, "car_lcAssertive": 44.06, "car_lcCooperative": 0.46, "car_lcLookaheadLeft": 14.07, "car_lcPushy": 0.64, "car_lcSublane": 0.92, "car_tau_mean": 3.44, "car_tau_std": 7.81, "car_v_mean": 8.0, "car_v_std": 6.56}, "datetime": {"datetime": "2024-08-04 14:51:35", "elapsed": 1838.628987, "delta": 1.887072}}
{"target": -0.029824611314237873, "params": {"bus_acc": 1.38, "bus_dcc": 1.97, "bus_lcAssertive": 66.56, "bus_lcCooperative": 0.75, "bus_lcLookaheadLeft": 72.35, "bus_lcPushy": 0.8, "bus_lcSublane": 0.46, "bus_tau_mean": 2.98, "bus_tau_std": 3.96, "bus_v_mean": 21.99, "bus_v_std": 3.39, "car_acc": 1.0, "car_dcc": 1.32, "car_lcAssertive": 44.73, "car_lcCooperative": 0.47, "car_lcLookaheadLeft": 15.38, "car_lcPushy": 0.55, "car_lcSublane": 0.75, "car_tau_mean": 2.88, "car_tau_std": 7.09, "car_v_mean": 8.0, "car_v_std": 5.72}, "datetime": {"datetime": "2024-08-04 14:51:38", "elapsed": 1841.393417, "delta": 2.76443}}
{"target": -0.05455673498650359, "params": {"bus_acc": 1.93, "bus_dcc": 3.7, "bus_lcAssertive": 2.3, "bus_lcCooperative": 0.83, "bus_lcLookaheadLeft": 69.65, "bus_lcPushy": 0.25, "bus_lcSublane": 0.93, "bus_tau_mean": 1.62, "bus_tau_std": 7.43, "bus_v_mean": 23.44, "bus_v_std": 8.44, "car_acc": 2.44, "car_dcc": 3.99, "car_lcAssertive": 11.68, "car_lcCooperative": 0.84, "car_lcLookaheadLeft": 34.21, "car_lcPushy": 0.69, "car_lcSublane": 0.39, "car_tau_mean": 3.99, "car_tau_std": 3.94, "car_v_mean": 21.76, "car_v_std": 0.73}, "datetime": {"datetime": "2024-08-04 14:52:04", "elapsed": 1867.434675, "delta": 26.041258}}
{"target": -0.036571934147902295, "params": {"bus_acc": 2.01, "bus_dcc": 1.33, "bus_lcAssertive": 14.14, "bus_lcCooperative": 0.12, "bus_lcLookaheadLeft": 2.35, "bus_lcPushy": 0.73, "bus_lcSublane": 0.89, "bus_tau_mean": 1.94, "bus_tau_std": 1.1, "bus_v_mean": 11.01, "bus_v_std": 0.6, "car_acc": 2.71, "car_dcc": 1.58, "car_lcAssertive": 56.31, "car_lcCooperative": 0.46, "car_lcLookaheadLeft": 82.14, "car_lcPushy": 0.4, "car_lcSublane": 0.81, "car_tau_mean": 0.7, "car_tau_std": 3.42, "car_v_mean": 9.52, "car_v_std": 9.28}, "datetime": {"datetime": "2024-08-04 14:52:09", "elapsed": 1872.795494, "delta": 5.360819}}
{"target": -0.038546047756356526, "params": {"bus_acc": 2.27, "bus_dcc": 1.54, "bus_lcAssertive": 70.71, "bus_lcCooperative": 0.25, "bus_lcLookaheadLeft": 80.59, "bus_lcPushy": 0.09, "bus_lcSublane": 0.44, "bus_tau_mean": 3.38, "bus_tau_std": 5.68, "bus_v_mean": 18.12, "bus_v_std": 2.36, "car_acc": 2.5, "car_dcc": 1.82, "car_lcAssertive": 46.97, "car_lcCooperative": 0.4, "car_lcLookaheadLeft": 38.42, "car_lcPushy": 0.95, "car_lcSublane": 0.08, "car_tau_mean": 0.68, "car_tau_std": 1.77, "car_v_mean": 8.86, "car_v_std": 6.16}, "datetime": {"datetime": "2024-08-04 14:52:11", "elapsed": 1874.502056, "delta": 1.706562}}
{"target": -0.03586339246865108, "params": {"bus_acc": 1.57, "bus_dcc": 3.8, "bus_lcAssertive": 11.88, "bus_lcCooperative": 0.51, "bus_lcLookaheadLeft": 91.81, "bus_lcPushy": 0.31, "bus_lcSublane": 0.53, "bus_tau_mean": 2.06, "bus_tau_std": 1.25, "bus_v_mean": 8.87, "bus_v_std": 5.63, "car_acc": 1.67, "car_dcc": 3.6, "car_lcAssertive": 69.35, "car_lcCooperative": 0.88, "car_lcLookaheadLeft": 82.58, "car_lcPushy": 0.41, "car_lcSublane": 0.92, "car_tau_mean": 2.08, "car_tau_std": 9.19, "car_v_mean": 11.98, "car_v_std": 4.31}, "datetime": {"datetime": "2024-08-04 14:52:20", "elapsed": 1883.208376, "delta": 8.70632}}
{"target": -0.037122632930194625, "params": {"bus_acc": 2.23, "bus_dcc": 3.15, "bus_lcAssertive": 28.39, "bus_lcCooperative": 0.78, "bus_lcLookaheadLeft": 86.25, "bus_lcPushy": 0.37, "bus_lcSublane": 0.5, "bus_tau_mean": 2.46, "bus_tau_std": 5.7, "bus_v_mean": 10.16, "bus_v_std": 3.76, "car_acc": 1.22, "car_dcc": 2.37, "car_lcAssertive": 64.49, "car_lcCooperative": 0.51, "car_lcLookaheadLeft": 69.03, "car_lcPushy": 0.17, "car_lcSublane": 0.53, "car_tau_mean": 2.25, "car_tau_std": 1.78, "car_v_mean": 9.83, "car_v_std": 8.67}, "datetime": {"datetime": "2024-08-04 14:52:25", "elapsed": 1888.209798, "delta": 5.001422}}
{"target": -0.03440123067311447, "params": {"bus_acc": 2.18, "bus_dcc": 3.03, "bus_lcAssertive": 26.44, "bus_lcCooperative": 0.89, "bus_lcLookaheadLeft": 87.4, "bus_lcPushy": 0.49, "bus_lcSublane": 0.65, "bus_tau_mean": 2.43, "bus_tau_std": 5.94, "bus_v_mean": 9.8, "bus_v_std": 3.79, "car_acc": 1.0, "car_dcc": 2.1, "car_lcAssertive": 62.09, "car_lcCooperative": 0.7, "car_lcLookaheadLeft": 65.88, "car_lcPushy": 0.22, "car_lcSublane": 0.55, "car_tau_mean": 2.12, "car_tau_std": 1.32, "car_v_mean": 8.03, "car_v_std": 10.0}, "datetime": {"datetime": "2024-08-04 14:52:39", "elapsed": 1902.045715, "delta": 13.835917}}
