{"target": -0.07167309053022412, "params": {"bus_acc": 1.2, "bus_dcc": 3.8, "bus_lcAssertive": 86.7, "bus_lcCooperative": 0.9, "bus_lcLookaheadLeft": 93.3, "bus_lcPushy": 0.4, "bus_lcSublane": 0.8, "bus_max_v": 21.8, "bus_tau_mean": 0.8, "bus_tau_std": 12.4, "car_acc": 2.8, "car_dcc": 2.6, "car_lcAssertive": 88.6, "car_lcCooperative": 0.4, "car_lcLookaheadLeft": 5.2, "car_lcPushy": 0.9, "car_lcSublane": 0.2, "car_max_v": 32.0, "car_tau_mean": 0.6, "car_tau_std": 2.2}, "datetime": {"datetime": "2024-08-03 11:09:15", "elapsed": 29.203027, "delta": 1.156427}}
{"target": -0.09513738148467492, "params": {"bus_acc": 1.5, "bus_dcc": 1.8, "bus_lcAssertive": 72.6, "bus_lcCooperative": 0.4, "bus_lcLookaheadLeft": 6.5, "bus_lcPushy": 0.8, "bus_lcSublane": 0.4, "bus_max_v": 18.9, "bus_tau_mean": 2.5, "bus_tau_std": 7.6, "car_acc": 2.1, "car_dcc": 2.9, "car_lcAssertive": 10.3, "car_lcCooperative": 1.0, "car_lcLookaheadLeft": 40.7, "car_lcPushy": 0.1, "car_lcSublane": 0.0, "car_max_v": 18.0, "car_tau_mean": 2.2, "car_tau_std": 4.4}, "datetime": {"datetime": "2024-08-03 11:09:16", "elapsed": 30.246631, "delta": 1.043604}}
{"target": -0.07953102847614857, "params": {"bus_acc": 1.5, "bus_dcc": 1.2, "bus_lcAssertive": 74.0, "bus_lcCooperative": 1.0, "bus_lcLookaheadLeft": 8.2, "bus_lcPushy": 0.5, "bus_lcSublane": 0.6, "bus_max_v": 19.0, "bus_tau_mean": 0.8, "bus_tau_std": 6.4, "car_acc": 1.8, "car_dcc": 2.2, "car_lcAssertive": 17.0, "car_lcCooperative": 0.6, "car_lcLookaheadLeft": 43.6, "car_lcPushy": 0.9, "car_lcSublane": 0.1, "car_max_v": 17.4, "car_tau_mean": 2.0, "car_tau_std": 7.6}, "datetime": {"datetime": "2024-08-03 11:09:16", "elapsed": 30.625913, "delta": 0.379282}}
{"target": -0.06379161377968727, "params": {"bus_acc": 1.7, "bus_dcc": 3.0, "bus_lcAssertive": 4.4, "bus_lcCooperative": 0.1, "bus_lcLookaheadLeft": 13.6, "bus_lcPushy": 0.2, "bus_lcSublane": 0.3, "bus_max_v": 14.8, "bus_tau_mean": 2.6, "bus_tau_std": 7.0, "car_acc": 2.1, "car_dcc": 3.9, "car_lcAssertive": 20.4, "car_lcCooperative": 0.7, "car_lcLookaheadLeft": 4.2, "car_lcPushy": 0.7, "car_lcSublane": 0.7, "car_max_v": 23.9, "car_tau_mean": 1.1, "car_tau_std": 5.2}, "datetime": {"datetime": "2024-08-03 11:09:17", "elapsed": 31.58089, "delta": 0.954977}}
{"target": -0.09006894424711448, "params": {"bus_acc": 1.9, "bus_dcc": 3.1, "bus_lcAssertive": 26.3, "bus_lcCooperative": 0.5, "bus_lcLookaheadLeft": 7.1, "bus_lcPushy": 0.3, "bus_lcSublane": 0.2, "bus_max_v": 14.1, "bus_tau_mean": 0.5, "bus_tau_std": 5.7, "car_acc": 2.7, "car_dcc": 2.8, "car_lcAssertive": 24.1, "car_lcCooperative": 0.6, "car_lcLookaheadLeft": 46.5, "car_lcPushy": 0.4, "car_lcSublane": 0.7, "car_max_v": 10.3, "car_tau_mean": 0.9, "car_tau_std": 10.1}, "datetime": {"datetime": "2024-08-03 11:09:20", "elapsed": 34.058694, "delta": 2.477804}}
{"target": -0.08307419467113786, "params": {"bus_acc": 1.7, "bus_dcc": 2.3, "bus_lcAssertive": 72.6, "bus_lcCooperative": 0.9, "bus_lcLookaheadLeft": 92.8, "bus_lcPushy": 0.0, "bus_lcSublane": 0.3, "bus_max_v": 14.2, "bus_tau_mean": 2.6, "bus_tau_std": 2.5, "car_acc": 1.2, "car_dcc": 1.4, "car_lcAssertive": 62.6, "car_lcCooperative": 0.5, "car_lcLookaheadLeft": 97.3, "car_lcPushy": 0.9, "car_lcSublane": 0.6, "car_max_v": 17.8, "car_tau_mean": 1.6, "car_tau_std": 12.9}, "datetime": {"datetime": "2024-08-03 11:09:28", "elapsed": 42.469955, "delta": 8.411261}}
{"target": -0.1252219698961843, "params": {"bus_acc": 1.6, "bus_dcc": 3.7, "bus_lcAssertive": 13.6, "bus_lcCooperative": 1.0, "bus_lcLookaheadLeft": 38.5, "bus_lcPushy": 0.0, "bus_lcSublane": 0.6, "bus_max_v": 19.5, "bus_tau_mean": 0.6, "bus_tau_std": 14.6, "car_acc": 1.9, "car_dcc": 4.6, "car_lcAssertive": 77.0, "car_lcCooperative": 0.3, "car_lcLookaheadLeft": 45.2, "car_lcPushy": 0.9, "car_lcSublane": 0.3, "car_max_v": 23.7, "car_tau_mean": 1.7, "car_tau_std": 13.3}, "datetime": {"datetime": "2024-08-03 11:09:30", "elapsed": 44.22231, "delta": 1.752355}}
{"target": -0.15723216762466807, "params": {"bus_acc": 1.3, "bus_dcc": 3.1, "bus_lcAssertive": 7.2, "bus_lcCooperative": 0.5, "bus_lcLookaheadLeft": 19.8, "bus_lcPushy": 1.0, "bus_lcSublane": 0.0, "bus_max_v": 13.1, "bus_tau_mean": 2.1, "bus_tau_std": 3.4, "car_acc": 2.4, "car_dcc": 4.2, "car_lcAssertive": 20.6, "car_lcCooperative": 0.1, "car_lcLookaheadLeft": 2.1, "car_lcPushy": 0.3, "car_lcSublane": 0.2, "car_max_v": 23.0, "car_tau_mean": 1.7, "car_tau_std": 5.4}, "datetime": {"datetime": "2024-08-03 11:09:31", "elapsed": 45.669117, "delta": 1.446807}}
{"target": -0.09618111285951418, "params": {"bus_acc": 1.3, "bus_dcc": 3.9, "bus_lcAssertive": 24.0, "bus_lcCooperative": 1.0, "bus_lcLookaheadLeft": 8.1, "bus_lcPushy": 0.3, "bus_lcSublane": 0.9, "bus_max_v": 20.1, "bus_tau_mean": 2.5, "bus_tau_std": 5.6, "car_acc": 2.0, "car_dcc": 1.7, "car_lcAssertive": 26.6, "car_lcCooperative": 0.4, "car_lcLookaheadLeft": 57.9, "car_lcPushy": 0.6, "car_lcSublane": 0.1, "car_max_v": 14.9, "car_tau_mean": 2.0, "car_tau_std": 10.6}, "datetime": {"datetime": "2024-08-03 11:09:33", "elapsed": 47.554976, "delta": 1.885859}}
{"target": -0.04567999590916905, "params": {"bus_acc": 1.7, "bus_dcc": 2.6, "bus_lcAssertive": 1.7, "bus_lcCooperative": 0.6, "bus_lcLookaheadLeft": 9.9, "bus_lcPushy": 0.2, "bus_lcSublane": 0.6, "bus_max_v": 21.9, "bus_tau_mean": 2.7, "bus_tau_std": 2.2, "car_acc": 1.5, "car_dcc": 2.4, "car_lcAssertive": 58.3, "car_lcCooperative": 0.4, "car_lcLookaheadLeft": 31.2, "car_lcPushy": 0.3, "car_lcSublane": 0.1, "car_max_v": 23.0, "car_tau_mean": 2.4, "car_tau_std": 13.7}, "datetime": {"datetime": "2024-08-03 11:09:35", "elapsed": 49.389745, "delta": 1.834769}}
{"target": -0.06487192262636822, "params": {"bus_acc": 1.1, "bus_dcc": 2.2, "bus_lcAssertive": 75.7, "bus_lcCooperative": 0.9, "bus_lcLookaheadLeft": 30.6, "bus_lcPushy": 0.5, "bus_lcSublane": 0.6, "bus_max_v": 18.5, "bus_tau_mean": 2.1, "bus_tau_std": 5.4, "car_acc": 1.7, "car_dcc": 3.6, "car_lcAssertive": 44.4, "car_lcCooperative": 0.5, "car_lcLookaheadLeft": 40.1, "car_lcPushy": 0.1, "car_lcSublane": 0.4, "car_max_v": 19.6, "car_tau_mean": 0.6, "car_tau_std": 7.5}, "datetime": {"datetime": "2024-08-03 11:09:36", "elapsed": 50.540687, "delta": 1.150942}}
{"target": -0.07639164972559898, "params": {"bus_acc": 1.1, "bus_dcc": 2.8, "bus_lcAssertive": 51.9, "bus_lcCooperative": 0.5, "bus_lcLookaheadLeft": 95.5, "bus_lcPushy": 0.5, "bus_lcSublane": 0.3, "bus_max_v": 18.6, "bus_tau_mean": 1.0, "bus_tau_std": 0.2, "car_acc": 1.5, "car_dcc": 3.1, "car_lcAssertive": 87.3, "car_lcCooperative": 0.2, "car_lcLookaheadLeft": 77.4, "car_lcPushy": 0.7, "car_lcSublane": 0.8, "car_max_v": 21.1, "car_tau_mean": 1.2, "car_tau_std": 3.1}, "datetime": {"datetime": "2024-08-03 11:09:38", "elapsed": 52.834418, "delta": 2.293731}}
