{"target": -0.05328066977470882, "params": {"bus_acc": 2.42, "bus_dcc": 2.54, "bus_lcAssertive": 37.74, "bus_lcCooperative": 0.3, "bus_lcLookaheadLeft": 66.42, "bus_lcPushy": 0.33, "bus_lcSublane": 0.35, "bus_max_v": 10.74, "bus_tau_mean": 1.65, "bus_tau_std": 6.3, "car_acc": 1.88, "car_dcc": 3.31, "car_lcAssertive": 41.48, "car_lcCooperative": 0.38, "car_lcLookaheadLeft": 94.43, "car_lcPushy": 0.8, "car_lcSublane": 0.69, "car_max_v": 26.43, "car_tau_mean": 1.38, "car_tau_std": 3.83}, "datetime": {"datetime": "2024-08-04 12:12:24", "elapsed": 2218.312289, "delta": 9.931455}}
{"target": -0.04617078371475431, "params": {"bus_acc": 1.61, "bus_dcc": 3.65, "bus_lcAssertive": 95.08, "bus_lcCooperative": 0.35, "bus_lcLookaheadLeft": 10.07, "bus_lcPushy": 0.08, "bus_lcSublane": 0.6, "bus_max_v": 28.24, "bus_tau_mean": 2.46, "bus_tau_std": 5.52, "car_acc": 2.63, "car_dcc": 2.89, "car_lcAssertive": 15.44, "car_lcCooperative": 0.18, "car_lcLookaheadLeft": 87.09, "car_lcPushy": 0.2, "car_lcSublane": 0.95, "car_max_v": 10.99, "car_tau_mean": 3.59, "car_tau_std": 1.72}, "datetime": {"datetime": "2024-08-04 12:12:26", "elapsed": 2220.909549, "delta": 2.59726}}
{"target": -0.0543875269564043, "params": {"bus_acc": 2.65, "bus_dcc": 3.62, "bus_lcAssertive": 60.63, "bus_lcCooperative": 0.75, "bus_lcLookaheadLeft": 61.54, "bus_lcPushy": 0.03, "bus_lcSublane": 0.89, "bus_max_v": 16.95, "bus_tau_mean": 1.76, "bus_tau_std": 8.84, "car_acc": 1.86, "car_dcc": 1.41, "car_lcAssertive": 34.66, "car_lcCooperative": 0.23, "car_lcLookaheadLeft": 24.94, "car_lcPushy": 0.81, "car_lcSublane": 0.38, "car_max_v": 20.56, "car_tau_mean": 2.1, "car_tau_std": 2.89}, "datetime": {"datetime": "2024-08-04 12:12:35", "elapsed": 2229.270944, "delta": 8.361395}}
{"target": -0.05363088827383503, "params": {"bus_acc": 2.18, "bus_dcc": 2.14, "bus_lcAssertive": 20.64, "bus_lcCooperative": 0.56, "bus_lcLookaheadLeft": 50.49, "bus_lcPushy": 0.09, "bus_lcSublane": 0.55, "bus_max_v": 20.93, "bus_tau_mean": 2.0, "bus_tau_std": 3.73, "car_acc": 2.51, "car_dcc": 3.93, "car_lcAssertive": 39.94, "car_lcCooperative": 0.24, "car_lcLookaheadLeft": 54.89, "car_lcPushy": 0.72, "car_lcSublane": 0.09, "car_max_v": 16.03, "car_tau_mean": 2.31, "car_tau_std": 8.73}, "datetime": {"datetime": "2024-08-04 12:12:37", "elapsed": 2232.021124, "delta": 2.75018}}
{"target": -0.05174471239180809, "params": {"bus_acc": 1.93, "bus_dcc": 2.15, "bus_lcAssertive": 79.59, "bus_lcCooperative": 0.87, "bus_lcLookaheadLeft": 4.54, "bus_lcPushy": 0.55, "bus_lcSublane": 0.65, "bus_max_v": 26.69, "bus_tau_mean": 1.09, "bus_tau_std": 5.33, "car_acc": 1.78, "car_dcc": 3.21, "car_lcAssertive": 55.58, "car_lcCooperative": 0.12, "car_lcLookaheadLeft": 89.9, "car_lcPushy": 0.64, "car_lcSublane": 0.56, "car_max_v": 22.29, "car_tau_mean": 1.0, "car_tau_std": 8.19}, "datetime": {"datetime": "2024-08-04 12:13:00", "elapsed": 2254.60599, "delta": 22.584866}}
{"target": -0.057832729587285255, "params": {"bus_acc": 2.54, "bus_dcc": 3.96, "bus_lcAssertive": 3.59, "bus_lcCooperative": 0.59, "bus_lcLookaheadLeft": 97.36, "bus_lcPushy": 0.79, "bus_lcSublane": 0.81, "bus_max_v": 15.82, "bus_tau_mean": 1.21, "bus_tau_std": 9.87, "car_acc": 2.66, "car_dcc": 1.44, "car_lcAssertive": 98.1, "car_lcCooperative": 0.14, "car_lcLookaheadLeft": 69.17, "car_lcPushy": 0.76, "car_lcSublane": 0.74, "car_max_v": 25.64, "car_tau_mean": 1.23, "car_tau_std": 9.8}, "datetime": {"datetime": "2024-08-04 12:13:06", "elapsed": 2260.885775, "delta": 6.279785}}
{"target": -0.054754177344801404, "params": {"bus_acc": 1.41, "bus_dcc": 3.98, "bus_lcAssertive": 4.96, "bus_lcCooperative": 0.67, "bus_lcLookaheadLeft": 92.98, "bus_lcPushy": 0.17, "bus_lcSublane": 0.94, "bus_max_v": 20.58, "bus_tau_mean": 2.04, "bus_tau_std": 7.26, "car_acc": 1.95, "car_dcc": 1.15, "car_lcAssertive": 69.69, "car_lcCooperative": 0.15, "car_lcLookaheadLeft": 32.93, "car_lcPushy": 0.03, "car_lcSublane": 0.53, "car_max_v": 28.97, "car_tau_mean": 2.07, "car_tau_std": 7.46}, "datetime": {"datetime": "2024-08-04 12:13:16", "elapsed": 2270.601189, "delta": 9.715414}}
{"target": -0.05203213739605669, "params": {"bus_acc": 2.41, "bus_dcc": 1.67, "bus_lcAssertive": 36.6, "bus_lcCooperative": 0.6, "bus_lcLookaheadLeft": 42.25, "bus_lcPushy": 0.51, "bus_lcSublane": 0.57, "bus_max_v": 22.56, "bus_tau_mean": 2.05, "bus_tau_std": 3.29, "car_acc": 2.7, "car_dcc": 2.5, "car_lcAssertive": 97.89, "car_lcCooperative": 0.64, "car_lcLookaheadLeft": 63.6, "car_lcPushy": 0.82, "car_lcSublane": 0.22, "car_max_v": 17.67, "car_tau_mean": 2.25, "car_tau_std": 5.77}, "datetime": {"datetime": "2024-08-04 12:13:23", "elapsed": 2277.207856, "delta": 6.606667}}
{"target": -0.052793562232535486, "params": {"bus_acc": 2.81, "bus_dcc": 2.89, "bus_lcAssertive": 96.06, "bus_lcCooperative": 0.27, "bus_lcLookaheadLeft": 4.97, "bus_lcPushy": 0.21, "bus_lcSublane": 0.24, "bus_max_v": 29.26, "bus_tau_mean": 3.93, "bus_tau_std": 1.2, "car_acc": 1.75, "car_dcc": 1.23, "car_lcAssertive": 85.51, "car_lcCooperative": 0.03, "car_lcLookaheadLeft": 17.72, "car_lcPushy": 0.53, "car_lcSublane": 0.87, "car_max_v": 25.6, "car_tau_mean": 2.01, "car_tau_std": 4.37}, "datetime": {"datetime": "2024-08-04 12:13:25", "elapsed": 2280.097529, "delta": 2.889673}}
{"target": -0.05811656707107424, "params": {"bus_acc": 1.61, "bus_dcc": 2.31, "bus_lcAssertive": 10.32, "bus_lcCooperative": 0.91, "bus_lcLookaheadLeft": 46.73, "bus_lcPushy": 0.34, "bus_lcSublane": 0.31, "bus_max_v": 19.17, "bus_tau_mean": 3.97, "bus_tau_std": 3.3, "car_acc": 2.08, "car_dcc": 2.21, "car_lcAssertive": 77.68, "car_lcCooperative": 0.57, "car_lcLookaheadLeft": 84.66, "car_lcPushy": 0.24, "car_lcSublane": 0.42, "car_max_v": 26.08, "car_tau_mean": 1.27, "car_tau_std": 9.35}, "datetime": {"datetime": "2024-08-04 12:13:36", "elapsed": 2290.256461, "delta": 10.158932}}
{"target": -0.06621370833903843, "params": {"bus_acc": 1.43, "bus_dcc": 3.61, "bus_lcAssertive": 89.82, "bus_lcCooperative": 0.06, "bus_lcLookaheadLeft": 15.4, "bus_lcPushy": 0.23, "bus_lcSublane": 0.28, "bus_max_v": 22.13, "bus_tau_mean": 0.54, "bus_tau_std": 2.88, "car_acc": 2.21, "car_dcc": 1.16, "car_lcAssertive": 22.53, "car_lcCooperative": 0.03, "car_lcLookaheadLeft": 51.68, "car_lcPushy": 0.36, "car_lcSublane": 0.5, "car_max_v": 11.01, "car_tau_mean": 1.11, "car_tau_std": 0.81}, "datetime": {"datetime": "2024-08-04 12:13:38", "elapsed": 2293.102075, "delta": 2.845614}}
{"target": -0.05932215858704229, "params": {"bus_acc": 1.99, "bus_dcc": 3.98, "bus_lcAssertive": 76.93, "bus_lcCooperative": 0.61, "bus_lcLookaheadLeft": 88.08, "bus_lcPushy": 0.23, "bus_lcSublane": 0.15, "bus_max_v": 27.01, "bus_tau_mean": 2.01, "bus_tau_std": 9.97, "car_acc": 1.74, "car_dcc": 3.48, "car_lcAssertive": 38.49, "car_lcCooperative": 0.41, "car_lcLookaheadLeft": 51.76, "car_lcPushy": 0.29, "car_lcSublane": 0.84, "car_max_v": 18.43, "car_tau_mean": 0.78, "car_tau_std": 0.65}, "datetime": {"datetime": "2024-08-04 12:13:40", "elapsed": 2295.014665, "delta": 1.91259}}
{"target": -0.055382990368331796, "params": {"bus_acc": 1.63, "bus_dcc": 1.29, "bus_lcAssertive": 36.45, "bus_lcCooperative": 0.64, "bus_lcLookaheadLeft": 71.89, "bus_lcPushy": 0.96, "bus_lcSublane": 0.86, "bus_max_v": 14.14, "bus_tau_mean": 3.36, "bus_tau_std": 9.91, "car_acc": 1.92, "car_dcc": 3.39, "car_lcAssertive": 23.18, "car_lcCooperative": 0.5, "car_lcLookaheadLeft": 37.23, "car_lcPushy": 0.46, "car_lcSublane": 0.08, "car_max_v": 19.7, "car_tau_mean": 1.96, "car_tau_std": 6.56}, "datetime": {"datetime": "2024-08-04 12:13:49", "elapsed": 2303.128594, "delta": 8.113929}}
{"target": -0.04955759854497462, "params": {"bus_acc": 2.94, "bus_dcc": 1.39, "bus_lcAssertive": 13.21, "bus_lcCooperative": 0.9, "bus_lcLookaheadLeft": 66.55, "bus_lcPushy": 0.37, "bus_lcSublane": 0.63, "bus_max_v": 12.26, "bus_tau_mean": 3.39, "bus_tau_std": 5.43, "car_acc": 1.92, "car_dcc": 1.99, "car_lcAssertive": 77.75, "car_lcCooperative": 0.61, "car_lcLookaheadLeft": 53.25, "car_lcPushy": 0.08, "car_lcSublane": 0.42, "car_max_v": 23.43, "car_tau_mean": 3.82, "car_tau_std": 5.29}, "datetime": {"datetime": "2024-08-04 12:13:57", "elapsed": 2311.447734, "delta": 8.31914}}
{"target": -0.04289067853755796, "params": {"bus_acc": 1.0, "bus_dcc": 2.48, "bus_lcAssertive": 56.32, "bus_lcCooperative": 0.4, "bus_lcLookaheadLeft": 38.27, "bus_lcPushy": 0.68, "bus_lcSublane": 0.96, "bus_max_v": 14.51, "bus_tau_mean": 3.56, "bus_tau_std": 3.76, "car_acc": 1.34, "car_dcc": 2.67, "car_lcAssertive": 76.74, "car_lcCooperative": 0.86, "car_lcLookaheadLeft": 20.09, "car_lcPushy": 0.84, "car_lcSublane": 0.61, "car_max_v": 20.14, "car_tau_mean": 1.65, "car_tau_std": 3.18}, "datetime": {"datetime": "2024-08-04 12:14:06", "elapsed": 2320.74145, "delta": 9.293716}}
{"target": -0.050988852164265464, "params": {"bus_acc": 2.67, "bus_dcc": 3.19, "bus_lcAssertive": 39.39, "bus_lcCooperative": 0.08, "bus_lcLookaheadLeft": 99.88, "bus_lcPushy": 0.22, "bus_lcSublane": 0.03, "bus_max_v": 9.59, "bus_tau_mean": 1.69, "bus_tau_std": 7.89, "car_acc": 1.62, "car_dcc": 1.89, "car_lcAssertive": 65.38, "car_lcCooperative": 0.31, "car_lcLookaheadLeft": 46.52, "car_lcPushy": 0.83, "car_lcSublane": 0.23, "car_max_v": 13.4, "car_tau_mean": 3.61, "car_tau_std": 1.67}, "datetime": {"datetime": "2024-08-04 12:14:14", "elapsed": 2328.718883, "delta": 7.977433}}
{"target": -0.044790107468106556, "params": {"bus_acc": 2.15, "bus_dcc": 2.97, "bus_lcAssertive": 29.5, "bus_lcCooperative": 0.22, "bus_lcLookaheadLeft": 4.78, "bus_lcPushy": 0.85, "bus_lcSublane": 0.53, "bus_max_v": 26.78, "bus_tau_mean": 1.69, "bus_tau_std": 8.07, "car_acc": 2.35, "car_dcc": 2.84, "car_lcAssertive": 84.83, "car_lcCooperative": 0.61, "car_lcLookaheadLeft": 95.55, "car_lcPushy": 0.13, "car_lcSublane": 0.96, "car_max_v": 9.65, "car_tau_mean": 2.92, "car_tau_std": 4.39}, "datetime": {"datetime": "2024-08-04 12:14:20", "elapsed": 2334.643653, "delta": 5.92477}}
{"target": -0.040537520769733056, "params": {"bus_acc": 2.29, "bus_dcc": 1.92, "bus_lcAssertive": 46.43, "bus_lcCooperative": 0.84, "bus_lcLookaheadLeft": 29.98, "bus_lcPushy": 0.34, "bus_lcSublane": 0.96, "bus_max_v": 25.74, "bus_tau_mean": 3.31, "bus_tau_std": 9.53, "car_acc": 1.1, "car_dcc": 1.38, "car_lcAssertive": 83.28, "car_lcCooperative": 0.24, "car_lcLookaheadLeft": 6.72, "car_lcPushy": 0.04, "car_lcSublane": 0.01, "car_max_v": 16.9, "car_tau_mean": 1.48, "car_tau_std": 0.17}, "datetime": {"datetime": "2024-08-04 12:15:05", "elapsed": 2379.286605, "delta": 44.642952}}
{"target": -0.05294207721054848, "params": {"bus_acc": 1.91, "bus_dcc": 2.38, "bus_lcAssertive": 21.14, "bus_lcCooperative": 0.29, "bus_lcLookaheadLeft": 83.87, "bus_lcPushy": 0.9, "bus_lcSublane": 0.76, "bus_max_v": 14.74, "bus_tau_mean": 2.94, "bus_tau_std": 7.54, "car_acc": 2.23, "car_dcc": 3.22, "car_lcAssertive": 34.38, "car_lcCooperative": 0.95, "car_lcLookaheadLeft": 71.72, "car_lcPushy": 0.11, "car_lcSublane": 0.26, "car_max_v": 26.51, "car_tau_mean": 3.93, "car_tau_std": 8.2}, "datetime": {"datetime": "2024-08-04 12:15:11", "elapsed": 2385.600711, "delta": 6.314106}}
{"target": -0.051765850651974955, "params": {"bus_acc": 2.91, "bus_dcc": 2.98, "bus_lcAssertive": 3.24, "bus_lcCooperative": 0.55, "bus_lcLookaheadLeft": 19.02, "bus_lcPushy": 0.12, "bus_lcSublane": 0.74, "bus_max_v": 12.09, "bus_tau_mean": 3.74, "bus_tau_std": 0.63, "car_acc": 2.4, "car_dcc": 2.62, "car_lcAssertive": 71.26, "car_lcCooperative": 0.74, "car_lcLookaheadLeft": 84.67, "car_lcPushy": 0.8, "car_lcSublane": 0.07, "car_max_v": 14.43, "car_tau_mean": 1.97, "car_tau_std": 6.29}, "datetime": {"datetime": "2024-08-04 12:15:24", "elapsed": 2398.77198, "delta": 13.171269}}
{"target": -0.0390585067474959, "params": {"bus_acc": 2.1, "bus_dcc": 2.49, "bus_lcAssertive": 22.76, "bus_lcCooperative": 0.21, "bus_lcLookaheadLeft": 55.4, "bus_lcPushy": 0.04, "bus_lcSublane": 0.31, "bus_max_v": 28.13, "bus_tau_mean": 3.43, "bus_tau_std": 2.51, "car_acc": 1.41, "car_dcc": 2.17, "car_lcAssertive": 6.61, "car_lcCooperative": 0.23, "car_lcLookaheadLeft": 75.6, "car_lcPushy": 0.11, "car_lcSublane": 0.15, "car_max_v": 10.68, "car_tau_mean": 0.92, "car_tau_std": 9.36}, "datetime": {"datetime": "2024-08-04 12:15:34", "elapsed": 2409.025917, "delta": 10.253937}}
{"target": -0.03143905373880788, "params": {"bus_acc": 2.14, "bus_dcc": 3.61, "bus_lcAssertive": 54.92, "bus_lcCooperative": 0.25, "bus_lcLookaheadLeft": 16.51, "bus_lcPushy": 0.24, "bus_lcSublane": 0.79, "bus_max_v": 15.6, "bus_tau_mean": 0.63, "bus_tau_std": 8.88, "car_acc": 1.0, "car_dcc": 2.67, "car_lcAssertive": 34.0, "car_lcCooperative": 0.95, "car_lcLookaheadLeft": 65.99, "car_lcPushy": 0.09, "car_lcSublane": 0.78, "car_max_v": 8.07, "car_tau_mean": 1.94, "car_tau_std": 8.63}, "datetime": {"datetime": "2024-08-04 12:15:40", "elapsed": 2414.741583, "delta": 5.715666}}
{"target": -0.030892708501973138, "params": {"bus_acc": 1.68, "bus_dcc": 3.81, "bus_lcAssertive": 71.6, "bus_lcCooperative": 0.79, "bus_lcLookaheadLeft": 37.39, "bus_lcPushy": 0.19, "bus_lcSublane": 0.38, "bus_max_v": 17.77, "bus_tau_mean": 3.72, "bus_tau_std": 9.18, "car_acc": 2.65, "car_dcc": 1.77, "car_lcAssertive": 22.24, "car_lcCooperative": 0.66, "car_lcLookaheadLeft": 22.92, "car_lcPushy": 0.11, "car_lcSublane": 0.15, "car_max_v": 20.42, "car_tau_mean": 2.16, "car_tau_std": 3.41}, "datetime": {"datetime": "2024-08-04 12:15:42", "elapsed": 2417.07539, "delta": 2.333807}}
{"target": -0.06681012039099583, "params": {"bus_acc": 1.79, "bus_dcc": 3.13, "bus_lcAssertive": 72.59, "bus_lcCooperative": 0.94, "bus_lcLookaheadLeft": 78.58, "bus_lcPushy": 0.17, "bus_lcSublane": 0.14, "bus_max_v": 15.4, "bus_tau_mean": 2.59, "bus_tau_std": 9.75, "car_acc": 2.41, "car_dcc": 3.25, "car_lcAssertive": 97.73, "car_lcCooperative": 0.41, "car_lcLookaheadLeft": 33.1, "car_lcPushy": 0.6, "car_lcSublane": 0.59, "car_max_v": 10.66, "car_tau_mean": 1.19, "car_tau_std": 6.54}, "datetime": {"datetime": "2024-08-04 12:15:56", "elapsed": 2430.596432, "delta": 13.521042}}
{"target": -0.04356387436204112, "params": {"bus_acc": 2.14, "bus_dcc": 3.32, "bus_lcAssertive": 32.37, "bus_lcCooperative": 0.7, "bus_lcLookaheadLeft": 74.88, "bus_lcPushy": 0.07, "bus_lcSublane": 0.59, "bus_max_v": 24.56, "bus_tau_mean": 1.84, "bus_tau_std": 1.01, "car_acc": 1.19, "car_dcc": 3.47, "car_lcAssertive": 95.81, "car_lcCooperative": 0.33, "car_lcLookaheadLeft": 69.77, "car_lcPushy": 0.74, "car_lcSublane": 0.56, "car_max_v": 24.62, "car_tau_mean": 2.2, "car_tau_std": 7.07}, "datetime": {"datetime": "2024-08-04 12:15:59", "elapsed": 2433.225049, "delta": 2.628617}}
{"target": -0.043040910286890215, "params": {"bus_acc": 1.16, "bus_dcc": 3.66, "bus_lcAssertive": 60.43, "bus_lcCooperative": 0.98, "bus_lcLookaheadLeft": 82.64, "bus_lcPushy": 0.69, "bus_lcSublane": 0.3, "bus_max_v": 29.6, "bus_tau_mean": 1.79, "bus_tau_std": 0.74, "car_acc": 1.72, "car_dcc": 3.92, "car_lcAssertive": 17.59, "car_lcCooperative": 0.05, "car_lcLookaheadLeft": 55.49, "car_lcPushy": 0.9, "car_lcSublane": 0.1, "car_max_v": 20.14, "car_tau_mean": 0.57, "car_tau_std": 0.0}, "datetime": {"datetime": "2024-08-04 12:16:02", "elapsed": 2436.196816, "delta": 2.971767}}
{"target": -0.0537999188814882, "params": {"bus_acc": 1.43, "bus_dcc": 1.61, "bus_lcAssertive": 81.81, "bus_lcCooperative": 0.68, "bus_lcLookaheadLeft": 52.26, "bus_lcPushy": 0.9, "bus_lcSublane": 0.74, "bus_max_v": 27.5, "bus_tau_mean": 2.3, "bus_tau_std": 2.07, "car_acc": 1.8, "car_dcc": 2.39, "car_lcAssertive": 70.79, "car_lcCooperative": 0.2, "car_lcLookaheadLeft": 74.87, "car_lcPushy": 0.01, "car_lcSublane": 0.84, "car_max_v": 21.82, "car_tau_mean": 3.12, "car_tau_std": 7.08}, "datetime": {"datetime": "2024-08-04 12:16:19", "elapsed": 2454.020098, "delta": 17.823282}}
{"target": -0.0462297774040733, "params": {"bus_acc": 2.99, "bus_dcc": 2.89, "bus_lcAssertive": 14.17, "bus_lcCooperative": 0.14, "bus_lcLookaheadLeft": 33.72, "bus_lcPushy": 0.43, "bus_lcSublane": 0.29, "bus_max_v": 12.39, "bus_tau_mean": 1.52, "bus_tau_std": 3.59, "car_acc": 2.49, "car_dcc": 3.47, "car_lcAssertive": 66.26, "car_lcCooperative": 0.11, "car_lcLookaheadLeft": 21.87, "car_lcPushy": 0.72, "car_lcSublane": 0.73, "car_max_v": 13.38, "car_tau_mean": 3.21, "car_tau_std": 7.79}, "datetime": {"datetime": "2024-08-04 12:16:23", "elapsed": 2458.047842, "delta": 4.027744}}
{"target": -0.05635337116609312, "params": {"bus_acc": 1.86, "bus_dcc": 1.01, "bus_lcAssertive": 58.16, "bus_lcCooperative": 0.75, "bus_lcLookaheadLeft": 99.92, "bus_lcPushy": 0.38, "bus_lcSublane": 0.48, "bus_max_v": 29.46, "bus_tau_mean": 2.93, "bus_tau_std": 3.73, "car_acc": 1.67, "car_dcc": 1.49, "car_lcAssertive": 60.16, "car_lcCooperative": 0.18, "car_lcLookaheadLeft": 14.52, "car_lcPushy": 0.57, "car_lcSublane": 0.74, "car_max_v": 27.63, "car_tau_mean": 3.36, "car_tau_std": 8.83}, "datetime": {"datetime": "2024-08-04 12:16:27", "elapsed": 2461.202904, "delta": 3.155062}}
{"target": -0.044958192960459824, "params": {"bus_acc": 1.45, "bus_dcc": 2.19, "bus_lcAssertive": 38.98, "bus_lcCooperative": 0.32, "bus_lcLookaheadLeft": 98.45, "bus_lcPushy": 0.49, "bus_lcSublane": 0.37, "bus_max_v": 25.47, "bus_tau_mean": 1.22, "bus_tau_std": 1.07, "car_acc": 1.18, "car_dcc": 2.01, "car_lcAssertive": 68.73, "car_lcCooperative": 1.0, "car_lcLookaheadLeft": 43.2, "car_lcPushy": 0.43, "car_lcSublane": 0.5, "car_max_v": 11.09, "car_tau_mean": 1.36, "car_tau_std": 2.55}, "datetime": {"datetime": "2024-08-04 12:16:33", "elapsed": 2467.913094, "delta": 6.71019}}
{"target": -0.045685609385426366, "params": {"bus_acc": 1.57, "bus_dcc": 1.61, "bus_lcAssertive": 43.62, "bus_lcCooperative": 0.99, "bus_lcLookaheadLeft": 22.8, "bus_lcPushy": 0.99, "bus_lcSublane": 0.31, "bus_max_v": 22.35, "bus_tau_mean": 2.98, "bus_tau_std": 4.83, "car_acc": 1.21, "car_dcc": 3.98, "car_lcAssertive": 61.11, "car_lcCooperative": 0.26, "car_lcLookaheadLeft": 76.26, "car_lcPushy": 0.51, "car_lcSublane": 0.34, "car_max_v": 8.4, "car_tau_mean": 3.13, "car_tau_std": 3.6}, "datetime": {"datetime": "2024-08-04 12:16:36", "elapsed": 2470.591423, "delta": 2.678329}}
{"target": -0.05530804496138719, "params": {"bus_acc": 1.59, "bus_dcc": 1.32, "bus_lcAssertive": 9.77, "bus_lcCooperative": 0.46, "bus_lcLookaheadLeft": 76.87, "bus_lcPushy": 0.84, "bus_lcSublane": 0.23, "bus_max_v": 29.27, "bus_tau_mean": 1.96, "bus_tau_std": 6.06, "car_acc": 2.12, "car_dcc": 1.92, "car_lcAssertive": 4.51, "car_lcCooperative": 0.34, "car_lcLookaheadLeft": 51.18, "car_lcPushy": 0.17, "car_lcSublane": 0.42, "car_max_v": 21.7, "car_tau_mean": 3.15, "car_tau_std": 7.45}, "datetime": {"datetime": "2024-08-04 12:16:38", "elapsed": 2472.488307, "delta": 1.896884}}
{"target": -0.05284205587125423, "params": {"bus_acc": 1.51, "bus_dcc": 3.52, "bus_lcAssertive": 57.93, "bus_lcCooperative": 0.7, "bus_lcLookaheadLeft": 59.97, "bus_lcPushy": 0.44, "bus_lcSublane": 0.39, "bus_max_v": 9.87, "bus_tau_mean": 0.54, "bus_tau_std": 5.19, "car_acc": 1.1, "car_dcc": 3.99, "car_lcAssertive": 45.61, "car_lcCooperative": 0.67, "car_lcLookaheadLeft": 2.9, "car_lcPushy": 0.24, "car_lcSublane": 0.28, "car_max_v": 12.29, "car_tau_mean": 0.93, "car_tau_std": 7.76}, "datetime": {"datetime": "2024-08-04 12:16:40", "elapsed": 2474.82454, "delta": 2.336233}}
{"target": -0.05618170323091148, "params": {"bus_acc": 2.88, "bus_dcc": 3.66, "bus_lcAssertive": 70.99, "bus_lcCooperative": 0.71, "bus_lcLookaheadLeft": 29.51, "bus_lcPushy": 0.4, "bus_lcSublane": 0.81, "bus_max_v": 18.85, "bus_tau_mean": 0.65, "bus_tau_std": 2.12, "car_acc": 1.75, "car_dcc": 1.14, "car_lcAssertive": 99.27, "car_lcCooperative": 0.53, "car_lcLookaheadLeft": 73.7, "car_lcPushy": 0.09, "car_lcSublane": 0.65, "car_max_v": 29.02, "car_tau_mean": 3.23, "car_tau_std": 3.74}, "datetime": {"datetime": "2024-08-04 12:16:48", "elapsed": 2482.139114, "delta": 7.314574}}
{"target": -0.05967505047417216, "params": {"bus_acc": 2.62, "bus_dcc": 1.53, "bus_lcAssertive": 13.45, "bus_lcCooperative": 0.24, "bus_lcLookaheadLeft": 19.17, "bus_lcPushy": 0.81, "bus_lcSublane": 0.89, "bus_max_v": 17.61, "bus_tau_mean": 0.66, "bus_tau_std": 1.26, "car_acc": 2.36, "car_dcc": 2.47, "car_lcAssertive": 62.5, "car_lcCooperative": 0.79, "car_lcLookaheadLeft": 74.08, "car_lcPushy": 0.62, "car_lcSublane": 0.17, "car_max_v": 30.0, "car_tau_mean": 1.66, "car_tau_std": 9.79}, "datetime": {"datetime": "2024-08-04 12:16:50", "elapsed": 2484.612621, "delta": 2.473507}}
{"target": -0.044799454742310375, "params": {"bus_acc": 2.62, "bus_dcc": 3.44, "bus_lcAssertive": 68.02, "bus_lcCooperative": 0.05, "bus_lcLookaheadLeft": 99.06, "bus_lcPushy": 0.62, "bus_lcSublane": 0.08, "bus_max_v": 19.2, "bus_tau_mean": 0.53, "bus_tau_std": 8.14, "car_acc": 1.19, "car_dcc": 2.43, "car_lcAssertive": 73.13, "car_lcCooperative": 0.65, "car_lcLookaheadLeft": 10.25, "car_lcPushy": 0.14, "car_lcSublane": 0.24, "car_max_v": 21.46, "car_tau_mean": 2.81, "car_tau_std": 2.0}, "datetime": {"datetime": "2024-08-04 12:16:56", "elapsed": 2490.419476, "delta": 5.806855}}
{"target": -0.0430468619274108, "params": {"bus_acc": 2.48, "bus_dcc": 2.7, "bus_lcAssertive": 61.22, "bus_lcCooperative": 0.28, "bus_lcLookaheadLeft": 46.95, "bus_lcPushy": 0.88, "bus_lcSublane": 0.62, "bus_max_v": 24.81, "bus_tau_mean": 2.33, "bus_tau_std": 5.12, "car_acc": 1.31, "car_dcc": 1.29, "car_lcAssertive": 16.72, "car_lcCooperative": 0.81, "car_lcLookaheadLeft": 34.23, "car_lcPushy": 0.38, "car_lcSublane": 0.71, "car_max_v": 13.85, "car_tau_mean": 1.41, "car_tau_std": 4.38}, "datetime": {"datetime": "2024-08-04 12:16:58", "elapsed": 2493.030684, "delta": 2.611208}}
