{"target": -0.3556965973350983, "params": {"bus_acc": 2.3554, "bus_dcc": 3.5141, "bus_lcAssertive": 36.7932, "bus_lcCooperative": 0.6035, "bus_lcLookaheadLeft": 33.1204, "bus_lcPushy": 0.2667, "bus_lcSigma": 0.1191, "bus_lcSublane": 0.3134, "bus_sigma": 0.2707, "bus_tau_mean": 3.6213, "bus_tau_std": 5.1122, "bus_v_mean": 12.8382, "bus_v_std": 6.9547, "car_acc": 2.2964, "car_dcc": 2.9383, "car_lcAssertive": 78.4638, "car_lcCooperative": 0.6816, "car_lcLookaheadLeft": 15.8101, "car_lcPushy": 0.2912, "car_lcSigma": 0.9044, "car_lcSublane": 0.1578, "car_sigma": 0.8195, "car_tau_mean": 3.2945, "car_tau_std": 0.4205, "car_v_mean": 21.992, "car_v_std": 5.1273}, "datetime": {"datetime": "2024-08-07 11:41:58", "elapsed": 8021.422496, "delta": 3.234351}}
