{"target": -0.04637232932366916, "params": {"bus_acc": 1.54, "bus_dcc": 1.8, "bus_lcAssertive": 58.96, "bus_lcCooperative": 0.41, "bus_lcLookaheadLeft": 19.01, "bus_lcPushy": 0.07, "bus_lcSublane": 0.49, "bus_tau_mean": 2.72, "bus_tau_std": 2.73, "bus_v_mean": 12.75, "bus_v_std": 9.83, "car_acc": 1.64, "car_dcc": 2.6, "car_lcAssertive": 61.23, "car_lcCooperative": 0.3, "car_lcLookaheadLeft": 99.38, "car_lcPushy": 0.88, "car_lcSublane": 0.95, "car_tau_mean": 1.67, "car_tau_std": 2.35, "car_v_mean": 18.35, "car_v_std": 3.59}, "datetime": {"datetime": "2024-08-04 14:40:35", "elapsed": 1178.116889, "delta": 2.38608}}
{"target": -0.03635347712599387, "params": {"bus_acc": 1.54, "bus_dcc": 2.39, "bus_lcAssertive": 91.35, "bus_lcCooperative": 0.9, "bus_lcLookaheadLeft": 84.65, "bus_lcPushy": 0.17, "bus_lcSublane": 0.74, "bus_tau_mean": 1.99, "bus_tau_std": 1.02, "bus_v_mean": 9.48, "bus_v_std": 3.13, "car_acc": 1.71, "car_dcc": 2.24, "car_lcAssertive": 42.18, "car_lcCooperative": 0.87, "car_lcLookaheadLeft": 97.94, "car_lcPushy": 0.89, "car_lcSublane": 0.69, "car_tau_mean": 0.78, "car_tau_std": 2.37, "car_v_mean": 11.89, "car_v_std": 9.75}, "datetime": {"datetime": "2024-08-04 14:40:38", "elapsed": 1181.274964, "delta": 3.158075}}
{"target": -0.04048089744802139, "params": {"bus_acc": 2.14, "bus_dcc": 3.2, "bus_lcAssertive": 58.77, "bus_lcCooperative": 0.4, "bus_lcLookaheadLeft": 61.17, "bus_lcPushy": 0.31, "bus_lcSublane": 1.0, "bus_tau_mean": 0.69, "bus_tau_std": 1.84, "bus_v_mean": 9.89, "bus_v_std": 8.2, "car_acc": 1.69, "car_dcc": 1.26, "car_lcAssertive": 36.25, "car_lcCooperative": 0.4, "car_lcLookaheadLeft": 53.2, "car_lcPushy": 0.86, "car_lcSublane": 0.49, "car_tau_mean": 2.8, "car_tau_std": 8.5, "car_v_mean": 19.06, "car_v_std": 7.72}, "datetime": {"datetime": "2024-08-04 14:40:48", "elapsed": 1191.285709, "delta": 10.010745}}
{"target": -0.04371873410692995, "params": {"bus_acc": 2.3, "bus_dcc": 2.68, "bus_lcAssertive": 45.14, "bus_lcCooperative": 0.32, "bus_lcLookaheadLeft": 45.14, "bus_lcPushy": 0.33, "bus_lcSublane": 0.89, "bus_tau_mean": 3.1, "bus_tau_std": 2.02, "bus_v_mean": 14.84, "bus_v_std": 5.37, "car_acc": 2.69, "car_dcc": 3.53, "car_lcAssertive": 18.78, "car_lcCooperative": 0.81, "car_lcLookaheadLeft": 82.82, "car_lcPushy": 0.81, "car_lcSublane": 0.87, "car_tau_mean": 0.63, "car_tau_std": 5.73, "car_v_mean": 20.36, "car_v_std": 8.97}, "datetime": {"datetime": "2024-08-04 14:40:50", "elapsed": 1193.362662, "delta": 2.076953}}
{"target": -0.0316390101171914, "params": {"bus_acc": 1.08, "bus_dcc": 2.34, "bus_lcAssertive": 42.67, "bus_lcCooperative": 0.21, "bus_lcLookaheadLeft": 7.38, "bus_lcPushy": 0.18, "bus_lcSublane": 0.18, "bus_tau_mean": 0.77, "bus_tau_std": 7.26, "bus_v_mean": 13.42, "bus_v_std": 0.77, "car_acc": 1.03, "car_dcc": 2.24, "car_lcAssertive": 47.57, "car_lcCooperative": 0.48, "car_lcLookaheadLeft": 94.88, "car_lcPushy": 0.25, "car_lcSublane": 0.97, "car_tau_mean": 3.21, "car_tau_std": 5.91, "car_v_mean": 15.57, "car_v_std": 5.73}, "datetime": {"datetime": "2024-08-04 14:40:54", "elapsed": 1196.86678, "delta": 3.504118}}
{"target": -0.04164492155612403, "params": {"bus_acc": 2.11, "bus_dcc": 3.84, "bus_lcAssertive": 69.95, "bus_lcCooperative": 0.66, "bus_lcLookaheadLeft": 16.79, "bus_lcPushy": 0.33, "bus_lcSublane": 0.0, "bus_tau_mean": 2.8, "bus_tau_std": 2.39, "bus_v_mean": 22.2, "bus_v_std": 8.75, "car_acc": 2.8, "car_dcc": 1.87, "car_lcAssertive": 4.0, "car_lcCooperative": 0.3, "car_lcLookaheadLeft": 83.69, "car_lcPushy": 0.33, "car_lcSublane": 0.56, "car_tau_mean": 1.27, "car_tau_std": 8.01, "car_v_mean": 15.98, "car_v_std": 6.01}, "datetime": {"datetime": "2024-08-04 14:40:57", "elapsed": 1200.121214, "delta": 3.254434}}
{"target": -0.03522221982858712, "params": {"bus_acc": 1.42, "bus_dcc": 1.68, "bus_lcAssertive": 69.5, "bus_lcCooperative": 0.66, "bus_lcLookaheadLeft": 87.67, "bus_lcPushy": 0.33, "bus_lcSublane": 0.71, "bus_tau_mean": 0.71, "bus_tau_std": 5.25, "bus_v_mean": 21.9, "bus_v_std": 9.93, "car_acc": 1.1, "car_dcc": 1.84, "car_lcAssertive": 23.25, "car_lcCooperative": 0.13, "car_lcLookaheadLeft": 3.08, "car_lcPushy": 0.58, "car_lcSublane": 0.13, "car_tau_mean": 1.56, "car_tau_std": 6.48, "car_v_mean": 12.8, "car_v_std": 2.78}, "datetime": {"datetime": "2024-08-04 14:41:02", "elapsed": 1205.158899, "delta": 5.037685}}
{"target": -0.04092491064975033, "params": {"bus_acc": 1.28, "bus_dcc": 3.12, "bus_lcAssertive": 61.94, "bus_lcCooperative": 0.88, "bus_lcLookaheadLeft": 67.15, "bus_lcPushy": 0.94, "bus_lcSublane": 0.15, "bus_tau_mean": 2.55, "bus_tau_std": 5.74, "bus_v_mean": 15.5, "bus_v_std": 3.16, "car_acc": 2.3, "car_dcc": 1.52, "car_lcAssertive": 1.09, "car_lcCooperative": 0.64, "car_lcLookaheadLeft": 59.92, "car_lcPushy": 0.49, "car_lcSublane": 0.18, "car_tau_mean": 1.38, "car_tau_std": 4.2, "car_v_mean": 14.05, "car_v_std": 0.68}, "datetime": {"datetime": "2024-08-04 14:41:05", "elapsed": 1208.034505, "delta": 2.875606}}
{"target": -0.0360298206743946, "params": {"bus_acc": 1.27, "bus_dcc": 3.26, "bus_lcAssertive": 36.53, "bus_lcCooperative": 0.09, "bus_lcLookaheadLeft": 45.03, "bus_lcPushy": 0.64, "bus_lcSublane": 0.85, "bus_tau_mean": 1.48, "bus_tau_std": 3.96, "bus_v_mean": 15.84, "bus_v_std": 2.83, "car_acc": 1.84, "car_dcc": 2.64, "car_lcAssertive": 51.35, "car_lcCooperative": 0.1, "car_lcLookaheadLeft": 47.53, "car_lcPushy": 0.41, "car_lcSublane": 0.01, "car_tau_mean": 1.06, "car_tau_std": 5.11, "car_v_mean": 12.09, "car_v_std": 5.13}, "datetime": {"datetime": "2024-08-04 14:41:18", "elapsed": 1221.505649, "delta": 13.471144}}
{"target": -0.035814768135262916, "params": {"bus_acc": 2.82, "bus_dcc": 2.43, "bus_lcAssertive": 78.98, "bus_lcCooperative": 0.42, "bus_lcLookaheadLeft": 97.77, "bus_lcPushy": 0.72, "bus_lcSublane": 0.25, "bus_tau_mean": 1.23, "bus_tau_std": 7.13, "bus_v_mean": 11.26, "bus_v_std": 2.82, "car_acc": 1.14, "car_dcc": 3.39, "car_lcAssertive": 9.01, "car_lcCooperative": 0.93, "car_lcLookaheadLeft": 89.2, "car_lcPushy": 0.08, "car_lcSublane": 0.28, "car_tau_mean": 1.28, "car_tau_std": 8.56, "car_v_mean": 17.47, "car_v_std": 4.18}, "datetime": {"datetime": "2024-08-04 14:41:21", "elapsed": 1224.278422, "delta": 2.772773}}
{"target": -0.04079035208530212, "params": {"bus_acc": 1.67, "bus_dcc": 1.77, "bus_lcAssertive": 12.98, "bus_lcCooperative": 0.01, "bus_lcLookaheadLeft": 74.65, "bus_lcPushy": 0.1, "bus_lcSublane": 0.31, "bus_tau_mean": 0.55, "bus_tau_std": 4.67, "bus_v_mean": 15.6, "bus_v_std": 3.71, "car_acc": 1.11, "car_dcc": 1.14, "car_lcAssertive": 86.0, "car_lcCooperative": 0.15, "car_lcLookaheadLeft": 91.82, "car_lcPushy": 0.19, "car_lcSublane": 0.78, "car_tau_mean": 2.7, "car_tau_std": 7.99, "car_v_mean": 20.57, "car_v_std": 7.17}, "datetime": {"datetime": "2024-08-04 14:41:27", "elapsed": 1230.047338, "delta": 5.768916}}
{"target": -0.03142691709181184, "params": {"bus_acc": 3.0, "bus_dcc": 4.0, "bus_lcAssertive": 66.4, "bus_lcCooperative": 1.0, "bus_lcLookaheadLeft": 16.3, "bus_lcPushy": 1.0, "bus_lcSublane": 1.0, "bus_tau_mean": 0.5, "bus_tau_std": 0.0, "bus_v_mean": 12.37, "bus_v_std": 3.02, "car_acc": 3.0, "car_dcc": 1.0, "car_lcAssertive": 43.4, "car_lcCooperative": 0.0, "car_lcLookaheadLeft": 79.25, "car_lcPushy": 0.18, "car_lcSublane": 0.15, "car_tau_mean": 4.0, "car_tau_std": 0.0, "car_v_mean": 8.0, "car_v_std": 2.31}, "datetime": {"datetime": "2024-08-04 14:41:33", "elapsed": 1236.550923, "delta": 6.503585}}
{"target": -0.02788242477460821, "params": {"bus_acc": 2.12, "bus_dcc": 2.08, "bus_lcAssertive": 61.7, "bus_lcCooperative": 0.94, "bus_lcLookaheadLeft": 60.5, "bus_lcPushy": 0.98, "bus_lcSublane": 0.44, "bus_tau_mean": 3.09, "bus_tau_std": 0.38, "bus_v_mean": 20.24, "bus_v_std": 5.18, "car_acc": 1.01, "car_dcc": 1.83, "car_lcAssertive": 53.95, "car_lcCooperative": 0.77, "car_lcLookaheadLeft": 7.21, "car_lcPushy": 0.55, "car_lcSublane": 0.8, "car_tau_mean": 2.78, "car_tau_std": 9.32, "car_v_mean": 9.2, "car_v_std": 2.77}, "datetime": {"datetime": "2024-08-04 14:41:40", "elapsed": 1243.438121, "delta": 6.887198}}
{"target": -0.03868427038940898, "params": {"bus_acc": 1.09, "bus_dcc": 3.65, "bus_lcAssertive": 91.01, "bus_lcCooperative": 0.3, "bus_lcLookaheadLeft": 37.31, "bus_lcPushy": 0.14, "bus_lcSublane": 0.53, "bus_tau_mean": 3.61, "bus_tau_std": 4.58, "bus_v_mean": 13.47, "bus_v_std": 8.29, "car_acc": 2.2, "car_dcc": 3.16, "car_lcAssertive": 52.56, "car_lcCooperative": 0.38, "car_lcLookaheadLeft": 77.26, "car_lcPushy": 0.27, "car_lcSublane": 0.36, "car_tau_mean": 1.08, "car_tau_std": 9.94, "car_v_mean": 12.44, "car_v_std": 4.13}, "datetime": {"datetime": "2024-08-04 14:41:46", "elapsed": 1249.656355, "delta": 6.218234}}
{"target": -0.030828835133139693, "params": {"bus_acc": 1.33, "bus_dcc": 2.42, "bus_lcAssertive": 38.74, "bus_lcCooperative": 0.12, "bus_lcLookaheadLeft": 52.11, "bus_lcPushy": 0.95, "bus_lcSublane": 0.65, "bus_tau_mean": 1.73, "bus_tau_std": 8.63, "bus_v_mean": 8.61, "bus_v_std": 3.51, "car_acc": 1.37, "car_dcc": 2.37, "car_lcAssertive": 72.39, "car_lcCooperative": 0.68, "car_lcLookaheadLeft": 38.74, "car_lcPushy": 0.93, "car_lcSublane": 0.56, "car_tau_mean": 2.01, "car_tau_std": 4.69, "car_v_mean": 10.4, "car_v_std": 4.39}, "datetime": {"datetime": "2024-08-04 14:41:50", "elapsed": 1253.156993, "delta": 3.500638}}
{"target": -0.03462984034398411, "params": {"bus_acc": 2.71, "bus_dcc": 3.19, "bus_lcAssertive": 5.8, "bus_lcCooperative": 0.85, "bus_lcLookaheadLeft": 84.48, "bus_lcPushy": 0.82, "bus_lcSublane": 0.02, "bus_tau_mean": 2.4, "bus_tau_std": 5.0, "bus_v_mean": 20.26, "bus_v_std": 9.98, "car_acc": 2.98, "car_dcc": 1.66, "car_lcAssertive": 35.9, "car_lcCooperative": 0.9, "car_lcLookaheadLeft": 46.22, "car_lcPushy": 0.17, "car_lcSublane": 0.68, "car_tau_mean": 3.31, "car_tau_std": 7.01, "car_v_mean": 8.44, "car_v_std": 9.24}, "datetime": {"datetime": "2024-08-04 14:42:11", "elapsed": 1274.430257, "delta": 21.273264}}
{"target": -0.032098421529534675, "params": {"bus_acc": 3.0, "bus_dcc": 3.97, "bus_lcAssertive": 69.45, "bus_lcCooperative": 1.0, "bus_lcLookaheadLeft": 21.95, "bus_lcPushy": 0.91, "bus_lcSublane": 1.0, "bus_tau_mean": 0.68, "bus_tau_std": 0.0, "bus_v_mean": 8.0, "bus_v_std": 0.0, "car_acc": 2.02, "car_dcc": 1.45, "car_lcAssertive": 37.93, "car_lcCooperative": 0.0, "car_lcLookaheadLeft": 73.54, "car_lcPushy": 0.85, "car_lcSublane": 0.0, "car_tau_mean": 4.0, "car_tau_std": 0.0, "car_v_mean": 8.0, "car_v_std": 0.0}, "datetime": {"datetime": "2024-08-04 14:42:18", "elapsed": 1281.786625, "delta": 7.356368}}
{"target": -0.03177250728591622, "params": {"bus_acc": 3.0, "bus_dcc": 4.0, "bus_lcAssertive": 67.47, "bus_lcCooperative": 1.0, "bus_lcLookaheadLeft": 16.86, "bus_lcPushy": 0.83, "bus_lcSublane": 1.0, "bus_tau_mean": 0.5, "bus_tau_std": 0.0, "bus_v_mean": 12.13, "bus_v_std": 2.09, "car_acc": 2.92, "car_dcc": 1.0, "car_lcAssertive": 43.58, "car_lcCooperative": 0.0, "car_lcLookaheadLeft": 78.72, "car_lcPushy": 0.24, "car_lcSublane": 0.0, "car_tau_mean": 3.81, "car_tau_std": 0.0, "car_v_mean": 8.0, "car_v_std": 2.0}, "datetime": {"datetime": "2024-08-04 14:42:20", "elapsed": 1283.354305, "delta": 1.56768}}
{"target": -0.029457808741568458, "params": {"bus_acc": 3.0, "bus_dcc": 4.0, "bus_lcAssertive": 66.88, "bus_lcCooperative": 1.0, "bus_lcLookaheadLeft": 16.68, "bus_lcPushy": 1.0, "bus_lcSublane": 1.0, "bus_tau_mean": 0.5, "bus_tau_std": 0.0, "bus_v_mean": 10.26, "bus_v_std": 3.05, "car_acc": 3.0, "car_dcc": 1.0, "car_lcAssertive": 42.5, "car_lcCooperative": 0.0, "car_lcLookaheadLeft": 79.04, "car_lcPushy": 0.87, "car_lcSublane": 0.0, "car_tau_mean": 4.0, "car_tau_std": 0.0, "car_v_mean": 8.0, "car_v_std": 2.1}, "datetime": {"datetime": "2024-08-04 14:42:22", "elapsed": 1284.908208, "delta": 1.553903}}
{"target": -0.03833370829739224, "params": {"bus_acc": 1.42, "bus_dcc": 1.72, "bus_lcAssertive": 49.83, "bus_lcCooperative": 0.87, "bus_lcLookaheadLeft": 14.08, "bus_lcPushy": 0.67, "bus_lcSublane": 0.51, "bus_tau_mean": 0.78, "bus_tau_std": 3.48, "bus_v_mean": 15.57, "bus_v_std": 7.04, "car_acc": 2.48, "car_dcc": 2.51, "car_lcAssertive": 38.49, "car_lcCooperative": 0.75, "car_lcLookaheadLeft": 67.49, "car_lcPushy": 0.81, "car_lcSublane": 0.15, "car_tau_mean": 3.08, "car_tau_std": 4.38, "car_v_mean": 14.28, "car_v_std": 4.02}, "datetime": {"datetime": "2024-08-04 14:42:25", "elapsed": 1287.836895, "delta": 2.928687}}
{"target": -0.03845955128862323, "params": {"bus_acc": 1.33, "bus_dcc": 2.22, "bus_lcAssertive": 51.33, "bus_lcCooperative": 0.68, "bus_lcLookaheadLeft": 40.31, "bus_lcPushy": 0.35, "bus_lcSublane": 0.68, "bus_tau_mean": 3.47, "bus_tau_std": 5.22, "bus_v_mean": 18.66, "bus_v_std": 3.97, "car_acc": 2.49, "car_dcc": 3.4, "car_lcAssertive": 37.46, "car_lcCooperative": 0.86, "car_lcLookaheadLeft": 46.09, "car_lcPushy": 0.85, "car_lcSublane": 0.16, "car_tau_mean": 3.1, "car_tau_std": 6.45, "car_v_mean": 10.95, "car_v_std": 6.05}, "datetime": {"datetime": "2024-08-04 14:42:27", "elapsed": 1290.607559, "delta": 2.770664}}
{"target": -0.025152542163411392, "params": {"bus_acc": 3.0, "bus_dcc": 3.04, "bus_lcAssertive": 66.12, "bus_lcCooperative": 0.56, "bus_lcLookaheadLeft": 16.89, "bus_lcPushy": 0.98, "bus_lcSublane": 1.0, "bus_tau_mean": 1.9, "bus_tau_std": 0.0, "bus_v_mean": 15.25, "bus_v_std": 5.26, "car_acc": 1.95, "car_dcc": 1.44, "car_lcAssertive": 43.4, "car_lcCooperative": 0.0, "car_lcLookaheadLeft": 79.36, "car_lcPushy": 0.83, "car_lcSublane": 0.72, "car_tau_mean": 3.39, "car_tau_std": 0.0, "car_v_mean": 8.0, "car_v_std": 3.68}, "datetime": {"datetime": "2024-08-04 14:42:39", "elapsed": 1301.998738, "delta": 11.391179}}
{"target": -0.05033093241244169, "params": {"bus_acc": 2.54, "bus_dcc": 2.14, "bus_lcAssertive": 14.76, "bus_lcCooperative": 0.95, "bus_lcLookaheadLeft": 12.57, "bus_lcPushy": 0.39, "bus_lcSublane": 0.86, "bus_tau_mean": 2.74, "bus_tau_std": 1.83, "bus_v_mean": 17.37, "bus_v_std": 5.26, "car_acc": 2.96, "car_dcc": 2.16, "car_lcAssertive": 54.58, "car_lcCooperative": 0.39, "car_lcLookaheadLeft": 45.17, "car_lcPushy": 0.54, "car_lcSublane": 0.05, "car_tau_mean": 2.68, "car_tau_std": 1.79, "car_v_mean": 22.74, "car_v_std": 4.84}, "datetime": {"datetime": "2024-08-04 14:42:45", "elapsed": 1308.540131, "delta": 6.541393}}
{"target": -0.03756700860750803, "params": {"bus_acc": 1.74, "bus_dcc": 3.0, "bus_lcAssertive": 71.52, "bus_lcCooperative": 0.77, "bus_lcLookaheadLeft": 36.63, "bus_lcPushy": 0.07, "bus_lcSublane": 0.84, "bus_tau_mean": 1.44, "bus_tau_std": 6.02, "bus_v_mean": 12.11, "bus_v_std": 8.94, "car_acc": 2.21, "car_dcc": 2.16, "car_lcAssertive": 45.04, "car_lcCooperative": 0.52, "car_lcLookaheadLeft": 78.1, "car_lcPushy": 0.84, "car_lcSublane": 0.89, "car_tau_mean": 2.62, "car_tau_std": 2.97, "car_v_mean": 12.34, "car_v_std": 7.64}, "datetime": {"datetime": "2024-08-04 14:42:56", "elapsed": 1319.128069, "delta": 10.587938}}
{"target": -0.03221306305597172, "params": {"bus_acc": 2.87, "bus_dcc": 3.67, "bus_lcAssertive": 29.64, "bus_lcCooperative": 0.95, "bus_lcLookaheadLeft": 85.3, "bus_lcPushy": 0.44, "bus_lcSublane": 0.47, "bus_tau_mean": 2.71, "bus_tau_std": 1.58, "bus_v_mean": 8.24, "bus_v_std": 2.66, "car_acc": 1.03, "car_dcc": 3.03, "car_lcAssertive": 55.6, "car_lcCooperative": 0.32, "car_lcLookaheadLeft": 78.46, "car_lcPushy": 0.15, "car_lcSublane": 0.25, "car_tau_mean": 1.53, "car_tau_std": 1.96, "car_v_mean": 9.41, "car_v_std": 8.7}, "datetime": {"datetime": "2024-08-04 14:43:13", "elapsed": 1336.436663, "delta": 17.308594}}
{"target": -0.030678249285202523, "params": {"bus_acc": 1.0, "bus_dcc": 2.08, "bus_lcAssertive": 69.39, "bus_lcCooperative": 1.0, "bus_lcLookaheadLeft": 74.38, "bus_lcPushy": 1.0, "bus_lcSublane": 0.58, "bus_tau_mean": 4.0, "bus_tau_std": 1.84, "bus_v_mean": 24.0, "bus_v_std": 0.0, "car_acc": 1.0, "car_dcc": 1.0, "car_lcAssertive": 43.93, "car_lcCooperative": 0.49, "car_lcLookaheadLeft": 12.12, "car_lcPushy": 0.96, "car_lcSublane": 1.0, "car_tau_mean": 4.0, "car_tau_std": 9.79, "car_v_mean": 8.0, "car_v_std": 10.0}, "datetime": {"datetime": "2024-08-04 14:43:15", "elapsed": 1338.156299, "delta": 1.719636}}
{"target": -0.031031407905025607, "params": {"bus_acc": 3.0, "bus_dcc": 3.86, "bus_lcAssertive": 19.02, "bus_lcCooperative": 1.0, "bus_lcLookaheadLeft": 84.06, "bus_lcPushy": 0.72, "bus_lcSublane": 0.98, "bus_tau_mean": 1.72, "bus_tau_std": 0.0, "bus_v_mean": 8.0, "bus_v_std": 3.68, "car_acc": 1.0, "car_dcc": 2.91, "car_lcAssertive": 66.4, "car_lcCooperative": 0.65, "car_lcLookaheadLeft": 75.37, "car_lcPushy": 0.0, "car_lcSublane": 0.0, "car_tau_mean": 0.5, "car_tau_std": 0.0, "car_v_mean": 8.0, "car_v_std": 10.0}, "datetime": {"datetime": "2024-08-04 14:43:16", "elapsed": 1339.763816, "delta": 1.607517}}
{"target": -0.032014705839005245, "params": {"bus_acc": 2.63, "bus_dcc": 3.92, "bus_lcAssertive": 72.73, "bus_lcCooperative": 0.44, "bus_lcLookaheadLeft": 29.79, "bus_lcPushy": 0.45, "bus_lcSublane": 0.57, "bus_tau_mean": 3.07, "bus_tau_std": 7.0, "bus_v_mean": 22.39, "bus_v_std": 5.61, "car_acc": 1.67, "car_dcc": 1.09, "car_lcAssertive": 30.85, "car_lcCooperative": 0.85, "car_lcLookaheadLeft": 91.95, "car_lcPushy": 0.21, "car_lcSublane": 0.52, "car_tau_mean": 3.14, "car_tau_std": 8.73, "car_v_mean": 8.44, "car_v_std": 3.54}, "datetime": {"datetime": "2024-08-04 14:43:20", "elapsed": 1342.921462, "delta": 3.157646}}
{"target": -0.03853607724914828, "params": {"bus_acc": 2.86, "bus_dcc": 2.05, "bus_lcAssertive": 23.16, "bus_lcCooperative": 0.28, "bus_lcLookaheadLeft": 97.55, "bus_lcPushy": 0.99, "bus_lcSublane": 0.79, "bus_tau_mean": 3.03, "bus_tau_std": 6.14, "bus_v_mean": 17.32, "bus_v_std": 5.97, "car_acc": 1.47, "car_dcc": 1.01, "car_lcAssertive": 49.14, "car_lcCooperative": 0.72, "car_lcLookaheadLeft": 59.18, "car_lcPushy": 0.75, "car_lcSublane": 0.84, "car_tau_mean": 1.95, "car_tau_std": 1.51, "car_v_mean": 14.69, "car_v_std": 6.53}, "datetime": {"datetime": "2024-08-04 14:43:29", "elapsed": 1352.314293, "delta": 9.392831}}
{"target": -0.0408633468847232, "params": {"bus_acc": 2.24, "bus_dcc": 3.56, "bus_lcAssertive": 88.03, "bus_lcCooperative": 0.86, "bus_lcLookaheadLeft": 53.46, "bus_lcPushy": 0.13, "bus_lcSublane": 0.68, "bus_tau_mean": 2.6, "bus_tau_std": 7.0, "bus_v_mean": 20.4, "bus_v_std": 2.32, "car_acc": 2.6, "car_dcc": 3.38, "car_lcAssertive": 77.29, "car_lcCooperative": 0.01, "car_lcLookaheadLeft": 37.29, "car_lcPushy": 0.64, "car_lcSublane": 0.05, "car_tau_mean": 2.89, "car_tau_std": 3.66, "car_v_mean": 17.54, "car_v_std": 9.31}, "datetime": {"datetime": "2024-08-04 14:43:31", "elapsed": 1354.114912, "delta": 1.800619}}
{"target": -0.03492673939767969, "params": {"bus_acc": 1.79, "bus_dcc": 1.31, "bus_lcAssertive": 25.23, "bus_lcCooperative": 1.0, "bus_lcLookaheadLeft": 87.32, "bus_lcPushy": 1.0, "bus_lcSublane": 1.0, "bus_tau_mean": 1.76, "bus_tau_std": 9.72, "bus_v_mean": 8.0, "bus_v_std": 10.0, "car_acc": 1.0, "car_dcc": 2.47, "car_lcAssertive": 59.74, "car_lcCooperative": 1.0, "car_lcLookaheadLeft": 65.06, "car_lcPushy": 0.0, "car_lcSublane": 0.0, "car_tau_mean": 0.5, "car_tau_std": 0.0, "car_v_mean": 8.0, "car_v_std": 10.0}, "datetime": {"datetime": "2024-08-04 14:43:41", "elapsed": 1364.532312, "delta": 10.4174}}
{"target": -0.03372022339098118, "params": {"bus_acc": 3.0, "bus_dcc": 3.67, "bus_lcAssertive": 21.06, "bus_lcCooperative": 1.0, "bus_lcLookaheadLeft": 83.01, "bus_lcPushy": 1.0, "bus_lcSublane": 1.0, "bus_tau_mean": 4.0, "bus_tau_std": 0.0, "bus_v_mean": 8.0, "bus_v_std": 6.24, "car_acc": 1.0, "car_dcc": 1.0, "car_lcAssertive": 55.45, "car_lcCooperative": 1.0, "car_lcLookaheadLeft": 63.11, "car_lcPushy": 0.0, "car_lcSublane": 0.0, "car_tau_mean": 0.5, "car_tau_std": 0.0, "car_v_mean": 8.0, "car_v_std": 10.0}, "datetime": {"datetime": "2024-08-04 14:43:43", "elapsed": 1366.474263, "delta": 1.941951}}
{"target": -0.03804233445600723, "params": {"bus_acc": 1.22, "bus_dcc": 2.13, "bus_lcAssertive": 68.75, "bus_lcCooperative": 0.37, "bus_lcLookaheadLeft": 77.34, "bus_lcPushy": 0.73, "bus_lcSublane": 0.34, "bus_tau_mean": 0.83, "bus_tau_std": 7.86, "bus_v_mean": 14.67, "bus_v_std": 3.37, "car_acc": 1.14, "car_dcc": 3.58, "car_lcAssertive": 48.0, "car_lcCooperative": 0.63, "car_lcLookaheadLeft": 36.74, "car_lcPushy": 0.45, "car_lcSublane": 0.78, "car_tau_mean": 1.91, "car_tau_std": 0.11, "car_v_mean": 16.35, "car_v_std": 6.25}, "datetime": {"datetime": "2024-08-04 14:43:51", "elapsed": 1373.985352, "delta": 7.511089}}
{"target": -0.02818262706474096, "params": {"bus_acc": 1.0, "bus_dcc": 1.65, "bus_lcAssertive": 66.57, "bus_lcCooperative": 1.0, "bus_lcLookaheadLeft": 74.75, "bus_lcPushy": 1.0, "bus_lcSublane": 0.3, "bus_tau_mean": 4.0, "bus_tau_std": 1.77, "bus_v_mean": 18.65, "bus_v_std": 0.0, "car_acc": 1.0, "car_dcc": 1.0, "car_lcAssertive": 43.82, "car_lcCooperative": 0.29, "car_lcLookaheadLeft": 10.79, "car_lcPushy": 1.0, "car_lcSublane": 1.0, "car_tau_mean": 4.0, "car_tau_std": 3.12, "car_v_mean": 8.0, "car_v_std": 10.0}, "datetime": {"datetime": "2024-08-04 14:43:59", "elapsed": 1382.185692, "delta": 8.20034}}
{"target": -0.028558854344826416, "params": {"bus_acc": 1.0, "bus_dcc": 2.61, "bus_lcAssertive": 66.21, "bus_lcCooperative": 1.0, "bus_lcLookaheadLeft": 74.96, "bus_lcPushy": 0.95, "bus_lcSublane": 0.39, "bus_tau_mean": 4.0, "bus_tau_std": 0.31, "bus_v_mean": 15.0, "bus_v_std": 0.0, "car_acc": 1.0, "car_dcc": 1.0, "car_lcAssertive": 43.32, "car_lcCooperative": 0.69, "car_lcLookaheadLeft": 10.55, "car_lcPushy": 1.0, "car_lcSublane": 1.0, "car_tau_mean": 4.0, "car_tau_std": 7.48, "car_v_mean": 8.0, "car_v_std": 10.0}, "datetime": {"datetime": "2024-08-04 14:44:01", "elapsed": 1384.144195, "delta": 1.958503}}
