{"target": -0.3493584625781895, "params": {"bus_acc": 2.0393, "bus_dcc": 1.8516, "bus_lcAssertive": 96.5435, "bus_lcCooperative": 0.2295, "bus_lcLookaheadLeft": 25.2704, "bus_lcPushy": 0.5706, "bus_lcSigma": 0.9314, "bus_lcSublane": 0.585, "bus_sigma": 0.087, "bus_tau_mean": 1.3102, "bus_tau_std": 4.8906, "bus_v_mean": 15.9481, "bus_v_std": 8.5951, "car_acc": 1.0733, "car_dcc": 1.0189, "car_lcAssertive": 63.9656, "car_lcCooperative": 0.8207, "car_lcLookaheadLeft": 2.3451, "car_lcPushy": 0.4891, "car_lcSigma": 0.7109, "car_lcSublane": 0.4999, "car_sigma": 0.9764, "car_tau_mean": 2.3035, "car_tau_std": 0.4009, "car_v_mean": 14.8765, "car_v_std": 9.6055}, "datetime": {"datetime": "2024-08-07 10:00:16", "elapsed": 1919.462948, "delta": 1.711503}}
{"target": -0.3225574714457621, "params": {"bus_acc": 2.0411, "bus_dcc": 1.8523, "bus_lcAssertive": 96.5501, "bus_lcCooperative": 0.2305, "bus_lcLookaheadLeft": 25.3073, "bus_lcPushy": 0.5721, "bus_lcSigma": 0.9267, "bus_lcSublane": 0.5819, "bus_sigma": 0.0428, "bus_tau_mean": 1.3111, "bus_tau_std": 4.8925, "bus_v_mean": 15.9631, "bus_v_std": 8.593, "car_acc": 1.074, "car_dcc": 1.0193, "car_lcAssertive": 63.9234, "car_lcCooperative": 0.8201, "car_lcLookaheadLeft": 2.3515, "car_lcPushy": 0.4897, "car_lcSigma": 0.7138, "car_lcSublane": 0.501, "car_sigma": 0.9736, "car_tau_mean": 2.3034, "car_tau_std": 0.3992, "car_v_mean": 14.8861, "car_v_std": 9.6032}, "datetime": {"datetime": "2024-08-07 10:00:23", "elapsed": 1925.800793, "delta": 6.337845}}
{"target": -0.3606298477984644, "params": {"bus_acc": 2.4347, "bus_dcc": 3.1049, "bus_lcAssertive": 59.3962, "bus_lcCooperative": 0.6179, "bus_lcLookaheadLeft": 33.7633, "bus_lcPushy": 0.538, "bus_lcSigma": 0.5127, "bus_lcSublane": 0.5595, "bus_sigma": 0.6689, "bus_tau_mean": 1.0578, "bus_tau_std": 5.4759, "bus_v_mean": 11.0639, "bus_v_std": 7.7072, "car_acc": 1.9229, "car_dcc": 3.4176, "car_lcAssertive": 40.5539, "car_lcCooperative": 0.3807, "car_lcLookaheadLeft": 75.5611, "car_lcPushy": 0.4659, "car_lcSigma": 0.6114, "car_lcSublane": 0.7187, "car_sigma": 0.1966, "car_tau_mean": 1.3539, "car_tau_std": 1.7564, "car_v_mean": 11.8598, "car_v_std": 3.5235}, "datetime": {"datetime": "2024-08-07 10:00:28", "elapsed": 1930.722184, "delta": 4.921391}}
{"target": -0.32086101552040125, "params": {"bus_acc": 2.051, "bus_dcc": 1.8646, "bus_lcAssertive": 96.5347, "bus_lcCooperative": 0.2299, "bus_lcLookaheadLeft": 25.2464, "bus_lcPushy": 0.5777, "bus_lcSigma": 0.9234, "bus_lcSublane": 0.5875, "bus_sigma": 0.0466, "bus_tau_mean": 1.3147, "bus_tau_std": 4.8989, "bus_v_mean": 15.9383, "bus_v_std": 8.5937, "car_acc": 1.0726, "car_dcc": 1.0188, "car_lcAssertive": 63.9909, "car_lcCooperative": 0.826, "car_lcLookaheadLeft": 2.3537, "car_lcPushy": 0.4877, "car_lcSigma": 0.7175, "car_lcSublane": 0.5065, "car_sigma": 0.9714, "car_tau_mean": 2.3057, "car_tau_std": 0.4055, "car_v_mean": 14.8752, "car_v_std": 9.6111}, "datetime": {"datetime": "2024-08-07 10:00:35", "elapsed": 1938.055464, "delta": 7.33328}}
{"target": -0.3249467183487128, "params": {"bus_acc": 1.8323, "bus_dcc": 1.8291, "bus_lcAssertive": 98.2214, "bus_lcCooperative": 0.1473, "bus_lcLookaheadLeft": 24.417, "bus_lcPushy": 0.4678, "bus_lcSigma": 1.0, "bus_lcSublane": 0.6565, "bus_sigma": 0.0, "bus_tau_mean": 0.5976, "bus_tau_std": 3.8606, "bus_v_mean": 12.9088, "bus_v_std": 10.0, "car_acc": 1.0, "car_dcc": 1.0, "car_lcAssertive": 64.2374, "car_lcCooperative": 0.9302, "car_lcLookaheadLeft": 2.0, "car_lcPushy": 0.4153, "car_lcSigma": 0.7865, "car_lcSublane": 0.7141, "car_sigma": 1.0, "car_tau_mean": 2.5235, "car_tau_std": 0.0, "car_v_mean": 12.9058, "car_v_std": 10.0}, "datetime": {"datetime": "2024-08-07 10:00:36", "elapsed": 1939.411189, "delta": 1.355725}}
{"target": -0.3412004625002202, "params": {"bus_acc": 1.7801, "bus_dcc": 1.8216, "bus_lcAssertive": 98.1613, "bus_lcCooperative": 0.1462, "bus_lcLookaheadLeft": 24.9162, "bus_lcPushy": 0.398, "bus_lcSigma": 1.0, "bus_lcSublane": 0.615, "bus_sigma": 0.0, "bus_tau_mean": 0.518, "bus_tau_std": 3.662, "bus_v_mean": 12.1305, "bus_v_std": 10.0, "car_acc": 1.0, "car_dcc": 1.0, "car_lcAssertive": 64.43, "car_lcCooperative": 0.9814, "car_lcLookaheadLeft": 2.0, "car_lcPushy": 0.4013, "car_lcSigma": 0.8174, "car_lcSublane": 0.7373, "car_sigma": 1.0, "car_tau_mean": 2.5167, "car_tau_std": 0.0, "car_v_mean": 12.4438, "car_v_std": 10.0}, "datetime": {"datetime": "2024-08-07 10:00:44", "elapsed": 1947.085516, "delta": 7.674327}}
{"target": -0.3071862466737153, "params": {"bus_acc": 1.8099, "bus_dcc": 1.7793, "bus_lcAssertive": 99.9183, "bus_lcCooperative": 0.1846, "bus_lcLookaheadLeft": 24.9351, "bus_lcPushy": 0.439, "bus_lcSigma": 1.0, "bus_lcSublane": 0.5924, "bus_sigma": 0.0, "bus_tau_mean": 0.5598, "bus_tau_std": 3.5819, "bus_v_mean": 13.2663, "bus_v_std": 10.0, "car_acc": 1.0, "car_dcc": 1.0, "car_lcAssertive": 65.4595, "car_lcCooperative": 0.9724, "car_lcLookaheadLeft": 2.0, "car_lcPushy": 0.4778, "car_lcSigma": 0.8447, "car_lcSublane": 0.7038, "car_sigma": 1.0, "car_tau_mean": 2.4523, "car_tau_std": 0.0, "car_v_mean": 12.6773, "car_v_std": 9.6555}, "datetime": {"datetime": "2024-08-07 10:00:57", "elapsed": 1959.704183, "delta": 12.618667}}
{"target": -0.31655245719464337, "params": {"bus_acc": 1.811, "bus_dcc": 1.8072, "bus_lcAssertive": 99.8176, "bus_lcCooperative": 0.1833, "bus_lcLookaheadLeft": 25.108, "bus_lcPushy": 0.4349, "bus_lcSigma": 1.0, "bus_lcSublane": 0.5934, "bus_sigma": 0.0, "bus_tau_mean": 0.5217, "bus_tau_std": 3.6586, "bus_v_mean": 13.1353, "bus_v_std": 10.0, "car_acc": 1.0, "car_dcc": 1.0, "car_lcAssertive": 65.5265, "car_lcCooperative": 0.973, "car_lcLookaheadLeft": 2.0, "car_lcPushy": 0.4591, "car_lcSigma": 0.8287, "car_lcSublane": 0.6924, "car_sigma": 1.0, "car_tau_mean": 2.4309, "car_tau_std": 0.0, "car_v_mean": 12.7538, "car_v_std": 9.7722}, "datetime": {"datetime": "2024-08-07 10:01:00", "elapsed": 1963.063587, "delta": 3.359404}}
{"target": -0.3481053703949596, "params": {"bus_acc": 1.8331, "bus_dcc": 1.7932, "bus_lcAssertive": 98.1658, "bus_lcCooperative": 0.1634, "bus_lcLookaheadLeft": 24.392, "bus_lcPushy": 0.4384, "bus_lcSigma": 1.0, "bus_lcSublane": 0.6217, "bus_sigma": 0.0, "bus_tau_mean": 0.6387, "bus_tau_std": 3.9213, "bus_v_mean": 12.9274, "bus_v_std": 10.0, "car_acc": 1.0, "car_dcc": 1.0, "car_lcAssertive": 64.1673, "car_lcCooperative": 0.9355, "car_lcLookaheadLeft": 2.0, "car_lcPushy": 0.4113, "car_lcSigma": 0.7893, "car_lcSublane": 0.6806, "car_sigma": 1.0, "car_tau_mean": 2.4589, "car_tau_std": 0.0, "car_v_mean": 12.7922, "car_v_std": 10.0}, "datetime": {"datetime": "2024-08-07 10:01:06", "elapsed": 1968.952811, "delta": 5.889224}}
{"target": -0.3683592806392403, "params": {"bus_acc": 2.2032, "bus_dcc": 3.4047, "bus_lcAssertive": 50.4983, "bus_lcCooperative": 0.0, "bus_lcLookaheadLeft": 74.6835, "bus_lcPushy": 0.1712, "bus_lcSigma": 1.0, "bus_lcSublane": 1.0, "bus_sigma": 1.0, "bus_tau_mean": 1.2843, "bus_tau_std": 4.6838, "bus_v_mean": 8.0, "bus_v_std": 7.7952, "car_acc": 1.0, "car_dcc": 1.9168, "car_lcAssertive": 97.2136, "car_lcCooperative": 0.8737, "car_lcLookaheadLeft": 88.9842, "car_lcPushy": 1.0, "car_lcSigma": 0.0, "car_lcSublane": 0.6411, "car_sigma": 1.0, "car_tau_mean": 2.027, "car_tau_std": 0.0, "car_v_mean": 19.5653, "car_v_std": 10.0}, "datetime": {"datetime": "2024-08-07 10:01:08", "elapsed": 1971.260877, "delta": 2.308066}}
{"target": -0.3112608958814226, "params": {"bus_acc": 1.8145, "bus_dcc": 1.7826, "bus_lcAssertive": 99.9513, "bus_lcCooperative": 0.1845, "bus_lcLookaheadLeft": 24.8945, "bus_lcPushy": 0.4399, "bus_lcSigma": 1.0, "bus_lcSublane": 0.5895, "bus_sigma": 0.0, "bus_tau_mean": 0.573, "bus_tau_std": 3.581, "bus_v_mean": 13.2842, "bus_v_std": 10.0, "car_acc": 1.0, "car_dcc": 1.0, "car_lcAssertive": 65.4546, "car_lcCooperative": 0.9744, "car_lcLookaheadLeft": 2.0, "car_lcPushy": 0.4771, "car_lcSigma": 0.8407, "car_lcSublane": 0.704, "car_sigma": 1.0, "car_tau_mean": 2.4542, "car_tau_std": 0.0, "car_v_mean": 12.6958, "car_v_std": 9.6674}, "datetime": {"datetime": "2024-08-07 10:01:36", "elapsed": 1998.561708, "delta": 27.300831}}
{"target": -0.36458244903905435, "params": {"bus_acc": 2.2301, "bus_dcc": 3.4428, "bus_lcAssertive": 50.5025, "bus_lcCooperative": 0.0, "bus_lcLookaheadLeft": 74.6734, "bus_lcPushy": 0.261, "bus_lcSigma": 1.0, "bus_lcSublane": 1.0, "bus_sigma": 1.0, "bus_tau_mean": 1.3461, "bus_tau_std": 4.6231, "bus_v_mean": 8.0, "bus_v_std": 7.8707, "car_acc": 1.0, "car_dcc": 1.9814, "car_lcAssertive": 97.2896, "car_lcCooperative": 0.9011, "car_lcLookaheadLeft": 88.9555, "car_lcPushy": 1.0, "car_lcSigma": 0.0, "car_lcSublane": 0.7021, "car_sigma": 1.0, "car_tau_mean": 2.0853, "car_tau_std": 0.0, "car_v_mean": 19.6466, "car_v_std": 10.0}, "datetime": {"datetime": "2024-08-07 10:01:38", "elapsed": 2001.312473, "delta": 2.750765}}
{"target": -0.2845033817356031, "params": {"bus_acc": 1.8274, "bus_dcc": 1.7789, "bus_lcAssertive": 99.8483, "bus_lcCooperative": 0.1824, "bus_lcLookaheadLeft": 24.6814, "bus_lcPushy": 0.4556, "bus_lcSigma": 1.0, "bus_lcSublane": 0.5857, "bus_sigma": 0.0, "bus_tau_mean": 0.5822, "bus_tau_std": 3.7291, "bus_v_mean": 13.5745, "bus_v_std": 10.0, "car_acc": 1.0, "car_dcc": 1.0, "car_lcAssertive": 65.4293, "car_lcCooperative": 0.964, "car_lcLookaheadLeft": 2.0, "car_lcPushy": 0.4742, "car_lcSigma": 0.8248, "car_lcSublane": 0.675, "car_sigma": 1.0, "car_tau_mean": 2.4282, "car_tau_std": 0.0, "car_v_mean": 12.9296, "car_v_std": 9.6696}, "datetime": {"datetime": "2024-08-07 10:01:50", "elapsed": 2013.301991, "delta": 11.989518}}
{"target": -0.3284044707029484, "params": {"bus_acc": 2.4296, "bus_dcc": 3.3444, "bus_lcAssertive": 25.5836, "bus_lcCooperative": 0.6189, "bus_lcLookaheadLeft": 82.4228, "bus_lcPushy": 0.71, "bus_lcSigma": 0.8874, "bus_lcSublane": 0.3586, "bus_sigma": 0.4429, "bus_tau_mean": 3.6624, "bus_tau_std": 9.7372, "bus_v_mean": 11.3086, "bus_v_std": 9.4781, "car_acc": 1.3687, "car_dcc": 1.4249, "car_lcAssertive": 28.5699, "car_lcCooperative": 0.8747, "car_lcLookaheadLeft": 17.1118, "car_lcPushy": 0.5814, "car_lcSigma": 0.309, "car_lcSublane": 0.9053, "car_sigma": 0.9421, "car_tau_mean": 1.5636, "car_tau_std": 6.3496, "car_v_mean": 23.3487, "car_v_std": 7.3167}, "datetime": {"datetime": "2024-08-07 10:01:52", "elapsed": 2014.871571, "delta": 1.56958}}
{"target": -0.3541415858678767, "params": {"bus_acc": 1.8074, "bus_dcc": 1.7835, "bus_lcAssertive": 99.9223, "bus_lcCooperative": 0.1848, "bus_lcLookaheadLeft": 24.9095, "bus_lcPushy": 0.4448, "bus_lcSigma": 1.0, "bus_lcSublane": 0.5948, "bus_sigma": 0.0, "bus_tau_mean": 0.5582, "bus_tau_std": 3.5972, "bus_v_mean": 13.2624, "bus_v_std": 10.0, "car_acc": 1.0, "car_dcc": 1.0, "car_lcAssertive": 65.4433, "car_lcCooperative": 0.9693, "car_lcLookaheadLeft": 2.0, "car_lcPushy": 0.4714, "car_lcSigma": 0.8398, "car_lcSublane": 0.7095, "car_sigma": 1.0, "car_tau_mean": 2.4414, "car_tau_std": 0.0, "car_v_mean": 12.7048, "car_v_std": 9.6858}, "datetime": {"datetime": "2024-08-07 10:01:54", "elapsed": 2016.869154, "delta": 1.997583}}
{"target": -0.3107130554224992, "params": {"bus_acc": 1.8242, "bus_dcc": 1.8084, "bus_lcAssertive": 99.7426, "bus_lcCooperative": 0.1857, "bus_lcLookaheadLeft": 24.9343, "bus_lcPushy": 0.4481, "bus_lcSigma": 1.0, "bus_lcSublane": 0.5941, "bus_sigma": 0.0, "bus_tau_mean": 0.5754, "bus_tau_std": 3.762, "bus_v_mean": 13.3682, "bus_v_std": 10.0, "car_acc": 1.0, "car_dcc": 1.0, "car_lcAssertive": 65.5234, "car_lcCooperative": 0.961, "car_lcLookaheadLeft": 2.0, "car_lcPushy": 0.4576, "car_lcSigma": 0.8164, "car_lcSublane": 0.674, "car_sigma": 1.0, "car_tau_mean": 2.4121, "car_tau_std": 0.0, "car_v_mean": 12.9369, "car_v_std": 9.7749}, "datetime": {"datetime": "2024-08-07 10:02:01", "elapsed": 2023.611014, "delta": 6.74186}}
{"target": -0.3597797964524207, "params": {"bus_acc": 1.535, "bus_dcc": 3.4618, "bus_lcAssertive": 57.1605, "bus_lcCooperative": 0.2573, "bus_lcLookaheadLeft": 99.3329, "bus_lcPushy": 0.2838, "bus_lcSigma": 0.1786, "bus_lcSublane": 0.393, "bus_sigma": 0.9373, "bus_tau_mean": 1.0442, "bus_tau_std": 1.1735, "bus_v_mean": 20.5656, "bus_v_std": 6.3274, "car_acc": 2.8259, "car_dcc": 3.2638, "car_lcAssertive": 77.4814, "car_lcCooperative": 0.1569, "car_lcLookaheadLeft": 75.9695, "car_lcPushy": 0.1051, "car_lcSigma": 0.0244, "car_lcSublane": 0.18, "car_sigma": 0.4161, "car_tau_mean": 3.6929, "car_tau_std": 3.3304, "car_v_mean": 13.0059, "car_v_std": 2.5086}, "datetime": {"datetime": "2024-08-07 10:02:09", "elapsed": 2032.283573, "delta": 8.672559}}
{"target": -0.33433054185015154, "params": {"bus_acc": 1.8106, "bus_dcc": 1.7736, "bus_lcAssertive": 99.8921, "bus_lcCooperative": 0.1813, "bus_lcLookaheadLeft": 24.8528, "bus_lcPushy": 0.4358, "bus_lcSigma": 1.0, "bus_lcSublane": 0.5882, "bus_sigma": 0.0, "bus_tau_mean": 0.5547, "bus_tau_std": 3.6303, "bus_v_mean": 13.3798, "bus_v_std": 10.0, "car_acc": 1.0, "car_dcc": 1.0, "car_lcAssertive": 65.4606, "car_lcCooperative": 0.9739, "car_lcLookaheadLeft": 2.0, "car_lcPushy": 0.47, "car_lcSigma": 0.8383, "car_lcSublane": 0.6935, "car_sigma": 1.0, "car_tau_mean": 2.4353, "car_tau_std": 0.0, "car_v_mean": 12.7706, "car_v_std": 9.6677}, "datetime": {"datetime": "2024-08-07 10:02:15", "elapsed": 2037.625134, "delta": 5.341561}}
{"target": -0.3520631120131036, "params": {"bus_acc": 1.8747, "bus_dcc": 2.6249, "bus_lcAssertive": 29.1476, "bus_lcCooperative": 0.4065, "bus_lcLookaheadLeft": 26.519, "bus_lcPushy": 0.4815, "bus_lcSigma": 0.9576, "bus_lcSublane": 0.9701, "bus_sigma": 0.7633, "bus_tau_mean": 0.964, "bus_tau_std": 5.8388, "bus_v_mean": 14.7427, "bus_v_std": 4.8367, "car_acc": 2.874, "car_dcc": 3.6255, "car_lcAssertive": 79.451, "car_lcCooperative": 0.6898, "car_lcLookaheadLeft": 65.2133, "car_lcPushy": 0.1786, "car_lcSigma": 0.9815, "car_lcSublane": 0.7682, "car_sigma": 0.3341, "car_tau_mean": 3.6115, "car_tau_std": 4.1624, "car_v_mean": 22.1249, "car_v_std": 6.3798}, "datetime": {"datetime": "2024-08-07 10:02:18", "elapsed": 2041.187619, "delta": 3.562485}}
{"target": -0.3312685689902336, "params": {"bus_acc": 1.8195, "bus_dcc": 1.7786, "bus_lcAssertive": 99.8917, "bus_lcCooperative": 0.1824, "bus_lcLookaheadLeft": 24.7641, "bus_lcPushy": 0.4456, "bus_lcSigma": 1.0, "bus_lcSublane": 0.5849, "bus_sigma": 0.0, "bus_tau_mean": 0.5796, "bus_tau_std": 3.6713, "bus_v_mean": 13.461, "bus_v_std": 10.0, "car_acc": 1.0, "car_dcc": 1.0, "car_lcAssertive": 65.4426, "car_lcCooperative": 0.9717, "car_lcLookaheadLeft": 2.0, "car_lcPushy": 0.4753, "car_lcSigma": 0.8321, "car_lcSublane": 0.6863, "car_sigma": 1.0, "car_tau_mean": 2.4318, "car_tau_std": 0.0, "car_v_mean": 12.8352, "car_v_std": 9.6669}, "datetime": {"datetime": "2024-08-07 10:02:28", "elapsed": 2051.445697, "delta": 10.258078}}
{"target": -0.3893317667563431, "params": {"bus_acc": 1.8222, "bus_dcc": 1.7797, "bus_lcAssertive": 99.888, "bus_lcCooperative": 0.1848, "bus_lcLookaheadLeft": 24.8016, "bus_lcPushy": 0.4411, "bus_lcSigma": 1.0, "bus_lcSublane": 0.585, "bus_sigma": 0.0, "bus_tau_mean": 0.5751, "bus_tau_std": 3.6431, "bus_v_mean": 13.4127, "bus_v_std": 10.0, "car_acc": 1.0, "car_dcc": 1.0, "car_lcAssertive": 65.439, "car_lcCooperative": 0.9751, "car_lcLookaheadLeft": 2.0, "car_lcPushy": 0.4778, "car_lcSigma": 0.8354, "car_lcSublane": 0.6877, "car_sigma": 1.0, "car_tau_mean": 2.4385, "car_tau_std": 0.0, "car_v_mean": 12.7941, "car_v_std": 9.6681}, "datetime": {"datetime": "2024-08-07 10:02:41", "elapsed": 2064.386288, "delta": 12.940591}}
{"target": -0.3257862911877051, "params": {"bus_acc": 1.843, "bus_dcc": 1.7852, "bus_lcAssertive": 99.8026, "bus_lcCooperative": 0.1923, "bus_lcLookaheadLeft": 24.599, "bus_lcPushy": 0.4645, "bus_lcSigma": 1.0, "bus_lcSublane": 0.591, "bus_sigma": 0.0, "bus_tau_mean": 0.6038, "bus_tau_std": 3.8128, "bus_v_mean": 13.7343, "bus_v_std": 10.0, "car_acc": 1.0, "car_dcc": 1.0, "car_lcAssertive": 65.4304, "car_lcCooperative": 0.958, "car_lcLookaheadLeft": 2.0, "car_lcPushy": 0.4752, "car_lcSigma": 0.8191, "car_lcSublane": 0.6672, "car_sigma": 1.0, "car_tau_mean": 2.4172, "car_tau_std": 0.0, "car_v_mean": 13.069, "car_v_std": 9.6788}, "datetime": {"datetime": "2024-08-07 10:02:57", "elapsed": 2079.503968, "delta": 15.11768}}
{"target": -0.35653238790953173, "params": {"bus_acc": 1.2426, "bus_dcc": 3.9934, "bus_lcAssertive": 88.0822, "bus_lcCooperative": 0.1358, "bus_lcLookaheadLeft": 26.9018, "bus_lcPushy": 0.6838, "bus_lcSigma": 0.4209, "bus_lcSublane": 0.9905, "bus_sigma": 0.3378, "bus_tau_mean": 3.2374, "bus_tau_std": 1.2096, "bus_v_mean": 18.9704, "bus_v_std": 9.8957, "car_acc": 1.938, "car_dcc": 3.0198, "car_lcAssertive": 68.4584, "car_lcCooperative": 0.7493, "car_lcLookaheadLeft": 73.978, "car_lcPushy": 0.0128, "car_lcSigma": 0.7121, "car_lcSublane": 0.6489, "car_sigma": 0.7896, "car_tau_mean": 2.4965, "car_tau_std": 2.1332, "car_v_mean": 19.6287, "car_v_std": 3.3387}, "datetime": {"datetime": "2024-08-07 10:03:05", "elapsed": 2088.289503, "delta": 8.785535}}
{"target": -0.3539384548038875, "params": {"bus_acc": 1.8341, "bus_dcc": 1.8056, "bus_lcAssertive": 99.6486, "bus_lcCooperative": 0.1878, "bus_lcLookaheadLeft": 24.8223, "bus_lcPushy": 0.4559, "bus_lcSigma": 1.0, "bus_lcSublane": 0.5952, "bus_sigma": 0.0, "bus_tau_mean": 0.6072, "bus_tau_std": 3.8329, "bus_v_mean": 13.4827, "bus_v_std": 10.0, "car_acc": 1.0, "car_dcc": 1.0, "car_lcAssertive": 65.4605, "car_lcCooperative": 0.9529, "car_lcLookaheadLeft": 2.0, "car_lcPushy": 0.459, "car_lcSigma": 0.8113, "car_lcSublane": 0.6666, "car_sigma": 1.0, "car_tau_mean": 2.4097, "car_tau_std": 0.0, "car_v_mean": 13.0342, "car_v_std": 9.7795}, "datetime": {"datetime": "2024-08-07 10:03:15", "elapsed": 2097.943498, "delta": 9.653995}}
{"target": -0.31866567105862387, "params": {"bus_acc": 1.8395, "bus_dcc": 1.7985, "bus_lcAssertive": 99.5757, "bus_lcCooperative": 0.1892, "bus_lcLookaheadLeft": 24.7547, "bus_lcPushy": 0.4604, "bus_lcSigma": 1.0, "bus_lcSublane": 0.5939, "bus_sigma": 0.0, "bus_tau_mean": 0.6532, "bus_tau_std": 3.8458, "bus_v_mean": 13.5913, "bus_v_std": 10.0, "car_acc": 1.0, "car_dcc": 1.0, "car_lcAssertive": 65.4381, "car_lcCooperative": 0.95, "car_lcLookaheadLeft": 2.0, "car_lcPushy": 0.4639, "car_lcSigma": 0.8112, "car_lcSublane": 0.6631, "car_sigma": 1.0, "car_tau_mean": 2.4087, "car_tau_std": 0.0, "car_v_mean": 13.0764, "car_v_std": 9.7929}, "datetime": {"datetime": "2024-08-07 10:03:33", "elapsed": 2115.521974, "delta": 17.578476}}
{"target": -0.32059458692549414, "params": {"bus_acc": 1.8435, "bus_dcc": 1.7982, "bus_lcAssertive": 99.5555, "bus_lcCooperative": 0.189, "bus_lcLookaheadLeft": 24.6989, "bus_lcPushy": 0.4629, "bus_lcSigma": 1.0, "bus_lcSublane": 0.594, "bus_sigma": 0.0, "bus_tau_mean": 0.6375, "bus_tau_std": 3.8789, "bus_v_mean": 13.6482, "bus_v_std": 10.0, "car_acc": 1.0, "car_dcc": 1.0, "car_lcAssertive": 65.3955, "car_lcCooperative": 0.9464, "car_lcLookaheadLeft": 2.0, "car_lcPushy": 0.4628, "car_lcSigma": 0.8076, "car_lcSublane": 0.6592, "car_sigma": 1.0, "car_tau_mean": 2.4064, "car_tau_std": 0.0, "car_v_mean": 13.1249, "car_v_std": 9.7563}, "datetime": {"datetime": "2024-08-07 10:03:34", "elapsed": 2117.067507, "delta": 1.545533}}
{"target": -0.32341869672483065, "params": {"bus_acc": 2.3585, "bus_dcc": 1.274, "bus_lcAssertive": 10.2511, "bus_lcCooperative": 0.0516, "bus_lcLookaheadLeft": 80.1735, "bus_lcPushy": 0.5122, "bus_lcSigma": 0.9654, "bus_lcSublane": 0.2703, "bus_sigma": 0.8332, "bus_tau_mean": 0.6833, "bus_tau_std": 3.5443, "bus_v_mean": 15.0918, "bus_v_std": 4.138, "car_acc": 1.4982, "car_dcc": 2.0376, "car_lcAssertive": 84.711, "car_lcCooperative": 0.4096, "car_lcLookaheadLeft": 18.5045, "car_lcPushy": 0.4081, "car_lcSigma": 0.0559, "car_lcSublane": 0.2142, "car_sigma": 0.6069, "car_tau_mean": 1.0843, "car_tau_std": 7.7783, "car_v_mean": 11.2834, "car_v_std": 9.4896}, "datetime": {"datetime": "2024-08-07 10:03:59", "elapsed": 2141.687214, "delta": 24.619707}}
{"target": -0.338731162482551, "params": {"bus_acc": 1.0192, "bus_dcc": 2.5254, "bus_lcAssertive": 11.7478, "bus_lcCooperative": 0.8997, "bus_lcLookaheadLeft": 58.6355, "bus_lcPushy": 0.4452, "bus_lcSigma": 0.4479, "bus_lcSublane": 0.8894, "bus_sigma": 0.316, "bus_tau_mean": 3.1367, "bus_tau_std": 4.3717, "bus_v_mean": 12.0619, "bus_v_std": 7.5032, "car_acc": 1.8169, "car_dcc": 3.0452, "car_lcAssertive": 10.4344, "car_lcCooperative": 0.4962, "car_lcLookaheadLeft": 86.1346, "car_lcPushy": 0.934, "car_lcSigma": 0.3482, "car_lcSublane": 0.3054, "car_sigma": 0.0432, "car_tau_mean": 2.2267, "car_tau_std": 4.3357, "car_v_mean": 16.588, "car_v_std": 5.0963}, "datetime": {"datetime": "2024-08-07 10:04:28", "elapsed": 2171.170833, "delta": 29.483619}}
{"target": -0.3927973511226174, "params": {"bus_acc": 1.1911, "bus_dcc": 2.2391, "bus_lcAssertive": 3.9502, "bus_lcCooperative": 0.5682, "bus_lcLookaheadLeft": 13.1734, "bus_lcPushy": 0.3415, "bus_lcSigma": 0.3495, "bus_lcSublane": 0.1454, "bus_sigma": 0.825, "bus_tau_mean": 2.451, "bus_tau_std": 3.7697, "bus_v_mean": 17.8424, "bus_v_std": 6.8445, "car_acc": 1.7566, "car_dcc": 1.3812, "car_lcAssertive": 88.271, "car_lcCooperative": 0.1593, "car_lcLookaheadLeft": 34.4554, "car_lcPushy": 0.2573, "car_lcSigma": 0.8162, "car_lcSublane": 0.1687, "car_sigma": 0.937, "car_tau_mean": 0.7042, "car_tau_std": 7.7839, "car_v_mean": 20.7449, "car_v_std": 2.0784}, "datetime": {"datetime": "2024-08-07 10:05:19", "elapsed": 2221.89999, "delta": 50.729157}}
