{"target": -0.34672070650484116, "params": {"bus_acc": 1.4017, "bus_dcc": 1.9418, "bus_lcAssertive": 79.6926, "bus_lcCooperative": 0.6976, "bus_lcLookaheadLeft": 25.513, "bus_lcPushy": 0.5402, "bus_lcSigma": 0.6303, "bus_lcSpeedGainRight": 3.5807, "bus_lcSublane": 0.4961, "bus_sigma": 0.452, "bus_tau_mean": 1.5874, "bus_tau_std": 2.1381, "bus_v_mean": 10.0552, "bus_v_std": 13.3194, "car_acc": 3.7641, "car_dcc": 3.0799, "car_lcAssertive": 1.4045, "car_lcCooperative": 0.4132, "car_lcLookaheadLeft": 14.0389, "car_lcPushy": 0.4906, "car_lcSigma": 0.8878, "car_lcSpeedGainRight": 2.4827, "car_lcSublane": 0.3685, "car_sigma": 0.7821, "car_tau_mean": 3.8576, "car_tau_std": 2.7391, "car_v_mean": 21.0007, "car_v_std": 19.5537}, "datetime": {"datetime": "2024-08-08 13:21:16", "elapsed": 2063.721481, "delta": 0.976853}}
{"target": -0.3527475642959337, "params": {"bus_acc": 1.4082, "bus_dcc": 1.9456, "bus_lcAssertive": 79.6975, "bus_lcCooperative": 0.6972, "bus_lcLookaheadLeft": 25.5013, "bus_lcPushy": 0.5399, "bus_lcSigma": 0.6311, "bus_lcSpeedGainRight": 3.5802, "bus_lcSublane": 0.4965, "bus_sigma": 0.4529, "bus_tau_mean": 1.5876, "bus_tau_std": 2.1333, "bus_v_mean": 10.0664, "bus_v_std": 13.327, "car_acc": 3.766, "car_dcc": 3.0805, "car_lcAssertive": 1.4064, "car_lcCooperative": 0.4127, "car_lcLookaheadLeft": 14.0393, "car_lcPushy": 0.4899, "car_lcSigma": 0.886, "car_lcSpeedGainRight": 2.4825, "car_lcSublane": 0.3682, "car_sigma": 0.7814, "car_tau_mean": 3.8569, "car_tau_std": 2.7365, "car_v_mean": 21.0036, "car_v_std": 19.5465}, "datetime": {"datetime": "2024-08-08 13:21:17", "elapsed": 2065.059921, "delta": 1.33844}}
{"target": -0.3025888228432898, "params": {"bus_acc": 1.4054, "bus_dcc": 1.9439, "bus_lcAssertive": 79.6953, "bus_lcCooperative": 0.6976, "bus_lcLookaheadLeft": 25.5065, "bus_lcPushy": 0.5403, "bus_lcSigma": 0.631, "bus_lcSpeedGainRight": 3.5804, "bus_lcSublane": 0.4965, "bus_sigma": 0.4525, "bus_tau_mean": 1.5875, "bus_tau_std": 2.1354, "bus_v_mean": 10.0616, "bus_v_std": 13.3236, "car_acc": 3.765, "car_dcc": 3.0801, "car_lcAssertive": 1.4056, "car_lcCooperative": 0.4129, "car_lcLookaheadLeft": 14.039, "car_lcPushy": 0.4904, "car_lcSigma": 0.887, "car_lcSpeedGainRight": 2.4826, "car_lcSublane": 0.3685, "car_sigma": 0.7819, "car_tau_mean": 3.8572, "car_tau_std": 2.7376, "car_v_mean": 21.0024, "car_v_std": 19.5496}, "datetime": {"datetime": "2024-08-08 13:21:22", "elapsed": 2069.859896, "delta": 4.799975}}
{"target": -0.34404271656726226, "params": {"bus_acc": 1.4042, "bus_dcc": 1.9432, "bus_lcAssertive": 79.6944, "bus_lcCooperative": 0.6974, "bus_lcLookaheadLeft": 25.5084, "bus_lcPushy": 0.5401, "bus_lcSigma": 0.6306, "bus_lcSpeedGainRight": 3.5805, "bus_lcSublane": 0.4961, "bus_sigma": 0.4524, "bus_tau_mean": 1.5875, "bus_tau_std": 2.1362, "bus_v_mean": 10.0595, "bus_v_std": 13.3222, "car_acc": 3.7647, "car_dcc": 3.0801, "car_lcAssertive": 1.4052, "car_lcCooperative": 0.413, "car_lcLookaheadLeft": 14.0389, "car_lcPushy": 0.4903, "car_lcSigma": 0.8871, "car_lcSpeedGainRight": 2.4826, "car_lcSublane": 0.3683, "car_sigma": 0.7818, "car_tau_mean": 3.8573, "car_tau_std": 2.7381, "car_v_mean": 21.0018, "car_v_std": 19.5509}, "datetime": {"datetime": "2024-08-08 13:21:23", "elapsed": 2071.418726, "delta": 1.55883}}
{"target": -0.34509919315051196, "params": {"bus_acc": 1.4098, "bus_dcc": 1.9465, "bus_lcAssertive": 79.6987, "bus_lcCooperative": 0.6971, "bus_lcLookaheadLeft": 25.4986, "bus_lcPushy": 0.5399, "bus_lcSigma": 0.6314, "bus_lcSpeedGainRight": 3.5801, "bus_lcSublane": 0.4969, "bus_sigma": 0.4532, "bus_tau_mean": 1.5876, "bus_tau_std": 2.1323, "bus_v_mean": 10.0692, "bus_v_std": 13.3289, "car_acc": 3.7661, "car_dcc": 3.0804, "car_lcAssertive": 1.4068, "car_lcCooperative": 0.4128, "car_lcLookaheadLeft": 14.0394, "car_lcPushy": 0.4897, "car_lcSigma": 0.8855, "car_lcSpeedGainRight": 2.4824, "car_lcSublane": 0.3684, "car_sigma": 0.7813, "car_tau_mean": 3.8568, "car_tau_std": 2.7359, "car_v_mean": 21.0044, "car_v_std": 19.5448}, "datetime": {"datetime": "2024-08-08 13:21:26", "elapsed": 2073.677108, "delta": 2.258382}}
{"target": -0.36768920167067354, "params": {"bus_acc": 1.3803, "bus_dcc": 1.9716, "bus_lcAssertive": 79.2572, "bus_lcCooperative": 0.7321, "bus_lcLookaheadLeft": 25.7466, "bus_lcPushy": 0.5843, "bus_lcSigma": 0.6329, "bus_lcSpeedGainRight": 3.4969, "bus_lcSublane": 0.5235, "bus_sigma": 0.5063, "bus_tau_mean": 1.6116, "bus_tau_std": 2.4188, "bus_v_mean": 10.1747, "bus_v_std": 13.2796, "car_acc": 3.6858, "car_dcc": 3.0733, "car_lcAssertive": 2.0345, "car_lcCooperative": 0.409, "car_lcLookaheadLeft": 13.9839, "car_lcPushy": 0.5267, "car_lcSigma": 0.8834, "car_lcSpeedGainRight": 2.5062, "car_lcSublane": 0.4562, "car_sigma": 0.7535, "car_tau_mean": 3.7994, "car_tau_std": 2.8625, "car_v_mean": 20.6999, "car_v_std": 18.9404}, "datetime": {"datetime": "2024-08-08 13:21:28", "elapsed": 2076.446672, "delta": 2.769564}}
{"target": -0.3154488628510296, "params": {"bus_acc": 1.4078, "bus_dcc": 1.9454, "bus_lcAssertive": 79.697, "bus_lcCooperative": 0.6972, "bus_lcLookaheadLeft": 25.5026, "bus_lcPushy": 0.54, "bus_lcSigma": 0.6311, "bus_lcSpeedGainRight": 3.5802, "bus_lcSublane": 0.4967, "bus_sigma": 0.4531, "bus_tau_mean": 1.5878, "bus_tau_std": 2.1338, "bus_v_mean": 10.0653, "bus_v_std": 13.3262, "car_acc": 3.7656, "car_dcc": 3.0802, "car_lcAssertive": 1.4064, "car_lcCooperative": 0.4127, "car_lcLookaheadLeft": 14.0392, "car_lcPushy": 0.4899, "car_lcSigma": 0.8862, "car_lcSpeedGainRight": 2.4825, "car_lcSublane": 0.3684, "car_sigma": 0.7815, "car_tau_mean": 3.857, "car_tau_std": 2.7368, "car_v_mean": 21.0033, "car_v_std": 19.5473}, "datetime": {"datetime": "2024-08-08 13:21:30", "elapsed": 2077.943873, "delta": 1.497201}}
{"target": -0.3355155887440938, "params": {"bus_acc": 3.6564, "bus_dcc": 2.9457, "bus_lcAssertive": 49.3232, "bus_lcCooperative": 0.6753, "bus_lcLookaheadLeft": 39.7552, "bus_lcPushy": 0.9462, "bus_lcSigma": 0.6526, "bus_lcSpeedGainRight": 0.7749, "bus_lcSublane": 0.1213, "bus_sigma": 0.9491, "bus_tau_mean": 2.2205, "bus_tau_std": 8.0093, "bus_v_mean": 8.0136, "bus_v_std": 6.7668, "car_acc": 3.1089, "car_dcc": 1.2481, "car_lcAssertive": 54.178, "car_lcCooperative": 0.1782, "car_lcLookaheadLeft": 31.4535, "car_lcPushy": 0.1377, "car_lcSigma": 0.6929, "car_lcSpeedGainRight": 1.1361, "car_lcSublane": 0.4232, "car_sigma": 0.4315, "car_tau_mean": 2.1013, "car_tau_std": 6.0885, "car_v_mean": 21.2332, "car_v_std": 10.6094}, "datetime": {"datetime": "2024-08-08 13:21:31", "elapsed": 2078.86261, "delta": 0.918737}}
{"target": -0.36739891319585866, "params": {"bus_acc": 1.0243, "bus_dcc": 3.4147, "bus_lcAssertive": 2.4017, "bus_lcCooperative": 0.0046, "bus_lcLookaheadLeft": 46.5799, "bus_lcPushy": 0.6691, "bus_lcSigma": 0.0029, "bus_lcSpeedGainRight": 3.3942, "bus_lcSublane": 0.5886, "bus_sigma": 0.8818, "bus_tau_mean": 1.2218, "bus_tau_std": 4.1148, "bus_v_mean": 15.9924, "bus_v_std": 17.4301, "car_acc": 1.6162, "car_dcc": 1.3653, "car_lcAssertive": 76.2552, "car_lcCooperative": 0.8607, "car_lcLookaheadLeft": 60.704, "car_lcPushy": 0.483, "car_lcSigma": 0.5196, "car_lcSpeedGainRight": 0.4026, "car_lcSublane": 0.4207, "car_sigma": 0.8867, "car_tau_mean": 2.7358, "car_tau_std": 5.2051, "car_v_mean": 10.0626, "car_v_std": 11.2676}, "datetime": {"datetime": "2024-08-08 13:21:32", "elapsed": 2080.382646, "delta": 1.520036}}
{"target": -0.3445616366996907, "params": {"bus_acc": 1.5, "bus_dcc": 1.2265, "bus_lcAssertive": 33.2079, "bus_lcCooperative": 0.2584, "bus_lcLookaheadLeft": 96.161, "bus_lcPushy": 0.7841, "bus_lcSigma": 0.0949, "bus_lcSpeedGainRight": 2.8213, "bus_lcSublane": 0.9728, "bus_sigma": 0.1398, "bus_tau_mean": 3.3971, "bus_tau_std": 2.6939, "bus_v_mean": 15.034, "bus_v_std": 6.5269, "car_acc": 2.7346, "car_dcc": 2.2938, "car_lcAssertive": 72.8172, "car_lcCooperative": 0.7142, "car_lcLookaheadLeft": 32.3508, "car_lcPushy": 0.1343, "car_lcSigma": 0.1978, "car_lcSpeedGainRight": 4.4709, "car_lcSublane": 0.283, "car_sigma": 0.2996, "car_tau_mean": 1.3746, "car_tau_std": 6.6905, "car_v_mean": 23.3729, "car_v_std": 7.9512}, "datetime": {"datetime": "2024-08-08 13:21:34", "elapsed": 2081.583355, "delta": 1.200709}}
{"target": -0.3517576916527203, "params": {"bus_acc": 1.4105, "bus_dcc": 1.947, "bus_lcAssertive": 79.699, "bus_lcCooperative": 0.6973, "bus_lcLookaheadLeft": 25.4978, "bus_lcPushy": 0.5401, "bus_lcSigma": 0.6316, "bus_lcSpeedGainRight": 3.58, "bus_lcSublane": 0.4967, "bus_sigma": 0.4532, "bus_tau_mean": 1.5879, "bus_tau_std": 2.1319, "bus_v_mean": 10.0701, "bus_v_std": 13.3296, "car_acc": 3.7662, "car_dcc": 3.0804, "car_lcAssertive": 1.4072, "car_lcCooperative": 0.4125, "car_lcLookaheadLeft": 14.0394, "car_lcPushy": 0.4899, "car_lcSigma": 0.8857, "car_lcSpeedGainRight": 2.4824, "car_lcSublane": 0.3681, "car_sigma": 0.7815, "car_tau_mean": 3.8568, "car_tau_std": 2.7358, "car_v_mean": 21.0045, "car_v_std": 19.5443}, "datetime": {"datetime": "2024-08-08 13:21:35", "elapsed": 2083.291611, "delta": 1.708256}}
{"target": -0.30249369300321705, "params": {"bus_acc": 4.3383, "bus_dcc": 1.7057, "bus_lcAssertive": 96.2224, "bus_lcCooperative": 0.365, "bus_lcLookaheadLeft": 14.6327, "bus_lcPushy": 0.962, "bus_lcSigma": 0.4683, "bus_lcSpeedGainRight": 3.0116, "bus_lcSublane": 0.8738, "bus_sigma": 0.3773, "bus_tau_mean": 2.6679, "bus_tau_std": 6.3472, "bus_v_mean": 12.6683, "bus_v_std": 1.2961, "car_acc": 2.2589, "car_dcc": 1.1577, "car_lcAssertive": 25.1991, "car_lcCooperative": 0.5196, "car_lcLookaheadLeft": 62.4499, "car_lcPushy": 0.5978, "car_lcSigma": 0.2689, "car_lcSpeedGainRight": 1.0242, "car_lcSublane": 0.9717, "car_sigma": 0.452, "car_tau_mean": 3.2116, "car_tau_std": 2.7903, "car_v_mean": 9.5395, "car_v_std": 1.219}, "datetime": {"datetime": "2024-08-08 13:21:37", "elapsed": 2084.722276, "delta": 1.430665}}
{"target": -0.3588785457819693, "params": {"bus_acc": 3.8267, "bus_dcc": 3.8403, "bus_lcAssertive": 13.3137, "bus_lcCooperative": 0.8117, "bus_lcLookaheadLeft": 53.5531, "bus_lcPushy": 0.4166, "bus_lcSigma": 0.5497, "bus_lcSpeedGainRight": 0.7109, "bus_lcSublane": 0.1527, "bus_sigma": 0.1646, "bus_tau_mean": 2.123, "bus_tau_std": 9.7472, "bus_v_mean": 21.757, "bus_v_std": 3.6619, "car_acc": 2.2832, "car_dcc": 1.1636, "car_lcAssertive": 96.8948, "car_lcCooperative": 0.9914, "car_lcLookaheadLeft": 47.8585, "car_lcPushy": 0.7293, "car_lcSigma": 0.6683, "car_lcSpeedGainRight": 3.3013, "car_lcSublane": 0.8924, "car_sigma": 0.7004, "car_tau_mean": 1.0545, "car_tau_std": 7.2709, "car_v_mean": 17.7878, "car_v_std": 9.6531}, "datetime": {"datetime": "2024-08-08 13:21:40", "elapsed": 2088.321866, "delta": 3.59959}}
{"target": -0.34739322877819173, "params": {"bus_acc": 1.4083, "bus_dcc": 1.9456, "bus_lcAssertive": 79.6975, "bus_lcCooperative": 0.6972, "bus_lcLookaheadLeft": 25.5012, "bus_lcPushy": 0.5399, "bus_lcSigma": 0.6312, "bus_lcSpeedGainRight": 3.5804, "bus_lcSublane": 0.4967, "bus_sigma": 0.4532, "bus_tau_mean": 1.5876, "bus_tau_std": 2.1333, "bus_v_mean": 10.0667, "bus_v_std": 13.3273, "car_acc": 3.7657, "car_dcc": 3.0803, "car_lcAssertive": 1.4064, "car_lcCooperative": 0.4129, "car_lcLookaheadLeft": 14.0395, "car_lcPushy": 0.4899, "car_lcSigma": 0.886, "car_lcSpeedGainRight": 2.4827, "car_lcSublane": 0.3682, "car_sigma": 0.7814, "car_tau_mean": 3.8569, "car_tau_std": 2.7365, "car_v_mean": 21.0039, "car_v_std": 19.5466}, "datetime": {"datetime": "2024-08-08 13:21:46", "elapsed": 2093.729202, "delta": 5.407336}}
{"target": -0.34105524624287575, "params": {"bus_acc": 1.4076, "bus_dcc": 1.9452, "bus_lcAssertive": 79.697, "bus_lcCooperative": 0.6972, "bus_lcLookaheadLeft": 25.5026, "bus_lcPushy": 0.54, "bus_lcSigma": 0.6311, "bus_lcSpeedGainRight": 3.5802, "bus_lcSublane": 0.4964, "bus_sigma": 0.4528, "bus_tau_mean": 1.5876, "bus_tau_std": 2.1338, "bus_v_mean": 10.0653, "bus_v_std": 13.3262, "car_acc": 3.7656, "car_dcc": 3.0802, "car_lcAssertive": 1.4062, "car_lcCooperative": 0.4127, "car_lcLookaheadLeft": 14.0392, "car_lcPushy": 0.4899, "car_lcSigma": 0.8862, "car_lcSpeedGainRight": 2.4825, "car_lcSublane": 0.3682, "car_sigma": 0.7815, "car_tau_mean": 3.857, "car_tau_std": 2.7368, "car_v_mean": 21.0033, "car_v_std": 19.5472}, "datetime": {"datetime": "2024-08-08 13:21:48", "elapsed": 2095.550612, "delta": 1.82141}}
{"target": -0.36495926405827234, "params": {"bus_acc": 1.244, "bus_dcc": 2.8323, "bus_lcAssertive": 51.8984, "bus_lcCooperative": 0.2676, "bus_lcLookaheadLeft": 53.3311, "bus_lcPushy": 0.6904, "bus_lcSigma": 0.5583, "bus_lcSpeedGainRight": 1.5301, "bus_lcSublane": 0.9719, "bus_sigma": 0.913, "bus_tau_mean": 3.4973, "bus_tau_std": 1.7809, "bus_v_mean": 17.4821, "bus_v_std": 14.4482, "car_acc": 1.7645, "car_dcc": 3.5146, "car_lcAssertive": 73.7786, "car_lcCooperative": 0.8888, "car_lcLookaheadLeft": 78.3783, "car_lcPushy": 0.7283, "car_lcSigma": 0.402, "car_lcSpeedGainRight": 2.4209, "car_lcSublane": 0.3508, "car_sigma": 0.8782, "car_tau_mean": 2.2416, "car_tau_std": 2.2675, "car_v_mean": 22.0777, "car_v_std": 4.5294}, "datetime": {"datetime": "2024-08-08 13:21:54", "elapsed": 2101.627126, "delta": 6.076514}}
{"target": -0.3576180982853914, "params": {"bus_acc": 1.3133, "bus_dcc": 3.7961, "bus_lcAssertive": 11.7295, "bus_lcCooperative": 0.4623, "bus_lcLookaheadLeft": 33.1707, "bus_lcPushy": 0.583, "bus_lcSigma": 0.5055, "bus_lcSpeedGainRight": 0.798, "bus_lcSublane": 0.0554, "bus_sigma": 0.3058, "bus_tau_mean": 0.5995, "bus_tau_std": 8.8275, "bus_v_mean": 20.3364, "bus_v_std": 10.3439, "car_acc": 4.7471, "car_dcc": 3.3455, "car_lcAssertive": 86.1383, "car_lcCooperative": 0.9249, "car_lcLookaheadLeft": 29.4975, "car_lcPushy": 0.8974, "car_lcSigma": 0.7866, "car_lcSpeedGainRight": 2.2578, "car_lcSublane": 0.5114, "car_sigma": 0.5378, "car_tau_mean": 0.908, "car_tau_std": 6.001, "car_v_mean": 14.8669, "car_v_std": 4.7983}, "datetime": {"datetime": "2024-08-08 13:21:55", "elapsed": 2103.457334, "delta": 1.830208}}
{"target": -0.3500867884245661, "params": {"bus_acc": 4.5915, "bus_dcc": 1.3343, "bus_lcAssertive": 96.4075, "bus_lcCooperative": 0.504, "bus_lcLookaheadLeft": 46.8436, "bus_lcPushy": 0.4921, "bus_lcSigma": 0.4016, "bus_lcSpeedGainRight": 2.2888, "bus_lcSublane": 0.2397, "bus_sigma": 0.0652, "bus_tau_mean": 1.9102, "bus_tau_std": 0.142, "bus_v_mean": 22.9648, "bus_v_std": 10.6595, "car_acc": 2.9303, "car_dcc": 1.6902, "car_lcAssertive": 3.3591, "car_lcCooperative": 0.9725, "car_lcLookaheadLeft": 62.3519, "car_lcPushy": 0.7402, "car_lcSigma": 0.0218, "car_lcSpeedGainRight": 4.5301, "car_lcSublane": 0.0293, "car_sigma": 0.4243, "car_tau_mean": 3.4497, "car_tau_std": 4.1983, "car_v_mean": 15.5788, "car_v_std": 2.0397}, "datetime": {"datetime": "2024-08-08 13:21:59", "elapsed": 2107.146227, "delta": 3.688893}}
{"target": -0.3495177170925482, "params": {"bus_acc": 1.4079, "bus_dcc": 1.9455, "bus_lcAssertive": 79.697, "bus_lcCooperative": 0.6974, "bus_lcLookaheadLeft": 25.5027, "bus_lcPushy": 0.5402, "bus_lcSigma": 0.6313, "bus_lcSpeedGainRight": 3.5805, "bus_lcSublane": 0.4967, "bus_sigma": 0.4531, "bus_tau_mean": 1.5878, "bus_tau_std": 2.134, "bus_v_mean": 10.0656, "bus_v_std": 13.3265, "car_acc": 3.7658, "car_dcc": 3.0805, "car_lcAssertive": 1.4062, "car_lcCooperative": 0.4127, "car_lcLookaheadLeft": 14.0394, "car_lcPushy": 0.4902, "car_lcSigma": 0.8864, "car_lcSpeedGainRight": 2.4827, "car_lcSublane": 0.3684, "car_sigma": 0.7817, "car_tau_mean": 3.857, "car_tau_std": 2.737, "car_v_mean": 21.0036, "car_v_std": 19.5475}, "datetime": {"datetime": "2024-08-08 13:22:00", "elapsed": 2108.366873, "delta": 1.220646}}
{"target": -0.30314256424439867, "params": {"bus_acc": 1.3811, "bus_dcc": 1.9299, "bus_lcAssertive": 79.6774, "bus_lcCooperative": 0.6991, "bus_lcLookaheadLeft": 25.5489, "bus_lcPushy": 0.5413, "bus_lcSigma": 0.6277, "bus_lcSpeedGainRight": 3.5825, "bus_lcSublane": 0.4939, "bus_sigma": 0.4491, "bus_tau_mean": 1.5868, "bus_tau_std": 2.153, "bus_v_mean": 10.0205, "bus_v_std": 13.295, "car_acc": 3.7589, "car_dcc": 3.079, "car_lcAssertive": 1.3988, "car_lcCooperative": 0.4147, "car_lcLookaheadLeft": 14.0372, "car_lcPushy": 0.4929, "car_lcSigma": 0.8934, "car_lcSpeedGainRight": 2.4837, "car_lcSublane": 0.3687, "car_sigma": 0.784, "car_tau_mean": 3.8595, "car_tau_std": 2.7474, "car_v_mean": 20.9915, "car_v_std": 19.5763}, "datetime": {"datetime": "2024-08-08 13:22:03", "elapsed": 2110.569382, "delta": 2.202509}}
{"target": -0.3220215948573909, "params": {"bus_acc": 1.4044, "bus_dcc": 1.9434, "bus_lcAssertive": 79.6948, "bus_lcCooperative": 0.6974, "bus_lcLookaheadLeft": 25.508, "bus_lcPushy": 0.5401, "bus_lcSigma": 0.6306, "bus_lcSpeedGainRight": 3.5805, "bus_lcSublane": 0.4961, "bus_sigma": 0.4524, "bus_tau_mean": 1.5875, "bus_tau_std": 2.1361, "bus_v_mean": 10.0599, "bus_v_std": 13.3224, "car_acc": 3.765, "car_dcc": 3.0803, "car_lcAssertive": 1.4053, "car_lcCooperative": 0.413, "car_lcLookaheadLeft": 14.0389, "car_lcPushy": 0.4903, "car_lcSigma": 0.887, "car_lcSpeedGainRight": 2.4826, "car_lcSublane": 0.3683, "car_sigma": 0.7818, "car_tau_mean": 3.8573, "car_tau_std": 2.738, "car_v_mean": 21.0019, "car_v_std": 19.5507}, "datetime": {"datetime": "2024-08-08 13:22:05", "elapsed": 2113.150436, "delta": 2.581054}}
{"target": -0.3403802481652989, "params": {"bus_acc": 3.6181, "bus_dcc": 2.3249, "bus_lcAssertive": 40.5697, "bus_lcCooperative": 0.7655, "bus_lcLookaheadLeft": 25.4615, "bus_lcPushy": 0.9906, "bus_lcSigma": 0.2354, "bus_lcSpeedGainRight": 3.7065, "bus_lcSublane": 0.129, "bus_sigma": 0.6648, "bus_tau_mean": 1.278, "bus_tau_std": 5.7178, "bus_v_mean": 16.6287, "bus_v_std": 3.5077, "car_acc": 4.253, "car_dcc": 3.0675, "car_lcAssertive": 62.4805, "car_lcCooperative": 0.3506, "car_lcLookaheadLeft": 31.2717, "car_lcPushy": 0.0815, "car_lcSigma": 0.7965, "car_lcSpeedGainRight": 4.424, "car_lcSublane": 0.7288, "car_sigma": 0.2127, "car_tau_mean": 2.1563, "car_tau_std": 1.2062, "car_v_mean": 19.1656, "car_v_std": 12.8473}, "datetime": {"datetime": "2024-08-08 13:22:06", "elapsed": 2114.233125, "delta": 1.082689}}
{"target": -0.30097950529213024, "params": {"bus_acc": 1.363, "bus_dcc": 1.9196, "bus_lcAssertive": 79.6635, "bus_lcCooperative": 0.7005, "bus_lcLookaheadLeft": 25.5814, "bus_lcPushy": 0.5419, "bus_lcSigma": 0.6251, "bus_lcSpeedGainRight": 3.5839, "bus_lcSublane": 0.4926, "bus_sigma": 0.4468, "bus_tau_mean": 1.5867, "bus_tau_std": 2.1668, "bus_v_mean": 9.9888, "bus_v_std": 13.273, "car_acc": 3.7544, "car_dcc": 3.0783, "car_lcAssertive": 1.3941, "car_lcCooperative": 0.4163, "car_lcLookaheadLeft": 14.0357, "car_lcPushy": 0.4952, "car_lcSigma": 0.8988, "car_lcSpeedGainRight": 2.4845, "car_lcSublane": 0.3695, "car_sigma": 0.7857, "car_tau_mean": 3.8614, "car_tau_std": 2.7548, "car_v_mean": 20.9831, "car_v_std": 19.5964}, "datetime": {"datetime": "2024-08-08 13:22:09", "elapsed": 2116.957692, "delta": 2.724567}}
{"target": -0.3237343785278609, "params": {"bus_acc": 1.8796, "bus_dcc": 3.2492, "bus_lcAssertive": 17.7984, "bus_lcCooperative": 0.2371, "bus_lcLookaheadLeft": 82.6504, "bus_lcPushy": 0.0876, "bus_lcSigma": 0.3034, "bus_lcSpeedGainRight": 0.5431, "bus_lcSublane": 0.2794, "bus_sigma": 0.0057, "bus_tau_mean": 2.866, "bus_tau_std": 9.7134, "bus_v_mean": 16.0656, "bus_v_std": 9.9059, "car_acc": 4.1051, "car_dcc": 2.8581, "car_lcAssertive": 70.8114, "car_lcCooperative": 0.1686, "car_lcLookaheadLeft": 60.1993, "car_lcPushy": 0.7401, "car_lcSigma": 0.255, "car_lcSpeedGainRight": 1.287, "car_lcSublane": 0.1325, "car_sigma": 0.2648, "car_tau_mean": 3.9416, "car_tau_std": 9.5177, "car_v_mean": 18.1789, "car_v_std": 11.6884}, "datetime": {"datetime": "2024-08-08 13:22:11", "elapsed": 2118.549659, "delta": 1.591967}}
{"target": -0.3424491190572564, "params": {"bus_acc": 1.4046, "bus_dcc": 1.9435, "bus_lcAssertive": 79.6949, "bus_lcCooperative": 0.6974, "bus_lcLookaheadLeft": 25.5076, "bus_lcPushy": 0.5401, "bus_lcSigma": 0.6307, "bus_lcSpeedGainRight": 3.5807, "bus_lcSublane": 0.4962, "bus_sigma": 0.4524, "bus_tau_mean": 1.5875, "bus_tau_std": 2.1361, "bus_v_mean": 10.0605, "bus_v_std": 13.3229, "car_acc": 3.765, "car_dcc": 3.0803, "car_lcAssertive": 1.4054, "car_lcCooperative": 0.413, "car_lcLookaheadLeft": 14.039, "car_lcPushy": 0.4902, "car_lcSigma": 0.887, "car_lcSpeedGainRight": 2.4826, "car_lcSublane": 0.3682, "car_sigma": 0.7818, "car_tau_mean": 3.8573, "car_tau_std": 2.7381, "car_v_mean": 21.0023, "car_v_std": 19.5506}, "datetime": {"datetime": "2024-08-08 13:22:13", "elapsed": 2121.287002, "delta": 2.737343}}
{"target": -0.3320429605512968, "params": {"bus_acc": 1.4053, "bus_dcc": 1.9439, "bus_lcAssertive": 79.6955, "bus_lcCooperative": 0.6974, "bus_lcLookaheadLeft": 25.5066, "bus_lcPushy": 0.54, "bus_lcSigma": 0.6308, "bus_lcSpeedGainRight": 3.5806, "bus_lcSublane": 0.4962, "bus_sigma": 0.4525, "bus_tau_mean": 1.5875, "bus_tau_std": 2.1357, "bus_v_mean": 10.0614, "bus_v_std": 13.3234, "car_acc": 3.765, "car_dcc": 3.0801, "car_lcAssertive": 1.4055, "car_lcCooperative": 0.4129, "car_lcLookaheadLeft": 14.039, "car_lcPushy": 0.4902, "car_lcSigma": 0.8868, "car_lcSpeedGainRight": 2.4826, "car_lcSublane": 0.3682, "car_sigma": 0.7817, "car_tau_mean": 3.8572, "car_tau_std": 2.7377, "car_v_mean": 21.0023, "car_v_std": 19.5497}, "datetime": {"datetime": "2024-08-08 13:22:14", "elapsed": 2122.375509, "delta": 1.088507}}
