{"target": -0.05807146846347164, "params": {"bus_acc": 2.58, "bus_dcc": 1.09, "bus_lcAssertive": 81.36, "bus_lcCooperative": 0.95, "bus_lcLookaheadLeft": 22.55, "bus_lcPushy": 0.22, "bus_lcSublane": 0.45, "bus_max_v": 19.63, "bus_tau_mean": 1.92, "bus_tau_std": 5.75, "car_acc": 2.72, "car_dcc": 2.33, "car_lcAssertive": 55.1, "car_lcCooperative": 0.52, "car_lcLookaheadLeft": 80.82, "car_lcPushy": 0.7, "car_lcSublane": 0.74, "car_max_v": 26.76, "car_tau_mean": 3.5, "car_tau_std": 1.64}, "datetime": {"datetime": "2024-08-04 13:06:27", "elapsed": 5461.173575, "delta": 4.749405}}
{"target": -0.048275996421173584, "params": {"bus_acc": 1.57, "bus_dcc": 2.71, "bus_lcAssertive": 11.62, "bus_lcCooperative": 0.6, "bus_lcLookaheadLeft": 72.75, "bus_lcPushy": 0.87, "bus_lcSublane": 0.7, "bus_max_v": 20.54, "bus_tau_mean": 3.35, "bus_tau_std": 8.97, "car_acc": 1.13, "car_dcc": 2.31, "car_lcAssertive": 38.19, "car_lcCooperative": 0.17, "car_lcLookaheadLeft": 54.21, "car_lcPushy": 0.26, "car_lcSublane": 0.06, "car_max_v": 22.12, "car_tau_mean": 1.38, "car_tau_std": 4.88}, "datetime": {"datetime": "2024-08-04 13:06:31", "elapsed": 5465.350737, "delta": 4.177162}}
{"target": -0.04799269708799456, "params": {"bus_acc": 1.08, "bus_dcc": 3.79, "bus_lcAssertive": 36.72, "bus_lcCooperative": 0.0, "bus_lcLookaheadLeft": 40.14, "bus_lcPushy": 0.35, "bus_lcSublane": 0.83, "bus_max_v": 10.58, "bus_tau_mean": 3.83, "bus_tau_std": 2.44, "car_acc": 1.15, "car_dcc": 2.88, "car_lcAssertive": 10.04, "car_lcCooperative": 0.06, "car_lcLookaheadLeft": 30.27, "car_lcPushy": 0.24, "car_lcSublane": 0.08, "car_max_v": 19.96, "car_tau_mean": 3.27, "car_tau_std": 3.37}, "datetime": {"datetime": "2024-08-04 13:06:34", "elapsed": 5468.491326, "delta": 3.140589}}
{"target": -0.040862585832091396, "params": {"bus_acc": 1.45, "bus_dcc": 1.95, "bus_lcAssertive": 51.38, "bus_lcCooperative": 0.79, "bus_lcLookaheadLeft": 54.81, "bus_lcPushy": 0.48, "bus_lcSublane": 0.44, "bus_max_v": 11.03, "bus_tau_mean": 0.94, "bus_tau_std": 1.9, "car_acc": 2.26, "car_dcc": 1.87, "car_lcAssertive": 3.48, "car_lcCooperative": 1.0, "car_lcLookaheadLeft": 19.59, "car_lcPushy": 0.05, "car_lcSublane": 0.63, "car_max_v": 9.4, "car_tau_mean": 2.59, "car_tau_std": 2.62}, "datetime": {"datetime": "2024-08-04 13:06:38", "elapsed": 5473.079086, "delta": 4.58776}}
{"target": -0.05794471023019159, "params": {"bus_acc": 1.73, "bus_dcc": 1.55, "bus_lcAssertive": 71.19, "bus_lcCooperative": 0.36, "bus_lcLookaheadLeft": 56.27, "bus_lcPushy": 0.44, "bus_lcSublane": 0.61, "bus_max_v": 16.66, "bus_tau_mean": 2.04, "bus_tau_std": 9.15, "car_acc": 2.23, "car_dcc": 3.12, "car_lcAssertive": 22.42, "car_lcCooperative": 0.07, "car_lcLookaheadLeft": 78.92, "car_lcPushy": 0.58, "car_lcSublane": 0.24, "car_max_v": 25.63, "car_tau_mean": 1.7, "car_tau_std": 1.35}, "datetime": {"datetime": "2024-08-04 13:06:43", "elapsed": 5477.164798, "delta": 4.085712}}
{"target": -0.046922110986390424, "params": {"bus_acc": 2.08, "bus_dcc": 3.73, "bus_lcAssertive": 61.64, "bus_lcCooperative": 0.53, "bus_lcLookaheadLeft": 75.61, "bus_lcPushy": 0.3, "bus_lcSublane": 0.49, "bus_max_v": 20.33, "bus_tau_mean": 1.2, "bus_tau_std": 0.06, "car_acc": 1.3, "car_dcc": 2.67, "car_lcAssertive": 85.89, "car_lcCooperative": 0.82, "car_lcLookaheadLeft": 54.91, "car_lcPushy": 0.14, "car_lcSublane": 0.42, "car_max_v": 20.58, "car_tau_mean": 1.12, "car_tau_std": 1.03}, "datetime": {"datetime": "2024-08-04 13:06:47", "elapsed": 5481.794867, "delta": 4.630069}}
{"target": -0.05262224995765132, "params": {"bus_acc": 1.74, "bus_dcc": 2.54, "bus_lcAssertive": 81.1, "bus_lcCooperative": 0.94, "bus_lcLookaheadLeft": 24.66, "bus_lcPushy": 0.64, "bus_lcSublane": 0.95, "bus_max_v": 13.94, "bus_tau_mean": 0.5, "bus_tau_std": 1.6, "car_acc": 2.36, "car_dcc": 2.75, "car_lcAssertive": 31.82, "car_lcCooperative": 0.69, "car_lcLookaheadLeft": 12.57, "car_lcPushy": 0.04, "car_lcSublane": 0.9, "car_max_v": 9.11, "car_tau_mean": 2.95, "car_tau_std": 8.06}, "datetime": {"datetime": "2024-08-04 13:06:53", "elapsed": 5487.798777, "delta": 6.00391}}
{"target": -0.05795942071542643, "params": {"bus_acc": 1.81, "bus_dcc": 1.53, "bus_lcAssertive": 89.68, "bus_lcCooperative": 0.48, "bus_lcLookaheadLeft": 88.39, "bus_lcPushy": 0.03, "bus_lcSublane": 0.15, "bus_max_v": 21.36, "bus_tau_mean": 1.66, "bus_tau_std": 1.69, "car_acc": 2.19, "car_dcc": 1.51, "car_lcAssertive": 33.61, "car_lcCooperative": 0.9, "car_lcLookaheadLeft": 70.44, "car_lcPushy": 0.18, "car_lcSublane": 0.13, "car_max_v": 26.97, "car_tau_mean": 1.56, "car_tau_std": 0.61}, "datetime": {"datetime": "2024-08-04 13:06:57", "elapsed": 5491.890502, "delta": 4.091725}}
{"target": -0.033419418641288695, "params": {"bus_acc": 2.52, "bus_dcc": 3.6, "bus_lcAssertive": 12.23, "bus_lcCooperative": 0.68, "bus_lcLookaheadLeft": 14.42, "bus_lcPushy": 0.67, "bus_lcSublane": 0.85, "bus_max_v": 25.75, "bus_tau_mean": 1.91, "bus_tau_std": 9.94, "car_acc": 1.22, "car_dcc": 3.07, "car_lcAssertive": 25.68, "car_lcCooperative": 0.31, "car_lcLookaheadLeft": 81.16, "car_lcPushy": 0.88, "car_lcSublane": 0.03, "car_max_v": 8.37, "car_tau_mean": 2.35, "car_tau_std": 6.97}, "datetime": {"datetime": "2024-08-04 13:07:12", "elapsed": 5506.231074, "delta": 14.340572}}
{"target": -0.04826161423681826, "params": {"bus_acc": 2.93, "bus_dcc": 2.75, "bus_lcAssertive": 29.18, "bus_lcCooperative": 0.13, "bus_lcLookaheadLeft": 76.64, "bus_lcPushy": 0.19, "bus_lcSublane": 0.21, "bus_max_v": 19.45, "bus_tau_mean": 3.63, "bus_tau_std": 7.62, "car_acc": 1.84, "car_dcc": 1.42, "car_lcAssertive": 60.85, "car_lcCooperative": 0.62, "car_lcLookaheadLeft": 29.86, "car_lcPushy": 0.02, "car_lcSublane": 0.43, "car_max_v": 11.66, "car_tau_mean": 2.76, "car_tau_std": 6.34}, "datetime": {"datetime": "2024-08-04 13:07:24", "elapsed": 5518.207534, "delta": 11.97646}}
{"target": -0.047058717027790825, "params": {"bus_acc": 2.79, "bus_dcc": 1.9, "bus_lcAssertive": 46.2, "bus_lcCooperative": 0.09, "bus_lcLookaheadLeft": 86.71, "bus_lcPushy": 0.9, "bus_lcSublane": 0.5, "bus_max_v": 10.43, "bus_tau_mean": 3.99, "bus_tau_std": 9.35, "car_acc": 1.34, "car_dcc": 1.74, "car_lcAssertive": 32.97, "car_lcCooperative": 0.56, "car_lcLookaheadLeft": 6.18, "car_lcPushy": 1.0, "car_lcSublane": 0.16, "car_max_v": 14.74, "car_tau_mean": 1.9, "car_tau_std": 2.51}, "datetime": {"datetime": "2024-08-04 13:07:29", "elapsed": 5523.700182, "delta": 5.492648}}
{"target": -0.05509136118903369, "params": {"bus_acc": 2.57, "bus_dcc": 1.68, "bus_lcAssertive": 72.36, "bus_lcCooperative": 0.42, "bus_lcLookaheadLeft": 96.28, "bus_lcPushy": 0.73, "bus_lcSublane": 0.64, "bus_max_v": 28.02, "bus_tau_mean": 3.29, "bus_tau_std": 4.99, "car_acc": 1.93, "car_dcc": 3.93, "car_lcAssertive": 75.62, "car_lcCooperative": 0.16, "car_lcLookaheadLeft": 80.3, "car_lcPushy": 0.63, "car_lcSublane": 0.78, "car_max_v": 28.33, "car_tau_mean": 2.17, "car_tau_std": 1.23}, "datetime": {"datetime": "2024-08-04 13:07:35", "elapsed": 5529.608219, "delta": 5.908037}}
{"target": -0.05141805241679696, "params": {"bus_acc": 2.97, "bus_dcc": 3.16, "bus_lcAssertive": 88.32, "bus_lcCooperative": 0.33, "bus_lcLookaheadLeft": 89.23, "bus_lcPushy": 0.02, "bus_lcSublane": 0.3, "bus_max_v": 22.65, "bus_tau_mean": 3.64, "bus_tau_std": 6.33, "car_acc": 1.93, "car_dcc": 3.87, "car_lcAssertive": 94.81, "car_lcCooperative": 0.84, "car_lcLookaheadLeft": 52.56, "car_lcPushy": 0.33, "car_lcSublane": 0.85, "car_max_v": 17.09, "car_tau_mean": 3.95, "car_tau_std": 1.76}, "datetime": {"datetime": "2024-08-04 13:08:01", "elapsed": 5555.366647, "delta": 25.758428}}
{"target": -0.05166336144457085, "params": {"bus_acc": 2.91, "bus_dcc": 3.39, "bus_lcAssertive": 18.5, "bus_lcCooperative": 0.88, "bus_lcLookaheadLeft": 91.02, "bus_lcPushy": 0.51, "bus_lcSublane": 0.8, "bus_max_v": 23.42, "bus_tau_mean": 0.59, "bus_tau_std": 9.23, "car_acc": 2.26, "car_dcc": 3.85, "car_lcAssertive": 7.39, "car_lcCooperative": 0.98, "car_lcLookaheadLeft": 93.96, "car_lcPushy": 0.79, "car_lcSublane": 0.72, "car_max_v": 17.54, "car_tau_mean": 2.68, "car_tau_std": 5.75}, "datetime": {"datetime": "2024-08-04 13:08:31", "elapsed": 5585.543652, "delta": 30.177005}}
{"target": -0.051199234293249275, "params": {"bus_acc": 2.34, "bus_dcc": 2.54, "bus_lcAssertive": 13.82, "bus_lcCooperative": 0.17, "bus_lcLookaheadLeft": 60.64, "bus_lcPushy": 0.88, "bus_lcSublane": 0.94, "bus_max_v": 15.82, "bus_tau_mean": 2.13, "bus_tau_std": 6.03, "car_acc": 2.46, "car_dcc": 2.45, "car_lcAssertive": 64.67, "car_lcCooperative": 0.01, "car_lcLookaheadLeft": 21.49, "car_lcPushy": 0.35, "car_lcSublane": 0.55, "car_max_v": 15.08, "car_tau_mean": 3.59, "car_tau_std": 6.48}, "datetime": {"datetime": "2024-08-04 13:08:36", "elapsed": 5590.174676, "delta": 4.631024}}
{"target": -0.05171898657438257, "params": {"bus_acc": 1.11, "bus_dcc": 2.94, "bus_lcAssertive": 61.16, "bus_lcCooperative": 0.22, "bus_lcLookaheadLeft": 59.06, "bus_lcPushy": 0.77, "bus_lcSublane": 0.84, "bus_max_v": 8.53, "bus_tau_mean": 1.63, "bus_tau_std": 0.81, "car_acc": 1.93, "car_dcc": 3.48, "car_lcAssertive": 36.18, "car_lcCooperative": 0.42, "car_lcLookaheadLeft": 68.49, "car_lcPushy": 0.19, "car_lcSublane": 0.12, "car_max_v": 13.14, "car_tau_mean": 3.04, "car_tau_std": 8.11}, "datetime": {"datetime": "2024-08-04 13:08:43", "elapsed": 5597.80648, "delta": 7.631804}}
{"target": -0.05529054099632439, "params": {"bus_acc": 2.09, "bus_dcc": 2.26, "bus_lcAssertive": 49.61, "bus_lcCooperative": 0.49, "bus_lcLookaheadLeft": 44.01, "bus_lcPushy": 0.49, "bus_lcSublane": 0.82, "bus_max_v": 11.9, "bus_tau_mean": 2.55, "bus_tau_std": 3.17, "car_acc": 2.27, "car_dcc": 3.99, "car_lcAssertive": 10.15, "car_lcCooperative": 0.68, "car_lcLookaheadLeft": 52.23, "car_lcPushy": 0.82, "car_lcSublane": 0.03, "car_max_v": 19.81, "car_tau_mean": 2.1, "car_tau_std": 8.29}, "datetime": {"datetime": "2024-08-04 13:08:47", "elapsed": 5601.966879, "delta": 4.160399}}
{"target": -0.05084924995682865, "params": {"bus_acc": 1.68, "bus_dcc": 1.93, "bus_lcAssertive": 58.14, "bus_lcCooperative": 0.91, "bus_lcLookaheadLeft": 86.21, "bus_lcPushy": 0.75, "bus_lcSublane": 0.26, "bus_max_v": 12.66, "bus_tau_mean": 3.1, "bus_tau_std": 3.66, "car_acc": 1.5, "car_dcc": 2.97, "car_lcAssertive": 57.16, "car_lcCooperative": 0.27, "car_lcLookaheadLeft": 79.91, "car_lcPushy": 0.45, "car_lcSublane": 0.01, "car_max_v": 17.89, "car_tau_mean": 0.62, "car_tau_std": 3.69}, "datetime": {"datetime": "2024-08-04 13:08:51", "elapsed": 5605.611715, "delta": 3.644836}}
{"target": -0.045356080619131794, "params": {"bus_acc": 2.09, "bus_dcc": 3.64, "bus_lcAssertive": 36.6, "bus_lcCooperative": 0.41, "bus_lcLookaheadLeft": 20.89, "bus_lcPushy": 0.68, "bus_lcSublane": 0.23, "bus_max_v": 24.5, "bus_tau_mean": 3.06, "bus_tau_std": 4.46, "car_acc": 1.22, "car_dcc": 3.83, "car_lcAssertive": 48.84, "car_lcCooperative": 0.17, "car_lcLookaheadLeft": 16.69, "car_lcPushy": 0.08, "car_lcSublane": 0.33, "car_max_v": 24.03, "car_tau_mean": 1.97, "car_tau_std": 4.83}, "datetime": {"datetime": "2024-08-04 13:08:55", "elapsed": 5609.622926, "delta": 4.011211}}
{"target": -0.05791543148121855, "params": {"bus_acc": 1.59, "bus_dcc": 3.4, "bus_lcAssertive": 70.13, "bus_lcCooperative": 1.0, "bus_lcLookaheadLeft": 34.64, "bus_lcPushy": 0.49, "bus_lcSublane": 0.52, "bus_max_v": 8.93, "bus_tau_mean": 1.51, "bus_tau_std": 8.39, "car_acc": 2.88, "car_dcc": 1.54, "car_lcAssertive": 17.01, "car_lcCooperative": 0.97, "car_lcLookaheadLeft": 56.81, "car_lcPushy": 0.04, "car_lcSublane": 0.17, "car_max_v": 20.45, "car_tau_mean": 3.37, "car_tau_std": 5.3}, "datetime": {"datetime": "2024-08-04 13:08:59", "elapsed": 5613.375531, "delta": 3.752605}}
{"target": -0.056286245015581604, "params": {"bus_acc": 1.49, "bus_dcc": 1.85, "bus_lcAssertive": 49.67, "bus_lcCooperative": 0.03, "bus_lcLookaheadLeft": 98.53, "bus_lcPushy": 0.97, "bus_lcSublane": 0.67, "bus_max_v": 19.38, "bus_tau_mean": 3.12, "bus_tau_std": 7.52, "car_acc": 2.47, "car_dcc": 3.89, "car_lcAssertive": 39.7, "car_lcCooperative": 0.04, "car_lcLookaheadLeft": 25.17, "car_lcPushy": 0.4, "car_lcSublane": 0.65, "car_max_v": 21.72, "car_tau_mean": 0.86, "car_tau_std": 9.8}, "datetime": {"datetime": "2024-08-04 13:09:04", "elapsed": 5618.19938, "delta": 4.823849}}
{"target": -0.06314568130000665, "params": {"bus_acc": 2.74, "bus_dcc": 1.3, "bus_lcAssertive": 44.66, "bus_lcCooperative": 0.7, "bus_lcLookaheadLeft": 80.58, "bus_lcPushy": 0.11, "bus_lcSublane": 0.97, "bus_max_v": 9.19, "bus_tau_mean": 2.46, "bus_tau_std": 8.74, "car_acc": 1.92, "car_dcc": 3.5, "car_lcAssertive": 31.93, "car_lcCooperative": 0.82, "car_lcLookaheadLeft": 98.94, "car_lcPushy": 0.35, "car_lcSublane": 0.3, "car_max_v": 16.5, "car_tau_mean": 3.27, "car_tau_std": 9.73}, "datetime": {"datetime": "2024-08-04 13:09:08", "elapsed": 5622.920985, "delta": 4.721605}}
{"target": -0.057457035401668265, "params": {"bus_acc": 2.31, "bus_dcc": 3.28, "bus_lcAssertive": 99.15, "bus_lcCooperative": 0.25, "bus_lcLookaheadLeft": 44.44, "bus_lcPushy": 0.86, "bus_lcSublane": 0.1, "bus_max_v": 16.82, "bus_tau_mean": 3.44, "bus_tau_std": 4.09, "car_acc": 2.3, "car_dcc": 1.13, "car_lcAssertive": 89.13, "car_lcCooperative": 0.8, "car_lcLookaheadLeft": 40.88, "car_lcPushy": 0.24, "car_lcSublane": 0.57, "car_max_v": 25.92, "car_tau_mean": 1.37, "car_tau_std": 9.94}, "datetime": {"datetime": "2024-08-04 13:09:45", "elapsed": 5659.259401, "delta": 36.338416}}
{"target": -0.04505389150077415, "params": {"bus_acc": 2.71, "bus_dcc": 2.83, "bus_lcAssertive": 68.15, "bus_lcCooperative": 0.44, "bus_lcLookaheadLeft": 69.93, "bus_lcPushy": 0.65, "bus_lcSublane": 0.81, "bus_max_v": 10.78, "bus_tau_mean": 2.92, "bus_tau_std": 1.61, "car_acc": 2.51, "car_dcc": 3.08, "car_lcAssertive": 65.73, "car_lcCooperative": 0.24, "car_lcLookaheadLeft": 21.74, "car_lcPushy": 0.35, "car_lcSublane": 0.57, "car_max_v": 8.18, "car_tau_mean": 2.35, "car_tau_std": 6.57}, "datetime": {"datetime": "2024-08-04 13:09:50", "elapsed": 5664.891752, "delta": 5.632351}}
{"target": -0.05382981178532303, "params": {"bus_acc": 1.33, "bus_dcc": 3.68, "bus_lcAssertive": 58.82, "bus_lcCooperative": 0.07, "bus_lcLookaheadLeft": 53.56, "bus_lcPushy": 0.32, "bus_lcSublane": 0.89, "bus_max_v": 26.44, "bus_tau_mean": 3.99, "bus_tau_std": 5.91, "car_acc": 1.65, "car_dcc": 1.46, "car_lcAssertive": 66.7, "car_lcCooperative": 0.84, "car_lcLookaheadLeft": 92.89, "car_lcPushy": 0.25, "car_lcSublane": 0.87, "car_max_v": 27.52, "car_tau_mean": 1.7, "car_tau_std": 8.22}, "datetime": {"datetime": "2024-08-04 13:09:55", "elapsed": 5669.113392, "delta": 4.22164}}
{"target": -0.05627808654058, "params": {"bus_acc": 2.56, "bus_dcc": 3.84, "bus_lcAssertive": 2.86, "bus_lcCooperative": 0.22, "bus_lcLookaheadLeft": 67.43, "bus_lcPushy": 0.89, "bus_lcSublane": 0.45, "bus_max_v": 21.73, "bus_tau_mean": 3.1, "bus_tau_std": 9.45, "car_acc": 2.85, "car_dcc": 3.95, "car_lcAssertive": 85.29, "car_lcCooperative": 0.3, "car_lcLookaheadLeft": 64.31, "car_lcPushy": 0.43, "car_lcSublane": 0.84, "car_max_v": 28.09, "car_tau_mean": 3.47, "car_tau_std": 0.97}, "datetime": {"datetime": "2024-08-04 13:10:07", "elapsed": 5681.175773, "delta": 12.062381}}
{"target": -0.05506003439362848, "params": {"bus_acc": 2.76, "bus_dcc": 1.41, "bus_lcAssertive": 20.51, "bus_lcCooperative": 0.46, "bus_lcLookaheadLeft": 35.12, "bus_lcPushy": 0.49, "bus_lcSublane": 0.56, "bus_max_v": 14.47, "bus_tau_mean": 1.47, "bus_tau_std": 4.03, "car_acc": 2.41, "car_dcc": 3.56, "car_lcAssertive": 69.4, "car_lcCooperative": 0.92, "car_lcLookaheadLeft": 46.33, "car_lcPushy": 0.85, "car_lcSublane": 0.58, "car_max_v": 29.59, "car_tau_mean": 3.92, "car_tau_std": 4.7}, "datetime": {"datetime": "2024-08-04 13:10:11", "elapsed": 5685.508249, "delta": 4.332476}}
{"target": -0.03708635974860343, "params": {"bus_acc": 2.41, "bus_dcc": 2.05, "bus_lcAssertive": 56.81, "bus_lcCooperative": 0.06, "bus_lcLookaheadLeft": 16.57, "bus_lcPushy": 0.61, "bus_lcSublane": 0.78, "bus_max_v": 23.61, "bus_tau_mean": 2.89, "bus_tau_std": 4.05, "car_acc": 1.17, "car_dcc": 3.93, "car_lcAssertive": 12.49, "car_lcCooperative": 0.96, "car_lcLookaheadLeft": 72.37, "car_lcPushy": 0.32, "car_lcSublane": 0.52, "car_max_v": 8.25, "car_tau_mean": 1.05, "car_tau_std": 3.55}, "datetime": {"datetime": "2024-08-04 13:10:20", "elapsed": 5694.438018, "delta": 8.929769}}
{"target": -0.05217438356675875, "params": {"bus_acc": 1.61, "bus_dcc": 1.59, "bus_lcAssertive": 50.4, "bus_lcCooperative": 0.88, "bus_lcLookaheadLeft": 23.65, "bus_lcPushy": 0.48, "bus_lcSublane": 0.36, "bus_max_v": 26.95, "bus_tau_mean": 1.99, "bus_tau_std": 9.45, "car_acc": 2.98, "car_dcc": 1.73, "car_lcAssertive": 9.99, "car_lcCooperative": 0.73, "car_lcLookaheadLeft": 73.63, "car_lcPushy": 0.89, "car_lcSublane": 0.83, "car_max_v": 22.52, "car_tau_mean": 0.85, "car_tau_std": 8.98}, "datetime": {"datetime": "2024-08-04 13:10:26", "elapsed": 5700.806451, "delta": 6.368433}}
{"target": -0.041401873441550684, "params": {"bus_acc": 1.29, "bus_dcc": 1.93, "bus_lcAssertive": 28.86, "bus_lcCooperative": 0.81, "bus_lcLookaheadLeft": 77.79, "bus_lcPushy": 0.32, "bus_lcSublane": 0.51, "bus_max_v": 15.68, "bus_tau_mean": 1.42, "bus_tau_std": 1.53, "car_acc": 1.0, "car_dcc": 2.05, "car_lcAssertive": 30.49, "car_lcCooperative": 0.91, "car_lcLookaheadLeft": 39.43, "car_lcPushy": 0.33, "car_lcSublane": 0.01, "car_max_v": 26.73, "car_tau_mean": 1.17, "car_tau_std": 0.17}, "datetime": {"datetime": "2024-08-04 13:10:32", "elapsed": 5706.214522, "delta": 5.408071}}
{"target": -0.05187024950030303, "params": {"bus_acc": 1.63, "bus_dcc": 3.66, "bus_lcAssertive": 47.41, "bus_lcCooperative": 0.19, "bus_lcLookaheadLeft": 32.58, "bus_lcPushy": 0.23, "bus_lcSublane": 0.17, "bus_max_v": 12.1, "bus_tau_mean": 3.79, "bus_tau_std": 8.72, "car_acc": 1.95, "car_dcc": 3.25, "car_lcAssertive": 80.54, "car_lcCooperative": 0.37, "car_lcLookaheadLeft": 65.61, "car_lcPushy": 0.24, "car_lcSublane": 0.69, "car_max_v": 13.03, "car_tau_mean": 2.2, "car_tau_std": 4.47}, "datetime": {"datetime": "2024-08-04 13:10:47", "elapsed": 5721.34478, "delta": 15.130258}}
{"target": -0.044806833464563954, "params": {"bus_acc": 1.37, "bus_dcc": 2.06, "bus_lcAssertive": 31.32, "bus_lcCooperative": 0.98, "bus_lcLookaheadLeft": 57.71, "bus_lcPushy": 0.94, "bus_lcSublane": 0.28, "bus_max_v": 9.31, "bus_tau_mean": 3.15, "bus_tau_std": 0.22, "car_acc": 2.96, "car_dcc": 2.37, "car_lcAssertive": 83.74, "car_lcCooperative": 0.45, "car_lcLookaheadLeft": 20.37, "car_lcPushy": 0.49, "car_lcSublane": 0.65, "car_max_v": 11.52, "car_tau_mean": 2.54, "car_tau_std": 0.96}, "datetime": {"datetime": "2024-08-04 13:10:51", "elapsed": 5725.678956, "delta": 4.334176}}
{"target": -0.05527621880581276, "params": {"bus_acc": 1.98, "bus_dcc": 3.59, "bus_lcAssertive": 46.5, "bus_lcCooperative": 0.6, "bus_lcLookaheadLeft": 5.73, "bus_lcPushy": 0.1, "bus_lcSublane": 0.63, "bus_max_v": 19.01, "bus_tau_mean": 1.78, "bus_tau_std": 7.52, "car_acc": 2.61, "car_dcc": 2.41, "car_lcAssertive": 49.55, "car_lcCooperative": 0.07, "car_lcLookaheadLeft": 37.63, "car_lcPushy": 0.29, "car_lcSublane": 0.92, "car_max_v": 16.61, "car_tau_mean": 2.18, "car_tau_std": 4.69}, "datetime": {"datetime": "2024-08-04 13:10:55", "elapsed": 5729.805803, "delta": 4.126847}}
{"target": -0.04678463445741185, "params": {"bus_acc": 1.64, "bus_dcc": 1.46, "bus_lcAssertive": 50.96, "bus_lcCooperative": 0.36, "bus_lcLookaheadLeft": 76.7, "bus_lcPushy": 0.69, "bus_lcSublane": 0.62, "bus_max_v": 13.14, "bus_tau_mean": 2.62, "bus_tau_std": 8.28, "car_acc": 2.7, "car_dcc": 1.76, "car_lcAssertive": 94.96, "car_lcCooperative": 0.62, "car_lcLookaheadLeft": 63.82, "car_lcPushy": 0.96, "car_lcSublane": 0.7, "car_max_v": 20.76, "car_tau_mean": 2.1, "car_tau_std": 5.3}, "datetime": {"datetime": "2024-08-04 13:11:11", "elapsed": 5745.581106, "delta": 15.775303}}
{"target": -0.04932273086453532, "params": {"bus_acc": 2.03, "bus_dcc": 2.02, "bus_lcAssertive": 65.4, "bus_lcCooperative": 0.52, "bus_lcLookaheadLeft": 87.08, "bus_lcPushy": 0.28, "bus_lcSublane": 0.69, "bus_max_v": 9.09, "bus_tau_mean": 1.64, "bus_tau_std": 9.66, "car_acc": 1.6, "car_dcc": 3.28, "car_lcAssertive": 58.27, "car_lcCooperative": 0.45, "car_lcLookaheadLeft": 61.43, "car_lcPushy": 0.3, "car_lcSublane": 0.43, "car_max_v": 11.05, "car_tau_mean": 2.32, "car_tau_std": 6.24}, "datetime": {"datetime": "2024-08-04 13:11:16", "elapsed": 5750.664467, "delta": 5.083361}}
{"target": -0.042311703365435376, "params": {"bus_acc": 2.38, "bus_dcc": 1.76, "bus_lcAssertive": 78.84, "bus_lcCooperative": 0.75, "bus_lcLookaheadLeft": 49.32, "bus_lcPushy": 0.68, "bus_lcSublane": 0.82, "bus_max_v": 19.6, "bus_tau_mean": 1.93, "bus_tau_std": 1.93, "car_acc": 1.61, "car_dcc": 1.19, "car_lcAssertive": 5.01, "car_lcCooperative": 0.61, "car_lcLookaheadLeft": 44.36, "car_lcPushy": 0.86, "car_lcSublane": 0.75, "car_max_v": 13.59, "car_tau_mean": 3.88, "car_tau_std": 3.5}, "datetime": {"datetime": "2024-08-04 13:11:35", "elapsed": 5769.747798, "delta": 19.083331}}
{"target": -0.029593185530409915, "params": {"bus_acc": 1.75, "bus_dcc": 1.86, "bus_lcAssertive": 5.37, "bus_lcCooperative": 0.28, "bus_lcLookaheadLeft": 32.42, "bus_lcPushy": 0.79, "bus_lcSublane": 0.57, "bus_max_v": 22.96, "bus_tau_mean": 3.37, "bus_tau_std": 3.64, "car_acc": 1.01, "car_dcc": 1.76, "car_lcAssertive": 2.24, "car_lcCooperative": 0.36, "car_lcLookaheadLeft": 64.18, "car_lcPushy": 0.85, "car_lcSublane": 0.6, "car_max_v": 8.72, "car_tau_mean": 0.55, "car_tau_std": 4.27}, "datetime": {"datetime": "2024-08-04 13:11:39", "elapsed": 5773.761108, "delta": 4.01331}}
