{"target": -0.40915945849279367, "params": {"bus_acc": 1.2855865656060008, "bus_dcc": 1.2823008234989182, "bus_lcAssertive": 87.14898287433239, "bus_lcCooperative": 0.23686870355699852, "bus_lcLookaheadLeft": 39.82839308021436, "bus_lcPushy": 0.5715420927253323, "bus_lcSigma": 0.52580196995147, "bus_lcSpeedGainRight": 0.38011939721053434, "bus_lcSublane": 0.8741259355980283, "bus_sigma": 0.9511356184186921, "bus_tau_mean": 3.3437755646113514, "bus_tau_std": 2.8380183494687428, "bus_v_mean": 16.44554873788735, "bus_v_std": 6.788334480352189, "car_acc": 2.1093346215753335, "car_dcc": 3.923210406739008, "car_lcAssertive": 31.858588854179157, "car_lcCooperative": 0.6687966059228697, "car_lcLookaheadLeft": 33.94478631628061, "car_lcPushy": 0.7744772660150796, "car_lcSigma": 0.3258099666132048, "car_lcSpeedGainRight": 4.449136707236875, "car_lcSublane": 0.7517077209192669, "car_sigma": 0.7626320954451107, "car_tau_mean": 2.14317659995974, "car_tau_std": 2.107645024687054, "car_v_mean": 8.663601273223982, "car_v_std": 6.43657599940489}, "datetime": {"datetime": "2024-08-08 00:11:58", "elapsed": 537.160152, "delta": 1.538851}}
{"target": -0.39043328086654583, "params": {"bus_acc": 1.4110182088633518, "bus_dcc": 1.2979686608564904, "bus_lcAssertive": 52.911162300631176, "bus_lcCooperative": 0.21257225018459036, "bus_lcLookaheadLeft": 90.6289239269868, "bus_lcPushy": 0.046030700768947774, "bus_lcSigma": 0.8972744695046295, "bus_lcSpeedGainRight": 2.938673496802047, "bus_lcSublane": 0.8615968137982195, "bus_sigma": 0.02917043090502025, "bus_tau_mean": 1.6655373332011014, "bus_tau_std": 5.011101499409691, "bus_v_mean": 11.473788915273976, "bus_v_std": 8.451929289454823, "car_acc": 1.059065370607602, "car_dcc": 2.7615527506747757, "car_lcAssertive": 93.04360097764864, "car_lcCooperative": 0.07580839663584016, "car_lcLookaheadLeft": 84.49867787921661, "car_lcPushy": 0.7477799933095586, "car_lcSigma": 0.22998610475282222, "car_lcSpeedGainRight": 2.590588501294496, "car_lcSublane": 0.31375843015401117, "car_sigma": 0.6157862239911974, "car_tau_mean": 1.2461054684662507, "car_tau_std": 4.358884747352702, "car_v_mean": 20.62520323470141, "car_v_std": 9.32935407166742}, "datetime": {"datetime": "2024-08-08 00:11:59", "elapsed": 538.233076, "delta": 1.072924}}
{"target": -0.39744162267619676, "params": {"bus_acc": 2.690887953856566, "bus_dcc": 3.1696690123378195, "bus_lcAssertive": 11.973271753717423, "bus_lcCooperative": 0.599352281529311, "bus_lcLookaheadLeft": 51.942981379302, "bus_lcPushy": 0.6053833584678505, "bus_lcSigma": 0.012168445269149175, "bus_lcSpeedGainRight": 1.4420101507188159, "bus_lcSublane": 0.05185633584571858, "bus_sigma": 0.38587134344996243, "bus_tau_mean": 3.156802518868001, "bus_tau_std": 2.7600178638695763, "bus_v_mean": 17.825829619831616, "bus_v_std": 12.548669195376046, "car_acc": 1.5032620071185445, "car_dcc": 2.4251252027511754, "car_lcAssertive": 15.20605184105772, "car_lcCooperative": 0.07001816506375413, "car_lcLookaheadLeft": 79.71060730968686, "car_lcPushy": 0.1794742258459452, "car_lcSigma": 0.12620726911812663, "car_lcSpeedGainRight": 4.835575683072303, "car_lcSublane": 0.05564288209156465, "car_sigma": 0.6819472188631948, "car_tau_mean": 1.8123240543658938, "car_tau_std": 1.7348737919623625, "car_v_mean": 12.365785651947395, "car_v_std": 14.633917847652597}, "datetime": {"datetime": "2024-08-08 00:12:00", "elapsed": 539.593418, "delta": 1.360342}}
{"target": -0.392943176230628, "params": {"bus_acc": 2.1465445430993695, "bus_dcc": 3.8282877262988477, "bus_lcAssertive": 52.268144769059866, "bus_lcCooperative": 0.1944658095278845, "bus_lcLookaheadLeft": 85.09806045946067, "bus_lcPushy": 0.25163914235585283, "bus_lcSigma": 0.700726036482538, "bus_lcSpeedGainRight": 2.7013047019844993, "bus_lcSublane": 0.9488362882802196, "bus_sigma": 0.6243367024026759, "bus_tau_mean": 3.432922867167053, "bus_tau_std": 0.07932876194523097, "bus_v_mean": 23.829440898666206, "bus_v_std": 1.5542914066477298, "car_acc": 1.6442590272295392, "car_dcc": 3.838457186370296, "car_lcAssertive": 1.8849711347532616, "car_lcCooperative": 0.8227300054219355, "car_lcLookaheadLeft": 86.39874055994585, "car_lcPushy": 0.4398308142085725, "car_lcSigma": 0.2557451938059312, "car_lcSpeedGainRight": 4.013447598166493, "car_lcSublane": 0.47786200443222115, "car_sigma": 0.13433860865569613, "car_tau_mean": 3.7474714748875377, "car_tau_std": 8.959699670066485, "car_v_mean": 15.864722400270965, "car_v_std": 17.134049930355843}, "datetime": {"datetime": "2024-08-08 00:12:04", "elapsed": 543.426109, "delta": 3.832691}}
{"target": -0.34591303521683436, "params": {"bus_acc": 1.881484516218828, "bus_dcc": 2.384392412342687, "bus_lcAssertive": 59.99327277490859, "bus_lcCooperative": 0.6623751810848598, "bus_lcLookaheadLeft": 59.83463860603874, "bus_lcPushy": 0.7293827600961478, "bus_lcSigma": 0.5809026238628769, "bus_lcSpeedGainRight": 2.2155155430660702, "bus_lcSublane": 0.4967884445398908, "bus_sigma": 0.43008881702990587, "bus_tau_mean": 1.2352584858669924, "bus_tau_std": 2.2680111615543987, "bus_v_mean": 15.318218817445908, "bus_v_std": 8.671054252656239, "car_acc": 2.5585675181371084, "car_dcc": 2.2625751288627356, "car_lcAssertive": 67.66346492090078, "car_lcCooperative": 0.16603868392790133, "car_lcLookaheadLeft": 82.75778047051267, "car_lcPushy": 0.6854067761401983, "car_lcSigma": 0.7890523985934054, "car_lcSpeedGainRight": 1.7974224381218256, "car_lcSublane": 0.6625490004394449, "car_sigma": 0.21709046387190056, "car_tau_mean": 1.2735202564878283, "car_tau_std": 2.424567724176688, "car_v_mean": 12.233413072384572, "car_v_std": 8.168239111968962}, "datetime": {"datetime": "2024-08-08 00:12:05", "elapsed": 544.428482, "delta": 1.002373}}
{"target": -0.4773391332056648, "params": {"bus_acc": 2.138664774967454, "bus_dcc": 2.7554700188879617, "bus_lcAssertive": 79.20075754477797, "bus_lcCooperative": 0.9026346706863088, "bus_lcLookaheadLeft": 7.95357216031002, "bus_lcPushy": 0.34851320938881547, "bus_lcSigma": 0.20009186306839266, "bus_lcSpeedGainRight": 2.325757658274793, "bus_lcSublane": 0.09146794196561492, "bus_sigma": 0.06808577423972362, "bus_tau_mean": 1.5531130159559934, "bus_tau_std": 9.043452577718513, "bus_v_mean": 23.608671646199937, "bus_v_std": 15.274400635667893, "car_acc": 1.0014818259210978, "car_dcc": 3.205646662708702, "car_lcAssertive": 3.177258488517453, "car_lcCooperative": 0.16856568225506097, "car_lcLookaheadLeft": 3.030372811883959, "car_lcPushy": 0.1491269987672621, "car_lcSigma": 0.687505525161023, "car_lcSpeedGainRight": 3.510084376706783, "car_lcSublane": 0.37107740662185684, "car_sigma": 0.7311908242003646, "car_tau_mean": 3.465564718986235, "car_tau_std": 1.3035751444155008, "car_v_mean": 9.398517058587904, "car_v_std": 7.438429130278054}, "datetime": {"datetime": "2024-08-08 00:12:06", "elapsed": 545.660536, "delta": 1.232054}}
{"target": -0.3657017995487992, "params": {"bus_acc": 2.3471098413942144, "bus_dcc": 3.6545093568015314, "bus_lcAssertive": 93.8757064162672, "bus_lcCooperative": 0.9847376482413631, "bus_lcLookaheadLeft": 88.5885778665534, "bus_lcPushy": 0.24358012153518216, "bus_lcSigma": 0.4083047293371109, "bus_lcSpeedGainRight": 1.8740289950537647, "bus_lcSublane": 0.1522287082119994, "bus_sigma": 0.07045586354997146, "bus_tau_mean": 1.5351023883897155, "bus_tau_std": 8.599617396132155, "bus_v_mean": 8.623734664550557, "bus_v_std": 4.309315809264795, "car_acc": 1.693095556439855, "car_dcc": 2.9444797777974525, "car_lcAssertive": 56.75347637583461, "car_lcCooperative": 0.7961829526610231, "car_lcLookaheadLeft": 69.32244287632557, "car_lcPushy": 0.8895035660916912, "car_lcSigma": 0.4869019728966567, "car_lcSpeedGainRight": 2.679600186480317, "car_lcSublane": 0.8376461726319256, "car_sigma": 0.005693175929407879, "car_tau_mean": 1.348999566289175, "car_tau_std": 2.215069739791887, "car_v_mean": 16.984740718873788, "car_v_std": 14.352247068455934}, "datetime": {"datetime": "2024-08-08 00:12:07", "elapsed": 546.946185, "delta": 1.285649}}
{"target": -0.3752845103738778, "params": {"bus_acc": 2.319452280367665, "bus_dcc": 1.8555145192858777, "bus_lcAssertive": 41.13932145628147, "bus_lcCooperative": 0.8496945344599989, "bus_lcLookaheadLeft": 13.929491527041387, "bus_lcPushy": 0.8429710736013803, "bus_lcSigma": 0.4042427443633172, "bus_lcSpeedGainRight": 4.919437393660502, "bus_lcSublane": 0.9180156615052889, "bus_sigma": 0.4076743827384076, "bus_tau_mean": 1.542721078320484, "bus_tau_std": 2.2094638316433235, "bus_v_mean": 11.483775033911957, "bus_v_std": 15.374761284932044, "car_acc": 2.5108849637259425, "car_dcc": 3.9347596941133167, "car_lcAssertive": 9.247667416835515, "car_lcCooperative": 0.2201833803550045, "car_lcLookaheadLeft": 98.40367172136277, "car_lcPushy": 0.5463743788511821, "car_lcSigma": 0.5536704155665585, "car_lcSpeedGainRight": 1.7438549764888966, "car_lcSublane": 0.7037864359453778, "car_sigma": 0.4997637813382626, "car_tau_mean": 2.14322641395348, "car_tau_std": 5.497728445803042, "car_v_mean": 8.402883223561524, "car_v_std": 10.625212787435093}, "datetime": {"datetime": "2024-08-08 00:12:10", "elapsed": 549.640618, "delta": 2.694433}}
{"target": -0.4366703316801769, "params": {"bus_acc": 1.0421593456710225, "bus_dcc": 3.9551366608314082, "bus_lcAssertive": 61.545787204019646, "bus_lcCooperative": 0.3783538388352491, "bus_lcLookaheadLeft": 4.599778408824017, "bus_lcPushy": 0.3898387483749842, "bus_lcSigma": 0.4525586263864343, "bus_lcSpeedGainRight": 4.655015968822514, "bus_lcSublane": 0.27850417183805665, "bus_sigma": 0.6147818910832991, "bus_tau_mean": 2.828089241037677, "bus_tau_std": 1.8596096979633892, "bus_v_mean": 16.092213583782907, "bus_v_std": 15.730015257198698, "car_acc": 1.193158068856827, "car_dcc": 2.8181058945068864, "car_lcAssertive": 3.5799333361509307, "car_lcCooperative": 0.00704672381007565, "car_lcLookaheadLeft": 7.833803499726993, "car_lcPushy": 0.4814004591490364, "car_lcSigma": 0.9257041086902309, "car_lcSpeedGainRight": 2.027786920695121, "car_lcSublane": 0.07503263933654081, "car_sigma": 0.8613524744830288, "car_tau_mean": 2.317541549146541, "car_tau_std": 3.1893586891742407, "car_v_mean": 23.40851742055481, "car_v_std": 18.765235370047566}, "datetime": {"datetime": "2024-08-08 00:12:12", "elapsed": 551.383725, "delta": 1.743107}}
{"target": -0.3687135451269639, "params": {"bus_acc": 2.371433144451473, "bus_dcc": 3.8561876171635996, "bus_lcAssertive": 39.72402429296779, "bus_lcCooperative": 0.3002984293714631, "bus_lcLookaheadLeft": 56.26767763580894, "bus_lcPushy": 0.8519762580648814, "bus_lcSigma": 0.7949674246929233, "bus_lcSpeedGainRight": 3.4237835248928827, "bus_lcSublane": 0.4321070912997065, "bus_sigma": 0.6904340198543137, "bus_tau_mean": 1.2560887293806247, "bus_tau_std": 2.8394343784624674, "bus_v_mean": 20.445129774406148, "bus_v_std": 18.59960272692713, "car_acc": 1.3800990072333796, "car_dcc": 1.8881898682546976, "car_lcAssertive": 1.6148164518610932, "car_lcCooperative": 0.43156224528040166, "car_lcLookaheadLeft": 22.608917031754896, "car_lcPushy": 0.6414247825536215, "car_lcSigma": 0.7095892156781084, "car_lcSpeedGainRight": 0.5938885719924253, "car_lcSublane": 0.08214400203193162, "car_sigma": 0.9063350695803358, "car_tau_mean": 1.8623356415933738, "car_tau_std": 5.3340349726601435, "car_v_mean": 23.41186503861873, "car_v_std": 15.181080244326706}, "datetime": {"datetime": "2024-08-08 00:12:13", "elapsed": 552.982535, "delta": 1.59881}}
{"target": -0.3540187277076383, "params": {"bus_acc": 2.64203542709971, "bus_dcc": 1.5125390203014908, "bus_lcAssertive": 68.8281945463602, "bus_lcCooperative": 0.9976633612725854, "bus_lcLookaheadLeft": 78.86721120800227, "bus_lcPushy": 0.7250463554353692, "bus_lcSigma": 0.310019979210334, "bus_lcSpeedGainRight": 0.7973539529220575, "bus_lcSublane": 0.8643221540234217, "bus_sigma": 0.6103462184166267, "bus_tau_mean": 1.8653163948682172, "bus_tau_std": 7.5559073482087955, "bus_v_mean": 19.498046171540878, "bus_v_std": 12.946662509548093, "car_acc": 1.4145267231266794, "car_dcc": 3.6565834533840986, "car_lcAssertive": 72.18159028042123, "car_lcCooperative": 0.3026305634146216, "car_lcLookaheadLeft": 8.23265288991687, "car_lcPushy": 0.9127964154958703, "car_lcSigma": 0.7938500584516285, "car_lcSpeedGainRight": 2.492918214857977, "car_lcSublane": 0.41392519420816687, "car_sigma": 0.6155624739890907, "car_tau_mean": 1.8948031163607857, "car_tau_std": 0.3891804002549182, "car_v_mean": 12.831493313685732, "car_v_std": 4.92557116247073}, "datetime": {"datetime": "2024-08-08 00:12:15", "elapsed": 554.247235, "delta": 1.2647}}
{"target": -0.3958671945611013, "params": {"bus_acc": 1.1450310560909267, "bus_dcc": 1.5181032643968249, "bus_lcAssertive": 32.913391424138354, "bus_lcCooperative": 0.248424246330199, "bus_lcLookaheadLeft": 50.55850817339691, "bus_lcPushy": 0.8244596107976835, "bus_lcSigma": 0.8539724149421759, "bus_lcSpeedGainRight": 2.9791497102935076, "bus_lcSublane": 0.24017373383106666, "bus_sigma": 0.18649268827268528, "bus_tau_mean": 3.1018667934071367, "bus_tau_std": 2.372140576435476, "bus_v_mean": 16.631854254824795, "bus_v_std": 14.985615742543835, "car_acc": 1.456498209230772, "car_dcc": 1.523503562718232, "car_lcAssertive": 4.933832971009274, "car_lcCooperative": 0.14756883769994755, "car_lcLookaheadLeft": 85.44101288080509, "car_lcPushy": 0.10463591174495857, "car_lcSigma": 0.2236450455273178, "car_lcSpeedGainRight": 0.16378599872988564, "car_lcSublane": 0.6763566354512786, "car_sigma": 0.2317031414647196, "car_tau_mean": 1.9475710123061751, "car_tau_std": 1.3930117132372677, "car_v_mean": 14.035476601784104, "car_v_std": 8.488749324792305}, "datetime": {"datetime": "2024-08-08 00:12:17", "elapsed": 556.780696, "delta": 2.533461}}
{"target": -0.3832170200833816, "params": {"bus_acc": 2.746646268073464, "bus_dcc": 1.7339021971576243, "bus_lcAssertive": 63.3311877151724, "bus_lcCooperative": 0.034431265307095615, "bus_lcLookaheadLeft": 52.587449185552764, "bus_lcPushy": 0.8632264817138495, "bus_lcSigma": 0.9841265438849168, "bus_lcSpeedGainRight": 0.04936487679459256, "bus_lcSublane": 0.2528414820768151, "bus_sigma": 0.22384967032752534, "bus_tau_mean": 0.6663815797971617, "bus_tau_std": 0.10172456261775653, "bus_v_mean": 15.843124995907708, "bus_v_std": 0.9096429134058814, "car_acc": 1.556656261693804, "car_dcc": 2.9199237073267366, "car_lcAssertive": 30.17451211452952, "car_lcCooperative": 0.26965470115905144, "car_lcLookaheadLeft": 59.873559179869574, "car_lcPushy": 0.38053407720964005, "car_lcSigma": 0.7025230339614009, "car_lcSpeedGainRight": 2.4806197562493053, "car_lcSublane": 0.6332092658064775, "car_sigma": 0.3533943470016294, "car_tau_mean": 1.5046538115442802, "car_tau_std": 1.3320711375110195, "car_v_mean": 22.993286156783427, "car_v_std": 16.09671692031589}, "datetime": {"datetime": "2024-08-08 00:12:19", "elapsed": 558.445424, "delta": 1.664728}}
{"target": -0.40588771523046463, "params": {"bus_acc": 1.880881119951436, "bus_dcc": 3.262525076365478, "bus_lcAssertive": 92.07540412447102, "bus_lcCooperative": 0.4413517453158379, "bus_lcLookaheadLeft": 53.74061744716068, "bus_lcPushy": 0.06603558401663734, "bus_lcSigma": 0.3907730736706927, "bus_lcSpeedGainRight": 2.3361928316662297, "bus_lcSublane": 0.8951377108035733, "bus_sigma": 0.11055744025544123, "bus_tau_mean": 3.058981611196383, "bus_tau_std": 5.454711685487195, "bus_v_mean": 17.704566888264694, "bus_v_std": 0.5956588825912057, "car_acc": 1.2934947595215591, "car_dcc": 1.8519496763985555, "car_lcAssertive": 1.4823327474070012, "car_lcCooperative": 0.6691577977971368, "car_lcLookaheadLeft": 87.28527899441463, "car_lcPushy": 0.5469683092712408, "car_lcSigma": 0.5431640475192038, "car_lcSpeedGainRight": 3.0786296430651867, "car_lcSublane": 0.30218150041580416, "car_sigma": 0.3667319816609417, "car_tau_mean": 2.512289045472183, "car_tau_std": 8.092165837173445, "car_v_mean": 11.225546150530738, "car_v_std": 6.550481116965782}, "datetime": {"datetime": "2024-08-08 00:12:20", "elapsed": 560.138123, "delta": 1.692699}}
{"target": -0.390916374639517, "params": {"bus_acc": 2.3672749295621003, "bus_dcc": 2.194035145648892, "bus_lcAssertive": 48.41645508562015, "bus_lcCooperative": 0.2898033391923721, "bus_lcLookaheadLeft": 79.25286297100789, "bus_lcPushy": 0.046512682267751626, "bus_lcSigma": 0.2811256463638583, "bus_lcSpeedGainRight": 2.95297930879439, "bus_lcSublane": 0.7901335024345391, "bus_sigma": 0.6015993359119542, "bus_tau_mean": 3.056710340287724, "bus_tau_std": 0.23527914877828127, "bus_v_mean": 12.078777428936688, "bus_v_std": 0.8418351968474558, "car_acc": 2.0000247969375784, "car_dcc": 3.9674208884223203, "car_lcAssertive": 2.339520302416675, "car_lcCooperative": 0.4408790383372555, "car_lcLookaheadLeft": 2.4690689743766847, "car_lcPushy": 0.6128886193293469, "car_lcSigma": 0.1833587261280697, "car_lcSpeedGainRight": 3.563708918952641, "car_lcSublane": 0.15964851197294794, "car_sigma": 0.8285756552303601, "car_tau_mean": 1.2216235730698106, "car_tau_std": 3.5221627383195075, "car_v_mean": 11.689255550772305, "car_v_std": 16.153689849032926}, "datetime": {"datetime": "2024-08-08 00:12:25", "elapsed": 564.479077, "delta": 4.340954}}
{"target": -0.5138899810986082, "params": {"bus_acc": 1.5398557835300521, "bus_dcc": 3.6876586545882004, "bus_lcAssertive": 43.3810277972582, "bus_lcCooperative": 0.9648400471483856, "bus_lcLookaheadLeft": 67.01726678620791, "bus_lcPushy": 0.6216957202091218, "bus_lcSigma": 0.11474597295337519, "bus_lcSpeedGainRight": 4.747446293535356, "bus_lcSublane": 0.4499121334799405, "bus_sigma": 0.5783896143871318, "bus_tau_mean": 1.928478809664484, "bus_tau_std": 2.3702698024302773, "bus_v_mean": 22.454072328996062, "bus_v_std": 11.473589733445717, "car_acc": 1.005740654062318, "car_dcc": 2.851434740862172, "car_lcAssertive": 33.337845275437516, "car_lcCooperative": 0.5270581022576093, "car_lcLookaheadLeft": 88.8223257324559, "car_lcPushy": 0.35726976000249977, "car_lcSigma": 0.9085351509197992, "car_lcSpeedGainRight": 3.1168005789590136, "car_lcSublane": 0.015821242846556283, "car_sigma": 0.9294372337437613, "car_tau_mean": 2.9181392113092337, "car_tau_std": 9.973228504514806, "car_v_mean": 10.757448133525257, "car_v_std": 2.742714992577555}, "datetime": {"datetime": "2024-08-08 00:12:30", "elapsed": 569.434804, "delta": 4.955727}}
{"target": -0.377152057065507, "params": {"bus_acc": 1.031819923185125, "bus_dcc": 1.7466944259477393, "bus_lcAssertive": 79.43897430530403, "bus_lcCooperative": 0.7191652977533548, "bus_lcLookaheadLeft": 26.10603585846461, "bus_lcPushy": 0.5548923810758453, "bus_lcSigma": 0.5855857940990207, "bus_lcSpeedGainRight": 3.606921383236148, "bus_lcSublane": 0.46367371121270107, "bus_sigma": 0.40484847152272274, "bus_tau_mean": 1.5780331478731136, "bus_tau_std": 2.383089084068227, "bus_v_mean": 9.480053730409663, "bus_v_std": 12.917667748352846, "car_acc": 2.3391408970804726, "car_dcc": 3.062030421750541, "car_lcAssertive": 1.3114263259728722, "car_lcCooperative": 0.43825303252098613, "car_lcLookaheadLeft": 14.010229761313589, "car_lcPushy": 0.5266093357063074, "car_lcSigma": 0.9797396209018743, "car_lcSpeedGainRight": 2.4963850548166904, "car_lcSublane": 0.37464997927352073, "car_sigma": 0.8138399923945955, "car_tau_mean": 3.888705033856448, "car_tau_std": 2.8712337752879535, "car_v_mean": 20.848000635944015, "car_v_std": 19.922828747265395}, "datetime": {"datetime": "2024-08-08 00:12:33", "elapsed": 572.266123, "delta": 2.831319}}
{"target": -0.3889483505979723, "params": {"bus_acc": 2.1790998673920914, "bus_dcc": 2.167412826926906, "bus_lcAssertive": 51.091548013026035, "bus_lcCooperative": 0.5403494836606967, "bus_lcLookaheadLeft": 82.77846050733451, "bus_lcPushy": 0.7249779210258287, "bus_lcSigma": 0.6604882621268274, "bus_lcSpeedGainRight": 0.17941962927508825, "bus_lcSublane": 0.15538521132615768, "bus_sigma": 0.8865268357389526, "bus_tau_mean": 3.1801428867475425, "bus_tau_std": 1.8038441802052696, "bus_v_mean": 9.042496204076127, "bus_v_std": 3.254633976668899, "car_acc": 2.6748111835483908, "car_dcc": 3.919319506234163, "car_lcAssertive": 75.75538862460479, "car_lcCooperative": 0.7846045860907594, "car_lcLookaheadLeft": 4.87966898641673, "car_lcPushy": 0.8746381814224912, "car_lcSigma": 0.6811495656854774, "car_lcSpeedGainRight": 1.7452332205458525, "car_lcSublane": 0.49958073928614743, "car_sigma": 0.9500575997279533, "car_tau_mean": 0.689307016780975, "car_tau_std": 1.9169973355419734, "car_v_mean": 10.402413452591505, "car_v_std": 10.764938195436757}, "datetime": {"datetime": "2024-08-08 00:12:34", "elapsed": 573.771584, "delta": 1.505461}}
{"target": -0.32459573933081876, "params": {"bus_acc": 1.989293696213818, "bus_dcc": 1.9450812669057027, "bus_lcAssertive": 54.99846984483864, "bus_lcCooperative": 0.6824780792979444, "bus_lcLookaheadLeft": 23.595956313062093, "bus_lcPushy": 0.48533745396838057, "bus_lcSigma": 0.9929813576374784, "bus_lcSpeedGainRight": 1.6208065159061746, "bus_lcSublane": 0.03536191949131395, "bus_sigma": 0.8173517292840132, "bus_tau_mean": 2.2615737425988183, "bus_tau_std": 0.527838561185705, "bus_v_mean": 22.24488043558786, "bus_v_std": 8.090287599607155, "car_acc": 2.8585463642807936, "car_dcc": 2.2062345214016847, "car_lcAssertive": 8.606396192693403, "car_lcCooperative": 0.2453011441199927, "car_lcLookaheadLeft": 36.32552955930588, "car_lcPushy": 0.7507282923552251, "car_lcSigma": 0.18474815234928366, "car_lcSpeedGainRight": 2.1548682686293716, "car_lcSublane": 0.8732454198159687, "car_sigma": 0.5337610913727832, "car_tau_mean": 0.8610415191216982, "car_tau_std": 0.24522487054632225, "car_v_mean": 19.292956818576776, "car_v_std": 19.582549819164342}, "datetime": {"datetime": "2024-08-08 00:12:36", "elapsed": 575.835975, "delta": 2.064391}}
