{"target": -0.3315461147535882, "params": {"bus_acc": 2.9532325491360267, "bus_dcc": 1.580121770662269, "bus_lcAssertive": 95.68436292583144, "bus_lcCooperative": 0.23334554727315515, "bus_lcLookaheadLeft": 82.30098660100607, "bus_lcPushy": 0.14941868419132964, "bus_lcSigma": 0.5141047381371626, "bus_lcSpeedGainRight": 1.8200734156713472, "bus_lcSublane": 0.6706875269496453, "bus_sigma": 0.1791170903017083, "bus_tau_mean": 2.529119192983073, "bus_tau_std": 0.02423687653833717, "bus_v_mean": 14.810467763716874, "bus_v_std": 10.315864180031, "car_acc": 2.6755931996344184, "car_dcc": 3.272912991336686, "car_lcAssertive": 10.097272271436665, "car_lcCooperative": 0.6250336673744067, "car_lcLookaheadLeft": 66.68028284780968, "car_lcPushy": 0.7340287360330257, "car_lcSigma": 0.5548600346953475, "car_lcSpeedGainRight": 0.5367775495031246, "car_lcSublane": 0.6403477806472073, "car_sigma": 0.6705308529900654, "car_tau_mean": 1.375374470431951, "car_tau_std": 9.482752601153205, "car_v_mean": 15.24238584113476, "car_v_std": 17.334312777658216}, "datetime": {"datetime": "2024-08-08 00:09:49", "elapsed": 408.599903, "delta": 0.418072}}
{"target": -0.34739894259410453, "params": {"bus_acc": 1.9990209750878511, "bus_dcc": 2.9082933237471766, "bus_lcAssertive": 83.09629163096432, "bus_lcCooperative": 0.45001293488112626, "bus_lcLookaheadLeft": 77.40601348233506, "bus_lcPushy": 0.5953378136788511, "bus_lcSigma": 0.9722643330460055, "bus_lcSpeedGainRight": 0.5985789765871841, "bus_lcSublane": 0.8163176825978249, "bus_sigma": 0.8351562049127252, "bus_tau_mean": 3.270501239546079, "bus_tau_std": 4.548248726627996, "bus_v_mean": 16.435350497904807, "bus_v_std": 19.7076923484256, "car_acc": 2.889271626867488, "car_dcc": 3.289005260997399, "car_lcAssertive": 46.56587207182983, "car_lcCooperative": 0.5402355602833143, "car_lcLookaheadLeft": 80.84691246210832, "car_lcPushy": 0.2768695895548876, "car_lcSigma": 0.2565331178037924, "car_lcSpeedGainRight": 1.069306726979375, "car_lcSublane": 0.5512061607760821, "car_sigma": 0.951395602838791, "car_tau_mean": 1.3320784307138291, "car_tau_std": 8.015993547597386, "car_v_mean": 8.486560292512433, "car_v_std": 10.124400227753519}, "datetime": {"datetime": "2024-08-08 00:09:51", "elapsed": 410.736496, "delta": 2.136593}}
{"target": -0.3642806023575065, "params": {"bus_acc": 1.3699659311016597, "bus_dcc": 3.5327800152252955, "bus_lcAssertive": 98.27638914120345, "bus_lcCooperative": 0.9137396248416316, "bus_lcLookaheadLeft": 36.04220319653566, "bus_lcPushy": 0.7802245796913637, "bus_lcSigma": 0.5464545907014307, "bus_lcSpeedGainRight": 4.082211987779688, "bus_lcSublane": 0.48372695118890585, "bus_sigma": 0.5899512982994037, "bus_tau_mean": 3.255422066334915, "bus_tau_std": 1.0023464310313235, "bus_v_mean": 16.592113869448653, "bus_v_std": 7.319666933393085, "car_acc": 2.2086136873377447, "car_dcc": 3.8764075469110013, "car_lcAssertive": 39.889471554699284, "car_lcCooperative": 0.39297299794161644, "car_lcLookaheadLeft": 79.48242537178068, "car_lcPushy": 0.6450783990854264, "car_lcSigma": 0.3938840078553765, "car_lcSpeedGainRight": 3.444775241151257, "car_lcSublane": 0.404001609054379, "car_sigma": 0.1361131542481221, "car_tau_mean": 2.0772514403524704, "car_tau_std": 3.344193926972726, "car_v_mean": 11.487502880978687, "car_v_std": 18.515496032728798}, "datetime": {"datetime": "2024-08-08 00:09:53", "elapsed": 412.923074, "delta": 2.186578}}
{"target": -0.3256178999870289, "params": {"bus_acc": 2.757321952631622, "bus_dcc": 1.7638022669817308, "bus_lcAssertive": 76.85264815507935, "bus_lcCooperative": 0.9410132668189013, "bus_lcLookaheadLeft": 2.1012274004579936, "bus_lcPushy": 0.47608911800210485, "bus_lcSigma": 0.6570403290247293, "bus_lcSpeedGainRight": 4.216616069597612, "bus_lcSublane": 0.18373941187600173, "bus_sigma": 0.8561592379873718, "bus_tau_mean": 1.7752791794995977, "bus_tau_std": 8.922739292761724, "bus_v_mean": 8.44338784195784, "bus_v_std": 1.7078027824634123, "car_acc": 2.962820931508225, "car_dcc": 2.8285057773204896, "car_lcAssertive": 42.345602334604145, "car_lcCooperative": 0.16921418469369054, "car_lcLookaheadLeft": 65.69031300278962, "car_lcPushy": 0.03697506835935782, "car_lcSigma": 0.31161391346070466, "car_lcSpeedGainRight": 1.6173959849453767, "car_lcSublane": 0.6074418935145536, "car_sigma": 0.6508312566756971, "car_tau_mean": 3.4611910973276427, "car_tau_std": 9.275809425975435, "car_v_mean": 18.567323641777595, "car_v_std": 11.563478368170763}, "datetime": {"datetime": "2024-08-08 00:09:54", "elapsed": 413.620513, "delta": 0.697439}}
{"target": -0.31490998610594045, "params": {"bus_acc": 2.679681420395335, "bus_dcc": 3.6103070959227033, "bus_lcAssertive": 81.85864247329991, "bus_lcCooperative": 0.8778014186346996, "bus_lcLookaheadLeft": 57.95885866983316, "bus_lcPushy": 0.9640361333390818, "bus_lcSigma": 0.6065443482504677, "bus_lcSpeedGainRight": 3.019738705398407, "bus_lcSublane": 0.31929773707461884, "bus_sigma": 0.681204184117019, "bus_tau_mean": 0.6818799097687634, "bus_tau_std": 1.3454642101194225, "bus_v_mean": 10.083874681164241, "bus_v_std": 13.104025744494713, "car_acc": 1.3506651835426766, "car_dcc": 2.0234404697546418, "car_lcAssertive": 5.386853927477355, "car_lcCooperative": 0.2337343601165106, "car_lcLookaheadLeft": 96.49398383523082, "car_lcPushy": 0.5091394025163677, "car_lcSigma": 0.15107451847143194, "car_lcSpeedGainRight": 2.6150426586723214, "car_lcSublane": 0.9435093839110807, "car_sigma": 0.865686014006334, "car_tau_mean": 1.872230541256354, "car_tau_std": 2.8386751597340263, "car_v_mean": 20.18767780308387, "car_v_std": 4.809686496061756}, "datetime": {"datetime": "2024-08-08 00:09:54", "elapsed": 414.097426, "delta": 0.476913}}
{"target": -0.3372160525312889, "params": {"bus_acc": 1.2028415537625534, "bus_dcc": 3.1367344131917667, "bus_lcAssertive": 9.725381228617952, "bus_lcCooperative": 0.8660774293737196, "bus_lcLookaheadLeft": 86.61794715259819, "bus_lcPushy": 0.7084507915153727, "bus_lcSigma": 0.4864245738076861, "bus_lcSpeedGainRight": 3.4957328270645824, "bus_lcSublane": 0.3949870601017651, "bus_sigma": 0.7974959842933487, "bus_tau_mean": 3.252459787979467, "bus_tau_std": 1.5552858387362167, "bus_v_mean": 13.085080805609564, "bus_v_std": 6.879663535719807, "car_acc": 1.7283405973070516, "car_dcc": 2.699936670063696, "car_lcAssertive": 5.12705680950849, "car_lcCooperative": 0.6599697189638991, "car_lcLookaheadLeft": 21.759912387550166, "car_lcPushy": 0.4164625561731081, "car_lcSigma": 0.4508926565007, "car_lcSpeedGainRight": 1.7436338477382296, "car_lcSublane": 0.38328031012801256, "car_sigma": 0.18030606084775935, "car_tau_mean": 0.7384552008792604, "car_tau_std": 5.512566489358516, "car_v_mean": 17.53387112986642, "car_v_std": 2.909995784434176}, "datetime": {"datetime": "2024-08-08 00:09:55", "elapsed": 414.434885, "delta": 0.337459}}
{"target": -0.3680027341402214, "params": {"bus_acc": 1.5448017002587644, "bus_dcc": 2.7963667537276313, "bus_lcAssertive": 87.43526623016912, "bus_lcCooperative": 0.1282309388454863, "bus_lcLookaheadLeft": 95.90249668805981, "bus_lcPushy": 0.6831708438541465, "bus_lcSigma": 0.7419642356783802, "bus_lcSpeedGainRight": 4.914403929604953, "bus_lcSublane": 0.41610077261814205, "bus_sigma": 0.5315834658959018, "bus_tau_mean": 2.8772453256850152, "bus_tau_std": 5.128751425899914, "bus_v_mean": 12.78579751457337, "bus_v_std": 2.1076934546007853, "car_acc": 1.5698642914442895, "car_dcc": 3.3065585448632735, "car_lcAssertive": 64.43748774073276, "car_lcCooperative": 0.8013307032031926, "car_lcLookaheadLeft": 52.67781213310181, "car_lcPushy": 0.23210002184633505, "car_lcSigma": 0.6279619269819027, "car_lcSpeedGainRight": 1.5200274501115159, "car_lcSublane": 0.029528744942020957, "car_sigma": 0.9033311768168756, "car_tau_mean": 1.9712934908097477, "car_tau_std": 4.261307804247122, "car_v_mean": 19.860027765309745, "car_v_std": 18.96916808611587}, "datetime": {"datetime": "2024-08-08 00:09:57", "elapsed": 416.368877, "delta": 1.933992}}
{"target": -0.3512553739754779, "params": {"bus_acc": 1.409470172984514, "bus_dcc": 2.8965771258754773, "bus_lcAssertive": 64.04676155930846, "bus_lcCooperative": 0.6924175033786027, "bus_lcLookaheadLeft": 90.9323738680104, "bus_lcPushy": 0.7825809780445985, "bus_lcSigma": 0.6252909358558468, "bus_lcSpeedGainRight": 3.004827976990449, "bus_lcSublane": 0.21275903606814206, "bus_sigma": 0.651365361997868, "bus_tau_mean": 3.350750597718116, "bus_tau_std": 9.223224808528965, "bus_v_mean": 22.666401793294924, "bus_v_std": 11.221976117452732, "car_acc": 1.5196679514809754, "car_dcc": 2.00139237047115, "car_lcAssertive": 99.77847419131322, "car_lcCooperative": 0.5255977882178193, "car_lcLookaheadLeft": 81.95885393810659, "car_lcPushy": 0.5970161877845721, "car_lcSigma": 0.5069303873283266, "car_lcSpeedGainRight": 1.7426980765284887, "car_lcSublane": 0.5377705282313024, "car_sigma": 0.00673470699420331, "car_tau_mean": 3.568400323088009, "car_tau_std": 5.6148648153267935, "car_v_mean": 8.388502805194857, "car_v_std": 16.36349490662331}, "datetime": {"datetime": "2024-08-08 00:09:58", "elapsed": 418.135105, "delta": 1.766228}}
{"target": -0.3488215694894397, "params": {"bus_acc": 1.5946627630145445, "bus_dcc": 1.0828180358635109, "bus_lcAssertive": 59.749812496997485, "bus_lcCooperative": 0.8438404289311888, "bus_lcLookaheadLeft": 39.33958015809699, "bus_lcPushy": 0.7498583107261434, "bus_lcSigma": 0.5111414782971282, "bus_lcSpeedGainRight": 2.704759024810943, "bus_lcSublane": 0.9594343210617524, "bus_sigma": 0.8039608914986468, "bus_tau_mean": 0.6131307331825089, "bus_tau_std": 7.0938725123129505, "bus_v_mean": 15.440023705016097, "bus_v_std": 18.950978827901995, "car_acc": 1.4428654686469766, "car_dcc": 1.8012160590530972, "car_lcAssertive": 9.065922522848938, "car_lcCooperative": 0.42861882866378653, "car_lcLookaheadLeft": 12.683838873868693, "car_lcPushy": 0.6337867606119179, "car_lcSigma": 0.8029632373737379, "car_lcSpeedGainRight": 3.4840024806008922, "car_lcSublane": 0.7662113810757705, "car_sigma": 0.3424541198435198, "car_tau_mean": 3.4604801905968716, "car_tau_std": 4.287687749994426, "car_v_mean": 21.184157926597102, "car_v_std": 12.529923172485875}, "datetime": {"datetime": "2024-08-08 00:09:59", "elapsed": 418.771377, "delta": 0.636272}}
{"target": -0.3389975197626107, "params": {"bus_acc": 2.86907101035807, "bus_dcc": 2.690527502425512, "bus_lcAssertive": 54.980097896596, "bus_lcCooperative": 0.06347554987814286, "bus_lcLookaheadLeft": 54.45941760362607, "bus_lcPushy": 0.654541303819938, "bus_lcSigma": 0.14659184563314454, "bus_lcSpeedGainRight": 4.781823638234233, "bus_lcSublane": 0.19615079194334273, "bus_sigma": 0.673925993557942, "bus_tau_mean": 1.4601940369286983, "bus_tau_std": 1.0843083383187457, "bus_v_mean": 12.174412859118119, "bus_v_std": 6.683036670361496, "car_acc": 1.9294637544620454, "car_dcc": 1.703069330204462, "car_lcAssertive": 73.02288477920217, "car_lcCooperative": 0.807191102024009, "car_lcLookaheadLeft": 79.51560841260104, "car_lcPushy": 0.7157485483912336, "car_lcSigma": 0.26964324616102264, "car_lcSpeedGainRight": 1.0522889552033787, "car_lcSublane": 0.10912832824141494, "car_sigma": 0.3966811014027529, "car_tau_mean": 0.8054332406161149, "car_tau_std": 6.553896564824752, "car_v_mean": 23.197262629798693, "car_v_std": 15.11266561158304}, "datetime": {"datetime": "2024-08-08 00:10:00", "elapsed": 419.14702, "delta": 0.375643}}
{"target": -0.35546943912456175, "params": {"bus_acc": 2.485842500779394, "bus_dcc": 2.0227607473970264, "bus_lcAssertive": 5.713481941948948, "bus_lcCooperative": 0.15635692867625162, "bus_lcLookaheadLeft": 20.998756246635587, "bus_lcPushy": 0.4951123625611782, "bus_lcSigma": 0.6351249610913382, "bus_lcSpeedGainRight": 4.401099886092915, "bus_lcSublane": 0.9025365564222451, "bus_sigma": 0.307160768485095, "bus_tau_mean": 3.1368302559395502, "bus_tau_std": 2.824280305589726, "bus_v_mean": 13.897229916244415, "bus_v_std": 5.854531241862604, "car_acc": 1.8273814723982027, "car_dcc": 1.6441470870051416, "car_lcAssertive": 32.57961464054871, "car_lcCooperative": 0.12191981389008766, "car_lcLookaheadLeft": 96.37578748036239, "car_lcPushy": 0.5039830093987828, "car_lcSigma": 0.9231006825886638, "car_lcSpeedGainRight": 3.7308007038671054, "car_lcSublane": 0.4577052876804192, "car_sigma": 0.7546222253081317, "car_tau_mean": 2.6980807751242404, "car_tau_std": 3.0375843415186865, "car_v_mean": 16.34654901461235, "car_v_std": 14.246243912948584}, "datetime": {"datetime": "2024-08-08 00:10:01", "elapsed": 421.107873, "delta": 1.960853}}
{"target": -0.3358766452782223, "params": {"bus_acc": 2.0035862361263392, "bus_dcc": 2.3571287433335546, "bus_lcAssertive": 73.49480274087058, "bus_lcCooperative": 0.9245101499841026, "bus_lcLookaheadLeft": 48.968598697791776, "bus_lcPushy": 0.08823015100009579, "bus_lcSigma": 0.5696535566840739, "bus_lcSpeedGainRight": 1.2247542755741718, "bus_lcSublane": 0.039577911475369154, "bus_sigma": 0.7881402066436831, "bus_tau_mean": 1.4546888283267583, "bus_tau_std": 7.770704929423839, "bus_v_mean": 15.811343089411277, "bus_v_std": 6.358717821502307, "car_acc": 1.6280509001017935, "car_dcc": 1.1260742802583432, "car_lcAssertive": 53.905583853550525, "car_lcCooperative": 0.8235515559967603, "car_lcLookaheadLeft": 10.22174454493904, "car_lcPushy": 0.10855870560871761, "car_lcSigma": 0.5292559268677169, "car_lcSpeedGainRight": 3.300709048117984, "car_lcSublane": 0.6947459923366617, "car_sigma": 0.313221695146886, "car_tau_mean": 0.6322222153215127, "car_tau_std": 4.145628796923949, "car_v_mean": 11.616706734004707, "car_v_std": 0.022296605048133245}, "datetime": {"datetime": "2024-08-08 00:10:02", "elapsed": 421.433162, "delta": 0.325289}}
{"target": -0.37348378818024136, "params": {"bus_acc": 2.548820266672079, "bus_dcc": 2.6583027896496776, "bus_lcAssertive": 89.0239778216408, "bus_lcCooperative": 0.354952851149572, "bus_lcLookaheadLeft": 26.06083065827773, "bus_lcPushy": 0.9110192396569683, "bus_lcSigma": 0.04353426375776537, "bus_lcSpeedGainRight": 4.753767140305011, "bus_lcSublane": 0.5564069156709253, "bus_sigma": 0.3763632166870875, "bus_tau_mean": 3.982683128186889, "bus_tau_std": 0.5836264614763165, "bus_v_mean": 16.267301756281796, "bus_v_std": 0.621941509110957, "car_acc": 2.1423514783724666, "car_dcc": 1.5414055269853466, "car_lcAssertive": 63.46496083361352, "car_lcCooperative": 0.9809236757505815, "car_lcLookaheadLeft": 87.74045001881333, "car_lcPushy": 0.45183624942087064, "car_lcSigma": 0.7084608700517172, "car_lcSpeedGainRight": 3.8873437500159462, "car_lcSublane": 0.4948430841825636, "car_sigma": 0.5285334901775651, "car_tau_mean": 1.027745394302674, "car_tau_std": 3.6939992561190627, "car_v_mean": 10.275540049164587, "car_v_std": 14.537875066891253}, "datetime": {"datetime": "2024-08-08 00:10:04", "elapsed": 423.864942, "delta": 2.43178}}
{"target": -0.34148258454983516, "params": {"bus_acc": 1.8398965088038581, "bus_dcc": 2.8083602867268884, "bus_lcAssertive": 72.21453795488647, "bus_lcCooperative": 0.8573003334512307, "bus_lcLookaheadLeft": 68.74892410492416, "bus_lcPushy": 0.23698206447169834, "bus_lcSigma": 0.92572053533626, "bus_lcSpeedGainRight": 3.9059770033788306, "bus_lcSublane": 0.3073814804278443, "bus_sigma": 0.3049656416420632, "bus_tau_mean": 3.5840891145011664, "bus_tau_std": 1.260784803971985, "bus_v_mean": 18.135373347771612, "bus_v_std": 5.554254649468485, "car_acc": 2.654400650278612, "car_dcc": 2.0935703426676646, "car_lcAssertive": 73.60324335241457, "car_lcCooperative": 0.1924178904137388, "car_lcLookaheadLeft": 49.18169795899246, "car_lcPushy": 0.8035946264310272, "car_lcSigma": 0.39698821167237397, "car_lcSpeedGainRight": 0.8078701992804493, "car_lcSublane": 0.6489822226486474, "car_sigma": 0.7533258058943924, "car_tau_mean": 1.480674223805828, "car_tau_std": 4.5136186123240165, "car_v_mean": 22.407182598177044, "car_v_std": 17.43971262381837}, "datetime": {"datetime": "2024-08-08 00:10:05", "elapsed": 424.382237, "delta": 0.517295}}
{"target": -0.3730426743672961, "params": {"bus_acc": 1.8429820208561962, "bus_dcc": 2.665313290025315, "bus_lcAssertive": 97.10345894261806, "bus_lcCooperative": 0.09175383344119148, "bus_lcLookaheadLeft": 28.843973136496388, "bus_lcPushy": 0.10510706908204948, "bus_lcSigma": 0.3904396367376164, "bus_lcSpeedGainRight": 1.4450554159388485, "bus_lcSublane": 0.5133003494679066, "bus_sigma": 0.348256681750747, "bus_tau_mean": 3.7487980638753537, "bus_tau_std": 7.899477963830403, "bus_v_mean": 21.77618189782361, "bus_v_std": 2.590018918857917, "car_acc": 2.150140333977428, "car_dcc": 1.6443476076545762, "car_lcAssertive": 86.955618572648, "car_lcCooperative": 0.015019421753424078, "car_lcLookaheadLeft": 12.362933082745112, "car_lcPushy": 0.3760570755473156, "car_lcSigma": 0.4020939060931935, "car_lcSpeedGainRight": 1.386100414893413, "car_lcSublane": 0.09606299875993918, "car_sigma": 0.11873040511259358, "car_tau_mean": 1.6128066384656687, "car_tau_std": 9.507928340777205, "car_v_mean": 11.318505037109183, "car_v_std": 14.94560642118445}, "datetime": {"datetime": "2024-08-08 00:10:05", "elapsed": 424.691391, "delta": 0.309154}}
{"target": -0.3804565277223303, "params": {"bus_acc": 1.6336053079254749, "bus_dcc": 2.838854562176656, "bus_lcAssertive": 65.57680721273064, "bus_lcCooperative": 0.1202250039109185, "bus_lcLookaheadLeft": 92.0301784576691, "bus_lcPushy": 0.3681357735171472, "bus_lcSigma": 0.6883767236348786, "bus_lcSpeedGainRight": 4.641691896818823, "bus_lcSublane": 0.6748721631716321, "bus_sigma": 0.9384774127274217, "bus_tau_mean": 2.9468767995802394, "bus_tau_std": 1.708578946238436, "bus_v_mean": 19.662488145200037, "bus_v_std": 8.114402945809939, "car_acc": 1.6371465867595978, "car_dcc": 3.3419388133030385, "car_lcAssertive": 79.25842440097202, "car_lcCooperative": 0.9490117656563958, "car_lcLookaheadLeft": 21.912158930497828, "car_lcPushy": 0.5326643311279697, "car_lcSigma": 0.772122458631183, "car_lcSpeedGainRight": 2.581744343799141, "car_lcSublane": 0.2287864539478861, "car_sigma": 0.9952902913150423, "car_tau_mean": 3.6126194524732287, "car_tau_std": 5.771433371365626, "car_v_mean": 16.608764909495534, "car_v_std": 16.799522361565696}, "datetime": {"datetime": "2024-08-08 00:10:05", "elapsed": 425.095839, "delta": 0.404448}}
{"target": -0.3795595395782573, "params": {"bus_acc": 2.437508081102834, "bus_dcc": 3.2003600696773264, "bus_lcAssertive": 78.54619125867339, "bus_lcCooperative": 0.26331448779883615, "bus_lcLookaheadLeft": 99.83910509989647, "bus_lcPushy": 0.49370043677044173, "bus_lcSigma": 0.08392651435770837, "bus_lcSpeedGainRight": 0.5600784162228045, "bus_lcSublane": 0.5614997241464469, "bus_sigma": 0.5101089424261638, "bus_tau_mean": 3.7719242729292484, "bus_tau_std": 9.008260608353996, "bus_v_mean": 15.446458365659854, "bus_v_std": 4.129542664562309, "car_acc": 2.1288352118326594, "car_dcc": 1.9262001453322675, "car_lcAssertive": 65.40797776163853, "car_lcCooperative": 0.5151040068807616, "car_lcLookaheadLeft": 84.631648961195, "car_lcPushy": 0.1317404149332022, "car_lcSigma": 0.251006777252771, "car_lcSpeedGainRight": 2.987657171227511, "car_lcSublane": 0.6252147812669753, "car_sigma": 0.41259408537902176, "car_tau_mean": 3.6520726102905754, "car_tau_std": 8.102750250424481, "car_v_mean": 16.653598125046187, "car_v_std": 8.10058720775736}, "datetime": {"datetime": "2024-08-08 00:10:06", "elapsed": 425.549799, "delta": 0.45396}}
{"target": -0.36109915506301515, "params": {"bus_acc": 2.0701887233771172, "bus_dcc": 3.0296231197354455, "bus_lcAssertive": 78.73824709873374, "bus_lcCooperative": 0.261093302026839, "bus_lcLookaheadLeft": 29.01503293828344, "bus_lcPushy": 0.6052237867144624, "bus_lcSigma": 0.6741811157852274, "bus_lcSpeedGainRight": 0.018067367338567286, "bus_lcSublane": 0.8557009789832759, "bus_sigma": 0.14491204647384837, "bus_tau_mean": 2.293232606927421, "bus_tau_std": 5.621803887080782, "bus_v_mean": 8.115058390273408, "bus_v_std": 8.57701075847441, "car_acc": 2.0674855329389166, "car_dcc": 3.072120101131543, "car_lcAssertive": 90.41421456222399, "car_lcCooperative": 0.06856112649931412, "car_lcLookaheadLeft": 29.743674030849746, "car_lcPushy": 0.527932312951505, "car_lcSigma": 0.29023496468688126, "car_lcSpeedGainRight": 2.1006564327846453, "car_lcSublane": 0.982052953257923, "car_sigma": 0.05693336079497602, "car_tau_mean": 3.7511962427167966, "car_tau_std": 6.67978213958503, "car_v_mean": 15.977288740267722, "car_v_std": 9.293941735363989}, "datetime": {"datetime": "2024-08-08 00:10:06", "elapsed": 425.961963, "delta": 0.412164}}
{"target": -0.35842790436527, "params": {"bus_acc": 1.519583386608829, "bus_dcc": 2.743706026873515, "bus_lcAssertive": 95.5709631002805, "bus_lcCooperative": 0.0807539078120788, "bus_lcLookaheadLeft": 10.186352292050627, "bus_lcPushy": 0.6191348314199072, "bus_lcSigma": 0.22449347883595772, "bus_lcSpeedGainRight": 3.8259197836675405, "bus_lcSublane": 0.5681525429491051, "bus_sigma": 0.6661880902234952, "bus_tau_mean": 0.8773486527810734, "bus_tau_std": 0.8428305143655679, "bus_v_mean": 18.001937092887836, "bus_v_std": 8.19462522268041, "car_acc": 1.1745050477439636, "car_dcc": 2.1131918350485672, "car_lcAssertive": 67.54229655602802, "car_lcCooperative": 0.1895874001915857, "car_lcLookaheadLeft": 89.78145263581301, "car_lcPushy": 0.9498463888800873, "car_lcSigma": 0.9615725424345338, "car_lcSpeedGainRight": 3.650412788701301, "car_lcSublane": 0.4062884276883151, "car_sigma": 0.7437491963512196, "car_tau_mean": 1.5079540774616302, "car_tau_std": 3.144172223907462, "car_v_mean": 17.694341779485725, "car_v_std": 11.896942668158353}, "datetime": {"datetime": "2024-08-08 00:10:08", "elapsed": 428.059142, "delta": 2.097179}}
