{"target": -0.3847436798066657, "params": {"bus_acc": 1.5952, "bus_dcc": 3.9916, "bus_lcAssertive": 30.6239, "bus_lcCooperative": 0.3758, "bus_lcLookaheadLeft": 85.783, "bus_lcPushy": 0.0069, "bus_lcSigma": 0.9143, "bus_lcSpeedGainRight": 4.4261, "bus_lcSublane": 0.0461, "bus_sigma": 0.6951, "bus_tau_mean": 1.1725, "bus_tau_std": 7.2545, "bus_v_mean": 19.7669, "bus_v_std": 0.2653, "car_acc": 2.3267, "car_dcc": 3.8002, "car_lcAssertive": 59.0483, "car_lcCooperative": 0.8681, "car_lcLookaheadLeft": 66.3375, "car_lcPushy": 0.5093, "car_lcSigma": 0.9306, "car_lcSpeedGainRight": 3.1607, "car_lcSublane": 0.3049, "car_sigma": 0.1796, "car_tau_mean": 1.9549, "car_tau_std": 5.1177, "car_v_mean": 22.58, "car_v_std": 12.4263}, "datetime": {"datetime": "2024-08-08 13:31:56", "elapsed": 2704.263098, "delta": 3.565086}}
{"target": -0.3386962950086578, "params": {"bus_acc": 1.2094, "bus_dcc": 3.6587, "bus_lcAssertive": 92.6691, "bus_lcCooperative": 0.7472, "bus_lcLookaheadLeft": 90.3898, "bus_lcPushy": 0.6445, "bus_lcSigma": 0.6785, "bus_lcSpeedGainRight": 2.2713, "bus_lcSublane": 0.8809, "bus_sigma": 0.2157, "bus_tau_mean": 1.4113, "bus_tau_std": 9.3829, "bus_v_mean": 12.3271, "bus_v_std": 6.1841, "car_acc": 3.609, "car_dcc": 3.5743, "car_lcAssertive": 8.1193, "car_lcCooperative": 0.1603, "car_lcLookaheadLeft": 21.9272, "car_lcPushy": 0.1457, "car_lcSigma": 0.9591, "car_lcSpeedGainRight": 2.9843, "car_lcSublane": 0.8489, "car_sigma": 0.3479, "car_tau_mean": 2.7014, "car_tau_std": 5.6359, "car_v_mean": 22.5347, "car_v_std": 7.6951}, "datetime": {"datetime": "2024-08-08 13:31:59", "elapsed": 2707.181806, "delta": 2.918708}}
{"target": -0.3251314367618067, "params": {"bus_acc": 2.5333, "bus_dcc": 2.0617, "bus_lcAssertive": 7.6317, "bus_lcCooperative": 0.8623, "bus_lcLookaheadLeft": 18.3692, "bus_lcPushy": 0.1755, "bus_lcSigma": 0.4486, "bus_lcSpeedGainRight": 2.3438, "bus_lcSublane": 0.21, "bus_sigma": 0.6676, "bus_tau_mean": 0.5141, "bus_tau_std": 4.5222, "bus_v_mean": 17.2858, "bus_v_std": 8.9712, "car_acc": 2.1627, "car_dcc": 1.5764, "car_lcAssertive": 10.8645, "car_lcCooperative": 0.1922, "car_lcLookaheadLeft": 52.3673, "car_lcPushy": 0.2127, "car_lcSigma": 0.9784, "car_lcSpeedGainRight": 1.8111, "car_lcSublane": 0.6067, "car_sigma": 0.5917, "car_tau_mean": 3.2758, "car_tau_std": 1.0232, "car_v_mean": 12.2865, "car_v_std": 0.2665}, "datetime": {"datetime": "2024-08-08 13:32:02", "elapsed": 2709.634023, "delta": 2.452217}}
{"target": -0.32636904125809707, "params": {"bus_acc": 3.5316, "bus_dcc": 1.9684, "bus_lcAssertive": 65.2079, "bus_lcCooperative": 0.8147, "bus_lcLookaheadLeft": 24.5936, "bus_lcPushy": 0.4618, "bus_lcSigma": 0.5299, "bus_lcSpeedGainRight": 4.6952, "bus_lcSublane": 0.3499, "bus_sigma": 0.5383, "bus_tau_mean": 1.4309, "bus_tau_std": 2.2926, "bus_v_mean": 8.3117, "bus_v_std": 10.1718, "car_acc": 3.8136, "car_dcc": 1.8258, "car_lcAssertive": 42.9995, "car_lcCooperative": 0.8318, "car_lcLookaheadLeft": 43.0516, "car_lcPushy": 0.4595, "car_lcSigma": 0.6144, "car_lcSpeedGainRight": 2.5559, "car_lcSublane": 0.7376, "car_sigma": 0.4438, "car_tau_mean": 3.1303, "car_tau_std": 7.6952, "car_v_mean": 13.663, "car_v_std": 14.2652}, "datetime": {"datetime": "2024-08-08 13:32:05", "elapsed": 2713.151204, "delta": 3.517181}}
{"target": -0.35090049428888204, "params": {"bus_acc": 1.3871, "bus_dcc": 1.0735, "bus_lcAssertive": 11.1299, "bus_lcCooperative": 0.65, "bus_lcLookaheadLeft": 82.3518, "bus_lcPushy": 0.6622, "bus_lcSigma": 0.0567, "bus_lcSpeedGainRight": 4.7015, "bus_lcSublane": 0.7103, "bus_sigma": 0.9073, "bus_tau_mean": 3.1438, "bus_tau_std": 4.9723, "bus_v_mean": 10.806, "bus_v_std": 13.7066, "car_acc": 4.2827, "car_dcc": 1.501, "car_lcAssertive": 76.5019, "car_lcCooperative": 0.1933, "car_lcLookaheadLeft": 5.8375, "car_lcPushy": 0.4411, "car_lcSigma": 0.672, "car_lcSpeedGainRight": 1.6872, "car_lcSublane": 0.7549, "car_sigma": 0.327, "car_tau_mean": 3.0192, "car_tau_std": 6.415, "car_v_mean": 12.6158, "car_v_std": 14.3994}, "datetime": {"datetime": "2024-08-08 13:32:07", "elapsed": 2714.581901, "delta": 1.430697}}
{"target": -0.33958329602262005, "params": {"bus_acc": 3.5784, "bus_dcc": 1.5359, "bus_lcAssertive": 91.4461, "bus_lcCooperative": 0.4016, "bus_lcLookaheadLeft": 9.19, "bus_lcPushy": 0.8582, "bus_lcSigma": 0.0864, "bus_lcSpeedGainRight": 2.7049, "bus_lcSublane": 0.3297, "bus_sigma": 0.5886, "bus_tau_mean": 3.4159, "bus_tau_std": 7.2647, "bus_v_mean": 14.3179, "bus_v_std": 8.405, "car_acc": 4.7266, "car_dcc": 3.161, "car_lcAssertive": 59.4851, "car_lcCooperative": 0.9557, "car_lcLookaheadLeft": 12.1539, "car_lcPushy": 0.3103, "car_lcSigma": 0.2783, "car_lcSpeedGainRight": 0.5298, "car_lcSublane": 0.9096, "car_sigma": 0.1735, "car_tau_mean": 1.5184, "car_tau_std": 2.9167, "car_v_mean": 17.4891, "car_v_std": 3.6418}, "datetime": {"datetime": "2024-08-08 13:32:09", "elapsed": 2716.787956, "delta": 2.206055}}
{"target": -0.35730945781032686, "params": {"bus_acc": 3.9517, "bus_dcc": 2.6146, "bus_lcAssertive": 92.6648, "bus_lcCooperative": 0.9395, "bus_lcLookaheadLeft": 86.891, "bus_lcPushy": 0.2447, "bus_lcSigma": 0.6145, "bus_lcSpeedGainRight": 2.7369, "bus_lcSublane": 0.0986, "bus_sigma": 0.7862, "bus_tau_mean": 1.4799, "bus_tau_std": 4.8281, "bus_v_mean": 19.2037, "bus_v_std": 16.5628, "car_acc": 4.9452, "car_dcc": 1.9543, "car_lcAssertive": 37.5185, "car_lcCooperative": 0.1048, "car_lcLookaheadLeft": 41.876, "car_lcPushy": 0.445, "car_lcSigma": 0.9702, "car_lcSpeedGainRight": 1.4155, "car_lcSublane": 0.0705, "car_sigma": 0.0345, "car_tau_mean": 0.8299, "car_tau_std": 7.277, "car_v_mean": 20.6985, "car_v_std": 8.2294}, "datetime": {"datetime": "2024-08-08 13:32:13", "elapsed": 2720.979691, "delta": 4.191735}}
{"target": -0.3912231729704116, "params": {"bus_acc": 1.1124, "bus_dcc": 3.6585, "bus_lcAssertive": 42.2453, "bus_lcCooperative": 0.9285, "bus_lcLookaheadLeft": 16.387, "bus_lcPushy": 0.368, "bus_lcSigma": 0.243, "bus_lcSpeedGainRight": 0.8151, "bus_lcSublane": 0.7931, "bus_sigma": 0.0985, "bus_tau_mean": 3.0967, "bus_tau_std": 8.7227, "bus_v_mean": 20.2325, "bus_v_std": 18.1783, "car_acc": 2.6325, "car_dcc": 2.2086, "car_lcAssertive": 59.751, "car_lcCooperative": 0.6249, "car_lcLookaheadLeft": 74.0918, "car_lcPushy": 0.4732, "car_lcSigma": 0.5446, "car_lcSpeedGainRight": 0.6806, "car_lcSublane": 0.0921, "car_sigma": 0.1207, "car_tau_mean": 1.564, "car_tau_std": 5.8894, "car_v_mean": 19.0893, "car_v_std": 19.1654}, "datetime": {"datetime": "2024-08-08 13:32:14", "elapsed": 2722.429016, "delta": 1.449325}}
{"target": -0.3627325178095725, "params": {"bus_acc": 4.6836, "bus_dcc": 3.4999, "bus_lcAssertive": 22.6348, "bus_lcCooperative": 0.878, "bus_lcLookaheadLeft": 88.6734, "bus_lcPushy": 0.1226, "bus_lcSigma": 0.7514, "bus_lcSpeedGainRight": 2.0783, "bus_lcSublane": 0.0138, "bus_sigma": 0.1742, "bus_tau_mean": 1.051, "bus_tau_std": 2.7198, "bus_v_mean": 13.3567, "bus_v_std": 5.0018, "car_acc": 1.3012, "car_dcc": 2.1707, "car_lcAssertive": 80.187, "car_lcCooperative": 0.7892, "car_lcLookaheadLeft": 50.4445, "car_lcPushy": 0.7361, "car_lcSigma": 0.2146, "car_lcSpeedGainRight": 4.6243, "car_lcSublane": 0.9215, "car_sigma": 0.7989, "car_tau_mean": 2.4576, "car_tau_std": 5.8438, "car_v_mean": 14.5526, "car_v_std": 1.3337}, "datetime": {"datetime": "2024-08-08 13:32:17", "elapsed": 2725.01658, "delta": 2.587564}}
{"target": -0.3463269057220613, "params": {"bus_acc": 1.9295, "bus_dcc": 2.3429, "bus_lcAssertive": 54.9419, "bus_lcCooperative": 0.2402, "bus_lcLookaheadLeft": 64.1816, "bus_lcPushy": 0.6529, "bus_lcSigma": 0.4658, "bus_lcSpeedGainRight": 3.3267, "bus_lcSublane": 0.1952, "bus_sigma": 0.8071, "bus_tau_mean": 1.3718, "bus_tau_std": 9.9781, "bus_v_mean": 9.4265, "bus_v_std": 19.2155, "car_acc": 2.4117, "car_dcc": 3.84, "car_lcAssertive": 88.6454, "car_lcCooperative": 0.4371, "car_lcLookaheadLeft": 72.8163, "car_lcPushy": 0.0338, "car_lcSigma": 0.5712, "car_lcSpeedGainRight": 2.4423, "car_lcSublane": 0.1955, "car_sigma": 0.7551, "car_tau_mean": 3.5382, "car_tau_std": 1.199, "car_v_mean": 8.8956, "car_v_std": 15.7411}, "datetime": {"datetime": "2024-08-08 13:32:22", "elapsed": 2730.146187, "delta": 5.129607}}
{"target": -0.3771396198324899, "params": {"bus_acc": 2.0555, "bus_dcc": 3.4267, "bus_lcAssertive": 82.5895, "bus_lcCooperative": 0.6882, "bus_lcLookaheadLeft": 18.2554, "bus_lcPushy": 0.1659, "bus_lcSigma": 0.0953, "bus_lcSpeedGainRight": 4.5012, "bus_lcSublane": 0.3701, "bus_sigma": 0.3707, "bus_tau_mean": 1.7215, "bus_tau_std": 4.7979, "bus_v_mean": 17.1658, "bus_v_std": 15.2203, "car_acc": 1.376, "car_dcc": 1.2338, "car_lcAssertive": 32.2201, "car_lcCooperative": 0.984, "car_lcLookaheadLeft": 89.5026, "car_lcPushy": 0.6884, "car_lcSigma": 0.3611, "car_lcSpeedGainRight": 0.9343, "car_lcSublane": 0.8525, "car_sigma": 0.8472, "car_tau_mean": 1.3461, "car_tau_std": 9.183, "car_v_mean": 15.3065, "car_v_std": 12.8726}, "datetime": {"datetime": "2024-08-08 13:32:28", "elapsed": 2735.699734, "delta": 5.553547}}
{"target": -0.37269621000857356, "params": {"bus_acc": 3.0212, "bus_dcc": 2.1904, "bus_lcAssertive": 6.1655, "bus_lcCooperative": 0.7591, "bus_lcLookaheadLeft": 2.0688, "bus_lcPushy": 0.3157, "bus_lcSigma": 0.6679, "bus_lcSpeedGainRight": 2.2044, "bus_lcSublane": 0.1679, "bus_sigma": 0.8861, "bus_tau_mean": 3.5529, "bus_tau_std": 2.5722, "bus_v_mean": 15.0402, "bus_v_std": 0.6348, "car_acc": 3.5491, "car_dcc": 2.3501, "car_lcAssertive": 67.8599, "car_lcCooperative": 0.6991, "car_lcLookaheadLeft": 15.2129, "car_lcPushy": 0.4054, "car_lcSigma": 0.0571, "car_lcSpeedGainRight": 3.3, "car_lcSublane": 0.2484, "car_sigma": 0.6974, "car_tau_mean": 2.2924, "car_tau_std": 6.4349, "car_v_mean": 18.6094, "car_v_std": 5.3671}, "datetime": {"datetime": "2024-08-08 13:32:33", "elapsed": 2740.936546, "delta": 5.236812}}
{"target": -0.33873717350591276, "params": {"bus_acc": 2.7505, "bus_dcc": 2.4113, "bus_lcAssertive": 79.727, "bus_lcCooperative": 0.1795, "bus_lcLookaheadLeft": 41.5941, "bus_lcPushy": 0.9211, "bus_lcSigma": 0.9562, "bus_lcSpeedGainRight": 2.4957, "bus_lcSublane": 0.2008, "bus_sigma": 0.9044, "bus_tau_mean": 1.0843, "bus_tau_std": 9.3522, "bus_v_mean": 19.6091, "bus_v_std": 17.2813, "car_acc": 4.4488, "car_dcc": 2.8628, "car_lcAssertive": 37.697, "car_lcCooperative": 0.5802, "car_lcLookaheadLeft": 94.5684, "car_lcPushy": 0.3823, "car_lcSigma": 0.7107, "car_lcSpeedGainRight": 1.9985, "car_lcSublane": 0.9812, "car_sigma": 0.2686, "car_tau_mean": 2.8372, "car_tau_std": 4.9321, "car_v_mean": 12.4731, "car_v_std": 18.3108}, "datetime": {"datetime": "2024-08-08 13:32:37", "elapsed": 2744.563307, "delta": 3.626761}}
{"target": -0.3439807382523251, "params": {"bus_acc": 3.0708, "bus_dcc": 1.0848, "bus_lcAssertive": 28.2214, "bus_lcCooperative": 0.0314, "bus_lcLookaheadLeft": 81.8177, "bus_lcPushy": 0.8594, "bus_lcSigma": 0.3768, "bus_lcSpeedGainRight": 1.6131, "bus_lcSublane": 0.7429, "bus_sigma": 0.4533, "bus_tau_mean": 3.7987, "bus_tau_std": 0.5563, "bus_v_mean": 16.1638, "bus_v_std": 1.9058, "car_acc": 2.6224, "car_dcc": 1.6606, "car_lcAssertive": 32.0803, "car_lcCooperative": 0.0846, "car_lcLookaheadLeft": 96.6071, "car_lcPushy": 0.1764, "car_lcSigma": 0.1459, "car_lcSpeedGainRight": 1.0392, "car_lcSublane": 0.6967, "car_sigma": 0.7983, "car_tau_mean": 1.8288, "car_tau_std": 9.8397, "car_v_mean": 16.2359, "car_v_std": 10.5835}, "datetime": {"datetime": "2024-08-08 13:32:39", "elapsed": 2746.806027, "delta": 2.24272}}
{"target": -0.3610812373855692, "params": {"bus_acc": 3.3655, "bus_dcc": 1.4754, "bus_lcAssertive": 39.7425, "bus_lcCooperative": 0.7552, "bus_lcLookaheadLeft": 64.9433, "bus_lcPushy": 0.1461, "bus_lcSigma": 0.151, "bus_lcSpeedGainRight": 4.9339, "bus_lcSublane": 0.3681, "bus_sigma": 0.322, "bus_tau_mean": 1.9203, "bus_tau_std": 9.6241, "bus_v_mean": 16.9704, "bus_v_std": 2.6691, "car_acc": 3.7247, "car_dcc": 3.4145, "car_lcAssertive": 31.4039, "car_lcCooperative": 0.5266, "car_lcLookaheadLeft": 11.9261, "car_lcPushy": 0.0106, "car_lcSigma": 0.3186, "car_lcSpeedGainRight": 3.8563, "car_lcSublane": 0.6588, "car_sigma": 0.0915, "car_tau_mean": 0.5902, "car_tau_std": 5.2929, "car_v_mean": 8.0048, "car_v_std": 14.5728}, "datetime": {"datetime": "2024-08-08 13:32:42", "elapsed": 2750.47771, "delta": 3.671683}}
{"target": -0.3806151216696593, "params": {"bus_acc": 2.3254, "bus_dcc": 2.7217, "bus_lcAssertive": 44.6782, "bus_lcCooperative": 0.8609, "bus_lcLookaheadLeft": 80.4526, "bus_lcPushy": 0.4831, "bus_lcSigma": 0.1131, "bus_lcSpeedGainRight": 4.4479, "bus_lcSublane": 0.8975, "bus_sigma": 0.6276, "bus_tau_mean": 1.2717, "bus_tau_std": 6.0746, "bus_v_mean": 12.1665, "bus_v_std": 4.878, "car_acc": 2.9455, "car_dcc": 3.462, "car_lcAssertive": 61.7713, "car_lcCooperative": 0.6831, "car_lcLookaheadLeft": 80.2534, "car_lcPushy": 0.157, "car_lcSigma": 0.4413, "car_lcSpeedGainRight": 0.1416, "car_lcSublane": 0.8542, "car_sigma": 0.1323, "car_tau_mean": 3.8269, "car_tau_std": 9.6699, "car_v_mean": 19.2203, "car_v_std": 0.1287}, "datetime": {"datetime": "2024-08-08 13:32:46", "elapsed": 2754.431917, "delta": 3.954207}}
{"target": -0.41673450247047583, "params": {"bus_acc": 3.5547, "bus_dcc": 2.8661, "bus_lcAssertive": 17.7171, "bus_lcCooperative": 0.7267, "bus_lcLookaheadLeft": 45.429, "bus_lcPushy": 0.8262, "bus_lcSigma": 0.4238, "bus_lcSpeedGainRight": 0.013, "bus_lcSublane": 0.8556, "bus_sigma": 0.834, "bus_tau_mean": 2.8888, "bus_tau_std": 2.0758, "bus_v_mean": 14.0819, "bus_v_std": 2.1532, "car_acc": 1.1078, "car_dcc": 3.5817, "car_lcAssertive": 10.4265, "car_lcCooperative": 0.6856, "car_lcLookaheadLeft": 10.5172, "car_lcPushy": 0.4101, "car_lcSigma": 0.6176, "car_lcSpeedGainRight": 3.2341, "car_lcSublane": 0.3015, "car_sigma": 0.9896, "car_tau_mean": 3.1802, "car_tau_std": 0.1283, "car_v_mean": 8.0565, "car_v_std": 16.6675}, "datetime": {"datetime": "2024-08-08 13:32:48", "elapsed": 2756.491754, "delta": 2.059837}}
{"target": -0.3589570332883302, "params": {"bus_acc": 3.2712, "bus_dcc": 1.2294, "bus_lcAssertive": 46.033, "bus_lcCooperative": 0.8647, "bus_lcLookaheadLeft": 84.9985, "bus_lcPushy": 0.5699, "bus_lcSigma": 0.2028, "bus_lcSpeedGainRight": 2.2119, "bus_lcSublane": 0.5642, "bus_sigma": 0.2459, "bus_tau_mean": 2.033, "bus_tau_std": 7.0644, "bus_v_mean": 23.5782, "bus_v_std": 8.2725, "car_acc": 2.1819, "car_dcc": 1.333, "car_lcAssertive": 26.3455, "car_lcCooperative": 0.4626, "car_lcLookaheadLeft": 27.3343, "car_lcPushy": 0.0463, "car_lcSigma": 0.3242, "car_lcSpeedGainRight": 4.8172, "car_lcSublane": 0.6748, "car_sigma": 0.7952, "car_tau_mean": 2.0894, "car_tau_std": 9.7677, "car_v_mean": 8.799, "car_v_std": 16.3739}, "datetime": {"datetime": "2024-08-08 13:32:50", "elapsed": 2757.832436, "delta": 1.340682}}
{"target": -0.3744824532497345, "params": {"bus_acc": 1.3978, "bus_dcc": 1.4368, "bus_lcAssertive": 77.7939, "bus_lcCooperative": 0.1501, "bus_lcLookaheadLeft": 52.8735, "bus_lcPushy": 0.7273, "bus_lcSigma": 0.1312, "bus_lcSpeedGainRight": 2.1105, "bus_lcSublane": 0.5589, "bus_sigma": 0.4327, "bus_tau_mean": 2.1315, "bus_tau_std": 5.804, "bus_v_mean": 8.7749, "bus_v_std": 5.1476, "car_acc": 3.6089, "car_dcc": 2.1538, "car_lcAssertive": 85.9565, "car_lcCooperative": 0.6795, "car_lcLookaheadLeft": 5.682, "car_lcPushy": 0.2854, "car_lcSigma": 0.9274, "car_lcSpeedGainRight": 1.6071, "car_lcSublane": 0.151, "car_sigma": 0.7908, "car_tau_mean": 2.7861, "car_tau_std": 8.6204, "car_v_mean": 12.0619, "car_v_std": 8.2558}, "datetime": {"datetime": "2024-08-08 13:32:52", "elapsed": 2759.822296, "delta": 1.98986}}
{"target": -0.3517484192425323, "params": {"bus_acc": 4.7495, "bus_dcc": 1.4222, "bus_lcAssertive": 72.9224, "bus_lcCooperative": 0.5983, "bus_lcLookaheadLeft": 73.8042, "bus_lcPushy": 0.1557, "bus_lcSigma": 0.8898, "bus_lcSpeedGainRight": 3.499, "bus_lcSublane": 0.9447, "bus_sigma": 0.5169, "bus_tau_mean": 2.5039, "bus_tau_std": 6.8985, "bus_v_mean": 22.3957, "bus_v_std": 16.2853, "car_acc": 2.0778, "car_dcc": 1.9924, "car_lcAssertive": 17.4788, "car_lcCooperative": 0.5415, "car_lcLookaheadLeft": 23.1672, "car_lcPushy": 0.3231, "car_lcSigma": 0.817, "car_lcSpeedGainRight": 4.896, "car_lcSublane": 0.5666, "car_sigma": 0.6263, "car_tau_mean": 3.3931, "car_tau_std": 8.0268, "car_v_mean": 8.4886, "car_v_std": 14.3432}, "datetime": {"datetime": "2024-08-08 13:32:54", "elapsed": 2761.824262, "delta": 2.001966}}
{"target": -0.343058922509825, "params": {"bus_acc": 3.5195, "bus_dcc": 3.8174, "bus_lcAssertive": 44.5856, "bus_lcCooperative": 0.5792, "bus_lcLookaheadLeft": 28.2782, "bus_lcPushy": 0.5523, "bus_lcSigma": 0.9867, "bus_lcSpeedGainRight": 0.8633, "bus_lcSublane": 0.1704, "bus_sigma": 0.9137, "bus_tau_mean": 1.8636, "bus_tau_std": 5.628, "bus_v_mean": 11.7246, "bus_v_std": 5.042, "car_acc": 2.2339, "car_dcc": 1.4106, "car_lcAssertive": 9.7854, "car_lcCooperative": 0.0436, "car_lcLookaheadLeft": 58.3205, "car_lcPushy": 0.4952, "car_lcSigma": 0.3501, "car_lcSpeedGainRight": 2.4822, "car_lcSublane": 0.8728, "car_sigma": 0.1244, "car_tau_mean": 1.8937, "car_tau_std": 4.684, "car_v_mean": 18.0151, "car_v_std": 7.0882}, "datetime": {"datetime": "2024-08-08 13:32:56", "elapsed": 2763.623448, "delta": 1.799186}}
{"target": -0.38701989072162246, "params": {"bus_acc": 4.6069, "bus_dcc": 2.5964, "bus_lcAssertive": 42.6333, "bus_lcCooperative": 0.6437, "bus_lcLookaheadLeft": 57.363, "bus_lcPushy": 0.7191, "bus_lcSigma": 0.4242, "bus_lcSpeedGainRight": 3.7582, "bus_lcSublane": 0.5513, "bus_sigma": 0.149, "bus_tau_mean": 2.2949, "bus_tau_std": 1.2228, "bus_v_mean": 13.6118, "bus_v_std": 16.0773, "car_acc": 1.0904, "car_dcc": 3.9417, "car_lcAssertive": 61.3185, "car_lcCooperative": 0.9067, "car_lcLookaheadLeft": 49.2809, "car_lcPushy": 0.2034, "car_lcSigma": 0.2537, "car_lcSpeedGainRight": 0.5093, "car_lcSublane": 0.488, "car_sigma": 0.2655, "car_tau_mean": 2.0274, "car_tau_std": 4.9865, "car_v_mean": 11.6169, "car_v_std": 2.9596}, "datetime": {"datetime": "2024-08-08 13:33:00", "elapsed": 2767.807957, "delta": 4.184509}}
{"target": -0.33845900882698077, "params": {"bus_acc": 4.0757, "bus_dcc": 2.5301, "bus_lcAssertive": 36.9446, "bus_lcCooperative": 0.7086, "bus_lcLookaheadLeft": 84.3488, "bus_lcPushy": 0.2223, "bus_lcSigma": 0.2785, "bus_lcSpeedGainRight": 0.8348, "bus_lcSublane": 0.0406, "bus_sigma": 0.0891, "bus_tau_mean": 2.3296, "bus_tau_std": 5.6653, "bus_v_mean": 23.9141, "bus_v_std": 1.6063, "car_acc": 4.2419, "car_dcc": 2.1258, "car_lcAssertive": 90.8183, "car_lcCooperative": 0.0878, "car_lcLookaheadLeft": 78.4075, "car_lcPushy": 0.232, "car_lcSigma": 0.8008, "car_lcSpeedGainRight": 4.9704, "car_lcSublane": 0.5471, "car_sigma": 0.3817, "car_tau_mean": 1.8286, "car_tau_std": 9.6319, "car_v_mean": 9.5729, "car_v_std": 16.9849}, "datetime": {"datetime": "2024-08-08 13:33:01", "elapsed": 2769.491231, "delta": 1.683274}}
{"target": -0.39708277203483566, "params": {"bus_acc": 1.5175, "bus_dcc": 1.666, "bus_lcAssertive": 43.0076, "bus_lcCooperative": 0.1849, "bus_lcLookaheadLeft": 75.4881, "bus_lcPushy": 0.5373, "bus_lcSigma": 0.9018, "bus_lcSpeedGainRight": 3.394, "bus_lcSublane": 0.2937, "bus_sigma": 0.1729, "bus_tau_mean": 0.8538, "bus_tau_std": 0.4904, "bus_v_mean": 15.0382, "bus_v_std": 0.3166, "car_acc": 2.8763, "car_dcc": 3.3027, "car_lcAssertive": 14.105, "car_lcCooperative": 0.4957, "car_lcLookaheadLeft": 79.911, "car_lcPushy": 0.4565, "car_lcSigma": 0.2205, "car_lcSpeedGainRight": 0.9443, "car_lcSublane": 0.8696, "car_sigma": 0.289, "car_tau_mean": 1.9151, "car_tau_std": 2.0039, "car_v_mean": 22.8406, "car_v_std": 5.4192}, "datetime": {"datetime": "2024-08-08 13:33:03", "elapsed": 2771.095168, "delta": 1.603937}}
{"target": -0.4038326093403499, "params": {"bus_acc": 4.0198, "bus_dcc": 2.438, "bus_lcAssertive": 44.0358, "bus_lcCooperative": 0.9694, "bus_lcLookaheadLeft": 78.2615, "bus_lcPushy": 0.4479, "bus_lcSigma": 0.802, "bus_lcSpeedGainRight": 0.8582, "bus_lcSublane": 0.4977, "bus_sigma": 0.3428, "bus_tau_mean": 3.5442, "bus_tau_std": 8.8257, "bus_v_mean": 22.417, "bus_v_std": 3.9387, "car_acc": 4.8133, "car_dcc": 2.39, "car_lcAssertive": 62.5878, "car_lcCooperative": 0.2319, "car_lcLookaheadLeft": 40.5439, "car_lcPushy": 0.1704, "car_lcSigma": 0.3005, "car_lcSpeedGainRight": 3.9714, "car_lcSublane": 0.6263, "car_sigma": 0.2491, "car_tau_mean": 2.5237, "car_tau_std": 7.4481, "car_v_mean": 9.461, "car_v_std": 5.4284}, "datetime": {"datetime": "2024-08-08 13:33:06", "elapsed": 2774.189335, "delta": 3.094167}}
{"target": -0.3503096973914548, "params": {"bus_acc": 2.9213, "bus_dcc": 3.5499, "bus_lcAssertive": 25.1853, "bus_lcCooperative": 0.5007, "bus_lcLookaheadLeft": 56.4596, "bus_lcPushy": 0.2945, "bus_lcSigma": 0.712, "bus_lcSpeedGainRight": 1.9753, "bus_lcSublane": 0.822, "bus_sigma": 0.5022, "bus_tau_mean": 0.6262, "bus_tau_std": 7.8909, "bus_v_mean": 17.4339, "bus_v_std": 7.6015, "car_acc": 4.4021, "car_dcc": 3.2607, "car_lcAssertive": 50.5356, "car_lcCooperative": 0.0494, "car_lcLookaheadLeft": 35.0769, "car_lcPushy": 0.2725, "car_lcSigma": 0.5941, "car_lcSpeedGainRight": 0.5502, "car_lcSublane": 0.2929, "car_sigma": 0.1692, "car_tau_mean": 1.6214, "car_tau_std": 4.5656, "car_v_mean": 17.7798, "car_v_std": 9.4012}, "datetime": {"datetime": "2024-08-08 13:33:09", "elapsed": 2776.869316, "delta": 2.679981}}
