{"target": -0.3755796180418971, "params": {"bus_acc": 4.294, "bus_dcc": 1.0854, "bus_lcAssertive": 30.0798, "bus_lcCooperative": 0.9266, "bus_lcLookaheadLeft": 92.5689, "bus_lcPushy": 0.5198, "bus_lcSigma": 0.6837, "bus_lcSpeedGainRight": 4.6539, "bus_lcSublane": 0.3847, "bus_sigma": 0.1674, "bus_tau_mean": 1.0176, "bus_tau_std": 5.2304, "bus_v_mean": 19.1275, "bus_v_std": 14.2384, "car_acc": 2.5979, "car_dcc": 3.2075, "car_lcAssertive": 29.6199, "car_lcCooperative": 0.3263, "car_lcLookaheadLeft": 59.8718, "car_lcPushy": 0.9082, "car_lcSigma": 0.8578, "car_lcSpeedGainRight": 0.7969, "car_lcSublane": 0.6369, "car_sigma": 0.5058, "car_tau_mean": 1.0996, "car_tau_std": 9.8734, "car_v_mean": 18.7343, "car_v_std": 19.9319}, "datetime": {"datetime": "2024-08-08 12:21:47", "elapsed": 1317.456061, "delta": 0.769376}}
{"target": -0.32135014940832973, "params": {"bus_acc": 1.5421, "bus_dcc": 1.6564, "bus_lcAssertive": 76.292, "bus_lcCooperative": 0.6764, "bus_lcLookaheadLeft": 30.3434, "bus_lcPushy": 0.5059, "bus_lcSigma": 0.5813, "bus_lcSpeedGainRight": 3.1807, "bus_lcSublane": 0.6781, "bus_sigma": 0.4127, "bus_tau_mean": 2.1732, "bus_tau_std": 3.3771, "bus_v_mean": 10.2488, "bus_v_std": 11.8977, "car_acc": 3.3631, "car_dcc": 3.3314, "car_lcAssertive": 12.9142, "car_lcCooperative": 0.4741, "car_lcLookaheadLeft": 15.4516, "car_lcPushy": 0.5844, "car_lcSigma": 0.8702, "car_lcSpeedGainRight": 2.2605, "car_lcSublane": 0.4543, "car_sigma": 0.8331, "car_tau_mean": 3.1078, "car_tau_std": 2.3668, "car_v_mean": 19.5287, "car_v_std": 16.6175}, "datetime": {"datetime": "2024-08-08 12:21:53", "elapsed": 1323.406178, "delta": 5.950117}}
{"target": -0.31306266911283975, "params": {"bus_acc": 1.1387, "bus_dcc": 1.2344, "bus_lcAssertive": 77.2254, "bus_lcCooperative": 0.7499, "bus_lcLookaheadLeft": 30.7651, "bus_lcPushy": 0.4773, "bus_lcSigma": 0.5378, "bus_lcSpeedGainRight": 3.2721, "bus_lcSublane": 0.7598, "bus_sigma": 0.4072, "bus_tau_mean": 2.0806, "bus_tau_std": 2.1193, "bus_v_mean": 9.2224, "bus_v_std": 10.9455, "car_acc": 3.4117, "car_dcc": 3.4915, "car_lcAssertive": 14.7716, "car_lcCooperative": 0.5862, "car_lcLookaheadLeft": 14.6772, "car_lcPushy": 0.6138, "car_lcSigma": 0.8304, "car_lcSpeedGainRight": 2.0891, "car_lcSublane": 0.4689, "car_sigma": 0.9891, "car_tau_mean": 3.2619, "car_tau_std": 1.9519, "car_v_mean": 18.3841, "car_v_std": 18.6242}, "datetime": {"datetime": "2024-08-08 12:22:01", "elapsed": 1331.662668, "delta": 8.25649}}
{"target": -0.3272244311398729, "params": {"bus_acc": 1.2102, "bus_dcc": 1.2181, "bus_lcAssertive": 77.3859, "bus_lcCooperative": 0.7592, "bus_lcLookaheadLeft": 30.842, "bus_lcPushy": 0.4871, "bus_lcSigma": 0.5792, "bus_lcSpeedGainRight": 3.3485, "bus_lcSublane": 0.7909, "bus_sigma": 0.4352, "bus_tau_mean": 2.2393, "bus_tau_std": 2.061, "bus_v_mean": 9.3727, "bus_v_std": 11.0266, "car_acc": 3.3897, "car_dcc": 3.5812, "car_lcAssertive": 15.0599, "car_lcCooperative": 0.5694, "car_lcLookaheadLeft": 15.1037, "car_lcPushy": 0.6377, "car_lcSigma": 0.8547, "car_lcSpeedGainRight": 2.0335, "car_lcSublane": 0.4815, "car_sigma": 1.0, "car_tau_mean": 3.2559, "car_tau_std": 1.7108, "car_v_mean": 18.3769, "car_v_std": 18.5836}, "datetime": {"datetime": "2024-08-08 12:22:16", "elapsed": 1346.138317, "delta": 14.475649}}
{"target": -0.3608618269256363, "params": {"bus_acc": 1.3322, "bus_dcc": 1.4829, "bus_lcAssertive": 93.9282, "bus_lcCooperative": 0.0395, "bus_lcLookaheadLeft": 32.4182, "bus_lcPushy": 0.8313, "bus_lcSigma": 0.1545, "bus_lcSpeedGainRight": 2.5702, "bus_lcSublane": 0.5075, "bus_sigma": 0.9636, "bus_tau_mean": 2.7951, "bus_tau_std": 4.8482, "bus_v_mean": 23.1642, "bus_v_std": 11.0981, "car_acc": 1.4475, "car_dcc": 3.2286, "car_lcAssertive": 13.4931, "car_lcCooperative": 0.9882, "car_lcLookaheadLeft": 68.8772, "car_lcPushy": 0.0673, "car_lcSigma": 0.3281, "car_lcSpeedGainRight": 2.1303, "car_lcSublane": 0.7034, "car_sigma": 0.4133, "car_tau_mean": 3.0603, "car_tau_std": 0.8164, "car_v_mean": 12.0106, "car_v_std": 17.7951}, "datetime": {"datetime": "2024-08-08 12:22:25", "elapsed": 1355.968832, "delta": 9.830515}}
{"target": -0.32522672133766556, "params": {"bus_acc": 1.0043, "bus_dcc": 2.013, "bus_lcAssertive": 75.9548, "bus_lcCooperative": 0.5945, "bus_lcLookaheadLeft": 29.3488, "bus_lcPushy": 0.549, "bus_lcSigma": 0.466, "bus_lcSpeedGainRight": 2.6678, "bus_lcSublane": 0.8743, "bus_sigma": 0.4969, "bus_tau_mean": 1.7659, "bus_tau_std": 3.4088, "bus_v_mean": 10.9969, "bus_v_std": 12.273, "car_acc": 3.343, "car_dcc": 3.1683, "car_lcAssertive": 12.662, "car_lcCooperative": 0.4145, "car_lcLookaheadLeft": 17.3113, "car_lcPushy": 0.4939, "car_lcSigma": 0.7302, "car_lcSpeedGainRight": 2.4899, "car_lcSublane": 0.4899, "car_sigma": 0.7717, "car_tau_mean": 3.5394, "car_tau_std": 2.5984, "car_v_mean": 19.3392, "car_v_std": 16.4871}, "datetime": {"datetime": "2024-08-08 12:22:30", "elapsed": 1360.421684, "delta": 4.452852}}
{"target": -0.3077377874213525, "params": {"bus_acc": 1.1481, "bus_dcc": 2.9498, "bus_lcAssertive": 73.0911, "bus_lcCooperative": 0.5342, "bus_lcLookaheadLeft": 31.4401, "bus_lcPushy": 0.4526, "bus_lcSigma": 0.0932, "bus_lcSpeedGainRight": 0.3087, "bus_lcSublane": 0.9167, "bus_sigma": 0.1066, "bus_tau_mean": 1.8446, "bus_tau_std": 6.3884, "bus_v_mean": 8.0, "bus_v_std": 11.0882, "car_acc": 3.9414, "car_dcc": 2.0704, "car_lcAssertive": 11.8123, "car_lcCooperative": 0.6247, "car_lcLookaheadLeft": 15.7469, "car_lcPushy": 0.0, "car_lcSigma": 0.3518, "car_lcSpeedGainRight": 0.6979, "car_lcSublane": 0.4884, "car_sigma": 0.8893, "car_tau_mean": 3.9256, "car_tau_std": 3.0526, "car_v_mean": 20.2583, "car_v_std": 18.1331}, "datetime": {"datetime": "2024-08-08 12:22:33", "elapsed": 1363.568166, "delta": 3.146482}}
{"target": -0.31961754418464594, "params": {"bus_acc": 1.0574, "bus_dcc": 3.066, "bus_lcAssertive": 73.0982, "bus_lcCooperative": 0.5486, "bus_lcLookaheadLeft": 31.522, "bus_lcPushy": 0.4432, "bus_lcSigma": 0.0327, "bus_lcSpeedGainRight": 0.0, "bus_lcSublane": 0.973, "bus_sigma": 0.0539, "bus_tau_mean": 1.8551, "bus_tau_std": 6.6333, "bus_v_mean": 8.0, "bus_v_std": 10.7843, "car_acc": 4.0769, "car_dcc": 1.9736, "car_lcAssertive": 12.0653, "car_lcCooperative": 0.6749, "car_lcLookaheadLeft": 15.5243, "car_lcPushy": 0.0, "car_lcSigma": 0.2892, "car_lcSpeedGainRight": 0.3715, "car_lcSublane": 0.5031, "car_sigma": 0.9449, "car_tau_mean": 4.0, "car_tau_std": 2.9597, "car_v_mean": 20.2447, "car_v_std": 18.6621}, "datetime": {"datetime": "2024-08-08 12:22:36", "elapsed": 1366.802514, "delta": 3.234348}}
{"target": -0.3511104525732139, "params": {"bus_acc": 1.248, "bus_dcc": 1.3142, "bus_lcAssertive": 77.3347, "bus_lcCooperative": 0.7041, "bus_lcLookaheadLeft": 30.7313, "bus_lcPushy": 0.4366, "bus_lcSigma": 0.5916, "bus_lcSpeedGainRight": 3.3455, "bus_lcSublane": 0.7733, "bus_sigma": 0.4276, "bus_tau_mean": 2.1531, "bus_tau_std": 2.2485, "bus_v_mean": 9.3023, "bus_v_std": 11.2177, "car_acc": 3.3394, "car_dcc": 3.5298, "car_lcAssertive": 14.608, "car_lcCooperative": 0.5724, "car_lcLookaheadLeft": 14.9117, "car_lcPushy": 0.6238, "car_lcSigma": 0.8094, "car_lcSpeedGainRight": 2.0869, "car_lcSublane": 0.4363, "car_sigma": 0.9738, "car_tau_mean": 3.2534, "car_tau_std": 2.0132, "car_v_mean": 18.509, "car_v_std": 18.2833}, "datetime": {"datetime": "2024-08-08 12:22:38", "elapsed": 1368.226993, "delta": 1.424479}}
{"target": -0.33330544342799384, "params": {"bus_acc": 2.1158, "bus_dcc": 1.5175, "bus_lcAssertive": 77.2325, "bus_lcCooperative": 0.7586, "bus_lcLookaheadLeft": 30.0162, "bus_lcPushy": 0.6213, "bus_lcSigma": 0.8072, "bus_lcSpeedGainRight": 2.4924, "bus_lcSublane": 0.9469, "bus_sigma": 0.3047, "bus_tau_mean": 3.5615, "bus_tau_std": 0.3826, "bus_v_mean": 16.3444, "bus_v_std": 12.3774, "car_acc": 4.6681, "car_dcc": 3.606, "car_lcAssertive": 63.772, "car_lcCooperative": 0.9758, "car_lcLookaheadLeft": 64.4862, "car_lcPushy": 0.4237, "car_lcSigma": 0.1223, "car_lcSpeedGainRight": 1.5649, "car_lcSublane": 0.2163, "car_sigma": 0.4573, "car_tau_mean": 1.1742, "car_tau_std": 4.6378, "car_v_mean": 14.1695, "car_v_std": 13.0059}, "datetime": {"datetime": "2024-08-08 12:22:39", "elapsed": 1369.786502, "delta": 1.559509}}
{"target": -0.3500050915336699, "params": {"bus_acc": 1.8756, "bus_dcc": 3.1714, "bus_lcAssertive": 87.2484, "bus_lcCooperative": 0.5301, "bus_lcLookaheadLeft": 55.5046, "bus_lcPushy": 0.7198, "bus_lcSigma": 0.129, "bus_lcSpeedGainRight": 1.3506, "bus_lcSublane": 0.1236, "bus_sigma": 0.684, "bus_tau_mean": 0.5364, "bus_tau_std": 4.3566, "bus_v_mean": 17.4631, "bus_v_std": 9.6459, "car_acc": 1.7378, "car_dcc": 2.0092, "car_lcAssertive": 44.8822, "car_lcCooperative": 0.0057, "car_lcLookaheadLeft": 33.6263, "car_lcPushy": 0.058, "car_lcSigma": 0.4591, "car_lcSpeedGainRight": 4.6994, "car_lcSublane": 0.132, "car_sigma": 0.7726, "car_tau_mean": 3.5837, "car_tau_std": 3.5371, "car_v_mean": 14.469, "car_v_std": 12.9531}, "datetime": {"datetime": "2024-08-08 12:22:42", "elapsed": 1373.050714, "delta": 3.264212}}
{"target": -0.3370688354575129, "params": {"bus_acc": 3.0399, "bus_dcc": 1.384, "bus_lcAssertive": 24.1818, "bus_lcCooperative": 0.631, "bus_lcLookaheadLeft": 89.2261, "bus_lcPushy": 0.4219, "bus_lcSigma": 0.0933, "bus_lcSpeedGainRight": 0.9508, "bus_lcSublane": 0.7942, "bus_sigma": 0.6058, "bus_tau_mean": 1.5444, "bus_tau_std": 1.0477, "bus_v_mean": 9.0908, "bus_v_std": 4.5575, "car_acc": 1.4636, "car_dcc": 2.9678, "car_lcAssertive": 84.0584, "car_lcCooperative": 0.6015, "car_lcLookaheadLeft": 93.8768, "car_lcPushy": 0.4224, "car_lcSigma": 0.8284, "car_lcSpeedGainRight": 3.693, "car_lcSublane": 0.5022, "car_sigma": 0.0989, "car_tau_mean": 1.8476, "car_tau_std": 9.6641, "car_v_mean": 19.9247, "car_v_std": 5.6843}, "datetime": {"datetime": "2024-08-08 12:22:45", "elapsed": 1375.58265, "delta": 2.531936}}
{"target": -0.3468433218370745, "params": {"bus_acc": 2.9847, "bus_dcc": 1.8932, "bus_lcAssertive": 77.436, "bus_lcCooperative": 0.3971, "bus_lcLookaheadLeft": 70.1537, "bus_lcPushy": 0.7535, "bus_lcSigma": 0.7012, "bus_lcSpeedGainRight": 1.5111, "bus_lcSublane": 0.4444, "bus_sigma": 0.5625, "bus_tau_mean": 3.7167, "bus_tau_std": 3.6385, "bus_v_mean": 19.3044, "bus_v_std": 2.9866, "car_acc": 2.0122, "car_dcc": 2.2892, "car_lcAssertive": 12.8699, "car_lcCooperative": 0.593, "car_lcLookaheadLeft": 53.8962, "car_lcPushy": 0.4781, "car_lcSigma": 0.6427, "car_lcSpeedGainRight": 3.0804, "car_lcSublane": 0.5569, "car_sigma": 0.3265, "car_tau_mean": 1.6137, "car_tau_std": 8.1222, "car_v_mean": 15.3671, "car_v_std": 4.5554}, "datetime": {"datetime": "2024-08-08 12:22:48", "elapsed": 1378.83877, "delta": 3.25612}}
{"target": -0.3887134130021141, "params": {"bus_acc": 1.1274, "bus_dcc": 2.3684, "bus_lcAssertive": 11.029, "bus_lcCooperative": 0.3487, "bus_lcLookaheadLeft": 87.4339, "bus_lcPushy": 0.9804, "bus_lcSigma": 0.1631, "bus_lcSpeedGainRight": 4.6483, "bus_lcSublane": 0.42, "bus_sigma": 0.7919, "bus_tau_mean": 1.1759, "bus_tau_std": 2.5132, "bus_v_mean": 14.6072, "bus_v_std": 13.8797, "car_acc": 2.1933, "car_dcc": 2.7802, "car_lcAssertive": 3.4896, "car_lcCooperative": 0.5997, "car_lcLookaheadLeft": 20.7905, "car_lcPushy": 0.7724, "car_lcSigma": 0.7995, "car_lcSpeedGainRight": 2.1011, "car_lcSublane": 0.027, "car_sigma": 0.1865, "car_tau_mean": 1.7661, "car_tau_std": 9.5045, "car_v_mean": 17.7342, "car_v_std": 2.2455}, "datetime": {"datetime": "2024-08-08 12:22:53", "elapsed": 1383.153275, "delta": 4.314505}}
{"target": -0.3471543483698277, "params": {"bus_acc": 1.0242, "bus_dcc": 3.0638, "bus_lcAssertive": 73.1316, "bus_lcCooperative": 0.5264, "bus_lcLookaheadLeft": 31.5104, "bus_lcPushy": 0.4394, "bus_lcSigma": 0.0283, "bus_lcSpeedGainRight": 0.0, "bus_lcSublane": 0.9754, "bus_sigma": 0.0631, "bus_tau_mean": 1.8322, "bus_tau_std": 6.5668, "bus_v_mean": 8.0, "bus_v_std": 10.8596, "car_acc": 4.0237, "car_dcc": 1.9941, "car_lcAssertive": 12.0595, "car_lcCooperative": 0.6534, "car_lcLookaheadLeft": 15.6202, "car_lcPushy": 0.0, "car_lcSigma": 0.2866, "car_lcSpeedGainRight": 0.4406, "car_lcSublane": 0.4959, "car_sigma": 0.9336, "car_tau_mean": 4.0, "car_tau_std": 2.9923, "car_v_mean": 20.2304, "car_v_std": 18.5679}, "datetime": {"datetime": "2024-08-08 12:22:55", "elapsed": 1385.537795, "delta": 2.38452}}
{"target": -0.3245196212656085, "params": {"bus_acc": 1.4636, "bus_dcc": 2.7609, "bus_lcAssertive": 72.9732, "bus_lcCooperative": 0.5543, "bus_lcLookaheadLeft": 30.986, "bus_lcPushy": 0.4797, "bus_lcSigma": 0.2289, "bus_lcSpeedGainRight": 0.9638, "bus_lcSublane": 0.7834, "bus_sigma": 0.1984, "bus_tau_mean": 1.929, "bus_tau_std": 6.2181, "bus_v_mean": 8.8349, "bus_v_std": 11.829, "car_acc": 3.7681, "car_dcc": 2.2442, "car_lcAssertive": 10.8936, "car_lcCooperative": 0.5538, "car_lcLookaheadLeft": 15.8435, "car_lcPushy": 0.1035, "car_lcSigma": 0.4885, "car_lcSpeedGainRight": 1.1647, "car_lcSublane": 0.4892, "car_sigma": 0.799, "car_tau_mean": 3.6544, "car_tau_std": 3.111, "car_v_mean": 20.3207, "car_v_std": 16.9363}, "datetime": {"datetime": "2024-08-08 12:22:58", "elapsed": 1388.773557, "delta": 3.235762}}
{"target": -0.3153813790374581, "params": {"bus_acc": 4.0468, "bus_dcc": 2.2068, "bus_lcAssertive": 81.8265, "bus_lcCooperative": 0.4629, "bus_lcLookaheadLeft": 56.5715, "bus_lcPushy": 0.4537, "bus_lcSigma": 0.8063, "bus_lcSpeedGainRight": 1.8266, "bus_lcSublane": 0.0048, "bus_sigma": 0.594, "bus_tau_mean": 1.1718, "bus_tau_std": 2.6607, "bus_v_mean": 11.6435, "bus_v_std": 16.8879, "car_acc": 2.6084, "car_dcc": 2.5505, "car_lcAssertive": 4.1775, "car_lcCooperative": 0.078, "car_lcLookaheadLeft": 96.6027, "car_lcPushy": 0.9792, "car_lcSigma": 0.2187, "car_lcSpeedGainRight": 3.2439, "car_lcSublane": 0.6276, "car_sigma": 0.196, "car_tau_mean": 2.4057, "car_tau_std": 1.9202, "car_v_mean": 17.7384, "car_v_std": 5.757}, "datetime": {"datetime": "2024-08-08 12:23:00", "elapsed": 1390.080815, "delta": 1.307258}}
{"target": -0.33754278363516144, "params": {"bus_acc": 4.3011, "bus_dcc": 2.5918, "bus_lcAssertive": 73.7977, "bus_lcCooperative": 0.8101, "bus_lcLookaheadLeft": 72.518, "bus_lcPushy": 0.4321, "bus_lcSigma": 0.6024, "bus_lcSpeedGainRight": 0.6055, "bus_lcSublane": 0.3043, "bus_sigma": 0.4172, "bus_tau_mean": 2.1211, "bus_tau_std": 3.7959, "bus_v_mean": 15.7425, "bus_v_std": 1.4327, "car_acc": 2.4515, "car_dcc": 2.5855, "car_lcAssertive": 9.7894, "car_lcCooperative": 0.5807, "car_lcLookaheadLeft": 55.068, "car_lcPushy": 0.7284, "car_lcSigma": 0.7914, "car_lcSpeedGainRight": 2.4617, "car_lcSublane": 0.4674, "car_sigma": 0.8414, "car_tau_mean": 3.4725, "car_tau_std": 6.7748, "car_v_mean": 18.2737, "car_v_std": 9.0457}, "datetime": {"datetime": "2024-08-08 12:23:09", "elapsed": 1399.250942, "delta": 9.170127}}
{"target": -0.3237815933809721, "params": {"bus_acc": 1.4014, "bus_dcc": 2.8052, "bus_lcAssertive": 73.0301, "bus_lcCooperative": 0.5493, "bus_lcLookaheadLeft": 31.1385, "bus_lcPushy": 0.4721, "bus_lcSigma": 0.1983, "bus_lcSpeedGainRight": 0.8181, "bus_lcSublane": 0.8188, "bus_sigma": 0.1764, "bus_tau_mean": 1.9191, "bus_tau_std": 6.2647, "bus_v_mean": 8.5974, "bus_v_std": 11.6418, "car_acc": 3.8116, "car_dcc": 2.2088, "car_lcAssertive": 11.1076, "car_lcCooperative": 0.5714, "car_lcLookaheadLeft": 15.9479, "car_lcPushy": 0.0761, "car_lcSigma": 0.4529, "car_lcSpeedGainRight": 1.0626, "car_lcSublane": 0.4898, "car_sigma": 0.8229, "car_tau_mean": 3.7069, "car_tau_std": 3.097, "car_v_mean": 20.3337, "car_v_std": 17.2002}, "datetime": {"datetime": "2024-08-08 12:23:11", "elapsed": 1401.913963, "delta": 2.663021}}
{"target": -0.3556863154976616, "params": {"bus_acc": 3.98, "bus_dcc": 3.9506, "bus_lcAssertive": 74.8654, "bus_lcCooperative": 0.4063, "bus_lcLookaheadLeft": 36.2876, "bus_lcPushy": 0.08, "bus_lcSigma": 0.2837, "bus_lcSpeedGainRight": 4.9707, "bus_lcSublane": 0.6146, "bus_sigma": 0.9392, "bus_tau_mean": 3.9696, "bus_tau_std": 0.0664, "bus_v_mean": 19.1666, "bus_v_std": 5.6454, "car_acc": 1.8032, "car_dcc": 2.0433, "car_lcAssertive": 62.3417, "car_lcCooperative": 0.2783, "car_lcLookaheadLeft": 66.3301, "car_lcPushy": 0.5436, "car_lcSigma": 0.5973, "car_lcSpeedGainRight": 4.7472, "car_lcSublane": 0.5268, "car_sigma": 0.2386, "car_tau_mean": 3.2687, "car_tau_std": 8.4522, "car_v_mean": 13.0036, "car_v_std": 10.1936}, "datetime": {"datetime": "2024-08-08 12:23:13", "elapsed": 1403.298358, "delta": 1.384395}}
{"target": -0.3459769350729733, "params": {"bus_acc": 4.1484, "bus_dcc": 3.7665, "bus_lcAssertive": 85.5102, "bus_lcCooperative": 0.4541, "bus_lcLookaheadLeft": 55.0586, "bus_lcPushy": 0.6782, "bus_lcSigma": 0.7577, "bus_lcSpeedGainRight": 2.8296, "bus_lcSublane": 0.2375, "bus_sigma": 0.7508, "bus_tau_mean": 2.0781, "bus_tau_std": 2.0911, "bus_v_mean": 9.0725, "bus_v_std": 16.9983, "car_acc": 1.1887, "car_dcc": 3.8805, "car_lcAssertive": 10.6162, "car_lcCooperative": 0.0803, "car_lcLookaheadLeft": 94.1059, "car_lcPushy": 0.5131, "car_lcSigma": 0.9702, "car_lcSpeedGainRight": 2.7087, "car_lcSublane": 0.2467, "car_sigma": 0.8858, "car_tau_mean": 0.8659, "car_tau_std": 4.8818, "car_v_mean": 20.1865, "car_v_std": 1.2817}, "datetime": {"datetime": "2024-08-08 12:23:16", "elapsed": 1406.23066, "delta": 2.932302}}
{"target": -0.3241106539963039, "params": {"bus_acc": 1.9845, "bus_dcc": 2.5677, "bus_lcAssertive": 21.1062, "bus_lcCooperative": 0.7697, "bus_lcLookaheadLeft": 33.3679, "bus_lcPushy": 0.7731, "bus_lcSigma": 0.1858, "bus_lcSpeedGainRight": 2.7196, "bus_lcSublane": 0.3099, "bus_sigma": 0.4666, "bus_tau_mean": 2.548, "bus_tau_std": 7.2862, "bus_v_mean": 11.8952, "bus_v_std": 16.1902, "car_acc": 3.4272, "car_dcc": 2.305, "car_lcAssertive": 65.2887, "car_lcCooperative": 0.3079, "car_lcLookaheadLeft": 18.0156, "car_lcPushy": 0.4261, "car_lcSigma": 0.4097, "car_lcSpeedGainRight": 2.732, "car_lcSublane": 0.3647, "car_sigma": 0.3773, "car_tau_mean": 3.3142, "car_tau_std": 3.2392, "car_v_mean": 22.4002, "car_v_std": 18.8456}, "datetime": {"datetime": "2024-08-08 12:23:18", "elapsed": 1408.955448, "delta": 2.724788}}
{"target": -0.3945111220025791, "params": {"bus_acc": 4.263, "bus_dcc": 3.2758, "bus_lcAssertive": 84.9447, "bus_lcCooperative": 0.0211, "bus_lcLookaheadLeft": 96.619, "bus_lcPushy": 0.6686, "bus_lcSigma": 0.0106, "bus_lcSpeedGainRight": 1.658, "bus_lcSublane": 0.5713, "bus_sigma": 0.5475, "bus_tau_mean": 3.2728, "bus_tau_std": 0.3661, "bus_v_mean": 17.273, "bus_v_std": 7.8387, "car_acc": 3.5359, "car_dcc": 1.6243, "car_lcAssertive": 66.9442, "car_lcCooperative": 0.8204, "car_lcLookaheadLeft": 11.9838, "car_lcPushy": 0.9557, "car_lcSigma": 0.0254, "car_lcSpeedGainRight": 1.7465, "car_lcSublane": 0.2134, "car_sigma": 0.7084, "car_tau_mean": 0.7282, "car_tau_std": 8.0789, "car_v_mean": 18.4027, "car_v_std": 8.3717}, "datetime": {"datetime": "2024-08-08 12:23:21", "elapsed": 1411.219637, "delta": 2.264189}}
{"target": -0.30537037819250457, "params": {"bus_acc": 3.6735, "bus_dcc": 1.2961, "bus_lcAssertive": 16.867, "bus_lcCooperative": 0.0217, "bus_lcLookaheadLeft": 32.5921, "bus_lcPushy": 0.7631, "bus_lcSigma": 0.0264, "bus_lcSpeedGainRight": 4.4942, "bus_lcSublane": 0.015, "bus_sigma": 0.1808, "bus_tau_mean": 1.9483, "bus_tau_std": 3.5125, "bus_v_mean": 17.5782, "bus_v_std": 0.6955, "car_acc": 2.8336, "car_dcc": 2.8232, "car_lcAssertive": 50.5435, "car_lcCooperative": 0.4007, "car_lcLookaheadLeft": 12.226, "car_lcPushy": 0.8925, "car_lcSigma": 0.8079, "car_lcSpeedGainRight": 0.0569, "car_lcSublane": 0.9312, "car_sigma": 0.6338, "car_tau_mean": 2.8069, "car_tau_std": 1.9068, "car_v_mean": 11.657, "car_v_std": 11.1115}, "datetime": {"datetime": "2024-08-08 12:23:24", "elapsed": 1415.04418, "delta": 3.824543}}
{"target": -0.3330770279220922, "params": {"bus_acc": 2.5375, "bus_dcc": 1.761, "bus_lcAssertive": 60.5547, "bus_lcCooperative": 0.7665, "bus_lcLookaheadLeft": 36.6339, "bus_lcPushy": 0.5654, "bus_lcSigma": 0.4897, "bus_lcSpeedGainRight": 1.0732, "bus_lcSublane": 0.6555, "bus_sigma": 0.47, "bus_tau_mean": 1.7693, "bus_tau_std": 7.1246, "bus_v_mean": 14.1827, "bus_v_std": 18.1781, "car_acc": 2.7656, "car_dcc": 2.1806, "car_lcAssertive": 9.0343, "car_lcCooperative": 0.4074, "car_lcLookaheadLeft": 14.5641, "car_lcPushy": 0.4144, "car_lcSigma": 0.4119, "car_lcSpeedGainRight": 3.0523, "car_lcSublane": 0.4575, "car_sigma": 0.6145, "car_tau_mean": 3.0278, "car_tau_std": 5.263, "car_v_mean": 21.1861, "car_v_std": 12.4879}, "datetime": {"datetime": "2024-08-08 12:23:30", "elapsed": 1420.529533, "delta": 5.485353}}
{"target": -0.3534870351727759, "params": {"bus_acc": 3.3266, "bus_dcc": 2.6127, "bus_lcAssertive": 35.8301, "bus_lcCooperative": 0.7693, "bus_lcLookaheadLeft": 29.6357, "bus_lcPushy": 0.362, "bus_lcSigma": 0.7473, "bus_lcSpeedGainRight": 2.4672, "bus_lcSublane": 0.2496, "bus_sigma": 0.8375, "bus_tau_mean": 3.9762, "bus_tau_std": 5.1115, "bus_v_mean": 8.9092, "bus_v_std": 5.6102, "car_acc": 2.5878, "car_dcc": 1.7681, "car_lcAssertive": 26.3644, "car_lcCooperative": 0.7411, "car_lcLookaheadLeft": 97.3608, "car_lcPushy": 0.8344, "car_lcSigma": 0.9133, "car_lcSpeedGainRight": 0.3335, "car_lcSublane": 0.4649, "car_sigma": 0.8363, "car_tau_mean": 3.3083, "car_tau_std": 7.8626, "car_v_mean": 17.7219, "car_v_std": 0.4147}, "datetime": {"datetime": "2024-08-08 12:23:33", "elapsed": 1423.194741, "delta": 2.665208}}
