{"target": -0.06082231823883131, "params": {"bus_acc": 1.177996441644756, "bus_dcc": 1.554716770835225, "bus_lcAssertive": 53.1583357132916, "bus_lcCooperative": 0.417102418106858, "bus_lcLookaheadLeft": 80.4646464966655, "bus_lcPushy": 0.9332023381866817, "bus_lcSublane": 0.17786474795134855, "bus_tau_mean": 3.510233698066757, "bus_tau_std": 9.573949263266687, "bus_v_mean": 23.351529709596512, "bus_v_std": 0.37862587720430496, "car_acc": 1.1151670112163474, "car_dcc": 1.017392178753067, "car_lcAssertive": 31.955434459392166, "car_lcCooperative": 0.05569841271210463, "car_lcLookaheadLeft": 30.79852357611333, "car_lcPushy": 0.3560164860311865, "car_lcSublane": 0.9536770184739218, "car_tau_mean": 2.1693282287037228, "car_tau_std": 2.782384424213303, "car_v_mean": 16.048083120815278, "car_v_std": 6.433579246491355}, "datetime": {"datetime": "2024-08-05 18:24:11", "elapsed": 103.434175, "delta": 1.875203}}
{"target": -0.06047431943836842, "params": {"bus_acc": 2.0875749833276505, "bus_dcc": 2.880748050041004, "bus_lcAssertive": 25.05176545130931, "bus_lcCooperative": 0.9138438752466082, "bus_lcLookaheadLeft": 62.98662781177855, "bus_lcPushy": 0.23169469139485988, "bus_lcSublane": 0.7701321875998075, "bus_tau_mean": 0.8692747799906717, "bus_tau_std": 5.552253185313445, "bus_v_mean": 9.519297116839864, "bus_v_std": 5.8098407267501955, "car_acc": 1.5059602254403768, "car_dcc": 2.948400423864239, "car_lcAssertive": 71.86686833295983, "car_lcCooperative": 0.5241856145686612, "car_lcLookaheadLeft": 66.43709795490479, "car_lcPushy": 0.8132938453250557, "car_lcSublane": 0.8075122716430321, "car_tau_mean": 2.6688869721885196, "car_tau_std": 4.511024621207749, "car_v_mean": 14.52719982475788, "car_v_std": 8.747476199043634}, "datetime": {"datetime": "2024-08-05 18:24:13", "elapsed": 105.016146, "delta": 1.581971}}
{"target": -0.0550319355942693, "params": {"bus_acc": 1.5046514891406468, "bus_dcc": 3.2314775622252787, "bus_lcAssertive": 20.34751862982256, "bus_lcCooperative": 0.5813589272732578, "bus_lcLookaheadLeft": 97.06195893065461, "bus_lcPushy": 0.8468288014900353, "bus_lcSublane": 0.23984775914758616, "bus_tau_mean": 2.228193999940555, "bus_tau_std": 6.1995571838137975, "bus_v_mean": 21.26369439280286, "bus_v_std": 1.5679139464608427, "car_acc": 1.037152404354819, "car_dcc": 1.210066431157667, "car_lcAssertive": 49.14816598276615, "car_lcCooperative": 0.6063294616533303, "car_lcLookaheadLeft": 57.74744083447517, "car_lcPushy": 0.31736240932216075, "car_lcSublane": 0.9886161544124489, "car_tau_mean": 2.5291082673602894, "car_tau_std": 3.801411726235504, "car_v_mean": 16.815171505886347, "car_v_std": 7.453344309065021}, "datetime": {"datetime": "2024-08-05 18:24:15", "elapsed": 107.679769, "delta": 2.663623}}
{"target": -0.06341136900891488, "params": {"bus_acc": 2.326882995636896, "bus_dcc": 2.8650871606273656, "bus_lcAssertive": 12.359851322384143, "bus_lcCooperative": 0.9494892587070712, "bus_lcLookaheadLeft": 46.09138908103417, "bus_lcPushy": 0.5783896143871318, "bus_lcSublane": 0.40813680276128117, "bus_tau_mean": 1.329594430850597, "bus_tau_std": 9.033795205622537, "bus_v_mean": 17.178871786756574, "bus_v_std": 0.0287032703115897, "car_acc": 2.2342898272414478, "car_dcc": 1.9799347053162886, "car_lcAssertive": 53.17875212350332, "car_lcCooperative": 0.8859420993107745, "car_lcLookaheadLeft": 37.01243648024498, "car_lcPushy": 0.9085351509197992, "car_lcSublane": 0.6233601157918027, "car_tau_mean": 0.555374349962947, "car_tau_std": 9.294372337437613, "car_v_mean": 19.054350680270783, "car_v_std": 9.973228504514806}, "datetime": {"datetime": "2024-08-05 18:24:17", "elapsed": 109.0218, "delta": 1.342031}}
{"target": -0.0544337196249657, "params": {"bus_acc": 2.7289588601091994, "bus_dcc": 1.9680429905102392, "bus_lcAssertive": 67.40809028797113, "bus_lcCooperative": 0.45087393641334916, "bus_lcLookaheadLeft": 39.44606969908869, "bus_lcPushy": 0.4108113499221856, "bus_lcSublane": 0.4014795834695406, "bus_tau_mean": 1.610843810853969, "bus_tau_std": 6.2191936792030145, "bus_v_mean": 14.88395633314023, "bus_v_std": 9.738020779272523, "car_acc": 2.3556017828686224, "car_dcc": 1.5957096652813325, "car_lcAssertive": 43.24339992545524, "car_lcCooperative": 0.343346239774423, "car_lcLookaheadLeft": 80.16860278793952, "car_lcPushy": 0.8799982885634318, "car_lcSublane": 0.903841955826372, "car_tau_mean": 2.819519343313418, "car_tau_std": 2.7020826202975776, "car_v_mean": 12.037867224073436, "car_v_std": 8.548979426974023}, "datetime": {"datetime": "2024-08-05 18:24:18", "elapsed": 110.215246, "delta": 1.193446}}
{"target": -0.05753413855037611, "params": {"bus_acc": 2.401066145239005, "bus_dcc": 3.7916794577495354, "bus_lcAssertive": 86.39905275601697, "bus_lcCooperative": 0.1674418575065213, "bus_lcLookaheadLeft": 27.787624344539672, "bus_lcPushy": 0.07161027944180454, "bus_lcSublane": 0.978672805158347, "bus_tau_mean": 1.3273443453113145, "bus_tau_std": 6.6059835592859875, "bus_v_mean": 9.434091182839392, "bus_v_std": 2.1077094208701874, "car_acc": 2.005648767036809, "car_dcc": 1.3148610049897842, "car_lcAssertive": 39.49846686677771, "car_lcCooperative": 0.5379877201396809, "car_lcLookaheadLeft": 35.2420101187398, "car_lcPushy": 0.5559002111265755, "car_lcSublane": 0.536768321942464, "car_tau_mean": 1.8671367455791703, "car_tau_std": 6.96270083101103, "car_v_mean": 18.855719263966783, "car_v_std": 6.873031493743898}, "datetime": {"datetime": "2024-08-05 18:24:19", "elapsed": 111.682881, "delta": 1.467635}}
{"target": -0.06760289355488082, "params": {"bus_acc": 1.6605538730501619, "bus_dcc": 3.0921066268394184, "bus_lcAssertive": 27.59636226671643, "bus_lcCooperative": 0.8082780137053801, "bus_lcLookaheadLeft": 30.938301851185084, "bus_lcPushy": 0.5441213835853572, "bus_lcSublane": 0.4879214918052024, "bus_tau_mean": 3.493747444083794, "bus_tau_std": 8.883864343953858, "bus_v_mean": 10.950151077884268, "bus_v_std": 5.853484589382511, "car_acc": 2.7964100920342743, "car_dcc": 2.338351657103289, "car_lcAssertive": 92.26496224289772, "car_lcCooperative": 0.2789908904569709, "car_lcLookaheadLeft": 61.66545507099198, "car_lcPushy": 0.6824537097668154, "car_lcSublane": 0.2282057333504841, "car_tau_mean": 0.5481862939520088, "car_tau_std": 4.167239623706961, "car_v_mean": 23.015710269707746, "car_v_std": 3.4302810983040652}, "datetime": {"datetime": "2024-08-05 18:24:22", "elapsed": 114.37324, "delta": 2.690359}}
{"target": -0.06207090645729648, "params": {"bus_acc": 1.3523925111501105, "bus_dcc": 1.996190723100511, "bus_lcAssertive": 13.968687636280773, "bus_lcCooperative": 0.8094906921265821, "bus_lcLookaheadLeft": 35.78419196296276, "bus_lcPushy": 0.9401074823333672, "bus_lcSublane": 0.58201417994708, "bus_tau_mean": 3.575911945441454, "bus_tau_std": 8.447344453922218, "bus_v_mean": 22.486277099338388, "bus_v_std": 4.598802658168069, "car_acc": 2.0926936320407465, "car_dcc": 3.3958107734561183, "car_lcAssertive": 29.28616632168061, "car_lcCooperative": 0.4902535226199277, "car_lcLookaheadLeft": 60.71281014929608, "car_lcPushy": 0.015533275550835723, "car_lcSublane": 0.5934814081966372, "car_tau_mean": 2.0178672214631037, "car_tau_std": 8.073605288848414, "car_v_mean": 13.043916849525967, "car_v_std": 8.928887085251514}, "datetime": {"datetime": "2024-08-05 18:24:24", "elapsed": 116.296682, "delta": 1.923442}}
{"target": -0.06818556279666366, "params": {"bus_acc": 1.22249134513487, "bus_dcc": 3.2741849743993257, "bus_lcAssertive": 85.34263135744226, "bus_lcCooperative": 0.8442498595694283, "bus_lcLookaheadLeft": 89.26966957638477, "bus_lcPushy": 0.38184239675576115, "bus_lcSublane": 0.44380519836651855, "bus_tau_mean": 0.8555351658115816, "bus_tau_std": 2.2580692243123512, "bus_v_mean": 23.541127508371375, "bus_v_std": 2.846239689687354, "car_acc": 2.8147922844819946, "car_dcc": 3.6716568591349334, "car_lcAssertive": 92.32794522877894, "car_lcCooperative": 0.15614956444079475, "car_lcLookaheadLeft": 88.21277006313532, "car_lcPushy": 0.6319949504631371, "car_lcSublane": 0.21062817841880244, "car_tau_mean": 1.707905701730284, "car_tau_std": 1.5991878858928321, "car_v_mean": 15.109570519138035, "car_v_std": 0.8377495384546052}, "datetime": {"datetime": "2024-08-05 18:24:25", "elapsed": 117.730905, "delta": 1.434223}}
{"target": -0.04797344639765617, "params": {"bus_acc": 1.832201545236284, "bus_dcc": 2.5947503976877053, "bus_lcAssertive": 68.24208206937614, "bus_lcCooperative": 0.5128751425899913, "bus_lcLookaheadLeft": 31.313009776761888, "bus_lcPushy": 0.10538467273003926, "bus_lcSublane": 0.28493214572214476, "bus_tau_mean": 3.1909849690071526, "bus_tau_std": 6.407827044518461, "bus_v_mean": 20.821291251251083, "bus_v_std": 5.171205319704266, "car_acc": 1.46420004369267, "car_dcc": 2.883885780945708, "car_lcAssertive": 31.09654351220801, "car_lcCooperative": 0.029528744942020957, "car_lcLookaheadLeft": 90.52645532805381, "car_lcPushy": 0.4203695688027851, "car_lcSublane": 0.4261307804247122, "car_tau_mean": 3.0943810736615065, "car_tau_std": 9.484584043057936, "car_v_mean": 9.160248448727414, "car_v_std": 1.7270108813227492}, "datetime": {"datetime": "2024-08-05 18:24:27", "elapsed": 119.377158, "delta": 1.646253}}
{"target": -0.05505689885042489, "params": {"bus_acc": 1.6268483563184857, "bus_dcc": 3.0769678470079422, "bus_lcAssertive": 87.7625260773078, "bus_lcCooperative": 0.8946066635038473, "bus_lcLookaheadLeft": 10.334332714238235, "bus_lcPushy": 0.03905478323288236, "bus_lcSublane": 0.1698304195645689, "bus_tau_mean": 3.573498762002946, "bus_tau_std": 0.983468338330501, "bus_v_mean": 14.737722000080835, "bus_v_std": 9.57889530150502, "car_acc": 2.066330569946034, "car_dcc": 3.07563134185142, "car_lcAssertive": 32.23604746960023, "car_lcCooperative": 0.6865009276815837, "car_lcLookaheadLeft": 83.79331584594254, "car_lcPushy": 0.018288277344191806, "car_lcSublane": 0.7501443149449675, "car_tau_mean": 3.9610138111727315, "car_tau_std": 7.481656543798394, "car_v_mean": 12.487103873030483, "car_v_std": 7.892793284514886}, "datetime": {"datetime": "2024-08-05 18:24:29", "elapsed": 120.74263, "delta": 1.365472}}
{"target": -0.06006397158261884, "params": {"bus_acc": 1.3021490369428639, "bus_dcc": 2.5690255952033927, "bus_lcAssertive": 94.407429007197, "bus_lcCooperative": 0.865686014006334, "bus_lcLookaheadLeft": 40.422455155177914, "bus_lcPushy": 0.28386751597340265, "bus_lcSublane": 0.7617298626927418, "bus_tau_mean": 1.3416951368108072, "bus_tau_std": 2.542323546573524, "bus_v_mean": 9.345381666878872, "bus_v_std": 8.64144094764027, "car_acc": 1.8957978312405597, "car_dcc": 2.6853587818299207, "car_lcAssertive": 73.93438481165848, "car_lcCooperative": 0.7964888671311956, "car_lcLookaheadLeft": 45.855797621050755, "car_lcPushy": 0.18412755617579835, "car_lcSublane": 0.8287328515283018, "car_tau_mean": 0.6084928593988954, "car_tau_std": 9.467282696079524, "car_v_mean": 17.231645543640028, "car_v_std": 8.75388738450687}, "datetime": {"datetime": "2024-08-05 18:24:30", "elapsed": 122.200284, "delta": 1.457654}}
{"target": -0.06026026049625124, "params": {"bus_acc": 2.5836420790083077, "bus_dcc": 3.0872926428155183, "bus_lcAssertive": 78.00699920905836, "bus_lcCooperative": 0.4064828689770863, "bus_lcLookaheadLeft": 65.48152205237315, "bus_lcPushy": 0.1797942976929744, "bus_lcSublane": 0.321819963387904, "bus_tau_mean": 1.1041161704192737, "bus_tau_std": 4.086372250132624, "bus_v_mean": 11.862699967449581, "bus_v_std": 4.0692199412935794, "car_acc": 2.950444684874624, "car_dcc": 1.960957977466094, "car_lcAssertive": 98.26660355251464, "car_lcCooperative": 0.6363061258559836, "car_lcLookaheadLeft": 38.75891980260328, "car_lcPushy": 0.8574844990835966, "car_lcSublane": 0.6195867393685738, "car_tau_mean": 1.3821157804579378, "car_tau_std": 7.928556779768876, "car_v_mean": 14.927016139746609, "car_v_std": 3.575111673304414}, "datetime": {"datetime": "2024-08-05 18:24:31", "elapsed": 123.386548, "delta": 1.186264}}
{"target": -0.05761075808480743, "params": {"bus_acc": 2.9949699854566587, "bus_dcc": 2.7460899290303855, "bus_lcAssertive": 30.044251570119606, "bus_lcCooperative": 0.9289494618931157, "bus_lcLookaheadLeft": 51.69770350772404, "bus_lcPushy": 0.4546922275524069, "bus_lcSublane": 0.5878715062961865, "bus_tau_mean": 1.4244817547369937, "bus_tau_std": 3.052882993474333, "bus_v_mean": 13.94647322758692, "bus_v_std": 2.444479993716109, "car_acc": 2.1690945322332595, "car_dcc": 3.087538401796979, "car_lcAssertive": 8.122774796236111, "car_lcCooperative": 0.9710833196254638, "car_lcLookaheadLeft": 75.80092427520658, "car_lcPushy": 0.8061631629534083, "car_lcSublane": 0.7516404040812905, "car_tau_mean": 0.7802134204492606, "car_tau_std": 4.816962830211771, "car_v_mean": 15.130767302426497, "car_v_std": 6.724726505249299}, "datetime": {"datetime": "2024-08-05 18:24:33", "elapsed": 124.823215, "delta": 1.436667}}
{"target": -0.057379830048832355, "params": {"bus_acc": 1.7104187786792875, "bus_dcc": 3.922637883685274, "bus_lcAssertive": 13.154440815492576, "bus_lcCooperative": 0.18756989261723955, "bus_lcLookaheadLeft": 89.16536259551893, "bus_lcPushy": 0.5834063146082279, "bus_lcSublane": 0.3092463846587796, "bus_tau_mean": 0.5026753491736581, "bus_tau_std": 2.2759773832225303, "bus_v_mean": 10.326458146739771, "bus_v_std": 2.034338243700906, "car_acc": 2.7926451136080095, "car_dcc": 3.6192831348089216, "car_lcAssertive": 70.32865432571153, "car_lcCooperative": 0.47049767615220905, "car_lcLookaheadLeft": 83.05932822856425, "car_lcPushy": 0.49582639708521237, "car_lcSublane": 0.36348868328490525, "car_tau_mean": 1.4646108596630056, "car_tau_std": 9.247408135383717, "car_v_mean": 14.191827748100675, "car_v_std": 4.928808734313202}, "datetime": {"datetime": "2024-08-05 18:24:35", "elapsed": 126.886119, "delta": 2.062904}}
{"target": -0.06123748100152996, "params": {"bus_acc": 1.4629258710684956, "bus_dcc": 2.2804640483447067, "bus_lcAssertive": 25.563034941957305, "bus_lcCooperative": 0.8456149622311454, "bus_lcLookaheadLeft": 98.6943896068721, "bus_lcPushy": 0.06657080313237929, "bus_lcSublane": 0.7139280322669613, "bus_tau_mean": 1.65540443269676, "bus_tau_std": 6.254353783114329, "bus_v_mean": 12.130074388509936, "bus_v_std": 6.510076093084951, "car_acc": 1.742294368925459, "car_dcc": 1.884462638610891, "car_lcAssertive": 91.26455419608209, "car_lcCooperative": 0.9424988742262075, "car_lcLookaheadLeft": 62.12790260289327, "car_lcPushy": 0.21446778083069262, "car_lcSublane": 0.9394188709061594, "car_tau_mean": 3.1265874135316345, "car_tau_std": 7.510898073228061, "car_v_mean": 11.38754135757578, "car_v_std": 8.301565261622994}, "datetime": {"datetime": "2024-08-05 18:24:36", "elapsed": 128.303558, "delta": 1.417439}}
{"target": -0.06158539286258273, "params": {"bus_acc": 1.8974745176486438, "bus_dcc": 3.1129401951517286, "bus_lcAssertive": 68.48288842265967, "bus_lcCooperative": 0.6971485287527562, "bus_lcLookaheadLeft": 62.622872771030565, "bus_lcPushy": 0.15098073327964578, "bus_lcSublane": 0.760802456305756, "bus_tau_mean": 3.2336603776788495, "bus_tau_std": 9.04102985913805, "bus_v_mean": 11.740299081665695, "bus_v_std": 1.7667889307234141, "car_acc": 1.7821982462135249, "car_dcc": 1.9616939619854805, "car_lcAssertive": 81.732215971557, "car_lcCooperative": 0.6135258996684316, "car_lcLookaheadLeft": 76.48017173027539, "car_lcPushy": 0.4276650996969642, "car_lcSublane": 0.09944056291558923, "car_tau_mean": 0.9026225421758618, "car_tau_std": 3.734071317371953, "car_v_mean": 11.101564280152115, "car_v_std": 8.207464986229382}, "datetime": {"datetime": "2024-08-05 18:24:39", "elapsed": 131.181338, "delta": 2.87778}}
{"target": -0.050457332281661396, "params": {"bus_acc": 1.2534267676938455, "bus_dcc": 1.7327999896269275, "bus_lcAssertive": 8.854816712873575, "bus_lcCooperative": 0.3028583047175786, "bus_lcLookaheadLeft": 74.68707042269243, "bus_lcPushy": 0.6150157249710488, "bus_lcSublane": 0.6724110989339258, "bus_tau_mean": 0.5293407783376105, "bus_tau_std": 6.783769722513199, "bus_v_mean": 16.050891048686193, "bus_v_std": 2.309084504841792, "car_acc": 1.3497930179638444, "car_dcc": 1.5549488966524896, "car_lcAssertive": 84.58174050243474, "car_lcCooperative": 0.9825897893050853, "car_lcLookaheadLeft": 91.5464832344799, "car_lcPushy": 0.3473694203728128, "car_lcSublane": 0.7802245796913637, "car_tau_mean": 2.4125910674550073, "car_tau_std": 8.164423975559377, "car_v_mean": 15.739631219022494, "car_v_std": 5.899512982994038}, "datetime": {"datetime": "2024-08-05 18:24:40", "elapsed": 132.657139, "delta": 1.475801}}
{"target": -0.06219876068857024, "params": {"bus_acc": 2.874504124256898, "bus_dcc": 2.468694883435506, "bus_lcAssertive": 54.42526189924171, "bus_lcCooperative": 0.8952603657312208, "bus_lcLookaheadLeft": 45.77023449072167, "bus_lcPushy": 0.8770343892703519, "bus_lcSublane": 0.25358174937162836, "bus_tau_mean": 1.45833396455338, "bus_tau_std": 3.2836139008759013, "bus_v_mean": 16.761028327695257, "bus_v_std": 2.201286740269812, "car_acc": 2.342858342162547, "car_dcc": 1.4283798484090013, "car_lcAssertive": 10.315927175464303, "car_lcCooperative": 0.8701917462053776, "car_lcLookaheadLeft": 25.213132948585855, "car_lcPushy": 0.3860040110225955, "car_lcSublane": 0.5715420927253323, "car_tau_mean": 2.340306894830145, "car_tau_std": 0.7602387944210687, "car_v_mean": 21.98601496956845, "car_v_std": 9.511356184186921}, "datetime": {"datetime": "2024-08-05 18:24:42", "elapsed": 134.143592, "delta": 1.486453}}
{"target": -0.058193393616350085, "params": {"bus_acc": 1.6225921649123343, "bus_dcc": 3.396918521084779, "bus_lcAssertive": 81.25228124124325, "bus_lcCooperative": 0.8599985915803449, "bus_lcLookaheadLeft": 46.9379794684451, "bus_lcPushy": 0.9306443921654484, "bus_lcSublane": 0.2578929844270399, "bus_tau_mean": 3.7705592238535464, "bus_tau_std": 6.191196332516605, "bus_v_mean": 23.76711863911729, "bus_v_std": 0.3264386596259239, "car_acc": 2.4503333176654167, "car_dcc": 2.6966627061411432, "car_lcAssertive": 49.74998069243364, "car_lcCooperative": 0.259218125650737, "car_lcLookaheadLeft": 34.029407116904764, "car_lcPushy": 0.24946220670138775, "car_lcSublane": 0.21926791032506077, "car_tau_mean": 3.298812931336936, "car_tau_std": 5.023950058982583, "car_v_mean": 9.331038219151964, "car_v_std": 7.769841920273803}, "datetime": {"datetime": "2024-08-05 18:24:44", "elapsed": 135.86725, "delta": 1.723658}}
{"target": -0.06479758077190637, "params": {"bus_acc": 1.1763772911430201, "bus_dcc": 3.051131007464914, "bus_lcAssertive": 12.919686808914616, "bus_lcCooperative": 0.010699003144174157, "bus_lcLookaheadLeft": 56.61228654734155, "bus_lcPushy": 0.9071090552203707, "bus_lcSublane": 0.8604566673368852, "bus_tau_mean": 1.684579844413875, "bus_tau_std": 0.2715882932586222, "bus_v_mean": 20.81374968208053, "bus_v_std": 8.05984932289666, "car_acc": 2.736976232605544, "car_dcc": 3.0089397996265994, "car_lcAssertive": 80.97010736919258, "car_lcCooperative": 0.8974982823028202, "car_lcLookaheadLeft": 46.4753351480212, "car_lcPushy": 0.5578253037149105, "car_lcSublane": 0.5061311288282347, "car_tau_mean": 2.9219436658347657, "car_tau_std": 6.829068676298748, "car_v_mean": 16.325018173813064, "car_v_std": 8.284681480854713}, "datetime": {"datetime": "2024-08-05 18:24:46", "elapsed": 137.966866, "delta": 2.099616}}
{"target": -0.04750373093039654, "params": {"bus_acc": 1.4801903083224202, "bus_dcc": 2.8948622357504807, "bus_lcAssertive": 71.36321742005904, "bus_lcCooperative": 0.7423834297071017, "bus_lcLookaheadLeft": 40.24594105075894, "bus_lcPushy": 0.7598253967160974, "bus_lcSublane": 0.9029359021217099, "bus_tau_mean": 2.5559700673315193, "bus_tau_std": 0.9040971569479861, "bus_v_mean": 10.063615746276417, "bus_v_std": 1.052625266627869, "car_acc": 1.34545492664576, "car_dcc": 1.379292670869055, "car_lcAssertive": 78.05178811669514, "car_lcCooperative": 0.039411512184444275, "car_lcLookaheadLeft": 25.672724899404674, "car_lcPushy": 0.8790664013584655, "car_lcSublane": 0.9735188608362936, "car_tau_mean": 2.6189770270446684, "car_tau_std": 9.762382645603884, "car_v_mean": 8.695224667439629, "car_v_std": 9.485727683760075}, "datetime": {"datetime": "2024-08-05 18:24:48", "elapsed": 140.368342, "delta": 2.401476}}
{"target": -0.056663211458505794, "params": {"bus_acc": 1.0870685275155307, "bus_dcc": 3.8522602841830067, "bus_lcAssertive": 56.0842846514216, "bus_lcCooperative": 0.3763632166870875, "bus_lcLookaheadLeft": 99.51512758923289, "bus_lcPushy": 0.05836264614763165, "bus_lcSublane": 0.5167063597676121, "bus_tau_mean": 0.6088397640944174, "bus_tau_std": 5.711757391862334, "bus_v_mean": 10.88749614392185, "bus_v_std": 6.309592003395305, "car_acc": 2.961847351501163, "car_dcc": 3.6247076536371425, "car_lcAssertive": 45.73178869266619, "car_lcCooperative": 0.7084608700517172, "car_lcLookaheadLeft": 78.19193750031255, "car_lcPushy": 0.4948430841825636, "car_lcSublane": 0.5285334901775651, "car_tau_mean": 1.027745394302674, "car_tau_std": 3.6939992561190627, "car_v_mean": 10.275540049164587, "car_v_std": 7.2689375334456265}, "datetime": {"datetime": "2024-08-05 18:24:50", "elapsed": 142.144508, "delta": 1.776166}}
