{"target": -0.3491126721824691, "params": {"bus_acc": 3.906382179806809, "bus_dcc": 2.7477065720868796, "bus_lcAssertive": 18.762371724982845, "bus_lcCooperative": 0.7340835951719715, "bus_lcLookaheadLeft": 60.35351331614995, "bus_lcPushy": 0.5461849318795767, "bus_lcSigma": 0.7271232606822634, "bus_lcSpeedGainRight": 1.5697346295557617, "bus_lcSublane": 0.0706075013953893, "bus_sigma": 0.08821398358808574, "bus_tau_mean": 1.6470457854727156, "bus_tau_std": 2.3168242173772335, "bus_v_mean": 19.971474783815214, "bus_v_std": 12.152777371261417, "car_acc": 1.3817253499742441, "car_dcc": 3.159560025266673, "car_lcAssertive": 91.693683655633, "car_lcCooperative": 0.8243801957689545, "car_lcLookaheadLeft": 67.98428732063383, "car_lcPushy": 0.7766406579132118, "car_lcSigma": 0.15012411986947383, "car_lcSpeedGainRight": 0.327562887203629, "car_lcSublane": 0.7479799802018421, "car_sigma": 0.9847820247554123, "car_tau_mean": 1.3408508503663574, "car_tau_std": 5.619359552062745, "car_v_mean": 9.293212420842332, "car_v_std": 11.22373289650038}, "datetime": {"datetime": "2024-08-08 17:30:35", "elapsed": 420.522059, "delta": 0.856907}}
{"target": -0.3027893347775326, "params": {"bus_acc": 2.302161190395958, "bus_dcc": 1.2575479033608805, "bus_lcAssertive": 54.066377652152696, "bus_lcCooperative": 0.33612544293733115, "bus_lcLookaheadLeft": 4.125169643557987, "bus_lcPushy": 0.7711523332537787, "bus_lcSigma": 0.38490912985398285, "bus_lcSpeedGainRight": 2.8566057502936775, "bus_lcSublane": 0.7557428557962304, "bus_sigma": 0.9408474199010457, "bus_tau_mean": 2.643128185396179, "bus_tau_std": 3.1539617878014314, "bus_v_mean": 9.761224125552287, "bus_v_std": 1.4783777582254443, "car_acc": 2.278763095490918, "car_dcc": 2.982517416868015, "car_lcAssertive": 69.82005440804134, "car_lcCooperative": 0.20771804006298766, "car_lcLookaheadLeft": 10.114001981658049, "car_lcPushy": 0.3055106612860311, "car_lcSigma": 0.5475745598545727, "car_lcSpeedGainRight": 3.7733483723743233, "car_lcSublane": 0.5296573205700426, "car_sigma": 0.28698375274707455, "car_tau_mean": 2.6846290314236883, "car_tau_std": 2.648366551761958, "car_v_mean": 18.44308662935237, "car_v_std": 16.837960156534756}, "datetime": {"datetime": "2024-08-08 17:30:36", "elapsed": 421.409223, "delta": 0.887164}}
{"target": -0.33638575642269236, "params": {"bus_acc": 2.489949627747778, "bus_dcc": 2.6752537633705904, "bus_lcAssertive": 38.72384078878505, "bus_lcCooperative": 0.4557468620624855, "bus_lcLookaheadLeft": 79.76554252353385, "bus_lcPushy": 0.10394013211011521, "bus_lcSigma": 0.9729965782271728, "bus_lcSpeedGainRight": 3.523095331055193, "bus_lcSublane": 0.8647278683763254, "bus_sigma": 0.7816800539428734, "bus_tau_mean": 2.012642997281083, "bus_tau_std": 9.425111433832146, "bus_v_mean": 12.04937947373651, "bus_v_std": 0.9249684637910471, "car_acc": 1.387512921059213, "car_dcc": 1.6022098657662343, "car_lcAssertive": 54.36897309839671, "car_lcCooperative": 0.22360255256593708, "car_lcLookaheadLeft": 83.86144034543766, "car_lcPushy": 0.009338687242805621, "car_lcSigma": 0.7459009287946741, "car_lcSpeedGainRight": 4.845039111210176, "car_lcSublane": 0.26718321108499254, "car_sigma": 0.6238155064284149, "car_tau_mean": 3.001728722309618, "car_tau_std": 3.269574179296341, "car_v_mean": 14.930025150605402, "car_v_std": 14.688176922295764}, "datetime": {"datetime": "2024-08-08 17:30:37", "elapsed": 422.37859, "delta": 0.969367}}
{"target": -0.37953943203868823, "params": {"bus_acc": 4.470508838460695, "bus_dcc": 3.5496156443209967, "bus_lcAssertive": 81.03272430400804, "bus_lcCooperative": 0.13069282439738805, "bus_lcLookaheadLeft": 54.52825233253759, "bus_lcPushy": 0.900783114706916, "bus_lcSigma": 0.7708318305538303, "bus_lcSpeedGainRight": 2.103565995125959, "bus_lcSublane": 0.9778803933599658, "bus_sigma": 0.25077315667300226, "bus_tau_mean": 1.667635800967642, "bus_tau_std": 9.54200507429589, "bus_v_mean": 20.939445570964637, "bus_v_std": 18.006800090213236, "car_acc": 1.0463583576395807, "car_dcc": 2.1392932991019844, "car_lcAssertive": 24.31667370437706, "car_lcCooperative": 0.2959350518874113, "car_lcLookaheadLeft": 74.3235586475764, "car_lcPushy": 0.7240848448640741, "car_lcSigma": 0.46179941019906146, "car_lcSpeedGainRight": 1.8263723060354686, "car_lcSublane": 0.5846916130045258, "car_sigma": 0.5337077546342763, "car_tau_mean": 2.427028456527517, "car_tau_std": 6.154770711146577, "car_v_mean": 14.330372356280781, "car_v_std": 15.434369648309168}, "datetime": {"datetime": "2024-08-08 17:30:38", "elapsed": 423.149386, "delta": 0.770796}}
{"target": -0.3027756522788594, "params": {"bus_acc": 4.898961483420329, "bus_dcc": 2.9098132000056918, "bus_lcAssertive": 99.39738943643741, "bus_lcCooperative": 0.5460708041429516, "bus_lcLookaheadLeft": 53.589741522741086, "bus_lcPushy": 0.1354279030721699, "bus_lcSigma": 0.3557051709838811, "bus_lcSpeedGainRight": 0.13109283648186643, "bus_lcSublane": 0.1603951795196491, "bus_sigma": 0.7456371927074961, "bus_tau_mean": 0.6063989147507609, "bus_tau_std": 3.665430972437443, "bus_v_mean": 21.797540045408706, "bus_v_std": 13.853554350147085, "car_acc": 3.763768568264674, "car_dcc": 1.5659104028659327, "car_lcAssertive": 44.74852379409391, "car_lcCooperative": 0.5815774073442912, "car_lcLookaheadLeft": 98.99566735104311, "car_lcPushy": 0.20390622523312185, "car_lcSigma": 0.24773290176235485, "car_lcSpeedGainRight": 1.3108654188645597, "car_lcSublane": 0.7501724132979928, "car_sigma": 0.4569753274356928, "car_tau_mean": 0.6992530344388325, "car_tau_std": 5.085162406102396, "car_v_mean": 11.391362634298815, "car_v_std": 15.972084895204205}, "datetime": {"datetime": "2024-08-08 17:30:40", "elapsed": 425.845657, "delta": 2.696271}}
{"target": -0.2921697123519489, "params": {"bus_acc": 2.3437025362792028, "bus_dcc": 1.8475473778070723, "bus_lcAssertive": 67.34959878333181, "bus_lcCooperative": 0.4401735743398574, "bus_lcLookaheadLeft": 60.82440406963171, "bus_lcPushy": 0.843518432484373, "bus_lcSigma": 0.8327720048654893, "bus_lcSpeedGainRight": 2.9277867134527877, "bus_lcSublane": 0.4405364469063512, "bus_sigma": 0.4004102571655167, "bus_tau_mean": 0.7489449762715934, "bus_tau_std": 4.673819807255151, "bus_v_mean": 14.448685047513026, "bus_v_std": 4.030613855285603, "car_acc": 4.210899848031897, "car_dcc": 3.094443933767546, "car_lcAssertive": 97.56540326716156, "car_lcCooperative": 0.3855158212009935, "car_lcLookaheadLeft": 42.85890326849498, "car_lcPushy": 0.519734919504311, "car_lcSigma": 0.35328845659438957, "car_lcSpeedGainRight": 2.7262337219765613, "car_lcSublane": 0.8897525417359518, "car_sigma": 0.7305193866733154, "car_tau_mean": 1.222791824301968, "car_tau_std": 8.001528795685877, "car_v_mean": 20.7249290086247, "car_v_std": 15.981819208036667}, "datetime": {"datetime": "2024-08-08 17:30:41", "elapsed": 426.601545, "delta": 0.755888}}
{"target": -0.3032258439496542, "params": {"bus_acc": 3.7288825618958024, "bus_dcc": 1.9319880881915676, "bus_lcAssertive": 47.76497077930874, "bus_lcCooperative": 0.5992558738787634, "bus_lcLookaheadLeft": 38.639120062403535, "bus_lcPushy": 0.874487796621177, "bus_lcSigma": 0.7261725883076274, "bus_lcSpeedGainRight": 4.771703523121056, "bus_lcSublane": 0.3510655228482117, "bus_sigma": 0.9371740887217811, "bus_tau_mean": 2.176852009790104, "bus_tau_std": 6.423226386484714, "bus_v_mean": 19.786355276078197, "bus_v_std": 16.186759380113603, "car_acc": 2.5850374691307754, "car_dcc": 2.3438379355443133, "car_lcAssertive": 81.91042558516232, "car_lcCooperative": 0.7175572030909549, "car_lcLookaheadLeft": 94.20322251871511, "car_lcPushy": 0.9795978714178412, "car_lcSigma": 0.1789133363658466, "car_lcSpeedGainRight": 1.139597059063776, "car_lcSublane": 0.7159864472790468, "car_sigma": 0.7473827346542434, "car_tau_mean": 2.611128439813839, "car_tau_std": 8.772997642215113, "car_v_mean": 12.031847393771816, "car_v_std": 6.789747885935848}, "datetime": {"datetime": "2024-08-08 17:30:42", "elapsed": 427.352031, "delta": 0.750486}}
{"target": -0.2652773633636413, "params": {"bus_acc": 4.889210350688506, "bus_dcc": 3.3024941472980642, "bus_lcAssertive": 40.96596476972415, "bus_lcCooperative": 0.7366272087072516, "bus_lcLookaheadLeft": 31.660191483777986, "bus_lcPushy": 0.5272958274321721, "bus_lcSigma": 0.207143239828657, "bus_lcSpeedGainRight": 1.2713014179286182, "bus_lcSublane": 0.4340230688193736, "bus_sigma": 0.08242585896444932, "bus_tau_mean": 3.4865078485513328, "bus_tau_std": 9.163292162919756, "bus_v_mean": 11.409725800824761, "bus_v_std": 9.474440235214256, "car_acc": 4.365838806703308, "car_dcc": 1.8648369203765678, "car_lcAssertive": 61.46017338301501, "car_lcCooperative": 0.44204801195564236, "car_lcLookaheadLeft": 40.95416488045265, "car_lcPushy": 0.7893742213089067, "car_lcSigma": 0.4645126140061657, "car_lcSpeedGainRight": 2.324012592076374, "car_lcSublane": 0.9920285043254465, "car_sigma": 0.9622297954466864, "car_tau_mean": 1.3227831079377954, "car_tau_std": 2.2695376712138984, "car_v_mean": 18.603808280700527, "car_v_std": 8.238928704064385}, "datetime": {"datetime": "2024-08-08 17:30:42", "elapsed": 428.00815, "delta": 0.656119}}
{"target": -0.2838699089606072, "params": {"bus_acc": 3.5538734700982078, "bus_dcc": 3.0537764055648284, "bus_lcAssertive": 79.21099829766153, "bus_lcCooperative": 0.5423258639370772, "bus_lcLookaheadLeft": 68.18507118162563, "bus_lcPushy": 0.6867516712595328, "bus_lcSigma": 0.3382298681394844, "bus_lcSpeedGainRight": 3.252581563633943, "bus_lcSublane": 0.4040960185300494, "bus_sigma": 0.6401644971550445, "bus_tau_mean": 3.7711707641720165, "bus_tau_std": 4.2997069227142415, "bus_v_mean": 16.09868072345021, "bus_v_std": 6.641296040259612, "car_acc": 3.3148821479228565, "car_dcc": 3.5902609096912723, "car_lcAssertive": 29.081286245045185, "car_lcCooperative": 0.83439032219953, "car_lcLookaheadLeft": 52.90876606284471, "car_lcPushy": 0.22607626005679626, "car_lcSigma": 0.4194472284690277, "car_lcSpeedGainRight": 0.8349733692430655, "car_lcSublane": 0.9123945247299408, "car_sigma": 0.0579471474662161, "car_tau_mean": 2.6140120150730466, "car_tau_std": 1.0395166794244426, "car_v_mean": 13.015649134951724, "car_v_std": 2.8588331982286586}, "datetime": {"datetime": "2024-08-08 17:30:44", "elapsed": 429.135966, "delta": 1.127816}}
{"target": -0.3406467283567373, "params": {"bus_acc": 2.5887125769309485, "bus_dcc": 1.3419665421793483, "bus_lcAssertive": 93.78724974180851, "bus_lcCooperative": 0.23453551367686631, "bus_lcLookaheadLeft": 16.976049111283125, "bus_lcPushy": 0.5100158064555218, "bus_lcSigma": 0.4550445354605238, "bus_lcSpeedGainRight": 0.37013485246386035, "bus_lcSublane": 0.5755728724790967, "bus_sigma": 0.6985352813761585, "bus_tau_mean": 2.216920571385895, "bus_tau_std": 0.7289365228724298, "bus_v_mean": 10.874623816621607, "bus_v_std": 2.3187091870417054, "car_acc": 3.3338502965507657, "car_dcc": 1.2552634089216705, "car_lcAssertive": 39.021432532572646, "car_lcCooperative": 0.14715639544110737, "car_lcLookaheadLeft": 42.32565111384819, "car_lcPushy": 0.6252749588601846, "car_lcSigma": 0.3595396617024561, "car_lcSpeedGainRight": 4.479921738741496, "car_lcSublane": 0.41748034762490616, "car_sigma": 0.933655236309334, "car_tau_mean": 3.371598915126775, "car_tau_std": 1.166424875580141, "car_v_mean": 9.663449945564397, "car_v_std": 2.656202767691811}, "datetime": {"datetime": "2024-08-08 17:30:45", "elapsed": 430.809196, "delta": 1.67323}}
{"target": -0.2217451786729757, "params": {"bus_acc": 2.9610798223588257, "bus_dcc": 3.6215005176598725, "bus_lcAssertive": 13.878511297112336, "bus_lcCooperative": 0.4989581103650381, "bus_lcLookaheadLeft": 78.10813613024422, "bus_lcPushy": 0.9812101687911365, "bus_lcSigma": 0.6733777301945412, "bus_lcSpeedGainRight": 0.9150058989347687, "bus_lcSublane": 0.7597729555480026, "bus_sigma": 0.07463521512286109, "bus_tau_mean": 3.16970362302273, "bus_tau_std": 8.278152309219722, "bus_v_mean": 16.947355457789232, "bus_v_std": 9.854416596164556, "car_acc": 4.746109690707775, "car_dcc": 1.0002908520630243, "car_lcAssertive": 1.9471225434725552, "car_lcCooperative": 0.25195142314544017, "car_lcLookaheadLeft": 51.556293399344575, "car_lcPushy": 0.5404166504960898, "car_lcSigma": 0.3712924240247065, "car_lcSpeedGainRight": 1.4635568759759336, "car_lcSublane": 0.20236734647394483, "car_sigma": 0.8002818943961242, "car_tau_mean": 1.6057301660367984, "car_tau_std": 4.92467985547119, "car_v_mean": 20.980654267264054, "car_v_std": 12.247178849202303}, "datetime": {"datetime": "2024-08-08 17:30:46", "elapsed": 431.775273, "delta": 0.966077}}
{"target": -0.36785777405428766, "params": {"bus_acc": 2.2321479482181252, "bus_dcc": 2.7608866216890373, "bus_lcAssertive": 40.15090791444363, "bus_lcCooperative": 0.6639460814328006, "bus_lcLookaheadLeft": 85.49155519082123, "bus_lcPushy": 0.19022208931218354, "bus_lcSigma": 0.903272700870335, "bus_lcSpeedGainRight": 1.9158792521554662, "bus_lcSublane": 0.9431243307282546, "bus_sigma": 0.6173823130249652, "bus_tau_mean": 3.26533432401065, "bus_tau_std": 5.14775428373226, "bus_v_mean": 16.498315110292943, "bus_v_std": 6.551877975319438, "car_acc": 1.517458828909422, "car_dcc": 2.151465735581271, "car_lcAssertive": 22.282671598376087, "car_lcCooperative": 0.03286525588191658, "car_lcLookaheadLeft": 28.93890932287543, "car_lcPushy": 0.18057605266685695, "car_lcSigma": 0.8755303150381228, "car_lcSpeedGainRight": 0.4061828121570249, "car_lcSublane": 0.18389559908188324, "car_sigma": 0.7040306955363342, "car_tau_mean": 3.717290618570957, "car_tau_std": 2.514584522319341, "car_v_mean": 8.340818103382105, "car_v_std": 19.210089455101993}, "datetime": {"datetime": "2024-08-08 17:30:47", "elapsed": 432.616119, "delta": 0.840846}}
{"target": -0.31953144909041886, "params": {"bus_acc": 1.084318691342045, "bus_dcc": 3.9551366608314082, "bus_lcAssertive": 61.545787204019646, "bus_lcCooperative": 0.3783538388352491, "bus_lcLookaheadLeft": 4.599778408824017, "bus_lcPushy": 0.3898387483749842, "bus_lcSigma": 0.4525586263864343, "bus_lcSpeedGainRight": 4.655015968822514, "bus_lcSublane": 0.27850417183805665, "bus_sigma": 0.6147818910832991, "bus_tau_mean": 2.828089241037677, "bus_tau_std": 1.8596096979633892, "bus_v_mean": 16.092213583782907, "bus_v_std": 15.730015257198698, "car_acc": 1.3863161377136541, "car_dcc": 2.8181058945068864, "car_lcAssertive": 3.5799333361509307, "car_lcCooperative": 0.00704672381007565, "car_lcLookaheadLeft": 7.833803499726993, "car_lcPushy": 0.4814004591490364, "car_lcSigma": 0.9257041086902309, "car_lcSpeedGainRight": 2.027786920695121, "car_lcSublane": 0.07503263933654081, "car_sigma": 0.8613524744830288, "car_tau_mean": 2.317541549146541, "car_tau_std": 3.1893586891742407, "car_v_mean": 23.40851742055481, "car_v_std": 18.765235370047566}, "datetime": {"datetime": "2024-08-08 17:30:48", "elapsed": 434.041978, "delta": 1.425859}}
{"target": -0.297218486998798, "params": {"bus_acc": 4.058914027926658, "bus_dcc": 1.295224231348774, "bus_lcAssertive": 99.40969959572637, "bus_lcCooperative": 0.6922148832180902, "bus_lcLookaheadLeft": 31.329997721799156, "bus_lcPushy": 0.9088481925305185, "bus_lcSigma": 0.5525788467617463, "bus_lcSpeedGainRight": 0.42594988729857897, "bus_lcSublane": 0.10824574320885416, "bus_sigma": 0.03166485526440965, "bus_tau_mean": 1.2566815767806516, "bus_tau_std": 0.5141394497181617, "bus_v_mean": 16.164359444188797, "bus_v_std": 1.6588077764366393, "car_acc": 2.7724891320866187, "car_dcc": 1.7086022222264614, "car_lcAssertive": 56.41234906528093, "car_lcCooperative": 0.438967791441904, "car_lcLookaheadLeft": 84.07896535048258, "car_lcPushy": 0.33654475452990296, "car_lcSigma": 0.2302316469211757, "car_lcSpeedGainRight": 4.700579166727968, "car_lcSublane": 0.4663636964010778, "car_sigma": 0.02815775923245789, "car_tau_mean": 0.7780273433862743, "car_tau_std": 5.555717675653012, "car_v_mean": 11.372342438028546, "car_v_std": 2.9647123050732738}, "datetime": {"datetime": "2024-08-08 17:30:49", "elapsed": 435.011166, "delta": 0.969188}}
{"target": -0.2918198496847835, "params": {"bus_acc": 1.7399318622033193, "bus_dcc": 3.5327800152252955, "bus_lcAssertive": 98.27638914120345, "bus_lcCooperative": 0.9137396248416316, "bus_lcLookaheadLeft": 36.04220319653566, "bus_lcPushy": 0.7802245796913637, "bus_lcSigma": 0.5464545907014307, "bus_lcSpeedGainRight": 4.082211987779688, "bus_lcSublane": 0.48372695118890585, "bus_sigma": 0.5899512982994037, "bus_tau_mean": 3.255422066334915, "bus_tau_std": 1.0023464310313235, "bus_v_mean": 16.592113869448653, "bus_v_std": 7.319666933393085, "car_acc": 3.417227374675489, "car_dcc": 3.8764075469110013, "car_lcAssertive": 39.889471554699284, "car_lcCooperative": 0.39297299794161644, "car_lcLookaheadLeft": 79.48242537178068, "car_lcPushy": 0.6450783990854264, "car_lcSigma": 0.3938840078553765, "car_lcSpeedGainRight": 3.444775241151257, "car_lcSublane": 0.404001609054379, "car_sigma": 0.1361131542481221, "car_tau_mean": 2.0772514403524704, "car_tau_std": 3.344193926972726, "car_v_mean": 11.487502880978687, "car_v_std": 18.515496032728798}, "datetime": {"datetime": "2024-08-08 17:30:51", "elapsed": 436.365748, "delta": 1.354582}}
{"target": -0.3094764311794301, "params": {"bus_acc": 1.2836736018815489, "bus_dcc": 1.4578119611268154, "bus_lcAssertive": 2.6410124071924805, "bus_lcCooperative": 0.11379635644740682, "bus_lcLookaheadLeft": 65.87534904898885, "bus_lcPushy": 0.4026568521749192, "bus_lcSigma": 0.32102631416731586, "bus_lcSpeedGainRight": 2.7895599712188623, "bus_lcSublane": 0.9934604630998499, "bus_sigma": 0.8344865140180296, "bus_tau_mean": 2.9486811383985434, "bus_tau_std": 9.18258589132058, "bus_v_mean": 8.635659306929357, "bus_v_std": 1.4066688323105048, "car_acc": 2.8960251599522184, "car_dcc": 2.047502238871232, "car_lcAssertive": 93.78795415071644, "car_lcCooperative": 0.48956496114516856, "car_lcLookaheadLeft": 54.88561278914836, "car_lcPushy": 0.8952603657312208, "car_lcSigma": 0.4466350458236905, "car_lcSpeedGainRight": 4.385171946351759, "car_lcSublane": 0.25358174937162836, "car_sigma": 0.27380970415810857, "car_tau_mean": 1.6492648653065656, "car_tau_std": 5.475642704809535, "car_v_mean": 11.5220587844317, "car_v_std": 13.428583421625467}, "datetime": {"datetime": "2024-08-08 17:30:51", "elapsed": 437.048021, "delta": 0.682273}}
{"target": -0.34323251708372965, "params": {"bus_acc": 2.502004836702649, "bus_dcc": 1.5701761495844138, "bus_lcAssertive": 69.61184846505238, "bus_lcCooperative": 0.6621056263744552, "bus_lcLookaheadLeft": 36.60109731331454, "bus_lcPushy": 0.18060274147029498, "bus_lcSigma": 0.15666067653509164, "bus_lcSpeedGainRight": 1.1849478669634124, "bus_lcSublane": 0.32845937355538657, "bus_sigma": 0.8695956745574754, "bus_tau_mean": 0.926698811903846, "bus_tau_std": 1.6814288258653842, "bus_v_mean": 13.927281690455883, "bus_v_std": 12.086920364959717, "car_acc": 1.2232599954811687, "car_dcc": 1.7356782896822764, "car_lcAssertive": 83.56317165180398, "car_lcCooperative": 0.6628835585335622, "car_lcLookaheadLeft": 36.440205648085715, "car_lcPushy": 0.11421231449000147, "car_lcSigma": 0.3249036521735016, "car_lcSpeedGainRight": 1.222580211837872, "car_lcSublane": 0.7105651277084096, "car_sigma": 0.30054654909915157, "car_tau_mean": 2.870325498774169, "car_tau_std": 4.126560332702428, "car_v_mean": 13.599014108070904, "car_v_std": 15.716451116682112}, "datetime": {"datetime": "2024-08-08 17:30:52", "elapsed": 438.096022, "delta": 1.048001}}
{"target": -0.3175747641742998, "params": {"bus_acc": 2.0690904540795554, "bus_dcc": 3.670171911322274, "bus_lcAssertive": 29.73971373876551, "bus_lcCooperative": 0.7990074981966317, "bus_lcLookaheadLeft": 47.06602206392515, "bus_lcPushy": 0.59760864887687, "bus_lcSigma": 0.2366673767651024, "bus_lcSpeedGainRight": 3.438074810804075, "bus_lcSublane": 0.1486848661132304, "bus_sigma": 0.5596864990017729, "bus_tau_mean": 2.230151256904046, "bus_tau_std": 8.372059959494196, "bus_v_mean": 15.703496245979728, "bus_v_std": 15.694619199734586, "car_acc": 2.601177226943103, "car_dcc": 1.9237178002927156, "car_lcAssertive": 78.93548650138311, "car_lcCooperative": 0.4184642639114249, "car_lcLookaheadLeft": 50.68307399890683, "car_lcPushy": 0.577322531324329, "car_lcSigma": 0.8196657378893285, "car_lcSpeedGainRight": 2.906599873133597, "car_lcSublane": 0.4061429026808099, "car_sigma": 0.16058682850924277, "car_tau_mean": 2.9573895671993813, "car_tau_std": 8.832328216518347, "car_v_mean": 9.734062206466435, "car_v_std": 9.324279516261631}, "datetime": {"datetime": "2024-08-08 17:30:53", "elapsed": 439.026383, "delta": 0.930361}}
{"target": -0.31034920568730257, "params": {"bus_acc": 1.5711731312120016, "bus_dcc": 1.2823008234989182, "bus_lcAssertive": 87.14898287433239, "bus_lcCooperative": 0.23686870355699852, "bus_lcLookaheadLeft": 39.82839308021436, "bus_lcPushy": 0.5715420927253323, "bus_lcSigma": 0.52580196995147, "bus_lcSpeedGainRight": 0.38011939721053434, "bus_lcSublane": 0.8741259355980283, "bus_sigma": 0.9511356184186921, "bus_tau_mean": 3.3437755646113514, "bus_tau_std": 2.8380183494687428, "bus_v_mean": 16.44554873788735, "bus_v_std": 6.788334480352189, "car_acc": 3.218669243150667, "car_dcc": 3.923210406739008, "car_lcAssertive": 31.858588854179157, "car_lcCooperative": 0.6687966059228697, "car_lcLookaheadLeft": 33.94478631628061, "car_lcPushy": 0.7744772660150796, "car_lcSigma": 0.3258099666132048, "car_lcSpeedGainRight": 4.449136707236875, "car_lcSublane": 0.7517077209192669, "car_sigma": 0.7626320954451107, "car_tau_mean": 2.14317659995974, "car_tau_std": 2.107645024687054, "car_v_mean": 8.663601273223982, "car_v_std": 6.43657599940489}, "datetime": {"datetime": "2024-08-08 17:30:55", "elapsed": 440.860634, "delta": 1.834251}}
