{"target": -0.35102082542130303, "params": {"bus_acc": 2.6425, "bus_dcc": 3.2622, "bus_lcAssertive": 17.6648, "bus_lcCooperative": 0.3646, "bus_lcLookaheadLeft": 50.9563, "bus_lcPushy": 0.858, "bus_lcSigma": 0.8464, "bus_lcSpeedGainRight": 0.4155, "bus_lcSublane": 0.3829, "bus_sigma": 0.8386, "bus_tau_mean": 2.5898, "bus_tau_std": 6.3661, "bus_v_mean": 23.1856, "bus_v_std": 9.1317, "car_acc": 2.7925, "car_dcc": 3.9307, "car_lcAssertive": 58.2571, "car_lcCooperative": 0.956, "car_lcLookaheadLeft": 14.5598, "car_lcPushy": 0.4657, "car_lcSigma": 0.5961, "car_lcSpeedGainRight": 4.9943, "car_lcSublane": 0.5709, "car_sigma": 0.6251, "car_tau_mean": 3.7958, "car_tau_std": 1.5837, "car_v_mean": 18.713, "car_v_std": 10.532}, "datetime": {"datetime": "2024-08-08 10:54:37", "elapsed": 3557.292993, "delta": 3.968686}}
{"target": -0.3389129147475194, "params": {"bus_acc": 2.847, "bus_dcc": 2.8913, "bus_lcAssertive": 94.8566, "bus_lcCooperative": 0.4309, "bus_lcLookaheadLeft": 98.1809, "bus_lcPushy": 0.4521, "bus_lcSigma": 0.1331, "bus_lcSpeedGainRight": 0.7171, "bus_lcSublane": 0.1487, "bus_sigma": 0.8832, "bus_tau_mean": 3.9281, "bus_tau_std": 6.696, "bus_v_mean": 14.4768, "bus_v_std": 11.3425, "car_acc": 2.9395, "car_dcc": 3.891, "car_lcAssertive": 80.3591, "car_lcCooperative": 0.1436, "car_lcLookaheadLeft": 33.0153, "car_lcPushy": 0.0795, "car_lcSigma": 0.0976, "car_lcSpeedGainRight": 2.9251, "car_lcSublane": 0.2062, "car_sigma": 0.5215, "car_tau_mean": 2.9193, "car_tau_std": 7.2646, "car_v_mean": 17.7704, "car_v_std": 5.4064}, "datetime": {"datetime": "2024-08-08 10:54:38", "elapsed": 3558.969561, "delta": 1.676568}}
{"target": -0.3580688591087713, "params": {"bus_acc": 2.6543, "bus_dcc": 1.5904, "bus_lcAssertive": 74.4612, "bus_lcCooperative": 0.9419, "bus_lcLookaheadLeft": 63.3064, "bus_lcPushy": 0.2678, "bus_lcSigma": 0.1425, "bus_lcSpeedGainRight": 1.225, "bus_lcSublane": 0.4048, "bus_sigma": 0.018, "bus_tau_mean": 2.2528, "bus_tau_std": 5.7347, "bus_v_mean": 13.006, "bus_v_std": 17.363, "car_acc": 2.1591, "car_dcc": 2.4735, "car_lcAssertive": 10.917, "car_lcCooperative": 0.5663, "car_lcLookaheadLeft": 52.5258, "car_lcPushy": 0.5734, "car_lcSigma": 0.07, "car_lcSpeedGainRight": 3.8577, "car_lcSublane": 0.9446, "car_sigma": 0.8159, "car_tau_mean": 2.1651, "car_tau_std": 8.2554, "car_v_mean": 22.6433, "car_v_std": 8.047}, "datetime": {"datetime": "2024-08-08 10:54:43", "elapsed": 3563.116513, "delta": 4.146952}}
{"target": -0.34851696199351767, "params": {"bus_acc": 1.2733, "bus_dcc": 3.435, "bus_lcAssertive": 62.1377, "bus_lcCooperative": 0.6638, "bus_lcLookaheadLeft": 16.0959, "bus_lcPushy": 0.5219, "bus_lcSigma": 0.0191, "bus_lcSpeedGainRight": 4.6272, "bus_lcSublane": 0.4298, "bus_sigma": 0.532, "bus_tau_mean": 2.1218, "bus_tau_std": 5.7249, "bus_v_mean": 11.2319, "bus_v_std": 19.0315, "car_acc": 1.9899, "car_dcc": 2.0793, "car_lcAssertive": 64.0266, "car_lcCooperative": 0.9255, "car_lcLookaheadLeft": 23.5535, "car_lcPushy": 0.3662, "car_lcSigma": 0.9886, "car_lcSpeedGainRight": 2.3697, "car_lcSublane": 0.3101, "car_sigma": 0.3523, "car_tau_mean": 2.8517, "car_tau_std": 0.5268, "car_v_mean": 22.0069, "car_v_std": 11.1966}, "datetime": {"datetime": "2024-08-08 10:54:45", "elapsed": 3565.519394, "delta": 2.402881}}
{"target": -0.34907352836583067, "params": {"bus_acc": 2.9121, "bus_dcc": 3.5683, "bus_lcAssertive": 5.6449, "bus_lcCooperative": 0.1973, "bus_lcLookaheadLeft": 24.4544, "bus_lcPushy": 0.0095, "bus_lcSigma": 0.9936, "bus_lcSpeedGainRight": 4.6621, "bus_lcSublane": 0.596, "bus_sigma": 0.2186, "bus_tau_mean": 1.491, "bus_tau_std": 4.6293, "bus_v_mean": 19.69, "bus_v_std": 5.7878, "car_acc": 1.4355, "car_dcc": 1.632, "car_lcAssertive": 95.2132, "car_lcCooperative": 0.8139, "car_lcLookaheadLeft": 5.4249, "car_lcPushy": 0.0667, "car_lcSigma": 0.2857, "car_lcSpeedGainRight": 2.2519, "car_lcSublane": 0.4311, "car_sigma": 0.0668, "car_tau_mean": 3.9293, "car_tau_std": 8.9669, "car_v_mean": 19.2912, "car_v_std": 10.8506}, "datetime": {"datetime": "2024-08-08 10:54:47", "elapsed": 3567.777995, "delta": 2.258601}}
{"target": -0.3480075668018886, "params": {"bus_acc": 2.0069, "bus_dcc": 3.0669, "bus_lcAssertive": 2.1078, "bus_lcCooperative": 0.3416, "bus_lcLookaheadLeft": 93.9532, "bus_lcPushy": 0.5661, "bus_lcSigma": 0.4861, "bus_lcSpeedGainRight": 4.6961, "bus_lcSublane": 0.6466, "bus_sigma": 0.573, "bus_tau_mean": 0.8392, "bus_tau_std": 6.1609, "bus_v_mean": 14.1063, "bus_v_std": 7.8624, "car_acc": 2.8516, "car_dcc": 3.0628, "car_lcAssertive": 82.1841, "car_lcCooperative": 0.5111, "car_lcLookaheadLeft": 98.643, "car_lcPushy": 0.2842, "car_lcSigma": 0.204, "car_lcSpeedGainRight": 0.6228, "car_lcSublane": 0.5594, "car_sigma": 0.7591, "car_tau_mean": 3.2024, "car_tau_std": 5.1468, "car_v_mean": 15.4874, "car_v_std": 11.702}, "datetime": {"datetime": "2024-08-08 10:54:50", "elapsed": 3570.023521, "delta": 2.245526}}
{"target": -0.3488628042619918, "params": {"bus_acc": 2.2966, "bus_dcc": 1.3043, "bus_lcAssertive": 92.7607, "bus_lcCooperative": 0.3831, "bus_lcLookaheadLeft": 50.0743, "bus_lcPushy": 0.4586, "bus_lcSigma": 0.0884, "bus_lcSpeedGainRight": 1.6804, "bus_lcSublane": 0.8698, "bus_sigma": 0.2502, "bus_tau_mean": 3.8428, "bus_tau_std": 0.8966, "bus_v_mean": 11.9335, "bus_v_std": 0.6198, "car_acc": 2.4009, "car_dcc": 1.3281, "car_lcAssertive": 99.4367, "car_lcCooperative": 0.0309, "car_lcLookaheadLeft": 28.1172, "car_lcPushy": 0.3728, "car_lcSigma": 0.6735, "car_lcSpeedGainRight": 1.6926, "car_lcSublane": 0.6515, "car_sigma": 0.5345, "car_tau_mean": 3.4245, "car_tau_std": 9.063, "car_v_mean": 11.7828, "car_v_std": 7.961}, "datetime": {"datetime": "2024-08-08 10:54:53", "elapsed": 3573.358363, "delta": 3.334842}}
{"target": -0.3820019085913558, "params": {"bus_acc": 1.8733, "bus_dcc": 3.1624, "bus_lcAssertive": 88.5568, "bus_lcCooperative": 0.2054, "bus_lcLookaheadLeft": 13.3418, "bus_lcPushy": 0.6724, "bus_lcSigma": 0.7998, "bus_lcSpeedGainRight": 4.9021, "bus_lcSublane": 0.0212, "bus_sigma": 0.271, "bus_tau_mean": 3.6978, "bus_tau_std": 6.5669, "bus_v_mean": 22.0347, "bus_v_std": 3.0648, "car_acc": 2.8029, "car_dcc": 3.7574, "car_lcAssertive": 59.8262, "car_lcCooperative": 0.1507, "car_lcLookaheadLeft": 57.3756, "car_lcPushy": 0.8282, "car_lcSigma": 0.9678, "car_lcSpeedGainRight": 1.7399, "car_lcSublane": 0.7563, "car_sigma": 0.6837, "car_tau_mean": 1.1852, "car_tau_std": 8.2619, "car_v_mean": 17.2462, "car_v_std": 11.4172}, "datetime": {"datetime": "2024-08-08 10:55:00", "elapsed": 3580.203662, "delta": 6.845299}}
{"target": -0.45245041249630025, "params": {"bus_acc": 1.5334, "bus_dcc": 1.1112, "bus_lcAssertive": 72.7558, "bus_lcCooperative": 0.7377, "bus_lcLookaheadLeft": 46.4681, "bus_lcPushy": 0.4305, "bus_lcSigma": 0.2639, "bus_lcSpeedGainRight": 2.7328, "bus_lcSublane": 0.6461, "bus_sigma": 0.7943, "bus_tau_mean": 2.8402, "bus_tau_std": 5.4535, "bus_v_mean": 15.6336, "bus_v_std": 0.0644, "car_acc": 1.0524, "car_dcc": 3.9679, "car_lcAssertive": 20.114, "car_lcCooperative": 0.252, "car_lcLookaheadLeft": 81.3929, "car_lcPushy": 0.948, "car_lcSigma": 0.1704, "car_lcSpeedGainRight": 2.9491, "car_lcSublane": 0.2798, "car_sigma": 0.2771, "car_tau_mean": 2.4824, "car_tau_std": 2.3003, "car_v_mean": 12.1605, "car_v_std": 9.0759}, "datetime": {"datetime": "2024-08-08 10:55:03", "elapsed": 3583.607822, "delta": 3.40416}}
{"target": -0.36540232377605153, "params": {"bus_acc": 1.3467, "bus_dcc": 1.2763, "bus_lcAssertive": 65.4387, "bus_lcCooperative": 0.864, "bus_lcLookaheadLeft": 73.2008, "bus_lcPushy": 0.0674, "bus_lcSigma": 0.1444, "bus_lcSpeedGainRight": 2.1197, "bus_lcSublane": 0.6948, "bus_sigma": 0.5765, "bus_tau_mean": 1.9336, "bus_tau_std": 5.7132, "bus_v_mean": 12.489, "bus_v_std": 5.6682, "car_acc": 1.1267, "car_dcc": 2.9852, "car_lcAssertive": 29.4795, "car_lcCooperative": 0.5674, "car_lcLookaheadLeft": 87.7198, "car_lcPushy": 0.234, "car_lcSigma": 0.0998, "car_lcSpeedGainRight": 1.7021, "car_lcSublane": 0.7014, "car_sigma": 0.757, "car_tau_mean": 2.5566, "car_tau_std": 7.8665, "car_v_mean": 19.64, "car_v_std": 6.0231}, "datetime": {"datetime": "2024-08-08 10:55:06", "elapsed": 3586.813639, "delta": 3.205817}}
{"target": -0.35293420864685693, "params": {"bus_acc": 1.502, "bus_dcc": 1.254, "bus_lcAssertive": 15.6752, "bus_lcCooperative": 0.551, "bus_lcLookaheadLeft": 31.349, "bus_lcPushy": 0.4346, "bus_lcSigma": 0.7564, "bus_lcSpeedGainRight": 3.1171, "bus_lcSublane": 0.3676, "bus_sigma": 0.5332, "bus_tau_mean": 1.1813, "bus_tau_std": 8.7492, "bus_v_mean": 20.3385, "bus_v_std": 14.1793, "car_acc": 2.9724, "car_dcc": 2.272, "car_lcAssertive": 40.5661, "car_lcCooperative": 0.7282, "car_lcLookaheadLeft": 67.9944, "car_lcPushy": 0.475, "car_lcSigma": 0.8777, "car_lcSpeedGainRight": 4.9359, "car_lcSublane": 0.196, "car_sigma": 0.3559, "car_tau_mean": 1.0578, "car_tau_std": 2.7341, "car_v_mean": 19.0404, "car_v_std": 4.3141}, "datetime": {"datetime": "2024-08-08 10:55:10", "elapsed": 3590.164428, "delta": 3.350789}}
{"target": -0.38106514213692255, "params": {"bus_acc": 2.85, "bus_dcc": 3.5347, "bus_lcAssertive": 37.3721, "bus_lcCooperative": 0.6085, "bus_lcLookaheadLeft": 38.6516, "bus_lcPushy": 0.3972, "bus_lcSigma": 0.5451, "bus_lcSpeedGainRight": 0.9635, "bus_lcSublane": 0.6893, "bus_sigma": 0.9768, "bus_tau_mean": 2.9156, "bus_tau_std": 1.1363, "bus_v_mean": 11.439, "bus_v_std": 12.7649, "car_acc": 1.103, "car_dcc": 1.7487, "car_lcAssertive": 44.9602, "car_lcCooperative": 0.3874, "car_lcLookaheadLeft": 58.7199, "car_lcPushy": 0.8615, "car_lcSigma": 0.7157, "car_lcSpeedGainRight": 0.4363, "car_lcSublane": 0.9859, "car_sigma": 0.8218, "car_tau_mean": 0.969, "car_tau_std": 6.0801, "car_v_mean": 20.4245, "car_v_std": 6.8235}, "datetime": {"datetime": "2024-08-08 10:55:13", "elapsed": 3593.028829, "delta": 2.864401}}
{"target": -0.32316500220277, "params": {"bus_acc": 1.6803, "bus_dcc": 2.8569, "bus_lcAssertive": 88.4816, "bus_lcCooperative": 0.0876, "bus_lcLookaheadLeft": 17.4661, "bus_lcPushy": 0.8678, "bus_lcSigma": 0.4526, "bus_lcSpeedGainRight": 0.3364, "bus_lcSublane": 0.958, "bus_sigma": 0.9357, "bus_tau_mean": 3.0116, "bus_tau_std": 3.3704, "bus_v_mean": 12.4205, "bus_v_std": 3.6488, "car_acc": 2.4525, "car_dcc": 2.6538, "car_lcAssertive": 4.7229, "car_lcCooperative": 0.0939, "car_lcLookaheadLeft": 52.0046, "car_lcPushy": 0.4577, "car_lcSigma": 0.5463, "car_lcSpeedGainRight": 3.7279, "car_lcSublane": 0.4358, "car_sigma": 0.3977, "car_tau_mean": 1.553, "car_tau_std": 6.5879, "car_v_mean": 16.5149, "car_v_std": 3.2225}, "datetime": {"datetime": "2024-08-08 10:55:16", "elapsed": 3596.839237, "delta": 3.810408}}
{"target": -0.3650231096182356, "params": {"bus_acc": 2.3897, "bus_dcc": 1.307, "bus_lcAssertive": 10.7121, "bus_lcCooperative": 0.1164, "bus_lcLookaheadLeft": 79.0149, "bus_lcPushy": 0.4941, "bus_lcSigma": 0.1164, "bus_lcSpeedGainRight": 3.8048, "bus_lcSublane": 0.0626, "bus_sigma": 0.3724, "bus_tau_mean": 3.9727, "bus_tau_std": 3.084, "bus_v_mean": 19.9444, "bus_v_std": 0.9968, "car_acc": 2.5749, "car_dcc": 2.7006, "car_lcAssertive": 16.0238, "car_lcCooperative": 0.4797, "car_lcLookaheadLeft": 41.3164, "car_lcPushy": 0.1699, "car_lcSigma": 0.8556, "car_lcSpeedGainRight": 3.553, "car_lcSublane": 0.4092, "car_sigma": 0.0056, "car_tau_mean": 2.2851, "car_tau_std": 1.1303, "car_v_mean": 12.6348, "car_v_std": 17.1979}, "datetime": {"datetime": "2024-08-08 10:55:21", "elapsed": 3601.86645, "delta": 5.027213}}
{"target": -0.3796790789471313, "params": {"bus_acc": 1.2357, "bus_dcc": 1.5086, "bus_lcAssertive": 44.0243, "bus_lcCooperative": 0.0214, "bus_lcLookaheadLeft": 86.1937, "bus_lcPushy": 0.2062, "bus_lcSigma": 0.6938, "bus_lcSpeedGainRight": 2.8222, "bus_lcSublane": 0.8162, "bus_sigma": 0.4223, "bus_tau_mean": 3.2039, "bus_tau_std": 0.4241, "bus_v_mean": 17.3735, "bus_v_std": 7.551, "car_acc": 2.3546, "car_dcc": 3.0634, "car_lcAssertive": 68.7718, "car_lcCooperative": 0.2534, "car_lcLookaheadLeft": 24.547, "car_lcPushy": 0.4046, "car_lcSigma": 0.2934, "car_lcSpeedGainRight": 0.6484, "car_lcSublane": 0.2235, "car_sigma": 0.5822, "car_tau_mean": 1.5949, "car_tau_std": 0.1197, "car_v_mean": 12.3637, "car_v_std": 9.6628}, "datetime": {"datetime": "2024-08-08 10:55:24", "elapsed": 3604.215455, "delta": 2.349005}}
{"target": -0.3848545771685562, "params": {"bus_acc": 1.9145, "bus_dcc": 1.2437, "bus_lcAssertive": 82.1655, "bus_lcCooperative": 0.9553, "bus_lcLookaheadLeft": 99.9066, "bus_lcPushy": 0.1804, "bus_lcSigma": 0.2701, "bus_lcSpeedGainRight": 3.5373, "bus_lcSublane": 0.7282, "bus_sigma": 0.8367, "bus_tau_mean": 3.476, "bus_tau_std": 8.2593, "bus_v_mean": 9.9407, "bus_v_std": 9.4492, "car_acc": 1.5254, "car_dcc": 2.3429, "car_lcAssertive": 4.828, "car_lcCooperative": 0.5589, "car_lcLookaheadLeft": 98.8365, "car_lcPushy": 0.0991, "car_lcSigma": 0.6552, "car_lcSpeedGainRight": 3.4595, "car_lcSublane": 0.3984, "car_sigma": 0.0633, "car_tau_mean": 2.7967, "car_tau_std": 3.5916, "car_v_mean": 13.1931, "car_v_std": 16.1062}, "datetime": {"datetime": "2024-08-08 10:55:26", "elapsed": 3606.697209, "delta": 2.481754}}
{"target": -0.38861377155631693, "params": {"bus_acc": 2.6242, "bus_dcc": 3.3669, "bus_lcAssertive": 75.4506, "bus_lcCooperative": 0.7057, "bus_lcLookaheadLeft": 47.2689, "bus_lcPushy": 0.1222, "bus_lcSigma": 0.0914, "bus_lcSpeedGainRight": 2.0199, "bus_lcSublane": 0.225, "bus_sigma": 0.3984, "bus_tau_mean": 0.657, "bus_tau_std": 2.7471, "bus_v_mean": 16.0325, "bus_v_std": 8.6653, "car_acc": 1.4374, "car_dcc": 3.029, "car_lcAssertive": 82.9287, "car_lcCooperative": 0.3045, "car_lcLookaheadLeft": 43.6984, "car_lcPushy": 0.4626, "car_lcSigma": 0.7225, "car_lcSpeedGainRight": 3.155, "car_lcSublane": 0.6531, "car_sigma": 0.4207, "car_tau_mean": 1.632, "car_tau_std": 7.1686, "car_v_mean": 11.2503, "car_v_std": 17.6288}, "datetime": {"datetime": "2024-08-08 10:55:29", "elapsed": 3609.384406, "delta": 2.687197}}
{"target": -0.40630408288129927, "params": {"bus_acc": 2.5306, "bus_dcc": 3.7582, "bus_lcAssertive": 64.4204, "bus_lcCooperative": 0.4657, "bus_lcLookaheadLeft": 69.9898, "bus_lcPushy": 0.6986, "bus_lcSigma": 0.8552, "bus_lcSpeedGainRight": 3.9803, "bus_lcSublane": 0.6605, "bus_sigma": 0.221, "bus_tau_mean": 2.6669, "bus_tau_std": 0.7607, "bus_v_mean": 14.0135, "bus_v_std": 18.3924, "car_acc": 2.8809, "car_dcc": 3.1554, "car_lcAssertive": 99.8496, "car_lcCooperative": 0.7118, "car_lcLookaheadLeft": 65.1869, "car_lcPushy": 0.1618, "car_lcSigma": 0.4328, "car_lcSpeedGainRight": 1.7573, "car_lcSublane": 0.3662, "car_sigma": 0.8746, "car_tau_mean": 0.7153, "car_tau_std": 0.877, "car_v_mean": 14.9605, "car_v_std": 19.7997}, "datetime": {"datetime": "2024-08-08 10:55:32", "elapsed": 3612.853679, "delta": 3.469273}}
{"target": -0.3538196297914935, "params": {"bus_acc": 1.2278, "bus_dcc": 3.7567, "bus_lcAssertive": 29.5073, "bus_lcCooperative": 0.8701, "bus_lcLookaheadLeft": 87.9567, "bus_lcPushy": 0.816, "bus_lcSigma": 0.3328, "bus_lcSpeedGainRight": 3.9392, "bus_lcSublane": 0.231, "bus_sigma": 0.9056, "bus_tau_mean": 2.9952, "bus_tau_std": 4.6937, "bus_v_mean": 12.3391, "bus_v_std": 10.7284, "car_acc": 2.384, "car_dcc": 2.2863, "car_lcAssertive": 88.2472, "car_lcCooperative": 0.191, "car_lcLookaheadLeft": 13.3852, "car_lcPushy": 0.4349, "car_lcSigma": 0.1348, "car_lcSpeedGainRight": 0.569, "car_lcSublane": 0.6616, "car_sigma": 0.4203, "car_tau_mean": 3.1277, "car_tau_std": 2.8687, "car_v_mean": 13.6803, "car_v_std": 0.1269}, "datetime": {"datetime": "2024-08-08 10:55:37", "elapsed": 3617.388161, "delta": 4.534482}}
{"target": -0.419929782383969, "params": {"bus_acc": 2.0658, "bus_dcc": 2.061, "bus_lcAssertive": 80.709, "bus_lcCooperative": 0.1023, "bus_lcLookaheadLeft": 31.2001, "bus_lcPushy": 0.656, "bus_lcSigma": 0.4295, "bus_lcSpeedGainRight": 2.1124, "bus_lcSublane": 0.7606, "bus_sigma": 0.9888, "bus_tau_mean": 3.7489, "bus_tau_std": 6.4634, "bus_v_mean": 12.7026, "bus_v_std": 13.4653, "car_acc": 1.9128, "car_dcc": 1.4164, "car_lcAssertive": 28.2278, "car_lcCooperative": 0.0405, "car_lcLookaheadLeft": 87.9059, "car_lcPushy": 0.5959, "car_lcSigma": 0.2235, "car_lcSpeedGainRight": 3.9598, "car_lcSublane": 0.5675, "car_sigma": 0.5592, "car_tau_mean": 1.1914, "car_tau_std": 3.015, "car_v_mean": 8.2658, "car_v_std": 4.6499}, "datetime": {"datetime": "2024-08-08 10:55:47", "elapsed": 3627.508867, "delta": 10.120706}}
{"target": -0.3714353217458597, "params": {"bus_acc": 1.7057, "bus_dcc": 2.9502, "bus_lcAssertive": 25.6712, "bus_lcCooperative": 0.3533, "bus_lcLookaheadLeft": 76.6966, "bus_lcPushy": 0.413, "bus_lcSigma": 0.283, "bus_lcSpeedGainRight": 3.4538, "bus_lcSublane": 0.7629, "bus_sigma": 0.4808, "bus_tau_mean": 3.7093, "bus_tau_std": 9.0407, "bus_v_mean": 14.1379, "bus_v_std": 5.668, "car_acc": 1.0274, "car_dcc": 2.8763, "car_lcAssertive": 22.91, "car_lcCooperative": 0.8222, "car_lcLookaheadLeft": 46.7601, "car_lcPushy": 0.6764, "car_lcSigma": 0.5411, "car_lcSpeedGainRight": 0.3319, "car_lcSublane": 0.6078, "car_sigma": 0.5042, "car_tau_mean": 1.5933, "car_tau_std": 9.7874, "car_v_mean": 16.7209, "car_v_std": 3.4572}, "datetime": {"datetime": "2024-08-08 10:55:53", "elapsed": 3633.862088, "delta": 6.353221}}
{"target": -0.3677668331440063, "params": {"bus_acc": 2.6685, "bus_dcc": 2.6116, "bus_lcAssertive": 50.063, "bus_lcCooperative": 0.1313, "bus_lcLookaheadLeft": 39.0399, "bus_lcPushy": 0.571, "bus_lcSigma": 0.8906, "bus_lcSpeedGainRight": 0.7696, "bus_lcSublane": 0.5608, "bus_sigma": 0.8236, "bus_tau_mean": 1.177, "bus_tau_std": 7.5686, "bus_v_mean": 21.9441, "bus_v_std": 2.434, "car_acc": 2.8, "car_dcc": 2.8518, "car_lcAssertive": 59.1767, "car_lcCooperative": 0.5503, "car_lcLookaheadLeft": 64.2246, "car_lcPushy": 0.8228, "car_lcSigma": 0.4192, "car_lcSpeedGainRight": 2.0749, "car_lcSublane": 0.4745, "car_sigma": 0.5879, "car_tau_mean": 3.7506, "car_tau_std": 9.0427, "car_v_mean": 20.8496, "car_v_std": 8.0038}, "datetime": {"datetime": "2024-08-08 10:55:56", "elapsed": 3636.428927, "delta": 2.566839}}
{"target": -0.3847661446023588, "params": {"bus_acc": 1.6658, "bus_dcc": 2.9613, "bus_lcAssertive": 56.2608, "bus_lcCooperative": 0.9147, "bus_lcLookaheadLeft": 96.9471, "bus_lcPushy": 0.6301, "bus_lcSigma": 0.2778, "bus_lcSpeedGainRight": 3.8224, "bus_lcSublane": 0.1063, "bus_sigma": 0.8112, "bus_tau_mean": 1.2198, "bus_tau_std": 7.3825, "bus_v_mean": 12.6524, "bus_v_std": 1.6907, "car_acc": 1.37, "car_dcc": 2.9917, "car_lcAssertive": 5.2341, "car_lcCooperative": 0.2703, "car_lcLookaheadLeft": 94.9629, "car_lcPushy": 0.2736, "car_lcSigma": 0.0041, "car_lcSpeedGainRight": 1.6247, "car_lcSublane": 0.4559, "car_sigma": 0.4215, "car_tau_mean": 1.5178, "car_tau_std": 4.9066, "car_v_mean": 8.1556, "car_v_std": 2.2357}, "datetime": {"datetime": "2024-08-08 10:56:00", "elapsed": 3640.282745, "delta": 3.853818}}
{"target": -0.3959893278554187, "params": {"bus_acc": 2.5311, "bus_dcc": 1.8957, "bus_lcAssertive": 25.7641, "bus_lcCooperative": 0.0695, "bus_lcLookaheadLeft": 13.4958, "bus_lcPushy": 0.5694, "bus_lcSigma": 0.7159, "bus_lcSpeedGainRight": 2.5019, "bus_lcSublane": 0.3621, "bus_sigma": 0.4189, "bus_tau_mean": 2.1837, "bus_tau_std": 0.2525, "bus_v_mean": 13.9011, "bus_v_std": 8.3226, "car_acc": 2.371, "car_dcc": 2.3671, "car_lcAssertive": 4.8796, "car_lcCooperative": 0.6932, "car_lcLookaheadLeft": 91.1903, "car_lcPushy": 0.413, "car_lcSigma": 0.1946, "car_lcSpeedGainRight": 2.6228, "car_lcSublane": 0.3921, "car_sigma": 0.781, "car_tau_mean": 2.8659, "car_tau_std": 2.6245, "car_v_mean": 8.0225, "car_v_std": 4.6735}, "datetime": {"datetime": "2024-08-08 10:56:03", "elapsed": 3643.89983, "delta": 3.617085}}
{"target": -0.324280166734632, "params": {"bus_acc": 2.4364, "bus_dcc": 2.8072, "bus_lcAssertive": 59.3835, "bus_lcCooperative": 0.3572, "bus_lcLookaheadLeft": 42.628, "bus_lcPushy": 0.7101, "bus_lcSigma": 0.4621, "bus_lcSpeedGainRight": 4.8859, "bus_lcSublane": 0.1127, "bus_sigma": 0.897, "bus_tau_mean": 1.7927, "bus_tau_std": 6.2928, "bus_v_mean": 9.1741, "bus_v_std": 7.1707, "car_acc": 2.9093, "car_dcc": 1.3171, "car_lcAssertive": 91.3096, "car_lcCooperative": 0.0022, "car_lcLookaheadLeft": 50.6904, "car_lcPushy": 0.6799, "car_lcSigma": 0.9997, "car_lcSpeedGainRight": 2.2688, "car_lcSublane": 0.4639, "car_sigma": 0.6306, "car_tau_mean": 3.3443, "car_tau_std": 0.0373, "car_v_mean": 18.5122, "car_v_std": 19.9106}, "datetime": {"datetime": "2024-08-08 10:56:10", "elapsed": 3650.055537, "delta": 6.155707}}
{"target": -0.3573420672649299, "params": {"bus_acc": 1.1764, "bus_dcc": 3.8434, "bus_lcAssertive": 90.1065, "bus_lcCooperative": 0.948, "bus_lcLookaheadLeft": 7.4649, "bus_lcPushy": 0.6481, "bus_lcSigma": 0.8966, "bus_lcSpeedGainRight": 0.458, "bus_lcSublane": 0.5793, "bus_sigma": 0.0035, "bus_tau_mean": 3.0431, "bus_tau_std": 7.2363, "bus_v_mean": 9.898, "bus_v_std": 11.7192, "car_acc": 2.8209, "car_dcc": 1.8773, "car_lcAssertive": 24.1407, "car_lcCooperative": 0.0303, "car_lcLookaheadLeft": 86.4961, "car_lcPushy": 0.4542, "car_lcSigma": 0.4324, "car_lcSpeedGainRight": 2.1397, "car_lcSublane": 0.784, "car_sigma": 0.9825, "car_tau_mean": 2.9073, "car_tau_std": 8.1057, "car_v_mean": 16.4454, "car_v_std": 13.7094}, "datetime": {"datetime": "2024-08-08 10:56:18", "elapsed": 3658.064366, "delta": 8.008829}}
