{"target": -0.4354248444464015, "params": {"bus_acc": 1.9159405943449204, "bus_dcc": 1.03756851065942, "bus_lcAssertive": 27.5580200844577, "bus_lcCooperative": 0.7967454755900841, "bus_lcLookaheadLeft": 93.13932271842313, "bus_lcPushy": 0.6253311549032551, "bus_lcSigma": 0.13280748458041103, "bus_lcSpeedGainRight": 3.7878517962371063, "bus_lcSublane": 0.526905346047344, "bus_sigma": 0.753869071621213, "bus_tau_mean": 3.505140960745044, "bus_tau_std": 9.475415511018243, "bus_v_mean": 18.472600553965304, "bus_v_std": 17.08516419685293, "car_acc": 3.2277641730896405, "car_dcc": 3.1813035652110306, "car_lcAssertive": 86.0202848704295, "car_lcCooperative": 0.9230030407536653, "car_lcLookaheadLeft": 90.40344814943477, "car_lcPushy": 0.39575026156518067, "car_lcSigma": 0.0840212797987252, "car_lcSpeedGainRight": 4.147868592290745, "car_lcSublane": 0.5389315533076343, "car_sigma": 0.542076154739123, "car_tau_mean": 3.3881136569824686, "car_tau_std": 0.31984184375773883, "car_v_mean": 22.047366699602506, "car_v_std": 0.6926800267544064}, "datetime": {"datetime": "2024-08-08 18:36:32", "elapsed": 0.0, "delta": 0.0}}
{"target": -0.436447046882469, "params": {"bus_acc": 1.9272253840303089, "bus_dcc": 3.3718512637017604, "bus_lcAssertive": 91.7496080823042, "bus_lcCooperative": 0.038405508555322876, "bus_lcLookaheadLeft": 45.671615320929575, "bus_lcPushy": 0.23992916878269877, "bus_lcSigma": 0.494015440173347, "bus_lcSpeedGainRight": 3.087379039300713, "bus_lcSublane": 0.20904818743817422, "bus_sigma": 0.8744273357688803, "bus_tau_mean": 1.395620743749437, "bus_tau_std": 7.136091407943622, "bus_v_mean": 21.635679973258384, "bus_v_std": 18.648229247134765, "car_acc": 3.867187802528928, "car_dcc": 3.0406024209753846, "car_lcAssertive": 63.223449459505154, "car_lcCooperative": 0.595965643122396, "car_lcLookaheadLeft": 49.54187336534308, "car_lcPushy": 0.3604319892837857, "car_lcSigma": 0.02076531811716642, "car_lcSpeedGainRight": 3.7433622789523624, "car_lcSublane": 0.39367524636684326, "car_sigma": 0.2793384495809391, "car_tau_mean": 3.221358715994899, "car_tau_std": 6.602659093784124, "car_v_mean": 22.556746304469787, "car_v_std": 2.552292689950202}, "datetime": {"datetime": "2024-08-08 18:37:09", "elapsed": 37.268169, "delta": 37.268169}}
{"target": -0.4638763355811976, "params": {"bus_acc": 3.1654678942102823, "bus_dcc": 2.785921313582018, "bus_lcAssertive": 74.64395516387164, "bus_lcCooperative": 0.9010940837915135, "bus_lcLookaheadLeft": 70.02087521030457, "bus_lcPushy": 0.5907563171285277, "bus_lcSigma": 0.12425924362545104, "bus_lcSpeedGainRight": 2.0229132576109388, "bus_lcSublane": 0.5789512482609072, "bus_sigma": 0.6028443658191326, "bus_tau_mean": 3.8627224287434982, "bus_tau_std": 2.0550032107552516, "bus_v_mean": 18.61042124100801, "bus_v_std": 5.128582813229007, "car_acc": 2.253283727531341, "car_dcc": 3.9158513863285993, "car_lcAssertive": 33.77666562851436, "car_lcCooperative": 0.36202316537554013, "car_lcLookaheadLeft": 45.07770794956444, "car_lcPushy": 0.04066778988915665, "car_lcSigma": 0.3985702385044282, "car_lcSpeedGainRight": 3.094925497853844, "car_lcSublane": 0.5780799868502333, "car_sigma": 0.8734127277887768, "car_tau_mean": 2.744152952353119, "car_tau_std": 5.56955944679331, "car_v_mean": 18.25035451315365, "car_v_std": 0.9523356682127804}, "datetime": {"datetime": "2024-08-08 18:37:18", "elapsed": 46.595783, "delta": 9.327614}}
{"target": -0.5324930867118854, "params": {"bus_acc": 3.359378307010572, "bus_dcc": 1.083855547119385, "bus_lcAssertive": 26.2654190525853, "bus_lcCooperative": 0.2975833866405353, "bus_lcLookaheadLeft": 57.33143605609866, "bus_lcPushy": 0.5620612439865807, "bus_lcSigma": 0.8874009646023955, "bus_lcSpeedGainRight": 3.1868872002166517, "bus_lcSublane": 0.1614620303618195, "bus_sigma": 0.026994792924386446, "bus_tau_mean": 3.166938742840128, "bus_tau_std": 5.355687978168319, "bus_v_mean": 17.25806639280114, "bus_v_std": 8.2821009573272, "car_acc": 2.769445264293407, "car_dcc": 2.216894134170028, "car_lcAssertive": 45.12354814204365, "car_lcCooperative": 0.5927396360087918, "car_lcLookaheadLeft": 50.24976203246197, "car_lcPushy": 0.059103390954872936, "car_lcSigma": 0.9767897079155617, "car_lcSpeedGainRight": 4.275688200060231, "car_lcSublane": 0.3790856278281287, "car_sigma": 0.5465248427194851, "car_tau_mean": 3.765060143238588, "car_tau_std": 3.979653417007749, "car_v_mean": 23.116363189882602, "car_v_std": 0.6097255237119326}, "datetime": {"datetime": "2024-08-08 18:37:25", "elapsed": 52.959617, "delta": 6.363834}}
{"target": -0.31964909998068664, "params": {"bus_acc": 3.4363467038744386, "bus_dcc": 1.3094403477503926, "bus_lcAssertive": 52.115288522275364, "bus_lcCooperative": 0.1555778979920741, "bus_lcLookaheadLeft": 29.324042032027158, "bus_lcPushy": 0.8826020025030701, "bus_lcSigma": 0.6315937651309106, "bus_lcSpeedGainRight": 4.81831355106535, "bus_lcSublane": 0.599714365615993, "bus_sigma": 0.009519716216558005, "bus_tau_mean": 1.9547435193214757, "bus_tau_std": 0.22441754358679789, "bus_v_mean": 13.023749248751143, "bus_v_std": 9.632498614414835, "car_acc": 2.7263780233714243, "car_dcc": 1.7159506087867897, "car_lcAssertive": 56.27037126631753, "car_lcCooperative": 0.3949201341072339, "car_lcLookaheadLeft": 51.64505437567884, "car_lcPushy": 0.19596701454252152, "car_lcSigma": 0.1567516100034313, "car_lcSpeedGainRight": 3.7725850380119317, "car_lcSublane": 0.3299732288055194, "car_sigma": 0.6441956925382164, "car_tau_mean": 2.4790945880668964, "car_tau_std": 8.99530915886071, "car_v_mean": 22.09093788651224, "car_v_std": 8.862228006535668}, "datetime": {"datetime": "2024-08-08 18:37:37", "elapsed": 65.100171, "delta": 12.140554}}
{"target": -0.45398374528700497, "params": {"bus_acc": 3.7620833591462994, "bus_dcc": 2.1400174103574376, "bus_lcAssertive": 38.560792455691626, "bus_lcCooperative": 0.846355875797671, "bus_lcLookaheadLeft": 49.45923439568777, "bus_lcPushy": 0.45106879426330315, "bus_lcSigma": 0.6398567153443468, "bus_lcSpeedGainRight": 1.0588564539441752, "bus_lcSublane": 0.5283006926972544, "bus_sigma": 0.6685685244157344, "bus_tau_mean": 2.385718449940167, "bus_tau_std": 7.087611375080664, "bus_v_mean": 17.576583871410207, "bus_v_std": 16.828110673995162, "car_acc": 3.637512288404325, "car_dcc": 1.2935176090981262, "car_lcAssertive": 26.60080545768562, "car_lcCooperative": 0.05465615541932234, "car_lcLookaheadLeft": 24.431403041345458, "car_lcPushy": 0.7209167071121103, "car_lcSigma": 0.07854523949262249, "car_lcSpeedGainRight": 0.7755975652501823, "car_lcSublane": 0.7707683274257636, "car_sigma": 0.44432517737277866, "car_tau_mean": 1.5154225819231244, "car_tau_std": 6.43984696272966, "car_v_mean": 22.19101447277402, "car_v_std": 0.7521088075154458}, "datetime": {"datetime": "2024-08-08 18:37:46", "elapsed": 73.968547, "delta": 8.868376}}
{"target": -0.44281198767266233, "params": {"bus_acc": 3.8004413750028774, "bus_dcc": 3.424980900564269, "bus_lcAssertive": 37.18636349044156, "bus_lcCooperative": 0.3307289110251447, "bus_lcLookaheadLeft": 93.91753971697403, "bus_lcPushy": 0.37489434056111615, "bus_lcSigma": 0.6358022186231704, "bus_lcSpeedGainRight": 4.926721690492867, "bus_lcSublane": 0.03673976453048744, "bus_sigma": 0.3146309781487783, "bus_tau_mean": 1.3093250267951555, "bus_tau_std": 9.223654191512637, "bus_v_mean": 16.818187688822633, "bus_v_std": 1.0742707681983354, "car_acc": 3.2657447484201905, "car_dcc": 3.0522514640038505, "car_lcAssertive": 66.55523624008194, "car_lcCooperative": 0.9557287749268826, "car_lcLookaheadLeft": 87.71095667409874, "car_lcPushy": 0.7532514851657419, "car_lcSigma": 0.2226659543716385, "car_lcSpeedGainRight": 0.6900748102160931, "car_lcSublane": 0.2208883363414058, "car_sigma": 0.2055098610936521, "car_tau_mean": 2.4878759103509527, "car_tau_std": 6.630438231677197, "car_v_mean": 16.438680326426436, "car_v_std": 1.1269878346894902}, "datetime": {"datetime": "2024-08-08 18:38:06", "elapsed": 94.388343, "delta": 20.419796}}
{"target": -0.4163398487989369, "params": {"bus_acc": 3.1384944522895033, "bus_dcc": 1.2811362812229015, "bus_lcAssertive": 64.14301404132078, "bus_lcCooperative": 0.11435849587714098, "bus_lcLookaheadLeft": 11.981102814103355, "bus_lcPushy": 0.6666687791670224, "bus_lcSigma": 0.16709987753696864, "bus_lcSpeedGainRight": 3.82359234499631, "bus_lcSublane": 0.7505904110774281, "bus_sigma": 0.31202027167870805, "bus_tau_mean": 2.4980260986771476, "bus_tau_std": 6.451406450065615, "bus_v_mean": 20.983433749880234, "bus_v_std": 4.029326393606429, "car_acc": 3.0287281491677063, "car_dcc": 3.468671750446866, "car_lcAssertive": 42.024182209637786, "car_lcCooperative": 0.4936968050183258, "car_lcLookaheadLeft": 52.396440816714865, "car_lcPushy": 0.9393286277176713, "car_lcSigma": 0.05165076136192959, "car_lcSpeedGainRight": 2.85776412047051, "car_lcSublane": 0.48976009234691764, "car_sigma": 0.343828100189723, "car_tau_mean": 2.8447085194800223, "car_tau_std": 7.694400106617776, "car_v_mean": 16.64095323134109, "car_v_std": 0.8327609423362059}, "datetime": {"datetime": "2024-08-08 18:38:10", "elapsed": 97.838601, "delta": 3.450258}}
{"target": -0.30540482692402154, "params": {"bus_acc": 2.7775356062973904, "bus_dcc": 1.936809513105751, "bus_lcAssertive": 91.71424979336672, "bus_lcCooperative": 0.9096355249515571, "bus_lcLookaheadLeft": 27.19759279065523, "bus_lcPushy": 0.1108913007440292, "bus_lcSigma": 0.19296273201911285, "bus_lcSpeedGainRight": 2.4979208533944304, "bus_lcSublane": 0.7285856679745962, "bus_sigma": 0.20819443840879148, "bus_tau_mean": 1.3681174543203076, "bus_tau_std": 8.516718749363669, "bus_v_mean": 14.653579492280437, "bus_v_std": 12.333701343104725, "car_acc": 1.7009984177177502, "car_dcc": 1.3059017782773923, "car_lcAssertive": 52.069844679884454, "car_lcCooperative": 0.47714098704978236, "car_lcLookaheadLeft": 16.96182112113, "car_lcPushy": 0.6218062317404155, "car_lcSigma": 0.5440101188139381, "car_lcSpeedGainRight": 3.2706867348537214, "car_lcSublane": 0.1445455401246598, "car_sigma": 0.7515278171352439, "car_tau_mean": 1.2771719892997293, "car_tau_std": 5.19351824366033, "car_v_mean": 20.564736451545905, "car_v_std": 0.4466085598361236}, "datetime": {"datetime": "2024-08-08 18:38:11", "elapsed": 99.52899, "delta": 1.690389}}
{"target": -0.4639417551608302, "params": {"bus_acc": 1.7574850872926242, "bus_dcc": 2.5180628595818506, "bus_lcAssertive": 74.18773951318929, "bus_lcCooperative": 0.7223022490183862, "bus_lcLookaheadLeft": 47.8946059874357, "bus_lcPushy": 0.7061935600296172, "bus_lcSigma": 0.5590665581575811, "bus_lcSpeedGainRight": 0.39205399549891606, "bus_lcSublane": 0.9528036194228799, "bus_sigma": 0.9756541957047803, "bus_tau_mean": 1.0670488494639803, "bus_tau_std": 4.1782692800369094, "bus_v_mean": 17.91345123869464, "bus_v_std": 11.362402442311907, "car_acc": 2.124195662173331, "car_dcc": 3.7106640540163127, "car_lcAssertive": 68.04084602121695, "car_lcCooperative": 0.11262929712299152, "car_lcLookaheadLeft": 67.61721511643412, "car_lcPushy": 0.2179907626050135, "car_lcSigma": 0.08609465676401007, "car_lcSpeedGainRight": 1.7996610795890882, "car_lcSublane": 0.049607287737550965, "car_sigma": 0.146616371834832, "car_tau_mean": 2.085731645367833, "car_tau_std": 9.832023817283845, "car_v_mean": 21.469878541797108, "car_v_std": 0.2640991644681545}, "datetime": {"datetime": "2024-08-08 18:38:27", "elapsed": 115.516401, "delta": 15.987411}}
{"target": -0.32544733795027503, "params": {"bus_acc": 2.2096614163175476, "bus_dcc": 3.27624079306701, "bus_lcAssertive": 71.97597116755452, "bus_lcCooperative": 0.9873261748084265, "bus_lcLookaheadLeft": 29.252334764072312, "bus_lcPushy": 0.0037936724093425855, "bus_lcSigma": 0.9339026083148878, "bus_lcSpeedGainRight": 4.2894855226894695, "bus_lcSublane": 0.7288508775192559, "bus_sigma": 0.5166887829215384, "bus_tau_mean": 2.9743468583706636, "bus_tau_std": 7.805295568767427, "bus_v_mean": 13.99801509658975, "bus_v_std": 15.406450506599151, "car_acc": 3.251872957525526, "car_dcc": 2.8396336346327793, "car_lcAssertive": 40.7847264728159, "car_lcCooperative": 0.6973080192643409, "car_lcLookaheadLeft": 2.305060066868826, "car_lcPushy": 0.7748966467245978, "car_lcSigma": 0.896416602456847, "car_lcSpeedGainRight": 1.196578537187523, "car_lcSublane": 0.12076718430922972, "car_sigma": 0.2202839877937276, "car_tau_mean": 1.557338559515344, "car_tau_std": 8.830285085638343, "car_v_mean": 16.690662883809512, "car_v_std": 5.734232992128612}, "datetime": {"datetime": "2024-08-08 18:38:32", "elapsed": 120.011464, "delta": 4.495063}}
{"target": -0.288203804357566, "params": {"bus_acc": 2.251066014107722, "bus_dcc": 3.1609734803264744, "bus_lcAssertive": 1.0113231069171438, "bus_lcCooperative": 0.30233257263183977, "bus_lcLookaheadLeft": 16.38207730007708, "bus_lcPushy": 0.0923385947687978, "bus_lcSigma": 0.1862602113776709, "bus_lcSpeedGainRight": 1.7278036352152388, "bus_lcSublane": 0.39676747423066994, "bus_sigma": 0.538816734003357, "bus_tau_mean": 1.9671808004115319, "bus_tau_std": 6.852195003967595, "bus_v_mean": 11.271235995704279, "bus_v_std": 17.562348727818907, "car_acc": 1.0821627795937785, "car_dcc": 3.011402530535207, "car_lcAssertive": 42.31317543434557, "car_lcCooperative": 0.5586898284457517, "car_lcLookaheadLeft": 15.75791998233291, "car_lcPushy": 0.1981014890848788, "car_lcSigma": 0.8007445686755367, "car_lcSpeedGainRight": 4.841307878596988, "car_lcSublane": 0.31342417815924284, "car_sigma": 0.6923226156693141, "car_tau_mean": 3.567362033036134, "car_tau_std": 8.946066635038473, "car_v_mean": 9.360707381916447, "car_v_std": 0.7810956646576472}, "datetime": {"datetime": "2024-08-08 18:38:42", "elapsed": 130.315222, "delta": 10.303758}}
{"target": -0.4306373914506232, "params": {"bus_acc": 2.0370376398880765, "bus_dcc": 2.786875294404849, "bus_lcAssertive": 60.29954360836855, "bus_lcCooperative": 0.6157042872039488, "bus_lcLookaheadLeft": 7.799366304200794, "bus_lcPushy": 0.7503171845746859, "bus_lcSigma": 0.9482094981876252, "bus_lcSpeedGainRight": 2.6733952858979437, "bus_lcSublane": 0.1925560209550684, "bus_sigma": 0.7529259149799422, "bus_tau_mean": 0.5256163926475232, "bus_tau_std": 3.2825610365078086, "bus_v_mean": 22.68170156231029, "bus_v_std": 11.767346657877535, "car_acc": 3.565570851712406, "car_dcc": 2.814016157047563, "car_lcAssertive": 82.43523709986323, "car_lcCooperative": 0.8794835234293169, "car_lcLookaheadLeft": 33.45666470339641, "car_lcPushy": 0.12295477155217849, "car_lcSigma": 0.7213033441865708, "car_lcSpeedGainRight": 2.201735434156191, "car_lcSublane": 0.1267357091420086, "car_sigma": 0.5898236481098892, "car_tau_mean": 0.6262391009945097, "car_tau_std": 2.0018211641098693, "car_v_mean": 20.612819034687504, "car_v_std": 0.24193520030715732}, "datetime": {"datetime": "2024-08-08 18:38:45", "elapsed": 132.816771, "delta": 2.501549}}
{"target": -0.31849641181441524, "params": {"bus_acc": 3.420539640514911, "bus_dcc": 1.0481490319121918, "bus_lcAssertive": 39.741465501415576, "bus_lcCooperative": 0.8655770717294297, "bus_lcLookaheadLeft": 95.93051422507824, "bus_lcPushy": 0.9195919413171776, "bus_lcSigma": 0.5469879342928875, "bus_lcSpeedGainRight": 1.5496063644150404, "bus_lcSublane": 0.5892649961079146, "bus_sigma": 0.595990487876512, "bus_tau_mean": 2.825931479865098, "bus_tau_std": 5.90815024658507, "bus_v_mean": 21.888887179319035, "bus_v_std": 7.479556648595473, "car_acc": 1.7320496059764818, "car_dcc": 1.0614597173180185, "car_lcAssertive": 24.036172309002442, "car_lcCooperative": 0.16160164914472763, "car_lcLookaheadLeft": 25.339718814038825, "car_lcPushy": 0.8809631663852348, "car_lcSigma": 0.7315994323831607, "car_lcSpeedGainRight": 1.2169454076156128, "car_lcSublane": 0.7930542720070146, "car_sigma": 0.5441208531845826, "car_tau_mean": 1.9227018556624014, "car_tau_std": 2.0580226293412682, "car_v_mean": 12.971710084413392, "car_v_std": 1.5849303605933662}, "datetime": {"datetime": "2024-08-08 18:38:45", "elapsed": 133.350434, "delta": 0.533663}}
{"target": -0.33339302381160496, "params": {"bus_acc": 1.9671000254032585, "bus_dcc": 2.8306151762391107, "bus_lcAssertive": 16.871999966850318, "bus_lcCooperative": 0.4867389357577533, "bus_lcLookaheadLeft": 94.67215992866635, "bus_lcPushy": 0.38391424197853796, "bus_lcSigma": 0.18896259324581144, "bus_lcSpeedGainRight": 2.3441947482109047, "bus_lcSublane": 0.8409078314535324, "bus_sigma": 0.8426677225950326, "bus_tau_mean": 3.3973113381072775, "bus_tau_std": 0.11475512605813365, "bus_v_mean": 12.272644958852723, "bus_v_std": 19.99751575148525, "car_acc": 1.3590498315774595, "car_dcc": 2.4702684882629, "car_lcAssertive": 79.21258890966585, "car_lcCooperative": 0.12221391009385618, "car_lcLookaheadLeft": 66.91609970774229, "car_lcPushy": 0.4880804455213241, "car_lcSigma": 0.19428998208618675, "car_lcSpeedGainRight": 4.393150132913602, "car_lcSublane": 0.18148739755773036, "car_sigma": 0.6390528592947753, "car_tau_mean": 3.092894073692752, "car_tau_std": 5.626728865932282, "car_v_mean": 18.061465097555057, "car_v_std": 2.379307932440089}, "datetime": {"datetime": "2024-08-08 18:38:51", "elapsed": 138.906812, "delta": 5.556378}}
{"target": -0.49395761774902197, "params": {"bus_acc": 2.8393370061010366, "bus_dcc": 3.807208799824599, "bus_lcAssertive": 60.09196396965134, "bus_lcCooperative": 0.9795901743594252, "bus_lcLookaheadLeft": 45.218648800069374, "bus_lcPushy": 0.7396119625075467, "bus_lcSigma": 0.03760387864960013, "bus_lcSpeedGainRight": 3.8236331950024303, "bus_lcSublane": 0.5182815803268124, "bus_sigma": 0.0053165329611032375, "bus_tau_mean": 1.4702003667390948, "bus_tau_std": 5.348322325198115, "bus_v_mean": 20.287406052500984, "bus_v_std": 1.0618519090505019, "car_acc": 2.647160331551559, "car_dcc": 3.402983667395068, "car_lcAssertive": 65.3087224329694, "car_lcCooperative": 0.9314470149929107, "car_lcLookaheadLeft": 9.323681611446592, "car_lcPushy": 0.2768064626005866, "car_lcSigma": 0.9192375042561725, "car_lcSpeedGainRight": 3.8250257414907147, "car_lcSublane": 0.5997403444720987, "car_sigma": 0.8329681438370704, "car_tau_mean": 3.636152220512507, "car_tau_std": 9.727203528528248, "car_v_mean": 23.976328113436892, "car_v_std": 2.7929866736820697}, "datetime": {"datetime": "2024-08-08 18:38:54", "elapsed": 142.606453, "delta": 3.699641}}
{"target": -0.32543598235428606, "params": {"bus_acc": 2.2683394177798535, "bus_dcc": 1.3247806947858618, "bus_lcAssertive": 17.536379664690966, "bus_lcCooperative": 0.6801945327171766, "bus_lcLookaheadLeft": 43.86894595810732, "bus_lcPushy": 0.09680828996318125, "bus_lcSigma": 0.3920096599297035, "bus_lcSpeedGainRight": 0.22377908465259777, "bus_lcSublane": 0.271026122662257, "bus_sigma": 0.5030796984475948, "bus_tau_mean": 2.101177501937947, "bus_tau_std": 7.686346042762389, "bus_v_mean": 10.563685307068143, "bus_v_std": 10.200884728259904, "car_acc": 1.424581093169642, "car_dcc": 1.5681087715979665, "car_lcAssertive": 41.579961767198014, "car_lcCooperative": 0.14586258326241397, "car_lcLookaheadLeft": 57.10809753460236, "car_lcPushy": 0.45523181967504345, "car_lcSigma": 0.9420966577475507, "car_lcSpeedGainRight": 3.3499745241520418, "car_lcSublane": 0.10314223618592588, "car_sigma": 0.6071068554145397, "car_tau_mean": 1.971152373532294, "car_tau_std": 5.006319731114315, "car_v_mean": 18.492888663234286, "car_v_std": 3.7143619795018523}, "datetime": {"datetime": "2024-08-08 18:38:56", "elapsed": 144.712459, "delta": 2.106006}}
{"target": -0.3404474265991608, "params": {"bus_acc": 2.5053793541895084, "bus_dcc": 2.3571287433335546, "bus_lcAssertive": 73.49480274087058, "bus_lcCooperative": 0.9245101499841026, "bus_lcLookaheadLeft": 48.968598697791776, "bus_lcPushy": 0.08823015100009579, "bus_lcSigma": 0.5696535566840739, "bus_lcSpeedGainRight": 1.2247542755741718, "bus_lcSublane": 0.039577911475369154, "bus_sigma": 0.7881402066436831, "bus_tau_mean": 1.4546888283267583, "bus_tau_std": 7.770704929423839, "bus_v_mean": 15.811343089411277, "bus_v_std": 6.358717821502307, "car_acc": 1.9420763501526903, "car_dcc": 1.1260742802583432, "car_lcAssertive": 53.905583853550525, "car_lcCooperative": 0.8235515559967603, "car_lcLookaheadLeft": 10.22174454493904, "car_lcPushy": 0.10855870560871761, "car_lcSigma": 0.5292559268677169, "car_lcSpeedGainRight": 3.300709048117984, "car_lcSublane": 0.6947459923366617, "car_sigma": 0.313221695146886, "car_tau_mean": 0.6322222153215127, "car_tau_std": 4.145628796923949, "car_v_mean": 11.616706734004707, "car_v_std": 0.022296605048133245}, "datetime": {"datetime": "2024-08-08 18:39:00", "elapsed": 148.060439, "delta": 3.34798}}
{"target": -0.33004899286502115, "params": {"bus_acc": 2.0444476776977387, "bus_dcc": 2.046277856046215, "bus_lcAssertive": 8.536332405278328, "bus_lcCooperative": 0.08751267646507155, "bus_lcLookaheadLeft": 6.888344592294716, "bus_lcPushy": 0.07447615796739016, "bus_lcSigma": 0.3850894153930947, "bus_lcSpeedGainRight": 4.081856911172798, "bus_lcSublane": 0.3411770998621311, "bus_sigma": 0.506118205056948, "bus_tau_mean": 2.682205107924833, "bus_tau_std": 5.852884164453064, "bus_v_mean": 10.14200205290674, "bus_v_std": 12.388283312429389, "car_acc": 2.5670691956817397, "car_dcc": 3.254434394091289, "car_lcAssertive": 67.89213044689505, "car_lcCooperative": 0.47895786270081087, "car_lcLookaheadLeft": 95.70113814946411, "car_lcPushy": 0.26091650862709814, "car_lcSigma": 0.710647265532105, "car_lcSpeedGainRight": 1.008209589891222, "car_lcSublane": 0.66361805301098, "car_sigma": 0.24951572568701552, "car_tau_mean": 1.2218660026126096, "car_tau_std": 3.7017154342422165, "car_v_mean": 16.14170692392569, "car_v_std": 13.618513051251695}, "datetime": {"datetime": "2024-08-08 18:39:02", "elapsed": 150.511712, "delta": 2.451273}}
