{"target": -0.3044840629076982, "params": {"bus_acc": 2.40166937929331, "bus_dcc": 3.2056172302975967, "bus_lcAssertive": 96.09128599688059, "bus_lcCooperative": 0.021389492015965184, "bus_lcLookaheadLeft": 83.58296263009827, "bus_lcPushy": 0.9391460199366686, "bus_lcSigma": 0.9858178203627183, "bus_lcSpeedGainRight": 4.68915817509452, "bus_lcSublane": 0.1292514080774897, "bus_sigma": 0.8860201939444051, "bus_tau_mean": 1.035017452885401, "bus_tau_std": 3.605163569932077, "bus_v_mean": 13.778591015703125, "bus_v_std": 5.595707845412086, "car_acc": 2.06441273156239, "car_dcc": 2.6290046944864303, "car_lcAssertive": 8.773184649116647, "car_lcCooperative": 0.37286967111119407, "car_lcLookaheadLeft": 59.155450338013644, "car_lcPushy": 0.13424940997972545, "car_lcSigma": 0.2429879452919641, "car_lcSpeedGainRight": 1.5638954127882703, "car_lcSublane": 0.0745338511835042, "car_sigma": 0.8076907953019956, "car_tau_mean": 1.4218911548914208, "car_tau_std": 4.106010091955299, "car_v_mean": 14.486605855029765, "car_v_std": 6.094712725763065}, "datetime": {"datetime": "2024-08-08 18:44:11", "elapsed": 459.658191, "delta": 3.640159}}
{"target": -0.3008698291068091, "params": {"bus_acc": 2.6522936815686182, "bus_dcc": 1.1318879905947266, "bus_lcAssertive": 85.81867266536104, "bus_lcCooperative": 0.4775950236100055, "bus_lcLookaheadLeft": 85.96407003710304, "bus_lcPushy": 0.18765401155497807, "bus_lcSigma": 0.08373326615041132, "bus_lcSpeedGainRight": 2.5798483102074994, "bus_lcSublane": 0.454544662996622, "bus_sigma": 0.013894398989847456, "bus_tau_mean": 0.6377410639176821, "bus_tau_std": 0.9363283573135806, "bus_v_mean": 8.650839678756295, "bus_v_std": 3.514781346883238, "car_acc": 2.7266084533330037, "car_dcc": 2.4302578598995286, "car_lcAssertive": 97.9972035532993, "car_lcCooperative": 0.07073713401634152, "car_lcLookaheadLeft": 87.00673194587439, "car_lcPushy": 0.5785197821401383, "car_lcSigma": 0.8764755457125712, "car_lcSpeedGainRight": 0.2785680517656747, "car_lcSublane": 0.09915352142160372, "car_sigma": 0.8630947177469542, "car_tau_mean": 2.4963440925658347, "car_tau_std": 5.584938010898554, "car_v_mean": 8.208202687066002, "car_v_std": 12.845056082328787}, "datetime": {"datetime": "2024-08-08 18:44:13", "elapsed": 461.448772, "delta": 1.790581}}
{"target": -0.2999316260519955, "params": {"bus_acc": 1.6424407743422238, "bus_dcc": 2.3186173064661735, "bus_lcAssertive": 17.67922019299827, "bus_lcCooperative": 0.5290872104552504, "bus_lcLookaheadLeft": 79.76149806836928, "bus_lcPushy": 0.03587914896601674, "bus_lcSigma": 0.19135887753572, "bus_lcSpeedGainRight": 4.887277821965081, "bus_lcSublane": 0.9607973060206447, "bus_sigma": 0.5565916591021018, "bus_tau_mean": 2.761317525235787, "bus_tau_std": 2.720930142932744, "bus_v_mean": 23.233457371405436, "bus_v_std": 13.3954961265448, "car_acc": 3.000423985416285, "car_dcc": 1.0333100001097686, "car_lcAssertive": 85.44401513511959, "car_lcCooperative": 0.7783262186802019, "car_lcLookaheadLeft": 69.12255169667107, "car_lcPushy": 0.740781813019585, "car_lcSigma": 0.15657242459837717, "car_lcSpeedGainRight": 3.5938752642432497, "car_lcSublane": 0.09681841069321007, "car_sigma": 0.7069494480386341, "car_tau_mean": 0.5092112864392613, "car_tau_std": 7.762057874603809, "car_v_mean": 15.86491495650463, "car_v_std": 4.087737325957297}, "datetime": {"datetime": "2024-08-08 18:44:16", "elapsed": 463.77961, "delta": 2.330838}}
{"target": -0.411293963125875, "params": {"bus_acc": 3.602881628845521, "bus_dcc": 3.5496156443209967, "bus_lcAssertive": 81.03272430400804, "bus_lcCooperative": 0.13069282439738805, "bus_lcLookaheadLeft": 54.52825233253759, "bus_lcPushy": 0.900783114706916, "bus_lcSigma": 0.7708318305538303, "bus_lcSpeedGainRight": 2.103565995125959, "bus_lcSublane": 0.9778803933599658, "bus_sigma": 0.25077315667300226, "bus_tau_mean": 1.667635800967642, "bus_tau_std": 9.54200507429589, "bus_v_mean": 20.939445570964637, "bus_v_std": 18.006800090213236, "car_acc": 1.0347687682296856, "car_dcc": 2.1392932991019844, "car_lcAssertive": 24.31667370437706, "car_lcCooperative": 0.2959350518874113, "car_lcLookaheadLeft": 74.3235586475764, "car_lcPushy": 0.7240848448640741, "car_lcSigma": 0.46179941019906146, "car_lcSpeedGainRight": 1.8263723060354686, "car_lcSublane": 0.5846916130045258, "car_sigma": 0.5337077546342763, "car_tau_mean": 2.427028456527517, "car_tau_std": 6.154770711146577, "car_v_mean": 14.330372356280781, "car_v_std": 15.434369648309168}, "datetime": {"datetime": "2024-08-08 18:44:20", "elapsed": 467.990786, "delta": 4.211176}}
{"target": -0.3398819436273637, "params": {"bus_acc": 2.554097684783226, "bus_dcc": 2.1182464062924566, "bus_lcAssertive": 71.32510325364133, "bus_lcCooperative": 0.455643424642054, "bus_lcLookaheadLeft": 61.31086372207486, "bus_lcPushy": 0.9904061968899467, "bus_lcSigma": 0.7739162499564685, "bus_lcSpeedGainRight": 1.6713820249691314, "bus_lcSublane": 0.08899822082237796, "bus_sigma": 0.18490559027840836, "bus_tau_mean": 2.3439815656214202, "bus_tau_std": 4.17102418106858, "bus_v_mean": 20.810554530067833, "bus_v_std": 18.664046763733634, "car_acc": 1.5335942438540457, "car_dcc": 3.580200312628649, "car_lcAssertive": 95.78209770634021, "car_lcCooperative": 0.9594706068497821, "car_lcLookaheadLeft": 5.710533596602189, "car_lcPushy": 0.05758350560817371, "car_lcSigma": 0.005797392917688993, "car_lcSpeedGainRight": 1.5634057807773822, "car_lcSublane": 0.05569841271210463, "car_sigma": 0.29386248547054417, "car_tau_mean": 1.746057701109153, "car_tau_std": 9.536770184739218, "car_v_mean": 15.631214759788447, "car_v_std": 5.564768848426606}, "datetime": {"datetime": "2024-08-08 18:44:23", "elapsed": 470.905049, "delta": 2.914263}}
{"target": -0.2738773109970424, "params": {"bus_acc": 3.050912394343151, "bus_dcc": 2.194035145648892, "bus_lcAssertive": 48.41645508562015, "bus_lcCooperative": 0.2898033391923721, "bus_lcLookaheadLeft": 79.25286297100789, "bus_lcPushy": 0.046512682267751626, "bus_lcSigma": 0.2811256463638583, "bus_lcSpeedGainRight": 2.95297930879439, "bus_lcSublane": 0.7901335024345391, "bus_sigma": 0.6015993359119542, "bus_tau_mean": 3.056710340287724, "bus_tau_std": 0.23527914877828127, "bus_v_mean": 12.078777428936688, "bus_v_std": 0.8418351968474558, "car_acc": 2.5000371954063674, "car_dcc": 3.9674208884223203, "car_lcAssertive": 2.339520302416675, "car_lcCooperative": 0.4408790383372555, "car_lcLookaheadLeft": 2.4690689743766847, "car_lcPushy": 0.6128886193293469, "car_lcSigma": 0.1833587261280697, "car_lcSpeedGainRight": 3.563708918952641, "car_lcSublane": 0.15964851197294794, "car_sigma": 0.8285756552303601, "car_tau_mean": 1.2216235730698106, "car_tau_std": 3.5221627383195075, "car_v_mean": 11.689255550772305, "car_v_std": 16.153689849032926}, "datetime": {"datetime": "2024-08-08 18:44:25", "elapsed": 472.88014, "delta": 1.975091}}
{"target": -0.37362034786515474, "params": {"bus_acc": 2.1174622208108334, "bus_dcc": 2.6752537633705904, "bus_lcAssertive": 38.72384078878505, "bus_lcCooperative": 0.4557468620624855, "bus_lcLookaheadLeft": 79.76554252353385, "bus_lcPushy": 0.10394013211011521, "bus_lcSigma": 0.9729965782271728, "bus_lcSpeedGainRight": 3.523095331055193, "bus_lcSublane": 0.8647278683763254, "bus_sigma": 0.7816800539428734, "bus_tau_mean": 2.012642997281083, "bus_tau_std": 9.425111433832146, "bus_v_mean": 12.04937947373651, "bus_v_std": 0.9249684637910471, "car_acc": 1.2906346907944097, "car_dcc": 1.6022098657662343, "car_lcAssertive": 54.36897309839671, "car_lcCooperative": 0.22360255256593708, "car_lcLookaheadLeft": 83.86144034543766, "car_lcPushy": 0.009338687242805621, "car_lcSigma": 0.7459009287946741, "car_lcSpeedGainRight": 4.845039111210176, "car_lcSublane": 0.26718321108499254, "car_sigma": 0.6238155064284149, "car_tau_mean": 3.001728722309618, "car_tau_std": 3.269574179296341, "car_v_mean": 14.930025150605402, "car_v_std": 14.688176922295764}, "datetime": {"datetime": "2024-08-08 18:44:26", "elapsed": 474.649854, "delta": 1.769714}}
{"target": -0.30266422835724766, "params": {"bus_acc": 3.2373985667055, "bus_dcc": 3.3910198331899126, "bus_lcAssertive": 20.189676150244754, "bus_lcCooperative": 0.16286677529246074, "bus_lcLookaheadLeft": 59.9256719938347, "bus_lcPushy": 0.4796917118578373, "bus_lcSigma": 0.586542602423981, "bus_lcSpeedGainRight": 0.6613554844061542, "bus_lcSublane": 0.2777370697700209, "bus_sigma": 0.06967236072962435, "bus_tau_mean": 0.8779885293074713, "bus_tau_std": 7.163776775610988, "bus_v_mean": 8.422431288389594, "bus_v_std": 10.793006441989913, "car_acc": 1.8959889689101144, "car_dcc": 3.6054919005002013, "car_lcAssertive": 54.95884887109555, "car_lcCooperative": 0.9975477345448952, "car_lcLookaheadLeft": 56.985437280688046, "car_lcPushy": 0.5620978129601834, "car_lcSigma": 0.33510669801549786, "car_lcSpeedGainRight": 1.2616246700122962, "car_lcSublane": 0.4273696775673337, "car_sigma": 0.22717535449607196, "car_tau_mean": 0.748066026557084, "car_tau_std": 4.250512332840772, "car_v_mean": 9.702673490424418, "car_v_std": 14.46241629201758}, "datetime": {"datetime": "2024-08-08 18:44:30", "elapsed": 478.696445, "delta": 4.046591}}
{"target": -0.3570145635763938, "params": {"bus_acc": 1.3545778880411152, "bus_dcc": 3.5109933466405367, "bus_lcAssertive": 74.66945621558399, "bus_lcCooperative": 0.5905205476471171, "bus_lcLookaheadLeft": 25.803374346557327, "bus_lcPushy": 0.6232471451875841, "bus_lcSigma": 0.638355320741173, "bus_lcSpeedGainRight": 1.6378472205616257, "bus_lcSublane": 0.06748934306754228, "bus_sigma": 0.8805385975643267, "bus_tau_mean": 2.1098485587599045, "bus_tau_std": 7.638727180664299, "bus_v_mean": 12.062217935083835, "bus_v_std": 11.827743645350337, "car_acc": 2.286385481046393, "car_dcc": 2.1463019276474187, "car_lcAssertive": 13.544625000845354, "car_lcCooperative": 0.24426666320897583, "car_lcLookaheadLeft": 9.775475129915257, "car_lcPushy": 0.3028583047175786, "car_lcSigma": 0.7417048002315554, "car_lcSpeedGainRight": 3.0750786248552444, "car_lcSublane": 0.6724110989339258, "car_sigma": 0.00838307952503159, "car_tau_mean": 2.8743194028796197, "car_tau_std": 5.031806905428871, "car_v_mean": 11.694535207746867, "car_v_std": 3.4979301796384443}, "datetime": {"datetime": "2024-08-08 18:44:34", "elapsed": 482.108184, "delta": 3.411739}}
{"target": -0.3796791619652178, "params": {"bus_acc": 1.6165273132950277, "bus_dcc": 1.2979686608564904, "bus_lcAssertive": 52.911162300631176, "bus_lcCooperative": 0.21257225018459036, "bus_lcLookaheadLeft": 90.6289239269868, "bus_lcPushy": 0.046030700768947774, "bus_lcSigma": 0.8972744695046295, "bus_lcSpeedGainRight": 2.938673496802047, "bus_lcSublane": 0.8615968137982195, "bus_sigma": 0.02917043090502025, "bus_tau_mean": 1.6655373332011014, "bus_tau_std": 5.011101499409691, "bus_v_mean": 11.473788915273976, "bus_v_std": 8.451929289454823, "car_acc": 1.0885980559114032, "car_dcc": 2.7615527506747757, "car_lcAssertive": 93.04360097764864, "car_lcCooperative": 0.07580839663584016, "car_lcLookaheadLeft": 84.49867787921661, "car_lcPushy": 0.7477799933095586, "car_lcSigma": 0.22998610475282222, "car_lcSpeedGainRight": 2.590588501294496, "car_lcSublane": 0.31375843015401117, "car_sigma": 0.6157862239911974, "car_tau_mean": 1.2461054684662507, "car_tau_std": 4.358884747352702, "car_v_mean": 20.62520323470141, "car_v_std": 9.32935407166742}, "datetime": {"datetime": "2024-08-08 18:44:36", "elapsed": 483.986274, "delta": 1.87809}}
{"target": -0.3272968459199735, "params": {"bus_acc": 1.4283798484090013, "bus_dcc": 1.2823008234989182, "bus_lcAssertive": 87.14898287433239, "bus_lcCooperative": 0.23686870355699852, "bus_lcLookaheadLeft": 39.82839308021436, "bus_lcPushy": 0.5715420927253323, "bus_lcSigma": 0.52580196995147, "bus_lcSpeedGainRight": 0.38011939721053434, "bus_lcSublane": 0.8741259355980283, "bus_sigma": 0.9511356184186921, "bus_tau_mean": 3.3437755646113514, "bus_tau_std": 2.8380183494687428, "bus_v_mean": 16.44554873788735, "bus_v_std": 6.788334480352189, "car_acc": 2.664001932363, "car_dcc": 3.923210406739008, "car_lcAssertive": 31.858588854179157, "car_lcCooperative": 0.6687966059228697, "car_lcLookaheadLeft": 33.94478631628061, "car_lcPushy": 0.7744772660150796, "car_lcSigma": 0.3258099666132048, "car_lcSpeedGainRight": 4.449136707236875, "car_lcSublane": 0.7517077209192669, "car_sigma": 0.7626320954451107, "car_tau_mean": 2.14317659995974, "car_tau_std": 2.107645024687054, "car_v_mean": 8.663601273223982, "car_v_std": 6.43657599940489}, "datetime": {"datetime": "2024-08-08 18:44:38", "elapsed": 486.178026, "delta": 2.191752}}
{"target": -0.3534374079344526, "params": {"bus_acc": 1.7052425954202715, "bus_dcc": 1.0613192539914997, "bus_lcAssertive": 33.45005094353712, "bus_lcCooperative": 0.4680560778756401, "bus_lcLookaheadLeft": 78.88777308277646, "bus_lcPushy": 0.5322729558284961, "bus_lcSigma": 0.4774265006789925, "bus_lcSpeedGainRight": 3.4897486033928087, "bus_lcSublane": 0.017417185302214144, "bus_sigma": 0.6949907649340304, "bus_tau_mean": 1.5918585537835306, "bus_tau_std": 5.597909594664436, "bus_v_mean": 17.70890632655254, "bus_v_std": 3.6428531430007327, "car_acc": 1.7508177707774941, "car_dcc": 2.736454175661435, "car_lcAssertive": 26.999644502863624, "car_lcCooperative": 0.2394170493667156, "car_lcLookaheadLeft": 37.18507232518429, "car_lcPushy": 0.9044109982517952, "car_lcSigma": 0.8692103055155421, "car_lcSpeedGainRight": 2.5701788926879265, "car_lcSublane": 0.05174768110702721, "car_sigma": 0.8003379069103024, "car_tau_mean": 1.134162157717954, "car_tau_std": 6.6874125440851016, "car_v_mean": 21.365947436258672, "car_v_std": 19.295931135412715}, "datetime": {"datetime": "2024-08-08 18:44:40", "elapsed": 488.627435, "delta": 2.449409}}
{"target": -0.3022814265687989, "params": {"bus_acc": 1.4302691460107346, "bus_dcc": 1.2351606995648439, "bus_lcAssertive": 2.814931648387722, "bus_lcCooperative": 0.06672499763935646, "bus_lcLookaheadLeft": 46.94121374342632, "bus_lcPushy": 0.11334192276759048, "bus_lcSigma": 0.027783348848669953, "bus_lcSpeedGainRight": 3.774307406952337, "bus_lcSublane": 0.3948504804606394, "bus_sigma": 0.7469384956075251, "bus_tau_mean": 2.0834168936125805, "bus_tau_std": 4.500867470007611, "bus_v_mean": 15.649160107485296, "bus_v_std": 9.48007853124388, "car_acc": 3.409490026342509, "car_dcc": 2.2071775595732075, "car_lcAssertive": 90.56392987401868, "car_lcCooperative": 0.037061047954035864, "car_lcLookaheadLeft": 77.83968558660104, "car_lcPushy": 0.12564138113773882, "car_lcSigma": 0.6185135669120855, "car_lcSpeedGainRight": 0.051821306676159695, "car_lcSublane": 0.538627282576347, "car_sigma": 0.0030179566195963625, "car_tau_mean": 3.829178249215716, "car_tau_std": 9.054020337027781, "car_v_mean": 20.73547107107631, "car_v_std": 18.30548639829575}, "datetime": {"datetime": "2024-08-08 18:44:43", "elapsed": 490.816804, "delta": 2.189369}}
{"target": -0.29009002739207623, "params": {"bus_acc": 3.079583675135164, "bus_dcc": 2.7624534380512276, "bus_lcAssertive": 64.53316890252607, "bus_lcCooperative": 0.37408018773825613, "bus_lcLookaheadLeft": 28.9952786117102, "bus_lcPushy": 0.5094085814387623, "bus_lcSigma": 0.8858231171497215, "bus_lcSpeedGainRight": 2.8264483518278416, "bus_lcSublane": 0.6631488914643168, "bus_sigma": 0.44137923095350085, "bus_tau_mean": 3.9024868049250827, "bus_tau_std": 7.425224523517098, "bus_v_mean": 13.678440173612374, "bus_v_std": 13.070620653273188, "car_acc": 2.627849235615161, "car_dcc": 3.652168637136058, "car_lcAssertive": 28.230351055475758, "car_lcCooperative": 0.10806748517233733, "car_lcLookaheadLeft": 20.74466107063467, "car_lcPushy": 0.38704623260508586, "car_lcSigma": 0.8540597949343145, "car_lcSpeedGainRight": 1.354224569179583, "car_lcSublane": 0.6263588032086836, "car_sigma": 0.6235518010455583, "car_tau_mean": 1.9281649737177504, "car_tau_std": 0.5033512965945175, "car_v_mean": 19.917341968519885, "car_v_std": 5.914510688477623}, "datetime": {"datetime": "2024-08-08 18:44:44", "elapsed": 492.536377, "delta": 1.719573}}
{"target": -0.3762976943545009, "params": {"bus_acc": 2.6910312657785247, "bus_dcc": 3.8194054305084606, "bus_lcAssertive": 33.70182019345527, "bus_lcCooperative": 0.9489681421433714, "bus_lcLookaheadLeft": 26.096657275145958, "bus_lcPushy": 0.5484050277202206, "bus_lcSigma": 0.713400836019665, "bus_lcSpeedGainRight": 4.403108479962601, "bus_lcSublane": 0.7816986897799817, "bus_sigma": 0.9657612589875492, "bus_tau_mean": 2.4290008595408805, "bus_tau_std": 9.054263375404869, "bus_v_mean": 18.474949711301303, "bus_v_std": 3.3802019239570247, "car_acc": 1.091982145426259, "car_dcc": 3.2823415052759564, "car_lcAssertive": 68.08438713633001, "car_lcCooperative": 0.2883134649731277, "car_lcLookaheadLeft": 12.38962807345181, "car_lcPushy": 0.6894602214202571, "car_lcSigma": 0.7494525153968865, "car_lcSpeedGainRight": 2.7914100489775535, "car_lcSublane": 0.6652373633942178, "car_sigma": 0.40406098195856777, "car_tau_mean": 3.5313063185544373, "car_tau_std": 5.32401281751286, "car_v_mean": 22.317427226880177, "car_v_std": 14.794191101265747}, "datetime": {"datetime": "2024-08-08 18:44:47", "elapsed": 495.121424, "delta": 2.585047}}
{"target": -0.3123824929673484, "params": {"bus_acc": 3.606683333662321, "bus_dcc": 1.8502439736429124, "bus_lcAssertive": 20.56614281516753, "bus_lcCooperative": 0.3096328566269947, "bus_lcLookaheadLeft": 53.8649297007469, "bus_lcPushy": 0.4826852516650004, "bus_lcSigma": 0.6298717945275636, "bus_lcSpeedGainRight": 0.8338556480171, "bus_lcSublane": 0.37429583628418317, "bus_sigma": 0.5824876874559756, "bus_tau_mean": 3.337735678711166, "bus_tau_std": 3.684455733237365, "bus_v_mean": 21.430116404953996, "bus_v_std": 8.336183745140833, "car_acc": 3.8274642884744434, "car_dcc": 1.8890882007499403, "car_lcAssertive": 37.49165307082719, "car_lcCooperative": 0.6527300715843841, "car_lcLookaheadLeft": 59.17477178261795, "car_lcPushy": 0.35416976576484127, "car_lcSigma": 0.4843053704543141, "car_lcSpeedGainRight": 3.321606352249157, "car_lcSublane": 0.056339726051993444, "car_sigma": 0.606402372274341, "car_tau_mean": 3.1137397189789615, "car_tau_std": 7.939704655939427, "car_v_mean": 11.420547432294939, "car_v_std": 12.822100692552743}, "datetime": {"datetime": "2024-08-08 18:44:50", "elapsed": 498.032425, "delta": 2.911001}}
{"target": -0.32277766592937646, "params": {"bus_acc": 2.3996242896876496, "bus_dcc": 2.8698334046247997, "bus_lcAssertive": 82.14743517243357, "bus_lcCooperative": 0.4148056144153559, "bus_lcLookaheadLeft": 92.83170521184299, "bus_lcPushy": 0.597383245707438, "bus_lcSigma": 0.0018307971193968209, "bus_lcSpeedGainRight": 3.4001896280125807, "bus_lcSublane": 0.21277364503799268, "bus_sigma": 0.015255832231660937, "bus_tau_mean": 3.0751188107242284, "bus_tau_std": 5.519103823134891, "bus_v_mean": 20.537937428327396, "bus_v_std": 1.763381459054878, "car_acc": 2.0670990502072537, "car_dcc": 1.8991049162848428, "car_lcAssertive": 57.33129677407974, "car_lcCooperative": 0.5101532052376175, "car_lcLookaheadLeft": 78.64837250211872, "car_lcPushy": 0.18705790830807079, "car_lcSigma": 0.5764955065612383, "car_lcSpeedGainRight": 3.221887041733784, "car_lcSublane": 0.4598679872862814, "car_sigma": 0.5579772299699466, "car_tau_mean": 3.910141221685204, "car_tau_std": 7.516724175522118, "car_v_mean": 14.095781776013247, "car_v_std": 8.680325709369164}, "datetime": {"datetime": "2024-08-08 18:44:52", "elapsed": 500.409254, "delta": 2.376829}}
{"target": -0.29793368940932713, "params": {"bus_acc": 2.719816814649054, "bus_dcc": 3.8282877262988477, "bus_lcAssertive": 52.268144769059866, "bus_lcCooperative": 0.1944658095278845, "bus_lcLookaheadLeft": 85.09806045946067, "bus_lcPushy": 0.25163914235585283, "bus_lcSigma": 0.700726036482538, "bus_lcSpeedGainRight": 2.7013047019844993, "bus_lcSublane": 0.9488362882802196, "bus_sigma": 0.6243367024026759, "bus_tau_mean": 3.432922867167053, "bus_tau_std": 0.07932876194523097, "bus_v_mean": 23.829440898666206, "bus_v_std": 1.5542914066477298, "car_acc": 1.9663885408443087, "car_dcc": 3.838457186370296, "car_lcAssertive": 1.8849711347532616, "car_lcCooperative": 0.8227300054219355, "car_lcLookaheadLeft": 86.39874055994585, "car_lcPushy": 0.4398308142085725, "car_lcSigma": 0.2557451938059312, "car_lcSpeedGainRight": 4.013447598166493, "car_lcSublane": 0.47786200443222115, "car_sigma": 0.13433860865569613, "car_tau_mean": 3.7474714748875377, "car_tau_std": 8.959699670066485, "car_v_mean": 15.864722400270965, "car_v_std": 17.134049930355843}, "datetime": {"datetime": "2024-08-08 18:44:54", "elapsed": 502.727958, "delta": 2.318704}}
{"target": -0.3116349704734351, "params": {"bus_acc": 1.8419726601563788, "bus_dcc": 1.7511858590742755, "bus_lcAssertive": 1.0602555886107112, "bus_lcCooperative": 0.6928853192293604, "bus_lcLookaheadLeft": 77.84118437515335, "bus_lcPushy": 0.8203492980213409, "bus_lcSigma": 0.8516296143866011, "bus_lcSpeedGainRight": 0.7576244049042169, "bus_lcSublane": 0.8900366384529912, "bus_sigma": 0.6582128898145322, "bus_tau_mean": 2.936467819849663, "bus_tau_std": 5.640716642088865, "bus_v_mean": 23.03491197355372, "bus_v_std": 5.0369408700224145, "car_acc": 3.360652851168213, "car_dcc": 2.4857753991064273, "car_lcAssertive": 89.19912046787391, "car_lcCooperative": 0.2761986897941914, "car_lcLookaheadLeft": 3.4941971007035644, "car_lcPushy": 0.06489100463442987, "car_lcSigma": 0.8996350862213649, "car_lcSpeedGainRight": 3.205751116227499, "car_lcSublane": 0.7302687217068667, "car_sigma": 0.5043617045380032, "car_tau_mean": 2.451511101443811, "car_tau_std": 3.6389448265544355, "car_v_mean": 20.52217037236401, "car_v_std": 15.137305024150482}, "datetime": {"datetime": "2024-08-08 18:44:58", "elapsed": 506.478658, "delta": 3.7507}}
