{"target": -0.3586344858980225, "params": {"bus_acc": 4.0978, "bus_dcc": 3.4946, "bus_lcAssertive": 37.7274, "bus_lcCooperative": 0.5529, "bus_lcLookaheadLeft": 79.0009, "bus_lcPushy": 0.3693, "bus_lcSigma": 0.6583, "bus_lcSpeedGainRight": 0.6943, "bus_lcSublane": 0.0653, "bus_sigma": 0.7899, "bus_tau_mean": 2.2263, "bus_tau_std": 7.5919, "bus_v_mean": 22.0688, "bus_v_std": 2.5448, "car_acc": 2.722, "car_dcc": 3.6988, "car_lcAssertive": 17.5101, "car_lcCooperative": 0.5152, "car_lcLookaheadLeft": 46.1399, "car_lcPushy": 0.0509, "car_lcSigma": 0.909, "car_lcSpeedGainRight": 0.1142, "car_lcSublane": 0.0807, "car_sigma": 0.1016, "car_tau_mean": 2.9968, "car_tau_std": 9.0583, "car_v_mean": 20.7286, "car_v_std": 16.5898}, "datetime": {"datetime": "2024-08-08 12:36:16", "elapsed": 2186.633557, "delta": 1.706513}}
{"target": -0.3695611947096582, "params": {"bus_acc": 3.6514, "bus_dcc": 1.0081, "bus_lcAssertive": 31.9485, "bus_lcCooperative": 0.177, "bus_lcLookaheadLeft": 30.6304, "bus_lcPushy": 0.3786, "bus_lcSigma": 0.6878, "bus_lcSpeedGainRight": 4.1533, "bus_lcSublane": 0.0759, "bus_sigma": 0.2326, "bus_tau_mean": 0.5703, "bus_tau_std": 7.8481, "bus_v_mean": 22.7984, "bus_v_std": 6.3845, "car_acc": 2.8622, "car_dcc": 3.9131, "car_lcAssertive": 51.5098, "car_lcCooperative": 0.3666, "car_lcLookaheadLeft": 20.355, "car_lcPushy": 0.655, "car_lcSigma": 0.8797, "car_lcSpeedGainRight": 4.6069, "car_lcSublane": 0.1177, "car_sigma": 0.5008, "car_tau_mean": 2.4407, "car_tau_std": 8.9368, "car_v_mean": 20.5914, "car_v_std": 13.9421}, "datetime": {"datetime": "2024-08-08 12:36:18", "elapsed": 2188.273644, "delta": 1.640087}}
{"target": -0.3486964675484874, "params": {"bus_acc": 4.4769, "bus_dcc": 2.5304, "bus_lcAssertive": 88.3078, "bus_lcCooperative": 0.1011, "bus_lcLookaheadLeft": 54.1751, "bus_lcPushy": 0.4111, "bus_lcSigma": 0.734, "bus_lcSpeedGainRight": 4.0502, "bus_lcSublane": 0.4907, "bus_sigma": 0.561, "bus_tau_mean": 1.4551, "bus_tau_std": 5.9435, "bus_v_mean": 22.7279, "bus_v_std": 0.5541, "car_acc": 3.24, "car_dcc": 1.2825, "car_lcAssertive": 94.2922, "car_lcCooperative": 0.8687, "car_lcLookaheadLeft": 92.4042, "car_lcPushy": 0.3697, "car_lcSigma": 0.9688, "car_lcSpeedGainRight": 0.7961, "car_lcSublane": 0.6167, "car_sigma": 0.6084, "car_tau_mean": 2.192, "car_tau_std": 8.7252, "car_v_mean": 22.4709, "car_v_std": 14.6437}, "datetime": {"datetime": "2024-08-08 12:36:19", "elapsed": 2190.018477, "delta": 1.744833}}
{"target": -0.36494230665015986, "params": {"bus_acc": 2.5602, "bus_dcc": 1.4495, "bus_lcAssertive": 59.3292, "bus_lcCooperative": 0.5397, "bus_lcLookaheadLeft": 38.0039, "bus_lcPushy": 0.9465, "bus_lcSigma": 0.3802, "bus_lcSpeedGainRight": 3.9682, "bus_lcSublane": 0.9304, "bus_sigma": 0.1481, "bus_tau_mean": 0.6918, "bus_tau_std": 8.2625, "bus_v_mean": 10.5277, "bus_v_std": 13.1508, "car_acc": 1.6456, "car_dcc": 3.5609, "car_lcAssertive": 13.9237, "car_lcCooperative": 0.5437, "car_lcLookaheadLeft": 14.866, "car_lcPushy": 0.9862, "car_lcSigma": 0.2457, "car_lcSpeedGainRight": 2.2916, "car_lcSublane": 0.0184, "car_sigma": 0.664, "car_tau_mean": 2.5362, "car_tau_std": 1.3486, "car_v_mean": 21.6606, "car_v_std": 14.7944}, "datetime": {"datetime": "2024-08-08 12:36:22", "elapsed": 2192.960861, "delta": 2.942384}}
{"target": -0.30615555079852264, "params": {"bus_acc": 3.1978, "bus_dcc": 3.1618, "bus_lcAssertive": 65.48, "bus_lcCooperative": 0.2733, "bus_lcLookaheadLeft": 70.3871, "bus_lcPushy": 0.199, "bus_lcSigma": 0.9887, "bus_lcSpeedGainRight": 2.8084, "bus_lcSublane": 0.8363, "bus_sigma": 0.5219, "bus_tau_mean": 2.2911, "bus_tau_std": 1.0861, "bus_v_mean": 19.6689, "bus_v_std": 6.8627, "car_acc": 2.7534, "car_dcc": 2.1876, "car_lcAssertive": 67.6456, "car_lcCooperative": 0.2958, "car_lcLookaheadLeft": 40.623, "car_lcPushy": 0.8856, "car_lcSigma": 0.1388, "car_lcSpeedGainRight": 1.0389, "car_lcSublane": 0.7763, "car_sigma": 0.3116, "car_tau_mean": 3.0377, "car_tau_std": 4.4944, "car_v_mean": 8.4877, "car_v_std": 0.1663}, "datetime": {"datetime": "2024-08-08 12:36:26", "elapsed": 2196.078765, "delta": 3.117904}}
{"target": -0.27365221926243793, "params": {"bus_acc": 4.5813, "bus_dcc": 3.4356, "bus_lcAssertive": 81.1034, "bus_lcCooperative": 0.6082, "bus_lcLookaheadLeft": 34.045, "bus_lcPushy": 0.8473, "bus_lcSigma": 0.8043, "bus_lcSpeedGainRight": 4.4163, "bus_lcSublane": 0.6351, "bus_sigma": 0.1111, "bus_tau_mean": 3.2513, "bus_tau_std": 1.8025, "bus_v_mean": 9.0012, "bus_v_std": 18.0858, "car_acc": 2.7392, "car_dcc": 1.3988, "car_lcAssertive": 45.4247, "car_lcCooperative": 0.2947, "car_lcLookaheadLeft": 28.4099, "car_lcPushy": 0.8488, "car_lcSigma": 0.0229, "car_lcSpeedGainRight": 4.768, "car_lcSublane": 0.4966, "car_sigma": 0.4706, "car_tau_mean": 3.0779, "car_tau_std": 2.562, "car_v_mean": 15.7542, "car_v_std": 18.6257}, "datetime": {"datetime": "2024-08-08 12:36:27", "elapsed": 2197.529719, "delta": 1.450954}}
{"target": -0.32399772851102837, "params": {"bus_acc": 3.1829, "bus_dcc": 2.296, "bus_lcAssertive": 52.5258, "bus_lcCooperative": 0.8801, "bus_lcLookaheadLeft": 13.5921, "bus_lcPushy": 0.4893, "bus_lcSigma": 0.5476, "bus_lcSpeedGainRight": 1.6405, "bus_lcSublane": 0.638, "bus_sigma": 0.1748, "bus_tau_mean": 1.3276, "bus_tau_std": 8.8136, "bus_v_mean": 12.8814, "bus_v_std": 11.8362, "car_acc": 1.6164, "car_dcc": 1.3252, "car_lcAssertive": 13.8876, "car_lcCooperative": 0.8524, "car_lcLookaheadLeft": 80.3895, "car_lcPushy": 0.7749, "car_lcSigma": 0.834, "car_lcSpeedGainRight": 2.1339, "car_lcSublane": 0.3158, "car_sigma": 0.2835, "car_tau_mean": 3.485, "car_tau_std": 5.7686, "car_v_mean": 8.9566, "car_v_std": 16.1817}, "datetime": {"datetime": "2024-08-08 12:36:29", "elapsed": 2199.161658, "delta": 1.631939}}
{"target": -0.3461356592638336, "params": {"bus_acc": 1.7673, "bus_dcc": 3.9217, "bus_lcAssertive": 72.3083, "bus_lcCooperative": 0.1902, "bus_lcLookaheadLeft": 62.1438, "bus_lcPushy": 0.8972, "bus_lcSigma": 0.7512, "bus_lcSpeedGainRight": 1.2886, "bus_lcSublane": 0.2723, "bus_sigma": 0.7734, "bus_tau_mean": 3.1301, "bus_tau_std": 1.2537, "bus_v_mean": 19.7242, "bus_v_std": 6.3533, "car_acc": 2.4001, "car_dcc": 1.1754, "car_lcAssertive": 77.2421, "car_lcCooperative": 0.2953, "car_lcLookaheadLeft": 36.6181, "car_lcPushy": 0.518, "car_lcSigma": 0.3678, "car_lcSpeedGainRight": 3.2027, "car_lcSublane": 0.4696, "car_sigma": 0.2405, "car_tau_mean": 3.1231, "car_tau_std": 5.0912, "car_v_mean": 21.0367, "car_v_std": 14.8046}, "datetime": {"datetime": "2024-08-08 12:36:31", "elapsed": 2201.803127, "delta": 2.641469}}
{"target": -0.3488614983247038, "params": {"bus_acc": 2.424, "bus_dcc": 3.5579, "bus_lcAssertive": 62.9893, "bus_lcCooperative": 0.3938, "bus_lcLookaheadLeft": 25.4734, "bus_lcPushy": 0.2478, "bus_lcSigma": 0.4715, "bus_lcSpeedGainRight": 1.0663, "bus_lcSublane": 0.4829, "bus_sigma": 0.2444, "bus_tau_mean": 0.9732, "bus_tau_std": 6.89, "bus_v_mean": 20.2285, "bus_v_std": 17.0058, "car_acc": 2.3247, "car_dcc": 1.7891, "car_lcAssertive": 92.3764, "car_lcCooperative": 0.7763, "car_lcLookaheadLeft": 47.5022, "car_lcPushy": 0.8281, "car_lcSigma": 0.2352, "car_lcSpeedGainRight": 2.7502, "car_lcSublane": 0.8516, "car_sigma": 0.859, "car_tau_mean": 3.3326, "car_tau_std": 0.1433, "car_v_mean": 17.9479, "car_v_std": 17.3111}, "datetime": {"datetime": "2024-08-08 12:36:35", "elapsed": 2205.101394, "delta": 3.298267}}
{"target": -0.3325650512604759, "params": {"bus_acc": 2.687, "bus_dcc": 3.1834, "bus_lcAssertive": 9.9035, "bus_lcCooperative": 0.9735, "bus_lcLookaheadLeft": 53.0924, "bus_lcPushy": 0.4256, "bus_lcSigma": 0.5301, "bus_lcSpeedGainRight": 3.8027, "bus_lcSublane": 0.9432, "bus_sigma": 0.8611, "bus_tau_mean": 3.2162, "bus_tau_std": 9.2983, "bus_v_mean": 8.0994, "bus_v_std": 9.555, "car_acc": 3.092, "car_dcc": 3.3798, "car_lcAssertive": 86.1477, "car_lcCooperative": 0.0275, "car_lcLookaheadLeft": 14.51, "car_lcPushy": 0.1741, "car_lcSigma": 0.4168, "car_lcSpeedGainRight": 1.2999, "car_lcSublane": 0.8252, "car_sigma": 0.2288, "car_tau_mean": 2.7369, "car_tau_std": 2.406, "car_v_mean": 23.1654, "car_v_std": 17.8248}, "datetime": {"datetime": "2024-08-08 12:36:36", "elapsed": 2206.097641, "delta": 0.996247}}
{"target": -0.32762023881593205, "params": {"bus_acc": 2.1064, "bus_dcc": 1.5216, "bus_lcAssertive": 42.9114, "bus_lcCooperative": 0.3953, "bus_lcLookaheadLeft": 40.1811, "bus_lcPushy": 0.287, "bus_lcSigma": 0.5391, "bus_lcSpeedGainRight": 2.408, "bus_lcSublane": 0.9353, "bus_sigma": 0.7323, "bus_tau_mean": 1.4571, "bus_tau_std": 2.2701, "bus_v_mean": 18.6526, "bus_v_std": 11.129, "car_acc": 3.3066, "car_dcc": 1.5118, "car_lcAssertive": 20.1427, "car_lcCooperative": 0.4994, "car_lcLookaheadLeft": 10.3201, "car_lcPushy": 0.0412, "car_lcSigma": 0.8542, "car_lcSpeedGainRight": 2.2477, "car_lcSublane": 0.8155, "car_sigma": 0.7907, "car_tau_mean": 3.8169, "car_tau_std": 6.5178, "car_v_mean": 21.6194, "car_v_std": 17.025}, "datetime": {"datetime": "2024-08-08 12:36:38", "elapsed": 2208.445707, "delta": 2.348066}}
{"target": -0.33483951372080767, "params": {"bus_acc": 2.6007, "bus_dcc": 2.8267, "bus_lcAssertive": 58.9611, "bus_lcCooperative": 0.574, "bus_lcLookaheadLeft": 52.4288, "bus_lcPushy": 0.5139, "bus_lcSigma": 0.0186, "bus_lcSpeedGainRight": 1.7698, "bus_lcSublane": 0.5874, "bus_sigma": 0.0017, "bus_tau_mean": 3.8208, "bus_tau_std": 5.2073, "bus_v_mean": 12.3809, "bus_v_std": 5.5695, "car_acc": 2.7793, "car_dcc": 3.9759, "car_lcAssertive": 52.1366, "car_lcCooperative": 0.4087, "car_lcLookaheadLeft": 4.3136, "car_lcPushy": 0.5345, "car_lcSigma": 0.3892, "car_lcSpeedGainRight": 0.1096, "car_lcSublane": 0.6718, "car_sigma": 0.5365, "car_tau_mean": 2.4304, "car_tau_std": 3.4126, "car_v_mean": 15.8494, "car_v_std": 9.7569}, "datetime": {"datetime": "2024-08-08 12:36:41", "elapsed": 2211.058841, "delta": 2.613134}}
{"target": -0.35390104419053736, "params": {"bus_acc": 1.2193, "bus_dcc": 3.1229, "bus_lcAssertive": 35.3862, "bus_lcCooperative": 0.998, "bus_lcLookaheadLeft": 57.7114, "bus_lcPushy": 0.6581, "bus_lcSigma": 0.0661, "bus_lcSpeedGainRight": 3.9558, "bus_lcSublane": 0.944, "bus_sigma": 0.1059, "bus_tau_mean": 0.5876, "bus_tau_std": 2.1925, "bus_v_mean": 16.8668, "bus_v_std": 15.8065, "car_acc": 1.9066, "car_dcc": 2.0591, "car_lcAssertive": 88.9419, "car_lcCooperative": 0.0093, "car_lcLookaheadLeft": 77.6132, "car_lcPushy": 0.5586, "car_lcSigma": 0.8962, "car_lcSpeedGainRight": 4.2879, "car_lcSublane": 0.0629, "car_sigma": 0.8298, "car_tau_mean": 1.7781, "car_tau_std": 3.8559, "car_v_mean": 10.1586, "car_v_std": 4.3857}, "datetime": {"datetime": "2024-08-08 12:36:43", "elapsed": 2213.648622, "delta": 2.589781}}
{"target": -0.3316093286797001, "params": {"bus_acc": 2.8059, "bus_dcc": 2.4418, "bus_lcAssertive": 98.3594, "bus_lcCooperative": 0.1937, "bus_lcLookaheadLeft": 90.9822, "bus_lcPushy": 0.6356, "bus_lcSigma": 0.3063, "bus_lcSpeedGainRight": 3.9118, "bus_lcSublane": 0.475, "bus_sigma": 0.5976, "bus_tau_mean": 0.9878, "bus_tau_std": 2.7623, "bus_v_mean": 13.9787, "bus_v_std": 15.0553, "car_acc": 3.8805, "car_dcc": 2.8562, "car_lcAssertive": 33.4064, "car_lcCooperative": 0.8507, "car_lcLookaheadLeft": 18.6131, "car_lcPushy": 0.8008, "car_lcSigma": 0.517, "car_lcSpeedGainRight": 2.5906, "car_lcSublane": 0.5038, "car_sigma": 0.9652, "car_tau_mean": 2.393, "car_tau_std": 1.7209, "car_v_mean": 15.3424, "car_v_std": 9.0203}, "datetime": {"datetime": "2024-08-08 12:36:46", "elapsed": 2216.425778, "delta": 2.777156}}
{"target": -0.3040890702615615, "params": {"bus_acc": 4.2873, "bus_dcc": 3.1188, "bus_lcAssertive": 86.3146, "bus_lcCooperative": 0.737, "bus_lcLookaheadLeft": 59.3658, "bus_lcPushy": 0.5128, "bus_lcSigma": 0.349, "bus_lcSpeedGainRight": 4.553, "bus_lcSublane": 0.5517, "bus_sigma": 0.359, "bus_tau_mean": 3.299, "bus_tau_std": 7.9899, "bus_v_mean": 17.1914, "bus_v_std": 11.0983, "car_acc": 1.6297, "car_dcc": 1.2906, "car_lcAssertive": 28.885, "car_lcCooperative": 0.8283, "car_lcLookaheadLeft": 71.1268, "car_lcPushy": 0.5196, "car_lcSigma": 0.1739, "car_lcSpeedGainRight": 4.0201, "car_lcSublane": 0.8329, "car_sigma": 0.6858, "car_tau_mean": 2.9511, "car_tau_std": 7.0201, "car_v_mean": 12.9019, "car_v_std": 15.9194}, "datetime": {"datetime": "2024-08-08 12:36:48", "elapsed": 2218.425892, "delta": 2.000114}}
{"target": -0.36084174496428645, "params": {"bus_acc": 2.566, "bus_dcc": 1.8441, "bus_lcAssertive": 15.7535, "bus_lcCooperative": 0.49, "bus_lcLookaheadLeft": 89.525, "bus_lcPushy": 0.0339, "bus_lcSigma": 0.5269, "bus_lcSpeedGainRight": 4.8851, "bus_lcSublane": 0.1838, "bus_sigma": 0.5876, "bus_tau_mean": 2.2316, "bus_tau_std": 0.4118, "bus_v_mean": 9.4128, "bus_v_std": 5.8851, "car_acc": 1.5853, "car_dcc": 3.8814, "car_lcAssertive": 5.9461, "car_lcCooperative": 0.9258, "car_lcLookaheadLeft": 21.4852, "car_lcPushy": 0.8553, "car_lcSigma": 0.8467, "car_lcSpeedGainRight": 1.7212, "car_lcSublane": 0.0282, "car_sigma": 0.1271, "car_tau_mean": 2.6116, "car_tau_std": 6.0781, "car_v_mean": 15.8892, "car_v_std": 8.6529}, "datetime": {"datetime": "2024-08-08 12:36:50", "elapsed": 2220.483563, "delta": 2.057671}}
{"target": -0.3526061038913677, "params": {"bus_acc": 1.5451, "bus_dcc": 3.3378, "bus_lcAssertive": 58.9697, "bus_lcCooperative": 0.4215, "bus_lcLookaheadLeft": 82.0661, "bus_lcPushy": 0.5007, "bus_lcSigma": 0.1602, "bus_lcSpeedGainRight": 4.7394, "bus_lcSublane": 0.6468, "bus_sigma": 0.7552, "bus_tau_mean": 1.6963, "bus_tau_std": 3.5904, "bus_v_mean": 12.8728, "bus_v_std": 16.2096, "car_acc": 3.867, "car_dcc": 1.1261, "car_lcAssertive": 17.7572, "car_lcCooperative": 0.7967, "car_lcLookaheadLeft": 93.0627, "car_lcPushy": 0.8229, "car_lcSigma": 0.0864, "car_lcSpeedGainRight": 3.67, "car_lcSublane": 0.2756, "car_sigma": 0.2987, "car_tau_mean": 3.2313, "car_tau_std": 1.4958, "car_v_mean": 10.2791, "car_v_std": 12.8311}, "datetime": {"datetime": "2024-08-08 12:36:53", "elapsed": 2223.292845, "delta": 2.809282}}
{"target": -0.3298742786229525, "params": {"bus_acc": 4.2952, "bus_dcc": 2.8887, "bus_lcAssertive": 6.5573, "bus_lcCooperative": 0.7163, "bus_lcLookaheadLeft": 77.4572, "bus_lcPushy": 0.7416, "bus_lcSigma": 0.7849, "bus_lcSpeedGainRight": 0.4769, "bus_lcSublane": 0.9707, "bus_sigma": 0.6987, "bus_tau_mean": 2.4826, "bus_tau_std": 8.6219, "bus_v_mean": 12.6965, "bus_v_std": 2.1865, "car_acc": 3.1184, "car_dcc": 1.3203, "car_lcAssertive": 50.6543, "car_lcCooperative": 0.2614, "car_lcLookaheadLeft": 37.6872, "car_lcPushy": 0.7355, "car_lcSigma": 0.2692, "car_lcSpeedGainRight": 1.7607, "car_lcSublane": 0.4523, "car_sigma": 0.2952, "car_tau_mean": 1.7052, "car_tau_std": 5.2083, "car_v_mean": 20.5135, "car_v_std": 15.1438}, "datetime": {"datetime": "2024-08-08 12:36:54", "elapsed": 2224.853732, "delta": 1.560887}}
{"target": -0.343836698038804, "params": {"bus_acc": 1.1618, "bus_dcc": 1.1997, "bus_lcAssertive": 91.591, "bus_lcCooperative": 0.5159, "bus_lcLookaheadLeft": 74.4541, "bus_lcPushy": 0.8533, "bus_lcSigma": 0.8782, "bus_lcSpeedGainRight": 1.7355, "bus_lcSublane": 0.9927, "bus_sigma": 0.4133, "bus_tau_mean": 1.9778, "bus_tau_std": 5.8855, "bus_v_mean": 10.8311, "bus_v_std": 15.9648, "car_acc": 2.3146, "car_dcc": 3.4574, "car_lcAssertive": 51.8503, "car_lcCooperative": 0.4027, "car_lcLookaheadLeft": 45.3954, "car_lcPushy": 0.5536, "car_lcSigma": 0.8852, "car_lcSpeedGainRight": 3.5242, "car_lcSublane": 0.4017, "car_sigma": 0.1131, "car_tau_mean": 2.9435, "car_tau_std": 7.4482, "car_v_mean": 10.0028, "car_v_std": 9.0583}, "datetime": {"datetime": "2024-08-08 12:36:56", "elapsed": 2226.681541, "delta": 1.827809}}
{"target": -0.3460299933404701, "params": {"bus_acc": 1.0707, "bus_dcc": 3.423, "bus_lcAssertive": 34.9888, "bus_lcCooperative": 0.8668, "bus_lcLookaheadLeft": 60.342, "bus_lcPushy": 0.5635, "bus_lcSigma": 0.99, "bus_lcSpeedGainRight": 1.2912, "bus_lcSublane": 0.164, "bus_sigma": 0.3541, "bus_tau_mean": 3.3799, "bus_tau_std": 2.3937, "bus_v_mean": 17.5078, "bus_v_std": 15.5346, "car_acc": 3.5125, "car_dcc": 2.4822, "car_lcAssertive": 70.891, "car_lcCooperative": 0.8937, "car_lcLookaheadLeft": 2.9727, "car_lcPushy": 0.3741, "car_lcSigma": 0.2762, "car_lcSpeedGainRight": 4.7149, "car_lcSublane": 0.3414, "car_sigma": 0.1464, "car_tau_mean": 2.2958, "car_tau_std": 8.0955, "car_v_mean": 21.5445, "car_v_std": 7.415}, "datetime": {"datetime": "2024-08-08 12:36:58", "elapsed": 2228.209877, "delta": 1.528336}}
{"target": -0.34239065360847054, "params": {"bus_acc": 4.3519, "bus_dcc": 1.517, "bus_lcAssertive": 3.7216, "bus_lcCooperative": 0.057, "bus_lcLookaheadLeft": 42.3816, "bus_lcPushy": 0.7588, "bus_lcSigma": 0.5506, "bus_lcSpeedGainRight": 0.2696, "bus_lcSublane": 0.1877, "bus_sigma": 0.915, "bus_tau_mean": 1.915, "bus_tau_std": 1.4014, "bus_v_mean": 21.2077, "bus_v_std": 9.5131, "car_acc": 3.5897, "car_dcc": 2.5697, "car_lcAssertive": 88.1731, "car_lcCooperative": 0.5113, "car_lcLookaheadLeft": 41.0814, "car_lcPushy": 0.7829, "car_lcSigma": 0.2661, "car_lcSpeedGainRight": 0.0073, "car_lcSublane": 0.8245, "car_sigma": 0.475, "car_tau_mean": 2.2624, "car_tau_std": 9.1376, "car_v_mean": 12.904, "car_v_std": 14.2422}, "datetime": {"datetime": "2024-08-08 12:36:59", "elapsed": 2229.430687, "delta": 1.22081}}
{"target": -0.34056254939530684, "params": {"bus_acc": 4.1327, "bus_dcc": 3.0041, "bus_lcAssertive": 81.3992, "bus_lcCooperative": 0.0188, "bus_lcLookaheadLeft": 23.7671, "bus_lcPushy": 0.0565, "bus_lcSigma": 0.1133, "bus_lcSpeedGainRight": 2.6741, "bus_lcSublane": 0.4683, "bus_sigma": 0.0911, "bus_tau_mean": 2.5834, "bus_tau_std": 9.7389, "bus_v_mean": 17.1521, "bus_v_std": 19.8474, "car_acc": 4.9623, "car_dcc": 1.029, "car_lcAssertive": 37.6284, "car_lcCooperative": 0.0902, "car_lcLookaheadLeft": 66.959, "car_lcPushy": 0.0267, "car_lcSigma": 0.1787, "car_lcSpeedGainRight": 2.4791, "car_lcSublane": 0.2626, "car_sigma": 0.3186, "car_tau_mean": 1.9267, "car_tau_std": 8.9892, "car_v_mean": 20.0974, "car_v_std": 6.9849}, "datetime": {"datetime": "2024-08-08 12:37:03", "elapsed": 2233.285545, "delta": 3.854858}}
{"target": -0.34401348902223516, "params": {"bus_acc": 2.4276, "bus_dcc": 2.4605, "bus_lcAssertive": 22.3123, "bus_lcCooperative": 0.5281, "bus_lcLookaheadLeft": 15.5791, "bus_lcPushy": 0.5111, "bus_lcSigma": 0.6992, "bus_lcSpeedGainRight": 2.5967, "bus_lcSublane": 0.1208, "bus_sigma": 0.244, "bus_tau_mean": 3.8451, "bus_tau_std": 8.8821, "bus_v_mean": 13.3731, "bus_v_std": 12.4864, "car_acc": 4.2854, "car_dcc": 2.5419, "car_lcAssertive": 65.1886, "car_lcCooperative": 0.3389, "car_lcLookaheadLeft": 23.7077, "car_lcPushy": 0.1593, "car_lcSigma": 0.2504, "car_lcSpeedGainRight": 3.0177, "car_lcSublane": 0.0661, "car_sigma": 0.6235, "car_tau_mean": 3.3368, "car_tau_std": 8.4685, "car_v_mean": 12.3721, "car_v_std": 10.2825}, "datetime": {"datetime": "2024-08-08 12:37:04", "elapsed": 2234.827366, "delta": 1.541821}}
{"target": -0.3452877360226432, "params": {"bus_acc": 3.4273, "bus_dcc": 3.0648, "bus_lcAssertive": 26.7871, "bus_lcCooperative": 0.0442, "bus_lcLookaheadLeft": 81.1832, "bus_lcPushy": 0.7526, "bus_lcSigma": 0.8794, "bus_lcSpeedGainRight": 1.1958, "bus_lcSublane": 0.6996, "bus_sigma": 0.0884, "bus_tau_mean": 0.5466, "bus_tau_std": 9.4256, "bus_v_mean": 21.988, "bus_v_std": 19.705, "car_acc": 3.3706, "car_dcc": 1.3232, "car_lcAssertive": 49.965, "car_lcCooperative": 0.0199, "car_lcLookaheadLeft": 57.5849, "car_lcPushy": 0.6925, "car_lcSigma": 0.313, "car_lcSpeedGainRight": 4.2748, "car_lcSublane": 0.7779, "car_sigma": 0.9189, "car_tau_mean": 1.6732, "car_tau_std": 8.4588, "car_v_mean": 13.3964, "car_v_std": 19.3029}, "datetime": {"datetime": "2024-08-08 12:37:06", "elapsed": 2237.025122, "delta": 2.197756}}
{"target": -0.36634494445726296, "params": {"bus_acc": 3.963, "bus_dcc": 2.8362, "bus_lcAssertive": 76.9826, "bus_lcCooperative": 0.9975, "bus_lcLookaheadLeft": 41.8432, "bus_lcPushy": 0.8137, "bus_lcSigma": 0.0135, "bus_lcSpeedGainRight": 2.435, "bus_lcSublane": 0.2142, "bus_sigma": 0.0746, "bus_tau_mean": 3.7346, "bus_tau_std": 1.2289, "bus_v_mean": 11.6774, "bus_v_std": 14.8477, "car_acc": 4.1955, "car_dcc": 1.9928, "car_lcAssertive": 46.4652, "car_lcCooperative": 0.9943, "car_lcLookaheadLeft": 7.9544, "car_lcPushy": 0.8893, "car_lcSigma": 0.9304, "car_lcSpeedGainRight": 1.4594, "car_lcSublane": 0.7928, "car_sigma": 0.2657, "car_tau_mean": 1.971, "car_tau_std": 6.3913, "car_v_mean": 13.3291, "car_v_std": 9.8143}, "datetime": {"datetime": "2024-08-08 12:37:08", "elapsed": 2238.575669, "delta": 1.550547}}
{"target": -0.3720871587946253, "params": {"bus_acc": 2.5412, "bus_dcc": 2.1678, "bus_lcAssertive": 15.6525, "bus_lcCooperative": 0.0292, "bus_lcLookaheadLeft": 53.9477, "bus_lcPushy": 0.1665, "bus_lcSigma": 0.6683, "bus_lcSpeedGainRight": 3.9794, "bus_lcSublane": 0.8708, "bus_sigma": 0.115, "bus_tau_mean": 0.9576, "bus_tau_std": 4.7987, "bus_v_mean": 20.4462, "bus_v_std": 11.1033, "car_acc": 1.6749, "car_dcc": 3.5739, "car_lcAssertive": 4.2369, "car_lcCooperative": 0.5261, "car_lcLookaheadLeft": 84.9193, "car_lcPushy": 0.0857, "car_lcSigma": 0.0465, "car_lcSpeedGainRight": 4.666, "car_lcSublane": 0.9523, "car_sigma": 0.7324, "car_tau_mean": 3.3648, "car_tau_std": 1.9632, "car_v_mean": 9.4301, "car_v_std": 10.0041}, "datetime": {"datetime": "2024-08-08 12:37:10", "elapsed": 2240.607636, "delta": 2.031967}}
