{"target": -0.3860315703648426, "params": {"bus_acc": 1.4603, "bus_dcc": 3.5172, "bus_lcAssertive": 7.8712, "bus_lcCooperative": 0.948, "bus_lcLookaheadLeft": 15.1784, "bus_lcPushy": 0.1185, "bus_lcSigma": 0.9378, "bus_lcSublane": 0.0672, "bus_sigma": 0.7405, "bus_tau_mean": 2.2572, "bus_tau_std": 6.6214, "bus_v_mean": 20.9957, "bus_v_std": 5.8259, "car_acc": 2.9906, "car_dcc": 3.4623, "car_lcAssertive": 72.0656, "car_lcCooperative": 0.2669, "car_lcLookaheadLeft": 47.2314, "car_lcPushy": 0.0315, "car_lcSigma": 0.4773, "car_lcSublane": 0.1977, "car_sigma": 0.249, "car_tau_mean": 2.2837, "car_tau_std": 8.1275, "car_v_mean": 16.7949, "car_v_std": 3.843}, "datetime": {"datetime": "2024-08-07 11:10:33", "elapsed": 6135.944381, "delta": 4.397002}}
{"target": -0.36477751022723276, "params": {"bus_acc": 1.0559, "bus_dcc": 3.0101, "bus_lcAssertive": 26.4393, "bus_lcCooperative": 0.5251, "bus_lcLookaheadLeft": 22.6897, "bus_lcPushy": 0.842, "bus_lcSigma": 0.4009, "bus_lcSublane": 0.1147, "bus_sigma": 0.4058, "bus_tau_mean": 2.073, "bus_tau_std": 8.9962, "bus_v_mean": 11.5444, "bus_v_std": 2.6173, "car_acc": 1.7958, "car_dcc": 3.1282, "car_lcAssertive": 72.2415, "car_lcCooperative": 0.7535, "car_lcLookaheadLeft": 23.1353, "car_lcPushy": 0.4116, "car_lcSigma": 0.0448, "car_lcSublane": 0.1819, "car_sigma": 0.4127, "car_tau_mean": 0.9563, "car_tau_std": 5.7264, "car_v_mean": 9.1578, "car_v_std": 4.5488}, "datetime": {"datetime": "2024-08-07 11:10:57", "elapsed": 6159.494874, "delta": 23.550493}}
{"target": -0.40375465419773715, "params": {"bus_acc": 1.6112, "bus_dcc": 1.5028, "bus_lcAssertive": 12.7169, "bus_lcCooperative": 0.1037, "bus_lcLookaheadLeft": 34.2812, "bus_lcPushy": 0.5534, "bus_lcSigma": 0.34, "bus_lcSublane": 0.1867, "bus_sigma": 0.0882, "bus_tau_mean": 2.6479, "bus_tau_std": 5.526, "bus_v_mean": 12.6721, "bus_v_std": 4.2038, "car_acc": 1.8994, "car_dcc": 2.0686, "car_lcAssertive": 40.3121, "car_lcCooperative": 0.2266, "car_lcLookaheadLeft": 15.4555, "car_lcPushy": 0.3589, "car_lcSigma": 0.2213, "car_lcSublane": 0.6136, "car_sigma": 0.4478, "car_tau_mean": 2.2456, "car_tau_std": 8.6872, "car_v_mean": 20.4047, "car_v_std": 0.3764}, "datetime": {"datetime": "2024-08-07 11:11:33", "elapsed": 6195.89983, "delta": 36.404956}}
{"target": -0.34683456450504163, "params": {"bus_acc": 1.9598, "bus_dcc": 1.9218, "bus_lcAssertive": 39.0215, "bus_lcCooperative": 0.6876, "bus_lcLookaheadLeft": 36.6866, "bus_lcPushy": 0.8045, "bus_lcSigma": 0.9317, "bus_lcSublane": 0.1543, "bus_sigma": 0.101, "bus_tau_mean": 3.8643, "bus_tau_std": 4.0079, "bus_v_mean": 18.692, "bus_v_std": 5.9421, "car_acc": 1.6349, "car_dcc": 3.1536, "car_lcAssertive": 69.6203, "car_lcCooperative": 0.8487, "car_lcLookaheadLeft": 14.8886, "car_lcPushy": 0.3758, "car_lcSigma": 0.5558, "car_lcSublane": 0.0229, "car_sigma": 0.7574, "car_tau_mean": 2.1919, "car_tau_std": 0.5221, "car_v_mean": 19.3013, "car_v_std": 4.0288}, "datetime": {"datetime": "2024-08-07 11:11:38", "elapsed": 6201.355587, "delta": 5.455757}}
{"target": -0.3513453622573114, "params": {"bus_acc": 2.2057, "bus_dcc": 2.1567, "bus_lcAssertive": 93.6438, "bus_lcCooperative": 0.6262, "bus_lcLookaheadLeft": 50.6062, "bus_lcPushy": 0.7602, "bus_lcSigma": 0.4591, "bus_lcSublane": 0.6518, "bus_sigma": 0.7248, "bus_tau_mean": 3.8912, "bus_tau_std": 4.7767, "bus_v_mean": 10.7636, "bus_v_std": 2.8572, "car_acc": 2.6715, "car_dcc": 1.0725, "car_lcAssertive": 91.9263, "car_lcCooperative": 0.9244, "car_lcLookaheadLeft": 87.8994, "car_lcPushy": 0.3596, "car_lcSigma": 0.9966, "car_lcSublane": 0.2484, "car_sigma": 0.2704, "car_tau_mean": 3.5813, "car_tau_std": 9.7986, "car_v_mean": 9.7925, "car_v_std": 8.2612}, "datetime": {"datetime": "2024-08-07 11:11:42", "elapsed": 6204.560895, "delta": 3.205308}}
{"target": -0.3444137298337334, "params": {"bus_acc": 1.1867, "bus_dcc": 3.0228, "bus_lcAssertive": 80.2898, "bus_lcCooperative": 0.4511, "bus_lcLookaheadLeft": 27.9505, "bus_lcPushy": 0.8124, "bus_lcSigma": 0.3051, "bus_lcSublane": 0.9281, "bus_sigma": 0.2798, "bus_tau_mean": 3.6926, "bus_tau_std": 5.6758, "bus_v_mean": 17.0859, "bus_v_std": 1.833, "car_acc": 2.4073, "car_dcc": 2.3861, "car_lcAssertive": 17.4173, "car_lcCooperative": 0.78, "car_lcLookaheadLeft": 48.9775, "car_lcPushy": 0.0135, "car_lcSigma": 0.4674, "car_lcSublane": 0.4555, "car_sigma": 0.6244, "car_tau_mean": 2.217, "car_tau_std": 6.631, "car_v_mean": 22.5594, "car_v_std": 8.1701}, "datetime": {"datetime": "2024-08-07 11:12:10", "elapsed": 6232.642589, "delta": 28.081694}}
{"target": -0.28526259541317817, "params": {"bus_acc": 2.7528, "bus_dcc": 1.1481, "bus_lcAssertive": 68.5912, "bus_lcCooperative": 0.6332, "bus_lcLookaheadLeft": 41.9349, "bus_lcPushy": 0.5673, "bus_lcSigma": 0.6273, "bus_lcSublane": 0.9334, "bus_sigma": 0.5984, "bus_tau_mean": 3.5102, "bus_tau_std": 4.9891, "bus_v_mean": 8.2899, "bus_v_std": 4.3272, "car_acc": 1.9955, "car_dcc": 1.9522, "car_lcAssertive": 6.3037, "car_lcCooperative": 0.8369, "car_lcLookaheadLeft": 31.0671, "car_lcPushy": 0.8066, "car_lcSigma": 0.9528, "car_lcSublane": 0.8166, "car_sigma": 0.3058, "car_tau_mean": 3.6133, "car_tau_std": 6.703, "car_v_mean": 14.3041, "car_v_std": 0.0027}, "datetime": {"datetime": "2024-08-07 11:12:17", "elapsed": 6239.876985, "delta": 7.234396}}
{"target": -0.40828318003679565, "params": {"bus_acc": 1.5225, "bus_dcc": 1.5217, "bus_lcAssertive": 42.2218, "bus_lcCooperative": 0.0418, "bus_lcLookaheadLeft": 35.2074, "bus_lcPushy": 0.5351, "bus_lcSigma": 0.6926, "bus_lcSublane": 0.0911, "bus_sigma": 0.4603, "bus_tau_mean": 1.2161, "bus_tau_std": 9.9864, "bus_v_mean": 18.4358, "bus_v_std": 0.606, "car_acc": 1.5855, "car_dcc": 3.7322, "car_lcAssertive": 34.7445, "car_lcCooperative": 0.4357, "car_lcLookaheadLeft": 18.1774, "car_lcPushy": 0.1621, "car_lcSigma": 0.495, "car_lcSublane": 0.8737, "car_sigma": 0.6384, "car_tau_mean": 1.524, "car_tau_std": 1.5859, "car_v_mean": 23.6291, "car_v_std": 8.4795}, "datetime": {"datetime": "2024-08-07 11:12:34", "elapsed": 6256.803562, "delta": 16.926577}}
{"target": -0.4456794550042469, "params": {"bus_acc": 2.1344, "bus_dcc": 3.1581, "bus_lcAssertive": 59.2306, "bus_lcCooperative": 0.2115, "bus_lcLookaheadLeft": 4.9196, "bus_lcPushy": 0.0603, "bus_lcSigma": 0.7079, "bus_lcSublane": 0.5452, "bus_sigma": 0.4937, "bus_tau_mean": 1.9196, "bus_tau_std": 8.3203, "bus_v_mean": 19.1842, "bus_v_std": 2.258, "car_acc": 2.6389, "car_dcc": 2.9305, "car_lcAssertive": 67.9459, "car_lcCooperative": 0.3562, "car_lcLookaheadLeft": 6.3412, "car_lcPushy": 0.698, "car_lcSigma": 0.9927, "car_lcSublane": 0.313, "car_sigma": 0.1352, "car_tau_mean": 0.8324, "car_tau_std": 3.6871, "car_v_mean": 8.423, "car_v_std": 2.7623}, "datetime": {"datetime": "2024-08-07 11:12:41", "elapsed": 6263.818167, "delta": 7.014605}}
{"target": -0.3362157268750649, "params": {"bus_acc": 2.001, "bus_dcc": 1.6758, "bus_lcAssertive": 76.5422, "bus_lcCooperative": 0.111, "bus_lcLookaheadLeft": 73.7283, "bus_lcPushy": 0.4524, "bus_lcSigma": 0.8075, "bus_lcSublane": 0.8531, "bus_sigma": 0.7156, "bus_tau_mean": 3.4071, "bus_tau_std": 9.4865, "bus_v_mean": 15.1698, "bus_v_std": 7.9377, "car_acc": 1.4077, "car_dcc": 3.0315, "car_lcAssertive": 75.2054, "car_lcCooperative": 0.2816, "car_lcLookaheadLeft": 38.3641, "car_lcPushy": 0.3282, "car_lcSigma": 0.0861, "car_lcSublane": 0.5525, "car_sigma": 0.2761, "car_tau_mean": 0.868, "car_tau_std": 5.5374, "car_v_mean": 17.0869, "car_v_std": 3.9362}, "datetime": {"datetime": "2024-08-07 11:13:12", "elapsed": 6294.506062, "delta": 30.687895}}
{"target": -0.31189793646901987, "params": {"bus_acc": 2.6868, "bus_dcc": 1.1414, "bus_lcAssertive": 2.516, "bus_lcCooperative": 0.3713, "bus_lcLookaheadLeft": 94.2282, "bus_lcPushy": 0.8095, "bus_lcSigma": 0.9961, "bus_lcSublane": 0.3828, "bus_sigma": 0.0594, "bus_tau_mean": 2.5486, "bus_tau_std": 1.326, "bus_v_mean": 19.1391, "bus_v_std": 3.3944, "car_acc": 2.667, "car_dcc": 1.8707, "car_lcAssertive": 10.5734, "car_lcCooperative": 0.585, "car_lcLookaheadLeft": 58.028, "car_lcPushy": 0.2956, "car_lcSigma": 0.0472, "car_lcSublane": 0.5411, "car_sigma": 0.6948, "car_tau_mean": 2.7798, "car_tau_std": 5.9872, "car_v_mean": 16.1305, "car_v_std": 6.7654}, "datetime": {"datetime": "2024-08-07 11:13:19", "elapsed": 6301.662494, "delta": 7.156432}}
{"target": -0.3423167852101861, "params": {"bus_acc": 1.8206, "bus_dcc": 3.1867, "bus_lcAssertive": 86.4413, "bus_lcCooperative": 0.8317, "bus_lcLookaheadLeft": 96.7806, "bus_lcPushy": 0.5524, "bus_lcSigma": 0.705, "bus_lcSublane": 0.3322, "bus_sigma": 0.7353, "bus_tau_mean": 3.1715, "bus_tau_std": 5.2903, "bus_v_mean": 16.3434, "bus_v_std": 5.5651, "car_acc": 2.301, "car_dcc": 3.4235, "car_lcAssertive": 20.9199, "car_lcCooperative": 0.084, "car_lcLookaheadLeft": 21.7191, "car_lcPushy": 0.9645, "car_lcSigma": 0.6425, "car_lcSublane": 0.3592, "car_sigma": 0.7501, "car_tau_mean": 3.1027, "car_tau_std": 6.9469, "car_v_mean": 12.8736, "car_v_std": 5.602}, "datetime": {"datetime": "2024-08-07 11:13:31", "elapsed": 6313.502825, "delta": 11.840331}}
{"target": -0.37058895366964656, "params": {"bus_acc": 2.509, "bus_dcc": 3.9809, "bus_lcAssertive": 10.8216, "bus_lcCooperative": 0.8633, "bus_lcLookaheadLeft": 56.2267, "bus_lcPushy": 0.2099, "bus_lcSigma": 0.1514, "bus_lcSublane": 0.2896, "bus_sigma": 0.0659, "bus_tau_mean": 0.8109, "bus_tau_std": 3.2657, "bus_v_mean": 22.0877, "bus_v_std": 2.5627, "car_acc": 2.6853, "car_dcc": 3.0462, "car_lcAssertive": 64.6208, "car_lcCooperative": 0.3253, "car_lcLookaheadLeft": 37.6232, "car_lcPushy": 0.8683, "car_lcSigma": 0.1021, "car_lcSublane": 0.9047, "car_sigma": 0.803, "car_tau_mean": 1.9286, "car_tau_std": 6.9612, "car_v_mean": 14.0835, "car_v_std": 2.01}, "datetime": {"datetime": "2024-08-07 11:13:55", "elapsed": 6337.57405, "delta": 24.071225}}
{"target": -0.3753750520239561, "params": {"bus_acc": 1.7368, "bus_dcc": 2.3929, "bus_lcAssertive": 79.894, "bus_lcCooperative": 0.7815, "bus_lcLookaheadLeft": 23.5594, "bus_lcPushy": 0.8413, "bus_lcSigma": 0.8415, "bus_lcSublane": 0.2039, "bus_sigma": 0.0044, "bus_tau_mean": 3.3444, "bus_tau_std": 7.659, "bus_v_mean": 22.2107, "bus_v_std": 2.7672, "car_acc": 2.8006, "car_dcc": 1.8406, "car_lcAssertive": 7.7198, "car_lcCooperative": 0.2059, "car_lcLookaheadLeft": 26.8396, "car_lcPushy": 0.5768, "car_lcSigma": 0.8248, "car_lcSublane": 0.2238, "car_sigma": 0.3019, "car_tau_mean": 2.0122, "car_tau_std": 8.522, "car_v_mean": 9.904, "car_v_std": 1.5573}, "datetime": {"datetime": "2024-08-07 11:14:16", "elapsed": 6358.905821, "delta": 21.331771}}
{"target": -0.35086994624920365, "params": {"bus_acc": 1.3483, "bus_dcc": 1.0704, "bus_lcAssertive": 85.937, "bus_lcCooperative": 0.4485, "bus_lcLookaheadLeft": 81.871, "bus_lcPushy": 0.16, "bus_lcSigma": 0.8254, "bus_lcSublane": 0.8423, "bus_sigma": 0.7878, "bus_tau_mean": 2.9831, "bus_tau_std": 5.3092, "bus_v_mean": 13.5761, "bus_v_std": 2.8955, "car_acc": 2.276, "car_dcc": 2.7901, "car_lcAssertive": 44.9155, "car_lcCooperative": 0.5812, "car_lcLookaheadLeft": 37.7463, "car_lcPushy": 0.8309, "car_lcSigma": 0.267, "car_lcSublane": 0.3155, "car_sigma": 0.8906, "car_tau_mean": 3.3141, "car_tau_std": 5.3586, "car_v_mean": 17.4512, "car_v_std": 3.7624}, "datetime": {"datetime": "2024-08-07 11:14:20", "elapsed": 6363.255169, "delta": 4.349348}}
{"target": -0.4135774522960707, "params": {"bus_acc": 1.7314, "bus_dcc": 3.1184, "bus_lcAssertive": 55.6293, "bus_lcCooperative": 0.0803, "bus_lcLookaheadLeft": 99.9273, "bus_lcPushy": 0.1879, "bus_lcSigma": 0.2565, "bus_lcSublane": 0.6044, "bus_sigma": 0.3726, "bus_tau_mean": 0.9252, "bus_tau_std": 3.0075, "bus_v_mean": 12.6205, "bus_v_std": 9.3252, "car_acc": 2.7514, "car_dcc": 1.0822, "car_lcAssertive": 55.9427, "car_lcCooperative": 0.7995, "car_lcLookaheadLeft": 66.0739, "car_lcPushy": 0.716, "car_lcSigma": 0.6383, "car_lcSublane": 0.0437, "car_sigma": 0.5192, "car_tau_mean": 2.5395, "car_tau_std": 4.551, "car_v_mean": 10.2198, "car_v_std": 0.1734}, "datetime": {"datetime": "2024-08-07 11:14:23", "elapsed": 6365.728199, "delta": 2.47303}}
{"target": -0.40001375899281577, "params": {"bus_acc": 2.2761, "bus_dcc": 3.3454, "bus_lcAssertive": 56.3388, "bus_lcCooperative": 0.9575, "bus_lcLookaheadLeft": 58.2071, "bus_lcPushy": 0.5504, "bus_lcSigma": 0.7549, "bus_lcSublane": 0.2007, "bus_sigma": 0.447, "bus_tau_mean": 2.7221, "bus_tau_std": 7.2111, "bus_v_mean": 19.792, "bus_v_std": 9.2968, "car_acc": 1.7715, "car_dcc": 3.4705, "car_lcAssertive": 88.6303, "car_lcCooperative": 0.0212, "car_lcLookaheadLeft": 42.2032, "car_lcPushy": 0.8326, "car_lcSigma": 0.5768, "car_lcSublane": 0.1405, "car_sigma": 0.6004, "car_tau_mean": 2.7826, "car_tau_std": 0.6925, "car_v_mean": 10.6923, "car_v_std": 3.2262}, "datetime": {"datetime": "2024-08-07 11:14:24", "elapsed": 6367.035355, "delta": 1.307156}}
{"target": -0.3808507262683422, "params": {"bus_acc": 2.4526, "bus_dcc": 2.0611, "bus_lcAssertive": 41.5923, "bus_lcCooperative": 0.2142, "bus_lcLookaheadLeft": 58.1654, "bus_lcPushy": 0.9423, "bus_lcSigma": 0.9477, "bus_lcSublane": 0.9629, "bus_sigma": 0.9633, "bus_tau_mean": 1.2521, "bus_tau_std": 5.9799, "bus_v_mean": 20.2581, "bus_v_std": 0.4663, "car_acc": 2.3491, "car_dcc": 1.9764, "car_lcAssertive": 79.3083, "car_lcCooperative": 0.2318, "car_lcLookaheadLeft": 14.1791, "car_lcPushy": 0.9934, "car_lcSigma": 0.7051, "car_lcSublane": 0.8362, "car_sigma": 0.2498, "car_tau_mean": 3.3563, "car_tau_std": 9.1039, "car_v_mean": 8.3854, "car_v_std": 1.4087}, "datetime": {"datetime": "2024-08-07 11:14:32", "elapsed": 6374.870191, "delta": 7.834836}}
{"target": -0.33977970957749903, "params": {"bus_acc": 1.1269, "bus_dcc": 3.7728, "bus_lcAssertive": 73.1063, "bus_lcCooperative": 0.5003, "bus_lcLookaheadLeft": 65.3529, "bus_lcPushy": 0.9014, "bus_lcSigma": 0.6922, "bus_lcSublane": 0.2455, "bus_sigma": 0.2608, "bus_tau_mean": 1.2302, "bus_tau_std": 7.7027, "bus_v_mean": 11.7262, "bus_v_std": 4.6142, "car_acc": 1.1003, "car_dcc": 1.5223, "car_lcAssertive": 85.6417, "car_lcCooperative": 0.2702, "car_lcLookaheadLeft": 44.1345, "car_lcPushy": 0.9883, "car_lcSigma": 0.6166, "car_lcSublane": 0.0903, "car_sigma": 0.9032, "car_tau_mean": 1.7806, "car_tau_std": 2.4104, "car_v_mean": 23.838, "car_v_std": 6.7071}, "datetime": {"datetime": "2024-08-07 11:14:35", "elapsed": 6377.804995, "delta": 2.934804}}
{"target": -0.319307861781943, "params": {"bus_acc": 2.0386, "bus_dcc": 1.2621, "bus_lcAssertive": 91.8846, "bus_lcCooperative": 0.8039, "bus_lcLookaheadLeft": 3.6256, "bus_lcPushy": 0.928, "bus_lcSigma": 0.0062, "bus_lcSublane": 0.0975, "bus_sigma": 0.9269, "bus_tau_mean": 1.2471, "bus_tau_std": 5.8413, "bus_v_mean": 20.0344, "bus_v_std": 9.0716, "car_acc": 2.4341, "car_dcc": 3.39, "car_lcAssertive": 2.1614, "car_lcCooperative": 0.4575, "car_lcLookaheadLeft": 62.6777, "car_lcPushy": 0.1357, "car_lcSigma": 0.1848, "car_lcSublane": 0.2297, "car_sigma": 0.9371, "car_tau_mean": 3.4521, "car_tau_std": 3.2217, "car_v_mean": 8.8527, "car_v_std": 3.6505}, "datetime": {"datetime": "2024-08-07 11:15:06", "elapsed": 6408.609194, "delta": 30.804199}}
{"target": -0.3785771743181012, "params": {"bus_acc": 1.2159, "bus_dcc": 2.0065, "bus_lcAssertive": 21.4549, "bus_lcCooperative": 0.4727, "bus_lcLookaheadLeft": 69.3461, "bus_lcPushy": 0.369, "bus_lcSigma": 0.4959, "bus_lcSublane": 0.0531, "bus_sigma": 0.881, "bus_tau_mean": 3.2822, "bus_tau_std": 3.4996, "bus_v_mean": 17.792, "bus_v_std": 6.8626, "car_acc": 1.6834, "car_dcc": 3.6634, "car_lcAssertive": 87.7871, "car_lcCooperative": 0.969, "car_lcLookaheadLeft": 34.6201, "car_lcPushy": 0.974, "car_lcSigma": 0.2659, "car_lcSublane": 0.9295, "car_sigma": 0.9047, "car_tau_mean": 2.7317, "car_tau_std": 8.3083, "car_v_mean": 23.0932, "car_v_std": 8.8735}, "datetime": {"datetime": "2024-08-07 11:15:07", "elapsed": 6410.300826, "delta": 1.691632}}
{"target": -0.36553381669092844, "params": {"bus_acc": 1.9544, "bus_dcc": 1.1027, "bus_lcAssertive": 93.372, "bus_lcCooperative": 0.7758, "bus_lcLookaheadLeft": 76.7732, "bus_lcPushy": 0.0195, "bus_lcSigma": 0.8473, "bus_lcSublane": 0.7591, "bus_sigma": 0.2218, "bus_tau_mean": 3.2412, "bus_tau_std": 3.2728, "bus_v_mean": 12.1445, "bus_v_std": 8.4842, "car_acc": 2.6457, "car_dcc": 1.8705, "car_lcAssertive": 13.3346, "car_lcCooperative": 0.8825, "car_lcLookaheadLeft": 71.5296, "car_lcPushy": 0.0131, "car_lcSigma": 0.2085, "car_lcSublane": 0.1739, "car_sigma": 0.8103, "car_tau_mean": 2.1191, "car_tau_std": 1.7371, "car_v_mean": 11.7844, "car_v_std": 6.0865}, "datetime": {"datetime": "2024-08-07 11:15:12", "elapsed": 6414.901031, "delta": 4.600205}}
{"target": -0.357625678078549, "params": {"bus_acc": 1.9252, "bus_dcc": 1.8243, "bus_lcAssertive": 7.0614, "bus_lcCooperative": 0.5262, "bus_lcLookaheadLeft": 63.1054, "bus_lcPushy": 0.855, "bus_lcSigma": 0.5631, "bus_lcSublane": 0.9644, "bus_sigma": 0.0131, "bus_tau_mean": 3.3371, "bus_tau_std": 8.3776, "bus_v_mean": 9.2125, "bus_v_std": 6.406, "car_acc": 1.5459, "car_dcc": 3.0245, "car_lcAssertive": 83.7143, "car_lcCooperative": 0.0369, "car_lcLookaheadLeft": 32.1239, "car_lcPushy": 0.9566, "car_lcSigma": 0.1064, "car_lcSublane": 0.2566, "car_sigma": 0.7215, "car_tau_mean": 2.5053, "car_tau_std": 6.6687, "car_v_mean": 14.434, "car_v_std": 6.3012}, "datetime": {"datetime": "2024-08-07 11:15:38", "elapsed": 6440.873244, "delta": 25.972213}}
{"target": -0.40040623016635646, "params": {"bus_acc": 1.9393, "bus_dcc": 1.4528, "bus_lcAssertive": 25.6771, "bus_lcCooperative": 0.3165, "bus_lcLookaheadLeft": 20.0145, "bus_lcPushy": 0.7523, "bus_lcSigma": 0.7773, "bus_lcSublane": 0.5512, "bus_sigma": 0.5207, "bus_tau_mean": 2.8912, "bus_tau_std": 8.8656, "bus_v_mean": 20.3312, "bus_v_std": 5.0049, "car_acc": 1.1552, "car_dcc": 2.772, "car_lcAssertive": 23.2637, "car_lcCooperative": 0.4652, "car_lcLookaheadLeft": 57.6284, "car_lcPushy": 0.5769, "car_lcSigma": 0.311, "car_lcSublane": 0.2017, "car_sigma": 0.3431, "car_tau_mean": 3.0271, "car_tau_std": 0.2336, "car_v_mean": 12.4337, "car_v_std": 8.0579}, "datetime": {"datetime": "2024-08-07 11:15:52", "elapsed": 6455.105441, "delta": 14.232197}}
{"target": -0.35858289420598943, "params": {"bus_acc": 2.7479, "bus_dcc": 1.9478, "bus_lcAssertive": 15.1514, "bus_lcCooperative": 0.8788, "bus_lcLookaheadLeft": 35.5788, "bus_lcPushy": 0.1765, "bus_lcSigma": 0.9854, "bus_lcSublane": 0.2724, "bus_sigma": 0.5658, "bus_tau_mean": 0.8145, "bus_tau_std": 5.6474, "bus_v_mean": 23.7982, "bus_v_std": 4.9871, "car_acc": 2.927, "car_dcc": 2.2366, "car_lcAssertive": 37.046, "car_lcCooperative": 0.0703, "car_lcLookaheadLeft": 3.1604, "car_lcPushy": 0.6775, "car_lcSigma": 0.1795, "car_lcSublane": 0.2045, "car_sigma": 0.4499, "car_tau_mean": 3.9082, "car_tau_std": 2.8065, "car_v_mean": 11.915, "car_v_std": 0.8871}, "datetime": {"datetime": "2024-08-07 11:16:08", "elapsed": 6470.872752, "delta": 15.767311}}
{"target": -0.3436937338932058, "params": {"bus_acc": 2.5115, "bus_dcc": 1.0397, "bus_lcAssertive": 35.0751, "bus_lcCooperative": 0.8629, "bus_lcLookaheadLeft": 37.0014, "bus_lcPushy": 0.0427, "bus_lcSigma": 0.2893, "bus_lcSublane": 0.7805, "bus_sigma": 0.8021, "bus_tau_mean": 1.7838, "bus_tau_std": 8.8752, "bus_v_mean": 10.5121, "bus_v_std": 3.5794, "car_acc": 1.5074, "car_dcc": 2.4623, "car_lcAssertive": 83.9564, "car_lcCooperative": 0.9454, "car_lcLookaheadLeft": 72.5795, "car_lcPushy": 0.2152, "car_lcSigma": 0.8404, "car_lcSublane": 0.6035, "car_sigma": 0.9663, "car_tau_mean": 0.7831, "car_tau_std": 1.4407, "car_v_mean": 21.9838, "car_v_std": 1.489}, "datetime": {"datetime": "2024-08-07 11:16:12", "elapsed": 6474.988658, "delta": 4.115906}}
{"target": -0.34475125636513976, "params": {"bus_acc": 1.6604, "bus_dcc": 1.6564, "bus_lcAssertive": 27.7902, "bus_lcCooperative": 0.7963, "bus_lcLookaheadLeft": 37.0478, "bus_lcPushy": 0.5662, "bus_lcSigma": 0.1558, "bus_lcSublane": 0.647, "bus_sigma": 0.2697, "bus_tau_mean": 2.849, "bus_tau_std": 5.574, "bus_v_mean": 9.3811, "bus_v_std": 9.1779, "car_acc": 2.7321, "car_dcc": 3.724, "car_lcAssertive": 10.9244, "car_lcCooperative": 0.2059, "car_lcLookaheadLeft": 79.3409, "car_lcPushy": 0.1029, "car_lcSigma": 0.6204, "car_lcSublane": 0.1485, "car_sigma": 0.9527, "car_tau_mean": 3.769, "car_tau_std": 6.8441, "car_v_mean": 17.45, "car_v_std": 2.5553}, "datetime": {"datetime": "2024-08-07 11:16:16", "elapsed": 6478.651096, "delta": 3.662438}}
{"target": -0.39034582958845737, "params": {"bus_acc": 2.4422, "bus_dcc": 2.6516, "bus_lcAssertive": 24.018, "bus_lcCooperative": 0.8437, "bus_lcLookaheadLeft": 38.9985, "bus_lcPushy": 0.0912, "bus_lcSigma": 0.1291, "bus_lcSublane": 0.6751, "bus_sigma": 0.9927, "bus_tau_mean": 1.6996, "bus_tau_std": 6.1075, "bus_v_mean": 10.7045, "bus_v_std": 4.2962, "car_acc": 2.5599, "car_dcc": 3.2503, "car_lcAssertive": 3.8303, "car_lcCooperative": 0.4994, "car_lcLookaheadLeft": 36.7328, "car_lcPushy": 0.1013, "car_lcSigma": 0.2174, "car_lcSublane": 0.3076, "car_sigma": 0.0636, "car_tau_mean": 2.6498, "car_tau_std": 5.9322, "car_v_mean": 11.2553, "car_v_std": 6.7547}, "datetime": {"datetime": "2024-08-07 11:16:28", "elapsed": 6490.726769, "delta": 12.075673}}
{"target": -0.39433707066156953, "params": {"bus_acc": 1.4243, "bus_dcc": 1.5249, "bus_lcAssertive": 59.9555, "bus_lcCooperative": 0.9346, "bus_lcLookaheadLeft": 72.2782, "bus_lcPushy": 0.4692, "bus_lcSigma": 0.9872, "bus_lcSublane": 0.6296, "bus_sigma": 0.4955, "bus_tau_mean": 0.7897, "bus_tau_std": 1.8985, "bus_v_mean": 19.5391, "bus_v_std": 2.7451, "car_acc": 1.4164, "car_dcc": 3.8108, "car_lcAssertive": 91.6498, "car_lcCooperative": 0.934, "car_lcLookaheadLeft": 90.2209, "car_lcPushy": 0.9742, "car_lcSigma": 0.8029, "car_lcSublane": 0.0487, "car_sigma": 0.0581, "car_tau_mean": 3.9312, "car_tau_std": 1.4953, "car_v_mean": 9.1206, "car_v_std": 3.9574}, "datetime": {"datetime": "2024-08-07 11:17:05", "elapsed": 6527.968895, "delta": 37.242126}}
