{"target": -0.3691223326830614, "params": {"bus_acc": 3.8112, "bus_dcc": 3.4142, "bus_lcAssertive": 15.0283, "bus_lcCooperative": 0.9874, "bus_lcLookaheadLeft": 79.0085, "bus_lcPushy": 0.4521, "bus_lcSigma": 0.3153, "bus_lcSpeedGainRight": 4.2924, "bus_lcSublane": 0.7709, "bus_sigma": 0.6406, "bus_tau_mean": 0.992, "bus_tau_std": 4.9282, "bus_v_mean": 16.525, "bus_v_std": 16.9444, "car_acc": 3.4726, "car_dcc": 3.5821, "car_lcAssertive": 28.7532, "car_lcCooperative": 0.8044, "car_lcLookaheadLeft": 13.4151, "car_lcPushy": 0.1183, "car_lcSigma": 0.7162, "car_lcSpeedGainRight": 2.0977, "car_lcSublane": 0.0685, "car_sigma": 0.278, "car_tau_mean": 2.5487, "car_tau_std": 5.2229, "car_v_mean": 8.9579, "car_v_std": 18.1626}, "datetime": {"datetime": "2024-08-08 13:52:42", "elapsed": 3949.573015, "delta": 2.576545}}
{"target": -0.3029946176962674, "params": {"bus_acc": 4.6364, "bus_dcc": 2.4938, "bus_lcAssertive": 2.3359, "bus_lcCooperative": 0.8888, "bus_lcLookaheadLeft": 25.638, "bus_lcPushy": 0.3402, "bus_lcSigma": 0.8926, "bus_lcSpeedGainRight": 3.0451, "bus_lcSublane": 0.3192, "bus_sigma": 0.6541, "bus_tau_mean": 3.9797, "bus_tau_std": 4.9473, "bus_v_mean": 8.9002, "bus_v_std": 8.379, "car_acc": 4.0893, "car_dcc": 3.2343, "car_lcAssertive": 15.4868, "car_lcCooperative": 0.3744, "car_lcLookaheadLeft": 63.591, "car_lcPushy": 0.4604, "car_lcSigma": 0.6641, "car_lcSpeedGainRight": 4.8835, "car_lcSublane": 0.3346, "car_sigma": 0.7504, "car_tau_mean": 1.936, "car_tau_std": 9.3497, "car_v_mean": 9.507, "car_v_std": 0.2628}, "datetime": {"datetime": "2024-08-08 13:52:44", "elapsed": 3951.716837, "delta": 2.143822}}
{"target": -0.34196012654964947, "params": {"bus_acc": 3.4549, "bus_dcc": 1.7308, "bus_lcAssertive": 80.4885, "bus_lcCooperative": 0.2933, "bus_lcLookaheadLeft": 14.6956, "bus_lcPushy": 0.8773, "bus_lcSigma": 0.9805, "bus_lcSpeedGainRight": 1.1129, "bus_lcSublane": 0.4438, "bus_sigma": 0.8106, "bus_tau_mean": 3.6012, "bus_tau_std": 8.5764, "bus_v_mean": 14.883, "bus_v_std": 12.1576, "car_acc": 4.3093, "car_dcc": 1.3682, "car_lcAssertive": 6.3476, "car_lcCooperative": 0.4584, "car_lcLookaheadLeft": 2.7634, "car_lcPushy": 0.4332, "car_lcSigma": 0.3817, "car_lcSpeedGainRight": 0.8246, "car_lcSublane": 0.2089, "car_sigma": 0.7993, "car_tau_mean": 3.3892, "car_tau_std": 3.2901, "car_v_mean": 11.5517, "car_v_std": 2.1269}, "datetime": {"datetime": "2024-08-08 13:52:46", "elapsed": 3954.00628, "delta": 2.289443}}
{"target": -0.3968515685201626, "params": {"bus_acc": 3.8249, "bus_dcc": 3.4548, "bus_lcAssertive": 31.6787, "bus_lcCooperative": 0.8087, "bus_lcLookaheadLeft": 61.9682, "bus_lcPushy": 0.3795, "bus_lcSigma": 0.5922, "bus_lcSpeedGainRight": 3.7567, "bus_lcSublane": 0.7066, "bus_sigma": 0.7516, "bus_tau_mean": 3.7121, "bus_tau_std": 7.6568, "bus_v_mean": 14.6341, "bus_v_std": 18.2283, "car_acc": 4.8135, "car_dcc": 3.4949, "car_lcAssertive": 72.6256, "car_lcCooperative": 0.4416, "car_lcLookaheadLeft": 52.8034, "car_lcPushy": 0.4371, "car_lcSigma": 0.6182, "car_lcSpeedGainRight": 4.2346, "car_lcSublane": 0.7004, "car_sigma": 0.1092, "car_tau_mean": 0.9771, "car_tau_std": 5.534, "car_v_mean": 9.2021, "car_v_std": 4.7323}, "datetime": {"datetime": "2024-08-08 13:52:48", "elapsed": 3955.778724, "delta": 1.772444}}
{"target": -0.3574626146523123, "params": {"bus_acc": 1.4516, "bus_dcc": 2.1775, "bus_lcAssertive": 21.2977, "bus_lcCooperative": 0.3341, "bus_lcLookaheadLeft": 70.5297, "bus_lcPushy": 0.2538, "bus_lcSigma": 0.6613, "bus_lcSpeedGainRight": 4.1379, "bus_lcSublane": 0.9982, "bus_sigma": 0.1129, "bus_tau_mean": 2.5235, "bus_tau_std": 3.6291, "bus_v_mean": 13.6169, "bus_v_std": 4.872, "car_acc": 3.9065, "car_dcc": 2.2993, "car_lcAssertive": 70.1616, "car_lcCooperative": 0.7295, "car_lcLookaheadLeft": 48.5354, "car_lcPushy": 0.6714, "car_lcSigma": 0.9061, "car_lcSpeedGainRight": 3.0574, "car_lcSublane": 0.1131, "car_sigma": 0.3538, "car_tau_mean": 2.4226, "car_tau_std": 5.3573, "car_v_mean": 19.2771, "car_v_std": 5.066}, "datetime": {"datetime": "2024-08-08 13:52:50", "elapsed": 3958.112978, "delta": 2.334254}}
{"target": -0.3584108330398855, "params": {"bus_acc": 3.1949, "bus_dcc": 2.7972, "bus_lcAssertive": 97.4723, "bus_lcCooperative": 0.198, "bus_lcLookaheadLeft": 69.6364, "bus_lcPushy": 0.5826, "bus_lcSigma": 0.3754, "bus_lcSpeedGainRight": 2.8745, "bus_lcSublane": 0.4596, "bus_sigma": 0.1258, "bus_tau_mean": 3.2913, "bus_tau_std": 7.438, "bus_v_mean": 16.7343, "bus_v_std": 14.6733, "car_acc": 2.2315, "car_dcc": 3.1757, "car_lcAssertive": 51.1939, "car_lcCooperative": 0.3261, "car_lcLookaheadLeft": 25.0526, "car_lcPushy": 0.1472, "car_lcSigma": 0.0077, "car_lcSpeedGainRight": 3.4008, "car_lcSublane": 0.2873, "car_sigma": 0.5546, "car_tau_mean": 1.9572, "car_tau_std": 1.0135, "car_v_mean": 12.0076, "car_v_std": 12.8445}, "datetime": {"datetime": "2024-08-08 13:52:57", "elapsed": 3964.550446, "delta": 6.437468}}
{"target": -0.3495036759663988, "params": {"bus_acc": 4.2302, "bus_dcc": 1.8493, "bus_lcAssertive": 23.5135, "bus_lcCooperative": 0.9217, "bus_lcLookaheadLeft": 63.8343, "bus_lcPushy": 0.3111, "bus_lcSigma": 0.3829, "bus_lcSpeedGainRight": 2.9452, "bus_lcSublane": 0.1703, "bus_sigma": 0.9591, "bus_tau_mean": 2.1684, "bus_tau_std": 8.7754, "bus_v_mean": 11.6163, "bus_v_std": 14.7746, "car_acc": 3.0789, "car_dcc": 3.4432, "car_lcAssertive": 87.5373, "car_lcCooperative": 0.5917, "car_lcLookaheadLeft": 40.4468, "car_lcPushy": 0.1353, "car_lcSigma": 0.6482, "car_lcSpeedGainRight": 4.6704, "car_lcSublane": 0.4358, "car_sigma": 0.2001, "car_tau_mean": 1.5823, "car_tau_std": 1.6833, "car_v_mean": 23.8788, "car_v_std": 11.8996}, "datetime": {"datetime": "2024-08-08 13:53:01", "elapsed": 3969.005061, "delta": 4.454615}}
{"target": -0.3259489623595858, "params": {"bus_acc": 2.0489, "bus_dcc": 1.174, "bus_lcAssertive": 7.0201, "bus_lcCooperative": 0.1613, "bus_lcLookaheadLeft": 45.6333, "bus_lcPushy": 0.9238, "bus_lcSigma": 0.8023, "bus_lcSpeedGainRight": 0.5632, "bus_lcSublane": 0.0171, "bus_sigma": 0.0271, "bus_tau_mean": 3.9425, "bus_tau_std": 9.7989, "bus_v_mean": 18.2852, "bus_v_std": 19.1246, "car_acc": 3.4315, "car_dcc": 1.6366, "car_lcAssertive": 97.8964, "car_lcCooperative": 0.2208, "car_lcLookaheadLeft": 41.8718, "car_lcPushy": 0.2965, "car_lcSigma": 0.6199, "car_lcSpeedGainRight": 3.3201, "car_lcSublane": 0.5448, "car_sigma": 0.0788, "car_tau_mean": 3.6482, "car_tau_std": 8.2597, "car_v_mean": 11.7044, "car_v_std": 11.6984}, "datetime": {"datetime": "2024-08-08 13:53:06", "elapsed": 3973.854595, "delta": 4.849534}}
{"target": -0.38203782371370837, "params": {"bus_acc": 4.0069, "bus_dcc": 3.1546, "bus_lcAssertive": 16.077, "bus_lcCooperative": 0.577, "bus_lcLookaheadLeft": 43.8455, "bus_lcPushy": 0.2492, "bus_lcSigma": 0.1408, "bus_lcSpeedGainRight": 3.2246, "bus_lcSublane": 0.7099, "bus_sigma": 0.6708, "bus_tau_mean": 3.9556, "bus_tau_std": 2.4655, "bus_v_mean": 21.4424, "bus_v_std": 1.0961, "car_acc": 3.0719, "car_dcc": 1.7256, "car_lcAssertive": 27.7714, "car_lcCooperative": 0.252, "car_lcLookaheadLeft": 96.2219, "car_lcPushy": 0.6111, "car_lcSigma": 0.4392, "car_lcSpeedGainRight": 3.476, "car_lcSublane": 0.5139, "car_sigma": 0.4992, "car_tau_mean": 1.2925, "car_tau_std": 2.1137, "car_v_mean": 13.3855, "car_v_std": 14.9222}, "datetime": {"datetime": "2024-08-08 13:53:13", "elapsed": 3980.785817, "delta": 6.931222}}
{"target": -0.35815080751704886, "params": {"bus_acc": 3.3028, "bus_dcc": 2.8789, "bus_lcAssertive": 3.636, "bus_lcCooperative": 0.864, "bus_lcLookaheadLeft": 71.1784, "bus_lcPushy": 0.5124, "bus_lcSigma": 0.7031, "bus_lcSpeedGainRight": 3.3991, "bus_lcSublane": 0.4883, "bus_sigma": 0.6218, "bus_tau_mean": 2.0377, "bus_tau_std": 9.2878, "bus_v_mean": 18.957, "bus_v_std": 6.3457, "car_acc": 2.123, "car_dcc": 2.261, "car_lcAssertive": 10.9398, "car_lcCooperative": 0.526, "car_lcLookaheadLeft": 56.5708, "car_lcPushy": 0.2721, "car_lcSigma": 0.6984, "car_lcSpeedGainRight": 2.6823, "car_lcSublane": 0.2565, "car_sigma": 0.0625, "car_tau_mean": 3.7673, "car_tau_std": 0.7745, "car_v_mean": 19.8342, "car_v_std": 12.5232}, "datetime": {"datetime": "2024-08-08 13:53:21", "elapsed": 3988.779426, "delta": 7.993609}}
{"target": -0.32459242693552637, "params": {"bus_acc": 2.2212, "bus_dcc": 2.3791, "bus_lcAssertive": 34.2187, "bus_lcCooperative": 0.2737, "bus_lcLookaheadLeft": 42.2864, "bus_lcPushy": 0.6838, "bus_lcSigma": 0.6083, "bus_lcSpeedGainRight": 2.7393, "bus_lcSublane": 0.3523, "bus_sigma": 0.5306, "bus_tau_mean": 3.5482, "bus_tau_std": 0.2452, "bus_v_mean": 8.7994, "bus_v_std": 3.3038, "car_acc": 2.9201, "car_dcc": 1.2529, "car_lcAssertive": 37.8491, "car_lcCooperative": 0.0082, "car_lcLookaheadLeft": 56.48, "car_lcPushy": 0.9372, "car_lcSigma": 0.0975, "car_lcSpeedGainRight": 0.9614, "car_lcSublane": 0.3905, "car_sigma": 0.4281, "car_tau_mean": 0.7003, "car_tau_std": 2.0144, "car_v_mean": 12.0763, "car_v_std": 0.1875}, "datetime": {"datetime": "2024-08-08 13:53:28", "elapsed": 3995.797709, "delta": 7.018283}}
{"target": -0.3788237371785116, "params": {"bus_acc": 2.2608, "bus_dcc": 1.0444, "bus_lcAssertive": 91.6988, "bus_lcCooperative": 0.4263, "bus_lcLookaheadLeft": 67.582, "bus_lcPushy": 0.7831, "bus_lcSigma": 0.9532, "bus_lcSpeedGainRight": 2.541, "bus_lcSublane": 0.1788, "bus_sigma": 0.1395, "bus_tau_mean": 0.5871, "bus_tau_std": 1.4973, "bus_v_mean": 14.8445, "bus_v_std": 0.0279, "car_acc": 1.8725, "car_dcc": 2.3689, "car_lcAssertive": 6.0338, "car_lcCooperative": 0.6029, "car_lcLookaheadLeft": 99.7754, "car_lcPushy": 0.279, "car_lcSigma": 0.5397, "car_lcSpeedGainRight": 0.2892, "car_lcSublane": 0.5423, "car_sigma": 0.5995, "car_tau_mean": 1.4452, "car_tau_std": 8.4021, "car_v_mean": 9.1659, "car_v_std": 14.684}, "datetime": {"datetime": "2024-08-08 13:53:30", "elapsed": 3998.387519, "delta": 2.58981}}
{"target": -0.3475567770404464, "params": {"bus_acc": 1.2184, "bus_dcc": 2.5401, "bus_lcAssertive": 95.9114, "bus_lcCooperative": 0.1874, "bus_lcLookaheadLeft": 6.4679, "bus_lcPushy": 0.6139, "bus_lcSigma": 0.6089, "bus_lcSpeedGainRight": 4.42, "bus_lcSublane": 0.6548, "bus_sigma": 0.8066, "bus_tau_mean": 0.8972, "bus_tau_std": 5.4765, "bus_v_mean": 14.3042, "bus_v_std": 5.3524, "car_acc": 3.1436, "car_dcc": 3.9284, "car_lcAssertive": 35.5769, "car_lcCooperative": 0.2424, "car_lcLookaheadLeft": 99.1044, "car_lcPushy": 0.6083, "car_lcSigma": 0.9229, "car_lcSpeedGainRight": 1.7447, "car_lcSublane": 0.0228, "car_sigma": 0.5204, "car_tau_mean": 3.3062, "car_tau_std": 6.2395, "car_v_mean": 16.5214, "car_v_std": 10.7788}, "datetime": {"datetime": "2024-08-08 13:53:33", "elapsed": 4001.047264, "delta": 2.659745}}
{"target": -0.4296968078646261, "params": {"bus_acc": 4.514, "bus_dcc": 3.394, "bus_lcAssertive": 42.3816, "bus_lcCooperative": 0.2569, "bus_lcLookaheadLeft": 25.2039, "bus_lcPushy": 0.8686, "bus_lcSigma": 0.2791, "bus_lcSpeedGainRight": 3.0339, "bus_lcSublane": 0.4226, "bus_sigma": 0.8225, "bus_tau_mean": 3.4814, "bus_tau_std": 5.6724, "bus_v_mean": 16.5364, "bus_v_std": 10.1828, "car_acc": 3.4123, "car_dcc": 3.8877, "car_lcAssertive": 49.5089, "car_lcCooperative": 0.1281, "car_lcLookaheadLeft": 27.4447, "car_lcPushy": 0.7216, "car_lcSigma": 0.812, "car_lcSpeedGainRight": 3.5394, "car_lcSublane": 0.9224, "car_sigma": 0.2453, "car_tau_mean": 0.8827, "car_tau_std": 6.5708, "car_v_mean": 22.8271, "car_v_std": 2.469}, "datetime": {"datetime": "2024-08-08 13:53:36", "elapsed": 4004.185439, "delta": 3.138175}}
{"target": -0.39997765663163687, "params": {"bus_acc": 4.1426, "bus_dcc": 1.2205, "bus_lcAssertive": 29.6258, "bus_lcCooperative": 0.7591, "bus_lcLookaheadLeft": 76.9639, "bus_lcPushy": 0.5509, "bus_lcSigma": 0.8692, "bus_lcSpeedGainRight": 4.2191, "bus_lcSublane": 0.6383, "bus_sigma": 0.1261, "bus_tau_mean": 1.6971, "bus_tau_std": 6.2605, "bus_v_mean": 21.9521, "bus_v_std": 3.7726, "car_acc": 1.8416, "car_dcc": 3.4408, "car_lcAssertive": 46.8671, "car_lcCooperative": 0.8774, "car_lcLookaheadLeft": 58.5719, "car_lcPushy": 0.2839, "car_lcSigma": 0.5213, "car_lcSpeedGainRight": 1.9914, "car_lcSublane": 0.0979, "car_sigma": 0.7831, "car_tau_mean": 1.8889, "car_tau_std": 6.6148, "car_v_mean": 9.3548, "car_v_std": 19.6943}, "datetime": {"datetime": "2024-08-08 13:53:48", "elapsed": 4015.540514, "delta": 11.355075}}
{"target": -0.33204619956105463, "params": {"bus_acc": 3.4934, "bus_dcc": 1.8984, "bus_lcAssertive": 94.5908, "bus_lcCooperative": 0.3998, "bus_lcLookaheadLeft": 51.6506, "bus_lcPushy": 0.6526, "bus_lcSigma": 0.5156, "bus_lcSpeedGainRight": 1.9705, "bus_lcSublane": 0.4308, "bus_sigma": 0.9402, "bus_tau_mean": 1.3676, "bus_tau_std": 9.3888, "bus_v_mean": 10.9356, "bus_v_std": 16.9945, "car_acc": 4.8244, "car_dcc": 1.6745, "car_lcAssertive": 53.4932, "car_lcCooperative": 0.4639, "car_lcLookaheadLeft": 59.1227, "car_lcPushy": 0.0077, "car_lcSigma": 0.7959, "car_lcSpeedGainRight": 0.5232, "car_lcSublane": 0.0561, "car_sigma": 0.6564, "car_tau_mean": 1.5188, "car_tau_std": 6.5452, "car_v_mean": 12.1695, "car_v_std": 0.4664}, "datetime": {"datetime": "2024-08-08 13:53:50", "elapsed": 4018.130205, "delta": 2.589691}}
{"target": -0.32322778280222164, "params": {"bus_acc": 1.5933, "bus_dcc": 1.4438, "bus_lcAssertive": 88.6122, "bus_lcCooperative": 0.6063, "bus_lcLookaheadLeft": 66.9847, "bus_lcPushy": 0.3244, "bus_lcSigma": 0.8835, "bus_lcSpeedGainRight": 0.502, "bus_lcSublane": 0.8, "bus_sigma": 0.7787, "bus_tau_mean": 3.156, "bus_tau_std": 8.9004, "bus_v_mean": 16.2742, "bus_v_std": 7.6274, "car_acc": 2.0806, "car_dcc": 2.8528, "car_lcAssertive": 50.9044, "car_lcCooperative": 0.9725, "car_lcLookaheadLeft": 39.2118, "car_lcPushy": 0.7232, "car_lcSigma": 0.7071, "car_lcSpeedGainRight": 0.4482, "car_lcSublane": 0.8951, "car_sigma": 0.522, "car_tau_mean": 1.0031, "car_tau_std": 2.2588, "car_v_mean": 11.8297, "car_v_std": 16.8117}, "datetime": {"datetime": "2024-08-08 13:53:55", "elapsed": 4023.306148, "delta": 5.175943}}
{"target": -0.3605042595052957, "params": {"bus_acc": 2.1894, "bus_dcc": 3.7426, "bus_lcAssertive": 16.3095, "bus_lcCooperative": 0.3962, "bus_lcLookaheadLeft": 53.0798, "bus_lcPushy": 0.462, "bus_lcSigma": 0.3384, "bus_lcSpeedGainRight": 0.3248, "bus_lcSublane": 0.2067, "bus_sigma": 0.7346, "bus_tau_mean": 0.9013, "bus_tau_std": 2.9729, "bus_v_mean": 21.0532, "bus_v_std": 15.9686, "car_acc": 3.2917, "car_dcc": 3.9583, "car_lcAssertive": 66.4133, "car_lcCooperative": 0.9269, "car_lcLookaheadLeft": 29.8379, "car_lcPushy": 0.4984, "car_lcSigma": 0.4803, "car_lcSpeedGainRight": 3.9013, "car_lcSublane": 0.077, "car_sigma": 0.6656, "car_tau_mean": 3.4761, "car_tau_std": 4.5771, "car_v_mean": 14.342, "car_v_std": 7.4456}, "datetime": {"datetime": "2024-08-08 13:54:03", "elapsed": 4031.447096, "delta": 8.140948}}
{"target": -0.3557915445296411, "params": {"bus_acc": 3.028, "bus_dcc": 2.4205, "bus_lcAssertive": 75.3159, "bus_lcCooperative": 0.9444, "bus_lcLookaheadLeft": 79.2818, "bus_lcPushy": 0.4384, "bus_lcSigma": 0.6995, "bus_lcSpeedGainRight": 0.6393, "bus_lcSublane": 0.5368, "bus_sigma": 0.5026, "bus_tau_mean": 0.6768, "bus_tau_std": 0.9145, "bus_v_mean": 21.2304, "bus_v_std": 17.4962, "car_acc": 4.2429, "car_dcc": 2.5758, "car_lcAssertive": 8.2328, "car_lcCooperative": 0.8006, "car_lcLookaheadLeft": 80.6518, "car_lcPushy": 0.9285, "car_lcSigma": 0.159, "car_lcSpeedGainRight": 1.0941, "car_lcSublane": 0.7073, "car_sigma": 0.0533, "car_tau_mean": 2.8047, "car_tau_std": 2.6111, "car_v_mean": 14.6648, "car_v_std": 7.5292}, "datetime": {"datetime": "2024-08-08 13:54:08", "elapsed": 4036.010704, "delta": 4.563608}}
{"target": -0.3488621861483397, "params": {"bus_acc": 1.9939, "bus_dcc": 1.0086, "bus_lcAssertive": 67.3517, "bus_lcCooperative": 0.5092, "bus_lcLookaheadLeft": 46.0651, "bus_lcPushy": 0.3371, "bus_lcSigma": 0.933, "bus_lcSpeedGainRight": 4.1822, "bus_lcSublane": 0.8947, "bus_sigma": 0.9599, "bus_tau_mean": 2.1566, "bus_tau_std": 6.4443, "bus_v_mean": 18.2393, "bus_v_std": 11.4223, "car_acc": 3.7636, "car_dcc": 3.4921, "car_lcAssertive": 56.1605, "car_lcCooperative": 0.6725, "car_lcLookaheadLeft": 18.5131, "car_lcPushy": 0.6116, "car_lcSigma": 0.1896, "car_lcSpeedGainRight": 4.9532, "car_lcSublane": 0.5226, "car_sigma": 0.9361, "car_tau_mean": 3.3958, "car_tau_std": 2.4537, "car_v_mean": 10.5852, "car_v_std": 9.4588}, "datetime": {"datetime": "2024-08-08 13:54:10", "elapsed": 4037.88216, "delta": 1.871456}}
{"target": -0.32065135269852485, "params": {"bus_acc": 3.1053, "bus_dcc": 2.49, "bus_lcAssertive": 28.6493, "bus_lcCooperative": 0.4079, "bus_lcLookaheadLeft": 29.8849, "bus_lcPushy": 0.7166, "bus_lcSigma": 0.4331, "bus_lcSpeedGainRight": 1.11, "bus_lcSublane": 0.5925, "bus_sigma": 0.5832, "bus_tau_mean": 2.5226, "bus_tau_std": 3.1958, "bus_v_mean": 11.3534, "bus_v_std": 17.4427, "car_acc": 4.1896, "car_dcc": 3.8411, "car_lcAssertive": 78.9456, "car_lcCooperative": 0.8625, "car_lcLookaheadLeft": 93.4547, "car_lcPushy": 0.6666, "car_lcSigma": 0.653, "car_lcSpeedGainRight": 4.2611, "car_lcSublane": 0.8189, "car_sigma": 0.3704, "car_tau_mean": 3.1103, "car_tau_std": 9.9542, "car_v_mean": 18.5109, "car_v_std": 6.2222}, "datetime": {"datetime": "2024-08-08 13:54:14", "elapsed": 4042.486116, "delta": 4.603956}}
{"target": -0.38260364111737777, "params": {"bus_acc": 1.3029, "bus_dcc": 3.1984, "bus_lcAssertive": 83.4394, "bus_lcCooperative": 0.4314, "bus_lcLookaheadLeft": 95.1708, "bus_lcPushy": 0.1852, "bus_lcSigma": 0.786, "bus_lcSpeedGainRight": 0.8014, "bus_lcSublane": 0.3207, "bus_sigma": 0.3461, "bus_tau_mean": 1.1439, "bus_tau_std": 1.9926, "bus_v_mean": 19.1758, "bus_v_std": 1.4072, "car_acc": 2.1211, "car_dcc": 3.3504, "car_lcAssertive": 75.1054, "car_lcCooperative": 0.5853, "car_lcLookaheadLeft": 12.9869, "car_lcPushy": 0.2719, "car_lcSigma": 0.3215, "car_lcSpeedGainRight": 0.7261, "car_lcSublane": 0.5212, "car_sigma": 0.1015, "car_tau_mean": 1.2039, "car_tau_std": 4.4425, "car_v_mean": 9.5384, "car_v_std": 12.0332}, "datetime": {"datetime": "2024-08-08 13:54:19", "elapsed": 4047.079566, "delta": 4.59345}}
{"target": -0.3628364097216782, "params": {"bus_acc": 4.9814, "bus_dcc": 1.9524, "bus_lcAssertive": 80.919, "bus_lcCooperative": 0.2237, "bus_lcLookaheadLeft": 74.7461, "bus_lcPushy": 0.0702, "bus_lcSigma": 0.9801, "bus_lcSpeedGainRight": 3.6496, "bus_lcSublane": 0.9158, "bus_sigma": 0.8056, "bus_tau_mean": 1.6479, "bus_tau_std": 9.2509, "bus_v_mean": 8.0638, "bus_v_std": 15.3271, "car_acc": 2.8402, "car_dcc": 3.9533, "car_lcAssertive": 46.5919, "car_lcCooperative": 0.8655, "car_lcLookaheadLeft": 44.6357, "car_lcPushy": 0.6693, "car_lcSigma": 0.2327, "car_lcSpeedGainRight": 2.1506, "car_lcSublane": 0.1774, "car_sigma": 0.9419, "car_tau_mean": 0.7832, "car_tau_std": 9.0714, "car_v_mean": 17.5308, "car_v_std": 16.0441}, "datetime": {"datetime": "2024-08-08 13:54:23", "elapsed": 4051.432136, "delta": 4.35257}}
{"target": -0.3635748368867776, "params": {"bus_acc": 3.4839, "bus_dcc": 3.8116, "bus_lcAssertive": 63.695, "bus_lcCooperative": 0.8974, "bus_lcLookaheadLeft": 83.388, "bus_lcPushy": 0.6407, "bus_lcSigma": 0.1346, "bus_lcSpeedGainRight": 1.0763, "bus_lcSublane": 0.1543, "bus_sigma": 0.513, "bus_tau_mean": 0.9233, "bus_tau_std": 3.1103, "bus_v_mean": 23.428, "bus_v_std": 5.9721, "car_acc": 2.6976, "car_dcc": 3.0727, "car_lcAssertive": 83.0739, "car_lcCooperative": 0.2327, "car_lcLookaheadLeft": 16.9076, "car_lcPushy": 0.888, "car_lcSigma": 0.9082, "car_lcSpeedGainRight": 0.3205, "car_lcSublane": 0.9473, "car_sigma": 0.0405, "car_tau_mean": 2.8914, "car_tau_std": 2.5118, "car_v_mean": 9.2318, "car_v_std": 18.6995}, "datetime": {"datetime": "2024-08-08 13:54:27", "elapsed": 4054.716728, "delta": 3.284592}}
{"target": -0.34773787192973904, "params": {"bus_acc": 2.9754, "bus_dcc": 3.1364, "bus_lcAssertive": 89.6085, "bus_lcCooperative": 0.2073, "bus_lcLookaheadLeft": 44.2313, "bus_lcPushy": 0.9331, "bus_lcSigma": 0.5554, "bus_lcSpeedGainRight": 0.341, "bus_lcSublane": 0.6581, "bus_sigma": 0.5936, "bus_tau_mean": 3.5508, "bus_tau_std": 7.0277, "bus_v_mean": 23.4132, "bus_v_std": 12.0012, "car_acc": 4.1387, "car_dcc": 2.2021, "car_lcAssertive": 73.0492, "car_lcCooperative": 0.9835, "car_lcLookaheadLeft": 76.717, "car_lcPushy": 0.2686, "car_lcSigma": 0.0984, "car_lcSpeedGainRight": 1.7879, "car_lcSublane": 0.1762, "car_sigma": 0.5404, "car_tau_mean": 0.5606, "car_tau_std": 4.7174, "car_v_mean": 16.6449, "car_v_std": 6.1455}, "datetime": {"datetime": "2024-08-08 13:54:30", "elapsed": 4058.459454, "delta": 3.742726}}
{"target": -0.3670492112096455, "params": {"bus_acc": 2.2034, "bus_dcc": 2.0252, "bus_lcAssertive": 50.9678, "bus_lcCooperative": 0.0253, "bus_lcLookaheadLeft": 48.5441, "bus_lcPushy": 0.8775, "bus_lcSigma": 0.9114, "bus_lcSpeedGainRight": 0.9655, "bus_lcSublane": 0.3115, "bus_sigma": 0.4807, "bus_tau_mean": 0.5461, "bus_tau_std": 7.6337, "bus_v_mean": 17.8132, "bus_v_std": 11.1867, "car_acc": 3.1075, "car_dcc": 1.8453, "car_lcAssertive": 3.4069, "car_lcCooperative": 0.2469, "car_lcLookaheadLeft": 8.3541, "car_lcPushy": 0.1938, "car_lcSigma": 0.8555, "car_lcSpeedGainRight": 4.2157, "car_lcSublane": 0.441, "car_sigma": 0.3692, "car_tau_mean": 0.6024, "car_tau_std": 8.2847, "car_v_mean": 11.4414, "car_v_std": 2.4693}, "datetime": {"datetime": "2024-08-08 13:54:34", "elapsed": 4061.820105, "delta": 3.360651}}
