{"target": -0.3501382595485365, "params": {"bus_acc": 2.4815, "bus_dcc": 2.8362, "bus_lcAssertive": 76.9826, "bus_lcCooperative": 0.9975, "bus_lcLookaheadLeft": 41.8432, "bus_lcPushy": 0.8137, "bus_lcSigma": 0.0135, "bus_lcSpeedGainRight": 2.435, "bus_lcSublane": 0.2142, "bus_sigma": 0.0746, "bus_tau_mean": 3.7346, "bus_tau_std": 1.2289, "bus_v_mean": 11.6774, "bus_v_std": 14.8477, "car_acc": 2.5977, "car_dcc": 1.9928, "car_lcAssertive": 46.4652, "car_lcCooperative": 0.9943, "car_lcLookaheadLeft": 7.9544, "car_lcPushy": 0.8893, "car_lcSigma": 0.9304, "car_lcSpeedGainRight": 1.4594, "car_lcSublane": 0.7928, "car_sigma": 0.2657, "car_tau_mean": 1.971, "car_tau_std": 6.3913, "car_v_mean": 13.3291, "car_v_std": 9.8143}, "datetime": {"datetime": "2024-08-08 10:33:56", "elapsed": 2316.848659, "delta": 3.397659}}
{"target": -0.3215655742276872, "params": {"bus_acc": 2.6759, "bus_dcc": 1.517, "bus_lcAssertive": 3.7216, "bus_lcCooperative": 0.057, "bus_lcLookaheadLeft": 42.3816, "bus_lcPushy": 0.7588, "bus_lcSigma": 0.5506, "bus_lcSpeedGainRight": 0.2696, "bus_lcSublane": 0.1877, "bus_sigma": 0.915, "bus_tau_mean": 1.915, "bus_tau_std": 1.4014, "bus_v_mean": 21.2077, "bus_v_std": 9.5131, "car_acc": 2.2948, "car_dcc": 2.5697, "car_lcAssertive": 88.1731, "car_lcCooperative": 0.5113, "car_lcLookaheadLeft": 41.0814, "car_lcPushy": 0.7829, "car_lcSigma": 0.2661, "car_lcSpeedGainRight": 0.0073, "car_lcSublane": 0.8245, "car_sigma": 0.475, "car_tau_mean": 2.2624, "car_tau_std": 9.1376, "car_v_mean": 12.904, "car_v_std": 14.2422}, "datetime": {"datetime": "2024-08-08 10:34:01", "elapsed": 2321.599501, "delta": 4.750842}}
{"target": -0.37703898378163975, "params": {"bus_acc": 2.5489, "bus_dcc": 3.4946, "bus_lcAssertive": 37.7274, "bus_lcCooperative": 0.5529, "bus_lcLookaheadLeft": 79.0009, "bus_lcPushy": 0.3693, "bus_lcSigma": 0.6583, "bus_lcSpeedGainRight": 0.6943, "bus_lcSublane": 0.0653, "bus_sigma": 0.7899, "bus_tau_mean": 2.2263, "bus_tau_std": 7.5919, "bus_v_mean": 22.0688, "bus_v_std": 2.5448, "car_acc": 1.861, "car_dcc": 3.6988, "car_lcAssertive": 17.5101, "car_lcCooperative": 0.5152, "car_lcLookaheadLeft": 46.1399, "car_lcPushy": 0.0509, "car_lcSigma": 0.909, "car_lcSpeedGainRight": 0.1142, "car_lcSublane": 0.0807, "car_sigma": 0.1016, "car_tau_mean": 2.9968, "car_tau_std": 9.0583, "car_v_mean": 20.7286, "car_v_std": 16.5898}, "datetime": {"datetime": "2024-08-08 10:34:04", "elapsed": 2324.324919, "delta": 2.725418}}
{"target": -0.33297135253016097, "params": {"bus_acc": 2.0989, "bus_dcc": 3.1618, "bus_lcAssertive": 65.48, "bus_lcCooperative": 0.2733, "bus_lcLookaheadLeft": 70.3871, "bus_lcPushy": 0.199, "bus_lcSigma": 0.9887, "bus_lcSpeedGainRight": 2.8084, "bus_lcSublane": 0.8363, "bus_sigma": 0.5219, "bus_tau_mean": 2.2911, "bus_tau_std": 1.0861, "bus_v_mean": 19.6689, "bus_v_std": 6.8627, "car_acc": 1.8767, "car_dcc": 2.1876, "car_lcAssertive": 67.6456, "car_lcCooperative": 0.2958, "car_lcLookaheadLeft": 40.623, "car_lcPushy": 0.8856, "car_lcSigma": 0.1388, "car_lcSpeedGainRight": 1.0389, "car_lcSublane": 0.7763, "car_sigma": 0.3116, "car_tau_mean": 3.0377, "car_tau_std": 4.4944, "car_v_mean": 8.4877, "car_v_std": 0.1663}, "datetime": {"datetime": "2024-08-08 10:34:06", "elapsed": 2326.206564, "delta": 1.881645}}
{"target": -0.34374177538464007, "params": {"bus_acc": 2.6437, "bus_dcc": 3.1188, "bus_lcAssertive": 86.3146, "bus_lcCooperative": 0.737, "bus_lcLookaheadLeft": 59.3658, "bus_lcPushy": 0.5128, "bus_lcSigma": 0.349, "bus_lcSpeedGainRight": 4.553, "bus_lcSublane": 0.5517, "bus_sigma": 0.359, "bus_tau_mean": 3.299, "bus_tau_std": 7.9899, "bus_v_mean": 17.1914, "bus_v_std": 11.0983, "car_acc": 1.3149, "car_dcc": 1.2906, "car_lcAssertive": 28.885, "car_lcCooperative": 0.8283, "car_lcLookaheadLeft": 71.1268, "car_lcPushy": 0.5196, "car_lcSigma": 0.1739, "car_lcSpeedGainRight": 4.0201, "car_lcSublane": 0.8329, "car_sigma": 0.6858, "car_tau_mean": 2.9511, "car_tau_std": 7.0201, "car_v_mean": 12.9019, "car_v_std": 15.9194}, "datetime": {"datetime": "2024-08-08 10:34:09", "elapsed": 2329.134629, "delta": 2.928065}}
{"target": -0.34815463154481974, "params": {"bus_acc": 2.9734, "bus_dcc": 1.8873, "bus_lcAssertive": 78.7336, "bus_lcCooperative": 0.6123, "bus_lcLookaheadLeft": 26.9707, "bus_lcPushy": 0.8411, "bus_lcSigma": 0.5912, "bus_lcSpeedGainRight": 4.8222, "bus_lcSublane": 0.1458, "bus_sigma": 0.7223, "bus_tau_mean": 2.0387, "bus_tau_std": 2.692, "bus_v_mean": 19.126, "bus_v_std": 1.2849, "car_acc": 2.0862, "car_dcc": 2.412, "car_lcAssertive": 3.5444, "car_lcCooperative": 0.2139, "car_lcLookaheadLeft": 90.5087, "car_lcPushy": 0.9575, "car_lcSigma": 0.8207, "car_lcSpeedGainRight": 1.4471, "car_lcSublane": 0.1411, "car_sigma": 0.3492, "car_tau_mean": 1.4958, "car_tau_std": 3.05, "car_v_mean": 18.042, "car_v_std": 10.4977}, "datetime": {"datetime": "2024-08-08 10:34:12", "elapsed": 2332.426176, "delta": 3.291547}}
{"target": -0.356778182609218, "params": {"bus_acc": 1.7138, "bus_dcc": 2.4605, "bus_lcAssertive": 22.3123, "bus_lcCooperative": 0.5281, "bus_lcLookaheadLeft": 15.5791, "bus_lcPushy": 0.5111, "bus_lcSigma": 0.6992, "bus_lcSpeedGainRight": 2.5967, "bus_lcSublane": 0.1208, "bus_sigma": 0.244, "bus_tau_mean": 3.8451, "bus_tau_std": 8.8821, "bus_v_mean": 13.3731, "bus_v_std": 12.4864, "car_acc": 2.6427, "car_dcc": 2.5419, "car_lcAssertive": 65.1886, "car_lcCooperative": 0.3389, "car_lcLookaheadLeft": 23.7077, "car_lcPushy": 0.1593, "car_lcSigma": 0.2504, "car_lcSpeedGainRight": 3.0177, "car_lcSublane": 0.0661, "car_sigma": 0.6235, "car_tau_mean": 3.3368, "car_tau_std": 8.4685, "car_v_mean": 12.3721, "car_v_std": 10.2825}, "datetime": {"datetime": "2024-08-08 10:34:14", "elapsed": 2334.328596, "delta": 1.90242}}
{"target": -0.3372409722099546, "params": {"bus_acc": 2.2682, "bus_dcc": 1.854, "bus_lcAssertive": 91.7816, "bus_lcCooperative": 0.8252, "bus_lcLookaheadLeft": 18.2373, "bus_lcPushy": 0.7194, "bus_lcSigma": 0.818, "bus_lcSpeedGainRight": 2.3585, "bus_lcSublane": 0.9959, "bus_sigma": 0.8891, "bus_tau_mean": 0.9089, "bus_tau_std": 1.2881, "bus_v_mean": 15.1366, "bus_v_std": 12.8261, "car_acc": 2.594, "car_dcc": 2.0104, "car_lcAssertive": 39.3734, "car_lcCooperative": 0.8138, "car_lcLookaheadLeft": 33.8747, "car_lcPushy": 0.8704, "car_lcSigma": 0.8551, "car_lcSpeedGainRight": 4.4466, "car_lcSublane": 0.8553, "car_sigma": 0.9536, "car_tau_mean": 0.5685, "car_tau_std": 2.4255, "car_v_mean": 16.3406, "car_v_std": 6.1983}, "datetime": {"datetime": "2024-08-08 10:34:16", "elapsed": 2336.719071, "delta": 2.390475}}
{"target": -0.3621099964466795, "params": {"bus_acc": 1.0984, "bus_dcc": 2.9583, "bus_lcAssertive": 51.6215, "bus_lcCooperative": 0.3539, "bus_lcLookaheadLeft": 78.3794, "bus_lcPushy": 0.8809, "bus_lcSigma": 0.105, "bus_lcSpeedGainRight": 2.0934, "bus_lcSublane": 0.0307, "bus_sigma": 0.2259, "bus_tau_mean": 1.8274, "bus_tau_std": 9.2886, "bus_v_mean": 9.1213, "bus_v_std": 18.8446, "car_acc": 2.0835, "car_dcc": 2.7622, "car_lcAssertive": 15.8679, "car_lcCooperative": 0.51, "car_lcLookaheadLeft": 96.8316, "car_lcPushy": 0.6993, "car_lcSigma": 0.9552, "car_lcSpeedGainRight": 2.5883, "car_lcSublane": 0.5996, "car_sigma": 0.8613, "car_tau_mean": 1.5657, "car_tau_std": 1.5423, "car_v_mean": 23.0628, "car_v_std": 3.9206}, "datetime": {"datetime": "2024-08-08 10:34:18", "elapsed": 2338.558999, "delta": 1.839928}}
{"target": -0.3538695601878901, "params": {"bus_acc": 2.7907, "bus_dcc": 3.4356, "bus_lcAssertive": 81.1034, "bus_lcCooperative": 0.6082, "bus_lcLookaheadLeft": 34.045, "bus_lcPushy": 0.8473, "bus_lcSigma": 0.8043, "bus_lcSpeedGainRight": 4.4163, "bus_lcSublane": 0.6351, "bus_sigma": 0.1111, "bus_tau_mean": 3.2513, "bus_tau_std": 1.8025, "bus_v_mean": 9.0012, "bus_v_std": 18.0858, "car_acc": 1.8696, "car_dcc": 1.3988, "car_lcAssertive": 45.4247, "car_lcCooperative": 0.2947, "car_lcLookaheadLeft": 28.4099, "car_lcPushy": 0.8488, "car_lcSigma": 0.0229, "car_lcSpeedGainRight": 4.768, "car_lcSublane": 0.4966, "car_sigma": 0.4706, "car_tau_mean": 3.0779, "car_tau_std": 2.562, "car_v_mean": 15.7542, "car_v_std": 18.6257}, "datetime": {"datetime": "2024-08-08 10:34:20", "elapsed": 2340.697528, "delta": 2.138529}}
{"target": -0.3591426990586637, "params": {"bus_acc": 1.8435, "bus_dcc": 3.1834, "bus_lcAssertive": 9.9035, "bus_lcCooperative": 0.9735, "bus_lcLookaheadLeft": 53.0924, "bus_lcPushy": 0.4256, "bus_lcSigma": 0.5301, "bus_lcSpeedGainRight": 3.8027, "bus_lcSublane": 0.9432, "bus_sigma": 0.8611, "bus_tau_mean": 3.2162, "bus_tau_std": 9.2983, "bus_v_mean": 8.0994, "bus_v_std": 9.555, "car_acc": 2.046, "car_dcc": 3.3798, "car_lcAssertive": 86.1477, "car_lcCooperative": 0.0275, "car_lcLookaheadLeft": 14.51, "car_lcPushy": 0.1741, "car_lcSigma": 0.4168, "car_lcSpeedGainRight": 1.2999, "car_lcSublane": 0.8252, "car_sigma": 0.2288, "car_tau_mean": 2.7369, "car_tau_std": 2.406, "car_v_mean": 23.1654, "car_v_std": 17.8248}, "datetime": {"datetime": "2024-08-08 10:34:23", "elapsed": 2343.205311, "delta": 2.507783}}
{"target": -0.37886819315368825, "params": {"bus_acc": 1.0809, "bus_dcc": 1.1997, "bus_lcAssertive": 91.591, "bus_lcCooperative": 0.5159, "bus_lcLookaheadLeft": 74.4541, "bus_lcPushy": 0.8533, "bus_lcSigma": 0.8782, "bus_lcSpeedGainRight": 1.7355, "bus_lcSublane": 0.9927, "bus_sigma": 0.4133, "bus_tau_mean": 1.9778, "bus_tau_std": 5.8855, "bus_v_mean": 10.8311, "bus_v_std": 15.9648, "car_acc": 1.6573, "car_dcc": 3.4574, "car_lcAssertive": 51.8503, "car_lcCooperative": 0.4027, "car_lcLookaheadLeft": 45.3954, "car_lcPushy": 0.5536, "car_lcSigma": 0.8852, "car_lcSpeedGainRight": 3.5242, "car_lcSublane": 0.4017, "car_sigma": 0.1131, "car_tau_mean": 2.9435, "car_tau_std": 7.4482, "car_v_mean": 10.0028, "car_v_std": 9.0583}, "datetime": {"datetime": "2024-08-08 10:34:26", "elapsed": 2346.553052, "delta": 3.347741}}
{"target": -0.36414695075331016, "params": {"bus_acc": 1.7706, "bus_dcc": 2.1678, "bus_lcAssertive": 15.6525, "bus_lcCooperative": 0.0292, "bus_lcLookaheadLeft": 53.9477, "bus_lcPushy": 0.1665, "bus_lcSigma": 0.6683, "bus_lcSpeedGainRight": 3.9794, "bus_lcSublane": 0.8708, "bus_sigma": 0.115, "bus_tau_mean": 0.9576, "bus_tau_std": 4.7987, "bus_v_mean": 20.4462, "bus_v_std": 11.1033, "car_acc": 1.3374, "car_dcc": 3.5739, "car_lcAssertive": 4.2369, "car_lcCooperative": 0.5261, "car_lcLookaheadLeft": 84.9193, "car_lcPushy": 0.0857, "car_lcSigma": 0.0465, "car_lcSpeedGainRight": 4.666, "car_lcSublane": 0.9523, "car_sigma": 0.7324, "car_tau_mean": 3.3648, "car_tau_std": 1.9632, "car_v_mean": 9.4301, "car_v_std": 10.0041}, "datetime": {"datetime": "2024-08-08 10:34:30", "elapsed": 2350.392344, "delta": 3.839292}}
{"target": -0.3852146126269444, "params": {"bus_acc": 2.0914, "bus_dcc": 2.296, "bus_lcAssertive": 52.5258, "bus_lcCooperative": 0.8801, "bus_lcLookaheadLeft": 13.5921, "bus_lcPushy": 0.4893, "bus_lcSigma": 0.5476, "bus_lcSpeedGainRight": 1.6405, "bus_lcSublane": 0.638, "bus_sigma": 0.1748, "bus_tau_mean": 1.3276, "bus_tau_std": 8.8136, "bus_v_mean": 12.8814, "bus_v_std": 11.8362, "car_acc": 1.3082, "car_dcc": 1.3252, "car_lcAssertive": 13.8876, "car_lcCooperative": 0.8524, "car_lcLookaheadLeft": 80.3895, "car_lcPushy": 0.7749, "car_lcSigma": 0.834, "car_lcSpeedGainRight": 2.1339, "car_lcSublane": 0.3158, "car_sigma": 0.2835, "car_tau_mean": 3.485, "car_tau_std": 5.7686, "car_v_mean": 8.9566, "car_v_std": 16.1817}, "datetime": {"datetime": "2024-08-08 10:34:33", "elapsed": 2353.128627, "delta": 2.736283}}
{"target": -0.35671451094137874, "params": {"bus_acc": 1.6672, "bus_dcc": 3.4568, "bus_lcAssertive": 62.3839, "bus_lcCooperative": 0.5547, "bus_lcLookaheadLeft": 54.1407, "bus_lcPushy": 0.5366, "bus_lcSigma": 0.0102, "bus_lcSpeedGainRight": 2.309, "bus_lcSublane": 0.3583, "bus_sigma": 0.7854, "bus_tau_mean": 2.7832, "bus_tau_std": 1.209, "bus_v_mean": 14.9168, "bus_v_std": 6.8645, "car_acc": 1.633, "car_dcc": 3.9005, "car_lcAssertive": 89.4879, "car_lcCooperative": 0.6266, "car_lcLookaheadLeft": 37.5797, "car_lcPushy": 0.4915, "car_lcSigma": 0.226, "car_lcSpeedGainRight": 2.201, "car_lcSublane": 0.3968, "car_sigma": 0.4865, "car_tau_mean": 3.0741, "car_tau_std": 0.8705, "car_v_mean": 19.6393, "car_v_std": 6.3389}, "datetime": {"datetime": "2024-08-08 10:34:35", "elapsed": 2355.738877, "delta": 2.61025}}
{"target": -0.3507413653518327, "params": {"bus_acc": 1.5095, "bus_dcc": 1.6007, "bus_lcAssertive": 53.3002, "bus_lcCooperative": 0.2846, "bus_lcLookaheadLeft": 19.9787, "bus_lcPushy": 0.9928, "bus_lcSigma": 0.6424, "bus_lcSpeedGainRight": 2.7422, "bus_lcSublane": 0.8614, "bus_sigma": 0.2992, "bus_tau_mean": 1.4146, "bus_tau_std": 4.4599, "bus_v_mean": 8.2867, "bus_v_std": 15.7769, "car_acc": 1.3027, "car_dcc": 1.3945, "car_lcAssertive": 76.1101, "car_lcCooperative": 0.7, "car_lcLookaheadLeft": 46.7576, "car_lcPushy": 0.4272, "car_lcSigma": 0.2923, "car_lcSpeedGainRight": 0.431, "car_lcSublane": 0.092, "car_sigma": 0.0955, "car_tau_mean": 2.0156, "car_tau_std": 6.6059, "car_v_mean": 22.0801, "car_v_std": 10.3688}, "datetime": {"datetime": "2024-08-08 10:34:38", "elapsed": 2358.656865, "delta": 2.917988}}
{"target": -0.3384745115841912, "params": {"bus_acc": 2.7222, "bus_dcc": 1.52, "bus_lcAssertive": 19.3316, "bus_lcCooperative": 0.464, "bus_lcLookaheadLeft": 8.9981, "bus_lcPushy": 0.3078, "bus_lcSigma": 0.3388, "bus_lcSpeedGainRight": 2.323, "bus_lcSublane": 0.1305, "bus_sigma": 0.1484, "bus_tau_mean": 3.8557, "bus_tau_std": 9.9762, "bus_v_mean": 11.7287, "bus_v_std": 19.8801, "car_acc": 2.1294, "car_dcc": 1.62, "car_lcAssertive": 7.1345, "car_lcCooperative": 0.4563, "car_lcLookaheadLeft": 30.8494, "car_lcPushy": 0.7116, "car_lcSigma": 0.1898, "car_lcSpeedGainRight": 3.1008, "car_lcSublane": 0.4894, "car_sigma": 0.4182, "car_tau_mean": 1.5732, "car_tau_std": 3.2188, "car_v_mean": 23.9415, "car_v_std": 16.3776}, "datetime": {"datetime": "2024-08-08 10:34:43", "elapsed": 2363.463088, "delta": 4.806223}}
{"target": -0.3925975542128335, "params": {"bus_acc": 1.8469, "bus_dcc": 2.313, "bus_lcAssertive": 1.2912, "bus_lcCooperative": 0.4762, "bus_lcLookaheadLeft": 86.33, "bus_lcPushy": 0.4501, "bus_lcSigma": 0.9751, "bus_lcSpeedGainRight": 4.1237, "bus_lcSublane": 0.6658, "bus_sigma": 0.336, "bus_tau_mean": 2.4376, "bus_tau_std": 1.5278, "bus_v_mean": 9.4798, "bus_v_std": 16.5841, "car_acc": 2.4492, "car_dcc": 2.712, "car_lcAssertive": 16.76, "car_lcCooperative": 0.4187, "car_lcLookaheadLeft": 37.9716, "car_lcPushy": 0.6652, "car_lcSigma": 0.0951, "car_lcSpeedGainRight": 1.7863, "car_lcSublane": 0.0617, "car_sigma": 0.3964, "car_tau_mean": 2.2978, "car_tau_std": 8.4736, "car_v_mean": 10.492, "car_v_std": 1.5838}, "datetime": {"datetime": "2024-08-08 10:34:45", "elapsed": 2365.598429, "delta": 2.135341}}
{"target": -0.418027695113659, "params": {"bus_acc": 1.5477, "bus_dcc": 3.6817, "bus_lcAssertive": 67.0435, "bus_lcCooperative": 0.8943, "bus_lcLookaheadLeft": 58.3092, "bus_lcPushy": 0.4215, "bus_lcSigma": 0.1734, "bus_lcSpeedGainRight": 1.8891, "bus_lcSublane": 0.4247, "bus_sigma": 0.7583, "bus_tau_mean": 2.9027, "bus_tau_std": 1.5257, "bus_v_mean": 10.8459, "bus_v_std": 8.5467, "car_acc": 1.5645, "car_dcc": 3.1246, "car_lcAssertive": 81.1069, "car_lcCooperative": 0.3208, "car_lcLookaheadLeft": 67.6066, "car_lcPushy": 0.435, "car_lcSigma": 0.7554, "car_lcSpeedGainRight": 3.7145, "car_lcSublane": 0.9556, "car_sigma": 0.1213, "car_tau_mean": 0.8, "car_tau_std": 0.7433, "car_v_mean": 13.3786, "car_v_std": 18.8216}, "datetime": {"datetime": "2024-08-08 10:34:48", "elapsed": 2368.905157, "delta": 3.306728}}
{"target": -0.3800237644520011, "params": {"bus_acc": 2.8331, "bus_dcc": 3.8825, "bus_lcAssertive": 22.0628, "bus_lcCooperative": 0.6392, "bus_lcLookaheadLeft": 37.238, "bus_lcPushy": 0.5986, "bus_lcSigma": 0.3704, "bus_lcSpeedGainRight": 4.2713, "bus_lcSublane": 0.7972, "bus_sigma": 0.9225, "bus_tau_mean": 2.7561, "bus_tau_std": 7.4267, "bus_v_mean": 17.0885, "bus_v_std": 7.7725, "car_acc": 1.2047, "car_dcc": 2.1776, "car_lcAssertive": 36.7872, "car_lcCooperative": 0.595, "car_lcLookaheadLeft": 96.6142, "car_lcPushy": 0.1991, "car_lcSigma": 0.6748, "car_lcSpeedGainRight": 4.9513, "car_lcSublane": 0.6542, "car_sigma": 0.7291, "car_tau_mean": 0.6991, "car_tau_std": 2.8291, "car_v_mean": 8.2479, "car_v_std": 3.5849}, "datetime": {"datetime": "2024-08-08 10:34:50", "elapsed": 2370.970469, "delta": 2.065312}}
{"target": -0.3851859921714903, "params": {"bus_acc": 2.0446, "bus_dcc": 3.9689, "bus_lcAssertive": 47.1376, "bus_lcCooperative": 0.3297, "bus_lcLookaheadLeft": 18.3286, "bus_lcPushy": 0.4481, "bus_lcSigma": 0.9834, "bus_lcSpeedGainRight": 3.4902, "bus_lcSublane": 0.3726, "bus_sigma": 0.7286, "bus_tau_mean": 3.7899, "bus_tau_std": 9.9192, "bus_v_mean": 21.037, "bus_v_std": 5.8144, "car_acc": 1.6504, "car_dcc": 2.957, "car_lcAssertive": 25.2851, "car_lcCooperative": 0.1606, "car_lcLookaheadLeft": 66.4478, "car_lcPushy": 0.7121, "car_lcSigma": 0.7689, "car_lcSpeedGainRight": 1.0288, "car_lcSublane": 0.2765, "car_sigma": 0.6844, "car_tau_mean": 1.3957, "car_tau_std": 7.4953, "car_v_mean": 13.9857, "car_v_std": 5.0167}, "datetime": {"datetime": "2024-08-08 10:34:53", "elapsed": 2373.636047, "delta": 2.665578}}
{"target": -0.3502980877375008, "params": {"bus_acc": 1.3836, "bus_dcc": 3.9217, "bus_lcAssertive": 72.3083, "bus_lcCooperative": 0.1902, "bus_lcLookaheadLeft": 62.1438, "bus_lcPushy": 0.8972, "bus_lcSigma": 0.7512, "bus_lcSpeedGainRight": 1.2886, "bus_lcSublane": 0.2723, "bus_sigma": 0.7734, "bus_tau_mean": 3.1301, "bus_tau_std": 1.2537, "bus_v_mean": 19.7242, "bus_v_std": 6.3533, "car_acc": 1.7001, "car_dcc": 1.1754, "car_lcAssertive": 77.2421, "car_lcCooperative": 0.2953, "car_lcLookaheadLeft": 36.6181, "car_lcPushy": 0.518, "car_lcSigma": 0.3678, "car_lcSpeedGainRight": 3.2027, "car_lcSublane": 0.4696, "car_sigma": 0.2405, "car_tau_mean": 3.1231, "car_tau_std": 5.0912, "car_v_mean": 21.0367, "car_v_std": 14.8046}, "datetime": {"datetime": "2024-08-08 10:34:55", "elapsed": 2375.705838, "delta": 2.069791}}
{"target": -0.36947161733146316, "params": {"bus_acc": 2.7538, "bus_dcc": 1.5061, "bus_lcAssertive": 51.4443, "bus_lcCooperative": 0.5561, "bus_lcLookaheadLeft": 75.4036, "bus_lcPushy": 0.5656, "bus_lcSigma": 0.2086, "bus_lcSpeedGainRight": 4.5776, "bus_lcSublane": 0.8298, "bus_sigma": 0.1349, "bus_tau_mean": 1.7994, "bus_tau_std": 4.382, "bus_v_mean": 23.3106, "bus_v_std": 17.2486, "car_acc": 1.9804, "car_dcc": 3.4796, "car_lcAssertive": 7.2446, "car_lcCooperative": 0.7361, "car_lcLookaheadLeft": 44.0588, "car_lcPushy": 0.8732, "car_lcSigma": 0.553, "car_lcSpeedGainRight": 2.1205, "car_lcSublane": 0.6774, "car_sigma": 0.8418, "car_tau_mean": 1.4347, "car_tau_std": 8.3918, "car_v_mean": 19.2869, "car_v_std": 19.4289}, "datetime": {"datetime": "2024-08-08 10:34:58", "elapsed": 2378.028288, "delta": 2.32245}}
{"target": -0.38264382915846035, "params": {"bus_acc": 2.9295, "bus_dcc": 3.2941, "bus_lcAssertive": 66.1542, "bus_lcCooperative": 0.7303, "bus_lcLookaheadLeft": 88.8463, "bus_lcPushy": 0.2456, "bus_lcSigma": 0.2323, "bus_lcSpeedGainRight": 4.5037, "bus_lcSublane": 0.6385, "bus_sigma": 0.8806, "bus_tau_mean": 0.6893, "bus_tau_std": 2.8704, "bus_v_mean": 9.0376, "bus_v_std": 0.8129, "car_acc": 1.2424, "car_dcc": 2.2984, "car_lcAssertive": 21.7779, "car_lcCooperative": 0.2508, "car_lcLookaheadLeft": 41.461, "car_lcPushy": 0.4396, "car_lcSigma": 0.1373, "car_lcSpeedGainRight": 3.8473, "car_lcSublane": 0.3944, "car_sigma": 0.7728, "car_tau_mean": 1.8453, "car_tau_std": 8.5182, "car_v_mean": 11.0389, "car_v_std": 10.5995}, "datetime": {"datetime": "2024-08-08 10:35:00", "elapsed": 2380.692166, "delta": 2.663878}}
{"target": -0.3780584160723066, "params": {"bus_acc": 1.2856, "bus_dcc": 2.5225, "bus_lcAssertive": 63.9973, "bus_lcCooperative": 0.8565, "bus_lcLookaheadLeft": 70.1355, "bus_lcPushy": 0.3241, "bus_lcSigma": 0.2773, "bus_lcSpeedGainRight": 4.6138, "bus_lcSublane": 0.8696, "bus_sigma": 0.6608, "bus_tau_mean": 1.5203, "bus_tau_std": 6.4261, "bus_v_mean": 10.5597, "bus_v_std": 10.1713, "car_acc": 1.2878, "car_dcc": 1.8487, "car_lcAssertive": 24.1601, "car_lcCooperative": 0.6788, "car_lcLookaheadLeft": 42.5955, "car_lcPushy": 0.7667, "car_lcSigma": 0.9215, "car_lcSpeedGainRight": 2.4476, "car_lcSublane": 0.6303, "car_sigma": 0.6506, "car_tau_mean": 0.9914, "car_tau_std": 7.9184, "car_v_mean": 20.5407, "car_v_std": 5.9736}, "datetime": {"datetime": "2024-08-08 10:35:06", "elapsed": 2386.74293, "delta": 6.050764}}
{"target": -0.3592154583591721, "params": {"bus_acc": 1.1273, "bus_dcc": 3.3401, "bus_lcAssertive": 99.1804, "bus_lcCooperative": 0.1294, "bus_lcLookaheadLeft": 88.3394, "bus_lcPushy": 0.1755, "bus_lcSigma": 0.3852, "bus_lcSpeedGainRight": 2.5898, "bus_lcSublane": 0.664, "bus_sigma": 0.6808, "bus_tau_mean": 3.0874, "bus_tau_std": 6.6925, "bus_v_mean": 16.1479, "bus_v_std": 18.0351, "car_acc": 2.9077, "car_dcc": 1.7097, "car_lcAssertive": 66.8923, "car_lcCooperative": 0.2983, "car_lcLookaheadLeft": 96.9089, "car_lcPushy": 0.6888, "car_lcSigma": 0.572, "car_lcSpeedGainRight": 4.9027, "car_lcSublane": 0.2708, "car_sigma": 0.8813, "car_tau_mean": 0.8786, "car_tau_std": 0.513, "car_v_mean": 18.8613, "car_v_std": 7.0076}, "datetime": {"datetime": "2024-08-08 10:35:11", "elapsed": 2391.091609, "delta": 4.348679}}
