{"target": -0.06730246805085933, "params": {"bus_acc": 1.9501761192470797, "bus_dcc": 2.6699595645854695, "bus_lcAssertive": 91.64502862686118, "bus_lcCooperative": 0.6415662089463375, "bus_lcLookaheadLeft": 40.22075598584213, "bus_lcPushy": 0.48599066709690975, "bus_lcSublane": 0.6043104829199732, "bus_max_v": 17.144122979611314, "bus_tau_mean": 2.8154535667661342, "bus_tau_std": 13.781001534504092, "car_acc": 1.7897512258471098, "car_dcc": 4.853050113762848, "car_lcAssertive": 18.22161100136597, "car_lcCooperative": 0.12632951943963733, "car_lcLookaheadLeft": 15.23775748857967, "car_lcPushy": 0.5056621656768967, "car_lcSublane": 0.021524805274197978, "car_max_v": 31.80331485800666, "car_tau_mean": 2.5677886779268313, "car_tau_std": 0.22528471113183568}, "datetime": {"datetime": "2024-08-03 11:10:53", "elapsed": 0.0, "delta": 0.0}}
{"target": -0.20949078628190768, "params": {"bus_acc": 1.315244803095373, "bus_dcc": 3.678666125575454, "bus_lcAssertive": 58.20786431316901, "bus_lcCooperative": 0.18401020162746506, "bus_lcLookaheadLeft": 79.21706491489942, "bus_lcPushy": 0.6120311770449339, "bus_lcSublane": 0.053909272073752956, "bus_max_v": 15.46251784001472, "bus_tau_mean": 2.197672091413574, "bus_tau_std": 13.779026669662887, "car_acc": 1.0008040497827149, "car_dcc": 4.907036596124239, "car_lcAssertive": 38.281451159831676, "car_lcCooperative": 0.9737835383583225, "car_lcLookaheadLeft": 61.2621778954572, "car_lcPushy": 0.828845807980693, "car_lcSublane": 0.5747115047081023, "car_max_v": 24.445752561069057, "car_tau_mean": 1.213940704239235, "car_tau_std": 8.802500109841244}, "datetime": {"datetime": "2024-08-03 11:10:54", "elapsed": 0.541235, "delta": 0.541235}}
{"target": -0.15074208904975286, "params": {"bus_acc": 1.4158487182675272, "bus_dcc": 2.8500552014657083, "bus_lcAssertive": 24.132947784685754, "bus_lcCooperative": 0.10196725942579743, "bus_lcLookaheadLeft": 52.55398766291592, "bus_lcPushy": 0.47714098704978236, "bus_lcSublane": 0.15267164409316325, "bus_max_v": 18.083481012625402, "bus_tau_mean": 1.8600252970348454, "bus_tau_std": 9.812060204561165, "car_acc": 1.2890910802493196, "car_dcc": 4.006111268540975, "car_lcAssertive": 22.982864840192345, "car_lcCooperative": 0.519351824366033, "car_lcLookaheadLeft": 78.95901076571866, "car_lcPushy": 0.02233042799180618, "car_lcSublane": 0.3243624597261865, "car_max_v": 30.077214657202553, "car_tau_mean": 2.611774019005174, "car_tau_std": 8.076608888918155}, "datetime": {"datetime": "2024-08-03 11:10:55", "elapsed": 1.731254, "delta": 1.190019}}
{"target": -0.10505755876516477, "params": {"bus_acc": 1.5562402339904189, "bus_dcc": 1.409365676982055, "bus_lcAssertive": 6.931851261708954, "bus_lcCooperative": 0.12134345574073735, "bus_lcLookaheadLeft": 6.366084097386649, "bus_lcPushy": 0.1074941291060929, "bus_lcSublane": 0.2257093386078547, "bus_max_v": 19.268856744974798, "bus_tau_mean": 1.899292455135356, "bus_tau_std": 0.1883397023867378, "car_acc": 1.1439485593789736, "car_dcc": 4.869105320001088, "car_lcAssertive": 57.24194573007427, "car_lcCooperative": 0.20329323466099047, "car_lcLookaheadLeft": 26.727922967891693, "car_lcPushy": 0.7438258540750929, "car_lcSublane": 0.1954294811093188, "car_max_v": 23.371255327284928, "car_tau_mean": 2.925049972720781, "car_tau_std": 12.702432022350528}, "datetime": {"datetime": "2024-08-03 11:10:56", "elapsed": 2.72025, "delta": 0.988996}}
{"target": -0.05980469534261034, "params": {"bus_acc": 1.1761962555750554, "bus_dcc": 1.996190723100511, "bus_lcAssertive": 13.968687636280773, "bus_lcCooperative": 0.8094906921265821, "bus_lcLookaheadLeft": 35.78419196296276, "bus_lcPushy": 0.9401074823333672, "bus_lcSublane": 0.58201417994708, "bus_max_v": 21.424815797353972, "bus_tau_mean": 2.6118361134805546, "bus_tau_std": 13.580884780629738, "car_acc": 1.919760531633614, "car_dcc": 3.185387264081493, "car_lcAssertive": 80.0617555240519, "car_lcCooperative": 0.28571885173414757, "car_lcLookaheadLeft": 50.04484521675292, "car_lcPushy": 0.5991103076458784, "car_lcSublane": 0.015533275550835723, "car_max_v": 23.650072388522656, "car_tau_mean": 1.5841908724736458, "car_tau_std": 12.110407933272622}, "datetime": {"datetime": "2024-08-03 11:10:57", "elapsed": 3.295356, "delta": 0.575106}}
{"target": -0.0884302929353274, "params": {"bus_acc": 1.8833060912058097, "bus_dcc": 2.8710166211668264, "bus_lcAssertive": 75.34330096870639, "bus_lcCooperative": 0.34889834197784253, "bus_lcLookaheadLeft": 28.452933392972554, "bus_lcPushy": 0.8958862181960668, "bus_lcSublane": 0.4280911898712949, "bus_max_v": 22.542920612929013, "bus_tau_mean": 2.15860374454612, "bus_tau_std": 9.325435803136827, "car_acc": 1.2294919459067504, "car_dcc": 4.7979570348282845, "car_lcAssertive": 45.541301214514114, "car_lcCooperative": 0.5783896143871318, "car_lcLookaheadLeft": 41.99740667060556, "car_lcPushy": 0.2370269802430277, "car_lcSublane": 0.9033795205622538, "car_max_v": 23.194628193462574, "car_tau_mean": 0.5071758175778974, "car_tau_std": 9.257173704310858}, "datetime": {"datetime": "2024-08-03 11:10:57", "elapsed": 3.707191, "delta": 0.411835}}
{"target": -0.07299201745855362, "params": {"bus_acc": 1.75002176370266, "bus_dcc": 3.574941509287127, "bus_lcAssertive": 75.75313665830033, "bus_lcCooperative": 0.698057248447303, "bus_lcLookaheadLeft": 86.71898414535079, "bus_lcPushy": 0.32268099683674645, "bus_lcSublane": 0.6707887907875872, "bus_max_v": 15.861361173373538, "bus_tau_mean": 1.455256880078793, "bus_tau_std": 6.162170248832784, "car_acc": 1.8029591669390812, "car_dcc": 2.2695357838331076, "car_lcAssertive": 62.57001742410984, "car_lcCooperative": 0.43024727082126435, "car_lcLookaheadLeft": 97.43260363687072, "car_lcPushy": 0.6778008914343111, "car_lcSublane": 0.19856988842711087, "car_max_v": 19.814123215004756, "car_tau_mean": 1.3583655994360575, "car_tau_std": 11.964582059378499}, "datetime": {"datetime": "2024-08-03 11:10:58", "elapsed": 4.578339, "delta": 0.871148}}
{"target": -0.05503484126461917, "params": {"bus_acc": 1.9888610889064946, "bus_dcc": 3.244496963139518, "bus_lcAssertive": 28.763955214376114, "bus_lcCooperative": 0.7892793284514885, "bus_lcLookaheadLeft": 12.116148644608918, "bus_lcPushy": 0.44789352617590517, "bus_lcSublane": 0.9085955030930956, "bus_max_v": 13.816983928857834, "bus_tau_mean": 1.2194383464658718, "bus_tau_std": 1.9504285817741651, "car_acc": 1.0387339157405941, "car_dcc": 3.715342131759564, "car_lcAssertive": 21.951183484005846, "car_lcCooperative": 0.2655466593722262, "car_lcLookaheadLeft": 50.174169609473154, "car_lcPushy": 0.053362545117080384, "car_lcSublane": 0.5741176054920131, "car_max_v": 13.374757222833633, "car_tau_mean": 1.9732638422582105, "car_tau_std": 10.496375400313967}, "datetime": {"datetime": "2024-08-03 11:10:58", "elapsed": 4.787719, "delta": 0.20938}}
{"target": -0.10202765116997625, "params": {"bus_acc": 1.326644901772096, "bus_dcc": 2.581174306772828, "bus_lcAssertive": 88.70826783176668, "bus_lcCooperative": 0.35726976000249977, "bus_lcLookaheadLeft": 91.03644479014032, "bus_lcPushy": 0.6233601157918027, "bus_lcSublane": 0.015821242846556283, "bus_max_v": 22.082684038668898, "bus_tau_mean": 2.22724229379231, "bus_tau_std": 14.959842756772208, "car_acc": 1.344681016690657, "car_dcc": 1.548542998515511, "car_lcAssertive": 93.32695084067919, "car_lcCooperative": 0.6968181614899002, "car_lcLookaheadLeft": 8.468016926762123, "car_lcPushy": 0.7554630526024664, "car_lcSublane": 0.7538761884612464, "car_max_v": 31.229564317569118, "car_tau_mean": 2.278811896571179, "car_tau_std": 1.8640644295824704}, "datetime": {"datetime": "2024-08-03 11:10:59", "elapsed": 5.755279, "delta": 0.96756}}
{"target": -0.0624380902936803, "params": {"bus_acc": 1.6185135669120854, "bus_dcc": 1.0310927840056958, "bus_lcAssertive": 54.32410097505835, "bus_lcCooperative": 0.0030179566195963625, "bus_lcLookaheadLeft": 95.21699097804004, "bus_lcPushy": 0.905402033702778, "bus_lcSublane": 0.7959669419422694, "bus_max_v": 21.898566158892237, "bus_tau_mean": 0.8638955778959927, "bus_tau_std": 2.3659510480579993, "car_acc": 1.375263345804868, "car_dcc": 3.4899836091996845, "car_lcAssertive": 90.67514010482188, "car_lcCooperative": 0.9899551783590737, "car_lcLookaheadLeft": 71.69000095904995, "car_lcPushy": 0.7318004091422953, "car_lcSublane": 0.9092932045442544, "car_max_v": 19.22009584453578, "car_tau_mean": 1.1246267005625918, "car_tau_std": 2.601452561806843}, "datetime": {"datetime": "2024-08-03 11:10:59", "elapsed": 6.106713, "delta": 0.351434}}
{"target": -0.06773162497219966, "params": {"bus_acc": 1.4170220047025741, "bus_dcc": 3.1609734803264744, "bus_lcAssertive": 1.0113231069171438, "bus_lcCooperative": 0.30233257263183977, "bus_lcLookaheadLeft": 16.38207730007708, "bus_lcPushy": 0.0923385947687978, "bus_lcSublane": 0.1862602113776709, "bus_max_v": 14.492289451559621, "bus_tau_mean": 1.4919186855766748, "bus_tau_std": 8.082251010050355, "car_acc": 1.8383890288065896, "car_dcc": 3.740878001587038, "car_lcAssertive": 21.240772723420225, "car_lcCooperative": 0.8781174363909454, "car_lcLookaheadLeft": 4.6839841333967644, "car_lcPushy": 0.6704675101784022, "car_lcSublane": 0.41730480236712697, "car_max_v": 22.84986605425229, "car_tau_mean": 0.8509673464880845, "car_tau_std": 2.971522336273182}, "datetime": {"datetime": "2024-08-03 11:11:00", "elapsed": 6.734998, "delta": 0.628285}}
