{"target": -0.3491908753835472, "params": {"bus_acc": 2.2265, "bus_dcc": 1.6004, "bus_lcAssertive": 96.0567, "bus_lcCooperative": 0.1054, "bus_lcLookaheadLeft": 29.2405, "bus_lcPushy": 0.9819, "bus_lcSigma": 0.8669, "bus_lcSpeedGainRight": 4.1492, "bus_lcSublane": 0.7378, "bus_sigma": 0.486, "bus_tau_mean": 1.0116, "bus_tau_std": 6.0711, "bus_v_mean": 14.5717, "bus_v_std": 16.7044, "car_acc": 1.2906, "car_dcc": 1.3161, "car_lcAssertive": 97.8704, "car_lcCooperative": 0.4043, "car_lcLookaheadLeft": 87.0737, "car_lcPushy": 0.177, "car_lcSigma": 0.6721, "car_lcSpeedGainRight": 4.1067, "car_lcSublane": 0.5299, "car_sigma": 0.5231, "car_tau_mean": 3.9181, "car_tau_std": 8.0049, "car_v_mean": 19.5583, "car_v_std": 14.8071}, "datetime": {"datetime": "2024-08-08 13:01:24", "elapsed": 871.62903, "delta": 1.992392}}
{"target": -0.2908265687870544, "params": {"bus_acc": 1.3757, "bus_dcc": 1.3033, "bus_lcAssertive": 88.7722, "bus_lcCooperative": 0.4284, "bus_lcLookaheadLeft": 30.6166, "bus_lcPushy": 0.409, "bus_lcSigma": 0.6593, "bus_lcSpeedGainRight": 3.7219, "bus_lcSublane": 0.5743, "bus_sigma": 0.3721, "bus_tau_mean": 1.4299, "bus_tau_std": 1.9096, "bus_v_mean": 9.8315, "bus_v_std": 7.2679, "car_acc": 4.4285, "car_dcc": 2.4205, "car_lcAssertive": 5.6926, "car_lcCooperative": 0.5977, "car_lcLookaheadLeft": 28.0499, "car_lcPushy": 0.5785, "car_lcSigma": 0.9306, "car_lcSpeedGainRight": 2.8989, "car_lcSublane": 0.1669, "car_sigma": 0.837, "car_tau_mean": 3.3214, "car_tau_std": 2.9182, "car_v_mean": 20.9715, "car_v_std": 20.0}, "datetime": {"datetime": "2024-08-08 13:01:24", "elapsed": 872.030126, "delta": 0.401096}}
{"target": -0.336805529659067, "params": {"bus_acc": 3.352, "bus_dcc": 1.7185, "bus_lcAssertive": 51.7289, "bus_lcCooperative": 0.8547, "bus_lcLookaheadLeft": 13.9294, "bus_lcPushy": 0.5125, "bus_lcSigma": 0.7567, "bus_lcSpeedGainRight": 3.946, "bus_lcSublane": 0.3345, "bus_sigma": 0.5458, "bus_tau_mean": 2.0045, "bus_tau_std": 5.0395, "bus_v_mean": 8.0, "bus_v_std": 4.9001, "car_acc": 4.5728, "car_dcc": 2.453, "car_lcAssertive": 37.7458, "car_lcCooperative": 0.242, "car_lcLookaheadLeft": 69.8636, "car_lcPushy": 0.3763, "car_lcSigma": 0.1801, "car_lcSpeedGainRight": 2.675, "car_lcSublane": 0.6658, "car_sigma": 0.5132, "car_tau_mean": 2.2846, "car_tau_std": 6.1456, "car_v_mean": 18.7668, "car_v_std": 12.0769}, "datetime": {"datetime": "2024-08-08 13:01:26", "elapsed": 874.377919, "delta": 2.347793}}
{"target": -0.34490211252421965, "params": {"bus_acc": 1.8543, "bus_dcc": 1.1771, "bus_lcAssertive": 21.1714, "bus_lcCooperative": 0.4559, "bus_lcLookaheadLeft": 3.5411, "bus_lcPushy": 0.6769, "bus_lcSigma": 0.022, "bus_lcSpeedGainRight": 4.3154, "bus_lcSublane": 0.76, "bus_sigma": 0.5375, "bus_tau_mean": 3.2183, "bus_tau_std": 5.2612, "bus_v_mean": 15.277, "bus_v_std": 11.5141, "car_acc": 3.1343, "car_dcc": 1.3553, "car_lcAssertive": 89.6748, "car_lcCooperative": 0.7605, "car_lcLookaheadLeft": 47.3729, "car_lcPushy": 0.3499, "car_lcSigma": 0.2692, "car_lcSpeedGainRight": 3.5931, "car_lcSublane": 0.9268, "car_sigma": 0.9301, "car_tau_mean": 1.5625, "car_tau_std": 6.8725, "car_v_mean": 17.4171, "car_v_std": 8.2122}, "datetime": {"datetime": "2024-08-08 13:01:29", "elapsed": 876.715762, "delta": 2.337843}}
{"target": -0.3506122883680052, "params": {"bus_acc": 4.8946, "bus_dcc": 2.0832, "bus_lcAssertive": 58.5527, "bus_lcCooperative": 0.8414, "bus_lcLookaheadLeft": 55.5586, "bus_lcPushy": 0.3452, "bus_lcSigma": 0.1015, "bus_lcSpeedGainRight": 3.3457, "bus_lcSublane": 0.2601, "bus_sigma": 0.229, "bus_tau_mean": 2.9068, "bus_tau_std": 5.2864, "bus_v_mean": 15.726, "bus_v_std": 8.6781, "car_acc": 2.9009, "car_dcc": 3.379, "car_lcAssertive": 76.9621, "car_lcCooperative": 0.3583, "car_lcLookaheadLeft": 77.9779, "car_lcPushy": 0.1524, "car_lcSigma": 0.0352, "car_lcSpeedGainRight": 1.5975, "car_lcSublane": 0.0322, "car_sigma": 0.6651, "car_tau_mean": 0.652, "car_tau_std": 6.9682, "car_v_mean": 16.5212, "car_v_std": 13.9423}, "datetime": {"datetime": "2024-08-08 13:01:31", "elapsed": 878.671458, "delta": 1.955696}}
{"target": -0.35480480526902425, "params": {"bus_acc": 4.5091, "bus_dcc": 2.3942, "bus_lcAssertive": 75.9329, "bus_lcCooperative": 0.2634, "bus_lcLookaheadLeft": 73.4049, "bus_lcPushy": 0.9191, "bus_lcSigma": 0.6934, "bus_lcSpeedGainRight": 1.2297, "bus_lcSublane": 0.6834, "bus_sigma": 0.4535, "bus_tau_mean": 1.2711, "bus_tau_std": 2.8807, "bus_v_mean": 15.7648, "bus_v_std": 4.2363, "car_acc": 2.3877, "car_dcc": 2.407, "car_lcAssertive": 12.1801, "car_lcCooperative": 0.5701, "car_lcLookaheadLeft": 58.1854, "car_lcPushy": 0.4754, "car_lcSigma": 0.8202, "car_lcSpeedGainRight": 3.1781, "car_lcSublane": 0.2685, "car_sigma": 0.2242, "car_tau_mean": 3.5666, "car_tau_std": 9.8719, "car_v_mean": 22.5592, "car_v_std": 9.1676}, "datetime": {"datetime": "2024-08-08 13:01:34", "elapsed": 882.128369, "delta": 3.456911}}
{"target": -0.32780650277894013, "params": {"bus_acc": 2.4976, "bus_dcc": 3.5815, "bus_lcAssertive": 15.0279, "bus_lcCooperative": 0.6303, "bus_lcLookaheadLeft": 10.1286, "bus_lcPushy": 0.9962, "bus_lcSigma": 0.13, "bus_lcSpeedGainRight": 0.9031, "bus_lcSublane": 0.3907, "bus_sigma": 0.6641, "bus_tau_mean": 3.156, "bus_tau_std": 7.7219, "bus_v_mean": 10.5159, "bus_v_std": 17.4748, "car_acc": 3.8398, "car_dcc": 3.7319, "car_lcAssertive": 83.2026, "car_lcCooperative": 0.4081, "car_lcLookaheadLeft": 46.1964, "car_lcPushy": 0.2321, "car_lcSigma": 0.9749, "car_lcSpeedGainRight": 3.2393, "car_lcSublane": 0.0282, "car_sigma": 0.2858, "car_tau_mean": 2.4508, "car_tau_std": 7.7038, "car_v_mean": 16.7775, "car_v_std": 7.5457}, "datetime": {"datetime": "2024-08-08 13:01:36", "elapsed": 884.485664, "delta": 2.357295}}
{"target": -0.3300584074102369, "params": {"bus_acc": 3.1186, "bus_dcc": 2.1182, "bus_lcAssertive": 41.0985, "bus_lcCooperative": 0.3926, "bus_lcLookaheadLeft": 9.4207, "bus_lcPushy": 0.515, "bus_lcSigma": 0.8799, "bus_lcSpeedGainRight": 4.3078, "bus_lcSublane": 0.0753, "bus_sigma": 0.0333, "bus_tau_mean": 3.2549, "bus_tau_std": 2.9852, "bus_v_mean": 21.5627, "bus_v_std": 12.2162, "car_acc": 4.9587, "car_dcc": 3.5738, "car_lcAssertive": 59.5911, "car_lcCooperative": 0.9122, "car_lcLookaheadLeft": 33.596, "car_lcPushy": 0.7062, "car_lcSigma": 0.2541, "car_lcSpeedGainRight": 3.0924, "car_lcSublane": 0.3273, "car_sigma": 0.4653, "car_tau_mean": 0.6267, "car_tau_std": 2.7674, "car_v_mean": 14.239, "car_v_std": 18.8798}, "datetime": {"datetime": "2024-08-08 13:01:40", "elapsed": 887.891476, "delta": 3.405812}}
{"target": -0.34786531044533875, "params": {"bus_acc": 2.6714, "bus_dcc": 2.7298, "bus_lcAssertive": 3.9447, "bus_lcCooperative": 0.5866, "bus_lcLookaheadLeft": 22.398, "bus_lcPushy": 0.5054, "bus_lcSigma": 0.3649, "bus_lcSpeedGainRight": 1.4066, "bus_lcSublane": 0.3361, "bus_sigma": 0.3231, "bus_tau_mean": 3.455, "bus_tau_std": 3.9388, "bus_v_mean": 14.6649, "bus_v_std": 2.5685, "car_acc": 4.9934, "car_dcc": 1.6433, "car_lcAssertive": 28.0723, "car_lcCooperative": 0.1392, "car_lcLookaheadLeft": 96.8655, "car_lcPushy": 0.8595, "car_lcSigma": 0.3209, "car_lcSpeedGainRight": 0.57, "car_lcSublane": 0.9236, "car_sigma": 0.1095, "car_tau_mean": 1.4789, "car_tau_std": 5.7488, "car_v_mean": 14.651, "car_v_std": 17.1417}, "datetime": {"datetime": "2024-08-08 13:01:43", "elapsed": 890.584389, "delta": 2.692913}}
{"target": -0.3676568599197303, "params": {"bus_acc": 4.91, "bus_dcc": 3.2253, "bus_lcAssertive": 84.4556, "bus_lcCooperative": 0.8969, "bus_lcLookaheadLeft": 93.7667, "bus_lcPushy": 0.0164, "bus_lcSigma": 0.0153, "bus_lcSpeedGainRight": 3.9067, "bus_lcSublane": 0.9005, "bus_sigma": 0.8194, "bus_tau_mean": 1.3979, "bus_tau_std": 7.5279, "bus_v_mean": 19.1171, "bus_v_std": 5.0221, "car_acc": 1.613, "car_dcc": 2.3338, "car_lcAssertive": 92.8673, "car_lcCooperative": 0.5467, "car_lcLookaheadLeft": 20.7759, "car_lcPushy": 0.6638, "car_lcSigma": 0.8384, "car_lcSpeedGainRight": 0.6687, "car_lcSublane": 0.2817, "car_sigma": 0.8676, "car_tau_mean": 3.3842, "car_tau_std": 4.8046, "car_v_mean": 11.8369, "car_v_std": 15.4338}, "datetime": {"datetime": "2024-08-08 13:01:45", "elapsed": 892.875456, "delta": 2.291067}}
{"target": -0.36892751202155405, "params": {"bus_acc": 2.2841, "bus_dcc": 1.4163, "bus_lcAssertive": 79.7305, "bus_lcCooperative": 0.2617, "bus_lcLookaheadLeft": 90.5295, "bus_lcPushy": 0.3779, "bus_lcSigma": 0.427, "bus_lcSpeedGainRight": 0.8429, "bus_lcSublane": 0.2375, "bus_sigma": 0.6383, "bus_tau_mean": 2.8606, "bus_tau_std": 6.8148, "bus_v_mean": 21.2492, "bus_v_std": 0.5796, "car_acc": 1.4322, "car_dcc": 2.8887, "car_lcAssertive": 26.4064, "car_lcCooperative": 0.3722, "car_lcLookaheadLeft": 62.4032, "car_lcPushy": 0.2965, "car_lcSigma": 0.1025, "car_lcSpeedGainRight": 2.5479, "car_lcSublane": 0.5611, "car_sigma": 0.0772, "car_tau_mean": 1.2262, "car_tau_std": 4.4773, "car_v_mean": 22.4659, "car_v_std": 11.5755}, "datetime": {"datetime": "2024-08-08 13:01:48", "elapsed": 895.704755, "delta": 2.829299}}
{"target": -0.3664078094769163, "params": {"bus_acc": 1.2821, "bus_dcc": 2.9783, "bus_lcAssertive": 98.3288, "bus_lcCooperative": 0.2246, "bus_lcLookaheadLeft": 37.2662, "bus_lcPushy": 0.4613, "bus_lcSigma": 0.2254, "bus_lcSpeedGainRight": 0.5925, "bus_lcSublane": 0.6476, "bus_sigma": 0.5455, "bus_tau_mean": 3.7987, "bus_tau_std": 3.3339, "bus_v_mean": 14.4601, "bus_v_std": 6.6864, "car_acc": 2.3012, "car_dcc": 3.6493, "car_lcAssertive": 34.5424, "car_lcCooperative": 0.6425, "car_lcLookaheadLeft": 75.5297, "car_lcPushy": 0.4569, "car_lcSigma": 0.0903, "car_lcSpeedGainRight": 3.3475, "car_lcSublane": 0.0684, "car_sigma": 0.4142, "car_tau_mean": 3.4782, "car_tau_std": 0.8235, "car_v_mean": 8.3665, "car_v_std": 19.4905}, "datetime": {"datetime": "2024-08-08 13:01:51", "elapsed": 899.285616, "delta": 3.580861}}
{"target": -0.3703300103352285, "params": {"bus_acc": 2.1831, "bus_dcc": 2.1844, "bus_lcAssertive": 86.9202, "bus_lcCooperative": 0.4262, "bus_lcLookaheadLeft": 82.4281, "bus_lcPushy": 0.2299, "bus_lcSigma": 0.1743, "bus_lcSpeedGainRight": 1.0136, "bus_lcSublane": 0.3753, "bus_sigma": 0.7619, "bus_tau_mean": 1.1257, "bus_tau_std": 8.1019, "bus_v_mean": 20.3239, "bus_v_std": 2.4006, "car_acc": 2.0279, "car_dcc": 1.5854, "car_lcAssertive": 37.1368, "car_lcCooperative": 0.9027, "car_lcLookaheadLeft": 61.0517, "car_lcPushy": 0.5351, "car_lcSigma": 0.2611, "car_lcSpeedGainRight": 3.1363, "car_lcSublane": 0.7099, "car_sigma": 0.25, "car_tau_mean": 3.5737, "car_tau_std": 7.9554, "car_v_mean": 15.7139, "car_v_std": 10.4956}, "datetime": {"datetime": "2024-08-08 13:01:53", "elapsed": 901.167178, "delta": 1.881562}}
{"target": -0.2871981464343716, "params": {"bus_acc": 5.0, "bus_dcc": 1.7622, "bus_lcAssertive": 87.1438, "bus_lcCooperative": 0.0, "bus_lcLookaheadLeft": 15.9046, "bus_lcPushy": 0.0, "bus_lcSigma": 1.0, "bus_lcSpeedGainRight": 4.5181, "bus_lcSublane": 0.641, "bus_sigma": 0.9031, "bus_tau_mean": 1.4706, "bus_tau_std": 4.741, "bus_v_mean": 13.1003, "bus_v_std": 7.7654, "car_acc": 1.8397, "car_dcc": 1.0, "car_lcAssertive": 43.3981, "car_lcCooperative": 0.4083, "car_lcLookaheadLeft": 64.7533, "car_lcPushy": 0.8556, "car_lcSigma": 0.0, "car_lcSpeedGainRight": 1.3006, "car_lcSublane": 0.2181, "car_sigma": 1.0, "car_tau_mean": 0.5, "car_tau_std": 2.8963, "car_v_mean": 13.7944, "car_v_std": 8.5976}, "datetime": {"datetime": "2024-08-08 13:01:56", "elapsed": 903.795463, "delta": 2.628285}}
{"target": -0.3893613867133733, "params": {"bus_acc": 3.0754, "bus_dcc": 3.1939, "bus_lcAssertive": 62.56, "bus_lcCooperative": 0.0521, "bus_lcLookaheadLeft": 12.1339, "bus_lcPushy": 0.981, "bus_lcSigma": 0.0542, "bus_lcSpeedGainRight": 1.5558, "bus_lcSublane": 0.9399, "bus_sigma": 0.4359, "bus_tau_mean": 2.9518, "bus_tau_std": 4.305, "bus_v_mean": 23.2036, "bus_v_std": 11.0469, "car_acc": 1.0699, "car_dcc": 1.1056, "car_lcAssertive": 14.3061, "car_lcCooperative": 0.7876, "car_lcLookaheadLeft": 35.5834, "car_lcPushy": 0.4899, "car_lcSigma": 0.1288, "car_lcSpeedGainRight": 3.9632, "car_lcSublane": 0.7504, "car_sigma": 0.5508, "car_tau_mean": 3.7894, "car_tau_std": 5.3316, "car_v_mean": 20.4166, "car_v_std": 10.0563}, "datetime": {"datetime": "2024-08-08 13:01:58", "elapsed": 905.88128, "delta": 2.085817}}
{"target": -0.34711762599724594, "params": {"bus_acc": 2.2413, "bus_dcc": 1.7324, "bus_lcAssertive": 3.7876, "bus_lcCooperative": 0.2652, "bus_lcLookaheadLeft": 15.3769, "bus_lcPushy": 0.1735, "bus_lcSigma": 0.9566, "bus_lcSpeedGainRight": 3.1303, "bus_lcSublane": 0.363, "bus_sigma": 0.4646, "bus_tau_mean": 1.0804, "bus_tau_std": 0.1877, "bus_v_mean": 17.7101, "bus_v_std": 3.6588, "car_acc": 3.3578, "car_dcc": 1.5632, "car_lcAssertive": 34.888, "car_lcCooperative": 0.6604, "car_lcLookaheadLeft": 90.7839, "car_lcPushy": 0.8385, "car_lcSigma": 0.6826, "car_lcSpeedGainRight": 3.4795, "car_lcSublane": 0.5295, "car_sigma": 0.4366, "car_tau_mean": 1.774, "car_tau_std": 0.9173, "car_v_mean": 15.2896, "car_v_std": 12.2756}, "datetime": {"datetime": "2024-08-08 13:02:00", "elapsed": 908.046949, "delta": 2.165669}}
{"target": -0.3933198306678255, "params": {"bus_acc": 1.7842, "bus_dcc": 1.6151, "bus_lcAssertive": 10.9841, "bus_lcCooperative": 0.784, "bus_lcLookaheadLeft": 14.6808, "bus_lcPushy": 0.6352, "bus_lcSigma": 0.9282, "bus_lcSpeedGainRight": 3.1422, "bus_lcSublane": 0.9043, "bus_sigma": 0.423, "bus_tau_mean": 3.7099, "bus_tau_std": 5.69, "bus_v_mean": 11.2106, "bus_v_std": 15.4709, "car_acc": 1.8376, "car_dcc": 2.9339, "car_lcAssertive": 85.5678, "car_lcCooperative": 0.0234, "car_lcLookaheadLeft": 41.7757, "car_lcPushy": 0.7604, "car_lcSigma": 0.7442, "car_lcSpeedGainRight": 3.5639, "car_lcSublane": 0.2436, "car_sigma": 0.6095, "car_tau_mean": 0.6717, "car_tau_std": 4.5184, "car_v_mean": 18.6539, "car_v_std": 7.5216}, "datetime": {"datetime": "2024-08-08 13:02:02", "elapsed": 909.997655, "delta": 1.950706}}
{"target": -0.35132601674786534, "params": {"bus_acc": 3.3324, "bus_dcc": 3.0999, "bus_lcAssertive": 29.9444, "bus_lcCooperative": 0.8636, "bus_lcLookaheadLeft": 98.5622, "bus_lcPushy": 0.2471, "bus_lcSigma": 0.136, "bus_lcSpeedGainRight": 3.1614, "bus_lcSublane": 0.1026, "bus_sigma": 0.6581, "bus_tau_mean": 0.5178, "bus_tau_std": 7.7126, "bus_v_mean": 17.2554, "bus_v_std": 15.4754, "car_acc": 3.388, "car_dcc": 2.3183, "car_lcAssertive": 40.3592, "car_lcCooperative": 0.2734, "car_lcLookaheadLeft": 27.6423, "car_lcPushy": 0.9213, "car_lcSigma": 0.0947, "car_lcSpeedGainRight": 2.0294, "car_lcSublane": 0.7363, "car_sigma": 0.6887, "car_tau_mean": 3.8002, "car_tau_std": 8.7165, "car_v_mean": 14.214, "car_v_std": 18.3532}, "datetime": {"datetime": "2024-08-08 13:02:04", "elapsed": 912.318847, "delta": 2.321192}}
{"target": -0.3671183598875438, "params": {"bus_acc": 4.6904, "bus_dcc": 2.4513, "bus_lcAssertive": 68.8149, "bus_lcCooperative": 0.3758, "bus_lcLookaheadLeft": 26.3425, "bus_lcPushy": 0.8627, "bus_lcSigma": 0.5549, "bus_lcSpeedGainRight": 1.5151, "bus_lcSublane": 0.7964, "bus_sigma": 0.0949, "bus_tau_mean": 0.6991, "bus_tau_std": 6.8071, "bus_v_mean": 13.2556, "bus_v_std": 7.1377, "car_acc": 1.8691, "car_dcc": 3.843, "car_lcAssertive": 33.8512, "car_lcCooperative": 0.9177, "car_lcLookaheadLeft": 99.1614, "car_lcPushy": 0.4976, "car_lcSigma": 0.4495, "car_lcSpeedGainRight": 1.0131, "car_lcSublane": 0.9358, "car_sigma": 0.5109, "car_tau_mean": 1.187, "car_tau_std": 6.8106, "car_v_mean": 16.2232, "car_v_std": 5.8305}, "datetime": {"datetime": "2024-08-08 13:02:07", "elapsed": 914.96356, "delta": 2.644713}}
{"target": -0.34504352658447457, "params": {"bus_acc": 2.7235, "bus_dcc": 2.5465, "bus_lcAssertive": 17.313, "bus_lcCooperative": 0.1852, "bus_lcLookaheadLeft": 75.8861, "bus_lcPushy": 0.1026, "bus_lcSigma": 0.7832, "bus_lcSpeedGainRight": 1.918, "bus_lcSublane": 0.4712, "bus_sigma": 0.1406, "bus_tau_mean": 3.9163, "bus_tau_std": 9.6476, "bus_v_mean": 17.3394, "bus_v_std": 15.1146, "car_acc": 2.3884, "car_dcc": 1.1205, "car_lcAssertive": 41.3622, "car_lcCooperative": 0.1638, "car_lcLookaheadLeft": 72.4324, "car_lcPushy": 0.9387, "car_lcSigma": 0.8515, "car_lcSpeedGainRight": 0.8581, "car_lcSublane": 0.0946, "car_sigma": 0.688, "car_tau_mean": 0.7637, "car_tau_std": 3.7359, "car_v_mean": 14.474, "car_v_std": 3.3775}, "datetime": {"datetime": "2024-08-08 13:02:10", "elapsed": 917.728182, "delta": 2.764622}}
{"target": -0.3154460206567511, "params": {"bus_acc": 3.8285, "bus_dcc": 1.6881, "bus_lcAssertive": 81.7482, "bus_lcCooperative": 0.3626, "bus_lcLookaheadLeft": 9.067, "bus_lcPushy": 0.2613, "bus_lcSigma": 0.9095, "bus_lcSpeedGainRight": 4.0581, "bus_lcSublane": 0.2736, "bus_sigma": 0.7624, "bus_tau_mean": 3.0344, "bus_tau_std": 4.2502, "bus_v_mean": 15.2334, "bus_v_std": 12.2319, "car_acc": 1.722, "car_dcc": 1.2627, "car_lcAssertive": 28.0018, "car_lcCooperative": 0.2995, "car_lcLookaheadLeft": 69.8572, "car_lcPushy": 0.4356, "car_lcSigma": 0.3171, "car_lcSpeedGainRight": 3.3179, "car_lcSublane": 0.1217, "car_sigma": 0.3329, "car_tau_mean": 1.5838, "car_tau_std": 2.3796, "car_v_mean": 10.2592, "car_v_std": 16.9852}, "datetime": {"datetime": "2024-08-08 13:02:13", "elapsed": 920.518588, "delta": 2.790406}}
{"target": -0.3469587824367887, "params": {"bus_acc": 4.9069, "bus_dcc": 2.4723, "bus_lcAssertive": 70.606, "bus_lcCooperative": 0.6311, "bus_lcLookaheadLeft": 22.7613, "bus_lcPushy": 0.8497, "bus_lcSigma": 0.2612, "bus_lcSpeedGainRight": 0.5762, "bus_lcSublane": 0.416, "bus_sigma": 0.9926, "bus_tau_mean": 1.3277, "bus_tau_std": 4.3228, "bus_v_mean": 20.6864, "bus_v_std": 13.4911, "car_acc": 1.356, "car_dcc": 1.4181, "car_lcAssertive": 38.7581, "car_lcCooperative": 0.3661, "car_lcLookaheadLeft": 83.2846, "car_lcPushy": 0.3069, "car_lcSigma": 0.7845, "car_lcSpeedGainRight": 1.3444, "car_lcSublane": 0.5782, "car_sigma": 0.0138, "car_tau_mean": 1.236, "car_tau_std": 7.6093, "car_v_mean": 19.5802, "car_v_std": 11.59}, "datetime": {"datetime": "2024-08-08 13:02:15", "elapsed": 923.398108, "delta": 2.87952}}
{"target": -0.3434475797718275, "params": {"bus_acc": 1.9669, "bus_dcc": 2.4226, "bus_lcAssertive": 96.7615, "bus_lcCooperative": 0.2691, "bus_lcLookaheadLeft": 10.7023, "bus_lcPushy": 0.5175, "bus_lcSigma": 0.5196, "bus_lcSpeedGainRight": 3.0722, "bus_lcSublane": 0.4668, "bus_sigma": 0.4014, "bus_tau_mean": 1.093, "bus_tau_std": 1.6135, "bus_v_mean": 15.6366, "bus_v_std": 9.6446, "car_acc": 2.6992, "car_dcc": 1.936, "car_lcAssertive": 66.8333, "car_lcCooperative": 0.3946, "car_lcLookaheadLeft": 90.6096, "car_lcPushy": 0.7043, "car_lcSigma": 0.9147, "car_lcSpeedGainRight": 2.6924, "car_lcSublane": 0.531, "car_sigma": 0.7008, "car_tau_mean": 2.1746, "car_tau_std": 2.1494, "car_v_mean": 15.407, "car_v_std": 13.1237}, "datetime": {"datetime": "2024-08-08 13:02:18", "elapsed": 925.576188, "delta": 2.17808}}
{"target": -0.3441253942304977, "params": {"bus_acc": 3.9377, "bus_dcc": 3.2657, "bus_lcAssertive": 17.2765, "bus_lcCooperative": 0.4433, "bus_lcLookaheadLeft": 28.8536, "bus_lcPushy": 0.5926, "bus_lcSigma": 0.569, "bus_lcSpeedGainRight": 2.1935, "bus_lcSublane": 0.5083, "bus_sigma": 0.2679, "bus_tau_mean": 1.0012, "bus_tau_std": 8.6297, "bus_v_mean": 9.6918, "bus_v_std": 17.4016, "car_acc": 3.3056, "car_dcc": 1.4042, "car_lcAssertive": 57.3288, "car_lcCooperative": 0.0167, "car_lcLookaheadLeft": 21.5043, "car_lcPushy": 0.6145, "car_lcSigma": 0.8937, "car_lcSpeedGainRight": 3.776, "car_lcSublane": 0.4486, "car_sigma": 0.6482, "car_tau_mean": 3.5732, "car_tau_std": 5.5077, "car_v_mean": 13.1982, "car_v_std": 6.0669}, "datetime": {"datetime": "2024-08-08 13:02:19", "elapsed": 927.352739, "delta": 1.776551}}
{"target": -0.3484143629471015, "params": {"bus_acc": 3.5922, "bus_dcc": 1.0185, "bus_lcAssertive": 72.4405, "bus_lcCooperative": 0.4081, "bus_lcLookaheadLeft": 25.5973, "bus_lcPushy": 0.9372, "bus_lcSigma": 0.2878, "bus_lcSpeedGainRight": 3.6752, "bus_lcSublane": 0.7394, "bus_sigma": 0.6771, "bus_tau_mean": 3.0051, "bus_tau_std": 2.2667, "bus_v_mean": 14.5466, "bus_v_std": 11.2812, "car_acc": 1.1946, "car_dcc": 2.7379, "car_lcAssertive": 13.8014, "car_lcCooperative": 0.255, "car_lcLookaheadLeft": 12.5431, "car_lcPushy": 0.526, "car_lcSigma": 0.243, "car_lcSpeedGainRight": 0.8699, "car_lcSublane": 0.1663, "car_sigma": 0.0357, "car_tau_mean": 2.4338, "car_tau_std": 5.4356, "car_v_mean": 10.7323, "car_v_std": 0.7784}, "datetime": {"datetime": "2024-08-08 13:02:21", "elapsed": 929.275986, "delta": 1.923247}}
{"target": -0.29888845260331853, "params": {"bus_acc": 1.8919, "bus_dcc": 2.2247, "bus_lcAssertive": 80.0605, "bus_lcCooperative": 0.6663, "bus_lcLookaheadLeft": 24.6525, "bus_lcPushy": 0.5189, "bus_lcSigma": 0.6951, "bus_lcSpeedGainRight": 3.5427, "bus_lcSublane": 0.5426, "bus_sigma": 0.5204, "bus_tau_mean": 1.601, "bus_tau_std": 1.7826, "bus_v_mean": 10.8894, "bus_v_std": 13.9015, "car_acc": 3.8885, "car_dcc": 3.1059, "car_lcAssertive": 1.5393, "car_lcCooperative": 0.3768, "car_lcLookaheadLeft": 14.0801, "car_lcPushy": 0.4383, "car_lcSigma": 0.7544, "car_lcSpeedGainRight": 2.4629, "car_lcSublane": 0.3591, "car_sigma": 0.736, "car_tau_mean": 3.8124, "car_tau_std": 2.5474, "car_v_mean": 21.2223, "car_v_std": 19.0186}, "datetime": {"datetime": "2024-08-08 13:02:24", "elapsed": 931.718917, "delta": 2.442931}}
