{"target": -0.052876140359265446, "params": {"bus_acc": 1.32, "bus_dcc": 2.11, "bus_lcAssertive": 52.3, "bus_lcCooperative": 0.38, "bus_lcLookaheadLeft": 29.99, "bus_lcPushy": 0.75, "bus_lcSublane": 0.31, "bus_max_v": 12.05, "bus_tau_mean": 3.5, "bus_tau_std": 9.77, "car_acc": 2.12, "car_dcc": 3.54, "car_lcAssertive": 64.59, "car_lcCooperative": 0.15, "car_lcLookaheadLeft": 28.26, "car_lcPushy": 0.97, "car_lcSublane": 0.46, "car_max_v": 19.15, "car_tau_mean": 1.36, "car_tau_std": 7.54}, "datetime": {"datetime": "2024-08-04 12:06:57", "elapsed": 1891.617589, "delta": 2.751171}}
{"target": -0.040191518560110114, "params": {"bus_acc": 2.14, "bus_dcc": 2.22, "bus_lcAssertive": 74.2, "bus_lcCooperative": 0.6, "bus_lcLookaheadLeft": 50.03, "bus_lcPushy": 0.31, "bus_lcSublane": 0.52, "bus_max_v": 22.61, "bus_tau_mean": 1.64, "bus_tau_std": 3.23, "car_acc": 1.04, "car_dcc": 3.25, "car_lcAssertive": 46.02, "car_lcCooperative": 0.07, "car_lcLookaheadLeft": 75.63, "car_lcPushy": 0.83, "car_lcSublane": 0.6, "car_max_v": 14.87, "car_tau_mean": 3.68, "car_tau_std": 3.88}, "datetime": {"datetime": "2024-08-04 12:07:05", "elapsed": 1899.517992, "delta": 7.900403}}
{"target": -0.04947532999949409, "params": {"bus_acc": 2.57, "bus_dcc": 2.84, "bus_lcAssertive": 93.23, "bus_lcCooperative": 0.42, "bus_lcLookaheadLeft": 58.54, "bus_lcPushy": 0.88, "bus_lcSublane": 0.29, "bus_max_v": 29.32, "bus_tau_mean": 1.1, "bus_tau_std": 2.27, "car_acc": 2.39, "car_dcc": 1.86, "car_lcAssertive": 7.18, "car_lcCooperative": 0.1, "car_lcLookaheadLeft": 52.4, "car_lcPushy": 0.99, "car_lcSublane": 0.02, "car_max_v": 14.23, "car_tau_mean": 2.91, "car_tau_std": 9.86}, "datetime": {"datetime": "2024-08-04 12:07:07", "elapsed": 1901.932944, "delta": 2.414952}}
{"target": -0.04417761109130694, "params": {"bus_acc": 1.73, "bus_dcc": 3.32, "bus_lcAssertive": 12.17, "bus_lcCooperative": 0.21, "bus_lcLookaheadLeft": 48.59, "bus_lcPushy": 0.31, "bus_lcSublane": 0.8, "bus_max_v": 12.94, "bus_tau_mean": 2.51, "bus_tau_std": 8.22, "car_acc": 2.77, "car_dcc": 2.58, "car_lcAssertive": 12.29, "car_lcCooperative": 0.1, "car_lcLookaheadLeft": 45.94, "car_lcPushy": 0.88, "car_lcSublane": 0.91, "car_max_v": 8.97, "car_tau_mean": 1.12, "car_tau_std": 4.64}, "datetime": {"datetime": "2024-08-04 12:07:20", "elapsed": 1914.842249, "delta": 12.909305}}
{"target": -0.056700862119894675, "params": {"bus_acc": 1.9, "bus_dcc": 2.5, "bus_lcAssertive": 88.82, "bus_lcCooperative": 0.9, "bus_lcLookaheadLeft": 46.99, "bus_lcPushy": 0.51, "bus_lcSublane": 0.93, "bus_max_v": 23.1, "bus_tau_mean": 0.86, "bus_tau_std": 6.12, "car_acc": 2.43, "car_dcc": 2.24, "car_lcAssertive": 74.88, "car_lcCooperative": 0.45, "car_lcLookaheadLeft": 3.33, "car_lcPushy": 0.14, "car_lcSublane": 0.68, "car_max_v": 21.41, "car_tau_mean": 3.02, "car_tau_std": 3.13}, "datetime": {"datetime": "2024-08-04 12:07:22", "elapsed": 1916.996261, "delta": 2.154012}}
{"target": -0.05030745418491401, "params": {"bus_acc": 2.43, "bus_dcc": 3.19, "bus_lcAssertive": 28.35, "bus_lcCooperative": 0.51, "bus_lcLookaheadLeft": 26.59, "bus_lcPushy": 0.22, "bus_lcSublane": 0.9, "bus_max_v": 9.18, "bus_tau_mean": 2.37, "bus_tau_std": 8.8, "car_acc": 1.51, "car_dcc": 3.16, "car_lcAssertive": 16.67, "car_lcCooperative": 0.51, "car_lcLookaheadLeft": 20.57, "car_lcPushy": 0.55, "car_lcSublane": 0.51, "car_max_v": 14.9, "car_tau_mean": 2.97, "car_tau_std": 7.09}, "datetime": {"datetime": "2024-08-04 12:07:51", "elapsed": 1945.530779, "delta": 28.534518}}
{"target": -0.05217619066393462, "params": {"bus_acc": 1.21, "bus_dcc": 1.79, "bus_lcAssertive": 46.8, "bus_lcCooperative": 0.66, "bus_lcLookaheadLeft": 92.71, "bus_lcPushy": 0.3, "bus_lcSublane": 0.96, "bus_max_v": 9.4, "bus_tau_mean": 1.21, "bus_tau_std": 9.34, "car_acc": 2.73, "car_dcc": 1.7, "car_lcAssertive": 17.94, "car_lcCooperative": 0.91, "car_lcLookaheadLeft": 32.96, "car_lcPushy": 0.26, "car_lcSublane": 0.48, "car_max_v": 18.85, "car_tau_mean": 0.92, "car_tau_std": 5.1}, "datetime": {"datetime": "2024-08-04 12:08:23", "elapsed": 1977.521742, "delta": 31.990963}}
{"target": -0.028699703316175707, "params": {"bus_acc": 1.98, "bus_dcc": 1.27, "bus_lcAssertive": 20.85, "bus_lcCooperative": 0.19, "bus_lcLookaheadLeft": 88.71, "bus_lcPushy": 0.25, "bus_lcSublane": 0.93, "bus_max_v": 13.19, "bus_tau_mean": 1.92, "bus_tau_std": 2.33, "car_acc": 2.86, "car_dcc": 2.07, "car_lcAssertive": 2.41, "car_lcCooperative": 0.92, "car_lcLookaheadLeft": 92.72, "car_lcPushy": 0.05, "car_lcSublane": 0.62, "car_max_v": 8.11, "car_tau_mean": 2.85, "car_tau_std": 8.05}, "datetime": {"datetime": "2024-08-04 12:08:31", "elapsed": 1985.381382, "delta": 7.85964}}
{"target": -0.038509561981757756, "params": {"bus_acc": 2.42, "bus_dcc": 2.22, "bus_lcAssertive": 38.18, "bus_lcCooperative": 0.14, "bus_lcLookaheadLeft": 48.65, "bus_lcPushy": 0.29, "bus_lcSublane": 0.84, "bus_max_v": 8.06, "bus_tau_mean": 1.59, "bus_tau_std": 8.43, "car_acc": 1.14, "car_dcc": 3.76, "car_lcAssertive": 27.94, "car_lcCooperative": 0.7, "car_lcLookaheadLeft": 18.11, "car_lcPushy": 0.29, "car_lcSublane": 0.06, "car_max_v": 24.71, "car_tau_mean": 3.76, "car_tau_std": 0.2}, "datetime": {"datetime": "2024-08-04 12:08:38", "elapsed": 1992.929077, "delta": 7.547695}}
{"target": -0.05195020593619287, "params": {"bus_acc": 1.72, "bus_dcc": 2.65, "bus_lcAssertive": 8.89, "bus_lcCooperative": 0.97, "bus_lcLookaheadLeft": 13.77, "bus_lcPushy": 0.45, "bus_lcSublane": 0.8, "bus_max_v": 9.9, "bus_tau_mean": 2.02, "bus_tau_std": 2.38, "car_acc": 1.78, "car_dcc": 1.5, "car_lcAssertive": 32.31, "car_lcCooperative": 0.46, "car_lcLookaheadLeft": 59.68, "car_lcPushy": 0.75, "car_lcSublane": 0.08, "car_max_v": 16.25, "car_tau_mean": 2.63, "car_tau_std": 5.34}, "datetime": {"datetime": "2024-08-04 12:08:41", "elapsed": 1995.535403, "delta": 2.606326}}
{"target": -0.054287824799981794, "params": {"bus_acc": 1.91, "bus_dcc": 3.36, "bus_lcAssertive": 70.82, "bus_lcCooperative": 0.62, "bus_lcLookaheadLeft": 15.9, "bus_lcPushy": 0.2, "bus_lcSublane": 0.34, "bus_max_v": 18.76, "bus_tau_mean": 3.98, "bus_tau_std": 6.69, "car_acc": 1.53, "car_dcc": 1.38, "car_lcAssertive": 45.04, "car_lcCooperative": 0.84, "car_lcLookaheadLeft": 34.36, "car_lcPushy": 0.61, "car_lcSublane": 0.91, "car_max_v": 15.37, "car_tau_mean": 0.63, "car_tau_std": 0.49}, "datetime": {"datetime": "2024-08-04 12:09:00", "elapsed": 2014.735826, "delta": 19.200423}}
{"target": -0.03899968228647544, "params": {"bus_acc": 1.15, "bus_dcc": 2.44, "bus_lcAssertive": 21.98, "bus_lcCooperative": 0.65, "bus_lcLookaheadLeft": 81.48, "bus_lcPushy": 0.36, "bus_lcSublane": 0.36, "bus_max_v": 19.14, "bus_tau_mean": 2.3, "bus_tau_std": 4.11, "car_acc": 1.1, "car_dcc": 1.83, "car_lcAssertive": 53.63, "car_lcCooperative": 0.51, "car_lcLookaheadLeft": 12.86, "car_lcPushy": 0.39, "car_lcSublane": 0.85, "car_max_v": 13.85, "car_tau_mean": 2.63, "car_tau_std": 8.95}, "datetime": {"datetime": "2024-08-04 12:09:14", "elapsed": 2028.527911, "delta": 13.792085}}
{"target": -0.051627950030432114, "params": {"bus_acc": 1.5, "bus_dcc": 1.31, "bus_lcAssertive": 64.43, "bus_lcCooperative": 0.71, "bus_lcLookaheadLeft": 77.78, "bus_lcPushy": 0.71, "bus_lcSublane": 0.19, "bus_max_v": 16.75, "bus_tau_mean": 3.06, "bus_tau_std": 0.34, "car_acc": 2.69, "car_dcc": 1.62, "car_lcAssertive": 75.3, "car_lcCooperative": 0.63, "car_lcLookaheadLeft": 39.03, "car_lcPushy": 0.14, "car_lcSublane": 0.34, "car_max_v": 16.13, "car_tau_mean": 1.26, "car_tau_std": 3.05}, "datetime": {"datetime": "2024-08-04 12:09:25", "elapsed": 2040.027342, "delta": 11.499431}}
{"target": -0.05890952771573748, "params": {"bus_acc": 2.11, "bus_dcc": 2.92, "bus_lcAssertive": 82.12, "bus_lcCooperative": 0.66, "bus_lcLookaheadLeft": 26.83, "bus_lcPushy": 0.85, "bus_lcSublane": 0.96, "bus_max_v": 17.3, "bus_tau_mean": 1.65, "bus_tau_std": 2.24, "car_acc": 2.44, "car_dcc": 1.33, "car_lcAssertive": 94.9, "car_lcCooperative": 0.15, "car_lcLookaheadLeft": 94.53, "car_lcPushy": 0.21, "car_lcSublane": 0.03, "car_max_v": 25.95, "car_tau_mean": 2.53, "car_tau_std": 3.9}, "datetime": {"datetime": "2024-08-04 12:09:37", "elapsed": 2051.63507, "delta": 11.607728}}
{"target": -0.043262343088926104, "params": {"bus_acc": 1.94, "bus_dcc": 1.12, "bus_lcAssertive": 14.77, "bus_lcCooperative": 0.18, "bus_lcLookaheadLeft": 66.38, "bus_lcPushy": 0.47, "bus_lcSublane": 0.92, "bus_max_v": 18.5, "bus_tau_mean": 3.51, "bus_tau_std": 3.09, "car_acc": 2.13, "car_dcc": 2.82, "car_lcAssertive": 74.22, "car_lcCooperative": 0.42, "car_lcLookaheadLeft": 67.62, "car_lcPushy": 0.71, "car_lcSublane": 0.75, "car_max_v": 9.7, "car_tau_mean": 0.62, "car_tau_std": 5.66}, "datetime": {"datetime": "2024-08-04 12:09:41", "elapsed": 2055.742058, "delta": 4.106988}}
{"target": -0.055761867258461696, "params": {"bus_acc": 1.49, "bus_dcc": 2.0, "bus_lcAssertive": 7.95, "bus_lcCooperative": 0.1, "bus_lcLookaheadLeft": 66.34, "bus_lcPushy": 0.53, "bus_lcSublane": 0.28, "bus_max_v": 13.01, "bus_tau_mean": 2.62, "bus_tau_std": 4.75, "car_acc": 2.35, "car_dcc": 3.83, "car_lcAssertive": 77.5, "car_lcCooperative": 0.43, "car_lcLookaheadLeft": 40.24, "car_lcPushy": 0.07, "car_lcSublane": 0.46, "car_max_v": 25.23, "car_tau_mean": 3.97, "car_tau_std": 9.87}, "datetime": {"datetime": "2024-08-04 12:09:47", "elapsed": 2061.203068, "delta": 5.46101}}
{"target": -0.055281050037106615, "params": {"bus_acc": 1.44, "bus_dcc": 2.47, "bus_lcAssertive": 71.06, "bus_lcCooperative": 0.84, "bus_lcLookaheadLeft": 87.13, "bus_lcPushy": 0.36, "bus_lcSublane": 0.23, "bus_max_v": 28.75, "bus_tau_mean": 1.81, "bus_tau_std": 3.55, "car_acc": 2.96, "car_dcc": 1.17, "car_lcAssertive": 68.69, "car_lcCooperative": 0.56, "car_lcLookaheadLeft": 87.92, "car_lcPushy": 0.26, "car_lcSublane": 0.54, "car_max_v": 22.1, "car_tau_mean": 3.48, "car_tau_std": 1.49}, "datetime": {"datetime": "2024-08-04 12:09:51", "elapsed": 2065.440581, "delta": 4.237513}}
{"target": -0.036620561511850176, "params": {"bus_acc": 2.51, "bus_dcc": 2.91, "bus_lcAssertive": 84.02, "bus_lcCooperative": 0.45, "bus_lcLookaheadLeft": 46.19, "bus_lcPushy": 0.68, "bus_lcSublane": 0.72, "bus_max_v": 29.47, "bus_tau_mean": 2.77, "bus_tau_std": 0.44, "car_acc": 2.56, "car_dcc": 1.22, "car_lcAssertive": 97.17, "car_lcCooperative": 0.56, "car_lcLookaheadLeft": 58.24, "car_lcPushy": 0.66, "car_lcSublane": 0.02, "car_max_v": 8.28, "car_tau_mean": 3.07, "car_tau_std": 1.53}, "datetime": {"datetime": "2024-08-04 12:09:56", "elapsed": 2070.591614, "delta": 5.151033}}
{"target": -0.0531980789283882, "params": {"bus_acc": 1.63, "bus_dcc": 2.56, "bus_lcAssertive": 59.97, "bus_lcCooperative": 0.19, "bus_lcLookaheadLeft": 90.44, "bus_lcPushy": 0.11, "bus_lcSublane": 0.24, "bus_max_v": 10.5, "bus_tau_mean": 2.21, "bus_tau_std": 8.55, "car_acc": 2.73, "car_dcc": 1.2, "car_lcAssertive": 17.17, "car_lcCooperative": 0.49, "car_lcLookaheadLeft": 5.07, "car_lcPushy": 0.03, "car_lcSublane": 0.58, "car_max_v": 24.96, "car_tau_mean": 0.64, "car_tau_std": 2.98}, "datetime": {"datetime": "2024-08-04 12:10:01", "elapsed": 2075.418684, "delta": 4.82707}}
{"target": -0.051082567847819366, "params": {"bus_acc": 2.89, "bus_dcc": 3.89, "bus_lcAssertive": 11.7, "bus_lcCooperative": 0.8, "bus_lcLookaheadLeft": 37.26, "bus_lcPushy": 0.95, "bus_lcSublane": 0.78, "bus_max_v": 29.36, "bus_tau_mean": 1.48, "bus_tau_std": 9.13, "car_acc": 2.18, "car_dcc": 3.96, "car_lcAssertive": 32.61, "car_lcCooperative": 0.47, "car_lcLookaheadLeft": 16.47, "car_lcPushy": 0.4, "car_lcSublane": 0.63, "car_max_v": 15.35, "car_tau_mean": 0.97, "car_tau_std": 5.88}, "datetime": {"datetime": "2024-08-04 12:10:10", "elapsed": 2084.50799, "delta": 9.089306}}
{"target": -0.050643025565575865, "params": {"bus_acc": 1.45, "bus_dcc": 2.97, "bus_lcAssertive": 94.81, "bus_lcCooperative": 0.34, "bus_lcLookaheadLeft": 84.4, "bus_lcPushy": 0.37, "bus_lcSublane": 0.32, "bus_max_v": 9.31, "bus_tau_mean": 2.79, "bus_tau_std": 4.1, "car_acc": 2.05, "car_dcc": 1.45, "car_lcAssertive": 94.97, "car_lcCooperative": 0.92, "car_lcLookaheadLeft": 70.96, "car_lcPushy": 0.45, "car_lcSublane": 0.13, "car_max_v": 13.96, "car_tau_mean": 1.78, "car_tau_std": 4.18}, "datetime": {"datetime": "2024-08-04 12:10:12", "elapsed": 2086.740061, "delta": 2.232071}}
{"target": -0.05310345991240597, "params": {"bus_acc": 1.19, "bus_dcc": 1.59, "bus_lcAssertive": 34.6, "bus_lcCooperative": 0.8, "bus_lcLookaheadLeft": 63.9, "bus_lcPushy": 0.02, "bus_lcSublane": 0.83, "bus_max_v": 14.94, "bus_tau_mean": 1.68, "bus_tau_std": 8.48, "car_acc": 2.31, "car_dcc": 2.42, "car_lcAssertive": 34.4, "car_lcCooperative": 0.34, "car_lcLookaheadLeft": 36.94, "car_lcPushy": 0.43, "car_lcSublane": 0.29, "car_max_v": 29.0, "car_tau_mean": 2.97, "car_tau_std": 9.65}, "datetime": {"datetime": "2024-08-04 12:10:20", "elapsed": 2094.625932, "delta": 7.885871}}
{"target": -0.04898149249001069, "params": {"bus_acc": 1.51, "bus_dcc": 2.65, "bus_lcAssertive": 40.28, "bus_lcCooperative": 0.24, "bus_lcLookaheadLeft": 91.5, "bus_lcPushy": 0.01, "bus_lcSublane": 0.46, "bus_max_v": 28.14, "bus_tau_mean": 1.55, "bus_tau_std": 3.4, "car_acc": 2.03, "car_dcc": 2.27, "car_lcAssertive": 37.51, "car_lcCooperative": 0.89, "car_lcLookaheadLeft": 35.83, "car_lcPushy": 0.59, "car_lcSublane": 0.52, "car_max_v": 10.1, "car_tau_mean": 3.38, "car_tau_std": 9.88}, "datetime": {"datetime": "2024-08-04 12:10:23", "elapsed": 2098.029819, "delta": 3.403887}}
{"target": -0.05678924521335052, "params": {"bus_acc": 2.25, "bus_dcc": 2.13, "bus_lcAssertive": 85.96, "bus_lcCooperative": 0.01, "bus_lcLookaheadLeft": 17.34, "bus_lcPushy": 0.04, "bus_lcSublane": 0.34, "bus_max_v": 18.65, "bus_tau_mean": 3.77, "bus_tau_std": 9.9, "car_acc": 2.06, "car_dcc": 1.3, "car_lcAssertive": 29.39, "car_lcCooperative": 0.88, "car_lcLookaheadLeft": 81.66, "car_lcPushy": 0.79, "car_lcSublane": 0.25, "car_max_v": 23.62, "car_tau_mean": 1.34, "car_tau_std": 2.97}, "datetime": {"datetime": "2024-08-04 12:10:26", "elapsed": 2100.473563, "delta": 2.443744}}
{"target": -0.05960507583775959, "params": {"bus_acc": 1.96, "bus_dcc": 1.86, "bus_lcAssertive": 95.86, "bus_lcCooperative": 0.44, "bus_lcLookaheadLeft": 69.42, "bus_lcPushy": 0.77, "bus_lcSublane": 0.89, "bus_max_v": 28.7, "bus_tau_mean": 2.14, "bus_tau_std": 9.57, "car_acc": 2.11, "car_dcc": 1.67, "car_lcAssertive": 85.48, "car_lcCooperative": 0.22, "car_lcLookaheadLeft": 73.72, "car_lcPushy": 0.28, "car_lcSublane": 0.9, "car_max_v": 28.47, "car_tau_mean": 1.71, "car_tau_std": 7.58}, "datetime": {"datetime": "2024-08-04 12:10:29", "elapsed": 2103.481244, "delta": 3.007681}}
{"target": -0.05426231485716496, "params": {"bus_acc": 1.81, "bus_dcc": 3.0, "bus_lcAssertive": 91.89, "bus_lcCooperative": 0.13, "bus_lcLookaheadLeft": 91.56, "bus_lcPushy": 0.13, "bus_lcSublane": 0.59, "bus_max_v": 11.02, "bus_tau_mean": 1.47, "bus_tau_std": 9.96, "car_acc": 1.79, "car_dcc": 1.82, "car_lcAssertive": 49.62, "car_lcCooperative": 0.32, "car_lcLookaheadLeft": 98.28, "car_lcPushy": 0.12, "car_lcSublane": 0.97, "car_max_v": 29.09, "car_tau_mean": 1.74, "car_tau_std": 8.1}, "datetime": {"datetime": "2024-08-04 12:10:36", "elapsed": 2110.925702, "delta": 7.444458}}
{"target": -0.05626569543062104, "params": {"bus_acc": 1.84, "bus_dcc": 2.43, "bus_lcAssertive": 16.24, "bus_lcCooperative": 0.44, "bus_lcLookaheadLeft": 21.51, "bus_lcPushy": 0.7, "bus_lcSublane": 0.63, "bus_max_v": 8.36, "bus_tau_mean": 2.96, "bus_tau_std": 5.34, "car_acc": 2.16, "car_dcc": 1.18, "car_lcAssertive": 77.86, "car_lcCooperative": 0.55, "car_lcLookaheadLeft": 25.6, "car_lcPushy": 0.83, "car_lcSublane": 0.23, "car_max_v": 13.94, "car_tau_mean": 3.15, "car_tau_std": 5.79}, "datetime": {"datetime": "2024-08-04 12:10:46", "elapsed": 2120.935452, "delta": 10.00975}}
{"target": -0.04340570033697385, "params": {"bus_acc": 1.13, "bus_dcc": 3.56, "bus_lcAssertive": 3.12, "bus_lcCooperative": 0.48, "bus_lcLookaheadLeft": 9.7, "bus_lcPushy": 0.05, "bus_lcSublane": 0.51, "bus_max_v": 12.05, "bus_tau_mean": 2.34, "bus_tau_std": 7.59, "car_acc": 1.7, "car_dcc": 2.42, "car_lcAssertive": 63.34, "car_lcCooperative": 0.53, "car_lcLookaheadLeft": 27.67, "car_lcPushy": 0.77, "car_lcSublane": 0.82, "car_max_v": 13.48, "car_tau_mean": 2.9, "car_tau_std": 1.5}, "datetime": {"datetime": "2024-08-04 12:11:02", "elapsed": 2137.014875, "delta": 16.079423}}
{"target": -0.043723777652006864, "params": {"bus_acc": 2.81, "bus_dcc": 1.34, "bus_lcAssertive": 69.26, "bus_lcCooperative": 0.45, "bus_lcLookaheadLeft": 32.66, "bus_lcPushy": 0.9, "bus_lcSublane": 0.23, "bus_max_v": 15.23, "bus_tau_mean": 3.75, "bus_tau_std": 5.11, "car_acc": 2.96, "car_dcc": 3.09, "car_lcAssertive": 10.27, "car_lcCooperative": 0.16, "car_lcLookaheadLeft": 29.11, "car_lcPushy": 0.69, "car_lcSublane": 0.3, "car_max_v": 10.58, "car_tau_mean": 2.3, "car_tau_std": 8.24}, "datetime": {"datetime": "2024-08-04 12:11:12", "elapsed": 2146.420819, "delta": 9.405944}}
{"target": -0.05108615029131102, "params": {"bus_acc": 1.42, "bus_dcc": 1.76, "bus_lcAssertive": 34.46, "bus_lcCooperative": 0.19, "bus_lcLookaheadLeft": 92.79, "bus_lcPushy": 0.66, "bus_lcSublane": 0.52, "bus_max_v": 12.11, "bus_tau_mean": 3.3, "bus_tau_std": 1.46, "car_acc": 2.0, "car_dcc": 1.66, "car_lcAssertive": 15.27, "car_lcCooperative": 0.41, "car_lcLookaheadLeft": 59.45, "car_lcPushy": 0.01, "car_lcSublane": 0.87, "car_max_v": 21.7, "car_tau_mean": 2.8, "car_tau_std": 0.23}, "datetime": {"datetime": "2024-08-04 12:11:28", "elapsed": 2162.938836, "delta": 16.518017}}
{"target": -0.055063452000877255, "params": {"bus_acc": 1.9, "bus_dcc": 3.89, "bus_lcAssertive": 36.0, "bus_lcCooperative": 0.74, "bus_lcLookaheadLeft": 7.52, "bus_lcPushy": 0.06, "bus_lcSublane": 0.41, "bus_max_v": 23.16, "bus_tau_mean": 3.93, "bus_tau_std": 6.8, "car_acc": 2.35, "car_dcc": 2.62, "car_lcAssertive": 34.32, "car_lcCooperative": 0.79, "car_lcLookaheadLeft": 30.86, "car_lcPushy": 0.45, "car_lcSublane": 0.77, "car_max_v": 16.51, "car_tau_mean": 2.53, "car_tau_std": 7.26}, "datetime": {"datetime": "2024-08-04 12:11:33", "elapsed": 2167.374542, "delta": 4.435706}}
{"target": -0.05622433724740886, "params": {"bus_acc": 1.99, "bus_dcc": 3.1, "bus_lcAssertive": 9.34, "bus_lcCooperative": 0.15, "bus_lcLookaheadLeft": 49.05, "bus_lcPushy": 0.3, "bus_lcSublane": 0.41, "bus_max_v": 14.27, "bus_tau_mean": 1.6, "bus_tau_std": 4.45, "car_acc": 2.19, "car_dcc": 2.48, "car_lcAssertive": 91.1, "car_lcCooperative": 0.96, "car_lcLookaheadLeft": 70.93, "car_lcPushy": 0.29, "car_lcSublane": 0.55, "car_max_v": 24.0, "car_tau_mean": 0.58, "car_tau_std": 4.52}, "datetime": {"datetime": "2024-08-04 12:11:43", "elapsed": 2177.309291, "delta": 9.934749}}
{"target": -0.051668736410377024, "params": {"bus_acc": 1.41, "bus_dcc": 2.41, "bus_lcAssertive": 88.71, "bus_lcCooperative": 0.0, "bus_lcLookaheadLeft": 28.33, "bus_lcPushy": 0.0, "bus_lcSublane": 0.32, "bus_max_v": 24.45, "bus_tau_mean": 2.94, "bus_tau_std": 7.63, "car_acc": 1.65, "car_dcc": 1.38, "car_lcAssertive": 39.51, "car_lcCooperative": 0.25, "car_lcLookaheadLeft": 31.54, "car_lcPushy": 0.5, "car_lcSublane": 0.85, "car_max_v": 27.71, "car_tau_mean": 2.52, "car_tau_std": 0.7}, "datetime": {"datetime": "2024-08-04 12:11:45", "elapsed": 2179.532687, "delta": 2.223396}}
{"target": -0.05676400097286405, "params": {"bus_acc": 1.9, "bus_dcc": 3.09, "bus_lcAssertive": 60.8, "bus_lcCooperative": 0.98, "bus_lcLookaheadLeft": 97.25, "bus_lcPushy": 0.56, "bus_lcSublane": 0.01, "bus_max_v": 23.91, "bus_tau_mean": 1.59, "bus_tau_std": 8.21, "car_acc": 2.16, "car_dcc": 2.93, "car_lcAssertive": 95.22, "car_lcCooperative": 0.13, "car_lcLookaheadLeft": 58.13, "car_lcPushy": 0.05, "car_lcSublane": 0.87, "car_max_v": 20.28, "car_tau_mean": 2.56, "car_tau_std": 6.26}, "datetime": {"datetime": "2024-08-04 12:11:51", "elapsed": 2185.133104, "delta": 5.600417}}
{"target": -0.04320456008033804, "params": {"bus_acc": 2.1, "bus_dcc": 3.43, "bus_lcAssertive": 28.03, "bus_lcCooperative": 0.18, "bus_lcLookaheadLeft": 51.41, "bus_lcPushy": 0.18, "bus_lcSublane": 0.23, "bus_max_v": 21.66, "bus_tau_mean": 1.9, "bus_tau_std": 9.1, "car_acc": 2.16, "car_dcc": 3.36, "car_lcAssertive": 7.1, "car_lcCooperative": 0.17, "car_lcLookaheadLeft": 57.21, "car_lcPushy": 0.47, "car_lcSublane": 0.91, "car_max_v": 19.1, "car_tau_mean": 1.44, "car_tau_std": 6.13}, "datetime": {"datetime": "2024-08-04 12:12:04", "elapsed": 2198.483969, "delta": 13.350865}}
{"target": -0.05331256352080157, "params": {"bus_acc": 1.63, "bus_dcc": 2.35, "bus_lcAssertive": 75.56, "bus_lcCooperative": 0.02, "bus_lcLookaheadLeft": 41.24, "bus_lcPushy": 0.47, "bus_lcSublane": 0.64, "bus_max_v": 24.08, "bus_tau_mean": 1.77, "bus_tau_std": 5.55, "car_acc": 1.71, "car_dcc": 3.18, "car_lcAssertive": 78.12, "car_lcCooperative": 0.06, "car_lcLookaheadLeft": 16.01, "car_lcPushy": 0.02, "car_lcSublane": 0.44, "car_max_v": 24.36, "car_tau_mean": 1.91, "car_tau_std": 2.5}, "datetime": {"datetime": "2024-08-04 12:12:11", "elapsed": 2205.232949, "delta": 6.74898}}
{"target": -0.0585826141745845, "params": {"bus_acc": 1.74, "bus_dcc": 1.53, "bus_lcAssertive": 87.91, "bus_lcCooperative": 0.17, "bus_lcLookaheadLeft": 72.87, "bus_lcPushy": 0.72, "bus_lcSublane": 0.09, "bus_max_v": 25.79, "bus_tau_mean": 0.76, "bus_tau_std": 5.81, "car_acc": 2.64, "car_dcc": 3.41, "car_lcAssertive": 83.17, "car_lcCooperative": 0.16, "car_lcLookaheadLeft": 76.51, "car_lcPushy": 0.13, "car_lcSublane": 0.96, "car_max_v": 23.64, "car_tau_mean": 1.99, "car_tau_std": 2.92}, "datetime": {"datetime": "2024-08-04 12:12:14", "elapsed": 2208.380834, "delta": 3.147885}}
