{"target": -0.3032846184748266, "params": {"bus_acc": 1.2875, "bus_dcc": 3.7691, "bus_lcAssertive": 50.2755, "bus_lcCooperative": 0.0771, "bus_lcLookaheadLeft": 78.9588, "bus_lcPushy": 0.6992, "bus_lcSigma": 0.6556, "bus_lcSpeedGainRight": 0.5209, "bus_lcSublane": 0.484, "bus_sigma": 0.506, "bus_tau_mean": 0.8248, "bus_tau_std": 8.0635, "bus_v_mean": 14.257, "bus_v_std": 13.2889, "car_acc": 2.0258, "car_dcc": 2.5971, "car_lcAssertive": 85.5617, "car_lcCooperative": 0.0054, "car_lcLookaheadLeft": 24.0768, "car_lcPushy": 0.524, "car_lcSigma": 0.566, "car_lcSpeedGainRight": 0.8651, "car_lcSublane": 0.965, "car_sigma": 0.0382, "car_tau_mean": 1.6095, "car_tau_std": 6.8821, "car_v_mean": 9.6521, "car_v_std": 0.1033}, "datetime": {"datetime": "2024-08-08 00:23:27", "elapsed": 1226.816245, "delta": 2.093951}}
{"target": -0.34155518612540037, "params": {"bus_acc": 2.5573, "bus_dcc": 1.03, "bus_lcAssertive": 83.2975, "bus_lcCooperative": 0.3529, "bus_lcLookaheadLeft": 77.6608, "bus_lcPushy": 0.6515, "bus_lcSigma": 0.9963, "bus_lcSpeedGainRight": 0.2491, "bus_lcSublane": 0.3896, "bus_sigma": 0.5543, "bus_tau_mean": 1.4951, "bus_tau_std": 6.3976, "bus_v_mean": 19.2069, "bus_v_std": 3.9266, "car_acc": 1.1615, "car_dcc": 1.3198, "car_lcAssertive": 37.6196, "car_lcCooperative": 0.0378, "car_lcLookaheadLeft": 65.4668, "car_lcPushy": 0.1896, "car_lcSigma": 0.0942, "car_lcSpeedGainRight": 2.0758, "car_lcSublane": 0.6714, "car_sigma": 0.9827, "car_tau_mean": 2.6744, "car_tau_std": 6.8236, "car_v_mean": 14.0857, "car_v_std": 14.6411}, "datetime": {"datetime": "2024-08-08 00:23:30", "elapsed": 1229.185622, "delta": 2.369377}}
{"target": -0.34458328232368873, "params": {"bus_acc": 1.6852, "bus_dcc": 2.237, "bus_lcAssertive": 77.0291, "bus_lcCooperative": 0.241, "bus_lcLookaheadLeft": 87.0868, "bus_lcPushy": 0.7296, "bus_lcSigma": 0.6338, "bus_lcSpeedGainRight": 2.2328, "bus_lcSublane": 0.1816, "bus_sigma": 0.4152, "bus_tau_mean": 1.8367, "bus_tau_std": 1.6753, "bus_v_mean": 15.4685, "bus_v_std": 12.1854, "car_acc": 2.1873, "car_dcc": 1.7065, "car_lcAssertive": 13.4619, "car_lcCooperative": 0.2969, "car_lcLookaheadLeft": 64.3112, "car_lcPushy": 0.3179, "car_lcSigma": 0.6422, "car_lcSpeedGainRight": 2.4217, "car_lcSublane": 0.1361, "car_sigma": 0.5892, "car_tau_mean": 0.8696, "car_tau_std": 4.4623, "car_v_mean": 17.8253, "car_v_std": 9.6957}, "datetime": {"datetime": "2024-08-08 00:23:31", "elapsed": 1230.808321, "delta": 1.622699}}
{"target": -0.360645819687049, "params": {"bus_acc": 2.0408, "bus_dcc": 3.5881, "bus_lcAssertive": 10.5501, "bus_lcCooperative": 0.94, "bus_lcLookaheadLeft": 85.8206, "bus_lcPushy": 0.3701, "bus_lcSigma": 0.5367, "bus_lcSpeedGainRight": 2.2808, "bus_lcSublane": 0.7236, "bus_sigma": 0.3544, "bus_tau_mean": 1.3422, "bus_tau_std": 3.0095, "bus_v_mean": 12.6875, "bus_v_std": 8.2684, "car_acc": 1.7578, "car_dcc": 1.5379, "car_lcAssertive": 15.2012, "car_lcCooperative": 0.2332, "car_lcLookaheadLeft": 63.7651, "car_lcPushy": 0.4224, "car_lcSigma": 0.5502, "car_lcSpeedGainRight": 2.802, "car_lcSublane": 0.0334, "car_sigma": 0.7016, "car_tau_mean": 2.2361, "car_tau_std": 4.0723, "car_v_mean": 19.4665, "car_v_std": 3.3138}, "datetime": {"datetime": "2024-08-08 00:23:32", "elapsed": 1231.751366, "delta": 0.943045}}
{"target": -0.3593759636208149, "params": {"bus_acc": 1.8009, "bus_dcc": 2.2424, "bus_lcAssertive": 78.3866, "bus_lcCooperative": 0.3054, "bus_lcLookaheadLeft": 87.0103, "bus_lcPushy": 0.7318, "bus_lcSigma": 0.6726, "bus_lcSpeedGainRight": 2.1984, "bus_lcSublane": 0.1843, "bus_sigma": 0.3919, "bus_tau_mean": 2.1227, "bus_tau_std": 1.5008, "bus_v_mean": 15.9348, "bus_v_std": 11.6849, "car_acc": 2.2371, "car_dcc": 1.5748, "car_lcAssertive": 15.5381, "car_lcCooperative": 0.299, "car_lcLookaheadLeft": 62.8495, "car_lcPushy": 0.2612, "car_lcSigma": 0.6391, "car_lcSpeedGainRight": 2.5974, "car_lcSublane": 0.1099, "car_sigma": 0.6426, "car_tau_mean": 0.9347, "car_tau_std": 4.2746, "car_v_mean": 17.3685, "car_v_std": 9.3455}, "datetime": {"datetime": "2024-08-08 00:23:33", "elapsed": 1232.378076, "delta": 0.62671}}
{"target": -0.3706583372626583, "params": {"bus_acc": 1.4441, "bus_dcc": 2.8243, "bus_lcAssertive": 48.5804, "bus_lcCooperative": 0.9704, "bus_lcLookaheadLeft": 11.5185, "bus_lcPushy": 0.9195, "bus_lcSigma": 0.1002, "bus_lcSpeedGainRight": 2.7548, "bus_lcSublane": 0.614, "bus_sigma": 0.9622, "bus_tau_mean": 2.7632, "bus_tau_std": 7.2338, "bus_v_mean": 14.7543, "bus_v_std": 17.7638, "car_acc": 2.5592, "car_dcc": 3.9161, "car_lcAssertive": 12.5291, "car_lcCooperative": 0.2056, "car_lcLookaheadLeft": 31.326, "car_lcPushy": 0.5033, "car_lcSigma": 0.4063, "car_lcSpeedGainRight": 4.3918, "car_lcSublane": 0.4783, "car_sigma": 0.9845, "car_tau_mean": 2.6432, "car_tau_std": 3.9125, "car_v_mean": 15.7395, "car_v_std": 9.5541}, "datetime": {"datetime": "2024-08-08 00:23:34", "elapsed": 1233.835636, "delta": 1.45756}}
{"target": -0.35154851517872565, "params": {"bus_acc": 1.8636, "bus_dcc": 3.1198, "bus_lcAssertive": 20.7031, "bus_lcCooperative": 0.8535, "bus_lcLookaheadLeft": 81.3881, "bus_lcPushy": 0.9052, "bus_lcSigma": 0.6427, "bus_lcSpeedGainRight": 4.9176, "bus_lcSublane": 0.1013, "bus_sigma": 0.4932, "bus_tau_mean": 1.6756, "bus_tau_std": 0.8004, "bus_v_mean": 17.4477, "bus_v_std": 6.2885, "car_acc": 1.0338, "car_dcc": 3.1102, "car_lcAssertive": 90.3068, "car_lcCooperative": 0.0961, "car_lcLookaheadLeft": 16.3384, "car_lcPushy": 0.2482, "car_lcSigma": 0.418, "car_lcSpeedGainRight": 0.4776, "car_lcSublane": 0.463, "car_sigma": 0.0191, "car_tau_mean": 3.1367, "car_tau_std": 6.4341, "car_v_mean": 20.7477, "car_v_std": 10.9325}, "datetime": {"datetime": "2024-08-08 00:23:35", "elapsed": 1234.591681, "delta": 0.756045}}
{"target": -0.2968590884522608, "params": {"bus_acc": 1.0, "bus_dcc": 1.0, "bus_lcAssertive": 33.6614, "bus_lcCooperative": 1.0, "bus_lcLookaheadLeft": 31.5577, "bus_lcPushy": 0.9368, "bus_lcSigma": 0.7696, "bus_lcSpeedGainRight": 2.2029, "bus_lcSublane": 0.33, "bus_sigma": 0.2204, "bus_tau_mean": 2.7943, "bus_tau_std": 1.3153, "bus_v_mean": 10.0918, "bus_v_std": 12.7243, "car_acc": 3.0, "car_dcc": 2.8688, "car_lcAssertive": 33.988, "car_lcCooperative": 0.0118, "car_lcLookaheadLeft": 71.3922, "car_lcPushy": 0.9993, "car_lcSigma": 0.1747, "car_lcSpeedGainRight": 4.3756, "car_lcSublane": 0.3954, "car_sigma": 0.6196, "car_tau_mean": 2.1054, "car_tau_std": 3.5498, "car_v_mean": 11.029, "car_v_std": 8.2157}, "datetime": {"datetime": "2024-08-08 00:23:36", "elapsed": 1235.891206, "delta": 1.299525}}
{"target": -0.3358717115936344, "params": {"bus_acc": 2.9167, "bus_dcc": 3.2041, "bus_lcAssertive": 42.3116, "bus_lcCooperative": 0.4304, "bus_lcLookaheadLeft": 80.7789, "bus_lcPushy": 0.987, "bus_lcSigma": 0.6802, "bus_lcSpeedGainRight": 1.8001, "bus_lcSublane": 0.3655, "bus_sigma": 0.2224, "bus_tau_mean": 2.7841, "bus_tau_std": 1.2814, "bus_v_mean": 11.4966, "bus_v_std": 10.8174, "car_acc": 1.9552, "car_dcc": 1.8921, "car_lcAssertive": 54.0529, "car_lcCooperative": 0.0767, "car_lcLookaheadLeft": 20.5864, "car_lcPushy": 0.3655, "car_lcSigma": 0.0271, "car_lcSpeedGainRight": 2.4023, "car_lcSublane": 0.5201, "car_sigma": 0.4412, "car_tau_mean": 2.9811, "car_tau_std": 4.8706, "car_v_mean": 13.6845, "car_v_std": 3.1809}, "datetime": {"datetime": "2024-08-08 00:23:37", "elapsed": 1237.008022, "delta": 1.116816}}
{"target": -0.38552755868891997, "params": {"bus_acc": 2.8281, "bus_dcc": 3.2521, "bus_lcAssertive": 34.0378, "bus_lcCooperative": 0.4424, "bus_lcLookaheadLeft": 71.4601, "bus_lcPushy": 0.7144, "bus_lcSigma": 0.6927, "bus_lcSpeedGainRight": 3.8242, "bus_lcSublane": 0.162, "bus_sigma": 0.0029, "bus_tau_mean": 3.5381, "bus_tau_std": 5.5383, "bus_v_mean": 21.1748, "bus_v_std": 0.6024, "car_acc": 2.4825, "car_dcc": 3.9908, "car_lcAssertive": 99.1199, "car_lcCooperative": 0.4072, "car_lcLookaheadLeft": 77.9381, "car_lcPushy": 0.7177, "car_lcSigma": 0.5514, "car_lcSpeedGainRight": 4.0762, "car_lcSublane": 0.6101, "car_sigma": 0.8582, "car_tau_mean": 3.0153, "car_tau_std": 7.9444, "car_v_mean": 18.1261, "car_v_std": 4.9332}, "datetime": {"datetime": "2024-08-08 00:23:39", "elapsed": 1238.183757, "delta": 1.175735}}
{"target": -0.3495758161037887, "params": {"bus_acc": 2.6701, "bus_dcc": 1.017, "bus_lcAssertive": 47.5071, "bus_lcCooperative": 0.42, "bus_lcLookaheadLeft": 73.7923, "bus_lcPushy": 0.4949, "bus_lcSigma": 0.8818, "bus_lcSpeedGainRight": 0.2093, "bus_lcSublane": 0.7358, "bus_sigma": 0.2823, "bus_tau_mean": 2.3286, "bus_tau_std": 3.3853, "bus_v_mean": 20.5701, "bus_v_std": 5.6918, "car_acc": 2.3404, "car_dcc": 3.594, "car_lcAssertive": 20.2831, "car_lcCooperative": 0.5664, "car_lcLookaheadLeft": 74.9368, "car_lcPushy": 0.7046, "car_lcSigma": 0.0373, "car_lcSpeedGainRight": 3.2493, "car_lcSublane": 0.1525, "car_sigma": 0.8945, "car_tau_mean": 3.836, "car_tau_std": 7.3625, "car_v_mean": 22.0336, "car_v_std": 13.6416}, "datetime": {"datetime": "2024-08-08 00:23:39", "elapsed": 1239.071121, "delta": 0.887364}}
{"target": -0.3477202222174117, "params": {"bus_acc": 1.9298, "bus_dcc": 2.041, "bus_lcAssertive": 12.2842, "bus_lcCooperative": 0.5126, "bus_lcLookaheadLeft": 55.8943, "bus_lcPushy": 0.6595, "bus_lcSigma": 0.5383, "bus_lcSpeedGainRight": 3.1576, "bus_lcSublane": 0.217, "bus_sigma": 0.4054, "bus_tau_mean": 0.6877, "bus_tau_std": 4.6318, "bus_v_mean": 17.2751, "bus_v_std": 5.687, "car_acc": 2.4146, "car_dcc": 1.7744, "car_lcAssertive": 95.3328, "car_lcCooperative": 0.6235, "car_lcLookaheadLeft": 55.1309, "car_lcPushy": 0.915, "car_lcSigma": 0.8527, "car_lcSpeedGainRight": 0.3669, "car_lcSublane": 0.3606, "car_sigma": 0.3765, "car_tau_mean": 1.2799, "car_tau_std": 4.0001, "car_v_mean": 15.7752, "car_v_std": 6.3789}, "datetime": {"datetime": "2024-08-08 00:23:40", "elapsed": 1239.809878, "delta": 0.738757}}
{"target": -0.37593370402734805, "params": {"bus_acc": 2.216, "bus_dcc": 2.9541, "bus_lcAssertive": 80.7031, "bus_lcCooperative": 0.0589, "bus_lcLookaheadLeft": 76.067, "bus_lcPushy": 0.7198, "bus_lcSigma": 0.8603, "bus_lcSpeedGainRight": 4.3548, "bus_lcSublane": 0.9823, "bus_sigma": 0.1408, "bus_tau_mean": 2.8821, "bus_tau_std": 7.8443, "bus_v_mean": 23.8381, "bus_v_std": 10.1381, "car_acc": 1.7473, "car_dcc": 3.8186, "car_lcAssertive": 41.652, "car_lcCooperative": 0.9001, "car_lcLookaheadLeft": 95.7584, "car_lcPushy": 0.2416, "car_lcSigma": 0.1465, "car_lcSpeedGainRight": 4.2633, "car_lcSublane": 0.4618, "car_sigma": 0.813, "car_tau_mean": 1.0065, "car_tau_std": 6.7392, "car_v_mean": 12.0632, "car_v_std": 4.425}, "datetime": {"datetime": "2024-08-08 00:23:41", "elapsed": 1240.892183, "delta": 1.082305}}
{"target": -0.37063406739326993, "params": {"bus_acc": 1.6425, "bus_dcc": 3.3418, "bus_lcAssertive": 55.1684, "bus_lcCooperative": 0.8614, "bus_lcLookaheadLeft": 30.738, "bus_lcPushy": 0.1559, "bus_lcSigma": 0.0554, "bus_lcSpeedGainRight": 0.9558, "bus_lcSublane": 0.858, "bus_sigma": 0.2339, "bus_tau_mean": 1.4264, "bus_tau_std": 8.3648, "bus_v_mean": 22.2789, "bus_v_std": 6.5757, "car_acc": 2.7858, "car_dcc": 1.2628, "car_lcAssertive": 63.5563, "car_lcCooperative": 0.0098, "car_lcLookaheadLeft": 4.5392, "car_lcPushy": 0.3605, "car_lcSigma": 0.0601, "car_lcSpeedGainRight": 0.6278, "car_lcSublane": 0.8369, "car_sigma": 0.9067, "car_tau_mean": 3.7155, "car_tau_std": 8.3959, "car_v_mean": 13.9915, "car_v_std": 2.1274}, "datetime": {"datetime": "2024-08-08 00:23:43", "elapsed": 1242.497203, "delta": 1.60502}}
{"target": -0.3190075229053895, "params": {"bus_acc": 1.5412, "bus_dcc": 3.1539, "bus_lcAssertive": 66.0077, "bus_lcCooperative": 0.0956, "bus_lcLookaheadLeft": 51.0365, "bus_lcPushy": 0.7543, "bus_lcSigma": 0.2521, "bus_lcSpeedGainRight": 4.0006, "bus_lcSublane": 0.388, "bus_sigma": 0.1993, "bus_tau_mean": 1.9748, "bus_tau_std": 4.8894, "bus_v_mean": 9.2901, "bus_v_std": 1.8635, "car_acc": 2.7315, "car_dcc": 3.2218, "car_lcAssertive": 36.5507, "car_lcCooperative": 0.7907, "car_lcLookaheadLeft": 86.56, "car_lcPushy": 0.0244, "car_lcSigma": 0.3058, "car_lcSpeedGainRight": 3.6506, "car_lcSublane": 0.0526, "car_sigma": 0.6965, "car_tau_mean": 1.4746, "car_tau_std": 6.5619, "car_v_mean": 14.4596, "car_v_std": 17.8776}, "datetime": {"datetime": "2024-08-08 00:23:44", "elapsed": 1243.519664, "delta": 1.022461}}
{"target": -0.3242029902722312, "params": {"bus_acc": 1.6972, "bus_dcc": 2.1869, "bus_lcAssertive": 77.1701, "bus_lcCooperative": 0.2605, "bus_lcLookaheadLeft": 89.2817, "bus_lcPushy": 0.8426, "bus_lcSigma": 0.6947, "bus_lcSpeedGainRight": 2.0675, "bus_lcSublane": 0.2285, "bus_sigma": 0.3567, "bus_tau_mean": 1.787, "bus_tau_std": 1.5252, "bus_v_mean": 15.4074, "bus_v_std": 11.6846, "car_acc": 2.2713, "car_dcc": 1.4084, "car_lcAssertive": 13.0792, "car_lcCooperative": 0.3536, "car_lcLookaheadLeft": 63.0789, "car_lcPushy": 0.2798, "car_lcSigma": 0.6847, "car_lcSpeedGainRight": 2.8135, "car_lcSublane": 0.1449, "car_sigma": 0.6927, "car_tau_mean": 0.5, "car_tau_std": 4.8216, "car_v_mean": 17.7827, "car_v_std": 9.5109}, "datetime": {"datetime": "2024-08-08 00:23:45", "elapsed": 1244.568976, "delta": 1.049312}}
{"target": -0.39085522900535924, "params": {"bus_acc": 2.1749, "bus_dcc": 2.2152, "bus_lcAssertive": 12.3401, "bus_lcCooperative": 0.8289, "bus_lcLookaheadLeft": 53.3758, "bus_lcPushy": 0.8189, "bus_lcSigma": 0.1613, "bus_lcSpeedGainRight": 1.1012, "bus_lcSublane": 0.5947, "bus_sigma": 0.4718, "bus_tau_mean": 1.1344, "bus_tau_std": 8.0964, "bus_v_mean": 20.4446, "bus_v_std": 8.1835, "car_acc": 1.0472, "car_dcc": 3.6396, "car_lcAssertive": 91.7574, "car_lcCooperative": 0.2296, "car_lcLookaheadLeft": 57.5661, "car_lcPushy": 0.1536, "car_lcSigma": 0.7604, "car_lcSpeedGainRight": 2.8374, "car_lcSublane": 0.8528, "car_sigma": 0.2716, "car_tau_mean": 2.325, "car_tau_std": 2.7279, "car_v_mean": 19.5614, "car_v_std": 4.1716}, "datetime": {"datetime": "2024-08-08 00:23:46", "elapsed": 1245.719265, "delta": 1.150289}}
{"target": -0.36257574793983716, "params": {"bus_acc": 2.7051, "bus_dcc": 2.6056, "bus_lcAssertive": 1.5787, "bus_lcCooperative": 0.4043, "bus_lcLookaheadLeft": 60.2332, "bus_lcPushy": 0.0988, "bus_lcSigma": 0.5212, "bus_lcSpeedGainRight": 0.8591, "bus_lcSublane": 0.137, "bus_sigma": 0.4089, "bus_tau_mean": 0.5808, "bus_tau_std": 2.1403, "bus_v_mean": 14.826, "bus_v_std": 10.5199, "car_acc": 2.6919, "car_dcc": 3.7805, "car_lcAssertive": 5.884, "car_lcCooperative": 0.0758, "car_lcLookaheadLeft": 86.1255, "car_lcPushy": 0.5804, "car_lcSigma": 0.8518, "car_lcSpeedGainRight": 1.022, "car_lcSublane": 0.9844, "car_sigma": 0.1269, "car_tau_mean": 1.0681, "car_tau_std": 8.4925, "car_v_mean": 22.3573, "car_v_std": 5.3213}, "datetime": {"datetime": "2024-08-08 00:23:47", "elapsed": 1246.59097, "delta": 0.871705}}
{"target": -0.3369398390083058, "params": {"bus_acc": 2.6861, "bus_dcc": 1.9957, "bus_lcAssertive": 78.6589, "bus_lcCooperative": 0.6676, "bus_lcLookaheadLeft": 57.6293, "bus_lcPushy": 0.1904, "bus_lcSigma": 0.0664, "bus_lcSpeedGainRight": 0.1414, "bus_lcSublane": 0.0625, "bus_sigma": 0.08, "bus_tau_mean": 3.9669, "bus_tau_std": 6.8323, "bus_v_mean": 10.3389, "bus_v_std": 8.0454, "car_acc": 2.1877, "car_dcc": 2.5982, "car_lcAssertive": 56.8189, "car_lcCooperative": 0.9724, "car_lcLookaheadLeft": 10.4238, "car_lcPushy": 0.9809, "car_lcSigma": 0.0685, "car_lcSpeedGainRight": 2.7273, "car_lcSublane": 0.0442, "car_sigma": 0.2358, "car_tau_mean": 1.8227, "car_tau_std": 9.0989, "car_v_mean": 13.9066, "car_v_std": 18.9238}, "datetime": {"datetime": "2024-08-08 00:23:48", "elapsed": 1247.26584, "delta": 0.67487}}
{"target": -0.30311489210187864, "params": {"bus_acc": 1.7977, "bus_dcc": 2.19, "bus_lcAssertive": 77.477, "bus_lcCooperative": 0.3528, "bus_lcLookaheadLeft": 89.0116, "bus_lcPushy": 0.8127, "bus_lcSigma": 0.6482, "bus_lcSpeedGainRight": 2.6726, "bus_lcSublane": 0.1425, "bus_sigma": 0.3892, "bus_tau_mean": 2.183, "bus_tau_std": 1.1608, "bus_v_mean": 15.6155, "bus_v_std": 12.6298, "car_acc": 2.5249, "car_dcc": 1.418, "car_lcAssertive": 14.5739, "car_lcCooperative": 0.4645, "car_lcLookaheadLeft": 62.089, "car_lcPushy": 0.1867, "car_lcSigma": 0.6903, "car_lcSpeedGainRight": 1.7091, "car_lcSublane": 0.3541, "car_sigma": 0.379, "car_tau_mean": 0.5, "car_tau_std": 2.4305, "car_v_mean": 15.6376, "car_v_std": 8.4257}, "datetime": {"datetime": "2024-08-08 00:23:48", "elapsed": 1248.076686, "delta": 0.810846}}
{"target": -0.3516970227414191, "params": {"bus_acc": 1.7043, "bus_dcc": 2.1971, "bus_lcAssertive": 77.8301, "bus_lcCooperative": 0.2659, "bus_lcLookaheadLeft": 87.0451, "bus_lcPushy": 0.7613, "bus_lcSigma": 0.6582, "bus_lcSpeedGainRight": 2.36, "bus_lcSublane": 0.1931, "bus_sigma": 0.3945, "bus_tau_mean": 1.98, "bus_tau_std": 1.5731, "bus_v_mean": 15.8097, "bus_v_std": 12.4116, "car_acc": 2.2782, "car_dcc": 1.5458, "car_lcAssertive": 14.1544, "car_lcCooperative": 0.3127, "car_lcLookaheadLeft": 63.4605, "car_lcPushy": 0.2946, "car_lcSigma": 0.6448, "car_lcSpeedGainRight": 2.5598, "car_lcSublane": 0.1175, "car_sigma": 0.6251, "car_tau_mean": 0.8351, "car_tau_std": 4.3104, "car_v_mean": 17.6514, "car_v_std": 9.8413}, "datetime": {"datetime": "2024-08-08 00:23:50", "elapsed": 1249.554812, "delta": 1.478126}}
{"target": -0.32009640860248295, "params": {"bus_acc": 1.6274, "bus_dcc": 2.7109, "bus_lcAssertive": 75.7522, "bus_lcCooperative": 0.4542, "bus_lcLookaheadLeft": 75.3855, "bus_lcPushy": 0.7326, "bus_lcSigma": 0.7989, "bus_lcSpeedGainRight": 2.4028, "bus_lcSublane": 0.5906, "bus_sigma": 0.6121, "bus_tau_mean": 2.8156, "bus_tau_std": 5.5462, "bus_v_mean": 11.2025, "bus_v_std": 11.1797, "car_acc": 2.4357, "car_dcc": 1.7269, "car_lcAssertive": 74.3557, "car_lcCooperative": 0.455, "car_lcLookaheadLeft": 36.3471, "car_lcPushy": 0.3235, "car_lcSigma": 0.2854, "car_lcSpeedGainRight": 1.1531, "car_lcSublane": 0.709, "car_sigma": 0.76, "car_tau_mean": 1.0253, "car_tau_std": 2.5843, "car_v_mean": 8.6665, "car_v_std": 16.5551}, "datetime": {"datetime": "2024-08-08 00:23:51", "elapsed": 1251.029707, "delta": 1.474895}}
{"target": -0.29963480842269546, "params": {"bus_acc": 1.9812, "bus_dcc": 1.7879, "bus_lcAssertive": 99.2988, "bus_lcCooperative": 0.9065, "bus_lcLookaheadLeft": 71.6298, "bus_lcPushy": 0.2766, "bus_lcSigma": 0.7132, "bus_lcSpeedGainRight": 2.972, "bus_lcSublane": 0.9999, "bus_sigma": 0.9226, "bus_tau_mean": 2.8854, "bus_tau_std": 6.816, "bus_v_mean": 10.0688, "bus_v_std": 3.6012, "car_acc": 1.2583, "car_dcc": 1.4708, "car_lcAssertive": 44.5788, "car_lcCooperative": 0.1484, "car_lcLookaheadLeft": 47.4228, "car_lcPushy": 0.3944, "car_lcSigma": 0.4937, "car_lcSpeedGainRight": 2.9781, "car_lcSublane": 0.2488, "car_sigma": 0.7175, "car_tau_mean": 3.6256, "car_tau_std": 4.9105, "car_v_mean": 9.8722, "car_v_std": 4.6849}, "datetime": {"datetime": "2024-08-08 00:23:53", "elapsed": 1252.15029, "delta": 1.120583}}
{"target": -0.35621508560280624, "params": {"bus_acc": 2.6331, "bus_dcc": 3.9747, "bus_lcAssertive": 8.9295, "bus_lcCooperative": 0.8139, "bus_lcLookaheadLeft": 75.2398, "bus_lcPushy": 0.7811, "bus_lcSigma": 0.8662, "bus_lcSpeedGainRight": 4.5983, "bus_lcSublane": 0.1923, "bus_sigma": 0.7969, "bus_tau_mean": 0.883, "bus_tau_std": 1.1974, "bus_v_mean": 23.7046, "bus_v_std": 14.8425, "car_acc": 1.6246, "car_dcc": 2.8031, "car_lcAssertive": 9.7044, "car_lcCooperative": 0.2173, "car_lcLookaheadLeft": 62.4987, "car_lcPushy": 0.5311, "car_lcSigma": 0.2152, "car_lcSpeedGainRight": 2.2235, "car_lcSublane": 0.9133, "car_sigma": 0.6344, "car_tau_mean": 1.1964, "car_tau_std": 4.193, "car_v_mean": 21.5532, "car_v_std": 13.1002}, "datetime": {"datetime": "2024-08-08 00:23:55", "elapsed": 1254.150813, "delta": 2.000523}}
{"target": -0.3485040588502534, "params": {"bus_acc": 2.0562, "bus_dcc": 3.4341, "bus_lcAssertive": 29.4712, "bus_lcCooperative": 0.082, "bus_lcLookaheadLeft": 47.3637, "bus_lcPushy": 0.438, "bus_lcSigma": 0.0558, "bus_lcSpeedGainRight": 0.9743, "bus_lcSublane": 0.2361, "bus_sigma": 0.3069, "bus_tau_mean": 3.6376, "bus_tau_std": 8.1388, "bus_v_mean": 21.1424, "bus_v_std": 13.4685, "car_acc": 2.0131, "car_dcc": 1.0085, "car_lcAssertive": 80.64, "car_lcCooperative": 0.6969, "car_lcLookaheadLeft": 49.8147, "car_lcPushy": 0.3817, "car_lcSigma": 0.4979, "car_lcSpeedGainRight": 4.6699, "car_lcSublane": 0.3903, "car_sigma": 0.6999, "car_tau_mean": 2.2377, "car_tau_std": 9.0102, "car_v_mean": 13.2927, "car_v_std": 6.1214}, "datetime": {"datetime": "2024-08-08 00:23:56", "elapsed": 1255.547292, "delta": 1.396479}}
{"target": -0.3461235734165543, "params": {"bus_acc": 2.7312, "bus_dcc": 3.5416, "bus_lcAssertive": 72.0335, "bus_lcCooperative": 0.5513, "bus_lcLookaheadLeft": 11.8754, "bus_lcPushy": 0.0324, "bus_lcSigma": 0.0295, "bus_lcSpeedGainRight": 4.2526, "bus_lcSublane": 0.7963, "bus_sigma": 0.4307, "bus_tau_mean": 0.7636, "bus_tau_std": 8.1536, "bus_v_mean": 18.2946, "bus_v_std": 18.2687, "car_acc": 1.3595, "car_dcc": 2.3503, "car_lcAssertive": 9.9074, "car_lcCooperative": 0.3477, "car_lcLookaheadLeft": 72.1164, "car_lcPushy": 0.9378, "car_lcSigma": 0.9877, "car_lcSpeedGainRight": 0.109, "car_lcSublane": 0.238, "car_sigma": 0.4551, "car_tau_mean": 3.7149, "car_tau_std": 1.7377, "car_v_mean": 20.6437, "car_v_std": 1.5402}, "datetime": {"datetime": "2024-08-08 00:23:57", "elapsed": 1257.047231, "delta": 1.499939}}
