{"target": 57.90995607029736, "params": {"bus_acc": 1.51, "bus_dcc": 2.21, "bus_lcCooperative": 0.21, "bus_lcPushy": 0.27, "bus_lcSublane": 0.37, "bus_max_v": 8.9, "bus_tau_mean": 1.6, "bus_tau_std": 1.24, "car_acc": 2.16, "car_dcc": 2.65, "car_lcCooperative": 1.0, "car_lcPushy": 0.66, "car_lcSublane": 0.38, "car_max_v": 9.53, "car_tau_mean": 1.61, "car_tau_std": 8.19}, "datetime": {"datetime": "2024-07-31 21:49:54", "elapsed": 34266.380345, "delta": 219.240988}}
{"target": 57.378653497650355, "params": {"bus_acc": 1.18, "bus_dcc": 3.56, "bus_lcCooperative": 0.46, "bus_lcPushy": 0.11, "bus_lcSublane": 0.6, "bus_max_v": 14.67, "bus_tau_mean": 1.1, "bus_tau_std": 13.76, "car_acc": 2.13, "car_dcc": 3.15, "car_lcCooperative": 0.04, "car_lcPushy": 0.47, "car_lcSublane": 0.78, "car_max_v": 12.11, "car_tau_mean": 2.13, "car_tau_std": 7.13}, "datetime": {"datetime": "2024-07-31 21:49:57", "elapsed": 34268.928967, "delta": 2.548622}}
{"target": 58.90161095974372, "params": {"bus_acc": 1.28, "bus_dcc": 2.32, "bus_lcCooperative": 0.51, "bus_lcPushy": 0.64, "bus_lcSublane": 0.08, "bus_max_v": 10.24, "bus_tau_mean": 2.24, "bus_tau_std": 1.8, "car_acc": 1.32, "car_dcc": 1.39, "car_lcCooperative": 0.5, "car_lcPushy": 0.5, "car_lcSublane": 0.39, "car_max_v": 8.13, "car_tau_mean": 2.45, "car_tau_std": 8.4}, "datetime": {"datetime": "2024-07-31 21:51:42", "elapsed": 34374.218191, "delta": 105.289224}}
{"target": 58.66666176919245, "params": {"bus_acc": 1.44, "bus_dcc": 1.08, "bus_lcCooperative": 0.02, "bus_lcPushy": 0.48, "bus_lcSublane": 0.32, "bus_max_v": 10.28, "bus_tau_mean": 2.05, "bus_tau_std": 0.49, "car_acc": 1.07, "car_dcc": 1.66, "car_lcCooperative": 0.34, "car_lcPushy": 0.61, "car_lcSublane": 0.14, "car_max_v": 8.75, "car_tau_mean": 2.31, "car_tau_std": 9.52}, "datetime": {"datetime": "2024-07-31 21:52:13", "elapsed": 34404.927183, "delta": 30.708992}}
{"target": 58.53700634505672, "params": {"bus_acc": 1.62, "bus_dcc": 3.84, "bus_lcCooperative": 0.6, "bus_lcPushy": 0.08, "bus_lcSublane": 0.47, "bus_max_v": 13.96, "bus_tau_mean": 2.58, "bus_tau_std": 8.28, "car_acc": 1.32, "car_dcc": 3.37, "car_lcCooperative": 0.12, "car_lcPushy": 0.71, "car_lcSublane": 0.61, "car_max_v": 9.2, "car_tau_mean": 2.68, "car_tau_std": 11.1}, "datetime": {"datetime": "2024-07-31 21:55:40", "elapsed": 34611.568059, "delta": 206.640876}}
{"target": 57.92155333385027, "params": {"bus_acc": 1.75, "bus_dcc": 3.86, "bus_lcCooperative": 0.52, "bus_lcPushy": 0.75, "bus_lcSublane": 0.71, "bus_max_v": 12.13, "bus_tau_mean": 1.24, "bus_tau_std": 5.27, "car_acc": 1.41, "car_dcc": 1.78, "car_lcCooperative": 0.31, "car_lcPushy": 0.49, "car_lcSublane": 0.37, "car_max_v": 10.05, "car_tau_mean": 2.34, "car_tau_std": 14.34}, "datetime": {"datetime": "2024-07-31 21:58:38", "elapsed": 34789.826557, "delta": 178.258498}}
{"target": 57.558162111386544, "params": {"bus_acc": 1.62, "bus_dcc": 3.8, "bus_lcCooperative": 0.0, "bus_lcPushy": 0.78, "bus_lcSublane": 0.03, "bus_max_v": 14.04, "bus_tau_mean": 2.65, "bus_tau_std": 2.99, "car_acc": 1.31, "car_dcc": 3.7, "car_lcCooperative": 0.56, "car_lcPushy": 0.81, "car_lcSublane": 0.45, "car_max_v": 9.68, "car_tau_mean": 2.17, "car_tau_std": 12.62}, "datetime": {"datetime": "2024-07-31 21:58:41", "elapsed": 34792.713999, "delta": 2.887442}}
{"target": 56.448193135735615, "params": {"bus_acc": 1.52, "bus_dcc": 2.73, "bus_lcCooperative": 0.68, "bus_lcPushy": 0.62, "bus_lcSublane": 0.53, "bus_max_v": 9.79, "bus_tau_mean": 2.17, "bus_tau_std": 10.52, "car_acc": 2.98, "car_dcc": 4.17, "car_lcCooperative": 0.16, "car_lcPushy": 0.4, "car_lcSublane": 0.89, "car_max_v": 12.34, "car_tau_mean": 1.4, "car_tau_std": 2.1}, "datetime": {"datetime": "2024-07-31 21:59:42", "elapsed": 34854.169029, "delta": 61.45503}}
{"target": 58.23724733738204, "params": {"bus_acc": 1.64, "bus_dcc": 1.35, "bus_lcCooperative": 0.73, "bus_lcPushy": 0.39, "bus_lcSublane": 0.69, "bus_max_v": 9.14, "bus_tau_mean": 2.35, "bus_tau_std": 0.94, "car_acc": 1.38, "car_dcc": 2.0, "car_lcCooperative": 0.78, "car_lcPushy": 0.53, "car_lcSublane": 0.72, "car_max_v": 8.68, "car_tau_mean": 2.43, "car_tau_std": 7.36}, "datetime": {"datetime": "2024-07-31 22:00:57", "elapsed": 34929.23711, "delta": 75.068081}}
{"target": 58.62568450304819, "params": {"bus_acc": 1.67, "bus_dcc": 2.02, "bus_lcCooperative": 0.39, "bus_lcPushy": 0.03, "bus_lcSublane": 0.51, "bus_max_v": 9.45, "bus_tau_mean": 2.25, "bus_tau_std": 0.83, "car_acc": 1.49, "car_dcc": 1.54, "car_lcCooperative": 0.72, "car_lcPushy": 0.33, "car_lcSublane": 0.81, "car_max_v": 8.29, "car_tau_mean": 2.88, "car_tau_std": 8.15}, "datetime": {"datetime": "2024-07-31 22:04:33", "elapsed": 35144.704507, "delta": 215.467397}}
{"target": 57.865695027693, "params": {"bus_acc": 1.51, "bus_dcc": 3.64, "bus_lcCooperative": 0.09, "bus_lcPushy": 0.36, "bus_lcSublane": 0.95, "bus_max_v": 8.06, "bus_tau_mean": 1.14, "bus_tau_std": 2.73, "car_acc": 2.82, "car_dcc": 4.42, "car_lcCooperative": 0.93, "car_lcPushy": 0.39, "car_lcSublane": 0.76, "car_max_v": 8.31, "car_tau_mean": 1.26, "car_tau_std": 1.79}, "datetime": {"datetime": "2024-07-31 22:08:01", "elapsed": 35352.80793, "delta": 208.103423}}
{"target": 58.328191270345954, "params": {"bus_acc": 1.03, "bus_dcc": 3.55, "bus_lcCooperative": 0.09, "bus_lcPushy": 0.16, "bus_lcSublane": 0.78, "bus_max_v": 10.01, "bus_tau_mean": 1.37, "bus_tau_std": 2.57, "car_acc": 1.33, "car_dcc": 1.06, "car_lcCooperative": 0.23, "car_lcPushy": 0.7, "car_lcSublane": 0.93, "car_max_v": 8.18, "car_tau_mean": 2.25, "car_tau_std": 8.5}, "datetime": {"datetime": "2024-07-31 22:08:14", "elapsed": 35366.47137, "delta": 13.66344}}
{"target": 57.70219674698536, "params": {"bus_acc": 1.5, "bus_dcc": 3.04, "bus_lcCooperative": 0.71, "bus_lcPushy": 0.71, "bus_lcSublane": 0.76, "bus_max_v": 13.38, "bus_tau_mean": 1.11, "bus_tau_std": 11.38, "car_acc": 2.84, "car_dcc": 3.03, "car_lcCooperative": 0.38, "car_lcPushy": 0.14, "car_lcSublane": 0.65, "car_max_v": 8.95, "car_tau_mean": 1.78, "car_tau_std": 4.24}, "datetime": {"datetime": "2024-07-31 22:08:22", "elapsed": 35373.907144, "delta": 7.435774}}
{"target": 58.469993886068295, "params": {"bus_acc": 1.64, "bus_dcc": 1.94, "bus_lcCooperative": 0.53, "bus_lcPushy": 0.36, "bus_lcSublane": 0.63, "bus_max_v": 9.04, "bus_tau_mean": 2.87, "bus_tau_std": 0.6, "car_acc": 1.78, "car_dcc": 3.03, "car_lcCooperative": 0.11, "car_lcPushy": 0.01, "car_lcSublane": 0.58, "car_max_v": 8.04, "car_tau_mean": 1.55, "car_tau_std": 6.58}, "datetime": {"datetime": "2024-07-31 22:09:59", "elapsed": 35470.82513, "delta": 96.917986}}
{"target": 58.119871785413636, "params": {"bus_acc": 1.72, "bus_dcc": 2.24, "bus_lcCooperative": 0.91, "bus_lcPushy": 0.46, "bus_lcSublane": 0.67, "bus_max_v": 10.71, "bus_tau_mean": 2.17, "bus_tau_std": 0.65, "car_acc": 1.88, "car_dcc": 2.96, "car_lcCooperative": 0.87, "car_lcPushy": 0.62, "car_lcSublane": 0.55, "car_max_v": 8.22, "car_tau_mean": 2.4, "car_tau_std": 7.61}, "datetime": {"datetime": "2024-07-31 22:13:55", "elapsed": 35707.076325, "delta": 236.251195}}
{"target": 56.07612149735641, "params": {"bus_acc": 1.6, "bus_dcc": 1.62, "bus_lcCooperative": 0.97, "bus_lcPushy": 0.56, "bus_lcSublane": 0.23, "bus_max_v": 12.26, "bus_tau_mean": 1.74, "bus_tau_std": 6.37, "car_acc": 2.42, "car_dcc": 3.98, "car_lcCooperative": 0.49, "car_lcPushy": 0.86, "car_lcSublane": 0.41, "car_max_v": 12.55, "car_tau_mean": 1.92, "car_tau_std": 9.49}, "datetime": {"datetime": "2024-07-31 22:15:37", "elapsed": 35808.666878, "delta": 101.590553}}
{"target": 57.802739949690604, "params": {"bus_acc": 1.45, "bus_dcc": 1.86, "bus_lcCooperative": 0.26, "bus_lcPushy": 0.61, "bus_lcSublane": 0.46, "bus_max_v": 11.96, "bus_tau_mean": 2.27, "bus_tau_std": 0.08, "car_acc": 1.72, "car_dcc": 2.25, "car_lcCooperative": 0.87, "car_lcPushy": 0.68, "car_lcSublane": 0.7, "car_max_v": 9.1, "car_tau_mean": 1.75, "car_tau_std": 7.94}, "datetime": {"datetime": "2024-07-31 22:16:52", "elapsed": 35884.411864, "delta": 75.744986}}
{"target": 57.41953089656412, "params": {"bus_acc": 1.92, "bus_dcc": 2.81, "bus_lcCooperative": 0.41, "bus_lcPushy": 0.81, "bus_lcSublane": 0.53, "bus_max_v": 13.67, "bus_tau_mean": 2.21, "bus_tau_std": 6.26, "car_acc": 2.28, "car_dcc": 3.34, "car_lcCooperative": 0.68, "car_lcPushy": 0.76, "car_lcSublane": 0.37, "car_max_v": 8.91, "car_tau_mean": 1.68, "car_tau_std": 1.68}, "datetime": {"datetime": "2024-07-31 22:17:29", "elapsed": 35920.673268, "delta": 36.261404}}
{"target": 56.55595302521176, "params": {"bus_acc": 1.31, "bus_dcc": 2.49, "bus_lcCooperative": 0.72, "bus_lcPushy": 0.19, "bus_lcSublane": 0.48, "bus_max_v": 14.65, "bus_tau_mean": 1.32, "bus_tau_std": 6.54, "car_acc": 2.9, "car_dcc": 3.77, "car_lcCooperative": 0.7, "car_lcPushy": 0.03, "car_lcSublane": 0.55, "car_max_v": 12.73, "car_tau_mean": 2.02, "car_tau_std": 14.71}, "datetime": {"datetime": "2024-07-31 22:17:33", "elapsed": 35924.566949, "delta": 3.893681}}
{"target": 58.39791260298607, "params": {"bus_acc": 1.36, "bus_dcc": 3.11, "bus_lcCooperative": 0.42, "bus_lcPushy": 0.11, "bus_lcSublane": 0.16, "bus_max_v": 8.35, "bus_tau_mean": 2.25, "bus_tau_std": 2.44, "car_acc": 2.92, "car_dcc": 3.92, "car_lcCooperative": 0.22, "car_lcPushy": 0.49, "car_lcSublane": 0.72, "car_max_v": 8.37, "car_tau_mean": 1.49, "car_tau_std": 5.79}, "datetime": {"datetime": "2024-07-31 22:23:17", "elapsed": 36269.102201, "delta": 344.535252}}
{"target": 57.997287475830795, "params": {"bus_acc": 1.67, "bus_dcc": 1.88, "bus_lcCooperative": 0.64, "bus_lcPushy": 0.98, "bus_lcSublane": 0.92, "bus_max_v": 8.01, "bus_tau_mean": 1.46, "bus_tau_std": 13.57, "car_acc": 1.01, "car_dcc": 4.39, "car_lcCooperative": 0.06, "car_lcPushy": 0.15, "car_lcSublane": 0.58, "car_max_v": 14.76, "car_tau_mean": 2.5, "car_tau_std": 11.47}, "datetime": {"datetime": "2024-07-31 22:25:04", "elapsed": 36375.868242, "delta": 106.766041}}
{"target": 56.074043636094586, "params": {"bus_acc": 1.84, "bus_dcc": 1.02, "bus_lcCooperative": 0.57, "bus_lcPushy": 0.14, "bus_lcSublane": 0.2, "bus_max_v": 13.03, "bus_tau_mean": 2.04, "bus_tau_std": 11.55, "car_acc": 2.36, "car_dcc": 3.37, "car_lcCooperative": 0.98, "car_lcPushy": 0.28, "car_lcSublane": 0.06, "car_max_v": 14.97, "car_tau_mean": 1.45, "car_tau_std": 9.62}, "datetime": {"datetime": "2024-07-31 22:25:20", "elapsed": 36392.301332, "delta": 16.43309}}
{"target": 57.91881885777909, "params": {"bus_acc": 1.34, "bus_dcc": 2.02, "bus_lcCooperative": 0.06, "bus_lcPushy": 0.08, "bus_lcSublane": 0.61, "bus_max_v": 11.86, "bus_tau_mean": 2.27, "bus_tau_std": 0.77, "car_acc": 1.57, "car_dcc": 2.32, "car_lcCooperative": 0.83, "car_lcPushy": 0.67, "car_lcSublane": 0.06, "car_max_v": 9.29, "car_tau_mean": 1.85, "car_tau_std": 8.37}, "datetime": {"datetime": "2024-07-31 22:25:46", "elapsed": 36418.00346, "delta": 25.702128}}
{"target": 56.6587110957887, "params": {"bus_acc": 1.83, "bus_dcc": 2.35, "bus_lcCooperative": 0.28, "bus_lcPushy": 0.14, "bus_lcSublane": 0.21, "bus_max_v": 9.9, "bus_tau_mean": 1.71, "bus_tau_std": 14.16, "car_acc": 1.46, "car_dcc": 4.53, "car_lcCooperative": 0.31, "car_lcPushy": 0.05, "car_lcSublane": 0.59, "car_max_v": 14.79, "car_tau_mean": 1.89, "car_tau_std": 11.39}, "datetime": {"datetime": "2024-07-31 22:26:25", "elapsed": 36457.366659, "delta": 39.363199}}
{"target": 58.43495005090957, "params": {"bus_acc": 1.01, "bus_dcc": 1.96, "bus_lcCooperative": 0.71, "bus_lcPushy": 0.11, "bus_lcSublane": 0.05, "bus_max_v": 12.55, "bus_tau_mean": 1.05, "bus_tau_std": 2.84, "car_acc": 2.87, "car_dcc": 2.79, "car_lcCooperative": 0.41, "car_lcPushy": 0.82, "car_lcSublane": 0.84, "car_max_v": 8.21, "car_tau_mean": 2.97, "car_tau_std": 11.92}, "datetime": {"datetime": "2024-07-31 22:32:45", "elapsed": 36837.222664, "delta": 379.856005}}
{"target": 57.59615171470457, "params": {"bus_acc": 1.85, "bus_dcc": 2.17, "bus_lcCooperative": 0.48, "bus_lcPushy": 0.05, "bus_lcSublane": 0.43, "bus_max_v": 8.93, "bus_tau_mean": 2.07, "bus_tau_std": 0.7, "car_acc": 1.91, "car_dcc": 1.91, "car_lcCooperative": 0.99, "car_lcPushy": 0.14, "car_lcSublane": 0.57, "car_max_v": 8.77, "car_tau_mean": 2.65, "car_tau_std": 7.61}, "datetime": {"datetime": "2024-07-31 22:34:37", "elapsed": 36949.022183, "delta": 111.799519}}
{"target": 58.11804669462911, "params": {"bus_acc": 1.93, "bus_dcc": 2.76, "bus_lcCooperative": 0.13, "bus_lcPushy": 0.61, "bus_lcSublane": 0.7, "bus_max_v": 11.79, "bus_tau_mean": 1.15, "bus_tau_std": 4.92, "car_acc": 1.39, "car_dcc": 1.8, "car_lcCooperative": 0.07, "car_lcPushy": 0.74, "car_lcSublane": 0.86, "car_max_v": 11.13, "car_tau_mean": 2.15, "car_tau_std": 12.8}, "datetime": {"datetime": "2024-07-31 22:34:44", "elapsed": 36955.623792, "delta": 6.601609}}
{"target": 57.65937174351004, "params": {"bus_acc": 1.5, "bus_dcc": 2.06, "bus_lcCooperative": 0.45, "bus_lcPushy": 0.04, "bus_lcSublane": 0.27, "bus_max_v": 12.99, "bus_tau_mean": 2.75, "bus_tau_std": 10.49, "car_acc": 1.06, "car_dcc": 3.21, "car_lcCooperative": 0.19, "car_lcPushy": 0.57, "car_lcSublane": 0.44, "car_max_v": 11.85, "car_tau_mean": 2.36, "car_tau_std": 0.69}, "datetime": {"datetime": "2024-07-31 22:34:50", "elapsed": 36961.749004, "delta": 6.125212}}
{"target": 57.85303763732561, "params": {"bus_acc": 1.14, "bus_dcc": 1.34, "bus_lcCooperative": 0.83, "bus_lcPushy": 0.87, "bus_lcSublane": 0.52, "bus_max_v": 10.25, "bus_tau_mean": 2.43, "bus_tau_std": 0.57, "car_acc": 1.23, "car_dcc": 1.27, "car_lcCooperative": 0.24, "car_lcPushy": 0.37, "car_lcSublane": 0.54, "car_max_v": 9.07, "car_tau_mean": 1.87, "car_tau_std": 9.99}, "datetime": {"datetime": "2024-07-31 22:36:43", "elapsed": 37075.035085, "delta": 113.286081}}
{"target": 58.63979693107304, "params": {"bus_acc": 1.32, "bus_dcc": 3.34, "bus_lcCooperative": 0.25, "bus_lcPushy": 0.33, "bus_lcSublane": 0.42, "bus_max_v": 12.78, "bus_tau_mean": 1.92, "bus_tau_std": 4.43, "car_acc": 1.01, "car_dcc": 2.38, "car_lcCooperative": 0.34, "car_lcPushy": 0.36, "car_lcSublane": 0.66, "car_max_v": 9.4, "car_tau_mean": 2.64, "car_tau_std": 13.04}, "datetime": {"datetime": "2024-07-31 22:42:10", "elapsed": 37401.623669, "delta": 326.588584}}
{"target": 57.36327298708011, "params": {"bus_acc": 1.41, "bus_dcc": 3.84, "bus_lcCooperative": 0.25, "bus_lcPushy": 0.87, "bus_lcSublane": 0.41, "bus_max_v": 8.55, "bus_tau_mean": 1.27, "bus_tau_std": 4.17, "car_acc": 1.81, "car_dcc": 4.6, "car_lcCooperative": 0.06, "car_lcPushy": 0.17, "car_lcSublane": 0.4, "car_max_v": 11.33, "car_tau_mean": 1.03, "car_tau_std": 1.66}, "datetime": {"datetime": "2024-07-31 22:44:23", "elapsed": 37534.589463, "delta": 132.965794}}
{"target": 57.6913264264212, "params": {"bus_acc": 1.28, "bus_dcc": 1.88, "bus_lcCooperative": 0.99, "bus_lcPushy": 0.51, "bus_lcSublane": 0.67, "bus_max_v": 12.5, "bus_tau_mean": 2.59, "bus_tau_std": 0.74, "car_acc": 1.11, "car_dcc": 2.67, "car_lcCooperative": 0.69, "car_lcPushy": 0.81, "car_lcSublane": 0.28, "car_max_v": 8.17, "car_tau_mean": 2.96, "car_tau_std": 8.3}, "datetime": {"datetime": "2024-07-31 22:45:26", "elapsed": 37598.142959, "delta": 63.553496}}
{"target": 57.25797871054829, "params": {"bus_acc": 1.93, "bus_dcc": 3.54, "bus_lcCooperative": 0.67, "bus_lcPushy": 0.51, "bus_lcSublane": 0.65, "bus_max_v": 13.5, "bus_tau_mean": 1.88, "bus_tau_std": 8.72, "car_acc": 1.78, "car_dcc": 3.26, "car_lcCooperative": 0.56, "car_lcPushy": 0.35, "car_lcSublane": 0.72, "car_max_v": 9.53, "car_tau_mean": 2.2, "car_tau_std": 12.56}, "datetime": {"datetime": "2024-07-31 22:45:28", "elapsed": 37599.986258, "delta": 1.843299}}
{"target": 55.94883993287212, "params": {"bus_acc": 1.57, "bus_dcc": 1.47, "bus_lcCooperative": 0.74, "bus_lcPushy": 0.48, "bus_lcSublane": 0.26, "bus_max_v": 11.97, "bus_tau_mean": 2.17, "bus_tau_std": 3.46, "car_acc": 2.41, "car_dcc": 3.69, "car_lcCooperative": 0.88, "car_lcPushy": 0.34, "car_lcSublane": 0.78, "car_max_v": 9.34, "car_tau_mean": 1.16, "car_tau_std": 0.11}, "datetime": {"datetime": "2024-07-31 22:45:29", "elapsed": 37601.211112, "delta": 1.224854}}
{"target": 58.03913752942097, "params": {"bus_acc": 1.89, "bus_dcc": 2.73, "bus_lcCooperative": 0.32, "bus_lcPushy": 0.24, "bus_lcSublane": 0.31, "bus_max_v": 14.41, "bus_tau_mean": 2.02, "bus_tau_std": 1.71, "car_acc": 2.44, "car_dcc": 1.69, "car_lcCooperative": 0.77, "car_lcPushy": 0.53, "car_lcSublane": 0.82, "car_max_v": 8.08, "car_tau_mean": 1.71, "car_tau_std": 10.35}, "datetime": {"datetime": "2024-07-31 22:50:44", "elapsed": 37915.752081, "delta": 314.540969}}
{"target": 57.491667078901344, "params": {"bus_acc": 1.36, "bus_dcc": 1.39, "bus_lcCooperative": 0.38, "bus_lcPushy": 0.71, "bus_lcSublane": 0.53, "bus_max_v": 12.56, "bus_tau_mean": 1.7, "bus_tau_std": 1.99, "car_acc": 1.09, "car_dcc": 3.16, "car_lcCooperative": 0.67, "car_lcPushy": 0.53, "car_lcSublane": 0.22, "car_max_v": 13.42, "car_tau_mean": 2.18, "car_tau_std": 2.62}, "datetime": {"datetime": "2024-07-31 22:53:13", "elapsed": 38065.427609, "delta": 149.675528}}
{"target": 57.09429326403799, "params": {"bus_acc": 1.86, "bus_dcc": 2.01, "bus_lcCooperative": 0.59, "bus_lcPushy": 0.81, "bus_lcSublane": 0.94, "bus_max_v": 9.15, "bus_tau_mean": 1.24, "bus_tau_std": 7.16, "car_acc": 2.75, "car_dcc": 1.16, "car_lcCooperative": 0.36, "car_lcPushy": 0.2, "car_lcSublane": 0.2, "car_max_v": 11.07, "car_tau_mean": 2.15, "car_tau_std": 1.91}, "datetime": {"datetime": "2024-07-31 22:53:16", "elapsed": 38068.463334, "delta": 3.035725}}
{"target": 58.190156127092166, "params": {"bus_acc": 1.32, "bus_dcc": 3.06, "bus_lcCooperative": 0.19, "bus_lcPushy": 0.83, "bus_lcSublane": 0.13, "bus_max_v": 13.94, "bus_tau_mean": 1.97, "bus_tau_std": 1.04, "car_acc": 2.3, "car_dcc": 1.54, "car_lcCooperative": 0.77, "car_lcPushy": 0.53, "car_lcSublane": 0.3, "car_max_v": 8.4, "car_tau_mean": 2.63, "car_tau_std": 9.51}, "datetime": {"datetime": "2024-07-31 22:54:12", "elapsed": 38124.160695, "delta": 55.697361}}
{"target": 58.32326790425563, "params": {"bus_acc": 1.85, "bus_dcc": 3.2, "bus_lcCooperative": 0.24, "bus_lcPushy": 0.07, "bus_lcSublane": 0.06, "bus_max_v": 12.25, "bus_tau_mean": 1.89, "bus_tau_std": 3.21, "car_acc": 1.37, "car_dcc": 3.2, "car_lcCooperative": 0.17, "car_lcPushy": 0.37, "car_lcSublane": 0.52, "car_max_v": 9.04, "car_tau_mean": 2.38, "car_tau_std": 13.68}, "datetime": {"datetime": "2024-07-31 22:55:14", "elapsed": 38186.333032, "delta": 62.172337}}
{"target": 57.278547335163545, "params": {"bus_acc": 1.36, "bus_dcc": 2.59, "bus_lcCooperative": 0.03, "bus_lcPushy": 0.52, "bus_lcSublane": 0.48, "bus_max_v": 9.11, "bus_tau_mean": 1.23, "bus_tau_std": 1.26, "car_acc": 2.44, "car_dcc": 2.83, "car_lcCooperative": 0.58, "car_lcPushy": 0.5, "car_lcSublane": 0.21, "car_max_v": 9.4, "car_tau_mean": 1.11, "car_tau_std": 8.19}, "datetime": {"datetime": "2024-07-31 22:59:22", "elapsed": 38433.661873, "delta": 247.328841}}
{"target": 58.00252226548799, "params": {"bus_acc": 1.37, "bus_dcc": 3.08, "bus_lcCooperative": 0.53, "bus_lcPushy": 0.18, "bus_lcSublane": 0.2, "bus_max_v": 10.17, "bus_tau_mean": 2.14, "bus_tau_std": 8.14, "car_acc": 2.58, "car_dcc": 4.45, "car_lcCooperative": 0.99, "car_lcPushy": 0.85, "car_lcSublane": 0.71, "car_max_v": 8.31, "car_tau_mean": 2.28, "car_tau_std": 10.15}, "datetime": {"datetime": "2024-07-31 23:02:07", "elapsed": 38599.135907, "delta": 165.474034}}
{"target": 58.414640399776864, "params": {"bus_acc": 1.69, "bus_dcc": 1.1, "bus_lcCooperative": 0.84, "bus_lcPushy": 0.67, "bus_lcSublane": 0.64, "bus_max_v": 9.32, "bus_tau_mean": 2.4, "bus_tau_std": 1.24, "car_acc": 1.25, "car_dcc": 3.4, "car_lcCooperative": 0.4, "car_lcPushy": 0.32, "car_lcSublane": 0.02, "car_max_v": 8.4, "car_tau_mean": 1.76, "car_tau_std": 6.02}, "datetime": {"datetime": "2024-07-31 23:03:05", "elapsed": 38656.593819, "delta": 57.457912}}
{"target": 58.14766041820598, "params": {"bus_acc": 1.72, "bus_dcc": 1.82, "bus_lcCooperative": 0.5, "bus_lcPushy": 0.4, "bus_lcSublane": 0.63, "bus_max_v": 11.11, "bus_tau_mean": 2.66, "bus_tau_std": 1.82, "car_acc": 1.43, "car_dcc": 1.56, "car_lcCooperative": 0.67, "car_lcPushy": 0.2, "car_lcSublane": 0.35, "car_max_v": 8.53, "car_tau_mean": 1.78, "car_tau_std": 8.86}, "datetime": {"datetime": "2024-07-31 23:03:59", "elapsed": 38710.548899, "delta": 53.95508}}
{"target": 58.3883831843625, "params": {"bus_acc": 1.23, "bus_dcc": 1.41, "bus_lcCooperative": 0.13, "bus_lcPushy": 0.8, "bus_lcSublane": 0.17, "bus_max_v": 10.24, "bus_tau_mean": 2.37, "bus_tau_std": 1.6, "car_acc": 1.11, "car_dcc": 2.09, "car_lcCooperative": 0.32, "car_lcPushy": 0.28, "car_lcSublane": 0.3, "car_max_v": 8.3, "car_tau_mean": 2.67, "car_tau_std": 8.74}, "datetime": {"datetime": "2024-07-31 23:04:08", "elapsed": 38719.778566, "delta": 9.229667}}
{"target": 57.722396686316216, "params": {"bus_acc": 1.32, "bus_dcc": 3.2, "bus_lcCooperative": 0.69, "bus_lcPushy": 0.67, "bus_lcSublane": 0.86, "bus_max_v": 9.42, "bus_tau_mean": 1.76, "bus_tau_std": 0.99, "car_acc": 2.55, "car_dcc": 2.39, "car_lcCooperative": 0.81, "car_lcPushy": 0.05, "car_lcSublane": 0.59, "car_max_v": 8.87, "car_tau_mean": 2.62, "car_tau_std": 8.02}, "datetime": {"datetime": "2024-07-31 23:08:06", "elapsed": 38958.122987, "delta": 238.344421}}
{"target": 56.086993540283956, "params": {"bus_acc": 1.7, "bus_dcc": 2.18, "bus_lcCooperative": 0.58, "bus_lcPushy": 0.03, "bus_lcSublane": 0.74, "bus_max_v": 13.59, "bus_tau_mean": 2.37, "bus_tau_std": 4.86, "car_acc": 2.7, "car_dcc": 2.57, "car_lcCooperative": 0.05, "car_lcPushy": 0.76, "car_lcSublane": 0.36, "car_max_v": 14.85, "car_tau_mean": 1.46, "car_tau_std": 14.63}, "datetime": {"datetime": "2024-07-31 23:10:58", "elapsed": 39129.834777, "delta": 171.71179}}
