{"target": -0.31043764462135226, "params": {"bus_acc": 3.4617, "bus_dcc": 2.9639, "bus_lcAssertive": 57.7193, "bus_lcCooperative": 0.4449, "bus_lcLookaheadLeft": 39.6106, "bus_lcPushy": 0.6177, "bus_lcSigma": 0.5378, "bus_lcSpeedGainRight": 3.8542, "bus_lcSublane": 0.3272, "bus_sigma": 0.5339, "bus_tau_mean": 2.1162, "bus_tau_std": 4.5388, "bus_v_mean": 20.1114, "bus_v_std": 2.6732, "car_acc": 2.5126, "car_dcc": 2.7166, "car_lcAssertive": 19.1124, "car_lcCooperative": 0.7378, "car_lcLookaheadLeft": 11.254, "car_lcPushy": 0.781, "car_lcSigma": 0.249, "car_lcSpeedGainRight": 3.6954, "car_lcSublane": 0.5769, "car_sigma": 0.2249, "car_tau_mean": 3.3296, "car_tau_std": 8.6515, "car_v_mean": 11.5066, "car_v_std": 2.1086}, "datetime": {"datetime": "2024-08-08 17:46:43", "elapsed": 1388.687267, "delta": 1.752054}}
{"target": -0.305500159890256, "params": {"bus_acc": 4.1228, "bus_dcc": 1.4173, "bus_lcAssertive": 41.3551, "bus_lcCooperative": 0.2771, "bus_lcLookaheadLeft": 56.1649, "bus_lcPushy": 0.0451, "bus_lcSigma": 0.5804, "bus_lcSpeedGainRight": 1.6367, "bus_lcSublane": 0.785, "bus_sigma": 0.6182, "bus_tau_mean": 2.9464, "bus_tau_std": 9.3591, "bus_v_mean": 18.2426, "bus_v_std": 15.4817, "car_acc": 4.0815, "car_dcc": 1.0124, "car_lcAssertive": 35.648, "car_lcCooperative": 0.5404, "car_lcLookaheadLeft": 55.3144, "car_lcPushy": 0.9046, "car_lcSigma": 0.0181, "car_lcSpeedGainRight": 1.9439, "car_lcSublane": 0.0688, "car_sigma": 0.3371, "car_tau_mean": 3.3118, "car_tau_std": 0.4665, "car_v_mean": 10.8321, "car_v_std": 5.0161}, "datetime": {"datetime": "2024-08-08 17:46:46", "elapsed": 1391.32351, "delta": 2.636243}}
{"target": -0.27162522191901584, "params": {"bus_acc": 1.9834, "bus_dcc": 1.3909, "bus_lcAssertive": 11.1665, "bus_lcCooperative": 0.076, "bus_lcLookaheadLeft": 51.9814, "bus_lcPushy": 0.0264, "bus_lcSigma": 0.5165, "bus_lcSpeedGainRight": 2.8265, "bus_lcSublane": 0.2928, "bus_sigma": 0.9032, "bus_tau_mean": 3.93, "bus_tau_std": 6.2678, "bus_v_mean": 19.0477, "bus_v_std": 12.4894, "car_acc": 1.5294, "car_dcc": 1.4485, "car_lcAssertive": 74.7049, "car_lcCooperative": 0.8331, "car_lcLookaheadLeft": 47.9915, "car_lcPushy": 0.5568, "car_lcSigma": 0.6993, "car_lcSpeedGainRight": 0.1353, "car_lcSublane": 0.406, "car_sigma": 0.2413, "car_tau_mean": 2.4111, "car_tau_std": 2.7467, "car_v_mean": 11.9495, "car_v_std": 3.235}, "datetime": {"datetime": "2024-08-08 17:46:49", "elapsed": 1394.697803, "delta": 3.374293}}
{"target": -0.31444900027468975, "params": {"bus_acc": 3.6502, "bus_dcc": 2.6619, "bus_lcAssertive": 78.141, "bus_lcCooperative": 0.3106, "bus_lcLookaheadLeft": 7.9191, "bus_lcPushy": 0.3845, "bus_lcSigma": 0.9265, "bus_lcSpeedGainRight": 4.154, "bus_lcSublane": 0.3747, "bus_sigma": 0.8748, "bus_tau_mean": 1.7183, "bus_tau_std": 6.8542, "bus_v_mean": 16.7256, "bus_v_std": 12.7889, "car_acc": 3.5672, "car_dcc": 2.3919, "car_lcAssertive": 25.805, "car_lcCooperative": 0.236, "car_lcLookaheadLeft": 70.3683, "car_lcPushy": 0.3712, "car_lcSigma": 0.5572, "car_lcSpeedGainRight": 3.3823, "car_lcSublane": 0.6203, "car_sigma": 0.148, "car_tau_mean": 1.4268, "car_tau_std": 3.8358, "car_v_mean": 9.8765, "car_v_std": 16.8175}, "datetime": {"datetime": "2024-08-08 17:46:53", "elapsed": 1398.162205, "delta": 3.464402}}
{"target": -0.29174357236293574, "params": {"bus_acc": 4.8251, "bus_dcc": 1.6062, "bus_lcAssertive": 80.7503, "bus_lcCooperative": 0.4415, "bus_lcLookaheadLeft": 6.0572, "bus_lcPushy": 0.2404, "bus_lcSigma": 0.8589, "bus_lcSpeedGainRight": 4.3308, "bus_lcSublane": 0.2595, "bus_sigma": 0.9212, "bus_tau_mean": 3.0064, "bus_tau_std": 5.706, "bus_v_mean": 13.4101, "bus_v_std": 9.3821, "car_acc": 2.5917, "car_dcc": 1.5443, "car_lcAssertive": 31.6153, "car_lcCooperative": 0.0611, "car_lcLookaheadLeft": 67.3654, "car_lcPushy": 0.3783, "car_lcSigma": 0.3217, "car_lcSpeedGainRight": 3.21, "car_lcSublane": 0.2807, "car_sigma": 0.3646, "car_tau_mean": 2.0705, "car_tau_std": 4.0746, "car_v_mean": 12.1267, "car_v_std": 15.6616}, "datetime": {"datetime": "2024-08-08 17:46:54", "elapsed": 1399.526, "delta": 1.363795}}
{"target": -0.30443535973876157, "params": {"bus_acc": 3.0186, "bus_dcc": 3.4264, "bus_lcAssertive": 52.3127, "bus_lcCooperative": 0.6127, "bus_lcLookaheadLeft": 36.6747, "bus_lcPushy": 0.4523, "bus_lcSigma": 0.4503, "bus_lcSpeedGainRight": 2.5491, "bus_lcSublane": 0.8718, "bus_sigma": 0.8232, "bus_tau_mean": 0.6936, "bus_tau_std": 0.6541, "bus_v_mean": 8.9197, "bus_v_std": 11.9492, "car_acc": 1.5913, "car_dcc": 2.5396, "car_lcAssertive": 81.5233, "car_lcCooperative": 0.7706, "car_lcLookaheadLeft": 69.6446, "car_lcPushy": 0.9558, "car_lcSigma": 0.0888, "car_lcSpeedGainRight": 2.7949, "car_lcSublane": 0.3614, "car_sigma": 0.2342, "car_tau_mean": 1.2027, "car_tau_std": 5.5101, "car_v_mean": 11.5014, "car_v_std": 0.4542}, "datetime": {"datetime": "2024-08-08 17:46:55", "elapsed": 1401.040694, "delta": 1.514694}}
{"target": -0.30841222142043706, "params": {"bus_acc": 1.2785, "bus_dcc": 3.7842, "bus_lcAssertive": 72.0089, "bus_lcCooperative": 0.4809, "bus_lcLookaheadLeft": 31.7337, "bus_lcPushy": 0.9572, "bus_lcSigma": 0.73, "bus_lcSpeedGainRight": 3.9775, "bus_lcSublane": 0.9665, "bus_sigma": 0.7108, "bus_tau_mean": 2.9435, "bus_tau_std": 5.2791, "bus_v_mean": 20.049, "bus_v_std": 5.9442, "car_acc": 3.5566, "car_dcc": 2.7176, "car_lcAssertive": 11.5039, "car_lcCooperative": 0.3072, "car_lcLookaheadLeft": 78.1552, "car_lcPushy": 0.6963, "car_lcSigma": 0.6483, "car_lcSpeedGainRight": 2.3238, "car_lcSublane": 0.1599, "car_sigma": 0.2082, "car_tau_mean": 3.681, "car_tau_std": 1.592, "car_v_mean": 20.1116, "car_v_std": 10.7978}, "datetime": {"datetime": "2024-08-08 17:46:57", "elapsed": 1402.327618, "delta": 1.286924}}
{"target": -0.29188279554117397, "params": {"bus_acc": 4.8284, "bus_dcc": 1.6032, "bus_lcAssertive": 80.7684, "bus_lcCooperative": 0.4383, "bus_lcLookaheadLeft": 6.0638, "bus_lcPushy": 0.2373, "bus_lcSigma": 0.8551, "bus_lcSpeedGainRight": 4.3689, "bus_lcSublane": 0.2594, "bus_sigma": 0.921, "bus_tau_mean": 2.9777, "bus_tau_std": 5.676, "bus_v_mean": 13.4082, "bus_v_std": 9.416, "car_acc": 2.5941, "car_dcc": 1.5702, "car_lcAssertive": 31.6588, "car_lcCooperative": 0.0594, "car_lcLookaheadLeft": 67.4025, "car_lcPushy": 0.4002, "car_lcSigma": 0.3196, "car_lcSpeedGainRight": 3.2216, "car_lcSublane": 0.2818, "car_sigma": 0.3642, "car_tau_mean": 2.0921, "car_tau_std": 4.0986, "car_v_mean": 12.078, "car_v_std": 15.7072}, "datetime": {"datetime": "2024-08-08 17:46:58", "elapsed": 1403.227115, "delta": 0.899497}}
{"target": -0.33096183464950113, "params": {"bus_acc": 1.464, "bus_dcc": 1.4628, "bus_lcAssertive": 15.0849, "bus_lcCooperative": 0.1739, "bus_lcLookaheadLeft": 53.3068, "bus_lcPushy": 0.8989, "bus_lcSigma": 0.1644, "bus_lcSpeedGainRight": 3.4614, "bus_lcSublane": 0.8395, "bus_sigma": 0.4033, "bus_tau_mean": 2.6612, "bus_tau_std": 5.3094, "bus_v_mean": 23.0378, "bus_v_std": 11.2613, "car_acc": 1.8165, "car_dcc": 2.9504, "car_lcAssertive": 20.7832, "car_lcCooperative": 0.4177, "car_lcLookaheadLeft": 82.9411, "car_lcPushy": 0.8854, "car_lcSigma": 0.6809, "car_lcSpeedGainRight": 4.3792, "car_lcSublane": 0.0945, "car_sigma": 0.6779, "car_tau_mean": 2.9765, "car_tau_std": 8.8101, "car_v_mean": 13.811, "car_v_std": 15.7529}, "datetime": {"datetime": "2024-08-08 17:46:59", "elapsed": 1404.679018, "delta": 1.451903}}
{"target": -0.3364279681748899, "params": {"bus_acc": 2.4207, "bus_dcc": 1.8525, "bus_lcAssertive": 1.4155, "bus_lcCooperative": 0.7519, "bus_lcLookaheadLeft": 97.4084, "bus_lcPushy": 0.0512, "bus_lcSigma": 0.0847, "bus_lcSpeedGainRight": 1.3318, "bus_lcSublane": 0.1222, "bus_sigma": 0.0524, "bus_tau_mean": 3.2973, "bus_tau_std": 6.3584, "bus_v_mean": 23.9786, "bus_v_std": 2.8725, "car_acc": 2.7647, "car_dcc": 2.5631, "car_lcAssertive": 17.889, "car_lcCooperative": 0.3269, "car_lcLookaheadLeft": 63.8414, "car_lcPushy": 0.8485, "car_lcSigma": 0.3411, "car_lcSpeedGainRight": 1.6696, "car_lcSublane": 0.139, "car_sigma": 0.3978, "car_tau_mean": 1.3954, "car_tau_std": 5.3627, "car_v_mean": 19.9008, "car_v_std": 3.8407}, "datetime": {"datetime": "2024-08-08 17:47:01", "elapsed": 1406.644441, "delta": 1.965423}}
{"target": -0.327115297300534, "params": {"bus_acc": 5.0, "bus_dcc": 2.18, "bus_lcAssertive": 82.5394, "bus_lcCooperative": 0.4471, "bus_lcLookaheadLeft": 8.1125, "bus_lcPushy": 0.355, "bus_lcSigma": 1.0, "bus_lcSpeedGainRight": 4.8736, "bus_lcSublane": 0.5054, "bus_sigma": 1.0, "bus_tau_mean": 3.6902, "bus_tau_std": 4.7774, "bus_v_mean": 15.919, "bus_v_std": 13.0273, "car_acc": 2.2799, "car_dcc": 1.6928, "car_lcAssertive": 27.7159, "car_lcCooperative": 0.2316, "car_lcLookaheadLeft": 68.317, "car_lcPushy": 0.9817, "car_lcSigma": 0.5378, "car_lcSpeedGainRight": 4.1172, "car_lcSublane": 0.3619, "car_sigma": 0.461, "car_tau_mean": 2.1708, "car_tau_std": 2.1755, "car_v_mean": 9.8372, "car_v_std": 17.8297}, "datetime": {"datetime": "2024-08-08 17:47:03", "elapsed": 1408.534044, "delta": 1.889603}}
{"target": -0.2941263257151985, "params": {"bus_acc": 3.4744, "bus_dcc": 2.278, "bus_lcAssertive": 14.8091, "bus_lcCooperative": 0.7113, "bus_lcLookaheadLeft": 77.9713, "bus_lcPushy": 0.2658, "bus_lcSigma": 0.7735, "bus_lcSpeedGainRight": 4.2714, "bus_lcSublane": 0.2079, "bus_sigma": 0.7411, "bus_tau_mean": 0.5789, "bus_tau_std": 4.169, "bus_v_mean": 13.2525, "bus_v_std": 8.0413, "car_acc": 3.0575, "car_dcc": 3.2882, "car_lcAssertive": 37.7162, "car_lcCooperative": 0.0637, "car_lcLookaheadLeft": 40.3127, "car_lcPushy": 0.9759, "car_lcSigma": 0.5799, "car_lcSpeedGainRight": 2.2462, "car_lcSublane": 0.3358, "car_sigma": 0.1309, "car_tau_mean": 3.2695, "car_tau_std": 0.2039, "car_v_mean": 20.0968, "car_v_std": 12.0091}, "datetime": {"datetime": "2024-08-08 17:47:04", "elapsed": 1409.287413, "delta": 0.753369}}
{"target": -0.30296368980536065, "params": {"bus_acc": 1.3465, "bus_dcc": 1.8224, "bus_lcAssertive": 67.0017, "bus_lcCooperative": 0.9559, "bus_lcLookaheadLeft": 73.903, "bus_lcPushy": 0.8133, "bus_lcSigma": 0.9862, "bus_lcSpeedGainRight": 4.0026, "bus_lcSublane": 0.2071, "bus_sigma": 0.1937, "bus_tau_mean": 3.9102, "bus_tau_std": 3.5557, "bus_v_mean": 8.9695, "bus_v_std": 1.9493, "car_acc": 3.2467, "car_dcc": 3.2232, "car_lcAssertive": 76.354, "car_lcCooperative": 0.623, "car_lcLookaheadLeft": 46.5686, "car_lcPushy": 0.2015, "car_lcSigma": 0.5137, "car_lcSpeedGainRight": 1.4747, "car_lcSublane": 0.4694, "car_sigma": 0.2161, "car_tau_mean": 1.0717, "car_tau_std": 6.463, "car_v_mean": 14.9995, "car_v_std": 14.4495}, "datetime": {"datetime": "2024-08-08 17:47:05", "elapsed": 1410.8375, "delta": 1.550087}}
{"target": -0.2936973187767972, "params": {"bus_acc": 3.6051, "bus_dcc": 1.0787, "bus_lcAssertive": 47.2449, "bus_lcCooperative": 0.2208, "bus_lcLookaheadLeft": 9.8983, "bus_lcPushy": 0.0674, "bus_lcSigma": 0.9674, "bus_lcSpeedGainRight": 3.5804, "bus_lcSublane": 0.3325, "bus_sigma": 0.3676, "bus_tau_mean": 1.7759, "bus_tau_std": 9.8117, "bus_v_mean": 12.7111, "bus_v_std": 10.057, "car_acc": 4.1281, "car_dcc": 2.218, "car_lcAssertive": 13.6082, "car_lcCooperative": 0.1436, "car_lcLookaheadLeft": 36.9732, "car_lcPushy": 0.0159, "car_lcSigma": 0.4097, "car_lcSpeedGainRight": 1.9897, "car_lcSublane": 0.0219, "car_sigma": 0.2553, "car_tau_mean": 3.2926, "car_tau_std": 3.1903, "car_v_mean": 12.9463, "car_v_std": 11.0163}, "datetime": {"datetime": "2024-08-08 17:47:07", "elapsed": 1412.278639, "delta": 1.441139}}
{"target": -0.3060838918916536, "params": {"bus_acc": 4.6514, "bus_dcc": 2.4639, "bus_lcAssertive": 73.071, "bus_lcCooperative": 0.9827, "bus_lcLookaheadLeft": 73.7125, "bus_lcPushy": 0.113, "bus_lcSigma": 0.4362, "bus_lcSpeedGainRight": 0.4547, "bus_lcSublane": 0.3307, "bus_sigma": 0.6371, "bus_tau_mean": 0.9663, "bus_tau_std": 4.7095, "bus_v_mean": 13.9258, "bus_v_std": 1.1977, "car_acc": 2.84, "car_dcc": 2.6347, "car_lcAssertive": 8.7586, "car_lcCooperative": 0.7026, "car_lcLookaheadLeft": 55.2928, "car_lcPushy": 0.9777, "car_lcSigma": 0.9423, "car_lcSpeedGainRight": 2.3168, "car_lcSublane": 0.5164, "car_sigma": 0.9356, "car_tau_mean": 3.8591, "car_tau_std": 6.7072, "car_v_mean": 19.1056, "car_v_std": 10.2566}, "datetime": {"datetime": "2024-08-08 17:47:10", "elapsed": 1415.103025, "delta": 2.824386}}
{"target": -0.31187897779918805, "params": {"bus_acc": 3.5176, "bus_dcc": 3.0768, "bus_lcAssertive": 68.6112, "bus_lcCooperative": 0.2247, "bus_lcLookaheadLeft": 18.8076, "bus_lcPushy": 0.4849, "bus_lcSigma": 0.1021, "bus_lcSpeedGainRight": 1.1309, "bus_lcSublane": 0.7066, "bus_sigma": 0.6308, "bus_tau_mean": 2.5573, "bus_tau_std": 8.7022, "bus_v_mean": 13.9312, "bus_v_std": 9.0713, "car_acc": 2.2639, "car_dcc": 1.1358, "car_lcAssertive": 85.3771, "car_lcCooperative": 0.8952, "car_lcLookaheadLeft": 86.5378, "car_lcPushy": 0.1349, "car_lcSigma": 0.2162, "car_lcSpeedGainRight": 4.2478, "car_lcSublane": 0.6974, "car_sigma": 0.5582, "car_tau_mean": 3.2523, "car_tau_std": 4.8342, "car_v_mean": 14.2306, "car_v_std": 0.0724}, "datetime": {"datetime": "2024-08-08 17:47:11", "elapsed": 1416.999636, "delta": 1.896611}}
{"target": -0.30906496171309755, "params": {"bus_acc": 2.2491, "bus_dcc": 3.63, "bus_lcAssertive": 3.7427, "bus_lcCooperative": 0.3267, "bus_lcLookaheadLeft": 51.3234, "bus_lcPushy": 0.6047, "bus_lcSigma": 0.3183, "bus_lcSpeedGainRight": 4.0038, "bus_lcSublane": 0.4733, "bus_sigma": 0.5498, "bus_tau_mean": 1.8549, "bus_tau_std": 6.0069, "bus_v_mean": 13.3161, "bus_v_std": 16.2315, "car_acc": 2.6676, "car_dcc": 1.3905, "car_lcAssertive": 15.02, "car_lcCooperative": 0.3545, "car_lcLookaheadLeft": 13.1419, "car_lcPushy": 0.1193, "car_lcSigma": 0.2604, "car_lcSpeedGainRight": 4.0874, "car_lcSublane": 0.5486, "car_sigma": 0.4517, "car_tau_mean": 3.1414, "car_tau_std": 6.2442, "car_v_mean": 19.2515, "car_v_std": 16.7311}, "datetime": {"datetime": "2024-08-08 17:47:16", "elapsed": 1421.533501, "delta": 4.533865}}
{"target": -0.35280438112557255, "params": {"bus_acc": 1.5333, "bus_dcc": 2.0279, "bus_lcAssertive": 46.0941, "bus_lcCooperative": 0.6721, "bus_lcLookaheadLeft": 15.6003, "bus_lcPushy": 0.2607, "bus_lcSigma": 0.8218, "bus_lcSpeedGainRight": 3.9583, "bus_lcSublane": 0.7115, "bus_sigma": 0.5172, "bus_tau_mean": 2.0442, "bus_tau_std": 5.182, "bus_v_mean": 18.0467, "bus_v_std": 16.4658, "car_acc": 2.6973, "car_dcc": 2.8539, "car_lcAssertive": 53.3078, "car_lcCooperative": 0.2327, "car_lcLookaheadLeft": 30.4632, "car_lcPushy": 0.3191, "car_lcSigma": 0.4178, "car_lcSpeedGainRight": 2.2158, "car_lcSublane": 0.5139, "car_sigma": 0.4287, "car_tau_mean": 1.3167, "car_tau_std": 1.9334, "car_v_mean": 20.578, "car_v_std": 18.9783}, "datetime": {"datetime": "2024-08-08 17:47:18", "elapsed": 1423.231347, "delta": 1.697846}}
{"target": -0.34619601171296027, "params": {"bus_acc": 3.935, "bus_dcc": 3.6916, "bus_lcAssertive": 55.7349, "bus_lcCooperative": 0.6979, "bus_lcLookaheadLeft": 27.5674, "bus_lcPushy": 0.5173, "bus_lcSigma": 0.1631, "bus_lcSpeedGainRight": 4.2273, "bus_lcSublane": 0.2713, "bus_sigma": 0.1741, "bus_tau_mean": 2.2721, "bus_tau_std": 6.7538, "bus_v_mean": 11.777, "bus_v_std": 10.3908, "car_acc": 1.1493, "car_dcc": 3.4143, "car_lcAssertive": 55.0543, "car_lcCooperative": 0.1017, "car_lcLookaheadLeft": 50.9717, "car_lcPushy": 0.4843, "car_lcSigma": 0.6995, "car_lcSpeedGainRight": 3.4685, "car_lcSublane": 0.708, "car_sigma": 0.8771, "car_tau_mean": 2.4469, "car_tau_std": 9.2641, "car_v_mean": 20.9742, "car_v_std": 11.0289}, "datetime": {"datetime": "2024-08-08 17:47:19", "elapsed": 1424.216123, "delta": 0.984776}}
{"target": -0.2932843577278629, "params": {"bus_acc": 4.1334, "bus_dcc": 1.614, "bus_lcAssertive": 4.9442, "bus_lcCooperative": 0.3173, "bus_lcLookaheadLeft": 18.4489, "bus_lcPushy": 0.7365, "bus_lcSigma": 0.7321, "bus_lcSpeedGainRight": 3.6597, "bus_lcSublane": 0.7097, "bus_sigma": 0.2765, "bus_tau_mean": 1.9654, "bus_tau_std": 3.3803, "bus_v_mean": 12.3697, "bus_v_std": 6.8926, "car_acc": 3.6864, "car_dcc": 2.8237, "car_lcAssertive": 31.4436, "car_lcCooperative": 0.2704, "car_lcLookaheadLeft": 97.6316, "car_lcPushy": 0.6973, "car_lcSigma": 0.4576, "car_lcSpeedGainRight": 2.7807, "car_lcSublane": 0.6544, "car_sigma": 0.7023, "car_tau_mean": 2.7006, "car_tau_std": 3.043, "car_v_mean": 16.1462, "car_v_std": 14.1111}, "datetime": {"datetime": "2024-08-08 17:47:20", "elapsed": 1425.217206, "delta": 1.001083}}
{"target": -0.2923393492315462, "params": {"bus_acc": 4.8262, "bus_dcc": 1.6007, "bus_lcAssertive": 80.7502, "bus_lcCooperative": 0.4268, "bus_lcLookaheadLeft": 6.0452, "bus_lcPushy": 0.236, "bus_lcSigma": 0.8544, "bus_lcSpeedGainRight": 4.393, "bus_lcSublane": 0.2549, "bus_sigma": 0.92, "bus_tau_mean": 2.9882, "bus_tau_std": 5.6942, "bus_v_mean": 13.4287, "bus_v_std": 9.405, "car_acc": 2.6118, "car_dcc": 1.5739, "car_lcAssertive": 31.6698, "car_lcCooperative": 0.0595, "car_lcLookaheadLeft": 67.4287, "car_lcPushy": 0.3986, "car_lcSigma": 0.3193, "car_lcSpeedGainRight": 3.2384, "car_lcSublane": 0.2801, "car_sigma": 0.3634, "car_tau_mean": 2.0994, "car_tau_std": 4.0998, "car_v_mean": 12.0738, "car_v_std": 15.7055}, "datetime": {"datetime": "2024-08-08 17:47:22", "elapsed": 1427.238677, "delta": 2.021471}}
{"target": -0.41255578889334305, "params": {"bus_acc": 2.8856, "bus_dcc": 1.4243, "bus_lcAssertive": 68.6264, "bus_lcCooperative": 0.1964, "bus_lcLookaheadLeft": 26.8795, "bus_lcPushy": 0.0877, "bus_lcSigma": 0.8924, "bus_lcSpeedGainRight": 3.4047, "bus_lcSublane": 0.5201, "bus_sigma": 0.6204, "bus_tau_mean": 2.3405, "bus_tau_std": 6.9962, "bus_v_mean": 16.3331, "bus_v_std": 6.1845, "car_acc": 3.2997, "car_dcc": 2.0448, "car_lcAssertive": 39.8066, "car_lcCooperative": 0.5089, "car_lcLookaheadLeft": 98.8421, "car_lcPushy": 0.3117, "car_lcSigma": 0.0008, "car_lcSpeedGainRight": 0.3973, "car_lcSublane": 0.3564, "car_sigma": 0.5973, "car_tau_mean": 0.7144, "car_tau_std": 3.9288, "car_v_mean": 8.0141, "car_v_std": 2.6505}, "datetime": {"datetime": "2024-08-08 17:47:23", "elapsed": 1428.531953, "delta": 1.293276}}
{"target": -0.31191204010609047, "params": {"bus_acc": 3.8759, "bus_dcc": 1.5702, "bus_lcAssertive": 23.7443, "bus_lcCooperative": 0.0196, "bus_lcLookaheadLeft": 9.5809, "bus_lcPushy": 0.8909, "bus_lcSigma": 0.0393, "bus_lcSpeedGainRight": 3.0506, "bus_lcSublane": 0.1336, "bus_sigma": 0.4875, "bus_tau_mean": 3.4862, "bus_tau_std": 8.8202, "bus_v_mean": 16.4408, "bus_v_std": 4.3016, "car_acc": 3.7583, "car_dcc": 1.927, "car_lcAssertive": 44.8768, "car_lcCooperative": 0.8377, "car_lcLookaheadLeft": 90.1887, "car_lcPushy": 0.5285, "car_lcSigma": 0.2506, "car_lcSpeedGainRight": 0.8831, "car_lcSublane": 0.9813, "car_sigma": 0.37, "car_tau_mean": 2.4392, "car_tau_std": 6.2636, "car_v_mean": 15.9309, "car_v_std": 4.2135}, "datetime": {"datetime": "2024-08-08 17:47:28", "elapsed": 1433.811924, "delta": 5.279971}}
{"target": -0.29514199234758864, "params": {"bus_acc": 1.3062, "bus_dcc": 2.0589, "bus_lcAssertive": 78.0453, "bus_lcCooperative": 0.6302, "bus_lcLookaheadLeft": 26.5804, "bus_lcPushy": 0.5792, "bus_lcSigma": 0.562, "bus_lcSpeedGainRight": 2.9229, "bus_lcSublane": 0.4458, "bus_sigma": 0.517, "bus_tau_mean": 1.6533, "bus_tau_std": 3.8563, "bus_v_mean": 10.3352, "bus_v_std": 11.8941, "car_acc": 3.4402, "car_dcc": 2.7323, "car_lcAssertive": 5.2671, "car_lcCooperative": 0.3481, "car_lcLookaheadLeft": 13.9935, "car_lcPushy": 0.4308, "car_lcSigma": 0.9051, "car_lcSpeedGainRight": 2.4832, "car_lcSublane": 0.4607, "car_sigma": 0.6999, "car_tau_mean": 3.5973, "car_tau_std": 3.3002, "car_v_mean": 19.225, "car_v_std": 16.6234}, "datetime": {"datetime": "2024-08-08 17:47:29", "elapsed": 1434.968577, "delta": 1.156653}}
{"target": -0.30616707854621833, "params": {"bus_acc": 4.6951, "bus_dcc": 2.1369, "bus_lcAssertive": 14.7374, "bus_lcCooperative": 0.4321, "bus_lcLookaheadLeft": 56.77, "bus_lcPushy": 0.5987, "bus_lcSigma": 0.2794, "bus_lcSpeedGainRight": 4.6063, "bus_lcSublane": 0.3635, "bus_sigma": 0.2922, "bus_tau_mean": 2.3619, "bus_tau_std": 3.8899, "bus_v_mean": 16.0851, "bus_v_std": 12.5317, "car_acc": 4.0119, "car_dcc": 2.9277, "car_lcAssertive": 23.947, "car_lcCooperative": 0.9469, "car_lcLookaheadLeft": 82.8811, "car_lcPushy": 0.2186, "car_lcSigma": 0.6278, "car_lcSpeedGainRight": 2.6119, "car_lcSublane": 0.0317, "car_sigma": 0.0577, "car_tau_mean": 3.315, "car_tau_std": 9.2354, "car_v_mean": 8.4131, "car_v_std": 17.5285}, "datetime": {"datetime": "2024-08-08 17:47:31", "elapsed": 1436.322288, "delta": 1.353711}}
{"target": -0.313318102323182, "params": {"bus_acc": 3.6105, "bus_dcc": 2.6806, "bus_lcAssertive": 6.4284, "bus_lcCooperative": 0.4331, "bus_lcLookaheadLeft": 24.7989, "bus_lcPushy": 0.8044, "bus_lcSigma": 0.8689, "bus_lcSpeedGainRight": 3.3841, "bus_lcSublane": 0.7603, "bus_sigma": 0.3616, "bus_tau_mean": 1.7418, "bus_tau_std": 2.5877, "bus_v_mean": 10.3149, "bus_v_std": 4.8052, "car_acc": 2.0575, "car_dcc": 1.7365, "car_lcAssertive": 32.2759, "car_lcCooperative": 0.5166, "car_lcLookaheadLeft": 96.8905, "car_lcPushy": 0.6902, "car_lcSigma": 0.2718, "car_lcSpeedGainRight": 2.6586, "car_lcSublane": 0.5806, "car_sigma": 0.2762, "car_tau_mean": 2.5846, "car_tau_std": 1.297, "car_v_mean": 15.0236, "car_v_std": 18.0755}, "datetime": {"datetime": "2024-08-08 17:47:33", "elapsed": 1438.233047, "delta": 1.910759}}
