{"target": -0.34238274929322554, "params": {"bus_acc": 2.3345, "bus_dcc": 3.4568, "bus_lcAssertive": 62.3839, "bus_lcCooperative": 0.5547, "bus_lcLookaheadLeft": 54.1407, "bus_lcPushy": 0.5366, "bus_lcSigma": 0.0102, "bus_lcSpeedGainRight": 2.309, "bus_lcSublane": 0.3583, "bus_sigma": 0.7854, "bus_tau_mean": 2.7832, "bus_tau_std": 1.209, "bus_v_mean": 14.9168, "bus_v_std": 6.8645, "car_acc": 2.266, "car_dcc": 3.9005, "car_lcAssertive": 89.4879, "car_lcCooperative": 0.6266, "car_lcLookaheadLeft": 37.5797, "car_lcPushy": 0.4915, "car_lcSigma": 0.226, "car_lcSpeedGainRight": 2.201, "car_lcSublane": 0.3968, "car_sigma": 0.4865, "car_tau_mean": 3.0741, "car_tau_std": 0.8705, "car_v_mean": 19.6393, "car_v_std": 6.3389}, "datetime": {"datetime": "2024-08-08 12:37:18", "elapsed": 2248.56341, "delta": 7.955774}}
{"target": -0.371543989070906, "params": {"bus_acc": 2.6939, "bus_dcc": 2.313, "bus_lcAssertive": 1.2912, "bus_lcCooperative": 0.4762, "bus_lcLookaheadLeft": 86.33, "bus_lcPushy": 0.4501, "bus_lcSigma": 0.9751, "bus_lcSpeedGainRight": 4.1237, "bus_lcSublane": 0.6658, "bus_sigma": 0.336, "bus_tau_mean": 2.4376, "bus_tau_std": 1.5278, "bus_v_mean": 9.4798, "bus_v_std": 16.5841, "car_acc": 3.8984, "car_dcc": 2.712, "car_lcAssertive": 16.76, "car_lcCooperative": 0.4187, "car_lcLookaheadLeft": 37.9716, "car_lcPushy": 0.6652, "car_lcSigma": 0.0951, "car_lcSpeedGainRight": 1.7863, "car_lcSublane": 0.0617, "car_sigma": 0.3964, "car_tau_mean": 2.2978, "car_tau_std": 8.4736, "car_v_mean": 10.492, "car_v_std": 1.5838}, "datetime": {"datetime": "2024-08-08 12:37:31", "elapsed": 2261.09304, "delta": 12.52963}}
{"target": -0.37134645782232617, "params": {"bus_acc": 3.0892, "bus_dcc": 3.9689, "bus_lcAssertive": 47.1376, "bus_lcCooperative": 0.3297, "bus_lcLookaheadLeft": 18.3286, "bus_lcPushy": 0.4481, "bus_lcSigma": 0.9834, "bus_lcSpeedGainRight": 3.4902, "bus_lcSublane": 0.3726, "bus_sigma": 0.7286, "bus_tau_mean": 3.7899, "bus_tau_std": 9.9192, "bus_v_mean": 21.037, "bus_v_std": 5.8144, "car_acc": 2.3009, "car_dcc": 2.957, "car_lcAssertive": 25.2851, "car_lcCooperative": 0.1606, "car_lcLookaheadLeft": 66.4478, "car_lcPushy": 0.7121, "car_lcSigma": 0.7689, "car_lcSpeedGainRight": 1.0288, "car_lcSublane": 0.2765, "car_sigma": 0.6844, "car_tau_mean": 1.3957, "car_tau_std": 7.4953, "car_v_mean": 13.9857, "car_v_std": 5.0167}, "datetime": {"datetime": "2024-08-08 12:37:33", "elapsed": 2263.129, "delta": 2.03596}}
{"target": -0.2909796718751611, "params": {"bus_acc": 1.3141, "bus_dcc": 3.6667, "bus_lcAssertive": 10.5031, "bus_lcCooperative": 0.9497, "bus_lcLookaheadLeft": 57.1252, "bus_lcPushy": 0.9263, "bus_lcSigma": 0.6331, "bus_lcSpeedGainRight": 0.0292, "bus_lcSublane": 0.8549, "bus_sigma": 0.8199, "bus_tau_mean": 3.7647, "bus_tau_std": 8.9858, "bus_v_mean": 12.4935, "bus_v_std": 8.8623, "car_acc": 1.18, "car_dcc": 1.4219, "car_lcAssertive": 82.2272, "car_lcCooperative": 0.4582, "car_lcLookaheadLeft": 60.9316, "car_lcPushy": 0.9664, "car_lcSigma": 0.8977, "car_lcSpeedGainRight": 1.4427, "car_lcSublane": 0.7171, "car_sigma": 0.3881, "car_tau_mean": 0.592, "car_tau_std": 2.096, "car_v_mean": 20.5425, "car_v_std": 18.5176}, "datetime": {"datetime": "2024-08-08 12:37:35", "elapsed": 2265.089224, "delta": 1.960224}}
{"target": -0.3531181494667724, "params": {"bus_acc": 4.8589, "bus_dcc": 3.2941, "bus_lcAssertive": 66.1542, "bus_lcCooperative": 0.7303, "bus_lcLookaheadLeft": 88.8463, "bus_lcPushy": 0.2456, "bus_lcSigma": 0.2323, "bus_lcSpeedGainRight": 4.5037, "bus_lcSublane": 0.6385, "bus_sigma": 0.8806, "bus_tau_mean": 0.6893, "bus_tau_std": 2.8704, "bus_v_mean": 9.0376, "bus_v_std": 0.8129, "car_acc": 1.4848, "car_dcc": 2.2984, "car_lcAssertive": 21.7779, "car_lcCooperative": 0.2508, "car_lcLookaheadLeft": 41.461, "car_lcPushy": 0.4396, "car_lcSigma": 0.1373, "car_lcSpeedGainRight": 3.8473, "car_lcSublane": 0.3944, "car_sigma": 0.7728, "car_tau_mean": 1.8453, "car_tau_std": 8.5182, "car_v_mean": 11.0389, "car_v_std": 10.5995}, "datetime": {"datetime": "2024-08-08 12:37:38", "elapsed": 2268.597085, "delta": 3.507861}}
{"target": -0.39031375758493003, "params": {"bus_acc": 3.3864, "bus_dcc": 1.1019, "bus_lcAssertive": 80.3707, "bus_lcCooperative": 0.3883, "bus_lcLookaheadLeft": 91.978, "bus_lcPushy": 0.0579, "bus_lcSigma": 0.8578, "bus_lcSpeedGainRight": 2.6373, "bus_lcSublane": 0.8731, "bus_sigma": 0.1805, "bus_tau_mean": 1.8083, "bus_tau_std": 1.9975, "bus_v_mean": 19.2367, "bus_v_std": 18.0768, "car_acc": 1.7552, "car_dcc": 2.7887, "car_lcAssertive": 76.917, "car_lcCooperative": 0.5553, "car_lcLookaheadLeft": 93.6232, "car_lcPushy": 0.5191, "car_lcSigma": 0.0848, "car_lcSpeedGainRight": 1.2306, "car_lcSublane": 0.3148, "car_sigma": 0.8553, "car_tau_mean": 0.9173, "car_tau_std": 3.0851, "car_v_mean": 11.0336, "car_v_std": 8.0315}, "datetime": {"datetime": "2024-08-08 12:37:50", "elapsed": 2280.131978, "delta": 11.534893}}
{"target": -0.34897518984663495, "params": {"bus_acc": 2.019, "bus_dcc": 1.6007, "bus_lcAssertive": 53.3002, "bus_lcCooperative": 0.2846, "bus_lcLookaheadLeft": 19.9787, "bus_lcPushy": 0.9928, "bus_lcSigma": 0.6424, "bus_lcSpeedGainRight": 2.7422, "bus_lcSublane": 0.8614, "bus_sigma": 0.2992, "bus_tau_mean": 1.4146, "bus_tau_std": 4.4599, "bus_v_mean": 8.2867, "bus_v_std": 15.7769, "car_acc": 1.6055, "car_dcc": 1.3945, "car_lcAssertive": 76.1101, "car_lcCooperative": 0.7, "car_lcLookaheadLeft": 46.7576, "car_lcPushy": 0.4272, "car_lcSigma": 0.2923, "car_lcSpeedGainRight": 0.431, "car_lcSublane": 0.092, "car_sigma": 0.0955, "car_tau_mean": 2.0156, "car_tau_std": 6.6059, "car_v_mean": 22.0801, "car_v_std": 10.3688}, "datetime": {"datetime": "2024-08-08 12:37:53", "elapsed": 2283.532268, "delta": 3.40029}}
{"target": -0.3933798979987121, "params": {"bus_acc": 1.7135, "bus_dcc": 3.5602, "bus_lcAssertive": 38.5131, "bus_lcCooperative": 0.4994, "bus_lcLookaheadLeft": 67.9675, "bus_lcPushy": 0.4393, "bus_lcSigma": 0.3005, "bus_lcSpeedGainRight": 0.8212, "bus_lcSublane": 0.0038, "bus_sigma": 0.0285, "bus_tau_mean": 3.4366, "bus_tau_std": 2.5517, "bus_v_mean": 15.6891, "bus_v_std": 12.4821, "car_acc": 1.4304, "car_dcc": 3.7874, "car_lcAssertive": 42.6892, "car_lcCooperative": 0.5977, "car_lcLookaheadLeft": 94.4269, "car_lcPushy": 0.1537, "car_lcSigma": 0.2447, "car_lcSpeedGainRight": 2.2872, "car_lcSublane": 0.6565, "car_sigma": 0.5962, "car_tau_mean": 2.3156, "car_tau_std": 7.9207, "car_v_mean": 21.799, "car_v_std": 8.8201}, "datetime": {"datetime": "2024-08-08 12:38:04", "elapsed": 2294.550784, "delta": 11.018516}}
{"target": -0.36638167464085936, "params": {"bus_acc": 1.1968, "bus_dcc": 2.9583, "bus_lcAssertive": 51.6215, "bus_lcCooperative": 0.3539, "bus_lcLookaheadLeft": 78.3794, "bus_lcPushy": 0.8809, "bus_lcSigma": 0.105, "bus_lcSpeedGainRight": 2.0934, "bus_lcSublane": 0.0307, "bus_sigma": 0.2259, "bus_tau_mean": 1.8274, "bus_tau_std": 9.2886, "bus_v_mean": 9.1213, "bus_v_std": 18.8446, "car_acc": 3.1669, "car_dcc": 2.7622, "car_lcAssertive": 15.8679, "car_lcCooperative": 0.51, "car_lcLookaheadLeft": 96.8316, "car_lcPushy": 0.6993, "car_lcSigma": 0.9552, "car_lcSpeedGainRight": 2.5883, "car_lcSublane": 0.5996, "car_sigma": 0.8613, "car_tau_mean": 1.5657, "car_tau_std": 1.5423, "car_v_mean": 23.0628, "car_v_std": 3.9206}, "datetime": {"datetime": "2024-08-08 12:38:26", "elapsed": 2316.469278, "delta": 21.918494}}
{"target": -0.35092237515761415, "params": {"bus_acc": 1.5713, "bus_dcc": 2.5225, "bus_lcAssertive": 63.9973, "bus_lcCooperative": 0.8565, "bus_lcLookaheadLeft": 70.1355, "bus_lcPushy": 0.3241, "bus_lcSigma": 0.2773, "bus_lcSpeedGainRight": 4.6138, "bus_lcSublane": 0.8696, "bus_sigma": 0.6608, "bus_tau_mean": 1.5203, "bus_tau_std": 6.4261, "bus_v_mean": 10.5597, "bus_v_std": 10.1713, "car_acc": 1.5756, "car_dcc": 1.8487, "car_lcAssertive": 24.1601, "car_lcCooperative": 0.6788, "car_lcLookaheadLeft": 42.5955, "car_lcPushy": 0.7667, "car_lcSigma": 0.9215, "car_lcSpeedGainRight": 2.4476, "car_lcSublane": 0.6303, "car_sigma": 0.6506, "car_tau_mean": 0.9914, "car_tau_std": 7.9184, "car_v_mean": 20.5407, "car_v_std": 5.9736}, "datetime": {"datetime": "2024-08-08 12:38:41", "elapsed": 2331.132328, "delta": 14.66305}}
{"target": -0.3625030403823345, "params": {"bus_acc": 3.2795, "bus_dcc": 3.6649, "bus_lcAssertive": 66.6328, "bus_lcCooperative": 0.5288, "bus_lcLookaheadLeft": 46.9501, "bus_lcPushy": 0.8138, "bus_lcSigma": 0.2805, "bus_lcSpeedGainRight": 4.8751, "bus_lcSublane": 0.2831, "bus_sigma": 0.8712, "bus_tau_mean": 0.7183, "bus_tau_std": 4.5558, "bus_v_mean": 13.8206, "bus_v_std": 18.5567, "car_acc": 4.9906, "car_dcc": 3.8555, "car_lcAssertive": 94.7242, "car_lcCooperative": 0.9003, "car_lcLookaheadLeft": 85.6825, "car_lcPushy": 0.1841, "car_lcSigma": 0.76, "car_lcSpeedGainRight": 4.0824, "car_lcSublane": 0.6297, "car_sigma": 0.2249, "car_tau_mean": 2.5715, "car_tau_std": 1.131, "car_v_mean": 9.6557, "car_v_std": 5.6322}, "datetime": {"datetime": "2024-08-08 12:39:23", "elapsed": 2373.48443, "delta": 42.352102}}
{"target": -0.3165692953152453, "params": {"bus_acc": 1.2149, "bus_dcc": 3.4095, "bus_lcAssertive": 69.9533, "bus_lcCooperative": 0.183, "bus_lcLookaheadLeft": 99.54, "bus_lcPushy": 0.9027, "bus_lcSigma": 0.2502, "bus_lcSpeedGainRight": 3.355, "bus_lcSublane": 0.8405, "bus_sigma": 0.1024, "bus_tau_mean": 0.8463, "bus_tau_std": 4.051, "bus_v_mean": 22.3996, "bus_v_std": 19.935, "car_acc": 1.489, "car_dcc": 2.0699, "car_lcAssertive": 14.2985, "car_lcCooperative": 0.3243, "car_lcLookaheadLeft": 34.4644, "car_lcPushy": 0.7186, "car_lcSigma": 0.003, "car_lcSpeedGainRight": 3.1098, "car_lcSublane": 0.3161, "car_sigma": 0.3109, "car_tau_mean": 1.6512, "car_tau_std": 5.8008, "car_v_mean": 9.8833, "car_v_std": 2.502}, "datetime": {"datetime": "2024-08-08 12:39:25", "elapsed": 2375.630254, "delta": 2.145824}}
