{"target": -0.04563658254351718, "params": {"bus_acc": 1.34, "bus_dcc": 3.16, "bus_lcAssertive": 88.64, "bus_lcCooperative": 0.13, "bus_lcLookaheadLeft": 93.01, "bus_lcPushy": 0.8, "bus_lcSublane": 0.58, "bus_tau_mean": 3.88, "bus_tau_std": 2.38, "bus_v_mean": 19.17, "bus_v_std": 2.35, "car_acc": 1.76, "car_dcc": 1.82, "car_lcAssertive": 45.25, "car_lcCooperative": 0.42, "car_lcLookaheadLeft": 44.98, "car_lcPushy": 0.34, "car_lcSublane": 0.85, "car_tau_mean": 1.36, "car_tau_std": 8.75, "car_v_mean": 21.59, "car_v_std": 9.0}, "datetime": {"datetime": "2024-08-04 14:57:16", "elapsed": 2178.799177, "delta": 2.608485}}
{"target": -0.04259958159875112, "params": {"bus_acc": 1.17, "bus_dcc": 2.43, "bus_lcAssertive": 13.99, "bus_lcCooperative": 0.6, "bus_lcLookaheadLeft": 90.49, "bus_lcPushy": 0.87, "bus_lcSublane": 0.18, "bus_tau_mean": 3.9, "bus_tau_std": 3.49, "bus_v_mean": 22.61, "bus_v_std": 6.56, "car_acc": 1.09, "car_dcc": 1.35, "car_lcAssertive": 23.2, "car_lcCooperative": 0.64, "car_lcLookaheadLeft": 65.45, "car_lcPushy": 0.04, "car_lcSublane": 0.28, "car_tau_mean": 1.62, "car_tau_std": 7.26, "car_v_mean": 18.47, "car_v_std": 3.06}, "datetime": {"datetime": "2024-08-04 14:57:19", "elapsed": 2181.836636, "delta": 3.037459}}
{"target": -0.034171935947821454, "params": {"bus_acc": 1.64, "bus_dcc": 2.55, "bus_lcAssertive": 59.58, "bus_lcCooperative": 0.23, "bus_lcLookaheadLeft": 8.34, "bus_lcPushy": 0.05, "bus_lcSublane": 0.21, "bus_tau_mean": 2.13, "bus_tau_std": 9.09, "bus_v_mean": 22.94, "bus_v_std": 7.5, "car_acc": 1.0, "car_dcc": 2.74, "car_lcAssertive": 92.81, "car_lcCooperative": 0.26, "car_lcLookaheadLeft": 4.4, "car_lcPushy": 0.26, "car_lcSublane": 0.96, "car_tau_mean": 2.69, "car_tau_std": 0.86, "car_v_mean": 18.27, "car_v_std": 7.68}, "datetime": {"datetime": "2024-08-04 14:57:21", "elapsed": 2184.392764, "delta": 2.556128}}
{"target": -0.04004062948805869, "params": {"bus_acc": 2.12, "bus_dcc": 3.08, "bus_lcAssertive": 96.15, "bus_lcCooperative": 0.02, "bus_lcLookaheadLeft": 78.9, "bus_lcPushy": 0.05, "bus_lcSublane": 0.24, "bus_tau_mean": 0.7, "bus_tau_std": 0.08, "bus_v_mean": 18.74, "bus_v_std": 8.53, "car_acc": 1.42, "car_dcc": 1.08, "car_lcAssertive": 93.77, "car_lcCooperative": 0.66, "car_lcLookaheadLeft": 41.06, "car_lcPushy": 0.7, "car_lcSublane": 0.02, "car_tau_mean": 2.85, "car_tau_std": 6.3, "car_v_mean": 13.69, "car_v_std": 8.89}, "datetime": {"datetime": "2024-08-04 14:57:23", "elapsed": 2186.783673, "delta": 2.390909}}
{"target": -0.02886086849856179, "params": {"bus_acc": 2.87, "bus_dcc": 2.98, "bus_lcAssertive": 25.21, "bus_lcCooperative": 0.95, "bus_lcLookaheadLeft": 86.69, "bus_lcPushy": 0.67, "bus_lcSublane": 0.93, "bus_tau_mean": 3.01, "bus_tau_std": 6.31, "bus_v_mean": 9.75, "bus_v_std": 4.42, "car_acc": 1.0, "car_dcc": 1.44, "car_lcAssertive": 61.94, "car_lcCooperative": 0.46, "car_lcLookaheadLeft": 65.65, "car_lcPushy": 0.22, "car_lcSublane": 0.31, "car_tau_mean": 2.0, "car_tau_std": 0.27, "car_v_mean": 8.0, "car_v_std": 10.0}, "datetime": {"datetime": "2024-08-04 14:57:34", "elapsed": 2197.082043, "delta": 10.29837}}
{"target": -0.05234737774267981, "params": {"bus_acc": 2.36, "bus_dcc": 2.76, "bus_lcAssertive": 83.81, "bus_lcCooperative": 0.83, "bus_lcLookaheadLeft": 67.56, "bus_lcPushy": 0.97, "bus_lcSublane": 0.53, "bus_tau_mean": 2.75, "bus_tau_std": 2.93, "bus_v_mean": 23.82, "bus_v_std": 9.66, "car_acc": 2.73, "car_dcc": 2.07, "car_lcAssertive": 9.92, "car_lcCooperative": 0.08, "car_lcLookaheadLeft": 88.53, "car_lcPushy": 0.96, "car_lcSublane": 0.24, "car_tau_mean": 3.87, "car_tau_std": 4.93, "car_v_mean": 22.7, "car_v_std": 0.94}, "datetime": {"datetime": "2024-08-04 14:57:36", "elapsed": 2199.73502, "delta": 2.652977}}
{"target": -0.0501019616723723, "params": {"bus_acc": 1.77, "bus_dcc": 1.99, "bus_lcAssertive": 24.15, "bus_lcCooperative": 0.94, "bus_lcLookaheadLeft": 41.89, "bus_lcPushy": 0.64, "bus_lcSublane": 0.29, "bus_tau_mean": 1.31, "bus_tau_std": 2.89, "bus_v_mean": 17.19, "bus_v_std": 8.5, "car_acc": 2.68, "car_dcc": 3.33, "car_lcAssertive": 76.62, "car_lcCooperative": 0.31, "car_lcLookaheadLeft": 13.43, "car_lcPushy": 0.77, "car_lcSublane": 0.16, "car_tau_mean": 1.2, "car_tau_std": 9.11, "car_v_mean": 21.64, "car_v_std": 5.1}, "datetime": {"datetime": "2024-08-04 14:57:42", "elapsed": 2205.324896, "delta": 5.589876}}
{"target": -0.04014541222931008, "params": {"bus_acc": 2.93, "bus_dcc": 3.26, "bus_lcAssertive": 92.1, "bus_lcCooperative": 0.09, "bus_lcLookaheadLeft": 24.21, "bus_lcPushy": 0.01, "bus_lcSublane": 0.98, "bus_tau_mean": 1.84, "bus_tau_std": 6.81, "bus_v_mean": 8.99, "bus_v_std": 8.22, "car_acc": 1.2, "car_dcc": 1.89, "car_lcAssertive": 34.91, "car_lcCooperative": 0.72, "car_lcLookaheadLeft": 86.76, "car_lcPushy": 0.24, "car_lcSublane": 0.79, "car_tau_mean": 1.08, "car_tau_std": 5.05, "car_v_mean": 22.59, "car_v_std": 0.53}, "datetime": {"datetime": "2024-08-04 14:57:53", "elapsed": 2216.376901, "delta": 11.052005}}
{"target": -0.03755391336014965, "params": {"bus_acc": 2.66, "bus_dcc": 3.58, "bus_lcAssertive": 80.5, "bus_lcCooperative": 0.39, "bus_lcLookaheadLeft": 25.07, "bus_lcPushy": 0.48, "bus_lcSublane": 0.54, "bus_tau_mean": 1.53, "bus_tau_std": 6.99, "bus_v_mean": 14.85, "bus_v_std": 4.89, "car_acc": 1.7, "car_dcc": 3.59, "car_lcAssertive": 86.02, "car_lcCooperative": 0.91, "car_lcLookaheadLeft": 78.45, "car_lcPushy": 0.94, "car_lcSublane": 0.83, "car_tau_mean": 3.35, "car_tau_std": 3.68, "car_v_mean": 17.2, "car_v_std": 6.95}, "datetime": {"datetime": "2024-08-04 14:57:56", "elapsed": 2219.344676, "delta": 2.967775}}
{"target": -0.03075793277264131, "params": {"bus_acc": 2.31, "bus_dcc": 3.36, "bus_lcAssertive": 26.86, "bus_lcCooperative": 0.76, "bus_lcLookaheadLeft": 88.81, "bus_lcPushy": 0.53, "bus_lcSublane": 0.5, "bus_tau_mean": 2.49, "bus_tau_std": 5.35, "bus_v_mean": 10.5, "bus_v_std": 2.94, "car_acc": 1.21, "car_dcc": 2.3, "car_lcAssertive": 62.93, "car_lcCooperative": 0.51, "car_lcLookaheadLeft": 68.58, "car_lcPushy": 0.21, "car_lcSublane": 0.42, "car_tau_mean": 2.07, "car_tau_std": 2.38, "car_v_mean": 10.05, "car_v_std": 8.19}, "datetime": {"datetime": "2024-08-04 14:58:17", "elapsed": 2240.497533, "delta": 21.152857}}
{"target": -0.04202203606409527, "params": {"bus_acc": 1.12, "bus_dcc": 3.31, "bus_lcAssertive": 87.33, "bus_lcCooperative": 0.66, "bus_lcLookaheadLeft": 30.7, "bus_lcPushy": 0.74, "bus_lcSublane": 0.47, "bus_tau_mean": 1.12, "bus_tau_std": 6.15, "bus_v_mean": 21.66, "bus_v_std": 8.86, "car_acc": 2.13, "car_dcc": 3.27, "car_lcAssertive": 77.3, "car_lcCooperative": 0.53, "car_lcLookaheadLeft": 56.31, "car_lcPushy": 0.9, "car_lcSublane": 0.45, "car_tau_mean": 0.56, "car_tau_std": 7.58, "car_v_mean": 16.51, "car_v_std": 6.26}, "datetime": {"datetime": "2024-08-04 14:58:20", "elapsed": 2243.352562, "delta": 2.855029}}
{"target": -0.02975168852382622, "params": {"bus_acc": 2.18, "bus_dcc": 1.97, "bus_lcAssertive": 61.67, "bus_lcCooperative": 0.86, "bus_lcLookaheadLeft": 60.41, "bus_lcPushy": 0.97, "bus_lcSublane": 0.46, "bus_tau_mean": 3.07, "bus_tau_std": 0.31, "bus_v_mean": 20.16, "bus_v_std": 5.23, "car_acc": 1.02, "car_dcc": 1.86, "car_lcAssertive": 53.92, "car_lcCooperative": 0.73, "car_lcLookaheadLeft": 7.08, "car_lcPushy": 0.53, "car_lcSublane": 0.82, "car_tau_mean": 2.66, "car_tau_std": 9.22, "car_v_mean": 9.12, "car_v_std": 2.74}, "datetime": {"datetime": "2024-08-04 14:58:29", "elapsed": 2252.753052, "delta": 9.40049}}
{"target": -0.0354073322434651, "params": {"bus_acc": 1.99, "bus_dcc": 2.7, "bus_lcAssertive": 28.8, "bus_lcCooperative": 0.15, "bus_lcLookaheadLeft": 11.15, "bus_lcPushy": 0.1, "bus_lcSublane": 0.08, "bus_tau_mean": 1.22, "bus_tau_std": 9.65, "bus_v_mean": 21.59, "bus_v_std": 0.03, "car_acc": 2.94, "car_dcc": 2.48, "car_lcAssertive": 88.37, "car_lcCooperative": 0.41, "car_lcLookaheadLeft": 61.26, "car_lcPushy": 0.31, "car_lcSublane": 0.88, "car_tau_mean": 1.31, "car_tau_std": 6.07, "car_v_mean": 9.73, "car_v_std": 1.88}, "datetime": {"datetime": "2024-08-04 14:58:35", "elapsed": 2258.286581, "delta": 5.533529}}
{"target": -0.033751389661029675, "params": {"bus_acc": 2.3, "bus_dcc": 2.09, "bus_lcAssertive": 33.49, "bus_lcCooperative": 0.66, "bus_lcLookaheadLeft": 94.6, "bus_lcPushy": 0.16, "bus_lcSublane": 0.33, "bus_tau_mean": 2.0, "bus_tau_std": 6.03, "bus_v_mean": 20.02, "bus_v_std": 5.54, "car_acc": 2.6, "car_dcc": 1.61, "car_lcAssertive": 19.08, "car_lcCooperative": 0.81, "car_lcLookaheadLeft": 11.14, "car_lcPushy": 0.94, "car_lcSublane": 0.69, "car_tau_mean": 2.51, "car_tau_std": 4.74, "car_v_mean": 9.57, "car_v_std": 7.27}, "datetime": {"datetime": "2024-08-04 14:59:09", "elapsed": 2292.100899, "delta": 33.814318}}
{"target": -0.035729099946216425, "params": {"bus_acc": 1.6, "bus_dcc": 2.33, "bus_lcAssertive": 19.68, "bus_lcCooperative": 0.56, "bus_lcLookaheadLeft": 35.57, "bus_lcPushy": 0.76, "bus_lcSublane": 0.61, "bus_tau_mean": 2.97, "bus_tau_std": 4.48, "bus_v_mean": 14.54, "bus_v_std": 2.87, "car_acc": 2.42, "car_dcc": 3.76, "car_lcAssertive": 99.74, "car_lcCooperative": 0.15, "car_lcLookaheadLeft": 37.52, "car_lcPushy": 0.1, "car_lcSublane": 0.07, "car_tau_mean": 1.52, "car_tau_std": 2.12, "car_v_mean": 8.03, "car_v_std": 6.12}, "datetime": {"datetime": "2024-08-04 14:59:11", "elapsed": 2294.469896, "delta": 2.368997}}
{"target": -0.03198951461980064, "params": {"bus_acc": 2.82, "bus_dcc": 3.97, "bus_lcAssertive": 82.43, "bus_lcCooperative": 0.98, "bus_lcLookaheadLeft": 96.5, "bus_lcPushy": 0.52, "bus_lcSublane": 0.9, "bus_tau_mean": 3.12, "bus_tau_std": 7.14, "bus_v_mean": 22.36, "bus_v_std": 5.45, "car_acc": 2.29, "car_dcc": 2.91, "car_lcAssertive": 7.7, "car_lcCooperative": 0.33, "car_lcLookaheadLeft": 27.68, "car_lcPushy": 0.17, "car_lcSublane": 0.54, "car_tau_mean": 2.93, "car_tau_std": 4.1, "car_v_mean": 9.4, "car_v_std": 6.59}, "datetime": {"datetime": "2024-08-04 14:59:31", "elapsed": 2314.501787, "delta": 20.031891}}
{"target": -0.02506454471981436, "params": {"bus_acc": 2.84, "bus_dcc": 3.2, "bus_lcAssertive": 66.28, "bus_lcCooperative": 0.72, "bus_lcLookaheadLeft": 17.05, "bus_lcPushy": 1.0, "bus_lcSublane": 0.84, "bus_tau_mean": 2.06, "bus_tau_std": 0.16, "bus_v_mean": 15.41, "bus_v_std": 5.42, "car_acc": 2.11, "car_dcc": 1.6, "car_lcAssertive": 43.56, "car_lcCooperative": 0.16, "car_lcLookaheadLeft": 79.52, "car_lcPushy": 0.99, "car_lcSublane": 0.88, "car_tau_mean": 3.55, "car_tau_std": 0.16, "car_v_mean": 8.16, "car_v_std": 3.84}, "datetime": {"datetime": "2024-08-04 14:59:34", "elapsed": 2316.936124, "delta": 2.434337}}
{"target": -0.03022061031206925, "params": {"bus_acc": 1.7, "bus_dcc": 2.58, "bus_lcAssertive": 66.24, "bus_lcCooperative": 0.85, "bus_lcLookaheadLeft": 24.06, "bus_lcPushy": 0.21, "bus_lcSublane": 0.39, "bus_tau_mean": 2.69, "bus_tau_std": 2.69, "bus_v_mean": 14.11, "bus_v_std": 9.22, "car_acc": 2.9, "car_dcc": 3.92, "car_lcAssertive": 97.32, "car_lcCooperative": 0.41, "car_lcLookaheadLeft": 86.04, "car_lcPushy": 0.98, "car_lcSublane": 0.81, "car_tau_mean": 3.0, "car_tau_std": 4.71, "car_v_mean": 8.61, "car_v_std": 1.15}, "datetime": {"datetime": "2024-08-04 14:59:36", "elapsed": 2319.451228, "delta": 2.515104}}
{"target": -0.028593507579590408, "params": {"bus_acc": 1.83, "bus_dcc": 2.72, "bus_lcAssertive": 77.02, "bus_lcCooperative": 0.48, "bus_lcLookaheadLeft": 60.66, "bus_lcPushy": 0.89, "bus_lcSublane": 0.27, "bus_tau_mean": 2.61, "bus_tau_std": 7.29, "bus_v_mean": 8.19, "bus_v_std": 7.83, "car_acc": 2.76, "car_dcc": 2.94, "car_lcAssertive": 48.94, "car_lcCooperative": 0.95, "car_lcLookaheadLeft": 84.68, "car_lcPushy": 0.0, "car_lcSublane": 0.5, "car_tau_mean": 3.63, "car_tau_std": 5.92, "car_v_mean": 14.68, "car_v_std": 9.92}, "datetime": {"datetime": "2024-08-04 14:59:42", "elapsed": 2325.621785, "delta": 6.170557}}
{"target": -0.05132529876904545, "params": {"bus_acc": 2.46, "bus_dcc": 2.41, "bus_lcAssertive": 44.39, "bus_lcCooperative": 0.01, "bus_lcLookaheadLeft": 96.23, "bus_lcPushy": 0.63, "bus_lcSublane": 0.71, "bus_tau_mean": 1.22, "bus_tau_std": 5.38, "bus_v_mean": 20.7, "bus_v_std": 2.09, "car_acc": 2.85, "car_dcc": 2.33, "car_lcAssertive": 76.26, "car_lcCooperative": 0.65, "car_lcLookaheadLeft": 44.9, "car_lcPushy": 0.26, "car_lcSublane": 0.3, "car_tau_mean": 1.99, "car_tau_std": 1.21, "car_v_mean": 16.68, "car_v_std": 2.99}, "datetime": {"datetime": "2024-08-04 14:59:44", "elapsed": 2327.736168, "delta": 2.114383}}
{"target": -0.052990751940619606, "params": {"bus_acc": 2.95, "bus_dcc": 3.72, "bus_lcAssertive": 97.93, "bus_lcCooperative": 0.37, "bus_lcLookaheadLeft": 62.45, "bus_lcPushy": 0.29, "bus_lcSublane": 0.28, "bus_tau_mean": 3.48, "bus_tau_std": 9.73, "bus_v_mean": 20.76, "bus_v_std": 0.72, "car_acc": 2.16, "car_dcc": 3.5, "car_lcAssertive": 52.05, "car_lcCooperative": 0.42, "car_lcLookaheadLeft": 33.43, "car_lcPushy": 0.47, "car_lcSublane": 0.86, "car_tau_mean": 3.24, "car_tau_std": 3.51, "car_v_mean": 20.54, "car_v_std": 0.52}, "datetime": {"datetime": "2024-08-04 14:59:59", "elapsed": 2342.21751, "delta": 14.481342}}
{"target": -0.04030111337465179, "params": {"bus_acc": 2.41, "bus_dcc": 1.36, "bus_lcAssertive": 69.64, "bus_lcCooperative": 0.78, "bus_lcLookaheadLeft": 82.26, "bus_lcPushy": 0.88, "bus_lcSublane": 0.86, "bus_tau_mean": 3.98, "bus_tau_std": 2.15, "bus_v_mean": 19.15, "bus_v_std": 0.78, "car_acc": 1.8, "car_dcc": 3.71, "car_lcAssertive": 87.78, "car_lcCooperative": 0.11, "car_lcLookaheadLeft": 89.37, "car_lcPushy": 0.16, "car_lcSublane": 0.9, "car_tau_mean": 0.63, "car_tau_std": 1.68, "car_v_mean": 10.09, "car_v_std": 7.54}, "datetime": {"datetime": "2024-08-04 15:00:25", "elapsed": 2367.896246, "delta": 25.678736}}
{"target": -0.052635512319089285, "params": {"bus_acc": 2.42, "bus_dcc": 1.79, "bus_lcAssertive": 10.81, "bus_lcCooperative": 0.43, "bus_lcLookaheadLeft": 19.36, "bus_lcPushy": 0.69, "bus_lcSublane": 0.25, "bus_tau_mean": 1.0, "bus_tau_std": 4.33, "bus_v_mean": 14.41, "bus_v_std": 5.95, "car_acc": 2.42, "car_dcc": 3.86, "car_lcAssertive": 98.37, "car_lcCooperative": 0.16, "car_lcLookaheadLeft": 79.95, "car_lcPushy": 0.15, "car_lcSublane": 0.67, "car_tau_mean": 0.83, "car_tau_std": 0.94, "car_v_mean": 19.44, "car_v_std": 3.55}, "datetime": {"datetime": "2024-08-04 15:00:32", "elapsed": 2375.181054, "delta": 7.284808}}
{"target": -0.046473185741901436, "params": {"bus_acc": 2.88, "bus_dcc": 3.8, "bus_lcAssertive": 47.23, "bus_lcCooperative": 0.92, "bus_lcLookaheadLeft": 15.2, "bus_lcPushy": 0.45, "bus_lcSublane": 0.63, "bus_tau_mean": 1.67, "bus_tau_std": 5.82, "bus_v_mean": 19.69, "bus_v_std": 5.32, "car_acc": 1.76, "car_dcc": 2.72, "car_lcAssertive": 14.22, "car_lcCooperative": 0.18, "car_lcLookaheadLeft": 3.37, "car_lcPushy": 0.79, "car_lcSublane": 0.33, "car_tau_mean": 2.32, "car_tau_std": 1.31, "car_v_mean": 22.22, "car_v_std": 5.94}, "datetime": {"datetime": "2024-08-04 15:00:33", "elapsed": 2376.766791, "delta": 1.585737}}
{"target": -0.0392322143844578, "params": {"bus_acc": 1.96, "bus_dcc": 1.61, "bus_lcAssertive": 51.28, "bus_lcCooperative": 0.4, "bus_lcLookaheadLeft": 20.81, "bus_lcPushy": 0.04, "bus_lcSublane": 0.72, "bus_tau_mean": 0.73, "bus_tau_std": 3.32, "bus_v_mean": 18.39, "bus_v_std": 4.19, "car_acc": 1.38, "car_dcc": 3.61, "car_lcAssertive": 4.08, "car_lcCooperative": 0.27, "car_lcLookaheadLeft": 7.21, "car_lcPushy": 0.78, "car_lcSublane": 0.96, "car_tau_mean": 3.27, "car_tau_std": 9.56, "car_v_mean": 21.36, "car_v_std": 6.26}, "datetime": {"datetime": "2024-08-04 15:00:41", "elapsed": 2384.097841, "delta": 7.33105}}
{"target": -0.04900389961987301, "params": {"bus_acc": 2.92, "bus_dcc": 1.27, "bus_lcAssertive": 18.8, "bus_lcCooperative": 0.07, "bus_lcLookaheadLeft": 43.27, "bus_lcPushy": 0.27, "bus_lcSublane": 0.09, "bus_tau_mean": 0.97, "bus_tau_std": 7.37, "bus_v_mean": 10.04, "bus_v_std": 0.12, "car_acc": 2.29, "car_dcc": 3.21, "car_lcAssertive": 20.36, "car_lcCooperative": 0.59, "car_lcLookaheadLeft": 57.46, "car_lcPushy": 0.66, "car_lcSublane": 0.61, "car_tau_mean": 2.17, "car_tau_std": 8.06, "car_v_mean": 18.97, "car_v_std": 0.93}, "datetime": {"datetime": "2024-08-04 15:00:43", "elapsed": 2386.764017, "delta": 2.666176}}
{"target": -0.02861053756414665, "params": {"bus_acc": 2.18, "bus_dcc": 1.96, "bus_lcAssertive": 61.66, "bus_lcCooperative": 0.85, "bus_lcLookaheadLeft": 60.4, "bus_lcPushy": 0.97, "bus_lcSublane": 0.46, "bus_tau_mean": 3.06, "bus_tau_std": 0.3, "bus_v_mean": 20.15, "bus_v_std": 5.24, "car_acc": 1.03, "car_dcc": 1.87, "car_lcAssertive": 53.92, "car_lcCooperative": 0.73, "car_lcLookaheadLeft": 7.07, "car_lcPushy": 0.53, "car_lcSublane": 0.82, "car_tau_mean": 2.65, "car_tau_std": 9.21, "car_v_mean": 9.11, "car_v_std": 2.73}, "datetime": {"datetime": "2024-08-04 15:00:53", "elapsed": 2395.917486, "delta": 9.153469}}
{"target": -0.025712132931721435, "params": {"bus_acc": 2.85, "bus_dcc": 3.19, "bus_lcAssertive": 66.27, "bus_lcCooperative": 0.71, "bus_lcLookaheadLeft": 17.04, "bus_lcPushy": 1.0, "bus_lcSublane": 0.85, "bus_tau_mean": 2.05, "bus_tau_std": 0.15, "bus_v_mean": 15.4, "bus_v_std": 5.41, "car_acc": 2.1, "car_dcc": 1.59, "car_lcAssertive": 43.55, "car_lcCooperative": 0.15, "car_lcLookaheadLeft": 79.51, "car_lcPushy": 0.98, "car_lcSublane": 0.87, "car_tau_mean": 3.54, "car_tau_std": 0.15, "car_v_mean": 8.15, "car_v_std": 3.83}, "datetime": {"datetime": "2024-08-04 15:00:55", "elapsed": 2398.245846, "delta": 2.32836}}
{"target": -0.027953107488016663, "params": {"bus_acc": 2.18, "bus_dcc": 1.97, "bus_lcAssertive": 61.67, "bus_lcCooperative": 0.86, "bus_lcLookaheadLeft": 60.41, "bus_lcPushy": 0.97, "bus_lcSublane": 0.46, "bus_tau_mean": 3.07, "bus_tau_std": 0.31, "bus_v_mean": 20.16, "bus_v_std": 5.24, "car_acc": 1.02, "car_dcc": 1.86, "car_lcAssertive": 53.92, "car_lcCooperative": 0.73, "car_lcLookaheadLeft": 7.08, "car_lcPushy": 0.53, "car_lcSublane": 0.82, "car_tau_mean": 2.66, "car_tau_std": 9.22, "car_v_mean": 9.12, "car_v_std": 2.73}, "datetime": {"datetime": "2024-08-04 15:00:58", "elapsed": 2401.789992, "delta": 3.544146}}
{"target": -0.03687314106927289, "params": {"bus_acc": 2.43, "bus_dcc": 1.34, "bus_lcAssertive": 36.58, "bus_lcCooperative": 0.94, "bus_lcLookaheadLeft": 99.59, "bus_lcPushy": 0.77, "bus_lcSublane": 0.98, "bus_tau_mean": 3.54, "bus_tau_std": 1.8, "bus_v_mean": 15.06, "bus_v_std": 3.49, "car_acc": 1.66, "car_dcc": 3.18, "car_lcAssertive": 74.96, "car_lcCooperative": 0.99, "car_lcLookaheadLeft": 30.82, "car_lcPushy": 0.88, "car_lcSublane": 0.92, "car_tau_mean": 0.94, "car_tau_std": 8.93, "car_v_mean": 14.35, "car_v_std": 4.19}, "datetime": {"datetime": "2024-08-04 15:01:01", "elapsed": 2404.311383, "delta": 2.521391}}
{"target": -0.0327605624378356, "params": {"bus_acc": 2.6, "bus_dcc": 1.26, "bus_lcAssertive": 58.09, "bus_lcCooperative": 0.07, "bus_lcLookaheadLeft": 15.39, "bus_lcPushy": 0.47, "bus_lcSublane": 0.51, "bus_tau_mean": 1.21, "bus_tau_std": 2.86, "bus_v_mean": 11.12, "bus_v_std": 6.44, "car_acc": 1.53, "car_dcc": 2.98, "car_lcAssertive": 73.21, "car_lcCooperative": 0.33, "car_lcLookaheadLeft": 94.62, "car_lcPushy": 0.59, "car_lcSublane": 0.99, "car_tau_mean": 2.08, "car_tau_std": 0.05, "car_v_mean": 8.82, "car_v_std": 2.88}, "datetime": {"datetime": "2024-08-04 15:01:04", "elapsed": 2407.460219, "delta": 3.148836}}
{"target": -0.03261559717668151, "params": {"bus_acc": 2.6, "bus_dcc": 2.06, "bus_lcAssertive": 76.59, "bus_lcCooperative": 0.5, "bus_lcLookaheadLeft": 12.64, "bus_lcPushy": 0.72, "bus_lcSublane": 0.78, "bus_tau_mean": 3.76, "bus_tau_std": 6.82, "bus_v_mean": 11.06, "bus_v_std": 4.04, "car_acc": 2.73, "car_dcc": 3.63, "car_lcAssertive": 49.65, "car_lcCooperative": 0.32, "car_lcLookaheadLeft": 28.3, "car_lcPushy": 0.68, "car_lcSublane": 0.79, "car_tau_mean": 0.58, "car_tau_std": 9.05, "car_v_mean": 10.57, "car_v_std": 4.62}, "datetime": {"datetime": "2024-08-04 15:01:07", "elapsed": 2409.808638, "delta": 2.348419}}
{"target": -0.03405214908016763, "params": {"bus_acc": 1.57, "bus_dcc": 2.38, "bus_lcAssertive": 78.75, "bus_lcCooperative": 0.0, "bus_lcLookaheadLeft": 58.89, "bus_lcPushy": 0.04, "bus_lcSublane": 0.93, "bus_tau_mean": 1.43, "bus_tau_std": 7.41, "bus_v_mean": 17.11, "bus_v_std": 4.19, "car_acc": 1.72, "car_dcc": 1.74, "car_lcAssertive": 67.8, "car_lcCooperative": 0.8, "car_lcLookaheadLeft": 42.01, "car_lcPushy": 0.87, "car_lcSublane": 0.82, "car_tau_mean": 2.19, "car_tau_std": 7.52, "car_v_mean": 9.46, "car_v_std": 7.73}, "datetime": {"datetime": "2024-08-04 15:01:12", "elapsed": 2415.472811, "delta": 5.664173}}
{"target": -0.03666822069139463, "params": {"bus_acc": 2.23, "bus_dcc": 3.83, "bus_lcAssertive": 5.36, "bus_lcCooperative": 0.82, "bus_lcLookaheadLeft": 11.07, "bus_lcPushy": 0.16, "bus_lcSublane": 0.68, "bus_tau_mean": 1.13, "bus_tau_std": 4.26, "bus_v_mean": 21.63, "bus_v_std": 0.89, "car_acc": 2.03, "car_dcc": 2.62, "car_lcAssertive": 25.07, "car_lcCooperative": 0.56, "car_lcLookaheadLeft": 8.07, "car_lcPushy": 0.35, "car_lcSublane": 0.49, "car_tau_mean": 3.93, "car_tau_std": 9.87, "car_v_mean": 11.32, "car_v_std": 5.49}, "datetime": {"datetime": "2024-08-04 15:01:14", "elapsed": 2417.762053, "delta": 2.289242}}
{"target": -0.02938525501590405, "params": {"bus_acc": 1.24, "bus_dcc": 2.24, "bus_lcAssertive": 96.9, "bus_lcCooperative": 0.26, "bus_lcLookaheadLeft": 23.88, "bus_lcPushy": 0.51, "bus_lcSublane": 0.17, "bus_tau_mean": 3.0, "bus_tau_std": 4.26, "bus_v_mean": 19.84, "bus_v_std": 2.11, "car_acc": 2.67, "car_dcc": 3.31, "car_lcAssertive": 3.0, "car_lcCooperative": 0.07, "car_lcLookaheadLeft": 50.09, "car_lcPushy": 0.95, "car_lcSublane": 0.78, "car_tau_mean": 2.74, "car_tau_std": 2.85, "car_v_mean": 11.0, "car_v_std": 4.66}, "datetime": {"datetime": "2024-08-04 15:01:17", "elapsed": 2420.626974, "delta": 2.864921}}
