{"target": -0.33162027743350614, "params": {"bus_acc": 1.8018178405596665, "bus_dcc": 3.670171911322274, "bus_lcAssertive": 29.73971373876551, "bus_lcCooperative": 0.7990074981966317, "bus_lcLookaheadLeft": 47.06602206392515, "bus_lcPushy": 0.59760864887687, "bus_lcSigma": 0.2366673767651024, "bus_lcSpeedGainRight": 3.438074810804075, "bus_lcSublane": 0.1486848661132304, "bus_sigma": 0.5596864990017729, "bus_tau_mean": 2.230151256904046, "bus_tau_std": 8.372059959494196, "bus_v_mean": 15.703496245979728, "bus_v_std": 15.694619199734586, "car_acc": 2.2008829202073272, "car_dcc": 1.9237178002927156, "car_lcAssertive": 78.93548650138311, "car_lcCooperative": 0.4184642639114249, "car_lcLookaheadLeft": 50.68307399890683, "car_lcPushy": 0.577322531324329, "car_lcSigma": 0.8196657378893285, "car_lcSpeedGainRight": 2.906599873133597, "car_lcSublane": 0.4061429026808099, "car_sigma": 0.16058682850924277, "car_tau_mean": 2.9573895671993813, "car_tau_std": 8.832328216518347, "car_v_mean": 9.734062206466435, "car_v_std": 9.324279516261631}, "datetime": {"datetime": "2024-08-08 18:45:01", "elapsed": 508.824261, "delta": 2.345603}}
{"target": -0.351180252180984, "params": {"bus_acc": 1.3354727192548235, "bus_dcc": 2.5931420637616664, "bus_lcAssertive": 81.53913136901502, "bus_lcCooperative": 0.37629418365689815, "bus_lcLookaheadLeft": 45.685903574923074, "bus_lcPushy": 0.7509025596645666, "bus_lcSigma": 0.09834637894842024, "bus_lcSpeedGainRight": 1.8026315249823044, "bus_lcSublane": 0.5637062552864558, "bus_sigma": 0.23858559594258377, "bus_tau_mean": 3.439838201027115, "bus_tau_std": 7.658509922899394, "bus_v_mean": 23.44868127347742, "bus_v_std": 10.459761500274574, "car_acc": 1.3195739739717793, "car_dcc": 3.809851069184461, "car_lcAssertive": 83.58936296013856, "car_lcCooperative": 0.5444181610032376, "car_lcLookaheadLeft": 83.9576231837696, "car_lcPushy": 0.8816909193539424, "car_lcSigma": 0.7760811373668977, "car_lcSpeedGainRight": 2.856269885212087, "car_lcSublane": 0.6152987214660823, "car_sigma": 0.8443906826433587, "car_tau_mean": 2.677758227098768, "car_tau_std": 2.0647995918763162, "car_v_mean": 19.063814776863516, "car_v_std": 10.640275001547632}, "datetime": {"datetime": "2024-08-08 18:45:04", "elapsed": 511.832237, "delta": 3.007976}}
{"target": -0.3328029649984004, "params": {"bus_acc": 2.255734077292296, "bus_dcc": 3.050394700498903, "bus_lcAssertive": 40.40107330138432, "bus_lcCooperative": 0.5057420174508104, "bus_lcLookaheadLeft": 20.576066877724877, "bus_lcPushy": 0.9649889241109139, "bus_lcSigma": 0.2942156882442547, "bus_lcSpeedGainRight": 0.5172977805820067, "bus_lcSublane": 0.1443154002290481, "bus_sigma": 0.014092294192442956, "bus_tau_mean": 3.005809948118381, "bus_tau_std": 5.644983202408741, "bus_v_mean": 20.713253618956035, "bus_v_std": 10.141598465682728, "car_acc": 3.3754631185124615, "car_dcc": 3.0872926428155183, "car_lcAssertive": 78.00699920905836, "car_lcCooperative": 0.4064828689770863, "car_lcLookaheadLeft": 65.48152205237315, "car_lcPushy": 0.1797942976929744, "car_lcSigma": 0.321819963387904, "car_lcSpeedGainRight": 0.8630231005989625, "car_lcSublane": 0.4086372250132624, "car_sigma": 0.2414187479655988, "car_tau_mean": 1.9242269794527527, "car_tau_std": 9.75222342437312, "car_v_mean": 13.1251092131525, "car_v_std": 19.649818899497905}, "datetime": {"datetime": "2024-08-08 18:45:06", "elapsed": 514.452589, "delta": 2.620352}}
{"target": -0.2914940015928549, "params": {"bus_acc": 2.2541854344916894, "bus_dcc": 3.0422845560674157, "bus_lcAssertive": 99.3823908464795, "bus_lcCooperative": 0.5484378308305802, "bus_lcLookaheadLeft": 79.8041636238108, "bus_lcPushy": 0.33057817235389897, "bus_lcSigma": 0.5115610387290143, "bus_lcSpeedGainRight": 4.17512500183221, "bus_lcSublane": 0.9704579902597702, "bus_sigma": 0.17847200605539437, "bus_tau_mean": 3.479576559411372, "bus_tau_std": 9.883969710026502, "bus_v_mean": 15.207392254742444, "bus_v_std": 6.159202878806081, "car_acc": 3.7373788137948187, "car_dcc": 1.6595716905970135, "car_lcAssertive": 98.8381070581512, "car_lcCooperative": 0.4015416103070082, "car_lcLookaheadLeft": 11.038895514803034, "car_lcPushy": 0.13677487684426592, "car_lcSigma": 0.47707232794846655, "car_lcSpeedGainRight": 0.30473886929447747, "car_lcSublane": 0.251885434908355, "car_sigma": 0.7950022597540991, "car_tau_mean": 3.248661740497255, "car_tau_std": 8.108198336998862, "car_v_mean": 8.740204984930989, "car_v_std": 15.32897999949386}, "datetime": {"datetime": "2024-08-08 18:45:08", "elapsed": 516.678808, "delta": 2.226219}}
{"target": -0.2752480025085594, "params": {"bus_acc": 1.852247845506287, "bus_dcc": 2.645431408362134, "bus_lcAssertive": 26.31785049575297, "bus_lcCooperative": 0.8917347966065253, "bus_lcLookaheadLeft": 58.91353565701674, "bus_lcPushy": 0.7186736102672562, "bus_lcSigma": 0.8620310568918353, "bus_lcSpeedGainRight": 4.482814102718168, "bus_lcSublane": 0.9576092434277528, "bus_sigma": 0.6275083500997111, "bus_tau_mean": 3.996432010449878, "bus_tau_std": 7.905073781751291, "bus_v_mean": 12.333185910270531, "bus_v_std": 19.81101059153667, "car_acc": 3.404516840519832, "car_dcc": 1.7593445002388544, "car_lcAssertive": 4.157829003248634, "car_lcCooperative": 0.9528097951734324, "car_lcLookaheadLeft": 56.569536698820635, "car_lcPushy": 0.5527099229795157, "car_lcSigma": 0.04737782423604231, "car_lcSpeedGainRight": 3.195191602969185, "car_lcSublane": 0.5001036718146855, "car_sigma": 0.8042949550842394, "car_tau_mean": 0.7434240099909937, "car_tau_std": 5.629309840326007, "car_v_mean": 14.538882086388043, "car_v_std": 11.035373971265203}, "datetime": {"datetime": "2024-08-08 18:45:10", "elapsed": 518.734115, "delta": 2.055307}}
{"target": -0.2917288075047757, "params": {"bus_acc": 2.6052830850656763, "bus_dcc": 3.0296231197354455, "bus_lcAssertive": 78.73824709873374, "bus_lcCooperative": 0.261093302026839, "bus_lcLookaheadLeft": 29.01503293828344, "bus_lcPushy": 0.6052237867144624, "bus_lcSigma": 0.6741811157852274, "bus_lcSpeedGainRight": 0.018067367338567286, "bus_lcSublane": 0.8557009789832759, "bus_sigma": 0.14491204647384837, "bus_tau_mean": 2.293232606927421, "bus_tau_std": 5.621803887080782, "bus_v_mean": 8.115058390273408, "bus_v_std": 8.57701075847441, "car_acc": 2.6012282994083753, "car_dcc": 3.072120101131543, "car_lcAssertive": 90.41421456222399, "car_lcCooperative": 0.06856112649931412, "car_lcLookaheadLeft": 29.743674030849746, "car_lcPushy": 0.527932312951505, "car_lcSigma": 0.29023496468688126, "car_lcSpeedGainRight": 2.1006564327846453, "car_lcSublane": 0.982052953257923, "car_sigma": 0.05693336079497602, "car_tau_mean": 3.7511962427167966, "car_tau_std": 6.67978213958503, "car_v_mean": 15.977288740267722, "car_v_std": 9.293941735363989}, "datetime": {"datetime": "2024-08-08 18:45:14", "elapsed": 522.293307, "delta": 3.559192}}
{"target": -0.3169375091163708, "params": {"bus_acc": 1.0176429443338848, "bus_dcc": 3.2048260560518846, "bus_lcAssertive": 44.90688034848957, "bus_lcCooperative": 0.6978416560498484, "bus_lcLookaheadLeft": 20.134248264423647, "bus_lcPushy": 0.06261980198391548, "bus_lcSigma": 0.3781085867830213, "bus_lcSpeedGainRight": 3.47998255222747, "bus_lcSublane": 0.10281836745431583, "bus_sigma": 0.19583423367499242, "bus_tau_mean": 2.0888342764228196, "bus_tau_std": 6.211491896936461, "bus_v_mean": 20.00198796910376, "bus_v_std": 2.194700425713132, "car_acc": 2.8738708214669235, "car_dcc": 2.1620815664334425, "car_lcAssertive": 67.3389465060329, "car_lcCooperative": 0.2035603776619016, "car_lcLookaheadLeft": 53.73604215801165, "car_lcPushy": 0.1721625549559327, "car_lcSigma": 0.018681005996375344, "car_lcSpeedGainRight": 2.4347512321197855, "car_lcSublane": 0.18417777656089307, "car_sigma": 0.6383433300033875, "car_tau_mean": 2.3780118676915154, "car_tau_std": 7.7494537999774575, "car_v_mean": 14.287358442147251, "car_v_std": 19.78904261672506}, "datetime": {"datetime": "2024-08-08 18:45:17", "elapsed": 525.163826, "delta": 2.870519}}
{"target": -0.41915546292743383, "params": {"bus_acc": 1.8520760761158175, "bus_dcc": 1.8481651896179816, "bus_lcAssertive": 39.80541518182415, "bus_lcCooperative": 0.5354573610136704, "bus_lcLookaheadLeft": 77.74276561570167, "bus_lcPushy": 0.9616582544972533, "bus_lcSigma": 0.1503856378108287, "bus_lcSpeedGainRight": 1.9739507072199525, "bus_lcSublane": 0.16274026017521503, "bus_sigma": 0.8366421548115258, "bus_tau_mean": 0.7968084582452513, "bus_tau_std": 8.562857216543666, "bus_v_mean": 19.85352251400746, "bus_v_std": 17.166730168115922, "car_acc": 3.669760629466359, "car_dcc": 1.4523299381044483, "car_lcAssertive": 56.111918384901564, "car_lcCooperative": 0.30251760999648636, "car_lcLookaheadLeft": 28.579873220066027, "car_lcPushy": 0.01643437559277483, "car_lcSigma": 0.515180771178199, "car_lcSpeedGainRight": 0.09524699808784176, "car_lcSublane": 0.8982285778096194, "car_sigma": 0.26698169143426786, "car_tau_mean": 2.2268069194237308, "car_tau_std": 6.364175239710727, "car_v_mean": 8.02399610947146, "car_v_std": 2.2647789209641656}, "datetime": {"datetime": "2024-08-08 18:45:22", "elapsed": 530.242605, "delta": 5.078779}}
{"target": -0.2828032268057135, "params": {"bus_acc": 3.05714971667721, "bus_dcc": 3.8561876171635996, "bus_lcAssertive": 39.72402429296779, "bus_lcCooperative": 0.3002984293714631, "bus_lcLookaheadLeft": 56.26767763580894, "bus_lcPushy": 0.8519762580648814, "bus_lcSigma": 0.7949674246929233, "bus_lcSpeedGainRight": 3.4237835248928827, "bus_lcSublane": 0.4321070912997065, "bus_sigma": 0.6904340198543137, "bus_tau_mean": 1.2560887293806247, "bus_tau_std": 2.8394343784624674, "bus_v_mean": 20.445129774406148, "bus_v_std": 18.59960272692713, "car_acc": 1.5701485108500695, "car_dcc": 1.8881898682546976, "car_lcAssertive": 1.6148164518610932, "car_lcCooperative": 0.43156224528040166, "car_lcLookaheadLeft": 22.608917031754896, "car_lcPushy": 0.6414247825536215, "car_lcSigma": 0.7095892156781084, "car_lcSpeedGainRight": 0.5938885719924253, "car_lcSublane": 0.08214400203193162, "car_sigma": 0.9063350695803358, "car_tau_mean": 1.8623356415933738, "car_tau_std": 5.3340349726601435, "car_v_mean": 23.41186503861873, "car_v_std": 15.181080244326706}, "datetime": {"datetime": "2024-08-08 18:45:24", "elapsed": 532.422839, "delta": 2.180234}}
{"target": -0.296193615146151, "params": {"bus_acc": 2.3120307264020297, "bus_dcc": 2.1200342841108206, "bus_lcAssertive": 70.72716746431911, "bus_lcCooperative": 0.259741092802106, "bus_lcLookaheadLeft": 69.26204844389027, "bus_lcPushy": 0.5749206674243172, "bus_lcSigma": 0.3350071019488179, "bus_lcSpeedGainRight": 3.3834519374749776, "bus_lcSublane": 0.042895809776010485, "bus_sigma": 0.5488253096232636, "bus_tau_mean": 2.584597985769223, "bus_tau_std": 2.8721967585387898, "bus_v_mean": 13.700507152746242, "bus_v_std": 17.260369981153243, "car_acc": 2.8581127303131146, "car_dcc": 2.9198256033196124, "car_lcAssertive": 11.356488604166595, "car_lcCooperative": 0.23791775985050445, "car_lcLookaheadLeft": 72.48949997352504, "car_lcPushy": 0.6994697927526515, "car_lcSigma": 0.44662187413645704, "car_lcSpeedGainRight": 0.1962613854617784, "car_lcSublane": 0.05039634002116422, "car_sigma": 0.08850355949087774, "car_tau_mean": 3.5251426336171763, "car_tau_std": 1.360949670607624, "car_v_mean": 18.532187755992283, "car_v_std": 11.53932305755314}, "datetime": {"datetime": "2024-08-08 18:45:26", "elapsed": 534.320685, "delta": 1.897846}}
{"target": -0.32935600957644345, "params": {"bus_acc": 2.332081490620325, "bus_dcc": 3.965920581691544, "bus_lcAssertive": 29.338577661557586, "bus_lcCooperative": 0.10849342042529664, "bus_lcLookaheadLeft": 55.5963091309865, "bus_lcPushy": 0.6811714997981392, "bus_lcSigma": 0.13472026748323274, "bus_lcSpeedGainRight": 2.6962202182153523, "bus_lcSublane": 0.7443910733655555, "bus_sigma": 0.11184343472864366, "bus_tau_mean": 3.249849420958313, "bus_tau_std": 5.441586104208547, "bus_v_mean": 8.168392569475746, "bus_v_std": 11.781957890755596, "car_acc": 3.41401068802834, "car_dcc": 3.9728291988170255, "car_lcAssertive": 99.13965228550146, "car_lcCooperative": 0.4139504016148311, "car_lcLookaheadLeft": 5.658830469641408, "car_lcPushy": 0.9704121316763321, "car_lcSigma": 0.22053968371830335, "car_lcSpeedGainRight": 4.775057865463096, "car_lcSublane": 0.9653728042585705, "car_sigma": 0.3283366990203781, "car_tau_mean": 3.169649402642055, "car_tau_std": 6.319218089916417, "car_v_mean": 21.5428920272738, "car_v_std": 19.087979068078386}, "datetime": {"datetime": "2024-08-08 18:45:30", "elapsed": 538.378357, "delta": 4.057672}}
{"target": -0.32601295031501826, "params": {"bus_acc": 3.8140856294690573, "bus_dcc": 1.5561415739434068, "bus_lcAssertive": 93.38242051949933, "bus_lcCooperative": 0.9357532076921331, "bus_lcLookaheadLeft": 29.787362333158143, "bus_lcPushy": 0.27463424842386297, "bus_lcSigma": 0.5514315736733725, "bus_lcSpeedGainRight": 0.9264461968427617, "bus_lcSublane": 0.4421011106267658, "bus_sigma": 0.1853176459376844, "bus_tau_mean": 3.8158157128388575, "bus_tau_std": 4.938246574910856, "bus_v_mean": 23.422684278783965, "bus_v_std": 12.898833450244236, "car_acc": 2.4529473190971567, "car_dcc": 3.9030857378835924, "car_lcAssertive": 15.175788389167522, "car_lcCooperative": 0.6323298746664966, "car_lcLookaheadLeft": 66.86506004800617, "car_lcPushy": 0.43383982715272595, "car_lcSigma": 0.05935722533895749, "car_lcSpeedGainRight": 2.463613005830166, "car_lcSublane": 0.46513394351807746, "car_sigma": 0.8067468107748635, "car_tau_mean": 1.398313464835417, "car_tau_std": 3.914303629842686, "car_v_mean": 11.842755315542036, "car_v_std": 13.728868303447282}, "datetime": {"datetime": "2024-08-08 18:45:32", "elapsed": 539.862094, "delta": 1.483737}}
{"target": -0.2892987845385672, "params": {"bus_acc": 1.1678288958273477, "bus_dcc": 2.05501166761017, "bus_lcAssertive": 4.725067581583739, "bus_lcCooperative": 0.583033921230445, "bus_lcLookaheadLeft": 67.91056741138893, "bus_lcPushy": 0.46048358998473815, "bus_lcSigma": 0.7411168537245286, "bus_lcSpeedGainRight": 2.5051248220704094, "bus_lcSublane": 0.702352620836162, "bus_sigma": 0.2306409059229675, "bus_tau_mean": 3.1061434331151325, "bus_tau_std": 5.016372020053996, "bus_v_mean": 19.285901278544443, "bus_v_std": 8.933955806327784, "car_acc": 2.5178218287261442, "car_dcc": 1.1246055489357203, "car_lcAssertive": 49.441619769822196, "car_lcCooperative": 0.14228750219732444, "car_lcLookaheadLeft": 15.964593004485474, "car_lcPushy": 0.43335040255954493, "car_lcSigma": 0.5762147898259073, "car_lcSpeedGainRight": 1.71524347595776, "car_lcSublane": 0.16049159026420812, "car_sigma": 0.7414104169799515, "car_tau_mean": 3.8708205047402764, "car_tau_std": 7.336422859505056, "car_v_mean": 9.233027703958824, "car_v_std": 16.818163162504703}, "datetime": {"datetime": "2024-08-08 18:45:35", "elapsed": 543.304286, "delta": 3.442192}}
{"target": -0.34206646937437685, "params": {"bus_acc": 2.1816344133104515, "bus_dcc": 1.1842364621744932, "bus_lcAssertive": 36.9796584095935, "bus_lcCooperative": 0.3530436858449395, "bus_lcLookaheadLeft": 86.83119978062787, "bus_lcPushy": 0.8887000495302622, "bus_lcSigma": 0.9630520868624081, "bus_lcSpeedGainRight": 1.6409962380731713, "bus_lcSublane": 0.6933201557909643, "bus_sigma": 0.6330662678957141, "bus_tau_mean": 1.3485531095648187, "bus_tau_std": 8.699876263426784, "bus_v_mean": 11.425630652314078, "bus_v_std": 14.954280053015603, "car_acc": 1.4339918065426869, "car_dcc": 1.3204589687188348, "car_lcAssertive": 72.31189880223089, "car_lcCooperative": 0.5263181160447106, "car_lcLookaheadLeft": 45.405751470953, "car_lcPushy": 0.7781805677545706, "car_lcSigma": 0.3587433527982574, "car_lcSpeedGainRight": 4.266747992569533, "car_lcSublane": 0.9621724971568286, "car_sigma": 0.97912549357449, "car_tau_mean": 1.4716980079809006, "car_tau_std": 4.15007036384795, "car_v_mean": 19.600158149077682, "car_v_std": 17.89731868025909}, "datetime": {"datetime": "2024-08-08 18:45:38", "elapsed": 546.257298, "delta": 2.953012}}
{"target": -0.35930496581656435, "params": {"bus_acc": 2.1953745896471206, "bus_dcc": 2.1317187025915283, "bus_lcAssertive": 66.69666053543827, "bus_lcCooperative": 0.08633328681516406, "bus_lcLookaheadLeft": 55.88921220625415, "bus_lcPushy": 0.015421822343255842, "bus_lcSigma": 0.9830389835394168, "bus_lcSpeedGainRight": 2.992136111940074, "bus_lcSublane": 0.38411422799622663, "bus_sigma": 0.1467479307274827, "bus_tau_mean": 2.939074142528818, "bus_tau_std": 9.058084167065523, "bus_v_mean": 13.089740037513868, "bus_v_std": 15.329842893124594, "car_acc": 1.8624943061235628, "car_dcc": 3.87167602712318, "car_lcAssertive": 70.52925972468594, "car_lcCooperative": 0.6250155931933211, "car_lcLookaheadLeft": 93.21200384871447, "car_lcPushy": 0.26904238725191854, "car_lcSigma": 0.9236157463407607, "car_lcSpeedGainRight": 3.3904146706199123, "car_lcSublane": 0.7713625072014619, "car_sigma": 0.5716353364349513, "car_tau_mean": 3.4186663712473164, "car_tau_std": 6.982817992918626, "car_v_mean": 10.345739228430544, "car_v_std": 12.249222572561498}, "datetime": {"datetime": "2024-08-08 18:45:40", "elapsed": 548.641642, "delta": 2.384344}}
{"target": -0.38480496021895655, "params": {"bus_acc": 1.6570718636593023, "bus_dcc": 2.657915640442689, "bus_lcAssertive": 43.847939505681964, "bus_lcCooperative": 0.8080551045114243, "bus_lcLookaheadLeft": 15.579818929382006, "bus_lcPushy": 0.1908699211658358, "bus_lcSigma": 0.5675125045623979, "bus_lcSpeedGainRight": 1.0497584169107343, "bus_lcSublane": 0.8799926485544707, "bus_sigma": 0.5783530045146132, "bus_tau_mean": 3.691142867411994, "bus_tau_std": 7.6434158236064835, "bus_v_mean": 15.59909022581743, "bus_v_std": 13.848165968699831, "car_acc": 1.179406603773951, "car_dcc": 2.8937755937690652, "car_lcAssertive": 98.42067917397048, "car_lcCooperative": 0.11938448022986414, "car_lcLookaheadLeft": 46.253534047303354, "car_lcPushy": 0.018533944700378835, "car_lcSigma": 0.6881278584235981, "car_lcSpeedGainRight": 0.09711315722339797, "car_lcSublane": 0.4552722202285313, "car_sigma": 0.21915041016568249, "car_tau_mean": 3.3252542363392843, "car_tau_std": 6.456374067585068, "car_v_mean": 18.66030126230499, "car_v_std": 10.997822125160974}, "datetime": {"datetime": "2024-08-08 18:45:44", "elapsed": 552.144806, "delta": 3.503164}}
{"target": -0.28947042768229997, "params": {"bus_acc": 2.6768034125197557, "bus_dcc": 1.8747614717029382, "bus_lcAssertive": 18.008247591670735, "bus_lcCooperative": 0.6197406557487335, "bus_lcLookaheadLeft": 98.87077498889333, "bus_lcPushy": 0.5162206645247791, "bus_lcSigma": 0.671008350024413, "bus_lcSpeedGainRight": 2.5976628983828625, "bus_lcSublane": 0.20003086089120825, "bus_sigma": 0.5786958675286965, "bus_tau_mean": 3.8525784599148105, "bus_tau_std": 6.924241539152177, "bus_v_mean": 8.437391025103995, "bus_v_std": 7.26237614654335, "car_acc": 2.901656057845046, "car_dcc": 2.7012193237853523, "car_lcAssertive": 13.01203739015265, "car_lcCooperative": 0.9364732832196151, "car_lcLookaheadLeft": 40.59623505778196, "car_lcPushy": 0.7292627220134197, "car_lcSigma": 0.7856872553743665, "car_lcSpeedGainRight": 1.0649636093054438, "car_lcSublane": 0.6626243426225693, "car_sigma": 0.5233670996589541, "car_tau_mean": 1.124040305672732, "car_tau_std": 7.1844085816412315, "car_v_mean": 16.649224167477577, "car_v_std": 4.281875797888608}, "datetime": {"datetime": "2024-08-08 18:45:47", "elapsed": 555.051182, "delta": 2.906376}}
{"target": -0.31696913676567434, "params": {"bus_acc": 1.4637266750495916, "bus_dcc": 3.2265175937664345, "bus_lcAssertive": 36.649176114997736, "bus_lcCooperative": 0.6046740203819879, "bus_lcLookaheadLeft": 2.636311313087952, "bus_lcPushy": 0.5905153664209507, "bus_lcSigma": 0.7334260110546541, "bus_lcSpeedGainRight": 1.7283716884538158, "bus_lcSublane": 0.7593298235379096, "bus_sigma": 0.42697012115466537, "bus_tau_mean": 1.9812002038471968, "bus_tau_std": 2.993526375962332, "bus_v_mean": 19.856942701250365, "bus_v_std": 18.34169727754157, "car_acc": 2.329303716364598, "car_dcc": 3.9609539466944814, "car_lcAssertive": 80.14928593431807, "car_lcCooperative": 0.3112352492736875, "car_lcLookaheadLeft": 24.844319222044746, "car_lcPushy": 0.3589360040376469, "car_lcSigma": 0.4046692860273702, "car_lcSpeedGainRight": 2.4794914521918483, "car_lcSublane": 0.7015337423351009, "car_sigma": 0.8409983347570872, "car_tau_mean": 0.7067590761107718, "car_tau_std": 4.53072012007164, "car_v_mean": 14.840894238868843, "car_v_std": 8.480648290011212}, "datetime": {"datetime": "2024-08-08 18:45:50", "elapsed": 558.485204, "delta": 3.434022}}
{"target": -0.36033424971919653, "params": {"bus_acc": 3.1797866348551067, "bus_dcc": 2.7477065720868796, "bus_lcAssertive": 18.762371724982845, "bus_lcCooperative": 0.7340835951719715, "bus_lcLookaheadLeft": 60.35351331614995, "bus_lcPushy": 0.5461849318795767, "bus_lcSigma": 0.7271232606822634, "bus_lcSpeedGainRight": 1.5697346295557617, "bus_lcSublane": 0.0706075013953893, "bus_sigma": 0.08821398358808574, "bus_tau_mean": 1.6470457854727156, "bus_tau_std": 2.3168242173772335, "bus_v_mean": 19.971474783815214, "bus_v_std": 12.152777371261417, "car_acc": 1.286294012480683, "car_dcc": 3.159560025266673, "car_lcAssertive": 91.693683655633, "car_lcCooperative": 0.8243801957689545, "car_lcLookaheadLeft": 67.98428732063383, "car_lcPushy": 0.7766406579132118, "car_lcSigma": 0.15012411986947383, "car_lcSpeedGainRight": 0.327562887203629, "car_lcSublane": 0.7479799802018421, "car_sigma": 0.9847820247554123, "car_tau_mean": 1.3408508503663574, "car_tau_std": 5.619359552062745, "car_v_mean": 9.293212420842332, "car_v_std": 11.22373289650038}, "datetime": {"datetime": "2024-08-08 18:45:53", "elapsed": 561.085116, "delta": 2.599912}}
