{"target": -0.04767337709035204, "params": {"bus_acc": 1.69, "bus_dcc": 3.04, "bus_lcAssertive": 80.51, "bus_lcCooperative": 0.86, "bus_lcLookaheadLeft": 59.86, "bus_lcPushy": 0.46, "bus_lcSublane": 0.57, "bus_max_v": 21.43, "bus_tau_mean": 1.35, "bus_tau_std": 6.28, "car_acc": 1.34, "car_dcc": 1.27, "car_lcAssertive": 11.23, "car_lcCooperative": 0.74, "car_lcLookaheadLeft": 18.35, "car_lcPushy": 0.64, "car_lcSublane": 0.65, "car_max_v": 16.17, "car_tau_mean": 3.24, "car_tau_std": 7.87}, "datetime": {"datetime": "2024-08-04 11:52:50", "elapsed": 1045.099562, "delta": 4.45142}}
{"target": -0.04701963647292251, "params": {"bus_acc": 2.11, "bus_dcc": 2.22, "bus_lcAssertive": 84.82, "bus_lcCooperative": 0.85, "bus_lcLookaheadLeft": 46.74, "bus_lcPushy": 0.94, "bus_lcSublane": 1.0, "bus_max_v": 16.52, "bus_tau_mean": 0.6, "bus_tau_std": 1.49, "car_acc": 1.19, "car_dcc": 1.39, "car_lcAssertive": 59.64, "car_lcCooperative": 0.21, "car_lcLookaheadLeft": 39.59, "car_lcPushy": 0.76, "car_lcSublane": 0.41, "car_max_v": 25.55, "car_tau_mean": 1.33, "car_tau_std": 4.39}, "datetime": {"datetime": "2024-08-04 11:52:57", "elapsed": 1051.993118, "delta": 6.893556}}
{"target": -0.04894528904138096, "params": {"bus_acc": 1.54, "bus_dcc": 1.97, "bus_lcAssertive": 66.34, "bus_lcCooperative": 0.89, "bus_lcLookaheadLeft": 62.43, "bus_lcPushy": 0.8, "bus_lcSublane": 0.1, "bus_max_v": 11.97, "bus_tau_mean": 2.78, "bus_tau_std": 9.44, "car_acc": 1.4, "car_dcc": 2.16, "car_lcAssertive": 44.64, "car_lcCooperative": 0.01, "car_lcLookaheadLeft": 38.92, "car_lcPushy": 0.43, "car_lcSublane": 0.04, "car_max_v": 28.57, "car_tau_mean": 1.83, "car_tau_std": 5.69}, "datetime": {"datetime": "2024-08-04 11:53:00", "elapsed": 1054.283826, "delta": 2.290708}}
{"target": -0.04837549607532679, "params": {"bus_acc": 2.45, "bus_dcc": 1.25, "bus_lcAssertive": 54.54, "bus_lcCooperative": 0.22, "bus_lcLookaheadLeft": 95.43, "bus_lcPushy": 1.0, "bus_lcSublane": 1.0, "bus_max_v": 28.35, "bus_tau_mean": 1.22, "bus_tau_std": 1.79, "car_acc": 1.59, "car_dcc": 3.08, "car_lcAssertive": 90.89, "car_lcCooperative": 1.0, "car_lcLookaheadLeft": 71.9, "car_lcPushy": 0.95, "car_lcSublane": 1.0, "car_max_v": 17.03, "car_tau_mean": 1.59, "car_tau_std": 1.95}, "datetime": {"datetime": "2024-08-04 11:53:03", "elapsed": 1057.303684, "delta": 3.019858}}
{"target": -0.0500547945045153, "params": {"bus_acc": 2.26, "bus_dcc": 1.05, "bus_lcAssertive": 54.35, "bus_lcCooperative": 0.03, "bus_lcLookaheadLeft": 95.24, "bus_lcPushy": 0.93, "bus_lcSublane": 0.82, "bus_max_v": 28.16, "bus_tau_mean": 1.03, "bus_tau_std": 1.6, "car_acc": 1.4, "car_dcc": 2.89, "car_lcAssertive": 90.7, "car_lcCooperative": 1.0, "car_lcLookaheadLeft": 71.71, "car_lcPushy": 0.75, "car_lcSublane": 0.93, "car_max_v": 16.84, "car_tau_mean": 1.4, "car_tau_std": 1.76}, "datetime": {"datetime": "2024-08-04 11:53:26", "elapsed": 1080.825745, "delta": 23.522061}}
{"target": -0.05019613071347171, "params": {"bus_acc": 1.5, "bus_dcc": 2.62, "bus_lcAssertive": 23.0, "bus_lcCooperative": 0.67, "bus_lcLookaheadLeft": 69.84, "bus_lcPushy": 0.95, "bus_lcSublane": 0.16, "bus_max_v": 17.36, "bus_tau_mean": 3.45, "bus_tau_std": 1.11, "car_acc": 2.0, "car_dcc": 2.44, "car_lcAssertive": 27.25, "car_lcCooperative": 0.78, "car_lcLookaheadLeft": 99.98, "car_lcPushy": 0.72, "car_lcSublane": 0.23, "car_max_v": 14.09, "car_tau_mean": 2.15, "car_tau_std": 5.3}, "datetime": {"datetime": "2024-08-04 11:53:36", "elapsed": 1090.369117, "delta": 9.543372}}
{"target": -0.04491863337585101, "params": {"bus_acc": 1.21, "bus_dcc": 1.49, "bus_lcAssertive": 81.07, "bus_lcCooperative": 0.59, "bus_lcLookaheadLeft": 60.59, "bus_lcPushy": 0.06, "bus_lcSublane": 0.75, "bus_max_v": 11.42, "bus_tau_mean": 1.31, "bus_tau_std": 3.12, "car_acc": 2.24, "car_dcc": 2.34, "car_lcAssertive": 34.98, "car_lcCooperative": 0.88, "car_lcLookaheadLeft": 44.98, "car_lcPushy": 0.33, "car_lcSublane": 0.01, "car_max_v": 10.25, "car_tau_mean": 1.26, "car_tau_std": 3.65}, "datetime": {"datetime": "2024-08-04 11:53:41", "elapsed": 1095.669424, "delta": 5.300307}}
{"target": -0.05059889576049053, "params": {"bus_acc": 1.77, "bus_dcc": 3.33, "bus_lcAssertive": 9.22, "bus_lcCooperative": 0.8, "bus_lcLookaheadLeft": 23.29, "bus_lcPushy": 0.39, "bus_lcSublane": 0.92, "bus_max_v": 17.24, "bus_tau_mean": 1.49, "bus_tau_std": 6.23, "car_acc": 1.71, "car_dcc": 2.06, "car_lcAssertive": 73.78, "car_lcCooperative": 0.95, "car_lcLookaheadLeft": 14.37, "car_lcPushy": 0.88, "car_lcSublane": 0.15, "car_max_v": 12.65, "car_tau_mean": 3.11, "car_tau_std": 8.51}, "datetime": {"datetime": "2024-08-04 11:53:43", "elapsed": 1098.108647, "delta": 2.439223}}
{"target": -0.06073993395011948, "params": {"bus_acc": 2.28, "bus_dcc": 3.78, "bus_lcAssertive": 74.12, "bus_lcCooperative": 0.89, "bus_lcLookaheadLeft": 38.13, "bus_lcPushy": 0.53, "bus_lcSublane": 0.14, "bus_max_v": 21.33, "bus_tau_mean": 3.7, "bus_tau_std": 5.17, "car_acc": 2.53, "car_dcc": 2.92, "car_lcAssertive": 91.41, "car_lcCooperative": 0.21, "car_lcLookaheadLeft": 9.34, "car_lcPushy": 0.04, "car_lcSublane": 0.2, "car_max_v": 26.55, "car_tau_mean": 1.09, "car_tau_std": 1.04}, "datetime": {"datetime": "2024-08-04 11:53:45", "elapsed": 1099.855925, "delta": 1.747278}}
{"target": -0.04483244208547251, "params": {"bus_acc": 2.68, "bus_dcc": 2.42, "bus_lcAssertive": 66.94, "bus_lcCooperative": 0.6, "bus_lcLookaheadLeft": 28.12, "bus_lcPushy": 0.82, "bus_lcSublane": 0.06, "bus_max_v": 28.37, "bus_tau_mean": 3.83, "bus_tau_std": 5.6, "car_acc": 1.49, "car_dcc": 3.59, "car_lcAssertive": 59.22, "car_lcCooperative": 0.77, "car_lcLookaheadLeft": 33.67, "car_lcPushy": 0.74, "car_lcSublane": 0.98, "car_max_v": 14.08, "car_tau_mean": 1.6, "car_tau_std": 2.19}, "datetime": {"datetime": "2024-08-04 11:53:51", "elapsed": 1105.925649, "delta": 6.069724}}
{"target": -0.04883492492138364, "params": {"bus_acc": 1.05, "bus_dcc": 3.7, "bus_lcAssertive": 75.6, "bus_lcCooperative": 0.97, "bus_lcLookaheadLeft": 31.17, "bus_lcPushy": 0.41, "bus_lcSublane": 0.42, "bus_max_v": 19.18, "bus_tau_mean": 2.86, "bus_tau_std": 9.93, "car_acc": 2.21, "car_dcc": 3.8, "car_lcAssertive": 74.17, "car_lcCooperative": 0.6, "car_lcLookaheadLeft": 94.37, "car_lcPushy": 0.02, "car_lcSublane": 0.56, "car_max_v": 17.18, "car_tau_mean": 3.22, "car_tau_std": 7.79}, "datetime": {"datetime": "2024-08-04 11:54:05", "elapsed": 1119.783168, "delta": 13.857519}}
{"target": -0.04736540032898881, "params": {"bus_acc": 2.72, "bus_dcc": 1.7, "bus_lcAssertive": 21.54, "bus_lcCooperative": 0.84, "bus_lcLookaheadLeft": 85.51, "bus_lcPushy": 0.87, "bus_lcSublane": 0.2, "bus_max_v": 28.72, "bus_tau_mean": 3.33, "bus_tau_std": 5.97, "car_acc": 2.82, "car_dcc": 1.55, "car_lcAssertive": 40.27, "car_lcCooperative": 0.18, "car_lcLookaheadLeft": 27.15, "car_lcPushy": 0.66, "car_lcSublane": 0.72, "car_max_v": 12.61, "car_tau_mean": 1.46, "car_tau_std": 3.8}, "datetime": {"datetime": "2024-08-04 11:54:24", "elapsed": 1138.425514, "delta": 18.642346}}
{"target": -0.05267150444368521, "params": {"bus_acc": 1.9, "bus_dcc": 1.0, "bus_lcAssertive": 57.21, "bus_lcCooperative": 0.0, "bus_lcLookaheadLeft": 98.44, "bus_lcPushy": 0.87, "bus_lcSublane": 0.82, "bus_max_v": 29.75, "bus_tau_mean": 0.7, "bus_tau_std": 0.0, "car_acc": 1.0, "car_dcc": 2.97, "car_lcAssertive": 92.37, "car_lcCooperative": 1.0, "car_lcLookaheadLeft": 67.35, "car_lcPushy": 0.96, "car_lcSublane": 1.0, "car_max_v": 11.91, "car_tau_mean": 0.58, "car_tau_std": 0.62}, "datetime": {"datetime": "2024-08-04 11:54:26", "elapsed": 1140.312629, "delta": 1.887115}}
{"target": -0.03807469448692431, "params": {"bus_acc": 1.43, "bus_dcc": 2.54, "bus_lcAssertive": 79.21, "bus_lcCooperative": 0.64, "bus_lcLookaheadLeft": 76.6, "bus_lcPushy": 0.28, "bus_lcSublane": 0.72, "bus_max_v": 15.93, "bus_tau_mean": 2.0, "bus_tau_std": 5.07, "car_acc": 1.49, "car_dcc": 2.87, "car_lcAssertive": 19.22, "car_lcCooperative": 0.38, "car_lcLookaheadLeft": 21.01, "car_lcPushy": 0.34, "car_lcSublane": 0.04, "car_max_v": 9.72, "car_tau_mean": 3.79, "car_tau_std": 5.84}, "datetime": {"datetime": "2024-08-04 11:54:43", "elapsed": 1158.011683, "delta": 17.699054}}
{"target": -0.04902132025369055, "params": {"bus_acc": 1.96, "bus_dcc": 1.0, "bus_lcAssertive": 57.24, "bus_lcCooperative": 0.0, "bus_lcLookaheadLeft": 98.46, "bus_lcPushy": 0.91, "bus_lcSublane": 0.87, "bus_max_v": 29.79, "bus_tau_mean": 0.76, "bus_tau_std": 0.0, "car_acc": 1.01, "car_dcc": 2.96, "car_lcAssertive": 92.41, "car_lcCooperative": 1.0, "car_lcLookaheadLeft": 67.42, "car_lcPushy": 0.99, "car_lcSublane": 1.0, "car_max_v": 11.88, "car_tau_mean": 0.55, "car_tau_std": 0.63}, "datetime": {"datetime": "2024-08-04 11:54:56", "elapsed": 1170.277007, "delta": 12.265324}}
{"target": -0.05215503440934818, "params": {"bus_acc": 1.95, "bus_dcc": 1.0, "bus_lcAssertive": 57.3, "bus_lcCooperative": 0.0, "bus_lcLookaheadLeft": 98.53, "bus_lcPushy": 0.91, "bus_lcSublane": 0.89, "bus_max_v": 29.86, "bus_tau_mean": 0.71, "bus_tau_std": 0.0, "car_acc": 1.01, "car_dcc": 2.96, "car_lcAssertive": 92.47, "car_lcCooperative": 1.0, "car_lcLookaheadLeft": 67.26, "car_lcPushy": 0.99, "car_lcSublane": 1.0, "car_max_v": 11.75, "car_tau_mean": 0.6, "car_tau_std": 0.61}, "datetime": {"datetime": "2024-08-04 11:55:02", "elapsed": 1176.763795, "delta": 6.486788}}
{"target": -0.050514577968304004, "params": {"bus_acc": 1.32, "bus_dcc": 1.31, "bus_lcAssertive": 70.76, "bus_lcCooperative": 0.25, "bus_lcLookaheadLeft": 25.51, "bus_lcPushy": 0.32, "bus_lcSublane": 0.07, "bus_max_v": 24.56, "bus_tau_mean": 1.27, "bus_tau_std": 3.68, "car_acc": 1.61, "car_dcc": 3.28, "car_lcAssertive": 56.47, "car_lcCooperative": 0.42, "car_lcLookaheadLeft": 34.49, "car_lcPushy": 0.26, "car_lcSublane": 0.85, "car_max_v": 8.1, "car_tau_mean": 3.22, "car_tau_std": 2.49}, "datetime": {"datetime": "2024-08-04 11:55:12", "elapsed": 1186.143929, "delta": 9.380134}}
{"target": -0.05120362363754933, "params": {"bus_acc": 1.89, "bus_dcc": 1.0, "bus_lcAssertive": 57.21, "bus_lcCooperative": 0.0, "bus_lcLookaheadLeft": 98.45, "bus_lcPushy": 0.83, "bus_lcSublane": 0.81, "bus_max_v": 29.79, "bus_tau_mean": 0.67, "bus_tau_std": 0.0, "car_acc": 1.0, "car_dcc": 2.95, "car_lcAssertive": 92.37, "car_lcCooperative": 1.0, "car_lcLookaheadLeft": 67.31, "car_lcPushy": 0.97, "car_lcSublane": 1.0, "car_max_v": 11.81, "car_tau_mean": 0.55, "car_tau_std": 0.54}, "datetime": {"datetime": "2024-08-04 11:55:13", "elapsed": 1187.505192, "delta": 1.361263}}
{"target": -0.050071926775507, "params": {"bus_acc": 2.49, "bus_dcc": 1.53, "bus_lcAssertive": 80.8, "bus_lcCooperative": 0.27, "bus_lcLookaheadLeft": 60.52, "bus_lcPushy": 0.41, "bus_lcSublane": 0.45, "bus_max_v": 20.98, "bus_tau_mean": 1.22, "bus_tau_std": 6.96, "car_acc": 2.3, "car_dcc": 3.73, "car_lcAssertive": 15.41, "car_lcCooperative": 0.76, "car_lcLookaheadLeft": 16.37, "car_lcPushy": 0.88, "car_lcSublane": 0.05, "car_max_v": 8.37, "car_tau_mean": 1.23, "car_tau_std": 6.02}, "datetime": {"datetime": "2024-08-04 11:55:16", "elapsed": 1190.209034, "delta": 2.703842}}
{"target": -0.05250342781117882, "params": {"bus_acc": 1.88, "bus_dcc": 1.0, "bus_lcAssertive": 57.55, "bus_lcCooperative": 0.0, "bus_lcLookaheadLeft": 98.77, "bus_lcPushy": 0.87, "bus_lcSublane": 0.87, "bus_max_v": 29.96, "bus_tau_mean": 0.65, "bus_tau_std": 0.0, "car_acc": 1.0, "car_dcc": 2.98, "car_lcAssertive": 92.63, "car_lcCooperative": 1.0, "car_lcLookaheadLeft": 66.85, "car_lcPushy": 1.0, "car_lcSublane": 1.0, "car_max_v": 11.25, "car_tau_mean": 0.52, "car_tau_std": 0.5}, "datetime": {"datetime": "2024-08-04 11:55:18", "elapsed": 1192.180002, "delta": 1.970968}}
{"target": -0.05439933100896944, "params": {"bus_acc": 1.86, "bus_dcc": 1.0, "bus_lcAssertive": 57.58, "bus_lcCooperative": 0.0, "bus_lcLookaheadLeft": 99.15, "bus_lcPushy": 0.87, "bus_lcSublane": 0.88, "bus_max_v": 29.97, "bus_tau_mean": 0.65, "bus_tau_std": 0.0, "car_acc": 1.0, "car_dcc": 3.0, "car_lcAssertive": 92.96, "car_lcCooperative": 1.0, "car_lcLookaheadLeft": 66.42, "car_lcPushy": 1.0, "car_lcSublane": 1.0, "car_max_v": 10.53, "car_tau_mean": 0.51, "car_tau_std": 0.42}, "datetime": {"datetime": "2024-08-04 11:55:32", "elapsed": 1206.318825, "delta": 14.138823}}
{"target": -0.052595766575500295, "params": {"bus_acc": 1.87, "bus_dcc": 1.0, "bus_lcAssertive": 57.5, "bus_lcCooperative": 0.0, "bus_lcLookaheadLeft": 98.78, "bus_lcPushy": 0.86, "bus_lcSublane": 0.86, "bus_max_v": 29.95, "bus_tau_mean": 0.63, "bus_tau_std": 0.0, "car_acc": 1.0, "car_dcc": 2.95, "car_lcAssertive": 92.61, "car_lcCooperative": 1.0, "car_lcLookaheadLeft": 66.84, "car_lcPushy": 1.0, "car_lcSublane": 1.0, "car_max_v": 11.23, "car_tau_mean": 0.5, "car_tau_std": 0.47}, "datetime": {"datetime": "2024-08-04 11:55:36", "elapsed": 1210.530144, "delta": 4.211319}}
{"target": -0.048136249412714716, "params": {"bus_acc": 2.99, "bus_dcc": 1.33, "bus_lcAssertive": 73.28, "bus_lcCooperative": 0.84, "bus_lcLookaheadLeft": 30.04, "bus_lcPushy": 0.72, "bus_lcSublane": 0.72, "bus_max_v": 20.18, "bus_tau_mean": 3.58, "bus_tau_std": 9.01, "car_acc": 2.67, "car_dcc": 3.23, "car_lcAssertive": 78.06, "car_lcCooperative": 0.33, "car_lcLookaheadLeft": 90.24, "car_lcPushy": 0.12, "car_lcSublane": 0.11, "car_max_v": 13.44, "car_tau_mean": 2.88, "car_tau_std": 8.05}, "datetime": {"datetime": "2024-08-04 11:55:41", "elapsed": 1215.804264, "delta": 5.27412}}
{"target": -0.05311516575479153, "params": {"bus_acc": 1.91, "bus_dcc": 1.0, "bus_lcAssertive": 57.38, "bus_lcCooperative": 0.0, "bus_lcLookaheadLeft": 98.63, "bus_lcPushy": 0.87, "bus_lcSublane": 0.86, "bus_max_v": 29.86, "bus_tau_mean": 0.68, "bus_tau_std": 0.0, "car_acc": 1.0, "car_dcc": 2.99, "car_lcAssertive": 92.5, "car_lcCooperative": 1.0, "car_lcLookaheadLeft": 67.11, "car_lcPushy": 0.99, "car_lcSublane": 1.0, "car_max_v": 11.54, "car_tau_mean": 0.53, "car_tau_std": 0.56}, "datetime": {"datetime": "2024-08-04 11:55:45", "elapsed": 1219.710957, "delta": 3.906693}}
{"target": -0.04269152015109562, "params": {"bus_acc": 2.68, "bus_dcc": 3.75, "bus_lcAssertive": 63.54, "bus_lcCooperative": 0.35, "bus_lcLookaheadLeft": 24.65, "bus_lcPushy": 0.42, "bus_lcSublane": 0.55, "bus_max_v": 27.16, "bus_tau_mean": 3.03, "bus_tau_std": 9.13, "car_acc": 1.63, "car_dcc": 1.8, "car_lcAssertive": 59.68, "car_lcCooperative": 0.64, "car_lcLookaheadLeft": 33.75, "car_lcPushy": 0.1, "car_lcSublane": 0.48, "car_max_v": 9.47, "car_tau_mean": 2.6, "car_tau_std": 0.66}, "datetime": {"datetime": "2024-08-04 11:55:55", "elapsed": 1230.052228, "delta": 10.341271}}
{"target": -0.050261540188471905, "params": {"bus_acc": 1.5, "bus_dcc": 2.4, "bus_lcAssertive": 63.73, "bus_lcCooperative": 0.51, "bus_lcLookaheadLeft": 28.62, "bus_lcPushy": 0.3, "bus_lcSublane": 0.73, "bus_max_v": 27.29, "bus_tau_mean": 3.49, "bus_tau_std": 4.65, "car_acc": 2.3, "car_dcc": 2.11, "car_lcAssertive": 56.7, "car_lcCooperative": 0.61, "car_lcLookaheadLeft": 37.91, "car_lcPushy": 0.04, "car_lcSublane": 0.58, "car_max_v": 9.56, "car_tau_mean": 2.33, "car_tau_std": 1.25}, "datetime": {"datetime": "2024-08-04 11:56:05", "elapsed": 1239.776946, "delta": 9.724718}}
{"target": -0.053960494877262115, "params": {"bus_acc": 2.29, "bus_dcc": 2.11, "bus_lcAssertive": 78.22, "bus_lcCooperative": 0.76, "bus_lcLookaheadLeft": 27.95, "bus_lcPushy": 0.99, "bus_lcSublane": 0.27, "bus_max_v": 27.82, "bus_tau_mean": 3.26, "bus_tau_std": 6.59, "car_acc": 2.52, "car_dcc": 3.84, "car_lcAssertive": 44.66, "car_lcCooperative": 1.0, "car_lcLookaheadLeft": 44.33, "car_lcPushy": 0.66, "car_lcSublane": 0.13, "car_max_v": 16.15, "car_tau_mean": 1.47, "car_tau_std": 4.32}, "datetime": {"datetime": "2024-08-04 11:56:12", "elapsed": 1246.856268, "delta": 7.079322}}
{"target": -0.04158677856950561, "params": {"bus_acc": 2.54, "bus_dcc": 1.46, "bus_lcAssertive": 86.94, "bus_lcCooperative": 0.05, "bus_lcLookaheadLeft": 60.05, "bus_lcPushy": 0.84, "bus_lcSublane": 0.01, "bus_max_v": 24.76, "bus_tau_mean": 0.85, "bus_tau_std": 6.6, "car_acc": 1.74, "car_dcc": 1.47, "car_lcAssertive": 10.77, "car_lcCooperative": 0.76, "car_lcLookaheadLeft": 18.44, "car_lcPushy": 0.16, "car_lcSublane": 0.13, "car_max_v": 10.6, "car_tau_mean": 2.76, "car_tau_std": 5.86}, "datetime": {"datetime": "2024-08-04 11:56:19", "elapsed": 1253.857256, "delta": 7.000988}}
{"target": -0.04277308292112175, "params": {"bus_acc": 1.5, "bus_dcc": 3.64, "bus_lcAssertive": 60.76, "bus_lcCooperative": 0.02, "bus_lcLookaheadLeft": 77.7, "bus_lcPushy": 0.96, "bus_lcSublane": 0.04, "bus_max_v": 16.2, "bus_tau_mean": 3.29, "bus_tau_std": 9.92, "car_acc": 1.0, "car_dcc": 4.0, "car_lcAssertive": 38.5, "car_lcCooperative": 1.0, "car_lcLookaheadLeft": 64.96, "car_lcPushy": 0.98, "car_lcSublane": 0.55, "car_max_v": 21.81, "car_tau_mean": 0.6, "car_tau_std": 4.12}, "datetime": {"datetime": "2024-08-04 11:56:35", "elapsed": 1269.642205, "delta": 15.784949}}
{"target": -0.041822825029002746, "params": {"bus_acc": 2.67, "bus_dcc": 3.22, "bus_lcAssertive": 8.21, "bus_lcCooperative": 0.26, "bus_lcLookaheadLeft": 68.29, "bus_lcPushy": 0.32, "bus_lcSublane": 0.08, "bus_max_v": 28.09, "bus_tau_mean": 2.84, "bus_tau_std": 6.2, "car_acc": 2.43, "car_dcc": 1.21, "car_lcAssertive": 27.64, "car_lcCooperative": 0.2, "car_lcLookaheadLeft": 62.74, "car_lcPushy": 0.91, "car_lcSublane": 0.95, "car_max_v": 8.99, "car_tau_mean": 0.69, "car_tau_std": 8.95}, "datetime": {"datetime": "2024-08-04 11:56:41", "elapsed": 1275.938123, "delta": 6.295918}}
{"target": -0.05601402050077186, "params": {"bus_acc": 1.86, "bus_dcc": 1.0, "bus_lcAssertive": 57.63, "bus_lcCooperative": 0.0, "bus_lcLookaheadLeft": 99.2, "bus_lcPushy": 0.87, "bus_lcSublane": 0.89, "bus_max_v": 29.99, "bus_tau_mean": 0.65, "bus_tau_std": 0.0, "car_acc": 1.0, "car_dcc": 3.02, "car_lcAssertive": 92.99, "car_lcCooperative": 1.0, "car_lcLookaheadLeft": 66.37, "car_lcPushy": 1.0, "car_lcSublane": 1.0, "car_max_v": 10.45, "car_tau_mean": 0.5, "car_tau_std": 0.4}, "datetime": {"datetime": "2024-08-04 11:56:47", "elapsed": 1281.44868, "delta": 5.510557}}
{"target": -0.05561280741537387, "params": {"bus_acc": 2.55, "bus_dcc": 1.56, "bus_lcAssertive": 95.56, "bus_lcCooperative": 0.98, "bus_lcLookaheadLeft": 32.4, "bus_lcPushy": 0.26, "bus_lcSublane": 0.1, "bus_max_v": 26.32, "bus_tau_mean": 2.87, "bus_tau_std": 4.3, "car_acc": 2.02, "car_dcc": 3.65, "car_lcAssertive": 30.5, "car_lcCooperative": 0.4, "car_lcLookaheadLeft": 69.51, "car_lcPushy": 0.14, "car_lcSublane": 0.84, "car_max_v": 23.12, "car_tau_mean": 3.53, "car_tau_std": 5.21}, "datetime": {"datetime": "2024-08-04 11:56:53", "elapsed": 1287.855565, "delta": 6.406885}}
{"target": -0.052572014283710396, "params": {"bus_acc": 2.15, "bus_dcc": 3.35, "bus_lcAssertive": 94.5, "bus_lcCooperative": 0.29, "bus_lcLookaheadLeft": 60.1, "bus_lcPushy": 0.17, "bus_lcSublane": 0.9, "bus_max_v": 11.84, "bus_tau_mean": 0.8, "bus_tau_std": 9.69, "car_acc": 2.0, "car_dcc": 1.81, "car_lcAssertive": 63.41, "car_lcCooperative": 0.23, "car_lcLookaheadLeft": 52.51, "car_lcPushy": 0.98, "car_lcSublane": 0.76, "car_max_v": 11.65, "car_tau_mean": 1.64, "car_tau_std": 5.49}, "datetime": {"datetime": "2024-08-04 11:57:33", "elapsed": 1327.250906, "delta": 39.395341}}
{"target": -0.043028705165121424, "params": {"bus_acc": 2.83, "bus_dcc": 1.58, "bus_lcAssertive": 82.56, "bus_lcCooperative": 0.97, "bus_lcLookaheadLeft": 56.89, "bus_lcPushy": 0.32, "bus_lcSublane": 0.3, "bus_max_v": 17.58, "bus_tau_mean": 3.86, "bus_tau_std": 6.7, "car_acc": 2.65, "car_dcc": 2.86, "car_lcAssertive": 13.89, "car_lcCooperative": 0.84, "car_lcLookaheadLeft": 19.71, "car_lcPushy": 0.74, "car_lcSublane": 0.84, "car_max_v": 10.02, "car_tau_mean": 3.22, "car_tau_std": 2.62}, "datetime": {"datetime": "2024-08-04 11:57:38", "elapsed": 1332.570659, "delta": 5.319753}}
{"target": -0.048557300794995734, "params": {"bus_acc": 2.41, "bus_dcc": 2.82, "bus_lcAssertive": 68.15, "bus_lcCooperative": 0.33, "bus_lcLookaheadLeft": 39.93, "bus_lcPushy": 0.86, "bus_lcSublane": 0.35, "bus_max_v": 23.76, "bus_tau_mean": 3.37, "bus_tau_std": 7.94, "car_acc": 1.35, "car_dcc": 3.47, "car_lcAssertive": 90.28, "car_lcCooperative": 0.27, "car_lcLookaheadLeft": 14.21, "car_lcPushy": 0.7, "car_lcSublane": 0.43, "car_max_v": 28.6, "car_tau_mean": 3.88, "car_tau_std": 3.39}, "datetime": {"datetime": "2024-08-04 11:57:58", "elapsed": 1352.781423, "delta": 20.210764}}
{"target": -0.03775613862281771, "params": {"bus_acc": 2.22, "bus_dcc": 3.52, "bus_lcAssertive": 54.34, "bus_lcCooperative": 0.66, "bus_lcLookaheadLeft": 37.59, "bus_lcPushy": 0.91, "bus_lcSublane": 0.92, "bus_max_v": 29.94, "bus_tau_mean": 3.13, "bus_tau_std": 6.34, "car_acc": 2.73, "car_dcc": 1.95, "car_lcAssertive": 65.96, "car_lcCooperative": 0.73, "car_lcLookaheadLeft": 42.11, "car_lcPushy": 0.27, "car_lcSublane": 0.32, "car_max_v": 19.47, "car_tau_mean": 3.57, "car_tau_std": 3.22}, "datetime": {"datetime": "2024-08-04 11:58:14", "elapsed": 1368.397503, "delta": 15.61608}}
{"target": -0.05116941378866893, "params": {"bus_acc": 1.57, "bus_dcc": 2.38, "bus_lcAssertive": 46.09, "bus_lcCooperative": 0.07, "bus_lcLookaheadLeft": 79.84, "bus_lcPushy": 0.37, "bus_lcSublane": 0.09, "bus_max_v": 15.01, "bus_tau_mean": 1.89, "bus_tau_std": 7.69, "car_acc": 2.83, "car_dcc": 2.39, "car_lcAssertive": 53.3, "car_lcCooperative": 0.35, "car_lcLookaheadLeft": 92.21, "car_lcPushy": 0.41, "car_lcSublane": 0.34, "car_max_v": 29.15, "car_tau_mean": 1.73, "car_tau_std": 4.65}, "datetime": {"datetime": "2024-08-04 11:58:21", "elapsed": 1375.513796, "delta": 7.116293}}
