{"target": -0.4987731059772925, "params": {"bus_acc": 2.4239, "bus_dcc": 1.1559, "bus_lcAssertive": 41.5968, "bus_lcCooperative": 0.5807, "bus_lcLookaheadLeft": 42.6574, "bus_lcPushy": 0.9281, "bus_lcSigma": 0.8337, "bus_lcSpeedGainRight": 2.5369, "bus_lcSublane": 0.7964, "bus_sigma": 0.8358, "bus_tau_mean": 2.3885, "bus_tau_std": 6.6145, "bus_v_mean": 20.952, "bus_v_std": 19.0035, "car_acc": 1.1194, "car_dcc": 3.7612, "car_lcAssertive": 7.8894, "car_lcCooperative": 0.3306, "car_lcLookaheadLeft": 57.9504, "car_lcPushy": 0.1524, "car_lcSigma": 0.4392, "car_lcSpeedGainRight": 1.4904, "car_lcSublane": 0.655, "car_sigma": 0.8519, "car_tau_mean": 3.0294, "car_tau_std": 2.5451, "car_v_mean": 8.0748, "car_v_std": 9.2836}, "datetime": {"datetime": "2024-08-08 14:03:33", "elapsed": 4601.028549, "delta": 2.651736}}
{"target": -0.3679228510725735, "params": {"bus_acc": 1.2215, "bus_dcc": 1.5688, "bus_lcAssertive": 91.6086, "bus_lcCooperative": 0.0593, "bus_lcLookaheadLeft": 62.2774, "bus_lcPushy": 0.8527, "bus_lcSigma": 0.2281, "bus_lcSpeedGainRight": 0.4642, "bus_lcSublane": 0.1085, "bus_sigma": 0.3397, "bus_tau_mean": 3.343, "bus_tau_std": 4.6585, "bus_v_mean": 11.4825, "bus_v_std": 5.5358, "car_acc": 2.9852, "car_dcc": 2.4224, "car_lcAssertive": 37.2219, "car_lcCooperative": 0.619, "car_lcLookaheadLeft": 47.4086, "car_lcPushy": 0.4117, "car_lcSigma": 0.0155, "car_lcSpeedGainRight": 1.1179, "car_lcSublane": 0.2357, "car_sigma": 0.6254, "car_tau_mean": 1.8397, "car_tau_std": 6.6207, "car_v_mean": 13.452, "car_v_std": 9.9501}, "datetime": {"datetime": "2024-08-08 14:03:36", "elapsed": 4603.649232, "delta": 2.620683}}
{"target": -0.342333766915523, "params": {"bus_acc": 1.9629, "bus_dcc": 2.1468, "bus_lcAssertive": 87.9551, "bus_lcCooperative": 0.4301, "bus_lcLookaheadLeft": 41.2501, "bus_lcPushy": 0.4426, "bus_lcSigma": 0.8954, "bus_lcSpeedGainRight": 0.6983, "bus_lcSublane": 0.471, "bus_sigma": 0.2379, "bus_tau_mean": 3.5954, "bus_tau_std": 4.9053, "bus_v_mean": 22.2013, "bus_v_std": 9.9752, "car_acc": 4.4251, "car_dcc": 3.927, "car_lcAssertive": 68.3725, "car_lcCooperative": 0.2893, "car_lcLookaheadLeft": 70.1832, "car_lcPushy": 0.144, "car_lcSigma": 0.1743, "car_lcSpeedGainRight": 2.2719, "car_lcSublane": 0.431, "car_sigma": 0.4945, "car_tau_mean": 1.5721, "car_tau_std": 6.8988, "car_v_mean": 13.203, "car_v_std": 18.97}, "datetime": {"datetime": "2024-08-08 14:03:38", "elapsed": 4606.142177, "delta": 2.492945}}
{"target": -0.3711752433586771, "params": {"bus_acc": 1.6021, "bus_dcc": 2.9762, "bus_lcAssertive": 82.0582, "bus_lcCooperative": 0.0264, "bus_lcLookaheadLeft": 82.4972, "bus_lcPushy": 0.1379, "bus_lcSigma": 0.8869, "bus_lcSpeedGainRight": 2.8228, "bus_lcSublane": 0.4779, "bus_sigma": 0.8569, "bus_tau_mean": 3.1644, "bus_tau_std": 5.1057, "bus_v_mean": 23.2799, "bus_v_std": 11.3689, "car_acc": 4.0867, "car_dcc": 3.5106, "car_lcAssertive": 53.824, "car_lcCooperative": 0.2441, "car_lcLookaheadLeft": 87.4784, "car_lcPushy": 0.5889, "car_lcSigma": 0.106, "car_lcSpeedGainRight": 4.3836, "car_lcSublane": 0.7572, "car_sigma": 0.6825, "car_tau_mean": 3.811, "car_tau_std": 8.464, "car_v_mean": 10.6261, "car_v_std": 17.5703}, "datetime": {"datetime": "2024-08-08 14:03:41", "elapsed": 4608.676041, "delta": 2.533864}}
{"target": -0.36122830153421637, "params": {"bus_acc": 4.871, "bus_dcc": 1.6903, "bus_lcAssertive": 13.1297, "bus_lcCooperative": 0.2901, "bus_lcLookaheadLeft": 14.919, "bus_lcPushy": 0.3278, "bus_lcSigma": 0.5655, "bus_lcSpeedGainRight": 1.6901, "bus_lcSublane": 0.133, "bus_sigma": 0.0469, "bus_tau_mean": 2.7777, "bus_tau_std": 8.4941, "bus_v_mean": 18.1058, "bus_v_std": 6.6087, "car_acc": 3.6404, "car_dcc": 3.9359, "car_lcAssertive": 39.9644, "car_lcCooperative": 0.7049, "car_lcLookaheadLeft": 75.0763, "car_lcPushy": 0.6339, "car_lcSigma": 0.5913, "car_lcSpeedGainRight": 0.9405, "car_lcSublane": 0.5345, "car_sigma": 0.0032, "car_tau_mean": 1.2785, "car_tau_std": 3.2532, "car_v_mean": 14.7515, "car_v_std": 7.5035}, "datetime": {"datetime": "2024-08-08 14:03:44", "elapsed": 4611.633645, "delta": 2.957604}}
{"target": -0.3672671940378658, "params": {"bus_acc": 1.6718, "bus_dcc": 2.4595, "bus_lcAssertive": 8.4443, "bus_lcCooperative": 0.6507, "bus_lcLookaheadLeft": 52.8492, "bus_lcPushy": 0.1496, "bus_lcSigma": 0.234, "bus_lcSpeedGainRight": 0.4251, "bus_lcSublane": 0.7299, "bus_sigma": 0.2285, "bus_tau_mean": 2.7859, "bus_tau_std": 3.6568, "bus_v_mean": 23.8938, "bus_v_std": 14.2624, "car_acc": 1.5667, "car_dcc": 1.6644, "car_lcAssertive": 41.4936, "car_lcCooperative": 0.5584, "car_lcLookaheadLeft": 37.2186, "car_lcPushy": 0.6453, "car_lcSigma": 0.2608, "car_lcSpeedGainRight": 1.6167, "car_lcSublane": 0.5893, "car_sigma": 0.1204, "car_tau_mean": 3.2562, "car_tau_std": 9.855, "car_v_mean": 23.6227, "car_v_std": 19.9616}, "datetime": {"datetime": "2024-08-08 14:03:46", "elapsed": 4613.721679, "delta": 2.088034}}
