{"target": -0.05379684595821654, "params": {"bus_acc": 1.2855865656060008, "bus_dcc": 1.2823008234989182, "bus_lcAssertive": 87.14898287433239, "bus_lcCooperative": 0.23686870355699852, "bus_lcLookaheadLeft": 39.82839308021436, "bus_lcPushy": 0.5715420927253323, "bus_lcSublane": 0.52580196995147, "bus_max_v": 9.672525347726351, "bus_tau_mean": 3.559440774593099, "bus_tau_std": 9.511356184186921, "car_acc": 2.6250146083493435, "car_dcc": 1.8514055048406228, "car_lcAssertive": 53.25683281567799, "car_lcCooperative": 0.3394167240176095, "car_lcLookaheadLeft": 56.35739645719134, "car_lcPushy": 0.9744034689130026, "car_lcSublane": 0.3117029177189814, "car_max_v": 22.713525330303135, "car_tau_mean": 1.6408852255814506, "car_tau_std": 7.744772660150796}, "datetime": {"datetime": "2024-08-04 11:38:48", "elapsed": 202.145562, "delta": 1.196257}}
{"target": -0.048071737335719844, "params": {"bus_acc": 1.8316974365350547, "bus_dcc": 2.8500552014657083, "bus_lcAssertive": 24.132947784685754, "bus_lcCooperative": 0.10196725942579743, "bus_lcLookaheadLeft": 52.55398766291592, "bus_lcPushy": 0.47714098704978236, "bus_lcSublane": 0.15267164409316325, "bus_max_v": 21.67973709828914, "bus_tau_mean": 2.4040354158487833, "bus_tau_std": 6.541373469707443, "car_acc": 1.2890910802493196, "car_dcc": 3.2545834514057317, "car_lcAssertive": 22.982864840192345, "car_lcCooperative": 0.519351824366033, "car_lcLookaheadLeft": 78.95901076571866, "car_lcPushy": 0.02233042799180618, "car_lcSublane": 0.3243624597261865, "car_max_v": 27.20429228080244, "car_tau_mean": 3.4564836266072434, "car_tau_std": 5.384405925945437}, "datetime": {"datetime": "2024-08-04 11:38:50", "elapsed": 204.943715, "delta": 2.798153}}
{"target": -0.040282765765070734, "params": {"bus_acc": 2.0483712291373224, "bus_dcc": 2.9725642231093303, "bus_lcAssertive": 81.51609068718051, "bus_lcCooperative": 0.8075122716430321, "bus_lcLookaheadLeft": 62.72883522127855, "bus_lcPushy": 0.45110246212077487, "bus_lcSublane": 0.40794998904736746, "bus_max_v": 27.244447637895995, "bus_tau_mean": 2.9602610624002996, "bus_tau_std": 1.8493502237340165, "car_acc": 2.1314642932585266, "car_dcc": 3.7264240969001707, "car_lcAssertive": 15.918309232578846, "car_lcCooperative": 0.8455176755307064, "car_lcLookaheadLeft": 82.37984169890429, "car_lcPushy": 0.4993411012978345, "car_lcSublane": 0.0375838514857032, "car_max_v": 11.24505511873258, "car_tau_mean": 3.7292354314103493, "car_tau_std": 0.44154796031862453}, "datetime": {"datetime": "2024-08-04 11:39:01", "elapsed": 215.351687, "delta": 10.407972}}
{"target": -0.0445023819476924, "params": {"bus_acc": 2.7116567345078555, "bus_dcc": 1.585112458026122, "bus_lcAssertive": 74.9847602228604, "bus_lcCooperative": 0.2896027461868774, "bus_lcLookaheadLeft": 77.83233014992983, "bus_lcPushy": 0.4277373293360762, "bus_lcSublane": 0.8076984091122095, "bus_max_v": 15.777766978695789, "bus_tau_mean": 1.247926331703534, "bus_tau_std": 7.672845084217665, "car_acc": 1.6172838952613022, "car_dcc": 3.1997352031792827, "car_lcAssertive": 74.70284215469547, "car_lcCooperative": 0.22139670090820107, "car_lcLookaheadLeft": 22.98298940842355, "car_lcPushy": 0.1989479234270667, "car_lcSublane": 0.14251833776584466, "car_max_v": 16.29581718256135, "car_tau_mean": 0.5931975964206752, "car_tau_std": 1.1092036903424063}, "datetime": {"datetime": "2024-08-04 11:39:02", "elapsed": 216.498035, "delta": 1.146348}}
{"target": -0.05977634064571177, "params": {"bus_acc": 1.491037360373015, "bus_dcc": 3.7330577189709047, "bus_lcAssertive": 5.309892112018772, "bus_lcCooperative": 0.9507534280610023, "bus_lcLookaheadLeft": 56.52787773575068, "bus_lcPushy": 0.3763632166870875, "bus_lcSublane": 0.9950523223391111, "bus_max_v": 9.283978215247895, "bus_tau_mean": 2.3084722591866425, "bus_tau_std": 0.3109707545554785, "car_acc": 2.1423514783724666, "car_dcc": 1.5414055269853466, "car_lcAssertive": 63.46496083361352, "car_lcCooperative": 0.9809236757505815, "car_lcLookaheadLeft": 87.74045001881333, "car_lcPushy": 0.45183624942087064, "car_lcSublane": 0.7084608700517172, "car_max_v": 25.104312500070165, "car_tau_mean": 2.2319507946389727, "car_tau_std": 5.285334901775651}, "datetime": {"datetime": "2024-08-04 11:39:03", "elapsed": 217.181644, "delta": 0.683609}}
{"target": -0.04009852859985435, "params": {"bus_acc": 2.679681420395335, "bus_dcc": 3.6103070959227033, "bus_lcAssertive": 81.85864247329991, "bus_lcCooperative": 0.8778014186346996, "bus_lcLookaheadLeft": 57.95885866983316, "bus_lcPushy": 0.9640361333390818, "bus_lcSublane": 0.6065443482504677, "bus_max_v": 21.286850303752992, "bus_tau_mean": 1.617542079761166, "bus_tau_std": 6.81204184117019, "car_acc": 1.103931377010722, "car_dcc": 1.4036392630358268, "car_lcAssertive": 13.893974589703742, "car_lcCooperative": 0.6552012872247357, "car_lcLookaheadLeft": 19.182593993591155, "car_lcPushy": 0.3411468232515472, "car_lcSublane": 0.04431165583310459, "car_max_v": 13.142155922563234, "car_tau_mean": 3.8747851369725295, "car_tau_std": 5.091394025163677}, "datetime": {"datetime": "2024-08-04 11:39:04", "elapsed": 218.392557, "delta": 1.210913}}
{"target": -0.04829332554843496, "params": {"bus_acc": 2.314130849245779, "bus_dcc": 2.7431069722542705, "bus_lcAssertive": 20.872021315474008, "bus_lcCooperative": 0.5295466104783949, "bus_lcLookaheadLeft": 89.65437700590209, "bus_lcPushy": 0.30499397583521604, "bus_lcSublane": 0.8709456091610533, "bus_max_v": 27.99239600288454, "bus_tau_mean": 1.6544559693865881, "bus_tau_std": 6.8307436633656415, "car_acc": 2.7984418991319373, "car_dcc": 1.22709064527491, "car_lcAssertive": 87.98019845727228, "car_lcCooperative": 0.1908393632684806, "car_lcLookaheadLeft": 85.2773531817572, "car_lcPushy": 0.6671187886992039, "car_lcSublane": 0.34433919545005387, "car_max_v": 11.330262539841577, "car_tau_mean": 2.723798365209587, "car_tau_std": 8.477880437147416}, "datetime": {"datetime": "2024-08-04 11:39:05", "elapsed": 219.669225, "delta": 1.276668}}
{"target": -0.04824109796884211, "params": {"bus_acc": 2.6237173954410795, "bus_dcc": 3.624884934867694, "bus_lcAssertive": 69.1529119862084, "bus_lcCooperative": 0.5694944127453757, "bus_lcLookaheadLeft": 17.775200807929657, "bus_lcPushy": 0.4668800227633063, "bus_lcSublane": 0.345172051155215, "bus_max_v": 12.95087907190986, "bus_tau_mean": 2.5737915406802885, "bus_tau_std": 3.1226983770191694, "car_acc": 2.8326111069367013, "car_dcc": 3.7289065748546713, "car_lcAssertive": 26.454711084437424, "car_lcCooperative": 0.1108913007440292, "car_lcLookaheadLeft": 20.91034773787306, "car_lcPushy": 0.49958417067888605, "car_lcSublane": 0.7285856679745962, "car_max_v": 12.580277644993412, "car_tau_mean": 1.3681174543203076, "car_tau_std": 8.516718749363669}, "datetime": {"datetime": "2024-08-04 11:39:14", "elapsed": 228.667954, "delta": 8.998729}}
{"target": -0.049649412937071306, "params": {"bus_acc": 1.0020658653154693, "bus_dcc": 2.4282673540063144, "bus_lcAssertive": 66.04699257344821, "bus_lcCooperative": 0.8433232139195225, "bus_lcLookaheadLeft": 20.00646236384817, "bus_lcPushy": 0.8561592379873718, "bus_lcSublane": 0.36436547985702794, "bus_max_v": 27.630026444075792, "bus_tau_mean": 0.5969910904282775, "bus_tau_std": 0.8539013912317062, "car_acc": 2.962820931508225, "car_dcc": 2.8285057773204896, "car_lcAssertive": 42.345602334604145, "car_lcCooperative": 0.16921418469369054, "car_lcLookaheadLeft": 65.69031300278962, "car_lcPushy": 0.03697506835935782, "car_lcSublane": 0.31161391346070466, "car_max_v": 15.116542333759657, "car_tau_mean": 2.6260466273009375, "car_tau_std": 6.50831256675697}, "datetime": {"datetime": "2024-08-04 11:39:16", "elapsed": 230.899862, "delta": 2.231908}}
{"target": -0.051377443507185205, "params": {"bus_acc": 1.8553301993939284, "bus_dcc": 1.2983216887467677, "bus_lcAssertive": 12.388466192974379, "bus_lcCooperative": 0.3734071317371953, "bus_lcLookaheadLeft": 20.9970812159317, "bus_lcPushy": 0.8207464986229382, "bus_lcSublane": 0.5996360084237168, "bus_max_v": 23.15459569841063, "bus_tau_mean": 2.2188848645650365, "bus_tau_std": 0.8817368124218106, "car_acc": 1.4701552733723406, "car_dcc": 2.384806242674866, "car_lcAssertive": 20.6605588023387, "car_lcCooperative": 0.0254762357788203, "car_lcLookaheadLeft": 73.48097442910296, "car_lcPushy": 0.7249167472191191, "car_lcSublane": 0.33039174636170277, "car_max_v": 26.55687077340042, "car_tau_mean": 1.999548665828757, "car_tau_std": 8.646861447635343}, "datetime": {"datetime": "2024-08-04 11:39:20", "elapsed": 234.264071, "delta": 3.364209}}
{"target": -0.042528936520434914, "params": {"bus_acc": 2.918868642123505, "bus_dcc": 3.4118826744959403, "bus_lcAssertive": 4.1999835957338245, "bus_lcCooperative": 0.7093872512312951, "bus_lcLookaheadLeft": 47.570145193223595, "bus_lcPushy": 0.9475489413950998, "bus_lcSublane": 0.2214327343234883, "bus_max_v": 13.875584433056048, "bus_tau_mean": 0.785158877070417, "bus_tau_std": 4.2861882866378656, "car_acc": 1.2180375280381366, "car_dcc": 2.9013602818357533, "car_lcAssertive": 80.49336050000005, "car_lcCooperative": 0.6968004961201785, "car_lcLookaheadLeft": 77.08871534542551, "car_lcPushy": 0.3424541198435198, "car_lcSublane": 0.8458514830276777, "car_max_v": 17.432913049987736, "car_tau_mean": 3.384034546443116, "car_tau_std": 6.264961586242937}, "datetime": {"datetime": "2024-08-04 11:39:23", "elapsed": 237.997561, "delta": 3.73349}}
{"target": -0.05144048397318044, "params": {"bus_acc": 2.8837724923734105, "bus_dcc": 3.6097323198050635, "bus_lcAssertive": 70.69595032970896, "bus_lcCooperative": 0.4702989247821753, "bus_lcLookaheadLeft": 68.90440820451863, "bus_lcPushy": 0.013418310556529534, "bus_lcSublane": 0.9824781185020439, "bus_max_v": 11.785701300235711, "bus_tau_mean": 3.6719113858658865, "bus_tau_std": 8.07109901666106, "car_acc": 2.6002793687739754, "car_dcc": 1.8068081733551948, "car_lcAssertive": 22.69622676996855, "car_lcCooperative": 0.42880069291408873, "car_lcLookaheadLeft": 85.23836787160418, "car_lcPushy": 0.45037964247172024, "car_lcSublane": 0.9354201140070618, "car_max_v": 15.758945199538235, "car_tau_mean": 2.667872579938659, "car_tau_std": 9.806990363557802}, "datetime": {"datetime": "2024-08-04 11:39:25", "elapsed": 239.196526, "delta": 1.198965}}
{"target": -0.046702158566398755, "params": {"bus_acc": 2.1068674124965314, "bus_dcc": 1.2544054649810588, "bus_lcAssertive": 21.043840531779026, "bus_lcCooperative": 0.8542379729163827, "bus_lcLookaheadLeft": 71.18088194294248, "bus_lcPushy": 0.8949395201529242, "bus_lcSublane": 0.32914600179429976, "bus_max_v": 19.616030726027773, "bus_tau_mean": 2.7763934636944194, "bus_tau_std": 5.9429085358666445, "car_acc": 1.4629258710684956, "car_dcc": 2.2804640483447067, "car_lcAssertive": 25.563034941957305, "car_lcCooperative": 0.8456149622311454, "car_lcLookaheadLeft": 98.6943896068721, "car_lcPushy": 0.06657080313237929, "car_lcSublane": 0.7139280322669613, "car_max_v": 15.262542148379634, "car_tau_mean": 2.689023824090015, "car_tau_std": 2.58129649281871}, "datetime": {"datetime": "2024-08-04 11:39:26", "elapsed": 240.714312, "delta": 1.517786}}
{"target": -0.03974392077531642, "params": {"bus_acc": 2.457701755038512, "bus_dcc": 2.550066348764615, "bus_lcAssertive": 70.98866827962733, "bus_lcCooperative": 0.7805295568767427, "bus_lcLookaheadLeft": 38.73784246661222, "bus_lcPushy": 0.7703225253299576, "bus_lcSublane": 0.7506243191751754, "bus_max_v": 21.490646653973712, "bus_tau_mean": 1.9065307338874309, "bus_tau_std": 6.973080192643409, "car_acc": 1.0062257156503842, "car_dcc": 3.3246899401737933, "car_lcAssertive": 89.74524364322785, "car_lcCooperative": 0.23931570743750463, "car_lcLookaheadLeft": 13.835184062304513, "car_lcPushy": 0.2202839877937276, "car_lcSublane": 0.3020967312900983, "car_max_v": 27.426627188404353, "car_tau_mean": 2.401082505833331, "car_tau_std": 2.867116496064306}, "datetime": {"datetime": "2024-08-04 11:39:28", "elapsed": 242.620814, "delta": 1.906502}}
{"target": -0.05113473924151907, "params": {"bus_acc": 1.3771552069989357, "bus_dcc": 2.3226165994668726, "bus_lcAssertive": 84.63637008161415, "bus_lcCooperative": 0.5952697806732562, "bus_lcLookaheadLeft": 47.29149347575299, "bus_lcPushy": 0.5126497467571176, "bus_lcSublane": 0.5738855268923474, "bus_max_v": 17.68702256688305, "bus_tau_mean": 1.1774563520333368, "bus_tau_std": 1.1396576145918635, "car_acc": 1.302455854740296, "car_dcc": 1.1574728915594017, "car_lcAssertive": 56.30896469529952, "car_lcCooperative": 0.8477210140360106, "car_lcLookaheadLeft": 37.19369521456285, "car_lcPushy": 0.07531087263581782, "car_lcSublane": 0.42572441198511624, "car_max_v": 21.244172446384027, "car_tau_mean": 1.9889121295147314, "car_tau_std": 8.107212336073701}, "datetime": {"datetime": "2024-08-04 11:39:29", "elapsed": 243.5857, "delta": 0.964886}}
{"target": -0.053602413858686575, "params": {"bus_acc": 1.3791034056678546, "bus_dcc": 3.8949667723327415, "bus_lcAssertive": 30.127353136181217, "bus_lcCooperative": 0.10345955611640134, "bus_lcLookaheadLeft": 16.14290922244671, "bus_lcPushy": 0.014092294192442956, "bus_lcSublane": 0.7159456994623945, "bus_max_v": 20.41896304529923, "bus_tau_mean": 3.2810242291466327, "bus_tau_std": 5.070799232841364, "car_acc": 2.5836420790083077, "car_dcc": 3.0872926428155183, "car_lcAssertive": 78.00699920905836, "car_lcCooperative": 0.4064828689770863, "car_lcLookaheadLeft": 65.48152205237315, "car_lcPushy": 0.1797942976929744, "car_lcSublane": 0.321819963387904, "car_max_v": 11.797301642635436, "car_tau_mean": 1.9302302875464183, "car_tau_std": 2.414187479655988}, "datetime": {"datetime": "2024-08-04 11:39:33", "elapsed": 247.238979, "delta": 3.653279}}
{"target": -0.050861648481190964, "params": {"bus_acc": 1.1808194313895972, "bus_dcc": 1.386927952426828, "bus_lcAssertive": 11.420990139615903, "bus_lcCooperative": 0.17272746332288003, "bus_lcLookaheadLeft": 14.390227248389131, "bus_lcPushy": 0.7783008900676276, "bus_lcSublane": 0.039411512184444275, "bus_max_v": 13.31428518149901, "bus_tau_mean": 3.576732404754629, "bus_tau_std": 9.735188608362936, "car_acc": 2.2108440154540965, "car_dcc": 3.9287147936811655, "car_lcAssertive": 5.301702629782701, "car_lcCooperative": 0.9485727683760076, "car_lcLookaheadLeft": 32.507016080704375, "car_lcPushy": 0.798972840361593, "car_lcSublane": 0.8106291034469015, "car_max_v": 26.919969014767588, "car_tau_mean": 2.104927838158754, "car_tau_std": 9.306443921654484}, "datetime": {"datetime": "2024-08-04 11:39:34", "elapsed": 248.72775, "delta": 1.488771}}
{"target": -0.05450588150633745, "params": {"bus_acc": 1.5642788968097212, "bus_dcc": 3.6512665245418026, "bus_lcAssertive": 57.20134268179578, "bus_lcCooperative": 0.11510304096690338, "bus_lcLookaheadLeft": 24.24611419103648, "bus_lcPushy": 0.5959823856130138, "bus_lcSublane": 0.23944623690468037, "bus_max_v": 10.891144531824132, "bus_tau_mean": 1.066466999433423, "bus_tau_std": 8.448725182357391, "car_acc": 2.2043673077854216, "car_dcc": 3.8907012615650256, "car_lcAssertive": 35.22224211630652, "car_lcCooperative": 0.5956250981349497, "car_lcLookaheadLeft": 60.700558319395135, "car_lcPushy": 0.6157042872039488, "car_lcSublane": 0.05917720718572239, "car_max_v": 24.50697806064309, "car_tau_mean": 3.8187332436566885, "car_tau_std": 5.3467905717958875}, "datetime": {"datetime": "2024-08-04 11:39:38", "elapsed": 252.976189, "delta": 4.248439}}
{"target": -0.05241012772944373, "params": {"bus_acc": 1.3230215409720238, "bus_dcc": 2.0273219234044317, "bus_lcAssertive": 26.9261600062485, "bus_lcCooperative": 0.844526943229479, "bus_lcLookaheadLeft": 80.43256008608736, "bus_lcPushy": 0.4266391582681436, "bus_lcSublane": 0.6070154607890389, "bus_max_v": 11.20024342585684, "bus_tau_mean": 2.283646529761455, "bus_tau_std": 2.9694708578690454, "car_acc": 2.7193019071384024, "car_dcc": 3.0147951427191697, "car_lcAssertive": 63.71392724961968, "car_lcCooperative": 0.12475130006917923, "car_lcLookaheadLeft": 48.117612190890796, "car_lcPushy": 0.9865727795868815, "car_lcSublane": 0.9482991740726651, "car_max_v": 22.19188408572976, "car_tau_mean": 1.0310370486119078, "car_tau_std": 6.39126848719905}, "datetime": {"datetime": "2024-08-04 11:39:40", "elapsed": 254.318948, "delta": 1.342759}}
{"target": -0.05779045943667471, "params": {"bus_acc": 1.8407391376055702, "bus_dcc": 2.2783923412741367, "bus_lcAssertive": 74.38392179785404, "bus_lcCooperative": 0.9484584043057936, "bus_lcLookaheadLeft": 9.106521748455409, "bus_lcPushy": 0.17270108813227492, "bus_lcSublane": 0.3223574891327107, "bus_max_v": 13.465333419264379, "bus_tau_mean": 2.2342324347641753, "bus_tau_std": 8.244596107976834, "car_acc": 2.707944829884352, "car_dcc": 2.7874898261761047, "car_lcAssertive": 24.777199649275598, "car_lcCooperative": 0.18649268827268528, "car_lcLookaheadLeft": 74.85227021539983, "car_lcPushy": 0.23721405764354764, "car_lcSublane": 0.5394908909265497, "car_max_v": 24.48417731679822, "car_tau_mean": 1.2988718661538508, "car_tau_std": 1.7450118757274402}, "datetime": {"datetime": "2024-08-04 11:39:45", "elapsed": 259.427928, "delta": 5.10898}}
{"target": -0.050019981516545554, "params": {"bus_acc": 1.2872139957484185, "bus_dcc": 1.2496079093076267, "bus_lcAssertive": 40.52264192989293, "bus_lcCooperative": 0.7969622519799001, "bus_lcLookaheadLeft": 20.78422241316923, "bus_lcPushy": 0.767777192147274, "bus_lcSublane": 0.2902979970618682, "bus_max_v": 12.771612727459498, "bus_tau_mean": 0.5585045617695226, "bus_tau_std": 3.986590599223787, "car_acc": 1.7621629825869047, "car_dcc": 2.978034808586094, "car_lcAssertive": 8.020921646568336, "car_lcCooperative": 0.15260398704227185, "car_lcLookaheadLeft": 3.6244365242915464, "car_lcPushy": 0.11379635644740682, "car_lcSublane": 0.6517892760100904, "car_max_v": 16.858450747848224, "car_tau_mean": 1.6235920995856055, "car_tau_std": 5.579119942437725}, "datetime": {"datetime": "2024-08-04 11:39:48", "elapsed": 262.432129, "delta": 3.004201}}
{"target": -0.05108805511977474, "params": {"bus_acc": 2.401066145239005, "bus_dcc": 3.7916794577495354, "bus_lcAssertive": 86.39905275601697, "bus_lcCooperative": 0.1674418575065213, "bus_lcLookaheadLeft": 27.787624344539672, "bus_lcPushy": 0.07161027944180454, "bus_lcSublane": 0.978672805158347, "bus_max_v": 13.200450170528264, "bus_tau_mean": 2.8120942457500955, "bus_tau_std": 0.89630698927462, "car_acc": 1.4215418841740375, "car_dcc": 2.5084731505552136, "car_lcAssertive": 11.390413164662874, "car_lcCooperative": 0.38887340269472437, "car_lcLookaheadLeft": 54.722796573688726, "car_lcPushy": 0.33920418488509996, "car_lcSublane": 0.5559002111265755, "car_max_v": 19.80890308273421, "car_tau_mean": 1.8671367455791703, "car_tau_std": 6.96270083101103}, "datetime": {"datetime": "2024-08-04 11:39:51", "elapsed": 265.612001, "delta": 3.179872}}
{"target": -0.046035820558406104, "params": {"bus_acc": 2.7666121824116194, "bus_dcc": 2.8710166211668264, "bus_lcAssertive": 75.34330096870639, "bus_lcCooperative": 0.34889834197784253, "bus_lcLookaheadLeft": 28.452933392972554, "bus_lcPushy": 0.8958862181960668, "bus_lcSublane": 0.4280911898712949, "bus_max_v": 29.22648103726448, "bus_tau_mean": 2.822045242364568, "bus_tau_std": 6.216957202091217, "car_acc": 1.2294919459067504, "car_dcc": 3.848467776121214, "car_lcAssertive": 45.541301214514114, "car_lcCooperative": 0.5783896143871318, "car_lcLookaheadLeft": 41.99740667060556, "car_lcPushy": 0.2370269802430277, "car_lcSublane": 0.9033795205622538, "car_max_v": 20.620948706790287, "car_tau_mean": 0.5100461446090564, "car_tau_std": 6.171449136207238}, "datetime": {"datetime": "2024-08-04 11:39:56", "elapsed": 270.127962, "delta": 4.515961}}
{"target": -0.06436758491034257, "params": {"bus_acc": 2.633670217583244, "bus_dcc": 2.783117871492933, "bus_lcAssertive": 97.62291776475959, "bus_lcCooperative": 0.9015625846693213, "bus_lcLookaheadLeft": 60.36957749305926, "bus_lcPushy": 0.032426325314457105, "bus_lcSublane": 0.09357709581748075, "bus_max_v": 9.438177730928981, "bus_tau_mean": 2.0810660204201636, "bus_tau_std": 3.7543483316785773, "car_acc": 2.950700068540573, "car_dcc": 1.5039498795988449, "car_lcAssertive": 97.30597160133286, "car_lcCooperative": 0.7674748688630131, "car_lcLookaheadLeft": 82.77530828320079, "car_lcPushy": 0.6326158167779973, "car_lcSublane": 0.668732770206732, "car_max_v": 18.491411337466253, "car_tau_mean": 0.5459772492307529, "car_tau_std": 3.530060855418248}, "datetime": {"datetime": "2024-08-04 11:39:57", "elapsed": 271.89318, "delta": 1.765218}}
{"target": -0.04681736085275825, "params": {"bus_acc": 2.349128047526821, "bus_dcc": 3.399329610692159, "bus_lcAssertive": 8.972423185710205, "bus_lcCooperative": 0.23170231048579204, "bus_lcLookaheadLeft": 22.347314856773806, "bus_lcPushy": 0.9173335630816306, "bus_lcSublane": 0.7113145181364867, "bus_max_v": 20.185461443131114, "bus_tau_mean": 1.5658129577221709, "bus_tau_std": 8.348540476317986, "car_acc": 1.87061191525904, "car_dcc": 3.7703686453563257, "car_lcAssertive": 70.89912862925739, "car_lcCooperative": 0.47803130796528337, "car_lcLookaheadLeft": 14.368590167437153, "car_lcPushy": 0.9760435504677476, "car_lcSublane": 0.15983365034409336, "car_max_v": 12.457246754832576, "car_tau_mean": 2.009136143061298, "car_tau_std": 4.042019057751473}, "datetime": {"datetime": "2024-08-04 11:39:59", "elapsed": 273.894125, "delta": 2.000945}}
