{"target": -0.3367294280852996, "params": {"bus_acc": 2.276936735049104, "bus_dcc": 3.0537764055648284, "bus_lcAssertive": 79.21099829766153, "bus_lcCooperative": 0.5423258639370772, "bus_lcLookaheadLeft": 68.18507118162563, "bus_lcPushy": 0.6867516712595328, "bus_lcSigma": 0.3382298681394844, "bus_lcSpeedGainRight": 3.252581563633943, "bus_lcSublane": 0.4040960185300494, "bus_sigma": 0.6401644971550445, "bus_tau_mean": 3.7711707641720165, "bus_tau_std": 4.2997069227142415, "bus_v_mean": 16.09868072345021, "bus_v_std": 6.641296040259612, "car_acc": 2.1574410739614285, "car_dcc": 3.5902609096912723, "car_lcAssertive": 29.081286245045185, "car_lcCooperative": 0.83439032219953, "car_lcLookaheadLeft": 52.90876606284471, "car_lcPushy": 0.22607626005679626, "car_lcSigma": 0.4194472284690277, "car_lcSpeedGainRight": 0.8349733692430655, "car_lcSublane": 0.9123945247299408, "car_sigma": 0.0579471474662161, "car_tau_mean": 2.6140120150730466, "car_tau_std": 1.0395166794244426, "car_v_mean": 13.015649134951724, "car_v_std": 2.8588331982286586}, "datetime": {"datetime": "2024-08-08 00:09:24", "elapsed": 383.500311, "delta": 0.473284}}
{"target": -0.3508741489900564, "params": {"bus_acc": 1.7555404062814755, "bus_dcc": 3.2893642320561356, "bus_lcAssertive": 89.7425144491882, "bus_lcCooperative": 0.9101921629339087, "bus_lcLookaheadLeft": 50.65564251690259, "bus_lcPushy": 0.7626102319611849, "bus_lcSigma": 0.7089620332115116, "bus_lcSpeedGainRight": 4.756484269096245, "bus_lcSublane": 0.24155449014718622, "bus_sigma": 0.5613397077830184, "bus_tau_mean": 0.6532064364873341, "bus_tau_std": 9.231779590175359, "bus_v_mean": 23.124105260137682, "bus_v_std": 10.018126897790665, "car_acc": 2.1722348963717275, "car_dcc": 3.315825535170638, "car_lcAssertive": 25.68378724346816, "car_lcCooperative": 0.3789904760461922, "car_lcLookaheadLeft": 30.283348427501537, "car_lcPushy": 0.5388039652149142, "car_lcSigma": 0.9489568238140139, "car_lcSpeedGainRight": 1.9270034977492756, "car_lcSublane": 0.045009765813739055, "car_sigma": 0.6825186327094862, "car_tau_mean": 2.2326073106295734, "car_tau_std": 2.9651200089872187, "car_v_mean": 14.654217707347378, "car_v_std": 17.25020593763542}, "datetime": {"datetime": "2024-08-08 00:09:26", "elapsed": 386.082321, "delta": 2.58201}}
{"target": -0.3411329199111789, "params": {"bus_acc": 2.46226947236018, "bus_dcc": 1.285185967582147, "bus_lcAssertive": 7.937219454816093, "bus_lcCooperative": 0.8859549744127954, "bus_lcLookaheadLeft": 37.40980430635259, "bus_lcPushy": 0.7034321595546701, "bus_lcSigma": 0.5601478615240139, "bus_lcSpeedGainRight": 1.6887320812366713, "bus_lcSublane": 0.3456527646232399, "bus_sigma": 0.9054626405838365, "bus_tau_mean": 2.087190998744817, "bus_tau_std": 4.8252987989736065, "bus_v_mean": 23.666346089227964, "bus_v_std": 8.23378087306139, "car_acc": 1.738893360333727, "car_dcc": 1.2398892670638793, "car_lcAssertive": 39.39045597704918, "car_lcCooperative": 0.17793146081476008, "car_lcLookaheadLeft": 14.871496251949686, "car_lcPushy": 0.36767362538658166, "car_lcSigma": 0.15881002678261258, "car_lcSpeedGainRight": 1.5378173928528422, "car_lcSublane": 0.6879789143747679, "car_sigma": 0.8384400412801243, "car_tau_mean": 1.5668787243496274, "car_tau_std": 3.5309770800082854, "car_v_mean": 19.690261614167532, "car_v_std": 15.55665399424548}, "datetime": {"datetime": "2024-08-08 00:09:27", "elapsed": 386.516858, "delta": 0.434537}}
{"target": -0.3198221274385804, "params": {"bus_acc": 1.0612313045039736, "bus_dcc": 1.909069202412522, "bus_lcAssertive": 4.472738300325899, "bus_lcCooperative": 0.5900511249845765, "bus_lcLookaheadLeft": 70.75881252703765, "bus_lcPushy": 0.6699878619430502, "bus_lcSigma": 0.35620984217765184, "bus_lcSpeedGainRight": 0.5582236424538917, "bus_lcSublane": 0.6413201908616455, "bus_sigma": 0.06319731628406633, "bus_tau_mean": 2.7552712039898215, "bus_tau_std": 8.352888821218574, "bus_v_mean": 8.914544662101987, "bus_v_std": 7.117393877161209, "car_acc": 2.2374388485871997, "car_dcc": 2.9158023638527393, "car_lcAssertive": 20.59593553835233, "car_lcCooperative": 0.6233628520982011, "car_lcLookaheadLeft": 56.63898249016533, "car_lcPushy": 0.8857177637341683, "car_lcSigma": 0.6970254470180037, "car_lcSpeedGainRight": 1.8213155021816037, "car_lcSublane": 0.22534756306397563, "car_sigma": 0.6109091367243324, "car_tau_mean": 1.3944788079721808, "car_tau_std": 0.7581330626384686, "car_v_mean": 21.163233668458346, "car_v_std": 4.559045974650029}, "datetime": {"datetime": "2024-08-08 00:09:27", "elapsed": 387.019034, "delta": 0.502176}}
{"target": -0.35467070240189674, "params": {"bus_acc": 2.695328962875168, "bus_dcc": 3.9883785732971018, "bus_lcAssertive": 43.8625242810188, "bus_lcCooperative": 0.31140904605836806, "bus_lcLookaheadLeft": 41.66749184825992, "bus_lcPushy": 0.22802509631100698, "bus_lcSigma": 0.2260985847335475, "bus_lcSpeedGainRight": 2.1682180433259948, "bus_lcSublane": 0.684539508216859, "bus_sigma": 0.6607372885925005, "bus_tau_mean": 3.2037155889171203, "bus_tau_std": 2.1681468807052386, "bus_v_mean": 19.65930205972515, "bus_v_std": 15.905076548381805, "car_acc": 2.1236257281678075, "car_dcc": 2.397012069856075, "car_lcAssertive": 16.66178731278523, "car_lcCooperative": 0.046452851043737975, "car_lcLookaheadLeft": 47.45555048174523, "car_lcPushy": 0.6543020802252184, "car_lcSigma": 0.21254631654815492, "car_lcSpeedGainRight": 1.9997480243785053, "car_lcSublane": 0.4976378845098134, "car_sigma": 0.954903956652196, "car_tau_mean": 3.5710579500336115, "car_tau_std": 8.740496481285145, "car_v_mean": 23.945608621438552, "car_v_std": 15.469065662809099}, "datetime": {"datetime": "2024-08-08 00:09:30", "elapsed": 389.248687, "delta": 2.229653}}
{"target": -0.35545713728723366, "params": {"bus_acc": 1.8880543270802166, "bus_dcc": 3.965920581691544, "bus_lcAssertive": 29.338577661557586, "bus_lcCooperative": 0.10849342042529664, "bus_lcLookaheadLeft": 55.5963091309865, "bus_lcPushy": 0.6811714997981392, "bus_lcSigma": 0.13472026748323274, "bus_lcSpeedGainRight": 2.6962202182153523, "bus_lcSublane": 0.7443910733655555, "bus_sigma": 0.11184343472864366, "bus_tau_mean": 3.249849420958313, "bus_tau_std": 5.441586104208547, "bus_v_mean": 8.168392569475746, "bus_v_std": 11.781957890755596, "car_acc": 2.60934045868556, "car_dcc": 3.9728291988170255, "car_lcAssertive": 99.13965228550146, "car_lcCooperative": 0.4139504016148311, "car_lcLookaheadLeft": 5.658830469641408, "car_lcPushy": 0.9704121316763321, "car_lcSigma": 0.22053968371830335, "car_lcSpeedGainRight": 4.775057865463096, "car_lcSublane": 0.9653728042585705, "car_sigma": 0.3283366990203781, "car_tau_mean": 3.169649402642055, "car_tau_std": 6.319218089916417, "car_v_mean": 21.5428920272738, "car_v_std": 19.087979068078386}, "datetime": {"datetime": "2024-08-08 00:09:30", "elapsed": 389.605721, "delta": 0.357034}}
{"target": -0.3423512729627295, "params": {"bus_acc": 2.944605175344253, "bus_dcc": 3.3024941472980642, "bus_lcAssertive": 40.96596476972415, "bus_lcCooperative": 0.7366272087072516, "bus_lcLookaheadLeft": 31.660191483777986, "bus_lcPushy": 0.5272958274321721, "bus_lcSigma": 0.207143239828657, "bus_lcSpeedGainRight": 1.2713014179286182, "bus_lcSublane": 0.4340230688193736, "bus_sigma": 0.08242585896444932, "bus_tau_mean": 3.4865078485513328, "bus_tau_std": 9.163292162919756, "bus_v_mean": 11.409725800824761, "bus_v_std": 9.474440235214256, "car_acc": 2.682919403351654, "car_dcc": 1.8648369203765678, "car_lcAssertive": 61.46017338301501, "car_lcCooperative": 0.44204801195564236, "car_lcLookaheadLeft": 40.95416488045265, "car_lcPushy": 0.7893742213089067, "car_lcSigma": 0.4645126140061657, "car_lcSpeedGainRight": 2.324012592076374, "car_lcSublane": 0.9920285043254465, "car_sigma": 0.9622297954466864, "car_tau_mean": 1.3227831079377954, "car_tau_std": 2.2695376712138984, "car_v_mean": 18.603808280700527, "car_v_std": 8.238928704064385}, "datetime": {"datetime": "2024-08-08 00:09:31", "elapsed": 390.328633, "delta": 0.722912}}
{"target": -0.43704369441792146, "params": {"bus_acc": 1.2554760939588228, "bus_dcc": 3.6806781222155456, "bus_lcAssertive": 68.45808993975861, "bus_lcCooperative": 0.26689146192540614, "bus_lcLookaheadLeft": 11.05823083359017, "bus_lcPushy": 0.12349501608552904, "bus_lcSigma": 0.27643640136537917, "bus_lcSpeedGainRight": 0.24521739432754597, "bus_lcSublane": 0.14514686395701948, "bus_sigma": 0.475029547570342, "bus_tau_mean": 3.775927908802283, "bus_tau_std": 4.340689856813111, "bus_v_mean": 19.346247271762234, "bus_v_std": 11.406101482392742, "car_acc": 2.952488371175649, "car_dcc": 1.534633621372605, "car_lcAssertive": 74.17140324951598, "car_lcCooperative": 0.3504066948572232, "car_lcLookaheadLeft": 99.1387861508958, "car_lcPushy": 0.35281173510660024, "car_lcSigma": 0.9787831825255726, "car_lcSpeedGainRight": 4.30185723495071, "car_lcSublane": 0.5977366599771147, "car_sigma": 0.0274479567015824, "car_tau_mean": 1.149362173071875, "car_tau_std": 0.56511775487744, "car_v_mean": 20.679388185345132, "car_v_std": 1.4790216791876198}, "datetime": {"datetime": "2024-08-08 00:09:31", "elapsed": 390.907361, "delta": 0.578728}}
{"target": -0.3720307407142769, "params": {"bus_acc": 1.9869169729260558, "bus_dcc": 2.6904475156182954, "bus_lcAssertive": 58.485658738340206, "bus_lcCooperative": 0.13275724414267787, "bus_lcLookaheadLeft": 38.55994613081712, "bus_lcPushy": 0.8116141648408736, "bus_lcSigma": 0.519604609978901, "bus_lcSpeedGainRight": 4.697923432366468, "bus_lcSublane": 0.6158186412937624, "bus_sigma": 0.7794547743824966, "bus_tau_mean": 1.3681010437804115, "bus_tau_std": 5.593076413727026, "bus_v_mean": 20.970230083863342, "bus_v_std": 3.0542202002159913, "car_acc": 2.0803180891434256, "car_dcc": 2.8309038787244396, "car_lcAssertive": 19.51862420873586, "car_lcCooperative": 0.6368905608918393, "car_lcLookaheadLeft": 8.622330684639707, "car_lcPushy": 0.7795396433636577, "car_lcSigma": 0.32597369672247123, "car_lcSpeedGainRight": 2.4139211891423518, "car_lcSublane": 0.38231065330332614, "car_sigma": 0.3269776609737236, "car_tau_mean": 3.9568788905491767, "car_tau_std": 8.789978774384485, "car_v_mean": 12.836698533986988, "car_v_std": 3.212941090219943}, "datetime": {"datetime": "2024-08-08 00:09:32", "elapsed": 391.550285, "delta": 0.642924}}
{"target": -0.35072629742312567, "params": {"bus_acc": 1.2868460973404898, "bus_dcc": 1.2351606995648439, "bus_lcAssertive": 2.814931648387722, "bus_lcCooperative": 0.06672499763935646, "bus_lcLookaheadLeft": 46.94121374342632, "bus_lcPushy": 0.11334192276759048, "bus_lcSigma": 0.027783348848669953, "bus_lcSpeedGainRight": 3.774307406952337, "bus_lcSublane": 0.3948504804606394, "bus_sigma": 0.7469384956075251, "bus_tau_mean": 2.0834168936125805, "bus_tau_std": 4.500867470007611, "bus_v_mean": 15.649160107485296, "bus_v_std": 9.48007853124388, "car_acc": 2.606326684228339, "car_dcc": 2.2071775595732075, "car_lcAssertive": 90.56392987401868, "car_lcCooperative": 0.037061047954035864, "car_lcLookaheadLeft": 77.83968558660104, "car_lcPushy": 0.12564138113773882, "car_lcSigma": 0.6185135669120855, "car_lcSpeedGainRight": 0.051821306676159695, "car_lcSublane": 0.538627282576347, "car_sigma": 0.0030179566195963625, "car_tau_mean": 3.829178249215716, "car_tau_std": 9.054020337027781, "car_v_mean": 20.73547107107631, "car_v_std": 18.30548639829575}, "datetime": {"datetime": "2024-08-08 00:09:32", "elapsed": 391.878488, "delta": 0.328203}}
{"target": -0.3399984960315008, "params": {"bus_acc": 2.4125264891026323, "bus_dcc": 2.9840384031447087, "bus_lcAssertive": 5.2857259265168395, "bus_lcCooperative": 0.3614875846417379, "bus_lcLookaheadLeft": 77.82534237342479, "bus_lcPushy": 0.07852291483410356, "bus_lcSigma": 0.8843841167758716, "bus_lcSpeedGainRight": 4.654341481272791, "bus_lcSublane": 0.8530855123898898, "bus_sigma": 0.117377604100948, "bus_tau_mean": 2.4781071859566914, "bus_tau_std": 7.075599478322232, "bus_v_mean": 22.207681439042815, "bus_v_std": 1.9155205859962576, "car_acc": 2.6315411690986568, "car_dcc": 1.834048995006346, "car_lcAssertive": 59.63645119082546, "car_lcCooperative": 0.7197957093739197, "car_lcLookaheadLeft": 78.14787663732092, "car_lcPushy": 0.29466484899886947, "car_lcSigma": 0.6073765389488749, "car_lcSpeedGainRight": 1.4373643710116524, "car_lcSublane": 0.9983167502844696, "car_sigma": 0.8145056079423507, "car_tau_mean": 1.948922706942786, "car_tau_std": 8.791421856642359, "car_v_mean": 19.72001784173526, "car_v_std": 18.574938614555123}, "datetime": {"datetime": "2024-08-08 00:09:33", "elapsed": 392.443975, "delta": 0.565487}}
{"target": -0.34021350388374577, "params": {"bus_acc": 2.2126589233066607, "bus_dcc": 2.706554311259444, "bus_lcAssertive": 32.41887852289392, "bus_lcCooperative": 0.9886161544124489, "bus_lcLookaheadLeft": 58.815031486088095, "bus_lcPushy": 0.3801411726235504, "bus_lcSigma": 0.5509482191178968, "bus_lcSpeedGainRight": 3.7266721545325106, "bus_lcSublane": 0.6692328934531846, "bus_sigma": 0.2649195576628094, "bus_tau_mean": 0.7321719204995455, "bus_tau_std": 3.700841979141063, "bus_v_mean": 18.075480112345033, "bus_v_std": 4.203480198296791, "car_acc": 2.505511107477628, "car_dcc": 1.1996094440623448, "car_lcAssertive": 26.771194759275556, "car_lcCooperative": 0.8047545637433454, "car_lcLookaheadLeft": 20.956559697086117, "car_lcPushy": 0.6394608808799401, "car_lcSigma": 0.5246703091237337, "car_lcSpeedGainRight": 4.624039851996754, "car_lcSublane": 0.263296770487111, "car_sigma": 0.06596109068402378, "car_tau_mean": 3.072730871510343, "car_tau_std": 7.721780295432468, "car_v_mean": 22.525053640056385, "car_v_std": 18.639441383936745}, "datetime": {"datetime": "2024-08-08 00:09:35", "elapsed": 394.902428, "delta": 2.458453}}
{"target": -0.3551010729626074, "params": {"bus_acc": 2.805468282977957, "bus_dcc": 1.605202319639849, "bus_lcAssertive": 35.84296823743366, "bus_lcCooperative": 0.22914050249215767, "bus_lcLookaheadLeft": 84.80199759692137, "bus_lcPushy": 0.7464101355698433, "bus_lcSigma": 0.8690528324693637, "bus_lcSpeedGainRight": 1.7381144947123244, "bus_lcSublane": 0.1539507630596345, "bus_sigma": 0.9682827080513549, "bus_tau_mean": 2.071232596537331, "bus_tau_std": 7.29902403809188, "bus_v_mean": 18.466671479099485, "bus_v_std": 2.856936647664885, "car_acc": 2.6883552863272544, "car_dcc": 3.9353898932345195, "car_lcAssertive": 96.65860802839845, "car_lcCooperative": 0.3364040048019067, "car_lcLookaheadLeft": 92.74299383591584, "car_lcPushy": 0.1332445086487669, "car_lcSigma": 0.9397224452089148, "car_lcSpeedGainRight": 0.22050158723394442, "car_lcSublane": 0.40907771239256596, "car_sigma": 0.8430068051996625, "car_tau_mean": 3.0418075828104785, "car_tau_std": 7.209270817579761, "car_v_mean": 12.437525010895783, "car_v_std": 8.424277579603894}, "datetime": {"datetime": "2024-08-08 00:09:38", "elapsed": 397.815631, "delta": 2.913203}}
{"target": -0.35224438266936514, "params": {"bus_acc": 2.8769637837134683, "bus_dcc": 2.0290843294912198, "bus_lcAssertive": 78.19468525277739, "bus_lcCooperative": 0.17473631282740743, "bus_lcLookaheadLeft": 35.51137795764034, "bus_lcPushy": 0.14459772083809674, "bus_lcSigma": 0.716770814146376, "bus_lcSpeedGainRight": 3.496538118484071, "bus_lcSublane": 0.6884973179489188, "bus_sigma": 0.25339603448629966, "bus_tau_mean": 2.923260425681931, "bus_tau_std": 2.2729754091594954, "bus_v_mean": 14.794385854901435, "bus_v_std": 7.438442433353744, "car_acc": 1.7106158232402444, "car_dcc": 1.1729644217237691, "car_lcAssertive": 63.53301605972803, "car_lcCooperative": 0.7073166026816995, "car_lcLookaheadLeft": 62.13169206127789, "car_lcPushy": 0.6483127561631246, "car_lcSigma": 0.16994071421725776, "car_lcSpeedGainRight": 0.7472339946943124, "car_lcSublane": 0.5141750435258828, "car_sigma": 0.8753327263545391, "car_tau_mean": 1.143837045415277, "car_tau_std": 4.628391187082599, "car_v_mean": 14.862917344478447, "car_v_std": 9.945783718390327}, "datetime": {"datetime": "2024-08-08 00:09:41", "elapsed": 400.822977, "delta": 3.007346}}
{"target": -0.3607719878567748, "params": {"bus_acc": 1.807767275102348, "bus_dcc": 1.8292126595811111, "bus_lcAssertive": 75.66265040850023, "bus_lcCooperative": 0.32178620055239215, "bus_lcLookaheadLeft": 80.41414256791496, "bus_lcPushy": 0.9113083542736461, "bus_lcSigma": 0.5131490075412158, "bus_lcSpeedGainRight": 2.147110148403261, "bus_lcSublane": 0.09159480217154525, "bus_sigma": 0.27367730380496647, "bus_tau_mean": 3.6032673509104907, "bus_tau_std": 2.459443412735529, "bus_v_mean": 17.939030189933995, "bus_v_std": 9.900147916856014, "car_acc": 1.1887450718684287, "car_dcc": 3.698105594178628, "car_lcAssertive": 7.709312413353263, "car_lcCooperative": 0.680702325466581, "car_lcLookaheadLeft": 97.25581771846967, "car_lcPushy": 0.709373790820744, "car_lcSigma": 0.3259087204583756, "car_lcSpeedGainRight": 0.3672008318399933, "car_lcSublane": 0.5797370470473434, "car_sigma": 0.7335170182530933, "car_tau_mean": 1.7559611177873928, "car_tau_std": 6.537514725103031, "car_v_mean": 17.065462531175335, "car_v_std": 0.6821283479665974}, "datetime": {"datetime": "2024-08-08 00:09:43", "elapsed": 402.964238, "delta": 2.141261}}
{"target": -0.3506784349905342, "params": {"bus_acc": 2.422622220209329, "bus_dcc": 3.274396848337151, "bus_lcAssertive": 88.4569615448094, "bus_lcCooperative": 0.3669482381501168, "bus_lcLookaheadLeft": 55.169404281421414, "bus_lcPushy": 0.5347699755827457, "bus_lcSigma": 0.6475825802042952, "bus_lcSpeedGainRight": 4.475919398620639, "bus_lcSublane": 0.6008274761261335, "bus_sigma": 0.9699385377160038, "bus_tau_mean": 3.0624744416783685, "bus_tau_std": 4.152914915545825, "bus_v_mean": 17.298215362625427, "bus_v_std": 18.446415648340878, "car_acc": 2.2370007678539467, "car_dcc": 3.1297858102550857, "car_lcAssertive": 66.46791117735353, "car_lcCooperative": 0.33614643889956264, "car_lcLookaheadLeft": 21.926815802024425, "car_lcPushy": 0.4078129626004203, "car_lcSigma": 0.15076980613173374, "car_lcSpeedGainRight": 4.131667738605077, "car_lcSublane": 0.7104606135008141, "car_sigma": 0.4010561894105159, "car_tau_mean": 1.0998394363091228, "car_tau_std": 8.757993398860496, "car_v_mean": 18.22502249660844, "car_v_std": 19.93205639963093}, "datetime": {"datetime": "2024-08-08 00:09:45", "elapsed": 405.079811, "delta": 2.115573}}
{"target": -0.3595200549539749, "params": {"bus_acc": 2.2366917386557708, "bus_dcc": 2.593863431443174, "bus_lcAssertive": 25.58078217071276, "bus_lcCooperative": 0.2950785752494959, "bus_lcLookaheadLeft": 87.52324416210728, "bus_lcPushy": 0.42166593484970927, "bus_lcSigma": 0.0644302555796068, "bus_lcSpeedGainRight": 4.484925347537913, "bus_lcSublane": 0.20338083282405106, "bus_sigma": 0.8262275354923914, "bus_tau_mean": 3.5861971807898256, "bus_tau_std": 4.867507448183382, "bus_v_mean": 17.57543508967418, "bus_v_std": 10.545349129708338, "car_acc": 2.249642588370998, "car_dcc": 3.5651251640420543, "car_lcAssertive": 28.9318053920812, "car_lcCooperative": 0.8837555081806009, "car_lcLookaheadLeft": 57.63365235167663, "car_lcPushy": 0.11510304096690338, "car_lcSigma": 0.22700116521465796, "car_lcSpeedGainRight": 2.9799119280650688, "car_lcSublane": 0.23944623690468037, "car_sigma": 0.13141566053746057, "car_tau_mean": 1.066466999433423, "car_tau_std": 8.448725182357391, "car_v_mean": 17.634938462283372, "car_v_std": 19.27134174376684}, "datetime": {"datetime": "2024-08-08 00:09:46", "elapsed": 405.417708, "delta": 0.337897}}
{"target": -0.3826368079854855, "params": {"bus_acc": 1.8371560515281973, "bus_dcc": 3.050394700498903, "bus_lcAssertive": 40.40107330138432, "bus_lcCooperative": 0.5057420174508104, "bus_lcLookaheadLeft": 20.576066877724877, "bus_lcPushy": 0.9649889241109139, "bus_lcSigma": 0.2942156882442547, "bus_lcSpeedGainRight": 0.5172977805820067, "bus_lcSublane": 0.1443154002290481, "bus_sigma": 0.014092294192442956, "bus_tau_mean": 3.005809948118381, "bus_tau_std": 5.644983202408741, "bus_v_mean": 20.713253618956035, "bus_v_std": 10.141598465682728, "car_acc": 2.5836420790083077, "car_dcc": 3.0872926428155183, "car_lcAssertive": 78.00699920905836, "car_lcCooperative": 0.4064828689770863, "car_lcLookaheadLeft": 65.48152205237315, "car_lcPushy": 0.1797942976929744, "car_lcSigma": 0.321819963387904, "car_lcSpeedGainRight": 0.8630231005989625, "car_lcSublane": 0.4086372250132624, "car_sigma": 0.2414187479655988, "car_tau_mean": 1.9242269794527527, "car_tau_std": 9.75222342437312, "car_v_mean": 13.1251092131525, "car_v_std": 19.649818899497905}, "datetime": {"datetime": "2024-08-08 00:09:46", "elapsed": 406.046788, "delta": 0.62908}}
{"target": -0.36065365615493017, "params": {"bus_acc": 1.7510024183513244, "bus_dcc": 1.5701761495844138, "bus_lcAssertive": 69.61184846505238, "bus_lcCooperative": 0.6621056263744552, "bus_lcLookaheadLeft": 36.60109731331454, "bus_lcPushy": 0.18060274147029498, "bus_lcSigma": 0.15666067653509164, "bus_lcSpeedGainRight": 1.1849478669634124, "bus_lcSublane": 0.32845937355538657, "bus_sigma": 0.8695956745574754, "bus_tau_mean": 0.926698811903846, "bus_tau_std": 1.6814288258653842, "bus_v_mean": 13.927281690455883, "bus_v_std": 12.086920364959717, "car_acc": 1.1116299977405844, "car_dcc": 1.7356782896822764, "car_lcAssertive": 83.56317165180398, "car_lcCooperative": 0.6628835585335622, "car_lcLookaheadLeft": 36.440205648085715, "car_lcPushy": 0.11421231449000147, "car_lcSigma": 0.3249036521735016, "car_lcSpeedGainRight": 1.222580211837872, "car_lcSublane": 0.7105651277084096, "car_sigma": 0.30054654909915157, "car_tau_mean": 2.870325498774169, "car_tau_std": 4.126560332702428, "car_v_mean": 13.599014108070904, "car_v_std": 15.716451116682112}, "datetime": {"datetime": "2024-08-08 00:09:49", "elapsed": 408.181831, "delta": 2.135043}}
