{"target": -0.36905681955890457, "params": {"bus_acc": 4.6452, "bus_dcc": 3.3143, "bus_lcAssertive": 41.5445, "bus_lcCooperative": 0.9723, "bus_lcLookaheadLeft": 67.2247, "bus_lcPushy": 0.4728, "bus_lcSigma": 0.1725, "bus_lcSpeedGainRight": 4.716, "bus_lcSublane": 0.2502, "bus_sigma": 0.1012, "bus_tau_mean": 3.2025, "bus_tau_std": 9.4888, "bus_v_mean": 15.7211, "bus_v_std": 13.013, "car_acc": 2.3117, "car_dcc": 3.6165, "car_lcAssertive": 90.0076, "car_lcCooperative": 0.4014, "car_lcLookaheadLeft": 85.3402, "car_lcPushy": 0.8535, "car_lcSigma": 0.0415, "car_lcSpeedGainRight": 0.4672, "car_lcSublane": 0.6773, "car_sigma": 0.5309, "car_tau_mean": 1.0377, "car_tau_std": 6.3388, "car_v_mean": 23.1178, "car_v_std": 7.5828}, "datetime": {"datetime": "2024-08-08 12:57:51", "elapsed": 659.45382, "delta": 8.977936}}
{"target": -0.345730268643641, "params": {"bus_acc": 1.6079, "bus_dcc": 2.8606, "bus_lcAssertive": 20.3437, "bus_lcCooperative": 0.9163, "bus_lcLookaheadLeft": 50.0124, "bus_lcPushy": 0.6104, "bus_lcSigma": 0.7491, "bus_lcSpeedGainRight": 1.9105, "bus_lcSublane": 0.6592, "bus_sigma": 0.083, "bus_tau_mean": 3.8135, "bus_tau_std": 4.3331, "bus_v_mean": 17.772, "bus_v_std": 0.6999, "car_acc": 4.5479, "car_dcc": 1.2715, "car_lcAssertive": 47.631, "car_lcCooperative": 0.3847, "car_lcLookaheadLeft": 19.8533, "car_lcPushy": 0.2004, "car_lcSigma": 0.3185, "car_lcSpeedGainRight": 1.6058, "car_lcSublane": 0.5107, "car_sigma": 0.1439, "car_tau_mean": 3.4086, "car_tau_std": 3.8155, "car_v_mean": 13.9106, "car_v_std": 13.1891}, "datetime": {"datetime": "2024-08-08 12:57:58", "elapsed": 666.461801, "delta": 7.007981}}
{"target": -0.3639291778003442, "params": {"bus_acc": 3.1116, "bus_dcc": 2.474, "bus_lcAssertive": 57.4153, "bus_lcCooperative": 0.3159, "bus_lcLookaheadLeft": 45.8959, "bus_lcPushy": 0.9147, "bus_lcSigma": 0.5838, "bus_lcSpeedGainRight": 3.2584, "bus_lcSublane": 0.4837, "bus_sigma": 0.4094, "bus_tau_mean": 0.7806, "bus_tau_std": 4.1904, "bus_v_mean": 14.1867, "bus_v_std": 15.2625, "car_acc": 2.4061, "car_dcc": 3.8488, "car_lcAssertive": 77.6653, "car_lcCooperative": 0.1537, "car_lcLookaheadLeft": 71.9916, "car_lcPushy": 0.899, "car_lcSigma": 0.1968, "car_lcSpeedGainRight": 0.6815, "car_lcSublane": 0.4107, "car_sigma": 0.1867, "car_tau_mean": 1.767, "car_tau_std": 3.8529, "car_v_mean": 22.3809, "car_v_std": 5.5748}, "datetime": {"datetime": "2024-08-08 12:58:29", "elapsed": 696.809035, "delta": 30.347234}}
{"target": -0.33879000686481997, "params": {"bus_acc": 4.2037, "bus_dcc": 2.447, "bus_lcAssertive": 52.7921, "bus_lcCooperative": 0.377, "bus_lcLookaheadLeft": 52.0643, "bus_lcPushy": 0.3515, "bus_lcSigma": 0.3282, "bus_lcSpeedGainRight": 4.9868, "bus_lcSublane": 0.9329, "bus_sigma": 0.3526, "bus_tau_mean": 3.6764, "bus_tau_std": 6.6982, "bus_v_mean": 13.3076, "bus_v_std": 4.7046, "car_acc": 4.9356, "car_dcc": 1.5272, "car_lcAssertive": 69.0854, "car_lcCooperative": 0.4748, "car_lcLookaheadLeft": 77.6241, "car_lcPushy": 0.2149, "car_lcSigma": 0.7649, "car_lcSpeedGainRight": 3.5703, "car_lcSublane": 0.5041, "car_sigma": 0.684, "car_tau_mean": 2.1463, "car_tau_std": 9.4622, "car_v_mean": 23.916, "car_v_std": 11.8595}, "datetime": {"datetime": "2024-08-08 12:58:51", "elapsed": 719.187537, "delta": 22.378502}}
{"target": -0.31747957485216893, "params": {"bus_acc": 2.3718, "bus_dcc": 2.4666, "bus_lcAssertive": 14.0584, "bus_lcCooperative": 0.5151, "bus_lcLookaheadLeft": 87.9522, "bus_lcPushy": 0.721, "bus_lcSigma": 0.0779, "bus_lcSpeedGainRight": 1.2773, "bus_lcSublane": 0.3965, "bus_sigma": 0.1032, "bus_tau_mean": 3.9043, "bus_tau_std": 2.9939, "bus_v_mean": 9.1135, "bus_v_std": 11.7713, "car_acc": 4.3203, "car_dcc": 1.5426, "car_lcAssertive": 8.3041, "car_lcCooperative": 0.4234, "car_lcLookaheadLeft": 21.9737, "car_lcPushy": 0.739, "car_lcSigma": 0.8733, "car_lcSpeedGainRight": 2.7306, "car_lcSublane": 0.199, "car_sigma": 0.4156, "car_tau_mean": 2.0472, "car_tau_std": 6.8062, "car_v_mean": 14.7094, "car_v_std": 0.8305}, "datetime": {"datetime": "2024-08-08 12:58:55", "elapsed": 723.098705, "delta": 3.911168}}
{"target": -0.33464777151286557, "params": {"bus_acc": 1.7484, "bus_dcc": 2.4364, "bus_lcAssertive": 51.0478, "bus_lcCooperative": 0.5744, "bus_lcLookaheadLeft": 54.906, "bus_lcPushy": 0.7016, "bus_lcSigma": 0.2095, "bus_lcSpeedGainRight": 1.4108, "bus_lcSublane": 0.8289, "bus_sigma": 0.5836, "bus_tau_mean": 3.182, "bus_tau_std": 7.8763, "bus_v_mean": 13.8295, "bus_v_std": 10.0628, "car_acc": 4.4698, "car_dcc": 1.04, "car_lcAssertive": 91.0129, "car_lcCooperative": 0.4643, "car_lcLookaheadLeft": 74.6486, "car_lcPushy": 0.4814, "car_lcSigma": 0.5227, "car_lcSpeedGainRight": 2.6356, "car_lcSublane": 0.6454, "car_sigma": 0.7341, "car_tau_mean": 3.1186, "car_tau_std": 7.292, "car_v_mean": 21.6196, "car_v_std": 11.399}, "datetime": {"datetime": "2024-08-08 12:59:05", "elapsed": 732.796701, "delta": 9.697996}}
{"target": -0.3336721195909832, "params": {"bus_acc": 2.212, "bus_dcc": 1.5776, "bus_lcAssertive": 20.5591, "bus_lcCooperative": 0.5623, "bus_lcLookaheadLeft": 85.9558, "bus_lcPushy": 0.6531, "bus_lcSigma": 0.7975, "bus_lcSpeedGainRight": 2.096, "bus_lcSublane": 0.7317, "bus_sigma": 0.4587, "bus_tau_mean": 3.1358, "bus_tau_std": 3.5494, "bus_v_mean": 9.6748, "bus_v_std": 11.5597, "car_acc": 3.1706, "car_dcc": 2.2052, "car_lcAssertive": 83.9466, "car_lcCooperative": 0.1896, "car_lcLookaheadLeft": 97.8177, "car_lcPushy": 0.9616, "car_lcSigma": 0.6119, "car_lcSpeedGainRight": 2.1498, "car_lcSublane": 0.877, "car_sigma": 0.8828, "car_tau_mean": 3.4159, "car_tau_std": 6.4452, "car_v_mean": 21.588, "car_v_std": 6.4844}, "datetime": {"datetime": "2024-08-08 12:59:15", "elapsed": 742.766632, "delta": 9.969931}}
{"target": -0.3336813498412643, "params": {"bus_acc": 2.1658, "bus_dcc": 1.3007, "bus_lcAssertive": 83.6043, "bus_lcCooperative": 0.7963, "bus_lcLookaheadLeft": 80.8345, "bus_lcPushy": 0.9337, "bus_lcSigma": 0.2211, "bus_lcSpeedGainRight": 2.2221, "bus_lcSublane": 0.3102, "bus_sigma": 0.6592, "bus_tau_mean": 3.1738, "bus_tau_std": 2.873, "bus_v_mean": 12.3744, "bus_v_std": 2.2076, "car_acc": 1.0151, "car_dcc": 1.9774, "car_lcAssertive": 26.9655, "car_lcCooperative": 0.6335, "car_lcLookaheadLeft": 57.9471, "car_lcPushy": 0.2104, "car_lcSigma": 0.6999, "car_lcSpeedGainRight": 2.2451, "car_lcSublane": 0.7078, "car_sigma": 0.0314, "car_tau_mean": 1.8214, "car_tau_std": 4.1227, "car_v_mean": 11.153, "car_v_std": 13.2583}, "datetime": {"datetime": "2024-08-08 12:59:21", "elapsed": 748.608524, "delta": 5.841892}}
{"target": -0.33665877077257567, "params": {"bus_acc": 3.9345, "bus_dcc": 2.0859, "bus_lcAssertive": 69.0514, "bus_lcCooperative": 0.8057, "bus_lcLookaheadLeft": 25.192, "bus_lcPushy": 0.9203, "bus_lcSigma": 0.7715, "bus_lcSpeedGainRight": 1.4967, "bus_lcSublane": 0.5778, "bus_sigma": 0.7559, "bus_tau_mean": 3.2415, "bus_tau_std": 9.5188, "bus_v_mean": 23.332, "bus_v_std": 12.1895, "car_acc": 1.9641, "car_dcc": 1.0389, "car_lcAssertive": 32.9121, "car_lcCooperative": 0.3173, "car_lcLookaheadLeft": 99.1625, "car_lcPushy": 0.4756, "car_lcSigma": 0.8241, "car_lcSpeedGainRight": 4.5823, "car_lcSublane": 0.1838, "car_sigma": 0.9946, "car_tau_mean": 2.2311, "car_tau_std": 5.594, "car_v_mean": 16.5082, "car_v_std": 6.5207}, "datetime": {"datetime": "2024-08-08 12:59:23", "elapsed": 750.805446, "delta": 2.196922}}
{"target": -0.3717838041581481, "params": {"bus_acc": 4.5525, "bus_dcc": 1.6967, "bus_lcAssertive": 55.6303, "bus_lcCooperative": 0.4585, "bus_lcLookaheadLeft": 41.0775, "bus_lcPushy": 0.7429, "bus_lcSigma": 0.1743, "bus_lcSpeedGainRight": 4.2336, "bus_lcSublane": 0.7215, "bus_sigma": 0.5887, "bus_tau_mean": 2.0903, "bus_tau_std": 3.7989, "bus_v_mean": 13.0592, "bus_v_std": 12.1199, "car_acc": 4.8179, "car_dcc": 3.2373, "car_lcAssertive": 72.8625, "car_lcCooperative": 0.6924, "car_lcLookaheadLeft": 66.8687, "car_lcPushy": 0.0297, "car_lcSigma": 0.0928, "car_lcSpeedGainRight": 3.5294, "car_lcSublane": 0.3419, "car_sigma": 0.9876, "car_tau_mean": 1.2777, "car_tau_std": 1.291, "car_v_mean": 15.883, "car_v_std": 0.372}, "datetime": {"datetime": "2024-08-08 12:59:32", "elapsed": 760.299108, "delta": 9.493662}}
{"target": -0.35725627118569225, "params": {"bus_acc": 4.6635, "bus_dcc": 3.265, "bus_lcAssertive": 78.3623, "bus_lcCooperative": 0.5531, "bus_lcLookaheadLeft": 4.4898, "bus_lcPushy": 0.6044, "bus_lcSigma": 0.2645, "bus_lcSpeedGainRight": 1.1099, "bus_lcSublane": 0.0355, "bus_sigma": 0.1356, "bus_tau_mean": 2.1323, "bus_tau_std": 0.1175, "bus_v_mean": 12.9276, "bus_v_std": 13.7458, "car_acc": 2.6745, "car_dcc": 2.1477, "car_lcAssertive": 53.2897, "car_lcCooperative": 0.4496, "car_lcLookaheadLeft": 2.3154, "car_lcPushy": 0.6889, "car_lcSigma": 0.7181, "car_lcSpeedGainRight": 0.4967, "car_lcSublane": 0.5079, "car_sigma": 0.9319, "car_tau_mean": 1.3182, "car_tau_std": 1.7443, "car_v_mean": 19.9015, "car_v_std": 4.8712}, "datetime": {"datetime": "2024-08-08 12:59:37", "elapsed": 765.409396, "delta": 5.110288}}
{"target": -0.34655718425623744, "params": {"bus_acc": 2.6079, "bus_dcc": 3.3696, "bus_lcAssertive": 88.5917, "bus_lcCooperative": 0.4015, "bus_lcLookaheadLeft": 83.1269, "bus_lcPushy": 0.6215, "bus_lcSigma": 0.924, "bus_lcSpeedGainRight": 2.084, "bus_lcSublane": 0.2991, "bus_sigma": 0.1274, "bus_tau_mean": 3.0362, "bus_tau_std": 2.9777, "bus_v_mean": 17.3121, "bus_v_std": 5.0946, "car_acc": 3.3023, "car_dcc": 3.7797, "car_lcAssertive": 31.3132, "car_lcCooperative": 0.8659, "car_lcLookaheadLeft": 57.3153, "car_lcPushy": 0.5663, "car_lcSigma": 0.3245, "car_lcSpeedGainRight": 1.5827, "car_lcSublane": 0.1299, "car_sigma": 0.1559, "car_tau_mean": 3.2238, "car_tau_std": 7.7107, "car_v_mean": 15.9798, "car_v_std": 6.6193}, "datetime": {"datetime": "2024-08-08 12:59:48", "elapsed": 776.435282, "delta": 11.025886}}
{"target": -0.3424984644217271, "params": {"bus_acc": 1.3368, "bus_dcc": 1.0764, "bus_lcAssertive": 91.1675, "bus_lcCooperative": 0.3934, "bus_lcLookaheadLeft": 24.9711, "bus_lcPushy": 0.0448, "bus_lcSigma": 0.4942, "bus_lcSpeedGainRight": 1.2373, "bus_lcSublane": 0.909, "bus_sigma": 0.4079, "bus_tau_mean": 1.4999, "bus_tau_std": 9.8789, "bus_v_mean": 11.0578, "bus_v_std": 10.4596, "car_acc": 2.3438, "car_dcc": 3.2453, "car_lcAssertive": 48.7717, "car_lcCooperative": 0.3649, "car_lcLookaheadLeft": 12.3884, "car_lcPushy": 0.8523, "car_lcSigma": 0.4133, "car_lcSpeedGainRight": 1.2121, "car_lcSublane": 0.6527, "car_sigma": 0.0438, "car_tau_mean": 3.5814, "car_tau_std": 6.0792, "car_v_mean": 22.4802, "car_v_std": 8.9408}, "datetime": {"datetime": "2024-08-08 12:59:50", "elapsed": 778.335049, "delta": 1.899767}}
{"target": -0.35721186838419006, "params": {"bus_acc": 3.4845, "bus_dcc": 1.024, "bus_lcAssertive": 12.1272, "bus_lcCooperative": 0.4294, "bus_lcLookaheadLeft": 84.6685, "bus_lcPushy": 0.0627, "bus_lcSigma": 0.3686, "bus_lcSpeedGainRight": 0.8297, "bus_lcSublane": 0.8338, "bus_sigma": 0.8607, "bus_tau_mean": 3.7296, "bus_tau_std": 0.1146, "bus_v_mean": 12.3862, "bus_v_std": 8.01, "car_acc": 4.9043, "car_dcc": 3.5634, "car_lcAssertive": 4.1437, "car_lcCooperative": 0.5106, "car_lcLookaheadLeft": 18.5751, "car_lcPushy": 0.9687, "car_lcSigma": 0.3368, "car_lcSpeedGainRight": 0.0666, "car_lcSublane": 0.4923, "car_sigma": 0.5814, "car_tau_mean": 0.5055, "car_tau_std": 1.128, "car_v_mean": 18.1389, "car_v_std": 3.0485}, "datetime": {"datetime": "2024-08-08 12:59:52", "elapsed": 780.157673, "delta": 1.822624}}
{"target": -0.33378916913652495, "params": {"bus_acc": 2.9366, "bus_dcc": 1.2956, "bus_lcAssertive": 54.6781, "bus_lcCooperative": 0.5527, "bus_lcLookaheadLeft": 56.8985, "bus_lcPushy": 0.7671, "bus_lcSigma": 0.6069, "bus_lcSpeedGainRight": 4.7021, "bus_lcSublane": 0.768, "bus_sigma": 0.1633, "bus_tau_mean": 1.8057, "bus_tau_std": 0.3716, "bus_v_mean": 8.1136, "bus_v_std": 10.974, "car_acc": 3.7231, "car_dcc": 3.9379, "car_lcAssertive": 72.7194, "car_lcCooperative": 0.9129, "car_lcLookaheadLeft": 73.5539, "car_lcPushy": 0.9128, "car_lcSigma": 0.5784, "car_lcSpeedGainRight": 0.1142, "car_lcSublane": 0.4889, "car_sigma": 0.9809, "car_tau_mean": 3.5417, "car_tau_std": 8.2849, "car_v_mean": 22.0497, "car_v_std": 19.5224}, "datetime": {"datetime": "2024-08-08 12:59:53", "elapsed": 780.717173, "delta": 0.5595}}
{"target": -0.2922699522131811, "params": {"bus_acc": 3.4069, "bus_dcc": 1.9489, "bus_lcAssertive": 11.333, "bus_lcCooperative": 0.5346, "bus_lcLookaheadLeft": 80.9645, "bus_lcPushy": 0.7745, "bus_lcSigma": 0.5474, "bus_lcSpeedGainRight": 4.0877, "bus_lcSublane": 0.7991, "bus_sigma": 0.373, "bus_tau_mean": 0.9178, "bus_tau_std": 1.0777, "bus_v_mean": 8.4309, "bus_v_std": 10.4107, "car_acc": 4.8769, "car_dcc": 2.1486, "car_lcAssertive": 3.2307, "car_lcCooperative": 0.0952, "car_lcLookaheadLeft": 20.528, "car_lcPushy": 0.0346, "car_lcSigma": 0.5031, "car_lcSpeedGainRight": 2.5427, "car_lcSublane": 0.7518, "car_sigma": 0.1617, "car_tau_mean": 2.2676, "car_tau_std": 0.4338, "car_v_mean": 21.2274, "car_v_std": 3.1208}, "datetime": {"datetime": "2024-08-08 12:59:53", "elapsed": 781.243557, "delta": 0.526384}}
{"target": -0.3226129083597039, "params": {"bus_acc": 3.4039, "bus_dcc": 2.9967, "bus_lcAssertive": 48.2471, "bus_lcCooperative": 0.2878, "bus_lcLookaheadLeft": 10.0632, "bus_lcPushy": 0.871, "bus_lcSigma": 0.236, "bus_lcSpeedGainRight": 0.6123, "bus_lcSublane": 0.0358, "bus_sigma": 0.124, "bus_tau_mean": 2.1152, "bus_tau_std": 5.0828, "bus_v_mean": 15.9273, "bus_v_std": 16.2129, "car_acc": 3.4678, "car_dcc": 1.0695, "car_lcAssertive": 54.1482, "car_lcCooperative": 0.7943, "car_lcLookaheadLeft": 28.3338, "car_lcPushy": 0.2567, "car_lcSigma": 0.4676, "car_lcSpeedGainRight": 4.686, "car_lcSublane": 0.4192, "car_sigma": 0.5384, "car_tau_mean": 2.0407, "car_tau_std": 9.0928, "car_v_mean": 20.978, "car_v_std": 15.0797}, "datetime": {"datetime": "2024-08-08 12:59:56", "elapsed": 783.677349, "delta": 2.433792}}
{"target": -0.3573987789504797, "params": {"bus_acc": 4.3882, "bus_dcc": 2.8145, "bus_lcAssertive": 1.6096, "bus_lcCooperative": 0.0167, "bus_lcLookaheadLeft": 23.1264, "bus_lcPushy": 0.6693, "bus_lcSigma": 0.7241, "bus_lcSpeedGainRight": 2.8788, "bus_lcSublane": 0.5884, "bus_sigma": 0.5564, "bus_tau_mean": 2.3105, "bus_tau_std": 2.2072, "bus_v_mean": 10.6672, "bus_v_std": 1.5478, "car_acc": 1.1147, "car_dcc": 3.3291, "car_lcAssertive": 32.4687, "car_lcCooperative": 0.8695, "car_lcLookaheadLeft": 92.2372, "car_lcPushy": 0.8892, "car_lcSigma": 0.3978, "car_lcSpeedGainRight": 2.8214, "car_lcSublane": 0.1037, "car_sigma": 0.6933, "car_tau_mean": 1.9022, "car_tau_std": 4.3399, "car_v_mean": 16.6838, "car_v_std": 14.4856}, "datetime": {"datetime": "2024-08-08 12:59:57", "elapsed": 784.9495, "delta": 1.272151}}
{"target": -0.36908537855349227, "params": {"bus_acc": 2.3931, "bus_dcc": 2.0215, "bus_lcAssertive": 85.9846, "bus_lcCooperative": 0.4564, "bus_lcLookaheadLeft": 69.0744, "bus_lcPushy": 0.5498, "bus_lcSigma": 0.7105, "bus_lcSpeedGainRight": 2.0567, "bus_lcSublane": 0.3637, "bus_sigma": 0.8357, "bus_tau_mean": 2.3275, "bus_tau_std": 2.7217, "bus_v_mean": 22.7308, "bus_v_std": 11.5673, "car_acc": 3.8194, "car_dcc": 2.5061, "car_lcAssertive": 28.9161, "car_lcCooperative": 0.7527, "car_lcLookaheadLeft": 64.4218, "car_lcPushy": 0.5599, "car_lcSigma": 0.1146, "car_lcSpeedGainRight": 1.5453, "car_lcSublane": 0.2474, "car_sigma": 0.1357, "car_tau_mean": 2.0673, "car_tau_std": 1.1496, "car_v_mean": 17.85, "car_v_std": 3.3909}, "datetime": {"datetime": "2024-08-08 13:00:01", "elapsed": 788.965068, "delta": 4.015568}}
{"target": -0.3715375847379273, "params": {"bus_acc": 2.8497, "bus_dcc": 2.8184, "bus_lcAssertive": 36.7687, "bus_lcCooperative": 0.719, "bus_lcLookaheadLeft": 82.2267, "bus_lcPushy": 0.9986, "bus_lcSigma": 0.7507, "bus_lcSpeedGainRight": 0.6799, "bus_lcSublane": 0.7558, "bus_sigma": 0.1691, "bus_tau_mean": 1.3116, "bus_tau_std": 6.3758, "bus_v_mean": 18.1224, "bus_v_std": 6.276, "car_acc": 3.9749, "car_dcc": 3.3128, "car_lcAssertive": 25.6156, "car_lcCooperative": 0.9796, "car_lcLookaheadLeft": 2.3065, "car_lcPushy": 0.4981, "car_lcSigma": 0.7861, "car_lcSpeedGainRight": 4.6351, "car_lcSublane": 0.0815, "car_sigma": 0.7218, "car_tau_mean": 2.8467, "car_tau_std": 3.0578, "car_v_mean": 21.1553, "car_v_std": 5.3794}, "datetime": {"datetime": "2024-08-08 13:00:04", "elapsed": 792.088436, "delta": 3.123368}}
{"target": -0.3575637292668463, "params": {"bus_acc": 2.9807, "bus_dcc": 1.5737, "bus_lcAssertive": 32.8855, "bus_lcCooperative": 0.9, "bus_lcLookaheadLeft": 82.8678, "bus_lcPushy": 0.6991, "bus_lcSigma": 0.0309, "bus_lcSpeedGainRight": 1.7482, "bus_lcSublane": 0.5043, "bus_sigma": 0.4129, "bus_tau_mean": 1.4842, "bus_tau_std": 9.6829, "bus_v_mean": 19.6821, "bus_v_std": 10.5783, "car_acc": 1.2209, "car_dcc": 3.3686, "car_lcAssertive": 32.2521, "car_lcCooperative": 0.0578, "car_lcLookaheadLeft": 8.0911, "car_lcPushy": 0.9262, "car_lcSigma": 0.2233, "car_lcSpeedGainRight": 3.9397, "car_lcSublane": 0.3287, "car_sigma": 0.8416, "car_tau_mean": 2.4781, "car_tau_std": 7.3329, "car_v_mean": 20.3313, "car_v_std": 12.2231}, "datetime": {"datetime": "2024-08-08 13:00:06", "elapsed": 794.28249, "delta": 2.194054}}
{"target": -0.38418001665281853, "params": {"bus_acc": 1.2645, "bus_dcc": 2.1594, "bus_lcAssertive": 80.4503, "bus_lcCooperative": 0.6809, "bus_lcLookaheadLeft": 66.5406, "bus_lcPushy": 0.4446, "bus_lcSigma": 0.1191, "bus_lcSpeedGainRight": 1.3117, "bus_lcSublane": 0.1032, "bus_sigma": 0.4455, "bus_tau_mean": 1.825, "bus_tau_std": 8.9024, "bus_v_mean": 21.9436, "bus_v_std": 15.3861, "car_acc": 2.6966, "car_dcc": 3.7997, "car_lcAssertive": 27.361, "car_lcCooperative": 0.9466, "car_lcLookaheadLeft": 68.0383, "car_lcPushy": 0.9346, "car_lcSigma": 0.6165, "car_lcSpeedGainRight": 0.0131, "car_lcSublane": 0.1474, "car_sigma": 0.7758, "car_tau_mean": 3.5771, "car_tau_std": 4.0963, "car_v_mean": 20.8909, "car_v_std": 0.2304}, "datetime": {"datetime": "2024-08-08 13:00:13", "elapsed": 800.735557, "delta": 6.453067}}
{"target": -0.3397926489698819, "params": {"bus_acc": 2.3698, "bus_dcc": 2.2927, "bus_lcAssertive": 43.7591, "bus_lcCooperative": 0.8999, "bus_lcLookaheadLeft": 87.2743, "bus_lcPushy": 0.5745, "bus_lcSigma": 0.1429, "bus_lcSpeedGainRight": 1.4484, "bus_lcSublane": 0.0078, "bus_sigma": 0.1058, "bus_tau_mean": 1.1302, "bus_tau_std": 8.4352, "bus_v_mean": 22.3472, "bus_v_std": 10.1923, "car_acc": 4.3113, "car_dcc": 2.6921, "car_lcAssertive": 21.2471, "car_lcCooperative": 0.8467, "car_lcLookaheadLeft": 2.9034, "car_lcPushy": 0.5397, "car_lcSigma": 0.3817, "car_lcSpeedGainRight": 2.9184, "car_lcSublane": 0.8664, "car_sigma": 0.046, "car_tau_mean": 2.2508, "car_tau_std": 6.2892, "car_v_mean": 19.9306, "car_v_std": 10.8629}, "datetime": {"datetime": "2024-08-08 13:00:15", "elapsed": 802.811492, "delta": 2.075935}}
{"target": -0.32479835475019375, "params": {"bus_acc": 4.7938, "bus_dcc": 1.2687, "bus_lcAssertive": 4.8585, "bus_lcCooperative": 0.736, "bus_lcLookaheadLeft": 23.9356, "bus_lcPushy": 0.061, "bus_lcSigma": 0.9946, "bus_lcSpeedGainRight": 2.6555, "bus_lcSublane": 0.8566, "bus_sigma": 0.088, "bus_tau_mean": 3.421, "bus_tau_std": 4.7394, "bus_v_mean": 13.4961, "bus_v_std": 6.779, "car_acc": 3.4031, "car_dcc": 2.0153, "car_lcAssertive": 34.132, "car_lcCooperative": 0.2037, "car_lcLookaheadLeft": 93.9621, "car_lcPushy": 0.1448, "car_lcSigma": 0.0563, "car_lcSpeedGainRight": 2.9039, "car_lcSublane": 0.7523, "car_sigma": 0.0516, "car_tau_mean": 1.8025, "car_tau_std": 0.1993, "car_v_mean": 22.1998, "car_v_std": 14.224}, "datetime": {"datetime": "2024-08-08 13:00:17", "elapsed": 805.200413, "delta": 2.388921}}
{"target": -0.3103074567744656, "params": {"bus_acc": 1.1872, "bus_dcc": 3.5081, "bus_lcAssertive": 20.8832, "bus_lcCooperative": 0.3051, "bus_lcLookaheadLeft": 78.8172, "bus_lcPushy": 0.0922, "bus_lcSigma": 0.9127, "bus_lcSpeedGainRight": 2.9054, "bus_lcSublane": 0.2549, "bus_sigma": 0.5809, "bus_tau_mean": 2.9383, "bus_tau_std": 1.3502, "bus_v_mean": 22.3982, "bus_v_std": 10.9159, "car_acc": 2.766, "car_dcc": 1.3168, "car_lcAssertive": 81.2691, "car_lcCooperative": 0.446, "car_lcLookaheadLeft": 68.4827, "car_lcPushy": 0.6922, "car_lcSigma": 0.8865, "car_lcSpeedGainRight": 3.859, "car_lcSublane": 0.5673, "car_sigma": 0.6025, "car_tau_mean": 2.658, "car_tau_std": 8.0269, "car_v_mean": 11.9183, "car_v_std": 9.2162}, "datetime": {"datetime": "2024-08-08 13:00:20", "elapsed": 807.681954, "delta": 2.481541}}
{"target": -0.3278608734001307, "params": {"bus_acc": 4.5916, "bus_dcc": 3.9494, "bus_lcAssertive": 56.1295, "bus_lcCooperative": 0.6678, "bus_lcLookaheadLeft": 57.4603, "bus_lcPushy": 0.743, "bus_lcSigma": 0.1858, "bus_lcSpeedGainRight": 3.9882, "bus_lcSublane": 0.766, "bus_sigma": 0.608, "bus_tau_mean": 1.4855, "bus_tau_std": 1.0981, "bus_v_mean": 15.6068, "bus_v_std": 8.5459, "car_acc": 4.0766, "car_dcc": 2.5974, "car_lcAssertive": 69.7256, "car_lcCooperative": 0.1339, "car_lcLookaheadLeft": 85.9124, "car_lcPushy": 0.564, "car_lcSigma": 0.4444, "car_lcSpeedGainRight": 0.5427, "car_lcSublane": 0.4219, "car_sigma": 0.2343, "car_tau_mean": 1.6739, "car_tau_std": 2.6902, "car_v_mean": 21.1073, "car_v_std": 11.4129}, "datetime": {"datetime": "2024-08-08 13:00:23", "elapsed": 810.893426, "delta": 3.211472}}
