{"target": -0.3690377816541538, "params": {"bus_acc": 1.6793216782582756, "bus_dcc": 3.6344275102882393, "bus_lcAssertive": 10.73633654947196, "bus_lcCooperative": 0.42110762500505217, "bus_lcLookaheadLeft": 95.87317395474919, "bus_lcPushy": 0.5331652849730171, "bus_lcSigma": 0.6918771139504734, "bus_lcSpeedGainRight": 1.5775781550303147, "bus_lcSublane": 0.6865009276815837, "bus_sigma": 0.8346256718973729, "bus_tau_mean": 0.5640089707046714, "bus_tau_std": 7.501443149449675, "bus_v_mean": 23.821777422503914, "bus_v_std": 14.963313087596788, "car_acc": 2.1217759682576207, "car_dcc": 3.3678379853544653, "car_lcAssertive": 11.21937465118656, "car_lcCooperative": 0.44789352617590517, "car_lcLookaheadLeft": 91.04235930312336, "car_lcPushy": 0.2936141483736795, "car_lcSigma": 0.28777533858634874, "car_lcSpeedGainRight": 0.6501428605913884, "car_lcSublane": 0.019366957870297075, "car_sigma": 0.678835532939891, "car_tau_mean": 1.2406984060002066, "car_tau_std": 2.655466593722262, "car_v_mean": 15.865170548485413, "car_v_std": 1.0672509023416077}, "datetime": {"datetime": "2024-08-08 12:02:27", "elapsed": 157.225129, "delta": 0.658482}}
{"target": -0.3570056696602206, "params": {"bus_acc": 3.8117269284574853, "bus_dcc": 1.554805067120205, "bus_lcAssertive": 57.00748251629707, "bus_lcCooperative": 0.9088080323000569, "bus_lcLookaheadLeft": 16.767619240330575, "bus_lcPushy": 0.8455176755307064, "bus_lcSigma": 0.8202024663153499, "bus_lcSpeedGainRight": 2.4967055064891723, "bus_lcSublane": 0.0375838514857032, "bus_sigma": 0.14750250539693543, "bus_tau_mean": 3.7292354314103493, "bus_tau_std": 0.44154796031862453, "bus_v_mean": 13.959980262485752, "bus_v_std": 12.380792694509417, "car_acc": 1.7877921556560668, "car_dcc": 3.9432392717208917, "car_lcAssertive": 16.44154807129882, "car_lcCooperative": 0.5396791951612744, "car_lcLookaheadLeft": 62.565109785971174, "car_lcPushy": 0.2309899486697039, "car_lcSigma": 0.4663089892093414, "car_lcSpeedGainRight": 2.4550426456646464, "car_lcSublane": 0.766862376326542, "car_sigma": 0.6342807527738734, "car_tau_mean": 2.1364251857286884, "car_tau_std": 6.669425431939752, "car_v_mean": 15.254038824355174, "car_v_std": 10.514231826828194}, "datetime": {"datetime": "2024-08-08 12:02:34", "elapsed": 164.161678, "delta": 6.936549}}
{"target": -0.3372595939667266, "params": {"bus_acc": 2.6797930176077163, "bus_dcc": 2.8083602867268884, "bus_lcAssertive": 72.21453795488647, "bus_lcCooperative": 0.8573003334512307, "bus_lcLookaheadLeft": 68.74892410492416, "bus_lcPushy": 0.23698206447169834, "bus_lcSigma": 0.92572053533626, "bus_lcSpeedGainRight": 3.9059770033788306, "bus_lcSublane": 0.3073814804278443, "bus_sigma": 0.3049656416420632, "bus_tau_mean": 3.5840891145011664, "bus_tau_std": 1.260784803971985, "bus_v_mean": 18.135373347771612, "bus_v_std": 5.554254649468485, "car_acc": 4.308801300557224, "car_dcc": 2.0935703426676646, "car_lcAssertive": 73.60324335241457, "car_lcCooperative": 0.1924178904137388, "car_lcLookaheadLeft": 49.18169795899246, "car_lcPushy": 0.8035946264310272, "car_lcSigma": 0.39698821167237397, "car_lcSpeedGainRight": 0.8078701992804493, "car_lcSublane": 0.6489822226486474, "car_sigma": 0.7533258058943924, "car_tau_mean": 1.480674223805828, "car_tau_std": 4.5136186123240165, "car_v_mean": 22.407182598177044, "car_v_std": 17.43971262381837}, "datetime": {"datetime": "2024-08-08 12:02:36", "elapsed": 166.360831, "delta": 2.199153}}
{"target": -0.33970910931586007, "params": {"bus_acc": 3.758557596318231, "bus_dcc": 2.7964626718702656, "bus_lcAssertive": 74.9190897401775, "bus_lcCooperative": 0.5419710617714415, "bus_lcLookaheadLeft": 70.65224111671125, "bus_lcPushy": 0.9305598192498451, "bus_lcSigma": 0.8626166945052219, "bus_lcSpeedGainRight": 0.8372092875326065, "bus_lcSublane": 0.2631390239238742, "bus_sigma": 0.07161027944180454, "bus_tau_mean": 3.9253548180542146, "bus_tau_std": 2.3638409866037557, "bus_v_mean": 18.56957369485758, "bus_v_std": 1.79261397854924, "car_acc": 1.843083768348075, "car_dcc": 2.5084731505552136, "car_lcAssertive": 11.390413164662874, "car_lcCooperative": 0.38887340269472437, "car_lcLookaheadLeft": 54.722796573688726, "car_lcPushy": 0.33920418488509996, "car_lcSigma": 0.5559002111265755, "car_lcSpeedGainRight": 2.6838416097123203, "car_lcSublane": 0.3906104987369058, "car_sigma": 0.6962700831011029, "car_tau_mean": 2.874688588992734, "car_tau_std": 6.873031493743898, "car_v_mean": 16.983860140789986, "car_v_std": 7.161598280258716}, "datetime": {"datetime": "2024-08-08 12:02:38", "elapsed": 168.305543, "delta": 1.944712}}
{"target": -0.30122112879267293, "params": {"bus_acc": 4.514643905263244, "bus_dcc": 1.7638022669817308, "bus_lcAssertive": 76.85264815507935, "bus_lcCooperative": 0.9410132668189013, "bus_lcLookaheadLeft": 2.1012274004579936, "bus_lcPushy": 0.47608911800210485, "bus_lcSigma": 0.6570403290247293, "bus_lcSpeedGainRight": 4.216616069597612, "bus_lcSublane": 0.18373941187600173, "bus_sigma": 0.8561592379873718, "bus_tau_mean": 1.7752791794995977, "bus_tau_std": 8.922739292761724, "bus_v_mean": 8.44338784195784, "bus_v_std": 1.7078027824634123, "car_acc": 4.92564186301645, "car_dcc": 2.8285057773204896, "car_lcAssertive": 42.345602334604145, "car_lcCooperative": 0.16921418469369054, "car_lcLookaheadLeft": 65.69031300278962, "car_lcPushy": 0.03697506835935782, "car_lcSigma": 0.31161391346070466, "car_lcSpeedGainRight": 1.6173959849453767, "car_lcSublane": 0.6074418935145536, "car_sigma": 0.6508312566756971, "car_tau_mean": 3.4611910973276427, "car_tau_std": 9.275809425975435, "car_v_mean": 18.567323641777595, "car_v_std": 11.563478368170763}, "datetime": {"datetime": "2024-08-08 12:02:38", "elapsed": 168.601786, "delta": 0.296243}}
{"target": -0.3674114534752862, "params": {"bus_acc": 3.0566330710247507, "bus_dcc": 2.494500474983537, "bus_lcAssertive": 37.987362173714196, "bus_lcCooperative": 0.603513616671319, "bus_lcLookaheadLeft": 85.44393915394977, "bus_lcPushy": 0.27692305646899273, "bus_lcSigma": 0.844761362843635, "bus_lcSpeedGainRight": 2.083095742860592, "bus_lcSublane": 0.5009840123939405, "bus_sigma": 0.7296233785681803, "bus_tau_mean": 1.4055259762731254, "bus_tau_std": 9.216369186561401, "bus_v_mean": 19.233111427661573, "bus_v_std": 12.378608461949781, "car_acc": 2.092035349247671, "car_dcc": 3.0875453690783377, "car_lcAssertive": 26.464260096892083, "car_lcCooperative": 0.8164526703274775, "car_lcLookaheadLeft": 3.1243005922447935, "car_lcPushy": 0.1665376436115401, "car_lcSigma": 0.557828988762059, "car_lcSpeedGainRight": 3.5614049980125104, "car_lcSublane": 0.49248065391311036, "car_sigma": 0.8778095014799501, "car_tau_mean": 3.9155447814701976, "car_tau_std": 4.642770675442432, "car_v_mean": 20.287791671724893, "car_v_std": 9.895442676670545}, "datetime": {"datetime": "2024-08-08 12:02:40", "elapsed": 170.197352, "delta": 1.595566}}
{"target": -0.3548545675601822, "params": {"bus_acc": 1.3466898906116405, "bus_dcc": 2.783811664334878, "bus_lcAssertive": 93.16799666925122, "bus_lcCooperative": 0.1337783077430914, "bus_lcLookaheadLeft": 52.27520477868174, "bus_lcPushy": 0.6839992141169576, "bus_lcSigma": 0.17182975960682711, "bus_lcSpeedGainRight": 0.05629946746094738, "bus_lcSublane": 0.8876831304797248, "bus_sigma": 0.035231270653359514, "bus_tau_mean": 1.401103993326861, "bus_tau_std": 6.516840317406684, "bus_v_mean": 12.572526933692195, "bus_v_std": 0.19415193149633136, "car_acc": 3.3018073378599295, "car_dcc": 1.9233768350041318, "car_lcAssertive": 15.99989212336019, "car_lcCooperative": 0.9712833117325801, "car_lcLookaheadLeft": 18.167282254097344, "car_lcPushy": 0.7272354411432771, "car_lcSigma": 0.890724191493513, "car_lcSpeedGainRight": 4.2935755786347265, "car_lcSublane": 0.1842570671584468, "car_sigma": 0.23680853369423926, "car_tau_mean": 0.5642692277590035, "car_tau_std": 9.314054672648544, "car_v_mean": 22.193938826516902, "car_v_std": 11.909323379390857}, "datetime": {"datetime": "2024-08-08 12:02:41", "elapsed": 171.873218, "delta": 1.675866}}
{"target": -0.3331720231907018, "params": {"bus_acc": 2.612881888423397, "bus_dcc": 3.27624079306701, "bus_lcAssertive": 71.97597116755452, "bus_lcCooperative": 0.9873261748084265, "bus_lcLookaheadLeft": 29.252334764072312, "bus_lcPushy": 0.0037936724093425855, "bus_lcSigma": 0.9339026083148878, "bus_lcSpeedGainRight": 4.2894855226894695, "bus_lcSublane": 0.7288508775192559, "bus_sigma": 0.5166887829215384, "bus_tau_mean": 2.9743468583706636, "bus_tau_std": 7.805295568767427, "bus_v_mean": 13.99801509658975, "bus_v_std": 15.406450506599151, "car_acc": 4.002497276700701, "car_dcc": 2.8396336346327793, "car_lcAssertive": 40.7847264728159, "car_lcCooperative": 0.6973080192643409, "car_lcLookaheadLeft": 2.305060066868826, "car_lcPushy": 0.7748966467245978, "car_lcSigma": 0.896416602456847, "car_lcSpeedGainRight": 1.196578537187523, "car_lcSublane": 0.12076718430922972, "car_sigma": 0.2202839877937276, "car_tau_mean": 1.557338559515344, "car_tau_std": 8.830285085638343, "car_v_mean": 16.690662883809512, "car_v_std": 5.734232992128612}, "datetime": {"datetime": "2024-08-08 12:02:44", "elapsed": 174.167207, "delta": 2.293989}}
{"target": -0.33771917534067947, "params": {"bus_acc": 3.473383477311542, "bus_dcc": 2.593863431443174, "bus_lcAssertive": 25.58078217071276, "bus_lcCooperative": 0.2950785752494959, "bus_lcLookaheadLeft": 87.52324416210728, "bus_lcPushy": 0.42166593484970927, "bus_lcSigma": 0.0644302555796068, "bus_lcSpeedGainRight": 4.484925347537913, "bus_lcSublane": 0.20338083282405106, "bus_sigma": 0.8262275354923914, "bus_tau_mean": 3.5861971807898256, "bus_tau_std": 4.867507448183382, "bus_v_mean": 17.57543508967418, "bus_v_std": 10.545349129708338, "car_acc": 3.499285176741996, "car_dcc": 3.5651251640420543, "car_lcAssertive": 28.9318053920812, "car_lcCooperative": 0.8837555081806009, "car_lcLookaheadLeft": 57.63365235167663, "car_lcPushy": 0.11510304096690338, "car_lcSigma": 0.22700116521465796, "car_lcSpeedGainRight": 2.9799119280650688, "car_lcSublane": 0.23944623690468037, "car_sigma": 0.13141566053746057, "car_tau_mean": 1.066466999433423, "car_tau_std": 8.448725182357391, "car_v_mean": 17.634938462283372, "car_v_std": 19.27134174376684}, "datetime": {"datetime": "2024-08-08 12:02:45", "elapsed": 175.08125, "delta": 0.914043}}
{"target": -0.32398755720016303, "params": {"bus_acc": 4.73814202071614, "bus_dcc": 2.690527502425512, "bus_lcAssertive": 54.980097896596, "bus_lcCooperative": 0.06347554987814286, "bus_lcLookaheadLeft": 54.45941760362607, "bus_lcPushy": 0.654541303819938, "bus_lcSigma": 0.14659184563314454, "bus_lcSpeedGainRight": 4.781823638234233, "bus_lcSublane": 0.19615079194334273, "bus_sigma": 0.673925993557942, "bus_tau_mean": 1.4601940369286983, "bus_tau_std": 1.0843083383187457, "bus_v_mean": 12.174412859118119, "bus_v_std": 6.683036670361496, "car_acc": 2.858927508924091, "car_dcc": 1.703069330204462, "car_lcAssertive": 73.02288477920217, "car_lcCooperative": 0.807191102024009, "car_lcLookaheadLeft": 79.51560841260104, "car_lcPushy": 0.7157485483912336, "car_lcSigma": 0.26964324616102264, "car_lcSpeedGainRight": 1.0522889552033787, "car_lcSublane": 0.10912832824141494, "car_sigma": 0.3966811014027529, "car_tau_mean": 0.8054332406161149, "car_tau_std": 6.553896564824752, "car_v_mean": 23.197262629798693, "car_v_std": 15.11266561158304}, "datetime": {"datetime": "2024-08-08 12:02:48", "elapsed": 178.281118, "delta": 3.199868}}
{"target": -0.3541476476149099, "params": {"bus_acc": 4.248462271832585, "bus_dcc": 1.3094403477503926, "bus_lcAssertive": 52.115288522275364, "bus_lcCooperative": 0.1555778979920741, "bus_lcLookaheadLeft": 29.324042032027158, "bus_lcPushy": 0.8826020025030701, "bus_lcSigma": 0.6315937651309106, "bus_lcSpeedGainRight": 4.81831355106535, "bus_lcSublane": 0.599714365615993, "bus_sigma": 0.009519716216558005, "bus_tau_mean": 1.9547435193214757, "bus_tau_std": 0.22441754358679789, "bus_v_mean": 13.023749248751143, "bus_v_std": 9.632498614414835, "car_acc": 3.301837364495232, "car_dcc": 1.7159506087867897, "car_lcAssertive": 56.27037126631753, "car_lcCooperative": 0.3949201341072339, "car_lcLookaheadLeft": 51.64505437567884, "car_lcPushy": 0.19596701454252152, "car_lcSigma": 0.1567516100034313, "car_lcSpeedGainRight": 3.7725850380119317, "car_lcSublane": 0.3299732288055194, "car_sigma": 0.6441956925382164, "car_tau_mean": 2.4790945880668964, "car_tau_std": 8.99530915886071, "car_v_mean": 22.09093788651224, "car_v_std": 8.862228006535668}, "datetime": {"datetime": "2024-08-08 12:02:49", "elapsed": 179.733294, "delta": 1.452176}}
{"target": -0.30003734808466787, "params": {"bus_acc": 4.959533813348462, "bus_dcc": 1.5322886106047857, "bus_lcAssertive": 82.32322728240342, "bus_lcCooperative": 0.2309885592816333, "bus_lcLookaheadLeft": 7.681629710531169, "bus_lcPushy": 0.13881651804567363, "bus_lcSigma": 0.9351531155423887, "bus_lcSpeedGainRight": 4.4427105167811405, "bus_lcSublane": 0.28926049548291, "bus_sigma": 0.9477640661016069, "bus_tau_mean": 3.4747568733099663, "bus_tau_std": 4.346547940716735, "bus_v_mean": 15.488792877863565, "bus_v_std": 12.597060431668455, "car_acc": 1.6321273398552507, "car_dcc": 1.0443462602262787, "car_lcAssertive": 27.285689729766197, "car_lcCooperative": 0.015443631942760883, "car_lcLookaheadLeft": 68.10088672790123, "car_lcPushy": 0.5514688358127765, "car_lcSigma": 0.32164814560277766, "car_lcSpeedGainRight": 3.9010116855987933, "car_lcSublane": 0.14578543121477705, "car_sigma": 0.2448806387618836, "car_tau_mean": 1.523098167137493, "car_tau_std": 1.9593194649899215, "car_v_mean": 9.407018940329653, "car_v_std": 17.39952360543215}, "datetime": {"datetime": "2024-08-08 12:02:50", "elapsed": 180.458672, "delta": 0.725378}}
{"target": -0.331704873065248, "params": {"bus_acc": 2.5948621745160336, "bus_dcc": 3.899837477926426, "bus_lcAssertive": 16.253838011403385, "bus_lcCooperative": 0.8950868086486484, "bus_lcLookaheadLeft": 32.479280652714465, "bus_lcPushy": 0.548489089666104, "bus_lcSigma": 0.6820662584328149, "bus_lcSpeedGainRight": 1.1823482566307768, "bus_lcSublane": 0.16773668505027162, "bus_sigma": 0.508482013429616, "bus_tau_mean": 3.2715235645463507, "bus_tau_std": 6.924144621670756, "bus_v_mean": 9.903573394768237, "bus_v_std": 18.01484430143466, "car_acc": 2.91895026819662, "car_dcc": 3.8400300377189427, "car_lcAssertive": 55.789936918578306, "car_lcCooperative": 0.08480182166035288, "car_lcLookaheadLeft": 21.84137749610449, "car_lcPushy": 0.8542379729163827, "car_lcSigma": 0.7059273667647191, "car_lcSpeedGainRight": 4.474697600764621, "car_lcSublane": 0.32914600179429976, "car_sigma": 0.5280013966376261, "car_tau_mean": 2.7763934636944194, "car_tau_std": 5.9429085358666445, "car_v_mean": 11.703406968547965, "car_v_std": 8.536426988964712}, "datetime": {"datetime": "2024-08-08 12:02:51", "elapsed": 181.6842, "delta": 1.225528}}
{"target": -0.3220736654601125, "params": {"bus_acc": 4.730381852148654, "bus_dcc": 3.0904544844697006, "bus_lcAssertive": 7.534017099484187, "bus_lcCooperative": 0.7554630526024664, "bus_lcLookaheadLeft": 75.87986646920214, "bus_lcPushy": 0.9230245355464833, "bus_lcSigma": 0.7115247586284718, "bus_lcSpeedGainRight": 0.6213548098608235, "bus_lcSublane": 0.01988013383979559, "bus_sigma": 0.026210986877719278, "bus_tau_mean": 0.5990727080727811, "bus_tau_std": 2.462110676030459, "bus_v_mean": 21.760447178926206, "bus_v_std": 10.776621286833057, "car_acc": 3.2112879147430635, "car_dcc": 3.5260926770788172, "car_lcAssertive": 13.293158196871204, "car_lcCooperative": 0.2791836790111395, "car_lcLookaheadLeft": 59.40440860291221, "car_lcPushy": 0.9695957483196745, "car_lcSigma": 0.56103021925571, "car_lcSpeedGainRight": 0.0932364468647151, "car_lcSublane": 0.8006326726806163, "car_sigma": 0.23297427384102043, "car_tau_mean": 3.324868184665727, "car_tau_std": 3.8786064406417173, "car_v_mean": 21.81666967295086, "car_v_std": 14.942432854743693}, "datetime": {"datetime": "2024-08-08 12:02:54", "elapsed": 184.48434, "delta": 2.80014}}
{"target": -0.3411112383692616, "params": {"bus_acc": 2.0690904540795554, "bus_dcc": 3.670171911322274, "bus_lcAssertive": 29.73971373876551, "bus_lcCooperative": 0.7990074981966317, "bus_lcLookaheadLeft": 47.06602206392515, "bus_lcPushy": 0.59760864887687, "bus_lcSigma": 0.2366673767651024, "bus_lcSpeedGainRight": 3.438074810804075, "bus_lcSublane": 0.1486848661132304, "bus_sigma": 0.5596864990017729, "bus_tau_mean": 2.230151256904046, "bus_tau_std": 8.372059959494196, "bus_v_mean": 15.703496245979728, "bus_v_std": 15.694619199734586, "car_acc": 2.601177226943103, "car_dcc": 1.9237178002927156, "car_lcAssertive": 78.93548650138311, "car_lcCooperative": 0.4184642639114249, "car_lcLookaheadLeft": 50.68307399890683, "car_lcPushy": 0.577322531324329, "car_lcSigma": 0.8196657378893285, "car_lcSpeedGainRight": 2.906599873133597, "car_lcSublane": 0.4061429026808099, "car_sigma": 0.16058682850924277, "car_tau_mean": 2.9573895671993813, "car_tau_std": 8.832328216518347, "car_v_mean": 9.734062206466435, "car_v_std": 9.324279516261631}, "datetime": {"datetime": "2024-08-08 12:02:54", "elapsed": 184.999101, "delta": 0.514761}}
{"target": -0.35907612780737785, "params": {"bus_acc": 4.493292536146928, "bus_dcc": 1.7339021971576243, "bus_lcAssertive": 63.3311877151724, "bus_lcCooperative": 0.034431265307095615, "bus_lcLookaheadLeft": 52.587449185552764, "bus_lcPushy": 0.8632264817138495, "bus_lcSigma": 0.9841265438849168, "bus_lcSpeedGainRight": 0.04936487679459256, "bus_lcSublane": 0.2528414820768151, "bus_sigma": 0.22384967032752534, "bus_tau_mean": 0.6663815797971617, "bus_tau_std": 0.10172456261775653, "bus_v_mean": 15.843124995907708, "bus_v_std": 0.9096429134058814, "car_acc": 2.113312523387608, "car_dcc": 2.9199237073267366, "car_lcAssertive": 30.17451211452952, "car_lcCooperative": 0.26965470115905144, "car_lcLookaheadLeft": 59.873559179869574, "car_lcPushy": 0.38053407720964005, "car_lcSigma": 0.7025230339614009, "car_lcSpeedGainRight": 2.4806197562493053, "car_lcSublane": 0.6332092658064775, "car_sigma": 0.3533943470016294, "car_tau_mean": 1.5046538115442802, "car_tau_std": 1.3320711375110195, "car_v_mean": 22.993286156783427, "car_v_std": 16.09671692031589}, "datetime": {"datetime": "2024-08-08 12:02:55", "elapsed": 185.595471, "delta": 0.59637}}
{"target": -0.35901425875707077, "params": {"bus_acc": 2.089603400517529, "bus_dcc": 2.7963667537276313, "bus_lcAssertive": 87.43526623016912, "bus_lcCooperative": 0.1282309388454863, "bus_lcLookaheadLeft": 95.90249668805981, "bus_lcPushy": 0.6831708438541465, "bus_lcSigma": 0.7419642356783802, "bus_lcSpeedGainRight": 4.914403929604953, "bus_lcSublane": 0.41610077261814205, "bus_sigma": 0.5315834658959018, "bus_tau_mean": 2.8772453256850152, "bus_tau_std": 5.128751425899914, "bus_v_mean": 12.78579751457337, "bus_v_std": 2.1076934546007853, "car_acc": 2.139728582888579, "car_dcc": 3.3065585448632735, "car_lcAssertive": 64.43748774073276, "car_lcCooperative": 0.8013307032031926, "car_lcLookaheadLeft": 52.67781213310181, "car_lcPushy": 0.23210002184633505, "car_lcSigma": 0.6279619269819027, "car_lcSpeedGainRight": 1.5200274501115159, "car_lcSublane": 0.029528744942020957, "car_sigma": 0.9033311768168756, "car_tau_mean": 1.9712934908097477, "car_tau_std": 4.261307804247122, "car_v_mean": 19.860027765309745, "car_v_std": 18.96916808611587}, "datetime": {"datetime": "2024-08-08 12:02:57", "elapsed": 188.022797, "delta": 2.427326}}
{"target": -0.3083258064755805, "params": {"bus_acc": 1.4727705173881538, "bus_dcc": 3.5109933466405367, "bus_lcAssertive": 74.66945621558399, "bus_lcCooperative": 0.5905205476471171, "bus_lcLookaheadLeft": 25.803374346557327, "bus_lcPushy": 0.6232471451875841, "bus_lcSigma": 0.638355320741173, "bus_lcSpeedGainRight": 1.6378472205616257, "bus_lcSublane": 0.06748934306754228, "bus_sigma": 0.8805385975643267, "bus_tau_mean": 2.1098485587599045, "bus_tau_std": 7.638727180664299, "bus_v_mean": 12.062217935083835, "bus_v_std": 11.827743645350337, "car_acc": 2.715180641395191, "car_dcc": 2.1463019276474187, "car_lcAssertive": 13.544625000845354, "car_lcCooperative": 0.24426666320897583, "car_lcLookaheadLeft": 9.775475129915257, "car_lcPushy": 0.3028583047175786, "car_lcSigma": 0.7417048002315554, "car_lcSpeedGainRight": 3.0750786248552444, "car_lcSublane": 0.6724110989339258, "car_sigma": 0.00838307952503159, "car_tau_mean": 2.8743194028796197, "car_tau_std": 5.031806905428871, "car_v_mean": 11.694535207746867, "car_v_std": 3.4979301796384443}, "datetime": {"datetime": "2024-08-08 12:03:00", "elapsed": 190.499445, "delta": 2.476648}}
{"target": -0.36048453588572726, "params": {"bus_acc": 1.6393346013763734, "bus_dcc": 1.6078063756589878, "bus_lcAssertive": 43.686993760876724, "bus_lcCooperative": 0.40420190577514725, "bus_lcLookaheadLeft": 16.381645114900824, "bus_lcPushy": 0.7293189193611234, "bus_lcSigma": 0.18874506687718595, "bus_lcSpeedGainRight": 3.219478221558314, "bus_lcSublane": 0.7543059505762987, "bus_sigma": 0.21073239208332073, "bus_tau_mean": 2.60333986837674, "bus_tau_std": 7.489283752458364, "bus_v_mean": 18.211499369925335, "bus_v_std": 11.942546058932981, "car_acc": 2.1819291426219882, "car_dcc": 3.1948194137245265, "car_lcAssertive": 94.58553555999502, "car_lcCooperative": 0.42556139026154693, "car_lcLookaheadLeft": 78.65381804947772, "car_lcPushy": 0.056141039661915304, "car_lcSigma": 0.8352716024899659, "car_lcSpeedGainRight": 0.9612500841107385, "car_lcSublane": 0.3950968688899732, "car_sigma": 0.30008104592535645, "car_tau_mean": 0.7803627533211726, "car_tau_std": 9.046310029362429, "car_v_mean": 13.922466840859812, "car_v_std": 10.61394876952279}, "datetime": {"datetime": "2024-08-08 12:03:04", "elapsed": 194.386089, "delta": 3.886644}}
