{"target": -0.053913117212473195, "params": {"bus_acc": 2.6315, "bus_dcc": 1.9506, "bus_lcAssertive": 60.0832, "bus_lcCooperative": 0.0838, "bus_lcLookaheadLeft": 58.1316, "bus_lcPushy": 0.7365, "bus_lcSublane": 0.236, "bus_tau_mean": 2.294, "bus_tau_std": 3.2727, "bus_v_mean": 13.9775, "bus_v_std": 7.9047, "car_acc": 2.1236, "car_dcc": 2.0804, "car_lcAssertive": 65.6544, "car_lcCooperative": 0.5194, "car_lcLookaheadLeft": 62.1024, "car_lcPushy": 0.0664, "car_lcSublane": 0.2069, "car_tau_mean": 3.3902, "car_tau_std": 4.2559, "car_v_mean": 11.9565, "car_v_std": 3.2139}, "datetime": {"datetime": "2024-08-05 18:29:12", "elapsed": 404.603774, "delta": 1.666359}}
{"target": -0.0593541869730358, "params": {"bus_acc": 1.0913, "bus_dcc": 3.6493, "bus_lcAssertive": 91.0132, "bus_lcCooperative": 0.303, "bus_lcLookaheadLeft": 37.3139, "bus_lcPushy": 0.1406, "bus_lcSublane": 0.5322, "bus_tau_mean": 3.6081, "bus_tau_std": 4.58, "bus_v_mean": 13.4746, "bus_v_std": 8.2877, "car_acc": 2.1978, "car_dcc": 3.1581, "car_lcAssertive": 52.5575, "car_lcCooperative": 0.3779, "car_lcLookaheadLeft": 77.2635, "car_lcPushy": 0.2719, "car_lcSublane": 0.3589, "car_tau_mean": 1.0794, "car_tau_std": 9.9384, "car_v_mean": 12.4421, "car_v_std": 4.1267}, "datetime": {"datetime": "2024-08-05 18:29:14", "elapsed": 406.062075, "delta": 1.458301}}
{"target": -0.059800441046152744, "params": {"bus_acc": 1.6687, "bus_dcc": 1.9793, "bus_lcAssertive": 49.4693, "bus_lcCooperative": 0.6692, "bus_lcLookaheadLeft": 45.6197, "bus_lcPushy": 0.9514, "bus_lcSublane": 0.7809, "bus_tau_mean": 2.993, "bus_tau_std": 4.71, "bus_v_mean": 14.1558, "bus_v_std": 7.2534, "car_acc": 2.4551, "car_dcc": 1.3986, "car_lcAssertive": 92.6386, "car_lcCooperative": 0.2122, "car_lcLookaheadLeft": 73.9882, "car_lcPushy": 0.6924, "car_lcSublane": 0.8281, "car_tau_mean": 2.1212, "car_tau_std": 1.3497, "car_v_mean": 15.7527, "car_v_std": 9.3934}, "datetime": {"datetime": "2024-08-05 18:29:16", "elapsed": 407.832613, "delta": 1.770538}}
{"target": -0.04860473280158815, "params": {"bus_acc": 2.1532, "bus_dcc": 2.6583, "bus_lcAssertive": 66.4948, "bus_lcCooperative": 0.7631, "bus_lcLookaheadLeft": 57.5857, "bus_lcPushy": 0.9096, "bus_lcSublane": 0.291, "bus_tau_mean": 2.5015, "bus_tau_std": 3.4394, "bus_v_mean": 21.9496, "bus_v_std": 5.6174, "car_acc": 1.4134, "car_dcc": 1.9386, "car_lcAssertive": 66.1796, "car_lcCooperative": 0.4688, "car_lcLookaheadLeft": 12.0941, "car_lcPushy": 0.6176, "car_lcSublane": 0.6767, "car_tau_mean": 3.1403, "car_tau_std": 6.2574, "car_v_mean": 11.2267, "car_v_std": 5.4186}, "datetime": {"datetime": "2024-08-05 18:29:17", "elapsed": 409.351512, "delta": 1.518899}}
{"target": -0.057412477768719876, "params": {"bus_acc": 2.1441, "bus_dcc": 3.1958, "bus_lcAssertive": 58.7694, "bus_lcCooperative": 0.3994, "bus_lcLookaheadLeft": 61.1682, "bus_lcPushy": 0.3058, "bus_lcSublane": 0.9987, "bus_tau_mean": 0.6858, "bus_tau_std": 1.8419, "bus_v_mean": 9.8858, "bus_v_std": 8.2011, "car_acc": 1.6872, "car_dcc": 1.2556, "car_lcAssertive": 36.2488, "car_lcCooperative": 0.3979, "car_lcLookaheadLeft": 53.2016, "car_lcPushy": 0.8623, "car_lcSublane": 0.4917, "car_tau_mean": 2.8024, "car_tau_std": 8.4993, "car_v_mean": 19.0564, "car_v_std": 7.7156}, "datetime": {"datetime": "2024-08-05 18:29:18", "elapsed": 410.729494, "delta": 1.377982}}
{"target": -0.07402605000379953, "params": {"bus_acc": 1.9412, "bus_dcc": 3.0784, "bus_lcAssertive": 38.9937, "bus_lcCooperative": 0.5172, "bus_lcLookaheadLeft": 70.1596, "bus_lcPushy": 0.3897, "bus_lcSublane": 0.6392, "bus_tau_mean": 3.3498, "bus_tau_std": 1.1931, "bus_v_mean": 19.2322, "bus_v_std": 5.9196, "car_acc": 2.9302, "car_dcc": 3.2729, "car_lcAssertive": 20.7424, "car_lcCooperative": 0.4702, "car_lcLookaheadLeft": 84.7579, "car_lcPushy": 0.45, "car_lcSublane": 0.7564, "car_tau_mean": 0.5114, "car_tau_std": 1.4309, "car_v_mean": 19.4486, "car_v_std": 2.1845}, "datetime": {"datetime": "2024-08-05 18:29:20", "elapsed": 412.152066, "delta": 1.422572}}
{"target": -0.06309508396081277, "params": {"bus_acc": 1.6687, "bus_dcc": 1.77, "bus_lcAssertive": 12.9754, "bus_lcCooperative": 0.0143, "bus_lcLookaheadLeft": 74.6464, "bus_lcPushy": 0.1028, "bus_lcSublane": 0.31, "bus_tau_mean": 0.552, "bus_tau_std": 4.6726, "bus_v_mean": 15.5956, "bus_v_std": 3.7052, "car_acc": 1.1119, "car_dcc": 1.1364, "car_lcAssertive": 85.9953, "car_lcCooperative": 0.1536, "car_lcLookaheadLeft": 91.8214, "car_lcPushy": 0.1911, "car_lcSublane": 0.7781, "car_tau_mean": 2.6953, "car_tau_std": 7.9863, "car_v_mean": 20.5653, "car_v_std": 7.1663}, "datetime": {"datetime": "2024-08-05 18:29:23", "elapsed": 414.770744, "delta": 2.618678}}
{"target": -0.054835565444771826, "params": {"bus_acc": 1.1112, "bus_dcc": 3.1986, "bus_lcAssertive": 80.6316, "bus_lcCooperative": 0.517, "bus_lcLookaheadLeft": 15.4807, "bus_lcPushy": 0.6919, "bus_lcSublane": 0.2583, "bus_tau_mean": 3.4336, "bus_tau_std": 2.1395, "bus_v_mean": 9.0487, "bus_v_std": 2.4255, "car_acc": 1.2927, "car_dcc": 1.6095, "car_lcAssertive": 84.9114, "car_lcCooperative": 0.5332, "car_lcLookaheadLeft": 90.3526, "car_lcPushy": 0.9347, "car_lcSublane": 0.4653, "car_tau_mean": 2.4657, "car_tau_std": 3.8361, "car_v_mean": 17.7349, "car_v_std": 6.5551}, "datetime": {"datetime": "2024-08-05 18:29:24", "elapsed": 416.454016, "delta": 1.683272}}
{"target": -0.04930474258017444, "params": {"bus_acc": 2.2398, "bus_dcc": 1.6957, "bus_lcAssertive": 59.2841, "bus_lcCooperative": 0.2779, "bus_lcLookaheadLeft": 52.4805, "bus_lcPushy": 0.9837, "bus_lcSublane": 0.0264, "bus_tau_mean": 2.3983, "bus_tau_std": 9.4592, "bus_v_mean": 8.3986, "bus_v_std": 2.5198, "car_acc": 1.9881, "car_dcc": 1.1863, "car_lcAssertive": 16.8787, "car_lcCooperative": 0.8722, "car_lcLookaheadLeft": 91.7513, "car_lcPushy": 0.0572, "car_lcSublane": 0.6104, "car_tau_mean": 1.0118, "car_tau_std": 4.1234, "car_v_mean": 12.0042, "car_v_std": 4.09}, "datetime": {"datetime": "2024-08-05 18:29:26", "elapsed": 417.817092, "delta": 1.363076}}
{"target": -0.04945447941371524, "params": {"bus_acc": 1.334, "bus_dcc": 2.418, "bus_lcAssertive": 38.7418, "bus_lcCooperative": 0.1163, "bus_lcLookaheadLeft": 52.1135, "bus_lcPushy": 0.9473, "bus_lcSublane": 0.6453, "bus_tau_mean": 1.7287, "bus_tau_std": 8.6332, "bus_v_mean": 8.6055, "bus_v_std": 3.5126, "car_acc": 1.3657, "car_dcc": 2.3737, "car_lcAssertive": 72.3917, "car_lcCooperative": 0.6803, "car_lcLookaheadLeft": 38.7437, "car_lcPushy": 0.9254, "car_lcSublane": 0.5622, "car_tau_mean": 2.0138, "car_tau_std": 4.6934, "car_v_mean": 10.3955, "car_v_std": 4.392}, "datetime": {"datetime": "2024-08-05 18:29:28", "elapsed": 420.107966, "delta": 2.290874}}
{"target": -0.04959309121130129, "params": {"bus_acc": 1.4819, "bus_dcc": 2.8966, "bus_lcAssertive": 71.3649, "bus_lcCooperative": 0.7441, "bus_lcLookaheadLeft": 40.2477, "bus_lcPushy": 0.7615, "bus_lcSublane": 0.9047, "bus_tau_mean": 2.5577, "bus_tau_std": 0.9058, "bus_v_mean": 10.0653, "bus_v_std": 1.0543, "car_acc": 1.3472, "car_dcc": 1.381, "car_lcAssertive": 78.0535, "car_lcCooperative": 0.0411, "car_lcLookaheadLeft": 25.6744, "car_lcPushy": 0.8808, "car_lcSublane": 0.9752, "car_tau_mean": 2.6207, "car_tau_std": 9.7641, "car_v_mean": 8.6969, "car_v_std": 9.4875}, "datetime": {"datetime": "2024-08-05 18:29:31", "elapsed": 423.101514, "delta": 2.993548}}
{"target": -0.06938416966917223, "params": {"bus_acc": 1.5614, "bus_dcc": 3.7591, "bus_lcAssertive": 40.3851, "bus_lcCooperative": 0.857, "bus_lcLookaheadLeft": 46.0538, "bus_lcPushy": 0.6806, "bus_lcSublane": 0.3965, "bus_tau_mean": 1.4202, "bus_tau_std": 8.3946, "bus_v_mean": 14.6084, "bus_v_std": 6.5439, "car_acc": 2.3763, "car_dcc": 3.364, "car_lcAssertive": 17.2403, "car_lcCooperative": 0.395, "car_lcLookaheadLeft": 78.769, "car_lcPushy": 0.774, "car_lcSublane": 0.9962, "car_tau_mean": 3.314, "car_tau_std": 5.3766, "car_v_mean": 17.8891, "car_v_std": 0.5235}, "datetime": {"datetime": "2024-08-05 18:29:33", "elapsed": 425.116568, "delta": 2.015054}}
{"target": -0.06178528998745148, "params": {"bus_acc": 2.3022, "bus_dcc": 3.1946, "bus_lcAssertive": 30.2276, "bus_lcCooperative": 0.6947, "bus_lcLookaheadLeft": 2.5318, "bus_lcPushy": 0.4734, "bus_lcSublane": 0.7299, "bus_tau_mean": 0.9186, "bus_tau_std": 9.4198, "bus_v_mean": 14.353, "bus_v_std": 8.2216, "car_acc": 1.9622, "car_dcc": 1.1288, "car_lcAssertive": 43.6893, "car_lcCooperative": 0.211, "car_lcLookaheadLeft": 91.9523, "car_lcPushy": 0.2696, "car_lcSublane": 0.1176, "car_tau_mean": 1.1939, "car_tau_std": 9.7118, "car_v_mean": 16.0155, "car_v_std": 3.0033}, "datetime": {"datetime": "2024-08-05 18:29:34", "elapsed": 426.625773, "delta": 1.509205}}
{"target": -0.059277478155944856, "params": {"bus_acc": 2.8941, "bus_dcc": 1.6615, "bus_lcAssertive": 73.4986, "bus_lcCooperative": 0.0982, "bus_lcLookaheadLeft": 81.9012, "bus_lcPushy": 0.7781, "bus_lcSublane": 0.6397, "bus_tau_mean": 3.6159, "bus_tau_std": 4.1226, "bus_v_mean": 14.8191, "bus_v_std": 2.5534, "car_acc": 1.0143, "car_dcc": 1.5345, "car_lcAssertive": 6.6282, "car_lcCooperative": 0.8756, "car_lcLookaheadLeft": 61.6272, "car_lcPushy": 0.8866, "car_lcSublane": 0.1305, "car_tau_mean": 0.8046, "car_tau_std": 4.1612, "car_v_mean": 21.6626, "car_v_std": 5.5948}, "datetime": {"datetime": "2024-08-05 18:29:37", "elapsed": 428.748001, "delta": 2.122228}}
{"target": -0.06418297660763905, "params": {"bus_acc": 1.9495, "bus_dcc": 2.5426, "bus_lcAssertive": 45.9935, "bus_lcCooperative": 0.7424, "bus_lcLookaheadLeft": 41.618, "bus_lcPushy": 0.0905, "bus_lcSublane": 0.6918, "bus_tau_mean": 3.4333, "bus_tau_std": 6.5588, "bus_v_mean": 18.3742, "bus_v_std": 4.672, "car_acc": 1.4984, "car_dcc": 3.221, "car_lcAssertive": 17.4066, "car_lcCooperative": 0.5728, "car_lcLookaheadLeft": 81.8943, "car_lcPushy": 0.6523, "car_lcSublane": 0.8617, "car_tau_mean": 3.1766, "car_tau_std": 0.1632, "car_v_mean": 23.3438, "car_v_std": 7.241}, "datetime": {"datetime": "2024-08-05 18:29:39", "elapsed": 431.479676, "delta": 2.731675}}
{"target": -0.06335403891454193, "params": {"bus_acc": 2.1423, "bus_dcc": 3.3103, "bus_lcAssertive": 62.1449, "bus_lcCooperative": 0.1449, "bus_lcLookaheadLeft": 60.1381, "bus_lcPushy": 0.852, "bus_lcSublane": 0.0586, "bus_tau_mean": 1.0854, "bus_tau_std": 3.9594, "bus_v_mean": 15.9082, "bus_v_std": 5.5961, "car_acc": 2.7071, "car_dcc": 2.986, "car_lcAssertive": 51.7839, "car_lcCooperative": 0.2275, "car_lcLookaheadLeft": 8.4512, "car_lcPushy": 0.2041, "car_lcSublane": 0.5062, "car_tau_mean": 2.5677, "car_tau_std": 7.0102, "car_v_mean": 11.8763, "car_v_std": 0.5969}, "datetime": {"datetime": "2024-08-05 18:29:41", "elapsed": 433.608708, "delta": 2.129032}}
{"target": -0.05105106157291609, "params": {"bus_acc": 2.628, "bus_dcc": 2.8722, "bus_lcAssertive": 70.3122, "bus_lcCooperative": 0.0099, "bus_lcLookaheadLeft": 85.8259, "bus_lcPushy": 0.5262, "bus_lcSublane": 0.1516, "bus_tau_mean": 3.4246, "bus_tau_std": 1.2915, "bus_v_mean": 20.4968, "bus_v_std": 9.0219, "car_acc": 2.2659, "car_dcc": 3.6969, "car_lcAssertive": 20.0892, "car_lcCooperative": 0.4177, "car_lcLookaheadLeft": 3.79, "car_lcPushy": 0.6549, "car_lcSublane": 0.6796, "car_tau_mean": 0.7197, "car_tau_std": 5.0049, "car_v_mean": 12.3663, "car_v_std": 0.11}, "datetime": {"datetime": "2024-08-05 18:29:45", "elapsed": 436.939087, "delta": 3.330379}}
{"target": -0.04759592811715697, "params": {"bus_acc": 2.9068, "bus_dcc": 3.729, "bus_lcAssertive": 17.422, "bus_lcCooperative": 0.3281, "bus_lcLookaheadLeft": 28.8555, "bus_lcPushy": 0.761, "bus_lcSublane": 0.6154, "bus_tau_mean": 3.2564, "bus_tau_std": 6.9687, "bus_v_mean": 18.3335, "bus_v_std": 5.0124, "car_acc": 1.0425, "car_dcc": 1.5297, "car_lcAssertive": 62.7475, "car_lcCooperative": 0.5969, "car_lcLookaheadLeft": 68.8721, "car_lcPushy": 0.8374, "car_lcSublane": 0.0423, "car_tau_mean": 3.2278, "car_tau_std": 9.8382, "car_v_mean": 9.3913, "car_v_std": 3.4831}, "datetime": {"datetime": "2024-08-05 18:29:46", "elapsed": 438.448417, "delta": 1.50933}}
{"target": -0.05194223371295461, "params": {"bus_acc": 2.7101, "bus_dcc": 3.1897, "bus_lcAssertive": 5.8017, "bus_lcCooperative": 0.8531, "bus_lcLookaheadLeft": 84.4833, "bus_lcPushy": 0.8199, "bus_lcSublane": 0.0214, "bus_tau_mean": 2.3953, "bus_tau_std": 5.002, "bus_v_mean": 20.2607, "bus_v_std": 9.9787, "car_acc": 2.9838, "car_dcc": 1.6587, "car_lcAssertive": 35.9042, "car_lcCooperative": 0.9006, "car_lcLookaheadLeft": 46.2199, "car_lcPushy": 0.1745, "car_lcSublane": 0.683, "car_tau_mean": 3.3086, "car_tau_std": 7.015, "car_v_mean": 8.4368, "car_v_std": 9.2356}, "datetime": {"datetime": "2024-08-05 18:29:49", "elapsed": 440.895729, "delta": 2.447312}}
{"target": -0.048689895745608634, "params": {"bus_acc": 2.2427, "bus_dcc": 3.5846, "bus_lcAssertive": 37.3522, "bus_lcCooperative": 0.8108, "bus_lcLookaheadLeft": 61.5012, "bus_lcPushy": 0.1719, "bus_lcSublane": 0.5521, "bus_tau_mean": 2.5352, "bus_tau_std": 3.6653, "bus_v_mean": 8.1724, "bus_v_std": 4.4253, "car_acc": 2.8189, "car_dcc": 1.2591, "car_lcAssertive": 3.4389, "car_lcCooperative": 0.873, "car_lcLookaheadLeft": 73.2672, "car_lcPushy": 0.1267, "car_lcSublane": 0.4002, "car_tau_mean": 2.1315, "car_tau_std": 2.0057, "car_v_mean": 8.1096, "car_v_std": 5.3554}, "datetime": {"datetime": "2024-08-05 18:29:50", "elapsed": 442.715917, "delta": 1.820188}}
{"target": -0.05715477783975452, "params": {"bus_acc": 1.8346, "bus_dcc": 2.5971, "bus_lcAssertive": 68.2445, "bus_lcCooperative": 0.5153, "bus_lcLookaheadLeft": 31.3154, "bus_lcPushy": 0.1078, "bus_lcSublane": 0.2873, "bus_tau_mean": 3.1934, "bus_tau_std": 6.4102, "bus_v_mean": 20.8237, "bus_v_std": 5.1736, "car_acc": 1.4666, "car_dcc": 2.8863, "car_lcAssertive": 31.0989, "car_lcCooperative": 0.0319, "car_lcLookaheadLeft": 90.5288, "car_lcPushy": 0.4228, "car_lcSublane": 0.4285, "car_tau_mean": 3.0968, "car_tau_std": 9.487, "car_v_mean": 9.1626, "car_v_std": 1.7294}, "datetime": {"datetime": "2024-08-05 18:29:53", "elapsed": 444.924385, "delta": 2.208468}}
{"target": -0.06067967324470243, "params": {"bus_acc": 2.9759, "bus_dcc": 1.8544, "bus_lcAssertive": 51.9407, "bus_lcCooperative": 0.7826, "bus_lcLookaheadLeft": 35.6991, "bus_lcPushy": 0.0024, "bus_lcSublane": 0.9729, "bus_tau_mean": 2.3901, "bus_tau_std": 2.4255, "bus_v_mean": 21.4643, "bus_v_std": 8.9939, "car_acc": 1.794, "car_dcc": 1.3158, "car_lcAssertive": 33.2793, "car_lcCooperative": 0.5473, "car_lcLookaheadLeft": 23.0873, "car_lcPushy": 0.5908, "car_lcSublane": 0.8539, "car_tau_mean": 1.222, "car_tau_std": 4.9358, "car_v_mean": 16.0973, "car_v_std": 3.6594}, "datetime": {"datetime": "2024-08-05 18:29:54", "elapsed": 446.458139, "delta": 1.533754}}
{"target": -0.04423536239509555, "params": {"bus_acc": 2.1245, "bus_dcc": 2.0758, "bus_lcAssertive": 61.6997, "bus_lcCooperative": 0.9373, "bus_lcLookaheadLeft": 60.4966, "bus_lcPushy": 0.9811, "bus_lcSublane": 0.4425, "bus_tau_mean": 3.0902, "bus_tau_std": 0.3776, "bus_v_mean": 20.2372, "bus_v_std": 5.1844, "car_acc": 1.0122, "car_dcc": 1.8331, "car_lcAssertive": 53.9499, "car_lcCooperative": 0.7695, "car_lcLookaheadLeft": 7.2046, "car_lcPushy": 0.5506, "car_lcSublane": 0.8025, "car_tau_mean": 2.7751, "car_tau_std": 9.316, "car_v_mean": 9.1972, "car_v_std": 2.7696}, "datetime": {"datetime": "2024-08-05 18:29:57", "elapsed": 449.107754, "delta": 2.649615}}
{"target": -0.07388791619935448, "params": {"bus_acc": 1.4274, "bus_dcc": 1.0485, "bus_lcAssertive": 11.1205, "bus_lcCooperative": 0.9241, "bus_lcLookaheadLeft": 95.577, "bus_lcPushy": 0.8131, "bus_lcSublane": 0.908, "bus_tau_mean": 1.2362, "bus_tau_std": 5.705, "bus_v_mean": 20.9845, "bus_v_std": 2.604, "car_acc": 1.7933, "car_dcc": 1.2985, "car_lcAssertive": 49.2925, "car_lcCooperative": 0.5414, "car_lcLookaheadLeft": 23.6606, "car_lcPushy": 0.6291, "car_lcSublane": 0.6745, "car_tau_mean": 0.5117, "car_tau_std": 2.4672, "car_v_mean": 21.4879, "car_v_std": 5.4969}, "datetime": {"datetime": "2024-08-05 18:29:58", "elapsed": 450.368942, "delta": 1.261188}}
{"target": -0.050306000700480066, "params": {"bus_acc": 1.177, "bus_dcc": 1.9456, "bus_lcAssertive": 35.9519, "bus_lcCooperative": 0.3301, "bus_lcLookaheadLeft": 31.4676, "bus_lcPushy": 0.9196, "bus_lcSublane": 0.9982, "bus_tau_mean": 0.5921, "bus_tau_std": 1.0897, "bus_v_mean": 17.5966, "bus_v_std": 5.647, "car_acc": 1.3562, "car_dcc": 1.9046, "car_lcAssertive": 2.5535, "car_lcCooperative": 0.4837, "car_lcLookaheadLeft": 65.3568, "car_lcPushy": 0.8105, "car_lcSublane": 0.3697, "car_tau_mean": 1.3971, "car_tau_std": 9.7765, "car_v_mean": 13.24, "car_v_std": 5.3999}, "datetime": {"datetime": "2024-08-05 18:30:00", "elapsed": 451.9583, "delta": 1.589358}}
{"target": -0.06381218487868982, "params": {"bus_acc": 1.7373, "bus_dcc": 3.002, "bus_lcAssertive": 71.516, "bus_lcCooperative": 0.7686, "bus_lcLookaheadLeft": 36.6287, "bus_lcPushy": 0.066, "bus_lcSublane": 0.8417, "bus_tau_mean": 1.4446, "bus_tau_std": 6.0248, "bus_v_mean": 12.1108, "bus_v_std": 8.9394, "car_acc": 2.2072, "car_dcc": 2.1553, "car_lcAssertive": 45.0408, "car_lcCooperative": 0.5226, "car_lcLookaheadLeft": 78.1006, "car_lcPushy": 0.8408, "car_lcSublane": 0.8862, "car_tau_mean": 2.6189, "car_tau_std": 2.9715, "car_v_mean": 12.3415, "car_v_std": 7.637}, "datetime": {"datetime": "2024-08-05 18:30:04", "elapsed": 456.432238, "delta": 4.473938}}
{"target": -0.0510239273923802, "params": {"bus_acc": 1.7327, "bus_dcc": 1.8271, "bus_lcAssertive": 66.1756, "bus_lcCooperative": 0.1172, "bus_lcLookaheadLeft": 28.4721, "bus_lcPushy": 0.605, "bus_lcSublane": 0.0999, "bus_tau_mean": 1.538, "bus_tau_std": 8.64, "bus_v_mean": 21.415, "bus_v_std": 5.7317, "car_acc": 2.3884, "car_dcc": 1.6365, "car_lcAssertive": 26.3483, "car_lcCooperative": 0.097, "car_lcLookaheadLeft": 91.0386, "car_lcPushy": 0.2149, "car_lcSublane": 0.588, "car_tau_mean": 1.4457, "car_tau_std": 5.9793, "car_v_mean": 9.0405, "car_v_std": 3.3797}, "datetime": {"datetime": "2024-08-05 18:30:06", "elapsed": 458.231491, "delta": 1.799253}}
{"target": -0.0640068396879522, "params": {"bus_acc": 1.0988, "bus_dcc": 1.7863, "bus_lcAssertive": 6.8811, "bus_lcCooperative": 0.4337, "bus_lcLookaheadLeft": 72.8531, "bus_lcPushy": 0.7961, "bus_lcSublane": 0.6813, "bus_tau_mean": 2.1402, "bus_tau_std": 8.1345, "bus_v_mean": 15.5193, "bus_v_std": 1.8372, "car_acc": 2.0196, "car_dcc": 3.3949, "car_lcAssertive": 80.8456, "car_lcCooperative": 0.9221, "car_lcLookaheadLeft": 91.606, "car_lcPushy": 0.5698, "car_lcSublane": 0.3917, "car_tau_mean": 2.5547, "car_tau_std": 8.8317, "car_v_mean": 11.4638, "car_v_std": 1.4601}, "datetime": {"datetime": "2024-08-05 18:30:07", "elapsed": 459.477594, "delta": 1.246103}}
{"target": -0.05801918007358659, "params": {"bus_acc": 1.9273, "bus_dcc": 1.0591, "bus_lcAssertive": 40.3697, "bus_lcCooperative": 0.5033, "bus_lcLookaheadLeft": 39.3356, "bus_lcPushy": 0.1356, "bus_lcSublane": 0.0105, "bus_tau_mean": 2.4575, "bus_tau_std": 3.7774, "bus_v_mean": 14.174, "bus_v_std": 5.9718, "car_acc": 2.7279, "car_dcc": 1.994, "car_lcAssertive": 20.6376, "car_lcCooperative": 0.4032, "car_lcLookaheadLeft": 78.5414, "car_lcPushy": 0.1031, "car_lcSublane": 0.3459, "car_tau_mean": 1.9792, "car_tau_std": 2.6541, "car_v_mean": 20.7245, "car_v_std": 6.0584}, "datetime": {"datetime": "2024-08-05 18:30:09", "elapsed": 461.242951, "delta": 1.765357}}
{"target": -0.06709643630294024, "params": {"bus_acc": 2.7125, "bus_dcc": 2.945, "bus_lcAssertive": 87.5073, "bus_lcCooperative": 0.0301, "bus_lcLookaheadLeft": 29.4712, "bus_lcPushy": 0.4228, "bus_lcSublane": 0.1822, "bus_tau_mean": 1.6127, "bus_tau_std": 5.9097, "bus_v_mean": 10.0859, "bus_v_std": 0.1458, "car_acc": 2.0309, "car_dcc": 2.114, "car_lcAssertive": 41.2548, "car_lcCooperative": 0.5135, "car_lcLookaheadLeft": 38.8933, "car_lcPushy": 0.0944, "car_lcSublane": 0.7103, "car_tau_mean": 3.7231, "car_tau_std": 8.6656, "car_v_mean": 19.4928, "car_v_std": 4.1976}, "datetime": {"datetime": "2024-08-05 18:30:12", "elapsed": 464.083413, "delta": 2.840462}}
{"target": -0.053293611774562315, "params": {"bus_acc": 1.1115, "bus_dcc": 1.7674, "bus_lcAssertive": 58.5504, "bus_lcCooperative": 0.1238, "bus_lcLookaheadLeft": 42.2388, "bus_lcPushy": 0.5351, "bus_lcSublane": 0.1548, "bus_tau_mean": 0.5554, "bus_tau_std": 4.9982, "bus_v_mean": 15.2687, "bus_v_std": 0.7368, "car_acc": 2.3162, "car_dcc": 1.4275, "car_lcAssertive": 38.2915, "car_lcCooperative": 0.0351, "car_lcLookaheadLeft": 20.0162, "car_lcPushy": 0.3511, "car_lcSublane": 0.3363, "car_tau_mean": 1.3544, "car_tau_std": 9.4545, "car_v_mean": 10.6207, "car_v_std": 8.8874}, "datetime": {"datetime": "2024-08-05 18:30:14", "elapsed": 465.955814, "delta": 1.872401}}
{"target": -0.0674786938376781, "params": {"bus_acc": 1.4727, "bus_dcc": 2.5657, "bus_lcAssertive": 56.612, "bus_lcCooperative": 0.6243, "bus_lcLookaheadLeft": 13.6495, "bus_lcPushy": 0.4353, "bus_lcSublane": 0.0816, "bus_tau_mean": 2.7092, "bus_tau_std": 6.3106, "bus_v_mean": 20.2233, "bus_v_std": 2.7853, "car_acc": 1.9168, "car_dcc": 2.4574, "car_lcAssertive": 37.2711, "car_lcCooperative": 0.0929, "car_lcLookaheadLeft": 81.4378, "car_lcPushy": 0.218, "car_lcSublane": 0.1516, "car_tau_mean": 3.2642, "car_tau_std": 3.9683, "car_v_mean": 13.3902, "car_v_std": 4.228}, "datetime": {"datetime": "2024-08-05 18:30:26", "elapsed": 477.87178, "delta": 11.915966}}
{"target": -0.06823374660424156, "params": {"bus_acc": 2.7669, "bus_dcc": 1.4286, "bus_lcAssertive": 57.7863, "bus_lcCooperative": 0.896, "bus_lcLookaheadLeft": 20.2976, "bus_lcPushy": 0.6369, "bus_lcSublane": 0.4089, "bus_tau_mean": 0.9504, "bus_tau_std": 3.5792, "bus_v_mean": 9.1509, "bus_v_std": 8.8563, "car_acc": 2.2085, "car_dcc": 2.5585, "car_lcAssertive": 62.4599, "car_lcCooperative": 0.8295, "car_lcLookaheadLeft": 99.7356, "car_lcPushy": 0.7596, "car_lcSublane": 0.6344, "car_tau_mean": 0.704, "car_tau_std": 2.6304, "car_v_mean": 16.097, "car_v_std": 1.2126}, "datetime": {"datetime": "2024-08-05 18:30:27", "elapsed": 479.419904, "delta": 1.548124}}
