{"target": -0.8060214611742617, "params": {"bus_acc": 4.817579327394274, "bus_dcc": 3.6494639662060795, "bus_lcAssertive": 33.19657715681397, "bus_lcCooperative": 0.9106338892935747, "bus_lcLookaheadLeft": 48.95915802295722, "bus_lcPushy": 0.2020687207866142, "bus_lcSigma": 0.27144940811841056, "bus_lcSpeedGainRight": 1.2049095819583604, "bus_lcSublane": 0.05557545631473737, "bus_sigma": 0.43713611124302, "bus_tau_mean": 3.6660401063330412, "bus_tau_std": 5.2575746417926315, "bus_v_mean": 16.7273035664885, "bus_v_std": 4.539992203310723, "car_acc": 1.1856033189646364, "car_dcc": 1.3774240683936294, "car_lcAssertive": 22.297443588352753, "car_lcCooperative": 0.8733934154093561, "car_lcLookaheadLeft": 98.85620375904838, "car_lcPushy": 0.017766248571012166, "car_lcSigma": 0.44330995524008576, "car_lcSpeedGainRight": 1.8459864539273725, "car_lcSublane": 0.5364635635120685, "car_sigma": 0.6165228186390816, "car_tau_mean": 1.8859991642028981, "car_tau_std": 1.8386406418744683, "car_v_mean": 17.364387933127453, "car_v_std": 0.6659353927292422}, "datetime": {"datetime": "2024-08-08 17:23:34", "elapsed": 0.0, "delta": 0.0}}
{"target": -0.604602749002069, "params": {"bus_acc": 2.036872502602948, "bus_dcc": 1.9804920545991254, "bus_lcAssertive": 25.696758463437387, "bus_lcCooperative": 0.21926791032506077, "bus_lcLookaheadLeft": 80.3667620774342, "bus_lcPushy": 0.5023950058982584, "bus_lcSigma": 0.08318988869699773, "bus_lcSpeedGainRight": 3.8849209601369017, "bus_lcSublane": 0.5336490760837309, "bus_sigma": 0.739387787346382, "bus_tau_mean": 2.303877926000925, "bus_tau_std": 3.9994592398513173, "bus_v_mean": 23.77994851898072, "bus_v_std": 0.5648524032582536, "car_acc": 4.731055631859434, "car_dcc": 3.792564903279904, "car_lcAssertive": 39.70095243864435, "car_lcCooperative": 0.2144648711333198, "car_lcLookaheadLeft": 62.68290319745742, "car_lcPushy": 0.17797233547016944, "car_lcSigma": 0.8032081943280084, "car_lcSpeedGainRight": 1.2696692793886761, "car_lcSublane": 0.2908061550326779, "car_sigma": 0.915915790009957, "car_tau_mean": 3.6602089171604315, "car_tau_std": 5.3538089173052175, "car_v_mean": 21.80542368925785, "car_v_std": 7.050651376101236}, "datetime": {"datetime": "2024-08-08 17:23:39", "elapsed": 4.695274, "delta": 4.695274}}
{"target": -0.7077465330265708, "params": {"bus_acc": 1.4374706220274147, "bus_dcc": 1.5206279405275045, "bus_lcAssertive": 58.11907672232824, "bus_lcCooperative": 0.25165697350014493, "bus_lcLookaheadLeft": 31.416839657132748, "bus_lcPushy": 0.17098734894301837, "bus_lcSigma": 0.18959171907276484, "bus_lcSpeedGainRight": 2.317105771952257, "bus_lcSublane": 0.5098739726284359, "bus_sigma": 0.5115798896647326, "bus_tau_mean": 3.989985797784223, "bus_tau_std": 1.295958172701398, "bus_v_mean": 20.098718214203764, "bus_v_std": 15.875134944497852, "car_acc": 3.3395303950820825, "car_dcc": 2.388214540807976, "car_lcAssertive": 89.44923709767765, "car_lcCooperative": 0.8281802190731247, "car_lcLookaheadLeft": 6.928511730812964, "car_lcPushy": 0.962983753087854, "car_lcSigma": 0.007339891753643801, "car_lcSpeedGainRight": 2.8656610234197095, "car_lcSublane": 0.5724308169270726, "car_sigma": 0.8343796647905168, "car_tau_mean": 1.8465062377388146, "car_tau_std": 0.9104086904598219, "car_v_mean": 17.306996309902797, "car_v_std": 0.4969172072746253}, "datetime": {"datetime": "2024-08-08 17:23:56", "elapsed": 21.194523, "delta": 16.499249}}
{"target": -0.507636398859112, "params": {"bus_acc": 2.6344339847084997, "bus_dcc": 1.5307126670812825, "bus_lcAssertive": 40.36755689486291, "bus_lcCooperative": 0.48521265373011824, "bus_lcLookaheadLeft": 99.07729007128228, "bus_lcPushy": 0.28419507592058557, "bus_lcSigma": 0.16563967647923183, "bus_lcSpeedGainRight": 1.1028775675772207, "bus_lcSublane": 0.21146734435685288, "bus_sigma": 0.07604769057476157, "bus_tau_mean": 1.7771769444820875, "bus_tau_std": 2.8473402479064247, "bus_v_mean": 22.20142067429409, "bus_v_std": 15.605192199128378, "car_acc": 1.436259827389383, "car_dcc": 3.551510486102228, "car_lcAssertive": 11.8502620840065, "car_lcCooperative": 0.7202077467752445, "car_lcLookaheadLeft": 58.13678119626764, "car_lcPushy": 0.08680838426747961, "car_lcSigma": 0.9053280360773668, "car_lcSpeedGainRight": 4.372832574426883, "car_lcSublane": 0.8438517313619269, "car_sigma": 0.3695673551173151, "car_tau_mean": 1.2803299433140876, "car_tau_std": 9.971116548587963, "car_v_mean": 21.077413847672062, "car_v_std": 0.8425632125621263}, "datetime": {"datetime": "2024-08-08 17:24:01", "elapsed": 27.072222, "delta": 5.877699}}
{"target": -0.5353556941174095, "params": {"bus_acc": 2.513980717007349, "bus_dcc": 2.5140392516213854, "bus_lcAssertive": 47.794749227909655, "bus_lcCooperative": 0.2858682626866563, "bus_lcLookaheadLeft": 87.50367008628324, "bus_lcPushy": 0.047160228234060075, "bus_lcSigma": 0.3643106572746351, "bus_lcSpeedGainRight": 3.870177072493228, "bus_lcSublane": 0.48551388156354014, "bus_sigma": 0.7862791636413168, "bus_tau_mean": 2.1891228213091543, "bus_tau_std": 9.894641961698872, "bus_v_mean": 22.144686737478814, "bus_v_std": 0.15463971954790212, "car_acc": 2.9002029629891513, "car_dcc": 3.5722415357347614, "car_lcAssertive": 35.00904568823607, "car_lcCooperative": 0.7289931289505442, "car_lcLookaheadLeft": 42.99499820923341, "car_lcPushy": 0.09576350593522287, "car_lcSigma": 0.3152558647640553, "car_lcSpeedGainRight": 1.5650830940775489, "car_lcSublane": 0.654550444357687, "car_sigma": 0.9268714390031203, "car_tau_mean": 2.9629165032957157, "car_tau_std": 3.230340480504635, "car_v_mean": 18.929913317254105, "car_v_std": 1.6820466310730575}, "datetime": {"datetime": "2024-08-08 17:24:34", "elapsed": 59.585962, "delta": 32.51374}}
{"target": -0.4503464673349154, "params": {"bus_acc": 2.221254125793227, "bus_dcc": 1.03756851065942, "bus_lcAssertive": 27.5580200844577, "bus_lcCooperative": 0.7967454755900841, "bus_lcLookaheadLeft": 93.13932271842313, "bus_lcPushy": 0.6253311549032551, "bus_lcSigma": 0.13280748458041103, "bus_lcSpeedGainRight": 3.7878517962371063, "bus_lcSublane": 0.526905346047344, "bus_sigma": 0.753869071621213, "bus_tau_mean": 3.505140960745044, "bus_tau_std": 9.475415511018243, "bus_v_mean": 18.472600553965304, "bus_v_std": 17.08516419685293, "car_acc": 3.970352230786187, "car_dcc": 3.1813035652110306, "car_lcAssertive": 86.0202848704295, "car_lcCooperative": 0.9230030407536653, "car_lcLookaheadLeft": 90.40344814943477, "car_lcPushy": 0.39575026156518067, "car_lcSigma": 0.0840212797987252, "car_lcSpeedGainRight": 4.147868592290745, "car_lcSublane": 0.5389315533076343, "car_sigma": 0.542076154739123, "car_tau_mean": 3.3881136569824686, "car_tau_std": 0.31984184375773883, "car_v_mean": 22.047366699602506, "car_v_std": 0.6926800267544064}, "datetime": {"datetime": "2024-08-08 17:24:39", "elapsed": 64.214225, "delta": 4.628263}}
{"target": -0.4842593433937458, "params": {"bus_acc": 2.236300512040412, "bus_dcc": 3.3718512637017604, "bus_lcAssertive": 91.7496080823042, "bus_lcCooperative": 0.038405508555322876, "bus_lcLookaheadLeft": 45.671615320929575, "bus_lcPushy": 0.23992916878269877, "bus_lcSigma": 0.494015440173347, "bus_lcSpeedGainRight": 3.087379039300713, "bus_lcSublane": 0.20904818743817422, "bus_sigma": 0.8744273357688803, "bus_tau_mean": 1.395620743749437, "bus_tau_std": 7.136091407943622, "bus_v_mean": 21.635679973258384, "bus_v_std": 18.648229247134765, "car_acc": 4.822917070038571, "car_dcc": 3.0406024209753846, "car_lcAssertive": 63.223449459505154, "car_lcCooperative": 0.595965643122396, "car_lcLookaheadLeft": 49.54187336534308, "car_lcPushy": 0.3604319892837857, "car_lcSigma": 0.02076531811716642, "car_lcSpeedGainRight": 3.7433622789523624, "car_lcSublane": 0.39367524636684326, "car_sigma": 0.2793384495809391, "car_tau_mean": 3.221358715994899, "car_tau_std": 6.602659093784124, "car_v_mean": 22.556746304469787, "car_v_std": 2.552292689950202}, "datetime": {"datetime": "2024-08-08 17:24:49", "elapsed": 75.05997, "delta": 10.845745}}
{"target": -0.44331581251962277, "params": {"bus_acc": 4.6827778121950665, "bus_dcc": 2.1400174103574376, "bus_lcAssertive": 38.560792455691626, "bus_lcCooperative": 0.846355875797671, "bus_lcLookaheadLeft": 49.45923439568777, "bus_lcPushy": 0.45106879426330315, "bus_lcSigma": 0.6398567153443468, "bus_lcSpeedGainRight": 1.0588564539441752, "bus_lcSublane": 0.5283006926972544, "bus_sigma": 0.6685685244157344, "bus_tau_mean": 2.385718449940167, "bus_tau_std": 7.087611375080664, "bus_v_mean": 17.576583871410207, "bus_v_std": 16.828110673995162, "car_acc": 4.516683051205767, "car_dcc": 1.2935176090981262, "car_lcAssertive": 26.60080545768562, "car_lcCooperative": 0.05465615541932234, "car_lcLookaheadLeft": 24.431403041345458, "car_lcPushy": 0.7209167071121103, "car_lcSigma": 0.07854523949262249, "car_lcSpeedGainRight": 0.7755975652501823, "car_lcSublane": 0.7707683274257636, "car_sigma": 0.44432517737277866, "car_tau_mean": 1.5154225819231244, "car_tau_std": 6.43984696272966, "car_v_mean": 22.19101447277402, "car_v_std": 0.7521088075154458}, "datetime": {"datetime": "2024-08-08 17:24:51", "elapsed": 77.011563, "delta": 1.951593}}
{"target": -0.39357029978267116, "params": {"bus_acc": 4.145837742680763, "bus_dcc": 1.083855547119385, "bus_lcAssertive": 26.2654190525853, "bus_lcCooperative": 0.2975833866405353, "bus_lcLookaheadLeft": 57.33143605609866, "bus_lcPushy": 0.5620612439865807, "bus_lcSigma": 0.8874009646023955, "bus_lcSpeedGainRight": 3.1868872002166517, "bus_lcSublane": 0.1614620303618195, "bus_sigma": 0.026994792924386446, "bus_tau_mean": 3.166938742840128, "bus_tau_std": 5.355687978168319, "bus_v_mean": 17.25806639280114, "bus_v_std": 8.2821009573272, "car_acc": 3.3592603523912095, "car_dcc": 2.216894134170028, "car_lcAssertive": 45.12354814204365, "car_lcCooperative": 0.5927396360087918, "car_lcLookaheadLeft": 50.24976203246197, "car_lcPushy": 0.059103390954872936, "car_lcSigma": 0.9767897079155617, "car_lcSpeedGainRight": 4.275688200060231, "car_lcSublane": 0.3790856278281287, "car_sigma": 0.5465248427194851, "car_tau_mean": 3.765060143238588, "car_tau_std": 3.979653417007749, "car_v_mean": 23.116363189882602, "car_v_std": 0.6097255237119326}, "datetime": {"datetime": "2024-08-08 17:24:55", "elapsed": 80.368931, "delta": 3.357368}}
{"target": -0.38628148244234844, "params": {"bus_acc": 4.891150367730621, "bus_dcc": 3.3024246065890392, "bus_lcAssertive": 82.59954612282529, "bus_lcCooperative": 0.6326158167779973, "bus_lcLookaheadLeft": 67.53581148025974, "bus_lcPushy": 0.47688233352119336, "bus_lcSigma": 0.013136356923072245, "bus_lcSpeedGainRight": 1.765030427709124, "bus_lcSublane": 0.49207180149355845, "bus_sigma": 0.7300912110901043, "bus_tau_mean": 2.1401991996113825, "bus_tau_std": 4.574049160894317, "bus_v_mean": 10.20260385512965, "bus_v_std": 0.2177746760695798, "car_acc": 4.033113041907985, "car_dcc": 1.9598585142330351, "car_lcAssertive": 98.45396156915756, "car_lcCooperative": 0.220234226159156, "car_lcLookaheadLeft": 35.19338649720461, "car_lcPushy": 0.5238961356661317, "car_lcSigma": 0.7548914570605327, "car_lcSpeedGainRight": 2.3192889195014783, "car_lcSublane": 0.12482254311167629, "car_sigma": 0.3125013784920495, "car_tau_mean": 2.265817093953481, "car_tau_std": 6.738490080168677, "car_v_mean": 20.322399300993474, "car_v_std": 2.6067156190870855}, "datetime": {"datetime": "2024-08-08 17:25:07", "elapsed": 92.270455, "delta": 11.901524}}
{"target": -0.33877021016039016, "params": {"bus_acc": 1.058173278302252, "bus_dcc": 1.1260726616339234, "bus_lcAssertive": 18.916095083680847, "bus_lcCooperative": 0.9720306709820733, "bus_lcLookaheadLeft": 26.950818515198538, "bus_lcPushy": 0.7510088258632285, "bus_lcSigma": 0.28123520956586334, "bus_lcSpeedGainRight": 1.2775930876818176, "bus_lcSublane": 0.2578637359786262, "bus_sigma": 0.2970529955101251, "bus_tau_mean": 0.5313061172799802, "bus_tau_std": 9.871761820679248, "bus_v_mean": 17.06337017315701, "bus_v_std": 12.036848225735843, "car_acc": 3.1530402834377833, "car_dcc": 1.1315126441158294, "car_lcAssertive": 47.680528400976975, "car_lcCooperative": 0.5396765012085889, "car_lcLookaheadLeft": 67.94966749368216, "car_lcPushy": 0.5341680027167658, "car_lcSigma": 0.055072308986628626, "car_lcSpeedGainRight": 3.1004949496818828, "car_lcSublane": 0.5811752027766969, "car_sigma": 0.545596325824134, "car_tau_mean": 3.451484480746384, "car_tau_std": 4.473867597038817, "car_v_mean": 17.657047140931738, "car_v_std": 2.472257727976823}, "datetime": {"datetime": "2024-08-08 17:25:08", "elapsed": 93.842535, "delta": 1.57208}}
{"target": -0.4418770974687856, "params": {"bus_acc": 3.428376647889842, "bus_dcc": 2.240759245003484, "bus_lcAssertive": 81.8187996708942, "bus_lcCooperative": 0.18513039826903066, "bus_lcLookaheadLeft": 70.78389991611843, "bus_lcPushy": 0.24035562484913886, "bus_lcSigma": 0.5742190888408597, "bus_lcSpeedGainRight": 1.7449379861039445, "bus_lcSublane": 0.05696439948283272, "bus_sigma": 0.22881367096037586, "bus_tau_mean": 2.8243589437417773, "bus_tau_std": 4.972500933605312, "bus_v_mean": 16.30425574517886, "bus_v_std": 3.49440300217845, "car_acc": 3.2828634061850255, "car_dcc": 3.99026027562463, "car_lcAssertive": 81.86667577037056, "car_lcCooperative": 0.5943726238309778, "car_lcLookaheadLeft": 97.64692869642869, "car_lcPushy": 0.9015625846693213, "car_lcSigma": 0.5956079336026455, "car_lcSpeedGainRight": 0.16213162657228553, "car_lcSublane": 0.09357709581748075, "car_sigma": 0.06537171504222639, "car_tau_mean": 2.0810660204201636, "car_tau_std": 3.7543483316785773, "car_v_mean": 23.605600548324585, "car_v_std": 3.3596658639922983}, "datetime": {"datetime": "2024-08-08 17:25:10", "elapsed": 95.642387, "delta": 1.799852}}
{"target": -0.42683986653438016, "params": {"bus_acc": 3.452449341468049, "bus_dcc": 3.807208799824599, "bus_lcAssertive": 60.09196396965134, "bus_lcCooperative": 0.9795901743594252, "bus_lcLookaheadLeft": 45.218648800069374, "bus_lcPushy": 0.7396119625075467, "bus_lcSigma": 0.03760387864960013, "bus_lcSpeedGainRight": 3.8236331950024303, "bus_lcSublane": 0.5182815803268124, "bus_sigma": 0.0053165329611032375, "bus_tau_mean": 1.4702003667390948, "bus_tau_std": 5.348322325198115, "bus_v_mean": 20.287406052500984, "bus_v_std": 1.0618519090505019, "car_acc": 3.1962137754020787, "car_dcc": 3.402983667395068, "car_lcAssertive": 65.3087224329694, "car_lcCooperative": 0.9314470149929107, "car_lcLookaheadLeft": 9.323681611446592, "car_lcPushy": 0.2768064626005866, "car_lcSigma": 0.9192375042561725, "car_lcSpeedGainRight": 3.8250257414907147, "car_lcSublane": 0.5997403444720987, "car_sigma": 0.8329681438370704, "car_tau_mean": 3.636152220512507, "car_tau_std": 9.727203528528248, "car_v_mean": 23.976328113436892, "car_v_std": 2.7929866736820697}, "datetime": {"datetime": "2024-08-08 17:25:21", "elapsed": 106.507755, "delta": 10.865368}}
{"target": -0.35572983832561816, "params": {"bus_acc": 2.9764650635853003, "bus_dcc": 1.3964834258288144, "bus_lcAssertive": 21.43895183005387, "bus_lcCooperative": 0.07618880903232117, "bus_lcLookaheadLeft": 51.77632659463817, "bus_lcPushy": 0.2615495518329871, "bus_lcSigma": 0.3570616088827919, "bus_lcSpeedGainRight": 0.5403266434861842, "bus_lcSublane": 0.7875518396525072, "bus_sigma": 0.1065838767888011, "bus_tau_mean": 3.949980882996157, "bus_tau_std": 1.7716116443841734, "bus_v_mean": 17.15848179895439, "bus_v_std": 0.8969066917817625, "car_acc": 4.1484651586233365, "car_dcc": 1.5688178434548896, "car_lcAssertive": 53.26249386240454, "car_lcCooperative": 0.7400775431590716, "car_lcLookaheadLeft": 16.693285521891084, "car_lcPushy": 0.5510871741869717, "car_lcSigma": 0.2166172083287794, "car_lcSpeedGainRight": 3.7959802465857235, "car_lcSublane": 0.7229151935562137, "car_sigma": 0.17654903427708302, "car_tau_mean": 3.516882951834757, "car_tau_std": 0.19775099516344263, "car_v_mean": 21.763791958769843, "car_v_std": 11.178076223218767}, "datetime": {"datetime": "2024-08-08 17:25:24", "elapsed": 109.262872, "delta": 2.755117}}
{"target": -0.30889119747315874, "params": {"bus_acc": 3.1172559960043156, "bus_dcc": 1.4141785139311445, "bus_lcAssertive": 65.32925713148524, "bus_lcCooperative": 0.2329538502249826, "bus_lcLookaheadLeft": 11.462547005953569, "bus_lcPushy": 0.02199255006820866, "bus_lcSigma": 0.8590631623683239, "bus_lcSpeedGainRight": 0.713549682005642, "bus_lcSublane": 0.4029289919456651, "bus_sigma": 0.09356443645283685, "bus_tau_mean": 0.912627777818789, "bus_tau_std": 3.7481686963004024, "bus_v_mean": 10.646179464546288, "bus_v_std": 14.379045186101484, "car_acc": 1.503405449182197, "car_dcc": 3.216501079590876, "car_lcAssertive": 84.29704411061859, "car_lcCooperative": 0.08268066826828191, "car_lcLookaheadLeft": 5.9276531126502245, "car_lcPushy": 0.49353287554287495, "car_lcSigma": 0.6007584500142, "car_lcSpeedGainRight": 3.4199968055635126, "car_lcSublane": 0.47827473964646583, "car_sigma": 0.5431589664076517, "car_tau_mean": 2.4236357043562857, "car_tau_std": 7.137820419519219, "car_v_mean": 10.49857379915909, "car_v_std": 0.4348484305246414}, "datetime": {"datetime": "2024-08-08 17:25:26", "elapsed": 111.474467, "delta": 2.211595}}
{"target": -0.4242227853411174, "params": {"bus_acc": 4.73392183333717, "bus_dcc": 3.424980900564269, "bus_lcAssertive": 37.18636349044156, "bus_lcCooperative": 0.3307289110251447, "bus_lcLookaheadLeft": 93.91753971697403, "bus_lcPushy": 0.37489434056111615, "bus_lcSigma": 0.6358022186231704, "bus_lcSpeedGainRight": 4.926721690492867, "bus_lcSublane": 0.03673976453048744, "bus_sigma": 0.3146309781487783, "bus_tau_mean": 1.3093250267951555, "bus_tau_std": 9.223654191512637, "bus_v_mean": 16.818187688822633, "bus_v_std": 1.0742707681983354, "car_acc": 4.020992997893588, "car_dcc": 3.0522514640038505, "car_lcAssertive": 66.55523624008194, "car_lcCooperative": 0.9557287749268826, "car_lcLookaheadLeft": 87.71095667409874, "car_lcPushy": 0.7532514851657419, "car_lcSigma": 0.2226659543716385, "car_lcSpeedGainRight": 0.6900748102160931, "car_lcSublane": 0.2208883363414058, "car_sigma": 0.2055098610936521, "car_tau_mean": 2.4878759103509527, "car_tau_std": 6.630438231677197, "car_v_mean": 16.438680326426436, "car_v_std": 1.1269878346894902}, "datetime": {"datetime": "2024-08-08 17:25:33", "elapsed": 118.678304, "delta": 7.203837}}
{"target": -0.4313122840968839, "params": {"bus_acc": 3.8872905256137096, "bus_dcc": 2.785921313582018, "bus_lcAssertive": 74.64395516387164, "bus_lcCooperative": 0.9010940837915135, "bus_lcLookaheadLeft": 70.02087521030457, "bus_lcPushy": 0.5907563171285277, "bus_lcSigma": 0.12425924362545104, "bus_lcSpeedGainRight": 2.0229132576109388, "bus_lcSublane": 0.5789512482609072, "bus_sigma": 0.6028443658191326, "bus_tau_mean": 3.8627224287434982, "bus_tau_std": 2.0550032107552516, "bus_v_mean": 18.61042124100801, "bus_v_std": 5.128582813229007, "car_acc": 2.671044970041788, "car_dcc": 3.9158513863285993, "car_lcAssertive": 33.77666562851436, "car_lcCooperative": 0.36202316537554013, "car_lcLookaheadLeft": 45.07770794956444, "car_lcPushy": 0.04066778988915665, "car_lcSigma": 0.3985702385044282, "car_lcSpeedGainRight": 3.094925497853844, "car_lcSublane": 0.5780799868502333, "car_sigma": 0.8734127277887768, "car_tau_mean": 2.744152952353119, "car_tau_std": 5.56955944679331, "car_v_mean": 18.25035451315365, "car_v_std": 0.9523356682127804}, "datetime": {"datetime": "2024-08-08 17:25:33", "elapsed": 118.919163, "delta": 0.240859}}
{"target": -0.5857310538836332, "params": {"bus_acc": 1.5109521879176455, "bus_dcc": 3.6806781222155456, "bus_lcAssertive": 68.45808993975861, "bus_lcCooperative": 0.26689146192540614, "bus_lcLookaheadLeft": 11.05823083359017, "bus_lcPushy": 0.12349501608552904, "bus_lcSigma": 0.27643640136537917, "bus_lcSpeedGainRight": 0.24521739432754597, "bus_lcSublane": 0.14514686395701948, "bus_sigma": 0.475029547570342, "bus_tau_mean": 3.775927908802283, "bus_tau_std": 4.340689856813111, "bus_v_mean": 19.346247271762234, "bus_v_std": 11.406101482392742, "car_acc": 4.904976742351298, "car_dcc": 1.534633621372605, "car_lcAssertive": 74.17140324951598, "car_lcCooperative": 0.3504066948572232, "car_lcLookaheadLeft": 99.1387861508958, "car_lcPushy": 0.35281173510660024, "car_lcSigma": 0.9787831825255726, "car_lcSpeedGainRight": 4.30185723495071, "car_lcSublane": 0.5977366599771147, "car_sigma": 0.0274479567015824, "car_tau_mean": 1.149362173071875, "car_tau_std": 0.56511775487744, "car_v_mean": 20.679388185345132, "car_v_std": 1.4790216791876198}, "datetime": {"datetime": "2024-08-08 17:25:39", "elapsed": 125.02065, "delta": 6.101487}}
{"target": -0.45237372363400646, "params": {"bus_acc": 3.8513259363860044, "bus_dcc": 1.2811362812229015, "bus_lcAssertive": 64.14301404132078, "bus_lcCooperative": 0.11435849587714098, "bus_lcLookaheadLeft": 11.981102814103355, "bus_lcPushy": 0.6666687791670224, "bus_lcSigma": 0.16709987753696864, "bus_lcSpeedGainRight": 3.82359234499631, "bus_lcSublane": 0.7505904110774281, "bus_sigma": 0.31202027167870805, "bus_tau_mean": 2.4980260986771476, "bus_tau_std": 6.451406450065615, "bus_v_mean": 20.983433749880234, "bus_v_std": 4.029326393606429, "car_acc": 3.7049708655569416, "car_dcc": 3.468671750446866, "car_lcAssertive": 42.024182209637786, "car_lcCooperative": 0.4936968050183258, "car_lcLookaheadLeft": 52.396440816714865, "car_lcPushy": 0.9393286277176713, "car_lcSigma": 0.05165076136192959, "car_lcSpeedGainRight": 2.85776412047051, "car_lcSublane": 0.48976009234691764, "car_sigma": 0.343828100189723, "car_tau_mean": 2.8447085194800223, "car_tau_std": 7.694400106617776, "car_v_mean": 16.64095323134109, "car_v_std": 0.8327609423362059}, "datetime": {"datetime": "2024-08-08 17:25:40", "elapsed": 125.58657, "delta": 0.56592}}
