{"target": -0.3299417333216058, "params": {"bus_acc": 1.2087, "bus_dcc": 2.1992, "bus_lcAssertive": 56.2, "bus_lcCooperative": 0.7725, "bus_lcLookaheadLeft": 24.8946, "bus_lcPushy": 0.4416, "bus_lcSigma": 0.0982, "bus_lcSpeedGainRight": 2.8355, "bus_lcSublane": 0.0872, "bus_sigma": 0.6388, "bus_tau_mean": 2.4888, "bus_tau_std": 3.2822, "bus_v_mean": 8.5002, "bus_v_std": 17.8283, "car_acc": 2.5719, "car_dcc": 2.7384, "car_lcAssertive": 50.633, "car_lcCooperative": 0.3736, "car_lcLookaheadLeft": 31.714, "car_lcPushy": 0.7321, "car_lcSigma": 0.4578, "car_lcSpeedGainRight": 0.0437, "car_lcSublane": 0.3308, "car_sigma": 0.3114, "car_tau_mean": 3.8865, "car_tau_std": 4.4031, "car_v_mean": 13.3501, "car_v_std": 17.0996}, "datetime": {"datetime": "2024-08-08 13:57:42", "elapsed": 4250.399725, "delta": 4.049636}}
{"target": -0.3668146835737895, "params": {"bus_acc": 4.2656, "bus_dcc": 2.8836, "bus_lcAssertive": 70.8084, "bus_lcCooperative": 0.9021, "bus_lcLookaheadLeft": 19.4026, "bus_lcPushy": 0.5816, "bus_lcSigma": 0.1825, "bus_lcSpeedGainRight": 4.6636, "bus_lcSublane": 0.123, "bus_sigma": 0.3329, "bus_tau_mean": 2.4175, "bus_tau_std": 3.5012, "bus_v_mean": 16.4093, "bus_v_std": 13.7589, "car_acc": 1.2237, "car_dcc": 1.3631, "car_lcAssertive": 85.8596, "car_lcCooperative": 0.6538, "car_lcLookaheadLeft": 99.2028, "car_lcPushy": 0.0094, "car_lcSigma": 0.5912, "car_lcSpeedGainRight": 1.7639, "car_lcSublane": 0.7497, "car_sigma": 0.1871, "car_tau_mean": 0.6135, "car_tau_std": 6.5189, "car_v_mean": 18.4403, "car_v_std": 15.0171}, "datetime": {"datetime": "2024-08-08 13:57:45", "elapsed": 4252.626174, "delta": 2.226449}}
{"target": -0.4204819923395796, "params": {"bus_acc": 1.7931, "bus_dcc": 3.0572, "bus_lcAssertive": 61.4126, "bus_lcCooperative": 0.475, "bus_lcLookaheadLeft": 83.2276, "bus_lcPushy": 0.7439, "bus_lcSigma": 0.1981, "bus_lcSpeedGainRight": 3.0599, "bus_lcSublane": 0.5235, "bus_sigma": 0.8087, "bus_tau_mean": 0.9676, "bus_tau_std": 4.8484, "bus_v_mean": 21.6649, "bus_v_std": 0.9994, "car_acc": 1.7334, "car_dcc": 2.5151, "car_lcAssertive": 32.4817, "car_lcCooperative": 0.0737, "car_lcLookaheadLeft": 40.3362, "car_lcPushy": 0.9122, "car_lcSigma": 0.0798, "car_lcSpeedGainRight": 0.9781, "car_lcSublane": 0.333, "car_sigma": 0.3553, "car_tau_mean": 2.1983, "car_tau_std": 4.8554, "car_v_mean": 23.5446, "car_v_std": 3.5025}, "datetime": {"datetime": "2024-08-08 13:58:01", "elapsed": 4269.025878, "delta": 16.399704}}
{"target": -0.34743604615525536, "params": {"bus_acc": 3.848, "bus_dcc": 1.7857, "bus_lcAssertive": 39.05, "bus_lcCooperative": 0.712, "bus_lcLookaheadLeft": 99.8718, "bus_lcPushy": 0.9381, "bus_lcSigma": 0.661, "bus_lcSpeedGainRight": 2.663, "bus_lcSublane": 0.7704, "bus_sigma": 0.7561, "bus_tau_mean": 3.5588, "bus_tau_std": 1.8298, "bus_v_mean": 20.9855, "bus_v_std": 11.3889, "car_acc": 4.0143, "car_dcc": 1.4722, "car_lcAssertive": 71.3326, "car_lcCooperative": 0.3992, "car_lcLookaheadLeft": 75.7434, "car_lcPushy": 0.5785, "car_lcSigma": 0.7746, "car_lcSpeedGainRight": 1.3803, "car_lcSublane": 0.8763, "car_sigma": 0.7934, "car_tau_mean": 3.8928, "car_tau_std": 9.215, "car_v_mean": 15.9448, "car_v_std": 5.2943}, "datetime": {"datetime": "2024-08-08 13:58:04", "elapsed": 4271.533465, "delta": 2.507587}}
{"target": -0.3649037230900774, "params": {"bus_acc": 4.0309, "bus_dcc": 3.8237, "bus_lcAssertive": 14.0091, "bus_lcCooperative": 0.9505, "bus_lcLookaheadLeft": 10.3784, "bus_lcPushy": 0.993, "bus_lcSigma": 0.5927, "bus_lcSpeedGainRight": 2.294, "bus_lcSublane": 0.9777, "bus_sigma": 0.2309, "bus_tau_mean": 1.1748, "bus_tau_std": 3.0095, "bus_v_mean": 20.2676, "bus_v_std": 18.5093, "car_acc": 1.7498, "car_dcc": 3.4917, "car_lcAssertive": 54.7498, "car_lcCooperative": 0.1493, "car_lcLookaheadLeft": 94.6407, "car_lcPushy": 0.9077, "car_lcSigma": 0.6338, "car_lcSpeedGainRight": 3.2747, "car_lcSublane": 0.5015, "car_sigma": 0.3797, "car_tau_mean": 3.7446, "car_tau_std": 5.6301, "car_v_mean": 10.697, "car_v_std": 13.0804}, "datetime": {"datetime": "2024-08-08 13:58:14", "elapsed": 4282.234182, "delta": 10.700717}}
{"target": -0.3741691574017305, "params": {"bus_acc": 1.1877, "bus_dcc": 3.3463, "bus_lcAssertive": 79.7502, "bus_lcCooperative": 0.8849, "bus_lcLookaheadLeft": 11.8769, "bus_lcPushy": 0.7961, "bus_lcSigma": 0.2761, "bus_lcSpeedGainRight": 4.5523, "bus_lcSublane": 0.4685, "bus_sigma": 0.9452, "bus_tau_mean": 1.1572, "bus_tau_std": 0.7714, "bus_v_mean": 21.5974, "bus_v_std": 7.0302, "car_acc": 1.4228, "car_dcc": 2.9482, "car_lcAssertive": 76.777, "car_lcCooperative": 0.6144, "car_lcLookaheadLeft": 41.8263, "car_lcPushy": 0.8351, "car_lcSigma": 0.3951, "car_lcSpeedGainRight": 0.8826, "car_lcSublane": 0.8765, "car_sigma": 0.7128, "car_tau_mean": 3.2107, "car_tau_std": 7.0301, "car_v_mean": 17.5336, "car_v_std": 3.1404}, "datetime": {"datetime": "2024-08-08 13:58:22", "elapsed": 4289.803723, "delta": 7.569541}}
{"target": -0.41217915997873694, "params": {"bus_acc": 3.3666, "bus_dcc": 3.257, "bus_lcAssertive": 82.8383, "bus_lcCooperative": 0.8554, "bus_lcLookaheadLeft": 76.4454, "bus_lcPushy": 0.3555, "bus_lcSigma": 0.6268, "bus_lcSpeedGainRight": 1.412, "bus_lcSublane": 0.9207, "bus_sigma": 0.3888, "bus_tau_mean": 3.0667, "bus_tau_std": 8.4319, "bus_v_mean": 23.7867, "bus_v_std": 13.9861, "car_acc": 3.8097, "car_dcc": 3.9724, "car_lcAssertive": 20.4819, "car_lcCooperative": 0.7436, "car_lcLookaheadLeft": 28.6735, "car_lcPushy": 0.2826, "car_lcSigma": 0.4213, "car_lcSpeedGainRight": 1.7639, "car_lcSublane": 0.0214, "car_sigma": 0.7856, "car_tau_mean": 1.3588, "car_tau_std": 7.6414, "car_v_mean": 23.7326, "car_v_std": 1.1041}, "datetime": {"datetime": "2024-08-08 13:58:24", "elapsed": 4292.360531, "delta": 2.556808}}
{"target": -0.3379681472441837, "params": {"bus_acc": 3.1036, "bus_dcc": 3.2509, "bus_lcAssertive": 75.6289, "bus_lcCooperative": 0.8637, "bus_lcLookaheadLeft": 54.1125, "bus_lcPushy": 0.3392, "bus_lcSigma": 0.3531, "bus_lcSpeedGainRight": 3.4794, "bus_lcSublane": 0.7143, "bus_sigma": 0.3839, "bus_tau_mean": 2.6739, "bus_tau_std": 7.7846, "bus_v_mean": 13.9661, "bus_v_std": 8.6671, "car_acc": 1.819, "car_dcc": 2.0006, "car_lcAssertive": 71.6912, "car_lcCooperative": 0.5045, "car_lcLookaheadLeft": 46.8601, "car_lcPushy": 0.7309, "car_lcSigma": 0.6371, "car_lcSpeedGainRight": 3.3351, "car_lcSublane": 0.9311, "car_sigma": 0.027, "car_tau_mean": 2.6048, "car_tau_std": 4.9724, "car_v_mean": 11.5737, "car_v_std": 14.6418}, "datetime": {"datetime": "2024-08-08 13:58:36", "elapsed": 4303.702773, "delta": 11.342242}}
{"target": -0.34435081801319345, "params": {"bus_acc": 4.5199, "bus_dcc": 1.7663, "bus_lcAssertive": 21.2093, "bus_lcCooperative": 0.0535, "bus_lcLookaheadLeft": 57.7277, "bus_lcPushy": 0.3473, "bus_lcSigma": 0.2401, "bus_lcSpeedGainRight": 0.2278, "bus_lcSublane": 0.277, "bus_sigma": 0.7804, "bus_tau_mean": 1.3922, "bus_tau_std": 3.7351, "bus_v_mean": 20.4151, "bus_v_std": 13.02, "car_acc": 3.8905, "car_dcc": 3.0108, "car_lcAssertive": 50.8699, "car_lcCooperative": 0.6653, "car_lcLookaheadLeft": 64.2098, "car_lcPushy": 0.6618, "car_lcSigma": 0.0411, "car_lcSpeedGainRight": 1.6739, "car_lcSublane": 0.4706, "car_sigma": 0.6828, "car_tau_mean": 1.0155, "car_tau_std": 4.9981, "car_v_mean": 17.5402, "car_v_std": 14.8178}, "datetime": {"datetime": "2024-08-08 13:58:41", "elapsed": 4309.211628, "delta": 5.508855}}
{"target": -0.3412021486551787, "params": {"bus_acc": 4.4908, "bus_dcc": 1.0053, "bus_lcAssertive": 22.4844, "bus_lcCooperative": 0.3758, "bus_lcLookaheadLeft": 69.2686, "bus_lcPushy": 0.9283, "bus_lcSigma": 0.0154, "bus_lcSpeedGainRight": 3.1613, "bus_lcSublane": 0.1885, "bus_sigma": 0.9776, "bus_tau_mean": 0.551, "bus_tau_std": 3.0274, "bus_v_mean": 15.8337, "bus_v_std": 1.3633, "car_acc": 4.615, "car_dcc": 3.6085, "car_lcAssertive": 49.4009, "car_lcCooperative": 0.932, "car_lcLookaheadLeft": 80.0956, "car_lcPushy": 0.8049, "car_lcSigma": 0.5297, "car_lcSpeedGainRight": 3.8358, "car_lcSublane": 0.2644, "car_sigma": 0.1566, "car_tau_mean": 1.4832, "car_tau_std": 7.5859, "car_v_mean": 9.6891, "car_v_std": 18.8207}, "datetime": {"datetime": "2024-08-08 13:58:47", "elapsed": 4314.971973, "delta": 5.760345}}
{"target": -0.33658083304797726, "params": {"bus_acc": 4.5852, "bus_dcc": 1.3799, "bus_lcAssertive": 35.6987, "bus_lcCooperative": 0.9076, "bus_lcLookaheadLeft": 27.3863, "bus_lcPushy": 0.6734, "bus_lcSigma": 0.4852, "bus_lcSpeedGainRight": 0.8349, "bus_lcSublane": 0.3189, "bus_sigma": 0.4125, "bus_tau_mean": 2.6549, "bus_tau_std": 6.839, "bus_v_mean": 18.2694, "bus_v_std": 6.127, "car_acc": 2.4674, "car_dcc": 1.6092, "car_lcAssertive": 22.0545, "car_lcCooperative": 0.0919, "car_lcLookaheadLeft": 22.858, "car_lcPushy": 0.6, "car_lcSigma": 0.0821, "car_lcSpeedGainRight": 0.8625, "car_lcSublane": 0.1539, "car_sigma": 0.7646, "car_tau_mean": 2.3302, "car_tau_std": 3.2868, "car_v_mean": 13.1539, "car_v_std": 13.4781}, "datetime": {"datetime": "2024-08-08 13:58:52", "elapsed": 4319.570371, "delta": 4.598398}}
{"target": -0.3520900496314817, "params": {"bus_acc": 2.6468, "bus_dcc": 2.4305, "bus_lcAssertive": 57.4341, "bus_lcCooperative": 0.7907, "bus_lcLookaheadLeft": 93.6498, "bus_lcPushy": 0.1415, "bus_lcSigma": 0.9874, "bus_lcSpeedGainRight": 0.6596, "bus_lcSublane": 0.5942, "bus_sigma": 0.8633, "bus_tau_mean": 1.4703, "bus_tau_std": 6.7708, "bus_v_mean": 18.2274, "bus_v_std": 7.2928, "car_acc": 2.6449, "car_dcc": 3.2647, "car_lcAssertive": 56.9203, "car_lcCooperative": 0.1902, "car_lcLookaheadLeft": 66.32, "car_lcPushy": 0.7239, "car_lcSigma": 0.8022, "car_lcSpeedGainRight": 3.9191, "car_lcSublane": 0.3087, "car_sigma": 0.2636, "car_tau_mean": 3.2599, "car_tau_std": 5.2971, "car_v_mean": 9.617, "car_v_std": 12.9457}, "datetime": {"datetime": "2024-08-08 13:58:57", "elapsed": 4325.134945, "delta": 5.564574}}
{"target": -0.3466067833138866, "params": {"bus_acc": 2.7679, "bus_dcc": 2.248, "bus_lcAssertive": 81.8309, "bus_lcCooperative": 0.999, "bus_lcLookaheadLeft": 3.2977, "bus_lcPushy": 0.522, "bus_lcSigma": 0.9735, "bus_lcSpeedGainRight": 0.6779, "bus_lcSublane": 0.5918, "bus_sigma": 0.0757, "bus_tau_mean": 0.7008, "bus_tau_std": 1.5375, "bus_v_mean": 18.3447, "bus_v_std": 11.704, "car_acc": 3.9917, "car_dcc": 3.3061, "car_lcAssertive": 30.3081, "car_lcCooperative": 0.9913, "car_lcLookaheadLeft": 86.6708, "car_lcPushy": 0.1155, "car_lcSigma": 0.4272, "car_lcSpeedGainRight": 0.1542, "car_lcSublane": 0.5324, "car_sigma": 0.005, "car_tau_mean": 3.6688, "car_tau_std": 0.7118, "car_v_mean": 15.1582, "car_v_std": 5.3347}, "datetime": {"datetime": "2024-08-08 13:59:03", "elapsed": 4330.600689, "delta": 5.465744}}
{"target": -0.37173238603593345, "params": {"bus_acc": 4.0999, "bus_dcc": 2.444, "bus_lcAssertive": 45.3553, "bus_lcCooperative": 0.0843, "bus_lcLookaheadLeft": 45.5838, "bus_lcPushy": 0.0072, "bus_lcSigma": 0.2065, "bus_lcSpeedGainRight": 0.1094, "bus_lcSublane": 0.7582, "bus_sigma": 0.6928, "bus_tau_mean": 1.5119, "bus_tau_std": 8.2825, "bus_v_mean": 20.6772, "bus_v_std": 4.9978, "car_acc": 2.4722, "car_dcc": 1.9858, "car_lcAssertive": 48.5916, "car_lcCooperative": 0.4888, "car_lcLookaheadLeft": 15.9045, "car_lcPushy": 0.0623, "car_lcSigma": 0.1696, "car_lcSpeedGainRight": 3.9993, "car_lcSublane": 0.0076, "car_sigma": 0.9681, "car_tau_mean": 1.6693, "car_tau_std": 3.0449, "car_v_mean": 13.3153, "car_v_std": 7.6658}, "datetime": {"datetime": "2024-08-08 13:59:07", "elapsed": 4334.661928, "delta": 4.061239}}
{"target": -0.34753662279516895, "params": {"bus_acc": 2.3209, "bus_dcc": 1.2583, "bus_lcAssertive": 93.1201, "bus_lcCooperative": 0.4202, "bus_lcLookaheadLeft": 85.5191, "bus_lcPushy": 0.0441, "bus_lcSigma": 0.207, "bus_lcSpeedGainRight": 0.8245, "bus_lcSublane": 0.9474, "bus_sigma": 0.4808, "bus_tau_mean": 1.1917, "bus_tau_std": 1.7559, "bus_v_mean": 19.3256, "bus_v_std": 4.8554, "car_acc": 3.4318, "car_dcc": 1.8171, "car_lcAssertive": 10.8465, "car_lcCooperative": 0.9176, "car_lcLookaheadLeft": 4.3657, "car_lcPushy": 0.3751, "car_lcSigma": 0.8066, "car_lcSpeedGainRight": 3.7559, "car_lcSublane": 0.6073, "car_sigma": 0.1164, "car_tau_mean": 2.7633, "car_tau_std": 8.9275, "car_v_mean": 11.529, "car_v_std": 15.8144}, "datetime": {"datetime": "2024-08-08 13:59:14", "elapsed": 4341.719981, "delta": 7.058053}}
{"target": -0.3368539278006434, "params": {"bus_acc": 3.1779, "bus_dcc": 3.0684, "bus_lcAssertive": 79.4198, "bus_lcCooperative": 0.6229, "bus_lcLookaheadLeft": 5.0658, "bus_lcPushy": 0.6871, "bus_lcSigma": 0.7944, "bus_lcSpeedGainRight": 1.5558, "bus_lcSublane": 0.7124, "bus_sigma": 0.1427, "bus_tau_mean": 0.555, "bus_tau_std": 3.5435, "bus_v_mean": 11.2829, "bus_v_std": 6.5196, "car_acc": 2.2726, "car_dcc": 1.887, "car_lcAssertive": 59.7907, "car_lcCooperative": 0.072, "car_lcLookaheadLeft": 66.3337, "car_lcPushy": 0.8633, "car_lcSigma": 0.5528, "car_lcSpeedGainRight": 1.4419, "car_lcSublane": 0.766, "car_sigma": 0.2389, "car_tau_mean": 3.3946, "car_tau_std": 7.768, "car_v_mean": 12.5079, "car_v_std": 11.4522}, "datetime": {"datetime": "2024-08-08 13:59:18", "elapsed": 4346.180075, "delta": 4.460094}}
{"target": -0.35053730878727996, "params": {"bus_acc": 4.2375, "bus_dcc": 1.1198, "bus_lcAssertive": 66.9595, "bus_lcCooperative": 0.6513, "bus_lcLookaheadLeft": 45.7767, "bus_lcPushy": 0.2046, "bus_lcSigma": 0.9802, "bus_lcSpeedGainRight": 0.1717, "bus_lcSublane": 0.2265, "bus_sigma": 0.3306, "bus_tau_mean": 2.3451, "bus_tau_std": 1.9194, "bus_v_mean": 11.6551, "bus_v_std": 8.243, "car_acc": 2.4316, "car_dcc": 1.2026, "car_lcAssertive": 39.2034, "car_lcCooperative": 0.0845, "car_lcLookaheadLeft": 97.1352, "car_lcPushy": 0.4062, "car_lcSigma": 0.4589, "car_lcSpeedGainRight": 3.7838, "car_lcSublane": 0.0797, "car_sigma": 0.0471, "car_tau_mean": 1.7005, "car_tau_std": 7.7071, "car_v_mean": 23.724, "car_v_std": 3.5071}, "datetime": {"datetime": "2024-08-08 13:59:22", "elapsed": 4350.324059, "delta": 4.143984}}
{"target": -0.37986955225401586, "params": {"bus_acc": 3.3275, "bus_dcc": 1.1594, "bus_lcAssertive": 91.1128, "bus_lcCooperative": 0.9754, "bus_lcLookaheadLeft": 54.9546, "bus_lcPushy": 0.3634, "bus_lcSigma": 0.8115, "bus_lcSpeedGainRight": 0.6669, "bus_lcSublane": 0.0453, "bus_sigma": 0.8263, "bus_tau_mean": 3.0866, "bus_tau_std": 8.4351, "bus_v_mean": 11.0402, "bus_v_std": 7.9288, "car_acc": 1.3064, "car_dcc": 1.8475, "car_lcAssertive": 7.9324, "car_lcCooperative": 0.4268, "car_lcLookaheadLeft": 19.8373, "car_lcPushy": 0.1532, "car_lcSigma": 0.154, "car_lcSpeedGainRight": 0.1357, "car_lcSublane": 0.7883, "car_sigma": 0.0317, "car_tau_mean": 3.5693, "car_tau_std": 7.2449, "car_v_mean": 11.5776, "car_v_std": 5.598}, "datetime": {"datetime": "2024-08-08 13:59:27", "elapsed": 4355.088311, "delta": 4.764252}}
{"target": -0.41806614836135914, "params": {"bus_acc": 4.8137, "bus_dcc": 2.0435, "bus_lcAssertive": 54.9265, "bus_lcCooperative": 0.5627, "bus_lcLookaheadLeft": 91.5959, "bus_lcPushy": 0.2255, "bus_lcSigma": 0.7506, "bus_lcSpeedGainRight": 4.0285, "bus_lcSublane": 0.6872, "bus_sigma": 0.327, "bus_tau_mean": 3.1151, "bus_tau_std": 9.6345, "bus_v_mean": 20.4632, "bus_v_std": 6.5748, "car_acc": 2.7901, "car_dcc": 3.2678, "car_lcAssertive": 26.5002, "car_lcCooperative": 0.1345, "car_lcLookaheadLeft": 32.8411, "car_lcPushy": 0.4389, "car_lcSigma": 0.0302, "car_lcSpeedGainRight": 3.4519, "car_lcSublane": 0.9898, "car_sigma": 0.2533, "car_tau_mean": 2.3878, "car_tau_std": 5.7211, "car_v_mean": 20.0501, "car_v_std": 2.0145}, "datetime": {"datetime": "2024-08-08 13:59:32", "elapsed": 4360.323974, "delta": 5.235663}}
{"target": -0.3922361136715863, "params": {"bus_acc": 4.3565, "bus_dcc": 1.7866, "bus_lcAssertive": 13.1322, "bus_lcCooperative": 0.7069, "bus_lcLookaheadLeft": 72.6805, "bus_lcPushy": 0.7815, "bus_lcSigma": 0.4594, "bus_lcSpeedGainRight": 1.0344, "bus_lcSublane": 0.7857, "bus_sigma": 0.6013, "bus_tau_mean": 2.4698, "bus_tau_std": 2.2843, "bus_v_mean": 22.9538, "bus_v_std": 14.4493, "car_acc": 2.1624, "car_dcc": 3.3814, "car_lcAssertive": 51.9641, "car_lcCooperative": 0.1978, "car_lcLookaheadLeft": 11.1793, "car_lcPushy": 0.4702, "car_lcSigma": 0.4445, "car_lcSpeedGainRight": 1.0959, "car_lcSublane": 0.1281, "car_sigma": 0.5968, "car_tau_mean": 3.4199, "car_tau_std": 1.6139, "car_v_mean": 23.8178, "car_v_std": 1.9639}, "datetime": {"datetime": "2024-08-08 13:59:39", "elapsed": 4366.760898, "delta": 6.436924}}
{"target": -0.3104633572138783, "params": {"bus_acc": 2.1033, "bus_dcc": 2.5002, "bus_lcAssertive": 79.9759, "bus_lcCooperative": 0.9617, "bus_lcLookaheadLeft": 22.7178, "bus_lcPushy": 0.5832, "bus_lcSigma": 0.7042, "bus_lcSpeedGainRight": 2.736, "bus_lcSublane": 0.5784, "bus_sigma": 0.4961, "bus_tau_mean": 0.6764, "bus_tau_std": 3.6753, "bus_v_mean": 16.5419, "bus_v_std": 18.0259, "car_acc": 3.0185, "car_dcc": 1.3207, "car_lcAssertive": 93.3394, "car_lcCooperative": 0.4945, "car_lcLookaheadLeft": 74.6421, "car_lcPushy": 0.1898, "car_lcSigma": 0.8383, "car_lcSpeedGainRight": 2.6982, "car_lcSublane": 0.3284, "car_sigma": 0.9018, "car_tau_mean": 1.8759, "car_tau_std": 4.0214, "car_v_mean": 12.5793, "car_v_std": 8.535}, "datetime": {"datetime": "2024-08-08 13:59:44", "elapsed": 4372.12079, "delta": 5.359892}}
{"target": -0.36387505655794244, "params": {"bus_acc": 4.0273, "bus_dcc": 3.7358, "bus_lcAssertive": 15.0639, "bus_lcCooperative": 0.3511, "bus_lcLookaheadLeft": 49.5982, "bus_lcPushy": 0.651, "bus_lcSigma": 0.8315, "bus_lcSpeedGainRight": 1.7221, "bus_lcSublane": 0.9305, "bus_sigma": 0.1837, "bus_tau_mean": 3.8914, "bus_tau_std": 5.609, "bus_v_mean": 10.4912, "bus_v_std": 17.077, "car_acc": 4.7487, "car_dcc": 3.6636, "car_lcAssertive": 74.3928, "car_lcCooperative": 0.904, "car_lcLookaheadLeft": 35.0369, "car_lcPushy": 0.1968, "car_lcSigma": 0.1655, "car_lcSpeedGainRight": 3.2039, "car_lcSublane": 0.7329, "car_sigma": 0.462, "car_tau_mean": 1.9107, "car_tau_std": 8.5003, "car_v_mean": 11.9981, "car_v_std": 5.1655}, "datetime": {"datetime": "2024-08-08 13:59:47", "elapsed": 4375.479611, "delta": 3.358821}}
{"target": -0.319452048033508, "params": {"bus_acc": 4.9452, "bus_dcc": 2.6528, "bus_lcAssertive": 26.4401, "bus_lcCooperative": 0.7514, "bus_lcLookaheadLeft": 73.0171, "bus_lcPushy": 0.1789, "bus_lcSigma": 0.8129, "bus_lcSpeedGainRight": 0.6793, "bus_lcSublane": 0.2082, "bus_sigma": 0.0512, "bus_tau_mean": 1.7528, "bus_tau_std": 4.0636, "bus_v_mean": 12.2202, "bus_v_std": 3.244, "car_acc": 4.9072, "car_dcc": 1.1456, "car_lcAssertive": 74.2683, "car_lcCooperative": 0.5715, "car_lcLookaheadLeft": 26.4248, "car_lcPushy": 0.5111, "car_lcSigma": 0.1022, "car_lcSpeedGainRight": 0.1607, "car_lcSublane": 0.7225, "car_sigma": 0.6664, "car_tau_mean": 1.9142, "car_tau_std": 8.8239, "car_v_mean": 16.8764, "car_v_std": 18.296}, "datetime": {"datetime": "2024-08-08 13:59:53", "elapsed": 4380.963502, "delta": 5.483891}}
{"target": -0.3647594379154153, "params": {"bus_acc": 3.0237, "bus_dcc": 3.1657, "bus_lcAssertive": 46.7208, "bus_lcCooperative": 0.7742, "bus_lcLookaheadLeft": 18.2506, "bus_lcPushy": 0.0662, "bus_lcSigma": 0.0933, "bus_lcSpeedGainRight": 2.7101, "bus_lcSublane": 0.9844, "bus_sigma": 0.0142, "bus_tau_mean": 1.7726, "bus_tau_std": 7.0475, "bus_v_mean": 19.7987, "bus_v_std": 17.5522, "car_acc": 3.6521, "car_dcc": 1.9404, "car_lcAssertive": 52.0004, "car_lcCooperative": 0.2368, "car_lcLookaheadLeft": 8.2574, "car_lcPushy": 0.9507, "car_lcSigma": 0.0926, "car_lcSpeedGainRight": 4.3721, "car_lcSublane": 0.518, "car_sigma": 0.1799, "car_tau_mean": 3.1151, "car_tau_std": 2.9108, "car_v_mean": 8.6615, "car_v_std": 17.1462}, "datetime": {"datetime": "2024-08-08 13:59:56", "elapsed": 4384.257213, "delta": 3.293711}}
{"target": -0.31523803006588125, "params": {"bus_acc": 3.4877, "bus_dcc": 2.5148, "bus_lcAssertive": 28.6514, "bus_lcCooperative": 0.8091, "bus_lcLookaheadLeft": 2.1746, "bus_lcPushy": 0.7155, "bus_lcSigma": 0.1567, "bus_lcSpeedGainRight": 0.5673, "bus_lcSublane": 0.7442, "bus_sigma": 0.7355, "bus_tau_mean": 3.3165, "bus_tau_std": 8.0494, "bus_v_mean": 19.3747, "bus_v_std": 9.0382, "car_acc": 3.9053, "car_dcc": 1.686, "car_lcAssertive": 13.1006, "car_lcCooperative": 0.1209, "car_lcLookaheadLeft": 43.2221, "car_lcPushy": 0.717, "car_lcSigma": 0.6252, "car_lcSpeedGainRight": 3.7023, "car_lcSublane": 0.0128, "car_sigma": 0.3678, "car_tau_mean": 1.7077, "car_tau_std": 0.1679, "car_v_mean": 16.2384, "car_v_std": 18.5018}, "datetime": {"datetime": "2024-08-08 14:00:01", "elapsed": 4388.711851, "delta": 4.454638}}
{"target": -0.399831114149687, "params": {"bus_acc": 1.9865, "bus_dcc": 2.0799, "bus_lcAssertive": 43.0279, "bus_lcCooperative": 0.5216, "bus_lcLookaheadLeft": 18.0395, "bus_lcPushy": 0.8451, "bus_lcSigma": 0.004, "bus_lcSpeedGainRight": 0.2001, "bus_lcSublane": 0.244, "bus_sigma": 0.1581, "bus_tau_mean": 3.3583, "bus_tau_std": 4.0874, "bus_v_mean": 10.2639, "bus_v_std": 15.0859, "car_acc": 2.4814, "car_dcc": 1.4049, "car_lcAssertive": 9.3498, "car_lcCooperative": 0.7697, "car_lcLookaheadLeft": 53.3319, "car_lcPushy": 0.1323, "car_lcSigma": 0.1833, "car_lcSpeedGainRight": 0.1392, "car_lcSublane": 0.922, "car_sigma": 0.9172, "car_tau_mean": 1.4324, "car_tau_std": 8.2647, "car_v_mean": 9.1902, "car_v_std": 3.8212}, "datetime": {"datetime": "2024-08-08 14:00:09", "elapsed": 4396.53587, "delta": 7.824019}}
