{"target": -0.35732104741532755, "params": {"bus_acc": 2.1843, "bus_dcc": 2.7417, "bus_lcAssertive": 98.8502, "bus_lcCooperative": 0.2026, "bus_lcLookaheadLeft": 44.5367, "bus_lcPushy": 0.2937, "bus_lcSigma": 0.2697, "bus_lcSublane": 0.0768, "bus_sigma": 0.1725, "bus_tau_mean": 0.7956, "bus_tau_std": 4.7483, "bus_v_mean": 11.5948, "bus_v_std": 6.0844, "car_acc": 2.3764, "car_dcc": 2.6284, "car_lcAssertive": 78.2178, "car_lcCooperative": 0.3651, "car_lcLookaheadLeft": 44.6657, "car_lcPushy": 0.1507, "car_lcSigma": 0.2729, "car_lcSublane": 0.82, "car_sigma": 0.0366, "car_tau_mean": 3.441, "car_tau_std": 5.9193, "car_v_mean": 20.6679, "car_v_std": 1.9572}, "datetime": {"datetime": "2024-08-07 10:55:09", "elapsed": 5211.851925, "delta": 4.336541}}
{"target": -0.3359443570237409, "params": {"bus_acc": 2.9485, "bus_dcc": 3.5192, "bus_lcAssertive": 82.6851, "bus_lcCooperative": 0.2105, "bus_lcLookaheadLeft": 25.6526, "bus_lcPushy": 0.253, "bus_lcSigma": 0.8905, "bus_lcSublane": 0.9696, "bus_sigma": 0.4826, "bus_tau_mean": 0.507, "bus_tau_std": 9.6082, "bus_v_mean": 8.184, "bus_v_std": 9.9397, "car_acc": 1.5283, "car_dcc": 1.8515, "car_lcAssertive": 14.1451, "car_lcCooperative": 0.8624, "car_lcLookaheadLeft": 68.3175, "car_lcPushy": 0.982, "car_lcSigma": 0.1111, "car_lcSublane": 0.6083, "car_sigma": 0.6549, "car_tau_mean": 2.3147, "car_tau_std": 8.5997, "car_v_mean": 22.3082, "car_v_std": 3.7257}, "datetime": {"datetime": "2024-08-07 10:55:22", "elapsed": 5225.281482, "delta": 13.429557}}
{"target": -0.360605424743172, "params": {"bus_acc": 1.937, "bus_dcc": 2.2933, "bus_lcAssertive": 44.5518, "bus_lcCooperative": 0.2397, "bus_lcLookaheadLeft": 8.9685, "bus_lcPushy": 0.4977, "bus_lcSigma": 0.8595, "bus_lcSublane": 0.1824, "bus_sigma": 0.0804, "bus_tau_mean": 1.7244, "bus_tau_std": 7.841, "bus_v_mean": 21.8716, "bus_v_std": 5.6347, "car_acc": 1.1723, "car_dcc": 2.9468, "car_lcAssertive": 18.2854, "car_lcCooperative": 0.0145, "car_lcLookaheadLeft": 29.6298, "car_lcPushy": 0.6942, "car_lcSigma": 0.6408, "car_lcSublane": 0.2083, "car_sigma": 0.9438, "car_tau_mean": 0.5979, "car_tau_std": 4.2372, "car_v_mean": 8.9306, "car_v_std": 7.9612}, "datetime": {"datetime": "2024-08-07 10:55:24", "elapsed": 5227.12477, "delta": 1.843288}}
{"target": -0.36695454623293544, "params": {"bus_acc": 2.016, "bus_dcc": 1.6659, "bus_lcAssertive": 33.1107, "bus_lcCooperative": 0.392, "bus_lcLookaheadLeft": 22.3715, "bus_lcPushy": 0.7712, "bus_lcSigma": 0.7335, "bus_lcSublane": 0.8496, "bus_sigma": 0.2806, "bus_tau_mean": 2.4177, "bus_tau_std": 2.0273, "bus_v_mean": 19.82, "bus_v_std": 2.7352, "car_acc": 2.5844, "car_dcc": 1.2719, "car_lcAssertive": 42.6567, "car_lcCooperative": 0.7168, "car_lcLookaheadLeft": 37.7306, "car_lcPushy": 0.5903, "car_lcSigma": 0.5111, "car_lcSublane": 0.3497, "car_sigma": 0.5022, "car_tau_mean": 1.3493, "car_tau_std": 2.1487, "car_v_mean": 16.067, "car_v_std": 2.8132}, "datetime": {"datetime": "2024-08-07 10:55:41", "elapsed": 5244.19936, "delta": 17.07459}}
{"target": -0.33779623014110005, "params": {"bus_acc": 2.0991, "bus_dcc": 1.7332, "bus_lcAssertive": 66.7586, "bus_lcCooperative": 0.152, "bus_lcLookaheadLeft": 85.8362, "bus_lcPushy": 0.2624, "bus_lcSigma": 0.623, "bus_lcSublane": 0.8265, "bus_sigma": 0.6326, "bus_tau_mean": 3.5713, "bus_tau_std": 7.3875, "bus_v_mean": 14.801, "bus_v_std": 6.0834, "car_acc": 2.5214, "car_dcc": 3.6215, "car_lcAssertive": 37.8946, "car_lcCooperative": 0.631, "car_lcLookaheadLeft": 62.9163, "car_lcPushy": 0.3942, "car_lcSigma": 0.8579, "car_lcSublane": 0.8501, "car_sigma": 0.4885, "car_tau_mean": 1.1565, "car_tau_std": 1.0417, "car_v_mean": 17.5831, "car_v_std": 6.1268}, "datetime": {"datetime": "2024-08-07 10:55:53", "elapsed": 5256.033119, "delta": 11.833759}}
{"target": -0.33572241769964417, "params": {"bus_acc": 2.1018, "bus_dcc": 1.4551, "bus_lcAssertive": 14.6746, "bus_lcCooperative": 0.6167, "bus_lcLookaheadLeft": 81.6649, "bus_lcPushy": 0.7523, "bus_lcSigma": 0.7465, "bus_lcSublane": 0.0792, "bus_sigma": 0.4579, "bus_tau_mean": 3.882, "bus_tau_std": 0.0971, "bus_v_mean": 19.5436, "bus_v_std": 5.7949, "car_acc": 1.3932, "car_dcc": 1.5343, "car_lcAssertive": 10.7853, "car_lcCooperative": 0.3018, "car_lcLookaheadLeft": 10.9177, "car_lcPushy": 0.5572, "car_lcSigma": 0.7789, "car_lcSublane": 0.0411, "car_sigma": 0.2487, "car_tau_mean": 1.7537, "car_tau_std": 6.2304, "car_v_mean": 11.7802, "car_v_std": 6.7917}, "datetime": {"datetime": "2024-08-07 10:55:57", "elapsed": 5259.795345, "delta": 3.762226}}
{"target": -0.3990764432539323, "params": {"bus_acc": 2.5799, "bus_dcc": 2.3438, "bus_lcAssertive": 8.2908, "bus_lcCooperative": 0.171, "bus_lcLookaheadLeft": 57.2511, "bus_lcPushy": 0.2207, "bus_lcSigma": 0.829, "bus_lcSublane": 0.4975, "bus_sigma": 0.7266, "bus_tau_mean": 3.8528, "bus_tau_std": 9.8118, "bus_v_mean": 22.175, "bus_v_std": 4.8588, "car_acc": 2.105, "car_dcc": 3.8511, "car_lcAssertive": 47.2694, "car_lcCooperative": 0.3229, "car_lcLookaheadLeft": 91.2094, "car_lcPushy": 0.3808, "car_lcSigma": 0.1558, "car_lcSublane": 0.7627, "car_sigma": 0.0145, "car_tau_mean": 0.8832, "car_tau_std": 6.0396, "car_v_mean": 8.7903, "car_v_std": 6.6913}, "datetime": {"datetime": "2024-08-07 10:56:03", "elapsed": 5266.393553, "delta": 6.598208}}
{"target": -0.4134993724660404, "params": {"bus_acc": 2.6435, "bus_dcc": 3.4464, "bus_lcAssertive": 72.1255, "bus_lcCooperative": 0.6547, "bus_lcLookaheadLeft": 37.4445, "bus_lcPushy": 0.1633, "bus_lcSigma": 0.8079, "bus_lcSublane": 0.9926, "bus_sigma": 0.1617, "bus_tau_mean": 1.1357, "bus_tau_std": 0.999, "bus_v_mean": 20.7145, "bus_v_std": 5.2828, "car_acc": 2.0223, "car_dcc": 3.6646, "car_lcAssertive": 54.5794, "car_lcCooperative": 0.0843, "car_lcLookaheadLeft": 78.2113, "car_lcPushy": 0.8968, "car_lcSigma": 0.5644, "car_lcSublane": 0.4185, "car_sigma": 0.6144, "car_tau_mean": 3.9486, "car_tau_std": 0.7857, "car_v_mean": 9.3952, "car_v_std": 3.7693}, "datetime": {"datetime": "2024-08-07 10:56:21", "elapsed": 5284.028021, "delta": 17.634468}}
{"target": -0.29969172564434465, "params": {"bus_acc": 2.6429, "bus_dcc": 2.0063, "bus_lcAssertive": 38.7537, "bus_lcCooperative": 0.742, "bus_lcLookaheadLeft": 74.382, "bus_lcPushy": 0.8311, "bus_lcSigma": 0.9806, "bus_lcSublane": 0.3137, "bus_sigma": 0.5311, "bus_tau_mean": 3.2662, "bus_tau_std": 0.4067, "bus_v_mean": 18.219, "bus_v_std": 6.0365, "car_acc": 2.6244, "car_dcc": 1.0903, "car_lcAssertive": 12.2801, "car_lcCooperative": 0.595, "car_lcLookaheadLeft": 55.7939, "car_lcPushy": 0.4622, "car_lcSigma": 0.1329, "car_lcSublane": 0.4178, "car_sigma": 0.9172, "car_tau_mean": 2.5468, "car_tau_std": 1.465, "car_v_mean": 13.5927, "car_v_std": 1.4933}, "datetime": {"datetime": "2024-08-07 10:56:29", "elapsed": 5292.341906, "delta": 8.313885}}
{"target": -0.35873178216585844, "params": {"bus_acc": 1.376, "bus_dcc": 3.8804, "bus_lcAssertive": 95.5845, "bus_lcCooperative": 0.0056, "bus_lcLookaheadLeft": 83.0934, "bus_lcPushy": 0.2017, "bus_lcSigma": 0.9889, "bus_lcSublane": 0.7487, "bus_sigma": 0.4705, "bus_tau_mean": 3.6384, "bus_tau_std": 0.0184, "bus_v_mean": 23.8241, "bus_v_std": 5.786, "car_acc": 2.5854, "car_dcc": 3.1739, "car_lcAssertive": 68.5519, "car_lcCooperative": 0.2526, "car_lcLookaheadLeft": 15.6991, "car_lcPushy": 0.1999, "car_lcSigma": 0.7054, "car_lcSublane": 0.0171, "car_sigma": 0.974, "car_tau_mean": 1.6106, "car_tau_std": 2.7609, "car_v_mean": 10.9711, "car_v_std": 8.9787}, "datetime": {"datetime": "2024-08-07 10:56:49", "elapsed": 5311.790735, "delta": 19.448829}}
{"target": -0.3853136881351579, "params": {"bus_acc": 2.3702, "bus_dcc": 2.254, "bus_lcAssertive": 34.5599, "bus_lcCooperative": 0.4638, "bus_lcLookaheadLeft": 67.5046, "bus_lcPushy": 0.8878, "bus_lcSigma": 0.0476, "bus_lcSublane": 0.8149, "bus_sigma": 0.6547, "bus_tau_mean": 2.2282, "bus_tau_std": 5.0955, "bus_v_mean": 23.2416, "bus_v_std": 1.5193, "car_acc": 1.8758, "car_dcc": 3.7097, "car_lcAssertive": 35.1914, "car_lcCooperative": 0.7877, "car_lcLookaheadLeft": 31.1778, "car_lcPushy": 0.3263, "car_lcSigma": 0.8949, "car_lcSublane": 0.9858, "car_sigma": 0.0032, "car_tau_mean": 2.7472, "car_tau_std": 2.8846, "car_v_mean": 15.4096, "car_v_std": 2.034}, "datetime": {"datetime": "2024-08-07 10:57:18", "elapsed": 5340.741404, "delta": 28.950669}}
{"target": -0.37672622271212464, "params": {"bus_acc": 1.1527, "bus_dcc": 2.0621, "bus_lcAssertive": 12.3612, "bus_lcCooperative": 0.8703, "bus_lcLookaheadLeft": 50.7121, "bus_lcPushy": 0.1325, "bus_lcSigma": 0.6292, "bus_lcSublane": 0.1081, "bus_sigma": 0.381, "bus_tau_mean": 0.869, "bus_tau_std": 3.0021, "bus_v_mean": 23.4809, "bus_v_std": 0.917, "car_acc": 2.1616, "car_dcc": 2.2235, "car_lcAssertive": 96.1459, "car_lcCooperative": 0.6675, "car_lcLookaheadLeft": 3.3874, "car_lcPushy": 0.5723, "car_lcSigma": 0.6994, "car_lcSublane": 0.7005, "car_sigma": 0.0932, "car_tau_mean": 1.91, "car_tau_std": 1.1825, "car_v_mean": 10.3627, "car_v_std": 9.5319}, "datetime": {"datetime": "2024-08-07 10:57:29", "elapsed": 5351.720336, "delta": 10.978932}}
{"target": -0.32270207724254996, "params": {"bus_acc": 2.6763, "bus_dcc": 2.4869, "bus_lcAssertive": 61.1918, "bus_lcCooperative": 0.243, "bus_lcLookaheadLeft": 95.1727, "bus_lcPushy": 0.1497, "bus_lcSigma": 0.6806, "bus_lcSublane": 0.9623, "bus_sigma": 0.6623, "bus_tau_mean": 1.3913, "bus_tau_std": 1.8204, "bus_v_mean": 20.1933, "bus_v_std": 9.6647, "car_acc": 2.1842, "car_dcc": 1.6757, "car_lcAssertive": 53.4421, "car_lcCooperative": 0.8094, "car_lcLookaheadLeft": 27.7448, "car_lcPushy": 0.3409, "car_lcSigma": 0.6669, "car_lcSublane": 0.7784, "car_sigma": 0.1817, "car_tau_mean": 1.8339, "car_tau_std": 3.9774, "car_v_mean": 14.9786, "car_v_std": 5.551}, "datetime": {"datetime": "2024-08-07 10:57:33", "elapsed": 5356.036612, "delta": 4.316276}}
{"target": -0.3848205448136034, "params": {"bus_acc": 2.9601, "bus_dcc": 3.1436, "bus_lcAssertive": 22.6305, "bus_lcCooperative": 0.105, "bus_lcLookaheadLeft": 80.4368, "bus_lcPushy": 0.9268, "bus_lcSigma": 0.0358, "bus_lcSublane": 0.2773, "bus_sigma": 0.6998, "bus_tau_mean": 1.0156, "bus_tau_std": 9.6798, "bus_v_mean": 22.4909, "bus_v_std": 2.9657, "car_acc": 1.1145, "car_dcc": 2.6391, "car_lcAssertive": 67.8196, "car_lcCooperative": 0.224, "car_lcLookaheadLeft": 60.6805, "car_lcPushy": 0.4477, "car_lcSigma": 0.3754, "car_lcSublane": 0.5144, "car_sigma": 0.6776, "car_tau_mean": 3.0607, "car_tau_std": 2.4561, "car_v_mean": 20.3757, "car_v_std": 9.7117}, "datetime": {"datetime": "2024-08-07 10:57:53", "elapsed": 5375.844769, "delta": 19.808157}}
{"target": -0.36350618796285344, "params": {"bus_acc": 2.6104, "bus_dcc": 2.7083, "bus_lcAssertive": 95.1914, "bus_lcCooperative": 0.4243, "bus_lcLookaheadLeft": 5.575, "bus_lcPushy": 0.8291, "bus_lcSigma": 0.5558, "bus_lcSublane": 0.8953, "bus_sigma": 0.7543, "bus_tau_mean": 1.7133, "bus_tau_std": 3.034, "bus_v_mean": 9.9386, "bus_v_std": 0.7524, "car_acc": 1.7446, "car_dcc": 3.3598, "car_lcAssertive": 22.9492, "car_lcCooperative": 0.962, "car_lcLookaheadLeft": 84.0082, "car_lcPushy": 0.6405, "car_lcSigma": 0.1587, "car_lcSublane": 0.0808, "car_sigma": 0.961, "car_tau_mean": 2.5254, "car_tau_std": 5.6488, "car_v_mean": 13.7908, "car_v_std": 7.7771}, "datetime": {"datetime": "2024-08-07 10:58:08", "elapsed": 5391.404742, "delta": 15.559973}}
{"target": -0.4715873783762207, "params": {"bus_acc": 1.3808, "bus_dcc": 1.5862, "bus_lcAssertive": 79.8544, "bus_lcCooperative": 0.8895, "bus_lcLookaheadLeft": 25.1857, "bus_lcPushy": 0.9509, "bus_lcSigma": 0.0971, "bus_lcSublane": 0.338, "bus_sigma": 0.9567, "bus_tau_mean": 0.6638, "bus_tau_std": 1.8126, "bus_v_mean": 17.1414, "bus_v_std": 2.136, "car_acc": 2.8909, "car_dcc": 1.4915, "car_lcAssertive": 92.753, "car_lcCooperative": 0.0787, "car_lcLookaheadLeft": 40.1418, "car_lcPushy": 0.6727, "car_lcSigma": 0.784, "car_lcSublane": 0.2413, "car_sigma": 0.804, "car_tau_mean": 2.2604, "car_tau_std": 8.5939, "car_v_mean": 22.4914, "car_v_std": 0.5647}, "datetime": {"datetime": "2024-08-07 10:58:24", "elapsed": 5406.683155, "delta": 15.278413}}
{"target": -0.36988561337853165, "params": {"bus_acc": 1.2591, "bus_dcc": 3.0722, "bus_lcAssertive": 62.2466, "bus_lcCooperative": 0.3071, "bus_lcLookaheadLeft": 96.961, "bus_lcPushy": 0.487, "bus_lcSigma": 0.9064, "bus_lcSublane": 0.894, "bus_sigma": 0.8949, "bus_tau_mean": 0.8953, "bus_tau_std": 3.2172, "bus_v_mean": 16.4533, "bus_v_std": 0.1285, "car_acc": 1.0688, "car_dcc": 2.0503, "car_lcAssertive": 86.924, "car_lcCooperative": 0.4364, "car_lcLookaheadLeft": 33.2871, "car_lcPushy": 0.3898, "car_lcSigma": 0.635, "car_lcSublane": 0.3316, "car_sigma": 0.3833, "car_tau_mean": 2.4337, "car_tau_std": 5.6046, "car_v_mean": 22.2378, "car_v_std": 2.4833}, "datetime": {"datetime": "2024-08-07 10:58:49", "elapsed": 5432.416894, "delta": 25.733739}}
{"target": -0.40608776296717103, "params": {"bus_acc": 2.3152, "bus_dcc": 2.1945, "bus_lcAssertive": 88.4461, "bus_lcCooperative": 0.0873, "bus_lcLookaheadLeft": 32.912, "bus_lcPushy": 0.0247, "bus_lcSigma": 0.0221, "bus_lcSublane": 0.4321, "bus_sigma": 0.903, "bus_tau_mean": 3.4831, "bus_tau_std": 7.477, "bus_v_mean": 12.6055, "bus_v_std": 9.8889, "car_acc": 2.1517, "car_dcc": 2.51, "car_lcAssertive": 24.5152, "car_lcCooperative": 0.2496, "car_lcLookaheadLeft": 8.4479, "car_lcPushy": 0.0766, "car_lcSigma": 0.337, "car_lcSublane": 0.0404, "car_sigma": 0.0123, "car_tau_mean": 0.833, "car_tau_std": 4.4803, "car_v_mean": 8.4026, "car_v_std": 2.2057}, "datetime": {"datetime": "2024-08-07 10:58:50", "elapsed": 5433.440892, "delta": 1.023998}}
{"target": -0.3684732355750958, "params": {"bus_acc": 2.8079, "bus_dcc": 1.4841, "bus_lcAssertive": 80.4694, "bus_lcCooperative": 0.5615, "bus_lcLookaheadLeft": 49.976, "bus_lcPushy": 0.0867, "bus_lcSigma": 0.2115, "bus_lcSublane": 0.9791, "bus_sigma": 0.7986, "bus_tau_mean": 1.3957, "bus_tau_std": 0.1274, "bus_v_mean": 23.475, "bus_v_std": 0.6686, "car_acc": 2.8684, "car_dcc": 3.3888, "car_lcAssertive": 64.156, "car_lcCooperative": 0.9927, "car_lcLookaheadLeft": 74.733, "car_lcPushy": 0.3754, "car_lcSigma": 0.8604, "car_lcSublane": 0.5044, "car_sigma": 0.3705, "car_tau_mean": 0.8138, "car_tau_std": 3.0275, "car_v_mean": 16.7403, "car_v_std": 2.7841}, "datetime": {"datetime": "2024-08-07 10:58:56", "elapsed": 5438.543383, "delta": 5.102491}}
{"target": -0.33702279676536084, "params": {"bus_acc": 1.2694, "bus_dcc": 3.7296, "bus_lcAssertive": 77.4845, "bus_lcCooperative": 0.3344, "bus_lcLookaheadLeft": 68.2191, "bus_lcPushy": 0.0786, "bus_lcSigma": 0.9494, "bus_lcSublane": 0.2784, "bus_sigma": 0.3936, "bus_tau_mean": 3.5545, "bus_tau_std": 8.4478, "bus_v_mean": 10.7167, "bus_v_std": 9.0424, "car_acc": 2.9297, "car_dcc": 2.2674, "car_lcAssertive": 71.1924, "car_lcCooperative": 0.5609, "car_lcLookaheadLeft": 36.2386, "car_lcPushy": 0.7516, "car_lcSigma": 0.3237, "car_lcSublane": 0.6452, "car_sigma": 0.4118, "car_tau_mean": 2.9873, "car_tau_std": 8.3381, "car_v_mean": 14.8422, "car_v_std": 9.223}, "datetime": {"datetime": "2024-08-07 10:59:01", "elapsed": 5444.214581, "delta": 5.671198}}
{"target": -0.36379205287191085, "params": {"bus_acc": 2.9133, "bus_dcc": 2.9484, "bus_lcAssertive": 66.2072, "bus_lcCooperative": 0.5181, "bus_lcLookaheadLeft": 36.7371, "bus_lcPushy": 0.7373, "bus_lcSigma": 0.2158, "bus_lcSublane": 0.8527, "bus_sigma": 0.2382, "bus_tau_mean": 3.1875, "bus_tau_std": 7.844, "bus_v_mean": 18.6585, "bus_v_std": 9.5693, "car_acc": 1.8281, "car_dcc": 3.5206, "car_lcAssertive": 45.5241, "car_lcCooperative": 0.7641, "car_lcLookaheadLeft": 95.1812, "car_lcPushy": 0.0365, "car_lcSigma": 0.5883, "car_lcSublane": 0.3064, "car_sigma": 0.1356, "car_tau_mean": 3.6835, "car_tau_std": 5.9727, "car_v_mean": 16.52, "car_v_std": 5.3996}, "datetime": {"datetime": "2024-08-07 10:59:28", "elapsed": 5470.903505, "delta": 26.688924}}
{"target": -0.35037620580829787, "params": {"bus_acc": 2.6086, "bus_dcc": 1.1422, "bus_lcAssertive": 16.1696, "bus_lcCooperative": 0.4622, "bus_lcLookaheadLeft": 67.3668, "bus_lcPushy": 0.7306, "bus_lcSigma": 0.7919, "bus_lcSublane": 0.8456, "bus_sigma": 0.0924, "bus_tau_mean": 1.0035, "bus_tau_std": 6.4292, "bus_v_mean": 11.8187, "bus_v_std": 7.613, "car_acc": 1.8175, "car_dcc": 2.4068, "car_lcAssertive": 84.4741, "car_lcCooperative": 0.6944, "car_lcLookaheadLeft": 73.1984, "car_lcPushy": 0.7273, "car_lcSigma": 0.3127, "car_lcSublane": 0.1085, "car_sigma": 0.8705, "car_tau_mean": 2.6015, "car_tau_std": 6.9875, "car_v_mean": 11.2858, "car_v_std": 4.6457}, "datetime": {"datetime": "2024-08-07 11:00:08", "elapsed": 5511.104481, "delta": 40.200976}}
{"target": -0.38539974408836686, "params": {"bus_acc": 1.148, "bus_dcc": 3.067, "bus_lcAssertive": 2.9849, "bus_lcCooperative": 0.6228, "bus_lcLookaheadLeft": 71.2722, "bus_lcPushy": 0.1664, "bus_lcSigma": 0.0464, "bus_lcSublane": 0.9724, "bus_sigma": 0.2656, "bus_tau_mean": 3.3646, "bus_tau_std": 0.5158, "bus_v_mean": 9.1926, "bus_v_std": 9.5098, "car_acc": 1.413, "car_dcc": 1.1671, "car_lcAssertive": 1.6154, "car_lcCooperative": 0.0018, "car_lcLookaheadLeft": 41.7773, "car_lcPushy": 0.4763, "car_lcSigma": 0.6385, "car_lcSublane": 0.0575, "car_sigma": 0.8063, "car_tau_mean": 1.9662, "car_tau_std": 5.4971, "car_v_mean": 13.7899, "car_v_std": 9.1251}, "datetime": {"datetime": "2024-08-07 11:00:39", "elapsed": 5541.531922, "delta": 30.427441}}
{"target": -0.32809330416381277, "params": {"bus_acc": 1.1466, "bus_dcc": 2.7008, "bus_lcAssertive": 8.8875, "bus_lcCooperative": 0.3004, "bus_lcLookaheadLeft": 31.1032, "bus_lcPushy": 0.6791, "bus_lcSigma": 0.5498, "bus_lcSublane": 0.5708, "bus_sigma": 0.0079, "bus_tau_mean": 2.493, "bus_tau_std": 8.9362, "bus_v_mean": 9.3684, "bus_v_std": 5.1241, "car_acc": 2.3783, "car_dcc": 2.9058, "car_lcAssertive": 44.2604, "car_lcCooperative": 0.8535, "car_lcLookaheadLeft": 60.5761, "car_lcPushy": 0.0185, "car_lcSigma": 0.4569, "car_lcSublane": 0.5147, "car_sigma": 0.4882, "car_tau_mean": 0.9289, "car_tau_std": 0.3252, "car_v_mean": 11.8992, "car_v_std": 4.4504}, "datetime": {"datetime": "2024-08-07 11:00:43", "elapsed": 5546.025254, "delta": 4.493332}}
{"target": -0.3345016959164956, "params": {"bus_acc": 1.3725, "bus_dcc": 2.8248, "bus_lcAssertive": 11.2302, "bus_lcCooperative": 0.4746, "bus_lcLookaheadLeft": 33.0401, "bus_lcPushy": 0.7886, "bus_lcSigma": 0.6541, "bus_lcSublane": 0.025, "bus_sigma": 0.2817, "bus_tau_mean": 1.653, "bus_tau_std": 2.27, "bus_v_mean": 12.7015, "bus_v_std": 2.3462, "car_acc": 2.6059, "car_dcc": 1.3503, "car_lcAssertive": 67.9142, "car_lcCooperative": 0.7641, "car_lcLookaheadLeft": 20.8547, "car_lcPushy": 0.4362, "car_lcSigma": 0.393, "car_lcSublane": 0.6854, "car_sigma": 0.0709, "car_tau_mean": 1.4747, "car_tau_std": 3.1568, "car_v_mean": 15.8128, "car_v_std": 6.7807}, "datetime": {"datetime": "2024-08-07 11:00:56", "elapsed": 5558.553809, "delta": 12.528555}}
{"target": -0.3558352055161169, "params": {"bus_acc": 1.2165, "bus_dcc": 1.6651, "bus_lcAssertive": 21.3813, "bus_lcCooperative": 0.4184, "bus_lcLookaheadLeft": 92.2601, "bus_lcPushy": 0.6936, "bus_lcSigma": 0.3707, "bus_lcSublane": 0.459, "bus_sigma": 0.1452, "bus_tau_mean": 1.2097, "bus_tau_std": 5.9038, "bus_v_mean": 21.179, "bus_v_std": 1.1007, "car_acc": 1.6441, "car_dcc": 3.0507, "car_lcAssertive": 58.3001, "car_lcCooperative": 0.3114, "car_lcLookaheadLeft": 35.5238, "car_lcPushy": 0.9363, "car_lcSigma": 0.1487, "car_lcSublane": 0.3454, "car_sigma": 0.8638, "car_tau_mean": 3.2493, "car_tau_std": 4.7281, "car_v_mean": 15.9707, "car_v_std": 7.1189}, "datetime": {"datetime": "2024-08-07 11:01:10", "elapsed": 5572.909421, "delta": 14.355612}}
{"target": -0.3450125002673365, "params": {"bus_acc": 1.3659, "bus_dcc": 3.3785, "bus_lcAssertive": 19.3141, "bus_lcCooperative": 0.606, "bus_lcLookaheadLeft": 32.5157, "bus_lcPushy": 0.5075, "bus_lcSigma": 0.1366, "bus_lcSublane": 0.0701, "bus_sigma": 0.814, "bus_tau_mean": 3.1922, "bus_tau_std": 4.8905, "bus_v_mean": 23.4832, "bus_v_std": 8.993, "car_acc": 1.6434, "car_dcc": 1.2159, "car_lcAssertive": 43.5328, "car_lcCooperative": 0.1247, "car_lcLookaheadLeft": 54.6718, "car_lcPushy": 0.5129, "car_lcSigma": 0.0489, "car_lcSublane": 0.4595, "car_sigma": 0.166, "car_tau_mean": 3.0125, "car_tau_std": 3.252, "car_v_mean": 12.9326, "car_v_std": 6.9555}, "datetime": {"datetime": "2024-08-07 11:01:22", "elapsed": 5584.935868, "delta": 12.026447}}
{"target": -0.2858020350708219, "params": {"bus_acc": 1.3307, "bus_dcc": 1.0595, "bus_lcAssertive": 31.5162, "bus_lcCooperative": 0.6179, "bus_lcLookaheadLeft": 50.3341, "bus_lcPushy": 0.4963, "bus_lcSigma": 0.4211, "bus_lcSublane": 0.6444, "bus_sigma": 0.7497, "bus_tau_mean": 1.0359, "bus_tau_std": 9.2474, "bus_v_mean": 16.9774, "bus_v_std": 7.0604, "car_acc": 1.5033, "car_dcc": 2.0954, "car_lcAssertive": 7.3324, "car_lcCooperative": 0.3967, "car_lcLookaheadLeft": 30.1887, "car_lcPushy": 0.1382, "car_lcSigma": 0.3688, "car_lcSublane": 0.4865, "car_sigma": 0.0583, "car_tau_mean": 0.7174, "car_tau_std": 9.2031, "car_v_mean": 8.6008, "car_v_std": 1.9832}, "datetime": {"datetime": "2024-08-07 11:01:31", "elapsed": 5594.473419, "delta": 9.537551}}
{"target": -0.31196058686458134, "params": {"bus_acc": 2.2129, "bus_dcc": 2.61, "bus_lcAssertive": 48.4255, "bus_lcCooperative": 0.9638, "bus_lcLookaheadLeft": 75.746, "bus_lcPushy": 0.5927, "bus_lcSigma": 0.8915, "bus_lcSublane": 0.2916, "bus_sigma": 0.7841, "bus_tau_mean": 1.7647, "bus_tau_std": 7.9792, "bus_v_mean": 19.6675, "bus_v_std": 7.6222, "car_acc": 1.608, "car_dcc": 1.5676, "car_lcAssertive": 15.5547, "car_lcCooperative": 0.5693, "car_lcLookaheadLeft": 69.5623, "car_lcPushy": 0.278, "car_lcSigma": 0.4808, "car_lcSublane": 0.4106, "car_sigma": 0.0319, "car_tau_mean": 3.3712, "car_tau_std": 7.4371, "car_v_mean": 14.8865, "car_v_std": 6.4087}, "datetime": {"datetime": "2024-08-07 11:01:36", "elapsed": 5599.45051, "delta": 4.977091}}
