{"target": -0.051923343031408796, "params": {"bus_acc": 2.8854, "bus_dcc": 1.6063, "bus_lcAssertive": 91.8651, "bus_lcCooperative": 0.978, "bus_lcLookaheadLeft": 68.251, "bus_lcPushy": 0.3576, "bus_lcSublane": 0.6575, "bus_tau_mean": 2.2959, "bus_tau_std": 9.983, "bus_v_mean": 14.9739, "bus_v_std": 7.0711, "car_acc": 1.8415, "car_dcc": 1.7461, "car_lcAssertive": 15.2027, "car_lcCooperative": 0.747, "car_lcLookaheadLeft": 93.0423, "car_lcPushy": 0.5307, "car_lcSublane": 0.9927, "car_tau_mean": 3.5771, "car_tau_std": 3.2649, "car_v_mean": 11.957, "car_v_std": 9.4756}, "datetime": {"datetime": "2024-08-05 18:30:34", "elapsed": 486.390265, "delta": 6.970361}}
{"target": -0.055046952346533236, "params": {"bus_acc": 1.2897, "bus_dcc": 1.5849, "bus_lcAssertive": 5.1241, "bus_lcCooperative": 0.238, "bus_lcLookaheadLeft": 76.8262, "bus_lcPushy": 0.9133, "bus_lcSublane": 0.8696, "bus_tau_mean": 1.7451, "bus_tau_std": 3.0803, "bus_v_mean": 12.4029, "bus_v_std": 0.543, "car_acc": 1.9691, "car_dcc": 1.7046, "car_lcAssertive": 84.8904, "car_lcCooperative": 0.582, "car_lcLookaheadLeft": 88.7215, "car_lcPushy": 0.1804, "car_lcSublane": 0.6345, "car_tau_mean": 3.5947, "car_tau_std": 8.7196, "car_v_mean": 13.7746, "car_v_std": 3.9666}, "datetime": {"datetime": "2024-08-05 18:30:43", "elapsed": 495.436156, "delta": 9.045891}}
{"target": -0.05664097201549309, "params": {"bus_acc": 1.8614, "bus_dcc": 2.609, "bus_lcAssertive": 50.6912, "bus_lcCooperative": 0.6829, "bus_lcLookaheadLeft": 16.7576, "bus_lcPushy": 0.3696, "bus_lcSublane": 0.6487, "bus_tau_mean": 1.8659, "bus_tau_std": 4.1615, "bus_v_mean": 13.5527, "bus_v_std": 7.2658, "car_acc": 2.9224, "car_dcc": 3.7936, "car_lcAssertive": 35.9051, "car_lcCooperative": 0.588, "car_lcLookaheadLeft": 69.6292, "car_lcPushy": 0.1489, "car_lcSublane": 0.7214, "car_tau_mean": 1.5373, "car_tau_std": 1.7403, "car_v_mean": 10.229, "car_v_std": 5.7273}, "datetime": {"datetime": "2024-08-05 18:30:45", "elapsed": 497.251634, "delta": 1.815478}}
{"target": -0.062534481026332, "params": {"bus_acc": 1.0743, "bus_dcc": 3.604, "bus_lcAssertive": 9.6145, "bus_lcCooperative": 0.7421, "bus_lcLookaheadLeft": 8.9634, "bus_lcPushy": 0.8518, "bus_lcSublane": 0.0996, "bus_tau_mean": 3.9506, "bus_tau_std": 5.0471, "bus_v_mean": 13.4277, "bus_v_std": 8.011, "car_acc": 2.4582, "car_dcc": 3.3956, "car_lcAssertive": 50.9082, "car_lcCooperative": 0.0198, "car_lcLookaheadLeft": 45.5888, "car_lcPushy": 0.694, "car_lcSublane": 0.3603, "car_tau_mean": 0.9221, "car_tau_std": 2.1887, "car_v_mean": 14.1739, "car_v_std": 5.6462}, "datetime": {"datetime": "2024-08-05 18:30:47", "elapsed": 499.452355, "delta": 2.200721}}
{"target": -0.05567905331059215, "params": {"bus_acc": 2.2992, "bus_dcc": 1.4029, "bus_lcAssertive": 84.6527, "bus_lcCooperative": 0.4524, "bus_lcLookaheadLeft": 11.0188, "bus_lcPushy": 0.6367, "bus_lcSublane": 0.2173, "bus_tau_mean": 3.1233, "bus_tau_std": 2.0942, "bus_v_mean": 13.7197, "bus_v_std": 9.9591, "car_acc": 2.7471, "car_dcc": 3.145, "car_lcAssertive": 28.934, "car_lcCooperative": 0.934, "car_lcLookaheadLeft": 87.3733, "car_lcPushy": 0.6282, "car_lcSublane": 0.764, "car_tau_mean": 2.2087, "car_tau_std": 8.1114, "car_v_mean": 10.8235, "car_v_std": 6.0619}, "datetime": {"datetime": "2024-08-05 18:30:49", "elapsed": 501.260097, "delta": 1.807742}}
{"target": -0.05275772162462504, "params": {"bus_acc": 2.2839, "bus_dcc": 1.482, "bus_lcAssertive": 84.5601, "bus_lcCooperative": 0.2893, "bus_lcLookaheadLeft": 75.4136, "bus_lcPushy": 0.8587, "bus_lcSublane": 0.2273, "bus_tau_mean": 1.6156, "bus_tau_std": 5.0351, "bus_v_mean": 10.966, "bus_v_std": 4.2614, "car_acc": 2.9738, "car_dcc": 2.0648, "car_lcAssertive": 45.1869, "car_lcCooperative": 0.4637, "car_lcLookaheadLeft": 88.8, "car_lcPushy": 0.3867, "car_lcSublane": 0.3235, "car_tau_mean": 3.1999, "car_tau_std": 9.2507, "car_v_mean": 8.5927, "car_v_std": 5.8496}, "datetime": {"datetime": "2024-08-05 18:30:52", "elapsed": 504.657313, "delta": 3.397216}}
{"target": -0.05486843034492126, "params": {"bus_acc": 2.42, "bus_dcc": 2.5711, "bus_lcAssertive": 87.0071, "bus_lcCooperative": 0.5657, "bus_lcLookaheadLeft": 41.9923, "bus_lcPushy": 0.4751, "bus_lcSublane": 0.4427, "bus_tau_mean": 0.5539, "bus_tau_std": 1.5079, "bus_v_mean": 10.4789, "bus_v_std": 5.442, "car_acc": 2.5634, "car_dcc": 1.873, "car_lcAssertive": 68.7446, "car_lcCooperative": 0.1472, "car_lcLookaheadLeft": 81.3698, "car_lcPushy": 0.3044, "car_lcSublane": 0.5636, "car_tau_mean": 2.3711, "car_tau_std": 4.1883, "car_v_mean": 12.4278, "car_v_std": 7.0963}, "datetime": {"datetime": "2024-08-05 18:30:54", "elapsed": 506.268234, "delta": 1.610921}}
{"target": -0.05444367764778986, "params": {"bus_acc": 1.8117, "bus_dcc": 3.4107, "bus_lcAssertive": 84.0511, "bus_lcCooperative": 0.3774, "bus_lcLookaheadLeft": 47.0301, "bus_lcPushy": 0.5081, "bus_lcSublane": 0.1107, "bus_tau_mean": 2.6602, "bus_tau_std": 6.0535, "bus_v_mean": 19.1661, "bus_v_std": 0.7469, "car_acc": 2.7799, "car_dcc": 2.7085, "car_lcAssertive": 51.3131, "car_lcCooperative": 0.0247, "car_lcLookaheadLeft": 37.883, "car_lcPushy": 0.7895, "car_lcSublane": 0.1045, "car_tau_mean": 0.9023, "car_tau_std": 2.2133, "car_v_mean": 8.4688, "car_v_std": 4.3991}, "datetime": {"datetime": "2024-08-05 18:30:57", "elapsed": 509.072904, "delta": 2.80467}}
{"target": -0.04341996278666731, "params": {"bus_acc": 2.659, "bus_dcc": 2.835, "bus_lcAssertive": 90.5036, "bus_lcCooperative": 0.1828, "bus_lcLookaheadLeft": 26.6101, "bus_lcPushy": 0.4787, "bus_lcSublane": 0.4085, "bus_tau_mean": 3.3226, "bus_tau_std": 1.2428, "bus_v_mean": 9.5242, "bus_v_std": 6.5175, "car_acc": 1.7156, "car_dcc": 1.5155, "car_lcAssertive": 15.3936, "car_lcCooperative": 0.7979, "car_lcLookaheadLeft": 72.9414, "car_lcPushy": 0.0741, "car_lcSublane": 0.8439, "car_tau_mean": 1.9475, "car_tau_std": 2.5581, "car_v_mean": 8.091, "car_v_std": 1.6942}, "datetime": {"datetime": "2024-08-05 18:30:59", "elapsed": 511.052666, "delta": 1.979762}}
{"target": -0.052236486496879224, "params": {"bus_acc": 2.8611, "bus_dcc": 2.0525, "bus_lcAssertive": 23.1646, "bus_lcCooperative": 0.2754, "bus_lcLookaheadLeft": 97.5529, "bus_lcPushy": 0.9935, "bus_lcSublane": 0.789, "bus_tau_mean": 3.0333, "bus_tau_std": 6.1429, "bus_v_mean": 17.3196, "bus_v_std": 5.9736, "car_acc": 1.4714, "car_dcc": 1.0109, "car_lcAssertive": 49.1402, "car_lcCooperative": 0.7235, "car_lcLookaheadLeft": 59.1803, "car_lcPushy": 0.746, "car_lcSublane": 0.8408, "car_tau_mean": 1.9469, "car_tau_std": 1.5084, "car_v_mean": 14.694, "car_v_std": 6.5273}, "datetime": {"datetime": "2024-08-05 18:31:00", "elapsed": 512.44214, "delta": 1.389474}}
{"target": -0.04581534135655402, "params": {"bus_acc": 1.7919, "bus_dcc": 2.084, "bus_lcAssertive": 8.1937, "bus_lcCooperative": 0.1549, "bus_lcLookaheadLeft": 22.0326, "bus_lcPushy": 0.7381, "bus_lcSublane": 0.2729, "bus_tau_mean": 2.1009, "bus_tau_std": 0.9961, "bus_v_mean": 18.1095, "bus_v_std": 3.2053, "car_acc": 1.4402, "car_dcc": 1.4691, "car_lcAssertive": 3.3639, "car_lcCooperative": 0.7065, "car_lcLookaheadLeft": 70.0992, "car_lcPushy": 0.2499, "car_lcSublane": 0.2987, "car_tau_mean": 1.3693, "car_tau_std": 3.6695, "car_v_mean": 9.2213, "car_v_std": 1.6785}, "datetime": {"datetime": "2024-08-05 18:31:04", "elapsed": 515.839859, "delta": 3.397719}}
{"target": -0.049549452179790496, "params": {"bus_acc": 2.7791, "bus_dcc": 2.8039, "bus_lcAssertive": 56.6144, "bus_lcCooperative": 1.0, "bus_lcLookaheadLeft": 24.4336, "bus_lcPushy": 0.5743, "bus_lcSublane": 0.685, "bus_tau_mean": 2.2049, "bus_tau_std": 0.4662, "bus_v_mean": 17.6871, "bus_v_std": 4.852, "car_acc": 2.2998, "car_dcc": 2.2018, "car_lcAssertive": 37.3761, "car_lcCooperative": 0.0422, "car_lcLookaheadLeft": 76.7478, "car_lcPushy": 0.9823, "car_lcSublane": 0.3109, "car_tau_mean": 3.3587, "car_tau_std": 4.7229, "car_v_mean": 8.0, "car_v_std": 1.6814}, "datetime": {"datetime": "2024-08-05 18:31:06", "elapsed": 518.306969, "delta": 2.46711}}
{"target": -0.06398161457068667, "params": {"bus_acc": 2.4696, "bus_dcc": 3.5195, "bus_lcAssertive": 26.5076, "bus_lcCooperative": 0.9286, "bus_lcLookaheadLeft": 22.8724, "bus_lcPushy": 0.0797, "bus_lcSublane": 0.7008, "bus_tau_mean": 2.947, "bus_tau_std": 0.594, "bus_v_mean": 17.868, "bus_v_std": 5.7708, "car_acc": 2.1331, "car_dcc": 2.7124, "car_lcAssertive": 1.4672, "car_lcCooperative": 0.6146, "car_lcLookaheadLeft": 50.3313, "car_lcPushy": 0.2783, "car_lcSublane": 0.1912, "car_tau_mean": 1.1049, "car_tau_std": 0.1605, "car_v_mean": 14.9608, "car_v_std": 4.0013}, "datetime": {"datetime": "2024-08-05 18:31:07", "elapsed": 519.728328, "delta": 1.421359}}
{"target": -0.055816469625806754, "params": {"bus_acc": 1.7813, "bus_dcc": 3.5261, "bus_lcAssertive": 5.84, "bus_lcCooperative": 0.1051, "bus_lcLookaheadLeft": 16.513, "bus_lcPushy": 0.201, "bus_lcSublane": 0.0137, "bus_tau_mean": 1.2604, "bus_tau_std": 4.3285, "bus_v_mean": 15.5732, "bus_v_std": 5.3867, "car_acc": 2.6713, "car_dcc": 2.7079, "car_lcAssertive": 4.9094, "car_lcCooperative": 0.2768, "car_lcLookaheadLeft": 62.3316, "car_lcPushy": 0.349, "car_lcSublane": 0.9267, "car_tau_mean": 1.4508, "car_tau_std": 7.5825, "car_v_mean": 9.3463, "car_v_std": 0.7608}, "datetime": {"datetime": "2024-08-05 18:31:10", "elapsed": 521.803592, "delta": 2.075264}}
{"target": -0.059020284239948866, "params": {"bus_acc": 2.6747, "bus_dcc": 2.7727, "bus_lcAssertive": 68.3641, "bus_lcCooperative": 0.3339, "bus_lcLookaheadLeft": 60.1664, "bus_lcPushy": 0.4567, "bus_lcSublane": 0.4123, "bus_tau_mean": 2.0332, "bus_tau_std": 7.3466, "bus_v_mean": 16.7009, "bus_v_std": 6.7439, "car_acc": 1.4346, "car_dcc": 2.7608, "car_lcAssertive": 99.7933, "car_lcCooperative": 0.8732, "car_lcLookaheadLeft": 61.0795, "car_lcPushy": 0.7749, "car_lcSublane": 0.6516, "car_tau_mean": 3.2478, "car_tau_std": 0.4261, "car_v_mean": 11.6148, "car_v_std": 1.3744}, "datetime": {"datetime": "2024-08-05 18:31:11", "elapsed": 523.595705, "delta": 1.792113}}
{"target": -0.035463106769623255, "params": {"bus_acc": 2.9298, "bus_dcc": 2.4823, "bus_lcAssertive": 9.3945, "bus_lcCooperative": 0.2573, "bus_lcLookaheadLeft": 17.8286, "bus_lcPushy": 0.4675, "bus_lcSublane": 0.473, "bus_tau_mean": 3.0913, "bus_tau_std": 3.1423, "bus_v_mean": 11.0894, "bus_v_std": 4.9876, "car_acc": 2.4119, "car_dcc": 3.4565, "car_lcAssertive": 1.0, "car_lcCooperative": 0.9582, "car_lcLookaheadLeft": 62.2964, "car_lcPushy": 0.5243, "car_lcSublane": 1.0, "car_tau_mean": 2.8743, "car_tau_std": 1.8408, "car_v_mean": 8.0, "car_v_std": 5.4611}, "datetime": {"datetime": "2024-08-05 18:31:18", "elapsed": 530.498365, "delta": 6.90266}}
{"target": -0.0649819902602279, "params": {"bus_acc": 2.3087, "bus_dcc": 2.4339, "bus_lcAssertive": 52.0236, "bus_lcCooperative": 0.7533, "bus_lcLookaheadLeft": 41.0025, "bus_lcPushy": 0.7296, "bus_lcSublane": 0.8832, "bus_tau_mean": 3.1877, "bus_tau_std": 8.6686, "bus_v_mean": 16.5873, "bus_v_std": 1.6715, "car_acc": 2.4051, "car_dcc": 3.686, "car_lcAssertive": 42.1347, "car_lcCooperative": 0.8201, "car_lcLookaheadLeft": 48.2121, "car_lcPushy": 0.7595, "car_lcSublane": 0.9703, "car_tau_mean": 0.7513, "car_tau_std": 1.7266, "car_v_mean": 14.3686, "car_v_std": 9.2128}, "datetime": {"datetime": "2024-08-05 18:31:20", "elapsed": 532.650148, "delta": 2.151783}}
{"target": -0.06253245192507002, "params": {"bus_acc": 1.6964, "bus_dcc": 1.4698, "bus_lcAssertive": 6.1715, "bus_lcCooperative": 0.4376, "bus_lcLookaheadLeft": 63.1534, "bus_lcPushy": 0.6618, "bus_lcSublane": 0.8288, "bus_tau_mean": 2.2438, "bus_tau_std": 4.0061, "bus_v_mean": 22.3661, "bus_v_std": 4.2039, "car_acc": 2.32, "car_dcc": 3.1636, "car_lcAssertive": 93.117, "car_lcCooperative": 0.3436, "car_lcLookaheadLeft": 9.4452, "car_lcPushy": 0.8883, "car_lcSublane": 0.4299, "car_tau_mean": 2.8989, "car_tau_std": 7.8639, "car_v_mean": 10.8634, "car_v_std": 1.0798}, "datetime": {"datetime": "2024-08-05 18:31:22", "elapsed": 534.219028, "delta": 1.56888}}
{"target": -0.05388221393517973, "params": {"bus_acc": 2.7223, "bus_dcc": 2.9444, "bus_lcAssertive": 5.6966, "bus_lcCooperative": 0.7409, "bus_lcLookaheadLeft": 20.916, "bus_lcPushy": 0.3387, "bus_lcSublane": 0.4883, "bus_tau_mean": 2.3604, "bus_tau_std": 4.8619, "bus_v_mean": 16.9931, "bus_v_std": 4.2743, "car_acc": 2.568, "car_dcc": 2.4507, "car_lcAssertive": 9.8352, "car_lcCooperative": 0.2468, "car_lcLookaheadLeft": 64.2763, "car_lcPushy": 0.5164, "car_lcSublane": 0.3653, "car_tau_mean": 2.4027, "car_tau_std": 1.1457, "car_v_mean": 9.3377, "car_v_std": 3.5291}, "datetime": {"datetime": "2024-08-05 18:31:24", "elapsed": 535.799474, "delta": 1.580446}}
{"target": -0.05866720329607956, "params": {"bus_acc": 1.4881, "bus_dcc": 1.7924, "bus_lcAssertive": 42.1069, "bus_lcCooperative": 0.6484, "bus_lcLookaheadLeft": 41.3612, "bus_lcPushy": 0.6274, "bus_lcSublane": 0.7136, "bus_tau_mean": 3.6957, "bus_tau_std": 8.0303, "bus_v_mean": 15.275, "bus_v_std": 6.098, "car_acc": 1.0, "car_dcc": 3.8394, "car_lcAssertive": 16.061, "car_lcCooperative": 1.0, "car_lcLookaheadLeft": 78.9128, "car_lcPushy": 1.0, "car_lcSublane": 0.4108, "car_tau_mean": 1.4143, "car_tau_std": 4.3806, "car_v_mean": 24.0, "car_v_std": 1.8769}, "datetime": {"datetime": "2024-08-05 18:31:26", "elapsed": 537.934925, "delta": 2.135451}}
{"target": -0.054552749135693114, "params": {"bus_acc": 2.1209, "bus_dcc": 2.0346, "bus_lcAssertive": 69.9507, "bus_lcCooperative": 0.4715, "bus_lcLookaheadLeft": 30.5271, "bus_lcPushy": 0.073, "bus_lcSublane": 0.4822, "bus_tau_mean": 2.2164, "bus_tau_std": 6.0316, "bus_v_mean": 18.0735, "bus_v_std": 3.601, "car_acc": 1.963, "car_dcc": 2.2266, "car_lcAssertive": 31.3195, "car_lcCooperative": 0.0385, "car_lcLookaheadLeft": 93.0346, "car_lcPushy": 0.6023, "car_lcSublane": 0.247, "car_tau_mean": 3.0068, "car_tau_std": 8.6102, "car_v_mean": 9.6538, "car_v_std": 1.4563}, "datetime": {"datetime": "2024-08-05 18:31:29", "elapsed": 541.436269, "delta": 3.501344}}
{"target": -0.050862147754853565, "params": {"bus_acc": 2.3145, "bus_dcc": 2.9952, "bus_lcAssertive": 5.7744, "bus_lcCooperative": 0.1686, "bus_lcLookaheadLeft": 19.3667, "bus_lcPushy": 0.6163, "bus_lcSublane": 0.0593, "bus_tau_mean": 1.6826, "bus_tau_std": 3.3468, "bus_v_mean": 19.9799, "bus_v_std": 3.0304, "car_acc": 2.7843, "car_dcc": 2.8952, "car_lcAssertive": 2.6053, "car_lcCooperative": 0.5124, "car_lcLookaheadLeft": 66.9383, "car_lcPushy": 0.6892, "car_lcSublane": 0.7321, "car_tau_mean": 1.3385, "car_tau_std": 3.6613, "car_v_mean": 9.5235, "car_v_std": 6.6649}, "datetime": {"datetime": "2024-08-05 18:31:48", "elapsed": 560.652271, "delta": 19.216002}}
{"target": -0.05731533864127128, "params": {"bus_acc": 2.0075, "bus_dcc": 2.8696, "bus_lcAssertive": 61.5493, "bus_lcCooperative": 0.0601, "bus_lcLookaheadLeft": 17.5001, "bus_lcPushy": 0.3229, "bus_lcSublane": 0.4538, "bus_tau_mean": 2.0429, "bus_tau_std": 7.2094, "bus_v_mean": 18.5354, "bus_v_std": 6.6547, "car_acc": 2.3446, "car_dcc": 2.9532, "car_lcAssertive": 37.9016, "car_lcCooperative": 0.7668, "car_lcLookaheadLeft": 82.2144, "car_lcPushy": 0.5816, "car_lcSublane": 0.4488, "car_tau_mean": 3.3029, "car_tau_std": 3.8201, "car_v_mean": 10.8627, "car_v_std": 3.9939}, "datetime": {"datetime": "2024-08-05 18:31:50", "elapsed": 562.507666, "delta": 1.855395}}
{"target": -0.05900198662157148, "params": {"bus_acc": 2.7024, "bus_dcc": 3.0763, "bus_lcAssertive": 7.5396, "bus_lcCooperative": 0.3277, "bus_lcLookaheadLeft": 19.7071, "bus_lcPushy": 0.3234, "bus_lcSublane": 0.2988, "bus_tau_mean": 2.2461, "bus_tau_std": 6.5449, "bus_v_mean": 19.0332, "bus_v_std": 4.7877, "car_acc": 2.6295, "car_dcc": 2.8455, "car_lcAssertive": 4.6863, "car_lcCooperative": 0.454, "car_lcLookaheadLeft": 67.9341, "car_lcPushy": 0.4229, "car_lcSublane": 0.9394, "car_tau_mean": 1.4041, "car_tau_std": 4.5844, "car_v_mean": 14.0861, "car_v_std": 3.664}, "datetime": {"datetime": "2024-08-05 18:31:53", "elapsed": 564.83018, "delta": 2.322514}}
{"target": -0.0492556694829792, "params": {"bus_acc": 1.6523, "bus_dcc": 2.4609, "bus_lcAssertive": 70.5839, "bus_lcCooperative": 0.43, "bus_lcLookaheadLeft": 41.9931, "bus_lcPushy": 0.5952, "bus_lcSublane": 0.665, "bus_tau_mean": 2.4983, "bus_tau_std": 2.5265, "bus_v_mean": 9.5783, "bus_v_std": 1.0443, "car_acc": 1.3253, "car_dcc": 1.6074, "car_lcAssertive": 78.2184, "car_lcCooperative": 0.375, "car_lcLookaheadLeft": 24.4577, "car_lcPushy": 0.8687, "car_lcSublane": 0.8702, "car_tau_mean": 2.0967, "car_tau_std": 7.6833, "car_v_mean": 10.5821, "car_v_std": 7.4286}, "datetime": {"datetime": "2024-08-05 18:32:08", "elapsed": 579.81246, "delta": 14.98228}}
{"target": -0.05848757588303258, "params": {"bus_acc": 1.0, "bus_dcc": 2.1025, "bus_lcAssertive": 8.5241, "bus_lcCooperative": 0.0, "bus_lcLookaheadLeft": 76.4577, "bus_lcPushy": 0.5715, "bus_lcSublane": 0.5998, "bus_tau_mean": 0.5, "bus_tau_std": 8.0374, "bus_v_mean": 17.5265, "bus_v_std": 0.0, "car_acc": 1.6639, "car_dcc": 1.0, "car_lcAssertive": 83.0903, "car_lcCooperative": 1.0, "car_lcLookaheadLeft": 93.2114, "car_lcPushy": 0.1066, "car_lcSublane": 1.0, "car_tau_mean": 2.2351, "car_tau_std": 9.8213, "car_v_mean": 14.8874, "car_v_std": 5.9413}, "datetime": {"datetime": "2024-08-05 18:32:16", "elapsed": 588.054961, "delta": 8.242501}}
{"target": -0.041891374297113995, "params": {"bus_acc": 2.2997, "bus_dcc": 2.623, "bus_lcAssertive": 3.5189, "bus_lcCooperative": 0.287, "bus_lcLookaheadLeft": 17.6591, "bus_lcPushy": 0.5768, "bus_lcSublane": 0.5255, "bus_tau_mean": 1.5628, "bus_tau_std": 3.4942, "bus_v_mean": 19.6013, "bus_v_std": 5.4221, "car_acc": 2.7741, "car_dcc": 2.2234, "car_lcAssertive": 2.953, "car_lcCooperative": 0.8368, "car_lcLookaheadLeft": 66.4952, "car_lcPushy": 0.5331, "car_lcSublane": 0.5106, "car_tau_mean": 1.6806, "car_tau_std": 7.7832, "car_v_mean": 8.8194, "car_v_std": 4.1861}, "datetime": {"datetime": "2024-08-05 18:32:17", "elapsed": 589.641373, "delta": 1.586412}}
{"target": -0.041166742264929175, "params": {"bus_acc": 1.9261, "bus_dcc": 2.2574, "bus_lcAssertive": 10.6656, "bus_lcCooperative": 0.457, "bus_lcLookaheadLeft": 18.4944, "bus_lcPushy": 0.2811, "bus_lcSublane": 0.5477, "bus_tau_mean": 3.6018, "bus_tau_std": 4.5004, "bus_v_mean": 16.8781, "bus_v_std": 4.7533, "car_acc": 2.2545, "car_dcc": 2.163, "car_lcAssertive": 2.1233, "car_lcCooperative": 0.519, "car_lcLookaheadLeft": 68.9697, "car_lcPushy": 0.6829, "car_lcSublane": 0.864, "car_tau_mean": 1.381, "car_tau_std": 4.4867, "car_v_mean": 13.1019, "car_v_std": 3.4727}, "datetime": {"datetime": "2024-08-05 18:32:20", "elapsed": 592.009014, "delta": 2.367641}}
{"target": -0.07276649761922513, "params": {"bus_acc": 1.9269, "bus_dcc": 3.6986, "bus_lcAssertive": 2.2997, "bus_lcCooperative": 0.8336, "bus_lcLookaheadLeft": 69.6458, "bus_lcPushy": 0.2499, "bus_lcSublane": 0.9294, "bus_tau_mean": 1.6219, "bus_tau_std": 7.4312, "bus_v_mean": 23.4351, "bus_v_std": 8.4431, "car_acc": 2.4409, "car_dcc": 3.9881, "car_lcAssertive": 11.6793, "car_lcCooperative": 0.8447, "car_lcLookaheadLeft": 34.2054, "car_lcPushy": 0.6901, "car_lcSublane": 0.3861, "car_tau_mean": 3.9894, "car_tau_std": 3.9447, "car_v_mean": 21.761, "car_v_std": 0.7334}, "datetime": {"datetime": "2024-08-05 18:32:21", "elapsed": 593.350266, "delta": 1.341252}}
{"target": -0.06760589786273831, "params": {"bus_acc": 1.0, "bus_dcc": 1.0117, "bus_lcAssertive": 11.8328, "bus_lcCooperative": 0.6467, "bus_lcLookaheadLeft": 9.8851, "bus_lcPushy": 0.832, "bus_lcSublane": 0.5212, "bus_tau_mean": 4.0, "bus_tau_std": 0.1253, "bus_v_mean": 13.8378, "bus_v_std": 10.0, "car_acc": 1.7536, "car_dcc": 3.3962, "car_lcAssertive": 56.6301, "car_lcCooperative": 0.513, "car_lcLookaheadLeft": 46.116, "car_lcPushy": 0.03, "car_lcSublane": 0.0032, "car_tau_mean": 1.0455, "car_tau_std": 1.0075, "car_v_mean": 19.0367, "car_v_std": 9.1592}, "datetime": {"datetime": "2024-08-05 18:32:23", "elapsed": 595.350662, "delta": 2.000396}}
{"target": -0.03645983632286567, "params": {"bus_acc": 3.0, "bus_dcc": 1.0, "bus_lcAssertive": 2.948, "bus_lcCooperative": 1.0, "bus_lcLookaheadLeft": 20.6974, "bus_lcPushy": 0.0, "bus_lcSublane": 0.0, "bus_tau_mean": 2.825, "bus_tau_std": 0.1296, "bus_v_mean": 13.3123, "bus_v_std": 4.6403, "car_acc": 3.0, "car_dcc": 3.1911, "car_lcAssertive": 1.0, "car_lcCooperative": 1.0, "car_lcLookaheadLeft": 68.2027, "car_lcPushy": 1.0, "car_lcSublane": 1.0, "car_tau_mean": 0.5, "car_tau_std": 4.3575, "car_v_mean": 8.0, "car_v_std": 2.0898}, "datetime": {"datetime": "2024-08-05 18:32:31", "elapsed": 602.85491, "delta": 7.504248}}
{"target": -0.04833949736055361, "params": {"bus_acc": 2.5612, "bus_dcc": 2.9837, "bus_lcAssertive": 63.1163, "bus_lcCooperative": 0.2338, "bus_lcLookaheadLeft": 14.7361, "bus_lcPushy": 0.6052, "bus_lcSublane": 0.0765, "bus_tau_mean": 3.3132, "bus_tau_std": 6.4998, "bus_v_mean": 14.3942, "bus_v_std": 3.9773, "car_acc": 1.6527, "car_dcc": 2.9493, "car_lcAssertive": 37.3457, "car_lcCooperative": 0.3637, "car_lcLookaheadLeft": 81.3917, "car_lcPushy": 0.3551, "car_lcSublane": 0.4529, "car_tau_mean": 3.1867, "car_tau_std": 2.0936, "car_v_mean": 8.4011, "car_v_std": 2.7042}, "datetime": {"datetime": "2024-08-05 18:32:33", "elapsed": 605.011885, "delta": 2.156975}}
{"target": -0.06455721200606937, "params": {"bus_acc": 1.7523, "bus_dcc": 1.2417, "bus_lcAssertive": 11.6476, "bus_lcCooperative": 0.135, "bus_lcLookaheadLeft": 48.5461, "bus_lcPushy": 0.3263, "bus_lcSublane": 0.996, "bus_tau_mean": 2.945, "bus_tau_std": 1.6671, "bus_v_mean": 17.2685, "bus_v_std": 2.37, "car_acc": 1.2361, "car_dcc": 3.5364, "car_lcAssertive": 13.1382, "car_lcCooperative": 0.5213, "car_lcLookaheadLeft": 58.2088, "car_lcPushy": 0.0657, "car_lcSublane": 0.4359, "car_tau_mean": 1.4122, "car_tau_std": 4.4207, "car_v_mean": 14.8427, "car_v_std": 9.848}, "datetime": {"datetime": "2024-08-05 18:32:35", "elapsed": 607.378996, "delta": 2.367111}}
