{"target": -0.38375338815042753, "params": {"bus_acc": 2.976, "bus_dcc": 3.3677, "bus_lcAssertive": 74.9701, "bus_lcCooperative": 0.2204, "bus_lcLookaheadLeft": 93.2884, "bus_lcPushy": 0.2901, "bus_lcSigma": 0.9974, "bus_lcSpeedGainRight": 2.9014, "bus_lcSublane": 0.881, "bus_sigma": 0.4999, "bus_tau_mean": 3.6896, "bus_tau_std": 8.1032, "bus_v_mean": 19.5541, "bus_v_std": 17.558, "car_acc": 1.6299, "car_dcc": 1.16, "car_lcAssertive": 45.4006, "car_lcCooperative": 0.6096, "car_lcLookaheadLeft": 15.1968, "car_lcPushy": 0.1161, "car_lcSigma": 0.2695, "car_lcSpeedGainRight": 3.4433, "car_lcSublane": 0.1316, "car_sigma": 0.6481, "car_tau_mean": 2.3707, "car_tau_std": 5.559, "car_v_mean": 8.5581, "car_v_std": 2.4769}, "datetime": {"datetime": "2024-08-08 10:35:13", "elapsed": 2393.997243, "delta": 2.905634}}
{"target": -0.41022478740521656, "params": {"bus_acc": 1.1075, "bus_dcc": 3.4095, "bus_lcAssertive": 69.9533, "bus_lcCooperative": 0.183, "bus_lcLookaheadLeft": 99.54, "bus_lcPushy": 0.9027, "bus_lcSigma": 0.2502, "bus_lcSpeedGainRight": 3.355, "bus_lcSublane": 0.8405, "bus_sigma": 0.1024, "bus_tau_mean": 0.8463, "bus_tau_std": 4.051, "bus_v_mean": 22.3996, "bus_v_std": 19.935, "car_acc": 1.2445, "car_dcc": 2.0699, "car_lcAssertive": 14.2985, "car_lcCooperative": 0.3243, "car_lcLookaheadLeft": 34.4644, "car_lcPushy": 0.7186, "car_lcSigma": 0.003, "car_lcSpeedGainRight": 3.1098, "car_lcSublane": 0.3161, "car_sigma": 0.3109, "car_tau_mean": 1.6512, "car_tau_std": 5.8008, "car_v_mean": 9.8833, "car_v_std": 2.502}, "datetime": {"datetime": "2024-08-08 10:35:23", "elapsed": 2403.194037, "delta": 9.196794}}
{"target": -0.3469009633060076, "params": {"bus_acc": 2.2216, "bus_dcc": 3.3775, "bus_lcAssertive": 35.5978, "bus_lcCooperative": 0.8984, "bus_lcLookaheadLeft": 83.4602, "bus_lcPushy": 0.4602, "bus_lcSigma": 0.1182, "bus_lcSpeedGainRight": 0.3467, "bus_lcSublane": 0.5791, "bus_sigma": 0.9681, "bus_tau_mean": 2.311, "bus_tau_std": 8.7548, "bus_v_mean": 18.4358, "bus_v_std": 4.2415, "car_acc": 1.8473, "car_dcc": 2.0257, "car_lcAssertive": 41.2111, "car_lcCooperative": 0.7244, "car_lcLookaheadLeft": 75.6496, "car_lcPushy": 0.4923, "car_lcSigma": 0.2225, "car_lcSpeedGainRight": 3.4209, "car_lcSublane": 0.7524, "car_sigma": 0.9623, "car_tau_mean": 1.2562, "car_tau_std": 7.9562, "car_v_mean": 14.9645, "car_v_std": 18.1131}, "datetime": {"datetime": "2024-08-08 10:35:29", "elapsed": 2409.304997, "delta": 6.11096}}
{"target": -0.39037187219655417, "params": {"bus_acc": 2.1397, "bus_dcc": 3.6649, "bus_lcAssertive": 66.6328, "bus_lcCooperative": 0.5288, "bus_lcLookaheadLeft": 46.9501, "bus_lcPushy": 0.8138, "bus_lcSigma": 0.2805, "bus_lcSpeedGainRight": 4.8751, "bus_lcSublane": 0.2831, "bus_sigma": 0.8712, "bus_tau_mean": 0.7183, "bus_tau_std": 4.5558, "bus_v_mean": 13.8206, "bus_v_std": 18.5567, "car_acc": 2.9953, "car_dcc": 3.8555, "car_lcAssertive": 94.7242, "car_lcCooperative": 0.9003, "car_lcLookaheadLeft": 85.6825, "car_lcPushy": 0.1841, "car_lcSigma": 0.76, "car_lcSpeedGainRight": 4.0824, "car_lcSublane": 0.6297, "car_sigma": 0.2249, "car_tau_mean": 2.5715, "car_tau_std": 1.131, "car_v_mean": 9.6557, "car_v_std": 5.6322}, "datetime": {"datetime": "2024-08-08 10:35:46", "elapsed": 2426.592438, "delta": 17.287441}}
{"target": -0.3361008219878997, "params": {"bus_acc": 2.3859, "bus_dcc": 3.0024, "bus_lcAssertive": 19.1635, "bus_lcCooperative": 0.6, "bus_lcLookaheadLeft": 43.5164, "bus_lcPushy": 0.8549, "bus_lcSigma": 0.7951, "bus_lcSpeedGainRight": 2.4801, "bus_lcSublane": 0.7574, "bus_sigma": 0.5892, "bus_tau_mean": 0.8595, "bus_tau_std": 5.1672, "bus_v_mean": 8.4571, "bus_v_std": 7.2068, "car_acc": 2.6454, "car_dcc": 2.2169, "car_lcAssertive": 71.6231, "car_lcCooperative": 0.9068, "car_lcLookaheadLeft": 66.9733, "car_lcPushy": 0.6166, "car_lcSigma": 0.1089, "car_lcSpeedGainRight": 3.1553, "car_lcSublane": 0.3464, "car_sigma": 0.9429, "car_tau_mean": 2.9739, "car_tau_std": 5.4881, "car_v_mean": 15.3643, "car_v_std": 3.2217}, "datetime": {"datetime": "2024-08-08 10:35:49", "elapsed": 2429.591919, "delta": 2.999481}}
{"target": -0.35267442954879386, "params": {"bus_acc": 2.4704, "bus_dcc": 1.4627, "bus_lcAssertive": 28.1771, "bus_lcCooperative": 0.3276, "bus_lcLookaheadLeft": 28.4634, "bus_lcPushy": 0.0328, "bus_lcSigma": 0.44, "bus_lcSpeedGainRight": 1.2209, "bus_lcSublane": 0.6662, "bus_sigma": 0.3343, "bus_tau_mean": 3.8333, "bus_tau_std": 6.462, "bus_v_mean": 21.596, "bus_v_std": 4.5257, "car_acc": 2.218, "car_dcc": 3.0499, "car_lcAssertive": 41.9068, "car_lcCooperative": 0.4594, "car_lcLookaheadLeft": 57.2057, "car_lcPushy": 0.4089, "car_lcSigma": 0.3191, "car_lcSpeedGainRight": 1.7595, "car_lcSublane": 0.1278, "car_sigma": 0.3062, "car_tau_mean": 3.9521, "car_tau_std": 9.187, "car_v_mean": 9.0421, "car_v_std": 18.9734}, "datetime": {"datetime": "2024-08-08 10:35:57", "elapsed": 2437.193441, "delta": 7.601522}}
{"target": -0.37085130720461246, "params": {"bus_acc": 2.9768, "bus_dcc": 1.4548, "bus_lcAssertive": 71.0755, "bus_lcCooperative": 0.2498, "bus_lcLookaheadLeft": 8.1304, "bus_lcPushy": 0.4866, "bus_lcSigma": 0.018, "bus_lcSpeedGainRight": 0.5237, "bus_lcSublane": 0.8291, "bus_sigma": 0.6747, "bus_tau_mean": 1.9588, "bus_tau_std": 4.624, "bus_v_mean": 23.2702, "bus_v_std": 6.7456, "car_acc": 2.3219, "car_dcc": 3.2611, "car_lcAssertive": 96.4275, "car_lcCooperative": 0.7153, "car_lcLookaheadLeft": 61.5133, "car_lcPushy": 0.1708, "car_lcSigma": 0.1448, "car_lcSpeedGainRight": 1.3472, "car_lcSublane": 0.6713, "car_sigma": 0.1574, "car_tau_mean": 3.6482, "car_tau_std": 0.0098, "car_v_mean": 11.5032, "car_v_std": 8.7599}, "datetime": {"datetime": "2024-08-08 10:36:03", "elapsed": 2443.650656, "delta": 6.457215}}
{"target": -0.38022820882131053, "params": {"bus_acc": 1.7662, "bus_dcc": 2.4088, "bus_lcAssertive": 43.8492, "bus_lcCooperative": 0.5472, "bus_lcLookaheadLeft": 77.6359, "bus_lcPushy": 0.0976, "bus_lcSigma": 0.5737, "bus_lcSpeedGainRight": 3.0202, "bus_lcSublane": 0.1977, "bus_sigma": 0.8281, "bus_tau_mean": 2.9002, "bus_tau_std": 6.3217, "bus_v_mean": 19.091, "bus_v_std": 13.882, "car_acc": 1.5237, "car_dcc": 3.5744, "car_lcAssertive": 11.816, "car_lcCooperative": 0.7235, "car_lcLookaheadLeft": 7.0826, "car_lcPushy": 0.4214, "car_lcSigma": 0.135, "car_lcSpeedGainRight": 1.4226, "car_lcSublane": 0.9294, "car_sigma": 0.242, "car_tau_mean": 1.4378, "car_tau_std": 2.994, "car_v_mean": 21.068, "car_v_std": 11.6822}, "datetime": {"datetime": "2024-08-08 10:36:07", "elapsed": 2447.404662, "delta": 3.754006}}
{"target": -0.49809927190557274, "params": {"bus_acc": 2.6904, "bus_dcc": 1.6211, "bus_lcAssertive": 83.8829, "bus_lcCooperative": 0.5664, "bus_lcLookaheadLeft": 44.7726, "bus_lcPushy": 0.608, "bus_lcSigma": 0.8846, "bus_lcSpeedGainRight": 1.2806, "bus_lcSublane": 0.4188, "bus_sigma": 0.5465, "bus_tau_mean": 3.1583, "bus_tau_std": 5.0751, "bus_v_mean": 23.3315, "bus_v_std": 9.7495, "car_acc": 2.8364, "car_dcc": 1.9352, "car_lcAssertive": 87.7841, "car_lcCooperative": 0.0809, "car_lcLookaheadLeft": 15.6897, "car_lcPushy": 0.0961, "car_lcSigma": 0.063, "car_lcSpeedGainRight": 3.9804, "car_lcSublane": 0.0809, "car_sigma": 0.9752, "car_tau_mean": 0.7383, "car_tau_std": 1.2288, "car_v_mean": 20.9835, "car_v_std": 3.7829}, "datetime": {"datetime": "2024-08-08 10:36:10", "elapsed": 2450.770217, "delta": 3.365555}}
{"target": -0.38260078098639794, "params": {"bus_acc": 1.1571, "bus_dcc": 3.6667, "bus_lcAssertive": 10.5031, "bus_lcCooperative": 0.9497, "bus_lcLookaheadLeft": 57.1252, "bus_lcPushy": 0.9263, "bus_lcSigma": 0.6331, "bus_lcSpeedGainRight": 0.0292, "bus_lcSublane": 0.8549, "bus_sigma": 0.8199, "bus_tau_mean": 3.7647, "bus_tau_std": 8.9858, "bus_v_mean": 12.4935, "bus_v_std": 8.8623, "car_acc": 1.09, "car_dcc": 1.4219, "car_lcAssertive": 82.2272, "car_lcCooperative": 0.4582, "car_lcLookaheadLeft": 60.9316, "car_lcPushy": 0.9664, "car_lcSigma": 0.8977, "car_lcSpeedGainRight": 1.4427, "car_lcSublane": 0.7171, "car_sigma": 0.3881, "car_tau_mean": 0.592, "car_tau_std": 2.096, "car_v_mean": 20.5425, "car_v_std": 18.5176}, "datetime": {"datetime": "2024-08-08 10:36:15", "elapsed": 2455.00664, "delta": 4.236423}}
{"target": -0.34786192165688223, "params": {"bus_acc": 2.5072, "bus_dcc": 1.8027, "bus_lcAssertive": 81.5478, "bus_lcCooperative": 0.3681, "bus_lcLookaheadLeft": 83.134, "bus_lcPushy": 0.7768, "bus_lcSigma": 0.6331, "bus_lcSpeedGainRight": 4.8184, "bus_lcSublane": 0.4864, "bus_sigma": 0.2424, "bus_tau_mean": 3.1982, "bus_tau_std": 8.1964, "bus_v_mean": 9.7794, "bus_v_std": 6.9133, "car_acc": 2.521, "car_dcc": 2.0364, "car_lcAssertive": 86.903, "car_lcCooperative": 0.1032, "car_lcLookaheadLeft": 21.7199, "car_lcPushy": 0.9957, "car_lcSigma": 0.0807, "car_lcSpeedGainRight": 4.9595, "car_lcSublane": 0.4118, "car_sigma": 0.7697, "car_tau_mean": 2.6323, "car_tau_std": 0.6249, "car_v_mean": 10.512, "car_v_std": 13.5141}, "datetime": {"datetime": "2024-08-08 10:36:19", "elapsed": 2459.108303, "delta": 4.101663}}
{"target": -0.34763045017668476, "params": {"bus_acc": 1.0551, "bus_dcc": 3.2542, "bus_lcAssertive": 15.8537, "bus_lcCooperative": 0.8133, "bus_lcLookaheadLeft": 87.7706, "bus_lcPushy": 0.2968, "bus_lcSigma": 0.8508, "bus_lcSpeedGainRight": 1.9015, "bus_lcSublane": 0.0001, "bus_sigma": 0.0455, "bus_tau_mean": 2.1032, "bus_tau_std": 7.0941, "bus_v_mean": 20.5034, "bus_v_std": 14.0962, "car_acc": 1.2721, "car_dcc": 3.0117, "car_lcAssertive": 17.1481, "car_lcCooperative": 0.9903, "car_lcLookaheadLeft": 39.6815, "car_lcPushy": 0.2714, "car_lcSigma": 0.3409, "car_lcSpeedGainRight": 0.8895, "car_lcSublane": 0.68, "car_sigma": 0.5386, "car_tau_mean": 0.8089, "car_tau_std": 5.5628, "car_v_mean": 15.2423, "car_v_std": 6.0881}, "datetime": {"datetime": "2024-08-08 10:36:28", "elapsed": 2468.72739, "delta": 9.619087}}
{"target": -0.35761206805059154, "params": {"bus_acc": 2.4655, "bus_dcc": 3.9593, "bus_lcAssertive": 98.8737, "bus_lcCooperative": 0.5221, "bus_lcLookaheadLeft": 16.8596, "bus_lcPushy": 0.5884, "bus_lcSigma": 0.6424, "bus_lcSpeedGainRight": 4.4648, "bus_lcSublane": 0.4236, "bus_sigma": 0.3362, "bus_tau_mean": 2.1353, "bus_tau_std": 5.2162, "bus_v_mean": 9.5568, "bus_v_std": 9.0994, "car_acc": 1.081, "car_dcc": 1.2949, "car_lcAssertive": 28.8465, "car_lcCooperative": 0.102, "car_lcLookaheadLeft": 14.5215, "car_lcPushy": 0.5979, "car_lcSigma": 0.9369, "car_lcSpeedGainRight": 3.045, "car_lcSublane": 0.8948, "car_sigma": 0.31, "car_tau_mean": 1.9245, "car_tau_std": 2.3557, "car_v_mean": 9.9862, "car_v_std": 13.5319}, "datetime": {"datetime": "2024-08-08 10:36:30", "elapsed": 2470.829942, "delta": 2.102552}}
{"target": -0.33224968254192566, "params": {"bus_acc": 1.1044, "bus_dcc": 1.7239, "bus_lcAssertive": 83.2731, "bus_lcCooperative": 0.5861, "bus_lcLookaheadLeft": 80.5809, "bus_lcPushy": 0.6242, "bus_lcSigma": 0.06, "bus_lcSpeedGainRight": 2.0105, "bus_lcSublane": 0.7271, "bus_sigma": 0.9224, "bus_tau_mean": 1.4068, "bus_tau_std": 9.0692, "bus_v_mean": 14.244, "bus_v_std": 3.9001, "car_acc": 2.554, "car_dcc": 1.5244, "car_lcAssertive": 97.7496, "car_lcCooperative": 0.2169, "car_lcLookaheadLeft": 39.1813, "car_lcPushy": 0.9075, "car_lcSigma": 0.3213, "car_lcSpeedGainRight": 3.4143, "car_lcSublane": 0.9639, "car_sigma": 0.6604, "car_tau_mean": 1.0585, "car_tau_std": 7.9316, "car_v_mean": 22.8623, "car_v_std": 12.4388}, "datetime": {"datetime": "2024-08-08 10:36:40", "elapsed": 2480.558832, "delta": 9.72889}}
{"target": -0.3573075153521516, "params": {"bus_acc": 1.691, "bus_dcc": 2.8009, "bus_lcAssertive": 75.2927, "bus_lcCooperative": 0.1849, "bus_lcLookaheadLeft": 9.9223, "bus_lcPushy": 0.3615, "bus_lcSigma": 0.7284, "bus_lcSpeedGainRight": 0.4779, "bus_lcSublane": 0.6935, "bus_sigma": 0.8225, "bus_tau_mean": 3.571, "bus_tau_std": 9.222, "bus_v_mean": 13.4268, "bus_v_std": 13.6019, "car_acc": 2.0687, "car_dcc": 3.5486, "car_lcAssertive": 52.9352, "car_lcCooperative": 0.7829, "car_lcLookaheadLeft": 67.4158, "car_lcPushy": 0.3789, "car_lcSigma": 0.0487, "car_lcSpeedGainRight": 3.256, "car_lcSublane": 0.3331, "car_sigma": 0.4926, "car_tau_mean": 3.1776, "car_tau_std": 5.4807, "car_v_mean": 20.7833, "car_v_std": 19.6095}, "datetime": {"datetime": "2024-08-08 10:36:48", "elapsed": 2488.780893, "delta": 8.222061}}
{"target": -0.38080841462789494, "params": {"bus_acc": 1.3217, "bus_dcc": 3.5982, "bus_lcAssertive": 48.84, "bus_lcCooperative": 0.5882, "bus_lcLookaheadLeft": 70.3953, "bus_lcPushy": 0.7046, "bus_lcSigma": 0.4262, "bus_lcSpeedGainRight": 0.163, "bus_lcSublane": 0.2663, "bus_sigma": 0.0362, "bus_tau_mean": 1.5588, "bus_tau_std": 8.214, "bus_v_mean": 12.2947, "bus_v_std": 14.7321, "car_acc": 1.0713, "car_dcc": 1.3153, "car_lcAssertive": 70.2543, "car_lcCooperative": 0.2017, "car_lcLookaheadLeft": 85.1864, "car_lcPushy": 0.4711, "car_lcSigma": 0.1798, "car_lcSpeedGainRight": 1.7982, "car_lcSublane": 0.2639, "car_sigma": 0.323, "car_tau_mean": 2.8459, "car_tau_std": 9.749, "car_v_mean": 15.9617, "car_v_std": 10.4848}, "datetime": {"datetime": "2024-08-08 10:36:52", "elapsed": 2492.824083, "delta": 4.04319}}
{"target": -0.3350695735685686, "params": {"bus_acc": 2.6448, "bus_dcc": 1.2231, "bus_lcAssertive": 12.7646, "bus_lcCooperative": 0.9771, "bus_lcLookaheadLeft": 30.8006, "bus_lcPushy": 0.4658, "bus_lcSigma": 0.3253, "bus_lcSpeedGainRight": 0.1709, "bus_lcSublane": 0.6154, "bus_sigma": 0.7814, "bus_tau_mean": 1.6794, "bus_tau_std": 0.4112, "bus_v_mean": 20.5089, "bus_v_std": 1.9223, "car_acc": 1.393, "car_dcc": 1.1716, "car_lcAssertive": 97.4514, "car_lcCooperative": 0.2763, "car_lcLookaheadLeft": 98.4721, "car_lcPushy": 0.8581, "car_lcSigma": 0.8388, "car_lcSpeedGainRight": 1.5974, "car_lcSublane": 0.6314, "car_sigma": 0.7554, "car_tau_mean": 0.8684, "car_tau_std": 9.0394, "car_v_mean": 13.7974, "car_v_std": 2.1705}, "datetime": {"datetime": "2024-08-08 10:36:57", "elapsed": 2497.097718, "delta": 4.273635}}
{"target": -0.3339156213942529, "params": {"bus_acc": 2.2667, "bus_dcc": 2.3006, "bus_lcAssertive": 59.812, "bus_lcCooperative": 0.0481, "bus_lcLookaheadLeft": 87.8373, "bus_lcPushy": 0.5916, "bus_lcSigma": 0.2972, "bus_lcSpeedGainRight": 3.1804, "bus_lcSublane": 0.6788, "bus_sigma": 0.5094, "bus_tau_mean": 2.3018, "bus_tau_std": 0.5686, "bus_v_mean": 8.7666, "bus_v_std": 3.4904, "car_acc": 2.7762, "car_dcc": 2.9244, "car_lcAssertive": 33.1084, "car_lcCooperative": 0.3281, "car_lcLookaheadLeft": 5.2073, "car_lcPushy": 0.4639, "car_lcSigma": 0.8707, "car_lcSpeedGainRight": 0.0259, "car_lcSublane": 0.9751, "car_sigma": 0.4685, "car_tau_mean": 3.4269, "car_tau_std": 8.0118, "car_v_mean": 8.4222, "car_v_std": 13.0008}, "datetime": {"datetime": "2024-08-08 10:37:08", "elapsed": 2508.065683, "delta": 10.967965}}
{"target": -0.39729946228018187, "params": {"bus_acc": 2.4591, "bus_dcc": 2.0963, "bus_lcAssertive": 6.1249, "bus_lcCooperative": 0.4263, "bus_lcLookaheadLeft": 69.6751, "bus_lcPushy": 0.1543, "bus_lcSigma": 0.5728, "bus_lcSpeedGainRight": 3.4274, "bus_lcSublane": 0.4235, "bus_sigma": 0.0749, "bus_tau_mean": 3.8025, "bus_tau_std": 5.8229, "bus_v_mean": 11.8312, "bus_v_std": 4.2669, "car_acc": 1.3128, "car_dcc": 3.9989, "car_lcAssertive": 65.0557, "car_lcCooperative": 0.3484, "car_lcLookaheadLeft": 89.1833, "car_lcPushy": 0.8588, "car_lcSigma": 0.363, "car_lcSpeedGainRight": 1.1451, "car_lcSublane": 0.9599, "car_sigma": 0.1032, "car_tau_mean": 3.4188, "car_tau_std": 8.3216, "car_v_mean": 14.037, "car_v_std": 8.429}, "datetime": {"datetime": "2024-08-08 10:37:13", "elapsed": 2513.609129, "delta": 5.543446}}
{"target": -0.36272584912988864, "params": {"bus_acc": 1.6955, "bus_dcc": 3.8387, "bus_lcAssertive": 55.1198, "bus_lcCooperative": 0.0565, "bus_lcLookaheadLeft": 69.3509, "bus_lcPushy": 0.6408, "bus_lcSigma": 0.6163, "bus_lcSpeedGainRight": 4.7146, "bus_lcSublane": 0.4963, "bus_sigma": 0.996, "bus_tau_mean": 2.7482, "bus_tau_std": 1.8048, "bus_v_mean": 15.4063, "bus_v_std": 15.4114, "car_acc": 2.5973, "car_dcc": 3.443, "car_lcAssertive": 44.3032, "car_lcCooperative": 0.994, "car_lcLookaheadLeft": 5.2946, "car_lcPushy": 0.2635, "car_lcSigma": 0.5632, "car_lcSpeedGainRight": 0.1101, "car_lcSublane": 0.6784, "car_sigma": 0.8728, "car_tau_mean": 1.526, "car_tau_std": 1.7149, "car_v_mean": 23.4672, "car_v_std": 3.9437}, "datetime": {"datetime": "2024-08-08 10:37:15", "elapsed": 2515.882267, "delta": 2.273138}}
{"target": -0.3926902848301762, "params": {"bus_acc": 2.4697, "bus_dcc": 2.0469, "bus_lcAssertive": 76.2864, "bus_lcCooperative": 0.2303, "bus_lcLookaheadLeft": 35.1424, "bus_lcPushy": 0.7514, "bus_lcSigma": 0.7091, "bus_lcSpeedGainRight": 0.5559, "bus_lcSublane": 0.2253, "bus_sigma": 0.788, "bus_tau_mean": 2.2582, "bus_tau_std": 9.1014, "bus_v_mean": 20.196, "bus_v_std": 17.9543, "car_acc": 2.2065, "car_dcc": 3.7581, "car_lcAssertive": 66.3934, "car_lcCooperative": 0.1856, "car_lcLookaheadLeft": 31.7445, "car_lcPushy": 0.135, "car_lcSigma": 0.2993, "car_lcSpeedGainRight": 1.0473, "car_lcSublane": 0.7893, "car_sigma": 0.3858, "car_tau_mean": 3.8575, "car_tau_std": 5.667, "car_v_mean": 16.9566, "car_v_std": 1.7633}, "datetime": {"datetime": "2024-08-08 10:37:18", "elapsed": 2518.720469, "delta": 2.838202}}
{"target": -0.3308707328353438, "params": {"bus_acc": 2.7066, "bus_dcc": 2.836, "bus_lcAssertive": 86.2383, "bus_lcCooperative": 0.5916, "bus_lcLookaheadLeft": 12.8542, "bus_lcPushy": 0.9477, "bus_lcSigma": 0.221, "bus_lcSpeedGainRight": 0.5572, "bus_lcSublane": 0.5334, "bus_sigma": 0.9175, "bus_tau_mean": 1.229, "bus_tau_std": 6.1023, "bus_v_mean": 23.242, "bus_v_std": 11.269, "car_acc": 1.2375, "car_dcc": 2.5637, "car_lcAssertive": 80.4425, "car_lcCooperative": 0.0796, "car_lcLookaheadLeft": 83.2566, "car_lcPushy": 0.4365, "car_lcSigma": 0.9407, "car_lcSpeedGainRight": 0.3505, "car_lcSublane": 0.3248, "car_sigma": 0.5596, "car_tau_mean": 1.3246, "car_tau_std": 6.6482, "car_v_mean": 12.8206, "car_v_std": 13.6414}, "datetime": {"datetime": "2024-08-08 10:37:20", "elapsed": 2520.379264, "delta": 1.658795}}
{"target": -0.35242867014886475, "params": {"bus_acc": 1.2497, "bus_dcc": 3.16, "bus_lcAssertive": 42.9838, "bus_lcCooperative": 0.3081, "bus_lcLookaheadLeft": 12.2071, "bus_lcPushy": 0.2432, "bus_lcSigma": 0.2668, "bus_lcSpeedGainRight": 3.4639, "bus_lcSublane": 0.9317, "bus_sigma": 0.068, "bus_tau_mean": 3.0188, "bus_tau_std": 9.8546, "bus_v_mean": 15.4267, "bus_v_std": 9.7959, "car_acc": 1.4052, "car_dcc": 2.6609, "car_lcAssertive": 89.2532, "car_lcCooperative": 0.7133, "car_lcLookaheadLeft": 49.4926, "car_lcPushy": 0.4636, "car_lcSigma": 0.2201, "car_lcSpeedGainRight": 1.6629, "car_lcSublane": 0.5722, "car_sigma": 0.5194, "car_tau_mean": 1.5776, "car_tau_std": 4.7641, "car_v_mean": 17.4341, "car_v_std": 4.6315}, "datetime": {"datetime": "2024-08-08 10:37:24", "elapsed": 2524.817951, "delta": 4.438687}}
{"target": -0.36801028858690177, "params": {"bus_acc": 1.3879, "bus_dcc": 2.7727, "bus_lcAssertive": 70.2308, "bus_lcCooperative": 0.0964, "bus_lcLookaheadLeft": 94.9654, "bus_lcPushy": 0.1133, "bus_lcSigma": 0.4556, "bus_lcSpeedGainRight": 0.7305, "bus_lcSublane": 0.2079, "bus_sigma": 0.4392, "bus_tau_mean": 3.3707, "bus_tau_std": 5.6047, "bus_v_mean": 11.7802, "bus_v_std": 0.4417, "car_acc": 1.3005, "car_dcc": 3.8285, "car_lcAssertive": 15.5804, "car_lcCooperative": 0.7986, "car_lcLookaheadLeft": 51.6244, "car_lcPushy": 0.9804, "car_lcSigma": 0.901, "car_lcSpeedGainRight": 1.0515, "car_lcSublane": 0.5487, "car_sigma": 0.7707, "car_tau_mean": 3.9739, "car_tau_std": 2.2182, "car_v_mean": 23.519, "car_v_std": 6.0166}, "datetime": {"datetime": "2024-08-08 10:37:33", "elapsed": 2533.717737, "delta": 8.899786}}
{"target": -0.3469859166249818, "params": {"bus_acc": 2.7508, "bus_dcc": 3.7697, "bus_lcAssertive": 83.1257, "bus_lcCooperative": 0.0964, "bus_lcLookaheadLeft": 75.4664, "bus_lcPushy": 0.5082, "bus_lcSigma": 0.0166, "bus_lcSpeedGainRight": 3.5642, "bus_lcSublane": 0.1615, "bus_sigma": 0.6203, "bus_tau_mean": 3.5016, "bus_tau_std": 8.8313, "bus_v_mean": 13.6102, "bus_v_std": 11.9977, "car_acc": 1.689, "car_dcc": 1.8413, "car_lcAssertive": 84.6948, "car_lcCooperative": 0.7522, "car_lcLookaheadLeft": 28.5512, "car_lcPushy": 0.2114, "car_lcSigma": 0.7346, "car_lcSpeedGainRight": 2.3275, "car_lcSublane": 0.2156, "car_sigma": 0.5053, "car_tau_mean": 1.8761, "car_tau_std": 3.022, "car_v_mean": 23.9434, "car_v_std": 11.6065}, "datetime": {"datetime": "2024-08-08 10:37:35", "elapsed": 2535.368422, "delta": 1.650685}}
{"target": -0.38468598346781907, "params": {"bus_acc": 1.0676, "bus_dcc": 2.2679, "bus_lcAssertive": 57.5725, "bus_lcCooperative": 0.4968, "bus_lcLookaheadLeft": 52.0632, "bus_lcPushy": 0.5929, "bus_lcSigma": 0.7138, "bus_lcSpeedGainRight": 2.0359, "bus_lcSublane": 0.3751, "bus_sigma": 0.39, "bus_tau_mean": 3.6168, "bus_tau_std": 7.3431, "bus_v_mean": 20.4047, "bus_v_std": 3.0945, "car_acc": 1.551, "car_dcc": 2.935, "car_lcAssertive": 49.5729, "car_lcCooperative": 0.2232, "car_lcLookaheadLeft": 28.6914, "car_lcPushy": 0.7658, "car_lcSigma": 0.1732, "car_lcSpeedGainRight": 2.0383, "car_lcSublane": 0.3873, "car_sigma": 0.1492, "car_tau_mean": 3.2896, "car_tau_std": 8.365, "car_v_mean": 22.6908, "car_v_std": 6.2473}, "datetime": {"datetime": "2024-08-08 10:37:39", "elapsed": 2539.514859, "delta": 4.146437}}
