{"target": -0.3234012329452533, "params": {"bus_acc": 2.019, "bus_dcc": 1.6007, "bus_lcAssertive": 53.3002, "bus_lcCooperative": 0.2846, "bus_lcLookaheadLeft": 19.9787, "bus_lcPushy": 0.9928, "bus_lcSigma": 0.6424, "bus_lcSpeedGainRight": 2.7422, "bus_lcSublane": 0.8614, "bus_sigma": 0.2992, "bus_tau_mean": 1.4146, "bus_tau_std": 4.4599, "bus_v_mean": 8.2867, "bus_v_std": 15.7769, "car_acc": 1.6055, "car_dcc": 1.3945, "car_lcAssertive": 76.1101, "car_lcCooperative": 0.7, "car_lcLookaheadLeft": 46.7576, "car_lcPushy": 0.4272, "car_lcSigma": 0.2923, "car_lcSpeedGainRight": 0.431, "car_lcSublane": 0.092, "car_sigma": 0.0955, "car_tau_mean": 2.0156, "car_tau_std": 6.6059, "car_v_mean": 22.0801, "car_v_std": 10.3688}, "datetime": {"datetime": "2024-08-08 13:24:44", "elapsed": 2272.265675, "delta": 4.091397}}
{"target": -0.3480842306987535, "params": {"bus_acc": 2.3345, "bus_dcc": 3.4568, "bus_lcAssertive": 62.3839, "bus_lcCooperative": 0.5547, "bus_lcLookaheadLeft": 54.1407, "bus_lcPushy": 0.5366, "bus_lcSigma": 0.0102, "bus_lcSpeedGainRight": 2.309, "bus_lcSublane": 0.3583, "bus_sigma": 0.7854, "bus_tau_mean": 2.7832, "bus_tau_std": 1.209, "bus_v_mean": 14.9168, "bus_v_std": 6.8645, "car_acc": 2.266, "car_dcc": 3.9005, "car_lcAssertive": 89.4879, "car_lcCooperative": 0.6266, "car_lcLookaheadLeft": 37.5797, "car_lcPushy": 0.4915, "car_lcSigma": 0.226, "car_lcSpeedGainRight": 2.201, "car_lcSublane": 0.3968, "car_sigma": 0.4865, "car_tau_mean": 3.0741, "car_tau_std": 0.8705, "car_v_mean": 19.6393, "car_v_std": 6.3389}, "datetime": {"datetime": "2024-08-08 13:24:48", "elapsed": 2275.96657, "delta": 3.700895}}
{"target": -0.3481008640972037, "params": {"bus_acc": 1.7673, "bus_dcc": 3.9217, "bus_lcAssertive": 72.3083, "bus_lcCooperative": 0.1902, "bus_lcLookaheadLeft": 62.1438, "bus_lcPushy": 0.8972, "bus_lcSigma": 0.7512, "bus_lcSpeedGainRight": 1.2886, "bus_lcSublane": 0.2723, "bus_sigma": 0.7734, "bus_tau_mean": 3.1301, "bus_tau_std": 1.2537, "bus_v_mean": 19.7242, "bus_v_std": 6.3533, "car_acc": 2.4001, "car_dcc": 1.1754, "car_lcAssertive": 77.2421, "car_lcCooperative": 0.2953, "car_lcLookaheadLeft": 36.6181, "car_lcPushy": 0.518, "car_lcSigma": 0.3678, "car_lcSpeedGainRight": 3.2027, "car_lcSublane": 0.4696, "car_sigma": 0.2405, "car_tau_mean": 3.1231, "car_tau_std": 5.0912, "car_v_mean": 21.0367, "car_v_std": 14.8046}, "datetime": {"datetime": "2024-08-08 13:24:58", "elapsed": 2286.029233, "delta": 10.062663}}
{"target": -0.3813133298358088, "params": {"bus_acc": 2.6939, "bus_dcc": 2.313, "bus_lcAssertive": 1.2912, "bus_lcCooperative": 0.4762, "bus_lcLookaheadLeft": 86.33, "bus_lcPushy": 0.4501, "bus_lcSigma": 0.9751, "bus_lcSpeedGainRight": 4.1237, "bus_lcSublane": 0.6658, "bus_sigma": 0.336, "bus_tau_mean": 2.4376, "bus_tau_std": 1.5278, "bus_v_mean": 9.4798, "bus_v_std": 16.5841, "car_acc": 3.8984, "car_dcc": 2.712, "car_lcAssertive": 16.76, "car_lcCooperative": 0.4187, "car_lcLookaheadLeft": 37.9716, "car_lcPushy": 0.6652, "car_lcSigma": 0.0951, "car_lcSpeedGainRight": 1.7863, "car_lcSublane": 0.0617, "car_sigma": 0.3964, "car_tau_mean": 2.2978, "car_tau_std": 8.4736, "car_v_mean": 10.492, "car_v_std": 1.5838}, "datetime": {"datetime": "2024-08-08 13:25:05", "elapsed": 2293.382552, "delta": 7.353319}}
{"target": -0.3977547209103478, "params": {"bus_acc": 1.7135, "bus_dcc": 3.5602, "bus_lcAssertive": 38.5131, "bus_lcCooperative": 0.4994, "bus_lcLookaheadLeft": 67.9675, "bus_lcPushy": 0.4393, "bus_lcSigma": 0.3005, "bus_lcSpeedGainRight": 0.8212, "bus_lcSublane": 0.0038, "bus_sigma": 0.0285, "bus_tau_mean": 3.4366, "bus_tau_std": 2.5517, "bus_v_mean": 15.6891, "bus_v_std": 12.4821, "car_acc": 1.4304, "car_dcc": 3.7874, "car_lcAssertive": 42.6892, "car_lcCooperative": 0.5977, "car_lcLookaheadLeft": 94.4269, "car_lcPushy": 0.1537, "car_lcSigma": 0.2447, "car_lcSpeedGainRight": 2.2872, "car_lcSublane": 0.6565, "car_sigma": 0.5962, "car_tau_mean": 2.3156, "car_tau_std": 7.9207, "car_v_mean": 21.799, "car_v_std": 8.8201}, "datetime": {"datetime": "2024-08-08 13:25:13", "elapsed": 2301.06311, "delta": 7.680558}}
{"target": -0.38612668407005796, "params": {"bus_acc": 1.2547, "bus_dcc": 3.3401, "bus_lcAssertive": 99.1804, "bus_lcCooperative": 0.1294, "bus_lcLookaheadLeft": 88.3394, "bus_lcPushy": 0.1755, "bus_lcSigma": 0.3852, "bus_lcSpeedGainRight": 2.5898, "bus_lcSublane": 0.664, "bus_sigma": 0.6808, "bus_tau_mean": 3.0874, "bus_tau_std": 6.6925, "bus_v_mean": 16.1479, "bus_v_std": 18.0351, "car_acc": 4.8154, "car_dcc": 1.7097, "car_lcAssertive": 66.8923, "car_lcCooperative": 0.2983, "car_lcLookaheadLeft": 96.9089, "car_lcPushy": 0.6888, "car_lcSigma": 0.572, "car_lcSpeedGainRight": 4.9027, "car_lcSublane": 0.2708, "car_sigma": 0.8813, "car_tau_mean": 0.8786, "car_tau_std": 0.513, "car_v_mean": 18.8613, "car_v_std": 7.0076}, "datetime": {"datetime": "2024-08-08 13:25:20", "elapsed": 2307.692423, "delta": 6.629313}}
{"target": -0.3831877018753753, "params": {"bus_acc": 3.0892, "bus_dcc": 3.9689, "bus_lcAssertive": 47.1376, "bus_lcCooperative": 0.3297, "bus_lcLookaheadLeft": 18.3286, "bus_lcPushy": 0.4481, "bus_lcSigma": 0.9834, "bus_lcSpeedGainRight": 3.4902, "bus_lcSublane": 0.3726, "bus_sigma": 0.7286, "bus_tau_mean": 3.7899, "bus_tau_std": 9.9192, "bus_v_mean": 21.037, "bus_v_std": 5.8144, "car_acc": 2.3009, "car_dcc": 2.957, "car_lcAssertive": 25.2851, "car_lcCooperative": 0.1606, "car_lcLookaheadLeft": 66.4478, "car_lcPushy": 0.7121, "car_lcSigma": 0.7689, "car_lcSpeedGainRight": 1.0288, "car_lcSublane": 0.2765, "car_sigma": 0.6844, "car_tau_mean": 1.3957, "car_tau_std": 7.4953, "car_v_mean": 13.9857, "car_v_std": 5.0167}, "datetime": {"datetime": "2024-08-08 13:25:21", "elapsed": 2308.915987, "delta": 1.223564}}
{"target": -0.371758250178203, "params": {"bus_acc": 1.0029, "bus_dcc": 1.0029, "bus_lcAssertive": 81.0339, "bus_lcCooperative": 0.9186, "bus_lcLookaheadLeft": 29.0989, "bus_lcPushy": 0.577, "bus_lcSigma": 0.301, "bus_lcSpeedGainRight": 4.6054, "bus_lcSublane": 0.0336, "bus_sigma": 0.2493, "bus_tau_mean": 1.1977, "bus_tau_std": 4.789, "bus_v_mean": 8.0029, "bus_v_std": 11.8447, "car_acc": 3.0664, "car_dcc": 2.4709, "car_lcAssertive": 1.0029, "car_lcCooperative": 0.5323, "car_lcLookaheadLeft": 21.3863, "car_lcPushy": 0.9015, "car_lcSigma": 0.9971, "car_lcSpeedGainRight": 3.0934, "car_lcSublane": 0.3489, "car_sigma": 0.9713, "car_tau_mean": 3.9971, "car_tau_std": 3.9988, "car_v_mean": 16.9602, "car_v_std": 19.9971}, "datetime": {"datetime": "2024-08-08 13:25:23", "elapsed": 2310.758739, "delta": 1.842752}}
{"target": -0.38208876374954365, "params": {"bus_acc": 1.0025, "bus_dcc": 1.0025, "bus_lcAssertive": 81.0335, "bus_lcCooperative": 0.9182, "bus_lcLookaheadLeft": 29.0985, "bus_lcPushy": 0.5766, "bus_lcSigma": 0.3006, "bus_lcSpeedGainRight": 4.605, "bus_lcSublane": 0.0332, "bus_sigma": 0.2489, "bus_tau_mean": 1.1973, "bus_tau_std": 4.7886, "bus_v_mean": 8.0025, "bus_v_std": 11.8443, "car_acc": 3.066, "car_dcc": 2.4705, "car_lcAssertive": 1.0025, "car_lcCooperative": 0.5319, "car_lcLookaheadLeft": 21.3859, "car_lcPushy": 0.9011, "car_lcSigma": 0.9975, "car_lcSpeedGainRight": 3.093, "car_lcSublane": 0.3485, "car_sigma": 0.9709, "car_tau_mean": 3.9975, "car_tau_std": 3.9984, "car_v_mean": 16.9598, "car_v_std": 19.9975}, "datetime": {"datetime": "2024-08-08 13:25:30", "elapsed": 2317.687882, "delta": 6.929143}}
{"target": -0.36616939756208616, "params": {"bus_acc": 1.1968, "bus_dcc": 2.9583, "bus_lcAssertive": 51.6215, "bus_lcCooperative": 0.3539, "bus_lcLookaheadLeft": 78.3794, "bus_lcPushy": 0.8809, "bus_lcSigma": 0.105, "bus_lcSpeedGainRight": 2.0934, "bus_lcSublane": 0.0307, "bus_sigma": 0.2259, "bus_tau_mean": 1.8274, "bus_tau_std": 9.2886, "bus_v_mean": 9.1213, "bus_v_std": 18.8446, "car_acc": 3.1669, "car_dcc": 2.7622, "car_lcAssertive": 15.8679, "car_lcCooperative": 0.51, "car_lcLookaheadLeft": 96.8316, "car_lcPushy": 0.6993, "car_lcSigma": 0.9552, "car_lcSpeedGainRight": 2.5883, "car_lcSublane": 0.5996, "car_sigma": 0.8613, "car_tau_mean": 1.5657, "car_tau_std": 1.5423, "car_v_mean": 23.0628, "car_v_std": 3.9206}, "datetime": {"datetime": "2024-08-08 13:25:57", "elapsed": 2345.224458, "delta": 27.536576}}
{"target": -0.3697911797737531, "params": {"bus_acc": 3.2795, "bus_dcc": 3.6649, "bus_lcAssertive": 66.6328, "bus_lcCooperative": 0.5288, "bus_lcLookaheadLeft": 46.9501, "bus_lcPushy": 0.8138, "bus_lcSigma": 0.2805, "bus_lcSpeedGainRight": 4.8751, "bus_lcSublane": 0.2831, "bus_sigma": 0.8712, "bus_tau_mean": 0.7183, "bus_tau_std": 4.5558, "bus_v_mean": 13.8206, "bus_v_std": 18.5567, "car_acc": 4.9906, "car_dcc": 3.8555, "car_lcAssertive": 94.7242, "car_lcCooperative": 0.9003, "car_lcLookaheadLeft": 85.6825, "car_lcPushy": 0.1841, "car_lcSigma": 0.76, "car_lcSpeedGainRight": 4.0824, "car_lcSublane": 0.6297, "car_sigma": 0.2249, "car_tau_mean": 2.5715, "car_tau_std": 1.131, "car_v_mean": 9.6557, "car_v_std": 5.6322}, "datetime": {"datetime": "2024-08-08 13:26:04", "elapsed": 2352.245212, "delta": 7.020754}}
{"target": -0.34854860071829563, "params": {"bus_acc": 1.4994, "bus_dcc": 3.16, "bus_lcAssertive": 42.9838, "bus_lcCooperative": 0.3081, "bus_lcLookaheadLeft": 12.2071, "bus_lcPushy": 0.2432, "bus_lcSigma": 0.2668, "bus_lcSpeedGainRight": 3.4639, "bus_lcSublane": 0.9317, "bus_sigma": 0.068, "bus_tau_mean": 3.0188, "bus_tau_std": 9.8546, "bus_v_mean": 15.4267, "bus_v_std": 9.7959, "car_acc": 1.8103, "car_dcc": 2.6609, "car_lcAssertive": 89.2532, "car_lcCooperative": 0.7133, "car_lcLookaheadLeft": 49.4926, "car_lcPushy": 0.4636, "car_lcSigma": 0.2201, "car_lcSpeedGainRight": 1.6629, "car_lcSublane": 0.5722, "car_sigma": 0.5194, "car_tau_mean": 1.5776, "car_tau_std": 4.7641, "car_v_mean": 17.4341, "car_v_std": 4.6315}, "datetime": {"datetime": "2024-08-08 13:26:10", "elapsed": 2357.553342, "delta": 5.30813}}
{"target": -0.3050158186431574, "params": {"bus_acc": 4.0144, "bus_dcc": 1.8027, "bus_lcAssertive": 81.5478, "bus_lcCooperative": 0.3681, "bus_lcLookaheadLeft": 83.134, "bus_lcPushy": 0.7768, "bus_lcSigma": 0.6331, "bus_lcSpeedGainRight": 4.8184, "bus_lcSublane": 0.4864, "bus_sigma": 0.2424, "bus_tau_mean": 3.1982, "bus_tau_std": 8.1964, "bus_v_mean": 9.7794, "bus_v_std": 6.9133, "car_acc": 4.0421, "car_dcc": 2.0364, "car_lcAssertive": 86.903, "car_lcCooperative": 0.1032, "car_lcLookaheadLeft": 21.7199, "car_lcPushy": 0.9957, "car_lcSigma": 0.0807, "car_lcSpeedGainRight": 4.9595, "car_lcSublane": 0.4118, "car_sigma": 0.7697, "car_tau_mean": 2.6323, "car_tau_std": 0.6249, "car_v_mean": 10.512, "car_v_std": 13.5141}, "datetime": {"datetime": "2024-08-08 13:26:19", "elapsed": 2367.290343, "delta": 9.737001}}
{"target": -0.34129790530205767, "params": {"bus_acc": 1.5713, "bus_dcc": 2.5225, "bus_lcAssertive": 63.9973, "bus_lcCooperative": 0.8565, "bus_lcLookaheadLeft": 70.1355, "bus_lcPushy": 0.3241, "bus_lcSigma": 0.2773, "bus_lcSpeedGainRight": 4.6138, "bus_lcSublane": 0.8696, "bus_sigma": 0.6608, "bus_tau_mean": 1.5203, "bus_tau_std": 6.4261, "bus_v_mean": 10.5597, "bus_v_std": 10.1713, "car_acc": 1.5756, "car_dcc": 1.8487, "car_lcAssertive": 24.1601, "car_lcCooperative": 0.6788, "car_lcLookaheadLeft": 42.5955, "car_lcPushy": 0.7667, "car_lcSigma": 0.9215, "car_lcSpeedGainRight": 2.4476, "car_lcSublane": 0.6303, "car_sigma": 0.6506, "car_tau_mean": 0.9914, "car_tau_std": 7.9184, "car_v_mean": 20.5407, "car_v_std": 5.9736}, "datetime": {"datetime": "2024-08-08 13:26:53", "elapsed": 2401.052566, "delta": 33.762223}}
{"target": -0.3265537748883586, "params": {"bus_acc": 3.9182, "bus_dcc": 2.0963, "bus_lcAssertive": 6.1249, "bus_lcCooperative": 0.4263, "bus_lcLookaheadLeft": 69.6751, "bus_lcPushy": 0.1543, "bus_lcSigma": 0.5728, "bus_lcSpeedGainRight": 3.4274, "bus_lcSublane": 0.4235, "bus_sigma": 0.0749, "bus_tau_mean": 3.8025, "bus_tau_std": 5.8229, "bus_v_mean": 11.8312, "bus_v_std": 4.2669, "car_acc": 1.6257, "car_dcc": 3.9989, "car_lcAssertive": 65.0557, "car_lcCooperative": 0.3484, "car_lcLookaheadLeft": 89.1833, "car_lcPushy": 0.8588, "car_lcSigma": 0.363, "car_lcSpeedGainRight": 1.1451, "car_lcSublane": 0.9599, "car_sigma": 0.1032, "car_tau_mean": 3.4188, "car_tau_std": 8.3216, "car_v_mean": 14.037, "car_v_std": 8.429}, "datetime": {"datetime": "2024-08-08 13:27:10", "elapsed": 2417.985531, "delta": 16.932965}}
{"target": -0.41618590119612114, "params": {"bus_acc": 4.9519, "bus_dcc": 3.3677, "bus_lcAssertive": 74.9701, "bus_lcCooperative": 0.2204, "bus_lcLookaheadLeft": 93.2884, "bus_lcPushy": 0.2901, "bus_lcSigma": 0.9974, "bus_lcSpeedGainRight": 2.9014, "bus_lcSublane": 0.881, "bus_sigma": 0.4999, "bus_tau_mean": 3.6896, "bus_tau_std": 8.1032, "bus_v_mean": 19.5541, "bus_v_std": 17.558, "car_acc": 2.2599, "car_dcc": 1.16, "car_lcAssertive": 45.4006, "car_lcCooperative": 0.6096, "car_lcLookaheadLeft": 15.1968, "car_lcPushy": 0.1161, "car_lcSigma": 0.2695, "car_lcSpeedGainRight": 3.4433, "car_lcSublane": 0.1316, "car_sigma": 0.6481, "car_tau_mean": 2.3707, "car_tau_std": 5.559, "car_v_mean": 8.5581, "car_v_std": 2.4769}, "datetime": {"datetime": "2024-08-08 13:27:40", "elapsed": 2447.837282, "delta": 29.851751}}
{"target": -0.36205807673580237, "params": {"bus_acc": 4.9536, "bus_dcc": 1.4548, "bus_lcAssertive": 71.0755, "bus_lcCooperative": 0.2498, "bus_lcLookaheadLeft": 8.1304, "bus_lcPushy": 0.4866, "bus_lcSigma": 0.018, "bus_lcSpeedGainRight": 0.5237, "bus_lcSublane": 0.8291, "bus_sigma": 0.6747, "bus_tau_mean": 1.9588, "bus_tau_std": 4.624, "bus_v_mean": 23.2702, "bus_v_std": 6.7456, "car_acc": 3.6438, "car_dcc": 3.2611, "car_lcAssertive": 96.4275, "car_lcCooperative": 0.7153, "car_lcLookaheadLeft": 61.5133, "car_lcPushy": 0.1708, "car_lcSigma": 0.1448, "car_lcSpeedGainRight": 1.3472, "car_lcSublane": 0.6713, "car_sigma": 0.1574, "car_tau_mean": 3.6482, "car_tau_std": 0.0098, "car_v_mean": 11.5032, "car_v_std": 8.7599}, "datetime": {"datetime": "2024-08-08 13:27:49", "elapsed": 2456.759927, "delta": 8.922645}}
{"target": -0.3890948405032396, "params": {"bus_acc": 1.2149, "bus_dcc": 3.4095, "bus_lcAssertive": 69.9533, "bus_lcCooperative": 0.183, "bus_lcLookaheadLeft": 99.54, "bus_lcPushy": 0.9027, "bus_lcSigma": 0.2502, "bus_lcSpeedGainRight": 3.355, "bus_lcSublane": 0.8405, "bus_sigma": 0.1024, "bus_tau_mean": 0.8463, "bus_tau_std": 4.051, "bus_v_mean": 22.3996, "bus_v_std": 19.935, "car_acc": 1.489, "car_dcc": 2.0699, "car_lcAssertive": 14.2985, "car_lcCooperative": 0.3243, "car_lcLookaheadLeft": 34.4644, "car_lcPushy": 0.7186, "car_lcSigma": 0.003, "car_lcSpeedGainRight": 3.1098, "car_lcSublane": 0.3161, "car_sigma": 0.3109, "car_tau_mean": 1.6512, "car_tau_std": 5.8008, "car_v_mean": 9.8833, "car_v_std": 2.502}, "datetime": {"datetime": "2024-08-08 13:27:52", "elapsed": 2459.855583, "delta": 3.095656}}
{"target": -0.3587196899458118, "params": {"bus_acc": 2.2536, "bus_dcc": 1.9197, "bus_lcAssertive": 50.7791, "bus_lcCooperative": 0.2285, "bus_lcLookaheadLeft": 72.7441, "bus_lcPushy": 0.2262, "bus_lcSigma": 0.7669, "bus_lcSpeedGainRight": 0.6226, "bus_lcSublane": 0.1404, "bus_sigma": 0.7112, "bus_tau_mean": 2.0328, "bus_tau_std": 4.1781, "bus_v_mean": 19.1122, "bus_v_std": 0.8314, "car_acc": 2.0057, "car_dcc": 2.5146, "car_lcAssertive": 83.1227, "car_lcCooperative": 0.1716, "car_lcLookaheadLeft": 41.9715, "car_lcPushy": 0.1636, "car_lcSigma": 0.1839, "car_lcSpeedGainRight": 3.3468, "car_lcSublane": 0.4713, "car_sigma": 0.7718, "car_tau_mean": 1.7123, "car_tau_std": 8.0577, "car_v_mean": 9.6641, "car_v_std": 18.9136}, "datetime": {"datetime": "2024-08-08 13:27:54", "elapsed": 2462.24211, "delta": 2.386527}}
{"target": -0.3370230268756813, "params": {"bus_acc": 1.1102, "bus_dcc": 3.2542, "bus_lcAssertive": 15.8537, "bus_lcCooperative": 0.8133, "bus_lcLookaheadLeft": 87.7706, "bus_lcPushy": 0.2968, "bus_lcSigma": 0.8508, "bus_lcSpeedGainRight": 1.9015, "bus_lcSublane": 0.0001, "bus_sigma": 0.0455, "bus_tau_mean": 2.1032, "bus_tau_std": 7.0941, "bus_v_mean": 20.5034, "bus_v_std": 14.0962, "car_acc": 1.5441, "car_dcc": 3.0117, "car_lcAssertive": 17.1481, "car_lcCooperative": 0.9903, "car_lcLookaheadLeft": 39.6815, "car_lcPushy": 0.2714, "car_lcSigma": 0.3409, "car_lcSpeedGainRight": 0.8895, "car_lcSublane": 0.68, "car_sigma": 0.5386, "car_tau_mean": 0.8089, "car_tau_std": 5.5628, "car_v_mean": 15.2423, "car_v_std": 6.0881}, "datetime": {"datetime": "2024-08-08 13:27:56", "elapsed": 2463.969336, "delta": 1.727226}}
{"target": -0.36827682479541635, "params": {"bus_acc": 2.5324, "bus_dcc": 2.4088, "bus_lcAssertive": 43.8492, "bus_lcCooperative": 0.5472, "bus_lcLookaheadLeft": 77.6359, "bus_lcPushy": 0.0976, "bus_lcSigma": 0.5737, "bus_lcSpeedGainRight": 3.0202, "bus_lcSublane": 0.1977, "bus_sigma": 0.8281, "bus_tau_mean": 2.9002, "bus_tau_std": 6.3217, "bus_v_mean": 19.091, "bus_v_std": 13.882, "car_acc": 2.0474, "car_dcc": 3.5744, "car_lcAssertive": 11.816, "car_lcCooperative": 0.7235, "car_lcLookaheadLeft": 7.0826, "car_lcPushy": 0.4214, "car_lcSigma": 0.135, "car_lcSpeedGainRight": 1.4226, "car_lcSublane": 0.9294, "car_sigma": 0.242, "car_tau_mean": 1.4378, "car_tau_std": 2.994, "car_v_mean": 21.068, "car_v_std": 11.6822}, "datetime": {"datetime": "2024-08-08 13:27:57", "elapsed": 2464.892501, "delta": 0.923165}}
{"target": -0.38988821771907334, "params": {"bus_acc": 1.3141, "bus_dcc": 3.6667, "bus_lcAssertive": 10.5031, "bus_lcCooperative": 0.9497, "bus_lcLookaheadLeft": 57.1252, "bus_lcPushy": 0.9263, "bus_lcSigma": 0.6331, "bus_lcSpeedGainRight": 0.0292, "bus_lcSublane": 0.8549, "bus_sigma": 0.8199, "bus_tau_mean": 3.7647, "bus_tau_std": 8.9858, "bus_v_mean": 12.4935, "bus_v_std": 8.8623, "car_acc": 1.18, "car_dcc": 1.4219, "car_lcAssertive": 82.2272, "car_lcCooperative": 0.4582, "car_lcLookaheadLeft": 60.9316, "car_lcPushy": 0.9664, "car_lcSigma": 0.8977, "car_lcSpeedGainRight": 1.4427, "car_lcSublane": 0.7171, "car_sigma": 0.3881, "car_tau_mean": 0.592, "car_tau_std": 2.096, "car_v_mean": 20.5425, "car_v_std": 18.5176}, "datetime": {"datetime": "2024-08-08 13:27:58", "elapsed": 2466.30638, "delta": 1.413879}}
{"target": -0.3474647641697167, "params": {"bus_acc": 4.2896, "bus_dcc": 1.2231, "bus_lcAssertive": 12.7646, "bus_lcCooperative": 0.9771, "bus_lcLookaheadLeft": 30.8006, "bus_lcPushy": 0.4658, "bus_lcSigma": 0.3253, "bus_lcSpeedGainRight": 0.1709, "bus_lcSublane": 0.6154, "bus_sigma": 0.7814, "bus_tau_mean": 1.6794, "bus_tau_std": 0.4112, "bus_v_mean": 20.5089, "bus_v_std": 1.9223, "car_acc": 1.7861, "car_dcc": 1.1716, "car_lcAssertive": 97.4514, "car_lcCooperative": 0.2763, "car_lcLookaheadLeft": 98.4721, "car_lcPushy": 0.8581, "car_lcSigma": 0.8388, "car_lcSpeedGainRight": 1.5974, "car_lcSublane": 0.6314, "car_sigma": 0.7554, "car_tau_mean": 0.8684, "car_tau_std": 9.0394, "car_v_mean": 13.7974, "car_v_std": 2.1705}, "datetime": {"datetime": "2024-08-08 13:28:05", "elapsed": 2473.149613, "delta": 6.843233}}
{"target": -0.3581463605386235, "params": {"bus_acc": 3.4432, "bus_dcc": 3.3775, "bus_lcAssertive": 35.5978, "bus_lcCooperative": 0.8984, "bus_lcLookaheadLeft": 83.4602, "bus_lcPushy": 0.4602, "bus_lcSigma": 0.1182, "bus_lcSpeedGainRight": 0.3467, "bus_lcSublane": 0.5791, "bus_sigma": 0.9681, "bus_tau_mean": 2.311, "bus_tau_std": 8.7548, "bus_v_mean": 18.4358, "bus_v_std": 4.2415, "car_acc": 2.6946, "car_dcc": 2.0257, "car_lcAssertive": 41.2111, "car_lcCooperative": 0.7244, "car_lcLookaheadLeft": 75.6496, "car_lcPushy": 0.4923, "car_lcSigma": 0.2225, "car_lcSpeedGainRight": 3.4209, "car_lcSublane": 0.7524, "car_sigma": 0.9623, "car_tau_mean": 1.2562, "car_tau_std": 7.9562, "car_v_mean": 14.9645, "car_v_std": 18.1131}, "datetime": {"datetime": "2024-08-08 13:28:23", "elapsed": 2491.248843, "delta": 18.09923}}
{"target": -0.3672982206190004, "params": {"bus_acc": 2.3909, "bus_dcc": 3.8387, "bus_lcAssertive": 55.1198, "bus_lcCooperative": 0.0565, "bus_lcLookaheadLeft": 69.3509, "bus_lcPushy": 0.6408, "bus_lcSigma": 0.6163, "bus_lcSpeedGainRight": 4.7146, "bus_lcSublane": 0.4963, "bus_sigma": 0.996, "bus_tau_mean": 2.7482, "bus_tau_std": 1.8048, "bus_v_mean": 15.4063, "bus_v_std": 15.4114, "car_acc": 4.1946, "car_dcc": 3.443, "car_lcAssertive": 44.3032, "car_lcCooperative": 0.994, "car_lcLookaheadLeft": 5.2946, "car_lcPushy": 0.2635, "car_lcSigma": 0.5632, "car_lcSpeedGainRight": 0.1101, "car_lcSublane": 0.6784, "car_sigma": 0.8728, "car_tau_mean": 1.526, "car_tau_std": 1.7149, "car_v_mean": 23.4672, "car_v_std": 3.9437}, "datetime": {"datetime": "2024-08-08 13:28:26", "elapsed": 2493.537534, "delta": 2.288691}}
{"target": -0.3409466068060532, "params": {"bus_acc": 1.2087, "bus_dcc": 1.7239, "bus_lcAssertive": 83.2731, "bus_lcCooperative": 0.5861, "bus_lcLookaheadLeft": 80.5809, "bus_lcPushy": 0.6242, "bus_lcSigma": 0.06, "bus_lcSpeedGainRight": 2.0105, "bus_lcSublane": 0.7271, "bus_sigma": 0.9224, "bus_tau_mean": 1.4068, "bus_tau_std": 9.0692, "bus_v_mean": 14.244, "bus_v_std": 3.9001, "car_acc": 4.1081, "car_dcc": 1.5244, "car_lcAssertive": 97.7496, "car_lcCooperative": 0.2169, "car_lcLookaheadLeft": 39.1813, "car_lcPushy": 0.9075, "car_lcSigma": 0.3213, "car_lcSpeedGainRight": 3.4143, "car_lcSublane": 0.9639, "car_sigma": 0.6604, "car_tau_mean": 1.0585, "car_tau_std": 7.9316, "car_v_mean": 22.8623, "car_v_std": 12.4388}, "datetime": {"datetime": "2024-08-08 13:28:27", "elapsed": 2495.084493, "delta": 1.546959}}
