{"target": -0.40915945849279367, "params": {"bus_acc": 1.2855865656060008, "bus_dcc": 1.2823008234989182, "bus_lcAssertive": 87.14898287433239, "bus_lcCooperative": 0.23686870355699852, "bus_lcLookaheadLeft": 39.82839308021436, "bus_lcPushy": 0.5715420927253323, "bus_lcSigma": 0.52580196995147, "bus_lcSpeedGainRight": 0.38011939721053434, "bus_lcSublane": 0.8741259355980283, "bus_sigma": 0.9511356184186921, "bus_tau_mean": 3.3437755646113514, "bus_tau_std": 2.8380183494687428, "bus_v_mean": 16.44554873788735, "bus_v_std": 6.788334480352189, "car_acc": 2.1093346215753335, "car_dcc": 3.923210406739008, "car_lcAssertive": 31.858588854179157, "car_lcCooperative": 0.6687966059228697, "car_lcLookaheadLeft": 33.94478631628061, "car_lcPushy": 0.7744772660150796, "car_lcSigma": 0.3258099666132048, "car_lcSpeedGainRight": 4.449136707236875, "car_lcSublane": 0.7517077209192669, "car_sigma": 0.7626320954451107, "car_tau_mean": 2.14317659995974, "car_tau_std": 2.107645024687054, "car_v_mean": 8.663601273223982, "car_v_std": 6.43657599940489}, "datetime": {"datetime": "2024-08-08 10:01:01", "elapsed": 341.768427, "delta": 4.890514}}
{"target": -0.392943176230628, "params": {"bus_acc": 2.1465445430993695, "bus_dcc": 3.8282877262988477, "bus_lcAssertive": 52.268144769059866, "bus_lcCooperative": 0.1944658095278845, "bus_lcLookaheadLeft": 85.09806045946067, "bus_lcPushy": 0.25163914235585283, "bus_lcSigma": 0.700726036482538, "bus_lcSpeedGainRight": 2.7013047019844993, "bus_lcSublane": 0.9488362882802196, "bus_sigma": 0.6243367024026759, "bus_tau_mean": 3.432922867167053, "bus_tau_std": 0.07932876194523097, "bus_v_mean": 23.829440898666206, "bus_v_std": 1.5542914066477298, "car_acc": 1.6442590272295392, "car_dcc": 3.838457186370296, "car_lcAssertive": 1.8849711347532616, "car_lcCooperative": 0.8227300054219355, "car_lcLookaheadLeft": 86.39874055994585, "car_lcPushy": 0.4398308142085725, "car_lcSigma": 0.2557451938059312, "car_lcSpeedGainRight": 4.013447598166493, "car_lcSublane": 0.47786200443222115, "car_sigma": 0.13433860865569613, "car_tau_mean": 3.7474714748875377, "car_tau_std": 8.959699670066485, "car_v_mean": 15.864722400270965, "car_v_std": 17.134049930355843}, "datetime": {"datetime": "2024-08-08 10:01:15", "elapsed": 355.638542, "delta": 13.870115}}
{"target": -0.4366703316801769, "params": {"bus_acc": 1.0421593456710225, "bus_dcc": 3.9551366608314082, "bus_lcAssertive": 61.545787204019646, "bus_lcCooperative": 0.3783538388352491, "bus_lcLookaheadLeft": 4.599778408824017, "bus_lcPushy": 0.3898387483749842, "bus_lcSigma": 0.4525586263864343, "bus_lcSpeedGainRight": 4.655015968822514, "bus_lcSublane": 0.27850417183805665, "bus_sigma": 0.6147818910832991, "bus_tau_mean": 2.828089241037677, "bus_tau_std": 1.8596096979633892, "bus_v_mean": 16.092213583782907, "bus_v_std": 15.730015257198698, "car_acc": 1.193158068856827, "car_dcc": 2.8181058945068864, "car_lcAssertive": 3.5799333361509307, "car_lcCooperative": 0.00704672381007565, "car_lcLookaheadLeft": 7.833803499726993, "car_lcPushy": 0.4814004591490364, "car_lcSigma": 0.9257041086902309, "car_lcSpeedGainRight": 2.027786920695121, "car_lcSublane": 0.07503263933654081, "car_sigma": 0.8613524744830288, "car_tau_mean": 2.317541549146541, "car_tau_std": 3.1893586891742407, "car_v_mean": 23.40851742055481, "car_v_std": 18.765235370047566}, "datetime": {"datetime": "2024-08-08 10:01:18", "elapsed": 358.404733, "delta": 2.766191}}
{"target": -0.3687135451269639, "params": {"bus_acc": 2.371433144451473, "bus_dcc": 3.8561876171635996, "bus_lcAssertive": 39.72402429296779, "bus_lcCooperative": 0.3002984293714631, "bus_lcLookaheadLeft": 56.26767763580894, "bus_lcPushy": 0.8519762580648814, "bus_lcSigma": 0.7949674246929233, "bus_lcSpeedGainRight": 3.4237835248928827, "bus_lcSublane": 0.4321070912997065, "bus_sigma": 0.6904340198543137, "bus_tau_mean": 1.2560887293806247, "bus_tau_std": 2.8394343784624674, "bus_v_mean": 20.445129774406148, "bus_v_std": 18.59960272692713, "car_acc": 1.3800990072333796, "car_dcc": 1.8881898682546976, "car_lcAssertive": 1.6148164518610932, "car_lcCooperative": 0.43156224528040166, "car_lcLookaheadLeft": 22.608917031754896, "car_lcPushy": 0.6414247825536215, "car_lcSigma": 0.7095892156781084, "car_lcSpeedGainRight": 0.5938885719924253, "car_lcSublane": 0.08214400203193162, "car_sigma": 0.9063350695803358, "car_tau_mean": 1.8623356415933738, "car_tau_std": 5.3340349726601435, "car_v_mean": 23.41186503861873, "car_v_std": 15.181080244326706}, "datetime": {"datetime": "2024-08-08 10:01:24", "elapsed": 364.617097, "delta": 6.212364}}
{"target": -0.377152057065507, "params": {"bus_acc": 1.031819923185125, "bus_dcc": 1.7466944259477393, "bus_lcAssertive": 79.43897430530403, "bus_lcCooperative": 0.7191652977533548, "bus_lcLookaheadLeft": 26.10603585846461, "bus_lcPushy": 0.5548923810758453, "bus_lcSigma": 0.5855857940990207, "bus_lcSpeedGainRight": 3.606921383236148, "bus_lcSublane": 0.46367371121270107, "bus_sigma": 0.40484847152272274, "bus_tau_mean": 1.5780331478731136, "bus_tau_std": 2.383089084068227, "bus_v_mean": 9.480053730409663, "bus_v_std": 12.917667748352846, "car_acc": 2.3391408970804726, "car_dcc": 3.062030421750541, "car_lcAssertive": 1.3114263259728722, "car_lcCooperative": 0.43825303252098613, "car_lcLookaheadLeft": 14.010229761313589, "car_lcPushy": 0.5266093357063074, "car_lcSigma": 0.9797396209018743, "car_lcSpeedGainRight": 2.4963850548166904, "car_lcSublane": 0.37464997927352073, "car_sigma": 0.8138399923945955, "car_tau_mean": 3.888705033856448, "car_tau_std": 2.8712337752879535, "car_v_mean": 20.848000635944015, "car_v_std": 19.922828747265395}, "datetime": {"datetime": "2024-08-08 10:01:38", "elapsed": 378.211638, "delta": 13.594541}}
{"target": -0.390916374639517, "params": {"bus_acc": 2.3672749295621003, "bus_dcc": 2.194035145648892, "bus_lcAssertive": 48.41645508562015, "bus_lcCooperative": 0.2898033391923721, "bus_lcLookaheadLeft": 79.25286297100789, "bus_lcPushy": 0.046512682267751626, "bus_lcSigma": 0.2811256463638583, "bus_lcSpeedGainRight": 2.95297930879439, "bus_lcSublane": 0.7901335024345391, "bus_sigma": 0.6015993359119542, "bus_tau_mean": 3.056710340287724, "bus_tau_std": 0.23527914877828127, "bus_v_mean": 12.078777428936688, "bus_v_std": 0.8418351968474558, "car_acc": 2.0000247969375784, "car_dcc": 3.9674208884223203, "car_lcAssertive": 2.339520302416675, "car_lcCooperative": 0.4408790383372555, "car_lcLookaheadLeft": 2.4690689743766847, "car_lcPushy": 0.6128886193293469, "car_lcSigma": 0.1833587261280697, "car_lcSpeedGainRight": 3.563708918952641, "car_lcSublane": 0.15964851197294794, "car_sigma": 0.8285756552303601, "car_tau_mean": 1.2216235730698106, "car_tau_std": 3.5221627383195075, "car_v_mean": 11.689255550772305, "car_v_std": 16.153689849032926}, "datetime": {"datetime": "2024-08-08 10:01:39", "elapsed": 379.812161, "delta": 1.600523}}
{"target": -0.3832170200833816, "params": {"bus_acc": 2.746646268073464, "bus_dcc": 1.7339021971576243, "bus_lcAssertive": 63.3311877151724, "bus_lcCooperative": 0.034431265307095615, "bus_lcLookaheadLeft": 52.587449185552764, "bus_lcPushy": 0.8632264817138495, "bus_lcSigma": 0.9841265438849168, "bus_lcSpeedGainRight": 0.04936487679459256, "bus_lcSublane": 0.2528414820768151, "bus_sigma": 0.22384967032752534, "bus_tau_mean": 0.6663815797971617, "bus_tau_std": 0.10172456261775653, "bus_v_mean": 15.843124995907708, "bus_v_std": 0.9096429134058814, "car_acc": 1.556656261693804, "car_dcc": 2.9199237073267366, "car_lcAssertive": 30.17451211452952, "car_lcCooperative": 0.26965470115905144, "car_lcLookaheadLeft": 59.873559179869574, "car_lcPushy": 0.38053407720964005, "car_lcSigma": 0.7025230339614009, "car_lcSpeedGainRight": 2.4806197562493053, "car_lcSublane": 0.6332092658064775, "car_sigma": 0.3533943470016294, "car_tau_mean": 1.5046538115442802, "car_tau_std": 1.3320711375110195, "car_v_mean": 22.993286156783427, "car_v_std": 16.09671692031589}, "datetime": {"datetime": "2024-08-08 10:01:42", "elapsed": 382.136418, "delta": 2.324257}}
{"target": -0.3958671945611013, "params": {"bus_acc": 1.1450310560909267, "bus_dcc": 1.5181032643968249, "bus_lcAssertive": 32.913391424138354, "bus_lcCooperative": 0.248424246330199, "bus_lcLookaheadLeft": 50.55850817339691, "bus_lcPushy": 0.8244596107976835, "bus_lcSigma": 0.8539724149421759, "bus_lcSpeedGainRight": 2.9791497102935076, "bus_lcSublane": 0.24017373383106666, "bus_sigma": 0.18649268827268528, "bus_tau_mean": 3.1018667934071367, "bus_tau_std": 2.372140576435476, "bus_v_mean": 16.631854254824795, "bus_v_std": 14.985615742543835, "car_acc": 1.456498209230772, "car_dcc": 1.523503562718232, "car_lcAssertive": 4.933832971009274, "car_lcCooperative": 0.14756883769994755, "car_lcLookaheadLeft": 85.44101288080509, "car_lcPushy": 0.10463591174495857, "car_lcSigma": 0.2236450455273178, "car_lcSpeedGainRight": 0.16378599872988564, "car_lcSublane": 0.6763566354512786, "car_sigma": 0.2317031414647196, "car_tau_mean": 1.9475710123061751, "car_tau_std": 1.3930117132372677, "car_v_mean": 14.035476601784104, "car_v_std": 8.488749324792305}, "datetime": {"datetime": "2024-08-08 10:01:46", "elapsed": 386.542707, "delta": 4.406289}}
{"target": -0.5138899810986082, "params": {"bus_acc": 1.5398557835300521, "bus_dcc": 3.6876586545882004, "bus_lcAssertive": 43.3810277972582, "bus_lcCooperative": 0.9648400471483856, "bus_lcLookaheadLeft": 67.01726678620791, "bus_lcPushy": 0.6216957202091218, "bus_lcSigma": 0.11474597295337519, "bus_lcSpeedGainRight": 4.747446293535356, "bus_lcSublane": 0.4499121334799405, "bus_sigma": 0.5783896143871318, "bus_tau_mean": 1.928478809664484, "bus_tau_std": 2.3702698024302773, "bus_v_mean": 22.454072328996062, "bus_v_std": 11.473589733445717, "car_acc": 1.005740654062318, "car_dcc": 2.851434740862172, "car_lcAssertive": 33.337845275437516, "car_lcCooperative": 0.5270581022576093, "car_lcLookaheadLeft": 88.8223257324559, "car_lcPushy": 0.35726976000249977, "car_lcSigma": 0.9085351509197992, "car_lcSpeedGainRight": 3.1168005789590136, "car_lcSublane": 0.015821242846556283, "car_sigma": 0.9294372337437613, "car_tau_mean": 2.9181392113092337, "car_tau_std": 9.973228504514806, "car_v_mean": 10.757448133525257, "car_v_std": 2.742714992577555}, "datetime": {"datetime": "2024-08-08 10:01:52", "elapsed": 392.354122, "delta": 5.811415}}
{"target": -0.40588771523046463, "params": {"bus_acc": 1.880881119951436, "bus_dcc": 3.262525076365478, "bus_lcAssertive": 92.07540412447102, "bus_lcCooperative": 0.4413517453158379, "bus_lcLookaheadLeft": 53.74061744716068, "bus_lcPushy": 0.06603558401663734, "bus_lcSigma": 0.3907730736706927, "bus_lcSpeedGainRight": 2.3361928316662297, "bus_lcSublane": 0.8951377108035733, "bus_sigma": 0.11055744025544123, "bus_tau_mean": 3.058981611196383, "bus_tau_std": 5.454711685487195, "bus_v_mean": 17.704566888264694, "bus_v_std": 0.5956588825912057, "car_acc": 1.2934947595215591, "car_dcc": 1.8519496763985555, "car_lcAssertive": 1.4823327474070012, "car_lcCooperative": 0.6691577977971368, "car_lcLookaheadLeft": 87.28527899441463, "car_lcPushy": 0.5469683092712408, "car_lcSigma": 0.5431640475192038, "car_lcSpeedGainRight": 3.0786296430651867, "car_lcSublane": 0.30218150041580416, "car_sigma": 0.3667319816609417, "car_tau_mean": 2.512289045472183, "car_tau_std": 8.092165837173445, "car_v_mean": 11.225546150530738, "car_v_std": 6.550481116965782}, "datetime": {"datetime": "2024-08-08 10:02:05", "elapsed": 405.254793, "delta": 12.900671}}
{"target": -0.32459573933081876, "params": {"bus_acc": 1.989293696213818, "bus_dcc": 1.9450812669057027, "bus_lcAssertive": 54.99846984483864, "bus_lcCooperative": 0.6824780792979444, "bus_lcLookaheadLeft": 23.595956313062093, "bus_lcPushy": 0.48533745396838057, "bus_lcSigma": 0.9929813576374784, "bus_lcSpeedGainRight": 1.6208065159061746, "bus_lcSublane": 0.03536191949131395, "bus_sigma": 0.8173517292840132, "bus_tau_mean": 2.2615737425988183, "bus_tau_std": 0.527838561185705, "bus_v_mean": 22.24488043558786, "bus_v_std": 8.090287599607155, "car_acc": 2.8585463642807936, "car_dcc": 2.2062345214016847, "car_lcAssertive": 8.606396192693403, "car_lcCooperative": 0.2453011441199927, "car_lcLookaheadLeft": 36.32552955930588, "car_lcPushy": 0.7507282923552251, "car_lcSigma": 0.18474815234928366, "car_lcSpeedGainRight": 2.1548682686293716, "car_lcSublane": 0.8732454198159687, "car_sigma": 0.5337610913727832, "car_tau_mean": 0.8610415191216982, "car_tau_std": 0.24522487054632225, "car_v_mean": 19.292956818576776, "car_v_std": 19.582549819164342}, "datetime": {"datetime": "2024-08-08 10:02:24", "elapsed": 424.231171, "delta": 18.976378}}
{"target": -0.39875532170883154, "params": {"bus_acc": 2.237201485123073, "bus_dcc": 1.4529421998389374, "bus_lcAssertive": 76.31944317426985, "bus_lcCooperative": 0.781045822193957, "bus_lcLookaheadLeft": 90.60209261955288, "bus_lcPushy": 0.23376869260410593, "bus_lcSigma": 0.17667889307234141, "bus_lcSpeedGainRight": 1.9554956155338121, "bus_lcSublane": 0.3205646539951602, "bus_sigma": 0.8154769290056262, "bus_tau_mean": 2.647340648839511, "bus_tau_std": 7.600017523497488, "bus_v_mean": 14.842641595151427, "bus_v_std": 1.9888112583117845, "car_acc": 1.2300700241004925, "car_dcc": 2.120221395211586, "car_lcAssertive": 20.19092898344121, "car_lcCooperative": 0.8207464986229382, "car_lcLookaheadLeft": 60.764328825524245, "car_lcPushy": 0.688845259018665, "car_lcSigma": 0.4911099613042962, "car_lcSpeedGainRight": 0.4408684062109053, "car_lcSublane": 0.23507763668617032, "car_sigma": 0.461602080891622, "car_tau_mean": 1.195070260688742, "car_tau_std": 0.254762357788203, "car_v_mean": 19.67036317209844, "car_v_std": 14.498334944382382}, "datetime": {"datetime": "2024-08-08 10:02:59", "elapsed": 459.314799, "delta": 35.083628}}
{"target": -0.4197917414160937, "params": {"bus_acc": 1.8758838495542476, "bus_dcc": 3.3814135213492755, "bus_lcAssertive": 52.23375652211932, "bus_lcCooperative": 0.41359816112910697, "bus_lcLookaheadLeft": 13.509309750303778, "bus_lcPushy": 0.8839110659363493, "bus_lcSigma": 0.2755932144103168, "bus_lcSpeedGainRight": 3.081303616649302, "bus_lcSublane": 0.984579778960706, "bus_sigma": 0.1894180220437538, "bus_tau_mean": 3.87815797127565, "bus_tau_std": 6.5271536842569535, "bus_v_mean": 10.059705673544762, "bus_v_std": 15.438542921460968, "car_acc": 2.9035515565141874, "car_dcc": 2.688341649068275, "car_lcAssertive": 69.16696477605666, "car_lcCooperative": 0.0263478788699828, "car_lcLookaheadLeft": 98.9294171797788, "car_lcPushy": 0.3184571198136825, "car_lcSigma": 0.023903779366219347, "car_lcSpeedGainRight": 4.042820752371942, "car_lcSublane": 0.9732525517670682, "car_sigma": 0.7375885099166811, "car_tau_mean": 0.5095753211589013, "car_tau_std": 0.6336051137403531, "car_v_mean": 17.348310483641292, "car_v_std": 6.714302155112062}, "datetime": {"datetime": "2024-08-08 10:03:06", "elapsed": 465.999326, "delta": 6.684527}}
{"target": -0.44926822616173523, "params": {"bus_acc": 2.0469, "bus_dcc": 1.4738, "bus_lcAssertive": 27.9943, "bus_lcCooperative": 0.7967, "bus_lcLookaheadLeft": 93.358, "bus_lcPushy": 0.6253, "bus_lcSigma": 0.3515, "bus_lcSpeedGainRight": 4.2241, "bus_lcSublane": 0.5269, "bus_sigma": 0.7539, "bus_tau_mean": 3.9414, "bus_tau_std": 9.9117, "bus_v_mean": 18.9089, "bus_v_std": 17.5214, "car_acc": 2.9215, "car_dcc": 3.6176, "car_lcAssertive": 86.239, "car_lcCooperative": 0.923, "car_lcLookaheadLeft": 90.6221, "car_lcPushy": 0.6144, "car_lcSigma": 0.3027, "car_lcSpeedGainRight": 4.5841, "car_lcSublane": 0.5389, "car_sigma": 0.5421, "car_tau_mean": 3.8244, "car_tau_std": 0.5385, "car_v_mean": 22.4836, "car_v_std": 0.6927}, "datetime": {"datetime": "2024-08-08 10:03:08", "elapsed": 468.400132, "delta": 2.400806}}
{"target": -0.4445423330826102, "params": {"bus_acc": 2.1124804679808378, "bus_dcc": 1.409365676982055, "bus_lcAssertive": 6.931851261708954, "bus_lcCooperative": 0.12134345574073735, "bus_lcLookaheadLeft": 6.366084097386649, "bus_lcPushy": 0.1074941291060929, "bus_lcSigma": 0.2257093386078547, "bus_lcSpeedGainRight": 3.564944901913383, "bus_lcSublane": 0.5597169820541424, "bus_sigma": 0.012555980159115854, "bus_tau_mean": 0.7519099789132038, "bus_tau_std": 9.672763300002721, "bus_v_mean": 17.089607390719074, "bus_v_std": 4.06586469321981, "car_acc": 1.5046514891406468, "car_dcc": 3.2314775622252787, "car_lcAssertive": 20.34751862982256, "car_lcCooperative": 0.5813589272732578, "car_lcLookaheadLeft": 97.06195893065461, "car_lcPushy": 0.8468288014900353, "car_lcSigma": 0.23984775914758616, "car_lcSpeedGainRight": 2.4688485713436497, "car_lcSublane": 0.6199557183813798, "car_sigma": 0.8289808995501787, "car_tau_mean": 1.048769881261295, "car_tau_std": 0.18576202177409518, "car_v_mean": 9.120354299507557, "car_v_std": 9.726902218740637}, "datetime": {"datetime": "2024-08-08 10:03:10", "elapsed": 470.060167, "delta": 1.660035}}
{"target": -0.40706917706774853, "params": {"bus_acc": 2.0235, "bus_dcc": 1.4504, "bus_lcAssertive": 27.9708, "bus_lcCooperative": 0.7967, "bus_lcLookaheadLeft": 93.3455, "bus_lcPushy": 0.6253, "bus_lcSigma": 0.339, "bus_lcSpeedGainRight": 4.2007, "bus_lcSublane": 0.5269, "bus_sigma": 0.7539, "bus_tau_mean": 3.918, "bus_tau_std": 9.8882, "bus_v_mean": 18.8854, "bus_v_std": 17.498, "car_acc": 2.898, "car_dcc": 3.5941, "car_lcAssertive": 86.2265, "car_lcCooperative": 0.923, "car_lcLookaheadLeft": 90.6096, "car_lcPushy": 0.6019, "car_lcSigma": 0.2902, "car_lcSpeedGainRight": 4.5607, "car_lcSublane": 0.5389, "car_sigma": 0.5421, "car_tau_mean": 3.8009, "car_tau_std": 0.526, "car_v_mean": 22.4602, "car_v_std": 0.6927}, "datetime": {"datetime": "2024-08-08 10:03:22", "elapsed": 482.31684, "delta": 12.256673}}
{"target": -0.36499460583464594, "params": {"bus_acc": 2.6176, "bus_dcc": 2.3397, "bus_lcAssertive": 70.0307, "bus_lcCooperative": 0.0443, "bus_lcLookaheadLeft": 54.7748, "bus_lcPushy": 0.7003, "bus_lcSigma": 0.5234, "bus_lcSpeedGainRight": 1.6715, "bus_lcSublane": 0.8033, "bus_sigma": 0.1484, "bus_tau_mean": 2.0883, "bus_tau_std": 9.3128, "bus_v_mean": 12.2039, "bus_v_std": 2.5531, "car_acc": 2.9754, "car_dcc": 3.7835, "car_lcAssertive": 55.3798, "car_lcCooperative": 0.4972, "car_lcLookaheadLeft": 60.59, "car_lcPushy": 0.4079, "car_lcSigma": 0.1289, "car_lcSpeedGainRight": 3.1618, "car_lcSublane": 0.3694, "car_sigma": 0.182, "car_tau_mean": 0.8015, "car_tau_std": 8.3235, "car_v_mean": 16.9454, "car_v_std": 3.0003}, "datetime": {"datetime": "2024-08-08 10:03:24", "elapsed": 484.620013, "delta": 2.303173}}
{"target": -0.5013850989348531, "params": {"bus_acc": 2.5814, "bus_dcc": 2.3332, "bus_lcAssertive": 91.9117, "bus_lcCooperative": 0.9094, "bus_lcLookaheadLeft": 27.594, "bus_lcPushy": 0.3083, "bus_lcSigma": 0.3904, "bus_lcSpeedGainRight": 2.8943, "bus_lcSublane": 0.7283, "bus_sigma": 0.4056, "bus_tau_mean": 1.7645, "bus_tau_std": 8.9131, "bus_v_mean": 15.05, "bus_v_std": 12.7301, "car_acc": 1.8637, "car_dcc": 1.7023, "car_lcAssertive": 52.4662, "car_lcCooperative": 0.6746, "car_lcLookaheadLeft": 17.3582, "car_lcPushy": 0.6215, "car_lcSigma": 0.5437, "car_lcSpeedGainRight": 3.6671, "car_lcSublane": 0.342, "car_sigma": 0.7513, "car_tau_mean": 1.6736, "car_tau_std": 5.5899, "car_v_mean": 20.9611, "car_v_std": 0.644}, "datetime": {"datetime": "2024-08-08 10:03:25", "elapsed": 485.532416, "delta": 0.912403}}
{"target": -0.45298329131216686, "params": {"bus_acc": 2.0659, "bus_dcc": 1.4928, "bus_lcAssertive": 28.0133, "bus_lcCooperative": 0.797, "bus_lcLookaheadLeft": 93.3673, "bus_lcPushy": 0.6256, "bus_lcSigma": 0.3607, "bus_lcSpeedGainRight": 4.2431, "bus_lcSublane": 0.5272, "bus_sigma": 0.7542, "bus_tau_mean": 3.9604, "bus_tau_std": 9.9307, "bus_v_mean": 18.9279, "bus_v_std": 17.5404, "car_acc": 2.9405, "car_dcc": 3.6366, "car_lcAssertive": 86.2482, "car_lcCooperative": 0.9233, "car_lcLookaheadLeft": 90.6314, "car_lcPushy": 0.6237, "car_lcSigma": 0.312, "car_lcSpeedGainRight": 4.6031, "car_lcSublane": 0.5392, "car_sigma": 0.5424, "car_tau_mean": 3.8434, "car_tau_std": 0.5478, "car_v_mean": 22.5026, "car_v_std": 0.693}, "datetime": {"datetime": "2024-08-08 10:03:35", "elapsed": 495.345853, "delta": 9.813437}}
{"target": -0.39204874120770217, "params": {"bus_acc": 1.6894, "bus_dcc": 2.2831, "bus_lcAssertive": 62.186, "bus_lcCooperative": 0.5301, "bus_lcLookaheadLeft": 47.234, "bus_lcPushy": 0.6501, "bus_lcSigma": 0.8281, "bus_lcSpeedGainRight": 2.5445, "bus_lcSublane": 0.5517, "bus_sigma": 0.675, "bus_tau_mean": 1.6879, "bus_tau_std": 5.0852, "bus_v_mean": 13.449, "bus_v_std": 12.9498, "car_acc": 3.0, "car_dcc": 2.7558, "car_lcAssertive": 78.8672, "car_lcCooperative": 0.6629, "car_lcLookaheadLeft": 66.5164, "car_lcPushy": 0.3378, "car_lcSigma": 0.6389, "car_lcSpeedGainRight": 4.9593, "car_lcSublane": 0.6055, "car_sigma": 0.7668, "car_tau_mean": 2.6792, "car_tau_std": 5.3933, "car_v_mean": 21.8991, "car_v_std": 1.7689}, "datetime": {"datetime": "2024-08-08 10:05:01", "elapsed": 581.116687, "delta": 85.770834}}
{"target": -0.3964889720896977, "params": {"bus_acc": 2.0034, "bus_dcc": 2.3685, "bus_lcAssertive": 70.4709, "bus_lcCooperative": 0.5051, "bus_lcLookaheadLeft": 75.4686, "bus_lcPushy": 0.8432, "bus_lcSigma": 0.3316, "bus_lcSpeedGainRight": 4.2965, "bus_lcSublane": 0.2212, "bus_sigma": 0.1015, "bus_tau_mean": 3.2693, "bus_tau_std": 2.1052, "bus_v_mean": 17.41, "bus_v_std": 12.3322, "car_acc": 2.1743, "car_dcc": 1.6594, "car_lcAssertive": 41.5921, "car_lcCooperative": 0.0027, "car_lcLookaheadLeft": 83.3573, "car_lcPushy": 0.0987, "car_lcSigma": 0.7309, "car_lcSpeedGainRight": 1.2892, "car_lcSublane": 0.1035, "car_sigma": 0.8995, "car_tau_mean": 3.3811, "car_tau_std": 4.9407, "car_v_mean": 23.874, "car_v_std": 0.6297}, "datetime": {"datetime": "2024-08-08 10:05:34", "elapsed": 614.185592, "delta": 33.068905}}
