{"target": -0.061767814236557396, "params": {"bus_acc": 1.3230215409720238, "bus_dcc": 2.0273219234044317, "bus_lcAssertive": 26.9261600062485, "bus_lcCooperative": 0.844526943229479, "bus_lcLookaheadLeft": 80.43256008608736, "bus_lcPushy": 0.4266391582681436, "bus_lcSublane": 0.6070154607890389, "bus_max_v": 7.909312205324399, "bus_tau_mean": 2.283646529761455, "bus_tau_std": 2.9694708578690454, "car_acc": 2.7193019071384024, "car_dcc": 3.0147951427191697, "car_lcAssertive": 63.71392724961968, "car_lcCooperative": 0.12475130006917923, "car_lcLookaheadLeft": 48.117612190890796, "car_lcPushy": 0.9865727795868815, "car_lcSublane": 0.9482991740726651, "car_max_v": 17.901712805208874, "car_tau_mean": 1.0310370486119078, "car_tau_std": 6.39126848719905}, "datetime": {"datetime": "2024-08-03 21:34:18", "elapsed": 290.551264, "delta": 3.121775}}
{"target": -0.04460067785718416, "params": {"bus_acc": 2.918868642123505, "bus_dcc": 3.4118826744959403, "bus_lcAssertive": 4.1999835957338245, "bus_lcCooperative": 0.7093872512312951, "bus_lcLookaheadLeft": 47.570145193223595, "bus_lcPushy": 0.9475489413950998, "bus_lcSublane": 0.2214327343234883, "bus_max_v": 10.341440393687316, "bus_tau_mean": 0.785158877070417, "bus_tau_std": 4.2861882866378656, "car_acc": 1.2180375280381366, "car_dcc": 2.9013602818357533, "car_lcAssertive": 80.49336050000005, "car_lcCooperative": 0.6968004961201785, "car_lcLookaheadLeft": 77.08871534542551, "car_lcPushy": 0.3424541198435198, "car_lcSublane": 0.8458514830276777, "car_max_v": 13.575375499988851, "car_tau_mean": 3.384034546443116, "car_tau_std": 6.264961586242937}, "datetime": {"datetime": "2024-08-03 21:34:29", "elapsed": 301.909303, "delta": 11.358039}}
{"target": -0.0759551330131573, "params": {"bus_acc": 1.8659630139352963, "bus_dcc": 3.72793596596481, "bus_lcAssertive": 60.94242110206253, "bus_lcCooperative": 0.7667745872371021, "bus_lcLookaheadLeft": 51.460659593397644, "bus_lcPushy": 0.49805562482800747, "bus_lcSublane": 0.8428998401928499, "bus_max_v": 6.356138686819075, "bus_tau_mean": 2.5064529504238964, "bus_tau_std": 9.427625754329492, "car_acc": 2.035720096344644, "car_dcc": 1.5833974285836536, "car_lcAssertive": 84.94599985190413, "car_lcCooperative": 0.25163914235585283, "car_lcLookaheadLeft": 70.67115157528872, "car_lcPushy": 0.5402609403968999, "car_lcSublane": 0.9488362882802196, "car_max_v": 17.48673404805352, "car_tau_mean": 3.432922867167053, "car_tau_std": 0.07932876194523097}, "datetime": {"datetime": "2024-08-03 21:34:35", "elapsed": 307.439458, "delta": 5.530155}}
{"target": -0.05476063756878402, "params": {"bus_acc": 2.7116567345078555, "bus_dcc": 1.585112458026122, "bus_lcAssertive": 74.9847602228604, "bus_lcCooperative": 0.2896027461868774, "bus_lcLookaheadLeft": 77.83233014992983, "bus_lcPushy": 0.4277373293360762, "bus_lcSublane": 0.8076984091122095, "bus_max_v": 12.070697253359807, "bus_tau_mean": 1.247926331703534, "bus_tau_std": 7.672845084217665, "car_acc": 1.6172838952613022, "car_dcc": 3.1997352031792827, "car_lcAssertive": 74.70284215469547, "car_lcCooperative": 0.22139670090820107, "car_lcLookaheadLeft": 22.98298940842355, "car_lcPushy": 0.1989479234270667, "car_lcSublane": 0.14251833776584466, "car_max_v": 12.541651984146682, "car_tau_mean": 0.5931975964206752, "car_tau_std": 1.1092036903424063}, "datetime": {"datetime": "2024-08-03 21:34:38", "elapsed": 311.338486, "delta": 3.899028}}
{"target": -0.10356551135124292, "params": {"bus_acc": 2.6014891373510736, "bus_dcc": 3.9047847271581926, "bus_lcAssertive": 32.02899363776504, "bus_lcCooperative": 0.6923226156693141, "bus_lcLookaheadLeft": 87.88613692501175, "bus_lcPushy": 0.8946066635038473, "bus_lcSublane": 0.08504421136977791, "bus_max_v": 5.781095664657647, "bus_tau_mean": 1.094406468475991, "bus_tau_std": 8.78142503429413, "car_acc": 1.1966936676661002, "car_dcc": 2.2633228750151564, "car_lcAssertive": 95.83106348489969, "car_lcCooperative": 0.5331652849730171, "car_lcLookaheadLeft": 69.8039571671464, "car_lcPushy": 0.31551563100606295, "car_lcSublane": 0.6865009276815837, "car_max_v": 21.692513437947458, "car_tau_mean": 0.5640089707046714, "car_tau_std": 7.501443149449675}, "datetime": {"datetime": "2024-08-03 21:34:41", "elapsed": 313.864952, "delta": 2.526466}}
{"target": -0.03366772167349092, "params": {"bus_acc": 1.3851120419101368, "bus_dcc": 3.2587777449398265, "bus_lcAssertive": 1.724577963458516, "bus_lcCooperative": 0.32825610365078084, "bus_lcLookaheadLeft": 91.92542206915053, "bus_lcPushy": 0.5883673328938768, "bus_lcSublane": 0.8551902839041353, "bus_max_v": 17.093441046983756, "bus_tau_mean": 3.3790235338335486, "bus_tau_std": 8.794835234293169, "car_acc": 1.6419727490489064, "car_dcc": 1.3688643146565354, "car_lcAssertive": 72.4090310744705, "car_lcCooperative": 0.44034708683123824, "car_lcLookaheadLeft": 14.420099495916842, "car_lcPushy": 0.5898236481098892, "car_lcSublane": 0.03606831456985993, "car_max_v": 9.003642328219739, "car_tau_mean": 3.259054163837891, "car_tau_std": 0.12096760015357866}, "datetime": {"datetime": "2024-08-03 21:34:42", "elapsed": 315.004537, "delta": 1.139585}}
{"target": -0.05019750900676295, "params": {"bus_acc": 1.0020658653154693, "bus_dcc": 2.4282673540063144, "bus_lcAssertive": 66.04699257344821, "bus_lcCooperative": 0.8433232139195225, "bus_lcLookaheadLeft": 20.00646236384817, "bus_lcPushy": 0.8561592379873718, "bus_lcSublane": 0.36436547985702794, "bus_max_v": 22.84547858552345, "bus_tau_mean": 0.5969910904282775, "bus_tau_std": 0.8539013912317062, "car_acc": 2.962820931508225, "car_dcc": 2.8285057773204896, "car_lcAssertive": 42.345602334604145, "car_lcCooperative": 0.16921418469369054, "car_lcLookaheadLeft": 65.69031300278962, "car_lcPushy": 0.03697506835935782, "car_lcSublane": 0.31161391346070466, "car_max_v": 11.469583939781508, "car_tau_mean": 2.6260466273009375, "car_tau_std": 6.50831256675697}, "datetime": {"datetime": "2024-08-03 21:34:43", "elapsed": 315.822226, "delta": 0.817689}}
{"target": -0.04455405018830034, "params": {"bus_acc": 1.2046688576556517, "bus_dcc": 2.242167963458705, "bus_lcAssertive": 69.74561561504676, "bus_lcCooperative": 0.41417926952690265, "bus_lcLookaheadLeft": 6.895438976716542, "bus_lcPushy": 0.5358964059155116, "bus_lcSublane": 0.6637946452197888, "bus_max_v": 15.297782241166171, "bus_tau_mean": 3.8060816459678466, "bus_tau_std": 5.865550405019929, "car_acc": 2.8068038305757668, "car_dcc": 1.4124241124387127, "car_lcAssertive": 14.788358377825096, "car_lcCooperative": 0.8073912887095238, "car_lcLookaheadLeft": 40.97233002458229, "car_lcPushy": 0.16535419711693278, "car_lcSublane": 0.9275085803960339, "car_max_v": 11.955317194910132, "car_tau_mean": 3.1278423609765444, "car_tau_std": 7.259979853504515}, "datetime": {"datetime": "2024-08-03 21:34:44", "elapsed": 316.749258, "delta": 0.927032}}
{"target": -0.03974712675048415, "params": {"bus_acc": 2.1124804679808378, "bus_dcc": 1.409365676982055, "bus_lcAssertive": 6.931851261708954, "bus_lcCooperative": 0.12134345574073735, "bus_lcLookaheadLeft": 6.366084097386649, "bus_lcPushy": 0.1074941291060929, "bus_lcSublane": 0.2257093386078547, "bus_max_v": 19.259779607653535, "bus_tau_mean": 2.459009437189499, "bus_tau_std": 0.12555980159115854, "car_acc": 1.1439485593789736, "car_dcc": 3.901828990000816, "car_lcAssertive": 57.24194573007427, "car_lcCooperative": 0.20329323466099047, "car_lcLookaheadLeft": 26.727922967891693, "car_lcPushy": 0.7438258540750929, "car_lcSublane": 0.1954294811093188, "car_max_v": 16.627178545465156, "car_tau_mean": 3.895069961809093, "car_tau_std": 8.468288014900352}, "datetime": {"datetime": "2024-08-03 21:34:51", "elapsed": 324.387408, "delta": 7.63815}}
{"target": -0.042730489318456945, "params": {"bus_acc": 2.1068674124965314, "bus_dcc": 1.2544054649810588, "bus_lcAssertive": 21.043840531779026, "bus_lcCooperative": 0.8542379729163827, "bus_lcLookaheadLeft": 71.18088194294248, "bus_lcPushy": 0.8949395201529242, "bus_lcSublane": 0.32914600179429976, "bus_max_v": 15.560027932752522, "bus_tau_mean": 2.7763934636944194, "bus_tau_std": 5.9429085358666445, "car_acc": 1.4629258710684956, "car_dcc": 2.2804640483447067, "car_lcAssertive": 25.563034941957305, "car_lcCooperative": 0.8456149622311454, "car_lcLookaheadLeft": 98.6943896068721, "car_lcPushy": 0.06657080313237929, "car_lcSublane": 0.7139280322669613, "car_max_v": 11.602311043981485, "car_tau_mean": 2.689023824090015, "car_tau_std": 2.58129649281871}, "datetime": {"datetime": "2024-08-03 21:34:54", "elapsed": 326.995875, "delta": 2.608467}}
{"target": -0.07555303355811997, "params": {"bus_acc": 2.977722177812989, "bus_dcc": 3.244496963139518, "bus_lcAssertive": 28.763955214376114, "bus_lcCooperative": 0.7892793284514885, "bus_lcLookaheadLeft": 12.116148644608918, "bus_lcPushy": 0.44789352617590517, "bus_lcSublane": 0.9085955030930956, "bus_max_v": 10.87228296747359, "bus_tau_mean": 1.5072136850522206, "bus_tau_std": 1.3002857211827767, "car_acc": 1.0387339157405941, "car_dcc": 3.036506598819673, "car_lcAssertive": 21.951183484005846, "car_lcCooperative": 0.2655466593722262, "car_lcLookaheadLeft": 50.174169609473154, "car_lcPushy": 0.053362545117080384, "car_lcSublane": 0.5741176054920131, "car_max_v": 7.9345714981162025, "car_tau_mean": 2.562569379161495, "car_tau_std": 6.997583600209312}, "datetime": {"datetime": "2024-08-03 21:34:56", "elapsed": 328.826882, "delta": 1.831007}}
{"target": -0.04820932769888026, "params": {"bus_acc": 2.2502421366109795, "bus_dcc": 2.2291937834020614, "bus_lcAssertive": 9.637999863326197, "bus_lcCooperative": 0.3710639450161891, "bus_lcLookaheadLeft": 67.87015214637117, "bus_lcPushy": 0.1895874001915857, "bus_lcSublane": 0.8957291085287041, "bus_max_v": 23.996927777601748, "bus_tau_mean": 3.8655038985208683, "bus_tau_std": 7.300825577402602, "car_acc": 1.8125768553766302, "car_dcc": 3.231247589053659, "car_lcAssertive": 29.510701048200403, "car_lcCooperative": 0.3144172223907462, "car_lcLookaheadLeft": 61.37784339935008, "car_lcPushy": 0.5948471334079176, "car_lcSublane": 0.8786609763158111, "car_max_v": 10.092015113211538, "car_tau_mean": 3.1816592782098763, "car_tau_std": 9.410132668189013}, "datetime": {"datetime": "2024-08-03 21:35:04", "elapsed": 336.451086, "delta": 7.624204}}
{"target": -0.05888577147689067, "params": {"bus_acc": 1.5642788968097212, "bus_dcc": 3.6512665245418026, "bus_lcAssertive": 57.20134268179578, "bus_lcCooperative": 0.11510304096690338, "bus_lcLookaheadLeft": 24.24611419103648, "bus_lcPushy": 0.5959823856130138, "bus_lcSublane": 0.23944623690468037, "bus_max_v": 7.628313210749211, "bus_tau_mean": 1.066466999433423, "bus_tau_std": 8.448725182357391, "car_acc": 2.2043673077854216, "car_dcc": 3.8907012615650256, "car_lcAssertive": 35.22224211630652, "car_lcCooperative": 0.5956250981349497, "car_lcLookaheadLeft": 60.700558319395135, "car_lcPushy": 0.6157042872039488, "car_lcSublane": 0.05917720718572239, "car_max_v": 20.00634369149372, "car_tau_mean": 3.8187332436566885, "car_tau_std": 5.3467905717958875}, "datetime": {"datetime": "2024-08-03 21:35:08", "elapsed": 340.911429, "delta": 4.460343}}
{"target": -0.047061427982763145, "params": {"bus_acc": 2.2370271338241707, "bus_dcc": 1.0310927840056958, "bus_lcAssertive": 54.32410097505835, "bus_lcCooperative": 0.0030179566195963625, "bus_lcLookaheadLeft": 95.21699097804004, "bus_lcPushy": 0.905402033702778, "bus_lcSublane": 0.7959669419422694, "bus_max_v": 23.30548639829575, "bus_tau_mean": 1.0094538090543896, "bus_tau_std": 1.5773006987053328, "car_acc": 1.375263345804868, "car_dcc": 2.8674877068997633, "car_lcAssertive": 90.67514010482188, "car_lcCooperative": 0.9899551783590737, "car_lcLookaheadLeft": 71.69000095904995, "car_lcPushy": 0.7318004091422953, "car_lcSublane": 0.9092932045442544, "car_max_v": 13.017474647422418, "car_tau_mean": 1.3744773807876287, "car_tau_std": 1.7343017078712286}, "datetime": {"datetime": "2024-08-03 21:35:11", "elapsed": 343.520316, "delta": 2.608887}}
{"target": -0.031791786139701225, "params": {"bus_acc": 2.0483712291373224, "bus_dcc": 2.9725642231093303, "bus_lcAssertive": 81.51609068718051, "bus_lcCooperative": 0.8075122716430321, "bus_lcLookaheadLeft": 62.72883522127855, "bus_lcPushy": 0.45110246212077487, "bus_lcSublane": 0.40794998904736746, "bus_max_v": 22.494952398087268, "bus_tau_mean": 2.9602610624002996, "bus_tau_std": 1.8493502237340165, "car_acc": 2.1314642932585266, "car_dcc": 3.7264240969001707, "car_lcAssertive": 15.918309232578846, "car_lcCooperative": 0.8455176755307064, "car_lcLookaheadLeft": 82.37984169890429, "car_lcPushy": 0.4993411012978345, "car_lcSublane": 0.0375838514857032, "car_max_v": 7.950050107938709, "car_tau_mean": 3.7292354314103493, "car_tau_std": 0.44154796031862453}, "datetime": {"datetime": "2024-08-03 21:35:17", "elapsed": 349.644528, "delta": 6.124212}}
{"target": -0.056179338358636775, "params": {"bus_acc": 1.8407391376055702, "bus_dcc": 2.2783923412741367, "bus_lcAssertive": 74.38392179785404, "bus_lcCooperative": 0.9484584043057936, "bus_lcLookaheadLeft": 9.106521748455409, "bus_lcPushy": 0.17270108813227492, "bus_lcSublane": 0.3223574891327107, "bus_max_v": 9.96848492660398, "bus_tau_mean": 2.2342324347641753, "bus_tau_std": 8.244596107976834, "car_acc": 2.707944829884352, "car_dcc": 2.7874898261761047, "car_lcAssertive": 24.777199649275598, "car_lcCooperative": 0.18649268827268528, "car_lcLookaheadLeft": 74.85227021539983, "car_lcPushy": 0.23721405764354764, "car_lcSublane": 0.5394908909265497, "car_max_v": 19.985615742543835, "car_tau_mean": 1.2988718661538508, "car_tau_std": 1.7450118757274402}, "datetime": {"datetime": "2024-08-03 21:35:22", "elapsed": 355.149919, "delta": 5.505391}}
{"target": -0.046876033990047396, "params": {"bus_acc": 2.916377483429792, "bus_dcc": 3.0495125315624394, "bus_lcAssertive": 74.45445933215964, "bus_lcCooperative": 0.9828807859209906, "bus_lcLookaheadLeft": 42.777875716577924, "bus_lcPushy": 0.5315834658959018, "bus_lcSublane": 0.6792129501957186, "bus_max_v": 15.257502851799828, "bus_tau_mean": 1.5468932063129246, "bus_tau_std": 1.0538467273003926, "car_acc": 1.5698642914442895, "car_dcc": 3.3065585448632735, "car_lcAssertive": 64.43748774073276, "car_lcCooperative": 0.8013307032031926, "car_lcLookaheadLeft": 52.67781213310181, "car_lcPushy": 0.23210002184633505, "car_lcSublane": 0.6279619269819027, "car_max_v": 11.080109800446063, "car_tau_mean": 0.6033506072970733, "car_tau_std": 9.033311768168756}, "datetime": {"datetime": "2024-08-03 21:35:28", "elapsed": 360.499197, "delta": 5.349278}}
{"target": -0.10327450622307559, "params": {"bus_acc": 1.2855865656060008, "bus_dcc": 1.2823008234989182, "bus_lcAssertive": 87.14898287433239, "bus_lcCooperative": 0.23686870355699852, "bus_lcLookaheadLeft": 39.82839308021436, "bus_lcPushy": 0.5715420927253323, "bus_lcSublane": 0.52580196995147, "bus_max_v": 6.520477588842137, "bus_tau_mean": 3.559440774593099, "bus_tau_std": 9.511356184186921, "car_acc": 2.6250146083493435, "car_dcc": 1.8514055048406228, "car_lcAssertive": 53.25683281567799, "car_lcCooperative": 0.3394167240176095, "car_lcLookaheadLeft": 56.35739645719134, "car_lcPushy": 0.9744034689130026, "car_lcSublane": 0.3117029177189814, "car_max_v": 18.375932118457392, "car_tau_mean": 1.6408852255814506, "car_tau_std": 7.744772660150796}, "datetime": {"datetime": "2024-08-03 21:35:34", "elapsed": 366.44485, "delta": 5.945653}}
{"target": -0.03739061460130178, "params": {"bus_acc": 2.679681420395335, "bus_dcc": 3.6103070959227033, "bus_lcAssertive": 81.85864247329991, "bus_lcCooperative": 0.8778014186346996, "bus_lcLookaheadLeft": 57.95885866983316, "bus_lcPushy": 0.9640361333390818, "bus_lcSublane": 0.6065443482504677, "bus_max_v": 17.078954821593626, "bus_tau_mean": 1.617542079761166, "bus_tau_std": 6.81204184117019, "car_acc": 1.103931377010722, "car_dcc": 1.4036392630358268, "car_lcAssertive": 13.893974589703742, "car_lcCooperative": 0.6552012872247357, "car_lcLookaheadLeft": 19.182593993591155, "car_lcPushy": 0.3411468232515472, "car_lcSublane": 0.04431165583310459, "car_max_v": 9.674687202330212, "car_tau_mean": 3.8747851369725295, "car_tau_std": 5.091394025163677}, "datetime": {"datetime": "2024-08-03 21:35:36", "elapsed": 368.559292, "delta": 2.114442}}
{"target": -0.048639857811740274, "params": {"bus_acc": 2.8837724923734105, "bus_dcc": 3.6097323198050635, "bus_lcAssertive": 70.69595032970896, "bus_lcCooperative": 0.4702989247821753, "bus_lcLookaheadLeft": 68.90440820451863, "bus_lcPushy": 0.013418310556529534, "bus_lcSublane": 0.9824781185020439, "bus_max_v": 8.441546636577918, "bus_tau_mean": 3.6719113858658865, "bus_tau_std": 8.07109901666106, "car_acc": 2.6002793687739754, "car_dcc": 1.8068081733551948, "car_lcAssertive": 22.69622676996855, "car_lcCooperative": 0.42880069291408873, "car_lcLookaheadLeft": 85.23836787160418, "car_lcPushy": 0.45037964247172024, "car_lcSublane": 0.9354201140070618, "car_max_v": 12.05358654503476, "car_tau_mean": 2.667872579938659, "car_tau_std": 9.806990363557802}, "datetime": {"datetime": "2024-08-03 21:35:40", "elapsed": 372.706336, "delta": 4.147044}}
{"target": -0.04327411541273308, "params": {"bus_acc": 1.5024063666987733, "bus_dcc": 2.967282303710098, "bus_lcAssertive": 96.07931767378179, "bus_lcCooperative": 0.0035547604644260433, "bus_lcLookaheadLeft": 72.88938235064201, "bus_lcPushy": 0.10899503392964371, "bus_lcSublane": 0.5437874916638252, "bus_max_v": 17.53832033360669, "bus_tau_mean": 1.350314940197804, "bus_tau_std": 9.138438752466081, "car_acc": 2.2446250573832356, "car_dcc": 1.6950840741845796, "car_lcAssertive": 77.24308657238095, "car_lcCooperative": 0.10550707999733477, "car_lcLookaheadLeft": 56.41208121607176, "car_lcPushy": 0.0949560698024915, "car_lcSublane": 0.5809840726750195, "car_max_v": 10.059602254403767, "car_tau_mean": 2.773133827841612, "car_tau_std": 7.158269528581799}, "datetime": {"datetime": "2024-08-03 21:35:47", "elapsed": 379.583243, "delta": 6.876907}}
{"target": -0.10847218716825807, "params": {"bus_acc": 1.7571611865012045, "bus_dcc": 1.5645827800894636, "bus_lcAssertive": 74.95347807396458, "bus_lcCooperative": 0.34037929076546725, "bus_lcLookaheadLeft": 79.939514405753, "bus_lcPushy": 0.4879009391796203, "bus_lcSublane": 0.5256694443509794, "bus_max_v": 5.569816989831344, "bus_tau_mean": 2.7548120695766114, "bus_tau_std": 3.5065650243216737, "car_acc": 1.4584100545841314, "car_dcc": 2.3016501286351017, "car_lcAssertive": 38.86427826982084, "car_lcCooperative": 0.46978904008636024, "car_lcLookaheadLeft": 97.98936870962102, "car_lcPushy": 0.36437807036823044, "car_lcSublane": 0.7744101333360395, "car_max_v": 16.05535193099785, "car_tau_mean": 3.61195881187619, "car_tau_std": 3.54952851149572}, "datetime": {"datetime": "2024-08-03 21:35:53", "elapsed": 385.688474, "delta": 6.105231}}
{"target": -0.04489246295930999, "params": {"bus_acc": 1.5692479379374709, "bus_dcc": 3.722188426722992, "bus_lcAssertive": 89.1646763514528, "bus_lcCooperative": 0.9225044972603934, "bus_lcLookaheadLeft": 17.302657315197884, "bus_lcPushy": 0.8797221435013809, "bus_lcSublane": 0.6319949504631371, "bus_max_v": 9.212563568376048, "bus_tau_mean": 1.707905701730284, "bus_tau_std": 1.5991878858928321, "car_acc": 1.8886963148922544, "car_dcc": 1.2513248615363817, "car_lcAssertive": 17.366530557543744, "car_lcCooperative": 0.19719634646666928, "car_lcLookaheadLeft": 69.72067947255701, "car_lcPushy": 0.573802869165353, "car_lcSublane": 0.8733231340367321, "car_max_v": 9.892681314384163, "car_tau_mean": 2.703627848516196, "car_tau_std": 0.34431265307095615}, "datetime": {"datetime": "2024-08-03 21:36:03", "elapsed": 395.919418, "delta": 10.230944}}
{"target": -0.05148973971927978, "params": {"bus_acc": 1.744997532810719, "bus_dcc": 2.8571189041764127, "bus_lcAssertive": 20.497855852487653, "bus_lcCooperative": 0.9810797572402973, "bus_lcLookaheadLeft": 17.285572838255398, "bus_lcPushy": 0.5396791951612744, "bus_lcSublane": 0.6180113243466446, "bus_max_v": 9.619798973394078, "bus_tau_mean": 2.132081462232695, "bus_tau_std": 4.910085291329293, "car_acc": 2.533724752653084, "car_dcc": 2.9028422583216202, "car_lcAssertive": 47.28745525346862, "car_lcCooperative": 0.6669425431939752, "car_lcLookaheadLeft": 46.43098779917544, "car_lcPushy": 0.5257115913414097, "car_lcSublane": 0.6585680415583619, "car_max_v": 8.623907639077233, "car_tau_mean": 3.258173429103075, "car_tau_std": 6.028653375383973}, "datetime": {"datetime": "2024-08-03 21:36:15", "elapsed": 407.81139, "delta": 11.891972}}
{"target": -0.03915578011880135, "params": {"bus_acc": 2.259435014043129, "bus_dcc": 1.6305220297445189, "bus_lcAssertive": 75.52279982014257, "bus_lcCooperative": 0.06653648135411494, "bus_lcLookaheadLeft": 27.510879660697015, "bus_lcPushy": 0.8047545637433454, "bus_lcSublane": 0.19343428262332774, "bus_max_v": 17.7892176175988, "bus_tau_mean": 2.336346081933068, "bus_tau_std": 9.248079703993508, "car_acc": 1.526593540974222, "car_dcc": 1.1978832720520713, "car_lcAssertive": 73.77153036557827, "car_lcCooperative": 0.7721780295432468, "car_lcLookaheadLeft": 90.96595354534536, "car_lcPushy": 0.9319720691968373, "car_lcSublane": 0.013951572975597015, "car_max_v": 9.68724172242841, "car_tau_mean": 2.6587242495058017, "car_tau_std": 9.490163206876165}, "datetime": {"datetime": "2024-08-03 21:36:19", "elapsed": 411.879563, "delta": 4.068173}}
