{"target": -0.3268178946787599, "params": {"bus_acc": 3.7014, "bus_dcc": 2.0726, "bus_lcAssertive": 93.4744, "bus_lcCooperative": 0.34, "bus_lcLookaheadLeft": 64.2277, "bus_lcPushy": 0.9084, "bus_lcSigma": 0.1182, "bus_lcSpeedGainRight": 1.1457, "bus_lcSublane": 0.4935, "bus_sigma": 0.6411, "bus_tau_mean": 3.2004, "bus_tau_std": 0.2269, "bus_v_mean": 16.6685, "bus_v_std": 10.8306, "car_acc": 4.1408, "car_dcc": 1.8511, "car_lcAssertive": 31.5901, "car_lcCooperative": 0.8603, "car_lcLookaheadLeft": 61.418, "car_lcPushy": 0.3385, "car_lcSigma": 0.8127, "car_lcSpeedGainRight": 1.1334, "car_lcSublane": 0.1209, "car_sigma": 0.7381, "car_tau_mean": 3.6231, "car_tau_std": 4.1479, "car_v_mean": 18.2464, "car_v_std": 2.6946}, "datetime": {"datetime": "2024-08-08 17:40:49", "elapsed": 1034.164682, "delta": 6.290467}}
{"target": -0.3302225589112778, "params": {"bus_acc": 1.6612, "bus_dcc": 1.4446, "bus_lcAssertive": 82.2632, "bus_lcCooperative": 0.3456, "bus_lcLookaheadLeft": 64.2717, "bus_lcPushy": 0.6706, "bus_lcSigma": 0.3383, "bus_lcSpeedGainRight": 3.2337, "bus_lcSublane": 0.8957, "bus_sigma": 0.3371, "bus_tau_mean": 2.3064, "bus_tau_std": 7.6009, "bus_v_mean": 14.0829, "bus_v_std": 14.6952, "car_acc": 3.7594, "car_dcc": 1.8855, "car_lcAssertive": 28.0747, "car_lcCooperative": 0.2076, "car_lcLookaheadLeft": 67.2892, "car_lcPushy": 0.6646, "car_lcSigma": 0.0493, "car_lcSpeedGainRight": 0.7061, "car_lcSublane": 0.7542, "car_sigma": 0.1702, "car_tau_mean": 3.5637, "car_tau_std": 0.5056, "car_v_mean": 21.813, "car_v_std": 7.1719}, "datetime": {"datetime": "2024-08-08 17:40:58", "elapsed": 1043.638771, "delta": 9.474089}}
{"target": -0.29691555660685537, "params": {"bus_acc": 3.5147, "bus_dcc": 1.8174, "bus_lcAssertive": 65.5281, "bus_lcCooperative": 0.4346, "bus_lcLookaheadLeft": 11.8599, "bus_lcPushy": 0.2244, "bus_lcSigma": 0.8598, "bus_lcSpeedGainRight": 0.7143, "bus_lcSublane": 0.604, "bus_sigma": 0.2957, "bus_tau_mean": 0.9134, "bus_tau_std": 4.1455, "bus_v_mean": 11.0435, "bus_v_std": 14.7764, "car_acc": 1.9063, "car_dcc": 3.6138, "car_lcAssertive": 84.4958, "car_lcCooperative": 0.2849, "car_lcLookaheadLeft": 6.325, "car_lcPushy": 0.6943, "car_lcSigma": 0.6015, "car_lcSpeedGainRight": 3.8173, "car_lcSublane": 0.6791, "car_sigma": 0.5439, "car_tau_mean": 2.8218, "car_tau_std": 7.5352, "car_v_mean": 10.8959, "car_v_std": 0.6358}, "datetime": {"datetime": "2024-08-08 17:41:03", "elapsed": 1048.971504, "delta": 5.332733}}
{"target": -0.33648352489113825, "params": {"bus_acc": 2.8497, "bus_dcc": 2.8184, "bus_lcAssertive": 36.7687, "bus_lcCooperative": 0.719, "bus_lcLookaheadLeft": 82.2267, "bus_lcPushy": 0.9986, "bus_lcSigma": 0.7507, "bus_lcSpeedGainRight": 0.6799, "bus_lcSublane": 0.7558, "bus_sigma": 0.1691, "bus_tau_mean": 1.3116, "bus_tau_std": 6.3758, "bus_v_mean": 18.1224, "bus_v_std": 6.276, "car_acc": 3.9749, "car_dcc": 3.3128, "car_lcAssertive": 25.6156, "car_lcCooperative": 0.9796, "car_lcLookaheadLeft": 2.3065, "car_lcPushy": 0.4981, "car_lcSigma": 0.7861, "car_lcSpeedGainRight": 4.6351, "car_lcSublane": 0.0815, "car_sigma": 0.7218, "car_tau_mean": 2.8467, "car_tau_std": 3.0578, "car_v_mean": 21.1553, "car_v_std": 5.3794}, "datetime": {"datetime": "2024-08-08 17:41:10", "elapsed": 1055.645706, "delta": 6.674202}}
{"target": -0.2996586411746431, "params": {"bus_acc": 2.1841, "bus_dcc": 3.0486, "bus_lcAssertive": 15.3827, "bus_lcCooperative": 0.3759, "bus_lcLookaheadLeft": 77.1387, "bus_lcPushy": 0.2608, "bus_lcSigma": 0.5592, "bus_lcSpeedGainRight": 4.7694, "bus_lcSublane": 0.2942, "bus_sigma": 0.549, "bus_tau_mean": 0.8991, "bus_tau_std": 9.1454, "bus_v_mean": 10.3998, "bus_v_std": 5.4711, "car_acc": 3.0676, "car_dcc": 3.3758, "car_lcAssertive": 35.5058, "car_lcCooperative": 0.4034, "car_lcLookaheadLeft": 38.9717, "car_lcPushy": 0.5713, "car_lcSigma": 0.991, "car_lcSpeedGainRight": 2.0158, "car_lcSublane": 0.5521, "car_sigma": 0.7065, "car_tau_mean": 1.9263, "car_tau_std": 3.877, "car_v_mean": 24.0, "car_v_std": 12.4653}, "datetime": {"datetime": "2024-08-08 17:41:23", "elapsed": 1068.277388, "delta": 12.631682}}
{"target": -0.35820357692943516, "params": {"bus_acc": 1.809, "bus_dcc": 1.7603, "bus_lcAssertive": 29.3193, "bus_lcCooperative": 0.1207, "bus_lcLookaheadLeft": 11.7932, "bus_lcPushy": 0.6233, "bus_lcSigma": 0.0448, "bus_lcSpeedGainRight": 3.3176, "bus_lcSublane": 0.1492, "bus_sigma": 0.2604, "bus_tau_mean": 3.5126, "bus_tau_std": 5.1736, "bus_v_mean": 15.4566, "bus_v_std": 8.0391, "car_acc": 1.7682, "car_dcc": 2.5082, "car_lcAssertive": 43.5719, "car_lcCooperative": 0.4485, "car_lcLookaheadLeft": 94.1177, "car_lcPushy": 0.9588, "car_lcSigma": 0.3747, "car_lcSpeedGainRight": 1.0185, "car_lcSublane": 0.2823, "car_sigma": 0.1147, "car_tau_mean": 1.8093, "car_tau_std": 6.6856, "car_v_mean": 22.6126, "car_v_std": 6.881}, "datetime": {"datetime": "2024-08-08 17:41:29", "elapsed": 1074.517545, "delta": 6.240157}}
{"target": -0.3184064895476187, "params": {"bus_acc": 1.0492, "bus_dcc": 1.9958, "bus_lcAssertive": 92.542, "bus_lcCooperative": 0.513, "bus_lcLookaheadLeft": 63.5119, "bus_lcPushy": 0.9291, "bus_lcSigma": 0.3991, "bus_lcSpeedGainRight": 1.8037, "bus_lcSublane": 0.4449, "bus_sigma": 0.0196, "bus_tau_mean": 0.7689, "bus_tau_std": 3.0672, "bus_v_mean": 11.4692, "bus_v_std": 13.2522, "car_acc": 3.8475, "car_dcc": 1.4077, "car_lcAssertive": 18.0108, "car_lcCooperative": 0.6897, "car_lcLookaheadLeft": 63.275, "car_lcPushy": 0.7967, "car_lcSigma": 0.3325, "car_lcSpeedGainRight": 3.3314, "car_lcSublane": 0.7869, "car_sigma": 0.2011, "car_tau_mean": 1.2125, "car_tau_std": 1.836, "car_v_mean": 18.3401, "car_v_std": 4.3386}, "datetime": {"datetime": "2024-08-08 17:41:34", "elapsed": 1079.371894, "delta": 4.854349}}
{"target": -0.2830366183582158, "params": {"bus_acc": 1.8025, "bus_dcc": 2.536, "bus_lcAssertive": 25.3105, "bus_lcCooperative": 0.5857, "bus_lcLookaheadLeft": 74.2968, "bus_lcPushy": 0.5749, "bus_lcSigma": 0.3835, "bus_lcSpeedGainRight": 2.8949, "bus_lcSublane": 1.0, "bus_sigma": 0.2742, "bus_tau_mean": 1.7342, "bus_tau_std": 0.2037, "bus_v_mean": 12.6027, "bus_v_std": 10.3884, "car_acc": 2.3425, "car_dcc": 1.0, "car_lcAssertive": 84.151, "car_lcCooperative": 0.3569, "car_lcLookaheadLeft": 82.566, "car_lcPushy": 0.5939, "car_lcSigma": 0.5426, "car_lcSpeedGainRight": 1.3697, "car_lcSublane": 0.3769, "car_sigma": 0.5109, "car_tau_mean": 0.8659, "car_tau_std": 9.9969, "car_v_mean": 19.5805, "car_v_std": 7.5953}, "datetime": {"datetime": "2024-08-08 17:41:38", "elapsed": 1083.853098, "delta": 4.481204}}
{"target": -0.2910314877503066, "params": {"bus_acc": 2.4421, "bus_dcc": 1.3914, "bus_lcAssertive": 24.7034, "bus_lcCooperative": 0.6738, "bus_lcLookaheadLeft": 88.2696, "bus_lcPushy": 0.8309, "bus_lcSigma": 0.3023, "bus_lcSpeedGainRight": 0.5498, "bus_lcSublane": 0.7618, "bus_sigma": 0.479, "bus_tau_mean": 1.8404, "bus_tau_std": 0.2142, "bus_v_mean": 9.9657, "bus_v_std": 3.101, "car_acc": 2.0265, "car_dcc": 2.725, "car_lcAssertive": 81.7936, "car_lcCooperative": 0.8125, "car_lcLookaheadLeft": 91.3732, "car_lcPushy": 0.6378, "car_lcSigma": 0.709, "car_lcSpeedGainRight": 2.8308, "car_lcSublane": 0.244, "car_sigma": 0.2746, "car_tau_mean": 1.7499, "car_tau_std": 10.0, "car_v_mean": 19.4598, "car_v_std": 5.7492}, "datetime": {"datetime": "2024-08-08 17:41:45", "elapsed": 1090.759005, "delta": 6.905907}}
{"target": -0.29935424076747696, "params": {"bus_acc": 3.4748, "bus_dcc": 1.7717, "bus_lcAssertive": 65.5086, "bus_lcCooperative": 0.4123, "bus_lcLookaheadLeft": 11.8201, "bus_lcPushy": 0.2013, "bus_lcSigma": 0.8597, "bus_lcSpeedGainRight": 0.7142, "bus_lcSublane": 0.5823, "bus_sigma": 0.2729, "bus_tau_mean": 0.9133, "bus_tau_std": 4.1057, "bus_v_mean": 11.0037, "bus_v_std": 14.7366, "car_acc": 1.8609, "car_dcc": 3.574, "car_lcAssertive": 84.4764, "car_lcCooperative": 0.262, "car_lcLookaheadLeft": 6.2852, "car_lcPushy": 0.6729, "car_lcSigma": 0.6014, "car_lcSpeedGainRight": 3.7775, "car_lcSublane": 0.6576, "car_sigma": 0.5438, "car_tau_mean": 2.7812, "car_tau_std": 7.4954, "car_v_mean": 10.8561, "car_v_std": 0.6142}, "datetime": {"datetime": "2024-08-08 17:41:52", "elapsed": 1097.668173, "delta": 6.909168}}
{"target": -0.37043850262802464, "params": {"bus_acc": 4.748, "bus_dcc": 2.7719, "bus_lcAssertive": 74.145, "bus_lcCooperative": 0.0088, "bus_lcLookaheadLeft": 95.2911, "bus_lcPushy": 0.3258, "bus_lcSigma": 0.1751, "bus_lcSpeedGainRight": 1.5252, "bus_lcSublane": 0.8126, "bus_sigma": 0.7437, "bus_tau_mean": 2.9992, "bus_tau_std": 6.351, "bus_v_mean": 17.1129, "bus_v_std": 8.5533, "car_acc": 2.0238, "car_dcc": 2.7288, "car_lcAssertive": 65.2121, "car_lcCooperative": 0.2493, "car_lcLookaheadLeft": 85.5633, "car_lcPushy": 0.6338, "car_lcSigma": 0.6665, "car_lcSpeedGainRight": 4.6961, "car_lcSublane": 0.4412, "car_sigma": 0.7187, "car_tau_mean": 2.8087, "car_tau_std": 7.078, "car_v_mean": 17.0779, "car_v_std": 7.4537}, "datetime": {"datetime": "2024-08-08 17:42:01", "elapsed": 1106.942046, "delta": 9.273873}}
{"target": -0.33608376321948197, "params": {"bus_acc": 1.8031, "bus_dcc": 2.6676, "bus_lcAssertive": 14.3978, "bus_lcCooperative": 0.185, "bus_lcLookaheadLeft": 76.3434, "bus_lcPushy": 0.0698, "bus_lcSigma": 0.3683, "bus_lcSpeedGainRight": 4.3883, "bus_lcSublane": 0.1033, "bus_sigma": 0.3581, "bus_tau_mean": 0.8978, "bus_tau_std": 8.7644, "bus_v_mean": 9.4149, "bus_v_std": 4.4857, "car_acc": 2.0822, "car_dcc": 2.9947, "car_lcAssertive": 34.521, "car_lcCooperative": 0.0, "car_lcLookaheadLeft": 37.9869, "car_lcPushy": 0.57, "car_lcSigma": 0.9897, "car_lcSpeedGainRight": 1.6348, "car_lcSublane": 0.3611, "car_sigma": 0.7052, "car_tau_mean": 1.5452, "car_tau_std": 3.496, "car_v_mean": 23.3105, "car_v_std": 11.4805}, "datetime": {"datetime": "2024-08-08 17:42:07", "elapsed": 1112.494661, "delta": 5.552615}}
{"target": -0.29820268849425746, "params": {"bus_acc": 2.3925, "bus_dcc": 1.0673, "bus_lcAssertive": 44.1625, "bus_lcCooperative": 0.8755, "bus_lcLookaheadLeft": 25.3536, "bus_lcPushy": 0.5452, "bus_lcSigma": 0.3975, "bus_lcSpeedGainRight": 0.3764, "bus_lcSublane": 0.3427, "bus_sigma": 0.1946, "bus_tau_mean": 3.5463, "bus_tau_std": 6.1181, "bus_v_mean": 14.4401, "bus_v_std": 8.7852, "car_acc": 3.3374, "car_dcc": 1.3618, "car_lcAssertive": 36.0883, "car_lcCooperative": 0.26, "car_lcLookaheadLeft": 89.4786, "car_lcPushy": 0.0177, "car_lcSigma": 0.8359, "car_lcSpeedGainRight": 0.4967, "car_lcSublane": 0.5411, "car_sigma": 0.404, "car_tau_mean": 1.6618, "car_tau_std": 1.0529, "car_v_mean": 22.3055, "car_v_std": 8.1809}, "datetime": {"datetime": "2024-08-08 17:42:11", "elapsed": 1117.088709, "delta": 4.594048}}
{"target": -0.31632916010359585, "params": {"bus_acc": 2.9724, "bus_dcc": 3.4124, "bus_lcAssertive": 34.3191, "bus_lcCooperative": 0.6434, "bus_lcLookaheadLeft": 28.763, "bus_lcPushy": 0.888, "bus_lcSigma": 0.8617, "bus_lcSpeedGainRight": 2.3787, "bus_lcSublane": 0.467, "bus_sigma": 0.9381, "bus_tau_mean": 0.5159, "bus_tau_std": 5.0863, "bus_v_mean": 15.7018, "bus_v_std": 4.6556, "car_acc": 4.9038, "car_dcc": 2.3077, "car_lcAssertive": 48.4166, "car_lcCooperative": 0.3655, "car_lcLookaheadLeft": 9.8392, "car_lcPushy": 0.5137, "car_lcSigma": 0.618, "car_lcSpeedGainRight": 1.226, "car_lcSublane": 0.0574, "car_sigma": 0.2859, "car_tau_mean": 3.5288, "car_tau_std": 7.7742, "car_v_mean": 16.3644, "car_v_std": 7.1495}, "datetime": {"datetime": "2024-08-08 17:42:16", "elapsed": 1121.820941, "delta": 4.732232}}
{"target": -0.3487708480208413, "params": {"bus_acc": 4.6801, "bus_dcc": 1.3862, "bus_lcAssertive": 30.1576, "bus_lcCooperative": 0.3153, "bus_lcLookaheadLeft": 31.0681, "bus_lcPushy": 0.0427, "bus_lcSigma": 0.0274, "bus_lcSpeedGainRight": 0.9065, "bus_lcSublane": 0.5725, "bus_sigma": 0.3549, "bus_tau_mean": 1.9477, "bus_tau_std": 4.1042, "bus_v_mean": 15.0394, "bus_v_std": 5.9408, "car_acc": 3.9016, "car_dcc": 3.6059, "car_lcAssertive": 49.7577, "car_lcCooperative": 0.7078, "car_lcLookaheadLeft": 21.703, "car_lcPushy": 0.2723, "car_lcSigma": 0.0466, "car_lcSpeedGainRight": 2.8615, "car_lcSublane": 0.3295, "car_sigma": 0.928, "car_tau_mean": 1.152, "car_tau_std": 5.0577, "car_v_mean": 19.9743, "car_v_std": 1.8007}, "datetime": {"datetime": "2024-08-08 17:42:19", "elapsed": 1124.909066, "delta": 3.088125}}
{"target": -0.2935419248468961, "params": {"bus_acc": 2.1151, "bus_dcc": 2.5014, "bus_lcAssertive": 13.9444, "bus_lcCooperative": 0.3822, "bus_lcLookaheadLeft": 77.9696, "bus_lcPushy": 0.4665, "bus_lcSigma": 0.7231, "bus_lcSpeedGainRight": 2.7052, "bus_lcSublane": 1.0, "bus_sigma": 0.3189, "bus_tau_mean": 1.6396, "bus_tau_std": 0.0, "bus_v_mean": 11.9664, "bus_v_std": 10.7154, "car_acc": 1.8945, "car_dcc": 1.0, "car_lcAssertive": 79.531, "car_lcCooperative": 0.1905, "car_lcLookaheadLeft": 84.1216, "car_lcPushy": 0.5898, "car_lcSigma": 0.6232, "car_lcSpeedGainRight": 0.6907, "car_lcSublane": 0.4948, "car_sigma": 0.5934, "car_tau_mean": 0.5, "car_tau_std": 10.0, "car_v_mean": 18.0566, "car_v_std": 6.0556}, "datetime": {"datetime": "2024-08-08 17:42:29", "elapsed": 1134.813598, "delta": 9.904532}}
{"target": -0.31140114633809685, "params": {"bus_acc": 4.3263, "bus_dcc": 1.6531, "bus_lcAssertive": 18.3791, "bus_lcCooperative": 0.637, "bus_lcLookaheadLeft": 4.1517, "bus_lcPushy": 0.9231, "bus_lcSigma": 0.0703, "bus_lcSpeedGainRight": 1.7059, "bus_lcSublane": 0.8023, "bus_sigma": 0.9949, "bus_tau_mean": 2.1433, "bus_tau_std": 4.611, "bus_v_mean": 23.0444, "bus_v_std": 9.0865, "car_acc": 1.1645, "car_dcc": 1.9752, "car_lcAssertive": 89.7617, "car_lcCooperative": 0.2564, "car_lcLookaheadLeft": 51.2185, "car_lcPushy": 0.7482, "car_lcSigma": 0.7487, "car_lcSpeedGainRight": 1.8908, "car_lcSublane": 0.0515, "car_sigma": 0.5597, "car_tau_mean": 0.7628, "car_tau_std": 7.0042, "car_v_mean": 18.8889, "car_v_std": 10.7414}, "datetime": {"datetime": "2024-08-08 17:42:34", "elapsed": 1139.775175, "delta": 4.961577}}
{"target": -0.3229865203056507, "params": {"bus_acc": 3.5109, "bus_dcc": 1.8078, "bus_lcAssertive": 65.5262, "bus_lcCooperative": 0.4299, "bus_lcLookaheadLeft": 11.8562, "bus_lcPushy": 0.2189, "bus_lcSigma": 0.8598, "bus_lcSpeedGainRight": 0.7143, "bus_lcSublane": 0.5999, "bus_sigma": 0.2905, "bus_tau_mean": 0.9134, "bus_tau_std": 4.1418, "bus_v_mean": 11.0398, "bus_v_std": 14.7727, "car_acc": 1.897, "car_dcc": 3.6101, "car_lcAssertive": 84.494, "car_lcCooperative": 0.2796, "car_lcLookaheadLeft": 6.3213, "car_lcPushy": 0.6905, "car_lcSigma": 0.6015, "car_lcSpeedGainRight": 3.8136, "car_lcSublane": 0.6752, "car_sigma": 0.5439, "car_tau_mean": 2.8173, "car_tau_std": 7.5315, "car_v_mean": 10.8922, "car_v_std": 0.6318}, "datetime": {"datetime": "2024-08-08 17:42:38", "elapsed": 1143.947447, "delta": 4.172272}}
{"target": -0.31118063273171576, "params": {"bus_acc": 2.1861, "bus_dcc": 3.0507, "bus_lcAssertive": 15.3847, "bus_lcCooperative": 0.3771, "bus_lcLookaheadLeft": 77.14, "bus_lcPushy": 0.262, "bus_lcSigma": 0.5604, "bus_lcSpeedGainRight": 4.7714, "bus_lcSublane": 0.2955, "bus_sigma": 0.5503, "bus_tau_mean": 0.8984, "bus_tau_std": 9.1474, "bus_v_mean": 10.4018, "bus_v_std": 5.4731, "car_acc": 3.0696, "car_dcc": 3.3778, "car_lcAssertive": 35.5078, "car_lcCooperative": 0.4046, "car_lcLookaheadLeft": 38.9738, "car_lcPushy": 0.5705, "car_lcSigma": 0.9903, "car_lcSpeedGainRight": 2.0178, "car_lcSublane": 0.5533, "car_sigma": 0.7057, "car_tau_mean": 1.9283, "car_tau_std": 3.879, "car_v_mean": 24.0, "car_v_std": 12.4674}, "datetime": {"datetime": "2024-08-08 17:43:00", "elapsed": 1166.082036, "delta": 22.134589}}
{"target": -0.28200379470740217, "params": {"bus_acc": 2.1743, "bus_dcc": 2.094, "bus_lcAssertive": 14.9125, "bus_lcCooperative": 0.4319, "bus_lcLookaheadLeft": 84.5565, "bus_lcPushy": 0.4764, "bus_lcSigma": 0.4591, "bus_lcSpeedGainRight": 2.2219, "bus_lcSublane": 1.0, "bus_sigma": 0.4489, "bus_tau_mean": 1.9045, "bus_tau_std": 0.0, "bus_v_mean": 12.5553, "bus_v_std": 10.2507, "car_acc": 1.7731, "car_dcc": 1.1147, "car_lcAssertive": 79.0379, "car_lcCooperative": 0.3852, "car_lcLookaheadLeft": 80.9683, "car_lcPushy": 0.5526, "car_lcSigma": 0.5477, "car_lcSpeedGainRight": 2.0601, "car_lcSublane": 0.268, "car_sigma": 0.4841, "car_tau_mean": 0.8199, "car_tau_std": 10.0, "car_v_mean": 17.5545, "car_v_std": 4.7876}, "datetime": {"datetime": "2024-08-08 17:43:06", "elapsed": 1171.388456, "delta": 5.30642}}
{"target": -0.37064575699269753, "params": {"bus_acc": 2.752, "bus_dcc": 1.7339, "bus_lcAssertive": 33.1718, "bus_lcCooperative": 0.9427, "bus_lcLookaheadLeft": 9.3702, "bus_lcPushy": 0.1809, "bus_lcSigma": 0.2748, "bus_lcSpeedGainRight": 3.7376, "bus_lcSublane": 0.6752, "bus_sigma": 0.9015, "bus_tau_mean": 1.4242, "bus_tau_std": 6.9236, "bus_v_mean": 18.133, "bus_v_std": 5.5468, "car_acc": 3.9902, "car_dcc": 3.6682, "car_lcAssertive": 52.5863, "car_lcCooperative": 0.139, "car_lcLookaheadLeft": 86.6841, "car_lcPushy": 0.433, "car_lcSigma": 0.5077, "car_lcSpeedGainRight": 1.0168, "car_lcSublane": 0.9041, "car_sigma": 0.8597, "car_tau_mean": 2.3315, "car_tau_std": 8.4802, "car_v_mean": 21.8267, "car_v_std": 6.1805}, "datetime": {"datetime": "2024-08-08 17:43:10", "elapsed": 1175.330187, "delta": 3.941731}}
{"target": -0.29559926689720156, "params": {"bus_acc": 2.9645, "bus_dcc": 1.5296, "bus_lcAssertive": 7.6108, "bus_lcCooperative": 0.4134, "bus_lcLookaheadLeft": 84.3012, "bus_lcPushy": 0.9535, "bus_lcSigma": 0.1597, "bus_lcSpeedGainRight": 1.0803, "bus_lcSublane": 0.7143, "bus_sigma": 0.9927, "bus_tau_mean": 1.8689, "bus_tau_std": 3.567, "bus_v_mean": 13.7988, "bus_v_std": 6.8753, "car_acc": 3.2536, "car_dcc": 2.3961, "car_lcAssertive": 15.0703, "car_lcCooperative": 0.0744, "car_lcLookaheadLeft": 66.5717, "car_lcPushy": 0.8196, "car_lcSigma": 0.2949, "car_lcSpeedGainRight": 3.4589, "car_lcSublane": 0.4563, "car_sigma": 0.7251, "car_tau_mean": 2.5604, "car_tau_std": 3.6364, "car_v_mean": 18.6868, "car_v_std": 3.9899}, "datetime": {"datetime": "2024-08-08 17:43:12", "elapsed": 1177.798045, "delta": 2.467858}}
{"target": -0.3265547191752479, "params": {"bus_acc": 2.4305, "bus_dcc": 2.3209, "bus_lcAssertive": 59.7969, "bus_lcCooperative": 0.3306, "bus_lcLookaheadLeft": 67.4767, "bus_lcPushy": 0.6015, "bus_lcSigma": 0.5237, "bus_lcSpeedGainRight": 3.4496, "bus_lcSublane": 0.6838, "bus_sigma": 0.3862, "bus_tau_mean": 2.7162, "bus_tau_std": 1.6578, "bus_v_mean": 10.6806, "bus_v_std": 8.2985, "car_acc": 2.4406, "car_dcc": 2.7423, "car_lcAssertive": 78.1168, "car_lcCooperative": 0.6867, "car_lcLookaheadLeft": 64.6414, "car_lcPushy": 0.593, "car_lcSigma": 0.4425, "car_lcSpeedGainRight": 2.0141, "car_lcSublane": 0.5934, "car_sigma": 0.3038, "car_tau_mean": 1.9059, "car_tau_std": 8.4906, "car_v_mean": 19.1365, "car_v_std": 15.7161}, "datetime": {"datetime": "2024-08-08 17:43:22", "elapsed": 1187.999358, "delta": 10.201313}}
{"target": -0.33437319982952585, "params": {"bus_acc": 2.5493, "bus_dcc": 1.5365, "bus_lcAssertive": 21.4226, "bus_lcCooperative": 0.4785, "bus_lcLookaheadLeft": 96.0364, "bus_lcPushy": 0.7543, "bus_lcSigma": 0.1529, "bus_lcSpeedGainRight": 2.876, "bus_lcSublane": 0.2063, "bus_sigma": 0.7674, "bus_tau_mean": 0.8839, "bus_tau_std": 1.5087, "bus_v_mean": 17.5521, "bus_v_std": 17.5267, "car_acc": 2.8418, "car_dcc": 2.3595, "car_lcAssertive": 76.6484, "car_lcCooperative": 0.6312, "car_lcLookaheadLeft": 66.4161, "car_lcPushy": 0.6141, "car_lcSigma": 0.7854, "car_lcSpeedGainRight": 3.8588, "car_lcSublane": 0.768, "car_sigma": 0.3663, "car_tau_mean": 1.414, "car_tau_std": 6.4101, "car_v_mean": 16.8755, "car_v_std": 3.1902}, "datetime": {"datetime": "2024-08-08 17:43:26", "elapsed": 1191.315869, "delta": 3.316511}}
{"target": -0.38739695953931547, "params": {"bus_acc": 1.3461, "bus_dcc": 1.6889, "bus_lcAssertive": 95.532, "bus_lcCooperative": 0.9789, "bus_lcLookaheadLeft": 57.3103, "bus_lcPushy": 0.9375, "bus_lcSigma": 0.1354, "bus_lcSpeedGainRight": 2.6103, "bus_lcSublane": 0.6191, "bus_sigma": 0.0743, "bus_tau_mean": 0.6779, "bus_tau_std": 7.1125, "bus_v_mean": 16.1398, "bus_v_std": 0.6295, "car_acc": 4.1977, "car_dcc": 3.0109, "car_lcAssertive": 60.8484, "car_lcCooperative": 0.0337, "car_lcLookaheadLeft": 97.1974, "car_lcPushy": 0.9621, "car_lcSigma": 0.3937, "car_lcSpeedGainRight": 2.5225, "car_lcSublane": 0.4896, "car_sigma": 0.03, "car_tau_mean": 2.309, "car_tau_std": 3.1543, "car_v_mean": 17.5922, "car_v_std": 2.0533}, "datetime": {"datetime": "2024-08-08 17:43:29", "elapsed": 1194.63357, "delta": 3.317701}}
{"target": -0.240426066446356, "params": {"bus_acc": 1.5469, "bus_dcc": 1.4212, "bus_lcAssertive": 42.0308, "bus_lcCooperative": 0.6119, "bus_lcLookaheadLeft": 99.4764, "bus_lcPushy": 0.0763, "bus_lcSigma": 0.4389, "bus_lcSpeedGainRight": 1.7489, "bus_lcSublane": 0.7072, "bus_sigma": 0.7902, "bus_tau_mean": 2.5551, "bus_tau_std": 8.0731, "bus_v_mean": 20.2737, "bus_v_std": 9.6364, "car_acc": 4.4771, "car_dcc": 2.8823, "car_lcAssertive": 26.935, "car_lcCooperative": 0.4014, "car_lcLookaheadLeft": 23.922, "car_lcPushy": 0.029, "car_lcSigma": 0.5461, "car_lcSpeedGainRight": 0.0426, "car_lcSublane": 0.6553, "car_sigma": 0.1752, "car_tau_mean": 0.6459, "car_tau_std": 4.8423, "car_v_mean": 11.1811, "car_v_std": 0.8437}, "datetime": {"datetime": "2024-08-08 17:43:40", "elapsed": 1205.699357, "delta": 11.065787}}
