{"target": 58.65587386054738, "params": {"bus_acc": 1.99, "bus_dcc": 3.97, "bus_lcCooperative": 0.57, "bus_lcPushy": 0.99, "bus_lcSublane": 0.34, "bus_max_v": 12.28, "bus_tau_mean": 1.62, "bus_tau_std": 4.75, "car_acc": 1.01, "car_dcc": 1.84, "car_lcCooperative": 0.0, "car_lcPushy": 0.79, "car_lcSublane": 0.99, "car_max_v": 10.21, "car_tau_mean": 2.0, "car_tau_std": 14.95}, "datetime": {"datetime": "2024-07-31 12:51:23", "elapsed": 1954.687828, "delta": 27.177279}}
{"target": 58.69317380165832, "params": {"bus_acc": 1.99, "bus_dcc": 3.98, "bus_lcCooperative": 0.57, "bus_lcPushy": 1.0, "bus_lcSublane": 0.33, "bus_max_v": 12.28, "bus_tau_mean": 1.62, "bus_tau_std": 4.75, "car_acc": 1.01, "car_dcc": 1.84, "car_lcCooperative": 0.0, "car_lcPushy": 0.79, "car_lcSublane": 1.0, "car_max_v": 10.22, "car_tau_mean": 2.0, "car_tau_std": 14.96}, "datetime": {"datetime": "2024-07-31 12:51:44", "elapsed": 1975.869614, "delta": 21.181786}}
{"target": 58.76294462578889, "params": {"bus_acc": 2.0, "bus_dcc": 4.0, "bus_lcCooperative": 0.66, "bus_lcPushy": 1.0, "bus_lcSublane": 0.19, "bus_max_v": 12.49, "bus_tau_mean": 1.4, "bus_tau_std": 4.95, "car_acc": 1.0, "car_dcc": 1.74, "car_lcCooperative": 0.0, "car_lcPushy": 0.98, "car_lcSublane": 1.0, "car_max_v": 9.6, "car_tau_mean": 1.95, "car_tau_std": 15.0}, "datetime": {"datetime": "2024-07-31 12:54:53", "elapsed": 2164.912402, "delta": 189.042788}}
{"target": 58.755863966731816, "params": {"bus_acc": 1.77, "bus_dcc": 3.73, "bus_lcCooperative": 0.78, "bus_lcPushy": 1.0, "bus_lcSublane": 0.28, "bus_max_v": 12.29, "bus_tau_mean": 1.34, "bus_tau_std": 4.91, "car_acc": 1.2, "car_dcc": 1.69, "car_lcCooperative": 0.0, "car_lcPushy": 1.0, "car_lcSublane": 0.66, "car_max_v": 9.69, "car_tau_mean": 1.94, "car_tau_std": 15.0}, "datetime": {"datetime": "2024-07-31 12:57:28", "elapsed": 2320.007518, "delta": 155.095116}}
{"target": 58.180867206096345, "params": {"bus_acc": 2.0, "bus_dcc": 4.0, "bus_lcCooperative": 0.67, "bus_lcPushy": 1.0, "bus_lcSublane": 0.19, "bus_max_v": 12.49, "bus_tau_mean": 1.41, "bus_tau_std": 4.96, "car_acc": 1.0, "car_dcc": 1.74, "car_lcCooperative": 0.0, "car_lcPushy": 0.98, "car_lcSublane": 1.0, "car_max_v": 9.6, "car_tau_mean": 1.95, "car_tau_std": 15.0}, "datetime": {"datetime": "2024-07-31 12:58:00", "elapsed": 2352.325871, "delta": 32.318353}}
{"target": 58.531790153433896, "params": {"bus_acc": 1.77, "bus_dcc": 3.73, "bus_lcCooperative": 0.79, "bus_lcPushy": 1.0, "bus_lcSublane": 0.28, "bus_max_v": 12.28, "bus_tau_mean": 1.35, "bus_tau_std": 4.91, "car_acc": 1.19, "car_dcc": 1.69, "car_lcCooperative": 0.0, "car_lcPushy": 1.0, "car_lcSublane": 0.66, "car_max_v": 9.7, "car_tau_mean": 1.94, "car_tau_std": 15.0}, "datetime": {"datetime": "2024-07-31 12:58:11", "elapsed": 2363.0717, "delta": 10.745829}}
{"target": 58.51856821417143, "params": {"bus_acc": 1.77, "bus_dcc": 3.74, "bus_lcCooperative": 0.79, "bus_lcPushy": 1.0, "bus_lcSublane": 0.28, "bus_max_v": 12.27, "bus_tau_mean": 1.36, "bus_tau_std": 4.91, "car_acc": 1.19, "car_dcc": 1.69, "car_lcCooperative": 0.0, "car_lcPushy": 1.0, "car_lcSublane": 0.66, "car_max_v": 9.71, "car_tau_mean": 1.95, "car_tau_std": 15.0}, "datetime": {"datetime": "2024-07-31 12:58:37", "elapsed": 2389.323394, "delta": 26.251694}}
{"target": 58.473716440712955, "params": {"bus_acc": 1.64, "bus_dcc": 3.4, "bus_lcCooperative": 0.81, "bus_lcPushy": 0.05, "bus_lcSublane": 0.73, "bus_max_v": 13.38, "bus_tau_mean": 2.04, "bus_tau_std": 8.44, "car_acc": 1.05, "car_dcc": 3.09, "car_lcCooperative": 0.0, "car_lcPushy": 0.17, "car_lcSublane": 0.71, "car_max_v": 9.22, "car_tau_mean": 2.56, "car_tau_std": 11.42}, "datetime": {"datetime": "2024-07-31 12:59:58", "elapsed": 2469.833625, "delta": 80.510231}}
{"target": 58.48228595844828, "params": {"bus_acc": 1.47, "bus_dcc": 2.06, "bus_lcCooperative": 0.04, "bus_lcPushy": 0.55, "bus_lcSublane": 0.08, "bus_max_v": 9.93, "bus_tau_mean": 2.21, "bus_tau_std": 0.35, "car_acc": 1.74, "car_dcc": 1.26, "car_lcCooperative": 0.79, "car_lcPushy": 0.48, "car_lcSublane": 0.09, "car_max_v": 8.22, "car_tau_mean": 2.62, "car_tau_std": 8.0}, "datetime": {"datetime": "2024-07-31 13:00:04", "elapsed": 2476.518844, "delta": 6.685219}}
{"target": 57.13547628160826, "params": {"bus_acc": 1.05, "bus_dcc": 3.77, "bus_lcCooperative": 0.42, "bus_lcPushy": 0.65, "bus_lcSublane": 0.25, "bus_max_v": 9.11, "bus_tau_mean": 2.5, "bus_tau_std": 12.17, "car_acc": 2.13, "car_dcc": 4.07, "car_lcCooperative": 0.45, "car_lcPushy": 0.45, "car_lcSublane": 0.62, "car_max_v": 9.71, "car_tau_mean": 1.49, "car_tau_std": 10.79}, "datetime": {"datetime": "2024-07-31 13:00:22", "elapsed": 2494.386268, "delta": 17.867424}}
{"target": 57.686703485818484, "params": {"bus_acc": 1.16, "bus_dcc": 2.81, "bus_lcCooperative": 0.89, "bus_lcPushy": 0.61, "bus_lcSublane": 0.41, "bus_max_v": 12.42, "bus_tau_mean": 2.59, "bus_tau_std": 8.18, "car_acc": 1.13, "car_dcc": 3.34, "car_lcCooperative": 0.54, "car_lcPushy": 0.15, "car_lcSublane": 0.38, "car_max_v": 9.89, "car_tau_mean": 2.6, "car_tau_std": 10.85}, "datetime": {"datetime": "2024-07-31 13:01:38", "elapsed": 2570.036414, "delta": 75.650146}}
{"target": 58.055865644377356, "params": {"bus_acc": 1.2, "bus_dcc": 3.38, "bus_lcCooperative": 0.18, "bus_lcPushy": 0.94, "bus_lcSublane": 0.89, "bus_max_v": 11.97, "bus_tau_mean": 1.39, "bus_tau_std": 1.5, "car_acc": 2.79, "car_dcc": 3.18, "car_lcCooperative": 0.03, "car_lcPushy": 0.98, "car_lcSublane": 0.52, "car_max_v": 8.83, "car_tau_mean": 1.03, "car_tau_std": 2.39}, "datetime": {"datetime": "2024-07-31 13:04:18", "elapsed": 2730.007416, "delta": 159.971002}}
{"target": 57.21596686539875, "params": {"bus_acc": 1.16, "bus_dcc": 1.74, "bus_lcCooperative": 0.04, "bus_lcPushy": 0.79, "bus_lcSublane": 0.02, "bus_max_v": 8.2, "bus_tau_mean": 1.08, "bus_tau_std": 6.37, "car_acc": 2.99, "car_dcc": 4.47, "car_lcCooperative": 0.46, "car_lcPushy": 0.16, "car_lcSublane": 0.43, "car_max_v": 12.29, "car_tau_mean": 1.81, "car_tau_std": 4.16}, "datetime": {"datetime": "2024-07-31 13:06:35", "elapsed": 2867.07244, "delta": 137.065024}}
{"target": 56.66170824261953, "params": {"bus_acc": 1.25, "bus_dcc": 3.87, "bus_lcCooperative": 0.26, "bus_lcPushy": 0.03, "bus_lcSublane": 0.45, "bus_max_v": 10.84, "bus_tau_mean": 2.07, "bus_tau_std": 10.91, "car_acc": 1.49, "car_dcc": 4.87, "car_lcCooperative": 0.11, "car_lcPushy": 0.09, "car_lcSublane": 0.73, "car_max_v": 11.41, "car_tau_mean": 1.36, "car_tau_std": 11.58}, "datetime": {"datetime": "2024-07-31 13:07:14", "elapsed": 2906.161579, "delta": 39.089139}}
{"target": 59.125629162666726, "params": {"bus_acc": 2.0, "bus_dcc": 4.0, "bus_lcCooperative": 0.6, "bus_lcPushy": 1.0, "bus_lcSublane": 0.26, "bus_max_v": 12.0, "bus_tau_mean": 1.41, "bus_tau_std": 4.66, "car_acc": 1.0, "car_dcc": 1.52, "car_lcCooperative": 0.0, "car_lcPushy": 0.69, "car_lcSublane": 1.0, "car_max_v": 9.81, "car_tau_mean": 1.91, "car_tau_std": 15.0}, "datetime": {"datetime": "2024-07-31 13:07:15", "elapsed": 2906.863323, "delta": 0.701744}}
{"target": 57.796825990703105, "params": {"bus_acc": 1.16, "bus_dcc": 3.76, "bus_lcCooperative": 0.18, "bus_lcPushy": 0.48, "bus_lcSublane": 0.17, "bus_max_v": 14.6, "bus_tau_mean": 2.92, "bus_tau_std": 3.0, "car_acc": 1.28, "car_dcc": 3.77, "car_lcCooperative": 0.77, "car_lcPushy": 0.64, "car_lcSublane": 0.68, "car_max_v": 9.26, "car_tau_mean": 2.41, "car_tau_std": 12.79}, "datetime": {"datetime": "2024-07-31 13:07:47", "elapsed": 2939.298726, "delta": 32.435403}}
{"target": 56.404376758857836, "params": {"bus_acc": 1.18, "bus_dcc": 1.49, "bus_lcCooperative": 0.1, "bus_lcPushy": 0.02, "bus_lcSublane": 0.84, "bus_max_v": 13.3, "bus_tau_mean": 2.29, "bus_tau_std": 9.66, "car_acc": 1.43, "car_dcc": 3.95, "car_lcCooperative": 0.64, "car_lcPushy": 0.1, "car_lcSublane": 0.63, "car_max_v": 12.36, "car_tau_mean": 1.19, "car_tau_std": 9.09}, "datetime": {"datetime": "2024-07-31 13:08:42", "elapsed": 2993.672141, "delta": 54.373415}}
{"target": 59.11695171809399, "params": {"bus_acc": 2.0, "bus_dcc": 4.0, "bus_lcCooperative": 1.0, "bus_lcPushy": 1.0, "bus_lcSublane": 1.0, "bus_max_v": 12.01, "bus_tau_mean": 1.94, "bus_tau_std": 4.37, "car_acc": 1.0, "car_dcc": 1.0, "car_lcCooperative": 0.0, "car_lcPushy": 0.34, "car_lcSublane": 1.0, "car_max_v": 8.74, "car_tau_mean": 1.0, "car_tau_std": 15.0}, "datetime": {"datetime": "2024-07-31 13:10:01", "elapsed": 3073.047022, "delta": 79.374881}}
{"target": 59.13930627226029, "params": {"bus_acc": 2.0, "bus_dcc": 4.0, "bus_lcCooperative": 1.0, "bus_lcPushy": 1.0, "bus_lcSublane": 1.0, "bus_max_v": 12.02, "bus_tau_mean": 1.96, "bus_tau_std": 4.38, "car_acc": 1.0, "car_dcc": 1.0, "car_lcCooperative": 0.0, "car_lcPushy": 0.35, "car_lcSublane": 1.0, "car_max_v": 8.73, "car_tau_mean": 1.0, "car_tau_std": 15.0}, "datetime": {"datetime": "2024-07-31 13:10:12", "elapsed": 3084.172453, "delta": 11.125431}}
{"target": 59.23465044767461, "params": {"bus_acc": 2.0, "bus_dcc": 4.0, "bus_lcCooperative": 1.0, "bus_lcPushy": 1.0, "bus_lcSublane": 1.0, "bus_max_v": 12.05, "bus_tau_mean": 1.99, "bus_tau_std": 4.4, "car_acc": 1.0, "car_dcc": 1.0, "car_lcCooperative": 0.0, "car_lcPushy": 0.37, "car_lcSublane": 1.0, "car_max_v": 8.73, "car_tau_mean": 1.0, "car_tau_std": 15.0}, "datetime": {"datetime": "2024-07-31 13:10:57", "elapsed": 3129.41428, "delta": 45.241827}}
{"target": 59.27422203997668, "params": {"bus_acc": 2.0, "bus_dcc": 4.0, "bus_lcCooperative": 1.0, "bus_lcPushy": 1.0, "bus_lcSublane": 1.0, "bus_max_v": 12.06, "bus_tau_mean": 2.01, "bus_tau_std": 4.41, "car_acc": 1.0, "car_dcc": 1.0, "car_lcCooperative": 0.0, "car_lcPushy": 0.38, "car_lcSublane": 1.0, "car_max_v": 8.73, "car_tau_mean": 1.0, "car_tau_std": 15.0}, "datetime": {"datetime": "2024-07-31 13:14:00", "elapsed": 3312.390562, "delta": 182.976282}}
{"target": 55.961266442898186, "params": {"bus_acc": 1.58, "bus_dcc": 1.2, "bus_lcCooperative": 0.33, "bus_lcPushy": 0.23, "bus_lcSublane": 0.62, "bus_max_v": 14.6, "bus_tau_mean": 2.65, "bus_tau_std": 7.03, "car_acc": 1.57, "car_dcc": 4.52, "car_lcCooperative": 0.95, "car_lcPushy": 0.38, "car_lcSublane": 0.8, "car_max_v": 12.58, "car_tau_mean": 1.9, "car_tau_std": 6.59}, "datetime": {"datetime": "2024-07-31 13:15:17", "elapsed": 3389.164411, "delta": 76.773849}}
{"target": 59.291014929458576, "params": {"bus_acc": 1.98, "bus_dcc": 3.98, "bus_lcCooperative": 1.0, "bus_lcPushy": 0.98, "bus_lcSublane": 1.0, "bus_max_v": 12.08, "bus_tau_mean": 2.04, "bus_tau_std": 4.42, "car_acc": 1.02, "car_dcc": 1.0, "car_lcCooperative": 0.02, "car_lcPushy": 0.39, "car_lcSublane": 0.98, "car_max_v": 8.73, "car_tau_mean": 1.0, "car_tau_std": 14.98}, "datetime": {"datetime": "2024-07-31 13:16:24", "elapsed": 3456.30273, "delta": 67.138319}}
{"target": 57.31571408019537, "params": {"bus_acc": 1.88, "bus_dcc": 1.52, "bus_lcCooperative": 0.76, "bus_lcPushy": 0.15, "bus_lcSublane": 0.2, "bus_max_v": 8.49, "bus_tau_mean": 2.07, "bus_tau_std": 9.93, "car_acc": 1.25, "car_dcc": 4.11, "car_lcCooperative": 0.16, "car_lcPushy": 0.47, "car_lcSublane": 0.49, "car_max_v": 11.57, "car_tau_mean": 1.99, "car_tau_std": 11.83}, "datetime": {"datetime": "2024-07-31 13:16:45", "elapsed": 3476.888247, "delta": 20.585517}}
{"target": 58.820697623771586, "params": {"bus_acc": 1.99, "bus_dcc": 3.99, "bus_lcCooperative": 1.0, "bus_lcPushy": 0.99, "bus_lcSublane": 1.0, "bus_max_v": 12.07, "bus_tau_mean": 2.04, "bus_tau_std": 4.41, "car_acc": 1.01, "car_dcc": 1.0, "car_lcCooperative": 0.01, "car_lcPushy": 0.38, "car_lcSublane": 0.99, "car_max_v": 8.72, "car_tau_mean": 1.0, "car_tau_std": 14.99}, "datetime": {"datetime": "2024-07-31 13:17:13", "elapsed": 3505.395521, "delta": 28.507274}}
{"target": 56.81143027366831, "params": {"bus_acc": 1.98, "bus_dcc": 2.94, "bus_lcCooperative": 0.63, "bus_lcPushy": 0.53, "bus_lcSublane": 0.23, "bus_max_v": 14.52, "bus_tau_mean": 1.67, "bus_tau_std": 5.25, "car_acc": 1.7, "car_dcc": 3.11, "car_lcCooperative": 0.51, "car_lcPushy": 0.31, "car_lcSublane": 0.16, "car_max_v": 13.19, "car_tau_mean": 2.23, "car_tau_std": 13.22}, "datetime": {"datetime": "2024-07-31 13:17:44", "elapsed": 3536.447038, "delta": 31.051517}}
{"target": 56.27544755270366, "params": {"bus_acc": 1.26, "bus_dcc": 3.54, "bus_lcCooperative": 0.85, "bus_lcPushy": 0.26, "bus_lcSublane": 0.91, "bus_max_v": 10.08, "bus_tau_mean": 1.82, "bus_tau_std": 6.55, "car_acc": 2.82, "car_dcc": 3.73, "car_lcCooperative": 0.21, "car_lcPushy": 0.89, "car_lcSublane": 0.71, "car_max_v": 14.51, "car_tau_mean": 2.0, "car_tau_std": 9.36}, "datetime": {"datetime": "2024-07-31 13:17:51", "elapsed": 3543.192846, "delta": 6.745808}}
{"target": 57.315912152039964, "params": {"bus_acc": 1.36, "bus_dcc": 1.43, "bus_lcCooperative": 0.0, "bus_lcPushy": 0.97, "bus_lcSublane": 0.81, "bus_max_v": 13.42, "bus_tau_mean": 1.47, "bus_tau_std": 5.59, "car_acc": 2.33, "car_dcc": 2.89, "car_lcCooperative": 0.53, "car_lcPushy": 0.53, "car_lcSublane": 0.72, "car_max_v": 10.27, "car_tau_mean": 2.06, "car_tau_std": 12.57}, "datetime": {"datetime": "2024-07-31 13:18:48", "elapsed": 3600.224278, "delta": 57.031432}}
{"target": 56.92794878238525, "params": {"bus_acc": 1.05, "bus_dcc": 3.01, "bus_lcCooperative": 0.13, "bus_lcPushy": 0.6, "bus_lcSublane": 0.22, "bus_max_v": 8.71, "bus_tau_mean": 2.3, "bus_tau_std": 4.68, "car_acc": 2.83, "car_dcc": 2.87, "car_lcCooperative": 0.37, "car_lcPushy": 0.95, "car_lcSublane": 0.55, "car_max_v": 12.8, "car_tau_mean": 2.1, "car_tau_std": 14.94}, "datetime": {"datetime": "2024-07-31 13:19:04", "elapsed": 3615.66738, "delta": 15.443102}}
{"target": 57.26553747919034, "params": {"bus_acc": 1.41, "bus_dcc": 3.59, "bus_lcCooperative": 0.61, "bus_lcPushy": 0.33, "bus_lcSublane": 0.01, "bus_max_v": 9.36, "bus_tau_mean": 2.99, "bus_tau_std": 12.37, "car_acc": 1.97, "car_dcc": 3.74, "car_lcCooperative": 0.61, "car_lcPushy": 0.3, "car_lcSublane": 0.8, "car_max_v": 9.34, "car_tau_mean": 1.28, "car_tau_std": 10.22}, "datetime": {"datetime": "2024-07-31 13:23:18", "elapsed": 3870.106418, "delta": 254.439038}}
{"target": 58.420123483908306, "params": {"bus_acc": 1.1, "bus_dcc": 3.6, "bus_lcCooperative": 0.12, "bus_lcPushy": 0.3, "bus_lcSublane": 0.51, "bus_max_v": 11.79, "bus_tau_mean": 2.0, "bus_tau_std": 4.45, "car_acc": 1.07, "car_dcc": 2.26, "car_lcCooperative": 0.04, "car_lcPushy": 0.81, "car_lcSublane": 0.1, "car_max_v": 10.81, "car_tau_mean": 1.63, "car_tau_std": 14.38}, "datetime": {"datetime": "2024-07-31 13:25:27", "elapsed": 3998.727895, "delta": 128.621477}}
{"target": 57.55737260713698, "params": {"bus_acc": 1.85, "bus_dcc": 3.23, "bus_lcCooperative": 0.17, "bus_lcPushy": 0.49, "bus_lcSublane": 0.37, "bus_max_v": 12.24, "bus_tau_mean": 1.74, "bus_tau_std": 1.62, "car_acc": 2.66, "car_dcc": 2.84, "car_lcCooperative": 0.36, "car_lcPushy": 0.94, "car_lcSublane": 0.23, "car_max_v": 9.0, "car_tau_mean": 1.13, "car_tau_std": 2.54}, "datetime": {"datetime": "2024-07-31 13:25:54", "elapsed": 4026.177815, "delta": 27.44992}}
{"target": 57.334533009838204, "params": {"bus_acc": 1.65, "bus_dcc": 2.86, "bus_lcCooperative": 0.19, "bus_lcPushy": 0.35, "bus_lcSublane": 0.77, "bus_max_v": 11.83, "bus_tau_mean": 2.71, "bus_tau_std": 10.12, "car_acc": 1.23, "car_dcc": 3.01, "car_lcCooperative": 0.23, "car_lcPushy": 0.61, "car_lcSublane": 0.74, "car_max_v": 14.27, "car_tau_mean": 2.83, "car_tau_std": 11.37}, "datetime": {"datetime": "2024-07-31 13:26:07", "elapsed": 4039.042642, "delta": 12.864827}}
{"target": 56.37815989266135, "params": {"bus_acc": 1.29, "bus_dcc": 2.28, "bus_lcCooperative": 0.45, "bus_lcPushy": 0.33, "bus_lcSublane": 0.3, "bus_max_v": 13.13, "bus_tau_mean": 2.52, "bus_tau_std": 1.37, "car_acc": 2.23, "car_dcc": 2.75, "car_lcCooperative": 0.2, "car_lcPushy": 0.63, "car_lcSublane": 0.37, "car_max_v": 14.26, "car_tau_mean": 1.41, "car_tau_std": 3.74}, "datetime": {"datetime": "2024-07-31 13:26:33", "elapsed": 4064.830103, "delta": 25.787461}}
{"target": 57.34941107121697, "params": {"bus_acc": 1.69, "bus_dcc": 1.12, "bus_lcCooperative": 0.79, "bus_lcPushy": 0.17, "bus_lcSublane": 0.57, "bus_max_v": 14.53, "bus_tau_mean": 1.7, "bus_tau_std": 14.14, "car_acc": 1.07, "car_dcc": 2.01, "car_lcCooperative": 0.91, "car_lcPushy": 0.26, "car_lcSublane": 0.54, "car_max_v": 11.86, "car_tau_mean": 1.86, "car_tau_std": 8.2}, "datetime": {"datetime": "2024-07-31 13:26:54", "elapsed": 4085.808479, "delta": 20.978376}}
{"target": 56.47752960977056, "params": {"bus_acc": 1.45, "bus_dcc": 1.08, "bus_lcCooperative": 0.94, "bus_lcPushy": 0.66, "bus_lcSublane": 0.57, "bus_max_v": 14.23, "bus_tau_mean": 2.99, "bus_tau_std": 14.22, "car_acc": 1.86, "car_dcc": 2.03, "car_lcCooperative": 0.82, "car_lcPushy": 0.66, "car_lcSublane": 0.16, "car_max_v": 11.46, "car_tau_mean": 2.1, "car_tau_std": 8.45}, "datetime": {"datetime": "2024-07-31 13:27:07", "elapsed": 4099.201776, "delta": 13.393297}}
{"target": 56.988487671548214, "params": {"bus_acc": 1.23, "bus_dcc": 1.45, "bus_lcCooperative": 0.18, "bus_lcPushy": 0.48, "bus_lcSublane": 0.61, "bus_max_v": 8.02, "bus_tau_mean": 1.73, "bus_tau_std": 13.5, "car_acc": 2.12, "car_dcc": 1.93, "car_lcCooperative": 0.07, "car_lcPushy": 0.46, "car_lcSublane": 0.47, "car_max_v": 14.8, "car_tau_mean": 1.24, "car_tau_std": 1.01}, "datetime": {"datetime": "2024-07-31 13:27:27", "elapsed": 4119.468709, "delta": 20.266933}}
{"target": 56.1331907765485, "params": {"bus_acc": 1.97, "bus_dcc": 3.86, "bus_lcCooperative": 0.69, "bus_lcPushy": 0.79, "bus_lcSublane": 0.81, "bus_max_v": 14.53, "bus_tau_mean": 2.29, "bus_tau_std": 1.94, "car_acc": 2.37, "car_dcc": 1.48, "car_lcCooperative": 0.72, "car_lcPushy": 0.38, "car_lcSublane": 0.96, "car_max_v": 10.79, "car_tau_mean": 1.05, "car_tau_std": 0.4}, "datetime": {"datetime": "2024-07-31 13:33:17", "elapsed": 4468.93899, "delta": 349.470281}}
{"target": 58.34292642493531, "params": {"bus_acc": 1.68, "bus_dcc": 1.41, "bus_lcCooperative": 0.34, "bus_lcPushy": 0.4, "bus_lcSublane": 0.76, "bus_max_v": 9.18, "bus_tau_mean": 2.68, "bus_tau_std": 1.02, "car_acc": 2.14, "car_dcc": 1.38, "car_lcCooperative": 0.89, "car_lcPushy": 0.75, "car_lcSublane": 0.26, "car_max_v": 8.23, "car_tau_mean": 2.56, "car_tau_std": 7.6}, "datetime": {"datetime": "2024-07-31 13:34:10", "elapsed": 4522.001177, "delta": 53.062187}}
{"target": 57.793365125740216, "params": {"bus_acc": 1.65, "bus_dcc": 2.38, "bus_lcCooperative": 0.09, "bus_lcPushy": 0.29, "bus_lcSublane": 0.12, "bus_max_v": 14.39, "bus_tau_mean": 2.17, "bus_tau_std": 14.46, "car_acc": 1.07, "car_dcc": 1.84, "car_lcCooperative": 0.49, "car_lcPushy": 0.79, "car_lcSublane": 0.68, "car_max_v": 11.28, "car_tau_mean": 2.21, "car_tau_std": 8.12}, "datetime": {"datetime": "2024-07-31 13:35:14", "elapsed": 4585.829674, "delta": 63.828497}}
{"target": 58.202777930947946, "params": {"bus_acc": 1.92, "bus_dcc": 2.2, "bus_lcCooperative": 0.81, "bus_lcPushy": 0.74, "bus_lcSublane": 0.49, "bus_max_v": 13.93, "bus_tau_mean": 1.23, "bus_tau_std": 5.58, "car_acc": 1.15, "car_dcc": 3.4, "car_lcCooperative": 0.39, "car_lcPushy": 0.69, "car_lcSublane": 0.74, "car_max_v": 8.69, "car_tau_mean": 2.98, "car_tau_std": 6.09}, "datetime": {"datetime": "2024-07-31 13:36:21", "elapsed": 4652.65222, "delta": 66.822546}}
{"target": 57.29911909094877, "params": {"bus_acc": 1.45, "bus_dcc": 1.8, "bus_lcCooperative": 0.91, "bus_lcPushy": 0.75, "bus_lcSublane": 0.57, "bus_max_v": 14.53, "bus_tau_mean": 1.91, "bus_tau_std": 13.91, "car_acc": 1.64, "car_dcc": 2.32, "car_lcCooperative": 0.32, "car_lcPushy": 0.58, "car_lcSublane": 0.75, "car_max_v": 11.68, "car_tau_mean": 2.07, "car_tau_std": 8.32}, "datetime": {"datetime": "2024-07-31 13:36:29", "elapsed": 4660.618106, "delta": 7.965886}}
{"target": 58.24168190176688, "params": {"bus_acc": 1.45, "bus_dcc": 1.72, "bus_lcCooperative": 0.85, "bus_lcPushy": 0.08, "bus_lcSublane": 0.99, "bus_max_v": 11.07, "bus_tau_mean": 2.17, "bus_tau_std": 8.11, "car_acc": 2.09, "car_dcc": 4.79, "car_lcCooperative": 0.12, "car_lcPushy": 0.14, "car_lcSublane": 0.43, "car_max_v": 8.08, "car_tau_mean": 1.38, "car_tau_std": 1.69}, "datetime": {"datetime": "2024-07-31 13:36:34", "elapsed": 4666.055286, "delta": 5.43718}}
{"target": 58.70975594896362, "params": {"bus_acc": 1.18, "bus_dcc": 1.52, "bus_lcCooperative": 0.01, "bus_lcPushy": 0.31, "bus_lcSublane": 0.45, "bus_max_v": 9.98, "bus_tau_mean": 2.51, "bus_tau_std": 0.85, "car_acc": 1.61, "car_dcc": 1.8, "car_lcCooperative": 0.84, "car_lcPushy": 0.72, "car_lcSublane": 0.12, "car_max_v": 8.45, "car_tau_mean": 2.5, "car_tau_std": 8.26}, "datetime": {"datetime": "2024-07-31 13:36:35", "elapsed": 4666.712392, "delta": 0.657106}}
{"target": 56.78023504085833, "params": {"bus_acc": 1.26, "bus_dcc": 3.3, "bus_lcCooperative": 0.91, "bus_lcPushy": 0.82, "bus_lcSublane": 0.36, "bus_max_v": 10.96, "bus_tau_mean": 2.41, "bus_tau_std": 8.26, "car_acc": 1.5, "car_dcc": 3.11, "car_lcCooperative": 0.37, "car_lcPushy": 0.5, "car_lcSublane": 0.94, "car_max_v": 10.35, "car_tau_mean": 2.36, "car_tau_std": 11.64}, "datetime": {"datetime": "2024-07-31 13:42:56", "elapsed": 5048.469063, "delta": 381.756671}}
{"target": 57.69781827099335, "params": {"bus_acc": 1.22, "bus_dcc": 2.34, "bus_lcCooperative": 0.93, "bus_lcPushy": 0.71, "bus_lcSublane": 0.52, "bus_max_v": 14.77, "bus_tau_mean": 2.86, "bus_tau_std": 6.73, "car_acc": 1.26, "car_dcc": 2.91, "car_lcCooperative": 0.24, "car_lcPushy": 0.68, "car_lcSublane": 0.08, "car_max_v": 12.32, "car_tau_mean": 1.19, "car_tau_std": 2.49}, "datetime": {"datetime": "2024-07-31 13:42:58", "elapsed": 5050.286606, "delta": 1.817543}}
{"target": 57.620014266260334, "params": {"bus_acc": 1.84, "bus_dcc": 2.5, "bus_lcCooperative": 0.31, "bus_lcPushy": 0.69, "bus_lcSublane": 0.95, "bus_max_v": 12.3, "bus_tau_mean": 1.16, "bus_tau_std": 1.45, "car_acc": 2.96, "car_dcc": 3.6, "car_lcCooperative": 0.01, "car_lcPushy": 0.95, "car_lcSublane": 0.5, "car_max_v": 8.9, "car_tau_mean": 1.52, "car_tau_std": 1.58}, "datetime": {"datetime": "2024-07-31 13:44:16", "elapsed": 5128.407212, "delta": 78.120606}}
