{"target": -0.7136419761883257, "params": {"bus_acc": 2.56467612672452, "bus_dcc": 2.634651120028584, "bus_lcAssertive": 23.500460760100726, "bus_lcCooperative": 0.22420283925593631, "bus_lcLookaheadLeft": 27.51902335654698, "bus_lcPushy": 0.308872752316256, "bus_lcSigma": 0.38770513178140986, "bus_lcSpeedGainRight": 1.487744661886186, "bus_lcSublane": 0.6795558945331504, "bus_sigma": 0.03507361930507891, "bus_tau_mean": 1.6483861022597883, "bus_tau_std": 7.452918728580155, "bus_v_mean": 23.084927761204554, "bus_v_std": 16.054651003151022, "car_acc": 1.481652419143108, "car_dcc": 1.698746405151495, "car_lcAssertive": 19.843342677001722, "car_lcCooperative": 0.8824975348586093, "car_lcLookaheadLeft": 25.309857349639547, "car_lcPushy": 0.7581806234131274, "car_lcSigma": 0.26104973140468657, "car_lcSpeedGainRight": 0.16540921703757816, "car_lcSublane": 0.7334477000687659, "car_sigma": 0.7262018097952009, "car_tau_mean": 0.8113568883636871, "car_tau_std": 3.267012579296016, "car_v_mean": 23.17384464302436, "car_v_std": 3.2589799716436896}, "datetime": {"datetime": "2024-08-08 00:03:00", "elapsed": 0.0, "delta": 0.0}}
{"target": -0.6706288218448664, "params": {"bus_acc": 2.866960916668585, "bus_dcc": 3.424980900564269, "bus_lcAssertive": 37.18636349044156, "bus_lcCooperative": 0.3307289110251447, "bus_lcLookaheadLeft": 93.91753971697403, "bus_lcPushy": 0.37489434056111615, "bus_lcSigma": 0.6358022186231704, "bus_lcSpeedGainRight": 4.926721690492867, "bus_lcSublane": 0.03673976453048744, "bus_sigma": 0.3146309781487783, "bus_tau_mean": 1.3093250267951555, "bus_tau_std": 9.223654191512637, "bus_v_mean": 16.818187688822633, "bus_v_std": 1.0742707681983354, "car_acc": 2.510496498946794, "car_dcc": 3.0522514640038505, "car_lcAssertive": 66.55523624008194, "car_lcCooperative": 0.9557287749268826, "car_lcLookaheadLeft": 87.71095667409874, "car_lcPushy": 0.7532514851657419, "car_lcSigma": 0.2226659543716385, "car_lcSpeedGainRight": 0.6900748102160931, "car_lcSublane": 0.2208883363414058, "car_sigma": 0.2055098610936521, "car_tau_mean": 2.4878759103509527, "car_tau_std": 6.630438231677197, "car_v_mean": 16.438680326426436, "car_v_std": 1.1269878346894902}, "datetime": {"datetime": "2024-08-08 00:03:04", "elapsed": 3.971573, "delta": 3.971573}}
{"target": -0.6496357898933989, "params": {"bus_acc": 2.908789663697137, "bus_dcc": 3.6494639662060795, "bus_lcAssertive": 33.19657715681397, "bus_lcCooperative": 0.9106338892935747, "bus_lcLookaheadLeft": 48.95915802295722, "bus_lcPushy": 0.2020687207866142, "bus_lcSigma": 0.27144940811841056, "bus_lcSpeedGainRight": 1.2049095819583604, "bus_lcSublane": 0.05557545631473737, "bus_sigma": 0.43713611124302, "bus_tau_mean": 3.6660401063330412, "bus_tau_std": 5.2575746417926315, "bus_v_mean": 16.7273035664885, "bus_v_std": 4.539992203310723, "car_acc": 1.0928016594823182, "car_dcc": 1.3774240683936294, "car_lcAssertive": 22.297443588352753, "car_lcCooperative": 0.8733934154093561, "car_lcLookaheadLeft": 98.85620375904838, "car_lcPushy": 0.017766248571012166, "car_lcSigma": 0.44330995524008576, "car_lcSpeedGainRight": 1.8459864539273725, "car_lcSublane": 0.5364635635120685, "car_sigma": 0.6165228186390816, "car_tau_mean": 1.8859991642028981, "car_tau_std": 1.8386406418744683, "car_v_mean": 17.364387933127453, "car_v_std": 0.6659353927292422}, "datetime": {"datetime": "2024-08-08 00:03:22", "elapsed": 21.377087, "delta": 17.405514}}
{"target": -0.4885401858369293, "params": {"bus_acc": 1.618150256020206, "bus_dcc": 3.3718512637017604, "bus_lcAssertive": 91.7496080823042, "bus_lcCooperative": 0.038405508555322876, "bus_lcLookaheadLeft": 45.671615320929575, "bus_lcPushy": 0.23992916878269877, "bus_lcSigma": 0.494015440173347, "bus_lcSpeedGainRight": 3.087379039300713, "bus_lcSublane": 0.20904818743817422, "bus_sigma": 0.8744273357688803, "bus_tau_mean": 1.395620743749437, "bus_tau_std": 7.136091407943622, "bus_v_mean": 21.635679973258384, "bus_v_std": 18.648229247134765, "car_acc": 2.9114585350192854, "car_dcc": 3.0406024209753846, "car_lcAssertive": 63.223449459505154, "car_lcCooperative": 0.595965643122396, "car_lcLookaheadLeft": 49.54187336534308, "car_lcPushy": 0.3604319892837857, "car_lcSigma": 0.02076531811716642, "car_lcSpeedGainRight": 3.7433622789523624, "car_lcSublane": 0.39367524636684326, "car_sigma": 0.2793384495809391, "car_tau_mean": 3.221358715994899, "car_tau_std": 6.602659093784124, "car_v_mean": 22.556746304469787, "car_v_std": 2.552292689950202}, "datetime": {"datetime": "2024-08-08 00:04:10", "elapsed": 69.261999, "delta": 47.884912}}
{"target": -0.5468840089370747, "params": {"bus_acc": 1.7647170972198027, "bus_dcc": 2.7321547920804785, "bus_lcAssertive": 36.095264933928156, "bus_lcCooperative": 0.34804830714205326, "bus_lcLookaheadLeft": 49.440692073845305, "bus_lcPushy": 0.07143843875251465, "bus_lcSigma": 0.038685691058786276, "bus_lcSpeedGainRight": 4.203048222331342, "bus_lcSublane": 0.007368889641819032, "bus_sigma": 0.7037578038522245, "bus_tau_mean": 2.059470860426061, "bus_tau_std": 9.695095709343493, "bus_v_mean": 20.958750291070075, "bus_v_std": 7.992236093070792, "car_acc": 1.7876593578951359, "car_dcc": 1.385782482031638, "car_lcAssertive": 37.09455527159745, "car_lcCooperative": 0.20418115721203733, "car_lcLookaheadLeft": 32.9750175689164, "car_lcPushy": 0.5623157261270272, "car_lcSigma": 0.8619117905528751, "car_lcSpeedGainRight": 0.49100856630805045, "car_lcSublane": 0.8300568207173695, "car_sigma": 0.9206667337616684, "car_tau_mean": 1.2826980432291362, "car_tau_std": 2.008475846458122, "car_v_mean": 20.29496289746016, "car_v_std": 0.4105639975893993}, "datetime": {"datetime": "2024-08-08 00:04:10", "elapsed": 69.563679, "delta": 0.30168}}
{"target": -0.48760882660393323, "params": {"bus_acc": 2.425662968193002, "bus_dcc": 1.2811362812229015, "bus_lcAssertive": 64.14301404132078, "bus_lcCooperative": 0.11435849587714098, "bus_lcLookaheadLeft": 11.981102814103355, "bus_lcPushy": 0.6666687791670224, "bus_lcSigma": 0.16709987753696864, "bus_lcSpeedGainRight": 3.82359234499631, "bus_lcSublane": 0.7505904110774281, "bus_sigma": 0.31202027167870805, "bus_tau_mean": 2.4980260986771476, "bus_tau_std": 6.451406450065615, "bus_v_mean": 20.983433749880234, "bus_v_std": 4.029326393606429, "car_acc": 2.3524854327784706, "car_dcc": 3.468671750446866, "car_lcAssertive": 42.024182209637786, "car_lcCooperative": 0.4936968050183258, "car_lcLookaheadLeft": 52.396440816714865, "car_lcPushy": 0.9393286277176713, "car_lcSigma": 0.05165076136192959, "car_lcSpeedGainRight": 2.85776412047051, "car_lcSublane": 0.48976009234691764, "car_sigma": 0.343828100189723, "car_tau_mean": 2.8447085194800223, "car_tau_std": 7.694400106617776, "car_v_mean": 16.64095323134109, "car_v_std": 0.8327609423362059}, "datetime": {"datetime": "2024-08-08 00:04:30", "elapsed": 89.652998, "delta": 20.089319}}
{"target": -0.4941750699679366, "params": {"bus_acc": 1.691358426592051, "bus_dcc": 2.786875294404849, "bus_lcAssertive": 60.29954360836855, "bus_lcCooperative": 0.6157042872039488, "bus_lcLookaheadLeft": 7.799366304200794, "bus_lcPushy": 0.7503171845746859, "bus_lcSigma": 0.9482094981876252, "bus_lcSpeedGainRight": 2.6733952858979437, "bus_lcSublane": 0.1925560209550684, "bus_sigma": 0.7529259149799422, "bus_tau_mean": 0.5256163926475232, "bus_tau_std": 3.2825610365078086, "bus_v_mean": 22.68170156231029, "bus_v_std": 11.767346657877535, "car_acc": 2.7103805678082704, "car_dcc": 2.814016157047563, "car_lcAssertive": 82.43523709986323, "car_lcCooperative": 0.8794835234293169, "car_lcLookaheadLeft": 33.45666470339641, "car_lcPushy": 0.12295477155217849, "car_lcSigma": 0.7213033441865708, "car_lcSpeedGainRight": 2.201735434156191, "car_lcSublane": 0.1267357091420086, "car_sigma": 0.5898236481098892, "car_tau_mean": 0.6262391009945097, "car_tau_std": 2.0018211641098693, "car_v_mean": 20.612819034687504, "car_v_std": 0.24193520030715732}, "datetime": {"datetime": "2024-08-08 00:04:31", "elapsed": 90.716762, "delta": 1.063764}}
{"target": -0.4379341395679147, "params": {"bus_acc": 2.8413889060975333, "bus_dcc": 2.1400174103574376, "bus_lcAssertive": 38.560792455691626, "bus_lcCooperative": 0.846355875797671, "bus_lcLookaheadLeft": 49.45923439568777, "bus_lcPushy": 0.45106879426330315, "bus_lcSigma": 0.6398567153443468, "bus_lcSpeedGainRight": 1.0588564539441752, "bus_lcSublane": 0.5283006926972544, "bus_sigma": 0.6685685244157344, "bus_tau_mean": 2.385718449940167, "bus_tau_std": 7.087611375080664, "bus_v_mean": 17.576583871410207, "bus_v_std": 16.828110673995162, "car_acc": 2.7583415256028836, "car_dcc": 1.2935176090981262, "car_lcAssertive": 26.60080545768562, "car_lcCooperative": 0.05465615541932234, "car_lcLookaheadLeft": 24.431403041345458, "car_lcPushy": 0.7209167071121103, "car_lcSigma": 0.07854523949262249, "car_lcSpeedGainRight": 0.7755975652501823, "car_lcSublane": 0.7707683274257636, "car_sigma": 0.44432517737277866, "car_tau_mean": 1.5154225819231244, "car_tau_std": 6.43984696272966, "car_v_mean": 22.19101447277402, "car_v_std": 0.7521088075154458}, "datetime": {"datetime": "2024-08-08 00:05:01", "elapsed": 120.502538, "delta": 29.785776}}
{"target": -0.4124708868581751, "params": {"bus_acc": 2.7109487790119626, "bus_dcc": 1.8064920916546352, "bus_lcAssertive": 35.36732073322599, "bus_lcCooperative": 0.4095519896996612, "bus_lcLookaheadLeft": 83.08971725193341, "bus_lcPushy": 0.7499212514067775, "bus_lcSigma": 0.20942087626406658, "bus_lcSpeedGainRight": 2.7142726664903987, "bus_lcSublane": 0.7667393012277475, "bus_sigma": 0.4787417094665899, "bus_tau_mean": 2.4442487821387893, "bus_tau_std": 2.125139219016019, "bus_v_mean": 18.549375235973184, "bus_v_std": 1.4415356887930675, "car_acc": 1.723466487355624, "car_dcc": 2.2012089386103484, "car_lcAssertive": 61.269165200009965, "car_lcCooperative": 0.9486697305005499, "car_lcLookaheadLeft": 23.473979451226207, "car_lcPushy": 0.544157260621743, "car_lcSigma": 0.8022404409713815, "car_lcSpeedGainRight": 3.0147800312808295, "car_lcSublane": 0.7388283437440198, "car_sigma": 0.11645374629739036, "car_tau_mean": 3.4252554143179244, "car_tau_std": 3.11299075805354, "car_v_mean": 14.993764762153413, "car_v_std": 1.6975981648729466}, "datetime": {"datetime": "2024-08-08 00:05:02", "elapsed": 121.353504, "delta": 0.850966}}
{"target": -0.4414889322278076, "params": {"bus_acc": 2.5729188713403817, "bus_dcc": 1.083855547119385, "bus_lcAssertive": 26.2654190525853, "bus_lcCooperative": 0.2975833866405353, "bus_lcLookaheadLeft": 57.33143605609866, "bus_lcPushy": 0.5620612439865807, "bus_lcSigma": 0.8874009646023955, "bus_lcSpeedGainRight": 3.1868872002166517, "bus_lcSublane": 0.1614620303618195, "bus_sigma": 0.026994792924386446, "bus_tau_mean": 3.166938742840128, "bus_tau_std": 5.355687978168319, "bus_v_mean": 17.25806639280114, "bus_v_std": 8.2821009573272, "car_acc": 2.1796301761956047, "car_dcc": 2.216894134170028, "car_lcAssertive": 45.12354814204365, "car_lcCooperative": 0.5927396360087918, "car_lcLookaheadLeft": 50.24976203246197, "car_lcPushy": 0.059103390954872936, "car_lcSigma": 0.9767897079155617, "car_lcSpeedGainRight": 4.275688200060231, "car_lcSublane": 0.3790856278281287, "car_sigma": 0.5465248427194851, "car_tau_mean": 3.765060143238588, "car_tau_std": 3.979653417007749, "car_v_mean": 23.116363189882602, "car_v_std": 0.6097255237119326}, "datetime": {"datetime": "2024-08-08 00:05:02", "elapsed": 121.81531, "delta": 0.461806}}
{"target": -0.39650176745437105, "params": {"bus_acc": 1.6106270628966135, "bus_dcc": 1.03756851065942, "bus_lcAssertive": 27.5580200844577, "bus_lcCooperative": 0.7967454755900841, "bus_lcLookaheadLeft": 93.13932271842313, "bus_lcPushy": 0.6253311549032551, "bus_lcSigma": 0.13280748458041103, "bus_lcSpeedGainRight": 3.7878517962371063, "bus_lcSublane": 0.526905346047344, "bus_sigma": 0.753869071621213, "bus_tau_mean": 3.505140960745044, "bus_tau_std": 9.475415511018243, "bus_v_mean": 18.472600553965304, "bus_v_std": 17.08516419685293, "car_acc": 2.4851761153930934, "car_dcc": 3.1813035652110306, "car_lcAssertive": 86.0202848704295, "car_lcCooperative": 0.9230030407536653, "car_lcLookaheadLeft": 90.40344814943477, "car_lcPushy": 0.39575026156518067, "car_lcSigma": 0.0840212797987252, "car_lcSpeedGainRight": 4.147868592290745, "car_lcSublane": 0.5389315533076343, "car_sigma": 0.542076154739123, "car_tau_mean": 3.3881136569824686, "car_tau_std": 0.31984184375773883, "car_v_mean": 22.047366699602506, "car_v_std": 0.6926800267544064}, "datetime": {"datetime": "2024-08-08 00:05:06", "elapsed": 125.501647, "delta": 3.686337}}
{"target": -0.4314116754431645, "params": {"bus_acc": 2.2141883239449207, "bus_dcc": 2.240759245003484, "bus_lcAssertive": 81.8187996708942, "bus_lcCooperative": 0.18513039826903066, "bus_lcLookaheadLeft": 70.78389991611843, "bus_lcPushy": 0.24035562484913886, "bus_lcSigma": 0.5742190888408597, "bus_lcSpeedGainRight": 1.7449379861039445, "bus_lcSublane": 0.05696439948283272, "bus_sigma": 0.22881367096037586, "bus_tau_mean": 2.8243589437417773, "bus_tau_std": 4.972500933605312, "bus_v_mean": 16.30425574517886, "bus_v_std": 3.49440300217845, "car_acc": 2.141431703092513, "car_dcc": 3.99026027562463, "car_lcAssertive": 81.86667577037056, "car_lcCooperative": 0.5943726238309778, "car_lcLookaheadLeft": 97.64692869642869, "car_lcPushy": 0.9015625846693213, "car_lcSigma": 0.5956079336026455, "car_lcSpeedGainRight": 0.16213162657228553, "car_lcSublane": 0.09357709581748075, "car_sigma": 0.06537171504222639, "car_tau_mean": 2.0810660204201636, "car_tau_std": 3.7543483316785773, "car_v_mean": 23.605600548324585, "car_v_std": 3.3596658639922983}, "datetime": {"datetime": "2024-08-08 00:05:08", "elapsed": 127.695907, "delta": 2.19426}}
{"target": -0.3562577822445789, "params": {"bus_acc": 1.5613151067709192, "bus_dcc": 1.7511858590742755, "bus_lcAssertive": 1.0602555886107112, "bus_lcCooperative": 0.6928853192293604, "bus_lcLookaheadLeft": 77.84118437515335, "bus_lcPushy": 0.8203492980213409, "bus_lcSigma": 0.8516296143866011, "bus_lcSpeedGainRight": 0.7576244049042169, "bus_lcSublane": 0.8900366384529912, "bus_sigma": 0.6582128898145322, "bus_tau_mean": 2.936467819849663, "bus_tau_std": 5.640716642088865, "bus_v_mean": 23.03491197355372, "bus_v_std": 5.0369408700224145, "car_acc": 2.5737685674454753, "car_dcc": 2.4857753991064273, "car_lcAssertive": 89.19912046787391, "car_lcCooperative": 0.2761986897941914, "car_lcLookaheadLeft": 3.4941971007035644, "car_lcPushy": 0.06489100463442987, "car_lcSigma": 0.8996350862213649, "car_lcSpeedGainRight": 3.205751116227499, "car_lcSublane": 0.7302687217068667, "car_sigma": 0.5043617045380032, "car_tau_mean": 2.451511101443811, "car_tau_std": 3.6389448265544355, "car_v_mean": 20.52217037236401, "car_v_std": 15.137305024150482}, "datetime": {"datetime": "2024-08-08 00:05:39", "elapsed": 158.520527, "delta": 30.82462}}
{"target": -0.3488182841321193, "params": {"bus_acc": 2.1850237375315933, "bus_dcc": 1.936809513105751, "bus_lcAssertive": 91.71424979336672, "bus_lcCooperative": 0.9096355249515571, "bus_lcLookaheadLeft": 27.19759279065523, "bus_lcPushy": 0.1108913007440292, "bus_lcSigma": 0.19296273201911285, "bus_lcSpeedGainRight": 2.4979208533944304, "bus_lcSublane": 0.7285856679745962, "bus_sigma": 0.20819443840879148, "bus_tau_mean": 1.3681174543203076, "bus_tau_std": 8.516718749363669, "bus_v_mean": 14.653579492280437, "bus_v_std": 12.333701343104725, "car_acc": 1.4673322784785001, "car_dcc": 1.3059017782773923, "car_lcAssertive": 52.069844679884454, "car_lcCooperative": 0.47714098704978236, "car_lcLookaheadLeft": 16.96182112113, "car_lcPushy": 0.6218062317404155, "car_lcSigma": 0.5440101188139381, "car_lcSpeedGainRight": 3.2706867348537214, "car_lcSublane": 0.1445455401246598, "car_sigma": 0.7515278171352439, "car_tau_mean": 1.2771719892997293, "car_tau_std": 5.19351824366033, "car_v_mean": 20.564736451545905, "car_v_std": 0.4466085598361236}, "datetime": {"datetime": "2024-08-08 00:05:39", "elapsed": 159.100006, "delta": 0.579479}}
{"target": -0.42086736650770995, "params": {"bus_acc": 2.2262246707340245, "bus_dcc": 3.807208799824599, "bus_lcAssertive": 60.09196396965134, "bus_lcCooperative": 0.9795901743594252, "bus_lcLookaheadLeft": 45.218648800069374, "bus_lcPushy": 0.7396119625075467, "bus_lcSigma": 0.03760387864960013, "bus_lcSpeedGainRight": 3.8236331950024303, "bus_lcSublane": 0.5182815803268124, "bus_sigma": 0.0053165329611032375, "bus_tau_mean": 1.4702003667390948, "bus_tau_std": 5.348322325198115, "bus_v_mean": 20.287406052500984, "bus_v_std": 1.0618519090505019, "car_acc": 2.0981068877010394, "car_dcc": 3.402983667395068, "car_lcAssertive": 65.3087224329694, "car_lcCooperative": 0.9314470149929107, "car_lcLookaheadLeft": 9.323681611446592, "car_lcPushy": 0.2768064626005866, "car_lcSigma": 0.9192375042561725, "car_lcSpeedGainRight": 3.8250257414907147, "car_lcSublane": 0.5997403444720987, "car_sigma": 0.8329681438370704, "car_tau_mean": 3.636152220512507, "car_tau_std": 9.727203528528248, "car_v_mean": 23.976328113436892, "car_v_std": 2.7929866736820697}, "datetime": {"datetime": "2024-08-08 00:05:40", "elapsed": 159.575552, "delta": 0.475546}}
{"target": -0.350489193733537, "params": {"bus_acc": 1.6718512681396014, "bus_dcc": 1.8475473778070723, "bus_lcAssertive": 67.34959878333181, "bus_lcCooperative": 0.4401735743398574, "bus_lcLookaheadLeft": 60.82440406963171, "bus_lcPushy": 0.843518432484373, "bus_lcSigma": 0.8327720048654893, "bus_lcSpeedGainRight": 2.9277867134527877, "bus_lcSublane": 0.4405364469063512, "bus_sigma": 0.4004102571655167, "bus_tau_mean": 0.7489449762715934, "bus_tau_std": 4.673819807255151, "bus_v_mean": 14.448685047513026, "bus_v_std": 4.030613855285603, "car_acc": 2.6054499240159483, "car_dcc": 3.094443933767546, "car_lcAssertive": 97.56540326716156, "car_lcCooperative": 0.3855158212009935, "car_lcLookaheadLeft": 42.85890326849498, "car_lcPushy": 0.519734919504311, "car_lcSigma": 0.35328845659438957, "car_lcSpeedGainRight": 2.7262337219765613, "car_lcSublane": 0.8897525417359518, "car_sigma": 0.7305193866733154, "car_tau_mean": 1.222791824301968, "car_tau_std": 8.001528795685877, "car_v_mean": 20.7249290086247, "car_v_std": 15.981819208036667}, "datetime": {"datetime": "2024-08-08 00:05:44", "elapsed": 163.176811, "delta": 3.601259}}
{"target": -0.3738883650911339, "params": {"bus_acc": 1.276709379585893, "bus_dcc": 1.8704333893136251, "bus_lcAssertive": 61.77323788438401, "bus_lcCooperative": 0.3241385298974466, "bus_lcLookaheadLeft": 46.82129780571785, "bus_lcPushy": 0.44411710701661444, "bus_lcSigma": 0.8281353607315121, "bus_lcSpeedGainRight": 2.1317407711811533, "bus_lcSublane": 0.3456988211755023, "bus_sigma": 0.6749716048091052, "bus_tau_mean": 1.2751871950673506, "bus_tau_std": 4.672458239265538, "bus_v_mean": 13.036250997184263, "bus_v_std": 12.537112043256693, "car_acc": 2.7547209493896254, "car_dcc": 2.3430670004368856, "car_lcAssertive": 78.66128446040038, "car_lcCooperative": 0.4569657005615504, "car_lcLookaheadLeft": 66.31047450827887, "car_lcPushy": 0.13184097502750214, "car_lcSigma": 0.43298150696764814, "car_lcSpeedGainRight": 4.5465599432746835, "car_lcSublane": 0.6054790010309347, "car_sigma": 0.7667745872371021, "car_tau_mean": 2.2664521283356303, "car_tau_std": 4.980556248280075, "car_v_mean": 21.4863974430856, "car_v_std": 1.356138686819075}, "datetime": {"datetime": "2024-08-08 00:05:48", "elapsed": 167.534488, "delta": 4.357677}}
{"target": -0.48626635959534426, "params": {"bus_acc": 2.377978379981454, "bus_dcc": 1.4673666523269118, "bus_lcAssertive": 80.07636576173772, "bus_lcCooperative": 0.01526245262533199, "bus_lcLookaheadLeft": 59.391068436696735, "bus_lcPushy": 0.4955162770256144, "bus_lcSigma": 0.9974617337584916, "bus_lcSpeedGainRight": 0.6718536821313326, "bus_lcSublane": 0.6725536822244123, "bus_sigma": 0.09494547529971986, "bus_tau_mean": 1.0661894501165778, "bus_tau_std": 9.883312916279946, "bus_v_mean": 20.906641079382233, "bus_v_std": 4.892805773342048, "car_acc": 2.692600891401584, "car_dcc": 1.1068007771047794, "car_lcAssertive": 54.02509806700135, "car_lcCooperative": 0.09147475560820062, "car_lcLookaheadLeft": 97.1487553309246, "car_lcPushy": 0.5831009367246858, "car_lcSigma": 0.5557412746375598, "car_lcSpeedGainRight": 1.589865365120332, "car_lcSublane": 0.8499045421492847, "car_sigma": 0.530154513465718, "car_tau_mean": 0.5598437845310438, "car_tau_std": 1.8489489054732733, "car_v_mean": 14.935492957316328, "car_v_std": 1.5995282221022977}, "datetime": {"datetime": "2024-08-08 00:05:51", "elapsed": 170.172226, "delta": 2.637738}}
{"target": -0.3569001070582621, "params": {"bus_acc": 2.465755693353858, "bus_dcc": 2.436978798484544, "bus_lcAssertive": 92.18412938056423, "bus_lcCooperative": 0.3776991400644555, "bus_lcLookaheadLeft": 64.88568198391857, "bus_lcPushy": 0.001504470185431317, "bus_lcSigma": 0.179359544437937, "bus_lcSpeedGainRight": 1.4741938444644331, "bus_lcSublane": 0.3869897984245252, "bus_sigma": 0.4598205069731719, "bus_tau_mean": 3.288515656339409, "bus_tau_std": 2.7984558397310257, "bus_v_mean": 9.322585362470544, "bus_v_std": 10.427402485907113, "car_acc": 2.962303976292197, "car_dcc": 2.2022754144661594, "car_lcAssertive": 26.461917102343175, "car_lcCooperative": 0.7763414987844015, "car_lcLookaheadLeft": 62.327186603729864, "car_lcPushy": 0.007548336226465446, "car_lcSigma": 0.9862051049731199, "car_lcSpeedGainRight": 2.444592662105575, "car_lcSublane": 0.3040218708681137, "car_sigma": 0.6650770509816946, "car_tau_mean": 1.4994627342508593, "car_tau_std": 4.635439312861934, "car_v_mean": 18.42913714122014, "car_v_std": 2.4376405435215087}, "datetime": {"datetime": "2024-08-08 00:05:52", "elapsed": 171.602352, "delta": 1.430126}}
