{"target": -0.34322009304949885, "params": {"bus_acc": 2.5938327861961605, "bus_dcc": 2.1317187025915283, "bus_lcAssertive": 66.69666053543827, "bus_lcCooperative": 0.08633328681516406, "bus_lcLookaheadLeft": 55.88921220625415, "bus_lcPushy": 0.015421822343255842, "bus_lcSigma": 0.9830389835394168, "bus_lcSpeedGainRight": 2.992136111940074, "bus_lcSublane": 0.38411422799622663, "bus_sigma": 0.1467479307274827, "bus_tau_mean": 2.939074142528818, "bus_tau_std": 9.058084167065523, "bus_v_mean": 13.089740037513868, "bus_v_std": 15.329842893124594, "car_acc": 2.1499924081647506, "car_dcc": 3.87167602712318, "car_lcAssertive": 70.52925972468594, "car_lcCooperative": 0.6250155931933211, "car_lcLookaheadLeft": 93.21200384871447, "car_lcPushy": 0.26904238725191854, "car_lcSigma": 0.9236157463407607, "car_lcSpeedGainRight": 3.3904146706199123, "car_lcSublane": 0.7713625072014619, "car_sigma": 0.5716353364349513, "car_tau_mean": 3.4186663712473164, "car_tau_std": 6.982817992918626, "car_v_mean": 10.345739228430544, "car_v_std": 12.249222572561498}, "datetime": {"datetime": "2024-08-08 17:30:13", "elapsed": 398.496362, "delta": 1.134568}}
{"target": -0.3002336380869603, "params": {"bus_acc": 2.392596903596985, "bus_dcc": 2.046277856046215, "bus_lcAssertive": 8.536332405278328, "bus_lcCooperative": 0.08751267646507155, "bus_lcLookaheadLeft": 6.888344592294716, "bus_lcPushy": 0.07447615796739016, "bus_lcSigma": 0.3850894153930947, "bus_lcSpeedGainRight": 4.081856911172798, "bus_lcSublane": 0.3411770998621311, "bus_sigma": 0.506118205056948, "bus_tau_mean": 2.682205107924833, "bus_tau_std": 5.852884164453064, "bus_v_mean": 10.14200205290674, "bus_v_std": 12.388283312429389, "car_acc": 3.0894255942423197, "car_dcc": 3.254434394091289, "car_lcAssertive": 67.89213044689505, "car_lcCooperative": 0.47895786270081087, "car_lcLookaheadLeft": 95.70113814946411, "car_lcPushy": 0.26091650862709814, "car_lcSigma": 0.710647265532105, "car_lcSpeedGainRight": 1.008209589891222, "car_lcSublane": 0.66361805301098, "car_sigma": 0.24951572568701552, "car_tau_mean": 1.2218660026126096, "car_tau_std": 3.7017154342422165, "car_v_mean": 16.14170692392569, "car_v_std": 13.618513051251695}, "datetime": {"datetime": "2024-08-08 17:30:14", "elapsed": 399.4448, "delta": 0.948438}}
{"target": -0.2845469773517132, "params": {"bus_acc": 4.35936284079067, "bus_dcc": 3.6103070959227033, "bus_lcAssertive": 81.85864247329991, "bus_lcCooperative": 0.8778014186346996, "bus_lcLookaheadLeft": 57.95885866983316, "bus_lcPushy": 0.9640361333390818, "bus_lcSigma": 0.6065443482504677, "bus_lcSpeedGainRight": 3.019738705398407, "bus_lcSublane": 0.31929773707461884, "bus_sigma": 0.681204184117019, "bus_tau_mean": 0.6818799097687634, "bus_tau_std": 1.3454642101194225, "bus_v_mean": 10.083874681164241, "bus_v_std": 13.104025744494713, "car_acc": 1.7013303670853532, "car_dcc": 2.0234404697546418, "car_lcAssertive": 5.386853927477355, "car_lcCooperative": 0.2337343601165106, "car_lcLookaheadLeft": 96.49398383523082, "car_lcPushy": 0.5091394025163677, "car_lcSigma": 0.15107451847143194, "car_lcSpeedGainRight": 2.6150426586723214, "car_lcSublane": 0.9435093839110807, "car_sigma": 0.865686014006334, "car_tau_mean": 1.872230541256354, "car_tau_std": 2.8386751597340263, "car_v_mean": 20.18767780308387, "car_v_std": 4.809686496061756}, "datetime": {"datetime": "2024-08-08 17:30:15", "elapsed": 400.31345, "delta": 0.86865}}
{"target": -0.3132825020001517, "params": {"bus_acc": 4.610936565955914, "bus_dcc": 1.605202319639849, "bus_lcAssertive": 35.84296823743366, "bus_lcCooperative": 0.22914050249215767, "bus_lcLookaheadLeft": 84.80199759692137, "bus_lcPushy": 0.7464101355698433, "bus_lcSigma": 0.8690528324693637, "bus_lcSpeedGainRight": 1.7381144947123244, "bus_lcSublane": 0.1539507630596345, "bus_sigma": 0.9682827080513549, "bus_tau_mean": 2.071232596537331, "bus_tau_std": 7.29902403809188, "bus_v_mean": 18.466671479099485, "bus_v_std": 2.856936647664885, "car_acc": 4.376710572654509, "car_dcc": 3.9353898932345195, "car_lcAssertive": 96.65860802839845, "car_lcCooperative": 0.3364040048019067, "car_lcLookaheadLeft": 92.74299383591584, "car_lcPushy": 0.1332445086487669, "car_lcSigma": 0.9397224452089148, "car_lcSpeedGainRight": 0.22050158723394442, "car_lcSublane": 0.40907771239256596, "car_sigma": 0.8430068051996625, "car_tau_mean": 3.0418075828104785, "car_tau_std": 7.209270817579761, "car_v_mean": 12.437525010895783, "car_v_std": 8.424277579603894}, "datetime": {"datetime": "2024-08-08 17:30:15", "elapsed": 401.07664, "delta": 0.76319}}
{"target": -0.28565957712108486, "params": {"bus_acc": 1.6864427769876968, "bus_dcc": 1.8845050147626223, "bus_lcAssertive": 10.279930931389577, "bus_lcCooperative": 0.3179810316787127, "bus_lcLookaheadLeft": 39.35648414716073, "bus_lcPushy": 0.6327125396187535, "bus_lcSigma": 0.47151993834858275, "bus_lcSpeedGainRight": 3.588344903885235, "bus_lcSublane": 0.26922353350171446, "bus_sigma": 0.17305671918218446, "bus_tau_mean": 1.8269291097137783, "bus_tau_std": 4.380814374278545, "bus_v_mean": 14.754025085053337, "bus_v_std": 18.2713937332305, "car_acc": 2.078268073387817, "car_dcc": 2.0561302080854706, "car_lcAssertive": 22.305756356169372, "car_lcCooperative": 0.37192301140427286, "car_lcLookaheadLeft": 40.20582830144868, "car_lcPushy": 0.5754270571118745, "car_lcSigma": 0.278364978622443, "car_lcSpeedGainRight": 1.2974615425392404, "car_lcSublane": 0.7190613950565239, "car_sigma": 0.9101787075725445, "car_tau_mean": 0.9273388684720454, "car_tau_std": 1.8228897074998485, "car_v_mean": 10.12975431801445, "car_v_std": 13.672153656089943}, "datetime": {"datetime": "2024-08-08 17:30:17", "elapsed": 402.370919, "delta": 1.294279}}
{"target": -0.27582489599324017, "params": {"bus_acc": 1.7416143472467476, "bus_dcc": 2.370468693079905, "bus_lcAssertive": 58.767624930554554, "bus_lcCooperative": 0.3212006007880921, "bus_lcLookaheadLeft": 71.2123141799779, "bus_lcPushy": 0.9178251386774966, "bus_lcSigma": 0.0730706057646422, "bus_lcSpeedGainRight": 0.9071364231762358, "bus_lcSublane": 0.5091121358451357, "bus_sigma": 0.7998807101697541, "bus_tau_mean": 2.7083516333968736, "bus_tau_std": 0.19690697849502503, "bus_v_mean": 13.279700347828902, "bus_v_std": 13.076560878109031, "car_acc": 3.7485503424122717, "car_dcc": 2.4467467508419345, "car_lcAssertive": 6.319735205091725, "car_lcCooperative": 0.6277875387183062, "car_lcLookaheadLeft": 51.39495334155627, "car_lcPushy": 0.7254132949558844, "car_lcSigma": 0.39049420460748185, "car_lcSpeedGainRight": 4.1786270402080214, "car_lcSublane": 0.30750223024189516, "car_sigma": 0.8637868182383974, "car_tau_mean": 0.5506824232755643, "car_tau_std": 7.627428438867571, "car_v_mean": 21.23788002542092, "car_v_std": 13.617940875810346}, "datetime": {"datetime": "2024-08-08 17:30:19", "elapsed": 404.919258, "delta": 2.548339}}
{"target": -0.3270392860059508, "params": {"bus_acc": 2.089603400517529, "bus_dcc": 2.7963667537276313, "bus_lcAssertive": 87.43526623016912, "bus_lcCooperative": 0.1282309388454863, "bus_lcLookaheadLeft": 95.90249668805981, "bus_lcPushy": 0.6831708438541465, "bus_lcSigma": 0.7419642356783802, "bus_lcSpeedGainRight": 4.914403929604953, "bus_lcSublane": 0.41610077261814205, "bus_sigma": 0.5315834658959018, "bus_tau_mean": 2.8772453256850152, "bus_tau_std": 5.128751425899914, "bus_v_mean": 12.78579751457337, "bus_v_std": 2.1076934546007853, "car_acc": 2.139728582888579, "car_dcc": 3.3065585448632735, "car_lcAssertive": 64.43748774073276, "car_lcCooperative": 0.8013307032031926, "car_lcLookaheadLeft": 52.67781213310181, "car_lcPushy": 0.23210002184633505, "car_lcSigma": 0.6279619269819027, "car_lcSpeedGainRight": 1.5200274501115159, "car_lcSublane": 0.029528744942020957, "car_sigma": 0.9033311768168756, "car_tau_mean": 1.9712934908097477, "car_tau_std": 4.261307804247122, "car_v_mean": 19.860027765309745, "car_v_std": 18.96916808611587}, "datetime": {"datetime": "2024-08-08 17:30:20", "elapsed": 405.741623, "delta": 0.822365}}
{"target": -0.37163701996379866, "params": {"bus_acc": 2.493111511459313, "bus_dcc": 3.436560927246954, "bus_lcAssertive": 53.310084975565076, "bus_lcCooperative": 0.24713082560012845, "bus_lcLookaheadLeft": 79.70301718385436, "bus_lcPushy": 0.2617510439444676, "bus_lcSigma": 0.00039838005475179017, "bus_lcSpeedGainRight": 1.1565945947786627, "bus_lcSublane": 0.9933702889624809, "bus_sigma": 0.6562008343421062, "bus_tau_mean": 1.272338427305108, "bus_tau_std": 6.861397019787448, "bus_v_mean": 18.990990371549103, "bus_v_std": 12.814855398737159, "car_acc": 1.2821940668875058, "car_dcc": 1.7288923509678913, "car_lcAssertive": 87.21288208986691, "car_lcCooperative": 0.7347408193015217, "car_lcLookaheadLeft": 18.445968586440173, "car_lcPushy": 0.29858946127654595, "car_lcSigma": 0.5627220287356469, "car_lcSpeedGainRight": 4.132228830114145, "car_lcSublane": 0.2005163063645068, "car_sigma": 0.10166529365348886, "car_tau_mean": 1.8365411135672711, "car_tau_std": 9.12353469252759, "car_v_mean": 12.168216308118788, "car_v_std": 2.166087054261605}, "datetime": {"datetime": "2024-08-08 17:30:22", "elapsed": 407.712629, "delta": 1.971006}}
{"target": -0.2812388044796462, "params": {"bus_acc": 4.140661051809227, "bus_dcc": 3.2941785905362524, "bus_lcAssertive": 67.86930405212397, "bus_lcCooperative": 0.7955027102986651, "bus_lcLookaheadLeft": 5.9217429959190815, "bus_lcPushy": 0.264681631716854, "bus_lcSigma": 0.6953975359715524, "bus_lcSpeedGainRight": 4.334941648038719, "bus_lcSublane": 0.6746068718168242, "bus_sigma": 0.17627612798343162, "bus_tau_mean": 3.7770796098099257, "bus_tau_std": 9.033787001108529, "bus_v_mean": 9.386860258241702, "bus_v_std": 3.86000075148506, "car_acc": 2.1007721224421068, "car_dcc": 3.2152356118138203, "car_lcAssertive": 86.07795950178485, "car_lcCooperative": 0.5783223874515512, "car_lcLookaheadLeft": 21.565265923862896, "car_lcPushy": 0.41508988762136245, "car_lcSigma": 0.13785920026410714, "car_lcSpeedGainRight": 4.5869809342921215, "car_lcSublane": 0.7645309404104735, "car_sigma": 0.5102138338060775, "car_tau_mean": 2.087512651097933, "car_tau_std": 0.978420783455699, "car_v_mean": 13.098805700805237, "car_v_std": 2.412655907147929}, "datetime": {"datetime": "2024-08-08 17:30:23", "elapsed": 408.29246, "delta": 0.579831}}
{"target": -0.34647919567143587, "params": {"bus_acc": 1.055806291902388, "bus_dcc": 1.7030862583642614, "bus_lcAssertive": 62.0610573431641, "bus_lcCooperative": 0.9490163206876164, "bus_lcLookaheadLeft": 95.11725968621381, "bus_lcPushy": 0.5566531881951564, "bus_lcSigma": 0.9156063497662745, "bus_lcSpeedGainRight": 3.207831044731688, "bus_lcSublane": 0.39000771414124624, "bus_sigma": 0.48599066709690975, "bus_tau_mean": 2.6150866902199064, "bus_tau_std": 5.495479215085625, "bus_v_mean": 22.81890282730326, "bus_v_std": 18.374668712672122, "car_acc": 2.5795024516942195, "car_dcc": 3.8897875853221353, "car_lcAssertive": 18.22161100136597, "car_lcCooperative": 0.12632951943963733, "car_lcLookaheadLeft": 15.23775748857967, "car_lcPushy": 0.5056621656768967, "car_lcSigma": 0.021524805274197978, "car_lcSpeedGainRight": 4.739851056088405, "car_lcSublane": 0.8271154711707325, "car_sigma": 0.015018980742122379, "car_tau_mean": 1.1166868945126933, "car_tau_std": 3.3206357436683698, "car_v_mean": 10.09594951697467, "car_v_std": 16.189813842531642}, "datetime": {"datetime": "2024-08-08 17:30:23", "elapsed": 408.793072, "delta": 0.500612}}
{"target": -0.3372346055741639, "params": {"bus_acc": 1.6183022333994557, "bus_dcc": 3.2265175937664345, "bus_lcAssertive": 36.649176114997736, "bus_lcCooperative": 0.6046740203819879, "bus_lcLookaheadLeft": 2.636311313087952, "bus_lcPushy": 0.5905153664209507, "bus_lcSigma": 0.7334260110546541, "bus_lcSpeedGainRight": 1.7283716884538158, "bus_lcSublane": 0.7593298235379096, "bus_sigma": 0.42697012115466537, "bus_tau_mean": 1.9812002038471968, "bus_tau_std": 2.993526375962332, "bus_v_mean": 19.856942701250365, "bus_v_std": 18.34169727754157, "car_acc": 2.7724049551527976, "car_dcc": 3.9609539466944814, "car_lcAssertive": 80.14928593431807, "car_lcCooperative": 0.3112352492736875, "car_lcLookaheadLeft": 24.844319222044746, "car_lcPushy": 0.3589360040376469, "car_lcSigma": 0.4046692860273702, "car_lcSpeedGainRight": 2.4794914521918483, "car_lcSublane": 0.7015337423351009, "car_sigma": 0.8409983347570872, "car_tau_mean": 0.7067590761107718, "car_tau_std": 4.53072012007164, "car_v_mean": 14.840894238868843, "car_v_std": 8.480648290011212}, "datetime": {"datetime": "2024-08-08 17:30:25", "elapsed": 410.80844, "delta": 2.015368}}
{"target": -0.3179022520549881, "params": {"bus_acc": 2.6722472459889195, "bus_dcc": 3.0422845560674157, "bus_lcAssertive": 99.3823908464795, "bus_lcCooperative": 0.5484378308305802, "bus_lcLookaheadLeft": 79.8041636238108, "bus_lcPushy": 0.33057817235389897, "bus_lcSigma": 0.5115610387290143, "bus_lcSpeedGainRight": 4.17512500183221, "bus_lcSublane": 0.9704579902597702, "bus_sigma": 0.17847200605539437, "bus_tau_mean": 3.479576559411372, "bus_tau_std": 9.883969710026502, "bus_v_mean": 15.207392254742444, "bus_v_std": 6.159202878806081, "car_acc": 4.649838418393092, "car_dcc": 1.6595716905970135, "car_lcAssertive": 98.8381070581512, "car_lcCooperative": 0.4015416103070082, "car_lcLookaheadLeft": 11.038895514803034, "car_lcPushy": 0.13677487684426592, "car_lcSigma": 0.47707232794846655, "car_lcSpeedGainRight": 0.30473886929447747, "car_lcSublane": 0.251885434908355, "car_sigma": 0.7950022597540991, "car_tau_mean": 3.248661740497255, "car_tau_std": 8.108198336998862, "car_v_mean": 8.740204984930989, "car_v_std": 15.32897999949386}, "datetime": {"datetime": "2024-08-08 17:30:26", "elapsed": 411.974526, "delta": 1.166086}}
{"target": -0.3318286975925959, "params": {"bus_acc": 3.983198088940667, "bus_dcc": 3.3910198331899126, "bus_lcAssertive": 20.189676150244754, "bus_lcCooperative": 0.16286677529246074, "bus_lcLookaheadLeft": 59.9256719938347, "bus_lcPushy": 0.4796917118578373, "bus_lcSigma": 0.586542602423981, "bus_lcSpeedGainRight": 0.6613554844061542, "bus_lcSublane": 0.2777370697700209, "bus_sigma": 0.06967236072962435, "bus_tau_mean": 0.8779885293074713, "bus_tau_std": 7.163776775610988, "bus_v_mean": 8.422431288389594, "bus_v_std": 10.793006441989913, "car_acc": 2.194651958546819, "car_dcc": 3.6054919005002013, "car_lcAssertive": 54.95884887109555, "car_lcCooperative": 0.9975477345448952, "car_lcLookaheadLeft": 56.985437280688046, "car_lcPushy": 0.5620978129601834, "car_lcSigma": 0.33510669801549786, "car_lcSpeedGainRight": 1.2616246700122962, "car_lcSublane": 0.4273696775673337, "car_sigma": 0.22717535449607196, "car_tau_mean": 0.748066026557084, "car_tau_std": 4.250512332840772, "car_v_mean": 9.702673490424418, "car_v_std": 14.46241629201758}, "datetime": {"datetime": "2024-08-08 17:30:28", "elapsed": 414.076555, "delta": 2.102029}}
{"target": -0.26925787654647765, "params": {"bus_acc": 1.2821681789747967, "bus_dcc": 1.2203999630803701, "bus_lcAssertive": 2.459635299094746, "bus_lcCooperative": 0.971820072977926, "bus_lcLookaheadLeft": 11.287157812808454, "bus_lcPushy": 0.8417368261858497, "bus_lcSigma": 0.6851729969076996, "bus_lcSpeedGainRight": 2.4377858374145904, "bus_lcSublane": 0.3466948813585782, "bus_sigma": 0.35364778706700506, "bus_tau_mean": 1.3884360882151552, "bus_tau_std": 9.110179736986264, "bus_v_mean": 19.610280727917903, "bus_v_std": 0.5185158556853975, "car_acc": 2.8460850129884583, "car_dcc": 1.843903817610434, "car_lcAssertive": 3.8676524316119494, "car_lcCooperative": 0.8846818943092944, "car_lcLookaheadLeft": 77.55852507955886, "car_lcPushy": 0.32973507924426093, "car_lcSigma": 0.796558587536711, "car_lcSpeedGainRight": 1.6231916110149829, "car_lcSublane": 0.30788244381764673, "car_sigma": 0.9281090785007262, "car_tau_mean": 3.919206566810476, "car_tau_std": 5.235553047168928, "car_v_mean": 23.2309626810868, "car_v_std": 17.75992987852929}, "datetime": {"datetime": "2024-08-08 17:30:29", "elapsed": 414.782185, "delta": 0.70563}}
{"target": -0.272405819292382, "params": {"bus_acc": 2.0400758878267693, "bus_dcc": 1.6041755611411608, "bus_lcAssertive": 59.30196162730165, "bus_lcCooperative": 0.8425182098415589, "bus_lcLookaheadLeft": 34.99866679501538, "bus_lcPushy": 0.5864294214642616, "bus_lcSigma": 0.16224499947880777, "bus_lcSpeedGainRight": 0.9729686761907091, "bus_lcSublane": 0.7613352159920956, "bus_sigma": 0.15009846135204996, "bus_tau_mean": 1.430674643667396, "bus_tau_std": 6.894948631776694, "bus_v_mean": 8.241428922127666, "bus_v_std": 0.6438880773714106, "car_acc": 2.1501037600961146, "car_dcc": 2.0098695415368972, "car_lcAssertive": 36.859394447471104, "car_lcCooperative": 0.8071905755135196, "car_lcLookaheadLeft": 5.526134830546906, "car_lcPushy": 0.3583952446253251, "car_lcSigma": 0.6382781332668243, "car_lcSpeedGainRight": 0.7150205475916133, "car_lcSublane": 0.8577386145114406, "car_sigma": 0.6455644082734328, "car_tau_mean": 0.9035269891800948, "car_tau_std": 2.080974099989472, "car_v_mean": 19.927973291970634, "car_v_std": 8.068132566683456}, "datetime": {"datetime": "2024-08-08 17:30:30", "elapsed": 415.917234, "delta": 1.135049}}
{"target": -0.33112661748956124, "params": {"bus_acc": 3.530141025376571, "bus_dcc": 1.5611822655263878, "bus_lcAssertive": 75.27415112713251, "bus_lcCooperative": 0.5488594004307864, "bus_lcLookaheadLeft": 12.01269521477021, "bus_lcPushy": 0.024827029187908023, "bus_lcSigma": 0.29874619238334477, "bus_lcSpeedGainRight": 3.4500751463246253, "bus_lcSublane": 0.9327883504441357, "bus_sigma": 0.9664972006802195, "bus_tau_mean": 3.1759183126712633, "bus_tau_std": 2.9324918570689453, "bus_v_mean": 17.95310600436747, "bus_v_std": 4.621922550736512, "car_acc": 4.002761486606687, "car_dcc": 1.4976010884385837, "car_lcAssertive": 75.89056816688615, "car_lcCooperative": 0.8685889989304815, "car_lcLookaheadLeft": 52.91162265147279, "car_lcPushy": 0.06563483825850425, "car_lcSigma": 0.4488920207457957, "car_lcSpeedGainRight": 4.189143056899088, "car_lcSublane": 0.17975265343005398, "car_sigma": 0.03855906126279496, "car_tau_mean": 3.064427510677138, "car_tau_std": 5.6304072357339505, "car_v_mean": 8.672970023187723, "car_v_std": 19.69770528116603}, "datetime": {"datetime": "2024-08-08 17:30:32", "elapsed": 417.458386, "delta": 1.541152}}
{"target": -0.3062875122211679, "params": {"bus_acc": 2.9080519776090528, "bus_dcc": 2.3466365101202964, "bus_lcAssertive": 88.71379914536978, "bus_lcCooperative": 0.5276187723115614, "bus_lcLookaheadLeft": 42.090901527852274, "bus_lcPushy": 0.26889202221264585, "bus_lcSigma": 0.07201203516976995, "bus_lcSpeedGainRight": 2.090680668626579, "bus_lcSublane": 0.025753482406583372, "bus_sigma": 0.29115394055242805, "bus_tau_mean": 2.2622832844693876, "bus_tau_std": 9.659330650197223, "bus_v_mean": 9.750126627097353, "bus_v_std": 13.460821084332439, "car_acc": 2.9997294843968, "car_dcc": 3.331294687827349, "car_lcAssertive": 15.217092789546719, "car_lcCooperative": 0.08320263643587555, "car_lcLookaheadLeft": 41.12342332454047, "car_lcPushy": 0.7969622519799001, "car_lcSigma": 0.1916757389098901, "car_lcSpeedGainRight": 3.83888596073637, "car_lcSublane": 0.2902979970618682, "car_sigma": 0.21689148761179533, "car_tau_mean": 0.5585045617695226, "car_tau_std": 3.986590599223787, "car_v_mean": 14.097303860695238, "car_v_std": 13.186898723907294}, "datetime": {"datetime": "2024-08-08 17:30:33", "elapsed": 418.272371, "delta": 0.813985}}
{"target": -0.3505885929015447, "params": {"bus_acc": 1.940323460560362, "bus_dcc": 1.0613192539914997, "bus_lcAssertive": 33.45005094353712, "bus_lcCooperative": 0.4680560778756401, "bus_lcLookaheadLeft": 78.88777308277646, "bus_lcPushy": 0.5322729558284961, "bus_lcSigma": 0.4774265006789925, "bus_lcSpeedGainRight": 3.4897486033928087, "bus_lcSublane": 0.017417185302214144, "bus_sigma": 0.6949907649340304, "bus_tau_mean": 1.5918585537835306, "bus_tau_std": 5.597909594664436, "bus_v_mean": 17.70890632655254, "bus_v_std": 3.6428531430007327, "car_acc": 2.001090361036659, "car_dcc": 2.736454175661435, "car_lcAssertive": 26.999644502863624, "car_lcCooperative": 0.2394170493667156, "car_lcLookaheadLeft": 37.18507232518429, "car_lcPushy": 0.9044109982517952, "car_lcSigma": 0.8692103055155421, "car_lcSpeedGainRight": 2.5701788926879265, "car_lcSublane": 0.05174768110702721, "car_sigma": 0.8003379069103024, "car_tau_mean": 1.134162157717954, "car_tau_std": 6.6874125440851016, "car_v_mean": 21.365947436258672, "car_v_std": 19.295931135412715}, "datetime": {"datetime": "2024-08-08 17:30:33", "elapsed": 418.958797, "delta": 0.686426}}
{"target": -0.32281654101291624, "params": {"bus_acc": 4.75211417262541, "bus_dcc": 1.5561415739434068, "bus_lcAssertive": 93.38242051949933, "bus_lcCooperative": 0.9357532076921331, "bus_lcLookaheadLeft": 29.787362333158143, "bus_lcPushy": 0.27463424842386297, "bus_lcSigma": 0.5514315736733725, "bus_lcSpeedGainRight": 0.9264461968427617, "bus_lcSublane": 0.4421011106267658, "bus_sigma": 0.1853176459376844, "bus_tau_mean": 3.8158157128388575, "bus_tau_std": 4.938246574910856, "bus_v_mean": 23.422684278783965, "bus_v_std": 12.898833450244236, "car_acc": 2.9372630921295424, "car_dcc": 3.9030857378835924, "car_lcAssertive": 15.175788389167522, "car_lcCooperative": 0.6323298746664966, "car_lcLookaheadLeft": 66.86506004800617, "car_lcPushy": 0.43383982715272595, "car_lcSigma": 0.05935722533895749, "car_lcSpeedGainRight": 2.463613005830166, "car_lcSublane": 0.46513394351807746, "car_sigma": 0.8067468107748635, "car_tau_mean": 1.398313464835417, "car_tau_std": 3.914303629842686, "car_v_mean": 11.842755315542036, "car_v_std": 13.728868303447282}, "datetime": {"datetime": "2024-08-08 17:30:34", "elapsed": 419.665152, "delta": 0.706355}}
