{"target": -0.31042429513052444, "params": {"bus_acc": 2.9980419501757023, "bus_dcc": 2.9082933237471766, "bus_lcAssertive": 83.09629163096432, "bus_lcCooperative": 0.45001293488112626, "bus_lcLookaheadLeft": 77.40601348233506, "bus_lcPushy": 0.5953378136788511, "bus_lcSigma": 0.9722643330460055, "bus_lcSpeedGainRight": 0.5985789765871841, "bus_lcSublane": 0.8163176825978249, "bus_sigma": 0.8351562049127252, "bus_tau_mean": 3.270501239546079, "bus_tau_std": 4.548248726627996, "bus_v_mean": 16.435350497904807, "bus_v_std": 19.7076923484256, "car_acc": 4.778543253734976, "car_dcc": 3.289005260997399, "car_lcAssertive": 46.56587207182983, "car_lcCooperative": 0.5402355602833143, "car_lcLookaheadLeft": 80.84691246210832, "car_lcPushy": 0.2768695895548876, "car_lcSigma": 0.2565331178037924, "car_lcSpeedGainRight": 1.069306726979375, "car_lcSublane": 0.5512061607760821, "car_sigma": 0.951395602838791, "car_tau_mean": 1.3320784307138291, "car_tau_std": 8.015993547597386, "car_v_mean": 8.486560292512433, "car_v_std": 10.124400227753519}, "datetime": {"datetime": "2024-08-08 17:31:25", "elapsed": 470.174404, "delta": 1.489827}}
{"target": -0.27694678706304865, "params": {"bus_acc": 2.1363304606750493, "bus_dcc": 2.645431408362134, "bus_lcAssertive": 26.31785049575297, "bus_lcCooperative": 0.8917347966065253, "bus_lcLookaheadLeft": 58.91353565701674, "bus_lcPushy": 0.7186736102672562, "bus_lcSigma": 0.8620310568918353, "bus_lcSpeedGainRight": 4.482814102718168, "bus_lcSublane": 0.9576092434277528, "bus_sigma": 0.6275083500997111, "bus_tau_mean": 3.996432010449878, "bus_tau_std": 7.905073781751291, "bus_v_mean": 12.333185910270531, "bus_v_std": 19.81101059153667, "car_acc": 4.206022454026442, "car_dcc": 1.7593445002388544, "car_lcAssertive": 4.157829003248634, "car_lcCooperative": 0.9528097951734324, "car_lcLookaheadLeft": 56.569536698820635, "car_lcPushy": 0.5527099229795157, "car_lcSigma": 0.04737782423604231, "car_lcSpeedGainRight": 3.195191602969185, "car_lcSublane": 0.5001036718146855, "car_sigma": 0.8042949550842394, "car_tau_mean": 0.7434240099909937, "car_tau_std": 5.629309840326007, "car_v_mean": 14.538882086388043, "car_v_std": 11.035373971265203}, "datetime": {"datetime": "2024-08-08 17:31:26", "elapsed": 471.474356, "delta": 1.299952}}
{"target": -0.27925795516785806, "params": {"bus_acc": 2.032754656029936, "bus_dcc": 1.1117207668323545, "bus_lcAssertive": 2.589168707539145, "bus_lcCooperative": 0.15270593118117648, "bus_lcLookaheadLeft": 47.284250913778735, "bus_lcPushy": 0.7559010975378051, "bus_lcSigma": 0.7288149319451539, "bus_lcSpeedGainRight": 1.7619472124151836, "bus_lcSublane": 0.4791392787629136, "bus_sigma": 0.8140737533756652, "bus_tau_mean": 3.4344101723264266, "bus_tau_std": 3.199167004179855, "bus_v_mean": 8.068240294513714, "bus_v_std": 0.9386168645246529, "car_acc": 3.9512295104159363, "car_dcc": 1.817896843217524, "car_lcAssertive": 48.667095406478566, "car_lcCooperative": 0.1920312660311443, "car_lcLookaheadLeft": 85.01706577605505, "car_lcPushy": 0.5033776096365531, "car_lcSigma": 0.5271601757222614, "car_lcSpeedGainRight": 1.4403979404287743, "car_lcSublane": 0.5119992306639229, "car_sigma": 0.0019636453825200295, "car_tau_mean": 1.4705326412012352, "car_tau_std": 3.487629835384359, "car_v_mean": 12.543214180624576, "car_v_std": 1.7190445515483566}, "datetime": {"datetime": "2024-08-08 17:31:28", "elapsed": 473.484507, "delta": 2.010151}}
{"target": -0.29894992255834624, "params": {"bus_acc": 2.9597741775105244, "bus_dcc": 1.0671263680732854, "bus_lcAssertive": 80.92249577927679, "bus_lcCooperative": 0.02436128675662652, "bus_lcLookaheadLeft": 17.734283212430316, "bus_lcPushy": 0.24613142323526227, "bus_lcSigma": 0.9971177980982139, "bus_lcSpeedGainRight": 2.1037462356270895, "bus_lcSublane": 0.07226278343939563, "bus_sigma": 0.2502713574756721, "bus_tau_mean": 1.940491628552569, "bus_tau_std": 4.202599137001294, "bus_v_mean": 9.954749508972984, "bus_v_std": 0.19007572026437103, "car_acc": 4.2618216538311415, "car_dcc": 1.7258654133683815, "car_lcAssertive": 9.259020119104594, "car_lcCooperative": 0.3902233159137365, "car_lcLookaheadLeft": 44.388848628251445, "car_lcPushy": 0.524095810986686, "car_lcSigma": 0.7603137129611016, "car_lcSpeedGainRight": 3.940691682594996, "car_lcSublane": 0.46938067575200315, "car_sigma": 0.8847671511951445, "car_tau_mean": 0.7770009114696252, "car_tau_std": 3.5568088529833197, "car_v_mean": 13.758038059839443, "car_v_std": 14.218164609453016}, "datetime": {"datetime": "2024-08-08 17:31:29", "elapsed": 474.5646, "delta": 1.080093}}
{"target": -0.3151105415247631, "params": {"bus_acc": 1.7913311385916773, "bus_dcc": 2.287992167849477, "bus_lcAssertive": 34.33785387141556, "bus_lcCooperative": 0.991945011907281, "bus_lcLookaheadLeft": 39.263176619491944, "bus_lcPushy": 0.992700873664818, "bus_lcSigma": 0.5188042507334142, "bus_lcSpeedGainRight": 0.8613985073856273, "bus_lcSublane": 0.07457407125147986, "bus_sigma": 0.37030569377388767, "bus_tau_mean": 0.9319660093515546, "bus_tau_std": 6.345187162918417, "bus_v_mean": 14.622717531670542, "bus_v_std": 19.818312650509004, "car_acc": 4.719822494613272, "car_dcc": 1.44770809692925, "car_lcAssertive": 40.09334399114325, "car_lcCooperative": 0.46157971096238615, "car_lcLookaheadLeft": 56.97297800195063, "car_lcPushy": 0.7803635232892685, "car_lcSigma": 0.48719390907342375, "car_lcSpeedGainRight": 2.099967760051204, "car_lcSublane": 0.26199970471933565, "car_sigma": 0.9108061390867584, "car_tau_mean": 0.5779502903648146, "car_tau_std": 8.211218982189646, "car_v_mean": 11.015494394662696, "car_v_std": 13.715137983450944}, "datetime": {"datetime": "2024-08-08 17:31:30", "elapsed": 475.643292, "delta": 1.078692}}
{"target": -0.3137447605013433, "params": {"bus_acc": 3.012020780203819, "bus_dcc": 2.9300737739474068, "bus_lcAssertive": 12.013321584176065, "bus_lcCooperative": 0.7580616581331086, "bus_lcLookaheadLeft": 85.49068558615497, "bus_lcPushy": 0.8442498595694283, "bus_lcSigma": 0.8905068324120895, "bus_lcSpeedGainRight": 1.9092119837788057, "bus_lcSublane": 0.44380519836651855, "bus_sigma": 0.10158147594616618, "bus_tau_mean": 1.290324228509323, "bus_tau_std": 9.713204692732111, "bus_v_mean": 12.553983503499767, "bus_v_std": 18.147922844819945, "car_acc": 4.562209145513244, "car_dcc": 3.7675134917811803, "car_lcAssertive": 16.45880687963868, "car_lcCooperative": 0.8797221435013809, "car_lcLookaheadLeft": 63.93550514538744, "car_lcPushy": 0.21062817841880244, "car_lcSigma": 0.3451159147800812, "car_lcSpeedGainRight": 0.7995939429464161, "car_lcSublane": 0.4443481574461272, "car_sigma": 0.08377495384546052, "car_tau_mean": 1.0786147166808395, "car_tau_std": 1.9719634646666928, "car_v_mean": 19.05643746490727, "car_v_std": 11.476057383307058}, "datetime": {"datetime": "2024-08-08 17:31:32", "elapsed": 477.198535, "delta": 1.555243}}
{"target": -0.2834159725030623, "params": {"bus_acc": 4.188879229434953, "bus_dcc": 1.040633040517383, "bus_lcAssertive": 71.71525587400897, "bus_lcCooperative": 0.2953139661018992, "bus_lcLookaheadLeft": 98.66745241246686, "bus_lcPushy": 0.8462417305877817, "bus_lcSigma": 0.5604011810847819, "bus_lcSpeedGainRight": 2.9888284268841963, "bus_lcSublane": 0.1920756730045573, "bus_sigma": 0.2262515885870655, "bus_tau_mean": 1.039046124182829, "bus_tau_std": 3.7781354746444173, "bus_v_mean": 9.791287109465298, "bus_v_std": 10.225457872685237, "car_acc": 3.5539118216061896, "car_dcc": 1.3666371347109498, "car_lcAssertive": 35.075439534096546, "car_lcCooperative": 0.07034787968520784, "car_lcLookaheadLeft": 53.52459635266278, "car_lcPushy": 0.6502897692030054, "car_lcSigma": 0.6154721413751028, "car_lcSpeedGainRight": 4.0693478140474255, "car_lcSublane": 0.23556623650242037, "car_sigma": 0.6181818418404456, "car_tau_mean": 1.5598998173142422, "car_tau_std": 0.8876770607914231, "car_v_mean": 12.884183545053011, "car_v_std": 1.4271294988923233}, "datetime": {"datetime": "2024-08-08 17:31:33", "elapsed": 478.344757, "delta": 1.146222}}
{"target": -0.3257804980918124, "params": {"bus_acc": 4.188129444579899, "bus_dcc": 3.423123456975953, "bus_lcAssertive": 83.09872221626888, "bus_lcCooperative": 0.4175157513022394, "bus_lcLookaheadLeft": 62.55290008885318, "bus_lcPushy": 0.7552455161468585, "bus_lcSigma": 0.7697655693416834, "bus_lcSpeedGainRight": 4.79302311462768, "bus_lcSublane": 0.975075275592005, "bus_sigma": 0.5647345919090407, "bus_tau_mean": 2.1300867405966692, "bus_tau_std": 8.355253266864215, "bus_v_mean": 11.519374783306512, "bus_v_std": 15.327961789217879, "car_acc": 1.7680463965070952, "car_dcc": 2.7748826978592023, "car_lcAssertive": 61.07631420593115, "car_lcCooperative": 0.44184380280217683, "car_lcLookaheadLeft": 86.72596397518376, "car_lcPushy": 0.5434821861417696, "car_lcSigma": 0.4927297109245765, "car_lcSpeedGainRight": 2.0906281783502862, "car_lcSublane": 0.06222518338635219, "car_sigma": 0.3621494599268943, "car_tau_mean": 0.8248537536794861, "car_tau_std": 5.656384996760549, "car_v_mean": 18.24802610492145, "car_v_std": 15.355645252363194}, "datetime": {"datetime": "2024-08-08 17:31:35", "elapsed": 480.747741, "delta": 2.402984}}
{"target": -0.32100191320663707, "params": {"bus_acc": 3.5452245034239342, "bus_dcc": 2.125273055181733, "bus_lcAssertive": 85.89096540927606, "bus_lcCooperative": 0.6195867393685738, "bus_lcLookaheadLeft": 26.699241852822258, "bus_lcPushy": 0.7928556779768876, "bus_lcSigma": 0.43293850873416306, "bus_lcSpeedGainRight": 1.787555836652207, "bus_lcSublane": 0.33027693652508094, "bus_sigma": 0.6973688756131394, "bus_tau_mean": 1.440275433671793, "bus_tau_std": 8.0827801370538, "bus_v_mean": 12.724620710397565, "bus_v_std": 10.882427671707145, "car_acc": 2.9516859672208096, "car_dcc": 3.566069237786109, "car_lcAssertive": 88.9502570051432, "car_lcCooperative": 0.18438444236776674, "car_lcLookaheadLeft": 59.3641489759486, "car_lcPushy": 0.8982050460171371, "car_lcSigma": 0.4461172190344297, "car_lcSpeedGainRight": 4.609341527419077, "car_lcSublane": 0.2789908904569709, "car_sigma": 0.6088311741937957, "car_tau_mean": 2.8885879841838538, "car_tau_std": 2.282057333504841, "car_v_mean": 8.220280200923469, "car_v_std": 8.334479247413922}, "datetime": {"datetime": "2024-08-08 17:31:36", "elapsed": 481.995164, "delta": 1.247423}}
{"target": -0.2950144376027774, "params": {"bus_acc": 3.203058242091491, "bus_dcc": 1.1318879905947266, "bus_lcAssertive": 85.81867266536104, "bus_lcCooperative": 0.4775950236100055, "bus_lcLookaheadLeft": 85.96407003710304, "bus_lcPushy": 0.18765401155497807, "bus_lcSigma": 0.08373326615041132, "bus_lcSpeedGainRight": 2.5798483102074994, "bus_lcSublane": 0.454544662996622, "bus_sigma": 0.013894398989847456, "bus_tau_mean": 0.6377410639176821, "bus_tau_std": 0.9363283573135806, "bus_v_mean": 8.650839678756295, "bus_v_std": 3.514781346883238, "car_acc": 3.302144604444005, "car_dcc": 2.4302578598995286, "car_lcAssertive": 97.9972035532993, "car_lcCooperative": 0.07073713401634152, "car_lcLookaheadLeft": 87.00673194587439, "car_lcPushy": 0.5785197821401383, "car_lcSigma": 0.8764755457125712, "car_lcSpeedGainRight": 0.2785680517656747, "car_lcSublane": 0.09915352142160372, "car_sigma": 0.8630947177469542, "car_tau_mean": 2.4963440925658347, "car_tau_std": 5.584938010898554, "car_v_mean": 8.208202687066002, "car_v_std": 12.845056082328787}, "datetime": {"datetime": "2024-08-08 17:31:38", "elapsed": 483.499597, "delta": 1.504433}}
{"target": -0.3658323685942759, "params": {"bus_acc": 2.7656687998134255, "bus_dcc": 3.816412310901941, "bus_lcAssertive": 24.50393284380015, "bus_lcCooperative": 0.0495143119387923, "bus_lcLookaheadLeft": 56.611879298347034, "bus_lcPushy": 0.31332023512450924, "bus_lcSigma": 0.5320773163972055, "bus_lcSpeedGainRight": 2.3580428472678703, "bus_lcSublane": 0.48313240951578573, "bus_sigma": 0.5700775293549659, "bus_tau_mean": 3.7320479717928405, "bus_tau_std": 2.3619249355925245, "bus_v_mean": 22.0172823855884, "bus_v_std": 14.67670866517286, "car_acc": 1.3168430520124033, "car_dcc": 3.506162458009178, "car_lcAssertive": 40.366757835978056, "car_lcCooperative": 0.3357381098211646, "car_lcLookaheadLeft": 2.038514312831926, "car_lcPushy": 0.24580518598619006, "car_lcSigma": 0.6879463498675434, "car_lcSpeedGainRight": 4.255863175568421, "car_lcSublane": 0.24104946936951954, "car_sigma": 0.3709397705100095, "car_tau_mean": 1.0264816821783271, "car_tau_std": 8.035001641072595, "car_v_mean": 19.472379574471933, "car_v_std": 14.009563747590487}, "datetime": {"datetime": "2024-08-08 17:31:39", "elapsed": 484.704881, "delta": 1.205284}}
{"target": -0.3696512794390461, "params": {"bus_acc": 2.668088018810296, "bus_dcc": 3.1609734803264744, "bus_lcAssertive": 1.0113231069171438, "bus_lcCooperative": 0.30233257263183977, "bus_lcLookaheadLeft": 16.38207730007708, "bus_lcPushy": 0.0923385947687978, "bus_lcSigma": 0.1862602113776709, "bus_lcSpeedGainRight": 1.7278036352152388, "bus_lcSublane": 0.39676747423066994, "bus_sigma": 0.538816734003357, "bus_tau_mean": 1.9671808004115319, "bus_tau_std": 6.852195003967595, "bus_v_mean": 11.271235995704279, "bus_v_std": 17.562348727818907, "car_acc": 1.1095503727917047, "car_dcc": 3.011402530535207, "car_lcAssertive": 42.31317543434557, "car_lcCooperative": 0.5586898284457517, "car_lcLookaheadLeft": 15.75791998233291, "car_lcPushy": 0.1981014890848788, "car_lcSigma": 0.8007445686755367, "car_lcSpeedGainRight": 4.841307878596988, "car_lcSublane": 0.31342417815924284, "car_sigma": 0.6923226156693141, "car_tau_mean": 3.567362033036134, "car_tau_std": 8.946066635038473, "car_v_mean": 9.360707381916447, "car_v_std": 0.7810956646576472}, "datetime": {"datetime": "2024-08-08 17:31:41", "elapsed": 486.454535, "delta": 1.749654}}
{"target": -0.2978850739584928, "params": {"bus_acc": 3.091607511990512, "bus_dcc": 3.158971392886822, "bus_lcAssertive": 88.7878552249281, "bus_lcCooperative": 0.19451128512291194, "bus_lcLookaheadLeft": 44.120895073447244, "bus_lcPushy": 0.8593510087313693, "bus_lcSigma": 0.03049636510686249, "bus_lcSpeedGainRight": 0.6654109107776807, "bus_lcSublane": 0.4053468800031138, "bus_sigma": 0.11235899808568683, "bus_tau_mean": 3.0415320439222904, "bus_tau_std": 9.748099995916682, "bus_v_mean": 15.825065042866065, "bus_v_std": 19.205349851876928, "car_acc": 1.543076472231479, "car_dcc": 3.101330274407355, "car_lcAssertive": 58.702973117927115, "car_lcCooperative": 0.7917335624838278, "car_lcLookaheadLeft": 54.69466000978958, "car_lcPushy": 0.9798927970615768, "car_lcSigma": 0.43965278161340193, "car_lcSpeedGainRight": 4.751361767507482, "car_lcSublane": 0.9182785222225094, "car_sigma": 0.42386967289549227, "car_tau_mean": 1.9368266710812927, "car_tau_std": 0.19947065308665524, "car_v_mean": 15.175905808053896, "car_v_std": 3.9882002409376605}, "datetime": {"datetime": "2024-08-08 17:31:43", "elapsed": 488.31352, "delta": 1.858985}}
{"target": -0.3093814509741532, "params": {"bus_acc": 4.9064650982720535, "bus_dcc": 1.580121770662269, "bus_lcAssertive": 95.68436292583144, "bus_lcCooperative": 0.23334554727315515, "bus_lcLookaheadLeft": 82.30098660100607, "bus_lcPushy": 0.14941868419132964, "bus_lcSigma": 0.5141047381371626, "bus_lcSpeedGainRight": 1.8200734156713472, "bus_lcSublane": 0.6706875269496453, "bus_sigma": 0.1791170903017083, "bus_tau_mean": 2.529119192983073, "bus_tau_std": 0.02423687653833717, "bus_v_mean": 14.810467763716874, "bus_v_std": 10.315864180031, "car_acc": 4.351186399268837, "car_dcc": 3.272912991336686, "car_lcAssertive": 10.097272271436665, "car_lcCooperative": 0.6250336673744067, "car_lcLookaheadLeft": 66.68028284780968, "car_lcPushy": 0.7340287360330257, "car_lcSigma": 0.5548600346953475, "car_lcSpeedGainRight": 0.5367775495031246, "car_lcSublane": 0.6403477806472073, "car_sigma": 0.6705308529900654, "car_tau_mean": 1.375374470431951, "car_tau_std": 9.482752601153205, "car_v_mean": 15.24238584113476, "car_v_std": 17.334312777658216}, "datetime": {"datetime": "2024-08-08 17:31:45", "elapsed": 490.101675, "delta": 1.788155}}
{"target": -0.3878624004898386, "params": {"bus_acc": 2.1172813424653274, "bus_dcc": 3.7476361692019005, "bus_lcAssertive": 20.624996730805222, "bus_lcCooperative": 0.28571649537130284, "bus_lcLookaheadLeft": 6.670161087028536, "bus_lcPushy": 0.44757914405063814, "bus_lcSigma": 0.5575878151711118, "bus_lcSpeedGainRight": 2.867805412885476, "bus_lcSublane": 0.905377379959673, "bus_sigma": 0.34741393280060506, "bus_tau_mean": 2.0663493285693932, "bus_tau_std": 8.512376625014975, "bus_v_mean": 17.229268851712398, "bus_v_std": 13.079858697554673, "car_acc": 2.113437321577264, "car_dcc": 2.4624139048775473, "car_lcAssertive": 62.47428637046675, "car_lcCooperative": 0.13339403014523998, "car_lcLookaheadLeft": 5.225054226068378, "car_lcPushy": 0.11341100113082614, "car_lcSigma": 0.47746107633965307, "car_lcSpeedGainRight": 0.12013367315404255, "car_lcSublane": 0.6262089291372217, "car_sigma": 0.09758261797608447, "car_tau_mean": 1.37836538200686, "car_tau_std": 4.264929458562184, "car_v_mean": 9.853227947299985, "car_v_std": 5.411039875949328}, "datetime": {"datetime": "2024-08-08 17:31:47", "elapsed": 492.138855, "delta": 2.03718}}
{"target": -0.3045363500041127, "params": {"bus_acc": 1.2900621121818534, "bus_dcc": 1.5181032643968249, "bus_lcAssertive": 32.913391424138354, "bus_lcCooperative": 0.248424246330199, "bus_lcLookaheadLeft": 50.55850817339691, "bus_lcPushy": 0.8244596107976835, "bus_lcSigma": 0.8539724149421759, "bus_lcSpeedGainRight": 2.9791497102935076, "bus_lcSublane": 0.24017373383106666, "bus_sigma": 0.18649268827268528, "bus_tau_mean": 3.1018667934071367, "bus_tau_std": 2.372140576435476, "bus_v_mean": 16.631854254824795, "bus_v_std": 14.985615742543835, "car_acc": 1.9129964184615438, "car_dcc": 1.523503562718232, "car_lcAssertive": 4.933832971009274, "car_lcCooperative": 0.14756883769994755, "car_lcLookaheadLeft": 85.44101288080509, "car_lcPushy": 0.10463591174495857, "car_lcSigma": 0.2236450455273178, "car_lcSpeedGainRight": 0.16378599872988564, "car_lcSublane": 0.6763566354512786, "car_sigma": 0.2317031414647196, "car_tau_mean": 1.9475710123061751, "car_tau_std": 1.3930117132372677, "car_v_mean": 14.035476601784104, "car_v_std": 8.488749324792305}, "datetime": {"datetime": "2024-08-08 17:31:50", "elapsed": 496.04258, "delta": 3.903725}}
{"target": -0.30961434955638906, "params": {"bus_acc": 3.7428662889029463, "bus_dcc": 3.8561876171635996, "bus_lcAssertive": 39.72402429296779, "bus_lcCooperative": 0.3002984293714631, "bus_lcLookaheadLeft": 56.26767763580894, "bus_lcPushy": 0.8519762580648814, "bus_lcSigma": 0.7949674246929233, "bus_lcSpeedGainRight": 3.4237835248928827, "bus_lcSublane": 0.4321070912997065, "bus_sigma": 0.6904340198543137, "bus_tau_mean": 1.2560887293806247, "bus_tau_std": 2.8394343784624674, "bus_v_mean": 20.445129774406148, "bus_v_std": 18.59960272692713, "car_acc": 1.7601980144667593, "car_dcc": 1.8881898682546976, "car_lcAssertive": 1.6148164518610932, "car_lcCooperative": 0.43156224528040166, "car_lcLookaheadLeft": 22.608917031754896, "car_lcPushy": 0.6414247825536215, "car_lcSigma": 0.7095892156781084, "car_lcSpeedGainRight": 0.5938885719924253, "car_lcSublane": 0.08214400203193162, "car_sigma": 0.9063350695803358, "car_tau_mean": 1.8623356415933738, "car_tau_std": 5.3340349726601435, "car_v_mean": 23.41186503861873, "car_v_std": 15.181080244326706}, "datetime": {"datetime": "2024-08-08 17:31:52", "elapsed": 497.566435, "delta": 1.523855}}
{"target": -0.344489199381639, "params": {"bus_acc": 4.417865592961243, "bus_dcc": 3.513658720917304, "bus_lcAssertive": 58.821632413091365, "bus_lcCooperative": 0.06997746764914725, "bus_lcLookaheadLeft": 4.51416801999475, "bus_lcPushy": 0.22560211969898092, "bus_lcSigma": 0.09230232781551495, "bus_lcSpeedGainRight": 3.725526963888318, "bus_lcSublane": 0.8510554453727723, "bus_sigma": 0.540469999664386, "bus_tau_mean": 2.6394490729960873, "bus_tau_std": 4.7313758453238535, "bus_v_mean": 22.96301884060461, "bus_v_std": 12.256254047579061, "car_acc": 3.4814444891805403, "car_dcc": 3.5740198100035276, "car_lcAssertive": 38.99001775318119, "car_lcCooperative": 0.0641095130546635, "car_lcLookaheadLeft": 74.5344253255842, "car_lcPushy": 0.8441892804830194, "car_lcSigma": 0.5202334774668042, "car_lcSpeedGainRight": 2.338222666143887, "car_lcSublane": 0.098624116119152, "car_sigma": 0.3132581451731512, "car_tau_mean": 1.1558516012619173, "car_tau_std": 7.47424940356067, "car_v_mean": 10.565862691756767, "car_v_std": 13.692616404817809}, "datetime": {"datetime": "2024-08-08 17:31:53", "elapsed": 499.075248, "delta": 1.508813}}
{"target": -0.341448690068433, "params": {"bus_acc": 1.6393346013763734, "bus_dcc": 1.6078063756589878, "bus_lcAssertive": 43.686993760876724, "bus_lcCooperative": 0.40420190577514725, "bus_lcLookaheadLeft": 16.381645114900824, "bus_lcPushy": 0.7293189193611234, "bus_lcSigma": 0.18874506687718595, "bus_lcSpeedGainRight": 3.219478221558314, "bus_lcSublane": 0.7543059505762987, "bus_sigma": 0.21073239208332073, "bus_tau_mean": 2.60333986837674, "bus_tau_std": 7.489283752458364, "bus_v_mean": 18.211499369925335, "bus_v_std": 11.942546058932981, "car_acc": 2.1819291426219882, "car_dcc": 3.1948194137245265, "car_lcAssertive": 94.58553555999502, "car_lcCooperative": 0.42556139026154693, "car_lcLookaheadLeft": 78.65381804947772, "car_lcPushy": 0.056141039661915304, "car_lcSigma": 0.8352716024899659, "car_lcSpeedGainRight": 0.9612500841107385, "car_lcSublane": 0.3950968688899732, "car_sigma": 0.30008104592535645, "car_tau_mean": 0.7803627533211726, "car_tau_std": 9.046310029362429, "car_v_mean": 13.922466840859812, "car_v_std": 10.61394876952279}, "datetime": {"datetime": "2024-08-08 17:31:55", "elapsed": 500.897969, "delta": 1.822721}}
