{"target": -0.3431735755630146, "params": {"bus_acc": 4.1051, "bus_dcc": 2.4024, "bus_lcAssertive": 86.5444, "bus_lcCooperative": 0.4137, "bus_lcLookaheadLeft": 3.3946, "bus_lcPushy": 0.825, "bus_lcSigma": 0.5427, "bus_lcSpeedGainRight": 0.965, "bus_lcSublane": 0.5428, "bus_sigma": 0.4897, "bus_tau_mean": 1.0397, "bus_tau_std": 6.6149, "bus_v_mean": 14.3698, "bus_v_std": 8.8957, "car_acc": 4.5066, "car_dcc": 1.3849, "car_lcAssertive": 64.3485, "car_lcCooperative": 0.5279, "car_lcLookaheadLeft": 68.7394, "car_lcPushy": 0.0408, "car_lcSigma": 0.5781, "car_lcSpeedGainRight": 4.46, "car_lcSublane": 0.1547, "car_sigma": 0.5506, "car_tau_mean": 2.0525, "car_tau_std": 0.6064, "car_v_mean": 16.8872, "car_v_std": 0.4389}, "datetime": {"datetime": "2024-08-08 13:38:52", "elapsed": 3120.321999, "delta": 6.786527}}
{"target": -0.3495491931791102, "params": {"bus_acc": 1.6143, "bus_dcc": 2.8141, "bus_lcAssertive": 70.5014, "bus_lcCooperative": 0.6217, "bus_lcLookaheadLeft": 83.696, "bus_lcPushy": 0.459, "bus_lcSigma": 0.6197, "bus_lcSpeedGainRight": 2.1285, "bus_lcSublane": 0.1073, "bus_sigma": 0.9355, "bus_tau_mean": 3.3507, "bus_tau_std": 0.2538, "bus_v_mean": 13.8996, "bus_v_std": 16.8996, "car_acc": 2.7943, "car_dcc": 1.2815, "car_lcAssertive": 69.9496, "car_lcCooperative": 0.0626, "car_lcLookaheadLeft": 44.1697, "car_lcPushy": 0.897, "car_lcSigma": 0.5276, "car_lcSpeedGainRight": 0.2086, "car_lcSublane": 0.3456, "car_sigma": 0.0668, "car_tau_mean": 2.838, "car_tau_std": 5.5489, "car_v_mean": 15.5552, "car_v_std": 1.6958}, "datetime": {"datetime": "2024-08-08 13:38:54", "elapsed": 3122.068628, "delta": 1.746629}}
{"target": -0.3443711271975502, "params": {"bus_acc": 2.6339, "bus_dcc": 3.1304, "bus_lcAssertive": 12.931, "bus_lcCooperative": 0.3262, "bus_lcLookaheadLeft": 28.5414, "bus_lcPushy": 0.9668, "bus_lcSigma": 0.0462, "bus_lcSpeedGainRight": 4.2091, "bus_lcSublane": 0.7721, "bus_sigma": 0.0317, "bus_tau_mean": 3.3955, "bus_tau_std": 8.0661, "bus_v_mean": 19.904, "bus_v_std": 3.3449, "car_acc": 1.955, "car_dcc": 1.1208, "car_lcAssertive": 50.1139, "car_lcCooperative": 0.3606, "car_lcLookaheadLeft": 51.5503, "car_lcPushy": 0.8249, "car_lcSigma": 0.2961, "car_lcSpeedGainRight": 3.1769, "car_lcSublane": 0.5529, "car_sigma": 0.576, "car_tau_mean": 2.6416, "car_tau_std": 7.5122, "car_v_mean": 14.148, "car_v_std": 3.8981}, "datetime": {"datetime": "2024-08-08 13:38:57", "elapsed": 3124.908158, "delta": 2.83953}}
{"target": -0.38009954725442396, "params": {"bus_acc": 2.6535, "bus_dcc": 3.4779, "bus_lcAssertive": 95.5001, "bus_lcCooperative": 0.3024, "bus_lcLookaheadLeft": 13.9019, "bus_lcPushy": 0.8547, "bus_lcSigma": 0.8671, "bus_lcSpeedGainRight": 4.1292, "bus_lcSublane": 0.7895, "bus_sigma": 0.2198, "bus_tau_mean": 1.0553, "bus_tau_std": 8.2861, "bus_v_mean": 18.306, "bus_v_std": 3.478, "car_acc": 2.255, "car_dcc": 2.298, "car_lcAssertive": 24.8989, "car_lcCooperative": 0.7581, "car_lcLookaheadLeft": 21.4533, "car_lcPushy": 0.353, "car_lcSigma": 0.7544, "car_lcSpeedGainRight": 0.2473, "car_lcSublane": 0.7671, "car_sigma": 0.3788, "car_tau_mean": 2.0453, "car_tau_std": 8.2191, "car_v_mean": 14.9803, "car_v_std": 8.5896}, "datetime": {"datetime": "2024-08-08 13:38:59", "elapsed": 3127.141711, "delta": 2.233553}}
{"target": -0.44760228681743536, "params": {"bus_acc": 2.7073, "bus_dcc": 2.3121, "bus_lcAssertive": 38.6415, "bus_lcCooperative": 0.4456, "bus_lcLookaheadLeft": 77.0328, "bus_lcPushy": 0.187, "bus_lcSigma": 0.9917, "bus_lcSpeedGainRight": 3.8835, "bus_lcSublane": 0.4113, "bus_sigma": 0.7296, "bus_tau_mean": 1.3324, "bus_tau_std": 0.666, "bus_v_mean": 13.7267, "bus_v_std": 15.3832, "car_acc": 3.1609, "car_dcc": 1.3475, "car_lcAssertive": 59.9837, "car_lcCooperative": 0.5023, "car_lcLookaheadLeft": 51.3606, "car_lcPushy": 0.4858, "car_lcSigma": 0.7737, "car_lcSpeedGainRight": 1.5646, "car_lcSublane": 0.2173, "car_sigma": 0.8797, "car_tau_mean": 2.6683, "car_tau_std": 9.6419, "car_v_mean": 16.3961, "car_v_std": 0.0477}, "datetime": {"datetime": "2024-08-08 13:39:01", "elapsed": 3128.778811, "delta": 1.6371}}
{"target": -0.3328430677886789, "params": {"bus_acc": 1.1106, "bus_dcc": 1.2771, "bus_lcAssertive": 38.2481, "bus_lcCooperative": 0.3969, "bus_lcLookaheadLeft": 59.4718, "bus_lcPushy": 0.8586, "bus_lcSigma": 0.7054, "bus_lcSpeedGainRight": 3.778, "bus_lcSublane": 0.49, "bus_sigma": 0.6713, "bus_tau_mean": 0.5318, "bus_tau_std": 6.5052, "bus_v_mean": 10.995, "bus_v_std": 2.2045, "car_acc": 4.1453, "car_dcc": 2.5081, "car_lcAssertive": 41.7871, "car_lcCooperative": 0.3408, "car_lcLookaheadLeft": 55.3993, "car_lcPushy": 0.6771, "car_lcSigma": 0.8844, "car_lcSpeedGainRight": 4.9296, "car_lcSublane": 0.8558, "car_sigma": 0.9274, "car_tau_mean": 3.0482, "car_tau_std": 5.1417, "car_v_mean": 17.5016, "car_v_std": 19.3756}, "datetime": {"datetime": "2024-08-08 13:39:07", "elapsed": 3135.444463, "delta": 6.665652}}
{"target": -0.34792933831607453, "params": {"bus_acc": 3.0386, "bus_dcc": 2.1263, "bus_lcAssertive": 50.0666, "bus_lcCooperative": 0.9553, "bus_lcLookaheadLeft": 31.2707, "bus_lcPushy": 0.3924, "bus_lcSigma": 0.0895, "bus_lcSpeedGainRight": 4.9153, "bus_lcSublane": 0.2231, "bus_sigma": 0.8416, "bus_tau_mean": 2.8606, "bus_tau_std": 7.0508, "bus_v_mean": 19.3102, "bus_v_std": 14.0054, "car_acc": 3.5396, "car_dcc": 1.7132, "car_lcAssertive": 94.2604, "car_lcCooperative": 0.0859, "car_lcLookaheadLeft": 26.0743, "car_lcPushy": 0.1928, "car_lcSigma": 0.2434, "car_lcSpeedGainRight": 4.3072, "car_lcSublane": 0.9478, "car_sigma": 0.6565, "car_tau_mean": 3.8448, "car_tau_std": 1.8044, "car_v_mean": 18.8438, "car_v_std": 17.3366}, "datetime": {"datetime": "2024-08-08 13:39:09", "elapsed": 3136.678436, "delta": 1.233973}}
{"target": -0.34615798563850375, "params": {"bus_acc": 1.7515, "bus_dcc": 2.9188, "bus_lcAssertive": 82.2089, "bus_lcCooperative": 0.6299, "bus_lcLookaheadLeft": 84.1772, "bus_lcPushy": 0.3075, "bus_lcSigma": 0.4584, "bus_lcSpeedGainRight": 2.3573, "bus_lcSublane": 0.5682, "bus_sigma": 0.035, "bus_tau_mean": 2.386, "bus_tau_std": 9.3173, "bus_v_mean": 11.6469, "bus_v_std": 4.0281, "car_acc": 3.7009, "car_dcc": 3.652, "car_lcAssertive": 86.577, "car_lcCooperative": 0.5709, "car_lcLookaheadLeft": 36.1996, "car_lcPushy": 0.1207, "car_lcSigma": 0.4568, "car_lcSpeedGainRight": 2.5303, "car_lcSublane": 0.8504, "car_sigma": 0.4267, "car_tau_mean": 3.4943, "car_tau_std": 8.0363, "car_v_mean": 11.9576, "car_v_std": 16.4993}, "datetime": {"datetime": "2024-08-08 13:39:10", "elapsed": 3137.917945, "delta": 1.239509}}
{"target": -0.3355241731395291, "params": {"bus_acc": 4.1968, "bus_dcc": 1.662, "bus_lcAssertive": 51.9388, "bus_lcCooperative": 0.7688, "bus_lcLookaheadLeft": 21.2488, "bus_lcPushy": 0.1996, "bus_lcSigma": 0.4277, "bus_lcSpeedGainRight": 1.4238, "bus_lcSublane": 0.1835, "bus_sigma": 0.1109, "bus_tau_mean": 1.3006, "bus_tau_std": 6.0657, "bus_v_mean": 17.9782, "bus_v_std": 11.7451, "car_acc": 2.5683, "car_dcc": 1.4149, "car_lcAssertive": 72.8815, "car_lcCooperative": 0.841, "car_lcLookaheadLeft": 9.0473, "car_lcPushy": 0.2121, "car_lcSigma": 0.5398, "car_lcSpeedGainRight": 0.3674, "car_lcSublane": 0.802, "car_sigma": 0.0909, "car_tau_mean": 0.5118, "car_tau_std": 9.5544, "car_v_mean": 17.19, "car_v_std": 12.17}, "datetime": {"datetime": "2024-08-08 13:39:17", "elapsed": 3145.237808, "delta": 7.319863}}
{"target": -0.3465192062502352, "params": {"bus_acc": 2.3533, "bus_dcc": 2.731, "bus_lcAssertive": 63.5438, "bus_lcCooperative": 0.6352, "bus_lcLookaheadLeft": 51.9207, "bus_lcPushy": 0.7563, "bus_lcSigma": 0.2407, "bus_lcSpeedGainRight": 0.7513, "bus_lcSublane": 0.3123, "bus_sigma": 0.7288, "bus_tau_mean": 2.7899, "bus_tau_std": 8.3249, "bus_v_mean": 22.5491, "bus_v_std": 13.8187, "car_acc": 4.0501, "car_dcc": 3.067, "car_lcAssertive": 15.8236, "car_lcCooperative": 0.4414, "car_lcLookaheadLeft": 6.4699, "car_lcPushy": 0.6268, "car_lcSigma": 0.286, "car_lcSpeedGainRight": 3.7274, "car_lcSublane": 0.685, "car_sigma": 0.2774, "car_tau_mean": 0.9582, "car_tau_std": 9.684, "car_v_mean": 13.9318, "car_v_std": 5.8204}, "datetime": {"datetime": "2024-08-08 13:39:20", "elapsed": 3147.979609, "delta": 2.741801}}
{"target": -0.3792010872154706, "params": {"bus_acc": 3.6004, "bus_dcc": 3.7669, "bus_lcAssertive": 1.9908, "bus_lcCooperative": 0.5703, "bus_lcLookaheadLeft": 87.0906, "bus_lcPushy": 0.3083, "bus_lcSigma": 0.9592, "bus_lcSpeedGainRight": 4.1819, "bus_lcSublane": 0.9465, "bus_sigma": 0.0527, "bus_tau_mean": 2.5824, "bus_tau_std": 4.8467, "bus_v_mean": 17.568, "bus_v_std": 11.5441, "car_acc": 4.7792, "car_dcc": 1.3722, "car_lcAssertive": 69.4906, "car_lcCooperative": 0.1168, "car_lcLookaheadLeft": 6.8323, "car_lcPushy": 0.4915, "car_lcSigma": 0.3332, "car_lcSpeedGainRight": 4.627, "car_lcSublane": 0.6895, "car_sigma": 0.192, "car_tau_mean": 1.2056, "car_tau_std": 6.9624, "car_v_mean": 22.7216, "car_v_std": 5.6241}, "datetime": {"datetime": "2024-08-08 13:39:26", "elapsed": 3154.077308, "delta": 6.097699}}
{"target": -0.30777424726542624, "params": {"bus_acc": 4.0187, "bus_dcc": 3.1632, "bus_lcAssertive": 45.3792, "bus_lcCooperative": 0.452, "bus_lcLookaheadLeft": 32.3024, "bus_lcPushy": 0.2793, "bus_lcSigma": 0.6069, "bus_lcSpeedGainRight": 3.0147, "bus_lcSublane": 0.5893, "bus_sigma": 0.008, "bus_tau_mean": 2.0676, "bus_tau_std": 8.8718, "bus_v_mean": 8.2617, "bus_v_std": 7.1415, "car_acc": 2.3768, "car_dcc": 1.2121, "car_lcAssertive": 45.8696, "car_lcCooperative": 0.7994, "car_lcLookaheadLeft": 43.0298, "car_lcPushy": 0.7178, "car_lcSigma": 0.1538, "car_lcSpeedGainRight": 3.1022, "car_lcSublane": 0.678, "car_sigma": 0.8293, "car_tau_mean": 1.7427, "car_tau_std": 7.5858, "car_v_mean": 21.4592, "car_v_std": 13.3207}, "datetime": {"datetime": "2024-08-08 13:39:28", "elapsed": 3155.82359, "delta": 1.746282}}
{"target": -0.33830227810257585, "params": {"bus_acc": 4.8214, "bus_dcc": 2.9662, "bus_lcAssertive": 37.6338, "bus_lcCooperative": 0.3691, "bus_lcLookaheadLeft": 78.9094, "bus_lcPushy": 0.2665, "bus_lcSigma": 0.6925, "bus_lcSpeedGainRight": 0.5123, "bus_lcSublane": 0.5638, "bus_sigma": 0.1186, "bus_tau_mean": 0.8115, "bus_tau_std": 4.0056, "bus_v_mean": 18.6671, "bus_v_std": 7.8454, "car_acc": 4.1885, "car_dcc": 3.9136, "car_lcAssertive": 85.5465, "car_lcCooperative": 0.1246, "car_lcLookaheadLeft": 66.7076, "car_lcPushy": 0.4733, "car_lcSigma": 0.5459, "car_lcSpeedGainRight": 2.2024, "car_lcSublane": 0.7644, "car_sigma": 0.7863, "car_tau_mean": 0.9984, "car_tau_std": 2.1238, "car_v_mean": 18.4541, "car_v_std": 10.123}, "datetime": {"datetime": "2024-08-08 13:39:32", "elapsed": 3160.184212, "delta": 4.360622}}
{"target": -0.3209864507848097, "params": {"bus_acc": 1.2039, "bus_dcc": 2.3087, "bus_lcAssertive": 87.4269, "bus_lcCooperative": 0.1511, "bus_lcLookaheadLeft": 99.756, "bus_lcPushy": 0.7107, "bus_lcSigma": 0.6118, "bus_lcSpeedGainRight": 4.6034, "bus_lcSublane": 0.4814, "bus_sigma": 0.7503, "bus_tau_mean": 0.5684, "bus_tau_std": 5.392, "bus_v_mean": 22.6127, "bus_v_std": 12.567, "car_acc": 1.4916, "car_dcc": 1.4498, "car_lcAssertive": 41.9955, "car_lcCooperative": 0.7343, "car_lcLookaheadLeft": 76.0278, "car_lcPushy": 0.3569, "car_lcSigma": 0.4176, "car_lcSpeedGainRight": 1.1038, "car_lcSublane": 0.4949, "car_sigma": 0.1046, "car_tau_mean": 3.4865, "car_tau_std": 8.4735, "car_v_mean": 17.7002, "car_v_std": 16.5946}, "datetime": {"datetime": "2024-08-08 13:39:34", "elapsed": 3162.289027, "delta": 2.104815}}
{"target": -0.3846684708452668, "params": {"bus_acc": 3.1748, "bus_dcc": 2.5815, "bus_lcAssertive": 29.7943, "bus_lcCooperative": 0.2995, "bus_lcLookaheadLeft": 88.0887, "bus_lcPushy": 0.5572, "bus_lcSigma": 0.1885, "bus_lcSpeedGainRight": 0.7724, "bus_lcSublane": 0.086, "bus_sigma": 0.9972, "bus_tau_mean": 2.5989, "bus_tau_std": 1.4696, "bus_v_mean": 11.4191, "bus_v_std": 8.9073, "car_acc": 1.9382, "car_dcc": 2.1578, "car_lcAssertive": 47.3622, "car_lcCooperative": 0.4478, "car_lcLookaheadLeft": 76.7761, "car_lcPushy": 0.3297, "car_lcSigma": 0.0913, "car_lcSpeedGainRight": 0.8321, "car_lcSublane": 0.4193, "car_sigma": 0.3734, "car_tau_mean": 1.9523, "car_tau_std": 3.063, "car_v_mean": 18.4267, "car_v_std": 12.0542}, "datetime": {"datetime": "2024-08-08 13:39:39", "elapsed": 3167.08545, "delta": 4.796423}}
{"target": -0.36551320797815745, "params": {"bus_acc": 2.1867, "bus_dcc": 2.7374, "bus_lcAssertive": 90.6943, "bus_lcCooperative": 0.7297, "bus_lcLookaheadLeft": 58.0071, "bus_lcPushy": 0.6919, "bus_lcSigma": 0.6498, "bus_lcSpeedGainRight": 4.4153, "bus_lcSublane": 0.751, "bus_sigma": 0.271, "bus_tau_mean": 1.295, "bus_tau_std": 8.2073, "bus_v_mean": 10.5991, "bus_v_std": 17.767, "car_acc": 1.8141, "car_dcc": 3.885, "car_lcAssertive": 94.3994, "car_lcCooperative": 0.0603, "car_lcLookaheadLeft": 88.6135, "car_lcPushy": 0.9647, "car_lcSigma": 0.9077, "car_lcSpeedGainRight": 4.114, "car_lcSublane": 0.1609, "car_sigma": 0.9003, "car_tau_mean": 3.0521, "car_tau_std": 8.6841, "car_v_mean": 13.2421, "car_v_std": 5.1229}, "datetime": {"datetime": "2024-08-08 13:39:40", "elapsed": 3168.461335, "delta": 1.375885}}
{"target": -0.310094351384551, "params": {"bus_acc": 3.7385, "bus_dcc": 2.7464, "bus_lcAssertive": 13.0416, "bus_lcCooperative": 0.7012, "bus_lcLookaheadLeft": 41.8853, "bus_lcPushy": 0.4166, "bus_lcSigma": 0.7934, "bus_lcSpeedGainRight": 0.6304, "bus_lcSublane": 0.1743, "bus_sigma": 0.8173, "bus_tau_mean": 2.4527, "bus_tau_std": 6.5513, "bus_v_mean": 11.4507, "bus_v_std": 5.8761, "car_acc": 2.8954, "car_dcc": 1.4958, "car_lcAssertive": 5.4039, "car_lcCooperative": 0.4785, "car_lcLookaheadLeft": 10.2672, "car_lcPushy": 0.3507, "car_lcSigma": 0.53, "car_lcSpeedGainRight": 3.1123, "car_lcSublane": 0.8711, "car_sigma": 0.8423, "car_tau_mean": 2.1472, "car_tau_std": 0.8211, "car_v_mean": 16.9377, "car_v_std": 1.5248}, "datetime": {"datetime": "2024-08-08 13:39:42", "elapsed": 3170.108489, "delta": 1.647154}}
{"target": -0.3316398648979696, "params": {"bus_acc": 1.3375, "bus_dcc": 1.1385, "bus_lcAssertive": 83.568, "bus_lcCooperative": 0.5978, "bus_lcLookaheadLeft": 33.9086, "bus_lcPushy": 0.5867, "bus_lcSigma": 0.8924, "bus_lcSpeedGainRight": 4.3021, "bus_lcSublane": 0.4768, "bus_sigma": 0.378, "bus_tau_mean": 3.6515, "bus_tau_std": 2.6338, "bus_v_mean": 23.4054, "bus_v_std": 3.5023, "car_acc": 4.3704, "car_dcc": 3.1619, "car_lcAssertive": 15.2254, "car_lcCooperative": 0.5551, "car_lcLookaheadLeft": 11.7764, "car_lcPushy": 0.1614, "car_lcSigma": 0.1224, "car_lcSpeedGainRight": 1.1415, "car_lcSublane": 0.0272, "car_sigma": 0.8774, "car_tau_mean": 3.7462, "car_tau_std": 1.6561, "car_v_mean": 15.0372, "car_v_std": 7.9454}, "datetime": {"datetime": "2024-08-08 13:39:47", "elapsed": 3175.430342, "delta": 5.321853}}
{"target": -0.36009626768918723, "params": {"bus_acc": 1.2981, "bus_dcc": 2.0528, "bus_lcAssertive": 21.997, "bus_lcCooperative": 0.3912, "bus_lcLookaheadLeft": 32.2327, "bus_lcPushy": 0.9683, "bus_lcSigma": 0.2886, "bus_lcSpeedGainRight": 2.3213, "bus_lcSublane": 0.425, "bus_sigma": 0.7912, "bus_tau_mean": 2.988, "bus_tau_std": 0.7667, "bus_v_mean": 23.4466, "bus_v_std": 1.6421, "car_acc": 2.2245, "car_dcc": 3.0286, "car_lcAssertive": 73.0864, "car_lcCooperative": 0.4985, "car_lcLookaheadLeft": 62.3766, "car_lcPushy": 0.618, "car_lcSigma": 0.5411, "car_lcSpeedGainRight": 0.7601, "car_lcSublane": 0.6234, "car_sigma": 0.0191, "car_tau_mean": 2.5091, "car_tau_std": 9.3429, "car_v_mean": 15.0811, "car_v_std": 15.1313}, "datetime": {"datetime": "2024-08-08 13:39:56", "elapsed": 3184.268985, "delta": 8.838643}}
{"target": -0.3610051793799871, "params": {"bus_acc": 3.1126, "bus_dcc": 2.6739, "bus_lcAssertive": 12.3605, "bus_lcCooperative": 0.4874, "bus_lcLookaheadLeft": 45.7928, "bus_lcPushy": 0.0338, "bus_lcSigma": 0.3438, "bus_lcSpeedGainRight": 3.8506, "bus_lcSublane": 0.8423, "bus_sigma": 0.0856, "bus_tau_mean": 2.0509, "bus_tau_std": 9.3127, "bus_v_mean": 14.6433, "bus_v_std": 8.763, "car_acc": 1.6839, "car_dcc": 3.626, "car_lcAssertive": 22.4074, "car_lcCooperative": 0.8445, "car_lcLookaheadLeft": 17.4013, "car_lcPushy": 0.7643, "car_lcSigma": 0.2989, "car_lcSpeedGainRight": 1.4538, "car_lcSublane": 0.1668, "car_sigma": 0.0551, "car_tau_mean": 2.6903, "car_tau_std": 2.6922, "car_v_mean": 22.6181, "car_v_std": 1.573}, "datetime": {"datetime": "2024-08-08 13:40:00", "elapsed": 3188.361032, "delta": 4.092047}}
{"target": -0.3680264838420598, "params": {"bus_acc": 2.7174, "bus_dcc": 2.3671, "bus_lcAssertive": 86.6008, "bus_lcCooperative": 0.7554, "bus_lcLookaheadLeft": 22.4726, "bus_lcPushy": 0.7768, "bus_lcSigma": 0.5257, "bus_lcSpeedGainRight": 4.3362, "bus_lcSublane": 0.5539, "bus_sigma": 0.0184, "bus_tau_mean": 0.7835, "bus_tau_std": 1.2105, "bus_v_mean": 12.8679, "bus_v_std": 0.8122, "car_acc": 2.7349, "car_dcc": 3.762, "car_lcAssertive": 55.5789, "car_lcCooperative": 0.6142, "car_lcLookaheadLeft": 38.4619, "car_lcPushy": 0.3091, "car_lcSigma": 0.8825, "car_lcSpeedGainRight": 4.5861, "car_lcSublane": 0.8071, "car_sigma": 0.9378, "car_tau_mean": 3.6151, "car_tau_std": 1.4175, "car_v_mean": 17.2704, "car_v_std": 11.9035}, "datetime": {"datetime": "2024-08-08 13:40:06", "elapsed": 3194.003643, "delta": 5.642611}}
{"target": -0.34645698944555425, "params": {"bus_acc": 2.7684, "bus_dcc": 1.4896, "bus_lcAssertive": 60.6899, "bus_lcCooperative": 0.7957, "bus_lcLookaheadLeft": 73.8347, "bus_lcPushy": 0.5334, "bus_lcSigma": 0.4924, "bus_lcSpeedGainRight": 2.8984, "bus_lcSublane": 0.9503, "bus_sigma": 0.0315, "bus_tau_mean": 2.4032, "bus_tau_std": 8.357, "bus_v_mean": 16.2425, "bus_v_std": 10.2963, "car_acc": 1.1932, "car_dcc": 2.5958, "car_lcAssertive": 21.1822, "car_lcCooperative": 0.1477, "car_lcLookaheadLeft": 93.0008, "car_lcPushy": 0.4593, "car_lcSigma": 0.9322, "car_lcSpeedGainRight": 2.8141, "car_lcSublane": 0.1962, "car_sigma": 0.9753, "car_tau_mean": 3.8865, "car_tau_std": 6.5848, "car_v_mean": 15.3349, "car_v_std": 13.9402}, "datetime": {"datetime": "2024-08-08 13:40:08", "elapsed": 3195.533822, "delta": 1.530179}}
{"target": -0.34930681189697343, "params": {"bus_acc": 4.3183, "bus_dcc": 3.4827, "bus_lcAssertive": 85.3795, "bus_lcCooperative": 0.9508, "bus_lcLookaheadLeft": 3.5975, "bus_lcPushy": 0.9557, "bus_lcSigma": 0.2561, "bus_lcSpeedGainRight": 1.9949, "bus_lcSublane": 0.2132, "bus_sigma": 0.994, "bus_tau_mean": 0.6431, "bus_tau_std": 4.1525, "bus_v_mean": 10.4917, "bus_v_std": 6.3631, "car_acc": 3.3418, "car_dcc": 2.1496, "car_lcAssertive": 36.0314, "car_lcCooperative": 0.6326, "car_lcLookaheadLeft": 47.8415, "car_lcPushy": 0.5089, "car_lcSigma": 0.4062, "car_lcSpeedGainRight": 4.2452, "car_lcSublane": 0.093, "car_sigma": 0.0807, "car_tau_mean": 1.8808, "car_tau_std": 4.2938, "car_v_mean": 23.094, "car_v_std": 14.7348}, "datetime": {"datetime": "2024-08-08 13:40:09", "elapsed": 3196.659791, "delta": 1.125969}}
{"target": -0.38760725943133323, "params": {"bus_acc": 4.3103, "bus_dcc": 1.2868, "bus_lcAssertive": 72.1626, "bus_lcCooperative": 0.3095, "bus_lcLookaheadLeft": 23.8237, "bus_lcPushy": 0.4987, "bus_lcSigma": 0.183, "bus_lcSpeedGainRight": 0.7019, "bus_lcSublane": 0.8416, "bus_sigma": 0.6679, "bus_tau_mean": 3.4467, "bus_tau_std": 7.5223, "bus_v_mean": 12.0431, "bus_v_std": 3.2867, "car_acc": 2.9337, "car_dcc": 3.4942, "car_lcAssertive": 41.4938, "car_lcCooperative": 0.2082, "car_lcLookaheadLeft": 99.1019, "car_lcPushy": 0.5394, "car_lcSigma": 0.899, "car_lcSpeedGainRight": 4.392, "car_lcSublane": 0.632, "car_sigma": 0.0778, "car_tau_mean": 3.0527, "car_tau_std": 5.6896, "car_v_mean": 21.868, "car_v_std": 3.0521}, "datetime": {"datetime": "2024-08-08 13:40:14", "elapsed": 3202.430624, "delta": 5.770833}}
{"target": -0.33316983958112834, "params": {"bus_acc": 2.833, "bus_dcc": 1.6734, "bus_lcAssertive": 52.0543, "bus_lcCooperative": 0.0832, "bus_lcLookaheadLeft": 85.8258, "bus_lcPushy": 0.3114, "bus_lcSigma": 0.2505, "bus_lcSpeedGainRight": 0.853, "bus_lcSublane": 0.6992, "bus_sigma": 0.7857, "bus_tau_mean": 2.0486, "bus_tau_std": 7.0458, "bus_v_mean": 13.472, "bus_v_std": 8.0831, "car_acc": 4.7743, "car_dcc": 3.5447, "car_lcAssertive": 72.2188, "car_lcCooperative": 0.2904, "car_lcLookaheadLeft": 59.6782, "car_lcPushy": 0.7042, "car_lcSigma": 0.5614, "car_lcSpeedGainRight": 0.7264, "car_lcSublane": 0.7037, "car_sigma": 0.6401, "car_tau_mean": 1.5429, "car_tau_std": 8.7612, "car_v_mean": 17.5677, "car_v_std": 12.1371}, "datetime": {"datetime": "2024-08-08 13:40:16", "elapsed": 3203.928769, "delta": 1.498145}}
{"target": -0.3433780620080635, "params": {"bus_acc": 3.5233, "bus_dcc": 2.9833, "bus_lcAssertive": 70.1263, "bus_lcCooperative": 0.6368, "bus_lcLookaheadLeft": 65.3192, "bus_lcPushy": 0.5121, "bus_lcSigma": 0.3375, "bus_lcSpeedGainRight": 2.3606, "bus_lcSublane": 0.3788, "bus_sigma": 0.5087, "bus_tau_mean": 2.1428, "bus_tau_std": 5.2073, "bus_v_mean": 17.5982, "bus_v_std": 3.8913, "car_acc": 3.8328, "car_dcc": 2.0646, "car_lcAssertive": 79.4429, "car_lcCooperative": 0.5555, "car_lcLookaheadLeft": 45.5328, "car_lcPushy": 0.4196, "car_lcSigma": 0.9198, "car_lcSpeedGainRight": 3.6417, "car_lcSublane": 0.0029, "car_sigma": 0.5135, "car_tau_mean": 2.8684, "car_tau_std": 7.1636, "car_v_mean": 14.0254, "car_v_std": 14.1236}, "datetime": {"datetime": "2024-08-08 13:40:23", "elapsed": 3211.092604, "delta": 7.163835}}
