{"target": -0.04432227977725237, "params": {"bus_acc": 1.63, "bus_dcc": 3.8, "bus_lcAssertive": 76.86, "bus_lcCooperative": 0.64, "bus_lcLookaheadLeft": 44.98, "bus_lcPushy": 0.57, "bus_lcSublane": 0.41, "bus_max_v": 12.39, "bus_tau_mean": 0.74, "bus_tau_std": 3.04, "car_acc": 1.44, "car_dcc": 3.75, "car_lcAssertive": 2.7, "car_lcCooperative": 0.57, "car_lcLookaheadLeft": 39.47, "car_lcPushy": 0.84, "car_lcSublane": 0.9, "car_max_v": 15.34, "car_tau_mean": 0.7, "car_tau_std": 7.23}, "datetime": {"datetime": "2024-08-04 13:26:38", "elapsed": 6672.986951, "delta": 4.654761}}
{"target": -0.051717449494622064, "params": {"bus_acc": 2.55, "bus_dcc": 3.49, "bus_lcAssertive": 28.22, "bus_lcCooperative": 0.51, "bus_lcLookaheadLeft": 39.37, "bus_lcPushy": 0.69, "bus_lcSublane": 0.01, "bus_max_v": 11.88, "bus_tau_mean": 0.57, "bus_tau_std": 7.49, "car_acc": 2.32, "car_dcc": 2.16, "car_lcAssertive": 86.97, "car_lcCooperative": 0.65, "car_lcLookaheadLeft": 52.46, "car_lcPushy": 0.8, "car_lcSublane": 0.68, "car_max_v": 16.49, "car_tau_mean": 0.67, "car_tau_std": 1.65}, "datetime": {"datetime": "2024-08-04 13:26:44", "elapsed": 6678.22814, "delta": 5.241189}}
{"target": -0.04461795277564779, "params": {"bus_acc": 2.3, "bus_dcc": 3.91, "bus_lcAssertive": 36.15, "bus_lcCooperative": 0.32, "bus_lcLookaheadLeft": 21.6, "bus_lcPushy": 0.35, "bus_lcSublane": 0.79, "bus_max_v": 13.04, "bus_tau_mean": 2.48, "bus_tau_std": 4.11, "car_acc": 2.8, "car_dcc": 3.44, "car_lcAssertive": 77.79, "car_lcCooperative": 0.0, "car_lcLookaheadLeft": 38.94, "car_lcPushy": 0.06, "car_lcSublane": 0.34, "car_max_v": 19.82, "car_tau_mean": 1.41, "car_tau_std": 4.68}, "datetime": {"datetime": "2024-08-04 13:26:50", "elapsed": 6684.952111, "delta": 6.723971}}
{"target": -0.03796141927927027, "params": {"bus_acc": 2.43, "bus_dcc": 3.54, "bus_lcAssertive": 11.68, "bus_lcCooperative": 0.36, "bus_lcLookaheadLeft": 30.11, "bus_lcPushy": 0.16, "bus_lcSublane": 0.28, "bus_max_v": 11.27, "bus_tau_mean": 1.09, "bus_tau_std": 9.79, "car_acc": 1.0, "car_dcc": 1.74, "car_lcAssertive": 5.15, "car_lcCooperative": 0.75, "car_lcLookaheadLeft": 59.69, "car_lcPushy": 0.91, "car_lcSublane": 0.41, "car_max_v": 28.06, "car_tau_mean": 0.74, "car_tau_std": 9.71}, "datetime": {"datetime": "2024-08-04 13:26:57", "elapsed": 6691.595928, "delta": 6.643817}}
{"target": -0.05556537232158012, "params": {"bus_acc": 2.76, "bus_dcc": 1.89, "bus_lcAssertive": 42.03, "bus_lcCooperative": 0.87, "bus_lcLookaheadLeft": 95.34, "bus_lcPushy": 0.74, "bus_lcSublane": 0.2, "bus_max_v": 27.39, "bus_tau_mean": 3.98, "bus_tau_std": 8.0, "car_acc": 2.5, "car_dcc": 2.68, "car_lcAssertive": 37.36, "car_lcCooperative": 0.69, "car_lcLookaheadLeft": 75.09, "car_lcPushy": 0.45, "car_lcSublane": 0.62, "car_max_v": 29.47, "car_tau_mean": 0.77, "car_tau_std": 3.77}, "datetime": {"datetime": "2024-08-04 13:27:01", "elapsed": 6696.015323, "delta": 4.419395}}
{"target": -0.054427523307747215, "params": {"bus_acc": 2.05, "bus_dcc": 2.28, "bus_lcAssertive": 3.64, "bus_lcCooperative": 0.92, "bus_lcLookaheadLeft": 74.77, "bus_lcPushy": 0.15, "bus_lcSublane": 0.35, "bus_max_v": 9.95, "bus_tau_mean": 0.53, "bus_tau_std": 3.47, "car_acc": 1.28, "car_dcc": 2.3, "car_lcAssertive": 14.62, "car_lcCooperative": 0.33, "car_lcLookaheadLeft": 30.92, "car_lcPushy": 0.01, "car_lcSublane": 0.09, "car_max_v": 23.34, "car_tau_mean": 1.9, "car_tau_std": 1.82}, "datetime": {"datetime": "2024-08-04 13:27:06", "elapsed": 6700.629095, "delta": 4.613772}}
{"target": -0.04897943867465943, "params": {"bus_acc": 1.91, "bus_dcc": 3.0, "bus_lcAssertive": 56.71, "bus_lcCooperative": 0.69, "bus_lcLookaheadLeft": 65.15, "bus_lcPushy": 0.74, "bus_lcSublane": 0.6, "bus_max_v": 27.63, "bus_tau_mean": 1.95, "bus_tau_std": 2.28, "car_acc": 1.48, "car_dcc": 2.13, "car_lcAssertive": 82.05, "car_lcCooperative": 0.81, "car_lcLookaheadLeft": 25.98, "car_lcPushy": 0.64, "car_lcSublane": 0.49, "car_max_v": 22.52, "car_tau_mean": 1.25, "car_tau_std": 7.98}, "datetime": {"datetime": "2024-08-04 13:27:11", "elapsed": 6705.554417, "delta": 4.925322}}
{"target": -0.04842285733150461, "params": {"bus_acc": 2.98, "bus_dcc": 2.08, "bus_lcAssertive": 21.45, "bus_lcCooperative": 0.25, "bus_lcLookaheadLeft": 29.25, "bus_lcPushy": 0.47, "bus_lcSublane": 0.33, "bus_max_v": 28.65, "bus_tau_mean": 0.81, "bus_tau_std": 3.52, "car_acc": 2.1, "car_dcc": 1.27, "car_lcAssertive": 79.98, "car_lcCooperative": 0.79, "car_lcLookaheadLeft": 49.69, "car_lcPushy": 0.74, "car_lcSublane": 0.14, "car_max_v": 15.45, "car_tau_mean": 0.56, "car_tau_std": 8.05}, "datetime": {"datetime": "2024-08-04 13:27:18", "elapsed": 6712.289553, "delta": 6.735136}}
{"target": -0.053974859398758956, "params": {"bus_acc": 1.6, "bus_dcc": 3.55, "bus_lcAssertive": 12.08, "bus_lcCooperative": 0.8, "bus_lcLookaheadLeft": 65.55, "bus_lcPushy": 0.03, "bus_lcSublane": 0.75, "bus_max_v": 11.76, "bus_tau_mean": 3.19, "bus_tau_std": 8.56, "car_acc": 2.85, "car_dcc": 3.85, "car_lcAssertive": 54.76, "car_lcCooperative": 0.48, "car_lcLookaheadLeft": 73.48, "car_lcPushy": 0.26, "car_lcSublane": 0.13, "car_max_v": 25.53, "car_tau_mean": 0.99, "car_tau_std": 1.6}, "datetime": {"datetime": "2024-08-04 13:27:22", "elapsed": 6716.848694, "delta": 4.559141}}
{"target": -0.04565677659197998, "params": {"bus_acc": 1.21, "bus_dcc": 1.57, "bus_lcAssertive": 8.43, "bus_lcCooperative": 0.06, "bus_lcLookaheadLeft": 17.5, "bus_lcPushy": 0.26, "bus_lcSublane": 0.73, "bus_max_v": 10.72, "bus_tau_mean": 3.04, "bus_tau_std": 0.5, "car_acc": 1.29, "car_dcc": 1.5, "car_lcAssertive": 18.52, "car_lcCooperative": 0.9, "car_lcLookaheadLeft": 14.87, "car_lcPushy": 0.6, "car_lcSublane": 0.95, "car_max_v": 28.24, "car_tau_mean": 3.57, "car_tau_std": 4.31}, "datetime": {"datetime": "2024-08-04 13:27:50", "elapsed": 6744.401314, "delta": 27.55262}}
{"target": -0.04753624884736812, "params": {"bus_acc": 1.17, "bus_dcc": 3.01, "bus_lcAssertive": 32.59, "bus_lcCooperative": 0.41, "bus_lcLookaheadLeft": 93.58, "bus_lcPushy": 0.9, "bus_lcSublane": 0.29, "bus_max_v": 12.9, "bus_tau_mean": 0.87, "bus_tau_std": 4.52, "car_acc": 1.23, "car_dcc": 1.28, "car_lcAssertive": 23.81, "car_lcCooperative": 0.47, "car_lcLookaheadLeft": 32.04, "car_lcPushy": 0.55, "car_lcSublane": 0.1, "car_max_v": 24.68, "car_tau_mean": 1.81, "car_tau_std": 7.1}, "datetime": {"datetime": "2024-08-04 13:27:54", "elapsed": 6748.589409, "delta": 4.188095}}
{"target": -0.040358735281001236, "params": {"bus_acc": 1.07, "bus_dcc": 3.78, "bus_lcAssertive": 55.33, "bus_lcCooperative": 0.54, "bus_lcLookaheadLeft": 41.48, "bus_lcPushy": 0.81, "bus_lcSublane": 0.78, "bus_max_v": 26.22, "bus_tau_mean": 2.4, "bus_tau_std": 1.83, "car_acc": 1.08, "car_dcc": 3.37, "car_lcAssertive": 34.72, "car_lcCooperative": 0.07, "car_lcLookaheadLeft": 69.33, "car_lcPushy": 0.85, "car_lcSublane": 0.05, "car_max_v": 17.51, "car_tau_mean": 1.4, "car_tau_std": 3.07}, "datetime": {"datetime": "2024-08-04 13:27:59", "elapsed": 6753.396502, "delta": 4.807093}}
{"target": -0.05109567276367454, "params": {"bus_acc": 1.3, "bus_dcc": 3.72, "bus_lcAssertive": 82.92, "bus_lcCooperative": 0.82, "bus_lcLookaheadLeft": 34.17, "bus_lcPushy": 0.26, "bus_lcSublane": 0.2, "bus_max_v": 22.84, "bus_tau_mean": 1.77, "bus_tau_std": 6.72, "car_acc": 1.58, "car_dcc": 2.06, "car_lcAssertive": 4.36, "car_lcCooperative": 0.14, "car_lcLookaheadLeft": 7.17, "car_lcPushy": 0.51, "car_lcSublane": 0.63, "car_max_v": 20.09, "car_tau_mean": 2.77, "car_tau_std": 8.13}, "datetime": {"datetime": "2024-08-04 13:28:04", "elapsed": 6758.209945, "delta": 4.813443}}
{"target": -0.05429437824590849, "params": {"bus_acc": 1.53, "bus_dcc": 2.84, "bus_lcAssertive": 30.07, "bus_lcCooperative": 0.05, "bus_lcLookaheadLeft": 90.27, "bus_lcPushy": 0.3, "bus_lcSublane": 0.24, "bus_max_v": 14.26, "bus_tau_mean": 2.18, "bus_tau_std": 3.14, "car_acc": 2.94, "car_dcc": 2.16, "car_lcAssertive": 60.32, "car_lcCooperative": 0.5, "car_lcLookaheadLeft": 2.77, "car_lcPushy": 0.95, "car_lcSublane": 0.86, "car_max_v": 27.48, "car_tau_mean": 3.8, "car_tau_std": 0.18}, "datetime": {"datetime": "2024-08-04 13:28:09", "elapsed": 6763.875531, "delta": 5.665586}}
{"target": -0.04188898361256723, "params": {"bus_acc": 2.46, "bus_dcc": 1.71, "bus_lcAssertive": 17.48, "bus_lcCooperative": 0.51, "bus_lcLookaheadLeft": 55.71, "bus_lcPushy": 0.5, "bus_lcSublane": 0.19, "bus_max_v": 16.47, "bus_tau_mean": 1.92, "bus_tau_std": 9.87, "car_acc": 1.19, "car_dcc": 2.99, "car_lcAssertive": 26.53, "car_lcCooperative": 0.57, "car_lcLookaheadLeft": 95.35, "car_lcPushy": 0.12, "car_lcSublane": 0.53, "car_max_v": 13.21, "car_tau_mean": 2.05, "car_tau_std": 1.23}, "datetime": {"datetime": "2024-08-04 13:28:15", "elapsed": 6769.507512, "delta": 5.631981}}
{"target": -0.04858514931923926, "params": {"bus_acc": 1.72, "bus_dcc": 3.44, "bus_lcAssertive": 26.08, "bus_lcCooperative": 0.04, "bus_lcLookaheadLeft": 81.94, "bus_lcPushy": 0.78, "bus_lcSublane": 0.02, "bus_max_v": 18.4, "bus_tau_mean": 3.62, "bus_tau_std": 3.32, "car_acc": 1.8, "car_dcc": 2.54, "car_lcAssertive": 2.61, "car_lcCooperative": 0.07, "car_lcLookaheadLeft": 83.71, "car_lcPushy": 0.42, "car_lcSublane": 0.68, "car_max_v": 16.1, "car_tau_mean": 3.67, "car_tau_std": 2.88}, "datetime": {"datetime": "2024-08-04 13:28:20", "elapsed": 6774.184946, "delta": 4.677434}}
{"target": -0.05333283462905456, "params": {"bus_acc": 2.07, "bus_dcc": 3.35, "bus_lcAssertive": 60.69, "bus_lcCooperative": 0.32, "bus_lcLookaheadLeft": 55.39, "bus_lcPushy": 0.68, "bus_lcSublane": 0.08, "bus_max_v": 11.91, "bus_tau_mean": 2.51, "bus_tau_std": 5.26, "car_acc": 2.31, "car_dcc": 1.16, "car_lcAssertive": 58.19, "car_lcCooperative": 0.65, "car_lcLookaheadLeft": 80.82, "car_lcPushy": 0.76, "car_lcSublane": 0.92, "car_max_v": 19.58, "car_tau_mean": 0.5, "car_tau_std": 7.92}, "datetime": {"datetime": "2024-08-04 13:28:30", "elapsed": 6784.807384, "delta": 10.622438}}
{"target": -0.05395697323011427, "params": {"bus_acc": 1.71, "bus_dcc": 3.59, "bus_lcAssertive": 30.48, "bus_lcCooperative": 0.12, "bus_lcLookaheadLeft": 32.76, "bus_lcPushy": 0.73, "bus_lcSublane": 0.04, "bus_max_v": 18.56, "bus_tau_mean": 3.76, "bus_tau_std": 3.0, "car_acc": 1.96, "car_dcc": 2.99, "car_lcAssertive": 31.96, "car_lcCooperative": 0.69, "car_lcLookaheadLeft": 68.53, "car_lcPushy": 0.53, "car_lcSublane": 0.22, "car_max_v": 21.51, "car_tau_mean": 3.83, "car_tau_std": 8.29}, "datetime": {"datetime": "2024-08-04 13:28:41", "elapsed": 6795.210473, "delta": 10.403089}}
{"target": -0.051152199996150984, "params": {"bus_acc": 2.48, "bus_dcc": 3.0, "bus_lcAssertive": 59.62, "bus_lcCooperative": 0.72, "bus_lcLookaheadLeft": 95.93, "bus_lcPushy": 0.37, "bus_lcSublane": 0.6, "bus_max_v": 26.16, "bus_tau_mean": 2.39, "bus_tau_std": 6.95, "car_acc": 2.97, "car_dcc": 2.76, "car_lcAssertive": 49.72, "car_lcCooperative": 0.79, "car_lcLookaheadLeft": 89.68, "car_lcPushy": 0.13, "car_lcSublane": 0.61, "car_max_v": 13.53, "car_tau_mean": 3.59, "car_tau_std": 9.79}, "datetime": {"datetime": "2024-08-04 13:28:45", "elapsed": 6799.945695, "delta": 4.735222}}
{"target": -0.04380187095293867, "params": {"bus_acc": 1.12, "bus_dcc": 1.49, "bus_lcAssertive": 86.63, "bus_lcCooperative": 0.37, "bus_lcLookaheadLeft": 74.3, "bus_lcPushy": 0.72, "bus_lcSublane": 0.58, "bus_max_v": 9.94, "bus_tau_mean": 1.43, "bus_tau_std": 9.84, "car_acc": 2.57, "car_dcc": 3.67, "car_lcAssertive": 18.35, "car_lcCooperative": 0.81, "car_lcLookaheadLeft": 48.13, "car_lcPushy": 0.73, "car_lcSublane": 0.87, "car_max_v": 8.2, "car_tau_mean": 2.95, "car_tau_std": 1.04}, "datetime": {"datetime": "2024-08-04 13:28:52", "elapsed": 6806.534885, "delta": 6.58919}}
