{"target": 56.32902476691657, "params": {"bus_acc": 1.2877753385863486, "bus_dcc": 1.390085716354833, "bus_lcCooperative": 0.019366957870297075, "bus_lcPushy": 0.678835532939891, "bus_lcSublane": 0.21162811600005904, "bus_max_v": 9.858826615605583, "bus_tau_mean": 1.9831463185606766, "bus_tau_std": 0.8004381767562058, "car_acc": 2.1482352109840264, "car_dcc": 1.5869142996232406, "car_lcCooperative": 0.5893055369032842, "car_lcPushy": 0.6997583600209312, "car_lcSublane": 0.10233442882782584, "car_max_v": 10.898391914736978, "car_tau_mean": 2.38880031545549, "car_tau_std": 6.2126890429035395}, "datetime": {"datetime": "2024-07-31 12:18:48", "elapsed": 0.0, "delta": 0.0}}
{"target": 56.15758185223325, "params": {"bus_acc": 1.903379520562254, "bus_dcc": 2.7210384600168576, "bus_lcCooperative": 0.00287032703115897, "bus_lcPushy": 0.6171449136207239, "bus_lcSublane": 0.32664490177209615, "bus_max_v": 11.689406715803266, "bus_tau_mean": 2.771884198621549, "bus_tau_std": 5.359046400037497, "car_acc": 2.8170703018395984, "car_dcc": 3.493440463167211, "car_lcCooperative": 0.015821242846556283, "car_lcPushy": 0.9294372337437613, "car_lcSublane": 0.690896917516924, "car_max_v": 14.981259953160365, "car_tau_mean": 1.344681016690657, "car_tau_std": 2.0570362444331662}, "datetime": {"datetime": "2024-07-31 12:18:48", "elapsed": 0.10049, "delta": 0.10049}}
{"target": 56.08435813193597, "params": {"bus_acc": 1.417304802367127, "bus_dcc": 2.676069485337255, "bus_lcCooperative": 0.14038693859523377, "bus_lcPushy": 0.1981014890848788, "bus_lcSublane": 0.8007445686755367, "bus_max_v": 14.777831030035783, "bus_tau_mean": 1.6268483563184857, "bus_tau_std": 10.384839235039712, "car_acc": 2.7527783045920766, "car_dcc": 4.57842665401539, "car_lcCooperative": 0.08504421136977791, "car_lcPushy": 0.03905478323288236, "car_lcSublane": 0.1698304195645689, "car_max_v": 14.146997524005892, "car_tau_mean": 1.1966936676661002, "car_tau_std": 6.316614375075782}, "datetime": {"datetime": "2024-07-31 12:18:50", "elapsed": 1.835166, "delta": 1.734676}}
{"target": 56.86611328258974, "params": {"bus_acc": 1.957889530150502, "bus_dcc": 2.599495854919051, "bus_lcCooperative": 0.6918771139504734, "bus_lcPushy": 0.31551563100606295, "bus_lcSublane": 0.6865009276815837, "bus_max_v": 13.84237970328161, "bus_tau_mean": 1.0365765546883836, "bus_tau_std": 11.252164724174513, "car_acc": 2.977722177812989, "car_dcc": 3.9926626175193576, "car_lcCooperative": 0.2804439920644052, "car_lcPushy": 0.7892793284514885, "car_lcSublane": 0.10322600657764203, "car_max_v": 11.135254683231336, "car_tau_mean": 2.8171910061861913, "car_tau_std": 4.4042122256051925}, "datetime": {"datetime": "2024-07-31 12:19:14", "elapsed": 25.969546, "delta": 24.13438}}
{"target": 56.90904167731834, "params": {"bus_acc": 1.0445518785447616, "bus_dcc": 1.3224823873182787, "bus_lcCooperative": 0.2257093386078547, "bus_lcPushy": 0.7129889803826767, "bus_lcSublane": 0.5597169820541424, "bus_max_v": 8.08789186111381, "bus_tau_mean": 1.1439485593789736, "bus_tau_std": 14.50914495000408, "car_acc": 2.1362009238398842, "car_dcc": 1.813172938643962, "car_lcCooperative": 0.2523257445703234, "car_lcPushy": 0.7438258540750929, "car_lcSublane": 0.1954294811093188, "car_max_v": 12.069512490912803, "car_tau_mean": 2.9400399781766247, "car_tau_std": 12.702432022350528}, "datetime": {"datetime": "2024-07-31 12:19:20", "elapsed": 32.05949, "delta": 6.089944}}
{"target": 56.861319190043126, "params": {"bus_acc": 1.8833060912058097, "bus_dcc": 2.8710166211668264, "bus_lcCooperative": 0.7509424340273372, "bus_lcPushy": 0.34889834197784253, "bus_lcSublane": 0.2699278917650261, "bus_max_v": 14.271203527372467, "bus_tau_mean": 1.8561823797425898, "bus_tau_std": 14.472600707225784, "car_acc": 2.326882995636896, "car_dcc": 3.486782880836487, "car_lcCooperative": 0.11474597295337519, "car_lcPushy": 0.9494892587070712, "car_lcSublane": 0.4499121334799405, "car_max_v": 12.048727300709922, "car_tau_mean": 1.8162736055225623, "car_tau_std": 3.5554047036454155}, "datetime": {"datetime": "2024-07-31 12:19:49", "elapsed": 60.812691, "delta": 28.753201}}
{"target": 58.24854177543818, "params": {"bus_acc": 1.9325954630371636, "bus_dcc": 3.0904544844697006, "bus_lcCooperative": 0.06600017272206249, "bus_lcPushy": 0.7554630526024664, "bus_lcSublane": 0.7538761884612464, "bus_max_v": 14.461171748825382, "bus_tau_mean": 2.4230495172569437, "bus_tau_std": 1.8640644295824704, "car_acc": 1.0397602676795912, "car_dcc": 1.1048439475108771, "car_lcCooperative": 0.028306488020794607, "car_lcPushy": 0.2462110676030459, "car_lcSublane": 0.860027948682888, "car_max_v": 11.77181745039157, "car_tau_mean": 2.105643957371532, "car_tau_std": 12.630463385394085}, "datetime": {"datetime": "2024-07-31 12:20:12", "elapsed": 83.69571, "delta": 22.883019}}
{"target": 57.72642134722593, "params": {"bus_acc": 1.2398477591475863, "bus_dcc": 2.48130914280619, "bus_lcCooperative": 0.6199557183813798, "bus_lcPushy": 0.8289808995501787, "bus_lcSublane": 0.15679139464608427, "bus_max_v": 8.130033415241867, "bus_tau_mean": 1.1400442874384447, "bus_tau_std": 7.295176664055477, "car_acc": 2.2126589233066607, "car_dcc": 3.2754057483459253, "car_lcCooperative": 0.31736240932216075, "car_lcPushy": 0.9886161544124489, "car_lcSublane": 0.5797452192457969, "car_max_v": 10.660988208364852, "car_tau_mean": 2.1018964382357934, "car_tau_std": 11.180016463597532}, "datetime": {"datetime": "2024-07-31 12:20:13", "elapsed": 85.196376, "delta": 1.500666}}
{"target": 57.32757857359465, "params": {"bus_acc": 1.4170220047025741, "bus_dcc": 3.1609734803264744, "bus_lcCooperative": 0.00011437481734488664, "bus_lcPushy": 0.30233257263183977, "bus_lcSublane": 0.14675589081711304, "bus_max_v": 8.646370163381585, "bus_tau_mean": 1.3725204227553418, "bus_tau_std": 5.183410905645716, "car_acc": 1.7935349484613399, "car_dcc": 3.155266936013428, "car_lcCooperative": 0.4191945144032948, "car_lcPushy": 0.6852195003967595, "car_lcSublane": 0.20445224973151743, "car_max_v": 14.146822054736617, "car_tau_mean": 1.0547751863958523, "car_tau_std": 10.057012652676033}, "datetime": {"datetime": "2024-07-31 12:20:20", "elapsed": 92.467212, "delta": 7.270836}}
{"target": 57.77430278991923, "params": {"bus_acc": 1.1241733151199111, "bus_dcc": 1.8375510370334185, "bus_lcCooperative": 0.5857592714582879, "bus_lcPushy": 0.9695957483196745, "bus_lcSublane": 0.56103021925571, "bus_max_v": 8.130531025610601, "bus_tau_mean": 2.6012653453612327, "bus_tau_std": 3.4946141076153063, "car_acc": 2.6142103912375583, "car_dcc": 2.551442576256687, "car_lcCooperative": 0.8635418545594287, "car_lcPushy": 0.7471216427371846, "car_lcSublane": 0.5562402339904189, "car_max_v": 8.955186579624796, "car_tau_mean": 1.1198353790244233, "car_tau_std": 1.8201518361110602}, "datetime": {"datetime": "2024-07-31 12:20:34", "elapsed": 105.72559, "delta": 13.258378}}
{"target": 57.73676776511651, "params": {"bus_acc": 1.0499534589460873, "bus_dcc": 2.6076892177465347, "bus_lcCooperative": 0.6637946452197888, "bus_lcPushy": 0.5148891120583086, "bus_lcSublane": 0.9445947559908133, "bus_max_v": 12.10588528351395, "bus_tau_mean": 2.8068038305757668, "bus_tau_std": 2.062120562193563, "car_acc": 1.278552694501517, "car_dcc": 4.229565154838095, "car_lcCooperative": 0.3976768369855336, "car_lcPushy": 0.16535419711693278, "car_lcSublane": 0.9275085803960339, "car_max_v": 10.434361018218546, "car_tau_mean": 2.501624206272311, "car_tau_std": 10.889969780256772}, "datetime": {"datetime": "2024-07-31 12:20:49", "elapsed": 121.389641, "delta": 15.664051}}
{"target": 56.83697141161763, "params": {"bus_acc": 1.6692328934531846, "bus_dcc": 1.7947586729884282, "bus_lcCooperative": 0.06633483442844157, "bus_lcPushy": 0.3700841979141063, "bus_lcSublane": 0.6297175070215645, "bus_max_v": 9.471218069403877, "bus_tau_mean": 2.505511107477628, "bus_tau_std": 0.9980472203117241, "car_acc": 1.520630197157082, "car_dcc": 4.219018254973381, "car_lcCooperative": 0.19343428262332774, "car_lcPushy": 0.6394608808799401, "car_lcSublane": 0.5246703091237337, "car_max_v": 14.473655792795455, "car_tau_mean": 1.526593540974222, "car_tau_std": 0.9894163602603567}, "datetime": {"datetime": "2024-07-31 12:20:59", "elapsed": 130.72596, "delta": 9.336319}}
{"target": 56.47922095774624, "params": {"bus_acc": 1.18, "bus_dcc": 2.38, "bus_lcCooperative": 0.6, "bus_lcPushy": 0.21, "bus_lcSublane": 0.09, "bus_max_v": 12.5, "bus_tau_mean": 1.3, "bus_tau_std": 8.85, "car_acc": 2.14, "car_dcc": 1.14, "car_lcCooperative": 0.03, "car_lcPushy": 0.01, "car_lcSublane": 0.26, "car_max_v": 12.99, "car_tau_mean": 2.04, "car_tau_std": 14.85}, "datetime": {"datetime": "2024-07-31 12:26:45", "elapsed": 477.102088, "delta": 346.376128}}
{"target": 58.485635292373004, "params": {"bus_acc": 1.13, "bus_dcc": 1.78, "bus_lcCooperative": 0.0, "bus_lcPushy": 0.77, "bus_lcSublane": 0.09, "bus_max_v": 10.06, "bus_tau_mean": 2.23, "bus_tau_std": 0.09, "car_acc": 1.72, "car_dcc": 1.2, "car_lcCooperative": 0.69, "car_lcPushy": 0.53, "car_lcSublane": 0.06, "car_max_v": 8.28, "car_tau_mean": 2.69, "car_tau_std": 8.03}, "datetime": {"datetime": "2024-07-31 12:28:09", "elapsed": 561.24927, "delta": 84.147182}}
{"target": 56.765744256116776, "params": {"bus_acc": 1.01, "bus_dcc": 1.63, "bus_lcCooperative": 0.94, "bus_lcPushy": 0.82, "bus_lcSublane": 0.64, "bus_max_v": 12.1, "bus_tau_mean": 2.23, "bus_tau_std": 12.06, "car_acc": 2.86, "car_dcc": 3.56, "car_lcCooperative": 0.12, "car_lcPushy": 0.78, "car_lcSublane": 0.25, "car_max_v": 13.7, "car_tau_mean": 1.67, "car_tau_std": 0.61}, "datetime": {"datetime": "2024-07-31 12:28:50", "elapsed": 602.404059, "delta": 41.154789}}
{"target": 57.21225595210397, "params": {"bus_acc": 2.0, "bus_dcc": 2.72, "bus_lcCooperative": 0.92, "bus_lcPushy": 0.38, "bus_lcSublane": 0.44, "bus_max_v": 13.71, "bus_tau_mean": 1.23, "bus_tau_std": 13.23, "car_acc": 2.74, "car_dcc": 3.53, "car_lcCooperative": 0.26, "car_lcPushy": 1.0, "car_lcSublane": 0.26, "car_max_v": 10.49, "car_tau_mean": 2.92, "car_tau_std": 3.27}, "datetime": {"datetime": "2024-07-31 12:28:57", "elapsed": 609.305557, "delta": 6.901498}}
{"target": 57.701658541490545, "params": {"bus_acc": 1.58, "bus_dcc": 1.56, "bus_lcCooperative": 0.19, "bus_lcPushy": 0.95, "bus_lcSublane": 0.85, "bus_max_v": 9.01, "bus_tau_mean": 2.1, "bus_tau_std": 10.59, "car_acc": 1.14, "car_dcc": 3.12, "car_lcCooperative": 0.73, "car_lcPushy": 0.4, "car_lcSublane": 0.01, "car_max_v": 14.36, "car_tau_mean": 1.79, "car_tau_std": 3.58}, "datetime": {"datetime": "2024-07-31 12:29:20", "elapsed": 631.941239, "delta": 22.635682}}
{"target": 57.91929001955841, "params": {"bus_acc": 1.43, "bus_dcc": 1.95, "bus_lcCooperative": 0.76, "bus_lcPushy": 0.02, "bus_lcSublane": 0.69, "bus_max_v": 14.5, "bus_tau_mean": 2.3, "bus_tau_std": 14.0, "car_acc": 1.4, "car_dcc": 2.27, "car_lcCooperative": 0.35, "car_lcPushy": 0.23, "car_lcSublane": 0.24, "car_max_v": 11.23, "car_tau_mean": 1.77, "car_tau_std": 8.52}, "datetime": {"datetime": "2024-07-31 12:29:35", "elapsed": 647.525518, "delta": 15.584279}}
{"target": 57.792273725605526, "params": {"bus_acc": 1.7, "bus_dcc": 3.05, "bus_lcCooperative": 0.39, "bus_lcPushy": 0.86, "bus_lcSublane": 0.55, "bus_max_v": 12.02, "bus_tau_mean": 1.87, "bus_tau_std": 4.48, "car_acc": 1.39, "car_dcc": 1.97, "car_lcCooperative": 0.08, "car_lcPushy": 0.56, "car_lcSublane": 0.9, "car_max_v": 11.01, "car_tau_mean": 2.15, "car_tau_std": 13.32}, "datetime": {"datetime": "2024-07-31 12:30:09", "elapsed": 680.692247, "delta": 33.166729}}
{"target": 58.66256716225975, "params": {"bus_acc": 2.0, "bus_dcc": 4.0, "bus_lcCooperative": 1.0, "bus_lcPushy": 1.0, "bus_lcSublane": 1.0, "bus_max_v": 12.39, "bus_tau_mean": 1.0, "bus_tau_std": 4.66, "car_acc": 1.0, "car_dcc": 1.0, "car_lcCooperative": 0.0, "car_lcPushy": 1.0, "car_lcSublane": 1.0, "car_max_v": 8.16, "car_tau_mean": 1.0, "car_tau_std": 15.0}, "datetime": {"datetime": "2024-07-31 12:30:51", "elapsed": 722.887309, "delta": 42.195062}}
{"target": 58.85340812073634, "params": {"bus_acc": 2.0, "bus_dcc": 4.0, "bus_lcCooperative": 0.87, "bus_lcPushy": 1.0, "bus_lcSublane": 0.65, "bus_max_v": 12.06, "bus_tau_mean": 1.68, "bus_tau_std": 4.74, "car_acc": 1.0, "car_dcc": 1.54, "car_lcCooperative": 0.0, "car_lcPushy": 0.71, "car_lcSublane": 1.0, "car_max_v": 9.73, "car_tau_mean": 1.86, "car_tau_std": 15.0}, "datetime": {"datetime": "2024-07-31 12:31:06", "elapsed": 738.468959, "delta": 15.58165}}
{"target": 58.4345561750584, "params": {"bus_acc": 2.0, "bus_dcc": 4.0, "bus_lcCooperative": 0.79, "bus_lcPushy": 1.0, "bus_lcSublane": 0.59, "bus_max_v": 11.92, "bus_tau_mean": 1.62, "bus_tau_std": 4.82, "car_acc": 1.0, "car_dcc": 1.52, "car_lcCooperative": 0.0, "car_lcPushy": 0.75, "car_lcSublane": 1.0, "car_max_v": 9.67, "car_tau_mean": 2.4, "car_tau_std": 15.0}, "datetime": {"datetime": "2024-07-31 12:31:11", "elapsed": 743.070743, "delta": 4.601784}}
{"target": 59.12170181274532, "params": {"bus_acc": 2.0, "bus_dcc": 4.0, "bus_lcCooperative": 0.84, "bus_lcPushy": 1.0, "bus_lcSublane": 0.62, "bus_max_v": 12.06, "bus_tau_mean": 1.67, "bus_tau_std": 4.75, "car_acc": 1.0, "car_dcc": 1.56, "car_lcCooperative": 0.0, "car_lcPushy": 0.72, "car_lcSublane": 1.0, "car_max_v": 9.76, "car_tau_mean": 1.93, "car_tau_std": 15.0}, "datetime": {"datetime": "2024-07-31 12:31:24", "elapsed": 755.924259, "delta": 12.853516}}
{"target": 56.08113857970994, "params": {"bus_acc": 1.92, "bus_dcc": 1.53, "bus_lcCooperative": 0.56, "bus_lcPushy": 0.6, "bus_lcSublane": 1.0, "bus_max_v": 11.45, "bus_tau_mean": 1.02, "bus_tau_std": 10.61, "car_acc": 2.97, "car_dcc": 4.03, "car_lcCooperative": 0.82, "car_lcPushy": 0.68, "car_lcSublane": 0.75, "car_max_v": 12.07, "car_tau_mean": 2.2, "car_tau_std": 5.37}, "datetime": {"datetime": "2024-07-31 12:35:42", "elapsed": 1014.522028, "delta": 258.597769}}
{"target": 57.3055145386179, "params": {"bus_acc": 1.16, "bus_dcc": 3.13, "bus_lcCooperative": 0.75, "bus_lcPushy": 0.47, "bus_lcSublane": 0.25, "bus_max_v": 10.67, "bus_tau_mean": 2.19, "bus_tau_std": 3.2, "car_acc": 1.28, "car_dcc": 2.52, "car_lcCooperative": 0.88, "car_lcPushy": 0.44, "car_lcSublane": 0.67, "car_max_v": 14.81, "car_tau_mean": 1.02, "car_tau_std": 4.67}, "datetime": {"datetime": "2024-07-31 12:38:07", "elapsed": 1158.658161, "delta": 144.136133}}
{"target": 57.563240719063735, "params": {"bus_acc": 1.26, "bus_dcc": 1.86, "bus_lcCooperative": 0.32, "bus_lcPushy": 0.58, "bus_lcSublane": 0.63, "bus_max_v": 9.38, "bus_tau_mean": 2.39, "bus_tau_std": 4.82, "car_acc": 2.19, "car_dcc": 2.42, "car_lcCooperative": 0.08, "car_lcPushy": 0.64, "car_lcSublane": 0.14, "car_max_v": 10.98, "car_tau_mean": 1.82, "car_tau_std": 2.34}, "datetime": {"datetime": "2024-07-31 12:38:16", "elapsed": 1167.57971, "delta": 8.921549}}
{"target": 56.73541352486075, "params": {"bus_acc": 1.31, "bus_dcc": 3.99, "bus_lcCooperative": 0.73, "bus_lcPushy": 0.74, "bus_lcSublane": 0.98, "bus_max_v": 8.47, "bus_tau_mean": 2.8, "bus_tau_std": 10.7, "car_acc": 1.77, "car_dcc": 4.09, "car_lcCooperative": 0.63, "car_lcPushy": 0.75, "car_lcSublane": 0.41, "car_max_v": 13.53, "car_tau_mean": 1.71, "car_tau_std": 3.94}, "datetime": {"datetime": "2024-07-31 12:38:20", "elapsed": 1172.460336, "delta": 4.880626}}
{"target": 57.434563780487345, "params": {"bus_acc": 1.95, "bus_dcc": 3.2, "bus_lcCooperative": 0.8, "bus_lcPushy": 0.54, "bus_lcSublane": 0.99, "bus_max_v": 14.39, "bus_tau_mean": 2.77, "bus_tau_std": 1.29, "car_acc": 2.89, "car_dcc": 3.86, "car_lcCooperative": 0.55, "car_lcPushy": 0.2, "car_lcSublane": 0.48, "car_max_v": 9.62, "car_tau_mean": 2.11, "car_tau_std": 8.6}, "datetime": {"datetime": "2024-07-31 12:38:56", "elapsed": 1208.116571, "delta": 35.656235}}
{"target": 58.11477462614588, "params": {"bus_acc": 1.11, "bus_dcc": 2.89, "bus_lcCooperative": 0.86, "bus_lcPushy": 0.63, "bus_lcSublane": 0.73, "bus_max_v": 12.08, "bus_tau_mean": 2.44, "bus_tau_std": 8.28, "car_acc": 1.16, "car_dcc": 3.12, "car_lcCooperative": 0.29, "car_lcPushy": 0.32, "car_lcSublane": 0.71, "car_max_v": 9.76, "car_tau_mean": 2.94, "car_tau_std": 10.98}, "datetime": {"datetime": "2024-07-31 12:39:12", "elapsed": 1224.186391, "delta": 16.06982}}
{"target": 57.213454250899055, "params": {"bus_acc": 1.38, "bus_dcc": 3.16, "bus_lcCooperative": 0.34, "bus_lcPushy": 0.76, "bus_lcSublane": 0.3, "bus_max_v": 9.51, "bus_tau_mean": 2.34, "bus_tau_std": 1.55, "car_acc": 2.94, "car_dcc": 2.71, "car_lcCooperative": 0.37, "car_lcPushy": 0.35, "car_lcSublane": 0.34, "car_max_v": 9.8, "car_tau_mean": 2.95, "car_tau_std": 4.58}, "datetime": {"datetime": "2024-07-31 12:39:52", "elapsed": 1264.34993, "delta": 40.163539}}
{"target": 58.515403097489084, "params": {"bus_acc": 1.87, "bus_dcc": 3.87, "bus_lcCooperative": 0.89, "bus_lcPushy": 0.89, "bus_lcSublane": 0.89, "bus_max_v": 12.52, "bus_tau_mean": 1.11, "bus_tau_std": 4.79, "car_acc": 1.11, "car_dcc": 1.11, "car_lcCooperative": 0.11, "car_lcPushy": 0.89, "car_lcSublane": 0.89, "car_max_v": 8.27, "car_tau_mean": 1.11, "car_tau_std": 14.87}, "datetime": {"datetime": "2024-07-31 12:41:03", "elapsed": 1334.906219, "delta": 70.556289}}
{"target": 58.74589273880094, "params": {"bus_acc": 2.0, "bus_dcc": 4.0, "bus_lcCooperative": 1.0, "bus_lcPushy": 1.0, "bus_lcSublane": 0.36, "bus_max_v": 12.28, "bus_tau_mean": 2.64, "bus_tau_std": 1.45, "car_acc": 1.0, "car_dcc": 1.0, "car_lcCooperative": 0.11, "car_lcPushy": 0.5, "car_lcSublane": 0.84, "car_max_v": 8.36, "car_tau_mean": 2.58, "car_tau_std": 15.0}, "datetime": {"datetime": "2024-07-31 12:41:32", "elapsed": 1363.795618, "delta": 28.889399}}
{"target": 58.50562494352817, "params": {"bus_acc": 2.0, "bus_dcc": 4.0, "bus_lcCooperative": 1.0, "bus_lcPushy": 1.0, "bus_lcSublane": 1.0, "bus_max_v": 13.6, "bus_tau_mean": 2.94, "bus_tau_std": 2.67, "car_acc": 1.0, "car_dcc": 1.49, "car_lcCooperative": 0.0, "car_lcPushy": 0.26, "car_lcSublane": 1.0, "car_max_v": 9.27, "car_tau_mean": 1.0, "car_tau_std": 15.0}, "datetime": {"datetime": "2024-07-31 12:41:41", "elapsed": 1373.14528, "delta": 9.349662}}
{"target": 58.70078947815778, "params": {"bus_acc": 1.96, "bus_dcc": 3.87, "bus_lcCooperative": 0.6, "bus_lcPushy": 0.98, "bus_lcSublane": 0.42, "bus_max_v": 12.19, "bus_tau_mean": 1.65, "bus_tau_std": 4.72, "car_acc": 1.05, "car_dcc": 1.79, "car_lcCooperative": 0.01, "car_lcPushy": 0.75, "car_lcSublane": 0.99, "car_max_v": 10.2, "car_tau_mean": 2.03, "car_tau_std": 14.76}, "datetime": {"datetime": "2024-07-31 12:45:17", "elapsed": 1588.669217, "delta": 215.523937}}
{"target": 58.145748688683085, "params": {"bus_acc": 1.02, "bus_dcc": 3.75, "bus_lcCooperative": 0.1, "bus_lcPushy": 0.59, "bus_lcSublane": 0.01, "bus_max_v": 9.24, "bus_tau_mean": 2.69, "bus_tau_std": 11.99, "car_acc": 1.9, "car_dcc": 3.86, "car_lcCooperative": 0.21, "car_lcPushy": 0.56, "car_lcSublane": 0.58, "car_max_v": 9.38, "car_tau_mean": 1.45, "car_tau_std": 10.62}, "datetime": {"datetime": "2024-07-31 12:47:54", "elapsed": 1745.895972, "delta": 157.226755}}
{"target": 58.83902171476397, "params": {"bus_acc": 1.95, "bus_dcc": 3.85, "bus_lcCooperative": 0.62, "bus_lcPushy": 0.98, "bus_lcSublane": 0.44, "bus_max_v": 12.17, "bus_tau_mean": 1.65, "bus_tau_std": 4.72, "car_acc": 1.06, "car_dcc": 1.77, "car_lcCooperative": 0.01, "car_lcPushy": 0.75, "car_lcSublane": 0.98, "car_max_v": 10.17, "car_tau_mean": 2.03, "car_tau_std": 14.74}, "datetime": {"datetime": "2024-07-31 12:47:56", "elapsed": 1748.193982, "delta": 2.29801}}
{"target": 58.03108458150753, "params": {"bus_acc": 1.63, "bus_dcc": 1.53, "bus_lcCooperative": 0.92, "bus_lcPushy": 0.1, "bus_lcSublane": 0.61, "bus_max_v": 14.62, "bus_tau_mean": 2.72, "bus_tau_std": 10.86, "car_acc": 2.66, "car_dcc": 2.52, "car_lcCooperative": 0.45, "car_lcPushy": 0.2, "car_lcSublane": 0.1, "car_max_v": 9.04, "car_tau_mean": 2.3, "car_tau_std": 14.43}, "datetime": {"datetime": "2024-07-31 12:48:10", "elapsed": 1762.358233, "delta": 14.164251}}
{"target": 57.7443466333097, "params": {"bus_acc": 1.04, "bus_dcc": 2.83, "bus_lcCooperative": 0.69, "bus_lcPushy": 0.84, "bus_lcSublane": 0.54, "bus_max_v": 14.06, "bus_tau_mean": 2.38, "bus_tau_std": 3.2, "car_acc": 2.23, "car_dcc": 1.44, "car_lcCooperative": 0.87, "car_lcPushy": 0.76, "car_lcSublane": 0.14, "car_max_v": 9.58, "car_tau_mean": 2.43, "car_tau_std": 4.53}, "datetime": {"datetime": "2024-07-31 12:48:29", "elapsed": 1781.1608, "delta": 18.802567}}
{"target": 58.582263786840706, "params": {"bus_acc": 1.98, "bus_dcc": 3.98, "bus_lcCooperative": 0.86, "bus_lcPushy": 0.98, "bus_lcSublane": 0.64, "bus_max_v": 12.08, "bus_tau_mean": 1.69, "bus_tau_std": 4.77, "car_acc": 1.02, "car_dcc": 1.58, "car_lcCooperative": 0.02, "car_lcPushy": 0.74, "car_lcSublane": 0.98, "car_max_v": 9.78, "car_tau_mean": 1.95, "car_tau_std": 14.98}, "datetime": {"datetime": "2024-07-31 12:48:30", "elapsed": 1782.139246, "delta": 0.978446}}
{"target": 58.03995803890035, "params": {"bus_acc": 1.85, "bus_dcc": 1.81, "bus_lcCooperative": 0.84, "bus_lcPushy": 0.63, "bus_lcSublane": 0.98, "bus_max_v": 10.98, "bus_tau_mean": 1.02, "bus_tau_std": 8.23, "car_acc": 2.23, "car_dcc": 4.96, "car_lcCooperative": 0.06, "car_lcPushy": 0.46, "car_lcSublane": 0.44, "car_max_v": 8.19, "car_tau_mean": 1.22, "car_tau_std": 1.56}, "datetime": {"datetime": "2024-07-31 12:49:27", "elapsed": 1839.129742, "delta": 56.990496}}
{"target": 58.757867760328985, "params": {"bus_acc": 1.98, "bus_dcc": 3.96, "bus_lcCooperative": 0.57, "bus_lcPushy": 0.99, "bus_lcSublane": 0.34, "bus_max_v": 12.27, "bus_tau_mean": 1.61, "bus_tau_std": 4.75, "car_acc": 1.02, "car_dcc": 1.83, "car_lcCooperative": 0.01, "car_lcPushy": 0.79, "car_lcSublane": 0.99, "car_max_v": 10.2, "car_tau_mean": 2.01, "car_tau_std": 14.93}, "datetime": {"datetime": "2024-07-31 12:50:55", "elapsed": 1927.510549, "delta": 88.380807}}
