{"target": -0.362418060738106, "params": {"bus_acc": 1.1612, "bus_dcc": 3.2321, "bus_lcAssertive": 44.9626, "bus_lcCooperative": 0.6615, "bus_lcLookaheadLeft": 99.0931, "bus_lcPushy": 0.2279, "bus_lcSigma": 0.3633, "bus_lcSublane": 0.5557, "bus_sigma": 0.393, "bus_tau_mean": 2.1405, "bus_tau_std": 2.8667, "bus_v_mean": 17.4065, "bus_v_std": 8.1957, "car_acc": 2.8873, "car_dcc": 2.4944, "car_lcAssertive": 70.4536, "car_lcCooperative": 0.808, "car_lcLookaheadLeft": 30.9661, "car_lcPushy": 0.2879, "car_lcSigma": 0.4225, "car_lcSublane": 0.1043, "car_sigma": 0.4932, "car_tau_mean": 3.5455, "car_tau_std": 7.7809, "car_v_mean": 21.2999, "car_v_std": 5.0972}, "datetime": {"datetime": "2024-08-07 11:01:47", "elapsed": 5609.487487, "delta": 10.036977}}
{"target": -0.37031125809106746, "params": {"bus_acc": 1.7502, "bus_dcc": 3.434, "bus_lcAssertive": 8.1626, "bus_lcCooperative": 0.0382, "bus_lcLookaheadLeft": 3.8948, "bus_lcPushy": 0.2075, "bus_lcSigma": 0.4248, "bus_lcSublane": 0.4002, "bus_sigma": 0.1275, "bus_tau_mean": 3.1968, "bus_tau_std": 9.7784, "bus_v_mean": 17.2211, "bus_v_std": 8.271, "car_acc": 1.5708, "car_dcc": 2.9073, "car_lcAssertive": 33.8271, "car_lcCooperative": 0.7434, "car_lcLookaheadLeft": 55.2858, "car_lcPushy": 0.3004, "car_lcSigma": 0.945, "car_lcSublane": 0.6563, "car_sigma": 0.5235, "car_tau_mean": 1.4148, "car_tau_std": 9.7099, "car_v_mean": 17.1979, "car_v_std": 2.5048}, "datetime": {"datetime": "2024-08-07 11:02:16", "elapsed": 5639.012944, "delta": 29.525457}}
{"target": -0.3357632210327013, "params": {"bus_acc": 2.3258, "bus_dcc": 2.3355, "bus_lcAssertive": 99.8884, "bus_lcCooperative": 0.9809, "bus_lcLookaheadLeft": 91.6685, "bus_lcPushy": 0.0195, "bus_lcSigma": 0.9342, "bus_lcSublane": 0.6397, "bus_sigma": 0.9364, "bus_tau_mean": 3.336, "bus_tau_std": 1.6609, "bus_v_mean": 10.6202, "bus_v_std": 0.0023, "car_acc": 1.9027, "car_dcc": 1.9563, "car_lcAssertive": 98.2714, "car_lcCooperative": 0.3676, "car_lcLookaheadLeft": 37.4163, "car_lcPushy": 0.9768, "car_lcSigma": 0.0224, "car_lcSublane": 0.7468, "car_sigma": 0.3866, "car_tau_mean": 2.7267, "car_tau_std": 8.9744, "car_v_mean": 17.3521, "car_v_std": 6.2973}, "datetime": {"datetime": "2024-08-07 11:02:24", "elapsed": 5647.368109, "delta": 8.355165}}
{"target": -0.47030622024622426, "params": {"bus_acc": 1.461, "bus_dcc": 1.3875, "bus_lcAssertive": 19.2053, "bus_lcCooperative": 0.7309, "bus_lcLookaheadLeft": 40.7604, "bus_lcPushy": 0.0751, "bus_lcSigma": 0.9483, "bus_lcSublane": 0.0895, "bus_sigma": 0.3856, "bus_tau_mean": 1.6105, "bus_tau_std": 7.4863, "bus_v_mean": 22.2142, "bus_v_std": 7.0135, "car_acc": 1.2221, "car_dcc": 1.7633, "car_lcAssertive": 5.3548, "car_lcCooperative": 0.2135, "car_lcLookaheadLeft": 68.5124, "car_lcPushy": 0.6806, "car_lcSigma": 0.0888, "car_lcSublane": 0.3634, "car_sigma": 0.5852, "car_tau_mean": 2.7264, "car_tau_std": 8.2304, "car_v_mean": 9.8717, "car_v_std": 4.3585}, "datetime": {"datetime": "2024-08-07 11:03:02", "elapsed": 5685.184706, "delta": 37.816597}}
{"target": -0.31178479725241404, "params": {"bus_acc": 2.2505, "bus_dcc": 1.8093, "bus_lcAssertive": 31.5652, "bus_lcCooperative": 0.5754, "bus_lcLookaheadLeft": 55.3965, "bus_lcPushy": 0.7431, "bus_lcSigma": 0.0964, "bus_lcSublane": 0.7053, "bus_sigma": 0.3487, "bus_tau_mean": 2.5022, "bus_tau_std": 4.9663, "bus_v_mean": 13.491, "bus_v_std": 6.1203, "car_acc": 2.5133, "car_dcc": 1.268, "car_lcAssertive": 69.8543, "car_lcCooperative": 0.178, "car_lcLookaheadLeft": 99.1487, "car_lcPushy": 0.9405, "car_lcSigma": 0.4119, "car_lcSublane": 0.0323, "car_sigma": 0.8952, "car_tau_mean": 1.3775, "car_tau_std": 9.872, "car_v_mean": 13.1799, "car_v_std": 0.1142}, "datetime": {"datetime": "2024-08-07 11:03:31", "elapsed": 5713.507828, "delta": 28.323122}}
{"target": -0.432492231252516, "params": {"bus_acc": 2.5903, "bus_dcc": 1.7127, "bus_lcAssertive": 78.4325, "bus_lcCooperative": 0.0213, "bus_lcLookaheadLeft": 66.6646, "bus_lcPushy": 0.0851, "bus_lcSigma": 0.799, "bus_lcSublane": 0.2276, "bus_sigma": 0.448, "bus_tau_mean": 3.2398, "bus_tau_std": 5.1998, "bus_v_mean": 14.1003, "bus_v_std": 1.2962, "car_acc": 1.3573, "car_dcc": 1.6152, "car_lcAssertive": 12.4072, "car_lcCooperative": 0.3283, "car_lcLookaheadLeft": 66.84, "car_lcPushy": 0.2999, "car_lcSigma": 0.2925, "car_lcSublane": 0.3564, "car_sigma": 0.3934, "car_tau_mean": 1.8315, "car_tau_std": 2.75, "car_v_mean": 8.9709, "car_v_std": 4.2926}, "datetime": {"datetime": "2024-08-07 11:03:33", "elapsed": 5716.292153, "delta": 2.784325}}
{"target": -0.3707476668319772, "params": {"bus_acc": 2.7096, "bus_dcc": 2.9543, "bus_lcAssertive": 16.335, "bus_lcCooperative": 0.636, "bus_lcLookaheadLeft": 32.4774, "bus_lcPushy": 0.8994, "bus_lcSigma": 0.472, "bus_lcSublane": 0.6404, "bus_sigma": 0.7181, "bus_tau_mean": 2.6943, "bus_tau_std": 3.0516, "bus_v_mean": 16.9319, "bus_v_std": 0.1454, "car_acc": 1.5288, "car_dcc": 2.8928, "car_lcAssertive": 58.4386, "car_lcCooperative": 0.3002, "car_lcLookaheadLeft": 6.0256, "car_lcPushy": 0.6049, "car_lcSigma": 0.2292, "car_lcSublane": 0.061, "car_sigma": 0.2079, "car_tau_mean": 0.504, "car_tau_std": 6.1525, "car_v_mean": 23.1119, "car_v_std": 6.271}, "datetime": {"datetime": "2024-08-07 11:03:41", "elapsed": 5723.815066, "delta": 7.522913}}
{"target": -0.31717107134838296, "params": {"bus_acc": 1.6824, "bus_dcc": 1.8908, "bus_lcAssertive": 13.4631, "bus_lcCooperative": 0.643, "bus_lcLookaheadLeft": 98.811, "bus_lcPushy": 0.0134, "bus_lcSigma": 0.3684, "bus_lcSublane": 0.801, "bus_sigma": 0.6077, "bus_tau_mean": 2.5169, "bus_tau_std": 1.1796, "bus_v_mean": 13.0979, "bus_v_std": 3.0144, "car_acc": 1.8046, "car_dcc": 2.5061, "car_lcAssertive": 9.0896, "car_lcCooperative": 0.578, "car_lcLookaheadLeft": 3.5049, "car_lcPushy": 0.0909, "car_lcSigma": 0.7834, "car_lcSublane": 0.0834, "car_sigma": 0.9549, "car_tau_mean": 1.0767, "car_tau_std": 8.3963, "car_v_mean": 16.2402, "car_v_std": 7.7002}, "datetime": {"datetime": "2024-08-07 11:04:16", "elapsed": 5758.881788, "delta": 35.066722}}
{"target": -0.3598236772935227, "params": {"bus_acc": 2.7702, "bus_dcc": 1.6751, "bus_lcAssertive": 45.6279, "bus_lcCooperative": 0.0291, "bus_lcLookaheadLeft": 95.9975, "bus_lcPushy": 0.8087, "bus_lcSigma": 0.8828, "bus_lcSublane": 0.8819, "bus_sigma": 0.9228, "bus_tau_mean": 2.988, "bus_tau_std": 2.4778, "bus_v_mean": 15.0543, "bus_v_std": 3.7668, "car_acc": 2.0065, "car_dcc": 1.5746, "car_lcAssertive": 90.2138, "car_lcCooperative": 0.913, "car_lcLookaheadLeft": 38.3792, "car_lcPushy": 0.8805, "car_lcSigma": 0.3989, "car_lcSublane": 0.9514, "car_sigma": 0.698, "car_tau_mean": 1.8924, "car_tau_std": 5.4657, "car_v_mean": 19.9765, "car_v_std": 1.9257}, "datetime": {"datetime": "2024-08-07 11:04:54", "elapsed": 5796.484405, "delta": 37.602617}}
{"target": -0.3559731246359399, "params": {"bus_acc": 2.5541, "bus_dcc": 1.8364, "bus_lcAssertive": 56.3594, "bus_lcCooperative": 0.3842, "bus_lcLookaheadLeft": 84.7629, "bus_lcPushy": 0.4441, "bus_lcSigma": 0.5964, "bus_lcSublane": 0.7468, "bus_sigma": 0.7331, "bus_tau_mean": 3.3104, "bus_tau_std": 1.4065, "bus_v_mean": 12.0962, "bus_v_std": 5.5571, "car_acc": 1.3865, "car_dcc": 3.587, "car_lcAssertive": 89.5366, "car_lcCooperative": 0.8384, "car_lcLookaheadLeft": 42.9598, "car_lcPushy": 0.6862, "car_lcSigma": 0.5507, "car_lcSublane": 0.4934, "car_sigma": 0.6444, "car_tau_mean": 3.5341, "car_tau_std": 1.0025, "car_v_mean": 12.7907, "car_v_std": 5.008}, "datetime": {"datetime": "2024-08-07 11:05:25", "elapsed": 5828.225714, "delta": 31.741309}}
{"target": -0.3173305387574859, "params": {"bus_acc": 1.9212, "bus_dcc": 3.2538, "bus_lcAssertive": 79.1531, "bus_lcCooperative": 0.2024, "bus_lcLookaheadLeft": 14.446, "bus_lcPushy": 0.6463, "bus_lcSigma": 0.4961, "bus_lcSublane": 0.1934, "bus_sigma": 0.8026, "bus_tau_mean": 0.5427, "bus_tau_std": 2.0247, "bus_v_mean": 14.9977, "bus_v_std": 6.7869, "car_acc": 1.5552, "car_dcc": 1.1909, "car_lcAssertive": 64.1913, "car_lcCooperative": 0.5052, "car_lcLookaheadLeft": 99.8737, "car_lcPushy": 0.1033, "car_lcSigma": 0.1096, "car_lcSublane": 0.2594, "car_sigma": 0.5949, "car_tau_mean": 2.3481, "car_tau_std": 1.3355, "car_v_mean": 13.5091, "car_v_std": 5.0639}, "datetime": {"datetime": "2024-08-07 11:05:56", "elapsed": 5859.346823, "delta": 31.121109}}
{"target": -0.27992526713141974, "params": {"bus_acc": 1.9235, "bus_dcc": 1.564, "bus_lcAssertive": 24.877, "bus_lcCooperative": 0.1579, "bus_lcLookaheadLeft": 46.6186, "bus_lcPushy": 0.1944, "bus_lcSigma": 0.953, "bus_lcSublane": 0.2616, "bus_sigma": 0.5483, "bus_tau_mean": 0.8693, "bus_tau_std": 8.4904, "bus_v_mean": 9.8116, "bus_v_std": 5.5063, "car_acc": 1.2971, "car_dcc": 1.2163, "car_lcAssertive": 16.3781, "car_lcCooperative": 0.1845, "car_lcLookaheadLeft": 28.1827, "car_lcPushy": 0.5401, "car_lcSigma": 0.5795, "car_lcSublane": 0.2849, "car_sigma": 0.9744, "car_tau_mean": 2.5012, "car_tau_std": 7.8004, "car_v_mean": 14.9204, "car_v_std": 8.0021}, "datetime": {"datetime": "2024-08-07 11:06:13", "elapsed": 5876.221455, "delta": 16.874632}}
{"target": -0.3149682297932808, "params": {"bus_acc": 1.2876, "bus_dcc": 3.7652, "bus_lcAssertive": 55.909, "bus_lcCooperative": 0.1892, "bus_lcLookaheadLeft": 74.3228, "bus_lcPushy": 0.7753, "bus_lcSigma": 0.703, "bus_lcSublane": 0.6781, "bus_sigma": 0.9027, "bus_tau_mean": 3.9164, "bus_tau_std": 8.1237, "bus_v_mean": 12.1289, "bus_v_std": 1.459, "car_acc": 1.2208, "car_dcc": 1.151, "car_lcAssertive": 9.553, "car_lcCooperative": 0.9011, "car_lcLookaheadLeft": 39.259, "car_lcPushy": 0.0819, "car_lcSigma": 0.4881, "car_lcSublane": 0.7294, "car_sigma": 0.6085, "car_tau_mean": 1.2101, "car_tau_std": 0.387, "car_v_mean": 19.2179, "car_v_std": 8.2174}, "datetime": {"datetime": "2024-08-07 11:06:19", "elapsed": 5881.786814, "delta": 5.565359}}
{"target": -0.3533226621915533, "params": {"bus_acc": 2.2406, "bus_dcc": 3.8949, "bus_lcAssertive": 37.8358, "bus_lcCooperative": 0.7553, "bus_lcLookaheadLeft": 34.4519, "bus_lcPushy": 0.3327, "bus_lcSigma": 0.7082, "bus_lcSublane": 0.4647, "bus_sigma": 0.5283, "bus_tau_mean": 0.8239, "bus_tau_std": 3.7916, "bus_v_mean": 22.303, "bus_v_std": 4.7795, "car_acc": 1.5327, "car_dcc": 2.4789, "car_lcAssertive": 6.7591, "car_lcCooperative": 0.8208, "car_lcLookaheadLeft": 36.1443, "car_lcPushy": 0.5758, "car_lcSigma": 0.1602, "car_lcSublane": 0.7953, "car_sigma": 0.3011, "car_tau_mean": 2.534, "car_tau_std": 7.9907, "car_v_mean": 16.718, "car_v_std": 4.8418}, "datetime": {"datetime": "2024-08-07 11:06:55", "elapsed": 5918.323742, "delta": 36.536928}}
{"target": -0.3156191883885291, "params": {"bus_acc": 2.6755, "bus_dcc": 2.0596, "bus_lcAssertive": 80.9006, "bus_lcCooperative": 0.7683, "bus_lcLookaheadLeft": 61.9494, "bus_lcPushy": 0.0335, "bus_lcSigma": 0.2338, "bus_lcSublane": 0.3955, "bus_sigma": 0.0342, "bus_tau_mean": 3.0764, "bus_tau_std": 6.4893, "bus_v_mean": 10.2, "bus_v_std": 4.5368, "car_acc": 1.2995, "car_dcc": 2.0335, "car_lcAssertive": 98.5915, "car_lcCooperative": 0.271, "car_lcLookaheadLeft": 68.0972, "car_lcPushy": 0.5512, "car_lcSigma": 0.2482, "car_lcSublane": 0.3457, "car_sigma": 0.2988, "car_tau_mean": 3.2101, "car_tau_std": 5.6132, "car_v_mean": 11.8998, "car_v_std": 1.2528}, "datetime": {"datetime": "2024-08-07 11:07:02", "elapsed": 5925.480978, "delta": 7.157236}}
{"target": -0.3376187068265444, "params": {"bus_acc": 1.1131, "bus_dcc": 1.7287, "bus_lcAssertive": 10.6689, "bus_lcCooperative": 0.2011, "bus_lcLookaheadLeft": 2.0474, "bus_lcPushy": 0.4007, "bus_lcSigma": 0.1824, "bus_lcSublane": 0.3796, "bus_sigma": 0.4742, "bus_tau_mean": 2.3262, "bus_tau_std": 6.1248, "bus_v_mean": 9.4245, "bus_v_std": 0.6392, "car_acc": 2.9835, "car_dcc": 2.5677, "car_lcAssertive": 74.8159, "car_lcCooperative": 0.7522, "car_lcLookaheadLeft": 96.6195, "car_lcPushy": 0.8466, "car_lcSigma": 0.6036, "car_lcSublane": 0.4209, "car_sigma": 0.0466, "car_tau_mean": 3.9857, "car_tau_std": 1.7282, "car_v_mean": 17.5814, "car_v_std": 2.6593}, "datetime": {"datetime": "2024-08-07 11:07:06", "elapsed": 5929.031969, "delta": 3.550991}}
{"target": -0.366109148611137, "params": {"bus_acc": 2.6266, "bus_dcc": 1.6654, "bus_lcAssertive": 4.2177, "bus_lcCooperative": 0.4417, "bus_lcLookaheadLeft": 19.2825, "bus_lcPushy": 0.1494, "bus_lcSigma": 0.6353, "bus_lcSublane": 0.9839, "bus_sigma": 0.4072, "bus_tau_mean": 2.1811, "bus_tau_std": 8.7643, "bus_v_mean": 8.6016, "bus_v_std": 9.2895, "car_acc": 2.8492, "car_dcc": 1.4903, "car_lcAssertive": 53.0265, "car_lcCooperative": 0.4559, "car_lcLookaheadLeft": 3.7849, "car_lcPushy": 0.2207, "car_lcSigma": 0.3244, "car_lcSublane": 0.5277, "car_sigma": 0.4299, "car_tau_mean": 0.8251, "car_tau_std": 9.4024, "car_v_mean": 21.6835, "car_v_std": 5.0828}, "datetime": {"datetime": "2024-08-07 11:07:12", "elapsed": 5935.071829, "delta": 6.03986}}
{"target": -0.3505642906964318, "params": {"bus_acc": 1.6834, "bus_dcc": 1.0431, "bus_lcAssertive": 85.3501, "bus_lcCooperative": 0.5728, "bus_lcLookaheadLeft": 90.5366, "bus_lcPushy": 0.8857, "bus_lcSigma": 0.2768, "bus_lcSublane": 0.2515, "bus_sigma": 0.7526, "bus_tau_mean": 3.2933, "bus_tau_std": 4.7736, "bus_v_mean": 10.1167, "bus_v_std": 5.8802, "car_acc": 2.4734, "car_dcc": 1.6777, "car_lcAssertive": 79.1453, "car_lcCooperative": 0.5274, "car_lcLookaheadLeft": 62.3466, "car_lcPushy": 0.2678, "car_lcSigma": 0.4787, "car_lcSublane": 0.0065, "car_sigma": 0.0827, "car_tau_mean": 2.9856, "car_tau_std": 5.919, "car_v_mean": 8.5395, "car_v_std": 8.3355}, "datetime": {"datetime": "2024-08-07 11:07:17", "elapsed": 5940.338351, "delta": 5.266522}}
{"target": -0.33062540816920166, "params": {"bus_acc": 1.8121, "bus_dcc": 1.644, "bus_lcAssertive": 35.4354, "bus_lcCooperative": 0.5855, "bus_lcLookaheadLeft": 2.4632, "bus_lcPushy": 0.4149, "bus_lcSigma": 0.2897, "bus_lcSublane": 0.984, "bus_sigma": 0.0837, "bus_tau_mean": 0.6881, "bus_tau_std": 9.2157, "bus_v_mean": 11.963, "bus_v_std": 3.4699, "car_acc": 2.994, "car_dcc": 3.1356, "car_lcAssertive": 36.1523, "car_lcCooperative": 0.2249, "car_lcLookaheadLeft": 68.9974, "car_lcPushy": 0.6969, "car_lcSigma": 0.2463, "car_lcSublane": 0.0833, "car_sigma": 0.3747, "car_tau_mean": 2.529, "car_tau_std": 2.356, "car_v_mean": 21.3234, "car_v_std": 5.0794}, "datetime": {"datetime": "2024-08-07 11:07:24", "elapsed": 5947.398342, "delta": 7.059991}}
{"target": -0.3949981190998515, "params": {"bus_acc": 1.8657, "bus_dcc": 3.2362, "bus_lcAssertive": 14.569, "bus_lcCooperative": 0.1233, "bus_lcLookaheadLeft": 41.427, "bus_lcPushy": 0.2141, "bus_lcSigma": 0.4996, "bus_lcSublane": 0.4034, "bus_sigma": 0.5581, "bus_tau_mean": 2.689, "bus_tau_std": 1.1635, "bus_v_mean": 15.4558, "bus_v_std": 6.2049, "car_acc": 1.4642, "car_dcc": 3.3609, "car_lcAssertive": 27.7949, "car_lcCooperative": 0.6038, "car_lcLookaheadLeft": 19.3947, "car_lcPushy": 0.5338, "car_lcSigma": 0.2267, "car_lcSublane": 0.422, "car_sigma": 0.2744, "car_tau_mean": 1.7654, "car_tau_std": 7.1817, "car_v_mean": 10.8376, "car_v_std": 8.4119}, "datetime": {"datetime": "2024-08-07 11:07:31", "elapsed": 5954.064216, "delta": 6.665874}}
{"target": -0.35187418400520454, "params": {"bus_acc": 1.6555, "bus_dcc": 1.9396, "bus_lcAssertive": 55.7848, "bus_lcCooperative": 0.8026, "bus_lcLookaheadLeft": 38.8877, "bus_lcPushy": 0.6008, "bus_lcSigma": 0.9479, "bus_lcSublane": 0.1213, "bus_sigma": 0.739, "bus_tau_mean": 0.6347, "bus_tau_std": 9.9057, "bus_v_mean": 13.9539, "bus_v_std": 0.0639, "car_acc": 2.0135, "car_dcc": 1.0052, "car_lcAssertive": 23.7513, "car_lcCooperative": 0.5181, "car_lcLookaheadLeft": 57.6636, "car_lcPushy": 0.8939, "car_lcSigma": 0.9953, "car_lcSublane": 0.4772, "car_sigma": 0.0547, "car_tau_mean": 1.6932, "car_tau_std": 1.1207, "car_v_mean": 10.8809, "car_v_std": 9.2977}, "datetime": {"datetime": "2024-08-07 11:07:36", "elapsed": 5959.125778, "delta": 5.061562}}
{"target": -0.3009360197750332, "params": {"bus_acc": 2.7288, "bus_dcc": 2.6018, "bus_lcAssertive": 59.2093, "bus_lcCooperative": 0.5031, "bus_lcLookaheadLeft": 88.7277, "bus_lcPushy": 0.3853, "bus_lcSigma": 0.3205, "bus_lcSublane": 0.3542, "bus_sigma": 0.3342, "bus_tau_mean": 0.5009, "bus_tau_std": 5.6719, "bus_v_mean": 20.0639, "bus_v_std": 2.439, "car_acc": 1.3042, "car_dcc": 1.1313, "car_lcAssertive": 78.505, "car_lcCooperative": 0.2939, "car_lcLookaheadLeft": 8.0898, "car_lcPushy": 0.5537, "car_lcSigma": 0.5349, "car_lcSublane": 0.6858, "car_sigma": 0.7918, "car_tau_mean": 1.3502, "car_tau_std": 9.2523, "car_v_mean": 12.7754, "car_v_std": 1.9051}, "datetime": {"datetime": "2024-08-07 11:07:46", "elapsed": 5968.839085, "delta": 9.713307}}
{"target": -0.3501472863280811, "params": {"bus_acc": 1.7634, "bus_dcc": 1.181, "bus_lcAssertive": 80.2349, "bus_lcCooperative": 0.6621, "bus_lcLookaheadLeft": 97.3655, "bus_lcPushy": 0.0832, "bus_lcSigma": 0.7301, "bus_lcSublane": 0.9143, "bus_sigma": 0.0222, "bus_tau_mean": 1.5504, "bus_tau_std": 7.4165, "bus_v_mean": 14.0453, "bus_v_std": 1.9716, "car_acc": 2.5375, "car_dcc": 3.1492, "car_lcAssertive": 10.7966, "car_lcCooperative": 0.8098, "car_lcLookaheadLeft": 49.4735, "car_lcPushy": 0.7082, "car_lcSigma": 0.3603, "car_lcSublane": 0.6465, "car_sigma": 0.8146, "car_tau_mean": 1.4657, "car_tau_std": 7.9029, "car_v_mean": 15.9741, "car_v_std": 7.8411}, "datetime": {"datetime": "2024-08-07 11:08:30", "elapsed": 6013.200911, "delta": 44.361826}}
{"target": -0.3196896297255521, "params": {"bus_acc": 1.7561, "bus_dcc": 1.2032, "bus_lcAssertive": 85.8658, "bus_lcCooperative": 0.3849, "bus_lcLookaheadLeft": 60.6095, "bus_lcPushy": 0.3817, "bus_lcSigma": 0.4338, "bus_lcSublane": 0.4781, "bus_sigma": 0.1039, "bus_tau_mean": 0.7067, "bus_tau_std": 6.6467, "bus_v_mean": 20.8564, "bus_v_std": 9.6813, "car_acc": 1.9403, "car_dcc": 1.1807, "car_lcAssertive": 45.91, "car_lcCooperative": 0.5922, "car_lcLookaheadLeft": 37.3471, "car_lcPushy": 0.2168, "car_lcSigma": 0.1202, "car_lcSublane": 0.7908, "car_sigma": 0.5641, "car_tau_mean": 3.7615, "car_tau_std": 6.3036, "car_v_mean": 11.9729, "car_v_std": 1.9112}, "datetime": {"datetime": "2024-08-07 11:08:52", "elapsed": 6034.495414, "delta": 21.294503}}
{"target": -0.3184033403636267, "params": {"bus_acc": 1.5455, "bus_dcc": 3.0562, "bus_lcAssertive": 42.8025, "bus_lcCooperative": 0.9452, "bus_lcLookaheadLeft": 38.3163, "bus_lcPushy": 0.5866, "bus_lcSigma": 0.3024, "bus_lcSublane": 0.6109, "bus_sigma": 0.9344, "bus_tau_mean": 0.9076, "bus_tau_std": 9.944, "bus_v_mean": 9.6885, "bus_v_std": 4.3336, "car_acc": 2.7964, "car_dcc": 1.6435, "car_lcAssertive": 85.8935, "car_lcCooperative": 0.6825, "car_lcLookaheadLeft": 94.8998, "car_lcPushy": 0.0809, "car_lcSigma": 0.2126, "car_lcSublane": 0.5954, "car_sigma": 0.6694, "car_tau_mean": 3.7617, "car_tau_std": 6.6506, "car_v_mean": 21.7798, "car_v_std": 0.7387}, "datetime": {"datetime": "2024-08-07 11:09:01", "elapsed": 6043.582074, "delta": 9.08666}}
{"target": -0.32916261469643193, "params": {"bus_acc": 1.7392, "bus_dcc": 3.6784, "bus_lcAssertive": 35.3478, "bus_lcCooperative": 0.7649, "bus_lcLookaheadLeft": 56.641, "bus_lcPushy": 0.3698, "bus_lcSigma": 0.2293, "bus_lcSublane": 0.0421, "bus_sigma": 0.9606, "bus_tau_mean": 0.956, "bus_tau_std": 2.5371, "bus_v_mean": 16.3974, "bus_v_std": 5.6587, "car_acc": 2.4576, "car_dcc": 2.7938, "car_lcAssertive": 12.9166, "car_lcCooperative": 0.2927, "car_lcLookaheadLeft": 53.5236, "car_lcPushy": 0.5421, "car_lcSigma": 0.2064, "car_lcSublane": 0.6502, "car_sigma": 0.3097, "car_tau_mean": 3.985, "car_tau_std": 9.0091, "car_v_mean": 16.7475, "car_v_std": 9.7705}, "datetime": {"datetime": "2024-08-07 11:09:29", "elapsed": 6071.861187, "delta": 28.279113}}
{"target": -0.31990506038807753, "params": {"bus_acc": 1.9862, "bus_dcc": 1.6668, "bus_lcAssertive": 28.9489, "bus_lcCooperative": 0.834, "bus_lcLookaheadLeft": 33.8073, "bus_lcPushy": 0.93, "bus_lcSigma": 0.9554, "bus_lcSublane": 0.3465, "bus_sigma": 0.976, "bus_tau_mean": 1.3003, "bus_tau_std": 4.6163, "bus_v_mean": 10.0388, "bus_v_std": 6.309, "car_acc": 2.2053, "car_dcc": 1.1083, "car_lcAssertive": 53.7908, "car_lcCooperative": 0.474, "car_lcLookaheadLeft": 8.3891, "car_lcPushy": 0.9477, "car_lcSigma": 0.6566, "car_lcSublane": 0.7844, "car_sigma": 0.8649, "car_tau_mean": 1.524, "car_tau_std": 0.6266, "car_v_mean": 22.6432, "car_v_std": 3.1349}, "datetime": {"datetime": "2024-08-07 11:09:42", "elapsed": 6085.083047, "delta": 13.22186}}
{"target": -0.3303450021078621, "params": {"bus_acc": 2.4173, "bus_dcc": 2.9136, "bus_lcAssertive": 27.4118, "bus_lcCooperative": 0.0881, "bus_lcLookaheadLeft": 11.8263, "bus_lcPushy": 0.7785, "bus_lcSigma": 0.9921, "bus_lcSublane": 0.7046, "bus_sigma": 0.9626, "bus_tau_mean": 2.7445, "bus_tau_std": 6.9432, "bus_v_mean": 13.4084, "bus_v_std": 5.2541, "car_acc": 1.822, "car_dcc": 1.5163, "car_lcAssertive": 7.7114, "car_lcCooperative": 0.6221, "car_lcLookaheadLeft": 34.4872, "car_lcPushy": 0.5861, "car_lcSigma": 0.5785, "car_lcSublane": 0.1598, "car_sigma": 0.1391, "car_tau_mean": 3.9294, "car_tau_std": 1.3909, "car_v_mean": 22.9128, "car_v_std": 7.0103}, "datetime": {"datetime": "2024-08-07 11:09:49", "elapsed": 6092.258344, "delta": 7.175297}}
{"target": -0.3656062586236559, "params": {"bus_acc": 1.9008, "bus_dcc": 2.4557, "bus_lcAssertive": 92.3633, "bus_lcCooperative": 0.9304, "bus_lcLookaheadLeft": 57.3294, "bus_lcPushy": 0.6933, "bus_lcSigma": 0.4508, "bus_lcSublane": 0.7132, "bus_sigma": 0.401, "bus_tau_mean": 2.3772, "bus_tau_std": 9.0746, "bus_v_mean": 20.2365, "bus_v_std": 6.2278, "car_acc": 1.107, "car_dcc": 1.4605, "car_lcAssertive": 97.0762, "car_lcCooperative": 0.8173, "car_lcLookaheadLeft": 32.0995, "car_lcPushy": 0.4401, "car_lcSigma": 0.1929, "car_lcSublane": 0.2325, "car_sigma": 0.9202, "car_tau_mean": 2.5678, "car_tau_std": 7.6701, "car_v_mean": 18.2533, "car_v_std": 7.9499}, "datetime": {"datetime": "2024-08-07 11:10:29", "elapsed": 6131.547379, "delta": 39.289035}}
