{"target": -0.30918415210566924, "params": {"bus_acc": 1.6915, "bus_dcc": 1.3542, "bus_lcAssertive": 28.9072, "bus_lcCooperative": 1.0, "bus_lcLookaheadLeft": 34.9339, "bus_lcPushy": 0.787, "bus_lcSigma": 0.7036, "bus_lcSpeedGainRight": 4.3089, "bus_lcSublane": 0.5898, "bus_sigma": 0.2119, "bus_tau_mean": 1.8048, "bus_tau_std": 4.0513, "bus_v_mean": 8.0424, "bus_v_std": 8.4505, "car_acc": 1.851, "car_dcc": 1.0973, "car_lcAssertive": 26.5578, "car_lcCooperative": 0.3623, "car_lcLookaheadLeft": 86.698, "car_lcPushy": 0.4838, "car_lcSigma": 0.7725, "car_lcSpeedGainRight": 1.4481, "car_lcSublane": 0.536, "car_sigma": 1.0, "car_tau_mean": 2.7566, "car_tau_std": 4.7873, "car_v_mean": 12.961, "car_v_std": 3.4805}, "datetime": {"datetime": "2024-08-08 10:18:51", "elapsed": 1411.240449, "delta": 2.223232}}
{"target": -0.31005851397597317, "params": {"bus_acc": 2.0093, "bus_dcc": 3.4264, "bus_lcAssertive": 52.3127, "bus_lcCooperative": 0.6127, "bus_lcLookaheadLeft": 36.6747, "bus_lcPushy": 0.4523, "bus_lcSigma": 0.4503, "bus_lcSpeedGainRight": 2.5491, "bus_lcSublane": 0.8718, "bus_sigma": 0.8232, "bus_tau_mean": 0.6936, "bus_tau_std": 0.6541, "bus_v_mean": 8.9197, "bus_v_std": 11.9492, "car_acc": 1.2957, "car_dcc": 2.5396, "car_lcAssertive": 81.5233, "car_lcCooperative": 0.7706, "car_lcLookaheadLeft": 69.6446, "car_lcPushy": 0.9558, "car_lcSigma": 0.0888, "car_lcSpeedGainRight": 2.7949, "car_lcSublane": 0.3614, "car_sigma": 0.2342, "car_tau_mean": 1.2027, "car_tau_std": 5.5101, "car_v_mean": 11.5014, "car_v_std": 0.4542}, "datetime": {"datetime": "2024-08-08 10:18:54", "elapsed": 1414.468418, "delta": 3.227969}}
{"target": -0.3412025500481107, "params": {"bus_acc": 1.1796, "bus_dcc": 1.2589, "bus_lcAssertive": 2.4982, "bus_lcCooperative": 1.0, "bus_lcLookaheadLeft": 11.3274, "bus_lcPushy": 0.9044, "bus_lcSigma": 0.7237, "bus_lcSpeedGainRight": 2.4763, "bus_lcSublane": 0.3835, "bus_sigma": 0.3904, "bus_tau_mean": 1.427, "bus_tau_std": 9.1505, "bus_v_mean": 19.6506, "bus_v_std": 0.557, "car_acc": 1.9616, "car_dcc": 1.8824, "car_lcAssertive": 3.9062, "car_lcCooperative": 0.968, "car_lcLookaheadLeft": 77.597, "car_lcPushy": 0.3665, "car_lcSigma": 0.8375, "car_lcSpeedGainRight": 1.6617, "car_lcSublane": 0.3447, "car_sigma": 1.0, "car_tau_mean": 4.0, "car_tau_std": 5.2741, "car_v_mean": 23.2712, "car_v_std": 17.8002}, "datetime": {"datetime": "2024-08-08 10:18:57", "elapsed": 1417.063818, "delta": 2.5954}}
{"target": -0.2857951082146702, "params": {"bus_acc": 1.6939, "bus_dcc": 1.3566, "bus_lcAssertive": 28.9113, "bus_lcCooperative": 1.0, "bus_lcLookaheadLeft": 34.9396, "bus_lcPushy": 0.7894, "bus_lcSigma": 0.706, "bus_lcSpeedGainRight": 4.3113, "bus_lcSublane": 0.5907, "bus_sigma": 0.2128, "bus_tau_mean": 1.8072, "bus_tau_std": 4.0537, "bus_v_mean": 8.0433, "bus_v_std": 8.4531, "car_acc": 1.8534, "car_dcc": 1.0997, "car_lcAssertive": 26.5619, "car_lcCooperative": 0.3632, "car_lcLookaheadLeft": 86.6989, "car_lcPushy": 0.4829, "car_lcSigma": 0.7749, "car_lcSpeedGainRight": 1.4505, "car_lcSublane": 0.5351, "car_sigma": 1.0, "car_tau_mean": 2.759, "car_tau_std": 4.7897, "car_v_mean": 12.9651, "car_v_std": 3.4829}, "datetime": {"datetime": "2024-08-08 10:19:00", "elapsed": 1420.764745, "delta": 3.700927}}
{"target": -0.3334501966003228, "params": {"bus_acc": 1.4303, "bus_dcc": 2.9237, "bus_lcAssertive": 22.1262, "bus_lcCooperative": 0.7477, "bus_lcLookaheadLeft": 6.3593, "bus_lcPushy": 0.6847, "bus_lcSigma": 0.7508, "bus_lcSpeedGainRight": 4.7616, "bus_lcSublane": 0.6942, "bus_sigma": 0.8117, "bus_tau_mean": 3.8402, "bus_tau_std": 9.304, "bus_v_mean": 9.566, "bus_v_std": 14.6941, "car_acc": 1.7875, "car_dcc": 1.6891, "car_lcAssertive": 23.0095, "car_lcCooperative": 0.44, "car_lcLookaheadLeft": 90.7891, "car_lcPushy": 0.5283, "car_lcSigma": 0.5729, "car_lcSpeedGainRight": 0.851, "car_lcSublane": 0.0612, "car_sigma": 0.2422, "car_tau_mean": 0.542, "car_tau_std": 6.4913, "car_v_mean": 20.7179, "car_v_std": 13.9737}, "datetime": {"datetime": "2024-08-08 10:19:04", "elapsed": 1424.924575, "delta": 4.15983}}
{"target": -0.3394104068345219, "params": {"bus_acc": 2.981, "bus_dcc": 2.8491, "bus_lcAssertive": 86.849, "bus_lcCooperative": 0.6952, "bus_lcLookaheadLeft": 24.4113, "bus_lcPushy": 0.9013, "bus_lcSigma": 0.0852, "bus_lcSpeedGainRight": 1.3879, "bus_lcSublane": 0.3593, "bus_sigma": 0.3518, "bus_tau_mean": 2.0008, "bus_tau_std": 5.5536, "bus_v_mean": 15.7849, "bus_v_std": 19.5435, "car_acc": 2.572, "car_dcc": 3.1282, "car_lcAssertive": 85.3503, "car_lcCooperative": 0.7842, "car_lcLookaheadLeft": 54.5994, "car_lcPushy": 0.3505, "car_lcSigma": 0.1101, "car_lcSpeedGainRight": 4.8579, "car_lcSublane": 0.6304, "car_sigma": 0.3472, "car_tau_mean": 3.1967, "car_tau_std": 0.5464, "car_v_mean": 21.7251, "car_v_std": 16.7062}, "datetime": {"datetime": "2024-08-08 10:19:09", "elapsed": 1429.595458, "delta": 4.670883}}
{"target": -0.29133233320762103, "params": {"bus_acc": 1.6932, "bus_dcc": 1.3559, "bus_lcAssertive": 28.9089, "bus_lcCooperative": 1.0, "bus_lcLookaheadLeft": 34.9372, "bus_lcPushy": 0.7887, "bus_lcSigma": 0.7053, "bus_lcSpeedGainRight": 4.3106, "bus_lcSublane": 0.59, "bus_sigma": 0.2104, "bus_tau_mean": 1.8065, "bus_tau_std": 4.053, "bus_v_mean": 8.0426, "bus_v_std": 8.4523, "car_acc": 1.8527, "car_dcc": 1.099, "car_lcAssertive": 26.5595, "car_lcCooperative": 0.3625, "car_lcLookaheadLeft": 86.6998, "car_lcPushy": 0.4856, "car_lcSigma": 0.7742, "car_lcSpeedGainRight": 1.4498, "car_lcSublane": 0.5378, "car_sigma": 1.0, "car_tau_mean": 2.7583, "car_tau_std": 4.789, "car_v_mean": 12.9627, "car_v_std": 3.4822}, "datetime": {"datetime": "2024-08-08 10:19:12", "elapsed": 1432.611003, "delta": 3.015545}}
{"target": -0.3461235734165543, "params": {"bus_acc": 2.7312, "bus_dcc": 3.5416, "bus_lcAssertive": 72.0335, "bus_lcCooperative": 0.5513, "bus_lcLookaheadLeft": 11.8754, "bus_lcPushy": 0.0324, "bus_lcSigma": 0.0295, "bus_lcSpeedGainRight": 4.2526, "bus_lcSublane": 0.7963, "bus_sigma": 0.4307, "bus_tau_mean": 0.7636, "bus_tau_std": 8.1536, "bus_v_mean": 18.2946, "bus_v_std": 18.2687, "car_acc": 1.3595, "car_dcc": 2.3503, "car_lcAssertive": 9.9074, "car_lcCooperative": 0.3477, "car_lcLookaheadLeft": 72.1164, "car_lcPushy": 0.9378, "car_lcSigma": 0.9877, "car_lcSpeedGainRight": 0.109, "car_lcSublane": 0.238, "car_sigma": 0.4551, "car_tau_mean": 3.7149, "car_tau_std": 1.7377, "car_v_mean": 20.6437, "car_v_std": 1.5402}, "datetime": {"datetime": "2024-08-08 10:19:15", "elapsed": 1435.400504, "delta": 2.789501}}
{"target": -0.3251777748901338, "params": {"bus_acc": 1.9192, "bus_dcc": 2.7523, "bus_lcAssertive": 51.0759, "bus_lcCooperative": 0.7194, "bus_lcLookaheadLeft": 43.4247, "bus_lcPushy": 0.3685, "bus_lcSigma": 0.9508, "bus_lcSpeedGainRight": 4.6279, "bus_lcSublane": 0.8111, "bus_sigma": 0.1245, "bus_tau_mean": 2.0566, "bus_tau_std": 2.5422, "bus_v_mean": 15.5161, "bus_v_std": 11.1725, "car_acc": 2.8601, "car_dcc": 1.359, "car_lcAssertive": 78.1857, "car_lcCooperative": 0.4764, "car_lcLookaheadLeft": 88.7643, "car_lcPushy": 0.4583, "car_lcSigma": 0.6138, "car_lcSpeedGainRight": 1.6315, "car_lcSublane": 0.039, "car_sigma": 0.8362, "car_tau_mean": 0.5988, "car_tau_std": 5.4222, "car_v_mean": 10.3434, "car_v_std": 3.0541}, "datetime": {"datetime": "2024-08-08 10:19:18", "elapsed": 1438.297407, "delta": 2.896903}}
{"target": -0.3367375624707613, "params": {"bus_acc": 1.1791, "bus_dcc": 1.2584, "bus_lcAssertive": 2.4976, "bus_lcCooperative": 1.0, "bus_lcLookaheadLeft": 11.3286, "bus_lcPushy": 0.9003, "bus_lcSigma": 0.7232, "bus_lcSpeedGainRight": 2.4758, "bus_lcSublane": 0.3881, "bus_sigma": 0.3951, "bus_tau_mean": 1.4264, "bus_tau_std": 9.1516, "bus_v_mean": 19.6517, "bus_v_std": 0.5565, "car_acc": 1.9611, "car_dcc": 1.8819, "car_lcAssertive": 3.9057, "car_lcCooperative": 0.9636, "car_lcLookaheadLeft": 77.5983, "car_lcPushy": 0.3712, "car_lcSigma": 0.8346, "car_lcSpeedGainRight": 1.6612, "car_lcSublane": 0.3493, "car_sigma": 0.999, "car_tau_mean": 3.9988, "car_tau_std": 5.2736, "car_v_mean": 23.2707, "car_v_std": 17.8014}, "datetime": {"datetime": "2024-08-08 10:19:21", "elapsed": 1441.06678, "delta": 2.769373}}
{"target": -0.362945290514318, "params": {"bus_acc": 1.1799, "bus_dcc": 1.2593, "bus_lcAssertive": 2.4985, "bus_lcCooperative": 1.0, "bus_lcLookaheadLeft": 11.326, "bus_lcPushy": 0.9055, "bus_lcSigma": 0.724, "bus_lcSpeedGainRight": 2.4766, "bus_lcSublane": 0.3838, "bus_sigma": 0.3925, "bus_tau_mean": 1.4273, "bus_tau_std": 9.1473, "bus_v_mean": 19.6491, "bus_v_std": 0.5557, "car_acc": 1.9619, "car_dcc": 1.8828, "car_lcAssertive": 3.9065, "car_lcCooperative": 0.9684, "car_lcLookaheadLeft": 77.5957, "car_lcPushy": 0.3686, "car_lcSigma": 0.8392, "car_lcSpeedGainRight": 1.662, "car_lcSublane": 0.3467, "car_sigma": 0.9991, "car_tau_mean": 3.9989, "car_tau_std": 5.2744, "car_v_mean": 23.2698, "car_v_std": 17.7988}, "datetime": {"datetime": "2024-08-08 10:19:27", "elapsed": 1447.322525, "delta": 6.255745}}
{"target": -0.310406415796205, "params": {"bus_acc": 1.693, "bus_dcc": 1.3557, "bus_lcAssertive": 28.9105, "bus_lcCooperative": 1.0, "bus_lcLookaheadLeft": 34.937, "bus_lcPushy": 0.7885, "bus_lcSigma": 0.7051, "bus_lcSpeedGainRight": 4.3104, "bus_lcSublane": 0.5898, "bus_sigma": 0.2155, "bus_tau_mean": 1.8063, "bus_tau_std": 4.0528, "bus_v_mean": 8.0442, "bus_v_std": 8.4523, "car_acc": 1.8525, "car_dcc": 1.0988, "car_lcAssertive": 26.5593, "car_lcCooperative": 0.3641, "car_lcLookaheadLeft": 86.7016, "car_lcPushy": 0.4856, "car_lcSigma": 0.774, "car_lcSpeedGainRight": 1.4496, "car_lcSublane": 0.5378, "car_sigma": 1.0, "car_tau_mean": 2.7581, "car_tau_std": 4.7888, "car_v_mean": 12.9625, "car_v_std": 3.482}, "datetime": {"datetime": "2024-08-08 10:19:31", "elapsed": 1451.856761, "delta": 4.534236}}
{"target": -0.39284165433168694, "params": {"bus_acc": 1.1173, "bus_dcc": 3.2884, "bus_lcAssertive": 89.7942, "bus_lcCooperative": 0.3435, "bus_lcLookaheadLeft": 22.0915, "bus_lcPushy": 0.1168, "bus_lcSigma": 0.4817, "bus_lcSpeedGainRight": 4.1651, "bus_lcSublane": 0.3874, "bus_sigma": 0.9973, "bus_tau_mean": 0.5373, "bus_tau_std": 0.9242, "bus_v_mean": 15.1635, "bus_v_std": 9.3009, "car_acc": 1.3172, "car_dcc": 2.0424, "car_lcAssertive": 27.5006, "car_lcCooperative": 0.3598, "car_lcLookaheadLeft": 25.3683, "car_lcPushy": 0.6051, "car_lcSigma": 0.3295, "car_lcSpeedGainRight": 0.6633, "car_lcSublane": 0.8246, "car_sigma": 0.28, "car_tau_mean": 3.9674, "car_tau_std": 1.7699, "car_v_mean": 9.6283, "car_v_std": 14.9895}, "datetime": {"datetime": "2024-08-08 10:19:35", "elapsed": 1455.64774, "delta": 3.790979}}
{"target": -0.3364933468588425, "params": {"bus_acc": 2.4975, "bus_dcc": 1.6752, "bus_lcAssertive": 27.3855, "bus_lcCooperative": 0.1144, "bus_lcLookaheadLeft": 2.4621, "bus_lcPushy": 0.5267, "bus_lcSigma": 0.7898, "bus_lcSpeedGainRight": 3.4287, "bus_lcSublane": 0.3679, "bus_sigma": 0.2809, "bus_tau_mean": 2.785, "bus_tau_std": 2.5391, "bus_v_mean": 10.7556, "bus_v_std": 19.992, "car_acc": 2.7805, "car_dcc": 2.6259, "car_lcAssertive": 42.2256, "car_lcCooperative": 0.61, "car_lcLookaheadLeft": 17.8752, "car_lcPushy": 0.7171, "car_lcSigma": 0.1833, "car_lcSpeedGainRight": 0.233, "car_lcSublane": 0.5431, "car_sigma": 0.5196, "car_tau_mean": 3.1163, "car_tau_std": 0.886, "car_v_mean": 12.4551, "car_v_std": 5.9302}, "datetime": {"datetime": "2024-08-08 10:19:39", "elapsed": 1459.605436, "delta": 3.957696}}
{"target": -0.3413382819505659, "params": {"bus_acc": 1.1792, "bus_dcc": 1.2585, "bus_lcAssertive": 2.4977, "bus_lcCooperative": 1.0, "bus_lcLookaheadLeft": 11.3252, "bus_lcPushy": 0.903, "bus_lcSigma": 0.7249, "bus_lcSpeedGainRight": 2.4759, "bus_lcSublane": 0.3848, "bus_sigma": 0.3917, "bus_tau_mean": 1.4265, "bus_tau_std": 9.1499, "bus_v_mean": 19.6484, "bus_v_std": 0.5582, "car_acc": 1.9611, "car_dcc": 1.882, "car_lcAssertive": 3.9057, "car_lcCooperative": 0.9667, "car_lcLookaheadLeft": 77.5966, "car_lcPushy": 0.3678, "car_lcSigma": 0.836, "car_lcSpeedGainRight": 1.6613, "car_lcSublane": 0.346, "car_sigma": 1.0, "car_tau_mean": 4.0, "car_tau_std": 5.2736, "car_v_mean": 23.269, "car_v_std": 17.798}, "datetime": {"datetime": "2024-08-08 10:19:43", "elapsed": 1463.665761, "delta": 4.060325}}
{"target": -0.3169151499725368, "params": {"bus_acc": 1.694, "bus_dcc": 1.3567, "bus_lcAssertive": 28.9079, "bus_lcCooperative": 1.0, "bus_lcLookaheadLeft": 34.9362, "bus_lcPushy": 0.7895, "bus_lcSigma": 0.7061, "bus_lcSpeedGainRight": 4.3114, "bus_lcSublane": 0.5908, "bus_sigma": 0.2111, "bus_tau_mean": 1.8073, "bus_tau_std": 4.0538, "bus_v_mean": 8.0416, "bus_v_std": 8.4497, "car_acc": 1.8535, "car_dcc": 1.0998, "car_lcAssertive": 26.5585, "car_lcCooperative": 0.3633, "car_lcLookaheadLeft": 86.7008, "car_lcPushy": 0.4848, "car_lcSigma": 0.775, "car_lcSpeedGainRight": 1.4506, "car_lcSublane": 0.5352, "car_sigma": 1.0, "car_tau_mean": 2.7591, "car_tau_std": 4.7898, "car_v_mean": 12.9653, "car_v_std": 3.483}, "datetime": {"datetime": "2024-08-08 10:19:46", "elapsed": 1466.609542, "delta": 2.943781}}
{"target": -0.29455456601283025, "params": {"bus_acc": 1.693, "bus_dcc": 1.3557, "bus_lcAssertive": 28.9087, "bus_lcCooperative": 1.0, "bus_lcLookaheadLeft": 34.937, "bus_lcPushy": 0.7885, "bus_lcSigma": 0.7051, "bus_lcSpeedGainRight": 4.3104, "bus_lcSublane": 0.5881, "bus_sigma": 0.2102, "bus_tau_mean": 1.8063, "bus_tau_std": 4.0528, "bus_v_mean": 8.0407, "bus_v_std": 8.4488, "car_acc": 1.8525, "car_dcc": 1.0988, "car_lcAssertive": 26.5593, "car_lcCooperative": 0.3606, "car_lcLookaheadLeft": 86.698, "car_lcPushy": 0.4821, "car_lcSigma": 0.774, "car_lcSpeedGainRight": 1.4496, "car_lcSublane": 0.5343, "car_sigma": 1.0, "car_tau_mean": 2.7581, "car_tau_std": 4.7888, "car_v_mean": 12.9642, "car_v_std": 3.482}, "datetime": {"datetime": "2024-08-08 10:19:51", "elapsed": 1471.922875, "delta": 5.313333}}
{"target": -0.3972712097498288, "params": {"bus_acc": 1.3007, "bus_dcc": 1.9808, "bus_lcAssertive": 42.768, "bus_lcCooperative": 0.6282, "bus_lcLookaheadLeft": 35.2607, "bus_lcPushy": 0.0958, "bus_lcSigma": 0.0977, "bus_lcSpeedGainRight": 2.8981, "bus_lcSublane": 0.6512, "bus_sigma": 0.7225, "bus_tau_mean": 2.3213, "bus_tau_std": 3.557, "bus_v_mean": 18.3671, "bus_v_std": 11.0876, "car_acc": 1.1607, "car_dcc": 2.4127, "car_lcAssertive": 48.4973, "car_lcCooperative": 0.5742, "car_lcLookaheadLeft": 78.4327, "car_lcPushy": 0.8054, "car_lcSigma": 0.6701, "car_lcSpeedGainRight": 1.8869, "car_lcSublane": 0.0995, "car_sigma": 0.1267, "car_tau_mean": 2.0626, "car_tau_std": 3.3558, "car_v_mean": 15.7384, "car_v_std": 10.0445}, "datetime": {"datetime": "2024-08-08 10:19:55", "elapsed": 1475.214701, "delta": 3.291826}}
{"target": -0.32683666152082136, "params": {"bus_acc": 1.5564, "bus_dcc": 3.106, "bus_lcAssertive": 82.0994, "bus_lcCooperative": 0.2388, "bus_lcLookaheadLeft": 65.7041, "bus_lcPushy": 0.4373, "bus_lcSigma": 0.7377, "bus_lcSpeedGainRight": 1.0594, "bus_lcSublane": 0.6086, "bus_sigma": 0.9479, "bus_tau_mean": 2.9748, "bus_tau_std": 9.9544, "bus_v_mean": 14.2499, "bus_v_std": 4.832, "car_acc": 2.5732, "car_dcc": 1.0158, "car_lcAssertive": 84.3754, "car_lcCooperative": 0.6727, "car_lcLookaheadLeft": 46.8499, "car_lcPushy": 0.1649, "car_lcSigma": 0.2985, "car_lcSpeedGainRight": 1.8472, "car_lcSublane": 0.9999, "car_sigma": 0.7359, "car_tau_mean": 2.2099, "car_tau_std": 1.3099, "car_v_mean": 13.6978, "car_v_std": 5.0451}, "datetime": {"datetime": "2024-08-08 10:19:57", "elapsed": 1477.791676, "delta": 2.576975}}
{"target": -0.35851437318120183, "params": {"bus_acc": 2.5614, "bus_dcc": 1.4173, "bus_lcAssertive": 41.3551, "bus_lcCooperative": 0.2771, "bus_lcLookaheadLeft": 56.1649, "bus_lcPushy": 0.0451, "bus_lcSigma": 0.5804, "bus_lcSpeedGainRight": 1.6367, "bus_lcSublane": 0.785, "bus_sigma": 0.6182, "bus_tau_mean": 2.9464, "bus_tau_std": 9.3591, "bus_v_mean": 18.2426, "bus_v_std": 15.4817, "car_acc": 2.5407, "car_dcc": 1.0124, "car_lcAssertive": 35.648, "car_lcCooperative": 0.5404, "car_lcLookaheadLeft": 55.3144, "car_lcPushy": 0.9046, "car_lcSigma": 0.0181, "car_lcSpeedGainRight": 1.9439, "car_lcSublane": 0.0688, "car_sigma": 0.3371, "car_tau_mean": 3.3118, "car_tau_std": 0.4665, "car_v_mean": 10.8321, "car_v_std": 5.0161}, "datetime": {"datetime": "2024-08-08 10:20:02", "elapsed": 1482.565662, "delta": 4.773986}}
{"target": -0.30270542327383226, "params": {"bus_acc": 1.6922, "bus_dcc": 1.3585, "bus_lcAssertive": 28.9097, "bus_lcCooperative": 1.0, "bus_lcLookaheadLeft": 34.938, "bus_lcPushy": 0.7913, "bus_lcSigma": 0.7061, "bus_lcSpeedGainRight": 4.3096, "bus_lcSublane": 0.5908, "bus_sigma": 0.2111, "bus_tau_mean": 1.8055, "bus_tau_std": 4.0538, "bus_v_mean": 8.0434, "bus_v_std": 8.4515, "car_acc": 1.8517, "car_dcc": 1.1016, "car_lcAssertive": 26.5585, "car_lcCooperative": 0.3615, "car_lcLookaheadLeft": 86.7008, "car_lcPushy": 0.4848, "car_lcSigma": 0.7768, "car_lcSpeedGainRight": 1.4524, "car_lcSublane": 0.537, "car_sigma": 1.0, "car_tau_mean": 2.7573, "car_tau_std": 4.788, "car_v_mean": 12.9635, "car_v_std": 3.483}, "datetime": {"datetime": "2024-08-08 10:20:04", "elapsed": 1484.483436, "delta": 1.917774}}
{"target": -0.3483844886326972, "params": {"bus_acc": 1.6946, "bus_dcc": 1.3573, "bus_lcAssertive": 28.9086, "bus_lcCooperative": 1.0, "bus_lcLookaheadLeft": 34.9369, "bus_lcPushy": 0.7902, "bus_lcSigma": 0.705, "bus_lcSpeedGainRight": 4.312, "bus_lcSublane": 0.5897, "bus_sigma": 0.2101, "bus_tau_mean": 1.8079, "bus_tau_std": 4.0544, "bus_v_mean": 8.0423, "bus_v_std": 8.4504, "car_acc": 1.8541, "car_dcc": 1.1004, "car_lcAssertive": 26.5592, "car_lcCooperative": 0.3639, "car_lcLookaheadLeft": 86.6962, "car_lcPushy": 0.4854, "car_lcSigma": 0.7756, "car_lcSpeedGainRight": 1.4512, "car_lcSublane": 0.5359, "car_sigma": 1.0, "car_tau_mean": 2.7597, "car_tau_std": 4.7904, "car_v_mean": 12.9624, "car_v_std": 3.4836}, "datetime": {"datetime": "2024-08-08 10:20:08", "elapsed": 1488.20713, "delta": 3.723694}}
{"target": -0.32604438710535877, "params": {"bus_acc": 1.6939, "bus_dcc": 1.3566, "bus_lcAssertive": 28.9096, "bus_lcCooperative": 1.0, "bus_lcLookaheadLeft": 34.9379, "bus_lcPushy": 0.7894, "bus_lcSigma": 0.706, "bus_lcSpeedGainRight": 4.3113, "bus_lcSublane": 0.5907, "bus_sigma": 0.2128, "bus_tau_mean": 1.8072, "bus_tau_std": 4.0537, "bus_v_mean": 8.0433, "bus_v_std": 8.4514, "car_acc": 1.8534, "car_dcc": 1.0997, "car_lcAssertive": 26.5602, "car_lcCooperative": 0.3632, "car_lcLookaheadLeft": 86.6971, "car_lcPushy": 0.4829, "car_lcSigma": 0.7749, "car_lcSpeedGainRight": 1.4505, "car_lcSublane": 0.5351, "car_sigma": 1.0, "car_tau_mean": 2.759, "car_tau_std": 4.7897, "car_v_mean": 12.9634, "car_v_std": 3.4829}, "datetime": {"datetime": "2024-08-08 10:20:19", "elapsed": 1499.121978, "delta": 10.914848}}
{"target": -0.2918462552517018, "params": {"bus_acc": 1.6934, "bus_dcc": 1.3561, "bus_lcAssertive": 28.9091, "bus_lcCooperative": 1.0, "bus_lcLookaheadLeft": 34.9374, "bus_lcPushy": 0.7889, "bus_lcSigma": 0.7038, "bus_lcSpeedGainRight": 4.3124, "bus_lcSublane": 0.5885, "bus_sigma": 0.2139, "bus_tau_mean": 1.8067, "bus_tau_std": 4.0532, "bus_v_mean": 8.0428, "bus_v_std": 8.4509, "car_acc": 1.8529, "car_dcc": 1.0992, "car_lcAssertive": 26.5597, "car_lcCooperative": 0.3627, "car_lcLookaheadLeft": 86.7, "car_lcPushy": 0.4842, "car_lcSigma": 0.7744, "car_lcSpeedGainRight": 1.45, "car_lcSublane": 0.5364, "car_sigma": 1.0, "car_tau_mean": 2.7585, "car_tau_std": 4.7892, "car_v_mean": 12.9629, "car_v_std": 3.4824}, "datetime": {"datetime": "2024-08-08 10:20:23", "elapsed": 1503.542622, "delta": 4.420644}}
{"target": -0.28463229255755573, "params": {"bus_acc": 1.6934, "bus_dcc": 1.3561, "bus_lcAssertive": 28.9091, "bus_lcCooperative": 1.0, "bus_lcLookaheadLeft": 34.9374, "bus_lcPushy": 0.7889, "bus_lcSigma": 0.7073, "bus_lcSpeedGainRight": 4.3108, "bus_lcSublane": 0.592, "bus_sigma": 0.2123, "bus_tau_mean": 1.8067, "bus_tau_std": 4.0532, "bus_v_mean": 8.0428, "bus_v_std": 8.4527, "car_acc": 1.8529, "car_dcc": 1.0992, "car_lcAssertive": 26.5597, "car_lcCooperative": 0.3627, "car_lcLookaheadLeft": 86.6984, "car_lcPushy": 0.4842, "car_lcSigma": 0.7744, "car_lcSpeedGainRight": 1.45, "car_lcSublane": 0.5364, "car_sigma": 1.0, "car_tau_mean": 2.7585, "car_tau_std": 4.7892, "car_v_mean": 12.9629, "car_v_std": 3.4824}, "datetime": {"datetime": "2024-08-08 10:20:25", "elapsed": 1505.547719, "delta": 2.005097}}
{"target": -0.361814388609042, "params": {"bus_acc": 1.4636, "bus_dcc": 2.3993, "bus_lcAssertive": 91.4035, "bus_lcCooperative": 0.2806, "bus_lcLookaheadLeft": 48.9387, "bus_lcPushy": 0.6378, "bus_lcSigma": 0.9253, "bus_lcSpeedGainRight": 1.6646, "bus_lcSublane": 0.3101, "bus_sigma": 0.4095, "bus_tau_mean": 1.1833, "bus_tau_std": 2.2378, "bus_v_mean": 19.4197, "bus_v_std": 19.7342, "car_acc": 2.9229, "car_dcc": 1.0979, "car_lcAssertive": 53.9023, "car_lcCooperative": 0.1222, "car_lcLookaheadLeft": 94.1141, "car_lcPushy": 0.0492, "car_lcSigma": 0.4173, "car_lcSpeedGainRight": 1.4996, "car_lcSublane": 0.3761, "car_sigma": 0.0375, "car_tau_mean": 2.278, "car_tau_std": 6.3917, "car_v_mean": 17.8666, "car_v_std": 18.6089}, "datetime": {"datetime": "2024-08-08 10:20:29", "elapsed": 1509.089277, "delta": 3.541558}}
{"target": -0.2832537982623467, "params": {"bus_acc": 1.6924, "bus_dcc": 1.3551, "bus_lcAssertive": 28.9081, "bus_lcCooperative": 1.0, "bus_lcLookaheadLeft": 34.9364, "bus_lcPushy": 0.7863, "bus_lcSigma": 0.7045, "bus_lcSpeedGainRight": 4.3098, "bus_lcSublane": 0.5876, "bus_sigma": 0.2113, "bus_tau_mean": 1.8041, "bus_tau_std": 4.0522, "bus_v_mean": 8.0402, "bus_v_std": 8.4483, "car_acc": 1.8519, "car_dcc": 1.0982, "car_lcAssertive": 26.5587, "car_lcCooperative": 0.3617, "car_lcLookaheadLeft": 86.6974, "car_lcPushy": 0.4832, "car_lcSigma": 0.7734, "car_lcSpeedGainRight": 1.449, "car_lcSublane": 0.5354, "car_sigma": 1.0, "car_tau_mean": 2.7575, "car_tau_std": 4.7882, "car_v_mean": 12.9619, "car_v_std": 3.4798}, "datetime": {"datetime": "2024-08-08 10:20:32", "elapsed": 1512.175927, "delta": 3.08665}}
