{"target": -0.29649264280048926, "params": {"bus_acc": 1.3446, "bus_dcc": 3.3007, "bus_lcAssertive": 71.6848, "bus_lcCooperative": 0.5723, "bus_lcLookaheadLeft": 30.3407, "bus_lcPushy": 0.5509, "bus_lcSigma": 0.0357, "bus_lcSpeedGainRight": 0.0536, "bus_lcSublane": 0.6552, "bus_sigma": 0.0, "bus_tau_mean": 1.4604, "bus_tau_std": 7.4988, "bus_v_mean": 8.0, "bus_v_std": 8.5991, "car_acc": 3.9858, "car_dcc": 1.8864, "car_lcAssertive": 9.2746, "car_lcCooperative": 0.7095, "car_lcLookaheadLeft": 13.1358, "car_lcPushy": 0.0, "car_lcSigma": 0.4934, "car_lcSpeedGainRight": 1.0343, "car_lcSublane": 0.5569, "car_sigma": 0.8094, "car_tau_mean": 3.619, "car_tau_std": 3.7031, "car_v_mean": 23.2248, "car_v_std": 16.802}, "datetime": {"datetime": "2024-08-08 12:23:36", "elapsed": 1426.325735, "delta": 3.130994}}
{"target": -0.34863930877245464, "params": {"bus_acc": 4.4106, "bus_dcc": 1.0, "bus_lcAssertive": 94.1229, "bus_lcCooperative": 0.6837, "bus_lcLookaheadLeft": 94.2667, "bus_lcPushy": 0.9842, "bus_lcSigma": 0.7476, "bus_lcSpeedGainRight": 0.0, "bus_lcSublane": 0.8469, "bus_sigma": 0.5581, "bus_tau_mean": 0.7638, "bus_tau_std": 8.1098, "bus_v_mean": 8.4161, "bus_v_std": 8.2878, "car_acc": 3.8602, "car_dcc": 1.5632, "car_lcAssertive": 25.2077, "car_lcCooperative": 0.0603, "car_lcLookaheadLeft": 68.1479, "car_lcPushy": 1.0, "car_lcSigma": 0.4252, "car_lcSpeedGainRight": 4.1941, "car_lcSublane": 0.5517, "car_sigma": 0.2944, "car_tau_mean": 3.4756, "car_tau_std": 4.7889, "car_v_mean": 18.96, "car_v_std": 6.2911}, "datetime": {"datetime": "2024-08-08 12:23:39", "elapsed": 1430.002064, "delta": 3.676329}}
{"target": -0.33322111406358673, "params": {"bus_acc": 1.5922, "bus_dcc": 2.4881, "bus_lcAssertive": 9.4722, "bus_lcCooperative": 0.5173, "bus_lcLookaheadLeft": 85.5658, "bus_lcPushy": 0.7576, "bus_lcSigma": 0.7394, "bus_lcSpeedGainRight": 3.196, "bus_lcSublane": 0.3014, "bus_sigma": 0.4426, "bus_tau_mean": 2.6009, "bus_tau_std": 2.7337, "bus_v_mean": 11.5515, "bus_v_std": 7.3512, "car_acc": 2.6933, "car_dcc": 3.337, "car_lcAssertive": 6.695, "car_lcCooperative": 0.4918, "car_lcLookaheadLeft": 19.6186, "car_lcPushy": 0.5069, "car_lcSigma": 0.6231, "car_lcSpeedGainRight": 3.2091, "car_lcSublane": 0.3167, "car_sigma": 0.1527, "car_tau_mean": 1.3667, "car_tau_std": 6.2276, "car_v_mean": 19.8491, "car_v_std": 2.5846}, "datetime": {"datetime": "2024-08-08 12:23:42", "elapsed": 1432.168012, "delta": 2.165948}}
{"target": -0.32944491336585185, "params": {"bus_acc": 1.6957, "bus_dcc": 2.7325, "bus_lcAssertive": 3.77, "bus_lcCooperative": 0.0734, "bus_lcLookaheadLeft": 24.7597, "bus_lcPushy": 0.6561, "bus_lcSigma": 0.0389, "bus_lcSpeedGainRight": 1.333, "bus_lcSublane": 0.096, "bus_sigma": 0.4792, "bus_tau_mean": 3.3009, "bus_tau_std": 5.2733, "bus_v_mean": 12.0669, "bus_v_std": 4.9768, "car_acc": 1.4005, "car_dcc": 1.9758, "car_lcAssertive": 30.7165, "car_lcCooperative": 0.3373, "car_lcLookaheadLeft": 95.4149, "car_lcPushy": 0.6595, "car_lcSigma": 0.1945, "car_lcSpeedGainRight": 2.1864, "car_lcSublane": 0.1792, "car_sigma": 0.7817, "car_tau_mean": 1.655, "car_tau_std": 0.651, "car_v_mean": 17.6445, "car_v_std": 11.6036}, "datetime": {"datetime": "2024-08-08 12:23:47", "elapsed": 1437.52781, "delta": 5.359798}}
{"target": -0.30914036987110116, "params": {"bus_acc": 1.5415, "bus_dcc": 2.1215, "bus_lcAssertive": 72.7524, "bus_lcCooperative": 0.693, "bus_lcLookaheadLeft": 30.1111, "bus_lcPushy": 0.5862, "bus_lcSigma": 0.4826, "bus_lcSpeedGainRight": 2.4225, "bus_lcSublane": 0.5573, "bus_sigma": 0.4888, "bus_tau_mean": 1.5287, "bus_tau_std": 5.2937, "bus_v_mean": 10.9028, "bus_v_std": 13.9236, "car_acc": 3.212, "car_dcc": 2.3703, "car_lcAssertive": 6.0155, "car_lcCooperative": 0.4441, "car_lcLookaheadLeft": 13.3308, "car_lcPushy": 0.3902, "car_lcSigma": 0.788, "car_lcSpeedGainRight": 2.431, "car_lcSublane": 0.5278, "car_sigma": 0.5855, "car_tau_mean": 3.6177, "car_tau_std": 3.621, "car_v_mean": 19.721, "car_v_std": 15.4245}, "datetime": {"datetime": "2024-08-08 12:23:52", "elapsed": 1442.252558, "delta": 4.724748}}
{"target": -0.36184373097262595, "params": {"bus_acc": 1.6605, "bus_dcc": 3.204, "bus_lcAssertive": 34.1814, "bus_lcCooperative": 0.0812, "bus_lcLookaheadLeft": 42.5491, "bus_lcPushy": 0.3724, "bus_lcSigma": 0.0148, "bus_lcSpeedGainRight": 2.9314, "bus_lcSublane": 0.2233, "bus_sigma": 0.2623, "bus_tau_mean": 1.9604, "bus_tau_std": 2.7025, "bus_v_mean": 14.0163, "bus_v_std": 15.2453, "car_acc": 4.9195, "car_dcc": 3.6681, "car_lcAssertive": 39.0114, "car_lcCooperative": 0.3466, "car_lcLookaheadLeft": 56.9492, "car_lcPushy": 0.4023, "car_lcSigma": 0.2089, "car_lcSpeedGainRight": 0.0701, "car_lcSublane": 0.2209, "car_sigma": 0.0557, "car_tau_mean": 0.5204, "car_tau_std": 5.0076, "car_v_mean": 10.5813, "car_v_std": 9.4881}, "datetime": {"datetime": "2024-08-08 12:23:57", "elapsed": 1447.131585, "delta": 4.879027}}
{"target": -0.3051264261642189, "params": {"bus_acc": 2.8384, "bus_dcc": 2.7523, "bus_lcAssertive": 51.0759, "bus_lcCooperative": 0.7194, "bus_lcLookaheadLeft": 43.4247, "bus_lcPushy": 0.3685, "bus_lcSigma": 0.9508, "bus_lcSpeedGainRight": 4.6279, "bus_lcSublane": 0.8111, "bus_sigma": 0.1245, "bus_tau_mean": 2.0566, "bus_tau_std": 2.5422, "bus_v_mean": 15.5161, "bus_v_std": 11.1725, "car_acc": 4.7201, "car_dcc": 1.359, "car_lcAssertive": 78.1857, "car_lcCooperative": 0.4764, "car_lcLookaheadLeft": 88.7643, "car_lcPushy": 0.4583, "car_lcSigma": 0.6138, "car_lcSpeedGainRight": 1.6315, "car_lcSublane": 0.039, "car_sigma": 0.8362, "car_tau_mean": 0.5988, "car_tau_std": 5.4222, "car_v_mean": 10.3434, "car_v_std": 3.0541}, "datetime": {"datetime": "2024-08-08 12:24:02", "elapsed": 1452.217824, "delta": 5.086239}}
{"target": -0.3975806694413503, "params": {"bus_acc": 4.485, "bus_dcc": 1.6467, "bus_lcAssertive": 54.6774, "bus_lcCooperative": 0.7017, "bus_lcLookaheadLeft": 19.2593, "bus_lcPushy": 0.059, "bus_lcSigma": 0.3514, "bus_lcSpeedGainRight": 0.9985, "bus_lcSublane": 0.8903, "bus_sigma": 0.4303, "bus_tau_mean": 0.6215, "bus_tau_std": 1.6235, "bus_v_mean": 12.8685, "bus_v_std": 12.4587, "car_acc": 3.0395, "car_dcc": 3.6707, "car_lcAssertive": 95.6857, "car_lcCooperative": 0.5826, "car_lcLookaheadLeft": 71.4006, "car_lcPushy": 0.4668, "car_lcSigma": 0.5866, "car_lcSpeedGainRight": 1.1748, "car_lcSublane": 0.1197, "car_sigma": 0.1658, "car_tau_mean": 3.1866, "car_tau_std": 1.3382, "car_v_mean": 19.2246, "car_v_std": 3.9567}, "datetime": {"datetime": "2024-08-08 12:24:07", "elapsed": 1457.352863, "delta": 5.135039}}
{"target": -0.31750650918140944, "params": {"bus_acc": 3.4566, "bus_dcc": 1.4173, "bus_lcAssertive": 74.8474, "bus_lcCooperative": 0.546, "bus_lcLookaheadLeft": 26.7721, "bus_lcPushy": 0.6082, "bus_lcSigma": 0.4976, "bus_lcSpeedGainRight": 4.1465, "bus_lcSublane": 0.1287, "bus_sigma": 0.1569, "bus_tau_mean": 3.2855, "bus_tau_std": 1.2268, "bus_v_mean": 12.0947, "bus_v_std": 10.4651, "car_acc": 4.4929, "car_dcc": 1.532, "car_lcAssertive": 1.7828, "car_lcCooperative": 0.7955, "car_lcLookaheadLeft": 13.0281, "car_lcPushy": 0.1667, "car_lcSigma": 0.8403, "car_lcSpeedGainRight": 4.2159, "car_lcSublane": 0.8355, "car_sigma": 0.5458, "car_tau_mean": 2.3522, "car_tau_std": 7.8111, "car_v_mean": 23.4494, "car_v_std": 18.0056}, "datetime": {"datetime": "2024-08-08 12:24:10", "elapsed": 1460.93744, "delta": 3.584577}}
{"target": -0.33398355966189, "params": {"bus_acc": 2.5972, "bus_dcc": 3.1306, "bus_lcAssertive": 21.8745, "bus_lcCooperative": 0.7844, "bus_lcLookaheadLeft": 34.094, "bus_lcPushy": 0.4555, "bus_lcSigma": 0.3795, "bus_lcSpeedGainRight": 2.2281, "bus_lcSublane": 0.3879, "bus_sigma": 0.7703, "bus_tau_mean": 3.1593, "bus_tau_std": 8.1295, "bus_v_mean": 10.7529, "bus_v_std": 14.6164, "car_acc": 3.998, "car_dcc": 3.0029, "car_lcAssertive": 67.2594, "car_lcCooperative": 0.0774, "car_lcLookaheadLeft": 18.4508, "car_lcPushy": 0.3161, "car_lcSigma": 0.797, "car_lcSpeedGainRight": 0.7645, "car_lcSublane": 0.4274, "car_sigma": 0.3054, "car_tau_mean": 3.8253, "car_tau_std": 1.389, "car_v_mean": 22.1737, "car_v_std": 17.9744}, "datetime": {"datetime": "2024-08-08 12:24:12", "elapsed": 1462.97107, "delta": 2.03363}}
{"target": -0.3186136959009027, "params": {"bus_acc": 1.5327, "bus_dcc": 2.1136, "bus_lcAssertive": 72.9128, "bus_lcCooperative": 0.6963, "bus_lcLookaheadLeft": 30.021, "bus_lcPushy": 0.5886, "bus_lcSigma": 0.4879, "bus_lcSpeedGainRight": 2.4642, "bus_lcSublane": 0.5577, "bus_sigma": 0.4943, "bus_tau_mean": 1.5328, "bus_tau_std": 5.213, "bus_v_mean": 10.8953, "bus_v_std": 13.9225, "car_acc": 3.2251, "car_dcc": 2.3941, "car_lcAssertive": 5.8975, "car_lcCooperative": 0.4441, "car_lcLookaheadLeft": 13.3389, "car_lcPushy": 0.398, "car_lcSigma": 0.7931, "car_lcSpeedGainRight": 2.4426, "car_lcSublane": 0.5287, "car_sigma": 0.5901, "car_tau_mean": 3.6262, "car_tau_std": 3.6083, "car_v_mean": 19.7185, "car_v_std": 15.5105}, "datetime": {"datetime": "2024-08-08 12:24:15", "elapsed": 1465.618054, "delta": 2.646984}}
{"target": -0.3496323513807722, "params": {"bus_acc": 3.1828, "bus_dcc": 2.6676, "bus_lcAssertive": 41.2042, "bus_lcCooperative": 0.7651, "bus_lcLookaheadLeft": 23.2566, "bus_lcPushy": 0.6439, "bus_lcSigma": 0.5166, "bus_lcSpeedGainRight": 1.6811, "bus_lcSublane": 0.2761, "bus_sigma": 0.3225, "bus_tau_mean": 3.2786, "bus_tau_std": 4.6219, "bus_v_mean": 21.4222, "bus_v_std": 8.5184, "car_acc": 2.9388, "car_dcc": 2.769, "car_lcAssertive": 79.3529, "car_lcCooperative": 0.2399, "car_lcLookaheadLeft": 65.6545, "car_lcPushy": 0.1822, "car_lcSigma": 0.4645, "car_lcSpeedGainRight": 1.4211, "car_lcSublane": 0.5487, "car_sigma": 0.5907, "car_tau_mean": 2.0993, "car_tau_std": 9.0934, "car_v_mean": 13.7442, "car_v_std": 18.3728}, "datetime": {"datetime": "2024-08-08 12:24:17", "elapsed": 1467.927943, "delta": 2.309889}}
{"target": -0.35713955560353067, "params": {"bus_acc": 2.2501, "bus_dcc": 3.935, "bus_lcAssertive": 78.4829, "bus_lcCooperative": 0.8916, "bus_lcLookaheadLeft": 69.019, "bus_lcPushy": 0.8111, "bus_lcSigma": 0.2769, "bus_lcSpeedGainRight": 4.9125, "bus_lcSublane": 0.8895, "bus_sigma": 0.1102, "bus_tau_mean": 0.7709, "bus_tau_std": 10.0, "bus_v_mean": 21.559, "bus_v_std": 11.9856, "car_acc": 2.5938, "car_dcc": 1.9363, "car_lcAssertive": 25.1081, "car_lcCooperative": 0.8137, "car_lcLookaheadLeft": 66.6683, "car_lcPushy": 0.3407, "car_lcSigma": 0.7302, "car_lcSpeedGainRight": 3.3682, "car_lcSublane": 0.6947, "car_sigma": 0.9954, "car_tau_mean": 1.8128, "car_tau_std": 5.4498, "car_v_mean": 20.4137, "car_v_std": 6.7513}, "datetime": {"datetime": "2024-08-08 12:24:21", "elapsed": 1471.762253, "delta": 3.83431}}
{"target": -0.34777389969849093, "params": {"bus_acc": 2.6203, "bus_dcc": 1.9864, "bus_lcAssertive": 77.2405, "bus_lcCooperative": 0.3623, "bus_lcLookaheadLeft": 70.7435, "bus_lcPushy": 0.8378, "bus_lcSigma": 0.6324, "bus_lcSpeedGainRight": 2.8027, "bus_lcSublane": 0.3346, "bus_sigma": 0.4434, "bus_tau_mean": 3.5604, "bus_tau_std": 4.0363, "bus_v_mean": 21.4557, "bus_v_std": 3.4956, "car_acc": 2.1606, "car_dcc": 2.6963, "car_lcAssertive": 13.5101, "car_lcCooperative": 0.4953, "car_lcLookaheadLeft": 53.1337, "car_lcPushy": 0.2299, "car_lcSigma": 0.3743, "car_lcSpeedGainRight": 3.7591, "car_lcSublane": 0.5035, "car_sigma": 0.3461, "car_tau_mean": 1.6596, "car_tau_std": 6.715, "car_v_mean": 16.2622, "car_v_std": 7.6605}, "datetime": {"datetime": "2024-08-08 12:24:26", "elapsed": 1476.889558, "delta": 5.127305}}
{"target": -0.30379035405303034, "params": {"bus_acc": 2.5305, "bus_dcc": 3.3355, "bus_lcAssertive": 30.0297, "bus_lcCooperative": 0.3687, "bus_lcLookaheadLeft": 47.8074, "bus_lcPushy": 0.427, "bus_lcSigma": 0.2796, "bus_lcSpeedGainRight": 1.5116, "bus_lcSublane": 0.206, "bus_sigma": 0.3187, "bus_tau_mean": 3.366, "bus_tau_std": 7.6813, "bus_v_mean": 18.1619, "bus_v_std": 13.6697, "car_acc": 3.1509, "car_dcc": 1.6157, "car_lcAssertive": 80.5217, "car_lcCooperative": 0.5577, "car_lcLookaheadLeft": 50.4089, "car_lcPushy": 0.4227, "car_lcSigma": 0.5704, "car_lcSpeedGainRight": 4.0988, "car_lcSublane": 0.37, "car_sigma": 0.6507, "car_tau_mean": 2.6716, "car_tau_std": 8.9387, "car_v_mean": 11.4289, "car_v_std": 7.2242}, "datetime": {"datetime": "2024-08-08 12:24:31", "elapsed": 1481.871374, "delta": 4.981816}}
{"target": -0.3344694040346611, "params": {"bus_acc": 1.5421, "bus_dcc": 2.286, "bus_lcAssertive": 26.6829, "bus_lcCooperative": 0.0544, "bus_lcLookaheadLeft": 86.6326, "bus_lcPushy": 0.0386, "bus_lcSigma": 0.3635, "bus_lcSpeedGainRight": 3.731, "bus_lcSublane": 0.1779, "bus_sigma": 0.1283, "bus_tau_mean": 3.9678, "bus_tau_std": 6.3209, "bus_v_mean": 15.6949, "bus_v_std": 11.0298, "car_acc": 4.9178, "car_dcc": 3.5018, "car_lcAssertive": 30.1593, "car_lcCooperative": 0.7717, "car_lcLookaheadLeft": 57.3471, "car_lcPushy": 0.0758, "car_lcSigma": 0.9143, "car_lcSpeedGainRight": 0.6215, "car_lcSublane": 0.5323, "car_sigma": 0.8324, "car_tau_mean": 1.0418, "car_tau_std": 7.413, "car_v_mean": 23.006, "car_v_std": 16.2714}, "datetime": {"datetime": "2024-08-08 12:24:34", "elapsed": 1485.051441, "delta": 3.180067}}
{"target": -0.3253748332329711, "params": {"bus_acc": 3.1102, "bus_dcc": 1.6943, "bus_lcAssertive": 37.8654, "bus_lcCooperative": 0.2091, "bus_lcLookaheadLeft": 40.9342, "bus_lcPushy": 0.8449, "bus_lcSigma": 0.5126, "bus_lcSpeedGainRight": 3.762, "bus_lcSublane": 0.719, "bus_sigma": 0.5489, "bus_tau_mean": 2.2494, "bus_tau_std": 5.5865, "bus_v_mean": 18.767, "bus_v_std": 17.9008, "car_acc": 2.6465, "car_dcc": 3.399, "car_lcAssertive": 43.8797, "car_lcCooperative": 0.9443, "car_lcLookaheadLeft": 56.3323, "car_lcPushy": 0.9154, "car_lcSigma": 0.1785, "car_lcSpeedGainRight": 4.2714, "car_lcSublane": 0.5743, "car_sigma": 0.4463, "car_tau_mean": 3.0963, "car_tau_std": 8.534, "car_v_mean": 10.9977, "car_v_std": 11.4651}, "datetime": {"datetime": "2024-08-08 12:24:38", "elapsed": 1488.714879, "delta": 3.663438}}
{"target": -0.3337045586261457, "params": {"bus_acc": 1.4411, "bus_dcc": 2.2958, "bus_lcAssertive": 12.5055, "bus_lcCooperative": 0.7895, "bus_lcLookaheadLeft": 88.5755, "bus_lcPushy": 0.5112, "bus_lcSigma": 0.7184, "bus_lcSpeedGainRight": 2.8397, "bus_lcSublane": 0.2287, "bus_sigma": 0.8274, "bus_tau_mean": 2.3925, "bus_tau_std": 2.3129, "bus_v_mean": 12.3522, "bus_v_std": 6.8405, "car_acc": 3.2738, "car_dcc": 3.2466, "car_lcAssertive": 4.6647, "car_lcCooperative": 0.4581, "car_lcLookaheadLeft": 21.752, "car_lcPushy": 0.6266, "car_lcSigma": 0.4157, "car_lcSpeedGainRight": 1.322, "car_lcSublane": 0.3862, "car_sigma": 0.0956, "car_tau_mean": 2.0059, "car_tau_std": 7.0479, "car_v_mean": 15.974, "car_v_std": 2.7327}, "datetime": {"datetime": "2024-08-08 12:24:40", "elapsed": 1491.033717, "delta": 2.318838}}
{"target": -0.3347483198399806, "params": {"bus_acc": 1.4886, "bus_dcc": 2.0595, "bus_lcAssertive": 73.3838, "bus_lcCooperative": 0.6993, "bus_lcLookaheadLeft": 29.7633, "bus_lcPushy": 0.5855, "bus_lcSigma": 0.5016, "bus_lcSpeedGainRight": 2.5836, "bus_lcSublane": 0.5494, "bus_sigma": 0.4954, "bus_tau_mean": 1.5299, "bus_tau_std": 4.9652, "bus_v_mean": 10.8413, "bus_v_std": 13.9407, "car_acc": 3.2335, "car_dcc": 2.4482, "car_lcAssertive": 5.5207, "car_lcCooperative": 0.4381, "car_lcLookaheadLeft": 13.3657, "car_lcPushy": 0.4154, "car_lcSigma": 0.8128, "car_lcSpeedGainRight": 2.4743, "car_lcSublane": 0.5143, "car_sigma": 0.6013, "car_tau_mean": 3.6464, "car_tau_std": 3.5505, "car_v_mean": 19.7326, "car_v_std": 15.7966}, "datetime": {"datetime": "2024-08-08 12:24:41", "elapsed": 1491.906066, "delta": 0.872349}}
{"target": -0.34200515943933163, "params": {"bus_acc": 4.1143, "bus_dcc": 1.4199, "bus_lcAssertive": 74.0049, "bus_lcCooperative": 0.3007, "bus_lcLookaheadLeft": 64.6642, "bus_lcPushy": 0.6305, "bus_lcSigma": 0.4913, "bus_lcSpeedGainRight": 1.9128, "bus_lcSublane": 0.9004, "bus_sigma": 0.835, "bus_tau_mean": 3.6035, "bus_tau_std": 9.751, "bus_v_mean": 22.5864, "bus_v_std": 10.3969, "car_acc": 4.4533, "car_dcc": 3.0006, "car_lcAssertive": 26.0009, "car_lcCooperative": 0.5855, "car_lcLookaheadLeft": 69.5727, "car_lcPushy": 0.3164, "car_lcSigma": 0.9411, "car_lcSpeedGainRight": 0.2167, "car_lcSublane": 0.066, "car_sigma": 0.7048, "car_tau_mean": 2.9413, "car_tau_std": 6.731, "car_v_mean": 16.9349, "car_v_std": 8.2667}, "datetime": {"datetime": "2024-08-08 12:24:43", "elapsed": 1493.655967, "delta": 1.749901}}
{"target": -0.3221625889393623, "params": {"bus_acc": 1.756, "bus_dcc": 2.0753, "bus_lcAssertive": 26.5886, "bus_lcCooperative": 0.7158, "bus_lcLookaheadLeft": 88.5, "bus_lcPushy": 0.5664, "bus_lcSigma": 0.3758, "bus_lcSpeedGainRight": 1.0574, "bus_lcSublane": 0.9156, "bus_sigma": 0.5654, "bus_tau_mean": 1.9168, "bus_tau_std": 0.642, "bus_v_mean": 9.2457, "bus_v_std": 1.9757, "car_acc": 3.3599, "car_dcc": 1.9724, "car_lcAssertive": 83.2559, "car_lcCooperative": 0.6152, "car_lcLookaheadLeft": 92.2211, "car_lcPushy": 0.2758, "car_lcSigma": 0.7904, "car_lcSpeedGainRight": 2.9889, "car_lcSublane": 0.5227, "car_sigma": 0.3975, "car_tau_mean": 2.6206, "car_tau_std": 7.3804, "car_v_mean": 19.5923, "car_v_std": 4.9746}, "datetime": {"datetime": "2024-08-08 12:24:47", "elapsed": 1497.548207, "delta": 3.89224}}
{"target": -0.3111679850867097, "params": {"bus_acc": 1.5732, "bus_dcc": 2.1924, "bus_lcAssertive": 72.4859, "bus_lcCooperative": 0.6838, "bus_lcLookaheadLeft": 30.2079, "bus_lcPushy": 0.5828, "bus_lcSigma": 0.4662, "bus_lcSpeedGainRight": 2.2872, "bus_lcSublane": 0.559, "bus_sigma": 0.4716, "bus_tau_mean": 1.5566, "bus_tau_std": 5.4966, "bus_v_mean": 10.864, "bus_v_std": 13.7868, "car_acc": 3.2335, "car_dcc": 2.3307, "car_lcAssertive": 6.342, "car_lcCooperative": 0.4504, "car_lcLookaheadLeft": 13.3662, "car_lcPushy": 0.364, "car_lcSigma": 0.7692, "car_lcSpeedGainRight": 2.3611, "car_lcSublane": 0.532, "car_sigma": 0.5836, "car_tau_mean": 3.5983, "car_tau_std": 3.6416, "car_v_mean": 19.7575, "car_v_std": 15.2498}, "datetime": {"datetime": "2024-08-08 12:24:50", "elapsed": 1500.184049, "delta": 2.635842}}
{"target": -0.3563800523327205, "params": {"bus_acc": 3.4652, "bus_dcc": 2.7454, "bus_lcAssertive": 84.4153, "bus_lcCooperative": 0.3666, "bus_lcLookaheadLeft": 4.1049, "bus_lcPushy": 0.3673, "bus_lcSigma": 0.4766, "bus_lcSpeedGainRight": 2.1657, "bus_lcSublane": 0.9209, "bus_sigma": 0.8203, "bus_tau_mean": 3.7034, "bus_tau_std": 5.1673, "bus_v_mean": 17.9073, "bus_v_std": 8.5421, "car_acc": 1.4839, "car_dcc": 3.3677, "car_lcAssertive": 58.1089, "car_lcCooperative": 0.4008, "car_lcLookaheadLeft": 3.1889, "car_lcPushy": 0.7911, "car_lcSigma": 0.6804, "car_lcSpeedGainRight": 0.6718, "car_lcSublane": 0.5007, "car_sigma": 0.6383, "car_tau_mean": 0.5931, "car_tau_std": 2.779, "car_v_mean": 19.2019, "car_v_std": 6.6582}, "datetime": {"datetime": "2024-08-08 12:24:51", "elapsed": 1501.846417, "delta": 1.662368}}
{"target": -0.3272604721894854, "params": {"bus_acc": 3.8854, "bus_dcc": 2.1189, "bus_lcAssertive": 26.1338, "bus_lcCooperative": 0.6441, "bus_lcLookaheadLeft": 87.3777, "bus_lcPushy": 0.3603, "bus_lcSigma": 0.5947, "bus_lcSpeedGainRight": 4.6728, "bus_lcSublane": 0.3283, "bus_sigma": 0.8019, "bus_tau_mean": 2.5026, "bus_tau_std": 5.7049, "bus_v_mean": 17.1872, "bus_v_std": 14.1776, "car_acc": 4.3798, "car_dcc": 2.682, "car_lcAssertive": 29.2013, "car_lcCooperative": 0.6729, "car_lcLookaheadLeft": 58.9381, "car_lcPushy": 0.1503, "car_lcSigma": 0.6227, "car_lcSpeedGainRight": 2.1641, "car_lcSublane": 0.4425, "car_sigma": 0.1372, "car_tau_mean": 1.8811, "car_tau_std": 8.9473, "car_v_mean": 19.179, "car_v_std": 19.6578}, "datetime": {"datetime": "2024-08-08 12:24:55", "elapsed": 1505.781964, "delta": 3.935547}}
{"target": -0.32527308308909875, "params": {"bus_acc": 1.5555, "bus_dcc": 1.6316, "bus_lcAssertive": 34.5081, "bus_lcCooperative": 0.8649, "bus_lcLookaheadLeft": 31.8629, "bus_lcPushy": 0.7941, "bus_lcSigma": 0.5624, "bus_lcSpeedGainRight": 2.5768, "bus_lcSublane": 0.4381, "bus_sigma": 0.1975, "bus_tau_mean": 3.4171, "bus_tau_std": 2.0262, "bus_v_mean": 12.3491, "bus_v_std": 4.492, "car_acc": 4.1034, "car_dcc": 3.1213, "car_lcAssertive": 25.602, "car_lcCooperative": 0.1697, "car_lcLookaheadLeft": 87.7939, "car_lcPushy": 0.7595, "car_lcSigma": 0.113, "car_lcSpeedGainRight": 3.9959, "car_lcSublane": 0.7121, "car_sigma": 0.4538, "car_tau_mean": 2.8247, "car_tau_std": 1.2083, "car_v_mean": 12.8366, "car_v_std": 2.1622}, "datetime": {"datetime": "2024-08-08 12:25:01", "elapsed": 1511.419674, "delta": 5.63771}}
{"target": -0.3423332388306175, "params": {"bus_acc": 2.7821, "bus_dcc": 3.1786, "bus_lcAssertive": 31.7056, "bus_lcCooperative": 0.1427, "bus_lcLookaheadLeft": 45.4107, "bus_lcPushy": 0.1144, "bus_lcSigma": 0.7463, "bus_lcSpeedGainRight": 4.1629, "bus_lcSublane": 0.1278, "bus_sigma": 0.173, "bus_tau_mean": 3.359, "bus_tau_std": 8.8145, "bus_v_mean": 17.653, "bus_v_std": 16.482, "car_acc": 3.9246, "car_dcc": 2.62, "car_lcAssertive": 77.5711, "car_lcCooperative": 0.0908, "car_lcLookaheadLeft": 51.8815, "car_lcPushy": 0.1116, "car_lcSigma": 0.6771, "car_lcSpeedGainRight": 4.537, "car_lcSublane": 0.1067, "car_sigma": 0.2028, "car_tau_mean": 0.8742, "car_tau_std": 7.2979, "car_v_mean": 18.1901, "car_v_std": 7.7555}, "datetime": {"datetime": "2024-08-08 12:25:04", "elapsed": 1514.864494, "delta": 3.44482}}
