{"target": -0.35681624135122464, "params": {"bus_acc": 1.1989, "bus_dcc": 1.4368, "bus_lcAssertive": 77.7939, "bus_lcCooperative": 0.1501, "bus_lcLookaheadLeft": 52.8735, "bus_lcPushy": 0.7273, "bus_lcSigma": 0.1312, "bus_lcSpeedGainRight": 2.1105, "bus_lcSublane": 0.5589, "bus_sigma": 0.4327, "bus_tau_mean": 2.1315, "bus_tau_std": 5.804, "bus_v_mean": 8.7749, "bus_v_std": 5.1476, "car_acc": 2.3045, "car_dcc": 2.1538, "car_lcAssertive": 85.9565, "car_lcCooperative": 0.6795, "car_lcLookaheadLeft": 5.682, "car_lcPushy": 0.2854, "car_lcSigma": 0.9274, "car_lcSpeedGainRight": 1.6071, "car_lcSublane": 0.151, "car_sigma": 0.7908, "car_tau_mean": 2.7861, "car_tau_std": 8.6204, "car_v_mean": 12.0619, "car_v_std": 8.2558}, "datetime": {"datetime": "2024-08-08 10:42:37", "elapsed": 2837.650561, "delta": 1.16132}}
{"target": -0.3133743187678035, "params": {"bus_acc": 2.2892, "bus_dcc": 1.5359, "bus_lcAssertive": 91.4461, "bus_lcCooperative": 0.4016, "bus_lcLookaheadLeft": 9.19, "bus_lcPushy": 0.8582, "bus_lcSigma": 0.0864, "bus_lcSpeedGainRight": 2.7049, "bus_lcSublane": 0.3297, "bus_sigma": 0.5886, "bus_tau_mean": 3.4159, "bus_tau_std": 7.2647, "bus_v_mean": 14.3179, "bus_v_std": 8.405, "car_acc": 2.8633, "car_dcc": 3.161, "car_lcAssertive": 59.4851, "car_lcCooperative": 0.9557, "car_lcLookaheadLeft": 12.1539, "car_lcPushy": 0.3103, "car_lcSigma": 0.2783, "car_lcSpeedGainRight": 0.5298, "car_lcSublane": 0.9096, "car_sigma": 0.1735, "car_tau_mean": 1.5184, "car_tau_std": 2.9167, "car_v_mean": 17.4891, "car_v_std": 3.6418}, "datetime": {"datetime": "2024-08-08 10:42:38", "elapsed": 2838.674308, "delta": 1.023747}}
{"target": -0.36505578191100996, "params": {"bus_acc": 2.5099, "bus_dcc": 2.438, "bus_lcAssertive": 44.0358, "bus_lcCooperative": 0.9694, "bus_lcLookaheadLeft": 78.2615, "bus_lcPushy": 0.4479, "bus_lcSigma": 0.802, "bus_lcSpeedGainRight": 0.8582, "bus_lcSublane": 0.4977, "bus_sigma": 0.3428, "bus_tau_mean": 3.5442, "bus_tau_std": 8.8257, "bus_v_mean": 22.417, "bus_v_std": 3.9387, "car_acc": 2.9067, "car_dcc": 2.39, "car_lcAssertive": 62.5878, "car_lcCooperative": 0.2319, "car_lcLookaheadLeft": 40.5439, "car_lcPushy": 0.1704, "car_lcSigma": 0.3005, "car_lcSpeedGainRight": 3.9714, "car_lcSublane": 0.6263, "car_sigma": 0.2491, "car_tau_mean": 2.5237, "car_tau_std": 7.4481, "car_v_mean": 9.461, "car_v_std": 5.4284}, "datetime": {"datetime": "2024-08-08 10:42:40", "elapsed": 2840.020564, "delta": 1.346256}}
{"target": -0.3434562515445409, "params": {"bus_acc": 2.4758, "bus_dcc": 2.6146, "bus_lcAssertive": 92.6648, "bus_lcCooperative": 0.9395, "bus_lcLookaheadLeft": 86.891, "bus_lcPushy": 0.2447, "bus_lcSigma": 0.6145, "bus_lcSpeedGainRight": 2.7369, "bus_lcSublane": 0.0986, "bus_sigma": 0.7862, "bus_tau_mean": 1.4799, "bus_tau_std": 4.8281, "bus_v_mean": 19.2037, "bus_v_std": 16.5628, "car_acc": 2.9726, "car_dcc": 1.9543, "car_lcAssertive": 37.5185, "car_lcCooperative": 0.1048, "car_lcLookaheadLeft": 41.876, "car_lcPushy": 0.445, "car_lcSigma": 0.9702, "car_lcSpeedGainRight": 1.4155, "car_lcSublane": 0.0705, "car_sigma": 0.0345, "car_tau_mean": 0.8299, "car_tau_std": 7.277, "car_v_mean": 20.6985, "car_v_std": 8.2294}, "datetime": {"datetime": "2024-08-08 10:42:41", "elapsed": 2841.737276, "delta": 1.716712}}
{"target": -0.3241777088095473, "params": {"bus_acc": 1.0933, "bus_dcc": 1.8589, "bus_lcAssertive": 23.554, "bus_lcCooperative": 0.0301, "bus_lcLookaheadLeft": 79.2694, "bus_lcPushy": 0.2326, "bus_lcSigma": 0.4129, "bus_lcSpeedGainRight": 1.9072, "bus_lcSublane": 0.1601, "bus_sigma": 0.3488, "bus_tau_mean": 2.9415, "bus_tau_std": 8.4742, "bus_v_mean": 12.3294, "bus_v_std": 9.3395, "car_acc": 1.1282, "car_dcc": 1.9605, "car_lcAssertive": 84.9391, "car_lcCooperative": 0.6637, "car_lcLookaheadLeft": 24.3477, "car_lcPushy": 0.328, "car_lcSigma": 0.6979, "car_lcSpeedGainRight": 1.7153, "car_lcSublane": 0.6524, "car_sigma": 0.5257, "car_tau_mean": 0.9064, "car_tau_std": 3.3425, "car_v_mean": 14.486, "car_v_std": 14.0829}, "datetime": {"datetime": "2024-08-08 10:42:43", "elapsed": 2843.241791, "delta": 1.504515}}
{"target": -0.3735588346436314, "params": {"bus_acc": 2.0106, "bus_dcc": 2.1904, "bus_lcAssertive": 6.1655, "bus_lcCooperative": 0.7591, "bus_lcLookaheadLeft": 2.0688, "bus_lcPushy": 0.3157, "bus_lcSigma": 0.6679, "bus_lcSpeedGainRight": 2.2044, "bus_lcSublane": 0.1679, "bus_sigma": 0.8861, "bus_tau_mean": 3.5529, "bus_tau_std": 2.5722, "bus_v_mean": 15.0402, "bus_v_std": 0.6348, "car_acc": 2.2745, "car_dcc": 2.3501, "car_lcAssertive": 67.8599, "car_lcCooperative": 0.6991, "car_lcLookaheadLeft": 15.2129, "car_lcPushy": 0.4054, "car_lcSigma": 0.0571, "car_lcSpeedGainRight": 3.3, "car_lcSublane": 0.2484, "car_sigma": 0.6974, "car_tau_mean": 2.2924, "car_tau_std": 6.4349, "car_v_mean": 18.6094, "car_v_std": 5.3671}, "datetime": {"datetime": "2024-08-08 10:42:54", "elapsed": 2854.043798, "delta": 10.802007}}
{"target": -0.3218648603198745, "params": {"bus_acc": 1.7528, "bus_dcc": 1.1669, "bus_lcAssertive": 14.6931, "bus_lcCooperative": 0.4213, "bus_lcLookaheadLeft": 60.2545, "bus_lcPushy": 0.6026, "bus_lcSigma": 0.7146, "bus_lcSpeedGainRight": 2.9298, "bus_lcSublane": 0.1406, "bus_sigma": 0.2403, "bus_tau_mean": 2.3991, "bus_tau_std": 6.5733, "bus_v_mean": 23.8614, "bus_v_std": 19.014, "car_acc": 2.3092, "car_dcc": 3.0044, "car_lcAssertive": 66.0202, "car_lcCooperative": 0.6803, "car_lcLookaheadLeft": 91.5512, "car_lcPushy": 0.2777, "car_lcSigma": 0.9148, "car_lcSpeedGainRight": 3.275, "car_lcSublane": 0.6846, "car_sigma": 0.7711, "car_tau_mean": 1.0729, "car_tau_std": 4.3567, "car_v_mean": 11.3918, "car_v_std": 6.5737}, "datetime": {"datetime": "2024-08-08 10:42:56", "elapsed": 2856.351112, "delta": 2.307314}}
{"target": -0.3557985310958627, "params": {"bus_acc": 2.5379, "bus_dcc": 2.5301, "bus_lcAssertive": 36.9446, "bus_lcCooperative": 0.7086, "bus_lcLookaheadLeft": 84.3488, "bus_lcPushy": 0.2223, "bus_lcSigma": 0.2785, "bus_lcSpeedGainRight": 0.8348, "bus_lcSublane": 0.0406, "bus_sigma": 0.0891, "bus_tau_mean": 2.3296, "bus_tau_std": 5.6653, "bus_v_mean": 23.9141, "bus_v_std": 1.6063, "car_acc": 2.621, "car_dcc": 2.1258, "car_lcAssertive": 90.8183, "car_lcCooperative": 0.0878, "car_lcLookaheadLeft": 78.4075, "car_lcPushy": 0.232, "car_lcSigma": 0.8008, "car_lcSpeedGainRight": 4.9704, "car_lcSublane": 0.5471, "car_sigma": 0.3817, "car_tau_mean": 1.8286, "car_tau_std": 9.6319, "car_v_mean": 9.5729, "car_v_std": 16.9849}, "datetime": {"datetime": "2024-08-08 10:42:57", "elapsed": 2857.35554, "delta": 1.004428}}
{"target": -0.3501453352826298, "params": {"bus_acc": 2.2598, "bus_dcc": 3.8174, "bus_lcAssertive": 44.5856, "bus_lcCooperative": 0.5792, "bus_lcLookaheadLeft": 28.2782, "bus_lcPushy": 0.5523, "bus_lcSigma": 0.9867, "bus_lcSpeedGainRight": 0.8633, "bus_lcSublane": 0.1704, "bus_sigma": 0.9137, "bus_tau_mean": 1.8636, "bus_tau_std": 5.628, "bus_v_mean": 11.7246, "bus_v_std": 5.042, "car_acc": 1.617, "car_dcc": 1.4106, "car_lcAssertive": 9.7854, "car_lcCooperative": 0.0436, "car_lcLookaheadLeft": 58.3205, "car_lcPushy": 0.4952, "car_lcSigma": 0.3501, "car_lcSpeedGainRight": 2.4822, "car_lcSublane": 0.8728, "car_sigma": 0.1244, "car_tau_mean": 1.8937, "car_tau_std": 4.684, "car_v_mean": 18.0151, "car_v_std": 7.0882}, "datetime": {"datetime": "2024-08-08 10:43:03", "elapsed": 2863.759561, "delta": 6.404021}}
{"target": -0.3502533629551363, "params": {"bus_acc": 1.8752, "bus_dcc": 2.4113, "bus_lcAssertive": 79.727, "bus_lcCooperative": 0.1795, "bus_lcLookaheadLeft": 41.5941, "bus_lcPushy": 0.9211, "bus_lcSigma": 0.9562, "bus_lcSpeedGainRight": 2.4957, "bus_lcSublane": 0.2008, "bus_sigma": 0.9044, "bus_tau_mean": 1.0843, "bus_tau_std": 9.3522, "bus_v_mean": 19.6091, "bus_v_std": 17.2813, "car_acc": 2.7244, "car_dcc": 2.8628, "car_lcAssertive": 37.697, "car_lcCooperative": 0.5802, "car_lcLookaheadLeft": 94.5684, "car_lcPushy": 0.3823, "car_lcSigma": 0.7107, "car_lcSpeedGainRight": 1.9985, "car_lcSublane": 0.9812, "car_sigma": 0.2686, "car_tau_mean": 2.8372, "car_tau_std": 4.9321, "car_v_mean": 12.4731, "car_v_std": 18.3108}, "datetime": {"datetime": "2024-08-08 10:43:05", "elapsed": 2865.986272, "delta": 2.226711}}
{"target": -0.3420785243927106, "params": {"bus_acc": 2.2658, "bus_dcc": 1.9684, "bus_lcAssertive": 65.2079, "bus_lcCooperative": 0.8147, "bus_lcLookaheadLeft": 24.5936, "bus_lcPushy": 0.4618, "bus_lcSigma": 0.5299, "bus_lcSpeedGainRight": 4.6952, "bus_lcSublane": 0.3499, "bus_sigma": 0.5383, "bus_tau_mean": 1.4309, "bus_tau_std": 2.2926, "bus_v_mean": 8.3117, "bus_v_std": 10.1718, "car_acc": 2.4068, "car_dcc": 1.8258, "car_lcAssertive": 42.9995, "car_lcCooperative": 0.8318, "car_lcLookaheadLeft": 43.0516, "car_lcPushy": 0.4595, "car_lcSigma": 0.6144, "car_lcSpeedGainRight": 2.5559, "car_lcSublane": 0.7376, "car_sigma": 0.4438, "car_tau_mean": 3.1303, "car_tau_std": 7.6952, "car_v_mean": 13.663, "car_v_std": 14.2652}, "datetime": {"datetime": "2024-08-08 10:43:08", "elapsed": 2868.539483, "delta": 2.553211}}
{"target": -0.36614638435130087, "params": {"bus_acc": 1.4648, "bus_dcc": 2.3429, "bus_lcAssertive": 54.9419, "bus_lcCooperative": 0.2402, "bus_lcLookaheadLeft": 64.1816, "bus_lcPushy": 0.6529, "bus_lcSigma": 0.4658, "bus_lcSpeedGainRight": 3.3267, "bus_lcSublane": 0.1952, "bus_sigma": 0.8071, "bus_tau_mean": 1.3718, "bus_tau_std": 9.9781, "bus_v_mean": 9.4265, "bus_v_std": 19.2155, "car_acc": 1.7058, "car_dcc": 3.84, "car_lcAssertive": 88.6454, "car_lcCooperative": 0.4371, "car_lcLookaheadLeft": 72.8163, "car_lcPushy": 0.0338, "car_lcSigma": 0.5712, "car_lcSpeedGainRight": 2.4423, "car_lcSublane": 0.1955, "car_sigma": 0.7551, "car_tau_mean": 3.5382, "car_tau_std": 1.199, "car_v_mean": 8.8956, "car_v_std": 15.7411}, "datetime": {"datetime": "2024-08-08 10:43:10", "elapsed": 2870.598221, "delta": 2.058738}}
{"target": -0.34164076278330735, "params": {"bus_acc": 2.6698, "bus_dcc": 2.4121, "bus_lcAssertive": 39.2946, "bus_lcCooperative": 0.2839, "bus_lcLookaheadLeft": 61.128, "bus_lcPushy": 0.863, "bus_lcSigma": 0.2079, "bus_lcSpeedGainRight": 3.5774, "bus_lcSublane": 0.964, "bus_sigma": 0.4674, "bus_tau_mean": 0.904, "bus_tau_std": 0.5998, "bus_v_mean": 11.821, "bus_v_std": 4.2172, "car_acc": 2.4032, "car_dcc": 1.8318, "car_lcAssertive": 54.3251, "car_lcCooperative": 0.6914, "car_lcLookaheadLeft": 49.0451, "car_lcPushy": 0.443, "car_lcSigma": 0.1021, "car_lcSpeedGainRight": 4.0819, "car_lcSublane": 0.6972, "car_sigma": 0.4999, "car_tau_mean": 2.0845, "car_tau_std": 3.621, "car_v_mean": 12.4816, "car_v_std": 6.9473}, "datetime": {"datetime": "2024-08-08 10:43:13", "elapsed": 2873.964285, "delta": 3.366064}}
{"target": -0.3781279625868217, "params": {"bus_acc": 1.2989, "bus_dcc": 1.4393, "bus_lcAssertive": 30.4696, "bus_lcCooperative": 0.1638, "bus_lcLookaheadLeft": 13.3947, "bus_lcPushy": 0.0043, "bus_lcSigma": 0.4325, "bus_lcSpeedGainRight": 2.3526, "bus_lcSublane": 0.3141, "bus_sigma": 0.3279, "bus_tau_mean": 3.635, "bus_tau_std": 4.7899, "bus_v_mean": 14.485, "bus_v_std": 8.8209, "car_acc": 1.1721, "car_dcc": 2.1695, "car_lcAssertive": 18.488, "car_lcCooperative": 0.7434, "car_lcLookaheadLeft": 32.5075, "car_lcPushy": 0.9723, "car_lcSigma": 0.8662, "car_lcSpeedGainRight": 1.6473, "car_lcSublane": 0.9142, "car_sigma": 0.3189, "car_tau_mean": 0.8809, "car_tau_std": 8.7715, "car_v_mean": 10.7025, "car_v_std": 8.5429}, "datetime": {"datetime": "2024-08-08 10:43:17", "elapsed": 2877.147589, "delta": 3.183304}}
{"target": -0.33231154068159824, "params": {"bus_acc": 1.2671, "bus_dcc": 3.7819, "bus_lcAssertive": 84.6938, "bus_lcCooperative": 0.9171, "bus_lcLookaheadLeft": 52.2704, "bus_lcPushy": 0.258, "bus_lcSigma": 0.7992, "bus_lcSpeedGainRight": 0.9292, "bus_lcSublane": 0.0398, "bus_sigma": 0.3597, "bus_tau_mean": 0.8251, "bus_tau_std": 2.0326, "bus_v_mean": 8.7854, "bus_v_std": 14.9573, "car_acc": 2.1496, "car_dcc": 2.7431, "car_lcAssertive": 30.1276, "car_lcCooperative": 0.3966, "car_lcLookaheadLeft": 52.4215, "car_lcPushy": 0.1381, "car_lcSigma": 0.0884, "car_lcSpeedGainRight": 0.1453, "car_lcSublane": 0.0712, "car_sigma": 0.845, "car_tau_mean": 2.7397, "car_tau_std": 0.1538, "car_v_mean": 18.1241, "car_v_std": 14.6613}, "datetime": {"datetime": "2024-08-08 10:43:22", "elapsed": 2882.424209, "delta": 5.27662}}
{"target": -0.3949487367927248, "params": {"bus_acc": 1.0851, "bus_dcc": 2.1087, "bus_lcAssertive": 46.8219, "bus_lcCooperative": 0.6645, "bus_lcLookaheadLeft": 21.6568, "bus_lcPushy": 0.5767, "bus_lcSigma": 0.7521, "bus_lcSpeedGainRight": 4.3667, "bus_lcSublane": 0.4383, "bus_sigma": 0.4493, "bus_tau_mean": 0.9362, "bus_tau_std": 2.2133, "bus_v_mean": 23.562, "bus_v_std": 5.7471, "car_acc": 2.3778, "car_dcc": 2.2362, "car_lcAssertive": 47.5069, "car_lcCooperative": 0.4579, "car_lcLookaheadLeft": 21.7417, "car_lcPushy": 0.8737, "car_lcSigma": 0.4781, "car_lcSpeedGainRight": 0.7105, "car_lcSublane": 0.771, "car_sigma": 0.7557, "car_tau_mean": 3.5962, "car_tau_std": 0.0465, "car_v_mean": 23.0101, "car_v_std": 5.2973}, "datetime": {"datetime": "2024-08-08 10:43:24", "elapsed": 2884.230588, "delta": 1.806379}}
{"target": -0.3562035170945534, "params": {"bus_acc": 1.1348, "bus_dcc": 2.341, "bus_lcAssertive": 20.1135, "bus_lcCooperative": 0.5975, "bus_lcLookaheadLeft": 62.7987, "bus_lcPushy": 0.0053, "bus_lcSigma": 0.2265, "bus_lcSpeedGainRight": 2.6012, "bus_lcSublane": 0.3029, "bus_sigma": 0.7918, "bus_tau_mean": 3.7456, "bus_tau_std": 3.0438, "bus_v_mean": 17.0001, "bus_v_std": 15.5468, "car_acc": 1.7117, "car_dcc": 1.8931, "car_lcAssertive": 83.3132, "car_lcCooperative": 0.7071, "car_lcLookaheadLeft": 59.8637, "car_lcPushy": 0.8581, "car_lcSigma": 0.4049, "car_lcSpeedGainRight": 4.0778, "car_lcSublane": 0.4962, "car_sigma": 0.4242, "car_tau_mean": 2.7607, "car_tau_std": 2.9884, "car_v_mean": 15.8443, "car_v_std": 11.4679}, "datetime": {"datetime": "2024-08-08 10:43:31", "elapsed": 2891.943979, "delta": 7.713391}}
{"target": -0.4204566512427436, "params": {"bus_acc": 1.851, "bus_dcc": 2.4302, "bus_lcAssertive": 79.5032, "bus_lcCooperative": 0.5578, "bus_lcLookaheadLeft": 13.8297, "bus_lcPushy": 0.1599, "bus_lcSigma": 0.1077, "bus_lcSpeedGainRight": 1.6334, "bus_lcSublane": 0.2531, "bus_sigma": 0.9752, "bus_tau_mean": 2.4248, "bus_tau_std": 4.8911, "bus_v_mean": 17.8134, "bus_v_std": 2.267, "car_acc": 1.3478, "car_dcc": 3.5043, "car_lcAssertive": 24.5704, "car_lcCooperative": 0.1323, "car_lcLookaheadLeft": 93.5171, "car_lcPushy": 0.5614, "car_lcSigma": 0.9943, "car_lcSpeedGainRight": 3.8149, "car_lcSublane": 0.8083, "car_sigma": 0.6727, "car_tau_mean": 1.9938, "car_tau_std": 3.4439, "car_v_mean": 13.1663, "car_v_std": 15.9027}, "datetime": {"datetime": "2024-08-08 10:43:36", "elapsed": 2896.588166, "delta": 4.644187}}
{"target": -0.3525159076122811, "params": {"bus_acc": 1.2708, "bus_dcc": 3.2011, "bus_lcAssertive": 18.14, "bus_lcCooperative": 0.015, "bus_lcLookaheadLeft": 94.8464, "bus_lcPushy": 0.0767, "bus_lcSigma": 0.3317, "bus_lcSpeedGainRight": 1.3726, "bus_lcSublane": 0.0816, "bus_sigma": 0.7716, "bus_tau_mean": 1.7492, "bus_tau_std": 6.601, "bus_v_mean": 11.0209, "bus_v_std": 16.5189, "car_acc": 1.2101, "car_dcc": 3.169, "car_lcAssertive": 34.3986, "car_lcCooperative": 0.7939, "car_lcLookaheadLeft": 99.9173, "car_lcPushy": 0.4146, "car_lcSigma": 0.7268, "car_lcSpeedGainRight": 1.5558, "car_lcSublane": 0.3003, "car_sigma": 0.4106, "car_tau_mean": 2.482, "car_tau_std": 3.499, "car_v_mean": 18.4161, "car_v_std": 4.2185}, "datetime": {"datetime": "2024-08-08 10:43:37", "elapsed": 2897.648899, "delta": 1.060733}}
{"target": -0.3645674787273885, "params": {"bus_acc": 2.8353, "bus_dcc": 1.8012, "bus_lcAssertive": 8.9062, "bus_lcCooperative": 0.4869, "bus_lcLookaheadLeft": 3.8443, "bus_lcPushy": 0.2185, "bus_lcSigma": 0.3503, "bus_lcSpeedGainRight": 1.7605, "bus_lcSublane": 0.3053, "bus_sigma": 0.2248, "bus_tau_mean": 2.9909, "bus_tau_std": 0.5961, "bus_v_mean": 9.4484, "bus_v_std": 12.9067, "car_acc": 1.0939, "car_dcc": 1.4192, "car_lcAssertive": 32.7434, "car_lcCooperative": 0.0458, "car_lcLookaheadLeft": 68.8049, "car_lcPushy": 0.942, "car_lcSigma": 0.7235, "car_lcSpeedGainRight": 0.1151, "car_lcSublane": 0.0577, "car_sigma": 0.0687, "car_tau_mean": 0.8761, "car_tau_std": 8.1553, "car_v_mean": 12.9324, "car_v_std": 11.8945}, "datetime": {"datetime": "2024-08-08 10:43:40", "elapsed": 2900.978856, "delta": 3.329957}}
{"target": -0.3145798669154804, "params": {"bus_acc": 2.2125, "bus_dcc": 1.784, "bus_lcAssertive": 30.0204, "bus_lcCooperative": 0.1012, "bus_lcLookaheadLeft": 52.2456, "bus_lcPushy": 0.907, "bus_lcSigma": 0.9215, "bus_lcSpeedGainRight": 4.1778, "bus_lcSublane": 0.8838, "bus_sigma": 0.6035, "bus_tau_mean": 2.9577, "bus_tau_std": 8.5847, "bus_v_mean": 16.7249, "bus_v_std": 5.4189, "car_acc": 1.5139, "car_dcc": 3.6719, "car_lcAssertive": 37.9374, "car_lcCooperative": 0.3825, "car_lcLookaheadLeft": 22.0128, "car_lcPushy": 0.5752, "car_lcSigma": 0.8535, "car_lcSpeedGainRight": 0.5236, "car_lcSublane": 0.2052, "car_sigma": 0.4617, "car_tau_mean": 1.2689, "car_tau_std": 0.8983, "car_v_mean": 12.2061, "car_v_std": 9.278}, "datetime": {"datetime": "2024-08-08 10:43:42", "elapsed": 2902.519862, "delta": 1.541006}}
{"target": -0.34504779668254126, "params": {"bus_acc": 2.0354, "bus_dcc": 1.0848, "bus_lcAssertive": 28.2214, "bus_lcCooperative": 0.0314, "bus_lcLookaheadLeft": 81.8177, "bus_lcPushy": 0.8594, "bus_lcSigma": 0.3768, "bus_lcSpeedGainRight": 1.6131, "bus_lcSublane": 0.7429, "bus_sigma": 0.4533, "bus_tau_mean": 3.7987, "bus_tau_std": 0.5563, "bus_v_mean": 16.1638, "bus_v_std": 1.9058, "car_acc": 1.8112, "car_dcc": 1.6606, "car_lcAssertive": 32.0803, "car_lcCooperative": 0.0846, "car_lcLookaheadLeft": 96.6071, "car_lcPushy": 0.1764, "car_lcSigma": 0.1459, "car_lcSpeedGainRight": 1.0392, "car_lcSublane": 0.6967, "car_sigma": 0.7983, "car_tau_mean": 1.8288, "car_tau_std": 9.8397, "car_v_mean": 16.2359, "car_v_std": 10.5835}, "datetime": {"datetime": "2024-08-08 10:43:44", "elapsed": 2904.855498, "delta": 2.335636}}
{"target": -0.3632410913400945, "params": {"bus_acc": 1.9607, "bus_dcc": 3.5499, "bus_lcAssertive": 25.1853, "bus_lcCooperative": 0.5007, "bus_lcLookaheadLeft": 56.4596, "bus_lcPushy": 0.2945, "bus_lcSigma": 0.712, "bus_lcSpeedGainRight": 1.9753, "bus_lcSublane": 0.822, "bus_sigma": 0.5022, "bus_tau_mean": 0.6262, "bus_tau_std": 7.8909, "bus_v_mean": 17.4339, "bus_v_std": 7.6015, "car_acc": 2.701, "car_dcc": 3.2607, "car_lcAssertive": 50.5356, "car_lcCooperative": 0.0494, "car_lcLookaheadLeft": 35.0769, "car_lcPushy": 0.2725, "car_lcSigma": 0.5941, "car_lcSpeedGainRight": 0.5502, "car_lcSublane": 0.2929, "car_sigma": 0.1692, "car_tau_mean": 1.6214, "car_tau_std": 4.5656, "car_v_mean": 17.7798, "car_v_std": 9.4012}, "datetime": {"datetime": "2024-08-08 10:43:46", "elapsed": 2906.366527, "delta": 1.511029}}
{"target": -0.3769596964976864, "params": {"bus_acc": 2.1356, "bus_dcc": 1.2294, "bus_lcAssertive": 46.033, "bus_lcCooperative": 0.8647, "bus_lcLookaheadLeft": 84.9985, "bus_lcPushy": 0.5699, "bus_lcSigma": 0.2028, "bus_lcSpeedGainRight": 2.2119, "bus_lcSublane": 0.5642, "bus_sigma": 0.2459, "bus_tau_mean": 2.033, "bus_tau_std": 7.0644, "bus_v_mean": 23.5782, "bus_v_std": 8.2725, "car_acc": 1.5909, "car_dcc": 1.333, "car_lcAssertive": 26.3455, "car_lcCooperative": 0.4626, "car_lcLookaheadLeft": 27.3343, "car_lcPushy": 0.0463, "car_lcSigma": 0.3242, "car_lcSpeedGainRight": 4.8172, "car_lcSublane": 0.6748, "car_sigma": 0.7952, "car_tau_mean": 2.0894, "car_tau_std": 9.7677, "car_v_mean": 8.799, "car_v_std": 16.3739}, "datetime": {"datetime": "2024-08-08 10:43:47", "elapsed": 2907.787396, "delta": 1.420869}}
{"target": -0.2956789658765616, "params": {"bus_acc": 1.063, "bus_dcc": 1.0419, "bus_lcAssertive": 67.0671, "bus_lcCooperative": 0.8806, "bus_lcLookaheadLeft": 9.9062, "bus_lcPushy": 0.1161, "bus_lcSigma": 0.1119, "bus_lcSpeedGainRight": 4.3865, "bus_lcSublane": 0.2233, "bus_sigma": 0.307, "bus_tau_mean": 2.4098, "bus_tau_std": 1.28, "bus_v_mean": 13.612, "bus_v_std": 7.8868, "car_acc": 1.9789, "car_dcc": 1.1637, "car_lcAssertive": 6.4244, "car_lcCooperative": 0.531, "car_lcLookaheadLeft": 43.2406, "car_lcPushy": 0.8821, "car_lcSigma": 0.4918, "car_lcSpeedGainRight": 4.4074, "car_lcSublane": 0.9142, "car_sigma": 0.8413, "car_tau_mean": 0.5198, "car_tau_std": 4.2268, "car_v_mean": 20.7436, "car_v_std": 10.9911}, "datetime": {"datetime": "2024-08-08 10:43:49", "elapsed": 2909.554822, "delta": 1.767426}}
{"target": -0.3699188986564327, "params": {"bus_acc": 2.8747, "bus_dcc": 1.4222, "bus_lcAssertive": 72.9224, "bus_lcCooperative": 0.5983, "bus_lcLookaheadLeft": 73.8042, "bus_lcPushy": 0.1557, "bus_lcSigma": 0.8898, "bus_lcSpeedGainRight": 3.499, "bus_lcSublane": 0.9447, "bus_sigma": 0.5169, "bus_tau_mean": 2.5039, "bus_tau_std": 6.8985, "bus_v_mean": 22.3957, "bus_v_std": 16.2853, "car_acc": 1.5389, "car_dcc": 1.9924, "car_lcAssertive": 17.4788, "car_lcCooperative": 0.5415, "car_lcLookaheadLeft": 23.1672, "car_lcPushy": 0.3231, "car_lcSigma": 0.817, "car_lcSpeedGainRight": 4.896, "car_lcSublane": 0.5666, "car_sigma": 0.6263, "car_tau_mean": 3.3931, "car_tau_std": 8.0268, "car_v_mean": 8.4886, "car_v_std": 14.3432}, "datetime": {"datetime": "2024-08-08 10:43:53", "elapsed": 2913.496701, "delta": 3.941879}}
