{"target": -0.37182661881688023, "params": {"bus_acc": 1.9756, "bus_dcc": 2.5623, "bus_lcAssertive": 33.4708, "bus_lcCooperative": 0.6459, "bus_lcLookaheadLeft": 44.7613, "bus_lcPushy": 0.7741, "bus_lcSigma": 0.8151, "bus_lcSpeedGainRight": 0.482, "bus_lcSublane": 0.3059, "bus_sigma": 0.1261, "bus_tau_mean": 2.2939, "bus_tau_std": 5.879, "bus_v_mean": 21.726, "bus_v_std": 5.1261, "car_acc": 1.8802, "car_dcc": 2.5912, "car_lcAssertive": 24.7536, "car_lcCooperative": 0.2396, "car_lcLookaheadLeft": 24.8117, "car_lcPushy": 0.2466, "car_lcSigma": 0.7242, "car_lcSpeedGainRight": 2.789, "car_lcSublane": 0.5822, "car_sigma": 0.0136, "car_tau_mean": 3.9754, "car_tau_std": 9.3548, "car_v_mean": 12.1349, "car_v_std": 6.5493}, "datetime": {"datetime": "2024-08-08 10:43:57", "elapsed": 2917.427297, "delta": 3.930596}}
{"target": -0.35584738316193104, "params": {"bus_acc": 2.7874, "bus_dcc": 3.961, "bus_lcAssertive": 10.9568, "bus_lcCooperative": 0.7943, "bus_lcLookaheadLeft": 70.3796, "bus_lcPushy": 0.9466, "bus_lcSigma": 0.0583, "bus_lcSpeedGainRight": 1.1984, "bus_lcSublane": 0.4945, "bus_sigma": 0.5651, "bus_tau_mean": 1.7857, "bus_tau_std": 7.1184, "bus_v_mean": 8.9315, "bus_v_std": 4.91, "car_acc": 2.7883, "car_dcc": 3.6997, "car_lcAssertive": 33.0576, "car_lcCooperative": 0.2261, "car_lcLookaheadLeft": 50.315, "car_lcPushy": 0.6123, "car_lcSigma": 0.5498, "car_lcSpeedGainRight": 1.8812, "car_lcSublane": 0.5189, "car_sigma": 0.5599, "car_tau_mean": 3.6147, "car_tau_std": 2.8157, "car_v_mean": 11.9741, "car_v_std": 7.4699}, "datetime": {"datetime": "2024-08-08 10:44:00", "elapsed": 2920.37177, "delta": 2.944473}}
{"target": -0.3336310222936424, "params": {"bus_acc": 2.7643, "bus_dcc": 2.2936, "bus_lcAssertive": 94.5916, "bus_lcCooperative": 0.0345, "bus_lcLookaheadLeft": 69.2747, "bus_lcPushy": 0.1364, "bus_lcSigma": 0.1459, "bus_lcSpeedGainRight": 0.6046, "bus_lcSublane": 0.806, "bus_sigma": 0.0991, "bus_tau_mean": 1.3744, "bus_tau_std": 0.3473, "bus_v_mean": 12.0544, "bus_v_std": 3.7464, "car_acc": 2.2048, "car_dcc": 2.7755, "car_lcAssertive": 3.4319, "car_lcCooperative": 0.263, "car_lcLookaheadLeft": 77.8996, "car_lcPushy": 0.3121, "car_lcSigma": 0.2117, "car_lcSpeedGainRight": 1.0118, "car_lcSublane": 0.5865, "car_sigma": 0.9222, "car_tau_mean": 2.6717, "car_tau_std": 6.5337, "car_v_mean": 18.918, "car_v_std": 2.3869}, "datetime": {"datetime": "2024-08-08 10:44:01", "elapsed": 2921.419909, "delta": 1.048139}}
{"target": -0.3749252018711847, "params": {"bus_acc": 1.2976, "bus_dcc": 3.9916, "bus_lcAssertive": 30.6239, "bus_lcCooperative": 0.3758, "bus_lcLookaheadLeft": 85.783, "bus_lcPushy": 0.0069, "bus_lcSigma": 0.9143, "bus_lcSpeedGainRight": 4.4261, "bus_lcSublane": 0.0461, "bus_sigma": 0.6951, "bus_tau_mean": 1.1725, "bus_tau_std": 7.2545, "bus_v_mean": 19.7669, "bus_v_std": 0.2653, "car_acc": 1.6633, "car_dcc": 3.8002, "car_lcAssertive": 59.0483, "car_lcCooperative": 0.8681, "car_lcLookaheadLeft": 66.3375, "car_lcPushy": 0.5093, "car_lcSigma": 0.9306, "car_lcSpeedGainRight": 3.1607, "car_lcSublane": 0.3049, "car_sigma": 0.1796, "car_tau_mean": 1.9549, "car_tau_std": 5.1177, "car_v_mean": 22.58, "car_v_std": 12.4263}, "datetime": {"datetime": "2024-08-08 10:44:05", "elapsed": 2925.162714, "delta": 3.742805}}
{"target": -0.35411740354064264, "params": {"bus_acc": 1.8189, "bus_dcc": 1.0604, "bus_lcAssertive": 69.6284, "bus_lcCooperative": 0.678, "bus_lcLookaheadLeft": 37.3735, "bus_lcPushy": 0.1732, "bus_lcSigma": 0.0326, "bus_lcSpeedGainRight": 2.7768, "bus_lcSublane": 0.9018, "bus_sigma": 0.6824, "bus_tau_mean": 2.3352, "bus_tau_std": 0.4582, "bus_v_mean": 16.0871, "bus_v_std": 16.785, "car_acc": 1.8716, "car_dcc": 1.7633, "car_lcAssertive": 56.4685, "car_lcCooperative": 0.6939, "car_lcLookaheadLeft": 94.8036, "car_lcPushy": 0.4173, "car_lcSigma": 0.2699, "car_lcSpeedGainRight": 0.3349, "car_lcSublane": 0.5478, "car_sigma": 0.8672, "car_tau_mean": 1.5528, "car_tau_std": 3.0305, "car_v_mean": 17.2066, "car_v_std": 13.0495}, "datetime": {"datetime": "2024-08-08 10:44:07", "elapsed": 2927.456938, "delta": 2.294224}}
{"target": -0.36661268159447863, "params": {"bus_acc": 1.1047, "bus_dcc": 3.6587, "bus_lcAssertive": 92.6691, "bus_lcCooperative": 0.7472, "bus_lcLookaheadLeft": 90.3898, "bus_lcPushy": 0.6445, "bus_lcSigma": 0.6785, "bus_lcSpeedGainRight": 2.2713, "bus_lcSublane": 0.8809, "bus_sigma": 0.2157, "bus_tau_mean": 1.4113, "bus_tau_std": 9.3829, "bus_v_mean": 12.3271, "bus_v_std": 6.1841, "car_acc": 2.3045, "car_dcc": 3.5743, "car_lcAssertive": 8.1193, "car_lcCooperative": 0.1603, "car_lcLookaheadLeft": 21.9272, "car_lcPushy": 0.1457, "car_lcSigma": 0.9591, "car_lcSpeedGainRight": 2.9843, "car_lcSublane": 0.8489, "car_sigma": 0.3479, "car_tau_mean": 2.7014, "car_tau_std": 5.6359, "car_v_mean": 22.5347, "car_v_std": 7.6951}, "datetime": {"datetime": "2024-08-08 10:44:09", "elapsed": 2929.459018, "delta": 2.00208}}
{"target": -0.3584093756413743, "params": {"bus_acc": 2.2644, "bus_dcc": 3.259, "bus_lcAssertive": 76.3805, "bus_lcCooperative": 0.4605, "bus_lcLookaheadLeft": 26.0981, "bus_lcPushy": 0.5774, "bus_lcSigma": 0.2129, "bus_lcSpeedGainRight": 2.4675, "bus_lcSublane": 0.938, "bus_sigma": 0.8052, "bus_tau_mean": 2.1854, "bus_tau_std": 4.2791, "bus_v_mean": 17.2358, "bus_v_std": 10.677, "car_acc": 1.8201, "car_dcc": 1.4103, "car_lcAssertive": 70.7008, "car_lcCooperative": 0.398, "car_lcLookaheadLeft": 85.4136, "car_lcPushy": 0.0992, "car_lcSigma": 0.6164, "car_lcSpeedGainRight": 4.2527, "car_lcSublane": 0.2547, "car_sigma": 0.4149, "car_tau_mean": 2.6334, "car_tau_std": 3.5815, "car_v_mean": 18.6136, "car_v_std": 6.308}, "datetime": {"datetime": "2024-08-08 10:44:26", "elapsed": 2946.18287, "delta": 16.723852}}
{"target": -0.3741614229870688, "params": {"bus_acc": 2.5454, "bus_dcc": 1.6596, "bus_lcAssertive": 10.4707, "bus_lcCooperative": 0.0151, "bus_lcLookaheadLeft": 84.3127, "bus_lcPushy": 0.8723, "bus_lcSigma": 0.8131, "bus_lcSpeedGainRight": 2.8431, "bus_lcSublane": 0.2555, "bus_sigma": 0.1153, "bus_tau_mean": 1.4914, "bus_tau_std": 3.1182, "bus_v_mean": 14.2013, "bus_v_std": 19.7413, "car_acc": 1.9113, "car_dcc": 3.1016, "car_lcAssertive": 33.298, "car_lcCooperative": 0.1689, "car_lcLookaheadLeft": 87.6101, "car_lcPushy": 0.1625, "car_lcSigma": 0.1583, "car_lcSpeedGainRight": 2.4192, "car_lcSublane": 0.8299, "car_sigma": 0.9805, "car_tau_mean": 0.6914, "car_tau_std": 4.0398, "car_v_mean": 18.5982, "car_v_std": 9.9515}, "datetime": {"datetime": "2024-08-08 10:44:28", "elapsed": 2948.119312, "delta": 1.936442}}
{"target": -0.3490210585786756, "params": {"bus_acc": 2.3789, "bus_dcc": 3.6708, "bus_lcAssertive": 25.7264, "bus_lcCooperative": 0.3715, "bus_lcLookaheadLeft": 66.1346, "bus_lcPushy": 0.4101, "bus_lcSigma": 0.5901, "bus_lcSpeedGainRight": 2.4487, "bus_lcSublane": 0.9903, "bus_sigma": 0.5771, "bus_tau_mean": 2.9882, "bus_tau_std": 0.6408, "bus_v_mean": 21.8742, "bus_v_std": 10.7165, "car_acc": 2.297, "car_dcc": 1.5604, "car_lcAssertive": 21.0956, "car_lcCooperative": 0.2169, "car_lcLookaheadLeft": 60.0636, "car_lcPushy": 0.7236, "car_lcSigma": 0.1941, "car_lcSpeedGainRight": 1.8649, "car_lcSublane": 0.5389, "car_sigma": 0.2673, "car_tau_mean": 3.0242, "car_tau_std": 3.2043, "car_v_mean": 17.1448, "car_v_std": 13.8819}, "datetime": {"datetime": "2024-08-08 10:44:29", "elapsed": 2949.578351, "delta": 1.459039}}
{"target": -0.3989622749868603, "params": {"bus_acc": 2.659, "bus_dcc": 3.2144, "bus_lcAssertive": 35.4832, "bus_lcCooperative": 0.5313, "bus_lcLookaheadLeft": 86.1131, "bus_lcPushy": 0.5546, "bus_lcSigma": 0.6544, "bus_lcSpeedGainRight": 0.9075, "bus_lcSublane": 0.9333, "bus_sigma": 0.6634, "bus_tau_mean": 1.4143, "bus_tau_std": 5.3349, "bus_v_mean": 20.4579, "bus_v_std": 1.5719, "car_acc": 1.5516, "car_dcc": 3.9841, "car_lcAssertive": 74.2128, "car_lcCooperative": 0.3183, "car_lcLookaheadLeft": 96.8439, "car_lcPushy": 0.6337, "car_lcSigma": 0.5319, "car_lcSpeedGainRight": 1.469, "car_lcSublane": 0.0115, "car_sigma": 0.7614, "car_tau_mean": 3.363, "car_tau_std": 2.7532, "car_v_mean": 17.9524, "car_v_std": 8.7935}, "datetime": {"datetime": "2024-08-08 10:44:33", "elapsed": 2953.470169, "delta": 3.891818}}
{"target": -0.3236554308918469, "params": {"bus_acc": 1.4562, "bus_dcc": 3.3883, "bus_lcAssertive": 56.2532, "bus_lcCooperative": 0.9134, "bus_lcLookaheadLeft": 22.8739, "bus_lcPushy": 0.7061, "bus_lcSigma": 0.9051, "bus_lcSpeedGainRight": 0.4029, "bus_lcSublane": 0.8702, "bus_sigma": 0.5626, "bus_tau_mean": 0.9158, "bus_tau_std": 3.7835, "bus_v_mean": 14.57, "bus_v_std": 16.7345, "car_acc": 2.5801, "car_dcc": 1.9822, "car_lcAssertive": 7.0439, "car_lcCooperative": 0.2064, "car_lcLookaheadLeft": 26.0689, "car_lcPushy": 0.1331, "car_lcSigma": 0.3314, "car_lcSpeedGainRight": 2.7113, "car_lcSublane": 0.6834, "car_sigma": 0.6825, "car_tau_mean": 3.7494, "car_tau_std": 1.4069, "car_v_mean": 18.4066, "car_v_std": 12.0704}, "datetime": {"datetime": "2024-08-08 10:44:35", "elapsed": 2955.367359, "delta": 1.89719}}
{"target": -0.3741334938708909, "params": {"bus_acc": 2.4634, "bus_dcc": 3.6046, "bus_lcAssertive": 96.2391, "bus_lcCooperative": 0.8139, "bus_lcLookaheadLeft": 44.3608, "bus_lcPushy": 0.4251, "bus_lcSigma": 0.4956, "bus_lcSpeedGainRight": 2.0464, "bus_lcSublane": 0.9922, "bus_sigma": 0.2541, "bus_tau_mean": 0.8679, "bus_tau_std": 2.5302, "bus_v_mean": 23.7536, "bus_v_std": 7.0075, "car_acc": 1.3899, "car_dcc": 1.4427, "car_lcAssertive": 46.6324, "car_lcCooperative": 0.0714, "car_lcLookaheadLeft": 77.9558, "car_lcPushy": 0.2666, "car_lcSigma": 0.7034, "car_lcSpeedGainRight": 4.0503, "car_lcSublane": 0.8227, "car_sigma": 0.4315, "car_tau_mean": 3.1423, "car_tau_std": 7.7977, "car_v_mean": 23.8005, "car_v_std": 18.4347}, "datetime": {"datetime": "2024-08-08 10:44:37", "elapsed": 2957.684953, "delta": 2.317594}}
{"target": -0.3917140211081443, "params": {"bus_acc": 1.4606, "bus_dcc": 1.9163, "bus_lcAssertive": 54.2706, "bus_lcCooperative": 0.0634, "bus_lcLookaheadLeft": 54.5615, "bus_lcPushy": 0.569, "bus_lcSigma": 0.4286, "bus_lcSpeedGainRight": 4.7669, "bus_lcSublane": 0.0426, "bus_sigma": 0.8772, "bus_tau_mean": 2.7932, "bus_tau_std": 8.6373, "bus_v_mean": 18.4695, "bus_v_std": 19.2424, "car_acc": 1.9115, "car_dcc": 2.2862, "car_lcAssertive": 29.535, "car_lcCooperative": 0.1058, "car_lcLookaheadLeft": 8.8387, "car_lcPushy": 0.0782, "car_lcSigma": 0.3806, "car_lcSpeedGainRight": 2.9223, "car_lcSublane": 0.5782, "car_sigma": 0.3418, "car_tau_mean": 2.1576, "car_tau_std": 8.2607, "car_v_mean": 12.748, "car_v_std": 12.2849}, "datetime": {"datetime": "2024-08-08 10:44:39", "elapsed": 2959.810765, "delta": 2.125812}}
{"target": -0.3393666669518791, "params": {"bus_acc": 2.8946, "bus_dcc": 2.658, "bus_lcAssertive": 87.3075, "bus_lcCooperative": 0.353, "bus_lcLookaheadLeft": 9.116, "bus_lcPushy": 0.6496, "bus_lcSigma": 0.614, "bus_lcSpeedGainRight": 1.0445, "bus_lcSublane": 0.5531, "bus_sigma": 0.8973, "bus_tau_mean": 3.9549, "bus_tau_std": 7.851, "bus_v_mean": 18.6643, "bus_v_std": 10.5803, "car_acc": 1.6789, "car_dcc": 2.4347, "car_lcAssertive": 85.6293, "car_lcCooperative": 0.7556, "car_lcLookaheadLeft": 67.2019, "car_lcPushy": 0.2618, "car_lcSigma": 0.2191, "car_lcSpeedGainRight": 2.9045, "car_lcSublane": 0.8369, "car_sigma": 0.6137, "car_tau_mean": 2.7361, "car_tau_std": 7.3654, "car_v_mean": 11.1906, "car_v_std": 3.4353}, "datetime": {"datetime": "2024-08-08 10:44:43", "elapsed": 2963.880072, "delta": 4.069307}}
{"target": -0.40670425775471303, "params": {"bus_acc": 1.362, "bus_dcc": 3.3423, "bus_lcAssertive": 2.2863, "bus_lcCooperative": 0.0387, "bus_lcLookaheadLeft": 97.4208, "bus_lcPushy": 0.6073, "bus_lcSigma": 0.155, "bus_lcSpeedGainRight": 2.3493, "bus_lcSublane": 0.9026, "bus_sigma": 0.592, "bus_tau_mean": 1.757, "bus_tau_std": 0.4978, "bus_v_mean": 23.2133, "bus_v_std": 15.9828, "car_acc": 1.0769, "car_dcc": 3.847, "car_lcAssertive": 67.3035, "car_lcCooperative": 0.7378, "car_lcLookaheadLeft": 20.2068, "car_lcPushy": 0.8489, "car_lcSigma": 0.4809, "car_lcSpeedGainRight": 2.5792, "car_lcSublane": 0.8012, "car_sigma": 0.9529, "car_tau_mean": 3.8332, "car_tau_std": 8.2815, "car_v_mean": 12.6389, "car_v_std": 12.9926}, "datetime": {"datetime": "2024-08-08 10:44:45", "elapsed": 2965.162332, "delta": 1.28226}}
{"target": -0.3688489134250588, "params": {"bus_acc": 1.6015, "bus_dcc": 2.113, "bus_lcAssertive": 76.8559, "bus_lcCooperative": 0.3162, "bus_lcLookaheadLeft": 72.7436, "bus_lcPushy": 0.624, "bus_lcSigma": 0.1105, "bus_lcSpeedGainRight": 4.3206, "bus_lcSublane": 0.8672, "bus_sigma": 0.0431, "bus_tau_mean": 3.7495, "bus_tau_std": 8.0433, "bus_v_mean": 9.7969, "bus_v_std": 0.3628, "car_acc": 1.2936, "car_dcc": 1.2531, "car_lcAssertive": 9.5859, "car_lcCooperative": 0.3849, "car_lcLookaheadLeft": 57.3325, "car_lcPushy": 0.8493, "car_lcSigma": 0.1189, "car_lcSpeedGainRight": 2.2834, "car_lcSublane": 0.3276, "car_sigma": 0.2356, "car_tau_mean": 0.5691, "car_tau_std": 7.1053, "car_v_mean": 9.3813, "car_v_std": 15.099}, "datetime": {"datetime": "2024-08-08 10:44:56", "elapsed": 2976.032763, "delta": 10.870431}}
{"target": -0.3949105771739118, "params": {"bus_acc": 1.1033, "bus_dcc": 2.9993, "bus_lcAssertive": 36.897, "bus_lcCooperative": 0.256, "bus_lcLookaheadLeft": 32.9995, "bus_lcPushy": 0.252, "bus_lcSigma": 0.5295, "bus_lcSpeedGainRight": 3.2391, "bus_lcSublane": 0.9119, "bus_sigma": 0.8213, "bus_tau_mean": 2.2395, "bus_tau_std": 4.2506, "bus_v_mean": 23.1337, "bus_v_std": 4.1265, "car_acc": 1.3951, "car_dcc": 3.759, "car_lcAssertive": 84.1278, "car_lcCooperative": 0.2864, "car_lcLookaheadLeft": 72.2606, "car_lcPushy": 0.8402, "car_lcSigma": 0.7498, "car_lcSpeedGainRight": 4.5067, "car_lcSublane": 0.8644, "car_sigma": 0.0624, "car_tau_mean": 1.8404, "car_tau_std": 5.6549, "car_v_mean": 14.6883, "car_v_std": 9.324}, "datetime": {"datetime": "2024-08-08 10:44:57", "elapsed": 2977.687547, "delta": 1.654784}}
{"target": -0.334511522537522, "params": {"bus_acc": 2.5466, "bus_dcc": 2.4843, "bus_lcAssertive": 93.5214, "bus_lcCooperative": 0.4767, "bus_lcLookaheadLeft": 79.9609, "bus_lcPushy": 0.3752, "bus_lcSigma": 0.2694, "bus_lcSpeedGainRight": 0.9168, "bus_lcSublane": 0.1338, "bus_sigma": 0.3492, "bus_tau_mean": 3.2962, "bus_tau_std": 5.284, "bus_v_mean": 17.3516, "bus_v_std": 16.3207, "car_acc": 1.5673, "car_dcc": 2.9098, "car_lcAssertive": 52.7387, "car_lcCooperative": 0.6374, "car_lcLookaheadLeft": 77.8571, "car_lcPushy": 0.0801, "car_lcSigma": 0.2884, "car_lcSpeedGainRight": 3.9019, "car_lcSublane": 0.0597, "car_sigma": 0.3866, "car_tau_mean": 0.5467, "car_tau_std": 0.5797, "car_v_mean": 17.2897, "car_v_std": 18.1395}, "datetime": {"datetime": "2024-08-08 10:44:59", "elapsed": 2979.142132, "delta": 1.454585}}
{"target": -0.37304360553416455, "params": {"bus_acc": 2.0949, "bus_dcc": 3.8709, "bus_lcAssertive": 16.434, "bus_lcCooperative": 0.9496, "bus_lcLookaheadLeft": 98.9375, "bus_lcPushy": 0.7238, "bus_lcSigma": 0.9916, "bus_lcSpeedGainRight": 4.8652, "bus_lcSublane": 0.6988, "bus_sigma": 0.3472, "bus_tau_mean": 3.4977, "bus_tau_std": 0.8368, "bus_v_mean": 18.3143, "bus_v_std": 5.3484, "car_acc": 2.1163, "car_dcc": 3.6811, "car_lcAssertive": 66.0556, "car_lcCooperative": 0.8663, "car_lcLookaheadLeft": 8.9392, "car_lcPushy": 0.6741, "car_lcSigma": 0.5781, "car_lcSpeedGainRight": 2.8449, "car_lcSublane": 0.3272, "car_sigma": 0.8899, "car_tau_mean": 3.5197, "car_tau_std": 3.776, "car_v_mean": 12.9544, "car_v_std": 18.9872}, "datetime": {"datetime": "2024-08-08 10:45:03", "elapsed": 2983.317092, "delta": 4.17496}}
{"target": -0.33546425338044905, "params": {"bus_acc": 1.8924, "bus_dcc": 2.5306, "bus_lcAssertive": 24.4919, "bus_lcCooperative": 0.9812, "bus_lcLookaheadLeft": 45.0407, "bus_lcPushy": 0.3841, "bus_lcSigma": 0.3324, "bus_lcSpeedGainRight": 2.0793, "bus_lcSublane": 0.6192, "bus_sigma": 0.5069, "bus_tau_mean": 1.8431, "bus_tau_std": 0.6425, "bus_v_mean": 21.2473, "bus_v_std": 18.9972, "car_acc": 2.2972, "car_dcc": 3.858, "car_lcAssertive": 5.7311, "car_lcCooperative": 0.818, "car_lcLookaheadLeft": 44.1122, "car_lcPushy": 0.412, "car_lcSigma": 0.0493, "car_lcSpeedGainRight": 2.2027, "car_lcSublane": 0.6801, "car_sigma": 0.4723, "car_tau_mean": 2.7717, "car_tau_std": 0.845, "car_v_mean": 13.1899, "car_v_std": 6.8106}, "datetime": {"datetime": "2024-08-08 10:45:09", "elapsed": 2989.020661, "delta": 5.703569}}
{"target": -0.3858196893527891, "params": {"bus_acc": 2.8712, "bus_dcc": 2.958, "bus_lcAssertive": 64.5682, "bus_lcCooperative": 0.1038, "bus_lcLookaheadLeft": 48.3541, "bus_lcPushy": 0.9591, "bus_lcSigma": 0.5128, "bus_lcSpeedGainRight": 0.0005, "bus_lcSublane": 0.3495, "bus_sigma": 0.5306, "bus_tau_mean": 1.9582, "bus_tau_std": 0.7283, "bus_v_mean": 15.8704, "bus_v_std": 14.6929, "car_acc": 2.7957, "car_dcc": 1.2828, "car_lcAssertive": 10.7436, "car_lcCooperative": 0.3254, "car_lcLookaheadLeft": 20.3139, "car_lcPushy": 0.8456, "car_lcSigma": 0.5159, "car_lcSpeedGainRight": 1.7337, "car_lcSublane": 0.8012, "car_sigma": 0.8628, "car_tau_mean": 2.5535, "car_tau_std": 5.3648, "car_v_mean": 10.076, "car_v_std": 4.78}, "datetime": {"datetime": "2024-08-08 10:45:11", "elapsed": 2991.071596, "delta": 2.050935}}
{"target": -0.3530845479092516, "params": {"bus_acc": 2.611, "bus_dcc": 1.7873, "bus_lcAssertive": 9.8851, "bus_lcCooperative": 0.4187, "bus_lcLookaheadLeft": 4.8587, "bus_lcPushy": 0.7622, "bus_lcSigma": 0.5017, "bus_lcSpeedGainRight": 2.3105, "bus_lcSublane": 0.1696, "bus_sigma": 0.4691, "bus_tau_mean": 1.4962, "bus_tau_std": 1.7455, "bus_v_mean": 17.7581, "bus_v_std": 17.3422, "car_acc": 2.1474, "car_dcc": 1.5946, "car_lcAssertive": 39.2395, "car_lcCooperative": 0.8093, "car_lcLookaheadLeft": 49.2185, "car_lcPushy": 0.953, "car_lcSigma": 0.2965, "car_lcSpeedGainRight": 0.5309, "car_lcSublane": 0.6067, "car_sigma": 0.0875, "car_tau_mean": 3.4654, "car_tau_std": 5.0331, "car_v_mean": 10.0971, "car_v_std": 19.0377}, "datetime": {"datetime": "2024-08-08 10:45:12", "elapsed": 2992.390707, "delta": 1.319111}}
{"target": -0.33460883733182667, "params": {"bus_acc": 2.0691, "bus_dcc": 2.7726, "bus_lcAssertive": 82.1472, "bus_lcCooperative": 0.0595, "bus_lcLookaheadLeft": 80.6778, "bus_lcPushy": 0.2611, "bus_lcSigma": 0.1203, "bus_lcSpeedGainRight": 0.2375, "bus_lcSublane": 0.5381, "bus_sigma": 0.7171, "bus_tau_mean": 3.4909, "bus_tau_std": 8.3286, "bus_v_mean": 11.8484, "bus_v_std": 10.6328, "car_acc": 2.5165, "car_dcc": 2.7871, "car_lcAssertive": 46.6138, "car_lcCooperative": 0.0035, "car_lcLookaheadLeft": 3.7163, "car_lcPushy": 0.5042, "car_lcSigma": 0.7806, "car_lcSpeedGainRight": 3.8893, "car_lcSublane": 0.5022, "car_sigma": 0.5929, "car_tau_mean": 3.5055, "car_tau_std": 4.9643, "car_v_mean": 14.6353, "car_v_std": 2.4716}, "datetime": {"datetime": "2024-08-08 10:45:19", "elapsed": 2999.251758, "delta": 6.861051}}
{"target": -0.41630206036443557, "params": {"bus_acc": 2.5526, "bus_dcc": 2.4024, "bus_lcAssertive": 86.5444, "bus_lcCooperative": 0.4137, "bus_lcLookaheadLeft": 3.3946, "bus_lcPushy": 0.825, "bus_lcSigma": 0.5427, "bus_lcSpeedGainRight": 0.965, "bus_lcSublane": 0.5428, "bus_sigma": 0.4897, "bus_tau_mean": 1.0397, "bus_tau_std": 6.6149, "bus_v_mean": 14.3698, "bus_v_std": 8.8957, "car_acc": 2.7533, "car_dcc": 1.3849, "car_lcAssertive": 64.3485, "car_lcCooperative": 0.5279, "car_lcLookaheadLeft": 68.7394, "car_lcPushy": 0.0408, "car_lcSigma": 0.5781, "car_lcSpeedGainRight": 4.46, "car_lcSublane": 0.1547, "car_sigma": 0.5506, "car_tau_mean": 2.0525, "car_tau_std": 0.6064, "car_v_mean": 16.8872, "car_v_std": 0.4389}, "datetime": {"datetime": "2024-08-08 10:45:24", "elapsed": 3004.151512, "delta": 4.899754}}
{"target": -0.39940704270396465, "params": {"bus_acc": 2.5085, "bus_dcc": 2.9596, "bus_lcAssertive": 9.3, "bus_lcCooperative": 0.6405, "bus_lcLookaheadLeft": 8.8033, "bus_lcPushy": 0.3423, "bus_lcSigma": 0.6249, "bus_lcSpeedGainRight": 3.5586, "bus_lcSublane": 0.1245, "bus_sigma": 0.6398, "bus_tau_mean": 1.9245, "bus_tau_std": 9.2149, "bus_v_mean": 23.3264, "bus_v_std": 18.3514, "car_acc": 1.0948, "car_dcc": 2.9586, "car_lcAssertive": 73.3994, "car_lcCooperative": 0.403, "car_lcLookaheadLeft": 10.1169, "car_lcPushy": 0.0006, "car_lcSigma": 0.0274, "car_lcSpeedGainRight": 1.0267, "car_lcSublane": 0.4277, "car_sigma": 0.3911, "car_tau_mean": 2.8083, "car_tau_std": 5.397, "car_v_mean": 16.1984, "car_v_std": 12.5815}, "datetime": {"datetime": "2024-08-08 10:45:26", "elapsed": 3006.870942, "delta": 2.71943}}
{"target": -0.3548319774920563, "params": {"bus_acc": 2.9246, "bus_dcc": 1.9827, "bus_lcAssertive": 29.0336, "bus_lcCooperative": 0.0028, "bus_lcLookaheadLeft": 61.9018, "bus_lcPushy": 0.3423, "bus_lcSigma": 0.8874, "bus_lcSpeedGainRight": 3.5124, "bus_lcSublane": 0.6643, "bus_sigma": 0.0337, "bus_tau_mean": 3.2961, "bus_tau_std": 2.7783, "bus_v_mean": 10.1576, "bus_v_std": 16.6284, "car_acc": 1.6222, "car_dcc": 2.4128, "car_lcAssertive": 6.1291, "car_lcCooperative": 0.8685, "car_lcLookaheadLeft": 46.6922, "car_lcPushy": 0.3883, "car_lcSigma": 0.5361, "car_lcSpeedGainRight": 1.4603, "car_lcSublane": 0.7173, "car_sigma": 0.4581, "car_tau_mean": 3.0288, "car_tau_std": 6.7918, "car_v_mean": 13.6859, "car_v_std": 14.2007}, "datetime": {"datetime": "2024-08-08 10:45:28", "elapsed": 3008.097739, "delta": 1.226797}}
