{"target": -0.3512354409229623, "params": {"bus_acc": 3.5547, "bus_dcc": 2.8661, "bus_lcAssertive": 17.7171, "bus_lcCooperative": 0.7267, "bus_lcLookaheadLeft": 45.429, "bus_lcPushy": 0.8262, "bus_lcSigma": 0.4238, "bus_lcSpeedGainRight": 0.013, "bus_lcSublane": 0.8556, "bus_sigma": 0.834, "bus_tau_mean": 2.8888, "bus_tau_std": 2.0758, "bus_v_mean": 14.0819, "bus_v_std": 2.1532, "car_acc": 1.1078, "car_dcc": 3.5817, "car_lcAssertive": 10.4265, "car_lcCooperative": 0.6856, "car_lcLookaheadLeft": 10.5172, "car_lcPushy": 0.4101, "car_lcSigma": 0.6176, "car_lcSpeedGainRight": 3.2341, "car_lcSublane": 0.3015, "car_sigma": 0.9896, "car_tau_mean": 3.1802, "car_tau_std": 0.1283, "car_v_mean": 8.0565, "car_v_std": 16.6675}, "datetime": {"datetime": "2024-08-08 18:08:53", "elapsed": 2718.666797, "delta": 10.725829}}
{"target": -0.21033062985928544, "params": {"bus_acc": 1.0664, "bus_dcc": 1.7495, "bus_lcAssertive": 79.4418, "bus_lcCooperative": 0.7219, "bus_lcLookaheadLeft": 26.1088, "bus_lcPushy": 0.5577, "bus_lcSigma": 0.5884, "bus_lcSpeedGainRight": 3.6097, "bus_lcSublane": 0.4665, "bus_sigma": 0.4076, "bus_tau_mean": 1.5808, "bus_tau_std": 2.3859, "bus_v_mean": 9.4828, "bus_v_std": 12.9204, "car_acc": 3.6811, "car_dcc": 3.0648, "car_lcAssertive": 1.3142, "car_lcCooperative": 0.441, "car_lcLookaheadLeft": 14.013, "car_lcPushy": 0.5294, "car_lcSigma": 0.9825, "car_lcSpeedGainRight": 2.4992, "car_lcSublane": 0.3774, "car_sigma": 0.8166, "car_tau_mean": 3.8915, "car_tau_std": 2.874, "car_v_mean": 20.8508, "car_v_std": 19.9256}, "datetime": {"datetime": "2024-08-08 18:09:02", "elapsed": 2727.172151, "delta": 8.505354}}
{"target": -0.26644584398468224, "params": {"bus_acc": 1.0667, "bus_dcc": 1.7497, "bus_lcAssertive": 79.442, "bus_lcCooperative": 0.7222, "bus_lcLookaheadLeft": 26.1091, "bus_lcPushy": 0.5579, "bus_lcSigma": 0.5886, "bus_lcSpeedGainRight": 3.61, "bus_lcSublane": 0.4667, "bus_sigma": 0.4079, "bus_tau_mean": 1.5811, "bus_tau_std": 2.3861, "bus_v_mean": 9.4831, "bus_v_std": 12.9207, "car_acc": 3.6813, "car_dcc": 3.0651, "car_lcAssertive": 1.3145, "car_lcCooperative": 0.4413, "car_lcLookaheadLeft": 14.0133, "car_lcPushy": 0.5297, "car_lcSigma": 0.9828, "car_lcSpeedGainRight": 2.4994, "car_lcSublane": 0.3777, "car_sigma": 0.8169, "car_tau_mean": 3.8918, "car_tau_std": 2.8743, "car_v_mean": 20.8511, "car_v_std": 19.9259}, "datetime": {"datetime": "2024-08-08 18:09:13", "elapsed": 2739.0408, "delta": 11.868649}}
{"target": -0.26038374309767676, "params": {"bus_acc": 1.0666, "bus_dcc": 1.7497, "bus_lcAssertive": 79.4419, "bus_lcCooperative": 0.7221, "bus_lcLookaheadLeft": 26.109, "bus_lcPushy": 0.5579, "bus_lcSigma": 0.5885, "bus_lcSpeedGainRight": 3.6099, "bus_lcSublane": 0.4666, "bus_sigma": 0.4078, "bus_tau_mean": 1.581, "bus_tau_std": 2.386, "bus_v_mean": 9.483, "bus_v_std": 12.9206, "car_acc": 3.6812, "car_dcc": 3.065, "car_lcAssertive": 1.3144, "car_lcCooperative": 0.4412, "car_lcLookaheadLeft": 14.0132, "car_lcPushy": 0.5296, "car_lcSigma": 0.9827, "car_lcSpeedGainRight": 2.4993, "car_lcSublane": 0.3776, "car_sigma": 0.8168, "car_tau_mean": 3.8917, "car_tau_std": 2.8742, "car_v_mean": 20.851, "car_v_std": 19.9258}, "datetime": {"datetime": "2024-08-08 18:09:25", "elapsed": 2750.301469, "delta": 11.260669}}
{"target": -0.24592981453580767, "params": {"bus_acc": 1.0665, "bus_dcc": 1.7496, "bus_lcAssertive": 79.4418, "bus_lcCooperative": 0.722, "bus_lcLookaheadLeft": 26.1089, "bus_lcPushy": 0.5578, "bus_lcSigma": 0.5885, "bus_lcSpeedGainRight": 3.6098, "bus_lcSublane": 0.4665, "bus_sigma": 0.4077, "bus_tau_mean": 1.5809, "bus_tau_std": 2.386, "bus_v_mean": 9.4829, "bus_v_std": 12.9205, "car_acc": 3.6812, "car_dcc": 3.0649, "car_lcAssertive": 1.3143, "car_lcCooperative": 0.4411, "car_lcLookaheadLeft": 14.0131, "car_lcPushy": 0.5295, "car_lcSigma": 0.9826, "car_lcSpeedGainRight": 2.4993, "car_lcSublane": 0.3775, "car_sigma": 0.8167, "car_tau_mean": 3.8916, "car_tau_std": 2.8741, "car_v_mean": 20.8509, "car_v_std": 19.9257}, "datetime": {"datetime": "2024-08-08 18:09:36", "elapsed": 2761.785673, "delta": 11.484204}}
{"target": -0.24592981453580767, "params": {"bus_acc": 1.0665, "bus_dcc": 1.7496, "bus_lcAssertive": 79.4418, "bus_lcCooperative": 0.722, "bus_lcLookaheadLeft": 26.1089, "bus_lcPushy": 0.5578, "bus_lcSigma": 0.5885, "bus_lcSpeedGainRight": 3.6098, "bus_lcSublane": 0.4665, "bus_sigma": 0.4077, "bus_tau_mean": 1.5809, "bus_tau_std": 2.386, "bus_v_mean": 9.4829, "bus_v_std": 12.9205, "car_acc": 3.6811, "car_dcc": 3.0649, "car_lcAssertive": 1.3143, "car_lcCooperative": 0.4411, "car_lcLookaheadLeft": 14.0131, "car_lcPushy": 0.5295, "car_lcSigma": 0.9826, "car_lcSpeedGainRight": 2.4993, "car_lcSublane": 0.3775, "car_sigma": 0.8167, "car_tau_mean": 3.8916, "car_tau_std": 2.8741, "car_v_mean": 20.8509, "car_v_std": 19.9257}, "datetime": {"datetime": "2024-08-08 18:09:48", "elapsed": 2773.58724, "delta": 11.801567}}
{"target": -0.23105220846492983, "params": {"bus_acc": 1.0665, "bus_dcc": 1.7495, "bus_lcAssertive": 79.4418, "bus_lcCooperative": 0.722, "bus_lcLookaheadLeft": 26.1089, "bus_lcPushy": 0.5577, "bus_lcSigma": 0.5884, "bus_lcSpeedGainRight": 3.6098, "bus_lcSublane": 0.4665, "bus_sigma": 0.4077, "bus_tau_mean": 1.5809, "bus_tau_std": 2.3859, "bus_v_mean": 9.4829, "bus_v_std": 12.9205, "car_acc": 3.6811, "car_dcc": 3.0649, "car_lcAssertive": 1.3143, "car_lcCooperative": 0.4411, "car_lcLookaheadLeft": 14.0131, "car_lcPushy": 0.5295, "car_lcSigma": 0.9826, "car_lcSpeedGainRight": 2.4992, "car_lcSublane": 0.3775, "car_sigma": 0.8167, "car_tau_mean": 3.8916, "car_tau_std": 2.8741, "car_v_mean": 20.8509, "car_v_std": 19.9257}, "datetime": {"datetime": "2024-08-08 18:09:57", "elapsed": 2782.426436, "delta": 8.839196}}
{"target": -0.28352800403791073, "params": {"bus_acc": 1.1495, "bus_dcc": 2.5791, "bus_lcAssertive": 7.7121, "bus_lcCooperative": 0.3423, "bus_lcLookaheadLeft": 83.3767, "bus_lcPushy": 0.7723, "bus_lcSigma": 0.6949, "bus_lcSpeedGainRight": 1.4917, "bus_lcSublane": 0.6889, "bus_sigma": 0.2944, "bus_tau_mean": 3.6135, "bus_tau_std": 2.4368, "bus_v_mean": 17.1671, "bus_v_std": 16.6498, "car_acc": 1.2923, "car_dcc": 1.2715, "car_lcAssertive": 19.587, "car_lcCooperative": 0.4447, "car_lcLookaheadLeft": 63.6253, "car_lcPushy": 0.3211, "car_lcSigma": 0.9674, "car_lcSpeedGainRight": 2.6623, "car_lcSublane": 0.1349, "car_sigma": 0.5404, "car_tau_mean": 1.6871, "car_tau_std": 2.1849, "car_v_mean": 8.5636, "car_v_std": 11.346}, "datetime": {"datetime": "2024-08-08 18:10:08", "elapsed": 2793.98828, "delta": 11.561844}}
{"target": -0.2459820581053306, "params": {"bus_acc": 1.0664, "bus_dcc": 1.7495, "bus_lcAssertive": 79.4418, "bus_lcCooperative": 0.722, "bus_lcLookaheadLeft": 26.1088, "bus_lcPushy": 0.5577, "bus_lcSigma": 0.5884, "bus_lcSpeedGainRight": 3.6097, "bus_lcSublane": 0.4665, "bus_sigma": 0.4076, "bus_tau_mean": 1.5808, "bus_tau_std": 2.3859, "bus_v_mean": 9.4828, "bus_v_std": 12.9205, "car_acc": 3.6811, "car_dcc": 3.0648, "car_lcAssertive": 1.3142, "car_lcCooperative": 0.441, "car_lcLookaheadLeft": 14.013, "car_lcPushy": 0.5294, "car_lcSigma": 0.9825, "car_lcSpeedGainRight": 2.4992, "car_lcSublane": 0.3774, "car_sigma": 0.8166, "car_tau_mean": 3.8915, "car_tau_std": 2.874, "car_v_mean": 20.8508, "car_v_std": 19.9256}, "datetime": {"datetime": "2024-08-08 18:10:16", "elapsed": 2801.888771, "delta": 7.900491}}
{"target": -0.24592981453580767, "params": {"bus_acc": 1.0665, "bus_dcc": 1.7496, "bus_lcAssertive": 79.4419, "bus_lcCooperative": 0.722, "bus_lcLookaheadLeft": 26.1089, "bus_lcPushy": 0.5578, "bus_lcSigma": 0.5885, "bus_lcSpeedGainRight": 3.6098, "bus_lcSublane": 0.4666, "bus_sigma": 0.4077, "bus_tau_mean": 1.5809, "bus_tau_std": 2.386, "bus_v_mean": 9.4829, "bus_v_std": 12.9205, "car_acc": 3.6812, "car_dcc": 3.0649, "car_lcAssertive": 1.3143, "car_lcCooperative": 0.4411, "car_lcLookaheadLeft": 14.0131, "car_lcPushy": 0.5295, "car_lcSigma": 0.9826, "car_lcSpeedGainRight": 2.4993, "car_lcSublane": 0.3775, "car_sigma": 0.8167, "car_tau_mean": 3.8916, "car_tau_std": 2.8741, "car_v_mean": 20.8509, "car_v_std": 19.9257}, "datetime": {"datetime": "2024-08-08 18:10:27", "elapsed": 2813.080155, "delta": 11.191384}}
{"target": -0.24915463015149766, "params": {"bus_acc": 1.0665, "bus_dcc": 1.7495, "bus_lcAssertive": 79.4418, "bus_lcCooperative": 0.722, "bus_lcLookaheadLeft": 26.1089, "bus_lcPushy": 0.5577, "bus_lcSigma": 0.5884, "bus_lcSpeedGainRight": 3.6098, "bus_lcSublane": 0.4665, "bus_sigma": 0.4077, "bus_tau_mean": 1.5809, "bus_tau_std": 2.3859, "bus_v_mean": 9.4829, "bus_v_std": 12.9205, "car_acc": 3.6811, "car_dcc": 3.0649, "car_lcAssertive": 1.3143, "car_lcCooperative": 0.4411, "car_lcLookaheadLeft": 14.0131, "car_lcPushy": 0.5294, "car_lcSigma": 0.9826, "car_lcSpeedGainRight": 2.4992, "car_lcSublane": 0.3775, "car_sigma": 0.8167, "car_tau_mean": 3.8915, "car_tau_std": 2.8741, "car_v_mean": 20.8508, "car_v_std": 19.9257}, "datetime": {"datetime": "2024-08-08 18:10:39", "elapsed": 2824.565487, "delta": 11.485332}}
{"target": -0.2640455935675105, "params": {"bus_acc": 1.0666, "bus_dcc": 1.7496, "bus_lcAssertive": 79.4419, "bus_lcCooperative": 0.7221, "bus_lcLookaheadLeft": 26.1089, "bus_lcPushy": 0.5578, "bus_lcSigma": 0.5885, "bus_lcSpeedGainRight": 3.6098, "bus_lcSublane": 0.4666, "bus_sigma": 0.4078, "bus_tau_mean": 1.5809, "bus_tau_std": 2.386, "bus_v_mean": 9.483, "bus_v_std": 12.9206, "car_acc": 3.6812, "car_dcc": 3.0649, "car_lcAssertive": 1.3143, "car_lcCooperative": 0.4412, "car_lcLookaheadLeft": 14.0131, "car_lcPushy": 0.5295, "car_lcSigma": 0.9827, "car_lcSpeedGainRight": 2.4993, "car_lcSublane": 0.3776, "car_sigma": 0.8168, "car_tau_mean": 3.8916, "car_tau_std": 2.8741, "car_v_mean": 20.8509, "car_v_std": 19.9257}, "datetime": {"datetime": "2024-08-08 18:10:48", "elapsed": 2833.232882, "delta": 8.667395}}
{"target": -0.33829605884693476, "params": {"bus_acc": 4.318, "bus_dcc": 3.2144, "bus_lcAssertive": 35.4832, "bus_lcCooperative": 0.5313, "bus_lcLookaheadLeft": 86.1131, "bus_lcPushy": 0.5546, "bus_lcSigma": 0.6544, "bus_lcSpeedGainRight": 0.9075, "bus_lcSublane": 0.9333, "bus_sigma": 0.6634, "bus_tau_mean": 1.4143, "bus_tau_std": 5.3349, "bus_v_mean": 20.4579, "bus_v_std": 1.5719, "car_acc": 2.1031, "car_dcc": 3.9841, "car_lcAssertive": 74.2128, "car_lcCooperative": 0.3183, "car_lcLookaheadLeft": 96.8439, "car_lcPushy": 0.6337, "car_lcSigma": 0.5319, "car_lcSpeedGainRight": 1.469, "car_lcSublane": 0.0115, "car_sigma": 0.7614, "car_tau_mean": 3.363, "car_tau_std": 2.7532, "car_v_mean": 17.9524, "car_v_std": 8.7935}, "datetime": {"datetime": "2024-08-08 18:10:56", "elapsed": 2841.269527, "delta": 8.036645}}
{"target": -0.2640455935675105, "params": {"bus_acc": 1.0665, "bus_dcc": 1.7496, "bus_lcAssertive": 79.4419, "bus_lcCooperative": 0.7221, "bus_lcLookaheadLeft": 26.1089, "bus_lcPushy": 0.5578, "bus_lcSigma": 0.5885, "bus_lcSpeedGainRight": 3.6098, "bus_lcSublane": 0.4666, "bus_sigma": 0.4078, "bus_tau_mean": 1.5809, "bus_tau_std": 2.386, "bus_v_mean": 9.483, "bus_v_std": 12.9206, "car_acc": 3.6812, "car_dcc": 3.0649, "car_lcAssertive": 1.3143, "car_lcCooperative": 0.4412, "car_lcLookaheadLeft": 14.0131, "car_lcPushy": 0.5295, "car_lcSigma": 0.9826, "car_lcSpeedGainRight": 2.4993, "car_lcSublane": 0.3776, "car_sigma": 0.8167, "car_tau_mean": 3.8916, "car_tau_std": 2.8741, "car_v_mean": 20.8509, "car_v_std": 19.9257}, "datetime": {"datetime": "2024-08-08 18:11:05", "elapsed": 2850.592758, "delta": 9.323231}}
{"target": -0.30708442779770656, "params": {"bus_acc": 4.2073, "bus_dcc": 3.7552, "bus_lcAssertive": 96.7806, "bus_lcCooperative": 0.9315, "bus_lcLookaheadLeft": 20.3785, "bus_lcPushy": 0.8153, "bus_lcSigma": 0.5172, "bus_lcSpeedGainRight": 0.2925, "bus_lcSublane": 0.3686, "bus_sigma": 0.1667, "bus_tau_mean": 2.3062, "bus_tau_std": 6.0197, "bus_v_mean": 8.5277, "bus_v_std": 8.0218, "car_acc": 3.0838, "car_dcc": 2.0653, "car_lcAssertive": 78.3518, "car_lcCooperative": 0.1072, "car_lcLookaheadLeft": 16.5298, "car_lcPushy": 0.8269, "car_lcSigma": 0.2333, "car_lcSpeedGainRight": 4.1985, "car_lcSublane": 0.9883, "car_sigma": 0.681, "car_tau_mean": 0.9572, "car_tau_std": 3.89, "car_v_mean": 9.5443, "car_v_std": 14.7038}, "datetime": {"datetime": "2024-08-08 18:11:11", "elapsed": 2857.004344, "delta": 6.411586}}
{"target": -0.24915463015149766, "params": {"bus_acc": 1.0665, "bus_dcc": 1.7495, "bus_lcAssertive": 79.4418, "bus_lcCooperative": 0.722, "bus_lcLookaheadLeft": 26.1089, "bus_lcPushy": 0.5577, "bus_lcSigma": 0.5884, "bus_lcSpeedGainRight": 3.6097, "bus_lcSublane": 0.4665, "bus_sigma": 0.4077, "bus_tau_mean": 1.5809, "bus_tau_std": 2.3859, "bus_v_mean": 9.4829, "bus_v_std": 12.9205, "car_acc": 3.6811, "car_dcc": 3.0649, "car_lcAssertive": 1.3143, "car_lcCooperative": 0.4411, "car_lcLookaheadLeft": 14.0131, "car_lcPushy": 0.5294, "car_lcSigma": 0.9826, "car_lcSpeedGainRight": 2.4992, "car_lcSublane": 0.3775, "car_sigma": 0.8167, "car_tau_mean": 3.8915, "car_tau_std": 2.8741, "car_v_mean": 20.8508, "car_v_std": 19.9257}, "datetime": {"datetime": "2024-08-08 18:11:17", "elapsed": 2862.690694, "delta": 5.68635}}
{"target": -0.28455668224783465, "params": {"bus_acc": 3.7501, "bus_dcc": 1.3228, "bus_lcAssertive": 85.038, "bus_lcCooperative": 0.8915, "bus_lcLookaheadLeft": 88.0735, "bus_lcPushy": 0.7673, "bus_lcSigma": 0.9029, "bus_lcSpeedGainRight": 2.7897, "bus_lcSublane": 0.6784, "bus_sigma": 0.2663, "bus_tau_mean": 3.8618, "bus_tau_std": 4.3433, "bus_v_mean": 9.7138, "bus_v_std": 6.1768, "car_acc": 3.0587, "car_dcc": 2.4836, "car_lcAssertive": 68.431, "car_lcCooperative": 0.8505, "car_lcLookaheadLeft": 90.1537, "car_lcPushy": 0.8159, "car_lcSigma": 0.9403, "car_lcSpeedGainRight": 2.9845, "car_lcSublane": 0.7564, "car_sigma": 0.8466, "car_tau_mean": 2.4682, "car_tau_std": 3.3968, "car_v_mean": 17.405, "car_v_std": 7.9744}, "datetime": {"datetime": "2024-08-08 18:11:27", "elapsed": 2872.675782, "delta": 9.985088}}
{"target": -0.2797177498750827, "params": {"bus_acc": 1.0665, "bus_dcc": 1.7496, "bus_lcAssertive": 79.4418, "bus_lcCooperative": 0.722, "bus_lcLookaheadLeft": 26.1089, "bus_lcPushy": 0.5578, "bus_lcSigma": 0.5884, "bus_lcSpeedGainRight": 3.6098, "bus_lcSublane": 0.4665, "bus_sigma": 0.4077, "bus_tau_mean": 1.5809, "bus_tau_std": 2.386, "bus_v_mean": 9.4829, "bus_v_std": 12.9205, "car_acc": 3.6811, "car_dcc": 3.0649, "car_lcAssertive": 1.3143, "car_lcCooperative": 0.4411, "car_lcLookaheadLeft": 14.0131, "car_lcPushy": 0.5295, "car_lcSigma": 0.9826, "car_lcSpeedGainRight": 2.4992, "car_lcSublane": 0.3775, "car_sigma": 0.8167, "car_tau_mean": 3.8916, "car_tau_std": 2.8741, "car_v_mean": 20.8509, "car_v_std": 19.9257}, "datetime": {"datetime": "2024-08-08 18:11:34", "elapsed": 2879.96868, "delta": 7.292898}}
{"target": -0.24535392543562504, "params": {"bus_acc": 1.0664, "bus_dcc": 1.7494, "bus_lcAssertive": 79.4417, "bus_lcCooperative": 0.7219, "bus_lcLookaheadLeft": 26.1088, "bus_lcPushy": 0.5576, "bus_lcSigma": 0.5883, "bus_lcSpeedGainRight": 3.6097, "bus_lcSublane": 0.4664, "bus_sigma": 0.4076, "bus_tau_mean": 1.5808, "bus_tau_std": 2.3858, "bus_v_mean": 9.4828, "bus_v_std": 12.9204, "car_acc": 3.681, "car_dcc": 3.0648, "car_lcAssertive": 1.3142, "car_lcCooperative": 0.441, "car_lcLookaheadLeft": 14.013, "car_lcPushy": 0.5294, "car_lcSigma": 0.9825, "car_lcSpeedGainRight": 2.4991, "car_lcSublane": 0.3774, "car_sigma": 0.8166, "car_tau_mean": 3.8915, "car_tau_std": 2.874, "car_v_mean": 20.8507, "car_v_std": 19.9256}, "datetime": {"datetime": "2024-08-08 18:11:41", "elapsed": 2886.407946, "delta": 6.439266}}
{"target": -0.36045341144724813, "params": {"bus_acc": 4.0198, "bus_dcc": 2.438, "bus_lcAssertive": 44.0358, "bus_lcCooperative": 0.9694, "bus_lcLookaheadLeft": 78.2615, "bus_lcPushy": 0.4479, "bus_lcSigma": 0.802, "bus_lcSpeedGainRight": 0.8582, "bus_lcSublane": 0.4977, "bus_sigma": 0.3428, "bus_tau_mean": 3.5442, "bus_tau_std": 8.8257, "bus_v_mean": 22.417, "bus_v_std": 3.9387, "car_acc": 4.8133, "car_dcc": 2.39, "car_lcAssertive": 62.5878, "car_lcCooperative": 0.2319, "car_lcLookaheadLeft": 40.5439, "car_lcPushy": 0.1704, "car_lcSigma": 0.3005, "car_lcSpeedGainRight": 3.9714, "car_lcSublane": 0.6263, "car_sigma": 0.2491, "car_tau_mean": 2.5237, "car_tau_std": 7.4481, "car_v_mean": 9.461, "car_v_std": 5.4284}, "datetime": {"datetime": "2024-08-08 18:11:48", "elapsed": 2893.508841, "delta": 7.100895}}
{"target": -0.2926217124882507, "params": {"bus_acc": 4.5748, "bus_dcc": 3.961, "bus_lcAssertive": 10.9568, "bus_lcCooperative": 0.7943, "bus_lcLookaheadLeft": 70.3796, "bus_lcPushy": 0.9466, "bus_lcSigma": 0.0583, "bus_lcSpeedGainRight": 1.1984, "bus_lcSublane": 0.4945, "bus_sigma": 0.5651, "bus_tau_mean": 1.7857, "bus_tau_std": 7.1184, "bus_v_mean": 8.9315, "bus_v_std": 4.91, "car_acc": 4.5766, "car_dcc": 3.6997, "car_lcAssertive": 33.0576, "car_lcCooperative": 0.2261, "car_lcLookaheadLeft": 50.315, "car_lcPushy": 0.6123, "car_lcSigma": 0.5498, "car_lcSpeedGainRight": 1.8812, "car_lcSublane": 0.5189, "car_sigma": 0.5599, "car_tau_mean": 3.6147, "car_tau_std": 2.8157, "car_v_mean": 11.9741, "car_v_std": 7.4699}, "datetime": {"datetime": "2024-08-08 18:11:58", "elapsed": 2903.135869, "delta": 9.627028}}
{"target": -0.299290863259623, "params": {"bus_acc": 2.2029, "bus_dcc": 2.113, "bus_lcAssertive": 76.8559, "bus_lcCooperative": 0.3162, "bus_lcLookaheadLeft": 72.7436, "bus_lcPushy": 0.624, "bus_lcSigma": 0.1105, "bus_lcSpeedGainRight": 4.3206, "bus_lcSublane": 0.8672, "bus_sigma": 0.0431, "bus_tau_mean": 3.7495, "bus_tau_std": 8.0433, "bus_v_mean": 9.7969, "bus_v_std": 0.3628, "car_acc": 1.5872, "car_dcc": 1.2531, "car_lcAssertive": 9.5859, "car_lcCooperative": 0.3849, "car_lcLookaheadLeft": 57.3325, "car_lcPushy": 0.8493, "car_lcSigma": 0.1189, "car_lcSpeedGainRight": 2.2834, "car_lcSublane": 0.3276, "car_sigma": 0.2356, "car_tau_mean": 0.5691, "car_tau_std": 7.1053, "car_v_mean": 9.3813, "car_v_std": 15.099}, "datetime": {"datetime": "2024-08-08 18:12:03", "elapsed": 2908.904631, "delta": 5.768762}}
{"target": -0.3243836546583554, "params": {"bus_acc": 3.9269, "bus_dcc": 3.6046, "bus_lcAssertive": 96.2391, "bus_lcCooperative": 0.8139, "bus_lcLookaheadLeft": 44.3608, "bus_lcPushy": 0.4251, "bus_lcSigma": 0.4956, "bus_lcSpeedGainRight": 2.0464, "bus_lcSublane": 0.9922, "bus_sigma": 0.2541, "bus_tau_mean": 0.8679, "bus_tau_std": 2.5302, "bus_v_mean": 23.7536, "bus_v_std": 7.0075, "car_acc": 1.7799, "car_dcc": 1.4427, "car_lcAssertive": 46.6324, "car_lcCooperative": 0.0714, "car_lcLookaheadLeft": 77.9558, "car_lcPushy": 0.2666, "car_lcSigma": 0.7034, "car_lcSpeedGainRight": 4.0503, "car_lcSublane": 0.8227, "car_sigma": 0.4315, "car_tau_mean": 3.1423, "car_tau_std": 7.7977, "car_v_mean": 23.8005, "car_v_std": 18.4347}, "datetime": {"datetime": "2024-08-08 18:12:11", "elapsed": 2916.199464, "delta": 7.294833}}
{"target": -0.24106598675280164, "params": {"bus_acc": 1.0665, "bus_dcc": 1.7495, "bus_lcAssertive": 79.4418, "bus_lcCooperative": 0.722, "bus_lcLookaheadLeft": 26.1089, "bus_lcPushy": 0.5577, "bus_lcSigma": 0.5884, "bus_lcSpeedGainRight": 3.6097, "bus_lcSublane": 0.4665, "bus_sigma": 0.4077, "bus_tau_mean": 1.5809, "bus_tau_std": 2.3859, "bus_v_mean": 9.4829, "bus_v_std": 12.9205, "car_acc": 3.6811, "car_dcc": 3.0648, "car_lcAssertive": 1.3142, "car_lcCooperative": 0.4411, "car_lcLookaheadLeft": 14.013, "car_lcPushy": 0.5294, "car_lcSigma": 0.9826, "car_lcSpeedGainRight": 2.4992, "car_lcSublane": 0.3775, "car_sigma": 0.8167, "car_tau_mean": 3.8915, "car_tau_std": 2.8741, "car_v_mean": 20.8508, "car_v_std": 19.9256}, "datetime": {"datetime": "2024-08-08 18:12:18", "elapsed": 2923.724839, "delta": 7.525375}}
{"target": -0.26284348033877775, "params": {"bus_acc": 1.0664, "bus_dcc": 1.7495, "bus_lcAssertive": 79.4418, "bus_lcCooperative": 0.722, "bus_lcLookaheadLeft": 26.1088, "bus_lcPushy": 0.5577, "bus_lcSigma": 0.5884, "bus_lcSpeedGainRight": 3.6097, "bus_lcSublane": 0.4665, "bus_sigma": 0.4076, "bus_tau_mean": 1.5808, "bus_tau_std": 2.3859, "bus_v_mean": 9.4829, "bus_v_std": 12.9205, "car_acc": 3.6811, "car_dcc": 3.0648, "car_lcAssertive": 1.3142, "car_lcCooperative": 0.4411, "car_lcLookaheadLeft": 14.013, "car_lcPushy": 0.5294, "car_lcSigma": 0.9825, "car_lcSpeedGainRight": 2.4992, "car_lcSublane": 0.3774, "car_sigma": 0.8166, "car_tau_mean": 3.8915, "car_tau_std": 2.874, "car_v_mean": 20.8508, "car_v_std": 19.9256}, "datetime": {"datetime": "2024-08-08 18:12:26", "elapsed": 2931.888812, "delta": 8.163973}}
{"target": -0.26038374309767676, "params": {"bus_acc": 1.0666, "bus_dcc": 1.7496, "bus_lcAssertive": 79.4419, "bus_lcCooperative": 0.7221, "bus_lcLookaheadLeft": 26.109, "bus_lcPushy": 0.5578, "bus_lcSigma": 0.5885, "bus_lcSpeedGainRight": 3.6099, "bus_lcSublane": 0.4666, "bus_sigma": 0.4078, "bus_tau_mean": 1.581, "bus_tau_std": 2.386, "bus_v_mean": 9.483, "bus_v_std": 12.9206, "car_acc": 3.6812, "car_dcc": 3.065, "car_lcAssertive": 1.3144, "car_lcCooperative": 0.4412, "car_lcLookaheadLeft": 14.0132, "car_lcPushy": 0.5296, "car_lcSigma": 0.9827, "car_lcSpeedGainRight": 2.4993, "car_lcSublane": 0.3776, "car_sigma": 0.8168, "car_tau_mean": 3.8917, "car_tau_std": 2.8742, "car_v_mean": 20.851, "car_v_std": 19.9258}, "datetime": {"datetime": "2024-08-08 18:12:32", "elapsed": 2938.004428, "delta": 6.115616}}
