{"target": -0.05390187172596472, "params": {"bus_acc": 2.77, "bus_dcc": 3.25, "bus_lcAssertive": 36.41, "bus_lcCooperative": 0.22, "bus_lcLookaheadLeft": 82.48, "bus_lcPushy": 0.57, "bus_lcSublane": 0.61, "bus_tau_mean": 2.84, "bus_tau_std": 7.88, "bus_v_mean": 16.48, "bus_v_std": 2.5, "car_acc": 1.86, "car_dcc": 1.92, "car_lcAssertive": 61.21, "car_lcCooperative": 0.5, "car_lcLookaheadLeft": 16.25, "car_lcPushy": 0.44, "car_lcSublane": 0.79, "car_tau_mean": 0.56, "car_tau_std": 0.3, "car_v_mean": 16.81, "car_v_std": 5.34}, "datetime": {"datetime": "2024-08-04 15:19:47", "elapsed": 3530.020717, "delta": 10.667396}}
{"target": -0.035402645195541024, "params": {"bus_acc": 2.64, "bus_dcc": 1.29, "bus_lcAssertive": 9.29, "bus_lcCooperative": 0.13, "bus_lcLookaheadLeft": 51.12, "bus_lcPushy": 0.32, "bus_lcSublane": 0.57, "bus_tau_mean": 2.46, "bus_tau_std": 7.33, "bus_v_mean": 8.36, "bus_v_std": 0.16, "car_acc": 2.02, "car_dcc": 1.8, "car_lcAssertive": 60.22, "car_lcCooperative": 0.14, "car_lcLookaheadLeft": 33.17, "car_lcPushy": 0.21, "car_lcSublane": 0.84, "car_tau_mean": 2.25, "car_tau_std": 7.63, "car_v_mean": 12.74, "car_v_std": 5.02}, "datetime": {"datetime": "2024-08-04 15:20:31", "elapsed": 3573.923087, "delta": 43.90237}}
{"target": -0.03583153544946771, "params": {"bus_acc": 2.46, "bus_dcc": 2.7, "bus_lcAssertive": 3.02, "bus_lcCooperative": 0.54, "bus_lcLookaheadLeft": 19.17, "bus_lcPushy": 0.16, "bus_lcSublane": 0.14, "bus_tau_mean": 1.39, "bus_tau_std": 6.33, "bus_v_mean": 19.34, "bus_v_std": 3.53, "car_acc": 2.24, "car_dcc": 2.44, "car_lcAssertive": 6.6, "car_lcCooperative": 0.2, "car_lcLookaheadLeft": 13.68, "car_lcPushy": 0.67, "car_lcSublane": 0.23, "car_tau_mean": 2.26, "car_tau_std": 5.39, "car_v_mean": 15.8, "car_v_std": 8.33}, "datetime": {"datetime": "2024-08-04 15:20:33", "elapsed": 3576.471509, "delta": 2.548422}}
{"target": -0.04035711977676096, "params": {"bus_acc": 2.97, "bus_dcc": 3.8, "bus_lcAssertive": 93.85, "bus_lcCooperative": 0.45, "bus_lcLookaheadLeft": 42.34, "bus_lcPushy": 0.23, "bus_lcSublane": 0.3, "bus_tau_mean": 2.16, "bus_tau_std": 8.51, "bus_v_mean": 8.94, "bus_v_std": 5.62, "car_acc": 2.8, "car_dcc": 3.71, "car_lcAssertive": 14.07, "car_lcCooperative": 0.45, "car_lcLookaheadLeft": 96.77, "car_lcPushy": 0.72, "car_lcSublane": 0.45, "car_tau_mean": 2.32, "car_tau_std": 2.4, "car_v_mean": 11.8, "car_v_std": 1.46}, "datetime": {"datetime": "2024-08-04 15:20:36", "elapsed": 3579.41086, "delta": 2.939351}}
{"target": -0.02589176455912709, "params": {"bus_acc": 2.81, "bus_dcc": 3.19, "bus_lcAssertive": 66.26, "bus_lcCooperative": 0.71, "bus_lcLookaheadLeft": 17.03, "bus_lcPushy": 0.95, "bus_lcSublane": 0.84, "bus_tau_mean": 2.09, "bus_tau_std": 0.15, "bus_v_mean": 15.4, "bus_v_std": 5.43, "car_acc": 2.11, "car_dcc": 1.64, "car_lcAssertive": 43.55, "car_lcCooperative": 0.16, "car_lcLookaheadLeft": 79.51, "car_lcPushy": 0.97, "car_lcSublane": 0.87, "car_tau_mean": 3.54, "car_tau_std": 0.15, "car_v_mean": 8.14, "car_v_std": 3.84}, "datetime": {"datetime": "2024-08-04 15:20:39", "elapsed": 3582.321025, "delta": 2.910165}}
{"target": -0.025850561106489114, "params": {"bus_acc": 2.88, "bus_dcc": 3.18, "bus_lcAssertive": 66.3, "bus_lcCooperative": 0.7, "bus_lcLookaheadLeft": 17.07, "bus_lcPushy": 1.0, "bus_lcSublane": 0.89, "bus_tau_mean": 2.05, "bus_tau_std": 0.17, "bus_v_mean": 15.42, "bus_v_std": 5.42, "car_acc": 2.09, "car_dcc": 1.59, "car_lcAssertive": 43.58, "car_lcCooperative": 0.14, "car_lcLookaheadLeft": 79.54, "car_lcPushy": 0.98, "car_lcSublane": 0.86, "car_tau_mean": 3.53, "car_tau_std": 0.17, "car_v_mean": 8.18, "car_v_std": 3.84}, "datetime": {"datetime": "2024-08-04 15:20:42", "elapsed": 3585.745369, "delta": 3.424344}}
{"target": -0.03513667716112139, "params": {"bus_acc": 1.27, "bus_dcc": 2.89, "bus_lcAssertive": 94.98, "bus_lcCooperative": 0.24, "bus_lcLookaheadLeft": 32.23, "bus_lcPushy": 0.08, "bus_lcSublane": 0.16, "bus_tau_mean": 2.72, "bus_tau_std": 0.52, "bus_v_mean": 15.2, "bus_v_std": 3.43, "car_acc": 1.93, "car_dcc": 2.64, "car_lcAssertive": 62.27, "car_lcCooperative": 0.3, "car_lcLookaheadLeft": 23.68, "car_lcPushy": 0.98, "car_lcSublane": 0.76, "car_tau_mean": 0.67, "car_tau_std": 3.11, "car_v_mean": 11.98, "car_v_std": 9.27}, "datetime": {"datetime": "2024-08-04 15:20:49", "elapsed": 3592.09706, "delta": 6.351691}}
{"target": -0.036054829062410275, "params": {"bus_acc": 1.01, "bus_dcc": 1.96, "bus_lcAssertive": 76.98, "bus_lcCooperative": 0.84, "bus_lcLookaheadLeft": 60.97, "bus_lcPushy": 0.74, "bus_lcSublane": 0.52, "bus_tau_mean": 2.47, "bus_tau_std": 7.86, "bus_v_mean": 15.09, "bus_v_std": 8.62, "car_acc": 2.01, "car_dcc": 1.54, "car_lcAssertive": 17.39, "car_lcCooperative": 0.43, "car_lcLookaheadLeft": 17.34, "car_lcPushy": 0.51, "car_lcSublane": 0.57, "car_tau_mean": 0.68, "car_tau_std": 6.68, "car_v_mean": 12.86, "car_v_std": 9.66}, "datetime": {"datetime": "2024-08-04 15:21:04", "elapsed": 3607.045652, "delta": 14.948592}}
{"target": -0.0339764547161649, "params": {"bus_acc": 1.2, "bus_dcc": 1.76, "bus_lcAssertive": 52.67, "bus_lcCooperative": 0.9, "bus_lcLookaheadLeft": 44.31, "bus_lcPushy": 0.27, "bus_lcSublane": 0.36, "bus_tau_mean": 1.88, "bus_tau_std": 1.63, "bus_v_mean": 11.37, "bus_v_std": 8.62, "car_acc": 1.52, "car_dcc": 3.0, "car_lcAssertive": 66.82, "car_lcCooperative": 0.46, "car_lcLookaheadLeft": 32.22, "car_lcPushy": 0.81, "car_lcSublane": 0.95, "car_tau_mean": 3.28, "car_tau_std": 8.29, "car_v_mean": 12.22, "car_v_std": 7.33}, "datetime": {"datetime": "2024-08-04 15:21:15", "elapsed": 3617.998803, "delta": 10.953151}}
{"target": -0.040532474237072985, "params": {"bus_acc": 1.41, "bus_dcc": 1.6, "bus_lcAssertive": 33.82, "bus_lcCooperative": 0.43, "bus_lcLookaheadLeft": 16.11, "bus_lcPushy": 0.72, "bus_lcSublane": 0.21, "bus_tau_mean": 3.48, "bus_tau_std": 1.6, "bus_v_mean": 22.19, "bus_v_std": 9.72, "car_acc": 2.43, "car_dcc": 2.51, "car_lcAssertive": 1.53, "car_lcCooperative": 0.4, "car_lcLookaheadLeft": 99.88, "car_lcPushy": 0.37, "car_lcSublane": 0.21, "car_tau_mean": 0.73, "car_tau_std": 3.73, "car_v_mean": 19.21, "car_v_std": 5.32}, "datetime": {"datetime": "2024-08-04 15:21:24", "elapsed": 3626.836069, "delta": 8.837266}}
{"target": -0.04775103642147823, "params": {"bus_acc": 1.97, "bus_dcc": 3.07, "bus_lcAssertive": 91.3, "bus_lcCooperative": 0.52, "bus_lcLookaheadLeft": 93.34, "bus_lcPushy": 0.37, "bus_lcSublane": 0.67, "bus_tau_mean": 3.43, "bus_tau_std": 0.81, "bus_v_mean": 16.4, "bus_v_std": 3.04, "car_acc": 2.44, "car_dcc": 3.17, "car_lcAssertive": 93.08, "car_lcCooperative": 0.62, "car_lcLookaheadLeft": 62.1, "car_lcPushy": 0.49, "car_lcSublane": 0.12, "car_tau_mean": 1.72, "car_tau_std": 8.28, "car_v_mean": 23.72, "car_v_std": 2.39}, "datetime": {"datetime": "2024-08-04 15:22:05", "elapsed": 3667.817999, "delta": 40.98193}}
{"target": -0.02546645093318195, "params": {"bus_acc": 2.86, "bus_dcc": 3.2, "bus_lcAssertive": 66.28, "bus_lcCooperative": 0.72, "bus_lcLookaheadLeft": 17.05, "bus_lcPushy": 0.94, "bus_lcSublane": 0.86, "bus_tau_mean": 2.06, "bus_tau_std": 0.16, "bus_v_mean": 15.41, "bus_v_std": 5.42, "car_acc": 2.11, "car_dcc": 1.6, "car_lcAssertive": 43.56, "car_lcCooperative": 0.16, "car_lcLookaheadLeft": 79.52, "car_lcPushy": 0.94, "car_lcSublane": 0.86, "car_tau_mean": 3.55, "car_tau_std": 0.16, "car_v_mean": 8.16, "car_v_std": 3.84}, "datetime": {"datetime": "2024-08-04 15:22:08", "elapsed": 3670.997033, "delta": 3.179034}}
{"target": -0.025402032835824834, "params": {"bus_acc": 2.92, "bus_dcc": 3.17, "bus_lcAssertive": 66.27, "bus_lcCooperative": 0.69, "bus_lcLookaheadLeft": 17.07, "bus_lcPushy": 0.96, "bus_lcSublane": 0.92, "bus_tau_mean": 2.03, "bus_tau_std": 0.14, "bus_v_mean": 15.39, "bus_v_std": 5.4, "car_acc": 2.08, "car_dcc": 1.58, "car_lcAssertive": 43.57, "car_lcCooperative": 0.14, "car_lcLookaheadLeft": 79.51, "car_lcPushy": 0.96, "car_lcSublane": 0.85, "car_tau_mean": 3.52, "car_tau_std": 0.14, "car_v_mean": 8.14, "car_v_std": 3.82}, "datetime": {"datetime": "2024-08-04 15:22:14", "elapsed": 3677.371985, "delta": 6.374952}}
{"target": -0.025180855635902475, "params": {"bus_acc": 2.89, "bus_dcc": 3.19, "bus_lcAssertive": 66.29, "bus_lcCooperative": 0.71, "bus_lcLookaheadLeft": 17.06, "bus_lcPushy": 0.97, "bus_lcSublane": 0.89, "bus_tau_mean": 2.06, "bus_tau_std": 0.17, "bus_v_mean": 15.42, "bus_v_std": 5.44, "car_acc": 2.1, "car_dcc": 1.61, "car_lcAssertive": 43.56, "car_lcCooperative": 0.15, "car_lcLookaheadLeft": 79.52, "car_lcPushy": 0.98, "car_lcSublane": 0.87, "car_tau_mean": 3.54, "car_tau_std": 0.17, "car_v_mean": 8.17, "car_v_std": 3.85}, "datetime": {"datetime": "2024-08-04 15:22:17", "elapsed": 3679.937024, "delta": 2.565039}}
{"target": -0.041807093508265857, "params": {"bus_acc": 2.42, "bus_dcc": 3.02, "bus_lcAssertive": 87.87, "bus_lcCooperative": 0.58, "bus_lcLookaheadLeft": 91.4, "bus_lcPushy": 0.63, "bus_lcSublane": 0.54, "bus_tau_mean": 0.88, "bus_tau_std": 8.97, "bus_v_mean": 19.52, "bus_v_std": 6.51, "car_acc": 1.32, "car_dcc": 1.54, "car_lcAssertive": 93.35, "car_lcCooperative": 0.56, "car_lcLookaheadLeft": 23.85, "car_lcPushy": 0.36, "car_lcSublane": 0.45, "car_tau_mean": 1.07, "car_tau_std": 1.7, "car_v_mean": 17.84, "car_v_std": 7.95}, "datetime": {"datetime": "2024-08-04 15:22:20", "elapsed": 3683.443517, "delta": 3.506493}}
{"target": -0.025772854776273595, "params": {"bus_acc": 2.89, "bus_dcc": 3.19, "bus_lcAssertive": 66.28, "bus_lcCooperative": 0.71, "bus_lcLookaheadLeft": 17.05, "bus_lcPushy": 0.97, "bus_lcSublane": 0.89, "bus_tau_mean": 2.07, "bus_tau_std": 0.17, "bus_v_mean": 15.42, "bus_v_std": 5.45, "car_acc": 2.1, "car_dcc": 1.61, "car_lcAssertive": 43.56, "car_lcCooperative": 0.15, "car_lcLookaheadLeft": 79.52, "car_lcPushy": 0.98, "car_lcSublane": 0.87, "car_tau_mean": 3.54, "car_tau_std": 0.17, "car_v_mean": 8.16, "car_v_std": 3.86}, "datetime": {"datetime": "2024-08-04 15:22:33", "elapsed": 3695.928562, "delta": 12.485045}}
{"target": -0.04538584126294956, "params": {"bus_acc": 2.49, "bus_dcc": 2.5, "bus_lcAssertive": 45.85, "bus_lcCooperative": 0.62, "bus_lcLookaheadLeft": 32.41, "bus_lcPushy": 0.79, "bus_lcSublane": 0.51, "bus_tau_mean": 0.53, "bus_tau_std": 8.41, "bus_v_mean": 12.9, "bus_v_std": 0.95, "car_acc": 1.31, "car_dcc": 2.26, "car_lcAssertive": 69.53, "car_lcCooperative": 0.44, "car_lcLookaheadLeft": 7.73, "car_lcPushy": 0.03, "car_lcSublane": 0.21, "car_tau_mean": 2.71, "car_tau_std": 5.02, "car_v_mean": 23.77, "car_v_std": 5.68}, "datetime": {"datetime": "2024-08-04 15:22:36", "elapsed": 3698.815663, "delta": 2.887101}}
{"target": -0.024921246412049066, "params": {"bus_acc": 2.88, "bus_dcc": 3.2, "bus_lcAssertive": 66.28, "bus_lcCooperative": 0.72, "bus_lcLookaheadLeft": 17.05, "bus_lcPushy": 0.93, "bus_lcSublane": 0.88, "bus_tau_mean": 2.06, "bus_tau_std": 0.16, "bus_v_mean": 15.41, "bus_v_std": 5.42, "car_acc": 2.11, "car_dcc": 1.6, "car_lcAssertive": 43.56, "car_lcCooperative": 0.16, "car_lcLookaheadLeft": 79.52, "car_lcPushy": 0.97, "car_lcSublane": 0.87, "car_tau_mean": 3.55, "car_tau_std": 0.16, "car_v_mean": 8.16, "car_v_std": 3.84}, "datetime": {"datetime": "2024-08-04 15:22:39", "elapsed": 3701.893619, "delta": 3.077956}}
{"target": -0.02622056337675387, "params": {"bus_acc": 2.87, "bus_dcc": 3.2, "bus_lcAssertive": 66.28, "bus_lcCooperative": 0.72, "bus_lcLookaheadLeft": 17.05, "bus_lcPushy": 0.92, "bus_lcSublane": 0.87, "bus_tau_mean": 2.06, "bus_tau_std": 0.16, "bus_v_mean": 15.41, "bus_v_std": 5.42, "car_acc": 2.11, "car_dcc": 1.6, "car_lcAssertive": 43.56, "car_lcCooperative": 0.16, "car_lcLookaheadLeft": 79.52, "car_lcPushy": 0.99, "car_lcSublane": 0.88, "car_tau_mean": 3.55, "car_tau_std": 0.16, "car_v_mean": 8.16, "car_v_std": 3.84}, "datetime": {"datetime": "2024-08-04 15:22:44", "elapsed": 3707.014425, "delta": 5.120806}}
{"target": -0.027235852262012795, "params": {"bus_acc": 2.9, "bus_dcc": 3.2, "bus_lcAssertive": 66.28, "bus_lcCooperative": 0.72, "bus_lcLookaheadLeft": 17.05, "bus_lcPushy": 0.96, "bus_lcSublane": 0.9, "bus_tau_mean": 2.06, "bus_tau_std": 0.16, "bus_v_mean": 15.41, "bus_v_std": 5.42, "car_acc": 2.11, "car_dcc": 1.6, "car_lcAssertive": 43.56, "car_lcCooperative": 0.16, "car_lcLookaheadLeft": 79.52, "car_lcPushy": 0.99, "car_lcSublane": 0.88, "car_tau_mean": 3.55, "car_tau_std": 0.16, "car_v_mean": 8.16, "car_v_std": 3.84}, "datetime": {"datetime": "2024-08-04 15:22:47", "elapsed": 3709.878349, "delta": 2.863924}}
{"target": -0.04245555625102746, "params": {"bus_acc": 2.4, "bus_dcc": 2.39, "bus_lcAssertive": 3.53, "bus_lcCooperative": 0.89, "bus_lcLookaheadLeft": 78.02, "bus_lcPushy": 0.94, "bus_lcSublane": 0.31, "bus_tau_mean": 1.41, "bus_tau_std": 6.58, "bus_v_mean": 14.1, "bus_v_std": 6.54, "car_acc": 1.28, "car_dcc": 1.38, "car_lcAssertive": 16.15, "car_lcCooperative": 0.69, "car_lcLookaheadLeft": 75.59, "car_lcPushy": 0.56, "car_lcSublane": 0.45, "car_tau_mean": 1.08, "car_tau_std": 4.85, "car_v_mean": 20.62, "car_v_std": 3.81}, "datetime": {"datetime": "2024-08-04 15:22:53", "elapsed": 3716.475776, "delta": 6.597427}}
{"target": -0.02616537686874139, "params": {"bus_acc": 2.89, "bus_dcc": 3.2, "bus_lcAssertive": 66.28, "bus_lcCooperative": 0.72, "bus_lcLookaheadLeft": 17.05, "bus_lcPushy": 0.97, "bus_lcSublane": 0.89, "bus_tau_mean": 2.06, "bus_tau_std": 0.16, "bus_v_mean": 15.41, "bus_v_std": 5.42, "car_acc": 2.11, "car_dcc": 1.6, "car_lcAssertive": 43.56, "car_lcCooperative": 0.16, "car_lcLookaheadLeft": 79.52, "car_lcPushy": 0.92, "car_lcSublane": 0.88, "car_tau_mean": 3.55, "car_tau_std": 0.16, "car_v_mean": 8.16, "car_v_std": 3.84}, "datetime": {"datetime": "2024-08-04 15:22:56", "elapsed": 3719.160984, "delta": 2.685208}}
{"target": -0.042083814698333354, "params": {"bus_acc": 2.28, "bus_dcc": 2.25, "bus_lcAssertive": 81.1, "bus_lcCooperative": 0.86, "bus_lcLookaheadLeft": 72.64, "bus_lcPushy": 0.91, "bus_lcSublane": 0.37, "bus_tau_mean": 2.36, "bus_tau_std": 4.81, "bus_v_mean": 18.5, "bus_v_std": 8.88, "car_acc": 2.84, "car_dcc": 2.84, "car_lcAssertive": 89.66, "car_lcCooperative": 0.69, "car_lcLookaheadLeft": 43.66, "car_lcPushy": 0.56, "car_lcSublane": 0.91, "car_tau_mean": 1.54, "car_tau_std": 8.33, "car_v_mean": 19.76, "car_v_std": 8.71}, "datetime": {"datetime": "2024-08-04 15:23:03", "elapsed": 3726.553351, "delta": 7.392367}}
{"target": -0.034655028780213454, "params": {"bus_acc": 1.14, "bus_dcc": 3.18, "bus_lcAssertive": 80.87, "bus_lcCooperative": 0.02, "bus_lcLookaheadLeft": 95.23, "bus_lcPushy": 0.62, "bus_lcSublane": 0.19, "bus_tau_mean": 0.67, "bus_tau_std": 6.4, "bus_v_mean": 23.27, "bus_v_std": 9.21, "car_acc": 1.19, "car_dcc": 3.94, "car_lcAssertive": 15.28, "car_lcCooperative": 0.36, "car_lcLookaheadLeft": 37.19, "car_lcPushy": 0.84, "car_lcSublane": 0.78, "car_tau_mean": 2.2, "car_tau_std": 6.46, "car_v_mean": 20.73, "car_v_std": 9.33}, "datetime": {"datetime": "2024-08-04 15:23:15", "elapsed": 3737.872046, "delta": 11.318695}}
{"target": -0.046007268459535844, "params": {"bus_acc": 1.77, "bus_dcc": 3.22, "bus_lcAssertive": 27.91, "bus_lcCooperative": 0.2, "bus_lcLookaheadLeft": 53.43, "bus_lcPushy": 0.69, "bus_lcSublane": 0.06, "bus_tau_mean": 3.37, "bus_tau_std": 7.68, "bus_v_mean": 9.47, "bus_v_std": 6.07, "car_acc": 2.71, "car_dcc": 2.67, "car_lcAssertive": 81.45, "car_lcCooperative": 0.94, "car_lcLookaheadLeft": 87.39, "car_lcPushy": 0.79, "car_lcSublane": 0.09, "car_tau_mean": 1.66, "car_tau_std": 6.1, "car_v_mean": 21.88, "car_v_std": 6.52}, "datetime": {"datetime": "2024-08-04 15:24:05", "elapsed": 3788.058451, "delta": 50.186405}}
{"target": -0.04398932698049817, "params": {"bus_acc": 1.19, "bus_dcc": 1.37, "bus_lcAssertive": 15.74, "bus_lcCooperative": 0.15, "bus_lcLookaheadLeft": 74.44, "bus_lcPushy": 0.02, "bus_lcSublane": 0.58, "bus_tau_mean": 2.71, "bus_tau_std": 9.74, "bus_v_mean": 9.44, "bus_v_std": 7.29, "car_acc": 1.61, "car_dcc": 2.7, "car_lcAssertive": 93.7, "car_lcCooperative": 0.24, "car_lcLookaheadLeft": 42.37, "car_lcPushy": 0.66, "car_lcSublane": 0.65, "car_tau_mean": 0.77, "car_tau_std": 8.19, "car_v_mean": 15.08, "car_v_std": 1.85}, "datetime": {"datetime": "2024-08-04 15:24:08", "elapsed": 3791.081688, "delta": 3.023237}}
{"target": -0.02615903377397841, "params": {"bus_acc": 2.88, "bus_dcc": 3.2, "bus_lcAssertive": 66.28, "bus_lcCooperative": 0.72, "bus_lcLookaheadLeft": 17.05, "bus_lcPushy": 0.93, "bus_lcSublane": 0.88, "bus_tau_mean": 2.06, "bus_tau_std": 0.16, "bus_v_mean": 15.41, "bus_v_std": 5.42, "car_acc": 2.11, "car_dcc": 1.6, "car_lcAssertive": 43.56, "car_lcCooperative": 0.16, "car_lcLookaheadLeft": 79.52, "car_lcPushy": 0.98, "car_lcSublane": 0.88, "car_tau_mean": 3.55, "car_tau_std": 0.16, "car_v_mean": 8.16, "car_v_std": 3.84}, "datetime": {"datetime": "2024-08-04 15:24:27", "elapsed": 3810.286853, "delta": 19.205165}}
{"target": -0.02473053608875199, "params": {"bus_acc": 2.87, "bus_dcc": 3.2, "bus_lcAssertive": 66.26, "bus_lcCooperative": 0.72, "bus_lcLookaheadLeft": 17.03, "bus_lcPushy": 0.94, "bus_lcSublane": 0.88, "bus_tau_mean": 2.06, "bus_tau_std": 0.17, "bus_v_mean": 15.39, "bus_v_std": 5.4, "car_acc": 2.11, "car_dcc": 1.6, "car_lcAssertive": 43.54, "car_lcCooperative": 0.17, "car_lcLookaheadLeft": 79.5, "car_lcPushy": 0.93, "car_lcSublane": 0.88, "car_tau_mean": 3.54, "car_tau_std": 0.17, "car_v_mean": 8.17, "car_v_std": 3.83}, "datetime": {"datetime": "2024-08-04 15:24:32", "elapsed": 3815.103107, "delta": 4.816254}}
{"target": -0.04603224332977232, "params": {"bus_acc": 1.84, "bus_dcc": 3.32, "bus_lcAssertive": 50.94, "bus_lcCooperative": 0.65, "bus_lcLookaheadLeft": 80.15, "bus_lcPushy": 0.23, "bus_lcSublane": 0.15, "bus_tau_mean": 2.7, "bus_tau_std": 2.62, "bus_v_mean": 19.91, "bus_v_std": 9.93, "car_acc": 2.86, "car_dcc": 3.18, "car_lcAssertive": 76.64, "car_lcCooperative": 0.98, "car_lcLookaheadLeft": 69.89, "car_lcPushy": 0.79, "car_lcSublane": 0.93, "car_tau_mean": 3.57, "car_tau_std": 2.45, "car_v_mean": 20.34, "car_v_std": 4.26}, "datetime": {"datetime": "2024-08-04 15:24:35", "elapsed": 3818.416301, "delta": 3.313194}}
{"target": -0.042750108058964655, "params": {"bus_acc": 1.71, "bus_dcc": 1.41, "bus_lcAssertive": 67.82, "bus_lcCooperative": 0.97, "bus_lcLookaheadLeft": 70.01, "bus_lcPushy": 0.65, "bus_lcSublane": 0.41, "bus_tau_mean": 1.7, "bus_tau_std": 8.54, "bus_v_mean": 20.07, "bus_v_std": 7.38, "car_acc": 1.15, "car_dcc": 3.78, "car_lcAssertive": 89.93, "car_lcCooperative": 0.58, "car_lcLookaheadLeft": 43.22, "car_lcPushy": 0.68, "car_lcSublane": 0.97, "car_tau_mean": 3.32, "car_tau_std": 4.39, "car_v_mean": 18.78, "car_v_std": 2.13}, "datetime": {"datetime": "2024-08-04 15:25:12", "elapsed": 3855.332783, "delta": 36.916482}}
{"target": -0.04012951910195903, "params": {"bus_acc": 1.63, "bus_dcc": 3.64, "bus_lcAssertive": 46.01, "bus_lcCooperative": 0.84, "bus_lcLookaheadLeft": 93.1, "bus_lcPushy": 0.41, "bus_lcSublane": 0.97, "bus_tau_mean": 2.86, "bus_tau_std": 6.54, "bus_v_mean": 15.56, "bus_v_std": 7.74, "car_acc": 2.9, "car_dcc": 2.2, "car_lcAssertive": 72.71, "car_lcCooperative": 0.99, "car_lcLookaheadLeft": 42.06, "car_lcPushy": 0.8, "car_lcSublane": 0.21, "car_tau_mean": 0.86, "car_tau_std": 2.45, "car_v_mean": 14.55, "car_v_std": 4.53}, "datetime": {"datetime": "2024-08-04 15:25:27", "elapsed": 3870.028136, "delta": 14.695353}}
{"target": -0.026373390175842452, "params": {"bus_acc": 2.89, "bus_dcc": 3.2, "bus_lcAssertive": 66.28, "bus_lcCooperative": 0.72, "bus_lcLookaheadLeft": 17.05, "bus_lcPushy": 0.95, "bus_lcSublane": 0.89, "bus_tau_mean": 2.06, "bus_tau_std": 0.16, "bus_v_mean": 15.41, "bus_v_std": 5.42, "car_acc": 2.11, "car_dcc": 1.6, "car_lcAssertive": 43.56, "car_lcCooperative": 0.16, "car_lcLookaheadLeft": 79.52, "car_lcPushy": 0.96, "car_lcSublane": 0.87, "car_tau_mean": 3.55, "car_tau_std": 0.16, "car_v_mean": 8.16, "car_v_std": 3.84}, "datetime": {"datetime": "2024-08-04 15:25:48", "elapsed": 3891.20562, "delta": 21.177484}}
{"target": -0.030295992183877424, "params": {"bus_acc": 1.96, "bus_dcc": 1.15, "bus_lcAssertive": 18.61, "bus_lcCooperative": 0.26, "bus_lcLookaheadLeft": 34.07, "bus_lcPushy": 0.63, "bus_lcSublane": 0.34, "bus_tau_mean": 1.07, "bus_tau_std": 2.98, "bus_v_mean": 8.98, "bus_v_std": 8.78, "car_acc": 2.61, "car_dcc": 2.39, "car_lcAssertive": 84.97, "car_lcCooperative": 0.14, "car_lcLookaheadLeft": 17.78, "car_lcPushy": 0.31, "car_lcSublane": 0.91, "car_tau_mean": 3.67, "car_tau_std": 3.3, "car_v_mean": 8.69, "car_v_std": 1.41}, "datetime": {"datetime": "2024-08-04 15:25:52", "elapsed": 3895.235066, "delta": 4.029446}}
{"target": -0.025483621401301528, "params": {"bus_acc": 2.9, "bus_dcc": 3.19, "bus_lcAssertive": 66.28, "bus_lcCooperative": 0.72, "bus_lcLookaheadLeft": 17.05, "bus_lcPushy": 0.97, "bus_lcSublane": 0.9, "bus_tau_mean": 2.06, "bus_tau_std": 0.16, "bus_v_mean": 15.4, "bus_v_std": 5.41, "car_acc": 2.11, "car_dcc": 1.6, "car_lcAssertive": 43.56, "car_lcCooperative": 0.16, "car_lcLookaheadLeft": 79.52, "car_lcPushy": 0.93, "car_lcSublane": 0.88, "car_tau_mean": 3.55, "car_tau_std": 0.16, "car_v_mean": 8.16, "car_v_std": 3.84}, "datetime": {"datetime": "2024-08-04 15:26:01", "elapsed": 3904.407024, "delta": 9.171958}}
{"target": -0.03857321775279555, "params": {"bus_acc": 1.96, "bus_dcc": 2.87, "bus_lcAssertive": 90.26, "bus_lcCooperative": 0.89, "bus_lcLookaheadLeft": 60.3, "bus_lcPushy": 0.38, "bus_lcSublane": 0.49, "bus_tau_mean": 2.06, "bus_tau_std": 4.75, "bus_v_mean": 21.38, "bus_v_std": 3.34, "car_acc": 2.46, "car_dcc": 2.98, "car_lcAssertive": 30.17, "car_lcCooperative": 0.1, "car_lcLookaheadLeft": 45.97, "car_lcPushy": 0.03, "car_lcSublane": 0.78, "car_tau_mean": 2.63, "car_tau_std": 1.46, "car_v_mean": 11.68, "car_v_std": 3.39}, "datetime": {"datetime": "2024-08-04 15:26:28", "elapsed": 3931.469755, "delta": 27.062731}}
