{"target": -0.31024019098443123, "params": {"bus_acc": 2.2383810481379536, "bus_dcc": 2.1470101116382097, "bus_lcAssertive": 76.33191506307026, "bus_lcCooperative": 0.33003075642357127, "bus_lcLookaheadLeft": 8.252341662012444, "bus_lcPushy": 0.046104457464484216, "bus_lcSigma": 0.13492536666785637, "bus_lcSpeedGainRight": 2.3475787486562965, "bus_lcSublane": 0.3841041008667575, "bus_sigma": 0.6751984472643119, "bus_tau_mean": 0.8338810611778699, "bus_tau_std": 1.6180487504828367, "bus_v_mean": 23.506302729457726, "bus_v_std": 8.489700650417422, "car_acc": 4.664212180107469, "car_dcc": 1.703037151415364, "car_lcAssertive": 98.27219698091922, "car_lcCooperative": 0.12648825794948804, "car_lcLookaheadLeft": 78.43244210431664, "car_lcPushy": 0.9806316720286541, "car_lcSigma": 0.48702626747671474, "car_lcSpeedGainRight": 2.4494280396327155, "car_lcSublane": 0.17514595033260416, "car_sigma": 0.6089411381905278, "car_tau_mean": 1.3500871423093423, "car_tau_std": 7.167971580913962, "car_v_mean": 15.585061715808997, "car_v_std": 4.647763139567909}, "datetime": {"datetime": "2024-08-08 17:28:20", "elapsed": 285.482462, "delta": 1.756342}}
{"target": -0.3180302896964073, "params": {"bus_acc": 4.248462271832585, "bus_dcc": 1.3094403477503926, "bus_lcAssertive": 52.115288522275364, "bus_lcCooperative": 0.1555778979920741, "bus_lcLookaheadLeft": 29.324042032027158, "bus_lcPushy": 0.8826020025030701, "bus_lcSigma": 0.6315937651309106, "bus_lcSpeedGainRight": 4.81831355106535, "bus_lcSublane": 0.599714365615993, "bus_sigma": 0.009519716216558005, "bus_tau_mean": 1.9547435193214757, "bus_tau_std": 0.22441754358679789, "bus_v_mean": 13.023749248751143, "bus_v_std": 9.632498614414835, "car_acc": 3.301837364495232, "car_dcc": 1.7159506087867897, "car_lcAssertive": 56.27037126631753, "car_lcCooperative": 0.3949201341072339, "car_lcLookaheadLeft": 51.64505437567884, "car_lcPushy": 0.19596701454252152, "car_lcSigma": 0.1567516100034313, "car_lcSpeedGainRight": 3.7725850380119317, "car_lcSublane": 0.3299732288055194, "car_sigma": 0.6441956925382164, "car_tau_mean": 2.4790945880668964, "car_tau_std": 8.99530915886071, "car_v_mean": 22.09093788651224, "car_v_std": 8.862228006535668}, "datetime": {"datetime": "2024-08-08 17:28:21", "elapsed": 286.66531, "delta": 1.182848}}
{"target": -0.2682309572604357, "params": {"bus_acc": 4.009026419216372, "bus_dcc": 2.8532628388302035, "bus_lcAssertive": 88.04065749312295, "bus_lcCooperative": 0.16880019007759361, "bus_lcLookaheadLeft": 70.94767775573999, "bus_lcPushy": 0.9172601590800086, "bus_lcSigma": 0.1507396591030582, "bus_lcSpeedGainRight": 1.218819886980906, "bus_lcSublane": 0.5466845720908042, "bus_sigma": 0.3441193369759975, "bus_tau_mean": 2.9172367827383794, "bus_tau_std": 0.5756761842510749, "bus_v_mean": 10.572226277175357, "bus_v_std": 14.32476612959243, "car_acc": 4.882474793735776, "car_dcc": 3.7886511295370218, "car_lcAssertive": 90.20563234885856, "car_lcCooperative": 0.12774331390359328, "car_lcLookaheadLeft": 16.30103397101714, "car_lcPushy": 0.07226475681487265, "car_lcSigma": 0.5425402331447909, "car_lcSpeedGainRight": 4.412430864511857, "car_lcSublane": 0.5317919000668885, "car_sigma": 0.7817152853959399, "car_tau_mean": 1.1595882541894156, "car_tau_std": 8.63111260166335, "car_v_mean": 10.998796331605623, "car_v_std": 1.095282521330465}, "datetime": {"datetime": "2024-08-08 17:28:23", "elapsed": 288.14847, "delta": 1.48316}}
{"target": -0.3275987450511257, "params": {"bus_acc": 1.5318582433349412, "bus_dcc": 2.376787282665287, "bus_lcAssertive": 9.144849037470706, "bus_lcCooperative": 0.888961649120884, "bus_lcLookaheadLeft": 39.08570926572046, "bus_lcPushy": 0.4303547104217613, "bus_lcSigma": 0.7420611816254444, "bus_lcSpeedGainRight": 0.7788725969170374, "bus_lcSublane": 0.5750236919214267, "bus_sigma": 0.5110477507325528, "bus_tau_mean": 1.789062521861705, "bus_tau_std": 6.833355164060048, "bus_v_mean": 20.711779244659724, "bus_v_std": 9.353689863877914, "car_acc": 3.5094044231891837, "car_dcc": 3.737617350457007, "car_lcAssertive": 46.240214371600075, "car_lcCooperative": 0.13501994715447863, "car_lcLookaheadLeft": 55.23684324821241, "car_lcPushy": 0.4300280555930357, "car_lcSigma": 0.7683130799940705, "car_lcSpeedGainRight": 3.988373054171521, "car_lcSublane": 0.17184597187152895, "car_sigma": 0.4379389363206019, "car_tau_mean": 1.4338734819188388, "car_tau_std": 9.546892246039253, "car_v_mean": 22.989954141979553, "car_v_std": 8.68697503962993}, "datetime": {"datetime": "2024-08-08 17:28:24", "elapsed": 289.765242, "delta": 1.616772}}
{"target": -0.30500811236208447, "params": {"bus_acc": 3.9169864577815807, "bus_dcc": 1.9469623953494826, "bus_lcAssertive": 88.49794140975366, "bus_lcCooperative": 0.18023352523222202, "bus_lcLookaheadLeft": 93.97796412003048, "bus_lcPushy": 0.9707501480531616, "bus_lcSigma": 0.3044852440523308, "bus_lcSpeedGainRight": 4.312431998521504, "bus_lcSublane": 0.8421791188670099, "bus_sigma": 0.4246127100946028, "bus_tau_mean": 1.7728954274847468, "bus_tau_std": 2.82437473235045, "bus_v_mean": 23.89178855144873, "bus_v_std": 5.115020539037993, "car_acc": 4.682702391036489, "car_dcc": 2.2850056412791675, "car_lcAssertive": 93.60727422179946, "car_lcCooperative": 0.8388448341981828, "car_lcLookaheadLeft": 17.26617791032026, "car_lcPushy": 0.5742833543508832, "car_lcSigma": 0.6735030146856861, "car_lcSpeedGainRight": 2.029102029995226, "car_lcSublane": 0.004877044482226589, "car_sigma": 0.3253313297689604, "car_tau_mean": 3.4363073179063703, "car_tau_std": 0.6282398021726943, "car_v_mean": 9.686715943029075, "car_v_std": 14.035746930238318}, "datetime": {"datetime": "2024-08-08 17:28:26", "elapsed": 291.53332, "delta": 1.768078}}
{"target": -0.2917441439738471, "params": {"bus_acc": 2.039166773217658, "bus_dcc": 2.743706026873515, "bus_lcAssertive": 95.5709631002805, "bus_lcCooperative": 0.0807539078120788, "bus_lcLookaheadLeft": 10.186352292050627, "bus_lcPushy": 0.6191348314199072, "bus_lcSigma": 0.22449347883595772, "bus_lcSpeedGainRight": 3.8259197836675405, "bus_lcSublane": 0.5681525429491051, "bus_sigma": 0.6661880902234952, "bus_tau_mean": 0.8773486527810734, "bus_tau_std": 0.8428305143655679, "bus_v_mean": 18.001937092887836, "bus_v_std": 8.19462522268041, "car_acc": 1.3490100954879272, "car_dcc": 2.1131918350485672, "car_lcAssertive": 67.54229655602802, "car_lcCooperative": 0.1895874001915857, "car_lcLookaheadLeft": 89.78145263581301, "car_lcPushy": 0.9498463888800873, "car_lcSigma": 0.9615725424345338, "car_lcSpeedGainRight": 3.650412788701301, "car_lcSublane": 0.4062884276883151, "car_sigma": 0.7437491963512196, "car_tau_mean": 1.5079540774616302, "car_tau_std": 3.144172223907462, "car_v_mean": 17.694341779485725, "car_v_std": 11.896942668158353}, "datetime": {"datetime": "2024-08-08 17:28:27", "elapsed": 293.085421, "delta": 1.552101}}
{"target": -0.2634206536387497, "params": {"bus_acc": 1.4675669083935698, "bus_dcc": 1.0614437461552058, "bus_lcAssertive": 34.153994148848334, "bus_lcCooperative": 0.9928761567590365, "bus_lcLookaheadLeft": 32.657511301746126, "bus_lcPushy": 0.7375077987941283, "bus_lcSigma": 0.7165293765913929, "bus_lcSpeedGainRight": 2.8627879884764065, "bus_lcSublane": 0.367646057669637, "bus_sigma": 0.2082656940300881, "bus_tau_mean": 3.929997257552725, "bus_tau_std": 0.6589377000512553, "bus_v_mean": 11.7796440309936, "bus_v_std": 6.177989410202334, "car_acc": 4.638013413929221, "car_dcc": 3.140107789057295, "car_lcAssertive": 27.271813173563256, "car_lcCooperative": 0.16450130293866305, "car_lcLookaheadLeft": 88.28874652560006, "car_lcPushy": 0.7937831324318396, "car_lcSigma": 0.038387431976404374, "car_lcSpeedGainRight": 4.3965042179829235, "car_lcSublane": 0.5879397452104611, "car_sigma": 0.4575371969863721, "car_tau_mean": 2.8584815690913965, "car_tau_std": 0.3944279853538757, "car_v_mean": 13.285139255514585, "car_v_std": 1.7609683561870404}, "datetime": {"datetime": "2024-08-08 17:28:29", "elapsed": 294.433897, "delta": 1.348476}}
{"target": -0.2865873415383938, "params": {"bus_acc": 3.4253178466133214, "bus_dcc": 2.706554311259444, "bus_lcAssertive": 32.41887852289392, "bus_lcCooperative": 0.9886161544124489, "bus_lcLookaheadLeft": 58.815031486088095, "bus_lcPushy": 0.3801411726235504, "bus_lcSigma": 0.5509482191178968, "bus_lcSpeedGainRight": 3.7266721545325106, "bus_lcSublane": 0.6692328934531846, "bus_sigma": 0.2649195576628094, "bus_tau_mean": 0.7321719204995455, "bus_tau_std": 3.700841979141063, "bus_v_mean": 18.075480112345033, "bus_v_std": 4.203480198296791, "car_acc": 4.011022214955256, "car_dcc": 1.1996094440623448, "car_lcAssertive": 26.771194759275556, "car_lcCooperative": 0.8047545637433454, "car_lcLookaheadLeft": 20.956559697086117, "car_lcPushy": 0.6394608808799401, "car_lcSigma": 0.5246703091237337, "car_lcSpeedGainRight": 4.624039851996754, "car_lcSublane": 0.263296770487111, "car_sigma": 0.06596109068402378, "car_tau_mean": 3.072730871510343, "car_tau_std": 7.721780295432468, "car_v_mean": 22.525053640056385, "car_v_std": 18.639441383936745}, "datetime": {"datetime": "2024-08-08 17:28:31", "elapsed": 296.50803, "delta": 2.074133}}
{"target": -0.30942727954344673, "params": {"bus_acc": 1.3616388627791944, "bus_dcc": 1.386927952426828, "bus_lcAssertive": 11.420990139615903, "bus_lcCooperative": 0.17272746332288003, "bus_lcLookaheadLeft": 14.390227248389131, "bus_lcPushy": 0.7783008900676276, "bus_lcSigma": 0.039411512184444275, "bus_lcSpeedGainRight": 1.2077920867043201, "bus_lcSublane": 0.8790664013584655, "bus_sigma": 0.9735188608362936, "bus_tau_mean": 2.6189770270446684, "bus_tau_std": 9.762382645603884, "bus_v_mean": 8.695224667439629, "bus_v_std": 18.97145536752015, "car_acc": 2.2451843298246685, "car_dcc": 3.396918521084779, "car_lcAssertive": 81.25228124124325, "car_lcCooperative": 0.8599985915803449, "car_lcLookaheadLeft": 46.9379794684451, "car_lcPushy": 0.9306443921654484, "car_lcSigma": 0.2578929844270399, "car_lcSpeedGainRight": 4.672227462647923, "car_lcSublane": 0.6191196332516605, "car_sigma": 0.9854449149448306, "car_tau_mean": 0.6142535308690733, "car_tau_std": 7.251666588327083, "car_v_mean": 17.048867766086097, "car_v_std": 9.848480947966392}, "datetime": {"datetime": "2024-08-08 17:28:32", "elapsed": 297.986017, "delta": 1.477987}}
{"target": -0.3052436887486694, "params": {"bus_acc": 1.8220364177267037, "bus_dcc": 1.2979686608564904, "bus_lcAssertive": 52.911162300631176, "bus_lcCooperative": 0.21257225018459036, "bus_lcLookaheadLeft": 90.6289239269868, "bus_lcPushy": 0.046030700768947774, "bus_lcSigma": 0.8972744695046295, "bus_lcSpeedGainRight": 2.938673496802047, "bus_lcSublane": 0.8615968137982195, "bus_sigma": 0.02917043090502025, "bus_tau_mean": 1.6655373332011014, "bus_tau_std": 5.011101499409691, "bus_v_mean": 11.473788915273976, "bus_v_std": 8.451929289454823, "car_acc": 1.1181307412152042, "car_dcc": 2.7615527506747757, "car_lcAssertive": 93.04360097764864, "car_lcCooperative": 0.07580839663584016, "car_lcLookaheadLeft": 84.49867787921661, "car_lcPushy": 0.7477799933095586, "car_lcSigma": 0.22998610475282222, "car_lcSpeedGainRight": 2.590588501294496, "car_lcSublane": 0.31375843015401117, "car_sigma": 0.6157862239911974, "car_tau_mean": 1.2461054684662507, "car_tau_std": 4.358884747352702, "car_v_mean": 20.62520323470141, "car_v_std": 9.32935407166742}, "datetime": {"datetime": "2024-08-08 17:28:34", "elapsed": 299.331123, "delta": 1.345106}}
{"target": -0.3289022468391137, "params": {"bus_acc": 2.892447811543514, "bus_dcc": 1.376629329426171, "bus_lcAssertive": 77.51567461454466, "bus_lcCooperative": 0.8414221567958434, "bus_lcLookaheadLeft": 6.242511942243542, "bus_lcPushy": 0.48644074317039476, "bus_lcSigma": 0.23941104413775594, "bus_lcSpeedGainRight": 4.762368908466296, "bus_lcSublane": 0.9438926277837961, "bus_sigma": 0.6139340023847009, "bus_tau_mean": 3.907205890638187, "bus_tau_std": 3.4486134371625097, "bus_v_mean": 22.365611482682908, "bus_v_std": 8.69189946817019, "car_acc": 1.9432585485900549, "car_dcc": 3.8224838896041984, "car_lcAssertive": 68.73758704733953, "car_lcCooperative": 0.06491158533912933, "car_lcLookaheadLeft": 87.30163596866048, "car_lcPushy": 0.7013802946333463, "car_lcSigma": 0.6049268729742817, "car_lcSpeedGainRight": 3.6618744958966527, "car_lcSublane": 0.2534390424997808, "car_sigma": 0.6004889552745444, "car_tau_mean": 3.351167134415794, "car_tau_std": 0.5411366032399989, "car_v_mean": 10.088170741428256, "car_v_std": 16.848916199128272}, "datetime": {"datetime": "2024-08-08 17:28:35", "elapsed": 300.640494, "delta": 1.309371}}
{"target": -0.28081058162236655, "params": {"bus_acc": 1.541417563448293, "bus_dcc": 1.0919160942726092, "bus_lcAssertive": 46.77120500937646, "bus_lcCooperative": 0.9606566952869964, "bus_lcLookaheadLeft": 11.174196349471044, "bus_lcPushy": 0.0655985161350432, "bus_lcSigma": 0.8799355762219236, "bus_lcSpeedGainRight": 4.1068602077164424, "bus_lcSublane": 0.8199694222450838, "bus_sigma": 0.46781804781537173, "bus_tau_mean": 1.9962223309618568, "bus_tau_std": 4.010683054344961, "bus_v_mean": 17.315440674228913, "bus_v_std": 14.579413387522225, "car_acc": 4.137168009398504, "car_dcc": 2.9643975626812535, "car_lcAssertive": 56.6841503029253, "car_lcCooperative": 0.412392608220297, "car_lcLookaheadLeft": 33.35167608029775, "car_lcPushy": 0.2862477928261852, "car_lcSigma": 0.29617671840307525, "car_lcSpeedGainRight": 3.413764330822216, "car_lcSublane": 0.7624411821595793, "car_sigma": 0.5976197869899762, "car_tau_mean": 1.2800236228874629, "car_tau_std": 1.943950205047229, "car_v_mean": 20.25097790033206, "car_v_std": 19.57387637950091}, "datetime": {"datetime": "2024-08-08 17:28:37", "elapsed": 302.851217, "delta": 2.210723}}
{"target": -0.3175658196527283, "params": {"bus_acc": 3.758557596318231, "bus_dcc": 2.7964626718702656, "bus_lcAssertive": 74.9190897401775, "bus_lcCooperative": 0.5419710617714415, "bus_lcLookaheadLeft": 70.65224111671125, "bus_lcPushy": 0.9305598192498451, "bus_lcSigma": 0.8626166945052219, "bus_lcSpeedGainRight": 0.8372092875326065, "bus_lcSublane": 0.2631390239238742, "bus_sigma": 0.07161027944180454, "bus_tau_mean": 3.9253548180542146, "bus_tau_std": 2.3638409866037557, "bus_v_mean": 18.56957369485758, "bus_v_std": 1.79261397854924, "car_acc": 1.843083768348075, "car_dcc": 2.5084731505552136, "car_lcAssertive": 11.390413164662874, "car_lcCooperative": 0.38887340269472437, "car_lcLookaheadLeft": 54.722796573688726, "car_lcPushy": 0.33920418488509996, "car_lcSigma": 0.5559002111265755, "car_lcSpeedGainRight": 2.6838416097123203, "car_lcSublane": 0.3906104987369058, "car_sigma": 0.6962700831011029, "car_tau_mean": 2.874688588992734, "car_tau_std": 6.873031493743898, "car_v_mean": 16.983860140789986, "car_v_std": 7.161598280258716}, "datetime": {"datetime": "2024-08-08 17:28:39", "elapsed": 304.882484, "delta": 2.031267}}
{"target": -0.291711442162865, "params": {"bus_acc": 2.749374301869373, "bus_dcc": 2.1200342841108206, "bus_lcAssertive": 70.72716746431911, "bus_lcCooperative": 0.259741092802106, "bus_lcLookaheadLeft": 69.26204844389027, "bus_lcPushy": 0.5749206674243172, "bus_lcSigma": 0.3350071019488179, "bus_lcSpeedGainRight": 3.3834519374749776, "bus_lcSublane": 0.042895809776010485, "bus_sigma": 0.5488253096232636, "bus_tau_mean": 2.584597985769223, "bus_tau_std": 2.8721967585387898, "bus_v_mean": 13.700507152746242, "bus_v_std": 17.260369981153243, "car_acc": 3.477483640417486, "car_dcc": 2.9198256033196124, "car_lcAssertive": 11.356488604166595, "car_lcCooperative": 0.23791775985050445, "car_lcLookaheadLeft": 72.48949997352504, "car_lcPushy": 0.6994697927526515, "car_lcSigma": 0.44662187413645704, "car_lcSpeedGainRight": 0.1962613854617784, "car_lcSublane": 0.05039634002116422, "car_sigma": 0.08850355949087774, "car_tau_mean": 3.5251426336171763, "car_tau_std": 1.360949670607624, "car_v_mean": 18.532187755992283, "car_v_std": 11.53932305755314}, "datetime": {"datetime": "2024-08-08 17:28:41", "elapsed": 306.639163, "delta": 1.756679}}
{"target": -0.32862118652478595, "params": {"bus_acc": 1.5807419004471672, "bus_dcc": 3.5806786005110878, "bus_lcAssertive": 77.52697442050341, "bus_lcCooperative": 0.7759671355687482, "bus_lcLookaheadLeft": 53.812472047415646, "bus_lcPushy": 0.4501853666907679, "bus_lcSigma": 0.22663149269250416, "bus_lcSpeedGainRight": 4.043390885347759, "bus_lcSublane": 0.9659290965618759, "bus_sigma": 0.5435319722003557, "bus_tau_mean": 3.657726099665866, "bus_tau_std": 2.8235044197461976, "bus_v_mean": 16.284084021592417, "bus_v_std": 6.5632517885032655, "car_acc": 4.9672046368271445, "car_dcc": 1.7509499554683325, "car_lcAssertive": 68.1967932636376, "car_lcCooperative": 0.7642020789997055, "car_lcLookaheadLeft": 5.158210594798318, "car_lcPushy": 0.9822712283503278, "car_lcSigma": 0.09132273980371786, "car_lcSpeedGainRight": 3.070374159695059, "car_lcSublane": 0.1493508108256505, "car_sigma": 0.5207964967050822, "car_tau_mean": 0.8267078276010763, "car_tau_std": 7.812004399897563, "car_v_mean": 20.366896276552808, "car_v_std": 11.96297529858186}, "datetime": {"datetime": "2024-08-08 17:28:44", "elapsed": 309.60362, "delta": 2.964457}}
{"target": -0.3514535462381083, "params": {"bus_acc": 1.9924458562406993, "bus_dcc": 3.5368448866934363, "bus_lcAssertive": 98.68106705184017, "bus_lcCooperative": 0.06657080313237929, "bus_lcLookaheadLeft": 71.9649471621622, "bus_lcPushy": 0.3301155521990743, "bus_lcSigma": 0.6254353783114329, "bus_lcSpeedGainRight": 1.290648246409355, "bus_lcSublane": 0.6510076093084951, "bus_sigma": 0.37114718446272954, "bus_tau_mean": 1.5318730783793728, "bus_tau_std": 9.117631736977987, "bus_v_mean": 23.07998198761932, "bus_v_std": 12.27100053120271, "car_acc": 1.8578711233227705, "car_dcc": 3.818256612718478, "car_lcAssertive": 75.29490112560909, "car_lcCooperative": 0.7510898073228061, "car_lcLookaheadLeft": 22.748690815151647, "car_lcPushy": 0.8301565261622993, "car_lcSigma": 0.24009515416121008, "car_lcSpeedGainRight": 3.158103726250801, "car_lcSublane": 0.7107395698995863, "car_sigma": 0.7423834297071017, "car_tau_mean": 1.8659264660985333, "car_tau_std": 7.598253967160974, "car_v_mean": 22.44697443394736, "car_v_std": 11.748400384751537}, "datetime": {"datetime": "2024-08-08 17:28:46", "elapsed": 311.374038, "delta": 1.770418}}
{"target": -0.30160244628288685, "params": {"bus_acc": 4.991537112899609, "bus_dcc": 2.301069218214931, "bus_lcAssertive": 30.18638916805104, "bus_lcCooperative": 0.04157423394916726, "bus_lcLookaheadLeft": 98.99128147110069, "bus_lcPushy": 0.4648876309118224, "bus_lcSigma": 0.7345850140503707, "bus_lcSpeedGainRight": 3.2040381202293733, "bus_lcSublane": 0.7230933996660097, "bus_sigma": 0.05111090382611627, "bus_tau_mean": 3.720158918933998, "bus_tau_std": 9.268412179022414, "bus_v_mean": 16.831920434467154, "bus_v_std": 19.278317773691022, "car_acc": 2.12382214796147, "car_dcc": 2.8064398814096356, "car_lcAssertive": 40.24980631520977, "car_lcCooperative": 0.6280232317552282, "car_lcLookaheadLeft": 31.461964275327315, "car_lcPushy": 0.8193583846560202, "car_lcSigma": 0.06978597850420853, "car_lcSpeedGainRight": 0.2093878514999814, "car_lcSublane": 0.049396384633314305, "car_sigma": 0.15045502836766345, "car_tau_mean": 1.8837266582814163, "car_tau_std": 9.553899892571746, "car_v_mean": 9.772727035135299, "car_v_std": 12.951059716328544}, "datetime": {"datetime": "2024-08-08 17:28:47", "elapsed": 312.816151, "delta": 1.442113}}
{"target": -0.3131146350068459, "params": {"bus_acc": 2.6797930176077163, "bus_dcc": 2.8083602867268884, "bus_lcAssertive": 72.21453795488647, "bus_lcCooperative": 0.8573003334512307, "bus_lcLookaheadLeft": 68.74892410492416, "bus_lcPushy": 0.23698206447169834, "bus_lcSigma": 0.92572053533626, "bus_lcSpeedGainRight": 3.9059770033788306, "bus_lcSublane": 0.3073814804278443, "bus_sigma": 0.3049656416420632, "bus_tau_mean": 3.5840891145011664, "bus_tau_std": 1.260784803971985, "bus_v_mean": 18.135373347771612, "bus_v_std": 5.554254649468485, "car_acc": 4.308801300557224, "car_dcc": 2.0935703426676646, "car_lcAssertive": 73.60324335241457, "car_lcCooperative": 0.1924178904137388, "car_lcLookaheadLeft": 49.18169795899246, "car_lcPushy": 0.8035946264310272, "car_lcSigma": 0.39698821167237397, "car_lcSpeedGainRight": 0.8078701992804493, "car_lcSublane": 0.6489822226486474, "car_sigma": 0.7533258058943924, "car_tau_mean": 1.480674223805828, "car_tau_std": 4.5136186123240165, "car_v_mean": 22.407182598177044, "car_v_std": 17.43971262381837}, "datetime": {"datetime": "2024-08-08 17:28:49", "elapsed": 314.342484, "delta": 1.526333}}
{"target": -0.3002021145510542, "params": {"bus_acc": 4.390657925750336, "bus_dcc": 3.9883785732971018, "bus_lcAssertive": 43.8625242810188, "bus_lcCooperative": 0.31140904605836806, "bus_lcLookaheadLeft": 41.66749184825992, "bus_lcPushy": 0.22802509631100698, "bus_lcSigma": 0.2260985847335475, "bus_lcSpeedGainRight": 2.1682180433259948, "bus_lcSublane": 0.684539508216859, "bus_sigma": 0.6607372885925005, "bus_tau_mean": 3.2037155889171203, "bus_tau_std": 2.1681468807052386, "bus_v_mean": 19.65930205972515, "bus_v_std": 15.905076548381805, "car_acc": 3.247251456335615, "car_dcc": 2.397012069856075, "car_lcAssertive": 16.66178731278523, "car_lcCooperative": 0.046452851043737975, "car_lcLookaheadLeft": 47.45555048174523, "car_lcPushy": 0.6543020802252184, "car_lcSigma": 0.21254631654815492, "car_lcSpeedGainRight": 1.9997480243785053, "car_lcSublane": 0.4976378845098134, "car_sigma": 0.954903956652196, "car_tau_mean": 3.5710579500336115, "car_tau_std": 8.740496481285145, "car_v_mean": 23.945608621438552, "car_v_std": 15.469065662809099}, "datetime": {"datetime": "2024-08-08 17:28:50", "elapsed": 315.635933, "delta": 1.293449}}
