{"target": 57.50692415451486, "params": {"bus_acc": 1.38, "bus_dcc": 3.47, "bus_lcCooperative": 0.04, "bus_lcPushy": 0.13, "bus_lcSublane": 0.33, "bus_max_v": 10.21, "bus_tau_mean": 1.72, "bus_tau_std": 5.19, "car_acc": 2.03, "car_dcc": 4.38, "car_lcCooperative": 0.46, "car_lcPushy": 0.41, "car_lcSublane": 0.18, "car_max_v": 11.06, "car_tau_mean": 2.1, "car_tau_std": 1.8}, "datetime": {"datetime": "2024-08-01 07:45:10", "elapsed": 69982.178216, "delta": 543.148856}}
{"target": 58.709560416354954, "params": {"bus_acc": 1.96, "bus_dcc": 1.32, "bus_lcCooperative": 0.66, "bus_lcPushy": 0.29, "bus_lcSublane": 0.34, "bus_max_v": 8.93, "bus_tau_mean": 2.32, "bus_tau_std": 1.72, "car_acc": 1.3, "car_dcc": 2.02, "car_lcCooperative": 0.62, "car_lcPushy": 0.35, "car_lcSublane": 0.54, "car_max_v": 8.18, "car_tau_mean": 2.42, "car_tau_std": 6.6}, "datetime": {"datetime": "2024-08-01 07:54:34", "elapsed": 70545.887998, "delta": 563.709782}}
{"target": 58.19447304453716, "params": {"bus_acc": 1.39, "bus_dcc": 2.13, "bus_lcCooperative": 0.67, "bus_lcPushy": 0.29, "bus_lcSublane": 0.2, "bus_max_v": 9.6, "bus_tau_mean": 1.8, "bus_tau_std": 1.08, "car_acc": 1.66, "car_dcc": 2.63, "car_lcCooperative": 0.88, "car_lcPushy": 0.14, "car_lcSublane": 0.37, "car_max_v": 8.13, "car_tau_mean": 2.77, "car_tau_std": 8.26}, "datetime": {"datetime": "2024-08-01 08:03:58", "elapsed": 71110.050267, "delta": 564.162269}}
{"target": 56.29054557727099, "params": {"bus_acc": 1.05, "bus_dcc": 3.22, "bus_lcCooperative": 0.72, "bus_lcPushy": 0.11, "bus_lcSublane": 0.05, "bus_max_v": 12.0, "bus_tau_mean": 2.64, "bus_tau_std": 3.27, "car_acc": 2.47, "car_dcc": 1.57, "car_lcCooperative": 0.06, "car_lcPushy": 0.09, "car_lcSublane": 0.54, "car_max_v": 12.89, "car_tau_mean": 1.52, "car_tau_std": 6.22}, "datetime": {"datetime": "2024-08-01 08:11:06", "elapsed": 71538.45995, "delta": 428.409683}}
{"target": 56.905991545731496, "params": {"bus_acc": 1.15, "bus_dcc": 1.14, "bus_lcCooperative": 0.78, "bus_lcPushy": 0.35, "bus_lcSublane": 0.39, "bus_max_v": 9.28, "bus_tau_mean": 2.01, "bus_tau_std": 2.28, "car_acc": 1.83, "car_dcc": 4.6, "car_lcCooperative": 0.84, "car_lcPushy": 0.8, "car_lcSublane": 0.93, "car_max_v": 11.68, "car_tau_mean": 2.83, "car_tau_std": 10.44}, "datetime": {"datetime": "2024-08-01 08:19:28", "elapsed": 72040.147294, "delta": 501.687344}}
{"target": 58.515984029610635, "params": {"bus_acc": 1.56, "bus_dcc": 3.04, "bus_lcCooperative": 0.23, "bus_lcPushy": 0.23, "bus_lcSublane": 0.59, "bus_max_v": 9.72, "bus_tau_mean": 1.39, "bus_tau_std": 2.32, "car_acc": 1.53, "car_dcc": 1.06, "car_lcCooperative": 0.04, "car_lcPushy": 0.83, "car_lcSublane": 0.7, "car_max_v": 8.63, "car_tau_mean": 2.4, "car_tau_std": 7.57}, "datetime": {"datetime": "2024-08-01 08:28:05", "elapsed": 72556.552822, "delta": 516.405528}}
{"target": 57.690119209348865, "params": {"bus_acc": 1.52, "bus_dcc": 3.24, "bus_lcCooperative": 0.55, "bus_lcPushy": 0.33, "bus_lcSublane": 0.53, "bus_max_v": 14.82, "bus_tau_mean": 1.48, "bus_tau_std": 1.39, "car_acc": 1.99, "car_dcc": 1.95, "car_lcCooperative": 0.88, "car_lcPushy": 0.45, "car_lcSublane": 0.2, "car_max_v": 8.87, "car_tau_mean": 2.16, "car_tau_std": 9.63}, "datetime": {"datetime": "2024-08-01 08:36:35", "elapsed": 73067.090842, "delta": 510.53802}}
{"target": 57.854789283486554, "params": {"bus_acc": 1.91, "bus_dcc": 3.44, "bus_lcCooperative": 0.48, "bus_lcPushy": 0.48, "bus_lcSublane": 0.37, "bus_max_v": 12.23, "bus_tau_mean": 2.63, "bus_tau_std": 2.98, "car_acc": 1.37, "car_dcc": 2.98, "car_lcCooperative": 0.87, "car_lcPushy": 0.63, "car_lcSublane": 0.58, "car_max_v": 9.48, "car_tau_mean": 2.53, "car_tau_std": 13.32}, "datetime": {"datetime": "2024-08-01 08:45:34", "elapsed": 73606.29085, "delta": 539.200008}}
{"target": 56.85518093099407, "params": {"bus_acc": 1.9, "bus_dcc": 3.26, "bus_lcCooperative": 0.48, "bus_lcPushy": 1.0, "bus_lcSublane": 0.59, "bus_max_v": 11.79, "bus_tau_mean": 2.26, "bus_tau_std": 7.03, "car_acc": 1.95, "car_dcc": 2.43, "car_lcCooperative": 0.96, "car_lcPushy": 0.67, "car_lcSublane": 0.98, "car_max_v": 10.47, "car_tau_mean": 1.77, "car_tau_std": 3.38}, "datetime": {"datetime": "2024-08-01 08:53:30", "elapsed": 74082.208482, "delta": 475.917632}}
{"target": 57.586455105996784, "params": {"bus_acc": 1.02, "bus_dcc": 2.01, "bus_lcCooperative": 0.37, "bus_lcPushy": 0.42, "bus_lcSublane": 0.55, "bus_max_v": 10.65, "bus_tau_mean": 1.64, "bus_tau_std": 0.92, "car_acc": 1.25, "car_dcc": 1.11, "car_lcCooperative": 0.88, "car_lcPushy": 0.02, "car_lcSublane": 0.38, "car_max_v": 14.36, "car_tau_mean": 2.4, "car_tau_std": 9.52}, "datetime": {"datetime": "2024-08-01 09:01:56", "elapsed": 74588.524323, "delta": 506.315841}}
{"target": 58.67149035923808, "params": {"bus_acc": 1.48, "bus_dcc": 1.25, "bus_lcCooperative": 0.69, "bus_lcPushy": 0.2, "bus_lcSublane": 0.55, "bus_max_v": 9.83, "bus_tau_mean": 1.97, "bus_tau_std": 0.22, "car_acc": 1.29, "car_dcc": 1.73, "car_lcCooperative": 0.67, "car_lcPushy": 0.58, "car_lcSublane": 0.29, "car_max_v": 9.06, "car_tau_mean": 2.19, "car_tau_std": 10.0}, "datetime": {"datetime": "2024-08-01 09:11:17", "elapsed": 75149.081408, "delta": 560.557085}}
{"target": 56.891720927119394, "params": {"bus_acc": 1.24, "bus_dcc": 3.01, "bus_lcCooperative": 0.63, "bus_lcPushy": 0.48, "bus_lcSublane": 0.34, "bus_max_v": 13.9, "bus_tau_mean": 2.9, "bus_tau_std": 10.93, "car_acc": 2.98, "car_dcc": 3.0, "car_lcCooperative": 0.72, "car_lcPushy": 0.57, "car_lcSublane": 0.21, "car_max_v": 10.83, "car_tau_mean": 1.39, "car_tau_std": 12.27}, "datetime": {"datetime": "2024-08-01 09:19:07", "elapsed": 75618.595844, "delta": 469.514436}}
{"target": 58.176230146289164, "params": {"bus_acc": 1.03, "bus_dcc": 3.58, "bus_lcCooperative": 0.57, "bus_lcPushy": 0.42, "bus_lcSublane": 0.42, "bus_max_v": 12.62, "bus_tau_mean": 1.78, "bus_tau_std": 5.29, "car_acc": 1.08, "car_dcc": 2.52, "car_lcCooperative": 0.64, "car_lcPushy": 0.73, "car_lcSublane": 0.39, "car_max_v": 11.31, "car_tau_mean": 2.07, "car_tau_std": 14.26}, "datetime": {"datetime": "2024-08-01 09:27:57", "elapsed": 76149.038809, "delta": 530.442965}}
{"target": 56.960564485067486, "params": {"bus_acc": 1.5, "bus_dcc": 3.69, "bus_lcCooperative": 0.63, "bus_lcPushy": 0.22, "bus_lcSublane": 0.59, "bus_max_v": 14.75, "bus_tau_mean": 1.02, "bus_tau_std": 1.59, "car_acc": 1.54, "car_dcc": 3.45, "car_lcCooperative": 0.9, "car_lcPushy": 0.48, "car_lcSublane": 0.23, "car_max_v": 13.14, "car_tau_mean": 1.28, "car_tau_std": 3.98}, "datetime": {"datetime": "2024-08-01 09:36:36", "elapsed": 76668.496771, "delta": 519.457962}}
{"target": 58.295177113823286, "params": {"bus_acc": 1.7, "bus_dcc": 3.27, "bus_lcCooperative": 0.72, "bus_lcPushy": 0.34, "bus_lcSublane": 0.72, "bus_max_v": 13.29, "bus_tau_mean": 2.22, "bus_tau_std": 8.45, "car_acc": 1.4, "car_dcc": 3.42, "car_lcCooperative": 0.03, "car_lcPushy": 0.87, "car_lcSublane": 0.61, "car_max_v": 9.23, "car_tau_mean": 2.72, "car_tau_std": 11.39}, "datetime": {"datetime": "2024-08-01 09:46:03", "elapsed": 77235.279185, "delta": 566.782414}}
{"target": 56.247492579452654, "params": {"bus_acc": 1.2, "bus_dcc": 1.73, "bus_lcCooperative": 0.28, "bus_lcPushy": 0.75, "bus_lcSublane": 0.72, "bus_max_v": 11.42, "bus_tau_mean": 1.42, "bus_tau_std": 10.66, "car_acc": 2.55, "car_dcc": 1.07, "car_lcCooperative": 0.85, "car_lcPushy": 0.62, "car_lcSublane": 0.94, "car_max_v": 13.54, "car_tau_mean": 1.54, "car_tau_std": 6.92}, "datetime": {"datetime": "2024-08-01 09:53:00", "elapsed": 77652.36978, "delta": 417.090595}}
{"target": 58.11828540385816, "params": {"bus_acc": 1.61, "bus_dcc": 1.99, "bus_lcCooperative": 0.77, "bus_lcPushy": 0.83, "bus_lcSublane": 0.01, "bus_max_v": 13.96, "bus_tau_mean": 1.14, "bus_tau_std": 5.95, "car_acc": 1.21, "car_dcc": 3.75, "car_lcCooperative": 0.0, "car_lcPushy": 0.15, "car_lcSublane": 0.34, "car_max_v": 8.89, "car_tau_mean": 1.51, "car_tau_std": 5.75}, "datetime": {"datetime": "2024-08-01 10:02:19", "elapsed": 78210.782011, "delta": 558.412231}}
{"target": 58.388171177373124, "params": {"bus_acc": 1.62, "bus_dcc": 2.78, "bus_lcCooperative": 0.43, "bus_lcPushy": 0.67, "bus_lcSublane": 0.2, "bus_max_v": 9.78, "bus_tau_mean": 2.15, "bus_tau_std": 8.28, "car_acc": 2.39, "car_dcc": 4.94, "car_lcCooperative": 0.93, "car_lcPushy": 0.98, "car_lcSublane": 0.53, "car_max_v": 8.04, "car_tau_mean": 2.21, "car_tau_std": 9.89}, "datetime": {"datetime": "2024-08-01 10:11:08", "elapsed": 78740.076526, "delta": 529.294515}}
{"target": 58.04545927692277, "params": {"bus_acc": 1.78, "bus_dcc": 3.7, "bus_lcCooperative": 0.64, "bus_lcPushy": 0.33, "bus_lcSublane": 0.04, "bus_max_v": 12.43, "bus_tau_mean": 1.62, "bus_tau_std": 0.43, "car_acc": 1.79, "car_dcc": 1.46, "car_lcCooperative": 0.86, "car_lcPushy": 0.3, "car_lcSublane": 0.57, "car_max_v": 9.25, "car_tau_mean": 2.18, "car_tau_std": 10.03}, "datetime": {"datetime": "2024-08-01 10:19:51", "elapsed": 79263.204732, "delta": 523.128206}}
{"target": 58.57092781676614, "params": {"bus_acc": 1.48, "bus_dcc": 2.34, "bus_lcCooperative": 0.81, "bus_lcPushy": 0.52, "bus_lcSublane": 0.81, "bus_max_v": 10.69, "bus_tau_mean": 2.11, "bus_tau_std": 0.37, "car_acc": 1.61, "car_dcc": 1.25, "car_lcCooperative": 0.5, "car_lcPushy": 0.44, "car_lcSublane": 0.63, "car_max_v": 8.75, "car_tau_mean": 1.82, "car_tau_std": 8.75}, "datetime": {"datetime": "2024-08-01 10:28:43", "elapsed": 79794.549582, "delta": 531.34485}}
{"target": 56.63527722570496, "params": {"bus_acc": 1.74, "bus_dcc": 3.44, "bus_lcCooperative": 0.07, "bus_lcPushy": 0.51, "bus_lcSublane": 0.32, "bus_max_v": 11.71, "bus_tau_mean": 2.32, "bus_tau_std": 12.05, "car_acc": 2.91, "car_dcc": 2.56, "car_lcCooperative": 0.33, "car_lcPushy": 0.34, "car_lcSublane": 0.68, "car_max_v": 12.14, "car_tau_mean": 1.08, "car_tau_std": 12.6}, "datetime": {"datetime": "2024-08-01 10:36:12", "elapsed": 80243.877564, "delta": 449.327982}}
{"target": 57.17213641181728, "params": {"bus_acc": 1.27, "bus_dcc": 3.37, "bus_lcCooperative": 0.02, "bus_lcPushy": 0.35, "bus_lcSublane": 0.43, "bus_max_v": 8.7, "bus_tau_mean": 2.83, "bus_tau_std": 5.88, "car_acc": 1.64, "car_dcc": 4.0, "car_lcCooperative": 0.75, "car_lcPushy": 0.73, "car_lcSublane": 0.45, "car_max_v": 11.31, "car_tau_mean": 1.79, "car_tau_std": 3.28}, "datetime": {"datetime": "2024-08-01 10:44:58", "elapsed": 80769.573903, "delta": 525.696339}}
{"target": 58.44905626036847, "params": {"bus_acc": 1.75, "bus_dcc": 2.7, "bus_lcCooperative": 0.22, "bus_lcPushy": 0.34, "bus_lcSublane": 0.45, "bus_max_v": 9.23, "bus_tau_mean": 2.03, "bus_tau_std": 11.03, "car_acc": 1.41, "car_dcc": 1.87, "car_lcCooperative": 0.6, "car_lcPushy": 0.48, "car_lcSublane": 0.42, "car_max_v": 9.13, "car_tau_mean": 1.52, "car_tau_std": 10.53}, "datetime": {"datetime": "2024-08-01 10:54:29", "elapsed": 81341.384466, "delta": 571.810563}}
{"target": 58.27647476659886, "params": {"bus_acc": 1.82, "bus_dcc": 3.4, "bus_lcCooperative": 0.86, "bus_lcPushy": 0.54, "bus_lcSublane": 0.78, "bus_max_v": 11.92, "bus_tau_mean": 2.62, "bus_tau_std": 3.91, "car_acc": 1.53, "car_dcc": 2.59, "car_lcCooperative": 0.7, "car_lcPushy": 0.23, "car_lcSublane": 0.22, "car_max_v": 8.85, "car_tau_mean": 2.99, "car_tau_std": 12.32}, "datetime": {"datetime": "2024-08-01 11:03:38", "elapsed": 81890.447281, "delta": 549.062815}}
{"target": 56.167870138533914, "params": {"bus_acc": 1.74, "bus_dcc": 3.1, "bus_lcCooperative": 0.6, "bus_lcPushy": 0.76, "bus_lcSublane": 0.91, "bus_max_v": 12.61, "bus_tau_mean": 2.14, "bus_tau_std": 4.1, "car_acc": 1.82, "car_dcc": 2.36, "car_lcCooperative": 0.5, "car_lcPushy": 0.31, "car_lcSublane": 0.58, "car_max_v": 11.81, "car_tau_mean": 2.2, "car_tau_std": 13.31}, "datetime": {"datetime": "2024-08-01 11:11:00", "elapsed": 82332.082902, "delta": 441.635621}}
{"target": 57.73047193996822, "params": {"bus_acc": 1.18, "bus_dcc": 3.0, "bus_lcCooperative": 0.73, "bus_lcPushy": 0.6, "bus_lcSublane": 0.59, "bus_max_v": 8.14, "bus_tau_mean": 2.73, "bus_tau_std": 6.16, "car_acc": 2.55, "car_dcc": 1.72, "car_lcCooperative": 0.83, "car_lcPushy": 0.54, "car_lcSublane": 0.27, "car_max_v": 8.89, "car_tau_mean": 2.65, "car_tau_std": 12.8}, "datetime": {"datetime": "2024-08-01 11:19:09", "elapsed": 82821.427001, "delta": 489.344099}}
{"target": 57.756723112209684, "params": {"bus_acc": 1.7, "bus_dcc": 3.23, "bus_lcCooperative": 0.51, "bus_lcPushy": 0.2, "bus_lcSublane": 0.35, "bus_max_v": 13.5, "bus_tau_mean": 2.81, "bus_tau_std": 0.54, "car_acc": 2.35, "car_dcc": 2.24, "car_lcCooperative": 0.18, "car_lcPushy": 0.51, "car_lcSublane": 0.16, "car_max_v": 9.0, "car_tau_mean": 2.36, "car_tau_std": 9.51}, "datetime": {"datetime": "2024-08-01 11:27:33", "elapsed": 83325.05464, "delta": 503.627639}}
{"target": 57.674432535235646, "params": {"bus_acc": 1.72, "bus_dcc": 3.23, "bus_lcCooperative": 0.38, "bus_lcPushy": 0.37, "bus_lcSublane": 0.32, "bus_max_v": 12.6, "bus_tau_mean": 2.19, "bus_tau_std": 3.75, "car_acc": 1.22, "car_dcc": 1.48, "car_lcCooperative": 0.42, "car_lcPushy": 0.42, "car_lcSublane": 0.86, "car_max_v": 12.0, "car_tau_mean": 1.76, "car_tau_std": 13.39}, "datetime": {"datetime": "2024-08-01 11:36:17", "elapsed": 83848.761319, "delta": 523.706679}}
{"target": 57.06931175877313, "params": {"bus_acc": 1.35, "bus_dcc": 3.76, "bus_lcCooperative": 0.99, "bus_lcPushy": 0.36, "bus_lcSublane": 0.23, "bus_max_v": 11.09, "bus_tau_mean": 2.71, "bus_tau_std": 13.85, "car_acc": 1.36, "car_dcc": 4.58, "car_lcCooperative": 0.35, "car_lcPushy": 0.24, "car_lcSublane": 0.05, "car_max_v": 10.06, "car_tau_mean": 1.72, "car_tau_std": 2.54}, "datetime": {"datetime": "2024-08-01 11:44:46", "elapsed": 84358.037885, "delta": 509.276566}}
{"target": 58.32657891956396, "params": {"bus_acc": 1.6, "bus_dcc": 1.31, "bus_lcCooperative": 0.22, "bus_lcPushy": 0.25, "bus_lcSublane": 0.67, "bus_max_v": 9.1, "bus_tau_mean": 2.78, "bus_tau_std": 1.38, "car_acc": 2.51, "car_dcc": 2.97, "car_lcCooperative": 0.91, "car_lcPushy": 0.41, "car_lcSublane": 0.12, "car_max_v": 8.12, "car_tau_mean": 1.13, "car_tau_std": 6.48}, "datetime": {"datetime": "2024-08-01 11:53:48", "elapsed": 84899.961832, "delta": 541.923947}}
{"target": 58.055485966781404, "params": {"bus_acc": 1.5, "bus_dcc": 2.42, "bus_lcCooperative": 0.75, "bus_lcPushy": 0.36, "bus_lcSublane": 0.17, "bus_max_v": 11.68, "bus_tau_mean": 2.05, "bus_tau_std": 1.13, "car_acc": 2.39, "car_dcc": 1.95, "car_lcCooperative": 0.54, "car_lcPushy": 0.78, "car_lcSublane": 0.1, "car_max_v": 8.46, "car_tau_mean": 2.68, "car_tau_std": 8.6}, "datetime": {"datetime": "2024-08-01 12:02:15", "elapsed": 85406.895464, "delta": 506.933632}}
{"target": 57.993835528477966, "params": {"bus_acc": 1.13, "bus_dcc": 3.12, "bus_lcCooperative": 0.78, "bus_lcPushy": 0.22, "bus_lcSublane": 0.24, "bus_max_v": 9.99, "bus_tau_mean": 1.03, "bus_tau_std": 1.93, "car_acc": 2.05, "car_dcc": 2.79, "car_lcCooperative": 0.25, "car_lcPushy": 0.13, "car_lcSublane": 0.57, "car_max_v": 8.71, "car_tau_mean": 1.8, "car_tau_std": 8.48}, "datetime": {"datetime": "2024-08-01 12:11:10", "elapsed": 85942.370921, "delta": 535.475457}}
{"target": 58.33216295601521, "params": {"bus_acc": 1.98, "bus_dcc": 1.98, "bus_lcCooperative": 0.74, "bus_lcPushy": 0.71, "bus_lcSublane": 0.91, "bus_max_v": 10.75, "bus_tau_mean": 2.95, "bus_tau_std": 12.48, "car_acc": 1.01, "car_dcc": 3.8, "car_lcCooperative": 0.98, "car_lcPushy": 0.28, "car_lcSublane": 0.44, "car_max_v": 8.84, "car_tau_mean": 2.39, "car_tau_std": 3.61}, "datetime": {"datetime": "2024-08-01 12:20:33", "elapsed": 86505.222093, "delta": 562.851172}}
{"target": 58.26633620053544, "params": {"bus_acc": 1.76, "bus_dcc": 2.65, "bus_lcCooperative": 0.45, "bus_lcPushy": 0.21, "bus_lcSublane": 0.11, "bus_max_v": 9.71, "bus_tau_mean": 1.98, "bus_tau_std": 11.16, "car_acc": 1.16, "car_dcc": 2.65, "car_lcCooperative": 0.77, "car_lcPushy": 0.27, "car_lcSublane": 0.54, "car_max_v": 8.96, "car_tau_mean": 1.51, "car_tau_std": 10.87}, "datetime": {"datetime": "2024-08-01 12:29:46", "elapsed": 87058.458936, "delta": 553.236843}}
{"target": 56.609478660683024, "params": {"bus_acc": 1.73, "bus_dcc": 1.93, "bus_lcCooperative": 0.07, "bus_lcPushy": 0.7, "bus_lcSublane": 0.1, "bus_max_v": 12.65, "bus_tau_mean": 2.11, "bus_tau_std": 8.29, "car_acc": 2.14, "car_dcc": 2.38, "car_lcCooperative": 0.08, "car_lcPushy": 0.21, "car_lcSublane": 0.26, "car_max_v": 11.81, "car_tau_mean": 1.92, "car_tau_std": 0.92}, "datetime": {"datetime": "2024-08-01 12:37:45", "elapsed": 87536.796441, "delta": 478.337505}}
{"target": 58.2091450214521, "params": {"bus_acc": 1.47, "bus_dcc": 1.65, "bus_lcCooperative": 0.5, "bus_lcPushy": 0.18, "bus_lcSublane": 0.92, "bus_max_v": 10.12, "bus_tau_mean": 2.87, "bus_tau_std": 0.62, "car_acc": 1.06, "car_dcc": 2.78, "car_lcCooperative": 0.88, "car_lcPushy": 0.81, "car_lcSublane": 0.47, "car_max_v": 9.84, "car_tau_mean": 2.92, "car_tau_std": 8.45}, "datetime": {"datetime": "2024-08-01 12:46:37", "elapsed": 88069.168039, "delta": 532.371598}}
{"target": 58.12845017230512, "params": {"bus_acc": 1.32, "bus_dcc": 2.02, "bus_lcCooperative": 0.32, "bus_lcPushy": 0.42, "bus_lcSublane": 0.7, "bus_max_v": 9.35, "bus_tau_mean": 1.97, "bus_tau_std": 10.57, "car_acc": 1.78, "car_dcc": 1.67, "car_lcCooperative": 0.75, "car_lcPushy": 0.55, "car_lcSublane": 0.17, "car_max_v": 8.73, "car_tau_mean": 1.26, "car_tau_std": 10.5}, "datetime": {"datetime": "2024-08-01 12:55:15", "elapsed": 88586.883329, "delta": 517.71529}}
{"target": 56.0306965108445, "params": {"bus_acc": 1.97, "bus_dcc": 1.38, "bus_lcCooperative": 0.07, "bus_lcPushy": 0.67, "bus_lcSublane": 0.31, "bus_max_v": 12.18, "bus_tau_mean": 2.9, "bus_tau_std": 9.81, "car_acc": 2.1, "car_dcc": 4.67, "car_lcCooperative": 0.68, "car_lcPushy": 0.05, "car_lcSublane": 0.54, "car_max_v": 13.82, "car_tau_mean": 1.79, "car_tau_std": 13.11}, "datetime": {"datetime": "2024-08-01 13:02:52", "elapsed": 89044.079696, "delta": 457.196367}}
{"target": 58.6797830067867, "params": {"bus_acc": 1.91, "bus_dcc": 1.35, "bus_lcCooperative": 0.6, "bus_lcPushy": 0.48, "bus_lcSublane": 0.34, "bus_max_v": 12.61, "bus_tau_mean": 2.48, "bus_tau_std": 0.82, "car_acc": 1.98, "car_dcc": 1.85, "car_lcCooperative": 0.34, "car_lcPushy": 0.83, "car_lcSublane": 0.14, "car_max_v": 8.27, "car_tau_mean": 2.48, "car_tau_std": 8.5}, "datetime": {"datetime": "2024-08-01 13:11:37", "elapsed": 89569.419922, "delta": 525.340226}}
{"target": 58.27397317536279, "params": {"bus_acc": 1.11, "bus_dcc": 2.09, "bus_lcCooperative": 0.34, "bus_lcPushy": 0.83, "bus_lcSublane": 0.21, "bus_max_v": 10.86, "bus_tau_mean": 2.36, "bus_tau_std": 0.77, "car_acc": 1.26, "car_dcc": 2.34, "car_lcCooperative": 0.38, "car_lcPushy": 0.23, "car_lcSublane": 0.53, "car_max_v": 8.56, "car_tau_mean": 1.55, "car_tau_std": 8.27}, "datetime": {"datetime": "2024-08-01 13:20:52", "elapsed": 90124.380234, "delta": 554.960312}}
{"target": 57.53020496808413, "params": {"bus_acc": 1.71, "bus_dcc": 1.45, "bus_lcCooperative": 0.78, "bus_lcPushy": 0.45, "bus_lcSublane": 0.29, "bus_max_v": 10.1, "bus_tau_mean": 2.44, "bus_tau_std": 0.65, "car_acc": 1.86, "car_dcc": 2.27, "car_lcCooperative": 0.39, "car_lcPushy": 0.15, "car_lcSublane": 0.24, "car_max_v": 9.45, "car_tau_mean": 2.44, "car_tau_std": 8.68}, "datetime": {"datetime": "2024-08-01 13:29:30", "elapsed": 90642.270509, "delta": 517.890275}}
{"target": 57.93486339700693, "params": {"bus_acc": 1.58, "bus_dcc": 2.37, "bus_lcCooperative": 0.55, "bus_lcPushy": 0.69, "bus_lcSublane": 0.76, "bus_max_v": 11.25, "bus_tau_mean": 2.44, "bus_tau_std": 0.84, "car_acc": 1.12, "car_dcc": 3.21, "car_lcCooperative": 0.22, "car_lcPushy": 0.95, "car_lcSublane": 0.08, "car_max_v": 8.66, "car_tau_mean": 2.76, "car_tau_std": 7.99}, "datetime": {"datetime": "2024-08-01 13:39:46", "elapsed": 91258.173553, "delta": 615.903044}}
{"target": 58.05734420369368, "params": {"bus_acc": 1.59, "bus_dcc": 2.9, "bus_lcCooperative": 0.68, "bus_lcPushy": 0.17, "bus_lcSublane": 0.29, "bus_max_v": 10.58, "bus_tau_mean": 2.18, "bus_tau_std": 0.5, "car_acc": 1.8, "car_dcc": 2.64, "car_lcCooperative": 0.65, "car_lcPushy": 0.74, "car_lcSublane": 0.5, "car_max_v": 8.56, "car_tau_mean": 2.28, "car_tau_std": 7.47}, "datetime": {"datetime": "2024-08-01 13:48:47", "elapsed": 91799.418328, "delta": 541.244775}}
{"target": 57.901605549866005, "params": {"bus_acc": 1.23, "bus_dcc": 3.66, "bus_lcCooperative": 0.61, "bus_lcPushy": 0.4, "bus_lcSublane": 0.56, "bus_max_v": 12.2, "bus_tau_mean": 2.53, "bus_tau_std": 3.1, "car_acc": 1.69, "car_dcc": 3.15, "car_lcCooperative": 0.49, "car_lcPushy": 0.73, "car_lcSublane": 0.42, "car_max_v": 9.73, "car_tau_mean": 2.11, "car_tau_std": 13.14}, "datetime": {"datetime": "2024-08-01 13:57:55", "elapsed": 92347.108779, "delta": 547.690451}}
{"target": 58.47622605481768, "params": {"bus_acc": 1.16, "bus_dcc": 1.74, "bus_lcCooperative": 0.07, "bus_lcPushy": 0.5, "bus_lcSublane": 0.2, "bus_max_v": 10.69, "bus_tau_mean": 2.58, "bus_tau_std": 0.72, "car_acc": 1.75, "car_dcc": 2.57, "car_lcCooperative": 0.04, "car_lcPushy": 0.12, "car_lcSublane": 0.64, "car_max_v": 8.24, "car_tau_mean": 1.44, "car_tau_std": 8.38}, "datetime": {"datetime": "2024-08-01 14:07:15", "elapsed": 92906.802847, "delta": 559.694068}}
{"target": 58.045742730885344, "params": {"bus_acc": 1.83, "bus_dcc": 3.58, "bus_lcCooperative": 0.94, "bus_lcPushy": 0.85, "bus_lcSublane": 0.98, "bus_max_v": 12.5, "bus_tau_mean": 2.68, "bus_tau_std": 3.66, "car_acc": 1.51, "car_dcc": 2.85, "car_lcCooperative": 0.89, "car_lcPushy": 0.52, "car_lcSublane": 0.63, "car_max_v": 8.99, "car_tau_mean": 2.5, "car_tau_std": 12.11}, "datetime": {"datetime": "2024-08-01 14:16:39", "elapsed": 93470.621667, "delta": 563.81882}}
