{"target": -0.42339506429100937, "params": {"bus_acc": 1.3034497420639473, "bus_dcc": 2.917380546159715, "bus_lcAssertive": 57.00054914184882, "bus_lcCooperative": 0.468665837661252, "bus_lcLookaheadLeft": 43.947672007890475, "bus_lcPushy": 0.5992697556580301, "bus_lcSigma": 0.8499698885159654, "bus_lcSublane": 0.7511210403719374, "bus_sigma": 0.579360540297233, "bus_tau_mean": 3.736464635376098, "bus_tau_std": 0.6473998344154885, "bus_v_mean": 23.861544139708947, "bus_v_std": 0.5299454266798953, "car_acc": 1.3989910922771227, "car_dcc": 2.268257984933683, "car_lcAssertive": 11.6433787423316, "car_lcCooperative": 0.6236704109977018, "car_lcLookaheadLeft": 6.703271276788997, "car_lcPushy": 0.28462388100694214, "car_lcSigma": 0.06103668111967109, "car_lcSublane": 0.7035193311050811, "car_sigma": 0.668456167589482, "car_tau_mean": 1.8250320763771077, "car_tau_std": 1.881942600298212, "car_v_mean": 19.952077264479122, "car_v_std": 3.4037929076546725}, "datetime": {"datetime": "2024-08-07 09:28:17", "elapsed": 0.0, "delta": 0.0}}
{"target": -0.39199312156393096, "params": {"bus_acc": 2.590602334811286, "bus_dcc": 2.463702817538861, "bus_lcAssertive": 53.04127499074696, "bus_lcCooperative": 0.028490849491567216, "bus_lcLookaheadLeft": 65.13473794814512, "bus_lcPushy": 0.3506565024321674, "bus_lcSigma": 0.2292050272920657, "bus_lcSublane": 0.4338833762117006, "bus_sigma": 0.3824674572709176, "bus_tau_mean": 2.1442616403022607, "bus_tau_std": 9.794833541798063, "bus_v_mean": 13.830049125891687, "bus_v_std": 7.744101333360395, "car_acc": 2.1055351930997848, "car_dcc": 3.6673932673224483, "car_lcAssertive": 36.14033226380763, "car_lcCooperative": 0.24551868018650747, "car_lcLookaheadLeft": 91.2798854863829, "car_lcPushy": 0.04353426375776537, "car_lcSigma": 0.9507534280610023, "car_lcSublane": 0.5564069156709253, "car_sigma": 0.3763632166870875, "car_tau_mean": 3.982683128186889, "car_tau_std": 0.5836264614763165, "car_v_mean": 16.267301756281796, "car_v_std": 0.3109707545554785}, "datetime": {"datetime": "2024-08-07 09:28:42", "elapsed": 24.645107, "delta": 24.645107}}
{"target": -0.46930327292313967, "params": {"bus_acc": 2.501624206272311, "bus_dcc": 3.1779939560513544, "bus_lcAssertive": 88.44730302937518, "bus_lcCooperative": 0.6236722070556089, "bus_lcLookaheadLeft": 75.59235853467905, "bus_lcPushy": 0.34889834197784253, "bus_lcSigma": 0.2699278917650261, "bus_lcSublane": 0.8958862181960668, "bus_sigma": 0.4280911898712949, "bus_tau_mean": 3.8769401650193496, "bus_tau_std": 6.634414978184481, "bus_v_mean": 17.94713152334595, "bus_v_std": 1.1474597295337519, "car_acc": 2.8989785174141423, "car_dcc": 2.349736400439822, "car_lcAssertive": 58.26057182432604, "car_lcCooperative": 0.40813680276128117, "car_lcLookaheadLeft": 25.228644063816716, "car_lcPushy": 0.9033795205622538, "car_lcSigma": 0.5736794866722859, "car_lcSublane": 0.00287032703115897, "car_sigma": 0.6171449136207239, "car_tau_mean": 1.6432571562023366, "car_tau_std": 5.270581022576093, "car_v_mean": 22.175073588972392, "car_v_std": 3.5726976000249975}, "datetime": {"datetime": "2024-08-07 09:28:54", "elapsed": 36.568605, "delta": 11.923498}}
{"target": -0.3749315440608414, "params": {"bus_acc": 2.8523628534129073, "bus_dcc": 3.7562003069008183, "bus_lcAssertive": 40.09268567943193, "bus_lcCooperative": 0.9632625284407118, "bus_lcLookaheadLeft": 19.04765533468551, "bus_lcPushy": 0.12632951943963733, "bus_lcSigma": 0.13507915804673132, "bus_lcSublane": 0.5056621656768967, "bus_sigma": 0.021524805274197978, "bus_tau_mean": 3.8178957392618833, "bus_tau_std": 8.271154711707325, "bus_v_mean": 8.240303691873958, "bus_v_std": 1.7619625557505525, "car_acc": 1.664127148733674, "car_dcc": 1.3929905344327507, "car_lcAssertive": 81.13957852053163, "car_lcCooperative": 0.34473665268329345, "car_lcLookaheadLeft": 94.13053326866998, "car_lcPushy": 0.58201417994708, "car_lcSigma": 0.8788319844118441, "car_lcSublane": 0.8447344453922219, "car_sigma": 0.9053923187086492, "car_tau_mean": 2.1095809303588244, "car_tau_std": 5.463468160203733, "car_v_mean": 20.77765745843263, "car_v_std": 2.8571885173414757}, "datetime": {"datetime": "2024-08-07 09:29:08", "elapsed": 50.666571, "delta": 14.097966}}
{"target": -0.43983257465834846, "params": {"bus_acc": 2.077254565152694, "bus_dcc": 1.0090538698587892, "bus_lcAssertive": 95.16818476353025, "bus_lcCooperative": 0.905402033702778, "bus_lcLookaheadLeft": 80.00476031034239, "bus_lcPushy": 0.9152743199147875, "bus_lcSigma": 0.14555823115839706, "bus_lcSublane": 0.15773006987053328, "bus_sigma": 0.187631672902434, "bus_tau_mean": 2.678735658049724, "bus_tau_std": 9.058094960083018, "bus_v_mean": 23.83928285374518, "bus_v_std": 7.1112245876581595, "car_acc": 2.4636008182845908, "car_dcc": 3.7278796136327634, "car_lcAssertive": 40.686499504740965, "car_lcCooperative": 0.24985068022503676, "car_lcLookaheadLeft": 18.99615673713804, "car_lcPushy": 0.119457050333729, "car_lcSigma": 0.8126105880328287, "car_lcSublane": 0.14679237341724316, "car_sigma": 0.2642974827269007, "car_tau_mean": 3.3668121252173577, "car_tau_std": 3.1058725179420996, "car_v_mean": 23.718679188687084, "car_v_std": 2.666387021516352}, "datetime": {"datetime": "2024-08-07 09:29:16", "elapsed": 59.016866, "delta": 8.350295}}
{"target": -0.4284458488104092, "params": {"bus_acc": 2.691702966055355, "bus_dcc": 2.2863063249983275, "bus_lcAssertive": 82.57697717081956, "bus_lcCooperative": 0.6264961586242938, "bus_lcLookaheadLeft": 16.055458769684, "bus_lcPushy": 0.07838689985494796, "bus_lcSigma": 0.01833264291300729, "bus_lcSublane": 0.06672499763935646, "bus_sigma": 0.4585838137084318, "bus_tau_mean": 0.8966967296865667, "bus_tau_std": 0.27783348848669953, "bus_v_mean": 20.07778370224748, "bus_v_std": 3.948504804606394, "car_acc": 2.4938769912150502, "car_dcc": 2.357214480239355, "car_lcAssertive": 45.55858795307535, "car_lcCooperative": 0.47807250671783097, "car_lcLookaheadLeft": 48.452384803095015, "car_lcPushy": 0.8031633421141696, "car_lcSigma": 0.40239251985773583, "car_lcSublane": 0.904686160343623, "car_sigma": 0.037061047954035864, "car_tau_mean": 3.2085601995214654, "car_tau_std": 1.2564138113773882, "car_v_mean": 17.896217070593366, "car_v_std": 0.10364261335231939}, "datetime": {"datetime": "2024-08-07 09:29:30", "elapsed": 72.778376, "delta": 13.76151}}
{"target": -0.3166433609097663, "params": {"bus_acc": 1.9805070452398554, "bus_dcc": 2.7973309229376353, "bus_lcAssertive": 2.5377942795327364, "bus_lcCooperative": 0.5934814081966372, "bus_lcLookaheadLeft": 44.500282200966915, "bus_lcPushy": 0.8073605288848414, "bus_lcSigma": 0.31524480309537295, "bus_lcSublane": 0.8928887085251513, "bus_sigma": 0.5778572152845355, "bus_tau_mean": 1.1440357056961277, "bus_tau_std": 7.879292338255043, "bus_v_mean": 17.79249883271894, "bus_v_std": 0.5390927207375296, "car_acc": 1.8403873600022644, "car_dcc": 3.037206509696289, "car_lcAssertive": 91.94157601977506, "car_lcCooperative": 0.00040202489135743313, "car_lcLookaheadLeft": 97.72239660504384, "car_lcPushy": 0.37658031474577447, "car_lcSigma": 0.9737835383583225, "car_lcSublane": 0.604716100974053, "car_sigma": 0.828845807980693, "car_tau_mean": 2.511490266478358, "car_tau_std": 6.2807619830735035, "car_v_mean": 12.569220507131103, "car_v_std": 5.868333406560829}, "datetime": {"datetime": "2024-08-07 09:29:43", "elapsed": 86.279413, "delta": 13.501037}}
{"target": -0.37656429527407526, "params": {"bus_acc": 2.0673066899424226, "bus_dcc": 1.943401033557549, "bus_lcAssertive": 91.16651028620991, "bus_lcCooperative": 0.36655664385123443, "bus_lcLookaheadLeft": 44.492048072770125, "bus_lcPushy": 0.5122926922783614, "bus_lcSigma": 0.9388864773697133, "bus_lcSublane": 0.030949006271150714, "bus_sigma": 0.7168786636316892, "bus_tau_mean": 3.618566340023186, "bus_tau_std": 0.27287223517468817, "bus_v_mean": 16.35281995604017, "bus_v_std": 3.259898117700253, "car_acc": 2.7189786417311717, "car_dcc": 2.6755496527675535, "car_lcAssertive": 69.33255894811204, "car_lcCooperative": 0.45285349995153745, "car_lcLookaheadLeft": 63.574285677093, "car_lcPushy": 0.2900968516874258, "car_lcSigma": 0.009348577966515781, "car_lcSublane": 0.5767559349870908, "car_sigma": 0.3114442141324628, "car_tau_mean": 2.3104365947539542, "car_tau_std": 9.164058530538977, "car_v_mean": 14.823596616022336, "car_v_std": 2.473960366023854}, "datetime": {"datetime": "2024-08-07 09:29:45", "elapsed": 87.656561, "delta": 1.377148}}
{"target": -0.39924548625323575, "params": {"bus_acc": 1.423920329287352, "bus_dcc": 3.3958127342806304, "bus_lcAssertive": 30.43580676921995, "bus_lcCooperative": 0.02760601195450363, "bus_lcLookaheadLeft": 60.15638004753286, "bus_lcPushy": 0.8438404289311888, "bus_lcSigma": 0.3810161240622142, "bus_lcSublane": 0.7498583107261434, "bus_sigma": 0.5111414782971282, "bus_tau_mean": 2.39333131736766, "bus_tau_std": 9.594343210617524, "bus_v_mean": 20.86337426397835, "bus_v_std": 0.3232306662357398, "car_acc": 2.41877450246259, "car_dcc": 2.3950044446905183, "car_lcAssertive": 94.80734519811489, "car_lcCooperative": 0.2214327343234883, "car_lcLookaheadLeft": 28.173057929067845, "car_lcPushy": 0.081473964877262, "car_lcSigma": 0.42861882866378653, "car_lcSublane": 0.10901876401906829, "car_sigma": 0.6337867606119179, "car_tau_mean": 3.3103713308080827, "car_tau_std": 6.9680049612017845, "car_v_mean": 20.259382097212328, "car_v_std": 3.424541198435198}, "datetime": {"datetime": "2024-08-07 09:29:53", "elapsed": 96.397845, "delta": 8.741284}}
{"target": -0.3897926621094196, "params": {"bus_acc": 1.8575903206975954, "bus_dcc": 2.1463019276474187, "bus_lcAssertive": 13.544625000845354, "bus_lcCooperative": 0.24426666320897583, "bus_lcLookaheadLeft": 9.775475129915257, "bus_lcPushy": 0.3028583047175786, "bus_lcSigma": 0.7417048002315554, "bus_lcSublane": 0.6150157249710488, "bus_sigma": 0.6724110989339258, "bus_tau_mean": 0.5293407783376105, "bus_tau_std": 6.783769722513199, "bus_v_mean": 16.050891048686193, "bus_v_std": 2.309084504841792, "car_acc": 1.3497930179638444, "car_dcc": 1.5549488966524896, "car_lcAssertive": 84.58174050243474, "car_lcCooperative": 0.9825897893050853, "car_lcLookaheadLeft": 91.5464832344799, "car_lcPushy": 0.3473694203728128, "car_lcSigma": 0.7802245796913637, "car_lcSublane": 0.5464545907014307, "car_sigma": 0.8164423975559377, "car_tau_mean": 2.1930443291611708, "car_tau_std": 5.899512982994038, "car_v_mean": 20.596215160388184, "car_v_std": 1.0023464310313235}, "datetime": {"datetime": "2024-08-07 09:29:56", "elapsed": 98.669788, "delta": 2.271943}}
{"target": -0.31381883634536956, "params": {"bus_acc": 2.1465445430993695, "bus_dcc": 3.8282877262988477, "bus_lcAssertive": 52.268144769059866, "bus_lcCooperative": 0.1944658095278845, "bus_lcLookaheadLeft": 85.09806045946067, "bus_lcPushy": 0.25163914235585283, "bus_lcSigma": 0.700726036482538, "bus_lcSublane": 0.5402609403968999, "bus_sigma": 0.9488362882802196, "bus_tau_mean": 2.6851784584093656, "bus_tau_std": 8.379779620477294, "bus_v_mean": 8.12692601911237, "bus_v_std": 9.89340056166638, "car_acc": 1.155429140664773, "car_dcc": 1.9663885408443087, "car_lcAssertive": 94.66908715021977, "car_lcCooperative": 0.008939102371245067, "car_lcLookaheadLeft": 82.62754053134968, "car_lcPushy": 0.8612116383667944, "car_lcSigma": 0.4398308142085725, "car_lcSublane": 0.2557451938059312, "car_sigma": 0.8026895196332986, "car_tau_mean": 2.172517015512774, "car_tau_std": 1.3433860865569613, "car_v_mean": 22.84558388520017, "car_v_std": 8.959699670066485}, "datetime": {"datetime": "2024-08-07 09:29:58", "elapsed": 101.248092, "delta": 2.578304}}
{"target": -0.39591135547553435, "params": {"bus_acc": 2.3992463647991675, "bus_dcc": 3.7547757673961737, "bus_lcAssertive": 4.933141961625397, "bus_lcCooperative": 0.07033344161552524, "bus_lcLookaheadLeft": 48.45261641882935, "bus_lcPushy": 0.3491674129570773, "bus_lcSigma": 0.9372520621284489, "bus_lcSublane": 0.48956496114516856, "bus_sigma": 0.5396491100933506, "bus_tau_mean": 3.633411280059273, "bus_tau_std": 4.466350458236905, "bus_v_mean": 22.032550228325633, "bus_v_std": 2.5358174937162836, "car_acc": 1.5476194083162171, "car_dcc": 1.9850841702627704, "car_lcAssertive": 55.20886277761439, "car_lcCooperative": 0.22012867402698122, "car_lcLookaheadLeft": 67.80005876596478, "car_lcPushy": 0.1427932828030004, "car_lcSigma": 0.09410027449963942, "car_lcSublane": 0.8701917462053776, "car_sigma": 0.23686870355699852, "car_tau_mean": 1.8510140385790843, "car_tau_std": 5.715420927253323, "car_v_mean": 16.41283151922352, "car_v_std": 0.7602387944210687}, "datetime": {"datetime": "2024-08-07 09:30:03", "elapsed": 105.501398, "delta": 4.253306}}
{"target": -0.38093034098460843, "params": {"bus_acc": 2.7482518711960564, "bus_dcc": 3.8534068552560763, "bus_lcAssertive": 81.43822311329251, "bus_lcCooperative": 0.2838018349468743, "bus_lcLookaheadLeft": 53.72898601956003, "bus_lcPushy": 0.3394167240176095, "bus_lcSigma": 0.5546673107876667, "bus_lcSublane": 0.9744034689130026, "bus_sigma": 0.3117029177189814, "bus_tau_mean": 2.840788120730044, "bus_tau_std": 3.2596720730898587, "bus_v_mean": 20.391636256241274, "bus_v_std": 3.2580996661320483, "car_acc": 2.77965468289475, "car_dcc": 3.2551231627578003, "car_lcAssertive": 76.50057744906596, "car_lcCooperative": 0.46947902855992574, "car_lcLookaheadLeft": 22.654921241933128, "car_lcPushy": 0.041475079576498874, "car_lcSigma": 0.3218287999702445, "car_lcSublane": 0.03711266449399442, "car_sigma": 0.6938554113738997, "car_tau_mean": 2.8462251117765893, "car_tau_std": 4.30471782744975, "car_v_mean": 20.284623642530768, "car_v_std": 5.360084947395637}, "datetime": {"datetime": "2024-08-07 09:30:07", "elapsed": 109.969318, "delta": 4.46792}}
{"target": -0.31834341855411663, "params": {"bus_acc": 1.4965814579941972, "bus_dcc": 1.8852357257484877, "bus_lcAssertive": 87.39593032702673, "bus_lcCooperative": 0.42166593484970927, "bus_lcLookaheadLeft": 8.314165046801467, "bus_lcPushy": 0.8969850695075825, "bus_lcSigma": 0.20338083282405106, "bus_lcSublane": 0.8262275354923914, "bus_sigma": 0.8817706230828073, "bus_tau_mean": 2.2036276068641834, "bus_tau_std": 5.984646931046363, "bus_v_mean": 16.43627930376667, "bus_v_std": 6.24821294185499, "car_acc": 2.710083442694703, "car_dcc": 1.8464183452145817, "car_lcAssertive": 88.49179530987949, "car_lcCooperative": 0.5676903301191493, "car_lcLookaheadLeft": 13.28009801475653, "car_lcPushy": 0.22700116521465796, "car_lcSigma": 0.5959823856130138, "car_lcSublane": 0.23944623690468037, "car_sigma": 0.13141566053746057, "car_tau_mean": 1.066466999433423, "car_tau_std": 8.448725182357391, "car_v_mean": 17.634938462283372, "car_v_std": 9.63567087188342}, "datetime": {"datetime": "2024-08-07 09:30:15", "elapsed": 117.661549, "delta": 7.692231}}
{"target": -0.37620186612876616, "params": {"bus_acc": 1.8974745176486438, "bus_dcc": 3.1129401951517286, "bus_lcAssertive": 68.48288842265967, "bus_lcCooperative": 0.6971485287527562, "bus_lcLookaheadLeft": 62.622872771030565, "bus_lcPushy": 0.15098073327964578, "bus_lcSigma": 0.760802456305756, "bus_lcSublane": 0.781045822193957, "bus_sigma": 0.9041029859138049, "bus_tau_mean": 1.3181904241143707, "bus_tau_std": 1.7667889307234141, "bus_v_mean": 14.257585969708199, "bus_v_std": 3.2056465399516023, "car_acc": 2.630953858011252, "car_dcc": 2.840577699005295, "car_lcAssertive": 76.24017348262514, "car_lcCooperative": 0.4276650996969642, "car_lcLookaheadLeft": 11.745175165727744, "car_lcPushy": 0.11503501205024624, "car_lcSigma": 0.3734071317371953, "car_lcSublane": 0.19384776750950716, "car_sigma": 0.8207464986229382, "car_tau_mean": 2.5987260294830086, "car_tau_std": 6.88845259018665, "car_v_mean": 15.857759380868739, "car_v_std": 0.8817368124218106}, "datetime": {"datetime": "2024-08-07 09:30:16", "elapsed": 119.352045, "delta": 1.690496}}
{"target": -0.37736360606577457, "params": {"bus_acc": 2.2277421794825054, "bus_dcc": 1.9724155896923399, "bus_lcAssertive": 46.27865798740885, "bus_lcCooperative": 0.44411710701661444, "bus_lcLookaheadLeft": 83.15726535168818, "bus_lcPushy": 0.4263481542362306, "bus_lcSigma": 0.3456988211755023, "bus_lcSublane": 0.6749716048091052, "bus_sigma": 0.22148205573352875, "bus_tau_mean": 2.1353603837429382, "bus_tau_std": 3.147656873240164, "bus_v_mean": 18.029689634605354, "bus_v_std": 8.773604746948125, "car_acc": 1.895378000291257, "car_dcc": 3.3533722563757693, "car_lcAssertive": 46.239604355593485, "car_lcCooperative": 0.6562293317171314, "car_lcLookaheadLeft": 14.920415552695209, "car_lcPushy": 0.43298150696764814, "car_lcSigma": 0.9093119886549367, "car_lcSublane": 0.6054790010309347, "car_sigma": 0.7667745872371021, "car_tau_mean": 2.2664521283356303, "car_tau_std": 4.980556248280075, "car_v_mean": 21.4863974430856, "car_v_std": 0.6780693434095375}, "datetime": {"datetime": "2024-08-07 09:30:19", "elapsed": 121.97645, "delta": 2.624405}}
{"target": -0.3407575742124281, "params": {"bus_acc": 1.6886783909001077, "bus_dcc": 1.454126709978397, "bus_lcAssertive": 63.90172518735689, "bus_lcCooperative": 0.8477880437147416, "bus_lcLookaheadLeft": 82.54123872687303, "bus_lcPushy": 0.6282395971306578, "bus_lcSigma": 0.9563015097552321, "bus_lcSublane": 0.5899231270757698, "bus_sigma": 0.1978327846479193, "bus_tau_mean": 2.002657529157723, "bus_tau_std": 3.3674599870116726, "bus_v_mean": 23.871120190516496, "bus_v_std": 3.802364961172647, "car_acc": 2.985401747329636, "car_dcc": 2.5564127522002424, "car_lcAssertive": 18.05569044623542, "car_lcCooperative": 0.07457407125147986, "car_lcLookaheadLeft": 38.28995798984099, "car_lcPushy": 0.12341885981472989, "car_lcSigma": 0.6345187162918416, "car_lcSublane": 0.4139198457294089, "car_sigma": 0.9909156325254501, "car_tau_mean": 3.7548446827866124, "car_tau_std": 1.4923603230975002, "car_v_mean": 14.318116200588808, "car_v_std": 4.615797109623862}, "datetime": {"datetime": "2024-08-07 09:30:40", "elapsed": 142.723868, "delta": 20.747418}}
{"target": -0.35754503231015605, "params": {"bus_acc": 1.834044009405148, "bus_dcc": 3.1609734803264744, "bus_lcAssertive": 1.0113231069171438, "bus_lcCooperative": 0.30233257263183977, "bus_lcLookaheadLeft": 16.38207730007708, "bus_lcPushy": 0.0923385947687978, "bus_lcSigma": 0.1862602113776709, "bus_lcSublane": 0.34556072704304774, "bus_sigma": 0.39676747423066994, "bus_tau_mean": 2.3858585690117495, "bus_tau_std": 4.191945144032948, "bus_v_mean": 18.963512006348154, "bus_v_std": 2.0445224973151745, "car_acc": 2.756234872781891, "car_dcc": 1.0821627795937785, "car_lcAssertive": 67.37628350766182, "car_lcCooperative": 0.41730480236712697, "car_lcLookaheadLeft": 56.75160318768366, "car_lcPushy": 0.14038693859523377, "car_lcSigma": 0.1981014890848788, "car_lcSublane": 0.8007445686755367, "car_sigma": 0.9682615757193975, "car_tau_mean": 1.59698462355735, "car_tau_std": 6.923226156693141, "car_v_mean": 22.022226436736613, "car_v_std": 8.946066635038473}, "datetime": {"datetime": "2024-08-07 09:30:48", "elapsed": 151.138835, "delta": 8.414967}}
{"target": -0.3442098431105891, "params": {"bus_acc": 1.2187658283871692, "bus_dcc": 3.019123162649866, "bus_lcAssertive": 50.4933047388208, "bus_lcCooperative": 0.777098229275783, "bus_lcLookaheadLeft": 16.07348579167251, "bus_lcPushy": 0.08320263643587555, "bus_lcSigma": 0.3992186053524538, "bus_lcSublane": 0.7969622519799001, "bus_sigma": 0.1916757389098901, "bus_tau_mean": 3.187220172515459, "bus_tau_std": 2.902979970618682, "bus_v_mean": 11.470263801788725, "bus_v_std": 0.16715589077006432, "car_acc": 1.7973181198447574, "car_dcc": 2.1432444738803573, "car_lcAssertive": 66.2751486833411, "car_lcCooperative": 0.07091840047038722, "car_lcLookaheadLeft": 16.95519073014264, "car_lcPushy": 0.016575882900934147, "car_lcSigma": 0.11379635644740682, "car_lcSublane": 0.6517892760100904, "car_sigma": 0.4026568521749192, "car_tau_mean": 1.6235920995856055, "car_tau_std": 5.579119942437725, "car_v_mean": 23.895367409597597, "car_v_std": 8.344865140180296}, "datetime": {"datetime": "2024-08-07 09:30:48", "elapsed": 151.403007, "delta": 0.264172}}
{"target": -0.4052295925289117, "params": {"bus_acc": 1.423256232000118, "bus_dcc": 1.7966399781166786, "bus_lcAssertive": 49.66574276875349, "bus_lcCooperative": 0.053362545117080384, "bus_lcLookaheadLeft": 58.26352533821728, "bus_lcPushy": 0.14672857490581015, "bus_lcSigma": 0.5893055369032842, "bus_lcSublane": 0.6997583600209312, "bus_sigma": 0.10233442882782584, "bus_tau_mean": 1.9491959573684892, "bus_tau_std": 6.944001577277451, "bus_v_mean": 14.626868312430442, "bus_v_std": 0.4995345894608716, "car_acc": 2.071792811831023, "car_dcc": 2.9913839356593663, "car_lcAssertive": 51.97402209377255, "car_lcCooperative": 0.9445947559908133, "car_lcLookaheadLeft": 59.48239396919531, "car_lcPushy": 0.9034019152878835, "car_lcSigma": 0.13747470414623753, "car_lcSublane": 0.13927634725075855, "car_sigma": 0.8073912887095238, "car_tau_mean": 1.8918689294493676, "car_tau_std": 1.6535419711693278, "car_v_mean": 22.840137286336542, "car_v_std": 3.477658597455066}, "datetime": {"datetime": "2024-08-07 09:30:54", "elapsed": 156.660091, "delta": 5.257084}}
