{"target": -0.028283186489137815, "params": {"bus_acc": 2.18, "bus_dcc": 1.96, "bus_lcAssertive": 61.66, "bus_lcCooperative": 0.85, "bus_lcLookaheadLeft": 60.4, "bus_lcPushy": 0.97, "bus_lcSublane": 0.46, "bus_tau_mean": 3.06, "bus_tau_std": 0.3, "bus_v_mean": 20.15, "bus_v_std": 5.24, "car_acc": 1.02, "car_dcc": 1.86, "car_lcAssertive": 53.92, "car_lcCooperative": 0.73, "car_lcLookaheadLeft": 7.07, "car_lcPushy": 0.53, "car_lcSublane": 0.82, "car_tau_mean": 2.65, "car_tau_std": 9.21, "car_v_mean": 9.11, "car_v_std": 2.73}, "datetime": {"datetime": "2024-08-04 15:01:21", "elapsed": 2424.353985, "delta": 3.727011}}
{"target": -0.04494882621682945, "params": {"bus_acc": 2.02, "bus_dcc": 1.55, "bus_lcAssertive": 48.78, "bus_lcCooperative": 0.8, "bus_lcLookaheadLeft": 57.39, "bus_lcPushy": 0.38, "bus_lcSublane": 0.28, "bus_tau_mean": 2.78, "bus_tau_std": 1.24, "bus_v_mean": 11.56, "bus_v_std": 6.75, "car_acc": 2.54, "car_dcc": 2.44, "car_lcAssertive": 10.64, "car_lcCooperative": 0.91, "car_lcLookaheadLeft": 47.91, "car_lcPushy": 0.9, "car_lcSublane": 0.27, "car_tau_mean": 1.35, "car_tau_std": 9.87, "car_v_mean": 22.55, "car_v_std": 4.89}, "datetime": {"datetime": "2024-08-04 15:01:23", "elapsed": 2426.405008, "delta": 2.051023}}
{"target": -0.03915457292838336, "params": {"bus_acc": 2.26, "bus_dcc": 2.38, "bus_lcAssertive": 25.55, "bus_lcCooperative": 0.03, "bus_lcLookaheadLeft": 2.09, "bus_lcPushy": 0.92, "bus_lcSublane": 0.49, "bus_tau_mean": 1.75, "bus_tau_std": 2.22, "bus_v_mean": 18.66, "bus_v_std": 3.19, "car_acc": 1.7, "car_dcc": 3.31, "car_lcAssertive": 60.38, "car_lcCooperative": 0.42, "car_lcLookaheadLeft": 47.04, "car_lcPushy": 0.08, "car_lcSublane": 0.33, "car_tau_mean": 1.79, "car_tau_std": 1.62, "car_v_mean": 8.22, "car_v_std": 9.98}, "datetime": {"datetime": "2024-08-04 15:01:25", "elapsed": 2428.789758, "delta": 2.38475}}
{"target": -0.047452567883934066, "params": {"bus_acc": 2.1, "bus_dcc": 1.24, "bus_lcAssertive": 99.86, "bus_lcCooperative": 0.18, "bus_lcLookaheadLeft": 30.61, "bus_lcPushy": 0.46, "bus_lcSublane": 0.74, "bus_tau_mean": 3.23, "bus_tau_std": 5.77, "bus_v_mean": 15.61, "bus_v_std": 8.32, "car_acc": 1.7, "car_dcc": 1.54, "car_lcAssertive": 42.5, "car_lcCooperative": 0.36, "car_lcLookaheadLeft": 2.87, "car_lcPushy": 0.03, "car_lcSublane": 0.06, "car_tau_mean": 1.62, "car_tau_std": 6.47, "car_v_mean": 14.92, "car_v_std": 0.46}, "datetime": {"datetime": "2024-08-04 15:01:28", "elapsed": 2431.488454, "delta": 2.698696}}
{"target": -0.04068981473605895, "params": {"bus_acc": 2.53, "bus_dcc": 3.6, "bus_lcAssertive": 82.49, "bus_lcCooperative": 0.47, "bus_lcLookaheadLeft": 53.41, "bus_lcPushy": 0.15, "bus_lcSublane": 0.12, "bus_tau_mean": 3.31, "bus_tau_std": 3.29, "bus_v_mean": 20.1, "bus_v_std": 8.83, "car_acc": 1.23, "car_dcc": 1.77, "car_lcAssertive": 16.13, "car_lcCooperative": 0.35, "car_lcLookaheadLeft": 18.5, "car_lcPushy": 0.64, "car_lcSublane": 0.46, "car_tau_mean": 3.51, "car_tau_std": 5.27, "car_v_mean": 17.45, "car_v_std": 7.4}, "datetime": {"datetime": "2024-08-04 15:01:32", "elapsed": 2435.649238, "delta": 4.160784}}
{"target": -0.03807255496420408, "params": {"bus_acc": 1.21, "bus_dcc": 2.28, "bus_lcAssertive": 80.35, "bus_lcCooperative": 0.54, "bus_lcLookaheadLeft": 3.59, "bus_lcPushy": 0.19, "bus_lcSublane": 0.98, "bus_tau_mean": 2.13, "bus_tau_std": 7.64, "bus_v_mean": 15.66, "bus_v_std": 2.7, "car_acc": 2.21, "car_dcc": 2.87, "car_lcAssertive": 39.09, "car_lcCooperative": 0.08, "car_lcLookaheadLeft": 66.19, "car_lcPushy": 0.01, "car_lcSublane": 0.53, "car_tau_mean": 1.5, "car_tau_std": 6.88, "car_v_mean": 8.97, "car_v_std": 0.09}, "datetime": {"datetime": "2024-08-04 15:01:34", "elapsed": 2437.678752, "delta": 2.029514}}
{"target": -0.048845439704628124, "params": {"bus_acc": 1.46, "bus_dcc": 2.87, "bus_lcAssertive": 61.66, "bus_lcCooperative": 0.14, "bus_lcLookaheadLeft": 62.61, "bus_lcPushy": 0.12, "bus_lcSublane": 0.9, "bus_tau_mean": 2.02, "bus_tau_std": 4.27, "bus_v_mean": 10.14, "bus_v_std": 5.5, "car_acc": 1.73, "car_dcc": 1.8, "car_lcAssertive": 30.13, "car_lcCooperative": 0.91, "car_lcLookaheadLeft": 94.78, "car_lcPushy": 0.04, "car_lcSublane": 0.1, "car_tau_mean": 1.29, "car_tau_std": 0.24, "car_v_mean": 20.85, "car_v_std": 0.31}, "datetime": {"datetime": "2024-08-04 15:01:37", "elapsed": 2440.598329, "delta": 2.919577}}
{"target": -0.03896645100411211, "params": {"bus_acc": 2.16, "bus_dcc": 3.23, "bus_lcAssertive": 90.95, "bus_lcCooperative": 0.36, "bus_lcLookaheadLeft": 89.76, "bus_lcPushy": 0.73, "bus_lcSublane": 0.88, "bus_tau_mean": 0.61, "bus_tau_std": 4.38, "bus_v_mean": 13.17, "bus_v_std": 4.68, "car_acc": 1.74, "car_dcc": 1.39, "car_lcAssertive": 10.03, "car_lcCooperative": 0.01, "car_lcLookaheadLeft": 34.4, "car_lcPushy": 0.49, "car_lcSublane": 0.14, "car_tau_mean": 0.63, "car_tau_std": 6.36, "car_v_mean": 14.15, "car_v_std": 3.45}, "datetime": {"datetime": "2024-08-04 15:01:40", "elapsed": 2443.018679, "delta": 2.42035}}
{"target": -0.036700994364933986, "params": {"bus_acc": 2.92, "bus_dcc": 1.19, "bus_lcAssertive": 88.04, "bus_lcCooperative": 0.1, "bus_lcLookaheadLeft": 76.54, "bus_lcPushy": 0.3, "bus_lcSublane": 0.87, "bus_tau_mean": 2.68, "bus_tau_std": 6.52, "bus_v_mean": 18.52, "bus_v_std": 2.87, "car_acc": 2.01, "car_dcc": 2.06, "car_lcAssertive": 75.17, "car_lcCooperative": 0.75, "car_lcLookaheadLeft": 41.53, "car_lcPushy": 0.61, "car_lcSublane": 0.78, "car_tau_mean": 0.74, "car_tau_std": 6.52, "car_v_mean": 15.04, "car_v_std": 8.0}, "datetime": {"datetime": "2024-08-04 15:01:44", "elapsed": 2447.640172, "delta": 4.621493}}
{"target": -0.03373580209140121, "params": {"bus_acc": 2.97, "bus_dcc": 3.6, "bus_lcAssertive": 70.14, "bus_lcCooperative": 0.67, "bus_lcLookaheadLeft": 38.34, "bus_lcPushy": 0.28, "bus_lcSublane": 0.12, "bus_tau_mean": 3.37, "bus_tau_std": 1.01, "bus_v_mean": 21.33, "bus_v_std": 8.45, "car_acc": 1.89, "car_dcc": 1.68, "car_lcAssertive": 27.31, "car_lcCooperative": 0.52, "car_lcLookaheadLeft": 93.18, "car_lcPushy": 0.07, "car_lcSublane": 0.02, "car_tau_mean": 3.9, "car_tau_std": 9.66, "car_v_mean": 11.64, "car_v_std": 8.06}, "datetime": {"datetime": "2024-08-04 15:01:50", "elapsed": 2453.507058, "delta": 5.866886}}
{"target": -0.044188054499707426, "params": {"bus_acc": 2.2, "bus_dcc": 1.99, "bus_lcAssertive": 83.09, "bus_lcCooperative": 0.01, "bus_lcLookaheadLeft": 47.86, "bus_lcPushy": 0.93, "bus_lcSublane": 0.58, "bus_tau_mean": 1.28, "bus_tau_std": 5.06, "bus_v_mean": 23.93, "bus_v_std": 5.99, "car_acc": 2.94, "car_dcc": 1.26, "car_lcAssertive": 79.19, "car_lcCooperative": 0.69, "car_lcLookaheadLeft": 47.23, "car_lcPushy": 0.83, "car_lcSublane": 0.78, "car_tau_mean": 2.23, "car_tau_std": 6.73, "car_v_mean": 19.02, "car_v_std": 9.73}, "datetime": {"datetime": "2024-08-04 15:02:16", "elapsed": 2479.02527, "delta": 25.518212}}
{"target": -0.049918479079070745, "params": {"bus_acc": 1.68, "bus_dcc": 2.43, "bus_lcAssertive": 67.18, "bus_lcCooperative": 0.47, "bus_lcLookaheadLeft": 13.76, "bus_lcPushy": 0.47, "bus_lcSublane": 0.95, "bus_tau_mean": 3.99, "bus_tau_std": 7.96, "bus_v_mean": 14.45, "bus_v_std": 7.9, "car_acc": 2.77, "car_dcc": 1.47, "car_lcAssertive": 56.37, "car_lcCooperative": 0.27, "car_lcLookaheadLeft": 86.45, "car_lcPushy": 0.38, "car_lcSublane": 0.4, "car_tau_mean": 3.05, "car_tau_std": 4.39, "car_v_mean": 21.22, "car_v_std": 4.07}, "datetime": {"datetime": "2024-08-04 15:02:40", "elapsed": 2503.580694, "delta": 24.555424}}
{"target": -0.04313421993406764, "params": {"bus_acc": 1.36, "bus_dcc": 2.7, "bus_lcAssertive": 99.85, "bus_lcCooperative": 0.23, "bus_lcLookaheadLeft": 94.86, "bus_lcPushy": 0.72, "bus_lcSublane": 0.56, "bus_tau_mean": 1.62, "bus_tau_std": 6.47, "bus_v_mean": 18.01, "bus_v_std": 1.98, "car_acc": 1.28, "car_dcc": 2.02, "car_lcAssertive": 30.17, "car_lcCooperative": 0.14, "car_lcLookaheadLeft": 52.71, "car_lcPushy": 0.37, "car_lcSublane": 0.69, "car_tau_mean": 2.42, "car_tau_std": 4.63, "car_v_mean": 20.64, "car_v_std": 2.2}, "datetime": {"datetime": "2024-08-04 15:03:27", "elapsed": 2549.927672, "delta": 46.346978}}
{"target": -0.03829403658780111, "params": {"bus_acc": 1.47, "bus_dcc": 2.43, "bus_lcAssertive": 86.39, "bus_lcCooperative": 0.75, "bus_lcLookaheadLeft": 25.92, "bus_lcPushy": 0.98, "bus_lcSublane": 0.15, "bus_tau_mean": 3.78, "bus_tau_std": 6.94, "bus_v_mean": 16.78, "bus_v_std": 4.28, "car_acc": 2.41, "car_dcc": 3.79, "car_lcAssertive": 79.93, "car_lcCooperative": 0.39, "car_lcLookaheadLeft": 39.01, "car_lcPushy": 0.94, "car_lcSublane": 0.94, "car_tau_mean": 2.88, "car_tau_std": 4.99, "car_v_mean": 15.16, "car_v_std": 7.98}, "datetime": {"datetime": "2024-08-04 15:03:54", "elapsed": 2577.587409, "delta": 27.659737}}
{"target": -0.03132407499508572, "params": {"bus_acc": 2.87, "bus_dcc": 3.63, "bus_lcAssertive": 71.91, "bus_lcCooperative": 0.5, "bus_lcLookaheadLeft": 16.11, "bus_lcPushy": 0.48, "bus_lcSublane": 0.72, "bus_tau_mean": 0.97, "bus_tau_std": 4.87, "bus_v_mean": 13.84, "bus_v_std": 7.98, "car_acc": 2.5, "car_dcc": 1.68, "car_lcAssertive": 49.48, "car_lcCooperative": 0.33, "car_lcLookaheadLeft": 3.88, "car_lcPushy": 0.01, "car_lcSublane": 0.8, "car_tau_mean": 1.75, "car_tau_std": 7.04, "car_v_mean": 8.5, "car_v_std": 6.99}, "datetime": {"datetime": "2024-08-04 15:04:06", "elapsed": 2589.5531, "delta": 11.965691}}
{"target": -0.04211694156436637, "params": {"bus_acc": 2.61, "bus_dcc": 2.28, "bus_lcAssertive": 54.29, "bus_lcCooperative": 0.38, "bus_lcLookaheadLeft": 31.53, "bus_lcPushy": 0.26, "bus_lcSublane": 0.4, "bus_tau_mean": 2.12, "bus_tau_std": 2.41, "bus_v_mean": 10.86, "bus_v_std": 6.08, "car_acc": 2.54, "car_dcc": 1.26, "car_lcAssertive": 32.66, "car_lcCooperative": 0.17, "car_lcLookaheadLeft": 68.98, "car_lcPushy": 0.96, "car_lcSublane": 0.48, "car_tau_mean": 3.77, "car_tau_std": 3.03, "car_v_mean": 18.75, "car_v_std": 4.75}, "datetime": {"datetime": "2024-08-04 15:04:11", "elapsed": 2593.855221, "delta": 4.302121}}
{"target": -0.036324944266467145, "params": {"bus_acc": 2.64, "bus_dcc": 2.21, "bus_lcAssertive": 15.86, "bus_lcCooperative": 0.31, "bus_lcLookaheadLeft": 57.12, "bus_lcPushy": 0.18, "bus_lcSublane": 0.22, "bus_tau_mean": 2.72, "bus_tau_std": 1.54, "bus_v_mean": 13.71, "bus_v_std": 9.78, "car_acc": 1.38, "car_dcc": 2.1, "car_lcAssertive": 70.56, "car_lcCooperative": 0.93, "car_lcLookaheadLeft": 50.04, "car_lcPushy": 0.46, "car_lcSublane": 0.05, "car_tau_mean": 3.71, "car_tau_std": 9.71, "car_v_mean": 10.84, "car_v_std": 8.4}, "datetime": {"datetime": "2024-08-04 15:05:07", "elapsed": 2650.6165, "delta": 56.761279}}
{"target": -0.048050002389794864, "params": {"bus_acc": 2.67, "bus_dcc": 2.91, "bus_lcAssertive": 79.55, "bus_lcCooperative": 0.91, "bus_lcLookaheadLeft": 37.73, "bus_lcPushy": 0.7, "bus_lcSublane": 0.61, "bus_tau_mean": 1.01, "bus_tau_std": 7.59, "bus_v_mean": 22.26, "bus_v_std": 6.15, "car_acc": 1.93, "car_dcc": 3.82, "car_lcAssertive": 96.74, "car_lcCooperative": 0.13, "car_lcLookaheadLeft": 67.53, "car_lcPushy": 0.46, "car_lcSublane": 0.55, "car_tau_mean": 1.11, "car_tau_std": 5.11, "car_v_mean": 14.91, "car_v_std": 0.2}, "datetime": {"datetime": "2024-08-04 15:05:23", "elapsed": 2666.433073, "delta": 15.816573}}
{"target": -0.05338688949230481, "params": {"bus_acc": 1.59, "bus_dcc": 2.06, "bus_lcAssertive": 78.32, "bus_lcCooperative": 0.28, "bus_lcLookaheadLeft": 83.33, "bus_lcPushy": 0.78, "bus_lcSublane": 0.7, "bus_tau_mean": 1.4, "bus_tau_std": 7.89, "bus_v_mean": 22.29, "bus_v_std": 1.62, "car_acc": 2.51, "car_dcc": 2.47, "car_lcAssertive": 97.58, "car_lcCooperative": 0.12, "car_lcLookaheadLeft": 74.81, "car_lcPushy": 0.59, "car_lcSublane": 0.67, "car_tau_mean": 3.19, "car_tau_std": 6.34, "car_v_mean": 20.77, "car_v_std": 4.97}, "datetime": {"datetime": "2024-08-04 15:05:28", "elapsed": 2671.692038, "delta": 5.258965}}
{"target": -0.04908421669769489, "params": {"bus_acc": 1.13, "bus_dcc": 3.59, "bus_lcAssertive": 53.03, "bus_lcCooperative": 0.48, "bus_lcLookaheadLeft": 53.29, "bus_lcPushy": 0.15, "bus_lcSublane": 0.46, "bus_tau_mean": 2.36, "bus_tau_std": 9.54, "bus_v_mean": 22.28, "bus_v_std": 2.91, "car_acc": 2.64, "car_dcc": 2.11, "car_lcAssertive": 90.75, "car_lcCooperative": 0.41, "car_lcLookaheadLeft": 60.22, "car_lcPushy": 0.3, "car_lcSublane": 0.3, "car_tau_mean": 3.35, "car_tau_std": 6.71, "car_v_mean": 22.51, "car_v_std": 1.98}, "datetime": {"datetime": "2024-08-04 15:05:53", "elapsed": 2696.750036, "delta": 25.057998}}
{"target": -0.05517398286612402, "params": {"bus_acc": 1.58, "bus_dcc": 2.07, "bus_lcAssertive": 26.44, "bus_lcCooperative": 0.83, "bus_lcLookaheadLeft": 53.91, "bus_lcPushy": 0.67, "bus_lcSublane": 0.26, "bus_tau_mean": 1.56, "bus_tau_std": 8.55, "bus_v_mean": 12.82, "bus_v_std": 0.49, "car_acc": 1.66, "car_dcc": 2.71, "car_lcAssertive": 25.48, "car_lcCooperative": 0.67, "car_lcLookaheadLeft": 47.74, "car_lcPushy": 0.72, "car_lcSublane": 0.11, "car_tau_mean": 0.59, "car_tau_std": 2.08, "car_v_mean": 20.63, "car_v_std": 2.25}, "datetime": {"datetime": "2024-08-04 15:06:04", "elapsed": 2706.821194, "delta": 10.071158}}
{"target": -0.0364185597613547, "params": {"bus_acc": 1.2, "bus_dcc": 2.9, "bus_lcAssertive": 29.07, "bus_lcCooperative": 0.41, "bus_lcLookaheadLeft": 69.88, "bus_lcPushy": 0.64, "bus_lcSublane": 0.38, "bus_tau_mean": 3.6, "bus_tau_std": 0.6, "bus_v_mean": 14.39, "bus_v_std": 5.85, "car_acc": 2.3, "car_dcc": 1.18, "car_lcAssertive": 49.22, "car_lcCooperative": 0.67, "car_lcLookaheadLeft": 2.65, "car_lcPushy": 0.53, "car_lcSublane": 0.74, "car_tau_mean": 3.3, "car_tau_std": 1.53, "car_v_mean": 16.75, "car_v_std": 7.62}, "datetime": {"datetime": "2024-08-04 15:06:25", "elapsed": 2727.965354, "delta": 21.14416}}
{"target": -0.04941014378768849, "params": {"bus_acc": 1.57, "bus_dcc": 1.72, "bus_lcAssertive": 60.5, "bus_lcCooperative": 0.36, "bus_lcLookaheadLeft": 4.16, "bus_lcPushy": 0.96, "bus_lcSublane": 0.27, "bus_tau_mean": 0.72, "bus_tau_std": 6.22, "bus_v_mean": 12.07, "bus_v_std": 0.92, "car_acc": 2.58, "car_dcc": 1.85, "car_lcAssertive": 93.78, "car_lcCooperative": 0.85, "car_lcLookaheadLeft": 65.63, "car_lcPushy": 0.85, "car_lcSublane": 0.75, "car_tau_mean": 0.67, "car_tau_std": 0.2, "car_v_mean": 14.46, "car_v_std": 2.29}, "datetime": {"datetime": "2024-08-04 15:06:29", "elapsed": 2732.511769, "delta": 4.546415}}
{"target": -0.042223364030838186, "params": {"bus_acc": 1.28, "bus_dcc": 2.52, "bus_lcAssertive": 32.44, "bus_lcCooperative": 0.3, "bus_lcLookaheadLeft": 24.14, "bus_lcPushy": 0.9, "bus_lcSublane": 0.22, "bus_tau_mean": 1.47, "bus_tau_std": 2.79, "bus_v_mean": 11.66, "bus_v_std": 8.21, "car_acc": 2.19, "car_dcc": 1.63, "car_lcAssertive": 66.43, "car_lcCooperative": 0.8, "car_lcLookaheadLeft": 32.88, "car_lcPushy": 0.48, "car_lcSublane": 0.66, "car_tau_mean": 2.08, "car_tau_std": 0.44, "car_v_mean": 15.74, "car_v_std": 2.25}, "datetime": {"datetime": "2024-08-04 15:06:37", "elapsed": 2740.783331, "delta": 8.271562}}
{"target": -0.035319472029138994, "params": {"bus_acc": 2.81, "bus_dcc": 3.58, "bus_lcAssertive": 38.31, "bus_lcCooperative": 0.1, "bus_lcLookaheadLeft": 57.52, "bus_lcPushy": 0.69, "bus_lcSublane": 0.46, "bus_tau_mean": 1.58, "bus_tau_std": 3.22, "bus_v_mean": 21.65, "bus_v_std": 1.32, "car_acc": 1.53, "car_dcc": 1.75, "car_lcAssertive": 67.03, "car_lcCooperative": 0.93, "car_lcLookaheadLeft": 85.81, "car_lcPushy": 0.41, "car_lcSublane": 0.46, "car_tau_mean": 2.84, "car_tau_std": 4.65, "car_v_mean": 12.13, "car_v_std": 5.5}, "datetime": {"datetime": "2024-08-04 15:06:43", "elapsed": 2745.964453, "delta": 5.181122}}
{"target": -0.02498017521994376, "params": {"bus_acc": 2.86, "bus_dcc": 3.18, "bus_lcAssertive": 66.26, "bus_lcCooperative": 0.7, "bus_lcLookaheadLeft": 17.03, "bus_lcPushy": 1.0, "bus_lcSublane": 0.86, "bus_tau_mean": 2.04, "bus_tau_std": 0.14, "bus_v_mean": 15.39, "bus_v_std": 5.4, "car_acc": 2.09, "car_dcc": 1.58, "car_lcAssertive": 43.54, "car_lcCooperative": 0.14, "car_lcLookaheadLeft": 79.5, "car_lcPushy": 0.97, "car_lcSublane": 0.86, "car_tau_mean": 3.53, "car_tau_std": 0.14, "car_v_mean": 8.14, "car_v_std": 3.82}, "datetime": {"datetime": "2024-08-04 15:06:55", "elapsed": 2757.819528, "delta": 11.855075}}
{"target": -0.048211475122707036, "params": {"bus_acc": 2.5, "bus_dcc": 2.37, "bus_lcAssertive": 58.98, "bus_lcCooperative": 0.77, "bus_lcLookaheadLeft": 95.85, "bus_lcPushy": 0.9, "bus_lcSublane": 0.43, "bus_tau_mean": 1.52, "bus_tau_std": 9.1, "bus_v_mean": 20.94, "bus_v_std": 1.63, "car_acc": 1.77, "car_dcc": 2.65, "car_lcAssertive": 83.45, "car_lcCooperative": 0.44, "car_lcLookaheadLeft": 45.76, "car_lcPushy": 0.01, "car_lcSublane": 0.02, "car_tau_mean": 3.21, "car_tau_std": 5.97, "car_v_mean": 15.41, "car_v_std": 2.54}, "datetime": {"datetime": "2024-08-04 15:07:22", "elapsed": 2785.313801, "delta": 27.494273}}
{"target": -0.048068176243916266, "params": {"bus_acc": 2.28, "bus_dcc": 2.55, "bus_lcAssertive": 26.54, "bus_lcCooperative": 0.08, "bus_lcLookaheadLeft": 39.77, "bus_lcPushy": 0.8, "bus_lcSublane": 0.78, "bus_tau_mean": 2.5, "bus_tau_std": 3.14, "bus_v_mean": 14.39, "bus_v_std": 5.44, "car_acc": 2.56, "car_dcc": 1.35, "car_lcAssertive": 97.44, "car_lcCooperative": 0.09, "car_lcLookaheadLeft": 31.66, "car_lcPushy": 0.93, "car_lcSublane": 0.56, "car_tau_mean": 2.98, "car_tau_std": 5.27, "car_v_mean": 23.42, "car_v_std": 4.35}, "datetime": {"datetime": "2024-08-04 15:07:26", "elapsed": 2789.684936, "delta": 4.371135}}
{"target": -0.042876294875993405, "params": {"bus_acc": 2.44, "bus_dcc": 2.61, "bus_lcAssertive": 54.05, "bus_lcCooperative": 0.21, "bus_lcLookaheadLeft": 48.3, "bus_lcPushy": 0.5, "bus_lcSublane": 0.48, "bus_tau_mean": 2.18, "bus_tau_std": 2.67, "bus_v_mean": 9.52, "bus_v_std": 0.86, "car_acc": 1.48, "car_dcc": 2.54, "car_lcAssertive": 87.22, "car_lcCooperative": 0.09, "car_lcLookaheadLeft": 22.2, "car_lcPushy": 0.97, "car_lcSublane": 0.14, "car_tau_mean": 1.35, "car_tau_std": 5.86, "car_v_mean": 19.69, "car_v_std": 4.41}, "datetime": {"datetime": "2024-08-04 15:07:41", "elapsed": 2804.683769, "delta": 14.998833}}
{"target": -0.03755265626427592, "params": {"bus_acc": 2.43, "bus_dcc": 2.87, "bus_lcAssertive": 56.64, "bus_lcCooperative": 0.2, "bus_lcLookaheadLeft": 71.78, "bus_lcPushy": 0.97, "bus_lcSublane": 0.47, "bus_tau_mean": 2.18, "bus_tau_std": 5.55, "bus_v_mean": 17.27, "bus_v_std": 9.42, "car_acc": 1.43, "car_dcc": 3.44, "car_lcAssertive": 98.54, "car_lcCooperative": 0.66, "car_lcLookaheadLeft": 9.98, "car_lcPushy": 0.08, "car_lcSublane": 0.55, "car_tau_mean": 2.29, "car_tau_std": 3.91, "car_v_mean": 13.37, "car_v_std": 8.64}, "datetime": {"datetime": "2024-08-04 15:07:52", "elapsed": 2815.584394, "delta": 10.900625}}
{"target": -0.03444429767272714, "params": {"bus_acc": 1.32, "bus_dcc": 2.08, "bus_lcAssertive": 83.13, "bus_lcCooperative": 0.42, "bus_lcLookaheadLeft": 99.54, "bus_lcPushy": 0.1, "bus_lcSublane": 0.89, "bus_tau_mean": 0.57, "bus_tau_std": 9.16, "bus_v_mean": 12.59, "bus_v_std": 8.51, "car_acc": 2.45, "car_dcc": 1.8, "car_lcAssertive": 99.74, "car_lcCooperative": 0.06, "car_lcLookaheadLeft": 70.65, "car_lcPushy": 0.44, "car_lcSublane": 0.07, "car_tau_mean": 0.99, "car_tau_std": 7.92, "car_v_mean": 9.73, "car_v_std": 5.4}, "datetime": {"datetime": "2024-08-04 15:08:01", "elapsed": 2824.093977, "delta": 8.509583}}
{"target": -0.04662974903903985, "params": {"bus_acc": 1.64, "bus_dcc": 2.57, "bus_lcAssertive": 2.4, "bus_lcCooperative": 0.11, "bus_lcLookaheadLeft": 63.48, "bus_lcPushy": 0.61, "bus_lcSublane": 0.06, "bus_tau_mean": 3.6, "bus_tau_std": 4.04, "bus_v_mean": 12.21, "bus_v_std": 2.71, "car_acc": 2.67, "car_dcc": 2.87, "car_lcAssertive": 94.99, "car_lcCooperative": 0.25, "car_lcLookaheadLeft": 89.08, "car_lcPushy": 0.62, "car_lcSublane": 0.22, "car_tau_mean": 1.87, "car_tau_std": 0.3, "car_v_mean": 18.96, "car_v_std": 3.93}, "datetime": {"datetime": "2024-08-04 15:08:09", "elapsed": 2832.126514, "delta": 8.032537}}
{"target": -0.051305895368380955, "params": {"bus_acc": 1.45, "bus_dcc": 1.43, "bus_lcAssertive": 32.47, "bus_lcCooperative": 0.21, "bus_lcLookaheadLeft": 8.12, "bus_lcPushy": 0.59, "bus_lcSublane": 0.95, "bus_tau_mean": 2.16, "bus_tau_std": 7.25, "bus_v_mean": 19.03, "bus_v_std": 4.4, "car_acc": 1.95, "car_dcc": 3.09, "car_lcAssertive": 31.41, "car_lcCooperative": 0.15, "car_lcLookaheadLeft": 78.83, "car_lcPushy": 0.19, "car_lcSublane": 0.97, "car_tau_mean": 1.41, "car_tau_std": 6.79, "car_v_mean": 17.36, "car_v_std": 1.26}, "datetime": {"datetime": "2024-08-04 15:08:22", "elapsed": 2845.716736, "delta": 13.590222}}
{"target": -0.043775066711600565, "params": {"bus_acc": 1.81, "bus_dcc": 1.34, "bus_lcAssertive": 92.85, "bus_lcCooperative": 0.84, "bus_lcLookaheadLeft": 8.62, "bus_lcPushy": 0.9, "bus_lcSublane": 0.52, "bus_tau_mean": 1.91, "bus_tau_std": 3.94, "bus_v_mean": 23.13, "bus_v_std": 7.57, "car_acc": 1.69, "car_dcc": 1.78, "car_lcAssertive": 91.3, "car_lcCooperative": 0.29, "car_lcLookaheadLeft": 32.97, "car_lcPushy": 0.51, "car_lcSublane": 0.04, "car_tau_mean": 1.03, "car_tau_std": 3.0, "car_v_mean": 17.82, "car_v_std": 4.24}, "datetime": {"datetime": "2024-08-04 15:08:43", "elapsed": 2866.085646, "delta": 20.36891}}
{"target": -0.031644126522167845, "params": {"bus_acc": 1.42, "bus_dcc": 2.94, "bus_lcAssertive": 10.16, "bus_lcCooperative": 0.34, "bus_lcLookaheadLeft": 39.59, "bus_lcPushy": 0.01, "bus_lcSublane": 0.46, "bus_tau_mean": 2.56, "bus_tau_std": 1.01, "bus_v_mean": 18.96, "bus_v_std": 1.55, "car_acc": 2.63, "car_dcc": 1.01, "car_lcAssertive": 82.22, "car_lcCooperative": 0.3, "car_lcLookaheadLeft": 51.39, "car_lcPushy": 0.1, "car_lcSublane": 0.54, "car_tau_mean": 2.87, "car_tau_std": 0.4, "car_v_mean": 8.64, "car_v_std": 1.04}, "datetime": {"datetime": "2024-08-04 15:08:45", "elapsed": 2868.08363, "delta": 1.997984}}
