{"target": -0.3509452149914569, "params": {"bus_acc": 1.4575, "bus_dcc": 3.8797, "bus_lcAssertive": 71.848, "bus_lcCooperative": 0.9017, "bus_lcLookaheadLeft": 78.2656, "bus_lcPushy": 0.6022, "bus_lcSigma": 0.7317, "bus_lcSpeedGainRight": 0.0185, "bus_lcSublane": 0.6606, "bus_sigma": 0.9711, "bus_tau_mean": 1.1778, "bus_tau_std": 0.3304, "bus_v_mean": 21.1584, "bus_v_std": 2.4949, "car_acc": 3.4249, "car_dcc": 3.7148, "car_lcAssertive": 61.7415, "car_lcCooperative": 0.591, "car_lcLookaheadLeft": 57.3631, "car_lcPushy": 0.8375, "car_lcSigma": 0.1433, "car_lcSpeedGainRight": 1.9944, "car_lcSublane": 0.4578, "car_sigma": 0.3504, "car_tau_mean": 2.9092, "car_tau_std": 7.6602, "car_v_mean": 9.2877, "car_v_std": 9.371}, "datetime": {"datetime": "2024-08-08 13:43:02", "elapsed": 3370.032852, "delta": 3.407583}}
{"target": -0.3522398216199738, "params": {"bus_acc": 4.6196, "bus_dcc": 2.4091, "bus_lcAssertive": 35.307, "bus_lcCooperative": 0.0048, "bus_lcLookaheadLeft": 57.9774, "bus_lcPushy": 0.3788, "bus_lcSigma": 0.62, "bus_lcSpeedGainRight": 4.3636, "bus_lcSublane": 0.621, "bus_sigma": 0.2732, "bus_tau_mean": 1.2575, "bus_tau_std": 9.5255, "bus_v_mean": 15.3487, "bus_v_std": 7.4943, "car_acc": 4.3214, "car_dcc": 1.6244, "car_lcAssertive": 59.5121, "car_lcCooperative": 0.8757, "car_lcLookaheadLeft": 19.8618, "car_lcPushy": 0.6791, "car_lcSigma": 0.0974, "car_lcSpeedGainRight": 1.259, "car_lcSublane": 0.2783, "car_sigma": 0.51, "car_tau_mean": 3.9491, "car_tau_std": 6.6327, "car_v_mean": 11.9775, "car_v_std": 5.4797}, "datetime": {"datetime": "2024-08-08 13:43:09", "elapsed": 3376.65278, "delta": 6.619928}}
{"target": -0.3799137456175435, "params": {"bus_acc": 4.6097, "bus_dcc": 1.0838, "bus_lcAssertive": 12.4192, "bus_lcCooperative": 0.0231, "bus_lcLookaheadLeft": 74.815, "bus_lcPushy": 0.0258, "bus_lcSigma": 0.1938, "bus_lcSpeedGainRight": 2.3522, "bus_lcSublane": 0.16, "bus_sigma": 0.6274, "bus_tau_mean": 2.8854, "bus_tau_std": 2.7782, "bus_v_mean": 11.2349, "bus_v_std": 7.3807, "car_acc": 2.1809, "car_dcc": 3.8032, "car_lcAssertive": 43.1695, "car_lcCooperative": 0.4444, "car_lcLookaheadLeft": 86.0356, "car_lcPushy": 0.0033, "car_lcSigma": 0.3109, "car_lcSpeedGainRight": 3.998, "car_lcSublane": 0.2951, "car_sigma": 0.8515, "car_tau_mean": 2.85, "car_tau_std": 5.5221, "car_v_mean": 16.5799, "car_v_std": 17.6815}, "datetime": {"datetime": "2024-08-08 13:43:20", "elapsed": 3387.57339, "delta": 10.92061}}
{"target": -0.39435281529923377, "params": {"bus_acc": 4.8827, "bus_dcc": 3.8693, "bus_lcAssertive": 76.2108, "bus_lcCooperative": 0.5218, "bus_lcLookaheadLeft": 18.0541, "bus_lcPushy": 0.0057, "bus_lcSigma": 0.2584, "bus_lcSpeedGainRight": 1.7556, "bus_lcSublane": 0.6891, "bus_sigma": 0.6218, "bus_tau_mean": 2.9452, "bus_tau_std": 3.33, "bus_v_mean": 21.7547, "bus_v_std": 18.8033, "car_acc": 1.3516, "car_dcc": 1.7924, "car_lcAssertive": 51.5005, "car_lcCooperative": 0.3506, "car_lcLookaheadLeft": 74.7347, "car_lcPushy": 0.5426, "car_lcSigma": 0.0166, "car_lcSpeedGainRight": 2.0269, "car_lcSublane": 0.2467, "car_sigma": 0.5794, "car_tau_mean": 3.2609, "car_tau_std": 6.0397, "car_v_mean": 12.0275, "car_v_std": 18.0262}, "datetime": {"datetime": "2024-08-08 13:43:23", "elapsed": 3390.817654, "delta": 3.244264}}
{"target": -0.4062215315701928, "params": {"bus_acc": 2.0668, "bus_dcc": 1.1112, "bus_lcAssertive": 72.7558, "bus_lcCooperative": 0.7377, "bus_lcLookaheadLeft": 46.4681, "bus_lcPushy": 0.4305, "bus_lcSigma": 0.2639, "bus_lcSpeedGainRight": 2.7328, "bus_lcSublane": 0.6461, "bus_sigma": 0.7943, "bus_tau_mean": 2.8402, "bus_tau_std": 5.4535, "bus_v_mean": 15.6336, "bus_v_std": 0.0644, "car_acc": 1.1048, "car_dcc": 3.9679, "car_lcAssertive": 20.114, "car_lcCooperative": 0.252, "car_lcLookaheadLeft": 81.3929, "car_lcPushy": 0.948, "car_lcSigma": 0.1704, "car_lcSpeedGainRight": 2.9491, "car_lcSublane": 0.2798, "car_sigma": 0.2771, "car_tau_mean": 2.4824, "car_tau_std": 2.3003, "car_v_mean": 12.1605, "car_v_std": 9.0759}, "datetime": {"datetime": "2024-08-08 13:43:25", "elapsed": 3392.91959, "delta": 2.101936}}
{"target": -0.35035058407653363, "params": {"bus_acc": 3.0137, "bus_dcc": 3.0669, "bus_lcAssertive": 2.1078, "bus_lcCooperative": 0.3416, "bus_lcLookaheadLeft": 93.9532, "bus_lcPushy": 0.5661, "bus_lcSigma": 0.4861, "bus_lcSpeedGainRight": 4.6961, "bus_lcSublane": 0.6466, "bus_sigma": 0.573, "bus_tau_mean": 0.8392, "bus_tau_std": 6.1609, "bus_v_mean": 14.1063, "bus_v_std": 7.8624, "car_acc": 4.7032, "car_dcc": 3.0628, "car_lcAssertive": 82.1841, "car_lcCooperative": 0.5111, "car_lcLookaheadLeft": 98.643, "car_lcPushy": 0.2842, "car_lcSigma": 0.204, "car_lcSpeedGainRight": 0.6228, "car_lcSublane": 0.5594, "car_sigma": 0.7591, "car_tau_mean": 3.2024, "car_tau_std": 5.1468, "car_v_mean": 15.4874, "car_v_std": 11.702}, "datetime": {"datetime": "2024-08-08 13:43:27", "elapsed": 3395.1064, "delta": 2.18681}}
{"target": -0.3890810970002055, "params": {"bus_acc": 1.6017, "bus_dcc": 2.687, "bus_lcAssertive": 30.9926, "bus_lcCooperative": 0.5817, "bus_lcLookaheadLeft": 97.1134, "bus_lcPushy": 0.9489, "bus_lcSigma": 0.1474, "bus_lcSpeedGainRight": 2.0831, "bus_lcSublane": 0.9457, "bus_sigma": 0.6295, "bus_tau_mean": 1.8151, "bus_tau_std": 4.6012, "bus_v_mean": 15.9263, "bus_v_std": 9.9921, "car_acc": 2.4858, "car_dcc": 3.3262, "car_lcAssertive": 38.6079, "car_lcCooperative": 0.7489, "car_lcLookaheadLeft": 68.3676, "car_lcPushy": 0.2335, "car_lcSigma": 0.1289, "car_lcSpeedGainRight": 1.3295, "car_lcSublane": 0.166, "car_sigma": 0.7303, "car_tau_mean": 3.3405, "car_tau_std": 5.4708, "car_v_mean": 12.8006, "car_v_std": 9.2277}, "datetime": {"datetime": "2024-08-08 13:43:35", "elapsed": 3403.295417, "delta": 8.189017}}
{"target": -0.3285587130900161, "params": {"bus_acc": 1.7582, "bus_dcc": 1.4472, "bus_lcAssertive": 58.068, "bus_lcCooperative": 0.3669, "bus_lcLookaheadLeft": 82.8491, "bus_lcPushy": 0.7674, "bus_lcSigma": 0.0377, "bus_lcSpeedGainRight": 2.6927, "bus_lcSublane": 0.1194, "bus_sigma": 0.7648, "bus_tau_mean": 2.7529, "bus_tau_std": 9.0704, "bus_v_mean": 22.7247, "bus_v_std": 11.9012, "car_acc": 2.3796, "car_dcc": 2.5393, "car_lcAssertive": 38.9318, "car_lcCooperative": 0.1656, "car_lcLookaheadLeft": 16.4683, "car_lcPushy": 0.9606, "car_lcSigma": 0.6074, "car_lcSpeedGainRight": 2.8472, "car_lcSublane": 0.8266, "car_sigma": 0.4886, "car_tau_mean": 1.6517, "car_tau_std": 8.3318, "car_v_mean": 9.4243, "car_v_std": 0.2165}, "datetime": {"datetime": "2024-08-08 13:43:40", "elapsed": 3408.079052, "delta": 4.783635}}
{"target": -0.32307401543791836, "params": {"bus_acc": 2.1662, "bus_dcc": 3.9689, "bus_lcAssertive": 32.4185, "bus_lcCooperative": 0.3503, "bus_lcLookaheadLeft": 25.4859, "bus_lcPushy": 0.3381, "bus_lcSigma": 0.1028, "bus_lcSpeedGainRight": 2.5897, "bus_lcSublane": 0.0635, "bus_sigma": 0.0436, "bus_tau_mean": 1.2839, "bus_tau_std": 5.6662, "bus_v_mean": 19.8596, "bus_v_std": 19.355, "car_acc": 2.4265, "car_dcc": 2.6759, "car_lcAssertive": 1.5638, "car_lcCooperative": 0.6354, "car_lcLookaheadLeft": 22.5564, "car_lcPushy": 0.7189, "car_lcSigma": 0.7613, "car_lcSpeedGainRight": 0.8218, "car_lcSublane": 0.1116, "car_sigma": 0.4478, "car_tau_mean": 3.2321, "car_tau_std": 1.5347, "car_v_mean": 21.2668, "car_v_std": 4.0773}, "datetime": {"datetime": "2024-08-08 13:43:44", "elapsed": 3412.044408, "delta": 3.965356}}
{"target": -0.4335700379891143, "params": {"bus_acc": 2.778, "bus_dcc": 1.0665, "bus_lcAssertive": 71.5128, "bus_lcCooperative": 0.3786, "bus_lcLookaheadLeft": 32.8015, "bus_lcPushy": 0.3693, "bus_lcSigma": 0.8728, "bus_lcSpeedGainRight": 0.7609, "bus_lcSublane": 0.7163, "bus_sigma": 0.8368, "bus_tau_mean": 2.2181, "bus_tau_std": 9.4489, "bus_v_mean": 8.8735, "bus_v_std": 1.839, "car_acc": 2.3096, "car_dcc": 1.9175, "car_lcAssertive": 91.9777, "car_lcCooperative": 0.0936, "car_lcLookaheadLeft": 37.2586, "car_lcPushy": 0.211, "car_lcSigma": 0.8861, "car_lcSpeedGainRight": 4.2233, "car_lcSublane": 0.634, "car_sigma": 0.8016, "car_tau_mean": 3.4432, "car_tau_std": 3.4722, "car_v_mean": 8.1572, "car_v_std": 4.1211}, "datetime": {"datetime": "2024-08-08 13:43:45", "elapsed": 3413.258386, "delta": 1.213978}}
{"target": -0.36903892420141526, "params": {"bus_acc": 2.2577, "bus_dcc": 2.2583, "bus_lcAssertive": 83.2515, "bus_lcCooperative": 0.8319, "bus_lcLookaheadLeft": 24.435, "bus_lcPushy": 0.2434, "bus_lcSigma": 0.277, "bus_lcSpeedGainRight": 3.2032, "bus_lcSublane": 0.4545, "bus_sigma": 0.4707, "bus_tau_mean": 2.2102, "bus_tau_std": 2.7971, "bus_v_mean": 12.1063, "bus_v_std": 18.3878, "car_acc": 4.0952, "car_dcc": 2.4701, "car_lcAssertive": 11.5246, "car_lcCooperative": 0.8984, "car_lcLookaheadLeft": 44.343, "car_lcPushy": 0.1774, "car_lcSigma": 0.3244, "car_lcSpeedGainRight": 3.9266, "car_lcSublane": 0.1631, "car_sigma": 0.1632, "car_tau_mean": 1.3025, "car_tau_std": 6.0307, "car_v_mean": 17.0343, "car_v_std": 0.8746}, "datetime": {"datetime": "2024-08-08 13:43:53", "elapsed": 3421.177194, "delta": 7.918808}}
{"target": -0.3388659573868293, "params": {"bus_acc": 4.7001, "bus_dcc": 3.5347, "bus_lcAssertive": 37.3721, "bus_lcCooperative": 0.6085, "bus_lcLookaheadLeft": 38.6516, "bus_lcPushy": 0.3972, "bus_lcSigma": 0.5451, "bus_lcSpeedGainRight": 0.9635, "bus_lcSublane": 0.6893, "bus_sigma": 0.9768, "bus_tau_mean": 2.9156, "bus_tau_std": 1.1363, "bus_v_mean": 11.439, "bus_v_std": 12.7649, "car_acc": 1.206, "car_dcc": 1.7487, "car_lcAssertive": 44.9602, "car_lcCooperative": 0.3874, "car_lcLookaheadLeft": 58.7199, "car_lcPushy": 0.8615, "car_lcSigma": 0.7157, "car_lcSpeedGainRight": 0.4363, "car_lcSublane": 0.9859, "car_sigma": 0.8218, "car_tau_mean": 0.969, "car_tau_std": 6.0801, "car_v_mean": 20.4245, "car_v_std": 6.8235}, "datetime": {"datetime": "2024-08-08 13:43:54", "elapsed": 3422.363112, "delta": 1.185918}}
{"target": -0.3630873308764167, "params": {"bus_acc": 1.4612, "bus_dcc": 1.6348, "bus_lcAssertive": 5.99, "bus_lcCooperative": 0.8308, "bus_lcLookaheadLeft": 45.7692, "bus_lcPushy": 0.4783, "bus_lcSigma": 0.6295, "bus_lcSpeedGainRight": 4.1693, "bus_lcSublane": 0.6659, "bus_sigma": 0.5931, "bus_tau_mean": 3.5073, "bus_tau_std": 0.9258, "bus_v_mean": 23.65, "bus_v_std": 11.2913, "car_acc": 3.7265, "car_dcc": 3.2566, "car_lcAssertive": 27.6818, "car_lcCooperative": 0.8074, "car_lcLookaheadLeft": 21.4702, "car_lcPushy": 0.7823, "car_lcSigma": 0.7899, "car_lcSpeedGainRight": 1.8631, "car_lcSublane": 0.7853, "car_sigma": 0.9834, "car_tau_mean": 2.7496, "car_tau_std": 9.1332, "car_v_mean": 16.358, "car_v_std": 19.6209}, "datetime": {"datetime": "2024-08-08 13:43:56", "elapsed": 3424.359301, "delta": 1.996189}}
{"target": -0.3854185984975821, "params": {"bus_acc": 2.004, "bus_dcc": 1.254, "bus_lcAssertive": 15.6752, "bus_lcCooperative": 0.551, "bus_lcLookaheadLeft": 31.349, "bus_lcPushy": 0.4346, "bus_lcSigma": 0.7564, "bus_lcSpeedGainRight": 3.1171, "bus_lcSublane": 0.3676, "bus_sigma": 0.5332, "bus_tau_mean": 1.1813, "bus_tau_std": 8.7492, "bus_v_mean": 20.3385, "bus_v_std": 14.1793, "car_acc": 4.9449, "car_dcc": 2.272, "car_lcAssertive": 40.5661, "car_lcCooperative": 0.7282, "car_lcLookaheadLeft": 67.9944, "car_lcPushy": 0.475, "car_lcSigma": 0.8777, "car_lcSpeedGainRight": 4.9359, "car_lcSublane": 0.196, "car_sigma": 0.3559, "car_tau_mean": 1.0578, "car_tau_std": 2.7341, "car_v_mean": 19.0404, "car_v_std": 4.3141}, "datetime": {"datetime": "2024-08-08 13:44:02", "elapsed": 3430.361208, "delta": 6.001907}}
{"target": -0.3366468638529762, "params": {"bus_acc": 4.3086, "bus_dcc": 1.5904, "bus_lcAssertive": 74.4612, "bus_lcCooperative": 0.9419, "bus_lcLookaheadLeft": 63.3064, "bus_lcPushy": 0.2678, "bus_lcSigma": 0.1425, "bus_lcSpeedGainRight": 1.225, "bus_lcSublane": 0.4048, "bus_sigma": 0.018, "bus_tau_mean": 2.2528, "bus_tau_std": 5.7347, "bus_v_mean": 13.006, "bus_v_std": 17.363, "car_acc": 3.3182, "car_dcc": 2.4735, "car_lcAssertive": 10.917, "car_lcCooperative": 0.5663, "car_lcLookaheadLeft": 52.5258, "car_lcPushy": 0.5734, "car_lcSigma": 0.07, "car_lcSpeedGainRight": 3.8577, "car_lcSublane": 0.9446, "car_sigma": 0.8159, "car_tau_mean": 2.1651, "car_tau_std": 8.2554, "car_v_mean": 22.6433, "car_v_std": 8.047}, "datetime": {"datetime": "2024-08-08 13:44:04", "elapsed": 3432.131849, "delta": 1.770641}}
{"target": -0.33258107361583245, "params": {"bus_acc": 3.7795, "bus_dcc": 1.307, "bus_lcAssertive": 10.7121, "bus_lcCooperative": 0.1164, "bus_lcLookaheadLeft": 79.0149, "bus_lcPushy": 0.4941, "bus_lcSigma": 0.1164, "bus_lcSpeedGainRight": 3.8048, "bus_lcSublane": 0.0626, "bus_sigma": 0.3724, "bus_tau_mean": 3.9727, "bus_tau_std": 3.084, "bus_v_mean": 19.9444, "bus_v_std": 0.9968, "car_acc": 4.1498, "car_dcc": 2.7006, "car_lcAssertive": 16.0238, "car_lcCooperative": 0.4797, "car_lcLookaheadLeft": 41.3164, "car_lcPushy": 0.1699, "car_lcSigma": 0.8556, "car_lcSpeedGainRight": 3.553, "car_lcSublane": 0.4092, "car_sigma": 0.0056, "car_tau_mean": 2.2851, "car_tau_std": 1.1303, "car_v_mean": 12.6348, "car_v_std": 17.1979}, "datetime": {"datetime": "2024-08-08 13:44:27", "elapsed": 3454.764925, "delta": 22.633076}}
{"target": -0.38222701643141943, "params": {"bus_acc": 4.2484, "bus_dcc": 3.3669, "bus_lcAssertive": 75.4506, "bus_lcCooperative": 0.7057, "bus_lcLookaheadLeft": 47.2689, "bus_lcPushy": 0.1222, "bus_lcSigma": 0.0914, "bus_lcSpeedGainRight": 2.0199, "bus_lcSublane": 0.225, "bus_sigma": 0.3984, "bus_tau_mean": 0.657, "bus_tau_std": 2.7471, "bus_v_mean": 16.0325, "bus_v_std": 8.6653, "car_acc": 1.8748, "car_dcc": 3.029, "car_lcAssertive": 82.9287, "car_lcCooperative": 0.3045, "car_lcLookaheadLeft": 43.6984, "car_lcPushy": 0.4626, "car_lcSigma": 0.7225, "car_lcSpeedGainRight": 3.155, "car_lcSublane": 0.6531, "car_sigma": 0.4207, "car_tau_mean": 1.632, "car_tau_std": 7.1686, "car_v_mean": 11.2503, "car_v_std": 17.6288}, "datetime": {"datetime": "2024-08-08 13:44:28", "elapsed": 3456.040085, "delta": 1.27516}}
{"target": -0.34498900154935697, "params": {"bus_acc": 2.7748, "bus_dcc": 2.4849, "bus_lcAssertive": 92.3341, "bus_lcCooperative": 0.8428, "bus_lcLookaheadLeft": 38.3829, "bus_lcPushy": 0.782, "bus_lcSigma": 0.835, "bus_lcSpeedGainRight": 3.4714, "bus_lcSublane": 0.4142, "bus_sigma": 0.8383, "bus_tau_mean": 2.9692, "bus_tau_std": 9.9251, "bus_v_mean": 13.8728, "bus_v_std": 5.9394, "car_acc": 2.8011, "car_dcc": 2.4975, "car_lcAssertive": 49.5941, "car_lcCooperative": 0.7737, "car_lcLookaheadLeft": 26.9996, "car_lcPushy": 0.3484, "car_lcSigma": 0.6896, "car_lcSpeedGainRight": 2.44, "car_lcSublane": 0.8954, "car_sigma": 0.7859, "car_tau_mean": 0.9881, "car_tau_std": 0.5363, "car_v_mean": 9.0114, "car_v_std": 11.4205}, "datetime": {"datetime": "2024-08-08 13:44:32", "elapsed": 3460.170269, "delta": 4.130184}}
{"target": -0.3232069944048529, "params": {"bus_acc": 2.3606, "bus_dcc": 2.8569, "bus_lcAssertive": 88.4816, "bus_lcCooperative": 0.0876, "bus_lcLookaheadLeft": 17.4661, "bus_lcPushy": 0.8678, "bus_lcSigma": 0.4526, "bus_lcSpeedGainRight": 0.3364, "bus_lcSublane": 0.958, "bus_sigma": 0.9357, "bus_tau_mean": 3.0116, "bus_tau_std": 3.3704, "bus_v_mean": 12.4205, "bus_v_std": 3.6488, "car_acc": 3.9051, "car_dcc": 2.6538, "car_lcAssertive": 4.7229, "car_lcCooperative": 0.0939, "car_lcLookaheadLeft": 52.0046, "car_lcPushy": 0.4577, "car_lcSigma": 0.5463, "car_lcSpeedGainRight": 3.7279, "car_lcSublane": 0.4358, "car_sigma": 0.3977, "car_tau_mean": 1.553, "car_tau_std": 6.5879, "car_v_mean": 16.5149, "car_v_std": 3.2225}, "datetime": {"datetime": "2024-08-08 13:44:36", "elapsed": 3463.518443, "delta": 3.348174}}
{"target": -0.3788078815388183, "params": {"bus_acc": 1.4714, "bus_dcc": 1.5086, "bus_lcAssertive": 44.0243, "bus_lcCooperative": 0.0214, "bus_lcLookaheadLeft": 86.1937, "bus_lcPushy": 0.2062, "bus_lcSigma": 0.6938, "bus_lcSpeedGainRight": 2.8222, "bus_lcSublane": 0.8162, "bus_sigma": 0.4223, "bus_tau_mean": 3.2039, "bus_tau_std": 0.4241, "bus_v_mean": 17.3735, "bus_v_std": 7.551, "car_acc": 3.7093, "car_dcc": 3.0634, "car_lcAssertive": 68.7718, "car_lcCooperative": 0.2534, "car_lcLookaheadLeft": 24.547, "car_lcPushy": 0.4046, "car_lcSigma": 0.2934, "car_lcSpeedGainRight": 0.6484, "car_lcSublane": 0.2235, "car_sigma": 0.5822, "car_tau_mean": 1.5949, "car_tau_std": 0.1197, "car_v_mean": 12.3637, "car_v_std": 9.6628}, "datetime": {"datetime": "2024-08-08 13:44:39", "elapsed": 3467.196399, "delta": 3.677956}}
{"target": -0.3556462608996709, "params": {"bus_acc": 2.0329, "bus_dcc": 3.5792, "bus_lcAssertive": 73.5368, "bus_lcCooperative": 0.6739, "bus_lcLookaheadLeft": 90.1865, "bus_lcPushy": 0.5985, "bus_lcSigma": 0.7029, "bus_lcSpeedGainRight": 0.4718, "bus_lcSublane": 0.9901, "bus_sigma": 0.2673, "bus_tau_mean": 1.6418, "bus_tau_std": 3.7349, "bus_v_mean": 12.4992, "bus_v_std": 7.1236, "car_acc": 1.8611, "car_dcc": 1.327, "car_lcAssertive": 23.8794, "car_lcCooperative": 0.8493, "car_lcLookaheadLeft": 87.3131, "car_lcPushy": 0.5902, "car_lcSigma": 0.5411, "car_lcSpeedGainRight": 0.3659, "car_lcSublane": 0.4323, "car_sigma": 0.9194, "car_tau_mean": 2.2204, "car_tau_std": 9.368, "car_v_mean": 17.8883, "car_v_std": 6.6943}, "datetime": {"datetime": "2024-08-08 13:44:41", "elapsed": 3468.906907, "delta": 1.710508}}
{"target": -0.36238861199697014, "params": {"bus_acc": 2.829, "bus_dcc": 1.2437, "bus_lcAssertive": 82.1655, "bus_lcCooperative": 0.9553, "bus_lcLookaheadLeft": 99.9066, "bus_lcPushy": 0.1804, "bus_lcSigma": 0.2701, "bus_lcSpeedGainRight": 3.5373, "bus_lcSublane": 0.7282, "bus_sigma": 0.8367, "bus_tau_mean": 3.476, "bus_tau_std": 8.2593, "bus_v_mean": 9.9407, "bus_v_std": 9.4492, "car_acc": 2.0507, "car_dcc": 2.3429, "car_lcAssertive": 4.828, "car_lcCooperative": 0.5589, "car_lcLookaheadLeft": 98.8365, "car_lcPushy": 0.0991, "car_lcSigma": 0.6552, "car_lcSpeedGainRight": 3.4595, "car_lcSublane": 0.3984, "car_sigma": 0.0633, "car_tau_mean": 2.7967, "car_tau_std": 3.5916, "car_v_mean": 13.1931, "car_v_std": 16.1062}, "datetime": {"datetime": "2024-08-08 13:44:42", "elapsed": 3470.229902, "delta": 1.322995}}
{"target": -0.3501071902179608, "params": {"bus_acc": 4.285, "bus_dcc": 3.2622, "bus_lcAssertive": 17.6648, "bus_lcCooperative": 0.3646, "bus_lcLookaheadLeft": 50.9563, "bus_lcPushy": 0.858, "bus_lcSigma": 0.8464, "bus_lcSpeedGainRight": 0.4155, "bus_lcSublane": 0.3829, "bus_sigma": 0.8386, "bus_tau_mean": 2.5898, "bus_tau_std": 6.3661, "bus_v_mean": 23.1856, "bus_v_std": 9.1317, "car_acc": 4.5849, "car_dcc": 3.9307, "car_lcAssertive": 58.2571, "car_lcCooperative": 0.956, "car_lcLookaheadLeft": 14.5598, "car_lcPushy": 0.4657, "car_lcSigma": 0.5961, "car_lcSpeedGainRight": 4.9943, "car_lcSublane": 0.5709, "car_sigma": 0.6251, "car_tau_mean": 3.7958, "car_tau_std": 1.5837, "car_v_mean": 18.713, "car_v_std": 10.532}, "datetime": {"datetime": "2024-08-08 13:44:44", "elapsed": 3471.683675, "delta": 1.453773}}
{"target": -0.31571696245055275, "params": {"bus_acc": 1.3528, "bus_dcc": 3.8434, "bus_lcAssertive": 90.1065, "bus_lcCooperative": 0.948, "bus_lcLookaheadLeft": 7.4649, "bus_lcPushy": 0.6481, "bus_lcSigma": 0.8966, "bus_lcSpeedGainRight": 0.458, "bus_lcSublane": 0.5793, "bus_sigma": 0.0035, "bus_tau_mean": 3.0431, "bus_tau_std": 7.2363, "bus_v_mean": 9.898, "bus_v_std": 11.7192, "car_acc": 4.6418, "car_dcc": 1.8773, "car_lcAssertive": 24.1407, "car_lcCooperative": 0.0303, "car_lcLookaheadLeft": 86.4961, "car_lcPushy": 0.4542, "car_lcSigma": 0.4324, "car_lcSpeedGainRight": 2.1397, "car_lcSublane": 0.784, "car_sigma": 0.9825, "car_tau_mean": 2.9073, "car_tau_std": 8.1057, "car_v_mean": 16.4454, "car_v_std": 13.7094}, "datetime": {"datetime": "2024-08-08 13:44:50", "elapsed": 3478.053927, "delta": 6.370252}}
{"target": -0.3932346230606996, "params": {"bus_acc": 4.0612, "bus_dcc": 3.7582, "bus_lcAssertive": 64.4204, "bus_lcCooperative": 0.4657, "bus_lcLookaheadLeft": 69.9898, "bus_lcPushy": 0.6986, "bus_lcSigma": 0.8552, "bus_lcSpeedGainRight": 3.9803, "bus_lcSublane": 0.6605, "bus_sigma": 0.221, "bus_tau_mean": 2.6669, "bus_tau_std": 0.7607, "bus_v_mean": 14.0135, "bus_v_std": 18.3924, "car_acc": 4.7618, "car_dcc": 3.1554, "car_lcAssertive": 99.8496, "car_lcCooperative": 0.7118, "car_lcLookaheadLeft": 65.1869, "car_lcPushy": 0.1618, "car_lcSigma": 0.4328, "car_lcSpeedGainRight": 1.7573, "car_lcSublane": 0.3662, "car_sigma": 0.8746, "car_tau_mean": 0.7153, "car_tau_std": 0.877, "car_v_mean": 14.9605, "car_v_std": 19.7997}, "datetime": {"datetime": "2024-08-08 13:44:53", "elapsed": 3480.962156, "delta": 2.908229}}
{"target": -0.34292258415081783, "params": {"bus_acc": 2.4097, "bus_dcc": 3.4633, "bus_lcAssertive": 32.8633, "bus_lcCooperative": 0.3179, "bus_lcLookaheadLeft": 70.7262, "bus_lcPushy": 0.6146, "bus_lcSigma": 0.0464, "bus_lcSpeedGainRight": 1.363, "bus_lcSublane": 0.6743, "bus_sigma": 0.7622, "bus_tau_mean": 1.3732, "bus_tau_std": 1.7941, "bus_v_mean": 9.1218, "bus_v_std": 0.5143, "car_acc": 4.1255, "car_dcc": 2.4817, "car_lcAssertive": 65.2132, "car_lcCooperative": 0.3135, "car_lcLookaheadLeft": 45.8322, "car_lcPushy": 0.3197, "car_lcSigma": 0.6347, "car_lcSpeedGainRight": 3.0781, "car_lcSublane": 0.5768, "car_sigma": 0.0763, "car_tau_mean": 3.4881, "car_tau_std": 1.4054, "car_v_mean": 16.9094, "car_v_std": 2.6178}, "datetime": {"datetime": "2024-08-08 13:44:55", "elapsed": 3482.534199, "delta": 1.572043}}
