{"target": -0.34220349027812774, "params": {"bus_acc": 4.834296844078683, "bus_dcc": 3.181496304780788, "bus_lcAssertive": 11.0446249245764, "bus_lcCooperative": 0.7862693223485936, "bus_lcLookaheadLeft": 36.511225289460114, "bus_lcPushy": 0.9114351403237924, "bus_lcSigma": 0.4954974347471134, "bus_lcSpeedGainRight": 4.363463614924361, "bus_lcSublane": 0.2205297947437237, "bus_sigma": 0.36719232590326556, "bus_tau_mean": 1.7839292975543395, "bus_tau_std": 0.9713268160328525, "bus_v_mean": 13.296230945052717, "bus_v_std": 13.19419607677599, "car_acc": 2.8661739654949625, "car_dcc": 3.6376947092332936, "car_lcAssertive": 27.69735637264448, "car_lcCooperative": 0.3548193487216488, "car_lcLookaheadLeft": 33.39472043476, "car_lcPushy": 0.5517379706217076, "car_lcSigma": 0.18821941560628785, "car_lcSpeedGainRight": 0.8662213575408645, "car_lcSublane": 0.9394819242084544, "car_sigma": 0.37664771374633, "car_tau_mean": 2.5548434720906745, "car_tau_std": 0.5515208501882385, "car_v_mean": 10.25372795038987, "car_v_std": 1.9271710372248663}, "datetime": {"datetime": "2024-08-08 12:53:01", "elapsed": 368.975407, "delta": 3.108216}}
{"target": -0.393721710092803, "params": {"bus_acc": 3.2930890861987385, "bus_dcc": 3.8282877262988477, "bus_lcAssertive": 52.268144769059866, "bus_lcCooperative": 0.1944658095278845, "bus_lcLookaheadLeft": 85.09806045946067, "bus_lcPushy": 0.25163914235585283, "bus_lcSigma": 0.700726036482538, "bus_lcSpeedGainRight": 2.7013047019844993, "bus_lcSublane": 0.9488362882802196, "bus_sigma": 0.6243367024026759, "bus_tau_mean": 3.432922867167053, "bus_tau_std": 0.07932876194523097, "bus_v_mean": 23.829440898666206, "bus_v_std": 1.5542914066477298, "car_acc": 2.2885180544590784, "car_dcc": 3.838457186370296, "car_lcAssertive": 1.8849711347532616, "car_lcCooperative": 0.8227300054219355, "car_lcLookaheadLeft": 86.39874055994585, "car_lcPushy": 0.4398308142085725, "car_lcSigma": 0.2557451938059312, "car_lcSpeedGainRight": 4.013447598166493, "car_lcSublane": 0.47786200443222115, "car_sigma": 0.13433860865569613, "car_tau_mean": 3.7474714748875377, "car_tau_std": 8.959699670066485, "car_v_mean": 15.864722400270965, "car_v_std": 17.134049930355843}, "datetime": {"datetime": "2024-08-08 12:53:05", "elapsed": 372.801021, "delta": 3.825614}}
{"target": -0.4268112331520858, "params": {"bus_acc": 2.1172813424653274, "bus_dcc": 3.7476361692019005, "bus_lcAssertive": 20.624996730805222, "bus_lcCooperative": 0.28571649537130284, "bus_lcLookaheadLeft": 6.670161087028536, "bus_lcPushy": 0.44757914405063814, "bus_lcSigma": 0.5575878151711118, "bus_lcSpeedGainRight": 2.867805412885476, "bus_lcSublane": 0.905377379959673, "bus_sigma": 0.34741393280060506, "bus_tau_mean": 2.0663493285693932, "bus_tau_std": 8.512376625014975, "bus_v_mean": 17.229268851712398, "bus_v_std": 13.079858697554673, "car_acc": 2.113437321577264, "car_dcc": 2.4624139048775473, "car_lcAssertive": 62.47428637046675, "car_lcCooperative": 0.13339403014523998, "car_lcLookaheadLeft": 5.225054226068378, "car_lcPushy": 0.11341100113082614, "car_lcSigma": 0.47746107633965307, "car_lcSpeedGainRight": 0.12013367315404255, "car_lcSublane": 0.6262089291372217, "car_sigma": 0.09758261797608447, "car_tau_mean": 1.37836538200686, "car_tau_std": 4.264929458562184, "car_v_mean": 9.853227947299985, "car_v_std": 5.411039875949328}, "datetime": {"datetime": "2024-08-08 12:53:07", "elapsed": 375.487382, "delta": 2.686361}}
{"target": -0.3465697125576628, "params": {"bus_acc": 3.734549859124201, "bus_dcc": 2.194035145648892, "bus_lcAssertive": 48.41645508562015, "bus_lcCooperative": 0.2898033391923721, "bus_lcLookaheadLeft": 79.25286297100789, "bus_lcPushy": 0.046512682267751626, "bus_lcSigma": 0.2811256463638583, "bus_lcSpeedGainRight": 2.95297930879439, "bus_lcSublane": 0.7901335024345391, "bus_sigma": 0.6015993359119542, "bus_tau_mean": 3.056710340287724, "bus_tau_std": 0.23527914877828127, "bus_v_mean": 12.078777428936688, "bus_v_std": 0.8418351968474558, "car_acc": 3.000049593875157, "car_dcc": 3.9674208884223203, "car_lcAssertive": 2.339520302416675, "car_lcCooperative": 0.4408790383372555, "car_lcLookaheadLeft": 2.4690689743766847, "car_lcPushy": 0.6128886193293469, "car_lcSigma": 0.1833587261280697, "car_lcSpeedGainRight": 3.563708918952641, "car_lcSublane": 0.15964851197294794, "car_sigma": 0.8285756552303601, "car_tau_mean": 1.2216235730698106, "car_tau_std": 3.5221627383195075, "car_v_mean": 11.689255550772305, "car_v_std": 16.153689849032926}, "datetime": {"datetime": "2024-08-08 12:53:11", "elapsed": 378.853375, "delta": 3.365993}}
{"target": -0.3761967757473752, "params": {"bus_acc": 3.7428662889029463, "bus_dcc": 3.8561876171635996, "bus_lcAssertive": 39.72402429296779, "bus_lcCooperative": 0.3002984293714631, "bus_lcLookaheadLeft": 56.26767763580894, "bus_lcPushy": 0.8519762580648814, "bus_lcSigma": 0.7949674246929233, "bus_lcSpeedGainRight": 3.4237835248928827, "bus_lcSublane": 0.4321070912997065, "bus_sigma": 0.6904340198543137, "bus_tau_mean": 1.2560887293806247, "bus_tau_std": 2.8394343784624674, "bus_v_mean": 20.445129774406148, "bus_v_std": 18.59960272692713, "car_acc": 1.7601980144667593, "car_dcc": 1.8881898682546976, "car_lcAssertive": 1.6148164518610932, "car_lcCooperative": 0.43156224528040166, "car_lcLookaheadLeft": 22.608917031754896, "car_lcPushy": 0.6414247825536215, "car_lcSigma": 0.7095892156781084, "car_lcSpeedGainRight": 0.5938885719924253, "car_lcSublane": 0.08214400203193162, "car_sigma": 0.9063350695803358, "car_tau_mean": 1.8623356415933738, "car_tau_std": 5.3340349726601435, "car_v_mean": 23.41186503861873, "car_v_std": 15.181080244326706}, "datetime": {"datetime": "2024-08-08 12:53:14", "elapsed": 381.875835, "delta": 3.02246}}
{"target": -0.36563018453771795, "params": {"bus_acc": 1.2900621121818534, "bus_dcc": 1.5181032643968249, "bus_lcAssertive": 32.913391424138354, "bus_lcCooperative": 0.248424246330199, "bus_lcLookaheadLeft": 50.55850817339691, "bus_lcPushy": 0.8244596107976835, "bus_lcSigma": 0.8539724149421759, "bus_lcSpeedGainRight": 2.9791497102935076, "bus_lcSublane": 0.24017373383106666, "bus_sigma": 0.18649268827268528, "bus_tau_mean": 3.1018667934071367, "bus_tau_std": 2.372140576435476, "bus_v_mean": 16.631854254824795, "bus_v_std": 14.985615742543835, "car_acc": 1.9129964184615438, "car_dcc": 1.523503562718232, "car_lcAssertive": 4.933832971009274, "car_lcCooperative": 0.14756883769994755, "car_lcLookaheadLeft": 85.44101288080509, "car_lcPushy": 0.10463591174495857, "car_lcSigma": 0.2236450455273178, "car_lcSpeedGainRight": 0.16378599872988564, "car_lcSublane": 0.6763566354512786, "car_sigma": 0.2317031414647196, "car_tau_mean": 1.9475710123061751, "car_tau_std": 1.3930117132372677, "car_v_mean": 14.035476601784104, "car_v_std": 8.488749324792305}, "datetime": {"datetime": "2024-08-08 12:53:16", "elapsed": 383.988613, "delta": 2.112778}}
{"target": -0.39222599495741817, "params": {"bus_acc": 2.0169294186294096, "bus_dcc": 1.2522590625397885, "bus_lcAssertive": 86.55026538163867, "bus_lcCooperative": 0.44789891562027984, "bus_lcLookaheadLeft": 57.05505353977741, "bus_lcPushy": 0.7367109576935199, "bus_lcSigma": 0.7964888671311956, "bus_lcSpeedGainRight": 2.2375406949515693, "bus_lcSublane": 0.18412755617579835, "bus_sigma": 0.8287328515283018, "bus_tau_mean": 0.6084928593988954, "bus_tau_std": 9.467282696079524, "bus_v_mean": 17.231645543640028, "bus_v_std": 17.50777476901374, "car_acc": 3.4342617478942348, "car_dcc": 1.754978752456971, "car_lcAssertive": 30.316862426094534, "car_lcCooperative": 0.5329225590316532, "car_lcLookaheadLeft": 96.28366485901516, "car_lcPushy": 0.18449560449017766, "car_lcSigma": 0.509898378143109, "car_lcSpeedGainRight": 1.718940517184222, "car_lcSublane": 0.7697253449571857, "car_sigma": 0.802866486432424, "car_tau_mean": 1.9859596860577582, "car_tau_std": 2.0412249999433585, "car_v_mean": 9.073431365261685, "car_v_std": 3.97296528841123}, "datetime": {"datetime": "2024-08-08 12:53:23", "elapsed": 391.329361, "delta": 7.340748}}
{"target": -0.390427944388573, "params": {"bus_acc": 3.8675146545267567, "bus_dcc": 3.673056862877017, "bus_lcAssertive": 3.701435128229413, "bus_lcCooperative": 0.5220512472525107, "bus_lcLookaheadLeft": 33.94700155346248, "bus_lcPushy": 0.8594893208655858, "bus_lcSigma": 0.5585165509225178, "bus_lcSpeedGainRight": 3.4511393408137394, "bus_lcSublane": 0.45285349995153745, "bus_sigma": 0.6283090375213571, "bus_tau_mean": 1.5153389809059905, "bus_tau_std": 0.09348577966515781, "bus_v_mean": 17.228094959793452, "bus_v_std": 6.228884282649256, "car_acc": 3.069070394004519, "car_dcc": 3.749217559161693, "car_lcAssertive": 43.221004061638205, "car_lcCooperative": 0.2473960366023854, "car_lcLookaheadLeft": 38.386788605347334, "car_lcPushy": 0.9318611166365406, "car_lcSigma": 0.9368683813090937, "car_lcSpeedGainRight": 4.221649742828566, "car_lcSublane": 0.9202065143056605, "car_sigma": 0.22790028995131695, "car_tau_mean": 0.806187733437568, "car_tau_std": 2.2730973628468876, "car_v_mean": 13.030025857824807, "car_v_std": 3.4953175271262316}, "datetime": {"datetime": "2024-08-08 12:53:40", "elapsed": 408.127838, "delta": 16.798477}}
{"target": -0.3948397249540698, "params": {"bus_acc": 4.493292536146928, "bus_dcc": 1.7339021971576243, "bus_lcAssertive": 63.3311877151724, "bus_lcCooperative": 0.034431265307095615, "bus_lcLookaheadLeft": 52.587449185552764, "bus_lcPushy": 0.8632264817138495, "bus_lcSigma": 0.9841265438849168, "bus_lcSpeedGainRight": 0.04936487679459256, "bus_lcSublane": 0.2528414820768151, "bus_sigma": 0.22384967032752534, "bus_tau_mean": 0.6663815797971617, "bus_tau_std": 0.10172456261775653, "bus_v_mean": 15.843124995907708, "bus_v_std": 0.9096429134058814, "car_acc": 2.113312523387608, "car_dcc": 2.9199237073267366, "car_lcAssertive": 30.17451211452952, "car_lcCooperative": 0.26965470115905144, "car_lcLookaheadLeft": 59.873559179869574, "car_lcPushy": 0.38053407720964005, "car_lcSigma": 0.7025230339614009, "car_lcSpeedGainRight": 2.4806197562493053, "car_lcSublane": 0.6332092658064775, "car_sigma": 0.3533943470016294, "car_tau_mean": 1.5046538115442802, "car_tau_std": 1.3320711375110195, "car_v_mean": 22.993286156783427, "car_v_std": 16.09671692031589}, "datetime": {"datetime": "2024-08-08 12:53:55", "elapsed": 423.326696, "delta": 15.198858}}
{"target": -0.41079415699728494, "params": {"bus_acc": 2.761762239902872, "bus_dcc": 3.262525076365478, "bus_lcAssertive": 92.07540412447102, "bus_lcCooperative": 0.4413517453158379, "bus_lcLookaheadLeft": 53.74061744716068, "bus_lcPushy": 0.06603558401663734, "bus_lcSigma": 0.3907730736706927, "bus_lcSpeedGainRight": 2.3361928316662297, "bus_lcSublane": 0.8951377108035733, "bus_sigma": 0.11055744025544123, "bus_tau_mean": 3.058981611196383, "bus_tau_std": 5.454711685487195, "bus_v_mean": 17.704566888264694, "bus_v_std": 0.5956588825912057, "car_acc": 1.5869895190431182, "car_dcc": 1.8519496763985555, "car_lcAssertive": 1.4823327474070012, "car_lcCooperative": 0.6691577977971368, "car_lcLookaheadLeft": 87.28527899441463, "car_lcPushy": 0.5469683092712408, "car_lcSigma": 0.5431640475192038, "car_lcSpeedGainRight": 3.0786296430651867, "car_lcSublane": 0.30218150041580416, "car_sigma": 0.3667319816609417, "car_tau_mean": 2.512289045472183, "car_tau_std": 8.092165837173445, "car_v_mean": 11.225546150530738, "car_v_std": 6.550481116965782}, "datetime": {"datetime": "2024-08-08 12:53:56", "elapsed": 424.167162, "delta": 0.840466}}
{"target": -0.3368174628429045, "params": {"bus_acc": 2.978587392427636, "bus_dcc": 1.9450812669057027, "bus_lcAssertive": 54.99846984483864, "bus_lcCooperative": 0.6824780792979444, "bus_lcLookaheadLeft": 23.595956313062093, "bus_lcPushy": 0.48533745396838057, "bus_lcSigma": 0.9929813576374784, "bus_lcSpeedGainRight": 1.6208065159061746, "bus_lcSublane": 0.03536191949131395, "bus_sigma": 0.8173517292840132, "bus_tau_mean": 2.2615737425988183, "bus_tau_std": 0.527838561185705, "bus_v_mean": 22.24488043558786, "bus_v_std": 8.090287599607155, "car_acc": 4.717092728561587, "car_dcc": 2.2062345214016847, "car_lcAssertive": 8.606396192693403, "car_lcCooperative": 0.2453011441199927, "car_lcLookaheadLeft": 36.32552955930588, "car_lcPushy": 0.7507282923552251, "car_lcSigma": 0.18474815234928366, "car_lcSpeedGainRight": 2.1548682686293716, "car_lcSublane": 0.8732454198159687, "car_sigma": 0.5337610913727832, "car_tau_mean": 0.8610415191216982, "car_tau_std": 0.24522487054632225, "car_v_mean": 19.292956818576776, "car_v_std": 19.582549819164342}, "datetime": {"datetime": "2024-08-08 12:54:20", "elapsed": 448.229496, "delta": 24.062334}}
{"target": -0.41490791477078937, "params": {"bus_acc": 3.4744029702461456, "bus_dcc": 1.4529421998389374, "bus_lcAssertive": 76.31944317426985, "bus_lcCooperative": 0.781045822193957, "bus_lcLookaheadLeft": 90.60209261955288, "bus_lcPushy": 0.23376869260410593, "bus_lcSigma": 0.17667889307234141, "bus_lcSpeedGainRight": 1.9554956155338121, "bus_lcSublane": 0.3205646539951602, "bus_sigma": 0.8154769290056262, "bus_tau_mean": 2.647340648839511, "bus_tau_std": 7.600017523497488, "bus_v_mean": 14.842641595151427, "bus_v_std": 1.9888112583117845, "car_acc": 1.460140048200985, "car_dcc": 2.120221395211586, "car_lcAssertive": 20.19092898344121, "car_lcCooperative": 0.8207464986229382, "car_lcLookaheadLeft": 60.764328825524245, "car_lcPushy": 0.688845259018665, "car_lcSigma": 0.4911099613042962, "car_lcSpeedGainRight": 0.4408684062109053, "car_lcSublane": 0.23507763668617032, "car_sigma": 0.461602080891622, "car_tau_mean": 1.195070260688742, "car_tau_std": 0.254762357788203, "car_v_mean": 19.67036317209844, "car_v_std": 14.498334944382382}, "datetime": {"datetime": "2024-08-08 12:55:34", "elapsed": 522.489564, "delta": 74.260068}}
{"target": -0.4585980302871508, "params": {"bus_acc": 2.8943, "bus_dcc": 1.6109, "bus_lcAssertive": 36.6422, "bus_lcCooperative": 0.7707, "bus_lcLookaheadLeft": 91.404, "bus_lcPushy": 0.3532, "bus_lcSigma": 0.4694, "bus_lcSpeedGainRight": 4.6558, "bus_lcSublane": 0.397, "bus_sigma": 0.5115, "bus_tau_mean": 3.6684, "bus_tau_std": 2.0977, "bus_v_mean": 16.6872, "bus_v_std": 19.4241, "car_acc": 4.669, "car_dcc": 1.3007, "car_lcAssertive": 82.7881, "car_lcCooperative": 0.384, "car_lcLookaheadLeft": 91.4162, "car_lcPushy": 0.309, "car_lcSigma": 0.9277, "car_lcSpeedGainRight": 0.4585, "car_lcSublane": 0.2916, "car_sigma": 0.4942, "car_tau_mean": 0.8732, "car_tau_std": 4.2903, "car_v_mean": 20.5991, "car_v_std": 1.7925}, "datetime": {"datetime": "2024-08-08 12:55:37", "elapsed": 524.692185, "delta": 2.202621}}
{"target": -0.4276723894158907, "params": {"bus_acc": 2.751767699108495, "bus_dcc": 3.3814135213492755, "bus_lcAssertive": 52.23375652211932, "bus_lcCooperative": 0.41359816112910697, "bus_lcLookaheadLeft": 13.509309750303778, "bus_lcPushy": 0.8839110659363493, "bus_lcSigma": 0.2755932144103168, "bus_lcSpeedGainRight": 3.081303616649302, "bus_lcSublane": 0.984579778960706, "bus_sigma": 0.1894180220437538, "bus_tau_mean": 3.87815797127565, "bus_tau_std": 6.5271536842569535, "bus_v_mean": 10.059705673544762, "bus_v_std": 15.438542921460968, "car_acc": 4.807103113028375, "car_dcc": 2.688341649068275, "car_lcAssertive": 69.16696477605666, "car_lcCooperative": 0.0263478788699828, "car_lcLookaheadLeft": 98.9294171797788, "car_lcPushy": 0.3184571198136825, "car_lcSigma": 0.023903779366219347, "car_lcSpeedGainRight": 4.042820752371942, "car_lcSublane": 0.9732525517670682, "car_sigma": 0.7375885099166811, "car_tau_mean": 0.5095753211589013, "car_tau_std": 0.6336051137403531, "car_v_mean": 17.348310483641292, "car_v_std": 6.714302155112062}, "datetime": {"datetime": "2024-08-08 12:55:59", "elapsed": 546.760049, "delta": 22.067864}}
{"target": -0.3608912145781983, "params": {"bus_acc": 2.257, "bus_dcc": 2.9488, "bus_lcAssertive": 10.3921, "bus_lcCooperative": 0.1323, "bus_lcLookaheadLeft": 46.5949, "bus_lcPushy": 0.748, "bus_lcSigma": 0.7075, "bus_lcSpeedGainRight": 3.7367, "bus_lcSublane": 0.1702, "bus_sigma": 0.0849, "bus_tau_mean": 3.8655, "bus_tau_std": 2.7798, "bus_v_mean": 17.5718, "bus_v_std": 2.6066, "car_acc": 3.7227, "car_dcc": 1.0813, "car_lcAssertive": 53.9329, "car_lcCooperative": 0.044, "car_lcLookaheadLeft": 19.8787, "car_lcPushy": 0.7636, "car_lcSigma": 0.073, "car_lcSpeedGainRight": 1.1415, "car_lcSublane": 0.4763, "car_sigma": 0.1117, "car_tau_mean": 3.5801, "car_tau_std": 0.015, "car_v_mean": 22.1849, "car_v_std": 8.7847}, "datetime": {"datetime": "2024-08-08 12:56:38", "elapsed": 585.924134, "delta": 39.164085}}
{"target": -0.47244256188901135, "params": {"bus_acc": 3.2249609359616755, "bus_dcc": 1.409365676982055, "bus_lcAssertive": 6.931851261708954, "bus_lcCooperative": 0.12134345574073735, "bus_lcLookaheadLeft": 6.366084097386649, "bus_lcPushy": 0.1074941291060929, "bus_lcSigma": 0.2257093386078547, "bus_lcSpeedGainRight": 3.564944901913383, "bus_lcSublane": 0.5597169820541424, "bus_sigma": 0.012555980159115854, "bus_tau_mean": 0.7519099789132038, "bus_tau_std": 9.672763300002721, "bus_v_mean": 17.089607390719074, "bus_v_std": 4.06586469321981, "car_acc": 2.0093029782812937, "car_dcc": 3.2314775622252787, "car_lcAssertive": 20.34751862982256, "car_lcCooperative": 0.5813589272732578, "car_lcLookaheadLeft": 97.06195893065461, "car_lcPushy": 0.8468288014900353, "car_lcSigma": 0.23984775914758616, "car_lcSpeedGainRight": 2.4688485713436497, "car_lcSublane": 0.6199557183813798, "car_sigma": 0.8289808995501787, "car_tau_mean": 1.048769881261295, "car_tau_std": 0.18576202177409518, "car_v_mean": 9.120354299507557, "car_v_std": 9.726902218740637}, "datetime": {"datetime": "2024-08-08 12:56:40", "elapsed": 587.685944, "delta": 1.76181}}
{"target": -0.3583924001764457, "params": {"bus_acc": 4.2351, "bus_dcc": 2.3397, "bus_lcAssertive": 70.0307, "bus_lcCooperative": 0.0443, "bus_lcLookaheadLeft": 54.7748, "bus_lcPushy": 0.7003, "bus_lcSigma": 0.5234, "bus_lcSpeedGainRight": 1.6715, "bus_lcSublane": 0.8033, "bus_sigma": 0.1484, "bus_tau_mean": 2.0883, "bus_tau_std": 9.3128, "bus_v_mean": 12.2039, "bus_v_std": 2.5531, "car_acc": 4.9508, "car_dcc": 3.7835, "car_lcAssertive": 55.3798, "car_lcCooperative": 0.4972, "car_lcLookaheadLeft": 60.59, "car_lcPushy": 0.4079, "car_lcSigma": 0.1289, "car_lcSpeedGainRight": 3.1618, "car_lcSublane": 0.3694, "car_sigma": 0.182, "car_tau_mean": 0.8015, "car_tau_std": 8.3235, "car_v_mean": 16.9454, "car_v_std": 3.0003}, "datetime": {"datetime": "2024-08-08 12:56:40", "elapsed": 588.123946, "delta": 0.438002}}
{"target": -0.399399658442424, "params": {"bus_acc": 3.4759, "bus_dcc": 3.3912, "bus_lcAssertive": 37.3832, "bus_lcCooperative": 0.9425, "bus_lcLookaheadLeft": 92.8441, "bus_lcPushy": 0.0313, "bus_lcSigma": 0.9478, "bus_lcSpeedGainRight": 2.6531, "bus_lcSublane": 0.3794, "bus_sigma": 0.1006, "bus_tau_mean": 1.2279, "bus_tau_std": 7.8888, "bus_v_mean": 22.065, "bus_v_std": 16.8981, "car_acc": 4.5109, "car_dcc": 2.2022, "car_lcAssertive": 84.7285, "car_lcCooperative": 0.2209, "car_lcLookaheadLeft": 97.7706, "car_lcPushy": 0.7353, "car_lcSigma": 0.4315, "car_lcSpeedGainRight": 0.0496, "car_lcSublane": 0.5809, "car_sigma": 0.7321, "car_tau_mean": 3.3898, "car_tau_std": 6.4428, "car_v_mean": 22.5487, "car_v_std": 0.3164}, "datetime": {"datetime": "2024-08-08 12:56:43", "elapsed": 591.454066, "delta": 3.33012}}
{"target": -0.3671016768088725, "params": {"bus_acc": 4.9179, "bus_dcc": 2.8173, "bus_lcAssertive": 25.2707, "bus_lcCooperative": 0.4285, "bus_lcLookaheadLeft": 84.1544, "bus_lcPushy": 0.3794, "bus_lcSigma": 0.4492, "bus_lcSpeedGainRight": 1.9722, "bus_lcSublane": 0.2676, "bus_sigma": 0.6708, "bus_tau_mean": 3.2593, "bus_tau_std": 3.0196, "bus_v_mean": 18.7186, "bus_v_std": 2.0891, "car_acc": 2.326, "car_dcc": 2.8121, "car_lcAssertive": 33.6437, "car_lcCooperative": 0.3782, "car_lcLookaheadLeft": 59.9982, "car_lcPushy": 0.7008, "car_lcSigma": 0.2609, "car_lcSpeedGainRight": 1.5542, "car_lcSublane": 0.9099, "car_sigma": 0.1406, "car_tau_mean": 1.5208, "car_tau_std": 8.8362, "car_v_mean": 21.0366, "car_v_std": 5.6642}, "datetime": {"datetime": "2024-08-08 12:56:53", "elapsed": 601.228069, "delta": 9.774003}}
{"target": -0.41138412757748904, "params": {"bus_acc": 4.7318, "bus_dcc": 3.1345, "bus_lcAssertive": 26.3522, "bus_lcCooperative": 0.8405, "bus_lcLookaheadLeft": 89.6991, "bus_lcPushy": 0.5321, "bus_lcSigma": 0.3882, "bus_lcSpeedGainRight": 1.9282, "bus_lcSublane": 0.4019, "bus_sigma": 0.9428, "bus_tau_mean": 3.0069, "bus_tau_std": 9.4518, "bus_v_mean": 20.0923, "bus_v_std": 17.0712, "car_acc": 3.1764, "car_dcc": 2.5617, "car_lcAssertive": 92.047, "car_lcCooperative": 0.8084, "car_lcLookaheadLeft": 95.4139, "car_lcPushy": 0.7689, "car_lcSigma": 0.6753, "car_lcSpeedGainRight": 2.2175, "car_lcSublane": 0.5985, "car_sigma": 0.4461, "car_tau_mean": 3.9894, "car_tau_std": 5.9433, "car_v_mean": 21.4532, "car_v_std": 1.0477}, "datetime": {"datetime": "2024-08-08 12:56:59", "elapsed": 606.594912, "delta": 5.366843}}
{"target": -0.3962028798338536, "params": {"bus_acc": 2.327, "bus_dcc": 3.57, "bus_lcAssertive": 24.5799, "bus_lcCooperative": 0.7906, "bus_lcLookaheadLeft": 89.6418, "bus_lcPushy": 0.3214, "bus_lcSigma": 0.6694, "bus_lcSpeedGainRight": 0.5432, "bus_lcSublane": 0.8081, "bus_sigma": 0.376, "bus_tau_mean": 1.9011, "bus_tau_std": 4.3858, "bus_v_mean": 9.3991, "bus_v_std": 13.9508, "car_acc": 3.0639, "car_dcc": 3.5222, "car_lcAssertive": 76.7079, "car_lcCooperative": 0.4868, "car_lcLookaheadLeft": 96.1655, "car_lcPushy": 0.4333, "car_lcSigma": 0.2295, "car_lcSpeedGainRight": 0.6941, "car_lcSublane": 0.6316, "car_sigma": 0.0502, "car_tau_mean": 0.6958, "car_tau_std": 3.7131, "car_v_mean": 18.2688, "car_v_std": 1.9924}, "datetime": {"datetime": "2024-08-08 12:57:42", "elapsed": 650.475884, "delta": 43.880972}}
