{"target": -0.1042654411521632, "params": {"bus_acc": 1.5, "bus_dcc": 1.8, "bus_lcAssertive": 55.5, "bus_lcCooperative": 0.1, "bus_lcLookaheadLeft": 53.5, "bus_lcPushy": 0.3, "bus_lcSublane": 0.1, "bus_max_v": 18.1, "bus_tau_mean": 1.2, "bus_tau_std": 4.5, "car_acc": 1.8, "car_dcc": 4.6, "car_lcAssertive": 52.2, "car_lcCooperative": 0.5, "car_lcLookaheadLeft": 71.5, "car_lcPushy": 0.0, "car_lcSublane": 0.0, "car_max_v": 24.1, "car_tau_mean": 2.4, "car_tau_std": 0.4}, "datetime": {"datetime": "2024-08-03 11:02:49", "elapsed": 105.417353, "delta": 2.565964}}
{"target": -0.10725564529200461, "params": {"bus_acc": 1.0, "bus_dcc": 1.0, "bus_lcAssertive": 22.5, "bus_lcCooperative": 0.2, "bus_lcLookaheadLeft": 91.8, "bus_lcPushy": 0.9, "bus_lcSublane": 0.5, "bus_max_v": 23.0, "bus_tau_mean": 2.9, "bus_tau_std": 13.7, "car_acc": 2.1, "car_dcc": 2.4, "car_lcAssertive": 73.8, "car_lcCooperative": 0.6, "car_lcLookaheadLeft": 11.8, "car_lcPushy": 0.0, "car_lcSublane": 0.8, "car_max_v": 30.7, "car_tau_mean": 2.5, "car_tau_std": 0.9}, "datetime": {"datetime": "2024-08-03 11:02:54", "elapsed": 109.954604, "delta": 4.537251}}
{"target": -0.07396940397769589, "params": {"bus_acc": 1.9, "bus_dcc": 1.3, "bus_lcAssertive": 75.2, "bus_lcCooperative": 1.0, "bus_lcLookaheadLeft": 85.7, "bus_lcPushy": 0.2, "bus_lcSublane": 0.8, "bus_max_v": 15.2, "bus_tau_mean": 1.9, "bus_tau_std": 8.3, "car_acc": 1.6, "car_dcc": 4.4, "car_lcAssertive": 95.1, "car_lcCooperative": 0.0, "car_lcLookaheadLeft": 9.7, "car_lcPushy": 0.1, "car_lcSublane": 0.0, "car_max_v": 24.2, "car_tau_mean": 0.9, "car_tau_std": 12.2}, "datetime": {"datetime": "2024-08-03 11:02:55", "elapsed": 110.891127, "delta": 0.936523}}
{"target": -0.104337119324575, "params": {"bus_acc": 1.1, "bus_dcc": 2.1, "bus_lcAssertive": 47.1, "bus_lcCooperative": 0.9, "bus_lcLookaheadLeft": 8.6, "bus_lcPushy": 0.7, "bus_lcSublane": 0.4, "bus_max_v": 21.8, "bus_tau_mean": 2.1, "bus_tau_std": 0.1, "car_acc": 1.5, "car_dcc": 1.7, "car_lcAssertive": 40.6, "car_lcCooperative": 0.6, "car_lcLookaheadLeft": 96.3, "car_lcPushy": 0.7, "car_lcSublane": 0.2, "car_max_v": 15.1, "car_tau_mean": 2.9, "car_tau_std": 10.8}, "datetime": {"datetime": "2024-08-03 11:02:59", "elapsed": 114.793515, "delta": 3.902388}}
{"target": -0.10007687898555773, "params": {"bus_acc": 1.8, "bus_dcc": 3.3, "bus_lcAssertive": 69.2, "bus_lcCooperative": 0.1, "bus_lcLookaheadLeft": 34.7, "bus_lcPushy": 0.4, "bus_lcSublane": 0.6, "bus_max_v": 21.3, "bus_tau_mean": 1.5, "bus_tau_std": 15.0, "car_acc": 1.7, "car_dcc": 3.3, "car_lcAssertive": 50.5, "car_lcCooperative": 0.0, "car_lcLookaheadLeft": 26.0, "car_lcPushy": 0.8, "car_lcSublane": 0.3, "car_max_v": 19.4, "car_tau_mean": 1.8, "car_tau_std": 12.4}, "datetime": {"datetime": "2024-08-03 11:02:59", "elapsed": 115.496075, "delta": 0.70256}}
{"target": -0.07309081609662267, "params": {"bus_acc": 1.5, "bus_dcc": 2.9, "bus_lcAssertive": 46.7, "bus_lcCooperative": 0.5, "bus_lcLookaheadLeft": 8.7, "bus_lcPushy": 0.6, "bus_lcSublane": 0.9, "bus_max_v": 19.8, "bus_tau_mean": 2.2, "bus_tau_std": 4.0, "car_acc": 2.7, "car_dcc": 1.5, "car_lcAssertive": 50.4, "car_lcCooperative": 0.9, "car_lcLookaheadLeft": 44.8, "car_lcPushy": 0.2, "car_lcSublane": 0.4, "car_max_v": 15.5, "car_tau_mean": 1.4, "car_tau_std": 9.3}, "datetime": {"datetime": "2024-08-03 11:03:02", "elapsed": 118.13735, "delta": 2.641275}}
{"target": -0.11019414303895858, "params": {"bus_acc": 1.2, "bus_dcc": 2.5, "bus_lcAssertive": 79.2, "bus_lcCooperative": 0.6, "bus_lcLookaheadLeft": 76.6, "bus_lcPushy": 0.3, "bus_lcSublane": 0.7, "bus_max_v": 14.7, "bus_tau_mean": 1.6, "bus_tau_std": 7.6, "car_acc": 1.5, "car_dcc": 3.5, "car_lcAssertive": 19.2, "car_lcCooperative": 0.4, "car_lcLookaheadLeft": 21.0, "car_lcPushy": 0.3, "car_lcSublane": 0.0, "car_max_v": 11.8, "car_tau_mean": 2.8, "car_tau_std": 8.8}, "datetime": {"datetime": "2024-08-03 11:03:04", "elapsed": 119.987788, "delta": 1.850438}}
{"target": -0.17315447682969312, "params": {"bus_acc": 1.5, "bus_dcc": 2.8, "bus_lcAssertive": 83.7, "bus_lcCooperative": 0.6, "bus_lcLookaheadLeft": 16.7, "bus_lcPushy": 0.6, "bus_lcSublane": 0.6, "bus_max_v": 22.6, "bus_tau_mean": 1.6, "bus_tau_std": 7.7, "car_acc": 2.1, "car_dcc": 3.0, "car_lcAssertive": 1.5, "car_lcCooperative": 0.9, "car_lcLookaheadLeft": 40.0, "car_lcPushy": 0.5, "car_lcSublane": 0.4, "car_max_v": 19.5, "car_tau_mean": 2.0, "car_tau_std": 13.2}, "datetime": {"datetime": "2024-08-03 11:03:05", "elapsed": 121.075028, "delta": 1.08724}}
{"target": -0.06167101567684588, "params": {"bus_acc": 1.6, "bus_dcc": 3.7, "bus_lcAssertive": 60.6, "bus_lcCooperative": 0.9, "bus_lcLookaheadLeft": 36.4, "bus_lcPushy": 0.4, "bus_lcSublane": 0.4, "bus_max_v": 17.7, "bus_tau_mean": 2.3, "bus_tau_std": 9.4, "car_acc": 1.5, "car_dcc": 3.7, "car_lcAssertive": 44.0, "car_lcCooperative": 0.2, "car_lcLookaheadLeft": 73.5, "car_lcPushy": 0.1, "car_lcSublane": 0.5, "car_max_v": 32.1, "car_tau_mean": 0.6, "car_tau_std": 8.0}, "datetime": {"datetime": "2024-08-03 11:03:07", "elapsed": 123.028928, "delta": 1.9539}}
{"target": -0.06112948892202683, "params": {"bus_acc": 1.5, "bus_dcc": 2.3, "bus_lcAssertive": 34.8, "bus_lcCooperative": 0.2, "bus_lcLookaheadLeft": 6.4, "bus_lcPushy": 0.3, "bus_lcSublane": 0.9, "bus_max_v": 11.8, "bus_tau_mean": 1.8, "bus_tau_std": 13.2, "car_acc": 2.8, "car_dcc": 2.0, "car_lcAssertive": 46.6, "car_lcCooperative": 0.1, "car_lcLookaheadLeft": 34.1, "car_lcPushy": 0.5, "car_lcSublane": 0.6, "car_max_v": 24.6, "car_tau_mean": 0.6, "car_tau_std": 12.1}, "datetime": {"datetime": "2024-08-03 11:03:09", "elapsed": 125.155783, "delta": 2.126855}}
{"target": -0.07646536505976685, "params": {"bus_acc": 1.6, "bus_dcc": 1.2, "bus_lcAssertive": 56.9, "bus_lcCooperative": 0.7, "bus_lcLookaheadLeft": 89.9, "bus_lcPushy": 0.6, "bus_lcSublane": 0.1, "bus_max_v": 13.8, "bus_tau_mean": 0.8, "bus_tau_std": 0.2, "car_acc": 1.3, "car_dcc": 1.7, "car_lcAssertive": 3.0, "car_lcCooperative": 0.4, "car_lcLookaheadLeft": 96.7, "car_lcPushy": 0.8, "car_lcSublane": 0.8, "car_max_v": 23.6, "car_tau_mean": 1.0, "car_tau_std": 13.2}, "datetime": {"datetime": "2024-08-03 11:03:12", "elapsed": 128.597443, "delta": 3.44166}}
{"target": -0.08358948718379224, "params": {"bus_acc": 1.4, "bus_dcc": 2.3, "bus_lcAssertive": 84.8, "bus_lcCooperative": 0.9, "bus_lcLookaheadLeft": 27.0, "bus_lcPushy": 0.9, "bus_lcSublane": 0.1, "bus_max_v": 13.5, "bus_tau_mean": 2.1, "bus_tau_std": 1.5, "car_acc": 1.0, "car_dcc": 4.8, "car_lcAssertive": 35.8, "car_lcCooperative": 0.5, "car_lcLookaheadLeft": 19.4, "car_lcPushy": 0.6, "car_lcSublane": 0.9, "car_max_v": 12.7, "car_tau_mean": 1.4, "car_tau_std": 5.0}, "datetime": {"datetime": "2024-08-03 11:03:17", "elapsed": 132.912249, "delta": 4.314806}}
{"target": -0.07639183738008215, "params": {"bus_acc": 1.9, "bus_dcc": 1.7, "bus_lcAssertive": 42.1, "bus_lcCooperative": 0.9, "bus_lcLookaheadLeft": 79.6, "bus_lcPushy": 0.9, "bus_lcSublane": 0.6, "bus_max_v": 15.5, "bus_tau_mean": 2.5, "bus_tau_std": 14.5, "car_acc": 1.3, "car_dcc": 4.7, "car_lcAssertive": 26.3, "car_lcCooperative": 0.5, "car_lcLookaheadLeft": 3.7, "car_lcPushy": 0.4, "car_lcSublane": 0.6, "car_max_v": 27.4, "car_tau_mean": 1.1, "car_tau_std": 12.1}, "datetime": {"datetime": "2024-08-03 11:03:19", "elapsed": 135.008864, "delta": 2.096615}}
{"target": -0.07148017306927079, "params": {"bus_acc": 1.8, "bus_dcc": 1.2, "bus_lcAssertive": 62.0, "bus_lcCooperative": 0.5, "bus_lcLookaheadLeft": 39.7, "bus_lcPushy": 0.6, "bus_lcSublane": 0.6, "bus_max_v": 20.8, "bus_tau_mean": 1.9, "bus_tau_std": 10.6, "car_acc": 1.3, "car_dcc": 2.2, "car_lcAssertive": 57.3, "car_lcCooperative": 0.9, "car_lcLookaheadLeft": 93.0, "car_lcPushy": 0.2, "car_lcSublane": 0.0, "car_max_v": 24.7, "car_tau_mean": 1.4, "car_tau_std": 1.4}, "datetime": {"datetime": "2024-08-03 11:03:21", "elapsed": 137.404035, "delta": 2.395171}}
{"target": -0.15108801795337898, "params": {"bus_acc": 1.2, "bus_dcc": 1.0, "bus_lcAssertive": 79.1, "bus_lcCooperative": 0.6, "bus_lcLookaheadLeft": 27.2, "bus_lcPushy": 0.7, "bus_lcSublane": 0.8, "bus_max_v": 11.6, "bus_tau_mean": 2.9, "bus_tau_std": 7.3, "car_acc": 1.5, "car_dcc": 1.7, "car_lcAssertive": 63.5, "car_lcCooperative": 0.6, "car_lcLookaheadLeft": 63.3, "car_lcPushy": 0.4, "car_lcSublane": 0.1, "car_max_v": 10.6, "car_tau_mean": 2.9, "car_tau_std": 0.8}, "datetime": {"datetime": "2024-08-03 11:03:22", "elapsed": 138.662806, "delta": 1.258771}}
