{"target": -0.35015311113530057, "params": {"bus_acc": 1.7877562755403011, "bus_dcc": 1.1842364621744932, "bus_lcAssertive": 36.9796584095935, "bus_lcCooperative": 0.3530436858449395, "bus_lcLookaheadLeft": 86.83119978062787, "bus_lcPushy": 0.8887000495302622, "bus_lcSigma": 0.9630520868624081, "bus_lcSpeedGainRight": 1.6409962380731713, "bus_lcSublane": 0.6933201557909643, "bus_sigma": 0.6330662678957141, "bus_tau_mean": 1.3485531095648187, "bus_tau_std": 8.699876263426784, "bus_v_mean": 11.425630652314078, "bus_v_std": 14.954280053015603, "car_acc": 1.289327871028458, "car_dcc": 1.3204589687188348, "car_lcAssertive": 72.31189880223089, "car_lcCooperative": 0.5263181160447106, "car_lcLookaheadLeft": 45.405751470953, "car_lcPushy": 0.7781805677545706, "car_lcSigma": 0.3587433527982574, "car_lcSpeedGainRight": 4.266747992569533, "car_lcSublane": 0.9621724971568286, "car_sigma": 0.97912549357449, "car_tau_mean": 1.4716980079809006, "car_tau_std": 4.15007036384795, "car_v_mean": 19.600158149077682, "car_v_std": 17.89731868025909}, "datetime": {"datetime": "2024-08-08 00:10:09", "elapsed": 428.480371, "delta": 0.421229}}
{"target": -0.346736094243177, "params": {"bus_acc": 1.4702726904671364, "bus_dcc": 2.5159175665440454, "bus_lcAssertive": 36.88933687805735, "bus_lcCooperative": 0.8086200438431687, "bus_lcLookaheadLeft": 43.09488255809043, "bus_lcPushy": 0.9411625571261576, "bus_lcSigma": 0.18245652434354098, "bus_lcSpeedGainRight": 2.4139373907884325, "bus_lcSublane": 0.8942473715874777, "bus_sigma": 0.06573604136793065, "bus_tau_mean": 1.4773108215130177, "bus_tau_std": 2.0277292541438428, "bus_v_mean": 23.757004148579604, "bus_v_std": 9.369075129362422, "car_acc": 2.776342296065482, "car_dcc": 3.561776227825572, "car_lcAssertive": 11.292889740891985, "car_lcCooperative": 0.3499435627110252, "car_lcLookaheadLeft": 50.67616056237039, "car_lcPushy": 0.878895044167669, "car_lcSigma": 0.9818540680087512, "car_lcSpeedGainRight": 1.6847446465858447, "car_lcSublane": 0.7819485950343507, "car_sigma": 0.8587173362075939, "car_tau_mean": 1.4843725198390922, "car_tau_std": 1.9892743537769708, "car_v_mean": 18.345818866560016, "car_v_std": 11.282786660804776}, "datetime": {"datetime": "2024-08-08 00:10:09", "elapsed": 428.834749, "delta": 0.354378}}
{"target": -0.3376215155600694, "params": {"bus_acc": 2.3861886890027595, "bus_dcc": 3.0056521720686717, "bus_lcAssertive": 86.93319776116047, "bus_lcCooperative": 0.19637204002350095, "bus_lcLookaheadLeft": 71.85367769432912, "bus_lcPushy": 0.10390110825528731, "bus_lcSigma": 0.05662635679400785, "bus_lcSpeedGainRight": 3.403980171289345, "bus_lcSublane": 0.02263471413364293, "bus_sigma": 0.04429908880212374, "bus_tau_mean": 0.629335579706676, "bus_tau_std": 4.654105087333362, "bus_v_mean": 20.12591110791474, "bus_v_std": 19.84398447379875, "car_acc": 1.4532153931081246, "car_dcc": 3.377140675811582, "car_lcAssertive": 79.72934055378927, "car_lcCooperative": 0.8722427093421683, "car_lcLookaheadLeft": 32.79708704894803, "car_lcPushy": 0.13292505513721076, "car_lcSigma": 0.7967015799841431, "car_lcSpeedGainRight": 2.837316688339531, "car_lcSublane": 0.414653926800871, "car_sigma": 0.0586416771859708, "car_tau_mean": 0.5229490638507701, "car_tau_std": 3.1602346330458397, "car_v_mean": 12.343340565326102, "car_v_std": 9.514472546207388}, "datetime": {"datetime": "2024-08-08 00:10:10", "elapsed": 429.232527, "delta": 0.397778}}
{"target": -0.3632052135480551, "params": {"bus_acc": 1.4282938495614825, "bus_dcc": 2.3186173064661735, "bus_lcAssertive": 17.67922019299827, "bus_lcCooperative": 0.5290872104552504, "bus_lcLookaheadLeft": 79.76149806836928, "bus_lcPushy": 0.03587914896601674, "bus_lcSigma": 0.19135887753572, "bus_lcSpeedGainRight": 4.887277821965081, "bus_lcSublane": 0.9607973060206447, "bus_sigma": 0.5565916591021018, "bus_tau_mean": 2.761317525235787, "bus_tau_std": 2.720930142932744, "bus_v_mean": 23.233457371405436, "bus_v_std": 13.3954961265448, "car_acc": 2.333615990277523, "car_dcc": 1.0333100001097686, "car_lcAssertive": 85.44401513511959, "car_lcCooperative": 0.7783262186802019, "car_lcLookaheadLeft": 69.12255169667107, "car_lcPushy": 0.740781813019585, "car_lcSigma": 0.15657242459837717, "car_lcSpeedGainRight": 3.5938752642432497, "car_lcSublane": 0.09681841069321007, "car_sigma": 0.7069494480386341, "car_tau_mean": 0.5092112864392613, "car_tau_std": 7.762057874603809, "car_v_mean": 15.86491495650463, "car_v_std": 4.087737325957297}, "datetime": {"datetime": "2024-08-08 00:10:10", "elapsed": 429.663063, "delta": 0.430536}}
{"target": -0.3529299733034441, "params": {"bus_acc": 2.876057086312705, "bus_dcc": 1.5561415739434068, "bus_lcAssertive": 93.38242051949933, "bus_lcCooperative": 0.9357532076921331, "bus_lcLookaheadLeft": 29.787362333158143, "bus_lcPushy": 0.27463424842386297, "bus_lcSigma": 0.5514315736733725, "bus_lcSpeedGainRight": 0.9264461968427617, "bus_lcSublane": 0.4421011106267658, "bus_sigma": 0.1853176459376844, "bus_tau_mean": 3.8158157128388575, "bus_tau_std": 4.938246574910856, "bus_v_mean": 23.422684278783965, "bus_v_std": 12.898833450244236, "car_acc": 1.9686315460647712, "car_dcc": 3.9030857378835924, "car_lcAssertive": 15.175788389167522, "car_lcCooperative": 0.6323298746664966, "car_lcLookaheadLeft": 66.86506004800617, "car_lcPushy": 0.43383982715272595, "car_lcSigma": 0.05935722533895749, "car_lcSpeedGainRight": 2.463613005830166, "car_lcSublane": 0.46513394351807746, "car_sigma": 0.8067468107748635, "car_tau_mean": 1.398313464835417, "car_tau_std": 3.914303629842686, "car_v_mean": 11.842755315542036, "car_v_std": 13.728868303447282}, "datetime": {"datetime": "2024-08-08 00:10:10", "elapsed": 430.034046, "delta": 0.370983}}
{"target": -0.3676433658370949, "params": {"bus_acc": 2.453191089903404, "bus_dcc": 2.7477065720868796, "bus_lcAssertive": 18.762371724982845, "bus_lcCooperative": 0.7340835951719715, "bus_lcLookaheadLeft": 60.35351331614995, "bus_lcPushy": 0.5461849318795767, "bus_lcSigma": 0.7271232606822634, "bus_lcSpeedGainRight": 1.5697346295557617, "bus_lcSublane": 0.0706075013953893, "bus_sigma": 0.08821398358808574, "bus_tau_mean": 1.6470457854727156, "bus_tau_std": 2.3168242173772335, "bus_v_mean": 19.971474783815214, "bus_v_std": 12.152777371261417, "car_acc": 1.190862674987122, "car_dcc": 3.159560025266673, "car_lcAssertive": 91.693683655633, "car_lcCooperative": 0.8243801957689545, "car_lcLookaheadLeft": 67.98428732063383, "car_lcPushy": 0.7766406579132118, "car_lcSigma": 0.15012411986947383, "car_lcSpeedGainRight": 0.327562887203629, "car_lcSublane": 0.7479799802018421, "car_sigma": 0.9847820247554123, "car_tau_mean": 1.3408508503663574, "car_tau_std": 5.619359552062745, "car_v_mean": 9.293212420842332, "car_v_std": 11.22373289650038}, "datetime": {"datetime": "2024-08-08 00:10:13", "elapsed": 433.088466, "delta": 3.05442}}
{"target": -0.3835062451598132, "params": {"bus_acc": 1.689473305366587, "bus_dcc": 3.8203224470001014, "bus_lcAssertive": 58.61940381476092, "bus_lcCooperative": 0.8788319844118441, "bus_lcLookaheadLeft": 84.78397564843775, "bus_lcPushy": 0.9053923187086492, "bus_lcSigma": 0.45988026581680697, "bus_lcSpeedGainRight": 2.7317340801018664, "bus_lcSublane": 0.7986035911520394, "bus_sigma": 0.28571885173414757, "bus_tau_mean": 2.215887329169747, "bus_tau_std": 5.991103076458783, "bus_v_mean": 8.248532408813372, "bus_v_std": 11.869628163932743, "car_acc": 1.8673526979789166, "car_dcc": 3.4220815866545244, "car_lcAssertive": 32.20923550644192, "car_lcCooperative": 0.8928887085251513, "car_lcLookaheadLeft": 58.63000709788448, "car_lcPushy": 0.18401020162746506, "car_lcSigma": 0.7879292338255043, "car_lcSpeedGainRight": 3.0601558852246695, "car_lcSublane": 0.053909272073752956, "car_sigma": 0.4201936800011322, "car_tau_mean": 2.8767409279790037, "car_tau_std": 9.18601777977526, "car_v_mean": 8.006432398261719, "car_v_std": 19.535182980621194}, "datetime": {"datetime": "2024-08-08 00:10:14", "elapsed": 433.482463, "delta": 0.393997}}
{"target": -0.3652415493855182, "params": {"bus_acc": 1.8361236229944597, "bus_dcc": 3.0422845560674157, "bus_lcAssertive": 99.3823908464795, "bus_lcCooperative": 0.5484378308305802, "bus_lcLookaheadLeft": 79.8041636238108, "bus_lcPushy": 0.33057817235389897, "bus_lcSigma": 0.5115610387290143, "bus_lcSpeedGainRight": 4.17512500183221, "bus_lcSublane": 0.9704579902597702, "bus_sigma": 0.17847200605539437, "bus_tau_mean": 3.479576559411372, "bus_tau_std": 9.883969710026502, "bus_v_mean": 15.207392254742444, "bus_v_std": 6.159202878806081, "car_acc": 2.824919209196546, "car_dcc": 1.6595716905970135, "car_lcAssertive": 98.8381070581512, "car_lcCooperative": 0.4015416103070082, "car_lcLookaheadLeft": 11.038895514803034, "car_lcPushy": 0.13677487684426592, "car_lcSigma": 0.47707232794846655, "car_lcSpeedGainRight": 0.30473886929447747, "car_lcSublane": 0.251885434908355, "car_sigma": 0.7950022597540991, "car_tau_mean": 3.248661740497255, "car_tau_std": 8.108198336998862, "car_v_mean": 8.740204984930989, "car_v_std": 15.32897999949386}, "datetime": {"datetime": "2024-08-08 00:10:16", "elapsed": 435.985792, "delta": 2.503329}}
{"target": -0.40198457410953947, "params": {"bus_acc": 2.9957685564498044, "bus_dcc": 2.301069218214931, "bus_lcAssertive": 30.18638916805104, "bus_lcCooperative": 0.04157423394916726, "bus_lcLookaheadLeft": 98.99128147110069, "bus_lcPushy": 0.4648876309118224, "bus_lcSigma": 0.7345850140503707, "bus_lcSpeedGainRight": 3.2040381202293733, "bus_lcSublane": 0.7230933996660097, "bus_sigma": 0.05111090382611627, "bus_tau_mean": 3.720158918933998, "bus_tau_std": 9.268412179022414, "bus_v_mean": 16.831920434467154, "bus_v_std": 19.278317773691022, "car_acc": 1.561911073980735, "car_dcc": 2.8064398814096356, "car_lcAssertive": 40.24980631520977, "car_lcCooperative": 0.6280232317552282, "car_lcLookaheadLeft": 31.461964275327315, "car_lcPushy": 0.8193583846560202, "car_lcSigma": 0.06978597850420853, "car_lcSpeedGainRight": 0.2093878514999814, "car_lcSublane": 0.049396384633314305, "car_sigma": 0.15045502836766345, "car_tau_mean": 1.8837266582814163, "car_tau_std": 9.553899892571746, "car_v_mean": 9.772727035135299, "car_v_std": 12.951059716328544}, "datetime": {"datetime": "2024-08-08 00:10:19", "elapsed": 438.260035, "delta": 2.274243}}
{"target": -0.36761847922751534, "params": {"bus_acc": 1.4273864752591623, "bus_dcc": 3.3018535252652996, "bus_lcAssertive": 31.55555281543446, "bus_lcCooperative": 0.7332450677264275, "bus_lcLookaheadLeft": 74.95836900161774, "bus_lcPushy": 0.22139670090820107, "bus_lcSigma": 0.21411213682064845, "bus_lcSpeedGainRight": 0.9947396171353334, "bus_lcSublane": 0.14251833776584466, "bus_sigma": 0.3770825992073341, "bus_tau_mean": 0.5931975964206752, "bus_tau_std": 1.1092036903424063, "bus_v_mean": 18.79302438021457, "bus_v_std": 15.995530737947725, "car_acc": 1.1610590542567718, "car_dcc": 1.6951069314573761, "car_lcAssertive": 21.554940518577624, "car_lcCooperative": 0.9173335630816306, "car_lcLookaheadLeft": 71.7088227773757, "car_lcPushy": 0.5538846110514143, "car_lcSigma": 0.30451798792062024, "car_lcSpeedGainRight": 4.174270238158993, "car_lcSublane": 0.43530595762951996, "car_sigma": 0.9234562151187752, "car_tau_mean": 2.971181315175766, "car_tau_std": 4.780313079652833, "car_v_mean": 10.01936165998974, "car_v_std": 19.520871009354952}, "datetime": {"datetime": "2024-08-08 00:10:19", "elapsed": 438.711634, "delta": 0.451599}}
{"target": -0.37282508914865636, "params": {"bus_acc": 1.027903145951194, "bus_dcc": 1.7030862583642614, "bus_lcAssertive": 62.0610573431641, "bus_lcCooperative": 0.9490163206876164, "bus_lcLookaheadLeft": 95.11725968621381, "bus_lcPushy": 0.5566531881951564, "bus_lcSigma": 0.9156063497662745, "bus_lcSpeedGainRight": 3.207831044731688, "bus_lcSublane": 0.39000771414124624, "bus_sigma": 0.48599066709690975, "bus_tau_mean": 2.6150866902199064, "bus_tau_std": 5.495479215085625, "bus_v_mean": 22.81890282730326, "bus_v_std": 18.374668712672122, "car_acc": 1.7897512258471098, "car_dcc": 3.8897875853221353, "car_lcAssertive": 18.22161100136597, "car_lcCooperative": 0.12632951943963733, "car_lcLookaheadLeft": 15.23775748857967, "car_lcPushy": 0.5056621656768967, "car_lcSigma": 0.021524805274197978, "car_lcSpeedGainRight": 4.739851056088405, "car_lcSublane": 0.8271154711707325, "car_sigma": 0.015018980742122379, "car_tau_mean": 1.1166868945126933, "car_tau_std": 3.3206357436683698, "car_v_mean": 10.09594951697467, "car_v_std": 16.189813842531642}, "datetime": {"datetime": "2024-08-08 00:10:22", "elapsed": 441.363639, "delta": 2.652005}}
{"target": -0.36831953154379277, "params": {"bus_acc": 2.110218373666937, "bus_dcc": 1.6820054396539805, "bus_lcAssertive": 37.20393338140477, "bus_lcCooperative": 0.16996311765691652, "bus_lcLookaheadLeft": 67.0987127586887, "bus_lcPushy": 0.08166718150004504, "bus_lcSigma": 0.3432886894878433, "bus_lcSpeedGainRight": 2.6551265887181366, "bus_lcSublane": 0.5495300822173746, "bus_sigma": 0.367654358738842, "bus_tau_mean": 2.7531321389896872, "bus_tau_std": 1.6444807997265332, "bus_v_mean": 19.588754640375186, "bus_v_std": 18.504993117946928, "car_acc": 2.9796518752096226, "car_dcc": 3.6354476727678238, "car_lcAssertive": 26.83096730325874, "car_lcCooperative": 0.03809333265392023, "car_lcLookaheadLeft": 97.45452497432542, "car_lcPushy": 0.5571198921236816, "car_lcSigma": 0.5397099791937598, "car_lcSpeedGainRight": 0.7323056651557541, "car_lcSublane": 0.9124921775393321, "car_sigma": 0.9576095883373343, "car_tau_mean": 3.5087046327540334, "car_tau_std": 6.927604650610965, "car_v_mean": 14.174421578298817, "car_v_std": 18.53455763983358}, "datetime": {"datetime": "2024-08-08 00:10:22", "elapsed": 441.868442, "delta": 0.504803}}
{"target": -0.3851612945283436, "params": {"bus_acc": 1.4962229281203496, "bus_dcc": 3.5368448866934363, "bus_lcAssertive": 98.68106705184017, "bus_lcCooperative": 0.06657080313237929, "bus_lcLookaheadLeft": 71.9649471621622, "bus_lcPushy": 0.3301155521990743, "bus_lcSigma": 0.6254353783114329, "bus_lcSpeedGainRight": 1.290648246409355, "bus_lcSublane": 0.6510076093084951, "bus_sigma": 0.37114718446272954, "bus_tau_mean": 1.5318730783793728, "bus_tau_std": 9.117631736977987, "bus_v_mean": 23.07998198761932, "bus_v_std": 12.27100053120271, "car_acc": 1.4289355616613852, "car_dcc": 3.818256612718478, "car_lcAssertive": 75.29490112560909, "car_lcCooperative": 0.7510898073228061, "car_lcLookaheadLeft": 22.748690815151647, "car_lcPushy": 0.8301565261622993, "car_lcSigma": 0.24009515416121008, "car_lcSpeedGainRight": 3.158103726250801, "car_lcSublane": 0.7107395698995863, "car_sigma": 0.7423834297071017, "car_tau_mean": 1.8659264660985333, "car_tau_std": 7.598253967160974, "car_v_mean": 22.44697443394736, "car_v_std": 11.748400384751537}, "datetime": {"datetime": "2024-08-08 00:10:23", "elapsed": 442.334458, "delta": 0.466016}}
{"target": -0.35100184032540316, "params": {"bus_acc": 1.4381041044431082, "bus_dcc": 2.555518244799483, "bus_lcAssertive": 83.70616254077397, "bus_lcCooperative": 0.6447707704612369, "bus_lcLookaheadLeft": 11.23069263706978, "bus_lcPushy": 0.13406832534694413, "bus_lcSigma": 0.3903005958146033, "bus_lcSpeedGainRight": 1.5978234643538998, "bus_lcSublane": 0.8912206018412917, "bus_sigma": 0.8912914879792161, "bus_tau_mean": 0.6043843535832015, "bus_tau_std": 2.1052193779097026, "bus_v_mean": 14.213643403483026, "bus_v_std": 3.5274948996989863, "car_acc": 2.837372679876688, "car_dcc": 1.5687956604860804, "car_lcAssertive": 73.66461019023164, "car_lcCooperative": 0.9569156335362365, "car_lcLookaheadLeft": 48.81636843409138, "car_lcPushy": 0.8142192933706808, "car_lcSigma": 0.42821938187753605, "car_lcSpeedGainRight": 4.067246274596225, "car_lcSublane": 0.7616984963076888, "car_sigma": 0.9596036477349872, "car_tau_mean": 1.6781000232590186, "car_tau_std": 7.665944044640568, "car_v_mean": 22.745884861328513, "car_v_std": 16.215433658360183}, "datetime": {"datetime": "2024-08-08 00:10:25", "elapsed": 445.073583, "delta": 2.739125}}
{"target": -0.332770023001706, "params": {"bus_acc": 2.101529121045745, "bus_dcc": 1.1318879905947266, "bus_lcAssertive": 85.81867266536104, "bus_lcCooperative": 0.4775950236100055, "bus_lcLookaheadLeft": 85.96407003710304, "bus_lcPushy": 0.18765401155497807, "bus_lcSigma": 0.08373326615041132, "bus_lcSpeedGainRight": 2.5798483102074994, "bus_lcSublane": 0.454544662996622, "bus_sigma": 0.013894398989847456, "bus_tau_mean": 0.6377410639176821, "bus_tau_std": 0.9363283573135806, "bus_v_mean": 8.650839678756295, "bus_v_std": 3.514781346883238, "car_acc": 2.151072302222002, "car_dcc": 2.4302578598995286, "car_lcAssertive": 97.9972035532993, "car_lcCooperative": 0.07073713401634152, "car_lcLookaheadLeft": 87.00673194587439, "car_lcPushy": 0.5785197821401383, "car_lcSigma": 0.8764755457125712, "car_lcSpeedGainRight": 0.2785680517656747, "car_lcSublane": 0.09915352142160372, "car_sigma": 0.8630947177469542, "car_tau_mean": 2.4963440925658347, "car_tau_std": 5.584938010898554, "car_v_mean": 8.208202687066002, "car_v_std": 12.845056082328787}, "datetime": {"datetime": "2024-08-08 00:10:26", "elapsed": 445.524812, "delta": 0.451229}}
{"target": -0.3730313806315513, "params": {"bus_acc": 1.753160629491549, "bus_dcc": 3.9213506150749677, "bus_lcAssertive": 60.86689399643125, "bus_lcCooperative": 0.828845807980693, "bus_lcLookaheadLeft": 58.321727461394026, "bus_lcPushy": 0.6280761983073504, "bus_lcSigma": 0.28557628169569393, "bus_lcSpeedGainRight": 2.9341667032804146, "bus_lcSublane": 0.7500217637026599, "bus_sigma": 0.8583138364290424, "bus_tau_mean": 3.1427876596368804, "bus_tau_std": 6.98057248447303, "bus_v_mean": 21.831670880873595, "bus_v_std": 6.453619936734929, "car_acc": 2.3415775815751747, "car_dcc": 2.3526218092400475, "car_lcAssertive": 38.8281724511202, "car_lcCooperative": 0.4108113499221856, "car_lcLookaheadLeft": 41.34499918001498, "car_lcPushy": 0.3173839459582769, "car_lcSigma": 0.6219193679203014, "car_lcSpeedGainRight": 2.151236354106322, "car_lcSublane": 0.9738020779272523, "car_sigma": 0.6778008914343111, "car_tau_mean": 1.194994609494888, "car_tau_std": 4.267010093480328, "car_v_mean": 13.493539836390768, "car_v_std": 15.952776079171331}, "datetime": {"datetime": "2024-08-08 00:10:26", "elapsed": 446.03832, "delta": 0.513508}}
{"target": -0.3654354427791925, "params": {"bus_acc": 2.2726122517119673, "bus_dcc": 2.125273055181733, "bus_lcAssertive": 85.89096540927606, "bus_lcCooperative": 0.6195867393685738, "bus_lcLookaheadLeft": 26.699241852822258, "bus_lcPushy": 0.7928556779768876, "bus_lcSigma": 0.43293850873416306, "bus_lcSpeedGainRight": 1.787555836652207, "bus_lcSublane": 0.33027693652508094, "bus_sigma": 0.6973688756131394, "bus_tau_mean": 1.440275433671793, "bus_tau_std": 8.0827801370538, "bus_v_mean": 12.724620710397565, "bus_v_std": 10.882427671707145, "car_acc": 1.9758429836104048, "car_dcc": 3.566069237786109, "car_lcAssertive": 88.9502570051432, "car_lcCooperative": 0.18438444236776674, "car_lcLookaheadLeft": 59.3641489759486, "car_lcPushy": 0.8982050460171371, "car_lcSigma": 0.4461172190344297, "car_lcSpeedGainRight": 4.609341527419077, "car_lcSublane": 0.2789908904569709, "car_sigma": 0.6088311741937957, "car_tau_mean": 2.8885879841838538, "car_tau_std": 2.282057333504841, "car_v_mean": 8.220280200923469, "car_v_std": 8.334479247413922}, "datetime": {"datetime": "2024-08-08 00:10:27", "elapsed": 446.468783, "delta": 0.430463}}
{"target": -0.37221130566682176, "params": {"bus_acc": 1.9459299037200262, "bus_dcc": 2.268525439115839, "bus_lcAssertive": 11.172899823542268, "bus_lcCooperative": 0.772580266631544, "bus_lcLookaheadLeft": 15.446188342011318, "bus_lcPushy": 0.424292374325812, "bus_lcSigma": 0.2719561124527795, "bus_lcSpeedGainRight": 1.5050397153995316, "bus_lcSublane": 0.6724207725864325, "bus_sigma": 0.5177867238134145, "bus_tau_mean": 1.165304676679792, "bus_tau_std": 4.691344398333771, "bus_v_mean": 13.432653900740856, "bus_v_std": 14.089943964962522, "car_acc": 1.452190404865098, "car_dcc": 3.534964412075036, "car_lcAssertive": 53.0967368242714, "car_lcCooperative": 0.5006195729230891, "car_lcLookaheadLeft": 26.861209074992658, "car_lcPushy": 0.18615566973666398, "car_lcSigma": 0.4718190627375968, "car_lcSpeedGainRight": 4.909122089126287, "car_lcSublane": 0.13290623766182708, "car_sigma": 0.28346243242805713, "car_tau_mean": 3.3022441099920963, "car_tau_std": 6.647768985107549, "car_v_mean": 12.460134539094993, "car_v_std": 6.292952135502237}, "datetime": {"datetime": "2024-08-08 00:10:27", "elapsed": 446.885193, "delta": 0.41641}}
{"target": -0.38869415617844166, "params": {"bus_acc": 1.9611837947512347, "bus_dcc": 3.7124696231030825, "bus_lcAssertive": 85.10052118674109, "bus_lcCooperative": 0.22099543455164128, "bus_lcLookaheadLeft": 74.15117132360916, "bus_lcPushy": 0.584873636653729, "bus_lcSigma": 0.5255361143234935, "bus_lcSpeedGainRight": 3.3072225642514255, "bus_lcSublane": 0.6320676125180189, "bus_sigma": 0.07141739781238354, "bus_tau_mean": 1.9589478249491712, "bus_tau_std": 1.9929722081483325, "bus_v_mean": 19.209335052747708, "bus_v_std": 5.466206643389516, "car_acc": 1.8728388688150552, "car_dcc": 3.4648769416338263, "car_lcAssertive": 78.52323575275003, "car_lcCooperative": 0.8541601498282541, "car_lcLookaheadLeft": 48.94727682745953, "car_lcPushy": 0.9264947399997299, "car_lcSigma": 0.03155468805746553, "car_lcSpeedGainRight": 4.691416231720273, "car_lcSublane": 0.3486287925818631, "car_sigma": 0.812823076692537, "car_tau_mean": 3.8191238392262346, "car_tau_std": 8.918140716820837, "car_v_mean": 19.168305877975527, "car_v_std": 13.403662789205784}, "datetime": {"datetime": "2024-08-08 00:10:28", "elapsed": 447.461848, "delta": 0.576655}}
