{"target": -0.4512405485816828, "params": {"bus_acc": 2.0492, "bus_dcc": 2.9984, "bus_lcAssertive": 27.7609, "bus_lcCooperative": 0.2001, "bus_lcLookaheadLeft": 87.2196, "bus_lcPushy": 0.3292, "bus_lcSigma": 0.771, "bus_lcSpeedGainRight": 1.7341, "bus_lcSublane": 0.3035, "bus_sigma": 0.2259, "bus_tau_mean": 1.2888, "bus_tau_std": 0.8176, "bus_v_mean": 23.1369, "bus_v_std": 8.0067, "car_acc": 2.4163, "car_dcc": 3.5067, "car_lcAssertive": 84.4301, "car_lcCooperative": 0.2416, "car_lcLookaheadLeft": 89.1393, "car_lcPushy": 0.752, "car_lcSigma": 0.8489, "car_lcSpeedGainRight": 0.0083, "car_lcSublane": 0.6555, "car_sigma": 0.3874, "car_tau_mean": 3.6953, "car_tau_std": 3.7966, "car_v_mean": 21.5911, "car_v_std": 0.5602}, "datetime": {"datetime": "2024-08-08 18:50:37", "elapsed": 844.912693, "delta": 3.624136}}
{"target": -0.30155437969250354, "params": {"bus_acc": 2.469830633132893, "bus_dcc": 1.0671263680732854, "bus_lcAssertive": 80.92249577927679, "bus_lcCooperative": 0.02436128675662652, "bus_lcLookaheadLeft": 17.734283212430316, "bus_lcPushy": 0.24613142323526227, "bus_lcSigma": 0.9971177980982139, "bus_lcSpeedGainRight": 2.1037462356270895, "bus_lcSublane": 0.07226278343939563, "bus_sigma": 0.2502713574756721, "bus_tau_mean": 1.940491628552569, "bus_tau_std": 4.202599137001294, "bus_v_mean": 9.954749508972984, "bus_v_std": 0.19007572026437103, "car_acc": 3.4463662403733557, "car_dcc": 1.7258654133683815, "car_lcAssertive": 9.259020119104594, "car_lcCooperative": 0.3902233159137365, "car_lcLookaheadLeft": 44.388848628251445, "car_lcPushy": 0.524095810986686, "car_lcSigma": 0.7603137129611016, "car_lcSpeedGainRight": 3.940691682594996, "car_lcSublane": 0.46938067575200315, "car_sigma": 0.8847671511951445, "car_tau_mean": 0.7770009114696252, "car_tau_std": 3.5568088529833197, "car_v_mean": 13.758038059839443, "car_v_std": 14.218164609453016}, "datetime": {"datetime": "2024-08-08 18:50:41", "elapsed": 849.552918, "delta": 4.640225}}
{"target": -0.4421580068900482, "params": {"bus_acc": 2.078603485959423, "bus_dcc": 2.4411393901063185, "bus_lcAssertive": 61.863513500498584, "bus_lcCooperative": 0.28555714521016284, "bus_lcLookaheadLeft": 51.27179863963829, "bus_lcPushy": 0.27854611291025044, "bus_lcSigma": 0.5723898542085633, "bus_lcSpeedGainRight": 1.7114470199284737, "bus_lcSublane": 0.8391609586557156, "bus_sigma": 0.6859128057753072, "bus_tau_mean": 3.356447365712495, "bus_tau_std": 1.5424606741962144, "bus_v_mean": 10.963098426266486, "bus_v_std": 10.851895621328378, "car_acc": 1.1841947767258882, "car_dcc": 2.6141755551171766, "car_lcAssertive": 34.26370311736991, "car_lcCooperative": 0.3244543273796573, "car_lcLookaheadLeft": 24.525612535231957, "car_lcPushy": 0.004686739606387769, "car_lcSigma": 0.6870733460577697, "car_lcSpeedGainRight": 3.7639059624446847, "car_lcSublane": 0.33828341597252176, "car_sigma": 0.4698036185469243, "car_tau_mean": 3.290837958932752, "car_tau_std": 6.474677389552546, "car_v_mean": 8.36765074852154, "car_v_std": 5.67944970897194}, "datetime": {"datetime": "2024-08-08 18:50:46", "elapsed": 854.296609, "delta": 4.743691}}
{"target": -0.3678891759687802, "params": {"bus_acc": 2.855802227684609, "bus_dcc": 1.4529421998389374, "bus_lcAssertive": 76.31944317426985, "bus_lcCooperative": 0.781045822193957, "bus_lcLookaheadLeft": 90.60209261955288, "bus_lcPushy": 0.23376869260410593, "bus_lcSigma": 0.17667889307234141, "bus_lcSpeedGainRight": 1.9554956155338121, "bus_lcSublane": 0.3205646539951602, "bus_sigma": 0.8154769290056262, "bus_tau_mean": 2.647340648839511, "bus_tau_std": 7.600017523497488, "bus_v_mean": 14.842641595151427, "bus_v_std": 1.9888112583117845, "car_acc": 1.3451050361507386, "car_dcc": 2.120221395211586, "car_lcAssertive": 20.19092898344121, "car_lcCooperative": 0.8207464986229382, "car_lcLookaheadLeft": 60.764328825524245, "car_lcPushy": 0.688845259018665, "car_lcSigma": 0.4911099613042962, "car_lcSpeedGainRight": 0.4408684062109053, "car_lcSublane": 0.23507763668617032, "car_sigma": 0.461602080891622, "car_tau_mean": 1.195070260688742, "car_tau_std": 0.254762357788203, "car_v_mean": 19.67036317209844, "car_v_std": 14.498334944382382}, "datetime": {"datetime": "2024-08-08 18:50:55", "elapsed": 863.501372, "delta": 9.204763}}
{"target": -0.4162052220498269, "params": {"bus_acc": 2.9675, "bus_dcc": 1.0624, "bus_lcAssertive": 86.5939, "bus_lcCooperative": 0.0311, "bus_lcLookaheadLeft": 47.2402, "bus_lcPushy": 0.0148, "bus_lcSigma": 0.7097, "bus_lcSpeedGainRight": 0.8908, "bus_lcSublane": 0.5492, "bus_sigma": 0.4542, "bus_tau_mean": 2.2126, "bus_tau_std": 6.146, "bus_v_mean": 23.8203, "bus_v_std": 19.3837, "car_acc": 2.4624, "car_dcc": 1.4634, "car_lcAssertive": 67.8485, "car_lcCooperative": 0.4654, "car_lcLookaheadLeft": 57.7801, "car_lcPushy": 0.9341, "car_lcSigma": 0.1289, "car_lcSpeedGainRight": 4.4152, "car_lcSublane": 0.1992, "car_sigma": 0.2284, "car_tau_mean": 3.9258, "car_tau_std": 2.3329, "car_v_mean": 21.7749, "car_v_std": 0.2271}, "datetime": {"datetime": "2024-08-08 18:51:00", "elapsed": 868.3936, "delta": 4.892228}}
{"target": -0.4054061113204197, "params": {"bus_acc": 1.895182085802487, "bus_dcc": 2.4710849760985543, "bus_lcAssertive": 20.36274494273748, "bus_lcCooperative": 0.6808265089096738, "bus_lcLookaheadLeft": 83.42096238692065, "bus_lcPushy": 0.22040678596533647, "bus_lcSigma": 0.007808669093839371, "bus_lcSpeedGainRight": 1.2545215422939187, "bus_lcSublane": 0.6276363022375808, "bus_sigma": 0.31081682723744186, "bus_tau_mean": 3.426721484084727, "bus_tau_std": 8.527391992878655, "bus_v_mean": 13.947849004745015, "bus_v_std": 7.306689840398677, "car_acc": 1.0496877151728627, "car_dcc": 2.6490362451242215, "car_lcAssertive": 16.272788814775993, "car_lcCooperative": 0.1126795381335095, "car_lcLookaheadLeft": 7.227136666975108, "car_lcPushy": 0.1792838074153501, "car_lcSigma": 0.1559308109650941, "car_lcSpeedGainRight": 0.17745189618130042, "car_lcSublane": 0.9824324545192039, "car_sigma": 0.6583045014987714, "car_tau_mean": 1.8544792505386194, "car_tau_std": 0.6248547836660323, "car_v_mean": 8.755924938973795, "car_v_std": 16.09904869413324}, "datetime": {"datetime": "2024-08-08 18:51:04", "elapsed": 872.280805, "delta": 3.887205}}
{"target": -0.33203241464615746, "params": {"bus_acc": 1.7597910878427987, "bus_dcc": 3.5131383438285044, "bus_lcAssertive": 80.96784669698108, "bus_lcCooperative": 0.3825676584249812, "bus_lcLookaheadLeft": 44.20661199178869, "bus_lcPushy": 0.18258741363603737, "bus_lcSigma": 0.3168741351292297, "bus_lcSpeedGainRight": 2.086842303794864, "bus_lcSublane": 0.06646837015587692, "bus_sigma": 0.33788740600703004, "bus_tau_mean": 2.2348495042557666, "bus_tau_std": 0.0672132585448737, "bus_v_mean": 15.009203173057525, "bus_v_std": 4.373781845953446, "car_acc": 1.6401968155456066, "car_dcc": 1.7477168351026253, "car_lcAssertive": 13.704247116669332, "car_lcCooperative": 0.9448132888699331, "car_lcLookaheadLeft": 18.5693229870855, "car_lcPushy": 0.5676125416968016, "car_lcSigma": 0.17150739872591259, "car_lcSpeedGainRight": 1.304589794805947, "car_lcSublane": 0.6767750546075074, "car_sigma": 0.5032656879698034, "car_tau_mean": 1.0505075879993815, "car_tau_std": 0.8250672847808127, "car_v_mean": 22.110302613120865, "car_v_std": 4.8378241079109845}, "datetime": {"datetime": "2024-08-08 18:51:10", "elapsed": 877.73703, "delta": 5.456225}}
{"target": -0.3893970477900282, "params": {"bus_acc": 2.4207, "bus_dcc": 1.6109, "bus_lcAssertive": 36.6422, "bus_lcCooperative": 0.7707, "bus_lcLookaheadLeft": 91.404, "bus_lcPushy": 0.3532, "bus_lcSigma": 0.4694, "bus_lcSpeedGainRight": 4.6558, "bus_lcSublane": 0.397, "bus_sigma": 0.5115, "bus_tau_mean": 3.6684, "bus_tau_std": 2.0977, "bus_v_mean": 16.6872, "bus_v_std": 19.4241, "car_acc": 3.7517, "car_dcc": 1.3007, "car_lcAssertive": 82.7881, "car_lcCooperative": 0.384, "car_lcLookaheadLeft": 91.4162, "car_lcPushy": 0.309, "car_lcSigma": 0.9277, "car_lcSpeedGainRight": 0.4585, "car_lcSublane": 0.2916, "car_sigma": 0.4942, "car_tau_mean": 0.8732, "car_tau_std": 4.2903, "car_v_mean": 20.5991, "car_v_std": 1.7925}, "datetime": {"datetime": "2024-08-08 18:51:14", "elapsed": 882.096379, "delta": 4.359349}}
{"target": -0.3352636782914988, "params": {"bus_acc": 3.4264, "bus_dcc": 2.3397, "bus_lcAssertive": 70.0307, "bus_lcCooperative": 0.0443, "bus_lcLookaheadLeft": 54.7748, "bus_lcPushy": 0.7003, "bus_lcSigma": 0.5234, "bus_lcSpeedGainRight": 1.6715, "bus_lcSublane": 0.8033, "bus_sigma": 0.1484, "bus_tau_mean": 2.0883, "bus_tau_std": 9.3128, "bus_v_mean": 12.2039, "bus_v_std": 2.5531, "car_acc": 3.9631, "car_dcc": 3.7835, "car_lcAssertive": 55.3798, "car_lcCooperative": 0.4972, "car_lcLookaheadLeft": 60.59, "car_lcPushy": 0.4079, "car_lcSigma": 0.1289, "car_lcSpeedGainRight": 3.1618, "car_lcSublane": 0.3694, "car_sigma": 0.182, "car_tau_mean": 0.8015, "car_tau_std": 8.3235, "car_v_mean": 16.9454, "car_v_std": 3.0003}, "datetime": {"datetime": "2024-08-08 18:51:18", "elapsed": 886.320769, "delta": 4.22439}}
{"target": -0.43649020465338556, "params": {"bus_acc": 3.7988, "bus_dcc": 3.1345, "bus_lcAssertive": 26.3522, "bus_lcCooperative": 0.8405, "bus_lcLookaheadLeft": 89.6991, "bus_lcPushy": 0.5321, "bus_lcSigma": 0.3882, "bus_lcSpeedGainRight": 1.9282, "bus_lcSublane": 0.4019, "bus_sigma": 0.9428, "bus_tau_mean": 3.0069, "bus_tau_std": 9.4518, "bus_v_mean": 20.0923, "bus_v_std": 17.0712, "car_acc": 2.6323, "car_dcc": 2.5617, "car_lcAssertive": 92.047, "car_lcCooperative": 0.8084, "car_lcLookaheadLeft": 95.4139, "car_lcPushy": 0.7689, "car_lcSigma": 0.6753, "car_lcSpeedGainRight": 2.2175, "car_lcSublane": 0.5985, "car_sigma": 0.4461, "car_tau_mean": 3.9894, "car_tau_std": 5.9433, "car_v_mean": 21.4532, "car_v_std": 1.0477}, "datetime": {"datetime": "2024-08-08 18:51:23", "elapsed": 891.409068, "delta": 5.088299}}
{"target": -0.46875556482714514, "params": {"bus_acc": 2.2205, "bus_dcc": 3.3068, "bus_lcAssertive": 88.4307, "bus_lcCooperative": 0.4629, "bus_lcLookaheadLeft": 21.2676, "bus_lcPushy": 0.7222, "bus_lcSigma": 0.3573, "bus_lcSpeedGainRight": 2.452, "bus_lcSublane": 0.4734, "bus_sigma": 0.0159, "bus_tau_mean": 0.6942, "bus_tau_std": 2.548, "bus_v_mean": 19.5107, "bus_v_std": 5.969, "car_acc": 2.5387, "car_dcc": 2.1684, "car_lcAssertive": 48.9606, "car_lcCooperative": 0.0735, "car_lcLookaheadLeft": 18.874, "car_lcPushy": 0.3421, "car_lcSigma": 0.7703, "car_lcSpeedGainRight": 1.0597, "car_lcSublane": 0.4255, "car_sigma": 0.639, "car_tau_mean": 2.8198, "car_tau_std": 9.0373, "car_v_mean": 18.2751, "car_v_std": 5.4449}, "datetime": {"datetime": "2024-08-08 18:51:29", "elapsed": 897.484595, "delta": 6.075527}}
{"target": -0.38086060123392523, "params": {"bus_acc": 1.5148320827407726, "bus_dcc": 1.8845050147626223, "bus_lcAssertive": 10.279930931389577, "bus_lcCooperative": 0.3179810316787127, "bus_lcLookaheadLeft": 39.35648414716073, "bus_lcPushy": 0.6327125396187535, "bus_lcSigma": 0.47151993834858275, "bus_lcSpeedGainRight": 3.588344903885235, "bus_lcSublane": 0.26922353350171446, "bus_sigma": 0.17305671918218446, "bus_tau_mean": 1.8269291097137783, "bus_tau_std": 4.380814374278545, "bus_v_mean": 14.754025085053337, "bus_v_std": 18.2713937332305, "car_acc": 1.8087010550408629, "car_dcc": 2.0561302080854706, "car_lcAssertive": 22.305756356169372, "car_lcCooperative": 0.37192301140427286, "car_lcLookaheadLeft": 40.20582830144868, "car_lcPushy": 0.5754270571118745, "car_lcSigma": 0.278364978622443, "car_lcSpeedGainRight": 1.2974615425392404, "car_lcSublane": 0.7190613950565239, "car_sigma": 0.9101787075725445, "car_tau_mean": 0.9273388684720454, "car_tau_std": 1.8228897074998485, "car_v_mean": 10.12975431801445, "car_v_std": 13.672153656089943}, "datetime": {"datetime": "2024-08-08 18:51:32", "elapsed": 900.513826, "delta": 3.029231}}
{"target": -0.3559750951227491, "params": {"bus_acc": 2.7212, "bus_dcc": 1.906, "bus_lcAssertive": 69.4296, "bus_lcCooperative": 0.6379, "bus_lcLookaheadLeft": 73.274, "bus_lcPushy": 0.0745, "bus_lcSigma": 0.088, "bus_lcSpeedGainRight": 3.2924, "bus_lcSublane": 0.0883, "bus_sigma": 0.2423, "bus_tau_mean": 3.2926, "bus_tau_std": 3.7736, "bus_v_mean": 14.4076, "bus_v_std": 6.8087, "car_acc": 2.3911, "car_dcc": 2.3603, "car_lcAssertive": 35.2831, "car_lcCooperative": 0.3557, "car_lcLookaheadLeft": 47.9832, "car_lcPushy": 0.3205, "car_lcSigma": 0.1021, "car_lcSpeedGainRight": 3.9047, "car_lcSublane": 0.3764, "car_sigma": 0.1771, "car_tau_mean": 2.9622, "car_tau_std": 2.1734, "car_v_mean": 21.2485, "car_v_std": 1.56}, "datetime": {"datetime": "2024-08-08 18:51:35", "elapsed": 903.264412, "delta": 2.750586}}
{"target": -0.4666769549176715, "params": {"bus_acc": 2.6687207019712567, "bus_dcc": 1.409365676982055, "bus_lcAssertive": 6.931851261708954, "bus_lcCooperative": 0.12134345574073735, "bus_lcLookaheadLeft": 6.366084097386649, "bus_lcPushy": 0.1074941291060929, "bus_lcSigma": 0.2257093386078547, "bus_lcSpeedGainRight": 3.564944901913383, "bus_lcSublane": 0.5597169820541424, "bus_sigma": 0.012555980159115854, "bus_tau_mean": 0.7519099789132038, "bus_tau_std": 9.672763300002721, "bus_v_mean": 17.089607390719074, "bus_v_std": 4.06586469321981, "car_acc": 1.7569772337109701, "car_dcc": 3.2314775622252787, "car_lcAssertive": 20.34751862982256, "car_lcCooperative": 0.5813589272732578, "car_lcLookaheadLeft": 97.06195893065461, "car_lcPushy": 0.8468288014900353, "car_lcSigma": 0.23984775914758616, "car_lcSpeedGainRight": 2.4688485713436497, "car_lcSublane": 0.6199557183813798, "car_sigma": 0.8289808995501787, "car_tau_mean": 1.048769881261295, "car_tau_std": 0.18576202177409518, "car_v_mean": 9.120354299507557, "car_v_std": 9.726902218740637}, "datetime": {"datetime": "2024-08-08 18:51:52", "elapsed": 920.452196, "delta": 17.187784}}
{"target": -0.3854841312766011, "params": {"bus_acc": 3.4630531406495653, "bus_dcc": 1.5125390203014908, "bus_lcAssertive": 68.8281945463602, "bus_lcCooperative": 0.9976633612725854, "bus_lcLookaheadLeft": 78.86721120800227, "bus_lcPushy": 0.7250463554353692, "bus_lcSigma": 0.310019979210334, "bus_lcSpeedGainRight": 0.7973539529220575, "bus_lcSublane": 0.8643221540234217, "bus_sigma": 0.6103462184166267, "bus_tau_mean": 1.8653163948682172, "bus_tau_std": 7.5559073482087955, "bus_v_mean": 19.498046171540878, "bus_v_std": 12.946662509548093, "car_acc": 1.621790084690019, "car_dcc": 3.6565834533840986, "car_lcAssertive": 72.18159028042123, "car_lcCooperative": 0.3026305634146216, "car_lcLookaheadLeft": 8.23265288991687, "car_lcPushy": 0.9127964154958703, "car_lcSigma": 0.7938500584516285, "car_lcSpeedGainRight": 2.492918214857977, "car_lcSublane": 0.41392519420816687, "car_sigma": 0.6155624739890907, "car_tau_mean": 1.8948031163607857, "car_tau_std": 0.3891804002549182, "car_v_mean": 12.831493313685732, "car_v_std": 4.92557116247073}, "datetime": {"datetime": "2024-08-08 18:51:56", "elapsed": 924.555493, "delta": 4.103297}}
{"target": -0.3995452578265039, "params": {"bus_acc": 2.2173, "bus_dcc": 2.4425, "bus_lcAssertive": 20.5328, "bus_lcCooperative": 0.3872, "bus_lcLookaheadLeft": 88.9517, "bus_lcPushy": 0.6243, "bus_lcSigma": 0.5016, "bus_lcSpeedGainRight": 3.6604, "bus_lcSublane": 0.5099, "bus_sigma": 0.8866, "bus_tau_mean": 1.6141, "bus_tau_std": 3.4414, "bus_v_mean": 15.1289, "bus_v_std": 16.9317, "car_acc": 2.5631, "car_dcc": 2.1978, "car_lcAssertive": 72.4486, "car_lcCooperative": 0.8334, "car_lcLookaheadLeft": 71.3576, "car_lcPushy": 0.6997, "car_lcSigma": 0.7896, "car_lcSpeedGainRight": 2.7134, "car_lcSublane": 0.0145, "car_sigma": 0.2026, "car_tau_mean": 2.7461, "car_tau_std": 7.1001, "car_v_mean": 18.7211, "car_v_std": 0.5182}, "datetime": {"datetime": "2024-08-08 18:52:01", "elapsed": 928.981035, "delta": 4.425542}}
{"target": -0.3583035332761017, "params": {"bus_acc": 2.254, "bus_dcc": 3.2316, "bus_lcAssertive": 43.9694, "bus_lcCooperative": 0.0072, "bus_lcLookaheadLeft": 28.1163, "bus_lcPushy": 0.3237, "bus_lcSigma": 0.9708, "bus_lcSpeedGainRight": 2.567, "bus_lcSublane": 0.6497, "bus_sigma": 0.5787, "bus_tau_mean": 2.1555, "bus_tau_std": 2.4554, "bus_v_mean": 13.8345, "bus_v_std": 3.0465, "car_acc": 2.6239, "car_dcc": 3.0593, "car_lcAssertive": 54.3197, "car_lcCooperative": 0.8855, "car_lcLookaheadLeft": 52.2156, "car_lcPushy": 0.9427, "car_lcSigma": 0.4755, "car_lcSpeedGainRight": 1.9851, "car_lcSublane": 0.1125, "car_sigma": 0.216, "car_tau_mean": 3.8971, "car_tau_std": 5.0634, "car_v_mean": 15.8067, "car_v_std": 2.0762}, "datetime": {"datetime": "2024-08-08 18:52:07", "elapsed": 935.468464, "delta": 6.487429}}
{"target": -0.41487012383373156, "params": {"bus_acc": 2.6912, "bus_dcc": 1.173, "bus_lcAssertive": 62.9065, "bus_lcCooperative": 0.5883, "bus_lcLookaheadLeft": 45.2573, "bus_lcPushy": 0.3642, "bus_lcSigma": 0.7241, "bus_lcSpeedGainRight": 0.3933, "bus_lcSublane": 0.4851, "bus_sigma": 0.3297, "bus_tau_mean": 3.0682, "bus_tau_std": 0.7958, "bus_v_mean": 15.4802, "bus_v_std": 9.1718, "car_acc": 2.6649, "car_dcc": 1.5652, "car_lcAssertive": 76.7355, "car_lcCooperative": 0.1421, "car_lcLookaheadLeft": 67.2895, "car_lcPushy": 0.7365, "car_lcSigma": 0.1059, "car_lcSpeedGainRight": 3.3958, "car_lcSublane": 0.4901, "car_sigma": 0.9385, "car_tau_mean": 2.8826, "car_tau_std": 2.6967, "car_v_mean": 22.0722, "car_v_std": 3.0676}, "datetime": {"datetime": "2024-08-08 18:52:14", "elapsed": 942.474413, "delta": 7.005949}}
{"target": -0.34276835340024575, "params": {"bus_acc": 2.3766, "bus_dcc": 1.0825, "bus_lcAssertive": 43.0972, "bus_lcCooperative": 0.9374, "bus_lcLookaheadLeft": 25.3073, "bus_lcPushy": 0.5089, "bus_lcSigma": 0.8046, "bus_lcSpeedGainRight": 3.3966, "bus_lcSublane": 0.4472, "bus_sigma": 0.8431, "bus_tau_mean": 3.3705, "bus_tau_std": 2.5978, "bus_v_mean": 11.5523, "bus_v_std": 10.9788, "car_acc": 2.7563, "car_dcc": 1.9028, "car_lcAssertive": 59.5415, "car_lcCooperative": 0.8299, "car_lcLookaheadLeft": 44.9402, "car_lcPushy": 0.6638, "car_lcSigma": 0.6934, "car_lcSpeedGainRight": 2.6344, "car_lcSublane": 0.0401, "car_sigma": 0.1894, "car_tau_mean": 0.9868, "car_tau_std": 8.4603, "car_v_mean": 21.4332, "car_v_std": 4.9769}, "datetime": {"datetime": "2024-08-08 18:52:21", "elapsed": 949.075863, "delta": 6.60145}}
{"target": -0.3418675985394779, "params": {"bus_acc": 3.6528, "bus_dcc": 2.1633, "bus_lcAssertive": 75.1736, "bus_lcCooperative": 0.4166, "bus_lcLookaheadLeft": 29.793, "bus_lcPushy": 0.3282, "bus_lcSigma": 0.1995, "bus_lcSpeedGainRight": 4.8981, "bus_lcSublane": 0.7389, "bus_sigma": 0.6088, "bus_tau_mean": 1.8565, "bus_tau_std": 8.723, "bus_v_mean": 17.706, "bus_v_std": 17.7884, "car_acc": 2.9901, "car_dcc": 3.1646, "car_lcAssertive": 43.7302, "car_lcCooperative": 0.684, "car_lcLookaheadLeft": 4.5491, "car_lcPushy": 0.9237, "car_lcSigma": 0.5037, "car_lcSpeedGainRight": 3.8374, "car_lcSublane": 0.729, "car_sigma": 0.8441, "car_tau_mean": 3.6265, "car_tau_std": 4.155, "car_v_mean": 18.7041, "car_v_std": 3.5571}, "datetime": {"datetime": "2024-08-08 18:52:28", "elapsed": 956.496921, "delta": 7.421058}}
{"target": -0.3340405742169635, "params": {"bus_acc": 1.909, "bus_dcc": 1.5776, "bus_lcAssertive": 20.5591, "bus_lcCooperative": 0.5623, "bus_lcLookaheadLeft": 85.9558, "bus_lcPushy": 0.6531, "bus_lcSigma": 0.7975, "bus_lcSpeedGainRight": 2.096, "bus_lcSublane": 0.7317, "bus_sigma": 0.4587, "bus_tau_mean": 3.1358, "bus_tau_std": 3.5494, "bus_v_mean": 9.6748, "bus_v_std": 11.5597, "car_acc": 2.6279, "car_dcc": 2.2052, "car_lcAssertive": 83.9466, "car_lcCooperative": 0.1896, "car_lcLookaheadLeft": 97.8177, "car_lcPushy": 0.9616, "car_lcSigma": 0.6119, "car_lcSpeedGainRight": 2.1498, "car_lcSublane": 0.877, "car_sigma": 0.8828, "car_tau_mean": 3.4159, "car_tau_std": 6.4452, "car_v_mean": 21.588, "car_v_std": 6.4844}, "datetime": {"datetime": "2024-08-08 18:52:34", "elapsed": 961.841334, "delta": 5.344413}}
{"target": -0.34839371823982984, "params": {"bus_acc": 2.2855, "bus_dcc": 1.6593, "bus_lcAssertive": 91.5372, "bus_lcCooperative": 0.7431, "bus_lcLookaheadLeft": 26.4792, "bus_lcPushy": 0.0895, "bus_lcSigma": 0.2902, "bus_lcSpeedGainRight": 2.0912, "bus_lcSublane": 0.7869, "bus_sigma": 0.2727, "bus_tau_mean": 1.4108, "bus_tau_std": 8.9563, "bus_v_mean": 13.4932, "bus_v_std": 11.7292, "car_acc": 1.8001, "car_dcc": 1.9318, "car_lcAssertive": 51.0053, "car_lcCooperative": 0.4409, "car_lcLookaheadLeft": 15.4857, "car_lcPushy": 0.6965, "car_lcSigma": 0.5019, "car_lcSpeedGainRight": 2.6065, "car_lcSublane": 0.3087, "car_sigma": 0.5233, "car_tau_mean": 2.0208, "car_tau_std": 5.4794, "car_v_mean": 21.1828, "car_v_std": 3.1878}, "datetime": {"datetime": "2024-08-08 18:52:39", "elapsed": 967.108891, "delta": 5.267557}}
{"target": -0.3891749459463414, "params": {"bus_acc": 2.4839405443207268, "bus_dcc": 1.9450812669057027, "bus_lcAssertive": 54.99846984483864, "bus_lcCooperative": 0.6824780792979444, "bus_lcLookaheadLeft": 23.595956313062093, "bus_lcPushy": 0.48533745396838057, "bus_lcSigma": 0.9929813576374784, "bus_lcSpeedGainRight": 1.6208065159061746, "bus_lcSublane": 0.03536191949131395, "bus_sigma": 0.8173517292840132, "bus_tau_mean": 2.2615737425988183, "bus_tau_std": 0.527838561185705, "bus_v_mean": 22.24488043558786, "bus_v_std": 8.090287599607155, "car_acc": 3.787819546421191, "car_dcc": 2.2062345214016847, "car_lcAssertive": 8.606396192693403, "car_lcCooperative": 0.2453011441199927, "car_lcLookaheadLeft": 36.32552955930588, "car_lcPushy": 0.7507282923552251, "car_lcSigma": 0.18474815234928366, "car_lcSpeedGainRight": 2.1548682686293716, "car_lcSublane": 0.8732454198159687, "car_sigma": 0.5337610913727832, "car_tau_mean": 0.8610415191216982, "car_tau_std": 0.24522487054632225, "car_v_mean": 19.292956818576776, "car_v_std": 19.582549819164342}, "datetime": {"datetime": "2024-08-08 18:52:59", "elapsed": 987.457547, "delta": 20.348656}}
