{"target": -0.3436696665800959, "params": {"bus_acc": 1.6936, "bus_dcc": 1.3563, "bus_lcAssertive": 28.9093, "bus_lcCooperative": 1.0, "bus_lcLookaheadLeft": 34.9376, "bus_lcPushy": 0.7891, "bus_lcSigma": 0.7041, "bus_lcSpeedGainRight": 4.3127, "bus_lcSublane": 0.5888, "bus_sigma": 0.2142, "bus_tau_mean": 1.8069, "bus_tau_std": 4.0534, "bus_v_mean": 8.043, "bus_v_std": 8.4495, "car_acc": 1.8531, "car_dcc": 1.0994, "car_lcAssertive": 26.5599, "car_lcCooperative": 0.3613, "car_lcLookaheadLeft": 86.6986, "car_lcPushy": 0.4828, "car_lcSigma": 0.7746, "car_lcSpeedGainRight": 1.4502, "car_lcSublane": 0.535, "car_sigma": 1.0, "car_tau_mean": 2.7587, "car_tau_std": 4.7894, "car_v_mean": 12.9631, "car_v_std": 3.4826}, "datetime": {"datetime": "2024-08-08 10:21:36", "elapsed": 1576.934149, "delta": 1.41333}}
{"target": -0.34297354661569657, "params": {"bus_acc": 2.1008, "bus_dcc": 3.8173, "bus_lcAssertive": 26.7926, "bus_lcCooperative": 0.4718, "bus_lcLookaheadLeft": 70.281, "bus_lcPushy": 0.1121, "bus_lcSigma": 0.9027, "bus_lcSpeedGainRight": 4.3854, "bus_lcSublane": 0.1528, "bus_sigma": 0.2224, "bus_tau_mean": 1.886, "bus_tau_std": 0.0871, "bus_v_mean": 8.5305, "bus_v_std": 15.8443, "car_acc": 1.6055, "car_dcc": 1.5753, "car_lcAssertive": 93.4853, "car_lcCooperative": 0.3791, "car_lcLookaheadLeft": 48.2183, "car_lcPushy": 0.1152, "car_lcSigma": 0.4964, "car_lcSpeedGainRight": 3.1997, "car_lcSublane": 0.7564, "car_sigma": 0.1791, "car_tau_mean": 0.872, "car_tau_std": 8.4275, "car_v_mean": 8.0434, "car_v_std": 5.7265}, "datetime": {"datetime": "2024-08-08 10:21:38", "elapsed": 1578.329525, "delta": 1.395376}}
{"target": -0.28883942420299696, "params": {"bus_acc": 1.6929, "bus_dcc": 1.3556, "bus_lcAssertive": 28.9086, "bus_lcCooperative": 1.0, "bus_lcLookaheadLeft": 34.9369, "bus_lcPushy": 0.7884, "bus_lcSigma": 0.705, "bus_lcSpeedGainRight": 4.3103, "bus_lcSublane": 0.5897, "bus_sigma": 0.2101, "bus_tau_mean": 1.8062, "bus_tau_std": 4.0527, "bus_v_mean": 8.0406, "bus_v_std": 8.4504, "car_acc": 1.8524, "car_dcc": 1.0987, "car_lcAssertive": 26.5592, "car_lcCooperative": 0.3605, "car_lcLookaheadLeft": 86.6945, "car_lcPushy": 0.482, "car_lcSigma": 0.7739, "car_lcSpeedGainRight": 1.4495, "car_lcSublane": 0.5359, "car_sigma": 1.0, "car_tau_mean": 2.758, "car_tau_std": 4.7887, "car_v_mean": 12.9624, "car_v_std": 3.4819}, "datetime": {"datetime": "2024-08-08 10:21:39", "elapsed": 1579.231355, "delta": 0.90183}}
{"target": -0.33498743228356453, "params": {"bus_acc": 1.6918, "bus_dcc": 1.3545, "bus_lcAssertive": 28.9075, "bus_lcCooperative": 1.0, "bus_lcLookaheadLeft": 34.9359, "bus_lcPushy": 0.7874, "bus_lcSigma": 0.704, "bus_lcSpeedGainRight": 4.3093, "bus_lcSublane": 0.5887, "bus_sigma": 0.2124, "bus_tau_mean": 1.8051, "bus_tau_std": 4.0517, "bus_v_mean": 8.0429, "bus_v_std": 8.451, "car_acc": 1.8513, "car_dcc": 1.0976, "car_lcAssertive": 26.5581, "car_lcCooperative": 0.3628, "car_lcLookaheadLeft": 86.6985, "car_lcPushy": 0.4843, "car_lcSigma": 0.7729, "car_lcSpeedGainRight": 1.4484, "car_lcSublane": 0.5365, "car_sigma": 1.0, "car_tau_mean": 2.7569, "car_tau_std": 4.7877, "car_v_mean": 12.9613, "car_v_std": 3.4809}, "datetime": {"datetime": "2024-08-08 10:21:40", "elapsed": 1580.040823, "delta": 0.809468}}
{"target": -0.40052859948854486, "params": {"bus_acc": 2.7162, "bus_dcc": 1.7116, "bus_lcAssertive": 96.1086, "bus_lcCooperative": 0.2554, "bus_lcLookaheadLeft": 45.8869, "bus_lcPushy": 0.4242, "bus_lcSigma": 0.6977, "bus_lcSpeedGainRight": 3.997, "bus_lcSublane": 0.4026, "bus_sigma": 0.4834, "bus_tau_mean": 3.926, "bus_tau_std": 2.2653, "bus_v_mean": 16.8819, "bus_v_std": 1.7734, "car_acc": 1.4441, "car_dcc": 3.9488, "car_lcAssertive": 15.8284, "car_lcCooperative": 0.7235, "car_lcLookaheadLeft": 19.2729, "car_lcPushy": 0.8236, "car_lcSigma": 0.7392, "car_lcSpeedGainRight": 0.7119, "car_lcSublane": 0.4598, "car_sigma": 0.6138, "car_tau_mean": 2.2951, "car_tau_std": 6.4744, "car_v_mean": 8.5619, "car_v_std": 8.6081}, "datetime": {"datetime": "2024-08-08 10:21:42", "elapsed": 1582.626175, "delta": 2.585352}}
{"target": -0.3474418606432693, "params": {"bus_acc": 1.0263, "bus_dcc": 3.792, "bus_lcAssertive": 31.1085, "bus_lcCooperative": 0.5058, "bus_lcLookaheadLeft": 68.1469, "bus_lcPushy": 0.2187, "bus_lcSigma": 0.4161, "bus_lcSpeedGainRight": 4.9364, "bus_lcSublane": 0.3089, "bus_sigma": 0.3006, "bus_tau_mean": 2.2153, "bus_tau_std": 4.9335, "bus_v_mean": 9.2548, "bus_v_std": 6.3645, "car_acc": 2.6645, "car_dcc": 1.9595, "car_lcAssertive": 68.0907, "car_lcCooperative": 0.5392, "car_lcLookaheadLeft": 12.1299, "car_lcPushy": 0.8813, "car_lcSigma": 0.8184, "car_lcSpeedGainRight": 1.2182, "car_lcSublane": 0.8901, "car_sigma": 0.3966, "car_tau_mean": 2.6078, "car_tau_std": 8.2652, "car_v_mean": 16.5449, "car_v_std": 15.7911}, "datetime": {"datetime": "2024-08-08 10:21:44", "elapsed": 1584.018029, "delta": 1.391854}}
{"target": -0.3483876754280182, "params": {"bus_acc": 1.6664, "bus_dcc": 2.546, "bus_lcAssertive": 66.2018, "bus_lcCooperative": 0.0904, "bus_lcLookaheadLeft": 40.2867, "bus_lcPushy": 0.066, "bus_lcSigma": 0.5979, "bus_lcSpeedGainRight": 0.0026, "bus_lcSublane": 0.9526, "bus_sigma": 0.9202, "bus_tau_mean": 2.3428, "bus_tau_std": 9.5492, "bus_v_mean": 10.0665, "bus_v_std": 14.6076, "car_acc": 2.5559, "car_dcc": 2.2114, "car_lcAssertive": 78.5482, "car_lcCooperative": 0.791, "car_lcLookaheadLeft": 85.3854, "car_lcPushy": 0.1043, "car_lcSigma": 0.9518, "car_lcSpeedGainRight": 1.1608, "car_lcSublane": 0.2165, "car_sigma": 0.1269, "car_tau_mean": 2.1526, "car_tau_std": 4.9784, "car_v_mean": 19.9797, "car_v_std": 11.8812}, "datetime": {"datetime": "2024-08-08 10:21:48", "elapsed": 1588.506038, "delta": 4.488009}}
{"target": -0.3164457435432026, "params": {"bus_acc": 1.6936, "bus_dcc": 1.3563, "bus_lcAssertive": 28.9093, "bus_lcCooperative": 1.0, "bus_lcLookaheadLeft": 34.9376, "bus_lcPushy": 0.7874, "bus_lcSigma": 0.704, "bus_lcSpeedGainRight": 4.311, "bus_lcSublane": 0.5887, "bus_sigma": 0.2125, "bus_tau_mean": 1.8069, "bus_tau_std": 4.0534, "bus_v_mean": 8.0413, "bus_v_std": 8.4494, "car_acc": 1.8531, "car_dcc": 1.0994, "car_lcAssertive": 26.5599, "car_lcCooperative": 0.3629, "car_lcLookaheadLeft": 86.6969, "car_lcPushy": 0.4844, "car_lcSigma": 0.7729, "car_lcSpeedGainRight": 1.4502, "car_lcSublane": 0.5366, "car_sigma": 1.0, "car_tau_mean": 2.7587, "car_tau_std": 4.7894, "car_v_mean": 12.9631, "car_v_std": 3.4826}, "datetime": {"datetime": "2024-08-08 10:21:50", "elapsed": 1590.897475, "delta": 2.391437}}
{"target": -0.34777294193856884, "params": {"bus_acc": 2.9398, "bus_dcc": 2.3514, "bus_lcAssertive": 10.9236, "bus_lcCooperative": 0.9819, "bus_lcLookaheadLeft": 24.8268, "bus_lcPushy": 0.327, "bus_lcSigma": 0.7123, "bus_lcSpeedGainRight": 4.5502, "bus_lcSublane": 0.4977, "bus_sigma": 0.783, "bus_tau_mean": 2.0706, "bus_tau_std": 3.3317, "bus_v_mean": 13.9114, "bus_v_std": 2.0199, "car_acc": 2.6585, "car_dcc": 3.5184, "car_lcAssertive": 21.6456, "car_lcCooperative": 0.1647, "car_lcLookaheadLeft": 20.0091, "car_lcPushy": 0.3159, "car_lcSigma": 0.1223, "car_lcSpeedGainRight": 3.7534, "car_lcSublane": 0.7396, "car_sigma": 0.1619, "car_tau_mean": 3.0876, "car_tau_std": 2.006, "car_v_mean": 11.3866, "car_v_std": 6.3091}, "datetime": {"datetime": "2024-08-08 10:21:52", "elapsed": 1592.540048, "delta": 1.642573}}
{"target": -0.33977291302450424, "params": {"bus_acc": 2.2699, "bus_dcc": 2.1252, "bus_lcAssertive": 78.1792, "bus_lcCooperative": 0.38, "bus_lcLookaheadLeft": 76.769, "bus_lcPushy": 0.8646, "bus_lcSigma": 0.7392, "bus_lcSpeedGainRight": 4.4388, "bus_lcSublane": 0.5501, "bus_sigma": 0.6925, "bus_tau_mean": 1.145, "bus_tau_std": 0.9994, "bus_v_mean": 10.7052, "bus_v_std": 12.4974, "car_acc": 1.419, "car_dcc": 1.4817, "car_lcAssertive": 71.5707, "car_lcCooperative": 0.9644, "car_lcLookaheadLeft": 21.6224, "car_lcPushy": 0.1455, "car_lcSigma": 0.6192, "car_lcSpeedGainRight": 4.9929, "car_lcSublane": 0.7803, "car_sigma": 0.8584, "car_tau_mean": 3.3757, "car_tau_std": 6.3657, "car_v_mean": 12.4259, "car_v_std": 13.4895}, "datetime": {"datetime": "2024-08-08 10:21:54", "elapsed": 1594.173609, "delta": 1.633561}}
{"target": -0.31571416346025283, "params": {"bus_acc": 1.6906, "bus_dcc": 1.3533, "bus_lcAssertive": 28.908, "bus_lcCooperative": 1.0, "bus_lcLookaheadLeft": 34.9363, "bus_lcPushy": 0.7894, "bus_lcSigma": 0.7044, "bus_lcSpeedGainRight": 4.3097, "bus_lcSublane": 0.5891, "bus_sigma": 0.2112, "bus_tau_mean": 1.8039, "bus_tau_std": 4.0537, "bus_v_mean": 8.0417, "bus_v_std": 8.4514, "car_acc": 1.8501, "car_dcc": 1.0964, "car_lcAssertive": 26.5586, "car_lcCooperative": 0.3616, "car_lcLookaheadLeft": 86.6989, "car_lcPushy": 0.4831, "car_lcSigma": 0.7716, "car_lcSpeedGainRight": 1.4472, "car_lcSublane": 0.5353, "car_sigma": 1.0, "car_tau_mean": 2.7557, "car_tau_std": 4.7897, "car_v_mean": 12.9618, "car_v_std": 3.4813}, "datetime": {"datetime": "2024-08-08 10:21:55", "elapsed": 1595.71298, "delta": 1.539371}}
{"target": -0.38670787054402467, "params": {"bus_acc": 2.4204, "bus_dcc": 3.7016, "bus_lcAssertive": 88.8024, "bus_lcCooperative": 0.7906, "bus_lcLookaheadLeft": 89.5965, "bus_lcPushy": 0.3164, "bus_lcSigma": 0.9557, "bus_lcSpeedGainRight": 4.3793, "bus_lcSublane": 0.1104, "bus_sigma": 0.4244, "bus_tau_mean": 3.597, "bus_tau_std": 2.8622, "bus_v_mean": 11.4959, "bus_v_std": 1.9931, "car_acc": 2.2816, "car_dcc": 3.7257, "car_lcAssertive": 22.1946, "car_lcCooperative": 0.8141, "car_lcLookaheadLeft": 74.534, "car_lcPushy": 0.5349, "car_lcSigma": 0.4621, "car_lcSpeedGainRight": 1.9945, "car_lcSublane": 0.186, "car_sigma": 0.6256, "car_tau_mean": 1.2281, "car_tau_std": 6.7543, "car_v_mean": 17.0441, "car_v_std": 9.5221}, "datetime": {"datetime": "2024-08-08 10:21:56", "elapsed": 1596.555662, "delta": 0.842682}}
{"target": -0.33777618396182363, "params": {"bus_acc": 1.6919, "bus_dcc": 1.3546, "bus_lcAssertive": 28.9076, "bus_lcCooperative": 1.0, "bus_lcLookaheadLeft": 34.9343, "bus_lcPushy": 0.7874, "bus_lcSigma": 0.704, "bus_lcSpeedGainRight": 4.3093, "bus_lcSublane": 0.5871, "bus_sigma": 0.2108, "bus_tau_mean": 1.8052, "bus_tau_std": 4.0517, "bus_v_mean": 8.0413, "bus_v_std": 8.4494, "car_acc": 1.8514, "car_dcc": 1.0977, "car_lcAssertive": 26.5566, "car_lcCooperative": 0.3612, "car_lcLookaheadLeft": 86.6985, "car_lcPushy": 0.4827, "car_lcSigma": 0.7729, "car_lcSpeedGainRight": 1.4485, "car_lcSublane": 0.5349, "car_sigma": 1.0, "car_tau_mean": 2.757, "car_tau_std": 4.7877, "car_v_mean": 12.9614, "car_v_std": 3.4809}, "datetime": {"datetime": "2024-08-08 10:21:57", "elapsed": 1597.584439, "delta": 1.028777}}
{"target": -0.3653358681668889, "params": {"bus_acc": 1.6926, "bus_dcc": 1.3522, "bus_lcAssertive": 28.9068, "bus_lcCooperative": 1.0, "bus_lcLookaheadLeft": 34.9351, "bus_lcPushy": 0.7881, "bus_lcSigma": 0.7047, "bus_lcSpeedGainRight": 4.31, "bus_lcSublane": 0.5894, "bus_sigma": 0.2115, "bus_tau_mean": 1.8059, "bus_tau_std": 4.0524, "bus_v_mean": 8.0405, "bus_v_std": 8.4486, "car_acc": 1.8521, "car_dcc": 1.0984, "car_lcAssertive": 26.5558, "car_lcCooperative": 0.3619, "car_lcLookaheadLeft": 86.6945, "car_lcPushy": 0.4834, "car_lcSigma": 0.7736, "car_lcSpeedGainRight": 1.4492, "car_lcSublane": 0.5356, "car_sigma": 1.0, "car_tau_mean": 2.7577, "car_tau_std": 4.7884, "car_v_mean": 12.9606, "car_v_std": 3.4785}, "datetime": {"datetime": "2024-08-08 10:21:58", "elapsed": 1598.531721, "delta": 0.947282}}
{"target": -0.3183025962331916, "params": {"bus_acc": 1.5253, "bus_dcc": 3.1444, "bus_lcAssertive": 19.0657, "bus_lcCooperative": 0.8532, "bus_lcLookaheadLeft": 93.5923, "bus_lcPushy": 0.2709, "bus_lcSigma": 0.1355, "bus_lcSpeedGainRight": 2.0272, "bus_lcSublane": 0.36, "bus_sigma": 0.2845, "bus_tau_mean": 3.6433, "bus_tau_std": 2.5089, "bus_v_mean": 20.7528, "bus_v_std": 11.5056, "car_acc": 2.7148, "car_dcc": 1.7648, "car_lcAssertive": 50.9088, "car_lcCooperative": 0.535, "car_lcLookaheadLeft": 81.7565, "car_lcPushy": 0.3725, "car_lcSigma": 0.5977, "car_lcSpeedGainRight": 2.7272, "car_lcSublane": 0.9939, "car_sigma": 0.9803, "car_tau_mean": 1.8721, "car_tau_std": 0.9769, "car_v_mean": 9.8566, "car_v_std": 12.9507}, "datetime": {"datetime": "2024-08-08 10:21:59", "elapsed": 1599.557258, "delta": 1.025537}}
{"target": -0.3472358502891192, "params": {"bus_acc": 1.6692, "bus_dcc": 1.3319, "bus_lcAssertive": 28.8849, "bus_lcCooperative": 0.9819, "bus_lcLookaheadLeft": 34.9132, "bus_lcPushy": 0.7647, "bus_lcSigma": 0.6813, "bus_lcSpeedGainRight": 4.2866, "bus_lcSublane": 0.566, "bus_sigma": 0.1881, "bus_tau_mean": 1.7825, "bus_tau_std": 4.029, "bus_v_mean": 8.0186, "bus_v_std": 8.4267, "car_acc": 1.8287, "car_dcc": 1.075, "car_lcAssertive": 26.5355, "car_lcCooperative": 0.3385, "car_lcLookaheadLeft": 86.6742, "car_lcPushy": 0.46, "car_lcSigma": 0.7502, "car_lcSpeedGainRight": 1.4258, "car_lcSublane": 0.5122, "car_sigma": 0.969, "car_tau_mean": 2.7343, "car_tau_std": 4.765, "car_v_mean": 12.9387, "car_v_std": 3.4582}, "datetime": {"datetime": "2024-08-08 10:22:04", "elapsed": 1604.932981, "delta": 5.375723}}
{"target": -0.27850865905386946, "params": {"bus_acc": 1.6922, "bus_dcc": 1.3549, "bus_lcAssertive": 28.9079, "bus_lcCooperative": 1.0, "bus_lcLookaheadLeft": 34.9362, "bus_lcPushy": 0.7877, "bus_lcSigma": 0.7043, "bus_lcSpeedGainRight": 4.3096, "bus_lcSublane": 0.589, "bus_sigma": 0.2095, "bus_tau_mean": 1.8055, "bus_tau_std": 4.052, "bus_v_mean": 8.04, "bus_v_std": 8.4481, "car_acc": 1.8517, "car_dcc": 1.098, "car_lcAssertive": 26.5585, "car_lcCooperative": 0.3582, "car_lcLookaheadLeft": 86.6956, "car_lcPushy": 0.4814, "car_lcSigma": 0.7732, "car_lcSpeedGainRight": 1.4488, "car_lcSublane": 0.5336, "car_sigma": 1.0, "car_tau_mean": 2.7573, "car_tau_std": 4.788, "car_v_mean": 12.9617, "car_v_std": 3.4812}, "datetime": {"datetime": "2024-08-08 10:22:08", "elapsed": 1608.542733, "delta": 3.609752}}
{"target": -0.30793101313106164, "params": {"bus_acc": 1.6923, "bus_dcc": 1.355, "bus_lcAssertive": 28.908, "bus_lcCooperative": 1.0, "bus_lcLookaheadLeft": 34.9363, "bus_lcPushy": 0.7878, "bus_lcSigma": 0.7028, "bus_lcSpeedGainRight": 4.3097, "bus_lcSublane": 0.5875, "bus_sigma": 0.2112, "bus_tau_mean": 1.8056, "bus_tau_std": 4.0521, "bus_v_mean": 8.0401, "bus_v_std": 8.4498, "car_acc": 1.8518, "car_dcc": 1.0981, "car_lcAssertive": 26.5586, "car_lcCooperative": 0.3632, "car_lcLookaheadLeft": 86.6989, "car_lcPushy": 0.4831, "car_lcSigma": 0.7733, "car_lcSpeedGainRight": 1.4489, "car_lcSublane": 0.5353, "car_sigma": 1.0, "car_tau_mean": 2.7574, "car_tau_std": 4.7881, "car_v_mean": 12.9618, "car_v_std": 3.4813}, "datetime": {"datetime": "2024-08-08 10:22:09", "elapsed": 1609.452202, "delta": 0.909469}}
{"target": -0.3572728177934763, "params": {"bus_acc": 1.6901, "bus_dcc": 1.3544, "bus_lcAssertive": 28.9089, "bus_lcCooperative": 1.0, "bus_lcLookaheadLeft": 34.9372, "bus_lcPushy": 0.7872, "bus_lcSigma": 0.7038, "bus_lcSpeedGainRight": 4.3091, "bus_lcSublane": 0.5885, "bus_sigma": 0.209, "bus_tau_mean": 1.805, "bus_tau_std": 4.0515, "bus_v_mean": 8.0426, "bus_v_std": 8.4507, "car_acc": 1.8512, "car_dcc": 1.0975, "car_lcAssertive": 26.5595, "car_lcCooperative": 0.3594, "car_lcLookaheadLeft": 86.6951, "car_lcPushy": 0.484, "car_lcSigma": 0.7727, "car_lcSpeedGainRight": 1.4483, "car_lcSublane": 0.5362, "car_sigma": 1.0, "car_tau_mean": 2.7568, "car_tau_std": 4.7875, "car_v_mean": 12.9627, "car_v_std": 3.4807}, "datetime": {"datetime": "2024-08-08 10:22:17", "elapsed": 1617.680221, "delta": 8.228019}}
{"target": -0.3285695817631076, "params": {"bus_acc": 1.692, "bus_dcc": 1.3547, "bus_lcAssertive": 28.9093, "bus_lcCooperative": 1.0, "bus_lcLookaheadLeft": 34.9376, "bus_lcPushy": 0.7875, "bus_lcSigma": 0.7041, "bus_lcSpeedGainRight": 4.3094, "bus_lcSublane": 0.5888, "bus_sigma": 0.2125, "bus_tau_mean": 1.8053, "bus_tau_std": 4.0518, "bus_v_mean": 8.043, "bus_v_std": 8.4495, "car_acc": 1.8515, "car_dcc": 1.0978, "car_lcAssertive": 26.5599, "car_lcCooperative": 0.3629, "car_lcLookaheadLeft": 86.697, "car_lcPushy": 0.4844, "car_lcSigma": 0.773, "car_lcSpeedGainRight": 1.4486, "car_lcSublane": 0.5366, "car_sigma": 1.0, "car_tau_mean": 2.7571, "car_tau_std": 4.7878, "car_v_mean": 12.9631, "car_v_std": 3.481}, "datetime": {"datetime": "2024-08-08 10:22:18", "elapsed": 1618.919753, "delta": 1.239532}}
{"target": -0.4272371073264922, "params": {"bus_acc": 1.3854, "bus_dcc": 3.2283, "bus_lcAssertive": 90.4853, "bus_lcCooperative": 0.9648, "bus_lcLookaheadLeft": 77.0248, "bus_lcPushy": 0.1202, "bus_lcSigma": 0.724, "bus_lcSpeedGainRight": 2.7462, "bus_lcSublane": 0.9011, "bus_sigma": 0.9115, "bus_tau_mean": 2.1788, "bus_tau_std": 5.1301, "bus_v_mean": 15.867, "bus_v_std": 2.364, "car_acc": 2.3117, "car_dcc": 2.506, "car_lcAssertive": 96.0975, "car_lcCooperative": 0.7305, "car_lcLookaheadLeft": 83.3394, "car_lcPushy": 0.9135, "car_lcSigma": 0.3839, "car_lcSpeedGainRight": 4.2852, "car_lcSublane": 0.5604, "car_sigma": 0.1963, "car_tau_mean": 1.4774, "car_tau_std": 5.2855, "car_v_mean": 9.2919, "car_v_std": 1.6206}, "datetime": {"datetime": "2024-08-08 10:22:20", "elapsed": 1620.241717, "delta": 1.321964}}
{"target": -0.35015260218521016, "params": {"bus_acc": 2.3915, "bus_dcc": 2.0554, "bus_lcAssertive": 67.2133, "bus_lcCooperative": 0.8478, "bus_lcLookaheadLeft": 48.2635, "bus_lcPushy": 0.289, "bus_lcSigma": 0.6548, "bus_lcSpeedGainRight": 4.3893, "bus_lcSublane": 0.8625, "bus_sigma": 0.4904, "bus_tau_mean": 2.2451, "bus_tau_std": 1.7589, "bus_v_mean": 21.9822, "bus_v_std": 8.2287, "car_acc": 2.1437, "car_dcc": 2.1481, "car_lcAssertive": 44.2259, "car_lcCooperative": 0.2474, "car_lcLookaheadLeft": 54.5568, "car_lcPushy": 0.8589, "car_lcSigma": 0.1948, "car_lcSpeedGainRight": 4.7386, "car_lcSublane": 0.8635, "car_sigma": 0.6612, "car_tau_mean": 0.6487, "car_tau_std": 9.446, "car_v_mean": 16.0956, "car_v_std": 12.3174}, "datetime": {"datetime": "2024-08-08 10:22:26", "elapsed": 1626.098446, "delta": 5.856729}}
{"target": -0.3173660330653838, "params": {"bus_acc": 1.6906, "bus_dcc": 1.3533, "bus_lcAssertive": 28.9079, "bus_lcCooperative": 1.0, "bus_lcLookaheadLeft": 34.9362, "bus_lcPushy": 0.7861, "bus_lcSigma": 0.7043, "bus_lcSpeedGainRight": 4.308, "bus_lcSublane": 0.589, "bus_sigma": 0.2095, "bus_tau_mean": 1.8071, "bus_tau_std": 4.0536, "bus_v_mean": 8.0416, "bus_v_std": 8.4513, "car_acc": 1.8533, "car_dcc": 1.0964, "car_lcAssertive": 26.5585, "car_lcCooperative": 0.3599, "car_lcLookaheadLeft": 86.6972, "car_lcPushy": 0.4814, "car_lcSigma": 0.7748, "car_lcSpeedGainRight": 1.4472, "car_lcSublane": 0.5352, "car_sigma": 1.0, "car_tau_mean": 2.7589, "car_tau_std": 4.7896, "car_v_mean": 12.9617, "car_v_std": 3.4828}, "datetime": {"datetime": "2024-08-08 10:22:31", "elapsed": 1631.5936, "delta": 5.495154}}
{"target": -0.3468050964565766, "params": {"bus_acc": 1.6564, "bus_dcc": 1.9682, "bus_lcAssertive": 11.225, "bus_lcCooperative": 0.8645, "bus_lcLookaheadLeft": 10.7703, "bus_lcPushy": 0.7256, "bus_lcSigma": 0.0828, "bus_lcSpeedGainRight": 3.9612, "bus_lcSublane": 0.2946, "bus_sigma": 0.355, "bus_tau_mean": 2.3396, "bus_tau_std": 9.1612, "bus_v_mean": 16.5227, "bus_v_std": 19.8754, "car_acc": 2.4721, "car_dcc": 3.3967, "car_lcAssertive": 52.8777, "car_lcCooperative": 0.1133, "car_lcLookaheadLeft": 80.0419, "car_lcPushy": 0.5811, "car_lcSigma": 0.2677, "car_lcSpeedGainRight": 1.0376, "car_lcSublane": 0.1107, "car_sigma": 0.9397, "car_tau_mean": 2.6715, "car_tau_std": 4.583, "car_v_mean": 19.2879, "car_v_std": 8.9825}, "datetime": {"datetime": "2024-08-08 10:22:36", "elapsed": 1636.191967, "delta": 4.598367}}
{"target": -0.39517169636538874, "params": {"bus_acc": 1.0626, "bus_dcc": 2.6095, "bus_lcAssertive": 48.4045, "bus_lcCooperative": 0.4124, "bus_lcLookaheadLeft": 85.2549, "bus_lcPushy": 0.0605, "bus_lcSigma": 0.6233, "bus_lcSpeedGainRight": 0.6277, "bus_lcSublane": 0.7529, "bus_sigma": 0.9783, "bus_tau_mean": 3.4215, "bus_tau_std": 4.1149, "bus_v_mean": 21.0041, "bus_v_std": 12.4945, "car_acc": 1.672, "car_dcc": 3.3195, "car_lcAssertive": 59.1433, "car_lcCooperative": 0.6098, "car_lcLookaheadLeft": 53.0525, "car_lcPushy": 0.4651, "car_lcSigma": 0.5352, "car_lcSpeedGainRight": 2.5804, "car_lcSublane": 0.6763, "car_sigma": 0.5583, "car_tau_mean": 0.9503, "car_tau_std": 3.7332, "car_v_mean": 19.6095, "car_v_std": 7.4194}, "datetime": {"datetime": "2024-08-08 10:22:45", "elapsed": 1645.384342, "delta": 9.192375}}
{"target": -0.33530702986934796, "params": {"bus_acc": 1.6725, "bus_dcc": 1.3352, "bus_lcAssertive": 28.8882, "bus_lcCooperative": 0.9852, "bus_lcLookaheadLeft": 34.9165, "bus_lcPushy": 0.768, "bus_lcSigma": 0.6846, "bus_lcSpeedGainRight": 4.2899, "bus_lcSublane": 0.5693, "bus_sigma": 0.1914, "bus_tau_mean": 1.7858, "bus_tau_std": 4.0323, "bus_v_mean": 8.0219, "bus_v_std": 8.43, "car_acc": 1.832, "car_dcc": 1.0783, "car_lcAssertive": 26.5388, "car_lcCooperative": 0.3418, "car_lcLookaheadLeft": 86.6775, "car_lcPushy": 0.4633, "car_lcSigma": 0.7535, "car_lcSpeedGainRight": 1.4291, "car_lcSublane": 0.5155, "car_sigma": 0.9723, "car_tau_mean": 2.7376, "car_tau_std": 4.7683, "car_v_mean": 12.942, "car_v_std": 3.4615}, "datetime": {"datetime": "2024-08-08 10:22:49", "elapsed": 1649.910072, "delta": 4.52573}}
{"target": -0.37561983983757424, "params": {"bus_acc": 1.2651, "bus_dcc": 2.7278, "bus_lcAssertive": 14.1095, "bus_lcCooperative": 0.2901, "bus_lcLookaheadLeft": 44.0645, "bus_lcPushy": 0.3219, "bus_lcSigma": 0.1695, "bus_lcSpeedGainRight": 0.0713, "bus_lcSublane": 0.8122, "bus_sigma": 0.6838, "bus_tau_mean": 3.3342, "bus_tau_std": 3.2381, "bus_v_mean": 12.8512, "bus_v_std": 15.5453, "car_acc": 1.0804, "car_dcc": 2.2526, "car_lcAssertive": 18.2369, "car_lcCooperative": 0.2512, "car_lcLookaheadLeft": 3.3934, "car_lcPushy": 0.4563, "car_lcSigma": 0.8824, "car_lcSpeedGainRight": 0.8128, "car_lcSublane": 0.2651, "car_sigma": 0.806, "car_tau_mean": 1.7106, "car_tau_std": 8.673, "car_v_mean": 18.8056, "car_v_std": 16.667}, "datetime": {"datetime": "2024-08-08 10:22:51", "elapsed": 1651.542997, "delta": 1.632925}}
