{"target": -0.34387233415524565, "params": {"bus_acc": 2.1187, "bus_dcc": 2.3121, "bus_lcAssertive": 21.2532, "bus_lcCooperative": 0.7202, "bus_lcLookaheadLeft": 33.7735, "bus_lcPushy": 0.8812, "bus_lcSigma": 0.2246, "bus_lcSpeedGainRight": 3.9578, "bus_lcSublane": 0.3235, "bus_sigma": 0.2917, "bus_tau_mean": 2.2001, "bus_tau_std": 6.0732, "bus_v_mean": 12.8968, "bus_v_std": 17.2118, "car_acc": 2.9904, "car_dcc": 1.9224, "car_lcAssertive": 65.2096, "car_lcCooperative": 0.5352, "car_lcLookaheadLeft": 19.703, "car_lcPushy": 0.4375, "car_lcSigma": 0.0959, "car_lcSpeedGainRight": 4.7016, "car_lcSublane": 0.3399, "car_sigma": 0.2519, "car_tau_mean": 2.8376, "car_tau_std": 6.0351, "car_v_mean": 23.5841, "car_v_std": 17.9757}, "datetime": {"datetime": "2024-08-08 13:09:49", "elapsed": 1376.885162, "delta": 3.144667}}
{"target": -0.3185405937196371, "params": {"bus_acc": 1.8893, "bus_dcc": 1.8962, "bus_lcAssertive": 76.1436, "bus_lcCooperative": 0.5994, "bus_lcLookaheadLeft": 28.7002, "bus_lcPushy": 0.5276, "bus_lcSigma": 0.6146, "bus_lcSpeedGainRight": 3.0782, "bus_lcSublane": 0.5297, "bus_sigma": 0.3435, "bus_tau_mean": 2.1739, "bus_tau_std": 3.3413, "bus_v_mean": 11.3747, "bus_v_std": 10.609, "car_acc": 3.7552, "car_dcc": 3.0742, "car_lcAssertive": 9.3778, "car_lcCooperative": 0.4429, "car_lcLookaheadLeft": 18.4644, "car_lcPushy": 0.5563, "car_lcSigma": 0.8779, "car_lcSpeedGainRight": 2.2742, "car_lcSublane": 0.4449, "car_sigma": 0.7853, "car_tau_mean": 2.875, "car_tau_std": 2.5581, "car_v_mean": 21.502, "car_v_std": 17.2895}, "datetime": {"datetime": "2024-08-08 13:09:51", "elapsed": 1378.559131, "delta": 1.673969}}
{"target": -0.3421879559275841, "params": {"bus_acc": 1.7799, "bus_dcc": 1.8795, "bus_lcAssertive": 76.3208, "bus_lcCooperative": 0.5537, "bus_lcLookaheadLeft": 29.0217, "bus_lcPushy": 0.5193, "bus_lcSigma": 0.5474, "bus_lcSpeedGainRight": 2.8904, "bus_lcSublane": 0.4834, "bus_sigma": 0.3038, "bus_tau_mean": 2.0701, "bus_tau_std": 3.2592, "bus_v_mean": 11.4777, "bus_v_std": 10.2997, "car_acc": 3.6492, "car_dcc": 3.0626, "car_lcAssertive": 9.3063, "car_lcCooperative": 0.4106, "car_lcLookaheadLeft": 18.7691, "car_lcPushy": 0.5714, "car_lcSigma": 0.8449, "car_lcSpeedGainRight": 2.2511, "car_lcSublane": 0.4483, "car_sigma": 0.7381, "car_tau_mean": 2.7891, "car_tau_std": 2.6781, "car_v_mean": 21.455, "car_v_std": 17.3933}, "datetime": {"datetime": "2024-08-08 13:09:55", "elapsed": 1382.580592, "delta": 4.021461}}
{"target": -0.33796493057001653, "params": {"bus_acc": 1.8292, "bus_dcc": 1.9065, "bus_lcAssertive": 76.1085, "bus_lcCooperative": 0.5836, "bus_lcLookaheadLeft": 28.8905, "bus_lcPushy": 0.5369, "bus_lcSigma": 0.6165, "bus_lcSpeedGainRight": 2.9947, "bus_lcSublane": 0.5393, "bus_sigma": 0.3499, "bus_tau_mean": 2.1144, "bus_tau_std": 3.2949, "bus_v_mean": 11.4503, "bus_v_std": 10.6465, "car_acc": 3.7155, "car_dcc": 3.0892, "car_lcAssertive": 9.3068, "car_lcCooperative": 0.4356, "car_lcLookaheadLeft": 18.5599, "car_lcPushy": 0.5476, "car_lcSigma": 0.8813, "car_lcSpeedGainRight": 2.2763, "car_lcSublane": 0.4345, "car_sigma": 0.7698, "car_tau_mean": 2.8841, "car_tau_std": 2.5232, "car_v_mean": 21.4166, "car_v_std": 17.4013}, "datetime": {"datetime": "2024-08-08 13:09:55", "elapsed": 1383.197877, "delta": 0.617285}}
{"target": -0.3898813531611449, "params": {"bus_acc": 4.1624, "bus_dcc": 1.1722, "bus_lcAssertive": 6.77, "bus_lcCooperative": 0.2388, "bus_lcLookaheadLeft": 23.6085, "bus_lcPushy": 0.1217, "bus_lcSigma": 0.8101, "bus_lcSpeedGainRight": 3.6987, "bus_lcSublane": 0.5276, "bus_sigma": 0.439, "bus_tau_mean": 2.3685, "bus_tau_std": 6.0473, "bus_v_mean": 16.7614, "bus_v_std": 2.5978, "car_acc": 1.3977, "car_dcc": 2.2441, "car_lcAssertive": 27.5907, "car_lcCooperative": 0.9641, "car_lcLookaheadLeft": 99.9097, "car_lcPushy": 0.4419, "car_lcSigma": 0.6299, "car_lcSpeedGainRight": 0.2392, "car_lcSublane": 0.3726, "car_sigma": 0.0306, "car_tau_mean": 0.8531, "car_tau_std": 2.5958, "car_v_mean": 15.4667, "car_v_std": 11.9517}, "datetime": {"datetime": "2024-08-08 13:10:00", "elapsed": 1388.281449, "delta": 5.083572}}
{"target": -0.37289479049510166, "params": {"bus_acc": 3.6472, "bus_dcc": 2.3294, "bus_lcAssertive": 41.9178, "bus_lcCooperative": 0.9991, "bus_lcLookaheadLeft": 25.6493, "bus_lcPushy": 0.3567, "bus_lcSigma": 0.7163, "bus_lcSpeedGainRight": 2.7209, "bus_lcSublane": 0.3946, "bus_sigma": 0.5942, "bus_tau_mean": 3.5206, "bus_tau_std": 3.6923, "bus_v_mean": 22.0517, "bus_v_std": 7.1117, "car_acc": 1.8406, "car_dcc": 2.4815, "car_lcAssertive": 80.5937, "car_lcCooperative": 0.0881, "car_lcLookaheadLeft": 65.8375, "car_lcPushy": 0.1851, "car_lcSigma": 0.59, "car_lcSpeedGainRight": 1.9047, "car_lcSublane": 0.6726, "car_sigma": 0.903, "car_tau_mean": 2.2502, "car_tau_std": 8.5183, "car_v_mean": 14.2874, "car_v_std": 17.2312}, "datetime": {"datetime": "2024-08-08 13:10:04", "elapsed": 1392.160082, "delta": 3.878633}}
{"target": -0.3556013734690738, "params": {"bus_acc": 1.3464, "bus_dcc": 3.0607, "bus_lcAssertive": 85.8279, "bus_lcCooperative": 0.4899, "bus_lcLookaheadLeft": 81.2533, "bus_lcPushy": 0.8908, "bus_lcSigma": 0.4208, "bus_lcSpeedGainRight": 2.2318, "bus_lcSublane": 0.8202, "bus_sigma": 0.1319, "bus_tau_mean": 1.9122, "bus_tau_std": 8.1233, "bus_v_mean": 15.5329, "bus_v_std": 6.5385, "car_acc": 3.7051, "car_dcc": 2.2413, "car_lcAssertive": 34.343, "car_lcCooperative": 0.812, "car_lcLookaheadLeft": 67.5111, "car_lcPushy": 0.8977, "car_lcSigma": 0.8646, "car_lcSpeedGainRight": 3.9627, "car_lcSublane": 0.4317, "car_sigma": 0.9571, "car_tau_mean": 1.5473, "car_tau_std": 4.9644, "car_v_mean": 14.5942, "car_v_std": 11.7418}, "datetime": {"datetime": "2024-08-08 13:10:12", "elapsed": 1399.740292, "delta": 7.58021}}
{"target": -0.3521084096294094, "params": {"bus_acc": 4.6514, "bus_dcc": 2.4639, "bus_lcAssertive": 73.071, "bus_lcCooperative": 0.9827, "bus_lcLookaheadLeft": 73.7125, "bus_lcPushy": 0.113, "bus_lcSigma": 0.4362, "bus_lcSpeedGainRight": 0.4547, "bus_lcSublane": 0.3307, "bus_sigma": 0.6371, "bus_tau_mean": 0.9663, "bus_tau_std": 4.7095, "bus_v_mean": 13.9258, "bus_v_std": 1.1977, "car_acc": 2.84, "car_dcc": 2.6347, "car_lcAssertive": 8.7586, "car_lcCooperative": 0.7026, "car_lcLookaheadLeft": 55.2928, "car_lcPushy": 0.9777, "car_lcSigma": 0.9423, "car_lcSpeedGainRight": 2.3168, "car_lcSublane": 0.5164, "car_sigma": 0.9356, "car_tau_mean": 3.8591, "car_tau_std": 6.7072, "car_v_mean": 19.1056, "car_v_std": 10.2566}, "datetime": {"datetime": "2024-08-08 13:10:14", "elapsed": 1402.315152, "delta": 2.57486}}
{"target": -0.3651643263203054, "params": {"bus_acc": 3.981, "bus_dcc": 1.7582, "bus_lcAssertive": 23.9768, "bus_lcCooperative": 0.589, "bus_lcLookaheadLeft": 90.3777, "bus_lcPushy": 0.0315, "bus_lcSigma": 0.0888, "bus_lcSpeedGainRight": 1.5782, "bus_lcSublane": 0.8279, "bus_sigma": 0.9166, "bus_tau_mean": 1.633, "bus_tau_std": 2.0656, "bus_v_mean": 8.6308, "bus_v_std": 6.5578, "car_acc": 1.2959, "car_dcc": 3.5668, "car_lcAssertive": 86.4307, "car_lcCooperative": 0.3904, "car_lcLookaheadLeft": 96.5872, "car_lcPushy": 0.399, "car_lcSigma": 0.9405, "car_lcSpeedGainRight": 4.8819, "car_lcSublane": 0.9512, "car_sigma": 0.1216, "car_tau_mean": 2.3266, "car_tau_std": 9.4382, "car_v_mean": 20.8112, "car_v_std": 5.9163}, "datetime": {"datetime": "2024-08-08 13:10:19", "elapsed": 1406.661993, "delta": 4.346841}}
{"target": -0.33648748519226557, "params": {"bus_acc": 4.5188, "bus_dcc": 1.7487, "bus_lcAssertive": 77.6134, "bus_lcCooperative": 0.4774, "bus_lcLookaheadLeft": 10.0031, "bus_lcPushy": 0.3306, "bus_lcSigma": 0.7431, "bus_lcSpeedGainRight": 4.3883, "bus_lcSublane": 0.3024, "bus_sigma": 0.85, "bus_tau_mean": 2.6433, "bus_tau_std": 5.1599, "bus_v_mean": 11.8385, "bus_v_std": 6.8804, "car_acc": 3.123, "car_dcc": 1.508, "car_lcAssertive": 38.2883, "car_lcCooperative": 0.1533, "car_lcLookaheadLeft": 72.1806, "car_lcPushy": 0.4889, "car_lcSigma": 0.2909, "car_lcSpeedGainRight": 2.7718, "car_lcSublane": 0.3077, "car_sigma": 0.4297, "car_tau_mean": 2.2429, "car_tau_std": 4.9073, "car_v_mean": 13.8632, "car_v_std": 14.8813}, "datetime": {"datetime": "2024-08-08 13:10:21", "elapsed": 1409.120064, "delta": 2.458071}}
{"target": -0.34627368344404974, "params": {"bus_acc": 2.8672, "bus_dcc": 1.8236, "bus_lcAssertive": 69.3735, "bus_lcCooperative": 0.4082, "bus_lcLookaheadLeft": 22.9673, "bus_lcPushy": 0.9916, "bus_lcSigma": 0.8695, "bus_lcSpeedGainRight": 2.3039, "bus_lcSublane": 0.9321, "bus_sigma": 0.929, "bus_tau_mean": 0.7095, "bus_tau_std": 7.8752, "bus_v_mean": 15.4963, "bus_v_std": 13.901, "car_acc": 2.5972, "car_dcc": 3.344, "car_lcAssertive": 9.7194, "car_lcCooperative": 0.2203, "car_lcLookaheadLeft": 7.0628, "car_lcPushy": 0.5868, "car_lcSigma": 0.9007, "car_lcSpeedGainRight": 3.259, "car_lcSublane": 0.8937, "car_sigma": 0.8272, "car_tau_mean": 2.1208, "car_tau_std": 4.7753, "car_v_mean": 9.035, "car_v_std": 0.5794}, "datetime": {"datetime": "2024-08-08 13:10:23", "elapsed": 1410.740352, "delta": 1.620288}}
{"target": -0.32283646484008754, "params": {"bus_acc": 1.311, "bus_dcc": 1.8677, "bus_lcAssertive": 81.5766, "bus_lcCooperative": 0.4755, "bus_lcLookaheadLeft": 33.9039, "bus_lcPushy": 0.5816, "bus_lcSigma": 0.4566, "bus_lcSpeedGainRight": 2.241, "bus_lcSublane": 0.6836, "bus_sigma": 0.1158, "bus_tau_mean": 1.7735, "bus_tau_std": 3.1372, "bus_v_mean": 10.3217, "bus_v_std": 6.5405, "car_acc": 3.7813, "car_dcc": 3.0062, "car_lcAssertive": 9.7629, "car_lcCooperative": 0.6477, "car_lcLookaheadLeft": 15.6118, "car_lcPushy": 0.6029, "car_lcSigma": 0.9255, "car_lcSpeedGainRight": 2.5577, "car_lcSublane": 0.3543, "car_sigma": 0.7717, "car_tau_mean": 2.4797, "car_tau_std": 3.863, "car_v_mean": 23.6141, "car_v_std": 18.9304}, "datetime": {"datetime": "2024-08-08 13:10:25", "elapsed": 1413.02687, "delta": 2.286518}}
{"target": -0.35991316733282175, "params": {"bus_acc": 1.361, "bus_dcc": 2.674, "bus_lcAssertive": 13.4315, "bus_lcCooperative": 0.5765, "bus_lcLookaheadLeft": 15.803, "bus_lcPushy": 0.8975, "bus_lcSigma": 0.1449, "bus_lcSpeedGainRight": 3.5415, "bus_lcSublane": 0.1797, "bus_sigma": 0.8098, "bus_tau_mean": 1.6804, "bus_tau_std": 4.6265, "bus_v_mean": 11.4764, "bus_v_std": 1.5358, "car_acc": 1.0592, "car_dcc": 2.7176, "car_lcAssertive": 28.4115, "car_lcCooperative": 0.7896, "car_lcLookaheadLeft": 88.0137, "car_lcPushy": 0.5071, "car_lcSigma": 0.7838, "car_lcSpeedGainRight": 2.2336, "car_lcSublane": 0.8722, "car_sigma": 0.3746, "car_tau_mean": 1.3294, "car_tau_std": 6.8714, "car_v_mean": 14.4591, "car_v_std": 13.8843}, "datetime": {"datetime": "2024-08-08 13:10:28", "elapsed": 1415.750404, "delta": 2.723534}}
{"target": -0.2962623538541333, "params": {"bus_acc": 5.0, "bus_dcc": 1.0568, "bus_lcAssertive": 84.315, "bus_lcCooperative": 0.0, "bus_lcLookaheadLeft": 3.789, "bus_lcPushy": 0.0, "bus_lcSigma": 0.974, "bus_lcSpeedGainRight": 5.0, "bus_lcSublane": 0.4366, "bus_sigma": 1.0, "bus_tau_mean": 3.8527, "bus_tau_std": 6.3002, "bus_v_mean": 13.0934, "bus_v_std": 8.3449, "car_acc": 2.6195, "car_dcc": 1.0, "car_lcAssertive": 37.0148, "car_lcCooperative": 0.0, "car_lcLookaheadLeft": 59.6028, "car_lcPushy": 0.9669, "car_lcSigma": 0.2356, "car_lcSpeedGainRight": 4.3757, "car_lcSublane": 0.4211, "car_sigma": 0.3203, "car_tau_mean": 1.5262, "car_tau_std": 3.1495, "car_v_mean": 10.9543, "car_v_std": 13.818}, "datetime": {"datetime": "2024-08-08 13:10:30", "elapsed": 1417.555166, "delta": 1.804762}}
{"target": -0.3476382590133429, "params": {"bus_acc": 4.6631, "bus_dcc": 3.6309, "bus_lcAssertive": 58.2889, "bus_lcCooperative": 0.2357, "bus_lcLookaheadLeft": 96.5216, "bus_lcPushy": 0.1722, "bus_lcSigma": 0.5995, "bus_lcSpeedGainRight": 1.6057, "bus_lcSublane": 0.4287, "bus_sigma": 0.757, "bus_tau_mean": 1.1032, "bus_tau_std": 0.8855, "bus_v_mean": 16.2632, "bus_v_std": 3.172, "car_acc": 1.8598, "car_dcc": 1.526, "car_lcAssertive": 23.4863, "car_lcCooperative": 0.8877, "car_lcLookaheadLeft": 81.5199, "car_lcPushy": 0.5302, "car_lcSigma": 0.8139, "car_lcSpeedGainRight": 4.0139, "car_lcSublane": 0.2472, "car_sigma": 0.9363, "car_tau_mean": 0.6236, "car_tau_std": 2.0837, "car_v_mean": 9.7548, "car_v_std": 6.5529}, "datetime": {"datetime": "2024-08-08 13:10:30", "elapsed": 1418.415421, "delta": 0.860255}}
{"target": -0.3436219863935087, "params": {"bus_acc": 4.517, "bus_dcc": 1.7769, "bus_lcAssertive": 77.7594, "bus_lcCooperative": 0.4499, "bus_lcLookaheadLeft": 10.3355, "bus_lcPushy": 0.3173, "bus_lcSigma": 0.7478, "bus_lcSpeedGainRight": 4.4096, "bus_lcSublane": 0.2988, "bus_sigma": 0.8625, "bus_tau_mean": 2.6225, "bus_tau_std": 5.0252, "bus_v_mean": 11.7285, "bus_v_std": 6.6285, "car_acc": 3.1366, "car_dcc": 1.4025, "car_lcAssertive": 38.3692, "car_lcCooperative": 0.1563, "car_lcLookaheadLeft": 72.9459, "car_lcPushy": 0.5175, "car_lcSigma": 0.2929, "car_lcSpeedGainRight": 2.7712, "car_lcSublane": 0.2877, "car_sigma": 0.428, "car_tau_mean": 2.2319, "car_tau_std": 4.7817, "car_v_mean": 13.8538, "car_v_std": 14.6844}, "datetime": {"datetime": "2024-08-08 13:10:34", "elapsed": 1421.823875, "delta": 3.408454}}
{"target": -0.33398401732416283, "params": {"bus_acc": 3.3244, "bus_dcc": 1.0706, "bus_lcAssertive": 53.4681, "bus_lcCooperative": 0.6736, "bus_lcLookaheadLeft": 54.4227, "bus_lcPushy": 0.4788, "bus_lcSigma": 0.3925, "bus_lcSpeedGainRight": 1.9127, "bus_lcSublane": 0.7376, "bus_sigma": 0.2736, "bus_tau_mean": 3.4807, "bus_tau_std": 6.0723, "bus_v_mean": 8.4786, "bus_v_std": 10.0686, "car_acc": 2.9569, "car_dcc": 1.2392, "car_lcAssertive": 91.235, "car_lcCooperative": 0.2797, "car_lcLookaheadLeft": 69.5684, "car_lcPushy": 0.9826, "car_lcSigma": 0.6783, "car_lcSpeedGainRight": 1.3154, "car_lcSublane": 0.9582, "car_sigma": 0.9534, "car_tau_mean": 3.3876, "car_tau_std": 6.2347, "car_v_mean": 21.3152, "car_v_std": 13.2986}, "datetime": {"datetime": "2024-08-08 13:10:39", "elapsed": 1427.305259, "delta": 5.481384}}
{"target": -0.3468104232255739, "params": {"bus_acc": 1.2565, "bus_dcc": 1.8901, "bus_lcAssertive": 81.6653, "bus_lcCooperative": 0.4844, "bus_lcLookaheadLeft": 33.9553, "bus_lcPushy": 0.5827, "bus_lcSigma": 0.469, "bus_lcSpeedGainRight": 2.1847, "bus_lcSublane": 0.689, "bus_sigma": 0.1144, "bus_tau_mean": 1.7919, "bus_tau_std": 3.0567, "bus_v_mean": 10.2699, "bus_v_std": 6.4222, "car_acc": 3.8205, "car_dcc": 2.9964, "car_lcAssertive": 9.773, "car_lcCooperative": 0.6609, "car_lcLookaheadLeft": 15.4457, "car_lcPushy": 0.6169, "car_lcSigma": 0.9207, "car_lcSpeedGainRight": 2.5792, "car_lcSublane": 0.355, "car_sigma": 0.7819, "car_tau_mean": 2.489, "car_tau_std": 3.7967, "car_v_mean": 23.7544, "car_v_std": 18.9929}, "datetime": {"datetime": "2024-08-08 13:10:42", "elapsed": 1430.291751, "delta": 2.986492}}
{"target": -0.344217835851656, "params": {"bus_acc": 1.3008, "bus_dcc": 1.92, "bus_lcAssertive": 81.7033, "bus_lcCooperative": 0.4782, "bus_lcLookaheadLeft": 34.067, "bus_lcPushy": 0.5905, "bus_lcSigma": 0.4627, "bus_lcSpeedGainRight": 2.2532, "bus_lcSublane": 0.6825, "bus_sigma": 0.1458, "bus_tau_mean": 1.7828, "bus_tau_std": 3.2157, "bus_v_mean": 10.526, "bus_v_std": 6.7759, "car_acc": 3.7783, "car_dcc": 2.9931, "car_lcAssertive": 9.4191, "car_lcCooperative": 0.6462, "car_lcLookaheadLeft": 15.7321, "car_lcPushy": 0.6064, "car_lcSigma": 0.9317, "car_lcSpeedGainRight": 2.6207, "car_lcSublane": 0.3534, "car_sigma": 0.7538, "car_tau_mean": 2.499, "car_tau_std": 3.967, "car_v_mean": 23.3264, "car_v_std": 18.5989}, "datetime": {"datetime": "2024-08-08 13:10:44", "elapsed": 1432.451659, "delta": 2.159908}}
{"target": -0.35204909399012485, "params": {"bus_acc": 4.6542, "bus_dcc": 1.6594, "bus_lcAssertive": 76.9594, "bus_lcCooperative": 0.5184, "bus_lcLookaheadLeft": 8.5624, "bus_lcPushy": 0.3142, "bus_lcSigma": 0.7688, "bus_lcSpeedGainRight": 4.3667, "bus_lcSublane": 0.2853, "bus_sigma": 0.8604, "bus_tau_mean": 2.6601, "bus_tau_std": 5.4973, "bus_v_mean": 11.9622, "bus_v_std": 7.2356, "car_acc": 3.147, "car_dcc": 1.6344, "car_lcAssertive": 37.4329, "car_lcCooperative": 0.1335, "car_lcLookaheadLeft": 70.6533, "car_lcPushy": 0.4482, "car_lcSigma": 0.2915, "car_lcSpeedGainRight": 2.8151, "car_lcSublane": 0.329, "car_sigma": 0.4094, "car_tau_mean": 2.2961, "car_tau_std": 4.9358, "car_v_mean": 13.8786, "car_v_std": 15.1429}, "datetime": {"datetime": "2024-08-08 13:10:46", "elapsed": 1433.705775, "delta": 1.254116}}
{"target": -0.334698299223929, "params": {"bus_acc": 1.2971, "bus_dcc": 1.8726, "bus_lcAssertive": 81.6457, "bus_lcCooperative": 0.472, "bus_lcLookaheadLeft": 33.8338, "bus_lcPushy": 0.589, "bus_lcSigma": 0.4602, "bus_lcSpeedGainRight": 2.167, "bus_lcSublane": 0.7002, "bus_sigma": 0.1088, "bus_tau_mean": 1.7817, "bus_tau_std": 3.056, "bus_v_mean": 10.2547, "bus_v_std": 6.2466, "car_acc": 3.8382, "car_dcc": 3.062, "car_lcAssertive": 9.7946, "car_lcCooperative": 0.6572, "car_lcLookaheadLeft": 15.4042, "car_lcPushy": 0.6041, "car_lcSigma": 0.9258, "car_lcSpeedGainRight": 2.5386, "car_lcSublane": 0.3639, "car_sigma": 0.7843, "car_tau_mean": 2.4841, "car_tau_std": 3.8774, "car_v_mean": 23.7825, "car_v_std": 19.1366}, "datetime": {"datetime": "2024-08-08 13:10:46", "elapsed": 1434.494993, "delta": 0.789218}}
{"target": -0.33439625306440934, "params": {"bus_acc": 3.1135, "bus_dcc": 3.18, "bus_lcAssertive": 63.255, "bus_lcCooperative": 0.3723, "bus_lcLookaheadLeft": 58.4265, "bus_lcPushy": 0.6525, "bus_lcSigma": 0.357, "bus_lcSpeedGainRight": 1.7543, "bus_lcSublane": 0.1317, "bus_sigma": 0.5519, "bus_tau_mean": 1.333, "bus_tau_std": 2.3818, "bus_v_mean": 14.5721, "bus_v_std": 5.4632, "car_acc": 2.7509, "car_dcc": 2.3777, "car_lcAssertive": 68.0396, "car_lcCooperative": 0.5737, "car_lcLookaheadLeft": 89.4642, "car_lcPushy": 0.4775, "car_lcSigma": 0.0397, "car_lcSpeedGainRight": 2.6634, "car_lcSublane": 0.4196, "car_sigma": 0.2285, "car_tau_mean": 1.081, "car_tau_std": 1.7323, "car_v_mean": 18.7514, "car_v_std": 12.3766}, "datetime": {"datetime": "2024-08-08 13:10:48", "elapsed": 1436.321757, "delta": 1.826764}}
{"target": -0.33784685108247514, "params": {"bus_acc": 1.3377, "bus_dcc": 1.9485, "bus_lcAssertive": 81.6129, "bus_lcCooperative": 0.483, "bus_lcLookaheadLeft": 33.9845, "bus_lcPushy": 0.5858, "bus_lcSigma": 0.4622, "bus_lcSpeedGainRight": 2.2489, "bus_lcSublane": 0.6743, "bus_sigma": 0.125, "bus_tau_mean": 1.8126, "bus_tau_std": 3.1346, "bus_v_mean": 10.4299, "bus_v_std": 6.6691, "car_acc": 3.7993, "car_dcc": 3.0155, "car_lcAssertive": 9.629, "car_lcCooperative": 0.6491, "car_lcLookaheadLeft": 15.6963, "car_lcPushy": 0.6156, "car_lcSigma": 0.9263, "car_lcSpeedGainRight": 2.5631, "car_lcSublane": 0.356, "car_sigma": 0.7577, "car_tau_mean": 2.4724, "car_tau_std": 3.9068, "car_v_mean": 23.5443, "car_v_std": 18.806}, "datetime": {"datetime": "2024-08-08 13:10:49", "elapsed": 1437.072739, "delta": 0.750982}}
{"target": -0.3371843847622834, "params": {"bus_acc": 1.3256, "bus_dcc": 1.8715, "bus_lcAssertive": 81.6223, "bus_lcCooperative": 0.4883, "bus_lcLookaheadLeft": 33.6686, "bus_lcPushy": 0.5809, "bus_lcSigma": 0.4632, "bus_lcSpeedGainRight": 2.1449, "bus_lcSublane": 0.7021, "bus_sigma": 0.1077, "bus_tau_mean": 1.7981, "bus_tau_std": 2.978, "bus_v_mean": 10.3131, "bus_v_std": 6.0452, "car_acc": 3.864, "car_dcc": 3.0983, "car_lcAssertive": 10.0059, "car_lcCooperative": 0.6638, "car_lcLookaheadLeft": 15.2755, "car_lcPushy": 0.6262, "car_lcSigma": 0.9235, "car_lcSpeedGainRight": 2.4576, "car_lcSublane": 0.3706, "car_sigma": 0.8107, "car_tau_mean": 2.4667, "car_tau_std": 3.6531, "car_v_mean": 24.0, "car_v_std": 19.3194}, "datetime": {"datetime": "2024-08-08 13:10:50", "elapsed": 1437.850249, "delta": 0.77751}}
{"target": -0.349581437556279, "params": {"bus_acc": 1.2952, "bus_dcc": 1.8706, "bus_lcAssertive": 81.7044, "bus_lcCooperative": 0.4764, "bus_lcLookaheadLeft": 33.9658, "bus_lcPushy": 0.5903, "bus_lcSigma": 0.4598, "bus_lcSpeedGainRight": 2.2021, "bus_lcSublane": 0.7014, "bus_sigma": 0.1043, "bus_tau_mean": 1.7769, "bus_tau_std": 3.0967, "bus_v_mean": 10.3239, "bus_v_std": 6.3415, "car_acc": 3.8142, "car_dcc": 3.0557, "car_lcAssertive": 9.7986, "car_lcCooperative": 0.6626, "car_lcLookaheadLeft": 15.3838, "car_lcPushy": 0.6219, "car_lcSigma": 0.9222, "car_lcSpeedGainRight": 2.5358, "car_lcSublane": 0.3623, "car_sigma": 0.7824, "car_tau_mean": 2.4719, "car_tau_std": 3.8656, "car_v_mean": 23.7776, "car_v_std": 19.1366}, "datetime": {"datetime": "2024-08-08 13:10:51", "elapsed": 1439.397557, "delta": 1.547308}}
{"target": -0.33269969003155975, "params": {"bus_acc": 4.5216, "bus_dcc": 1.7991, "bus_lcAssertive": 78.1859, "bus_lcCooperative": 0.4611, "bus_lcLookaheadLeft": 10.4291, "bus_lcPushy": 0.198, "bus_lcSigma": 0.9188, "bus_lcSpeedGainRight": 5.0, "bus_lcSublane": 0.2446, "bus_sigma": 0.9384, "bus_tau_mean": 2.5588, "bus_tau_std": 3.0925, "bus_v_mean": 12.5286, "bus_v_std": 5.7501, "car_acc": 3.3811, "car_dcc": 1.0097, "car_lcAssertive": 38.6655, "car_lcCooperative": 0.0798, "car_lcLookaheadLeft": 75.4657, "car_lcPushy": 0.7649, "car_lcSigma": 0.4091, "car_lcSpeedGainRight": 2.7467, "car_lcSublane": 0.2361, "car_sigma": 0.3876, "car_tau_mean": 1.988, "car_tau_std": 4.1007, "car_v_mean": 14.1775, "car_v_std": 12.5769}, "datetime": {"datetime": "2024-08-08 13:10:52", "elapsed": 1440.156691, "delta": 0.759134}}
