{"target": -0.05713146701952065, "params": {"bus_acc": 1.81, "bus_dcc": 2.17, "bus_lcAssertive": 94.73, "bus_lcCooperative": 0.59, "bus_lcLookaheadLeft": 72.8, "bus_lcPushy": 0.44, "bus_lcSublane": 0.24, "bus_max_v": 18.1, "bus_tau_mean": 1.83, "bus_tau_std": 2.48, "car_acc": 2.99, "car_dcc": 3.83, "car_lcAssertive": 92.83, "car_lcCooperative": 0.61, "car_lcLookaheadLeft": 25.12, "car_lcPushy": 0.99, "car_lcSublane": 0.73, "car_max_v": 20.31, "car_tau_mean": 1.47, "car_tau_std": 9.77}, "datetime": {"datetime": "2024-08-04 12:31:59", "elapsed": 3393.278095, "delta": 11.158502}}
{"target": -0.0515447272393112, "params": {"bus_acc": 2.79, "bus_dcc": 1.96, "bus_lcAssertive": 1.27, "bus_lcCooperative": 0.57, "bus_lcLookaheadLeft": 66.94, "bus_lcPushy": 0.22, "bus_lcSublane": 0.24, "bus_max_v": 21.34, "bus_tau_mean": 1.51, "bus_tau_std": 4.11, "car_acc": 2.02, "car_dcc": 2.89, "car_lcAssertive": 49.01, "car_lcCooperative": 0.26, "car_lcLookaheadLeft": 70.94, "car_lcPushy": 0.34, "car_lcSublane": 0.12, "car_max_v": 14.79, "car_tau_mean": 1.8, "car_tau_std": 0.92}, "datetime": {"datetime": "2024-08-04 12:32:09", "elapsed": 3404.046581, "delta": 10.768486}}
{"target": -0.050514642778529135, "params": {"bus_acc": 2.36, "bus_dcc": 3.62, "bus_lcAssertive": 44.95, "bus_lcCooperative": 0.81, "bus_lcLookaheadLeft": 14.01, "bus_lcPushy": 0.98, "bus_lcSublane": 0.52, "bus_max_v": 14.92, "bus_tau_mean": 0.93, "bus_tau_std": 4.5, "car_acc": 2.4, "car_dcc": 3.46, "car_lcAssertive": 78.74, "car_lcCooperative": 0.46, "car_lcLookaheadLeft": 2.83, "car_lcPushy": 0.6, "car_lcSublane": 0.23, "car_max_v": 14.66, "car_tau_mean": 1.3, "car_tau_std": 5.97}, "datetime": {"datetime": "2024-08-04 12:32:24", "elapsed": 3418.862277, "delta": 14.815696}}
{"target": -0.05299296370448222, "params": {"bus_acc": 2.5, "bus_dcc": 1.56, "bus_lcAssertive": 23.5, "bus_lcCooperative": 0.36, "bus_lcLookaheadLeft": 78.54, "bus_lcPushy": 0.45, "bus_lcSublane": 0.32, "bus_max_v": 20.13, "bus_tau_mean": 2.21, "bus_tau_std": 2.35, "car_acc": 1.62, "car_dcc": 1.59, "car_lcAssertive": 40.43, "car_lcCooperative": 0.1, "car_lcLookaheadLeft": 16.09, "car_lcPushy": 0.99, "car_lcSublane": 0.7, "car_max_v": 22.91, "car_tau_mean": 1.34, "car_tau_std": 7.47}, "datetime": {"datetime": "2024-08-04 12:32:30", "elapsed": 3424.313025, "delta": 5.450748}}
{"target": -0.04515838265863504, "params": {"bus_acc": 1.04, "bus_dcc": 3.69, "bus_lcAssertive": 43.12, "bus_lcCooperative": 0.35, "bus_lcLookaheadLeft": 18.66, "bus_lcPushy": 0.61, "bus_lcSublane": 0.84, "bus_max_v": 11.41, "bus_tau_mean": 2.44, "bus_tau_std": 7.9, "car_acc": 1.27, "car_dcc": 1.48, "car_lcAssertive": 69.87, "car_lcCooperative": 0.08, "car_lcLookaheadLeft": 81.81, "car_lcPushy": 0.49, "car_lcSublane": 0.95, "car_max_v": 23.39, "car_tau_mean": 1.74, "car_tau_std": 6.48}, "datetime": {"datetime": "2024-08-04 12:32:34", "elapsed": 3428.570021, "delta": 4.256996}}
{"target": -0.04399480890583149, "params": {"bus_acc": 2.92, "bus_dcc": 1.63, "bus_lcAssertive": 36.92, "bus_lcCooperative": 0.77, "bus_lcLookaheadLeft": 36.68, "bus_lcPushy": 0.14, "bus_lcSublane": 0.81, "bus_max_v": 11.67, "bus_tau_mean": 1.01, "bus_tau_std": 3.35, "car_acc": 1.54, "car_dcc": 3.6, "car_lcAssertive": 50.24, "car_lcCooperative": 0.68, "car_lcLookaheadLeft": 42.75, "car_lcPushy": 0.79, "car_lcSublane": 0.47, "car_max_v": 11.12, "car_tau_mean": 3.68, "car_tau_std": 8.88}, "datetime": {"datetime": "2024-08-04 12:32:45", "elapsed": 3439.373928, "delta": 10.803907}}
{"target": -0.04981466077131957, "params": {"bus_acc": 1.73, "bus_dcc": 3.5, "bus_lcAssertive": 46.15, "bus_lcCooperative": 0.77, "bus_lcLookaheadLeft": 23.03, "bus_lcPushy": 0.17, "bus_lcSublane": 0.65, "bus_max_v": 28.33, "bus_tau_mean": 2.94, "bus_tau_std": 3.41, "car_acc": 2.47, "car_dcc": 2.99, "car_lcAssertive": 59.28, "car_lcCooperative": 0.98, "car_lcLookaheadLeft": 32.21, "car_lcPushy": 0.83, "car_lcSublane": 0.39, "car_max_v": 10.98, "car_tau_mean": 3.35, "car_tau_std": 4.26}, "datetime": {"datetime": "2024-08-04 12:32:49", "elapsed": 3443.287522, "delta": 3.913594}}
{"target": -0.05493912571588732, "params": {"bus_acc": 2.29, "bus_dcc": 3.93, "bus_lcAssertive": 11.99, "bus_lcCooperative": 0.46, "bus_lcLookaheadLeft": 24.67, "bus_lcPushy": 0.89, "bus_lcSublane": 0.19, "bus_max_v": 23.82, "bus_tau_mean": 1.67, "bus_tau_std": 2.33, "car_acc": 2.16, "car_dcc": 3.64, "car_lcAssertive": 67.53, "car_lcCooperative": 0.97, "car_lcLookaheadLeft": 25.52, "car_lcPushy": 0.54, "car_lcSublane": 0.44, "car_max_v": 18.23, "car_tau_mean": 2.31, "car_tau_std": 2.18}, "datetime": {"datetime": "2024-08-04 12:32:56", "elapsed": 3451.025859, "delta": 7.738337}}
{"target": -0.05764925338009177, "params": {"bus_acc": 2.48, "bus_dcc": 3.04, "bus_lcAssertive": 72.93, "bus_lcCooperative": 0.93, "bus_lcLookaheadLeft": 93.47, "bus_lcPushy": 0.8, "bus_lcSublane": 0.57, "bus_max_v": 9.07, "bus_tau_mean": 3.09, "bus_tau_std": 3.05, "car_acc": 2.96, "car_dcc": 3.2, "car_lcAssertive": 65.93, "car_lcCooperative": 0.49, "car_lcLookaheadLeft": 76.67, "car_lcPushy": 0.59, "car_lcSublane": 0.16, "car_max_v": 20.47, "car_tau_mean": 2.92, "car_tau_std": 8.12}, "datetime": {"datetime": "2024-08-04 12:32:59", "elapsed": 3453.896689, "delta": 2.87083}}
{"target": -0.04694401854994552, "params": {"bus_acc": 1.33, "bus_dcc": 2.86, "bus_lcAssertive": 21.65, "bus_lcCooperative": 0.8, "bus_lcLookaheadLeft": 48.5, "bus_lcPushy": 0.49, "bus_lcSublane": 0.17, "bus_max_v": 15.32, "bus_tau_mean": 0.99, "bus_tau_std": 0.78, "car_acc": 1.03, "car_dcc": 1.29, "car_lcAssertive": 18.32, "car_lcCooperative": 0.68, "car_lcLookaheadLeft": 76.55, "car_lcPushy": 0.96, "car_lcSublane": 0.26, "car_max_v": 17.3, "car_tau_mean": 3.61, "car_tau_std": 8.72}, "datetime": {"datetime": "2024-08-04 12:33:08", "elapsed": 3462.477542, "delta": 8.580853}}
{"target": -0.04089540975842304, "params": {"bus_acc": 2.97, "bus_dcc": 3.34, "bus_lcAssertive": 14.3, "bus_lcCooperative": 0.51, "bus_lcLookaheadLeft": 57.77, "bus_lcPushy": 0.05, "bus_lcSublane": 0.54, "bus_max_v": 19.48, "bus_tau_mean": 2.91, "bus_tau_std": 6.85, "car_acc": 1.24, "car_dcc": 2.89, "car_lcAssertive": 32.15, "car_lcCooperative": 0.05, "car_lcLookaheadLeft": 15.91, "car_lcPushy": 0.0, "car_lcSublane": 0.97, "car_max_v": 23.94, "car_tau_mean": 3.22, "car_tau_std": 0.89}, "datetime": {"datetime": "2024-08-04 12:33:11", "elapsed": 3465.904311, "delta": 3.426769}}
{"target": -0.04812319025439451, "params": {"bus_acc": 1.26, "bus_dcc": 1.51, "bus_lcAssertive": 28.03, "bus_lcCooperative": 0.29, "bus_lcLookaheadLeft": 94.65, "bus_lcPushy": 0.07, "bus_lcSublane": 0.26, "bus_max_v": 11.17, "bus_tau_mean": 1.33, "bus_tau_std": 4.1, "car_acc": 1.55, "car_dcc": 2.03, "car_lcAssertive": 71.0, "car_lcCooperative": 0.67, "car_lcLookaheadLeft": 60.57, "car_lcPushy": 0.16, "car_lcSublane": 0.73, "car_max_v": 14.43, "car_tau_mean": 1.57, "car_tau_std": 3.61}, "datetime": {"datetime": "2024-08-04 12:33:14", "elapsed": 3469.068502, "delta": 3.164191}}
{"target": -0.04535546384001493, "params": {"bus_acc": 2.83, "bus_dcc": 3.25, "bus_lcAssertive": 51.21, "bus_lcCooperative": 0.51, "bus_lcLookaheadLeft": 21.93, "bus_lcPushy": 0.07, "bus_lcSublane": 0.47, "bus_max_v": 11.03, "bus_tau_mean": 2.11, "bus_tau_std": 9.34, "car_acc": 2.05, "car_dcc": 3.13, "car_lcAssertive": 84.15, "car_lcCooperative": 0.51, "car_lcLookaheadLeft": 70.3, "car_lcPushy": 0.67, "car_lcSublane": 0.67, "car_max_v": 9.54, "car_tau_mean": 3.45, "car_tau_std": 9.7}, "datetime": {"datetime": "2024-08-04 12:33:22", "elapsed": 3476.564576, "delta": 7.496074}}
{"target": -0.05105796072676802, "params": {"bus_acc": 1.87, "bus_dcc": 1.09, "bus_lcAssertive": 20.77, "bus_lcCooperative": 0.78, "bus_lcLookaheadLeft": 52.26, "bus_lcPushy": 0.51, "bus_lcSublane": 0.97, "bus_max_v": 26.91, "bus_tau_mean": 1.76, "bus_tau_std": 0.62, "car_acc": 1.44, "car_dcc": 1.16, "car_lcAssertive": 4.58, "car_lcCooperative": 0.63, "car_lcLookaheadLeft": 51.63, "car_lcPushy": 0.4, "car_lcSublane": 0.65, "car_max_v": 24.78, "car_tau_mean": 2.06, "car_tau_std": 2.59}, "datetime": {"datetime": "2024-08-04 12:33:31", "elapsed": 3485.187994, "delta": 8.623418}}
{"target": -0.04816297213065344, "params": {"bus_acc": 2.76, "bus_dcc": 3.65, "bus_lcAssertive": 89.66, "bus_lcCooperative": 0.16, "bus_lcLookaheadLeft": 89.31, "bus_lcPushy": 0.59, "bus_lcSublane": 0.96, "bus_max_v": 12.02, "bus_tau_mean": 2.46, "bus_tau_std": 2.37, "car_acc": 1.29, "car_dcc": 1.25, "car_lcAssertive": 6.02, "car_lcCooperative": 0.49, "car_lcLookaheadLeft": 16.68, "car_lcPushy": 0.55, "car_lcSublane": 0.1, "car_max_v": 17.69, "car_tau_mean": 2.84, "car_tau_std": 10.0}, "datetime": {"datetime": "2024-08-04 12:33:39", "elapsed": 3493.19783, "delta": 8.009836}}
{"target": -0.05240757997512121, "params": {"bus_acc": 2.16, "bus_dcc": 2.28, "bus_lcAssertive": 64.24, "bus_lcCooperative": 0.38, "bus_lcLookaheadLeft": 57.04, "bus_lcPushy": 0.46, "bus_lcSublane": 0.89, "bus_max_v": 22.78, "bus_tau_mean": 2.97, "bus_tau_std": 5.19, "car_acc": 1.82, "car_dcc": 1.16, "car_lcAssertive": 93.08, "car_lcCooperative": 0.01, "car_lcLookaheadLeft": 48.47, "car_lcPushy": 0.63, "car_lcSublane": 0.52, "car_max_v": 27.48, "car_tau_mean": 1.41, "car_tau_std": 1.72}, "datetime": {"datetime": "2024-08-04 12:33:52", "elapsed": 3506.60328, "delta": 13.40545}}
{"target": -0.11752408779425812, "params": {"bus_acc": 1.24, "bus_dcc": 3.21, "bus_lcAssertive": 71.21, "bus_lcCooperative": 0.18, "bus_lcLookaheadLeft": 72.19, "bus_lcPushy": 0.14, "bus_lcSublane": 0.23, "bus_max_v": 8.16, "bus_tau_mean": 0.95, "bus_tau_std": 6.04, "car_acc": 2.1, "car_dcc": 3.6, "car_lcAssertive": 83.1, "car_lcCooperative": 0.23, "car_lcLookaheadLeft": 89.02, "car_lcPushy": 0.51, "car_lcSublane": 0.22, "car_max_v": 17.11, "car_tau_mean": 3.4, "car_tau_std": 5.97}, "datetime": {"datetime": "2024-08-04 12:33:55", "elapsed": 3509.816269, "delta": 3.212989}}
{"target": -0.05414793600752635, "params": {"bus_acc": 1.41, "bus_dcc": 2.43, "bus_lcAssertive": 33.73, "bus_lcCooperative": 0.24, "bus_lcLookaheadLeft": 75.82, "bus_lcPushy": 0.29, "bus_lcSublane": 0.07, "bus_max_v": 11.3, "bus_tau_mean": 1.73, "bus_tau_std": 0.86, "car_acc": 2.23, "car_dcc": 3.79, "car_lcAssertive": 93.94, "car_lcCooperative": 0.24, "car_lcLookaheadLeft": 79.09, "car_lcPushy": 0.71, "car_lcSublane": 0.42, "car_max_v": 12.15, "car_tau_mean": 1.1, "car_tau_std": 3.59}, "datetime": {"datetime": "2024-08-04 12:34:03", "elapsed": 3518.088831, "delta": 8.272562}}
{"target": -0.050877207789298606, "params": {"bus_acc": 2.82, "bus_dcc": 1.11, "bus_lcAssertive": 35.9, "bus_lcCooperative": 0.12, "bus_lcLookaheadLeft": 22.3, "bus_lcPushy": 0.44, "bus_lcSublane": 0.1, "bus_max_v": 11.32, "bus_tau_mean": 0.7, "bus_tau_std": 1.62, "car_acc": 2.73, "car_dcc": 1.44, "car_lcAssertive": 65.48, "car_lcCooperative": 0.25, "car_lcLookaheadLeft": 5.47, "car_lcPushy": 0.84, "car_lcSublane": 0.77, "car_max_v": 13.88, "car_tau_mean": 0.73, "car_tau_std": 9.56}, "datetime": {"datetime": "2024-08-04 12:34:11", "elapsed": 3525.51207, "delta": 7.423239}}
{"target": -0.046096480399713, "params": {"bus_acc": 1.97, "bus_dcc": 3.14, "bus_lcAssertive": 88.88, "bus_lcCooperative": 0.92, "bus_lcLookaheadLeft": 2.63, "bus_lcPushy": 0.92, "bus_lcSublane": 0.28, "bus_max_v": 26.94, "bus_tau_mean": 2.13, "bus_tau_std": 5.94, "car_acc": 1.26, "car_dcc": 1.37, "car_lcAssertive": 98.51, "car_lcCooperative": 0.62, "car_lcLookaheadLeft": 75.37, "car_lcPushy": 0.33, "car_lcSublane": 0.99, "car_max_v": 12.67, "car_tau_mean": 1.37, "car_tau_std": 7.42}, "datetime": {"datetime": "2024-08-04 12:34:14", "elapsed": 3528.838029, "delta": 3.325959}}
{"target": -0.05831618911423527, "params": {"bus_acc": 2.48, "bus_dcc": 1.2, "bus_lcAssertive": 17.57, "bus_lcCooperative": 0.53, "bus_lcLookaheadLeft": 39.76, "bus_lcPushy": 0.55, "bus_lcSublane": 0.0, "bus_max_v": 19.16, "bus_tau_mean": 1.8, "bus_tau_std": 4.97, "car_acc": 2.44, "car_dcc": 1.79, "car_lcAssertive": 78.99, "car_lcCooperative": 0.56, "car_lcLookaheadLeft": 77.83, "car_lcPushy": 0.97, "car_lcSublane": 0.95, "car_max_v": 23.15, "car_tau_mean": 2.97, "car_tau_std": 5.06}, "datetime": {"datetime": "2024-08-04 12:34:26", "elapsed": 3540.730283, "delta": 11.892254}}
{"target": -0.04761633515208536, "params": {"bus_acc": 2.62, "bus_dcc": 3.0, "bus_lcAssertive": 94.76, "bus_lcCooperative": 0.29, "bus_lcLookaheadLeft": 86.5, "bus_lcPushy": 0.5, "bus_lcSublane": 0.34, "bus_max_v": 17.95, "bus_tau_mean": 2.12, "bus_tau_std": 3.03, "car_acc": 1.57, "car_dcc": 3.21, "car_lcAssertive": 79.94, "car_lcCooperative": 0.24, "car_lcLookaheadLeft": 51.27, "car_lcPushy": 0.49, "car_lcSublane": 0.16, "car_max_v": 15.5, "car_tau_mean": 3.5, "car_tau_std": 9.13}, "datetime": {"datetime": "2024-08-04 12:34:29", "elapsed": 3543.772667, "delta": 3.042384}}
{"target": -0.046591842742436655, "params": {"bus_acc": 1.58, "bus_dcc": 3.08, "bus_lcAssertive": 56.31, "bus_lcCooperative": 0.23, "bus_lcLookaheadLeft": 75.85, "bus_lcPushy": 0.96, "bus_lcSublane": 0.81, "bus_max_v": 12.57, "bus_tau_mean": 3.92, "bus_tau_std": 3.02, "car_acc": 2.37, "car_dcc": 2.3, "car_lcAssertive": 95.62, "car_lcCooperative": 0.76, "car_lcLookaheadLeft": 43.97, "car_lcPushy": 0.98, "car_lcSublane": 0.56, "car_max_v": 17.11, "car_tau_mean": 0.64, "car_tau_std": 8.69}, "datetime": {"datetime": "2024-08-04 12:34:32", "elapsed": 3546.49468, "delta": 2.722013}}
{"target": -0.04291850530121127, "params": {"bus_acc": 1.92, "bus_dcc": 1.68, "bus_lcAssertive": 17.78, "bus_lcCooperative": 0.08, "bus_lcLookaheadLeft": 9.21, "bus_lcPushy": 0.88, "bus_lcSublane": 0.76, "bus_max_v": 22.66, "bus_tau_mean": 2.66, "bus_tau_std": 8.84, "car_acc": 1.15, "car_dcc": 1.77, "car_lcAssertive": 53.99, "car_lcCooperative": 0.19, "car_lcLookaheadLeft": 37.68, "car_lcPushy": 0.43, "car_lcSublane": 0.47, "car_max_v": 15.75, "car_tau_mean": 3.44, "car_tau_std": 1.86}, "datetime": {"datetime": "2024-08-04 12:34:39", "elapsed": 3553.935352, "delta": 7.440672}}
{"target": -0.03827936697720465, "params": {"bus_acc": 2.54, "bus_dcc": 2.81, "bus_lcAssertive": 14.27, "bus_lcCooperative": 0.21, "bus_lcLookaheadLeft": 84.06, "bus_lcPushy": 0.65, "bus_lcSublane": 0.01, "bus_max_v": 9.27, "bus_tau_mean": 2.57, "bus_tau_std": 0.66, "car_acc": 2.71, "car_dcc": 2.69, "car_lcAssertive": 69.37, "car_lcCooperative": 0.83, "car_lcLookaheadLeft": 31.38, "car_lcPushy": 0.25, "car_lcSublane": 0.13, "car_max_v": 8.47, "car_tau_mean": 2.05, "car_tau_std": 7.82}, "datetime": {"datetime": "2024-08-04 12:34:47", "elapsed": 3561.477936, "delta": 7.542584}}
{"target": -0.04550800115723631, "params": {"bus_acc": 1.46, "bus_dcc": 1.15, "bus_lcAssertive": 75.99, "bus_lcCooperative": 0.16, "bus_lcLookaheadLeft": 14.07, "bus_lcPushy": 0.4, "bus_lcSublane": 0.93, "bus_max_v": 16.76, "bus_tau_mean": 3.74, "bus_tau_std": 4.78, "car_acc": 2.6, "car_dcc": 2.46, "car_lcAssertive": 50.78, "car_lcCooperative": 0.2, "car_lcLookaheadLeft": 38.96, "car_lcPushy": 0.42, "car_lcSublane": 0.77, "car_max_v": 11.96, "car_tau_mean": 3.01, "car_tau_std": 1.17}, "datetime": {"datetime": "2024-08-04 12:34:56", "elapsed": 3570.529415, "delta": 9.051479}}
{"target": -0.05593970782049073, "params": {"bus_acc": 2.18, "bus_dcc": 3.66, "bus_lcAssertive": 27.61, "bus_lcCooperative": 0.53, "bus_lcLookaheadLeft": 76.24, "bus_lcPushy": 0.69, "bus_lcSublane": 0.48, "bus_max_v": 29.47, "bus_tau_mean": 2.76, "bus_tau_std": 6.82, "car_acc": 2.56, "car_dcc": 3.4, "car_lcAssertive": 96.54, "car_lcCooperative": 0.28, "car_lcLookaheadLeft": 21.99, "car_lcPushy": 0.91, "car_lcSublane": 0.11, "car_max_v": 22.4, "car_tau_mean": 2.59, "car_tau_std": 4.18}, "datetime": {"datetime": "2024-08-04 12:35:08", "elapsed": 3582.726718, "delta": 12.197303}}
{"target": -0.04354261306634447, "params": {"bus_acc": 2.86, "bus_dcc": 1.01, "bus_lcAssertive": 80.1, "bus_lcCooperative": 0.97, "bus_lcLookaheadLeft": 6.95, "bus_lcPushy": 0.47, "bus_lcSublane": 0.75, "bus_max_v": 14.8, "bus_tau_mean": 0.89, "bus_tau_std": 8.39, "car_acc": 2.46, "car_dcc": 3.31, "car_lcAssertive": 37.28, "car_lcCooperative": 0.09, "car_lcLookaheadLeft": 70.71, "car_lcPushy": 0.32, "car_lcSublane": 0.87, "car_max_v": 10.17, "car_tau_mean": 3.63, "car_tau_std": 7.93}, "datetime": {"datetime": "2024-08-04 12:35:11", "elapsed": 3585.74754, "delta": 3.020822}}
{"target": -0.051496640766876885, "params": {"bus_acc": 2.0, "bus_dcc": 2.07, "bus_lcAssertive": 45.67, "bus_lcCooperative": 0.92, "bus_lcLookaheadLeft": 69.2, "bus_lcPushy": 0.16, "bus_lcSublane": 0.63, "bus_max_v": 9.06, "bus_tau_mean": 0.55, "bus_tau_std": 8.66, "car_acc": 2.34, "car_dcc": 3.13, "car_lcAssertive": 72.77, "car_lcCooperative": 0.84, "car_lcLookaheadLeft": 86.0, "car_lcPushy": 0.94, "car_lcSublane": 0.13, "car_max_v": 19.47, "car_tau_mean": 1.03, "car_tau_std": 5.47}, "datetime": {"datetime": "2024-08-04 12:35:16", "elapsed": 3590.123112, "delta": 4.375572}}
{"target": -0.05110637074898211, "params": {"bus_acc": 2.76, "bus_dcc": 3.15, "bus_lcAssertive": 45.62, "bus_lcCooperative": 0.49, "bus_lcLookaheadLeft": 40.21, "bus_lcPushy": 0.48, "bus_lcSublane": 0.37, "bus_max_v": 18.64, "bus_tau_mean": 2.85, "bus_tau_std": 6.15, "car_acc": 2.58, "car_dcc": 3.52, "car_lcAssertive": 84.65, "car_lcCooperative": 0.06, "car_lcLookaheadLeft": 97.55, "car_lcPushy": 0.08, "car_lcSublane": 0.07, "car_max_v": 12.52, "car_tau_mean": 3.28, "car_tau_std": 9.85}, "datetime": {"datetime": "2024-08-04 12:35:19", "elapsed": 3593.382183, "delta": 3.259071}}
{"target": -0.05766175038943202, "params": {"bus_acc": 2.89, "bus_dcc": 3.74, "bus_lcAssertive": 99.16, "bus_lcCooperative": 0.27, "bus_lcLookaheadLeft": 10.92, "bus_lcPushy": 0.02, "bus_lcSublane": 0.75, "bus_max_v": 13.12, "bus_tau_mean": 3.28, "bus_tau_std": 6.5, "car_acc": 2.3, "car_dcc": 3.46, "car_lcAssertive": 96.57, "car_lcCooperative": 0.3, "car_lcLookaheadLeft": 13.23, "car_lcPushy": 0.6, "car_lcSublane": 0.32, "car_max_v": 9.02, "car_tau_mean": 1.88, "car_tau_std": 4.82}, "datetime": {"datetime": "2024-08-04 12:35:28", "elapsed": 3603.087475, "delta": 9.705292}}
{"target": -0.049090615672099824, "params": {"bus_acc": 1.41, "bus_dcc": 1.58, "bus_lcAssertive": 16.82, "bus_lcCooperative": 0.68, "bus_lcLookaheadLeft": 19.4, "bus_lcPushy": 0.95, "bus_lcSublane": 0.86, "bus_max_v": 27.47, "bus_tau_mean": 3.35, "bus_tau_std": 3.54, "car_acc": 2.74, "car_dcc": 2.86, "car_lcAssertive": 52.2, "car_lcCooperative": 0.61, "car_lcLookaheadLeft": 49.09, "car_lcPushy": 0.36, "car_lcSublane": 0.76, "car_max_v": 11.02, "car_tau_mean": 3.08, "car_tau_std": 2.61}, "datetime": {"datetime": "2024-08-04 12:35:45", "elapsed": 3619.407815, "delta": 16.32034}}
{"target": -0.05425312296373084, "params": {"bus_acc": 2.73, "bus_dcc": 3.89, "bus_lcAssertive": 86.13, "bus_lcCooperative": 0.04, "bus_lcLookaheadLeft": 62.58, "bus_lcPushy": 0.27, "bus_lcSublane": 0.11, "bus_max_v": 11.73, "bus_tau_mean": 1.07, "bus_tau_std": 1.71, "car_acc": 1.34, "car_dcc": 1.58, "car_lcAssertive": 63.85, "car_lcCooperative": 0.35, "car_lcLookaheadLeft": 18.54, "car_lcPushy": 0.2, "car_lcSublane": 0.2, "car_max_v": 20.64, "car_tau_mean": 1.27, "car_tau_std": 1.13}, "datetime": {"datetime": "2024-08-04 12:35:54", "elapsed": 3628.788563, "delta": 9.380748}}
{"target": -0.05598461951851277, "params": {"bus_acc": 1.79, "bus_dcc": 1.79, "bus_lcAssertive": 18.57, "bus_lcCooperative": 0.02, "bus_lcLookaheadLeft": 89.13, "bus_lcPushy": 0.03, "bus_lcSublane": 0.6, "bus_max_v": 22.76, "bus_tau_mean": 3.8, "bus_tau_std": 1.64, "car_acc": 2.25, "car_dcc": 2.9, "car_lcAssertive": 96.72, "car_lcCooperative": 0.83, "car_lcLookaheadLeft": 12.12, "car_lcPushy": 0.34, "car_lcSublane": 0.04, "car_max_v": 25.05, "car_tau_mean": 3.02, "car_tau_std": 0.16}, "datetime": {"datetime": "2024-08-04 12:36:04", "elapsed": 3638.587077, "delta": 9.798514}}
{"target": -0.057936297524318746, "params": {"bus_acc": 1.74, "bus_dcc": 2.22, "bus_lcAssertive": 82.44, "bus_lcCooperative": 0.87, "bus_lcLookaheadLeft": 36.53, "bus_lcPushy": 0.48, "bus_lcSublane": 0.08, "bus_max_v": 19.79, "bus_tau_mean": 1.5, "bus_tau_std": 5.88, "car_acc": 2.93, "car_dcc": 2.96, "car_lcAssertive": 67.71, "car_lcCooperative": 0.26, "car_lcLookaheadLeft": 60.2, "car_lcPushy": 0.48, "car_lcSublane": 0.17, "car_max_v": 27.83, "car_tau_mean": 3.47, "car_tau_std": 9.17}, "datetime": {"datetime": "2024-08-04 12:36:25", "elapsed": 3659.235269, "delta": 20.648192}}
{"target": -0.04870978353427752, "params": {"bus_acc": 1.71, "bus_dcc": 2.09, "bus_lcAssertive": 77.25, "bus_lcCooperative": 0.33, "bus_lcLookaheadLeft": 35.51, "bus_lcPushy": 0.35, "bus_lcSublane": 0.19, "bus_max_v": 15.75, "bus_tau_mean": 0.67, "bus_tau_std": 7.69, "car_acc": 2.28, "car_dcc": 3.5, "car_lcAssertive": 18.23, "car_lcCooperative": 0.31, "car_lcLookaheadLeft": 86.43, "car_lcPushy": 0.51, "car_lcSublane": 0.92, "car_max_v": 9.0, "car_tau_mean": 2.03, "car_tau_std": 1.14}, "datetime": {"datetime": "2024-08-04 12:36:28", "elapsed": 3662.615226, "delta": 3.379957}}
{"target": -0.04569791003668802, "params": {"bus_acc": 1.83, "bus_dcc": 2.97, "bus_lcAssertive": 60.28, "bus_lcCooperative": 0.1, "bus_lcLookaheadLeft": 6.44, "bus_lcPushy": 0.35, "bus_lcSublane": 0.62, "bus_max_v": 10.55, "bus_tau_mean": 2.28, "bus_tau_std": 5.62, "car_acc": 1.49, "car_dcc": 3.78, "car_lcAssertive": 46.83, "car_lcCooperative": 0.88, "car_lcLookaheadLeft": 66.99, "car_lcPushy": 0.06, "car_lcSublane": 0.17, "car_max_v": 11.79, "car_tau_mean": 3.2, "car_tau_std": 3.93}, "datetime": {"datetime": "2024-08-04 12:36:32", "elapsed": 3666.158472, "delta": 3.543246}}
