{"target": -0.042769453795269315, "params": {"bus_acc": 2.776772868790772, "bus_dcc": 1.5531533271033002, "bus_lcAssertive": 58.94949743488685, "bus_lcCooperative": 0.8982050460171371, "bus_lcLookaheadLeft": 45.71948746537411, "bus_lcPushy": 0.9218683054838154, "bus_lcSublane": 0.2789908904569709, "bus_max_v": 17.176623483875915, "bus_tau_mean": 2.8885879841838538, "bus_tau_std": 2.282057333504841, "car_acc": 1.0275350251154336, "car_dcc": 2.250171887112088, "car_lcAssertive": 93.90970729381667, "car_lcCooperative": 0.34302810983040655, "car_lcLookaheadLeft": 78.41494095729479, "car_lcPushy": 0.17473631282740743, "car_lcSublane": 0.34195283630245243, "car_max_v": 7.891954416761935, "car_tau_mean": 3.0086978495123162, "car_tau_std": 6.993076236968142}, "datetime": {"datetime": "2024-08-03 21:36:22", "elapsed": 414.911251, "delta": 3.031688}}
{"target": -0.04482482405658877, "params": {"bus_acc": 1.4796955182951723, "bus_dcc": 2.48130914280619, "bus_lcAssertive": 62.37561611975659, "bus_lcCooperative": 0.8289808995501787, "bus_lcLookaheadLeft": 17.365556675316256, "bus_lcPushy": 0.018576202177409518, "bus_lcSublane": 0.07002214371922233, "bus_max_v": 14.726902218740637, "bus_tau_mean": 2.622153115786656, "bus_tau_std": 5.688514370864813, "car_acc": 1.6347248186443215, "car_dcc": 3.9658484632373465, "car_lcAssertive": 58.394776705333896, "car_lcCooperative": 0.3801411726235504, "car_lcLookaheadLeft": 55.99292547355389, "car_lcPushy": 0.7453344309065021, "car_lcSublane": 0.6692328934531846, "car_max_v": 10.298391153256187, "car_tau_mean": 0.7321719204995455, "car_tau_std": 3.700841979141063}, "datetime": {"datetime": "2024-08-03 21:36:23", "elapsed": 415.777424, "delta": 0.866173}}
{"target": -0.045574092392886296, "params": {"bus_acc": 1.2935029615285882, "bus_dcc": 3.18795675808337, "bus_lcAssertive": 19.685761620841408, "bus_lcCooperative": 0.6438956443116628, "bus_lcLookaheadLeft": 75.92198315647727, "bus_lcPushy": 0.21073239208332073, "bus_lcSublane": 0.60095424810764, "bus_max_v": 19.97856750491673, "bus_tau_mean": 2.733765487171167, "bus_tau_std": 5.971273029466491, "car_acc": 1.5909645713109941, "car_dcc": 3.1948194137245265, "car_lcAssertive": 94.58553555999502, "car_lcCooperative": 0.42556139026154693, "car_lcLookaheadLeft": 78.65381804947772, "car_lcPushy": 0.056141039661915304, "car_lcSublane": 0.8352716024899659, "car_max_v": 8.845000336442954, "car_tau_mean": 1.8828390411149063, "car_tau_std": 3.0008104592535645}, "datetime": {"datetime": "2024-08-03 21:36:34", "elapsed": 426.539413, "delta": 10.761989}}
{"target": -0.043469891751826556, "params": {"bus_acc": 2.349128047526821, "bus_dcc": 3.399329610692159, "bus_lcAssertive": 8.972423185710205, "bus_lcCooperative": 0.23170231048579204, "bus_lcLookaheadLeft": 22.347314856773806, "bus_lcPushy": 0.9173335630816306, "bus_lcSublane": 0.7113145181364867, "bus_max_v": 16.077692221028286, "bus_tau_mean": 1.5658129577221709, "bus_tau_std": 8.348540476317986, "car_acc": 1.87061191525904, "car_dcc": 3.7703686453563257, "car_lcAssertive": 70.89912862925739, "car_lcCooperative": 0.47803130796528337, "car_lcLookaheadLeft": 14.368590167437153, "car_lcPushy": 0.9760435504677476, "car_lcSublane": 0.15983365034409336, "car_max_v": 9.052042504393253, "car_tau_mean": 2.009136143061298, "car_tau_std": 4.042019057751473}, "datetime": {"datetime": "2024-08-03 21:36:39", "elapsed": 432.363818, "delta": 5.824405}}
{"target": -0.04649024204092397, "params": {"bus_acc": 2.6237173954410795, "bus_dcc": 3.624884934867694, "bus_lcAssertive": 69.1529119862084, "bus_lcCooperative": 0.5694944127453757, "bus_lcLookaheadLeft": 17.775200807929657, "bus_lcPushy": 0.4668800227633063, "bus_lcSublane": 0.345172051155215, "bus_max_v": 9.500799156281692, "bus_tau_mean": 2.5737915406802885, "bus_tau_std": 3.1226983770191694, "car_acc": 2.8326111069367013, "car_dcc": 3.7289065748546713, "car_lcAssertive": 26.454711084437424, "car_lcCooperative": 0.1108913007440292, "car_lcLookaheadLeft": 20.91034773787306, "car_lcPushy": 0.49958417067888605, "car_lcSublane": 0.7285856679745962, "car_max_v": 9.16388876817583, "car_tau_mean": 1.3681174543203076, "car_tau_std": 8.516718749363669}, "datetime": {"datetime": "2024-08-03 21:36:44", "elapsed": 436.663402, "delta": 4.299584}}
{"target": -0.1208992374940414, "params": {"bus_acc": 1.6519796235400506, "bus_dcc": 3.5784679625967577, "bus_lcAssertive": 56.29313854132926, "bus_lcCooperative": 0.6902278681627478, "bus_lcLookaheadLeft": 46.37964299525067, "bus_lcPushy": 0.6283090375213571, "bus_lcSublane": 0.2900968516874258, "bus_max_v": 5.186971559330315, "bus_tau_mean": 2.5186457724548177, "bus_tau_std": 3.114442141324628, "car_acc": 2.03453519700226, "car_dcc": 3.749217559161693, "car_lcAssertive": 43.221004061638205, "car_lcCooperative": 0.2473960366023854, "car_lcLookaheadLeft": 38.386788605347334, "car_lcPushy": 0.9318611166365406, "car_lcSublane": 0.9368683813090937, "car_max_v": 21.886598971314264, "car_tau_mean": 3.7207228000698116, "car_tau_std": 2.2790028995131695}, "datetime": {"datetime": "2024-08-03 21:36:47", "elapsed": 439.960517, "delta": 3.297115}}
{"target": -0.04949438849354291, "params": {"bus_acc": 1.789764525073601, "bus_dcc": 2.3847391328871583, "bus_lcAssertive": 56.53392675707258, "bus_lcCooperative": 0.7803635232892685, "bus_lcLookaheadLeft": 49.74500308919553, "bus_lcPushy": 0.4199935520102408, "bus_lcSublane": 0.26199970471933565, "bus_max_v": 23.21612278173517, "bus_tau_mean": 0.5779502903648146, "bus_tau_std": 8.211218982189646, "car_acc": 1.376936799332837, "car_dcc": 3.057270697517642, "car_lcAssertive": 36.16572954462473, "car_lcCooperative": 0.9742126278950913, "car_lcLookaheadLeft": 14.031668686043155, "car_lcPushy": 0.18756989261723955, "car_lcSublane": 0.8894424754644789, "car_max_v": 16.66812629216456, "car_tau_mean": 1.5823623463057288, "car_tau_std": 0.007643854781880233}, "datetime": {"datetime": "2024-08-03 21:36:59", "elapsed": 451.535331, "delta": 11.574814}}
{"target": -0.05039792333012907, "params": {"bus_acc": 1.3791034056678546, "bus_dcc": 3.8949667723327415, "bus_lcAssertive": 30.127353136181217, "bus_lcCooperative": 0.10345955611640134, "bus_lcLookaheadLeft": 16.14290922244671, "bus_lcPushy": 0.014092294192442956, "bus_lcSublane": 0.7159456994623945, "bus_max_v": 16.289966404817484, "bus_tau_mean": 3.2810242291466327, "bus_tau_std": 5.070799232841364, "car_acc": 2.5836420790083077, "car_dcc": 3.0872926428155183, "car_lcAssertive": 78.00699920905836, "car_lcCooperative": 0.4064828689770863, "car_lcLookaheadLeft": 65.48152205237315, "car_lcPushy": 0.1797942976929744, "car_lcSublane": 0.321819963387904, "car_max_v": 8.45209240239585, "car_tau_mean": 1.9302302875464183, "car_tau_std": 2.414187479655988}, "datetime": {"datetime": "2024-08-03 21:37:00", "elapsed": 453.173538, "delta": 1.638207}}
{"target": -0.04554286759796025, "params": {"bus_acc": 1.236385258694077, "bus_dcc": 3.5109933466405367, "bus_lcAssertive": 74.66945621558399, "bus_lcCooperative": 0.5905205476471171, "bus_lcLookaheadLeft": 25.803374346557327, "bus_lcPushy": 0.6232471451875841, "bus_lcSublane": 0.638355320741173, "bus_max_v": 11.551388882246503, "bus_tau_mean": 0.736212700736398, "bus_tau_std": 8.805385975643267, "car_acc": 1.9199134621485168, "car_dcc": 3.2916181541992895, "car_lcAssertive": 26.13497347333123, "car_lcCooperative": 0.5913871822675169, "car_lcLookaheadLeft": 44.021925714182174, "car_lcPushy": 0.38210064254913956, "car_lcSublane": 0.12671338384692277, "car_max_v": 9.885333264179517, "car_tau_mean": 0.7776955403541164, "car_tau_std": 3.0285830471757857}, "datetime": {"datetime": "2024-08-03 21:37:05", "elapsed": 458.184755, "delta": 5.011217}}
{"target": -0.07451406555155186, "params": {"bus_acc": 2.3769946358978373, "bus_dcc": 1.760188103458899, "bus_lcAssertive": 69.54365204071748, "bus_lcCooperative": 0.22729754091594956, "bus_lcLookaheadLeft": 43.615613361271286, "bus_lcPushy": 0.37192212166768723, "bus_lcSublane": 0.3553079116201222, "bus_max_v": 6.153096144825128, "bus_tau_mean": 2.710763194030789, "bus_tau_std": 7.073166026816995, "car_acc": 2.2271773890056714, "car_dcc": 2.9449382684893735, "car_lcAssertive": 17.82413070750852, "car_lcCooperative": 0.14944679893886248, "car_lcLookaheadLeft": 52.38915426553652, "car_lcPushy": 0.8753327263545391, "car_lcSublane": 0.18395344154722204, "car_max_v": 14.256782374165198, "car_tau_mean": 2.0012631691046603, "car_tau_std": 4.972891859195164}, "datetime": {"datetime": "2024-08-03 21:37:13", "elapsed": 465.616072, "delta": 7.431317}}
{"target": -0.03929424976310541, "params": {"bus_acc": 1.1749644191071817, "bus_dcc": 1.6819292088540663, "bus_lcAssertive": 32.123284995290994, "bus_lcCooperative": 0.17476587635631158, "bus_lcLookaheadLeft": 61.495227873301125, "bus_lcPushy": 0.41358641500116133, "bus_lcSublane": 0.8163515118272141, "bus_max_v": 8.702607965380613, "bus_tau_mean": 2.9565678541470866, "bus_tau_std": 2.4035562484913884, "car_acc": 2.1484381776817196, "car_dcc": 2.0469627916623665, "car_lcAssertive": 6.639475548800439, "car_lcCooperative": 0.22881367096037586, "car_lcLookaheadLeft": 67.08205042476976, "car_lcPushy": 0.4972500933605313, "car_lcSublane": 0.5190159840736788, "car_max_v": 8.49440300217845, "car_tau_mean": 2.4975054804118972, "car_tau_std": 9.9675342520821}, "datetime": {"datetime": "2024-08-03 21:37:17", "elapsed": 470.253496, "delta": 4.637424}}
{"target": -0.06868092883963427, "params": {"bus_acc": 2.633670217583244, "bus_dcc": 2.783117871492933, "bus_lcAssertive": 97.62291776475959, "bus_lcCooperative": 0.9015625846693213, "bus_lcLookaheadLeft": 60.36957749305926, "bus_lcPushy": 0.032426325314457105, "bus_lcSublane": 0.09357709581748075, "bus_max_v": 6.307434300844528, "bus_tau_mean": 2.0810660204201636, "bus_tau_std": 3.7543483316785773, "car_acc": 2.950700068540573, "car_dcc": 1.5039498795988449, "car_lcAssertive": 97.30597160133286, "car_lcCooperative": 0.7674748688630131, "car_lcLookaheadLeft": 82.77530828320079, "car_lcPushy": 0.6326158167779973, "car_lcSublane": 0.668732770206732, "car_max_v": 14.537646670423868, "car_tau_mean": 0.5459772492307529, "car_tau_std": 3.530060855418248}, "datetime": {"datetime": "2024-08-03 21:37:20", "elapsed": 473.023726, "delta": 2.77023}}
{"target": -0.047532135446110124, "params": {"bus_acc": 1.011594785835378, "bus_dcc": 1.9380434684664292, "bus_lcAssertive": 6.514142858498358, "bus_lcCooperative": 0.29386248547054417, "bus_lcLookaheadLeft": 36.88961563105628, "bus_lcPushy": 0.9536770184739218, "bus_lcSublane": 0.47695092248677795, "bus_max_v": 10.564768848426606, "bus_tau_mean": 2.2605181826783416, "bus_tau_std": 6.433579246491355, "car_acc": 1.22249134513487, "car_dcc": 3.2741849743993257, "car_lcAssertive": 85.34263135744226, "car_lcCooperative": 0.8442498595694283, "car_lcLookaheadLeft": 89.26966957638477, "car_lcPushy": 0.38184239675576115, "car_lcSublane": 0.44380519836651855, "car_max_v": 7.0316295189233236, "car_tau_mean": 1.290324228509323, "car_tau_std": 9.713204692732111}, "datetime": {"datetime": "2024-08-03 21:37:33", "elapsed": 485.456904, "delta": 12.433178}}
{"target": -0.05551852226263024, "params": {"bus_acc": 2.97249356487259, "bus_dcc": 1.084727860488738, "bus_lcAssertive": 93.34362688852097, "bus_lcCooperative": 0.930854967759968, "bus_lcLookaheadLeft": 40.310033727142894, "bus_lcPushy": 0.2144648711333198, "bus_lcSublane": 0.619213297933239, "bus_max_v": 8.559446709403389, "bus_tau_mean": 3.3112286801480293, "bus_tau_std": 2.5393385587773523, "car_acc": 1.5816123100653559, "car_dcc": 3.747747370029871, "car_lcAssertive": 90.38876651396649, "car_lcCooperative": 0.5353808917305217, "car_lcLookaheadLeft": 86.55822009670433, "car_lcPushy": 0.3525325688050618, "car_lcSublane": 0.9978842782249023, "car_max_v": 13.67379478809954, "car_tau_mean": 1.5318420412947338, "car_tau_std": 0.4157423394916726}, "datetime": {"datetime": "2024-08-03 21:37:34", "elapsed": 486.771132, "delta": 1.314228}}
{"target": -0.11656383510490387, "params": {"bus_acc": 1.57852099096582, "bus_dcc": 3.8432921983048205, "bus_lcAssertive": 85.14312298791047, "bus_lcCooperative": 0.4346547940716735, "bus_lcLookaheadLeft": 47.86885637691434, "bus_lcPushy": 0.6298530215834227, "bus_lcSublane": 0.15803183496381268, "bus_max_v": 5.295641734841858, "bus_tau_mean": 1.4292920611533504, "bus_tau_std": 0.15443631942760883, "car_acc": 2.348997688324515, "car_dcc": 2.6544065074383294, "car_lcAssertive": 32.84316641467499, "car_lcCooperative": 0.7802023371197586, "car_lcLookaheadLeft": 16.28697225904815, "car_lcPushy": 0.2448806387618836, "car_lcSublane": 0.2923137620392837, "car_max_v": 8.918638929979842, "car_tau_mean": 0.8077853931971116, "car_tau_std": 8.699761802716075}, "datetime": {"datetime": "2024-08-03 21:37:36", "elapsed": 489.043687, "delta": 2.272555}}
{"target": -0.03615045337104369, "params": {"bus_acc": 2.7599965771268637, "bus_dcc": 3.711525867479116, "bus_lcAssertive": 66.60926142515096, "bus_lcCooperative": 0.2702082620297578, "bus_lcLookaheadLeft": 26.731936747449794, "bus_lcPushy": 0.8548979426974024, "bus_lcSublane": 0.5277146463087466, "bus_max_v": 21.04322168009196, "bus_tau_mean": 2.503709810170622, "bus_tau_std": 7.331425252875111, "car_acc": 2.0380232549281114, "car_dcc": 3.312651731505664, "car_lcAssertive": 57.31694107976684, "car_lcCooperative": 0.4657098785919809, "car_lcLookaheadLeft": 35.58351297942161, "car_lcPushy": 0.06820934841670412, "car_lcSublane": 0.37792417932809985, "car_max_v": 6.592521553965048, "car_tau_mean": 3.9398598980565573, "car_tau_std": 1.8161285133076377}, "datetime": {"datetime": "2024-08-03 21:37:45", "elapsed": 498.395473, "delta": 9.351786}}
{"target": -0.03761397820271663, "params": {"bus_acc": 2.314130849245779, "bus_dcc": 2.7431069722542705, "bus_lcAssertive": 20.872021315474008, "bus_lcCooperative": 0.5295466104783949, "bus_lcLookaheadLeft": 89.65437700590209, "bus_lcPushy": 0.30499397583521604, "bus_lcSublane": 0.8709456091610533, "bus_max_v": 23.174905457167764, "bus_tau_mean": 1.6544559693865881, "bus_tau_std": 6.8307436633656415, "car_acc": 2.7984418991319373, "car_dcc": 1.22709064527491, "car_lcAssertive": 87.98019845727228, "car_lcCooperative": 0.1908393632684806, "car_lcLookaheadLeft": 85.2773531817572, "car_lcPushy": 0.6671187886992039, "car_lcSublane": 0.34433919545005387, "car_max_v": 8.02751139985598, "car_tau_mean": 2.723798365209587, "car_tau_std": 8.477880437147416}, "datetime": {"datetime": "2024-08-03 21:37:53", "elapsed": 505.639958, "delta": 7.244485}}
{"target": -0.040016224837473226, "params": {"bus_acc": 1.2863795634175257, "bus_dcc": 2.89698962399949, "bus_lcAssertive": 66.52694841584297, "bus_lcCooperative": 0.43383982715272595, "bus_lcLookaheadLeft": 7.817008083217834, "bus_lcPushy": 0.4927226011660333, "bus_lcSublane": 0.46513394351807746, "bus_max_v": 21.13493621549727, "bus_tau_mean": 1.398313464835417, "bus_tau_std": 3.914303629842686, "car_acc": 1.4803444144427544, "car_dcc": 3.059330245517092, "car_lcAssertive": 98.99846188037444, "car_lcCooperative": 0.1774295368682619, "car_lcLookaheadLeft": 82.50178054217713, "car_lcPushy": 0.2309885592816333, "car_lcSublane": 0.05797581337276703, "car_max_v": 7.776330360913473, "car_tau_mean": 3.7730359043983603, "car_tau_std": 8.885421033562281}, "datetime": {"datetime": "2024-08-03 21:37:54", "elapsed": 506.985847, "delta": 1.345889}}
{"target": -0.06042152958860123, "params": {"bus_acc": 2.036065123188817, "bus_dcc": 2.1182464062924566, "bus_lcAssertive": 71.32510325364133, "bus_lcCooperative": 0.455643424642054, "bus_lcLookaheadLeft": 61.31086372207486, "bus_lcPushy": 0.9904061968899467, "bus_lcSublane": 0.7739162499564685, "bus_max_v": 11.685528099876525, "bus_tau_mean": 0.8114937728783229, "bus_tau_std": 1.8490559027840836, "car_acc": 2.0537037517836687, "car_dcc": 2.251307254320574, "car_lcAssertive": 80.26530615479473, "car_lcCooperative": 0.9332023381866817, "car_lcLookaheadLeft": 19.430745299232157, "car_lcPushy": 0.8600667708762162, "car_lcSublane": 0.9573949263266688, "car_max_v": 24.189412136995642, "car_tau_mean": 0.6325190570215067, "car_tau_std": 0.5758350560817371}, "datetime": {"datetime": "2024-08-03 21:38:11", "elapsed": 523.579842, "delta": 16.593995}}
{"target": -0.09989556098277548, "params": {"bus_acc": 2.0323969221541383, "bus_dcc": 3.589679445141549, "bus_lcAssertive": 98.42852784460676, "bus_lcCooperative": 0.009872975358918512, "bus_lcLookaheadLeft": 26.778465243527883, "bus_lcPushy": 0.22384967032752534, "bus_lcSublane": 0.047537594227760493, "bus_max_v": 5.2034491252355135, "bus_tau_mean": 2.215683592854811, "bus_tau_std": 0.4548214567029407, "car_acc": 1.556656261693804, "car_dcc": 2.9199237073267366, "car_lcAssertive": 30.17451211452952, "car_lcCooperative": 0.26965470115905144, "car_lcLookaheadLeft": 59.873559179869574, "car_lcPushy": 0.38053407720964005, "car_lcSublane": 0.7025230339614009, "car_max_v": 14.922479024997221, "car_tau_mean": 2.7162324303226715, "car_tau_std": 3.533943470016294}, "datetime": {"datetime": "2024-08-03 21:38:12", "elapsed": 524.659449, "delta": 1.079607}}
{"target": -0.0411415762415585, "params": {"bus_acc": 1.2868460973404898, "bus_dcc": 1.2351606995648439, "bus_lcAssertive": 2.814931648387722, "bus_lcCooperative": 0.06672499763935646, "bus_lcLookaheadLeft": 46.94121374342632, "bus_lcPushy": 0.11334192276759048, "bus_lcSublane": 0.027783348848669953, "bus_max_v": 20.097229627809348, "bus_tau_mean": 1.881976681612238, "bus_tau_std": 7.469384956075251, "car_acc": 1.904809653492903, "car_dcc": 2.3502602410022835, "car_lcAssertive": 48.329178165065265, "car_lcCooperative": 0.47400392656219403, "car_lcLookaheadLeft": 80.71000752718862, "car_lcPushy": 0.40239251985773583, "car_lcSublane": 0.904686160343623, "car_max_v": 5.741220959080717, "car_tau_mean": 3.2085601995214654, "car_tau_std": 1.2564138113773882}, "datetime": {"datetime": "2024-08-03 21:38:17", "elapsed": 529.713833, "delta": 5.054384}}
{"target": -0.036306102653934184, "params": {"bus_acc": 2.0241220550478376, "bus_dcc": 2.852383036051468, "bus_lcAssertive": 43.80320388167006, "bus_lcCooperative": 0.8477004682374377, "bus_lcLookaheadLeft": 46.49778749379683, "bus_lcPushy": 0.015403519791920894, "bus_lcSublane": 0.8730681484470995, "bus_max_v": 18.124030954881977, "bus_tau_mean": 3.3805106422696483, "bus_tau_std": 9.517756930338518, "car_acc": 1.1018247670337744, "car_dcc": 1.7052155922730436, "car_lcAssertive": 7.27100090217764, "car_lcCooperative": 0.4216578860324509, "car_lcLookaheadLeft": 86.65525625914229, "car_lcPushy": 0.0816239827150681, "car_lcSublane": 0.4731119528858785, "car_max_v": 7.510862196174473, "car_tau_mean": 3.2050996075849123, "car_tau_std": 8.414221567958434}, "datetime": {"datetime": "2024-08-03 21:38:29", "elapsed": 541.600039, "delta": 11.886206}}
{"target": -0.03944484758685613, "params": {"bus_acc": 1.1602072876120986, "bus_dcc": 3.7138930088087285, "bus_lcAssertive": 37.64526357782009, "bus_lcCooperative": 0.5306974384761395, "bus_lcLookaheadLeft": 50.42339405783986, "bus_lcPushy": 0.13216114194293815, "bus_lcSublane": 0.20645405888943302, "bus_max_v": 6.523776180646424, "bus_tau_mean": 2.277725949808506, "bus_tau_std": 2.615495518329871, "car_acc": 1.7141232177655839, "car_dcc": 1.3241959860917105, "car_lcAssertive": 78.96763212559821, "car_lcCooperative": 0.1065838767888011, "car_lcLookaheadLeft": 98.59946472389241, "car_lcPushy": 0.17716116443841734, "car_lcSublane": 0.5724051124346493, "car_max_v": 5.896906691781762, "car_tau_mean": 3.2549070137954192, "car_tau_std": 1.8960594781829654}, "datetime": {"datetime": "2024-08-03 21:38:30", "elapsed": 543.383377, "delta": 1.783338}}
{"target": -0.04565330004902481, "params": {"bus_acc": 2.1313242250878552, "bus_dcc": 2.405997512983756, "bus_lcAssertive": 43.37570947735875, "bus_lcCooperative": 0.5992697556580301, "bus_lcLookaheadLeft": 85.29704907456461, "bus_lcPushy": 0.7511210403719374, "bus_lcSublane": 0.579360540297233, "bus_max_v": 23.49408363072056, "bus_tau_mean": 0.7265899420454209, "bus_tau_std": 9.913465087318091, "car_acc": 1.105989085335979, "car_dcc": 1.5984866384156842, "car_lcAssertive": 42.85251350281153, "car_lcCooperative": 0.10750887618516769, "car_lcLookaheadLeft": 63.119700277774776, "car_lcPushy": 0.047992564048867314, "car_lcSublane": 0.28462388100694214, "car_max_v": 6.220733622393421, "car_tau_mean": 2.962317658867784, "car_tau_std": 6.68456167589482}, "datetime": {"datetime": "2024-08-03 21:38:41", "elapsed": 553.749639, "delta": 10.366262}}
{"target": -0.04434397430440267, "params": {"bus_acc": 2.356964907995848, "bus_dcc": 3.0619094481231697, "bus_lcAssertive": 56.58763462113805, "bus_lcCooperative": 0.3580799140129358, "bus_lcLookaheadLeft": 62.085008865967204, "bus_lcPushy": 0.9357362666081998, "bus_lcSublane": 0.5968885249459731, "bus_max_v": 24.591803487188503, "bus_tau_mean": 2.0435231714310493, "bus_tau_std": 7.396119625075467, "car_acc": 1.0752077572992003, "car_dcc": 3.2941799170014585, "car_lcAssertive": 52.30987645235442, "car_lcCooperative": 0.0053165329611032375, "car_lcLookaheadLeft": 29.165610268694653, "car_lcPushy": 0.5348322325198115, "car_lcSublane": 0.7679628782813116, "car_max_v": 6.061851909050501, "car_tau_mean": 2.421687053476819, "car_tau_std": 8.00994555798356}, "datetime": {"datetime": "2024-08-03 21:38:46", "elapsed": 558.495703, "delta": 4.746064}}
{"target": -0.045468623374486844, "params": {"bus_acc": 1.34, "bus_dcc": 2.92, "bus_lcAssertive": 63.99, "bus_lcCooperative": 0.11, "bus_lcLookaheadLeft": 7.46, "bus_lcPushy": 0.44, "bus_lcSublane": 0.36, "bus_max_v": 13.87, "bus_tau_mean": 3.52, "bus_tau_std": 0.74, "car_acc": 2.03, "car_dcc": 1.97, "car_lcAssertive": 80.51, "car_lcCooperative": 0.68, "car_lcLookaheadLeft": 12.79, "car_lcPushy": 0.49, "car_lcSublane": 0.86, "car_max_v": 23.55, "car_tau_mean": 0.93, "car_tau_std": 8.66}, "datetime": {"datetime": "2024-08-03 21:40:13", "elapsed": 645.507229, "delta": 87.011526}}
