{"target": -0.33685107486851235, "params": {"bus_acc": 1.2597, "bus_dcc": 2.9445, "bus_lcAssertive": 75.9274, "bus_lcCooperative": 0.0849, "bus_lcLookaheadLeft": 27.7683, "bus_lcPushy": 0.5804, "bus_lcSigma": 0.9768, "bus_lcSpeedGainRight": 1.1439, "bus_lcSublane": 0.5058, "bus_sigma": 0.473, "bus_tau_mean": 1.3365, "bus_tau_std": 6.1164, "bus_v_mean": 11.993, "bus_v_std": 10.1762, "car_acc": 2.4889, "car_dcc": 3.2133, "car_lcAssertive": 94.8053, "car_lcCooperative": 0.7306, "car_lcLookaheadLeft": 32.8774, "car_lcPushy": 0.2106, "car_lcSigma": 0.7042, "car_lcSpeedGainRight": 1.997, "car_lcSublane": 0.583, "car_sigma": 0.3115, "car_tau_mean": 3.3613, "car_tau_std": 6.1505, "car_v_mean": 21.3801, "car_v_std": 9.7149}, "datetime": {"datetime": "2024-08-08 17:45:58", "elapsed": 1343.52121, "delta": 2.244728}}
{"target": -0.26799426058637127, "params": {"bus_acc": 3.9951, "bus_dcc": 1.6752, "bus_lcAssertive": 27.3855, "bus_lcCooperative": 0.1144, "bus_lcLookaheadLeft": 2.4621, "bus_lcPushy": 0.5267, "bus_lcSigma": 0.7898, "bus_lcSpeedGainRight": 3.4287, "bus_lcSublane": 0.3679, "bus_sigma": 0.2809, "bus_tau_mean": 2.785, "bus_tau_std": 2.5391, "bus_v_mean": 10.7556, "bus_v_std": 19.992, "car_acc": 4.561, "car_dcc": 2.6259, "car_lcAssertive": 42.2256, "car_lcCooperative": 0.61, "car_lcLookaheadLeft": 17.8752, "car_lcPushy": 0.7171, "car_lcSigma": 0.1833, "car_lcSpeedGainRight": 0.233, "car_lcSublane": 0.5431, "car_sigma": 0.5196, "car_tau_mean": 3.1163, "car_tau_std": 0.886, "car_v_mean": 12.4551, "car_v_std": 5.9302}, "datetime": {"datetime": "2024-08-08 17:45:59", "elapsed": 1345.06228, "delta": 1.54107}}
{"target": -0.291437918743834, "params": {"bus_acc": 2.7582, "bus_dcc": 2.5818, "bus_lcAssertive": 19.4923, "bus_lcCooperative": 0.9633, "bus_lcLookaheadLeft": 56.8235, "bus_lcPushy": 0.6942, "bus_lcSigma": 0.6043, "bus_lcSpeedGainRight": 4.2911, "bus_lcSublane": 0.2446, "bus_sigma": 0.8583, "bus_tau_mean": 1.0134, "bus_tau_std": 3.8051, "bus_v_mean": 20.8522, "bus_v_std": 16.4095, "car_acc": 4.4243, "car_dcc": 2.1677, "car_lcAssertive": 20.0711, "car_lcCooperative": 0.3568, "car_lcLookaheadLeft": 82.1371, "car_lcPushy": 0.8084, "car_lcSigma": 0.3461, "car_lcSpeedGainRight": 0.3364, "car_lcSublane": 0.2087, "car_sigma": 0.8736, "car_tau_mean": 2.8744, "car_tau_std": 8.5639, "car_v_mean": 10.6007, "car_v_std": 17.3746}, "datetime": {"datetime": "2024-08-08 17:46:01", "elapsed": 1346.422119, "delta": 1.359839}}
{"target": -0.31570346946808653, "params": {"bus_acc": 4.5465, "bus_dcc": 3.4393, "bus_lcAssertive": 42.5253, "bus_lcCooperative": 0.2935, "bus_lcLookaheadLeft": 21.2913, "bus_lcPushy": 0.3337, "bus_lcSigma": 0.5401, "bus_lcSpeedGainRight": 4.7445, "bus_lcSublane": 0.3126, "bus_sigma": 0.1478, "bus_tau_mean": 1.9022, "bus_tau_std": 3.4697, "bus_v_mean": 21.016, "bus_v_std": 12.6048, "car_acc": 1.9621, "car_dcc": 2.961, "car_lcAssertive": 75.1404, "car_lcCooperative": 0.7648, "car_lcLookaheadLeft": 63.8377, "car_lcPushy": 0.6147, "car_lcSigma": 0.9165, "car_lcSpeedGainRight": 0.452, "car_lcSublane": 0.5939, "car_sigma": 0.631, "car_tau_mean": 0.6037, "car_tau_std": 8.6155, "car_v_mean": 17.8259, "car_v_std": 19.7173}, "datetime": {"datetime": "2024-08-08 17:46:01", "elapsed": 1346.986078, "delta": 0.563959}}
{"target": -0.33764179994596494, "params": {"bus_acc": 3.0117, "bus_dcc": 1.2256, "bus_lcAssertive": 39.953, "bus_lcCooperative": 0.9314, "bus_lcLookaheadLeft": 95.0242, "bus_lcPushy": 0.8532, "bus_lcSigma": 0.1657, "bus_lcSpeedGainRight": 1.0193, "bus_lcSublane": 0.644, "bus_sigma": 0.6935, "bus_tau_mean": 3.4028, "bus_tau_std": 4.2779, "bus_v_mean": 23.7, "bus_v_std": 2.9906, "car_acc": 3.084, "car_dcc": 2.5098, "car_lcAssertive": 26.4356, "car_lcCooperative": 0.6412, "car_lcLookaheadLeft": 26.665, "car_lcPushy": 0.3026, "car_lcSigma": 0.7523, "car_lcSpeedGainRight": 4.7816, "car_lcSublane": 0.7541, "car_sigma": 0.3363, "car_tau_mean": 3.104, "car_tau_std": 7.4315, "car_v_mean": 13.5708, "car_v_std": 2.3338}, "datetime": {"datetime": "2024-08-08 17:46:02", "elapsed": 1347.659323, "delta": 0.673245}}
{"target": -0.3158774257934698, "params": {"bus_acc": 2.4134, "bus_dcc": 2.9978, "bus_lcAssertive": 7.3746, "bus_lcCooperative": 0.2358, "bus_lcLookaheadLeft": 10.0112, "bus_lcPushy": 0.1942, "bus_lcSigma": 0.0339, "bus_lcSpeedGainRight": 1.5867, "bus_lcSublane": 0.7767, "bus_sigma": 0.7818, "bus_tau_mean": 1.6685, "bus_tau_std": 8.8021, "bus_v_mean": 12.1594, "bus_v_std": 16.018, "car_acc": 2.585, "car_dcc": 3.025, "car_lcAssertive": 66.3935, "car_lcCooperative": 0.8325, "car_lcLookaheadLeft": 94.3926, "car_lcPushy": 0.9317, "car_lcSigma": 0.6814, "car_lcSpeedGainRight": 0.9243, "car_lcSublane": 0.8636, "car_sigma": 0.651, "car_tau_mean": 3.508, "car_tau_std": 1.9645, "car_v_mean": 12.7562, "car_v_std": 10.8336}, "datetime": {"datetime": "2024-08-08 17:46:11", "elapsed": 1356.131572, "delta": 8.472249}}
{"target": -0.27637821294409365, "params": {"bus_acc": 1.5095, "bus_dcc": 1.3625, "bus_lcAssertive": 76.4212, "bus_lcCooperative": 0.6413, "bus_lcLookaheadLeft": 88.7371, "bus_lcPushy": 0.9252, "bus_lcSigma": 0.3144, "bus_lcSpeedGainRight": 3.6037, "bus_lcSublane": 0.4235, "bus_sigma": 0.3987, "bus_tau_mean": 1.8737, "bus_tau_std": 1.0913, "bus_v_mean": 20.9916, "bus_v_std": 8.4649, "car_acc": 4.3382, "car_dcc": 1.1161, "car_lcAssertive": 98.2169, "car_lcCooperative": 0.8834, "car_lcLookaheadLeft": 9.1811, "car_lcPushy": 0.0361, "car_lcSigma": 0.1685, "car_lcSpeedGainRight": 3.4127, "car_lcSublane": 0.5564, "car_sigma": 0.5213, "car_tau_mean": 1.0324, "car_tau_std": 2.3779, "car_v_mean": 23.8613, "car_v_std": 18.9227}, "datetime": {"datetime": "2024-08-08 17:46:12", "elapsed": 1357.594379, "delta": 1.462807}}
{"target": -0.33984143711902154, "params": {"bus_acc": 3.8678, "bus_dcc": 1.0238, "bus_lcAssertive": 52.099, "bus_lcCooperative": 0.6399, "bus_lcLookaheadLeft": 98.334, "bus_lcPushy": 0.0814, "bus_lcSigma": 0.5523, "bus_lcSpeedGainRight": 2.8643, "bus_lcSublane": 0.686, "bus_sigma": 0.4322, "bus_tau_mean": 1.5378, "bus_tau_std": 8.7572, "bus_v_mean": 15.3983, "bus_v_std": 0.4489, "car_acc": 1.1417, "car_dcc": 1.0174, "car_lcAssertive": 23.6263, "car_lcCooperative": 0.9451, "car_lcLookaheadLeft": 27.4352, "car_lcPushy": 0.1923, "car_lcSigma": 0.4768, "car_lcSpeedGainRight": 2.1149, "car_lcSublane": 0.5431, "car_sigma": 0.7776, "car_tau_mean": 1.4884, "car_tau_std": 4.497, "car_v_mean": 23.919, "car_v_std": 0.7113}, "datetime": {"datetime": "2024-08-08 17:46:13", "elapsed": 1358.311408, "delta": 0.717029}}
{"target": -0.33599147350663644, "params": {"bus_acc": 2.2484, "bus_dcc": 2.8907, "bus_lcAssertive": 14.54, "bus_lcCooperative": 0.4734, "bus_lcLookaheadLeft": 54.9137, "bus_lcPushy": 0.351, "bus_lcSigma": 0.0789, "bus_lcSpeedGainRight": 3.6104, "bus_lcSublane": 0.2455, "bus_sigma": 0.2274, "bus_tau_mean": 3.4316, "bus_tau_std": 6.2375, "bus_v_mean": 19.9254, "bus_v_std": 17.4469, "car_acc": 1.5225, "car_dcc": 1.859, "car_lcAssertive": 25.3655, "car_lcCooperative": 0.7781, "car_lcLookaheadLeft": 78.2321, "car_lcPushy": 0.3778, "car_lcSigma": 0.3122, "car_lcSpeedGainRight": 3.4016, "car_lcSublane": 0.43, "car_sigma": 0.4141, "car_tau_mean": 1.6259, "car_tau_std": 8.0708, "car_v_mean": 8.9473, "car_v_std": 11.4064}, "datetime": {"datetime": "2024-08-08 17:46:14", "elapsed": 1359.61429, "delta": 1.302882}}
{"target": -0.30120536758723154, "params": {"bus_acc": 4.7669, "bus_dcc": 3.291, "bus_lcAssertive": 49.4489, "bus_lcCooperative": 0.8592, "bus_lcLookaheadLeft": 8.981, "bus_lcPushy": 0.7763, "bus_lcSigma": 0.5468, "bus_lcSpeedGainRight": 4.991, "bus_lcSublane": 0.4734, "bus_sigma": 0.8514, "bus_tau_mean": 0.6723, "bus_tau_std": 1.3781, "bus_v_mean": 10.1665, "bus_v_std": 12.8283, "car_acc": 2.4297, "car_dcc": 2.1216, "car_lcAssertive": 75.7633, "car_lcCooperative": 0.7257, "car_lcLookaheadLeft": 91.3119, "car_lcPushy": 0.9418, "car_lcSigma": 0.7948, "car_lcSpeedGainRight": 2.818, "car_lcSublane": 0.7801, "car_sigma": 0.4288, "car_tau_mean": 3.0971, "car_tau_std": 6.543, "car_v_mean": 12.9281, "car_v_std": 16.452}, "datetime": {"datetime": "2024-08-08 17:46:15", "elapsed": 1360.22652, "delta": 0.61223}}
{"target": -0.37498050533509547, "params": {"bus_acc": 4.4131, "bus_dcc": 3.9761, "bus_lcAssertive": 25.0106, "bus_lcCooperative": 0.1192, "bus_lcLookaheadLeft": 7.7425, "bus_lcPushy": 0.255, "bus_lcSigma": 0.245, "bus_lcSpeedGainRight": 1.1991, "bus_lcSublane": 0.2266, "bus_sigma": 0.3801, "bus_tau_mean": 3.9106, "bus_tau_std": 4.9034, "bus_v_mean": 21.4261, "bus_v_std": 8.5841, "car_acc": 1.0222, "car_dcc": 2.2273, "car_lcAssertive": 91.4031, "car_lcCooperative": 0.338, "car_lcLookaheadLeft": 49.6393, "car_lcPushy": 0.5575, "car_lcSigma": 0.2799, "car_lcSpeedGainRight": 4.4717, "car_lcSublane": 0.0588, "car_sigma": 0.9501, "car_tau_mean": 2.8831, "car_tau_std": 6.2451, "car_v_mean": 21.5976, "car_v_std": 12.8056}, "datetime": {"datetime": "2024-08-08 17:46:16", "elapsed": 1361.7693, "delta": 1.54278}}
{"target": -0.29676672723545067, "params": {"bus_acc": 2.6439, "bus_dcc": 2.8597, "bus_lcAssertive": 6.9481, "bus_lcCooperative": 0.4221, "bus_lcLookaheadLeft": 8.8464, "bus_lcPushy": 0.044, "bus_lcSigma": 0.2707, "bus_lcSpeedGainRight": 4.2355, "bus_lcSublane": 0.4246, "bus_sigma": 0.3573, "bus_tau_mean": 1.7691, "bus_tau_std": 7.8475, "bus_v_mean": 10.4065, "bus_v_std": 13.8713, "car_acc": 2.804, "car_dcc": 3.604, "car_lcAssertive": 67.328, "car_lcCooperative": 0.7474, "car_lcLookaheadLeft": 93.5862, "car_lcPushy": 0.1885, "car_lcSigma": 0.734, "car_lcSpeedGainRight": 1.2022, "car_lcSublane": 0.3374, "car_sigma": 0.1629, "car_tau_mean": 1.7948, "car_tau_std": 5.4648, "car_v_mean": 17.1637, "car_v_std": 13.8722}, "datetime": {"datetime": "2024-08-08 17:46:20", "elapsed": 1365.206426, "delta": 3.437126}}
{"target": -0.3354500170470369, "params": {"bus_acc": 3.4321, "bus_dcc": 2.9541, "bus_lcAssertive": 80.7031, "bus_lcCooperative": 0.0589, "bus_lcLookaheadLeft": 76.067, "bus_lcPushy": 0.7198, "bus_lcSigma": 0.8603, "bus_lcSpeedGainRight": 4.3548, "bus_lcSublane": 0.9823, "bus_sigma": 0.1408, "bus_tau_mean": 2.8821, "bus_tau_std": 7.8443, "bus_v_mean": 23.8381, "bus_v_std": 10.1381, "car_acc": 2.4945, "car_dcc": 3.8186, "car_lcAssertive": 41.652, "car_lcCooperative": 0.9001, "car_lcLookaheadLeft": 95.7584, "car_lcPushy": 0.2416, "car_lcSigma": 0.1465, "car_lcSpeedGainRight": 4.2633, "car_lcSublane": 0.4618, "car_sigma": 0.813, "car_tau_mean": 1.0065, "car_tau_std": 6.7392, "car_v_mean": 12.0632, "car_v_std": 4.425}, "datetime": {"datetime": "2024-08-08 17:46:21", "elapsed": 1366.890773, "delta": 1.684347}}
{"target": -0.30525357271330966, "params": {"bus_acc": 1.8373, "bus_dcc": 2.7453, "bus_lcAssertive": 76.4145, "bus_lcCooperative": 0.6893, "bus_lcLookaheadLeft": 28.1165, "bus_lcPushy": 0.1725, "bus_lcSigma": 0.8724, "bus_lcSpeedGainRight": 4.5895, "bus_lcSublane": 0.9898, "bus_sigma": 0.2893, "bus_tau_mean": 3.2942, "bus_tau_std": 4.5772, "bus_v_mean": 10.9816, "bus_v_std": 6.013, "car_acc": 3.2088, "car_dcc": 3.3875, "car_lcAssertive": 14.0229, "car_lcCooperative": 0.2658, "car_lcLookaheadLeft": 9.1485, "car_lcPushy": 0.2168, "car_lcSigma": 0.3415, "car_lcSpeedGainRight": 2.2948, "car_lcSublane": 0.8514, "car_sigma": 0.0022, "car_tau_mean": 2.1275, "car_tau_std": 9.177, "car_v_mean": 12.8842, "car_v_std": 4.8124}, "datetime": {"datetime": "2024-08-08 17:46:26", "elapsed": 1371.94353, "delta": 5.052757}}
{"target": -0.344160541070292, "params": {"bus_acc": 3.26, "bus_dcc": 3.181, "bus_lcAssertive": 78.9284, "bus_lcCooperative": 0.5052, "bus_lcLookaheadLeft": 99.3425, "bus_lcPushy": 0.7985, "bus_lcSigma": 0.7085, "bus_lcSpeedGainRight": 0.4948, "bus_lcSublane": 0.1229, "bus_sigma": 0.9638, "bus_tau_mean": 3.1244, "bus_tau_std": 6.2034, "bus_v_mean": 22.0452, "bus_v_std": 7.3572, "car_acc": 2.287, "car_dcc": 3.3448, "car_lcAssertive": 65.7052, "car_lcCooperative": 0.1551, "car_lcLookaheadLeft": 86.2358, "car_lcPushy": 0.7007, "car_lcSigma": 0.7902, "car_lcSpeedGainRight": 3.0423, "car_lcSublane": 0.0603, "car_sigma": 0.8595, "car_tau_mean": 3.0914, "car_tau_std": 7.664, "car_v_mean": 18.215, "car_v_std": 8.14}, "datetime": {"datetime": "2024-08-08 17:46:27", "elapsed": 1372.616195, "delta": 0.672665}}
{"target": -0.3059528237269697, "params": {"bus_acc": 2.4746, "bus_dcc": 2.2975, "bus_lcAssertive": 47.8631, "bus_lcCooperative": 0.6411, "bus_lcLookaheadLeft": 92.9739, "bus_lcPushy": 0.8893, "bus_lcSigma": 0.8349, "bus_lcSpeedGainRight": 2.7001, "bus_lcSublane": 0.6483, "bus_sigma": 0.1381, "bus_tau_mean": 0.7485, "bus_tau_std": 5.094, "bus_v_mean": 13.72, "bus_v_std": 7.2488, "car_acc": 2.5417, "car_dcc": 3.0534, "car_lcAssertive": 94.8352, "car_lcCooperative": 0.185, "car_lcLookaheadLeft": 85.7381, "car_lcPushy": 0.5028, "car_lcSigma": 0.4944, "car_lcSpeedGainRight": 0.4874, "car_lcSublane": 0.6221, "car_sigma": 0.8431, "car_tau_mean": 3.79, "car_tau_std": 7.8711, "car_v_mean": 18.231, "car_v_std": 11.2548}, "datetime": {"datetime": "2024-08-08 17:46:28", "elapsed": 1373.610778, "delta": 0.994583}}
{"target": -0.2982664257738363, "params": {"bus_acc": 4.8268, "bus_dcc": 1.6147, "bus_lcAssertive": 80.8522, "bus_lcCooperative": 0.5546, "bus_lcLookaheadLeft": 6.1305, "bus_lcPushy": 0.3644, "bus_lcSigma": 0.8713, "bus_lcSpeedGainRight": 4.3734, "bus_lcSublane": 0.358, "bus_sigma": 0.937, "bus_tau_mean": 3.0026, "bus_tau_std": 5.6455, "bus_v_mean": 13.5337, "bus_v_std": 9.5444, "car_acc": 2.5639, "car_dcc": 1.5751, "car_lcAssertive": 31.51, "car_lcCooperative": 0.2028, "car_lcLookaheadLeft": 67.43, "car_lcPushy": 0.4053, "car_lcSigma": 0.4154, "car_lcSpeedGainRight": 3.2554, "car_lcSublane": 0.4048, "car_sigma": 0.4756, "car_tau_mean": 2.0843, "car_tau_std": 4.0465, "car_v_mean": 12.0242, "car_v_std": 15.7658}, "datetime": {"datetime": "2024-08-08 17:46:29", "elapsed": 1374.32807, "delta": 0.717292}}
{"target": -0.32268874957964194, "params": {"bus_acc": 1.429, "bus_dcc": 1.3861, "bus_lcAssertive": 19.0509, "bus_lcCooperative": 0.3744, "bus_lcLookaheadLeft": 4.4279, "bus_lcPushy": 0.1552, "bus_lcSigma": 0.0466, "bus_lcSpeedGainRight": 4.3199, "bus_lcSublane": 0.6615, "bus_sigma": 0.9933, "bus_tau_mean": 3.3718, "bus_tau_std": 4.5323, "bus_v_mean": 14.766, "bus_v_std": 9.9888, "car_acc": 1.9245, "car_dcc": 1.9504, "car_lcAssertive": 96.1487, "car_lcCooperative": 0.1682, "car_lcLookaheadLeft": 50.5714, "car_lcPushy": 0.158, "car_lcSigma": 0.3798, "car_lcSpeedGainRight": 4.6521, "car_lcSublane": 0.2042, "car_sigma": 0.1796, "car_tau_mean": 3.7592, "car_tau_std": 6.4354, "car_v_mean": 20.1848, "car_v_std": 8.6501}, "datetime": {"datetime": "2024-08-08 17:46:29", "elapsed": 1375.027891, "delta": 0.699821}}
{"target": -0.3283936298313806, "params": {"bus_acc": 2.2282, "bus_dcc": 2.3103, "bus_lcAssertive": 84.3652, "bus_lcCooperative": 0.1266, "bus_lcLookaheadLeft": 80.5992, "bus_lcPushy": 0.021, "bus_lcSigma": 0.4384, "bus_lcSpeedGainRight": 1.8531, "bus_lcSublane": 0.6043, "bus_sigma": 0.5833, "bus_tau_mean": 3.3484, "bus_tau_std": 9.2771, "bus_v_mean": 18.4197, "bus_v_std": 5.8665, "car_acc": 1.5053, "car_dcc": 2.1055, "car_lcAssertive": 28.5703, "car_lcCooperative": 0.1515, "car_lcLookaheadLeft": 63.0346, "car_lcPushy": 0.5909, "car_lcSigma": 0.2625, "car_lcSpeedGainRight": 4.7951, "car_lcSublane": 0.5344, "car_sigma": 0.107, "car_tau_mean": 0.6975, "car_tau_std": 5.1744, "car_v_mean": 12.8969, "car_v_std": 13.5895}, "datetime": {"datetime": "2024-08-08 17:46:30", "elapsed": 1375.931483, "delta": 0.903592}}
{"target": -0.3049234240085829, "params": {"bus_acc": 4.2661, "bus_dcc": 3.9747, "bus_lcAssertive": 8.9295, "bus_lcCooperative": 0.8139, "bus_lcLookaheadLeft": 75.2398, "bus_lcPushy": 0.7811, "bus_lcSigma": 0.8662, "bus_lcSpeedGainRight": 4.5983, "bus_lcSublane": 0.1923, "bus_sigma": 0.7969, "bus_tau_mean": 0.883, "bus_tau_std": 1.1974, "bus_v_mean": 23.7046, "bus_v_std": 14.8425, "car_acc": 2.2492, "car_dcc": 2.8031, "car_lcAssertive": 9.7044, "car_lcCooperative": 0.2173, "car_lcLookaheadLeft": 62.4987, "car_lcPushy": 0.5311, "car_lcSigma": 0.2152, "car_lcSpeedGainRight": 2.2235, "car_lcSublane": 0.9133, "car_sigma": 0.6344, "car_tau_mean": 1.1964, "car_tau_std": 4.193, "car_v_mean": 21.5532, "car_v_std": 13.1002}, "datetime": {"datetime": "2024-08-08 17:46:32", "elapsed": 1377.115824, "delta": 1.184341}}
{"target": -0.29236033705894876, "params": {"bus_acc": 2.1628, "bus_dcc": 1.0, "bus_lcAssertive": 34.7258, "bus_lcCooperative": 0.9175, "bus_lcLookaheadLeft": 27.6471, "bus_lcPushy": 0.7443, "bus_lcSigma": 0.8185, "bus_lcSpeedGainRight": 2.5615, "bus_lcSublane": 0.3844, "bus_sigma": 0.4469, "bus_tau_mean": 2.9687, "bus_tau_std": 0.6862, "bus_v_mean": 9.9147, "bus_v_std": 7.598, "car_acc": 4.1419, "car_dcc": 3.6622, "car_lcAssertive": 29.7392, "car_lcCooperative": 0.1454, "car_lcLookaheadLeft": 84.336, "car_lcPushy": 0.974, "car_lcSigma": 0.2607, "car_lcSpeedGainRight": 3.5419, "car_lcSublane": 0.548, "car_sigma": 0.2359, "car_tau_mean": 3.4318, "car_tau_std": 2.4711, "car_v_mean": 11.4377, "car_v_std": 2.8619}, "datetime": {"datetime": "2024-08-08 17:46:33", "elapsed": 1378.927125, "delta": 1.811301}}
{"target": -0.31863206912907593, "params": {"bus_acc": 4.4624, "bus_dcc": 3.5416, "bus_lcAssertive": 72.0335, "bus_lcCooperative": 0.5513, "bus_lcLookaheadLeft": 11.8754, "bus_lcPushy": 0.0324, "bus_lcSigma": 0.0295, "bus_lcSpeedGainRight": 4.2526, "bus_lcSublane": 0.7963, "bus_sigma": 0.4307, "bus_tau_mean": 0.7636, "bus_tau_std": 8.1536, "bus_v_mean": 18.2946, "bus_v_std": 18.2687, "car_acc": 1.719, "car_dcc": 2.3503, "car_lcAssertive": 9.9074, "car_lcCooperative": 0.3477, "car_lcLookaheadLeft": 72.1164, "car_lcPushy": 0.9378, "car_lcSigma": 0.9877, "car_lcSpeedGainRight": 0.109, "car_lcSublane": 0.238, "car_sigma": 0.4551, "car_tau_mean": 3.7149, "car_tau_std": 1.7377, "car_v_mean": 20.6437, "car_v_std": 1.5402}, "datetime": {"datetime": "2024-08-08 17:46:35", "elapsed": 1380.790027, "delta": 1.862902}}
{"target": -0.34627647651804616, "params": {"bus_acc": 4.3035, "bus_dcc": 1.3109, "bus_lcAssertive": 58.4561, "bus_lcCooperative": 0.3717, "bus_lcLookaheadLeft": 34.8622, "bus_lcPushy": 0.4038, "bus_lcSigma": 0.9795, "bus_lcSpeedGainRight": 2.0801, "bus_lcSublane": 0.0093, "bus_sigma": 0.9842, "bus_tau_mean": 3.8635, "bus_tau_std": 3.3314, "bus_v_mean": 13.6105, "bus_v_std": 8.0726, "car_acc": 3.5038, "car_dcc": 2.3151, "car_lcAssertive": 49.7676, "car_lcCooperative": 0.7841, "car_lcLookaheadLeft": 42.8019, "car_lcPushy": 0.8009, "car_lcSigma": 0.3367, "car_lcSpeedGainRight": 2.3319, "car_lcSublane": 0.8327, "car_sigma": 0.4991, "car_tau_mean": 1.5387, "car_tau_std": 2.4511, "car_v_mean": 21.6682, "car_v_std": 1.2113}, "datetime": {"datetime": "2024-08-08 17:46:36", "elapsed": 1381.720255, "delta": 0.930228}}
{"target": -0.31344556096167836, "params": {"bus_acc": 2.1158, "bus_dcc": 1.5175, "bus_lcAssertive": 77.2325, "bus_lcCooperative": 0.7586, "bus_lcLookaheadLeft": 30.0162, "bus_lcPushy": 0.6213, "bus_lcSigma": 0.8072, "bus_lcSpeedGainRight": 2.4924, "bus_lcSublane": 0.9469, "bus_sigma": 0.3047, "bus_tau_mean": 3.5615, "bus_tau_std": 0.3826, "bus_v_mean": 16.3444, "bus_v_std": 12.3774, "car_acc": 4.6681, "car_dcc": 3.606, "car_lcAssertive": 63.772, "car_lcCooperative": 0.9758, "car_lcLookaheadLeft": 64.4862, "car_lcPushy": 0.4237, "car_lcSigma": 0.1223, "car_lcSpeedGainRight": 1.5649, "car_lcSublane": 0.2163, "car_sigma": 0.4573, "car_tau_mean": 1.1742, "car_tau_std": 4.6378, "car_v_mean": 14.1695, "car_v_std": 13.0059}, "datetime": {"datetime": "2024-08-08 17:46:38", "elapsed": 1383.847373, "delta": 2.127118}}
{"target": -0.32574470476454503, "params": {"bus_acc": 4.6094, "bus_dcc": 3.6349, "bus_lcAssertive": 85.8497, "bus_lcCooperative": 0.8567, "bus_lcLookaheadLeft": 83.5392, "bus_lcPushy": 0.4966, "bus_lcSigma": 0.254, "bus_lcSpeedGainRight": 2.4318, "bus_lcSublane": 0.5891, "bus_sigma": 0.2972, "bus_tau_mean": 2.1017, "bus_tau_std": 2.8263, "bus_v_mean": 22.8828, "bus_v_std": 1.8792, "car_acc": 3.4945, "car_dcc": 2.6384, "car_lcAssertive": 35.4467, "car_lcCooperative": 0.3239, "car_lcLookaheadLeft": 59.8652, "car_lcPushy": 0.7025, "car_lcSigma": 0.893, "car_lcSpeedGainRight": 4.254, "car_lcSublane": 0.2154, "car_sigma": 0.6097, "car_tau_mean": 0.6635, "car_tau_std": 9.0166, "car_v_mean": 11.9349, "car_v_std": 11.0502}, "datetime": {"datetime": "2024-08-08 17:46:40", "elapsed": 1385.948004, "delta": 2.100631}}
{"target": -0.3327049092232885, "params": {"bus_acc": 3.5402, "bus_dcc": 2.7641, "bus_lcAssertive": 13.1608, "bus_lcCooperative": 0.3224, "bus_lcLookaheadLeft": 18.4072, "bus_lcPushy": 0.4381, "bus_lcSigma": 0.4015, "bus_lcSpeedGainRight": 0.4501, "bus_lcSublane": 0.0979, "bus_sigma": 0.0587, "bus_tau_mean": 3.7016, "bus_tau_std": 9.0002, "bus_v_mean": 12.5939, "bus_v_std": 9.7197, "car_acc": 1.9981, "car_dcc": 3.0205, "car_lcAssertive": 20.8365, "car_lcCooperative": 0.6619, "car_lcLookaheadLeft": 88.3892, "car_lcPushy": 0.5723, "car_lcSigma": 0.3541, "car_lcSpeedGainRight": 3.2755, "car_lcSublane": 0.4172, "car_sigma": 0.8469, "car_tau_mean": 3.0015, "car_tau_std": 4.1661, "car_v_mean": 20.7578, "car_v_std": 0.1768}, "datetime": {"datetime": "2024-08-08 17:46:41", "elapsed": 1386.935213, "delta": 0.987209}}
