{"target": -0.3903711657941462, "params": {"bus_acc": 1.4422, "bus_dcc": 2.4649, "bus_lcAssertive": 27.0694, "bus_lcCooperative": 0.3719, "bus_lcLookaheadLeft": 92.8328, "bus_lcPushy": 0.7282, "bus_lcSigma": 0.4512, "bus_lcSpeedGainRight": 3.1573, "bus_lcSublane": 0.7463, "bus_sigma": 0.2351, "bus_tau_mean": 2.5436, "bus_tau_std": 5.856, "bus_v_mean": 18.0446, "bus_v_std": 19.2181, "car_acc": 2.8091, "car_dcc": 3.5573, "car_lcAssertive": 91.8596, "car_lcCooperative": 0.1976, "car_lcLookaheadLeft": 86.9453, "car_lcPushy": 0.8646, "car_lcSigma": 0.9971, "car_lcSpeedGainRight": 3.228, "car_lcSublane": 0.6148, "car_sigma": 0.0228, "car_tau_mean": 3.3952, "car_tau_std": 5.5817, "car_v_mean": 20.4981, "car_v_std": 1.333}, "datetime": {"datetime": "2024-08-08 00:16:07", "elapsed": 787.015681, "delta": 3.818905}}
{"target": -0.34199420912750855, "params": {"bus_acc": 2.4317, "bus_dcc": 1.0399, "bus_lcAssertive": 81.37, "bus_lcCooperative": 0.3927, "bus_lcLookaheadLeft": 71.1434, "bus_lcPushy": 0.1494, "bus_lcSigma": 0.3014, "bus_lcSpeedGainRight": 2.6919, "bus_lcSublane": 0.8509, "bus_sigma": 0.2018, "bus_tau_mean": 0.5402, "bus_tau_std": 7.9627, "bus_v_mean": 19.2722, "bus_v_std": 13.0823, "car_acc": 2.3833, "car_dcc": 2.6578, "car_lcAssertive": 39.8325, "car_lcCooperative": 0.8976, "car_lcLookaheadLeft": 96.8942, "car_lcPushy": 0.4366, "car_lcSigma": 0.6764, "car_lcSpeedGainRight": 4.9912, "car_lcSublane": 0.4543, "car_sigma": 0.3211, "car_tau_mean": 2.9424, "car_tau_std": 4.4314, "car_v_mean": 13.4676, "car_v_std": 1.5142}, "datetime": {"datetime": "2024-08-08 00:16:10", "elapsed": 789.962361, "delta": 2.94668}}
{"target": -0.36440437541432874, "params": {"bus_acc": 2.7379, "bus_dcc": 1.5357, "bus_lcAssertive": 61.8477, "bus_lcCooperative": 0.5361, "bus_lcLookaheadLeft": 11.3322, "bus_lcPushy": 0.021, "bus_lcSigma": 0.8088, "bus_lcSpeedGainRight": 4.8035, "bus_lcSublane": 0.9196, "bus_sigma": 0.3285, "bus_tau_mean": 1.7157, "bus_tau_std": 2.869, "bus_v_mean": 21.9974, "bus_v_std": 4.5456, "car_acc": 2.7315, "car_dcc": 3.9234, "car_lcAssertive": 42.8871, "car_lcCooperative": 0.4063, "car_lcLookaheadLeft": 49.5267, "car_lcPushy": 0.9966, "car_lcSigma": 0.7323, "car_lcSpeedGainRight": 0.9795, "car_lcSublane": 0.4958, "car_sigma": 0.3134, "car_tau_mean": 3.9796, "car_tau_std": 2.0201, "car_v_mean": 19.8819, "car_v_std": 8.8866}, "datetime": {"datetime": "2024-08-08 00:16:17", "elapsed": 796.621552, "delta": 6.659191}}
{"target": -0.339495961065287, "params": {"bus_acc": 2.1274, "bus_dcc": 1.173, "bus_lcAssertive": 62.9065, "bus_lcCooperative": 0.5883, "bus_lcLookaheadLeft": 45.2573, "bus_lcPushy": 0.3642, "bus_lcSigma": 0.7241, "bus_lcSpeedGainRight": 0.3933, "bus_lcSublane": 0.4851, "bus_sigma": 0.3297, "bus_tau_mean": 3.0682, "bus_tau_std": 0.7958, "bus_v_mean": 15.4802, "bus_v_std": 9.1718, "car_acc": 2.11, "car_dcc": 1.5652, "car_lcAssertive": 76.7355, "car_lcCooperative": 0.1421, "car_lcLookaheadLeft": 67.2895, "car_lcPushy": 0.7365, "car_lcSigma": 0.1059, "car_lcSpeedGainRight": 3.3958, "car_lcSublane": 0.4901, "car_sigma": 0.9385, "car_tau_mean": 2.8826, "car_tau_std": 2.6967, "car_v_mean": 22.0722, "car_v_std": 3.0676}, "datetime": {"datetime": "2024-08-08 00:16:19", "elapsed": 799.037598, "delta": 2.416046}}
{"target": -0.3805200565557143, "params": {"bus_acc": 2.0903, "bus_dcc": 3.5602, "bus_lcAssertive": 24.2404, "bus_lcCooperative": 0.4147, "bus_lcLookaheadLeft": 93.3909, "bus_lcPushy": 0.6237, "bus_lcSigma": 0.9641, "bus_lcSpeedGainRight": 4.1511, "bus_lcSublane": 0.7101, "bus_sigma": 0.0629, "bus_tau_mean": 1.2959, "bus_tau_std": 3.7081, "bus_v_mean": 8.8061, "bus_v_std": 11.8504, "car_acc": 2.025, "car_dcc": 3.913, "car_lcAssertive": 86.1269, "car_lcCooperative": 0.2587, "car_lcLookaheadLeft": 95.097, "car_lcPushy": 0.4084, "car_lcSigma": 0.9673, "car_lcSpeedGainRight": 4.7299, "car_lcSublane": 0.2761, "car_sigma": 0.3682, "car_tau_mean": 1.3652, "car_tau_std": 8.0898, "car_v_mean": 20.7644, "car_v_std": 3.2409}, "datetime": {"datetime": "2024-08-08 00:16:25", "elapsed": 804.960558, "delta": 5.92296}}
{"target": -0.33622732732782534, "params": {"bus_acc": 2.6907, "bus_dcc": 3.0915, "bus_lcAssertive": 66.5266, "bus_lcCooperative": 0.7959, "bus_lcLookaheadLeft": 57.2117, "bus_lcPushy": 0.5791, "bus_lcSigma": 0.4995, "bus_lcSpeedGainRight": 3.2831, "bus_lcSublane": 0.2683, "bus_sigma": 0.7057, "bus_tau_mean": 1.4566, "bus_tau_std": 7.0664, "bus_v_mean": 10.4121, "bus_v_std": 8.7406, "car_acc": 1.1539, "car_dcc": 3.8467, "car_lcAssertive": 96.2199, "car_lcCooperative": 0.4191, "car_lcLookaheadLeft": 42.2973, "car_lcPushy": 0.7972, "car_lcSigma": 0.0657, "car_lcSpeedGainRight": 0.8332, "car_lcSublane": 0.0142, "car_sigma": 0.875, "car_tau_mean": 1.4072, "car_tau_std": 9.9192, "car_v_mean": 21.1427, "car_v_std": 16.0915}, "datetime": {"datetime": "2024-08-08 00:16:32", "elapsed": 811.227046, "delta": 6.266488}}
{"target": -0.32864553473717084, "params": {"bus_acc": 1.5013, "bus_dcc": 3.2764, "bus_lcAssertive": 33.2393, "bus_lcCooperative": 0.8117, "bus_lcLookaheadLeft": 58.5558, "bus_lcPushy": 0.616, "bus_lcSigma": 0.3425, "bus_lcSpeedGainRight": 3.3089, "bus_lcSublane": 0.5653, "bus_sigma": 0.4142, "bus_tau_mean": 1.9242, "bus_tau_std": 8.4353, "bus_v_mean": 16.1559, "bus_v_std": 17.3119, "car_acc": 1.5545, "car_dcc": 1.7641, "car_lcAssertive": 83.2704, "car_lcCooperative": 0.2395, "car_lcLookaheadLeft": 49.2574, "car_lcPushy": 0.734, "car_lcSigma": 0.7523, "car_lcSpeedGainRight": 2.5566, "car_lcSublane": 0.267, "car_sigma": 0.3934, "car_tau_mean": 3.5463, "car_tau_std": 8.3761, "car_v_mean": 9.2316, "car_v_std": 12.1736}, "datetime": {"datetime": "2024-08-08 00:16:45", "elapsed": 825.088416, "delta": 13.86137}}
{"target": -0.3110913355234962, "params": {"bus_acc": 1.61, "bus_dcc": 2.6532, "bus_lcAssertive": 89.9538, "bus_lcCooperative": 0.1323, "bus_lcLookaheadLeft": 9.2401, "bus_lcPushy": 0.446, "bus_lcSigma": 0.7728, "bus_lcSpeedGainRight": 0.0183, "bus_lcSublane": 0.6145, "bus_sigma": 0.2481, "bus_tau_mean": 1.5209, "bus_tau_std": 1.5688, "bus_v_mean": 8.0748, "bus_v_std": 0.6362, "car_acc": 2.0487, "car_dcc": 1.2473, "car_lcAssertive": 90.1858, "car_lcCooperative": 0.7298, "car_lcLookaheadLeft": 38.9559, "car_lcPushy": 0.255, "car_lcSigma": 0.8532, "car_lcSpeedGainRight": 4.7921, "car_lcSublane": 0.6897, "car_sigma": 0.4859, "car_tau_mean": 2.4946, "car_tau_std": 0.5332, "car_v_mean": 15.2582, "car_v_std": 10.3025}, "datetime": {"datetime": "2024-08-08 00:16:49", "elapsed": 828.173164, "delta": 3.084748}}
{"target": -0.31836585039409343, "params": {"bus_acc": 2.4621, "bus_dcc": 3.6108, "bus_lcAssertive": 95.6655, "bus_lcCooperative": 0.7279, "bus_lcLookaheadLeft": 73.6565, "bus_lcPushy": 0.6004, "bus_lcSigma": 0.6627, "bus_lcSpeedGainRight": 2.1014, "bus_lcSublane": 0.2548, "bus_sigma": 0.9045, "bus_tau_mean": 3.718, "bus_tau_std": 3.8115, "bus_v_mean": 17.9912, "bus_v_std": 4.5503, "car_acc": 2.132, "car_dcc": 1.0457, "car_lcAssertive": 62.3857, "car_lcCooperative": 0.1819, "car_lcLookaheadLeft": 65.4777, "car_lcPushy": 0.831, "car_lcSigma": 0.3747, "car_lcSpeedGainRight": 2.1767, "car_lcSublane": 0.9955, "car_sigma": 0.641, "car_tau_mean": 1.2003, "car_tau_std": 6.9632, "car_v_mean": 18.0968, "car_v_std": 17.4097}, "datetime": {"datetime": "2024-08-08 00:16:58", "elapsed": 837.54302, "delta": 9.369856}}
{"target": -0.33918378735627797, "params": {"bus_acc": 1.0, "bus_dcc": 1.0, "bus_lcAssertive": 28.1403, "bus_lcCooperative": 0.9619, "bus_lcLookaheadLeft": 29.3042, "bus_lcPushy": 0.7391, "bus_lcSigma": 0.6647, "bus_lcSpeedGainRight": 2.4758, "bus_lcSublane": 0.3922, "bus_sigma": 0.2466, "bus_tau_mean": 2.9048, "bus_tau_std": 2.8589, "bus_v_mean": 11.7304, "bus_v_std": 8.5372, "car_acc": 2.7847, "car_dcc": 2.8004, "car_lcAssertive": 35.3308, "car_lcCooperative": 0.1084, "car_lcLookaheadLeft": 76.7666, "car_lcPushy": 0.8723, "car_lcSigma": 0.0862, "car_lcSpeedGainRight": 4.4976, "car_lcSublane": 0.5461, "car_sigma": 0.468, "car_tau_mean": 3.1136, "car_tau_std": 1.7019, "car_v_mean": 14.1783, "car_v_std": 2.4544}, "datetime": {"datetime": "2024-08-08 00:17:05", "elapsed": 844.352783, "delta": 6.809763}}
{"target": -0.3640612871877914, "params": {"bus_acc": 1.8245, "bus_dcc": 1.816, "bus_lcAssertive": 65.562, "bus_lcCooperative": 0.4528, "bus_lcLookaheadLeft": 61.6121, "bus_lcPushy": 0.4385, "bus_lcSigma": 0.1003, "bus_lcSpeedGainRight": 4.383, "bus_lcSublane": 0.8948, "bus_sigma": 0.8577, "bus_tau_mean": 3.9394, "bus_tau_std": 6.0254, "bus_v_mean": 18.0966, "bus_v_std": 3.7566, "car_acc": 2.2468, "car_dcc": 3.7714, "car_lcAssertive": 99.0834, "car_lcCooperative": 0.0511, "car_lcLookaheadLeft": 44.7516, "car_lcPushy": 0.797, "car_lcSigma": 0.184, "car_lcSpeedGainRight": 2.8835, "car_lcSublane": 0.2082, "car_sigma": 0.7401, "car_tau_mean": 1.266, "car_tau_std": 8.6482, "car_v_mean": 19.0248, "car_v_std": 17.5315}, "datetime": {"datetime": "2024-08-08 00:17:26", "elapsed": 865.940127, "delta": 21.587344}}
{"target": -0.34494890843018955, "params": {"bus_acc": 2.6574, "bus_dcc": 3.0771, "bus_lcAssertive": 90.1117, "bus_lcCooperative": 0.4424, "bus_lcLookaheadLeft": 67.3104, "bus_lcPushy": 0.3596, "bus_lcSigma": 0.591, "bus_lcSpeedGainRight": 1.5989, "bus_lcSublane": 0.5981, "bus_sigma": 0.3095, "bus_tau_mean": 3.1267, "bus_tau_std": 2.5722, "bus_v_mean": 8.9884, "bus_v_std": 10.2434, "car_acc": 2.7027, "car_dcc": 2.3826, "car_lcAssertive": 26.4911, "car_lcCooperative": 0.6524, "car_lcLookaheadLeft": 64.4231, "car_lcPushy": 0.4263, "car_lcSigma": 0.9554, "car_lcSpeedGainRight": 3.2556, "car_lcSublane": 0.1685, "car_sigma": 0.6668, "car_tau_mean": 2.1067, "car_tau_std": 3.7925, "car_v_mean": 17.6188, "car_v_std": 3.7818}, "datetime": {"datetime": "2024-08-08 00:17:33", "elapsed": 872.337537, "delta": 6.39741}}
{"target": -0.3630477378409088, "params": {"bus_acc": 2.3203, "bus_dcc": 3.8474, "bus_lcAssertive": 52.1032, "bus_lcCooperative": 0.1961, "bus_lcLookaheadLeft": 21.898, "bus_lcPushy": 0.1694, "bus_lcSigma": 0.4728, "bus_lcSpeedGainRight": 0.125, "bus_lcSublane": 0.8087, "bus_sigma": 0.0935, "bus_tau_mean": 3.8868, "bus_tau_std": 3.4439, "bus_v_mean": 12.1269, "bus_v_std": 9.7963, "car_acc": 1.788, "car_dcc": 2.427, "car_lcAssertive": 90.7929, "car_lcCooperative": 0.8592, "car_lcLookaheadLeft": 67.8125, "car_lcPushy": 0.8223, "car_lcSigma": 0.4245, "car_lcSpeedGainRight": 0.7936, "car_lcSublane": 0.2462, "car_sigma": 0.6339, "car_tau_mean": 3.0389, "car_tau_std": 9.7988, "car_v_mean": 21.7188, "car_v_std": 2.8708}, "datetime": {"datetime": "2024-08-08 00:17:38", "elapsed": 877.979574, "delta": 5.642037}}
{"target": -0.32430383282831576, "params": {"bus_acc": 1.0, "bus_dcc": 1.0, "bus_lcAssertive": 34.5979, "bus_lcCooperative": 1.0, "bus_lcLookaheadLeft": 25.4503, "bus_lcPushy": 1.0, "bus_lcSigma": 1.0, "bus_lcSpeedGainRight": 3.6379, "bus_lcSublane": 0.5837, "bus_sigma": 0.2245, "bus_tau_mean": 3.9996, "bus_tau_std": 0.0, "bus_v_mean": 9.6347, "bus_v_std": 6.9545, "car_acc": 3.0, "car_dcc": 3.9919, "car_lcAssertive": 29.5556, "car_lcCooperative": 0.0, "car_lcLookaheadLeft": 83.6373, "car_lcPushy": 1.0, "car_lcSigma": 0.0, "car_lcSpeedGainRight": 5.0, "car_lcSublane": 0.6852, "car_sigma": 0.4235, "car_tau_mean": 3.3279, "car_tau_std": 0.0, "car_v_mean": 11.524, "car_v_std": 2.3264}, "datetime": {"datetime": "2024-08-08 00:17:46", "elapsed": 885.979729, "delta": 8.000155}}
{"target": -0.39692103064022854, "params": {"bus_acc": 2.5767, "bus_dcc": 2.5159, "bus_lcAssertive": 13.7652, "bus_lcCooperative": 0.6404, "bus_lcLookaheadLeft": 41.614, "bus_lcPushy": 0.7008, "bus_lcSigma": 0.5763, "bus_lcSpeedGainRight": 3.0954, "bus_lcSublane": 0.1419, "bus_sigma": 0.7908, "bus_tau_mean": 3.6188, "bus_tau_std": 5.4354, "bus_v_mean": 15.1819, "bus_v_std": 12.086, "car_acc": 2.3462, "car_dcc": 3.6333, "car_lcAssertive": 45.4137, "car_lcCooperative": 0.1188, "car_lcLookaheadLeft": 56.616, "car_lcPushy": 0.0343, "car_lcSigma": 0.0086, "car_lcSpeedGainRight": 3.1595, "car_lcSublane": 0.5488, "car_sigma": 0.9945, "car_tau_mean": 3.3097, "car_tau_std": 7.4614, "car_v_mean": 18.9812, "car_v_std": 3.069}, "datetime": {"datetime": "2024-08-08 00:17:56", "elapsed": 895.316564, "delta": 9.336835}}
{"target": -0.3515726009283697, "params": {"bus_acc": 2.6929, "bus_dcc": 1.8145, "bus_lcAssertive": 26.1321, "bus_lcCooperative": 0.8015, "bus_lcLookaheadLeft": 94.2686, "bus_lcPushy": 0.9037, "bus_lcSigma": 0.7818, "bus_lcSpeedGainRight": 1.4798, "bus_lcSublane": 0.8217, "bus_sigma": 0.8051, "bus_tau_mean": 1.3381, "bus_tau_std": 3.7006, "bus_v_mean": 18.1591, "bus_v_std": 15.5794, "car_acc": 1.0969, "car_dcc": 3.7768, "car_lcAssertive": 91.9237, "car_lcCooperative": 0.8237, "car_lcLookaheadLeft": 92.6625, "car_lcPushy": 0.8681, "car_lcSigma": 0.7907, "car_lcSpeedGainRight": 1.5045, "car_lcSublane": 0.0112, "car_sigma": 0.9331, "car_tau_mean": 1.7428, "car_tau_std": 1.4804, "car_v_mean": 22.3846, "car_v_std": 5.0765}, "datetime": {"datetime": "2024-08-08 00:18:04", "elapsed": 903.303319, "delta": 7.986755}}
{"target": -0.3167364822629348, "params": {"bus_acc": 1.111, "bus_dcc": 2.1632, "bus_lcAssertive": 17.3222, "bus_lcCooperative": 0.354, "bus_lcLookaheadLeft": 50.0206, "bus_lcPushy": 0.2098, "bus_lcSigma": 0.6049, "bus_lcSpeedGainRight": 3.0341, "bus_lcSublane": 0.439, "bus_sigma": 0.6232, "bus_tau_mean": 3.7911, "bus_tau_std": 0.7499, "bus_v_mean": 12.1799, "bus_v_std": 1.8425, "car_acc": 2.5983, "car_dcc": 1.4618, "car_lcAssertive": 55.7635, "car_lcCooperative": 0.929, "car_lcLookaheadLeft": 15.3852, "car_lcPushy": 0.534, "car_lcSigma": 0.1518, "car_lcSpeedGainRight": 0.0341, "car_lcSublane": 0.1734, "car_sigma": 0.2102, "car_tau_mean": 2.1285, "car_tau_std": 1.7114, "car_v_mean": 21.0633, "car_v_std": 14.0394}, "datetime": {"datetime": "2024-08-08 00:18:12", "elapsed": 912.014261, "delta": 8.710942}}
{"target": -0.31609126330929954, "params": {"bus_acc": 1.7585, "bus_dcc": 2.3078, "bus_lcAssertive": 79.1597, "bus_lcCooperative": 0.3178, "bus_lcLookaheadLeft": 86.2531, "bus_lcPushy": 0.7351, "bus_lcSigma": 0.7111, "bus_lcSpeedGainRight": 2.3223, "bus_lcSublane": 0.1957, "bus_sigma": 0.3588, "bus_tau_mean": 2.2353, "bus_tau_std": 1.7096, "bus_v_mean": 16.8938, "bus_v_std": 11.6562, "car_acc": 2.2586, "car_dcc": 1.6363, "car_lcAssertive": 15.8777, "car_lcCooperative": 0.3148, "car_lcLookaheadLeft": 63.6938, "car_lcPushy": 0.2368, "car_lcSigma": 0.6621, "car_lcSpeedGainRight": 2.4012, "car_lcSublane": 0.1455, "car_sigma": 0.635, "car_tau_mean": 1.076, "car_tau_std": 4.3216, "car_v_mean": 17.6673, "car_v_std": 9.3652}, "datetime": {"datetime": "2024-08-08 00:18:21", "elapsed": 920.44159, "delta": 8.427329}}
{"target": -0.3830382591257654, "params": {"bus_acc": 2.9833, "bus_dcc": 2.4739, "bus_lcAssertive": 70.4019, "bus_lcCooperative": 0.1719, "bus_lcLookaheadLeft": 60.4431, "bus_lcPushy": 0.0051, "bus_lcSigma": 0.2307, "bus_lcSpeedGainRight": 3.3382, "bus_lcSublane": 0.4687, "bus_sigma": 0.6078, "bus_tau_mean": 1.5587, "bus_tau_std": 1.0963, "bus_v_mean": 20.1232, "bus_v_std": 6.974, "car_acc": 2.6286, "car_dcc": 2.9031, "car_lcAssertive": 98.1783, "car_lcCooperative": 0.3893, "car_lcLookaheadLeft": 43.6675, "car_lcPushy": 0.9184, "car_lcSigma": 0.1344, "car_lcSpeedGainRight": 4.6846, "car_lcSublane": 0.546, "car_sigma": 0.378, "car_tau_mean": 0.9842, "car_tau_std": 6.1107, "car_v_mean": 22.4879, "car_v_std": 10.6638}, "datetime": {"datetime": "2024-08-08 00:18:32", "elapsed": 931.344291, "delta": 10.902701}}
{"target": -0.33556074751538134, "params": {"bus_acc": 2.6956, "bus_dcc": 3.5622, "bus_lcAssertive": 38.4034, "bus_lcCooperative": 0.9318, "bus_lcLookaheadLeft": 85.1743, "bus_lcPushy": 0.3104, "bus_lcSigma": 0.6533, "bus_lcSpeedGainRight": 1.6724, "bus_lcSublane": 0.4477, "bus_sigma": 0.175, "bus_tau_mean": 1.9522, "bus_tau_std": 2.2644, "bus_v_mean": 17.5631, "bus_v_std": 3.5036, "car_acc": 1.9271, "car_dcc": 1.492, "car_lcAssertive": 57.3878, "car_lcCooperative": 0.9833, "car_lcLookaheadLeft": 22.8988, "car_lcPushy": 0.0353, "car_lcSigma": 0.6113, "car_lcSpeedGainRight": 3.5111, "car_lcSublane": 0.2976, "car_sigma": 0.0664, "car_tau_mean": 3.2124, "car_tau_std": 7.9487, "car_v_mean": 9.2516, "car_v_std": 1.9538}, "datetime": {"datetime": "2024-08-08 00:18:41", "elapsed": 940.240923, "delta": 8.896632}}
{"target": -0.35167731160077903, "params": {"bus_acc": 1.525, "bus_dcc": 2.6633, "bus_lcAssertive": 47.303, "bus_lcCooperative": 0.6189, "bus_lcLookaheadLeft": 54.4639, "bus_lcPushy": 0.6664, "bus_lcSigma": 0.5485, "bus_lcSpeedGainRight": 2.9894, "bus_lcSublane": 0.3926, "bus_sigma": 0.4808, "bus_tau_mean": 1.5464, "bus_tau_std": 6.527, "bus_v_mean": 14.8717, "bus_v_std": 11.7462, "car_acc": 2.1467, "car_dcc": 2.3195, "car_lcAssertive": 86.2164, "car_lcCooperative": 0.3681, "car_lcLookaheadLeft": 49.8357, "car_lcPushy": 0.5259, "car_lcSigma": 0.5895, "car_lcSpeedGainRight": 3.0756, "car_lcSublane": 0.565, "car_sigma": 0.4953, "car_tau_mean": 2.4677, "car_tau_std": 7.8651, "car_v_mean": 15.0048, "car_v_std": 11.1144}, "datetime": {"datetime": "2024-08-08 00:18:48", "elapsed": 947.194072, "delta": 6.953149}}
{"target": -0.3551716943110209, "params": {"bus_acc": 2.8755, "bus_dcc": 1.2685, "bus_lcAssertive": 1.5219, "bus_lcCooperative": 0.7553, "bus_lcLookaheadLeft": 77.0067, "bus_lcPushy": 0.8079, "bus_lcSigma": 0.4139, "bus_lcSpeedGainRight": 2.181, "bus_lcSublane": 0.1392, "bus_sigma": 0.2476, "bus_tau_mean": 1.7098, "bus_tau_std": 7.1745, "bus_v_mean": 23.1429, "bus_v_std": 3.4235, "car_acc": 1.0318, "car_dcc": 1.6235, "car_lcAssertive": 89.1514, "car_lcCooperative": 0.6665, "car_lcLookaheadLeft": 11.4304, "car_lcPushy": 0.7531, "car_lcSigma": 0.7321, "car_lcSpeedGainRight": 4.1815, "car_lcSublane": 0.7864, "car_sigma": 0.9472, "car_tau_mean": 1.5583, "car_tau_std": 5.8521, "car_v_mean": 17.8836, "car_v_std": 19.1321}, "datetime": {"datetime": "2024-08-08 00:18:54", "elapsed": 953.183289, "delta": 5.989217}}
{"target": -0.5115578032053778, "params": {"bus_acc": 1.4028, "bus_dcc": 1.206, "bus_lcAssertive": 72.8553, "bus_lcCooperative": 0.8018, "bus_lcLookaheadLeft": 16.3868, "bus_lcPushy": 0.8308, "bus_lcSigma": 0.4308, "bus_lcSpeedGainRight": 0.8344, "bus_lcSublane": 0.1799, "bus_sigma": 0.511, "bus_tau_mean": 1.3791, "bus_tau_std": 2.1014, "bus_v_mean": 21.5464, "bus_v_std": 4.7479, "car_acc": 1.2443, "car_dcc": 3.6866, "car_lcAssertive": 21.3981, "car_lcCooperative": 0.9159, "car_lcLookaheadLeft": 46.1616, "car_lcPushy": 0.3291, "car_lcSigma": 0.2263, "car_lcSpeedGainRight": 2.5672, "car_lcSublane": 0.4834, "car_sigma": 0.907, "car_tau_mean": 0.6628, "car_tau_std": 4.818, "car_v_mean": 22.094, "car_v_std": 0.595}, "datetime": {"datetime": "2024-08-08 00:19:00", "elapsed": 959.164146, "delta": 5.980857}}
{"target": -0.3401499143350714, "params": {"bus_acc": 2.8935, "bus_dcc": 3.5992, "bus_lcAssertive": 29.822, "bus_lcCooperative": 0.558, "bus_lcLookaheadLeft": 81.7744, "bus_lcPushy": 0.1133, "bus_lcSigma": 0.176, "bus_lcSpeedGainRight": 0.5123, "bus_lcSublane": 0.2676, "bus_sigma": 0.712, "bus_tau_mean": 1.8717, "bus_tau_std": 3.6922, "bus_v_mean": 18.6638, "bus_v_std": 7.762, "car_acc": 1.7496, "car_dcc": 1.8254, "car_lcAssertive": 95.5052, "car_lcCooperative": 0.9721, "car_lcLookaheadLeft": 13.0646, "car_lcPushy": 0.4143, "car_lcSigma": 0.07, "car_lcSpeedGainRight": 0.0769, "car_lcSublane": 0.6701, "car_sigma": 0.5526, "car_tau_mean": 3.3736, "car_tau_std": 5.7298, "car_v_mean": 19.406, "car_v_std": 17.4908}, "datetime": {"datetime": "2024-08-08 00:19:08", "elapsed": 967.881026, "delta": 8.71688}}
{"target": -0.3669202663515228, "params": {"bus_acc": 1.7747, "bus_dcc": 1.5365, "bus_lcAssertive": 21.4226, "bus_lcCooperative": 0.4785, "bus_lcLookaheadLeft": 96.0364, "bus_lcPushy": 0.7543, "bus_lcSigma": 0.1529, "bus_lcSpeedGainRight": 2.876, "bus_lcSublane": 0.2063, "bus_sigma": 0.7674, "bus_tau_mean": 0.8839, "bus_tau_std": 1.5087, "bus_v_mean": 17.5521, "bus_v_std": 17.5267, "car_acc": 1.9209, "car_dcc": 2.3595, "car_lcAssertive": 76.6484, "car_lcCooperative": 0.6312, "car_lcLookaheadLeft": 66.4161, "car_lcPushy": 0.6141, "car_lcSigma": 0.7854, "car_lcSpeedGainRight": 3.8588, "car_lcSublane": 0.768, "car_sigma": 0.3663, "car_tau_mean": 1.414, "car_tau_std": 6.4101, "car_v_mean": 16.8755, "car_v_std": 3.1902}, "datetime": {"datetime": "2024-08-08 00:19:15", "elapsed": 974.948128, "delta": 7.067102}}
{"target": -0.3252964148308163, "params": {"bus_acc": 2.2408, "bus_dcc": 1.326, "bus_lcAssertive": 16.9822, "bus_lcCooperative": 0.3634, "bus_lcLookaheadLeft": 45.3798, "bus_lcPushy": 0.0932, "bus_lcSigma": 0.6134, "bus_lcSpeedGainRight": 0.2487, "bus_lcSublane": 0.609, "bus_sigma": 0.3284, "bus_tau_mean": 2.7397, "bus_tau_std": 7.9449, "bus_v_mean": 9.4474, "bus_v_std": 11.6918, "car_acc": 2.0387, "car_dcc": 1.3992, "car_lcAssertive": 41.6026, "car_lcCooperative": 0.095, "car_lcLookaheadLeft": 55.6944, "car_lcPushy": 0.3186, "car_lcSigma": 0.9636, "car_lcSpeedGainRight": 3.5809, "car_lcSublane": 0.3552, "car_sigma": 0.7747, "car_tau_mean": 1.6313, "car_tau_std": 4.3849, "car_v_mean": 17.9171, "car_v_std": 4.9884}, "datetime": {"datetime": "2024-08-08 00:19:24", "elapsed": 983.390734, "delta": 8.442606}}
