{"target": -0.2979712363659776, "params": {"bus_acc": 3.5287, "bus_dcc": 1.6208, "bus_lcAssertive": 76.9465, "bus_lcCooperative": 0.2068, "bus_lcLookaheadLeft": 48.2984, "bus_lcPushy": 0.6404, "bus_lcSigma": 0.708, "bus_lcSpeedGainRight": 3.9303, "bus_lcSublane": 0.2132, "bus_sigma": 0.9215, "bus_tau_mean": 3.8589, "bus_tau_std": 5.2059, "bus_v_mean": 8.4703, "bus_v_std": 13.3021, "car_acc": 3.7083, "car_dcc": 2.0854, "car_lcAssertive": 52.0301, "car_lcCooperative": 0.8893, "car_lcLookaheadLeft": 55.5291, "car_lcPushy": 0.5617, "car_lcSigma": 0.3425, "car_lcSpeedGainRight": 4.9633, "car_lcSublane": 0.0228, "car_sigma": 0.8531, "car_tau_mean": 2.4187, "car_tau_std": 9.0081, "car_v_mean": 16.6766, "car_v_std": 4.532}, "datetime": {"datetime": "2024-08-08 19:04:27", "elapsed": 1675.572062, "delta": 5.477176}}
{"target": -0.3281222157052867, "params": {"bus_acc": 2.0744, "bus_dcc": 3.2577, "bus_lcAssertive": 96.2275, "bus_lcCooperative": 0.1059, "bus_lcLookaheadLeft": 28.9918, "bus_lcPushy": 0.9758, "bus_lcSigma": 0.8144, "bus_lcSpeedGainRight": 3.6432, "bus_lcSublane": 0.8146, "bus_sigma": 0.762, "bus_tau_mean": 2.4645, "bus_tau_std": 4.9116, "bus_v_mean": 15.5831, "bus_v_std": 16.6794, "car_acc": 1.9782, "car_dcc": 2.3915, "car_lcAssertive": 60.4638, "car_lcCooperative": 0.6043, "car_lcLookaheadLeft": 71.9409, "car_lcPushy": 0.6785, "car_lcSigma": 0.5885, "car_lcSpeedGainRight": 1.1437, "car_lcSublane": 0.366, "car_sigma": 0.8527, "car_tau_mean": 2.5736, "car_tau_std": 5.0852, "car_v_mean": 13.552, "car_v_std": 10.9662}, "datetime": {"datetime": "2024-08-08 19:04:33", "elapsed": 1681.719278, "delta": 6.147216}}
{"target": -0.362265316551226, "params": {"bus_acc": 2.264, "bus_dcc": 1.4553, "bus_lcAssertive": 21.7811, "bus_lcCooperative": 0.1518, "bus_lcLookaheadLeft": 35.0814, "bus_lcPushy": 0.2886, "bus_lcSigma": 0.5104, "bus_lcSpeedGainRight": 2.8449, "bus_lcSublane": 0.0093, "bus_sigma": 0.7771, "bus_tau_mean": 1.4594, "bus_tau_std": 4.9986, "bus_v_mean": 22.8634, "bus_v_std": 10.8808, "car_acc": 1.5138, "car_dcc": 3.022, "car_lcAssertive": 99.0693, "car_lcCooperative": 0.8075, "car_lcLookaheadLeft": 25.7535, "car_lcPushy": 0.0069, "car_lcSigma": 0.9199, "car_lcSpeedGainRight": 4.3539, "car_lcSublane": 0.7087, "car_sigma": 0.6771, "car_tau_mean": 1.0573, "car_tau_std": 7.8928, "car_v_mean": 21.7637, "car_v_std": 4.5541}, "datetime": {"datetime": "2024-08-08 19:04:40", "elapsed": 1688.326235, "delta": 6.606957}}
{"target": -0.41621979697243927, "params": {"bus_acc": 2.0706, "bus_dcc": 2.4408, "bus_lcAssertive": 72.3979, "bus_lcCooperative": 0.5548, "bus_lcLookaheadLeft": 76.7492, "bus_lcPushy": 0.0401, "bus_lcSigma": 0.6952, "bus_lcSpeedGainRight": 0.8391, "bus_lcSublane": 0.8322, "bus_sigma": 0.5852, "bus_tau_mean": 1.952, "bus_tau_std": 0.8985, "bus_v_mean": 14.9839, "bus_v_std": 1.6019, "car_acc": 2.4881, "car_dcc": 2.7499, "car_lcAssertive": 83.5505, "car_lcCooperative": 0.6621, "car_lcLookaheadLeft": 22.1125, "car_lcPushy": 0.9087, "car_lcSigma": 0.5808, "car_lcSpeedGainRight": 4.0591, "car_lcSublane": 0.6427, "car_sigma": 0.063, "car_tau_mean": 3.2849, "car_tau_std": 9.6113, "car_v_mean": 18.6813, "car_v_std": 3.3463}, "datetime": {"datetime": "2024-08-08 19:04:46", "elapsed": 1694.66688, "delta": 6.340645}}
{"target": -0.33732555983272733, "params": {"bus_acc": 3.5051, "bus_dcc": 1.017, "bus_lcAssertive": 47.5071, "bus_lcCooperative": 0.42, "bus_lcLookaheadLeft": 73.7923, "bus_lcPushy": 0.4949, "bus_lcSigma": 0.8818, "bus_lcSpeedGainRight": 0.2093, "bus_lcSublane": 0.7358, "bus_sigma": 0.2823, "bus_tau_mean": 2.3286, "bus_tau_std": 3.3853, "bus_v_mean": 20.5701, "bus_v_std": 5.6918, "car_acc": 3.0106, "car_dcc": 3.594, "car_lcAssertive": 20.2831, "car_lcCooperative": 0.5664, "car_lcLookaheadLeft": 74.9368, "car_lcPushy": 0.7046, "car_lcSigma": 0.0373, "car_lcSpeedGainRight": 3.2493, "car_lcSublane": 0.1525, "car_sigma": 0.8945, "car_tau_mean": 3.836, "car_tau_std": 7.3625, "car_v_mean": 22.0336, "car_v_std": 13.6416}, "datetime": {"datetime": "2024-08-08 19:04:52", "elapsed": 1700.599841, "delta": 5.932961}}
{"target": -0.34083319567788734, "params": {"bus_acc": 3.1645, "bus_dcc": 1.5462, "bus_lcAssertive": 76.206, "bus_lcCooperative": 0.0522, "bus_lcLookaheadLeft": 43.1754, "bus_lcPushy": 0.4948, "bus_lcSigma": 0.7521, "bus_lcSpeedGainRight": 0.8593, "bus_lcSublane": 0.3182, "bus_sigma": 0.4909, "bus_tau_mean": 2.0664, "bus_tau_std": 6.6631, "bus_v_mean": 19.6553, "bus_v_std": 1.6421, "car_acc": 2.4563, "car_dcc": 2.519, "car_lcAssertive": 50.1668, "car_lcCooperative": 0.2431, "car_lcLookaheadLeft": 12.0288, "car_lcPushy": 0.2743, "car_lcSigma": 0.2658, "car_lcSpeedGainRight": 1.2649, "car_lcSublane": 0.7176, "car_sigma": 0.7186, "car_tau_mean": 2.0564, "car_tau_std": 1.911, "car_v_mean": 12.1867, "car_v_std": 0.3042}, "datetime": {"datetime": "2024-08-08 19:04:58", "elapsed": 1706.527408, "delta": 5.927567}}
{"target": -0.3403554602601617, "params": {"bus_acc": 2.0429, "bus_dcc": 2.5713, "bus_lcAssertive": 62.8099, "bus_lcCooperative": 0.9155, "bus_lcLookaheadLeft": 62.6596, "bus_lcPushy": 0.3527, "bus_lcSigma": 0.5263, "bus_lcSpeedGainRight": 4.5091, "bus_lcSublane": 0.4695, "bus_sigma": 0.3856, "bus_tau_mean": 2.8866, "bus_tau_std": 6.5432, "bus_v_mean": 8.318, "bus_v_std": 17.7891, "car_acc": 2.6023, "car_dcc": 2.3111, "car_lcAssertive": 36.3518, "car_lcCooperative": 0.3274, "car_lcLookaheadLeft": 16.6041, "car_lcPushy": 0.3925, "car_lcSigma": 0.9898, "car_lcSpeedGainRight": 4.041, "car_lcSublane": 0.86, "car_sigma": 0.5926, "car_tau_mean": 1.8564, "car_tau_std": 9.8649, "car_v_mean": 10.3529, "car_v_std": 15.0377}, "datetime": {"datetime": "2024-08-08 19:05:03", "elapsed": 1710.796074, "delta": 4.268666}}
{"target": -0.3578901808071467, "params": {"bus_acc": 3.7421, "bus_dcc": 3.2521, "bus_lcAssertive": 34.0378, "bus_lcCooperative": 0.4424, "bus_lcLookaheadLeft": 71.4601, "bus_lcPushy": 0.7144, "bus_lcSigma": 0.6927, "bus_lcSpeedGainRight": 3.8242, "bus_lcSublane": 0.162, "bus_sigma": 0.0029, "bus_tau_mean": 3.5381, "bus_tau_std": 5.5383, "bus_v_mean": 21.1748, "bus_v_std": 0.6024, "car_acc": 3.2237, "car_dcc": 3.9908, "car_lcAssertive": 99.1199, "car_lcCooperative": 0.4072, "car_lcLookaheadLeft": 77.9381, "car_lcPushy": 0.7177, "car_lcSigma": 0.5514, "car_lcSpeedGainRight": 4.0762, "car_lcSublane": 0.6101, "car_sigma": 0.8582, "car_tau_mean": 3.0153, "car_tau_std": 7.9444, "car_v_mean": 18.1261, "car_v_std": 4.9332}, "datetime": {"datetime": "2024-08-08 19:05:07", "elapsed": 1715.242446, "delta": 4.446372}}
{"target": -0.3399124455089148, "params": {"bus_acc": 2.3799, "bus_dcc": 3.3504, "bus_lcAssertive": 90.4873, "bus_lcCooperative": 0.6335, "bus_lcLookaheadLeft": 62.1434, "bus_lcPushy": 0.5986, "bus_lcSigma": 0.9519, "bus_lcSpeedGainRight": 1.517, "bus_lcSublane": 0.9655, "bus_sigma": 0.8786, "bus_tau_mean": 0.5519, "bus_tau_std": 5.6438, "bus_v_mean": 11.4214, "bus_v_std": 15.8473, "car_acc": 1.9555, "car_dcc": 3.6023, "car_lcAssertive": 23.6016, "car_lcCooperative": 0.7355, "car_lcLookaheadLeft": 67.3417, "car_lcPushy": 0.2322, "car_lcSigma": 0.6472, "car_lcSpeedGainRight": 4.096, "car_lcSublane": 0.424, "car_sigma": 0.3973, "car_tau_mean": 3.3639, "car_tau_std": 6.9759, "car_v_mean": 13.9619, "car_v_std": 2.6835}, "datetime": {"datetime": "2024-08-08 19:05:13", "elapsed": 1720.835339, "delta": 5.592893}}
{"target": -0.27654044757945634, "params": {"bus_acc": 2.411, "bus_dcc": 3.4804, "bus_lcAssertive": 62.993, "bus_lcCooperative": 0.2493, "bus_lcLookaheadLeft": 6.9573, "bus_lcPushy": 0.146, "bus_lcSigma": 0.8735, "bus_lcSpeedGainRight": 1.3821, "bus_lcSublane": 0.4868, "bus_sigma": 0.2779, "bus_tau_mean": 3.8781, "bus_tau_std": 6.2698, "bus_v_mean": 20.2357, "bus_v_std": 15.6353, "car_acc": 2.3122, "car_dcc": 1.0534, "car_lcAssertive": 3.0247, "car_lcCooperative": 0.7336, "car_lcLookaheadLeft": 7.8097, "car_lcPushy": 0.5645, "car_lcSigma": 0.1232, "car_lcSpeedGainRight": 4.6353, "car_lcSublane": 0.7054, "car_sigma": 0.5234, "car_tau_mean": 2.6359, "car_tau_std": 4.5881, "car_v_mean": 16.7339, "car_v_std": 19.5996}, "datetime": {"datetime": "2024-08-08 19:05:18", "elapsed": 1725.817975, "delta": 4.982636}}
{"target": -0.3448464664028399, "params": {"bus_acc": 2.5139, "bus_dcc": 3.4264, "bus_lcAssertive": 52.3127, "bus_lcCooperative": 0.6127, "bus_lcLookaheadLeft": 36.6747, "bus_lcPushy": 0.4523, "bus_lcSigma": 0.4503, "bus_lcSpeedGainRight": 2.5491, "bus_lcSublane": 0.8718, "bus_sigma": 0.8232, "bus_tau_mean": 0.6936, "bus_tau_std": 0.6541, "bus_v_mean": 8.9197, "bus_v_std": 11.9492, "car_acc": 1.4435, "car_dcc": 2.5396, "car_lcAssertive": 81.5233, "car_lcCooperative": 0.7706, "car_lcLookaheadLeft": 69.6446, "car_lcPushy": 0.9558, "car_lcSigma": 0.0888, "car_lcSpeedGainRight": 2.7949, "car_lcSublane": 0.3614, "car_sigma": 0.2342, "car_tau_mean": 1.2027, "car_tau_std": 5.5101, "car_v_mean": 11.5014, "car_v_std": 0.4542}, "datetime": {"datetime": "2024-08-08 19:05:23", "elapsed": 1730.997256, "delta": 5.179281}}
{"target": -0.36746882069145687, "params": {"bus_acc": 1.2763, "bus_dcc": 2.8745, "bus_lcAssertive": 21.415, "bus_lcCooperative": 0.1192, "bus_lcLookaheadLeft": 59.8091, "bus_lcPushy": 0.6186, "bus_lcSigma": 0.533, "bus_lcSpeedGainRight": 4.2097, "bus_lcSublane": 0.9729, "bus_sigma": 0.8454, "bus_tau_mean": 2.5143, "bus_tau_std": 8.3985, "bus_v_mean": 8.8247, "bus_v_std": 13.8083, "car_acc": 2.8937, "car_dcc": 2.1108, "car_lcAssertive": 96.8369, "car_lcCooperative": 0.5467, "car_lcLookaheadLeft": 47.513, "car_lcPushy": 0.1331, "car_lcSigma": 0.6108, "car_lcSpeedGainRight": 0.1654, "car_lcSublane": 0.4067, "car_sigma": 0.0315, "car_tau_mean": 2.3239, "car_tau_std": 8.9582, "car_v_mean": 21.2795, "car_v_std": 1.8322}, "datetime": {"datetime": "2024-08-08 19:05:28", "elapsed": 1735.813196, "delta": 4.81594}}
{"target": -0.30719930367820747, "params": {"bus_acc": 1.7442, "bus_dcc": 3.0024, "bus_lcAssertive": 6.9134, "bus_lcCooperative": 0.3525, "bus_lcLookaheadLeft": 34.8293, "bus_lcPushy": 0.9321, "bus_lcSigma": 0.2987, "bus_lcSpeedGainRight": 1.946, "bus_lcSublane": 0.3715, "bus_sigma": 0.7064, "bus_tau_mean": 0.8744, "bus_tau_std": 6.8764, "bus_v_mean": 14.5245, "bus_v_std": 3.5874, "car_acc": 3.5229, "car_dcc": 1.2032, "car_lcAssertive": 65.2212, "car_lcCooperative": 0.5081, "car_lcLookaheadLeft": 97.7144, "car_lcPushy": 0.43, "car_lcSigma": 0.7065, "car_lcSpeedGainRight": 4.8178, "car_lcSublane": 0.639, "car_sigma": 0.2877, "car_tau_mean": 3.7388, "car_tau_std": 2.9122, "car_v_mean": 13.9985, "car_v_std": 18.7598}, "datetime": {"datetime": "2024-08-08 19:05:32", "elapsed": 1739.749831, "delta": 3.936635}}
{"target": -0.33934834097987276, "params": {"bus_acc": 3.1817, "bus_dcc": 1.4862, "bus_lcAssertive": 47.1487, "bus_lcCooperative": 0.286, "bus_lcLookaheadLeft": 38.9544, "bus_lcPushy": 0.6762, "bus_lcSigma": 0.5606, "bus_lcSpeedGainRight": 4.485, "bus_lcSublane": 0.218, "bus_sigma": 0.6517, "bus_tau_mean": 2.118, "bus_tau_std": 7.1429, "bus_v_mean": 18.9932, "bus_v_std": 15.3499, "car_acc": 1.9909, "car_dcc": 1.7201, "car_lcAssertive": 81.6575, "car_lcCooperative": 0.6139, "car_lcLookaheadLeft": 93.7781, "car_lcPushy": 0.524, "car_lcSigma": 0.2801, "car_lcSpeedGainRight": 2.2346, "car_lcSublane": 0.4264, "car_sigma": 0.6308, "car_tau_mean": 2.2213, "car_tau_std": 6.4906, "car_v_mean": 11.9413, "car_v_std": 5.9272}, "datetime": {"datetime": "2024-08-08 19:05:37", "elapsed": 1745.150013, "delta": 5.400182}}
{"target": -0.30547272935982966, "params": {"bus_acc": 3.2279, "bus_dcc": 3.6818, "bus_lcAssertive": 21.0611, "bus_lcCooperative": 0.0805, "bus_lcLookaheadLeft": 11.3967, "bus_lcPushy": 0.4374, "bus_lcSigma": 0.8902, "bus_lcSpeedGainRight": 3.5407, "bus_lcSublane": 0.3783, "bus_sigma": 0.4585, "bus_tau_mean": 1.8576, "bus_tau_std": 4.6379, "bus_v_mean": 22.8833, "bus_v_std": 4.486, "car_acc": 2.3462, "car_dcc": 3.8073, "car_lcAssertive": 62.2294, "car_lcCooperative": 0.1171, "car_lcLookaheadLeft": 75.368, "car_lcPushy": 0.3505, "car_lcSigma": 0.1511, "car_lcSpeedGainRight": 1.9087, "car_lcSublane": 0.3144, "car_sigma": 0.6557, "car_tau_mean": 1.5878, "car_tau_std": 9.447, "car_v_mean": 9.2645, "car_v_std": 0.7215}, "datetime": {"datetime": "2024-08-08 19:05:42", "elapsed": 1750.669299, "delta": 5.519286}}
{"target": -0.32129601086087073, "params": {"bus_acc": 1.1647, "bus_dcc": 1.9747, "bus_lcAssertive": 83.8266, "bus_lcCooperative": 0.136, "bus_lcLookaheadLeft": 52.6929, "bus_lcPushy": 0.0735, "bus_lcSigma": 0.6773, "bus_lcSpeedGainRight": 2.9465, "bus_lcSublane": 0.3172, "bus_sigma": 0.1322, "bus_tau_mean": 3.6207, "bus_tau_std": 6.2615, "bus_v_mean": 10.6077, "bus_v_std": 11.6024, "car_acc": 2.5948, "car_dcc": 2.9098, "car_lcAssertive": 32.2277, "car_lcCooperative": 0.5428, "car_lcLookaheadLeft": 44.6531, "car_lcPushy": 0.4918, "car_lcSigma": 0.7011, "car_lcSpeedGainRight": 1.6827, "car_lcSublane": 0.8381, "car_sigma": 0.3069, "car_tau_mean": 0.7703, "car_tau_std": 8.4632, "car_v_mean": 16.8917, "car_v_std": 10.3871}, "datetime": {"datetime": "2024-08-08 19:05:46", "elapsed": 1754.572319, "delta": 3.90302}}
{"target": -0.31469099403721557, "params": {"bus_acc": 3.9747, "bus_dcc": 2.0328, "bus_lcAssertive": 96.8007, "bus_lcCooperative": 0.6385, "bus_lcLookaheadLeft": 60.5357, "bus_lcPushy": 0.0696, "bus_lcSigma": 0.742, "bus_lcSpeedGainRight": 0.9312, "bus_lcSublane": 0.809, "bus_sigma": 0.9758, "bus_tau_mean": 0.6108, "bus_tau_std": 6.2486, "bus_v_mean": 23.8863, "bus_v_std": 11.8098, "car_acc": 1.8882, "car_dcc": 2.5204, "car_lcAssertive": 30.5841, "car_lcCooperative": 0.2063, "car_lcLookaheadLeft": 57.7787, "car_lcPushy": 0.5002, "car_lcSigma": 0.5617, "car_lcSpeedGainRight": 1.7362, "car_lcSublane": 0.0432, "car_sigma": 0.8855, "car_tau_mean": 1.8202, "car_tau_std": 6.6996, "car_v_mean": 10.3868, "car_v_std": 2.188}, "datetime": {"datetime": "2024-08-08 19:05:51", "elapsed": 1759.572272, "delta": 4.999953}}
{"target": -0.3268999689114717, "params": {"bus_acc": 2.0314, "bus_dcc": 1.0755, "bus_lcAssertive": 52.2846, "bus_lcCooperative": 0.3417, "bus_lcLookaheadLeft": 95.629, "bus_lcPushy": 0.3739, "bus_lcSigma": 0.1731, "bus_lcSpeedGainRight": 2.9325, "bus_lcSublane": 0.5688, "bus_sigma": 0.7651, "bus_tau_mean": 2.9614, "bus_tau_std": 2.33, "bus_v_mean": 16.4085, "bus_v_std": 2.7308, "car_acc": 3.541, "car_dcc": 2.6949, "car_lcAssertive": 20.5952, "car_lcCooperative": 0.5913, "car_lcLookaheadLeft": 17.1171, "car_lcPushy": 0.0241, "car_lcSigma": 0.3642, "car_lcSpeedGainRight": 1.8293, "car_lcSublane": 0.9595, "car_sigma": 0.1521, "car_tau_mean": 3.3402, "car_tau_std": 4.5948, "car_v_mean": 9.2793, "car_v_std": 6.1111}, "datetime": {"datetime": "2024-08-08 19:05:53", "elapsed": 1761.293434, "delta": 1.721162}}
{"target": -0.3455978154455228, "params": {"bus_acc": 1.8364, "bus_dcc": 3.2275, "bus_lcAssertive": 40.3307, "bus_lcCooperative": 0.2922, "bus_lcLookaheadLeft": 34.9369, "bus_lcPushy": 0.0284, "bus_lcSigma": 0.6445, "bus_lcSpeedGainRight": 2.1835, "bus_lcSublane": 0.8077, "bus_sigma": 0.9995, "bus_tau_mean": 1.839, "bus_tau_std": 6.243, "bus_v_mean": 20.2992, "bus_v_std": 5.691, "car_acc": 2.4012, "car_dcc": 3.825, "car_lcAssertive": 24.9069, "car_lcCooperative": 0.3188, "car_lcLookaheadLeft": 36.9472, "car_lcPushy": 0.3421, "car_lcSigma": 0.3165, "car_lcSpeedGainRight": 0.3933, "car_lcSublane": 0.7983, "car_sigma": 0.8743, "car_tau_mean": 2.7197, "car_tau_std": 9.1832, "car_v_mean": 21.0538, "car_v_std": 19.3473}, "datetime": {"datetime": "2024-08-08 19:05:56", "elapsed": 1763.993648, "delta": 2.700214}}
{"target": -0.36450035662556796, "params": {"bus_acc": 3.3519, "bus_dcc": 3.2814, "bus_lcAssertive": 25.4912, "bus_lcCooperative": 0.2983, "bus_lcLookaheadLeft": 85.4538, "bus_lcPushy": 0.4073, "bus_lcSigma": 0.1484, "bus_lcSpeedGainRight": 0.6144, "bus_lcSublane": 0.4812, "bus_sigma": 0.5983, "bus_tau_mean": 3.9325, "bus_tau_std": 1.7506, "bus_v_mean": 15.2423, "bus_v_std": 5.5185, "car_acc": 2.4529, "car_dcc": 2.2979, "car_lcAssertive": 61.9928, "car_lcCooperative": 0.5307, "car_lcLookaheadLeft": 24.811, "car_lcPushy": 0.6433, "car_lcSigma": 0.3767, "car_lcSpeedGainRight": 4.9286, "car_lcSublane": 0.1169, "car_sigma": 0.8566, "car_tau_mean": 2.6605, "car_tau_std": 3.3774, "car_v_mean": 8.2705, "car_v_std": 4.2006}, "datetime": {"datetime": "2024-08-08 19:05:58", "elapsed": 1766.167694, "delta": 2.174046}}
{"target": -0.3264671145050529, "params": {"bus_acc": 1.5052, "bus_dcc": 2.717, "bus_lcAssertive": 40.8004, "bus_lcCooperative": 0.6934, "bus_lcLookaheadLeft": 95.7789, "bus_lcPushy": 0.8771, "bus_lcSigma": 0.5525, "bus_lcSpeedGainRight": 2.6937, "bus_lcSublane": 0.6394, "bus_sigma": 0.4201, "bus_tau_mean": 1.4856, "bus_tau_std": 2.0812, "bus_v_mean": 8.324, "bus_v_std": 19.6613, "car_acc": 2.5405, "car_dcc": 3.2203, "car_lcAssertive": 53.3262, "car_lcCooperative": 0.5755, "car_lcLookaheadLeft": 67.7022, "car_lcPushy": 0.1044, "car_lcSigma": 0.7307, "car_lcSpeedGainRight": 2.5489, "car_lcSublane": 0.4178, "car_sigma": 0.2078, "car_tau_mean": 3.6581, "car_tau_std": 3.041, "car_v_mean": 14.355, "car_v_std": 19.9893}, "datetime": {"datetime": "2024-08-08 19:06:03", "elapsed": 1771.309573, "delta": 5.141879}}
{"target": -0.3259938278358257, "params": {"bus_acc": 2.436, "bus_dcc": 3.7793, "bus_lcAssertive": 58.9689, "bus_lcCooperative": 0.1375, "bus_lcLookaheadLeft": 52.9653, "bus_lcPushy": 0.8082, "bus_lcSigma": 0.7829, "bus_lcSpeedGainRight": 0.2574, "bus_lcSublane": 0.6889, "bus_sigma": 0.5312, "bus_tau_mean": 3.5827, "bus_tau_std": 0.4668, "bus_v_mean": 17.9692, "bus_v_std": 0.2383, "car_acc": 1.5866, "car_dcc": 2.7788, "car_lcAssertive": 80.8545, "car_lcCooperative": 0.9579, "car_lcLookaheadLeft": 80.6857, "car_lcPushy": 0.5419, "car_lcSigma": 0.4713, "car_lcSpeedGainRight": 1.24, "car_lcSublane": 0.735, "car_sigma": 0.2784, "car_tau_mean": 0.8425, "car_tau_std": 9.2688, "car_v_mean": 9.6864, "car_v_std": 1.1938}, "datetime": {"datetime": "2024-08-08 19:06:08", "elapsed": 1776.516022, "delta": 5.206449}}
{"target": -0.29145918484477124, "params": {"bus_acc": 1.3927, "bus_dcc": 2.3825, "bus_lcAssertive": 58.6299, "bus_lcCooperative": 0.8577, "bus_lcLookaheadLeft": 36.1609, "bus_lcPushy": 0.8166, "bus_lcSigma": 0.2206, "bus_lcSpeedGainRight": 1.3718, "bus_lcSublane": 0.8772, "bus_sigma": 0.2523, "bus_tau_mean": 3.3658, "bus_tau_std": 2.0359, "bus_v_mean": 13.9181, "bus_v_std": 15.4081, "car_acc": 2.573, "car_dcc": 1.5809, "car_lcAssertive": 11.034, "car_lcCooperative": 0.2937, "car_lcLookaheadLeft": 11.8843, "car_lcPushy": 0.3255, "car_lcSigma": 0.881, "car_lcSpeedGainRight": 4.7112, "car_lcSublane": 0.2129, "car_sigma": 0.4318, "car_tau_mean": 1.5334, "car_tau_std": 1.1136, "car_v_mean": 21.2395, "car_v_std": 12.7293}, "datetime": {"datetime": "2024-08-08 19:06:10", "elapsed": 1778.011219, "delta": 1.495197}}
{"target": -0.2954567432926232, "params": {"bus_acc": 1.8118, "bus_dcc": 3.1539, "bus_lcAssertive": 66.0077, "bus_lcCooperative": 0.0956, "bus_lcLookaheadLeft": 51.0365, "bus_lcPushy": 0.7543, "bus_lcSigma": 0.2521, "bus_lcSpeedGainRight": 4.0006, "bus_lcSublane": 0.388, "bus_sigma": 0.1993, "bus_tau_mean": 1.9748, "bus_tau_std": 4.8894, "bus_v_mean": 9.2901, "bus_v_std": 1.8635, "car_acc": 3.5973, "car_dcc": 3.2218, "car_lcAssertive": 36.5507, "car_lcCooperative": 0.7907, "car_lcLookaheadLeft": 86.56, "car_lcPushy": 0.0244, "car_lcSigma": 0.3058, "car_lcSpeedGainRight": 3.6506, "car_lcSublane": 0.0526, "car_sigma": 0.6965, "car_tau_mean": 1.4746, "car_tau_std": 6.5619, "car_v_mean": 14.4596, "car_v_std": 17.8776}, "datetime": {"datetime": "2024-08-08 19:06:13", "elapsed": 1780.93747, "delta": 2.926251}}
{"target": -0.3945323200362476, "params": {"bus_acc": 2.8882, "bus_dcc": 3.0768, "bus_lcAssertive": 68.6112, "bus_lcCooperative": 0.2247, "bus_lcLookaheadLeft": 18.8076, "bus_lcPushy": 0.4849, "bus_lcSigma": 0.1021, "bus_lcSpeedGainRight": 1.1309, "bus_lcSublane": 0.7066, "bus_sigma": 0.6308, "bus_tau_mean": 2.5573, "bus_tau_std": 8.7022, "bus_v_mean": 13.9312, "bus_v_std": 9.0713, "car_acc": 1.9479, "car_dcc": 1.1358, "car_lcAssertive": 85.3771, "car_lcCooperative": 0.8952, "car_lcLookaheadLeft": 86.5378, "car_lcPushy": 0.1349, "car_lcSigma": 0.2162, "car_lcSpeedGainRight": 4.2478, "car_lcSublane": 0.6974, "car_sigma": 0.5582, "car_tau_mean": 3.2523, "car_tau_std": 4.8342, "car_v_mean": 14.2306, "car_v_std": 0.0724}, "datetime": {"datetime": "2024-08-08 19:06:18", "elapsed": 1786.431054, "delta": 5.493584}}
{"target": -0.3710787245348257, "params": {"bus_acc": 1.3529, "bus_dcc": 3.3531, "bus_lcAssertive": 48.9274, "bus_lcCooperative": 0.6422, "bus_lcLookaheadLeft": 28.5839, "bus_lcPushy": 0.2092, "bus_lcSigma": 0.6953, "bus_lcSpeedGainRight": 1.1259, "bus_lcSublane": 0.6118, "bus_sigma": 0.9425, "bus_tau_mean": 2.4076, "bus_tau_std": 4.3227, "bus_v_mean": 12.852, "bus_v_std": 5.4054, "car_acc": 1.7431, "car_dcc": 2.1107, "car_lcAssertive": 34.6383, "car_lcCooperative": 0.1437, "car_lcLookaheadLeft": 60.4232, "car_lcPushy": 0.251, "car_lcSigma": 0.8318, "car_lcSpeedGainRight": 4.9779, "car_lcSublane": 0.7678, "car_sigma": 0.6245, "car_tau_mean": 3.9065, "car_tau_std": 8.9965, "car_v_mean": 8.9038, "car_v_std": 1.9865}, "datetime": {"datetime": "2024-08-08 19:06:23", "elapsed": 1791.009555, "delta": 4.578501}}
