{"target": -0.3644673619576818, "params": {"bus_acc": 1.8172169923542498, "bus_dcc": 1.5307126670812825, "bus_lcAssertive": 40.36755689486291, "bus_lcCooperative": 0.48521265373011824, "bus_lcLookaheadLeft": 99.07729007128228, "bus_lcPushy": 0.28419507592058557, "bus_lcSigma": 0.16563967647923183, "bus_lcSpeedGainRight": 1.1028775675772207, "bus_lcSublane": 0.21146734435685288, "bus_sigma": 0.07604769057476157, "bus_tau_mean": 1.7771769444820875, "bus_tau_std": 2.8473402479064247, "bus_v_mean": 22.20142067429409, "bus_v_std": 15.605192199128378, "car_acc": 1.2181299136946915, "car_dcc": 3.551510486102228, "car_lcAssertive": 11.8502620840065, "car_lcCooperative": 0.7202077467752445, "car_lcLookaheadLeft": 58.13678119626764, "car_lcPushy": 0.08680838426747961, "car_lcSigma": 0.9053280360773668, "car_lcSpeedGainRight": 4.372832574426883, "car_lcSublane": 0.8438517313619269, "car_sigma": 0.3695673551173151, "car_tau_mean": 1.2803299433140876, "car_tau_std": 9.971116548587963, "car_v_mean": 21.077413847672062, "car_v_std": 0.8425632125621263}, "datetime": {"datetime": "2024-08-08 00:07:57", "elapsed": 297.106808, "delta": 4.78169}}
{"target": -0.3547243747561093, "params": {"bus_acc": 2.394693079177978, "bus_dcc": 3.1397796927302095, "bus_lcAssertive": 82.37687578719199, "bus_lcCooperative": 0.6289244383408126, "bus_lcLookaheadLeft": 43.37830703913326, "bus_lcPushy": 0.030798811164673312, "bus_lcSigma": 0.5954556632890023, "bus_lcSpeedGainRight": 2.818817847509128, "bus_lcSublane": 0.6008080215491192, "bus_sigma": 0.3228534686765717, "bus_tau_mean": 2.4420869189564223, "bus_tau_std": 1.7165630428408674, "bus_v_mean": 18.39775081935187, "bus_v_std": 1.433469473818323, "car_acc": 2.7501542675994886, "car_dcc": 1.6484138504397983, "car_lcAssertive": 30.09061248724701, "car_lcCooperative": 0.8847369186394346, "car_lcLookaheadLeft": 88.59202482251717, "car_lcPushy": 0.8362672161514131, "car_lcSigma": 0.32693561690624706, "car_lcSpeedGainRight": 4.5117231960228334, "car_lcSublane": 0.7718022957748861, "car_sigma": 0.6580829809857549, "car_tau_mean": 3.6493107583786384, "car_tau_std": 7.831314722628367, "car_v_mean": 14.795992146929413, "car_v_std": 6.485104482541777}, "datetime": {"datetime": "2024-08-08 00:07:59", "elapsed": 298.996936, "delta": 1.890128}}
{"target": -0.3687838836538758, "params": {"bus_acc": 1.2659291216674706, "bus_dcc": 2.376787282665287, "bus_lcAssertive": 9.144849037470706, "bus_lcCooperative": 0.888961649120884, "bus_lcLookaheadLeft": 39.08570926572046, "bus_lcPushy": 0.4303547104217613, "bus_lcSigma": 0.7420611816254444, "bus_lcSpeedGainRight": 0.7788725969170374, "bus_lcSublane": 0.5750236919214267, "bus_sigma": 0.5110477507325528, "bus_tau_mean": 1.789062521861705, "bus_tau_std": 6.833355164060048, "bus_v_mean": 20.711779244659724, "bus_v_std": 9.353689863877914, "car_acc": 2.2547022115945916, "car_dcc": 3.737617350457007, "car_lcAssertive": 46.240214371600075, "car_lcCooperative": 0.13501994715447863, "car_lcLookaheadLeft": 55.23684324821241, "car_lcPushy": 0.4300280555930357, "car_lcSigma": 0.7683130799940705, "car_lcSpeedGainRight": 3.988373054171521, "car_lcSublane": 0.17184597187152895, "car_sigma": 0.4379389363206019, "car_tau_mean": 1.4338734819188388, "car_tau_std": 9.546892246039253, "car_v_mean": 22.989954141979553, "car_v_std": 8.68697503962993}, "datetime": {"datetime": "2024-08-08 00:08:01", "elapsed": 300.285501, "delta": 1.288565}}
{"target": -0.30553853863298663, "params": {"bus_acc": 1.3956655692958386, "bus_dcc": 2.287992167849477, "bus_lcAssertive": 34.33785387141556, "bus_lcCooperative": 0.991945011907281, "bus_lcLookaheadLeft": 39.263176619491944, "bus_lcPushy": 0.992700873664818, "bus_lcSigma": 0.5188042507334142, "bus_lcSpeedGainRight": 0.8613985073856273, "bus_lcSublane": 0.07457407125147986, "bus_sigma": 0.37030569377388767, "bus_tau_mean": 0.9319660093515546, "bus_tau_std": 6.345187162918417, "bus_v_mean": 14.622717531670542, "bus_v_std": 19.818312650509004, "car_acc": 2.859911247306636, "car_dcc": 1.44770809692925, "car_lcAssertive": 40.09334399114325, "car_lcCooperative": 0.46157971096238615, "car_lcLookaheadLeft": 56.97297800195063, "car_lcPushy": 0.7803635232892685, "car_lcSigma": 0.48719390907342375, "car_lcSpeedGainRight": 2.099967760051204, "car_lcSublane": 0.26199970471933565, "car_sigma": 0.9108061390867584, "car_tau_mean": 0.5779502903648146, "car_tau_std": 8.211218982189646, "car_v_mean": 11.015494394662696, "car_v_std": 13.715137983450944}, "datetime": {"datetime": "2024-08-08 00:08:03", "elapsed": 302.164962, "delta": 1.879461}}
{"target": -0.35869630063072355, "params": {"bus_acc": 1.2903709502235836, "bus_dcc": 3.5806786005110878, "bus_lcAssertive": 77.52697442050341, "bus_lcCooperative": 0.7759671355687482, "bus_lcLookaheadLeft": 53.812472047415646, "bus_lcPushy": 0.4501853666907679, "bus_lcSigma": 0.22663149269250416, "bus_lcSpeedGainRight": 4.043390885347759, "bus_lcSublane": 0.9659290965618759, "bus_sigma": 0.5435319722003557, "bus_tau_mean": 3.657726099665866, "bus_tau_std": 2.8235044197461976, "bus_v_mean": 16.284084021592417, "bus_v_std": 6.5632517885032655, "car_acc": 2.9836023184135723, "car_dcc": 1.7509499554683325, "car_lcAssertive": 68.1967932636376, "car_lcCooperative": 0.7642020789997055, "car_lcLookaheadLeft": 5.158210594798318, "car_lcPushy": 0.9822712283503278, "car_lcSigma": 0.09132273980371786, "car_lcSpeedGainRight": 3.070374159695059, "car_lcSublane": 0.1493508108256505, "car_sigma": 0.5207964967050822, "car_tau_mean": 0.8267078276010763, "car_tau_std": 7.812004399897563, "car_v_mean": 20.366896276552808, "car_v_std": 11.96297529858186}, "datetime": {"datetime": "2024-08-08 00:08:04", "elapsed": 303.502074, "delta": 1.337112}}
{"target": -0.346957900552745, "params": {"bus_acc": 2.306162185241562, "bus_dcc": 2.849605327987447, "bus_lcAssertive": 55.3906870999164, "bus_lcCooperative": 0.6475674602171423, "bus_lcLookaheadLeft": 84.74485450814532, "bus_lcPushy": 0.7768788234369576, "bus_lcSigma": 0.6726274664443596, "bus_lcSpeedGainRight": 0.15922666835990695, "bus_lcSublane": 0.00869477233051752, "bus_sigma": 0.35853764499380425, "bus_tau_mean": 0.6072183741923225, "bus_tau_std": 5.1784745323882415, "bus_v_mean": 8.056862412856328, "bus_v_std": 9.614607988851265, "car_acc": 1.7552172248853262, "car_dcc": 3.8723921138565585, "car_lcAssertive": 6.529501449264856, "car_lcCooperative": 0.06519097325360512, "car_lcLookaheadLeft": 85.2281216299532, "car_lcPushy": 0.7952578782339053, "car_lcSigma": 0.9358461521716702, "car_lcSpeedGainRight": 0.3911832429810269, "car_lcSublane": 0.6200997744812532, "car_sigma": 0.5144048737784671, "car_tau_mean": 1.625509157027252, "car_tau_std": 6.108114505932885, "car_v_mean": 22.689244615762533, "car_v_std": 1.251310129648222}, "datetime": {"datetime": "2024-08-08 00:08:09", "elapsed": 308.676427, "delta": 5.174353}}
{"target": -0.34735917514571796, "params": {"bus_acc": 2.2778956407368636, "bus_dcc": 2.696894406930202, "bus_lcAssertive": 31.407068817815265, "bus_lcCooperative": 0.8767770399379612, "bus_lcLookaheadLeft": 98.90454470229535, "bus_lcPushy": 0.777479431209941, "bus_lcSigma": 0.5736438575704191, "bus_lcSpeedGainRight": 0.7063966632050084, "bus_lcSublane": 0.31492902239260356, "bus_sigma": 0.3668593185911837, "bus_tau_mean": 1.5216332735961302, "bus_tau_std": 4.459528147489278, "bus_v_mean": 17.770120269882334, "bus_v_std": 4.258291810303271, "car_acc": 1.4995195085734077, "car_dcc": 1.3364514496632904, "car_lcAssertive": 31.451270328305444, "car_lcCooperative": 0.49744827858464324, "car_lcLookaheadLeft": 50.00116290158865, "car_lcPushy": 0.9955772118463961, "car_lcSigma": 0.9811085630636269, "car_lcSpeedGainRight": 2.182813858405716, "car_lcSublane": 0.9720206217903173, "car_sigma": 0.21439790417581406, "car_tau_mean": 2.3939231013813367, "car_tau_std": 4.534353144697317, "car_v_mean": 23.48174236020074, "car_v_std": 16.723524462707168}, "datetime": {"datetime": "2024-08-08 00:08:10", "elapsed": 309.665806, "delta": 0.989379}}
{"target": -0.34253173115353797, "params": {"bus_acc": 1.1733449453058202, "bus_dcc": 2.783811664334878, "bus_lcAssertive": 93.16799666925122, "bus_lcCooperative": 0.1337783077430914, "bus_lcLookaheadLeft": 52.27520477868174, "bus_lcPushy": 0.6839992141169576, "bus_lcSigma": 0.17182975960682711, "bus_lcSpeedGainRight": 0.05629946746094738, "bus_lcSublane": 0.8876831304797248, "bus_sigma": 0.035231270653359514, "bus_tau_mean": 1.401103993326861, "bus_tau_std": 6.516840317406684, "bus_v_mean": 12.572526933692195, "bus_v_std": 0.19415193149633136, "car_acc": 2.1509036689299648, "car_dcc": 1.9233768350041318, "car_lcAssertive": 15.99989212336019, "car_lcCooperative": 0.9712833117325801, "car_lcLookaheadLeft": 18.167282254097344, "car_lcPushy": 0.7272354411432771, "car_lcSigma": 0.890724191493513, "car_lcSpeedGainRight": 4.2935755786347265, "car_lcSublane": 0.1842570671584468, "car_sigma": 0.23680853369423926, "car_tau_mean": 0.5642692277590035, "car_tau_std": 9.314054672648544, "car_v_mean": 22.193938826516902, "car_v_std": 11.909323379390857}, "datetime": {"datetime": "2024-08-08 00:08:15", "elapsed": 314.193276, "delta": 4.52747}}
{"target": -0.35191461583369077, "params": {"bus_acc": 2.8292679627163153, "bus_dcc": 3.4587560670453352, "bus_lcAssertive": 43.848167779710884, "bus_lcCooperative": 0.8556231314791921, "bus_lcLookaheadLeft": 24.1093225156119, "bus_lcPushy": 0.5405160670188519, "bus_lcSigma": 0.31515028861984373, "bus_lcSpeedGainRight": 0.5981724786276194, "bus_lcSublane": 0.14551195275320672, "bus_sigma": 0.9366048176878554, "bus_tau_mean": 1.1824734974452031, "bus_tau_std": 6.499101292412803, "bus_v_mean": 11.82593852704132, "bus_v_std": 10.5093914546465, "car_acc": 1.261268408229086, "car_dcc": 1.8686210381093158, "car_lcAssertive": 40.651928474763466, "car_lcCooperative": 0.7066787742228039, "car_lcLookaheadLeft": 90.30485366442399, "car_lcPushy": 0.42857713198435743, "car_lcSigma": 0.713821968579719, "car_lcSpeedGainRight": 0.6954323027473958, "car_lcSublane": 0.10057507447264702, "car_sigma": 0.44810959037341414, "car_tau_mean": 3.1617718171797966, "car_tau_std": 2.316152840736775, "car_v_mean": 20.94612517910882, "car_v_std": 5.048154711224113}, "datetime": {"datetime": "2024-08-08 00:08:19", "elapsed": 318.55966, "delta": 4.366384}}
{"target": -0.3665414224140125, "params": {"bus_acc": 1.946223905771757, "bus_dcc": 1.376629329426171, "bus_lcAssertive": 77.51567461454466, "bus_lcCooperative": 0.8414221567958434, "bus_lcLookaheadLeft": 6.242511942243542, "bus_lcPushy": 0.48644074317039476, "bus_lcSigma": 0.23941104413775594, "bus_lcSpeedGainRight": 4.762368908466296, "bus_lcSublane": 0.9438926277837961, "bus_sigma": 0.6139340023847009, "bus_tau_mean": 3.907205890638187, "bus_tau_std": 3.4486134371625097, "bus_v_mean": 22.365611482682908, "bus_v_std": 8.69189946817019, "car_acc": 1.4716292742950274, "car_dcc": 3.8224838896041984, "car_lcAssertive": 68.73758704733953, "car_lcCooperative": 0.06491158533912933, "car_lcLookaheadLeft": 87.30163596866048, "car_lcPushy": 0.7013802946333463, "car_lcSigma": 0.6049268729742817, "car_lcSpeedGainRight": 3.6618744958966527, "car_lcSublane": 0.2534390424997808, "car_sigma": 0.6004889552745444, "car_tau_mean": 3.351167134415794, "car_tau_std": 0.5411366032399989, "car_v_mean": 10.088170741428256, "car_v_std": 16.848916199128272}, "datetime": {"datetime": "2024-08-08 00:08:21", "elapsed": 321.088164, "delta": 2.528504}}
{"target": -0.29638605429551296, "params": {"bus_acc": 2.9922426971170104, "bus_dcc": 1.4551162528584003, "bus_lcAssertive": 42.42624178680719, "bus_lcCooperative": 0.29525147014369124, "bus_lcLookaheadLeft": 58.567255621372176, "bus_lcPushy": 0.5595610234476152, "bus_lcSigma": 0.35211432425977274, "bus_lcSpeedGainRight": 4.868147319905301, "bus_lcSublane": 0.7512716390794671, "bus_sigma": 0.889841362934226, "bus_tau_mean": 2.093935683764543, "bus_tau_std": 5.99406088634455, "bus_v_mean": 14.615252412092453, "bus_v_std": 6.085103308800026, "car_acc": 2.050941141502185, "car_dcc": 1.5729019267839779, "car_lcAssertive": 22.196070669609682, "car_lcCooperative": 0.5107874183129075, "car_lcLookaheadLeft": 3.357503300658844, "car_lcPushy": 0.4454871086749813, "car_lcSigma": 0.9967006713535814, "car_lcSpeedGainRight": 4.113414905749531, "car_lcSublane": 0.08346054648688994, "car_sigma": 0.6558903170161671, "car_tau_mean": 1.2888752551077198, "car_tau_std": 1.1795585226243899, "car_v_mean": 13.578836204681805, "car_v_std": 13.543336358649814}, "datetime": {"datetime": "2024-08-08 00:08:23", "elapsed": 323.009235, "delta": 1.921071}}
{"target": -0.3118628421140076, "params": {"bus_acc": 2.6136930936766074, "bus_dcc": 1.0481490319121918, "bus_lcAssertive": 39.741465501415576, "bus_lcCooperative": 0.8655770717294297, "bus_lcLookaheadLeft": 95.93051422507824, "bus_lcPushy": 0.9195919413171776, "bus_lcSigma": 0.5469879342928875, "bus_lcSpeedGainRight": 1.5496063644150404, "bus_lcSublane": 0.5892649961079146, "bus_sigma": 0.595990487876512, "bus_tau_mean": 2.825931479865098, "bus_tau_std": 5.90815024658507, "bus_v_mean": 21.888887179319035, "bus_v_std": 7.479556648595473, "car_acc": 1.4880330706509879, "car_dcc": 1.0614597173180185, "car_lcAssertive": 24.036172309002442, "car_lcCooperative": 0.16160164914472763, "car_lcLookaheadLeft": 25.339718814038825, "car_lcPushy": 0.8809631663852348, "car_lcSigma": 0.7315994323831607, "car_lcSpeedGainRight": 1.2169454076156128, "car_lcSublane": 0.7930542720070146, "car_sigma": 0.5441208531845826, "car_tau_mean": 1.9227018556624014, "car_tau_std": 2.0580226293412682, "car_v_mean": 12.971710084413392, "car_v_std": 1.5849303605933662}, "datetime": {"datetime": "2024-08-08 00:08:27", "elapsed": 326.459915, "delta": 3.45068}}
{"target": -0.3064755098847891, "params": {"bus_acc": 1.9008727703473436, "bus_dcc": 1.721656781709414, "bus_lcAssertive": 56.97252609178179, "bus_lcCooperative": 0.6539934828811698, "bus_lcLookaheadLeft": 91.34377655455869, "bus_lcPushy": 0.7826438676318219, "bus_lcSigma": 0.9768283308643181, "bus_lcSpeedGainRight": 2.2135915107625976, "bus_lcSublane": 0.14102143762899977, "bus_sigma": 0.40996822363818997, "bus_tau_mean": 3.2730403949992493, "bus_tau_std": 2.1103652616414568, "bus_v_mean": 10.838101015355495, "bus_v_std": 12.902043227285793, "car_acc": 2.8940736260659756, "car_dcc": 2.227789946864546, "car_lcAssertive": 69.99031604787542, "car_lcCooperative": 0.4039730452366974, "car_lcLookaheadLeft": 36.28198913887601, "car_lcPushy": 0.13296890172545006, "car_lcSigma": 0.019912592971826903, "car_lcSpeedGainRight": 0.5983531451522317, "car_lcSublane": 0.4442405943678933, "car_sigma": 0.7297847499010849, "car_tau_mean": 0.6879159001763837, "car_tau_std": 2.216677870809467, "car_v_mean": 8.497031995849257, "car_v_std": 16.6664880492256}, "datetime": {"datetime": "2024-08-08 00:08:32", "elapsed": 332.046288, "delta": 5.586373}}
{"target": -0.36648369315417917, "params": {"bus_acc": 1.9689401218970135, "bus_dcc": 3.6623652342181825, "bus_lcAssertive": 14.606911412798858, "bus_lcCooperative": 0.9643727973861176, "bus_lcLookaheadLeft": 6.177708816064829, "bus_lcPushy": 0.09944025725488481, "bus_lcSigma": 0.2232384309404435, "bus_lcSpeedGainRight": 4.03292541130257, "bus_lcSublane": 0.4558728073695024, "bus_sigma": 0.6532511422613194, "bus_tau_mean": 1.1101239813194304, "bus_tau_std": 1.6672193292652826, "bus_v_mean": 16.333573448860626, "bus_v_std": 14.805872705604433, "car_acc": 1.9249489304300569, "car_dcc": 3.6088422553633386, "car_lcAssertive": 66.38078153239339, "car_lcCooperative": 0.2490900884519328, "car_lcLookaheadLeft": 25.02041763860628, "car_lcPushy": 0.3740467168670696, "car_lcSigma": 0.7566160562962172, "car_lcSpeedGainRight": 4.689688321548911, "car_lcSublane": 0.8619059993188329, "car_sigma": 0.26161079268292176, "car_tau_mean": 1.9429762479249943, "car_tau_std": 6.115440994503215, "car_v_mean": 16.749351293052932, "car_v_std": 7.785498908179314}, "datetime": {"datetime": "2024-08-08 00:08:34", "elapsed": 333.518495, "delta": 1.472207}}
{"target": -0.3381631713279012, "params": {"bus_acc": 2.2650705126882853, "bus_dcc": 1.5611822655263878, "bus_lcAssertive": 75.27415112713251, "bus_lcCooperative": 0.5488594004307864, "bus_lcLookaheadLeft": 12.01269521477021, "bus_lcPushy": 0.024827029187908023, "bus_lcSigma": 0.29874619238334477, "bus_lcSpeedGainRight": 3.4500751463246253, "bus_lcSublane": 0.9327883504441357, "bus_sigma": 0.9664972006802195, "bus_tau_mean": 3.1759183126712633, "bus_tau_std": 2.9324918570689453, "bus_v_mean": 17.95310600436747, "bus_v_std": 4.621922550736512, "car_acc": 2.5013807433033435, "car_dcc": 1.4976010884385837, "car_lcAssertive": 75.89056816688615, "car_lcCooperative": 0.8685889989304815, "car_lcLookaheadLeft": 52.91162265147279, "car_lcPushy": 0.06563483825850425, "car_lcSigma": 0.4488920207457957, "car_lcSpeedGainRight": 4.189143056899088, "car_lcSublane": 0.17975265343005398, "car_sigma": 0.03855906126279496, "car_tau_mean": 3.064427510677138, "car_tau_std": 5.6304072357339505, "car_v_mean": 8.672970023187723, "car_v_std": 19.69770528116603}, "datetime": {"datetime": "2024-08-08 00:08:39", "elapsed": 338.48467, "delta": 4.966175}}
{"target": -0.3440583366523158, "params": {"bus_acc": 1.8746871509346865, "bus_dcc": 2.1200342841108206, "bus_lcAssertive": 70.72716746431911, "bus_lcCooperative": 0.259741092802106, "bus_lcLookaheadLeft": 69.26204844389027, "bus_lcPushy": 0.5749206674243172, "bus_lcSigma": 0.3350071019488179, "bus_lcSpeedGainRight": 3.3834519374749776, "bus_lcSublane": 0.042895809776010485, "bus_sigma": 0.5488253096232636, "bus_tau_mean": 2.584597985769223, "bus_tau_std": 2.8721967585387898, "bus_v_mean": 13.700507152746242, "bus_v_std": 17.260369981153243, "car_acc": 2.238741820208743, "car_dcc": 2.9198256033196124, "car_lcAssertive": 11.356488604166595, "car_lcCooperative": 0.23791775985050445, "car_lcLookaheadLeft": 72.48949997352504, "car_lcPushy": 0.6994697927526515, "car_lcSigma": 0.44662187413645704, "car_lcSpeedGainRight": 0.1962613854617784, "car_lcSublane": 0.05039634002116422, "car_sigma": 0.08850355949087774, "car_tau_mean": 3.5251426336171763, "car_tau_std": 1.360949670607624, "car_v_mean": 18.532187755992283, "car_v_std": 11.53932305755314}, "datetime": {"datetime": "2024-08-08 00:08:40", "elapsed": 339.988913, "delta": 1.504243}}
{"target": -0.3187125896350491, "params": {"bus_acc": 1.76375143580915, "bus_dcc": 1.8537376507850223, "bus_lcAssertive": 78.58348891158172, "bus_lcCooperative": 0.278903576265385, "bus_lcLookaheadLeft": 29.52011011834369, "bus_lcPushy": 0.9350013512734265, "bus_lcSigma": 0.16421489597917227, "bus_lcSpeedGainRight": 0.18955032880336065, "bus_lcSublane": 0.9560425517714191, "bus_sigma": 0.30613484493281484, "bus_tau_mean": 1.9492657075732454, "bus_tau_std": 7.967922364005232, "bus_v_mean": 13.698952390417391, "bus_v_std": 2.0971582495120322, "car_acc": 2.5778015370568497, "car_dcc": 1.3888468077904723, "car_lcAssertive": 20.605953210063895, "car_lcCooperative": 0.1397072537443711, "car_lcLookaheadLeft": 23.722652530674157, "car_lcPushy": 0.2353469395157457, "car_lcSigma": 0.72640396397953, "car_lcSpeedGainRight": 0.47622004777298055, "car_lcSublane": 0.6682438116944487, "car_sigma": 0.9109321907310892, "car_tau_mean": 2.704992827899743, "car_tau_std": 3.368844831404286, "car_v_mean": 21.431204078103207, "car_v_std": 17.97127259182283}, "datetime": {"datetime": "2024-08-08 00:08:43", "elapsed": 342.151744, "delta": 2.162831}}
{"target": -0.3681819108826543, "params": {"bus_acc": 2.0435624184681167, "bus_dcc": 3.3654374001205456, "bus_lcAssertive": 94.31724512520901, "bus_lcCooperative": 0.49728979211666346, "bus_lcLookaheadLeft": 60.18787811883346, "bus_lcPushy": 0.2908599378104706, "bus_lcSigma": 0.1491595089201888, "bus_lcSpeedGainRight": 0.6593584536422054, "bus_lcSublane": 0.7323607758695577, "bus_sigma": 0.7344694353499344, "bus_tau_mean": 1.1277250582282232, "bus_tau_std": 4.135603797757918, "bus_v_mean": 17.50630924626463, "bus_v_std": 2.505638923722975, "car_acc": 2.5707378997377317, "car_dcc": 2.859976609960717, "car_lcAssertive": 61.906947459337, "car_lcCooperative": 0.7012080919186323, "car_lcLookaheadLeft": 98.74394204250468, "car_lcPushy": 0.5623944559571782, "car_lcSigma": 0.864416261698348, "car_lcSpeedGainRight": 2.0935433752858295, "car_lcSublane": 0.6544693512274343, "car_sigma": 0.9252611878587662, "car_tau_mean": 2.8245278547542636, "car_tau_std": 3.030806759430662, "car_v_mean": 17.91913110178608, "car_v_std": 7.0263664071638505}, "datetime": {"datetime": "2024-08-08 00:08:44", "elapsed": 343.513823, "delta": 1.362079}}
{"target": -0.3296084890438122, "params": {"bus_acc": 1.7943562884654742, "bus_dcc": 1.3419665421793483, "bus_lcAssertive": 93.78724974180851, "bus_lcCooperative": 0.23453551367686631, "bus_lcLookaheadLeft": 16.976049111283125, "bus_lcPushy": 0.5100158064555218, "bus_lcSigma": 0.4550445354605238, "bus_lcSpeedGainRight": 0.37013485246386035, "bus_lcSublane": 0.5755728724790967, "bus_sigma": 0.6985352813761585, "bus_tau_mean": 2.216920571385895, "bus_tau_std": 0.7289365228724298, "bus_v_mean": 10.874623816621607, "bus_v_std": 2.3187091870417054, "car_acc": 2.166925148275383, "car_dcc": 1.2552634089216705, "car_lcAssertive": 39.021432532572646, "car_lcCooperative": 0.14715639544110737, "car_lcLookaheadLeft": 42.32565111384819, "car_lcPushy": 0.6252749588601846, "car_lcSigma": 0.3595396617024561, "car_lcSpeedGainRight": 4.479921738741496, "car_lcSublane": 0.41748034762490616, "car_sigma": 0.933655236309334, "car_tau_mean": 3.371598915126775, "car_tau_std": 1.166424875580141, "car_v_mean": 9.663449945564397, "car_v_std": 2.656202767691811}, "datetime": {"datetime": "2024-08-08 00:08:45", "elapsed": 344.369882, "delta": 0.856059}}
