{"target": -0.33246161416206255, "params": {"bus_acc": 1.7591056416931283, "bus_dcc": 3.5394621428285458, "bus_lcAssertive": 11.211914436474187, "bus_lcCooperative": 0.9693897831387973, "bus_lcLookaheadLeft": 53.236726420995204, "bus_lcPushy": 0.673336502314276, "bus_lcSigma": 0.7315304306693198, "bus_lcSpeedGainRight": 4.904894025049006, "bus_lcSublane": 0.5527569774050577, "bus_sigma": 0.6997243444153014, "bus_tau_mean": 2.8894021245592185, "bus_tau_std": 6.302331411833633, "bus_v_mean": 20.789519387569385, "bus_v_std": 6.913089989951691, "car_acc": 1.9637836644863096, "car_dcc": 1.2343676172730946, "car_lcAssertive": 91.10047799461688, "car_lcCooperative": 0.5592257408097784, "car_lcLookaheadLeft": 53.4486443729144, "car_lcPushy": 0.26695188982531315, "car_lcSigma": 0.8999928855786703, "car_lcSpeedGainRight": 0.06956784088914036, "car_lcSublane": 0.0970011361003359, "car_sigma": 0.060074924973711585, "car_tau_mean": 1.3432281989739752, "car_tau_std": 4.968492094618961, "car_v_mean": 15.41638475857981, "car_v_std": 5.4109241820542175}, "datetime": {"datetime": "2024-08-08 00:08:50", "elapsed": 349.782376, "delta": 5.412494}}
{"target": -0.3449154013845338, "params": {"bus_acc": 2.865190926074327, "bus_dcc": 3.0904544844697006, "bus_lcAssertive": 7.534017099484187, "bus_lcCooperative": 0.7554630526024664, "bus_lcLookaheadLeft": 75.87986646920214, "bus_lcPushy": 0.9230245355464833, "bus_lcSigma": 0.7115247586284718, "bus_lcSpeedGainRight": 0.6213548098608235, "bus_lcSublane": 0.01988013383979559, "bus_sigma": 0.026210986877719278, "bus_tau_mean": 0.5990727080727811, "bus_tau_std": 2.462110676030459, "bus_v_mean": 21.760447178926206, "bus_v_std": 10.776621286833057, "car_acc": 2.105643957371532, "car_dcc": 3.5260926770788172, "car_lcAssertive": 13.293158196871204, "car_lcCooperative": 0.2791836790111395, "car_lcLookaheadLeft": 59.40440860291221, "car_lcPushy": 0.9695957483196745, "car_lcSigma": 0.56103021925571, "car_lcSpeedGainRight": 0.0932364468647151, "car_lcSublane": 0.8006326726806163, "car_sigma": 0.23297427384102043, "car_tau_mean": 3.324868184665727, "car_tau_std": 3.8786064406417173, "car_v_mean": 21.81666967295086, "car_v_std": 14.942432854743693}, "datetime": {"datetime": "2024-08-08 00:08:52", "elapsed": 351.257751, "delta": 1.475375}}
{"target": -0.3499251723972488, "params": {"bus_acc": 2.030429392324147, "bus_dcc": 2.436470203556415, "bus_lcAssertive": 75.19480460446479, "bus_lcCooperative": 0.5726882932924154, "bus_lcLookaheadLeft": 37.52160109540249, "bus_lcPushy": 0.48924478546014216, "bus_lcSigma": 0.18913837493884977, "bus_lcSpeedGainRight": 1.9679170714843097, "bus_lcSublane": 0.029961752524048535, "bus_sigma": 0.46252906034220287, "bus_tau_mean": 1.460659394812498, "bus_tau_std": 5.267158603586157, "bus_v_mean": 8.4683539424498, "bus_v_std": 11.10173533044349, "car_acc": 1.5859957672567144, "car_dcc": 2.732472043040642, "car_lcAssertive": 73.5442154728753, "car_lcCooperative": 0.44033782679643774, "car_lcLookaheadLeft": 66.98936864243262, "car_lcPushy": 0.23890995487021205, "car_lcSigma": 0.9985990885864799, "car_lcSpeedGainRight": 1.2143926080988376, "car_lcSublane": 0.9408284143815248, "car_sigma": 0.21721975039101793, "car_tau_mean": 2.241475346117736, "car_tau_std": 8.211769648927358, "car_v_mean": 19.465408748715745, "car_v_std": 14.11160824241338}, "datetime": {"datetime": "2024-08-08 00:08:55", "elapsed": 354.875636, "delta": 3.617885}}
{"target": -0.32269456502982186, "params": {"bus_acc": 1.6066913434171382, "bus_dcc": 1.064127883264212, "bus_lcAssertive": 99.75101428010461, "bus_lcCooperative": 0.5820299763434618, "bus_lcLookaheadLeft": 30.750875291633548, "bus_lcPushy": 0.9289494618931157, "bus_lcSigma": 0.5071194235482045, "bus_lcSpeedGainRight": 2.2734611377620344, "bus_lcSublane": 0.5878715062961865, "bus_sigma": 0.2641376442105696, "bus_tau_mean": 1.5685090477160166, "bus_tau_std": 3.7165457672418247, "bus_v_mean": 11.911167989945774, "bus_v_std": 11.690945322332595, "car_acc": 2.391692267864653, "car_dcc": 1.2158416604920035, "car_lcAssertive": 97.13724864292091, "car_lcCooperative": 0.7530706558694549, "car_lcLookaheadLeft": 81.00398996943402, "car_lcPushy": 0.7516404040812905, "car_lcSigma": 0.0800609772712173, "car_lcSpeedGainRight": 2.4084814151058853, "car_lcSublane": 0.44567295640165605, "car_sigma": 0.6724726505249299, "car_tau_mean": 2.070580405885127, "car_tau_std": 7.0431339838390965, "car_v_mean": 18.906325401641965, "car_v_std": 13.942970575055124}, "datetime": {"datetime": "2024-08-08 00:09:00", "elapsed": 359.465714, "delta": 4.590078}}
{"target": -0.3444812608486417, "params": {"bus_acc": 2.6576215900762716, "bus_dcc": 1.0949970714598583, "bus_lcAssertive": 15.403531752894681, "bus_lcCooperative": 0.727728294216953, "bus_lcLookaheadLeft": 54.89490666791946, "bus_lcPushy": 0.9952645064599802, "bus_lcSigma": 0.49562965945080917, "bus_lcSpeedGainRight": 1.9205193425394902, "bus_lcSublane": 0.1943740012337618, "bus_sigma": 0.5901664445660855, "bus_tau_mean": 3.1831881529080497, "bus_tau_std": 9.244391872210278, "bus_v_mean": 10.202013220166455, "bus_v_std": 0.16179846610166138, "car_acc": 1.955920978443072, "car_dcc": 1.548842758770767, "car_lcAssertive": 61.42352253913641, "car_lcCooperative": 0.6202693045764363, "car_lcLookaheadLeft": 42.143758136995615, "car_lcPushy": 0.677205263887532, "car_lcSigma": 0.19967056911058145, "car_lcSpeedGainRight": 4.042909902423916, "car_lcSublane": 0.050339684205637836, "car_sigma": 0.1718618586534073, "car_tau_mean": 3.932108116743485, "car_tau_std": 9.003771794068165, "car_v_mean": 23.035664337979306, "car_v_std": 18.16888586690896}, "datetime": {"datetime": "2024-08-08 00:09:03", "elapsed": 363.05004, "delta": 3.584326}}
{"target": -0.3290683458917888, "params": {"bus_acc": 2.1178689416798373, "bus_dcc": 1.8747614717029382, "bus_lcAssertive": 18.008247591670735, "bus_lcCooperative": 0.6197406557487335, "bus_lcLookaheadLeft": 98.87077498889333, "bus_lcPushy": 0.5162206645247791, "bus_lcSigma": 0.671008350024413, "bus_lcSpeedGainRight": 2.5976628983828625, "bus_lcSublane": 0.20003086089120825, "bus_sigma": 0.5786958675286965, "bus_tau_mean": 3.8525784599148105, "bus_tau_std": 6.924241539152177, "bus_v_mean": 8.437391025103995, "bus_v_std": 7.26237614654335, "car_acc": 2.267770705230031, "car_dcc": 2.7012193237853523, "car_lcAssertive": 13.01203739015265, "car_lcCooperative": 0.9364732832196151, "car_lcLookaheadLeft": 40.59623505778196, "car_lcPushy": 0.7292627220134197, "car_lcSigma": 0.7856872553743665, "car_lcSpeedGainRight": 1.0649636093054438, "car_lcSublane": 0.6626243426225693, "car_sigma": 0.5233670996589541, "car_tau_mean": 1.124040305672732, "car_tau_std": 7.1844085816412315, "car_v_mean": 16.649224167477577, "car_v_std": 4.281875797888608}, "datetime": {"datetime": "2024-08-08 00:09:04", "elapsed": 363.937006, "delta": 0.886966}}
{"target": -0.3441810540309106, "params": {"bus_acc": 2.4058634642287426, "bus_dcc": 1.554805067120205, "bus_lcAssertive": 57.00748251629707, "bus_lcCooperative": 0.9088080323000569, "bus_lcLookaheadLeft": 16.767619240330575, "bus_lcPushy": 0.8455176755307064, "bus_lcSigma": 0.8202024663153499, "bus_lcSpeedGainRight": 2.4967055064891723, "bus_lcSublane": 0.0375838514857032, "bus_sigma": 0.14750250539693543, "bus_tau_mean": 3.7292354314103493, "bus_tau_std": 0.44154796031862453, "bus_v_mean": 13.959980262485752, "bus_v_std": 12.380792694509417, "car_acc": 1.3938960778280334, "car_dcc": 3.9432392717208917, "car_lcAssertive": 16.44154807129882, "car_lcCooperative": 0.5396791951612744, "car_lcLookaheadLeft": 62.565109785971174, "car_lcPushy": 0.2309899486697039, "car_lcSigma": 0.4663089892093414, "car_lcSpeedGainRight": 2.4550426456646464, "car_lcSublane": 0.766862376326542, "car_sigma": 0.6342807527738734, "car_tau_mean": 2.1364251857286884, "car_tau_std": 6.669425431939752, "car_v_mean": 15.254038824355174, "car_v_std": 10.514231826828194}, "datetime": {"datetime": "2024-08-08 00:09:06", "elapsed": 365.418334, "delta": 1.481328}}
{"target": -0.3469096594304795, "params": {"bus_acc": 1.6607834927234055, "bus_dcc": 3.5304823781909667, "bus_lcAssertive": 43.41580511915627, "bus_lcCooperative": 0.8646861447635343, "bus_lcLookaheadLeft": 66.39241161304318, "bus_lcPushy": 0.5810356574180902, "bus_lcSigma": 0.200727488035091, "bus_lcSpeedGainRight": 2.6477330523919744, "bus_lcSublane": 0.8944324184275724, "bus_sigma": 0.30499397583521604, "bus_tau_mean": 3.548309632063687, "bus_tau_std": 9.087452728583882, "bus_v_mean": 13.277513002910117, "bus_v_std": 13.661487326731283, "car_acc": 2.7984418991319373, "car_dcc": 1.22709064527491, "car_lcAssertive": 87.98019845727228, "car_lcCooperative": 0.1908393632684806, "car_lcLookaheadLeft": 85.2773531817572, "car_lcPushy": 0.6671187886992039, "car_lcSigma": 0.34433919545005387, "car_lcSpeedGainRight": 0.756877849963995, "car_lcSublane": 0.6353709614884534, "car_sigma": 0.8477880437147416, "car_tau_mean": 3.376472811674037, "car_tau_std": 6.282395971306578, "car_v_mean": 23.300824156083713, "car_v_std": 11.798462541515395}, "datetime": {"datetime": "2024-08-08 00:09:07", "elapsed": 366.707537, "delta": 1.289203}}
{"target": -0.3634816788793523, "params": {"bus_acc": 2.028316535512375, "bus_dcc": 2.494500474983537, "bus_lcAssertive": 37.987362173714196, "bus_lcCooperative": 0.603513616671319, "bus_lcLookaheadLeft": 85.44393915394977, "bus_lcPushy": 0.27692305646899273, "bus_lcSigma": 0.844761362843635, "bus_lcSpeedGainRight": 2.083095742860592, "bus_lcSublane": 0.5009840123939405, "bus_sigma": 0.7296233785681803, "bus_tau_mean": 1.4055259762731254, "bus_tau_std": 9.216369186561401, "bus_v_mean": 19.233111427661573, "bus_v_std": 12.378608461949781, "car_acc": 1.5460176746238354, "car_dcc": 3.0875453690783377, "car_lcAssertive": 26.464260096892083, "car_lcCooperative": 0.8164526703274775, "car_lcLookaheadLeft": 3.1243005922447935, "car_lcPushy": 0.1665376436115401, "car_lcSigma": 0.557828988762059, "car_lcSpeedGainRight": 3.5614049980125104, "car_lcSublane": 0.49248065391311036, "car_sigma": 0.8778095014799501, "car_tau_mean": 3.9155447814701976, "car_tau_std": 4.642770675442432, "car_v_mean": 20.287791671724893, "car_v_std": 9.895442676670545}, "datetime": {"datetime": "2024-08-08 00:09:08", "elapsed": 367.436198, "delta": 0.728661}}
{"target": -0.3653295680148748, "params": {"bus_acc": 1.8064409442116984, "bus_dcc": 3.27624079306701, "bus_lcAssertive": 71.97597116755452, "bus_lcCooperative": 0.9873261748084265, "bus_lcLookaheadLeft": 29.252334764072312, "bus_lcPushy": 0.0037936724093425855, "bus_lcSigma": 0.9339026083148878, "bus_lcSpeedGainRight": 4.2894855226894695, "bus_lcSublane": 0.7288508775192559, "bus_sigma": 0.5166887829215384, "bus_tau_mean": 2.9743468583706636, "bus_tau_std": 7.805295568767427, "bus_v_mean": 13.99801509658975, "bus_v_std": 15.406450506599151, "car_acc": 2.5012486383503507, "car_dcc": 2.8396336346327793, "car_lcAssertive": 40.7847264728159, "car_lcCooperative": 0.6973080192643409, "car_lcLookaheadLeft": 2.305060066868826, "car_lcPushy": 0.7748966467245978, "car_lcSigma": 0.896416602456847, "car_lcSpeedGainRight": 1.196578537187523, "car_lcSublane": 0.12076718430922972, "car_sigma": 0.2202839877937276, "car_tau_mean": 1.557338559515344, "car_tau_std": 8.830285085638343, "car_v_mean": 16.690662883809512, "car_v_std": 5.734232992128612}, "datetime": {"datetime": "2024-08-08 00:09:09", "elapsed": 368.296855, "delta": 0.860657}}
{"target": -0.31300763557909567, "params": {"bus_acc": 1.1118859305515651, "bus_dcc": 2.05501166761017, "bus_lcAssertive": 4.725067581583739, "bus_lcCooperative": 0.583033921230445, "bus_lcLookaheadLeft": 67.91056741138893, "bus_lcPushy": 0.46048358998473815, "bus_lcSigma": 0.7411168537245286, "bus_lcSpeedGainRight": 2.5051248220704094, "bus_lcSublane": 0.702352620836162, "bus_sigma": 0.2306409059229675, "bus_tau_mean": 3.1061434331151325, "bus_tau_std": 5.016372020053996, "bus_v_mean": 19.285901278544443, "bus_v_std": 8.933955806327784, "car_acc": 2.0118812191507627, "car_dcc": 1.1246055489357203, "car_lcAssertive": 49.441619769822196, "car_lcCooperative": 0.14228750219732444, "car_lcLookaheadLeft": 15.964593004485474, "car_lcPushy": 0.43335040255954493, "car_lcSigma": 0.5762147898259073, "car_lcSpeedGainRight": 1.71524347595776, "car_lcSublane": 0.16049159026420812, "car_sigma": 0.7414104169799515, "car_tau_mean": 3.8708205047402764, "car_tau_std": 7.336422859505056, "car_v_mean": 9.233027703958824, "car_v_std": 16.818163162504703}, "datetime": {"datetime": "2024-08-08 00:09:09", "elapsed": 369.038751, "delta": 0.741896}}
{"target": -0.3076589068469915, "params": {"bus_acc": 1.5200379439133846, "bus_dcc": 1.6041755611411608, "bus_lcAssertive": 59.30196162730165, "bus_lcCooperative": 0.8425182098415589, "bus_lcLookaheadLeft": 34.99866679501538, "bus_lcPushy": 0.5864294214642616, "bus_lcSigma": 0.16224499947880777, "bus_lcSpeedGainRight": 0.9729686761907091, "bus_lcSublane": 0.7613352159920956, "bus_sigma": 0.15009846135204996, "bus_tau_mean": 1.430674643667396, "bus_tau_std": 6.894948631776694, "bus_v_mean": 8.241428922127666, "bus_v_std": 0.6438880773714106, "car_acc": 1.5750518800480573, "car_dcc": 2.0098695415368972, "car_lcAssertive": 36.859394447471104, "car_lcCooperative": 0.8071905755135196, "car_lcLookaheadLeft": 5.526134830546906, "car_lcPushy": 0.3583952446253251, "car_lcSigma": 0.6382781332668243, "car_lcSpeedGainRight": 0.7150205475916133, "car_lcSublane": 0.8577386145114406, "car_sigma": 0.6455644082734328, "car_tau_mean": 0.9035269891800948, "car_tau_std": 2.080974099989472, "car_v_mean": 19.927973291970634, "car_v_std": 8.068132566683456}, "datetime": {"datetime": "2024-08-08 00:09:12", "elapsed": 372.045426, "delta": 3.006675}}
{"target": -0.3228930403217132, "params": {"bus_acc": 2.504513209608186, "bus_dcc": 2.8532628388302035, "bus_lcAssertive": 88.04065749312295, "bus_lcCooperative": 0.16880019007759361, "bus_lcLookaheadLeft": 70.94767775573999, "bus_lcPushy": 0.9172601590800086, "bus_lcSigma": 0.1507396591030582, "bus_lcSpeedGainRight": 1.218819886980906, "bus_lcSublane": 0.5466845720908042, "bus_sigma": 0.3441193369759975, "bus_tau_mean": 2.9172367827383794, "bus_tau_std": 0.5756761842510749, "bus_v_mean": 10.572226277175357, "bus_v_std": 14.32476612959243, "car_acc": 2.941237396867888, "car_dcc": 3.7886511295370218, "car_lcAssertive": 90.20563234885856, "car_lcCooperative": 0.12774331390359328, "car_lcLookaheadLeft": 16.30103397101714, "car_lcPushy": 0.07226475681487265, "car_lcSigma": 0.5425402331447909, "car_lcSpeedGainRight": 4.412430864511857, "car_lcSublane": 0.5317919000668885, "car_sigma": 0.7817152853959399, "car_tau_mean": 1.1595882541894156, "car_tau_std": 8.63111260166335, "car_v_mean": 10.998796331605623, "car_v_std": 1.095282521330465}, "datetime": {"datetime": "2024-08-08 00:09:15", "elapsed": 374.681196, "delta": 2.63577}}
{"target": -0.3159194620942843, "params": {"bus_acc": 1.526494117800379, "bus_dcc": 1.0023596245889093, "bus_lcAssertive": 24.314278368691447, "bus_lcCooperative": 0.673566697976032, "bus_lcLookaheadLeft": 88.07537956873259, "bus_lcPushy": 0.8307025692405677, "bus_lcSigma": 0.10810738558851041, "bus_lcSpeedGainRight": 0.35562489761419125, "bus_lcSublane": 0.7615923118790051, "bus_sigma": 0.2848333721183067, "bus_tau_mean": 1.4513106837381744, "bus_tau_std": 0.020003006084317043, "bus_v_mean": 9.576624170248849, "bus_v_std": 2.7119409478470624, "car_acc": 1.318720412458393, "car_dcc": 2.3359408078460957, "car_lcAssertive": 81.59944565765821, "car_lcCooperative": 0.8122981153684475, "car_lcLookaheadLeft": 91.17898292487992, "car_lcPushy": 0.4435920386203337, "car_lcSigma": 0.7087105079450133, "car_lcSpeedGainRight": 2.4416705906022433, "car_lcSublane": 0.04984255813452099, "car_sigma": 0.0804314339695471, "car_tau_mean": 1.3607981732564867, "car_tau_std": 9.816217286230167, "car_v_mean": 19.070675668428557, "car_v_std": 5.360151637146409}, "datetime": {"datetime": "2024-08-08 00:09:17", "elapsed": 376.906034, "delta": 2.224838}}
{"target": -0.33188790720765543, "params": {"bus_acc": 2.529457013963329, "bus_dcc": 1.295224231348774, "bus_lcAssertive": 99.40969959572637, "bus_lcCooperative": 0.6922148832180902, "bus_lcLookaheadLeft": 31.329997721799156, "bus_lcPushy": 0.9088481925305185, "bus_lcSigma": 0.5525788467617463, "bus_lcSpeedGainRight": 0.42594988729857897, "bus_lcSublane": 0.10824574320885416, "bus_sigma": 0.03166485526440965, "bus_tau_mean": 1.2566815767806516, "bus_tau_std": 0.5141394497181617, "bus_v_mean": 16.164359444188797, "bus_v_std": 1.6588077764366393, "car_acc": 1.8862445660433094, "car_dcc": 1.7086022222264614, "car_lcAssertive": 56.41234906528093, "car_lcCooperative": 0.438967791441904, "car_lcLookaheadLeft": 84.07896535048258, "car_lcPushy": 0.33654475452990296, "car_lcSigma": 0.2302316469211757, "car_lcSpeedGainRight": 4.700579166727968, "car_lcSublane": 0.4663636964010778, "car_sigma": 0.02815775923245789, "car_tau_mean": 0.7780273433862743, "car_tau_std": 5.555717675653012, "car_v_mean": 11.372342438028546, "car_v_std": 2.9647123050732738}, "datetime": {"datetime": "2024-08-08 00:09:18", "elapsed": 377.714823, "delta": 0.808789}}
{"target": -0.3290728504209181, "params": {"bus_acc": 2.058627998002158, "bus_dcc": 1.4141785139311445, "bus_lcAssertive": 65.32925713148524, "bus_lcCooperative": 0.2329538502249826, "bus_lcLookaheadLeft": 11.462547005953569, "bus_lcPushy": 0.02199255006820866, "bus_lcSigma": 0.8590631623683239, "bus_lcSpeedGainRight": 0.713549682005642, "bus_lcSublane": 0.4029289919456651, "bus_sigma": 0.09356443645283685, "bus_tau_mean": 0.912627777818789, "bus_tau_std": 3.7481686963004024, "bus_v_mean": 10.646179464546288, "bus_v_std": 14.379045186101484, "car_acc": 1.2517027245910985, "car_dcc": 3.216501079590876, "car_lcAssertive": 84.29704411061859, "car_lcCooperative": 0.08268066826828191, "car_lcLookaheadLeft": 5.9276531126502245, "car_lcPushy": 0.49353287554287495, "car_lcSigma": 0.6007584500142, "car_lcSpeedGainRight": 3.4199968055635126, "car_lcSublane": 0.47827473964646583, "car_sigma": 0.5431589664076517, "car_tau_mean": 2.4236357043562857, "car_tau_std": 7.137820419519219, "car_v_mean": 10.49857379915909, "car_v_std": 0.4348484305246414}, "datetime": {"datetime": "2024-08-08 00:09:19", "elapsed": 378.28612, "delta": 0.571297}}
{"target": -0.35015554230782864, "params": {"bus_acc": 2.0060103901019097, "bus_dcc": 2.9300737739474068, "bus_lcAssertive": 12.013321584176065, "bus_lcCooperative": 0.7580616581331086, "bus_lcLookaheadLeft": 85.49068558615497, "bus_lcPushy": 0.8442498595694283, "bus_lcSigma": 0.8905068324120895, "bus_lcSpeedGainRight": 1.9092119837788057, "bus_lcSublane": 0.44380519836651855, "bus_sigma": 0.10158147594616618, "bus_tau_mean": 1.290324228509323, "bus_tau_std": 9.713204692732111, "bus_v_mean": 12.553983503499767, "bus_v_std": 18.147922844819945, "car_acc": 2.781104572756622, "car_dcc": 3.7675134917811803, "car_lcAssertive": 16.45880687963868, "car_lcCooperative": 0.8797221435013809, "car_lcLookaheadLeft": 63.93550514538744, "car_lcPushy": 0.21062817841880244, "car_lcSigma": 0.3451159147800812, "car_lcSpeedGainRight": 0.7995939429464161, "car_lcSublane": 0.4443481574461272, "car_sigma": 0.08377495384546052, "car_tau_mean": 1.0786147166808395, "car_tau_std": 1.9719634646666928, "car_v_mean": 19.05643746490727, "car_v_std": 11.476057383307058}, "datetime": {"datetime": "2024-08-08 00:09:19", "elapsed": 378.785386, "delta": 0.499266}}
{"target": -0.36626089878270884, "params": {"bus_acc": 2.0552430169126987, "bus_dcc": 2.059727217949177, "bus_lcAssertive": 20.621723702698993, "bus_lcCooperative": 0.22059408184733575, "bus_lcLookaheadLeft": 6.2945079532604, "bus_lcPushy": 0.7131639731598145, "bus_lcSigma": 0.6538401991962549, "bus_lcSpeedGainRight": 2.218848963623612, "bus_lcSublane": 0.7189394880898436, "bus_sigma": 0.10997597244532042, "bus_tau_mean": 3.785517106791259, "bus_tau_std": 8.476267092393876, "bus_v_mean": 18.544570554654133, "bus_v_std": 7.576623373234637, "car_acc": 1.833133458029495, "car_dcc": 2.446461766472402, "car_lcAssertive": 93.59309323067326, "car_lcCooperative": 0.8635929549181026, "car_lcLookaheadLeft": 48.83653722322282, "car_lcPushy": 0.554518498278167, "car_lcSigma": 0.8754038622793218, "car_lcSpeedGainRight": 4.74632216886145, "car_lcSublane": 0.639184755868246, "car_sigma": 0.7485203200897537, "car_tau_mean": 1.7306871722615491, "car_tau_std": 9.1802831908618, "car_v_mean": 21.3880327976613, "car_v_std": 11.041117624495255}, "datetime": {"datetime": "2024-08-08 00:09:20", "elapsed": 379.517844, "delta": 0.732458}}
{"target": -0.3650649854965995, "params": {"bus_acc": 1.651080595197979, "bus_dcc": 1.2575479033608805, "bus_lcAssertive": 54.066377652152696, "bus_lcCooperative": 0.33612544293733115, "bus_lcLookaheadLeft": 4.125169643557987, "bus_lcPushy": 0.7711523332537787, "bus_lcSigma": 0.38490912985398285, "bus_lcSpeedGainRight": 2.8566057502936775, "bus_lcSublane": 0.7557428557962304, "bus_sigma": 0.9408474199010457, "bus_tau_mean": 2.643128185396179, "bus_tau_std": 3.1539617878014314, "bus_v_mean": 9.761224125552287, "bus_v_std": 1.4783777582254443, "car_acc": 1.639381547745459, "car_dcc": 2.982517416868015, "car_lcAssertive": 69.82005440804134, "car_lcCooperative": 0.20771804006298766, "car_lcLookaheadLeft": 10.114001981658049, "car_lcPushy": 0.3055106612860311, "car_lcSigma": 0.5475745598545727, "car_lcSpeedGainRight": 3.7733483723743233, "car_lcSublane": 0.5296573205700426, "car_sigma": 0.28698375274707455, "car_tau_mean": 2.6846290314236883, "car_tau_std": 2.648366551761958, "car_v_mean": 18.44308662935237, "car_v_std": 16.837960156534756}, "datetime": {"datetime": "2024-08-08 00:09:23", "elapsed": 383.027027, "delta": 3.509183}}
