{"target": -0.20634674966908206, "params": {"bus_acc": 1.0, "bus_dcc": 3.0, "bus_lcAssertive": 53.0, "bus_lcCooperative": 0.3, "bus_lcLookaheadLeft": 91.2, "bus_lcPushy": 0.9, "bus_lcSublane": 0.7, "bus_max_v": 16.4, "bus_tau_mean": 2.5, "bus_tau_std": 6.6, "car_acc": 2.1, "car_dcc": 4.7, "car_lcAssertive": 91.6, "car_lcCooperative": 0.3, "car_lcLookaheadLeft": 71.8, "car_lcPushy": 0.8, "car_lcSublane": 0.3, "car_max_v": 21.3, "car_tau_mean": 0.6, "car_tau_std": 4.1}, "datetime": {"datetime": "2024-08-03 11:14:34", "elapsed": 26.516061, "delta": 0.680925}}
{"target": -0.08965139043474353, "params": {"bus_acc": 1.1, "bus_dcc": 1.6, "bus_lcAssertive": 2.5, "bus_lcCooperative": 0.5, "bus_lcLookaheadLeft": 22.0, "bus_lcPushy": 0.1, "bus_lcSublane": 0.5, "bus_max_v": 13.9, "bus_tau_mean": 0.8, "bus_tau_std": 10.1, "car_acc": 1.5, "car_dcc": 2.0, "car_lcAssertive": 22.9, "car_lcCooperative": 0.6, "car_lcLookaheadLeft": 4.5, "car_lcPushy": 0.4, "car_lcSublane": 0.9, "car_max_v": 21.9, "car_tau_mean": 2.7, "car_tau_std": 3.9}, "datetime": {"datetime": "2024-08-03 11:14:34", "elapsed": 26.7036, "delta": 0.187539}}
{"target": -0.09646249329028679, "params": {"bus_acc": 1.2, "bus_dcc": 3.1, "bus_lcAssertive": 53.8, "bus_lcCooperative": 0.7, "bus_lcLookaheadLeft": 96.5, "bus_lcPushy": 0.4, "bus_lcSublane": 0.2, "bus_max_v": 19.8, "bus_tau_mean": 2.4, "bus_tau_std": 3.0, "car_acc": 1.4, "car_dcc": 3.5, "car_lcAssertive": 89.9, "car_lcCooperative": 0.9, "car_lcLookaheadLeft": 79.0, "car_lcPushy": 0.8, "car_lcSublane": 0.5, "car_max_v": 21.4, "car_tau_mean": 1.6, "car_tau_std": 4.9}, "datetime": {"datetime": "2024-08-03 11:14:35", "elapsed": 27.344628, "delta": 0.641028}}
{"target": -0.07167309053022412, "params": {"bus_acc": 1.2, "bus_dcc": 3.8, "bus_lcAssertive": 86.7, "bus_lcCooperative": 0.9, "bus_lcLookaheadLeft": 93.3, "bus_lcPushy": 0.4, "bus_lcSublane": 0.8, "bus_max_v": 21.8, "bus_tau_mean": 0.8, "bus_tau_std": 12.4, "car_acc": 2.8, "car_dcc": 2.6, "car_lcAssertive": 88.6, "car_lcCooperative": 0.4, "car_lcLookaheadLeft": 5.2, "car_lcPushy": 0.9, "car_lcSublane": 0.2, "car_max_v": 32.0, "car_tau_mean": 0.6, "car_tau_std": 2.2}, "datetime": {"datetime": "2024-08-03 11:14:35", "elapsed": 28.192403, "delta": 0.847775}}
{"target": -0.07953102847614857, "params": {"bus_acc": 1.5, "bus_dcc": 1.2, "bus_lcAssertive": 74.0, "bus_lcCooperative": 1.0, "bus_lcLookaheadLeft": 8.2, "bus_lcPushy": 0.5, "bus_lcSublane": 0.6, "bus_max_v": 19.0, "bus_tau_mean": 0.8, "bus_tau_std": 6.4, "car_acc": 1.8, "car_dcc": 2.2, "car_lcAssertive": 17.0, "car_lcCooperative": 0.6, "car_lcLookaheadLeft": 43.6, "car_lcPushy": 0.9, "car_lcSublane": 0.1, "car_max_v": 17.4, "car_tau_mean": 2.0, "car_tau_std": 7.6}, "datetime": {"datetime": "2024-08-03 11:14:36", "elapsed": 29.071974, "delta": 0.879571}}
