{"target": -0.04277257542703097, "params": {"bus_acc": 2.629238362523311, "bus_dcc": 1.1623409809719996, "bus_lcAssertive": 13.920556462587331, "bus_lcCooperative": 0.8424458099564136, "bus_lcLookaheadLeft": 62.597895194132775, "bus_lcPushy": 0.531287810481058, "bus_lcSublane": 0.2482907289970986, "bus_max_v": 14.49172865548891, "bus_tau_mean": 3.554401577218117, "bus_tau_std": 4.2166593484970925, "car_acc": 1.1288605111592136, "car_dcc": 3.6909552085227473, "car_lcAssertive": 21.134702449581056, "car_lcCooperative": 0.8262275354923914, "car_lcLookaheadLeft": 88.41352106211511, "car_lcPushy": 0.48675074481833813, "car_lcSublane": 0.5984646931046363, "car_max_v": 19.59988404267917, "car_tau_mean": 2.6868745296492467, "car_tau_std": 8.550417213473514}, "datetime": {"datetime": "2024-08-04 11:40:03", "elapsed": 277.655815, "delta": 3.76169}}
{"target": -0.04864129923713869, "params": {"bus_acc": 1.236385258694077, "bus_dcc": 3.5109933466405367, "bus_lcAssertive": 74.66945621558399, "bus_lcCooperative": 0.5905205476471171, "bus_lcLookaheadLeft": 25.803374346557327, "bus_lcPushy": 0.6232471451875841, "bus_lcSublane": 0.638355320741173, "bus_max_v": 15.206527770471153, "bus_tau_mean": 0.736212700736398, "bus_tau_std": 8.805385975643267, "car_acc": 1.9199134621485168, "car_dcc": 3.2916181541992895, "car_lcAssertive": 26.13497347333123, "car_lcCooperative": 0.5913871822675169, "car_lcLookaheadLeft": 44.021925714182174, "car_lcPushy": 0.38210064254913956, "car_lcSublane": 0.12671338384692277, "car_max_v": 13.37386659059747, "car_tau_mean": 0.7776955403541164, "car_tau_std": 3.0285830471757857}, "datetime": {"datetime": "2024-08-04 11:40:07", "elapsed": 281.180499, "delta": 3.524684}}
{"target": -0.04686656009926843, "params": {"bus_acc": 2.2502421366109795, "bus_dcc": 2.2291937834020614, "bus_lcAssertive": 9.637999863326197, "bus_lcCooperative": 0.3710639450161891, "bus_lcLookaheadLeft": 67.87015214637117, "bus_lcPushy": 0.1895874001915857, "bus_lcSublane": 0.8957291085287041, "bus_max_v": 28.89662055536192, "bus_tau_mean": 3.8655038985208683, "bus_tau_std": 7.300825577402602, "car_acc": 1.8125768553766302, "car_dcc": 3.231247589053659, "car_lcAssertive": 29.510701048200403, "car_lcCooperative": 0.3144172223907462, "car_lcLookaheadLeft": 61.37784339935008, "car_lcPushy": 0.5948471334079176, "car_lcSublane": 0.8786609763158111, "car_max_v": 13.601216624532693, "car_tau_mean": 3.1816592782098763, "car_tau_std": 9.410132668189013}, "datetime": {"datetime": "2024-08-04 11:40:14", "elapsed": 288.223865, "delta": 7.043366}}
{"target": -0.04404755323974801, "params": {"bus_acc": 1.5692479379374709, "bus_dcc": 3.722188426722992, "bus_lcAssertive": 89.1646763514528, "bus_lcCooperative": 0.9225044972603934, "bus_lcLookaheadLeft": 17.302657315197884, "bus_lcPushy": 0.8797221435013809, "bus_lcSublane": 0.6319949504631371, "bus_max_v": 12.633819925213654, "bus_tau_mean": 1.707905701730284, "bus_tau_std": 1.5991878858928321, "car_acc": 1.8886963148922544, "car_dcc": 1.2513248615363817, "car_lcAssertive": 17.366530557543744, "car_lcCooperative": 0.19719634646666928, "car_lcLookaheadLeft": 69.72067947255701, "car_lcPushy": 0.573802869165353, "car_lcSublane": 0.8733231340367321, "car_max_v": 13.381949445822578, "car_tau_mean": 2.703627848516196, "car_tau_std": 0.34431265307095615}, "datetime": {"datetime": "2024-08-04 11:40:15", "elapsed": 289.147225, "delta": 0.92336}}
{"target": -0.04476118820518263, "params": {"bus_acc": 1.1749644191071817, "bus_dcc": 1.6819292088540663, "bus_lcAssertive": 32.123284995290994, "bus_lcCooperative": 0.17476587635631158, "bus_lcLookaheadLeft": 61.495227873301125, "bus_lcPushy": 0.41358641500116133, "bus_lcSublane": 0.8163515118272141, "bus_max_v": 12.072868761918674, "bus_tau_mean": 2.9565678541470866, "bus_tau_std": 2.4035562484913884, "car_acc": 2.1484381776817196, "car_dcc": 2.0469627916623665, "car_lcAssertive": 6.639475548800439, "car_lcCooperative": 0.22881367096037586, "car_lcLookaheadLeft": 67.08205042476976, "car_lcPushy": 0.4972500933605313, "car_lcSublane": 0.5190159840736788, "car_max_v": 11.843843302396294, "car_tau_mean": 2.4975054804118972, "car_tau_std": 9.9675342520821}, "datetime": {"datetime": "2024-08-04 11:40:18", "elapsed": 292.1329, "delta": 2.985675}}
{"target": -0.04807469452562738, "params": {"bus_acc": 2.916377483429792, "bus_dcc": 3.0495125315624394, "bus_lcAssertive": 74.45445933215964, "bus_lcCooperative": 0.9828807859209906, "bus_lcLookaheadLeft": 42.777875716577924, "bus_lcPushy": 0.5315834658959018, "bus_lcSublane": 0.6792129501957186, "bus_max_v": 19.28325313697981, "bus_tau_mean": 1.5468932063129246, "bus_tau_std": 1.0538467273003926, "car_acc": 1.5698642914442895, "car_dcc": 3.3065585448632735, "car_lcAssertive": 64.43748774073276, "car_lcCooperative": 0.8013307032031926, "car_lcLookaheadLeft": 52.67781213310181, "car_lcPushy": 0.23210002184633505, "car_lcSublane": 0.6279619269819027, "car_max_v": 14.688120780490669, "car_tau_mean": 0.6033506072970733, "car_tau_std": 9.033311768168756}, "datetime": {"datetime": "2024-08-04 11:40:23", "elapsed": 298.104228, "delta": 5.971328}}
{"target": -0.04027303500269834, "params": {"bus_acc": 2.1124804679808378, "bus_dcc": 1.409365676982055, "bus_lcAssertive": 6.931851261708954, "bus_lcCooperative": 0.12134345574073735, "bus_lcLookaheadLeft": 6.366084097386649, "bus_lcPushy": 0.1074941291060929, "bus_lcSublane": 0.2257093386078547, "bus_max_v": 23.685757568418886, "bus_tau_mean": 2.459009437189499, "bus_tau_std": 0.12555980159115854, "car_acc": 1.1439485593789736, "car_dcc": 3.901828990000816, "car_lcAssertive": 57.24194573007427, "car_lcCooperative": 0.20329323466099047, "car_lcLookaheadLeft": 26.727922967891693, "car_lcPushy": 0.7438258540750929, "car_lcSublane": 0.1954294811093188, "car_max_v": 20.78989640001167, "car_tau_mean": 3.895069961809093, "car_tau_std": 8.468288014900352}, "datetime": {"datetime": "2024-08-04 11:40:34", "elapsed": 308.287718, "delta": 10.18349}}
{"target": -0.03843564545778646, "params": {"bus_acc": 2.7599965771268637, "bus_dcc": 3.711525867479116, "bus_lcAssertive": 66.60926142515096, "bus_lcCooperative": 0.2702082620297578, "bus_lcLookaheadLeft": 26.731936747449794, "bus_lcPushy": 0.8548979426974024, "bus_lcSublane": 0.5277146463087466, "bus_max_v": 25.647543848101158, "bus_tau_mean": 2.503709810170622, "bus_tau_std": 7.331425252875111, "car_acc": 2.0380232549281114, "car_dcc": 3.312651731505664, "car_lcAssertive": 57.31694107976684, "car_lcCooperative": 0.4657098785919809, "car_lcLookaheadLeft": 35.58351297942161, "car_lcPushy": 0.06820934841670412, "car_lcSublane": 0.37792417932809985, "car_max_v": 9.751773709361553, "car_tau_mean": 3.9398598980565573, "car_tau_std": 1.8161285133076377}, "datetime": {"datetime": "2024-08-04 11:40:38", "elapsed": 312.449721, "delta": 4.162003}}
{"target": -0.05662953482095256, "params": {"bus_acc": 1.834044009405148, "bus_dcc": 3.1609734803264744, "bus_lcAssertive": 1.0113231069171438, "bus_lcCooperative": 0.30233257263183977, "bus_lcLookaheadLeft": 16.38207730007708, "bus_lcPushy": 0.0923385947687978, "bus_lcSublane": 0.1862602113776709, "bus_max_v": 15.602335994947051, "bus_tau_mean": 1.8886861598073448, "bus_tau_std": 5.3881673400335695, "car_acc": 1.8383890288065896, "car_dcc": 3.0556585011902784, "car_lcAssertive": 21.240772723420225, "car_lcCooperative": 0.8781174363909454, "car_lcLookaheadLeft": 4.6839841333967644, "car_lcPushy": 0.6704675101784022, "car_lcSublane": 0.41730480236712697, "car_max_v": 20.291176225806538, "car_tau_mean": 0.9913542850833181, "car_tau_std": 1.981014890848788}, "datetime": {"datetime": "2024-08-04 11:40:39", "elapsed": 313.666619, "delta": 1.216898}}
{"target": -0.05254002808281425, "params": {"bus_acc": 2.036065123188817, "bus_dcc": 2.1182464062924566, "bus_lcAssertive": 71.32510325364133, "bus_lcCooperative": 0.455643424642054, "bus_lcLookaheadLeft": 61.31086372207486, "bus_lcPushy": 0.9904061968899467, "bus_lcSublane": 0.7739162499564685, "bus_max_v": 15.354080909864178, "bus_tau_mean": 0.8114937728783229, "bus_tau_std": 1.8490559027840836, "car_acc": 2.0537037517836687, "car_dcc": 2.251307254320574, "car_lcAssertive": 80.26530615479473, "car_lcCooperative": 0.9332023381866817, "car_lcLookaheadLeft": 19.430745299232157, "car_lcPushy": 0.8600667708762162, "car_lcSublane": 0.9573949263266688, "car_max_v": 29.108353350695207, "car_tau_mean": 0.6325190570215067, "car_tau_std": 0.5758350560817371}, "datetime": {"datetime": "2024-08-04 11:40:43", "elapsed": 317.385946, "delta": 3.719327}}
{"target": -0.05038156355098206, "params": {"bus_acc": 1.7571611865012045, "bus_dcc": 1.5645827800894636, "bus_lcAssertive": 74.95347807396458, "bus_lcCooperative": 0.34037929076546725, "bus_lcLookaheadLeft": 79.939514405753, "bus_lcPushy": 0.4879009391796203, "bus_lcSublane": 0.5256694443509794, "bus_max_v": 8.626798688814478, "bus_tau_mean": 2.7548120695766114, "bus_tau_std": 3.5065650243216737, "car_acc": 1.4584100545841314, "car_dcc": 2.3016501286351017, "car_lcAssertive": 38.86427826982084, "car_lcCooperative": 0.46978904008636024, "car_lcLookaheadLeft": 97.98936870962102, "car_lcPushy": 0.36437807036823044, "car_lcSublane": 0.7744101333360395, "car_max_v": 20.160887124097634, "car_tau_mean": 3.61195881187619, "car_tau_std": 3.54952851149572}, "datetime": {"datetime": "2024-08-04 11:40:45", "elapsed": 320.03087, "delta": 2.644924}}
{"target": -0.046972564337848154, "params": {"bus_acc": 2.0241220550478376, "bus_dcc": 2.852383036051468, "bus_lcAssertive": 43.80320388167006, "bus_lcCooperative": 0.8477004682374377, "bus_lcLookaheadLeft": 46.49778749379683, "bus_lcPushy": 0.015403519791920894, "bus_lcSublane": 0.8730681484470995, "bus_max_v": 22.436434050370174, "bus_tau_mean": 3.3805106422696483, "bus_tau_std": 9.517756930338518, "car_acc": 1.1018247670337744, "car_dcc": 1.7052155922730436, "car_lcAssertive": 7.27100090217764, "car_lcCooperative": 0.4216578860324509, "car_lcLookaheadLeft": 86.65525625914229, "car_lcPushy": 0.0816239827150681, "car_lcSublane": 0.4731119528858785, "car_max_v": 10.76194841579192, "car_tau_mean": 3.2050996075849123, "car_tau_std": 8.414221567958434}, "datetime": {"datetime": "2024-08-04 11:40:47", "elapsed": 322.10039, "delta": 2.06952}}
{"target": -0.05419431282917825, "params": {"bus_acc": 2.3769946358978373, "bus_dcc": 1.760188103458899, "bus_lcAssertive": 69.54365204071748, "bus_lcCooperative": 0.22729754091594956, "bus_lcLookaheadLeft": 43.615613361271286, "bus_lcPushy": 0.37192212166768723, "bus_lcSublane": 0.3553079116201222, "bus_max_v": 9.26840575930764, "bus_tau_mean": 2.710763194030789, "bus_tau_std": 7.073166026816995, "car_acc": 2.2271773890056714, "car_dcc": 2.9449382684893735, "car_lcAssertive": 17.82413070750852, "car_lcCooperative": 0.14944679893886248, "car_lcLookaheadLeft": 52.38915426553652, "car_lcPushy": 0.8753327263545391, "car_lcSublane": 0.18395344154722204, "car_max_v": 18.182460611581718, "car_tau_mean": 2.0012631691046603, "car_tau_std": 4.972891859195164}, "datetime": {"datetime": "2024-08-04 11:40:50", "elapsed": 324.286374, "delta": 2.185984}}
{"target": -0.05672920854260292, "params": {"bus_acc": 2.0323969221541383, "bus_dcc": 3.589679445141549, "bus_lcAssertive": 98.42852784460676, "bus_lcCooperative": 0.009872975358918512, "bus_lcLookaheadLeft": 26.778465243527883, "bus_lcPushy": 0.22384967032752534, "bus_lcSublane": 0.047537594227760493, "bus_max_v": 8.223794037759065, "bus_tau_mean": 2.215683592854811, "bus_tau_std": 0.4548214567029407, "car_acc": 1.556656261693804, "car_dcc": 2.9199237073267366, "car_lcAssertive": 30.17451211452952, "car_lcCooperative": 0.26965470115905144, "car_lcLookaheadLeft": 59.873559179869574, "car_lcPushy": 0.38053407720964005, "car_lcSublane": 0.7025230339614009, "car_max_v": 18.914726927496943, "car_tau_mean": 2.7162324303226715, "car_tau_std": 3.533943470016294}, "datetime": {"datetime": "2024-08-04 11:40:54", "elapsed": 328.32391, "delta": 4.037536}}
{"target": -0.04361629091043112, "params": {"bus_acc": 1.2863795634175257, "bus_dcc": 2.89698962399949, "bus_lcAssertive": 66.52694841584297, "bus_lcCooperative": 0.43383982715272595, "bus_lcLookaheadLeft": 7.817008083217834, "bus_lcPushy": 0.4927226011660333, "bus_lcSublane": 0.46513394351807746, "bus_max_v": 25.748429837047, "bus_tau_mean": 1.398313464835417, "bus_tau_std": 3.914303629842686, "car_acc": 1.4803444144427544, "car_dcc": 3.059330245517092, "car_lcAssertive": 98.99846188037444, "car_lcCooperative": 0.1774295368682619, "car_lcLookaheadLeft": 82.50178054217713, "car_lcPushy": 0.2309885592816333, "car_lcSublane": 0.05797581337276703, "car_max_v": 11.05396339700482, "car_tau_mean": 3.7730359043983603, "car_tau_std": 8.885421033562281}, "datetime": {"datetime": "2024-08-04 11:40:57", "elapsed": 331.807615, "delta": 3.483705}}
{"target": -0.0474056494835526, "params": {"bus_acc": 1.744997532810719, "bus_dcc": 2.8571189041764127, "bus_lcAssertive": 20.497855852487653, "bus_lcCooperative": 0.9810797572402973, "bus_lcLookaheadLeft": 17.285572838255398, "bus_lcPushy": 0.5396791951612744, "bus_lcSublane": 0.6180113243466446, "bus_max_v": 13.081778870733487, "bus_tau_mean": 2.132081462232695, "bus_tau_std": 4.910085291329293, "car_acc": 2.533724752653084, "car_dcc": 2.9028422583216202, "car_lcAssertive": 47.28745525346862, "car_lcCooperative": 0.6669425431939752, "car_lcLookaheadLeft": 46.43098779917544, "car_lcPushy": 0.5257115913414097, "car_lcSublane": 0.6585680415583619, "car_max_v": 11.986298402984957, "car_tau_mean": 3.258173429103075, "car_tau_std": 6.028653375383973}, "datetime": {"datetime": "2024-08-04 11:41:04", "elapsed": 338.264117, "delta": 6.456502}}
{"target": -0.04700060834518994, "params": {"bus_acc": 1.2935029615285882, "bus_dcc": 3.18795675808337, "bus_lcAssertive": 19.685761620841408, "bus_lcCooperative": 0.6438956443116628, "bus_lcLookaheadLeft": 75.92198315647727, "bus_lcPushy": 0.21073239208332073, "bus_lcSublane": 0.60095424810764, "bus_max_v": 24.476424255408403, "bus_tau_mean": 2.733765487171167, "bus_tau_std": 5.971273029466491, "car_acc": 1.5909645713109941, "car_dcc": 3.1948194137245265, "car_lcAssertive": 94.58553555999502, "car_lcCooperative": 0.42556139026154693, "car_lcLookaheadLeft": 78.65381804947772, "car_lcPushy": 0.056141039661915304, "car_lcSublane": 0.8352716024899659, "car_max_v": 12.22950037008725, "car_tau_mean": 1.8828390411149063, "car_tau_std": 3.0008104592535645}, "datetime": {"datetime": "2024-08-04 11:41:11", "elapsed": 345.392964, "delta": 7.128847}}
{"target": -0.04901803701349202, "params": {"bus_acc": 2.6014891373510736, "bus_dcc": 3.9047847271581926, "bus_lcAssertive": 32.02899363776504, "bus_lcCooperative": 0.6923226156693141, "bus_lcLookaheadLeft": 87.88613692501175, "bus_lcPushy": 0.8946066635038473, "bus_lcSublane": 0.08504421136977791, "bus_max_v": 8.859205231123411, "bus_tau_mean": 1.094406468475991, "bus_tau_std": 8.78142503429413, "car_acc": 1.1966936676661002, "car_dcc": 2.2633228750151564, "car_lcAssertive": 95.83106348489969, "car_lcCooperative": 0.5331652849730171, "car_lcLookaheadLeft": 69.8039571671464, "car_lcPushy": 0.31551563100606295, "car_lcSublane": 0.6865009276815837, "car_max_v": 26.361764781742203, "car_tau_mean": 0.5640089707046714, "car_tau_std": 7.501443149449675}, "datetime": {"datetime": "2024-08-04 11:41:21", "elapsed": 355.712433, "delta": 10.319469}}
{"target": -0.06091581785522398, "params": {"bus_acc": 1.57852099096582, "bus_dcc": 3.8432921983048205, "bus_lcAssertive": 85.14312298791047, "bus_lcCooperative": 0.4346547940716735, "bus_lcLookaheadLeft": 47.86885637691434, "bus_lcPushy": 0.6298530215834227, "bus_lcSublane": 0.15803183496381268, "bus_max_v": 8.325205908326044, "bus_tau_mean": 1.4292920611533504, "bus_tau_std": 0.15443631942760883, "car_acc": 2.348997688324515, "car_dcc": 2.6544065074383294, "car_lcAssertive": 32.84316641467499, "car_lcCooperative": 0.7802023371197586, "car_lcLookaheadLeft": 16.28697225904815, "car_lcPushy": 0.2448806387618836, "car_lcSublane": 0.2923137620392837, "car_max_v": 12.310502822977828, "car_tau_mean": 0.8077853931971116, "car_tau_std": 8.699761802716075}, "datetime": {"datetime": "2024-08-04 11:41:29", "elapsed": 363.364981, "delta": 7.652548}}
{"target": -0.037396281209703564, "params": {"bus_acc": 2.977722177812989, "bus_dcc": 3.244496963139518, "bus_lcAssertive": 28.763955214376114, "bus_lcCooperative": 0.7892793284514885, "bus_lcLookaheadLeft": 12.116148644608918, "bus_lcPushy": 0.44789352617590517, "bus_lcSublane": 0.9085955030930956, "bus_max_v": 14.45951126422095, "bus_tau_mean": 1.5072136850522206, "bus_tau_std": 1.3002857211827767, "car_acc": 1.0387339157405941, "car_dcc": 3.036506598819673, "car_lcAssertive": 21.951183484005846, "car_lcCooperative": 0.2655466593722262, "car_lcLookaheadLeft": 50.174169609473154, "car_lcPushy": 0.053362545117080384, "car_lcSublane": 0.5741176054920131, "car_max_v": 11.228028647927824, "car_tau_mean": 2.562569379161495, "car_tau_std": 6.997583600209312}, "datetime": {"datetime": "2024-08-04 11:41:38", "elapsed": 372.496627, "delta": 9.131646}}
{"target": -0.04907536819651582, "params": {"bus_acc": 1.789764525073601, "bus_dcc": 2.3847391328871583, "bus_lcAssertive": 56.53392675707258, "bus_lcCooperative": 0.7803635232892685, "bus_lcLookaheadLeft": 49.74500308919553, "bus_lcPushy": 0.4199935520102408, "bus_lcSublane": 0.26199970471933565, "bus_max_v": 28.037735059908687, "bus_tau_mean": 0.5779502903648146, "bus_tau_std": 8.211218982189646, "car_acc": 1.376936799332837, "car_dcc": 3.057270697517642, "car_lcAssertive": 36.16572954462473, "car_lcCooperative": 0.9742126278950913, "car_lcLookaheadLeft": 14.031668686043155, "car_lcPushy": 0.18756989261723955, "car_lcSublane": 0.8894424754644789, "car_max_v": 20.834938921381013, "car_tau_mean": 1.5823623463057288, "car_tau_std": 0.007643854781880233}, "datetime": {"datetime": "2024-08-04 11:41:42", "elapsed": 376.165599, "delta": 3.668972}}
{"target": -0.037052864390534776, "params": {"bus_acc": 1.2868460973404898, "bus_dcc": 1.2351606995648439, "bus_lcAssertive": 2.814931648387722, "bus_lcCooperative": 0.06672499763935646, "bus_lcLookaheadLeft": 46.94121374342632, "bus_lcPushy": 0.11334192276759048, "bus_lcSublane": 0.027783348848669953, "bus_max_v": 24.606952590590282, "bus_tau_mean": 1.881976681612238, "bus_tau_std": 7.469384956075251, "car_acc": 1.904809653492903, "car_dcc": 2.3502602410022835, "car_lcAssertive": 48.329178165065265, "car_lcCooperative": 0.47400392656219403, "car_lcLookaheadLeft": 80.71000752718862, "car_lcPushy": 0.40239251985773583, "car_lcSublane": 0.904686160343623, "car_max_v": 8.815343054988789, "car_tau_mean": 3.2085601995214654, "car_tau_std": 1.2564138113773882}, "datetime": {"datetime": "2024-08-04 11:41:42", "elapsed": 376.948158, "delta": 0.782559}}
{"target": -0.04283649679086458, "params": {"bus_acc": 1.1602072876120986, "bus_dcc": 3.7138930088087285, "bus_lcAssertive": 37.64526357782009, "bus_lcCooperative": 0.5306974384761395, "bus_lcLookaheadLeft": 50.42339405783986, "bus_lcPushy": 0.13216114194293815, "bus_lcSublane": 0.20645405888943302, "bus_max_v": 9.676153798711066, "bus_tau_mean": 2.277725949808506, "bus_tau_std": 2.615495518329871, "car_acc": 1.7141232177655839, "car_dcc": 1.3241959860917105, "car_lcAssertive": 78.96763212559821, "car_lcCooperative": 0.1065838767888011, "car_lcLookaheadLeft": 98.59946472389241, "car_lcPushy": 0.17716116443841734, "car_lcSublane": 0.5724051124346493, "car_max_v": 8.986597360959939, "car_tau_mean": 3.2549070137954192, "car_tau_std": 1.8960594781829654}, "datetime": {"datetime": "2024-08-04 11:42:03", "elapsed": 397.988404, "delta": 21.040246}}
{"target": -0.037065176855399805, "params": {"bus_acc": 1.630489606190746, "bus_dcc": 3.678666125575454, "bus_lcAssertive": 58.20786431316901, "bus_lcCooperative": 0.18401020162746506, "bus_lcLookaheadLeft": 79.21706491489942, "bus_lcPushy": 0.6120311770449339, "bus_lcSublane": 0.053909272073752956, "bus_max_v": 17.24426096002491, "bus_tau_mean": 2.8767409279790037, "bus_tau_std": 9.18601777977526, "car_acc": 1.0008040497827149, "car_dcc": 3.9302774470931787, "car_lcAssertive": 38.281451159831676, "car_lcCooperative": 0.9737835383583225, "car_lcLookaheadLeft": 61.2621778954572, "car_lcPushy": 0.828845807980693, "car_lcSublane": 0.5747115047081023, "car_max_v": 21.81767636276171, "car_tau_mean": 1.4995169859349287, "car_tau_std": 5.868333406560829}, "datetime": {"datetime": "2024-08-04 11:42:05", "elapsed": 399.644873, "delta": 1.656469}}
{"target": -0.037345580527589205, "params": {"bus_acc": 2.356964907995848, "bus_dcc": 3.0619094481231697, "bus_lcAssertive": 56.58763462113805, "bus_lcCooperative": 0.3580799140129358, "bus_lcLookaheadLeft": 62.085008865967204, "bus_lcPushy": 0.9357362666081998, "bus_lcSublane": 0.5968885249459731, "bus_max_v": 29.550983835907353, "bus_tau_mean": 2.0435231714310493, "bus_tau_std": 7.396119625075467, "car_acc": 1.0752077572992003, "car_dcc": 3.2941799170014585, "car_lcAssertive": 52.30987645235442, "car_lcCooperative": 0.0053165329611032375, "car_lcLookaheadLeft": 29.165610268694653, "car_lcPushy": 0.5348322325198115, "car_lcSublane": 0.7679628782813116, "car_max_v": 9.168037099955551, "car_tau_mean": 2.421687053476819, "car_tau_std": 8.00994555798356}, "datetime": {"datetime": "2024-08-04 11:42:22", "elapsed": 416.440622, "delta": 16.795749}}
