{"target": -0.05961725124945283, "params": {"bus_acc": 2.1850237375315933, "bus_dcc": 1.936809513105751, "bus_lcAssertive": 91.71424979336672, "bus_lcCooperative": 0.9096355249515571, "bus_lcLookaheadLeft": 27.19759279065523, "bus_lcPushy": 0.1108913007440292, "bus_lcSublane": 0.19296273201911285, "bus_tau_mean": 2.2485445973761014, "bus_tau_std": 7.2858566797459625, "bus_v_mean": 11.331111014540664, "bus_v_std": 2.480335583772307, "car_acc": 2.703343749872734, "car_dcc": 2.247546154802582, "car_lcAssertive": 62.05182164836838, "car_lcCooperative": 0.23366613923925006, "car_lcLookaheadLeft": 11.992791423728148, "car_lcPushy": 0.5158570169685298, "car_lcSublane": 0.47714098704978236, "car_tau_mean": 1.0343507543260713, "car_tau_std": 6.218062317404155, "car_v_mean": 16.70416190102301, "car_v_std": 6.541373469707443}, "datetime": {"datetime": "2024-08-05 18:24:51", "elapsed": 143.251421, "delta": 1.106913}}
{"target": -0.05465121879432833, "params": {"bus_acc": 1.206452013155284, "bus_dcc": 2.3436805785277155, "bus_lcAssertive": 90.95095480621646, "bus_lcCooperative": 0.2936141483736795, "bus_lcLookaheadLeft": 30.201983181462175, "bus_lcPushy": 0.13002857211827767, "bus_lcSublane": 0.019366957870297075, "bus_tau_mean": 2.8759243652896185, "bus_tau_std": 2.1162811600005904, "bus_v_mean": 12.24874654995562, "bus_v_std": 4.9157315928033825, "car_acc": 1.1067250902341608, "car_dcc": 2.722352816476039, "car_lcAssertive": 15.526128915675205, "car_lcCooperative": 0.5893055369032842, "car_lcLookaheadLeft": 70.57631928205126, "car_lcPushy": 0.10233442882782584, "car_lcSublane": 0.4140559878195683, "car_tau_mean": 2.9304005520471077, "car_tau_std": 4.141792695269027, "car_v_mean": 8.799255343137395, "car_v_std": 5.358964059155116}, "datetime": {"datetime": "2024-08-05 18:24:52", "elapsed": 144.23163, "delta": 0.980209}}
{"target": -0.0541062667201006, "params": {"bus_acc": 1.7571611865012045, "bus_dcc": 1.5645827800894636, "bus_lcAssertive": 74.95347807396458, "bus_lcCooperative": 0.34037929076546725, "bus_lcLookaheadLeft": 79.939514405753, "bus_lcPushy": 0.4879009391796203, "bus_lcSublane": 0.5256694443509794, "bus_tau_mean": 0.5997179732204853, "bus_tau_std": 6.442320198790318, "bus_v_mean": 13.610504038914678, "bus_v_std": 2.2920502729206573, "car_acc": 1.8677667524234012, "car_dcc": 2.1474023718127526, "car_lcAssertive": 47.50911496854967, "car_lcCooperative": 0.9794833541798064, "car_lcLookaheadLeft": 37.70905089608658, "car_lcPushy": 0.7744101333360395, "car_lcSublane": 0.5527675965498925, "car_tau_mean": 3.61195881187619, "car_tau_std": 3.54952851149572, "car_v_mean": 11.92829888298412, "car_v_std": 9.110192396569683}, "datetime": {"datetime": "2024-08-05 18:24:53", "elapsed": 145.617454, "delta": 1.385824}}
{"target": -0.047047565050071447, "params": {"bus_acc": 2.8703062310847773, "bus_dcc": 3.665626310068684, "bus_lcAssertive": 29.63678905280809, "bus_lcCooperative": 0.9477640661016069, "bus_lcLookaheadLeft": 85.29319245267905, "bus_lcPushy": 0.4346547940716735, "bus_lcSublane": 0.4680495548664728, "bus_tau_mean": 2.7044855755419794, "bus_tau_std": 1.5803183496381268, "bus_v_mean": 8.236513387873487, "bus_v_std": 2.6551201747238586, "car_acc": 1.0308872638855218, "car_dcc": 3.0234965324867726, "car_lcAssertive": 55.59541474546487, "car_lcCooperative": 0.32164814560277766, "car_lcLookaheadLeft": 78.45982903773634, "car_lcPushy": 0.14578543121477705, "car_lcSublane": 0.2448806387618836, "car_tau_mean": 1.523098167137493, "car_tau_std": 1.9593194649899215, "car_v_mean": 9.407018940329653, "car_v_std": 8.699761802716075}, "datetime": {"datetime": "2024-08-05 18:24:54", "elapsed": 146.6273, "delta": 1.009846}}
{"target": -0.05801327019627692, "params": {"bus_acc": 2.327589290439578, "bus_dcc": 2.5446673361749257, "bus_lcAssertive": 94.51488084309052, "bus_lcCooperative": 0.5865550405019929, "bus_lcLookaheadLeft": 90.53338769821258, "bus_lcPushy": 0.13747470414623753, "bus_lcSublane": 0.13927634725075855, "bus_tau_mean": 3.3258695104833333, "bus_tau_std": 3.9767683698553355, "bus_v_mean": 10.645667153870924, "bus_v_std": 9.275085803960339, "car_acc": 1.6955317194910131, "car_dcc": 3.2524363094084667, "car_lcAssertive": 72.87380054969469, "car_lcCooperative": 0.8833060912058098, "car_lcLookaheadLeft": 63.11987629144967, "car_lcPushy": 0.7509424340273372, "car_lcSublane": 0.34889834197784253, "car_tau_mean": 1.4447476211775911, "car_tau_std": 8.958862181960669, "car_v_mean": 14.849459037940719, "car_v_std": 9.648400471483855}, "datetime": {"datetime": "2024-08-05 18:24:56", "elapsed": 148.363027, "delta": 1.735727}}
{"target": -0.05313272889995666, "params": {"bus_acc": 1.0291374635266635, "bus_dcc": 1.6456287597832828, "bus_lcAssertive": 12.620315110999844, "bus_lcCooperative": 0.7674235177414532, "bus_lcLookaheadLeft": 9.959225422387863, "bus_lcPushy": 0.9984135585909075, "bus_lcSublane": 0.38961201587930516, "bus_tau_mean": 3.6682096807656412, "bus_tau_std": 1.8857760349946784, "bus_v_mean": 15.053955197156654, "bus_v_std": 8.448118190062035, "car_acc": 2.1905395613465126, "car_dcc": 2.386474290074071, "car_lcAssertive": 51.75232492895464, "car_lcCooperative": 0.5738855268923474, "car_lcLookaheadLeft": 45.15128234338813, "car_lcPushy": 0.1935589577238105, "car_lcSublane": 0.11396576145918635, "car_tau_mean": 1.029297745795518, "car_tau_std": 0.524909638531339, "car_v_mean": 16.938822577018104, "car_v_std": 8.477210140360107}, "datetime": {"datetime": "2024-08-05 18:24:58", "elapsed": 149.743053, "delta": 1.380026}}
{"target": -0.04975506189401211, "params": {"bus_acc": 1.428224273641297, "bus_dcc": 1.5968437702812, "bus_lcAssertive": 15.109315438818621, "bus_lcCooperative": 0.3770825992073341, "bus_lcLookaheadLeft": 4.609532699778905, "bus_lcPushy": 0.11092036903424063, "bus_lcSublane": 0.6745640237634105, "bus_tau_mean": 3.2992178791408517, "bus_tau_std": 0.805295271283859, "bus_v_mean": 11.707236967772673, "bus_v_std": 2.0762566180381437, "car_acc": 2.834667126163261, "car_dcc": 3.13394355440946, "car_lcAssertive": 55.834576494090015, "car_lcCooperative": 0.30451798792062024, "car_lcLookaheadLeft": 83.81569666791626, "car_lcPushy": 0.43530595762951996, "car_lcSublane": 0.9234562151187752, "car_tau_mean": 2.971181315175766, "car_tau_std": 4.780313079652833, "car_v_mean": 10.01936165998974, "car_v_std": 9.760435504677476}, "datetime": {"datetime": "2024-08-05 18:24:59", "elapsed": 151.078913, "delta": 1.33586}}
{"target": -0.053743014333568914, "params": {"bus_acc": 2.0376085014668286, "bus_dcc": 1.5168391044313765, "bus_lcAssertive": 8.382833053896505, "bus_lcCooperative": 0.37030569377388767, "bus_lcLookaheadLeft": 14.095048261843528, "bus_lcPushy": 0.6345187162918416, "bus_lcSublane": 0.4139198457294089, "bus_tau_mean": 3.9682047138390755, "bus_tau_std": 9.299556236533178, "bus_v_mean": 10.387776516956, "bus_v_std": 3.9488226253680048, "car_acc": 1.9231594219247723, "car_dcc": 2.6828462653658356, "car_lcAssertive": 78.25598880563759, "car_lcCooperative": 0.48719390907342375, "car_lcLookaheadLeft": 43.1593680970036, "car_lcPushy": 0.26199970471933565, "car_lcSublane": 0.9108061390867584, "car_tau_mean": 0.5779502903648146, "car_tau_std": 8.211218982189646, "car_v_mean": 11.015494394662696, "car_v_std": 6.857568991725472}, "datetime": {"datetime": "2024-08-05 18:25:00", "elapsed": 152.013863, "delta": 0.93495}}
{"target": -0.059731085576162704, "params": {"bus_acc": 2.574526895048523, "bus_dcc": 1.300703929309397, "bus_lcAssertive": 54.16370456721353, "bus_lcCooperative": 0.36598334666965426, "bus_lcLookaheadLeft": 61.222070679549475, "bus_lcPushy": 0.9588025156370005, "bus_lcSublane": 0.39282294499696246, "bus_tau_mean": 1.8754054927956576, "bus_tau_std": 7.906369935895988, "bus_v_mean": 18.32125438536682, "bus_v_std": 3.9388400785537647, "car_acc": 2.3779100964605027, "car_dcc": 2.212004827163137, "car_lcAssertive": 14.475202270564088, "car_lcCooperative": 0.45064326867213444, "car_lcLookaheadLeft": 34.773100484332716, "car_lcPushy": 0.2179689300611679, "car_lcSublane": 0.9257748016364399, "car_tau_mean": 2.913737896778452, "car_tau_std": 5.988208906234219, "car_v_mean": 19.94651955396808, "car_v_std": 5.419710617714415}, "datetime": {"datetime": "2024-08-05 18:25:01", "elapsed": 153.297448, "delta": 1.283585}}
{"target": -0.04687264783718957, "params": {"bus_acc": 2.9278355348479956, "bus_dcc": 2.9348250175366353, "bus_lcAssertive": 48.94726153020618, "bus_lcCooperative": 0.9676952459611975, "bus_lcLookaheadLeft": 16.03259860745876, "bus_lcPushy": 0.6323298746664966, "bus_lcSublane": 0.6618883678367976, "bus_tau_mean": 2.018439395034541, "bus_tau_std": 0.5935722533895749, "bus_v_mean": 15.883561618656532, "bus_v_std": 4.651339435180775, "car_acc": 2.6134936215497273, "car_dcc": 1.769982969858929, "car_lcAssertive": 39.75160593544259, "car_lcCooperative": 0.24017220722137722, "car_lcLookaheadLeft": 69.27145468689167, "car_lcPushy": 0.9898834533371155, "car_lcSublane": 0.1774295368682619, "car_tau_mean": 3.3750635907920405, "car_tau_std": 2.3098855928163333, "car_v_mean": 8.927613013964272, "car_v_std": 1.3881651804567363}, "datetime": {"datetime": "2024-08-05 18:25:03", "elapsed": 155.125986, "delta": 1.828538}}
{"target": -0.04905624155426488, "params": {"bus_acc": 2.2669216684714515, "bus_dcc": 1.8331381974202725, "bus_lcAssertive": 82.89283218879132, "bus_lcCooperative": 0.3645234475558883, "bus_lcLookaheadLeft": 73.86987725794573, "bus_lcPushy": 0.1924178904137388, "bus_lcSublane": 0.4814458975407394, "bus_tau_mean": 3.312581192508595, "bus_tau_std": 3.9698821167237397, "bus_v_mean": 10.585184637697438, "bus_v_std": 6.489822226486473, "car_acc": 2.5066516117887847, "car_dcc": 1.840577906119281, "car_lcAssertive": 45.68482426200776, "car_lcCooperative": 0.9004489123860653, "car_lcLookaheadLeft": 87.45459185671001, "car_lcPushy": 0.7071876097841823, "car_lcSublane": 0.5909005994904067, "car_tau_mean": 3.36083794638994, "car_tau_std": 9.07644646099839, "car_v_mean": 8.04012095468677, "car_v_std": 3.9722776623376177}, "datetime": {"datetime": "2024-08-05 18:25:05", "elapsed": 156.767916, "delta": 1.64193}}
{"target": -0.05876494900304371, "params": {"bus_acc": 1.3683555531217861, "bus_dcc": 2.9150299900101624, "bus_lcAssertive": 54.12090711470286, "bus_lcCooperative": 0.7749453799977457, "bus_lcLookaheadLeft": 40.510070458151915, "bus_lcPushy": 0.9894521308362529, "bus_lcSublane": 0.5152146961620737, "bus_tau_mean": 2.175881904149151, "bus_tau_std": 7.494424707521697, "bus_v_mean": 17.16301269267865, "bus_v_std": 3.624653173000254, "car_acc": 1.9784895709202843, "car_dcc": 1.5674151248165493, "car_lcAssertive": 39.964758015389336, "car_lcCooperative": 0.029961752524048535, "car_lcLookaheadLeft": 47.327847913535884, "car_lcPushy": 0.2744741128035708, "car_lcSublane": 0.5267158603586157, "car_tau_mean": 0.6024524249108938, "car_tau_std": 5.550867665221745, "car_v_mean": 12.687966138053715, "car_v_std": 5.774906810135474}, "datetime": {"datetime": "2024-08-05 18:25:05", "elapsed": 157.679548, "delta": 0.911632}}
{"target": -0.04578648428744096, "params": {"bus_acc": 2.632703023654428, "bus_dcc": 1.555391194807092, "bus_lcAssertive": 70.48577644587473, "bus_lcCooperative": 0.24035562484913886, "bus_lcLookaheadLeft": 58.273470706404254, "bus_lcPushy": 0.34898759722078887, "bus_lcSublane": 0.05696439948283272, "bus_tau_mean": 1.3008478483613155, "bus_tau_std": 6.641025553547935, "bus_v_mean": 15.9560014937685, "bus_v_std": 5.190159840736788, "car_acc": 1.349440300217845, "car_dcc": 2.712147554638769, "car_lcAssertive": 99.6785890956128, "car_lcCooperative": 0.8168351087916219, "car_lcLookaheadLeft": 60.24851713543582, "car_lcPushy": 0.9759890683309049, "car_lcSublane": 0.9015625846693213, "car_tau_mean": 2.5846277676092595, "car_tau_std": 0.32426325314457105, "car_v_mean": 9.497233533079692, "car_v_std": 0.6537171504222639}, "datetime": {"datetime": "2024-08-05 18:25:07", "elapsed": 158.947626, "delta": 1.268078}}
{"target": -0.04900503166544983, "params": {"bus_acc": 2.4622752063979334, "bus_dcc": 2.6364135056461584, "bus_lcAssertive": 61.0470076211378, "bus_lcCooperative": 0.029782944129560285, "bus_lcLookaheadLeft": 16.3812432165564, "bus_lcPushy": 0.28398322546618515, "bus_lcSublane": 0.0048720479536060735, "bus_tau_mean": 2.8420522922899787, "bus_tau_std": 8.702579489225982, "bus_v_mean": 16.751492948339852, "bus_v_std": 5.4316404751920375, "car_acc": 2.231451857226075, "car_dcc": 1.9065445012474125, "car_lcAssertive": 37.306466184433226, "car_lcCooperative": 0.5749397272777665, "car_lcLookaheadLeft": 81.30322520429976, "car_lcPushy": 0.2015966344081711, "car_lcSublane": 0.32752405584828914, "car_tau_mean": 3.1002243763639394, "car_tau_std": 3.4092024913234207, "car_v_mean": 8.76177485930488, "car_v_std": 1.5635692867625162}, "datetime": {"datetime": "2024-08-05 18:25:08", "elapsed": 160.00534, "delta": 1.057714}}
{"target": -0.053202557215025176, "params": {"bus_acc": 1.7287309597140559, "bus_dcc": 3.6768217878285174, "bus_lcAssertive": 3.743462272114134, "bus_lcCooperative": 0.08539013912317062, "bus_lcLookaheadLeft": 98.17822564390302, "bus_lcPushy": 0.6095019257734966, "bus_lcSublane": 0.41763234681418326, "bus_tau_mean": 1.0922496464279168, "bus_tau_std": 6.4990115308969, "bus_v_mean": 8.591601093749725, "bus_v_std": 3.116139134607047, "car_acc": 1.6469583939781507, "car_dcc": 2.8223256805436607, "car_lcAssertive": 65.43229441089402, "car_lcCooperative": 0.8460545992364693, "car_lcLookaheadLeft": 92.90293237455926, "car_lcPushy": 0.6604577276110997, "car_lcSublane": 0.5781739184085382, "car_tau_mean": 1.8955044027015293, "car_tau_std": 9.66612492642142, "car_v_mean": 10.465266749317719, "car_v_std": 8.950868086486484}, "datetime": {"datetime": "2024-08-05 18:25:09", "elapsed": 161.03449, "delta": 1.02915}}
{"target": -0.05567056580506766, "params": {"bus_acc": 1.344681016690657, "bus_dcc": 1.4114072488866332, "bus_lcAssertive": 93.32695084067919, "bus_lcCooperative": 0.6968181614899002, "bus_lcLookaheadLeft": 8.468016926762123, "bus_lcPushy": 0.7554630526024664, "bus_lcSublane": 0.7538761884612464, "bus_tau_mean": 3.7305858744126916, "bus_tau_std": 7.115247586284718, "bus_v_mean": 9.988335391554635, "bus_v_std": 0.19880133839795588, "car_acc": 1.0524219737554386, "car_dcc": 1.0849194640623838, "car_lcAssertive": 25.374895692701543, "car_lcCooperative": 0.860027948682888, "car_lcLookaheadLeft": 54.80544430548198, "car_lcPushy": 0.5528219786857659, "car_lcSublane": 0.8420308923596057, "car_tau_mean": 0.934606602919689, "car_tau_std": 2.791836790111395, "car_v_mean": 17.372148343332604, "car_v_std": 9.695957483196745}, "datetime": {"datetime": "2024-08-05 18:25:11", "elapsed": 163.24014, "delta": 2.20565}}
{"target": -0.06194472545525885, "params": {"bus_acc": 1.905706999903075, "bus_dcc": 2.884927112564071, "bus_lcAssertive": 29.719588317055155, "bus_lcCooperative": 0.009348577966515781, "bus_lcLookaheadLeft": 58.522081628734895, "bus_lcPushy": 0.3114442141324628, "bus_lcSublane": 0.5172675985011298, "bus_tau_mean": 3.707420485688642, "bus_tau_std": 4.26474788501396, "bus_v_mean": 11.958336585638166, "bus_v_std": 3.7129376127905447, "car_acc": 2.863722233273081, "car_dcc": 3.810605143927281, "car_lcAssertive": 84.58866490800561, "car_lcCooperative": 0.9202065143056605, "car_lcLookaheadLeft": 24.33422841522906, "car_lcPushy": 0.08748220955359087, "car_lcSublane": 0.22730973628468876, "car_tau_mean": 1.6003181563991764, "car_tau_std": 1.7476587635631158, "car_v_mean": 17.713506591559366, "car_v_std": 4.135864150011614}, "datetime": {"datetime": "2024-08-05 18:25:12", "elapsed": 164.494299, "delta": 1.254159}}
{"target": -0.05596422018771226, "params": {"bus_acc": 2.2370271338241707, "bus_dcc": 1.0310927840056958, "bus_lcAssertive": 54.32410097505835, "bus_lcCooperative": 0.0030179566195963625, "bus_lcLookaheadLeft": 95.21699097804004, "bus_lcPushy": 0.905402033702778, "bus_lcSublane": 0.7959669419422694, "bus_tau_mean": 3.7034601197017563, "bus_tau_std": 1.4555823115839706, "bus_v_mean": 10.523681117928533, "bus_v_std": 1.8763167290243399, "car_acc": 2.2449918045998425, "car_dcc": 3.7174284880249058, "car_lcAssertive": 99.0055626575483, "car_lcCooperative": 0.7111224587658159, "car_lcLookaheadLeft": 73.71644009594493, "car_lcPushy": 0.9092932045442544, "car_lcSublane": 0.4008737323711209, "car_tau_mean": 1.3744773807876287, "car_tau_std": 1.7343017078712286, "car_v_mean": 9.911312805339664, "car_v_std": 8.126105880328288}, "datetime": {"datetime": "2024-08-05 18:25:14", "elapsed": 165.962984, "delta": 1.468685}}
{"target": -0.05043879939096055, "params": {"bus_acc": 1.6774160509633593, "bus_dcc": 2.571688406998395, "bus_lcAssertive": 75.73425424899274, "bus_lcCooperative": 0.46385778390029564, "bus_lcLookaheadLeft": 14.232609224944277, "bus_lcPushy": 0.3125013784920495, "bus_lcSublane": 0.5045191697009946, "bus_tau_mean": 2.8584715280590367, "bus_tau_std": 7.7014995631209215, "bus_v_mean": 10.085372495269668, "bus_v_std": 0.22915131322381765, "car_acc": 2.038164644423979, "car_dcc": 3.429966131987249, "car_lcAssertive": 2.2477729359577547, "car_lcCooperative": 0.6724698446537339, "car_lcLookaheadLeft": 69.3072062123852, "car_lcPushy": 0.44924675358663757, "car_lcSublane": 0.9147886867419343, "car_tau_mean": 2.7552637966494755, "car_tau_std": 0.05239837651465851, "car_v_mean": 15.75085512823001, "car_v_std": 8.593178060976}, "datetime": {"datetime": "2024-08-05 18:25:15", "elapsed": 166.884272, "delta": 0.921288}}
{"target": -0.05292003558999797, "params": {"bus_acc": 2.0115587735797327, "bus_dcc": 3.4745756871556956, "bus_lcAssertive": 28.90266372618105, "bus_lcCooperative": 0.17849483297748825, "bus_lcLookaheadLeft": 97.04731589378197, "bus_lcPushy": 0.7419395254560768, "bus_lcSublane": 0.25979169330441454, "bus_tau_mean": 2.534323698019101, "bus_tau_std": 9.552622535381868, "bus_v_mean": 9.292062524993261, "bus_v_std": 0.8353420706174108, "car_acc": 2.2382696628398144, "car_dcc": 1.673480436507873, "car_lcAssertive": 76.7532117166173, "car_lcCooperative": 0.5681525429491051, "car_lcLookaheadLeft": 67.28643284190254, "car_lcPushy": 0.10781390079459241, "car_lcSublane": 0.08428305143655679, "car_tau_mean": 2.687923739069214, "car_tau_std": 4.097312611340205, "car_v_mean": 9.396040381951709, "car_v_std": 3.7106394501618913}, "datetime": {"datetime": "2024-08-05 18:25:16", "elapsed": 167.978593, "delta": 1.094321}}
{"target": -0.050038779797617804, "params": {"bus_acc": 1.9540259888045264, "bus_dcc": 2.3466365101202964, "bus_lcAssertive": 88.71379914536978, "bus_lcCooperative": 0.5276187723115614, "bus_lcLookaheadLeft": 42.090901527852274, "bus_lcPushy": 0.26889202221264585, "bus_lcSublane": 0.07201203516976995, "bus_tau_mean": 1.9634764680386052, "bus_tau_std": 0.2575348240658337, "bus_v_mean": 12.658463048838849, "bus_v_std": 5.035095098483965, "car_acc": 2.9318661300394444, "car_dcc": 1.3281487425807539, "car_lcAssertive": 67.63106436744557, "car_lcCooperative": 0.49993237109919997, "car_lcLookaheadLeft": 78.15562646902673, "car_lcPushy": 0.14360699787420927, "car_lcSublane": 0.08320263643587555, "car_tau_mean": 1.8972651187335883, "car_tau_std": 7.969622519799001, "car_v_mean": 11.066811822558241, "car_v_std": 7.67777192147274}, "datetime": {"datetime": "2024-08-05 18:25:17", "elapsed": 169.673044, "delta": 1.694451}}
{"target": -0.06935924502519086, "params": {"bus_acc": 1.834044009405148, "bus_dcc": 3.1609734803264744, "bus_lcAssertive": 1.0113231069171438, "bus_lcCooperative": 0.30233257263183977, "bus_lcLookaheadLeft": 16.38207730007708, "bus_lcPushy": 0.0923385947687978, "bus_lcSublane": 0.1862602113776709, "bus_tau_mean": 1.709462544650667, "bus_tau_std": 3.9676747423066994, "bus_v_mean": 16.62106774405371, "bus_v_std": 4.191945144032948, "car_acc": 2.370439000793519, "car_dcc": 1.6133567491945522, "car_lcAssertive": 87.93362620270359, "car_lcCooperative": 0.027387593197926163, "car_lcLookaheadLeft": 67.70581599748341, "car_lcPushy": 0.41730480236712697, "car_lcSublane": 0.5586898284457517, "car_tau_mean": 0.9913542850833181, "car_tau_std": 1.981014890848788, "car_v_mean": 20.81191309880859, "car_v_std": 9.682615757193975}, "datetime": {"datetime": "2024-08-05 18:25:19", "elapsed": 170.955252, "delta": 1.282208}}
{"target": -0.05473685295260482, "params": {"bus_acc": 1.0117619628892565, "bus_dcc": 3.2048260560518846, "bus_lcAssertive": 44.90688034848957, "bus_lcCooperative": 0.6978416560498484, "bus_lcLookaheadLeft": 20.134248264423647, "bus_lcPushy": 0.06261980198391548, "bus_lcSublane": 0.3781085867830213, "bus_tau_mean": 2.935987786559229, "bus_tau_std": 1.0281836745431583, "bus_v_mean": 11.133347738799879, "bus_v_std": 4.539526504065199, "car_acc": 2.242298379387292, "car_dcc": 3.250372744206955, "car_lcAssertive": 11.863767107280003, "car_lcCooperative": 0.6246236071556411, "car_lcLookaheadLeft": 39.96133117015912, "car_lcPushy": 0.670090368747807, "car_lcSublane": 0.2035603776619016, "car_tau_mean": 2.347715791357559, "car_tau_std": 1.721625549559327, "car_v_mean": 8.298896095942006, "car_v_std": 4.869502464239571}, "datetime": {"datetime": "2024-08-05 18:25:21", "elapsed": 173.042005, "delta": 2.086753}}
