{"target": -0.05146756354651247, "params": {"bus_acc": 2.9, "bus_dcc": 2.98, "bus_lcAssertive": 13.42, "bus_lcCooperative": 0.3, "bus_lcLookaheadLeft": 72.28, "bus_lcPushy": 0.09, "bus_lcSublane": 0.06, "bus_max_v": 12.31, "bus_tau_mean": 3.02, "bus_tau_std": 6.07, "car_acc": 1.54, "car_dcc": 3.23, "car_lcAssertive": 49.37, "car_lcCooperative": 0.85, "car_lcLookaheadLeft": 55.72, "car_lcPushy": 0.98, "car_lcSublane": 0.19, "car_max_v": 21.04, "car_tau_mean": 2.63, "car_tau_std": 7.74}, "datetime": {"datetime": "2024-08-04 13:01:22", "elapsed": 5156.712662, "delta": 3.781946}}
{"target": -0.05269183317041206, "params": {"bus_acc": 1.61, "bus_dcc": 2.15, "bus_lcAssertive": 87.52, "bus_lcCooperative": 0.97, "bus_lcLookaheadLeft": 38.05, "bus_lcPushy": 0.55, "bus_lcSublane": 0.13, "bus_max_v": 13.41, "bus_tau_mean": 3.25, "bus_tau_std": 0.06, "car_acc": 1.9, "car_dcc": 3.65, "car_lcAssertive": 66.19, "car_lcCooperative": 0.83, "car_lcLookaheadLeft": 32.04, "car_lcPushy": 0.78, "car_lcSublane": 0.67, "car_max_v": 26.95, "car_tau_mean": 3.05, "car_tau_std": 6.01}, "datetime": {"datetime": "2024-08-04 13:01:26", "elapsed": 5160.501868, "delta": 3.789206}}
{"target": -0.0523989333432695, "params": {"bus_acc": 1.34, "bus_dcc": 1.01, "bus_lcAssertive": 93.2, "bus_lcCooperative": 0.58, "bus_lcLookaheadLeft": 37.73, "bus_lcPushy": 0.69, "bus_lcSublane": 0.53, "bus_max_v": 9.18, "bus_tau_mean": 1.19, "bus_tau_std": 7.04, "car_acc": 2.25, "car_dcc": 2.35, "car_lcAssertive": 74.49, "car_lcCooperative": 0.66, "car_lcLookaheadLeft": 53.79, "car_lcPushy": 0.65, "car_lcSublane": 0.01, "car_max_v": 13.82, "car_tau_mean": 2.32, "car_tau_std": 8.76}, "datetime": {"datetime": "2024-08-04 13:01:30", "elapsed": 5164.348846, "delta": 3.846978}}
{"target": -0.042576568583664064, "params": {"bus_acc": 1.61, "bus_dcc": 3.53, "bus_lcAssertive": 8.94, "bus_lcCooperative": 0.12, "bus_lcLookaheadLeft": 45.26, "bus_lcPushy": 0.59, "bus_lcSublane": 0.28, "bus_max_v": 9.76, "bus_tau_mean": 1.8, "bus_tau_std": 7.21, "car_acc": 1.01, "car_dcc": 3.87, "car_lcAssertive": 54.66, "car_lcCooperative": 0.48, "car_lcLookaheadLeft": 54.39, "car_lcPushy": 0.45, "car_lcSublane": 0.64, "car_max_v": 24.77, "car_tau_mean": 1.28, "car_tau_std": 8.08}, "datetime": {"datetime": "2024-08-04 13:01:34", "elapsed": 5168.41163, "delta": 4.062784}}
{"target": -0.04278687602475965, "params": {"bus_acc": 2.92, "bus_dcc": 2.0, "bus_lcAssertive": 95.12, "bus_lcCooperative": 0.1, "bus_lcLookaheadLeft": 88.88, "bus_lcPushy": 0.01, "bus_lcSublane": 0.92, "bus_max_v": 24.15, "bus_tau_mean": 3.8, "bus_tau_std": 2.53, "car_acc": 1.67, "car_dcc": 1.4, "car_lcAssertive": 29.82, "car_lcCooperative": 0.47, "car_lcLookaheadLeft": 76.37, "car_lcPushy": 0.32, "car_lcSublane": 0.39, "car_max_v": 9.69, "car_tau_mean": 1.15, "car_tau_std": 5.13}, "datetime": {"datetime": "2024-08-04 13:01:38", "elapsed": 5172.98442, "delta": 4.57279}}
{"target": -0.05035845324624994, "params": {"bus_acc": 1.2, "bus_dcc": 1.66, "bus_lcAssertive": 88.76, "bus_lcCooperative": 0.04, "bus_lcLookaheadLeft": 13.2, "bus_lcPushy": 0.74, "bus_lcSublane": 0.49, "bus_max_v": 23.91, "bus_tau_mean": 2.79, "bus_tau_std": 5.18, "car_acc": 2.55, "car_dcc": 3.12, "car_lcAssertive": 29.01, "car_lcCooperative": 0.57, "car_lcLookaheadLeft": 99.61, "car_lcPushy": 0.73, "car_lcSublane": 0.64, "car_max_v": 20.37, "car_tau_mean": 0.53, "car_tau_std": 8.27}, "datetime": {"datetime": "2024-08-04 13:01:50", "elapsed": 5184.475363, "delta": 11.490943}}
{"target": -0.04877733982661872, "params": {"bus_acc": 2.23, "bus_dcc": 3.08, "bus_lcAssertive": 1.53, "bus_lcCooperative": 0.38, "bus_lcLookaheadLeft": 90.02, "bus_lcPushy": 0.94, "bus_lcSublane": 0.91, "bus_max_v": 17.04, "bus_tau_mean": 3.58, "bus_tau_std": 8.5, "car_acc": 1.55, "car_dcc": 1.43, "car_lcAssertive": 11.73, "car_lcCooperative": 0.72, "car_lcLookaheadLeft": 6.5, "car_lcPushy": 0.77, "car_lcSublane": 0.02, "car_max_v": 14.93, "car_tau_mean": 1.89, "car_tau_std": 3.75}, "datetime": {"datetime": "2024-08-04 13:01:53", "elapsed": 5187.699355, "delta": 3.223992}}
{"target": -0.048320145872626064, "params": {"bus_acc": 1.03, "bus_dcc": 2.88, "bus_lcAssertive": 18.09, "bus_lcCooperative": 0.1, "bus_lcLookaheadLeft": 65.71, "bus_lcPushy": 0.17, "bus_lcSublane": 0.59, "bus_max_v": 9.8, "bus_tau_mean": 1.92, "bus_tau_std": 9.74, "car_acc": 2.73, "car_dcc": 2.78, "car_lcAssertive": 4.26, "car_lcCooperative": 0.01, "car_lcLookaheadLeft": 31.84, "car_lcPushy": 0.13, "car_lcSublane": 0.84, "car_max_v": 21.18, "car_tau_mean": 3.07, "car_tau_std": 3.83}, "datetime": {"datetime": "2024-08-04 13:01:57", "elapsed": 5191.925043, "delta": 4.225688}}
{"target": -0.05396419616729526, "params": {"bus_acc": 2.66, "bus_dcc": 3.64, "bus_lcAssertive": 36.74, "bus_lcCooperative": 0.65, "bus_lcLookaheadLeft": 60.29, "bus_lcPushy": 0.09, "bus_lcSublane": 0.76, "bus_max_v": 15.07, "bus_tau_mean": 1.83, "bus_tau_std": 0.06, "car_acc": 2.34, "car_dcc": 2.8, "car_lcAssertive": 9.87, "car_lcCooperative": 0.15, "car_lcLookaheadLeft": 91.65, "car_lcPushy": 0.44, "car_lcSublane": 0.98, "car_max_v": 29.33, "car_tau_mean": 3.8, "car_tau_std": 6.58}, "datetime": {"datetime": "2024-08-04 13:02:00", "elapsed": 5195.021328, "delta": 3.096285}}
{"target": -0.042480281630374754, "params": {"bus_acc": 2.48, "bus_dcc": 3.53, "bus_lcAssertive": 23.94, "bus_lcCooperative": 0.72, "bus_lcLookaheadLeft": 85.72, "bus_lcPushy": 0.49, "bus_lcSublane": 0.67, "bus_max_v": 15.21, "bus_tau_mean": 1.16, "bus_tau_std": 7.63, "car_acc": 1.03, "car_dcc": 3.28, "car_lcAssertive": 94.73, "car_lcCooperative": 0.67, "car_lcLookaheadLeft": 79.31, "car_lcPushy": 0.31, "car_lcSublane": 0.45, "car_max_v": 25.87, "car_tau_mean": 1.39, "car_tau_std": 6.73}, "datetime": {"datetime": "2024-08-04 13:02:10", "elapsed": 5204.241015, "delta": 9.219687}}
{"target": -0.0567701673128073, "params": {"bus_acc": 1.97, "bus_dcc": 3.16, "bus_lcAssertive": 4.57, "bus_lcCooperative": 0.02, "bus_lcLookaheadLeft": 62.17, "bus_lcPushy": 0.71, "bus_lcSublane": 0.05, "bus_max_v": 17.84, "bus_tau_mean": 2.52, "bus_tau_std": 1.49, "car_acc": 2.97, "car_dcc": 1.7, "car_lcAssertive": 74.81, "car_lcCooperative": 0.04, "car_lcLookaheadLeft": 86.96, "car_lcPushy": 0.31, "car_lcSublane": 0.64, "car_max_v": 26.29, "car_tau_mean": 2.28, "car_tau_std": 0.51}, "datetime": {"datetime": "2024-08-04 13:02:13", "elapsed": 5207.727465, "delta": 3.48645}}
{"target": -0.04554151344778474, "params": {"bus_acc": 2.28, "bus_dcc": 3.34, "bus_lcAssertive": 23.22, "bus_lcCooperative": 0.52, "bus_lcLookaheadLeft": 82.71, "bus_lcPushy": 0.0, "bus_lcSublane": 0.41, "bus_max_v": 24.97, "bus_tau_mean": 1.82, "bus_tau_std": 7.67, "car_acc": 2.85, "car_dcc": 2.16, "car_lcAssertive": 86.7, "car_lcCooperative": 0.39, "car_lcLookaheadLeft": 51.78, "car_lcPushy": 0.88, "car_lcSublane": 0.2, "car_max_v": 10.08, "car_tau_mean": 1.78, "car_tau_std": 3.1}, "datetime": {"datetime": "2024-08-04 13:02:29", "elapsed": 5223.762564, "delta": 16.035099}}
{"target": -0.05704195151843477, "params": {"bus_acc": 1.94, "bus_dcc": 1.07, "bus_lcAssertive": 39.62, "bus_lcCooperative": 0.1, "bus_lcLookaheadLeft": 11.39, "bus_lcPushy": 0.44, "bus_lcSublane": 0.05, "bus_max_v": 17.98, "bus_tau_mean": 3.1, "bus_tau_std": 8.22, "car_acc": 2.91, "car_dcc": 3.3, "car_lcAssertive": 37.59, "car_lcCooperative": 0.0, "car_lcLookaheadLeft": 82.94, "car_lcPushy": 0.02, "car_lcSublane": 0.74, "car_max_v": 22.74, "car_tau_mean": 3.12, "car_tau_std": 1.51}, "datetime": {"datetime": "2024-08-04 13:02:32", "elapsed": 5226.877284, "delta": 3.11472}}
{"target": -0.054798352600848456, "params": {"bus_acc": 1.7, "bus_dcc": 3.46, "bus_lcAssertive": 63.57, "bus_lcCooperative": 0.93, "bus_lcLookaheadLeft": 79.93, "bus_lcPushy": 0.97, "bus_lcSublane": 0.96, "bus_max_v": 27.8, "bus_tau_mean": 2.24, "bus_tau_std": 4.98, "car_acc": 1.8, "car_dcc": 1.32, "car_lcAssertive": 62.04, "car_lcCooperative": 0.76, "car_lcLookaheadLeft": 27.91, "car_lcPushy": 0.9, "car_lcSublane": 0.99, "car_max_v": 20.94, "car_tau_mean": 3.53, "car_tau_std": 8.96}, "datetime": {"datetime": "2024-08-04 13:02:38", "elapsed": 5232.334232, "delta": 5.456948}}
{"target": -0.04483049828065997, "params": {"bus_acc": 2.62, "bus_dcc": 1.78, "bus_lcAssertive": 48.1, "bus_lcCooperative": 0.23, "bus_lcLookaheadLeft": 13.04, "bus_lcPushy": 0.94, "bus_lcSublane": 0.78, "bus_max_v": 14.11, "bus_tau_mean": 3.18, "bus_tau_std": 1.47, "car_acc": 2.7, "car_dcc": 3.63, "car_lcAssertive": 13.75, "car_lcCooperative": 0.75, "car_lcLookaheadLeft": 83.8, "car_lcPushy": 0.58, "car_lcSublane": 0.56, "car_max_v": 9.2, "car_tau_mean": 1.64, "car_tau_std": 9.75}, "datetime": {"datetime": "2024-08-04 13:02:55", "elapsed": 5249.874861, "delta": 17.540629}}
{"target": -0.04875241725353139, "params": {"bus_acc": 2.25, "bus_dcc": 2.71, "bus_lcAssertive": 88.03, "bus_lcCooperative": 0.2, "bus_lcLookaheadLeft": 23.52, "bus_lcPushy": 0.43, "bus_lcSublane": 0.59, "bus_max_v": 12.22, "bus_tau_mean": 2.24, "bus_tau_std": 3.12, "car_acc": 1.65, "car_dcc": 1.18, "car_lcAssertive": 16.77, "car_lcCooperative": 0.75, "car_lcLookaheadLeft": 28.86, "car_lcPushy": 0.31, "car_lcSublane": 0.84, "car_max_v": 9.76, "car_tau_mean": 1.51, "car_tau_std": 9.36}, "datetime": {"datetime": "2024-08-04 13:02:59", "elapsed": 5253.661026, "delta": 3.786165}}
{"target": -0.05002945322164181, "params": {"bus_acc": 2.27, "bus_dcc": 2.86, "bus_lcAssertive": 56.79, "bus_lcCooperative": 0.86, "bus_lcLookaheadLeft": 83.45, "bus_lcPushy": 0.16, "bus_lcSublane": 0.31, "bus_max_v": 10.27, "bus_tau_mean": 1.64, "bus_tau_std": 9.39, "car_acc": 2.11, "car_dcc": 1.99, "car_lcAssertive": 35.92, "car_lcCooperative": 0.11, "car_lcLookaheadLeft": 44.39, "car_lcPushy": 0.79, "car_lcSublane": 0.95, "car_max_v": 11.68, "car_tau_mean": 0.8, "car_tau_std": 3.91}, "datetime": {"datetime": "2024-08-04 13:03:16", "elapsed": 5270.281443, "delta": 16.620417}}
{"target": -0.047644036981969805, "params": {"bus_acc": 1.75, "bus_dcc": 3.36, "bus_lcAssertive": 16.72, "bus_lcCooperative": 0.32, "bus_lcLookaheadLeft": 41.65, "bus_lcPushy": 0.64, "bus_lcSublane": 0.32, "bus_max_v": 19.82, "bus_tau_mean": 1.6, "bus_tau_std": 3.81, "car_acc": 1.3, "car_dcc": 3.75, "car_lcAssertive": 18.29, "car_lcCooperative": 0.48, "car_lcLookaheadLeft": 54.26, "car_lcPushy": 0.18, "car_lcSublane": 0.17, "car_max_v": 15.54, "car_tau_mean": 1.3, "car_tau_std": 3.65}, "datetime": {"datetime": "2024-08-04 13:03:30", "elapsed": 5284.796554, "delta": 14.515111}}
{"target": -0.0468664362174831, "params": {"bus_acc": 2.4, "bus_dcc": 3.49, "bus_lcAssertive": 34.18, "bus_lcCooperative": 0.28, "bus_lcLookaheadLeft": 50.18, "bus_lcPushy": 0.6, "bus_lcSublane": 0.36, "bus_max_v": 28.43, "bus_tau_mean": 4.0, "bus_tau_std": 8.8, "car_acc": 1.58, "car_dcc": 1.26, "car_lcAssertive": 8.46, "car_lcCooperative": 0.04, "car_lcLookaheadLeft": 72.81, "car_lcPushy": 0.11, "car_lcSublane": 0.72, "car_max_v": 14.45, "car_tau_mean": 3.17, "car_tau_std": 9.86}, "datetime": {"datetime": "2024-08-04 13:03:34", "elapsed": 5289.032039, "delta": 4.235485}}
{"target": -0.04024512873862254, "params": {"bus_acc": 2.81, "bus_dcc": 3.18, "bus_lcAssertive": 59.81, "bus_lcCooperative": 0.99, "bus_lcLookaheadLeft": 29.73, "bus_lcPushy": 0.22, "bus_lcSublane": 0.48, "bus_max_v": 17.9, "bus_tau_mean": 3.1, "bus_tau_std": 7.92, "car_acc": 2.28, "car_dcc": 2.01, "car_lcAssertive": 28.7, "car_lcCooperative": 0.49, "car_lcLookaheadLeft": 52.7, "car_lcPushy": 0.85, "car_lcSublane": 0.26, "car_max_v": 10.89, "car_tau_mean": 2.54, "car_tau_std": 0.7}, "datetime": {"datetime": "2024-08-04 13:03:38", "elapsed": 5292.434567, "delta": 3.402528}}
{"target": -0.053910420244002964, "params": {"bus_acc": 2.36, "bus_dcc": 2.69, "bus_lcAssertive": 58.55, "bus_lcCooperative": 0.05, "bus_lcLookaheadLeft": 7.4, "bus_lcPushy": 0.68, "bus_lcSublane": 0.55, "bus_max_v": 8.75, "bus_tau_mean": 3.87, "bus_tau_std": 1.92, "car_acc": 2.98, "car_dcc": 2.15, "car_lcAssertive": 28.45, "car_lcCooperative": 0.16, "car_lcLookaheadLeft": 74.47, "car_lcPushy": 0.12, "car_lcSublane": 0.35, "car_max_v": 15.58, "car_tau_mean": 1.67, "car_tau_std": 2.17}, "datetime": {"datetime": "2024-08-04 13:03:47", "elapsed": 5301.658159, "delta": 9.223592}}
{"target": -0.0573071168808316, "params": {"bus_acc": 2.51, "bus_dcc": 3.1, "bus_lcAssertive": 68.65, "bus_lcCooperative": 0.02, "bus_lcLookaheadLeft": 60.78, "bus_lcPushy": 0.9, "bus_lcSublane": 0.12, "bus_max_v": 19.63, "bus_tau_mean": 2.01, "bus_tau_std": 3.03, "car_acc": 2.02, "car_dcc": 2.44, "car_lcAssertive": 16.5, "car_lcCooperative": 0.98, "car_lcLookaheadLeft": 41.14, "car_lcPushy": 0.8, "car_lcSublane": 0.71, "car_max_v": 23.73, "car_tau_mean": 3.17, "car_tau_std": 7.44}, "datetime": {"datetime": "2024-08-04 13:04:13", "elapsed": 5327.355448, "delta": 25.697289}}
{"target": -0.05311603132978049, "params": {"bus_acc": 1.64, "bus_dcc": 2.72, "bus_lcAssertive": 55.94, "bus_lcCooperative": 0.65, "bus_lcLookaheadLeft": 87.24, "bus_lcPushy": 0.2, "bus_lcSublane": 0.3, "bus_max_v": 11.97, "bus_tau_mean": 3.3, "bus_tau_std": 9.21, "car_acc": 2.19, "car_dcc": 3.01, "car_lcAssertive": 75.68, "car_lcCooperative": 0.43, "car_lcLookaheadLeft": 32.17, "car_lcPushy": 0.29, "car_lcSublane": 0.54, "car_max_v": 15.84, "car_tau_mean": 3.02, "car_tau_std": 5.67}, "datetime": {"datetime": "2024-08-04 13:04:21", "elapsed": 5335.919467, "delta": 8.564019}}
{"target": -0.04703864716046859, "params": {"bus_acc": 1.88, "bus_dcc": 1.53, "bus_lcAssertive": 2.3, "bus_lcCooperative": 0.01, "bus_lcLookaheadLeft": 82.03, "bus_lcPushy": 1.0, "bus_lcSublane": 0.88, "bus_max_v": 9.49, "bus_tau_mean": 3.35, "bus_tau_std": 5.46, "car_acc": 2.37, "car_dcc": 1.31, "car_lcAssertive": 34.14, "car_lcCooperative": 0.72, "car_lcLookaheadLeft": 56.29, "car_lcPushy": 0.07, "car_lcSublane": 0.93, "car_max_v": 13.92, "car_tau_mean": 1.93, "car_tau_std": 4.85}, "datetime": {"datetime": "2024-08-04 13:04:40", "elapsed": 5354.218728, "delta": 18.299261}}
{"target": -0.05406375485894258, "params": {"bus_acc": 2.98, "bus_dcc": 1.17, "bus_lcAssertive": 37.98, "bus_lcCooperative": 0.58, "bus_lcLookaheadLeft": 76.35, "bus_lcPushy": 0.0, "bus_lcSublane": 0.56, "bus_max_v": 8.68, "bus_tau_mean": 3.46, "bus_tau_std": 7.36, "car_acc": 2.47, "car_dcc": 2.63, "car_lcAssertive": 9.82, "car_lcCooperative": 0.94, "car_lcLookaheadLeft": 83.94, "car_lcPushy": 0.94, "car_lcSublane": 0.55, "car_max_v": 14.59, "car_tau_mean": 1.21, "car_tau_std": 3.59}, "datetime": {"datetime": "2024-08-04 13:05:08", "elapsed": 5382.77726, "delta": 28.558532}}
{"target": -0.05559471847321797, "params": {"bus_acc": 2.27, "bus_dcc": 2.73, "bus_lcAssertive": 21.2, "bus_lcCooperative": 0.26, "bus_lcLookaheadLeft": 68.64, "bus_lcPushy": 0.98, "bus_lcSublane": 0.18, "bus_max_v": 16.29, "bus_tau_mean": 3.35, "bus_tau_std": 4.82, "car_acc": 2.11, "car_dcc": 3.01, "car_lcAssertive": 94.94, "car_lcCooperative": 0.93, "car_lcLookaheadLeft": 14.5, "car_lcPushy": 0.91, "car_lcSublane": 0.41, "car_max_v": 20.9, "car_tau_mean": 1.54, "car_tau_std": 9.35}, "datetime": {"datetime": "2024-08-04 13:05:13", "elapsed": 5387.302932, "delta": 4.525672}}
{"target": -0.045092970413260276, "params": {"bus_acc": 2.71, "bus_dcc": 1.61, "bus_lcAssertive": 39.46, "bus_lcCooperative": 0.52, "bus_lcLookaheadLeft": 94.16, "bus_lcPushy": 0.75, "bus_lcSublane": 0.44, "bus_max_v": 21.29, "bus_tau_mean": 1.04, "bus_tau_std": 2.48, "car_acc": 2.25, "car_dcc": 2.57, "car_lcAssertive": 34.54, "car_lcCooperative": 0.92, "car_lcLookaheadLeft": 77.6, "car_lcPushy": 0.23, "car_lcSublane": 0.63, "car_max_v": 9.58, "car_tau_mean": 1.13, "car_tau_std": 9.45}, "datetime": {"datetime": "2024-08-04 13:05:17", "elapsed": 5391.550559, "delta": 4.247627}}
{"target": -0.04698438831553067, "params": {"bus_acc": 1.16, "bus_dcc": 2.39, "bus_lcAssertive": 69.88, "bus_lcCooperative": 0.57, "bus_lcLookaheadLeft": 51.81, "bus_lcPushy": 0.15, "bus_lcSublane": 0.87, "bus_max_v": 24.83, "bus_tau_mean": 1.39, "bus_tau_std": 7.22, "car_acc": 1.31, "car_dcc": 2.29, "car_lcAssertive": 57.55, "car_lcCooperative": 0.41, "car_lcLookaheadLeft": 13.51, "car_lcPushy": 0.56, "car_lcSublane": 0.46, "car_max_v": 28.9, "car_tau_mean": 3.78, "car_tau_std": 8.66}, "datetime": {"datetime": "2024-08-04 13:05:22", "elapsed": 5396.298285, "delta": 4.747726}}
{"target": -0.04649401328403077, "params": {"bus_acc": 2.87, "bus_dcc": 2.81, "bus_lcAssertive": 73.16, "bus_lcCooperative": 0.51, "bus_lcLookaheadLeft": 76.65, "bus_lcPushy": 0.95, "bus_lcSublane": 0.37, "bus_max_v": 21.17, "bus_tau_mean": 0.5, "bus_tau_std": 4.55, "car_acc": 1.22, "car_dcc": 2.03, "car_lcAssertive": 49.11, "car_lcCooperative": 0.6, "car_lcLookaheadLeft": 40.7, "car_lcPushy": 0.47, "car_lcSublane": 0.53, "car_max_v": 29.98, "car_tau_mean": 2.0, "car_tau_std": 7.81}, "datetime": {"datetime": "2024-08-04 13:05:31", "elapsed": 5405.131635, "delta": 8.83335}}
{"target": -0.06987749613150565, "params": {"bus_acc": 2.49, "bus_dcc": 1.53, "bus_lcAssertive": 92.31, "bus_lcCooperative": 0.58, "bus_lcLookaheadLeft": 29.43, "bus_lcPushy": 0.54, "bus_lcSublane": 0.04, "bus_max_v": 9.65, "bus_tau_mean": 2.32, "bus_tau_std": 5.68, "car_acc": 1.24, "car_dcc": 3.63, "car_lcAssertive": 56.28, "car_lcCooperative": 0.69, "car_lcLookaheadLeft": 85.17, "car_lcPushy": 0.45, "car_lcSublane": 0.78, "car_max_v": 11.8, "car_tau_mean": 1.7, "car_tau_std": 3.7}, "datetime": {"datetime": "2024-08-04 13:05:37", "elapsed": 5411.620558, "delta": 6.488923}}
{"target": -0.053603492082650174, "params": {"bus_acc": 2.36, "bus_dcc": 3.15, "bus_lcAssertive": 98.75, "bus_lcCooperative": 0.1, "bus_lcLookaheadLeft": 89.24, "bus_lcPushy": 0.96, "bus_lcSublane": 0.27, "bus_max_v": 11.13, "bus_tau_mean": 2.53, "bus_tau_std": 2.46, "car_acc": 2.66, "car_dcc": 3.17, "car_lcAssertive": 23.88, "car_lcCooperative": 0.67, "car_lcLookaheadLeft": 88.44, "car_lcPushy": 0.06, "car_lcSublane": 0.19, "car_max_v": 29.36, "car_tau_mean": 2.74, "car_tau_std": 6.19}, "datetime": {"datetime": "2024-08-04 13:05:42", "elapsed": 5416.123162, "delta": 4.502604}}
{"target": -0.03918254330487207, "params": {"bus_acc": 1.25, "bus_dcc": 1.58, "bus_lcAssertive": 93.04, "bus_lcCooperative": 0.83, "bus_lcLookaheadLeft": 88.32, "bus_lcPushy": 0.6, "bus_lcSublane": 0.99, "bus_max_v": 24.5, "bus_tau_mean": 3.48, "bus_tau_std": 3.98, "car_acc": 1.02, "car_dcc": 3.07, "car_lcAssertive": 59.5, "car_lcCooperative": 0.57, "car_lcLookaheadLeft": 59.43, "car_lcPushy": 0.8, "car_lcSublane": 0.47, "car_max_v": 14.19, "car_tau_mean": 3.62, "car_tau_std": 9.99}, "datetime": {"datetime": "2024-08-04 13:05:52", "elapsed": 5426.256098, "delta": 10.132936}}
{"target": -0.05040479493535129, "params": {"bus_acc": 1.12, "bus_dcc": 2.42, "bus_lcAssertive": 36.36, "bus_lcCooperative": 0.24, "bus_lcLookaheadLeft": 16.14, "bus_lcPushy": 0.49, "bus_lcSublane": 0.31, "bus_max_v": 19.52, "bus_tau_mean": 2.96, "bus_tau_std": 7.76, "car_acc": 1.8, "car_dcc": 1.38, "car_lcAssertive": 60.7, "car_lcCooperative": 0.76, "car_lcLookaheadLeft": 9.94, "car_lcPushy": 0.94, "car_lcSublane": 0.62, "car_max_v": 21.61, "car_tau_mean": 1.41, "car_tau_std": 3.33}, "datetime": {"datetime": "2024-08-04 13:05:56", "elapsed": 5430.867787, "delta": 4.611689}}
{"target": -0.04756908039176578, "params": {"bus_acc": 1.92, "bus_dcc": 2.69, "bus_lcAssertive": 90.52, "bus_lcCooperative": 0.95, "bus_lcLookaheadLeft": 23.52, "bus_lcPushy": 0.2, "bus_lcSublane": 0.25, "bus_max_v": 13.96, "bus_tau_mean": 3.07, "bus_tau_std": 3.64, "car_acc": 2.78, "car_dcc": 1.92, "car_lcAssertive": 59.38, "car_lcCooperative": 0.53, "car_lcLookaheadLeft": 58.3, "car_lcPushy": 0.34, "car_lcSublane": 0.23, "car_max_v": 11.26, "car_tau_mean": 1.09, "car_tau_std": 8.54}, "datetime": {"datetime": "2024-08-04 13:06:02", "elapsed": 5436.458444, "delta": 5.590657}}
{"target": -0.0463476762426703, "params": {"bus_acc": 2.8, "bus_dcc": 3.03, "bus_lcAssertive": 22.38, "bus_lcCooperative": 0.28, "bus_lcLookaheadLeft": 7.89, "bus_lcPushy": 0.15, "bus_lcSublane": 0.37, "bus_max_v": 14.98, "bus_tau_mean": 2.29, "bus_tau_std": 4.86, "car_acc": 1.27, "car_dcc": 1.25, "car_lcAssertive": 34.51, "car_lcCooperative": 0.17, "car_lcLookaheadLeft": 61.5, "car_lcPushy": 0.0, "car_lcSublane": 0.46, "car_max_v": 17.98, "car_tau_mean": 1.67, "car_tau_std": 7.14}, "datetime": {"datetime": "2024-08-04 13:06:07", "elapsed": 5441.255414, "delta": 4.79697}}
{"target": -0.057918070859420856, "params": {"bus_acc": 1.24, "bus_dcc": 1.46, "bus_lcAssertive": 22.72, "bus_lcCooperative": 0.07, "bus_lcLookaheadLeft": 56.12, "bus_lcPushy": 0.83, "bus_lcSublane": 0.77, "bus_max_v": 8.34, "bus_tau_mean": 2.34, "bus_tau_std": 2.1, "car_acc": 2.34, "car_dcc": 1.69, "car_lcAssertive": 83.72, "car_lcCooperative": 0.13, "car_lcLookaheadLeft": 67.67, "car_lcPushy": 0.84, "car_lcSublane": 0.38, "car_max_v": 23.08, "car_tau_mean": 1.92, "car_tau_std": 8.93}, "datetime": {"datetime": "2024-08-04 13:06:18", "elapsed": 5452.229805, "delta": 10.974391}}
{"target": -0.05490429336393391, "params": {"bus_acc": 2.23, "bus_dcc": 1.34, "bus_lcAssertive": 33.42, "bus_lcCooperative": 0.87, "bus_lcLookaheadLeft": 73.55, "bus_lcPushy": 0.17, "bus_lcSublane": 0.2, "bus_max_v": 22.54, "bus_tau_mean": 1.75, "bus_tau_std": 9.24, "car_acc": 2.53, "car_dcc": 3.55, "car_lcAssertive": 96.45, "car_lcCooperative": 0.85, "car_lcLookaheadLeft": 83.39, "car_lcPushy": 0.74, "car_lcSublane": 0.94, "car_max_v": 27.38, "car_tau_mean": 1.1, "car_tau_std": 5.93}, "datetime": {"datetime": "2024-08-04 13:06:22", "elapsed": 5456.42417, "delta": 4.194365}}
