{"target": -0.06501816606265493, "params": {"bus_acc": 2.6480197408246378, "bus_dcc": 2.8794884758728814, "bus_lcAssertive": 15.198881818354247, "bus_lcCooperative": 0.07838689985494796, "bus_lcLookaheadLeft": 3.7965990054747145, "bus_lcPushy": 0.06672499763935646, "bus_lcSublane": 0.4585838137084318, "bus_tau_mean": 0.8966967296865667, "bus_tau_std": 0.27783348848669953, "bus_v_mean": 20.07778370224748, "bus_v_std": 3.948504804606394, "car_acc": 2.4938769912150502, "car_dcc": 2.357214480239355, "car_lcAssertive": 45.55858795307535, "car_lcCooperative": 0.47807250671783097, "car_lcLookaheadLeft": 48.452384803095015, "car_lcPushy": 0.8031633421141696, "car_lcSublane": 0.40239251985773583, "car_tau_mean": 3.666401561202681, "car_tau_std": 0.37061047954035864, "car_v_mean": 20.3819894835267, "car_v_std": 1.2564138113773882}, "datetime": {"datetime": "2024-08-05 18:22:28", "elapsed": 0.0, "delta": 0.0}}
{"target": -0.06566576336030382, "params": {"bus_acc": 2.6174306963705796, "bus_dcc": 3.7010200135319855, "bus_lcAssertive": 2.1473693515796235, "bus_lcCooperative": 0.37976443303399476, "bus_lcLookaheadLeft": 25.08115174776719, "bus_lcPushy": 0.2959350518874113, "bus_lcSublane": 0.7379954964038409, "bus_tau_mean": 3.0342969570242593, "bus_tau_std": 4.6179941019906146, "bus_v_mean": 13.8443913793135, "bus_v_std": 5.8469161300452575, "car_acc": 2.0674155092685527, "car_dcc": 2.651738677023586, "car_lcAssertive": 61.93223004035112, "car_lcCooperative": 0.39564827226754884, "car_lcLookaheadLeft": 77.62841127671491, "car_lcPushy": 0.2512031833493866, "car_lcSublane": 0.655760767903366, "car_tau_mean": 3.8613900187700634, "car_tau_std": 0.03554760464426043, "car_v_mean": 19.5737767103089, "car_v_std": 1.0899503392964371}, "datetime": {"datetime": "2024-08-05 18:22:44", "elapsed": 16.023616, "delta": 16.023616}}
{"target": -0.06560284953836006, "params": {"bus_acc": 1.5073716137753603, "bus_dcc": 1.558467009209992, "bus_lcAssertive": 47.71008721102208, "bus_lcCooperative": 0.9818244178252573, "bus_lcLookaheadLeft": 15.024811290859054, "bus_lcPushy": 0.28346243242805713, "bus_lcSublane": 0.800641174283456, "bus_tau_mean": 2.826719144787642, "bus_tau_std": 2.7875840869343707, "bus_v_mean": 13.03436170840179, "bus_v_std": 4.199482544019291, "car_acc": 2.205573524484592, "car_dcc": 3.1580163016632263, "car_lcAssertive": 85.87273301167184, "car_lcCooperative": 0.6811114704584097, "car_lcLookaheadLeft": 25.224242318226437, "car_lcPushy": 0.92572053533626, "car_lcSublane": 0.7811954006757661, "car_tau_mean": 1.575835181497455, "car_tau_std": 3.049656416420632, "car_v_mean": 22.098693094862476, "car_v_std": 1.260784803971985}, "datetime": {"datetime": "2024-08-05 18:22:56", "elapsed": 28.159322, "delta": 12.135706}}
{"target": -0.07576951123278265, "params": {"bus_acc": 1.9034662973829506, "bus_dcc": 2.1263044995035734, "bus_lcAssertive": 97.55965339275836, "bus_lcCooperative": 0.1679832931996149, "bus_lcLookaheadLeft": 97.33318400940021, "bus_lcPushy": 0.7674748688630131, "bus_lcSublane": 0.8242378396244978, "bus_tau_mean": 2.7141553587229903, "bus_tau_std": 6.6873277020673205, "bus_v_mean": 15.630117336339094, "bus_v_std": 0.13136356923072245, "car_acc": 1.7060121710836496, "car_dcc": 2.4762154044806755, "car_lcAssertive": 73.27902989792032, "car_lcCooperative": 0.4686283427461092, "car_lcLookaheadLeft": 46.825681776764306, "car_lcPushy": 0.13766274094560316, "car_lcSublane": 0.01088873380347899, "car_tau_mean": 3.1539739116694867, "car_tau_std": 3.199528380776784, "car_v_mean": 23.75013520309617, "car_v_std": 2.2023422615915598}, "datetime": {"datetime": "2024-08-05 18:23:04", "elapsed": 36.014952, "delta": 7.85563}}
{"target": -0.06222869084469096, "params": {"bus_acc": 1.3196673006881867, "bus_dcc": 1.6078063756589878, "bus_lcAssertive": 43.686993760876724, "bus_lcCooperative": 0.40420190577514725, "bus_lcLookaheadLeft": 16.381645114900824, "bus_lcPushy": 0.7293189193611234, "bus_lcSublane": 0.18874506687718595, "bus_tau_mean": 2.75363475509082, "bus_tau_std": 7.543059505762987, "bus_v_mean": 11.371718273333132, "bus_v_std": 6.0095424810764, "car_acc": 2.497856750491673, "car_dcc": 2.9146561318610003, "car_lcAssertive": 60.115602991718255, "car_lcCooperative": 0.29548228565549706, "car_lcLookaheadLeft": 73.69743418166786, "car_lcPushy": 0.9453084399999497, "car_lcSublane": 0.42556139026154693, "car_tau_mean": 3.2376363589099184, "car_tau_std": 0.561410396619153, "car_v_mean": 21.364345639839456, "car_v_std": 1.922500168221477}, "datetime": {"datetime": "2024-08-05 18:23:06", "elapsed": 38.271316, "delta": 2.256364}}
{"target": -0.06539906931424425, "params": {"bus_acc": 1.2890910802493196, "bus_dcc": 3.2545834514057317, "bus_lcAssertive": 22.982864840192345, "bus_lcCooperative": 0.519351824366033, "bus_lcLookaheadLeft": 78.95901076571866, "bus_lcPushy": 0.02233042799180618, "bus_lcSublane": 0.3243624597261865, "bus_tau_mean": 3.5552283174003887, "bus_tau_std": 8.447096076020696, "bus_v_mean": 16.6150494815127, "bus_v_std": 8.66608274166513, "car_acc": 2.899611982707253, "car_dcc": 3.479220992888024, "car_lcAssertive": 85.55742893981733, "car_lcCooperative": 0.09874340182034835, "car_lcLookaheadLeft": 65.82782456941712, "car_lcPushy": 0.703516988152653, "car_lcSublane": 0.6102408126466297, "car_tau_mean": 3.2986534160760983, "car_tau_std": 0.3457121987163425, "car_v_mean": 20.32381975287968, "car_v_std": 7.3172860073952695}, "datetime": {"datetime": "2024-08-05 18:23:10", "elapsed": 41.779038, "delta": 3.507722}}
{"target": -0.06452603533304944, "params": {"bus_acc": 2.660799140074679, "bus_dcc": 2.947462591337434, "bus_lcAssertive": 67.69614396596454, "bus_lcCooperative": 0.5784995797892005, "bus_lcLookaheadLeft": 28.86373796635151, "bus_lcPushy": 0.5605299905360588, "bus_lcSublane": 0.6717297848174203, "bus_tau_mean": 1.733503705757431, "bus_tau_std": 8.558283672539277, "bus_v_mean": 11.120599776139317, "bus_v_std": 7.473208103319232, "car_acc": 1.5792054923737548, "car_dcc": 3.321397861732546, "car_lcAssertive": 43.34599560427154, "car_lcCooperative": 0.8076984091122095, "car_lcLookaheadLeft": 36.64641654146306, "car_lcPushy": 0.21369323762958115, "car_lcSublane": 0.7672845084217665, "car_tau_mean": 1.580246816707279, "car_tau_std": 7.332450677264275, "car_v_mean": 19.911570449243712, "car_v_std": 2.213967009082011}, "datetime": {"datetime": "2024-08-05 18:23:12", "elapsed": 44.043055, "delta": 2.264017}}
{"target": -0.05305999289117022, "params": {"bus_acc": 1.7182386778482215, "bus_dcc": 1.2259326179074534, "bus_lcAssertive": 43.146716786526504, "bus_lcCooperative": 0.6020078384720013, "bus_lcLookaheadLeft": 43.68953962641248, "bus_lcPushy": 0.81072123360737, "bus_lcSublane": 0.9418862461867052, "bus_tau_mean": 3.5446877064392406, "bus_tau_std": 7.039994982798885, "bus_v_mean": 15.524782796514804, "bus_v_std": 6.826980429032513, "car_acc": 1.026836621113059, "car_dcc": 3.9474343555061315, "car_lcAssertive": 18.0356558510607, "car_lcCooperative": 0.9062603959616818, "car_lcLookaheadLeft": 81.0967703632784, "car_lcPushy": 0.8001396843869877, "car_lcSublane": 0.2689360577850649, "car_tau_mean": 1.2670383201504032, "car_tau_std": 4.288006929140887, "car_v_mean": 21.58993761169048, "car_v_std": 4.503796424717202}, "datetime": {"datetime": "2024-08-05 18:23:13", "elapsed": 45.353746, "delta": 1.310691}}
{"target": -0.07290781137402287, "params": {"bus_acc": 1.7620322481244284, "bus_dcc": 3.2495749321784304, "bus_lcAssertive": 51.603006351415694, "bus_lcCooperative": 0.5409518049621886, "bus_lcLookaheadLeft": 96.02456346405174, "bus_lcPushy": 0.8039608914986468, "bus_lcSublane": 0.03232306662357398, "bus_tau_mean": 2.982855379309533, "bus_tau_std": 4.6500148156350605, "bus_v_mean": 23.1607830623216, "bus_v_std": 2.214327343234883, "car_acc": 1.5341440393687316, "car_dcc": 1.244421894631786, "car_lcAssertive": 43.43326403771486, "car_lcCooperative": 0.10901876401906829, "car_lcLookaheadLeft": 64.11110253996796, "car_lcPushy": 0.8029632373737379, "car_lcSublane": 0.6968004961201785, "car_tau_mean": 3.1817398337651968, "car_tau_std": 3.424541198435198, "car_v_mean": 21.53362372844284, "car_v_std": 4.287687749994426}, "datetime": {"datetime": "2024-08-05 18:23:13", "elapsed": 45.694618, "delta": 0.340872}}
{"target": -0.07122085528410399, "params": {"bus_acc": 2.4655397065227334, "bus_dcc": 2.321013480389313, "bus_lcAssertive": 66.65252546531458, "bus_lcCooperative": 0.23890995487021205, "bus_lcLookaheadLeft": 99.86271068147504, "bus_lcPushy": 0.24287852161976753, "bus_lcSublane": 0.9408284143815248, "bus_tau_mean": 1.2602691263685628, "bus_tau_std": 4.975643846050675, "bus_v_mean": 21.138831438283773, "bus_v_std": 7.165880467947342, "car_acc": 2.411160824241338, "car_dcc": 2.321321679927154, "car_lcAssertive": 75.66332752006078, "car_lcCooperative": 0.9199535770148588, "car_lcLookaheadLeft": 45.25247104095211, "car_lcPushy": 0.5279654841547008, "car_lcSublane": 0.06603558401663734, "car_tau_mean": 1.8677057578474243, "car_tau_std": 4.672385663332459, "car_v_mean": 22.322203372857174, "car_v_std": 1.1055744025544123}, "datetime": {"datetime": "2024-08-05 18:23:16", "elapsed": 48.439946, "delta": 2.745328}}
{"target": -0.06911988805677467, "params": {"bus_acc": 1.5114903876118624, "bus_dcc": 3.408068558899896, "bus_lcAssertive": 48.308338438789896, "bus_lcCooperative": 0.13433860865569613, "bus_lcLookaheadLeft": 92.92920129685106, "bus_lcPushy": 0.8959699670066484, "bus_lcSublane": 0.49154515001693533, "bus_tau_mean": 3.4984587378122725, "bus_tau_std": 4.185780257640986, "bus_v_mean": 18.935438402660818, "bus_v_std": 3.9799063940792245, "car_acc": 2.0114840349016205, "car_dcc": 1.568655108501782, "car_lcAssertive": 96.53390348698048, "car_lcCooperative": 0.2942156882442547, "car_lcLookaheadLeft": 12.139036499407332, "car_lcPushy": 0.1443154002290481, "car_lcSublane": 0.014092294192442956, "car_tau_mean": 3.005809948118381, "car_tau_std": 5.644983202408741, "car_v_mean": 20.713253618956035, "car_v_std": 5.070799232841364}, "datetime": {"datetime": "2024-08-05 18:23:19", "elapsed": 51.504105, "delta": 3.064159}}
{"target": -0.05757139481864307, "params": {"bus_acc": 2.533724752653084, "bus_dcc": 2.9028422583216202, "bus_lcAssertive": 47.28745525346862, "bus_lcCooperative": 0.6669425431939752, "bus_lcLookaheadLeft": 46.43098779917544, "bus_lcPushy": 0.5257115913414097, "bus_lcSublane": 0.6585680415583619, "bus_tau_mean": 1.1341838368385158, "bus_tau_std": 7.880495511723071, "bus_v_mean": 17.645845400614355, "bus_v_std": 9.803328851373278, "car_acc": 1.4447663870623515, "car_dcc": 2.3987994224997204, "car_lcAssertive": 89.6685384573452, "car_lcCooperative": 0.6014334096987881, "car_lcLookaheadLeft": 73.14396689318387, "car_lcPushy": 0.41367016420136027, "car_lcSublane": 0.6843096218313198, "car_tau_mean": 3.8111926044664712, "car_tau_std": 2.0018606573932205, "car_v_mean": 20.917844222037125, "car_v_std": 9.695380120998964}, "datetime": {"datetime": "2024-08-05 18:23:22", "elapsed": 53.827331, "delta": 2.323226}}
{"target": -0.05805599659913745, "params": {"bus_acc": 2.067298152167462, "bus_dcc": 3.218163362039146, "bus_lcAssertive": 52.023975621169015, "bus_lcCooperative": 0.39994592398513173, "bus_lcLookaheadLeft": 98.65218467875691, "bus_lcPushy": 0.02824262016291268, "bus_lcSublane": 0.9327639079648583, "bus_tau_mean": 3.757992387159888, "bus_tau_std": 3.9091871150145807, "bus_v_mean": 11.431437938133117, "bus_v_std": 6.19213297933239, "car_acc": 1.3559446709403389, "car_dcc": 3.409624582984025, "car_lcAssertive": 26.139451731895786, "car_lcCooperative": 0.2908061550326779, "car_lcLookaheadLeft": 91.75974742097578, "car_lcPushy": 0.902916833474409, "car_lcSublane": 0.5353808917305217, "car_tau_mean": 3.5199364320251547, "car_tau_std": 3.525325688050618, "car_v_mean": 23.966148451598436, "car_v_std": 4.33689739404977}, "datetime": {"datetime": "2024-08-05 18:23:22", "elapsed": 54.09411, "delta": 0.266779}}
{"target": -0.0554673861530983, "params": {"bus_acc": 1.3851120419101368, "bus_dcc": 3.2587777449398265, "bus_lcAssertive": 1.724577963458516, "bus_lcCooperative": 0.32825610365078084, "bus_lcLookaheadLeft": 91.92542206915053, "bus_lcPushy": 0.5883673328938768, "bus_lcSublane": 0.8551902839041353, "bus_tau_mean": 2.616352183222157, "bus_tau_std": 8.22578152523871, "bus_v_mean": 22.07173637486907, "bus_v_std": 3.209863745244532, "car_acc": 1.245909543104357, "car_dcc": 3.1639100325597127, "car_lcAssertive": 44.594361596292586, "car_lcCooperative": 0.1267357091420086, "car_lcLookaheadLeft": 59.80271751476914, "car_lcPushy": 0.03606831456985993, "car_lcSublane": 0.20018211641098693, "car_tau_mean": 3.259054163837891, "car_tau_std": 0.12096760015357866, "car_v_mean": 12.853530747337105, "car_v_std": 0.21375961088070716}, "datetime": {"datetime": "2024-08-05 18:23:22", "elapsed": 54.395285, "delta": 0.301175}}
{"target": -0.059535695304435615, "params": {"bus_acc": 2.181093044487134, "bus_dcc": 2.1416022316289203, "bus_lcAssertive": 70.5497803621787, "bus_lcCooperative": 0.4961239512498611, "bus_lcLookaheadLeft": 64.0545080490348, "bus_lcPushy": 0.3533943470016294, "bus_lcSublane": 0.28704394615550866, "bus_tau_mean": 0.9662248981288568, "bus_tau_std": 9.370803847989643, "bus_v_mean": 20.877373536252712, "bus_v_std": 9.380285431563525, "car_acc": 1.3707610492956046, "car_dcc": 3.7994672884696765, "car_lcAssertive": 93.63956756152118, "car_lcCooperative": 0.2835445136036545, "car_lcLookaheadLeft": 28.914156345538572, "car_lcPushy": 0.5514315736733725, "car_lcSublane": 0.18528923936855235, "car_tau_mean": 2.0473538871936805, "car_tau_std": 1.853176459376844, "car_v_mean": 23.158014687263346, "car_v_std": 4.938246574910856}, "datetime": {"datetime": "2024-08-05 18:23:24", "elapsed": 56.274668, "delta": 1.879383}}
{"target": -0.05888883755876328, "params": {"bus_acc": 2.0558079568162535, "bus_dcc": 3.2202326294772146, "bus_lcAssertive": 15.843217006808338, "bus_lcCooperative": 0.5510871741869717, "bus_lcLookaheadLeft": 23.22848641622038, "bus_lcPushy": 0.7591960493171447, "bus_lcSublane": 0.7229151935562137, "bus_tau_mean": 1.1179216199697906, "bus_tau_std": 8.619665576670734, "bus_v_mean": 8.316401592261508, "bus_v_std": 8.602369974231152, "car_acc": 2.1178076223218767, "car_dcc": 2.2096614163175476, "car_lcAssertive": 76.11594617121132, "car_lcCooperative": 0.7169290016924699, "car_lcLookaheadLeft": 98.7579651312258, "car_lcPushy": 0.2780850486129828, "car_lcSublane": 0.0037936724093425855, "car_tau_mean": 3.768659129102107, "car_tau_std": 8.578971045378939, "car_v_mean": 19.661614040308095, "car_v_std": 5.166887829215384}, "datetime": {"datetime": "2024-08-05 18:23:25", "elapsed": 57.282919, "delta": 1.008251}}
{"target": -0.056823617988553704, "params": {"bus_acc": 2.249642588370998, "bus_dcc": 3.5651251640420543, "bus_lcAssertive": 28.9318053920812, "bus_lcCooperative": 0.8837555081806009, "bus_lcLookaheadLeft": 57.63365235167663, "bus_lcPushy": 0.11510304096690338, "bus_lcSublane": 0.22700116521465796, "bus_tau_mean": 2.585938349645548, "bus_tau_std": 2.3944623690468037, "bus_v_mean": 10.102650568599369, "bus_v_std": 1.6184771412383514, "car_acc": 2.689745036471478, "car_dcc": 2.8065509616781323, "car_lcAssertive": 96.39314163164585, "car_lcCooperative": 0.34567921329602547, "car_lcLookaheadLeft": 60.37125961722507, "car_lcPushy": 0.5989852889734197, "car_lcSublane": 0.6157042872039488, "car_tau_mean": 0.7071202251500284, "car_tau_std": 7.503171845746859, "car_v_mean": 23.171351971002004, "car_v_std": 5.3467905717958875}, "datetime": {"datetime": "2024-08-05 18:23:25", "elapsed": 57.690495, "delta": 0.407576}}
{"target": -0.06146865744727678, "params": {"bus_acc": 2.2171308739471174, "bus_dcc": 1.754978752456971, "bus_lcAssertive": 30.316862426094534, "bus_lcCooperative": 0.5329225590316532, "bus_lcLookaheadLeft": 96.28366485901516, "bus_lcPushy": 0.18449560449017766, "bus_lcSublane": 0.509898378143109, "bus_tau_mean": 1.7032583620289554, "bus_tau_std": 7.697253449571857, "bus_v_mean": 20.845863782918784, "bus_v_std": 4.245599103022166, "car_acc": 1.4082449999886717, "car_dcc": 1.201268380986566, "car_lcAssertive": 20.666178177635587, "car_lcCooperative": 0.2724008501293822, "car_lcLookaheadLeft": 60.68131395510262, "car_lcPushy": 0.8730834972744356, "car_lcSublane": 0.1282309388454863, "car_tau_mean": 3.853660596002136, "car_tau_std": 6.831708438541465, "car_v_mean": 19.871427770854083, "car_v_std": 9.828807859209906}, "datetime": {"datetime": "2024-08-05 18:23:26", "elapsed": 58.540035, "delta": 0.84954}}
{"target": -0.07356825192061271, "params": {"bus_acc": 1.9230425064942291, "bus_dcc": 1.843903817610434, "bus_lcAssertive": 3.8676524316119494, "bus_lcCooperative": 0.8846818943092944, "bus_lcLookaheadLeft": 77.55852507955886, "bus_lcPushy": 0.32973507924426093, "bus_lcSublane": 0.796558587536711, "bus_tau_mean": 1.6362341277104882, "bus_tau_std": 3.0788244381764676, "bus_v_mean": 22.84974525601162, "bus_v_std": 9.769161619458501, "car_acc": 2.0471106094337856, "car_dcc": 3.8558055027037748, "car_lcAssertive": 88.91165289871999, "car_lcCooperative": 0.5180325615944087, "car_lcLookaheadLeft": 38.52938260555359, "car_lcPushy": 0.7103545783196094, "car_lcSublane": 0.455643424642054, "car_tau_mean": 2.618245132931245, "car_tau_std": 9.904061968899466, "car_v_mean": 20.382659999303495, "car_v_std": 3.3427640499382627}, "datetime": {"datetime": "2024-08-05 18:23:28", "elapsed": 60.210832, "delta": 1.670797}}
{"target": -0.07153643910794018, "params": {"bus_acc": 2.2335567140033152, "bus_dcc": 3.8470489620628494, "bus_lcAssertive": 95.06743580546089, "bus_lcCooperative": 0.5566531881951564, "bus_lcLookaheadLeft": 91.7294222770949, "bus_lcPushy": 0.6415662089463375, "bus_lcSublane": 0.39000771414124624, "bus_tau_mean": 2.2009673348391843, "bus_tau_std": 6.0431048291997325, "bus_v_mean": 16.792766744137, "bus_v_std": 9.261814267064537, "car_acc": 2.837466871267212, "car_dcc": 2.1846268387706647, "car_lcAssertive": 96.36299031563047, "car_lcCooperative": 0.17395566668046436, "car_lcLookaheadLeft": 14.380292905084458, "car_lcPushy": 0.13507915804673132, "car_lcSublane": 0.5056621656768967, "car_tau_mean": 0.575336818459693, "car_tau_std": 9.47970211217681, "car_v_mean": 21.23384753873172, "car_v_std": 0.1501898074212238}, "datetime": {"datetime": "2024-08-05 18:23:28", "elapsed": 60.575214, "delta": 0.364382}}
{"target": -0.056889015762377225, "params": {"bus_acc": 2.4058634642287426, "bus_dcc": 1.554805067120205, "bus_lcAssertive": 57.00748251629707, "bus_lcCooperative": 0.9088080323000569, "bus_lcLookaheadLeft": 16.767619240330575, "bus_lcPushy": 0.8455176755307064, "bus_lcSublane": 0.8202024663153499, "bus_tau_mean": 2.2476938545424208, "bus_tau_std": 0.375838514857032, "bus_v_mean": 10.360040086350967, "bus_v_std": 9.226386946886713, "car_acc": 1.088309592063725, "car_dcc": 2.1174962992160786, "car_lcAssertive": 62.284923837821616, "car_lcCooperative": 0.1969480389140167, "car_lcLookaheadLeft": 98.14581620954914, "car_lcPushy": 0.15597523304342242, "car_lcSublane": 0.5396791951612744, "car_tau_mean": 2.663039635213256, "car_tau_std": 2.309899486697039, "car_v_mean": 15.460943827349462, "car_v_std": 4.910085291329293}, "datetime": {"datetime": "2024-08-05 18:23:29", "elapsed": 60.971792, "delta": 0.396578}}
{"target": -0.06793344588998246, "params": {"bus_acc": 2.209853745948563, "bus_dcc": 3.1971246975379914, "bus_lcAssertive": 26.090465207478296, "bus_lcCooperative": 0.6004889552745444, "bus_lcLookaheadLeft": 81.83267976364222, "bus_lcPushy": 0.05411366032399989, "bus_lcSublane": 0.13051067133926597, "bus_tau_mean": 3.4485603348474476, "bus_tau_std": 6.183458693278855, "bus_v_mean": 16.50060496769693, "bus_v_std": 2.482907289970986, "car_acc": 1.5901571504989918, "car_dcc": 3.618058494758386, "car_lcAssertive": 42.74492755012122, "car_lcCooperative": 0.0644302555796068, "car_lcLookaheadLeft": 89.90453681174309, "car_lcPushy": 0.20338083282405106, "car_lcSublane": 0.8262275354923914, "car_tau_mean": 3.5861971807898256, "car_tau_std": 4.867507448183382, "car_v_mean": 17.57543508967418, "car_v_std": 5.272674564854169}, "datetime": {"datetime": "2024-08-05 18:23:29", "elapsed": 61.45078, "delta": 0.478988}}
{"target": -0.06279875549382344, "params": {"bus_acc": 1.367906883094444, "bus_dcc": 2.3885173561247797, "bus_lcAssertive": 43.46430106896039, "bus_lcCooperative": 0.4972891859195163, "bus_lcLookaheadLeft": 17.828055507629166, "bus_lcPushy": 0.34244064113481054, "bus_lcSublane": 0.2618804041035202, "bus_tau_mean": 3.4558443013031765, "bus_tau_std": 8.003322457764018, "bus_v_mean": 14.826226532290297, "bus_v_std": 6.070154607890389, "car_acc": 1.29093122053244, "car_dcc": 2.528839882652676, "car_lcAssertive": 30.39776149290355, "car_lcCooperative": 0.8596509535692011, "car_lcLookaheadLeft": 67.81664132882621, "car_lcPushy": 0.633474012622421, "car_lcSublane": 0.12475130006917923, "car_tau_mean": 2.1470575782461, "car_tau_std": 9.865727795868814, "car_v_mean": 23.172786785162643, "car_v_std": 6.450856402604436}, "datetime": {"datetime": "2024-08-05 18:23:31", "elapsed": 63.03318, "delta": 1.5824}}
{"target": -0.06180151098128262, "params": {"bus_acc": 2.727658291002904, "bus_dcc": 1.2448719481452044, "bus_lcAssertive": 47.83808333570197, "bus_lcCooperative": 0.12554310980872363, "bus_lcLookaheadLeft": 77.74278901237754, "bus_lcPushy": 0.8414221567958434, "bus_lcSublane": 0.04329093818615859, "bus_tau_mean": 2.202542601096382, "bus_tau_std": 2.3941104413775594, "bus_v_mean": 23.23958050709215, "bus_v_std": 9.438926277837961, "car_acc": 2.2278680047694017, "car_dcc": 3.920462191975589, "car_lcAssertive": 35.141273027908845, "car_lcCooperative": 0.8978507176676818, "car_lcLookaheadLeft": 44.59030739403393, "car_lcPushy": 0.23581463714751372, "car_lcSublane": 0.9408279632013994, "car_tau_mean": 2.894763178441296, "car_tau_std": 0.6491158533912933, "car_v_mean": 21.92679770916906, "car_v_std": 7.013802946333463}, "datetime": {"datetime": "2024-08-05 18:23:33", "elapsed": 64.879211, "delta": 1.846031}}
