{"target": -0.3368437008413205, "params": {"bus_acc": 2.881, "bus_dcc": 3.4775, "bus_lcAssertive": 70.9451, "bus_lcCooperative": 0.6889, "bus_lcLookaheadLeft": 93.5743, "bus_lcPushy": 0.2633, "bus_lcSigma": 0.368, "bus_lcSpeedGainRight": 1.6929, "bus_lcSublane": 0.0757, "bus_sigma": 0.3162, "bus_tau_mean": 1.0955, "bus_tau_std": 2.2501, "bus_v_mean": 12.2859, "bus_v_std": 9.5288, "car_acc": 2.8366, "car_dcc": 1.6894, "car_lcAssertive": 33.8162, "car_lcCooperative": 0.2697, "car_lcLookaheadLeft": 54.5363, "car_lcPushy": 0.8409, "car_lcSigma": 0.875, "car_lcSpeedGainRight": 3.5397, "car_lcSublane": 0.8222, "car_sigma": 0.9993, "car_tau_mean": 3.034, "car_tau_std": 1.2321, "car_v_mean": 19.0389, "car_v_std": 3.1505}, "datetime": {"datetime": "2024-08-08 00:19:33", "elapsed": 992.262828, "delta": 8.872094}}
{"target": -0.369094691865003, "params": {"bus_acc": 2.1936, "bus_dcc": 2.2744, "bus_lcAssertive": 26.3432, "bus_lcCooperative": 0.087, "bus_lcLookaheadLeft": 46.2942, "bus_lcPushy": 0.4294, "bus_lcSigma": 0.2924, "bus_lcSpeedGainRight": 2.653, "bus_lcSublane": 0.261, "bus_sigma": 0.801, "bus_tau_mean": 3.7021, "bus_tau_std": 3.2651, "bus_v_mean": 12.6832, "bus_v_std": 15.157, "car_acc": 2.5333, "car_dcc": 3.5839, "car_lcAssertive": 81.4215, "car_lcCooperative": 0.0998, "car_lcLookaheadLeft": 50.7472, "car_lcPushy": 0.8579, "car_lcSigma": 0.7744, "car_lcSpeedGainRight": 3.0248, "car_lcSublane": 0.7095, "car_sigma": 0.2986, "car_tau_mean": 3.7824, "car_tau_std": 5.0142, "car_v_mean": 14.0365, "car_v_std": 14.72}, "datetime": {"datetime": "2024-08-08 00:19:41", "elapsed": 1001.10197, "delta": 8.839142}}
{"target": -0.3346054725007149, "params": {"bus_acc": 1.0203, "bus_dcc": 1.6983, "bus_lcAssertive": 42.982, "bus_lcCooperative": 0.2403, "bus_lcLookaheadLeft": 96.1258, "bus_lcPushy": 0.045, "bus_lcSigma": 0.8857, "bus_lcSpeedGainRight": 2.5361, "bus_lcSublane": 0.0532, "bus_sigma": 0.5574, "bus_tau_mean": 2.7904, "bus_tau_std": 4.7529, "bus_v_mean": 23.1009, "bus_v_std": 5.5355, "car_acc": 2.3781, "car_dcc": 1.1187, "car_lcAssertive": 29.1096, "car_lcCooperative": 0.0792, "car_lcLookaheadLeft": 21.9925, "car_lcPushy": 0.6276, "car_lcSigma": 0.8401, "car_lcSpeedGainRight": 0.1623, "car_lcSublane": 0.6395, "car_sigma": 0.2531, "car_tau_mean": 3.3043, "car_tau_std": 2.2092, "car_v_mean": 19.3827, "car_v_std": 5.251}, "datetime": {"datetime": "2024-08-08 00:19:47", "elapsed": 1006.726466, "delta": 5.624496}}
{"target": -0.34234815234153326, "params": {"bus_acc": 2.3088, "bus_dcc": 3.8011, "bus_lcAssertive": 48.4887, "bus_lcCooperative": 0.2884, "bus_lcLookaheadLeft": 15.4889, "bus_lcPushy": 0.4867, "bus_lcSigma": 0.9837, "bus_lcSpeedGainRight": 1.8914, "bus_lcSublane": 0.9507, "bus_sigma": 0.2261, "bus_tau_mean": 3.539, "bus_tau_std": 0.7079, "bus_v_mean": 16.5029, "bus_v_std": 12.6263, "car_acc": 2.4287, "car_dcc": 3.0565, "car_lcAssertive": 17.7053, "car_lcCooperative": 0.7327, "car_lcLookaheadLeft": 31.3372, "car_lcPushy": 0.0162, "car_lcSigma": 0.9295, "car_lcSpeedGainRight": 1.2858, "car_lcSublane": 0.6895, "car_sigma": 0.6534, "car_tau_mean": 2.3264, "car_tau_std": 6.373, "car_v_mean": 10.1269, "car_v_std": 6.2668}, "datetime": {"datetime": "2024-08-08 00:19:53", "elapsed": 1012.46972, "delta": 5.743254}}
{"target": -0.3539894178295829, "params": {"bus_acc": 1.4237, "bus_dcc": 3.6045, "bus_lcAssertive": 30.1662, "bus_lcCooperative": 1.0, "bus_lcLookaheadLeft": 46.286, "bus_lcPushy": 0.6966, "bus_lcSigma": 0.32, "bus_lcSpeedGainRight": 2.9199, "bus_lcSublane": 0.3171, "bus_sigma": 0.4977, "bus_tau_mean": 2.0626, "bus_tau_std": 8.3024, "bus_v_mean": 14.4013, "bus_v_std": 16.1241, "car_acc": 1.9228, "car_dcc": 1.5647, "car_lcAssertive": 80.7877, "car_lcCooperative": 0.5209, "car_lcLookaheadLeft": 52.4148, "car_lcPushy": 0.4961, "car_lcSigma": 0.7325, "car_lcSpeedGainRight": 2.7406, "car_lcSublane": 0.3604, "car_sigma": 0.3407, "car_tau_mean": 2.9079, "car_tau_std": 9.9102, "car_v_mean": 9.2682, "car_v_std": 7.9339}, "datetime": {"datetime": "2024-08-08 00:20:00", "elapsed": 1019.823744, "delta": 7.354024}}
{"target": -0.33440513745203554, "params": {"bus_acc": 1.4417, "bus_dcc": 2.4021, "bus_lcAssertive": 18.7547, "bus_lcCooperative": 0.1583, "bus_lcLookaheadLeft": 94.3954, "bus_lcPushy": 0.8142, "bus_lcSigma": 0.476, "bus_lcSpeedGainRight": 2.5463, "bus_lcSublane": 0.4605, "bus_sigma": 0.8949, "bus_tau_mean": 1.9196, "bus_tau_std": 6.1118, "bus_v_mean": 13.8002, "bus_v_std": 19.848, "car_acc": 2.4021, "car_dcc": 1.203, "car_lcAssertive": 74.5237, "car_lcCooperative": 0.113, "car_lcLookaheadLeft": 64.087, "car_lcPushy": 0.4574, "car_lcSigma": 0.7619, "car_lcSpeedGainRight": 1.896, "car_lcSublane": 0.9023, "car_sigma": 0.5368, "car_tau_mean": 1.6854, "car_tau_std": 3.1655, "car_v_mean": 16.4567, "car_v_std": 3.0614}, "datetime": {"datetime": "2024-08-08 00:20:05", "elapsed": 1025.120885, "delta": 5.297141}}
{"target": -0.39159949067198496, "params": {"bus_acc": 2.1789, "bus_dcc": 2.6454, "bus_lcAssertive": 2.4418, "bus_lcCooperative": 0.662, "bus_lcLookaheadLeft": 80.4238, "bus_lcPushy": 0.6306, "bus_lcSigma": 0.24, "bus_lcSpeedGainRight": 2.0311, "bus_lcSublane": 0.0364, "bus_sigma": 0.1461, "bus_tau_mean": 2.2748, "bus_tau_std": 7.6898, "bus_v_mean": 21.1067, "bus_v_std": 11.0681, "car_acc": 1.507, "car_dcc": 1.8763, "car_lcAssertive": 90.1414, "car_lcCooperative": 0.0859, "car_lcLookaheadLeft": 11.2013, "car_lcPushy": 0.0798, "car_lcSigma": 0.0963, "car_lcSpeedGainRight": 4.7625, "car_lcSublane": 0.8952, "car_sigma": 0.9934, "car_tau_mean": 2.2602, "car_tau_std": 6.6076, "car_v_mean": 19.2431, "car_v_std": 19.5114}, "datetime": {"datetime": "2024-08-08 00:20:12", "elapsed": 1032.056429, "delta": 6.935544}}
{"target": -0.3201553915694966, "params": {"bus_acc": 2.5186, "bus_dcc": 2.7625, "bus_lcAssertive": 99.6808, "bus_lcCooperative": 0.2784, "bus_lcLookaheadLeft": 71.9329, "bus_lcPushy": 0.3458, "bus_lcSigma": 0.8161, "bus_lcSpeedGainRight": 0.055, "bus_lcSublane": 0.4102, "bus_sigma": 0.1903, "bus_tau_mean": 1.5732, "bus_tau_std": 2.863, "bus_v_mean": 16.5978, "bus_v_std": 5.4405, "car_acc": 1.9431, "car_dcc": 3.7601, "car_lcAssertive": 59.4446, "car_lcCooperative": 0.709, "car_lcLookaheadLeft": 64.2606, "car_lcPushy": 0.9759, "car_lcSigma": 0.049, "car_lcSpeedGainRight": 2.115, "car_lcSublane": 0.2927, "car_sigma": 0.5824, "car_tau_mean": 2.223, "car_tau_std": 3.9399, "car_v_mean": 13.0656, "car_v_std": 14.6712}, "datetime": {"datetime": "2024-08-08 00:20:19", "elapsed": 1038.303852, "delta": 6.247423}}
{"target": -0.29323931118362434, "params": {"bus_acc": 1.909, "bus_dcc": 1.0544, "bus_lcAssertive": 14.0366, "bus_lcCooperative": 0.9467, "bus_lcLookaheadLeft": 82.3378, "bus_lcPushy": 0.6379, "bus_lcSigma": 0.8394, "bus_lcSpeedGainRight": 1.6182, "bus_lcSublane": 0.2117, "bus_sigma": 0.7099, "bus_tau_mean": 2.332, "bus_tau_std": 6.0498, "bus_v_mean": 15.2896, "bus_v_std": 12.9014, "car_acc": 1.2119, "car_dcc": 1.6535, "car_lcAssertive": 63.0897, "car_lcCooperative": 0.4702, "car_lcLookaheadLeft": 83.2052, "car_lcPushy": 0.6439, "car_lcSigma": 0.1089, "car_lcSpeedGainRight": 1.9534, "car_lcSublane": 0.7073, "car_sigma": 0.8857, "car_tau_mean": 1.7155, "car_tau_std": 9.0762, "car_v_mean": 13.3003, "car_v_std": 4.4053}, "datetime": {"datetime": "2024-08-08 00:20:24", "elapsed": 1043.701373, "delta": 5.397521}}
{"target": -0.35803208358971206, "params": {"bus_acc": 1.3224, "bus_dcc": 2.7471, "bus_lcAssertive": 35.302, "bus_lcCooperative": 0.6533, "bus_lcLookaheadLeft": 30.2336, "bus_lcPushy": 0.9494, "bus_lcSigma": 0.2468, "bus_lcSpeedGainRight": 1.9895, "bus_lcSublane": 0.5726, "bus_sigma": 0.1505, "bus_tau_mean": 2.4634, "bus_tau_std": 4.6796, "bus_v_mean": 13.5475, "bus_v_std": 1.0091, "car_acc": 2.0447, "car_dcc": 3.109, "car_lcAssertive": 22.278, "car_lcCooperative": 0.1663, "car_lcLookaheadLeft": 86.5695, "car_lcPushy": 0.7053, "car_lcSigma": 0.2416, "car_lcSpeedGainRight": 3.3148, "car_lcSublane": 0.9841, "car_sigma": 0.4288, "car_tau_mean": 2.7239, "car_tau_std": 2.5069, "car_v_mean": 11.896, "car_v_std": 2.944}, "datetime": {"datetime": "2024-08-08 00:20:30", "elapsed": 1049.97193, "delta": 6.270557}}
{"target": -0.3680965595045222, "params": {"bus_acc": 2.5321, "bus_dcc": 3.7456, "bus_lcAssertive": 22.1981, "bus_lcCooperative": 0.9545, "bus_lcLookaheadLeft": 56.6253, "bus_lcPushy": 0.625, "bus_lcSigma": 0.6305, "bus_lcSpeedGainRight": 2.6238, "bus_lcSublane": 0.6667, "bus_sigma": 0.5409, "bus_tau_mean": 3.0891, "bus_tau_std": 3.6154, "bus_v_mean": 23.69, "bus_v_std": 16.072, "car_acc": 1.9086, "car_dcc": 2.2987, "car_lcAssertive": 40.5496, "car_lcCooperative": 0.129, "car_lcLookaheadLeft": 8.4086, "car_lcPushy": 0.1004, "car_lcSigma": 0.6753, "car_lcSpeedGainRight": 3.0072, "car_lcSublane": 0.3831, "car_sigma": 0.5697, "car_tau_mean": 3.8302, "car_tau_std": 6.237, "car_v_mean": 19.0922, "car_v_std": 19.5382}, "datetime": {"datetime": "2024-08-08 00:20:36", "elapsed": 1055.267639, "delta": 5.295709}}
{"target": -0.34731363372797475, "params": {"bus_acc": 1.5431, "bus_dcc": 3.0526, "bus_lcAssertive": 36.7272, "bus_lcCooperative": 0.6562, "bus_lcLookaheadLeft": 56.3638, "bus_lcPushy": 0.4811, "bus_lcSigma": 0.3188, "bus_lcSpeedGainRight": 3.0686, "bus_lcSublane": 0.4167, "bus_sigma": 0.3884, "bus_tau_mean": 1.6473, "bus_tau_std": 7.2656, "bus_v_mean": 15.4027, "bus_v_std": 15.9297, "car_acc": 1.7514, "car_dcc": 1.7123, "car_lcAssertive": 83.1435, "car_lcCooperative": 0.2106, "car_lcLookaheadLeft": 50.2471, "car_lcPushy": 0.55, "car_lcSigma": 0.7786, "car_lcSpeedGainRight": 2.6436, "car_lcSublane": 0.4232, "car_sigma": 0.3713, "car_tau_mean": 3.1632, "car_tau_std": 8.0435, "car_v_mean": 10.8325, "car_v_std": 11.0213}, "datetime": {"datetime": "2024-08-08 00:20:41", "elapsed": 1060.404268, "delta": 5.136629}}
{"target": -0.40268838567955967, "params": {"bus_acc": 2.6112, "bus_dcc": 1.6376, "bus_lcAssertive": 63.8542, "bus_lcCooperative": 0.7173, "bus_lcLookaheadLeft": 16.8456, "bus_lcPushy": 0.7088, "bus_lcSigma": 0.1443, "bus_lcSpeedGainRight": 3.2717, "bus_lcSublane": 0.9705, "bus_sigma": 0.1592, "bus_tau_mean": 2.6455, "bus_tau_std": 3.0829, "bus_v_mean": 18.0055, "bus_v_std": 10.058, "car_acc": 2.544, "car_dcc": 3.4561, "car_lcAssertive": 42.196, "car_lcCooperative": 0.2638, "car_lcLookaheadLeft": 51.8554, "car_lcPushy": 0.7457, "car_lcSigma": 0.8345, "car_lcSpeedGainRight": 4.8225, "car_lcSublane": 0.4892, "car_sigma": 0.3305, "car_tau_mean": 1.0521, "car_tau_std": 1.4635, "car_v_mean": 14.173, "car_v_std": 5.5901}, "datetime": {"datetime": "2024-08-08 00:20:46", "elapsed": 1065.869277, "delta": 5.465009}}
{"target": -0.3401354534767729, "params": {"bus_acc": 1.4736, "bus_dcc": 3.2856, "bus_lcAssertive": 90.9965, "bus_lcCooperative": 0.2954, "bus_lcLookaheadLeft": 70.7537, "bus_lcPushy": 0.5765, "bus_lcSigma": 0.6592, "bus_lcSpeedGainRight": 2.2636, "bus_lcSublane": 0.7233, "bus_sigma": 0.829, "bus_tau_mean": 2.7147, "bus_tau_std": 6.7163, "bus_v_mean": 14.2571, "bus_v_std": 6.5011, "car_acc": 2.0211, "car_dcc": 1.3126, "car_lcAssertive": 71.9082, "car_lcCooperative": 0.5503, "car_lcLookaheadLeft": 49.9506, "car_lcPushy": 0.5322, "car_lcSigma": 0.5596, "car_lcSpeedGainRight": 1.2156, "car_lcSublane": 0.755, "car_sigma": 0.7125, "car_tau_mean": 1.491, "car_tau_std": 2.9852, "car_v_mean": 13.7371, "car_v_std": 16.9643}, "datetime": {"datetime": "2024-08-08 00:20:53", "elapsed": 1072.930572, "delta": 7.061295}}
{"target": -0.37108733339132116, "params": {"bus_acc": 1.3823, "bus_dcc": 2.4567, "bus_lcAssertive": 67.701, "bus_lcCooperative": 0.4165, "bus_lcLookaheadLeft": 60.0721, "bus_lcPushy": 0.9057, "bus_lcSigma": 0.3925, "bus_lcSpeedGainRight": 2.7593, "bus_lcSublane": 0.3171, "bus_sigma": 0.5254, "bus_tau_mean": 0.6655, "bus_tau_std": 2.1468, "bus_v_mean": 16.2076, "bus_v_std": 3.9298, "car_acc": 2.1022, "car_dcc": 3.12, "car_lcAssertive": 97.78, "car_lcCooperative": 0.2422, "car_lcLookaheadLeft": 44.1, "car_lcPushy": 0.4798, "car_lcSigma": 0.4823, "car_lcSpeedGainRight": 2.9439, "car_lcSublane": 0.6023, "car_sigma": 0.502, "car_tau_mean": 2.6737, "car_tau_std": 5.6981, "car_v_mean": 20.2725, "car_v_std": 14.6044}, "datetime": {"datetime": "2024-08-08 00:21:00", "elapsed": 1079.748235, "delta": 6.817663}}
{"target": -0.3449532037347449, "params": {"bus_acc": 1.1272, "bus_dcc": 2.1132, "bus_lcAssertive": 96.8278, "bus_lcCooperative": 0.1303, "bus_lcLookaheadLeft": 67.417, "bus_lcPushy": 0.885, "bus_lcSigma": 0.5107, "bus_lcSpeedGainRight": 3.9176, "bus_lcSublane": 0.7598, "bus_sigma": 0.9408, "bus_tau_mean": 1.9769, "bus_tau_std": 5.8185, "bus_v_mean": 14.3876, "bus_v_std": 3.0378, "car_acc": 2.8425, "car_dcc": 3.0057, "car_lcAssertive": 56.0927, "car_lcCooperative": 0.3121, "car_lcLookaheadLeft": 63.4323, "car_lcPushy": 0.5281, "car_lcSigma": 0.1619, "car_lcSpeedGainRight": 3.9747, "car_lcSublane": 0.948, "car_sigma": 0.4301, "car_tau_mean": 2.796, "car_tau_std": 1.2511, "car_v_mean": 15.8745, "car_v_std": 13.9207}, "datetime": {"datetime": "2024-08-08 00:21:04", "elapsed": 1084.056371, "delta": 4.308136}}
{"target": -0.272331641650164, "params": {"bus_acc": 1.3616, "bus_dcc": 1.7832, "bus_lcAssertive": 58.2999, "bus_lcCooperative": 0.9554, "bus_lcLookaheadLeft": 65.5415, "bus_lcPushy": 0.1871, "bus_lcSigma": 0.843, "bus_lcSpeedGainRight": 3.6829, "bus_lcSublane": 0.7087, "bus_sigma": 0.2526, "bus_tau_mean": 1.7997, "bus_tau_std": 1.2756, "bus_v_mean": 10.4968, "bus_v_std": 11.7078, "car_acc": 2.5598, "car_dcc": 1.3938, "car_lcAssertive": 2.8315, "car_lcCooperative": 0.3177, "car_lcLookaheadLeft": 53.9742, "car_lcPushy": 0.9099, "car_lcSigma": 0.773, "car_lcSpeedGainRight": 4.1412, "car_lcSublane": 0.4505, "car_sigma": 0.3015, "car_tau_mean": 1.3949, "car_tau_std": 6.5651, "car_v_mean": 17.8829, "car_v_std": 13.8251}, "datetime": {"datetime": "2024-08-08 00:21:10", "elapsed": 1089.165242, "delta": 5.108871}}
{"target": -0.36829222297146047, "params": {"bus_acc": 2.955, "bus_dcc": 3.2253, "bus_lcAssertive": 84.4556, "bus_lcCooperative": 0.8969, "bus_lcLookaheadLeft": 93.7667, "bus_lcPushy": 0.0164, "bus_lcSigma": 0.0153, "bus_lcSpeedGainRight": 3.9067, "bus_lcSublane": 0.9005, "bus_sigma": 0.8194, "bus_tau_mean": 1.3979, "bus_tau_std": 7.5279, "bus_v_mean": 19.1171, "bus_v_std": 5.0221, "car_acc": 1.3065, "car_dcc": 2.3338, "car_lcAssertive": 92.8673, "car_lcCooperative": 0.5467, "car_lcLookaheadLeft": 20.7759, "car_lcPushy": 0.6638, "car_lcSigma": 0.8384, "car_lcSpeedGainRight": 0.6687, "car_lcSublane": 0.2817, "car_sigma": 0.8676, "car_tau_mean": 3.3842, "car_tau_std": 4.8046, "car_v_mean": 11.8369, "car_v_std": 15.4338}, "datetime": {"datetime": "2024-08-08 00:21:15", "elapsed": 1094.602688, "delta": 5.437446}}
{"target": -0.35026800061486224, "params": {"bus_acc": 2.7545, "bus_dcc": 2.3942, "bus_lcAssertive": 75.9329, "bus_lcCooperative": 0.2634, "bus_lcLookaheadLeft": 73.4049, "bus_lcPushy": 0.9191, "bus_lcSigma": 0.6934, "bus_lcSpeedGainRight": 1.2297, "bus_lcSublane": 0.6834, "bus_sigma": 0.4535, "bus_tau_mean": 1.2711, "bus_tau_std": 2.8807, "bus_v_mean": 15.7648, "bus_v_std": 4.2363, "car_acc": 1.6938, "car_dcc": 2.407, "car_lcAssertive": 12.1801, "car_lcCooperative": 0.5701, "car_lcLookaheadLeft": 58.1854, "car_lcPushy": 0.4754, "car_lcSigma": 0.8202, "car_lcSpeedGainRight": 3.1781, "car_lcSublane": 0.2685, "car_sigma": 0.2242, "car_tau_mean": 3.5666, "car_tau_std": 9.8719, "car_v_mean": 22.5592, "car_v_std": 9.1676}, "datetime": {"datetime": "2024-08-08 00:21:21", "elapsed": 1100.483393, "delta": 5.880705}}
{"target": -0.3985640258215731, "params": {"bus_acc": 1.1997, "bus_dcc": 2.18, "bus_lcAssertive": 35.7385, "bus_lcCooperative": 0.2251, "bus_lcLookaheadLeft": 56.2494, "bus_lcPushy": 0.7068, "bus_lcSigma": 0.8126, "bus_lcSpeedGainRight": 3.3077, "bus_lcSublane": 0.253, "bus_sigma": 0.0897, "bus_tau_mean": 1.7494, "bus_tau_std": 8.0621, "bus_v_mean": 14.386, "bus_v_std": 15.8584, "car_acc": 1.3975, "car_dcc": 2.6599, "car_lcAssertive": 84.2625, "car_lcCooperative": 0.2662, "car_lcLookaheadLeft": 50.6335, "car_lcPushy": 0.7281, "car_lcSigma": 0.4422, "car_lcSpeedGainRight": 2.8243, "car_lcSublane": 0.1332, "car_sigma": 0.2648, "car_tau_mean": 3.4243, "car_tau_std": 8.8281, "car_v_mean": 12.3385, "car_v_std": 11.6613}, "datetime": {"datetime": "2024-08-08 00:21:26", "elapsed": 1105.5392, "delta": 5.055807}}
{"target": -0.29094527256667246, "params": {"bus_acc": 1.0, "bus_dcc": 1.0, "bus_lcAssertive": 33.4252, "bus_lcCooperative": 1.0, "bus_lcLookaheadLeft": 31.5729, "bus_lcPushy": 0.9054, "bus_lcSigma": 0.7498, "bus_lcSpeedGainRight": 2.1432, "bus_lcSublane": 0.3323, "bus_sigma": 0.2352, "bus_tau_mean": 2.7184, "bus_tau_std": 1.2252, "bus_v_mean": 10.0364, "bus_v_std": 12.6357, "car_acc": 3.0, "car_dcc": 2.8144, "car_lcAssertive": 33.9111, "car_lcCooperative": 0.0088, "car_lcLookaheadLeft": 71.2795, "car_lcPushy": 1.0, "car_lcSigma": 0.2048, "car_lcSpeedGainRight": 4.4665, "car_lcSublane": 0.4032, "car_sigma": 0.6231, "car_tau_mean": 2.0884, "car_tau_std": 3.4474, "car_v_mean": 11.088, "car_v_std": 8.2816}, "datetime": {"datetime": "2024-08-08 00:21:32", "elapsed": 1111.564227, "delta": 6.025027}}
{"target": -0.31244890443312545, "params": {"bus_acc": 1.7338, "bus_dcc": 2.211, "bus_lcAssertive": 78.4321, "bus_lcCooperative": 0.2865, "bus_lcLookaheadLeft": 86.876, "bus_lcPushy": 0.7395, "bus_lcSigma": 0.6728, "bus_lcSpeedGainRight": 2.3113, "bus_lcSublane": 0.1828, "bus_sigma": 0.3613, "bus_tau_mean": 2.0728, "bus_tau_std": 1.6139, "bus_v_mean": 16.3034, "bus_v_std": 12.0595, "car_acc": 2.2509, "car_dcc": 1.5641, "car_lcAssertive": 14.7671, "car_lcCooperative": 0.3016, "car_lcLookaheadLeft": 63.4988, "car_lcPushy": 0.2542, "car_lcSigma": 0.6478, "car_lcSpeedGainRight": 2.4163, "car_lcSublane": 0.1237, "car_sigma": 0.6138, "car_tau_mean": 0.9516, "car_tau_std": 4.248, "car_v_mean": 17.6365, "car_v_std": 9.6071}, "datetime": {"datetime": "2024-08-08 00:21:36", "elapsed": 1116.001798, "delta": 4.437571}}
{"target": -0.35931193904694636, "params": {"bus_acc": 2.4271, "bus_dcc": 2.9216, "bus_lcAssertive": 33.7294, "bus_lcCooperative": 0.7624, "bus_lcLookaheadLeft": 49.5955, "bus_lcPushy": 0.3368, "bus_lcSigma": 0.0055, "bus_lcSpeedGainRight": 1.3645, "bus_lcSublane": 0.0781, "bus_sigma": 0.7202, "bus_tau_mean": 0.6456, "bus_tau_std": 2.5813, "bus_v_mean": 12.6819, "bus_v_std": 14.4543, "car_acc": 1.1622, "car_dcc": 2.3433, "car_lcAssertive": 82.2942, "car_lcCooperative": 0.4234, "car_lcLookaheadLeft": 48.7747, "car_lcPushy": 0.4118, "car_lcSigma": 0.4678, "car_lcSpeedGainRight": 3.0826, "car_lcSublane": 0.5578, "car_sigma": 0.5202, "car_tau_mean": 2.8667, "car_tau_std": 9.0493, "car_v_mean": 10.2806, "car_v_std": 9.3038}, "datetime": {"datetime": "2024-08-08 00:21:41", "elapsed": 1120.933281, "delta": 4.931483}}
{"target": -0.4546394253517899, "params": {"bus_acc": 1.7137, "bus_dcc": 2.4408, "bus_lcAssertive": 72.3979, "bus_lcCooperative": 0.5548, "bus_lcLookaheadLeft": 76.7492, "bus_lcPushy": 0.0401, "bus_lcSigma": 0.6952, "bus_lcSpeedGainRight": 0.8391, "bus_lcSublane": 0.8322, "bus_sigma": 0.5852, "bus_tau_mean": 1.952, "bus_tau_std": 0.8985, "bus_v_mean": 14.9839, "bus_v_std": 1.6019, "car_acc": 1.9921, "car_dcc": 2.7499, "car_lcAssertive": 83.5505, "car_lcCooperative": 0.6621, "car_lcLookaheadLeft": 22.1125, "car_lcPushy": 0.9087, "car_lcSigma": 0.5808, "car_lcSpeedGainRight": 4.0591, "car_lcSublane": 0.6427, "car_sigma": 0.063, "car_tau_mean": 3.2849, "car_tau_std": 9.6113, "car_v_mean": 18.6813, "car_v_std": 3.3463}, "datetime": {"datetime": "2024-08-08 00:21:46", "elapsed": 1125.188842, "delta": 4.255561}}
{"target": -0.3721533076523482, "params": {"bus_acc": 1.5589, "bus_dcc": 1.0751, "bus_lcAssertive": 79.5354, "bus_lcCooperative": 0.0696, "bus_lcLookaheadLeft": 70.8707, "bus_lcPushy": 0.883, "bus_lcSigma": 0.6712, "bus_lcSpeedGainRight": 2.0911, "bus_lcSublane": 0.2447, "bus_sigma": 0.8038, "bus_tau_mean": 3.6738, "bus_tau_std": 4.0968, "bus_v_mean": 21.8114, "bus_v_std": 4.2415, "car_acc": 1.6981, "car_dcc": 2.5636, "car_lcAssertive": 14.3384, "car_lcCooperative": 0.8661, "car_lcLookaheadLeft": 52.7935, "car_lcPushy": 0.3772, "car_lcSigma": 0.4492, "car_lcSpeedGainRight": 4.0088, "car_lcSublane": 0.4887, "car_sigma": 0.0226, "car_tau_mean": 0.8725, "car_tau_std": 9.3391, "car_v_mean": 13.8284, "car_v_std": 4.8179}, "datetime": {"datetime": "2024-08-08 00:21:50", "elapsed": 1129.145879, "delta": 3.957037}}
{"target": -0.4214705028558581, "params": {"bus_acc": 2.3527, "bus_dcc": 2.2533, "bus_lcAssertive": 51.3815, "bus_lcCooperative": 0.5029, "bus_lcLookaheadLeft": 38.8267, "bus_lcPushy": 0.2738, "bus_lcSigma": 0.6384, "bus_lcSpeedGainRight": 4.2474, "bus_lcSublane": 0.3845, "bus_sigma": 0.3137, "bus_tau_mean": 2.0476, "bus_tau_std": 0.2886, "bus_v_mean": 20.0185, "bus_v_std": 0.2865, "car_acc": 2.4577, "car_dcc": 3.2944, "car_lcAssertive": 16.1493, "car_lcCooperative": 0.5399, "car_lcLookaheadLeft": 86.8982, "car_lcPushy": 0.6902, "car_lcSigma": 0.0935, "car_lcSpeedGainRight": 1.5635, "car_lcSublane": 0.3055, "car_sigma": 0.2369, "car_tau_mean": 2.3133, "car_tau_std": 8.041, "car_v_mean": 22.8869, "car_v_std": 5.3365}, "datetime": {"datetime": "2024-08-08 00:21:55", "elapsed": 1134.255374, "delta": 5.109495}}
