{"target": -0.31342897954617666, "params": {"bus_acc": 2.9171484220393413, "bus_dcc": 3.181496304780788, "bus_lcAssertive": 11.0446249245764, "bus_lcCooperative": 0.7862693223485936, "bus_lcLookaheadLeft": 36.511225289460114, "bus_lcPushy": 0.9114351403237924, "bus_lcSigma": 0.4954974347471134, "bus_lcSpeedGainRight": 4.363463614924361, "bus_lcSublane": 0.2205297947437237, "bus_sigma": 0.36719232590326556, "bus_tau_mean": 1.7839292975543395, "bus_tau_std": 0.9713268160328525, "bus_v_mean": 13.296230945052717, "bus_v_std": 13.19419607677599, "car_acc": 1.9330869827474813, "car_dcc": 3.6376947092332936, "car_lcAssertive": 27.69735637264448, "car_lcCooperative": 0.3548193487216488, "car_lcLookaheadLeft": 33.39472043476, "car_lcPushy": 0.5517379706217076, "car_lcSigma": 0.18821941560628785, "car_lcSpeedGainRight": 0.8662213575408645, "car_lcSublane": 0.9394819242084544, "car_sigma": 0.37664771374633, "car_tau_mean": 2.5548434720906745, "car_tau_std": 0.5515208501882385, "car_v_mean": 10.25372795038987, "car_v_std": 1.9271710372248663}, "datetime": {"datetime": "2024-08-08 00:10:55", "elapsed": 474.446267, "delta": 0.756922}}
{"target": -0.3917569190709571, "params": {"bus_acc": 1.6160739741090626, "bus_dcc": 2.7608866216890373, "bus_lcAssertive": 40.15090791444363, "bus_lcCooperative": 0.6639460814328006, "bus_lcLookaheadLeft": 85.49155519082123, "bus_lcPushy": 0.19022208931218354, "bus_lcSigma": 0.903272700870335, "bus_lcSpeedGainRight": 1.9158792521554662, "bus_lcSublane": 0.9431243307282546, "bus_sigma": 0.6173823130249652, "bus_tau_mean": 3.26533432401065, "bus_tau_std": 5.14775428373226, "bus_v_mean": 16.498315110292943, "bus_v_std": 6.551877975319438, "car_acc": 1.258729414454711, "car_dcc": 2.151465735581271, "car_lcAssertive": 22.282671598376087, "car_lcCooperative": 0.03286525588191658, "car_lcLookaheadLeft": 28.93890932287543, "car_lcPushy": 0.18057605266685695, "car_lcSigma": 0.8755303150381228, "car_lcSpeedGainRight": 0.4061828121570249, "car_lcSublane": 0.18389559908188324, "car_sigma": 0.7040306955363342, "car_tau_mean": 3.717290618570957, "car_tau_std": 2.514584522319341, "car_v_mean": 8.340818103382105, "car_v_std": 19.210089455101993}, "datetime": {"datetime": "2024-08-08 00:10:55", "elapsed": 475.041957, "delta": 0.59569}}
{"target": -0.37017518860395227, "params": {"bus_acc": 1.834044009405148, "bus_dcc": 3.1609734803264744, "bus_lcAssertive": 1.0113231069171438, "bus_lcCooperative": 0.30233257263183977, "bus_lcLookaheadLeft": 16.38207730007708, "bus_lcPushy": 0.0923385947687978, "bus_lcSigma": 0.1862602113776709, "bus_lcSpeedGainRight": 1.7278036352152388, "bus_lcSublane": 0.39676747423066994, "bus_sigma": 0.538816734003357, "bus_tau_mean": 1.9671808004115319, "bus_tau_std": 6.852195003967595, "bus_v_mean": 11.271235995704279, "bus_v_std": 17.562348727818907, "car_acc": 1.0547751863958523, "car_dcc": 3.011402530535207, "car_lcAssertive": 42.31317543434557, "car_lcCooperative": 0.5586898284457517, "car_lcLookaheadLeft": 15.75791998233291, "car_lcPushy": 0.1981014890848788, "car_lcSigma": 0.8007445686755367, "car_lcSpeedGainRight": 4.841307878596988, "car_lcSublane": 0.31342417815924284, "car_sigma": 0.6923226156693141, "car_tau_mean": 3.567362033036134, "car_tau_std": 8.946066635038473, "car_v_mean": 9.360707381916447, "car_v_std": 0.7810956646576472}, "datetime": {"datetime": "2024-08-08 00:10:56", "elapsed": 475.6772, "delta": 0.635243}}
{"target": -0.3504339486667002, "params": {"bus_acc": 2.433757327263378, "bus_dcc": 3.673056862877017, "bus_lcAssertive": 3.701435128229413, "bus_lcCooperative": 0.5220512472525107, "bus_lcLookaheadLeft": 33.94700155346248, "bus_lcPushy": 0.8594893208655858, "bus_lcSigma": 0.5585165509225178, "bus_lcSpeedGainRight": 3.4511393408137394, "bus_lcSublane": 0.45285349995153745, "bus_sigma": 0.6283090375213571, "bus_tau_mean": 1.5153389809059905, "bus_tau_std": 0.09348577966515781, "bus_v_mean": 17.228094959793452, "bus_v_std": 6.228884282649256, "car_acc": 2.03453519700226, "car_dcc": 3.749217559161693, "car_lcAssertive": 43.221004061638205, "car_lcCooperative": 0.2473960366023854, "car_lcLookaheadLeft": 38.386788605347334, "car_lcPushy": 0.9318611166365406, "car_lcSigma": 0.9368683813090937, "car_lcSpeedGainRight": 4.221649742828566, "car_lcSublane": 0.9202065143056605, "car_sigma": 0.22790028995131695, "car_tau_mean": 0.806187733437568, "car_tau_std": 2.2730973628468876, "car_v_mean": 13.030025857824807, "car_v_std": 3.4953175271262316}, "datetime": {"datetime": "2024-08-08 00:10:57", "elapsed": 476.389366, "delta": 0.712166}}
{"target": -0.3659062427383732, "params": {"bus_acc": 1.8620213756324349, "bus_dcc": 3.2394314514899154, "bus_lcAssertive": 60.00161900798046, "bus_lcCooperative": 0.25907098659432237, "bus_lcLookaheadLeft": 49.35066639268726, "bus_lcPushy": 0.8901083766800943, "bus_lcSigma": 0.6815540918195304, "bus_lcSpeedGainRight": 2.8156326414444175, "bus_lcSublane": 0.8767539244259733, "bus_sigma": 0.27627638266452226, "bus_tau_mean": 3.988966163899141, "bus_tau_std": 1.9983983332308586, "bus_v_mean": 21.43669644667234, "bus_v_std": 14.846839215833365, "car_acc": 2.728107834810304, "car_dcc": 2.7547527234450078, "car_lcAssertive": 24.005745123817206, "car_lcCooperative": 0.4835199313147117, "car_lcLookaheadLeft": 86.51277093109064, "car_lcPushy": 0.7978045046781688, "car_lcSigma": 0.17351053685227324, "car_lcSpeedGainRight": 4.961049644418275, "car_lcSublane": 0.03041224118736663, "car_sigma": 0.3926484632796582, "car_tau_mean": 3.1404046036472786, "car_tau_std": 9.737396828979248, "car_v_mean": 10.274026274144632, "car_v_std": 18.4808109730646}, "datetime": {"datetime": "2024-08-08 00:10:58", "elapsed": 477.230525, "delta": 0.841159}}
{"target": -0.379203378204046, "params": {"bus_acc": 1.7974310872580168, "bus_dcc": 3.899837477926426, "bus_lcAssertive": 16.253838011403385, "bus_lcCooperative": 0.8950868086486484, "bus_lcLookaheadLeft": 32.479280652714465, "bus_lcPushy": 0.548489089666104, "bus_lcSigma": 0.6820662584328149, "bus_lcSpeedGainRight": 1.1823482566307768, "bus_lcSublane": 0.16773668505027162, "bus_sigma": 0.508482013429616, "bus_tau_mean": 3.2715235645463507, "bus_tau_std": 6.924144621670756, "bus_v_mean": 9.903573394768237, "bus_v_std": 18.01484430143466, "car_acc": 1.95947513409831, "car_dcc": 3.8400300377189427, "car_lcAssertive": 55.789936918578306, "car_lcCooperative": 0.08480182166035288, "car_lcLookaheadLeft": 21.84137749610449, "car_lcPushy": 0.8542379729163827, "car_lcSigma": 0.7059273667647191, "car_lcSpeedGainRight": 4.474697600764621, "car_lcSublane": 0.32914600179429976, "car_sigma": 0.5280013966376261, "car_tau_mean": 2.7763934636944194, "car_tau_std": 5.9429085358666445, "car_v_mean": 11.703406968547965, "car_v_std": 8.536426988964712}, "datetime": {"datetime": "2024-08-08 00:10:58", "elapsed": 477.952743, "delta": 0.722218}}
{"target": -0.37769042152743487, "params": {"bus_acc": 2.4915990444703335, "bus_dcc": 3.3910198331899126, "bus_lcAssertive": 20.189676150244754, "bus_lcCooperative": 0.16286677529246074, "bus_lcLookaheadLeft": 59.9256719938347, "bus_lcPushy": 0.4796917118578373, "bus_lcSigma": 0.586542602423981, "bus_lcSpeedGainRight": 0.6613554844061542, "bus_lcSublane": 0.2777370697700209, "bus_sigma": 0.06967236072962435, "bus_tau_mean": 0.8779885293074713, "bus_tau_std": 7.163776775610988, "bus_v_mean": 8.422431288389594, "bus_v_std": 10.793006441989913, "car_acc": 1.5973259792734096, "car_dcc": 3.6054919005002013, "car_lcAssertive": 54.95884887109555, "car_lcCooperative": 0.9975477345448952, "car_lcLookaheadLeft": 56.985437280688046, "car_lcPushy": 0.5620978129601834, "car_lcSigma": 0.33510669801549786, "car_lcSpeedGainRight": 1.2616246700122962, "car_lcSublane": 0.4273696775673337, "car_sigma": 0.22717535449607196, "car_tau_mean": 0.748066026557084, "car_tau_std": 4.250512332840772, "car_v_mean": 9.702673490424418, "car_v_std": 14.46241629201758}, "datetime": {"datetime": "2024-08-08 00:10:59", "elapsed": 478.718833, "delta": 0.76609}}
{"target": -0.37408856544888225, "params": {"bus_acc": 1.4532739563357, "bus_dcc": 2.0049212267587984, "bus_lcAssertive": 76.61371739793161, "bus_lcCooperative": 0.8534229165541922, "bus_lcLookaheadLeft": 44.838138754882145, "bus_lcPushy": 0.9303323300063634, "bus_lcSigma": 0.5796142988403586, "bus_lcSpeedGainRight": 0.245487407154526, "bus_lcSublane": 0.4528613379550066, "bus_sigma": 0.160400046327681, "bus_tau_mean": 3.06488556422507, "bus_tau_std": 3.4735266793066844, "bus_v_mean": 11.218842235298442, "bus_v_std": 16.855760681286462, "car_acc": 2.6355926636045655, "car_dcc": 2.0309400725667377, "car_lcAssertive": 40.95865633289407, "car_lcCooperative": 0.06059981017907001, "car_lcLookaheadLeft": 19.530702302919654, "car_lcPushy": 0.7359188438468761, "car_lcSigma": 0.566130348490864, "car_lcSpeedGainRight": 4.116184850506533, "car_lcSublane": 0.5011500981247835, "car_sigma": 0.7678624156754708, "car_tau_mean": 2.2847130016697363, "car_tau_std": 5.680690305779442, "car_v_mean": 10.953887428754971, "car_v_std": 10.888020490335737}, "datetime": {"datetime": "2024-08-08 00:11:03", "elapsed": 482.8008, "delta": 4.081967}}
{"target": -0.36738207080955476, "params": {"bus_acc": 2.7089327964806214, "bus_dcc": 3.513658720917304, "bus_lcAssertive": 58.821632413091365, "bus_lcCooperative": 0.06997746764914725, "bus_lcLookaheadLeft": 4.51416801999475, "bus_lcPushy": 0.22560211969898092, "bus_lcSigma": 0.09230232781551495, "bus_lcSpeedGainRight": 3.725526963888318, "bus_lcSublane": 0.8510554453727723, "bus_sigma": 0.540469999664386, "bus_tau_mean": 2.6394490729960873, "bus_tau_std": 4.7313758453238535, "bus_v_mean": 22.96301884060461, "bus_v_std": 12.256254047579061, "car_acc": 2.24072224459027, "car_dcc": 3.5740198100035276, "car_lcAssertive": 38.99001775318119, "car_lcCooperative": 0.0641095130546635, "car_lcLookaheadLeft": 74.5344253255842, "car_lcPushy": 0.8441892804830194, "car_lcSigma": 0.5202334774668042, "car_lcSpeedGainRight": 2.338222666143887, "car_lcSublane": 0.098624116119152, "car_sigma": 0.3132581451731512, "car_tau_mean": 1.1558516012619173, "car_tau_std": 7.47424940356067, "car_v_mean": 10.565862691756767, "car_v_std": 13.692616404817809}, "datetime": {"datetime": "2024-08-08 00:11:07", "elapsed": 486.338179, "delta": 3.537379}}
{"target": -0.378766355330995, "params": {"bus_acc": 1.6962984517984925, "bus_dcc": 2.046277856046215, "bus_lcAssertive": 8.536332405278328, "bus_lcCooperative": 0.08751267646507155, "bus_lcLookaheadLeft": 6.888344592294716, "bus_lcPushy": 0.07447615796739016, "bus_lcSigma": 0.3850894153930947, "bus_lcSpeedGainRight": 4.081856911172798, "bus_lcSublane": 0.3411770998621311, "bus_sigma": 0.506118205056948, "bus_tau_mean": 2.682205107924833, "bus_tau_std": 5.852884164453064, "bus_v_mean": 10.14200205290674, "bus_v_std": 12.388283312429389, "car_acc": 2.04471279712116, "car_dcc": 3.254434394091289, "car_lcAssertive": 67.89213044689505, "car_lcCooperative": 0.47895786270081087, "car_lcLookaheadLeft": 95.70113814946411, "car_lcPushy": 0.26091650862709814, "car_lcSigma": 0.710647265532105, "car_lcSpeedGainRight": 1.008209589891222, "car_lcSublane": 0.66361805301098, "car_sigma": 0.24951572568701552, "car_tau_mean": 1.2218660026126096, "car_tau_std": 3.7017154342422165, "car_v_mean": 16.14170692392569, "car_v_std": 13.618513051251695}, "datetime": {"datetime": "2024-08-08 00:11:10", "elapsed": 489.935332, "delta": 3.597153}}
{"target": -0.3707349533604437, "params": {"bus_acc": 2.364441280947901, "bus_dcc": 1.9319880881915676, "bus_lcAssertive": 47.76497077930874, "bus_lcCooperative": 0.5992558738787634, "bus_lcLookaheadLeft": 38.639120062403535, "bus_lcPushy": 0.874487796621177, "bus_lcSigma": 0.7261725883076274, "bus_lcSpeedGainRight": 4.771703523121056, "bus_lcSublane": 0.3510655228482117, "bus_sigma": 0.9371740887217811, "bus_tau_mean": 2.176852009790104, "bus_tau_std": 6.423226386484714, "bus_v_mean": 19.786355276078197, "bus_v_std": 16.186759380113603, "car_acc": 1.7925187345653877, "car_dcc": 2.3438379355443133, "car_lcAssertive": 81.91042558516232, "car_lcCooperative": 0.7175572030909549, "car_lcLookaheadLeft": 94.20322251871511, "car_lcPushy": 0.9795978714178412, "car_lcSigma": 0.1789133363658466, "car_lcSpeedGainRight": 1.139597059063776, "car_lcSublane": 0.7159864472790468, "car_sigma": 0.7473827346542434, "car_tau_mean": 2.611128439813839, "car_tau_std": 8.772997642215113, "car_v_mean": 12.031847393771816, "car_v_std": 6.789747885935848}, "datetime": {"datetime": "2024-08-08 00:11:11", "elapsed": 491.065088, "delta": 1.129756}}
{"target": -0.3795704165127939, "params": {"bus_acc": 1.4618834166442483, "bus_dcc": 1.8591313946121473, "bus_lcAssertive": 83.24438532353815, "bus_lcCooperative": 0.15342094116241234, "bus_lcLookaheadLeft": 56.109603140241184, "bus_lcPushy": 0.5681397176921924, "bus_lcSigma": 0.3434200931086723, "bus_lcSpeedGainRight": 1.7530859465347681, "bus_lcSublane": 0.9591120175192023, "bus_sigma": 0.5533439494595207, "bus_tau_mean": 2.7845592031533415, "bus_tau_std": 4.907401164444133, "bus_v_mean": 18.34639970674865, "bus_v_std": 12.10501571014124, "car_acc": 1.2903465858401912, "car_dcc": 2.00404159865378, "car_lcAssertive": 46.58296535243441, "car_lcCooperative": 0.12782166160638486, "car_lcLookaheadLeft": 37.58118571324082, "car_lcPushy": 0.22814163429292222, "car_lcSigma": 0.847502602270402, "car_lcSpeedGainRight": 1.7073704001064933, "car_lcSublane": 0.2267893206662649, "car_sigma": 0.4081814028522822, "car_tau_mean": 2.890724166677864, "car_tau_std": 0.6562199896142484, "car_v_mean": 10.891667417647836, "car_v_std": 13.886138778474573}, "datetime": {"datetime": "2024-08-08 00:11:12", "elapsed": 491.703441, "delta": 0.638353}}
{"target": -0.3435490096250758, "params": {"bus_acc": 1.921359804718632, "bus_dcc": 1.0738219616014661, "bus_lcAssertive": 10.61599734768194, "bus_lcCooperative": 0.101454845358938, "bus_lcLookaheadLeft": 40.14368041890784, "bus_lcPushy": 0.7159658738810409, "bus_lcSigma": 0.05288207279200652, "bus_lcSpeedGainRight": 0.06243973187949725, "bus_lcSublane": 0.147469963279117, "bus_sigma": 0.9366752836417755, "bus_tau_mean": 3.530072665228087, "bus_tau_std": 4.025197248486858, "bus_v_mean": 10.580704478061904, "bus_v_std": 7.096485909668829, "car_acc": 2.8696651855188136, "car_dcc": 2.9306453100081415, "car_lcAssertive": 47.63577303333347, "car_lcCooperative": 0.4023677648340115, "car_lcLookaheadLeft": 89.86228581877504, "car_lcPushy": 0.9734727729483547, "car_lcSigma": 0.7786754026144235, "car_lcSpeedGainRight": 4.166716596303286, "car_lcSublane": 0.3070893413654556, "car_sigma": 0.9395175787171641, "car_tau_mean": 2.0844454384762336, "car_tau_std": 1.7930569307309296, "car_v_mean": 17.540836153534862, "car_v_std": 13.682067724368931}, "datetime": {"datetime": "2024-08-08 00:11:16", "elapsed": 495.401698, "delta": 3.698257}}
{"target": -0.39408616749617953, "params": {"bus_acc": 1.4061197561197527, "bus_dcc": 3.519662021995397, "bus_lcAssertive": 17.458576605066426, "bus_lcCooperative": 0.8890870796898103, "bus_lcLookaheadLeft": 35.180820001594384, "bus_lcPushy": 0.28794466390675777, "bus_lcSigma": 0.6062229999118651, "bus_lcSpeedGainRight": 0.3030577323700956, "bus_lcSublane": 0.9070881746034647, "bus_sigma": 0.38107069836536567, "bus_tau_mean": 3.264941098157372, "bus_tau_std": 7.105474351529599, "bus_v_mean": 19.2663700801171, "bus_v_std": 10.65252333780619, "car_acc": 1.9333510208903006, "car_dcc": 2.936193796405268, "car_lcAssertive": 69.4661435074687, "car_lcCooperative": 0.23581819527828218, "car_lcLookaheadLeft": 75.8732044129195, "car_lcPushy": 0.9366171681857524, "car_lcSigma": 0.8150976476385567, "car_lcSpeedGainRight": 3.6530483441756467, "car_lcSublane": 0.821710938832267, "car_sigma": 0.00695491753946309, "car_tau_mean": 1.1118841631166745, "car_tau_std": 3.419792015163703, "car_v_mean": 19.736290142485753, "car_v_std": 19.567465783712823}, "datetime": {"datetime": "2024-08-08 00:11:16", "elapsed": 496.091096, "delta": 0.689398}}
{"target": -0.3449517890021645, "params": {"bus_acc": 1.2623003743761125, "bus_dcc": 1.4310579189964652, "bus_lcAssertive": 38.16522595210664, "bus_lcCooperative": 0.22840905181164184, "bus_lcLookaheadLeft": 32.08466659043994, "bus_lcPushy": 0.15006568488590488, "bus_lcSigma": 0.09663605983898593, "bus_lcSpeedGainRight": 4.579920155581695, "bus_lcSublane": 0.3458934084716969, "bus_sigma": 0.5659662567350899, "bus_tau_mean": 2.4151956777533963, "bus_tau_std": 4.50357548152311, "bus_v_mean": 19.96512928547904, "bus_v_std": 6.6315291469294735, "car_acc": 2.7849549137146847, "car_dcc": 1.2040996669212622, "car_lcAssertive": 57.914069679783005, "car_lcCooperative": 0.3390525769517404, "car_lcLookaheadLeft": 37.6622337990038, "car_lcPushy": 0.30509789424760836, "car_lcSigma": 0.6035862995105342, "car_lcSpeedGainRight": 1.1720396476692418, "car_lcSublane": 0.29430619969041927, "car_sigma": 0.28549459054495274, "car_tau_mean": 0.5237840586940858, "car_tau_std": 3.7161850945391226, "car_v_mean": 8.782357618759383, "car_v_std": 17.487524250408125}, "datetime": {"datetime": "2024-08-08 00:11:17", "elapsed": 497.054773, "delta": 0.963677}}
{"target": -0.35535665167376573, "params": {"bus_acc": 1.1763772911430201, "bus_dcc": 3.051131007464914, "bus_lcAssertive": 12.919686808914616, "bus_lcCooperative": 0.010699003144174157, "bus_lcLookaheadLeft": 56.61228654734155, "bus_lcPushy": 0.9071090552203707, "bus_lcSigma": 0.8604566673368852, "bus_lcSpeedGainRight": 1.6922569205912503, "bus_lcSublane": 0.02715882932586222, "bus_sigma": 0.8008593551300331, "bus_tau_mean": 3.3209472630138306, "bus_tau_std": 8.684881163027722, "bus_v_mean": 18.714345598008528, "bus_v_std": 16.15557724630153, "car_acc": 2.7949965646056407, "car_dcc": 2.361489851470037, "car_lcAssertive": 56.224705067776135, "car_lcCooperative": 0.5061311288282347, "car_lcLookaheadLeft": 69.81442264337343, "car_lcPushy": 0.6829068676298748, "car_lcSigma": 0.5203136358633165, "car_lcSpeedGainRight": 4.142340740427357, "car_lcSublane": 0.5057793867898664, "car_sigma": 0.8248585623852319, "car_tau_mean": 1.4864578085013502, "car_tau_std": 1.7849483297748825, "car_v_mean": 23.517929125515423, "car_v_std": 14.838790509121536}, "datetime": {"datetime": "2024-08-08 00:11:21", "elapsed": 501.067063, "delta": 4.01229}}
{"target": -0.3050202667697882, "params": {"bus_acc": 1.9805399111794129, "bus_dcc": 3.6215005176598725, "bus_lcAssertive": 13.878511297112336, "bus_lcCooperative": 0.4989581103650381, "bus_lcLookaheadLeft": 78.10813613024422, "bus_lcPushy": 0.9812101687911365, "bus_lcSigma": 0.6733777301945412, "bus_lcSpeedGainRight": 0.9150058989347687, "bus_lcSublane": 0.7597729555480026, "bus_sigma": 0.07463521512286109, "bus_tau_mean": 3.16970362302273, "bus_tau_std": 8.278152309219722, "bus_v_mean": 16.947355457789232, "bus_v_std": 9.854416596164556, "car_acc": 2.8730548453538876, "car_dcc": 1.0002908520630243, "car_lcAssertive": 1.9471225434725552, "car_lcCooperative": 0.25195142314544017, "car_lcLookaheadLeft": 51.556293399344575, "car_lcPushy": 0.5404166504960898, "car_lcSigma": 0.3712924240247065, "car_lcSpeedGainRight": 1.4635568759759336, "car_lcSublane": 0.20236734647394483, "car_sigma": 0.8002818943961242, "car_tau_mean": 1.6057301660367984, "car_tau_std": 4.92467985547119, "car_v_mean": 20.980654267264054, "car_v_std": 12.247178849202303}, "datetime": {"datetime": "2024-08-08 00:11:22", "elapsed": 501.916335, "delta": 0.849272}}
{"target": -0.3470897632834383, "params": {"bus_acc": 1.1418368009407744, "bus_dcc": 1.4578119611268154, "bus_lcAssertive": 2.6410124071924805, "bus_lcCooperative": 0.11379635644740682, "bus_lcLookaheadLeft": 65.87534904898885, "bus_lcPushy": 0.4026568521749192, "bus_lcSigma": 0.32102631416731586, "bus_lcSpeedGainRight": 2.7895599712188623, "bus_lcSublane": 0.9934604630998499, "bus_sigma": 0.8344865140180296, "bus_tau_mean": 2.9486811383985434, "bus_tau_std": 9.18258589132058, "bus_v_mean": 8.635659306929357, "bus_v_std": 1.4066688323105048, "car_acc": 1.9480125799761092, "car_dcc": 2.047502238871232, "car_lcAssertive": 93.78795415071644, "car_lcCooperative": 0.48956496114516856, "car_lcLookaheadLeft": 54.88561278914836, "car_lcPushy": 0.8952603657312208, "car_lcSigma": 0.4466350458236905, "car_lcSpeedGainRight": 4.385171946351759, "car_lcSublane": 0.25358174937162836, "car_sigma": 0.27380970415810857, "car_tau_mean": 1.6492648653065656, "car_tau_std": 5.475642704809535, "car_v_mean": 11.5220587844317, "car_v_std": 13.428583421625467}, "datetime": {"datetime": "2024-08-08 00:11:23", "elapsed": 502.628017, "delta": 0.711682}}
{"target": -0.36701489422231215, "params": {"bus_acc": 1.5084647093147048, "bus_dcc": 1.2522590625397885, "bus_lcAssertive": 86.55026538163867, "bus_lcCooperative": 0.44789891562027984, "bus_lcLookaheadLeft": 57.05505353977741, "bus_lcPushy": 0.7367109576935199, "bus_lcSigma": 0.7964888671311956, "bus_lcSpeedGainRight": 2.2375406949515693, "bus_lcSublane": 0.18412755617579835, "bus_sigma": 0.8287328515283018, "bus_tau_mean": 0.6084928593988954, "bus_tau_std": 9.467282696079524, "bus_v_mean": 17.231645543640028, "bus_v_std": 17.50777476901374, "car_acc": 2.2171308739471174, "car_dcc": 1.754978752456971, "car_lcAssertive": 30.316862426094534, "car_lcCooperative": 0.5329225590316532, "car_lcLookaheadLeft": 96.28366485901516, "car_lcPushy": 0.18449560449017766, "car_lcSigma": 0.509898378143109, "car_lcSpeedGainRight": 1.718940517184222, "car_lcSublane": 0.7697253449571857, "car_sigma": 0.802866486432424, "car_tau_mean": 1.9859596860577582, "car_tau_std": 2.0412249999433585, "car_v_mean": 9.073431365261685, "car_v_std": 3.97296528841123}, "datetime": {"datetime": "2024-08-08 00:11:27", "elapsed": 506.403776, "delta": 3.775759}}
