{"target": -0.04738838525003466, "params": {"bus_acc": 1.8767, "bus_dcc": 2.2817, "bus_lcAssertive": 64.1149, "bus_lcCooperative": 0.165, "bus_lcLookaheadLeft": 74.0207, "bus_lcPushy": 0.2537, "bus_lcSublane": 0.5631, "bus_tau_mean": 2.6813, "bus_tau_std": 8.2225, "bus_v_mean": 11.6871, "bus_v_std": 1.9744, "car_acc": 2.0888, "car_dcc": 2.3324, "car_lcAssertive": 52.9008, "car_lcCooperative": 0.7183, "car_lcLookaheadLeft": 79.3268, "car_lcPushy": 0.9005, "car_lcSublane": 0.9643, "car_tau_mean": 2.4184, "car_tau_std": 4.3521, "car_v_mean": 8.0698, "car_v_std": 3.9056}, "datetime": {"datetime": "2024-08-05 18:40:25", "elapsed": 1077.476635, "delta": 4.05405}}
{"target": -0.0673962379077021, "params": {"bus_acc": 1.1651, "bus_dcc": 1.3411, "bus_lcAssertive": 23.6493, "bus_lcCooperative": 0.8487, "bus_lcLookaheadLeft": 91.1037, "bus_lcPushy": 0.0428, "bus_lcSublane": 0.7999, "bus_tau_mean": 1.4752, "bus_tau_std": 1.0322, "bus_v_mean": 12.2096, "bus_v_std": 3.6854, "car_acc": 2.539, "car_dcc": 2.0588, "car_lcAssertive": 81.9549, "car_lcCooperative": 0.1522, "car_lcLookaheadLeft": 78.5695, "car_lcPushy": 0.8921, "car_lcSublane": 0.079, "car_tau_mean": 3.1849, "car_tau_std": 7.6981, "car_v_mean": 22.7875, "car_v_std": 1.7561}, "datetime": {"datetime": "2024-08-05 18:40:27", "elapsed": 1079.360095, "delta": 1.88346}}
{"target": -0.06650750734029989, "params": {"bus_acc": 1.3139, "bus_dcc": 3.5177, "bus_lcAssertive": 17.2731, "bus_lcCooperative": 0.9412, "bus_lcLookaheadLeft": 30.023, "bus_lcPushy": 0.2832, "bus_lcSublane": 0.4507, "bus_tau_mean": 1.5312, "bus_tau_std": 0.563, "bus_v_mean": 13.3769, "bus_v_std": 5.6602, "car_acc": 2.355, "car_dcc": 3.1291, "car_lcAssertive": 77.2705, "car_lcCooperative": 0.2489, "car_lcLookaheadLeft": 3.8284, "car_lcPushy": 0.1134, "car_lcSublane": 0.3495, "car_tau_mean": 0.6801, "car_tau_std": 4.3153, "car_v_mean": 21.4279, "car_v_std": 9.9238}, "datetime": {"datetime": "2024-08-05 18:40:31", "elapsed": 1083.033965, "delta": 3.67387}}
{"target": -0.06694674105698097, "params": {"bus_acc": 1.1458, "bus_dcc": 3.8012, "bus_lcAssertive": 94.5114, "bus_lcCooperative": 0.2283, "bus_lcLookaheadLeft": 86.4178, "bus_lcPushy": 0.1421, "bus_lcSublane": 0.5608, "bus_tau_mean": 2.0036, "bus_tau_std": 0.0774, "bus_v_mean": 17.3486, "bus_v_std": 9.8184, "car_acc": 2.9106, "car_dcc": 2.3902, "car_lcAssertive": 20.8381, "car_lcCooperative": 0.9857, "car_lcLookaheadLeft": 20.2425, "car_lcPushy": 0.767, "car_lcSublane": 0.3562, "car_tau_mean": 3.9298, "car_tau_std": 9.7361, "car_v_mean": 23.1066, "car_v_std": 2.1675}, "datetime": {"datetime": "2024-08-05 18:40:37", "elapsed": 1088.941159, "delta": 5.907194}}
{"target": -0.05506796526784487, "params": {"bus_acc": 1.9583, "bus_dcc": 1.9455, "bus_lcAssertive": 53.5148, "bus_lcCooperative": 0.7395, "bus_lcLookaheadLeft": 58.5576, "bus_lcPushy": 0.808, "bus_lcSublane": 0.2034, "bus_tau_mean": 3.0803, "bus_tau_std": 2.693, "bus_v_mean": 17.0129, "bus_v_std": 5.6279, "car_acc": 2.9849, "car_dcc": 1.1097, "car_lcAssertive": 22.3119, "car_lcCooperative": 0.1029, "car_lcLookaheadLeft": 12.4328, "car_lcPushy": 0.6524, "car_lcSublane": 0.388, "car_tau_mean": 2.8419, "car_tau_std": 8.6223, "car_v_mean": 13.6014, "car_v_std": 5.756}, "datetime": {"datetime": "2024-08-05 18:40:43", "elapsed": 1094.808349, "delta": 5.86719}}
{"target": -0.06835409127886492, "params": {"bus_acc": 2.1098, "bus_dcc": 2.8772, "bus_lcAssertive": 21.2862, "bus_lcCooperative": 0.4323, "bus_lcLookaheadLeft": 45.4157, "bus_lcPushy": 0.2035, "bus_lcSublane": 0.1848, "bus_tau_mean": 1.8487, "bus_tau_std": 1.6985, "bus_v_mean": 12.4754, "bus_v_std": 7.2035, "car_acc": 2.7632, "car_dcc": 1.3316, "car_lcAssertive": 82.6886, "car_lcCooperative": 0.7002, "car_lcLookaheadLeft": 19.2602, "car_lcPushy": 0.4418, "car_lcSublane": 0.0717, "car_tau_mean": 2.3204, "car_tau_std": 3.4835, "car_v_mean": 21.389, "car_v_std": 6.9383}, "datetime": {"datetime": "2024-08-05 18:40:49", "elapsed": 1101.170763, "delta": 6.362414}}
{"target": -0.04930984084376329, "params": {"bus_acc": 2.5529, "bus_dcc": 1.6661, "bus_lcAssertive": 53.5732, "bus_lcCooperative": 0.5441, "bus_lcLookaheadLeft": 3.0418, "bus_lcPushy": 0.7213, "bus_lcSublane": 0.2362, "bus_tau_mean": 0.6018, "bus_tau_std": 7.4555, "bus_v_mean": 15.8785, "bus_v_std": 8.8265, "car_acc": 1.5638, "car_dcc": 2.5586, "car_lcAssertive": 24.6476, "car_lcCooperative": 0.2408, "car_lcLookaheadLeft": 76.9439, "car_lcPushy": 0.3707, "car_lcSublane": 0.9963, "car_tau_mean": 3.787, "car_tau_std": 2.7558, "car_v_mean": 14.6239, "car_v_std": 7.9179}, "datetime": {"datetime": "2024-08-05 18:40:53", "elapsed": 1104.916452, "delta": 3.745689}}
{"target": -0.06274151685358745, "params": {"bus_acc": 2.7326, "bus_dcc": 1.6741, "bus_lcAssertive": 25.8056, "bus_lcCooperative": 0.9107, "bus_lcLookaheadLeft": 46.2894, "bus_lcPushy": 0.1494, "bus_lcSublane": 0.4057, "bus_tau_mean": 0.7028, "bus_tau_std": 2.8307, "bus_v_mean": 12.7595, "bus_v_std": 6.4149, "car_acc": 2.1702, "car_dcc": 1.4793, "car_lcAssertive": 14.4177, "car_lcCooperative": 0.3959, "car_lcLookaheadLeft": 95.5818, "car_lcPushy": 0.9243, "car_lcSublane": 0.3888, "car_tau_mean": 1.5654, "car_tau_std": 8.525, "car_v_mean": 19.656, "car_v_std": 8.0124}, "datetime": {"datetime": "2024-08-05 18:40:55", "elapsed": 1107.335765, "delta": 2.419313}}
{"target": -0.05754557667110475, "params": {"bus_acc": 1.3829, "bus_dcc": 1.7565, "bus_lcAssertive": 78.7915, "bus_lcCooperative": 0.5802, "bus_lcLookaheadLeft": 66.7, "bus_lcPushy": 0.406, "bus_lcSublane": 0.369, "bus_tau_mean": 1.8148, "bus_tau_std": 5.8221, "bus_v_mean": 10.7046, "bus_v_std": 9.0527, "car_acc": 1.3508, "car_dcc": 1.7099, "car_lcAssertive": 14.9438, "car_lcCooperative": 0.4535, "car_lcLookaheadLeft": 82.9952, "car_lcPushy": 0.3905, "car_lcSublane": 0.367, "car_tau_mean": 2.2756, "car_tau_std": 0.2006, "car_v_mean": 15.8264, "car_v_std": 7.8855}, "datetime": {"datetime": "2024-08-05 18:40:58", "elapsed": 1109.976246, "delta": 2.640481}}
{"target": -0.06566771574450886, "params": {"bus_acc": 1.2489, "bus_dcc": 3.0066, "bus_lcAssertive": 8.816, "bus_lcCooperative": 0.2127, "bus_lcLookaheadLeft": 14.4942, "bus_lcPushy": 0.0132, "bus_lcSublane": 0.4904, "bus_tau_mean": 1.4103, "bus_tau_std": 1.4718, "bus_v_mean": 11.4543, "bus_v_std": 5.2181, "car_acc": 1.6148, "car_dcc": 2.8915, "car_lcAssertive": 37.9959, "car_lcCooperative": 0.9797, "car_lcLookaheadLeft": 85.5555, "car_lcPushy": 0.5545, "car_lcSublane": 0.7635, "car_tau_mean": 2.764, "car_tau_std": 9.2205, "car_v_mean": 21.2535, "car_v_std": 4.0967}, "datetime": {"datetime": "2024-08-05 18:41:00", "elapsed": 1112.408215, "delta": 2.431969}}
{"target": -0.07163344877129917, "params": {"bus_acc": 1.8068, "bus_dcc": 1.3389, "bus_lcAssertive": 92.8493, "bus_lcCooperative": 0.8449, "bus_lcLookaheadLeft": 8.6245, "bus_lcPushy": 0.8974, "bus_lcSublane": 0.5153, "bus_tau_mean": 1.9115, "bus_tau_std": 3.9382, "bus_v_mean": 23.1293, "bus_v_std": 7.5749, "car_acc": 1.687, "car_dcc": 1.7828, "car_lcAssertive": 91.2974, "car_lcCooperative": 0.2944, "car_lcLookaheadLeft": 32.9659, "car_lcPushy": 0.5122, "car_lcSublane": 0.043, "car_tau_mean": 1.0292, "car_tau_std": 2.9994, "car_v_mean": 17.825, "car_v_std": 4.2379}, "datetime": {"datetime": "2024-08-05 18:41:02", "elapsed": 1114.181409, "delta": 1.773194}}
{"target": -0.03383277589392285, "params": {"bus_acc": 2.9319, "bus_dcc": 2.4847, "bus_lcAssertive": 9.3969, "bus_lcCooperative": 0.2597, "bus_lcLookaheadLeft": 17.831, "bus_lcPushy": 0.4699, "bus_lcSublane": 0.4754, "bus_tau_mean": 3.0937, "bus_tau_std": 3.1447, "bus_v_mean": 11.0918, "bus_v_std": 4.99, "car_acc": 2.4143, "car_dcc": 3.4589, "car_lcAssertive": 1.0024, "car_lcCooperative": 0.9601, "car_lcLookaheadLeft": 62.2988, "car_lcPushy": 0.5267, "car_lcSublane": 0.9976, "car_tau_mean": 2.8767, "car_tau_std": 1.8432, "car_v_mean": 8.0024, "car_v_std": 5.4635}, "datetime": {"datetime": "2024-08-05 18:41:04", "elapsed": 1116.60984, "delta": 2.428431}}
{"target": -0.06896561781087931, "params": {"bus_acc": 1.1327, "bus_dcc": 3.5934, "bus_lcAssertive": 53.0272, "bus_lcCooperative": 0.4753, "bus_lcLookaheadLeft": 53.2858, "bus_lcPushy": 0.1515, "bus_lcSublane": 0.4551, "bus_tau_mean": 2.36, "bus_tau_std": 9.5442, "bus_v_mean": 22.2829, "bus_v_std": 2.9116, "car_acc": 2.6411, "car_dcc": 2.114, "car_lcAssertive": 90.747, "car_lcCooperative": 0.4089, "car_lcLookaheadLeft": 60.2169, "car_lcPushy": 0.3033, "car_lcSublane": 0.2997, "car_tau_mean": 3.3529, "car_tau_std": 6.7117, "car_v_mean": 22.5061, "car_v_std": 1.9801}, "datetime": {"datetime": "2024-08-05 18:41:06", "elapsed": 1118.391653, "delta": 1.781813}}
{"target": -0.056366227248221726, "params": {"bus_acc": 1.8995, "bus_dcc": 2.9663, "bus_lcAssertive": 40.4781, "bus_lcCooperative": 0.8536, "bus_lcLookaheadLeft": 89.2324, "bus_lcPushy": 0.1195, "bus_lcSublane": 0.1121, "bus_tau_mean": 2.489, "bus_tau_std": 4.728, "bus_v_mean": 22.677, "bus_v_std": 9.9952, "car_acc": 1.4873, "car_dcc": 2.0392, "car_lcAssertive": 18.5387, "car_lcCooperative": 0.7746, "car_lcLookaheadLeft": 35.1755, "car_lcPushy": 0.6145, "car_lcSublane": 0.6292, "car_tau_mean": 3.0508, "car_tau_std": 4.3143, "car_v_mean": 12.8746, "car_v_std": 5.2109}, "datetime": {"datetime": "2024-08-05 18:41:10", "elapsed": 1121.775054, "delta": 3.383401}}
{"target": -0.05196873393278144, "params": {"bus_acc": 1.5931, "bus_dcc": 3.9219, "bus_lcAssertive": 57.9571, "bus_lcCooperative": 0.3532, "bus_lcLookaheadLeft": 29.4641, "bus_lcPushy": 0.5542, "bus_lcSublane": 0.5797, "bus_tau_mean": 3.4002, "bus_tau_std": 4.793, "bus_v_mean": 9.345, "bus_v_std": 3.5074, "car_acc": 2.1577, "car_dcc": 3.7607, "car_lcAssertive": 99.8049, "car_lcCooperative": 0.0302, "car_lcLookaheadLeft": 43.9452, "car_lcPushy": 0.0343, "car_lcSublane": 0.1086, "car_tau_mean": 1.9329, "car_tau_std": 8.8035, "car_v_mean": 10.9484, "car_v_std": 9.3935}, "datetime": {"datetime": "2024-08-05 18:41:12", "elapsed": 1124.380647, "delta": 2.605593}}
{"target": -0.05438422873057167, "params": {"bus_acc": 1.8265, "bus_dcc": 3.2038, "bus_lcAssertive": 75.7001, "bus_lcCooperative": 0.1313, "bus_lcLookaheadLeft": 87.8549, "bus_lcPushy": 0.7266, "bus_lcSublane": 0.5298, "bus_tau_mean": 2.8949, "bus_tau_std": 3.2696, "bus_v_mean": 21.2669, "bus_v_std": 6.3158, "car_acc": 1.1576, "car_dcc": 1.3787, "car_lcAssertive": 20.5915, "car_lcCooperative": 0.7054, "car_lcLookaheadLeft": 9.0458, "car_lcPushy": 0.9086, "car_lcSublane": 0.8977, "car_tau_mean": 2.8816, "car_tau_std": 9.9477, "car_v_mean": 12.1575, "car_v_std": 4.3356}, "datetime": {"datetime": "2024-08-05 18:41:16", "elapsed": 1128.402839, "delta": 4.022192}}
{"target": -0.06408003434256071, "params": {"bus_acc": 1.8924, "bus_dcc": 3.2786, "bus_lcAssertive": 79.78, "bus_lcCooperative": 0.0823, "bus_lcLookaheadLeft": 85.9259, "bus_lcPushy": 0.0163, "bus_lcSublane": 0.5429, "bus_tau_mean": 2.232, "bus_tau_std": 5.144, "bus_v_mean": 13.1236, "bus_v_std": 7.9711, "car_acc": 1.5409, "car_dcc": 1.5748, "car_lcAssertive": 16.7455, "car_lcCooperative": 0.4565, "car_lcLookaheadLeft": 69.8179, "car_lcPushy": 0.2048, "car_lcSublane": 0.0401, "car_tau_mean": 3.5072, "car_tau_std": 6.4451, "car_v_mean": 14.409, "car_v_std": 2.9342}, "datetime": {"datetime": "2024-08-05 18:41:20", "elapsed": 1131.927057, "delta": 3.524218}}
{"target": -0.05693867134191947, "params": {"bus_acc": 1.8536, "bus_dcc": 1.6625, "bus_lcAssertive": 75.0546, "bus_lcCooperative": 0.6781, "bus_lcLookaheadLeft": 79.9742, "bus_lcPushy": 0.6995, "bus_lcSublane": 0.6992, "bus_tau_mean": 3.7731, "bus_tau_std": 1.6935, "bus_v_mean": 12.3906, "bus_v_std": 8.9082, "car_acc": 2.3903, "car_dcc": 3.9477, "car_lcAssertive": 68.6386, "car_lcCooperative": 0.8375, "car_lcLookaheadLeft": 22.4166, "car_lcPushy": 0.6293, "car_lcSublane": 0.088, "car_tau_mean": 2.9094, "car_tau_std": 6.9841, "car_v_mean": 14.3084, "car_v_std": 8.9542}, "datetime": {"datetime": "2024-08-05 18:41:22", "elapsed": 1133.753736, "delta": 1.826679}}
{"target": -0.0689260880986428, "params": {"bus_acc": 1.461, "bus_dcc": 2.6942, "bus_lcAssertive": 25.0466, "bus_lcCooperative": 0.0747, "bus_lcLookaheadLeft": 89.1498, "bus_lcPushy": 0.2948, "bus_lcSublane": 0.3579, "bus_tau_mean": 2.5312, "bus_tau_std": 5.4381, "bus_v_mean": 19.6187, "bus_v_std": 2.9395, "car_acc": 2.7145, "car_dcc": 2.8754, "car_lcAssertive": 29.0765, "car_lcCooperative": 0.3092, "car_lcLookaheadLeft": 14.6814, "car_lcPushy": 0.2264, "car_lcSublane": 0.204, "car_tau_mean": 3.9421, "car_tau_std": 2.8945, "car_v_mean": 14.4055, "car_v_std": 0.2458}, "datetime": {"datetime": "2024-08-05 18:41:25", "elapsed": 1137.135682, "delta": 3.381946}}
{"target": -0.04888660309772226, "params": {"bus_acc": 1.8873, "bus_dcc": 1.8031, "bus_lcAssertive": 88.6211, "bus_lcCooperative": 0.2966, "bus_lcLookaheadLeft": 53.6787, "bus_lcPushy": 0.8867, "bus_lcSublane": 0.7686, "bus_tau_mean": 3.5966, "bus_tau_std": 2.9635, "bus_v_mean": 18.6322, "bus_v_std": 8.57, "car_acc": 1.1209, "car_dcc": 1.1907, "car_lcAssertive": 33.5938, "car_lcCooperative": 0.2481, "car_lcLookaheadLeft": 78.1671, "car_lcPushy": 0.1125, "car_lcSublane": 0.5069, "car_tau_mean": 1.9684, "car_tau_std": 0.5704, "car_v_mean": 9.1129, "car_v_std": 0.3038}, "datetime": {"datetime": "2024-08-05 18:41:27", "elapsed": 1139.561914, "delta": 2.426232}}
{"target": -0.05529143613265899, "params": {"bus_acc": 2.5907, "bus_dcc": 1.3276, "bus_lcAssertive": 67.1046, "bus_lcCooperative": 0.0605, "bus_lcLookaheadLeft": 87.8286, "bus_lcPushy": 0.0599, "bus_lcSublane": 0.1982, "bus_tau_mean": 0.6719, "bus_tau_std": 5.0753, "bus_v_mean": 21.8678, "bus_v_std": 8.7202, "car_acc": 2.0626, "car_dcc": 3.5552, "car_lcAssertive": 86.2614, "car_lcCooperative": 0.118, "car_lcLookaheadLeft": 91.6525, "car_lcPushy": 0.4722, "car_lcSublane": 0.1896, "car_tau_mean": 0.8067, "car_tau_std": 3.9878, "car_v_mean": 15.4106, "car_v_std": 5.0335}, "datetime": {"datetime": "2024-08-05 18:41:29", "elapsed": 1141.661141, "delta": 2.099227}}
{"target": -0.06299365185514601, "params": {"bus_acc": 1.0614, "bus_dcc": 1.9305, "bus_lcAssertive": 55.452, "bus_lcCooperative": 0.0789, "bus_lcLookaheadLeft": 58.8181, "bus_lcPushy": 0.5159, "bus_lcSublane": 0.3816, "bus_tau_mean": 0.7697, "bus_tau_std": 0.6933, "bus_v_mean": 22.3483, "bus_v_std": 8.4488, "car_acc": 2.7416, "car_dcc": 3.6161, "car_lcAssertive": 70.9347, "car_lcCooperative": 0.7133, "car_lcLookaheadLeft": 18.7198, "car_lcPushy": 0.8961, "car_lcSublane": 0.6235, "car_tau_mean": 2.6784, "car_tau_std": 1.4626, "car_v_mean": 16.5915, "car_v_std": 7.3395}, "datetime": {"datetime": "2024-08-05 18:41:32", "elapsed": 1144.034696, "delta": 2.373555}}
{"target": -0.06322998187423129, "params": {"bus_acc": 2.9627, "bus_dcc": 1.6127, "bus_lcAssertive": 53.9102, "bus_lcCooperative": 0.1747, "bus_lcLookaheadLeft": 49.129, "bus_lcPushy": 0.5742, "bus_lcSublane": 0.8734, "bus_tau_mean": 1.5621, "bus_tau_std": 5.3546, "bus_v_mean": 15.7393, "bus_v_std": 9.1011, "car_acc": 2.8525, "car_dcc": 3.4918, "car_lcAssertive": 9.2685, "car_lcCooperative": 0.869, "car_lcLookaheadLeft": 24.1095, "car_lcPushy": 0.1835, "car_lcSublane": 0.7634, "car_tau_mean": 2.4988, "car_tau_std": 4.0656, "car_v_mean": 19.8704, "car_v_std": 3.6705}, "datetime": {"datetime": "2024-08-05 18:41:36", "elapsed": 1147.995817, "delta": 3.961121}}
{"target": -0.06388052446686669, "params": {"bus_acc": 1.9846, "bus_dcc": 3.4736, "bus_lcAssertive": 54.2049, "bus_lcCooperative": 0.507, "bus_lcLookaheadLeft": 62.043, "bus_lcPushy": 0.1133, "bus_lcSublane": 0.1788, "bus_tau_mean": 3.0079, "bus_tau_std": 6.1349, "bus_v_mean": 21.9037, "bus_v_std": 4.3076, "car_acc": 1.4071, "car_dcc": 1.5613, "car_lcAssertive": 81.2993, "car_lcCooperative": 0.7172, "car_lcLookaheadLeft": 99.6985, "car_lcPushy": 0.5481, "car_lcSublane": 0.6437, "car_tau_mean": 1.7533, "car_tau_std": 3.034, "car_v_mean": 18.3378, "car_v_std": 4.5495}, "datetime": {"datetime": "2024-08-05 18:41:39", "elapsed": 1150.867182, "delta": 2.871365}}
{"target": -0.05746004167611633, "params": {"bus_acc": 1.0132, "bus_dcc": 3.2678, "bus_lcAssertive": 74.8165, "bus_lcCooperative": 0.9448, "bus_lcLookaheadLeft": 74.3706, "bus_lcPushy": 0.5908, "bus_lcSublane": 0.8414, "bus_tau_mean": 2.456, "bus_tau_std": 3.3071, "bus_v_mean": 15.224, "bus_v_std": 9.78, "car_acc": 1.0951, "car_dcc": 3.6721, "car_lcAssertive": 15.4206, "car_lcCooperative": 0.8785, "car_lcLookaheadLeft": 17.3003, "car_lcPushy": 0.1158, "car_lcSublane": 0.7742, "car_tau_mean": 2.3989, "car_tau_std": 5.5261, "car_v_mean": 22.6189, "car_v_std": 6.6373}, "datetime": {"datetime": "2024-08-05 18:41:41", "elapsed": 1153.4056, "delta": 2.538418}}
{"target": -0.06641441996446606, "params": {"bus_acc": 2.3148, "bus_dcc": 3.4526, "bus_lcAssertive": 59.9893, "bus_lcCooperative": 0.1989, "bus_lcLookaheadLeft": 90.4066, "bus_lcPushy": 0.6099, "bus_lcSublane": 0.3341, "bus_tau_mean": 2.0307, "bus_tau_std": 4.8133, "bus_v_mean": 16.3193, "bus_v_std": 9.9458, "car_acc": 2.203, "car_dcc": 2.069, "car_lcAssertive": 98.4604, "car_lcCooperative": 0.4006, "car_lcLookaheadLeft": 68.3706, "car_lcPushy": 0.9794, "car_lcSublane": 0.4338, "car_tau_mean": 1.0667, "car_tau_std": 3.0218, "car_v_mean": 21.6483, "car_v_std": 7.753}, "datetime": {"datetime": "2024-08-05 18:41:47", "elapsed": 1159.623014, "delta": 6.217414}}
{"target": -0.06028523017607069, "params": {"bus_acc": 1.8921, "bus_dcc": 3.9936, "bus_lcAssertive": 11.486, "bus_lcCooperative": 0.655, "bus_lcLookaheadLeft": 88.4703, "bus_lcPushy": 0.2463, "bus_lcSublane": 0.8735, "bus_tau_mean": 2.594, "bus_tau_std": 4.6538, "bus_v_mean": 19.8821, "bus_v_std": 0.8752, "car_acc": 2.6661, "car_dcc": 3.8422, "car_lcAssertive": 32.9357, "car_lcCooperative": 0.3804, "car_lcLookaheadLeft": 48.5377, "car_lcPushy": 0.5934, "car_lcSublane": 0.2565, "car_tau_mean": 2.7778, "car_tau_std": 9.6072, "car_v_mean": 14.6775, "car_v_std": 6.1266}, "datetime": {"datetime": "2024-08-05 18:41:50", "elapsed": 1162.480866, "delta": 2.857852}}
{"target": -0.07107907398444635, "params": {"bus_acc": 1.4527, "bus_dcc": 3.3327, "bus_lcAssertive": 12.7326, "bus_lcCooperative": 0.1889, "bus_lcLookaheadLeft": 12.6784, "bus_lcPushy": 0.9823, "bus_lcSublane": 0.6436, "bus_tau_mean": 2.9418, "bus_tau_std": 7.1125, "bus_v_mean": 20.322, "bus_v_std": 0.6927, "car_acc": 2.1842, "car_dcc": 2.6626, "car_lcAssertive": 92.5071, "car_lcCooperative": 0.655, "car_lcLookaheadLeft": 82.5415, "car_lcPushy": 0.9707, "car_lcSublane": 0.4858, "car_tau_mean": 3.0978, "car_tau_std": 1.2275, "car_v_mean": 22.8599, "car_v_std": 8.1818}, "datetime": {"datetime": "2024-08-05 18:42:14", "elapsed": 1186.468345, "delta": 23.987479}}
