{"target": -0.3191818163242952, "params": {"bus_acc": 4.2873, "bus_dcc": 3.1188, "bus_lcAssertive": 86.3146, "bus_lcCooperative": 0.737, "bus_lcLookaheadLeft": 59.3658, "bus_lcPushy": 0.5128, "bus_lcSigma": 0.349, "bus_lcSpeedGainRight": 4.553, "bus_lcSublane": 0.5517, "bus_sigma": 0.359, "bus_tau_mean": 3.299, "bus_tau_std": 7.9899, "bus_v_mean": 17.1914, "bus_v_std": 11.0983, "car_acc": 1.6297, "car_dcc": 1.2906, "car_lcAssertive": 28.885, "car_lcCooperative": 0.8283, "car_lcLookaheadLeft": 71.1268, "car_lcPushy": 0.5196, "car_lcSigma": 0.1739, "car_lcSpeedGainRight": 4.0201, "car_lcSublane": 0.8329, "car_sigma": 0.6858, "car_tau_mean": 2.9511, "car_tau_std": 7.0201, "car_v_mean": 12.9019, "car_v_std": 15.9194}, "datetime": {"datetime": "2024-08-08 13:22:16", "elapsed": 2124.178314, "delta": 1.802805}}
{"target": -0.3691757920503299, "params": {"bus_acc": 1.4053, "bus_dcc": 1.944, "bus_lcAssertive": 79.6951, "bus_lcCooperative": 0.6974, "bus_lcLookaheadLeft": 25.5069, "bus_lcPushy": 0.5401, "bus_lcSigma": 0.6307, "bus_lcSpeedGainRight": 3.5804, "bus_lcSublane": 0.4962, "bus_sigma": 0.4525, "bus_tau_mean": 1.5877, "bus_tau_std": 2.1356, "bus_v_mean": 10.0609, "bus_v_std": 13.3232, "car_acc": 3.7649, "car_dcc": 3.0801, "car_lcAssertive": 1.4057, "car_lcCooperative": 0.4129, "car_lcLookaheadLeft": 14.039, "car_lcPushy": 0.4902, "car_lcSigma": 0.8869, "car_lcSpeedGainRight": 2.4826, "car_lcSublane": 0.3682, "car_sigma": 0.7818, "car_tau_mean": 3.8572, "car_tau_std": 2.7378, "car_v_mean": 21.0022, "car_v_std": 19.55}, "datetime": {"datetime": "2024-08-08 13:22:17", "elapsed": 2125.324197, "delta": 1.145883}}
{"target": -0.3235680597790585, "params": {"bus_acc": 1.4078, "bus_dcc": 1.9454, "bus_lcAssertive": 79.6972, "bus_lcCooperative": 0.6972, "bus_lcLookaheadLeft": 25.5021, "bus_lcPushy": 0.5399, "bus_lcSigma": 0.6311, "bus_lcSpeedGainRight": 3.5802, "bus_lcSublane": 0.4967, "bus_sigma": 0.4531, "bus_tau_mean": 1.5876, "bus_tau_std": 2.1336, "bus_v_mean": 10.066, "bus_v_std": 13.3267, "car_acc": 3.7656, "car_dcc": 3.0802, "car_lcAssertive": 1.4063, "car_lcCooperative": 0.4129, "car_lcLookaheadLeft": 14.0395, "car_lcPushy": 0.4899, "car_lcSigma": 0.8861, "car_lcSpeedGainRight": 2.4825, "car_lcSublane": 0.3682, "car_sigma": 0.7815, "car_tau_mean": 3.8572, "car_tau_std": 2.7367, "car_v_mean": 21.0035, "car_v_std": 19.5469}, "datetime": {"datetime": "2024-08-08 13:22:18", "elapsed": 2126.286503, "delta": 0.962306}}
{"target": -0.32891767918707676, "params": {"bus_acc": 1.4059, "bus_dcc": 1.9442, "bus_lcAssertive": 79.696, "bus_lcCooperative": 0.6975, "bus_lcLookaheadLeft": 25.5054, "bus_lcPushy": 0.54, "bus_lcSigma": 0.6311, "bus_lcSpeedGainRight": 3.5804, "bus_lcSublane": 0.4963, "bus_sigma": 0.4526, "bus_tau_mean": 1.5878, "bus_tau_std": 2.135, "bus_v_mean": 10.0625, "bus_v_std": 13.3242, "car_acc": 3.7651, "car_dcc": 3.0802, "car_lcAssertive": 1.4059, "car_lcCooperative": 0.4131, "car_lcLookaheadLeft": 14.0391, "car_lcPushy": 0.4901, "car_lcSigma": 0.8868, "car_lcSpeedGainRight": 2.4826, "car_lcSublane": 0.3684, "car_sigma": 0.7819, "car_tau_mean": 3.8572, "car_tau_std": 2.7374, "car_v_mean": 21.0026, "car_v_std": 19.549}, "datetime": {"datetime": "2024-08-08 13:22:20", "elapsed": 2127.587102, "delta": 1.300599}}
{"target": -0.31950519757540713, "params": {"bus_acc": 1.3819, "bus_dcc": 1.9304, "bus_lcAssertive": 79.6776, "bus_lcCooperative": 0.699, "bus_lcLookaheadLeft": 25.5481, "bus_lcPushy": 0.5412, "bus_lcSigma": 0.6276, "bus_lcSpeedGainRight": 3.5824, "bus_lcSublane": 0.4942, "bus_sigma": 0.4492, "bus_tau_mean": 1.587, "bus_tau_std": 2.1527, "bus_v_mean": 10.0215, "bus_v_std": 13.2957, "car_acc": 3.7592, "car_dcc": 3.079, "car_lcAssertive": 1.3991, "car_lcCooperative": 0.4147, "car_lcLookaheadLeft": 14.0372, "car_lcPushy": 0.4929, "car_lcSigma": 0.8934, "car_lcSpeedGainRight": 2.4837, "car_lcSublane": 0.3687, "car_sigma": 0.7841, "car_tau_mean": 3.8596, "car_tau_std": 2.7469, "car_v_mean": 20.9919, "car_v_std": 19.5758}, "datetime": {"datetime": "2024-08-08 13:22:22", "elapsed": 2130.273424, "delta": 2.686322}}
{"target": -0.34830625434549145, "params": {"bus_acc": 1.4082, "bus_dcc": 1.9456, "bus_lcAssertive": 79.6975, "bus_lcCooperative": 0.6974, "bus_lcLookaheadLeft": 25.5016, "bus_lcPushy": 0.5399, "bus_lcSigma": 0.6314, "bus_lcSpeedGainRight": 3.5802, "bus_lcSublane": 0.4965, "bus_sigma": 0.4529, "bus_tau_mean": 1.5878, "bus_tau_std": 2.1336, "bus_v_mean": 10.0666, "bus_v_std": 13.3272, "car_acc": 3.766, "car_dcc": 3.0805, "car_lcAssertive": 1.4064, "car_lcCooperative": 0.4127, "car_lcLookaheadLeft": 14.0395, "car_lcPushy": 0.4899, "car_lcSigma": 0.8862, "car_lcSpeedGainRight": 2.4827, "car_lcSublane": 0.3682, "car_sigma": 0.7817, "car_tau_mean": 3.8569, "car_tau_std": 2.7365, "car_v_mean": 21.0039, "car_v_std": 19.5467}, "datetime": {"datetime": "2024-08-08 13:22:30", "elapsed": 2137.645913, "delta": 7.372489}}
{"target": -0.3687690882149367, "params": {"bus_acc": 2.1037, "bus_dcc": 3.3188, "bus_lcAssertive": 52.9377, "bus_lcCooperative": 0.3945, "bus_lcLookaheadLeft": 94.8629, "bus_lcPushy": 0.0663, "bus_lcSigma": 0.8512, "bus_lcSpeedGainRight": 1.3769, "bus_lcSublane": 0.6845, "bus_sigma": 0.9776, "bus_tau_mean": 2.2044, "bus_tau_std": 5.6238, "bus_v_mean": 12.6251, "bus_v_std": 12.2042, "car_acc": 4.1192, "car_dcc": 2.1471, "car_lcAssertive": 22.9191, "car_lcCooperative": 0.9087, "car_lcLookaheadLeft": 69.169, "car_lcPushy": 0.268, "car_lcSigma": 0.4806, "car_lcSpeedGainRight": 1.0782, "car_lcSublane": 0.3397, "car_sigma": 0.5099, "car_tau_mean": 3.9856, "car_tau_std": 8.1816, "car_v_mean": 22.8977, "car_v_std": 4.9346}, "datetime": {"datetime": "2024-08-08 13:22:31", "elapsed": 2138.9284, "delta": 1.282487}}
{"target": -0.3394472820834013, "params": {"bus_acc": 1.38, "bus_dcc": 1.9292, "bus_lcAssertive": 79.6764, "bus_lcCooperative": 0.6992, "bus_lcLookaheadLeft": 25.5513, "bus_lcPushy": 0.5413, "bus_lcSigma": 0.6276, "bus_lcSpeedGainRight": 3.5824, "bus_lcSublane": 0.494, "bus_sigma": 0.449, "bus_tau_mean": 1.5868, "bus_tau_std": 2.1538, "bus_v_mean": 10.0181, "bus_v_std": 13.2933, "car_acc": 3.7585, "car_dcc": 3.079, "car_lcAssertive": 1.3985, "car_lcCooperative": 0.415, "car_lcLookaheadLeft": 14.0369, "car_lcPushy": 0.4931, "car_lcSigma": 0.8939, "car_lcSpeedGainRight": 2.4836, "car_lcSublane": 0.3687, "car_sigma": 0.7843, "car_tau_mean": 3.8596, "car_tau_std": 2.7476, "car_v_mean": 20.9911, "car_v_std": 19.5776}, "datetime": {"datetime": "2024-08-08 13:22:33", "elapsed": 2140.72462, "delta": 1.79622}}
{"target": -0.35216913206481526, "params": {"bus_acc": 3.5364, "bus_dcc": 1.854, "bus_lcAssertive": 91.7816, "bus_lcCooperative": 0.8252, "bus_lcLookaheadLeft": 18.2373, "bus_lcPushy": 0.7194, "bus_lcSigma": 0.818, "bus_lcSpeedGainRight": 2.3585, "bus_lcSublane": 0.9959, "bus_sigma": 0.8891, "bus_tau_mean": 0.9089, "bus_tau_std": 1.2881, "bus_v_mean": 15.1366, "bus_v_std": 12.8261, "car_acc": 4.188, "car_dcc": 2.0104, "car_lcAssertive": 39.3734, "car_lcCooperative": 0.8138, "car_lcLookaheadLeft": 33.8747, "car_lcPushy": 0.8704, "car_lcSigma": 0.8551, "car_lcSpeedGainRight": 4.4466, "car_lcSublane": 0.8553, "car_sigma": 0.9536, "car_tau_mean": 0.5685, "car_tau_std": 2.4255, "car_v_mean": 16.3406, "car_v_std": 6.1983}, "datetime": {"datetime": "2024-08-08 13:22:34", "elapsed": 2142.052548, "delta": 1.327928}}
{"target": -0.34112626112690425, "params": {"bus_acc": 1.9343, "bus_dcc": 2.4363, "bus_lcAssertive": 40.0551, "bus_lcCooperative": 0.6771, "bus_lcLookaheadLeft": 28.0759, "bus_lcPushy": 0.5673, "bus_lcSigma": 0.6377, "bus_lcSpeedGainRight": 3.4272, "bus_lcSublane": 0.0044, "bus_sigma": 0.1175, "bus_tau_mean": 3.4063, "bus_tau_std": 1.4091, "bus_v_mean": 20.8325, "bus_v_std": 12.5708, "car_acc": 4.8806, "car_dcc": 1.852, "car_lcAssertive": 72.3707, "car_lcCooperative": 0.7491, "car_lcLookaheadLeft": 10.7792, "car_lcPushy": 0.7644, "car_lcSigma": 0.3618, "car_lcSpeedGainRight": 0.4059, "car_lcSublane": 0.8037, "car_sigma": 0.8949, "car_tau_mean": 3.9885, "car_tau_std": 4.4976, "car_v_mean": 16.9274, "car_v_std": 13.5393}, "datetime": {"datetime": "2024-08-08 13:22:36", "elapsed": 2143.805014, "delta": 1.752466}}
{"target": -0.36299889038604954, "params": {"bus_acc": 4.0978, "bus_dcc": 3.4946, "bus_lcAssertive": 37.7274, "bus_lcCooperative": 0.5529, "bus_lcLookaheadLeft": 79.0009, "bus_lcPushy": 0.3693, "bus_lcSigma": 0.6583, "bus_lcSpeedGainRight": 0.6943, "bus_lcSublane": 0.0653, "bus_sigma": 0.7899, "bus_tau_mean": 2.2263, "bus_tau_std": 7.5919, "bus_v_mean": 22.0688, "bus_v_std": 2.5448, "car_acc": 2.722, "car_dcc": 3.6988, "car_lcAssertive": 17.5101, "car_lcCooperative": 0.5152, "car_lcLookaheadLeft": 46.1399, "car_lcPushy": 0.0509, "car_lcSigma": 0.909, "car_lcSpeedGainRight": 0.1142, "car_lcSublane": 0.0807, "car_sigma": 0.1016, "car_tau_mean": 2.9968, "car_tau_std": 9.0583, "car_v_mean": 20.7286, "car_v_std": 16.5898}, "datetime": {"datetime": "2024-08-08 13:22:37", "elapsed": 2145.146379, "delta": 1.341365}}
{"target": -0.3449112882489929, "params": {"bus_acc": 1.3669, "bus_dcc": 1.9218, "bus_lcAssertive": 79.6664, "bus_lcCooperative": 0.6998, "bus_lcLookaheadLeft": 25.5742, "bus_lcPushy": 0.5417, "bus_lcSigma": 0.6257, "bus_lcSpeedGainRight": 3.5836, "bus_lcSublane": 0.4925, "bus_sigma": 0.4471, "bus_tau_mean": 1.5866, "bus_tau_std": 2.1636, "bus_v_mean": 9.9957, "bus_v_std": 13.2776, "car_acc": 3.7552, "car_dcc": 3.0783, "car_lcAssertive": 1.395, "car_lcCooperative": 0.4158, "car_lcLookaheadLeft": 14.0358, "car_lcPushy": 0.4943, "car_lcSigma": 0.8973, "car_lcSpeedGainRight": 2.4843, "car_lcSublane": 0.369, "car_sigma": 0.7854, "car_tau_mean": 3.8608, "car_tau_std": 2.753, "car_v_mean": 20.9849, "car_v_std": 19.5922}, "datetime": {"datetime": "2024-08-08 13:22:38", "elapsed": 2146.32896, "delta": 1.182581}}
{"target": -0.33716261248284907, "params": {"bus_acc": 1.3742, "bus_dcc": 1.9259, "bus_lcAssertive": 79.6722, "bus_lcCooperative": 0.6993, "bus_lcLookaheadLeft": 25.5613, "bus_lcPushy": 0.5414, "bus_lcSigma": 0.6266, "bus_lcSpeedGainRight": 3.5828, "bus_lcSublane": 0.4933, "bus_sigma": 0.4482, "bus_tau_mean": 1.5866, "bus_tau_std": 2.1581, "bus_v_mean": 10.0087, "bus_v_std": 13.2867, "car_acc": 3.7573, "car_dcc": 3.0785, "car_lcAssertive": 1.3969, "car_lcCooperative": 0.4152, "car_lcLookaheadLeft": 14.0366, "car_lcPushy": 0.4935, "car_lcSigma": 0.8953, "car_lcSpeedGainRight": 2.4838, "car_lcSublane": 0.3688, "car_sigma": 0.7847, "car_tau_mean": 3.8603, "car_tau_std": 2.75, "car_v_mean": 20.9885, "car_v_std": 19.584}, "datetime": {"datetime": "2024-08-08 13:22:40", "elapsed": 2147.697031, "delta": 1.368071}}
{"target": -0.33770503708866717, "params": {"bus_acc": 1.366, "bus_dcc": 1.9212, "bus_lcAssertive": 79.6658, "bus_lcCooperative": 0.7001, "bus_lcLookaheadLeft": 25.5755, "bus_lcPushy": 0.542, "bus_lcSigma": 0.6258, "bus_lcSpeedGainRight": 3.5835, "bus_lcSublane": 0.4927, "bus_sigma": 0.4472, "bus_tau_mean": 1.5866, "bus_tau_std": 2.1639, "bus_v_mean": 9.9945, "bus_v_std": 13.2768, "car_acc": 3.755, "car_dcc": 3.078, "car_lcAssertive": 1.3948, "car_lcCooperative": 0.4158, "car_lcLookaheadLeft": 14.0357, "car_lcPushy": 0.4946, "car_lcSigma": 0.8977, "car_lcSpeedGainRight": 2.4842, "car_lcSublane": 0.3692, "car_sigma": 0.7856, "car_tau_mean": 3.8609, "car_tau_std": 2.753, "car_v_mean": 20.9846, "car_v_std": 19.5929}, "datetime": {"datetime": "2024-08-08 13:22:41", "elapsed": 2149.02882, "delta": 1.331789}}
{"target": -0.32974352461275647, "params": {"bus_acc": 4.9468, "bus_dcc": 1.8873, "bus_lcAssertive": 78.7336, "bus_lcCooperative": 0.6123, "bus_lcLookaheadLeft": 26.9707, "bus_lcPushy": 0.8411, "bus_lcSigma": 0.5912, "bus_lcSpeedGainRight": 4.8222, "bus_lcSublane": 0.1458, "bus_sigma": 0.7223, "bus_tau_mean": 2.0387, "bus_tau_std": 2.692, "bus_v_mean": 19.126, "bus_v_std": 1.2849, "car_acc": 3.1725, "car_dcc": 2.412, "car_lcAssertive": 3.5444, "car_lcCooperative": 0.2139, "car_lcLookaheadLeft": 90.5087, "car_lcPushy": 0.9575, "car_lcSigma": 0.8207, "car_lcSpeedGainRight": 1.4471, "car_lcSublane": 0.1411, "car_sigma": 0.3492, "car_tau_mean": 1.4958, "car_tau_std": 3.05, "car_v_mean": 18.042, "car_v_std": 10.4977}, "datetime": {"datetime": "2024-08-08 13:22:42", "elapsed": 2149.917756, "delta": 0.888936}}
{"target": -0.35797524824088855, "params": {"bus_acc": 1.3694, "bus_dcc": 1.9231, "bus_lcAssertive": 79.6684, "bus_lcCooperative": 0.6997, "bus_lcLookaheadLeft": 25.5695, "bus_lcPushy": 0.5416, "bus_lcSigma": 0.626, "bus_lcSpeedGainRight": 3.5832, "bus_lcSublane": 0.4928, "bus_sigma": 0.4475, "bus_tau_mean": 1.5865, "bus_tau_std": 2.1614, "bus_v_mean": 10.0003, "bus_v_std": 13.2808, "car_acc": 3.7559, "car_dcc": 3.0782, "car_lcAssertive": 1.3956, "car_lcCooperative": 0.4156, "car_lcLookaheadLeft": 14.036, "car_lcPushy": 0.494, "car_lcSigma": 0.8966, "car_lcSpeedGainRight": 2.484, "car_lcSublane": 0.3689, "car_sigma": 0.7851, "car_tau_mean": 3.8605, "car_tau_std": 2.7517, "car_v_mean": 20.9862, "car_v_std": 19.589}, "datetime": {"datetime": "2024-08-08 13:22:44", "elapsed": 2151.84354, "delta": 1.925784}}
{"target": -0.36561441013421914, "params": {"bus_acc": 4.4769, "bus_dcc": 2.5304, "bus_lcAssertive": 88.3078, "bus_lcCooperative": 0.1011, "bus_lcLookaheadLeft": 54.1751, "bus_lcPushy": 0.4111, "bus_lcSigma": 0.734, "bus_lcSpeedGainRight": 4.0502, "bus_lcSublane": 0.4907, "bus_sigma": 0.561, "bus_tau_mean": 1.4551, "bus_tau_std": 5.9435, "bus_v_mean": 22.7279, "bus_v_std": 0.5541, "car_acc": 3.24, "car_dcc": 1.2825, "car_lcAssertive": 94.2922, "car_lcCooperative": 0.8687, "car_lcLookaheadLeft": 92.4042, "car_lcPushy": 0.3697, "car_lcSigma": 0.9688, "car_lcSpeedGainRight": 0.7961, "car_lcSublane": 0.6167, "car_sigma": 0.6084, "car_tau_mean": 2.192, "car_tau_std": 8.7252, "car_v_mean": 22.4709, "car_v_std": 14.6437}, "datetime": {"datetime": "2024-08-08 13:22:48", "elapsed": 2155.631375, "delta": 3.787835}}
{"target": -0.32783733603850185, "params": {"bus_acc": 1.4046, "bus_dcc": 1.9436, "bus_lcAssertive": 79.6949, "bus_lcCooperative": 0.6976, "bus_lcLookaheadLeft": 25.508, "bus_lcPushy": 0.5403, "bus_lcSigma": 0.6309, "bus_lcSpeedGainRight": 3.5807, "bus_lcSublane": 0.4961, "bus_sigma": 0.4524, "bus_tau_mean": 1.5877, "bus_tau_std": 2.1363, "bus_v_mean": 10.0599, "bus_v_std": 13.3227, "car_acc": 3.765, "car_dcc": 3.0803, "car_lcAssertive": 1.4055, "car_lcCooperative": 0.413, "car_lcLookaheadLeft": 14.0392, "car_lcPushy": 0.4905, "car_lcSigma": 0.8872, "car_lcSpeedGainRight": 2.4828, "car_lcSublane": 0.3685, "car_sigma": 0.782, "car_tau_mean": 3.8575, "car_tau_std": 2.7382, "car_v_mean": 21.0019, "car_v_std": 19.5507}, "datetime": {"datetime": "2024-08-08 13:22:52", "elapsed": 2159.558659, "delta": 3.927284}}
{"target": -0.3477932876189142, "params": {"bus_acc": 1.375, "bus_dcc": 1.9265, "bus_lcAssertive": 79.6725, "bus_lcCooperative": 0.6995, "bus_lcLookaheadLeft": 25.5601, "bus_lcPushy": 0.5416, "bus_lcSigma": 0.6269, "bus_lcSpeedGainRight": 3.583, "bus_lcSublane": 0.4935, "bus_sigma": 0.4483, "bus_tau_mean": 1.5868, "bus_tau_std": 2.1577, "bus_v_mean": 10.0097, "bus_v_std": 13.2875, "car_acc": 3.7574, "car_dcc": 3.0787, "car_lcAssertive": 1.3972, "car_lcCooperative": 0.4152, "car_lcLookaheadLeft": 14.0367, "car_lcPushy": 0.4936, "car_lcSigma": 0.8953, "car_lcSpeedGainRight": 2.484, "car_lcSublane": 0.369, "car_sigma": 0.7848, "car_tau_mean": 3.8602, "car_tau_std": 2.7496, "car_v_mean": 20.9886, "car_v_std": 19.5831}, "datetime": {"datetime": "2024-08-08 13:22:55", "elapsed": 2163.297692, "delta": 3.739033}}
{"target": -0.3558377471857814, "params": {"bus_acc": 1.3814, "bus_dcc": 1.9302, "bus_lcAssertive": 79.6774, "bus_lcCooperative": 0.6991, "bus_lcLookaheadLeft": 25.5486, "bus_lcPushy": 0.5413, "bus_lcSigma": 0.6278, "bus_lcSpeedGainRight": 3.5825, "bus_lcSublane": 0.4941, "bus_sigma": 0.4493, "bus_tau_mean": 1.5868, "bus_tau_std": 2.1528, "bus_v_mean": 10.0205, "bus_v_std": 13.2949, "car_acc": 3.7589, "car_dcc": 3.0789, "car_lcAssertive": 1.399, "car_lcCooperative": 0.4149, "car_lcLookaheadLeft": 14.037, "car_lcPushy": 0.4929, "car_lcSigma": 0.8935, "car_lcSpeedGainRight": 2.4835, "car_lcSublane": 0.3689, "car_sigma": 0.7842, "car_tau_mean": 3.8594, "car_tau_std": 2.747, "car_v_mean": 20.9915, "car_v_std": 19.5762}, "datetime": {"datetime": "2024-08-08 13:22:57", "elapsed": 2164.715169, "delta": 1.417477}}
{"target": -0.3377552663094402, "params": {"bus_acc": 1.3097, "bus_dcc": 1.8887, "bus_lcAssertive": 79.6236, "bus_lcCooperative": 0.7035, "bus_lcLookaheadLeft": 25.6743, "bus_lcPushy": 0.5442, "bus_lcSigma": 0.6181, "bus_lcSpeedGainRight": 3.5879, "bus_lcSublane": 0.4871, "bus_sigma": 0.4392, "bus_tau_mean": 1.5849, "bus_tau_std": 2.2047, "bus_v_mean": 9.8987, "bus_v_std": 13.2099, "car_acc": 3.7407, "car_dcc": 3.0751, "car_lcAssertive": 1.3791, "car_lcCooperative": 0.42, "car_lcLookaheadLeft": 14.031, "car_lcPushy": 0.5004, "car_lcSigma": 0.9128, "car_lcSpeedGainRight": 2.4865, "car_lcSublane": 0.37, "car_sigma": 0.7907, "car_tau_mean": 3.8661, "car_tau_std": 2.7751, "car_v_mean": 20.9592, "car_v_std": 19.6543}, "datetime": {"datetime": "2024-08-08 13:23:00", "elapsed": 2168.100276, "delta": 3.385107}}
{"target": -0.37017678365483986, "params": {"bus_acc": 1.3843, "bus_dcc": 1.9319, "bus_lcAssertive": 79.6796, "bus_lcCooperative": 0.6989, "bus_lcLookaheadLeft": 25.5435, "bus_lcPushy": 0.5411, "bus_lcSigma": 0.6281, "bus_lcSpeedGainRight": 3.5822, "bus_lcSublane": 0.4944, "bus_sigma": 0.4497, "bus_tau_mean": 1.5871, "bus_tau_std": 2.1509, "bus_v_mean": 10.0255, "bus_v_std": 13.2986, "car_acc": 3.7598, "car_dcc": 3.0792, "car_lcAssertive": 1.3998, "car_lcCooperative": 0.4146, "car_lcLookaheadLeft": 14.0373, "car_lcPushy": 0.4926, "car_lcSigma": 0.8927, "car_lcSpeedGainRight": 2.4836, "car_lcSublane": 0.3688, "car_sigma": 0.7839, "car_tau_mean": 3.8592, "car_tau_std": 2.7461, "car_v_mean": 20.993, "car_v_std": 19.573}, "datetime": {"datetime": "2024-08-08 13:23:04", "elapsed": 2172.437471, "delta": 4.337195}}
{"target": -0.3355036716518486, "params": {"bus_acc": 3.963, "bus_dcc": 2.8362, "bus_lcAssertive": 76.9826, "bus_lcCooperative": 0.9975, "bus_lcLookaheadLeft": 41.8432, "bus_lcPushy": 0.8137, "bus_lcSigma": 0.0135, "bus_lcSpeedGainRight": 2.435, "bus_lcSublane": 0.2142, "bus_sigma": 0.0746, "bus_tau_mean": 3.7346, "bus_tau_std": 1.2289, "bus_v_mean": 11.6774, "bus_v_std": 14.8477, "car_acc": 4.1955, "car_dcc": 1.9928, "car_lcAssertive": 46.4652, "car_lcCooperative": 0.9943, "car_lcLookaheadLeft": 7.9544, "car_lcPushy": 0.8893, "car_lcSigma": 0.9304, "car_lcSpeedGainRight": 1.4594, "car_lcSublane": 0.7928, "car_sigma": 0.2657, "car_tau_mean": 1.971, "car_tau_std": 6.3913, "car_v_mean": 13.3291, "car_v_std": 9.8143}, "datetime": {"datetime": "2024-08-08 13:23:06", "elapsed": 2173.930018, "delta": 1.492547}}
{"target": -0.3941018941836694, "params": {"bus_acc": 1.3688, "bus_dcc": 1.9228, "bus_lcAssertive": 79.6681, "bus_lcCooperative": 0.6997, "bus_lcLookaheadLeft": 25.5707, "bus_lcPushy": 0.5416, "bus_lcSigma": 0.6259, "bus_lcSpeedGainRight": 3.5833, "bus_lcSublane": 0.4928, "bus_sigma": 0.4476, "bus_tau_mean": 1.5865, "bus_tau_std": 2.1619, "bus_v_mean": 9.9995, "bus_v_std": 13.2803, "car_acc": 3.7559, "car_dcc": 3.0782, "car_lcAssertive": 1.3954, "car_lcCooperative": 0.4158, "car_lcLookaheadLeft": 14.0362, "car_lcPushy": 0.4941, "car_lcSigma": 0.8967, "car_lcSpeedGainRight": 2.4841, "car_lcSublane": 0.3691, "car_sigma": 0.7852, "car_tau_mean": 3.8608, "car_tau_std": 2.7519, "car_v_mean": 20.9861, "car_v_std": 19.5899}, "datetime": {"datetime": "2024-08-08 13:23:09", "elapsed": 2177.448068, "delta": 3.51805}}
{"target": -0.34564623768563957, "params": {"bus_acc": 2.8059, "bus_dcc": 2.4418, "bus_lcAssertive": 98.3594, "bus_lcCooperative": 0.1937, "bus_lcLookaheadLeft": 90.9822, "bus_lcPushy": 0.6356, "bus_lcSigma": 0.3063, "bus_lcSpeedGainRight": 3.9118, "bus_lcSublane": 0.475, "bus_sigma": 0.5976, "bus_tau_mean": 0.9878, "bus_tau_std": 2.7623, "bus_v_mean": 13.9787, "bus_v_std": 15.0553, "car_acc": 3.8805, "car_dcc": 2.8562, "car_lcAssertive": 33.4064, "car_lcCooperative": 0.8507, "car_lcLookaheadLeft": 18.6131, "car_lcPushy": 0.8008, "car_lcSigma": 0.517, "car_lcSpeedGainRight": 2.5906, "car_lcSublane": 0.5038, "car_sigma": 0.9652, "car_tau_mean": 2.393, "car_tau_std": 1.7209, "car_v_mean": 15.3424, "car_v_std": 9.0203}, "datetime": {"datetime": "2024-08-08 13:23:12", "elapsed": 2180.490048, "delta": 3.04198}}
{"target": -0.37572769884259016, "params": {"bus_acc": 1.5645, "bus_dcc": 3.8176, "bus_lcAssertive": 87.1221, "bus_lcCooperative": 0.0801, "bus_lcLookaheadLeft": 82.8679, "bus_lcPushy": 0.3311, "bus_lcSigma": 0.011, "bus_lcSpeedGainRight": 1.851, "bus_lcSublane": 0.5963, "bus_sigma": 0.97, "bus_tau_mean": 3.2979, "bus_tau_std": 6.4763, "bus_v_mean": 22.0927, "bus_v_std": 0.2115, "car_acc": 2.3534, "car_dcc": 1.2086, "car_lcAssertive": 43.0405, "car_lcCooperative": 0.2517, "car_lcLookaheadLeft": 34.8053, "car_lcPushy": 0.3361, "car_lcSigma": 0.8548, "car_lcSpeedGainRight": 0.1826, "car_lcSublane": 0.0667, "car_sigma": 0.7439, "car_tau_mean": 3.3059, "car_tau_std": 6.7826, "car_v_mean": 15.9916, "car_v_std": 1.8159}, "datetime": {"datetime": "2024-08-08 13:23:14", "elapsed": 2181.735477, "delta": 1.245429}}
