{"target": -0.3286436736958324, "params": {"bus_acc": 4.009026419216372, "bus_dcc": 2.8532628388302035, "bus_lcAssertive": 88.04065749312295, "bus_lcCooperative": 0.16880019007759361, "bus_lcLookaheadLeft": 70.94767775573999, "bus_lcPushy": 0.9172601590800086, "bus_lcSigma": 0.1507396591030582, "bus_lcSpeedGainRight": 1.218819886980906, "bus_lcSublane": 0.5466845720908042, "bus_sigma": 0.3441193369759975, "bus_tau_mean": 2.9172367827383794, "bus_tau_std": 0.5756761842510749, "bus_v_mean": 10.572226277175357, "bus_v_std": 14.32476612959243, "car_acc": 4.882474793735776, "car_dcc": 3.7886511295370218, "car_lcAssertive": 90.20563234885856, "car_lcCooperative": 0.12774331390359328, "car_lcLookaheadLeft": 16.30103397101714, "car_lcPushy": 0.07226475681487265, "car_lcSigma": 0.5425402331447909, "car_lcSpeedGainRight": 4.412430864511857, "car_lcSublane": 0.5317919000668885, "car_sigma": 0.7817152853959399, "car_tau_mean": 1.1595882541894156, "car_tau_std": 8.63111260166335, "car_v_mean": 10.998796331605623, "car_v_std": 1.095282521330465}, "datetime": {"datetime": "2024-08-08 12:03:04", "elapsed": 195.006582, "delta": 0.620493}}
{"target": -0.35461138005920545, "params": {"bus_acc": 2.302161190395958, "bus_dcc": 1.2575479033608805, "bus_lcAssertive": 54.066377652152696, "bus_lcCooperative": 0.33612544293733115, "bus_lcLookaheadLeft": 4.125169643557987, "bus_lcPushy": 0.7711523332537787, "bus_lcSigma": 0.38490912985398285, "bus_lcSpeedGainRight": 2.8566057502936775, "bus_lcSublane": 0.7557428557962304, "bus_sigma": 0.9408474199010457, "bus_tau_mean": 2.643128185396179, "bus_tau_std": 3.1539617878014314, "bus_v_mean": 9.761224125552287, "bus_v_std": 1.4783777582254443, "car_acc": 2.278763095490918, "car_dcc": 2.982517416868015, "car_lcAssertive": 69.82005440804134, "car_lcCooperative": 0.20771804006298766, "car_lcLookaheadLeft": 10.114001981658049, "car_lcPushy": 0.3055106612860311, "car_lcSigma": 0.5475745598545727, "car_lcSpeedGainRight": 3.7733483723743233, "car_lcSublane": 0.5296573205700426, "car_sigma": 0.28698375274707455, "car_tau_mean": 2.6846290314236883, "car_tau_std": 2.648366551761958, "car_v_mean": 18.44308662935237, "car_v_std": 16.837960156534756}, "datetime": {"datetime": "2024-08-08 12:03:06", "elapsed": 196.81085, "delta": 1.804268}}
{"target": -0.3805451579891263, "params": {"bus_acc": 2.892447811543514, "bus_dcc": 1.376629329426171, "bus_lcAssertive": 77.51567461454466, "bus_lcCooperative": 0.8414221567958434, "bus_lcLookaheadLeft": 6.242511942243542, "bus_lcPushy": 0.48644074317039476, "bus_lcSigma": 0.23941104413775594, "bus_lcSpeedGainRight": 4.762368908466296, "bus_lcSublane": 0.9438926277837961, "bus_sigma": 0.6139340023847009, "bus_tau_mean": 3.907205890638187, "bus_tau_std": 3.4486134371625097, "bus_v_mean": 22.365611482682908, "bus_v_std": 8.69189946817019, "car_acc": 1.9432585485900549, "car_dcc": 3.8224838896041984, "car_lcAssertive": 68.73758704733953, "car_lcCooperative": 0.06491158533912933, "car_lcLookaheadLeft": 87.30163596866048, "car_lcPushy": 0.7013802946333463, "car_lcSigma": 0.6049268729742817, "car_lcSpeedGainRight": 3.6618744958966527, "car_lcSublane": 0.2534390424997808, "car_sigma": 0.6004889552745444, "car_tau_mean": 3.351167134415794, "car_tau_std": 0.5411366032399989, "car_v_mean": 10.088170741428256, "car_v_std": 16.848916199128272}, "datetime": {"datetime": "2024-08-08 12:03:08", "elapsed": 198.528943, "delta": 1.718093}}
{"target": -0.3866485637599652, "params": {"bus_acc": 1.9924458562406993, "bus_dcc": 3.5368448866934363, "bus_lcAssertive": 98.68106705184017, "bus_lcCooperative": 0.06657080313237929, "bus_lcLookaheadLeft": 71.9649471621622, "bus_lcPushy": 0.3301155521990743, "bus_lcSigma": 0.6254353783114329, "bus_lcSpeedGainRight": 1.290648246409355, "bus_lcSublane": 0.6510076093084951, "bus_sigma": 0.37114718446272954, "bus_tau_mean": 1.5318730783793728, "bus_tau_std": 9.117631736977987, "bus_v_mean": 23.07998198761932, "bus_v_std": 12.27100053120271, "car_acc": 1.8578711233227705, "car_dcc": 3.818256612718478, "car_lcAssertive": 75.29490112560909, "car_lcCooperative": 0.7510898073228061, "car_lcLookaheadLeft": 22.748690815151647, "car_lcPushy": 0.8301565261622993, "car_lcSigma": 0.24009515416121008, "car_lcSpeedGainRight": 3.158103726250801, "car_lcSublane": 0.7107395698995863, "car_sigma": 0.7423834297071017, "car_tau_mean": 1.8659264660985333, "car_tau_std": 7.598253967160974, "car_v_mean": 22.44697443394736, "car_v_std": 11.748400384751537}, "datetime": {"datetime": "2024-08-08 12:03:09", "elapsed": 199.973456, "delta": 1.444513}}
{"target": -0.3327463598568239, "params": {"bus_acc": 2.052988235600758, "bus_dcc": 1.0023596245889093, "bus_lcAssertive": 24.314278368691447, "bus_lcCooperative": 0.673566697976032, "bus_lcLookaheadLeft": 88.07537956873259, "bus_lcPushy": 0.8307025692405677, "bus_lcSigma": 0.10810738558851041, "bus_lcSpeedGainRight": 0.35562489761419125, "bus_lcSublane": 0.7615923118790051, "bus_sigma": 0.2848333721183067, "bus_tau_mean": 1.4513106837381744, "bus_tau_std": 0.020003006084317043, "bus_v_mean": 9.576624170248849, "bus_v_std": 2.7119409478470624, "car_acc": 1.6374408249167862, "car_dcc": 2.3359408078460957, "car_lcAssertive": 81.59944565765821, "car_lcCooperative": 0.8122981153684475, "car_lcLookaheadLeft": 91.17898292487992, "car_lcPushy": 0.4435920386203337, "car_lcSigma": 0.7087105079450133, "car_lcSpeedGainRight": 2.4416705906022433, "car_lcSublane": 0.04984255813452099, "car_sigma": 0.0804314339695471, "car_tau_mean": 1.3607981732564867, "car_tau_std": 9.816217286230167, "car_v_mean": 19.070675668428557, "car_v_std": 5.360151637146409}, "datetime": {"datetime": "2024-08-08 12:03:13", "elapsed": 203.734566, "delta": 3.76111}}
{"target": -0.2702701066360964, "params": {"bus_acc": 1.06363984637025, "bus_dcc": 1.7466944259477393, "bus_lcAssertive": 79.43897430530403, "bus_lcCooperative": 0.7191652977533548, "bus_lcLookaheadLeft": 26.10603585846461, "bus_lcPushy": 0.5548923810758453, "bus_lcSigma": 0.5855857940990207, "bus_lcSpeedGainRight": 3.606921383236148, "bus_lcSublane": 0.46367371121270107, "bus_sigma": 0.40484847152272274, "bus_tau_mean": 1.5780331478731136, "bus_tau_std": 2.383089084068227, "bus_v_mean": 9.480053730409663, "bus_v_std": 12.917667748352846, "car_acc": 3.6782817941609447, "car_dcc": 3.062030421750541, "car_lcAssertive": 1.3114263259728722, "car_lcCooperative": 0.43825303252098613, "car_lcLookaheadLeft": 14.010229761313589, "car_lcPushy": 0.5266093357063074, "car_lcSigma": 0.9797396209018743, "car_lcSpeedGainRight": 2.4963850548166904, "car_lcSublane": 0.37464997927352073, "car_sigma": 0.8138399923945955, "car_tau_mean": 3.888705033856448, "car_tau_std": 2.8712337752879535, "car_v_mean": 20.848000635944015, "car_v_std": 19.922828747265395}, "datetime": {"datetime": "2024-08-08 12:03:14", "elapsed": 204.674667, "delta": 0.940101}}
{"target": -0.3471145260666213, "params": {"bus_acc": 2.2133826868342763, "bus_dcc": 1.064127883264212, "bus_lcAssertive": 99.75101428010461, "bus_lcCooperative": 0.5820299763434618, "bus_lcLookaheadLeft": 30.750875291633548, "bus_lcPushy": 0.9289494618931157, "bus_lcSigma": 0.5071194235482045, "bus_lcSpeedGainRight": 2.2734611377620344, "bus_lcSublane": 0.5878715062961865, "bus_sigma": 0.2641376442105696, "bus_tau_mean": 1.5685090477160166, "bus_tau_std": 3.7165457672418247, "bus_v_mean": 11.911167989945774, "bus_v_std": 11.690945322332595, "car_acc": 3.7833845357293057, "car_dcc": 1.2158416604920035, "car_lcAssertive": 97.13724864292091, "car_lcCooperative": 0.7530706558694549, "car_lcLookaheadLeft": 81.00398996943402, "car_lcPushy": 0.7516404040812905, "car_lcSigma": 0.0800609772712173, "car_lcSpeedGainRight": 2.4084814151058853, "car_lcSublane": 0.44567295640165605, "car_sigma": 0.6724726505249299, "car_tau_mean": 2.070580405885127, "car_tau_std": 7.0431339838390965, "car_v_mean": 18.906325401641965, "car_v_std": 13.942970575055124}, "datetime": {"datetime": "2024-08-08 12:03:17", "elapsed": 207.845461, "delta": 3.170794}}
{"target": -0.3595219539687784, "params": {"bus_acc": 3.060858784648295, "bus_dcc": 2.436470203556415, "bus_lcAssertive": 75.19480460446479, "bus_lcCooperative": 0.5726882932924154, "bus_lcLookaheadLeft": 37.52160109540249, "bus_lcPushy": 0.48924478546014216, "bus_lcSigma": 0.18913837493884977, "bus_lcSpeedGainRight": 1.9679170714843097, "bus_lcSublane": 0.029961752524048535, "bus_sigma": 0.46252906034220287, "bus_tau_mean": 1.460659394812498, "bus_tau_std": 5.267158603586157, "bus_v_mean": 8.4683539424498, "bus_v_std": 11.10173533044349, "car_acc": 2.171991534513429, "car_dcc": 2.732472043040642, "car_lcAssertive": 73.5442154728753, "car_lcCooperative": 0.44033782679643774, "car_lcLookaheadLeft": 66.98936864243262, "car_lcPushy": 0.23890995487021205, "car_lcSigma": 0.9985990885864799, "car_lcSpeedGainRight": 1.2143926080988376, "car_lcSublane": 0.9408284143815248, "car_sigma": 0.21721975039101793, "car_tau_mean": 2.241475346117736, "car_tau_std": 8.211769648927358, "car_v_mean": 19.465408748715745, "car_v_std": 14.11160824241338}, "datetime": {"datetime": "2024-08-08 12:03:19", "elapsed": 209.950904, "delta": 2.105443}}
{"target": -0.3481377609553056, "params": {"bus_acc": 1.7399318622033193, "bus_dcc": 3.5327800152252955, "bus_lcAssertive": 98.27638914120345, "bus_lcCooperative": 0.9137396248416316, "bus_lcLookaheadLeft": 36.04220319653566, "bus_lcPushy": 0.7802245796913637, "bus_lcSigma": 0.5464545907014307, "bus_lcSpeedGainRight": 4.082211987779688, "bus_lcSublane": 0.48372695118890585, "bus_sigma": 0.5899512982994037, "bus_tau_mean": 3.255422066334915, "bus_tau_std": 1.0023464310313235, "bus_v_mean": 16.592113869448653, "bus_v_std": 7.319666933393085, "car_acc": 3.417227374675489, "car_dcc": 3.8764075469110013, "car_lcAssertive": 39.889471554699284, "car_lcCooperative": 0.39297299794161644, "car_lcLookaheadLeft": 79.48242537178068, "car_lcPushy": 0.6450783990854264, "car_lcSigma": 0.3938840078553765, "car_lcSpeedGainRight": 3.444775241151257, "car_lcSublane": 0.404001609054379, "car_sigma": 0.1361131542481221, "car_tau_mean": 2.0772514403524704, "car_tau_std": 3.344193926972726, "car_v_mean": 11.487502880978687, "car_v_std": 18.515496032728798}, "datetime": {"datetime": "2024-08-08 12:03:23", "elapsed": 213.734765, "delta": 3.783861}}
{"target": -0.3366088859992783, "params": {"bus_acc": 2.6743121030563946, "bus_dcc": 3.050394700498903, "bus_lcAssertive": 40.40107330138432, "bus_lcCooperative": 0.5057420174508104, "bus_lcLookaheadLeft": 20.576066877724877, "bus_lcPushy": 0.9649889241109139, "bus_lcSigma": 0.2942156882442547, "bus_lcSpeedGainRight": 0.5172977805820067, "bus_lcSublane": 0.1443154002290481, "bus_sigma": 0.014092294192442956, "bus_tau_mean": 3.005809948118381, "bus_tau_std": 5.644983202408741, "bus_v_mean": 20.713253618956035, "bus_v_std": 10.141598465682728, "car_acc": 4.167284158016615, "car_dcc": 3.0872926428155183, "car_lcAssertive": 78.00699920905836, "car_lcCooperative": 0.4064828689770863, "car_lcLookaheadLeft": 65.48152205237315, "car_lcPushy": 0.1797942976929744, "car_lcSigma": 0.321819963387904, "car_lcSpeedGainRight": 0.8630231005989625, "car_lcSublane": 0.4086372250132624, "car_sigma": 0.2414187479655988, "car_tau_mean": 1.9242269794527527, "car_tau_std": 9.75222342437312, "car_v_mean": 13.1251092131525, "car_v_std": 19.649818899497905}, "datetime": {"datetime": "2024-08-08 12:03:24", "elapsed": 214.99045, "delta": 1.255685}}
{"target": -0.3562948615674357, "params": {"bus_acc": 3.007172472252678, "bus_dcc": 2.3571287433335546, "bus_lcAssertive": 73.49480274087058, "bus_lcCooperative": 0.9245101499841026, "bus_lcLookaheadLeft": 48.968598697791776, "bus_lcPushy": 0.08823015100009579, "bus_lcSigma": 0.5696535566840739, "bus_lcSpeedGainRight": 1.2247542755741718, "bus_lcSublane": 0.039577911475369154, "bus_sigma": 0.7881402066436831, "bus_tau_mean": 1.4546888283267583, "bus_tau_std": 7.770704929423839, "bus_v_mean": 15.811343089411277, "bus_v_std": 6.358717821502307, "car_acc": 2.256101800203587, "car_dcc": 1.1260742802583432, "car_lcAssertive": 53.905583853550525, "car_lcCooperative": 0.8235515559967603, "car_lcLookaheadLeft": 10.22174454493904, "car_lcPushy": 0.10855870560871761, "car_lcSigma": 0.5292559268677169, "car_lcSpeedGainRight": 3.300709048117984, "car_lcSublane": 0.6947459923366617, "car_sigma": 0.313221695146886, "car_tau_mean": 0.6322222153215127, "car_tau_std": 4.145628796923949, "car_v_mean": 11.616706734004707, "car_v_std": 0.022296605048133245}, "datetime": {"datetime": "2024-08-08 12:03:25", "elapsed": 216.028319, "delta": 1.037869}}
{"target": -0.34410435980645065, "params": {"bus_acc": 4.097640533344158, "bus_dcc": 2.6583027896496776, "bus_lcAssertive": 89.0239778216408, "bus_lcCooperative": 0.354952851149572, "bus_lcLookaheadLeft": 26.06083065827773, "bus_lcPushy": 0.9110192396569683, "bus_lcSigma": 0.04353426375776537, "bus_lcSpeedGainRight": 4.753767140305011, "bus_lcSublane": 0.5564069156709253, "bus_sigma": 0.3763632166870875, "bus_tau_mean": 3.982683128186889, "bus_tau_std": 0.5836264614763165, "bus_v_mean": 16.267301756281796, "bus_v_std": 0.621941509110957, "car_acc": 3.2847029567449337, "car_dcc": 1.5414055269853466, "car_lcAssertive": 63.46496083361352, "car_lcCooperative": 0.9809236757505815, "car_lcLookaheadLeft": 87.74045001881333, "car_lcPushy": 0.45183624942087064, "car_lcSigma": 0.7084608700517172, "car_lcSpeedGainRight": 3.8873437500159462, "car_lcSublane": 0.4948430841825636, "car_sigma": 0.5285334901775651, "car_tau_mean": 1.027745394302674, "car_tau_std": 3.6939992561190627, "car_v_mean": 10.275540049164587, "car_v_std": 14.537875066891253}, "datetime": {"datetime": "2024-08-08 12:03:27", "elapsed": 217.743495, "delta": 1.715176}}
{"target": -0.30787570145316767, "params": {"bus_acc": 1.5711731312120016, "bus_dcc": 1.2823008234989182, "bus_lcAssertive": 87.14898287433239, "bus_lcCooperative": 0.23686870355699852, "bus_lcLookaheadLeft": 39.82839308021436, "bus_lcPushy": 0.5715420927253323, "bus_lcSigma": 0.52580196995147, "bus_lcSpeedGainRight": 0.38011939721053434, "bus_lcSublane": 0.8741259355980283, "bus_sigma": 0.9511356184186921, "bus_tau_mean": 3.3437755646113514, "bus_tau_std": 2.8380183494687428, "bus_v_mean": 16.44554873788735, "bus_v_std": 6.788334480352189, "car_acc": 3.218669243150667, "car_dcc": 3.923210406739008, "car_lcAssertive": 31.858588854179157, "car_lcCooperative": 0.6687966059228697, "car_lcLookaheadLeft": 33.94478631628061, "car_lcPushy": 0.7744772660150796, "car_lcSigma": 0.3258099666132048, "car_lcSpeedGainRight": 4.449136707236875, "car_lcSublane": 0.7517077209192669, "car_sigma": 0.7626320954451107, "car_tau_mean": 2.14317659995974, "car_tau_std": 2.107645024687054, "car_v_mean": 8.663601273223982, "car_v_std": 6.43657599940489}, "datetime": {"datetime": "2024-08-08 12:03:28", "elapsed": 218.66927, "delta": 0.925775}}
{"target": -0.353843991750418, "params": {"bus_acc": 2.937880243794027, "bus_dcc": 3.6623652342181825, "bus_lcAssertive": 14.606911412798858, "bus_lcCooperative": 0.9643727973861176, "bus_lcLookaheadLeft": 6.177708816064829, "bus_lcPushy": 0.09944025725488481, "bus_lcSigma": 0.2232384309404435, "bus_lcSpeedGainRight": 4.03292541130257, "bus_lcSublane": 0.4558728073695024, "bus_sigma": 0.6532511422613194, "bus_tau_mean": 1.1101239813194304, "bus_tau_std": 1.6672193292652826, "bus_v_mean": 16.333573448860626, "bus_v_std": 14.805872705604433, "car_acc": 2.8498978608601138, "car_dcc": 3.6088422553633386, "car_lcAssertive": 66.38078153239339, "car_lcCooperative": 0.2490900884519328, "car_lcLookaheadLeft": 25.02041763860628, "car_lcPushy": 0.3740467168670696, "car_lcSigma": 0.7566160562962172, "car_lcSpeedGainRight": 4.689688321548911, "car_lcSublane": 0.8619059993188329, "car_sigma": 0.26161079268292176, "car_tau_mean": 1.9429762479249943, "car_tau_std": 6.115440994503215, "car_v_mean": 16.749351293052932, "car_v_std": 7.785498908179314}, "datetime": {"datetime": "2024-08-08 12:03:29", "elapsed": 219.521532, "delta": 0.852262}}
{"target": -0.3241155571816819, "params": {"bus_acc": 2.032754656029936, "bus_dcc": 1.1117207668323545, "bus_lcAssertive": 2.589168707539145, "bus_lcCooperative": 0.15270593118117648, "bus_lcLookaheadLeft": 47.284250913778735, "bus_lcPushy": 0.7559010975378051, "bus_lcSigma": 0.7288149319451539, "bus_lcSpeedGainRight": 1.7619472124151836, "bus_lcSublane": 0.4791392787629136, "bus_sigma": 0.8140737533756652, "bus_tau_mean": 3.4344101723264266, "bus_tau_std": 3.199167004179855, "bus_v_mean": 8.068240294513714, "bus_v_std": 0.9386168645246529, "car_acc": 3.9512295104159363, "car_dcc": 1.817896843217524, "car_lcAssertive": 48.667095406478566, "car_lcCooperative": 0.1920312660311443, "car_lcLookaheadLeft": 85.01706577605505, "car_lcPushy": 0.5033776096365531, "car_lcSigma": 0.5271601757222614, "car_lcSpeedGainRight": 1.4403979404287743, "car_lcSublane": 0.5119992306639229, "car_sigma": 0.0019636453825200295, "car_tau_mean": 1.4705326412012352, "car_tau_std": 3.487629835384359, "car_v_mean": 12.543214180624576, "car_v_std": 1.7190445515483566}, "datetime": {"datetime": "2024-08-08 12:03:30", "elapsed": 220.436739, "delta": 0.915207}}
{"target": -0.3366023897963103, "params": {"bus_acc": 3.971685001558788, "bus_dcc": 2.0227607473970264, "bus_lcAssertive": 5.713481941948948, "bus_lcCooperative": 0.15635692867625162, "bus_lcLookaheadLeft": 20.998756246635587, "bus_lcPushy": 0.4951123625611782, "bus_lcSigma": 0.6351249610913382, "bus_lcSpeedGainRight": 4.401099886092915, "bus_lcSublane": 0.9025365564222451, "bus_sigma": 0.307160768485095, "bus_tau_mean": 3.1368302559395502, "bus_tau_std": 2.824280305589726, "bus_v_mean": 13.897229916244415, "bus_v_std": 5.854531241862604, "car_acc": 2.6547629447964054, "car_dcc": 1.6441470870051416, "car_lcAssertive": 32.57961464054871, "car_lcCooperative": 0.12191981389008766, "car_lcLookaheadLeft": 96.37578748036239, "car_lcPushy": 0.5039830093987828, "car_lcSigma": 0.9231006825886638, "car_lcSpeedGainRight": 3.7308007038671054, "car_lcSublane": 0.4577052876804192, "car_sigma": 0.7546222253081317, "car_tau_mean": 2.6980807751242404, "car_tau_std": 3.0375843415186865, "car_v_mean": 16.34654901461235, "car_v_std": 14.246243912948584}, "datetime": {"datetime": "2024-08-08 12:03:32", "elapsed": 222.46679, "delta": 2.030051}}
{"target": -0.33939906618188154, "params": {"bus_acc": 2.506321258983098, "bus_dcc": 3.9213506150749677, "bus_lcAssertive": 60.86689399643125, "bus_lcCooperative": 0.828845807980693, "bus_lcLookaheadLeft": 58.321727461394026, "bus_lcPushy": 0.6280761983073504, "bus_lcSigma": 0.28557628169569393, "bus_lcSpeedGainRight": 2.9341667032804146, "bus_lcSublane": 0.7500217637026599, "bus_sigma": 0.8583138364290424, "bus_tau_mean": 3.1427876596368804, "bus_tau_std": 6.98057248447303, "bus_v_mean": 21.831670880873595, "bus_v_std": 6.453619936734929, "car_acc": 3.683155163150349, "car_dcc": 2.3526218092400475, "car_lcAssertive": 38.8281724511202, "car_lcCooperative": 0.4108113499221856, "car_lcLookaheadLeft": 41.34499918001498, "car_lcPushy": 0.3173839459582769, "car_lcSigma": 0.6219193679203014, "car_lcSpeedGainRight": 2.151236354106322, "car_lcSublane": 0.9738020779272523, "car_sigma": 0.6778008914343111, "car_tau_mean": 1.194994609494888, "car_tau_std": 4.267010093480328, "car_v_mean": 13.493539836390768, "car_v_std": 15.952776079171331}, "datetime": {"datetime": "2024-08-08 12:03:34", "elapsed": 224.299522, "delta": 1.832732}}
{"target": -0.34613062412582485, "params": {"bus_acc": 1.856587699122965, "bus_dcc": 2.3186173064661735, "bus_lcAssertive": 17.67922019299827, "bus_lcCooperative": 0.5290872104552504, "bus_lcLookaheadLeft": 79.76149806836928, "bus_lcPushy": 0.03587914896601674, "bus_lcSigma": 0.19135887753572, "bus_lcSpeedGainRight": 4.887277821965081, "bus_lcSublane": 0.9607973060206447, "bus_sigma": 0.5565916591021018, "bus_tau_mean": 2.761317525235787, "bus_tau_std": 2.720930142932744, "bus_v_mean": 23.233457371405436, "bus_v_std": 13.3954961265448, "car_acc": 3.6672319805550466, "car_dcc": 1.0333100001097686, "car_lcAssertive": 85.44401513511959, "car_lcCooperative": 0.7783262186802019, "car_lcLookaheadLeft": 69.12255169667107, "car_lcPushy": 0.740781813019585, "car_lcSigma": 0.15657242459837717, "car_lcSpeedGainRight": 3.5938752642432497, "car_lcSublane": 0.09681841069321007, "car_sigma": 0.7069494480386341, "car_tau_mean": 0.5092112864392613, "car_tau_std": 7.762057874603809, "car_v_mean": 15.86491495650463, "car_v_std": 4.087737325957297}, "datetime": {"datetime": "2024-08-08 12:03:35", "elapsed": 225.578534, "delta": 1.279012}}
{"target": -0.3361652286956992, "params": {"bus_acc": 1.5736921946809797, "bus_dcc": 1.2351606995648439, "bus_lcAssertive": 2.814931648387722, "bus_lcCooperative": 0.06672499763935646, "bus_lcLookaheadLeft": 46.94121374342632, "bus_lcPushy": 0.11334192276759048, "bus_lcSigma": 0.027783348848669953, "bus_lcSpeedGainRight": 3.774307406952337, "bus_lcSublane": 0.3948504804606394, "bus_sigma": 0.7469384956075251, "bus_tau_mean": 2.0834168936125805, "bus_tau_std": 4.500867470007611, "bus_v_mean": 15.649160107485296, "bus_v_std": 9.48007853124388, "car_acc": 4.212653368456678, "car_dcc": 2.2071775595732075, "car_lcAssertive": 90.56392987401868, "car_lcCooperative": 0.037061047954035864, "car_lcLookaheadLeft": 77.83968558660104, "car_lcPushy": 0.12564138113773882, "car_lcSigma": 0.6185135669120855, "car_lcSpeedGainRight": 0.051821306676159695, "car_lcSublane": 0.538627282576347, "car_sigma": 0.0030179566195963625, "car_tau_mean": 3.829178249215716, "car_tau_std": 9.054020337027781, "car_v_mean": 20.73547107107631, "car_v_std": 18.30548639829575}, "datetime": {"datetime": "2024-08-08 12:03:37", "elapsed": 227.595424, "delta": 2.01689}}
