{"target": 58.20733659964371, "params": {"bus_acc": 1.96, "bus_dcc": 1.4, "bus_lcCooperative": 0.48, "bus_lcPushy": 0.95, "bus_lcSublane": 0.33, "bus_max_v": 8.2, "bus_tau_mean": 2.11, "bus_tau_std": 2.92, "car_acc": 1.83, "car_dcc": 2.47, "car_lcCooperative": 0.8, "car_lcPushy": 0.23, "car_lcSublane": 0.3, "car_max_v": 9.1, "car_tau_mean": 2.66, "car_tau_std": 3.43}, "datetime": {"datetime": "2024-07-31 15:44:17", "elapsed": 12329.311473, "delta": 9.201495}}
{"target": 58.18789294842017, "params": {"bus_acc": 1.33, "bus_dcc": 3.61, "bus_lcCooperative": 0.51, "bus_lcPushy": 0.29, "bus_lcSublane": 0.76, "bus_max_v": 8.71, "bus_tau_mean": 2.72, "bus_tau_std": 11.28, "car_acc": 1.18, "car_dcc": 1.57, "car_lcCooperative": 0.75, "car_lcPushy": 0.22, "car_lcSublane": 0.85, "car_max_v": 10.78, "car_tau_mean": 1.59, "car_tau_std": 10.46}, "datetime": {"datetime": "2024-07-31 15:46:34", "elapsed": 12466.280532, "delta": 136.969059}}
{"target": 57.627076027118676, "params": {"bus_acc": 1.88, "bus_dcc": 1.95, "bus_lcCooperative": 0.8, "bus_lcPushy": 0.17, "bus_lcSublane": 0.57, "bus_max_v": 13.38, "bus_tau_mean": 1.17, "bus_tau_std": 5.5, "car_acc": 1.89, "car_dcc": 3.52, "car_lcCooperative": 0.48, "car_lcPushy": 0.02, "car_lcSublane": 0.54, "car_max_v": 8.98, "car_tau_mean": 2.85, "car_tau_std": 5.79}, "datetime": {"datetime": "2024-07-31 15:47:50", "elapsed": 12541.595726, "delta": 75.315194}}
{"target": 55.82469667400437, "params": {"bus_acc": 1.23, "bus_dcc": 1.86, "bus_lcCooperative": 0.7, "bus_lcPushy": 0.36, "bus_lcSublane": 0.57, "bus_max_v": 12.04, "bus_tau_mean": 2.79, "bus_tau_std": 12.46, "car_acc": 2.32, "car_dcc": 3.71, "car_lcCooperative": 0.69, "car_lcPushy": 0.59, "car_lcSublane": 0.36, "car_max_v": 14.23, "car_tau_mean": 2.37, "car_tau_std": 8.62}, "datetime": {"datetime": "2024-07-31 15:51:34", "elapsed": 12765.62523, "delta": 224.029504}}
{"target": 56.688507332330154, "params": {"bus_acc": 1.86, "bus_dcc": 1.83, "bus_lcCooperative": 0.97, "bus_lcPushy": 0.08, "bus_lcSublane": 0.91, "bus_max_v": 12.81, "bus_tau_mean": 2.66, "bus_tau_std": 1.43, "car_acc": 1.09, "car_dcc": 3.84, "car_lcCooperative": 0.55, "car_lcPushy": 0.92, "car_lcSublane": 0.84, "car_max_v": 14.62, "car_tau_mean": 2.49, "car_tau_std": 0.26}, "datetime": {"datetime": "2024-07-31 15:52:59", "elapsed": 12851.206489, "delta": 85.581259}}
{"target": 57.434868299044304, "params": {"bus_acc": 1.95, "bus_dcc": 1.41, "bus_lcCooperative": 0.21, "bus_lcPushy": 0.65, "bus_lcSublane": 0.09, "bus_max_v": 14.39, "bus_tau_mean": 2.29, "bus_tau_std": 10.86, "car_acc": 2.57, "car_dcc": 2.22, "car_lcCooperative": 0.22, "car_lcPushy": 0.21, "car_lcSublane": 0.76, "car_max_v": 9.48, "car_tau_mean": 2.82, "car_tau_std": 14.89}, "datetime": {"datetime": "2024-07-31 15:53:17", "elapsed": 12869.375535, "delta": 18.169046}}
{"target": 57.284317482763484, "params": {"bus_acc": 1.3, "bus_dcc": 2.1, "bus_lcCooperative": 0.29, "bus_lcPushy": 0.77, "bus_lcSublane": 0.63, "bus_max_v": 13.63, "bus_tau_mean": 2.19, "bus_tau_std": 13.96, "car_acc": 1.22, "car_dcc": 3.7, "car_lcCooperative": 0.47, "car_lcPushy": 0.48, "car_lcSublane": 0.33, "car_max_v": 14.55, "car_tau_mean": 2.72, "car_tau_std": 0.62}, "datetime": {"datetime": "2024-07-31 15:53:25", "elapsed": 12877.273029, "delta": 7.897494}}
{"target": 58.99935373827216, "params": {"bus_acc": 1.19, "bus_dcc": 1.38, "bus_lcCooperative": 0.12, "bus_lcPushy": 0.17, "bus_lcSublane": 0.52, "bus_max_v": 10.44, "bus_tau_mean": 1.94, "bus_tau_std": 1.22, "car_acc": 1.01, "car_dcc": 1.24, "car_lcCooperative": 0.58, "car_lcPushy": 0.78, "car_lcSublane": 0.49, "car_max_v": 8.4, "car_tau_mean": 2.69, "car_tau_std": 7.18}, "datetime": {"datetime": "2024-07-31 15:53:33", "elapsed": 12885.466431, "delta": 8.193402}}
{"target": 58.35154838638046, "params": {"bus_acc": 1.57, "bus_dcc": 3.22, "bus_lcCooperative": 0.59, "bus_lcPushy": 0.56, "bus_lcSublane": 0.63, "bus_max_v": 14.7, "bus_tau_mean": 2.16, "bus_tau_std": 1.16, "car_acc": 2.2, "car_dcc": 1.64, "car_lcCooperative": 0.59, "car_lcPushy": 0.41, "car_lcSublane": 0.56, "car_max_v": 8.34, "car_tau_mean": 2.7, "car_tau_std": 9.58}, "datetime": {"datetime": "2024-07-31 15:55:59", "elapsed": 13031.285014, "delta": 145.818583}}
{"target": 58.368612815370014, "params": {"bus_acc": 1.19, "bus_dcc": 3.49, "bus_lcCooperative": 0.73, "bus_lcPushy": 0.78, "bus_lcSublane": 0.53, "bus_max_v": 11.04, "bus_tau_mean": 1.83, "bus_tau_std": 1.39, "car_acc": 2.28, "car_dcc": 1.6, "car_lcCooperative": 0.82, "car_lcPushy": 0.14, "car_lcSublane": 0.32, "car_max_v": 8.38, "car_tau_mean": 2.48, "car_tau_std": 8.2}, "datetime": {"datetime": "2024-07-31 15:57:34", "elapsed": 13125.980878, "delta": 94.695864}}
{"target": 58.40313553329752, "params": {"bus_acc": 1.21, "bus_dcc": 2.45, "bus_lcCooperative": 0.52, "bus_lcPushy": 0.11, "bus_lcSublane": 0.54, "bus_max_v": 9.45, "bus_tau_mean": 1.26, "bus_tau_std": 1.14, "car_acc": 2.4, "car_dcc": 2.29, "car_lcCooperative": 0.99, "car_lcPushy": 0.88, "car_lcSublane": 0.24, "car_max_v": 8.9, "car_tau_mean": 1.92, "car_tau_std": 8.46}, "datetime": {"datetime": "2024-07-31 16:01:27", "elapsed": 13359.067965, "delta": 233.087087}}
{"target": 56.75317898857541, "params": {"bus_acc": 1.31, "bus_dcc": 1.74, "bus_lcCooperative": 0.36, "bus_lcPushy": 0.94, "bus_lcSublane": 0.28, "bus_max_v": 8.48, "bus_tau_mean": 2.44, "bus_tau_std": 7.17, "car_acc": 1.87, "car_dcc": 1.03, "car_lcCooperative": 0.9, "car_lcPushy": 0.86, "car_lcSublane": 0.19, "car_max_v": 12.78, "car_tau_mean": 2.98, "car_tau_std": 11.41}, "datetime": {"datetime": "2024-07-31 16:01:45", "elapsed": 13376.944515, "delta": 17.87655}}
{"target": 57.39950127936127, "params": {"bus_acc": 1.41, "bus_dcc": 2.43, "bus_lcCooperative": 0.76, "bus_lcPushy": 0.02, "bus_lcSublane": 0.28, "bus_max_v": 10.23, "bus_tau_mean": 2.67, "bus_tau_std": 13.16, "car_acc": 1.85, "car_dcc": 1.81, "car_lcCooperative": 0.17, "car_lcPushy": 0.18, "car_lcSublane": 0.98, "car_max_v": 9.84, "car_tau_mean": 1.04, "car_tau_std": 6.02}, "datetime": {"datetime": "2024-07-31 16:01:58", "elapsed": 13390.172726, "delta": 13.228211}}
{"target": 57.449512903390286, "params": {"bus_acc": 1.56, "bus_dcc": 3.88, "bus_lcCooperative": 0.22, "bus_lcPushy": 0.66, "bus_lcSublane": 0.56, "bus_max_v": 8.27, "bus_tau_mean": 2.45, "bus_tau_std": 11.55, "car_acc": 1.34, "car_dcc": 1.62, "car_lcCooperative": 0.08, "car_lcPushy": 0.23, "car_lcSublane": 0.52, "car_max_v": 10.98, "car_tau_mean": 1.94, "car_tau_std": 10.97}, "datetime": {"datetime": "2024-07-31 16:02:31", "elapsed": 13423.425869, "delta": 33.253143}}
{"target": 58.17524126918568, "params": {"bus_acc": 1.74, "bus_dcc": 3.6, "bus_lcCooperative": 0.88, "bus_lcPushy": 0.27, "bus_lcSublane": 0.04, "bus_max_v": 12.11, "bus_tau_mean": 1.9, "bus_tau_std": 4.64, "car_acc": 1.61, "car_dcc": 1.73, "car_lcCooperative": 0.32, "car_lcPushy": 0.79, "car_lcSublane": 0.31, "car_max_v": 10.34, "car_tau_mean": 1.69, "car_tau_std": 13.89}, "datetime": {"datetime": "2024-07-31 16:03:15", "elapsed": 13467.297716, "delta": 43.871847}}
{"target": 58.45118247256503, "params": {"bus_acc": 1.36, "bus_dcc": 3.66, "bus_lcCooperative": 0.13, "bus_lcPushy": 0.29, "bus_lcSublane": 0.49, "bus_max_v": 12.71, "bus_tau_mean": 2.48, "bus_tau_std": 4.53, "car_acc": 1.09, "car_dcc": 2.88, "car_lcCooperative": 0.81, "car_lcPushy": 0.85, "car_lcSublane": 0.5, "car_max_v": 9.5, "car_tau_mean": 2.5, "car_tau_std": 13.11}, "datetime": {"datetime": "2024-07-31 16:06:20", "elapsed": 13652.440325, "delta": 185.142609}}
{"target": 56.49636690145354, "params": {"bus_acc": 1.01, "bus_dcc": 1.89, "bus_lcCooperative": 0.39, "bus_lcPushy": 0.84, "bus_lcSublane": 0.32, "bus_max_v": 14.15, "bus_tau_mean": 2.67, "bus_tau_std": 0.62, "car_acc": 1.59, "car_dcc": 4.02, "car_lcCooperative": 0.75, "car_lcPushy": 0.23, "car_lcSublane": 0.47, "car_max_v": 12.38, "car_tau_mean": 1.64, "car_tau_std": 6.62}, "datetime": {"datetime": "2024-07-31 16:06:40", "elapsed": 13672.450392, "delta": 20.010067}}
{"target": 57.57101158292009, "params": {"bus_acc": 1.08, "bus_dcc": 1.47, "bus_lcCooperative": 0.9, "bus_lcPushy": 0.88, "bus_lcSublane": 0.33, "bus_max_v": 8.06, "bus_tau_mean": 2.37, "bus_tau_std": 2.56, "car_acc": 2.74, "car_dcc": 1.92, "car_lcCooperative": 0.28, "car_lcPushy": 0.44, "car_lcSublane": 0.36, "car_max_v": 12.86, "car_tau_mean": 1.15, "car_tau_std": 3.95}, "datetime": {"datetime": "2024-07-31 16:10:09", "elapsed": 13881.219139, "delta": 208.768747}}
{"target": 56.170272065204884, "params": {"bus_acc": 1.69, "bus_dcc": 1.36, "bus_lcCooperative": 0.6, "bus_lcPushy": 0.77, "bus_lcSublane": 0.42, "bus_max_v": 12.27, "bus_tau_mean": 2.5, "bus_tau_std": 5.91, "car_acc": 2.38, "car_dcc": 4.88, "car_lcCooperative": 0.96, "car_lcPushy": 0.37, "car_lcSublane": 0.51, "car_max_v": 14.45, "car_tau_mean": 1.69, "car_tau_std": 9.55}, "datetime": {"datetime": "2024-07-31 16:10:14", "elapsed": 13886.457087, "delta": 5.237948}}
{"target": 58.00996698078163, "params": {"bus_acc": 1.64, "bus_dcc": 2.8, "bus_lcCooperative": 0.94, "bus_lcPushy": 0.57, "bus_lcSublane": 0.96, "bus_max_v": 12.08, "bus_tau_mean": 2.27, "bus_tau_std": 4.67, "car_acc": 1.51, "car_dcc": 3.04, "car_lcCooperative": 0.31, "car_lcPushy": 0.46, "car_lcSublane": 0.79, "car_max_v": 9.58, "car_tau_mean": 2.73, "car_tau_std": 13.69}, "datetime": {"datetime": "2024-07-31 16:11:47", "elapsed": 13978.597367, "delta": 92.14028}}
{"target": 56.96429015089301, "params": {"bus_acc": 1.51, "bus_dcc": 3.36, "bus_lcCooperative": 0.66, "bus_lcPushy": 0.71, "bus_lcSublane": 0.04, "bus_max_v": 12.6, "bus_tau_mean": 1.01, "bus_tau_std": 7.36, "car_acc": 1.58, "car_dcc": 4.44, "car_lcCooperative": 0.23, "car_lcPushy": 0.22, "car_lcSublane": 0.9, "car_max_v": 11.68, "car_tau_mean": 2.95, "car_tau_std": 13.33}, "datetime": {"datetime": "2024-07-31 16:11:48", "elapsed": 13979.882991, "delta": 1.285624}}
{"target": 57.61976012509231, "params": {"bus_acc": 1.31, "bus_dcc": 1.25, "bus_lcCooperative": 0.28, "bus_lcPushy": 0.01, "bus_lcSublane": 0.43, "bus_max_v": 9.58, "bus_tau_mean": 2.26, "bus_tau_std": 8.35, "car_acc": 2.98, "car_dcc": 4.1, "car_lcCooperative": 0.56, "car_lcPushy": 0.3, "car_lcSublane": 0.7, "car_max_v": 9.26, "car_tau_mean": 2.43, "car_tau_std": 12.62}, "datetime": {"datetime": "2024-07-31 16:12:14", "elapsed": 14005.97756, "delta": 26.094569}}
{"target": 58.4946076240436, "params": {"bus_acc": 1.66, "bus_dcc": 3.94, "bus_lcCooperative": 0.59, "bus_lcPushy": 0.36, "bus_lcSublane": 0.1, "bus_max_v": 10.67, "bus_tau_mean": 2.76, "bus_tau_std": 13.13, "car_acc": 2.82, "car_dcc": 3.02, "car_lcCooperative": 0.15, "car_lcPushy": 0.6, "car_lcSublane": 0.01, "car_max_v": 8.04, "car_tau_mean": 2.67, "car_tau_std": 13.91}, "datetime": {"datetime": "2024-07-31 16:16:09", "elapsed": 14240.576861, "delta": 234.599301}}
{"target": 58.35073388257415, "params": {"bus_acc": 1.48, "bus_dcc": 2.26, "bus_lcCooperative": 0.65, "bus_lcPushy": 0.38, "bus_lcSublane": 0.48, "bus_max_v": 9.05, "bus_tau_mean": 1.83, "bus_tau_std": 1.95, "car_acc": 2.9, "car_dcc": 3.54, "car_lcCooperative": 0.11, "car_lcPushy": 0.07, "car_lcSublane": 0.05, "car_max_v": 8.37, "car_tau_mean": 1.72, "car_tau_std": 6.76}, "datetime": {"datetime": "2024-07-31 16:16:22", "elapsed": 14253.948472, "delta": 13.371611}}
{"target": 56.632956775736545, "params": {"bus_acc": 1.93, "bus_dcc": 2.01, "bus_lcCooperative": 0.92, "bus_lcPushy": 0.52, "bus_lcSublane": 0.14, "bus_max_v": 13.98, "bus_tau_mean": 2.36, "bus_tau_std": 4.46, "car_acc": 2.72, "car_dcc": 1.53, "car_lcCooperative": 0.37, "car_lcPushy": 0.16, "car_lcSublane": 0.43, "car_max_v": 11.4, "car_tau_mean": 2.92, "car_tau_std": 0.52}, "datetime": {"datetime": "2024-07-31 16:19:13", "elapsed": 14425.413937, "delta": 171.465465}}
{"target": 57.56384291032482, "params": {"bus_acc": 1.07, "bus_dcc": 3.15, "bus_lcCooperative": 0.53, "bus_lcPushy": 0.45, "bus_lcSublane": 0.27, "bus_max_v": 12.67, "bus_tau_mean": 1.32, "bus_tau_std": 9.02, "car_acc": 1.24, "car_dcc": 2.79, "car_lcCooperative": 0.04, "car_lcPushy": 0.7, "car_lcSublane": 0.28, "car_max_v": 13.25, "car_tau_mean": 1.65, "car_tau_std": 13.36}, "datetime": {"datetime": "2024-07-31 16:19:45", "elapsed": 14456.568529, "delta": 31.154592}}
{"target": 58.11194308581733, "params": {"bus_acc": 1.33, "bus_dcc": 2.24, "bus_lcCooperative": 0.21, "bus_lcPushy": 0.14, "bus_lcSublane": 0.19, "bus_max_v": 13.46, "bus_tau_mean": 1.09, "bus_tau_std": 5.85, "car_acc": 1.54, "car_dcc": 3.57, "car_lcCooperative": 0.5, "car_lcPushy": 0.9, "car_lcSublane": 0.11, "car_max_v": 8.67, "car_tau_mean": 1.69, "car_tau_std": 6.66}, "datetime": {"datetime": "2024-07-31 16:20:32", "elapsed": 14504.417251, "delta": 47.848722}}
{"target": 56.979987449989636, "params": {"bus_acc": 1.29, "bus_dcc": 2.69, "bus_lcCooperative": 0.86, "bus_lcPushy": 0.88, "bus_lcSublane": 0.62, "bus_max_v": 10.05, "bus_tau_mean": 2.24, "bus_tau_std": 7.52, "car_acc": 1.66, "car_dcc": 2.85, "car_lcCooperative": 0.09, "car_lcPushy": 0.17, "car_lcSublane": 0.58, "car_max_v": 13.57, "car_tau_mean": 1.29, "car_tau_std": 5.24}, "datetime": {"datetime": "2024-07-31 16:21:02", "elapsed": 14533.871678, "delta": 29.454427}}
{"target": 58.39015770526383, "params": {"bus_acc": 1.76, "bus_dcc": 1.73, "bus_lcCooperative": 0.68, "bus_lcPushy": 0.68, "bus_lcSublane": 0.6, "bus_max_v": 10.76, "bus_tau_mean": 1.7, "bus_tau_std": 0.78, "car_acc": 1.14, "car_dcc": 2.27, "car_lcCooperative": 0.68, "car_lcPushy": 0.07, "car_lcSublane": 0.46, "car_max_v": 8.44, "car_tau_mean": 2.69, "car_tau_std": 9.81}, "datetime": {"datetime": "2024-07-31 16:22:03", "elapsed": 14595.47725, "delta": 61.605572}}
{"target": 58.626834058668855, "params": {"bus_acc": 1.78, "bus_dcc": 2.65, "bus_lcCooperative": 0.25, "bus_lcPushy": 0.79, "bus_lcSublane": 0.65, "bus_max_v": 8.99, "bus_tau_mean": 1.51, "bus_tau_std": 1.39, "car_acc": 2.02, "car_dcc": 1.05, "car_lcCooperative": 0.82, "car_lcPushy": 0.08, "car_lcSublane": 0.59, "car_max_v": 8.38, "car_tau_mean": 2.68, "car_tau_std": 8.21}, "datetime": {"datetime": "2024-07-31 16:25:40", "elapsed": 14812.096664, "delta": 216.619414}}
{"target": 57.66108939950026, "params": {"bus_acc": 2.0, "bus_dcc": 2.48, "bus_lcCooperative": 0.56, "bus_lcPushy": 0.37, "bus_lcSublane": 0.01, "bus_max_v": 11.33, "bus_tau_mean": 1.93, "bus_tau_std": 4.21, "car_acc": 1.48, "car_dcc": 3.77, "car_lcCooperative": 0.05, "car_lcPushy": 0.06, "car_lcSublane": 0.19, "car_max_v": 9.13, "car_tau_mean": 1.9, "car_tau_std": 9.27}, "datetime": {"datetime": "2024-07-31 16:26:18", "elapsed": 14850.404546, "delta": 38.307882}}
{"target": 58.37663968375936, "params": {"bus_acc": 1.4, "bus_dcc": 3.65, "bus_lcCooperative": 1.0, "bus_lcPushy": 0.11, "bus_lcSublane": 0.89, "bus_max_v": 10.42, "bus_tau_mean": 2.91, "bus_tau_std": 12.51, "car_acc": 2.84, "car_dcc": 3.24, "car_lcCooperative": 0.2, "car_lcPushy": 0.8, "car_lcSublane": 0.51, "car_max_v": 8.85, "car_tau_mean": 2.95, "car_tau_std": 14.34}, "datetime": {"datetime": "2024-07-31 16:29:04", "elapsed": 15016.420806, "delta": 166.01626}}
{"target": 58.44648415075021, "params": {"bus_acc": 1.39, "bus_dcc": 2.03, "bus_lcCooperative": 0.57, "bus_lcPushy": 0.05, "bus_lcSublane": 0.05, "bus_max_v": 14.88, "bus_tau_mean": 2.62, "bus_tau_std": 1.45, "car_acc": 2.29, "car_dcc": 2.66, "car_lcCooperative": 0.18, "car_lcPushy": 0.17, "car_lcSublane": 0.41, "car_max_v": 8.17, "car_tau_mean": 1.53, "car_tau_std": 9.57}, "datetime": {"datetime": "2024-07-31 16:29:56", "elapsed": 15068.377619, "delta": 51.956813}}
{"target": 56.88601079994257, "params": {"bus_acc": 1.34, "bus_dcc": 3.41, "bus_lcCooperative": 0.88, "bus_lcPushy": 0.91, "bus_lcSublane": 0.13, "bus_max_v": 13.65, "bus_tau_mean": 2.74, "bus_tau_std": 7.06, "car_acc": 2.52, "car_dcc": 1.76, "car_lcCooperative": 0.32, "car_lcPushy": 0.85, "car_lcSublane": 0.67, "car_max_v": 11.92, "car_tau_mean": 1.75, "car_tau_std": 8.56}, "datetime": {"datetime": "2024-07-31 16:30:30", "elapsed": 15101.997614, "delta": 33.619995}}
{"target": 58.765420539758985, "params": {"bus_acc": 1.81, "bus_dcc": 2.2, "bus_lcCooperative": 0.38, "bus_lcPushy": 0.34, "bus_lcSublane": 0.39, "bus_max_v": 9.29, "bus_tau_mean": 2.85, "bus_tau_std": 0.17, "car_acc": 1.57, "car_dcc": 1.05, "car_lcCooperative": 0.69, "car_lcPushy": 0.67, "car_lcSublane": 0.34, "car_max_v": 8.21, "car_tau_mean": 2.51, "car_tau_std": 8.4}, "datetime": {"datetime": "2024-07-31 16:30:35", "elapsed": 15106.675201, "delta": 4.677587}}
{"target": 58.31085224005772, "params": {"bus_acc": 1.97, "bus_dcc": 1.38, "bus_lcCooperative": 0.13, "bus_lcPushy": 0.05, "bus_lcSublane": 0.7, "bus_max_v": 9.4, "bus_tau_mean": 2.24, "bus_tau_std": 0.11, "car_acc": 1.44, "car_dcc": 2.04, "car_lcCooperative": 0.84, "car_lcPushy": 0.57, "car_lcSublane": 0.31, "car_max_v": 8.49, "car_tau_mean": 2.6, "car_tau_std": 8.25}, "datetime": {"datetime": "2024-07-31 16:31:03", "elapsed": 15134.638903, "delta": 27.963702}}
{"target": 58.2976479911028, "params": {"bus_acc": 1.18, "bus_dcc": 3.12, "bus_lcCooperative": 0.19, "bus_lcPushy": 0.63, "bus_lcSublane": 0.65, "bus_max_v": 10.17, "bus_tau_mean": 1.11, "bus_tau_std": 2.46, "car_acc": 1.76, "car_dcc": 1.16, "car_lcCooperative": 0.43, "car_lcPushy": 0.36, "car_lcSublane": 0.02, "car_max_v": 9.1, "car_tau_mean": 1.82, "car_tau_std": 7.98}, "datetime": {"datetime": "2024-07-31 16:34:42", "elapsed": 15353.567972, "delta": 218.929069}}
{"target": 57.95258683830375, "params": {"bus_acc": 1.51, "bus_dcc": 2.91, "bus_lcCooperative": 0.99, "bus_lcPushy": 0.92, "bus_lcSublane": 0.16, "bus_max_v": 14.59, "bus_tau_mean": 2.43, "bus_tau_std": 1.62, "car_acc": 2.7, "car_dcc": 2.35, "car_lcCooperative": 0.48, "car_lcPushy": 0.33, "car_lcSublane": 0.9, "car_max_v": 8.59, "car_tau_mean": 1.56, "car_tau_std": 10.78}, "datetime": {"datetime": "2024-07-31 16:35:20", "elapsed": 15392.271277, "delta": 38.703305}}
{"target": 58.48272760493442, "params": {"bus_acc": 1.17, "bus_dcc": 2.9, "bus_lcCooperative": 0.84, "bus_lcPushy": 0.99, "bus_lcSublane": 0.29, "bus_max_v": 8.99, "bus_tau_mean": 1.37, "bus_tau_std": 1.66, "car_acc": 2.86, "car_dcc": 1.06, "car_lcCooperative": 0.49, "car_lcPushy": 0.39, "car_lcSublane": 0.27, "car_max_v": 8.26, "car_tau_mean": 2.77, "car_tau_std": 8.57}, "datetime": {"datetime": "2024-07-31 16:37:59", "elapsed": 15551.268237, "delta": 158.99696}}
{"target": 56.58119715142761, "params": {"bus_acc": 1.96, "bus_dcc": 2.61, "bus_lcCooperative": 0.08, "bus_lcPushy": 0.19, "bus_lcSublane": 0.61, "bus_max_v": 8.37, "bus_tau_mean": 1.15, "bus_tau_std": 6.1, "car_acc": 2.4, "car_dcc": 2.36, "car_lcCooperative": 0.75, "car_lcPushy": 0.23, "car_lcSublane": 0.7, "car_max_v": 12.3, "car_tau_mean": 2.36, "car_tau_std": 9.94}, "datetime": {"datetime": "2024-07-31 16:38:38", "elapsed": 15589.774872, "delta": 38.506635}}
{"target": 57.55815293980325, "params": {"bus_acc": 1.63, "bus_dcc": 3.15, "bus_lcCooperative": 0.68, "bus_lcPushy": 0.07, "bus_lcSublane": 0.22, "bus_max_v": 8.35, "bus_tau_mean": 2.4, "bus_tau_std": 11.14, "car_acc": 1.33, "car_dcc": 1.7, "car_lcCooperative": 0.14, "car_lcPushy": 0.09, "car_lcSublane": 0.94, "car_max_v": 11.45, "car_tau_mean": 1.73, "car_tau_std": 10.74}, "datetime": {"datetime": "2024-07-31 16:39:07", "elapsed": 15619.157395, "delta": 29.382523}}
{"target": 58.48577443981715, "params": {"bus_acc": 1.6, "bus_dcc": 2.8, "bus_lcCooperative": 0.7, "bus_lcPushy": 0.0, "bus_lcSublane": 0.33, "bus_max_v": 14.02, "bus_tau_mean": 2.32, "bus_tau_std": 13.57, "car_acc": 1.09, "car_dcc": 2.16, "car_lcCooperative": 0.19, "car_lcPushy": 0.14, "car_lcSublane": 0.46, "car_max_v": 10.02, "car_tau_mean": 1.21, "car_tau_std": 5.72}, "datetime": {"datetime": "2024-07-31 16:40:00", "elapsed": 15671.732662, "delta": 52.575267}}
{"target": 58.53146824851768, "params": {"bus_acc": 1.96, "bus_dcc": 1.72, "bus_lcCooperative": 0.69, "bus_lcPushy": 0.56, "bus_lcSublane": 0.54, "bus_max_v": 11.89, "bus_tau_mean": 2.53, "bus_tau_std": 0.29, "car_acc": 1.08, "car_dcc": 2.22, "car_lcCooperative": 0.9, "car_lcPushy": 0.14, "car_lcSublane": 0.09, "car_max_v": 8.85, "car_tau_mean": 1.84, "car_tau_std": 8.58}, "datetime": {"datetime": "2024-07-31 16:41:18", "elapsed": 15749.667485, "delta": 77.934823}}
{"target": 56.50601216845202, "params": {"bus_acc": 1.54, "bus_dcc": 3.25, "bus_lcCooperative": 0.06, "bus_lcPushy": 0.81, "bus_lcSublane": 0.98, "bus_max_v": 8.59, "bus_tau_mean": 2.3, "bus_tau_std": 1.33, "car_acc": 1.79, "car_dcc": 3.87, "car_lcCooperative": 0.33, "car_lcPushy": 0.87, "car_lcSublane": 0.89, "car_max_v": 14.27, "car_tau_mean": 2.38, "car_tau_std": 3.3}, "datetime": {"datetime": "2024-07-31 16:43:56", "elapsed": 15908.360103, "delta": 158.692618}}
{"target": 58.41995621434215, "params": {"bus_acc": 1.17, "bus_dcc": 2.6, "bus_lcCooperative": 0.75, "bus_lcPushy": 0.17, "bus_lcSublane": 0.24, "bus_max_v": 11.3, "bus_tau_mean": 2.53, "bus_tau_std": 0.12, "car_acc": 1.6, "car_dcc": 1.24, "car_lcCooperative": 0.28, "car_lcPushy": 0.5, "car_lcSublane": 0.62, "car_max_v": 9.09, "car_tau_mean": 1.75, "car_tau_std": 8.82}, "datetime": {"datetime": "2024-07-31 16:44:04", "elapsed": 15915.674684, "delta": 7.314581}}
{"target": 57.39193250087489, "params": {"bus_acc": 1.41, "bus_dcc": 2.81, "bus_lcCooperative": 0.53, "bus_lcPushy": 0.48, "bus_lcSublane": 0.76, "bus_max_v": 12.48, "bus_tau_mean": 2.94, "bus_tau_std": 5.38, "car_acc": 1.13, "car_dcc": 4.06, "car_lcCooperative": 0.09, "car_lcPushy": 0.03, "car_lcSublane": 0.65, "car_max_v": 13.13, "car_tau_mean": 2.55, "car_tau_std": 6.71}, "datetime": {"datetime": "2024-07-31 16:47:45", "elapsed": 16136.622679, "delta": 220.947995}}
