{"target": -0.05921595160974682, "params": {"bus_acc": 2.39, "bus_dcc": 3.5, "bus_lcAssertive": 18.99, "bus_lcCooperative": 0.17, "bus_lcLookaheadLeft": 98.66, "bus_lcPushy": 0.38, "bus_lcSublane": 0.81, "bus_max_v": 14.37, "bus_tau_mean": 3.3, "bus_tau_std": 8.77, "car_acc": 2.28, "car_dcc": 2.2, "car_lcAssertive": 87.81, "car_lcCooperative": 0.41, "car_lcLookaheadLeft": 19.96, "car_lcPushy": 0.47, "car_lcSublane": 0.21, "car_max_v": 24.34, "car_tau_mean": 3.29, "car_tau_std": 7.23}, "datetime": {"datetime": "2024-08-04 13:17:12", "elapsed": 6107.007736, "delta": 12.007772}}
{"target": -0.03071763448686918, "params": {"bus_acc": 1.23, "bus_dcc": 2.23, "bus_lcAssertive": 11.39, "bus_lcCooperative": 0.93, "bus_lcLookaheadLeft": 9.56, "bus_lcPushy": 0.3, "bus_lcSublane": 0.14, "bus_max_v": 29.48, "bus_tau_mean": 2.12, "bus_tau_std": 1.97, "car_acc": 1.08, "car_dcc": 2.2, "car_lcAssertive": 39.53, "car_lcCooperative": 0.97, "car_lcLookaheadLeft": 62.26, "car_lcPushy": 0.34, "car_lcSublane": 0.89, "car_max_v": 9.76, "car_tau_mean": 3.84, "car_tau_std": 0.12}, "datetime": {"datetime": "2024-08-04 13:17:17", "elapsed": 6111.370649, "delta": 4.362913}}
{"target": -0.06391048570328543, "params": {"bus_acc": 1.72, "bus_dcc": 3.29, "bus_lcAssertive": 92.65, "bus_lcCooperative": 0.45, "bus_lcLookaheadLeft": 68.1, "bus_lcPushy": 0.68, "bus_lcSublane": 0.67, "bus_max_v": 8.2, "bus_tau_mean": 3.76, "bus_tau_std": 3.35, "car_acc": 1.98, "car_dcc": 3.64, "car_lcAssertive": 80.88, "car_lcCooperative": 0.4, "car_lcLookaheadLeft": 89.12, "car_lcPushy": 0.13, "car_lcSublane": 0.85, "car_max_v": 20.08, "car_tau_mean": 2.16, "car_tau_std": 3.39}, "datetime": {"datetime": "2024-08-04 13:17:21", "elapsed": 6115.170913, "delta": 3.800264}}
{"target": -0.040492267521765594, "params": {"bus_acc": 1.12, "bus_dcc": 1.72, "bus_lcAssertive": 83.56, "bus_lcCooperative": 0.56, "bus_lcLookaheadLeft": 4.99, "bus_lcPushy": 0.93, "bus_lcSublane": 0.5, "bus_max_v": 28.29, "bus_tau_mean": 3.88, "bus_tau_std": 7.4, "car_acc": 1.71, "car_dcc": 2.05, "car_lcAssertive": 7.74, "car_lcCooperative": 0.79, "car_lcLookaheadLeft": 20.55, "car_lcPushy": 0.19, "car_lcSublane": 0.88, "car_max_v": 9.34, "car_tau_mean": 1.47, "car_tau_std": 5.43}, "datetime": {"datetime": "2024-08-04 13:17:24", "elapsed": 6119.028139, "delta": 3.857226}}
{"target": -0.04020939175026513, "params": {"bus_acc": 1.42, "bus_dcc": 3.95, "bus_lcAssertive": 57.66, "bus_lcCooperative": 0.34, "bus_lcLookaheadLeft": 55.14, "bus_lcPushy": 0.13, "bus_lcSublane": 0.13, "bus_max_v": 23.02, "bus_tau_mean": 2.5, "bus_tau_std": 9.78, "car_acc": 1.59, "car_dcc": 1.86, "car_lcAssertive": 56.41, "car_lcCooperative": 0.88, "car_lcLookaheadLeft": 42.28, "car_lcPushy": 0.78, "car_lcSublane": 0.66, "car_max_v": 22.91, "car_tau_mean": 0.7, "car_tau_std": 2.13}, "datetime": {"datetime": "2024-08-04 13:17:28", "elapsed": 6123.082429, "delta": 4.05429}}
{"target": -0.051643801425693615, "params": {"bus_acc": 1.2, "bus_dcc": 3.41, "bus_lcAssertive": 4.42, "bus_lcCooperative": 0.26, "bus_lcLookaheadLeft": 17.2, "bus_lcPushy": 0.21, "bus_lcSublane": 0.26, "bus_max_v": 9.08, "bus_tau_mean": 2.41, "bus_tau_std": 1.77, "car_acc": 1.58, "car_dcc": 2.48, "car_lcAssertive": 59.31, "car_lcCooperative": 0.62, "car_lcLookaheadLeft": 24.22, "car_lcPushy": 0.84, "car_lcSublane": 0.12, "car_max_v": 16.73, "car_tau_mean": 1.86, "car_tau_std": 3.32}, "datetime": {"datetime": "2024-08-04 13:17:32", "elapsed": 6126.664502, "delta": 3.582073}}
{"target": -0.04672554210021838, "params": {"bus_acc": 2.93, "bus_dcc": 2.61, "bus_lcAssertive": 91.89, "bus_lcCooperative": 0.52, "bus_lcLookaheadLeft": 39.35, "bus_lcPushy": 0.76, "bus_lcSublane": 0.04, "bus_max_v": 15.4, "bus_tau_mean": 3.6, "bus_tau_std": 4.35, "car_acc": 2.15, "car_dcc": 3.55, "car_lcAssertive": 30.61, "car_lcCooperative": 0.48, "car_lcLookaheadLeft": 66.02, "car_lcPushy": 0.68, "car_lcSublane": 0.04, "car_max_v": 11.73, "car_tau_mean": 3.55, "car_tau_std": 3.26}, "datetime": {"datetime": "2024-08-04 13:17:45", "elapsed": 6139.26645, "delta": 12.601948}}
{"target": -0.048382450750171585, "params": {"bus_acc": 1.56, "bus_dcc": 2.0, "bus_lcAssertive": 68.67, "bus_lcCooperative": 0.29, "bus_lcLookaheadLeft": 58.5, "bus_lcPushy": 0.18, "bus_lcSublane": 0.1, "bus_max_v": 12.8, "bus_tau_mean": 3.81, "bus_tau_std": 4.09, "car_acc": 1.44, "car_dcc": 2.41, "car_lcAssertive": 3.67, "car_lcCooperative": 0.49, "car_lcLookaheadLeft": 73.77, "car_lcPushy": 0.97, "car_lcSublane": 0.06, "car_max_v": 24.3, "car_tau_mean": 2.88, "car_tau_std": 7.85}, "datetime": {"datetime": "2024-08-04 13:17:48", "elapsed": 6142.886931, "delta": 3.620481}}
{"target": -0.05252064826005027, "params": {"bus_acc": 1.67, "bus_dcc": 3.4, "bus_lcAssertive": 64.7, "bus_lcCooperative": 0.82, "bus_lcLookaheadLeft": 13.72, "bus_lcPushy": 0.55, "bus_lcSublane": 0.54, "bus_max_v": 16.59, "bus_tau_mean": 0.75, "bus_tau_std": 4.75, "car_acc": 1.58, "car_dcc": 1.89, "car_lcAssertive": 6.18, "car_lcCooperative": 0.37, "car_lcLookaheadLeft": 45.53, "car_lcPushy": 0.29, "car_lcSublane": 0.83, "car_max_v": 21.65, "car_tau_mean": 2.02, "car_tau_std": 0.37}, "datetime": {"datetime": "2024-08-04 13:17:52", "elapsed": 6146.218784, "delta": 3.331853}}
{"target": -0.04947037428856127, "params": {"bus_acc": 2.19, "bus_dcc": 2.29, "bus_lcAssertive": 88.39, "bus_lcCooperative": 0.36, "bus_lcLookaheadLeft": 79.82, "bus_lcPushy": 0.51, "bus_lcSublane": 0.82, "bus_max_v": 9.81, "bus_tau_mean": 1.05, "bus_tau_std": 2.68, "car_acc": 2.36, "car_dcc": 3.08, "car_lcAssertive": 63.39, "car_lcCooperative": 0.16, "car_lcLookaheadLeft": 15.54, "car_lcPushy": 0.1, "car_lcSublane": 0.71, "car_max_v": 8.31, "car_tau_mean": 2.08, "car_tau_std": 4.39}, "datetime": {"datetime": "2024-08-04 13:17:55", "elapsed": 6149.664332, "delta": 3.445548}}
{"target": -0.05797288232902189, "params": {"bus_acc": 2.68, "bus_dcc": 2.51, "bus_lcAssertive": 18.42, "bus_lcCooperative": 0.33, "bus_lcLookaheadLeft": 4.92, "bus_lcPushy": 0.79, "bus_lcSublane": 0.54, "bus_max_v": 21.18, "bus_tau_mean": 3.94, "bus_tau_std": 9.89, "car_acc": 2.96, "car_dcc": 2.81, "car_lcAssertive": 28.92, "car_lcCooperative": 0.12, "car_lcLookaheadLeft": 3.59, "car_lcPushy": 0.71, "car_lcSublane": 0.89, "car_max_v": 22.45, "car_tau_mean": 2.08, "car_tau_std": 9.13}, "datetime": {"datetime": "2024-08-04 13:17:58", "elapsed": 6152.815165, "delta": 3.150833}}
{"target": -0.046142825880004464, "params": {"bus_acc": 1.19, "bus_dcc": 3.92, "bus_lcAssertive": 38.07, "bus_lcCooperative": 0.62, "bus_lcLookaheadLeft": 65.37, "bus_lcPushy": 0.88, "bus_lcSublane": 0.83, "bus_max_v": 18.04, "bus_tau_mean": 2.12, "bus_tau_std": 9.46, "car_acc": 2.85, "car_dcc": 2.13, "car_lcAssertive": 80.3, "car_lcCooperative": 0.25, "car_lcLookaheadLeft": 49.13, "car_lcPushy": 0.22, "car_lcSublane": 0.44, "car_max_v": 14.92, "car_tau_mean": 3.48, "car_tau_std": 0.58}, "datetime": {"datetime": "2024-08-04 13:18:23", "elapsed": 6177.991317, "delta": 25.176152}}
{"target": -0.05167037343155442, "params": {"bus_acc": 1.68, "bus_dcc": 2.03, "bus_lcAssertive": 76.95, "bus_lcCooperative": 0.31, "bus_lcLookaheadLeft": 35.0, "bus_lcPushy": 0.57, "bus_lcSublane": 0.43, "bus_max_v": 12.31, "bus_tau_mean": 2.74, "bus_tau_std": 0.43, "car_acc": 2.87, "car_dcc": 1.25, "car_lcAssertive": 93.92, "car_lcCooperative": 0.98, "car_lcLookaheadLeft": 13.52, "car_lcPushy": 1.0, "car_lcSublane": 0.87, "car_max_v": 21.61, "car_tau_mean": 3.03, "car_tau_std": 6.73}, "datetime": {"datetime": "2024-08-04 13:18:28", "elapsed": 6182.192501, "delta": 4.201184}}
{"target": -0.036979323790621764, "params": {"bus_acc": 1.52, "bus_dcc": 3.98, "bus_lcAssertive": 77.5, "bus_lcCooperative": 0.06, "bus_lcLookaheadLeft": 36.73, "bus_lcPushy": 0.69, "bus_lcSublane": 0.59, "bus_max_v": 26.23, "bus_tau_mean": 2.21, "bus_tau_std": 9.85, "car_acc": 1.24, "car_dcc": 1.63, "car_lcAssertive": 10.03, "car_lcCooperative": 0.29, "car_lcLookaheadLeft": 7.67, "car_lcPushy": 0.93, "car_lcSublane": 0.65, "car_max_v": 10.6, "car_tau_mean": 3.25, "car_tau_std": 7.54}, "datetime": {"datetime": "2024-08-04 13:18:31", "elapsed": 6185.705988, "delta": 3.513487}}
{"target": -0.046533988718470094, "params": {"bus_acc": 1.91, "bus_dcc": 1.77, "bus_lcAssertive": 75.97, "bus_lcCooperative": 0.76, "bus_lcLookaheadLeft": 46.37, "bus_lcPushy": 0.78, "bus_lcSublane": 0.46, "bus_max_v": 19.01, "bus_tau_mean": 1.57, "bus_tau_std": 4.87, "car_acc": 2.01, "car_dcc": 3.71, "car_lcAssertive": 91.31, "car_lcCooperative": 0.55, "car_lcLookaheadLeft": 46.84, "car_lcPushy": 0.61, "car_lcSublane": 0.81, "car_max_v": 10.29, "car_tau_mean": 2.94, "car_tau_std": 1.43}, "datetime": {"datetime": "2024-08-04 13:18:39", "elapsed": 6193.519549, "delta": 7.813561}}
{"target": -0.05955363687445612, "params": {"bus_acc": 2.04, "bus_dcc": 3.21, "bus_lcAssertive": 66.87, "bus_lcCooperative": 0.78, "bus_lcLookaheadLeft": 51.41, "bus_lcPushy": 0.39, "bus_lcSublane": 0.81, "bus_max_v": 17.61, "bus_tau_mean": 2.46, "bus_tau_std": 1.19, "car_acc": 2.85, "car_dcc": 3.97, "car_lcAssertive": 88.65, "car_lcCooperative": 0.85, "car_lcLookaheadLeft": 90.99, "car_lcPushy": 0.65, "car_lcSublane": 0.36, "car_max_v": 24.44, "car_tau_mean": 1.6, "car_tau_std": 0.01}, "datetime": {"datetime": "2024-08-04 13:18:42", "elapsed": 6196.837611, "delta": 3.318062}}
{"target": -0.051638063986981654, "params": {"bus_acc": 2.53, "bus_dcc": 1.54, "bus_lcAssertive": 60.3, "bus_lcCooperative": 0.5, "bus_lcLookaheadLeft": 5.8, "bus_lcPushy": 0.55, "bus_lcSublane": 0.59, "bus_max_v": 22.28, "bus_tau_mean": 2.95, "bus_tau_std": 4.93, "car_acc": 1.54, "car_dcc": 3.22, "car_lcAssertive": 22.43, "car_lcCooperative": 0.78, "car_lcLookaheadLeft": 19.51, "car_lcPushy": 0.3, "car_lcSublane": 0.68, "car_max_v": 20.28, "car_tau_mean": 1.07, "car_tau_std": 6.24}, "datetime": {"datetime": "2024-08-04 13:18:47", "elapsed": 6201.218056, "delta": 4.380445}}
{"target": -0.04919110011109414, "params": {"bus_acc": 1.99, "bus_dcc": 2.26, "bus_lcAssertive": 24.05, "bus_lcCooperative": 0.37, "bus_lcLookaheadLeft": 51.12, "bus_lcPushy": 0.93, "bus_lcSublane": 0.34, "bus_max_v": 19.13, "bus_tau_mean": 2.54, "bus_tau_std": 3.58, "car_acc": 2.7, "car_dcc": 1.52, "car_lcAssertive": 39.96, "car_lcCooperative": 0.02, "car_lcLookaheadLeft": 48.26, "car_lcPushy": 0.25, "car_lcSublane": 0.09, "car_max_v": 11.27, "car_tau_mean": 3.08, "car_tau_std": 6.88}, "datetime": {"datetime": "2024-08-04 13:18:50", "elapsed": 6204.553671, "delta": 3.335615}}
{"target": -0.05179696417101635, "params": {"bus_acc": 1.36, "bus_dcc": 3.33, "bus_lcAssertive": 60.72, "bus_lcCooperative": 0.13, "bus_lcLookaheadLeft": 92.15, "bus_lcPushy": 0.9, "bus_lcSublane": 0.55, "bus_max_v": 19.42, "bus_tau_mean": 0.82, "bus_tau_std": 6.95, "car_acc": 2.23, "car_dcc": 3.13, "car_lcAssertive": 32.15, "car_lcCooperative": 0.0, "car_lcLookaheadLeft": 69.92, "car_lcPushy": 0.04, "car_lcSublane": 0.13, "car_max_v": 25.75, "car_tau_mean": 3.76, "car_tau_std": 0.83}, "datetime": {"datetime": "2024-08-04 13:18:58", "elapsed": 6212.703813, "delta": 8.150142}}
{"target": -0.05306449943414409, "params": {"bus_acc": 2.11, "bus_dcc": 3.36, "bus_lcAssertive": 86.31, "bus_lcCooperative": 0.2, "bus_lcLookaheadLeft": 91.47, "bus_lcPushy": 0.25, "bus_lcSublane": 0.05, "bus_max_v": 8.81, "bus_tau_mean": 2.18, "bus_tau_std": 9.89, "car_acc": 1.98, "car_dcc": 2.54, "car_lcAssertive": 14.61, "car_lcCooperative": 0.56, "car_lcLookaheadLeft": 74.83, "car_lcPushy": 0.34, "car_lcSublane": 0.33, "car_max_v": 16.61, "car_tau_mean": 2.59, "car_tau_std": 3.42}, "datetime": {"datetime": "2024-08-04 13:19:01", "elapsed": 6216.10816, "delta": 3.404347}}
{"target": -0.05884364834085798, "params": {"bus_acc": 2.17, "bus_dcc": 3.2, "bus_lcAssertive": 59.23, "bus_lcCooperative": 0.69, "bus_lcLookaheadLeft": 8.38, "bus_lcPushy": 0.66, "bus_lcSublane": 0.97, "bus_max_v": 14.38, "bus_tau_mean": 0.8, "bus_tau_std": 6.19, "car_acc": 2.54, "car_dcc": 3.39, "car_lcAssertive": 29.41, "car_lcCooperative": 0.44, "car_lcLookaheadLeft": 68.34, "car_lcPushy": 0.4, "car_lcSublane": 0.67, "car_max_v": 19.2, "car_tau_mean": 1.85, "car_tau_std": 3.87}, "datetime": {"datetime": "2024-08-04 13:19:24", "elapsed": 6238.700792, "delta": 22.592632}}
{"target": -0.07427150946572895, "params": {"bus_acc": 2.74, "bus_dcc": 2.94, "bus_lcAssertive": 84.65, "bus_lcCooperative": 0.87, "bus_lcLookaheadLeft": 89.37, "bus_lcPushy": 0.56, "bus_lcSublane": 0.67, "bus_max_v": 9.51, "bus_tau_mean": 1.72, "bus_tau_std": 2.75, "car_acc": 2.76, "car_dcc": 2.32, "car_lcAssertive": 24.43, "car_lcCooperative": 0.38, "car_lcLookaheadLeft": 65.55, "car_lcPushy": 0.84, "car_lcSublane": 0.26, "car_max_v": 21.8, "car_tau_mean": 0.68, "car_tau_std": 0.03}, "datetime": {"datetime": "2024-08-04 13:19:27", "elapsed": 6241.97413, "delta": 3.273338}}
{"target": -0.05916791022680019, "params": {"bus_acc": 1.78, "bus_dcc": 1.48, "bus_lcAssertive": 33.43, "bus_lcCooperative": 0.69, "bus_lcLookaheadLeft": 21.59, "bus_lcPushy": 0.85, "bus_lcSublane": 0.33, "bus_max_v": 18.92, "bus_tau_mean": 2.23, "bus_tau_std": 0.75, "car_acc": 2.35, "car_dcc": 3.24, "car_lcAssertive": 46.61, "car_lcCooperative": 0.32, "car_lcLookaheadLeft": 67.48, "car_lcPushy": 0.61, "car_lcSublane": 0.72, "car_max_v": 20.71, "car_tau_mean": 0.57, "car_tau_std": 1.34}, "datetime": {"datetime": "2024-08-04 13:19:37", "elapsed": 6251.169018, "delta": 9.194888}}
{"target": -0.04213982791840342, "params": {"bus_acc": 2.17, "bus_dcc": 3.39, "bus_lcAssertive": 86.95, "bus_lcCooperative": 0.91, "bus_lcLookaheadLeft": 63.16, "bus_lcPushy": 0.48, "bus_lcSublane": 0.62, "bus_max_v": 19.27, "bus_tau_mean": 1.06, "bus_tau_std": 8.85, "car_acc": 1.07, "car_dcc": 2.96, "car_lcAssertive": 58.12, "car_lcCooperative": 0.63, "car_lcLookaheadLeft": 33.17, "car_lcPushy": 0.02, "car_lcSublane": 0.65, "car_max_v": 11.02, "car_tau_mean": 1.35, "car_tau_std": 8.17}, "datetime": {"datetime": "2024-08-04 13:19:39", "elapsed": 6253.921314, "delta": 2.752296}}
{"target": -0.050457453570837446, "params": {"bus_acc": 1.78, "bus_dcc": 1.41, "bus_lcAssertive": 52.54, "bus_lcCooperative": 0.4, "bus_lcLookaheadLeft": 60.52, "bus_lcPushy": 0.21, "bus_lcSublane": 0.34, "bus_max_v": 15.71, "bus_tau_mean": 3.92, "bus_tau_std": 0.38, "car_acc": 2.25, "car_dcc": 2.02, "car_lcAssertive": 5.0, "car_lcCooperative": 0.99, "car_lcLookaheadLeft": 47.27, "car_lcPushy": 0.69, "car_lcSublane": 0.09, "car_max_v": 16.52, "car_tau_mean": 2.83, "car_tau_std": 9.96}, "datetime": {"datetime": "2024-08-04 13:19:50", "elapsed": 6264.153275, "delta": 10.231961}}
{"target": -0.05892400259303513, "params": {"bus_acc": 2.94, "bus_dcc": 2.42, "bus_lcAssertive": 74.6, "bus_lcCooperative": 0.0, "bus_lcLookaheadLeft": 10.53, "bus_lcPushy": 0.95, "bus_lcSublane": 0.93, "bus_max_v": 18.41, "bus_tau_mean": 2.31, "bus_tau_std": 0.37, "car_acc": 2.66, "car_dcc": 2.29, "car_lcAssertive": 98.45, "car_lcCooperative": 0.11, "car_lcLookaheadLeft": 4.27, "car_lcPushy": 0.3, "car_lcSublane": 0.56, "car_max_v": 28.57, "car_tau_mean": 1.48, "car_tau_std": 6.42}, "datetime": {"datetime": "2024-08-04 13:20:00", "elapsed": 6274.968439, "delta": 10.815164}}
{"target": -0.05192143498068616, "params": {"bus_acc": 1.88, "bus_dcc": 2.4, "bus_lcAssertive": 36.33, "bus_lcCooperative": 0.98, "bus_lcLookaheadLeft": 44.24, "bus_lcPushy": 0.33, "bus_lcSublane": 0.14, "bus_max_v": 16.51, "bus_tau_mean": 3.03, "bus_tau_std": 5.52, "car_acc": 2.29, "car_dcc": 1.01, "car_lcAssertive": 9.13, "car_lcCooperative": 0.48, "car_lcLookaheadLeft": 68.12, "car_lcPushy": 0.82, "car_lcSublane": 0.69, "car_max_v": 16.26, "car_tau_mean": 2.23, "car_tau_std": 8.68}, "datetime": {"datetime": "2024-08-04 13:20:04", "elapsed": 6278.234234, "delta": 3.265795}}
{"target": -0.044064536166034556, "params": {"bus_acc": 2.18, "bus_dcc": 3.81, "bus_lcAssertive": 2.51, "bus_lcCooperative": 0.38, "bus_lcLookaheadLeft": 75.12, "bus_lcPushy": 0.04, "bus_lcSublane": 0.28, "bus_max_v": 27.74, "bus_tau_mean": 3.38, "bus_tau_std": 3.72, "car_acc": 1.04, "car_dcc": 1.09, "car_lcAssertive": 24.65, "car_lcCooperative": 0.69, "car_lcLookaheadLeft": 7.54, "car_lcPushy": 0.22, "car_lcSublane": 0.27, "car_max_v": 25.39, "car_tau_mean": 2.68, "car_tau_std": 7.81}, "datetime": {"datetime": "2024-08-04 13:20:14", "elapsed": 6288.9539, "delta": 10.719666}}
{"target": -0.05037387587488428, "params": {"bus_acc": 1.21, "bus_dcc": 2.9, "bus_lcAssertive": 53.42, "bus_lcCooperative": 0.38, "bus_lcLookaheadLeft": 10.51, "bus_lcPushy": 0.58, "bus_lcSublane": 0.07, "bus_max_v": 16.21, "bus_tau_mean": 1.77, "bus_tau_std": 0.21, "car_acc": 1.9, "car_dcc": 3.83, "car_lcAssertive": 91.99, "car_lcCooperative": 0.59, "car_lcLookaheadLeft": 32.4, "car_lcPushy": 0.8, "car_lcSublane": 0.75, "car_max_v": 17.15, "car_tau_mean": 0.56, "car_tau_std": 6.37}, "datetime": {"datetime": "2024-08-04 13:20:18", "elapsed": 6292.818231, "delta": 3.864331}}
{"target": -0.04770438686139606, "params": {"bus_acc": 1.05, "bus_dcc": 1.72, "bus_lcAssertive": 79.7, "bus_lcCooperative": 0.66, "bus_lcLookaheadLeft": 3.57, "bus_lcPushy": 0.39, "bus_lcSublane": 0.85, "bus_max_v": 22.06, "bus_tau_mean": 3.97, "bus_tau_std": 5.04, "car_acc": 2.03, "car_dcc": 1.24, "car_lcAssertive": 65.51, "car_lcCooperative": 0.19, "car_lcLookaheadLeft": 27.13, "car_lcPushy": 0.23, "car_lcSublane": 0.26, "car_max_v": 22.37, "car_tau_mean": 1.71, "car_tau_std": 8.13}, "datetime": {"datetime": "2024-08-04 13:20:32", "elapsed": 6306.809959, "delta": 13.991728}}
{"target": -0.0874165547185487, "params": {"bus_acc": 2.92, "bus_dcc": 1.45, "bus_lcAssertive": 9.3, "bus_lcCooperative": 0.59, "bus_lcLookaheadLeft": 86.23, "bus_lcPushy": 0.77, "bus_lcSublane": 0.59, "bus_max_v": 15.63, "bus_tau_mean": 2.03, "bus_tau_std": 3.65, "car_acc": 2.8, "car_dcc": 1.02, "car_lcAssertive": 49.72, "car_lcCooperative": 0.01, "car_lcLookaheadLeft": 19.31, "car_lcPushy": 0.2, "car_lcSublane": 0.08, "car_max_v": 8.26, "car_tau_mean": 2.13, "car_tau_std": 8.51}, "datetime": {"datetime": "2024-08-04 13:20:36", "elapsed": 6310.442352, "delta": 3.632393}}
{"target": -0.04515647606423171, "params": {"bus_acc": 1.03, "bus_dcc": 3.75, "bus_lcAssertive": 41.52, "bus_lcCooperative": 0.98, "bus_lcLookaheadLeft": 98.55, "bus_lcPushy": 0.66, "bus_lcSublane": 0.86, "bus_max_v": 28.19, "bus_tau_mean": 2.23, "bus_tau_std": 2.45, "car_acc": 2.2, "car_dcc": 3.96, "car_lcAssertive": 21.39, "car_lcCooperative": 0.29, "car_lcLookaheadLeft": 26.97, "car_lcPushy": 0.16, "car_lcSublane": 0.79, "car_max_v": 10.68, "car_tau_mean": 1.54, "car_tau_std": 5.28}, "datetime": {"datetime": "2024-08-04 13:20:46", "elapsed": 6321.034739, "delta": 10.592387}}
{"target": -0.04747508040585671, "params": {"bus_acc": 2.22, "bus_dcc": 2.69, "bus_lcAssertive": 7.55, "bus_lcCooperative": 0.61, "bus_lcLookaheadLeft": 68.17, "bus_lcPushy": 0.93, "bus_lcSublane": 0.95, "bus_max_v": 25.59, "bus_tau_mean": 3.42, "bus_tau_std": 3.78, "car_acc": 2.99, "car_dcc": 1.88, "car_lcAssertive": 6.03, "car_lcCooperative": 0.74, "car_lcLookaheadLeft": 69.82, "car_lcPushy": 0.83, "car_lcSublane": 0.99, "car_max_v": 12.95, "car_tau_mean": 1.58, "car_tau_std": 4.52}, "datetime": {"datetime": "2024-08-04 13:20:50", "elapsed": 6324.486667, "delta": 3.451928}}
{"target": -0.05805649251851011, "params": {"bus_acc": 1.28, "bus_dcc": 2.6, "bus_lcAssertive": 10.19, "bus_lcCooperative": 0.8, "bus_lcLookaheadLeft": 54.36, "bus_lcPushy": 0.34, "bus_lcSublane": 0.14, "bus_max_v": 24.01, "bus_tau_mean": 1.93, "bus_tau_std": 8.93, "car_acc": 2.95, "car_dcc": 3.53, "car_lcAssertive": 20.35, "car_lcCooperative": 0.29, "car_lcLookaheadLeft": 27.05, "car_lcPushy": 0.35, "car_lcSublane": 0.08, "car_max_v": 11.53, "car_tau_mean": 2.07, "car_tau_std": 1.16}, "datetime": {"datetime": "2024-08-04 13:20:55", "elapsed": 6329.416906, "delta": 4.930239}}
{"target": -0.04950561112103408, "params": {"bus_acc": 2.59, "bus_dcc": 1.01, "bus_lcAssertive": 56.62, "bus_lcCooperative": 0.82, "bus_lcLookaheadLeft": 16.49, "bus_lcPushy": 0.78, "bus_lcSublane": 0.15, "bus_max_v": 21.39, "bus_tau_mean": 3.39, "bus_tau_std": 6.39, "car_acc": 2.61, "car_dcc": 3.79, "car_lcAssertive": 93.36, "car_lcCooperative": 0.25, "car_lcLookaheadLeft": 77.42, "car_lcPushy": 0.81, "car_lcSublane": 0.01, "car_max_v": 13.86, "car_tau_mean": 3.22, "car_tau_std": 0.19}, "datetime": {"datetime": "2024-08-04 13:21:00", "elapsed": 6334.386917, "delta": 4.970011}}
{"target": -0.050340725943788384, "params": {"bus_acc": 1.11, "bus_dcc": 2.77, "bus_lcAssertive": 15.72, "bus_lcCooperative": 0.05, "bus_lcLookaheadLeft": 6.3, "bus_lcPushy": 0.72, "bus_lcSublane": 0.81, "bus_max_v": 23.51, "bus_tau_mean": 1.16, "bus_tau_std": 8.88, "car_acc": 2.16, "car_dcc": 1.89, "car_lcAssertive": 59.06, "car_lcCooperative": 0.18, "car_lcLookaheadLeft": 92.01, "car_lcPushy": 0.71, "car_lcSublane": 0.2, "car_max_v": 29.54, "car_tau_mean": 3.28, "car_tau_std": 7.53}, "datetime": {"datetime": "2024-08-04 13:21:05", "elapsed": 6339.530823, "delta": 5.143906}}
{"target": -0.05344725043265819, "params": {"bus_acc": 1.47, "bus_dcc": 3.41, "bus_lcAssertive": 9.77, "bus_lcCooperative": 0.07, "bus_lcLookaheadLeft": 46.4, "bus_lcPushy": 0.73, "bus_lcSublane": 0.33, "bus_max_v": 28.92, "bus_tau_mean": 1.45, "bus_tau_std": 7.68, "car_acc": 2.06, "car_dcc": 1.14, "car_lcAssertive": 85.05, "car_lcCooperative": 0.43, "car_lcLookaheadLeft": 72.11, "car_lcPushy": 0.66, "car_lcSublane": 0.02, "car_max_v": 20.39, "car_tau_mean": 2.6, "car_tau_std": 4.68}, "datetime": {"datetime": "2024-08-04 13:21:10", "elapsed": 6344.122962, "delta": 4.592139}}
