{"target": -0.21919434710481364, "params": {"bus_acc": 1.0668, "bus_dcc": 1.7499, "bus_lcAssertive": 79.4421, "bus_lcCooperative": 0.7223, "bus_lcLookaheadLeft": 26.1092, "bus_lcPushy": 0.5581, "bus_lcSigma": 0.5888, "bus_lcSpeedGainRight": 3.6101, "bus_lcSublane": 0.4668, "bus_sigma": 0.408, "bus_tau_mean": 1.5812, "bus_tau_std": 2.3863, "bus_v_mean": 9.4832, "bus_v_std": 12.9208, "car_acc": 3.6814, "car_dcc": 3.0652, "car_lcAssertive": 1.3146, "car_lcCooperative": 0.4414, "car_lcLookaheadLeft": 14.0134, "car_lcPushy": 0.5298, "car_lcSigma": 0.9829, "car_lcSpeedGainRight": 2.4996, "car_lcSublane": 0.3778, "car_sigma": 0.817, "car_tau_mean": 3.8919, "car_tau_std": 2.8744, "car_v_mean": 20.8512, "car_v_std": 19.926}, "datetime": {"datetime": "2024-08-08 18:00:59", "elapsed": 2244.640685, "delta": 1.107011}}
{"target": -0.29667836845136075, "params": {"bus_acc": 2.4063, "bus_dcc": 2.8932, "bus_lcAssertive": 62.3955, "bus_lcCooperative": 0.2237, "bus_lcLookaheadLeft": 35.858, "bus_lcPushy": 0.1933, "bus_lcSigma": 0.913, "bus_lcSpeedGainRight": 1.4314, "bus_lcSublane": 0.3637, "bus_sigma": 0.3312, "bus_tau_mean": 1.2356, "bus_tau_std": 7.6078, "bus_v_mean": 8.133, "bus_v_std": 18.5577, "car_acc": 4.4505, "car_dcc": 3.9219, "car_lcAssertive": 52.4244, "car_lcCooperative": 0.9325, "car_lcLookaheadLeft": 57.8478, "car_lcPushy": 0.5355, "car_lcSigma": 0.3125, "car_lcSpeedGainRight": 2.8109, "car_lcSublane": 0.5473, "car_sigma": 0.2693, "car_tau_mean": 3.5486, "car_tau_std": 0.7737, "car_v_mean": 11.7611, "car_v_std": 1.3862}, "datetime": {"datetime": "2024-08-08 18:01:00", "elapsed": 2246.019806, "delta": 1.379121}}
{"target": -0.32904774459723374, "params": {"bus_acc": 3.3864, "bus_dcc": 1.1019, "bus_lcAssertive": 80.3707, "bus_lcCooperative": 0.3883, "bus_lcLookaheadLeft": 91.978, "bus_lcPushy": 0.0579, "bus_lcSigma": 0.8578, "bus_lcSpeedGainRight": 2.6373, "bus_lcSublane": 0.8731, "bus_sigma": 0.1805, "bus_tau_mean": 1.8083, "bus_tau_std": 1.9975, "bus_v_mean": 19.2367, "bus_v_std": 18.0768, "car_acc": 1.7552, "car_dcc": 2.7887, "car_lcAssertive": 76.917, "car_lcCooperative": 0.5553, "car_lcLookaheadLeft": 93.6232, "car_lcPushy": 0.5191, "car_lcSigma": 0.0848, "car_lcSpeedGainRight": 1.2306, "car_lcSublane": 0.3148, "car_sigma": 0.8553, "car_tau_mean": 0.9173, "car_tau_std": 3.0851, "car_v_mean": 11.0336, "car_v_std": 8.0315}, "datetime": {"datetime": "2024-08-08 18:01:02", "elapsed": 2247.775065, "delta": 1.755259}}
{"target": -0.1970607202486839, "params": {"bus_acc": 1.0667, "bus_dcc": 1.7497, "bus_lcAssertive": 79.442, "bus_lcCooperative": 0.7222, "bus_lcLookaheadLeft": 26.109, "bus_lcPushy": 0.5579, "bus_lcSigma": 0.5886, "bus_lcSpeedGainRight": 3.6099, "bus_lcSublane": 0.4667, "bus_sigma": 0.4079, "bus_tau_mean": 1.581, "bus_tau_std": 2.3861, "bus_v_mean": 9.4831, "bus_v_std": 12.9207, "car_acc": 3.6813, "car_dcc": 3.065, "car_lcAssertive": 1.3144, "car_lcCooperative": 0.4413, "car_lcLookaheadLeft": 14.0132, "car_lcPushy": 0.5296, "car_lcSigma": 0.9827, "car_lcSpeedGainRight": 2.4994, "car_lcSublane": 0.3777, "car_sigma": 0.8168, "car_tau_mean": 3.8917, "car_tau_std": 2.8742, "car_v_mean": 20.851, "car_v_std": 19.9258}, "datetime": {"datetime": "2024-08-08 18:01:04", "elapsed": 2249.574015, "delta": 1.79895}}
{"target": -0.30324536681833975, "params": {"bus_acc": 2.382, "bus_dcc": 2.8009, "bus_lcAssertive": 75.2927, "bus_lcCooperative": 0.1849, "bus_lcLookaheadLeft": 9.9223, "bus_lcPushy": 0.3615, "bus_lcSigma": 0.7284, "bus_lcSpeedGainRight": 0.4779, "bus_lcSublane": 0.6935, "bus_sigma": 0.8225, "bus_tau_mean": 3.571, "bus_tau_std": 9.222, "bus_v_mean": 13.4268, "bus_v_std": 13.6019, "car_acc": 3.1375, "car_dcc": 3.5486, "car_lcAssertive": 52.9352, "car_lcCooperative": 0.7829, "car_lcLookaheadLeft": 67.4158, "car_lcPushy": 0.3789, "car_lcSigma": 0.0487, "car_lcSpeedGainRight": 3.256, "car_lcSublane": 0.3331, "car_sigma": 0.4926, "car_tau_mean": 3.1776, "car_tau_std": 5.4807, "car_v_mean": 20.7833, "car_v_std": 19.6095}, "datetime": {"datetime": "2024-08-08 18:01:06", "elapsed": 2251.279436, "delta": 1.705421}}
{"target": -0.35138577978089963, "params": {"bus_acc": 3.0892, "bus_dcc": 3.9689, "bus_lcAssertive": 47.1376, "bus_lcCooperative": 0.3297, "bus_lcLookaheadLeft": 18.3286, "bus_lcPushy": 0.4481, "bus_lcSigma": 0.9834, "bus_lcSpeedGainRight": 3.4902, "bus_lcSublane": 0.3726, "bus_sigma": 0.7286, "bus_tau_mean": 3.7899, "bus_tau_std": 9.9192, "bus_v_mean": 21.037, "bus_v_std": 5.8144, "car_acc": 2.3009, "car_dcc": 2.957, "car_lcAssertive": 25.2851, "car_lcCooperative": 0.1606, "car_lcLookaheadLeft": 66.4478, "car_lcPushy": 0.7121, "car_lcSigma": 0.7689, "car_lcSpeedGainRight": 1.0288, "car_lcSublane": 0.2765, "car_sigma": 0.6844, "car_tau_mean": 1.3957, "car_tau_std": 7.4953, "car_v_mean": 13.9857, "car_v_std": 5.0167}, "datetime": {"datetime": "2024-08-08 18:01:08", "elapsed": 2253.716449, "delta": 2.437013}}
{"target": -0.299749894354096, "params": {"bus_acc": 2.4276, "bus_dcc": 2.4605, "bus_lcAssertive": 22.3123, "bus_lcCooperative": 0.5281, "bus_lcLookaheadLeft": 15.5791, "bus_lcPushy": 0.5111, "bus_lcSigma": 0.6992, "bus_lcSpeedGainRight": 2.5967, "bus_lcSublane": 0.1208, "bus_sigma": 0.244, "bus_tau_mean": 3.8451, "bus_tau_std": 8.8821, "bus_v_mean": 13.3731, "bus_v_std": 12.4864, "car_acc": 4.2854, "car_dcc": 2.5419, "car_lcAssertive": 65.1886, "car_lcCooperative": 0.3389, "car_lcLookaheadLeft": 23.7077, "car_lcPushy": 0.1593, "car_lcSigma": 0.2504, "car_lcSpeedGainRight": 3.0177, "car_lcSublane": 0.0661, "car_sigma": 0.6235, "car_tau_mean": 3.3368, "car_tau_std": 8.4685, "car_v_mean": 12.3721, "car_v_std": 10.2825}, "datetime": {"datetime": "2024-08-08 18:01:10", "elapsed": 2255.80074, "delta": 2.084291}}
{"target": -0.1970607202486839, "params": {"bus_acc": 1.0666, "bus_dcc": 1.7497, "bus_lcAssertive": 79.442, "bus_lcCooperative": 0.7222, "bus_lcLookaheadLeft": 26.109, "bus_lcPushy": 0.5579, "bus_lcSigma": 0.5886, "bus_lcSpeedGainRight": 3.6099, "bus_lcSublane": 0.4667, "bus_sigma": 0.4078, "bus_tau_mean": 1.581, "bus_tau_std": 2.3861, "bus_v_mean": 9.4831, "bus_v_std": 12.9207, "car_acc": 3.6813, "car_dcc": 3.065, "car_lcAssertive": 1.3144, "car_lcCooperative": 0.4412, "car_lcLookaheadLeft": 14.0132, "car_lcPushy": 0.5296, "car_lcSigma": 0.9827, "car_lcSpeedGainRight": 2.4994, "car_lcSublane": 0.3776, "car_sigma": 0.8168, "car_tau_mean": 3.8917, "car_tau_std": 2.8742, "car_v_mean": 20.851, "car_v_std": 19.9258}, "datetime": {"datetime": "2024-08-08 18:01:12", "elapsed": 2257.108235, "delta": 1.307495}}
{"target": -0.30598786368995184, "params": {"bus_acc": 3.4432, "bus_dcc": 3.3775, "bus_lcAssertive": 35.5978, "bus_lcCooperative": 0.8984, "bus_lcLookaheadLeft": 83.4602, "bus_lcPushy": 0.4602, "bus_lcSigma": 0.1182, "bus_lcSpeedGainRight": 0.3467, "bus_lcSublane": 0.5791, "bus_sigma": 0.9681, "bus_tau_mean": 2.311, "bus_tau_std": 8.7548, "bus_v_mean": 18.4358, "bus_v_std": 4.2415, "car_acc": 2.6946, "car_dcc": 2.0257, "car_lcAssertive": 41.2111, "car_lcCooperative": 0.7244, "car_lcLookaheadLeft": 75.6496, "car_lcPushy": 0.4923, "car_lcSigma": 0.2225, "car_lcSpeedGainRight": 3.4209, "car_lcSublane": 0.7524, "car_sigma": 0.9623, "car_tau_mean": 1.2562, "car_tau_std": 7.9562, "car_v_mean": 14.9645, "car_v_std": 18.1131}, "datetime": {"datetime": "2024-08-08 18:01:28", "elapsed": 2273.243745, "delta": 16.13551}}
{"target": -0.31760914167218224, "params": {"bus_acc": 2.5324, "bus_dcc": 2.4088, "bus_lcAssertive": 43.8492, "bus_lcCooperative": 0.5472, "bus_lcLookaheadLeft": 77.6359, "bus_lcPushy": 0.0976, "bus_lcSigma": 0.5737, "bus_lcSpeedGainRight": 3.0202, "bus_lcSublane": 0.1977, "bus_sigma": 0.8281, "bus_tau_mean": 2.9002, "bus_tau_std": 6.3217, "bus_v_mean": 19.091, "bus_v_std": 13.882, "car_acc": 2.0474, "car_dcc": 3.5744, "car_lcAssertive": 11.816, "car_lcCooperative": 0.7235, "car_lcLookaheadLeft": 7.0826, "car_lcPushy": 0.4214, "car_lcSigma": 0.135, "car_lcSpeedGainRight": 1.4226, "car_lcSublane": 0.9294, "car_sigma": 0.242, "car_tau_mean": 1.4378, "car_tau_std": 2.994, "car_v_mean": 21.068, "car_v_std": 11.6822}, "datetime": {"datetime": "2024-08-08 18:01:44", "elapsed": 2289.230901, "delta": 15.987156}}
{"target": -0.28345827329336787, "params": {"bus_acc": 2.3282, "bus_dcc": 1.8667, "bus_lcAssertive": 18.5961, "bus_lcCooperative": 0.5031, "bus_lcLookaheadLeft": 83.2845, "bus_lcPushy": 0.3062, "bus_lcSigma": 0.8449, "bus_lcSpeedGainRight": 1.2825, "bus_lcSublane": 0.344, "bus_sigma": 0.5072, "bus_tau_mean": 1.7628, "bus_tau_std": 0.9221, "bus_v_mean": 13.4935, "bus_v_std": 14.4183, "car_acc": 1.8149, "car_dcc": 1.286, "car_lcAssertive": 89.6924, "car_lcCooperative": 0.0738, "car_lcLookaheadLeft": 79.2753, "car_lcPushy": 0.4256, "car_lcSigma": 0.6585, "car_lcSpeedGainRight": 2.7415, "car_lcSublane": 0.4608, "car_sigma": 0.1441, "car_tau_mean": 1.2953, "car_tau_std": 8.5659, "car_v_mean": 11.1205, "car_v_std": 18.598}, "datetime": {"datetime": "2024-08-08 18:01:52", "elapsed": 2297.314131, "delta": 8.08323}}
{"target": -0.3089527650577851, "params": {"bus_acc": 1.0668, "bus_dcc": 1.7499, "bus_lcAssertive": 79.4421, "bus_lcCooperative": 0.7223, "bus_lcLookaheadLeft": 26.1092, "bus_lcPushy": 0.5581, "bus_lcSigma": 0.5887, "bus_lcSpeedGainRight": 3.6101, "bus_lcSublane": 0.4668, "bus_sigma": 0.408, "bus_tau_mean": 1.5812, "bus_tau_std": 2.3862, "bus_v_mean": 9.4832, "bus_v_std": 12.9208, "car_acc": 3.6814, "car_dcc": 3.0652, "car_lcAssertive": 1.3146, "car_lcCooperative": 0.4414, "car_lcLookaheadLeft": 14.0134, "car_lcPushy": 0.5298, "car_lcSigma": 0.9829, "car_lcSpeedGainRight": 2.4995, "car_lcSublane": 0.3778, "car_sigma": 0.817, "car_tau_mean": 3.8919, "car_tau_std": 2.8744, "car_v_mean": 20.8512, "car_v_std": 19.926}, "datetime": {"datetime": "2024-08-08 18:02:02", "elapsed": 2307.216958, "delta": 9.902827}}
{"target": -0.32885785020375463, "params": {"bus_acc": 4.5016, "bus_dcc": 3.7697, "bus_lcAssertive": 83.1257, "bus_lcCooperative": 0.0964, "bus_lcLookaheadLeft": 75.4664, "bus_lcPushy": 0.5082, "bus_lcSigma": 0.0166, "bus_lcSpeedGainRight": 3.5642, "bus_lcSublane": 0.1615, "bus_sigma": 0.6203, "bus_tau_mean": 3.5016, "bus_tau_std": 8.8313, "bus_v_mean": 13.6102, "bus_v_std": 11.9977, "car_acc": 2.378, "car_dcc": 1.8413, "car_lcAssertive": 84.6948, "car_lcCooperative": 0.7522, "car_lcLookaheadLeft": 28.5512, "car_lcPushy": 0.2114, "car_lcSigma": 0.7346, "car_lcSpeedGainRight": 2.3275, "car_lcSublane": 0.2156, "car_sigma": 0.5053, "car_tau_mean": 1.8761, "car_tau_std": 3.022, "car_v_mean": 23.9434, "car_v_std": 11.6065}, "datetime": {"datetime": "2024-08-08 18:02:15", "elapsed": 2320.296584, "delta": 13.079626}}
{"target": -0.24486130048120677, "params": {"bus_acc": 1.0668, "bus_dcc": 1.7498, "bus_lcAssertive": 79.4421, "bus_lcCooperative": 0.7223, "bus_lcLookaheadLeft": 26.1092, "bus_lcPushy": 0.558, "bus_lcSigma": 0.5887, "bus_lcSpeedGainRight": 3.6101, "bus_lcSublane": 0.4668, "bus_sigma": 0.408, "bus_tau_mean": 1.5812, "bus_tau_std": 2.3862, "bus_v_mean": 9.4832, "bus_v_std": 12.9208, "car_acc": 3.6814, "car_dcc": 3.0652, "car_lcAssertive": 1.3146, "car_lcCooperative": 0.4414, "car_lcLookaheadLeft": 14.0134, "car_lcPushy": 0.5297, "car_lcSigma": 0.9829, "car_lcSpeedGainRight": 2.4995, "car_lcSublane": 0.3778, "car_sigma": 0.817, "car_tau_mean": 3.8918, "car_tau_std": 2.8744, "car_v_mean": 20.8511, "car_v_std": 19.926}, "datetime": {"datetime": "2024-08-08 18:02:27", "elapsed": 2332.730186, "delta": 12.433602}}
{"target": -0.2688239504504779, "params": {"bus_acc": 1.0668, "bus_dcc": 1.7499, "bus_lcAssertive": 79.4421, "bus_lcCooperative": 0.7223, "bus_lcLookaheadLeft": 26.1092, "bus_lcPushy": 0.5581, "bus_lcSigma": 0.5887, "bus_lcSpeedGainRight": 3.6101, "bus_lcSublane": 0.4668, "bus_sigma": 0.408, "bus_tau_mean": 1.5812, "bus_tau_std": 2.3863, "bus_v_mean": 9.4832, "bus_v_std": 12.9208, "car_acc": 3.6814, "car_dcc": 3.0652, "car_lcAssertive": 1.3146, "car_lcCooperative": 0.4414, "car_lcLookaheadLeft": 14.0134, "car_lcPushy": 0.5298, "car_lcSigma": 0.9829, "car_lcSpeedGainRight": 2.4995, "car_lcSublane": 0.3778, "car_sigma": 0.817, "car_tau_mean": 3.8919, "car_tau_std": 2.8744, "car_v_mean": 20.8512, "car_v_std": 19.926}, "datetime": {"datetime": "2024-08-08 18:02:36", "elapsed": 2341.580652, "delta": 8.850466}}
{"target": -0.29865255369855687, "params": {"bus_acc": 3.6058, "bus_dcc": 2.4965, "bus_lcAssertive": 37.8334, "bus_lcCooperative": 0.4111, "bus_lcLookaheadLeft": 81.0691, "bus_lcPushy": 0.0938, "bus_lcSigma": 0.8525, "bus_lcSpeedGainRight": 2.6654, "bus_lcSublane": 0.5803, "bus_sigma": 0.185, "bus_tau_mean": 1.6164, "bus_tau_std": 0.7806, "bus_v_mean": 21.1645, "bus_v_std": 3.9826, "car_acc": 3.0766, "car_dcc": 2.1767, "car_lcAssertive": 49.0945, "car_lcCooperative": 0.3315, "car_lcLookaheadLeft": 3.8209, "car_lcPushy": 0.1488, "car_lcSigma": 0.0744, "car_lcSpeedGainRight": 0.8452, "car_lcSublane": 0.0743, "car_sigma": 0.3429, "car_tau_mean": 1.5024, "car_tau_std": 4.6475, "car_v_mean": 19.4652, "car_v_std": 7.8698}, "datetime": {"datetime": "2024-08-08 18:02:47", "elapsed": 2352.357561, "delta": 10.776909}}
{"target": -0.2668155787164635, "params": {"bus_acc": 1.2475, "bus_dcc": 1.5635, "bus_lcAssertive": 30.3353, "bus_lcCooperative": 0.5704, "bus_lcLookaheadLeft": 89.788, "bus_lcPushy": 0.7633, "bus_lcSigma": 0.4303, "bus_lcSpeedGainRight": 2.562, "bus_lcSublane": 0.7297, "bus_sigma": 0.4295, "bus_tau_mean": 3.7879, "bus_tau_std": 2.5706, "bus_v_mean": 9.3912, "bus_v_std": 2.4391, "car_acc": 4.2268, "car_dcc": 1.6753, "car_lcAssertive": 48.7583, "car_lcCooperative": 0.7706, "car_lcLookaheadLeft": 38.3009, "car_lcPushy": 0.4007, "car_lcSigma": 0.6731, "car_lcSpeedGainRight": 1.6511, "car_lcSublane": 0.3741, "car_sigma": 0.7825, "car_tau_mean": 3.9445, "car_tau_std": 2.8438, "car_v_mean": 21.4221, "car_v_std": 19.8936}, "datetime": {"datetime": "2024-08-08 18:02:59", "elapsed": 2364.724544, "delta": 12.366983}}
{"target": -0.29171302029575924, "params": {"bus_acc": 1.7832, "bus_dcc": 1.4514, "bus_lcAssertive": 41.491, "bus_lcCooperative": 0.6365, "bus_lcLookaheadLeft": 24.0693, "bus_lcPushy": 0.6752, "bus_lcSigma": 0.2192, "bus_lcSpeedGainRight": 4.5185, "bus_lcSublane": 0.8506, "bus_sigma": 0.1634, "bus_tau_mean": 2.935, "bus_tau_std": 2.3296, "bus_v_mean": 18.1618, "bus_v_std": 5.3759, "car_acc": 3.649, "car_dcc": 1.2816, "car_lcAssertive": 11.2463, "car_lcCooperative": 0.3167, "car_lcLookaheadLeft": 67.0983, "car_lcPushy": 0.5425, "car_lcSigma": 0.1313, "car_lcSpeedGainRight": 4.4923, "car_lcSublane": 0.0255, "car_sigma": 0.159, "car_tau_mean": 3.4699, "car_tau_std": 6.3168, "car_v_mean": 13.2154, "car_v_std": 19.6544}, "datetime": {"datetime": "2024-08-08 18:03:10", "elapsed": 2375.328716, "delta": 10.604172}}
{"target": -0.21814155358246554, "params": {"bus_acc": 2.8557, "bus_dcc": 1.2985, "bus_lcAssertive": 37.3933, "bus_lcCooperative": 0.8078, "bus_lcLookaheadLeft": 25.27, "bus_lcPushy": 0.2375, "bus_lcSigma": 0.3619, "bus_lcSpeedGainRight": 4.5891, "bus_lcSublane": 0.4876, "bus_sigma": 0.5257, "bus_tau_mean": 3.191, "bus_tau_std": 0.0434, "bus_v_mean": 11.2291, "bus_v_std": 8.3235, "car_acc": 4.8371, "car_dcc": 2.4984, "car_lcAssertive": 44.5635, "car_lcCooperative": 0.3165, "car_lcLookaheadLeft": 96.5885, "car_lcPushy": 0.3673, "car_lcSigma": 0.0277, "car_lcSpeedGainRight": 0.0107, "car_lcSublane": 0.1055, "car_sigma": 0.0786, "car_tau_mean": 3.0644, "car_tau_std": 9.2934, "car_v_mean": 15.3098, "car_v_std": 17.2978}, "datetime": {"datetime": "2024-08-08 18:03:18", "elapsed": 2383.92212, "delta": 8.593404}}
{"target": -0.33545788205647975, "params": {"bus_acc": 3.7561, "bus_dcc": 1.6043, "bus_lcAssertive": 34.3074, "bus_lcCooperative": 0.8617, "bus_lcLookaheadLeft": 32.3454, "bus_lcPushy": 0.2837, "bus_lcSigma": 0.5543, "bus_lcSpeedGainRight": 3.3725, "bus_lcSublane": 0.0921, "bus_sigma": 0.8876, "bus_tau_mean": 1.3323, "bus_tau_std": 1.4782, "bus_v_mean": 15.2949, "bus_v_std": 11.6128, "car_acc": 2.5536, "car_dcc": 3.599, "car_lcAssertive": 54.7716, "car_lcCooperative": 0.4251, "car_lcLookaheadLeft": 96.9515, "car_lcPushy": 0.2015, "car_lcSigma": 0.7775, "car_lcSpeedGainRight": 2.8525, "car_lcSublane": 0.6615, "car_sigma": 0.0077, "car_tau_mean": 3.8858, "car_tau_std": 0.3798, "car_v_mean": 12.9309, "car_v_std": 9.7536}, "datetime": {"datetime": "2024-08-08 18:03:26", "elapsed": 2392.004344, "delta": 8.082224}}
{"target": -0.29916880748000624, "params": {"bus_acc": 4.8268, "bus_dcc": 2.3175, "bus_lcAssertive": 59.9265, "bus_lcCooperative": 0.8774, "bus_lcLookaheadLeft": 76.9219, "bus_lcPushy": 0.8009, "bus_lcSigma": 0.0457, "bus_lcSpeedGainRight": 1.7781, "bus_lcSublane": 0.2047, "bus_sigma": 0.0854, "bus_tau_mean": 3.707, "bus_tau_std": 6.7379, "bus_v_mean": 16.7235, "bus_v_std": 0.6139, "car_acc": 4.8518, "car_dcc": 3.3826, "car_lcAssertive": 31.6479, "car_lcCooperative": 0.7961, "car_lcLookaheadLeft": 4.6383, "car_lcPushy": 0.7862, "car_lcSigma": 0.1116, "car_lcSpeedGainRight": 2.4551, "car_lcSublane": 0.9262, "car_sigma": 0.3717, "car_tau_mean": 2.9105, "car_tau_std": 2.0637, "car_v_mean": 8.6443, "car_v_std": 17.6689}, "datetime": {"datetime": "2024-08-08 18:03:36", "elapsed": 2401.21798, "delta": 9.213636}}
{"target": -0.2576340717295929, "params": {"bus_acc": 1.0668, "bus_dcc": 1.7498, "bus_lcAssertive": 79.4421, "bus_lcCooperative": 0.7223, "bus_lcLookaheadLeft": 26.1092, "bus_lcPushy": 0.558, "bus_lcSigma": 0.5887, "bus_lcSpeedGainRight": 3.61, "bus_lcSublane": 0.4668, "bus_sigma": 0.408, "bus_tau_mean": 1.5812, "bus_tau_std": 2.3862, "bus_v_mean": 9.4832, "bus_v_std": 12.9208, "car_acc": 3.6814, "car_dcc": 3.0651, "car_lcAssertive": 1.3145, "car_lcCooperative": 0.4414, "car_lcLookaheadLeft": 14.0133, "car_lcPushy": 0.5297, "car_lcSigma": 0.9829, "car_lcSpeedGainRight": 2.4995, "car_lcSublane": 0.3778, "car_sigma": 0.817, "car_tau_mean": 3.8918, "car_tau_std": 2.8744, "car_v_mean": 20.8511, "car_v_std": 19.9259}, "datetime": {"datetime": "2024-08-08 18:03:43", "elapsed": 2408.61292, "delta": 7.39494}}
{"target": -0.32924804652535616, "params": {"bus_acc": 3.2795, "bus_dcc": 3.6649, "bus_lcAssertive": 66.6328, "bus_lcCooperative": 0.5288, "bus_lcLookaheadLeft": 46.9501, "bus_lcPushy": 0.8138, "bus_lcSigma": 0.2805, "bus_lcSpeedGainRight": 4.8751, "bus_lcSublane": 0.2831, "bus_sigma": 0.8712, "bus_tau_mean": 0.7183, "bus_tau_std": 4.5558, "bus_v_mean": 13.8206, "bus_v_std": 18.5567, "car_acc": 4.9906, "car_dcc": 3.8555, "car_lcAssertive": 94.7242, "car_lcCooperative": 0.9003, "car_lcLookaheadLeft": 85.6825, "car_lcPushy": 0.1841, "car_lcSigma": 0.76, "car_lcSpeedGainRight": 4.0824, "car_lcSublane": 0.6297, "car_sigma": 0.2249, "car_tau_mean": 2.5715, "car_tau_std": 1.131, "car_v_mean": 9.6557, "car_v_std": 5.6322}, "datetime": {"datetime": "2024-08-08 18:03:51", "elapsed": 2416.166428, "delta": 7.553508}}
{"target": -0.3614778321309071, "params": {"bus_acc": 2.0655, "bus_dcc": 1.5107, "bus_lcAssertive": 59.6815, "bus_lcCooperative": 0.713, "bus_lcLookaheadLeft": 87.6797, "bus_lcPushy": 0.8034, "bus_lcSigma": 0.8633, "bus_lcSpeedGainRight": 4.9626, "bus_lcSublane": 0.2019, "bus_sigma": 0.3527, "bus_tau_mean": 2.2889, "bus_tau_std": 5.8642, "bus_v_mean": 14.8978, "bus_v_std": 5.8435, "car_acc": 1.1931, "car_dcc": 3.1938, "car_lcAssertive": 84.8453, "car_lcCooperative": 0.4387, "car_lcLookaheadLeft": 57.7783, "car_lcPushy": 0.8604, "car_lcSigma": 0.1056, "car_lcSpeedGainRight": 3.8155, "car_lcSublane": 0.0536, "car_sigma": 0.9969, "car_tau_mean": 3.4279, "car_tau_std": 1.3532, "car_v_mean": 12.4443, "car_v_std": 15.1642}, "datetime": {"datetime": "2024-08-08 18:03:58", "elapsed": 2424.008407, "delta": 7.841979}}
{"target": -0.2764060314179465, "params": {"bus_acc": 2.5333, "bus_dcc": 2.0617, "bus_lcAssertive": 7.6317, "bus_lcCooperative": 0.8623, "bus_lcLookaheadLeft": 18.3692, "bus_lcPushy": 0.1755, "bus_lcSigma": 0.4486, "bus_lcSpeedGainRight": 2.3438, "bus_lcSublane": 0.21, "bus_sigma": 0.6676, "bus_tau_mean": 0.5141, "bus_tau_std": 4.5222, "bus_v_mean": 17.2858, "bus_v_std": 8.9712, "car_acc": 2.1627, "car_dcc": 1.5764, "car_lcAssertive": 10.8645, "car_lcCooperative": 0.1922, "car_lcLookaheadLeft": 52.3673, "car_lcPushy": 0.2127, "car_lcSigma": 0.9784, "car_lcSpeedGainRight": 1.8111, "car_lcSublane": 0.6067, "car_sigma": 0.5917, "car_tau_mean": 3.2758, "car_tau_std": 1.0232, "car_v_mean": 12.2865, "car_v_std": 0.2665}, "datetime": {"datetime": "2024-08-08 18:04:10", "elapsed": 2435.264559, "delta": 11.256152}}
{"target": -0.3089527650577851, "params": {"bus_acc": 1.0668, "bus_dcc": 1.7498, "bus_lcAssertive": 79.4421, "bus_lcCooperative": 0.7223, "bus_lcLookaheadLeft": 26.1092, "bus_lcPushy": 0.558, "bus_lcSigma": 0.5887, "bus_lcSpeedGainRight": 3.6101, "bus_lcSublane": 0.4668, "bus_sigma": 0.408, "bus_tau_mean": 1.5812, "bus_tau_std": 2.3862, "bus_v_mean": 9.4832, "bus_v_std": 12.9208, "car_acc": 3.6814, "car_dcc": 3.0652, "car_lcAssertive": 1.3146, "car_lcCooperative": 0.4414, "car_lcLookaheadLeft": 14.0134, "car_lcPushy": 0.5298, "car_lcSigma": 0.9829, "car_lcSpeedGainRight": 2.4995, "car_lcSublane": 0.3778, "car_sigma": 0.817, "car_tau_mean": 3.8919, "car_tau_std": 2.8744, "car_v_mean": 20.8512, "car_v_std": 19.926}, "datetime": {"datetime": "2024-08-08 18:04:19", "elapsed": 2444.253945, "delta": 8.989386}}
