{"target": -0.05674891931024376, "params": {"bus_acc": 1.367906883094444, "bus_dcc": 2.3885173561247797, "bus_lcAssertive": 43.46430106896039, "bus_lcCooperative": 0.4972891859195163, "bus_lcLookaheadLeft": 17.828055507629166, "bus_lcPushy": 0.34244064113481054, "bus_lcSublane": 0.2618804041035202, "bus_tau_mean": 3.4558443013031765, "bus_tau_std": 8.003322457764018, "bus_v_mean": 14.826226532290297, "bus_v_std": 6.070154607890389, "car_acc": 1.29093122053244, "car_dcc": 2.528839882652676, "car_lcAssertive": 30.39776149290355, "car_lcCooperative": 0.8596509535692011, "car_lcLookaheadLeft": 67.81664132882621, "car_lcPushy": 0.633474012622421, "car_lcSublane": 0.12475130006917923, "car_tau_mean": 2.1470575782461, "car_tau_std": 9.865727795868814, "car_v_mean": 23.172786785162643, "car_v_std": 6.450856402604436}, "datetime": {"datetime": "2024-08-04 17:04:46", "elapsed": 190.98279, "delta": 0.444109}}
{"target": -0.05230374036081024, "params": {"bus_acc": 2.838475008512345, "bus_dcc": 3.2950154448944287, "bus_lcAssertive": 60.37429410273777, "bus_lcCooperative": 0.8329681438370704, "bus_lcLookaheadLeft": 89.8122621743502, "bus_lcPushy": 0.9727203528528249, "bus_lcSublane": 0.9985205070898059, "bus_tau_mean": 0.9887726678943622, "bus_tau_std": 0.7054204474369918, "bus_v_mean": 9.175466469761973, "bus_v_std": 0.1474379089994693, "car_acc": 2.943640145955852, "car_dcc": 1.2843007493716874, "car_lcAssertive": 84.33194579239911, "car_lcCooperative": 0.6851729969076996, "car_lcLookaheadLeft": 49.78060241332597, "car_lcPushy": 0.3466948813585782, "car_lcSublane": 0.35364778706700506, "car_tau_mean": 1.3884360882151552, "car_tau_std": 9.110179736986264, "car_v_mean": 19.610280727917903, "car_v_std": 0.25925792784269874}, "datetime": {"datetime": "2024-08-04 17:04:49", "elapsed": 193.849628, "delta": 2.866838}}
{"target": -0.061235500090150656, "params": {"bus_acc": 2.574526895048523, "bus_dcc": 1.300703929309397, "bus_lcAssertive": 54.16370456721353, "bus_lcCooperative": 0.36598334666965426, "bus_lcLookaheadLeft": 61.222070679549475, "bus_lcPushy": 0.9588025156370005, "bus_lcSublane": 0.39282294499696246, "bus_tau_mean": 1.8754054927956576, "bus_tau_std": 7.906369935895988, "bus_v_mean": 18.32125438536682, "bus_v_std": 3.9388400785537647, "car_acc": 2.3779100964605027, "car_dcc": 2.212004827163137, "car_lcAssertive": 14.475202270564088, "car_lcCooperative": 0.45064326867213444, "car_lcLookaheadLeft": 34.773100484332716, "car_lcPushy": 0.2179689300611679, "car_lcSublane": 0.9257748016364399, "car_tau_mean": 2.913737896778452, "car_tau_std": 5.988208906234219, "car_v_mean": 19.94651955396808, "car_v_std": 5.419710617714415}, "datetime": {"datetime": "2024-08-04 17:04:54", "elapsed": 199.027273, "delta": 5.177645}}
{"target": -0.05461318885295557, "params": {"bus_acc": 2.727658291002904, "bus_dcc": 1.2448719481452044, "bus_lcAssertive": 47.83808333570197, "bus_lcCooperative": 0.12554310980872363, "bus_lcLookaheadLeft": 77.74278901237754, "bus_lcPushy": 0.8414221567958434, "bus_lcSublane": 0.04329093818615859, "bus_tau_mean": 2.202542601096382, "bus_tau_std": 2.3941104413775594, "bus_v_mean": 23.23958050709215, "bus_v_std": 9.438926277837961, "car_acc": 2.2278680047694017, "car_dcc": 3.920462191975589, "car_lcAssertive": 35.141273027908845, "car_lcCooperative": 0.8978507176676818, "car_lcLookaheadLeft": 44.59030739403393, "car_lcPushy": 0.23581463714751372, "car_lcSublane": 0.9408279632013994, "car_tau_mean": 2.894763178441296, "car_tau_std": 0.6491158533912933, "car_v_mean": 21.92679770916906, "car_v_std": 7.013802946333463}, "datetime": {"datetime": "2024-08-04 17:05:05", "elapsed": 210.495331, "delta": 11.468058}}
{"target": -0.05296826924699135, "params": {"bus_acc": 2.067298152167462, "bus_dcc": 3.218163362039146, "bus_lcAssertive": 52.023975621169015, "bus_lcCooperative": 0.39994592398513173, "bus_lcLookaheadLeft": 98.65218467875691, "bus_lcPushy": 0.02824262016291268, "bus_lcSublane": 0.9327639079648583, "bus_tau_mean": 3.757992387159888, "bus_tau_std": 3.9091871150145807, "bus_v_mean": 11.431437938133117, "bus_v_std": 6.19213297933239, "car_acc": 1.3559446709403389, "car_dcc": 3.409624582984025, "car_lcAssertive": 26.139451731895786, "car_lcCooperative": 0.2908061550326779, "car_lcLookaheadLeft": 91.75974742097578, "car_lcPushy": 0.902916833474409, "car_lcSublane": 0.5353808917305217, "car_tau_mean": 3.5199364320251547, "car_tau_std": 3.525325688050618, "car_v_mean": 23.966148451598436, "car_v_std": 4.33689739404977}, "datetime": {"datetime": "2024-08-04 17:05:06", "elapsed": 211.627289, "delta": 1.131958}}
{"target": -0.05695252652809797, "params": {"bus_acc": 2.0558079568162535, "bus_dcc": 3.2202326294772146, "bus_lcAssertive": 15.843217006808338, "bus_lcCooperative": 0.5510871741869717, "bus_lcLookaheadLeft": 23.22848641622038, "bus_lcPushy": 0.7591960493171447, "bus_lcSublane": 0.7229151935562137, "bus_tau_mean": 1.1179216199697906, "bus_tau_std": 8.619665576670734, "bus_v_mean": 8.316401592261508, "bus_v_std": 8.602369974231152, "car_acc": 2.1178076223218767, "car_dcc": 2.2096614163175476, "car_lcAssertive": 76.11594617121132, "car_lcCooperative": 0.7169290016924699, "car_lcLookaheadLeft": 98.7579651312258, "car_lcPushy": 0.2780850486129828, "car_lcSublane": 0.0037936724093425855, "car_tau_mean": 3.768659129102107, "car_tau_std": 8.578971045378939, "car_v_mean": 19.661614040308095, "car_v_std": 5.166887829215384}, "datetime": {"datetime": "2024-08-04 17:05:07", "elapsed": 211.901813, "delta": 0.274524}}
{"target": -0.05979794875940134, "params": {"bus_acc": 2.209853745948563, "bus_dcc": 3.1971246975379914, "bus_lcAssertive": 26.090465207478296, "bus_lcCooperative": 0.6004889552745444, "bus_lcLookaheadLeft": 81.83267976364222, "bus_lcPushy": 0.05411366032399989, "bus_lcSublane": 0.13051067133926597, "bus_tau_mean": 3.4485603348474476, "bus_tau_std": 6.183458693278855, "bus_v_mean": 16.50060496769693, "bus_v_std": 2.482907289970986, "car_acc": 1.5901571504989918, "car_dcc": 3.618058494758386, "car_lcAssertive": 42.74492755012122, "car_lcCooperative": 0.0644302555796068, "car_lcLookaheadLeft": 89.90453681174309, "car_lcPushy": 0.20338083282405106, "car_lcSublane": 0.8262275354923914, "car_tau_mean": 3.5861971807898256, "car_tau_std": 4.867507448183382, "car_v_mean": 17.57543508967418, "car_v_std": 5.272674564854169}, "datetime": {"datetime": "2024-08-04 17:05:13", "elapsed": 217.779542, "delta": 5.877729}}
{"target": -0.051173670177162914, "params": {"bus_acc": 1.2534267676938455, "bus_dcc": 1.7327999896269275, "bus_lcAssertive": 8.854816712873575, "bus_lcCooperative": 0.3028583047175786, "bus_lcLookaheadLeft": 74.68707042269243, "bus_lcPushy": 0.6150157249710488, "bus_lcSublane": 0.6724110989339258, "bus_tau_mean": 0.5293407783376105, "bus_tau_std": 6.783769722513199, "bus_v_mean": 16.050891048686193, "bus_v_std": 2.309084504841792, "car_acc": 1.3497930179638444, "car_dcc": 1.5549488966524896, "car_lcAssertive": 84.58174050243474, "car_lcCooperative": 0.9825897893050853, "car_lcLookaheadLeft": 91.5464832344799, "car_lcPushy": 0.3473694203728128, "car_lcSublane": 0.7802245796913637, "car_tau_mean": 2.4125910674550073, "car_tau_std": 8.164423975559377, "car_v_mean": 15.739631219022494, "car_v_std": 5.899512982994038}, "datetime": {"datetime": "2024-08-04 17:05:17", "elapsed": 221.728151, "delta": 3.948609}}
{"target": -0.04745326226916518, "params": {"bus_acc": 2.533724752653084, "bus_dcc": 2.9028422583216202, "bus_lcAssertive": 47.28745525346862, "bus_lcCooperative": 0.6669425431939752, "bus_lcLookaheadLeft": 46.43098779917544, "bus_lcPushy": 0.5257115913414097, "bus_lcSublane": 0.6585680415583619, "bus_tau_mean": 1.1341838368385158, "bus_tau_std": 7.880495511723071, "bus_v_mean": 17.645845400614355, "bus_v_std": 9.803328851373278, "car_acc": 1.4447663870623515, "car_dcc": 2.3987994224997204, "car_lcAssertive": 89.6685384573452, "car_lcCooperative": 0.6014334096987881, "car_lcLookaheadLeft": 73.14396689318387, "car_lcPushy": 0.41367016420136027, "car_lcSublane": 0.6843096218313198, "car_tau_mean": 3.8111926044664712, "car_tau_std": 2.0018606573932205, "car_v_mean": 20.917844222037125, "car_v_std": 9.695380120998964}, "datetime": {"datetime": "2024-08-04 17:05:18", "elapsed": 223.371373, "delta": 1.643222}}
{"target": -0.060911771389188275, "params": {"bus_acc": 1.905706999903075, "bus_dcc": 2.884927112564071, "bus_lcAssertive": 29.719588317055155, "bus_lcCooperative": 0.009348577966515781, "bus_lcLookaheadLeft": 58.522081628734895, "bus_lcPushy": 0.3114442141324628, "bus_lcSublane": 0.5172675985011298, "bus_tau_mean": 3.707420485688642, "bus_tau_std": 4.26474788501396, "bus_v_mean": 11.958336585638166, "bus_v_std": 3.7129376127905447, "car_acc": 2.863722233273081, "car_dcc": 3.810605143927281, "car_lcAssertive": 84.58866490800561, "car_lcCooperative": 0.9202065143056605, "car_lcLookaheadLeft": 24.33422841522906, "car_lcPushy": 0.08748220955359087, "car_lcSublane": 0.22730973628468876, "car_tau_mean": 1.6003181563991764, "car_tau_std": 1.7476587635631158, "car_v_mean": 17.713506591559366, "car_v_std": 4.135864150011614}, "datetime": {"datetime": "2024-08-04 17:05:27", "elapsed": 232.643503, "delta": 9.27213}}
{"target": -0.04434814519665944, "params": {"bus_acc": 1.832201545236284, "bus_dcc": 2.5947503976877053, "bus_lcAssertive": 68.24208206937614, "bus_lcCooperative": 0.5128751425899913, "bus_lcLookaheadLeft": 31.313009776761888, "bus_lcPushy": 0.10538467273003926, "bus_lcSublane": 0.28493214572214476, "bus_tau_mean": 3.1909849690071526, "bus_tau_std": 6.407827044518461, "bus_v_mean": 20.821291251251083, "bus_v_std": 5.171205319704266, "car_acc": 1.46420004369267, "car_dcc": 2.883885780945708, "car_lcAssertive": 31.09654351220801, "car_lcCooperative": 0.029528744942020957, "car_lcLookaheadLeft": 90.52645532805381, "car_lcPushy": 0.4203695688027851, "car_lcSublane": 0.4261307804247122, "car_tau_mean": 3.0943810736615065, "car_tau_std": 9.484584043057936, "car_v_mean": 9.160248448727414, "car_v_std": 1.7270108813227492}, "datetime": {"datetime": "2024-08-04 17:08:19", "elapsed": 404.403004, "delta": 171.759501}}
{"target": -0.056103756202352896, "params": {"bus_acc": 2.413912490497522, "bus_dcc": 3.3415886706302285, "bus_lcAssertive": 38.11271841014908, "bus_lcCooperative": 0.7703225253299576, "bus_lcLookaheadLeft": 75.56118327916718, "bus_lcPushy": 0.6132112115442597, "bus_lcSublane": 0.4018659239678374, "bus_tau_mean": 2.9405780674251933, "bus_tau_std": 0.031128578251921057, "bus_v_mean": 20.398346347593566, "bus_v_std": 8.96416602456847, "car_acc": 1.4786314148750093, "car_dcc": 1.3623015529276892, "car_lcAssertive": 22.808114791579033, "car_lcCooperative": 0.3020967312900983, "car_lcLookaheadLeft": 88.53679383925575, "car_lcPushy": 0.5431664302380945, "car_lcSublane": 0.2867116496064306, "car_tau_mean": 0.9842414142753129, "car_tau_std": 2.9014446310454165, "car_v_mean": 17.821937435860043, "car_v_std": 3.2413852989744663}, "datetime": {"datetime": "2024-08-04 17:08:19", "elapsed": 404.659563, "delta": 0.256559}}
{"target": -0.056181794649957054, "params": {"bus_acc": 1.622026135769683, "bus_dcc": 2.645467268998312, "bus_lcAssertive": 68.52455958484867, "bus_lcCooperative": 0.23646965132615538, "bus_lcLookaheadLeft": 18.43819513492662, "bus_lcPushy": 0.508482013429616, "bus_lcSublane": 0.7918638755846716, "bus_tau_mean": 2.9234506175847645, "bus_tau_std": 1.1897333717301484, "bus_v_mean": 22.41187544114773, "bus_v_std": 4.797375670491551, "car_acc": 2.8933533584792954, "car_dcc": 2.660301118744797, "car_lcAssertive": 9.395380344374935, "car_lcCooperative": 0.2024630356745356, "car_lcLookaheadLeft": 85.7153213458055, "car_lcPushy": 0.7059273667647191, "car_lcSublane": 0.8949395201529242, "car_tau_mean": 1.6520110062800493, "car_tau_std": 5.280013966376261, "car_v_mean": 18.406370119745915, "car_v_std": 5.9429085358666445}, "datetime": {"datetime": "2024-08-04 18:31:59", "elapsed": 5424.19171, "delta": 5019.532147}}
{"target": -0.056998497289014356, "params": {"bus_acc": 1.3877297193190936, "bus_dcc": 2.4853370876835346, "bus_lcAssertive": 63.877371148042485, "bus_lcCooperative": 0.880219977218583, "bus_lcLookaheadLeft": 90.44858252938002, "bus_lcPushy": 0.307160768485095, "bus_lcSublane": 0.7533800731255857, "bus_tau_mean": 1.488498106956404, "bus_tau_std": 3.685768697652759, "bus_v_mean": 12.683624993490083, "bus_v_std": 4.136907361991014, "car_acc": 1.4294313913367611, "car_dcc": 1.9569580194105671, "car_lcAssertive": 13.070061575118679, "car_lcCooperative": 0.9630182395955346, "car_lcLookaheadLeft": 51.390334921080715, "car_lcPushy": 0.9231006825886638, "car_lcSublane": 0.7461601407734211, "car_tau_mean": 2.101968506881467, "car_tau_std": 7.546222253081317, "car_v_mean": 18.048369257710814, "car_v_std": 3.0375843415186865}, "datetime": {"datetime": "2024-08-04 19:38:50", "elapsed": 9435.261126, "delta": 4011.069416}}
{"target": -0.05126093682989032, "params": {"bus_acc": 2.12206043851142, "bus_dcc": 1.055941868118829, "bus_lcAssertive": 80.26263459538102, "bus_lcCooperative": 0.23297427384102043, "bus_lcLookaheadLeft": 81.09630917064035, "bus_lcPushy": 0.38786064406417176, "bus_lcSublane": 0.8635418545594287, "bus_tau_mean": 3.1149257495801463, "bus_tau_std": 5.562402339904189, "bus_v_mean": 10.18328361057096, "bus_v_std": 0.5991768951221166, "car_acc": 1.2426869114814747, "car_dcc": 1.1336556356342853, "car_lcAssertive": 11.641918781503197, "car_lcCooperative": 0.2257093386078547, "car_lcLookaheadLeft": 71.87292007750231, "car_lcPushy": 0.5597169820541424, "car_lcSublane": 0.012555980159115854, "car_tau_mean": 0.7519099789132038, "car_tau_std": 9.672763300002721, "car_v_mean": 17.089607390719074, "car_v_std": 2.032932346609905}, "datetime": {"datetime": "2024-08-04 19:39:49", "elapsed": 9493.823225, "delta": 58.562099}}
{"target": -0.053697005819717245, "params": {"bus_acc": 2.1850237375315933, "bus_dcc": 1.936809513105751, "bus_lcAssertive": 91.71424979336672, "bus_lcCooperative": 0.9096355249515571, "bus_lcLookaheadLeft": 27.19759279065523, "bus_lcPushy": 0.1108913007440292, "bus_lcSublane": 0.19296273201911285, "bus_tau_mean": 2.2485445973761014, "bus_tau_std": 7.2858566797459625, "bus_v_mean": 11.331111014540664, "bus_v_std": 2.480335583772307, "car_acc": 2.703343749872734, "car_dcc": 2.247546154802582, "car_lcAssertive": 62.05182164836838, "car_lcCooperative": 0.23366613923925006, "car_lcLookaheadLeft": 11.992791423728148, "car_lcPushy": 0.5158570169685298, "car_lcSublane": 0.47714098704978236, "car_tau_mean": 1.0343507543260713, "car_tau_std": 6.218062317404155, "car_v_mean": 16.70416190102301, "car_v_std": 6.541373469707443}, "datetime": {"datetime": "2024-08-04 19:39:49", "elapsed": 9494.085011, "delta": 0.261786}}
{"target": -0.06025426591433373, "params": {"bus_acc": 1.5088762046288442, "bus_dcc": 3.6548995565141897, "bus_lcAssertive": 38.94308222372339, "bus_lcCooperative": 0.29757471531387525, "bus_lcLookaheadLeft": 72.32430629508593, "bus_lcPushy": 0.19086994317230743, "bus_lcSublane": 0.11819262934703845, "bus_tau_mean": 3.4294922377472927, "bus_tau_std": 7.441359213695352, "bus_v_mean": 17.448328762353874, "bus_v_std": 2.4289157496487066, "car_acc": 2.246494290375168, "car_dcc": 2.915065962223519, "car_lcAssertive": 33.42937496712019, "car_lcCooperative": 0.06748934306754228, "car_lcLookaheadLeft": 88.29278256130402, "car_lcPushy": 0.4599567310742584, "car_lcSublane": 0.7638727180664299, "car_tau_mean": 1.3886101732995888, "car_tau_std": 5.913871822675168, "car_v_mean": 14.860722565580764, "car_v_std": 3.8210064254913956}, "datetime": {"datetime": "2024-08-04 19:39:49", "elapsed": 9494.212796, "delta": 0.127785}}
{"target": -0.051335273847964, "params": {"bus_acc": 2.327589290439578, "bus_dcc": 2.5446673361749257, "bus_lcAssertive": 94.51488084309052, "bus_lcCooperative": 0.5865550405019929, "bus_lcLookaheadLeft": 90.53338769821258, "bus_lcPushy": 0.13747470414623753, "bus_lcSublane": 0.13927634725075855, "bus_tau_mean": 3.3258695104833333, "bus_tau_std": 3.9767683698553355, "bus_v_mean": 10.645667153870924, "bus_v_std": 9.275085803960339, "car_acc": 1.6955317194910131, "car_dcc": 3.2524363094084667, "car_lcAssertive": 72.87380054969469, "car_lcCooperative": 0.8833060912058098, "car_lcLookaheadLeft": 63.11987629144967, "car_lcPushy": 0.7509424340273372, "car_lcSublane": 0.34889834197784253, "car_tau_mean": 1.4447476211775911, "car_tau_std": 8.958862181960669, "car_v_mean": 14.849459037940719, "car_v_std": 9.648400471483855}, "datetime": {"datetime": "2024-08-04 19:39:49", "elapsed": 9494.451648, "delta": 0.238852}}
{"target": -0.041707491875990425, "params": {"bus_acc": 1.3306369809604797, "bus_dcc": 1.5915890394000078, "bus_lcAssertive": 69.41170681411371, "bus_lcCooperative": 0.573802869165353, "bus_lcLookaheadLeft": 87.58566713559975, "bus_lcPushy": 0.2446340657192081, "bus_lcSublane": 0.6296079567189131, "bus_tau_mean": 0.6205094285748347, "bus_tau_std": 5.16198461077069, "bus_v_mean": 21.811623707421592, "bus_v_std": 9.841265438849168, "car_acc": 1.019745950717837, "car_dcc": 1.7585244462304455, "car_lcAssertive": 23.16111736242501, "car_lcCooperative": 0.047537594227760493, "car_lcLookaheadLeft": 2.9969007136540142, "car_lcPushy": 0.49019531224423174, "car_lcSublane": 0.04548214567029407, "car_tau_mean": 1.474148457964157, "car_tau_std": 6.399745691089123, "car_v_mean": 12.715072664974468, "car_v_std": 2.696547011590514}, "datetime": {"datetime": "2024-08-04 19:39:50", "elapsed": 9494.864232, "delta": 0.412584}}
{"target": -0.05839673478253915, "params": {"bus_acc": 2.181093044487134, "bus_dcc": 2.1416022316289203, "bus_lcAssertive": 70.5497803621787, "bus_lcCooperative": 0.4961239512498611, "bus_lcLookaheadLeft": 64.0545080490348, "bus_lcPushy": 0.3533943470016294, "bus_lcSublane": 0.28704394615550866, "bus_tau_mean": 0.9662248981288568, "bus_tau_std": 9.370803847989643, "bus_v_mean": 20.877373536252712, "bus_v_std": 9.380285431563525, "car_acc": 1.3707610492956046, "car_dcc": 3.7994672884696765, "car_lcAssertive": 93.63956756152118, "car_lcCooperative": 0.2835445136036545, "car_lcLookaheadLeft": 28.914156345538572, "car_lcPushy": 0.5514315736733725, "car_lcSublane": 0.18528923936855235, "car_tau_mean": 2.0473538871936805, "car_tau_std": 1.853176459376844, "car_v_mean": 23.158014687263346, "car_v_std": 4.938246574910856}, "datetime": {"datetime": "2024-08-04 19:39:50", "elapsed": 9495.127306, "delta": 0.263074}}
{"target": -0.05079870490785085, "params": {"bus_acc": 1.3683555531217861, "bus_dcc": 2.9150299900101624, "bus_lcAssertive": 54.12090711470286, "bus_lcCooperative": 0.7749453799977457, "bus_lcLookaheadLeft": 40.510070458151915, "bus_lcPushy": 0.9894521308362529, "bus_lcSublane": 0.5152146961620737, "bus_tau_mean": 2.175881904149151, "bus_tau_std": 7.494424707521697, "bus_v_mean": 17.16301269267865, "bus_v_std": 3.624653173000254, "car_acc": 1.9784895709202843, "car_dcc": 1.5674151248165493, "car_lcAssertive": 39.964758015389336, "car_lcCooperative": 0.029961752524048535, "car_lcLookaheadLeft": 47.327847913535884, "car_lcPushy": 0.2744741128035708, "car_lcSublane": 0.5267158603586157, "car_tau_mean": 0.6024524249108938, "car_tau_std": 5.550867665221745, "car_v_mean": 12.687966138053715, "car_v_std": 5.774906810135474}, "datetime": {"datetime": "2024-08-04 19:39:50", "elapsed": 9495.331907, "delta": 0.204601}}
{"target": -0.05460459721184266, "params": {"bus_acc": 2.5836420790083077, "bus_dcc": 3.0872926428155183, "bus_lcAssertive": 78.00699920905836, "bus_lcCooperative": 0.4064828689770863, "bus_lcLookaheadLeft": 65.48152205237315, "bus_lcPushy": 0.1797942976929744, "bus_lcSublane": 0.321819963387904, "bus_tau_mean": 1.1041161704192737, "bus_tau_std": 4.086372250132624, "bus_v_mean": 11.862699967449581, "bus_v_std": 4.0692199412935794, "car_acc": 2.950444684874624, "car_dcc": 1.960957977466094, "car_lcAssertive": 98.26660355251464, "car_lcCooperative": 0.6363061258559836, "car_lcLookaheadLeft": 38.75891980260328, "car_lcPushy": 0.8574844990835966, "car_lcSublane": 0.6195867393685738, "car_tau_mean": 1.3821157804579378, "car_tau_std": 7.928556779768876, "car_v_mean": 14.927016139746609, "car_v_std": 3.575111673304414}, "datetime": {"datetime": "2024-08-04 19:39:50", "elapsed": 9495.542025, "delta": 0.210118}}
{"target": -0.05779061811980541, "params": {"bus_acc": 1.1763772911430201, "bus_dcc": 3.051131007464914, "bus_lcAssertive": 12.919686808914616, "bus_lcCooperative": 0.010699003144174157, "bus_lcLookaheadLeft": 56.61228654734155, "bus_lcPushy": 0.9071090552203707, "bus_lcSublane": 0.8604566673368852, "bus_tau_mean": 1.684579844413875, "bus_tau_std": 0.2715882932586222, "bus_v_mean": 20.81374968208053, "bus_v_std": 8.05984932289666, "car_acc": 2.736976232605544, "car_dcc": 3.0089397996265994, "car_lcAssertive": 80.97010736919258, "car_lcCooperative": 0.8974982823028202, "car_lcLookaheadLeft": 46.4753351480212, "car_lcPushy": 0.5578253037149105, "car_lcSublane": 0.5061311288282347, "car_tau_mean": 2.9219436658347657, "car_tau_std": 6.829068676298748, "car_v_mean": 16.325018173813064, "car_v_std": 8.284681480854713}, "datetime": {"datetime": "2024-08-04 19:39:51", "elapsed": 9496.080732, "delta": 0.538707}}
