{"target": -0.05577276598564505, "params": {"bus_acc": 1.54, "bus_dcc": 2.9, "bus_lcAssertive": 80.82, "bus_lcCooperative": 0.57, "bus_lcLookaheadLeft": 81.18, "bus_lcPushy": 0.39, "bus_lcSublane": 0.4, "bus_max_v": 13.77, "bus_tau_mean": 2.27, "bus_tau_std": 4.36, "car_acc": 2.4, "car_dcc": 2.11, "car_lcAssertive": 84.95, "car_lcCooperative": 0.46, "car_lcLookaheadLeft": 56.33, "car_lcPushy": 0.84, "car_lcSublane": 0.58, "car_max_v": 25.36, "car_tau_mean": 2.0, "car_tau_std": 7.89}, "datetime": {"datetime": "2024-08-04 12:56:27", "elapsed": 4861.879989, "delta": 8.899935}}
{"target": -0.056458749589915876, "params": {"bus_acc": 1.61, "bus_dcc": 1.78, "bus_lcAssertive": 5.6, "bus_lcCooperative": 0.48, "bus_lcLookaheadLeft": 63.12, "bus_lcPushy": 0.73, "bus_lcSublane": 0.88, "bus_max_v": 25.44, "bus_tau_mean": 3.13, "bus_tau_std": 3.55, "car_acc": 2.87, "car_dcc": 2.04, "car_lcAssertive": 8.11, "car_lcCooperative": 0.86, "car_lcLookaheadLeft": 48.96, "car_lcPushy": 0.14, "car_lcSublane": 0.95, "car_max_v": 29.66, "car_tau_mean": 2.4, "car_tau_std": 0.19}, "datetime": {"datetime": "2024-08-04 12:56:31", "elapsed": 4865.564332, "delta": 3.684343}}
{"target": -0.0511287206533784, "params": {"bus_acc": 2.24, "bus_dcc": 3.71, "bus_lcAssertive": 85.26, "bus_lcCooperative": 0.71, "bus_lcLookaheadLeft": 76.09, "bus_lcPushy": 0.38, "bus_lcSublane": 0.97, "bus_max_v": 23.97, "bus_tau_mean": 1.93, "bus_tau_std": 7.48, "car_acc": 1.44, "car_dcc": 1.44, "car_lcAssertive": 60.27, "car_lcCooperative": 0.03, "car_lcLookaheadLeft": 70.56, "car_lcPushy": 0.65, "car_lcSublane": 0.2, "car_max_v": 23.52, "car_tau_mean": 3.04, "car_tau_std": 1.53}, "datetime": {"datetime": "2024-08-04 12:56:36", "elapsed": 4870.673397, "delta": 5.109065}}
{"target": -0.05654476262730392, "params": {"bus_acc": 1.84, "bus_dcc": 3.59, "bus_lcAssertive": 92.3, "bus_lcCooperative": 0.49, "bus_lcLookaheadLeft": 58.58, "bus_lcPushy": 0.86, "bus_lcSublane": 0.73, "bus_max_v": 22.69, "bus_tau_mean": 3.37, "bus_tau_std": 3.93, "car_acc": 2.17, "car_dcc": 3.18, "car_lcAssertive": 17.17, "car_lcCooperative": 0.84, "car_lcLookaheadLeft": 16.98, "car_lcPushy": 0.55, "car_lcSublane": 0.99, "car_max_v": 19.56, "car_tau_mean": 0.58, "car_tau_std": 3.44}, "datetime": {"datetime": "2024-08-04 12:56:41", "elapsed": 4875.442467, "delta": 4.76907}}
{"target": -0.054446235152037815, "params": {"bus_acc": 1.26, "bus_dcc": 1.67, "bus_lcAssertive": 61.42, "bus_lcCooperative": 0.17, "bus_lcLookaheadLeft": 82.69, "bus_lcPushy": 0.18, "bus_lcSublane": 0.67, "bus_max_v": 13.51, "bus_tau_mean": 3.96, "bus_tau_std": 4.21, "car_acc": 2.55, "car_dcc": 2.43, "car_lcAssertive": 98.34, "car_lcCooperative": 0.03, "car_lcLookaheadLeft": 63.5, "car_lcPushy": 0.31, "car_lcSublane": 0.85, "car_max_v": 27.99, "car_tau_mean": 3.26, "car_tau_std": 0.43}, "datetime": {"datetime": "2024-08-04 12:56:49", "elapsed": 4883.749592, "delta": 8.307125}}
{"target": -0.05768645723515359, "params": {"bus_acc": 2.29, "bus_dcc": 3.23, "bus_lcAssertive": 34.89, "bus_lcCooperative": 0.9, "bus_lcLookaheadLeft": 92.5, "bus_lcPushy": 0.31, "bus_lcSublane": 0.25, "bus_max_v": 22.67, "bus_tau_mean": 2.61, "bus_tau_std": 8.89, "car_acc": 2.6, "car_dcc": 2.6, "car_lcAssertive": 40.12, "car_lcCooperative": 0.36, "car_lcLookaheadLeft": 79.12, "car_lcPushy": 0.06, "car_lcSublane": 0.97, "car_max_v": 19.61, "car_tau_mean": 2.48, "car_tau_std": 6.72}, "datetime": {"datetime": "2024-08-04 12:56:54", "elapsed": 4888.31351, "delta": 4.563918}}
{"target": -0.04811247342246961, "params": {"bus_acc": 1.75, "bus_dcc": 1.79, "bus_lcAssertive": 17.1, "bus_lcCooperative": 0.72, "bus_lcLookaheadLeft": 49.66, "bus_lcPushy": 0.68, "bus_lcSublane": 0.38, "bus_max_v": 22.53, "bus_tau_mean": 1.53, "bus_tau_std": 6.91, "car_acc": 1.96, "car_dcc": 1.33, "car_lcAssertive": 61.4, "car_lcCooperative": 0.46, "car_lcLookaheadLeft": 72.17, "car_lcPushy": 0.55, "car_lcSublane": 0.96, "car_max_v": 13.29, "car_tau_mean": 3.59, "car_tau_std": 4.74}, "datetime": {"datetime": "2024-08-04 12:57:14", "elapsed": 4908.42623, "delta": 20.11272}}
{"target": -0.05041331598494739, "params": {"bus_acc": 1.37, "bus_dcc": 2.69, "bus_lcAssertive": 54.01, "bus_lcCooperative": 0.51, "bus_lcLookaheadLeft": 17.26, "bus_lcPushy": 0.61, "bus_lcSublane": 0.56, "bus_max_v": 25.36, "bus_tau_mean": 1.69, "bus_tau_std": 7.75, "car_acc": 2.23, "car_dcc": 3.45, "car_lcAssertive": 13.76, "car_lcCooperative": 0.01, "car_lcLookaheadLeft": 4.5, "car_lcPushy": 0.31, "car_lcSublane": 0.27, "car_max_v": 13.24, "car_tau_mean": 2.46, "car_tau_std": 2.76}, "datetime": {"datetime": "2024-08-04 12:57:30", "elapsed": 4924.300536, "delta": 15.874306}}
{"target": -0.04857784919086905, "params": {"bus_acc": 1.02, "bus_dcc": 1.23, "bus_lcAssertive": 25.94, "bus_lcCooperative": 0.13, "bus_lcLookaheadLeft": 43.13, "bus_lcPushy": 0.61, "bus_lcSublane": 0.25, "bus_max_v": 12.31, "bus_tau_mean": 0.75, "bus_tau_std": 5.65, "car_acc": 2.79, "car_dcc": 2.66, "car_lcAssertive": 94.21, "car_lcCooperative": 0.86, "car_lcLookaheadLeft": 58.03, "car_lcPushy": 0.44, "car_lcSublane": 0.94, "car_max_v": 15.43, "car_tau_mean": 1.27, "car_tau_std": 5.8}, "datetime": {"datetime": "2024-08-04 12:57:56", "elapsed": 4950.711989, "delta": 26.411453}}
{"target": -0.052807277718979424, "params": {"bus_acc": 2.14, "bus_dcc": 2.39, "bus_lcAssertive": 73.93, "bus_lcCooperative": 0.51, "bus_lcLookaheadLeft": 94.78, "bus_lcPushy": 0.25, "bus_lcSublane": 0.17, "bus_max_v": 12.77, "bus_tau_mean": 3.94, "bus_tau_std": 8.96, "car_acc": 2.01, "car_dcc": 2.98, "car_lcAssertive": 3.31, "car_lcCooperative": 0.19, "car_lcLookaheadLeft": 43.14, "car_lcPushy": 0.6, "car_lcSublane": 0.7, "car_max_v": 25.6, "car_tau_mean": 2.92, "car_tau_std": 3.55}, "datetime": {"datetime": "2024-08-04 12:58:00", "elapsed": 4954.313875, "delta": 3.601886}}
{"target": -0.0514777799629122, "params": {"bus_acc": 2.31, "bus_dcc": 1.81, "bus_lcAssertive": 37.35, "bus_lcCooperative": 0.61, "bus_lcLookaheadLeft": 95.61, "bus_lcPushy": 0.68, "bus_lcSublane": 0.05, "bus_max_v": 14.94, "bus_tau_mean": 2.34, "bus_tau_std": 8.81, "car_acc": 1.7, "car_dcc": 2.44, "car_lcAssertive": 45.61, "car_lcCooperative": 0.86, "car_lcLookaheadLeft": 70.27, "car_lcPushy": 0.1, "car_lcSublane": 0.68, "car_max_v": 14.58, "car_tau_mean": 1.02, "car_tau_std": 7.39}, "datetime": {"datetime": "2024-08-04 12:58:07", "elapsed": 4961.837531, "delta": 7.523656}}
{"target": -0.05760595637341819, "params": {"bus_acc": 2.77, "bus_dcc": 1.93, "bus_lcAssertive": 26.6, "bus_lcCooperative": 0.19, "bus_lcLookaheadLeft": 7.27, "bus_lcPushy": 0.63, "bus_lcSublane": 0.11, "bus_max_v": 28.1, "bus_tau_mean": 3.81, "bus_tau_std": 7.46, "car_acc": 2.72, "car_dcc": 3.44, "car_lcAssertive": 90.93, "car_lcCooperative": 0.88, "car_lcLookaheadLeft": 42.31, "car_lcPushy": 0.12, "car_lcSublane": 0.33, "car_max_v": 27.76, "car_tau_mean": 3.33, "car_tau_std": 2.39}, "datetime": {"datetime": "2024-08-04 12:58:11", "elapsed": 4966.095889, "delta": 4.258358}}
{"target": -0.04327784934651338, "params": {"bus_acc": 2.65, "bus_dcc": 3.93, "bus_lcAssertive": 4.76, "bus_lcCooperative": 0.89, "bus_lcLookaheadLeft": 94.51, "bus_lcPushy": 0.03, "bus_lcSublane": 0.36, "bus_max_v": 23.52, "bus_tau_mean": 1.93, "bus_tau_std": 9.15, "car_acc": 2.95, "car_dcc": 1.78, "car_lcAssertive": 81.53, "car_lcCooperative": 0.22, "car_lcLookaheadLeft": 62.79, "car_lcPushy": 0.35, "car_lcSublane": 0.93, "car_max_v": 18.1, "car_tau_mean": 1.3, "car_tau_std": 2.58}, "datetime": {"datetime": "2024-08-04 12:58:16", "elapsed": 4970.745645, "delta": 4.649756}}
{"target": -0.08721975784050551, "params": {"bus_acc": 2.54, "bus_dcc": 1.57, "bus_lcAssertive": 62.11, "bus_lcCooperative": 0.25, "bus_lcLookaheadLeft": 91.66, "bus_lcPushy": 0.18, "bus_lcSublane": 0.39, "bus_max_v": 9.71, "bus_tau_mean": 3.71, "bus_tau_std": 7.47, "car_acc": 1.03, "car_dcc": 3.3, "car_lcAssertive": 39.8, "car_lcCooperative": 0.67, "car_lcLookaheadLeft": 39.87, "car_lcPushy": 0.32, "car_lcSublane": 0.18, "car_max_v": 15.94, "car_tau_mean": 2.93, "car_tau_std": 9.85}, "datetime": {"datetime": "2024-08-04 12:58:34", "elapsed": 4988.472133, "delta": 17.726488}}
{"target": -0.04647137726956669, "params": {"bus_acc": 1.87, "bus_dcc": 3.86, "bus_lcAssertive": 52.12, "bus_lcCooperative": 0.94, "bus_lcLookaheadLeft": 96.99, "bus_lcPushy": 0.06, "bus_lcSublane": 0.13, "bus_max_v": 26.3, "bus_tau_mean": 3.86, "bus_tau_std": 5.65, "car_acc": 1.48, "car_dcc": 2.05, "car_lcAssertive": 42.26, "car_lcCooperative": 0.26, "car_lcLookaheadLeft": 4.79, "car_lcPushy": 0.13, "car_lcSublane": 0.27, "car_max_v": 29.22, "car_tau_mean": 0.93, "car_tau_std": 0.89}, "datetime": {"datetime": "2024-08-04 12:58:53", "elapsed": 5007.924599, "delta": 19.452466}}
{"target": -0.05934223015097731, "params": {"bus_acc": 2.14, "bus_dcc": 3.39, "bus_lcAssertive": 15.83, "bus_lcCooperative": 0.16, "bus_lcLookaheadLeft": 82.53, "bus_lcPushy": 0.6, "bus_lcSublane": 0.5, "bus_max_v": 28.31, "bus_tau_mean": 3.39, "bus_tau_std": 2.04, "car_acc": 2.83, "car_dcc": 2.2, "car_lcAssertive": 66.97, "car_lcCooperative": 0.8, "car_lcLookaheadLeft": 98.68, "car_lcPushy": 0.89, "car_lcSublane": 0.41, "car_max_v": 27.96, "car_tau_mean": 1.96, "car_tau_std": 7.01}, "datetime": {"datetime": "2024-08-04 12:59:02", "elapsed": 5016.901972, "delta": 8.977373}}
{"target": -0.05336650644734293, "params": {"bus_acc": 1.23, "bus_dcc": 2.0, "bus_lcAssertive": 50.13, "bus_lcCooperative": 0.28, "bus_lcLookaheadLeft": 45.04, "bus_lcPushy": 0.61, "bus_lcSublane": 0.82, "bus_max_v": 15.07, "bus_tau_mean": 2.88, "bus_tau_std": 5.81, "car_acc": 2.83, "car_dcc": 3.12, "car_lcAssertive": 84.11, "car_lcCooperative": 0.83, "car_lcLookaheadLeft": 97.35, "car_lcPushy": 0.29, "car_lcSublane": 0.0, "car_max_v": 12.53, "car_tau_mean": 0.92, "car_tau_std": 5.04}, "datetime": {"datetime": "2024-08-04 12:59:13", "elapsed": 5027.991188, "delta": 11.089216}}
{"target": -0.03978195802075327, "params": {"bus_acc": 1.89, "bus_dcc": 3.34, "bus_lcAssertive": 7.73, "bus_lcCooperative": 0.94, "bus_lcLookaheadLeft": 44.01, "bus_lcPushy": 0.41, "bus_lcSublane": 0.56, "bus_max_v": 23.55, "bus_tau_mean": 1.77, "bus_tau_std": 3.58, "car_acc": 1.02, "car_dcc": 2.55, "car_lcAssertive": 56.82, "car_lcCooperative": 0.25, "car_lcLookaheadLeft": 35.7, "car_lcPushy": 0.64, "car_lcSublane": 0.85, "car_max_v": 24.83, "car_tau_mean": 2.84, "car_tau_std": 2.21}, "datetime": {"datetime": "2024-08-04 12:59:20", "elapsed": 5034.929268, "delta": 6.93808}}
{"target": -0.057804529011186746, "params": {"bus_acc": 2.51, "bus_dcc": 3.58, "bus_lcAssertive": 91.92, "bus_lcCooperative": 0.48, "bus_lcLookaheadLeft": 57.6, "bus_lcPushy": 0.07, "bus_lcSublane": 0.84, "bus_max_v": 29.64, "bus_tau_mean": 2.82, "bus_tau_std": 3.98, "car_acc": 2.23, "car_dcc": 3.32, "car_lcAssertive": 98.02, "car_lcCooperative": 0.6, "car_lcLookaheadLeft": 59.63, "car_lcPushy": 0.88, "car_lcSublane": 0.73, "car_max_v": 29.13, "car_tau_mean": 1.91, "car_tau_std": 1.22}, "datetime": {"datetime": "2024-08-04 12:59:23", "elapsed": 5038.106084, "delta": 3.176816}}
{"target": -0.05526951463501404, "params": {"bus_acc": 1.57, "bus_dcc": 3.33, "bus_lcAssertive": 84.24, "bus_lcCooperative": 0.43, "bus_lcLookaheadLeft": 96.46, "bus_lcPushy": 0.39, "bus_lcSublane": 0.24, "bus_max_v": 20.6, "bus_tau_mean": 2.68, "bus_tau_std": 7.14, "car_acc": 1.71, "car_dcc": 2.6, "car_lcAssertive": 74.75, "car_lcCooperative": 0.49, "car_lcLookaheadLeft": 7.83, "car_lcPushy": 0.52, "car_lcSublane": 0.32, "car_max_v": 24.01, "car_tau_mean": 0.61, "car_tau_std": 6.66}, "datetime": {"datetime": "2024-08-04 12:59:32", "elapsed": 5046.538083, "delta": 8.431999}}
{"target": -0.041171092406144666, "params": {"bus_acc": 1.31, "bus_dcc": 1.33, "bus_lcAssertive": 84.68, "bus_lcCooperative": 0.17, "bus_lcLookaheadLeft": 88.62, "bus_lcPushy": 0.64, "bus_lcSublane": 0.3, "bus_max_v": 20.74, "bus_tau_mean": 3.43, "bus_tau_std": 8.22, "car_acc": 1.01, "car_dcc": 3.31, "car_lcAssertive": 28.68, "car_lcCooperative": 0.07, "car_lcLookaheadLeft": 6.37, "car_lcPushy": 0.42, "car_lcSublane": 0.73, "car_max_v": 19.1, "car_tau_mean": 3.27, "car_tau_std": 7.85}, "datetime": {"datetime": "2024-08-04 12:59:35", "elapsed": 5049.543964, "delta": 3.005881}}
{"target": -0.05619929827957806, "params": {"bus_acc": 1.51, "bus_dcc": 1.91, "bus_lcAssertive": 96.03, "bus_lcCooperative": 0.35, "bus_lcLookaheadLeft": 78.61, "bus_lcPushy": 0.99, "bus_lcSublane": 0.19, "bus_max_v": 28.31, "bus_tau_mean": 2.13, "bus_tau_std": 6.51, "car_acc": 2.17, "car_dcc": 3.75, "car_lcAssertive": 52.07, "car_lcCooperative": 0.6, "car_lcLookaheadLeft": 8.44, "car_lcPushy": 0.65, "car_lcSublane": 0.22, "car_max_v": 23.96, "car_tau_mean": 2.15, "car_tau_std": 2.8}, "datetime": {"datetime": "2024-08-04 12:59:45", "elapsed": 5059.216751, "delta": 9.672787}}
{"target": -0.032458197917611564, "params": {"bus_acc": 2.74, "bus_dcc": 2.07, "bus_lcAssertive": 98.82, "bus_lcCooperative": 0.38, "bus_lcLookaheadLeft": 6.13, "bus_lcPushy": 0.89, "bus_lcSublane": 0.59, "bus_max_v": 13.11, "bus_tau_mean": 3.06, "bus_tau_std": 4.56, "car_acc": 1.8, "car_dcc": 2.76, "car_lcAssertive": 1.13, "car_lcCooperative": 0.39, "car_lcLookaheadLeft": 39.3, "car_lcPushy": 1.0, "car_lcSublane": 0.14, "car_max_v": 10.27, "car_tau_mean": 3.65, "car_tau_std": 3.83}, "datetime": {"datetime": "2024-08-04 12:59:51", "elapsed": 5065.940086, "delta": 6.723335}}
{"target": -0.05472458871657418, "params": {"bus_acc": 2.6, "bus_dcc": 1.75, "bus_lcAssertive": 24.6, "bus_lcCooperative": 0.39, "bus_lcLookaheadLeft": 53.95, "bus_lcPushy": 0.56, "bus_lcSublane": 0.36, "bus_max_v": 18.23, "bus_tau_mean": 0.86, "bus_tau_std": 1.18, "car_acc": 1.77, "car_dcc": 2.82, "car_lcAssertive": 21.13, "car_lcCooperative": 0.09, "car_lcLookaheadLeft": 66.13, "car_lcPushy": 0.94, "car_lcSublane": 0.9, "car_max_v": 22.81, "car_tau_mean": 1.46, "car_tau_std": 7.7}, "datetime": {"datetime": "2024-08-04 12:59:54", "elapsed": 5068.783622, "delta": 2.843536}}
{"target": -0.05804300184001293, "params": {"bus_acc": 1.71, "bus_dcc": 2.66, "bus_lcAssertive": 72.75, "bus_lcCooperative": 0.54, "bus_lcLookaheadLeft": 70.92, "bus_lcPushy": 0.12, "bus_lcSublane": 0.76, "bus_max_v": 25.28, "bus_tau_mean": 1.75, "bus_tau_std": 2.47, "car_acc": 1.89, "car_dcc": 2.48, "car_lcAssertive": 22.81, "car_lcCooperative": 0.62, "car_lcLookaheadLeft": 68.96, "car_lcPushy": 0.69, "car_lcSublane": 0.45, "car_max_v": 24.04, "car_tau_mean": 2.35, "car_tau_std": 2.67}, "datetime": {"datetime": "2024-08-04 13:00:15", "elapsed": 5089.496741, "delta": 20.713119}}
{"target": -0.04938471682132059, "params": {"bus_acc": 1.06, "bus_dcc": 1.47, "bus_lcAssertive": 48.66, "bus_lcCooperative": 0.21, "bus_lcLookaheadLeft": 23.37, "bus_lcPushy": 0.02, "bus_lcSublane": 0.05, "bus_max_v": 27.33, "bus_tau_mean": 0.9, "bus_tau_std": 3.26, "car_acc": 2.06, "car_dcc": 3.9, "car_lcAssertive": 15.05, "car_lcCooperative": 0.8, "car_lcLookaheadLeft": 49.58, "car_lcPushy": 0.88, "car_lcSublane": 0.86, "car_max_v": 19.27, "car_tau_mean": 2.4, "car_tau_std": 9.8}, "datetime": {"datetime": "2024-08-04 13:00:19", "elapsed": 5093.262347, "delta": 3.765606}}
{"target": -0.04118386267256917, "params": {"bus_acc": 1.75, "bus_dcc": 2.72, "bus_lcAssertive": 52.17, "bus_lcCooperative": 0.1, "bus_lcLookaheadLeft": 34.62, "bus_lcPushy": 0.43, "bus_lcSublane": 0.45, "bus_max_v": 11.24, "bus_tau_mean": 2.48, "bus_tau_std": 3.88, "car_acc": 1.42, "car_dcc": 3.71, "car_lcAssertive": 77.99, "car_lcCooperative": 0.13, "car_lcLookaheadLeft": 89.47, "car_lcPushy": 0.8, "car_lcSublane": 0.29, "car_max_v": 11.81, "car_tau_mean": 1.73, "car_tau_std": 6.16}, "datetime": {"datetime": "2024-08-04 13:00:25", "elapsed": 5100.105629, "delta": 6.843282}}
{"target": -0.052514214064972385, "params": {"bus_acc": 1.34, "bus_dcc": 2.71, "bus_lcAssertive": 53.63, "bus_lcCooperative": 0.26, "bus_lcLookaheadLeft": 53.61, "bus_lcPushy": 0.02, "bus_lcSublane": 0.76, "bus_max_v": 16.61, "bus_tau_mean": 2.83, "bus_tau_std": 4.01, "car_acc": 2.81, "car_dcc": 2.96, "car_lcAssertive": 29.52, "car_lcCooperative": 0.06, "car_lcLookaheadLeft": 58.52, "car_lcPushy": 0.43, "car_lcSublane": 0.88, "car_max_v": 16.39, "car_tau_mean": 2.11, "car_tau_std": 4.23}, "datetime": {"datetime": "2024-08-04 13:00:29", "elapsed": 5103.359343, "delta": 3.253714}}
{"target": -0.04885908510784335, "params": {"bus_acc": 2.45, "bus_dcc": 2.53, "bus_lcAssertive": 79.9, "bus_lcCooperative": 0.92, "bus_lcLookaheadLeft": 91.93, "bus_lcPushy": 0.33, "bus_lcSublane": 0.46, "bus_max_v": 10.75, "bus_tau_mean": 2.62, "bus_tau_std": 3.21, "car_acc": 1.43, "car_dcc": 1.23, "car_lcAssertive": 89.91, "car_lcCooperative": 0.36, "car_lcLookaheadLeft": 28.16, "car_lcPushy": 0.73, "car_lcSublane": 0.53, "car_max_v": 14.25, "car_tau_mean": 0.8, "car_tau_std": 5.13}, "datetime": {"datetime": "2024-08-04 13:00:36", "elapsed": 5110.695359, "delta": 7.336016}}
{"target": -0.03695505684865812, "params": {"bus_acc": 2.13, "bus_dcc": 3.63, "bus_lcAssertive": 27.11, "bus_lcCooperative": 0.47, "bus_lcLookaheadLeft": 72.0, "bus_lcPushy": 0.14, "bus_lcSublane": 0.5, "bus_max_v": 26.72, "bus_tau_mean": 3.79, "bus_tau_std": 6.37, "car_acc": 1.52, "car_dcc": 3.84, "car_lcAssertive": 4.08, "car_lcCooperative": 0.48, "car_lcLookaheadLeft": 29.5, "car_lcPushy": 0.36, "car_lcSublane": 0.7, "car_max_v": 8.4, "car_tau_mean": 3.48, "car_tau_std": 9.56}, "datetime": {"datetime": "2024-08-04 13:00:39", "elapsed": 5113.826216, "delta": 3.130857}}
{"target": -0.051094856216596485, "params": {"bus_acc": 2.18, "bus_dcc": 3.63, "bus_lcAssertive": 35.75, "bus_lcCooperative": 0.06, "bus_lcLookaheadLeft": 86.5, "bus_lcPushy": 0.81, "bus_lcSublane": 0.64, "bus_max_v": 17.87, "bus_tau_mean": 3.44, "bus_tau_std": 2.48, "car_acc": 2.87, "car_dcc": 1.38, "car_lcAssertive": 38.3, "car_lcCooperative": 0.87, "car_lcLookaheadLeft": 90.15, "car_lcPushy": 0.0, "car_lcSublane": 0.81, "car_max_v": 16.51, "car_tau_mean": 3.53, "car_tau_std": 5.94}, "datetime": {"datetime": "2024-08-04 13:00:44", "elapsed": 5118.317392, "delta": 4.491176}}
{"target": -0.0671335562308894, "params": {"bus_acc": 1.76, "bus_dcc": 3.02, "bus_lcAssertive": 62.04, "bus_lcCooperative": 0.49, "bus_lcLookaheadLeft": 38.65, "bus_lcPushy": 0.03, "bus_lcSublane": 0.86, "bus_max_v": 8.08, "bus_tau_mean": 2.61, "bus_tau_std": 9.1, "car_acc": 1.95, "car_dcc": 1.01, "car_lcAssertive": 46.7, "car_lcCooperative": 0.84, "car_lcLookaheadLeft": 13.08, "car_lcPushy": 0.8, "car_lcSublane": 0.84, "car_max_v": 19.03, "car_tau_mean": 1.13, "car_tau_std": 2.55}, "datetime": {"datetime": "2024-08-04 13:00:53", "elapsed": 5127.499679, "delta": 9.182287}}
{"target": -0.054563245519385434, "params": {"bus_acc": 1.47, "bus_dcc": 1.6, "bus_lcAssertive": 27.03, "bus_lcCooperative": 0.09, "bus_lcLookaheadLeft": 41.37, "bus_lcPushy": 0.19, "bus_lcSublane": 0.1, "bus_max_v": 22.66, "bus_tau_mean": 2.05, "bus_tau_std": 7.38, "car_acc": 2.04, "car_dcc": 3.99, "car_lcAssertive": 43.61, "car_lcCooperative": 0.94, "car_lcLookaheadLeft": 21.48, "car_lcPushy": 0.77, "car_lcSublane": 0.98, "car_max_v": 15.36, "car_tau_mean": 1.41, "car_tau_std": 0.34}, "datetime": {"datetime": "2024-08-04 13:01:00", "elapsed": 5134.487229, "delta": 6.98755}}
{"target": -0.056492181949885645, "params": {"bus_acc": 2.29, "bus_dcc": 3.91, "bus_lcAssertive": 8.44, "bus_lcCooperative": 0.71, "bus_lcLookaheadLeft": 50.09, "bus_lcPushy": 0.11, "bus_lcSublane": 0.81, "bus_max_v": 15.44, "bus_tau_mean": 2.07, "bus_tau_std": 2.38, "car_acc": 2.38, "car_dcc": 3.88, "car_lcAssertive": 26.68, "car_lcCooperative": 0.88, "car_lcLookaheadLeft": 49.32, "car_lcPushy": 0.94, "car_lcSublane": 0.88, "car_max_v": 16.36, "car_tau_mean": 0.68, "car_tau_std": 3.23}, "datetime": {"datetime": "2024-08-04 13:01:08", "elapsed": 5142.336411, "delta": 7.849182}}
{"target": -0.042909109334500754, "params": {"bus_acc": 2.69, "bus_dcc": 3.26, "bus_lcAssertive": 3.48, "bus_lcCooperative": 0.23, "bus_lcLookaheadLeft": 97.95, "bus_lcPushy": 0.64, "bus_lcSublane": 0.88, "bus_max_v": 17.66, "bus_tau_mean": 1.22, "bus_tau_std": 1.81, "car_acc": 1.98, "car_dcc": 3.79, "car_lcAssertive": 19.13, "car_lcCooperative": 0.96, "car_lcLookaheadLeft": 30.4, "car_lcPushy": 0.76, "car_lcSublane": 0.48, "car_max_v": 16.12, "car_tau_mean": 0.95, "car_tau_std": 9.08}, "datetime": {"datetime": "2024-08-04 13:01:11", "elapsed": 5145.611633, "delta": 3.275222}}
{"target": -0.05285925273490993, "params": {"bus_acc": 2.08, "bus_dcc": 1.3, "bus_lcAssertive": 15.18, "bus_lcCooperative": 0.67, "bus_lcLookaheadLeft": 5.26, "bus_lcPushy": 0.24, "bus_lcSublane": 0.44, "bus_max_v": 23.42, "bus_tau_mean": 2.54, "bus_tau_std": 0.93, "car_acc": 2.54, "car_dcc": 1.34, "car_lcAssertive": 2.96, "car_lcCooperative": 0.17, "car_lcLookaheadLeft": 24.65, "car_lcPushy": 0.97, "car_lcSublane": 0.61, "car_max_v": 26.15, "car_tau_mean": 1.17, "car_tau_std": 2.72}, "datetime": {"datetime": "2024-08-04 13:01:15", "elapsed": 5149.145615, "delta": 3.533982}}
{"target": -0.053518819549694945, "params": {"bus_acc": 2.57, "bus_dcc": 2.87, "bus_lcAssertive": 98.59, "bus_lcCooperative": 0.92, "bus_lcLookaheadLeft": 20.44, "bus_lcPushy": 0.44, "bus_lcSublane": 0.34, "bus_max_v": 25.83, "bus_tau_mean": 3.05, "bus_tau_std": 7.22, "car_acc": 1.82, "car_dcc": 2.92, "car_lcAssertive": 98.15, "car_lcCooperative": 0.91, "car_lcLookaheadLeft": 62.48, "car_lcPushy": 0.3, "car_lcSublane": 0.87, "car_max_v": 26.77, "car_tau_mean": 2.82, "car_tau_std": 6.66}, "datetime": {"datetime": "2024-08-04 13:01:18", "elapsed": 5152.930716, "delta": 3.785101}}
