{"target": -0.323996867072622, "params": {"bus_acc": 1.5818, "bus_dcc": 2.5008, "bus_lcAssertive": 38.7024, "bus_lcCooperative": 0.9831, "bus_lcLookaheadLeft": 79.5366, "bus_lcPushy": 0.1781, "bus_lcSigma": 0.2358, "bus_lcSublane": 0.6944, "bus_sigma": 0.0521, "bus_tau_mean": 1.4068, "bus_tau_std": 1.8316, "bus_v_mean": 13.7823, "bus_v_std": 8.4858, "car_acc": 1.3837, "car_dcc": 2.9707, "car_lcAssertive": 65.7995, "car_lcCooperative": 0.4445, "car_lcLookaheadLeft": 93.3391, "car_lcPushy": 0.946, "car_lcSigma": 0.2124, "car_lcSublane": 0.6068, "car_sigma": 0.6656, "car_tau_mean": 1.0668, "car_tau_std": 7.2242, "car_v_mean": 23.5193, "car_v_std": 8.2809}, "datetime": {"datetime": "2024-08-07 01:06:00", "elapsed": 487.007928, "delta": 3.132338}}
{"target": -0.3124662097509955, "params": {"bus_acc": 2.0834, "bus_dcc": 2.862, "bus_lcAssertive": 86.2522, "bus_lcCooperative": 0.9717, "bus_lcLookaheadLeft": 63.7336, "bus_lcPushy": 0.974, "bus_lcSigma": 1.0, "bus_lcSublane": 0.7512, "bus_sigma": 1.0, "bus_tau_mean": 2.2359, "bus_tau_std": 3.9834, "bus_v_mean": 14.3863, "bus_v_std": 6.9859, "car_acc": 1.5231, "car_dcc": 3.3505, "car_lcAssertive": 3.2276, "car_lcCooperative": 1.0, "car_lcLookaheadLeft": 60.9963, "car_lcPushy": 1.0, "car_lcSigma": 0.8476, "car_lcSublane": 1.0, "car_sigma": 1.0, "car_tau_mean": 2.3142, "car_tau_std": 8.0147, "car_v_mean": 12.9504, "car_v_std": 9.9227}, "datetime": {"datetime": "2024-08-07 01:06:03", "elapsed": 490.48921, "delta": 3.481282}}
{"target": -0.2831078783352375, "params": {"bus_acc": 1.8226, "bus_dcc": 2.6012, "bus_lcAssertive": 85.7717, "bus_lcCooperative": 0.4908, "bus_lcLookaheadLeft": 63.8232, "bus_lcPushy": 0.6236, "bus_lcSigma": 0.628, "bus_lcSublane": 0.2703, "bus_sigma": 0.7448, "bus_tau_mean": 1.9751, "bus_tau_std": 4.4247, "bus_v_mean": 14.4759, "bus_v_std": 7.0761, "car_acc": 1.6127, "car_dcc": 3.0898, "car_lcAssertive": 2.9668, "car_lcCooperative": 0.983, "car_lcLookaheadLeft": 61.086, "car_lcPushy": 0.6041, "car_lcSigma": 0.3667, "car_lcSublane": 0.6969, "car_sigma": 0.9058, "car_tau_mean": 2.0535, "car_tau_std": 8.105, "car_v_mean": 13.0401, "car_v_std": 10.0}, "datetime": {"datetime": "2024-08-07 01:06:06", "elapsed": 493.169747, "delta": 2.680537}}
{"target": -0.3412964833878078, "params": {"bus_acc": 2.2317, "bus_dcc": 2.7223, "bus_lcAssertive": 91.9451, "bus_lcCooperative": 0.4304, "bus_lcLookaheadLeft": 68.3015, "bus_lcPushy": 0.4292, "bus_lcSigma": 0.4106, "bus_lcSublane": 0.2476, "bus_sigma": 0.5099, "bus_tau_mean": 2.5677, "bus_tau_std": 3.1031, "bus_v_mean": 13.4847, "bus_v_std": 6.9492, "car_acc": 1.9734, "car_dcc": 2.5249, "car_lcAssertive": 16.1535, "car_lcCooperative": 0.5841, "car_lcLookaheadLeft": 52.0972, "car_lcPushy": 0.6818, "car_lcSigma": 0.3084, "car_lcSublane": 0.5752, "car_sigma": 0.598, "car_tau_mean": 2.3219, "car_tau_std": 5.8491, "car_v_mean": 13.5995, "car_v_std": 6.7507}, "datetime": {"datetime": "2024-08-07 01:06:11", "elapsed": 497.884531, "delta": 4.714784}}
{"target": -0.3052055677055985, "params": {"bus_acc": 2.2341, "bus_dcc": 2.7023, "bus_lcAssertive": 92.1039, "bus_lcCooperative": 0.436, "bus_lcLookaheadLeft": 68.5855, "bus_lcPushy": 0.4397, "bus_lcSigma": 0.418, "bus_lcSublane": 0.2517, "bus_sigma": 0.5122, "bus_tau_mean": 2.5565, "bus_tau_std": 3.0901, "bus_v_mean": 13.531, "bus_v_std": 6.9193, "car_acc": 1.9796, "car_dcc": 2.5122, "car_lcAssertive": 16.2083, "car_lcCooperative": 0.5824, "car_lcLookaheadLeft": 51.9019, "car_lcPushy": 0.6725, "car_lcSigma": 0.31, "car_lcSublane": 0.5794, "car_sigma": 0.5976, "car_tau_mean": 2.3018, "car_tau_std": 5.9126, "car_v_mean": 13.6728, "car_v_std": 6.8094}, "datetime": {"datetime": "2024-08-07 01:06:14", "elapsed": 501.047424, "delta": 3.162893}}
{"target": -0.3256093364495852, "params": {"bus_acc": 1.8213, "bus_dcc": 2.5999, "bus_lcAssertive": 85.7716, "bus_lcCooperative": 0.4906, "bus_lcLookaheadLeft": 63.8219, "bus_lcPushy": 0.6236, "bus_lcSigma": 0.6278, "bus_lcSublane": 0.2701, "bus_sigma": 0.7448, "bus_tau_mean": 1.9738, "bus_tau_std": 4.4233, "bus_v_mean": 14.4746, "bus_v_std": 7.0748, "car_acc": 1.6114, "car_dcc": 3.0884, "car_lcAssertive": 2.9655, "car_lcCooperative": 0.983, "car_lcLookaheadLeft": 61.0846, "car_lcPushy": 0.6038, "car_lcSigma": 0.3665, "car_lcSublane": 0.6969, "car_sigma": 0.9058, "car_tau_mean": 2.0521, "car_tau_std": 8.1037, "car_v_mean": 13.0387, "car_v_std": 10.0}, "datetime": {"datetime": "2024-08-07 01:06:17", "elapsed": 504.179634, "delta": 3.13221}}
{"target": -0.3960566752040525, "params": {"bus_acc": 2.3659, "bus_dcc": 3.9825, "bus_lcAssertive": 1.3364, "bus_lcCooperative": 0.5461, "bus_lcLookaheadLeft": 5.0286, "bus_lcPushy": 0.0633, "bus_lcSigma": 0.2379, "bus_lcSublane": 0.492, "bus_sigma": 0.6466, "bus_tau_mean": 2.294, "bus_tau_std": 2.6498, "bus_v_mean": 20.5268, "bus_v_std": 4.1258, "car_acc": 1.7472, "car_dcc": 3.6072, "car_lcAssertive": 66.3214, "car_lcCooperative": 0.6146, "car_lcLookaheadLeft": 6.0551, "car_lcPushy": 0.8581, "car_lcSigma": 0.0842, "car_lcSublane": 0.7561, "car_sigma": 0.4787, "car_tau_mean": 3.4395, "car_tau_std": 2.3579, "car_v_mean": 23.9648, "car_v_std": 3.3183}, "datetime": {"datetime": "2024-08-07 01:06:20", "elapsed": 507.178413, "delta": 2.998779}}
{"target": -0.3071954903127684, "params": {"bus_acc": 2.2187, "bus_dcc": 2.7007, "bus_lcAssertive": 92.1187, "bus_lcCooperative": 0.4355, "bus_lcLookaheadLeft": 68.4986, "bus_lcPushy": 0.4329, "bus_lcSigma": 0.4149, "bus_lcSublane": 0.2514, "bus_sigma": 0.5062, "bus_tau_mean": 2.5557, "bus_tau_std": 3.126, "bus_v_mean": 13.5323, "bus_v_std": 6.9656, "car_acc": 1.9653, "car_dcc": 2.5281, "car_lcAssertive": 16.1174, "car_lcCooperative": 0.5877, "car_lcLookaheadLeft": 51.7461, "car_lcPushy": 0.671, "car_lcSigma": 0.3101, "car_lcSublane": 0.5792, "car_sigma": 0.5983, "car_tau_mean": 2.3213, "car_tau_std": 5.888, "car_v_mean": 13.7178, "car_v_std": 6.8049}, "datetime": {"datetime": "2024-08-07 01:06:22", "elapsed": 509.373897, "delta": 2.195484}}
{"target": -0.33308873081734025, "params": {"bus_acc": 1.8268, "bus_dcc": 2.6054, "bus_lcAssertive": 85.7744, "bus_lcCooperative": 0.4933, "bus_lcLookaheadLeft": 63.8274, "bus_lcPushy": 0.6237, "bus_lcSigma": 0.6305, "bus_lcSublane": 0.2728, "bus_sigma": 0.745, "bus_tau_mean": 1.9793, "bus_tau_std": 4.4288, "bus_v_mean": 14.4801, "bus_v_std": 7.0803, "car_acc": 1.6169, "car_dcc": 3.0939, "car_lcAssertive": 2.971, "car_lcCooperative": 0.9832, "car_lcLookaheadLeft": 61.0901, "car_lcPushy": 0.6066, "car_lcSigma": 0.3692, "car_lcSublane": 0.6971, "car_sigma": 0.906, "car_tau_mean": 2.0576, "car_tau_std": 8.1092, "car_v_mean": 13.0442, "car_v_std": 10.0}, "datetime": {"datetime": "2024-08-07 01:06:28", "elapsed": 515.457141, "delta": 6.083244}}
{"target": -0.298667477467314, "params": {"bus_acc": 1.8246, "bus_dcc": 2.6032, "bus_lcAssertive": 85.7728, "bus_lcCooperative": 0.4917, "bus_lcLookaheadLeft": 63.8252, "bus_lcPushy": 0.6239, "bus_lcSigma": 0.6289, "bus_lcSublane": 0.2712, "bus_sigma": 0.7452, "bus_tau_mean": 1.9771, "bus_tau_std": 4.4266, "bus_v_mean": 14.4779, "bus_v_std": 7.0781, "car_acc": 1.6147, "car_dcc": 3.0917, "car_lcAssertive": 2.9688, "car_lcCooperative": 0.9834, "car_lcLookaheadLeft": 61.0879, "car_lcPushy": 0.605, "car_lcSigma": 0.3676, "car_lcSublane": 0.6973, "car_sigma": 0.9062, "car_tau_mean": 2.0554, "car_tau_std": 8.107, "car_v_mean": 13.042, "car_v_std": 10.0}, "datetime": {"datetime": "2024-08-07 01:06:31", "elapsed": 518.433986, "delta": 2.976845}}
{"target": -0.3101360658782765, "params": {"bus_acc": 1.8241, "bus_dcc": 2.6027, "bus_lcAssertive": 85.7722, "bus_lcCooperative": 0.4912, "bus_lcLookaheadLeft": 63.8247, "bus_lcPushy": 0.6239, "bus_lcSigma": 0.6284, "bus_lcSublane": 0.2707, "bus_sigma": 0.7452, "bus_tau_mean": 1.9766, "bus_tau_std": 4.4261, "bus_v_mean": 14.4774, "bus_v_std": 7.0776, "car_acc": 1.6142, "car_dcc": 3.0912, "car_lcAssertive": 2.9683, "car_lcCooperative": 0.9834, "car_lcLookaheadLeft": 61.0874, "car_lcPushy": 0.6044, "car_lcSigma": 0.3671, "car_lcSublane": 0.6972, "car_sigma": 0.9062, "car_tau_mean": 2.0549, "car_tau_std": 8.1065, "car_v_mean": 13.0415, "car_v_std": 10.0}, "datetime": {"datetime": "2024-08-07 01:06:36", "elapsed": 522.804682, "delta": 4.370696}}
{"target": -0.34233452495286376, "params": {"bus_acc": 1.6475, "bus_dcc": 3.2296, "bus_lcAssertive": 15.8564, "bus_lcCooperative": 0.3482, "bus_lcLookaheadLeft": 66.4338, "bus_lcPushy": 0.5651, "bus_lcSigma": 0.2567, "bus_lcSublane": 0.1482, "bus_sigma": 0.1381, "bus_tau_mean": 2.1256, "bus_tau_std": 3.8289, "bus_v_mean": 11.2984, "bus_v_std": 0.7667, "car_acc": 2.6726, "car_dcc": 1.5917, "car_lcAssertive": 29.4933, "car_lcCooperative": 0.3792, "car_lcLookaheadLeft": 37.1007, "car_lcPushy": 0.571, "car_lcSigma": 0.4858, "car_lcSublane": 0.9487, "car_sigma": 0.9648, "car_tau_mean": 0.6194, "car_tau_std": 9.5398, "car_v_mean": 20.4304, "car_v_std": 6.8883}, "datetime": {"datetime": "2024-08-07 01:06:39", "elapsed": 526.402205, "delta": 3.597523}}
{"target": -0.3055648952558353, "params": {"bus_acc": 1.825, "bus_dcc": 2.6036, "bus_lcAssertive": 85.7732, "bus_lcCooperative": 0.4922, "bus_lcLookaheadLeft": 63.8258, "bus_lcPushy": 0.6239, "bus_lcSigma": 0.6294, "bus_lcSublane": 0.2716, "bus_sigma": 0.7452, "bus_tau_mean": 1.9775, "bus_tau_std": 4.427, "bus_v_mean": 14.4784, "bus_v_std": 7.0785, "car_acc": 1.6151, "car_dcc": 3.0921, "car_lcAssertive": 2.9692, "car_lcCooperative": 0.9834, "car_lcLookaheadLeft": 61.0885, "car_lcPushy": 0.6054, "car_lcSigma": 0.3681, "car_lcSublane": 0.6972, "car_sigma": 0.9062, "car_tau_mean": 2.0558, "car_tau_std": 8.1073, "car_v_mean": 13.0426, "car_v_std": 10.0}, "datetime": {"datetime": "2024-08-07 01:06:41", "elapsed": 528.188312, "delta": 1.786107}}
{"target": -0.32004680479712055, "params": {"bus_acc": 1.7861, "bus_dcc": 2.0286, "bus_lcAssertive": 56.108, "bus_lcCooperative": 0.5338, "bus_lcLookaheadLeft": 36.0412, "bus_lcPushy": 0.7574, "bus_lcSigma": 0.7882, "bus_lcSublane": 0.0019, "bus_sigma": 0.2053, "bus_tau_mean": 3.9926, "bus_tau_std": 9.2058, "bus_v_mean": 8.1888, "bus_v_std": 8.8125, "car_acc": 2.619, "car_dcc": 3.7732, "car_lcAssertive": 56.1536, "car_lcCooperative": 0.5344, "car_lcLookaheadLeft": 14.5863, "car_lcPushy": 0.6822, "car_lcSigma": 0.6555, "car_lcSublane": 0.963, "car_sigma": 0.3411, "car_tau_mean": 0.6923, "car_tau_std": 7.2001, "car_v_mean": 17.8755, "car_v_std": 5.9596}, "datetime": {"datetime": "2024-08-07 01:06:43", "elapsed": 530.402399, "delta": 2.214087}}
{"target": -0.41044703162931395, "params": {"bus_acc": 2.6807, "bus_dcc": 1.1068, "bus_lcAssertive": 77.6139, "bus_lcCooperative": 0.1262, "bus_lcLookaheadLeft": 88.1398, "bus_lcPushy": 0.2023, "bus_lcSigma": 0.8985, "bus_lcSublane": 0.9863, "bus_sigma": 0.4085, "bus_tau_mean": 1.5636, "bus_tau_std": 5.9564, "bus_v_mean": 12.7927, "bus_v_std": 3.5814, "car_acc": 2.5838, "car_dcc": 2.0673, "car_lcAssertive": 39.3496, "car_lcCooperative": 0.083, "car_lcLookaheadLeft": 40.1706, "car_lcPushy": 0.3051, "car_lcSigma": 0.4099, "car_lcSublane": 0.4982, "car_sigma": 0.0653, "car_tau_mean": 2.6493, "car_tau_std": 5.9816, "car_v_mean": 16.1047, "car_v_std": 7.4451}, "datetime": {"datetime": "2024-08-07 01:06:48", "elapsed": 535.337196, "delta": 4.934797}}
{"target": -0.29600985632388754, "params": {"bus_acc": 1.8258, "bus_dcc": 2.6044, "bus_lcAssertive": 85.7736, "bus_lcCooperative": 0.4925, "bus_lcLookaheadLeft": 63.8264, "bus_lcPushy": 0.6234, "bus_lcSigma": 0.6297, "bus_lcSublane": 0.272, "bus_sigma": 0.7446, "bus_tau_mean": 1.9783, "bus_tau_std": 4.4279, "bus_v_mean": 14.4791, "bus_v_std": 7.0793, "car_acc": 1.6159, "car_dcc": 3.0929, "car_lcAssertive": 2.97, "car_lcCooperative": 0.9829, "car_lcLookaheadLeft": 61.0891, "car_lcPushy": 0.6058, "car_lcSigma": 0.3684, "car_lcSublane": 0.6967, "car_sigma": 0.9056, "car_tau_mean": 2.0567, "car_tau_std": 8.1082, "car_v_mean": 13.0432, "car_v_std": 10.0}, "datetime": {"datetime": "2024-08-07 01:06:50", "elapsed": 537.16542, "delta": 1.828224}}
