{"target": -0.2634889933393483, "params": {"bus_acc": 1.2162, "bus_dcc": 2.5434, "bus_lcAssertive": 32.2295, "bus_lcCooperative": 0.011, "bus_lcLookaheadLeft": 8.5767, "bus_lcPushy": 0.356, "bus_lcSigma": 0.7448, "bus_lcSpeedGainRight": 0.0397, "bus_lcSublane": 0.5708, "bus_sigma": 0.4601, "bus_tau_mean": 1.5487, "bus_tau_std": 4.3222, "bus_v_mean": 22.5881, "bus_v_std": 2.5983, "car_acc": 4.2216, "car_dcc": 1.8711, "car_lcAssertive": 83.4002, "car_lcCooperative": 0.8789, "car_lcLookaheadLeft": 83.3946, "car_lcPushy": 0.6902, "car_lcSigma": 0.7096, "car_lcSpeedGainRight": 3.2036, "car_lcSublane": 0.1599, "car_sigma": 0.8176, "car_tau_mean": 1.9708, "car_tau_std": 2.8767, "car_v_mean": 9.4507, "car_v_std": 1.4019}, "datetime": {"datetime": "2024-08-08 18:57:23", "elapsed": 5628.303749, "delta": 21.212504}}
{"target": -0.2886784346370524, "params": {"bus_acc": 3.3588, "bus_dcc": 1.5396, "bus_lcAssertive": 66.1852, "bus_lcCooperative": 0.606, "bus_lcLookaheadLeft": 58.1391, "bus_lcPushy": 0.8488, "bus_lcSigma": 0.4517, "bus_lcSpeedGainRight": 4.2258, "bus_lcSublane": 0.6134, "bus_sigma": 0.0757, "bus_tau_mean": 1.5277, "bus_tau_std": 0.1123, "bus_v_mean": 18.4013, "bus_v_std": 9.5475, "car_acc": 2.9127, "car_dcc": 2.3573, "car_lcAssertive": 79.8833, "car_lcCooperative": 0.0855, "car_lcLookaheadLeft": 11.3914, "car_lcPushy": 0.1443, "car_lcSigma": 0.1265, "car_lcSpeedGainRight": 2.6926, "car_lcSublane": 0.2659, "car_sigma": 0.1186, "car_tau_mean": 3.9549, "car_tau_std": 3.6246, "car_v_mean": 19.6504, "car_v_std": 12.2475}, "datetime": {"datetime": "2024-08-08 18:57:40", "elapsed": 5645.343814, "delta": 17.040065}}
{"target": -0.2893508309444269, "params": {"bus_acc": 3.8273, "bus_dcc": 1.6191, "bus_lcAssertive": 93.3171, "bus_lcCooperative": 0.2573, "bus_lcLookaheadLeft": 69.1489, "bus_lcPushy": 0.4718, "bus_lcSigma": 0.8134, "bus_lcSpeedGainRight": 0.4997, "bus_lcSublane": 0.1443, "bus_sigma": 0.326, "bus_tau_mean": 3.2876, "bus_tau_std": 1.7706, "bus_v_mean": 19.3072, "bus_v_std": 15.9394, "car_acc": 4.1198, "car_dcc": 1.3017, "car_lcAssertive": 70.2035, "car_lcCooperative": 0.0809, "car_lcLookaheadLeft": 33.0313, "car_lcPushy": 0.5023, "car_lcSigma": 0.0904, "car_lcSpeedGainRight": 3.479, "car_lcSublane": 0.7564, "car_sigma": 0.7166, "car_tau_mean": 3.2309, "car_tau_std": 4.4802, "car_v_mean": 12.9813, "car_v_std": 15.7229}, "datetime": {"datetime": "2024-08-08 18:57:53", "elapsed": 5659.038718, "delta": 13.694904}}
{"target": -0.28815750370778126, "params": {"bus_acc": 2.4459, "bus_dcc": 1.0723, "bus_lcAssertive": 96.5748, "bus_lcCooperative": 0.3064, "bus_lcLookaheadLeft": 77.0478, "bus_lcPushy": 0.949, "bus_lcSigma": 0.844, "bus_lcSpeedGainRight": 1.6356, "bus_lcSublane": 0.3503, "bus_sigma": 0.4932, "bus_tau_mean": 0.8478, "bus_tau_std": 3.1084, "bus_v_mean": 23.1454, "bus_v_std": 8.1466, "car_acc": 2.7282, "car_dcc": 2.1271, "car_lcAssertive": 98.7536, "car_lcCooperative": 0.5846, "car_lcLookaheadLeft": 91.054, "car_lcPushy": 0.7024, "car_lcSigma": 0.7451, "car_lcSpeedGainRight": 1.579, "car_lcSublane": 0.5041, "car_sigma": 0.8543, "car_tau_mean": 3.9827, "car_tau_std": 7.5581, "car_v_mean": 14.7314, "car_v_std": 11.914}, "datetime": {"datetime": "2024-08-08 18:58:07", "elapsed": 5672.244015, "delta": 13.205297}}
{"target": -0.336752070728855, "params": {"bus_acc": 1.528, "bus_dcc": 3.757, "bus_lcAssertive": 56.7116, "bus_lcCooperative": 0.4654, "bus_lcLookaheadLeft": 14.7975, "bus_lcPushy": 0.5982, "bus_lcSigma": 0.0344, "bus_lcSpeedGainRight": 1.6603, "bus_lcSublane": 0.601, "bus_sigma": 0.1427, "bus_tau_mean": 2.5177, "bus_tau_std": 3.6646, "bus_v_mean": 16.8471, "bus_v_std": 12.4581, "car_acc": 2.3234, "car_dcc": 3.0518, "car_lcAssertive": 33.0908, "car_lcCooperative": 0.9359, "car_lcLookaheadLeft": 77.1414, "car_lcPushy": 0.1453, "car_lcSigma": 0.2057, "car_lcSpeedGainRight": 0.3249, "car_lcSublane": 0.9137, "car_sigma": 0.1284, "car_tau_mean": 1.5535, "car_tau_std": 4.9349, "car_v_mean": 9.7909, "car_v_std": 3.0568}, "datetime": {"datetime": "2024-08-08 18:58:27", "elapsed": 5692.11587, "delta": 19.871855}}
{"target": -0.34479264502366425, "params": {"bus_acc": 3.4843, "bus_dcc": 2.6219, "bus_lcAssertive": 67.052, "bus_lcCooperative": 0.8925, "bus_lcLookaheadLeft": 25.6949, "bus_lcPushy": 0.7723, "bus_lcSigma": 0.0906, "bus_lcSpeedGainRight": 2.7887, "bus_lcSublane": 0.1018, "bus_sigma": 0.3881, "bus_tau_mean": 3.1729, "bus_tau_std": 2.1357, "bus_v_mean": 14.1489, "bus_v_std": 11.3058, "car_acc": 1.4727, "car_dcc": 1.6158, "car_lcAssertive": 44.0244, "car_lcCooperative": 0.5767, "car_lcLookaheadLeft": 82.6944, "car_lcPushy": 0.1911, "car_lcSigma": 0.4018, "car_lcSpeedGainRight": 4.7917, "car_lcSublane": 0.7041, "car_sigma": 0.87, "car_tau_mean": 3.0464, "car_tau_std": 3.5486, "car_v_mean": 10.9669, "car_v_std": 15.6667}, "datetime": {"datetime": "2024-08-08 18:58:37", "elapsed": 5702.840721, "delta": 10.724851}}
{"target": -0.3191734437113659, "params": {"bus_acc": 2.7022, "bus_dcc": 2.3757, "bus_lcAssertive": 74.1404, "bus_lcCooperative": 0.9844, "bus_lcLookaheadLeft": 32.4378, "bus_lcPushy": 0.962, "bus_lcSigma": 0.9371, "bus_lcSpeedGainRight": 4.3365, "bus_lcSublane": 0.1788, "bus_sigma": 0.0451, "bus_tau_mean": 1.4396, "bus_tau_std": 5.2439, "bus_v_mean": 10.4621, "bus_v_std": 12.9268, "car_acc": 2.4626, "car_dcc": 3.9982, "car_lcAssertive": 82.4406, "car_lcCooperative": 0.1208, "car_lcLookaheadLeft": 12.7816, "car_lcPushy": 0.1764, "car_lcSigma": 0.7994, "car_lcSpeedGainRight": 1.8659, "car_lcSublane": 0.047, "car_sigma": 0.5798, "car_tau_mean": 2.6573, "car_tau_std": 5.1861, "car_v_mean": 17.783, "car_v_std": 16.8326}, "datetime": {"datetime": "2024-08-08 18:58:55", "elapsed": 5720.942064, "delta": 18.101343}}
{"target": -0.2994978828611561, "params": {"bus_acc": 1.2355, "bus_dcc": 1.1842, "bus_lcAssertive": 89.6466, "bus_lcCooperative": 0.5988, "bus_lcLookaheadLeft": 63.9342, "bus_lcPushy": 0.9726, "bus_lcSigma": 0.7979, "bus_lcSpeedGainRight": 1.6858, "bus_lcSublane": 0.1819, "bus_sigma": 0.5693, "bus_tau_mean": 2.0959, "bus_tau_std": 4.2408, "bus_v_mean": 17.8121, "bus_v_std": 8.4314, "car_acc": 4.0449, "car_dcc": 2.489, "car_lcAssertive": 55.3788, "car_lcCooperative": 0.8157, "car_lcLookaheadLeft": 15.6793, "car_lcPushy": 0.8465, "car_lcSigma": 0.922, "car_lcSpeedGainRight": 4.7715, "car_lcSublane": 0.8843, "car_sigma": 0.0012, "car_tau_mean": 1.568, "car_tau_std": 3.4197, "car_v_mean": 23.6239, "car_v_std": 14.1625}, "datetime": {"datetime": "2024-08-08 18:59:12", "elapsed": 5737.951921, "delta": 17.009857}}
{"target": -0.2916422891997315, "params": {"bus_acc": 4.3174, "bus_dcc": 3.6692, "bus_lcAssertive": 76.9387, "bus_lcCooperative": 0.3731, "bus_lcLookaheadLeft": 99.7424, "bus_lcPushy": 0.665, "bus_lcSigma": 0.4806, "bus_lcSpeedGainRight": 2.1946, "bus_lcSublane": 0.313, "bus_sigma": 0.5178, "bus_tau_mean": 0.5667, "bus_tau_std": 5.7641, "bus_v_mean": 14.3088, "bus_v_std": 17.2879, "car_acc": 1.2276, "car_dcc": 1.0475, "car_lcAssertive": 39.3165, "car_lcCooperative": 0.601, "car_lcLookaheadLeft": 26.6561, "car_lcPushy": 0.0381, "car_lcSigma": 0.163, "car_lcSpeedGainRight": 4.9994, "car_lcSublane": 0.4273, "car_sigma": 0.4234, "car_tau_mean": 0.8762, "car_tau_std": 4.216, "car_v_mean": 14.1538, "car_v_std": 11.7776}, "datetime": {"datetime": "2024-08-08 18:59:32", "elapsed": 5757.110545, "delta": 19.158624}}
{"target": -0.30384411368337333, "params": {"bus_acc": 2.5395, "bus_dcc": 1.6528, "bus_lcAssertive": 75.382, "bus_lcCooperative": 0.5497, "bus_lcLookaheadLeft": 99.7, "bus_lcPushy": 0.0057, "bus_lcSigma": 0.7998, "bus_lcSpeedGainRight": 4.2832, "bus_lcSublane": 0.5758, "bus_sigma": 0.289, "bus_tau_mean": 0.6128, "bus_tau_std": 4.9962, "bus_v_mean": 11.889, "bus_v_std": 9.7059, "car_acc": 4.7934, "car_dcc": 1.1276, "car_lcAssertive": 48.6977, "car_lcCooperative": 0.1659, "car_lcLookaheadLeft": 81.8655, "car_lcPushy": 0.8606, "car_lcSigma": 0.4634, "car_lcSpeedGainRight": 2.8514, "car_lcSublane": 0.9065, "car_sigma": 0.8747, "car_tau_mean": 3.4755, "car_tau_std": 6.714, "car_v_mean": 20.6556, "car_v_std": 14.2176}, "datetime": {"datetime": "2024-08-08 18:59:53", "elapsed": 5778.274391, "delta": 21.163846}}
{"target": -0.2800438184538133, "params": {"bus_acc": 3.6168, "bus_dcc": 2.6947, "bus_lcAssertive": 70.9593, "bus_lcCooperative": 0.8627, "bus_lcLookaheadLeft": 60.1604, "bus_lcPushy": 0.3162, "bus_lcSigma": 0.7883, "bus_lcSpeedGainRight": 4.9557, "bus_lcSublane": 0.0644, "bus_sigma": 0.9793, "bus_tau_mean": 1.0606, "bus_tau_std": 2.8474, "bus_v_mean": 14.9591, "bus_v_std": 7.2265, "car_acc": 3.3611, "car_dcc": 1.3547, "car_lcAssertive": 62.5778, "car_lcCooperative": 0.4163, "car_lcLookaheadLeft": 15.0324, "car_lcPushy": 0.4112, "car_lcSigma": 0.9862, "car_lcSpeedGainRight": 2.5185, "car_lcSublane": 0.293, "car_sigma": 0.3217, "car_tau_mean": 1.4183, "car_tau_std": 8.1532, "car_v_mean": 16.5635, "car_v_std": 18.5029}, "datetime": {"datetime": "2024-08-08 19:00:15", "elapsed": 5800.660084, "delta": 22.385693}}
{"target": -0.32816129921683274, "params": {"bus_acc": 1.6371, "bus_dcc": 1.6562, "bus_lcAssertive": 6.3386, "bus_lcCooperative": 0.2673, "bus_lcLookaheadLeft": 33.855, "bus_lcPushy": 0.9535, "bus_lcSigma": 0.137, "bus_lcSpeedGainRight": 0.979, "bus_lcSublane": 0.8772, "bus_sigma": 0.6892, "bus_tau_mean": 0.9988, "bus_tau_std": 6.1119, "bus_v_mean": 14.6901, "bus_v_std": 19.7598, "car_acc": 4.4821, "car_dcc": 3.8636, "car_lcAssertive": 60.4557, "car_lcCooperative": 0.1745, "car_lcLookaheadLeft": 79.8047, "car_lcPushy": 0.0456, "car_lcSigma": 0.6884, "car_lcSpeedGainRight": 3.7985, "car_lcSublane": 0.9909, "car_sigma": 0.7456, "car_tau_mean": 3.0204, "car_tau_std": 9.6, "car_v_mean": 9.9241, "car_v_std": 14.6863}, "datetime": {"datetime": "2024-08-08 19:00:38", "elapsed": 5823.676528, "delta": 23.016444}}
{"target": -0.27572770095607385, "params": {"bus_acc": 3.5429, "bus_dcc": 3.17, "bus_lcAssertive": 92.6701, "bus_lcCooperative": 0.3245, "bus_lcLookaheadLeft": 9.6702, "bus_lcPushy": 0.6278, "bus_lcSigma": 0.7258, "bus_lcSpeedGainRight": 3.5555, "bus_lcSublane": 0.967, "bus_sigma": 0.9912, "bus_tau_mean": 1.0608, "bus_tau_std": 8.4524, "bus_v_mean": 18.3529, "bus_v_std": 13.6051, "car_acc": 1.7271, "car_dcc": 2.7223, "car_lcAssertive": 11.499, "car_lcCooperative": 0.1784, "car_lcLookaheadLeft": 71.8365, "car_lcPushy": 0.4641, "car_lcSigma": 0.3379, "car_lcSpeedGainRight": 4.197, "car_lcSublane": 0.337, "car_sigma": 0.2609, "car_tau_mean": 1.9558, "car_tau_std": 0.6381, "car_v_mean": 19.2569, "car_v_std": 18.3961}, "datetime": {"datetime": "2024-08-08 19:00:58", "elapsed": 5843.633281, "delta": 19.956753}}
{"target": -0.3613010185220287, "params": {"bus_acc": 2.2319, "bus_dcc": 2.6867, "bus_lcAssertive": 36.2177, "bus_lcCooperative": 0.909, "bus_lcLookaheadLeft": 61.2352, "bus_lcPushy": 0.7726, "bus_lcSigma": 0.8219, "bus_lcSpeedGainRight": 2.6897, "bus_lcSublane": 0.0104, "bus_sigma": 0.5682, "bus_tau_mean": 2.6118, "bus_tau_std": 5.2619, "bus_v_mean": 11.0491, "bus_v_std": 9.1383, "car_acc": 1.3209, "car_dcc": 1.5858, "car_lcAssertive": 69.9413, "car_lcCooperative": 0.1794, "car_lcLookaheadLeft": 72.4011, "car_lcPushy": 0.0996, "car_lcSigma": 0.1445, "car_lcSpeedGainRight": 3.8903, "car_lcSublane": 0.9967, "car_sigma": 0.4588, "car_tau_mean": 2.7583, "car_tau_std": 9.8529, "car_v_mean": 10.7834, "car_v_std": 11.0157}, "datetime": {"datetime": "2024-08-08 19:01:07", "elapsed": 5853.076161, "delta": 9.44288}}
{"target": -0.31928018793273694, "params": {"bus_acc": 1.3303, "bus_dcc": 2.9101, "bus_lcAssertive": 31.4243, "bus_lcCooperative": 0.2826, "bus_lcLookaheadLeft": 15.1173, "bus_lcPushy": 0.0994, "bus_lcSigma": 0.27, "bus_lcSpeedGainRight": 4.2327, "bus_lcSublane": 0.2664, "bus_sigma": 0.1358, "bus_tau_mean": 1.0369, "bus_tau_std": 6.8246, "bus_v_mean": 20.0427, "bus_v_std": 11.1929, "car_acc": 2.6214, "car_dcc": 2.5834, "car_lcAssertive": 13.4078, "car_lcCooperative": 0.4706, "car_lcLookaheadLeft": 10.8261, "car_lcPushy": 0.3499, "car_lcSigma": 0.8053, "car_lcSpeedGainRight": 0.5596, "car_lcSublane": 0.3263, "car_sigma": 0.1296, "car_tau_mean": 3.294, "car_tau_std": 5.2727, "car_v_mean": 23.9389, "car_v_std": 18.1483}, "datetime": {"datetime": "2024-08-08 19:01:21", "elapsed": 5866.478837, "delta": 13.402676}}
{"target": -0.31286833810487913, "params": {"bus_acc": 3.8953, "bus_dcc": 3.3549, "bus_lcAssertive": 90.8343, "bus_lcCooperative": 0.1123, "bus_lcLookaheadLeft": 22.1908, "bus_lcPushy": 0.8773, "bus_lcSigma": 0.7784, "bus_lcSpeedGainRight": 4.2598, "bus_lcSublane": 0.9171, "bus_sigma": 0.4316, "bus_tau_mean": 2.3068, "bus_tau_std": 0.3375, "bus_v_mean": 13.1709, "bus_v_std": 2.1096, "car_acc": 2.2783, "car_dcc": 3.6434, "car_lcAssertive": 48.5966, "car_lcCooperative": 0.7983, "car_lcLookaheadLeft": 45.7806, "car_lcPushy": 0.4062, "car_lcSigma": 0.3006, "car_lcSpeedGainRight": 0.912, "car_lcSublane": 0.8271, "car_sigma": 0.5108, "car_tau_mean": 0.5914, "car_tau_std": 3.5465, "car_v_mean": 22.5054, "car_v_std": 14.6307}, "datetime": {"datetime": "2024-08-08 19:01:36", "elapsed": 5881.123185, "delta": 14.644348}}
{"target": -0.3264702250395788, "params": {"bus_acc": 3.1521, "bus_dcc": 3.9056, "bus_lcAssertive": 19.5859, "bus_lcCooperative": 0.6977, "bus_lcLookaheadLeft": 55.1812, "bus_lcPushy": 0.1467, "bus_lcSigma": 0.2402, "bus_lcSpeedGainRight": 3.9704, "bus_lcSublane": 0.5514, "bus_sigma": 0.1024, "bus_tau_mean": 3.7022, "bus_tau_std": 4.6384, "bus_v_mean": 13.9326, "bus_v_std": 6.5412, "car_acc": 3.8367, "car_dcc": 1.7176, "car_lcAssertive": 97.1739, "car_lcCooperative": 0.4059, "car_lcLookaheadLeft": 55.4475, "car_lcPushy": 0.1524, "car_lcSigma": 0.0082, "car_lcSpeedGainRight": 1.2651, "car_lcSublane": 0.9815, "car_sigma": 0.5438, "car_tau_mean": 2.5287, "car_tau_std": 4.0061, "car_v_mean": 8.4834, "car_v_std": 10.2212}, "datetime": {"datetime": "2024-08-08 19:01:52", "elapsed": 5897.451259, "delta": 16.328074}}
{"target": -0.32482516741788914, "params": {"bus_acc": 1.5435, "bus_dcc": 2.9551, "bus_lcAssertive": 25.6091, "bus_lcCooperative": 0.4588, "bus_lcLookaheadLeft": 11.5903, "bus_lcPushy": 0.8353, "bus_lcSigma": 0.1495, "bus_lcSpeedGainRight": 4.0505, "bus_lcSublane": 0.054, "bus_sigma": 0.9405, "bus_tau_mean": 3.7896, "bus_tau_std": 0.84, "bus_v_mean": 16.5206, "bus_v_std": 15.2508, "car_acc": 4.2345, "car_dcc": 1.7109, "car_lcAssertive": 24.0336, "car_lcCooperative": 0.1134, "car_lcLookaheadLeft": 19.998, "car_lcPushy": 0.1453, "car_lcSigma": 0.8659, "car_lcSpeedGainRight": 0.7241, "car_lcSublane": 0.3375, "car_sigma": 0.243, "car_tau_mean": 2.3064, "car_tau_std": 7.3685, "car_v_mean": 13.2236, "car_v_std": 5.35}, "datetime": {"datetime": "2024-08-08 19:02:10", "elapsed": 5915.174346, "delta": 17.723087}}
{"target": -0.32123248790782993, "params": {"bus_acc": 4.7994, "bus_dcc": 2.4456, "bus_lcAssertive": 18.6896, "bus_lcCooperative": 0.2551, "bus_lcLookaheadLeft": 97.2911, "bus_lcPushy": 0.1119, "bus_lcSigma": 0.2251, "bus_lcSpeedGainRight": 0.8611, "bus_lcSublane": 0.8142, "bus_sigma": 0.7134, "bus_tau_mean": 1.2565, "bus_tau_std": 2.1909, "bus_v_mean": 23.7882, "bus_v_std": 3.4272, "car_acc": 2.2844, "car_dcc": 3.5, "car_lcAssertive": 89.4877, "car_lcCooperative": 0.4536, "car_lcLookaheadLeft": 30.5564, "car_lcPushy": 0.2816, "car_lcSigma": 0.0448, "car_lcSpeedGainRight": 2.2465, "car_lcSublane": 0.3898, "car_sigma": 0.4374, "car_tau_mean": 3.1672, "car_tau_std": 0.4428, "car_v_mean": 11.73, "car_v_std": 3.3902}, "datetime": {"datetime": "2024-08-08 19:02:26", "elapsed": 5931.160711, "delta": 15.986365}}
{"target": -0.31656153158872996, "params": {"bus_acc": 4.6855, "bus_dcc": 2.1877, "bus_lcAssertive": 40.5827, "bus_lcCooperative": 0.4364, "bus_lcLookaheadLeft": 33.6399, "bus_lcPushy": 0.4128, "bus_lcSigma": 0.0162, "bus_lcSpeedGainRight": 2.3828, "bus_lcSublane": 0.8752, "bus_sigma": 0.4657, "bus_tau_mean": 3.0424, "bus_tau_std": 5.0758, "bus_v_mean": 19.7721, "bus_v_std": 19.4907, "car_acc": 1.7897, "car_dcc": 2.9628, "car_lcAssertive": 64.0676, "car_lcCooperative": 0.045, "car_lcLookaheadLeft": 44.3251, "car_lcPushy": 0.6351, "car_lcSigma": 0.0576, "car_lcSpeedGainRight": 3.9436, "car_lcSublane": 0.6947, "car_sigma": 0.7309, "car_tau_mean": 0.7972, "car_tau_std": 3.738, "car_v_mean": 19.672, "car_v_std": 14.5436}, "datetime": {"datetime": "2024-08-08 19:02:47", "elapsed": 5952.205195, "delta": 21.044484}}
{"target": -0.37752938687202003, "params": {"bus_acc": 3.3494, "bus_dcc": 2.6211, "bus_lcAssertive": 20.8272, "bus_lcCooperative": 0.2296, "bus_lcLookaheadLeft": 42.6547, "bus_lcPushy": 0.2555, "bus_lcSigma": 0.6945, "bus_lcSpeedGainRight": 0.3209, "bus_lcSublane": 0.4399, "bus_sigma": 0.0606, "bus_tau_mean": 3.9057, "bus_tau_std": 6.0925, "bus_v_mean": 10.3097, "bus_v_std": 8.0398, "car_acc": 3.3353, "car_dcc": 2.9507, "car_lcAssertive": 58.816, "car_lcCooperative": 0.6696, "car_lcLookaheadLeft": 67.9586, "car_lcPushy": 0.2354, "car_lcSigma": 0.9899, "car_lcSpeedGainRight": 4.0491, "car_lcSublane": 0.604, "car_sigma": 0.8232, "car_tau_mean": 1.0658, "car_tau_std": 2.9923, "car_v_mean": 8.6937, "car_v_std": 6.9692}, "datetime": {"datetime": "2024-08-08 19:02:56", "elapsed": 5961.159885, "delta": 8.95469}}
{"target": -0.3134728941667131, "params": {"bus_acc": 2.3353, "bus_dcc": 2.5317, "bus_lcAssertive": 62.6013, "bus_lcCooperative": 0.7496, "bus_lcLookaheadLeft": 3.9687, "bus_lcPushy": 0.2522, "bus_lcSigma": 0.8229, "bus_lcSpeedGainRight": 4.4141, "bus_lcSublane": 0.8307, "bus_sigma": 0.0474, "bus_tau_mean": 1.4431, "bus_tau_std": 5.3129, "bus_v_mean": 21.8851, "bus_v_std": 16.3407, "car_acc": 2.9537, "car_dcc": 3.8232, "car_lcAssertive": 79.1513, "car_lcCooperative": 0.019, "car_lcLookaheadLeft": 14.3251, "car_lcPushy": 0.1477, "car_lcSigma": 0.7875, "car_lcSpeedGainRight": 1.3843, "car_lcSublane": 0.2639, "car_sigma": 0.9372, "car_tau_mean": 1.5124, "car_tau_std": 7.2012, "car_v_mean": 9.4273, "car_v_std": 17.4256}, "datetime": {"datetime": "2024-08-08 19:03:14", "elapsed": 5979.894066, "delta": 18.734181}}
{"target": -0.27490600105513846, "params": {"bus_acc": 1.272, "bus_dcc": 1.4352, "bus_lcAssertive": 39.6317, "bus_lcCooperative": 0.3005, "bus_lcLookaheadLeft": 97.1334, "bus_lcPushy": 0.4685, "bus_lcSigma": 0.2061, "bus_lcSpeedGainRight": 0.5604, "bus_lcSublane": 0.1404, "bus_sigma": 0.7632, "bus_tau_mean": 0.9824, "bus_tau_std": 6.3826, "bus_v_mean": 12.1204, "bus_v_std": 8.008, "car_acc": 1.5356, "car_dcc": 1.5191, "car_lcAssertive": 71.2807, "car_lcCooperative": 0.0429, "car_lcLookaheadLeft": 61.3766, "car_lcPushy": 0.2781, "car_lcSigma": 0.1653, "car_lcSpeedGainRight": 4.6998, "car_lcSublane": 0.0653, "car_sigma": 0.1491, "car_tau_mean": 1.5058, "car_tau_std": 0.0627, "car_v_mean": 16.8245, "car_v_std": 7.6929}, "datetime": {"datetime": "2024-08-08 19:03:27", "elapsed": 5992.53886, "delta": 12.644794}}
{"target": -0.40425574186162416, "params": {"bus_acc": 4.2175, "bus_dcc": 1.2151, "bus_lcAssertive": 83.6532, "bus_lcCooperative": 0.6155, "bus_lcLookaheadLeft": 61.2367, "bus_lcPushy": 0.8774, "bus_lcSigma": 0.34, "bus_lcSpeedGainRight": 3.7769, "bus_lcSublane": 0.3088, "bus_sigma": 0.1336, "bus_tau_mean": 1.1998, "bus_tau_std": 7.9352, "bus_v_mean": 23.5853, "bus_v_std": 6.2921, "car_acc": 3.8488, "car_dcc": 2.4762, "car_lcAssertive": 44.9331, "car_lcCooperative": 0.1015, "car_lcLookaheadLeft": 96.1085, "car_lcPushy": 0.1126, "car_lcSigma": 0.3527, "car_lcSpeedGainRight": 3.0855, "car_lcSublane": 0.0657, "car_sigma": 0.8771, "car_tau_mean": 3.9866, "car_tau_std": 7.1889, "car_v_mean": 8.0086, "car_v_std": 0.8486}, "datetime": {"datetime": "2024-08-08 19:03:40", "elapsed": 6005.732744, "delta": 13.193884}}
{"target": -0.28703733182374935, "params": {"bus_acc": 1.6738, "bus_dcc": 1.1933, "bus_lcAssertive": 10.7304, "bus_lcCooperative": 0.8298, "bus_lcLookaheadLeft": 79.774, "bus_lcPushy": 0.3802, "bus_lcSigma": 0.4111, "bus_lcSpeedGainRight": 3.9434, "bus_lcSublane": 0.9284, "bus_sigma": 0.8748, "bus_tau_mean": 2.7637, "bus_tau_std": 1.9095, "bus_v_mean": 8.9022, "bus_v_std": 2.4766, "car_acc": 4.1933, "car_dcc": 3.6671, "car_lcAssertive": 51.4271, "car_lcCooperative": 0.6632, "car_lcLookaheadLeft": 47.1663, "car_lcPushy": 0.8989, "car_lcSigma": 0.2045, "car_lcSpeedGainRight": 0.2393, "car_lcSublane": 0.922, "car_sigma": 0.4438, "car_tau_mean": 2.0685, "car_tau_std": 7.6954, "car_v_mean": 19.2121, "car_v_std": 0.9663}, "datetime": {"datetime": "2024-08-08 19:03:55", "elapsed": 6020.484524, "delta": 14.75178}}
{"target": -0.3790937042404808, "params": {"bus_acc": 1.0479, "bus_dcc": 3.4926, "bus_lcAssertive": 62.692, "bus_lcCooperative": 0.3061, "bus_lcLookaheadLeft": 78.1601, "bus_lcPushy": 0.2661, "bus_lcSigma": 0.0372, "bus_lcSpeedGainRight": 2.9698, "bus_lcSublane": 0.6605, "bus_sigma": 0.848, "bus_tau_mean": 3.3648, "bus_tau_std": 5.216, "bus_v_mean": 14.025, "bus_v_std": 4.785, "car_acc": 4.5554, "car_dcc": 3.622, "car_lcAssertive": 88.2221, "car_lcCooperative": 0.3067, "car_lcLookaheadLeft": 42.6332, "car_lcPushy": 0.1697, "car_lcSigma": 0.921, "car_lcSpeedGainRight": 1.6163, "car_lcSublane": 0.4153, "car_sigma": 0.2154, "car_tau_mean": 1.0522, "car_tau_std": 0.2999, "car_v_mean": 18.7679, "car_v_std": 0.0934}, "datetime": {"datetime": "2024-08-08 19:04:06", "elapsed": 6031.994938, "delta": 11.510414}}
