{"target": -0.36599584634959187, "params": {"bus_acc": 2.612881888423397, "bus_dcc": 3.27624079306701, "bus_lcAssertive": 71.97597116755452, "bus_lcCooperative": 0.9873261748084265, "bus_lcLookaheadLeft": 29.252334764072312, "bus_lcPushy": 0.0037936724093425855, "bus_lcSigma": 0.9339026083148878, "bus_lcSpeedGainRight": 4.2894855226894695, "bus_lcSublane": 0.7288508775192559, "bus_sigma": 0.5166887829215384, "bus_tau_mean": 2.9743468583706636, "bus_tau_std": 7.805295568767427, "bus_v_mean": 13.99801509658975, "bus_v_std": 15.406450506599151, "car_acc": 4.002497276700701, "car_dcc": 2.8396336346327793, "car_lcAssertive": 40.7847264728159, "car_lcCooperative": 0.6973080192643409, "car_lcLookaheadLeft": 2.305060066868826, "car_lcPushy": 0.7748966467245978, "car_lcSigma": 0.896416602456847, "car_lcSpeedGainRight": 1.196578537187523, "car_lcSublane": 0.12076718430922972, "car_sigma": 0.2202839877937276, "car_tau_mean": 1.557338559515344, "car_tau_std": 8.830285085638343, "car_v_mean": 16.690662883809512, "car_v_std": 5.734232992128612}, "datetime": {"datetime": "2024-08-08 12:51:22", "elapsed": 270.201408, "delta": 1.245737}}
{"target": -0.3241744436523878, "params": {"bus_acc": 4.753927567426937, "bus_dcc": 2.0290843294912198, "bus_lcAssertive": 78.19468525277739, "bus_lcCooperative": 0.17473631282740743, "bus_lcLookaheadLeft": 35.51137795764034, "bus_lcPushy": 0.14459772083809674, "bus_lcSigma": 0.716770814146376, "bus_lcSpeedGainRight": 3.496538118484071, "bus_lcSublane": 0.6884973179489188, "bus_sigma": 0.25339603448629966, "bus_tau_mean": 2.923260425681931, "bus_tau_std": 2.2729754091594954, "bus_v_mean": 14.794385854901435, "bus_v_std": 7.438442433353744, "car_acc": 2.421231646480489, "car_dcc": 1.1729644217237691, "car_lcAssertive": 63.53301605972803, "car_lcCooperative": 0.7073166026816995, "car_lcLookaheadLeft": 62.13169206127789, "car_lcPushy": 0.6483127561631246, "car_lcSigma": 0.16994071421725776, "car_lcSpeedGainRight": 0.7472339946943124, "car_lcSublane": 0.5141750435258828, "car_sigma": 0.8753327263545391, "car_tau_mean": 1.143837045415277, "car_tau_std": 4.628391187082599, "car_v_mean": 14.862917344478447, "car_v_std": 9.945783718390327}, "datetime": {"datetime": "2024-08-08 12:51:25", "elapsed": 272.738689, "delta": 2.537281}}
{"target": -0.35333522779516213, "params": {"bus_acc": 2.6743121030563946, "bus_dcc": 3.050394700498903, "bus_lcAssertive": 40.40107330138432, "bus_lcCooperative": 0.5057420174508104, "bus_lcLookaheadLeft": 20.576066877724877, "bus_lcPushy": 0.9649889241109139, "bus_lcSigma": 0.2942156882442547, "bus_lcSpeedGainRight": 0.5172977805820067, "bus_lcSublane": 0.1443154002290481, "bus_sigma": 0.014092294192442956, "bus_tau_mean": 3.005809948118381, "bus_tau_std": 5.644983202408741, "bus_v_mean": 20.713253618956035, "bus_v_std": 10.141598465682728, "car_acc": 4.167284158016615, "car_dcc": 3.0872926428155183, "car_lcAssertive": 78.00699920905836, "car_lcCooperative": 0.4064828689770863, "car_lcLookaheadLeft": 65.48152205237315, "car_lcPushy": 0.1797942976929744, "car_lcSigma": 0.321819963387904, "car_lcSpeedGainRight": 0.8630231005989625, "car_lcSublane": 0.4086372250132624, "car_sigma": 0.2414187479655988, "car_tau_mean": 1.9242269794527527, "car_tau_std": 9.75222342437312, "car_v_mean": 13.1251092131525, "car_v_std": 19.649818899497905}, "datetime": {"datetime": "2024-08-08 12:51:27", "elapsed": 275.10597, "delta": 2.367281}}
{"target": -0.3462128508738664, "params": {"bus_acc": 3.8250529782052647, "bus_dcc": 2.9840384031447087, "bus_lcAssertive": 5.2857259265168395, "bus_lcCooperative": 0.3614875846417379, "bus_lcLookaheadLeft": 77.82534237342479, "bus_lcPushy": 0.07852291483410356, "bus_lcSigma": 0.8843841167758716, "bus_lcSpeedGainRight": 4.654341481272791, "bus_lcSublane": 0.8530855123898898, "bus_sigma": 0.117377604100948, "bus_tau_mean": 2.4781071859566914, "bus_tau_std": 7.075599478322232, "bus_v_mean": 22.207681439042815, "bus_v_std": 1.9155205859962576, "car_acc": 4.2630823381973135, "car_dcc": 1.834048995006346, "car_lcAssertive": 59.63645119082546, "car_lcCooperative": 0.7197957093739197, "car_lcLookaheadLeft": 78.14787663732092, "car_lcPushy": 0.29466484899886947, "car_lcSigma": 0.6073765389488749, "car_lcSpeedGainRight": 1.4373643710116524, "car_lcSublane": 0.9983167502844696, "car_sigma": 0.8145056079423507, "car_tau_mean": 1.948922706942786, "car_tau_std": 8.791421856642359, "car_v_mean": 19.72001784173526, "car_v_std": 18.574938614555123}, "datetime": {"datetime": "2024-08-08 12:51:30", "elapsed": 277.934602, "delta": 2.828632}}
{"target": -0.3267606729374705, "params": {"bus_acc": 1.5736921946809797, "bus_dcc": 1.2351606995648439, "bus_lcAssertive": 2.814931648387722, "bus_lcCooperative": 0.06672499763935646, "bus_lcLookaheadLeft": 46.94121374342632, "bus_lcPushy": 0.11334192276759048, "bus_lcSigma": 0.027783348848669953, "bus_lcSpeedGainRight": 3.774307406952337, "bus_lcSublane": 0.3948504804606394, "bus_sigma": 0.7469384956075251, "bus_tau_mean": 2.0834168936125805, "bus_tau_std": 4.500867470007611, "bus_v_mean": 15.649160107485296, "bus_v_std": 9.48007853124388, "car_acc": 4.212653368456678, "car_dcc": 2.2071775595732075, "car_lcAssertive": 90.56392987401868, "car_lcCooperative": 0.037061047954035864, "car_lcLookaheadLeft": 77.83968558660104, "car_lcPushy": 0.12564138113773882, "car_lcSigma": 0.6185135669120855, "car_lcSpeedGainRight": 0.051821306676159695, "car_lcSublane": 0.538627282576347, "car_sigma": 0.0030179566195963625, "car_tau_mean": 3.829178249215716, "car_tau_std": 9.054020337027781, "car_v_mean": 20.73547107107631, "car_v_std": 18.30548639829575}, "datetime": {"datetime": "2024-08-08 12:51:31", "elapsed": 279.322819, "delta": 1.388217}}
{"target": -0.34005104797747954, "params": {"bus_acc": 1.4727705173881538, "bus_dcc": 3.5109933466405367, "bus_lcAssertive": 74.66945621558399, "bus_lcCooperative": 0.5905205476471171, "bus_lcLookaheadLeft": 25.803374346557327, "bus_lcPushy": 0.6232471451875841, "bus_lcSigma": 0.638355320741173, "bus_lcSpeedGainRight": 1.6378472205616257, "bus_lcSublane": 0.06748934306754228, "bus_sigma": 0.8805385975643267, "bus_tau_mean": 2.1098485587599045, "bus_tau_std": 7.638727180664299, "bus_v_mean": 12.062217935083835, "bus_v_std": 11.827743645350337, "car_acc": 2.715180641395191, "car_dcc": 2.1463019276474187, "car_lcAssertive": 13.544625000845354, "car_lcCooperative": 0.24426666320897583, "car_lcLookaheadLeft": 9.775475129915257, "car_lcPushy": 0.3028583047175786, "car_lcSigma": 0.7417048002315554, "car_lcSpeedGainRight": 3.0750786248552444, "car_lcSublane": 0.6724110989339258, "car_sigma": 0.00838307952503159, "car_tau_mean": 2.8743194028796197, "car_tau_std": 5.031806905428871, "car_v_mean": 11.694535207746867, "car_v_std": 3.4979301796384443}, "datetime": {"datetime": "2024-08-08 12:51:33", "elapsed": 280.940391, "delta": 1.617572}}
{"target": -0.35711991471672677, "params": {"bus_acc": 1.084318691342045, "bus_dcc": 3.9551366608314082, "bus_lcAssertive": 61.545787204019646, "bus_lcCooperative": 0.3783538388352491, "bus_lcLookaheadLeft": 4.599778408824017, "bus_lcPushy": 0.3898387483749842, "bus_lcSigma": 0.4525586263864343, "bus_lcSpeedGainRight": 4.655015968822514, "bus_lcSublane": 0.27850417183805665, "bus_sigma": 0.6147818910832991, "bus_tau_mean": 2.828089241037677, "bus_tau_std": 1.8596096979633892, "bus_v_mean": 16.092213583782907, "bus_v_std": 15.730015257198698, "car_acc": 1.3863161377136541, "car_dcc": 2.8181058945068864, "car_lcAssertive": 3.5799333361509307, "car_lcCooperative": 0.00704672381007565, "car_lcLookaheadLeft": 7.833803499726993, "car_lcPushy": 0.4814004591490364, "car_lcSigma": 0.9257041086902309, "car_lcSpeedGainRight": 2.027786920695121, "car_lcSublane": 0.07503263933654081, "car_sigma": 0.8613524744830288, "car_tau_mean": 2.317541549146541, "car_tau_std": 3.1893586891742407, "car_v_mean": 23.40851742055481, "car_v_std": 18.765235370047566}, "datetime": {"datetime": "2024-08-08 12:51:35", "elapsed": 282.576171, "delta": 1.63578}}
{"target": -0.3639684832947095, "params": {"bus_acc": 1.023523925778513, "bus_dcc": 3.2048260560518846, "bus_lcAssertive": 44.90688034848957, "bus_lcCooperative": 0.6978416560498484, "bus_lcLookaheadLeft": 20.134248264423647, "bus_lcPushy": 0.06261980198391548, "bus_lcSigma": 0.3781085867830213, "bus_lcSpeedGainRight": 3.47998255222747, "bus_lcSublane": 0.10281836745431583, "bus_sigma": 0.19583423367499242, "bus_tau_mean": 2.0888342764228196, "bus_tau_std": 6.211491896936461, "bus_v_mean": 20.00198796910376, "bus_v_std": 2.194700425713132, "car_acc": 3.4984944286225645, "car_dcc": 2.1620815664334425, "car_lcAssertive": 67.3389465060329, "car_lcCooperative": 0.2035603776619016, "car_lcLookaheadLeft": 53.73604215801165, "car_lcPushy": 0.1721625549559327, "car_lcSigma": 0.018681005996375344, "car_lcSpeedGainRight": 2.4347512321197855, "car_lcSublane": 0.18417777656089307, "car_sigma": 0.6383433300033875, "car_tau_mean": 2.3780118676915154, "car_tau_std": 7.7494537999774575, "car_v_mean": 14.287358442147251, "car_v_std": 19.78904261672506}, "datetime": {"datetime": "2024-08-08 12:51:37", "elapsed": 284.585063, "delta": 2.008892}}
{"target": -0.3382921877033993, "params": {"bus_acc": 1.7399318622033193, "bus_dcc": 3.5327800152252955, "bus_lcAssertive": 98.27638914120345, "bus_lcCooperative": 0.9137396248416316, "bus_lcLookaheadLeft": 36.04220319653566, "bus_lcPushy": 0.7802245796913637, "bus_lcSigma": 0.5464545907014307, "bus_lcSpeedGainRight": 4.082211987779688, "bus_lcSublane": 0.48372695118890585, "bus_sigma": 0.5899512982994037, "bus_tau_mean": 3.255422066334915, "bus_tau_std": 1.0023464310313235, "bus_v_mean": 16.592113869448653, "bus_v_std": 7.319666933393085, "car_acc": 3.417227374675489, "car_dcc": 3.8764075469110013, "car_lcAssertive": 39.889471554699284, "car_lcCooperative": 0.39297299794161644, "car_lcLookaheadLeft": 79.48242537178068, "car_lcPushy": 0.6450783990854264, "car_lcSigma": 0.3938840078553765, "car_lcSpeedGainRight": 3.444775241151257, "car_lcSublane": 0.404001609054379, "car_sigma": 0.1361131542481221, "car_tau_mean": 2.0772514403524704, "car_tau_std": 3.344193926972726, "car_v_mean": 11.487502880978687, "car_v_std": 18.515496032728798}, "datetime": {"datetime": "2024-08-08 12:51:40", "elapsed": 287.712807, "delta": 3.127744}}
{"target": -0.3305031510132609, "params": {"bus_acc": 2.5948621745160336, "bus_dcc": 3.899837477926426, "bus_lcAssertive": 16.253838011403385, "bus_lcCooperative": 0.8950868086486484, "bus_lcLookaheadLeft": 32.479280652714465, "bus_lcPushy": 0.548489089666104, "bus_lcSigma": 0.6820662584328149, "bus_lcSpeedGainRight": 1.1823482566307768, "bus_lcSublane": 0.16773668505027162, "bus_sigma": 0.508482013429616, "bus_tau_mean": 3.2715235645463507, "bus_tau_std": 6.924144621670756, "bus_v_mean": 9.903573394768237, "bus_v_std": 18.01484430143466, "car_acc": 2.91895026819662, "car_dcc": 3.8400300377189427, "car_lcAssertive": 55.789936918578306, "car_lcCooperative": 0.08480182166035288, "car_lcLookaheadLeft": 21.84137749610449, "car_lcPushy": 0.8542379729163827, "car_lcSigma": 0.7059273667647191, "car_lcSpeedGainRight": 4.474697600764621, "car_lcSublane": 0.32914600179429976, "car_sigma": 0.5280013966376261, "car_tau_mean": 2.7763934636944194, "car_tau_std": 5.9429085358666445, "car_v_mean": 11.703406968547965, "car_v_std": 8.536426988964712}, "datetime": {"datetime": "2024-08-08 12:51:41", "elapsed": 289.163616, "delta": 1.450809}}
{"target": -0.3619559254620754, "params": {"bus_acc": 3.473383477311542, "bus_dcc": 2.593863431443174, "bus_lcAssertive": 25.58078217071276, "bus_lcCooperative": 0.2950785752494959, "bus_lcLookaheadLeft": 87.52324416210728, "bus_lcPushy": 0.42166593484970927, "bus_lcSigma": 0.0644302555796068, "bus_lcSpeedGainRight": 4.484925347537913, "bus_lcSublane": 0.20338083282405106, "bus_sigma": 0.8262275354923914, "bus_tau_mean": 3.5861971807898256, "bus_tau_std": 4.867507448183382, "bus_v_mean": 17.57543508967418, "bus_v_std": 10.545349129708338, "car_acc": 3.499285176741996, "car_dcc": 3.5651251640420543, "car_lcAssertive": 28.9318053920812, "car_lcCooperative": 0.8837555081806009, "car_lcLookaheadLeft": 57.63365235167663, "car_lcPushy": 0.11510304096690338, "car_lcSigma": 0.22700116521465796, "car_lcSpeedGainRight": 2.9799119280650688, "car_lcSublane": 0.23944623690468037, "car_sigma": 0.13141566053746057, "car_tau_mean": 1.066466999433423, "car_tau_std": 8.448725182357391, "car_v_mean": 17.634938462283372, "car_v_std": 19.27134174376684}, "datetime": {"datetime": "2024-08-08 12:51:43", "elapsed": 290.819944, "delta": 1.656328}}
{"target": -0.33027643114593574, "params": {"bus_acc": 1.6864427769876968, "bus_dcc": 1.8845050147626223, "bus_lcAssertive": 10.279930931389577, "bus_lcCooperative": 0.3179810316787127, "bus_lcLookaheadLeft": 39.35648414716073, "bus_lcPushy": 0.6327125396187535, "bus_lcSigma": 0.47151993834858275, "bus_lcSpeedGainRight": 3.588344903885235, "bus_lcSublane": 0.26922353350171446, "bus_sigma": 0.17305671918218446, "bus_tau_mean": 1.8269291097137783, "bus_tau_std": 4.380814374278545, "bus_v_mean": 14.754025085053337, "bus_v_std": 18.2713937332305, "car_acc": 2.078268073387817, "car_dcc": 2.0561302080854706, "car_lcAssertive": 22.305756356169372, "car_lcCooperative": 0.37192301140427286, "car_lcLookaheadLeft": 40.20582830144868, "car_lcPushy": 0.5754270571118745, "car_lcSigma": 0.278364978622443, "car_lcSpeedGainRight": 1.2974615425392404, "car_lcSublane": 0.7190613950565239, "car_sigma": 0.9101787075725445, "car_tau_mean": 0.9273388684720454, "car_tau_std": 1.8228897074998485, "car_v_mean": 10.12975431801445, "car_v_std": 13.672153656089943}, "datetime": {"datetime": "2024-08-08 12:51:46", "elapsed": 293.57972, "delta": 2.759776}}
{"target": -0.3478268626437302, "params": {"bus_acc": 4.898961483420329, "bus_dcc": 2.9098132000056918, "bus_lcAssertive": 99.39738943643741, "bus_lcCooperative": 0.5460708041429516, "bus_lcLookaheadLeft": 53.589741522741086, "bus_lcPushy": 0.1354279030721699, "bus_lcSigma": 0.3557051709838811, "bus_lcSpeedGainRight": 0.13109283648186643, "bus_lcSublane": 0.1603951795196491, "bus_sigma": 0.7456371927074961, "bus_tau_mean": 0.6063989147507609, "bus_tau_std": 3.665430972437443, "bus_v_mean": 21.797540045408706, "bus_v_std": 13.853554350147085, "car_acc": 3.763768568264674, "car_dcc": 1.5659104028659327, "car_lcAssertive": 44.74852379409391, "car_lcCooperative": 0.5815774073442912, "car_lcLookaheadLeft": 98.99566735104311, "car_lcPushy": 0.20390622523312185, "car_lcSigma": 0.24773290176235485, "car_lcSpeedGainRight": 1.3108654188645597, "car_lcSublane": 0.7501724132979928, "car_sigma": 0.4569753274356928, "car_tau_mean": 0.6992530344388325, "car_tau_std": 5.085162406102396, "car_v_mean": 11.391362634298815, "car_v_std": 15.972084895204205}, "datetime": {"datetime": "2024-08-08 12:51:47", "elapsed": 295.127196, "delta": 1.547476}}
{"target": -0.38420328327613695, "params": {"bus_acc": 2.6859640417123924, "bus_dcc": 2.665313290025315, "bus_lcAssertive": 97.10345894261806, "bus_lcCooperative": 0.09175383344119148, "bus_lcLookaheadLeft": 28.843973136496388, "bus_lcPushy": 0.10510706908204948, "bus_lcSigma": 0.3904396367376164, "bus_lcSpeedGainRight": 1.4450554159388485, "bus_lcSublane": 0.5133003494679066, "bus_sigma": 0.348256681750747, "bus_tau_mean": 3.7487980638753537, "bus_tau_std": 7.899477963830403, "bus_v_mean": 21.77618189782361, "bus_v_std": 2.590018918857917, "car_acc": 3.3002806679548558, "car_dcc": 1.6443476076545762, "car_lcAssertive": 86.955618572648, "car_lcCooperative": 0.015019421753424078, "car_lcLookaheadLeft": 12.362933082745112, "car_lcPushy": 0.3760570755473156, "car_lcSigma": 0.4020939060931935, "car_lcSpeedGainRight": 1.386100414893413, "car_lcSublane": 0.09606299875993918, "car_sigma": 0.11873040511259358, "car_tau_mean": 1.6128066384656687, "car_tau_std": 9.507928340777205, "car_v_mean": 11.318505037109183, "car_v_std": 14.94560642118445}, "datetime": {"datetime": "2024-08-08 12:51:49", "elapsed": 297.183642, "delta": 2.056446}}
{"target": -0.3859281139462938, "params": {"bus_acc": 1.4472969590064313, "bus_dcc": 2.5931420637616664, "bus_lcAssertive": 81.53913136901502, "bus_lcCooperative": 0.37629418365689815, "bus_lcLookaheadLeft": 45.685903574923074, "bus_lcPushy": 0.7509025596645666, "bus_lcSigma": 0.09834637894842024, "bus_lcSpeedGainRight": 1.8026315249823044, "bus_lcSublane": 0.5637062552864558, "bus_sigma": 0.23858559594258377, "bus_tau_mean": 3.439838201027115, "bus_tau_std": 7.658509922899394, "bus_v_mean": 23.44868127347742, "bus_v_std": 10.459761500274574, "car_acc": 1.4260986319623723, "car_dcc": 3.809851069184461, "car_lcAssertive": 83.58936296013856, "car_lcCooperative": 0.5444181610032376, "car_lcLookaheadLeft": 83.9576231837696, "car_lcPushy": 0.8816909193539424, "car_lcSigma": 0.7760811373668977, "car_lcSpeedGainRight": 2.856269885212087, "car_lcSublane": 0.6152987214660823, "car_sigma": 0.8443906826433587, "car_tau_mean": 2.677758227098768, "car_tau_std": 2.0647995918763162, "car_v_mean": 19.063814776863516, "car_v_std": 10.640275001547632}, "datetime": {"datetime": "2024-08-08 12:51:51", "elapsed": 299.196244, "delta": 2.012602}}
{"target": -0.371869409910958, "params": {"bus_acc": 3.060858784648295, "bus_dcc": 2.436470203556415, "bus_lcAssertive": 75.19480460446479, "bus_lcCooperative": 0.5726882932924154, "bus_lcLookaheadLeft": 37.52160109540249, "bus_lcPushy": 0.48924478546014216, "bus_lcSigma": 0.18913837493884977, "bus_lcSpeedGainRight": 1.9679170714843097, "bus_lcSublane": 0.029961752524048535, "bus_sigma": 0.46252906034220287, "bus_tau_mean": 1.460659394812498, "bus_tau_std": 5.267158603586157, "bus_v_mean": 8.4683539424498, "bus_v_std": 11.10173533044349, "car_acc": 2.171991534513429, "car_dcc": 2.732472043040642, "car_lcAssertive": 73.5442154728753, "car_lcCooperative": 0.44033782679643774, "car_lcLookaheadLeft": 66.98936864243262, "car_lcPushy": 0.23890995487021205, "car_lcSigma": 0.9985990885864799, "car_lcSpeedGainRight": 1.2143926080988376, "car_lcSublane": 0.9408284143815248, "car_sigma": 0.21721975039101793, "car_tau_mean": 2.241475346117736, "car_tau_std": 8.211769648927358, "car_v_mean": 19.465408748715745, "car_v_std": 14.11160824241338}, "datetime": {"datetime": "2024-08-08 12:51:53", "elapsed": 300.697852, "delta": 1.501608}}
{"target": -0.3887304999530396, "params": {"bus_acc": 4.527333923007187, "bus_dcc": 3.621008108070815, "bus_lcAssertive": 98.76437196173971, "bus_lcCooperative": 0.7158319690725937, "bus_lcLookaheadLeft": 87.93460258124786, "bus_lcPushy": 0.3196501118620526, "bus_lcSigma": 0.11117695191980603, "bus_lcSpeedGainRight": 4.326820528911899, "bus_lcSublane": 0.30347259796152504, "bus_sigma": 0.4193322981668862, "bus_tau_mean": 2.7611058997505045, "bus_tau_std": 6.050991341555126, "bus_v_mean": 14.734769352238079, "bus_v_std": 7.723010237411872, "car_acc": 1.4907241674360252, "car_dcc": 2.60158565291025, "car_lcAssertive": 24.052555627155602, "car_lcCooperative": 0.7548078511004613, "car_lcLookaheadLeft": 68.13731724812101, "car_lcPushy": 0.07192696480921446, "car_lcSigma": 0.9892646847358003, "car_lcSpeedGainRight": 3.902284677871706, "car_lcSublane": 0.22782588689059757, "car_sigma": 0.030742818349697054, "car_tau_mean": 2.174301408750945, "car_tau_std": 3.5274243750107406, "car_v_mean": 16.744183989827647, "car_v_std": 13.193279108498421}, "datetime": {"datetime": "2024-08-08 12:51:54", "elapsed": 302.319383, "delta": 1.621531}}
{"target": -0.34807244090863043, "params": {"bus_acc": 2.189325526029089, "bus_dcc": 1.0828180358635109, "bus_lcAssertive": 59.749812496997485, "bus_lcCooperative": 0.8438404289311888, "bus_lcLookaheadLeft": 39.33958015809699, "bus_lcPushy": 0.7498583107261434, "bus_lcSigma": 0.5111414782971282, "bus_lcSpeedGainRight": 2.704759024810943, "bus_lcSublane": 0.9594343210617524, "bus_sigma": 0.8039608914986468, "bus_tau_mean": 0.6131307331825089, "bus_tau_std": 7.0938725123129505, "bus_v_mean": 15.440023705016097, "bus_v_std": 18.950978827901995, "car_acc": 1.8857309372939532, "car_dcc": 1.8012160590530972, "car_lcAssertive": 9.065922522848938, "car_lcCooperative": 0.42861882866378653, "car_lcLookaheadLeft": 12.683838873868693, "car_lcPushy": 0.6337867606119179, "car_lcSigma": 0.8029632373737379, "car_lcSpeedGainRight": 3.4840024806008922, "car_lcSublane": 0.7662113810757705, "car_sigma": 0.3424541198435198, "car_tau_mean": 3.4604801905968716, "car_tau_std": 4.287687749994426, "car_v_mean": 21.184157926597102, "car_v_std": 12.529923172485875}, "datetime": {"datetime": "2024-08-08 12:51:55", "elapsed": 303.373193, "delta": 1.05381}}
{"target": -0.3473507653419028, "params": {"bus_acc": 2.297449838904746, "bus_dcc": 3.618767129200333, "bus_lcAssertive": 84.6262511526049, "bus_lcCooperative": 0.5384405925945437, "bus_lcLookaheadLeft": 86.92761086831827, "bus_lcPushy": 0.9498059913536265, "bus_lcSigma": 0.8264069976293413, "bus_lcSpeedGainRight": 4.270577219182694, "bus_lcSublane": 0.09874340182034835, "bus_sigma": 0.651304332340991, "bus_tau_mean": 2.9623094585342855, "bus_tau_std": 6.102408126466297, "bus_v_mean": 20.79384418777645, "bus_v_std": 0.691424397432685, "car_acc": 4.08095493821992, "car_dcc": 3.195185802218581, "car_lcAssertive": 26.710140936536956, "car_lcCooperative": 0.2570692988221467, "car_lcLookaheadLeft": 63.965725108152526, "car_lcPushy": 0.34529746159108154, "car_lcSigma": 0.7965886780072875, "car_lcSpeedGainRight": 2.230731160017286, "car_lcSublane": 0.7827494147841719, "car_sigma": 0.9904717836238407, "car_tau_mean": 1.5508691883686503, "car_tau_std": 1.4300582825809938, "car_v_mean": 22.42093498158838, "car_v_std": 10.831187577747466}, "datetime": {"datetime": "2024-08-08 12:51:57", "elapsed": 304.987363, "delta": 1.61417}}
