{"target": -0.3222035731653733, "params": {"bus_acc": 2.3173, "bus_dcc": 1.5953, "bus_lcAssertive": 2.2842, "bus_lcCooperative": 0.1479, "bus_lcLookaheadLeft": 90.2495, "bus_lcPushy": 0.5244, "bus_lcSigma": 0.2079, "bus_lcSpeedGainRight": 1.279, "bus_lcSublane": 0.6975, "bus_sigma": 0.3578, "bus_tau_mean": 1.6695, "bus_tau_std": 6.0759, "bus_v_mean": 18.1791, "bus_v_std": 9.4282, "car_acc": 2.4288, "car_dcc": 3.8606, "car_lcAssertive": 54.231, "car_lcCooperative": 0.66, "car_lcLookaheadLeft": 70.7176, "car_lcPushy": 0.1217, "car_lcSigma": 0.6687, "car_lcSpeedGainRight": 4.9678, "car_lcSublane": 0.8193, "car_sigma": 0.4504, "car_tau_mean": 2.4095, "car_tau_std": 0.792, "car_v_mean": 9.6582, "car_v_std": 0.6732}, "datetime": {"datetime": "2024-08-08 13:42:00", "elapsed": 3308.176205, "delta": 2.953323}}
{"target": -0.3254758740522866, "params": {"bus_acc": 3.5931, "bus_dcc": 1.3043, "bus_lcAssertive": 92.7607, "bus_lcCooperative": 0.3831, "bus_lcLookaheadLeft": 50.0743, "bus_lcPushy": 0.4586, "bus_lcSigma": 0.0884, "bus_lcSpeedGainRight": 1.6804, "bus_lcSublane": 0.8698, "bus_sigma": 0.2502, "bus_tau_mean": 3.8428, "bus_tau_std": 0.8966, "bus_v_mean": 11.9335, "bus_v_std": 0.6198, "car_acc": 3.8017, "car_dcc": 1.3281, "car_lcAssertive": 99.4367, "car_lcCooperative": 0.0309, "car_lcLookaheadLeft": 28.1172, "car_lcPushy": 0.3728, "car_lcSigma": 0.6735, "car_lcSpeedGainRight": 1.6926, "car_lcSublane": 0.6515, "car_sigma": 0.5345, "car_tau_mean": 3.4245, "car_tau_std": 9.063, "car_v_mean": 11.7828, "car_v_std": 7.961}, "datetime": {"datetime": "2024-08-08 13:42:05", "elapsed": 3313.026779, "delta": 4.850574}}
{"target": -0.3189516287819961, "params": {"bus_acc": 4.6988, "bus_dcc": 1.5654, "bus_lcAssertive": 31.3214, "bus_lcCooperative": 0.9183, "bus_lcLookaheadLeft": 98.6191, "bus_lcPushy": 0.1898, "bus_lcSigma": 0.8653, "bus_lcSpeedGainRight": 4.0232, "bus_lcSublane": 0.9792, "bus_sigma": 0.7202, "bus_tau_mean": 3.9907, "bus_tau_std": 7.2016, "bus_v_mean": 14.4732, "bus_v_std": 1.9741, "car_acc": 1.5208, "car_dcc": 2.7566, "car_lcAssertive": 1.0446, "car_lcCooperative": 0.5489, "car_lcLookaheadLeft": 87.724, "car_lcPushy": 0.8058, "car_lcSigma": 0.6399, "car_lcSpeedGainRight": 1.2122, "car_lcSublane": 0.1445, "car_sigma": 0.9204, "car_tau_mean": 2.7523, "car_tau_std": 6.1858, "car_v_mean": 17.9584, "car_v_std": 0.4595}, "datetime": {"datetime": "2024-08-08 13:42:06", "elapsed": 3314.376368, "delta": 1.349589}}
{"target": -0.3674018787922693, "params": {"bus_acc": 1.1946, "bus_dcc": 3.3955, "bus_lcAssertive": 48.1298, "bus_lcCooperative": 0.8505, "bus_lcLookaheadLeft": 10.5461, "bus_lcPushy": 0.4934, "bus_lcSigma": 0.2469, "bus_lcSpeedGainRight": 3.2483, "bus_lcSublane": 0.9265, "bus_sigma": 0.3053, "bus_tau_mean": 1.8455, "bus_tau_std": 9.0622, "bus_v_mean": 16.2296, "bus_v_std": 0.5079, "car_acc": 4.8219, "car_dcc": 1.1519, "car_lcAssertive": 37.5542, "car_lcCooperative": 0.6927, "car_lcLookaheadLeft": 8.8105, "car_lcPushy": 0.2022, "car_lcSigma": 0.6409, "car_lcSpeedGainRight": 4.0462, "car_lcSublane": 0.8755, "car_sigma": 0.0194, "car_tau_mean": 3.7781, "car_tau_std": 5.9293, "car_v_mean": 9.4735, "car_v_std": 7.0094}, "datetime": {"datetime": "2024-08-08 13:42:09", "elapsed": 3316.643759, "delta": 2.267391}}
{"target": -0.352735415198253, "params": {"bus_acc": 3.1536, "bus_dcc": 3.9836, "bus_lcAssertive": 89.7144, "bus_lcCooperative": 0.6354, "bus_lcLookaheadLeft": 33.4935, "bus_lcPushy": 0.6945, "bus_lcSigma": 0.612, "bus_lcSpeedGainRight": 0.2917, "bus_lcSublane": 0.0066, "bus_sigma": 0.7765, "bus_tau_mean": 2.8898, "bus_tau_std": 3.8632, "bus_v_mean": 15.3897, "bus_v_std": 8.2274, "car_acc": 1.7801, "car_dcc": 1.1565, "car_lcAssertive": 11.7344, "car_lcCooperative": 0.5456, "car_lcLookaheadLeft": 98.073, "car_lcPushy": 0.0514, "car_lcSigma": 0.5963, "car_lcSpeedGainRight": 2.4172, "car_lcSublane": 0.7003, "car_sigma": 0.0221, "car_tau_mean": 1.5752, "car_tau_std": 3.1075, "car_v_mean": 23.3664, "car_v_std": 4.3996}, "datetime": {"datetime": "2024-08-08 13:42:12", "elapsed": 3319.746549, "delta": 3.10279}}
{"target": -0.30205205181950345, "params": {"bus_acc": 4.1957, "bus_dcc": 1.2819, "bus_lcAssertive": 70.9481, "bus_lcCooperative": 0.3885, "bus_lcLookaheadLeft": 74.3151, "bus_lcPushy": 0.3805, "bus_lcSigma": 0.8834, "bus_lcSpeedGainRight": 4.8446, "bus_lcSublane": 0.4609, "bus_sigma": 0.4785, "bus_tau_mean": 1.2443, "bus_tau_std": 0.0665, "bus_v_mean": 10.006, "bus_v_std": 18.1391, "car_acc": 3.4216, "car_dcc": 1.3172, "car_lcAssertive": 23.8344, "car_lcCooperative": 0.1848, "car_lcLookaheadLeft": 82.437, "car_lcPushy": 0.2964, "car_lcSigma": 0.5707, "car_lcSpeedGainRight": 1.5889, "car_lcSublane": 0.8833, "car_sigma": 0.6848, "car_tau_mean": 0.6439, "car_tau_std": 5.9691, "car_v_mean": 22.3753, "car_v_std": 15.934}, "datetime": {"datetime": "2024-08-08 13:42:14", "elapsed": 3321.868092, "delta": 2.121543}}
{"target": -0.3255828987259427, "params": {"bus_acc": 1.4932, "bus_dcc": 1.4829, "bus_lcAssertive": 26.5247, "bus_lcCooperative": 0.4083, "bus_lcLookaheadLeft": 52.5397, "bus_lcPushy": 0.4324, "bus_lcSigma": 0.6132, "bus_lcSpeedGainRight": 0.8795, "bus_lcSublane": 0.7303, "bus_sigma": 0.9753, "bus_tau_mean": 2.0993, "bus_tau_std": 9.3538, "bus_v_mean": 17.5362, "bus_v_std": 14.0004, "car_acc": 4.4847, "car_dcc": 1.1402, "car_lcAssertive": 50.3945, "car_lcCooperative": 0.6838, "car_lcLookaheadLeft": 69.5722, "car_lcPushy": 0.6308, "car_lcSigma": 0.9936, "car_lcSpeedGainRight": 4.8401, "car_lcSublane": 0.1585, "car_sigma": 0.5806, "car_tau_mean": 1.387, "car_tau_std": 9.1238, "car_v_mean": 11.4366, "car_v_std": 19.6117}, "datetime": {"datetime": "2024-08-08 13:42:16", "elapsed": 3323.634228, "delta": 1.766136}}
{"target": -0.3900804861807265, "params": {"bus_acc": 3.8174, "bus_dcc": 3.7499, "bus_lcAssertive": 26.2788, "bus_lcCooperative": 0.3234, "bus_lcLookaheadLeft": 90.632, "bus_lcPushy": 0.538, "bus_lcSigma": 0.8259, "bus_lcSpeedGainRight": 3.4666, "bus_lcSublane": 0.5354, "bus_sigma": 0.5624, "bus_tau_mean": 2.4223, "bus_tau_std": 6.0952, "bus_v_mean": 9.3612, "bus_v_std": 9.4636, "car_acc": 2.1913, "car_dcc": 2.5987, "car_lcAssertive": 82.2684, "car_lcCooperative": 0.6911, "car_lcLookaheadLeft": 33.3205, "car_lcPushy": 0.7208, "car_lcSigma": 0.4133, "car_lcSpeedGainRight": 1.8296, "car_lcSublane": 0.7742, "car_sigma": 0.7591, "car_tau_mean": 2.934, "car_tau_std": 5.1543, "car_v_mean": 10.3048, "car_v_std": 4.5921}, "datetime": {"datetime": "2024-08-08 13:42:17", "elapsed": 3325.346319, "delta": 1.712091}}
{"target": -0.34738750405638696, "params": {"bus_acc": 2.8816, "bus_dcc": 3.7616, "bus_lcAssertive": 70.9911, "bus_lcCooperative": 0.5747, "bus_lcLookaheadLeft": 16.9872, "bus_lcPushy": 0.4816, "bus_lcSigma": 0.5515, "bus_lcSpeedGainRight": 2.6613, "bus_lcSublane": 0.9172, "bus_sigma": 0.4865, "bus_tau_mean": 1.1487, "bus_tau_std": 0.9001, "bus_v_mean": 19.9583, "bus_v_std": 10.8623, "car_acc": 2.4732, "car_dcc": 2.4389, "car_lcAssertive": 86.7376, "car_lcCooperative": 0.9619, "car_lcLookaheadLeft": 67.6527, "car_lcPushy": 0.7531, "car_lcSigma": 0.5909, "car_lcSpeedGainRight": 0.1707, "car_lcSublane": 0.1397, "car_sigma": 0.9309, "car_tau_mean": 3.4797, "car_tau_std": 7.1989, "car_v_mean": 14.7958, "car_v_std": 17.226}, "datetime": {"datetime": "2024-08-08 13:42:19", "elapsed": 3327.139262, "delta": 1.792943}}
{"target": -0.4231104497005609, "params": {"bus_acc": 4.7301, "bus_dcc": 1.5078, "bus_lcAssertive": 33.0094, "bus_lcCooperative": 0.8623, "bus_lcLookaheadLeft": 59.174, "bus_lcPushy": 0.1931, "bus_lcSigma": 0.9154, "bus_lcSpeedGainRight": 3.8271, "bus_lcSublane": 0.1554, "bus_sigma": 0.4932, "bus_tau_mean": 3.0451, "bus_tau_std": 7.8564, "bus_v_mean": 9.0078, "bus_v_std": 8.0001, "car_acc": 1.1722, "car_dcc": 1.823, "car_lcAssertive": 36.4652, "car_lcCooperative": 0.6362, "car_lcLookaheadLeft": 96.8009, "car_lcPushy": 0.7709, "car_lcSigma": 0.7204, "car_lcSpeedGainRight": 4.7001, "car_lcSublane": 0.0374, "car_sigma": 0.9621, "car_tau_mean": 3.8033, "car_tau_std": 5.1161, "car_v_mean": 9.3132, "car_v_std": 17.394}, "datetime": {"datetime": "2024-08-08 13:42:20", "elapsed": 3328.246824, "delta": 1.107562}}
{"target": -0.33672586585169495, "params": {"bus_acc": 1.6993, "bus_dcc": 2.3641, "bus_lcAssertive": 40.5021, "bus_lcCooperative": 0.7026, "bus_lcLookaheadLeft": 8.7352, "bus_lcPushy": 0.8854, "bus_lcSigma": 0.5133, "bus_lcSpeedGainRight": 3.4215, "bus_lcSublane": 0.001, "bus_sigma": 0.5445, "bus_tau_mean": 2.3966, "bus_tau_std": 6.9244, "bus_v_mean": 15.5869, "bus_v_std": 19.1033, "car_acc": 4.6984, "car_dcc": 3.2903, "car_lcAssertive": 10.3805, "car_lcCooperative": 0.9915, "car_lcLookaheadLeft": 82.7015, "car_lcPushy": 0.2377, "car_lcSigma": 0.2753, "car_lcSpeedGainRight": 3.6425, "car_lcSublane": 0.285, "car_sigma": 0.9085, "car_tau_mean": 3.0373, "car_tau_std": 6.3785, "car_v_mean": 15.098, "car_v_std": 2.0496}, "datetime": {"datetime": "2024-08-08 13:42:25", "elapsed": 3332.851665, "delta": 4.604841}}
{"target": -0.346883539110588, "params": {"bus_acc": 4.1207, "bus_dcc": 3.9314, "bus_lcAssertive": 15.8713, "bus_lcCooperative": 0.7577, "bus_lcLookaheadLeft": 16.4093, "bus_lcPushy": 0.7356, "bus_lcSigma": 0.4228, "bus_lcSpeedGainRight": 3.9667, "bus_lcSublane": 0.3687, "bus_sigma": 0.2623, "bus_tau_mean": 2.1333, "bus_tau_std": 4.5263, "bus_v_mean": 10.3916, "bus_v_std": 4.0693, "car_acc": 2.2612, "car_dcc": 1.7912, "car_lcAssertive": 39.518, "car_lcCooperative": 0.3219, "car_lcLookaheadLeft": 75.9241, "car_lcPushy": 0.5507, "car_lcSigma": 0.1933, "car_lcSpeedGainRight": 2.8515, "car_lcSublane": 0.6742, "car_sigma": 0.1393, "car_tau_mean": 3.4947, "car_tau_std": 4.4071, "car_v_mean": 8.0107, "car_v_std": 11.1491}, "datetime": {"datetime": "2024-08-08 13:42:26", "elapsed": 3334.431613, "delta": 1.579948}}
{"target": -0.454108670560617, "params": {"bus_acc": 2.7243, "bus_dcc": 2.8174, "bus_lcAssertive": 5.4788, "bus_lcCooperative": 0.1478, "bus_lcLookaheadLeft": 93.6492, "bus_lcPushy": 0.5614, "bus_lcSigma": 0.8082, "bus_lcSpeedGainRight": 4.0158, "bus_lcSublane": 0.5773, "bus_sigma": 0.8185, "bus_tau_mean": 1.0522, "bus_tau_std": 3.7731, "bus_v_mean": 18.8323, "bus_v_std": 18.0438, "car_acc": 2.2679, "car_dcc": 1.1005, "car_lcAssertive": 36.8763, "car_lcCooperative": 0.3006, "car_lcLookaheadLeft": 93.4662, "car_lcPushy": 0.1343, "car_lcSigma": 0.3892, "car_lcSpeedGainRight": 0.5804, "car_lcSublane": 0.3547, "car_sigma": 0.9949, "car_tau_mean": 1.2687, "car_tau_std": 3.9739, "car_v_mean": 20.1925, "car_v_std": 2.5698}, "datetime": {"datetime": "2024-08-08 13:42:29", "elapsed": 3336.802016, "delta": 2.370403}}
{"target": -0.3481029940510987, "params": {"bus_acc": 2.874, "bus_dcc": 3.332, "bus_lcAssertive": 34.9314, "bus_lcCooperative": 0.9945, "bus_lcLookaheadLeft": 25.3113, "bus_lcPushy": 0.8963, "bus_lcSigma": 0.4838, "bus_lcSpeedGainRight": 0.7076, "bus_lcSublane": 0.728, "bus_sigma": 0.3973, "bus_tau_mean": 3.1632, "bus_tau_std": 4.9743, "bus_v_mean": 20.4981, "bus_v_std": 18.7034, "car_acc": 2.0089, "car_dcc": 2.6854, "car_lcAssertive": 64.8835, "car_lcCooperative": 0.2435, "car_lcLookaheadLeft": 46.3076, "car_lcPushy": 0.9146, "car_lcSigma": 0.8152, "car_lcSpeedGainRight": 2.4391, "car_lcSublane": 0.0429, "car_sigma": 0.2401, "car_tau_mean": 1.9205, "car_tau_std": 2.5063, "car_v_mean": 15.5453, "car_v_std": 4.4197}, "datetime": {"datetime": "2024-08-08 13:42:30", "elapsed": 3338.326145, "delta": 1.524129}}
{"target": -0.34491948903567093, "params": {"bus_acc": 2.4831, "bus_dcc": 3.7093, "bus_lcAssertive": 93.2326, "bus_lcCooperative": 0.8525, "bus_lcLookaheadLeft": 34.2533, "bus_lcPushy": 0.1563, "bus_lcSigma": 0.5679, "bus_lcSpeedGainRight": 1.0845, "bus_lcSublane": 0.9503, "bus_sigma": 0.0293, "bus_tau_mean": 2.8517, "bus_tau_std": 0.917, "bus_v_mean": 13.1194, "bus_v_std": 5.4647, "car_acc": 2.245, "car_dcc": 3.3003, "car_lcAssertive": 32.2695, "car_lcCooperative": 0.1624, "car_lcLookaheadLeft": 42.0137, "car_lcPushy": 0.36, "car_lcSigma": 0.0271, "car_lcSpeedGainRight": 3.152, "car_lcSublane": 0.028, "car_sigma": 0.6857, "car_tau_mean": 3.7409, "car_tau_std": 2.0185, "car_v_mean": 17.1807, "car_v_std": 14.8934}, "datetime": {"datetime": "2024-08-08 13:42:32", "elapsed": 3339.775707, "delta": 1.449562}}
{"target": -0.34150059613028283, "params": {"bus_acc": 2.8858, "bus_dcc": 2.328, "bus_lcAssertive": 75.879, "bus_lcCooperative": 0.4322, "bus_lcLookaheadLeft": 53.8477, "bus_lcPushy": 0.2134, "bus_lcSigma": 0.1474, "bus_lcSpeedGainRight": 3.2563, "bus_lcSublane": 0.7383, "bus_sigma": 0.2793, "bus_tau_mean": 3.4803, "bus_tau_std": 8.5444, "bus_v_mean": 20.2099, "bus_v_std": 8.5067, "car_acc": 2.9595, "car_dcc": 3.6781, "car_lcAssertive": 83.284, "car_lcCooperative": 0.396, "car_lcLookaheadLeft": 97.341, "car_lcPushy": 0.8404, "car_lcSigma": 0.2521, "car_lcSpeedGainRight": 0.8222, "car_lcSublane": 0.4072, "car_sigma": 0.9387, "car_tau_mean": 2.7225, "car_tau_std": 6.9453, "car_v_mean": 9.2927, "car_v_std": 6.3916}, "datetime": {"datetime": "2024-08-08 13:42:40", "elapsed": 3347.536583, "delta": 7.760876}}
{"target": -0.3688753942924472, "params": {"bus_acc": 2.4866, "bus_dcc": 1.6265, "bus_lcAssertive": 93.8896, "bus_lcCooperative": 0.5201, "bus_lcLookaheadLeft": 93.0335, "bus_lcPushy": 0.7954, "bus_lcSigma": 0.8091, "bus_lcSpeedGainRight": 1.6163, "bus_lcSublane": 0.9202, "bus_sigma": 0.7778, "bus_tau_mean": 3.3822, "bus_tau_std": 4.0476, "bus_v_mean": 23.424, "bus_v_std": 9.8628, "car_acc": 1.624, "car_dcc": 2.5642, "car_lcAssertive": 91.1407, "car_lcCooperative": 0.8285, "car_lcLookaheadLeft": 8.3667, "car_lcPushy": 0.4739, "car_lcSigma": 0.1607, "car_lcSpeedGainRight": 4.7, "car_lcSublane": 0.8732, "car_sigma": 0.7508, "car_tau_mean": 1.0439, "car_tau_std": 2.3939, "car_v_mean": 13.0022, "car_v_std": 18.1589}, "datetime": {"datetime": "2024-08-08 13:42:41", "elapsed": 3349.449318, "delta": 1.912735}}
{"target": -0.333716692519585, "params": {"bus_acc": 4.5076, "bus_dcc": 3.3677, "bus_lcAssertive": 57.5506, "bus_lcCooperative": 0.9824, "bus_lcLookaheadLeft": 23.2788, "bus_lcPushy": 0.1111, "bus_lcSigma": 0.3564, "bus_lcSpeedGainRight": 0.7676, "bus_lcSublane": 0.3301, "bus_sigma": 0.4755, "bus_tau_mean": 2.7821, "bus_tau_std": 5.1991, "bus_v_mean": 12.8535, "bus_v_std": 11.1018, "car_acc": 3.7307, "car_dcc": 2.7217, "car_lcAssertive": 25.5072, "car_lcCooperative": 0.6779, "car_lcLookaheadLeft": 86.5944, "car_lcPushy": 0.6978, "car_lcSigma": 0.5206, "car_lcSpeedGainRight": 4.2405, "car_lcSublane": 0.6178, "car_sigma": 0.1198, "car_tau_mean": 3.3926, "car_tau_std": 5.6792, "car_v_mean": 17.1366, "car_v_std": 18.8279}, "datetime": {"datetime": "2024-08-08 13:42:44", "elapsed": 3352.092419, "delta": 2.643101}}
{"target": -0.3628914018392887, "params": {"bus_acc": 4.0171, "bus_dcc": 3.2894, "bus_lcAssertive": 69.5562, "bus_lcCooperative": 0.7444, "bus_lcLookaheadLeft": 13.844, "bus_lcPushy": 0.6841, "bus_lcSigma": 0.7966, "bus_lcSpeedGainRight": 0.6359, "bus_lcSublane": 0.6026, "bus_sigma": 0.2084, "bus_tau_mean": 0.8353, "bus_tau_std": 1.5582, "bus_v_mean": 12.5048, "bus_v_std": 10.7958, "car_acc": 4.9013, "car_dcc": 2.6779, "car_lcAssertive": 1.1989, "car_lcCooperative": 0.3527, "car_lcLookaheadLeft": 74.4804, "car_lcPushy": 0.9193, "car_lcSigma": 0.7, "car_lcSpeedGainRight": 2.2318, "car_lcSublane": 0.1985, "car_sigma": 0.0751, "car_tau_mean": 2.4578, "car_tau_std": 2.9359, "car_v_mean": 23.8676, "car_v_std": 16.4639}, "datetime": {"datetime": "2024-08-08 13:42:45", "elapsed": 3353.431787, "delta": 1.339368}}
{"target": -0.3465290140520858, "params": {"bus_acc": 2.1312, "bus_dcc": 3.3179, "bus_lcAssertive": 44.2132, "bus_lcCooperative": 0.7916, "bus_lcLookaheadLeft": 38.6244, "bus_lcPushy": 0.1161, "bus_lcSigma": 0.3765, "bus_lcSpeedGainRight": 2.4746, "bus_lcSublane": 0.8593, "bus_sigma": 0.484, "bus_tau_mean": 1.4312, "bus_tau_std": 8.5971, "bus_v_mean": 18.9649, "bus_v_std": 12.422, "car_acc": 4.4232, "car_dcc": 3.8704, "car_lcAssertive": 36.8974, "car_lcCooperative": 0.0541, "car_lcLookaheadLeft": 29.2014, "car_lcPushy": 0.5466, "car_lcSigma": 0.3538, "car_lcSpeedGainRight": 4.1283, "car_lcSublane": 0.4337, "car_sigma": 0.051, "car_tau_mean": 3.9835, "car_tau_std": 5.6801, "car_v_mean": 14.0826, "car_v_std": 9.6481}, "datetime": {"datetime": "2024-08-08 13:42:47", "elapsed": 3354.969899, "delta": 1.538112}}
{"target": -0.3270487512130031, "params": {"bus_acc": 3.6289, "bus_dcc": 2.4321, "bus_lcAssertive": 3.3111, "bus_lcCooperative": 0.9376, "bus_lcLookaheadLeft": 13.0592, "bus_lcPushy": 0.0515, "bus_lcSigma": 0.4687, "bus_lcSpeedGainRight": 3.759, "bus_lcSublane": 0.6211, "bus_sigma": 0.8593, "bus_tau_mean": 2.9328, "bus_tau_std": 6.1931, "bus_v_mean": 9.189, "bus_v_std": 18.1029, "car_acc": 1.3296, "car_dcc": 2.3619, "car_lcAssertive": 5.1473, "car_lcCooperative": 0.3368, "car_lcLookaheadLeft": 45.8609, "car_lcPushy": 0.6843, "car_lcSigma": 0.3511, "car_lcSpeedGainRight": 2.7734, "car_lcSublane": 0.9721, "car_sigma": 0.0741, "car_tau_mean": 2.5108, "car_tau_std": 0.9445, "car_v_mean": 17.6638, "car_v_std": 0.5757}, "datetime": {"datetime": "2024-08-08 13:42:49", "elapsed": 3357.257339, "delta": 2.28744}}
{"target": -0.396754727304541, "params": {"bus_acc": 3.0672, "bus_dcc": 3.3911, "bus_lcAssertive": 42.4997, "bus_lcCooperative": 0.8998, "bus_lcLookaheadLeft": 51.0099, "bus_lcPushy": 0.7017, "bus_lcSigma": 0.0865, "bus_lcSpeedGainRight": 2.0195, "bus_lcSublane": 0.9321, "bus_sigma": 0.1164, "bus_tau_mean": 3.8081, "bus_tau_std": 3.7993, "bus_v_mean": 18.0217, "bus_v_std": 12.7858, "car_acc": 2.7722, "car_dcc": 3.9609, "car_lcAssertive": 60.1981, "car_lcCooperative": 0.8241, "car_lcLookaheadLeft": 52.7742, "car_lcPushy": 0.4986, "car_lcSigma": 0.7338, "car_lcSpeedGainRight": 2.5272, "car_lcSublane": 0.6255, "car_sigma": 0.7339, "car_tau_mean": 1.7251, "car_tau_std": 8.7381, "car_v_mean": 20.2842, "car_v_std": 3.4332}, "datetime": {"datetime": "2024-08-08 13:42:51", "elapsed": 3358.588753, "delta": 1.331414}}
{"target": -0.3414708645384534, "params": {"bus_acc": 1.6933, "bus_dcc": 1.2763, "bus_lcAssertive": 65.4387, "bus_lcCooperative": 0.864, "bus_lcLookaheadLeft": 73.2008, "bus_lcPushy": 0.0674, "bus_lcSigma": 0.1444, "bus_lcSpeedGainRight": 2.1197, "bus_lcSublane": 0.6948, "bus_sigma": 0.5765, "bus_tau_mean": 1.9336, "bus_tau_std": 5.7132, "bus_v_mean": 12.489, "bus_v_std": 5.6682, "car_acc": 1.2533, "car_dcc": 2.9852, "car_lcAssertive": 29.4795, "car_lcCooperative": 0.5674, "car_lcLookaheadLeft": 87.7198, "car_lcPushy": 0.234, "car_lcSigma": 0.0998, "car_lcSpeedGainRight": 1.7021, "car_lcSublane": 0.7014, "car_sigma": 0.757, "car_tau_mean": 2.5566, "car_tau_std": 7.8665, "car_v_mean": 19.64, "car_v_std": 6.0231}, "datetime": {"datetime": "2024-08-08 13:42:52", "elapsed": 3360.489148, "delta": 1.900395}}
{"target": -0.3364886080907503, "params": {"bus_acc": 1.524, "bus_dcc": 1.6236, "bus_lcAssertive": 57.9607, "bus_lcCooperative": 0.2153, "bus_lcLookaheadLeft": 40.5018, "bus_lcPushy": 0.95, "bus_lcSigma": 0.0913, "bus_lcSpeedGainRight": 4.1778, "bus_lcSublane": 0.6829, "bus_sigma": 0.6161, "bus_tau_mean": 2.4209, "bus_tau_std": 9.8962, "bus_v_mean": 15.2297, "bus_v_std": 12.0731, "car_acc": 3.4372, "car_dcc": 3.5302, "car_lcAssertive": 85.738, "car_lcCooperative": 0.9345, "car_lcLookaheadLeft": 94.2614, "car_lcPushy": 0.5162, "car_lcSigma": 0.6937, "car_lcSpeedGainRight": 1.9384, "car_lcSublane": 0.4362, "car_sigma": 0.0367, "car_tau_mean": 3.6277, "car_tau_std": 3.0871, "car_v_mean": 23.4469, "car_v_std": 14.5047}, "datetime": {"datetime": "2024-08-08 13:42:55", "elapsed": 3363.105388, "delta": 2.61624}}
{"target": -0.3223180789236596, "params": {"bus_acc": 1.5467, "bus_dcc": 3.435, "bus_lcAssertive": 62.1377, "bus_lcCooperative": 0.6638, "bus_lcLookaheadLeft": 16.0959, "bus_lcPushy": 0.5219, "bus_lcSigma": 0.0191, "bus_lcSpeedGainRight": 4.6272, "bus_lcSublane": 0.4298, "bus_sigma": 0.532, "bus_tau_mean": 2.1218, "bus_tau_std": 5.7249, "bus_v_mean": 11.2319, "bus_v_std": 19.0315, "car_acc": 2.9798, "car_dcc": 2.0793, "car_lcAssertive": 64.0266, "car_lcCooperative": 0.9255, "car_lcLookaheadLeft": 23.5535, "car_lcPushy": 0.3662, "car_lcSigma": 0.9886, "car_lcSpeedGainRight": 2.3697, "car_lcSublane": 0.3101, "car_sigma": 0.3523, "car_tau_mean": 2.8517, "car_tau_std": 0.5268, "car_v_mean": 22.0069, "car_v_std": 11.1966}, "datetime": {"datetime": "2024-08-08 13:42:57", "elapsed": 3364.803247, "delta": 1.697859}}
{"target": -0.35494368409063337, "params": {"bus_acc": 2.7467, "bus_dcc": 3.1624, "bus_lcAssertive": 88.5568, "bus_lcCooperative": 0.2054, "bus_lcLookaheadLeft": 13.3418, "bus_lcPushy": 0.6724, "bus_lcSigma": 0.7998, "bus_lcSpeedGainRight": 4.9021, "bus_lcSublane": 0.0212, "bus_sigma": 0.271, "bus_tau_mean": 3.6978, "bus_tau_std": 6.5669, "bus_v_mean": 22.0347, "bus_v_std": 3.0648, "car_acc": 4.6058, "car_dcc": 3.7574, "car_lcAssertive": 59.8262, "car_lcCooperative": 0.1507, "car_lcLookaheadLeft": 57.3756, "car_lcPushy": 0.8282, "car_lcSigma": 0.9678, "car_lcSpeedGainRight": 1.7399, "car_lcSublane": 0.7563, "car_sigma": 0.6837, "car_tau_mean": 1.1852, "car_tau_std": 8.2619, "car_v_mean": 17.2462, "car_v_std": 11.4172}, "datetime": {"datetime": "2024-08-08 13:42:59", "elapsed": 3366.625269, "delta": 1.822022}}
