{"target": -0.04153330999633221, "params": {"bus_acc": 2.4622752063979334, "bus_dcc": 2.6364135056461584, "bus_lcAssertive": 61.0470076211378, "bus_lcCooperative": 0.029782944129560285, "bus_lcLookaheadLeft": 16.3812432165564, "bus_lcPushy": 0.28398322546618515, "bus_lcSublane": 0.0048720479536060735, "bus_tau_mean": 2.8420522922899787, "bus_tau_std": 8.702579489225982, "bus_v_mean": 16.751492948339852, "bus_v_std": 5.4316404751920375, "car_acc": 2.231451857226075, "car_dcc": 1.9065445012474125, "car_lcAssertive": 37.306466184433226, "car_lcCooperative": 0.5749397272777665, "car_lcLookaheadLeft": 81.30322520429976, "car_lcPushy": 0.2015966344081711, "car_lcSublane": 0.32752405584828914, "car_tau_mean": 3.1002243763639394, "car_tau_std": 3.4092024913234207, "car_v_mean": 8.76177485930488, "car_v_std": 1.5635692867625162}, "datetime": {"datetime": "2024-08-04 19:41:16", "elapsed": 9580.693118, "delta": 4.165615}}
{"target": -0.05854675520529941, "params": {"bus_acc": 1.6447149782654213, "bus_dcc": 1.745272738990597, "bus_lcAssertive": 50.05400315475811, "bus_lcCooperative": 0.8244596107976835, "bus_lcLookaheadLeft": 85.68929666433324, "bus_lcPushy": 0.5958299420587015, "bus_lcSublane": 0.24017373383106666, "bus_tau_mean": 1.1527244089543984, "bus_tau_std": 7.43390512402039, "bus_v_mean": 11.795424922296762, "bus_v_std": 5.394908909265497, "car_acc": 2.4985615742543836, "car_dcc": 1.6847473138461577, "car_lcAssertive": 18.27561756970166, "car_lcCooperative": 0.03973568657585125, "car_lcLookaheadLeft": 16.461746094594858, "car_lcPushy": 0.8514389069469908, "car_lcSublane": 0.10463591174495857, "car_tau_mean": 1.2827576593456123, "car_tau_std": 0.3275719974597713, "car_v_mean": 18.821706167220455, "car_v_std": 2.3170314146471958}, "datetime": {"datetime": "2024-08-04 19:41:20", "elapsed": 9585.511006, "delta": 4.817888}}
{"target": -0.04997928207213518, "params": {"bus_acc": 1.8974745176486438, "bus_dcc": 3.1129401951517286, "bus_lcAssertive": 68.48288842265967, "bus_lcCooperative": 0.6971485287527562, "bus_lcLookaheadLeft": 62.622872771030565, "bus_lcPushy": 0.15098073327964578, "bus_lcSublane": 0.760802456305756, "bus_tau_mean": 3.2336603776788495, "bus_tau_std": 9.04102985913805, "bus_v_mean": 11.740299081665695, "bus_v_std": 1.7667889307234141, "car_acc": 1.7821982462135249, "car_dcc": 1.9616939619854805, "car_lcAssertive": 81.732215971557, "car_lcCooperative": 0.6135258996684316, "car_lcLookaheadLeft": 76.48017173027539, "car_lcPushy": 0.4276650996969642, "car_lcSublane": 0.09944056291558923, "car_tau_mean": 0.9026225421758618, "car_tau_std": 3.734071317371953, "car_v_mean": 11.101564280152115, "car_v_std": 8.207464986229382}, "datetime": {"datetime": "2024-08-04 19:41:25", "elapsed": 9589.800789, "delta": 4.289783}}
{"target": -0.046151498833586733, "params": {"bus_acc": 1.0117619628892565, "bus_dcc": 3.2048260560518846, "bus_lcAssertive": 44.90688034848957, "bus_lcCooperative": 0.6978416560498484, "bus_lcLookaheadLeft": 20.134248264423647, "bus_lcPushy": 0.06261980198391548, "bus_lcSublane": 0.3781085867830213, "bus_tau_mean": 2.935987786559229, "bus_tau_std": 1.0281836745431583, "bus_v_mean": 11.133347738799879, "bus_v_std": 4.539526504065199, "car_acc": 2.242298379387292, "car_dcc": 3.250372744206955, "car_lcAssertive": 11.863767107280003, "car_lcCooperative": 0.6246236071556411, "car_lcLookaheadLeft": 39.96133117015912, "car_lcPushy": 0.670090368747807, "car_lcSublane": 0.2035603776619016, "car_tau_mean": 2.347715791357559, "car_tau_std": 1.721625549559327, "car_v_mean": 8.298896095942006, "car_v_std": 4.869502464239571}, "datetime": {"datetime": "2024-08-04 19:41:26", "elapsed": 9591.404294, "delta": 1.603505}}
{"target": -0.04412248676019099, "params": {"bus_acc": 1.6774160509633593, "bus_dcc": 2.571688406998395, "bus_lcAssertive": 75.73425424899274, "bus_lcCooperative": 0.46385778390029564, "bus_lcLookaheadLeft": 14.232609224944277, "bus_lcPushy": 0.3125013784920495, "bus_lcSublane": 0.5045191697009946, "bus_tau_mean": 2.8584715280590367, "bus_tau_std": 7.7014995631209215, "bus_v_mean": 10.085372495269668, "bus_v_std": 0.22915131322381765, "car_acc": 2.038164644423979, "car_dcc": 3.429966131987249, "car_lcAssertive": 2.2477729359577547, "car_lcCooperative": 0.6724698446537339, "car_lcLookaheadLeft": 69.3072062123852, "car_lcPushy": 0.44924675358663757, "car_lcSublane": 0.9147886867419343, "car_tau_mean": 2.7552637966494755, "car_tau_std": 0.05239837651465851, "car_v_mean": 15.75085512823001, "car_v_std": 8.593178060976}, "datetime": {"datetime": "2024-08-04 19:41:29", "elapsed": 9594.563049, "delta": 3.158755}}
{"target": -0.042021100046889345, "params": {"bus_acc": 2.338465786906369, "bus_dcc": 1.7947586729884282, "bus_lcAssertive": 7.567148608415716, "bus_lcCooperative": 0.3700841979141063, "bus_lcLookaheadLeft": 63.71231568811332, "bus_lcPushy": 0.2101740099148396, "bus_lcSublane": 0.7527555537388139, "bus_tau_mean": 0.7328776847394023, "bus_tau_std": 2.6031509857854096, "bus_v_mean": 20.876073019893525, "bus_v_std": 1.9343428262332774, "car_acc": 2.2789217617598805, "car_dcc": 2.574010927371201, "car_lcAssertive": 92.55598906953571, "car_lcCooperative": 0.263296770487111, "car_lcLookaheadLeft": 8.46418688703433, "car_lcPushy": 0.7350659632886695, "car_lcSublane": 0.7721780295432468, "car_tau_mean": 3.677355483762334, "car_tau_std": 9.319720691968373, "car_v_mean": 8.223225167609552, "car_v_std": 2.3436208612142053}, "datetime": {"datetime": "2024-08-04 19:41:30", "elapsed": 9595.355362, "delta": 0.792313}}
{"target": -0.06338078557266842, "params": {"bus_acc": 1.5805959941237364, "bus_dcc": 1.650674462835386, "bus_lcAssertive": 2.654843318623637, "bus_lcCooperative": 0.3986590599223787, "bus_lcLookaheadLeft": 39.345986146758335, "bus_lcPushy": 0.6593449361953647, "bus_lcSublane": 0.07091840047038722, "bus_tau_mean": 1.0341139546479514, "bus_tau_std": 0.16575882900934147, "bus_v_mean": 9.82074170315851, "bus_v_std": 6.517892760100904, "car_acc": 1.8053137043498384, "car_dcc": 1.9630789425019475, "car_lcAssertive": 56.23328743013347, "car_lcCooperative": 0.9934604630998499, "car_lcLookaheadLeft": 83.7796783737669, "car_lcPushy": 0.6996231823995839, "car_lcSublane": 0.9182585891320579, "car_tau_mean": 0.6390504733907969, "car_tau_std": 0.7033344161552524, "car_v_mean": 15.584100639808874, "car_v_std": 3.4916741295707734}, "datetime": {"datetime": "2024-08-04 19:41:32", "elapsed": 9596.793873, "delta": 1.438511}}
{"target": -0.0536212918221102, "params": {"bus_acc": 1.0607993798575777, "bus_dcc": 2.099629291731233, "bus_lcAssertive": 86.37227903096637, "bus_lcCooperative": 0.6926777175073543, "bus_lcLookaheadLeft": 69.71232992248451, "bus_lcPushy": 0.18863680095531088, "bus_lcSublane": 0.44190428074842336, "bus_tau_mean": 2.5355209257050193, "bus_tau_std": 9.897517076637053, "bus_v_mean": 11.26249960372995, "bus_v_std": 2.4773290176235485, "car_acc": 1.5243461675458239, "car_dcc": 3.2505172398939783, "car_lcAssertive": 46.24055741613359, "car_lcCooperative": 0.05692943841109499, "car_lcLookaheadLeft": 51.83459157980348, "car_lcPushy": 0.21196016464367595, "car_lcSublane": 0.7986042447602102, "car_tau_mean": 1.5406598352754528, "car_tau_std": 0.2760601195450363, "car_v_mean": 17.494919191433937, "car_v_std": 8.438404289311888}, "datetime": {"datetime": "2024-08-04 19:41:34", "elapsed": 9599.185313, "delta": 2.39144}}
{"target": -0.03921532150149997, "params": {"bus_acc": 2.535577955316346, "bus_dcc": 2.608025484218691, "bus_lcAssertive": 4.946132736909805, "bus_lcCooperative": 0.13479311796067905, "bus_lcLookaheadLeft": 20.954807103462, "bus_lcPushy": 0.3356638011646498, "bus_lcSublane": 0.05231294643747675, "bus_tau_mean": 2.6179087317512817, "bus_tau_std": 5.120610275239188, "bus_v_mean": 17.8793761922745, "bus_v_std": 4.32355594764344, "car_acc": 2.6954009364748757, "car_dcc": 2.362177168177454, "car_lcAssertive": 2.5249484594001688, "car_lcCooperative": 0.8730681484470995, "car_lcLookaheadLeft": 66.30775167892169, "car_lcPushy": 0.823003040648471, "car_lcSublane": 0.9517756930338517, "car_tau_mean": 0.6781933423091052, "car_tau_std": 2.3507186409101455, "car_v_mean": 9.013495095301437, "car_v_std": 4.216578860324509}, "datetime": {"datetime": "2024-08-04 19:41:36", "elapsed": 9601.045714, "delta": 1.860401}}
{"target": -0.04996038435294384, "params": {"bus_acc": 1.5193967865967062, "bus_dcc": 1.7712078964664402, "bus_lcAssertive": 63.598028425582655, "bus_lcCooperative": 0.34529746159108154, "bus_lcLookaheadLeft": 80.06569044471418, "bus_lcPushy": 0.44614623200345727, "bus_lcSublane": 0.7827494147841719, "bus_tau_mean": 3.9666512426834424, "bus_tau_std": 3.0024833953390004, "bus_v_mean": 10.28809325212959, "bus_v_std": 9.013084363492737, "car_acc": 2.0831187577747468, "car_dcc": 3.9242211125652466, "car_lcAssertive": 64.02383560018782, "car_lcCooperative": 0.9939130246104789, "car_lcLookaheadLeft": 55.514938806009255, "car_lcPushy": 0.5264259339055213, "car_lcSublane": 0.1354279030721699, "car_tau_mean": 1.7449680984435838, "car_tau_std": 0.26218567296373285, "car_v_mean": 10.566322872314386, "car_v_std": 7.456371927074961}, "datetime": {"datetime": "2024-08-04 19:41:39", "elapsed": 9604.560371, "delta": 3.514657}}
{"target": -0.05480096122715051, "params": {"bus_acc": 1.5896240235969907, "bus_dcc": 1.1247227018475017, "bus_lcAssertive": 98.98098842488744, "bus_lcCooperative": 0.4648876309118224, "bus_lcLookaheadLeft": 73.98933137693632, "bus_lcPushy": 0.6408076240458747, "bus_lcSublane": 0.7230933996660097, "bus_tau_mean": 0.678888163391407, "bus_tau_std": 9.200454054097136, "bus_v_mean": 22.829459486435866, "bus_v_std": 5.519950271541971, "car_acc": 2.927831777369102, "car_dcc": 1.8428666109711025, "car_lcAssertive": 60.61251608651798, "car_lcCooperative": 0.3964626900526239, "car_lcLookaheadLeft": 63.546276712012364, "car_lcPushy": 0.3006322885237481, "car_lcSublane": 0.8193583846560202, "car_tau_mean": 0.7442509247647299, "car_tau_std": 0.4187757029999628, "car_v_mean": 8.790342154133029, "car_v_std": 1.5045502836766345}, "datetime": {"datetime": "2024-08-04 19:41:44", "elapsed": 9608.959111, "delta": 4.39874}}
{"target": -0.05645963302976623, "params": {"bus_acc": 2.9908, "bus_dcc": 3.9969, "bus_lcAssertive": 1.0593, "bus_lcCooperative": 0.8121, "bus_lcLookaheadLeft": 26.5444, "bus_lcPushy": 0.9803, "bus_lcSublane": 0.9896, "bus_tau_mean": 3.9667, "bus_tau_std": 2.5323, "bus_v_mean": 16.0434, "bus_v_std": 7.2174, "car_acc": 2.7724, "car_dcc": 2.8096, "car_lcAssertive": 61.6971, "car_lcCooperative": 0.9814, "car_lcLookaheadLeft": 82.0922, "car_lcPushy": 0.0302, "car_lcSublane": 0.9944, "car_tau_mean": 4.0, "car_tau_std": 0.0097, "car_v_mean": 22.1697, "car_v_std": 2.4343}, "datetime": {"datetime": "2024-08-04 19:41:46", "elapsed": 9611.547609, "delta": 2.588498}}
{"target": -0.06015138328310618, "params": {"bus_acc": 1.6386, "bus_dcc": 1.2173, "bus_lcAssertive": 46.135, "bus_lcCooperative": 0.9569, "bus_lcLookaheadLeft": 86.4571, "bus_lcPushy": 0.0748, "bus_lcSublane": 0.4167, "bus_tau_mean": 3.2972, "bus_tau_std": 2.3343, "bus_v_mean": 22.2381, "bus_v_std": 4.2691, "car_acc": 2.498, "car_dcc": 1.1475, "car_lcAssertive": 99.5539, "car_lcCooperative": 0.3048, "car_lcLookaheadLeft": 4.9257, "car_lcPushy": 0.2226, "car_lcSublane": 0.4977, "car_tau_mean": 2.0264, "car_tau_std": 4.8506, "car_v_mean": 21.2146, "car_v_std": 7.1016}, "datetime": {"datetime": "2024-08-04 19:41:53", "elapsed": 9618.439183, "delta": 6.891574}}
{"target": -0.05586690332145814, "params": {"bus_acc": 1.3843, "bus_dcc": 2.3751, "bus_lcAssertive": 90.4209, "bus_lcCooperative": 0.0658, "bus_lcLookaheadLeft": 5.5775, "bus_lcPushy": 0.2017, "bus_lcSublane": 0.8103, "bus_tau_mean": 2.0419, "bus_tau_std": 2.9947, "bus_v_mean": 17.6031, "bus_v_std": 5.3718, "car_acc": 2.3962, "car_dcc": 1.1988, "car_lcAssertive": 13.0499, "car_lcCooperative": 0.345, "car_lcLookaheadLeft": 65.0659, "car_lcPushy": 0.8865, "car_lcSublane": 0.9917, "car_tau_mean": 3.8504, "car_tau_std": 7.8982, "car_v_mean": 22.2076, "car_v_std": 9.2149}, "datetime": {"datetime": "2024-08-04 19:41:56", "elapsed": 9621.418985, "delta": 2.979802}}
{"target": -0.07083864872169195, "params": {"bus_acc": 1.5425, "bus_dcc": 1.8815, "bus_lcAssertive": 12.1849, "bus_lcCooperative": 0.2156, "bus_lcLookaheadLeft": 29.9485, "bus_lcPushy": 0.2492, "bus_lcSublane": 0.9041, "bus_tau_mean": 0.9119, "bus_tau_std": 3.169, "bus_v_mean": 17.0837, "bus_v_std": 2.4715, "car_acc": 2.9919, "car_dcc": 3.6483, "car_lcAssertive": 14.1424, "car_lcCooperative": 0.9906, "car_lcLookaheadLeft": 19.7381, "car_lcPushy": 0.3671, "car_lcSublane": 0.9487, "car_tau_mean": 1.6088, "car_tau_std": 9.2602, "car_v_mean": 22.5494, "car_v_std": 1.2078}, "datetime": {"datetime": "2024-08-04 19:42:00", "elapsed": 9625.040916, "delta": 3.621931}}
{"target": -0.060553385021151374, "params": {"bus_acc": 1.8379, "bus_dcc": 2.3631, "bus_lcAssertive": 31.4242, "bus_lcCooperative": 0.5019, "bus_lcLookaheadLeft": 21.4096, "bus_lcPushy": 0.7514, "bus_lcSublane": 0.3466, "bus_tau_mean": 3.0424, "bus_tau_std": 7.3385, "bus_v_mean": 11.1841, "bus_v_std": 6.3568, "car_acc": 2.4009, "car_dcc": 2.7163, "car_lcAssertive": 62.6987, "car_lcCooperative": 0.4425, "car_lcLookaheadLeft": 77.8536, "car_lcPushy": 0.7627, "car_lcSublane": 0.5739, "car_tau_mean": 3.4071, "car_tau_std": 1.8581, "car_v_mean": 20.5987, "car_v_std": 1.9746}, "datetime": {"datetime": "2024-08-04 19:42:05", "elapsed": 9629.797945, "delta": 4.757029}}
{"target": -0.04671689791752808, "params": {"bus_acc": 2.6416, "bus_dcc": 2.4732, "bus_lcAssertive": 67.246, "bus_lcCooperative": 0.0639, "bus_lcLookaheadLeft": 30.1924, "bus_lcPushy": 0.5525, "bus_lcSublane": 0.0169, "bus_tau_mean": 2.6823, "bus_tau_std": 7.5099, "bus_v_mean": 9.0892, "bus_v_std": 8.8729, "car_acc": 2.4552, "car_dcc": 2.204, "car_lcAssertive": 42.6496, "car_lcCooperative": 0.7261, "car_lcLookaheadLeft": 35.3708, "car_lcPushy": 0.5664, "car_lcSublane": 0.268, "car_tau_mean": 3.276, "car_tau_std": 4.7913, "car_v_mean": 13.1998, "car_v_std": 2.1051}, "datetime": {"datetime": "2024-08-04 19:42:07", "elapsed": 9632.479227, "delta": 2.681282}}
{"target": -0.07043851959914514, "params": {"bus_acc": 1.9071, "bus_dcc": 3.3246, "bus_lcAssertive": 87.1958, "bus_lcCooperative": 0.3438, "bus_lcLookaheadLeft": 86.6817, "bus_lcPushy": 0.7151, "bus_lcSublane": 0.5921, "bus_tau_mean": 0.93, "bus_tau_std": 6.1027, "bus_v_mean": 20.7464, "bus_v_std": 4.6651, "car_acc": 2.8089, "car_dcc": 2.6639, "car_lcAssertive": 89.4021, "car_lcCooperative": 0.543, "car_lcLookaheadLeft": 89.1319, "car_lcPushy": 0.5277, "car_lcSublane": 0.5579, "car_tau_mean": 2.89, "car_tau_std": 3.8475, "car_v_mean": 19.0336, "car_v_std": 1.3197}, "datetime": {"datetime": "2024-08-04 19:42:11", "elapsed": 9635.865927, "delta": 3.3867}}
{"target": -0.047711480809373125, "params": {"bus_acc": 2.8745, "bus_dcc": 1.4952, "bus_lcAssertive": 7.6901, "bus_lcCooperative": 0.7971, "bus_lcLookaheadLeft": 22.0548, "bus_lcPushy": 0.1171, "bus_lcSublane": 0.4329, "bus_tau_mean": 1.4934, "bus_tau_std": 7.2688, "bus_v_mean": 16.9805, "bus_v_std": 1.6531, "car_acc": 1.0311, "car_dcc": 2.6629, "car_lcAssertive": 62.8098, "car_lcCooperative": 0.1689, "car_lcLookaheadLeft": 72.2072, "car_lcPushy": 0.8885, "car_lcSublane": 0.0214, "car_tau_mean": 2.9643, "car_tau_std": 3.2198, "car_v_mean": 16.7799, "car_v_std": 1.798}, "datetime": {"datetime": "2024-08-04 19:42:15", "elapsed": 9640.640576, "delta": 4.774649}}
{"target": -0.05854233382356547, "params": {"bus_acc": 1.1759, "bus_dcc": 3.7465, "bus_lcAssertive": 7.5668, "bus_lcCooperative": 0.9658, "bus_lcLookaheadLeft": 33.7647, "bus_lcPushy": 0.3202, "bus_lcSublane": 0.4534, "bus_tau_mean": 2.8449, "bus_tau_std": 5.2516, "bus_v_mean": 18.4091, "bus_v_std": 6.6805, "car_acc": 1.7041, "car_dcc": 1.727, "car_lcAssertive": 16.6918, "car_lcCooperative": 0.6756, "car_lcLookaheadLeft": 12.1093, "car_lcPushy": 0.1062, "car_lcSublane": 0.0691, "car_tau_mean": 2.6041, "car_tau_std": 3.2943, "car_v_mean": 15.4656, "car_v_std": 2.5149}, "datetime": {"datetime": "2024-08-04 19:42:20", "elapsed": 9644.838152, "delta": 4.197576}}
{"target": -0.05177475497532324, "params": {"bus_acc": 2.4873, "bus_dcc": 2.5811, "bus_lcAssertive": 41.6307, "bus_lcCooperative": 0.3107, "bus_lcLookaheadLeft": 19.9122, "bus_lcPushy": 0.4098, "bus_lcSublane": 0.3491, "bus_tau_mean": 3.8529, "bus_tau_std": 3.1075, "bus_v_mean": 10.4641, "bus_v_std": 2.4107, "car_acc": 2.5062, "car_dcc": 1.2995, "car_lcAssertive": 58.2652, "car_lcCooperative": 0.8722, "car_lcLookaheadLeft": 71.7966, "car_lcPushy": 0.9646, "car_lcSublane": 0.7283, "car_tau_mean": 3.3642, "car_tau_std": 0.4327, "car_v_mean": 22.4911, "car_v_std": 4.1178}, "datetime": {"datetime": "2024-08-04 19:42:25", "elapsed": 9650.07162, "delta": 5.233468}}
{"target": -0.05274474319388927, "params": {"bus_acc": 2.4294, "bus_dcc": 2.6182, "bus_lcAssertive": 54.1477, "bus_lcCooperative": 0.2211, "bus_lcLookaheadLeft": 92.3591, "bus_lcPushy": 0.2814, "bus_lcSublane": 0.6215, "bus_tau_mean": 3.5491, "bus_tau_std": 3.8256, "bus_v_mean": 21.9411, "bus_v_std": 4.9409, "car_acc": 1.9052, "car_dcc": 3.3597, "car_lcAssertive": 92.4138, "car_lcCooperative": 0.8884, "car_lcLookaheadLeft": 13.537, "car_lcPushy": 0.032, "car_lcSublane": 0.559, "car_tau_mean": 1.9671, "car_tau_std": 8.0683, "car_v_mean": 15.5592, "car_v_std": 9.3916}, "datetime": {"datetime": "2024-08-04 19:42:30", "elapsed": 9655.447106, "delta": 5.375486}}
{"target": -0.06584131991417806, "params": {"bus_acc": 2.0721, "bus_dcc": 2.4411, "bus_lcAssertive": 8.133, "bus_lcCooperative": 0.9734, "bus_lcLookaheadLeft": 28.1543, "bus_lcPushy": 0.3931, "bus_lcSublane": 0.4076, "bus_tau_mean": 3.4636, "bus_tau_std": 9.2987, "bus_v_mean": 19.2834, "bus_v_std": 1.4388, "car_acc": 1.9695, "car_dcc": 3.3798, "car_lcAssertive": 19.5234, "car_lcCooperative": 0.7767, "car_lcLookaheadLeft": 16.5228, "car_lcPushy": 0.6159, "car_lcSublane": 0.2753, "car_tau_mean": 0.8669, "car_tau_std": 3.8329, "car_v_mean": 22.1891, "car_v_std": 4.0132}, "datetime": {"datetime": "2024-08-04 19:42:34", "elapsed": 9659.016069, "delta": 3.568963}}
{"target": -0.05404102941977756, "params": {"bus_acc": 1.7208, "bus_dcc": 2.4677, "bus_lcAssertive": 7.9616, "bus_lcCooperative": 0.3744, "bus_lcLookaheadLeft": 93.2024, "bus_lcPushy": 0.3332, "bus_lcSublane": 0.8181, "bus_tau_mean": 2.1833, "bus_tau_std": 8.7357, "bus_v_mean": 21.1412, "bus_v_std": 3.6452, "car_acc": 1.2814, "car_dcc": 2.4603, "car_lcAssertive": 32.067, "car_lcCooperative": 0.1975, "car_lcLookaheadLeft": 60.104, "car_lcPushy": 0.3032, "car_lcSublane": 0.0751, "car_tau_mean": 3.5233, "car_tau_std": 2.6111, "car_v_mean": 14.7622, "car_v_std": 4.1186}, "datetime": {"datetime": "2024-08-04 19:42:37", "elapsed": 9662.235882, "delta": 3.219813}}
{"target": -0.04944812652990206, "params": {"bus_acc": 1.3851, "bus_dcc": 3.2588, "bus_lcAssertive": 1.7246, "bus_lcCooperative": 0.3283, "bus_lcLookaheadLeft": 91.9254, "bus_lcPushy": 0.5884, "bus_lcSublane": 0.8552, "bus_tau_mean": 2.6164, "bus_tau_std": 8.2258, "bus_v_mean": 22.0717, "bus_v_std": 3.2099, "car_acc": 1.2459, "car_dcc": 3.1639, "car_lcAssertive": 44.5944, "car_lcCooperative": 0.1267, "car_lcLookaheadLeft": 59.8027, "car_lcPushy": 0.0361, "car_lcSublane": 0.2002, "car_tau_mean": 3.2591, "car_tau_std": 0.121, "car_v_mean": 12.8535, "car_v_std": 0.2138}, "datetime": {"datetime": "2024-08-04 19:42:42", "elapsed": 9667.066481, "delta": 4.830599}}
{"target": -0.05395147344583575, "params": {"bus_acc": 2.7814, "bus_dcc": 1.5617, "bus_lcAssertive": 81.3379, "bus_lcCooperative": 0.7809, "bus_lcLookaheadLeft": 77.2145, "bus_lcPushy": 0.7609, "bus_lcSublane": 0.8178, "bus_tau_mean": 1.4752, "bus_tau_std": 9.4669, "bus_v_mean": 19.8271, "bus_v_std": 5.8977, "car_acc": 1.4501, "car_dcc": 3.4897, "car_lcAssertive": 12.0354, "car_lcCooperative": 0.202, "car_lcLookaheadLeft": 65.0157, "car_lcPushy": 0.2585, "car_lcSublane": 0.9487, "car_tau_mean": 2.2024, "car_tau_std": 4.5007, "car_v_mean": 20.9019, "car_v_std": 5.2386}, "datetime": {"datetime": "2024-08-04 19:42:44", "elapsed": 9669.411543, "delta": 2.345062}}
{"target": -0.05817656558933384, "params": {"bus_acc": 1.4938, "bus_dcc": 1.6017, "bus_lcAssertive": 7.9724, "bus_lcCooperative": 0.2478, "bus_lcLookaheadLeft": 35.362, "bus_lcPushy": 0.1334, "bus_lcSublane": 0.6343, "bus_tau_mean": 2.7263, "bus_tau_std": 4.1385, "bus_v_mean": 20.0272, "bus_v_std": 0.5959, "car_acc": 2.2929, "car_dcc": 1.1814, "car_lcAssertive": 17.9144, "car_lcCooperative": 0.0426, "car_lcLookaheadLeft": 15.0957, "car_lcPushy": 0.29, "car_lcSublane": 0.1895, "car_tau_mean": 1.1589, "car_tau_std": 4.6493, "car_v_mean": 15.2916, "car_v_std": 3.0279}, "datetime": {"datetime": "2024-08-04 19:42:47", "elapsed": 9671.711807, "delta": 2.300264}}
{"target": -0.05692593342612342, "params": {"bus_acc": 2.8987, "bus_dcc": 1.4782, "bus_lcAssertive": 70.8614, "bus_lcCooperative": 0.4958, "bus_lcLookaheadLeft": 29.4182, "bus_lcPushy": 0.5153, "bus_lcSublane": 0.8373, "bus_tau_mean": 1.3877, "bus_tau_std": 6.548, "bus_v_mean": 13.2796, "bus_v_std": 9.3787, "car_acc": 2.7101, "car_dcc": 1.4345, "car_lcAssertive": 44.4173, "car_lcCooperative": 0.1704, "car_lcLookaheadLeft": 37.6758, "car_lcPushy": 0.8514, "car_lcSublane": 0.7417, "car_tau_mean": 3.7175, "car_tau_std": 5.644, "car_v_mean": 18.8403, "car_v_std": 2.421}, "datetime": {"datetime": "2024-08-04 19:42:48", "elapsed": 9673.440366, "delta": 1.728559}}
