{"target": -0.37390888698114294, "params": {"bus_acc": 1.9804, "bus_dcc": 1.2765, "bus_lcAssertive": 28.7522, "bus_lcCooperative": 0.7457, "bus_lcLookaheadLeft": 40.6704, "bus_lcPushy": 0.9605, "bus_lcSigma": 0.9885, "bus_lcSpeedGainRight": 1.9169, "bus_lcSublane": 0.3236, "bus_sigma": 0.6914, "bus_tau_mean": 0.6447, "bus_tau_std": 4.5857, "bus_v_mean": 16.8545, "bus_v_std": 10.1124, "car_acc": 1.3976, "car_dcc": 2.9424, "car_lcAssertive": 80.0856, "car_lcCooperative": 0.2551, "car_lcLookaheadLeft": 49.3593, "car_lcPushy": 0.4991, "car_lcSigma": 0.1063, "car_lcSpeedGainRight": 3.4123, "car_lcSublane": 0.8896, "car_sigma": 0.307, "car_tau_mean": 0.5444, "car_tau_std": 6.9185, "car_v_mean": 11.6447, "car_v_std": 10.1396}, "datetime": {"datetime": "2024-08-08 10:08:48", "elapsed": 808.721169, "delta": 1.124554}}
{"target": -0.35803208358971206, "params": {"bus_acc": 1.3224, "bus_dcc": 2.7471, "bus_lcAssertive": 35.302, "bus_lcCooperative": 0.6533, "bus_lcLookaheadLeft": 30.2336, "bus_lcPushy": 0.9494, "bus_lcSigma": 0.2468, "bus_lcSpeedGainRight": 1.9895, "bus_lcSublane": 0.5726, "bus_sigma": 0.1505, "bus_tau_mean": 2.4634, "bus_tau_std": 4.6796, "bus_v_mean": 13.5475, "bus_v_std": 1.0091, "car_acc": 2.0447, "car_dcc": 3.109, "car_lcAssertive": 22.278, "car_lcCooperative": 0.1663, "car_lcLookaheadLeft": 86.5695, "car_lcPushy": 0.7053, "car_lcSigma": 0.2416, "car_lcSpeedGainRight": 3.3148, "car_lcSublane": 0.9841, "car_sigma": 0.4288, "car_tau_mean": 2.7239, "car_tau_std": 2.5069, "car_v_mean": 11.896, "car_v_std": 2.944}, "datetime": {"datetime": "2024-08-08 10:08:49", "elapsed": 809.860945, "delta": 1.139776}}
{"target": -0.34395324198645877, "params": {"bus_acc": 2.5779, "bus_dcc": 2.3646, "bus_lcAssertive": 20.7343, "bus_lcCooperative": 0.324, "bus_lcLookaheadLeft": 38.6031, "bus_lcPushy": 0.4358, "bus_lcSigma": 0.8498, "bus_lcSpeedGainRight": 1.7693, "bus_lcSublane": 0.2822, "bus_sigma": 0.2134, "bus_tau_mean": 2.6283, "bus_tau_std": 1.2088, "bus_v_mean": 19.0068, "bus_v_std": 7.1431, "car_acc": 2.6341, "car_dcc": 1.8922, "car_lcAssertive": 71.2534, "car_lcCooperative": 0.0852, "car_lcLookaheadLeft": 64.9514, "car_lcPushy": 0.5668, "car_lcSigma": 0.1547, "car_lcSpeedGainRight": 2.2444, "car_lcSublane": 0.4681, "car_sigma": 0.233, "car_tau_mean": 2.4321, "car_tau_std": 3.6639, "car_v_mean": 13.6409, "car_v_std": 5.862}, "datetime": {"datetime": "2024-08-08 10:08:52", "elapsed": 812.650799, "delta": 2.789854}}
{"target": -0.3164156670816337, "params": {"bus_acc": 1.5176, "bus_dcc": 3.6506, "bus_lcAssertive": 19.6675, "bus_lcCooperative": 0.1074, "bus_lcLookaheadLeft": 90.5751, "bus_lcPushy": 0.7203, "bus_lcSigma": 0.5777, "bus_lcSpeedGainRight": 3.1494, "bus_lcSublane": 0.8846, "bus_sigma": 0.739, "bus_tau_mean": 1.3048, "bus_tau_std": 1.2314, "bus_v_mean": 9.9399, "bus_v_std": 12.9878, "car_acc": 2.3367, "car_dcc": 2.1787, "car_lcAssertive": 83.9621, "car_lcCooperative": 0.1055, "car_lcLookaheadLeft": 98.2419, "car_lcPushy": 0.8021, "car_lcSigma": 0.6156, "car_lcSpeedGainRight": 4.6059, "car_lcSublane": 0.0379, "car_sigma": 0.9558, "car_tau_mean": 1.7603, "car_tau_std": 1.224, "car_v_mean": 21.2831, "car_v_std": 1.9122}, "datetime": {"datetime": "2024-08-08 10:08:54", "elapsed": 814.057094, "delta": 1.406295}}
{"target": -0.35026800061486224, "params": {"bus_acc": 2.7545, "bus_dcc": 2.3942, "bus_lcAssertive": 75.9329, "bus_lcCooperative": 0.2634, "bus_lcLookaheadLeft": 73.4049, "bus_lcPushy": 0.9191, "bus_lcSigma": 0.6934, "bus_lcSpeedGainRight": 1.2297, "bus_lcSublane": 0.6834, "bus_sigma": 0.4535, "bus_tau_mean": 1.2711, "bus_tau_std": 2.8807, "bus_v_mean": 15.7648, "bus_v_std": 4.2363, "car_acc": 1.6938, "car_dcc": 2.407, "car_lcAssertive": 12.1801, "car_lcCooperative": 0.5701, "car_lcLookaheadLeft": 58.1854, "car_lcPushy": 0.4754, "car_lcSigma": 0.8202, "car_lcSpeedGainRight": 3.1781, "car_lcSublane": 0.2685, "car_sigma": 0.2242, "car_tau_mean": 3.5666, "car_tau_std": 9.8719, "car_v_mean": 22.5592, "car_v_std": 9.1676}, "datetime": {"datetime": "2024-08-08 10:08:54", "elapsed": 814.476375, "delta": 0.419281}}
{"target": -0.3750847847296846, "params": {"bus_acc": 2.8889, "bus_dcc": 3.2063, "bus_lcAssertive": 80.0592, "bus_lcCooperative": 0.8413, "bus_lcLookaheadLeft": 6.8455, "bus_lcPushy": 0.413, "bus_lcSigma": 0.1108, "bus_lcSpeedGainRight": 1.9967, "bus_lcSublane": 0.3133, "bus_sigma": 0.0941, "bus_tau_mean": 2.0568, "bus_tau_std": 5.288, "bus_v_mean": 12.7575, "bus_v_std": 10.1102, "car_acc": 1.0029, "car_dcc": 3.149, "car_lcAssertive": 27.8555, "car_lcCooperative": 0.8948, "car_lcLookaheadLeft": 67.9616, "car_lcPushy": 0.5928, "car_lcSigma": 0.1188, "car_lcSpeedGainRight": 4.6513, "car_lcSublane": 0.4483, "car_sigma": 0.8139, "car_tau_mean": 1.1189, "car_tau_std": 8.084, "car_v_mean": 9.6988, "car_v_std": 14.3063}, "datetime": {"datetime": "2024-08-08 10:08:56", "elapsed": 816.280032, "delta": 1.803657}}
{"target": -0.3439751053312605, "params": {"bus_acc": 1.8838, "bus_dcc": 1.467, "bus_lcAssertive": 53.5272, "bus_lcCooperative": 0.3318, "bus_lcLookaheadLeft": 17.4656, "bus_lcPushy": 0.1985, "bus_lcSigma": 0.4384, "bus_lcSpeedGainRight": 0.3681, "bus_lcSublane": 0.1356, "bus_sigma": 0.0784, "bus_tau_mean": 1.9566, "bus_tau_std": 0.4258, "bus_v_mean": 11.8687, "bus_v_std": 12.0905, "car_acc": 1.5015, "car_dcc": 3.7623, "car_lcAssertive": 11.0147, "car_lcCooperative": 0.783, "car_lcLookaheadLeft": 65.4476, "car_lcPushy": 0.9424, "car_lcSigma": 0.6704, "car_lcSpeedGainRight": 3.0681, "car_lcSublane": 0.9073, "car_sigma": 0.3181, "car_tau_mean": 3.587, "car_tau_std": 2.138, "car_v_mean": 13.42, "car_v_std": 10.7017}, "datetime": {"datetime": "2024-08-08 10:09:02", "elapsed": 822.247685, "delta": 5.967653}}
{"target": -0.3565034291877692, "params": {"bus_acc": 2.5656, "bus_dcc": 2.6614, "bus_lcAssertive": 96.5733, "bus_lcCooperative": 0.4807, "bus_lcLookaheadLeft": 35.2525, "bus_lcPushy": 0.6115, "bus_lcSigma": 0.797, "bus_lcSpeedGainRight": 2.0143, "bus_lcSublane": 0.7414, "bus_sigma": 0.7964, "bus_tau_mean": 0.6848, "bus_tau_std": 0.9385, "bus_v_mean": 16.9044, "bus_v_std": 12.5895, "car_acc": 1.9367, "car_dcc": 1.5959, "car_lcAssertive": 98.3086, "car_lcCooperative": 0.599, "car_lcLookaheadLeft": 82.3155, "car_lcPushy": 0.5882, "car_lcSigma": 0.0443, "car_lcSpeedGainRight": 1.3934, "car_lcSublane": 0.0679, "car_sigma": 0.8924, "car_tau_mean": 3.1293, "car_tau_std": 9.1517, "car_v_mean": 12.997, "car_v_std": 8.791}, "datetime": {"datetime": "2024-08-08 10:09:03", "elapsed": 823.131303, "delta": 0.883618}}
{"target": -0.4264603454487774, "params": {"bus_acc": 2.2405, "bus_dcc": 3.3861, "bus_lcAssertive": 75.8624, "bus_lcCooperative": 0.4413, "bus_lcLookaheadLeft": 67.5767, "bus_lcPushy": 0.4271, "bus_lcSigma": 0.6828, "bus_lcSpeedGainRight": 2.1069, "bus_lcSublane": 0.5508, "bus_sigma": 0.7291, "bus_tau_mean": 2.2107, "bus_tau_std": 3.6186, "bus_v_mean": 19.7317, "bus_v_std": 4.117, "car_acc": 2.4509, "car_dcc": 3.5314, "car_lcAssertive": 11.6444, "car_lcCooperative": 0.7683, "car_lcLookaheadLeft": 55.9212, "car_lcPushy": 0.5376, "car_lcSigma": 0.6369, "car_lcSpeedGainRight": 1.5085, "car_lcSublane": 0.6342, "car_sigma": 0.1372, "car_tau_mean": 2.7897, "car_tau_std": 7.7825, "car_v_mean": 15.2056, "car_v_std": 0.4959}, "datetime": {"datetime": "2024-08-08 10:09:03", "elapsed": 823.574413, "delta": 0.44311}}
{"target": -0.36829222297146047, "params": {"bus_acc": 2.955, "bus_dcc": 3.2253, "bus_lcAssertive": 84.4556, "bus_lcCooperative": 0.8969, "bus_lcLookaheadLeft": 93.7667, "bus_lcPushy": 0.0164, "bus_lcSigma": 0.0153, "bus_lcSpeedGainRight": 3.9067, "bus_lcSublane": 0.9005, "bus_sigma": 0.8194, "bus_tau_mean": 1.3979, "bus_tau_std": 7.5279, "bus_v_mean": 19.1171, "bus_v_std": 5.0221, "car_acc": 1.3065, "car_dcc": 2.3338, "car_lcAssertive": 92.8673, "car_lcCooperative": 0.5467, "car_lcLookaheadLeft": 20.7759, "car_lcPushy": 0.6638, "car_lcSigma": 0.8384, "car_lcSpeedGainRight": 0.6687, "car_lcSublane": 0.2817, "car_sigma": 0.8676, "car_tau_mean": 3.3842, "car_tau_std": 4.8046, "car_v_mean": 11.8369, "car_v_std": 15.4338}, "datetime": {"datetime": "2024-08-08 10:09:04", "elapsed": 824.661755, "delta": 1.087342}}
{"target": -0.33548427116353347, "params": {"bus_acc": 1.184, "bus_dcc": 2.3889, "bus_lcAssertive": 68.4895, "bus_lcCooperative": 0.3649, "bus_lcLookaheadLeft": 99.632, "bus_lcPushy": 0.5284, "bus_lcSigma": 0.1967, "bus_lcSpeedGainRight": 1.5576, "bus_lcSublane": 0.4368, "bus_sigma": 0.3086, "bus_tau_mean": 3.8264, "bus_tau_std": 4.7416, "bus_v_mean": 11.7733, "bus_v_std": 9.8273, "car_acc": 2.0375, "car_dcc": 1.5963, "car_lcAssertive": 30.9626, "car_lcCooperative": 0.2679, "car_lcLookaheadLeft": 59.0446, "car_lcPushy": 0.8065, "car_lcSigma": 0.175, "car_lcSpeedGainRight": 2.2702, "car_lcSublane": 0.5858, "car_sigma": 0.0524, "car_tau_mean": 2.5179, "car_tau_std": 3.1679, "car_v_mean": 11.943, "car_v_std": 1.9602}, "datetime": {"datetime": "2024-08-08 10:09:10", "elapsed": 830.469001, "delta": 5.807246}}
{"target": -0.3455420504186849, "params": {"bus_acc": 2.5216, "bus_dcc": 1.2006, "bus_lcAssertive": 76.3371, "bus_lcCooperative": 0.4862, "bus_lcLookaheadLeft": 72.3164, "bus_lcPushy": 0.1385, "bus_lcSigma": 0.275, "bus_lcSpeedGainRight": 3.4215, "bus_lcSublane": 0.2065, "bus_sigma": 0.5844, "bus_tau_mean": 2.7194, "bus_tau_std": 0.622, "bus_v_mean": 20.0124, "bus_v_std": 0.8285, "car_acc": 2.5557, "car_dcc": 2.2316, "car_lcAssertive": 15.1063, "car_lcCooperative": 0.5561, "car_lcLookaheadLeft": 56.5929, "car_lcPushy": 0.8945, "car_lcSigma": 0.3745, "car_lcSpeedGainRight": 3.9637, "car_lcSublane": 0.3561, "car_sigma": 0.1483, "car_tau_mean": 2.1621, "car_tau_std": 2.7763, "car_v_mean": 17.4905, "car_v_std": 5.7642}, "datetime": {"datetime": "2024-08-08 10:09:10", "elapsed": 830.912831, "delta": 0.44383}}
{"target": -0.3188917292359324, "params": {"bus_acc": 2.4221, "bus_dcc": 1.5074, "bus_lcAssertive": 12.2199, "bus_lcCooperative": 0.0515, "bus_lcLookaheadLeft": 84.815, "bus_lcPushy": 0.9009, "bus_lcSigma": 0.7364, "bus_lcSpeedGainRight": 4.9044, "bus_lcSublane": 0.8154, "bus_sigma": 0.9187, "bus_tau_mean": 1.9294, "bus_tau_std": 6.9045, "bus_v_mean": 11.2733, "bus_v_std": 19.3147, "car_acc": 1.9228, "car_dcc": 1.2541, "car_lcAssertive": 17.1896, "car_lcCooperative": 0.7118, "car_lcLookaheadLeft": 60.7427, "car_lcPushy": 0.2075, "car_lcSigma": 0.6571, "car_lcSpeedGainRight": 2.3652, "car_lcSublane": 0.2066, "car_sigma": 0.3649, "car_tau_mean": 2.7168, "car_tau_std": 6.4778, "car_v_mean": 18.1738, "car_v_std": 12.2694}, "datetime": {"datetime": "2024-08-08 10:09:16", "elapsed": 836.347832, "delta": 5.435001}}
{"target": -0.34136116142847506, "params": {"bus_acc": 2.8719, "bus_dcc": 3.327, "bus_lcAssertive": 48.4418, "bus_lcCooperative": 0.0705, "bus_lcLookaheadLeft": 63.7765, "bus_lcPushy": 0.8179, "bus_lcSigma": 0.7207, "bus_lcSpeedGainRight": 2.9504, "bus_lcSublane": 0.7672, "bus_sigma": 0.2857, "bus_tau_mean": 2.0137, "bus_tau_std": 6.232, "bus_v_mean": 13.5996, "bus_v_std": 15.0673, "car_acc": 1.716, "car_dcc": 3.6187, "car_lcAssertive": 86.7384, "car_lcCooperative": 0.5751, "car_lcLookaheadLeft": 81.7289, "car_lcPushy": 0.156, "car_lcSigma": 0.823, "car_lcSpeedGainRight": 0.0693, "car_lcSublane": 0.9158, "car_sigma": 0.313, "car_tau_mean": 2.783, "car_tau_std": 7.2423, "car_v_mean": 21.1047, "car_v_std": 14.2329}, "datetime": {"datetime": "2024-08-08 10:09:18", "elapsed": 838.55723, "delta": 2.209398}}
{"target": -0.32777521804313425, "params": {"bus_acc": 2.0593, "bus_dcc": 2.1182, "bus_lcAssertive": 41.0985, "bus_lcCooperative": 0.3926, "bus_lcLookaheadLeft": 9.4207, "bus_lcPushy": 0.515, "bus_lcSigma": 0.8799, "bus_lcSpeedGainRight": 4.3078, "bus_lcSublane": 0.0753, "bus_sigma": 0.0333, "bus_tau_mean": 3.2549, "bus_tau_std": 2.9852, "bus_v_mean": 21.5627, "bus_v_std": 12.2162, "car_acc": 2.9794, "car_dcc": 3.5738, "car_lcAssertive": 59.5911, "car_lcCooperative": 0.9122, "car_lcLookaheadLeft": 33.596, "car_lcPushy": 0.7062, "car_lcSigma": 0.2541, "car_lcSpeedGainRight": 3.0924, "car_lcSublane": 0.3273, "car_sigma": 0.4653, "car_tau_mean": 0.6267, "car_tau_std": 2.7674, "car_v_mean": 14.239, "car_v_std": 18.8798}, "datetime": {"datetime": "2024-08-08 10:09:19", "elapsed": 839.944766, "delta": 1.387536}}
{"target": -0.35931193904694636, "params": {"bus_acc": 2.4271, "bus_dcc": 2.9216, "bus_lcAssertive": 33.7294, "bus_lcCooperative": 0.7624, "bus_lcLookaheadLeft": 49.5955, "bus_lcPushy": 0.3368, "bus_lcSigma": 0.0055, "bus_lcSpeedGainRight": 1.3645, "bus_lcSublane": 0.0781, "bus_sigma": 0.7202, "bus_tau_mean": 0.6456, "bus_tau_std": 2.5813, "bus_v_mean": 12.6819, "bus_v_std": 14.4543, "car_acc": 1.1622, "car_dcc": 2.3433, "car_lcAssertive": 82.2942, "car_lcCooperative": 0.4234, "car_lcLookaheadLeft": 48.7747, "car_lcPushy": 0.4118, "car_lcSigma": 0.4678, "car_lcSpeedGainRight": 3.0826, "car_lcSublane": 0.5578, "car_sigma": 0.5202, "car_tau_mean": 2.8667, "car_tau_std": 9.0493, "car_v_mean": 10.2806, "car_v_std": 9.3038}, "datetime": {"datetime": "2024-08-08 10:09:21", "elapsed": 841.910562, "delta": 1.965796}}
{"target": -0.33585148374007795, "params": {"bus_acc": 1.6245, "bus_dcc": 2.8979, "bus_lcAssertive": 1.0914, "bus_lcCooperative": 0.2332, "bus_lcLookaheadLeft": 11.9763, "bus_lcPushy": 0.9616, "bus_lcSigma": 0.8469, "bus_lcSpeedGainRight": 0.8887, "bus_lcSublane": 0.5172, "bus_sigma": 0.3068, "bus_tau_mean": 1.6121, "bus_tau_std": 5.5783, "bus_v_mean": 14.2521, "bus_v_std": 1.2644, "car_acc": 2.6119, "car_dcc": 2.0063, "car_lcAssertive": 4.9761, "car_lcCooperative": 0.7307, "car_lcLookaheadLeft": 80.1159, "car_lcPushy": 0.2164, "car_lcSigma": 0.6327, "car_lcSpeedGainRight": 0.6669, "car_lcSublane": 0.6891, "car_sigma": 0.9239, "car_tau_mean": 2.4577, "car_tau_std": 0.6808, "car_v_mean": 22.9669, "car_v_std": 17.2962}, "datetime": {"datetime": "2024-08-08 10:09:22", "elapsed": 842.886728, "delta": 0.976166}}
{"target": -0.3344301945691027, "params": {"bus_acc": 1.0135, "bus_dcc": 3.8484, "bus_lcAssertive": 32.1189, "bus_lcCooperative": 0.9702, "bus_lcLookaheadLeft": 39.6673, "bus_lcPushy": 0.5369, "bus_lcSigma": 0.7304, "bus_lcSpeedGainRight": 2.9285, "bus_lcSublane": 0.0364, "bus_sigma": 0.0902, "bus_tau_mean": 2.8024, "bus_tau_std": 3.4505, "bus_v_mean": 11.2506, "bus_v_std": 15.4568, "car_acc": 2.0058, "car_dcc": 1.9399, "car_lcAssertive": 39.4387, "car_lcCooperative": 0.6433, "car_lcLookaheadLeft": 62.0506, "car_lcPushy": 0.4401, "car_lcSigma": 0.881, "car_lcSpeedGainRight": 3.8335, "car_lcSublane": 0.1521, "car_sigma": 0.4665, "car_tau_mean": 2.5924, "car_tau_std": 6.0005, "car_v_mean": 8.9567, "car_v_std": 7.8732}, "datetime": {"datetime": "2024-08-08 10:09:23", "elapsed": 843.474461, "delta": 0.587733}}
{"target": -0.4015559281318679, "params": {"bus_acc": 1.8391, "bus_dcc": 3.8507, "bus_lcAssertive": 27.577, "bus_lcCooperative": 0.2442, "bus_lcLookaheadLeft": 49.202, "bus_lcPushy": 0.3273, "bus_lcSigma": 0.0092, "bus_lcSpeedGainRight": 3.8631, "bus_lcSublane": 0.6816, "bus_sigma": 0.7295, "bus_tau_mean": 2.6893, "bus_tau_std": 8.5619, "bus_v_mean": 19.2661, "bus_v_std": 13.5247, "car_acc": 1.4664, "car_dcc": 2.9074, "car_lcAssertive": 73.8633, "car_lcCooperative": 0.1403, "car_lcLookaheadLeft": 45.9417, "car_lcPushy": 0.7997, "car_lcSigma": 0.0633, "car_lcSpeedGainRight": 3.3612, "car_lcSublane": 0.5327, "car_sigma": 0.6631, "car_tau_mean": 3.0946, "car_tau_std": 6.8532, "car_v_mean": 11.0098, "car_v_std": 13.13}, "datetime": {"datetime": "2024-08-08 10:09:26", "elapsed": 846.54382, "delta": 3.069359}}
{"target": -0.3964541827038601, "params": {"bus_acc": 1.1928, "bus_dcc": 3.8884, "bus_lcAssertive": 51.2948, "bus_lcCooperative": 0.2532, "bus_lcLookaheadLeft": 20.4257, "bus_lcPushy": 0.733, "bus_lcSigma": 0.4206, "bus_lcSpeedGainRight": 0.9909, "bus_lcSublane": 0.6571, "bus_sigma": 0.1799, "bus_tau_mean": 2.6273, "bus_tau_std": 7.6536, "bus_v_mean": 21.4809, "bus_v_std": 0.1722, "car_acc": 1.7471, "car_dcc": 2.3858, "car_lcAssertive": 66.6175, "car_lcCooperative": 0.7498, "car_lcLookaheadLeft": 49.3394, "car_lcPushy": 0.4662, "car_lcSigma": 0.7936, "car_lcSpeedGainRight": 4.8499, "car_lcSublane": 0.2624, "car_sigma": 0.5767, "car_tau_mean": 1.1488, "car_tau_std": 7.2414, "car_v_mean": 14.7954, "car_v_std": 19.3273}, "datetime": {"datetime": "2024-08-08 10:09:27", "elapsed": 847.748922, "delta": 1.205102}}
{"target": -0.35037334209969906, "params": {"bus_acc": 1.6355, "bus_dcc": 3.1943, "bus_lcAssertive": 44.0932, "bus_lcCooperative": 0.6343, "bus_lcLookaheadLeft": 9.9672, "bus_lcPushy": 0.4212, "bus_lcSigma": 0.1639, "bus_lcSpeedGainRight": 4.5825, "bus_lcSublane": 0.5417, "bus_sigma": 0.0889, "bus_tau_mean": 1.3702, "bus_tau_std": 3.6515, "bus_v_mean": 17.4575, "bus_v_std": 10.4405, "car_acc": 2.0924, "car_dcc": 3.4136, "car_lcAssertive": 58.1925, "car_lcCooperative": 0.3942, "car_lcLookaheadLeft": 36.0898, "car_lcPushy": 0.1611, "car_lcSigma": 0.5348, "car_lcSpeedGainRight": 1.4857, "car_lcSublane": 0.2793, "car_sigma": 0.1101, "car_tau_mean": 1.1991, "car_tau_std": 6.753, "car_v_mean": 18.2218, "car_v_std": 16.9005}, "datetime": {"datetime": "2024-08-08 10:09:28", "elapsed": 848.574565, "delta": 0.825643}}
{"target": -0.3514241872729945, "params": {"bus_acc": 2.1076, "bus_dcc": 2.876, "bus_lcAssertive": 25.1253, "bus_lcCooperative": 0.3608, "bus_lcLookaheadLeft": 51.1758, "bus_lcPushy": 0.9194, "bus_lcSigma": 0.4362, "bus_lcSpeedGainRight": 0.5579, "bus_lcSublane": 0.2638, "bus_sigma": 0.6828, "bus_tau_mean": 2.0922, "bus_tau_std": 2.1911, "bus_v_mean": 19.9309, "bus_v_std": 1.7973, "car_acc": 1.6354, "car_dcc": 1.8409, "car_lcAssertive": 52.4928, "car_lcCooperative": 0.5169, "car_lcLookaheadLeft": 22.1585, "car_lcPushy": 0.2843, "car_lcSigma": 0.8454, "car_lcSpeedGainRight": 3.9607, "car_lcSublane": 0.6491, "car_sigma": 0.2482, "car_tau_mean": 3.4952, "car_tau_std": 1.1229, "car_v_mean": 19.6203, "car_v_std": 9.3583}, "datetime": {"datetime": "2024-08-08 10:09:29", "elapsed": 849.037008, "delta": 0.462443}}
{"target": -0.3581985243325303, "params": {"bus_acc": 1.7488, "bus_dcc": 3.5815, "bus_lcAssertive": 15.0279, "bus_lcCooperative": 0.6303, "bus_lcLookaheadLeft": 10.1286, "bus_lcPushy": 0.9962, "bus_lcSigma": 0.13, "bus_lcSpeedGainRight": 0.9031, "bus_lcSublane": 0.3907, "bus_sigma": 0.6641, "bus_tau_mean": 3.156, "bus_tau_std": 7.7219, "bus_v_mean": 10.5159, "bus_v_std": 17.4748, "car_acc": 2.4199, "car_dcc": 3.7319, "car_lcAssertive": 83.2026, "car_lcCooperative": 0.4081, "car_lcLookaheadLeft": 46.1964, "car_lcPushy": 0.2321, "car_lcSigma": 0.9749, "car_lcSpeedGainRight": 3.2393, "car_lcSublane": 0.0282, "car_sigma": 0.2858, "car_tau_mean": 2.4508, "car_tau_std": 7.7038, "car_v_mean": 16.7775, "car_v_std": 7.5457}, "datetime": {"datetime": "2024-08-08 10:09:29", "elapsed": 849.372386, "delta": 0.335378}}
{"target": -0.3475243799054739, "params": {"bus_acc": 1.2228, "bus_dcc": 2.6931, "bus_lcAssertive": 2.7676, "bus_lcCooperative": 0.4731, "bus_lcLookaheadLeft": 15.942, "bus_lcPushy": 0.295, "bus_lcSigma": 0.9099, "bus_lcSpeedGainRight": 4.8624, "bus_lcSublane": 0.6588, "bus_sigma": 0.5322, "bus_tau_mean": 2.5546, "bus_tau_std": 9.6937, "bus_v_mean": 19.4309, "bus_v_std": 3.3286, "car_acc": 2.1394, "car_dcc": 1.3871, "car_lcAssertive": 8.9437, "car_lcCooperative": 0.3063, "car_lcLookaheadLeft": 74.7364, "car_lcPushy": 0.5666, "car_lcSigma": 0.5476, "car_lcSpeedGainRight": 3.3314, "car_lcSublane": 0.3518, "car_sigma": 0.8257, "car_tau_mean": 1.8884, "car_tau_std": 1.3095, "car_v_mean": 21.8975, "car_v_std": 12.8765}, "datetime": {"datetime": "2024-08-08 10:09:30", "elapsed": 850.555342, "delta": 1.182956}}
{"target": -0.3660862723286932, "params": {"bus_acc": 1.146, "bus_dcc": 2.297, "bus_lcAssertive": 98.6587, "bus_lcCooperative": 0.5453, "bus_lcLookaheadLeft": 76.9989, "bus_lcPushy": 0.5518, "bus_lcSigma": 0.7427, "bus_lcSpeedGainRight": 4.4241, "bus_lcSublane": 0.1474, "bus_sigma": 0.2362, "bus_tau_mean": 2.0039, "bus_tau_std": 2.8966, "bus_v_mean": 16.995, "bus_v_std": 1.3045, "car_acc": 2.7178, "car_dcc": 2.7136, "car_lcAssertive": 55.9119, "car_lcCooperative": 0.8225, "car_lcLookaheadLeft": 64.2371, "car_lcPushy": 0.0442, "car_lcSigma": 0.077, "car_lcSpeedGainRight": 1.6485, "car_lcSublane": 0.0875, "car_sigma": 0.8738, "car_tau_mean": 1.0809, "car_tau_std": 5.5797, "car_v_mean": 14.0488, "car_v_std": 11.7897}, "datetime": {"datetime": "2024-08-08 10:09:36", "elapsed": 856.002908, "delta": 5.447566}}
{"target": -0.3721533076523482, "params": {"bus_acc": 1.5589, "bus_dcc": 1.0751, "bus_lcAssertive": 79.5354, "bus_lcCooperative": 0.0696, "bus_lcLookaheadLeft": 70.8707, "bus_lcPushy": 0.883, "bus_lcSigma": 0.6712, "bus_lcSpeedGainRight": 2.0911, "bus_lcSublane": 0.2447, "bus_sigma": 0.8038, "bus_tau_mean": 3.6738, "bus_tau_std": 4.0968, "bus_v_mean": 21.8114, "bus_v_std": 4.2415, "car_acc": 1.6981, "car_dcc": 2.5636, "car_lcAssertive": 14.3384, "car_lcCooperative": 0.8661, "car_lcLookaheadLeft": 52.7935, "car_lcPushy": 0.3772, "car_lcSigma": 0.4492, "car_lcSpeedGainRight": 4.0088, "car_lcSublane": 0.4887, "car_sigma": 0.0226, "car_tau_mean": 0.8725, "car_tau_std": 9.3391, "car_v_mean": 13.8284, "car_v_std": 4.8179}, "datetime": {"datetime": "2024-08-08 10:09:38", "elapsed": 858.057047, "delta": 2.054139}}
