{"target": -0.2991456584730294, "params": {"bus_acc": 1.8584, "bus_dcc": 2.6775, "bus_lcAssertive": 99.0811, "bus_lcCooperative": 0.5163, "bus_lcLookaheadLeft": 82.0921, "bus_lcPushy": 0.7908, "bus_lcSigma": 0.9271, "bus_lcSpeedGainRight": 4.676, "bus_lcSublane": 0.9289, "bus_sigma": 0.1464, "bus_tau_mean": 1.118, "bus_tau_std": 1.1751, "bus_v_mean": 9.6443, "bus_v_std": 4.1304, "car_acc": 4.2512, "car_dcc": 2.8646, "car_lcAssertive": 74.7463, "car_lcCooperative": 0.1335, "car_lcLookaheadLeft": 63.849, "car_lcPushy": 0.4833, "car_lcSigma": 0.9247, "car_lcSpeedGainRight": 0.6085, "car_lcSublane": 0.534, "car_sigma": 0.1051, "car_tau_mean": 2.535, "car_tau_std": 3.9793, "car_v_mean": 14.9277, "car_v_std": 12.3042}, "datetime": {"datetime": "2024-08-08 19:04:19", "elapsed": 6044.979991, "delta": 12.985053}}
{"target": -0.280144439353284, "params": {"bus_acc": 3.0992, "bus_dcc": 3.3222, "bus_lcAssertive": 57.0973, "bus_lcCooperative": 0.8316, "bus_lcLookaheadLeft": 63.3075, "bus_lcPushy": 0.6607, "bus_lcSigma": 0.9135, "bus_lcSpeedGainRight": 2.8915, "bus_lcSublane": 0.0695, "bus_sigma": 0.3167, "bus_tau_mean": 0.7345, "bus_tau_std": 4.8209, "bus_v_mean": 15.8563, "bus_v_std": 13.024, "car_acc": 2.5673, "car_dcc": 1.5248, "car_lcAssertive": 83.0704, "car_lcCooperative": 0.4835, "car_lcLookaheadLeft": 7.5211, "car_lcPushy": 0.2223, "car_lcSigma": 0.3826, "car_lcSpeedGainRight": 1.6627, "car_lcSublane": 0.0635, "car_sigma": 0.0326, "car_tau_mean": 3.4014, "car_tau_std": 3.5754, "car_v_mean": 13.4469, "car_v_std": 8.6102}, "datetime": {"datetime": "2024-08-08 19:04:32", "elapsed": 6057.486763, "delta": 12.506772}}
{"target": -0.3430439071158257, "params": {"bus_acc": 3.6972, "bus_dcc": 2.9624, "bus_lcAssertive": 25.0355, "bus_lcCooperative": 0.42, "bus_lcLookaheadLeft": 99.5967, "bus_lcPushy": 0.7626, "bus_lcSigma": 0.7765, "bus_lcSpeedGainRight": 1.3008, "bus_lcSublane": 0.1872, "bus_sigma": 0.8911, "bus_tau_mean": 1.5749, "bus_tau_std": 1.587, "bus_v_mean": 8.9104, "bus_v_std": 13.2819, "car_acc": 1.8072, "car_dcc": 3.9423, "car_lcAssertive": 51.3027, "car_lcCooperative": 0.5847, "car_lcLookaheadLeft": 3.0345, "car_lcPushy": 0.1057, "car_lcSigma": 0.9729, "car_lcSpeedGainRight": 1.9244, "car_lcSublane": 0.0771, "car_sigma": 0.466, "car_tau_mean": 3.8723, "car_tau_std": 1.7383, "car_v_mean": 17.438, "car_v_std": 10.557}, "datetime": {"datetime": "2024-08-08 19:04:52", "elapsed": 6078.063305, "delta": 20.576542}}
{"target": -0.3286712250172242, "params": {"bus_acc": 4.4289, "bus_dcc": 1.6141, "bus_lcAssertive": 27.8916, "bus_lcCooperative": 0.0812, "bus_lcLookaheadLeft": 25.6734, "bus_lcPushy": 0.7842, "bus_lcSigma": 0.0581, "bus_lcSpeedGainRight": 4.5309, "bus_lcSublane": 0.0644, "bus_sigma": 0.3901, "bus_tau_mean": 2.5013, "bus_tau_std": 9.1275, "bus_v_mean": 10.9997, "bus_v_std": 6.5198, "car_acc": 1.799, "car_dcc": 2.8596, "car_lcAssertive": 35.022, "car_lcCooperative": 0.5969, "car_lcLookaheadLeft": 79.1205, "car_lcPushy": 0.1213, "car_lcSigma": 0.1363, "car_lcSpeedGainRight": 0.3939, "car_lcSublane": 0.5893, "car_sigma": 0.9452, "car_tau_mean": 1.7505, "car_tau_std": 1.5047, "car_v_mean": 22.5337, "car_v_std": 13.8715}, "datetime": {"datetime": "2024-08-08 19:05:04", "elapsed": 6089.569369, "delta": 11.506064}}
{"target": -0.35284780903700225, "params": {"bus_acc": 2.5289, "bus_dcc": 2.5038, "bus_lcAssertive": 9.2469, "bus_lcCooperative": 0.1915, "bus_lcLookaheadLeft": 14.0732, "bus_lcPushy": 0.2502, "bus_lcSigma": 0.5352, "bus_lcSpeedGainRight": 4.9891, "bus_lcSublane": 0.0053, "bus_sigma": 0.2777, "bus_tau_mean": 2.6592, "bus_tau_std": 8.0389, "bus_v_mean": 23.8572, "bus_v_std": 1.6092, "car_acc": 2.469, "car_dcc": 3.8457, "car_lcAssertive": 89.3068, "car_lcCooperative": 0.8931, "car_lcLookaheadLeft": 42.2102, "car_lcPushy": 0.1328, "car_lcSigma": 0.7781, "car_lcSpeedGainRight": 2.2107, "car_lcSublane": 0.254, "car_sigma": 0.8756, "car_tau_mean": 1.199, "car_tau_std": 6.193, "car_v_mean": 9.5484, "car_v_std": 11.2477}, "datetime": {"datetime": "2024-08-08 19:05:25", "elapsed": 6110.761651, "delta": 21.192282}}
{"target": -0.3812910956380559, "params": {"bus_acc": 2.2906, "bus_dcc": 3.8536, "bus_lcAssertive": 36.8325, "bus_lcCooperative": 0.9611, "bus_lcLookaheadLeft": 71.4838, "bus_lcPushy": 0.9666, "bus_lcSigma": 0.2379, "bus_lcSpeedGainRight": 1.2481, "bus_lcSublane": 0.5169, "bus_sigma": 0.6453, "bus_tau_mean": 2.7503, "bus_tau_std": 4.2434, "bus_v_mean": 20.5111, "bus_v_std": 15.5762, "car_acc": 1.2312, "car_dcc": 3.0578, "car_lcAssertive": 33.9, "car_lcCooperative": 0.7912, "car_lcLookaheadLeft": 65.4437, "car_lcPushy": 0.9762, "car_lcSigma": 0.9063, "car_lcSpeedGainRight": 3.1421, "car_lcSublane": 0.9395, "car_sigma": 0.3408, "car_tau_mean": 2.4967, "car_tau_std": 1.5054, "car_v_mean": 10.8584, "car_v_std": 18.8208}, "datetime": {"datetime": "2024-08-08 19:05:45", "elapsed": 6130.463464, "delta": 19.701813}}
{"target": -0.36211754317408484, "params": {"bus_acc": 1.261, "bus_dcc": 2.3055, "bus_lcAssertive": 47.7424, "bus_lcCooperative": 0.7172, "bus_lcLookaheadLeft": 38.6424, "bus_lcPushy": 0.329, "bus_lcSigma": 0.3293, "bus_lcSpeedGainRight": 2.5705, "bus_lcSublane": 0.3842, "bus_sigma": 0.0485, "bus_tau_mean": 2.1226, "bus_tau_std": 4.676, "bus_v_mean": 23.1559, "bus_v_std": 6.7715, "car_acc": 4.1991, "car_dcc": 3.8378, "car_lcAssertive": 48.324, "car_lcCooperative": 0.8444, "car_lcLookaheadLeft": 21.1709, "car_lcPushy": 0.1248, "car_lcSigma": 0.8372, "car_lcSpeedGainRight": 4.6491, "car_lcSublane": 0.3826, "car_sigma": 0.5063, "car_tau_mean": 0.8904, "car_tau_std": 8.145, "car_v_mean": 9.7717, "car_v_std": 7.2223}, "datetime": {"datetime": "2024-08-08 19:06:04", "elapsed": 6149.151486, "delta": 18.688022}}
{"target": -0.32161678870895155, "params": {"bus_acc": 3.477, "bus_dcc": 1.9149, "bus_lcAssertive": 46.4568, "bus_lcCooperative": 0.0409, "bus_lcLookaheadLeft": 28.4386, "bus_lcPushy": 0.7648, "bus_lcSigma": 0.8958, "bus_lcSpeedGainRight": 2.3137, "bus_lcSublane": 0.4696, "bus_sigma": 0.235, "bus_tau_mean": 2.8401, "bus_tau_std": 1.8149, "bus_v_mean": 13.0285, "bus_v_std": 6.7185, "car_acc": 1.1108, "car_dcc": 2.1505, "car_lcAssertive": 27.3189, "car_lcCooperative": 0.4295, "car_lcLookaheadLeft": 40.6208, "car_lcPushy": 0.1766, "car_lcSigma": 0.4414, "car_lcSpeedGainRight": 2.6764, "car_lcSublane": 0.4836, "car_sigma": 0.8696, "car_tau_mean": 3.9342, "car_tau_std": 6.8098, "car_v_mean": 16.3905, "car_v_std": 4.0557}, "datetime": {"datetime": "2024-08-08 19:06:21", "elapsed": 6166.765857, "delta": 17.614371}}
{"target": -0.34692771022312835, "params": {"bus_acc": 4.7268, "bus_dcc": 3.6974, "bus_lcAssertive": 85.012, "bus_lcCooperative": 0.1007, "bus_lcLookaheadLeft": 13.9261, "bus_lcPushy": 0.1248, "bus_lcSigma": 0.9481, "bus_lcSpeedGainRight": 3.718, "bus_lcSublane": 0.0634, "bus_sigma": 0.4474, "bus_tau_mean": 1.2103, "bus_tau_std": 0.2515, "bus_v_mean": 10.9469, "bus_v_std": 0.7709, "car_acc": 1.2375, "car_dcc": 2.6706, "car_lcAssertive": 54.5921, "car_lcCooperative": 0.4922, "car_lcLookaheadLeft": 91.59, "car_lcPushy": 0.5829, "car_lcSigma": 0.5184, "car_lcSpeedGainRight": 3.6705, "car_lcSublane": 0.2002, "car_sigma": 0.7988, "car_tau_mean": 3.5271, "car_tau_std": 7.1652, "car_v_mean": 11.5991, "car_v_std": 16.294}, "datetime": {"datetime": "2024-08-08 19:06:33", "elapsed": 6178.56868, "delta": 11.802823}}
{"target": -0.32884089640135467, "params": {"bus_acc": 2.5276, "bus_dcc": 3.5981, "bus_lcAssertive": 43.269, "bus_lcCooperative": 0.6764, "bus_lcLookaheadLeft": 29.3071, "bus_lcPushy": 0.6705, "bus_lcSigma": 0.1724, "bus_lcSpeedGainRight": 4.3503, "bus_lcSublane": 0.7227, "bus_sigma": 0.7677, "bus_tau_mean": 2.3763, "bus_tau_std": 6.3092, "bus_v_mean": 21.9308, "bus_v_std": 4.5899, "car_acc": 2.9656, "car_dcc": 1.3949, "car_lcAssertive": 51.9799, "car_lcCooperative": 0.1235, "car_lcLookaheadLeft": 6.4003, "car_lcPushy": 0.1277, "car_lcSigma": 0.0271, "car_lcSpeedGainRight": 0.333, "car_lcSublane": 0.214, "car_sigma": 0.9566, "car_tau_mean": 3.615, "car_tau_std": 1.4891, "car_v_mean": 20.9736, "car_v_std": 7.2727}, "datetime": {"datetime": "2024-08-08 19:06:54", "elapsed": 6199.596711, "delta": 21.028031}}
{"target": -0.3205725186126021, "params": {"bus_acc": 3.4412, "bus_dcc": 2.1635, "bus_lcAssertive": 62.2063, "bus_lcCooperative": 0.3399, "bus_lcLookaheadLeft": 80.1355, "bus_lcPushy": 0.7295, "bus_lcSigma": 0.9608, "bus_lcSpeedGainRight": 3.7923, "bus_lcSublane": 0.8903, "bus_sigma": 0.2633, "bus_tau_mean": 2.5434, "bus_tau_std": 0.0607, "bus_v_mean": 14.8089, "bus_v_std": 2.489, "car_acc": 2.4197, "car_dcc": 3.2461, "car_lcAssertive": 53.1864, "car_lcCooperative": 0.6865, "car_lcLookaheadLeft": 88.5781, "car_lcPushy": 0.3229, "car_lcSigma": 0.4032, "car_lcSpeedGainRight": 4.0033, "car_lcSublane": 0.4641, "car_sigma": 0.2342, "car_tau_mean": 0.5068, "car_tau_std": 2.4708, "car_v_mean": 16.3339, "car_v_std": 11.9149}, "datetime": {"datetime": "2024-08-08 19:07:16", "elapsed": 6221.753127, "delta": 22.156416}}
{"target": -0.3712528404306945, "params": {"bus_acc": 3.6991, "bus_dcc": 3.2841, "bus_lcAssertive": 29.4765, "bus_lcCooperative": 0.3989, "bus_lcLookaheadLeft": 65.8029, "bus_lcPushy": 0.5644, "bus_lcSigma": 0.5105, "bus_lcSpeedGainRight": 2.0712, "bus_lcSublane": 0.7962, "bus_sigma": 0.8302, "bus_tau_mean": 3.4662, "bus_tau_std": 3.4796, "bus_v_mean": 14.5717, "bus_v_std": 9.5391, "car_acc": 3.7865, "car_dcc": 3.3905, "car_lcAssertive": 64.321, "car_lcCooperative": 0.1544, "car_lcLookaheadLeft": 33.4411, "car_lcPushy": 0.569, "car_lcSigma": 0.3014, "car_lcSpeedGainRight": 1.703, "car_lcSublane": 0.3236, "car_sigma": 0.0312, "car_tau_mean": 3.0614, "car_tau_std": 1.5308, "car_v_mean": 17.8589, "car_v_std": 0.2687}, "datetime": {"datetime": "2024-08-08 19:07:37", "elapsed": 6242.864588, "delta": 21.111461}}
{"target": -0.29761268583128714, "params": {"bus_acc": 3.2744, "bus_dcc": 1.4601, "bus_lcAssertive": 29.5361, "bus_lcCooperative": 0.2831, "bus_lcLookaheadLeft": 19.8514, "bus_lcPushy": 0.9049, "bus_lcSigma": 0.6971, "bus_lcSpeedGainRight": 4.4333, "bus_lcSublane": 0.3936, "bus_sigma": 0.2192, "bus_tau_mean": 3.2589, "bus_tau_std": 1.9786, "bus_v_mean": 12.8634, "bus_v_std": 6.7913, "car_acc": 1.5026, "car_dcc": 3.1939, "car_lcAssertive": 69.7279, "car_lcCooperative": 0.8484, "car_lcLookaheadLeft": 37.7253, "car_lcPushy": 0.3545, "car_lcSigma": 0.3818, "car_lcSpeedGainRight": 2.7842, "car_lcSublane": 0.3918, "car_sigma": 0.9847, "car_tau_mean": 3.0757, "car_tau_std": 1.3363, "car_v_mean": 19.2716, "car_v_std": 17.1535}, "datetime": {"datetime": "2024-08-08 19:07:52", "elapsed": 6257.584254, "delta": 14.719666}}
{"target": -0.3458021982810486, "params": {"bus_acc": 1.412, "bus_dcc": 2.8176, "bus_lcAssertive": 52.6479, "bus_lcCooperative": 0.3973, "bus_lcLookaheadLeft": 99.3227, "bus_lcPushy": 0.0372, "bus_lcSigma": 0.7079, "bus_lcSpeedGainRight": 4.3402, "bus_lcSublane": 0.5929, "bus_sigma": 0.3465, "bus_tau_mean": 2.0845, "bus_tau_std": 7.7143, "bus_v_mean": 16.5202, "bus_v_std": 9.5303, "car_acc": 2.9892, "car_dcc": 1.8765, "car_lcAssertive": 69.6153, "car_lcCooperative": 0.4642, "car_lcLookaheadLeft": 94.6068, "car_lcPushy": 0.9919, "car_lcSigma": 0.0709, "car_lcSpeedGainRight": 3.7881, "car_lcSublane": 0.9383, "car_sigma": 0.0635, "car_tau_mean": 3.7954, "car_tau_std": 8.7496, "car_v_mean": 10.1483, "car_v_std": 9.4698}, "datetime": {"datetime": "2024-08-08 19:08:13", "elapsed": 6278.172948, "delta": 20.588694}}
{"target": -0.28351128177730334, "params": {"bus_acc": 1.8351, "bus_dcc": 1.4577, "bus_lcAssertive": 51.1292, "bus_lcCooperative": 0.4907, "bus_lcLookaheadLeft": 72.5585, "bus_lcPushy": 0.7511, "bus_lcSigma": 0.3878, "bus_lcSpeedGainRight": 0.733, "bus_lcSublane": 0.163, "bus_sigma": 0.2971, "bus_tau_mean": 1.0655, "bus_tau_std": 6.062, "bus_v_mean": 20.7748, "bus_v_std": 16.4653, "car_acc": 4.3499, "car_dcc": 2.4318, "car_lcAssertive": 89.0564, "car_lcCooperative": 0.9811, "car_lcLookaheadLeft": 87.6687, "car_lcPushy": 0.2971, "car_lcSigma": 0.6842, "car_lcSpeedGainRight": 4.1299, "car_lcSublane": 0.2774, "car_sigma": 0.6903, "car_tau_mean": 2.8857, "car_tau_std": 8.8064, "car_v_mean": 19.7799, "car_v_std": 12.3295}, "datetime": {"datetime": "2024-08-08 19:08:29", "elapsed": 6294.524732, "delta": 16.351784}}
{"target": -0.29915929897716675, "params": {"bus_acc": 4.4662, "bus_dcc": 1.7196, "bus_lcAssertive": 13.9469, "bus_lcCooperative": 0.936, "bus_lcLookaheadLeft": 58.3258, "bus_lcPushy": 0.3321, "bus_lcSigma": 0.8547, "bus_lcSpeedGainRight": 3.671, "bus_lcSublane": 0.6156, "bus_sigma": 0.6477, "bus_tau_mean": 3.0543, "bus_tau_std": 6.5635, "bus_v_mean": 14.7872, "bus_v_std": 10.5102, "car_acc": 4.4028, "car_dcc": 3.7206, "car_lcAssertive": 39.1183, "car_lcCooperative": 0.6147, "car_lcLookaheadLeft": 67.2125, "car_lcPushy": 0.594, "car_lcSigma": 0.4846, "car_lcSpeedGainRight": 2.5844, "car_lcSublane": 0.3901, "car_sigma": 0.1672, "car_tau_mean": 1.8327, "car_tau_std": 8.6796, "car_v_mean": 21.1522, "car_v_std": 19.1654}, "datetime": {"datetime": "2024-08-08 19:08:44", "elapsed": 6309.477769, "delta": 14.953037}}
{"target": -0.3069988670427365, "params": {"bus_acc": 1.5109, "bus_dcc": 2.6569, "bus_lcAssertive": 95.8641, "bus_lcCooperative": 0.7736, "bus_lcLookaheadLeft": 71.4756, "bus_lcPushy": 0.733, "bus_lcSigma": 0.1597, "bus_lcSpeedGainRight": 2.2758, "bus_lcSublane": 0.0556, "bus_sigma": 0.006, "bus_tau_mean": 2.4003, "bus_tau_std": 8.7079, "bus_v_mean": 14.0381, "bus_v_std": 12.0424, "car_acc": 2.6403, "car_dcc": 3.016, "car_lcAssertive": 58.1694, "car_lcCooperative": 0.7961, "car_lcLookaheadLeft": 18.4313, "car_lcPushy": 0.8377, "car_lcSigma": 0.1403, "car_lcSpeedGainRight": 2.5381, "car_lcSublane": 0.3469, "car_sigma": 0.8184, "car_tau_mean": 2.9228, "car_tau_std": 6.9559, "car_v_mean": 14.4716, "car_v_std": 9.2334}, "datetime": {"datetime": "2024-08-08 19:09:06", "elapsed": 6331.508302, "delta": 22.030533}}
