{"target": -0.03509256831674091, "params": {"bus_acc": 2.92, "bus_dcc": 1.27, "bus_lcAssertive": 25.04, "bus_lcCooperative": 0.33, "bus_lcLookaheadLeft": 47.14, "bus_lcPushy": 0.85, "bus_lcSublane": 0.18, "bus_tau_mean": 3.9, "bus_tau_std": 8.23, "bus_v_mean": 12.65, "bus_v_std": 5.83, "car_acc": 1.13, "car_dcc": 3.81, "car_lcAssertive": 24.71, "car_lcCooperative": 0.61, "car_lcLookaheadLeft": 23.83, "car_lcPushy": 0.82, "car_lcSublane": 0.49, "car_tau_mean": 3.5, "car_tau_std": 8.05, "car_v_mean": 17.08, "car_v_std": 4.94}, "datetime": {"datetime": "2024-08-04 15:08:48", "elapsed": 2871.29856, "delta": 3.21493}}
{"target": -0.03742312069289584, "params": {"bus_acc": 1.01, "bus_dcc": 1.37, "bus_lcAssertive": 46.79, "bus_lcCooperative": 0.3, "bus_lcLookaheadLeft": 47.74, "bus_lcPushy": 0.48, "bus_lcSublane": 0.03, "bus_tau_mean": 2.45, "bus_tau_std": 9.29, "bus_v_mean": 18.31, "bus_v_std": 0.11, "car_acc": 1.58, "car_dcc": 2.28, "car_lcAssertive": 92.6, "car_lcCooperative": 0.63, "car_lcLookaheadLeft": 86.74, "car_lcPushy": 0.07, "car_lcSublane": 0.96, "car_tau_mean": 2.23, "car_tau_std": 1.13, "car_v_mean": 12.47, "car_v_std": 3.48}, "datetime": {"datetime": "2024-08-04 15:08:54", "elapsed": 2877.119143, "delta": 5.820583}}
{"target": -0.03652467208495549, "params": {"bus_acc": 2.65, "bus_dcc": 3.41, "bus_lcAssertive": 87.53, "bus_lcCooperative": 0.74, "bus_lcLookaheadLeft": 44.35, "bus_lcPushy": 0.16, "bus_lcSublane": 0.2, "bus_tau_mean": 3.51, "bus_tau_std": 8.03, "bus_v_mean": 21.46, "bus_v_std": 0.23, "car_acc": 2.11, "car_dcc": 3.92, "car_lcAssertive": 56.71, "car_lcCooperative": 0.63, "car_lcLookaheadLeft": 80.6, "car_lcPushy": 0.35, "car_lcSublane": 0.87, "car_tau_mean": 0.9, "car_tau_std": 2.52, "car_v_mean": 9.6, "car_v_std": 1.63}, "datetime": {"datetime": "2024-08-04 15:08:57", "elapsed": 2879.955698, "delta": 2.836555}}
{"target": -0.043543403127143616, "params": {"bus_acc": 2.96, "bus_dcc": 1.61, "bus_lcAssertive": 53.91, "bus_lcCooperative": 0.17, "bus_lcLookaheadLeft": 49.13, "bus_lcPushy": 0.57, "bus_lcSublane": 0.87, "bus_tau_mean": 1.56, "bus_tau_std": 5.35, "bus_v_mean": 15.74, "bus_v_std": 9.1, "car_acc": 2.85, "car_dcc": 3.49, "car_lcAssertive": 9.27, "car_lcCooperative": 0.87, "car_lcLookaheadLeft": 24.11, "car_lcPushy": 0.18, "car_lcSublane": 0.76, "car_tau_mean": 2.5, "car_tau_std": 4.07, "car_v_mean": 19.87, "car_v_std": 3.67}, "datetime": {"datetime": "2024-08-04 15:09:11", "elapsed": 2893.997339, "delta": 14.041641}}
{"target": -0.04381880724035675, "params": {"bus_acc": 2.11, "bus_dcc": 2.88, "bus_lcAssertive": 21.29, "bus_lcCooperative": 0.43, "bus_lcLookaheadLeft": 45.42, "bus_lcPushy": 0.2, "bus_lcSublane": 0.18, "bus_tau_mean": 1.85, "bus_tau_std": 1.7, "bus_v_mean": 12.48, "bus_v_std": 7.2, "car_acc": 2.76, "car_dcc": 1.33, "car_lcAssertive": 82.69, "car_lcCooperative": 0.7, "car_lcLookaheadLeft": 19.26, "car_lcPushy": 0.44, "car_lcSublane": 0.07, "car_tau_mean": 2.32, "car_tau_std": 3.48, "car_v_mean": 21.39, "car_v_std": 6.94}, "datetime": {"datetime": "2024-08-04 15:09:21", "elapsed": 2904.245942, "delta": 10.248603}}
{"target": -0.03963886711738252, "params": {"bus_acc": 2.73, "bus_dcc": 1.67, "bus_lcAssertive": 25.81, "bus_lcCooperative": 0.91, "bus_lcLookaheadLeft": 46.29, "bus_lcPushy": 0.15, "bus_lcSublane": 0.41, "bus_tau_mean": 0.7, "bus_tau_std": 2.83, "bus_v_mean": 12.76, "bus_v_std": 6.41, "car_acc": 2.17, "car_dcc": 1.48, "car_lcAssertive": 14.42, "car_lcCooperative": 0.4, "car_lcLookaheadLeft": 95.58, "car_lcPushy": 0.92, "car_lcSublane": 0.39, "car_tau_mean": 1.57, "car_tau_std": 8.53, "car_v_mean": 19.66, "car_v_std": 8.01}, "datetime": {"datetime": "2024-08-04 15:09:28", "elapsed": 2911.15988, "delta": 6.913938}}
{"target": -0.036564481996590695, "params": {"bus_acc": 2.06, "bus_dcc": 2.89, "bus_lcAssertive": 54.38, "bus_lcCooperative": 0.62, "bus_lcLookaheadLeft": 10.47, "bus_lcPushy": 0.5, "bus_lcSublane": 0.49, "bus_tau_mean": 0.6, "bus_tau_std": 2.81, "bus_v_mean": 20.6, "bus_v_std": 8.65, "car_acc": 2.3, "car_dcc": 1.14, "car_lcAssertive": 62.32, "car_lcCooperative": 0.83, "car_lcLookaheadLeft": 57.23, "car_lcPushy": 0.48, "car_lcSublane": 0.37, "car_tau_mean": 2.97, "car_tau_std": 8.83, "car_v_mean": 9.13, "car_v_std": 7.28}, "datetime": {"datetime": "2024-08-04 15:09:31", "elapsed": 2913.93701, "delta": 2.77713}}
{"target": -0.03143356652513878, "params": {"bus_acc": 1.25, "bus_dcc": 2.03, "bus_lcAssertive": 12.17, "bus_lcCooperative": 0.71, "bus_lcLookaheadLeft": 63.7, "bus_lcPushy": 0.76, "bus_lcSublane": 0.8, "bus_tau_mean": 2.49, "bus_tau_std": 5.35, "bus_v_mean": 19.56, "bus_v_std": 1.0, "car_acc": 1.08, "car_dcc": 1.07, "car_lcAssertive": 67.34, "car_lcCooperative": 0.35, "car_lcLookaheadLeft": 37.09, "car_lcPushy": 0.8, "car_lcSublane": 0.42, "car_tau_mean": 2.5, "car_tau_std": 3.31, "car_v_mean": 22.19, "car_v_std": 3.78}, "datetime": {"datetime": "2024-08-04 15:09:35", "elapsed": 2918.381902, "delta": 4.444892}}
{"target": -0.04368914885192257, "params": {"bus_acc": 1.45, "bus_dcc": 3.33, "bus_lcAssertive": 12.73, "bus_lcCooperative": 0.19, "bus_lcLookaheadLeft": 12.68, "bus_lcPushy": 0.98, "bus_lcSublane": 0.64, "bus_tau_mean": 2.94, "bus_tau_std": 7.11, "bus_v_mean": 20.32, "bus_v_std": 0.69, "car_acc": 2.18, "car_dcc": 2.66, "car_lcAssertive": 92.51, "car_lcCooperative": 0.66, "car_lcLookaheadLeft": 82.54, "car_lcPushy": 0.97, "car_lcSublane": 0.49, "car_tau_mean": 3.1, "car_tau_std": 1.23, "car_v_mean": 22.86, "car_v_std": 8.18}, "datetime": {"datetime": "2024-08-04 15:10:27", "elapsed": 2969.897907, "delta": 51.516005}}
{"target": -0.04002006600217, "params": {"bus_acc": 2.65, "bus_dcc": 1.15, "bus_lcAssertive": 23.8, "bus_lcCooperative": 0.87, "bus_lcLookaheadLeft": 36.01, "bus_lcPushy": 0.62, "bus_lcSublane": 0.96, "bus_tau_mean": 3.36, "bus_tau_std": 7.93, "bus_v_mean": 15.53, "bus_v_std": 3.66, "car_acc": 2.03, "car_dcc": 3.07, "car_lcAssertive": 54.27, "car_lcCooperative": 0.96, "car_lcLookaheadLeft": 22.9, "car_lcPushy": 0.02, "car_lcSublane": 0.61, "car_tau_mean": 3.31, "car_tau_std": 7.98, "car_v_mean": 15.43, "car_v_std": 6.71}, "datetime": {"datetime": "2024-08-04 15:11:01", "elapsed": 3004.422144, "delta": 34.524237}}
{"target": -0.042103067634977336, "params": {"bus_acc": 2.8, "bus_dcc": 3.34, "bus_lcAssertive": 87.68, "bus_lcCooperative": 0.57, "bus_lcLookaheadLeft": 4.17, "bus_lcPushy": 0.54, "bus_lcSublane": 0.96, "bus_tau_mean": 3.84, "bus_tau_std": 9.58, "bus_v_mean": 9.69, "bus_v_std": 1.46, "car_acc": 2.26, "car_dcc": 1.34, "car_lcAssertive": 11.87, "car_lcCooperative": 0.98, "car_lcLookaheadLeft": 72.58, "car_lcPushy": 0.75, "car_lcSublane": 0.01, "car_tau_mean": 3.0, "car_tau_std": 1.71, "car_v_mean": 23.64, "car_v_std": 1.73}, "datetime": {"datetime": "2024-08-04 15:11:20", "elapsed": 3023.772237, "delta": 19.350093}}
{"target": -0.0322156531211054, "params": {"bus_acc": 2.77, "bus_dcc": 3.26, "bus_lcAssertive": 52.68, "bus_lcCooperative": 0.29, "bus_lcLookaheadLeft": 67.64, "bus_lcPushy": 0.66, "bus_lcSublane": 0.18, "bus_tau_mean": 1.7, "bus_tau_std": 3.14, "bus_v_mean": 13.93, "bus_v_std": 1.57, "car_acc": 2.74, "car_dcc": 2.32, "car_lcAssertive": 44.21, "car_lcCooperative": 0.88, "car_lcLookaheadLeft": 57.56, "car_lcPushy": 0.12, "car_lcSublane": 0.46, "car_tau_mean": 0.65, "car_tau_std": 5.22, "car_v_mean": 8.06, "car_v_std": 0.4}, "datetime": {"datetime": "2024-08-04 15:11:39", "elapsed": 3042.202186, "delta": 18.429949}}
{"target": -0.04823471983735289, "params": {"bus_acc": 2.8, "bus_dcc": 3.02, "bus_lcAssertive": 68.95, "bus_lcCooperative": 0.51, "bus_lcLookaheadLeft": 60.88, "bus_lcPushy": 0.67, "bus_lcSublane": 0.81, "bus_tau_mean": 0.92, "bus_tau_std": 5.89, "bus_v_mean": 18.94, "bus_v_std": 9.91, "car_acc": 2.91, "car_dcc": 1.91, "car_lcAssertive": 33.65, "car_lcCooperative": 0.65, "car_lcLookaheadLeft": 71.19, "car_lcPushy": 0.86, "car_lcSublane": 0.76, "car_tau_mean": 1.4, "car_tau_std": 6.9, "car_v_mean": 16.79, "car_v_std": 0.7}, "datetime": {"datetime": "2024-08-04 15:11:47", "elapsed": 3050.321289, "delta": 8.119103}}
{"target": -0.04555751137201764, "params": {"bus_acc": 1.66, "bus_dcc": 1.09, "bus_lcAssertive": 30.67, "bus_lcCooperative": 0.64, "bus_lcLookaheadLeft": 66.32, "bus_lcPushy": 0.78, "bus_lcSublane": 0.09, "bus_tau_mean": 1.11, "bus_tau_std": 7.92, "bus_v_mean": 17.56, "bus_v_std": 6.2, "car_acc": 1.18, "car_dcc": 2.86, "car_lcAssertive": 30.36, "car_lcCooperative": 0.53, "car_lcLookaheadLeft": 72.87, "car_lcPushy": 0.64, "car_lcSublane": 0.26, "car_tau_mean": 1.68, "car_tau_std": 3.24, "car_v_mean": 19.87, "car_v_std": 0.34}, "datetime": {"datetime": "2024-08-04 15:11:50", "elapsed": 3053.265338, "delta": 2.944049}}
{"target": -0.03624402648442717, "params": {"bus_acc": 1.64, "bus_dcc": 2.1, "bus_lcAssertive": 51.9, "bus_lcCooperative": 0.61, "bus_lcLookaheadLeft": 98.61, "bus_lcPushy": 0.12, "bus_lcSublane": 0.69, "bus_tau_mean": 3.78, "bus_tau_std": 9.68, "bus_v_mean": 17.84, "bus_v_std": 2.1, "car_acc": 1.29, "car_dcc": 3.77, "car_lcAssertive": 24.58, "car_lcCooperative": 0.28, "car_lcLookaheadLeft": 32.74, "car_lcPushy": 0.17, "car_lcSublane": 0.61, "car_tau_mean": 0.56, "car_tau_std": 5.64, "car_v_mean": 14.89, "car_v_std": 6.74}, "datetime": {"datetime": "2024-08-04 15:11:54", "elapsed": 3057.536339, "delta": 4.271001}}
{"target": -0.04232115082118665, "params": {"bus_acc": 1.89, "bus_dcc": 3.28, "bus_lcAssertive": 79.78, "bus_lcCooperative": 0.08, "bus_lcLookaheadLeft": 85.93, "bus_lcPushy": 0.02, "bus_lcSublane": 0.54, "bus_tau_mean": 2.23, "bus_tau_std": 5.14, "bus_v_mean": 13.12, "bus_v_std": 7.97, "car_acc": 1.54, "car_dcc": 1.57, "car_lcAssertive": 16.75, "car_lcCooperative": 0.46, "car_lcLookaheadLeft": 69.82, "car_lcPushy": 0.2, "car_lcSublane": 0.04, "car_tau_mean": 3.51, "car_tau_std": 6.45, "car_v_mean": 14.41, "car_v_std": 2.93}, "datetime": {"datetime": "2024-08-04 15:12:05", "elapsed": 3067.87731, "delta": 10.340971}}
{"target": -0.03046594514555324, "params": {"bus_acc": 2.73, "bus_dcc": 3.55, "bus_lcAssertive": 95.25, "bus_lcCooperative": 0.31, "bus_lcLookaheadLeft": 62.31, "bus_lcPushy": 0.19, "bus_lcSublane": 0.67, "bus_tau_mean": 2.4, "bus_tau_std": 2.01, "bus_v_mean": 13.25, "bus_v_std": 1.01, "car_acc": 1.11, "car_dcc": 3.09, "car_lcAssertive": 11.0, "car_lcCooperative": 0.23, "car_lcLookaheadLeft": 97.1, "car_lcPushy": 0.54, "car_lcSublane": 0.22, "car_tau_mean": 2.22, "car_tau_std": 7.33, "car_v_mean": 16.98, "car_v_std": 9.39}, "datetime": {"datetime": "2024-08-04 15:12:22", "elapsed": 3084.838329, "delta": 16.961019}}
{"target": -0.042412423022652516, "params": {"bus_acc": 2.3, "bus_dcc": 2.07, "bus_lcAssertive": 30.81, "bus_lcCooperative": 0.62, "bus_lcLookaheadLeft": 96.64, "bus_lcPushy": 0.25, "bus_lcSublane": 0.02, "bus_tau_mean": 1.76, "bus_tau_std": 6.25, "bus_v_mean": 20.22, "bus_v_std": 6.95, "car_acc": 1.29, "car_dcc": 2.61, "car_lcAssertive": 33.9, "car_lcCooperative": 0.36, "car_lcLookaheadLeft": 35.66, "car_lcPushy": 0.74, "car_lcSublane": 0.65, "car_tau_mean": 2.65, "car_tau_std": 6.67, "car_v_mean": 17.81, "car_v_std": 6.12}, "datetime": {"datetime": "2024-08-04 15:12:30", "elapsed": 3093.609122, "delta": 8.770793}}
{"target": -0.04139092266188127, "params": {"bus_acc": 2.59, "bus_dcc": 1.33, "bus_lcAssertive": 67.1, "bus_lcCooperative": 0.06, "bus_lcLookaheadLeft": 87.83, "bus_lcPushy": 0.06, "bus_lcSublane": 0.2, "bus_tau_mean": 0.67, "bus_tau_std": 5.08, "bus_v_mean": 21.87, "bus_v_std": 8.72, "car_acc": 2.06, "car_dcc": 3.56, "car_lcAssertive": 86.26, "car_lcCooperative": 0.12, "car_lcLookaheadLeft": 91.65, "car_lcPushy": 0.47, "car_lcSublane": 0.19, "car_tau_mean": 0.81, "car_tau_std": 3.99, "car_v_mean": 15.41, "car_v_std": 5.03}, "datetime": {"datetime": "2024-08-04 15:12:36", "elapsed": 3099.276081, "delta": 5.666959}}
{"target": -0.047355206344951, "params": {"bus_acc": 2.85, "bus_dcc": 2.6, "bus_lcAssertive": 47.33, "bus_lcCooperative": 0.15, "bus_lcLookaheadLeft": 94.81, "bus_lcPushy": 0.46, "bus_lcSublane": 0.88, "bus_tau_mean": 0.99, "bus_tau_std": 4.13, "bus_v_mean": 18.6, "bus_v_std": 7.32, "car_acc": 2.11, "car_dcc": 2.0, "car_lcAssertive": 77.43, "car_lcCooperative": 0.48, "car_lcLookaheadLeft": 62.1, "car_lcPushy": 0.94, "car_lcSublane": 0.12, "car_tau_mean": 1.08, "car_tau_std": 1.94, "car_v_mean": 22.4, "car_v_std": 6.77}, "datetime": {"datetime": "2024-08-04 15:12:38", "elapsed": 3101.760319, "delta": 2.484238}}
{"target": -0.02918268420634021, "params": {"bus_acc": 1.88, "bus_dcc": 2.28, "bus_lcAssertive": 64.11, "bus_lcCooperative": 0.16, "bus_lcLookaheadLeft": 74.02, "bus_lcPushy": 0.25, "bus_lcSublane": 0.56, "bus_tau_mean": 2.68, "bus_tau_std": 8.22, "bus_v_mean": 11.69, "bus_v_std": 1.97, "car_acc": 2.09, "car_dcc": 2.33, "car_lcAssertive": 52.9, "car_lcCooperative": 0.72, "car_lcLookaheadLeft": 79.33, "car_lcPushy": 0.9, "car_lcSublane": 0.96, "car_tau_mean": 2.42, "car_tau_std": 4.35, "car_v_mean": 8.07, "car_v_std": 3.91}, "datetime": {"datetime": "2024-08-04 15:12:41", "elapsed": 3104.621178, "delta": 2.860859}}
{"target": -0.042405820605843886, "params": {"bus_acc": 1.92, "bus_dcc": 2.61, "bus_lcAssertive": 42.22, "bus_lcCooperative": 0.52, "bus_lcLookaheadLeft": 90.65, "bus_lcPushy": 0.24, "bus_lcSublane": 0.69, "bus_tau_mean": 3.07, "bus_tau_std": 2.34, "bus_v_mean": 14.68, "bus_v_std": 4.13, "car_acc": 1.22, "car_dcc": 2.93, "car_lcAssertive": 66.69, "car_lcCooperative": 0.96, "car_lcLookaheadLeft": 40.12, "car_lcPushy": 0.36, "car_lcSublane": 0.42, "car_tau_mean": 3.92, "car_tau_std": 5.58, "car_v_mean": 19.71, "car_v_std": 3.61}, "datetime": {"datetime": "2024-08-04 15:12:43", "elapsed": 3106.658802, "delta": 2.037624}}
{"target": -0.044843324030482995, "params": {"bus_acc": 1.11, "bus_dcc": 2.76, "bus_lcAssertive": 85.83, "bus_lcCooperative": 0.35, "bus_lcLookaheadLeft": 23.01, "bus_lcPushy": 0.29, "bus_lcSublane": 0.62, "bus_tau_mean": 0.88, "bus_tau_std": 8.55, "bus_v_mean": 11.21, "bus_v_std": 0.01, "car_acc": 2.24, "car_dcc": 2.89, "car_lcAssertive": 37.57, "car_lcCooperative": 0.79, "car_lcLookaheadLeft": 36.06, "car_lcPushy": 0.35, "car_lcSublane": 0.86, "car_tau_mean": 3.4, "car_tau_std": 0.62, "car_v_mean": 14.7, "car_v_std": 0.81}, "datetime": {"datetime": "2024-08-04 15:13:02", "elapsed": 3124.957795, "delta": 18.298993}}
{"target": -0.04147824894159319, "params": {"bus_acc": 1.11, "bus_dcc": 3.89, "bus_lcAssertive": 82.07, "bus_lcCooperative": 0.67, "bus_lcLookaheadLeft": 80.25, "bus_lcPushy": 0.99, "bus_lcSublane": 0.23, "bus_tau_mean": 1.96, "bus_tau_std": 6.54, "bus_v_mean": 16.79, "bus_v_std": 8.59, "car_acc": 1.76, "car_dcc": 1.86, "car_lcAssertive": 57.87, "car_lcCooperative": 0.45, "car_lcLookaheadLeft": 63.52, "car_lcPushy": 0.87, "car_lcSublane": 0.81, "car_tau_mean": 3.82, "car_tau_std": 2.29, "car_v_mean": 20.94, "car_v_std": 9.59}, "datetime": {"datetime": "2024-08-04 15:13:04", "elapsed": 3127.422466, "delta": 2.464671}}
{"target": -0.03530946454501759, "params": {"bus_acc": 1.59, "bus_dcc": 3.92, "bus_lcAssertive": 57.96, "bus_lcCooperative": 0.35, "bus_lcLookaheadLeft": 29.46, "bus_lcPushy": 0.55, "bus_lcSublane": 0.58, "bus_tau_mean": 3.4, "bus_tau_std": 4.79, "bus_v_mean": 9.34, "bus_v_std": 3.51, "car_acc": 2.16, "car_dcc": 3.76, "car_lcAssertive": 99.8, "car_lcCooperative": 0.03, "car_lcLookaheadLeft": 43.95, "car_lcPushy": 0.03, "car_lcSublane": 0.11, "car_tau_mean": 1.93, "car_tau_std": 8.8, "car_v_mean": 10.95, "car_v_std": 9.39}, "datetime": {"datetime": "2024-08-04 15:13:07", "elapsed": 3130.441104, "delta": 3.018638}}
{"target": -0.043149715106576086, "params": {"bus_acc": 1.99, "bus_dcc": 2.5, "bus_lcAssertive": 84.65, "bus_lcCooperative": 0.87, "bus_lcLookaheadLeft": 16.06, "bus_lcPushy": 0.05, "bus_lcSublane": 0.57, "bus_tau_mean": 1.02, "bus_tau_std": 6.27, "bus_v_mean": 11.2, "bus_v_std": 7.24, "car_acc": 2.43, "car_dcc": 2.33, "car_lcAssertive": 67.09, "car_lcCooperative": 0.09, "car_lcLookaheadLeft": 64.33, "car_lcPushy": 0.36, "car_lcSublane": 0.53, "car_tau_mean": 3.19, "car_tau_std": 3.43, "car_v_mean": 20.73, "car_v_std": 7.65}, "datetime": {"datetime": "2024-08-04 15:13:10", "elapsed": 3133.005772, "delta": 2.564668}}
{"target": -0.03293550566509416, "params": {"bus_acc": 1.89, "bus_dcc": 1.8, "bus_lcAssertive": 88.62, "bus_lcCooperative": 0.3, "bus_lcLookaheadLeft": 53.68, "bus_lcPushy": 0.89, "bus_lcSublane": 0.77, "bus_tau_mean": 3.6, "bus_tau_std": 2.96, "bus_v_mean": 18.63, "bus_v_std": 8.57, "car_acc": 1.12, "car_dcc": 1.19, "car_lcAssertive": 33.59, "car_lcCooperative": 0.25, "car_lcLookaheadLeft": 78.17, "car_lcPushy": 0.11, "car_lcSublane": 0.51, "car_tau_mean": 1.97, "car_tau_std": 0.57, "car_v_mean": 9.11, "car_v_std": 0.3}, "datetime": {"datetime": "2024-08-04 15:13:14", "elapsed": 3136.878212, "delta": 3.87244}}
{"target": -0.042029142482565784, "params": {"bus_acc": 1.9, "bus_dcc": 1.94, "bus_lcAssertive": 78.68, "bus_lcCooperative": 0.68, "bus_lcLookaheadLeft": 72.47, "bus_lcPushy": 0.37, "bus_lcSublane": 0.63, "bus_tau_mean": 1.94, "bus_tau_std": 4.71, "bus_v_mean": 10.43, "bus_v_std": 8.35, "car_acc": 2.05, "car_dcc": 2.37, "car_lcAssertive": 69.66, "car_lcCooperative": 0.07, "car_lcLookaheadLeft": 85.59, "car_lcPushy": 0.87, "car_lcSublane": 0.04, "car_tau_mean": 3.35, "car_tau_std": 8.76, "car_v_mean": 16.95, "car_v_std": 9.68}, "datetime": {"datetime": "2024-08-04 15:13:16", "elapsed": 3139.112716, "delta": 2.234504}}
{"target": -0.03996358358813912, "params": {"bus_acc": 1.01, "bus_dcc": 3.27, "bus_lcAssertive": 74.82, "bus_lcCooperative": 0.94, "bus_lcLookaheadLeft": 74.37, "bus_lcPushy": 0.59, "bus_lcSublane": 0.84, "bus_tau_mean": 2.46, "bus_tau_std": 3.31, "bus_v_mean": 15.22, "bus_v_std": 9.78, "car_acc": 1.1, "car_dcc": 3.67, "car_lcAssertive": 15.42, "car_lcCooperative": 0.88, "car_lcLookaheadLeft": 17.3, "car_lcPushy": 0.12, "car_lcSublane": 0.77, "car_tau_mean": 2.4, "car_tau_std": 5.53, "car_v_mean": 22.62, "car_v_std": 6.64}, "datetime": {"datetime": "2024-08-04 15:13:23", "elapsed": 3145.893027, "delta": 6.780311}}
{"target": -0.04343686731411615, "params": {"bus_acc": 2.12, "bus_dcc": 1.95, "bus_lcAssertive": 74.56, "bus_lcCooperative": 0.41, "bus_lcLookaheadLeft": 12.78, "bus_lcPushy": 0.5, "bus_lcSublane": 0.17, "bus_tau_mean": 1.57, "bus_tau_std": 5.14, "bus_v_mean": 10.61, "bus_v_std": 2.52, "car_acc": 2.37, "car_dcc": 3.99, "car_lcAssertive": 50.91, "car_lcCooperative": 0.28, "car_lcLookaheadLeft": 92.45, "car_lcPushy": 0.75, "car_lcSublane": 0.02, "car_tau_mean": 2.89, "car_tau_std": 9.76, "car_v_mean": 21.51, "car_v_std": 1.12}, "datetime": {"datetime": "2024-08-04 15:13:28", "elapsed": 3151.629308, "delta": 5.736281}}
{"target": -0.037130716824555314, "params": {"bus_acc": 1.78, "bus_dcc": 2.16, "bus_lcAssertive": 65.07, "bus_lcCooperative": 0.17, "bus_lcLookaheadLeft": 22.34, "bus_lcPushy": 0.52, "bus_lcSublane": 0.32, "bus_tau_mean": 0.5, "bus_tau_std": 5.07, "bus_v_mean": 10.04, "bus_v_std": 6.07, "car_acc": 1.26, "car_dcc": 2.34, "car_lcAssertive": 35.87, "car_lcCooperative": 0.96, "car_lcLookaheadLeft": 86.08, "car_lcPushy": 0.24, "car_lcSublane": 0.8, "car_tau_mean": 1.74, "car_tau_std": 9.78, "car_v_mean": 14.35, "car_v_std": 3.56}, "datetime": {"datetime": "2024-08-04 15:13:32", "elapsed": 3155.515203, "delta": 3.885895}}
{"target": -0.03982209589073895, "params": {"bus_acc": 1.84, "bus_dcc": 1.95, "bus_lcAssertive": 26.0, "bus_lcCooperative": 0.96, "bus_lcLookaheadLeft": 32.26, "bus_lcPushy": 0.31, "bus_lcSublane": 0.57, "bus_tau_mean": 2.23, "bus_tau_std": 3.99, "bus_v_mean": 9.47, "bus_v_std": 6.6, "car_acc": 1.48, "car_dcc": 3.82, "car_lcAssertive": 62.83, "car_lcCooperative": 0.02, "car_lcLookaheadLeft": 64.45, "car_lcPushy": 0.63, "car_lcSublane": 0.64, "car_tau_mean": 2.28, "car_tau_std": 1.71, "car_v_mean": 15.95, "car_v_std": 1.51}, "datetime": {"datetime": "2024-08-04 15:13:35", "elapsed": 3158.009798, "delta": 2.494595}}
{"target": -0.03401892501729274, "params": {"bus_acc": 2.25, "bus_dcc": 3.88, "bus_lcAssertive": 85.62, "bus_lcCooperative": 0.21, "bus_lcLookaheadLeft": 42.46, "bus_lcPushy": 0.17, "bus_lcSublane": 0.79, "bus_tau_mean": 2.24, "bus_tau_std": 6.14, "bus_v_mean": 8.75, "bus_v_std": 1.46, "car_acc": 1.99, "car_dcc": 3.39, "car_lcAssertive": 94.9, "car_lcCooperative": 0.19, "car_lcLookaheadLeft": 76.47, "car_lcPushy": 0.89, "car_lcSublane": 0.25, "car_tau_mean": 3.04, "car_tau_std": 4.49, "car_v_mean": 18.03, "car_v_std": 7.3}, "datetime": {"datetime": "2024-08-04 15:13:41", "elapsed": 3164.683119, "delta": 6.673321}}
{"target": -0.04789917893008137, "params": {"bus_acc": 2.94, "bus_dcc": 3.55, "bus_lcAssertive": 4.05, "bus_lcCooperative": 0.34, "bus_lcLookaheadLeft": 98.24, "bus_lcPushy": 0.02, "bus_lcSublane": 0.65, "bus_tau_mean": 0.54, "bus_tau_std": 0.1, "bus_v_mean": 21.44, "bus_v_std": 3.16, "car_acc": 2.11, "car_dcc": 3.81, "car_lcAssertive": 96.15, "car_lcCooperative": 0.62, "car_lcLookaheadLeft": 73.65, "car_lcPushy": 0.26, "car_lcSublane": 0.93, "car_tau_mean": 2.84, "car_tau_std": 2.44, "car_v_mean": 16.51, "car_v_std": 5.22}, "datetime": {"datetime": "2024-08-04 15:13:53", "elapsed": 3176.788827, "delta": 12.105708}}
{"target": -0.03934262371453208, "params": {"bus_acc": 2.22, "bus_dcc": 2.61, "bus_lcAssertive": 18.38, "bus_lcCooperative": 0.28, "bus_lcLookaheadLeft": 86.82, "bus_lcPushy": 0.02, "bus_lcSublane": 0.08, "bus_tau_mean": 2.64, "bus_tau_std": 9.67, "bus_v_mean": 17.05, "bus_v_std": 9.88, "car_acc": 1.01, "car_dcc": 2.61, "car_lcAssertive": 13.43, "car_lcCooperative": 0.13, "car_lcLookaheadLeft": 92.27, "car_lcPushy": 0.45, "car_lcSublane": 0.45, "car_tau_mean": 3.81, "car_tau_std": 5.2, "car_v_mean": 19.96, "car_v_std": 3.71}, "datetime": {"datetime": "2024-08-04 15:14:03", "elapsed": 3186.423076, "delta": 9.634249}}
