{"target": -0.04517276972198495, "params": {"bus_acc": 1.23, "bus_dcc": 3.05, "bus_lcAssertive": 71.17, "bus_lcCooperative": 0.65, "bus_lcLookaheadLeft": 34.91, "bus_lcPushy": 0.77, "bus_lcSublane": 0.17, "bus_max_v": 24.62, "bus_tau_mean": 3.57, "bus_tau_std": 1.99, "car_acc": 1.28, "car_dcc": 1.53, "car_lcAssertive": 4.19, "car_lcCooperative": 0.23, "car_lcLookaheadLeft": 19.94, "car_lcPushy": 0.75, "car_lcSublane": 0.99, "car_max_v": 20.54, "car_tau_mean": 2.25, "car_tau_std": 8.31}, "datetime": {"datetime": "2024-08-04 12:21:22", "elapsed": 2756.994197, "delta": 3.168756}}
{"target": -0.05421499207424376, "params": {"bus_acc": 1.8, "bus_dcc": 2.06, "bus_lcAssertive": 85.83, "bus_lcCooperative": 0.9, "bus_lcLookaheadLeft": 77.39, "bus_lcPushy": 0.93, "bus_lcSublane": 0.71, "bus_max_v": 16.51, "bus_tau_mean": 3.54, "bus_tau_std": 4.97, "car_acc": 1.59, "car_dcc": 2.89, "car_lcAssertive": 84.67, "car_lcCooperative": 0.93, "car_lcLookaheadLeft": 74.02, "car_lcPushy": 0.4, "car_lcSublane": 0.38, "car_max_v": 27.61, "car_tau_mean": 2.44, "car_tau_std": 9.42}, "datetime": {"datetime": "2024-08-04 12:21:29", "elapsed": 2764.070512, "delta": 7.076315}}
{"target": -0.042380619933704684, "params": {"bus_acc": 1.27, "bus_dcc": 3.28, "bus_lcAssertive": 78.81, "bus_lcCooperative": 0.2, "bus_lcLookaheadLeft": 60.11, "bus_lcPushy": 0.45, "bus_lcSublane": 0.86, "bus_max_v": 29.76, "bus_tau_mean": 1.22, "bus_tau_std": 7.19, "car_acc": 2.49, "car_dcc": 1.03, "car_lcAssertive": 62.57, "car_lcCooperative": 0.64, "car_lcLookaheadLeft": 16.74, "car_lcPushy": 0.81, "car_lcSublane": 0.69, "car_max_v": 27.08, "car_tau_mean": 1.0, "car_tau_std": 0.5}, "datetime": {"datetime": "2024-08-04 12:21:39", "elapsed": 2774.091439, "delta": 10.020927}}
{"target": -0.049726280867086976, "params": {"bus_acc": 1.65, "bus_dcc": 2.42, "bus_lcAssertive": 65.08, "bus_lcCooperative": 0.28, "bus_lcLookaheadLeft": 87.93, "bus_lcPushy": 0.22, "bus_lcSublane": 0.92, "bus_max_v": 14.37, "bus_tau_mean": 3.75, "bus_tau_std": 6.63, "car_acc": 2.62, "car_dcc": 1.78, "car_lcAssertive": 68.11, "car_lcCooperative": 0.18, "car_lcLookaheadLeft": 15.48, "car_lcPushy": 0.08, "car_lcSublane": 0.63, "car_max_v": 14.68, "car_tau_mean": 2.92, "car_tau_std": 0.46}, "datetime": {"datetime": "2024-08-04 12:21:47", "elapsed": 2781.493857, "delta": 7.402418}}
{"target": -0.05506708633601315, "params": {"bus_acc": 1.74, "bus_dcc": 3.73, "bus_lcAssertive": 9.64, "bus_lcCooperative": 0.45, "bus_lcLookaheadLeft": 30.6, "bus_lcPushy": 0.91, "bus_lcSublane": 0.44, "bus_max_v": 19.7, "bus_tau_mean": 2.76, "bus_tau_std": 7.16, "car_acc": 2.76, "car_dcc": 1.84, "car_lcAssertive": 96.13, "car_lcCooperative": 0.89, "car_lcLookaheadLeft": 42.36, "car_lcPushy": 0.52, "car_lcSublane": 0.79, "car_max_v": 22.21, "car_tau_mean": 1.35, "car_tau_std": 8.6}, "datetime": {"datetime": "2024-08-04 12:21:54", "elapsed": 2788.502213, "delta": 7.008356}}
{"target": -0.05452141881106248, "params": {"bus_acc": 1.9, "bus_dcc": 3.71, "bus_lcAssertive": 43.61, "bus_lcCooperative": 0.44, "bus_lcLookaheadLeft": 29.33, "bus_lcPushy": 0.53, "bus_lcSublane": 0.6, "bus_max_v": 28.59, "bus_tau_mean": 0.57, "bus_tau_std": 5.85, "car_acc": 2.92, "car_dcc": 1.74, "car_lcAssertive": 96.23, "car_lcCooperative": 0.83, "car_lcLookaheadLeft": 92.18, "car_lcPushy": 0.95, "car_lcSublane": 0.6, "car_max_v": 16.46, "car_tau_mean": 1.4, "car_tau_std": 4.92}, "datetime": {"datetime": "2024-08-04 12:21:57", "elapsed": 2791.618412, "delta": 3.116199}}
{"target": -0.05186239280953416, "params": {"bus_acc": 2.43, "bus_dcc": 3.26, "bus_lcAssertive": 20.42, "bus_lcCooperative": 0.87, "bus_lcLookaheadLeft": 15.49, "bus_lcPushy": 0.06, "bus_lcSublane": 0.13, "bus_max_v": 29.95, "bus_tau_mean": 2.14, "bus_tau_std": 9.87, "car_acc": 1.41, "car_dcc": 2.38, "car_lcAssertive": 3.3, "car_lcCooperative": 0.62, "car_lcLookaheadLeft": 8.99, "car_lcPushy": 0.04, "car_lcSublane": 0.9, "car_max_v": 26.72, "car_tau_mean": 1.83, "car_tau_std": 2.46}, "datetime": {"datetime": "2024-08-04 12:22:11", "elapsed": 2805.714668, "delta": 14.096256}}
{"target": -0.05603537998636362, "params": {"bus_acc": 2.55, "bus_dcc": 3.56, "bus_lcAssertive": 67.8, "bus_lcCooperative": 0.9, "bus_lcLookaheadLeft": 2.13, "bus_lcPushy": 0.86, "bus_lcSublane": 0.87, "bus_max_v": 16.03, "bus_tau_mean": 3.96, "bus_tau_std": 4.98, "car_acc": 1.8, "car_dcc": 2.61, "car_lcAssertive": 29.74, "car_lcCooperative": 0.17, "car_lcLookaheadLeft": 85.16, "car_lcPushy": 0.31, "car_lcSublane": 0.33, "car_max_v": 24.17, "car_tau_mean": 3.77, "car_tau_std": 5.42}, "datetime": {"datetime": "2024-08-04 12:22:28", "elapsed": 2822.950882, "delta": 17.236214}}
{"target": -0.05931211825729909, "params": {"bus_acc": 2.56, "bus_dcc": 1.13, "bus_lcAssertive": 97.5, "bus_lcCooperative": 0.7, "bus_lcLookaheadLeft": 85.95, "bus_lcPushy": 0.42, "bus_lcSublane": 0.06, "bus_max_v": 18.56, "bus_tau_mean": 2.59, "bus_tau_std": 7.6, "car_acc": 2.72, "car_dcc": 3.09, "car_lcAssertive": 54.91, "car_lcCooperative": 0.63, "car_lcLookaheadLeft": 31.65, "car_lcPushy": 0.45, "car_lcSublane": 0.15, "car_max_v": 20.97, "car_tau_mean": 0.94, "car_tau_std": 1.54}, "datetime": {"datetime": "2024-08-04 12:22:35", "elapsed": 2829.70093, "delta": 6.750048}}
{"target": -0.04666678015092038, "params": {"bus_acc": 1.06, "bus_dcc": 1.72, "bus_lcAssertive": 52.5, "bus_lcCooperative": 0.24, "bus_lcLookaheadLeft": 87.93, "bus_lcPushy": 0.98, "bus_lcSublane": 0.7, "bus_max_v": 23.25, "bus_tau_mean": 2.25, "bus_tau_std": 9.32, "car_acc": 2.94, "car_dcc": 2.46, "car_lcAssertive": 64.73, "car_lcCooperative": 0.71, "car_lcLookaheadLeft": 63.9, "car_lcPushy": 0.02, "car_lcSublane": 0.31, "car_max_v": 24.83, "car_tau_mean": 1.73, "car_tau_std": 0.78}, "datetime": {"datetime": "2024-08-04 12:22:52", "elapsed": 2846.165621, "delta": 16.464691}}
{"target": -0.04123949937253423, "params": {"bus_acc": 2.97, "bus_dcc": 3.91, "bus_lcAssertive": 81.98, "bus_lcCooperative": 0.17, "bus_lcLookaheadLeft": 43.46, "bus_lcPushy": 0.8, "bus_lcSublane": 0.87, "bus_max_v": 12.61, "bus_tau_mean": 2.47, "bus_tau_std": 9.82, "car_acc": 1.3, "car_dcc": 3.54, "car_lcAssertive": 25.27, "car_lcCooperative": 0.59, "car_lcLookaheadLeft": 80.23, "car_lcPushy": 0.05, "car_lcSublane": 0.98, "car_max_v": 13.26, "car_tau_mean": 2.33, "car_tau_std": 7.62}, "datetime": {"datetime": "2024-08-04 12:23:05", "elapsed": 2859.344163, "delta": 13.178542}}
{"target": -0.04690674692207339, "params": {"bus_acc": 1.97, "bus_dcc": 1.07, "bus_lcAssertive": 90.81, "bus_lcCooperative": 0.37, "bus_lcLookaheadLeft": 68.0, "bus_lcPushy": 0.78, "bus_lcSublane": 0.6, "bus_max_v": 11.49, "bus_tau_mean": 3.84, "bus_tau_std": 4.3, "car_acc": 1.1, "car_dcc": 3.71, "car_lcAssertive": 92.21, "car_lcCooperative": 0.06, "car_lcLookaheadLeft": 39.71, "car_lcPushy": 0.54, "car_lcSublane": 0.78, "car_max_v": 14.42, "car_tau_mean": 2.36, "car_tau_std": 1.23}, "datetime": {"datetime": "2024-08-04 12:23:25", "elapsed": 2879.933365, "delta": 20.589202}}
{"target": -0.05323236733580757, "params": {"bus_acc": 2.64, "bus_dcc": 2.39, "bus_lcAssertive": 55.7, "bus_lcCooperative": 0.4, "bus_lcLookaheadLeft": 79.68, "bus_lcPushy": 0.48, "bus_lcSublane": 0.74, "bus_max_v": 10.78, "bus_tau_mean": 2.04, "bus_tau_std": 1.2, "car_acc": 2.39, "car_dcc": 1.47, "car_lcAssertive": 14.52, "car_lcCooperative": 0.39, "car_lcLookaheadLeft": 2.01, "car_lcPushy": 0.37, "car_lcSublane": 0.03, "car_max_v": 28.08, "car_tau_mean": 3.16, "car_tau_std": 8.4}, "datetime": {"datetime": "2024-08-04 12:23:28", "elapsed": 2882.823382, "delta": 2.890017}}
{"target": -0.056248533564857345, "params": {"bus_acc": 2.95, "bus_dcc": 3.34, "bus_lcAssertive": 36.11, "bus_lcCooperative": 0.5, "bus_lcLookaheadLeft": 9.27, "bus_lcPushy": 0.35, "bus_lcSublane": 0.75, "bus_max_v": 22.49, "bus_tau_mean": 2.64, "bus_tau_std": 2.76, "car_acc": 2.5, "car_dcc": 2.87, "car_lcAssertive": 97.03, "car_lcCooperative": 0.81, "car_lcLookaheadLeft": 48.35, "car_lcPushy": 0.95, "car_lcSublane": 0.53, "car_max_v": 25.0, "car_tau_mean": 3.26, "car_tau_std": 4.2}, "datetime": {"datetime": "2024-08-04 12:23:42", "elapsed": 2896.49553, "delta": 13.672148}}
{"target": -0.05279609189654163, "params": {"bus_acc": 1.52, "bus_dcc": 1.02, "bus_lcAssertive": 58.0, "bus_lcCooperative": 0.35, "bus_lcLookaheadLeft": 99.04, "bus_lcPushy": 0.37, "bus_lcSublane": 0.79, "bus_max_v": 13.58, "bus_tau_mean": 2.77, "bus_tau_std": 1.79, "car_acc": 2.93, "car_dcc": 2.46, "car_lcAssertive": 30.58, "car_lcCooperative": 0.22, "car_lcLookaheadLeft": 22.17, "car_lcPushy": 0.21, "car_lcSublane": 0.81, "car_max_v": 27.51, "car_tau_mean": 3.19, "car_tau_std": 1.34}, "datetime": {"datetime": "2024-08-04 12:23:55", "elapsed": 2909.55318, "delta": 13.05765}}
{"target": -0.05110557558582452, "params": {"bus_acc": 2.04, "bus_dcc": 3.69, "bus_lcAssertive": 2.21, "bus_lcCooperative": 0.41, "bus_lcLookaheadLeft": 14.57, "bus_lcPushy": 0.77, "bus_lcSublane": 0.08, "bus_max_v": 25.79, "bus_tau_mean": 3.82, "bus_tau_std": 2.49, "car_acc": 1.82, "car_dcc": 2.35, "car_lcAssertive": 33.47, "car_lcCooperative": 0.25, "car_lcLookaheadLeft": 97.3, "car_lcPushy": 0.73, "car_lcSublane": 0.72, "car_max_v": 14.63, "car_tau_mean": 0.89, "car_tau_std": 7.16}, "datetime": {"datetime": "2024-08-04 12:24:03", "elapsed": 2917.404555, "delta": 7.851375}}
{"target": -0.05531047284919508, "params": {"bus_acc": 1.58, "bus_dcc": 3.72, "bus_lcAssertive": 26.87, "bus_lcCooperative": 1.0, "bus_lcLookaheadLeft": 10.92, "bus_lcPushy": 0.75, "bus_lcSublane": 0.32, "bus_max_v": 11.44, "bus_tau_mean": 3.64, "bus_tau_std": 5.73, "car_acc": 2.59, "car_dcc": 3.01, "car_lcAssertive": 59.08, "car_lcCooperative": 0.76, "car_lcLookaheadLeft": 19.62, "car_lcPushy": 0.22, "car_lcSublane": 0.72, "car_max_v": 11.89, "car_tau_mean": 2.37, "car_tau_std": 0.99}, "datetime": {"datetime": "2024-08-04 12:24:12", "elapsed": 2926.32601, "delta": 8.921455}}
{"target": -0.044432882988418375, "params": {"bus_acc": 2.49, "bus_dcc": 1.85, "bus_lcAssertive": 14.49, "bus_lcCooperative": 0.14, "bus_lcLookaheadLeft": 71.92, "bus_lcPushy": 0.89, "bus_lcSublane": 0.8, "bus_max_v": 29.7, "bus_tau_mean": 1.15, "bus_tau_std": 5.04, "car_acc": 1.57, "car_dcc": 1.81, "car_lcAssertive": 12.91, "car_lcCooperative": 0.84, "car_lcLookaheadLeft": 11.8, "car_lcPushy": 0.15, "car_lcSublane": 0.35, "car_max_v": 8.84, "car_tau_mean": 2.35, "car_tau_std": 9.37}, "datetime": {"datetime": "2024-08-04 12:24:15", "elapsed": 2929.57091, "delta": 3.2449}}
{"target": -0.04620221821047532, "params": {"bus_acc": 1.51, "bus_dcc": 2.61, "bus_lcAssertive": 69.42, "bus_lcCooperative": 0.3, "bus_lcLookaheadLeft": 31.13, "bus_lcPushy": 0.51, "bus_lcSublane": 0.05, "bus_max_v": 12.17, "bus_tau_mean": 3.9, "bus_tau_std": 8.69, "car_acc": 1.13, "car_dcc": 3.24, "car_lcAssertive": 50.55, "car_lcCooperative": 0.21, "car_lcLookaheadLeft": 58.57, "car_lcPushy": 0.97, "car_lcSublane": 0.81, "car_max_v": 18.32, "car_tau_mean": 0.59, "car_tau_std": 1.83}, "datetime": {"datetime": "2024-08-04 12:24:22", "elapsed": 2936.785932, "delta": 7.215022}}
{"target": -0.05566804520413926, "params": {"bus_acc": 2.15, "bus_dcc": 2.07, "bus_lcAssertive": 73.32, "bus_lcCooperative": 0.84, "bus_lcLookaheadLeft": 41.98, "bus_lcPushy": 0.51, "bus_lcSublane": 0.75, "bus_max_v": 19.01, "bus_tau_mean": 3.45, "bus_tau_std": 1.76, "car_acc": 1.96, "car_dcc": 3.47, "car_lcAssertive": 43.12, "car_lcCooperative": 0.9, "car_lcLookaheadLeft": 14.86, "car_lcPushy": 0.81, "car_lcSublane": 0.68, "car_max_v": 22.25, "car_tau_mean": 2.8, "car_tau_std": 3.04}, "datetime": {"datetime": "2024-08-04 12:24:25", "elapsed": 2940.078652, "delta": 3.29272}}
{"target": -0.04645640021980738, "params": {"bus_acc": 2.94, "bus_dcc": 2.08, "bus_lcAssertive": 33.83, "bus_lcCooperative": 0.05, "bus_lcLookaheadLeft": 17.46, "bus_lcPushy": 0.37, "bus_lcSublane": 0.9, "bus_max_v": 9.9, "bus_tau_mean": 3.4, "bus_tau_std": 4.69, "car_acc": 1.26, "car_dcc": 1.66, "car_lcAssertive": 50.58, "car_lcCooperative": 0.08, "car_lcLookaheadLeft": 96.62, "car_lcPushy": 0.64, "car_lcSublane": 0.64, "car_max_v": 16.88, "car_tau_mean": 2.96, "car_tau_std": 1.89}, "datetime": {"datetime": "2024-08-04 12:24:43", "elapsed": 2957.257398, "delta": 17.178746}}
{"target": -0.056744357837920194, "params": {"bus_acc": 1.95, "bus_dcc": 3.75, "bus_lcAssertive": 88.51, "bus_lcCooperative": 0.08, "bus_lcLookaheadLeft": 44.53, "bus_lcPushy": 0.39, "bus_lcSublane": 0.24, "bus_max_v": 26.21, "bus_tau_mean": 1.5, "bus_tau_std": 8.87, "car_acc": 2.49, "car_dcc": 1.07, "car_lcAssertive": 24.58, "car_lcCooperative": 0.2, "car_lcLookaheadLeft": 4.62, "car_lcPushy": 0.63, "car_lcSublane": 0.97, "car_max_v": 27.85, "car_tau_mean": 2.15, "car_tau_std": 1.02}, "datetime": {"datetime": "2024-08-04 12:24:48", "elapsed": 2962.172089, "delta": 4.914691}}
{"target": -0.04491251935400017, "params": {"bus_acc": 1.58, "bus_dcc": 1.91, "bus_lcAssertive": 34.63, "bus_lcCooperative": 0.41, "bus_lcLookaheadLeft": 48.1, "bus_lcPushy": 0.22, "bus_lcSublane": 0.59, "bus_max_v": 29.83, "bus_tau_mean": 1.33, "bus_tau_std": 6.5, "car_acc": 1.27, "car_dcc": 2.76, "car_lcAssertive": 55.89, "car_lcCooperative": 0.96, "car_lcLookaheadLeft": 45.6, "car_lcPushy": 0.88, "car_lcSublane": 0.5, "car_max_v": 12.92, "car_tau_mean": 2.82, "car_tau_std": 8.14}, "datetime": {"datetime": "2024-08-04 12:24:57", "elapsed": 2971.878607, "delta": 9.706518}}
{"target": -0.04701016577192641, "params": {"bus_acc": 1.08, "bus_dcc": 2.9, "bus_lcAssertive": 47.51, "bus_lcCooperative": 0.78, "bus_lcLookaheadLeft": 9.99, "bus_lcPushy": 0.01, "bus_lcSublane": 0.92, "bus_max_v": 24.03, "bus_tau_mean": 0.71, "bus_tau_std": 0.31, "car_acc": 2.78, "car_dcc": 2.13, "car_lcAssertive": 76.3, "car_lcCooperative": 0.27, "car_lcLookaheadLeft": 53.24, "car_lcPushy": 0.39, "car_lcSublane": 0.42, "car_max_v": 13.54, "car_tau_mean": 2.76, "car_tau_std": 5.42}, "datetime": {"datetime": "2024-08-04 12:25:06", "elapsed": 2980.14089, "delta": 8.262283}}
{"target": -0.03574024027931108, "params": {"bus_acc": 2.01, "bus_dcc": 2.71, "bus_lcAssertive": 60.41, "bus_lcCooperative": 0.24, "bus_lcLookaheadLeft": 14.11, "bus_lcPushy": 0.45, "bus_lcSublane": 0.16, "bus_max_v": 28.75, "bus_tau_mean": 0.97, "bus_tau_std": 6.88, "car_acc": 1.04, "car_dcc": 1.59, "car_lcAssertive": 21.52, "car_lcCooperative": 0.12, "car_lcLookaheadLeft": 74.64, "car_lcPushy": 0.22, "car_lcSublane": 0.68, "car_max_v": 11.22, "car_tau_mean": 2.72, "car_tau_std": 1.78}, "datetime": {"datetime": "2024-08-04 12:25:08", "elapsed": 2983.051201, "delta": 2.910311}}
{"target": -0.05054551514814807, "params": {"bus_acc": 2.27, "bus_dcc": 1.11, "bus_lcAssertive": 97.15, "bus_lcCooperative": 0.8, "bus_lcLookaheadLeft": 51.74, "bus_lcPushy": 0.58, "bus_lcSublane": 0.14, "bus_max_v": 12.55, "bus_tau_mean": 3.69, "bus_tau_std": 4.41, "car_acc": 2.87, "car_dcc": 1.55, "car_lcAssertive": 28.7, "car_lcCooperative": 0.27, "car_lcLookaheadLeft": 80.83, "car_lcPushy": 0.49, "car_lcSublane": 0.45, "car_max_v": 28.02, "car_tau_mean": 4.0, "car_tau_std": 9.19}, "datetime": {"datetime": "2024-08-04 12:25:19", "elapsed": 2993.394069, "delta": 10.342868}}
{"target": -0.05761133908224215, "params": {"bus_acc": 2.31, "bus_dcc": 2.08, "bus_lcAssertive": 64.3, "bus_lcCooperative": 0.91, "bus_lcLookaheadLeft": 23.47, "bus_lcPushy": 0.75, "bus_lcSublane": 0.29, "bus_max_v": 14.58, "bus_tau_mean": 3.08, "bus_tau_std": 2.62, "car_acc": 2.64, "car_dcc": 1.58, "car_lcAssertive": 81.52, "car_lcCooperative": 0.53, "car_lcLookaheadLeft": 67.63, "car_lcPushy": 0.4, "car_lcSublane": 0.42, "car_max_v": 26.37, "car_tau_mean": 1.87, "car_tau_std": 7.04}, "datetime": {"datetime": "2024-08-04 12:25:27", "elapsed": 3001.410147, "delta": 8.016078}}
{"target": -0.049272891243918114, "params": {"bus_acc": 1.65, "bus_dcc": 3.59, "bus_lcAssertive": 77.55, "bus_lcCooperative": 0.4, "bus_lcLookaheadLeft": 8.26, "bus_lcPushy": 0.87, "bus_lcSublane": 0.82, "bus_max_v": 19.48, "bus_tau_mean": 0.53, "bus_tau_std": 5.15, "car_acc": 1.26, "car_dcc": 1.16, "car_lcAssertive": 74.81, "car_lcCooperative": 0.24, "car_lcLookaheadLeft": 27.41, "car_lcPushy": 0.21, "car_lcSublane": 0.75, "car_max_v": 20.82, "car_tau_mean": 2.99, "car_tau_std": 6.6}, "datetime": {"datetime": "2024-08-04 12:25:30", "elapsed": 3004.130369, "delta": 2.720222}}
{"target": -0.04297334849332692, "params": {"bus_acc": 2.79, "bus_dcc": 2.63, "bus_lcAssertive": 19.89, "bus_lcCooperative": 0.21, "bus_lcLookaheadLeft": 24.5, "bus_lcPushy": 0.59, "bus_lcSublane": 0.89, "bus_max_v": 20.96, "bus_tau_mean": 2.78, "bus_tau_std": 2.3, "car_acc": 2.18, "car_dcc": 1.47, "car_lcAssertive": 6.33, "car_lcCooperative": 0.01, "car_lcLookaheadLeft": 48.8, "car_lcPushy": 0.3, "car_lcSublane": 0.62, "car_max_v": 23.18, "car_tau_mean": 1.23, "car_tau_std": 2.3}, "datetime": {"datetime": "2024-08-04 12:25:43", "elapsed": 3017.727402, "delta": 13.597033}}
{"target": -0.04770722090846189, "params": {"bus_acc": 1.32, "bus_dcc": 3.4, "bus_lcAssertive": 37.96, "bus_lcCooperative": 0.06, "bus_lcLookaheadLeft": 51.48, "bus_lcPushy": 0.53, "bus_lcSublane": 0.44, "bus_max_v": 22.69, "bus_tau_mean": 2.96, "bus_tau_std": 2.03, "car_acc": 1.56, "car_dcc": 3.96, "car_lcAssertive": 16.55, "car_lcCooperative": 0.12, "car_lcLookaheadLeft": 23.08, "car_lcPushy": 0.36, "car_lcSublane": 0.97, "car_max_v": 15.72, "car_tau_mean": 1.61, "car_tau_std": 1.96}, "datetime": {"datetime": "2024-08-04 12:25:46", "elapsed": 3020.319569, "delta": 2.592167}}
{"target": -0.061139183812784555, "params": {"bus_acc": 1.53, "bus_dcc": 2.28, "bus_lcAssertive": 24.42, "bus_lcCooperative": 0.64, "bus_lcLookaheadLeft": 69.63, "bus_lcPushy": 0.49, "bus_lcSublane": 0.86, "bus_max_v": 11.92, "bus_tau_mean": 2.98, "bus_tau_std": 9.26, "car_acc": 1.91, "car_dcc": 3.21, "car_lcAssertive": 45.99, "car_lcCooperative": 0.98, "car_lcLookaheadLeft": 62.31, "car_lcPushy": 0.56, "car_lcSublane": 0.43, "car_max_v": 9.4, "car_tau_mean": 1.81, "car_tau_std": 6.78}, "datetime": {"datetime": "2024-08-04 12:25:55", "elapsed": 3029.293031, "delta": 8.973462}}
{"target": -0.054005742780196625, "params": {"bus_acc": 2.41, "bus_dcc": 3.29, "bus_lcAssertive": 7.78, "bus_lcCooperative": 0.16, "bus_lcLookaheadLeft": 66.04, "bus_lcPushy": 0.07, "bus_lcSublane": 0.81, "bus_max_v": 9.35, "bus_tau_mean": 2.82, "bus_tau_std": 6.79, "car_acc": 2.0, "car_dcc": 2.42, "car_lcAssertive": 52.94, "car_lcCooperative": 0.45, "car_lcLookaheadLeft": 99.28, "car_lcPushy": 0.27, "car_lcSublane": 0.06, "car_max_v": 14.58, "car_tau_mean": 2.4, "car_tau_std": 6.27}, "datetime": {"datetime": "2024-08-04 12:26:05", "elapsed": 3040.048815, "delta": 10.755784}}
{"target": -0.04879439087780071, "params": {"bus_acc": 1.17, "bus_dcc": 1.64, "bus_lcAssertive": 38.06, "bus_lcCooperative": 0.2, "bus_lcLookaheadLeft": 88.96, "bus_lcPushy": 0.57, "bus_lcSublane": 0.76, "bus_max_v": 19.79, "bus_tau_mean": 3.72, "bus_tau_std": 3.6, "car_acc": 1.57, "car_dcc": 3.66, "car_lcAssertive": 71.53, "car_lcCooperative": 0.31, "car_lcLookaheadLeft": 74.48, "car_lcPushy": 0.08, "car_lcSublane": 0.97, "car_max_v": 18.4, "car_tau_mean": 2.82, "car_tau_std": 0.89}, "datetime": {"datetime": "2024-08-04 12:26:12", "elapsed": 3046.504791, "delta": 6.455976}}
{"target": -0.05694141122658988, "params": {"bus_acc": 1.9, "bus_dcc": 2.38, "bus_lcAssertive": 61.34, "bus_lcCooperative": 0.65, "bus_lcLookaheadLeft": 55.41, "bus_lcPushy": 0.59, "bus_lcSublane": 0.16, "bus_max_v": 18.94, "bus_tau_mean": 0.53, "bus_tau_std": 0.2, "car_acc": 1.52, "car_dcc": 3.63, "car_lcAssertive": 82.39, "car_lcCooperative": 0.36, "car_lcLookaheadLeft": 83.13, "car_lcPushy": 0.81, "car_lcSublane": 0.52, "car_max_v": 24.82, "car_tau_mean": 3.78, "car_tau_std": 5.11}, "datetime": {"datetime": "2024-08-04 12:26:20", "elapsed": 3054.139855, "delta": 7.635064}}
{"target": -0.03825554644886072, "params": {"bus_acc": 1.7, "bus_dcc": 3.13, "bus_lcAssertive": 50.6, "bus_lcCooperative": 0.47, "bus_lcLookaheadLeft": 17.93, "bus_lcPushy": 0.16, "bus_lcSublane": 0.52, "bus_max_v": 18.8, "bus_tau_mean": 1.86, "bus_tau_std": 4.49, "car_acc": 1.04, "car_dcc": 3.25, "car_lcAssertive": 89.02, "car_lcCooperative": 0.55, "car_lcLookaheadLeft": 64.44, "car_lcPushy": 0.11, "car_lcSublane": 0.36, "car_max_v": 12.41, "car_tau_mean": 1.34, "car_tau_std": 8.75}, "datetime": {"datetime": "2024-08-04 12:26:32", "elapsed": 3066.645018, "delta": 12.505163}}
{"target": -0.056328186899166355, "params": {"bus_acc": 1.52, "bus_dcc": 2.11, "bus_lcAssertive": 51.95, "bus_lcCooperative": 0.13, "bus_lcLookaheadLeft": 60.76, "bus_lcPushy": 0.46, "bus_lcSublane": 0.74, "bus_max_v": 17.67, "bus_tau_mean": 2.49, "bus_tau_std": 5.98, "car_acc": 2.83, "car_dcc": 3.39, "car_lcAssertive": 14.2, "car_lcCooperative": 0.97, "car_lcLookaheadLeft": 75.51, "car_lcPushy": 0.52, "car_lcSublane": 0.17, "car_max_v": 26.89, "car_tau_mean": 3.74, "car_tau_std": 2.18}, "datetime": {"datetime": "2024-08-04 12:26:35", "elapsed": 3069.637331, "delta": 2.992313}}
{"target": -0.04373260426342076, "params": {"bus_acc": 2.7, "bus_dcc": 3.12, "bus_lcAssertive": 57.03, "bus_lcCooperative": 0.89, "bus_lcLookaheadLeft": 12.19, "bus_lcPushy": 0.06, "bus_lcSublane": 0.71, "bus_max_v": 10.89, "bus_tau_mean": 2.41, "bus_tau_std": 4.26, "car_acc": 1.15, "car_dcc": 3.53, "car_lcAssertive": 74.68, "car_lcCooperative": 0.75, "car_lcLookaheadLeft": 72.34, "car_lcPushy": 0.56, "car_lcSublane": 0.9, "car_max_v": 17.08, "car_tau_mean": 1.86, "car_tau_std": 6.24}, "datetime": {"datetime": "2024-08-04 12:26:42", "elapsed": 3076.920334, "delta": 7.283003}}
