{"target": -0.047198230406806395, "params": {"bus_acc": 1.19, "bus_dcc": 3.17, "bus_lcAssertive": 76.08, "bus_lcCooperative": 0.12, "bus_lcLookaheadLeft": 25.96, "bus_lcPushy": 0.36, "bus_lcSublane": 0.34, "bus_max_v": 13.33, "bus_tau_mean": 3.73, "bus_tau_std": 8.45, "car_acc": 1.56, "car_dcc": 3.4, "car_lcAssertive": 24.78, "car_lcCooperative": 0.68, "car_lcLookaheadLeft": 46.64, "car_lcPushy": 0.08, "car_lcSublane": 0.87, "car_max_v": 16.44, "car_tau_mean": 2.11, "car_tau_std": 4.0}, "datetime": {"datetime": "2024-08-04 11:58:41", "elapsed": 1396.023545, "delta": 20.509749}}
{"target": -0.05017440490766691, "params": {"bus_acc": 2.74, "bus_dcc": 3.27, "bus_lcAssertive": 46.82, "bus_lcCooperative": 0.39, "bus_lcLookaheadLeft": 50.98, "bus_lcPushy": 0.74, "bus_lcSublane": 0.65, "bus_max_v": 21.43, "bus_tau_mean": 2.19, "bus_tau_std": 5.5, "car_acc": 1.59, "car_dcc": 1.56, "car_lcAssertive": 80.33, "car_lcCooperative": 0.26, "car_lcLookaheadLeft": 25.24, "car_lcPushy": 0.01, "car_lcSublane": 0.27, "car_max_v": 19.04, "car_tau_mean": 2.32, "car_tau_std": 7.11}, "datetime": {"datetime": "2024-08-04 11:58:50", "elapsed": 1404.699433, "delta": 8.675888}}
{"target": -0.04126156142449197, "params": {"bus_acc": 2.09, "bus_dcc": 1.62, "bus_lcAssertive": 72.92, "bus_lcCooperative": 0.05, "bus_lcLookaheadLeft": 83.49, "bus_lcPushy": 0.76, "bus_lcSublane": 0.92, "bus_max_v": 25.89, "bus_tau_mean": 3.88, "bus_tau_std": 5.9, "car_acc": 1.73, "car_dcc": 3.35, "car_lcAssertive": 87.44, "car_lcCooperative": 0.24, "car_lcLookaheadLeft": 97.36, "car_lcPushy": 0.75, "car_lcSublane": 0.12, "car_max_v": 22.74, "car_tau_mean": 1.53, "car_tau_std": 0.98}, "datetime": {"datetime": "2024-08-04 11:59:00", "elapsed": 1414.689969, "delta": 9.990536}}
{"target": -0.04830634895393102, "params": {"bus_acc": 2.98, "bus_dcc": 3.06, "bus_lcAssertive": 11.7, "bus_lcCooperative": 0.82, "bus_lcLookaheadLeft": 10.59, "bus_lcPushy": 0.78, "bus_lcSublane": 0.47, "bus_max_v": 22.08, "bus_tau_mean": 2.77, "bus_tau_std": 4.47, "car_acc": 1.32, "car_dcc": 1.34, "car_lcAssertive": 98.59, "car_lcCooperative": 0.67, "car_lcLookaheadLeft": 66.19, "car_lcPushy": 0.54, "car_lcSublane": 0.81, "car_max_v": 28.81, "car_tau_mean": 2.94, "car_tau_std": 8.91}, "datetime": {"datetime": "2024-08-04 11:59:11", "elapsed": 1425.208684, "delta": 10.518715}}
{"target": -0.057135336351865386, "params": {"bus_acc": 1.64, "bus_dcc": 2.75, "bus_lcAssertive": 23.15, "bus_lcCooperative": 0.41, "bus_lcLookaheadLeft": 94.58, "bus_lcPushy": 0.23, "bus_lcSublane": 0.15, "bus_max_v": 12.75, "bus_tau_mean": 2.75, "bus_tau_std": 5.67, "car_acc": 1.81, "car_dcc": 3.59, "car_lcAssertive": 66.39, "car_lcCooperative": 0.92, "car_lcLookaheadLeft": 85.06, "car_lcPushy": 0.89, "car_lcSublane": 0.67, "car_max_v": 22.04, "car_tau_mean": 1.91, "car_tau_std": 9.11}, "datetime": {"datetime": "2024-08-04 11:59:41", "elapsed": 1455.524037, "delta": 30.315353}}
{"target": -0.04094273832822621, "params": {"bus_acc": 1.05, "bus_dcc": 3.38, "bus_lcAssertive": 34.66, "bus_lcCooperative": 0.48, "bus_lcLookaheadLeft": 61.17, "bus_lcPushy": 0.18, "bus_lcSublane": 0.57, "bus_max_v": 14.29, "bus_tau_mean": 0.81, "bus_tau_std": 4.21, "car_acc": 2.68, "car_dcc": 1.73, "car_lcAssertive": 5.33, "car_lcCooperative": 0.04, "car_lcLookaheadLeft": 71.64, "car_lcPushy": 0.1, "car_lcSublane": 0.4, "car_max_v": 10.76, "car_tau_mean": 2.79, "car_tau_std": 9.01}, "datetime": {"datetime": "2024-08-04 11:59:48", "elapsed": 1462.62399, "delta": 7.099953}}
{"target": -0.05205661525213165, "params": {"bus_acc": 1.4, "bus_dcc": 1.64, "bus_lcAssertive": 90.0, "bus_lcCooperative": 0.37, "bus_lcLookaheadLeft": 18.58, "bus_lcPushy": 0.28, "bus_lcSublane": 0.54, "bus_max_v": 10.17, "bus_tau_mean": 2.03, "bus_tau_std": 0.66, "car_acc": 2.72, "car_dcc": 1.1, "car_lcAssertive": 12.82, "car_lcCooperative": 0.92, "car_lcLookaheadLeft": 68.37, "car_lcPushy": 0.79, "car_lcSublane": 0.32, "car_max_v": 14.51, "car_tau_mean": 1.07, "car_tau_std": 1.95}, "datetime": {"datetime": "2024-08-04 11:59:50", "elapsed": 1464.488508, "delta": 1.864518}}
{"target": -0.04625868422032764, "params": {"bus_acc": 1.35, "bus_dcc": 1.56, "bus_lcAssertive": 85.15, "bus_lcCooperative": 0.26, "bus_lcLookaheadLeft": 37.98, "bus_lcPushy": 0.31, "bus_lcSublane": 0.33, "bus_max_v": 17.95, "bus_tau_mean": 0.62, "bus_tau_std": 0.72, "car_acc": 1.02, "car_dcc": 1.86, "car_lcAssertive": 86.66, "car_lcCooperative": 0.95, "car_lcLookaheadLeft": 64.12, "car_lcPushy": 0.13, "car_lcSublane": 0.49, "car_max_v": 11.56, "car_tau_mean": 3.16, "car_tau_std": 6.09}, "datetime": {"datetime": "2024-08-04 11:59:56", "elapsed": 1470.274198, "delta": 5.78569}}
{"target": -0.05699667751252222, "params": {"bus_acc": 2.23, "bus_dcc": 3.63, "bus_lcAssertive": 22.39, "bus_lcCooperative": 0.97, "bus_lcLookaheadLeft": 40.83, "bus_lcPushy": 0.54, "bus_lcSublane": 0.92, "bus_max_v": 19.62, "bus_tau_mean": 3.56, "bus_tau_std": 2.43, "car_acc": 2.46, "car_dcc": 2.24, "car_lcAssertive": 85.11, "car_lcCooperative": 0.62, "car_lcLookaheadLeft": 12.94, "car_lcPushy": 0.49, "car_lcSublane": 0.9, "car_max_v": 19.32, "car_tau_mean": 2.94, "car_tau_std": 6.8}, "datetime": {"datetime": "2024-08-04 12:00:00", "elapsed": 1474.344175, "delta": 4.069977}}
{"target": -0.055276162593286375, "params": {"bus_acc": 2.76, "bus_dcc": 1.93, "bus_lcAssertive": 99.53, "bus_lcCooperative": 0.07, "bus_lcLookaheadLeft": 32.93, "bus_lcPushy": 0.5, "bus_lcSublane": 0.27, "bus_max_v": 14.39, "bus_tau_mean": 2.01, "bus_tau_std": 1.45, "car_acc": 2.05, "car_dcc": 3.59, "car_lcAssertive": 23.06, "car_lcCooperative": 0.72, "car_lcLookaheadLeft": 76.76, "car_lcPushy": 0.54, "car_lcSublane": 0.73, "car_max_v": 23.97, "car_tau_mean": 3.31, "car_tau_std": 4.03}, "datetime": {"datetime": "2024-08-04 12:00:08", "elapsed": 1482.948905, "delta": 8.60473}}
{"target": -0.05561645070275351, "params": {"bus_acc": 1.68, "bus_dcc": 1.72, "bus_lcAssertive": 83.94, "bus_lcCooperative": 0.86, "bus_lcLookaheadLeft": 6.85, "bus_lcPushy": 0.79, "bus_lcSublane": 0.48, "bus_max_v": 14.12, "bus_tau_mean": 1.94, "bus_tau_std": 5.95, "car_acc": 1.58, "car_dcc": 1.52, "car_lcAssertive": 55.88, "car_lcCooperative": 0.77, "car_lcLookaheadLeft": 39.25, "car_lcPushy": 0.69, "car_lcSublane": 0.3, "car_max_v": 9.68, "car_tau_mean": 2.31, "car_tau_std": 4.42}, "datetime": {"datetime": "2024-08-04 12:00:10", "elapsed": 1484.950749, "delta": 2.001844}}
{"target": -0.052467445962348196, "params": {"bus_acc": 2.87, "bus_dcc": 2.75, "bus_lcAssertive": 29.61, "bus_lcCooperative": 0.85, "bus_lcLookaheadLeft": 69.57, "bus_lcPushy": 0.47, "bus_lcSublane": 0.76, "bus_max_v": 23.82, "bus_tau_mean": 2.25, "bus_tau_std": 3.57, "car_acc": 2.33, "car_dcc": 1.7, "car_lcAssertive": 24.77, "car_lcCooperative": 0.55, "car_lcLookaheadLeft": 49.91, "car_lcPushy": 0.61, "car_lcSublane": 0.13, "car_max_v": 23.25, "car_tau_mean": 2.39, "car_tau_std": 7.22}, "datetime": {"datetime": "2024-08-04 12:00:15", "elapsed": 1489.364916, "delta": 4.414167}}
{"target": -0.05298358127221304, "params": {"bus_acc": 2.04, "bus_dcc": 2.34, "bus_lcAssertive": 18.41, "bus_lcCooperative": 0.56, "bus_lcLookaheadLeft": 55.5, "bus_lcPushy": 0.04, "bus_lcSublane": 0.68, "bus_max_v": 27.71, "bus_tau_mean": 1.16, "bus_tau_std": 2.74, "car_acc": 1.38, "car_dcc": 1.8, "car_lcAssertive": 54.38, "car_lcCooperative": 0.85, "car_lcLookaheadLeft": 80.39, "car_lcPushy": 0.8, "car_lcSublane": 0.19, "car_max_v": 25.62, "car_tau_mean": 1.73, "car_tau_std": 7.91}, "datetime": {"datetime": "2024-08-04 12:00:18", "elapsed": 1492.591661, "delta": 3.226745}}
{"target": -0.04101966503598998, "params": {"bus_acc": 1.9, "bus_dcc": 2.42, "bus_lcAssertive": 57.09, "bus_lcCooperative": 0.37, "bus_lcLookaheadLeft": 62.54, "bus_lcPushy": 0.92, "bus_lcSublane": 0.44, "bus_max_v": 28.67, "bus_tau_mean": 2.42, "bus_tau_std": 7.13, "car_acc": 1.66, "car_dcc": 3.21, "car_lcAssertive": 53.48, "car_lcCooperative": 0.22, "car_lcLookaheadLeft": 27.54, "car_lcPushy": 0.68, "car_lcSublane": 0.8, "car_max_v": 9.71, "car_tau_mean": 2.45, "car_tau_std": 8.07}, "datetime": {"datetime": "2024-08-04 12:00:26", "elapsed": 1500.288004, "delta": 7.696343}}
{"target": -0.05254035169817669, "params": {"bus_acc": 1.24, "bus_dcc": 1.14, "bus_lcAssertive": 23.86, "bus_lcCooperative": 0.04, "bus_lcLookaheadLeft": 33.68, "bus_lcPushy": 0.25, "bus_lcSublane": 0.39, "bus_max_v": 11.2, "bus_tau_mean": 0.86, "bus_tau_std": 2.95, "car_acc": 2.87, "car_dcc": 1.28, "car_lcAssertive": 10.1, "car_lcCooperative": 0.38, "car_lcLookaheadLeft": 39.83, "car_lcPushy": 0.49, "car_lcSublane": 0.83, "car_max_v": 28.44, "car_tau_mean": 2.39, "car_tau_std": 9.86}, "datetime": {"datetime": "2024-08-04 12:00:28", "elapsed": 1502.287432, "delta": 1.999428}}
{"target": -0.049763211620331316, "params": {"bus_acc": 1.11, "bus_dcc": 1.72, "bus_lcAssertive": 88.06, "bus_lcCooperative": 0.67, "bus_lcLookaheadLeft": 82.23, "bus_lcPushy": 0.23, "bus_lcSublane": 0.19, "bus_max_v": 24.45, "bus_tau_mean": 3.32, "bus_tau_std": 4.6, "car_acc": 2.93, "car_dcc": 1.31, "car_lcAssertive": 55.78, "car_lcCooperative": 0.61, "car_lcLookaheadLeft": 23.71, "car_lcPushy": 0.02, "car_lcSublane": 0.93, "car_max_v": 21.09, "car_tau_mean": 2.56, "car_tau_std": 2.79}, "datetime": {"datetime": "2024-08-04 12:00:30", "elapsed": 1504.659401, "delta": 2.371969}}
{"target": -0.05381348772508254, "params": {"bus_acc": 1.46, "bus_dcc": 1.45, "bus_lcAssertive": 17.29, "bus_lcCooperative": 0.57, "bus_lcLookaheadLeft": 89.65, "bus_lcPushy": 0.79, "bus_lcSublane": 0.09, "bus_max_v": 16.66, "bus_tau_mean": 1.76, "bus_tau_std": 5.79, "car_acc": 2.91, "car_dcc": 3.17, "car_lcAssertive": 58.14, "car_lcCooperative": 0.76, "car_lcLookaheadLeft": 71.87, "car_lcPushy": 0.33, "car_lcSublane": 0.48, "car_max_v": 22.08, "car_tau_mean": 3.56, "car_tau_std": 0.7}, "datetime": {"datetime": "2024-08-04 12:00:35", "elapsed": 1510.04751, "delta": 5.388109}}
{"target": -0.05097287502191584, "params": {"bus_acc": 2.57, "bus_dcc": 2.38, "bus_lcAssertive": 52.79, "bus_lcCooperative": 0.48, "bus_lcLookaheadLeft": 33.82, "bus_lcPushy": 0.49, "bus_lcSublane": 0.46, "bus_max_v": 27.19, "bus_tau_mean": 0.69, "bus_tau_std": 0.81, "car_acc": 1.81, "car_dcc": 1.38, "car_lcAssertive": 91.87, "car_lcCooperative": 0.18, "car_lcLookaheadLeft": 21.1, "car_lcPushy": 0.76, "car_lcSublane": 0.81, "car_max_v": 13.72, "car_tau_mean": 2.95, "car_tau_std": 3.95}, "datetime": {"datetime": "2024-08-04 12:01:02", "elapsed": 1536.760073, "delta": 26.712563}}
{"target": -0.053383241888906675, "params": {"bus_acc": 2.82, "bus_dcc": 2.45, "bus_lcAssertive": 95.98, "bus_lcCooperative": 0.95, "bus_lcLookaheadLeft": 47.46, "bus_lcPushy": 0.71, "bus_lcSublane": 0.5, "bus_max_v": 26.68, "bus_tau_mean": 0.9, "bus_tau_std": 0.08, "car_acc": 2.37, "car_dcc": 2.32, "car_lcAssertive": 79.63, "car_lcCooperative": 0.69, "car_lcLookaheadLeft": 3.75, "car_lcPushy": 0.16, "car_lcSublane": 0.98, "car_max_v": 14.67, "car_tau_mean": 0.75, "car_tau_std": 3.1}, "datetime": {"datetime": "2024-08-04 12:01:06", "elapsed": 1540.51149, "delta": 3.751417}}
{"target": -0.05643694926101983, "params": {"bus_acc": 2.23, "bus_dcc": 3.48, "bus_lcAssertive": 78.18, "bus_lcCooperative": 0.06, "bus_lcLookaheadLeft": 98.3, "bus_lcPushy": 0.56, "bus_lcSublane": 0.7, "bus_max_v": 20.62, "bus_tau_mean": 1.03, "bus_tau_std": 5.66, "car_acc": 2.89, "car_dcc": 3.64, "car_lcAssertive": 43.32, "car_lcCooperative": 0.99, "car_lcLookaheadLeft": 30.9, "car_lcPushy": 0.9, "car_lcSublane": 0.29, "car_max_v": 28.17, "car_tau_mean": 2.28, "car_tau_std": 0.64}, "datetime": {"datetime": "2024-08-04 12:01:09", "elapsed": 1543.892148, "delta": 3.380658}}
{"target": -0.05515743654200018, "params": {"bus_acc": 1.57, "bus_dcc": 2.37, "bus_lcAssertive": 78.93, "bus_lcCooperative": 0.23, "bus_lcLookaheadLeft": 8.84, "bus_lcPushy": 0.11, "bus_lcSublane": 0.89, "bus_max_v": 22.37, "bus_tau_mean": 3.0, "bus_tau_std": 4.34, "car_acc": 2.28, "car_dcc": 1.49, "car_lcAssertive": 38.64, "car_lcCooperative": 0.52, "car_lcLookaheadLeft": 63.48, "car_lcPushy": 0.75, "car_lcSublane": 0.62, "car_max_v": 21.04, "car_tau_mean": 2.28, "car_tau_std": 7.72}, "datetime": {"datetime": "2024-08-04 12:01:23", "elapsed": 1557.681442, "delta": 13.789294}}
{"target": -0.04200922091204746, "params": {"bus_acc": 2.6, "bus_dcc": 2.71, "bus_lcAssertive": 5.11, "bus_lcCooperative": 0.92, "bus_lcLookaheadLeft": 40.89, "bus_lcPushy": 0.47, "bus_lcSublane": 0.8, "bus_max_v": 26.2, "bus_tau_mean": 3.63, "bus_tau_std": 8.99, "car_acc": 1.02, "car_dcc": 1.12, "car_lcAssertive": 40.18, "car_lcCooperative": 0.61, "car_lcLookaheadLeft": 47.17, "car_lcPushy": 0.83, "car_lcSublane": 0.65, "car_max_v": 29.26, "car_tau_mean": 0.83, "car_tau_std": 9.77}, "datetime": {"datetime": "2024-08-04 12:01:28", "elapsed": 1563.060433, "delta": 5.378991}}
{"target": -0.06169539991988974, "params": {"bus_acc": 1.24, "bus_dcc": 2.92, "bus_lcAssertive": 70.44, "bus_lcCooperative": 0.96, "bus_lcLookaheadLeft": 11.9, "bus_lcPushy": 0.93, "bus_lcSublane": 0.8, "bus_max_v": 27.48, "bus_tau_mean": 1.75, "bus_tau_std": 4.78, "car_acc": 1.89, "car_dcc": 1.12, "car_lcAssertive": 75.02, "car_lcCooperative": 0.35, "car_lcLookaheadLeft": 87.1, "car_lcPushy": 0.93, "car_lcSublane": 0.44, "car_max_v": 13.22, "car_tau_mean": 0.7, "car_tau_std": 2.91}, "datetime": {"datetime": "2024-08-04 12:01:37", "elapsed": 1571.225049, "delta": 8.164616}}
{"target": -0.05109625617113598, "params": {"bus_acc": 1.12, "bus_dcc": 2.53, "bus_lcAssertive": 44.95, "bus_lcCooperative": 0.86, "bus_lcLookaheadLeft": 97.9, "bus_lcPushy": 0.42, "bus_lcSublane": 0.92, "bus_max_v": 26.51, "bus_tau_mean": 1.58, "bus_tau_std": 1.81, "car_acc": 2.51, "car_dcc": 3.98, "car_lcAssertive": 22.53, "car_lcCooperative": 0.68, "car_lcLookaheadLeft": 39.04, "car_lcPushy": 0.89, "car_lcSublane": 0.38, "car_max_v": 21.52, "car_tau_mean": 3.7, "car_tau_std": 8.51}, "datetime": {"datetime": "2024-08-04 12:01:39", "elapsed": 1573.122406, "delta": 1.897357}}
{"target": -0.0585491836478241, "params": {"bus_acc": 1.76, "bus_dcc": 3.48, "bus_lcAssertive": 34.82, "bus_lcCooperative": 0.52, "bus_lcLookaheadLeft": 19.64, "bus_lcPushy": 0.25, "bus_lcSublane": 0.47, "bus_max_v": 20.17, "bus_tau_mean": 2.33, "bus_tau_std": 3.73, "car_acc": 1.98, "car_dcc": 3.12, "car_lcAssertive": 81.03, "car_lcCooperative": 0.32, "car_lcLookaheadLeft": 50.13, "car_lcPushy": 0.11, "car_lcSublane": 0.23, "car_max_v": 26.86, "car_tau_mean": 3.35, "car_tau_std": 7.22}, "datetime": {"datetime": "2024-08-04 12:01:40", "elapsed": 1574.871591, "delta": 1.749185}}
{"target": -0.04941474839150725, "params": {"bus_acc": 2.24, "bus_dcc": 1.03, "bus_lcAssertive": 54.33, "bus_lcCooperative": 0.01, "bus_lcLookaheadLeft": 95.22, "bus_lcPushy": 0.91, "bus_lcSublane": 0.8, "bus_max_v": 28.14, "bus_tau_mean": 1.01, "bus_tau_std": 1.58, "car_acc": 1.38, "car_dcc": 2.87, "car_lcAssertive": 90.68, "car_lcCooperative": 0.99, "car_lcLookaheadLeft": 71.69, "car_lcPushy": 0.73, "car_lcSublane": 0.91, "car_max_v": 16.82, "car_tau_mean": 1.38, "car_tau_std": 1.74}, "datetime": {"datetime": "2024-08-04 12:02:01", "elapsed": 1595.207282, "delta": 20.335691}}
{"target": -0.053883161927615414, "params": {"bus_acc": 2.47, "bus_dcc": 3.07, "bus_lcAssertive": 32.96, "bus_lcCooperative": 0.58, "bus_lcLookaheadLeft": 91.28, "bus_lcPushy": 0.45, "bus_lcSublane": 0.4, "bus_max_v": 20.39, "bus_tau_mean": 2.85, "bus_tau_std": 1.92, "car_acc": 2.8, "car_dcc": 3.32, "car_lcAssertive": 63.12, "car_lcCooperative": 0.69, "car_lcLookaheadLeft": 55.8, "car_lcPushy": 0.4, "car_lcSublane": 0.88, "car_max_v": 18.27, "car_tau_mean": 3.81, "car_tau_std": 1.63}, "datetime": {"datetime": "2024-08-04 12:02:10", "elapsed": 1604.342233, "delta": 9.134951}}
{"target": -0.05360885918054603, "params": {"bus_acc": 1.28, "bus_dcc": 2.36, "bus_lcAssertive": 55.13, "bus_lcCooperative": 0.76, "bus_lcLookaheadLeft": 61.79, "bus_lcPushy": 0.83, "bus_lcSublane": 0.15, "bus_max_v": 17.33, "bus_tau_mean": 1.59, "bus_tau_std": 3.54, "car_acc": 2.25, "car_dcc": 1.37, "car_lcAssertive": 99.25, "car_lcCooperative": 0.37, "car_lcLookaheadLeft": 27.59, "car_lcPushy": 0.72, "car_lcSublane": 0.13, "car_max_v": 26.9, "car_tau_mean": 3.41, "car_tau_std": 6.83}, "datetime": {"datetime": "2024-08-04 12:02:13", "elapsed": 1607.112351, "delta": 2.770118}}
{"target": -0.04966102752062635, "params": {"bus_acc": 2.89, "bus_dcc": 1.54, "bus_lcAssertive": 53.7, "bus_lcCooperative": 0.22, "bus_lcLookaheadLeft": 29.43, "bus_lcPushy": 1.0, "bus_lcSublane": 0.82, "bus_max_v": 19.73, "bus_tau_mean": 3.34, "bus_tau_std": 1.29, "car_acc": 2.94, "car_dcc": 2.93, "car_lcAssertive": 6.88, "car_lcCooperative": 0.37, "car_lcLookaheadLeft": 19.99, "car_lcPushy": 0.31, "car_lcSublane": 0.7, "car_max_v": 21.22, "car_tau_mean": 0.87, "car_tau_std": 0.38}, "datetime": {"datetime": "2024-08-04 12:02:16", "elapsed": 1611.072584, "delta": 3.960233}}
{"target": -0.053902652607423475, "params": {"bus_acc": 2.73, "bus_dcc": 1.29, "bus_lcAssertive": 73.71, "bus_lcCooperative": 0.74, "bus_lcLookaheadLeft": 44.38, "bus_lcPushy": 0.57, "bus_lcSublane": 0.73, "bus_max_v": 27.44, "bus_tau_mean": 3.2, "bus_tau_std": 5.18, "car_acc": 2.5, "car_dcc": 1.84, "car_lcAssertive": 40.31, "car_lcCooperative": 0.92, "car_lcLookaheadLeft": 71.36, "car_lcPushy": 0.72, "car_lcSublane": 0.68, "car_max_v": 19.54, "car_tau_mean": 1.69, "car_tau_std": 2.69}, "datetime": {"datetime": "2024-08-04 12:02:23", "elapsed": 1617.185596, "delta": 6.113012}}
{"target": -0.04844479412028672, "params": {"bus_acc": 2.27, "bus_dcc": 1.07, "bus_lcAssertive": 54.36, "bus_lcCooperative": 0.04, "bus_lcLookaheadLeft": 95.25, "bus_lcPushy": 0.94, "bus_lcSublane": 0.83, "bus_max_v": 28.17, "bus_tau_mean": 1.05, "bus_tau_std": 1.61, "car_acc": 1.41, "car_dcc": 2.9, "car_lcAssertive": 90.71, "car_lcCooperative": 1.0, "car_lcLookaheadLeft": 71.73, "car_lcPushy": 0.77, "car_lcSublane": 0.95, "car_max_v": 16.85, "car_tau_mean": 1.41, "car_tau_std": 1.77}, "datetime": {"datetime": "2024-08-04 12:02:28", "elapsed": 1623.032409, "delta": 5.846813}}
{"target": -0.04942036486089032, "params": {"bus_acc": 2.01, "bus_dcc": 2.54, "bus_lcAssertive": 90.63, "bus_lcCooperative": 0.17, "bus_lcLookaheadLeft": 49.97, "bus_lcPushy": 0.84, "bus_lcSublane": 0.73, "bus_max_v": 18.36, "bus_tau_mean": 3.22, "bus_tau_std": 3.74, "car_acc": 1.98, "car_dcc": 3.88, "car_lcAssertive": 3.72, "car_lcCooperative": 0.88, "car_lcLookaheadLeft": 6.53, "car_lcPushy": 0.88, "car_lcSublane": 0.75, "car_max_v": 16.7, "car_tau_mean": 3.42, "car_tau_std": 7.59}, "datetime": {"datetime": "2024-08-04 12:02:33", "elapsed": 1627.383838, "delta": 4.351429}}
{"target": -0.05890426108216785, "params": {"bus_acc": 2.79, "bus_dcc": 1.42, "bus_lcAssertive": 86.47, "bus_lcCooperative": 0.78, "bus_lcLookaheadLeft": 31.25, "bus_lcPushy": 0.84, "bus_lcSublane": 0.15, "bus_max_v": 19.91, "bus_tau_mean": 3.01, "bus_tau_std": 8.24, "car_acc": 2.35, "car_dcc": 2.85, "car_lcAssertive": 26.01, "car_lcCooperative": 0.7, "car_lcLookaheadLeft": 38.76, "car_lcPushy": 0.67, "car_lcSublane": 0.14, "car_max_v": 29.9, "car_tau_mean": 1.15, "car_tau_std": 4.76}, "datetime": {"datetime": "2024-08-04 12:02:38", "elapsed": 1632.484809, "delta": 5.100971}}
{"target": -0.03929820638953164, "params": {"bus_acc": 1.18, "bus_dcc": 1.04, "bus_lcAssertive": 20.46, "bus_lcCooperative": 0.65, "bus_lcLookaheadLeft": 88.42, "bus_lcPushy": 0.18, "bus_lcSublane": 0.63, "bus_max_v": 19.01, "bus_tau_mean": 3.19, "bus_tau_std": 6.22, "car_acc": 2.86, "car_dcc": 3.36, "car_lcAssertive": 14.91, "car_lcCooperative": 0.57, "car_lcLookaheadLeft": 13.2, "car_lcPushy": 0.94, "car_lcSublane": 0.73, "car_max_v": 9.33, "car_tau_mean": 3.71, "car_tau_std": 1.71}, "datetime": {"datetime": "2024-08-04 12:02:50", "elapsed": 1644.76644, "delta": 12.281631}}
{"target": -0.05398523958800185, "params": {"bus_acc": 2.17, "bus_dcc": 1.34, "bus_lcAssertive": 70.43, "bus_lcCooperative": 0.18, "bus_lcLookaheadLeft": 93.89, "bus_lcPushy": 0.65, "bus_lcSublane": 0.43, "bus_max_v": 9.7, "bus_tau_mean": 3.86, "bus_tau_std": 8.12, "car_acc": 2.37, "car_dcc": 3.5, "car_lcAssertive": 61.75, "car_lcCooperative": 0.3, "car_lcLookaheadLeft": 95.76, "car_lcPushy": 0.66, "car_lcSublane": 0.51, "car_max_v": 23.95, "car_tau_mean": 3.03, "car_tau_std": 3.05}, "datetime": {"datetime": "2024-08-04 12:02:58", "elapsed": 1652.396831, "delta": 7.630391}}
{"target": -0.05068807340623341, "params": {"bus_acc": 1.26, "bus_dcc": 3.84, "bus_lcAssertive": 96.2, "bus_lcCooperative": 0.99, "bus_lcLookaheadLeft": 30.83, "bus_lcPushy": 0.38, "bus_lcSublane": 0.35, "bus_max_v": 23.36, "bus_tau_mean": 3.01, "bus_tau_std": 6.96, "car_acc": 1.68, "car_dcc": 2.07, "car_lcAssertive": 48.8, "car_lcCooperative": 0.78, "car_lcLookaheadLeft": 37.49, "car_lcPushy": 0.81, "car_lcSublane": 0.19, "car_max_v": 29.0, "car_tau_mean": 1.58, "car_tau_std": 2.83}, "datetime": {"datetime": "2024-08-04 12:03:00", "elapsed": 1654.831397, "delta": 2.434566}}
{"target": -0.05866564512990063, "params": {"bus_acc": 2.44, "bus_dcc": 1.3, "bus_lcAssertive": 32.01, "bus_lcCooperative": 0.19, "bus_lcLookaheadLeft": 18.19, "bus_lcPushy": 0.86, "bus_lcSublane": 0.53, "bus_max_v": 29.1, "bus_tau_mean": 1.2, "bus_tau_std": 0.42, "car_acc": 2.19, "car_dcc": 1.69, "car_lcAssertive": 5.67, "car_lcCooperative": 0.67, "car_lcLookaheadLeft": 21.68, "car_lcPushy": 0.75, "car_lcSublane": 0.9, "car_max_v": 28.91, "car_tau_mean": 3.73, "car_tau_std": 8.52}, "datetime": {"datetime": "2024-08-04 12:03:02", "elapsed": 1657.036637, "delta": 2.20524}}
