{"target": -0.3456352089788502, "params": {"bus_acc": 5.0, "bus_dcc": 1.6575, "bus_lcAssertive": 87.4408, "bus_lcCooperative": 0.0, "bus_lcLookaheadLeft": 15.6833, "bus_lcPushy": 0.0, "bus_lcSigma": 1.0, "bus_lcSpeedGainRight": 4.5062, "bus_lcSublane": 0.6791, "bus_sigma": 0.9001, "bus_tau_mean": 1.5458, "bus_tau_std": 4.6415, "bus_v_mean": 13.2063, "bus_v_std": 7.609, "car_acc": 1.7903, "car_dcc": 1.0, "car_lcAssertive": 43.4125, "car_lcCooperative": 0.4456, "car_lcLookaheadLeft": 64.2105, "car_lcPushy": 0.8905, "car_lcSigma": 0.0, "car_lcSpeedGainRight": 1.0685, "car_lcSublane": 0.2158, "car_sigma": 1.0, "car_tau_mean": 0.5, "car_tau_std": 2.5852, "car_v_mean": 13.9725, "car_v_std": 8.5761}, "datetime": {"datetime": "2024-08-08 13:03:31", "elapsed": 998.930502, "delta": 2.900617}}
{"target": -0.34871535785466057, "params": {"bus_acc": 4.2661, "bus_dcc": 3.9747, "bus_lcAssertive": 8.9295, "bus_lcCooperative": 0.8139, "bus_lcLookaheadLeft": 75.2398, "bus_lcPushy": 0.7811, "bus_lcSigma": 0.8662, "bus_lcSpeedGainRight": 4.5983, "bus_lcSublane": 0.1923, "bus_sigma": 0.7969, "bus_tau_mean": 0.883, "bus_tau_std": 1.1974, "bus_v_mean": 23.7046, "bus_v_std": 14.8425, "car_acc": 2.2492, "car_dcc": 2.8031, "car_lcAssertive": 9.7044, "car_lcCooperative": 0.2173, "car_lcLookaheadLeft": 62.4987, "car_lcPushy": 0.5311, "car_lcSigma": 0.2152, "car_lcSpeedGainRight": 2.2235, "car_lcSublane": 0.9133, "car_sigma": 0.6344, "car_tau_mean": 1.1964, "car_tau_std": 4.193, "car_v_mean": 21.5532, "car_v_std": 13.1002}, "datetime": {"datetime": "2024-08-08 13:03:32", "elapsed": 999.793869, "delta": 0.863367}}
{"target": -0.37671339585745006, "params": {"bus_acc": 4.7858, "bus_dcc": 1.5289, "bus_lcAssertive": 72.1458, "bus_lcCooperative": 0.6952, "bus_lcLookaheadLeft": 54.3669, "bus_lcPushy": 0.1978, "bus_lcSigma": 0.8359, "bus_lcSpeedGainRight": 0.5484, "bus_lcSublane": 0.5108, "bus_sigma": 0.5271, "bus_tau_mean": 2.7935, "bus_tau_std": 4.811, "bus_v_mean": 15.6933, "bus_v_std": 6.987, "car_acc": 4.3943, "car_dcc": 3.0061, "car_lcAssertive": 51.8828, "car_lcCooperative": 0.6001, "car_lcLookaheadLeft": 12.8779, "car_lcPushy": 0.9285, "car_lcSigma": 0.385, "car_lcSpeedGainRight": 1.9953, "car_lcSublane": 0.9783, "car_sigma": 0.6822, "car_tau_mean": 1.4392, "car_tau_std": 2.2938, "car_v_mean": 9.9837, "car_v_std": 5.1867}, "datetime": {"datetime": "2024-08-08 13:03:32", "elapsed": 1000.298632, "delta": 0.504763}}
{"target": -0.35012642058928833, "params": {"bus_acc": 4.0008, "bus_dcc": 3.4442, "bus_lcAssertive": 75.5156, "bus_lcCooperative": 0.1965, "bus_lcLookaheadLeft": 41.9551, "bus_lcPushy": 0.1403, "bus_lcSigma": 0.1172, "bus_lcSpeedGainRight": 2.5426, "bus_lcSublane": 0.8695, "bus_sigma": 0.5027, "bus_tau_mean": 2.2541, "bus_tau_std": 3.3826, "bus_v_mean": 16.4986, "bus_v_std": 6.1128, "car_acc": 4.7129, "car_dcc": 2.7043, "car_lcAssertive": 67.8063, "car_lcCooperative": 0.9355, "car_lcLookaheadLeft": 61.2948, "car_lcPushy": 0.186, "car_lcSigma": 0.834, "car_lcSpeedGainRight": 3.286, "car_lcSublane": 0.4398, "car_sigma": 0.7113, "car_tau_mean": 0.7547, "car_tau_std": 3.5273, "car_v_mean": 11.6102, "car_v_std": 9.9666}, "datetime": {"datetime": "2024-08-08 13:03:33", "elapsed": 1000.993086, "delta": 0.694454}}
{"target": -0.3723104199430396, "params": {"bus_acc": 1.745, "bus_dcc": 1.5615, "bus_lcAssertive": 83.0761, "bus_lcCooperative": 0.7132, "bus_lcLookaheadLeft": 30.0443, "bus_lcPushy": 0.4254, "bus_lcSigma": 0.9347, "bus_lcSpeedGainRight": 4.6375, "bus_lcSublane": 0.7811, "bus_sigma": 0.3703, "bus_tau_mean": 3.328, "bus_tau_std": 3.9764, "bus_v_mean": 13.7284, "bus_v_std": 4.8661, "car_acc": 3.5004, "car_dcc": 2.6741, "car_lcAssertive": 68.2678, "car_lcCooperative": 0.4393, "car_lcLookaheadLeft": 64.3191, "car_lcPushy": 0.0817, "car_lcSigma": 0.269, "car_lcSpeedGainRight": 1.8055, "car_lcSublane": 0.4853, "car_sigma": 0.8476, "car_tau_mean": 0.9174, "car_tau_std": 4.7019, "car_v_mean": 12.6922, "car_v_std": 6.4899}, "datetime": {"datetime": "2024-08-08 13:03:33", "elapsed": 1001.503312, "delta": 0.510226}}
{"target": -0.3521152860438495, "params": {"bus_acc": 1.8373, "bus_dcc": 2.7453, "bus_lcAssertive": 76.4145, "bus_lcCooperative": 0.6893, "bus_lcLookaheadLeft": 28.1165, "bus_lcPushy": 0.1725, "bus_lcSigma": 0.8724, "bus_lcSpeedGainRight": 4.5895, "bus_lcSublane": 0.9898, "bus_sigma": 0.2893, "bus_tau_mean": 3.2942, "bus_tau_std": 4.5772, "bus_v_mean": 10.9816, "bus_v_std": 6.013, "car_acc": 3.2088, "car_dcc": 3.3875, "car_lcAssertive": 14.0229, "car_lcCooperative": 0.2658, "car_lcLookaheadLeft": 9.1485, "car_lcPushy": 0.2168, "car_lcSigma": 0.3415, "car_lcSpeedGainRight": 2.2948, "car_lcSublane": 0.8514, "car_sigma": 0.0022, "car_tau_mean": 2.1275, "car_tau_std": 9.177, "car_v_mean": 12.8842, "car_v_std": 4.8124}, "datetime": {"datetime": "2024-08-08 13:03:34", "elapsed": 1001.937265, "delta": 0.433953}}
{"target": -0.3351355521962372, "params": {"bus_acc": 1.4254, "bus_dcc": 1.5556, "bus_lcAssertive": 81.2299, "bus_lcCooperative": 0.4714, "bus_lcLookaheadLeft": 33.8585, "bus_lcPushy": 0.5662, "bus_lcSigma": 0.4768, "bus_lcSpeedGainRight": 2.6452, "bus_lcSublane": 0.7669, "bus_sigma": 0.0, "bus_tau_mean": 1.9376, "bus_tau_std": 1.5916, "bus_v_mean": 8.3561, "bus_v_std": 2.94, "car_acc": 4.2237, "car_dcc": 3.1694, "car_lcAssertive": 9.8904, "car_lcCooperative": 0.79, "car_lcLookaheadLeft": 15.9392, "car_lcPushy": 0.5306, "car_lcSigma": 1.0, "car_lcSpeedGainRight": 1.9488, "car_lcSublane": 0.3199, "car_sigma": 1.0, "car_tau_mean": 2.4449, "car_tau_std": 2.6432, "car_v_mean": 24.0, "car_v_std": 20.0}, "datetime": {"datetime": "2024-08-08 13:03:34", "elapsed": 1002.461205, "delta": 0.52394}}
{"target": -0.3393671620861371, "params": {"bus_acc": 1.3974, "bus_dcc": 1.5275, "bus_lcAssertive": 81.2955, "bus_lcCooperative": 0.4829, "bus_lcLookaheadLeft": 33.9842, "bus_lcPushy": 0.5746, "bus_lcSigma": 0.452, "bus_lcSpeedGainRight": 2.5395, "bus_lcSublane": 0.7749, "bus_sigma": 0.0, "bus_tau_mean": 1.8685, "bus_tau_std": 1.8989, "bus_v_mean": 8.7001, "bus_v_std": 3.522, "car_acc": 4.1154, "car_dcc": 3.0947, "car_lcAssertive": 10.0531, "car_lcCooperative": 0.7752, "car_lcLookaheadLeft": 15.9066, "car_lcPushy": 0.5336, "car_lcSigma": 1.0, "car_lcSpeedGainRight": 2.1486, "car_lcSublane": 0.3353, "car_sigma": 1.0, "car_tau_mean": 2.4491, "car_tau_std": 2.8357, "car_v_mean": 24.0, "car_v_std": 20.0}, "datetime": {"datetime": "2024-08-08 13:03:39", "elapsed": 1006.900444, "delta": 4.439239}}
{"target": -0.35458496975820497, "params": {"bus_acc": 4.8659, "bus_dcc": 1.2479, "bus_lcAssertive": 33.9919, "bus_lcCooperative": 0.9238, "bus_lcLookaheadLeft": 29.8611, "bus_lcPushy": 0.1624, "bus_lcSigma": 0.3429, "bus_lcSpeedGainRight": 3.5479, "bus_lcSublane": 0.3904, "bus_sigma": 0.6303, "bus_tau_mean": 1.3855, "bus_tau_std": 5.2415, "bus_v_mean": 10.7687, "bus_v_std": 7.9914, "car_acc": 4.2115, "car_dcc": 1.5212, "car_lcAssertive": 22.2229, "car_lcCooperative": 0.495, "car_lcLookaheadLeft": 84.4466, "car_lcPushy": 0.8531, "car_lcSigma": 0.1513, "car_lcSpeedGainRight": 0.3269, "car_lcSublane": 0.4729, "car_sigma": 0.6861, "car_tau_mean": 1.4802, "car_tau_std": 0.1018, "car_v_mean": 11.0967, "car_v_std": 1.8022}, "datetime": {"datetime": "2024-08-08 13:03:46", "elapsed": 1014.50796, "delta": 7.607516}}
{"target": -0.3684530730121416, "params": {"bus_acc": 3.8903, "bus_dcc": 2.0618, "bus_lcAssertive": 77.2661, "bus_lcCooperative": 0.1789, "bus_lcLookaheadLeft": 37.7752, "bus_lcPushy": 0.1415, "bus_lcSigma": 0.4982, "bus_lcSpeedGainRight": 3.7816, "bus_lcSublane": 0.6008, "bus_sigma": 0.3661, "bus_tau_mean": 2.1661, "bus_tau_std": 2.3125, "bus_v_mean": 14.1978, "bus_v_std": 7.8816, "car_acc": 2.1312, "car_dcc": 1.7746, "car_lcAssertive": 62.6386, "car_lcCooperative": 0.7169, "car_lcLookaheadLeft": 61.3834, "car_lcPushy": 0.7537, "car_lcSigma": 0.2787, "car_lcSpeedGainRight": 0.5286, "car_lcSublane": 0.3925, "car_sigma": 0.8687, "car_tau_mean": 1.4637, "car_tau_std": 2.9015, "car_v_mean": 15.3199, "car_v_std": 8.3933}, "datetime": {"datetime": "2024-08-08 13:03:56", "elapsed": 1023.959527, "delta": 9.451567}}
{"target": -0.32783731037530983, "params": {"bus_acc": 3.9855, "bus_dcc": 3.3733, "bus_lcAssertive": 49.6406, "bus_lcCooperative": 0.6538, "bus_lcLookaheadLeft": 42.3361, "bus_lcPushy": 0.6677, "bus_lcSigma": 0.4803, "bus_lcSpeedGainRight": 4.7737, "bus_lcSublane": 0.7804, "bus_sigma": 0.4418, "bus_tau_mean": 3.7387, "bus_tau_std": 8.4184, "bus_v_mean": 17.6383, "bus_v_std": 10.4928, "car_acc": 4.6819, "car_dcc": 1.28, "car_lcAssertive": 77.5264, "car_lcCooperative": 0.2741, "car_lcLookaheadLeft": 96.7558, "car_lcPushy": 0.5189, "car_lcSigma": 0.6842, "car_lcSpeedGainRight": 0.3347, "car_lcSublane": 0.4172, "car_sigma": 0.9811, "car_tau_mean": 1.8499, "car_tau_std": 9.3842, "car_v_mean": 12.254, "car_v_std": 8.9743}, "datetime": {"datetime": "2024-08-08 13:04:05", "elapsed": 1033.420177, "delta": 9.46065}}
{"target": -0.33983324292026074, "params": {"bus_acc": 1.5236, "bus_dcc": 2.3825, "bus_lcAssertive": 58.6299, "bus_lcCooperative": 0.8577, "bus_lcLookaheadLeft": 36.1609, "bus_lcPushy": 0.8166, "bus_lcSigma": 0.2206, "bus_lcSpeedGainRight": 1.3718, "bus_lcSublane": 0.8772, "bus_sigma": 0.2523, "bus_tau_mean": 3.3658, "bus_tau_std": 2.0359, "bus_v_mean": 13.9181, "bus_v_std": 15.4081, "car_acc": 3.0974, "car_dcc": 1.5809, "car_lcAssertive": 11.034, "car_lcCooperative": 0.2937, "car_lcLookaheadLeft": 11.8843, "car_lcPushy": 0.3255, "car_lcSigma": 0.881, "car_lcSpeedGainRight": 4.7112, "car_lcSublane": 0.2129, "car_sigma": 0.4318, "car_tau_mean": 1.5334, "car_tau_std": 1.1136, "car_v_mean": 21.2395, "car_v_std": 12.7293}, "datetime": {"datetime": "2024-08-08 13:04:11", "elapsed": 1039.0256, "delta": 5.605423}}
{"target": -0.34692591611762225, "params": {"bus_acc": 4.9161, "bus_dcc": 1.6661, "bus_lcAssertive": 91.0802, "bus_lcCooperative": 0.3147, "bus_lcLookaheadLeft": 20.2249, "bus_lcPushy": 0.5481, "bus_lcSigma": 0.2931, "bus_lcSpeedGainRight": 1.6175, "bus_lcSublane": 0.8757, "bus_sigma": 0.5996, "bus_tau_mean": 2.2334, "bus_tau_std": 8.1182, "bus_v_mean": 14.3991, "bus_v_std": 0.085, "car_acc": 2.0986, "car_dcc": 1.1779, "car_lcAssertive": 34.0033, "car_lcCooperative": 0.8503, "car_lcLookaheadLeft": 19.6796, "car_lcPushy": 0.8272, "car_lcSigma": 0.6091, "car_lcSpeedGainRight": 2.6032, "car_lcSublane": 0.878, "car_sigma": 0.0286, "car_tau_mean": 2.3412, "car_tau_std": 9.4571, "car_v_mean": 21.4991, "car_v_std": 15.2287}, "datetime": {"datetime": "2024-08-08 13:04:16", "elapsed": 1044.42215, "delta": 5.39655}}
{"target": -0.3459148981220864, "params": {"bus_acc": 2.4697, "bus_dcc": 3.8614, "bus_lcAssertive": 13.8637, "bus_lcCooperative": 0.5026, "bus_lcLookaheadLeft": 35.7001, "bus_lcPushy": 0.1003, "bus_lcSigma": 0.1658, "bus_lcSpeedGainRight": 1.0166, "bus_lcSublane": 0.095, "bus_sigma": 0.6096, "bus_tau_mean": 2.9001, "bus_tau_std": 4.9516, "bus_v_mean": 10.0433, "bus_v_std": 16.6467, "car_acc": 4.0617, "car_dcc": 2.3918, "car_lcAssertive": 27.0893, "car_lcCooperative": 0.5868, "car_lcLookaheadLeft": 38.5589, "car_lcPushy": 0.9342, "car_lcSigma": 0.9644, "car_lcSpeedGainRight": 1.7293, "car_lcSublane": 0.6587, "car_sigma": 0.1662, "car_tau_mean": 2.4949, "car_tau_std": 2.1641, "car_v_mean": 8.8365, "car_v_std": 13.2606}, "datetime": {"datetime": "2024-08-08 13:04:24", "elapsed": 1052.243814, "delta": 7.821664}}
{"target": -0.3260223255704794, "params": {"bus_acc": 1.5108, "bus_dcc": 1.5883, "bus_lcAssertive": 79.8106, "bus_lcCooperative": 0.5006, "bus_lcLookaheadLeft": 32.9163, "bus_lcPushy": 0.5516, "bus_lcSigma": 0.4988, "bus_lcSpeedGainRight": 2.4013, "bus_lcSublane": 0.7148, "bus_sigma": 0.0424, "bus_tau_mean": 1.9317, "bus_tau_std": 1.6092, "bus_v_mean": 10.2655, "bus_v_std": 3.0516, "car_acc": 4.3707, "car_dcc": 2.978, "car_lcAssertive": 10.0917, "car_lcCooperative": 0.7415, "car_lcLookaheadLeft": 17.6557, "car_lcPushy": 0.5665, "car_lcSigma": 0.9339, "car_lcSpeedGainRight": 2.1092, "car_lcSublane": 0.3757, "car_sigma": 0.9717, "car_tau_mean": 2.1564, "car_tau_std": 2.7097, "car_v_mean": 24.0, "car_v_std": 20.0}, "datetime": {"datetime": "2024-08-08 13:04:30", "elapsed": 1057.75163, "delta": 5.507816}}
{"target": -0.32572216662879394, "params": {"bus_acc": 1.5628, "bus_dcc": 1.76, "bus_lcAssertive": 79.7146, "bus_lcCooperative": 0.491, "bus_lcLookaheadLeft": 32.9042, "bus_lcPushy": 0.5757, "bus_lcSigma": 0.5327, "bus_lcSpeedGainRight": 2.3113, "bus_lcSublane": 0.6727, "bus_sigma": 0.133, "bus_tau_mean": 2.0479, "bus_tau_std": 1.9736, "bus_v_mean": 10.9713, "bus_v_std": 3.8012, "car_acc": 4.3195, "car_dcc": 2.8851, "car_lcAssertive": 10.2222, "car_lcCooperative": 0.7579, "car_lcLookaheadLeft": 18.13, "car_lcPushy": 0.5919, "car_lcSigma": 0.9356, "car_lcSpeedGainRight": 2.2915, "car_lcSublane": 0.415, "car_sigma": 0.9194, "car_tau_mean": 2.1825, "car_tau_std": 3.1426, "car_v_mean": 23.9959, "car_v_std": 19.6749}, "datetime": {"datetime": "2024-08-08 13:05:11", "elapsed": 1099.452262, "delta": 41.700632}}
{"target": -0.33707111628842557, "params": {"bus_acc": 1.4748, "bus_dcc": 1.8207, "bus_lcAssertive": 79.9613, "bus_lcCooperative": 0.4846, "bus_lcLookaheadLeft": 33.3203, "bus_lcPushy": 0.5638, "bus_lcSigma": 0.503, "bus_lcSpeedGainRight": 2.3708, "bus_lcSublane": 0.671, "bus_sigma": 0.1199, "bus_tau_mean": 1.9881, "bus_tau_std": 2.1942, "bus_v_mean": 10.7422, "bus_v_std": 4.3043, "car_acc": 4.1479, "car_dcc": 2.9539, "car_lcAssertive": 10.1789, "car_lcCooperative": 0.7095, "car_lcLookaheadLeft": 17.8674, "car_lcPushy": 0.5864, "car_lcSigma": 0.9292, "car_lcSpeedGainRight": 2.3386, "car_lcSublane": 0.3756, "car_sigma": 0.8918, "car_tau_mean": 2.1612, "car_tau_std": 3.289, "car_v_mean": 23.7146, "car_v_std": 19.426}, "datetime": {"datetime": "2024-08-08 13:05:40", "elapsed": 1128.078203, "delta": 28.625941}}
{"target": -0.37192742028268966, "params": {"bus_acc": 1.429, "bus_dcc": 1.3861, "bus_lcAssertive": 19.0509, "bus_lcCooperative": 0.3744, "bus_lcLookaheadLeft": 4.4279, "bus_lcPushy": 0.1552, "bus_lcSigma": 0.0466, "bus_lcSpeedGainRight": 4.3199, "bus_lcSublane": 0.6615, "bus_sigma": 0.9933, "bus_tau_mean": 3.3718, "bus_tau_std": 4.5323, "bus_v_mean": 14.766, "bus_v_std": 9.9888, "car_acc": 1.9245, "car_dcc": 1.9504, "car_lcAssertive": 96.1487, "car_lcCooperative": 0.1682, "car_lcLookaheadLeft": 50.5714, "car_lcPushy": 0.158, "car_lcSigma": 0.3798, "car_lcSpeedGainRight": 4.6521, "car_lcSublane": 0.2042, "car_sigma": 0.1796, "car_tau_mean": 3.7592, "car_tau_std": 6.4354, "car_v_mean": 20.1848, "car_v_std": 8.6501}, "datetime": {"datetime": "2024-08-08 13:05:52", "elapsed": 1140.032744, "delta": 11.954541}}
{"target": -0.320027513766017, "params": {"bus_acc": 3.2791, "bus_dcc": 2.5153, "bus_lcAssertive": 10.0232, "bus_lcCooperative": 0.8253, "bus_lcLookaheadLeft": 33.2937, "bus_lcPushy": 0.8351, "bus_lcSigma": 0.1861, "bus_lcSpeedGainRight": 0.1814, "bus_lcSublane": 0.1182, "bus_sigma": 0.7703, "bus_tau_mean": 2.3175, "bus_tau_std": 7.1453, "bus_v_mean": 9.6833, "bus_v_std": 17.037, "car_acc": 1.7394, "car_dcc": 2.4997, "car_lcAssertive": 57.2514, "car_lcCooperative": 0.0764, "car_lcLookaheadLeft": 23.9134, "car_lcPushy": 0.1574, "car_lcSigma": 0.8406, "car_lcSpeedGainRight": 2.5953, "car_lcSublane": 0.0325, "car_sigma": 0.1122, "car_tau_mean": 2.5379, "car_tau_std": 7.885, "car_v_mean": 14.2318, "car_v_std": 9.5689}, "datetime": {"datetime": "2024-08-08 13:06:12", "elapsed": 1159.762469, "delta": 19.729725}}
{"target": -0.3382904350232412, "params": {"bus_acc": 1.8535, "bus_dcc": 1.9204, "bus_lcAssertive": 74.8473, "bus_lcCooperative": 0.6201, "bus_lcLookaheadLeft": 27.9269, "bus_lcPushy": 0.5389, "bus_lcSigma": 0.6394, "bus_lcSpeedGainRight": 3.0274, "bus_lcSublane": 0.4874, "bus_sigma": 0.3896, "bus_tau_mean": 2.1194, "bus_tau_std": 3.2576, "bus_v_mean": 11.7229, "bus_v_std": 11.0591, "car_acc": 3.7367, "car_dcc": 3.0391, "car_lcAssertive": 9.09, "car_lcCooperative": 0.4056, "car_lcLookaheadLeft": 18.911, "car_lcPushy": 0.5407, "car_lcSigma": 0.8591, "car_lcSpeedGainRight": 2.2386, "car_lcSublane": 0.4558, "car_sigma": 0.7707, "car_tau_mean": 2.8796, "car_tau_std": 2.3391, "car_v_mean": 20.9445, "car_v_std": 17.1737}, "datetime": {"datetime": "2024-08-08 13:06:16", "elapsed": 1163.565646, "delta": 3.803177}}
{"target": -0.360895132894282, "params": {"bus_acc": 3.9594, "bus_dcc": 1.0582, "bus_lcAssertive": 45.0765, "bus_lcCooperative": 0.2661, "bus_lcLookaheadLeft": 40.9686, "bus_lcPushy": 0.7081, "bus_lcSigma": 0.6215, "bus_lcSpeedGainRight": 3.6857, "bus_lcSublane": 0.8337, "bus_sigma": 0.9686, "bus_tau_mean": 3.7136, "bus_tau_std": 5.6945, "bus_v_mean": 22.7427, "bus_v_std": 9.8376, "car_acc": 3.7938, "car_dcc": 3.1759, "car_lcAssertive": 86.7692, "car_lcCooperative": 0.0819, "car_lcLookaheadLeft": 94.6364, "car_lcPushy": 0.2752, "car_lcSigma": 0.86, "car_lcSpeedGainRight": 3.1308, "car_lcSublane": 0.4654, "car_sigma": 0.1399, "car_tau_mean": 2.5588, "car_tau_std": 9.8476, "car_v_mean": 12.4054, "car_v_std": 8.5095}, "datetime": {"datetime": "2024-08-08 13:06:34", "elapsed": 1182.040154, "delta": 18.474508}}
{"target": -0.35818390752879603, "params": {"bus_acc": 1.5407, "bus_dcc": 1.7605, "bus_lcAssertive": 79.8772, "bus_lcCooperative": 0.4903, "bus_lcLookaheadLeft": 33.175, "bus_lcPushy": 0.5465, "bus_lcSigma": 0.5101, "bus_lcSpeedGainRight": 2.4284, "bus_lcSublane": 0.6987, "bus_sigma": 0.1119, "bus_tau_mean": 1.9269, "bus_tau_std": 2.1201, "bus_v_mean": 10.6737, "bus_v_std": 4.0324, "car_acc": 4.0957, "car_dcc": 2.8906, "car_lcAssertive": 10.4061, "car_lcCooperative": 0.6937, "car_lcLookaheadLeft": 17.9497, "car_lcPushy": 0.5721, "car_lcSigma": 0.9234, "car_lcSpeedGainRight": 2.3061, "car_lcSublane": 0.3744, "car_sigma": 0.9021, "car_tau_mean": 2.1452, "car_tau_std": 3.0479, "car_v_mean": 23.9746, "car_v_std": 19.7866}, "datetime": {"datetime": "2024-08-08 13:06:39", "elapsed": 1186.741321, "delta": 4.701167}}
{"target": -0.350685303255424, "params": {"bus_acc": 1.2132, "bus_dcc": 2.1634, "bus_lcAssertive": 77.7269, "bus_lcCooperative": 0.7007, "bus_lcLookaheadLeft": 26.3385, "bus_lcPushy": 0.5911, "bus_lcSigma": 0.619, "bus_lcSpeedGainRight": 3.1143, "bus_lcSublane": 0.3896, "bus_sigma": 0.5347, "bus_tau_mean": 1.6978, "bus_tau_std": 3.7556, "bus_v_mean": 10.2761, "bus_v_std": 12.7794, "car_acc": 3.4006, "car_dcc": 2.8093, "car_lcAssertive": 4.5555, "car_lcCooperative": 0.4008, "car_lcLookaheadLeft": 13.0228, "car_lcPushy": 0.4946, "car_lcSigma": 0.9214, "car_lcSpeedGainRight": 2.6609, "car_lcSublane": 0.454, "car_sigma": 0.6262, "car_tau_mean": 3.6129, "car_tau_std": 3.4103, "car_v_mean": 18.6926, "car_v_std": 15.7908}, "datetime": {"datetime": "2024-08-08 13:06:48", "elapsed": 1195.641102, "delta": 8.899781}}
{"target": -0.4082106130564191, "params": {"bus_acc": 4.6561, "bus_dcc": 3.2521, "bus_lcAssertive": 34.0378, "bus_lcCooperative": 0.4424, "bus_lcLookaheadLeft": 71.4601, "bus_lcPushy": 0.7144, "bus_lcSigma": 0.6927, "bus_lcSpeedGainRight": 3.8242, "bus_lcSublane": 0.162, "bus_sigma": 0.0029, "bus_tau_mean": 3.5381, "bus_tau_std": 5.5383, "bus_v_mean": 21.1748, "bus_v_std": 0.6024, "car_acc": 3.965, "car_dcc": 3.9908, "car_lcAssertive": 99.1199, "car_lcCooperative": 0.4072, "car_lcLookaheadLeft": 77.9381, "car_lcPushy": 0.7177, "car_lcSigma": 0.5514, "car_lcSpeedGainRight": 4.0762, "car_lcSublane": 0.6101, "car_sigma": 0.8582, "car_tau_mean": 3.0153, "car_tau_std": 7.9444, "car_v_mean": 18.1261, "car_v_std": 4.9332}, "datetime": {"datetime": "2024-08-08 13:06:49", "elapsed": 1196.884511, "delta": 1.243409}}
{"target": -0.34728311243255616, "params": {"bus_acc": 1.2392, "bus_dcc": 2.1888, "bus_lcAssertive": 77.3771, "bus_lcCooperative": 0.6848, "bus_lcLookaheadLeft": 26.5086, "bus_lcPushy": 0.5778, "bus_lcSigma": 0.5981, "bus_lcSpeedGainRight": 3.0626, "bus_lcSublane": 0.3822, "bus_sigma": 0.5387, "bus_tau_mean": 1.7119, "bus_tau_std": 3.9271, "bus_v_mean": 10.4212, "bus_v_std": 12.8069, "car_acc": 3.3653, "car_dcc": 2.7919, "car_lcAssertive": 5.0042, "car_lcCooperative": 0.3857, "car_lcLookaheadLeft": 13.0315, "car_lcPushy": 0.4732, "car_lcSigma": 0.9103, "car_lcSpeedGainRight": 2.6621, "car_lcSublane": 0.4646, "car_sigma": 0.5918, "car_tau_mean": 3.576, "car_tau_std": 3.4483, "car_v_mean": 18.5381, "car_v_std": 15.3706}, "datetime": {"datetime": "2024-08-08 13:06:54", "elapsed": 1202.267714, "delta": 5.383203}}
{"target": -0.381111751177921, "params": {"bus_acc": 2.8211, "bus_dcc": 3.9543, "bus_lcAssertive": 44.1306, "bus_lcCooperative": 0.9203, "bus_lcLookaheadLeft": 97.2846, "bus_lcPushy": 0.1444, "bus_lcSigma": 0.97, "bus_lcSpeedGainRight": 3.5339, "bus_lcSublane": 0.2294, "bus_sigma": 0.0514, "bus_tau_mean": 2.0628, "bus_tau_std": 3.2974, "bus_v_mean": 22.6247, "bus_v_std": 15.8474, "car_acc": 2.275, "car_dcc": 3.8122, "car_lcAssertive": 51.3599, "car_lcCooperative": 0.2862, "car_lcLookaheadLeft": 92.6702, "car_lcPushy": 0.9386, "car_lcSigma": 0.7234, "car_lcSpeedGainRight": 2.0403, "car_lcSublane": 0.7308, "car_sigma": 0.0046, "car_tau_mean": 1.8321, "car_tau_std": 8.1585, "car_v_mean": 23.8644, "car_v_std": 5.8043}, "datetime": {"datetime": "2024-08-08 13:06:58", "elapsed": 1205.87927, "delta": 3.611556}}
