{"target": -0.31829959800449864, "params": {"bus_acc": 2.6798, "bus_dcc": 2.9408, "bus_lcAssertive": 65.3487, "bus_lcCooperative": 0.2454, "bus_lcLookaheadLeft": 34.2382, "bus_lcPushy": 0.3355, "bus_lcSigma": 0.2497, "bus_lcSpeedGainRight": 1.6489, "bus_lcSublane": 0.6659, "bus_sigma": 0.8059, "bus_tau_mean": 1.8955, "bus_tau_std": 3.0363, "bus_v_mean": 15.5322, "bus_v_std": 6.5788, "car_acc": 3.3882, "car_dcc": 2.4086, "car_lcAssertive": 71.5539, "car_lcCooperative": 0.0928, "car_lcLookaheadLeft": 43.4167, "car_lcPushy": 0.79, "car_lcSigma": 0.6158, "car_lcSpeedGainRight": 2.9882, "car_lcSublane": 0.6562, "car_sigma": 0.0006, "car_tau_mean": 3.2246, "car_tau_std": 9.0006, "car_v_mean": 12.819, "car_v_std": 13.7772}, "datetime": {"datetime": "2024-08-08 19:06:29", "elapsed": 1797.095252, "delta": 6.085697}}
{"target": -0.3289406479980006, "params": {"bus_acc": 3.5576, "bus_dcc": 2.6056, "bus_lcAssertive": 1.5787, "bus_lcCooperative": 0.4043, "bus_lcLookaheadLeft": 60.2332, "bus_lcPushy": 0.0988, "bus_lcSigma": 0.5212, "bus_lcSpeedGainRight": 0.8591, "bus_lcSublane": 0.137, "bus_sigma": 0.4089, "bus_tau_mean": 0.5808, "bus_tau_std": 2.1403, "bus_v_mean": 14.826, "bus_v_std": 10.5199, "car_acc": 3.5378, "car_dcc": 3.7805, "car_lcAssertive": 5.884, "car_lcCooperative": 0.0758, "car_lcLookaheadLeft": 86.1255, "car_lcPushy": 0.5804, "car_lcSigma": 0.8518, "car_lcSpeedGainRight": 1.022, "car_lcSublane": 0.9844, "car_sigma": 0.1269, "car_tau_mean": 1.0681, "car_tau_std": 8.4925, "car_v_mean": 22.3573, "car_v_std": 5.3213}, "datetime": {"datetime": "2024-08-08 19:06:35", "elapsed": 1803.051738, "delta": 5.956486}}
{"target": -0.370788311694123, "params": {"bus_acc": 1.1983, "bus_dcc": 3.6107, "bus_lcAssertive": 82.6894, "bus_lcCooperative": 0.1897, "bus_lcLookaheadLeft": 30.3153, "bus_lcPushy": 0.7734, "bus_lcSigma": 0.2418, "bus_lcSpeedGainRight": 3.4146, "bus_lcSublane": 0.838, "bus_sigma": 0.4468, "bus_tau_mean": 2.8027, "bus_tau_std": 0.5084, "bus_v_mean": 15.9124, "bus_v_std": 11.0208, "car_acc": 1.8967, "car_dcc": 3.4699, "car_lcAssertive": 39.848, "car_lcCooperative": 0.9436, "car_lcLookaheadLeft": 5.6637, "car_lcPushy": 0.7243, "car_lcSigma": 0.3317, "car_lcSpeedGainRight": 4.4752, "car_lcSublane": 0.0785, "car_sigma": 0.1777, "car_tau_mean": 3.6807, "car_tau_std": 4.0382, "car_v_mean": 23.9134, "car_v_std": 10.2587}, "datetime": {"datetime": "2024-08-08 19:06:42", "elapsed": 1809.963028, "delta": 6.91129}}
{"target": -0.32240082642488066, "params": {"bus_acc": 1.9527, "bus_dcc": 2.282, "bus_lcAssertive": 41.0126, "bus_lcCooperative": 0.4854, "bus_lcLookaheadLeft": 53.5492, "bus_lcPushy": 0.7741, "bus_lcSigma": 0.5864, "bus_lcSpeedGainRight": 1.1051, "bus_lcSublane": 0.7277, "bus_sigma": 0.5534, "bus_tau_mean": 3.6757, "bus_tau_std": 2.8862, "bus_v_mean": 21.9295, "bus_v_std": 5.2613, "car_acc": 2.6659, "car_dcc": 1.8448, "car_lcAssertive": 88.1483, "car_lcCooperative": 0.4785, "car_lcLookaheadLeft": 64.8161, "car_lcPushy": 0.3862, "car_lcSigma": 0.392, "car_lcSpeedGainRight": 0.1485, "car_lcSublane": 0.0922, "car_sigma": 0.4983, "car_tau_mean": 1.4207, "car_tau_std": 8.7905, "car_v_mean": 8.2502, "car_v_std": 16.5461}, "datetime": {"datetime": "2024-08-08 19:06:47", "elapsed": 1815.668903, "delta": 5.705875}}
{"target": -0.30128386994211925, "params": {"bus_acc": 1.6954, "bus_dcc": 2.3993, "bus_lcAssertive": 91.4035, "bus_lcCooperative": 0.2806, "bus_lcLookaheadLeft": 48.9387, "bus_lcPushy": 0.6378, "bus_lcSigma": 0.9253, "bus_lcSpeedGainRight": 1.6646, "bus_lcSublane": 0.3101, "bus_sigma": 0.4095, "bus_tau_mean": 1.1833, "bus_tau_std": 2.2378, "bus_v_mean": 19.4197, "bus_v_std": 19.7342, "car_acc": 3.8844, "car_dcc": 1.0979, "car_lcAssertive": 53.9023, "car_lcCooperative": 0.1222, "car_lcLookaheadLeft": 94.1141, "car_lcPushy": 0.0492, "car_lcSigma": 0.4173, "car_lcSpeedGainRight": 1.4996, "car_lcSublane": 0.3761, "car_sigma": 0.0375, "car_tau_mean": 2.278, "car_tau_std": 6.3917, "car_v_mean": 17.8666, "car_v_std": 18.6089}, "datetime": {"datetime": "2024-08-08 19:06:51", "elapsed": 1819.576449, "delta": 3.907546}}
{"target": -0.32525535663890004, "params": {"bus_acc": 2.3952, "bus_dcc": 2.2017, "bus_lcAssertive": 44.9914, "bus_lcCooperative": 0.7225, "bus_lcLookaheadLeft": 21.1168, "bus_lcPushy": 0.5763, "bus_lcSigma": 0.205, "bus_lcSpeedGainRight": 0.6183, "bus_lcSublane": 0.3786, "bus_sigma": 0.5329, "bus_tau_mean": 3.3321, "bus_tau_std": 7.8039, "bus_v_mean": 21.6347, "bus_v_std": 13.307, "car_acc": 3.3806, "car_dcc": 2.4079, "car_lcAssertive": 52.8031, "car_lcCooperative": 0.181, "car_lcLookaheadLeft": 89.9896, "car_lcPushy": 0.1869, "car_lcSigma": 0.5856, "car_lcSpeedGainRight": 0.7478, "car_lcSublane": 0.6352, "car_sigma": 0.4077, "car_tau_mean": 1.1616, "car_tau_std": 3.6588, "car_v_mean": 15.5028, "car_v_std": 9.2739}, "datetime": {"datetime": "2024-08-08 19:06:56", "elapsed": 1824.608439, "delta": 5.03199}}
{"target": -0.3219223498991854, "params": {"bus_acc": 2.2924, "bus_dcc": 3.4012, "bus_lcAssertive": 48.7034, "bus_lcCooperative": 0.4662, "bus_lcLookaheadLeft": 13.2199, "bus_lcPushy": 0.5582, "bus_lcSigma": 0.6889, "bus_lcSpeedGainRight": 3.4098, "bus_lcSublane": 0.5165, "bus_sigma": 0.4616, "bus_tau_mean": 2.3589, "bus_tau_std": 7.0851, "bus_v_mean": 17.5538, "bus_v_std": 9.9994, "car_acc": 3.0465, "car_dcc": 2.0503, "car_lcAssertive": 12.1774, "car_lcCooperative": 0.6114, "car_lcLookaheadLeft": 31.9212, "car_lcPushy": 0.5815, "car_lcSigma": 0.8674, "car_lcSpeedGainRight": 1.2699, "car_lcSublane": 0.3117, "car_sigma": 0.5356, "car_tau_mean": 1.7247, "car_tau_std": 2.5776, "car_v_mean": 12.8846, "car_v_std": 9.6868}, "datetime": {"datetime": "2024-08-08 19:07:00", "elapsed": 1828.390889, "delta": 3.78245}}
{"target": -0.28993831995926406, "params": {"bus_acc": 3.9475, "bus_dcc": 2.3869, "bus_lcAssertive": 79.8675, "bus_lcCooperative": 0.6196, "bus_lcLookaheadLeft": 64.9919, "bus_lcPushy": 0.0885, "bus_lcSigma": 0.8038, "bus_lcSpeedGainRight": 4.3219, "bus_lcSublane": 0.7157, "bus_sigma": 0.1448, "bus_tau_mean": 0.5006, "bus_tau_std": 6.7115, "bus_v_mean": 13.9722, "bus_v_std": 10.0472, "car_acc": 2.9873, "car_dcc": 2.2087, "car_lcAssertive": 1.9203, "car_lcCooperative": 0.2729, "car_lcLookaheadLeft": 22.4679, "car_lcPushy": 0.6374, "car_lcSigma": 0.894, "car_lcSpeedGainRight": 1.8101, "car_lcSublane": 0.8171, "car_sigma": 0.8771, "car_tau_mean": 3.4472, "car_tau_std": 2.9591, "car_v_mean": 8.2808, "car_v_std": 10.6466}, "datetime": {"datetime": "2024-08-08 19:07:08", "elapsed": 1835.911803, "delta": 7.520914}}
{"target": -0.34548637744562183, "params": {"bus_acc": 2.3321, "bus_dcc": 2.5478, "bus_lcAssertive": 58.1817, "bus_lcCooperative": 0.3701, "bus_lcLookaheadLeft": 51.9732, "bus_lcPushy": 0.9917, "bus_lcSigma": 0.1231, "bus_lcSpeedGainRight": 3.2102, "bus_lcSublane": 0.6631, "bus_sigma": 0.8608, "bus_tau_mean": 1.5936, "bus_tau_std": 3.5521, "bus_v_mean": 12.4855, "bus_v_std": 5.5396, "car_acc": 1.4708, "car_dcc": 1.8879, "car_lcAssertive": 70.0251, "car_lcCooperative": 0.8629, "car_lcLookaheadLeft": 82.0737, "car_lcPushy": 0.1058, "car_lcSigma": 0.2366, "car_lcSpeedGainRight": 0.6856, "car_lcSublane": 0.4995, "car_sigma": 0.9633, "car_tau_mean": 2.0425, "car_tau_std": 6.2732, "car_v_mean": 18.7498, "car_v_std": 15.3577}, "datetime": {"datetime": "2024-08-08 19:07:11", "elapsed": 1838.771519, "delta": 2.859716}}
{"target": -0.4122368846566742, "params": {"bus_acc": 2.9052, "bus_dcc": 2.7641, "bus_lcAssertive": 13.1608, "bus_lcCooperative": 0.3224, "bus_lcLookaheadLeft": 18.4072, "bus_lcPushy": 0.4381, "bus_lcSigma": 0.4015, "bus_lcSpeedGainRight": 0.4501, "bus_lcSublane": 0.0979, "bus_sigma": 0.0587, "bus_tau_mean": 3.7016, "bus_tau_std": 9.0002, "bus_v_mean": 12.5939, "bus_v_std": 9.7197, "car_acc": 1.7486, "car_dcc": 3.0205, "car_lcAssertive": 20.8365, "car_lcCooperative": 0.6619, "car_lcLookaheadLeft": 88.3892, "car_lcPushy": 0.5723, "car_lcSigma": 0.3541, "car_lcSpeedGainRight": 3.2755, "car_lcSublane": 0.4172, "car_sigma": 0.8469, "car_tau_mean": 3.0015, "car_tau_std": 4.1661, "car_v_mean": 20.7578, "car_v_std": 0.1768}, "datetime": {"datetime": "2024-08-08 19:07:13", "elapsed": 1841.54106, "delta": 2.769541}}
{"target": -0.2994483511618527, "params": {"bus_acc": 1.262, "bus_dcc": 1.2497, "bus_lcAssertive": 9.5697, "bus_lcCooperative": 0.178, "bus_lcLookaheadLeft": 82.9364, "bus_lcPushy": 0.8105, "bus_lcSigma": 0.4825, "bus_lcSpeedGainRight": 3.3249, "bus_lcSublane": 0.4719, "bus_sigma": 0.1169, "bus_tau_mean": 3.719, "bus_tau_std": 8.568, "bus_v_mean": 11.7639, "bus_v_std": 2.561, "car_acc": 3.296, "car_dcc": 1.8114, "car_lcAssertive": 64.2449, "car_lcCooperative": 0.1324, "car_lcLookaheadLeft": 13.3331, "car_lcPushy": 0.1376, "car_lcSigma": 0.6411, "car_lcSpeedGainRight": 1.0821, "car_lcSublane": 0.9109, "car_sigma": 0.3791, "car_tau_mean": 3.3567, "car_tau_std": 9.1948, "car_v_mean": 16.0994, "car_v_std": 19.9934}, "datetime": {"datetime": "2024-08-08 19:07:18", "elapsed": 1846.68284, "delta": 5.14178}}
{"target": -0.31505715398690476, "params": {"bus_acc": 3.0051, "bus_dcc": 1.2961, "bus_lcAssertive": 16.867, "bus_lcCooperative": 0.0217, "bus_lcLookaheadLeft": 32.5921, "bus_lcPushy": 0.7631, "bus_lcSigma": 0.0264, "bus_lcSpeedGainRight": 4.4942, "bus_lcSublane": 0.015, "bus_sigma": 0.1808, "bus_tau_mean": 1.9483, "bus_tau_std": 3.5125, "bus_v_mean": 17.5782, "bus_v_std": 0.6955, "car_acc": 2.3752, "car_dcc": 2.8232, "car_lcAssertive": 50.5435, "car_lcCooperative": 0.4007, "car_lcLookaheadLeft": 12.226, "car_lcPushy": 0.8925, "car_lcSigma": 0.8079, "car_lcSpeedGainRight": 0.0569, "car_lcSublane": 0.9312, "car_sigma": 0.6338, "car_tau_mean": 2.8069, "car_tau_std": 1.9068, "car_v_mean": 11.657, "car_v_std": 11.1115}, "datetime": {"datetime": "2024-08-08 19:07:20", "elapsed": 1848.075683, "delta": 1.392843}}
{"target": -0.30483159285568573, "params": {"bus_acc": 3.253, "bus_dcc": 1.5865, "bus_lcAssertive": 51.126, "bus_lcCooperative": 0.2259, "bus_lcLookaheadLeft": 50.1592, "bus_lcPushy": 0.9187, "bus_lcSigma": 0.5139, "bus_lcSpeedGainRight": 2.3849, "bus_lcSublane": 0.1667, "bus_sigma": 0.2586, "bus_tau_mean": 2.704, "bus_tau_std": 0.0784, "bus_v_mean": 11.2673, "bus_v_std": 8.765, "car_acc": 1.4611, "car_dcc": 3.3925, "car_lcAssertive": 97.1904, "car_lcCooperative": 0.7863, "car_lcLookaheadLeft": 26.7013, "car_lcPushy": 0.4536, "car_lcSigma": 0.1858, "car_lcSpeedGainRight": 0.0386, "car_lcSublane": 0.4818, "car_sigma": 0.2839, "car_tau_mean": 1.6767, "car_tau_std": 2.6836, "car_v_mean": 9.2135, "car_v_std": 1.9356}, "datetime": {"datetime": "2024-08-08 19:07:24", "elapsed": 1852.500419, "delta": 4.424736}}
{"target": -0.40114760937445326, "params": {"bus_acc": 1.6042, "bus_dcc": 1.206, "bus_lcAssertive": 72.8553, "bus_lcCooperative": 0.8018, "bus_lcLookaheadLeft": 16.3868, "bus_lcPushy": 0.8308, "bus_lcSigma": 0.4308, "bus_lcSpeedGainRight": 0.8344, "bus_lcSublane": 0.1799, "bus_sigma": 0.511, "bus_tau_mean": 1.3791, "bus_tau_std": 2.1014, "bus_v_mean": 21.5464, "bus_v_std": 4.7479, "car_acc": 1.3664, "car_dcc": 3.6866, "car_lcAssertive": 21.3981, "car_lcCooperative": 0.9159, "car_lcLookaheadLeft": 46.1616, "car_lcPushy": 0.3291, "car_lcSigma": 0.2263, "car_lcSpeedGainRight": 2.5672, "car_lcSublane": 0.4834, "car_sigma": 0.907, "car_tau_mean": 0.6628, "car_tau_std": 4.818, "car_v_mean": 22.094, "car_v_std": 0.595}, "datetime": {"datetime": "2024-08-08 19:07:27", "elapsed": 1855.164322, "delta": 2.663903}}
{"target": -0.29865562154173536, "params": {"bus_acc": 3.5292, "bus_dcc": 1.9957, "bus_lcAssertive": 78.6589, "bus_lcCooperative": 0.6676, "bus_lcLookaheadLeft": 57.6293, "bus_lcPushy": 0.1904, "bus_lcSigma": 0.0664, "bus_lcSpeedGainRight": 0.1414, "bus_lcSublane": 0.0625, "bus_sigma": 0.08, "bus_tau_mean": 3.9669, "bus_tau_std": 6.8323, "bus_v_mean": 10.3389, "bus_v_std": 8.0454, "car_acc": 2.7815, "car_dcc": 2.5982, "car_lcAssertive": 56.8189, "car_lcCooperative": 0.9724, "car_lcLookaheadLeft": 10.4238, "car_lcPushy": 0.9809, "car_lcSigma": 0.0685, "car_lcSpeedGainRight": 2.7273, "car_lcSublane": 0.0442, "car_sigma": 0.2358, "car_tau_mean": 1.8227, "car_tau_std": 9.0989, "car_v_mean": 13.9066, "car_v_std": 18.9238}, "datetime": {"datetime": "2024-08-08 19:07:35", "elapsed": 1862.821102, "delta": 7.65678}}
{"target": -0.33328924958819034, "params": {"bus_acc": 2.8512, "bus_dcc": 3.5973, "bus_lcAssertive": 85.5246, "bus_lcCooperative": 0.9, "bus_lcLookaheadLeft": 56.7841, "bus_lcPushy": 0.3044, "bus_lcSigma": 0.1104, "bus_lcSpeedGainRight": 2.0659, "bus_lcSublane": 0.2748, "bus_sigma": 0.6366, "bus_tau_mean": 3.9909, "bus_tau_std": 5.6431, "bus_v_mean": 12.9812, "bus_v_std": 12.5729, "car_acc": 1.6033, "car_dcc": 2.6234, "car_lcAssertive": 59.1525, "car_lcCooperative": 0.8187, "car_lcLookaheadLeft": 5.5493, "car_lcPushy": 0.8201, "car_lcSigma": 0.6652, "car_lcSpeedGainRight": 1.5773, "car_lcSublane": 0.5827, "car_sigma": 0.9764, "car_tau_mean": 2.0774, "car_tau_std": 9.3712, "car_v_mean": 8.914, "car_v_std": 12.6922}, "datetime": {"datetime": "2024-08-08 19:07:40", "elapsed": 1868.067632, "delta": 5.24653}}
{"target": -0.34079083903376756, "params": {"bus_acc": 3.5968, "bus_dcc": 3.5416, "bus_lcAssertive": 72.0335, "bus_lcCooperative": 0.5513, "bus_lcLookaheadLeft": 11.8754, "bus_lcPushy": 0.0324, "bus_lcSigma": 0.0295, "bus_lcSpeedGainRight": 4.2526, "bus_lcSublane": 0.7963, "bus_sigma": 0.4307, "bus_tau_mean": 0.7636, "bus_tau_std": 8.1536, "bus_v_mean": 18.2946, "bus_v_std": 18.2687, "car_acc": 1.5393, "car_dcc": 2.3503, "car_lcAssertive": 9.9074, "car_lcCooperative": 0.3477, "car_lcLookaheadLeft": 72.1164, "car_lcPushy": 0.9378, "car_lcSigma": 0.9877, "car_lcSpeedGainRight": 0.109, "car_lcSublane": 0.238, "car_sigma": 0.4551, "car_tau_mean": 3.7149, "car_tau_std": 1.7377, "car_v_mean": 20.6437, "car_v_std": 1.5402}, "datetime": {"datetime": "2024-08-08 19:07:43", "elapsed": 1870.915327, "delta": 2.847695}}
{"target": -0.3084628726162593, "params": {"bus_acc": 2.4953, "bus_dcc": 2.6297, "bus_lcAssertive": 52.0381, "bus_lcCooperative": 0.3876, "bus_lcLookaheadLeft": 10.43, "bus_lcPushy": 0.5924, "bus_lcSigma": 0.4297, "bus_lcSpeedGainRight": 2.8583, "bus_lcSublane": 0.0608, "bus_sigma": 0.66, "bus_tau_mean": 3.5534, "bus_tau_std": 8.215, "bus_v_mean": 19.6229, "bus_v_std": 9.1419, "car_acc": 3.3717, "car_dcc": 2.9823, "car_lcAssertive": 47.4323, "car_lcCooperative": 0.2495, "car_lcLookaheadLeft": 33.6552, "car_lcPushy": 0.3059, "car_lcSigma": 0.1906, "car_lcSpeedGainRight": 1.3061, "car_lcSublane": 0.1863, "car_sigma": 0.3067, "car_tau_mean": 0.9418, "car_tau_std": 5.0018, "car_v_mean": 16.3107, "car_v_std": 13.9027}, "datetime": {"datetime": "2024-08-08 19:07:45", "elapsed": 1873.250803, "delta": 2.335476}}
{"target": -0.3114590248019084, "params": {"bus_acc": 2.5738, "bus_dcc": 3.1641, "bus_lcAssertive": 88.793, "bus_lcCooperative": 0.1996, "bus_lcLookaheadLeft": 44.126, "bus_lcPushy": 0.8644, "bus_lcSigma": 0.0356, "bus_lcSpeedGainRight": 0.6705, "bus_lcSublane": 0.4104, "bus_sigma": 0.1175, "bus_tau_mean": 3.0466, "bus_tau_std": 9.7532, "bus_v_mean": 15.8302, "bus_v_std": 19.2105, "car_acc": 1.4124, "car_dcc": 3.1064, "car_lcAssertive": 58.7081, "car_lcCooperative": 0.7968, "car_lcLookaheadLeft": 54.6998, "car_lcPushy": 0.9843, "car_lcSigma": 0.4448, "car_lcSpeedGainRight": 4.7565, "car_lcSublane": 0.923, "car_sigma": 0.429, "car_tau_mean": 1.9419, "car_tau_std": 0.2046, "car_v_mean": 15.181, "car_v_std": 3.9933}, "datetime": {"datetime": "2024-08-08 19:07:48", "elapsed": 1876.042632, "delta": 2.791829}}
{"target": -0.37924366120301606, "params": {"bus_acc": 2.3686, "bus_dcc": 3.9527, "bus_lcAssertive": 91.9725, "bus_lcCooperative": 0.5701, "bus_lcLookaheadLeft": 25.9835, "bus_lcPushy": 0.2138, "bus_lcSigma": 0.1598, "bus_lcSpeedGainRight": 3.9455, "bus_lcSublane": 0.3606, "bus_sigma": 0.1141, "bus_tau_mean": 2.5412, "bus_tau_std": 7.8151, "bus_v_mean": 16.16, "bus_v_std": 13.0222, "car_acc": 3.975, "car_dcc": 1.6434, "car_lcAssertive": 49.7579, "car_lcCooperative": 0.1717, "car_lcLookaheadLeft": 12.3754, "car_lcPushy": 0.7926, "car_lcSigma": 0.8727, "car_lcSpeedGainRight": 1.6892, "car_lcSublane": 0.2412, "car_sigma": 0.2184, "car_tau_mean": 3.7322, "car_tau_std": 7.0416, "car_v_mean": 22.6682, "car_v_std": 0.5187}, "datetime": {"datetime": "2024-08-08 19:07:50", "elapsed": 1878.378697, "delta": 2.336065}}
{"target": -0.2931474121270269, "params": {"bus_acc": 2.8193, "bus_dcc": 3.4095, "bus_lcAssertive": 89.0288, "bus_lcCooperative": 0.4451, "bus_lcLookaheadLeft": 44.3618, "bus_lcPushy": 1.0, "bus_lcSigma": 0.2811, "bus_lcSpeedGainRight": 0.9256, "bus_lcSublane": 0.6559, "bus_sigma": 0.3629, "bus_tau_mean": 3.2921, "bus_tau_std": 10.0, "bus_v_mean": 16.0853, "bus_v_std": 19.4656, "car_acc": 1.6579, "car_dcc": 3.3519, "car_lcAssertive": 58.9439, "car_lcCooperative": 1.0, "car_lcLookaheadLeft": 54.9356, "car_lcPushy": 1.0, "car_lcSigma": 0.6902, "car_lcSpeedGainRight": 5.0, "car_lcSublane": 1.0, "car_sigma": 0.6744, "car_tau_mean": 2.1874, "car_tau_std": 0.45, "car_v_mean": 15.4361, "car_v_std": 4.2388}, "datetime": {"datetime": "2024-08-08 19:07:52", "elapsed": 1880.406497, "delta": 2.0278}}
{"target": -0.3136468518812718, "params": {"bus_acc": 2.6573, "bus_dcc": 3.2476, "bus_lcAssertive": 88.8617, "bus_lcCooperative": 0.2979, "bus_lcLookaheadLeft": 44.2243, "bus_lcPushy": 0.9627, "bus_lcSigma": 0.1191, "bus_lcSpeedGainRight": 0.7393, "bus_lcSublane": 0.4939, "bus_sigma": 0.2157, "bus_tau_mean": 3.1301, "bus_tau_std": 9.8219, "bus_v_mean": 15.8989, "bus_v_std": 19.2792, "car_acc": 1.4959, "car_dcc": 3.1899, "car_lcAssertive": 58.7768, "car_lcCooperative": 0.8951, "car_lcLookaheadLeft": 54.798, "car_lcPushy": 1.0, "car_lcSigma": 0.543, "car_lcSpeedGainRight": 4.84, "car_lcSublane": 0.9963, "car_sigma": 0.5272, "car_tau_mean": 2.0254, "car_tau_std": 0.3028, "car_v_mean": 15.2645, "car_v_std": 4.0768}, "datetime": {"datetime": "2024-08-08 19:07:55", "elapsed": 1882.952942, "delta": 2.546445}}
{"target": -0.3510890099486172, "params": {"bus_acc": 3.0734, "bus_dcc": 1.0809, "bus_lcAssertive": 10.9206, "bus_lcCooperative": 0.0041, "bus_lcLookaheadLeft": 48.5163, "bus_lcPushy": 0.8986, "bus_lcSigma": 0.3649, "bus_lcSpeedGainRight": 1.611, "bus_lcSublane": 0.6935, "bus_sigma": 0.6725, "bus_tau_mean": 2.096, "bus_tau_std": 3.1371, "bus_v_mean": 16.7006, "bus_v_std": 12.8111, "car_acc": 1.4763, "car_dcc": 2.3338, "car_lcAssertive": 81.3251, "car_lcCooperative": 0.2179, "car_lcLookaheadLeft": 51.8543, "car_lcPushy": 0.4378, "car_lcSigma": 0.458, "car_lcSpeedGainRight": 1.4607, "car_lcSublane": 0.3218, "car_sigma": 0.7696, "car_tau_mean": 2.9081, "car_tau_std": 5.193, "car_v_mean": 19.4781, "car_v_std": 19.5826}, "datetime": {"datetime": "2024-08-08 19:07:58", "elapsed": 1886.133262, "delta": 3.18032}}
{"target": -0.21674351041300624, "params": {"bus_acc": 2.4967, "bus_dcc": 3.6474, "bus_lcAssertive": 13.9044, "bus_lcCooperative": 0.5248, "bus_lcLookaheadLeft": 78.134, "bus_lcPushy": 1.0, "bus_lcSigma": 0.6992, "bus_lcSpeedGainRight": 0.9409, "bus_lcSublane": 0.7856, "bus_sigma": 0.1005, "bus_tau_mean": 3.1956, "bus_tau_std": 8.304, "bus_v_mean": 16.9732, "bus_v_std": 9.8803, "car_acc": 3.8354, "car_dcc": 1.0262, "car_lcAssertive": 1.973, "car_lcCooperative": 0.2778, "car_lcLookaheadLeft": 51.5822, "car_lcPushy": 0.5663, "car_lcSigma": 0.3972, "car_lcSpeedGainRight": 1.4894, "car_lcSublane": 0.2282, "car_sigma": 0.8261, "car_tau_mean": 1.6316, "car_tau_std": 4.9505, "car_v_mean": 21.0065, "car_v_std": 12.273}, "datetime": {"datetime": "2024-08-08 19:08:01", "elapsed": 1889.346433, "delta": 3.213171}}
{"target": -0.3909527429190211, "params": {"bus_acc": 3.7289, "bus_dcc": 1.0912, "bus_lcAssertive": 84.7974, "bus_lcCooperative": 0.4907, "bus_lcLookaheadLeft": 23.495, "bus_lcPushy": 0.7853, "bus_lcSigma": 0.8202, "bus_lcSpeedGainRight": 4.51, "bus_lcSublane": 0.4458, "bus_sigma": 0.5501, "bus_tau_mean": 1.7205, "bus_tau_std": 5.8758, "bus_v_mean": 12.0322, "bus_v_std": 2.0755, "car_acc": 1.0008, "car_dcc": 3.1915, "car_lcAssertive": 89.4775, "car_lcCooperative": 0.6108, "car_lcLookaheadLeft": 59.1629, "car_lcPushy": 0.7504, "car_lcSigma": 0.2797, "car_lcSpeedGainRight": 4.7053, "car_lcSublane": 0.642, "car_sigma": 0.009, "car_tau_mean": 3.8422, "car_tau_std": 0.9797, "car_v_mean": 10.859, "car_v_std": 8.8258}, "datetime": {"datetime": "2024-08-08 19:08:03", "elapsed": 1891.543341, "delta": 2.196908}}
{"target": -0.3046809245628808, "params": {"bus_acc": 1.6454, "bus_dcc": 2.9237, "bus_lcAssertive": 22.1262, "bus_lcCooperative": 0.7477, "bus_lcLookaheadLeft": 6.3593, "bus_lcPushy": 0.6847, "bus_lcSigma": 0.7508, "bus_lcSpeedGainRight": 4.7616, "bus_lcSublane": 0.6942, "bus_sigma": 0.8117, "bus_tau_mean": 3.8402, "bus_tau_std": 9.304, "bus_v_mean": 9.566, "bus_v_std": 14.6941, "car_acc": 2.1812, "car_dcc": 1.6891, "car_lcAssertive": 23.0095, "car_lcCooperative": 0.44, "car_lcLookaheadLeft": 90.7891, "car_lcPushy": 0.5283, "car_lcSigma": 0.5729, "car_lcSpeedGainRight": 0.851, "car_lcSublane": 0.0612, "car_sigma": 0.2422, "car_tau_mean": 0.542, "car_tau_std": 6.4913, "car_v_mean": 20.7179, "car_v_std": 13.9737}, "datetime": {"datetime": "2024-08-08 19:08:05", "elapsed": 1893.542204, "delta": 1.998863}}
