{"target": -0.3625294404043086, "params": {"bus_acc": 4.0529, "bus_dcc": 3.2597, "bus_lcAssertive": 65.2258, "bus_lcCooperative": 0.618, "bus_lcLookaheadLeft": 28.0392, "bus_lcPushy": 0.327, "bus_lcSigma": 0.914, "bus_lcSpeedGainRight": 1.931, "bus_lcSublane": 0.6444, "bus_sigma": 0.5799, "bus_tau_mean": 3.2719, "bus_tau_std": 7.0495, "bus_v_mean": 13.3367, "bus_v_std": 12.7129, "car_acc": 2.5414, "car_dcc": 2.6651, "car_lcAssertive": 29.2532, "car_lcCooperative": 0.1846, "car_lcLookaheadLeft": 20.0808, "car_lcPushy": 0.4583, "car_lcSigma": 0.544, "car_lcSpeedGainRight": 1.0492, "car_lcSublane": 0.5534, "car_sigma": 0.4512, "car_tau_mean": 2.0113, "car_tau_std": 2.3777, "car_v_mean": 20.3927, "car_v_std": 6.3933}, "datetime": {"datetime": "2024-08-08 12:14:33", "elapsed": 883.845071, "delta": 3.568354}}
{"target": -0.42717177314815413, "params": {"bus_acc": 2.5524, "bus_dcc": 2.7207, "bus_lcAssertive": 79.8232, "bus_lcCooperative": 0.5607, "bus_lcLookaheadLeft": 22.7417, "bus_lcPushy": 0.0, "bus_lcSigma": 1.0, "bus_lcSpeedGainRight": 5.0, "bus_lcSublane": 0.7299, "bus_sigma": 0.0941, "bus_tau_mean": 4.0, "bus_tau_std": 0.0, "bus_v_mean": 8.0, "bus_v_std": 20.0, "car_acc": 5.0, "car_dcc": 4.0, "car_lcAssertive": 14.3207, "car_lcCooperative": 0.0, "car_lcLookaheadLeft": 6.97, "car_lcPushy": 0.8685, "car_lcSigma": 1.0, "car_lcSpeedGainRight": 0.0, "car_lcSublane": 0.0, "car_sigma": 1.0, "car_tau_mean": 2.5798, "car_tau_std": 0.0, "car_v_mean": 21.3564, "car_v_std": 20.0}, "datetime": {"datetime": "2024-08-08 12:14:35", "elapsed": 885.901609, "delta": 2.056538}}
{"target": -0.3246938089722343, "params": {"bus_acc": 1.5144, "bus_dcc": 1.22, "bus_lcAssertive": 32.0598, "bus_lcCooperative": 0.0312, "bus_lcLookaheadLeft": 33.3494, "bus_lcPushy": 0.1967, "bus_lcSigma": 0.6923, "bus_lcSpeedGainRight": 2.6436, "bus_lcSublane": 0.2838, "bus_sigma": 0.8637, "bus_tau_mean": 3.3585, "bus_tau_std": 3.6085, "bus_v_mean": 9.4038, "bus_v_std": 3.6899, "car_acc": 3.5096, "car_dcc": 2.7267, "car_lcAssertive": 24.4773, "car_lcCooperative": 0.2264, "car_lcLookaheadLeft": 95.1257, "car_lcPushy": 0.4984, "car_lcSigma": 0.2162, "car_lcSpeedGainRight": 1.2484, "car_lcSublane": 0.4826, "car_sigma": 0.9625, "car_tau_mean": 2.9698, "car_tau_std": 5.4668, "car_v_mean": 13.7934, "car_v_std": 3.4385}, "datetime": {"datetime": "2024-08-08 12:14:37", "elapsed": 887.226568, "delta": 1.324959}}
{"target": -0.3153290105956631, "params": {"bus_acc": 3.217, "bus_dcc": 3.9581, "bus_lcAssertive": 29.5988, "bus_lcCooperative": 0.3749, "bus_lcLookaheadLeft": 90.3619, "bus_lcPushy": 0.3633, "bus_lcSigma": 0.57, "bus_lcSpeedGainRight": 2.3212, "bus_lcSublane": 0.6868, "bus_sigma": 0.3741, "bus_tau_mean": 1.9803, "bus_tau_std": 5.9373, "bus_v_mean": 17.0568, "bus_v_std": 13.7285, "car_acc": 3.6156, "car_dcc": 3.4742, "car_lcAssertive": 30.9246, "car_lcCooperative": 0.0231, "car_lcLookaheadLeft": 57.4906, "car_lcPushy": 0.0751, "car_lcSigma": 0.3635, "car_lcSpeedGainRight": 0.0398, "car_lcSublane": 0.5626, "car_sigma": 0.329, "car_tau_mean": 1.1999, "car_tau_std": 9.7974, "car_v_mean": 14.2106, "car_v_std": 19.911}, "datetime": {"datetime": "2024-08-08 12:14:38", "elapsed": 888.176233, "delta": 0.949665}}
{"target": -0.3634012304776539, "params": {"bus_acc": 1.2164, "bus_dcc": 2.6249, "bus_lcAssertive": 78.5136, "bus_lcCooperative": 0.33, "bus_lcLookaheadLeft": 41.0549, "bus_lcPushy": 0.3497, "bus_lcSigma": 0.3631, "bus_lcSpeedGainRight": 2.8286, "bus_lcSublane": 0.7589, "bus_sigma": 0.4818, "bus_tau_mean": 3.7774, "bus_tau_std": 2.6873, "bus_v_mean": 17.1515, "bus_v_std": 12.9328, "car_acc": 4.1719, "car_dcc": 3.8953, "car_lcAssertive": 62.5231, "car_lcCooperative": 0.1372, "car_lcLookaheadLeft": 60.5957, "car_lcPushy": 0.6544, "car_lcSigma": 0.7152, "car_lcSpeedGainRight": 2.7577, "car_lcSublane": 0.1042, "car_sigma": 0.6602, "car_tau_mean": 0.9589, "car_tau_std": 3.3772, "car_v_mean": 17.2798, "car_v_std": 11.596}, "datetime": {"datetime": "2024-08-08 12:14:39", "elapsed": 889.110192, "delta": 0.933959}}
{"target": -0.3161648267659957, "params": {"bus_acc": 1.0, "bus_dcc": 1.0, "bus_lcAssertive": 78.2051, "bus_lcCooperative": 1.0, "bus_lcLookaheadLeft": 29.5139, "bus_lcPushy": 0.3961, "bus_lcSigma": 0.7816, "bus_lcSpeedGainRight": 4.8236, "bus_lcSublane": 1.0, "bus_sigma": 0.3737, "bus_tau_mean": 2.0882, "bus_tau_std": 0.0, "bus_v_mean": 8.0, "bus_v_std": 8.3698, "car_acc": 4.886, "car_dcc": 4.0, "car_lcAssertive": 14.7041, "car_lcCooperative": 0.8102, "car_lcLookaheadLeft": 12.5677, "car_lcPushy": 0.7638, "car_lcSigma": 0.7244, "car_lcSpeedGainRight": 0.0982, "car_lcSublane": 0.6777, "car_sigma": 1.0, "car_tau_mean": 4.0, "car_tau_std": 0.0, "car_v_mean": 16.682, "car_v_std": 20.0}, "datetime": {"datetime": "2024-08-08 12:14:39", "elapsed": 889.782264, "delta": 0.672072}}
{"target": -0.35757433043969256, "params": {"bus_acc": 3.7557, "bus_dcc": 3.1943, "bus_lcAssertive": 10.125, "bus_lcCooperative": 0.4012, "bus_lcLookaheadLeft": 84.829, "bus_lcPushy": 0.9247, "bus_lcSigma": 0.3403, "bus_lcSpeedGainRight": 2.9113, "bus_lcSublane": 0.9929, "bus_sigma": 0.2285, "bus_tau_mean": 1.4616, "bus_tau_std": 2.8737, "bus_v_mean": 9.4877, "bus_v_std": 10.2441, "car_acc": 1.7889, "car_dcc": 3.8573, "car_lcAssertive": 9.5008, "car_lcCooperative": 0.681, "car_lcLookaheadLeft": 19.2467, "car_lcPushy": 0.4386, "car_lcSigma": 0.5714, "car_lcSpeedGainRight": 0.8135, "car_lcSublane": 0.5102, "car_sigma": 0.9858, "car_tau_mean": 3.1289, "car_tau_std": 7.2851, "car_v_mean": 11.1357, "car_v_std": 3.6375}, "datetime": {"datetime": "2024-08-08 12:14:41", "elapsed": 891.237298, "delta": 1.455034}}
{"target": -0.37356170507048453, "params": {"bus_acc": 1.0, "bus_dcc": 1.0, "bus_lcAssertive": 78.4417, "bus_lcCooperative": 1.0, "bus_lcLookaheadLeft": 29.5645, "bus_lcPushy": 0.4599, "bus_lcSigma": 0.876, "bus_lcSpeedGainRight": 5.0, "bus_lcSublane": 1.0, "bus_sigma": 0.5132, "bus_tau_mean": 2.0471, "bus_tau_std": 0.0, "bus_v_mean": 8.0, "bus_v_std": 8.5168, "car_acc": 4.9796, "car_dcc": 4.0, "car_lcAssertive": 14.6361, "car_lcCooperative": 1.0, "car_lcLookaheadLeft": 12.481, "car_lcPushy": 0.801, "car_lcSigma": 0.8546, "car_lcSpeedGainRight": 0.0, "car_lcSublane": 0.637, "car_sigma": 1.0, "car_tau_mean": 4.0, "car_tau_std": 0.0, "car_v_mean": 16.2926, "car_v_std": 20.0}, "datetime": {"datetime": "2024-08-08 12:14:42", "elapsed": 892.27083, "delta": 1.033532}}
{"target": -0.33524126634151785, "params": {"bus_acc": 3.5026, "bus_dcc": 3.0902, "bus_lcAssertive": 45.5342, "bus_lcCooperative": 0.7328, "bus_lcLookaheadLeft": 82.7994, "bus_lcPushy": 0.9848, "bus_lcSigma": 0.9075, "bus_lcSpeedGainRight": 1.8016, "bus_lcSublane": 0.1209, "bus_sigma": 0.3231, "bus_tau_mean": 1.3339, "bus_tau_std": 7.7369, "bus_v_mean": 20.4273, "bus_v_std": 8.902, "car_acc": 4.8026, "car_dcc": 1.4496, "car_lcAssertive": 23.374, "car_lcCooperative": 0.0143, "car_lcLookaheadLeft": 26.574, "car_lcPushy": 0.3371, "car_lcSigma": 0.2911, "car_lcSpeedGainRight": 1.0531, "car_lcSublane": 0.7647, "car_sigma": 0.6464, "car_tau_mean": 2.5986, "car_tau_std": 3.1668, "car_v_mean": 8.3973, "car_v_std": 12.5353}, "datetime": {"datetime": "2024-08-08 12:14:43", "elapsed": 893.490064, "delta": 1.219234}}
{"target": -0.2734303418973415, "params": {"bus_acc": 3.9868, "bus_dcc": 4.0, "bus_lcAssertive": 53.2721, "bus_lcCooperative": 0.0006, "bus_lcLookaheadLeft": 52.0391, "bus_lcPushy": 0.753, "bus_lcSigma": 1.0, "bus_lcSpeedGainRight": 3.1035, "bus_lcSublane": 0.4444, "bus_sigma": 0.6532, "bus_tau_mean": 3.4523, "bus_tau_std": 4.1643, "bus_v_mean": 17.4515, "bus_v_std": 18.3134, "car_acc": 1.706, "car_dcc": 3.2163, "car_lcAssertive": 11.0821, "car_lcCooperative": 0.0262, "car_lcLookaheadLeft": 27.4072, "car_lcPushy": 0.4334, "car_lcSigma": 0.8371, "car_lcSpeedGainRight": 0.0, "car_lcSublane": 0.1014, "car_sigma": 1.0, "car_tau_mean": 1.2721, "car_tau_std": 1.4688, "car_v_mean": 19.4284, "car_v_std": 11.1232}, "datetime": {"datetime": "2024-08-08 12:14:44", "elapsed": 894.647718, "delta": 1.157654}}
{"target": -0.2965625526058727, "params": {"bus_acc": 1.6146, "bus_dcc": 2.0287, "bus_lcAssertive": 56.7857, "bus_lcCooperative": 0.7994, "bus_lcLookaheadLeft": 14.5371, "bus_lcPushy": 0.6258, "bus_lcSigma": 0.2888, "bus_lcSpeedGainRight": 3.3198, "bus_lcSublane": 0.4771, "bus_sigma": 0.95, "bus_tau_mean": 2.5333, "bus_tau_std": 7.5572, "bus_v_mean": 17.003, "bus_v_std": 4.379, "car_acc": 4.908, "car_dcc": 1.0402, "car_lcAssertive": 94.5523, "car_lcCooperative": 0.053, "car_lcLookaheadLeft": 6.4625, "car_lcPushy": 0.0959, "car_lcSigma": 0.7864, "car_lcSpeedGainRight": 2.7101, "car_lcSublane": 0.165, "car_sigma": 0.9513, "car_tau_mean": 2.2569, "car_tau_std": 1.748, "car_v_mean": 12.9379, "car_v_std": 10.7759}, "datetime": {"datetime": "2024-08-08 12:14:45", "elapsed": 895.587093, "delta": 0.939375}}
{"target": -0.3386246237893983, "params": {"bus_acc": 2.8044, "bus_dcc": 2.6841, "bus_lcAssertive": 79.9595, "bus_lcCooperative": 0.7331, "bus_lcLookaheadLeft": 21.7788, "bus_lcPushy": 0.1396, "bus_lcSigma": 1.0, "bus_lcSpeedGainRight": 5.0, "bus_lcSublane": 0.9532, "bus_sigma": 0.1902, "bus_tau_mean": 4.0, "bus_tau_std": 0.0, "bus_v_mean": 8.0, "bus_v_std": 19.8688, "car_acc": 5.0, "car_dcc": 4.0, "car_lcAssertive": 14.7802, "car_lcCooperative": 0.0254, "car_lcLookaheadLeft": 6.3588, "car_lcPushy": 0.8853, "car_lcSigma": 1.0, "car_lcSpeedGainRight": 0.0, "car_lcSublane": 0.0, "car_sigma": 1.0, "car_tau_mean": 2.6755, "car_tau_std": 0.0, "car_v_mean": 22.6396, "car_v_std": 20.0}, "datetime": {"datetime": "2024-08-08 12:14:47", "elapsed": 897.154009, "delta": 1.566916}}
{"target": -0.3294893818438255, "params": {"bus_acc": 1.0, "bus_dcc": 1.0, "bus_lcAssertive": 80.0766, "bus_lcCooperative": 0.7286, "bus_lcLookaheadLeft": 29.6522, "bus_lcPushy": 0.459, "bus_lcSigma": 0.6265, "bus_lcSpeedGainRight": 3.9014, "bus_lcSublane": 0.7703, "bus_sigma": 0.707, "bus_tau_mean": 2.412, "bus_tau_std": 0.0, "bus_v_mean": 8.0, "bus_v_std": 11.8116, "car_acc": 3.2937, "car_dcc": 4.0, "car_lcAssertive": 14.0311, "car_lcCooperative": 0.5052, "car_lcLookaheadLeft": 18.3146, "car_lcPushy": 0.7269, "car_lcSigma": 0.6354, "car_lcSpeedGainRight": 1.7467, "car_lcSublane": 0.4687, "car_sigma": 1.0, "car_tau_mean": 3.8488, "car_tau_std": 0.0, "car_v_mean": 13.526, "car_v_std": 20.0}, "datetime": {"datetime": "2024-08-08 12:14:48", "elapsed": 898.188265, "delta": 1.034256}}
{"target": -0.3490884331424774, "params": {"bus_acc": 4.5091, "bus_dcc": 2.3942, "bus_lcAssertive": 75.9329, "bus_lcCooperative": 0.2634, "bus_lcLookaheadLeft": 73.4049, "bus_lcPushy": 0.9191, "bus_lcSigma": 0.6934, "bus_lcSpeedGainRight": 1.2297, "bus_lcSublane": 0.6834, "bus_sigma": 0.4535, "bus_tau_mean": 1.2711, "bus_tau_std": 2.8807, "bus_v_mean": 15.7648, "bus_v_std": 4.2363, "car_acc": 2.3877, "car_dcc": 2.407, "car_lcAssertive": 12.1801, "car_lcCooperative": 0.5701, "car_lcLookaheadLeft": 58.1854, "car_lcPushy": 0.4754, "car_lcSigma": 0.8202, "car_lcSpeedGainRight": 3.1781, "car_lcSublane": 0.2685, "car_sigma": 0.2242, "car_tau_mean": 3.5666, "car_tau_std": 9.8719, "car_v_mean": 22.5592, "car_v_std": 9.1676}, "datetime": {"datetime": "2024-08-08 12:14:50", "elapsed": 900.639376, "delta": 2.451111}}
{"target": -0.3590743092954434, "params": {"bus_acc": 1.0, "bus_dcc": 1.0, "bus_lcAssertive": 80.0714, "bus_lcCooperative": 0.8507, "bus_lcLookaheadLeft": 29.5585, "bus_lcPushy": 0.424, "bus_lcSigma": 0.615, "bus_lcSpeedGainRight": 4.147, "bus_lcSublane": 0.8101, "bus_sigma": 0.7316, "bus_tau_mean": 2.1602, "bus_tau_std": 0.0, "bus_v_mean": 8.0, "bus_v_std": 11.9219, "car_acc": 3.4587, "car_dcc": 4.0, "car_lcAssertive": 14.1738, "car_lcCooperative": 0.5164, "car_lcLookaheadLeft": 18.1819, "car_lcPushy": 0.7632, "car_lcSigma": 0.5925, "car_lcSpeedGainRight": 1.5337, "car_lcSublane": 0.4932, "car_sigma": 1.0, "car_tau_mean": 3.9895, "car_tau_std": 0.0, "car_v_mean": 13.555, "car_v_std": 20.0}, "datetime": {"datetime": "2024-08-08 12:14:51", "elapsed": 901.672461, "delta": 1.033085}}
{"target": -0.32169589500614015, "params": {"bus_acc": 4.2943, "bus_dcc": 1.5309, "bus_lcAssertive": 79.7576, "bus_lcCooperative": 0.352, "bus_lcLookaheadLeft": 4.0184, "bus_lcPushy": 0.4757, "bus_lcSigma": 0.7751, "bus_lcSpeedGainRight": 3.1718, "bus_lcSublane": 0.9037, "bus_sigma": 0.8336, "bus_tau_mean": 1.3288, "bus_tau_std": 5.1384, "bus_v_mean": 12.9782, "bus_v_std": 2.9999, "car_acc": 4.9513, "car_dcc": 1.807, "car_lcAssertive": 44.8494, "car_lcCooperative": 0.8963, "car_lcLookaheadLeft": 66.7451, "car_lcPushy": 0.6885, "car_lcSigma": 0.0007, "car_lcSpeedGainRight": 3.3599, "car_lcSublane": 0.0578, "car_sigma": 0.6416, "car_tau_mean": 2.8293, "car_tau_std": 7.8099, "car_v_mean": 16.304, "car_v_std": 18.6975}, "datetime": {"datetime": "2024-08-08 12:14:52", "elapsed": 902.256502, "delta": 0.584041}}
{"target": -0.3535722984596661, "params": {"bus_acc": 1.0, "bus_dcc": 1.0, "bus_lcAssertive": 78.3988, "bus_lcCooperative": 1.0, "bus_lcLookaheadLeft": 29.4518, "bus_lcPushy": 0.4003, "bus_lcSigma": 0.9012, "bus_lcSpeedGainRight": 5.0, "bus_lcSublane": 1.0, "bus_sigma": 0.3855, "bus_tau_mean": 2.475, "bus_tau_std": 0.0, "bus_v_mean": 8.0, "bus_v_std": 7.5897, "car_acc": 5.0, "car_dcc": 4.0, "car_lcAssertive": 14.6777, "car_lcCooperative": 0.9849, "car_lcLookaheadLeft": 12.5131, "car_lcPushy": 0.7905, "car_lcSigma": 0.8511, "car_lcSpeedGainRight": 0.0, "car_lcSublane": 0.6304, "car_sigma": 1.0, "car_tau_mean": 4.0, "car_tau_std": 0.0, "car_v_mean": 16.0057, "car_v_std": 20.0}, "datetime": {"datetime": "2024-08-08 12:14:52", "elapsed": 903.022948, "delta": 0.766446}}
{"target": -0.3213910116025892, "params": {"bus_acc": 1.9197, "bus_dcc": 2.4696, "bus_lcAssertive": 82.5629, "bus_lcCooperative": 0.1488, "bus_lcLookaheadLeft": 56.4403, "bus_lcPushy": 0.3725, "bus_lcSigma": 0.4611, "bus_lcSpeedGainRight": 1.7104, "bus_lcSublane": 0.8076, "bus_sigma": 0.6981, "bus_tau_mean": 2.8786, "bus_tau_std": 4.242, "bus_v_mean": 17.8749, "bus_v_std": 13.0777, "car_acc": 2.6252, "car_dcc": 2.515, "car_lcAssertive": 44.5602, "car_lcCooperative": 0.1011, "car_lcLookaheadLeft": 36.9681, "car_lcPushy": 0.3869, "car_lcSigma": 0.6866, "car_lcSpeedGainRight": 2.5367, "car_lcSublane": 0.4863, "car_sigma": 0.2865, "car_tau_mean": 2.3881, "car_tau_std": 0.7335, "car_v_mean": 10.4643, "car_v_std": 12.8242}, "datetime": {"datetime": "2024-08-08 12:14:53", "elapsed": 904.035252, "delta": 1.012304}}
{"target": -0.3299423659729602, "params": {"bus_acc": 1.0, "bus_dcc": 1.0, "bus_lcAssertive": 79.1175, "bus_lcCooperative": 0.7837, "bus_lcLookaheadLeft": 29.7032, "bus_lcPushy": 0.4636, "bus_lcSigma": 0.5946, "bus_lcSpeedGainRight": 3.6538, "bus_lcSublane": 0.7392, "bus_sigma": 0.6554, "bus_tau_mean": 2.1629, "bus_tau_std": 0.0, "bus_v_mean": 8.0, "bus_v_std": 11.3993, "car_acc": 3.4309, "car_dcc": 4.0, "car_lcAssertive": 14.1937, "car_lcCooperative": 0.5153, "car_lcLookaheadLeft": 17.0697, "car_lcPushy": 0.6902, "car_lcSigma": 0.6519, "car_lcSpeedGainRight": 1.8701, "car_lcSublane": 0.508, "car_sigma": 1.0, "car_tau_mean": 3.7029, "car_tau_std": 0.0, "car_v_mean": 14.6745, "car_v_std": 20.0}, "datetime": {"datetime": "2024-08-08 12:14:54", "elapsed": 904.603744, "delta": 0.568492}}
{"target": -0.32217090639574864, "params": {"bus_acc": 4.4798, "bus_dcc": 2.3118, "bus_lcAssertive": 75.9071, "bus_lcCooperative": 0.4882, "bus_lcLookaheadLeft": 17.3717, "bus_lcPushy": 0.0115, "bus_lcSigma": 0.4296, "bus_lcSpeedGainRight": 5.0, "bus_lcSublane": 0.6166, "bus_sigma": 0.9002, "bus_tau_mean": 3.968, "bus_tau_std": 5.5414, "bus_v_mean": 11.8512, "bus_v_std": 5.0887, "car_acc": 2.8531, "car_dcc": 1.0, "car_lcAssertive": 46.3652, "car_lcCooperative": 0.1379, "car_lcLookaheadLeft": 79.0258, "car_lcPushy": 0.8629, "car_lcSigma": 0.0, "car_lcSpeedGainRight": 1.7156, "car_lcSublane": 0.1757, "car_sigma": 0.3956, "car_tau_mean": 2.4302, "car_tau_std": 3.6649, "car_v_mean": 8.0, "car_v_std": 20.0}, "datetime": {"datetime": "2024-08-08 12:14:55", "elapsed": 905.119646, "delta": 0.515902}}
{"target": -0.3534231523347245, "params": {"bus_acc": 4.0337, "bus_dcc": 3.4754, "bus_lcAssertive": 65.6179, "bus_lcCooperative": 0.1422, "bus_lcLookaheadLeft": 66.7505, "bus_lcPushy": 0.858, "bus_lcSigma": 0.1937, "bus_lcSpeedGainRight": 1.9625, "bus_lcSublane": 0.1142, "bus_sigma": 0.0541, "bus_tau_mean": 2.108, "bus_tau_std": 1.592, "bus_v_mean": 20.0012, "bus_v_std": 3.1901, "car_acc": 4.0713, "car_dcc": 1.4215, "car_lcAssertive": 76.1508, "car_lcCooperative": 0.223, "car_lcLookaheadLeft": 48.0572, "car_lcPushy": 0.8887, "car_lcSigma": 0.095, "car_lcSpeedGainRight": 3.4763, "car_lcSublane": 0.4814, "car_sigma": 0.2847, "car_tau_mean": 3.742, "car_tau_std": 3.7315, "car_v_mean": 19.9527, "car_v_std": 18.0016}, "datetime": {"datetime": "2024-08-08 12:14:55", "elapsed": 905.494661, "delta": 0.375015}}
{"target": -0.354936280681621, "params": {"bus_acc": 1.0, "bus_dcc": 1.0, "bus_lcAssertive": 78.8939, "bus_lcCooperative": 1.0, "bus_lcLookaheadLeft": 29.4773, "bus_lcPushy": 0.552, "bus_lcSigma": 0.9246, "bus_lcSpeedGainRight": 5.0, "bus_lcSublane": 1.0, "bus_sigma": 0.5652, "bus_tau_mean": 2.4064, "bus_tau_std": 0.0, "bus_v_mean": 8.0, "bus_v_std": 9.0472, "car_acc": 5.0, "car_dcc": 4.0, "car_lcAssertive": 14.9727, "car_lcCooperative": 0.691, "car_lcLookaheadLeft": 12.8299, "car_lcPushy": 0.6943, "car_lcSigma": 0.9108, "car_lcSpeedGainRight": 0.0, "car_lcSublane": 0.7055, "car_sigma": 1.0, "car_tau_mean": 4.0, "car_tau_std": 0.0, "car_v_mean": 16.0785, "car_v_std": 20.0}, "datetime": {"datetime": "2024-08-08 12:14:56", "elapsed": 906.311829, "delta": 0.817168}}
{"target": -0.3163376795388452, "params": {"bus_acc": 3.3462, "bus_dcc": 3.137, "bus_lcAssertive": 1.133, "bus_lcCooperative": 0.4835, "bus_lcLookaheadLeft": 49.785, "bus_lcPushy": 0.2747, "bus_lcSigma": 0.8758, "bus_lcSpeedGainRight": 4.2029, "bus_lcSublane": 0.1173, "bus_sigma": 0.8867, "bus_tau_mean": 2.8763, "bus_tau_std": 5.9396, "bus_v_mean": 8.9298, "bus_v_std": 5.2947, "car_acc": 1.5464, "car_dcc": 3.3883, "car_lcAssertive": 50.7624, "car_lcCooperative": 0.6389, "car_lcLookaheadLeft": 89.4881, "car_lcPushy": 0.4084, "car_lcSigma": 0.987, "car_lcSpeedGainRight": 0.3388, "car_lcSublane": 0.6899, "car_sigma": 0.6501, "car_tau_mean": 2.5561, "car_tau_std": 2.3474, "car_v_mean": 9.4581, "car_v_std": 5.8115}, "datetime": {"datetime": "2024-08-08 12:14:56", "elapsed": 906.848407, "delta": 0.536578}}
{"target": -0.3442993567918141, "params": {"bus_acc": 3.7885, "bus_dcc": 2.1814, "bus_lcAssertive": 70.0332, "bus_lcCooperative": 0.6726, "bus_lcLookaheadLeft": 18.7192, "bus_lcPushy": 0.2248, "bus_lcSigma": 0.5121, "bus_lcSpeedGainRight": 4.0037, "bus_lcSublane": 0.4214, "bus_sigma": 0.4887, "bus_tau_mean": 2.6904, "bus_tau_std": 6.7207, "bus_v_mean": 11.4551, "bus_v_std": 1.8472, "car_acc": 3.6497, "car_dcc": 2.2109, "car_lcAssertive": 48.8968, "car_lcCooperative": 0.1493, "car_lcLookaheadLeft": 65.9134, "car_lcPushy": 0.3336, "car_lcSigma": 0.1135, "car_lcSpeedGainRight": 1.1896, "car_lcSublane": 0.4956, "car_sigma": 0.6569, "car_tau_mean": 2.8687, "car_tau_std": 7.3004, "car_v_mean": 14.6037, "car_v_std": 16.0717}, "datetime": {"datetime": "2024-08-08 12:14:57", "elapsed": 907.899359, "delta": 1.050952}}
{"target": -0.34824085647324493, "params": {"bus_acc": 1.0, "bus_dcc": 1.0, "bus_lcAssertive": 81.0948, "bus_lcCooperative": 0.8032, "bus_lcLookaheadLeft": 29.2392, "bus_lcPushy": 0.3345, "bus_lcSigma": 0.6865, "bus_lcSpeedGainRight": 5.0, "bus_lcSublane": 0.94, "bus_sigma": 0.8387, "bus_tau_mean": 2.4458, "bus_tau_std": 0.0, "bus_v_mean": 8.0, "bus_v_std": 12.5853, "car_acc": 3.5861, "car_dcc": 4.0, "car_lcAssertive": 13.694, "car_lcCooperative": 0.295, "car_lcLookaheadLeft": 19.2298, "car_lcPushy": 0.8012, "car_lcSigma": 0.5845, "car_lcSpeedGainRight": 1.2652, "car_lcSublane": 0.5427, "car_sigma": 1.0, "car_tau_mean": 4.0, "car_tau_std": 0.0, "car_v_mean": 12.0558, "car_v_std": 20.0}, "datetime": {"datetime": "2024-08-08 12:15:00", "elapsed": 910.864375, "delta": 2.965016}}
{"target": -0.33595364789745574, "params": {"bus_acc": 1.0, "bus_dcc": 1.0, "bus_lcAssertive": 80.4251, "bus_lcCooperative": 0.8817, "bus_lcLookaheadLeft": 30.0985, "bus_lcPushy": 0.4341, "bus_lcSigma": 0.6584, "bus_lcSpeedGainRight": 4.1041, "bus_lcSublane": 0.7539, "bus_sigma": 0.6974, "bus_tau_mean": 2.195, "bus_tau_std": 0.0, "bus_v_mean": 8.0, "bus_v_std": 12.0471, "car_acc": 3.8067, "car_dcc": 4.0, "car_lcAssertive": 13.6657, "car_lcCooperative": 0.5026, "car_lcLookaheadLeft": 18.4867, "car_lcPushy": 0.6968, "car_lcSigma": 0.6321, "car_lcSpeedGainRight": 1.4682, "car_lcSublane": 0.5393, "car_sigma": 1.0, "car_tau_mean": 4.0, "car_tau_std": 0.0, "car_v_mean": 13.2753, "car_v_std": 20.0}, "datetime": {"datetime": "2024-08-08 12:15:02", "elapsed": 912.683256, "delta": 1.818881}}
{"target": -0.3173327295556801, "params": {"bus_acc": 3.1422, "bus_dcc": 1.4496, "bus_lcAssertive": 2.4637, "bus_lcCooperative": 0.9018, "bus_lcLookaheadLeft": 37.5527, "bus_lcPushy": 0.0501, "bus_lcSigma": 0.6341, "bus_lcSpeedGainRight": 2.1475, "bus_lcSublane": 0.3725, "bus_sigma": 0.4551, "bus_tau_mean": 1.87, "bus_tau_std": 3.1447, "bus_v_mean": 18.0569, "bus_v_std": 5.2736, "car_acc": 2.1316, "car_dcc": 2.2337, "car_lcAssertive": 96.0151, "car_lcCooperative": 0.4996, "car_lcLookaheadLeft": 41.4916, "car_lcPushy": 0.6288, "car_lcSigma": 0.8625, "car_lcSpeedGainRight": 0.6568, "car_lcSublane": 0.4758, "car_sigma": 0.6752, "car_tau_mean": 3.013, "car_tau_std": 7.7074, "car_v_mean": 12.9388, "car_v_std": 6.2867}, "datetime": {"datetime": "2024-08-08 12:15:04", "elapsed": 914.746804, "delta": 2.063548}}
