{"target": -0.2932204236773553, "params": {"bus_acc": 1.7224, "bus_dcc": 1.1556, "bus_lcAssertive": 58.6711, "bus_lcCooperative": 0.2942, "bus_lcLookaheadLeft": 61.6428, "bus_lcPushy": 0.4328, "bus_lcSigma": 0.5521, "bus_lcSublane": 0.6527, "bus_sigma": 0.0212, "bus_tau_mean": 2.1286, "bus_tau_std": 6.014, "bus_v_mean": 9.6523, "bus_v_std": 8.8842, "car_acc": 1.5212, "car_dcc": 3.488, "car_lcAssertive": 39.0935, "car_lcCooperative": 0.0976, "car_lcLookaheadLeft": 91.754, "car_lcPushy": 0.6266, "car_lcSigma": 0.0469, "car_lcSublane": 0.5384, "car_sigma": 0.268, "car_tau_mean": 2.0398, "car_tau_std": 0.1931, "car_v_mean": 19.1463, "car_v_std": 7.5928}, "datetime": {"datetime": "2024-08-07 09:43:56", "elapsed": 939.390767, "delta": 3.991433}}
{"target": -0.34274122558185527, "params": {"bus_acc": 2.0272, "bus_dcc": 3.2773, "bus_lcAssertive": 27.5271, "bus_lcCooperative": 0.4402, "bus_lcLookaheadLeft": 66.7786, "bus_lcPushy": 0.5503, "bus_lcSigma": 0.4683, "bus_lcSublane": 0.7336, "bus_sigma": 0.7883, "bus_tau_mean": 1.7547, "bus_tau_std": 8.2762, "bus_v_mean": 12.2227, "bus_v_std": 5.4818, "car_acc": 1.4566, "car_dcc": 2.5642, "car_lcAssertive": 96.9063, "car_lcCooperative": 0.0, "car_lcLookaheadLeft": 93.7873, "car_lcPushy": 0.6671, "car_lcSigma": 0.7686, "car_lcSublane": 0.4366, "car_sigma": 0.8623, "car_tau_mean": 2.3575, "car_tau_std": 3.6702, "car_v_mean": 17.0625, "car_v_std": 8.2437}, "datetime": {"datetime": "2024-08-07 09:44:35", "elapsed": 977.543466, "delta": 38.152699}}
{"target": -0.2860833277496807, "params": {"bus_acc": 2.4097, "bus_dcc": 1.1709, "bus_lcAssertive": 55.6977, "bus_lcCooperative": 0.2425, "bus_lcLookaheadLeft": 83.5169, "bus_lcPushy": 0.4822, "bus_lcSigma": 0.4567, "bus_lcSublane": 0.679, "bus_sigma": 0.8754, "bus_tau_mean": 1.7722, "bus_tau_std": 1.1847, "bus_v_mean": 8.1012, "bus_v_std": 9.119, "car_acc": 1.7824, "car_dcc": 1.6686, "car_lcAssertive": 97.401, "car_lcCooperative": 0.9054, "car_lcLookaheadLeft": 84.8807, "car_lcPushy": 0.703, "car_lcSigma": 0.2784, "car_lcSublane": 0.7687, "car_sigma": 0.8653, "car_tau_mean": 1.4679, "car_tau_std": 1.3502, "car_v_mean": 20.2734, "car_v_std": 8.8446}, "datetime": {"datetime": "2024-08-07 09:44:38", "elapsed": 981.043637, "delta": 3.500171}}
{"target": -0.363452184186336, "params": {"bus_acc": 2.9247, "bus_dcc": 2.183, "bus_lcAssertive": 76.0373, "bus_lcCooperative": 0.5114, "bus_lcLookaheadLeft": 97.9878, "bus_lcPushy": 0.6206, "bus_lcSigma": 0.3816, "bus_lcSublane": 0.8233, "bus_sigma": 0.7451, "bus_tau_mean": 3.3302, "bus_tau_std": 6.7732, "bus_v_mean": 14.1784, "bus_v_std": 0.6398, "car_acc": 2.1418, "car_dcc": 3.1632, "car_lcAssertive": 77.8503, "car_lcCooperative": 0.9138, "car_lcLookaheadLeft": 20.8764, "car_lcPushy": 0.8594, "car_lcSigma": 0.3186, "car_lcSublane": 0.4166, "car_sigma": 0.1703, "car_tau_mean": 2.5743, "car_tau_std": 6.2594, "car_v_mean": 19.9196, "car_v_std": 6.1582}, "datetime": {"datetime": "2024-08-07 09:44:45", "elapsed": 987.797628, "delta": 6.753991}}
{"target": -0.3802045842516034, "params": {"bus_acc": 1.0592, "bus_dcc": 2.1053, "bus_lcAssertive": 6.3897, "bus_lcCooperative": 0.3604, "bus_lcLookaheadLeft": 44.8295, "bus_lcPushy": 0.6518, "bus_lcSigma": 0.3783, "bus_lcSublane": 0.832, "bus_sigma": 0.618, "bus_tau_mean": 2.4261, "bus_tau_std": 0.4702, "bus_v_mean": 17.3487, "bus_v_std": 5.9314, "car_acc": 1.7203, "car_dcc": 2.6482, "car_lcAssertive": 92.901, "car_lcCooperative": 0.2963, "car_lcLookaheadLeft": 94.6433, "car_lcPushy": 0.8847, "car_lcSigma": 0.7552, "car_lcSublane": 0.2826, "car_sigma": 0.1865, "car_tau_mean": 2.456, "car_tau_std": 4.8782, "car_v_mean": 8.9898, "car_v_std": 4.4073}, "datetime": {"datetime": "2024-08-07 09:44:49", "elapsed": 991.88157, "delta": 4.083942}}
{"target": -0.3561383298679073, "params": {"bus_acc": 2.0738, "bus_dcc": 3.3221, "bus_lcAssertive": 28.5776, "bus_lcCooperative": 0.4241, "bus_lcLookaheadLeft": 65.6338, "bus_lcPushy": 0.5358, "bus_lcSigma": 0.4871, "bus_lcSublane": 0.7252, "bus_sigma": 0.7667, "bus_tau_mean": 1.9024, "bus_tau_std": 8.2246, "bus_v_mean": 12.4286, "bus_v_std": 5.3298, "car_acc": 1.4958, "car_dcc": 2.5352, "car_lcAssertive": 95.0458, "car_lcCooperative": 0.0, "car_lcLookaheadLeft": 91.9073, "car_lcPushy": 0.6429, "car_lcSigma": 0.732, "car_lcSublane": 0.4223, "car_sigma": 0.842, "car_tau_mean": 2.3421, "car_tau_std": 3.7727, "car_v_mean": 17.6, "car_v_std": 7.8055}, "datetime": {"datetime": "2024-08-07 09:44:54", "elapsed": 997.19774, "delta": 5.31617}}
{"target": -0.3516620658798291, "params": {"bus_acc": 2.0812, "bus_dcc": 3.4083, "bus_lcAssertive": 32.0977, "bus_lcCooperative": 0.3834, "bus_lcLookaheadLeft": 68.8324, "bus_lcPushy": 0.485, "bus_lcSigma": 0.5296, "bus_lcSublane": 0.6946, "bus_sigma": 0.8025, "bus_tau_mean": 2.0224, "bus_tau_std": 8.2192, "bus_v_mean": 11.7502, "bus_v_std": 6.1023, "car_acc": 1.4265, "car_dcc": 2.4196, "car_lcAssertive": 94.9441, "car_lcCooperative": 0.0, "car_lcLookaheadLeft": 90.3331, "car_lcPushy": 0.6835, "car_lcSigma": 0.6778, "car_lcSublane": 0.3973, "car_sigma": 0.8357, "car_tau_mean": 2.299, "car_tau_std": 3.348, "car_v_mean": 18.5363, "car_v_std": 7.9928}, "datetime": {"datetime": "2024-08-07 09:45:09", "elapsed": 1011.659963, "delta": 14.462223}}
{"target": -0.26654087974641066, "params": {"bus_acc": 1.8559, "bus_dcc": 1.8121, "bus_lcAssertive": 95.7999, "bus_lcCooperative": 0.2348, "bus_lcLookaheadLeft": 21.4032, "bus_lcPushy": 0.5886, "bus_lcSigma": 1.0, "bus_lcSublane": 0.6311, "bus_sigma": 0.0112, "bus_tau_mean": 1.2021, "bus_tau_std": 4.8319, "bus_v_mean": 14.8441, "bus_v_std": 8.9461, "car_acc": 1.0, "car_dcc": 1.0, "car_lcAssertive": 68.4778, "car_lcCooperative": 0.8247, "car_lcLookaheadLeft": 2.0, "car_lcPushy": 0.4173, "car_lcSigma": 0.72, "car_lcSublane": 0.5193, "car_sigma": 1.0, "car_tau_mean": 2.1282, "car_tau_std": 0.5352, "car_v_mean": 14.5363, "car_v_std": 10.0}, "datetime": {"datetime": "2024-08-07 09:45:11", "elapsed": 1014.140684, "delta": 2.480721}}
{"target": -0.3948967149061825, "params": {"bus_acc": 2.5693, "bus_dcc": 2.7167, "bus_lcAssertive": 91.6723, "bus_lcCooperative": 0.954, "bus_lcLookaheadLeft": 7.0286, "bus_lcPushy": 0.8669, "bus_lcSigma": 0.221, "bus_lcSublane": 0.7305, "bus_sigma": 0.3859, "bus_tau_mean": 2.5032, "bus_tau_std": 9.4241, "bus_v_mean": 23.1708, "bus_v_std": 6.4848, "car_acc": 2.2232, "car_dcc": 2.576, "car_lcAssertive": 99.4454, "car_lcCooperative": 0.2236, "car_lcLookaheadLeft": 28.547, "car_lcPushy": 0.6343, "car_lcSigma": 0.775, "car_lcSublane": 0.1908, "car_sigma": 0.4474, "car_tau_mean": 1.6635, "car_tau_std": 7.3751, "car_v_mean": 17.4852, "car_v_std": 1.8509}, "datetime": {"datetime": "2024-08-07 09:45:14", "elapsed": 1017.113995, "delta": 2.973311}}
{"target": -0.3574310110516671, "params": {"bus_acc": 2.8127, "bus_dcc": 1.1489, "bus_lcAssertive": 9.3781, "bus_lcCooperative": 0.7077, "bus_lcLookaheadLeft": 20.7773, "bus_lcPushy": 0.8159, "bus_lcSigma": 0.9144, "bus_lcSublane": 0.4564, "bus_sigma": 0.2536, "bus_tau_mean": 2.2795, "bus_tau_std": 9.689, "bus_v_mean": 14.0513, "bus_v_std": 6.4701, "car_acc": 1.4766, "car_dcc": 3.9102, "car_lcAssertive": 41.4742, "car_lcCooperative": 0.8753, "car_lcLookaheadLeft": 66.4176, "car_lcPushy": 0.0482, "car_lcSigma": 0.7314, "car_lcSublane": 0.1553, "car_sigma": 0.2067, "car_tau_mean": 1.6194, "car_tau_std": 7.0267, "car_v_mean": 21.6998, "car_v_std": 1.0103}, "datetime": {"datetime": "2024-08-07 09:45:17", "elapsed": 1020.441917, "delta": 3.327922}}
{"target": -0.4129478657545542, "params": {"bus_acc": 2.1432, "bus_dcc": 2.1836, "bus_lcAssertive": 25.9638, "bus_lcCooperative": 0.8934, "bus_lcLookaheadLeft": 65.1124, "bus_lcPushy": 1.0, "bus_lcSigma": 1.0, "bus_lcSublane": 0.0564, "bus_sigma": 1.0, "bus_tau_mean": 3.7428, "bus_tau_std": 0.0, "bus_v_mean": 22.9294, "bus_v_std": 1.4541, "car_acc": 1.1546, "car_dcc": 4.0, "car_lcAssertive": 100.0, "car_lcCooperative": 0.0, "car_lcLookaheadLeft": 100.0, "car_lcPushy": 0.7694, "car_lcSigma": 0.0, "car_lcSublane": 1.0, "car_sigma": 0.8836, "car_tau_mean": 3.2965, "car_tau_std": 10.0, "car_v_mean": 8.0, "car_v_std": 10.0}, "datetime": {"datetime": "2024-08-07 09:45:20", "elapsed": 1022.992895, "delta": 2.550978}}
{"target": -0.3406747797400171, "params": {"bus_acc": 2.4951, "bus_dcc": 2.6286, "bus_lcAssertive": 20.7337, "bus_lcCooperative": 0.5155, "bus_lcLookaheadLeft": 77.2931, "bus_lcPushy": 0.2896, "bus_lcSigma": 0.4947, "bus_lcSublane": 0.8483, "bus_sigma": 0.1923, "bus_tau_mean": 3.1231, "bus_tau_std": 8.067, "bus_v_mean": 8.7399, "bus_v_std": 3.0585, "car_acc": 1.2265, "car_dcc": 2.655, "car_lcAssertive": 67.1053, "car_lcCooperative": 0.1454, "car_lcLookaheadLeft": 62.4366, "car_lcPushy": 0.8391, "car_lcSigma": 0.3301, "car_lcSublane": 0.2352, "car_sigma": 0.9915, "car_tau_mean": 3.6631, "car_tau_std": 0.2961, "car_v_mean": 14.8879, "car_v_std": 9.7022}, "datetime": {"datetime": "2024-08-07 09:45:22", "elapsed": 1025.243674, "delta": 2.250779}}
{"target": -0.33216269849724156, "params": {"bus_acc": 2.1265, "bus_dcc": 1.5051, "bus_lcAssertive": 8.3863, "bus_lcCooperative": 0.4119, "bus_lcLookaheadLeft": 44.7121, "bus_lcPushy": 0.4305, "bus_lcSigma": 0.1031, "bus_lcSublane": 0.2586, "bus_sigma": 0.9216, "bus_tau_mean": 1.8262, "bus_tau_std": 6.6108, "bus_v_mean": 14.7847, "bus_v_std": 6.8172, "car_acc": 1.7182, "car_dcc": 3.7685, "car_lcAssertive": 90.8093, "car_lcCooperative": 0.3044, "car_lcLookaheadLeft": 98.2302, "car_lcPushy": 0.761, "car_lcSigma": 0.5287, "car_lcSublane": 0.5887, "car_sigma": 0.4416, "car_tau_mean": 0.9564, "car_tau_std": 9.5427, "car_v_mean": 13.6115, "car_v_std": 7.762}, "datetime": {"datetime": "2024-08-07 09:45:25", "elapsed": 1028.0398, "delta": 2.796126}}
{"target": -0.307209628529591, "params": {"bus_acc": 2.1323, "bus_dcc": 1.8764, "bus_lcAssertive": 95.3391, "bus_lcCooperative": 0.282, "bus_lcLookaheadLeft": 24.8303, "bus_lcPushy": 0.6589, "bus_lcSigma": 0.5958, "bus_lcSublane": 0.5731, "bus_sigma": 0.3543, "bus_tau_mean": 1.731, "bus_tau_std": 5.4954, "bus_v_mean": 17.6089, "bus_v_std": 7.5563, "car_acc": 1.6381, "car_dcc": 1.2351, "car_lcAssertive": 64.9248, "car_lcCooperative": 0.7496, "car_lcLookaheadLeft": 5.0984, "car_lcPushy": 0.5166, "car_lcSigma": 0.6652, "car_lcSublane": 0.3864, "car_sigma": 0.6853, "car_tau_mean": 2.1453, "car_tau_std": 2.7197, "car_v_mean": 16.034, "car_v_std": 9.3332}, "datetime": {"datetime": "2024-08-07 09:45:33", "elapsed": 1035.71001, "delta": 7.67021}}
{"target": -0.3125773825696947, "params": {"bus_acc": 2.9512, "bus_dcc": 2.2431, "bus_lcAssertive": 22.8668, "bus_lcCooperative": 0.5791, "bus_lcLookaheadLeft": 29.2333, "bus_lcPushy": 0.701, "bus_lcSigma": 0.1796, "bus_lcSublane": 0.5742, "bus_sigma": 0.3135, "bus_tau_mean": 0.7311, "bus_tau_std": 4.0508, "bus_v_mean": 23.5116, "bus_v_std": 9.1451, "car_acc": 1.7159, "car_dcc": 1.0229, "car_lcAssertive": 96.3769, "car_lcCooperative": 0.568, "car_lcLookaheadLeft": 30.8285, "car_lcPushy": 0.5915, "car_lcSigma": 0.9403, "car_lcSublane": 0.1838, "car_sigma": 0.4835, "car_tau_mean": 3.1235, "car_tau_std": 4.9364, "car_v_mean": 18.0458, "car_v_std": 3.9422}, "datetime": {"datetime": "2024-08-07 09:45:36", "elapsed": 1038.711848, "delta": 3.001838}}
{"target": -0.30442607548810025, "params": {"bus_acc": 2.2032, "bus_dcc": 1.8564, "bus_lcAssertive": 96.2973, "bus_lcCooperative": 0.2636, "bus_lcLookaheadLeft": 26.0359, "bus_lcPushy": 0.6457, "bus_lcSigma": 0.6134, "bus_lcSublane": 0.557, "bus_sigma": 0.3466, "bus_tau_mean": 1.7251, "bus_tau_std": 5.4695, "bus_v_mean": 17.9769, "bus_v_std": 7.6297, "car_acc": 1.591, "car_dcc": 1.1752, "car_lcAssertive": 62.4351, "car_lcCooperative": 0.7525, "car_lcLookaheadLeft": 4.4471, "car_lcPushy": 0.5463, "car_lcSigma": 0.666, "car_lcSublane": 0.3967, "car_sigma": 0.7145, "car_tau_mean": 2.2662, "car_tau_std": 2.3359, "car_v_mean": 16.0539, "car_v_std": 9.2316}, "datetime": {"datetime": "2024-08-07 09:45:54", "elapsed": 1056.903854, "delta": 18.192006}}
{"target": -0.3251798766862356, "params": {"bus_acc": 2.0073, "bus_dcc": 1.8485, "bus_lcAssertive": 92.8685, "bus_lcCooperative": 0.2579, "bus_lcLookaheadLeft": 21.5339, "bus_lcPushy": 0.6724, "bus_lcSigma": 0.6773, "bus_lcSublane": 0.6316, "bus_sigma": 0.3289, "bus_tau_mean": 1.7457, "bus_tau_std": 5.6756, "bus_v_mean": 16.5379, "bus_v_std": 7.7036, "car_acc": 1.4442, "car_dcc": 1.0514, "car_lcAssertive": 67.1223, "car_lcCooperative": 0.7167, "car_lcLookaheadLeft": 2.0, "car_lcPushy": 0.4252, "car_lcSigma": 0.6346, "car_lcSublane": 0.3959, "car_sigma": 0.7488, "car_tau_mean": 2.0616, "car_tau_std": 2.775, "car_v_mean": 15.9195, "car_v_std": 10.0}, "datetime": {"datetime": "2024-08-07 09:45:58", "elapsed": 1060.561688, "delta": 3.657834}}
{"target": -0.3099415430894826, "params": {"bus_acc": 1.1098, "bus_dcc": 1.1565, "bus_lcAssertive": 62.9152, "bus_lcCooperative": 0.5244, "bus_lcLookaheadLeft": 58.8989, "bus_lcPushy": 0.9239, "bus_lcSigma": 0.1931, "bus_lcSublane": 0.5194, "bus_sigma": 0.3627, "bus_tau_mean": 2.7323, "bus_tau_std": 1.2469, "bus_v_mean": 10.2208, "bus_v_std": 8.7093, "car_acc": 2.4074, "car_dcc": 1.277, "car_lcAssertive": 55.1729, "car_lcCooperative": 0.2629, "car_lcLookaheadLeft": 19.7352, "car_lcPushy": 0.5689, "car_lcSigma": 0.7482, "car_lcSublane": 0.4443, "car_sigma": 0.8961, "car_tau_mean": 2.8406, "car_tau_std": 9.6474, "car_v_mean": 16.6845, "car_v_std": 0.6239}, "datetime": {"datetime": "2024-08-07 09:46:05", "elapsed": 1067.492614, "delta": 6.930926}}
{"target": -0.38711878043713444, "params": {"bus_acc": 1.8114, "bus_dcc": 2.162, "bus_lcAssertive": 3.3921, "bus_lcCooperative": 0.1106, "bus_lcLookaheadLeft": 43.0751, "bus_lcPushy": 0.1056, "bus_lcSigma": 0.3611, "bus_lcSublane": 0.8201, "bus_sigma": 0.7015, "bus_tau_mean": 1.3266, "bus_tau_std": 3.0788, "bus_v_mean": 17.2502, "bus_v_std": 3.386, "car_acc": 1.1653, "car_dcc": 1.8144, "car_lcAssertive": 97.2554, "car_lcCooperative": 0.4675, "car_lcLookaheadLeft": 97.0547, "car_lcPushy": 0.113, "car_lcSigma": 0.7458, "car_lcSublane": 0.0867, "car_sigma": 0.161, "car_tau_mean": 3.97, "car_tau_std": 5.7124, "car_v_mean": 10.5002, "car_v_std": 6.5605}, "datetime": {"datetime": "2024-08-07 09:46:11", "elapsed": 1073.870898, "delta": 6.378284}}
{"target": -0.34818608443715093, "params": {"bus_acc": 2.8524, "bus_dcc": 3.6382, "bus_lcAssertive": 93.0911, "bus_lcCooperative": 0.1524, "bus_lcLookaheadLeft": 31.5298, "bus_lcPushy": 0.0308, "bus_lcSigma": 0.8594, "bus_lcSublane": 0.9573, "bus_sigma": 0.6985, "bus_tau_mean": 1.579, "bus_tau_std": 0.5341, "bus_v_mean": 17.6087, "bus_v_std": 4.2228, "car_acc": 1.5192, "car_dcc": 3.121, "car_lcAssertive": 98.4846, "car_lcCooperative": 0.4006, "car_lcLookaheadLeft": 39.0677, "car_lcPushy": 0.5637, "car_lcSigma": 0.2659, "car_lcSublane": 0.5809, "car_sigma": 0.7224, "car_tau_mean": 1.3266, "car_tau_std": 1.8775, "car_v_mean": 12.7534, "car_v_std": 0.8115}, "datetime": {"datetime": "2024-08-07 09:46:23", "elapsed": 1085.956926, "delta": 12.086028}}
{"target": -0.3270258086794017, "params": {"bus_acc": 1.2346, "bus_dcc": 2.4902, "bus_lcAssertive": 86.6118, "bus_lcCooperative": 0.9659, "bus_lcLookaheadLeft": 83.984, "bus_lcPushy": 0.6906, "bus_lcSigma": 0.32, "bus_lcSublane": 0.3871, "bus_sigma": 0.5999, "bus_tau_mean": 1.6052, "bus_tau_std": 1.1154, "bus_v_mean": 11.2303, "bus_v_std": 6.8463, "car_acc": 1.4698, "car_dcc": 3.5529, "car_lcAssertive": 82.6218, "car_lcCooperative": 0.8126, "car_lcLookaheadLeft": 41.9931, "car_lcPushy": 0.8509, "car_lcSigma": 0.0104, "car_lcSublane": 0.7337, "car_sigma": 0.8443, "car_tau_mean": 2.5803, "car_tau_std": 8.0844, "car_v_mean": 12.1096, "car_v_std": 1.0852}, "datetime": {"datetime": "2024-08-07 09:46:35", "elapsed": 1097.642148, "delta": 11.685222}}
{"target": -0.3590791918308206, "params": {"bus_acc": 2.9162, "bus_dcc": 3.1622, "bus_lcAssertive": 93.4641, "bus_lcCooperative": 0.3123, "bus_lcLookaheadLeft": 29.4821, "bus_lcPushy": 0.5908, "bus_lcSigma": 0.9753, "bus_lcSublane": 0.8645, "bus_sigma": 0.5757, "bus_tau_mean": 2.2853, "bus_tau_std": 8.7916, "bus_v_mean": 22.7576, "bus_v_std": 8.9622, "car_acc": 1.5734, "car_dcc": 3.596, "car_lcAssertive": 64.9351, "car_lcCooperative": 0.2967, "car_lcLookaheadLeft": 29.2007, "car_lcPushy": 0.1485, "car_lcSigma": 0.6529, "car_lcSublane": 0.8518, "car_sigma": 0.1047, "car_tau_mean": 3.7838, "car_tau_std": 7.3725, "car_v_mean": 15.4177, "car_v_std": 9.9531}, "datetime": {"datetime": "2024-08-07 09:46:51", "elapsed": 1114.321128, "delta": 16.67898}}
{"target": -0.36238011280572585, "params": {"bus_acc": 1.3361, "bus_dcc": 1.8709, "bus_lcAssertive": 70.0309, "bus_lcCooperative": 0.8678, "bus_lcLookaheadLeft": 80.2376, "bus_lcPushy": 0.5032, "bus_lcSigma": 0.0562, "bus_lcSublane": 0.3459, "bus_sigma": 0.6488, "bus_tau_mean": 2.6011, "bus_tau_std": 2.7884, "bus_v_mean": 23.2325, "bus_v_std": 3.8431, "car_acc": 2.6849, "car_dcc": 1.812, "car_lcAssertive": 21.6963, "car_lcCooperative": 0.6225, "car_lcLookaheadLeft": 36.7261, "car_lcPushy": 0.3897, "car_lcSigma": 0.1671, "car_lcSublane": 0.3993, "car_sigma": 0.8572, "car_tau_mean": 3.4772, "car_tau_std": 5.1825, "car_v_mean": 8.748, "car_v_std": 4.2816}, "datetime": {"datetime": "2024-08-07 09:46:54", "elapsed": 1117.459634, "delta": 3.138506}}
{"target": -0.33254463085794156, "params": {"bus_acc": 1.6114, "bus_dcc": 2.5088, "bus_lcAssertive": 70.2727, "bus_lcCooperative": 0.0131, "bus_lcLookaheadLeft": 35.0584, "bus_lcPushy": 0.1964, "bus_lcSigma": 0.1932, "bus_lcSublane": 0.5735, "bus_sigma": 0.8038, "bus_tau_mean": 2.4694, "bus_tau_std": 7.7868, "bus_v_mean": 19.7738, "bus_v_std": 7.0823, "car_acc": 2.0408, "car_dcc": 1.3475, "car_lcAssertive": 89.343, "car_lcCooperative": 0.7775, "car_lcLookaheadLeft": 4.4306, "car_lcPushy": 0.2593, "car_lcSigma": 0.3786, "car_lcSublane": 0.6673, "car_sigma": 0.0436, "car_tau_mean": 1.4805, "car_tau_std": 6.4823, "car_v_mean": 14.7296, "car_v_std": 7.8683}, "datetime": {"datetime": "2024-08-07 09:46:57", "elapsed": 1120.154853, "delta": 2.695219}}
{"target": -0.34840230319043264, "params": {"bus_acc": 1.7884, "bus_dcc": 2.2089, "bus_lcAssertive": 16.3264, "bus_lcCooperative": 0.6056, "bus_lcLookaheadLeft": 79.1122, "bus_lcPushy": 0.2868, "bus_lcSigma": 0.6876, "bus_lcSublane": 0.8651, "bus_sigma": 0.8489, "bus_tau_mean": 3.2578, "bus_tau_std": 2.6239, "bus_v_mean": 19.0832, "bus_v_std": 4.9257, "car_acc": 1.1806, "car_dcc": 2.0631, "car_lcAssertive": 87.6454, "car_lcCooperative": 0.2331, "car_lcLookaheadLeft": 75.6847, "car_lcPushy": 0.4853, "car_lcSigma": 0.6775, "car_lcSublane": 0.5191, "car_sigma": 0.6921, "car_tau_mean": 1.5154, "car_tau_std": 7.2914, "car_v_mean": 22.6356, "car_v_std": 5.2781}, "datetime": {"datetime": "2024-08-07 09:47:03", "elapsed": 1126.330875, "delta": 6.176022}}
{"target": -0.35186689924915315, "params": {"bus_acc": 1.6063, "bus_dcc": 1.1155, "bus_lcAssertive": 75.3864, "bus_lcCooperative": 0.0321, "bus_lcLookaheadLeft": 13.2822, "bus_lcPushy": 0.8961, "bus_lcSigma": 0.1313, "bus_lcSublane": 0.0085, "bus_sigma": 0.633, "bus_tau_mean": 3.0905, "bus_tau_std": 9.8859, "bus_v_mean": 10.1876, "bus_v_std": 5.6866, "car_acc": 2.8562, "car_dcc": 1.3424, "car_lcAssertive": 80.1056, "car_lcCooperative": 0.4604, "car_lcLookaheadLeft": 87.5802, "car_lcPushy": 0.4768, "car_lcSigma": 0.668, "car_lcSublane": 0.0109, "car_sigma": 0.3137, "car_tau_mean": 3.6537, "car_tau_std": 3.4422, "car_v_mean": 8.0461, "car_v_std": 6.3123}, "datetime": {"datetime": "2024-08-07 09:47:12", "elapsed": 1134.748187, "delta": 8.417312}}
{"target": -0.33711620873802806, "params": {"bus_acc": 2.5535, "bus_dcc": 1.2192, "bus_lcAssertive": 82.1228, "bus_lcCooperative": 0.3379, "bus_lcLookaheadLeft": 83.8329, "bus_lcPushy": 0.4007, "bus_lcSigma": 0.0788, "bus_lcSublane": 0.2543, "bus_sigma": 0.2542, "bus_tau_mean": 3.9228, "bus_tau_std": 9.7202, "bus_v_mean": 23.4767, "bus_v_std": 5.0249, "car_acc": 2.6744, "car_dcc": 2.5063, "car_lcAssertive": 47.4494, "car_lcCooperative": 0.2446, "car_lcLookaheadLeft": 19.3546, "car_lcPushy": 0.1107, "car_lcSigma": 0.0532, "car_lcSublane": 0.9095, "car_sigma": 0.3806, "car_tau_mean": 1.7999, "car_tau_std": 8.3786, "car_v_mean": 18.3526, "car_v_std": 8.2755}, "datetime": {"datetime": "2024-08-07 09:47:15", "elapsed": 1138.244752, "delta": 3.496565}}
{"target": -0.3530258243209811, "params": {"bus_acc": 2.7635, "bus_dcc": 1.7075, "bus_lcAssertive": 56.8326, "bus_lcCooperative": 0.9431, "bus_lcLookaheadLeft": 80.9837, "bus_lcPushy": 0.0316, "bus_lcSigma": 0.7605, "bus_lcSublane": 0.5238, "bus_sigma": 0.4249, "bus_tau_mean": 0.9702, "bus_tau_std": 6.3888, "bus_v_mean": 21.3522, "bus_v_std": 0.885, "car_acc": 1.5203, "car_dcc": 1.3857, "car_lcAssertive": 68.6886, "car_lcCooperative": 0.7807, "car_lcLookaheadLeft": 89.7527, "car_lcPushy": 0.8399, "car_lcSigma": 0.7512, "car_lcSublane": 0.9695, "car_sigma": 0.3014, "car_tau_mean": 2.3191, "car_tau_std": 6.8677, "car_v_mean": 12.3177, "car_v_std": 7.7539}, "datetime": {"datetime": "2024-08-07 09:47:52", "elapsed": 1175.263416, "delta": 37.018664}}
{"target": -0.36471158753391064, "params": {"bus_acc": 1.8221, "bus_dcc": 3.1635, "bus_lcAssertive": 42.9412, "bus_lcCooperative": 0.0059, "bus_lcLookaheadLeft": 13.4854, "bus_lcPushy": 0.8177, "bus_lcSigma": 0.7505, "bus_lcSublane": 0.9585, "bus_sigma": 0.1402, "bus_tau_mean": 2.1432, "bus_tau_std": 5.1469, "bus_v_mean": 22.8613, "bus_v_std": 4.5236, "car_acc": 2.609, "car_dcc": 3.018, "car_lcAssertive": 53.3356, "car_lcCooperative": 0.8146, "car_lcLookaheadLeft": 25.7787, "car_lcPushy": 0.0237, "car_lcSigma": 0.0283, "car_lcSublane": 0.9338, "car_sigma": 0.2017, "car_tau_mean": 1.4746, "car_tau_std": 8.0721, "car_v_mean": 17.5461, "car_v_std": 9.203}, "datetime": {"datetime": "2024-08-07 09:48:34", "elapsed": 1217.230283, "delta": 41.966867}}
