{"target": -0.37208485362897314, "params": {"bus_acc": 4.0423, "bus_dcc": 2.7307, "bus_lcAssertive": 62.5707, "bus_lcCooperative": 0.1701, "bus_lcLookaheadLeft": 16.7103, "bus_lcPushy": 0.3728, "bus_lcSigma": 0.7927, "bus_lcSpeedGainRight": 4.8899, "bus_lcSublane": 0.1162, "bus_sigma": 0.8236, "bus_tau_mean": 0.7593, "bus_tau_std": 0.7843, "bus_v_mean": 20.4907, "bus_v_std": 16.7275, "car_acc": 1.3502, "car_dcc": 2.1789, "car_lcAssertive": 19.9496, "car_lcCooperative": 0.437, "car_lcLookaheadLeft": 44.9709, "car_lcPushy": 0.4847, "car_lcSigma": 0.5684, "car_lcSpeedGainRight": 2.5189, "car_lcSublane": 0.5589, "car_sigma": 0.8181, "car_tau_mean": 2.3017, "car_tau_std": 3.4539, "car_v_mean": 21.3955, "car_v_std": 3.7812}, "datetime": {"datetime": "2024-08-08 12:11:05", "elapsed": 675.291046, "delta": 11.484715}}
{"target": -0.34839462377818575, "params": {"bus_acc": 4.155, "bus_dcc": 1.8957, "bus_lcAssertive": 59.7548, "bus_lcCooperative": 0.5633, "bus_lcLookaheadLeft": 9.8832, "bus_lcPushy": 0.0074, "bus_lcSigma": 0.8798, "bus_lcSpeedGainRight": 3.7125, "bus_lcSublane": 0.7594, "bus_sigma": 0.1545, "bus_tau_mean": 3.3112, "bus_tau_std": 4.5361, "bus_v_mean": 20.0034, "bus_v_std": 19.1413, "car_acc": 2.5429, "car_dcc": 2.7331, "car_lcAssertive": 11.393, "car_lcCooperative": 0.6508, "car_lcLookaheadLeft": 44.0055, "car_lcPushy": 0.5218, "car_lcSigma": 0.9171, "car_lcSpeedGainRight": 2.1933, "car_lcSublane": 0.9463, "car_sigma": 0.8468, "car_tau_mean": 2.4658, "car_tau_std": 9.9883, "car_v_mean": 22.6407, "car_v_std": 7.8949}, "datetime": {"datetime": "2024-08-08 12:11:21", "elapsed": 691.633015, "delta": 16.341969}}
{"target": -0.46497802761109275, "params": {"bus_acc": 2.751767699108495, "bus_dcc": 3.3814135213492755, "bus_lcAssertive": 52.23375652211932, "bus_lcCooperative": 0.41359816112910697, "bus_lcLookaheadLeft": 13.509309750303778, "bus_lcPushy": 0.8839110659363493, "bus_lcSigma": 0.2755932144103168, "bus_lcSpeedGainRight": 3.081303616649302, "bus_lcSublane": 0.984579778960706, "bus_sigma": 0.1894180220437538, "bus_tau_mean": 3.87815797127565, "bus_tau_std": 6.5271536842569535, "bus_v_mean": 10.059705673544762, "bus_v_std": 15.438542921460968, "car_acc": 4.807103113028375, "car_dcc": 2.688341649068275, "car_lcAssertive": 69.16696477605666, "car_lcCooperative": 0.0263478788699828, "car_lcLookaheadLeft": 98.9294171797788, "car_lcPushy": 0.3184571198136825, "car_lcSigma": 0.023903779366219347, "car_lcSpeedGainRight": 4.042820752371942, "car_lcSublane": 0.9732525517670682, "car_sigma": 0.7375885099166811, "car_tau_mean": 0.5095753211589013, "car_tau_std": 0.6336051137403531, "car_v_mean": 17.348310483641292, "car_v_std": 6.714302155112062}, "datetime": {"datetime": "2024-08-08 12:11:24", "elapsed": 694.472403, "delta": 2.839388}}
{"target": -0.34455800123475977, "params": {"bus_acc": 2.8786, "bus_dcc": 1.2859, "bus_lcAssertive": 27.8145, "bus_lcCooperative": 0.7279, "bus_lcLookaheadLeft": 23.6847, "bus_lcPushy": 0.2832, "bus_lcSigma": 0.2616, "bus_lcSpeedGainRight": 1.9723, "bus_lcSublane": 0.0959, "bus_sigma": 0.085, "bus_tau_mean": 1.1746, "bus_tau_std": 9.9429, "bus_v_mean": 16.9752, "bus_v_std": 17.9819, "car_acc": 2.3605, "car_dcc": 2.2408, "car_lcAssertive": 89.9988, "car_lcCooperative": 0.7833, "car_lcLookaheadLeft": 3.3361, "car_lcPushy": 0.4948, "car_lcSigma": 0.991, "car_lcSpeedGainRight": 0.4312, "car_lcSublane": 0.1758, "car_sigma": 0.1879, "car_tau_mean": 2.6643, "car_tau_std": 2.0718, "car_v_mean": 13.5849, "car_v_std": 7.9443}, "datetime": {"datetime": "2024-08-08 12:11:28", "elapsed": 698.1792, "delta": 3.706797}}
{"target": -0.36166789308043923, "params": {"bus_acc": 2.1139, "bus_dcc": 2.4775, "bus_lcAssertive": 30.5111, "bus_lcCooperative": 0.1378, "bus_lcLookaheadLeft": 31.2827, "bus_lcPushy": 0.6919, "bus_lcSigma": 0.2183, "bus_lcSpeedGainRight": 0.6686, "bus_lcSublane": 0.073, "bus_sigma": 0.8788, "bus_tau_mean": 2.7589, "bus_tau_std": 4.6032, "bus_v_mean": 12.5867, "bus_v_std": 0.5568, "car_acc": 3.3152, "car_dcc": 3.7608, "car_lcAssertive": 26.5994, "car_lcCooperative": 0.6227, "car_lcLookaheadLeft": 84.8091, "car_lcPushy": 0.4372, "car_lcSigma": 0.4933, "car_lcSpeedGainRight": 4.8625, "car_lcSublane": 0.7685, "car_sigma": 0.085, "car_tau_mean": 3.9787, "car_tau_std": 0.0802, "car_v_mean": 13.569, "car_v_std": 7.7622}, "datetime": {"datetime": "2024-08-08 12:11:34", "elapsed": 704.353567, "delta": 6.174367}}
{"target": -0.3628114433043089, "params": {"bus_acc": 1.9931, "bus_dcc": 1.7331, "bus_lcAssertive": 82.3961, "bus_lcCooperative": 0.7109, "bus_lcLookaheadLeft": 86.8832, "bus_lcPushy": 0.3387, "bus_lcSigma": 0.9414, "bus_lcSpeedGainRight": 1.2143, "bus_lcSublane": 0.2451, "bus_sigma": 0.7727, "bus_tau_mean": 3.8474, "bus_tau_std": 4.4526, "bus_v_mean": 11.8436, "bus_v_std": 4.0114, "car_acc": 1.4122, "car_dcc": 3.8787, "car_lcAssertive": 64.7358, "car_lcCooperative": 0.2989, "car_lcLookaheadLeft": 12.7406, "car_lcPushy": 0.9874, "car_lcSigma": 0.3187, "car_lcSpeedGainRight": 0.5708, "car_lcSublane": 0.5564, "car_sigma": 0.3092, "car_tau_mean": 3.6335, "car_tau_std": 1.6019, "car_v_mean": 17.7503, "car_v_std": 5.2628}, "datetime": {"datetime": "2024-08-08 12:11:40", "elapsed": 710.194969, "delta": 5.841402}}
{"target": -0.44824843859987884, "params": {"bus_acc": 3.915, "bus_dcc": 3.5321, "bus_lcAssertive": 31.9565, "bus_lcCooperative": 0.2687, "bus_lcLookaheadLeft": 21.0148, "bus_lcPushy": 0.5252, "bus_lcSigma": 0.45, "bus_lcSpeedGainRight": 1.2949, "bus_lcSublane": 0.5882, "bus_sigma": 0.8076, "bus_tau_mean": 1.2711, "bus_tau_std": 8.0069, "bus_v_mean": 22.212, "bus_v_std": 16.556, "car_acc": 3.3178, "car_dcc": 1.1978, "car_lcAssertive": 34.7889, "car_lcCooperative": 0.8426, "car_lcLookaheadLeft": 20.5927, "car_lcPushy": 0.0044, "car_lcSigma": 0.1325, "car_lcSpeedGainRight": 2.6325, "car_lcSublane": 0.8248, "car_sigma": 0.2595, "car_tau_mean": 3.1679, "car_tau_std": 6.7645, "car_v_mean": 21.0502, "car_v_std": 0.2374}, "datetime": {"datetime": "2024-08-08 12:11:45", "elapsed": 715.678993, "delta": 5.484024}}
{"target": -0.37187553218964886, "params": {"bus_acc": 4.8097, "bus_dcc": 1.8068, "bus_lcAssertive": 96.3151, "bus_lcCooperative": 0.0563, "bus_lcLookaheadLeft": 32.4028, "bus_lcPushy": 0.4604, "bus_lcSigma": 0.5387, "bus_lcSpeedGainRight": 3.3917, "bus_lcSublane": 0.6041, "bus_sigma": 0.2126, "bus_tau_mean": 0.9407, "bus_tau_std": 9.7273, "bus_v_mean": 16.5031, "bus_v_std": 14.3386, "car_acc": 1.4308, "car_dcc": 1.8998, "car_lcAssertive": 56.0142, "car_lcCooperative": 0.9378, "car_lcLookaheadLeft": 19.1768, "car_lcPushy": 0.2027, "car_lcSigma": 0.5946, "car_lcSpeedGainRight": 3.3619, "car_lcSublane": 0.4408, "car_sigma": 0.2166, "car_tau_mean": 3.6168, "car_tau_std": 7.72, "car_v_mean": 23.3842, "car_v_std": 4.6004}, "datetime": {"datetime": "2024-08-08 12:11:47", "elapsed": 717.267087, "delta": 1.588094}}
{"target": -0.325603612534069, "params": {"bus_acc": 1.5202, "bus_dcc": 1.7656, "bus_lcAssertive": 53.5254, "bus_lcCooperative": 0.769, "bus_lcLookaheadLeft": 17.0819, "bus_lcPushy": 0.778, "bus_lcSigma": 0.592, "bus_lcSpeedGainRight": 3.2501, "bus_lcSublane": 0.9863, "bus_sigma": 0.7728, "bus_tau_mean": 2.9277, "bus_tau_std": 1.0623, "bus_v_mean": 16.2127, "bus_v_std": 7.1801, "car_acc": 1.1354, "car_dcc": 2.1002, "car_lcAssertive": 73.2121, "car_lcCooperative": 0.8364, "car_lcLookaheadLeft": 90.8508, "car_lcPushy": 0.982, "car_lcSigma": 0.4754, "car_lcSpeedGainRight": 2.5126, "car_lcSublane": 0.3513, "car_sigma": 0.2866, "car_tau_mean": 2.0091, "car_tau_std": 1.0079, "car_v_mean": 22.3927, "car_v_std": 14.2544}, "datetime": {"datetime": "2024-08-08 12:11:50", "elapsed": 720.890067, "delta": 3.62298}}
{"target": -0.3180520436566511, "params": {"bus_acc": 4.4994, "bus_dcc": 2.5499, "bus_lcAssertive": 44.9341, "bus_lcCooperative": 0.1998, "bus_lcLookaheadLeft": 71.4226, "bus_lcPushy": 0.1196, "bus_lcSigma": 0.1775, "bus_lcSpeedGainRight": 4.0463, "bus_lcSublane": 0.0697, "bus_sigma": 0.3562, "bus_tau_mean": 1.4922, "bus_tau_std": 8.3946, "bus_v_mean": 12.3298, "bus_v_std": 14.6076, "car_acc": 3.1526, "car_dcc": 1.2564, "car_lcAssertive": 86.6538, "car_lcCooperative": 0.635, "car_lcLookaheadLeft": 93.1898, "car_lcPushy": 0.1037, "car_lcSigma": 0.9968, "car_lcSpeedGainRight": 3.6767, "car_lcSublane": 0.4013, "car_sigma": 0.7981, "car_tau_mean": 1.7939, "car_tau_std": 5.1089, "car_v_mean": 21.0073, "car_v_std": 14.688}, "datetime": {"datetime": "2024-08-08 12:11:53", "elapsed": 723.552712, "delta": 2.662645}}
{"target": -0.44133966605807873, "params": {"bus_acc": 2.9603, "bus_dcc": 3.701, "bus_lcAssertive": 48.4031, "bus_lcCooperative": 0.3716, "bus_lcLookaheadLeft": 96.1683, "bus_lcPushy": 0.9131, "bus_lcSigma": 0.272, "bus_lcSpeedGainRight": 1.7714, "bus_lcSublane": 0.7508, "bus_sigma": 0.234, "bus_tau_mean": 1.3466, "bus_tau_std": 0.9904, "bus_v_mean": 20.3523, "bus_v_std": 7.2221, "car_acc": 3.1936, "car_dcc": 3.1603, "car_lcAssertive": 39.4841, "car_lcCooperative": 0.1943, "car_lcLookaheadLeft": 31.787, "car_lcPushy": 0.6015, "car_lcSigma": 0.4982, "car_lcSpeedGainRight": 0.202, "car_lcSublane": 0.5622, "car_sigma": 0.7466, "car_tau_mean": 3.4755, "car_tau_std": 3.1405, "car_v_mean": 22.7109, "car_v_std": 4.5764}, "datetime": {"datetime": "2024-08-08 12:11:58", "elapsed": 728.404887, "delta": 4.852175}}
{"target": -0.36430787804869297, "params": {"bus_acc": 1.4929, "bus_dcc": 3.1061, "bus_lcAssertive": 8.0412, "bus_lcCooperative": 0.0418, "bus_lcLookaheadLeft": 89.1391, "bus_lcPushy": 0.6791, "bus_lcSigma": 0.278, "bus_lcSpeedGainRight": 1.256, "bus_lcSublane": 0.0331, "bus_sigma": 0.9003, "bus_tau_mean": 2.6292, "bus_tau_std": 5.3135, "bus_v_mean": 15.5894, "bus_v_std": 9.9294, "car_acc": 3.2627, "car_dcc": 1.05, "car_lcAssertive": 6.4713, "car_lcCooperative": 0.745, "car_lcLookaheadLeft": 25.5188, "car_lcPushy": 0.1573, "car_lcSigma": 0.0481, "car_lcSpeedGainRight": 4.1675, "car_lcSublane": 0.4373, "car_sigma": 0.1936, "car_tau_mean": 0.8139, "car_tau_std": 7.9742, "car_v_mean": 15.9925, "car_v_std": 1.8405}, "datetime": {"datetime": "2024-08-08 12:12:01", "elapsed": 731.081119, "delta": 2.676232}}
{"target": -0.3774412019018112, "params": {"bus_acc": 3.6407, "bus_dcc": 3.8474, "bus_lcAssertive": 52.1032, "bus_lcCooperative": 0.1961, "bus_lcLookaheadLeft": 21.898, "bus_lcPushy": 0.1694, "bus_lcSigma": 0.4728, "bus_lcSpeedGainRight": 0.125, "bus_lcSublane": 0.8087, "bus_sigma": 0.0935, "bus_tau_mean": 3.8868, "bus_tau_std": 3.4439, "bus_v_mean": 12.1269, "bus_v_std": 9.7963, "car_acc": 2.576, "car_dcc": 2.427, "car_lcAssertive": 90.7929, "car_lcCooperative": 0.8592, "car_lcLookaheadLeft": 67.8125, "car_lcPushy": 0.8223, "car_lcSigma": 0.4245, "car_lcSpeedGainRight": 0.7936, "car_lcSublane": 0.2462, "car_sigma": 0.6339, "car_tau_mean": 3.0389, "car_tau_std": 9.7988, "car_v_mean": 21.7188, "car_v_std": 2.8708}, "datetime": {"datetime": "2024-08-08 12:12:02", "elapsed": 732.999706, "delta": 1.918587}}
{"target": -0.3481839397613347, "params": {"bus_acc": 2.7227, "bus_dcc": 3.1887, "bus_lcAssertive": 79.7954, "bus_lcCooperative": 0.6296, "bus_lcLookaheadLeft": 70.266, "bus_lcPushy": 0.8843, "bus_lcSigma": 0.7296, "bus_lcSpeedGainRight": 2.6718, "bus_lcSublane": 0.9726, "bus_sigma": 0.4826, "bus_tau_mean": 2.817, "bus_tau_std": 7.9515, "bus_v_mean": 20.8844, "bus_v_std": 11.5821, "car_acc": 2.6177, "car_dcc": 3.5923, "car_lcAssertive": 24.8633, "car_lcCooperative": 0.8373, "car_lcLookaheadLeft": 64.5567, "car_lcPushy": 0.3108, "car_lcSigma": 0.0183, "car_lcSpeedGainRight": 2.3847, "car_lcSublane": 0.8041, "car_sigma": 0.8053, "car_tau_mean": 1.6219, "car_tau_std": 3.6601, "car_v_mean": 21.6454, "car_v_std": 8.833}, "datetime": {"datetime": "2024-08-08 12:12:04", "elapsed": 734.716784, "delta": 1.717078}}
{"target": -0.35949791922316215, "params": {"bus_acc": 3.6255, "bus_dcc": 3.1255, "bus_lcAssertive": 92.3965, "bus_lcCooperative": 0.969, "bus_lcLookaheadLeft": 95.8981, "bus_lcPushy": 0.5518, "bus_lcSigma": 0.0569, "bus_lcSpeedGainRight": 3.9362, "bus_lcSublane": 0.3581, "bus_sigma": 0.1823, "bus_tau_mean": 2.8111, "bus_tau_std": 3.5371, "bus_v_mean": 19.1489, "bus_v_std": 5.8065, "car_acc": 1.8561, "car_dcc": 2.2457, "car_lcAssertive": 70.6908, "car_lcCooperative": 0.6513, "car_lcLookaheadLeft": 13.2729, "car_lcPushy": 0.0008, "car_lcSigma": 0.3069, "car_lcSpeedGainRight": 0.2526, "car_lcSublane": 0.9562, "car_sigma": 0.7076, "car_tau_mean": 0.9909, "car_tau_std": 3.0532, "car_v_mean": 20.8822, "car_v_std": 6.7191}, "datetime": {"datetime": "2024-08-08 12:12:07", "elapsed": 737.292521, "delta": 2.575737}}
{"target": -0.3449576644532022, "params": {"bus_acc": 1.1771, "bus_dcc": 3.35, "bus_lcAssertive": 58.4045, "bus_lcCooperative": 0.3503, "bus_lcLookaheadLeft": 15.2884, "bus_lcPushy": 0.6538, "bus_lcSigma": 0.4661, "bus_lcSpeedGainRight": 0.6064, "bus_lcSublane": 0.7786, "bus_sigma": 0.8247, "bus_tau_mean": 1.2481, "bus_tau_std": 4.2923, "bus_v_mean": 21.4039, "bus_v_std": 12.2067, "car_acc": 4.181, "car_dcc": 1.7036, "car_lcAssertive": 15.6423, "car_lcCooperative": 0.2906, "car_lcLookaheadLeft": 37.6929, "car_lcPushy": 0.1225, "car_lcSigma": 0.2249, "car_lcSpeedGainRight": 2.3611, "car_lcSublane": 0.8479, "car_sigma": 0.4941, "car_tau_mean": 3.9317, "car_tau_std": 3.1464, "car_v_mean": 19.8902, "car_v_std": 10.2938}, "datetime": {"datetime": "2024-08-08 12:12:20", "elapsed": 750.907164, "delta": 13.614643}}
{"target": -0.3525453873196286, "params": {"bus_acc": 2.4864, "bus_dcc": 3.9568, "bus_lcAssertive": 35.9965, "bus_lcCooperative": 0.1055, "bus_lcLookaheadLeft": 37.3822, "bus_lcPushy": 0.114, "bus_lcSigma": 0.8484, "bus_lcSpeedGainRight": 1.1591, "bus_lcSublane": 0.3203, "bus_sigma": 0.0691, "bus_tau_mean": 2.4814, "bus_tau_std": 6.0428, "bus_v_mean": 14.935, "bus_v_std": 7.0089, "car_acc": 1.7504, "car_dcc": 1.6903, "car_lcAssertive": 22.137, "car_lcCooperative": 0.4753, "car_lcLookaheadLeft": 84.489, "car_lcPushy": 0.6199, "car_lcSigma": 0.3833, "car_lcSpeedGainRight": 2.2551, "car_lcSublane": 0.9773, "car_sigma": 0.6889, "car_tau_mean": 2.7953, "car_tau_std": 2.4475, "car_v_mean": 14.9987, "car_v_std": 4.2522}, "datetime": {"datetime": "2024-08-08 12:12:25", "elapsed": 755.44658, "delta": 4.539416}}
{"target": -0.29813592743401485, "params": {"bus_acc": 2.1919, "bus_dcc": 1.7026, "bus_lcAssertive": 61.5738, "bus_lcCooperative": 0.7576, "bus_lcLookaheadLeft": 38.5609, "bus_lcPushy": 0.6587, "bus_lcSigma": 0.3392, "bus_lcSpeedGainRight": 1.5666, "bus_lcSublane": 0.9284, "bus_sigma": 0.5722, "bus_tau_mean": 0.9598, "bus_tau_std": 8.0095, "bus_v_mean": 13.3595, "bus_v_std": 17.3702, "car_acc": 2.4671, "car_dcc": 1.5255, "car_lcAssertive": 8.7844, "car_lcCooperative": 0.5087, "car_lcLookaheadLeft": 13.3162, "car_lcPushy": 0.3628, "car_lcSigma": 0.6112, "car_lcSpeedGainRight": 2.537, "car_lcSublane": 0.7119, "car_sigma": 0.447, "car_tau_mean": 3.5847, "car_tau_std": 4.2291, "car_v_mean": 21.2726, "car_v_std": 13.7942}, "datetime": {"datetime": "2024-08-08 12:12:30", "elapsed": 760.302871, "delta": 4.856291}}
{"target": -0.34568880242316713, "params": {"bus_acc": 1.2828, "bus_dcc": 2.0933, "bus_lcAssertive": 41.7665, "bus_lcCooperative": 0.2807, "bus_lcLookaheadLeft": 23.0999, "bus_lcPushy": 0.8527, "bus_lcSigma": 0.3447, "bus_lcSpeedGainRight": 1.4744, "bus_lcSublane": 0.1202, "bus_sigma": 0.9617, "bus_tau_mean": 3.5766, "bus_tau_std": 7.6702, "bus_v_mean": 21.9685, "bus_v_std": 1.1385, "car_acc": 3.3474, "car_dcc": 3.4422, "car_lcAssertive": 72.202, "car_lcCooperative": 0.8585, "car_lcLookaheadLeft": 60.5437, "car_lcPushy": 0.0781, "car_lcSigma": 0.8133, "car_lcSpeedGainRight": 4.0529, "car_lcSublane": 0.7748, "car_sigma": 0.4642, "car_tau_mean": 3.0638, "car_tau_std": 6.8153, "car_v_mean": 15.4462, "car_v_std": 18.7598}, "datetime": {"datetime": "2024-08-08 12:12:40", "elapsed": 771.02916, "delta": 10.726289}}
{"target": -0.3354370715730736, "params": {"bus_acc": 3.4431, "bus_dcc": 1.5394, "bus_lcAssertive": 37.549, "bus_lcCooperative": 0.8819, "bus_lcLookaheadLeft": 31.4063, "bus_lcPushy": 0.3208, "bus_lcSigma": 0.7473, "bus_lcSpeedGainRight": 1.6269, "bus_lcSublane": 0.5312, "bus_sigma": 0.3613, "bus_tau_mean": 2.3454, "bus_tau_std": 2.0421, "bus_v_mean": 15.2022, "bus_v_std": 8.9947, "car_acc": 4.1623, "car_dcc": 2.9434, "car_lcAssertive": 28.3953, "car_lcCooperative": 0.6607, "car_lcLookaheadLeft": 85.4282, "car_lcPushy": 0.5016, "car_lcSigma": 0.7132, "car_lcSpeedGainRight": 2.4218, "car_lcSublane": 0.6223, "car_sigma": 0.448, "car_tau_mean": 3.6609, "car_tau_std": 7.7787, "car_v_mean": 10.8788, "car_v_std": 1.8449}, "datetime": {"datetime": "2024-08-08 12:12:48", "elapsed": 778.203408, "delta": 7.174248}}
{"target": -0.3095974694573595, "params": {"bus_acc": 4.8582, "bus_dcc": 2.2806, "bus_lcAssertive": 86.1346, "bus_lcCooperative": 0.3272, "bus_lcLookaheadLeft": 20.7575, "bus_lcPushy": 0.0367, "bus_lcSigma": 0.762, "bus_lcSpeedGainRight": 4.7171, "bus_lcSublane": 0.4326, "bus_sigma": 0.9284, "bus_tau_mean": 3.0617, "bus_tau_std": 8.0334, "bus_v_mean": 8.0, "bus_v_std": 5.5176, "car_acc": 3.2567, "car_dcc": 1.0, "car_lcAssertive": 40.1556, "car_lcCooperative": 0.0379, "car_lcLookaheadLeft": 60.7073, "car_lcPushy": 0.3608, "car_lcSigma": 0.0509, "car_lcSpeedGainRight": 0.7132, "car_lcSublane": 0.3585, "car_sigma": 0.4746, "car_tau_mean": 2.1979, "car_tau_std": 6.2432, "car_v_mean": 10.3701, "car_v_std": 16.6925}, "datetime": {"datetime": "2024-08-08 12:12:53", "elapsed": 783.510869, "delta": 5.307461}}
{"target": -0.3151963056602326, "params": {"bus_acc": 4.2909, "bus_dcc": 2.2742, "bus_lcAssertive": 72.7047, "bus_lcCooperative": 0.3642, "bus_lcLookaheadLeft": 20.3703, "bus_lcPushy": 0.0016, "bus_lcSigma": 0.4337, "bus_lcSpeedGainRight": 4.9183, "bus_lcSublane": 0.5024, "bus_sigma": 0.929, "bus_tau_mean": 3.225, "bus_tau_std": 5.8854, "bus_v_mean": 12.3563, "bus_v_std": 3.0753, "car_acc": 2.8347, "car_dcc": 1.0, "car_lcAssertive": 44.5723, "car_lcCooperative": 0.0, "car_lcLookaheadLeft": 78.914, "car_lcPushy": 0.7833, "car_lcSigma": 0.0195, "car_lcSpeedGainRight": 1.843, "car_lcSublane": 0.1182, "car_sigma": 0.3023, "car_tau_mean": 2.0764, "car_tau_std": 2.5404, "car_v_mean": 9.2109, "car_v_std": 20.0}, "datetime": {"datetime": "2024-08-08 12:13:00", "elapsed": 791.047821, "delta": 7.536952}}
{"target": -0.35333817299828285, "params": {"bus_acc": 2.0209, "bus_dcc": 3.358, "bus_lcAssertive": 83.1875, "bus_lcCooperative": 0.3094, "bus_lcLookaheadLeft": 95.6658, "bus_lcPushy": 0.7014, "bus_lcSigma": 0.2767, "bus_lcSpeedGainRight": 1.0192, "bus_lcSublane": 0.0369, "bus_sigma": 0.8321, "bus_tau_mean": 3.0876, "bus_tau_std": 7.5973, "bus_v_mean": 15.5147, "bus_v_std": 4.3491, "car_acc": 1.4356, "car_dcc": 2.9318, "car_lcAssertive": 64.2003, "car_lcCooperative": 0.3155, "car_lcLookaheadLeft": 14.2109, "car_lcPushy": 0.8627, "car_lcSigma": 0.9817, "car_lcSpeedGainRight": 1.4613, "car_lcSublane": 0.689, "car_sigma": 0.5383, "car_tau_mean": 3.9513, "car_tau_std": 6.2212, "car_v_mean": 15.3277, "car_v_std": 8.9042}, "datetime": {"datetime": "2024-08-08 12:13:06", "elapsed": 796.535203, "delta": 5.487382}}
{"target": -0.3494761871995913, "params": {"bus_acc": 1.3167, "bus_dcc": 1.0, "bus_lcAssertive": 85.1734, "bus_lcCooperative": 0.5693, "bus_lcLookaheadLeft": 27.391, "bus_lcPushy": 0.1726, "bus_lcSigma": 1.0, "bus_lcSpeedGainRight": 5.0, "bus_lcSublane": 0.9352, "bus_sigma": 0.9971, "bus_tau_mean": 3.649, "bus_tau_std": 0.0, "bus_v_mean": 8.0, "bus_v_std": 19.8098, "car_acc": 3.6977, "car_dcc": 4.0, "car_lcAssertive": 12.609, "car_lcCooperative": 0.0, "car_lcLookaheadLeft": 22.6069, "car_lcPushy": 0.8532, "car_lcSigma": 0.6331, "car_lcSpeedGainRight": 1.1223, "car_lcSublane": 0.1477, "car_sigma": 1.0, "car_tau_mean": 4.0, "car_tau_std": 0.0, "car_v_mean": 10.3038, "car_v_std": 20.0}, "datetime": {"datetime": "2024-08-08 12:13:12", "elapsed": 802.444813, "delta": 5.90961}}
{"target": -0.3598794446097138, "params": {"bus_acc": 2.4914, "bus_dcc": 1.984, "bus_lcAssertive": 85.2483, "bus_lcCooperative": 0.6206, "bus_lcLookaheadLeft": 94.3987, "bus_lcPushy": 0.6383, "bus_lcSigma": 0.7899, "bus_lcSpeedGainRight": 4.4591, "bus_lcSublane": 0.8267, "bus_sigma": 0.0657, "bus_tau_mean": 2.1583, "bus_tau_std": 3.5199, "bus_v_mean": 17.8128, "bus_v_std": 6.5079, "car_acc": 1.9739, "car_dcc": 2.7514, "car_lcAssertive": 68.5659, "car_lcCooperative": 0.5663, "car_lcLookaheadLeft": 16.5046, "car_lcPushy": 0.8444, "car_lcSigma": 0.7888, "car_lcSpeedGainRight": 3.1123, "car_lcSublane": 0.2157, "car_sigma": 0.2696, "car_tau_mean": 1.9279, "car_tau_std": 5.3407, "car_v_mean": 15.0212, "car_v_std": 9.4847}, "datetime": {"datetime": "2024-08-08 12:13:21", "elapsed": 811.251261, "delta": 8.806448}}
{"target": -0.3327398865400242, "params": {"bus_acc": 2.1177, "bus_dcc": 1.0751, "bus_lcAssertive": 79.5354, "bus_lcCooperative": 0.0696, "bus_lcLookaheadLeft": 70.8707, "bus_lcPushy": 0.883, "bus_lcSigma": 0.6712, "bus_lcSpeedGainRight": 2.0911, "bus_lcSublane": 0.2447, "bus_sigma": 0.8038, "bus_tau_mean": 3.6738, "bus_tau_std": 4.0968, "bus_v_mean": 21.8114, "bus_v_std": 4.2415, "car_acc": 2.3962, "car_dcc": 2.5636, "car_lcAssertive": 14.3384, "car_lcCooperative": 0.8661, "car_lcLookaheadLeft": 52.7935, "car_lcPushy": 0.3772, "car_lcSigma": 0.4492, "car_lcSpeedGainRight": 4.0088, "car_lcSublane": 0.4887, "car_sigma": 0.0226, "car_tau_mean": 0.8725, "car_tau_std": 9.3391, "car_v_mean": 13.8284, "car_v_std": 4.8179}, "datetime": {"datetime": "2024-08-08 12:13:27", "elapsed": 817.781008, "delta": 6.529747}}
