{"target": -0.3964634197028247, "params": {"bus_acc": 1.3157, "bus_dcc": 3.0393, "bus_lcAssertive": 77.1353, "bus_lcCooperative": 0.1322, "bus_lcLookaheadLeft": 85.564, "bus_lcPushy": 0.9954, "bus_lcSigma": 0.5544, "bus_lcSpeedGainRight": 0.9135, "bus_lcSublane": 0.2356, "bus_sigma": 0.1923, "bus_tau_mean": 3.4925, "bus_tau_std": 7.9725, "bus_v_mean": 21.699, "bus_v_std": 11.4261, "car_acc": 1.1467, "car_dcc": 1.3964, "car_lcAssertive": 59.1656, "car_lcCooperative": 0.4033, "car_lcLookaheadLeft": 92.0389, "car_lcPushy": 0.7652, "car_lcSigma": 0.6095, "car_lcSpeedGainRight": 0.0403, "car_lcSublane": 0.3523, "car_sigma": 0.2319, "car_tau_mean": 3.0544, "car_tau_std": 6.7811, "car_v_mean": 12.6255, "car_v_std": 11.6954}, "datetime": {"datetime": "2024-08-08 10:22:59", "elapsed": 1659.159548, "delta": 7.616551}}
{"target": -0.40696331592086377, "params": {"bus_acc": 2.9034, "bus_dcc": 3.6306, "bus_lcAssertive": 88.8989, "bus_lcCooperative": 0.7123, "bus_lcLookaheadLeft": 2.3765, "bus_lcPushy": 0.7038, "bus_lcSigma": 0.1766, "bus_lcSpeedGainRight": 4.1035, "bus_lcSublane": 0.8164, "bus_sigma": 0.3059, "bus_tau_mean": 0.9261, "bus_tau_std": 8.2997, "bus_v_mean": 9.1982, "bus_v_std": 19.4416, "car_acc": 1.8077, "car_dcc": 3.6895, "car_lcAssertive": 58.7345, "car_lcCooperative": 0.5068, "car_lcLookaheadLeft": 74.6435, "car_lcPushy": 0.6698, "car_lcSigma": 0.9879, "car_lcSpeedGainRight": 0.3953, "car_lcSublane": 0.4652, "car_sigma": 0.4346, "car_tau_mean": 1.6978, "car_tau_std": 4.9604, "car_v_mean": 8.1212, "car_v_std": 5.6091}, "datetime": {"datetime": "2024-08-08 10:23:02", "elapsed": 1662.274437, "delta": 3.114889}}
{"target": -0.28658305495010694, "params": {"bus_acc": 1.6924, "bus_dcc": 1.3551, "bus_lcAssertive": 28.9064, "bus_lcCooperative": 1.0, "bus_lcLookaheadLeft": 34.9347, "bus_lcPushy": 0.7879, "bus_lcSigma": 0.7028, "bus_lcSpeedGainRight": 4.3098, "bus_lcSublane": 0.5875, "bus_sigma": 0.2113, "bus_tau_mean": 1.8057, "bus_tau_std": 4.0522, "bus_v_mean": 8.0418, "bus_v_std": 8.4499, "car_acc": 1.8519, "car_dcc": 1.0982, "car_lcAssertive": 26.557, "car_lcCooperative": 0.3617, "car_lcLookaheadLeft": 86.6974, "car_lcPushy": 0.4832, "car_lcSigma": 0.7734, "car_lcSpeedGainRight": 1.449, "car_lcSublane": 0.5337, "car_sigma": 1.0, "car_tau_mean": 2.7575, "car_tau_std": 4.7882, "car_v_mean": 12.9602, "car_v_std": 3.4814}, "datetime": {"datetime": "2024-08-08 10:23:12", "elapsed": 1672.641733, "delta": 10.367296}}
{"target": -0.31953525069490846, "params": {"bus_acc": 1.211, "bus_dcc": 3.8845, "bus_lcAssertive": 43.3364, "bus_lcCooperative": 0.669, "bus_lcLookaheadLeft": 68.1858, "bus_lcPushy": 0.633, "bus_lcSigma": 0.0098, "bus_lcSpeedGainRight": 2.1778, "bus_lcSublane": 0.392, "bus_sigma": 0.6931, "bus_tau_mean": 2.058, "bus_tau_std": 1.5942, "bus_v_mean": 13.3877, "bus_v_std": 5.7684, "car_acc": 1.6109, "car_dcc": 2.3674, "car_lcAssertive": 5.1988, "car_lcCooperative": 0.2835, "car_lcLookaheadLeft": 62.7907, "car_lcPushy": 0.3043, "car_lcSigma": 0.7429, "car_lcSpeedGainRight": 1.6055, "car_lcSublane": 0.2609, "car_sigma": 0.905, "car_tau_mean": 1.0912, "car_tau_std": 0.5887, "car_v_mean": 15.0837, "car_v_std": 3.2367}, "datetime": {"datetime": "2024-08-08 10:23:23", "elapsed": 1683.268113, "delta": 10.62638}}
{"target": -0.3139303878274272, "params": {"bus_acc": 1.6922, "bus_dcc": 1.3549, "bus_lcAssertive": 28.9079, "bus_lcCooperative": 1.0, "bus_lcLookaheadLeft": 34.9362, "bus_lcPushy": 0.7877, "bus_lcSigma": 0.7043, "bus_lcSpeedGainRight": 4.3063, "bus_lcSublane": 0.5873, "bus_sigma": 0.2111, "bus_tau_mean": 1.8055, "bus_tau_std": 4.0487, "bus_v_mean": 8.0416, "bus_v_std": 8.4497, "car_acc": 1.8517, "car_dcc": 1.098, "car_lcAssertive": 26.5585, "car_lcCooperative": 0.3615, "car_lcLookaheadLeft": 86.6972, "car_lcPushy": 0.483, "car_lcSigma": 0.7732, "car_lcSpeedGainRight": 1.4488, "car_lcSublane": 0.5352, "car_sigma": 1.0, "car_tau_mean": 2.7573, "car_tau_std": 4.788, "car_v_mean": 12.9617, "car_v_std": 3.4779}, "datetime": {"datetime": "2024-08-08 10:23:24", "elapsed": 1684.287783, "delta": 1.01967}}
{"target": -0.3336719107499771, "params": {"bus_acc": 1.6921, "bus_dcc": 1.3548, "bus_lcAssertive": 28.9078, "bus_lcCooperative": 1.0, "bus_lcLookaheadLeft": 34.9361, "bus_lcPushy": 0.7876, "bus_lcSigma": 0.7025, "bus_lcSpeedGainRight": 4.3095, "bus_lcSublane": 0.5872, "bus_sigma": 0.211, "bus_tau_mean": 1.8054, "bus_tau_std": 4.0519, "bus_v_mean": 8.0398, "bus_v_std": 8.4479, "car_acc": 1.8516, "car_dcc": 1.0979, "car_lcAssertive": 26.5584, "car_lcCooperative": 0.3614, "car_lcLookaheadLeft": 86.6954, "car_lcPushy": 0.4829, "car_lcSigma": 0.7731, "car_lcSpeedGainRight": 1.4487, "car_lcSublane": 0.5351, "car_sigma": 1.0, "car_tau_mean": 2.7572, "car_tau_std": 4.7879, "car_v_mean": 12.9616, "car_v_std": 3.4811}, "datetime": {"datetime": "2024-08-08 10:23:36", "elapsed": 1696.317026, "delta": 12.029243}}
{"target": -0.3717283508629972, "params": {"bus_acc": 2.5828, "bus_dcc": 3.6963, "bus_lcAssertive": 45.3645, "bus_lcCooperative": 0.776, "bus_lcLookaheadLeft": 10.1908, "bus_lcPushy": 0.8005, "bus_lcSigma": 0.4197, "bus_lcSpeedGainRight": 1.9261, "bus_lcSublane": 0.0606, "bus_sigma": 0.4319, "bus_tau_mean": 3.4181, "bus_tau_std": 3.5777, "bus_v_mean": 11.9418, "bus_v_std": 6.1714, "car_acc": 1.537, "car_dcc": 3.9796, "car_lcAssertive": 48.7639, "car_lcCooperative": 0.0418, "car_lcLookaheadLeft": 16.3368, "car_lcPushy": 0.6902, "car_lcSigma": 0.7655, "car_lcSpeedGainRight": 0.9718, "car_lcSublane": 0.3708, "car_sigma": 0.4738, "car_tau_mean": 3.4052, "car_tau_std": 5.41, "car_v_mean": 12.1163, "car_v_std": 5.7959}, "datetime": {"datetime": "2024-08-08 10:23:49", "elapsed": 1709.320933, "delta": 13.003907}}
{"target": -0.3280524572520082, "params": {"bus_acc": 2.4632, "bus_dcc": 3.0031, "bus_lcAssertive": 70.431, "bus_lcCooperative": 0.6466, "bus_lcLookaheadLeft": 44.2067, "bus_lcPushy": 0.5352, "bus_lcSigma": 0.298, "bus_lcSpeedGainRight": 2.261, "bus_lcSublane": 0.6112, "bus_sigma": 0.2321, "bus_tau_mean": 2.9899, "bus_tau_std": 4.5785, "bus_v_mean": 8.361, "bus_v_std": 8.2569, "car_acc": 2.0249, "car_dcc": 3.2419, "car_lcAssertive": 5.2954, "car_lcCooperative": 0.0234, "car_lcLookaheadLeft": 4.0731, "car_lcPushy": 0.5621, "car_lcSigma": 0.7748, "car_lcSpeedGainRight": 0.4736, "car_lcSublane": 0.1507, "car_sigma": 0.9848, "car_tau_mean": 2.2384, "car_tau_std": 7.5295, "car_v_mean": 20.8534, "car_v_std": 5.7854}, "datetime": {"datetime": "2024-08-08 10:24:08", "elapsed": 1728.34191, "delta": 19.020977}}
{"target": -0.3662110828860935, "params": {"bus_acc": 2.4325, "bus_dcc": 2.9837, "bus_lcAssertive": 12.1742, "bus_lcCooperative": 0.5562, "bus_lcLookaheadLeft": 59.4168, "bus_lcPushy": 0.6004, "bus_lcSigma": 0.6604, "bus_lcSpeedGainRight": 2.3036, "bus_lcSublane": 0.3953, "bus_sigma": 0.5955, "bus_tau_mean": 1.1242, "bus_tau_std": 4.786, "bus_v_mean": 17.7893, "bus_v_std": 10.209, "car_acc": 1.2317, "car_dcc": 2.7565, "car_lcAssertive": 29.1122, "car_lcCooperative": 0.3028, "car_lcLookaheadLeft": 36.567, "car_lcPushy": 0.2068, "car_lcSigma": 0.0156, "car_lcSpeedGainRight": 0.1995, "car_lcSublane": 0.5169, "car_sigma": 0.4337, "car_tau_mean": 3.3892, "car_tau_std": 5.398, "car_v_mean": 15.659, "car_v_std": 13.2726}, "datetime": {"datetime": "2024-08-08 10:24:29", "elapsed": 1749.045335, "delta": 20.703425}}
{"target": -0.3571632340668793, "params": {"bus_acc": 2.9534, "bus_dcc": 3.1585, "bus_lcAssertive": 11.3635, "bus_lcCooperative": 0.3671, "bus_lcLookaheadLeft": 55.9271, "bus_lcPushy": 0.1936, "bus_lcSigma": 0.8917, "bus_lcSpeedGainRight": 2.898, "bus_lcSublane": 0.8856, "bus_sigma": 0.5506, "bus_tau_mean": 1.3223, "bus_tau_std": 2.3676, "bus_v_mean": 21.279, "bus_v_std": 19.3286, "car_acc": 1.2028, "car_dcc": 3.5897, "car_lcAssertive": 18.527, "car_lcCooperative": 0.621, "car_lcLookaheadLeft": 93.0778, "car_lcPushy": 0.7576, "car_lcSigma": 0.5339, "car_lcSpeedGainRight": 3.3318, "car_lcSublane": 0.0211, "car_sigma": 0.0987, "car_tau_mean": 1.4432, "car_tau_std": 6.1813, "car_v_mean": 17.3942, "car_v_std": 6.9015}, "datetime": {"datetime": "2024-08-08 10:24:30", "elapsed": 1750.582565, "delta": 1.53723}}
{"target": -0.33576220924091105, "params": {"bus_acc": 1.091, "bus_dcc": 3.3319, "bus_lcAssertive": 70.0415, "bus_lcCooperative": 0.4506, "bus_lcLookaheadLeft": 92.4757, "bus_lcPushy": 0.9084, "bus_lcSigma": 0.7805, "bus_lcSpeedGainRight": 4.5324, "bus_lcSublane": 0.5623, "bus_sigma": 0.8144, "bus_tau_mean": 2.5259, "bus_tau_std": 9.2091, "bus_v_mean": 19.2577, "bus_v_std": 18.5958, "car_acc": 1.3595, "car_dcc": 1.1711, "car_lcAssertive": 35.7966, "car_lcCooperative": 0.9711, "car_lcLookaheadLeft": 21.2778, "car_lcPushy": 0.0465, "car_lcSigma": 0.6729, "car_lcSpeedGainRight": 1.6649, "car_lcSublane": 0.9418, "car_sigma": 0.9668, "car_tau_mean": 0.7037, "car_tau_std": 5.6516, "car_v_mean": 15.1779, "car_v_std": 3.2609}, "datetime": {"datetime": "2024-08-08 10:24:47", "elapsed": 1767.557697, "delta": 16.975132}}
{"target": -0.33414885965669516, "params": {"bus_acc": 1.6927, "bus_dcc": 1.3554, "bus_lcAssertive": 28.9067, "bus_lcCooperative": 1.0, "bus_lcLookaheadLeft": 34.935, "bus_lcPushy": 0.7882, "bus_lcSigma": 0.7031, "bus_lcSpeedGainRight": 4.3101, "bus_lcSublane": 0.5895, "bus_sigma": 0.2116, "bus_tau_mean": 1.806, "bus_tau_std": 4.0525, "bus_v_mean": 8.0404, "bus_v_std": 8.4485, "car_acc": 1.8522, "car_dcc": 1.095, "car_lcAssertive": 26.5573, "car_lcCooperative": 0.362, "car_lcLookaheadLeft": 86.696, "car_lcPushy": 0.4835, "car_lcSigma": 0.7737, "car_lcSpeedGainRight": 1.4458, "car_lcSublane": 0.5357, "car_sigma": 1.0, "car_tau_mean": 2.7578, "car_tau_std": 4.7885, "car_v_mean": 12.9605, "car_v_std": 3.4817}, "datetime": {"datetime": "2024-08-08 10:24:55", "elapsed": 1775.293329, "delta": 7.735632}}
{"target": -0.3368517089576385, "params": {"bus_acc": 2.802, "bus_dcc": 1.3784, "bus_lcAssertive": 5.8821, "bus_lcCooperative": 0.3955, "bus_lcLookaheadLeft": 26.8113, "bus_lcPushy": 0.8121, "bus_lcSigma": 0.8261, "bus_lcSpeedGainRight": 1.5299, "bus_lcSublane": 0.5769, "bus_sigma": 0.5157, "bus_tau_mean": 2.7669, "bus_tau_std": 8.1532, "bus_v_mean": 13.7995, "bus_v_std": 14.2219, "car_acc": 1.1544, "car_dcc": 2.0576, "car_lcAssertive": 54.1967, "car_lcCooperative": 0.467, "car_lcLookaheadLeft": 38.1414, "car_lcPushy": 0.9637, "car_lcSigma": 0.2885, "car_lcSpeedGainRight": 1.3819, "car_lcSublane": 0.0858, "car_sigma": 0.0283, "car_tau_mean": 3.5219, "car_tau_std": 0.8517, "car_v_mean": 18.4616, "car_v_std": 1.8394}, "datetime": {"datetime": "2024-08-08 10:25:09", "elapsed": 1789.710485, "delta": 14.417156}}
{"target": -0.34497569995846833, "params": {"bus_acc": 1.3975, "bus_dcc": 1.5637, "bus_lcAssertive": 27.9625, "bus_lcCooperative": 0.3741, "bus_lcLookaheadLeft": 95.579, "bus_lcPushy": 0.4412, "bus_lcSigma": 0.1798, "bus_lcSpeedGainRight": 3.5811, "bus_lcSublane": 0.7522, "bus_sigma": 0.5161, "bus_tau_mean": 3.7987, "bus_tau_std": 4.945, "bus_v_mean": 12.0346, "bus_v_std": 19.7256, "car_acc": 1.4506, "car_dcc": 1.9509, "car_lcAssertive": 14.1926, "car_lcCooperative": 0.8432, "car_lcLookaheadLeft": 10.8408, "car_lcPushy": 0.75, "car_lcSigma": 0.2781, "car_lcSpeedGainRight": 1.2115, "car_lcSublane": 0.3029, "car_sigma": 0.7662, "car_tau_mean": 3.1588, "car_tau_std": 8.7755, "car_v_mean": 14.9346, "car_v_std": 10.3346}, "datetime": {"datetime": "2024-08-08 10:25:17", "elapsed": 1797.590324, "delta": 7.879839}}
{"target": -0.39707735707189523, "params": {"bus_acc": 2.405, "bus_dcc": 1.5593, "bus_lcAssertive": 69.6518, "bus_lcCooperative": 0.7003, "bus_lcLookaheadLeft": 5.8947, "bus_lcPushy": 0.8547, "bus_lcSigma": 0.9902, "bus_lcSpeedGainRight": 0.4209, "bus_lcSublane": 0.1314, "bus_sigma": 0.1562, "bus_tau_mean": 1.4224, "bus_tau_std": 0.7046, "bus_v_mean": 19.3882, "bus_v_std": 4.8316, "car_acc": 1.3468, "car_dcc": 2.657, "car_lcAssertive": 83.6277, "car_lcCooperative": 0.9651, "car_lcLookaheadLeft": 68.4186, "car_lcPushy": 0.6502, "car_lcSigma": 0.3156, "car_lcSpeedGainRight": 1.8925, "car_lcSublane": 0.8195, "car_sigma": 0.6161, "car_tau_mean": 2.0097, "car_tau_std": 3.5003, "car_v_mean": 14.3248, "car_v_std": 15.7358}, "datetime": {"datetime": "2024-08-08 10:25:30", "elapsed": 1810.373089, "delta": 12.782765}}
{"target": -0.4145150163898116, "params": {"bus_acc": 2.8202, "bus_dcc": 1.9381, "bus_lcAssertive": 85.1948, "bus_lcCooperative": 0.9641, "bus_lcLookaheadLeft": 28.0419, "bus_lcPushy": 0.066, "bus_lcSigma": 0.1078, "bus_lcSpeedGainRight": 4.0308, "bus_lcSublane": 0.5176, "bus_sigma": 0.4907, "bus_tau_mean": 2.4094, "bus_tau_std": 9.5182, "bus_v_mean": 12.4784, "bus_v_std": 16.2492, "car_acc": 1.0205, "car_dcc": 2.3147, "car_lcAssertive": 58.6134, "car_lcCooperative": 0.3961, "car_lcLookaheadLeft": 94.0026, "car_lcPushy": 0.883, "car_lcSigma": 0.1991, "car_lcSpeedGainRight": 1.6076, "car_lcSublane": 0.3071, "car_sigma": 0.6878, "car_tau_mean": 0.9813, "car_tau_std": 7.3539, "car_v_mean": 22.9178, "car_v_std": 8.0797}, "datetime": {"datetime": "2024-08-08 10:25:40", "elapsed": 1820.463334, "delta": 10.090245}}
{"target": -0.3802310090119532, "params": {"bus_acc": 2.4535, "bus_dcc": 1.8755, "bus_lcAssertive": 98.5806, "bus_lcCooperative": 0.2724, "bus_lcLookaheadLeft": 68.9582, "bus_lcPushy": 0.6028, "bus_lcSigma": 0.9666, "bus_lcSpeedGainRight": 1.7961, "bus_lcSublane": 0.9759, "bus_sigma": 0.7786, "bus_tau_mean": 3.1992, "bus_tau_std": 9.2687, "bus_v_mean": 17.974, "bus_v_std": 1.8078, "car_acc": 1.2143, "car_dcc": 2.1486, "car_lcAssertive": 19.9144, "car_lcCooperative": 0.1376, "car_lcLookaheadLeft": 47.4512, "car_lcPushy": 0.7174, "car_lcSigma": 0.6005, "car_lcSpeedGainRight": 3.5749, "car_lcSublane": 0.4679, "car_sigma": 0.8951, "car_tau_mean": 3.567, "car_tau_std": 5.3165, "car_v_mean": 12.1588, "car_v_std": 13.3228}, "datetime": {"datetime": "2024-08-08 10:25:47", "elapsed": 1827.014234, "delta": 6.5509}}
{"target": -0.38407387310537267, "params": {"bus_acc": 1.7417, "bus_dcc": 2.6149, "bus_lcAssertive": 24.8243, "bus_lcCooperative": 0.0953, "bus_lcLookaheadLeft": 12.4038, "bus_lcPushy": 0.9185, "bus_lcSigma": 0.5327, "bus_lcSpeedGainRight": 1.8842, "bus_lcSublane": 0.8286, "bus_sigma": 0.7605, "bus_tau_mean": 0.7797, "bus_tau_std": 8.8688, "bus_v_mean": 10.9251, "bus_v_std": 17.013, "car_acc": 1.8678, "car_dcc": 2.3393, "car_lcAssertive": 50.5221, "car_lcCooperative": 0.1633, "car_lcLookaheadLeft": 9.6248, "car_lcPushy": 0.7908, "car_lcSigma": 0.1333, "car_lcSpeedGainRight": 0.6773, "car_lcSublane": 0.3464, "car_sigma": 0.8431, "car_tau_mean": 3.5178, "car_tau_std": 8.6683, "car_v_mean": 10.6416, "car_v_std": 7.2561}, "datetime": {"datetime": "2024-08-08 10:25:51", "elapsed": 1831.835776, "delta": 4.821542}}
{"target": -0.345369785155689, "params": {"bus_acc": 1.9781, "bus_dcc": 3.2608, "bus_lcAssertive": 60.3672, "bus_lcCooperative": 0.8259, "bus_lcLookaheadLeft": 91.8316, "bus_lcPushy": 0.5841, "bus_lcSigma": 0.0811, "bus_lcSpeedGainRight": 0.131, "bus_lcSublane": 0.712, "bus_sigma": 0.4797, "bus_tau_mean": 1.6872, "bus_tau_std": 4.2311, "bus_v_mean": 11.568, "bus_v_std": 18.6716, "car_acc": 1.9368, "car_dcc": 1.1342, "car_lcAssertive": 35.476, "car_lcCooperative": 0.3549, "car_lcLookaheadLeft": 68.1784, "car_lcPushy": 0.6244, "car_lcSigma": 0.2683, "car_lcSpeedGainRight": 2.6555, "car_lcSublane": 0.0296, "car_sigma": 0.4356, "car_tau_mean": 3.2101, "car_tau_std": 1.573, "car_v_mean": 8.0471, "car_v_std": 17.6014}, "datetime": {"datetime": "2024-08-08 10:25:59", "elapsed": 1839.589253, "delta": 7.753477}}
{"target": -0.3489659103716495, "params": {"bus_acc": 2.6663, "bus_dcc": 1.7417, "bus_lcAssertive": 94.321, "bus_lcCooperative": 0.208, "bus_lcLookaheadLeft": 93.3277, "bus_lcPushy": 0.731, "bus_lcSigma": 0.8778, "bus_lcSpeedGainRight": 1.7571, "bus_lcSublane": 0.4874, "bus_sigma": 0.5959, "bus_tau_mean": 1.0313, "bus_tau_std": 7.5169, "bus_v_mean": 21.0397, "bus_v_std": 7.558, "car_acc": 2.248, "car_dcc": 1.8949, "car_lcAssertive": 98.0322, "car_lcCooperative": 0.413, "car_lcLookaheadLeft": 24.516, "car_lcPushy": 0.7912, "car_lcSigma": 0.4273, "car_lcSpeedGainRight": 2.887, "car_lcSublane": 0.9862, "car_sigma": 0.6965, "car_tau_mean": 3.2158, "car_tau_std": 0.7662, "car_v_mean": 17.0464, "car_v_std": 5.6557}, "datetime": {"datetime": "2024-08-08 10:26:08", "elapsed": 1848.571497, "delta": 8.982244}}
{"target": -0.33722388138246207, "params": {"bus_acc": 1.6565, "bus_dcc": 1.3192, "bus_lcAssertive": 28.8722, "bus_lcCooperative": 0.9692, "bus_lcLookaheadLeft": 34.9005, "bus_lcPushy": 0.752, "bus_lcSigma": 0.6686, "bus_lcSpeedGainRight": 4.2739, "bus_lcSublane": 0.5533, "bus_sigma": 0.1754, "bus_tau_mean": 1.7698, "bus_tau_std": 4.0163, "bus_v_mean": 8.0059, "bus_v_std": 8.414, "car_acc": 1.816, "car_dcc": 1.0623, "car_lcAssertive": 26.5228, "car_lcCooperative": 0.3258, "car_lcLookaheadLeft": 86.6615, "car_lcPushy": 0.4473, "car_lcSigma": 0.7375, "car_lcSpeedGainRight": 1.4131, "car_lcSublane": 0.4995, "car_sigma": 0.9563, "car_tau_mean": 2.7216, "car_tau_std": 4.7523, "car_v_mean": 12.926, "car_v_std": 3.4455}, "datetime": {"datetime": "2024-08-08 10:26:13", "elapsed": 1853.046247, "delta": 4.47475}}
{"target": -0.3466117100277357, "params": {"bus_acc": 1.1128, "bus_dcc": 1.4605, "bus_lcAssertive": 33.3968, "bus_lcCooperative": 0.0681, "bus_lcLookaheadLeft": 64.7414, "bus_lcPushy": 0.3179, "bus_lcSigma": 0.5902, "bus_lcSpeedGainRight": 2.2089, "bus_lcSublane": 0.775, "bus_sigma": 0.0778, "bus_tau_mean": 1.8715, "bus_tau_std": 2.8812, "bus_v_mean": 19.9569, "bus_v_std": 7.3786, "car_acc": 2.2137, "car_dcc": 2.3753, "car_lcAssertive": 51.4602, "car_lcCooperative": 0.3609, "car_lcLookaheadLeft": 65.8093, "car_lcPushy": 0.8331, "car_lcSigma": 0.8766, "car_lcSpeedGainRight": 2.1806, "car_lcSublane": 0.6255, "car_sigma": 0.8033, "car_tau_mean": 3.8709, "car_tau_std": 8.2282, "car_v_mean": 16.1003, "car_v_std": 5.9138}, "datetime": {"datetime": "2024-08-08 10:26:24", "elapsed": 1863.999987, "delta": 10.95374}}
{"target": -0.3154115322876809, "params": {"bus_acc": 1.6567, "bus_dcc": 1.3194, "bus_lcAssertive": 28.8724, "bus_lcCooperative": 0.9694, "bus_lcLookaheadLeft": 34.9007, "bus_lcPushy": 0.7522, "bus_lcSigma": 0.6688, "bus_lcSpeedGainRight": 4.2741, "bus_lcSublane": 0.5535, "bus_sigma": 0.1756, "bus_tau_mean": 1.77, "bus_tau_std": 4.0165, "bus_v_mean": 8.0061, "bus_v_std": 8.4142, "car_acc": 1.8162, "car_dcc": 1.0625, "car_lcAssertive": 26.523, "car_lcCooperative": 0.326, "car_lcLookaheadLeft": 86.6617, "car_lcPushy": 0.4475, "car_lcSigma": 0.7377, "car_lcSpeedGainRight": 1.4133, "car_lcSublane": 0.4997, "car_sigma": 0.9565, "car_tau_mean": 2.7218, "car_tau_std": 4.7525, "car_v_mean": 12.9262, "car_v_std": 3.4457}, "datetime": {"datetime": "2024-08-08 10:26:37", "elapsed": 1877.128935, "delta": 13.128948}}
{"target": -0.3396285446294049, "params": {"bus_acc": 2.5598, "bus_dcc": 3.1469, "bus_lcAssertive": 68.2392, "bus_lcCooperative": 0.007, "bus_lcLookaheadLeft": 20.2668, "bus_lcPushy": 0.5165, "bus_lcSigma": 0.9768, "bus_lcSpeedGainRight": 4.5782, "bus_lcSublane": 0.0416, "bus_sigma": 0.2828, "bus_tau_mean": 2.5376, "bus_tau_std": 1.0934, "bus_v_mean": 22.8301, "bus_v_std": 9.3171, "car_acc": 2.1053, "car_dcc": 1.4878, "car_lcAssertive": 87.0203, "car_lcCooperative": 0.347, "car_lcLookaheadLeft": 49.9646, "car_lcPushy": 0.9615, "car_lcSigma": 0.5905, "car_lcSpeedGainRight": 4.2046, "car_lcSublane": 0.2702, "car_sigma": 0.4183, "car_tau_mean": 1.4648, "car_tau_std": 4.7962, "car_v_mean": 18.8784, "car_v_std": 13.3544}, "datetime": {"datetime": "2024-08-08 10:26:59", "elapsed": 1899.090101, "delta": 21.961166}}
{"target": -0.2802892969585088, "params": {"bus_acc": 1.6975, "bus_dcc": 1.3602, "bus_lcAssertive": 28.9149, "bus_lcCooperative": 0.9962, "bus_lcLookaheadLeft": 34.9432, "bus_lcPushy": 0.793, "bus_lcSigma": 0.7076, "bus_lcSpeedGainRight": 4.3149, "bus_lcSublane": 0.5943, "bus_sigma": 0.2131, "bus_tau_mean": 1.8108, "bus_tau_std": 4.0573, "bus_v_mean": 8.0444, "bus_v_std": 8.4525, "car_acc": 1.857, "car_dcc": 1.1033, "car_lcAssertive": 26.5655, "car_lcCooperative": 0.3685, "car_lcLookaheadLeft": 86.7042, "car_lcPushy": 0.4863, "car_lcSigma": 0.7785, "car_lcSpeedGainRight": 1.4541, "car_lcSublane": 0.538, "car_sigma": 0.9956, "car_tau_mean": 2.7626, "car_tau_std": 4.7933, "car_v_mean": 12.9667, "car_v_std": 3.4865}, "datetime": {"datetime": "2024-08-08 10:27:02", "elapsed": 1902.158653, "delta": 3.068552}}
{"target": -0.3565750082892133, "params": {"bus_acc": 1.785, "bus_dcc": 3.4391, "bus_lcAssertive": 65.9579, "bus_lcCooperative": 0.572, "bus_lcLookaheadLeft": 20.1613, "bus_lcPushy": 0.2932, "bus_lcSigma": 0.3693, "bus_lcSpeedGainRight": 0.0956, "bus_lcSublane": 0.0938, "bus_sigma": 0.1375, "bus_tau_mean": 0.9351, "bus_tau_std": 8.8741, "bus_v_mean": 8.213, "bus_v_std": 15.4615, "car_acc": 2.7204, "car_dcc": 3.9814, "car_lcAssertive": 68.8742, "car_lcCooperative": 0.6156, "car_lcLookaheadLeft": 11.8358, "car_lcPushy": 0.9759, "car_lcSigma": 0.6311, "car_lcSpeedGainRight": 2.8331, "car_lcSublane": 0.571, "car_sigma": 0.9104, "car_tau_mean": 2.9115, "car_tau_std": 9.3275, "car_v_mean": 13.7317, "car_v_std": 16.3805}, "datetime": {"datetime": "2024-08-08 10:27:09", "elapsed": 1909.304188, "delta": 7.145535}}
