{"target": -0.2915594124822815, "params": {"bus_acc": 1.4813, "bus_dcc": 2.2845, "bus_lcAssertive": 51.1156, "bus_lcCooperative": 0.172, "bus_lcLookaheadLeft": 16.5013, "bus_lcPushy": 0.2009, "bus_lcSigma": 0.8611, "bus_lcSpeedGainRight": 2.7775, "bus_lcSublane": 0.1099, "bus_sigma": 0.3606, "bus_tau_mean": 2.2212, "bus_tau_std": 4.1247, "bus_v_mean": 17.7681, "bus_v_std": 16.9711, "car_acc": 2.3982, "car_dcc": 1.1105, "car_lcAssertive": 9.2596, "car_lcCooperative": 0.4111, "car_lcLookaheadLeft": 35.4464, "car_lcPushy": 0.4742, "car_lcSigma": 0.5717, "car_lcSpeedGainRight": 2.4843, "car_lcSublane": 0.5045, "car_sigma": 0.7433, "car_tau_mean": 3.9181, "car_tau_std": 1.0819, "car_v_mean": 15.8012, "car_v_std": 12.0734}, "datetime": {"datetime": "2024-08-08 18:57:16", "elapsed": 1244.701106, "delta": 9.920941}}
{"target": -0.3982268636174077, "params": {"bus_acc": 2.9543, "bus_dcc": 1.5004, "bus_lcAssertive": 89.1524, "bus_lcCooperative": 0.4669, "bus_lcLookaheadLeft": 30.0313, "bus_lcPushy": 0.6891, "bus_lcSigma": 0.6165, "bus_lcSpeedGainRight": 2.3207, "bus_lcSublane": 0.2294, "bus_sigma": 0.8825, "bus_tau_mean": 3.4936, "bus_tau_std": 6.5917, "bus_v_mean": 14.2672, "bus_v_std": 13.7533, "car_acc": 1.8267, "car_dcc": 3.5092, "car_lcAssertive": 49.509, "car_lcCooperative": 0.3182, "car_lcLookaheadLeft": 13.8679, "car_lcPushy": 0.6894, "car_lcSigma": 0.5165, "car_lcSpeedGainRight": 2.5255, "car_lcSublane": 0.1545, "car_sigma": 0.1837, "car_tau_mean": 1.9998, "car_tau_std": 4.154, "car_v_mean": 20.1939, "car_v_std": 1.2619}, "datetime": {"datetime": "2024-08-08 18:57:25", "elapsed": 1252.888051, "delta": 8.186945}}
{"target": -0.3211296216040634, "params": {"bus_acc": 2.7317, "bus_dcc": 1.4065, "bus_lcAssertive": 9.6199, "bus_lcCooperative": 0.6174, "bus_lcLookaheadLeft": 85.4933, "bus_lcPushy": 0.684, "bus_lcSigma": 0.1365, "bus_lcSpeedGainRight": 2.2876, "bus_lcSublane": 0.4336, "bus_sigma": 0.847, "bus_tau_mean": 1.5388, "bus_tau_std": 4.9309, "bus_v_mean": 12.5356, "bus_v_std": 6.9202, "car_acc": 2.1508, "car_dcc": 2.1787, "car_lcAssertive": 14.544, "car_lcCooperative": 0.2329, "car_lcLookaheadLeft": 66.1894, "car_lcPushy": 0.6465, "car_lcSigma": 0.5631, "car_lcSpeedGainRight": 3.5857, "car_lcSublane": 0.4923, "car_sigma": 0.659, "car_tau_mean": 2.1785, "car_tau_std": 4.243, "car_v_mean": 19.2742, "car_v_std": 2.3846}, "datetime": {"datetime": "2024-08-08 18:57:36", "elapsed": 1263.762259, "delta": 10.874208}}
{"target": -0.31285342731402993, "params": {"bus_acc": 1.0568, "bus_dcc": 2.4826, "bus_lcAssertive": 49.422, "bus_lcCooperative": 0.8635, "bus_lcLookaheadLeft": 29.9767, "bus_lcPushy": 0.1383, "bus_lcSigma": 0.694, "bus_lcSpeedGainRight": 3.0657, "bus_lcSublane": 0.0499, "bus_sigma": 0.9603, "bus_tau_mean": 1.2049, "bus_tau_std": 1.1346, "bus_v_mean": 9.9859, "bus_v_std": 11.8982, "car_acc": 1.7556, "car_dcc": 1.9309, "car_lcAssertive": 55.7274, "car_lcCooperative": 0.9211, "car_lcLookaheadLeft": 52.3891, "car_lcPushy": 0.6478, "car_lcSigma": 0.4278, "car_lcSpeedGainRight": 3.3279, "car_lcSublane": 0.7381, "car_sigma": 0.1739, "car_tau_mean": 1.1366, "car_tau_std": 7.6914, "car_v_mean": 21.0792, "car_v_std": 3.0536}, "datetime": {"datetime": "2024-08-08 18:57:43", "elapsed": 1271.105039, "delta": 7.34278}}
{"target": -0.347386069582428, "params": {"bus_acc": 2.5401, "bus_dcc": 2.9451, "bus_lcAssertive": 14.1796, "bus_lcCooperative": 0.5759, "bus_lcLookaheadLeft": 39.1588, "bus_lcPushy": 0.8991, "bus_lcSigma": 0.9995, "bus_lcSpeedGainRight": 2.9988, "bus_lcSublane": 0.0999, "bus_sigma": 0.4836, "bus_tau_mean": 3.7847, "bus_tau_std": 6.9621, "bus_v_mean": 21.8797, "bus_v_std": 7.0177, "car_acc": 1.846, "car_dcc": 3.1919, "car_lcAssertive": 41.2401, "car_lcCooperative": 0.4058, "car_lcLookaheadLeft": 51.7201, "car_lcPushy": 0.0164, "car_lcSigma": 0.6098, "car_lcSpeedGainRight": 0.6155, "car_lcSublane": 0.554, "car_sigma": 0.5961, "car_tau_mean": 3.1785, "car_tau_std": 8.1489, "car_v_mean": 22.0913, "car_v_std": 8.9888}, "datetime": {"datetime": "2024-08-08 18:57:56", "elapsed": 1284.576956, "delta": 13.471917}}
{"target": -0.31399470074750985, "params": {"bus_acc": 1.6407, "bus_dcc": 1.1771, "bus_lcAssertive": 21.1714, "bus_lcCooperative": 0.4559, "bus_lcLookaheadLeft": 3.5411, "bus_lcPushy": 0.6769, "bus_lcSigma": 0.022, "bus_lcSpeedGainRight": 4.3154, "bus_lcSublane": 0.76, "bus_sigma": 0.5375, "bus_tau_mean": 3.2183, "bus_tau_std": 5.2612, "bus_v_mean": 15.277, "bus_v_std": 11.5141, "car_acc": 2.6007, "car_dcc": 1.3553, "car_lcAssertive": 89.6748, "car_lcCooperative": 0.7605, "car_lcLookaheadLeft": 47.3729, "car_lcPushy": 0.3499, "car_lcSigma": 0.2692, "car_lcSpeedGainRight": 3.5931, "car_lcSublane": 0.9268, "car_sigma": 0.9301, "car_tau_mean": 1.5625, "car_tau_std": 6.8725, "car_v_mean": 17.4171, "car_v_std": 8.2122}, "datetime": {"datetime": "2024-08-08 18:58:03", "elapsed": 1291.237058, "delta": 6.660102}}
{"target": -0.35556861381790483, "params": {"bus_acc": 1.963, "bus_dcc": 1.4163, "bus_lcAssertive": 79.7305, "bus_lcCooperative": 0.2617, "bus_lcLookaheadLeft": 90.5295, "bus_lcPushy": 0.3779, "bus_lcSigma": 0.427, "bus_lcSpeedGainRight": 0.8429, "bus_lcSublane": 0.2375, "bus_sigma": 0.6383, "bus_tau_mean": 2.8606, "bus_tau_std": 6.8148, "bus_v_mean": 21.2492, "bus_v_std": 0.5796, "car_acc": 1.3241, "car_dcc": 2.8887, "car_lcAssertive": 26.4064, "car_lcCooperative": 0.3722, "car_lcLookaheadLeft": 62.4032, "car_lcPushy": 0.2965, "car_lcSigma": 0.1025, "car_lcSpeedGainRight": 2.5479, "car_lcSublane": 0.5611, "car_sigma": 0.0772, "car_tau_mean": 1.2262, "car_tau_std": 4.4773, "car_v_mean": 22.4659, "car_v_std": 11.5755}, "datetime": {"datetime": "2024-08-08 18:58:14", "elapsed": 1302.12557, "delta": 10.888512}}
{"target": -0.2907826900715633, "params": {"bus_acc": 1.8965, "bus_dcc": 2.5262, "bus_lcAssertive": 63.9974, "bus_lcCooperative": 0.6431, "bus_lcLookaheadLeft": 37.5263, "bus_lcPushy": 0.5376, "bus_lcSigma": 0.1107, "bus_lcSpeedGainRight": 0.0542, "bus_lcSublane": 0.8871, "bus_sigma": 0.2644, "bus_tau_mean": 1.4204, "bus_tau_std": 9.2262, "bus_v_mean": 10.5947, "bus_v_std": 15.2699, "car_acc": 2.6797, "car_dcc": 1.1594, "car_lcAssertive": 8.4104, "car_lcCooperative": 0.6154, "car_lcLookaheadLeft": 14.1566, "car_lcPushy": 0.0027, "car_lcSigma": 0.3564, "car_lcSpeedGainRight": 1.2787, "car_lcSublane": 0.64, "car_sigma": 0.5859, "car_tau_mean": 3.7499, "car_tau_std": 4.1514, "car_v_mean": 21.3901, "car_v_std": 15.4742}, "datetime": {"datetime": "2024-08-08 18:58:18", "elapsed": 1306.069883, "delta": 3.944313}}
{"target": -0.33267068584509657, "params": {"bus_acc": 3.3651, "bus_dcc": 2.5159, "bus_lcAssertive": 13.7652, "bus_lcCooperative": 0.6404, "bus_lcLookaheadLeft": 41.614, "bus_lcPushy": 0.7008, "bus_lcSigma": 0.5763, "bus_lcSpeedGainRight": 3.0954, "bus_lcSublane": 0.1419, "bus_sigma": 0.7908, "bus_tau_mean": 3.6188, "bus_tau_std": 5.4354, "bus_v_mean": 15.1819, "bus_v_std": 12.086, "car_acc": 3.0192, "car_dcc": 3.6333, "car_lcAssertive": 45.4137, "car_lcCooperative": 0.1188, "car_lcLookaheadLeft": 56.616, "car_lcPushy": 0.0343, "car_lcSigma": 0.0086, "car_lcSpeedGainRight": 3.1595, "car_lcSublane": 0.5488, "car_sigma": 0.9945, "car_tau_mean": 3.3097, "car_tau_std": 7.4614, "car_v_mean": 18.9812, "car_v_std": 3.069}, "datetime": {"datetime": "2024-08-08 18:58:24", "elapsed": 1312.08132, "delta": 6.011437}}
{"target": -0.30722629095524656, "params": {"bus_acc": 3.5865, "bus_dcc": 1.7491, "bus_lcAssertive": 41.0534, "bus_lcCooperative": 0.9587, "bus_lcLookaheadLeft": 93.5005, "bus_lcPushy": 0.54, "bus_lcSigma": 0.8167, "bus_lcSpeedGainRight": 0.3906, "bus_lcSublane": 0.2712, "bus_sigma": 0.1669, "bus_tau_mean": 3.2953, "bus_tau_std": 7.0557, "bus_v_mean": 16.4456, "bus_v_std": 8.5796, "car_acc": 2.384, "car_dcc": 1.5116, "car_lcAssertive": 25.7345, "car_lcCooperative": 0.6677, "car_lcLookaheadLeft": 27.7505, "car_lcPushy": 0.8095, "car_lcSigma": 0.7991, "car_lcSpeedGainRight": 3.9382, "car_lcSublane": 0.7941, "car_sigma": 0.7369, "car_tau_mean": 1.7568, "car_tau_std": 4.0337, "car_v_mean": 9.0801, "car_v_std": 5.8938}, "datetime": {"datetime": "2024-08-08 18:58:30", "elapsed": 1318.095292, "delta": 6.013972}}
{"target": -0.2874437819955385, "params": {"bus_acc": 3.8156, "bus_dcc": 3.7225, "bus_lcAssertive": 87.5475, "bus_lcCooperative": 0.6066, "bus_lcLookaheadLeft": 70.0083, "bus_lcPushy": 0.6806, "bus_lcSigma": 0.973, "bus_lcSpeedGainRight": 1.7418, "bus_lcSublane": 0.8406, "bus_sigma": 0.0465, "bus_tau_mean": 2.8494, "bus_tau_std": 2.2213, "bus_v_mean": 8.6038, "bus_v_std": 10.1214, "car_acc": 2.9743, "car_dcc": 2.4992, "car_lcAssertive": 26.6141, "car_lcCooperative": 0.509, "car_lcLookaheadLeft": 66.7429, "car_lcPushy": 0.8162, "car_lcSigma": 0.9195, "car_lcSpeedGainRight": 4.1881, "car_lcSublane": 0.1025, "car_sigma": 0.5776, "car_tau_mean": 2.7145, "car_tau_std": 2.8224, "car_v_mean": 16.6863, "car_v_std": 5.3272}, "datetime": {"datetime": "2024-08-08 18:58:34", "elapsed": 1322.731204, "delta": 4.635912}}
{"target": -0.3006231595253142, "params": {"bus_acc": 3.1914, "bus_dcc": 2.661, "bus_lcAssertive": 48.1606, "bus_lcCooperative": 0.2357, "bus_lcLookaheadLeft": 8.068, "bus_lcPushy": 0.7186, "bus_lcSigma": 0.7474, "bus_lcSpeedGainRight": 1.8443, "bus_lcSublane": 0.7575, "bus_sigma": 0.2355, "bus_tau_mean": 2.0273, "bus_tau_std": 3.8677, "bus_v_mean": 17.6639, "bus_v_std": 9.2754, "car_acc": 2.8048, "car_dcc": 1.6157, "car_lcAssertive": 15.8122, "car_lcCooperative": 0.1446, "car_lcLookaheadLeft": 37.2391, "car_lcPushy": 0.3002, "car_lcSigma": 0.6812, "car_lcSpeedGainRight": 1.5767, "car_lcSublane": 0.5696, "car_sigma": 0.4687, "car_tau_mean": 2.9942, "car_tau_std": 4.4387, "car_v_mean": 17.2289, "car_v_std": 8.8056}, "datetime": {"datetime": "2024-08-08 18:58:40", "elapsed": 1328.089088, "delta": 5.357884}}
{"target": -0.33553376246640054, "params": {"bus_acc": 2.0003, "bus_dcc": 2.2457, "bus_lcAssertive": 43.0851, "bus_lcCooperative": 0.1192, "bus_lcLookaheadLeft": 10.0569, "bus_lcPushy": 0.6813, "bus_lcSigma": 0.902, "bus_lcSpeedGainRight": 2.8628, "bus_lcSublane": 0.2128, "bus_sigma": 0.3164, "bus_tau_mean": 3.99, "bus_tau_std": 3.6683, "bus_v_mean": 20.9525, "bus_v_std": 12.3406, "car_acc": 1.8531, "car_dcc": 1.6309, "car_lcAssertive": 6.2199, "car_lcCooperative": 0.2966, "car_lcLookaheadLeft": 33.8169, "car_lcPushy": 0.839, "car_lcSigma": 0.9036, "car_lcSpeedGainRight": 3.9344, "car_lcSublane": 0.4408, "car_sigma": 0.4699, "car_tau_mean": 2.6516, "car_tau_std": 4.9203, "car_v_mean": 14.3167, "car_v_std": 9.9209}, "datetime": {"datetime": "2024-08-08 18:58:46", "elapsed": 1334.376832, "delta": 6.287744}}
{"target": -0.29474718817079076, "params": {"bus_acc": 2.9171, "bus_dcc": 2.4165, "bus_lcAssertive": 1.3212, "bus_lcCooperative": 0.0002, "bus_lcLookaheadLeft": 18.6023, "bus_lcPushy": 0.5276, "bus_lcSigma": 0.2086, "bus_lcSpeedGainRight": 4.4226, "bus_lcSublane": 0.5444, "bus_sigma": 0.858, "bus_tau_mean": 2.357, "bus_tau_std": 9.3829, "bus_v_mean": 11.3346, "bus_v_std": 19.9455, "car_acc": 1.4746, "car_dcc": 3.0653, "car_lcAssertive": 43.1708, "car_lcCooperative": 0.9864, "car_lcLookaheadLeft": 16.8759, "car_lcPushy": 0.4393, "car_lcSigma": 0.0095, "car_lcSpeedGainRight": 3.9971, "car_lcSublane": 0.8665, "car_sigma": 0.895, "car_tau_mean": 1.9074, "car_tau_std": 2.7543, "car_v_mean": 11.953, "car_v_std": 1.5464}, "datetime": {"datetime": "2024-08-08 18:58:51", "elapsed": 1339.353128, "delta": 4.976296}}
{"target": -0.35750738098051144, "params": {"bus_acc": 1.6784, "bus_dcc": 3.9024, "bus_lcAssertive": 19.7258, "bus_lcCooperative": 0.5626, "bus_lcLookaheadLeft": 44.1927, "bus_lcPushy": 0.9584, "bus_lcSigma": 0.5058, "bus_lcSpeedGainRight": 3.3471, "bus_lcSublane": 0.1122, "bus_sigma": 0.2324, "bus_tau_mean": 0.6828, "bus_tau_std": 9.433, "bus_v_mean": 12.2461, "bus_v_std": 12.1136, "car_acc": 2.6889, "car_dcc": 3.9471, "car_lcAssertive": 39.127, "car_lcCooperative": 0.1152, "car_lcLookaheadLeft": 61.3031, "car_lcPushy": 0.6334, "car_lcSigma": 0.0673, "car_lcSpeedGainRight": 4.277, "car_lcSublane": 0.1632, "car_sigma": 0.174, "car_tau_mean": 0.8355, "car_tau_std": 7.5931, "car_v_mean": 11.8175, "car_v_std": 6.9192}, "datetime": {"datetime": "2024-08-08 18:58:57", "elapsed": 1345.157548, "delta": 5.80442}}
{"target": -0.46161055065607326, "params": {"bus_acc": 1.8437, "bus_dcc": 2.3109, "bus_lcAssertive": 22.9208, "bus_lcCooperative": 0.1143, "bus_lcLookaheadLeft": 50.5029, "bus_lcPushy": 0.3085, "bus_lcSigma": 0.9917, "bus_lcSpeedGainRight": 0.6187, "bus_lcSublane": 0.6131, "bus_sigma": 0.8545, "bus_tau_mean": 1.162, "bus_tau_std": 4.6507, "bus_v_mean": 16.7401, "bus_v_std": 2.6187, "car_acc": 2.5872, "car_dcc": 2.8119, "car_lcAssertive": 51.3193, "car_lcCooperative": 0.5685, "car_lcLookaheadLeft": 19.3086, "car_lcPushy": 0.5825, "car_lcSigma": 0.0785, "car_lcSpeedGainRight": 1.7886, "car_lcSublane": 0.1347, "car_sigma": 0.4639, "car_tau_mean": 0.5171, "car_tau_std": 0.1907, "car_v_mean": 20.6989, "car_v_std": 3.0015}, "datetime": {"datetime": "2024-08-08 18:59:01", "elapsed": 1349.576618, "delta": 4.41907}}
{"target": -0.33057311534573164, "params": {"bus_acc": 1.312, "bus_dcc": 1.3581, "bus_lcAssertive": 9.8589, "bus_lcCooperative": 0.8535, "bus_lcLookaheadLeft": 41.0366, "bus_lcPushy": 0.343, "bus_lcSigma": 0.8609, "bus_lcSpeedGainRight": 2.0262, "bus_lcSublane": 0.8645, "bus_sigma": 0.1062, "bus_tau_mean": 1.9322, "bus_tau_std": 6.5793, "bus_v_mean": 18.1585, "bus_v_std": 10.2921, "car_acc": 1.5284, "car_dcc": 3.924, "car_lcAssertive": 40.9156, "car_lcCooperative": 0.1828, "car_lcLookaheadLeft": 58.6769, "car_lcPushy": 0.1467, "car_lcSigma": 0.5275, "car_lcSpeedGainRight": 2.9085, "car_lcSublane": 0.0522, "car_sigma": 0.8052, "car_tau_mean": 1.1871, "car_tau_std": 5.6266, "car_v_mean": 23.9259, "car_v_std": 7.0766}, "datetime": {"datetime": "2024-08-08 18:59:07", "elapsed": 1354.90959, "delta": 5.332972}}
{"target": -0.33927434500807857, "params": {"bus_acc": 3.6318, "bus_dcc": 2.3942, "bus_lcAssertive": 75.9329, "bus_lcCooperative": 0.2634, "bus_lcLookaheadLeft": 73.4049, "bus_lcPushy": 0.9191, "bus_lcSigma": 0.6934, "bus_lcSpeedGainRight": 1.2297, "bus_lcSublane": 0.6834, "bus_sigma": 0.4535, "bus_tau_mean": 1.2711, "bus_tau_std": 2.8807, "bus_v_mean": 15.7648, "bus_v_std": 4.2363, "car_acc": 2.0407, "car_dcc": 2.407, "car_lcAssertive": 12.1801, "car_lcCooperative": 0.5701, "car_lcLookaheadLeft": 58.1854, "car_lcPushy": 0.4754, "car_lcSigma": 0.8202, "car_lcSpeedGainRight": 3.1781, "car_lcSublane": 0.2685, "car_sigma": 0.2242, "car_tau_mean": 3.5666, "car_tau_std": 9.8719, "car_v_mean": 22.5592, "car_v_std": 9.1676}, "datetime": {"datetime": "2024-08-08 18:59:12", "elapsed": 1360.195165, "delta": 5.285575}}
{"target": -0.30706338440067404, "params": {"bus_acc": 3.4219, "bus_dcc": 1.2841, "bus_lcAssertive": 72.7192, "bus_lcCooperative": 0.7818, "bus_lcLookaheadLeft": 13.062, "bus_lcPushy": 0.0829, "bus_lcSigma": 0.4053, "bus_lcSpeedGainRight": 2.0892, "bus_lcSublane": 0.8425, "bus_sigma": 0.7992, "bus_tau_mean": 3.493, "bus_tau_std": 5.7372, "bus_v_mean": 18.9064, "bus_v_std": 2.0543, "car_acc": 2.0048, "car_dcc": 1.6336, "car_lcAssertive": 76.695, "car_lcCooperative": 0.6025, "car_lcLookaheadLeft": 55.3555, "car_lcPushy": 0.1915, "car_lcSigma": 0.2749, "car_lcSpeedGainRight": 4.4131, "car_lcSublane": 0.3769, "car_sigma": 0.431, "car_tau_mean": 3.2172, "car_tau_std": 5.8395, "car_v_mean": 9.0602, "car_v_std": 19.5503}, "datetime": {"datetime": "2024-08-08 18:59:18", "elapsed": 1366.254875, "delta": 6.05971}}
{"target": -0.32784867594015665, "params": {"bus_acc": 2.9632, "bus_dcc": 3.8011, "bus_lcAssertive": 48.4887, "bus_lcCooperative": 0.2884, "bus_lcLookaheadLeft": 15.4889, "bus_lcPushy": 0.4867, "bus_lcSigma": 0.9837, "bus_lcSpeedGainRight": 1.8914, "bus_lcSublane": 0.9507, "bus_sigma": 0.2261, "bus_tau_mean": 3.539, "bus_tau_std": 0.7079, "bus_v_mean": 16.5029, "bus_v_std": 12.6263, "car_acc": 3.143, "car_dcc": 3.0565, "car_lcAssertive": 17.7053, "car_lcCooperative": 0.7327, "car_lcLookaheadLeft": 31.3372, "car_lcPushy": 0.0162, "car_lcSigma": 0.9295, "car_lcSpeedGainRight": 1.2858, "car_lcSublane": 0.6895, "car_sigma": 0.6534, "car_tau_mean": 2.3264, "car_tau_std": 6.373, "car_v_mean": 10.1269, "car_v_std": 6.2668}, "datetime": {"datetime": "2024-08-08 18:59:21", "elapsed": 1368.979977, "delta": 2.725102}}
{"target": -0.2775957724153936, "params": {"bus_acc": 1.4101, "bus_dcc": 1.4212, "bus_lcAssertive": 42.0308, "bus_lcCooperative": 0.6119, "bus_lcLookaheadLeft": 99.4764, "bus_lcPushy": 0.0763, "bus_lcSigma": 0.4389, "bus_lcSpeedGainRight": 1.7489, "bus_lcSublane": 0.7072, "bus_sigma": 0.7902, "bus_tau_mean": 2.5551, "bus_tau_std": 8.0731, "bus_v_mean": 20.2737, "bus_v_std": 9.6364, "car_acc": 3.6078, "car_dcc": 2.8823, "car_lcAssertive": 26.935, "car_lcCooperative": 0.4014, "car_lcLookaheadLeft": 23.922, "car_lcPushy": 0.029, "car_lcSigma": 0.5461, "car_lcSpeedGainRight": 0.0426, "car_lcSublane": 0.6553, "car_sigma": 0.1752, "car_tau_mean": 0.6459, "car_tau_std": 4.8423, "car_v_mean": 11.1811, "car_v_std": 0.8437}, "datetime": {"datetime": "2024-08-08 18:59:25", "elapsed": 1373.677493, "delta": 4.697516}}
{"target": -0.3331175728694717, "params": {"bus_acc": 2.7758, "bus_dcc": 3.9327, "bus_lcAssertive": 61.8507, "bus_lcCooperative": 0.5889, "bus_lcLookaheadLeft": 50.9174, "bus_lcPushy": 0.2188, "bus_lcSigma": 0.8068, "bus_lcSpeedGainRight": 4.1824, "bus_lcSublane": 0.8765, "bus_sigma": 0.601, "bus_tau_mean": 1.8066, "bus_tau_std": 6.1509, "bus_v_mean": 21.8745, "bus_v_std": 2.7689, "car_acc": 2.532, "car_dcc": 3.4535, "car_lcAssertive": 15.8702, "car_lcCooperative": 0.8979, "car_lcLookaheadLeft": 43.3969, "car_lcPushy": 0.613, "car_lcSigma": 0.6712, "car_lcSpeedGainRight": 1.4456, "car_lcSublane": 0.5386, "car_sigma": 0.7396, "car_tau_mean": 0.6868, "car_tau_std": 5.6944, "car_v_mean": 20.0849, "car_v_std": 19.636}, "datetime": {"datetime": "2024-08-08 18:59:30", "elapsed": 1378.53193, "delta": 4.854437}}
{"target": -0.3313135186066696, "params": {"bus_acc": 3.0814, "bus_dcc": 3.8054, "bus_lcAssertive": 36.7076, "bus_lcCooperative": 0.6875, "bus_lcLookaheadLeft": 92.3976, "bus_lcPushy": 0.9108, "bus_lcSigma": 0.2912, "bus_lcSpeedGainRight": 4.8382, "bus_lcSublane": 0.2582, "bus_sigma": 0.7923, "bus_tau_mean": 2.069, "bus_tau_std": 1.6958, "bus_v_mean": 17.5742, "bus_v_std": 4.2962, "car_acc": 3.5415, "car_dcc": 3.5573, "car_lcAssertive": 24.7889, "car_lcCooperative": 0.9989, "car_lcLookaheadLeft": 24.3713, "car_lcPushy": 0.3405, "car_lcSigma": 0.3112, "car_lcSpeedGainRight": 1.7566, "car_lcSublane": 0.5066, "car_sigma": 0.7755, "car_tau_mean": 1.2402, "car_tau_std": 8.0776, "car_v_mean": 8.5598, "car_v_std": 5.6372}, "datetime": {"datetime": "2024-08-08 18:59:32", "elapsed": 1380.377294, "delta": 1.845364}}
{"target": -0.32390826764499797, "params": {"bus_acc": 2.4636, "bus_dcc": 3.4949, "bus_lcAssertive": 50.4077, "bus_lcCooperative": 0.3926, "bus_lcLookaheadLeft": 14.2582, "bus_lcPushy": 0.4226, "bus_lcSigma": 0.7957, "bus_lcSpeedGainRight": 3.8698, "bus_lcSublane": 0.2892, "bus_sigma": 0.6564, "bus_tau_mean": 3.6963, "bus_tau_std": 5.7073, "bus_v_mean": 18.9413, "bus_v_std": 13.3933, "car_acc": 1.7804, "car_dcc": 2.4316, "car_lcAssertive": 13.5487, "car_lcCooperative": 0.5936, "car_lcLookaheadLeft": 32.0032, "car_lcPushy": 0.892, "car_lcSigma": 0.4232, "car_lcSpeedGainRight": 3.8529, "car_lcSublane": 0.3219, "car_sigma": 0.817, "car_tau_mean": 3.3818, "car_tau_std": 6.3112, "car_v_mean": 16.1525, "car_v_std": 10.3838}, "datetime": {"datetime": "2024-08-08 18:59:39", "elapsed": 1386.762403, "delta": 6.385109}}
{"target": -0.3250426431762206, "params": {"bus_acc": 2.162, "bus_dcc": 1.5365, "bus_lcAssertive": 21.4226, "bus_lcCooperative": 0.4785, "bus_lcLookaheadLeft": 96.0364, "bus_lcPushy": 0.7543, "bus_lcSigma": 0.1529, "bus_lcSpeedGainRight": 2.876, "bus_lcSublane": 0.2063, "bus_sigma": 0.7674, "bus_tau_mean": 0.8839, "bus_tau_std": 1.5087, "bus_v_mean": 17.5521, "bus_v_std": 17.5267, "car_acc": 2.3814, "car_dcc": 2.3595, "car_lcAssertive": 76.6484, "car_lcCooperative": 0.6312, "car_lcLookaheadLeft": 66.4161, "car_lcPushy": 0.6141, "car_lcSigma": 0.7854, "car_lcSpeedGainRight": 3.8588, "car_lcSublane": 0.768, "car_sigma": 0.3663, "car_tau_mean": 1.414, "car_tau_std": 6.4101, "car_v_mean": 16.8755, "car_v_std": 3.1902}, "datetime": {"datetime": "2024-08-08 18:59:49", "elapsed": 1397.374108, "delta": 10.611705}}
{"target": -0.3065291829138201, "params": {"bus_acc": 1.3488, "bus_dcc": 1.518, "bus_lcAssertive": 45.3289, "bus_lcCooperative": 0.7244, "bus_lcLookaheadLeft": 29.5513, "bus_lcPushy": 0.1597, "bus_lcSigma": 0.7156, "bus_lcSpeedGainRight": 3.624, "bus_lcSublane": 0.6412, "bus_sigma": 0.6588, "bus_tau_mean": 3.8776, "bus_tau_std": 1.5441, "bus_v_mean": 13.5926, "bus_v_std": 8.1587, "car_acc": 2.3798, "car_dcc": 1.2043, "car_lcAssertive": 58.6267, "car_lcCooperative": 0.7539, "car_lcLookaheadLeft": 54.8731, "car_lcPushy": 0.5956, "car_lcSigma": 0.9387, "car_lcSpeedGainRight": 4.0545, "car_lcSublane": 0.526, "car_sigma": 0.4124, "car_tau_mean": 1.7146, "car_tau_std": 9.445, "car_v_mean": 23.0675, "car_v_std": 12.0722}, "datetime": {"datetime": "2024-08-08 18:59:54", "elapsed": 1402.128655, "delta": 4.754547}}
