{"target": -0.29507934529873187, "params": {"bus_acc": 3.7988, "bus_dcc": 1.1188, "bus_lcAssertive": 90.3562, "bus_lcCooperative": 0.4953, "bus_lcLookaheadLeft": 51.6858, "bus_lcPushy": 0.6378, "bus_lcSigma": 0.8413, "bus_lcSpeedGainRight": 1.9343, "bus_lcSublane": 0.8988, "bus_sigma": 0.5211, "bus_tau_mean": 2.0573, "bus_tau_std": 6.2477, "bus_v_mean": 21.9229, "bus_v_std": 8.2718, "car_acc": 3.3014, "car_dcc": 1.2421, "car_lcAssertive": 23.8354, "car_lcCooperative": 0.4011, "car_lcLookaheadLeft": 32.425, "car_lcPushy": 0.3373, "car_lcSigma": 0.7068, "car_lcSpeedGainRight": 4.3074, "car_lcSublane": 0.7889, "car_sigma": 0.7884, "car_tau_mean": 0.7195, "car_tau_std": 3.3248, "car_v_mean": 18.4652, "car_v_std": 17.1711}, "datetime": {"datetime": "2024-08-08 17:47:35", "elapsed": 1440.234828, "delta": 2.001781}}
{"target": -0.3254915318802983, "params": {"bus_acc": 2.6435, "bus_dcc": 2.5375, "bus_lcAssertive": 96.8658, "bus_lcCooperative": 0.3003, "bus_lcLookaheadLeft": 9.1177, "bus_lcPushy": 0.5789, "bus_lcSigma": 0.1646, "bus_lcSpeedGainRight": 2.7915, "bus_lcSublane": 0.7178, "bus_sigma": 0.1926, "bus_tau_mean": 3.0227, "bus_tau_std": 4.5834, "bus_v_mean": 17.7508, "bus_v_std": 13.6858, "car_acc": 1.3732, "car_dcc": 1.8838, "car_lcAssertive": 70.6887, "car_lcCooperative": 0.272, "car_lcLookaheadLeft": 89.3348, "car_lcPushy": 0.8891, "car_lcSigma": 0.7967, "car_lcSpeedGainRight": 2.1988, "car_lcSublane": 0.4135, "car_sigma": 0.3551, "car_tau_mean": 0.6414, "car_tau_std": 0.592, "car_v_mean": 18.8618, "car_v_std": 10.5311}, "datetime": {"datetime": "2024-08-08 17:47:38", "elapsed": 1443.456175, "delta": 3.221347}}
{"target": -0.303812569927247, "params": {"bus_acc": 3.0817, "bus_dcc": 3.5881, "bus_lcAssertive": 10.5501, "bus_lcCooperative": 0.94, "bus_lcLookaheadLeft": 85.8206, "bus_lcPushy": 0.3701, "bus_lcSigma": 0.5367, "bus_lcSpeedGainRight": 2.2808, "bus_lcSublane": 0.7236, "bus_sigma": 0.3544, "bus_tau_mean": 1.3422, "bus_tau_std": 3.0095, "bus_v_mean": 12.6875, "bus_v_std": 8.2684, "car_acc": 2.5156, "car_dcc": 1.5379, "car_lcAssertive": 15.2012, "car_lcCooperative": 0.2332, "car_lcLookaheadLeft": 63.7651, "car_lcPushy": 0.4224, "car_lcSigma": 0.5502, "car_lcSpeedGainRight": 2.802, "car_lcSublane": 0.0334, "car_sigma": 0.7016, "car_tau_mean": 2.2361, "car_tau_std": 4.0723, "car_v_mean": 19.4665, "car_v_std": 3.3138}, "datetime": {"datetime": "2024-08-08 17:47:40", "elapsed": 1445.452112, "delta": 1.995937}}
{"target": -0.32851630088302, "params": {"bus_acc": 1.6946, "bus_dcc": 3.3285, "bus_lcAssertive": 4.823, "bus_lcCooperative": 0.7959, "bus_lcLookaheadLeft": 49.941, "bus_lcPushy": 0.5414, "bus_lcSigma": 0.457, "bus_lcSpeedGainRight": 4.5421, "bus_lcSublane": 0.4986, "bus_sigma": 0.1472, "bus_tau_mean": 3.2371, "bus_tau_std": 7.3074, "bus_v_mean": 21.3113, "bus_v_std": 17.314, "car_acc": 2.4099, "car_dcc": 3.9352, "car_lcAssertive": 30.7415, "car_lcCooperative": 0.1925, "car_lcLookaheadLeft": 88.3012, "car_lcPushy": 0.8481, "car_lcSigma": 0.8451, "car_lcSpeedGainRight": 0.0263, "car_lcSublane": 0.6524, "car_sigma": 0.8963, "car_tau_mean": 3.1404, "car_tau_std": 0.1909, "car_v_mean": 11.0977, "car_v_std": 16.4056}, "datetime": {"datetime": "2024-08-08 17:47:54", "elapsed": 1459.443024, "delta": 13.990912}}
{"target": -0.28637795988869735, "params": {"bus_acc": 1.2496, "bus_dcc": 2.0072, "bus_lcAssertive": 78.0037, "bus_lcCooperative": 0.6617, "bus_lcLookaheadLeft": 26.7138, "bus_lcPushy": 0.6143, "bus_lcSigma": 0.5534, "bus_lcSpeedGainRight": 2.9024, "bus_lcSublane": 0.473, "bus_sigma": 0.5158, "bus_tau_mean": 1.6154, "bus_tau_std": 3.8964, "bus_v_mean": 10.5185, "bus_v_std": 11.7795, "car_acc": 3.5103, "car_dcc": 2.7286, "car_lcAssertive": 5.5436, "car_lcCooperative": 0.3803, "car_lcLookaheadLeft": 14.1082, "car_lcPushy": 0.4668, "car_lcSigma": 0.9152, "car_lcSpeedGainRight": 2.3606, "car_lcSublane": 0.4514, "car_sigma": 0.6522, "car_tau_mean": 3.5808, "car_tau_std": 3.3215, "car_v_mean": 19.244, "car_v_std": 16.5108}, "datetime": {"datetime": "2024-08-08 17:47:55", "elapsed": 1460.713012, "delta": 1.269988}}
{"target": -0.3585692949023013, "params": {"bus_acc": 2.0833, "bus_dcc": 1.1614, "bus_lcAssertive": 7.2463, "bus_lcCooperative": 0.2706, "bus_lcLookaheadLeft": 69.1162, "bus_lcPushy": 0.7863, "bus_lcSigma": 0.042, "bus_lcSpeedGainRight": 2.7095, "bus_lcSublane": 0.5578, "bus_sigma": 0.0501, "bus_tau_mean": 1.7955, "bus_tau_std": 8.7642, "bus_v_mean": 20.1807, "bus_v_std": 7.453, "car_acc": 1.4325, "car_dcc": 2.6502, "car_lcAssertive": 46.4541, "car_lcCooperative": 0.2251, "car_lcLookaheadLeft": 16.3991, "car_lcPushy": 0.1564, "car_lcSigma": 0.3844, "car_lcSpeedGainRight": 0.8526, "car_lcSublane": 0.0363, "car_sigma": 0.4312, "car_tau_mean": 3.4698, "car_tau_std": 5.9524, "car_v_mean": 10.4957, "car_v_std": 12.817}, "datetime": {"datetime": "2024-08-08 17:47:59", "elapsed": 1464.120221, "delta": 3.407209}}
{"target": -0.31149072407463874, "params": {"bus_acc": 1.9784, "bus_dcc": 2.0222, "bus_lcAssertive": 82.629, "bus_lcCooperative": 0.7545, "bus_lcLookaheadLeft": 73.789, "bus_lcPushy": 0.2626, "bus_lcSigma": 0.3644, "bus_lcSpeedGainRight": 2.6407, "bus_lcSublane": 0.7352, "bus_sigma": 0.3589, "bus_tau_mean": 2.3758, "bus_tau_std": 3.4161, "bus_v_mean": 21.8641, "bus_v_std": 19.5821, "car_acc": 1.9005, "car_dcc": 1.2213, "car_lcAssertive": 82.5207, "car_lcCooperative": 0.5282, "car_lcLookaheadLeft": 30.3622, "car_lcPushy": 0.5749, "car_lcSigma": 0.7375, "car_lcSpeedGainRight": 0.3048, "car_lcSublane": 0.4348, "car_sigma": 0.3597, "car_tau_mean": 1.4634, "car_tau_std": 3.1771, "car_v_mean": 13.5581, "car_v_std": 10.5485}, "datetime": {"datetime": "2024-08-08 17:48:00", "elapsed": 1465.730778, "delta": 1.610557}}
{"target": -0.26978513763752804, "params": {"bus_acc": 2.0823, "bus_dcc": 2.3545, "bus_lcAssertive": 40.6268, "bus_lcCooperative": 0.4299, "bus_lcLookaheadLeft": 25.5599, "bus_lcPushy": 0.1304, "bus_lcSigma": 0.6123, "bus_lcSpeedGainRight": 3.9434, "bus_lcSublane": 0.8948, "bus_sigma": 0.9626, "bus_tau_mean": 3.7477, "bus_tau_std": 5.7237, "bus_v_mean": 20.4835, "bus_v_std": 10.9146, "car_acc": 1.2639, "car_dcc": 1.45, "car_lcAssertive": 51.3885, "car_lcCooperative": 0.6392, "car_lcLookaheadLeft": 15.4097, "car_lcPushy": 0.9225, "car_lcSigma": 0.9019, "car_lcSpeedGainRight": 4.9677, "car_lcSublane": 0.2914, "car_sigma": 0.5498, "car_tau_mean": 2.306, "car_tau_std": 3.5433, "car_v_mean": 9.6293, "car_v_std": 0.3944}, "datetime": {"datetime": "2024-08-08 17:48:02", "elapsed": 1468.014939, "delta": 2.284161}}
{"target": -0.30232339082929177, "params": {"bus_acc": 1.2739, "bus_dcc": 2.0921, "bus_lcAssertive": 77.999, "bus_lcCooperative": 0.664, "bus_lcLookaheadLeft": 26.5919, "bus_lcPushy": 0.6006, "bus_lcSigma": 0.5661, "bus_lcSpeedGainRight": 2.9593, "bus_lcSublane": 0.4308, "bus_sigma": 0.5026, "bus_tau_mean": 1.6919, "bus_tau_std": 3.9278, "bus_v_mean": 10.4288, "bus_v_std": 12.059, "car_acc": 3.4859, "car_dcc": 2.7358, "car_lcAssertive": 5.2845, "car_lcCooperative": 0.3794, "car_lcLookaheadLeft": 13.8274, "car_lcPushy": 0.4646, "car_lcSigma": 0.9105, "car_lcSpeedGainRight": 2.4935, "car_lcSublane": 0.4628, "car_sigma": 0.6498, "car_tau_mean": 3.5935, "car_tau_std": 3.3762, "car_v_mean": 19.0744, "car_v_std": 16.3496}, "datetime": {"datetime": "2024-08-08 17:48:06", "elapsed": 1471.353741, "delta": 3.338802}}
{"target": -0.291657526777834, "params": {"bus_acc": 4.2964, "bus_dcc": 1.2915, "bus_lcAssertive": 32.7224, "bus_lcCooperative": 0.6706, "bus_lcLookaheadLeft": 63.1884, "bus_lcPushy": 0.5081, "bus_lcSigma": 0.4103, "bus_lcSpeedGainRight": 0.796, "bus_lcSublane": 0.5314, "bus_sigma": 0.2501, "bus_tau_mean": 2.4674, "bus_tau_std": 4.1023, "bus_v_mean": 14.9451, "bus_v_std": 4.2209, "car_acc": 2.2536, "car_dcc": 1.5483, "car_lcAssertive": 25.2829, "car_lcCooperative": 0.2502, "car_lcLookaheadLeft": 19.1673, "car_lcPushy": 0.3803, "car_lcSigma": 0.4098, "car_lcSpeedGainRight": 2.0006, "car_lcSublane": 0.3464, "car_sigma": 0.1197, "car_tau_mean": 1.0779, "car_tau_std": 8.7411, "car_v_mean": 19.0133, "car_v_std": 18.4113}, "datetime": {"datetime": "2024-08-08 17:48:10", "elapsed": 1475.523171, "delta": 4.16943}}
{"target": -0.285418158892847, "params": {"bus_acc": 2.041, "bus_dcc": 3.53, "bus_lcAssertive": 93.9419, "bus_lcCooperative": 0.8586, "bus_lcLookaheadLeft": 85.6919, "bus_lcPushy": 0.1905, "bus_lcSigma": 0.6989, "bus_lcSpeedGainRight": 0.7938, "bus_lcSublane": 0.3364, "bus_sigma": 0.32, "bus_tau_mean": 3.1468, "bus_tau_std": 6.6625, "bus_v_mean": 15.065, "bus_v_std": 5.168, "car_acc": 2.7624, "car_dcc": 1.246, "car_lcAssertive": 77.3605, "car_lcCooperative": 0.7877, "car_lcLookaheadLeft": 66.1237, "car_lcPushy": 0.5129, "car_lcSigma": 0.0555, "car_lcSpeedGainRight": 2.1396, "car_lcSublane": 0.2218, "car_sigma": 0.8048, "car_tau_mean": 1.7879, "car_tau_std": 9.3204, "car_v_mean": 21.5823, "car_v_std": 16.6269}, "datetime": {"datetime": "2024-08-08 17:48:34", "elapsed": 1499.15325, "delta": 23.630079}}
{"target": -0.28933595073553714, "params": {"bus_acc": 3.7228, "bus_dcc": 1.5872, "bus_lcAssertive": 77.7999, "bus_lcCooperative": 0.4562, "bus_lcLookaheadLeft": 32.6333, "bus_lcPushy": 0.4494, "bus_lcSigma": 0.568, "bus_lcSpeedGainRight": 3.0416, "bus_lcSublane": 0.6919, "bus_sigma": 0.7816, "bus_tau_mean": 3.2957, "bus_tau_std": 9.6439, "bus_v_mean": 13.4929, "bus_v_std": 16.7329, "car_acc": 3.0428, "car_dcc": 1.961, "car_lcAssertive": 96.1282, "car_lcCooperative": 0.7564, "car_lcLookaheadLeft": 92.323, "car_lcPushy": 0.0371, "car_lcSigma": 0.1169, "car_lcSpeedGainRight": 0.2154, "car_lcSublane": 0.883, "car_sigma": 0.6032, "car_tau_mean": 3.9836, "car_tau_std": 7.334, "car_v_mean": 9.3262, "car_v_std": 19.9688}, "datetime": {"datetime": "2024-08-08 17:48:41", "elapsed": 1506.977511, "delta": 7.824261}}
{"target": -0.30944482977439464, "params": {"bus_acc": 1.0822, "bus_dcc": 3.0127, "bus_lcAssertive": 9.5248, "bus_lcCooperative": 0.4695, "bus_lcLookaheadLeft": 55.9273, "bus_lcPushy": 0.3764, "bus_lcSigma": 0.7014, "bus_lcSpeedGainRight": 3.679, "bus_lcSublane": 0.49, "bus_sigma": 0.5702, "bus_tau_mean": 2.1916, "bus_tau_std": 6.85, "bus_v_mean": 21.9048, "bus_v_std": 4.1764, "car_acc": 4.8011, "car_dcc": 1.725, "car_lcAssertive": 92.1001, "car_lcCooperative": 0.9261, "car_lcLookaheadLeft": 50.0709, "car_lcPushy": 0.3301, "car_lcSigma": 0.2901, "car_lcSpeedGainRight": 2.729, "car_lcSublane": 0.228, "car_sigma": 0.8058, "car_tau_mean": 1.5042, "car_tau_std": 9.8534, "car_v_mean": 15.7474, "car_v_std": 8.2024}, "datetime": {"datetime": "2024-08-08 17:48:44", "elapsed": 1509.635299, "delta": 2.657788}}
{"target": -0.2879827577469838, "params": {"bus_acc": 4.1404, "bus_dcc": 1.8247, "bus_lcAssertive": 26.476, "bus_lcCooperative": 0.86, "bus_lcLookaheadLeft": 87.2874, "bus_lcPushy": 0.3223, "bus_lcSigma": 0.9229, "bus_lcSpeedGainRight": 4.7891, "bus_lcSublane": 0.4054, "bus_sigma": 0.7868, "bus_tau_mean": 1.8317, "bus_tau_std": 6.2233, "bus_v_mean": 16.9468, "bus_v_std": 16.4261, "car_acc": 4.9248, "car_dcc": 2.1353, "car_lcAssertive": 29.368, "car_lcCooperative": 0.5423, "car_lcLookaheadLeft": 59.7455, "car_lcPushy": 0.172, "car_lcSigma": 0.8676, "car_lcSpeedGainRight": 1.6591, "car_lcSublane": 0.568, "car_sigma": 0.1407, "car_tau_mean": 2.3853, "car_tau_std": 9.2559, "car_v_mean": 20.1349, "car_v_std": 19.8969}, "datetime": {"datetime": "2024-08-08 17:48:53", "elapsed": 1518.6228, "delta": 8.987501}}
{"target": -0.28905186563801305, "params": {"bus_acc": 3.0502, "bus_dcc": 3.5726, "bus_lcAssertive": 79.1729, "bus_lcCooperative": 0.8984, "bus_lcLookaheadLeft": 25.6127, "bus_lcPushy": 0.8279, "bus_lcSigma": 0.2987, "bus_lcSpeedGainRight": 0.5621, "bus_lcSublane": 0.3853, "bus_sigma": 0.1516, "bus_tau_mean": 1.944, "bus_tau_std": 6.1386, "bus_v_mean": 10.2117, "bus_v_std": 9.1925, "car_acc": 1.5205, "car_dcc": 1.1203, "car_lcAssertive": 95.3011, "car_lcCooperative": 0.8708, "car_lcLookaheadLeft": 27.911, "car_lcPushy": 0.2651, "car_lcSigma": 0.8033, "car_lcSpeedGainRight": 3.7101, "car_lcSublane": 0.0917, "car_sigma": 0.8236, "car_tau_mean": 1.2793, "car_tau_std": 5.684, "car_v_mean": 19.1231, "car_v_std": 6.5464}, "datetime": {"datetime": "2024-08-08 17:49:03", "elapsed": 1528.201933, "delta": 9.579133}}
{"target": -0.35177360730768203, "params": {"bus_acc": 4.4064, "bus_dcc": 1.4137, "bus_lcAssertive": 8.2529, "bus_lcCooperative": 0.8659, "bus_lcLookaheadLeft": 73.4391, "bus_lcPushy": 0.9336, "bus_lcSigma": 0.0131, "bus_lcSpeedGainRight": 1.1331, "bus_lcSublane": 0.6787, "bus_sigma": 0.0899, "bus_tau_mean": 1.6195, "bus_tau_std": 0.7885, "bus_v_mean": 19.9931, "bus_v_std": 11.2039, "car_acc": 1.7745, "car_dcc": 3.4034, "car_lcAssertive": 12.291, "car_lcCooperative": 0.5133, "car_lcLookaheadLeft": 64.0596, "car_lcPushy": 0.6487, "car_lcSigma": 0.7736, "car_lcSpeedGainRight": 1.9918, "car_lcSublane": 0.0484, "car_sigma": 0.4254, "car_tau_mean": 3.8283, "car_tau_std": 7.7578, "car_v_mean": 20.5721, "car_v_std": 12.6951}, "datetime": {"datetime": "2024-08-08 17:49:06", "elapsed": 1531.210467, "delta": 3.008534}}
{"target": -0.3309658926035222, "params": {"bus_acc": 1.4563, "bus_dcc": 3.6929, "bus_lcAssertive": 59.0404, "bus_lcCooperative": 0.1649, "bus_lcLookaheadLeft": 52.4086, "bus_lcPushy": 0.1299, "bus_lcSigma": 0.6859, "bus_lcSpeedGainRight": 0.5803, "bus_lcSublane": 0.8293, "bus_sigma": 0.7153, "bus_tau_mean": 0.6232, "bus_tau_std": 2.3814, "bus_v_mean": 20.119, "bus_v_std": 5.4408, "car_acc": 3.7837, "car_dcc": 2.5635, "car_lcAssertive": 17.1421, "car_lcCooperative": 0.6074, "car_lcLookaheadLeft": 55.1024, "car_lcPushy": 0.6279, "car_lcSigma": 0.6575, "car_lcSpeedGainRight": 3.8278, "car_lcSublane": 0.8967, "car_sigma": 0.1323, "car_tau_mean": 3.1172, "car_tau_std": 2.4947, "car_v_mean": 10.4229, "car_v_std": 16.2994}, "datetime": {"datetime": "2024-08-08 17:49:09", "elapsed": 1534.945972, "delta": 3.735505}}
{"target": -0.29785372706498126, "params": {"bus_acc": 1.3027, "bus_dcc": 2.0561, "bus_lcAssertive": 78.0302, "bus_lcCooperative": 0.6558, "bus_lcLookaheadLeft": 26.7174, "bus_lcPushy": 0.6085, "bus_lcSigma": 0.5537, "bus_lcSpeedGainRight": 2.9127, "bus_lcSublane": 0.4516, "bus_sigma": 0.4851, "bus_tau_mean": 1.6854, "bus_tau_std": 3.9613, "bus_v_mean": 10.4956, "bus_v_std": 11.8421, "car_acc": 3.5081, "car_dcc": 2.7138, "car_lcAssertive": 5.5126, "car_lcCooperative": 0.3791, "car_lcLookaheadLeft": 14.1492, "car_lcPushy": 0.4529, "car_lcSigma": 0.9209, "car_lcSpeedGainRight": 2.4347, "car_lcSublane": 0.4646, "car_sigma": 0.6918, "car_tau_mean": 3.5921, "car_tau_std": 3.3445, "car_v_mean": 19.2815, "car_v_std": 16.6365}, "datetime": {"datetime": "2024-08-08 17:49:13", "elapsed": 1538.798343, "delta": 3.852371}}
{"target": -0.32564120533733554, "params": {"bus_acc": 4.8292, "bus_dcc": 1.6026, "bus_lcAssertive": 80.6563, "bus_lcCooperative": 0.4441, "bus_lcLookaheadLeft": 6.0253, "bus_lcPushy": 0.242, "bus_lcSigma": 0.85, "bus_lcSpeedGainRight": 4.3767, "bus_lcSublane": 0.2567, "bus_sigma": 0.9171, "bus_tau_mean": 2.9682, "bus_tau_std": 5.6952, "bus_v_mean": 13.3922, "bus_v_std": 9.3691, "car_acc": 2.618, "car_dcc": 1.5858, "car_lcAssertive": 31.7753, "car_lcCooperative": 0.0614, "car_lcLookaheadLeft": 67.3891, "car_lcPushy": 0.3988, "car_lcSigma": 0.3214, "car_lcSpeedGainRight": 3.233, "car_lcSublane": 0.2875, "car_sigma": 0.3668, "car_tau_mean": 2.101, "car_tau_std": 4.1739, "car_v_mean": 12.1319, "car_v_std": 15.688}, "datetime": {"datetime": "2024-08-08 17:49:22", "elapsed": 1547.131331, "delta": 8.332988}}
{"target": -0.3076311119035435, "params": {"bus_acc": 2.0987, "bus_dcc": 3.0374, "bus_lcAssertive": 39.9844, "bus_lcCooperative": 0.021, "bus_lcLookaheadLeft": 85.8044, "bus_lcPushy": 0.7423, "bus_lcSigma": 0.5377, "bus_lcSpeedGainRight": 0.5818, "bus_lcSublane": 0.2625, "bus_sigma": 0.7569, "bus_tau_mean": 3.4487, "bus_tau_std": 7.124, "bus_v_mean": 22.3892, "bus_v_std": 13.9928, "car_acc": 3.7495, "car_dcc": 1.5467, "car_lcAssertive": 24.6831, "car_lcCooperative": 0.3874, "car_lcLookaheadLeft": 5.3675, "car_lcPushy": 0.6244, "car_lcSigma": 0.4704, "car_lcSpeedGainRight": 1.4998, "car_lcSublane": 0.3676, "car_sigma": 0.4404, "car_tau_mean": 1.1145, "car_tau_std": 0.6228, "car_v_mean": 21.4655, "car_v_std": 12.0752}, "datetime": {"datetime": "2024-08-08 17:49:26", "elapsed": 1551.29453, "delta": 4.163199}}
{"target": -0.30124214463627164, "params": {"bus_acc": 1.275, "bus_dcc": 2.0987, "bus_lcAssertive": 78.0237, "bus_lcCooperative": 0.6568, "bus_lcLookaheadLeft": 26.5655, "bus_lcPushy": 0.5974, "bus_lcSigma": 0.5619, "bus_lcSpeedGainRight": 2.9433, "bus_lcSublane": 0.4172, "bus_sigma": 0.4994, "bus_tau_mean": 1.688, "bus_tau_std": 3.9413, "bus_v_mean": 10.4216, "bus_v_std": 12.0177, "car_acc": 3.479, "car_dcc": 2.7324, "car_lcAssertive": 5.3392, "car_lcCooperative": 0.3788, "car_lcLookaheadLeft": 13.8188, "car_lcPushy": 0.4638, "car_lcSigma": 0.9099, "car_lcSpeedGainRight": 2.488, "car_lcSublane": 0.4668, "car_sigma": 0.6518, "car_tau_mean": 3.5845, "car_tau_std": 3.3725, "car_v_mean": 19.0436, "car_v_std": 16.3045}, "datetime": {"datetime": "2024-08-08 17:49:29", "elapsed": 1555.050258, "delta": 3.755728}}
{"target": -0.29868758817438473, "params": {"bus_acc": 2.1187, "bus_dcc": 2.3121, "bus_lcAssertive": 21.2532, "bus_lcCooperative": 0.7202, "bus_lcLookaheadLeft": 33.7735, "bus_lcPushy": 0.8812, "bus_lcSigma": 0.2246, "bus_lcSpeedGainRight": 3.9578, "bus_lcSublane": 0.3235, "bus_sigma": 0.2917, "bus_tau_mean": 2.2001, "bus_tau_std": 6.0732, "bus_v_mean": 12.8968, "bus_v_std": 17.2118, "car_acc": 2.9904, "car_dcc": 1.9224, "car_lcAssertive": 65.2096, "car_lcCooperative": 0.5352, "car_lcLookaheadLeft": 19.703, "car_lcPushy": 0.4375, "car_lcSigma": 0.0959, "car_lcSpeedGainRight": 4.7016, "car_lcSublane": 0.3399, "car_sigma": 0.2519, "car_tau_mean": 2.8376, "car_tau_std": 6.0351, "car_v_mean": 23.5841, "car_v_std": 17.9757}, "datetime": {"datetime": "2024-08-08 17:49:36", "elapsed": 1561.100607, "delta": 6.050349}}
{"target": -0.28197663625735275, "params": {"bus_acc": 3.3628, "bus_dcc": 1.8186, "bus_lcAssertive": 75.8097, "bus_lcCooperative": 0.9355, "bus_lcLookaheadLeft": 30.0562, "bus_lcPushy": 0.0347, "bus_lcSigma": 0.0948, "bus_lcSpeedGainRight": 1.5642, "bus_lcSublane": 0.1803, "bus_sigma": 0.1726, "bus_tau_mean": 0.9313, "bus_tau_std": 4.9939, "bus_v_mean": 9.2624, "bus_v_std": 5.1683, "car_acc": 2.3847, "car_dcc": 1.2321, "car_lcAssertive": 91.0953, "car_lcCooperative": 0.6276, "car_lcLookaheadLeft": 25.6227, "car_lcPushy": 0.9642, "car_lcSigma": 0.8805, "car_lcSpeedGainRight": 2.5041, "car_lcSublane": 0.7197, "car_sigma": 0.8034, "car_tau_mean": 2.5567, "car_tau_std": 5.9639, "car_v_mean": 17.2107, "car_v_std": 10.9686}, "datetime": {"datetime": "2024-08-08 17:49:40", "elapsed": 1565.26434, "delta": 4.163733}}
{"target": -0.3288012570949273, "params": {"bus_acc": 1.2644, "bus_dcc": 3.6107, "bus_lcAssertive": 82.6894, "bus_lcCooperative": 0.1897, "bus_lcLookaheadLeft": 30.3153, "bus_lcPushy": 0.7734, "bus_lcSigma": 0.2418, "bus_lcSpeedGainRight": 3.4146, "bus_lcSublane": 0.838, "bus_sigma": 0.4468, "bus_tau_mean": 2.8027, "bus_tau_std": 0.5084, "bus_v_mean": 15.9124, "bus_v_std": 11.0208, "car_acc": 2.1956, "car_dcc": 3.4699, "car_lcAssertive": 39.848, "car_lcCooperative": 0.9436, "car_lcLookaheadLeft": 5.6637, "car_lcPushy": 0.7243, "car_lcSigma": 0.3317, "car_lcSpeedGainRight": 4.4752, "car_lcSublane": 0.0785, "car_sigma": 0.1777, "car_tau_mean": 3.6807, "car_tau_std": 4.0382, "car_v_mean": 23.9134, "car_v_std": 10.2587}, "datetime": {"datetime": "2024-08-08 17:49:44", "elapsed": 1569.96353, "delta": 4.69919}}
{"target": -0.3362664962167949, "params": {"bus_acc": 3.6472, "bus_dcc": 2.3294, "bus_lcAssertive": 41.9178, "bus_lcCooperative": 0.9991, "bus_lcLookaheadLeft": 25.6493, "bus_lcPushy": 0.3567, "bus_lcSigma": 0.7163, "bus_lcSpeedGainRight": 2.7209, "bus_lcSublane": 0.3946, "bus_sigma": 0.5942, "bus_tau_mean": 3.5206, "bus_tau_std": 3.6923, "bus_v_mean": 22.0517, "bus_v_std": 7.1117, "car_acc": 1.8406, "car_dcc": 2.4815, "car_lcAssertive": 80.5937, "car_lcCooperative": 0.0881, "car_lcLookaheadLeft": 65.8375, "car_lcPushy": 0.1851, "car_lcSigma": 0.59, "car_lcSpeedGainRight": 1.9047, "car_lcSublane": 0.6726, "car_sigma": 0.903, "car_tau_mean": 2.2502, "car_tau_std": 8.5183, "car_v_mean": 14.2874, "car_v_std": 17.2312}, "datetime": {"datetime": "2024-08-08 17:49:53", "elapsed": 1578.18053, "delta": 8.217}}
{"target": -0.3237058133345844, "params": {"bus_acc": 4.5432, "bus_dcc": 1.8875, "bus_lcAssertive": 40.646, "bus_lcCooperative": 0.6164, "bus_lcLookaheadLeft": 64.9059, "bus_lcPushy": 0.3796, "bus_lcSigma": 0.777, "bus_lcSpeedGainRight": 4.0238, "bus_lcSublane": 0.2491, "bus_sigma": 0.261, "bus_tau_mean": 3.9168, "bus_tau_std": 2.3336, "bus_v_mean": 21.678, "bus_v_std": 14.9946, "car_acc": 1.9362, "car_dcc": 3.3923, "car_lcAssertive": 89.9844, "car_lcCooperative": 0.099, "car_lcLookaheadLeft": 42.0688, "car_lcPushy": 0.4154, "car_lcSigma": 0.405, "car_lcSpeedGainRight": 3.5317, "car_lcSublane": 0.6507, "car_sigma": 0.735, "car_tau_mean": 1.3363, "car_tau_std": 4.7495, "car_v_mean": 23.7928, "car_v_std": 9.451}, "datetime": {"datetime": "2024-08-08 17:49:56", "elapsed": 1581.472727, "delta": 3.292197}}
