{"target": -0.35491867426546714, "params": {"bus_acc": 2.378946610733174, "bus_dcc": 3.8203224470001014, "bus_lcAssertive": 58.61940381476092, "bus_lcCooperative": 0.8788319844118441, "bus_lcLookaheadLeft": 84.78397564843775, "bus_lcPushy": 0.9053923187086492, "bus_lcSigma": 0.45988026581680697, "bus_lcSpeedGainRight": 2.7317340801018664, "bus_lcSublane": 0.7986035911520394, "bus_sigma": 0.28571885173414757, "bus_tau_mean": 2.215887329169747, "bus_tau_std": 5.991103076458783, "bus_v_mean": 8.248532408813372, "bus_v_std": 11.869628163932743, "car_acc": 2.734705395957833, "car_dcc": 3.4220815866545244, "car_lcAssertive": 32.20923550644192, "car_lcCooperative": 0.8928887085251513, "car_lcLookaheadLeft": 58.63000709788448, "car_lcPushy": 0.18401020162746506, "car_lcSigma": 0.7879292338255043, "car_lcSpeedGainRight": 3.0601558852246695, "car_lcSublane": 0.053909272073752956, "car_sigma": 0.4201936800011322, "car_tau_mean": 2.8767409279790037, "car_tau_std": 9.18601777977526, "car_v_mean": 8.006432398261719, "car_v_std": 19.535182980621194}, "datetime": {"datetime": "2024-08-08 12:04:17", "elapsed": 267.229923, "delta": 3.715991}}
{"target": -0.3887711234239727, "params": {"bus_acc": 1.4472969590064313, "bus_dcc": 2.5931420637616664, "bus_lcAssertive": 81.53913136901502, "bus_lcCooperative": 0.37629418365689815, "bus_lcLookaheadLeft": 45.685903574923074, "bus_lcPushy": 0.7509025596645666, "bus_lcSigma": 0.09834637894842024, "bus_lcSpeedGainRight": 1.8026315249823044, "bus_lcSublane": 0.5637062552864558, "bus_sigma": 0.23858559594258377, "bus_tau_mean": 3.439838201027115, "bus_tau_std": 7.658509922899394, "bus_v_mean": 23.44868127347742, "bus_v_std": 10.459761500274574, "car_acc": 1.4260986319623723, "car_dcc": 3.809851069184461, "car_lcAssertive": 83.58936296013856, "car_lcCooperative": 0.5444181610032376, "car_lcLookaheadLeft": 83.9576231837696, "car_lcPushy": 0.8816909193539424, "car_lcSigma": 0.7760811373668977, "car_lcSpeedGainRight": 2.856269885212087, "car_lcSublane": 0.6152987214660823, "car_sigma": 0.8443906826433587, "car_tau_mean": 2.677758227098768, "car_tau_std": 2.0647995918763162, "car_v_mean": 19.063814776863516, "car_v_std": 10.640275001547632}, "datetime": {"datetime": "2024-08-08 12:04:20", "elapsed": 271.04759, "delta": 3.817667}}
{"target": -0.3502052677440522, "params": {"bus_acc": 1.055806291902388, "bus_dcc": 1.7030862583642614, "bus_lcAssertive": 62.0610573431641, "bus_lcCooperative": 0.9490163206876164, "bus_lcLookaheadLeft": 95.11725968621381, "bus_lcPushy": 0.5566531881951564, "bus_lcSigma": 0.9156063497662745, "bus_lcSpeedGainRight": 3.207831044731688, "bus_lcSublane": 0.39000771414124624, "bus_sigma": 0.48599066709690975, "bus_tau_mean": 2.6150866902199064, "bus_tau_std": 5.495479215085625, "bus_v_mean": 22.81890282730326, "bus_v_std": 18.374668712672122, "car_acc": 2.5795024516942195, "car_dcc": 3.8897875853221353, "car_lcAssertive": 18.22161100136597, "car_lcCooperative": 0.12632951943963733, "car_lcLookaheadLeft": 15.23775748857967, "car_lcPushy": 0.5056621656768967, "car_lcSigma": 0.021524805274197978, "car_lcSpeedGainRight": 4.739851056088405, "car_lcSublane": 0.8271154711707325, "car_sigma": 0.015018980742122379, "car_tau_mean": 1.1166868945126933, "car_tau_std": 3.3206357436683698, "car_v_mean": 10.09594951697467, "car_v_std": 16.189813842531642}, "datetime": {"datetime": "2024-08-08 12:04:25", "elapsed": 275.114796, "delta": 4.067206}}
{"target": -0.31337852961991297, "params": {"bus_acc": 4.35936284079067, "bus_dcc": 3.6103070959227033, "bus_lcAssertive": 81.85864247329991, "bus_lcCooperative": 0.8778014186346996, "bus_lcLookaheadLeft": 57.95885866983316, "bus_lcPushy": 0.9640361333390818, "bus_lcSigma": 0.6065443482504677, "bus_lcSpeedGainRight": 3.019738705398407, "bus_lcSublane": 0.31929773707461884, "bus_sigma": 0.681204184117019, "bus_tau_mean": 0.6818799097687634, "bus_tau_std": 1.3454642101194225, "bus_v_mean": 10.083874681164241, "bus_v_std": 13.104025744494713, "car_acc": 1.7013303670853532, "car_dcc": 2.0234404697546418, "car_lcAssertive": 5.386853927477355, "car_lcCooperative": 0.2337343601165106, "car_lcLookaheadLeft": 96.49398383523082, "car_lcPushy": 0.5091394025163677, "car_lcSigma": 0.15107451847143194, "car_lcSpeedGainRight": 2.6150426586723214, "car_lcSublane": 0.9435093839110807, "car_sigma": 0.865686014006334, "car_tau_mean": 1.872230541256354, "car_tau_std": 2.8386751597340263, "car_v_mean": 20.18767780308387, "car_v_std": 4.809686496061756}, "datetime": {"datetime": "2024-08-08 12:04:29", "elapsed": 279.574188, "delta": 4.459392}}
{"target": -0.332697037776437, "params": {"bus_acc": 4.5199931542537275, "bus_dcc": 3.711525867479116, "bus_lcAssertive": 66.60926142515096, "bus_lcCooperative": 0.2702082620297578, "bus_lcLookaheadLeft": 26.731936747449794, "bus_lcPushy": 0.8548979426974024, "bus_lcSigma": 0.5277146463087466, "bus_lcSpeedGainRight": 4.01080542002299, "bus_lcSublane": 0.5724885171916063, "bus_sigma": 0.7331425252875111, "bus_tau_mean": 2.3165406961241954, "bus_tau_std": 7.70883910501888, "bus_v_mean": 17.10172785127545, "bus_v_std": 9.314197571839617, "car_acc": 2.370755631813127, "car_dcc": 1.2046280452501124, "car_lcAssertive": 38.414493753481885, "car_lcCooperative": 0.07962607769825236, "car_lcLookaheadLeft": 98.3160771455836, "car_lcPushy": 0.18161285133076377, "car_lcSigma": 0.8118586977205398, "car_lcSpeedGainRight": 4.374808224779491, "car_lcSublane": 0.6884132523859433, "car_sigma": 0.5694944127453757, "car_tau_mean": 1.0634000288546308, "car_tau_std": 4.668800227633064, "car_v_mean": 13.52275281848344, "car_v_std": 4.500799156281692}, "datetime": {"datetime": "2024-08-08 12:04:33", "elapsed": 283.192607, "delta": 3.618419}}
{"target": -0.3535929247482543, "params": {"bus_acc": 2.039166773217658, "bus_dcc": 2.743706026873515, "bus_lcAssertive": 95.5709631002805, "bus_lcCooperative": 0.0807539078120788, "bus_lcLookaheadLeft": 10.186352292050627, "bus_lcPushy": 0.6191348314199072, "bus_lcSigma": 0.22449347883595772, "bus_lcSpeedGainRight": 3.8259197836675405, "bus_lcSublane": 0.5681525429491051, "bus_sigma": 0.6661880902234952, "bus_tau_mean": 0.8773486527810734, "bus_tau_std": 0.8428305143655679, "bus_v_mean": 18.001937092887836, "bus_v_std": 8.19462522268041, "car_acc": 1.3490100954879272, "car_dcc": 2.1131918350485672, "car_lcAssertive": 67.54229655602802, "car_lcCooperative": 0.1895874001915857, "car_lcLookaheadLeft": 89.78145263581301, "car_lcPushy": 0.9498463888800873, "car_lcSigma": 0.9615725424345338, "car_lcSpeedGainRight": 3.650412788701301, "car_lcSublane": 0.4062884276883151, "car_sigma": 0.7437491963512196, "car_tau_mean": 1.5079540774616302, "car_tau_std": 3.144172223907462, "car_v_mean": 17.694341779485725, "car_v_std": 11.896942668158353}, "datetime": {"datetime": "2024-08-08 12:04:34", "elapsed": 284.141874, "delta": 0.949267}}
{"target": -0.3533049115533872, "params": {"bus_acc": 3.5452245034239342, "bus_dcc": 2.125273055181733, "bus_lcAssertive": 85.89096540927606, "bus_lcCooperative": 0.6195867393685738, "bus_lcLookaheadLeft": 26.699241852822258, "bus_lcPushy": 0.7928556779768876, "bus_lcSigma": 0.43293850873416306, "bus_lcSpeedGainRight": 1.787555836652207, "bus_lcSublane": 0.33027693652508094, "bus_sigma": 0.6973688756131394, "bus_tau_mean": 1.440275433671793, "bus_tau_std": 8.0827801370538, "bus_v_mean": 12.724620710397565, "bus_v_std": 10.882427671707145, "car_acc": 2.9516859672208096, "car_dcc": 3.566069237786109, "car_lcAssertive": 88.9502570051432, "car_lcCooperative": 0.18438444236776674, "car_lcLookaheadLeft": 59.3641489759486, "car_lcPushy": 0.8982050460171371, "car_lcSigma": 0.4461172190344297, "car_lcSpeedGainRight": 4.609341527419077, "car_lcSublane": 0.2789908904569709, "car_sigma": 0.6088311741937957, "car_tau_mean": 2.8885879841838538, "car_tau_std": 2.282057333504841, "car_v_mean": 8.220280200923469, "car_v_std": 8.334479247413922}, "datetime": {"datetime": "2024-08-08 12:04:36", "elapsed": 286.24084, "delta": 2.098966}}
{"target": -0.35338800863811265, "params": {"bus_acc": 2.297449838904746, "bus_dcc": 3.618767129200333, "bus_lcAssertive": 84.6262511526049, "bus_lcCooperative": 0.5384405925945437, "bus_lcLookaheadLeft": 86.92761086831827, "bus_lcPushy": 0.9498059913536265, "bus_lcSigma": 0.8264069976293413, "bus_lcSpeedGainRight": 4.270577219182694, "bus_lcSublane": 0.09874340182034835, "bus_sigma": 0.651304332340991, "bus_tau_mean": 2.9623094585342855, "bus_tau_std": 6.102408126466297, "bus_v_mean": 20.79384418777645, "bus_v_std": 0.691424397432685, "car_acc": 4.08095493821992, "car_dcc": 3.195185802218581, "car_lcAssertive": 26.710140936536956, "car_lcCooperative": 0.2570692988221467, "car_lcLookaheadLeft": 63.965725108152526, "car_lcPushy": 0.34529746159108154, "car_lcSigma": 0.7965886780072875, "car_lcSpeedGainRight": 2.230731160017286, "car_lcSublane": 0.7827494147841719, "car_sigma": 0.9904717836238407, "car_tau_mean": 1.5508691883686503, "car_tau_std": 1.4300582825809938, "car_v_mean": 22.42093498158838, "car_v_std": 10.831187577747466}, "datetime": {"datetime": "2024-08-08 12:04:38", "elapsed": 288.190324, "delta": 1.949484}}
{"target": -0.3868496935318421, "params": {"bus_acc": 2.4471830436286455, "bus_dcc": 3.955950406255969, "bus_lcAssertive": 87.00910808594698, "bus_lcCooperative": 0.15249674176120542, "bus_lcLookaheadLeft": 80.28495672749605, "bus_lcPushy": 0.8109969194215267, "bus_lcSigma": 0.928207219127176, "bus_lcSpeedGainRight": 1.1219213302199227, "bus_lcSublane": 0.49896747449996004, "bus_sigma": 0.8274440914110759, "bus_tau_mean": 2.8356682474936914, "bus_tau_std": 5.939361433837695, "bus_v_mean": 18.43161313233187, "bus_v_std": 4.770320255980261, "car_acc": 1.102160339503163, "car_dcc": 3.208771772339602, "car_lcAssertive": 33.35239070775688, "car_lcCooperative": 0.3767568869201464, "car_lcLookaheadLeft": 62.0363733066563, "car_lcPushy": 0.657165042363517, "car_lcSigma": 0.20289890062284244, "car_lcSpeedGainRight": 4.130157689227094, "car_lcSublane": 0.38020660524547945, "car_sigma": 0.6317444085013915, "car_tau_mean": 3.8824399547830866, "car_tau_std": 5.647862352666362, "car_v_mean": 13.74257826862171, "car_v_std": 12.379402174802845}, "datetime": {"datetime": "2024-08-08 12:04:42", "elapsed": 292.56561, "delta": 4.375286}}
{"target": -0.37276943226207354, "params": {"bus_acc": 2.8918598074400523, "bus_dcc": 2.268525439115839, "bus_lcAssertive": 11.172899823542268, "bus_lcCooperative": 0.772580266631544, "bus_lcLookaheadLeft": 15.446188342011318, "bus_lcPushy": 0.424292374325812, "bus_lcSigma": 0.2719561124527795, "bus_lcSpeedGainRight": 1.5050397153995316, "bus_lcSublane": 0.6724207725864325, "bus_sigma": 0.5177867238134145, "bus_tau_mean": 1.165304676679792, "bus_tau_std": 4.691344398333771, "bus_v_mean": 13.432653900740856, "bus_v_std": 14.089943964962522, "car_acc": 1.904380809730196, "car_dcc": 3.534964412075036, "car_lcAssertive": 53.0967368242714, "car_lcCooperative": 0.5006195729230891, "car_lcLookaheadLeft": 26.861209074992658, "car_lcPushy": 0.18615566973666398, "car_lcSigma": 0.4718190627375968, "car_lcSpeedGainRight": 4.909122089126287, "car_lcSublane": 0.13290623766182708, "car_sigma": 0.28346243242805713, "car_tau_mean": 3.3022441099920963, "car_tau_std": 6.647768985107549, "car_v_mean": 12.460134539094993, "car_v_std": 6.292952135502237}, "datetime": {"datetime": "2024-08-08 12:04:43", "elapsed": 293.827487, "delta": 1.261877}}
{"target": -0.34852561460916764, "params": {"bus_acc": 1.084318691342045, "bus_dcc": 3.9551366608314082, "bus_lcAssertive": 61.545787204019646, "bus_lcCooperative": 0.3783538388352491, "bus_lcLookaheadLeft": 4.599778408824017, "bus_lcPushy": 0.3898387483749842, "bus_lcSigma": 0.4525586263864343, "bus_lcSpeedGainRight": 4.655015968822514, "bus_lcSublane": 0.27850417183805665, "bus_sigma": 0.6147818910832991, "bus_tau_mean": 2.828089241037677, "bus_tau_std": 1.8596096979633892, "bus_v_mean": 16.092213583782907, "bus_v_std": 15.730015257198698, "car_acc": 1.3863161377136541, "car_dcc": 2.8181058945068864, "car_lcAssertive": 3.5799333361509307, "car_lcCooperative": 0.00704672381007565, "car_lcLookaheadLeft": 7.833803499726993, "car_lcPushy": 0.4814004591490364, "car_lcSigma": 0.9257041086902309, "car_lcSpeedGainRight": 2.027786920695121, "car_lcSublane": 0.07503263933654081, "car_sigma": 0.8613524744830288, "car_tau_mean": 2.317541549146541, "car_tau_std": 3.1893586891742407, "car_v_mean": 23.40851742055481, "car_v_std": 18.765235370047566}, "datetime": {"datetime": "2024-08-08 12:04:44", "elapsed": 294.70779, "delta": 0.880303}}
{"target": -0.3509690621205246, "params": {"bus_acc": 1.3527545822860403, "bus_dcc": 3.051131007464914, "bus_lcAssertive": 12.919686808914616, "bus_lcCooperative": 0.010699003144174157, "bus_lcLookaheadLeft": 56.61228654734155, "bus_lcPushy": 0.9071090552203707, "bus_lcSigma": 0.8604566673368852, "bus_lcSpeedGainRight": 1.6922569205912503, "bus_lcSublane": 0.02715882932586222, "bus_sigma": 0.8008593551300331, "bus_tau_mean": 3.3209472630138306, "bus_tau_std": 8.684881163027722, "bus_v_mean": 18.714345598008528, "bus_v_std": 16.15557724630153, "car_acc": 4.589993129211281, "car_dcc": 2.361489851470037, "car_lcAssertive": 56.224705067776135, "car_lcCooperative": 0.5061311288282347, "car_lcLookaheadLeft": 69.81442264337343, "car_lcPushy": 0.6829068676298748, "car_lcSigma": 0.5203136358633165, "car_lcSpeedGainRight": 4.142340740427357, "car_lcSublane": 0.5057793867898664, "car_sigma": 0.8248585623852319, "car_tau_mean": 1.4864578085013502, "car_tau_std": 1.7849483297748825, "car_v_mean": 23.517929125515423, "car_v_std": 14.838790509121536}, "datetime": {"datetime": "2024-08-08 12:04:48", "elapsed": 298.448958, "delta": 3.741168}}
{"target": -0.34276861265742586, "params": {"bus_acc": 2.9080519776090528, "bus_dcc": 2.3466365101202964, "bus_lcAssertive": 88.71379914536978, "bus_lcCooperative": 0.5276187723115614, "bus_lcLookaheadLeft": 42.090901527852274, "bus_lcPushy": 0.26889202221264585, "bus_lcSigma": 0.07201203516976995, "bus_lcSpeedGainRight": 2.090680668626579, "bus_lcSublane": 0.025753482406583372, "bus_sigma": 0.29115394055242805, "bus_tau_mean": 2.2622832844693876, "bus_tau_std": 9.659330650197223, "bus_v_mean": 9.750126627097353, "bus_v_std": 13.460821084332439, "car_acc": 2.9997294843968, "car_dcc": 3.331294687827349, "car_lcAssertive": 15.217092789546719, "car_lcCooperative": 0.08320263643587555, "car_lcLookaheadLeft": 41.12342332454047, "car_lcPushy": 0.7969622519799001, "car_lcSigma": 0.1916757389098901, "car_lcSpeedGainRight": 3.83888596073637, "car_lcSublane": 0.2902979970618682, "car_sigma": 0.21689148761179533, "car_tau_mean": 0.5585045617695226, "car_tau_std": 3.986590599223787, "car_v_mean": 14.097303860695238, "car_v_std": 13.186898723907294}, "datetime": {"datetime": "2024-08-08 12:04:52", "elapsed": 302.748555, "delta": 4.299597}}
{"target": -0.35263536475693025, "params": {"bus_acc": 2.668088018810296, "bus_dcc": 3.1609734803264744, "bus_lcAssertive": 1.0113231069171438, "bus_lcCooperative": 0.30233257263183977, "bus_lcLookaheadLeft": 16.38207730007708, "bus_lcPushy": 0.0923385947687978, "bus_lcSigma": 0.1862602113776709, "bus_lcSpeedGainRight": 1.7278036352152388, "bus_lcSublane": 0.39676747423066994, "bus_sigma": 0.538816734003357, "bus_tau_mean": 1.9671808004115319, "bus_tau_std": 6.852195003967595, "bus_v_mean": 11.271235995704279, "bus_v_std": 17.562348727818907, "car_acc": 1.1095503727917047, "car_dcc": 3.011402530535207, "car_lcAssertive": 42.31317543434557, "car_lcCooperative": 0.5586898284457517, "car_lcLookaheadLeft": 15.75791998233291, "car_lcPushy": 0.1981014890848788, "car_lcSigma": 0.8007445686755367, "car_lcSpeedGainRight": 4.841307878596988, "car_lcSublane": 0.31342417815924284, "car_sigma": 0.6923226156693141, "car_tau_mean": 3.567362033036134, "car_tau_std": 8.946066635038473, "car_v_mean": 9.360707381916447, "car_v_std": 0.7810956646576472}, "datetime": {"datetime": "2024-08-08 12:04:55", "elapsed": 306.024086, "delta": 3.275531}}
{"target": -0.3781817682725896, "params": {"bus_acc": 2.1172813424653274, "bus_dcc": 3.7476361692019005, "bus_lcAssertive": 20.624996730805222, "bus_lcCooperative": 0.28571649537130284, "bus_lcLookaheadLeft": 6.670161087028536, "bus_lcPushy": 0.44757914405063814, "bus_lcSigma": 0.5575878151711118, "bus_lcSpeedGainRight": 2.867805412885476, "bus_lcSublane": 0.905377379959673, "bus_sigma": 0.34741393280060506, "bus_tau_mean": 2.0663493285693932, "bus_tau_std": 8.512376625014975, "bus_v_mean": 17.229268851712398, "bus_v_std": 13.079858697554673, "car_acc": 2.113437321577264, "car_dcc": 2.4624139048775473, "car_lcAssertive": 62.47428637046675, "car_lcCooperative": 0.13339403014523998, "car_lcLookaheadLeft": 5.225054226068378, "car_lcPushy": 0.11341100113082614, "car_lcSigma": 0.47746107633965307, "car_lcSpeedGainRight": 0.12013367315404255, "car_lcSublane": 0.6262089291372217, "car_sigma": 0.09758261797608447, "car_tau_mean": 1.37836538200686, "car_tau_std": 4.264929458562184, "car_v_mean": 9.853227947299985, "car_v_std": 5.411039875949328}, "datetime": {"datetime": "2024-08-08 12:04:57", "elapsed": 307.268031, "delta": 1.243945}}
{"target": -0.34780651577701766, "params": {"bus_acc": 3.012020780203819, "bus_dcc": 2.9300737739474068, "bus_lcAssertive": 12.013321584176065, "bus_lcCooperative": 0.7580616581331086, "bus_lcLookaheadLeft": 85.49068558615497, "bus_lcPushy": 0.8442498595694283, "bus_lcSigma": 0.8905068324120895, "bus_lcSpeedGainRight": 1.9092119837788057, "bus_lcSublane": 0.44380519836651855, "bus_sigma": 0.10158147594616618, "bus_tau_mean": 1.290324228509323, "bus_tau_std": 9.713204692732111, "bus_v_mean": 12.553983503499767, "bus_v_std": 18.147922844819945, "car_acc": 4.562209145513244, "car_dcc": 3.7675134917811803, "car_lcAssertive": 16.45880687963868, "car_lcCooperative": 0.8797221435013809, "car_lcLookaheadLeft": 63.93550514538744, "car_lcPushy": 0.21062817841880244, "car_lcSigma": 0.3451159147800812, "car_lcSpeedGainRight": 0.7995939429464161, "car_lcSublane": 0.4443481574461272, "car_sigma": 0.08377495384546052, "car_tau_mean": 1.0786147166808395, "car_tau_std": 1.9719634646666928, "car_v_mean": 19.05643746490727, "car_v_std": 11.476057383307058}, "datetime": {"datetime": "2024-08-08 12:04:58", "elapsed": 308.464398, "delta": 1.196367}}
{"target": -0.32780010669427234, "params": {"bus_acc": 3.8250529782052647, "bus_dcc": 2.9840384031447087, "bus_lcAssertive": 5.2857259265168395, "bus_lcCooperative": 0.3614875846417379, "bus_lcLookaheadLeft": 77.82534237342479, "bus_lcPushy": 0.07852291483410356, "bus_lcSigma": 0.8843841167758716, "bus_lcSpeedGainRight": 4.654341481272791, "bus_lcSublane": 0.8530855123898898, "bus_sigma": 0.117377604100948, "bus_tau_mean": 2.4781071859566914, "bus_tau_std": 7.075599478322232, "bus_v_mean": 22.207681439042815, "bus_v_std": 1.9155205859962576, "car_acc": 4.2630823381973135, "car_dcc": 1.834048995006346, "car_lcAssertive": 59.63645119082546, "car_lcCooperative": 0.7197957093739197, "car_lcLookaheadLeft": 78.14787663732092, "car_lcPushy": 0.29466484899886947, "car_lcSigma": 0.6073765389488749, "car_lcSpeedGainRight": 1.4373643710116524, "car_lcSublane": 0.9983167502844696, "car_sigma": 0.8145056079423507, "car_tau_mean": 1.948922706942786, "car_tau_std": 8.791421856642359, "car_v_mean": 19.72001784173526, "car_v_std": 18.574938614555123}, "datetime": {"datetime": "2024-08-08 12:04:59", "elapsed": 309.744992, "delta": 1.280594}}
{"target": -0.3607826789395844, "params": {"bus_acc": 1.541417563448293, "bus_dcc": 1.0919160942726092, "bus_lcAssertive": 46.77120500937646, "bus_lcCooperative": 0.9606566952869964, "bus_lcLookaheadLeft": 11.174196349471044, "bus_lcPushy": 0.0655985161350432, "bus_lcSigma": 0.8799355762219236, "bus_lcSpeedGainRight": 4.1068602077164424, "bus_lcSublane": 0.8199694222450838, "bus_sigma": 0.46781804781537173, "bus_tau_mean": 1.9962223309618568, "bus_tau_std": 4.010683054344961, "bus_v_mean": 17.315440674228913, "bus_v_std": 14.579413387522225, "car_acc": 4.137168009398504, "car_dcc": 2.9643975626812535, "car_lcAssertive": 56.6841503029253, "car_lcCooperative": 0.412392608220297, "car_lcLookaheadLeft": 33.35167608029775, "car_lcPushy": 0.2862477928261852, "car_lcSigma": 0.29617671840307525, "car_lcSpeedGainRight": 3.413764330822216, "car_lcSublane": 0.7624411821595793, "car_sigma": 0.5976197869899762, "car_tau_mean": 1.2800236228874629, "car_tau_std": 1.943950205047229, "car_v_mean": 20.25097790033206, "car_v_std": 19.57387637950091}, "datetime": {"datetime": "2024-08-08 12:05:00", "elapsed": 310.959696, "delta": 1.214704}}
{"target": -0.33435061113770526, "params": {"bus_acc": 1.2900621121818534, "bus_dcc": 1.5181032643968249, "bus_lcAssertive": 32.913391424138354, "bus_lcCooperative": 0.248424246330199, "bus_lcLookaheadLeft": 50.55850817339691, "bus_lcPushy": 0.8244596107976835, "bus_lcSigma": 0.8539724149421759, "bus_lcSpeedGainRight": 2.9791497102935076, "bus_lcSublane": 0.24017373383106666, "bus_sigma": 0.18649268827268528, "bus_tau_mean": 3.1018667934071367, "bus_tau_std": 2.372140576435476, "bus_v_mean": 16.631854254824795, "bus_v_std": 14.985615742543835, "car_acc": 1.9129964184615438, "car_dcc": 1.523503562718232, "car_lcAssertive": 4.933832971009274, "car_lcCooperative": 0.14756883769994755, "car_lcLookaheadLeft": 85.44101288080509, "car_lcPushy": 0.10463591174495857, "car_lcSigma": 0.2236450455273178, "car_lcSpeedGainRight": 0.16378599872988564, "car_lcSublane": 0.6763566354512786, "car_sigma": 0.2317031414647196, "car_tau_mean": 1.9475710123061751, "car_tau_std": 1.3930117132372677, "car_v_mean": 14.035476601784104, "car_v_std": 8.488749324792305}, "datetime": {"datetime": "2024-08-08 12:05:05", "elapsed": 315.361174, "delta": 4.401478}}
