{"target": -0.3163606304146584, "params": {"bus_acc": 1.6216, "bus_dcc": 2.5624, "bus_lcAssertive": 70.9112, "bus_lcCooperative": 0.4287, "bus_lcLookaheadLeft": 70.4627, "bus_lcPushy": 0.4176, "bus_lcSigma": 0.7296, "bus_lcSpeedGainRight": 2.9187, "bus_lcSublane": 0.433, "bus_sigma": 0.5081, "bus_tau_mean": 3.4792, "bus_tau_std": 4.9913, "bus_v_mean": 16.9939, "bus_v_std": 5.8591, "car_acc": 2.863, "car_dcc": 1.6998, "car_lcAssertive": 73.4326, "car_lcCooperative": 0.5986, "car_lcLookaheadLeft": 50.5215, "car_lcPushy": 0.6622, "car_lcSigma": 0.2925, "car_lcSpeedGainRight": 2.3355, "car_lcSublane": 0.7035, "car_sigma": 0.8672, "car_tau_mean": 1.0156, "car_tau_std": 4.1821, "car_v_mean": 21.1666, "car_v_std": 15.3538}, "datetime": {"datetime": "2024-08-08 19:02:24", "elapsed": 1551.745558, "delta": 5.472074}}
{"target": -0.2834118651803409, "params": {"bus_acc": 3.6703, "bus_dcc": 1.7035, "bus_lcAssertive": 14.7964, "bus_lcCooperative": 0.2675, "bus_lcLookaheadLeft": 43.9792, "bus_lcPushy": 0.4075, "bus_lcSigma": 0.1215, "bus_lcSpeedGainRight": 3.0132, "bus_lcSublane": 0.1126, "bus_sigma": 0.8727, "bus_tau_mean": 3.8687, "bus_tau_std": 1.1611, "bus_v_mean": 10.6795, "bus_v_std": 6.837, "car_acc": 3.5806, "car_dcc": 2.7573, "car_lcAssertive": 47.407, "car_lcCooperative": 0.2262, "car_lcLookaheadLeft": 90.829, "car_lcPushy": 0.3716, "car_lcSigma": 0.5878, "car_lcSpeedGainRight": 3.8303, "car_lcSublane": 0.4001, "car_sigma": 0.4455, "car_tau_mean": 2.0504, "car_tau_std": 2.1878, "car_v_mean": 22.1262, "car_v_std": 14.7247}, "datetime": {"datetime": "2024-08-08 19:02:29", "elapsed": 1557.15747, "delta": 5.411912}}
{"target": -0.3049358004873128, "params": {"bus_acc": 3.0317, "bus_dcc": 1.1483, "bus_lcAssertive": 53.9711, "bus_lcCooperative": 0.748, "bus_lcLookaheadLeft": 37.5547, "bus_lcPushy": 0.7906, "bus_lcSigma": 0.4765, "bus_lcSpeedGainRight": 1.6186, "bus_lcSublane": 0.7357, "bus_sigma": 0.9721, "bus_tau_mean": 1.7397, "bus_tau_std": 5.6438, "bus_v_mean": 15.3698, "bus_v_std": 19.387, "car_acc": 1.5011, "car_dcc": 3.5581, "car_lcAssertive": 6.2256, "car_lcCooperative": 0.4601, "car_lcLookaheadLeft": 18.2466, "car_lcPushy": 0.1047, "car_lcSigma": 0.7804, "car_lcSpeedGainRight": 3.8199, "car_lcSublane": 0.3145, "car_sigma": 0.8222, "car_tau_mean": 2.386, "car_tau_std": 4.0416, "car_v_mean": 22.3194, "car_v_std": 14.7514}, "datetime": {"datetime": "2024-08-08 19:02:32", "elapsed": 1560.221122, "delta": 3.063652}}
{"target": -0.3134441762554882, "params": {"bus_acc": 1.2305, "bus_dcc": 1.6898, "bus_lcAssertive": 81.1059, "bus_lcCooperative": 0.2324, "bus_lcLookaheadLeft": 71.0738, "bus_lcPushy": 0.162, "bus_lcSigma": 0.0592, "bus_lcSpeedGainRight": 3.1786, "bus_lcSublane": 0.1288, "bus_sigma": 0.8731, "bus_tau_mean": 1.1248, "bus_tau_std": 2.2467, "bus_v_mean": 20.9612, "bus_v_std": 6.0907, "car_acc": 2.7101, "car_dcc": 2.528, "car_lcAssertive": 77.2202, "car_lcCooperative": 0.1862, "car_lcLookaheadLeft": 52.3284, "car_lcPushy": 0.8334, "car_lcSigma": 0.7011, "car_lcSpeedGainRight": 2.1878, "car_lcSublane": 0.5733, "car_sigma": 0.3813, "car_tau_mean": 2.7396, "car_tau_std": 7.8768, "car_v_mean": 23.567, "car_v_std": 14.753}, "datetime": {"datetime": "2024-08-08 19:02:36", "elapsed": 1563.90125, "delta": 3.680128}}
{"target": -0.3108686383127745, "params": {"bus_acc": 3.1843, "bus_dcc": 1.7004, "bus_lcAssertive": 18.3172, "bus_lcCooperative": 0.5392, "bus_lcLookaheadLeft": 55.8616, "bus_lcPushy": 0.4951, "bus_lcSigma": 0.4969, "bus_lcSpeedGainRight": 2.185, "bus_lcSublane": 0.2151, "bus_sigma": 0.4926, "bus_tau_mean": 1.9519, "bus_tau_std": 7.5428, "bus_v_mean": 19.3608, "bus_v_std": 14.4973, "car_acc": 2.5137, "car_dcc": 1.5565, "car_lcAssertive": 23.4764, "car_lcCooperative": 0.3034, "car_lcLookaheadLeft": 80.618, "car_lcPushy": 0.7602, "car_lcSigma": 0.3918, "car_lcSpeedGainRight": 0.3675, "car_lcSublane": 0.1315, "car_sigma": 0.518, "car_tau_mean": 2.365, "car_tau_std": 7.6689, "car_v_mean": 17.1686, "car_v_std": 12.9524}, "datetime": {"datetime": "2024-08-08 19:02:40", "elapsed": 1568.130669, "delta": 4.229419}}
{"target": -0.3596656290623357, "params": {"bus_acc": 2.6446, "bus_dcc": 2.5475, "bus_lcAssertive": 73.2633, "bus_lcCooperative": 0.5468, "bus_lcLookaheadLeft": 72.9208, "bus_lcPushy": 0.4152, "bus_lcSigma": 0.1187, "bus_lcSpeedGainRight": 2.8349, "bus_lcSublane": 0.5613, "bus_sigma": 0.8247, "bus_tau_mean": 2.0627, "bus_tau_std": 2.0934, "bus_v_mean": 13.0887, "bus_v_std": 6.2022, "car_acc": 1.6033, "car_dcc": 2.9672, "car_lcAssertive": 70.0011, "car_lcCooperative": 0.2151, "car_lcLookaheadLeft": 48.7753, "car_lcPushy": 0.206, "car_lcSigma": 0.1245, "car_lcSpeedGainRight": 1.4082, "car_lcSublane": 0.7522, "car_sigma": 0.589, "car_tau_mean": 3.429, "car_tau_std": 5.083, "car_v_mean": 22.4654, "car_v_std": 17.2067}, "datetime": {"datetime": "2024-08-08 19:02:43", "elapsed": 1571.456919, "delta": 3.32625}}
{"target": -0.29769424610280654, "params": {"bus_acc": 2.4843, "bus_dcc": 2.4701, "bus_lcAssertive": 16.8931, "bus_lcCooperative": 0.9095, "bus_lcLookaheadLeft": 53.1604, "bus_lcPushy": 0.5613, "bus_lcSigma": 0.2582, "bus_lcSpeedGainRight": 4.5539, "bus_lcSublane": 0.0381, "bus_sigma": 0.6521, "bus_tau_mean": 1.5741, "bus_tau_std": 5.9304, "bus_v_mean": 21.9408, "bus_v_std": 16.3397, "car_acc": 3.3176, "car_dcc": 2.2246, "car_lcAssertive": 21.5081, "car_lcCooperative": 0.8059, "car_lcLookaheadLeft": 75.6602, "car_lcPushy": 0.3401, "car_lcSigma": 0.5101, "car_lcSpeedGainRight": 1.157, "car_lcSublane": 0.5393, "car_sigma": 0.8621, "car_tau_mean": 1.679, "car_tau_std": 7.6351, "car_v_mean": 13.7153, "car_v_std": 15.9317}, "datetime": {"datetime": "2024-08-08 19:02:46", "elapsed": 1574.323892, "delta": 2.866973}}
{"target": -0.3413898623301661, "params": {"bus_acc": 1.6661, "bus_dcc": 2.8243, "bus_lcAssertive": 48.5804, "bus_lcCooperative": 0.9704, "bus_lcLookaheadLeft": 11.5185, "bus_lcPushy": 0.9195, "bus_lcSigma": 0.1002, "bus_lcSpeedGainRight": 2.7548, "bus_lcSublane": 0.614, "bus_sigma": 0.9622, "bus_tau_mean": 2.7632, "bus_tau_std": 7.2338, "bus_v_mean": 14.7543, "bus_v_std": 17.7638, "car_acc": 3.3388, "car_dcc": 3.9161, "car_lcAssertive": 12.5291, "car_lcCooperative": 0.2056, "car_lcLookaheadLeft": 31.326, "car_lcPushy": 0.5033, "car_lcSigma": 0.4063, "car_lcSpeedGainRight": 4.3918, "car_lcSublane": 0.4783, "car_sigma": 0.9845, "car_tau_mean": 2.6432, "car_tau_std": 3.9125, "car_v_mean": 15.7395, "car_v_std": 9.5541}, "datetime": {"datetime": "2024-08-08 19:02:47", "elapsed": 1575.416111, "delta": 1.092219}}
{"target": -0.3253347385897883, "params": {"bus_acc": 2.7115, "bus_dcc": 1.7659, "bus_lcAssertive": 47.4422, "bus_lcCooperative": 0.5429, "bus_lcLookaheadLeft": 3.8863, "bus_lcPushy": 0.1745, "bus_lcSigma": 0.3376, "bus_lcSpeedGainRight": 2.2881, "bus_lcSublane": 0.2673, "bus_sigma": 0.7732, "bus_tau_mean": 3.0839, "bus_tau_std": 7.3904, "bus_v_mean": 23.0761, "bus_v_std": 4.3024, "car_acc": 3.1544, "car_dcc": 2.527, "car_lcAssertive": 73.6144, "car_lcCooperative": 0.313, "car_lcLookaheadLeft": 13.2145, "car_lcPushy": 0.3471, "car_lcSigma": 0.7964, "car_lcSpeedGainRight": 0.7924, "car_lcSublane": 0.606, "car_sigma": 0.0172, "car_tau_mean": 3.2632, "car_tau_std": 2.4818, "car_v_mean": 15.7687, "car_v_std": 8.6607}, "datetime": {"datetime": "2024-08-08 19:02:55", "elapsed": 1582.993101, "delta": 7.57699}}
{"target": -0.3597169488598923, "params": {"bus_acc": 2.3873, "bus_dcc": 2.8184, "bus_lcAssertive": 36.7687, "bus_lcCooperative": 0.719, "bus_lcLookaheadLeft": 82.2267, "bus_lcPushy": 0.9986, "bus_lcSigma": 0.7507, "bus_lcSpeedGainRight": 0.6799, "bus_lcSublane": 0.7558, "bus_sigma": 0.1691, "bus_tau_mean": 1.3116, "bus_tau_std": 6.3758, "bus_v_mean": 18.1224, "bus_v_std": 6.276, "car_acc": 3.2312, "car_dcc": 3.3128, "car_lcAssertive": 25.6156, "car_lcCooperative": 0.9796, "car_lcLookaheadLeft": 2.3065, "car_lcPushy": 0.4981, "car_lcSigma": 0.7861, "car_lcSpeedGainRight": 4.6351, "car_lcSublane": 0.0815, "car_sigma": 0.7218, "car_tau_mean": 2.8467, "car_tau_std": 3.0578, "car_v_mean": 21.1553, "car_v_std": 5.3794}, "datetime": {"datetime": "2024-08-08 19:02:56", "elapsed": 1584.352312, "delta": 1.359211}}
{"target": -0.31513541657375654, "params": {"bus_acc": 1.2139, "bus_dcc": 1.9282, "bus_lcAssertive": 50.4954, "bus_lcCooperative": 0.8879, "bus_lcLookaheadLeft": 68.204, "bus_lcPushy": 0.5251, "bus_lcSigma": 0.4349, "bus_lcSpeedGainRight": 1.6968, "bus_lcSublane": 0.9641, "bus_sigma": 0.3552, "bus_tau_mean": 0.8226, "bus_tau_std": 6.3043, "bus_v_mean": 14.0293, "bus_v_std": 15.7648, "car_acc": 3.0819, "car_dcc": 1.8539, "car_lcAssertive": 37.2132, "car_lcCooperative": 0.8373, "car_lcLookaheadLeft": 44.2487, "car_lcPushy": 0.763, "car_lcSigma": 0.5685, "car_lcSpeedGainRight": 3.2454, "car_lcSublane": 0.5582, "car_sigma": 0.5954, "car_tau_mean": 1.1443, "car_tau_std": 9.9925, "car_v_mean": 11.1121, "car_v_std": 3.1629}, "datetime": {"datetime": "2024-08-08 19:03:00", "elapsed": 1588.443669, "delta": 4.091357}}
{"target": -0.34224978645578297, "params": {"bus_acc": 1.4283, "bus_dcc": 3.2618, "bus_lcAssertive": 74.3603, "bus_lcCooperative": 0.4959, "bus_lcLookaheadLeft": 7.7181, "bus_lcPushy": 0.0742, "bus_lcSigma": 0.6737, "bus_lcSpeedGainRight": 1.6169, "bus_lcSublane": 0.758, "bus_sigma": 0.7163, "bus_tau_mean": 2.3312, "bus_tau_std": 3.8412, "bus_v_mean": 18.3099, "bus_v_std": 4.9622, "car_acc": 2.7481, "car_dcc": 2.0977, "car_lcAssertive": 76.8785, "car_lcCooperative": 0.661, "car_lcLookaheadLeft": 51.1096, "car_lcPushy": 0.6244, "car_lcSigma": 0.5075, "car_lcSpeedGainRight": 4.3985, "car_lcSublane": 0.5693, "car_sigma": 0.0031, "car_tau_mean": 1.6622, "car_tau_std": 4.7618, "car_v_mean": 11.4455, "car_v_std": 17.7036}, "datetime": {"datetime": "2024-08-08 19:03:03", "elapsed": 1591.566808, "delta": 3.123139}}
{"target": -0.3674291419845141, "params": {"bus_acc": 3.4948, "bus_dcc": 1.6531, "bus_lcAssertive": 18.3791, "bus_lcCooperative": 0.637, "bus_lcLookaheadLeft": 4.1517, "bus_lcPushy": 0.9231, "bus_lcSigma": 0.0703, "bus_lcSpeedGainRight": 1.7059, "bus_lcSublane": 0.8023, "bus_sigma": 0.9949, "bus_tau_mean": 2.1433, "bus_tau_std": 4.611, "bus_v_mean": 23.0444, "bus_v_std": 9.0865, "car_acc": 1.1234, "car_dcc": 1.9752, "car_lcAssertive": 89.7617, "car_lcCooperative": 0.2564, "car_lcLookaheadLeft": 51.2185, "car_lcPushy": 0.7482, "car_lcSigma": 0.7487, "car_lcSpeedGainRight": 1.8908, "car_lcSublane": 0.0515, "car_sigma": 0.5597, "car_tau_mean": 0.7628, "car_tau_std": 7.0042, "car_v_mean": 18.8889, "car_v_std": 10.7414}, "datetime": {"datetime": "2024-08-08 19:03:08", "elapsed": 1596.333372, "delta": 4.766564}}
{"target": -0.3024525588006076, "params": {"bus_acc": 3.8751, "bus_dcc": 3.2041, "bus_lcAssertive": 42.3116, "bus_lcCooperative": 0.4304, "bus_lcLookaheadLeft": 80.7789, "bus_lcPushy": 0.987, "bus_lcSigma": 0.6802, "bus_lcSpeedGainRight": 1.8001, "bus_lcSublane": 0.3655, "bus_sigma": 0.2224, "bus_tau_mean": 2.7841, "bus_tau_std": 1.2814, "bus_v_mean": 11.4966, "bus_v_std": 10.8174, "car_acc": 2.4327, "car_dcc": 1.8921, "car_lcAssertive": 54.0529, "car_lcCooperative": 0.0767, "car_lcLookaheadLeft": 20.5864, "car_lcPushy": 0.3655, "car_lcSigma": 0.0271, "car_lcSpeedGainRight": 2.4023, "car_lcSublane": 0.5201, "car_sigma": 0.4412, "car_tau_mean": 2.9811, "car_tau_std": 4.8706, "car_v_mean": 13.6845, "car_v_std": 3.1809}, "datetime": {"datetime": "2024-08-08 19:03:15", "elapsed": 1603.649619, "delta": 7.316247}}
{"target": -0.3570638958656637, "params": {"bus_acc": 3.2001, "bus_dcc": 3.1895, "bus_lcAssertive": 4.0474, "bus_lcCooperative": 0.6351, "bus_lcLookaheadLeft": 78.0025, "bus_lcPushy": 0.5731, "bus_lcSigma": 0.5143, "bus_lcSpeedGainRight": 1.2872, "bus_lcSublane": 0.5413, "bus_sigma": 0.7066, "bus_tau_mean": 3.4904, "bus_tau_std": 5.4709, "bus_v_mean": 22.1593, "bus_v_std": 7.5991, "car_acc": 2.4422, "car_dcc": 3.3817, "car_lcAssertive": 55.3468, "car_lcCooperative": 0.8362, "car_lcLookaheadLeft": 78.2836, "car_lcPushy": 0.412, "car_lcSigma": 0.5731, "car_lcSpeedGainRight": 1.1306, "car_lcSublane": 0.782, "car_sigma": 0.9981, "car_tau_mean": 2.4661, "car_tau_std": 8.0788, "car_v_mean": 19.9234, "car_v_std": 16.1382}, "datetime": {"datetime": "2024-08-08 19:03:21", "elapsed": 1609.300147, "delta": 5.650528}}
{"target": -0.32587145928186656, "params": {"bus_acc": 3.9371, "bus_dcc": 1.6661, "bus_lcAssertive": 91.0802, "bus_lcCooperative": 0.3147, "bus_lcLookaheadLeft": 20.2249, "bus_lcPushy": 0.5481, "bus_lcSigma": 0.2931, "bus_lcSpeedGainRight": 1.6175, "bus_lcSublane": 0.8757, "bus_sigma": 0.5996, "bus_tau_mean": 2.2334, "bus_tau_std": 8.1182, "bus_v_mean": 14.3991, "bus_v_std": 0.085, "car_acc": 1.8239, "car_dcc": 1.1779, "car_lcAssertive": 34.0033, "car_lcCooperative": 0.8503, "car_lcLookaheadLeft": 19.6796, "car_lcPushy": 0.8272, "car_lcSigma": 0.6091, "car_lcSpeedGainRight": 2.6032, "car_lcSublane": 0.878, "car_sigma": 0.0286, "car_tau_mean": 2.3412, "car_tau_std": 9.4571, "car_v_mean": 21.4991, "car_v_std": 15.2287}, "datetime": {"datetime": "2024-08-08 19:03:28", "elapsed": 1616.249594, "delta": 6.949447}}
{"target": -0.36520666711530864, "params": {"bus_acc": 1.9994, "bus_dcc": 3.3015, "bus_lcAssertive": 83.384, "bus_lcCooperative": 0.8249, "bus_lcLookaheadLeft": 17.0386, "bus_lcPushy": 0.1207, "bus_lcSigma": 0.3881, "bus_lcSpeedGainRight": 2.5867, "bus_lcSublane": 0.2254, "bus_sigma": 0.6195, "bus_tau_mean": 3.2918, "bus_tau_std": 0.5813, "bus_v_mean": 20.6402, "bus_v_std": 5.584, "car_acc": 1.3459, "car_dcc": 2.056, "car_lcAssertive": 12.1187, "car_lcCooperative": 0.3171, "car_lcLookaheadLeft": 96.7043, "car_lcPushy": 0.4861, "car_lcSigma": 0.4781, "car_lcSpeedGainRight": 2.5573, "car_lcSublane": 0.1996, "car_sigma": 0.4959, "car_tau_mean": 0.5596, "car_tau_std": 7.5601, "car_v_mean": 22.8929, "car_v_std": 5.6273}, "datetime": {"datetime": "2024-08-08 19:03:35", "elapsed": 1623.321754, "delta": 7.07216}}
{"target": -0.33145830483798305, "params": {"bus_acc": 1.4361, "bus_dcc": 1.7299, "bus_lcAssertive": 14.195, "bus_lcCooperative": 0.1404, "bus_lcLookaheadLeft": 79.9234, "bus_lcPushy": 0.5004, "bus_lcSigma": 0.0758, "bus_lcSpeedGainRight": 1.8127, "bus_lcSublane": 0.8055, "bus_sigma": 0.5808, "bus_tau_mean": 1.15, "bus_tau_std": 9.1965, "bus_v_mean": 19.1486, "bus_v_std": 3.0231, "car_acc": 1.4209, "car_dcc": 1.8638, "car_lcAssertive": 85.3703, "car_lcCooperative": 0.7176, "car_lcLookaheadLeft": 76.5938, "car_lcPushy": 0.1032, "car_lcSigma": 0.8097, "car_lcSpeedGainRight": 0.8306, "car_lcSublane": 0.3414, "car_sigma": 0.1674, "car_tau_mean": 2.6077, "car_tau_std": 4.9577, "car_v_mean": 15.2477, "car_v_std": 17.1939}, "datetime": {"datetime": "2024-08-08 19:03:40", "elapsed": 1628.450686, "delta": 5.128932}}
{"target": -0.33500868165027303, "params": {"bus_acc": 2.1401, "bus_dcc": 2.4948, "bus_lcAssertive": 91.2198, "bus_lcCooperative": 0.1005, "bus_lcLookaheadLeft": 68.4961, "bus_lcPushy": 0.3881, "bus_lcSigma": 0.3556, "bus_lcSpeedGainRight": 3.3736, "bus_lcSublane": 0.9833, "bus_sigma": 0.8844, "bus_tau_mean": 1.2001, "bus_tau_std": 3.9854, "bus_v_mean": 12.0223, "bus_v_std": 14.1586, "car_acc": 1.7745, "car_dcc": 2.6556, "car_lcAssertive": 23.4244, "car_lcCooperative": 0.4993, "car_lcLookaheadLeft": 61.6762, "car_lcPushy": 0.1912, "car_lcSigma": 0.7232, "car_lcSpeedGainRight": 4.3576, "car_lcSublane": 0.7739, "car_sigma": 0.09, "car_tau_mean": 2.8554, "car_tau_std": 9.8832, "car_v_mean": 21.5873, "car_v_std": 4.7051}, "datetime": {"datetime": "2024-08-08 19:03:46", "elapsed": 1634.586966, "delta": 6.13628}}
{"target": -0.2940685337336932, "params": {"bus_acc": 3.2696, "bus_dcc": 1.4556, "bus_lcAssertive": 11.5138, "bus_lcCooperative": 0.4036, "bus_lcLookaheadLeft": 40.6367, "bus_lcPushy": 0.3381, "bus_lcSigma": 0.2103, "bus_lcSpeedGainRight": 2.3686, "bus_lcSublane": 0.4001, "bus_sigma": 0.6091, "bus_tau_mean": 2.8784, "bus_tau_std": 7.6014, "bus_v_mean": 10.6436, "bus_v_std": 3.7016, "car_acc": 2.3399, "car_dcc": 2.0565, "car_lcAssertive": 47.4179, "car_lcCooperative": 0.5792, "car_lcLookaheadLeft": 89.1343, "car_lcPushy": 0.894, "car_lcSigma": 0.5353, "car_lcSpeedGainRight": 2.979, "car_lcSublane": 0.6551, "car_sigma": 0.4229, "car_tau_mean": 3.2123, "car_tau_std": 6.4572, "car_v_mean": 19.198, "car_v_std": 14.1376}, "datetime": {"datetime": "2024-08-08 19:03:49", "elapsed": 1637.066157, "delta": 2.479191}}
{"target": -0.3155192300972309, "params": {"bus_acc": 1.335, "bus_dcc": 2.4389, "bus_lcAssertive": 62.0714, "bus_lcCooperative": 0.1961, "bus_lcLookaheadLeft": 3.3824, "bus_lcPushy": 0.5911, "bus_lcSigma": 0.3554, "bus_lcSpeedGainRight": 3.238, "bus_lcSublane": 0.2049, "bus_sigma": 0.6845, "bus_tau_mean": 1.7654, "bus_tau_std": 1.0819, "bus_v_mean": 15.0424, "bus_v_std": 16.6457, "car_acc": 1.9766, "car_dcc": 2.9157, "car_lcAssertive": 3.3661, "car_lcCooperative": 0.228, "car_lcLookaheadLeft": 7.5467, "car_lcPushy": 0.7437, "car_lcSigma": 0.7517, "car_lcSpeedGainRight": 3.3748, "car_lcSublane": 0.2555, "car_sigma": 0.6334, "car_tau_mean": 2.8583, "car_tau_std": 2.152, "car_v_mean": 21.8545, "car_v_std": 19.4122}, "datetime": {"datetime": "2024-08-08 19:03:51", "elapsed": 1639.395615, "delta": 2.329458}}
{"target": -0.35923473405822276, "params": {"bus_acc": 1.3896, "bus_dcc": 1.7599, "bus_lcAssertive": 3.1358, "bus_lcCooperative": 0.6297, "bus_lcLookaheadLeft": 6.0645, "bus_lcPushy": 0.4527, "bus_lcSigma": 0.6672, "bus_lcSpeedGainRight": 1.4315, "bus_lcSublane": 0.1839, "bus_sigma": 0.3859, "bus_tau_mean": 3.2832, "bus_tau_std": 2.8143, "bus_v_mean": 9.4332, "bus_v_std": 9.8486, "car_acc": 1.8932, "car_dcc": 3.6644, "car_lcAssertive": 90.1406, "car_lcCooperative": 0.8267, "car_lcLookaheadLeft": 96.281, "car_lcPushy": 0.473, "car_lcSigma": 0.2316, "car_lcSpeedGainRight": 2.8369, "car_lcSublane": 0.2457, "car_sigma": 0.4963, "car_tau_mean": 3.6511, "car_tau_std": 4.4093, "car_v_mean": 23.3724, "car_v_std": 1.0262}, "datetime": {"datetime": "2024-08-08 19:03:56", "elapsed": 1644.463652, "delta": 5.068037}}
{"target": -0.28459453964760156, "params": {"bus_acc": 3.6853, "bus_dcc": 1.3045, "bus_lcAssertive": 9.0885, "bus_lcCooperative": 0.6501, "bus_lcLookaheadLeft": 4.871, "bus_lcPushy": 0.8043, "bus_lcSigma": 0.4383, "bus_lcSpeedGainRight": 3.6859, "bus_lcSublane": 0.9591, "bus_sigma": 0.6537, "bus_tau_mean": 1.5023, "bus_tau_std": 4.3713, "bus_v_mean": 11.4795, "bus_v_std": 9.1732, "car_acc": 3.4115, "car_dcc": 1.8765, "car_lcAssertive": 68.4621, "car_lcCooperative": 0.2396, "car_lcLookaheadLeft": 93.1349, "car_lcPushy": 0.64, "car_lcSigma": 0.0824, "car_lcSpeedGainRight": 3.1104, "car_lcSublane": 0.4831, "car_sigma": 0.2584, "car_tau_mean": 1.5854, "car_tau_std": 0.8226, "car_v_mean": 18.6099, "car_v_std": 16.8973}, "datetime": {"datetime": "2024-08-08 19:04:07", "elapsed": 1655.342254, "delta": 10.878602}}
{"target": -0.33213908925289587, "params": {"bus_acc": 1.9638, "bus_dcc": 3.3418, "bus_lcAssertive": 55.1684, "bus_lcCooperative": 0.8614, "bus_lcLookaheadLeft": 30.738, "bus_lcPushy": 0.1559, "bus_lcSigma": 0.0554, "bus_lcSpeedGainRight": 0.9558, "bus_lcSublane": 0.858, "bus_sigma": 0.2339, "bus_tau_mean": 1.4264, "bus_tau_std": 8.3648, "bus_v_mean": 22.2789, "bus_v_std": 6.5757, "car_acc": 3.6786, "car_dcc": 1.2628, "car_lcAssertive": 63.5563, "car_lcCooperative": 0.0098, "car_lcLookaheadLeft": 4.5392, "car_lcPushy": 0.3605, "car_lcSigma": 0.0601, "car_lcSpeedGainRight": 0.6278, "car_lcSublane": 0.8369, "car_sigma": 0.9067, "car_tau_mean": 3.7155, "car_tau_std": 8.3959, "car_v_mean": 13.9915, "car_v_std": 2.1274}, "datetime": {"datetime": "2024-08-08 19:04:13", "elapsed": 1661.207693, "delta": 5.865439}}
{"target": -0.32047506971913936, "params": {"bus_acc": 1.0327, "bus_dcc": 1.4159, "bus_lcAssertive": 74.6367, "bus_lcCooperative": 0.1634, "bus_lcLookaheadLeft": 81.1971, "bus_lcPushy": 0.4938, "bus_lcSigma": 0.8613, "bus_lcSpeedGainRight": 1.8922, "bus_lcSublane": 0.0174, "bus_sigma": 0.2538, "bus_tau_mean": 0.6094, "bus_tau_std": 1.1869, "bus_v_mean": 20.4435, "bus_v_std": 13.0276, "car_acc": 2.2968, "car_dcc": 2.1519, "car_lcAssertive": 70.3738, "car_lcCooperative": 0.6462, "car_lcLookaheadLeft": 75.8626, "car_lcPushy": 0.9345, "car_lcSigma": 0.5123, "car_lcSpeedGainRight": 2.4569, "car_lcSublane": 0.8878, "car_sigma": 0.8269, "car_tau_mean": 2.5697, "car_tau_std": 6.8198, "car_v_mean": 22.9027, "car_v_std": 16.0248}, "datetime": {"datetime": "2024-08-08 19:04:19", "elapsed": 1667.336935, "delta": 6.129242}}
{"target": -0.3132564719998042, "params": {"bus_acc": 1.2784, "bus_dcc": 2.8619, "bus_lcAssertive": 7.5058, "bus_lcCooperative": 0.5446, "bus_lcLookaheadLeft": 76.7145, "bus_lcPushy": 0.4178, "bus_lcSigma": 0.2252, "bus_lcSpeedGainRight": 4.0511, "bus_lcSublane": 0.1703, "bus_sigma": 0.5659, "bus_tau_mean": 2.4045, "bus_tau_std": 9.7133, "bus_v_mean": 10.5918, "bus_v_std": 3.0339, "car_acc": 1.9128, "car_dcc": 1.5235, "car_lcAssertive": 93.0963, "car_lcCooperative": 0.1269, "car_lcLookaheadLeft": 93.5865, "car_lcPushy": 0.6718, "car_lcSigma": 0.398, "car_lcSpeedGainRight": 4.0339, "car_lcSublane": 0.2517, "car_sigma": 0.406, "car_tau_mean": 1.6091, "car_tau_std": 2.8146, "car_v_mean": 23.2454, "car_v_std": 5.0454}, "datetime": {"datetime": "2024-08-08 19:04:22", "elapsed": 1670.094886, "delta": 2.757951}}
