{"target": -0.04835898627024788, "params": {"bus_acc": 2.97249356487259, "bus_dcc": 1.084727860488738, "bus_lcAssertive": 93.34362688852097, "bus_lcCooperative": 0.930854967759968, "bus_lcLookaheadLeft": 40.310033727142894, "bus_lcPushy": 0.2144648711333198, "bus_lcSublane": 0.619213297933239, "bus_max_v": 11.915391380343728, "bus_tau_mean": 3.3112286801480293, "bus_tau_std": 2.5393385587773523, "car_acc": 1.5816123100653559, "car_dcc": 3.747747370029871, "car_lcAssertive": 90.38876651396649, "car_lcCooperative": 0.5353808917305217, "car_lcLookaheadLeft": 86.55822009670433, "car_lcPushy": 0.3525325688050618, "car_lcSublane": 0.9978842782249023, "car_max_v": 17.541174266909493, "car_tau_mean": 1.5318420412947338, "car_tau_std": 0.4157423394916726}, "datetime": {"datetime": "2024-08-04 11:42:54", "elapsed": 448.163523, "delta": 31.722901}}
{"target": -0.04160829162137931, "params": {"bus_acc": 2.0558079568162535, "bus_dcc": 3.2202326294772146, "bus_lcAssertive": 15.843217006808338, "bus_lcCooperative": 0.5510871741869717, "bus_lcLookaheadLeft": 23.22848641622038, "bus_lcPushy": 0.7591960493171447, "bus_lcSublane": 0.7229151935562137, "bus_max_v": 11.884078754095826, "bus_tau_mean": 3.516882951834757, "bus_tau_std": 0.19775099516344263, "car_acc": 2.7204739948462304, "car_dcc": 2.676711433482815, "car_lcAssertive": 40.91882673847907, "car_lcCooperative": 0.7587469310223366, "car_lcLookaheadLeft": 72.25904216586204, "car_lcPushy": 0.9873261748084265, "car_lcSublane": 0.2780850486129828, "car_max_v": 8.083460793005537, "car_tau_mean": 3.768659129102107, "car_tau_std": 8.578971045378939}, "datetime": {"datetime": "2024-08-04 11:42:57", "elapsed": 452.102141, "delta": 3.938618}}
{"target": -0.06458753505420026, "params": {"bus_acc": 2.9794139075734836, "bus_dcc": 2.394662892735467, "bus_lcAssertive": 73.7239163909867, "bus_lcCooperative": 0.6408076240458747, "bus_lcLookaheadLeft": 72.86315316726895, "bus_lcPushy": 0.05111090382611627, "bus_lcSublane": 0.9200454054097137, "bus_max_v": 28.390506793849312, "bus_tau_mean": 2.43198259503969, "bus_tau_std": 9.639158886845511, "car_acc": 1.561911073980735, "car_dcc": 2.8064398814096356, "car_lcAssertive": 40.24980631520977, "car_lcCooperative": 0.6280232317552282, "car_lcLookaheadLeft": 31.461964275327315, "car_lcPushy": 0.8193583846560202, "car_lcSublane": 0.06978597850420853, "car_max_v": 8.921306546599919, "car_tau_mean": 0.6728873462166001, "car_tau_std": 1.5045502836766345}, "datetime": {"datetime": "2024-08-04 11:43:36", "elapsed": 490.828756, "delta": 38.726615}}
{"target": -0.05306096882478575, "params": {"bus_acc": 2.85, "bus_dcc": 3.2, "bus_lcAssertive": 46.61, "bus_lcCooperative": 0.23, "bus_lcLookaheadLeft": 91.66, "bus_lcPushy": 0.81, "bus_lcSublane": 0.48, "bus_max_v": 27.82, "bus_tau_mean": 2.41, "bus_tau_std": 1.79, "car_acc": 2.49, "car_dcc": 2.27, "car_lcAssertive": 89.85, "car_lcCooperative": 0.03, "car_lcLookaheadLeft": 76.51, "car_lcPushy": 0.47, "car_lcSublane": 0.73, "car_max_v": 21.65, "car_tau_mean": 1.44, "car_tau_std": 2.17}, "datetime": {"datetime": "2024-08-04 11:45:03", "elapsed": 577.387305, "delta": 86.558549}}
{"target": -0.0562532439270981, "params": {"bus_acc": 2.35, "bus_dcc": 2.38, "bus_lcAssertive": 41.83, "bus_lcCooperative": 0.64, "bus_lcLookaheadLeft": 56.44, "bus_lcPushy": 0.21, "bus_lcSublane": 0.48, "bus_max_v": 23.64, "bus_tau_mean": 1.67, "bus_tau_std": 9.7, "car_acc": 1.98, "car_dcc": 2.15, "car_lcAssertive": 74.98, "car_lcCooperative": 0.93, "car_lcLookaheadLeft": 22.1, "car_lcPushy": 0.84, "car_lcSublane": 0.62, "car_max_v": 17.88, "car_tau_mean": 0.7, "car_tau_std": 9.0}, "datetime": {"datetime": "2024-08-04 11:45:22", "elapsed": 596.251786, "delta": 18.864481}}
{"target": -0.03965377203825066, "params": {"bus_acc": 1.99, "bus_dcc": 1.36, "bus_lcAssertive": 99.35, "bus_lcCooperative": 0.96, "bus_lcLookaheadLeft": 27.95, "bus_lcPushy": 0.1, "bus_lcSublane": 0.39, "bus_max_v": 22.28, "bus_tau_mean": 1.99, "bus_tau_std": 2.63, "car_acc": 1.37, "car_dcc": 3.95, "car_lcAssertive": 31.34, "car_lcCooperative": 0.43, "car_lcLookaheadLeft": 66.81, "car_lcPushy": 0.28, "car_lcSublane": 0.14, "car_max_v": 22.81, "car_tau_mean": 2.2, "car_tau_std": 9.85}, "datetime": {"datetime": "2024-08-04 11:45:42", "elapsed": 617.012385, "delta": 20.760599}}
{"target": -0.048091753959141316, "params": {"bus_acc": 1.97, "bus_dcc": 1.02, "bus_lcAssertive": 53.66, "bus_lcCooperative": 0.59, "bus_lcLookaheadLeft": 55.09, "bus_lcPushy": 0.54, "bus_lcSublane": 0.48, "bus_max_v": 24.88, "bus_tau_mean": 2.62, "bus_tau_std": 3.62, "car_acc": 1.61, "car_dcc": 2.05, "car_lcAssertive": 83.03, "car_lcCooperative": 0.43, "car_lcLookaheadLeft": 23.72, "car_lcPushy": 0.27, "car_lcSublane": 0.9, "car_max_v": 24.46, "car_tau_mean": 2.37, "car_tau_std": 8.52}, "datetime": {"datetime": "2024-08-04 11:45:44", "elapsed": 618.627701, "delta": 1.615316}}
{"target": -0.06252930111049149, "params": {"bus_acc": 1.72, "bus_dcc": 3.09, "bus_lcAssertive": 59.86, "bus_lcCooperative": 0.76, "bus_lcLookaheadLeft": 9.76, "bus_lcPushy": 0.76, "bus_lcSublane": 0.05, "bus_max_v": 9.99, "bus_tau_mean": 2.54, "bus_tau_std": 9.94, "car_acc": 2.37, "car_dcc": 2.26, "car_lcAssertive": 49.73, "car_lcCooperative": 0.11, "car_lcLookaheadLeft": 43.01, "car_lcPushy": 0.02, "car_lcSublane": 0.68, "car_max_v": 18.83, "car_tau_mean": 2.2, "car_tau_std": 5.77}, "datetime": {"datetime": "2024-08-04 11:46:06", "elapsed": 640.256679, "delta": 21.628978}}
{"target": -0.057449004284668315, "params": {"bus_acc": 2.5, "bus_dcc": 3.6, "bus_lcAssertive": 54.61, "bus_lcCooperative": 0.44, "bus_lcLookaheadLeft": 89.5, "bus_lcPushy": 0.34, "bus_lcSublane": 0.5, "bus_max_v": 26.91, "bus_tau_mean": 3.86, "bus_tau_std": 5.56, "car_acc": 2.65, "car_dcc": 2.87, "car_lcAssertive": 91.0, "car_lcCooperative": 0.54, "car_lcLookaheadLeft": 74.38, "car_lcPushy": 0.69, "car_lcSublane": 0.23, "car_max_v": 20.68, "car_tau_mean": 1.62, "car_tau_std": 5.09}, "datetime": {"datetime": "2024-08-04 11:46:33", "elapsed": 667.30541, "delta": 27.048731}}
{"target": -0.05120845347608318, "params": {"bus_acc": 1.55, "bus_dcc": 3.92, "bus_lcAssertive": 45.55, "bus_lcCooperative": 0.01, "bus_lcLookaheadLeft": 57.58, "bus_lcPushy": 0.38, "bus_lcSublane": 0.48, "bus_max_v": 21.32, "bus_tau_mean": 2.55, "bus_tau_std": 9.4, "car_acc": 1.91, "car_dcc": 1.63, "car_lcAssertive": 85.75, "car_lcCooperative": 0.22, "car_lcLookaheadLeft": 19.89, "car_lcPushy": 0.9, "car_lcSublane": 0.2, "car_max_v": 20.95, "car_tau_mean": 3.54, "car_tau_std": 1.58}, "datetime": {"datetime": "2024-08-04 11:46:41", "elapsed": 675.42408, "delta": 8.11867}}
{"target": -0.04428382799567334, "params": {"bus_acc": 1.29, "bus_dcc": 2.23, "bus_lcAssertive": 97.87, "bus_lcCooperative": 0.82, "bus_lcLookaheadLeft": 32.04, "bus_lcPushy": 0.06, "bus_lcSublane": 0.17, "bus_max_v": 15.08, "bus_tau_mean": 3.53, "bus_tau_std": 3.94, "car_acc": 1.32, "car_dcc": 3.15, "car_lcAssertive": 20.69, "car_lcCooperative": 0.85, "car_lcLookaheadLeft": 73.61, "car_lcPushy": 0.74, "car_lcSublane": 0.12, "car_max_v": 21.51, "car_tau_mean": 2.06, "car_tau_std": 3.69}, "datetime": {"datetime": "2024-08-04 11:46:56", "elapsed": 690.425325, "delta": 15.001245}}
{"target": -0.06790718138114676, "params": {"bus_acc": 3.0, "bus_dcc": 4.0, "bus_lcAssertive": 1.0, "bus_lcCooperative": 0.0, "bus_lcLookaheadLeft": 100.0, "bus_lcPushy": 0.85, "bus_lcSublane": 1.0, "bus_max_v": 8.0, "bus_tau_mean": 3.84, "bus_tau_std": 0.0, "car_acc": 3.0, "car_dcc": 1.0, "car_lcAssertive": 100.0, "car_lcCooperative": 1.0, "car_lcLookaheadLeft": 100.0, "car_lcPushy": 0.0, "car_lcSublane": 0.0, "car_max_v": 30.0, "car_tau_mean": 0.5, "car_tau_std": 5.63}, "datetime": {"datetime": "2024-08-04 11:47:23", "elapsed": 717.813195, "delta": 27.38787}}
{"target": -0.04851959337960985, "params": {"bus_acc": 2.56, "bus_dcc": 1.7, "bus_lcAssertive": 75.83, "bus_lcCooperative": 0.26, "bus_lcLookaheadLeft": 29.52, "bus_lcPushy": 0.69, "bus_lcSublane": 0.3, "bus_max_v": 26.39, "bus_tau_mean": 2.26, "bus_tau_std": 8.46, "car_acc": 2.54, "car_dcc": 3.02, "car_lcAssertive": 72.09, "car_lcCooperative": 0.72, "car_lcLookaheadLeft": 88.06, "car_lcPushy": 0.96, "car_lcSublane": 0.61, "car_max_v": 15.18, "car_tau_mean": 3.52, "car_tau_std": 7.98}, "datetime": {"datetime": "2024-08-04 11:47:25", "elapsed": 720.002871, "delta": 2.189676}}
{"target": -0.05836659080501139, "params": {"bus_acc": 1.95, "bus_dcc": 2.63, "bus_lcAssertive": 96.77, "bus_lcCooperative": 0.05, "bus_lcLookaheadLeft": 35.61, "bus_lcPushy": 0.26, "bus_lcSublane": 0.1, "bus_max_v": 15.28, "bus_tau_mean": 3.35, "bus_tau_std": 1.59, "car_acc": 2.71, "car_dcc": 3.45, "car_lcAssertive": 21.26, "car_lcCooperative": 0.24, "car_lcLookaheadLeft": 71.99, "car_lcPushy": 0.44, "car_lcSublane": 0.46, "car_max_v": 20.77, "car_tau_mean": 3.37, "car_tau_std": 7.34}, "datetime": {"datetime": "2024-08-04 11:47:37", "elapsed": 731.331553, "delta": 11.328682}}
{"target": -0.052839773083394215, "params": {"bus_acc": 1.38, "bus_dcc": 1.35, "bus_lcAssertive": 41.86, "bus_lcCooperative": 0.02, "bus_lcLookaheadLeft": 48.18, "bus_lcPushy": 0.42, "bus_lcSublane": 0.56, "bus_max_v": 18.59, "bus_tau_mean": 2.77, "bus_tau_std": 7.94, "car_acc": 1.59, "car_dcc": 1.66, "car_lcAssertive": 80.59, "car_lcCooperative": 0.12, "car_lcLookaheadLeft": 20.54, "car_lcPushy": 0.16, "car_lcSublane": 0.22, "car_max_v": 20.42, "car_tau_mean": 3.65, "car_tau_std": 7.34}, "datetime": {"datetime": "2024-08-04 11:47:53", "elapsed": 747.490052, "delta": 16.158499}}
{"target": -0.050980094305811983, "params": {"bus_acc": 2.09, "bus_dcc": 1.55, "bus_lcAssertive": 66.28, "bus_lcCooperative": 0.49, "bus_lcLookaheadLeft": 9.28, "bus_lcPushy": 0.11, "bus_lcSublane": 0.19, "bus_max_v": 17.06, "bus_tau_mean": 3.4, "bus_tau_std": 4.96, "car_acc": 2.39, "car_dcc": 1.34, "car_lcAssertive": 14.11, "car_lcCooperative": 0.64, "car_lcLookaheadLeft": 42.61, "car_lcPushy": 0.46, "car_lcSublane": 0.06, "car_max_v": 17.43, "car_tau_mean": 1.01, "car_tau_std": 7.63}, "datetime": {"datetime": "2024-08-04 11:47:58", "elapsed": 752.712249, "delta": 5.222197}}
{"target": -0.05690073204603454, "params": {"bus_acc": 1.79, "bus_dcc": 3.13, "bus_lcAssertive": 43.37, "bus_lcCooperative": 0.31, "bus_lcLookaheadLeft": 56.95, "bus_lcPushy": 0.34, "bus_lcSublane": 0.72, "bus_max_v": 24.05, "bus_tau_mean": 0.74, "bus_tau_std": 2.28, "car_acc": 1.99, "car_dcc": 3.06, "car_lcAssertive": 83.87, "car_lcCooperative": 0.88, "car_lcLookaheadLeft": 23.1, "car_lcPushy": 0.26, "car_lcSublane": 0.55, "car_max_v": 20.07, "car_tau_mean": 2.56, "car_tau_std": 5.09}, "datetime": {"datetime": "2024-08-04 11:48:01", "elapsed": 755.905289, "delta": 3.19304}}
{"target": -0.04994558509921204, "params": {"bus_acc": 2.97, "bus_dcc": 1.62, "bus_lcAssertive": 48.94, "bus_lcCooperative": 0.43, "bus_lcLookaheadLeft": 55.94, "bus_lcPushy": 0.32, "bus_lcSublane": 0.51, "bus_max_v": 25.09, "bus_tau_mean": 2.35, "bus_tau_std": 8.37, "car_acc": 1.89, "car_dcc": 1.36, "car_lcAssertive": 81.66, "car_lcCooperative": 0.29, "car_lcLookaheadLeft": 24.42, "car_lcPushy": 0.84, "car_lcSublane": 0.98, "car_max_v": 18.72, "car_tau_mean": 2.08, "car_tau_std": 3.75}, "datetime": {"datetime": "2024-08-04 11:48:08", "elapsed": 762.354497, "delta": 6.449208}}
{"target": -0.05397504443384495, "params": {"bus_acc": 1.55, "bus_dcc": 1.88, "bus_lcAssertive": 52.07, "bus_lcCooperative": 0.7, "bus_lcLookaheadLeft": 94.8, "bus_lcPushy": 0.01, "bus_lcSublane": 0.3, "bus_max_v": 28.93, "bus_tau_mean": 3.68, "bus_tau_std": 2.23, "car_acc": 2.91, "car_dcc": 3.02, "car_lcAssertive": 95.97, "car_lcCooperative": 0.94, "car_lcLookaheadLeft": 83.61, "car_lcPushy": 0.59, "car_lcSublane": 0.11, "car_max_v": 14.97, "car_tau_mean": 2.37, "car_tau_std": 1.48}, "datetime": {"datetime": "2024-08-04 11:48:13", "elapsed": 767.619158, "delta": 5.264661}}
{"target": -0.04551610339262451, "params": {"bus_acc": 1.97, "bus_dcc": 3.4, "bus_lcAssertive": 6.8, "bus_lcCooperative": 0.07, "bus_lcLookaheadLeft": 79.28, "bus_lcPushy": 0.01, "bus_lcSublane": 0.02, "bus_max_v": 26.67, "bus_tau_mean": 3.4, "bus_tau_std": 6.69, "car_acc": 1.72, "car_dcc": 1.17, "car_lcAssertive": 94.31, "car_lcCooperative": 0.21, "car_lcLookaheadLeft": 38.07, "car_lcPushy": 0.23, "car_lcSublane": 0.79, "car_max_v": 16.45, "car_tau_mean": 1.85, "car_tau_std": 6.61}, "datetime": {"datetime": "2024-08-04 11:48:14", "elapsed": 768.614532, "delta": 0.995374}}
{"target": -0.0468814178746329, "params": {"bus_acc": 1.77, "bus_dcc": 2.27, "bus_lcAssertive": 39.04, "bus_lcCooperative": 0.5, "bus_lcLookaheadLeft": 59.05, "bus_lcPushy": 0.3, "bus_lcSublane": 0.22, "bus_max_v": 27.48, "bus_tau_mean": 2.3, "bus_tau_std": 2.46, "car_acc": 1.18, "car_dcc": 2.37, "car_lcAssertive": 83.62, "car_lcCooperative": 0.35, "car_lcLookaheadLeft": 25.95, "car_lcPushy": 0.29, "car_lcSublane": 0.58, "car_max_v": 20.67, "car_tau_mean": 1.81, "car_tau_std": 6.47}, "datetime": {"datetime": "2024-08-04 11:48:34", "elapsed": 788.89511, "delta": 20.280578}}
{"target": -0.04862892531778005, "params": {"bus_acc": 2.63, "bus_dcc": 1.44, "bus_lcAssertive": 54.9, "bus_lcCooperative": 0.7, "bus_lcLookaheadLeft": 98.52, "bus_lcPushy": 0.08, "bus_lcSublane": 0.64, "bus_max_v": 27.52, "bus_tau_mean": 2.28, "bus_tau_std": 3.37, "car_acc": 2.3, "car_dcc": 1.11, "car_lcAssertive": 89.83, "car_lcCooperative": 0.1, "car_lcLookaheadLeft": 71.4, "car_lcPushy": 0.65, "car_lcSublane": 0.77, "car_max_v": 15.21, "car_tau_mean": 2.57, "car_tau_std": 6.92}, "datetime": {"datetime": "2024-08-04 11:48:36", "elapsed": 790.248097, "delta": 1.352987}}
{"target": -0.03479631944063862, "params": {"bus_acc": 2.83, "bus_dcc": 2.72, "bus_lcAssertive": 91.49, "bus_lcCooperative": 0.51, "bus_lcLookaheadLeft": 97.52, "bus_lcPushy": 0.09, "bus_lcSublane": 0.4, "bus_max_v": 19.44, "bus_tau_mean": 2.34, "bus_tau_std": 7.82, "car_acc": 1.44, "car_dcc": 1.1, "car_lcAssertive": 36.71, "car_lcCooperative": 0.9, "car_lcLookaheadLeft": 38.87, "car_lcPushy": 0.25, "car_lcSublane": 0.54, "car_max_v": 14.88, "car_tau_mean": 1.73, "car_tau_std": 4.0}, "datetime": {"datetime": "2024-08-04 11:48:46", "elapsed": 800.740211, "delta": 10.492114}}
{"target": -0.031438026733254736, "params": {"bus_acc": 2.76, "bus_dcc": 1.41, "bus_lcAssertive": 53.57, "bus_lcCooperative": 0.09, "bus_lcLookaheadLeft": 29.3, "bus_lcPushy": 0.96, "bus_lcSublane": 0.69, "bus_max_v": 19.6, "bus_tau_mean": 3.21, "bus_tau_std": 1.16, "car_acc": 2.81, "car_dcc": 2.8, "car_lcAssertive": 6.75, "car_lcCooperative": 0.24, "car_lcLookaheadLeft": 19.86, "car_lcPushy": 0.18, "car_lcSublane": 0.57, "car_max_v": 21.09, "car_tau_mean": 0.74, "car_tau_std": 0.25}, "datetime": {"datetime": "2024-08-04 11:48:53", "elapsed": 807.739481, "delta": 6.99927}}
{"target": -0.05354553392741476, "params": {"bus_acc": 2.28, "bus_dcc": 1.53, "bus_lcAssertive": 57.1, "bus_lcCooperative": 0.24, "bus_lcLookaheadLeft": 90.98, "bus_lcPushy": 0.77, "bus_lcSublane": 0.78, "bus_max_v": 28.6, "bus_tau_mean": 1.82, "bus_tau_std": 2.2, "car_acc": 2.13, "car_dcc": 3.02, "car_lcAssertive": 90.04, "car_lcCooperative": 0.98, "car_lcLookaheadLeft": 67.7, "car_lcPushy": 0.72, "car_lcSublane": 0.85, "car_max_v": 17.24, "car_tau_mean": 1.69, "car_tau_std": 1.9}, "datetime": {"datetime": "2024-08-04 11:48:56", "elapsed": 810.147683, "delta": 2.408202}}
{"target": -0.0535484612823588, "params": {"bus_acc": 2.44, "bus_dcc": 2.95, "bus_lcAssertive": 51.79, "bus_lcCooperative": 0.63, "bus_lcLookaheadLeft": 31.5, "bus_lcPushy": 0.61, "bus_lcSublane": 0.63, "bus_max_v": 25.17, "bus_tau_mean": 1.1, "bus_tau_std": 6.08, "car_acc": 1.71, "car_dcc": 1.52, "car_lcAssertive": 6.15, "car_lcCooperative": 0.27, "car_lcLookaheadLeft": 18.01, "car_lcPushy": 0.73, "car_lcSublane": 0.98, "car_max_v": 23.3, "car_tau_mean": 1.26, "car_tau_std": 4.67}, "datetime": {"datetime": "2024-08-04 11:48:58", "elapsed": 812.395123, "delta": 2.24744}}
{"target": -0.05285255447886681, "params": {"bus_acc": 1.66, "bus_dcc": 3.76, "bus_lcAssertive": 23.5, "bus_lcCooperative": 0.46, "bus_lcLookaheadLeft": 90.18, "bus_lcPushy": 0.19, "bus_lcSublane": 0.94, "bus_max_v": 17.93, "bus_tau_mean": 2.09, "bus_tau_std": 3.35, "car_acc": 2.67, "car_dcc": 2.77, "car_lcAssertive": 68.75, "car_lcCooperative": 0.01, "car_lcLookaheadLeft": 87.45, "car_lcPushy": 0.69, "car_lcSublane": 0.26, "car_max_v": 25.52, "car_tau_mean": 1.05, "car_tau_std": 3.5}, "datetime": {"datetime": "2024-08-04 11:48:59", "elapsed": 814.091707, "delta": 1.696584}}
{"target": -0.05880744406384095, "params": {"bus_acc": 1.86, "bus_dcc": 2.3, "bus_lcAssertive": 48.02, "bus_lcCooperative": 0.25, "bus_lcLookaheadLeft": 52.34, "bus_lcPushy": 0.18, "bus_lcSublane": 0.9, "bus_max_v": 26.32, "bus_tau_mean": 3.23, "bus_tau_std": 8.95, "car_acc": 2.77, "car_dcc": 3.52, "car_lcAssertive": 85.99, "car_lcCooperative": 0.18, "car_lcLookaheadLeft": 25.0, "car_lcPushy": 0.59, "car_lcSublane": 0.59, "car_max_v": 19.92, "car_tau_mean": 2.2, "car_tau_std": 3.19}, "datetime": {"datetime": "2024-08-04 11:49:03", "elapsed": 817.160403, "delta": 3.068696}}
{"target": -0.054763702435349615, "params": {"bus_acc": 1.43, "bus_dcc": 1.33, "bus_lcAssertive": 71.96, "bus_lcCooperative": 0.99, "bus_lcLookaheadLeft": 6.23, "bus_lcPushy": 0.38, "bus_lcSublane": 0.97, "bus_max_v": 18.74, "bus_tau_mean": 1.41, "bus_tau_std": 1.97, "car_acc": 2.43, "car_dcc": 2.17, "car_lcAssertive": 14.92, "car_lcCooperative": 0.43, "car_lcLookaheadLeft": 43.27, "car_lcPushy": 0.47, "car_lcSublane": 0.96, "car_max_v": 17.23, "car_tau_mean": 2.99, "car_tau_std": 4.26}, "datetime": {"datetime": "2024-08-04 11:49:10", "elapsed": 824.408276, "delta": 7.247873}}
{"target": -0.05218607346022986, "params": {"bus_acc": 1.44, "bus_dcc": 2.95, "bus_lcAssertive": 58.15, "bus_lcCooperative": 0.32, "bus_lcLookaheadLeft": 38.8, "bus_lcPushy": 0.19, "bus_lcSublane": 0.46, "bus_max_v": 22.51, "bus_tau_mean": 1.74, "bus_tau_std": 4.09, "car_acc": 2.12, "car_dcc": 2.83, "car_lcAssertive": 48.04, "car_lcCooperative": 0.75, "car_lcLookaheadLeft": 61.32, "car_lcPushy": 0.28, "car_lcSublane": 0.64, "car_max_v": 25.42, "car_tau_mean": 3.17, "car_tau_std": 1.03}, "datetime": {"datetime": "2024-08-04 11:49:13", "elapsed": 827.659632, "delta": 3.251356}}
{"target": -0.05367844803769976, "params": {"bus_acc": 2.54, "bus_dcc": 1.92, "bus_lcAssertive": 11.33, "bus_lcCooperative": 0.22, "bus_lcLookaheadLeft": 80.95, "bus_lcPushy": 0.37, "bus_lcSublane": 0.98, "bus_max_v": 12.34, "bus_tau_mean": 2.01, "bus_tau_std": 2.03, "car_acc": 2.11, "car_dcc": 1.07, "car_lcAssertive": 59.99, "car_lcCooperative": 0.38, "car_lcLookaheadLeft": 47.4, "car_lcPushy": 0.01, "car_lcSublane": 0.74, "car_max_v": 24.36, "car_tau_mean": 3.9, "car_tau_std": 2.41}, "datetime": {"datetime": "2024-08-04 11:49:16", "elapsed": 830.227898, "delta": 2.568266}}
{"target": -0.043459291477476354, "params": {"bus_acc": 1.07, "bus_dcc": 2.04, "bus_lcAssertive": 49.43, "bus_lcCooperative": 0.41, "bus_lcLookaheadLeft": 28.41, "bus_lcPushy": 0.12, "bus_lcSublane": 0.41, "bus_max_v": 25.41, "bus_tau_mean": 2.92, "bus_tau_std": 8.44, "car_acc": 1.11, "car_dcc": 1.17, "car_lcAssertive": 6.38, "car_lcCooperative": 0.99, "car_lcLookaheadLeft": 21.02, "car_lcPushy": 0.89, "car_lcSublane": 0.85, "car_max_v": 28.83, "car_tau_mean": 2.06, "car_tau_std": 3.8}, "datetime": {"datetime": "2024-08-04 11:49:19", "elapsed": 833.127926, "delta": 2.900028}}
{"target": -0.04938065047542772, "params": {"bus_acc": 2.74, "bus_dcc": 2.23, "bus_lcAssertive": 30.08, "bus_lcCooperative": 0.84, "bus_lcLookaheadLeft": 60.07, "bus_lcPushy": 0.06, "bus_lcSublane": 0.46, "bus_max_v": 22.24, "bus_tau_mean": 0.74, "bus_tau_std": 3.83, "car_acc": 1.45, "car_dcc": 1.9, "car_lcAssertive": 35.55, "car_lcCooperative": 0.04, "car_lcLookaheadLeft": 27.56, "car_lcPushy": 0.43, "car_lcSublane": 0.97, "car_max_v": 19.09, "car_tau_mean": 2.83, "car_tau_std": 8.11}, "datetime": {"datetime": "2024-08-04 11:49:22", "elapsed": 836.509401, "delta": 3.381475}}
{"target": -0.049229833775246895, "params": {"bus_acc": 1.09, "bus_dcc": 1.77, "bus_lcAssertive": 42.93, "bus_lcCooperative": 0.46, "bus_lcLookaheadLeft": 48.54, "bus_lcPushy": 0.14, "bus_lcSublane": 0.67, "bus_max_v": 22.35, "bus_tau_mean": 3.92, "bus_tau_std": 5.34, "car_acc": 2.9, "car_dcc": 3.98, "car_lcAssertive": 88.6, "car_lcCooperative": 0.14, "car_lcLookaheadLeft": 15.31, "car_lcPushy": 0.92, "car_lcSublane": 0.11, "car_max_v": 26.16, "car_tau_mean": 0.53, "car_tau_std": 9.56}, "datetime": {"datetime": "2024-08-04 11:49:24", "elapsed": 838.476327, "delta": 1.966926}}
{"target": -0.04894953293108676, "params": {"bus_acc": 1.09, "bus_dcc": 3.45, "bus_lcAssertive": 65.49, "bus_lcCooperative": 0.28, "bus_lcLookaheadLeft": 5.95, "bus_lcPushy": 0.95, "bus_lcSublane": 0.43, "bus_max_v": 21.0, "bus_tau_mean": 1.7, "bus_tau_std": 7.12, "car_acc": 2.7, "car_dcc": 2.29, "car_lcAssertive": 9.79, "car_lcCooperative": 0.57, "car_lcLookaheadLeft": 40.39, "car_lcPushy": 0.08, "car_lcSublane": 0.64, "car_max_v": 14.85, "car_tau_mean": 2.04, "car_tau_std": 5.28}, "datetime": {"datetime": "2024-08-04 11:49:26", "elapsed": 840.523587, "delta": 2.04726}}
{"target": -0.04896668319246713, "params": {"bus_acc": 2.24, "bus_dcc": 1.03, "bus_lcAssertive": 54.33, "bus_lcCooperative": 0.0, "bus_lcLookaheadLeft": 95.22, "bus_lcPushy": 0.91, "bus_lcSublane": 0.8, "bus_max_v": 28.14, "bus_tau_mean": 1.01, "bus_tau_std": 1.58, "car_acc": 1.38, "car_dcc": 2.87, "car_lcAssertive": 90.68, "car_lcCooperative": 0.99, "car_lcLookaheadLeft": 71.69, "car_lcPushy": 0.73, "car_lcSublane": 0.91, "car_max_v": 16.82, "car_tau_mean": 1.38, "car_tau_std": 1.74}, "datetime": {"datetime": "2024-08-04 11:49:33", "elapsed": 847.725725, "delta": 7.202138}}
