{"target": -0.3423686794544938, "params": {"bus_acc": 1.3908589622186376, "bus_dcc": 2.744076781819773, "bus_lcAssertive": 97.03197891974293, "bus_lcCooperative": 0.8468288014900353, "bus_lcLookaheadLeft": 25.505080396463445, "bus_lcPushy": 0.49376971426872995, "bus_lcSigma": 0.6199557183813798, "bus_lcSublane": 0.8289808995501787, "bus_sigma": 0.15679139464608427, "bus_tau_mean": 0.5650167076209334, "bus_tau_std": 0.7002214371922233, "bus_v_mean": 15.781521774992509, "bus_v_std": 6.0632946165333035, "car_acc": 2.1377028741729625, "car_dcc": 1.9520872279664823, "car_lcAssertive": 98.87299928683244, "car_lcCooperative": 0.5797452192457969, "car_lcLookaheadLeft": 39.25383491710794, "car_lcPushy": 0.5509482191178968, "car_lcSigma": 0.7453344309065021, "car_lcSublane": 0.6692328934531846, "car_sigma": 0.2649195576628094, "car_tau_mean": 0.7321719204995455, "car_tau_std": 3.700841979141063, "car_v_mean": 18.075480112345033, "car_v_std": 2.1017400991483957}, "datetime": {"datetime": "2024-08-07 00:59:36", "elapsed": 102.9342, "delta": 1.844913}}
{"target": -0.3116259855374093, "params": {"bus_acc": 1.0886233116662092, "bus_dcc": 1.701203080349532, "bus_lcAssertive": 96.45820816008012, "bus_lcCooperative": 0.5091394025163677, "bus_lcLookaheadLeft": 16.80530281020033, "bus_lcPushy": 0.5230085317344643, "bus_lcSigma": 0.9435093839110807, "bus_lcSublane": 0.865686014006334, "bus_sigma": 0.39206586893038686, "bus_tau_mean": 1.4935363059069093, "bus_tau_std": 7.617298626927418, "bus_v_mean": 11.847749196849405, "bus_v_std": 2.542323546573524, "car_acc": 1.168172708359859, "car_dcc": 3.5924322842920806, "car_lcAssertive": 45.341992646407704, "car_lcCooperative": 0.5617862606099736, "car_lcLookaheadLeft": 74.19767385396496, "car_lcPushy": 0.7964888671311956, "car_lcSigma": 0.44750813899031383, "car_lcSublane": 0.18412755617579835, "car_sigma": 0.8287328515283018, "car_tau_mean": 0.6084928593988954, "car_tau_std": 9.467282696079524, "car_v_mean": 17.231645543640028, "car_v_std": 8.75388738450687}, "datetime": {"datetime": "2024-08-07 00:59:38", "elapsed": 105.038125, "delta": 2.103925}}
{"target": -0.33473823745467995, "params": {"bus_acc": 1.2187658283871692, "bus_dcc": 3.019123162649866, "bus_lcAssertive": 50.4933047388208, "bus_lcCooperative": 0.777098229275783, "bus_lcLookaheadLeft": 16.07348579167251, "bus_lcPushy": 0.08320263643587555, "bus_lcSigma": 0.3992186053524538, "bus_lcSublane": 0.7969622519799001, "bus_sigma": 0.1916757389098901, "bus_tau_mean": 3.187220172515459, "bus_tau_std": 2.902979970618682, "bus_v_mean": 11.470263801788725, "bus_v_std": 0.16715589077006432, "car_acc": 1.7973181198447574, "car_dcc": 2.1432444738803573, "car_lcAssertive": 66.2751486833411, "car_lcCooperative": 0.07091840047038722, "car_lcLookaheadLeft": 16.95519073014264, "car_lcPushy": 0.016575882900934147, "car_lcSigma": 0.11379635644740682, "car_lcSublane": 0.6517892760100904, "car_sigma": 0.4026568521749192, "car_tau_mean": 1.6235920995856055, "car_tau_std": 5.579119942437725, "car_v_mean": 23.895367409597597, "car_v_std": 8.344865140180296}, "datetime": {"datetime": "2024-08-07 00:59:41", "elapsed": 107.966279, "delta": 2.928154}}
{"target": -0.30190001436088687, "params": {"bus_acc": 1.053255769383243, "bus_dcc": 1.3327611071027219, "bus_lcAssertive": 67.78183835257764, "bus_lcCooperative": 0.7997765368973863, "bus_lcLookaheadLeft": 9.891893658581818, "bus_lcPushy": 0.23170231048579204, "bus_lcSigma": 0.20762566180381437, "bus_lcSublane": 0.9173335630816306, "bus_sigma": 0.7113145181364867, "bus_tau_mean": 2.4385961386799497, "bus_tau_std": 3.045179879206202, "bus_v_mean": 21.357664762108776, "bus_v_std": 4.3530595762952, "car_acc": 2.84691243023755, "car_dcc": 3.1181554130077993, "car_lcAssertive": 48.325099488563055, "car_lcCooperative": 0.1262101037493587, "car_lcLookaheadLeft": 97.65226794583927, "car_lcPushy": 0.15983365034409336, "car_lcSigma": 0.2026021252196626, "car_lcSublane": 0.43118175516037094, "car_sigma": 0.40420190577514725, "car_tau_mean": 1.0136301826750294, "car_tau_std": 7.293189193611234, "car_v_mean": 11.019921070034975, "car_v_std": 6.438956443116628}, "datetime": {"datetime": "2024-08-07 00:59:42", "elapsed": 109.237219, "delta": 1.27094}}
{"target": -0.3556000241532514, "params": {"bus_acc": 2.2171308739471174, "bus_dcc": 1.754978752456971, "bus_lcAssertive": 30.316862426094534, "bus_lcCooperative": 0.5329225590316532, "bus_lcLookaheadLeft": 96.28366485901516, "bus_lcPushy": 0.18449560449017766, "bus_lcSigma": 0.509898378143109, "bus_lcSublane": 0.3437881034368444, "bus_sigma": 0.7697253449571857, "bus_tau_mean": 3.310032702513484, "bus_tau_std": 4.245599103022166, "bus_v_mean": 11.265959999909374, "bus_v_std": 0.6708946032885532, "car_acc": 1.397296528841123, "car_dcc": 1.8172025503881466, "car_lcAssertive": 60.28010287301183, "car_lcCooperative": 0.8730834972744356, "car_lcLookaheadLeft": 14.566632006857658, "car_lcPushy": 0.958188741714896, "car_lcSigma": 0.6831708438541465, "car_lcSublane": 0.7419642356783802, "car_sigma": 0.9828807859209906, "car_tau_mean": 1.9563527041634972, "car_tau_std": 5.315834658959018, "car_v_mean": 18.8674072031315, "car_v_std": 5.128751425899914}, "datetime": {"datetime": "2024-08-07 00:59:43", "elapsed": 110.755534, "delta": 1.518315}}
{"target": -0.3368582043598237, "params": {"bus_acc": 2.030429392324147, "bus_dcc": 2.436470203556415, "bus_lcAssertive": 75.19480460446479, "bus_lcCooperative": 0.5726882932924154, "bus_lcLookaheadLeft": 37.52160109540249, "bus_lcPushy": 0.48924478546014216, "bus_lcSigma": 0.18913837493884977, "bus_lcSublane": 0.39358341429686194, "bus_sigma": 0.029961752524048535, "bus_tau_mean": 2.11885171119771, "bus_tau_std": 2.744741128035708, "bus_v_mean": 16.42745376573785, "bus_v_std": 0.2927212140311253, "car_acc": 2.1101735330443487, "car_dcc": 1.8789936508850715, "car_lcAssertive": 58.171577420341194, "car_lcCooperative": 0.7327698532613667, "car_lcLookaheadLeft": 45.1531070260509, "car_lcPushy": 0.6631568228819655, "car_lcSigma": 0.23890995487021205, "car_lcSublane": 0.9985990885864799, "car_sigma": 0.24287852161976753, "car_tau_mean": 3.792899450335337, "car_tau_std": 2.172197503910179, "car_v_mean": 15.96103015368108, "car_v_std": 8.211769648927358}, "datetime": {"datetime": "2024-08-07 00:59:45", "elapsed": 112.683233, "delta": 1.927699}}
{"target": -0.3436458781954238, "params": {"bus_acc": 1.5545900806864201, "bus_dcc": 2.046288950615308, "bus_lcAssertive": 29.111137742614563, "bus_lcCooperative": 0.08595222757741783, "bus_lcLookaheadLeft": 53.13455850493773, "bus_lcPushy": 0.7884791333735152, "bus_lcSigma": 0.9425984356081718, "bus_lcSublane": 0.49728979211666346, "bus_sigma": 0.5937538583554435, "bus_tau_mean": 1.5180097823366472, "bus_tau_std": 1.491595089201888, "bus_v_mean": 10.109947051655057, "bus_v_std": 7.3236077586955775, "car_acc": 2.4689388706998687, "car_dcc": 1.5380500499099057, "car_lcAssertive": 41.942477597803396, "car_lcCooperative": 0.5941443278915395, "car_lcLookaheadLeft": 14.277630726242577, "car_lcPushy": 0.7853689498688659, "car_lcSigma": 0.619992203320239, "car_lcSublane": 0.6152216915084545, "car_sigma": 0.7012080919186323, "car_tau_mean": 3.9551407872323106, "car_tau_std": 5.623944559571782, "car_v_mean": 21.830660187173567, "car_v_std": 4.187086750571659}, "datetime": {"datetime": "2024-08-07 00:59:47", "elapsed": 113.863512, "delta": 1.180279}}
{"target": -0.3137278042257938, "params": {"bus_acc": 1.7141232177655839, "bus_dcc": 1.3241959860917105, "bus_lcAssertive": 78.96763212559821, "bus_lcCooperative": 0.1065838767888011, "bus_lcLookaheadLeft": 98.59946472389241, "bus_lcPushy": 0.17716116443841734, "bus_lcSigma": 0.5724051124346493, "bus_lcSublane": 0.044845334589088126, "bus_sigma": 0.7871162896558341, "bus_tau_mean": 1.1636208173640379, "bus_tau_std": 5.279039784081267, "bus_v_mean": 19.841240690545145, "bus_v_std": 1.4993148491725594, "car_acc": 2.1021743483739437, "car_dcc": 1.6498516249863382, "car_lcAssertive": 76.16040888239732, "car_lcCooperative": 0.7229151935562137, "car_lcLookaheadLeft": 19.301805359154137, "car_lcPushy": 0.8619665576670734, "car_lcSigma": 0.019775099516344263, "car_lcSublane": 0.8602369974231152, "car_sigma": 0.5589038111609383, "car_tau_mean": 1.9112716523704723, "car_tau_std": 7.587469310223366, "car_v_mean": 19.470864027079518, "car_v_std": 9.873261748084266}, "datetime": {"datetime": "2024-08-07 00:59:48", "elapsed": 115.054351, "delta": 1.190839}}
{"target": -0.35658906806011337, "params": {"bus_acc": 1.1680425595974504, "bus_dcc": 3.4887211553744475, "bus_lcAssertive": 54.3542237774558, "bus_lcCooperative": 0.542076154739123, "bus_lcLookaheadLeft": 82.86718239550912, "bus_lcPushy": 0.03198418437577388, "bus_lcSigma": 0.8779604187251567, "bus_lcSublane": 0.03463400133772032, "bus_sigma": 0.6931945583783881, "bus_tau_mean": 2.556195677726432, "bus_tau_std": 6.417491808335967, "bus_v_mean": 13.985283003812098, "bus_v_std": 2.754620266501041, "car_acc": 2.0188171628775247, "car_dcc": 3.6574693514491647, "car_lcAssertive": 56.96367736619126, "car_lcCooperative": 0.6631488914643168, "car_lcLookaheadLeft": 45.25516463344308, "car_lcPushy": 0.9721390871214521, "car_lcSigma": 0.7425224523517098, "car_lcSublane": 0.3549025108507734, "car_sigma": 0.6535310326636594, "car_tau_mean": 2.3991574415510213, "car_tau_std": 8.84056212378686, "car_v_mean": 12.400864817046587, "car_v_std": 1.0806748517233733}, "datetime": {"datetime": "2024-08-07 00:59:49", "elapsed": 115.907449, "delta": 0.853098}}
{"target": -0.32945777936947496, "params": {"bus_acc": 1.4965814579941972, "bus_dcc": 1.8852357257484877, "bus_lcAssertive": 87.39593032702673, "bus_lcCooperative": 0.42166593484970927, "bus_lcLookaheadLeft": 8.314165046801467, "bus_lcPushy": 0.8969850695075825, "bus_lcSigma": 0.20338083282405106, "bus_lcSublane": 0.8262275354923914, "bus_sigma": 0.8817706230828073, "bus_tau_mean": 2.2036276068641834, "bus_tau_std": 5.984646931046363, "bus_v_mean": 16.43627930376667, "bus_v_std": 6.24821294185499, "car_acc": 2.710083442694703, "car_dcc": 1.8464183452145817, "car_lcAssertive": 88.49179530987949, "car_lcCooperative": 0.5676903301191493, "car_lcLookaheadLeft": 13.28009801475653, "car_lcPushy": 0.22700116521465796, "car_lcSigma": 0.5959823856130138, "car_lcSublane": 0.23944623690468037, "car_sigma": 0.13141566053746057, "car_tau_mean": 1.066466999433423, "car_tau_std": 8.448725182357391, "car_v_mean": 17.634938462283372, "car_v_std": 9.63567087188342}, "datetime": {"datetime": "2024-08-07 00:59:50", "elapsed": 116.867384, "delta": 0.959935}}
{"target": -0.3007092107763929, "params": {"bus_acc": 2.365396085806503, "bus_dcc": 1.0402549316695886, "bus_lcAssertive": 98.26533373170234, "bus_lcCooperative": 0.17207733182889595, "bus_lcLookaheadLeft": 90.81351880424482, "bus_lcPushy": 0.8071099016661061, "bus_lcSigma": 0.8001396843869877, "bus_lcSublane": 0.2689360577850649, "bus_sigma": 0.21915380575725807, "bus_tau_mean": 2.0008024251993106, "bus_tau_std": 8.49371100730655, "bus_v_mean": 15.206074279547524, "bus_v_std": 9.354201140070618, "car_acc": 1.705358654503476, "car_dcc": 2.858176497090279, "car_lcAssertive": 98.08920459922223, "car_lcCooperative": 0.6434625222408049, "car_lcLookaheadLeft": 6.4588251719791705, "car_lcPushy": 0.4635570909517118, "car_lcSigma": 0.3347513437136638, "car_lcSublane": 0.5321815485216747, "car_sigma": 0.2847462086131314, "car_tau_mean": 0.9279143058050098, "car_tau_std": 6.682889887508018, "car_v_mean": 18.901756078260902, "car_v_std": 8.671392999990884}, "datetime": {"datetime": "2024-08-07 00:59:50", "elapsed": 117.767181, "delta": 0.899797}}
{"target": -0.2847299978802019, "params": {"bus_acc": 2.1465445430993695, "bus_dcc": 3.8282877262988477, "bus_lcAssertive": 52.268144769059866, "bus_lcCooperative": 0.1944658095278845, "bus_lcLookaheadLeft": 85.09806045946067, "bus_lcPushy": 0.25163914235585283, "bus_lcSigma": 0.700726036482538, "bus_lcSublane": 0.5402609403968999, "bus_sigma": 0.9488362882802196, "bus_tau_mean": 2.6851784584093656, "bus_tau_std": 8.379779620477294, "bus_v_mean": 8.12692601911237, "bus_v_std": 9.89340056166638, "car_acc": 1.155429140664773, "car_dcc": 1.9663885408443087, "car_lcAssertive": 94.66908715021977, "car_lcCooperative": 0.008939102371245067, "car_lcLookaheadLeft": 82.62754053134968, "car_lcPushy": 0.8612116383667944, "car_lcSigma": 0.4398308142085725, "car_lcSublane": 0.2557451938059312, "car_sigma": 0.8026895196332986, "car_tau_mean": 2.172517015512774, "car_tau_std": 1.3433860865569613, "car_v_mean": 22.84558388520017, "car_v_std": 8.959699670066485}, "datetime": {"datetime": "2024-08-07 00:59:52", "elapsed": 119.117288, "delta": 1.350107}}
{"target": -0.36703394411378887, "params": {"bus_acc": 2.1218975102438904, "bus_dcc": 3.3410905698678057, "bus_lcAssertive": 49.232196998268954, "bus_lcCooperative": 0.4199935520102408, "bus_lcLookaheadLeft": 27.675971062494895, "bus_lcPushy": 0.9108061390867584, "bus_lcSigma": 0.022271511532804156, "bus_lcSublane": 0.8211218982189646, "bus_sigma": 0.18846839966641848, "bus_tau_mean": 2.900149147103915, "bus_tau_std": 3.5520938933964374, "bus_v_mean": 23.58740204632146, "bus_v_std": 1.2277212944941995, "car_acc": 1.375139785234479, "car_dcc": 3.6683274263934367, "car_lcAssertive": 58.75722514621456, "car_lcCooperative": 0.3092463846587796, "car_lcLookaheadLeft": 2.0749097768624263, "car_lcPushy": 0.22759773832225305, "car_lcSigma": 0.1454036341712357, "car_lcSublane": 0.2034338243700906, "car_sigma": 0.8963225568040046, "car_tau_mean": 3.555830323943742, "car_tau_std": 7.002894376334497, "car_v_mean": 15.527962818435345, "car_v_std": 8.271360023322883}, "datetime": {"datetime": "2024-08-07 00:59:54", "elapsed": 121.352312, "delta": 2.235024}}
{"target": -0.27121323497017347, "params": {"bus_acc": 2.9494807417101647, "bus_dcc": 2.9098132000056918, "bus_lcAssertive": 99.39738943643741, "bus_lcCooperative": 0.5460708041429516, "bus_lcLookaheadLeft": 53.589741522741086, "bus_lcPushy": 0.1354279030721699, "bus_lcSigma": 0.3557051709838811, "bus_lcSublane": 0.026218567296373285, "bus_sigma": 0.1603951795196491, "bus_tau_mean": 3.109730174476236, "bus_tau_std": 0.3039968992878883, "bus_v_mean": 13.86468955589991, "bus_v_std": 8.623462528380442, "car_acc": 2.3853554350147084, "car_dcc": 3.072826426198506, "car_lcAssertive": 19.675043294575776, "car_lcCooperative": 0.44190428074842336, "car_lcLookaheadLeft": 58.99458591974054, "car_lcPushy": 0.9897517076637052, "car_lcSigma": 0.20390622523312185, "car_lcSublane": 0.24773290176235485, "car_sigma": 0.26217308377291193, "car_tau_mean": 3.125603446542975, "car_tau_std": 4.569753274356928, "car_v_mean": 8.91087101457752, "car_v_std": 5.085162406102396}, "datetime": {"datetime": "2024-08-07 00:59:55", "elapsed": 122.718037, "delta": 1.365725}}
{"target": -0.31064668098352466, "params": {"bus_acc": 2.50004352740532, "bus_dcc": 3.574941509287127, "bus_lcAssertive": 75.75313665830033, "bus_lcCooperative": 0.698057248447303, "bus_lcLookaheadLeft": 86.71898414535079, "bus_lcPushy": 0.32268099683674645, "bus_lcSigma": 0.6707887907875872, "bus_lcSublane": 0.45087393641334916, "bus_sigma": 0.3821027520315172, "bus_tau_mean": 1.9378397247276495, "bus_tau_std": 4.014795834695406, "bus_v_mean": 13.07814313533243, "bus_v_std": 6.2191936792030145, "car_acc": 1.8604945416425287, "car_dcc": 3.921406233781757, "car_lcAssertive": 68.1022882519968, "car_lcCooperative": 0.19856988842711087, "car_lcLookaheadLeft": 43.816698916107214, "car_lcPushy": 0.343346239774423, "car_lcSigma": 0.7976388039585666, "car_lcSublane": 0.8799982885634318, "car_sigma": 0.903841955826372, "car_tau_mean": 2.819519343313418, "car_tau_std": 2.7020826202975776, "car_v_mean": 12.037867224073436, "car_v_std": 8.548979426974023}, "datetime": {"datetime": "2024-08-07 00:59:57", "elapsed": 123.975224, "delta": 1.257187}}
{"target": -0.3208291611069749, "params": {"bus_acc": 2.616822713212284, "bus_dcc": 1.3920784731921643, "bus_lcAssertive": 54.0642549073594, "bus_lcCooperative": 0.900783114706916, "bus_lcLookaheadLeft": 77.54151939427537, "bus_lcPushy": 0.4207131990251918, "bus_lcSigma": 0.9778803933599658, "bus_lcSublane": 0.25077315667300226, "bus_sigma": 0.3336102288478977, "bus_tau_mean": 3.839701776003561, "bus_tau_std": 8.087153481852896, "bus_v_mean": 22.40544007217059, "bus_v_std": 0.11589589409895185, "car_acc": 1.7595288660679895, "car_dcc": 1.7065658698296078, "car_lcAssertive": 30.29757013685372, "car_lcCooperative": 0.7379954964038409, "car_lcLookaheadLeft": 72.96031479667926, "car_lcPushy": 0.46179941019906146, "car_lcSigma": 0.3652744612070937, "car_lcSublane": 0.5846916130045258, "car_sigma": 0.5337077546342763, "car_tau_mean": 2.427028456527517, "car_tau_std": 6.154770711146577, "car_v_mean": 14.330372356280781, "car_v_std": 7.717184824154584}, "datetime": {"datetime": "2024-08-07 00:59:58", "elapsed": 125.087325, "delta": 1.112101}}
{"target": -0.3480348499365574, "params": {"bus_acc": 1.0876430194542939, "bus_dcc": 3.1394919194794433, "bus_lcAssertive": 65.73017972042923, "bus_lcCooperative": 0.4437697927247224, "bus_lcLookaheadLeft": 72.45606983280467, "bus_lcPushy": 0.10997597244532042, "bus_lcSigma": 0.9387191733689311, "bus_lcSublane": 0.8476267092393875, "bus_sigma": 0.6590356596658833, "bus_tau_mean": 1.8259090903160615, "bus_tau_std": 4.165667290147475, "bus_v_mean": 15.714462754519479, "bus_v_std": 9.352837700068006, "car_acc": 2.727185909836205, "car_dcc": 2.433771547649678, "car_lcAssertive": 55.89733132953853, "car_lcCooperative": 0.8754038622793218, "car_lcLookaheadLeft": 95.02791450968442, "car_lcPushy": 0.639184755868246, "car_lcSigma": 0.7485203200897537, "car_lcSublane": 0.35162490636044264, "car_sigma": 0.91802831908618, "car_tau_mean": 3.4286321744884094, "car_tau_std": 5.520558812247628, "car_v_mean": 21.88203535384278, "car_v_std": 8.498718814403324}, "datetime": {"datetime": "2024-08-07 00:59:59", "elapsed": 126.585372, "delta": 1.498047}}
{"target": -0.30668940039336196, "params": {"bus_acc": 2.8514410706725197, "bus_dcc": 3.343586202027298, "bus_lcAssertive": 31.430766562356585, "bus_lcCooperative": 0.3049656416420632, "bus_lcLookaheadLeft": 88.35449520603265, "bus_lcPushy": 0.1260784803971985, "bus_lcSigma": 0.6334608342357256, "bus_lcSublane": 0.2777127324734242, "bus_sigma": 0.8272003251393062, "bus_tau_mean": 1.7758320664456089, "bus_tau_std": 7.33366094468834, "bus_v_mean": 11.07868624661982, "bus_v_std": 4.814458975407394, "car_acc": 2.6071892528620544, "car_dcc": 2.1909646350171217, "car_lcAssertive": 16.995829945752895, "car_lcCooperative": 0.6489822226486474, "car_lcLookaheadLeft": 75.82592897765045, "car_lcPushy": 0.2801926353730937, "car_lcSigma": 0.45136186123240163, "car_lcSublane": 0.9004489123860653, "car_sigma": 0.8719856311909184, "car_tau_mean": 2.975156634244638, "car_tau_std": 5.909005994904067, "car_v_mean": 21.07811632635401, "car_v_std": 9.07644646099839}, "datetime": {"datetime": "2024-08-07 01:00:01", "elapsed": 127.830881, "delta": 1.245509}}
{"target": -0.45648628886560705, "params": {"bus_acc": 2.0115266979728634, "bus_dcc": 3.3595022885798045, "bus_lcAssertive": 10.56132440841294, "bus_lcCooperative": 0.6060352981689622, "bus_lcLookaheadLeft": 4.553873403462537, "bus_lcPushy": 0.00704672381007565, "bus_lcSigma": 0.059528607140071355, "bus_lcSublane": 0.4814004591490364, "bus_sigma": 0.9257041086902309, "bus_tau_mean": 1.9194508444865848, "bus_tau_std": 0.7503263933654081, "bus_v_mean": 21.78163959172846, "bus_v_std": 5.192975854704402, "car_acc": 1.6378717378348482, "car_dcc": 3.889097016354027, "car_lcAssertive": 93.88791508173546, "car_lcCooperative": 0.2600189719566923, "car_lcLookaheadLeft": 21.736401663944584, "car_lcPushy": 0.5889087033060773, "car_lcSigma": 0.8425182098415589, "car_lcSublane": 0.3367210897450549, "car_sigma": 0.5864294214642616, "car_tau_mean": 1.0678574981758273, "car_tau_std": 1.9459373523814183, "car_v_mean": 20.18136345587353, "car_v_std": 1.5009846135204996}, "datetime": {"datetime": "2024-08-07 01:00:02", "elapsed": 129.000672, "delta": 1.169791}}
{"target": -0.2895278022277745, "params": {"bus_acc": 1.0797198532709051, "bus_dcc": 1.404379353882037, "bus_lcAssertive": 20.148223502476917, "bus_lcCooperative": 0.3356638011646498, "bus_lcLookaheadLeft": 7.126668750872721, "bus_lcPushy": 0.6051167805003662, "bus_lcSigma": 0.5120610275239188, "bus_lcSublane": 0.6174610120171561, "bus_sigma": 0.43235559476434404, "bus_tau_mean": 3.466951638831032, "bus_tau_std": 4.540590560591513, "bus_v_mean": 8.246456316670734, "bus_v_std": 8.730681484470995, "car_acc": 2.3124030954881976, "car_dcc": 3.4690091219454127, "car_lcAssertive": 95.22579361035132, "car_lcCooperative": 0.050912383516887205, "car_lcLookaheadLeft": 25.037042680919427, "car_lcPushy": 0.0633434434563398, "car_lcSigma": 0.4216578860324509, "car_lcSublane": 0.863829145501452, "car_sigma": 0.0816239827150681, "car_tau_mean": 2.155891835100575, "car_tau_std": 1.2554310980872363, "car_v_mean": 20.366169634673884, "car_v_std": 8.414221567958434}, "datetime": {"datetime": "2024-08-07 01:00:03", "elapsed": 130.107243, "delta": 1.106571}}
