{"target": -0.34377023013448127, "params": {"bus_acc": 1.4280195454153206, "bus_dcc": 2.813714809919121, "bus_lcAssertive": 20.966194745495322, "bus_lcCooperative": 0.8177571936931245, "bus_lcLookaheadLeft": 32.978498961303416, "bus_lcPushy": 0.6696167646858762, "bus_lcSigma": 0.1487335628025609, "bus_lcSpeedGainRight": 1.5297272354308022, "bus_lcSublane": 0.2972414453016764, "bus_sigma": 0.6350799325450489, "bus_tau_mean": 2.883081844931678, "bus_tau_std": 8.452486465038238, "bus_v_mean": 10.933550508302773, "bus_v_std": 15.20859528612877, "car_acc": 2.4238788045587194, "car_dcc": 2.6726317422324177, "car_lcAssertive": 65.36613564525277, "car_lcCooperative": 0.0899951030326972, "car_lcLookaheadLeft": 16.393829940811994, "car_lcPushy": 0.41557172071663584, "car_lcSigma": 0.7113706883010249, "car_lcSpeedGainRight": 0.8391058181179717, "car_lcSublane": 0.3889791392243084, "car_sigma": 0.49794595388742613, "car_tau_mean": 3.7726600441962304, "car_tau_std": 0.5519624865450556, "car_v_mean": 21.264119855177544, "car_v_std": 19.683196917975692}, "datetime": {"datetime": "2024-08-08 00:06:36", "elapsed": 215.473762, "delta": 3.992161}}
{"target": -0.3147847636884933, "params": {"bus_acc": 1.391064750273289, "bus_dcc": 3.2342468486770493, "bus_lcAssertive": 94.95238212624187, "bus_lcCooperative": 0.12937796795269374, "bus_lcLookaheadLeft": 88.21846424616513, "bus_lcPushy": 0.7119198228127357, "bus_lcSigma": 0.5568433174860075, "bus_lcSpeedGainRight": 0.33509319258876014, "bus_lcSublane": 0.7877411169496611, "bus_sigma": 0.8122801542934124, "bus_tau_mean": 3.14103653337737, "bus_tau_std": 5.504895616174639, "bus_v_mean": 18.105676691788844, "bus_v_std": 8.73325788165962, "car_acc": 1.6156940178187305, "car_dcc": 1.6231338077860793, "car_lcAssertive": 77.30532805215405, "car_lcCooperative": 0.9347758176814333, "car_lcLookaheadLeft": 62.90853996589476, "car_lcPushy": 0.534247428646956, "car_lcSigma": 0.8832704670053452, "car_lcSpeedGainRight": 0.22401486480908284, "car_lcSublane": 0.30267554093661075, "car_sigma": 0.3824711110627528, "car_tau_mean": 0.6088482174021959, "car_tau_std": 5.1993295461851865, "car_v_mean": 23.04922263897233, "car_v_std": 15.94490038774578}, "datetime": {"datetime": "2024-08-08 00:06:37", "elapsed": 216.416664, "delta": 0.942902}}
{"target": -0.32375893538059575, "params": {"bus_acc": 1.3708071736233738, "bus_dcc": 2.370468693079905, "bus_lcAssertive": 58.767624930554554, "bus_lcCooperative": 0.3212006007880921, "bus_lcLookaheadLeft": 71.2123141799779, "bus_lcPushy": 0.9178251386774966, "bus_lcSigma": 0.0730706057646422, "bus_lcSpeedGainRight": 0.9071364231762358, "bus_lcSublane": 0.5091121358451357, "bus_sigma": 0.7998807101697541, "bus_tau_mean": 2.7083516333968736, "bus_tau_std": 0.19690697849502503, "bus_v_mean": 13.279700347828902, "bus_v_std": 13.076560878109031, "car_acc": 2.374275171206136, "car_dcc": 2.4467467508419345, "car_lcAssertive": 6.319735205091725, "car_lcCooperative": 0.6277875387183062, "car_lcLookaheadLeft": 51.39495334155627, "car_lcPushy": 0.7254132949558844, "car_lcSigma": 0.39049420460748185, "car_lcSpeedGainRight": 4.1786270402080214, "car_lcSublane": 0.30750223024189516, "car_sigma": 0.8637868182383974, "car_tau_mean": 0.5506824232755643, "car_tau_std": 7.627428438867571, "car_v_mean": 21.23788002542092, "car_v_std": 13.617940875810346}, "datetime": {"datetime": "2024-08-08 00:06:41", "elapsed": 220.139429, "delta": 3.722765}}
{"target": -0.33114855079057265, "params": {"bus_acc": 2.3792787981591155, "bus_dcc": 2.7964626718702656, "bus_lcAssertive": 74.9190897401775, "bus_lcCooperative": 0.5419710617714415, "bus_lcLookaheadLeft": 70.65224111671125, "bus_lcPushy": 0.9305598192498451, "bus_lcSigma": 0.8626166945052219, "bus_lcSpeedGainRight": 0.8372092875326065, "bus_lcSublane": 0.2631390239238742, "bus_sigma": 0.07161027944180454, "bus_tau_mean": 3.9253548180542146, "bus_tau_std": 2.3638409866037557, "bus_v_mean": 18.56957369485758, "bus_v_std": 1.79261397854924, "car_acc": 1.4215418841740375, "car_dcc": 2.5084731505552136, "car_lcAssertive": 11.390413164662874, "car_lcCooperative": 0.38887340269472437, "car_lcLookaheadLeft": 54.722796573688726, "car_lcPushy": 0.33920418488509996, "car_lcSigma": 0.5559002111265755, "car_lcSpeedGainRight": 2.6838416097123203, "car_lcSublane": 0.3906104987369058, "car_sigma": 0.6962700831011029, "car_tau_mean": 2.874688588992734, "car_tau_std": 6.873031493743898, "car_v_mean": 16.983860140789986, "car_v_std": 7.161598280258716}, "datetime": {"datetime": "2024-08-08 00:06:44", "elapsed": 223.606288, "delta": 3.466859}}
{"target": -0.3367582037882421, "params": {"bus_acc": 1.8455596118532358, "bus_dcc": 1.3247806947858618, "bus_lcAssertive": 17.536379664690966, "bus_lcCooperative": 0.6801945327171766, "bus_lcLookaheadLeft": 43.86894595810732, "bus_lcPushy": 0.09680828996318125, "bus_lcSigma": 0.3920096599297035, "bus_lcSpeedGainRight": 0.22377908465259777, "bus_lcSublane": 0.271026122662257, "bus_sigma": 0.5030796984475948, "bus_tau_mean": 2.101177501937947, "bus_tau_std": 7.686346042762389, "bus_v_mean": 10.563685307068143, "bus_v_std": 10.200884728259904, "car_acc": 1.2830540621130948, "car_dcc": 1.5681087715979665, "car_lcAssertive": 41.579961767198014, "car_lcCooperative": 0.14586258326241397, "car_lcLookaheadLeft": 57.10809753460236, "car_lcPushy": 0.45523181967504345, "car_lcSigma": 0.9420966577475507, "car_lcSpeedGainRight": 3.3499745241520418, "car_lcSublane": 0.10314223618592588, "car_sigma": 0.6071068554145397, "car_tau_mean": 1.971152373532294, "car_tau_std": 5.006319731114315, "car_v_mean": 18.492888663234286, "car_v_std": 3.7143619795018523}, "datetime": {"datetime": "2024-08-08 00:06:45", "elapsed": 224.372119, "delta": 0.765831}}
{"target": -0.3711603466217029, "params": {"bus_acc": 2.1273541771856834, "bus_dcc": 3.8194054305084606, "bus_lcAssertive": 33.70182019345527, "bus_lcCooperative": 0.9489681421433714, "bus_lcLookaheadLeft": 26.096657275145958, "bus_lcPushy": 0.5484050277202206, "bus_lcSigma": 0.713400836019665, "bus_lcSpeedGainRight": 4.403108479962601, "bus_lcSublane": 0.7816986897799817, "bus_sigma": 0.9657612589875492, "bus_tau_mean": 2.4290008595408805, "bus_tau_std": 9.054263375404869, "bus_v_mean": 18.474949711301303, "bus_v_std": 3.3802019239570247, "car_acc": 1.0613214302841727, "car_dcc": 3.2823415052759564, "car_lcAssertive": 68.08438713633001, "car_lcCooperative": 0.2883134649731277, "car_lcLookaheadLeft": 12.38962807345181, "car_lcPushy": 0.6894602214202571, "car_lcSigma": 0.7494525153968865, "car_lcSpeedGainRight": 2.7914100489775535, "car_lcSublane": 0.6652373633942178, "car_sigma": 0.40406098195856777, "car_tau_mean": 3.5313063185544373, "car_tau_std": 5.32401281751286, "car_v_mean": 22.317427226880177, "car_v_std": 14.794191101265747}, "datetime": {"datetime": "2024-08-08 00:06:45", "elapsed": 224.922738, "delta": 0.550619}}
{"target": -0.3607848362637533, "params": {"bus_acc": 1.2536918173764036, "bus_dcc": 2.569933965109237, "bus_lcAssertive": 85.21049342156711, "bus_lcCooperative": 0.537609254036449, "bus_lcLookaheadLeft": 73.54455465646068, "bus_lcPushy": 0.785459646223292, "bus_lcSigma": 0.8365955447696011, "bus_lcSpeedGainRight": 3.332662135749339, "bus_lcSublane": 0.8977391897292477, "bus_sigma": 0.6477912340100236, "bus_tau_mean": 3.8062308662414805, "bus_tau_std": 6.292983819035761, "bus_v_mean": 21.958857982244023, "bus_v_std": 11.913107208563291, "car_acc": 1.6886979685812622, "car_dcc": 3.440372458931155, "car_lcAssertive": 43.80572177078845, "car_lcCooperative": 0.12654566043795878, "car_lcLookaheadLeft": 96.91973580122264, "car_lcPushy": 0.8525635238982158, "car_lcSigma": 0.5612594235880608, "car_lcSpeedGainRight": 3.353061487813396, "car_lcSublane": 0.9977242219091645, "car_sigma": 0.16130872028582732, "car_tau_mean": 2.3708898603651827, "car_tau_std": 3.909787078216136, "car_v_mean": 16.65836111996919, "car_v_std": 2.0675570655025455}, "datetime": {"datetime": "2024-08-08 00:06:48", "elapsed": 227.847789, "delta": 2.925051}}
{"target": -0.3350404949066827, "params": {"bus_acc": 1.0117619628892565, "bus_dcc": 3.2048260560518846, "bus_lcAssertive": 44.90688034848957, "bus_lcCooperative": 0.6978416560498484, "bus_lcLookaheadLeft": 20.134248264423647, "bus_lcPushy": 0.06261980198391548, "bus_lcSigma": 0.3781085867830213, "bus_lcSpeedGainRight": 3.47998255222747, "bus_lcSublane": 0.10281836745431583, "bus_sigma": 0.19583423367499242, "bus_tau_mean": 2.0888342764228196, "bus_tau_std": 6.211491896936461, "bus_v_mean": 20.00198796910376, "bus_v_std": 2.194700425713132, "car_acc": 2.249247214311282, "car_dcc": 2.1620815664334425, "car_lcAssertive": 67.3389465060329, "car_lcCooperative": 0.2035603776619016, "car_lcLookaheadLeft": 53.73604215801165, "car_lcPushy": 0.1721625549559327, "car_lcSigma": 0.018681005996375344, "car_lcSpeedGainRight": 2.4347512321197855, "car_lcSublane": 0.18417777656089307, "car_sigma": 0.6383433300033875, "car_tau_mean": 2.3780118676915154, "car_tau_std": 7.7494537999774575, "car_v_mean": 14.287358442147251, "car_v_std": 19.78904261672506}, "datetime": {"datetime": "2024-08-08 00:06:49", "elapsed": 228.600317, "delta": 0.752528}}
{"target": -0.36084294439659814, "params": {"bus_acc": 1.3230215409720238, "bus_dcc": 2.0273219234044317, "bus_lcAssertive": 26.9261600062485, "bus_lcCooperative": 0.844526943229479, "bus_lcLookaheadLeft": 80.43256008608736, "bus_lcPushy": 0.4266391582681436, "bus_lcSigma": 0.6070154607890389, "bus_lcSpeedGainRight": 0.7273280513310998, "bus_lcSublane": 0.5096132942175586, "bus_sigma": 0.29694708578690454, "bus_tau_mean": 3.508778337492204, "bus_tau_std": 6.715983809063899, "bus_v_mean": 18.135584201958736, "bus_v_std": 2.4950260013835845, "car_acc": 1.9411757589977714, "car_dcc": 3.9597183387606445, "car_lcAssertive": 94.88161823319385, "car_lcCooperative": 0.6450856402604436, "car_lcLookaheadLeft": 16.869037361133415, "car_lcPushy": 0.639126848719905, "car_lcSigma": 0.5656621125439275, "car_lcSpeedGainRight": 2.34332918830626, "car_lcSublane": 0.42803746946827015, "car_sigma": 0.5992697556580301, "car_tau_mean": 3.474894609805879, "car_tau_std": 7.511210403719374, "car_v_mean": 17.26976864475573, "car_v_std": 18.49408363072056}, "datetime": {"datetime": "2024-08-08 00:06:50", "elapsed": 229.724442, "delta": 1.124125}}
{"target": -0.2987932491571594, "params": {"bus_acc": 1.1410840894873984, "bus_dcc": 1.2203999630803701, "bus_lcAssertive": 2.459635299094746, "bus_lcCooperative": 0.971820072977926, "bus_lcLookaheadLeft": 11.287157812808454, "bus_lcPushy": 0.8417368261858497, "bus_lcSigma": 0.6851729969076996, "bus_lcSpeedGainRight": 2.4377858374145904, "bus_lcSublane": 0.3466948813585782, "bus_sigma": 0.35364778706700506, "bus_tau_mean": 1.3884360882151552, "bus_tau_std": 9.110179736986264, "bus_v_mean": 19.610280727917903, "bus_v_std": 0.5185158556853975, "car_acc": 1.9230425064942291, "car_dcc": 1.843903817610434, "car_lcAssertive": 3.8676524316119494, "car_lcCooperative": 0.8846818943092944, "car_lcLookaheadLeft": 77.55852507955886, "car_lcPushy": 0.32973507924426093, "car_lcSigma": 0.796558587536711, "car_lcSpeedGainRight": 1.6231916110149829, "car_lcSublane": 0.30788244381764673, "car_sigma": 0.9281090785007262, "car_tau_mean": 3.919206566810476, "car_tau_std": 5.235553047168928, "car_v_mean": 23.2309626810868, "car_v_std": 17.75992987852929}, "datetime": {"datetime": "2024-08-08 00:06:51", "elapsed": 230.726418, "delta": 1.001976}}
{"target": -0.36675698252383987, "params": {"bus_acc": 1.1294799668830977, "bus_dcc": 3.974039526195427, "bus_lcAssertive": 6.246459724130964, "bus_lcCooperative": 0.19949554613856135, "bus_lcLookaheadLeft": 43.429760841166974, "bus_lcPushy": 0.10750887618516769, "bus_lcSigma": 0.6236704109977018, "bus_lcSpeedGainRight": 0.23996282024433657, "bus_lcSublane": 0.28462388100694214, "bus_sigma": 0.06103668111967109, "bus_tau_mean": 2.962317658867784, "bus_tau_std": 6.68456167589482, "bus_v_mean": 14.057289492009636, "bus_v_std": 3.763885200596424, "car_acc": 2.4940096580598903, "car_dcc": 2.0211378722964017, "car_lcAssertive": 79.73481557315864, "car_lcCooperative": 0.4879009391796203, "car_lcLookaheadLeft": 53.51560554639598, "car_lcPushy": 0.028490849491567216, "car_lcSigma": 0.6442320198790318, "car_lcSpeedGainRight": 1.7532825121608369, "car_lcSublane": 0.2292050272920657, "car_sigma": 0.4338833762117006, "car_tau_mean": 1.8386361004482115, "car_tau_std": 4.697890400863603, "car_v_mean": 23.671733666876904, "car_v_std": 7.287561407364609}, "datetime": {"datetime": "2024-08-08 00:06:57", "elapsed": 236.637744, "delta": 5.911326}}
{"target": -0.2982363114438375, "params": {"bus_acc": 1.5008928061494111, "bus_dcc": 3.4470730727505194, "bus_lcAssertive": 88.1318755894636, "bus_lcCooperative": 0.4383170989964358, "bus_lcLookaheadLeft": 59.460321875454554, "bus_lcPushy": 0.6243004243053664, "bus_lcSigma": 0.7276055597377094, "bus_lcSpeedGainRight": 2.9545187459429645, "bus_lcSublane": 0.8065975765748519, "bus_sigma": 0.8240880789627544, "bus_tau_mean": 2.447926279082466, "bus_tau_std": 8.829538041900344, "bus_v_mean": 11.247018272759458, "bus_v_std": 8.27230867414346, "car_acc": 2.260219698696287, "car_dcc": 1.307718091516359, "car_lcAssertive": 72.14571845773229, "car_lcCooperative": 0.4796833377740578, "car_lcLookaheadLeft": 39.141396036571834, "car_lcPushy": 0.45184670733393106, "car_lcSigma": 0.36758615530953975, "car_lcSpeedGainRight": 1.197690219455595, "car_lcSublane": 0.9158724257387112, "car_sigma": 0.7993622949107074, "car_tau_mean": 1.6687900748561117, "car_tau_std": 1.6905167158942624, "car_v_mean": 9.866019618243415, "car_v_std": 15.90665696153642}, "datetime": {"datetime": "2024-08-08 00:06:58", "elapsed": 237.675008, "delta": 1.037264}}
{"target": -0.3580973003840096, "params": {"bus_acc": 1.7235915218143227, "bus_dcc": 3.955950406255969, "bus_lcAssertive": 87.00910808594698, "bus_lcCooperative": 0.15249674176120542, "bus_lcLookaheadLeft": 80.28495672749605, "bus_lcPushy": 0.8109969194215267, "bus_lcSigma": 0.928207219127176, "bus_lcSpeedGainRight": 1.1219213302199227, "bus_lcSublane": 0.49896747449996004, "bus_sigma": 0.8274440914110759, "bus_tau_mean": 2.8356682474936914, "bus_tau_std": 5.939361433837695, "bus_v_mean": 18.43161313233187, "bus_v_std": 4.770320255980261, "car_acc": 1.0510801697515815, "car_dcc": 3.208771772339602, "car_lcAssertive": 33.35239070775688, "car_lcCooperative": 0.3767568869201464, "car_lcLookaheadLeft": 62.0363733066563, "car_lcPushy": 0.657165042363517, "car_lcSigma": 0.20289890062284244, "car_lcSpeedGainRight": 4.130157689227094, "car_lcSublane": 0.38020660524547945, "car_sigma": 0.6317444085013915, "car_tau_mean": 3.8824399547830866, "car_tau_std": 5.647862352666362, "car_v_mean": 13.74257826862171, "car_v_std": 12.379402174802845}, "datetime": {"datetime": "2024-08-08 00:06:59", "elapsed": 238.693683, "delta": 1.018675}}
{"target": -0.3270943698450898, "params": {"bus_acc": 2.0161055762655535, "bus_dcc": 3.8610635303710654, "bus_lcAssertive": 3.4901882105936215, "bus_lcCooperative": 0.6128016376645978, "bus_lcLookaheadLeft": 50.400382731775416, "bus_lcPushy": 0.900196040343476, "bus_lcSigma": 0.023607137001453227, "bus_lcSpeedGainRight": 3.2975292801694334, "bus_lcSublane": 0.6562208231293264, "bus_sigma": 0.8837527851518415, "bus_tau_mean": 2.3774767020153127, "bus_tau_std": 6.906471955594633, "bus_v_mean": 14.602666421743198, "bus_v_std": 16.5318167100757, "car_acc": 2.370024046742775, "car_dcc": 1.3240390762752252, "car_lcAssertive": 14.849591579493513, "car_lcCooperative": 0.1580719374952485, "car_lcLookaheadLeft": 13.812853526344243, "car_lcPushy": 0.23027758115022057, "car_lcSigma": 0.42336238495286493, "car_lcSpeedGainRight": 3.3538075364704034, "car_lcSublane": 0.3366213132855601, "car_sigma": 0.5197543991279365, "car_tau_mean": 3.373921195243972, "car_tau_std": 8.845919403299062, "car_v_mean": 19.271899620885804, "car_v_std": 16.68981039194726}, "datetime": {"datetime": "2024-08-08 00:07:04", "elapsed": 243.359357, "delta": 4.665674}}
{"target": -0.3654236406331709, "params": {"bus_acc": 1.9243161933827142, "bus_dcc": 2.537949240271353, "bus_lcAssertive": 57.814667162342396, "bus_lcCooperative": 0.4403192075855932, "bus_lcLookaheadLeft": 20.96877785693343, "bus_lcPushy": 0.11396576145918635, "bus_lcSigma": 0.151227927370148, "bus_lcSpeedGainRight": 0.2624548192656695, "bus_lcSublane": 0.5586764110636315, "bus_sigma": 0.8477210140360106, "bus_tau_mean": 1.7569176862343876, "bus_tau_std": 0.7531087263581782, "bus_v_mean": 14.81159059176186, "bus_v_std": 12.040156769440028, "car_acc": 1.8508069311512751, "car_dcc": 3.43216370082211, "car_lcAssertive": 94.24673837248382, "car_lcCooperative": 0.8699107732683544, "car_lcLookaheadLeft": 70.99195083142908, "car_lcPushy": 0.4702989247821753, "car_lcSigma": 0.6826980429032513, "car_lcSpeedGainRight": 0.06709155278264767, "car_lcSublane": 0.9824781185020439, "car_sigma": 0.17207733182889595, "car_tau_mean": 3.6719113858658865, "car_tau_std": 8.07109901666106, "car_v_mean": 20.802234950191803, "car_v_std": 5.378721155701298}, "datetime": {"datetime": "2024-08-08 00:07:05", "elapsed": 245.058161, "delta": 1.698804}}
{"target": -0.3622512375205489, "params": {"bus_acc": 1.8813420496690145, "bus_dcc": 1.0127538951563135, "bus_lcAssertive": 70.53145433529303, "bus_lcCooperative": 0.792892482436361, "bus_lcLookaheadLeft": 35.17195620570534, "bus_lcPushy": 0.4773360161128124, "bus_lcSigma": 0.04871675070882919, "bus_lcSpeedGainRight": 1.1328533950910635, "bus_lcSublane": 0.6962569275688464, "bus_sigma": 0.14113732548297542, "bus_tau_mean": 1.3070684146783993, "bus_tau_std": 6.947876567526881, "bus_v_mean": 9.09384798603013, "bus_v_std": 14.586649256434692, "car_acc": 2.254915871752677, "car_dcc": 2.956198218357865, "car_lcAssertive": 32.82522271088874, "car_lcCooperative": 0.5384429930920315, "car_lcLookaheadLeft": 9.720696090613401, "car_lcPushy": 0.2845162056894225, "car_lcSigma": 0.20286601943668303, "car_lcSpeedGainRight": 2.5567403496306795, "car_lcSublane": 0.652209250046824, "car_sigma": 0.6150867700409683, "car_tau_mean": 0.9677297190950152, "car_tau_std": 1.8015534601789451, "car_v_mean": 15.956107433908741, "car_v_std": 0.40097932418241333}, "datetime": {"datetime": "2024-08-08 00:07:07", "elapsed": 246.843171, "delta": 1.78501}}
{"target": -0.37353198748666905, "params": {"bus_acc": 2.628674983844287, "bus_dcc": 3.844894716345379, "bus_lcAssertive": 29.77760736799541, "bus_lcCooperative": 0.44014655945827363, "bus_lcLookaheadLeft": 12.393635087302352, "bus_lcPushy": 0.877282123522309, "bus_lcSigma": 0.3436993279384193, "bus_lcSpeedGainRight": 4.526224401246487, "bus_lcSublane": 0.20385757159533968, "bus_sigma": 0.3496058152639734, "bus_tau_mean": 2.916677821520518, "bus_tau_std": 9.227065240960876, "bus_v_mean": 19.00713620811984, "bus_v_std": 6.801870359775089, "car_acc": 1.080086919816193, "car_dcc": 1.9952521524543578, "car_lcAssertive": 48.13994491070535, "car_lcCooperative": 0.7304001354118015, "car_lcLookaheadLeft": 89.57560214467847, "car_lcPushy": 0.006309041039328278, "car_lcSigma": 0.0767344622459043, "car_lcSpeedGainRight": 1.408952731719344, "car_lcSublane": 0.5356189297149452, "car_sigma": 0.5357855982615345, "car_tau_mean": 1.9884221776401056, "car_tau_std": 8.836374179203876, "car_v_mean": 19.63763272054855, "car_v_std": 2.719227266596276}, "datetime": {"datetime": "2024-08-08 00:07:08", "elapsed": 248.131575, "delta": 1.288404}}
{"target": -0.2996913111213432, "params": {"bus_acc": 2.979766906674231, "bus_dcc": 1.5322886106047857, "bus_lcAssertive": 82.32322728240342, "bus_lcCooperative": 0.2309885592816333, "bus_lcLookaheadLeft": 7.681629710531169, "bus_lcPushy": 0.13881651804567363, "bus_lcSigma": 0.9351531155423887, "bus_lcSpeedGainRight": 4.4427105167811405, "bus_lcSublane": 0.28926049548291, "bus_sigma": 0.9477640661016069, "bus_tau_mean": 3.4747568733099663, "bus_tau_std": 4.346547940716735, "bus_v_mean": 15.488792877863565, "bus_v_std": 12.597060431668455, "car_acc": 1.3160636699276254, "car_dcc": 1.0443462602262787, "car_lcAssertive": 27.285689729766197, "car_lcCooperative": 0.015443631942760883, "car_lcLookaheadLeft": 68.10088672790123, "car_lcPushy": 0.5514688358127765, "car_lcSigma": 0.32164814560277766, "car_lcSpeedGainRight": 3.9010116855987933, "car_lcSublane": 0.14578543121477705, "car_sigma": 0.2448806387618836, "car_tau_mean": 1.523098167137493, "car_tau_std": 1.9593194649899215, "car_v_mean": 9.407018940329653, "car_v_std": 17.39952360543215}, "datetime": {"datetime": "2024-08-08 00:07:14", "elapsed": 253.5169, "delta": 5.385325}}
{"target": -0.3059151002798335, "params": {"bus_acc": 1.4116082849260605, "bus_dcc": 2.228033423108929, "bus_lcAssertive": 73.12714861546256, "bus_lcCooperative": 0.589918991241211, "bus_lcLookaheadLeft": 94.23720489676207, "bus_lcPushy": 0.4468873835700453, "bus_lcSigma": 0.6175837821169542, "bus_lcSpeedGainRight": 0.4124411695402608, "bus_lcSublane": 0.23041299916521174, "bus_sigma": 0.12198669159106867, "bus_tau_mean": 3.183412806942531, "bus_tau_std": 0.1926845600995608, "bus_v_mean": 23.055972065658956, "bus_v_std": 16.71779084458993, "car_acc": 2.3580188496937593, "car_dcc": 1.085950422148108, "car_lcAssertive": 26.53187707498625, "car_lcCooperative": 0.13628193436779656, "car_lcLookaheadLeft": 71.64847648676155, "car_lcPushy": 0.06946591418465631, "car_lcSigma": 0.8898881189992887, "car_lcSpeedGainRight": 2.771849925162284, "car_lcSublane": 0.10338907211225601, "car_sigma": 0.460525547942892, "car_tau_mean": 0.9969477993058491, "car_tau_std": 4.231437418338397, "car_v_mean": 19.421970541669843, "car_v_std": 13.925872149137406}, "datetime": {"datetime": "2024-08-08 00:07:16", "elapsed": 255.167727, "delta": 1.650827}}
