{"target": 56.728377294166734, "params": {"bus_acc": 1.32, "bus_dcc": 2.16, "bus_lcCooperative": 0.43, "bus_lcPushy": 0.21, "bus_lcSublane": 0.16, "bus_max_v": 14.09, "bus_tau_mean": 2.01, "bus_tau_std": 13.73, "car_acc": 2.24, "car_dcc": 2.07, "car_lcCooperative": 0.4, "car_lcPushy": 0.6, "car_lcSublane": 0.54, "car_max_v": 10.94, "car_tau_mean": 1.67, "car_tau_std": 9.03}, "datetime": {"datetime": "2024-07-31 13:44:44", "elapsed": 5155.542474, "delta": 27.135262}}
{"target": 57.40404959449666, "params": {"bus_acc": 1.53, "bus_dcc": 2.36, "bus_lcCooperative": 0.06, "bus_lcPushy": 0.01, "bus_lcSublane": 0.34, "bus_max_v": 14.62, "bus_tau_mean": 2.56, "bus_tau_std": 14.72, "car_acc": 1.58, "car_dcc": 1.43, "car_lcCooperative": 0.2, "car_lcPushy": 0.42, "car_lcSublane": 0.42, "car_max_v": 11.88, "car_tau_mean": 1.8, "car_tau_std": 8.13}, "datetime": {"datetime": "2024-07-31 13:44:44", "elapsed": 5156.012358, "delta": 0.469884}}
{"target": 57.17182965053378, "params": {"bus_acc": 1.51, "bus_dcc": 3.27, "bus_lcCooperative": 0.34, "bus_lcPushy": 0.17, "bus_lcSublane": 0.14, "bus_max_v": 8.27, "bus_tau_mean": 2.94, "bus_tau_std": 13.18, "car_acc": 2.99, "car_dcc": 2.06, "car_lcCooperative": 0.48, "car_lcPushy": 0.86, "car_lcSublane": 0.63, "car_max_v": 11.33, "car_tau_mean": 1.46, "car_tau_std": 9.47}, "datetime": {"datetime": "2024-07-31 13:44:46", "elapsed": 5157.571763, "delta": 1.559405}}
{"target": 58.84957607069642, "params": {"bus_acc": 1.16, "bus_dcc": 2.26, "bus_lcCooperative": 0.74, "bus_lcPushy": 0.67, "bus_lcSublane": 0.26, "bus_max_v": 10.42, "bus_tau_mean": 1.53, "bus_tau_std": 1.31, "car_acc": 1.61, "car_dcc": 1.27, "car_lcCooperative": 0.78, "car_lcPushy": 0.13, "car_lcSublane": 0.37, "car_max_v": 8.44, "car_tau_mean": 2.67, "car_tau_std": 8.22}, "datetime": {"datetime": "2024-07-31 13:46:16", "elapsed": 5247.941856, "delta": 90.370093}}
{"target": 58.58416325644744, "params": {"bus_acc": 1.24, "bus_dcc": 1.17, "bus_lcCooperative": 0.19, "bus_lcPushy": 0.06, "bus_lcSublane": 0.73, "bus_max_v": 10.24, "bus_tau_mean": 2.93, "bus_tau_std": 1.05, "car_acc": 1.97, "car_dcc": 1.25, "car_lcCooperative": 0.13, "car_lcPushy": 0.67, "car_lcSublane": 0.37, "car_max_v": 8.72, "car_tau_mean": 2.26, "car_tau_std": 8.33}, "datetime": {"datetime": "2024-07-31 13:52:09", "elapsed": 5600.625576, "delta": 352.68372}}
{"target": 58.60057506491735, "params": {"bus_acc": 1.38, "bus_dcc": 2.28, "bus_lcCooperative": 0.81, "bus_lcPushy": 0.33, "bus_lcSublane": 0.08, "bus_max_v": 14.82, "bus_tau_mean": 2.46, "bus_tau_std": 2.02, "car_acc": 2.45, "car_dcc": 1.94, "car_lcCooperative": 0.43, "car_lcPushy": 0.95, "car_lcSublane": 0.96, "car_max_v": 8.03, "car_tau_mean": 2.29, "car_tau_std": 10.39}, "datetime": {"datetime": "2024-07-31 13:52:11", "elapsed": 5603.4636, "delta": 2.838024}}
{"target": 57.2007150830568, "params": {"bus_acc": 1.41, "bus_dcc": 3.63, "bus_lcCooperative": 0.99, "bus_lcPushy": 0.18, "bus_lcSublane": 0.72, "bus_max_v": 11.86, "bus_tau_mean": 2.67, "bus_tau_std": 4.5, "car_acc": 1.95, "car_dcc": 1.82, "car_lcCooperative": 0.1, "car_lcPushy": 0.8, "car_lcSublane": 0.27, "car_max_v": 11.3, "car_tau_mean": 1.31, "car_tau_std": 13.97}, "datetime": {"datetime": "2024-07-31 13:52:39", "elapsed": 5630.759986, "delta": 27.296386}}
{"target": 56.99525848376248, "params": {"bus_acc": 1.95, "bus_dcc": 3.47, "bus_lcCooperative": 0.61, "bus_lcPushy": 0.56, "bus_lcSublane": 0.14, "bus_max_v": 10.93, "bus_tau_mean": 1.27, "bus_tau_std": 6.52, "car_acc": 2.72, "car_dcc": 1.5, "car_lcCooperative": 0.17, "car_lcPushy": 0.21, "car_lcSublane": 0.86, "car_max_v": 10.27, "car_tau_mean": 1.09, "car_tau_std": 5.27}, "datetime": {"datetime": "2024-07-31 13:52:45", "elapsed": 5636.628495, "delta": 5.868509}}
{"target": 57.21194129139134, "params": {"bus_acc": 1.46, "bus_dcc": 1.75, "bus_lcCooperative": 0.54, "bus_lcPushy": 0.83, "bus_lcSublane": 0.23, "bus_max_v": 14.43, "bus_tau_mean": 2.1, "bus_tau_std": 14.41, "car_acc": 1.55, "car_dcc": 1.83, "car_lcCooperative": 0.84, "car_lcPushy": 0.01, "car_lcSublane": 0.19, "car_max_v": 10.71, "car_tau_mean": 1.9, "car_tau_std": 8.39}, "datetime": {"datetime": "2024-07-31 13:53:04", "elapsed": 5656.417751, "delta": 19.789256}}
{"target": 56.72663461537619, "params": {"bus_acc": 1.74, "bus_dcc": 2.09, "bus_lcCooperative": 0.22, "bus_lcPushy": 0.46, "bus_lcSublane": 0.93, "bus_max_v": 14.54, "bus_tau_mean": 2.31, "bus_tau_std": 14.11, "car_acc": 2.29, "car_dcc": 2.22, "car_lcCooperative": 0.71, "car_lcPushy": 0.17, "car_lcSublane": 0.24, "car_max_v": 11.25, "car_tau_mean": 1.81, "car_tau_std": 8.43}, "datetime": {"datetime": "2024-07-31 13:54:21", "elapsed": 5732.848368, "delta": 76.430617}}
{"target": 58.01863942026711, "params": {"bus_acc": 1.08, "bus_dcc": 3.77, "bus_lcCooperative": 0.49, "bus_lcPushy": 0.56, "bus_lcSublane": 0.44, "bus_max_v": 13.58, "bus_tau_mean": 1.8, "bus_tau_std": 13.31, "car_acc": 1.46, "car_dcc": 2.99, "car_lcCooperative": 0.35, "car_lcPushy": 0.36, "car_lcSublane": 0.3, "car_max_v": 9.79, "car_tau_mean": 1.06, "car_tau_std": 13.0}, "datetime": {"datetime": "2024-07-31 13:54:34", "elapsed": 5745.676152, "delta": 12.827784}}
{"target": 56.61737780829335, "params": {"bus_acc": 1.79, "bus_dcc": 2.08, "bus_lcCooperative": 0.17, "bus_lcPushy": 0.71, "bus_lcSublane": 0.89, "bus_max_v": 12.01, "bus_tau_mean": 2.32, "bus_tau_std": 4.25, "car_acc": 1.31, "car_dcc": 2.01, "car_lcCooperative": 0.45, "car_lcPushy": 0.32, "car_lcSublane": 0.93, "car_max_v": 14.76, "car_tau_mean": 1.57, "car_tau_std": 9.15}, "datetime": {"datetime": "2024-07-31 14:00:33", "elapsed": 6104.591962, "delta": 358.91581}}
{"target": 56.40709372930678, "params": {"bus_acc": 1.74, "bus_dcc": 2.26, "bus_lcCooperative": 0.53, "bus_lcPushy": 0.16, "bus_lcSublane": 0.44, "bus_max_v": 14.43, "bus_tau_mean": 2.32, "bus_tau_std": 12.15, "car_acc": 2.72, "car_dcc": 1.8, "car_lcCooperative": 0.61, "car_lcPushy": 0.81, "car_lcSublane": 0.65, "car_max_v": 13.09, "car_tau_mean": 1.62, "car_tau_std": 8.81}, "datetime": {"datetime": "2024-07-31 14:01:49", "elapsed": 6181.113746, "delta": 76.521784}}
{"target": 58.098869674283826, "params": {"bus_acc": 1.32, "bus_dcc": 2.65, "bus_lcCooperative": 0.56, "bus_lcPushy": 0.25, "bus_lcSublane": 0.99, "bus_max_v": 10.27, "bus_tau_mean": 1.15, "bus_tau_std": 1.57, "car_acc": 2.12, "car_dcc": 1.35, "car_lcCooperative": 0.5, "car_lcPushy": 0.41, "car_lcSublane": 0.52, "car_max_v": 8.98, "car_tau_mean": 1.96, "car_tau_std": 8.1}, "datetime": {"datetime": "2024-07-31 14:01:55", "elapsed": 6186.662365, "delta": 5.548619}}
{"target": 58.61149129748669, "params": {"bus_acc": 1.49, "bus_dcc": 2.41, "bus_lcCooperative": 0.65, "bus_lcPushy": 0.31, "bus_lcSublane": 0.34, "bus_max_v": 10.57, "bus_tau_mean": 2.29, "bus_tau_std": 1.0, "car_acc": 1.21, "car_dcc": 1.31, "car_lcCooperative": 0.22, "car_lcPushy": 0.71, "car_lcSublane": 0.71, "car_max_v": 8.07, "car_tau_mean": 2.75, "car_tau_std": 8.76}, "datetime": {"datetime": "2024-07-31 14:02:08", "elapsed": 6199.659106, "delta": 12.996741}}
{"target": 57.68093433054039, "params": {"bus_acc": 1.71, "bus_dcc": 2.01, "bus_lcCooperative": 0.73, "bus_lcPushy": 0.62, "bus_lcSublane": 0.76, "bus_max_v": 12.63, "bus_tau_mean": 1.29, "bus_tau_std": 7.85, "car_acc": 1.14, "car_dcc": 4.56, "car_lcCooperative": 0.25, "car_lcPushy": 0.36, "car_lcSublane": 0.96, "car_max_v": 10.62, "car_tau_mean": 1.55, "car_tau_std": 12.4}, "datetime": {"datetime": "2024-07-31 14:02:18", "elapsed": 6210.021807, "delta": 10.362701}}
{"target": 58.24593559783834, "params": {"bus_acc": 1.26, "bus_dcc": 1.87, "bus_lcCooperative": 0.49, "bus_lcPushy": 0.32, "bus_lcSublane": 0.63, "bus_max_v": 10.45, "bus_tau_mean": 2.49, "bus_tau_std": 0.89, "car_acc": 1.59, "car_dcc": 2.0, "car_lcCooperative": 0.73, "car_lcPushy": 0.04, "car_lcSublane": 0.26, "car_max_v": 9.51, "car_tau_mean": 2.27, "car_tau_std": 8.41}, "datetime": {"datetime": "2024-07-31 14:02:21", "elapsed": 6213.147487, "delta": 3.12568}}
{"target": 58.662229606756945, "params": {"bus_acc": 1.47, "bus_dcc": 3.39, "bus_lcCooperative": 0.36, "bus_lcPushy": 0.13, "bus_lcSublane": 0.79, "bus_max_v": 12.46, "bus_tau_mean": 1.62, "bus_tau_std": 5.22, "car_acc": 1.07, "car_dcc": 2.23, "car_lcCooperative": 0.37, "car_lcPushy": 0.68, "car_lcSublane": 0.55, "car_max_v": 10.61, "car_tau_mean": 1.89, "car_tau_std": 14.5}, "datetime": {"datetime": "2024-07-31 14:04:00", "elapsed": 6311.787005, "delta": 98.639518}}
{"target": 57.1873539179749, "params": {"bus_acc": 1.09, "bus_dcc": 2.0, "bus_lcCooperative": 0.87, "bus_lcPushy": 0.44, "bus_lcSublane": 0.61, "bus_max_v": 14.36, "bus_tau_mean": 2.96, "bus_tau_std": 14.14, "car_acc": 1.59, "car_dcc": 1.97, "car_lcCooperative": 0.02, "car_lcPushy": 0.56, "car_lcSublane": 0.23, "car_max_v": 11.61, "car_tau_mean": 1.46, "car_tau_std": 9.2}, "datetime": {"datetime": "2024-07-31 14:09:12", "elapsed": 6623.702103, "delta": 311.915098}}
{"target": 56.62735601013995, "params": {"bus_acc": 1.58, "bus_dcc": 2.64, "bus_lcCooperative": 0.54, "bus_lcPushy": 0.19, "bus_lcSublane": 0.53, "bus_max_v": 10.21, "bus_tau_mean": 1.2, "bus_tau_std": 6.38, "car_acc": 2.66, "car_dcc": 1.02, "car_lcCooperative": 0.75, "car_lcPushy": 0.72, "car_lcSublane": 0.5, "car_max_v": 12.11, "car_tau_mean": 1.65, "car_tau_std": 6.5}, "datetime": {"datetime": "2024-07-31 14:09:31", "elapsed": 6642.88586, "delta": 19.183757}}
{"target": 58.108524842745965, "params": {"bus_acc": 1.73, "bus_dcc": 2.15, "bus_lcCooperative": 0.23, "bus_lcPushy": 0.7, "bus_lcSublane": 0.38, "bus_max_v": 10.56, "bus_tau_mean": 2.84, "bus_tau_std": 0.09, "car_acc": 2.0, "car_dcc": 1.39, "car_lcCooperative": 0.19, "car_lcPushy": 0.02, "car_lcSublane": 0.12, "car_max_v": 8.54, "car_tau_mean": 2.81, "car_tau_std": 7.81}, "datetime": {"datetime": "2024-07-31 14:10:51", "elapsed": 6723.37578, "delta": 80.48992}}
{"target": 57.47570751883851, "params": {"bus_acc": 1.53, "bus_dcc": 2.55, "bus_lcCooperative": 0.07, "bus_lcPushy": 0.41, "bus_lcSublane": 0.29, "bus_max_v": 8.3, "bus_tau_mean": 2.14, "bus_tau_std": 7.85, "car_acc": 2.86, "car_dcc": 3.14, "car_lcCooperative": 0.69, "car_lcPushy": 0.33, "car_lcSublane": 0.29, "car_max_v": 11.61, "car_tau_mean": 2.44, "car_tau_std": 3.37}, "datetime": {"datetime": "2024-07-31 14:10:59", "elapsed": 6730.792553, "delta": 7.416773}}
{"target": 56.08965430157694, "params": {"bus_acc": 1.41, "bus_dcc": 2.8, "bus_lcCooperative": 0.57, "bus_lcPushy": 0.78, "bus_lcSublane": 0.21, "bus_max_v": 12.24, "bus_tau_mean": 1.76, "bus_tau_std": 4.65, "car_acc": 1.99, "car_dcc": 1.2, "car_lcCooperative": 0.82, "car_lcPushy": 0.42, "car_lcSublane": 0.66, "car_max_v": 11.18, "car_tau_mean": 2.07, "car_tau_std": 13.43}, "datetime": {"datetime": "2024-07-31 14:11:08", "elapsed": 6740.014168, "delta": 9.221615}}
{"target": 57.99253318615892, "params": {"bus_acc": 1.76, "bus_dcc": 2.82, "bus_lcCooperative": 0.61, "bus_lcPushy": 0.29, "bus_lcSublane": 0.41, "bus_max_v": 13.56, "bus_tau_mean": 2.35, "bus_tau_std": 6.81, "car_acc": 2.92, "car_dcc": 4.02, "car_lcCooperative": 0.19, "car_lcPushy": 0.92, "car_lcSublane": 0.4, "car_max_v": 8.95, "car_tau_mean": 1.66, "car_tau_std": 1.17}, "datetime": {"datetime": "2024-07-31 14:11:10", "elapsed": 6742.143529, "delta": 2.129361}}
{"target": 58.1898119719483, "params": {"bus_acc": 1.67, "bus_dcc": 3.22, "bus_lcCooperative": 0.29, "bus_lcPushy": 0.82, "bus_lcSublane": 0.37, "bus_max_v": 10.35, "bus_tau_mean": 1.67, "bus_tau_std": 1.28, "car_acc": 1.82, "car_dcc": 1.5, "car_lcCooperative": 0.87, "car_lcPushy": 0.05, "car_lcSublane": 0.08, "car_max_v": 8.02, "car_tau_mean": 2.94, "car_tau_std": 8.69}, "datetime": {"datetime": "2024-07-31 14:11:14", "elapsed": 6745.591758, "delta": 3.448229}}
{"target": 56.27667058214879, "params": {"bus_acc": 1.9, "bus_dcc": 2.95, "bus_lcCooperative": 0.52, "bus_lcPushy": 0.64, "bus_lcSublane": 0.69, "bus_max_v": 12.79, "bus_tau_mean": 1.82, "bus_tau_std": 4.82, "car_acc": 1.99, "car_dcc": 2.51, "car_lcCooperative": 0.59, "car_lcPushy": 0.47, "car_lcSublane": 0.61, "car_max_v": 11.09, "car_tau_mean": 1.82, "car_tau_std": 12.78}, "datetime": {"datetime": "2024-07-31 14:18:58", "elapsed": 7209.710306, "delta": 464.118548}}
{"target": 58.77691418607961, "params": {"bus_acc": 1.56, "bus_dcc": 1.79, "bus_lcCooperative": 0.49, "bus_lcPushy": 0.8, "bus_lcSublane": 0.29, "bus_max_v": 10.49, "bus_tau_mean": 2.23, "bus_tau_std": 0.64, "car_acc": 1.26, "car_dcc": 2.04, "car_lcCooperative": 0.79, "car_lcPushy": 0.68, "car_lcSublane": 0.67, "car_max_v": 8.2, "car_tau_mean": 2.22, "car_tau_std": 9.53}, "datetime": {"datetime": "2024-07-31 14:19:06", "elapsed": 7218.274185, "delta": 8.563879}}
{"target": 58.5147081649934, "params": {"bus_acc": 1.41, "bus_dcc": 2.36, "bus_lcCooperative": 0.06, "bus_lcPushy": 0.81, "bus_lcSublane": 0.78, "bus_max_v": 10.9, "bus_tau_mean": 2.49, "bus_tau_std": 0.8, "car_acc": 1.34, "car_dcc": 1.39, "car_lcCooperative": 0.85, "car_lcPushy": 0.04, "car_lcSublane": 0.6, "car_max_v": 8.92, "car_tau_mean": 1.78, "car_tau_std": 8.24}, "datetime": {"datetime": "2024-07-31 14:19:15", "elapsed": 7227.500967, "delta": 9.226782}}
{"target": 57.04802561090296, "params": {"bus_acc": 1.29, "bus_dcc": 3.01, "bus_lcCooperative": 0.58, "bus_lcPushy": 0.23, "bus_lcSublane": 0.98, "bus_max_v": 9.49, "bus_tau_mean": 1.74, "bus_tau_std": 4.54, "car_acc": 2.22, "car_dcc": 1.38, "car_lcCooperative": 0.36, "car_lcPushy": 0.28, "car_lcSublane": 0.44, "car_max_v": 11.93, "car_tau_mean": 2.8, "car_tau_std": 7.9}, "datetime": {"datetime": "2024-07-31 14:19:20", "elapsed": 7231.762532, "delta": 4.261565}}
{"target": 57.46528094222165, "params": {"bus_acc": 1.51, "bus_dcc": 2.76, "bus_lcCooperative": 0.34, "bus_lcPushy": 0.21, "bus_lcSublane": 0.32, "bus_max_v": 10.35, "bus_tau_mean": 1.37, "bus_tau_std": 1.2, "car_acc": 1.92, "car_dcc": 1.26, "car_lcCooperative": 0.57, "car_lcPushy": 0.28, "car_lcSublane": 0.38, "car_max_v": 9.73, "car_tau_mean": 1.88, "car_tau_std": 7.41}, "datetime": {"datetime": "2024-07-31 14:19:28", "elapsed": 7239.933939, "delta": 8.171407}}
{"target": 56.62834941525552, "params": {"bus_acc": 1.81, "bus_dcc": 3.05, "bus_lcCooperative": 0.72, "bus_lcPushy": 0.26, "bus_lcSublane": 0.95, "bus_max_v": 11.71, "bus_tau_mean": 2.6, "bus_tau_std": 7.73, "car_acc": 1.6, "car_dcc": 4.37, "car_lcCooperative": 0.92, "car_lcPushy": 0.93, "car_lcSublane": 0.96, "car_max_v": 12.02, "car_tau_mean": 1.21, "car_tau_std": 13.53}, "datetime": {"datetime": "2024-07-31 14:19:55", "elapsed": 7267.136448, "delta": 27.202509}}
{"target": 58.03782344560564, "params": {"bus_acc": 1.56, "bus_dcc": 2.1, "bus_lcCooperative": 0.67, "bus_lcPushy": 0.09, "bus_lcSublane": 0.53, "bus_max_v": 11.29, "bus_tau_mean": 2.25, "bus_tau_std": 8.12, "car_acc": 1.57, "car_dcc": 4.88, "car_lcCooperative": 0.25, "car_lcPushy": 0.46, "car_lcSublane": 0.11, "car_max_v": 8.39, "car_tau_mean": 1.62, "car_tau_std": 1.3}, "datetime": {"datetime": "2024-07-31 14:21:40", "elapsed": 7372.217404, "delta": 105.080956}}
{"target": 57.061569134210266, "params": {"bus_acc": 1.87, "bus_dcc": 2.92, "bus_lcCooperative": 0.92, "bus_lcPushy": 0.46, "bus_lcSublane": 0.39, "bus_max_v": 13.8, "bus_tau_mean": 2.48, "bus_tau_std": 6.46, "car_acc": 2.99, "car_dcc": 4.33, "car_lcCooperative": 0.07, "car_lcPushy": 0.21, "car_lcSublane": 0.68, "car_max_v": 9.15, "car_tau_mean": 1.38, "car_tau_std": 0.96}, "datetime": {"datetime": "2024-07-31 14:28:21", "elapsed": 7772.642497, "delta": 400.425093}}
{"target": 58.13362881775501, "params": {"bus_acc": 1.0, "bus_dcc": 3.32, "bus_lcCooperative": 0.47, "bus_lcPushy": 0.35, "bus_lcSublane": 0.72, "bus_max_v": 10.03, "bus_tau_mean": 1.14, "bus_tau_std": 1.37, "car_acc": 2.1, "car_dcc": 2.41, "car_lcCooperative": 0.45, "car_lcPushy": 0.36, "car_lcSublane": 0.83, "car_max_v": 8.74, "car_tau_mean": 2.22, "car_tau_std": 8.22}, "datetime": {"datetime": "2024-07-31 14:28:38", "elapsed": 7789.897818, "delta": 17.255321}}
{"target": 57.229387049678614, "params": {"bus_acc": 2.0, "bus_dcc": 3.24, "bus_lcCooperative": 0.27, "bus_lcPushy": 0.16, "bus_lcSublane": 0.05, "bus_max_v": 13.19, "bus_tau_mean": 2.46, "bus_tau_std": 6.4, "car_acc": 2.33, "car_dcc": 3.62, "car_lcCooperative": 0.79, "car_lcPushy": 0.73, "car_lcSublane": 0.35, "car_max_v": 8.89, "car_tau_mean": 1.58, "car_tau_std": 1.07}, "datetime": {"datetime": "2024-07-31 14:28:51", "elapsed": 7803.318632, "delta": 13.420814}}
{"target": 58.839778585606325, "params": {"bus_acc": 1.25, "bus_dcc": 1.27, "bus_lcCooperative": 0.11, "bus_lcPushy": 0.18, "bus_lcSublane": 0.35, "bus_max_v": 9.36, "bus_tau_mean": 2.67, "bus_tau_std": 1.3, "car_acc": 1.08, "car_dcc": 1.88, "car_lcCooperative": 0.68, "car_lcPushy": 0.37, "car_lcSublane": 0.51, "car_max_v": 8.78, "car_tau_mean": 2.36, "car_tau_std": 8.4}, "datetime": {"datetime": "2024-07-31 14:29:02", "elapsed": 7814.182137, "delta": 10.863505}}
{"target": 58.4071365844418, "params": {"bus_acc": 1.8, "bus_dcc": 2.23, "bus_lcCooperative": 0.12, "bus_lcPushy": 0.35, "bus_lcSublane": 0.57, "bus_max_v": 11.58, "bus_tau_mean": 2.64, "bus_tau_std": 1.12, "car_acc": 1.56, "car_dcc": 1.89, "car_lcCooperative": 0.77, "car_lcPushy": 0.32, "car_lcSublane": 0.08, "car_max_v": 8.94, "car_tau_mean": 1.8, "car_tau_std": 8.42}, "datetime": {"datetime": "2024-07-31 14:29:06", "elapsed": 7817.800976, "delta": 3.618839}}
{"target": 57.90556598340386, "params": {"bus_acc": 1.99, "bus_dcc": 3.53, "bus_lcCooperative": 0.67, "bus_lcPushy": 0.47, "bus_lcSublane": 0.78, "bus_max_v": 12.83, "bus_tau_mean": 2.25, "bus_tau_std": 8.28, "car_acc": 1.32, "car_dcc": 3.14, "car_lcCooperative": 0.77, "car_lcPushy": 0.24, "car_lcSublane": 0.51, "car_max_v": 9.24, "car_tau_mean": 2.63, "car_tau_std": 12.41}, "datetime": {"datetime": "2024-07-31 14:29:34", "elapsed": 7845.579574, "delta": 27.778598}}
{"target": 56.801549048477455, "params": {"bus_acc": 1.59, "bus_dcc": 2.54, "bus_lcCooperative": 0.05, "bus_lcPushy": 0.74, "bus_lcSublane": 0.19, "bus_max_v": 8.68, "bus_tau_mean": 1.07, "bus_tau_std": 12.66, "car_acc": 1.5, "car_dcc": 4.35, "car_lcCooperative": 0.9, "car_lcPushy": 0.82, "car_lcSublane": 0.39, "car_max_v": 14.73, "car_tau_mean": 2.44, "car_tau_std": 5.02}, "datetime": {"datetime": "2024-07-31 14:30:50", "elapsed": 7922.404681, "delta": 76.825107}}
{"target": 58.39284586534428, "params": {"bus_acc": 1.68, "bus_dcc": 3.0, "bus_lcCooperative": 0.78, "bus_lcPushy": 0.44, "bus_lcSublane": 0.03, "bus_max_v": 14.97, "bus_tau_mean": 2.32, "bus_tau_std": 1.58, "car_acc": 2.72, "car_dcc": 1.92, "car_lcCooperative": 0.43, "car_lcPushy": 0.87, "car_lcSublane": 0.65, "car_max_v": 8.14, "car_tau_mean": 2.08, "car_tau_std": 10.09}, "datetime": {"datetime": "2024-07-31 14:38:04", "elapsed": 8355.901278, "delta": 433.496597}}
{"target": 58.38398661897971, "params": {"bus_acc": 1.57, "bus_dcc": 1.42, "bus_lcCooperative": 0.66, "bus_lcPushy": 0.61, "bus_lcSublane": 0.37, "bus_max_v": 10.81, "bus_tau_mean": 2.85, "bus_tau_std": 0.56, "car_acc": 1.58, "car_dcc": 2.31, "car_lcCooperative": 0.14, "car_lcPushy": 0.64, "car_lcSublane": 0.41, "car_max_v": 9.26, "car_tau_mean": 2.9, "car_tau_std": 8.4}, "datetime": {"datetime": "2024-07-31 14:38:10", "elapsed": 8362.10273, "delta": 6.201452}}
{"target": 58.73853459592978, "params": {"bus_acc": 1.7, "bus_dcc": 3.46, "bus_lcCooperative": 0.8, "bus_lcPushy": 0.76, "bus_lcSublane": 0.16, "bus_max_v": 12.13, "bus_tau_mean": 2.11, "bus_tau_std": 4.35, "car_acc": 1.23, "car_dcc": 1.92, "car_lcCooperative": 0.02, "car_lcPushy": 0.88, "car_lcSublane": 0.19, "car_max_v": 10.11, "car_tau_mean": 1.75, "car_tau_std": 14.18}, "datetime": {"datetime": "2024-07-31 14:38:13", "elapsed": 8365.135181, "delta": 3.032451}}
{"target": 58.50621246299663, "params": {"bus_acc": 1.65, "bus_dcc": 1.51, "bus_lcCooperative": 0.34, "bus_lcPushy": 0.64, "bus_lcSublane": 0.91, "bus_max_v": 9.87, "bus_tau_mean": 2.23, "bus_tau_std": 0.8, "car_acc": 1.34, "car_dcc": 1.86, "car_lcCooperative": 0.64, "car_lcPushy": 0.76, "car_lcSublane": 0.33, "car_max_v": 8.77, "car_tau_mean": 2.34, "car_tau_std": 7.24}, "datetime": {"datetime": "2024-07-31 14:38:36", "elapsed": 8388.337515, "delta": 23.202334}}
{"target": 58.627598891561284, "params": {"bus_acc": 1.51, "bus_dcc": 1.35, "bus_lcCooperative": 0.1, "bus_lcPushy": 0.1, "bus_lcSublane": 0.05, "bus_max_v": 9.17, "bus_tau_mean": 2.11, "bus_tau_std": 0.77, "car_acc": 1.39, "car_dcc": 2.44, "car_lcCooperative": 0.36, "car_lcPushy": 0.12, "car_lcSublane": 0.88, "car_max_v": 8.19, "car_tau_mean": 2.48, "car_tau_std": 8.83}, "datetime": {"datetime": "2024-07-31 14:39:04", "elapsed": 8415.757611, "delta": 27.420096}}
{"target": 58.118118749478356, "params": {"bus_acc": 1.64, "bus_dcc": 1.81, "bus_lcCooperative": 0.44, "bus_lcPushy": 0.72, "bus_lcSublane": 0.95, "bus_max_v": 10.89, "bus_tau_mean": 2.77, "bus_tau_std": 0.89, "car_acc": 1.13, "car_dcc": 1.32, "car_lcCooperative": 0.58, "car_lcPushy": 0.92, "car_lcSublane": 0.14, "car_max_v": 8.0, "car_tau_mean": 2.16, "car_tau_std": 9.73}, "datetime": {"datetime": "2024-07-31 14:39:40", "elapsed": 8451.647846, "delta": 35.890235}}
{"target": 57.829206843780725, "params": {"bus_acc": 1.96, "bus_dcc": 2.55, "bus_lcCooperative": 0.64, "bus_lcPushy": 0.43, "bus_lcSublane": 0.53, "bus_max_v": 9.73, "bus_tau_mean": 1.53, "bus_tau_std": 0.71, "car_acc": 2.4, "car_dcc": 1.67, "car_lcCooperative": 0.8, "car_lcPushy": 0.3, "car_lcSublane": 0.35, "car_max_v": 9.18, "car_tau_mean": 1.75, "car_tau_std": 8.19}, "datetime": {"datetime": "2024-07-31 14:39:40", "elapsed": 8452.510341, "delta": 0.862495}}
