{"target": -0.30044608761374425, "params": {"bus_acc": 1.6993, "bus_dcc": 2.3641, "bus_lcAssertive": 40.5021, "bus_lcCooperative": 0.7026, "bus_lcLookaheadLeft": 8.7352, "bus_lcPushy": 0.8854, "bus_lcSigma": 0.5133, "bus_lcSpeedGainRight": 3.4215, "bus_lcSublane": 0.001, "bus_sigma": 0.5445, "bus_tau_mean": 2.3966, "bus_tau_std": 6.9244, "bus_v_mean": 15.5869, "bus_v_std": 19.1033, "car_acc": 4.6984, "car_dcc": 3.2903, "car_lcAssertive": 10.3805, "car_lcCooperative": 0.9915, "car_lcLookaheadLeft": 82.7015, "car_lcPushy": 0.2377, "car_lcSigma": 0.2753, "car_lcSpeedGainRight": 3.6425, "car_lcSublane": 0.285, "car_sigma": 0.9085, "car_tau_mean": 3.0373, "car_tau_std": 6.3785, "car_v_mean": 15.098, "car_v_std": 2.0496}, "datetime": {"datetime": "2024-08-08 18:24:49", "elapsed": 3674.741094, "delta": 6.161174}}
{"target": -0.27936707352692447, "params": {"bus_acc": 1.0662, "bus_dcc": 1.7493, "bus_lcAssertive": 79.4415, "bus_lcCooperative": 0.7217, "bus_lcLookaheadLeft": 26.1086, "bus_lcPushy": 0.5575, "bus_lcSigma": 0.5881, "bus_lcSpeedGainRight": 3.6095, "bus_lcSublane": 0.4662, "bus_sigma": 0.4074, "bus_tau_mean": 1.5806, "bus_tau_std": 2.3856, "bus_v_mean": 9.4826, "bus_v_std": 12.9202, "car_acc": 3.6808, "car_dcc": 3.0646, "car_lcAssertive": 1.314, "car_lcCooperative": 0.4408, "car_lcLookaheadLeft": 14.0128, "car_lcPushy": 0.5292, "car_lcSigma": 0.9823, "car_lcSpeedGainRight": 2.4989, "car_lcSublane": 0.3772, "car_sigma": 0.8164, "car_tau_mean": 3.8913, "car_tau_std": 2.8738, "car_v_mean": 20.8506, "car_v_std": 19.9254}, "datetime": {"datetime": "2024-08-08 18:24:59", "elapsed": 3684.929315, "delta": 10.188221}}
{"target": -0.2966629377467544, "params": {"bus_acc": 2.8816, "bus_dcc": 3.7616, "bus_lcAssertive": 70.9911, "bus_lcCooperative": 0.5747, "bus_lcLookaheadLeft": 16.9872, "bus_lcPushy": 0.4816, "bus_lcSigma": 0.5515, "bus_lcSpeedGainRight": 2.6613, "bus_lcSublane": 0.9172, "bus_sigma": 0.4865, "bus_tau_mean": 1.1487, "bus_tau_std": 0.9001, "bus_v_mean": 19.9583, "bus_v_std": 10.8623, "car_acc": 2.4732, "car_dcc": 2.4389, "car_lcAssertive": 86.7376, "car_lcCooperative": 0.9619, "car_lcLookaheadLeft": 67.6527, "car_lcPushy": 0.7531, "car_lcSigma": 0.5909, "car_lcSpeedGainRight": 0.1707, "car_lcSublane": 0.1397, "car_sigma": 0.9309, "car_tau_mean": 3.4797, "car_tau_std": 7.1989, "car_v_mean": 14.7958, "car_v_std": 17.226}, "datetime": {"datetime": "2024-08-08 18:25:10", "elapsed": 3695.524056, "delta": 10.594741}}
{"target": -0.292516980042642, "params": {"bus_acc": 4.5076, "bus_dcc": 3.3677, "bus_lcAssertive": 57.5506, "bus_lcCooperative": 0.9824, "bus_lcLookaheadLeft": 23.2788, "bus_lcPushy": 0.1111, "bus_lcSigma": 0.3564, "bus_lcSpeedGainRight": 0.7676, "bus_lcSublane": 0.3301, "bus_sigma": 0.4755, "bus_tau_mean": 2.7821, "bus_tau_std": 5.1991, "bus_v_mean": 12.8535, "bus_v_std": 11.1018, "car_acc": 3.7307, "car_dcc": 2.7217, "car_lcAssertive": 25.5072, "car_lcCooperative": 0.6779, "car_lcLookaheadLeft": 86.5944, "car_lcPushy": 0.6978, "car_lcSigma": 0.5206, "car_lcSpeedGainRight": 4.2405, "car_lcSublane": 0.6178, "car_sigma": 0.1198, "car_tau_mean": 3.3926, "car_tau_std": 5.6792, "car_v_mean": 17.1366, "car_v_std": 18.8279}, "datetime": {"datetime": "2024-08-08 18:25:23", "elapsed": 3708.135495, "delta": 12.611439}}
{"target": -0.30220996007084316, "params": {"bus_acc": 2.4831, "bus_dcc": 3.7093, "bus_lcAssertive": 93.2326, "bus_lcCooperative": 0.8525, "bus_lcLookaheadLeft": 34.2533, "bus_lcPushy": 0.1563, "bus_lcSigma": 0.5679, "bus_lcSpeedGainRight": 1.0845, "bus_lcSublane": 0.9503, "bus_sigma": 0.0293, "bus_tau_mean": 2.8517, "bus_tau_std": 0.917, "bus_v_mean": 13.1194, "bus_v_std": 5.4647, "car_acc": 2.245, "car_dcc": 3.3003, "car_lcAssertive": 32.2695, "car_lcCooperative": 0.1624, "car_lcLookaheadLeft": 42.0137, "car_lcPushy": 0.36, "car_lcSigma": 0.0271, "car_lcSpeedGainRight": 3.152, "car_lcSublane": 0.028, "car_sigma": 0.6857, "car_tau_mean": 3.7409, "car_tau_std": 2.0185, "car_v_mean": 17.1807, "car_v_std": 14.8934}, "datetime": {"datetime": "2024-08-08 18:25:30", "elapsed": 3716.056024, "delta": 7.920529}}
{"target": -0.30046421791646744, "params": {"bus_acc": 2.8858, "bus_dcc": 2.328, "bus_lcAssertive": 75.879, "bus_lcCooperative": 0.4322, "bus_lcLookaheadLeft": 53.8477, "bus_lcPushy": 0.2134, "bus_lcSigma": 0.1474, "bus_lcSpeedGainRight": 3.2563, "bus_lcSublane": 0.7383, "bus_sigma": 0.2793, "bus_tau_mean": 3.4803, "bus_tau_std": 8.5444, "bus_v_mean": 20.2099, "bus_v_std": 8.5067, "car_acc": 2.9595, "car_dcc": 3.6781, "car_lcAssertive": 83.284, "car_lcCooperative": 0.396, "car_lcLookaheadLeft": 97.341, "car_lcPushy": 0.8404, "car_lcSigma": 0.2521, "car_lcSpeedGainRight": 0.8222, "car_lcSublane": 0.4072, "car_sigma": 0.9387, "car_tau_mean": 2.7225, "car_tau_std": 6.9453, "car_v_mean": 9.2927, "car_v_std": 6.3916}, "datetime": {"datetime": "2024-08-08 18:25:43", "elapsed": 3729.079626, "delta": 13.023602}}
{"target": -0.3313923580628826, "params": {"bus_acc": 2.2577, "bus_dcc": 2.2583, "bus_lcAssertive": 83.2515, "bus_lcCooperative": 0.8319, "bus_lcLookaheadLeft": 24.435, "bus_lcPushy": 0.2434, "bus_lcSigma": 0.277, "bus_lcSpeedGainRight": 3.2032, "bus_lcSublane": 0.4545, "bus_sigma": 0.4707, "bus_tau_mean": 2.2102, "bus_tau_std": 2.7971, "bus_v_mean": 12.1063, "bus_v_std": 18.3878, "car_acc": 4.0952, "car_dcc": 2.4701, "car_lcAssertive": 11.5246, "car_lcCooperative": 0.8984, "car_lcLookaheadLeft": 44.343, "car_lcPushy": 0.1774, "car_lcSigma": 0.3244, "car_lcSpeedGainRight": 3.9266, "car_lcSublane": 0.1631, "car_sigma": 0.1632, "car_tau_mean": 1.3025, "car_tau_std": 6.0307, "car_v_mean": 17.0343, "car_v_std": 0.8746}, "datetime": {"datetime": "2024-08-08 18:25:56", "elapsed": 3741.127158, "delta": 12.047532}}
{"target": -0.27900141489959696, "params": {"bus_acc": 1.3528, "bus_dcc": 3.8434, "bus_lcAssertive": 90.1065, "bus_lcCooperative": 0.948, "bus_lcLookaheadLeft": 7.4649, "bus_lcPushy": 0.6481, "bus_lcSigma": 0.8966, "bus_lcSpeedGainRight": 0.458, "bus_lcSublane": 0.5793, "bus_sigma": 0.0035, "bus_tau_mean": 3.0431, "bus_tau_std": 7.2363, "bus_v_mean": 9.898, "bus_v_std": 11.7192, "car_acc": 4.6418, "car_dcc": 1.8773, "car_lcAssertive": 24.1407, "car_lcCooperative": 0.0303, "car_lcLookaheadLeft": 86.4961, "car_lcPushy": 0.4542, "car_lcSigma": 0.4324, "car_lcSpeedGainRight": 2.1397, "car_lcSublane": 0.784, "car_sigma": 0.9825, "car_tau_mean": 2.9073, "car_tau_std": 8.1057, "car_v_mean": 16.4454, "car_v_std": 13.7094}, "datetime": {"datetime": "2024-08-08 18:26:07", "elapsed": 3752.771052, "delta": 11.643894}}
{"target": -0.2776892763132977, "params": {"bus_acc": 3.6289, "bus_dcc": 2.4321, "bus_lcAssertive": 3.3111, "bus_lcCooperative": 0.9376, "bus_lcLookaheadLeft": 13.0592, "bus_lcPushy": 0.0515, "bus_lcSigma": 0.4687, "bus_lcSpeedGainRight": 3.759, "bus_lcSublane": 0.6211, "bus_sigma": 0.8593, "bus_tau_mean": 2.9328, "bus_tau_std": 6.1931, "bus_v_mean": 9.189, "bus_v_std": 18.1029, "car_acc": 1.3296, "car_dcc": 2.3619, "car_lcAssertive": 5.1473, "car_lcCooperative": 0.3368, "car_lcLookaheadLeft": 45.8609, "car_lcPushy": 0.6843, "car_lcSigma": 0.3511, "car_lcSpeedGainRight": 2.7734, "car_lcSublane": 0.9721, "car_sigma": 0.0741, "car_tau_mean": 2.5108, "car_tau_std": 0.9445, "car_v_mean": 17.6638, "car_v_std": 0.5757}, "datetime": {"datetime": "2024-08-08 18:26:20", "elapsed": 3765.383177, "delta": 12.612125}}
{"target": -0.27936707352692447, "params": {"bus_acc": 1.0662, "bus_dcc": 1.7493, "bus_lcAssertive": 79.4415, "bus_lcCooperative": 0.7217, "bus_lcLookaheadLeft": 26.1086, "bus_lcPushy": 0.5574, "bus_lcSigma": 0.5881, "bus_lcSpeedGainRight": 3.6095, "bus_lcSublane": 0.4662, "bus_sigma": 0.4074, "bus_tau_mean": 1.5806, "bus_tau_std": 2.3856, "bus_v_mean": 9.4826, "bus_v_std": 12.9202, "car_acc": 3.6808, "car_dcc": 3.0646, "car_lcAssertive": 1.314, "car_lcCooperative": 0.4408, "car_lcLookaheadLeft": 14.0128, "car_lcPushy": 0.5292, "car_lcSigma": 0.9823, "car_lcSpeedGainRight": 2.4989, "car_lcSublane": 0.3772, "car_sigma": 0.8164, "car_tau_mean": 3.8913, "car_tau_std": 2.8738, "car_v_mean": 20.8506, "car_v_std": 19.9254}, "datetime": {"datetime": "2024-08-08 18:26:29", "elapsed": 3774.635974, "delta": 9.252797}}
{"target": -0.3116856120710764, "params": {"bus_acc": 2.7467, "bus_dcc": 3.1624, "bus_lcAssertive": 88.5568, "bus_lcCooperative": 0.2054, "bus_lcLookaheadLeft": 13.3418, "bus_lcPushy": 0.6724, "bus_lcSigma": 0.7998, "bus_lcSpeedGainRight": 4.9021, "bus_lcSublane": 0.0212, "bus_sigma": 0.271, "bus_tau_mean": 3.6978, "bus_tau_std": 6.5669, "bus_v_mean": 22.0347, "bus_v_std": 3.0648, "car_acc": 4.6058, "car_dcc": 3.7574, "car_lcAssertive": 59.8262, "car_lcCooperative": 0.1507, "car_lcLookaheadLeft": 57.3756, "car_lcPushy": 0.8282, "car_lcSigma": 0.9678, "car_lcSpeedGainRight": 1.7399, "car_lcSublane": 0.7563, "car_sigma": 0.6837, "car_tau_mean": 1.1852, "car_tau_std": 8.2619, "car_v_mean": 17.2462, "car_v_std": 11.4172}, "datetime": {"datetime": "2024-08-08 18:26:39", "elapsed": 3784.217102, "delta": 9.581128}}
{"target": -0.28852290396894964, "params": {"bus_acc": 1.524, "bus_dcc": 1.6236, "bus_lcAssertive": 57.9607, "bus_lcCooperative": 0.2153, "bus_lcLookaheadLeft": 40.5018, "bus_lcPushy": 0.95, "bus_lcSigma": 0.0913, "bus_lcSpeedGainRight": 4.1778, "bus_lcSublane": 0.6829, "bus_sigma": 0.6161, "bus_tau_mean": 2.4209, "bus_tau_std": 9.8962, "bus_v_mean": 15.2297, "bus_v_std": 12.0731, "car_acc": 3.4372, "car_dcc": 3.5302, "car_lcAssertive": 85.738, "car_lcCooperative": 0.9345, "car_lcLookaheadLeft": 94.2614, "car_lcPushy": 0.5162, "car_lcSigma": 0.6937, "car_lcSpeedGainRight": 1.9384, "car_lcSublane": 0.4362, "car_sigma": 0.0367, "car_tau_mean": 3.6277, "car_tau_std": 3.0871, "car_v_mean": 23.4469, "car_v_std": 14.5047}, "datetime": {"datetime": "2024-08-08 18:26:47", "elapsed": 3793.060179, "delta": 8.843077}}
{"target": -0.28955083608800825, "params": {"bus_acc": 4.3086, "bus_dcc": 1.5904, "bus_lcAssertive": 74.4612, "bus_lcCooperative": 0.9419, "bus_lcLookaheadLeft": 63.3064, "bus_lcPushy": 0.2678, "bus_lcSigma": 0.1425, "bus_lcSpeedGainRight": 1.225, "bus_lcSublane": 0.4048, "bus_sigma": 0.018, "bus_tau_mean": 2.2528, "bus_tau_std": 5.7347, "bus_v_mean": 13.006, "bus_v_std": 17.363, "car_acc": 3.3182, "car_dcc": 2.4735, "car_lcAssertive": 10.917, "car_lcCooperative": 0.5663, "car_lcLookaheadLeft": 52.5258, "car_lcPushy": 0.5734, "car_lcSigma": 0.07, "car_lcSpeedGainRight": 3.8577, "car_lcSublane": 0.9446, "car_sigma": 0.8159, "car_tau_mean": 2.1651, "car_tau_std": 8.2554, "car_v_mean": 22.6433, "car_v_std": 8.047}, "datetime": {"datetime": "2024-08-08 18:26:57", "elapsed": 3802.76461, "delta": 9.704431}}
{"target": -0.29507590121374316, "params": {"bus_acc": 2.1312, "bus_dcc": 3.3179, "bus_lcAssertive": 44.2132, "bus_lcCooperative": 0.7916, "bus_lcLookaheadLeft": 38.6244, "bus_lcPushy": 0.1161, "bus_lcSigma": 0.3765, "bus_lcSpeedGainRight": 2.4746, "bus_lcSublane": 0.8593, "bus_sigma": 0.484, "bus_tau_mean": 1.4312, "bus_tau_std": 8.5971, "bus_v_mean": 18.9649, "bus_v_std": 12.422, "car_acc": 4.4232, "car_dcc": 3.8704, "car_lcAssertive": 36.8974, "car_lcCooperative": 0.0541, "car_lcLookaheadLeft": 29.2014, "car_lcPushy": 0.5466, "car_lcSigma": 0.3538, "car_lcSpeedGainRight": 4.1283, "car_lcSublane": 0.4337, "car_sigma": 0.051, "car_tau_mean": 3.9835, "car_tau_std": 5.6801, "car_v_mean": 14.0826, "car_v_std": 9.6481}, "datetime": {"datetime": "2024-08-08 18:27:09", "elapsed": 3814.940562, "delta": 12.175952}}
{"target": -0.27936707352692447, "params": {"bus_acc": 1.0662, "bus_dcc": 1.7492, "bus_lcAssertive": 79.4415, "bus_lcCooperative": 0.7217, "bus_lcLookaheadLeft": 26.1086, "bus_lcPushy": 0.5574, "bus_lcSigma": 0.5881, "bus_lcSpeedGainRight": 3.6095, "bus_lcSublane": 0.4662, "bus_sigma": 0.4074, "bus_tau_mean": 1.5806, "bus_tau_std": 2.3856, "bus_v_mean": 9.4826, "bus_v_std": 12.9202, "car_acc": 3.6808, "car_dcc": 3.0646, "car_lcAssertive": 1.314, "car_lcCooperative": 0.4408, "car_lcLookaheadLeft": 14.0128, "car_lcPushy": 0.5292, "car_lcSigma": 0.9823, "car_lcSpeedGainRight": 2.4989, "car_lcSublane": 0.3772, "car_sigma": 0.8164, "car_tau_mean": 3.8913, "car_tau_std": 2.8738, "car_v_mean": 20.8506, "car_v_std": 19.9254}, "datetime": {"datetime": "2024-08-08 18:27:16", "elapsed": 3822.072432, "delta": 7.13187}}
{"target": -0.3050302749706575, "params": {"bus_acc": 2.4097, "bus_dcc": 3.4633, "bus_lcAssertive": 32.8633, "bus_lcCooperative": 0.3179, "bus_lcLookaheadLeft": 70.7262, "bus_lcPushy": 0.6146, "bus_lcSigma": 0.0464, "bus_lcSpeedGainRight": 1.363, "bus_lcSublane": 0.6743, "bus_sigma": 0.7622, "bus_tau_mean": 1.3732, "bus_tau_std": 1.7941, "bus_v_mean": 9.1218, "bus_v_std": 0.5143, "car_acc": 4.1255, "car_dcc": 2.4817, "car_lcAssertive": 65.2132, "car_lcCooperative": 0.3135, "car_lcLookaheadLeft": 45.8322, "car_lcPushy": 0.3197, "car_lcSigma": 0.6347, "car_lcSpeedGainRight": 3.0781, "car_lcSublane": 0.5768, "car_sigma": 0.0763, "car_tau_mean": 3.4881, "car_tau_std": 1.4054, "car_v_mean": 16.9094, "car_v_std": 2.6178}, "datetime": {"datetime": "2024-08-08 18:27:40", "elapsed": 3845.776633, "delta": 23.704201}}
{"target": -0.3015448382488159, "params": {"bus_acc": 4.6196, "bus_dcc": 2.4091, "bus_lcAssertive": 35.307, "bus_lcCooperative": 0.0048, "bus_lcLookaheadLeft": 57.9774, "bus_lcPushy": 0.3788, "bus_lcSigma": 0.62, "bus_lcSpeedGainRight": 4.3636, "bus_lcSublane": 0.621, "bus_sigma": 0.2732, "bus_tau_mean": 1.2575, "bus_tau_std": 9.5255, "bus_v_mean": 15.3487, "bus_v_std": 7.4943, "car_acc": 4.3214, "car_dcc": 1.6244, "car_lcAssertive": 59.5121, "car_lcCooperative": 0.8757, "car_lcLookaheadLeft": 19.8618, "car_lcPushy": 0.6791, "car_lcSigma": 0.0974, "car_lcSpeedGainRight": 1.259, "car_lcSublane": 0.2783, "car_sigma": 0.51, "car_tau_mean": 3.9491, "car_tau_std": 6.6327, "car_v_mean": 11.9775, "car_v_std": 5.4797}, "datetime": {"datetime": "2024-08-08 18:28:45", "elapsed": 3910.33486, "delta": 64.558227}}
{"target": -0.316601967929058, "params": {"bus_acc": 1.4575, "bus_dcc": 3.8797, "bus_lcAssertive": 71.848, "bus_lcCooperative": 0.9017, "bus_lcLookaheadLeft": 78.2656, "bus_lcPushy": 0.6022, "bus_lcSigma": 0.7317, "bus_lcSpeedGainRight": 0.0185, "bus_lcSublane": 0.6606, "bus_sigma": 0.9711, "bus_tau_mean": 1.1778, "bus_tau_std": 0.3304, "bus_v_mean": 21.1584, "bus_v_std": 2.4949, "car_acc": 3.4249, "car_dcc": 3.7148, "car_lcAssertive": 61.7415, "car_lcCooperative": 0.591, "car_lcLookaheadLeft": 57.3631, "car_lcPushy": 0.8375, "car_lcSigma": 0.1433, "car_lcSpeedGainRight": 1.9944, "car_lcSublane": 0.4578, "car_sigma": 0.3504, "car_tau_mean": 2.9092, "car_tau_std": 7.6602, "car_v_mean": 9.2877, "car_v_std": 9.371}, "datetime": {"datetime": "2024-08-08 18:29:34", "elapsed": 3959.180588, "delta": 48.845728}}
{"target": -0.28435238297298954, "params": {"bus_acc": 1.7582, "bus_dcc": 1.4472, "bus_lcAssertive": 58.068, "bus_lcCooperative": 0.3669, "bus_lcLookaheadLeft": 82.8491, "bus_lcPushy": 0.7674, "bus_lcSigma": 0.0377, "bus_lcSpeedGainRight": 2.6927, "bus_lcSublane": 0.1194, "bus_sigma": 0.7648, "bus_tau_mean": 2.7529, "bus_tau_std": 9.0704, "bus_v_mean": 22.7247, "bus_v_std": 11.9012, "car_acc": 2.3796, "car_dcc": 2.5393, "car_lcAssertive": 38.9318, "car_lcCooperative": 0.1656, "car_lcLookaheadLeft": 16.4683, "car_lcPushy": 0.9606, "car_lcSigma": 0.6074, "car_lcSpeedGainRight": 2.8472, "car_lcSublane": 0.8266, "car_sigma": 0.4886, "car_tau_mean": 1.6517, "car_tau_std": 8.3318, "car_v_mean": 9.4243, "car_v_std": 0.2165}, "datetime": {"datetime": "2024-08-08 18:30:34", "elapsed": 4019.692435, "delta": 60.511847}}
{"target": -0.28241960331107263, "params": {"bus_acc": 2.1937, "bus_dcc": 2.0786, "bus_lcAssertive": 69.3582, "bus_lcCooperative": 0.9642, "bus_lcLookaheadLeft": 71.5232, "bus_lcPushy": 0.4838, "bus_lcSigma": 0.4171, "bus_lcSpeedGainRight": 1.1881, "bus_lcSublane": 0.8199, "bus_sigma": 0.8433, "bus_tau_mean": 3.0984, "bus_tau_std": 3.5989, "bus_v_mean": 11.8431, "bus_v_std": 6.1919, "car_acc": 2.7148, "car_dcc": 1.533, "car_lcAssertive": 13.6417, "car_lcCooperative": 0.5704, "car_lcLookaheadLeft": 84.2434, "car_lcPushy": 0.5755, "car_lcSigma": 0.4394, "car_lcSpeedGainRight": 3.1426, "car_lcSublane": 0.3488, "car_sigma": 0.5073, "car_tau_mean": 2.0471, "car_tau_std": 6.8891, "car_v_mean": 15.0387, "car_v_std": 4.7198}, "datetime": {"datetime": "2024-08-08 18:31:38", "elapsed": 4083.717562, "delta": 64.025127}}
{"target": -0.31599636797451885, "params": {"bus_acc": 2.0329, "bus_dcc": 3.5792, "bus_lcAssertive": 73.5368, "bus_lcCooperative": 0.6739, "bus_lcLookaheadLeft": 90.1865, "bus_lcPushy": 0.5985, "bus_lcSigma": 0.7029, "bus_lcSpeedGainRight": 0.4718, "bus_lcSublane": 0.9901, "bus_sigma": 0.2673, "bus_tau_mean": 1.6418, "bus_tau_std": 3.7349, "bus_v_mean": 12.4992, "bus_v_std": 7.1236, "car_acc": 1.8611, "car_dcc": 1.327, "car_lcAssertive": 23.8794, "car_lcCooperative": 0.8493, "car_lcLookaheadLeft": 87.3131, "car_lcPushy": 0.5902, "car_lcSigma": 0.5411, "car_lcSpeedGainRight": 0.3659, "car_lcSublane": 0.4323, "car_sigma": 0.9194, "car_tau_mean": 2.2204, "car_tau_std": 9.368, "car_v_mean": 17.8883, "car_v_std": 6.6943}, "datetime": {"datetime": "2024-08-08 18:32:24", "elapsed": 4129.700792, "delta": 45.98323}}
{"target": -0.3048026755308637, "params": {"bus_acc": 4.285, "bus_dcc": 3.2622, "bus_lcAssertive": 17.6648, "bus_lcCooperative": 0.3646, "bus_lcLookaheadLeft": 50.9563, "bus_lcPushy": 0.858, "bus_lcSigma": 0.8464, "bus_lcSpeedGainRight": 0.4155, "bus_lcSublane": 0.3829, "bus_sigma": 0.8386, "bus_tau_mean": 2.5898, "bus_tau_std": 6.3661, "bus_v_mean": 23.1856, "bus_v_std": 9.1317, "car_acc": 4.5849, "car_dcc": 3.9307, "car_lcAssertive": 58.2571, "car_lcCooperative": 0.956, "car_lcLookaheadLeft": 14.5598, "car_lcPushy": 0.4657, "car_lcSigma": 0.5961, "car_lcSpeedGainRight": 4.9943, "car_lcSublane": 0.5709, "car_sigma": 0.6251, "car_tau_mean": 3.7958, "car_tau_std": 1.5837, "car_v_mean": 18.713, "car_v_std": 10.532}, "datetime": {"datetime": "2024-08-08 18:33:15", "elapsed": 4181.019559, "delta": 51.318767}}
{"target": -0.36293390325997305, "params": {"bus_acc": 4.4435, "bus_dcc": 1.7866, "bus_lcAssertive": 9.6105, "bus_lcCooperative": 0.8478, "bus_lcLookaheadLeft": 31.9602, "bus_lcPushy": 0.6619, "bus_lcSigma": 0.7674, "bus_lcSpeedGainRight": 3.8156, "bus_lcSublane": 0.9063, "bus_sigma": 0.3278, "bus_tau_mean": 3.6964, "bus_tau_std": 7.9849, "bus_v_mean": 23.7353, "bus_v_std": 3.3494, "car_acc": 3.3883, "car_dcc": 1.1733, "car_lcAssertive": 19.7526, "car_lcCooperative": 0.1002, "car_lcLookaheadLeft": 9.1013, "car_lcPushy": 0.7539, "car_lcSigma": 0.4534, "car_lcSpeedGainRight": 3.5765, "car_lcSublane": 0.5396, "car_sigma": 0.9582, "car_tau_mean": 3.2654, "car_tau_std": 0.0001, "car_v_mean": 20.0527, "car_v_std": 5.0695}, "datetime": {"datetime": "2024-08-08 18:34:01", "elapsed": 4226.929088, "delta": 45.909529}}
{"target": -0.30239865594339416, "params": {"bus_acc": 4.7001, "bus_dcc": 3.5347, "bus_lcAssertive": 37.3721, "bus_lcCooperative": 0.6085, "bus_lcLookaheadLeft": 38.6516, "bus_lcPushy": 0.3972, "bus_lcSigma": 0.5451, "bus_lcSpeedGainRight": 0.9635, "bus_lcSublane": 0.6893, "bus_sigma": 0.9768, "bus_tau_mean": 2.9156, "bus_tau_std": 1.1363, "bus_v_mean": 11.439, "bus_v_std": 12.7649, "car_acc": 1.206, "car_dcc": 1.7487, "car_lcAssertive": 44.9602, "car_lcCooperative": 0.3874, "car_lcLookaheadLeft": 58.7199, "car_lcPushy": 0.8615, "car_lcSigma": 0.7157, "car_lcSpeedGainRight": 0.4363, "car_lcSublane": 0.9859, "car_sigma": 0.8218, "car_tau_mean": 0.969, "car_tau_std": 6.0801, "car_v_mean": 20.4245, "car_v_std": 6.8235}, "datetime": {"datetime": "2024-08-08 18:34:46", "elapsed": 4271.592754, "delta": 44.663666}}
{"target": -0.3091658966189399, "params": {"bus_acc": 4.6939, "bus_dcc": 2.8913, "bus_lcAssertive": 94.8566, "bus_lcCooperative": 0.4309, "bus_lcLookaheadLeft": 98.1809, "bus_lcPushy": 0.4521, "bus_lcSigma": 0.1331, "bus_lcSpeedGainRight": 0.7171, "bus_lcSublane": 0.1487, "bus_sigma": 0.8832, "bus_tau_mean": 3.9281, "bus_tau_std": 6.696, "bus_v_mean": 14.4768, "bus_v_std": 11.3425, "car_acc": 4.879, "car_dcc": 3.891, "car_lcAssertive": 80.3591, "car_lcCooperative": 0.1436, "car_lcLookaheadLeft": 33.0153, "car_lcPushy": 0.0795, "car_lcSigma": 0.0976, "car_lcSpeedGainRight": 2.9251, "car_lcSublane": 0.2062, "car_sigma": 0.5215, "car_tau_mean": 2.9193, "car_tau_std": 7.2646, "car_v_mean": 17.7704, "car_v_std": 5.4064}, "datetime": {"datetime": "2024-08-08 18:35:34", "elapsed": 4319.217772, "delta": 47.625018}}
{"target": -0.2956999883524054, "params": {"bus_acc": 3.0137, "bus_dcc": 3.0669, "bus_lcAssertive": 2.1078, "bus_lcCooperative": 0.3416, "bus_lcLookaheadLeft": 93.9532, "bus_lcPushy": 0.5661, "bus_lcSigma": 0.4861, "bus_lcSpeedGainRight": 4.6961, "bus_lcSublane": 0.6466, "bus_sigma": 0.573, "bus_tau_mean": 0.8392, "bus_tau_std": 6.1609, "bus_v_mean": 14.1063, "bus_v_std": 7.8624, "car_acc": 4.7032, "car_dcc": 3.0628, "car_lcAssertive": 82.1841, "car_lcCooperative": 0.5111, "car_lcLookaheadLeft": 98.643, "car_lcPushy": 0.2842, "car_lcSigma": 0.204, "car_lcSpeedGainRight": 0.6228, "car_lcSublane": 0.5594, "car_sigma": 0.7591, "car_tau_mean": 3.2024, "car_tau_std": 5.1468, "car_v_mean": 15.4874, "car_v_std": 11.702}, "datetime": {"datetime": "2024-08-08 18:36:07", "elapsed": 4352.645978, "delta": 33.428206}}
