{"target": -0.2508361769334007, "params": {"bus_acc": 4.3108, "bus_dcc": 3.0845, "bus_lcAssertive": 36.0321, "bus_lcCooperative": 0.2633, "bus_lcLookaheadLeft": 49.8122, "bus_lcPushy": 0.0817, "bus_lcSigma": 0.3286, "bus_lcSpeedGainRight": 3.5967, "bus_lcSublane": 0.5333, "bus_sigma": 0.6035, "bus_tau_mean": 2.7344, "bus_tau_std": 8.0114, "bus_v_mean": 13.5521, "bus_v_std": 9.5252, "car_acc": 4.773, "car_dcc": 2.5464, "car_lcAssertive": 63.0441, "car_lcCooperative": 0.9892, "car_lcLookaheadLeft": 37.6576, "car_lcPushy": 0.3037, "car_lcSigma": 0.6582, "car_lcSpeedGainRight": 1.543, "car_lcSublane": 0.593, "car_sigma": 0.6537, "car_tau_mean": 2.4785, "car_tau_std": 0.4891, "car_v_mean": 23.5676, "car_v_std": 15.6386}, "datetime": {"datetime": "2024-08-08 18:20:45", "elapsed": 3430.629276, "delta": 10.469033}}
{"target": -0.3719996790538493, "params": {"bus_acc": 4.3103, "bus_dcc": 1.2868, "bus_lcAssertive": 72.1626, "bus_lcCooperative": 0.3095, "bus_lcLookaheadLeft": 23.8237, "bus_lcPushy": 0.4987, "bus_lcSigma": 0.183, "bus_lcSpeedGainRight": 0.7019, "bus_lcSublane": 0.8416, "bus_sigma": 0.6679, "bus_tau_mean": 3.4467, "bus_tau_std": 7.5223, "bus_v_mean": 12.0431, "bus_v_std": 3.2867, "car_acc": 2.9337, "car_dcc": 3.4942, "car_lcAssertive": 41.4938, "car_lcCooperative": 0.2082, "car_lcLookaheadLeft": 99.1019, "car_lcPushy": 0.5394, "car_lcSigma": 0.899, "car_lcSpeedGainRight": 4.392, "car_lcSublane": 0.632, "car_sigma": 0.0778, "car_tau_mean": 3.0527, "car_tau_std": 5.6896, "car_v_mean": 21.868, "car_v_std": 3.0521}, "datetime": {"datetime": "2024-08-08 18:20:56", "elapsed": 3442.024352, "delta": 11.395076}}
{"target": -0.38394411045438664, "params": {"bus_acc": 4.3214, "bus_dcc": 3.8318, "bus_lcAssertive": 86.825, "bus_lcCooperative": 0.2718, "bus_lcLookaheadLeft": 41.3082, "bus_lcPushy": 0.6319, "bus_lcSigma": 0.5912, "bus_lcSpeedGainRight": 4.0663, "bus_lcSublane": 0.4575, "bus_sigma": 0.081, "bus_tau_mean": 1.9575, "bus_tau_std": 7.0441, "bus_v_mean": 13.2211, "bus_v_std": 17.8309, "car_acc": 1.0478, "car_dcc": 2.8535, "car_lcAssertive": 2.4098, "car_lcCooperative": 0.045, "car_lcLookaheadLeft": 36.1949, "car_lcPushy": 0.4403, "car_lcSigma": 0.1936, "car_lcSpeedGainRight": 0.2848, "car_lcSublane": 0.6831, "car_sigma": 0.3568, "car_tau_mean": 3.6129, "car_tau_std": 7.3311, "car_v_mean": 15.9501, "car_v_std": 8.4742}, "datetime": {"datetime": "2024-08-08 18:21:05", "elapsed": 3451.02756, "delta": 9.003208}}
{"target": -0.2966726063607514, "params": {"bus_acc": 2.4926, "bus_dcc": 2.9157, "bus_lcAssertive": 7.2053, "bus_lcCooperative": 0.2344, "bus_lcLookaheadLeft": 28.1866, "bus_lcPushy": 0.1513, "bus_lcSigma": 0.3412, "bus_lcSpeedGainRight": 3.8395, "bus_lcSublane": 0.6397, "bus_sigma": 0.4015, "bus_tau_mean": 0.5826, "bus_tau_std": 1.0942, "bus_v_mean": 10.0141, "bus_v_std": 6.6684, "car_acc": 2.3291, "car_dcc": 1.5262, "car_lcAssertive": 22.1356, "car_lcCooperative": 0.2994, "car_lcLookaheadLeft": 94.4888, "car_lcPushy": 0.1119, "car_lcSigma": 0.4451, "car_lcSpeedGainRight": 4.7892, "car_lcSublane": 0.8077, "car_sigma": 0.3469, "car_tau_mean": 3.411, "car_tau_std": 4.0895, "car_v_mean": 18.6281, "car_v_std": 5.6101}, "datetime": {"datetime": "2024-08-08 18:21:15", "elapsed": 3460.845704, "delta": 9.818144}}
{"target": -0.25172468205744497, "params": {"bus_acc": 1.0662, "bus_dcc": 1.7493, "bus_lcAssertive": 79.4416, "bus_lcCooperative": 0.7217, "bus_lcLookaheadLeft": 26.1086, "bus_lcPushy": 0.5575, "bus_lcSigma": 0.5882, "bus_lcSpeedGainRight": 3.6095, "bus_lcSublane": 0.4663, "bus_sigma": 0.4074, "bus_tau_mean": 1.5806, "bus_tau_std": 2.3857, "bus_v_mean": 9.4826, "bus_v_std": 12.9202, "car_acc": 3.6809, "car_dcc": 3.0646, "car_lcAssertive": 1.314, "car_lcCooperative": 0.4408, "car_lcLookaheadLeft": 14.0128, "car_lcPushy": 0.5292, "car_lcSigma": 0.9823, "car_lcSpeedGainRight": 2.499, "car_lcSublane": 0.3772, "car_sigma": 0.8164, "car_tau_mean": 3.8913, "car_tau_std": 2.8738, "car_v_mean": 20.8506, "car_v_std": 19.9254}, "datetime": {"datetime": "2024-08-08 18:21:22", "elapsed": 3467.323611, "delta": 6.477907}}
{"target": -0.4689527796265501, "params": {"bus_acc": 2.7243, "bus_dcc": 2.8174, "bus_lcAssertive": 5.4788, "bus_lcCooperative": 0.1478, "bus_lcLookaheadLeft": 93.6492, "bus_lcPushy": 0.5614, "bus_lcSigma": 0.8082, "bus_lcSpeedGainRight": 4.0158, "bus_lcSublane": 0.5773, "bus_sigma": 0.8185, "bus_tau_mean": 1.0522, "bus_tau_std": 3.7731, "bus_v_mean": 18.8323, "bus_v_std": 18.0438, "car_acc": 2.2679, "car_dcc": 1.1005, "car_lcAssertive": 36.8763, "car_lcCooperative": 0.3006, "car_lcLookaheadLeft": 93.4662, "car_lcPushy": 0.1343, "car_lcSigma": 0.3892, "car_lcSpeedGainRight": 0.5804, "car_lcSublane": 0.3547, "car_sigma": 0.9949, "car_tau_mean": 1.2687, "car_tau_std": 3.9739, "car_v_mean": 20.1925, "car_v_std": 2.5698}, "datetime": {"datetime": "2024-08-08 18:21:30", "elapsed": 3475.870702, "delta": 8.547091}}
{"target": -0.30186259436498586, "params": {"bus_acc": 3.1806, "bus_dcc": 2.5668, "bus_lcAssertive": 69.8475, "bus_lcCooperative": 0.5321, "bus_lcLookaheadLeft": 4.3051, "bus_lcPushy": 0.0741, "bus_lcSigma": 0.6907, "bus_lcSpeedGainRight": 3.3363, "bus_lcSublane": 0.7235, "bus_sigma": 0.7596, "bus_tau_mean": 1.7939, "bus_tau_std": 7.5812, "bus_v_mean": 14.0751, "bus_v_std": 8.1035, "car_acc": 2.4551, "car_dcc": 1.7142, "car_lcAssertive": 31.1666, "car_lcCooperative": 0.7722, "car_lcLookaheadLeft": 12.9365, "car_lcPushy": 0.4592, "car_lcSigma": 0.2028, "car_lcSpeedGainRight": 4.1207, "car_lcSublane": 0.881, "car_sigma": 0.192, "car_tau_mean": 3.5741, "car_tau_std": 4.0691, "car_v_mean": 20.3576, "car_v_std": 19.1535}, "datetime": {"datetime": "2024-08-08 18:21:40", "elapsed": 3485.39203, "delta": 9.521328}}
{"target": -0.26142354855768873, "params": {"bus_acc": 2.8921, "bus_dcc": 1.1473, "bus_lcAssertive": 24.3659, "bus_lcCooperative": 0.2243, "bus_lcLookaheadLeft": 51.9872, "bus_lcPushy": 0.1972, "bus_lcSigma": 0.9206, "bus_lcSpeedGainRight": 4.8578, "bus_lcSublane": 0.771, "bus_sigma": 0.5734, "bus_tau_mean": 1.9876, "bus_tau_std": 3.2419, "bus_v_mean": 12.736, "bus_v_std": 8.8194, "car_acc": 1.5789, "car_dcc": 3.6298, "car_lcAssertive": 78.3441, "car_lcCooperative": 0.4685, "car_lcLookaheadLeft": 48.0079, "car_lcPushy": 0.4572, "car_lcSigma": 0.1282, "car_lcSpeedGainRight": 0.7976, "car_lcSublane": 0.9744, "car_sigma": 0.9235, "car_tau_mean": 3.8854, "car_tau_std": 6.0771, "car_v_mean": 10.337, "car_v_std": 3.2156}, "datetime": {"datetime": "2024-08-08 18:21:49", "elapsed": 3494.676866, "delta": 9.284836}}
{"target": -0.3958819026608895, "params": {"bus_acc": 4.7301, "bus_dcc": 1.5078, "bus_lcAssertive": 33.0094, "bus_lcCooperative": 0.8623, "bus_lcLookaheadLeft": 59.174, "bus_lcPushy": 0.1931, "bus_lcSigma": 0.9154, "bus_lcSpeedGainRight": 3.8271, "bus_lcSublane": 0.1554, "bus_sigma": 0.4932, "bus_tau_mean": 3.0451, "bus_tau_std": 7.8564, "bus_v_mean": 9.0078, "bus_v_std": 8.0001, "car_acc": 1.1722, "car_dcc": 1.823, "car_lcAssertive": 36.4652, "car_lcCooperative": 0.6362, "car_lcLookaheadLeft": 96.8009, "car_lcPushy": 0.7709, "car_lcSigma": 0.7204, "car_lcSpeedGainRight": 4.7001, "car_lcSublane": 0.0374, "car_sigma": 0.9621, "car_tau_mean": 3.8033, "car_tau_std": 5.1161, "car_v_mean": 9.3132, "car_v_std": 17.394}, "datetime": {"datetime": "2024-08-08 18:21:58", "elapsed": 3503.799707, "delta": 9.122841}}
{"target": -0.3574507018689012, "params": {"bus_acc": 1.9871, "bus_dcc": 3.8912, "bus_lcAssertive": 8.8657, "bus_lcCooperative": 0.2107, "bus_lcLookaheadLeft": 6.754, "bus_lcPushy": 0.3456, "bus_lcSigma": 0.2612, "bus_lcSpeedGainRight": 3.5311, "bus_lcSublane": 0.8439, "bus_sigma": 0.8126, "bus_tau_mean": 0.9971, "bus_tau_std": 3.8744, "bus_v_mean": 12.5835, "bus_v_std": 5.408, "car_acc": 4.3543, "car_dcc": 1.1143, "car_lcAssertive": 80.1897, "car_lcCooperative": 0.7047, "car_lcLookaheadLeft": 26.4628, "car_lcPushy": 0.7535, "car_lcSigma": 0.9786, "car_lcSpeedGainRight": 2.5393, "car_lcSublane": 0.4417, "car_sigma": 0.4902, "car_tau_mean": 3.1872, "car_tau_std": 7.0772, "car_v_mean": 23.3922, "car_v_std": 1.2067}, "datetime": {"datetime": "2024-08-08 18:22:08", "elapsed": 3513.955124, "delta": 10.155417}}
{"target": -0.299265551927753, "params": {"bus_acc": 4.4977, "bus_dcc": 2.3082, "bus_lcAssertive": 18.9472, "bus_lcCooperative": 0.0152, "bus_lcLookaheadLeft": 70.4566, "bus_lcPushy": 0.951, "bus_lcSigma": 0.4788, "bus_lcSpeedGainRight": 2.7104, "bus_lcSublane": 0.4102, "bus_sigma": 0.125, "bus_tau_mean": 2.8824, "bus_tau_std": 6.805, "bus_v_mean": 22.6572, "bus_v_std": 4.2264, "car_acc": 4.495, "car_dcc": 1.2524, "car_lcAssertive": 30.2778, "car_lcCooperative": 0.0449, "car_lcLookaheadLeft": 17.421, "car_lcPushy": 0.6289, "car_lcSigma": 0.2476, "car_lcSpeedGainRight": 3.5242, "car_lcSublane": 0.5695, "car_sigma": 0.203, "car_tau_mean": 2.7577, "car_tau_std": 6.9744, "car_v_mean": 13.2056, "car_v_std": 11.131}, "datetime": {"datetime": "2024-08-08 18:22:16", "elapsed": 3521.848228, "delta": 7.893104}}
{"target": -0.3169822249515571, "params": {"bus_acc": 3.9819, "bus_dcc": 2.8583, "bus_lcAssertive": 41.6104, "bus_lcCooperative": 0.4735, "bus_lcLookaheadLeft": 11.3521, "bus_lcPushy": 0.1605, "bus_lcSigma": 0.1716, "bus_lcSpeedGainRight": 1.7581, "bus_lcSublane": 0.0074, "bus_sigma": 0.632, "bus_tau_mean": 3.2523, "bus_tau_std": 1.476, "bus_v_mean": 12.2467, "bus_v_std": 13.851, "car_acc": 1.573, "car_dcc": 1.5669, "car_lcAssertive": 70.8126, "car_lcCooperative": 0.5777, "car_lcLookaheadLeft": 8.8363, "car_lcPushy": 0.1291, "car_lcSigma": 0.5042, "car_lcSpeedGainRight": 1.0849, "car_lcSublane": 0.2618, "car_sigma": 0.7594, "car_tau_mean": 2.4536, "car_tau_std": 3.4313, "car_v_mean": 21.4823, "car_v_std": 3.62}, "datetime": {"datetime": "2024-08-08 18:22:24", "elapsed": 3529.935568, "delta": 8.08734}}
{"target": -0.2948834009731373, "params": {"bus_acc": 3.5931, "bus_dcc": 1.3043, "bus_lcAssertive": 92.7607, "bus_lcCooperative": 0.3831, "bus_lcLookaheadLeft": 50.0743, "bus_lcPushy": 0.4586, "bus_lcSigma": 0.0884, "bus_lcSpeedGainRight": 1.6804, "bus_lcSublane": 0.8698, "bus_sigma": 0.2502, "bus_tau_mean": 3.8428, "bus_tau_std": 0.8966, "bus_v_mean": 11.9335, "bus_v_std": 0.6198, "car_acc": 3.8017, "car_dcc": 1.3281, "car_lcAssertive": 99.4367, "car_lcCooperative": 0.0309, "car_lcLookaheadLeft": 28.1172, "car_lcPushy": 0.3728, "car_lcSigma": 0.6735, "car_lcSpeedGainRight": 1.6926, "car_lcSublane": 0.6515, "car_sigma": 0.5345, "car_tau_mean": 3.4245, "car_tau_std": 9.063, "car_v_mean": 11.7828, "car_v_std": 7.961}, "datetime": {"datetime": "2024-08-08 18:22:33", "elapsed": 3538.866038, "delta": 8.93047}}
{"target": -0.3055529605971912, "params": {"bus_acc": 2.4757, "bus_dcc": 3.4211, "bus_lcAssertive": 4.5038, "bus_lcCooperative": 0.4737, "bus_lcLookaheadLeft": 61.4419, "bus_lcPushy": 0.2755, "bus_lcSigma": 0.507, "bus_lcSpeedGainRight": 3.4505, "bus_lcSublane": 0.7913, "bus_sigma": 0.8012, "bus_tau_mean": 2.612, "bus_tau_std": 4.7938, "bus_v_mean": 18.8249, "bus_v_std": 15.1569, "car_acc": 4.8776, "car_dcc": 3.4202, "car_lcAssertive": 80.9804, "car_lcCooperative": 0.1366, "car_lcLookaheadLeft": 24.1165, "car_lcPushy": 0.5987, "car_lcSigma": 0.8264, "car_lcSpeedGainRight": 2.1449, "car_lcSublane": 0.3028, "car_sigma": 0.2432, "car_tau_mean": 2.2596, "car_tau_std": 6.6657, "car_v_mean": 14.67, "car_v_std": 3.8927}, "datetime": {"datetime": "2024-08-08 18:22:43", "elapsed": 3548.66752, "delta": 9.801482}}
{"target": -0.3163647600460019, "params": {"bus_acc": 1.6933, "bus_dcc": 1.2763, "bus_lcAssertive": 65.4387, "bus_lcCooperative": 0.864, "bus_lcLookaheadLeft": 73.2008, "bus_lcPushy": 0.0674, "bus_lcSigma": 0.1444, "bus_lcSpeedGainRight": 2.1197, "bus_lcSublane": 0.6948, "bus_sigma": 0.5765, "bus_tau_mean": 1.9336, "bus_tau_std": 5.7132, "bus_v_mean": 12.489, "bus_v_std": 5.6682, "car_acc": 1.2533, "car_dcc": 2.9852, "car_lcAssertive": 29.4795, "car_lcCooperative": 0.5674, "car_lcLookaheadLeft": 87.7198, "car_lcPushy": 0.234, "car_lcSigma": 0.0998, "car_lcSpeedGainRight": 1.7021, "car_lcSublane": 0.7014, "car_sigma": 0.757, "car_tau_mean": 2.5566, "car_tau_std": 7.8665, "car_v_mean": 19.64, "car_v_std": 6.0231}, "datetime": {"datetime": "2024-08-08 18:22:52", "elapsed": 3557.520042, "delta": 8.852522}}
{"target": -0.2823117376019583, "params": {"bus_acc": 4.7564, "bus_dcc": 3.7411, "bus_lcAssertive": 36.9444, "bus_lcCooperative": 0.8583, "bus_lcLookaheadLeft": 9.312, "bus_lcPushy": 0.8452, "bus_lcSigma": 0.6128, "bus_lcSpeedGainRight": 3.5226, "bus_lcSublane": 0.591, "bus_sigma": 0.0565, "bus_tau_mean": 0.6501, "bus_tau_std": 6.6501, "bus_v_mean": 12.8863, "bus_v_std": 8.3319, "car_acc": 2.6765, "car_dcc": 2.4225, "car_lcAssertive": 26.5067, "car_lcCooperative": 0.5696, "car_lcLookaheadLeft": 63.4582, "car_lcPushy": 0.9027, "car_lcSigma": 0.0924, "car_lcSpeedGainRight": 0.2484, "car_lcSublane": 0.7856, "car_sigma": 0.4438, "car_tau_mean": 3.6109, "car_tau_std": 3.401, "car_v_mean": 8.3623, "car_v_std": 16.5312}, "datetime": {"datetime": "2024-08-08 18:23:04", "elapsed": 3569.771457, "delta": 12.251415}}
{"target": -0.25664282730057236, "params": {"bus_acc": 4.0171, "bus_dcc": 3.2894, "bus_lcAssertive": 69.5562, "bus_lcCooperative": 0.7444, "bus_lcLookaheadLeft": 13.844, "bus_lcPushy": 0.6841, "bus_lcSigma": 0.7966, "bus_lcSpeedGainRight": 0.6359, "bus_lcSublane": 0.6026, "bus_sigma": 0.2084, "bus_tau_mean": 0.8353, "bus_tau_std": 1.5582, "bus_v_mean": 12.5048, "bus_v_std": 10.7958, "car_acc": 4.9013, "car_dcc": 2.6779, "car_lcAssertive": 1.1989, "car_lcCooperative": 0.3527, "car_lcLookaheadLeft": 74.4804, "car_lcPushy": 0.9193, "car_lcSigma": 0.7, "car_lcSpeedGainRight": 2.2318, "car_lcSublane": 0.1985, "car_sigma": 0.0751, "car_tau_mean": 2.4578, "car_tau_std": 2.9359, "car_v_mean": 23.8676, "car_v_std": 16.4639}, "datetime": {"datetime": "2024-08-08 18:23:13", "elapsed": 3578.306711, "delta": 8.535254}}
{"target": -0.3499423878759562, "params": {"bus_acc": 3.8174, "bus_dcc": 3.7499, "bus_lcAssertive": 26.2788, "bus_lcCooperative": 0.3234, "bus_lcLookaheadLeft": 90.632, "bus_lcPushy": 0.538, "bus_lcSigma": 0.8259, "bus_lcSpeedGainRight": 3.4666, "bus_lcSublane": 0.5354, "bus_sigma": 0.5624, "bus_tau_mean": 2.4223, "bus_tau_std": 6.0952, "bus_v_mean": 9.3612, "bus_v_std": 9.4636, "car_acc": 2.1913, "car_dcc": 2.5987, "car_lcAssertive": 82.2684, "car_lcCooperative": 0.6911, "car_lcLookaheadLeft": 33.3205, "car_lcPushy": 0.7208, "car_lcSigma": 0.4133, "car_lcSpeedGainRight": 1.8296, "car_lcSublane": 0.7742, "car_sigma": 0.7591, "car_tau_mean": 2.934, "car_tau_std": 5.1543, "car_v_mean": 10.3048, "car_v_std": 4.5921}, "datetime": {"datetime": "2024-08-08 18:23:21", "elapsed": 3586.485998, "delta": 8.179287}}
{"target": -0.25172468205744497, "params": {"bus_acc": 1.0662, "bus_dcc": 1.7493, "bus_lcAssertive": 79.4415, "bus_lcCooperative": 0.7217, "bus_lcLookaheadLeft": 26.1086, "bus_lcPushy": 0.5575, "bus_lcSigma": 0.5881, "bus_lcSpeedGainRight": 3.6095, "bus_lcSublane": 0.4662, "bus_sigma": 0.4074, "bus_tau_mean": 1.5806, "bus_tau_std": 2.3857, "bus_v_mean": 9.4826, "bus_v_std": 12.9202, "car_acc": 3.6808, "car_dcc": 3.0646, "car_lcAssertive": 1.314, "car_lcCooperative": 0.4408, "car_lcLookaheadLeft": 14.0128, "car_lcPushy": 0.5292, "car_lcSigma": 0.9823, "car_lcSpeedGainRight": 2.4989, "car_lcSublane": 0.3772, "car_sigma": 0.8164, "car_tau_mean": 3.8913, "car_tau_std": 2.8738, "car_v_mean": 20.8506, "car_v_std": 19.9254}, "datetime": {"datetime": "2024-08-08 18:23:31", "elapsed": 3597.012952, "delta": 10.526954}}
{"target": -0.2720517905599761, "params": {"bus_acc": 4.6988, "bus_dcc": 1.5654, "bus_lcAssertive": 31.3214, "bus_lcCooperative": 0.9183, "bus_lcLookaheadLeft": 98.6191, "bus_lcPushy": 0.1898, "bus_lcSigma": 0.8653, "bus_lcSpeedGainRight": 4.0232, "bus_lcSublane": 0.9792, "bus_sigma": 0.7202, "bus_tau_mean": 3.9907, "bus_tau_std": 7.2016, "bus_v_mean": 14.4732, "bus_v_std": 1.9741, "car_acc": 1.5208, "car_dcc": 2.7566, "car_lcAssertive": 1.0446, "car_lcCooperative": 0.5489, "car_lcLookaheadLeft": 87.724, "car_lcPushy": 0.8058, "car_lcSigma": 0.6399, "car_lcSpeedGainRight": 1.2122, "car_lcSublane": 0.1445, "car_sigma": 0.9204, "car_tau_mean": 2.7523, "car_tau_std": 6.1858, "car_v_mean": 17.9584, "car_v_std": 0.4595}, "datetime": {"datetime": "2024-08-08 18:23:41", "elapsed": 3606.772828, "delta": 9.759876}}
{"target": -0.3173841696536163, "params": {"bus_acc": 3.1536, "bus_dcc": 3.9836, "bus_lcAssertive": 89.7144, "bus_lcCooperative": 0.6354, "bus_lcLookaheadLeft": 33.4935, "bus_lcPushy": 0.6945, "bus_lcSigma": 0.612, "bus_lcSpeedGainRight": 0.2917, "bus_lcSublane": 0.0066, "bus_sigma": 0.7765, "bus_tau_mean": 2.8898, "bus_tau_std": 3.8632, "bus_v_mean": 15.3897, "bus_v_std": 8.2274, "car_acc": 1.7801, "car_dcc": 1.1565, "car_lcAssertive": 11.7344, "car_lcCooperative": 0.5456, "car_lcLookaheadLeft": 98.073, "car_lcPushy": 0.0514, "car_lcSigma": 0.5963, "car_lcSpeedGainRight": 2.4172, "car_lcSublane": 0.7003, "car_sigma": 0.0221, "car_tau_mean": 1.5752, "car_tau_std": 3.1075, "car_v_mean": 23.3664, "car_v_std": 4.3996}, "datetime": {"datetime": "2024-08-08 18:23:50", "elapsed": 3615.589495, "delta": 8.816667}}
{"target": -0.355100536247199, "params": {"bus_acc": 2.004, "bus_dcc": 1.254, "bus_lcAssertive": 15.6752, "bus_lcCooperative": 0.551, "bus_lcLookaheadLeft": 31.349, "bus_lcPushy": 0.4346, "bus_lcSigma": 0.7564, "bus_lcSpeedGainRight": 3.1171, "bus_lcSublane": 0.3676, "bus_sigma": 0.5332, "bus_tau_mean": 1.1813, "bus_tau_std": 8.7492, "bus_v_mean": 20.3385, "bus_v_std": 14.1793, "car_acc": 4.9449, "car_dcc": 2.272, "car_lcAssertive": 40.5661, "car_lcCooperative": 0.7282, "car_lcLookaheadLeft": 67.9944, "car_lcPushy": 0.475, "car_lcSigma": 0.8777, "car_lcSpeedGainRight": 4.9359, "car_lcSublane": 0.196, "car_sigma": 0.3559, "car_tau_mean": 1.0578, "car_tau_std": 2.7341, "car_v_mean": 19.0404, "car_v_std": 4.3141}, "datetime": {"datetime": "2024-08-08 18:24:00", "elapsed": 3625.565448, "delta": 9.975953}}
{"target": -0.2527037923755745, "params": {"bus_acc": 4.1957, "bus_dcc": 1.2819, "bus_lcAssertive": 70.9481, "bus_lcCooperative": 0.3885, "bus_lcLookaheadLeft": 74.3151, "bus_lcPushy": 0.3805, "bus_lcSigma": 0.8834, "bus_lcSpeedGainRight": 4.8446, "bus_lcSublane": 0.4609, "bus_sigma": 0.4785, "bus_tau_mean": 1.2443, "bus_tau_std": 0.0665, "bus_v_mean": 10.006, "bus_v_std": 18.1391, "car_acc": 3.4216, "car_dcc": 1.3172, "car_lcAssertive": 23.8344, "car_lcCooperative": 0.1848, "car_lcLookaheadLeft": 82.437, "car_lcPushy": 0.2964, "car_lcSigma": 0.5707, "car_lcSpeedGainRight": 1.5889, "car_lcSublane": 0.8833, "car_sigma": 0.6848, "car_tau_mean": 0.6439, "car_tau_std": 5.9691, "car_v_mean": 22.3753, "car_v_std": 15.934}, "datetime": {"datetime": "2024-08-08 18:24:10", "elapsed": 3635.565426, "delta": 9.999978}}
{"target": -0.37414586775603437, "params": {"bus_acc": 3.0672, "bus_dcc": 3.3911, "bus_lcAssertive": 42.4997, "bus_lcCooperative": 0.8998, "bus_lcLookaheadLeft": 51.0099, "bus_lcPushy": 0.7017, "bus_lcSigma": 0.0865, "bus_lcSpeedGainRight": 2.0195, "bus_lcSublane": 0.9321, "bus_sigma": 0.1164, "bus_tau_mean": 3.8081, "bus_tau_std": 3.7993, "bus_v_mean": 18.0217, "bus_v_std": 12.7858, "car_acc": 2.7722, "car_dcc": 3.9609, "car_lcAssertive": 60.1981, "car_lcCooperative": 0.8241, "car_lcLookaheadLeft": 52.7742, "car_lcPushy": 0.4986, "car_lcSigma": 0.7338, "car_lcSpeedGainRight": 2.5272, "car_lcSublane": 0.6255, "car_sigma": 0.7339, "car_tau_mean": 1.7251, "car_tau_std": 8.7381, "car_v_mean": 20.2842, "car_v_std": 3.4332}, "datetime": {"datetime": "2024-08-08 18:24:22", "elapsed": 3647.296898, "delta": 11.731472}}
{"target": -0.29552829665577246, "params": {"bus_acc": 2.3982, "bus_dcc": 1.0223, "bus_lcAssertive": 94.6115, "bus_lcCooperative": 0.0232, "bus_lcLookaheadLeft": 75.7893, "bus_lcPushy": 0.6608, "bus_lcSigma": 0.7474, "bus_lcSpeedGainRight": 4.1347, "bus_lcSublane": 0.0839, "bus_sigma": 0.8234, "bus_tau_mean": 2.3795, "bus_tau_std": 5.8593, "bus_v_mean": 13.1424, "bus_v_std": 7.5781, "car_acc": 3.0623, "car_dcc": 1.0561, "car_lcAssertive": 82.2857, "car_lcCooperative": 0.8674, "car_lcLookaheadLeft": 9.0065, "car_lcPushy": 0.9214, "car_lcSigma": 0.5188, "car_lcSpeedGainRight": 1.2483, "car_lcSublane": 0.1134, "car_sigma": 0.7947, "car_tau_mean": 2.3162, "car_tau_std": 2.9254, "car_v_mean": 11.3332, "car_v_std": 17.3344}, "datetime": {"datetime": "2024-08-08 18:24:32", "elapsed": 3657.742719, "delta": 10.445821}}
{"target": -0.2728637831052563, "params": {"bus_acc": 1.5467, "bus_dcc": 3.435, "bus_lcAssertive": 62.1377, "bus_lcCooperative": 0.6638, "bus_lcLookaheadLeft": 16.0959, "bus_lcPushy": 0.5219, "bus_lcSigma": 0.0191, "bus_lcSpeedGainRight": 4.6272, "bus_lcSublane": 0.4298, "bus_sigma": 0.532, "bus_tau_mean": 2.1218, "bus_tau_std": 5.7249, "bus_v_mean": 11.2319, "bus_v_std": 19.0315, "car_acc": 2.9798, "car_dcc": 2.0793, "car_lcAssertive": 64.0266, "car_lcCooperative": 0.9255, "car_lcLookaheadLeft": 23.5535, "car_lcPushy": 0.3662, "car_lcSigma": 0.9886, "car_lcSpeedGainRight": 2.3697, "car_lcSublane": 0.3101, "car_sigma": 0.3523, "car_tau_mean": 2.8517, "car_tau_std": 0.5268, "car_v_mean": 22.0069, "car_v_std": 11.1966}, "datetime": {"datetime": "2024-08-08 18:24:43", "elapsed": 3668.57992, "delta": 10.837201}}
