{"target": -0.4139407821866454, "params": {"bus_acc": 1.9333, "bus_dcc": 2.3832, "bus_lcAssertive": 7.5994, "bus_lcCooperative": 0.3426, "bus_lcLookaheadLeft": 49.5784, "bus_lcPushy": 0.8848, "bus_lcSigma": 0.684, "bus_lcSpeedGainRight": 4.855, "bus_lcSublane": 0.4525, "bus_sigma": 0.8564, "bus_tau_mean": 3.7978, "bus_tau_std": 9.2233, "bus_v_mean": 16.7072, "bus_v_std": 2.6866, "car_acc": 1.0689, "car_dcc": 2.8186, "car_lcAssertive": 98.559, "car_lcCooperative": 0.2502, "car_lcLookaheadLeft": 38.2852, "car_lcPushy": 0.0945, "car_lcSigma": 0.3673, "car_lcSpeedGainRight": 4.5924, "car_lcSublane": 0.8033, "car_sigma": 0.0113, "car_tau_mean": 2.1109, "car_tau_std": 9.104, "car_v_mean": 17.253, "car_v_std": 19.6371}, "datetime": {"datetime": "2024-08-08 17:57:09", "elapsed": 2014.52493, "delta": 2.796868}}
{"target": -0.28008781800776855, "params": {"bus_acc": 1.5672, "bus_dcc": 1.8397, "bus_lcAssertive": 74.8913, "bus_lcCooperative": 0.6252, "bus_lcLookaheadLeft": 28.0188, "bus_lcPushy": 0.6389, "bus_lcSigma": 0.6009, "bus_lcSpeedGainRight": 2.995, "bus_lcSublane": 0.5693, "bus_sigma": 0.4987, "bus_tau_mean": 1.7797, "bus_tau_std": 4.143, "bus_v_mean": 10.7252, "bus_v_std": 11.9945, "car_acc": 3.6661, "car_dcc": 2.7641, "car_lcAssertive": 7.4387, "car_lcCooperative": 0.3503, "car_lcLookaheadLeft": 16.4763, "car_lcPushy": 0.5033, "car_lcSigma": 0.9302, "car_lcSpeedGainRight": 2.3346, "car_lcSublane": 0.4788, "car_sigma": 0.7049, "car_tau_mean": 3.4613, "car_tau_std": 3.3288, "car_v_mean": 20.3498, "car_v_std": 17.5424}, "datetime": {"datetime": "2024-08-08 17:57:11", "elapsed": 2017.060381, "delta": 2.535451}}
{"target": -0.2528942832483285, "params": {"bus_acc": 1.1667, "bus_dcc": 1.8497, "bus_lcAssertive": 79.5764, "bus_lcCooperative": 0.8222, "bus_lcLookaheadLeft": 26.2091, "bus_lcPushy": 0.6579, "bus_lcSigma": 0.6886, "bus_lcSpeedGainRight": 3.71, "bus_lcSublane": 0.5667, "bus_sigma": 0.5079, "bus_tau_mean": 1.6811, "bus_tau_std": 2.4861, "bus_v_mean": 9.6174, "bus_v_std": 13.055, "car_acc": 3.747, "car_dcc": 3.1651, "car_lcAssertive": 1.4145, "car_lcCooperative": 0.5413, "car_lcLookaheadLeft": 14.1133, "car_lcPushy": 0.6297, "car_lcSigma": 0.9999, "car_lcSpeedGainRight": 2.5994, "car_lcSublane": 0.4777, "car_sigma": 0.9169, "car_tau_mean": 3.9856, "car_tau_std": 2.94, "car_v_mean": 20.9511, "car_v_std": 19.995}, "datetime": {"datetime": "2024-08-08 17:57:14", "elapsed": 2019.13342, "delta": 2.073039}}
{"target": -0.25256048774972134, "params": {"bus_acc": 1.3869, "bus_dcc": 2.0559, "bus_lcAssertive": 79.7622, "bus_lcCooperative": 1.0, "bus_lcLookaheadLeft": 26.4152, "bus_lcPushy": 0.8641, "bus_lcSigma": 0.8948, "bus_lcSpeedGainRight": 3.9161, "bus_lcSublane": 0.801, "bus_sigma": 0.7422, "bus_tau_mean": 1.9013, "bus_tau_std": 2.6923, "bus_v_mean": 9.8174, "bus_v_std": 13.255, "car_acc": 4.0015, "car_dcc": 3.3853, "car_lcAssertive": 1.6347, "car_lcCooperative": 0.7756, "car_lcLookaheadLeft": 14.3475, "car_lcPushy": 0.8639, "car_lcSigma": 1.0, "car_lcSpeedGainRight": 2.8197, "car_lcSublane": 0.712, "car_sigma": 1.0, "car_tau_mean": 4.0, "car_tau_std": 3.1804, "car_v_mean": 21.1853, "car_v_std": 20.0}, "datetime": {"datetime": "2024-08-08 17:57:16", "elapsed": 2021.918177, "delta": 2.784757}}
{"target": -0.2902713907723408, "params": {"bus_acc": 1.667, "bus_dcc": 1.8919, "bus_lcAssertive": 71.3751, "bus_lcCooperative": 0.6041, "bus_lcLookaheadLeft": 25.7616, "bus_lcPushy": 0.5183, "bus_lcSigma": 0.8304, "bus_lcSpeedGainRight": 3.8006, "bus_lcSublane": 0.398, "bus_sigma": 0.5126, "bus_tau_mean": 2.2234, "bus_tau_std": 2.3671, "bus_v_mean": 10.1874, "bus_v_std": 12.6489, "car_acc": 4.225, "car_dcc": 3.181, "car_lcAssertive": 5.86, "car_lcCooperative": 0.4192, "car_lcLookaheadLeft": 21.2809, "car_lcPushy": 0.6277, "car_lcSigma": 0.9514, "car_lcSpeedGainRight": 2.5117, "car_lcSublane": 0.398, "car_sigma": 0.738, "car_tau_mean": 3.2932, "car_tau_std": 3.0202, "car_v_mean": 20.4036, "car_v_std": 18.7649}, "datetime": {"datetime": "2024-08-08 17:57:19", "elapsed": 2024.46469, "delta": 2.546513}}
{"target": -0.30621071553951823, "params": {"bus_acc": 1.0875, "bus_dcc": 1.7706, "bus_lcAssertive": 79.4628, "bus_lcCooperative": 0.743, "bus_lcLookaheadLeft": 26.1299, "bus_lcPushy": 0.5788, "bus_lcSigma": 0.6094, "bus_lcSpeedGainRight": 3.6308, "bus_lcSublane": 0.4875, "bus_sigma": 0.4287, "bus_tau_mean": 1.6019, "bus_tau_std": 2.4069, "bus_v_mean": 9.5039, "bus_v_std": 12.9415, "car_acc": 3.7021, "car_dcc": 3.0859, "car_lcAssertive": 1.3353, "car_lcCooperative": 0.4621, "car_lcLookaheadLeft": 14.0341, "car_lcPushy": 0.5505, "car_lcSigma": 1.0, "car_lcSpeedGainRight": 2.5202, "car_lcSublane": 0.3985, "car_sigma": 0.8377, "car_tau_mean": 3.9126, "car_tau_std": 2.8951, "car_v_mean": 20.8719, "car_v_std": 19.9467}, "datetime": {"datetime": "2024-08-08 17:57:24", "elapsed": 2029.708623, "delta": 5.243933}}
{"target": -0.2880188619549789, "params": {"bus_acc": 1.6438, "bus_dcc": 1.8357, "bus_lcAssertive": 73.2005, "bus_lcCooperative": 0.6217, "bus_lcLookaheadLeft": 27.3417, "bus_lcPushy": 0.5998, "bus_lcSigma": 0.6951, "bus_lcSpeedGainRight": 3.3655, "bus_lcSublane": 0.5335, "bus_sigma": 0.5032, "bus_tau_mean": 1.9739, "bus_tau_std": 3.5681, "bus_v_mean": 10.5566, "bus_v_std": 12.4746, "car_acc": 3.85, "car_dcc": 2.9854, "car_lcAssertive": 7.275, "car_lcCooperative": 0.3608, "car_lcLookaheadLeft": 17.9758, "car_lcPushy": 0.5495, "car_lcSigma": 0.9452, "car_lcSpeedGainRight": 2.3635, "car_lcSublane": 0.4475, "car_sigma": 0.7229, "car_tau_mean": 3.4033, "car_tau_std": 3.1204, "car_v_mean": 20.6088, "car_v_std": 17.9985}, "datetime": {"datetime": "2024-08-08 17:57:27", "elapsed": 2032.23542, "delta": 2.526797}}
{"target": -0.26714593083392296, "params": {"bus_acc": 1.1693, "bus_dcc": 1.826, "bus_lcAssertive": 79.5447, "bus_lcCooperative": 0.8248, "bus_lcLookaheadLeft": 26.2381, "bus_lcPushy": 0.6606, "bus_lcSigma": 0.6913, "bus_lcSpeedGainRight": 3.6862, "bus_lcSublane": 0.5694, "bus_sigma": 0.5105, "bus_tau_mean": 1.6573, "bus_tau_std": 2.4624, "bus_v_mean": 9.6121, "bus_v_std": 13.0497, "car_acc": 3.7576, "car_dcc": 3.1413, "car_lcAssertive": 1.3907, "car_lcCooperative": 0.5439, "car_lcLookaheadLeft": 14.1423, "car_lcPushy": 0.6323, "car_lcSigma": 0.9999, "car_lcSpeedGainRight": 2.5757, "car_lcSublane": 0.4803, "car_sigma": 0.9195, "car_tau_mean": 3.968, "car_tau_std": 2.9505, "car_v_mean": 20.9801, "car_v_std": 19.9997}, "datetime": {"datetime": "2024-08-08 17:57:31", "elapsed": 2036.750774, "delta": 4.515354}}
{"target": -0.28052626559399924, "params": {"bus_acc": 1.6805, "bus_dcc": 1.8923, "bus_lcAssertive": 71.5725, "bus_lcCooperative": 0.6071, "bus_lcLookaheadLeft": 25.9371, "bus_lcPushy": 0.5266, "bus_lcSigma": 0.8147, "bus_lcSpeedGainRight": 3.7502, "bus_lcSublane": 0.4122, "bus_sigma": 0.5101, "bus_tau_mean": 2.2031, "bus_tau_std": 2.5285, "bus_v_mean": 10.2918, "bus_v_std": 12.6245, "car_acc": 4.1609, "car_dcc": 3.1736, "car_lcAssertive": 6.1288, "car_lcCooperative": 0.407, "car_lcLookaheadLeft": 20.8232, "car_lcPushy": 0.6178, "car_lcSigma": 0.9484, "car_lcSpeedGainRight": 2.4912, "car_lcSublane": 0.4037, "car_sigma": 0.734, "car_tau_mean": 3.2767, "car_tau_std": 3.0026, "car_v_mean": 20.4187, "car_v_std": 18.6087}, "datetime": {"datetime": "2024-08-08 17:57:33", "elapsed": 2038.370144, "delta": 1.61937}}
{"target": -0.2933918736035784, "params": {"bus_acc": 1.464, "bus_dcc": 1.914, "bus_lcAssertive": 76.5489, "bus_lcCooperative": 0.6264, "bus_lcLookaheadLeft": 27.8061, "bus_lcPushy": 0.6459, "bus_lcSigma": 0.5452, "bus_lcSpeedGainRight": 2.8133, "bus_lcSublane": 0.5543, "bus_sigma": 0.4888, "bus_tau_mean": 1.7304, "bus_tau_std": 4.2853, "bus_v_mean": 10.6191, "bus_v_std": 11.5632, "car_acc": 3.6431, "car_dcc": 2.6625, "car_lcAssertive": 7.1414, "car_lcCooperative": 0.3471, "car_lcLookaheadLeft": 15.6774, "car_lcPushy": 0.475, "car_lcSigma": 0.9203, "car_lcSpeedGainRight": 2.2953, "car_lcSublane": 0.4677, "car_sigma": 0.6831, "car_tau_mean": 3.5072, "car_tau_std": 3.4168, "car_v_mean": 20.019, "car_v_std": 17.262}, "datetime": {"datetime": "2024-08-08 17:57:36", "elapsed": 2041.191888, "delta": 2.821744}}
{"target": -0.24716924238576862, "params": {"bus_acc": 1.1167, "bus_dcc": 1.805, "bus_lcAssertive": 79.4973, "bus_lcCooperative": 0.7722, "bus_lcLookaheadLeft": 26.1591, "bus_lcPushy": 0.6132, "bus_lcSigma": 0.6439, "bus_lcSpeedGainRight": 3.6653, "bus_lcSublane": 0.522, "bus_sigma": 0.4632, "bus_tau_mean": 1.6364, "bus_tau_std": 2.4414, "bus_v_mean": 9.5331, "bus_v_std": 12.976, "car_acc": 3.7366, "car_dcc": 3.1204, "car_lcAssertive": 1.3698, "car_lcCooperative": 0.4966, "car_lcLookaheadLeft": 14.0686, "car_lcPushy": 0.5902, "car_lcSigma": 0.9995, "car_lcSpeedGainRight": 2.5547, "car_lcSublane": 0.433, "car_sigma": 0.8669, "car_tau_mean": 3.9511, "car_tau_std": 2.9296, "car_v_mean": 20.901, "car_v_std": 19.9821}, "datetime": {"datetime": "2024-08-08 17:57:37", "elapsed": 2042.689671, "delta": 1.497783}}
{"target": -0.2858887444673077, "params": {"bus_acc": 1.5395, "bus_dcc": 1.8643, "bus_lcAssertive": 75.6184, "bus_lcCooperative": 0.6283, "bus_lcLookaheadLeft": 27.9646, "bus_lcPushy": 0.6442, "bus_lcSigma": 0.5739, "bus_lcSpeedGainRight": 2.9131, "bus_lcSublane": 0.5667, "bus_sigma": 0.492, "bus_tau_mean": 1.7431, "bus_tau_std": 4.2424, "bus_v_mean": 10.7275, "bus_v_std": 11.8135, "car_acc": 3.6362, "car_dcc": 2.699, "car_lcAssertive": 7.3403, "car_lcCooperative": 0.352, "car_lcLookaheadLeft": 16.0573, "car_lcPushy": 0.4885, "car_lcSigma": 0.9154, "car_lcSpeedGainRight": 2.3051, "car_lcSublane": 0.4797, "car_sigma": 0.703, "car_tau_mean": 3.4894, "car_tau_std": 3.3411, "car_v_mean": 20.2541, "car_v_std": 17.3943}, "datetime": {"datetime": "2024-08-08 17:57:39", "elapsed": 2044.159209, "delta": 1.469538}}
{"target": -0.2771751183284074, "params": {"bus_acc": 1.3805, "bus_dcc": 1.9708, "bus_lcAssertive": 77.4514, "bus_lcCooperative": 0.641, "bus_lcLookaheadLeft": 27.1844, "bus_lcPushy": 0.6232, "bus_lcSigma": 0.5534, "bus_lcSpeedGainRight": 2.8594, "bus_lcSublane": 0.5016, "bus_sigma": 0.4934, "bus_tau_mean": 1.691, "bus_tau_std": 4.0902, "bus_v_mean": 10.5433, "bus_v_std": 11.6136, "car_acc": 3.5734, "car_dcc": 2.6816, "car_lcAssertive": 6.2653, "car_lcCooperative": 0.3693, "car_lcLookaheadLeft": 14.9275, "car_lcPushy": 0.4635, "car_lcSigma": 0.9201, "car_lcSpeedGainRight": 2.3439, "car_lcSublane": 0.4704, "car_sigma": 0.686, "car_tau_mean": 3.5515, "car_tau_std": 3.3412, "car_v_mean": 19.7106, "car_v_std": 17.0686}, "datetime": {"datetime": "2024-08-08 17:57:40", "elapsed": 2045.709745, "delta": 1.550536}}
{"target": -0.29842259468947485, "params": {"bus_acc": 1.3688, "bus_dcc": 1.9515, "bus_lcAssertive": 77.476, "bus_lcCooperative": 0.6414, "bus_lcLookaheadLeft": 27.1868, "bus_lcPushy": 0.6146, "bus_lcSigma": 0.5316, "bus_lcSpeedGainRight": 2.8522, "bus_lcSublane": 0.4923, "bus_sigma": 0.4817, "bus_tau_mean": 1.6765, "bus_tau_std": 4.067, "bus_v_mean": 10.5675, "bus_v_std": 11.5988, "car_acc": 3.5729, "car_dcc": 2.6763, "car_lcAssertive": 6.2578, "car_lcCooperative": 0.3575, "car_lcLookaheadLeft": 14.9468, "car_lcPushy": 0.4641, "car_lcSigma": 0.9091, "car_lcSpeedGainRight": 2.3366, "car_lcSublane": 0.4619, "car_sigma": 0.6779, "car_tau_mean": 3.5328, "car_tau_std": 3.3202, "car_v_mean": 19.7486, "car_v_std": 17.0822}, "datetime": {"datetime": "2024-08-08 17:57:42", "elapsed": 2047.315671, "delta": 1.605926}}
{"target": -0.2804722622483761, "params": {"bus_acc": 1.2934, "bus_dcc": 2.0679, "bus_lcAssertive": 77.9531, "bus_lcCooperative": 0.6555, "bus_lcLookaheadLeft": 26.7747, "bus_lcPushy": 0.6056, "bus_lcSigma": 0.5737, "bus_lcSpeedGainRight": 2.9681, "bus_lcSublane": 0.4515, "bus_sigma": 0.5005, "bus_tau_mean": 1.7154, "bus_tau_std": 3.8489, "bus_v_mean": 10.2471, "bus_v_std": 12.0367, "car_acc": 3.5318, "car_dcc": 2.7414, "car_lcAssertive": 5.2453, "car_lcCooperative": 0.3793, "car_lcLookaheadLeft": 14.1032, "car_lcPushy": 0.4699, "car_lcSigma": 0.9114, "car_lcSpeedGainRight": 2.4676, "car_lcSublane": 0.4606, "car_sigma": 0.6652, "car_tau_mean": 3.6053, "car_tau_std": 3.3745, "car_v_mean": 19.2984, "car_v_std": 16.6488}, "datetime": {"datetime": "2024-08-08 17:57:44", "elapsed": 2049.13561, "delta": 1.819939}}
{"target": -0.26135623495704613, "params": {"bus_acc": 3.4629, "bus_dcc": 3.3977, "bus_lcAssertive": 11.7518, "bus_lcCooperative": 0.5861, "bus_lcLookaheadLeft": 77.4366, "bus_lcPushy": 0.9486, "bus_lcSigma": 0.679, "bus_lcSpeedGainRight": 0.8648, "bus_lcSublane": 0.5244, "bus_sigma": 0.0655, "bus_tau_mean": 2.347, "bus_tau_std": 6.534, "bus_v_mean": 18.1112, "bus_v_std": 10.2177, "car_acc": 4.2293, "car_dcc": 1.8598, "car_lcAssertive": 6.1194, "car_lcCooperative": 0.2824, "car_lcLookaheadLeft": 54.3696, "car_lcPushy": 0.6704, "car_lcSigma": 0.4381, "car_lcSpeedGainRight": 1.071, "car_lcSublane": 0.3901, "car_sigma": 0.6111, "car_tau_mean": 2.1105, "car_tau_std": 4.474, "car_v_mean": 21.1762, "car_v_std": 12.7944}, "datetime": {"datetime": "2024-08-08 17:57:45", "elapsed": 2050.757313, "delta": 1.621703}}
{"target": -0.28702600841697773, "params": {"bus_acc": 3.7134, "bus_dcc": 3.9512, "bus_lcAssertive": 9.5424, "bus_lcCooperative": 0.2001, "bus_lcLookaheadLeft": 36.7353, "bus_lcPushy": 0.6456, "bus_lcSigma": 0.7225, "bus_lcSpeedGainRight": 1.6115, "bus_lcSublane": 0.2274, "bus_sigma": 0.384, "bus_tau_mean": 3.1296, "bus_tau_std": 3.3361, "bus_v_mean": 18.5694, "bus_v_std": 13.9732, "car_acc": 1.8726, "car_dcc": 1.6114, "car_lcAssertive": 39.1905, "car_lcCooperative": 0.1574, "car_lcLookaheadLeft": 13.5471, "car_lcPushy": 0.0448, "car_lcSigma": 0.5814, "car_lcSpeedGainRight": 1.7276, "car_lcSublane": 0.763, "car_sigma": 0.8373, "car_tau_mean": 1.707, "car_tau_std": 1.8947, "car_v_mean": 18.7444, "car_v_std": 17.7134}, "datetime": {"datetime": "2024-08-08 17:57:47", "elapsed": 2052.287139, "delta": 1.529826}}
{"target": -0.29484316560906637, "params": {"bus_acc": 1.328, "bus_dcc": 2.0395, "bus_lcAssertive": 78.3008, "bus_lcCooperative": 0.666, "bus_lcLookaheadLeft": 26.458, "bus_lcPushy": 0.6095, "bus_lcSigma": 0.5927, "bus_lcSpeedGainRight": 3.1418, "bus_lcSublane": 0.4294, "bus_sigma": 0.4871, "bus_tau_mean": 1.7362, "bus_tau_std": 3.8597, "bus_v_mean": 10.4002, "bus_v_std": 12.2926, "car_acc": 3.449, "car_dcc": 2.8218, "car_lcAssertive": 4.7612, "car_lcCooperative": 0.3928, "car_lcLookaheadLeft": 13.9342, "car_lcPushy": 0.4784, "car_lcSigma": 0.9092, "car_lcSpeedGainRight": 2.4772, "car_lcSublane": 0.4783, "car_sigma": 0.6713, "car_tau_mean": 3.5052, "car_tau_std": 3.4049, "car_v_mean": 19.1041, "car_v_std": 16.9704}, "datetime": {"datetime": "2024-08-08 17:57:48", "elapsed": 2053.93432, "delta": 1.647181}}
{"target": -0.2756909443830393, "params": {"bus_acc": 1.2962, "bus_dcc": 2.116, "bus_lcAssertive": 78.3234, "bus_lcCooperative": 0.7496, "bus_lcLookaheadLeft": 27.1132, "bus_lcPushy": 0.7214, "bus_lcSigma": 0.6646, "bus_lcSpeedGainRight": 3.1322, "bus_lcSublane": 0.4328, "bus_sigma": 0.6065, "bus_tau_mean": 1.8327, "bus_tau_std": 3.913, "bus_v_mean": 10.3895, "bus_v_std": 11.8463, "car_acc": 3.6815, "car_dcc": 2.804, "car_lcAssertive": 5.5499, "car_lcCooperative": 0.5295, "car_lcLookaheadLeft": 14.8084, "car_lcPushy": 0.6048, "car_lcSigma": 0.9323, "car_lcSpeedGainRight": 2.6656, "car_lcSublane": 0.547, "car_sigma": 0.7887, "car_tau_mean": 3.702, "car_tau_std": 3.291, "car_v_mean": 20.079, "car_v_std": 17.6123}, "datetime": {"datetime": "2024-08-08 17:57:50", "elapsed": 2055.909357, "delta": 1.975037}}
{"target": -0.2736890346394221, "params": {"bus_acc": 3.7273, "bus_dcc": 1.9506, "bus_lcAssertive": 98.5678, "bus_lcCooperative": 0.1783, "bus_lcLookaheadLeft": 12.0, "bus_lcPushy": 0.3083, "bus_lcSigma": 0.8825, "bus_lcSpeedGainRight": 3.3713, "bus_lcSublane": 0.4623, "bus_sigma": 0.1019, "bus_tau_mean": 2.8821, "bus_tau_std": 6.7031, "bus_v_mean": 22.0616, "bus_v_std": 8.9834, "car_acc": 3.2083, "car_dcc": 2.7813, "car_lcAssertive": 4.4959, "car_lcCooperative": 0.6116, "car_lcLookaheadLeft": 5.7185, "car_lcPushy": 0.675, "car_lcSigma": 0.7001, "car_lcSpeedGainRight": 3.6586, "car_lcSublane": 0.9917, "car_sigma": 0.107, "car_tau_mean": 3.4505, "car_tau_std": 9.9505, "car_v_mean": 12.1629, "car_v_std": 0.2179}, "datetime": {"datetime": "2024-08-08 17:57:52", "elapsed": 2057.803859, "delta": 1.894502}}
{"target": -0.31804082807430717, "params": {"bus_acc": 2.2391, "bus_dcc": 3.571, "bus_lcAssertive": 18.0022, "bus_lcCooperative": 0.798, "bus_lcLookaheadLeft": 98.8308, "bus_lcPushy": 0.7832, "bus_lcSigma": 0.5841, "bus_lcSpeedGainRight": 1.8305, "bus_lcSublane": 0.0321, "bus_sigma": 0.5055, "bus_tau_mean": 3.1134, "bus_tau_std": 2.3454, "bus_v_mean": 13.6458, "bus_v_std": 2.2591, "car_acc": 1.6002, "car_dcc": 1.5298, "car_lcAssertive": 26.9578, "car_lcCooperative": 0.8943, "car_lcLookaheadLeft": 77.5095, "car_lcPushy": 0.0181, "car_lcSigma": 0.5463, "car_lcSpeedGainRight": 0.604, "car_lcSublane": 0.7143, "car_sigma": 0.3898, "car_tau_mean": 3.0077, "car_tau_std": 8.5942, "car_v_mean": 10.0619, "car_v_std": 11.0359}, "datetime": {"datetime": "2024-08-08 17:57:54", "elapsed": 2059.871624, "delta": 2.067765}}
{"target": -0.29436408343936155, "params": {"bus_acc": 1.2641, "bus_dcc": 2.0246, "bus_lcAssertive": 77.9374, "bus_lcCooperative": 0.6802, "bus_lcLookaheadLeft": 26.7965, "bus_lcPushy": 0.58, "bus_lcSigma": 0.616, "bus_lcSpeedGainRight": 2.9546, "bus_lcSublane": 0.4946, "bus_sigma": 0.5065, "bus_tau_mean": 1.7056, "bus_tau_std": 3.7725, "bus_v_mean": 10.3086, "bus_v_std": 11.9263, "car_acc": 3.5627, "car_dcc": 2.7624, "car_lcAssertive": 5.2398, "car_lcCooperative": 0.4593, "car_lcLookaheadLeft": 14.432, "car_lcPushy": 0.5452, "car_lcSigma": 0.9351, "car_lcSpeedGainRight": 2.417, "car_lcSublane": 0.5269, "car_sigma": 0.6821, "car_tau_mean": 3.6345, "car_tau_std": 3.3059, "car_v_mean": 19.5695, "car_v_std": 17.122}, "datetime": {"datetime": "2024-08-08 17:57:56", "elapsed": 2061.828017, "delta": 1.956393}}
{"target": -0.2550916707748471, "params": {"bus_acc": 3.7584, "bus_dcc": 2.4119, "bus_lcAssertive": 91.0826, "bus_lcCooperative": 0.9894, "bus_lcLookaheadLeft": 12.8928, "bus_lcPushy": 0.5945, "bus_lcSigma": 0.5823, "bus_lcSpeedGainRight": 3.463, "bus_lcSublane": 0.3911, "bus_sigma": 0.9134, "bus_tau_mean": 3.6243, "bus_tau_std": 3.0274, "bus_v_mean": 12.489, "bus_v_std": 17.8619, "car_acc": 3.7876, "car_dcc": 1.0701, "car_lcAssertive": 91.9801, "car_lcCooperative": 0.864, "car_lcLookaheadLeft": 58.825, "car_lcPushy": 0.5718, "car_lcSigma": 0.2578, "car_lcSpeedGainRight": 2.6913, "car_lcSublane": 0.8449, "car_sigma": 0.9046, "car_tau_mean": 1.9787, "car_tau_std": 4.0971, "car_v_mean": 10.5695, "car_v_std": 18.7502}, "datetime": {"datetime": "2024-08-08 17:57:59", "elapsed": 2064.428307, "delta": 2.60029}}
{"target": -0.31941064103855127, "params": {"bus_acc": 2.2912, "bus_dcc": 1.7449, "bus_lcAssertive": 99.0236, "bus_lcCooperative": 0.1328, "bus_lcLookaheadLeft": 98.0485, "bus_lcPushy": 0.8686, "bus_lcSigma": 0.6924, "bus_lcSpeedGainRight": 3.8345, "bus_lcSublane": 0.8252, "bus_sigma": 0.35, "bus_tau_mean": 1.497, "bus_tau_std": 4.1945, "bus_v_mean": 11.5533, "bus_v_std": 18.8808, "car_acc": 3.0144, "car_dcc": 3.1924, "car_lcAssertive": 63.5798, "car_lcCooperative": 0.7186, "car_lcLookaheadLeft": 63.2783, "car_lcPushy": 0.446, "car_lcSigma": 0.7617, "car_lcSpeedGainRight": 2.2078, "car_lcSublane": 0.1837, "car_sigma": 0.1466, "car_tau_mean": 2.1623, "car_tau_std": 2.8033, "car_v_mean": 17.0874, "car_v_std": 3.6103}, "datetime": {"datetime": "2024-08-08 17:58:01", "elapsed": 2066.738132, "delta": 2.309825}}
{"target": -0.2469642661181122, "params": {"bus_acc": 1.2346, "bus_dcc": 2.9505, "bus_lcAssertive": 30.5561, "bus_lcCooperative": 0.6907, "bus_lcLookaheadLeft": 26.5424, "bus_lcPushy": 0.4246, "bus_lcSigma": 0.7882, "bus_lcSpeedGainRight": 3.8373, "bus_lcSublane": 0.659, "bus_sigma": 0.0934, "bus_tau_mean": 3.6189, "bus_tau_std": 5.7767, "bus_v_mean": 8.4253, "bus_v_std": 15.2929, "car_acc": 2.436, "car_dcc": 1.9268, "car_lcAssertive": 31.0463, "car_lcCooperative": 0.8729, "car_lcLookaheadLeft": 3.7921, "car_lcPushy": 0.3537, "car_lcSigma": 0.7626, "car_lcSpeedGainRight": 0.1459, "car_lcSublane": 0.3189, "car_sigma": 0.2562, "car_tau_mean": 1.5781, "car_tau_std": 4.0913, "car_v_mean": 9.7173, "car_v_std": 0.5327}, "datetime": {"datetime": "2024-08-08 17:58:03", "elapsed": 2068.969395, "delta": 2.231263}}
{"target": -0.3007813722532111, "params": {"bus_acc": 3.4671, "bus_dcc": 1.3628, "bus_lcAssertive": 51.9909, "bus_lcCooperative": 0.1732, "bus_lcLookaheadLeft": 51.0909, "bus_lcPushy": 0.1297, "bus_lcSigma": 0.6484, "bus_lcSpeedGainRight": 0.2741, "bus_lcSublane": 0.4443, "bus_sigma": 0.1046, "bus_tau_mean": 3.3234, "bus_tau_std": 1.2223, "bus_v_mean": 16.9946, "bus_v_std": 12.4252, "car_acc": 4.4097, "car_dcc": 1.5413, "car_lcAssertive": 66.0092, "car_lcCooperative": 0.1374, "car_lcLookaheadLeft": 23.5694, "car_lcPushy": 0.7815, "car_lcSigma": 0.3213, "car_lcSpeedGainRight": 4.6591, "car_lcSublane": 0.5819, "car_sigma": 0.4202, "car_tau_mean": 3.1621, "car_tau_std": 7.1062, "car_v_mean": 22.7236, "car_v_std": 10.6008}, "datetime": {"datetime": "2024-08-08 17:58:05", "elapsed": 2070.708702, "delta": 1.739307}}
