{"target": -0.3707349533604437, "params": {"bus_acc": 2.364441280947901, "bus_dcc": 1.9319880881915676, "bus_lcAssertive": 47.76497077930874, "bus_lcCooperative": 0.5992558738787634, "bus_lcLookaheadLeft": 38.639120062403535, "bus_lcPushy": 0.874487796621177, "bus_lcSigma": 0.7261725883076274, "bus_lcSpeedGainRight": 4.771703523121056, "bus_lcSublane": 0.3510655228482117, "bus_sigma": 0.9371740887217811, "bus_tau_mean": 2.176852009790104, "bus_tau_std": 6.423226386484714, "bus_v_mean": 19.786355276078197, "bus_v_std": 16.186759380113603, "car_acc": 1.7925187345653877, "car_dcc": 2.3438379355443133, "car_lcAssertive": 81.91042558516232, "car_lcCooperative": 0.7175572030909549, "car_lcLookaheadLeft": 94.20322251871511, "car_lcPushy": 0.9795978714178412, "car_lcSigma": 0.1789133363658466, "car_lcSpeedGainRight": 1.139597059063776, "car_lcSublane": 0.7159864472790468, "car_sigma": 0.7473827346542434, "car_tau_mean": 2.611128439813839, "car_tau_std": 8.772997642215113, "car_v_mean": 12.031847393771816, "car_v_std": 6.789747885935848}, "datetime": {"datetime": "2024-08-08 10:00:23", "elapsed": 303.182548, "delta": 1.142683}}
{"target": -0.3277030256270214, "params": {"bus_acc": 2.9494807417101647, "bus_dcc": 2.9098132000056918, "bus_lcAssertive": 99.39738943643741, "bus_lcCooperative": 0.5460708041429516, "bus_lcLookaheadLeft": 53.589741522741086, "bus_lcPushy": 0.1354279030721699, "bus_lcSigma": 0.3557051709838811, "bus_lcSpeedGainRight": 0.13109283648186643, "bus_lcSublane": 0.1603951795196491, "bus_sigma": 0.7456371927074961, "bus_tau_mean": 0.6063989147507609, "bus_tau_std": 3.665430972437443, "bus_v_mean": 21.797540045408706, "bus_v_std": 13.853554350147085, "car_acc": 2.381884284132337, "car_dcc": 1.5659104028659327, "car_lcAssertive": 44.74852379409391, "car_lcCooperative": 0.5815774073442912, "car_lcLookaheadLeft": 98.99566735104311, "car_lcPushy": 0.20390622523312185, "car_lcSigma": 0.24773290176235485, "car_lcSpeedGainRight": 1.3108654188645597, "car_lcSublane": 0.7501724132979928, "car_sigma": 0.4569753274356928, "car_tau_mean": 0.6992530344388325, "car_tau_std": 5.085162406102396, "car_v_mean": 11.391362634298815, "car_v_std": 15.972084895204205}, "datetime": {"datetime": "2024-08-08 10:00:24", "elapsed": 304.598105, "delta": 1.415557}}
{"target": -0.379203378204046, "params": {"bus_acc": 1.7974310872580168, "bus_dcc": 3.899837477926426, "bus_lcAssertive": 16.253838011403385, "bus_lcCooperative": 0.8950868086486484, "bus_lcLookaheadLeft": 32.479280652714465, "bus_lcPushy": 0.548489089666104, "bus_lcSigma": 0.6820662584328149, "bus_lcSpeedGainRight": 1.1823482566307768, "bus_lcSublane": 0.16773668505027162, "bus_sigma": 0.508482013429616, "bus_tau_mean": 3.2715235645463507, "bus_tau_std": 6.924144621670756, "bus_v_mean": 9.903573394768237, "bus_v_std": 18.01484430143466, "car_acc": 1.95947513409831, "car_dcc": 3.8400300377189427, "car_lcAssertive": 55.789936918578306, "car_lcCooperative": 0.08480182166035288, "car_lcLookaheadLeft": 21.84137749610449, "car_lcPushy": 0.8542379729163827, "car_lcSigma": 0.7059273667647191, "car_lcSpeedGainRight": 4.474697600764621, "car_lcSublane": 0.32914600179429976, "car_sigma": 0.5280013966376261, "car_tau_mean": 2.7763934636944194, "car_tau_std": 5.9429085358666445, "car_v_mean": 11.703406968547965, "car_v_std": 8.536426988964712}, "datetime": {"datetime": "2024-08-08 10:00:25", "elapsed": 305.073318, "delta": 0.475213}}
{"target": -0.3504339486667002, "params": {"bus_acc": 2.433757327263378, "bus_dcc": 3.673056862877017, "bus_lcAssertive": 3.701435128229413, "bus_lcCooperative": 0.5220512472525107, "bus_lcLookaheadLeft": 33.94700155346248, "bus_lcPushy": 0.8594893208655858, "bus_lcSigma": 0.5585165509225178, "bus_lcSpeedGainRight": 3.4511393408137394, "bus_lcSublane": 0.45285349995153745, "bus_sigma": 0.6283090375213571, "bus_tau_mean": 1.5153389809059905, "bus_tau_std": 0.09348577966515781, "bus_v_mean": 17.228094959793452, "bus_v_std": 6.228884282649256, "car_acc": 2.03453519700226, "car_dcc": 3.749217559161693, "car_lcAssertive": 43.221004061638205, "car_lcCooperative": 0.2473960366023854, "car_lcLookaheadLeft": 38.386788605347334, "car_lcPushy": 0.9318611166365406, "car_lcSigma": 0.9368683813090937, "car_lcSpeedGainRight": 4.221649742828566, "car_lcSublane": 0.9202065143056605, "car_sigma": 0.22790028995131695, "car_tau_mean": 0.806187733437568, "car_tau_std": 2.2730973628468876, "car_v_mean": 13.030025857824807, "car_v_std": 3.4953175271262316}, "datetime": {"datetime": "2024-08-08 10:00:26", "elapsed": 306.038348, "delta": 0.96503}}
{"target": -0.388607246575414, "params": {"bus_acc": 1.2236484795032156, "bus_dcc": 2.5931420637616664, "bus_lcAssertive": 81.53913136901502, "bus_lcCooperative": 0.37629418365689815, "bus_lcLookaheadLeft": 45.685903574923074, "bus_lcPushy": 0.7509025596645666, "bus_lcSigma": 0.09834637894842024, "bus_lcSpeedGainRight": 1.8026315249823044, "bus_lcSublane": 0.5637062552864558, "bus_sigma": 0.23858559594258377, "bus_tau_mean": 3.439838201027115, "bus_tau_std": 7.658509922899394, "bus_v_mean": 23.44868127347742, "bus_v_std": 10.459761500274574, "car_acc": 1.2130493159811861, "car_dcc": 3.809851069184461, "car_lcAssertive": 83.58936296013856, "car_lcCooperative": 0.5444181610032376, "car_lcLookaheadLeft": 83.9576231837696, "car_lcPushy": 0.8816909193539424, "car_lcSigma": 0.7760811373668977, "car_lcSpeedGainRight": 2.856269885212087, "car_lcSublane": 0.6152987214660823, "car_sigma": 0.8443906826433587, "car_tau_mean": 2.677758227098768, "car_tau_std": 2.0647995918763162, "car_v_mean": 19.063814776863516, "car_v_std": 10.640275001547632}, "datetime": {"datetime": "2024-08-08 10:00:26", "elapsed": 306.903435, "delta": 0.865087}}
{"target": -0.35417462780670367, "params": {"bus_acc": 1.9540259888045264, "bus_dcc": 2.3466365101202964, "bus_lcAssertive": 88.71379914536978, "bus_lcCooperative": 0.5276187723115614, "bus_lcLookaheadLeft": 42.090901527852274, "bus_lcPushy": 0.26889202221264585, "bus_lcSigma": 0.07201203516976995, "bus_lcSpeedGainRight": 2.090680668626579, "bus_lcSublane": 0.025753482406583372, "bus_sigma": 0.29115394055242805, "bus_tau_mean": 2.2622832844693876, "bus_tau_std": 9.659330650197223, "bus_v_mean": 9.750126627097353, "bus_v_std": 13.460821084332439, "car_acc": 1.9998647421984, "car_dcc": 3.331294687827349, "car_lcAssertive": 15.217092789546719, "car_lcCooperative": 0.08320263643587555, "car_lcLookaheadLeft": 41.12342332454047, "car_lcPushy": 0.7969622519799001, "car_lcSigma": 0.1916757389098901, "car_lcSpeedGainRight": 3.83888596073637, "car_lcSublane": 0.2902979970618682, "car_sigma": 0.21689148761179533, "car_tau_mean": 0.5585045617695226, "car_tau_std": 3.986590599223787, "car_v_mean": 14.097303860695238, "car_v_std": 13.186898723907294}, "datetime": {"datetime": "2024-08-08 10:00:29", "elapsed": 309.210102, "delta": 2.306667}}
{"target": -0.3946074496509488, "params": {"bus_acc": 1.3196673006881867, "bus_dcc": 1.6078063756589878, "bus_lcAssertive": 43.686993760876724, "bus_lcCooperative": 0.40420190577514725, "bus_lcLookaheadLeft": 16.381645114900824, "bus_lcPushy": 0.7293189193611234, "bus_lcSigma": 0.18874506687718595, "bus_lcSpeedGainRight": 3.219478221558314, "bus_lcSublane": 0.7543059505762987, "bus_sigma": 0.21073239208332073, "bus_tau_mean": 2.60333986837674, "bus_tau_std": 7.489283752458364, "bus_v_mean": 18.211499369925335, "bus_v_std": 11.942546058932981, "car_acc": 1.5909645713109941, "car_dcc": 3.1948194137245265, "car_lcAssertive": 94.58553555999502, "car_lcCooperative": 0.42556139026154693, "car_lcLookaheadLeft": 78.65381804947772, "car_lcPushy": 0.056141039661915304, "car_lcSigma": 0.8352716024899659, "car_lcSpeedGainRight": 0.9612500841107385, "car_lcSublane": 0.3950968688899732, "car_sigma": 0.30008104592535645, "car_tau_mean": 0.7803627533211726, "car_tau_std": 9.046310029362429, "car_v_mean": 13.922466840859812, "car_v_std": 10.61394876952279}, "datetime": {"datetime": "2024-08-08 10:00:30", "elapsed": 310.084481, "delta": 0.874379}}
{"target": -0.3795704165127939, "params": {"bus_acc": 1.4618834166442483, "bus_dcc": 1.8591313946121473, "bus_lcAssertive": 83.24438532353815, "bus_lcCooperative": 0.15342094116241234, "bus_lcLookaheadLeft": 56.109603140241184, "bus_lcPushy": 0.5681397176921924, "bus_lcSigma": 0.3434200931086723, "bus_lcSpeedGainRight": 1.7530859465347681, "bus_lcSublane": 0.9591120175192023, "bus_sigma": 0.5533439494595207, "bus_tau_mean": 2.7845592031533415, "bus_tau_std": 4.907401164444133, "bus_v_mean": 18.34639970674865, "bus_v_std": 12.10501571014124, "car_acc": 1.2903465858401912, "car_dcc": 2.00404159865378, "car_lcAssertive": 46.58296535243441, "car_lcCooperative": 0.12782166160638486, "car_lcLookaheadLeft": 37.58118571324082, "car_lcPushy": 0.22814163429292222, "car_lcSigma": 0.847502602270402, "car_lcSpeedGainRight": 1.7073704001064933, "car_lcSublane": 0.2267893206662649, "car_sigma": 0.4081814028522822, "car_tau_mean": 2.890724166677864, "car_tau_std": 0.6562199896142484, "car_v_mean": 10.891667417647836, "car_v_std": 13.886138778474573}, "datetime": {"datetime": "2024-08-08 10:00:33", "elapsed": 313.18034, "delta": 3.095859}}
{"target": -0.35535665167376573, "params": {"bus_acc": 1.1763772911430201, "bus_dcc": 3.051131007464914, "bus_lcAssertive": 12.919686808914616, "bus_lcCooperative": 0.010699003144174157, "bus_lcLookaheadLeft": 56.61228654734155, "bus_lcPushy": 0.9071090552203707, "bus_lcSigma": 0.8604566673368852, "bus_lcSpeedGainRight": 1.6922569205912503, "bus_lcSublane": 0.02715882932586222, "bus_sigma": 0.8008593551300331, "bus_tau_mean": 3.3209472630138306, "bus_tau_std": 8.684881163027722, "bus_v_mean": 18.714345598008528, "bus_v_std": 16.15557724630153, "car_acc": 2.7949965646056407, "car_dcc": 2.361489851470037, "car_lcAssertive": 56.224705067776135, "car_lcCooperative": 0.5061311288282347, "car_lcLookaheadLeft": 69.81442264337343, "car_lcPushy": 0.6829068676298748, "car_lcSigma": 0.5203136358633165, "car_lcSpeedGainRight": 4.142340740427357, "car_lcSublane": 0.5057793867898664, "car_sigma": 0.8248585623852319, "car_tau_mean": 1.4864578085013502, "car_tau_std": 1.7849483297748825, "car_v_mean": 23.517929125515423, "car_v_std": 14.838790509121536}, "datetime": {"datetime": "2024-08-08 10:00:36", "elapsed": 316.122614, "delta": 2.942274}}
{"target": -0.37017518860395227, "params": {"bus_acc": 1.834044009405148, "bus_dcc": 3.1609734803264744, "bus_lcAssertive": 1.0113231069171438, "bus_lcCooperative": 0.30233257263183977, "bus_lcLookaheadLeft": 16.38207730007708, "bus_lcPushy": 0.0923385947687978, "bus_lcSigma": 0.1862602113776709, "bus_lcSpeedGainRight": 1.7278036352152388, "bus_lcSublane": 0.39676747423066994, "bus_sigma": 0.538816734003357, "bus_tau_mean": 1.9671808004115319, "bus_tau_std": 6.852195003967595, "bus_v_mean": 11.271235995704279, "bus_v_std": 17.562348727818907, "car_acc": 1.0547751863958523, "car_dcc": 3.011402530535207, "car_lcAssertive": 42.31317543434557, "car_lcCooperative": 0.5586898284457517, "car_lcLookaheadLeft": 15.75791998233291, "car_lcPushy": 0.1981014890848788, "car_lcSigma": 0.8007445686755367, "car_lcSpeedGainRight": 4.841307878596988, "car_lcSublane": 0.31342417815924284, "car_sigma": 0.6923226156693141, "car_tau_mean": 3.567362033036134, "car_tau_std": 8.946066635038473, "car_v_mean": 9.360707381916447, "car_v_std": 0.7810956646576472}, "datetime": {"datetime": "2024-08-08 10:00:37", "elapsed": 317.747591, "delta": 1.624977}}
{"target": -0.3654354427791925, "params": {"bus_acc": 2.2726122517119673, "bus_dcc": 2.125273055181733, "bus_lcAssertive": 85.89096540927606, "bus_lcCooperative": 0.6195867393685738, "bus_lcLookaheadLeft": 26.699241852822258, "bus_lcPushy": 0.7928556779768876, "bus_lcSigma": 0.43293850873416306, "bus_lcSpeedGainRight": 1.787555836652207, "bus_lcSublane": 0.33027693652508094, "bus_sigma": 0.6973688756131394, "bus_tau_mean": 1.440275433671793, "bus_tau_std": 8.0827801370538, "bus_v_mean": 12.724620710397565, "bus_v_std": 10.882427671707145, "car_acc": 1.9758429836104048, "car_dcc": 3.566069237786109, "car_lcAssertive": 88.9502570051432, "car_lcCooperative": 0.18438444236776674, "car_lcLookaheadLeft": 59.3641489759486, "car_lcPushy": 0.8982050460171371, "car_lcSigma": 0.4461172190344297, "car_lcSpeedGainRight": 4.609341527419077, "car_lcSublane": 0.2789908904569709, "car_sigma": 0.6088311741937957, "car_tau_mean": 2.8885879841838538, "car_tau_std": 2.282057333504841, "car_v_mean": 8.220280200923469, "car_v_std": 8.334479247413922}, "datetime": {"datetime": "2024-08-08 10:00:38", "elapsed": 318.511923, "delta": 0.764332}}
{"target": -0.36174307131379096, "params": {"bus_acc": 1.236385258694077, "bus_dcc": 3.5109933466405367, "bus_lcAssertive": 74.66945621558399, "bus_lcCooperative": 0.5905205476471171, "bus_lcLookaheadLeft": 25.803374346557327, "bus_lcPushy": 0.6232471451875841, "bus_lcSigma": 0.638355320741173, "bus_lcSpeedGainRight": 1.6378472205616257, "bus_lcSublane": 0.06748934306754228, "bus_sigma": 0.8805385975643267, "bus_tau_mean": 2.1098485587599045, "bus_tau_std": 7.638727180664299, "bus_v_mean": 12.062217935083835, "bus_v_std": 11.827743645350337, "car_acc": 1.8575903206975954, "car_dcc": 2.1463019276474187, "car_lcAssertive": 13.544625000845354, "car_lcCooperative": 0.24426666320897583, "car_lcLookaheadLeft": 9.775475129915257, "car_lcPushy": 0.3028583047175786, "car_lcSigma": 0.7417048002315554, "car_lcSpeedGainRight": 3.0750786248552444, "car_lcSublane": 0.6724110989339258, "car_sigma": 0.00838307952503159, "car_tau_mean": 2.8743194028796197, "car_tau_std": 5.031806905428871, "car_v_mean": 11.694535207746867, "car_v_std": 3.4979301796384443}, "datetime": {"datetime": "2024-08-08 10:00:40", "elapsed": 320.714874, "delta": 2.202951}}
{"target": -0.3929512958082846, "params": {"bus_acc": 1.4383076115145161, "bus_dcc": 2.2864020787422663, "bus_lcAssertive": 85.08773897233483, "bus_lcCooperative": 0.45037964247172024, "bus_lcLookaheadLeft": 93.67117117269206, "bus_lcPushy": 0.352679327251738, "bus_lcSigma": 0.6193921656967597, "bus_lcSpeedGainRight": 4.903495181778901, "bus_lcSublane": 0.6434625222408049, "bus_sigma": 0.04549821604060378, "bus_tau_mean": 2.1224498183309914, "bus_tau_std": 3.3475134371366377, "bus_v_mean": 16.514904776346796, "bus_v_std": 5.694924172262628, "car_acc": 1.2445224604600056, "car_dcc": 3.0048669662524055, "car_lcAssertive": 68.45461573423933, "car_lcCooperative": 0.8671392999990885, "car_lcLookaheadLeft": 14.973386369148269, "car_lcPushy": 0.798620308278031, "car_lcSigma": 0.826768738405129, "car_lcSpeedGainRight": 3.2327496787557597, "car_lcSublane": 0.20492214578063384, "car_sigma": 0.2614207144058379, "car_tau_mean": 1.9647388613871148, "car_tau_std": 5.417990727827313, "car_v_mean": 15.639007289475472, "car_v_std": 9.349197840907388}, "datetime": {"datetime": "2024-08-08 10:00:41", "elapsed": 321.530997, "delta": 0.816123}}
{"target": -0.3479985304429598, "params": {"bus_acc": 2.386389116756776, "bus_dcc": 2.7624534380512276, "bus_lcAssertive": 64.53316890252607, "bus_lcCooperative": 0.37408018773825613, "bus_lcLookaheadLeft": 28.9952786117102, "bus_lcPushy": 0.5094085814387623, "bus_lcSigma": 0.8858231171497215, "bus_lcSpeedGainRight": 2.8264483518278416, "bus_lcSublane": 0.6631488914643168, "bus_sigma": 0.44137923095350085, "bus_tau_mean": 3.9024868049250827, "bus_tau_std": 7.425224523517098, "bus_v_mean": 13.678440173612374, "bus_v_std": 13.070620653273188, "car_acc": 2.085232823743441, "car_dcc": 3.652168637136058, "car_lcAssertive": 28.230351055475758, "car_lcCooperative": 0.10806748517233733, "car_lcLookaheadLeft": 20.74466107063467, "car_lcPushy": 0.38704623260508586, "car_lcSigma": 0.8540597949343145, "car_lcSpeedGainRight": 1.354224569179583, "car_lcSublane": 0.6263588032086836, "car_sigma": 0.6235518010455583, "car_tau_mean": 1.9281649737177504, "car_tau_std": 0.5033512965945175, "car_v_mean": 19.917341968519885, "car_v_std": 5.914510688477623}, "datetime": {"datetime": "2024-08-08 10:00:43", "elapsed": 323.743004, "delta": 2.212007}}
{"target": -0.34176852597831564, "params": {"bus_acc": 2.3301975566716413, "bus_dcc": 1.6746249399020972, "bus_lcAssertive": 11.84463000441058, "bus_lcCooperative": 0.9790089375741902, "bus_lcLookaheadLeft": 81.86947665118652, "bus_lcPushy": 0.28538353244953096, "bus_lcSigma": 0.5858283844279211, "bus_lcSpeedGainRight": 1.9003560263939563, "bus_lcSublane": 0.1763380407698657, "bus_sigma": 0.4188351430524928, "bus_tau_mean": 1.5401572796885465, "bus_tau_std": 0.16624106532905913, "bus_v_mean": 14.197892911980952, "bus_v_std": 18.418260076095045, "car_acc": 2.6564005174148972, "car_dcc": 2.7222242655896527, "car_lcAssertive": 32.54603961325787, "car_lcCooperative": 0.23126429488543754, "car_lcLookaheadLeft": 95.68991919583152, "car_lcPushy": 0.5646100990687117, "car_lcSigma": 0.2176053035591231, "car_lcSpeedGainRight": 1.2474102554931144, "car_lcSublane": 0.9595962025309192, "car_sigma": 0.238814133296392, "car_tau_mean": 0.8734993092443826, "car_tau_std": 1.8396193975266917, "car_v_mean": 20.259596910686703, "car_v_std": 14.175285118625228}, "datetime": {"datetime": "2024-08-08 10:00:44", "elapsed": 324.087182, "delta": 0.344178}}
{"target": -0.36701489422231215, "params": {"bus_acc": 1.5084647093147048, "bus_dcc": 1.2522590625397885, "bus_lcAssertive": 86.55026538163867, "bus_lcCooperative": 0.44789891562027984, "bus_lcLookaheadLeft": 57.05505353977741, "bus_lcPushy": 0.7367109576935199, "bus_lcSigma": 0.7964888671311956, "bus_lcSpeedGainRight": 2.2375406949515693, "bus_lcSublane": 0.18412755617579835, "bus_sigma": 0.8287328515283018, "bus_tau_mean": 0.6084928593988954, "bus_tau_std": 9.467282696079524, "bus_v_mean": 17.231645543640028, "bus_v_std": 17.50777476901374, "car_acc": 2.2171308739471174, "car_dcc": 1.754978752456971, "car_lcAssertive": 30.316862426094534, "car_lcCooperative": 0.5329225590316532, "car_lcLookaheadLeft": 96.28366485901516, "car_lcPushy": 0.18449560449017766, "car_lcSigma": 0.509898378143109, "car_lcSpeedGainRight": 1.718940517184222, "car_lcSublane": 0.7697253449571857, "car_sigma": 0.802866486432424, "car_tau_mean": 1.9859596860577582, "car_tau_std": 2.0412249999433585, "car_v_mean": 9.073431365261685, "car_v_std": 3.97296528841123}, "datetime": {"datetime": "2024-08-08 10:00:46", "elapsed": 326.138892, "delta": 2.05171}}
{"target": -0.38596061865747133, "params": {"bus_acc": 1.5586406712326637, "bus_dcc": 3.7476361692019005, "bus_lcAssertive": 20.624996730805222, "bus_lcCooperative": 0.28571649537130284, "bus_lcLookaheadLeft": 6.670161087028536, "bus_lcPushy": 0.44757914405063814, "bus_lcSigma": 0.5575878151711118, "bus_lcSpeedGainRight": 2.867805412885476, "bus_lcSublane": 0.905377379959673, "bus_sigma": 0.34741393280060506, "bus_tau_mean": 2.0663493285693932, "bus_tau_std": 8.512376625014975, "bus_v_mean": 17.229268851712398, "bus_v_std": 13.079858697554673, "car_acc": 1.556718660788632, "car_dcc": 2.4624139048775473, "car_lcAssertive": 62.47428637046675, "car_lcCooperative": 0.13339403014523998, "car_lcLookaheadLeft": 5.225054226068378, "car_lcPushy": 0.11341100113082614, "car_lcSigma": 0.47746107633965307, "car_lcSpeedGainRight": 0.12013367315404255, "car_lcSublane": 0.6262089291372217, "car_sigma": 0.09758261797608447, "car_tau_mean": 1.37836538200686, "car_tau_std": 4.264929458562184, "car_v_mean": 9.853227947299985, "car_v_std": 5.411039875949328}, "datetime": {"datetime": "2024-08-08 10:00:49", "elapsed": 329.243013, "delta": 3.104121}}
{"target": -0.41987916890278143, "params": {"bus_acc": 2.7352544192303476, "bus_dcc": 3.5496156443209967, "bus_lcAssertive": 81.03272430400804, "bus_lcCooperative": 0.13069282439738805, "bus_lcLookaheadLeft": 54.52825233253759, "bus_lcPushy": 0.900783114706916, "bus_lcSigma": 0.7708318305538303, "bus_lcSpeedGainRight": 2.103565995125959, "bus_lcSublane": 0.9778803933599658, "bus_sigma": 0.25077315667300226, "bus_tau_mean": 1.667635800967642, "bus_tau_std": 9.54200507429589, "bus_v_mean": 20.939445570964637, "bus_v_std": 18.006800090213236, "car_acc": 1.0231791788197904, "car_dcc": 2.1392932991019844, "car_lcAssertive": 24.31667370437706, "car_lcCooperative": 0.2959350518874113, "car_lcLookaheadLeft": 74.3235586475764, "car_lcPushy": 0.7240848448640741, "car_lcSigma": 0.46179941019906146, "car_lcSpeedGainRight": 1.8263723060354686, "car_lcSublane": 0.5846916130045258, "car_sigma": 0.5337077546342763, "car_tau_mean": 2.427028456527517, "car_tau_std": 6.154770711146577, "car_v_mean": 14.330372356280781, "car_v_std": 15.434369648309168}, "datetime": {"datetime": "2024-08-08 10:00:51", "elapsed": 331.121998, "delta": 1.878985}}
{"target": -0.359191802309085, "params": {"bus_acc": 2.317136083116724, "bus_dcc": 1.543586145861585, "bus_lcAssertive": 79.01690556605841, "bus_lcCooperative": 0.6028653375383973, "bus_lcLookaheadLeft": 98.07262274345813, "bus_lcPushy": 0.22238319353117575, "bus_lcSigma": 0.4662664741665735, "bus_lcSpeedGainRight": 4.478209012997233, "bus_lcSublane": 0.6014334096987881, "bus_sigma": 0.725958845848815, "bus_tau_mean": 1.947845574704761, "bus_tau_std": 6.843096218313198, "bus_v_mean": 23.13688047756101, "bus_v_std": 4.003721314786441, "car_acc": 2.6147305277546407, "car_dcc": 3.9086140362996895, "car_lcAssertive": 2.4423044445698414, "car_lcCooperative": 0.21520958659442757, "car_lcLookaheadLeft": 13.502938190686715, "car_lcPushy": 0.7674235177414532, "car_lcSigma": 0.08121658594273329, "car_lcSpeedGainRight": 4.992067792954538, "car_lcSublane": 0.38961201587930516, "car_sigma": 0.9052027659330404, "car_tau_mean": 1.1600216122481375, "car_tau_std": 4.408721998222909, "car_v_mean": 21.516989104099256, "car_v_std": 11.905395613465124}, "datetime": {"datetime": "2024-08-08 10:00:56", "elapsed": 336.877913, "delta": 5.755915}}
