{"target": -0.29949430572700997, "params": {"bus_acc": 1.6568, "bus_dcc": 1.3195, "bus_lcAssertive": 28.8725, "bus_lcCooperative": 0.9695, "bus_lcLookaheadLeft": 34.9008, "bus_lcPushy": 0.7523, "bus_lcSigma": 0.6689, "bus_lcSpeedGainRight": 4.2742, "bus_lcSublane": 0.5536, "bus_sigma": 0.1757, "bus_tau_mean": 1.7701, "bus_tau_std": 4.0166, "bus_v_mean": 8.0062, "bus_v_std": 8.4143, "car_acc": 1.8163, "car_dcc": 1.0626, "car_lcAssertive": 26.5231, "car_lcCooperative": 0.3261, "car_lcLookaheadLeft": 86.6618, "car_lcPushy": 0.4476, "car_lcSigma": 0.7378, "car_lcSpeedGainRight": 1.4134, "car_lcSublane": 0.4998, "car_sigma": 0.9566, "car_tau_mean": 2.7219, "car_tau_std": 4.7526, "car_v_mean": 12.9263, "car_v_std": 3.4458}, "datetime": {"datetime": "2024-08-08 10:27:13", "elapsed": 1913.535978, "delta": 4.23179}}
{"target": -0.35869526632614374, "params": {"bus_acc": 2.9649, "bus_dcc": 3.5964, "bus_lcAssertive": 21.433, "bus_lcCooperative": 0.7779, "bus_lcLookaheadLeft": 20.8678, "bus_lcPushy": 0.5576, "bus_lcSigma": 0.1134, "bus_lcSpeedGainRight": 3.4694, "bus_lcSublane": 0.6443, "bus_sigma": 0.7631, "bus_tau_mean": 2.1663, "bus_tau_std": 9.4288, "bus_v_mean": 23.8374, "bus_v_std": 13.5455, "car_acc": 1.2026, "car_dcc": 2.6388, "car_lcAssertive": 64.4812, "car_lcCooperative": 0.1774, "car_lcLookaheadLeft": 2.1543, "car_lcPushy": 0.8687, "car_lcSigma": 0.9806, "car_lcSpeedGainRight": 4.7607, "car_lcSublane": 0.5547, "car_sigma": 0.0181, "car_tau_mean": 3.4632, "car_tau_std": 4.5108, "car_v_mean": 14.0216, "car_v_std": 2.722}, "datetime": {"datetime": "2024-08-08 10:27:15", "elapsed": 1915.307005, "delta": 1.771027}}
{"target": -0.34470370920897603, "params": {"bus_acc": 2.3637, "bus_dcc": 1.9506, "bus_lcAssertive": 98.5678, "bus_lcCooperative": 0.1783, "bus_lcLookaheadLeft": 12.0, "bus_lcPushy": 0.3083, "bus_lcSigma": 0.8825, "bus_lcSpeedGainRight": 3.3713, "bus_lcSublane": 0.4623, "bus_sigma": 0.1019, "bus_tau_mean": 2.8821, "bus_tau_std": 6.7031, "bus_v_mean": 22.0616, "bus_v_std": 8.9834, "car_acc": 2.1042, "car_dcc": 2.7813, "car_lcAssertive": 4.4959, "car_lcCooperative": 0.6116, "car_lcLookaheadLeft": 5.7185, "car_lcPushy": 0.675, "car_lcSigma": 0.7001, "car_lcSpeedGainRight": 3.6586, "car_lcSublane": 0.9917, "car_sigma": 0.107, "car_tau_mean": 3.4505, "car_tau_std": 9.9505, "car_v_mean": 12.1629, "car_v_std": 0.2179}, "datetime": {"datetime": "2024-08-08 10:27:17", "elapsed": 1917.333619, "delta": 2.026614}}
{"target": -0.3510620964255782, "params": {"bus_acc": 1.6456, "bus_dcc": 1.7449, "bus_lcAssertive": 99.0236, "bus_lcCooperative": 0.1328, "bus_lcLookaheadLeft": 98.0485, "bus_lcPushy": 0.8686, "bus_lcSigma": 0.6924, "bus_lcSpeedGainRight": 3.8345, "bus_lcSublane": 0.8252, "bus_sigma": 0.35, "bus_tau_mean": 1.497, "bus_tau_std": 4.1945, "bus_v_mean": 11.5533, "bus_v_std": 18.8808, "car_acc": 2.0072, "car_dcc": 3.1924, "car_lcAssertive": 63.5798, "car_lcCooperative": 0.7186, "car_lcLookaheadLeft": 63.2783, "car_lcPushy": 0.446, "car_lcSigma": 0.7617, "car_lcSpeedGainRight": 2.2078, "car_lcSublane": 0.1837, "car_sigma": 0.1466, "car_tau_mean": 2.1623, "car_tau_std": 2.8033, "car_v_mean": 17.0874, "car_v_std": 3.6103}, "datetime": {"datetime": "2024-08-08 10:27:25", "elapsed": 1925.159222, "delta": 7.825603}}
{"target": -0.44587773185767365, "params": {"bus_acc": 1.6716, "bus_dcc": 1.6706, "bus_lcAssertive": 60.5958, "bus_lcCooperative": 0.0853, "bus_lcLookaheadLeft": 72.5633, "bus_lcPushy": 0.5995, "bus_lcSigma": 0.791, "bus_lcSpeedGainRight": 3.4968, "bus_lcSublane": 0.9924, "bus_sigma": 0.7431, "bus_tau_mean": 0.6071, "bus_tau_std": 2.1943, "bus_v_mean": 17.6852, "bus_v_std": 10.7142, "car_acc": 2.9945, "car_dcc": 2.2796, "car_lcAssertive": 20.9519, "car_lcCooperative": 0.6008, "car_lcLookaheadLeft": 38.9362, "car_lcPushy": 0.3061, "car_lcSigma": 0.3023, "car_lcSpeedGainRight": 0.8851, "car_lcSublane": 0.5024, "car_sigma": 0.6249, "car_tau_mean": 1.5198, "car_tau_std": 4.7557, "car_v_mean": 18.1222, "car_v_std": 3.7045}, "datetime": {"datetime": "2024-08-08 10:27:27", "elapsed": 1927.145282, "delta": 1.98606}}
{"target": -0.3740257625187405, "params": {"bus_acc": 1.1049, "bus_dcc": 3.1582, "bus_lcAssertive": 18.5256, "bus_lcCooperative": 0.6886, "bus_lcLookaheadLeft": 10.5437, "bus_lcPushy": 0.0104, "bus_lcSigma": 0.7462, "bus_lcSpeedGainRight": 0.2172, "bus_lcSublane": 0.1923, "bus_sigma": 0.6717, "bus_tau_mean": 1.8797, "bus_tau_std": 2.3282, "bus_v_mean": 18.17, "bus_v_std": 10.8126, "car_acc": 2.1871, "car_dcc": 1.8402, "car_lcAssertive": 26.6416, "car_lcCooperative": 0.0439, "car_lcLookaheadLeft": 51.4562, "car_lcPushy": 0.4086, "car_lcSigma": 0.2145, "car_lcSpeedGainRight": 2.8434, "car_lcSublane": 0.0356, "car_sigma": 0.8924, "car_tau_mean": 2.0846, "car_tau_std": 2.4571, "car_v_mean": 20.7045, "car_v_std": 6.7437}, "datetime": {"datetime": "2024-08-08 10:27:35", "elapsed": 1935.774492, "delta": 8.62921}}
{"target": -0.33045735177121205, "params": {"bus_acc": 2.9622, "bus_dcc": 3.1912, "bus_lcAssertive": 75.417, "bus_lcCooperative": 0.0183, "bus_lcLookaheadLeft": 62.7904, "bus_lcPushy": 0.9175, "bus_lcSigma": 0.2698, "bus_lcSpeedGainRight": 0.5687, "bus_lcSublane": 0.2017, "bus_sigma": 0.1492, "bus_tau_mean": 0.9669, "bus_tau_std": 3.2149, "bus_v_mean": 10.1818, "bus_v_std": 4.2139, "car_acc": 2.6621, "car_dcc": 2.6779, "car_lcAssertive": 60.4887, "car_lcCooperative": 0.3655, "car_lcLookaheadLeft": 83.2682, "car_lcPushy": 0.3956, "car_lcSigma": 0.5494, "car_lcSpeedGainRight": 3.5551, "car_lcSublane": 0.5907, "car_sigma": 0.9977, "car_tau_mean": 2.7768, "car_tau_std": 7.3155, "car_v_mean": 14.7575, "car_v_std": 2.07}, "datetime": {"datetime": "2024-08-08 10:27:38", "elapsed": 1938.033616, "delta": 2.259124}}
{"target": -0.32579354222200085, "params": {"bus_acc": 2.2335, "bus_dcc": 1.3628, "bus_lcAssertive": 51.9909, "bus_lcCooperative": 0.1732, "bus_lcLookaheadLeft": 51.0909, "bus_lcPushy": 0.1297, "bus_lcSigma": 0.6484, "bus_lcSpeedGainRight": 0.2741, "bus_lcSublane": 0.4443, "bus_sigma": 0.1046, "bus_tau_mean": 3.3234, "bus_tau_std": 1.2223, "bus_v_mean": 16.9946, "bus_v_std": 12.4252, "car_acc": 2.7048, "car_dcc": 1.5413, "car_lcAssertive": 66.0092, "car_lcCooperative": 0.1374, "car_lcLookaheadLeft": 23.5694, "car_lcPushy": 0.7815, "car_lcSigma": 0.3213, "car_lcSpeedGainRight": 4.6591, "car_lcSublane": 0.5819, "car_sigma": 0.4202, "car_tau_mean": 3.1621, "car_tau_std": 7.1062, "car_v_mean": 22.7236, "car_v_std": 10.6008}, "datetime": {"datetime": "2024-08-08 10:27:39", "elapsed": 1939.583856, "delta": 1.55024}}
{"target": -0.31331532794109446, "params": {"bus_acc": 1.6975, "bus_dcc": 1.3602, "bus_lcAssertive": 28.9149, "bus_lcCooperative": 0.9962, "bus_lcLookaheadLeft": 34.9432, "bus_lcPushy": 0.793, "bus_lcSigma": 0.7076, "bus_lcSpeedGainRight": 4.3149, "bus_lcSublane": 0.5943, "bus_sigma": 0.213, "bus_tau_mean": 1.8108, "bus_tau_std": 4.0573, "bus_v_mean": 8.0443, "bus_v_std": 8.4524, "car_acc": 1.857, "car_dcc": 1.1033, "car_lcAssertive": 26.5655, "car_lcCooperative": 0.3685, "car_lcLookaheadLeft": 86.7042, "car_lcPushy": 0.4863, "car_lcSigma": 0.7785, "car_lcSpeedGainRight": 1.4541, "car_lcSublane": 0.5379, "car_sigma": 0.995, "car_tau_mean": 2.7626, "car_tau_std": 4.7933, "car_v_mean": 12.9667, "car_v_std": 3.4865}, "datetime": {"datetime": "2024-08-08 10:27:43", "elapsed": 1943.79944, "delta": 4.215584}}
{"target": -0.37645654978292986, "params": {"bus_acc": 1.9871, "bus_dcc": 2.5604, "bus_lcAssertive": 80.4031, "bus_lcCooperative": 0.4368, "bus_lcLookaheadLeft": 33.3981, "bus_lcPushy": 0.8081, "bus_lcSigma": 0.6402, "bus_lcSpeedGainRight": 1.515, "bus_lcSublane": 0.8733, "bus_sigma": 0.9587, "bus_tau_mean": 3.447, "bus_tau_std": 6.6861, "bus_v_mean": 12.0799, "bus_v_std": 2.7194, "car_acc": 1.4646, "car_dcc": 1.1781, "car_lcAssertive": 83.1311, "car_lcCooperative": 0.7286, "car_lcLookaheadLeft": 3.4391, "car_lcPushy": 0.9002, "car_lcSigma": 0.7357, "car_lcSpeedGainRight": 3.7032, "car_lcSublane": 0.2576, "car_sigma": 0.7489, "car_tau_mean": 3.8992, "car_tau_std": 6.0112, "car_v_mean": 23.7987, "car_v_std": 6.0878}, "datetime": {"datetime": "2024-08-08 10:27:52", "elapsed": 1952.639269, "delta": 8.839829}}
{"target": -0.3291206535251752, "params": {"bus_acc": 1.1173, "bus_dcc": 2.9505, "bus_lcAssertive": 30.5561, "bus_lcCooperative": 0.6907, "bus_lcLookaheadLeft": 26.5424, "bus_lcPushy": 0.4246, "bus_lcSigma": 0.7882, "bus_lcSpeedGainRight": 3.8373, "bus_lcSublane": 0.659, "bus_sigma": 0.0934, "bus_tau_mean": 3.6189, "bus_tau_std": 5.7767, "bus_v_mean": 8.4253, "bus_v_std": 15.2929, "car_acc": 1.718, "car_dcc": 1.9268, "car_lcAssertive": 31.0463, "car_lcCooperative": 0.8729, "car_lcLookaheadLeft": 3.7921, "car_lcPushy": 0.3537, "car_lcSigma": 0.7626, "car_lcSpeedGainRight": 0.1459, "car_lcSublane": 0.3189, "car_sigma": 0.2562, "car_tau_mean": 1.5781, "car_tau_std": 4.0913, "car_v_mean": 9.7173, "car_v_std": 0.5327}, "datetime": {"datetime": "2024-08-08 10:28:03", "elapsed": 1963.159338, "delta": 10.520069}}
{"target": -0.33203737031994923, "params": {"bus_acc": 1.8981, "bus_dcc": 2.5328, "bus_lcAssertive": 99.0144, "bus_lcCooperative": 0.9841, "bus_lcLookaheadLeft": 46.9101, "bus_lcPushy": 0.1508, "bus_lcSigma": 0.0337, "bus_lcSpeedGainRight": 4.8772, "bus_lcSublane": 0.5059, "bus_sigma": 0.2651, "bus_tau_mean": 1.7587, "bus_tau_std": 0.2059, "bus_v_mean": 12.8636, "bus_v_std": 11.1074, "car_acc": 2.5664, "car_dcc": 1.2363, "car_lcAssertive": 17.234, "car_lcCooperative": 0.578, "car_lcLookaheadLeft": 37.8544, "car_lcPushy": 0.6202, "car_lcSigma": 0.0286, "car_lcSpeedGainRight": 4.7317, "car_lcSublane": 0.6453, "car_sigma": 0.4457, "car_tau_mean": 0.8099, "car_tau_std": 9.7995, "car_v_mean": 14.7575, "car_v_std": 17.746}, "datetime": {"datetime": "2024-08-08 10:28:05", "elapsed": 1965.604047, "delta": 2.444709}}
{"target": -0.3372969707721528, "params": {"bus_acc": 2.5391, "bus_dcc": 2.5875, "bus_lcAssertive": 85.3882, "bus_lcCooperative": 0.0137, "bus_lcLookaheadLeft": 13.1921, "bus_lcPushy": 0.1254, "bus_lcSigma": 0.481, "bus_lcSpeedGainRight": 3.5446, "bus_lcSublane": 0.9086, "bus_sigma": 0.1339, "bus_tau_mean": 2.0274, "bus_tau_std": 3.9558, "bus_v_mean": 10.1505, "bus_v_std": 18.1435, "car_acc": 1.6924, "car_dcc": 2.2694, "car_lcAssertive": 95.7961, "car_lcCooperative": 0.9184, "car_lcLookaheadLeft": 85.5702, "car_lcPushy": 0.1066, "car_lcSigma": 0.7926, "car_lcSpeedGainRight": 4.9282, "car_lcSublane": 0.8646, "car_sigma": 0.8813, "car_tau_mean": 1.4922, "car_tau_std": 4.9752, "car_v_mean": 14.2873, "car_v_std": 0.2878}, "datetime": {"datetime": "2024-08-08 10:28:08", "elapsed": 1968.367228, "delta": 2.763181}}
{"target": -0.33684645704178257, "params": {"bus_acc": 1.1474, "bus_dcc": 1.8499, "bus_lcAssertive": 35.3825, "bus_lcCooperative": 0.5599, "bus_lcLookaheadLeft": 68.8086, "bus_lcPushy": 0.476, "bus_lcSigma": 0.4492, "bus_lcSpeedGainRight": 2.8301, "bus_lcSublane": 0.0056, "bus_sigma": 0.4933, "bus_tau_mean": 1.6339, "bus_tau_std": 2.538, "bus_v_mean": 9.8489, "bus_v_std": 14.9099, "car_acc": 1.9382, "car_dcc": 2.4387, "car_lcAssertive": 31.225, "car_lcCooperative": 0.2631, "car_lcLookaheadLeft": 47.6999, "car_lcPushy": 0.0293, "car_lcSigma": 0.1321, "car_lcSpeedGainRight": 1.2658, "car_lcSublane": 0.5335, "car_sigma": 0.5575, "car_tau_mean": 3.06, "car_tau_std": 5.9811, "car_v_mean": 22.3786, "car_v_std": 4.8879}, "datetime": {"datetime": "2024-08-08 10:28:12", "elapsed": 1972.17705, "delta": 3.809822}}
{"target": -0.363878117459675, "params": {"bus_acc": 1.9063, "bus_dcc": 3.8263, "bus_lcAssertive": 84.6182, "bus_lcCooperative": 0.7529, "bus_lcLookaheadLeft": 24.1058, "bus_lcPushy": 0.0622, "bus_lcSigma": 0.9423, "bus_lcSpeedGainRight": 2.6488, "bus_lcSublane": 0.6594, "bus_sigma": 0.9087, "bus_tau_mean": 3.6021, "bus_tau_std": 9.901, "bus_v_mean": 8.8155, "bus_v_std": 17.1562, "car_acc": 2.3172, "car_dcc": 1.8881, "car_lcAssertive": 68.4486, "car_lcCooperative": 0.8436, "car_lcLookaheadLeft": 23.473, "car_lcPushy": 0.9192, "car_lcSigma": 0.8481, "car_lcSpeedGainRight": 1.139, "car_lcSublane": 0.5557, "car_sigma": 0.6254, "car_tau_mean": 1.716, "car_tau_std": 2.8561, "car_v_mean": 23.2926, "car_v_std": 7.0486}, "datetime": {"datetime": "2024-08-08 10:28:28", "elapsed": 1988.565067, "delta": 16.388017}}
{"target": -0.33884773574749405, "params": {"bus_acc": 2.681, "bus_dcc": 2.9985, "bus_lcAssertive": 5.7417, "bus_lcCooperative": 0.8367, "bus_lcLookaheadLeft": 34.4915, "bus_lcPushy": 0.5845, "bus_lcSigma": 0.6541, "bus_lcSpeedGainRight": 4.0952, "bus_lcSublane": 0.6739, "bus_sigma": 0.07, "bus_tau_mean": 0.8098, "bus_tau_std": 7.9998, "bus_v_mean": 12.2966, "bus_v_std": 16.5329, "car_acc": 2.233, "car_dcc": 1.3857, "car_lcAssertive": 31.6099, "car_lcCooperative": 0.1688, "car_lcLookaheadLeft": 73.0866, "car_lcPushy": 0.7127, "car_lcSigma": 0.9435, "car_lcSpeedGainRight": 4.0479, "car_lcSublane": 0.1639, "car_sigma": 0.4482, "car_tau_mean": 3.9319, "car_tau_std": 3.4054, "car_v_mean": 15.5235, "car_v_std": 11.326}, "datetime": {"datetime": "2024-08-08 10:28:36", "elapsed": 1996.086031, "delta": 7.520964}}
{"target": -0.3420011953278925, "params": {"bus_acc": 2.479, "bus_dcc": 2.6414, "bus_lcAssertive": 2.0832, "bus_lcCooperative": 0.3406, "bus_lcLookaheadLeft": 57.1902, "bus_lcPushy": 0.9359, "bus_lcSigma": 0.8845, "bus_lcSpeedGainRight": 4.684, "bus_lcSublane": 0.6729, "bus_sigma": 0.1747, "bus_tau_mean": 1.3096, "bus_tau_std": 2.6957, "bus_v_mean": 16.5833, "bus_v_std": 17.6185, "car_acc": 2.5668, "car_dcc": 1.3507, "car_lcAssertive": 34.9585, "car_lcCooperative": 0.6416, "car_lcLookaheadLeft": 62.0577, "car_lcPushy": 0.0946, "car_lcSigma": 0.2929, "car_lcSpeedGainRight": 1.3024, "car_lcSublane": 0.3073, "car_sigma": 0.7175, "car_tau_mean": 3.1135, "car_tau_std": 8.5578, "car_v_mean": 9.6535, "car_v_std": 16.7888}, "datetime": {"datetime": "2024-08-08 10:28:40", "elapsed": 2000.988728, "delta": 4.902697}}
{"target": -0.37010095982351016, "params": {"bus_acc": 2.2926, "bus_dcc": 1.3076, "bus_lcAssertive": 86.8085, "bus_lcCooperative": 0.0732, "bus_lcLookaheadLeft": 36.2496, "bus_lcPushy": 0.4727, "bus_lcSigma": 0.1208, "bus_lcSpeedGainRight": 4.1549, "bus_lcSublane": 0.9911, "bus_sigma": 0.9975, "bus_tau_mean": 2.008, "bus_tau_std": 7.7832, "bus_v_mean": 16.7949, "bus_v_std": 6.0739, "car_acc": 1.8887, "car_dcc": 3.2304, "car_lcAssertive": 65.3353, "car_lcCooperative": 0.715, "car_lcLookaheadLeft": 21.468, "car_lcPushy": 0.8509, "car_lcSigma": 0.1804, "car_lcSpeedGainRight": 3.6451, "car_lcSublane": 0.7862, "car_sigma": 0.4227, "car_tau_mean": 3.268, "car_tau_std": 2.5816, "car_v_mean": 19.7266, "car_v_std": 13.9966}, "datetime": {"datetime": "2024-08-08 10:28:45", "elapsed": 2005.395502, "delta": 4.406774}}
{"target": -0.3466382339059819, "params": {"bus_acc": 1.5036, "bus_dcc": 3.2981, "bus_lcAssertive": 30.152, "bus_lcCooperative": 0.8448, "bus_lcLookaheadLeft": 27.6415, "bus_lcPushy": 0.595, "bus_lcSigma": 0.8715, "bus_lcSpeedGainRight": 1.0974, "bus_lcSublane": 0.1826, "bus_sigma": 0.9655, "bus_tau_mean": 3.7205, "bus_tau_std": 8.8245, "bus_v_mean": 10.6191, "bus_v_std": 10.7916, "car_acc": 1.3677, "car_dcc": 3.7395, "car_lcAssertive": 73.975, "car_lcCooperative": 0.6201, "car_lcLookaheadLeft": 79.486, "car_lcPushy": 0.193, "car_lcSigma": 0.5845, "car_lcSpeedGainRight": 0.5176, "car_lcSublane": 0.5546, "car_sigma": 0.0767, "car_tau_mean": 2.2999, "car_tau_std": 3.2952, "car_v_mean": 16.7149, "car_v_std": 1.6024}, "datetime": {"datetime": "2024-08-08 10:28:49", "elapsed": 2009.46501, "delta": 4.069508}}
{"target": -0.3367373241468453, "params": {"bus_acc": 1.4597, "bus_dcc": 1.5304, "bus_lcAssertive": 19.1948, "bus_lcCooperative": 0.7862, "bus_lcLookaheadLeft": 59.6561, "bus_lcPushy": 0.5091, "bus_lcSigma": 0.8214, "bus_lcSpeedGainRight": 1.1704, "bus_lcSublane": 0.9255, "bus_sigma": 0.5772, "bus_tau_mean": 2.2629, "bus_tau_std": 7.0477, "bus_v_mean": 14.3935, "bus_v_std": 3.2941, "car_acc": 1.5154, "car_dcc": 1.4855, "car_lcAssertive": 19.1212, "car_lcCooperative": 0.9791, "car_lcLookaheadLeft": 79.1716, "car_lcPushy": 0.2497, "car_lcSigma": 0.3724, "car_lcSpeedGainRight": 4.6666, "car_lcSublane": 0.2929, "car_sigma": 0.0972, "car_tau_mean": 2.7901, "car_tau_std": 2.5787, "car_v_mean": 17.9389, "car_v_std": 18.5485}, "datetime": {"datetime": "2024-08-08 10:28:56", "elapsed": 2016.744187, "delta": 7.279177}}
{"target": -0.3400705643576109, "params": {"bus_acc": 2.3792, "bus_dcc": 2.4119, "bus_lcAssertive": 91.0826, "bus_lcCooperative": 0.9894, "bus_lcLookaheadLeft": 12.8928, "bus_lcPushy": 0.5945, "bus_lcSigma": 0.5823, "bus_lcSpeedGainRight": 3.463, "bus_lcSublane": 0.3911, "bus_sigma": 0.9134, "bus_tau_mean": 3.6243, "bus_tau_std": 3.0274, "bus_v_mean": 12.489, "bus_v_std": 17.8619, "car_acc": 2.3938, "car_dcc": 1.0701, "car_lcAssertive": 91.9801, "car_lcCooperative": 0.864, "car_lcLookaheadLeft": 58.825, "car_lcPushy": 0.5718, "car_lcSigma": 0.2578, "car_lcSpeedGainRight": 2.6913, "car_lcSublane": 0.8449, "car_sigma": 0.9046, "car_tau_mean": 1.9787, "car_tau_std": 4.0971, "car_v_mean": 10.5695, "car_v_std": 18.7502}, "datetime": {"datetime": "2024-08-08 10:29:00", "elapsed": 2020.63221, "delta": 3.888023}}
{"target": -0.36531213009219526, "params": {"bus_acc": 1.4552, "bus_dcc": 3.0786, "bus_lcAssertive": 96.2759, "bus_lcCooperative": 0.5704, "bus_lcLookaheadLeft": 65.6419, "bus_lcPushy": 0.4774, "bus_lcSigma": 0.1678, "bus_lcSpeedGainRight": 4.2258, "bus_lcSublane": 0.5459, "bus_sigma": 0.8379, "bus_tau_mean": 2.6693, "bus_tau_std": 7.562, "bus_v_mean": 16.6882, "bus_v_std": 7.239, "car_acc": 2.1332, "car_dcc": 1.842, "car_lcAssertive": 92.9158, "car_lcCooperative": 0.7747, "car_lcLookaheadLeft": 78.0379, "car_lcPushy": 0.2381, "car_lcSigma": 0.2608, "car_lcSpeedGainRight": 2.8234, "car_lcSublane": 0.7605, "car_sigma": 0.5925, "car_tau_mean": 3.9057, "car_tau_std": 2.8426, "car_v_mean": 11.3956, "car_v_std": 13.0927}, "datetime": {"datetime": "2024-08-08 10:29:07", "elapsed": 2027.008042, "delta": 6.375832}}
{"target": -0.32374404394057377, "params": {"bus_acc": 2.6502, "bus_dcc": 2.6975, "bus_lcAssertive": 96.8743, "bus_lcCooperative": 0.331, "bus_lcLookaheadLeft": 80.4481, "bus_lcPushy": 0.8616, "bus_lcSigma": 0.8727, "bus_lcSpeedGainRight": 4.7747, "bus_lcSublane": 0.0049, "bus_sigma": 0.2876, "bus_tau_mean": 2.101, "bus_tau_std": 4.7735, "bus_v_mean": 13.5603, "bus_v_std": 13.5253, "car_acc": 1.4326, "car_dcc": 1.1186, "car_lcAssertive": 43.1822, "car_lcCooperative": 0.7295, "car_lcLookaheadLeft": 92.251, "car_lcPushy": 0.0139, "car_lcSigma": 0.2633, "car_lcSpeedGainRight": 1.161, "car_lcSublane": 0.8796, "car_sigma": 0.048, "car_tau_mean": 3.0861, "car_tau_std": 3.8406, "car_v_mean": 22.9857, "car_v_std": 13.8682}, "datetime": {"datetime": "2024-08-08 10:29:12", "elapsed": 2032.910092, "delta": 5.90205}}
{"target": -0.3652350777413112, "params": {"bus_acc": 1.7072, "bus_dcc": 3.9355, "bus_lcAssertive": 43.719, "bus_lcCooperative": 0.5475, "bus_lcLookaheadLeft": 87.6291, "bus_lcPushy": 0.3134, "bus_lcSigma": 0.4163, "bus_lcSpeedGainRight": 1.0059, "bus_lcSublane": 0.3135, "bus_sigma": 0.4616, "bus_tau_mean": 3.4566, "bus_tau_std": 0.4356, "bus_v_mean": 20.063, "bus_v_std": 5.985, "car_acc": 2.7019, "car_dcc": 2.0947, "car_lcAssertive": 26.9379, "car_lcCooperative": 0.1455, "car_lcLookaheadLeft": 96.3927, "car_lcPushy": 0.7272, "car_lcSigma": 0.6617, "car_lcSpeedGainRight": 1.8732, "car_lcSublane": 0.688, "car_sigma": 0.4155, "car_tau_mean": 1.2323, "car_tau_std": 1.8941, "car_v_mean": 21.8101, "car_v_std": 11.3292}, "datetime": {"datetime": "2024-08-08 10:29:21", "elapsed": 2041.929901, "delta": 9.019809}}
{"target": -0.31724203985766464, "params": {"bus_acc": 2.8804, "bus_dcc": 2.1645, "bus_lcAssertive": 71.5028, "bus_lcCooperative": 0.563, "bus_lcLookaheadLeft": 75.5322, "bus_lcPushy": 0.6281, "bus_lcSigma": 0.408, "bus_lcSpeedGainRight": 4.6555, "bus_lcSublane": 0.9287, "bus_sigma": 0.6193, "bus_tau_mean": 3.3454, "bus_tau_std": 9.1455, "bus_v_mean": 8.5934, "bus_v_std": 4.7565, "car_acc": 2.4137, "car_dcc": 2.5126, "car_lcAssertive": 77.5699, "car_lcCooperative": 0.6171, "car_lcLookaheadLeft": 79.0058, "car_lcPushy": 0.718, "car_lcSigma": 0.1914, "car_lcSpeedGainRight": 1.0744, "car_lcSublane": 0.1707, "car_sigma": 0.4125, "car_tau_mean": 2.079, "car_tau_std": 4.6823, "car_v_mean": 12.9709, "car_v_std": 19.3722}, "datetime": {"datetime": "2024-08-08 10:29:26", "elapsed": 2046.472215, "delta": 4.542314}}
{"target": -0.33465933935455144, "params": {"bus_acc": 2.5577, "bus_dcc": 2.6912, "bus_lcAssertive": 11.6322, "bus_lcCooperative": 0.5992, "bus_lcLookaheadLeft": 9.2117, "bus_lcPushy": 0.2301, "bus_lcSigma": 0.4998, "bus_lcSpeedGainRight": 2.9501, "bus_lcSublane": 0.5261, "bus_sigma": 0.7522, "bus_tau_mean": 3.2219, "bus_tau_std": 4.5183, "bus_v_mean": 15.4042, "bus_v_std": 16.0336, "car_acc": 2.9086, "car_dcc": 3.8583, "car_lcAssertive": 32.08, "car_lcCooperative": 0.4378, "car_lcLookaheadLeft": 61.6517, "car_lcPushy": 0.2799, "car_lcSigma": 0.3278, "car_lcSpeedGainRight": 3.3405, "car_lcSublane": 0.8382, "car_sigma": 0.3935, "car_tau_mean": 0.7675, "car_tau_std": 6.9118, "car_v_mean": 13.7183, "car_v_std": 11.5432}, "datetime": {"datetime": "2024-08-08 10:29:30", "elapsed": 2050.524668, "delta": 4.052453}}
