{"target": -0.06866145643937802, "params": {"bus_acc": 2.6480197408246378, "bus_dcc": 2.8794884758728814, "bus_lcAssertive": 15.198881818354247, "bus_lcCooperative": 0.07838689985494796, "bus_lcLookaheadLeft": 3.7965990054747145, "bus_lcPushy": 0.06672499763935646, "bus_lcSublane": 0.4585838137084318, "bus_tau_mean": 0.8966967296865667, "bus_tau_std": 0.27783348848669953, "bus_v_mean": 20.07778370224748, "bus_v_std": 3.948504804606394, "car_acc": 2.4938769912150502, "car_dcc": 2.357214480239355, "car_lcAssertive": 45.55858795307535, "car_lcCooperative": 0.47807250671783097, "car_lcLookaheadLeft": 48.452384803095015, "car_lcPushy": 0.8031633421141696, "car_lcSublane": 0.40239251985773583, "car_tau_mean": 3.666401561202681, "car_tau_std": 0.37061047954035864, "car_v_mean": 20.3819894835267, "car_v_std": 1.2564138113773882}, "datetime": {"datetime": "2024-08-04 17:01:35", "elapsed": 0.0, "delta": 0.0}}
{"target": -0.06325772100237062, "params": {"bus_acc": 1.5114903876118624, "bus_dcc": 3.408068558899896, "bus_lcAssertive": 48.308338438789896, "bus_lcCooperative": 0.13433860865569613, "bus_lcLookaheadLeft": 92.92920129685106, "bus_lcPushy": 0.8959699670066484, "bus_lcSublane": 0.49154515001693533, "bus_tau_mean": 3.4984587378122725, "bus_tau_std": 4.185780257640986, "bus_v_mean": 18.935438402660818, "bus_v_std": 3.9799063940792245, "car_acc": 2.0114840349016205, "car_dcc": 1.568655108501782, "car_lcAssertive": 96.53390348698048, "car_lcCooperative": 0.2942156882442547, "car_lcLookaheadLeft": 12.139036499407332, "car_lcPushy": 0.1443154002290481, "car_lcSublane": 0.014092294192442956, "car_tau_mean": 3.005809948118381, "car_tau_std": 5.644983202408741, "car_v_mean": 20.713253618956035, "car_v_std": 5.070799232841364}, "datetime": {"datetime": "2024-08-04 17:02:08", "elapsed": 32.92901, "delta": 32.92901}}
{"target": -0.058045689016539254, "params": {"bus_acc": 2.6174306963705796, "bus_dcc": 3.7010200135319855, "bus_lcAssertive": 2.1473693515796235, "bus_lcCooperative": 0.37976443303399476, "bus_lcLookaheadLeft": 25.08115174776719, "bus_lcPushy": 0.2959350518874113, "bus_lcSublane": 0.7379954964038409, "bus_tau_mean": 3.0342969570242593, "bus_tau_std": 4.6179941019906146, "bus_v_mean": 13.8443913793135, "bus_v_std": 5.8469161300452575, "car_acc": 2.0674155092685527, "car_dcc": 2.651738677023586, "car_lcAssertive": 61.93223004035112, "car_lcCooperative": 0.39564827226754884, "car_lcLookaheadLeft": 77.62841127671491, "car_lcPushy": 0.2512031833493866, "car_lcSublane": 0.655760767903366, "car_tau_mean": 3.8613900187700634, "car_tau_std": 0.03554760464426043, "car_v_mean": 19.5737767103089, "car_v_std": 1.0899503392964371}, "datetime": {"datetime": "2024-08-04 17:02:12", "elapsed": 37.286847, "delta": 4.357837}}
{"target": -0.062184173874213725, "params": {"bus_acc": 1.954875911184434, "bus_dcc": 2.4023796761361083, "bus_lcAssertive": 84.14423030956907, "bus_lcCooperative": 0.8701023653075677, "bus_lcLookaheadLeft": 82.04188850892314, "bus_lcPushy": 0.8778014186346996, "bus_lcSublane": 0.5710087619370731, "bus_tau_mean": 3.874126466686786, "bus_tau_std": 6.065443482504676, "bus_v_mean": 17.663163857274903, "bus_v_std": 3.1929773707461884, "car_acc": 2.362408368234038, "car_dcc": 1.155897065516083, "car_lcAssertive": 14.320095680182282, "car_lcCooperative": 0.13024216757276508, "car_lcLookaheadLeft": 66.2097261480241, "car_lcPushy": 0.1753325917713383, "car_lcSublane": 0.3411468232515472, "car_tau_mean": 0.655090795415866, "car_tau_std": 2.337343601165106, "car_v_mean": 23.427589197588706, "car_v_std": 5.091394025163677}, "datetime": {"datetime": "2024-08-04 17:02:24", "elapsed": 49.329452, "delta": 12.042605}}
{"target": -0.06628550637988068, "params": {"bus_acc": 1.7620322481244284, "bus_dcc": 3.2495749321784304, "bus_lcAssertive": 51.603006351415694, "bus_lcCooperative": 0.5409518049621886, "bus_lcLookaheadLeft": 96.02456346405174, "bus_lcPushy": 0.8039608914986468, "bus_lcSublane": 0.03232306662357398, "bus_tau_mean": 2.982855379309533, "bus_tau_std": 4.6500148156350605, "bus_v_mean": 23.1607830623216, "bus_v_std": 2.214327343234883, "car_acc": 1.5341440393687316, "car_dcc": 1.244421894631786, "car_lcAssertive": 43.43326403771486, "car_lcCooperative": 0.10901876401906829, "car_lcLookaheadLeft": 64.11110253996796, "car_lcPushy": 0.8029632373737379, "car_lcSublane": 0.6968004961201785, "car_tau_mean": 3.1817398337651968, "car_tau_std": 3.424541198435198, "car_v_mean": 21.53362372844284, "car_v_std": 4.287687749994426}, "datetime": {"datetime": "2024-08-04 17:02:29", "elapsed": 54.447251, "delta": 5.117799}}
{"target": -0.05895233950282386, "params": {"bus_acc": 2.1228193674369633, "bus_dcc": 3.20176940885463, "bus_lcAssertive": 9.659803456319308, "bus_lcCooperative": 0.3997549876808645, "bus_lcLookaheadLeft": 29.40287558608519, "bus_lcPushy": 0.42351005310518297, "bus_lcSublane": 0.49797863267328835, "bus_tau_mean": 2.810053282341179, "bus_tau_std": 4.962361389702792, "bus_v_mean": 17.927491209683048, "bus_v_std": 5.824398618892226, "car_acc": 1.8566647960777127, "car_dcc": 1.0149290941337963, "car_lcAssertive": 20.25712497210058, "car_lcCooperative": 0.3202066542862888, "car_lcLookaheadLeft": 16.403856333783267, "car_lcPushy": 0.5986638816064357, "car_lcSublane": 0.6114994766596024, "car_tau_mean": 2.2503264085892534, "car_tau_std": 3.2084890160086452, "car_v_mean": 18.45212883239127, "car_v_std": 1.9028348267904371}, "datetime": {"datetime": "2024-08-04 17:02:49", "elapsed": 74.054147, "delta": 19.606896}}
{"target": -0.06780752110100899, "params": {"bus_acc": 2.4655397065227334, "bus_dcc": 2.321013480389313, "bus_lcAssertive": 66.65252546531458, "bus_lcCooperative": 0.23890995487021205, "bus_lcLookaheadLeft": 99.86271068147504, "bus_lcPushy": 0.24287852161976753, "bus_lcSublane": 0.9408284143815248, "bus_tau_mean": 1.2602691263685628, "bus_tau_std": 4.975643846050675, "bus_v_mean": 21.138831438283773, "bus_v_std": 7.165880467947342, "car_acc": 2.411160824241338, "car_dcc": 2.321321679927154, "car_lcAssertive": 75.66332752006078, "car_lcCooperative": 0.9199535770148588, "car_lcLookaheadLeft": 45.25247104095211, "car_lcPushy": 0.5279654841547008, "car_lcSublane": 0.06603558401663734, "car_tau_mean": 1.8677057578474243, "car_tau_std": 4.672385663332459, "car_v_mean": 22.322203372857174, "car_v_std": 1.1055744025544123}, "datetime": {"datetime": "2024-08-04 17:02:56", "elapsed": 80.870792, "delta": 6.816645}}
{"target": -0.056547226989805396, "params": {"bus_acc": 1.3196673006881867, "bus_dcc": 1.6078063756589878, "bus_lcAssertive": 43.686993760876724, "bus_lcCooperative": 0.40420190577514725, "bus_lcLookaheadLeft": 16.381645114900824, "bus_lcPushy": 0.7293189193611234, "bus_lcSublane": 0.18874506687718595, "bus_tau_mean": 2.75363475509082, "bus_tau_std": 7.543059505762987, "bus_v_mean": 11.371718273333132, "bus_v_std": 6.0095424810764, "car_acc": 2.497856750491673, "car_dcc": 2.9146561318610003, "car_lcAssertive": 60.115602991718255, "car_lcCooperative": 0.29548228565549706, "car_lcLookaheadLeft": 73.69743418166786, "car_lcPushy": 0.9453084399999497, "car_lcSublane": 0.42556139026154693, "car_tau_mean": 3.2376363589099184, "car_tau_std": 0.561410396619153, "car_v_mean": 21.364345639839456, "car_v_std": 1.922500168221477}, "datetime": {"datetime": "2024-08-04 17:02:59", "elapsed": 83.718886, "delta": 2.848094}}
{"target": -0.06525778677934654, "params": {"bus_acc": 2.2335567140033152, "bus_dcc": 3.8470489620628494, "bus_lcAssertive": 95.06743580546089, "bus_lcCooperative": 0.5566531881951564, "bus_lcLookaheadLeft": 91.7294222770949, "bus_lcPushy": 0.6415662089463375, "bus_lcSublane": 0.39000771414124624, "bus_tau_mean": 2.2009673348391843, "bus_tau_std": 6.0431048291997325, "bus_v_mean": 16.792766744137, "bus_v_std": 9.261814267064537, "car_acc": 2.837466871267212, "car_dcc": 2.1846268387706647, "car_lcAssertive": 96.36299031563047, "car_lcCooperative": 0.17395566668046436, "car_lcLookaheadLeft": 14.380292905084458, "car_lcPushy": 0.13507915804673132, "car_lcSublane": 0.5056621656768967, "car_tau_mean": 0.575336818459693, "car_tau_std": 9.47970211217681, "car_v_mean": 21.23384753873172, "car_v_std": 0.1501898074212238}, "datetime": {"datetime": "2024-08-04 17:03:26", "elapsed": 111.464323, "delta": 27.745437}}
{"target": -0.05741901682835359, "params": {"bus_acc": 2.660799140074679, "bus_dcc": 2.947462591337434, "bus_lcAssertive": 67.69614396596454, "bus_lcCooperative": 0.5784995797892005, "bus_lcLookaheadLeft": 28.86373796635151, "bus_lcPushy": 0.5605299905360588, "bus_lcSublane": 0.6717297848174203, "bus_tau_mean": 1.733503705757431, "bus_tau_std": 8.558283672539277, "bus_v_mean": 11.120599776139317, "bus_v_std": 7.473208103319232, "car_acc": 1.5792054923737548, "car_dcc": 3.321397861732546, "car_lcAssertive": 43.34599560427154, "car_lcCooperative": 0.8076984091122095, "car_lcLookaheadLeft": 36.64641654146306, "car_lcPushy": 0.21369323762958115, "car_lcSublane": 0.7672845084217665, "car_tau_mean": 1.580246816707279, "car_tau_std": 7.332450677264275, "car_v_mean": 19.911570449243712, "car_v_std": 2.213967009082011}, "datetime": {"datetime": "2024-08-04 17:03:33", "elapsed": 117.774929, "delta": 6.310606}}
{"target": -0.05388446353118102, "params": {"bus_acc": 2.2171308739471174, "bus_dcc": 1.754978752456971, "bus_lcAssertive": 30.316862426094534, "bus_lcCooperative": 0.5329225590316532, "bus_lcLookaheadLeft": 96.28366485901516, "bus_lcPushy": 0.18449560449017766, "bus_lcSublane": 0.509898378143109, "bus_tau_mean": 1.7032583620289554, "bus_tau_std": 7.697253449571857, "bus_v_mean": 20.845863782918784, "bus_v_std": 4.245599103022166, "car_acc": 1.4082449999886717, "car_dcc": 1.201268380986566, "car_lcAssertive": 20.666178177635587, "car_lcCooperative": 0.2724008501293822, "car_lcLookaheadLeft": 60.68131395510262, "car_lcPushy": 0.8730834972744356, "car_lcSublane": 0.1282309388454863, "car_tau_mean": 3.853660596002136, "car_tau_std": 6.831708438541465, "car_v_mean": 19.871427770854083, "car_v_std": 9.828807859209906}, "datetime": {"datetime": "2024-08-04 17:03:44", "elapsed": 129.457657, "delta": 11.682728}}
{"target": -0.05817338808662931, "params": {"bus_acc": 1.22249134513487, "bus_dcc": 3.2741849743993257, "bus_lcAssertive": 85.34263135744226, "bus_lcCooperative": 0.8442498595694283, "bus_lcLookaheadLeft": 89.26966957638477, "bus_lcPushy": 0.38184239675576115, "bus_lcSublane": 0.44380519836651855, "bus_tau_mean": 0.8555351658115816, "bus_tau_std": 2.2580692243123512, "bus_v_mean": 23.541127508371375, "bus_v_std": 2.846239689687354, "car_acc": 2.8147922844819946, "car_dcc": 3.6716568591349334, "car_lcAssertive": 92.32794522877894, "car_lcCooperative": 0.15614956444079475, "car_lcLookaheadLeft": 88.21277006313532, "car_lcPushy": 0.6319949504631371, "car_lcSublane": 0.21062817841880244, "car_tau_mean": 1.707905701730284, "car_tau_std": 1.5991878858928321, "car_v_mean": 15.109570519138035, "car_v_std": 0.8377495384546052}, "datetime": {"datetime": "2024-08-04 17:03:44", "elapsed": 129.660243, "delta": 0.202586}}
{"target": -0.06664175262880215, "params": {"bus_acc": 1.9230425064942291, "bus_dcc": 1.843903817610434, "bus_lcAssertive": 3.8676524316119494, "bus_lcCooperative": 0.8846818943092944, "bus_lcLookaheadLeft": 77.55852507955886, "bus_lcPushy": 0.32973507924426093, "bus_lcSublane": 0.796558587536711, "bus_tau_mean": 1.6362341277104882, "bus_tau_std": 3.0788244381764676, "bus_v_mean": 22.84974525601162, "bus_v_std": 9.769161619458501, "car_acc": 2.0471106094337856, "car_dcc": 3.8558055027037748, "car_lcAssertive": 88.91165289871999, "car_lcCooperative": 0.5180325615944087, "car_lcLookaheadLeft": 38.52938260555359, "car_lcPushy": 0.7103545783196094, "car_lcSublane": 0.455643424642054, "car_tau_mean": 2.618245132931245, "car_tau_std": 9.904061968899466, "car_v_mean": 20.382659999303495, "car_v_std": 3.3427640499382627}, "datetime": {"datetime": "2024-08-04 17:03:50", "elapsed": 135.255024, "delta": 5.594781}}
{"target": -0.0629739703070343, "params": {"bus_acc": 1.9034662973829506, "bus_dcc": 2.1263044995035734, "bus_lcAssertive": 97.55965339275836, "bus_lcCooperative": 0.1679832931996149, "bus_lcLookaheadLeft": 97.33318400940021, "bus_lcPushy": 0.7674748688630131, "bus_lcSublane": 0.8242378396244978, "bus_tau_mean": 2.7141553587229903, "bus_tau_std": 6.6873277020673205, "bus_v_mean": 15.630117336339094, "bus_v_std": 0.13136356923072245, "car_acc": 1.7060121710836496, "car_dcc": 2.4762154044806755, "car_lcAssertive": 73.27902989792032, "car_lcCooperative": 0.4686283427461092, "car_lcLookaheadLeft": 46.825681776764306, "car_lcPushy": 0.13766274094560316, "car_lcSublane": 0.01088873380347899, "car_tau_mean": 3.1539739116694867, "car_tau_std": 3.199528380776784, "car_v_mean": 23.75013520309617, "car_v_std": 2.2023422615915598}, "datetime": {"datetime": "2024-08-04 17:03:56", "elapsed": 141.210935, "delta": 5.955911}}
{"target": -0.062314485226593594, "params": {"bus_acc": 1.5073716137753603, "bus_dcc": 1.558467009209992, "bus_lcAssertive": 47.71008721102208, "bus_lcCooperative": 0.9818244178252573, "bus_lcLookaheadLeft": 15.024811290859054, "bus_lcPushy": 0.28346243242805713, "bus_lcSublane": 0.800641174283456, "bus_tau_mean": 2.826719144787642, "bus_tau_std": 2.7875840869343707, "bus_v_mean": 13.03436170840179, "bus_v_std": 4.199482544019291, "car_acc": 2.205573524484592, "car_dcc": 3.1580163016632263, "car_lcAssertive": 85.87273301167184, "car_lcCooperative": 0.6811114704584097, "car_lcLookaheadLeft": 25.224242318226437, "car_lcPushy": 0.92572053533626, "car_lcSublane": 0.7811954006757661, "car_tau_mean": 1.575835181497455, "car_tau_std": 3.049656416420632, "car_v_mean": 22.098693094862476, "car_v_std": 1.260784803971985}, "datetime": {"datetime": "2024-08-04 17:03:59", "elapsed": 144.390818, "delta": 3.179883}}
{"target": -0.062000703274774666, "params": {"bus_acc": 2.6250146083493435, "bus_dcc": 1.8514055048406228, "bus_lcAssertive": 53.25683281567799, "bus_lcCooperative": 0.3394167240176095, "bus_lcLookaheadLeft": 56.35739645719134, "bus_lcPushy": 0.9744034689130026, "bus_lcSublane": 0.3117029177189814, "bus_tau_mean": 2.840788120730044, "bus_tau_std": 3.2596720730898587, "bus_v_mean": 20.391636256241274, "bus_v_std": 3.2580996661320483, "car_acc": 2.77965468289475, "car_dcc": 3.2551231627578003, "car_lcAssertive": 76.50057744906596, "car_lcCooperative": 0.46947902855992574, "car_lcLookaheadLeft": 22.654921241933128, "car_lcPushy": 0.041475079576498874, "car_lcSublane": 0.3218287999702445, "car_tau_mean": 0.6298943257289804, "car_tau_std": 6.938554113738997, "car_v_mean": 18.725600510978694, "car_v_std": 4.30471782744975}, "datetime": {"datetime": "2024-08-04 17:04:17", "elapsed": 161.929172, "delta": 17.538354}}
{"target": -0.04969888423379505, "params": {"bus_acc": 1.3851120419101368, "bus_dcc": 3.2587777449398265, "bus_lcAssertive": 1.724577963458516, "bus_lcCooperative": 0.32825610365078084, "bus_lcLookaheadLeft": 91.92542206915053, "bus_lcPushy": 0.5883673328938768, "bus_lcSublane": 0.8551902839041353, "bus_tau_mean": 2.616352183222157, "bus_tau_std": 8.22578152523871, "bus_v_mean": 22.07173637486907, "bus_v_std": 3.209863745244532, "car_acc": 1.245909543104357, "car_dcc": 3.1639100325597127, "car_lcAssertive": 44.594361596292586, "car_lcCooperative": 0.1267357091420086, "car_lcLookaheadLeft": 59.80271751476914, "car_lcPushy": 0.03606831456985993, "car_lcSublane": 0.20018211641098693, "car_tau_mean": 3.259054163837891, "car_tau_std": 0.12096760015357866, "car_v_mean": 12.853530747337105, "car_v_std": 0.21375961088070716}, "datetime": {"datetime": "2024-08-04 17:04:19", "elapsed": 164.336309, "delta": 2.407137}}
{"target": -0.05788498033095267, "params": {"bus_acc": 2.1992720168474333, "bus_dcc": 3.066535777055995, "bus_lcAssertive": 49.61988616912532, "bus_lcCooperative": 0.08817368124218106, "bus_lcLookaheadLeft": 25.037608395244693, "bus_lcPushy": 0.461602080891622, "bus_lcSublane": 0.19859150305392625, "bus_tau_mean": 0.589166825225871, "bus_tau_std": 7.293976982561526, "bus_v_mean": 19.598667955505906, "bus_v_std": 3.3039174636170277, "car_acc": 2.686988252127311, "car_dcc": 2.28532742785322, "car_lcAssertive": 86.6039283315899, "car_lcCooperative": 0.6570654246228895, "car_lcLookaheadLeft": 58.94149442697284, "car_lcPushy": 0.200727488035091, "car_lcSublane": 0.5295466104783949, "car_tau_mean": 3.630513464496503, "car_tau_std": 3.0499397583521604, "car_v_mean": 21.935129746576855, "car_v_std": 9.087452728583882}, "datetime": {"datetime": "2024-08-04 17:04:19", "elapsed": 164.53794, "delta": 0.201631}}
{"target": -0.061359439173913094, "params": {"bus_acc": 1.6605538730501619, "bus_dcc": 3.0921066268394184, "bus_lcAssertive": 27.59636226671643, "bus_lcCooperative": 0.8082780137053801, "bus_lcLookaheadLeft": 30.938301851185084, "bus_lcPushy": 0.5441213835853572, "bus_lcSublane": 0.4879214918052024, "bus_tau_mean": 3.493747444083794, "bus_tau_std": 8.883864343953858, "bus_v_mean": 10.950151077884268, "bus_v_std": 5.853484589382511, "car_acc": 2.7964100920342743, "car_dcc": 2.338351657103289, "car_lcAssertive": 92.26496224289772, "car_lcCooperative": 0.2789908904569709, "car_lcLookaheadLeft": 61.66545507099198, "car_lcPushy": 0.6824537097668154, "car_lcSublane": 0.2282057333504841, "car_tau_mean": 0.5481862939520088, "car_tau_std": 4.167239623706961, "car_v_mean": 23.015710269707746, "car_v_std": 3.4302810983040652}, "datetime": {"datetime": "2024-08-04 17:04:35", "elapsed": 179.71928, "delta": 15.18134}}
{"target": -0.056869665139646565, "params": {"bus_acc": 2.1557144305690707, "bus_dcc": 1.552030604882395, "bus_lcAssertive": 79.00499414872492, "bus_lcCooperative": 0.6120311770449339, "bus_lcLookaheadLeft": 7.2831086632277895, "bus_lcPushy": 0.4201936800011322, "bus_lcSublane": 0.6790688365654296, "bus_tau_mean": 3.7151062229213405, "bus_tau_std": 0.004020248913574331, "bus_v_mean": 23.628146384496954, "bus_v_std": 3.7658031474577447, "car_acc": 2.947567076716645, "car_dcc": 2.8141483029221592, "car_lcAssertive": 83.05573499008861, "car_lcCooperative": 0.5747115047081023, "car_lcLookaheadLeft": 63.55146743412034, "car_lcPushy": 0.28557628169569393, "car_lcSublane": 0.586833340656083, "car_tau_mean": 3.12507617295931, "car_tau_std": 8.583138364290424, "car_v_mean": 20.081315015482883, "car_v_std": 6.98057248447303}, "datetime": {"datetime": "2024-08-04 17:04:37", "elapsed": 181.877984, "delta": 2.158704}}
{"target": -0.05426221462531151, "params": {"bus_acc": 2.249642588370998, "bus_dcc": 3.5651251640420543, "bus_lcAssertive": 28.9318053920812, "bus_lcCooperative": 0.8837555081806009, "bus_lcLookaheadLeft": 57.63365235167663, "bus_lcPushy": 0.11510304096690338, "bus_lcSublane": 0.22700116521465796, "bus_tau_mean": 2.585938349645548, "bus_tau_std": 2.3944623690468037, "bus_v_mean": 10.102650568599369, "bus_v_std": 1.6184771412383514, "car_acc": 2.689745036471478, "car_dcc": 2.8065509616781323, "car_lcAssertive": 96.39314163164585, "car_lcCooperative": 0.34567921329602547, "car_lcLookaheadLeft": 60.37125961722507, "car_lcPushy": 0.5989852889734197, "car_lcSublane": 0.6157042872039488, "car_tau_mean": 0.7071202251500284, "car_tau_std": 7.503171845746859, "car_v_mean": 23.171351971002004, "car_v_std": 5.3467905717958875}, "datetime": {"datetime": "2024-08-04 17:04:40", "elapsed": 184.739564, "delta": 2.86158}}
{"target": -0.052521402507824555, "params": {"bus_acc": 1.2890910802493196, "bus_dcc": 3.2545834514057317, "bus_lcAssertive": 22.982864840192345, "bus_lcCooperative": 0.519351824366033, "bus_lcLookaheadLeft": 78.95901076571866, "bus_lcPushy": 0.02233042799180618, "bus_lcSublane": 0.3243624597261865, "bus_tau_mean": 3.5552283174003887, "bus_tau_std": 8.447096076020696, "bus_v_mean": 16.6150494815127, "bus_v_std": 8.66608274166513, "car_acc": 2.899611982707253, "car_dcc": 3.479220992888024, "car_lcAssertive": 85.55742893981733, "car_lcCooperative": 0.09874340182034835, "car_lcLookaheadLeft": 65.82782456941712, "car_lcPushy": 0.703516988152653, "car_lcSublane": 0.6102408126466297, "car_tau_mean": 3.2986534160760983, "car_tau_std": 0.3457121987163425, "car_v_mean": 20.32381975287968, "car_v_std": 7.3172860073952695}, "datetime": {"datetime": "2024-08-04 17:04:43", "elapsed": 188.530209, "delta": 3.790645}}
{"target": -0.05370494697013466, "params": {"bus_acc": 1.8271834356035286, "bus_dcc": 1.4179035139711802, "bus_lcAssertive": 38.34451147353914, "bus_lcCooperative": 0.4244374662396153, "bus_lcLookaheadLeft": 48.35056528228128, "bus_lcPushy": 0.4228418130386131, "bus_lcSublane": 0.10275656387416432, "bus_tau_mean": 3.204030933210404, "bus_tau_std": 1.372060034899114, "bus_v_mean": 14.788677989212992, "bus_v_std": 2.719561124527795, "car_acc": 1.6020158861598126, "car_dcc": 3.0172623177592977, "car_lcAssertive": 52.260885657528036, "car_lcCooperative": 0.19008705047994057, "car_lcLookaheadLeft": 47.975175103670956, "car_lcPushy": 0.3395408687963035, "car_lcSublane": 0.7044971982481261, "car_tau_mean": 1.2913332085139215, "car_tau_std": 8.449881373583452, "car_v_mean": 16.419674638266088, "car_v_std": 5.006195729230891}, "datetime": {"datetime": "2024-08-04 17:04:45", "elapsed": 190.538681, "delta": 2.008472}}
