{"target": -0.4203977057758871, "params": {"bus_acc": 1.7190689906396155, "bus_dcc": 2.4411393901063185, "bus_lcAssertive": 61.863513500498584, "bus_lcCooperative": 0.28555714521016284, "bus_lcLookaheadLeft": 51.27179863963829, "bus_lcPushy": 0.27854611291025044, "bus_lcSigma": 0.5723898542085633, "bus_lcSpeedGainRight": 1.7114470199284737, "bus_lcSublane": 0.8391609586557156, "bus_sigma": 0.6859128057753072, "bus_tau_mean": 3.356447365712495, "bus_tau_std": 1.5424606741962144, "bus_v_mean": 10.963098426266486, "bus_v_std": 10.851895621328378, "car_acc": 1.1227965178172588, "car_dcc": 2.6141755551171766, "car_lcAssertive": 34.26370311736991, "car_lcCooperative": 0.3244543273796573, "car_lcLookaheadLeft": 24.525612535231957, "car_lcPushy": 0.004686739606387769, "car_lcSigma": 0.6870733460577697, "car_lcSpeedGainRight": 3.7639059624446847, "car_lcSublane": 0.33828341597252176, "car_sigma": 0.4698036185469243, "car_tau_mean": 3.290837958932752, "car_tau_std": 6.474677389552546, "car_v_mean": 8.36765074852154, "car_v_std": 5.67944970897194}, "datetime": {"datetime": "2024-08-08 00:11:28", "elapsed": 507.393208, "delta": 0.989432}}
{"target": -0.3479985304429598, "params": {"bus_acc": 2.386389116756776, "bus_dcc": 2.7624534380512276, "bus_lcAssertive": 64.53316890252607, "bus_lcCooperative": 0.37408018773825613, "bus_lcLookaheadLeft": 28.9952786117102, "bus_lcPushy": 0.5094085814387623, "bus_lcSigma": 0.8858231171497215, "bus_lcSpeedGainRight": 2.8264483518278416, "bus_lcSublane": 0.6631488914643168, "bus_sigma": 0.44137923095350085, "bus_tau_mean": 3.9024868049250827, "bus_tau_std": 7.425224523517098, "bus_v_mean": 13.678440173612374, "bus_v_std": 13.070620653273188, "car_acc": 2.085232823743441, "car_dcc": 3.652168637136058, "car_lcAssertive": 28.230351055475758, "car_lcCooperative": 0.10806748517233733, "car_lcLookaheadLeft": 20.74466107063467, "car_lcPushy": 0.38704623260508586, "car_lcSigma": 0.8540597949343145, "car_lcSpeedGainRight": 1.354224569179583, "car_lcSublane": 0.6263588032086836, "car_sigma": 0.6235518010455583, "car_tau_mean": 1.9281649737177504, "car_tau_std": 0.5033512965945175, "car_v_mean": 19.917341968519885, "car_v_std": 5.914510688477623}, "datetime": {"datetime": "2024-08-08 00:11:29", "elapsed": 508.409392, "delta": 1.016184}}
{"target": -0.35417462780670367, "params": {"bus_acc": 1.9540259888045264, "bus_dcc": 2.3466365101202964, "bus_lcAssertive": 88.71379914536978, "bus_lcCooperative": 0.5276187723115614, "bus_lcLookaheadLeft": 42.090901527852274, "bus_lcPushy": 0.26889202221264585, "bus_lcSigma": 0.07201203516976995, "bus_lcSpeedGainRight": 2.090680668626579, "bus_lcSublane": 0.025753482406583372, "bus_sigma": 0.29115394055242805, "bus_tau_mean": 2.2622832844693876, "bus_tau_std": 9.659330650197223, "bus_v_mean": 9.750126627097353, "bus_v_std": 13.460821084332439, "car_acc": 1.9998647421984, "car_dcc": 3.331294687827349, "car_lcAssertive": 15.217092789546719, "car_lcCooperative": 0.08320263643587555, "car_lcLookaheadLeft": 41.12342332454047, "car_lcPushy": 0.7969622519799001, "car_lcSigma": 0.1916757389098901, "car_lcSpeedGainRight": 3.83888596073637, "car_lcSublane": 0.2902979970618682, "car_sigma": 0.21689148761179533, "car_tau_mean": 0.5585045617695226, "car_tau_std": 3.986590599223787, "car_v_mean": 14.097303860695238, "car_v_std": 13.186898723907294}, "datetime": {"datetime": "2024-08-08 00:11:32", "elapsed": 511.711982, "delta": 3.30259}}
{"target": -0.36174307131379096, "params": {"bus_acc": 1.236385258694077, "bus_dcc": 3.5109933466405367, "bus_lcAssertive": 74.66945621558399, "bus_lcCooperative": 0.5905205476471171, "bus_lcLookaheadLeft": 25.803374346557327, "bus_lcPushy": 0.6232471451875841, "bus_lcSigma": 0.638355320741173, "bus_lcSpeedGainRight": 1.6378472205616257, "bus_lcSublane": 0.06748934306754228, "bus_sigma": 0.8805385975643267, "bus_tau_mean": 2.1098485587599045, "bus_tau_std": 7.638727180664299, "bus_v_mean": 12.062217935083835, "bus_v_std": 11.827743645350337, "car_acc": 1.8575903206975954, "car_dcc": 2.1463019276474187, "car_lcAssertive": 13.544625000845354, "car_lcCooperative": 0.24426666320897583, "car_lcLookaheadLeft": 9.775475129915257, "car_lcPushy": 0.3028583047175786, "car_lcSigma": 0.7417048002315554, "car_lcSpeedGainRight": 3.0750786248552444, "car_lcSublane": 0.6724110989339258, "car_sigma": 0.00838307952503159, "car_tau_mean": 2.8743194028796197, "car_tau_std": 5.031806905428871, "car_v_mean": 11.694535207746867, "car_v_std": 3.4979301796384443}, "datetime": {"datetime": "2024-08-08 00:11:33", "elapsed": 512.657277, "delta": 0.945295}}
{"target": -0.388607246575414, "params": {"bus_acc": 1.2236484795032156, "bus_dcc": 2.5931420637616664, "bus_lcAssertive": 81.53913136901502, "bus_lcCooperative": 0.37629418365689815, "bus_lcLookaheadLeft": 45.685903574923074, "bus_lcPushy": 0.7509025596645666, "bus_lcSigma": 0.09834637894842024, "bus_lcSpeedGainRight": 1.8026315249823044, "bus_lcSublane": 0.5637062552864558, "bus_sigma": 0.23858559594258377, "bus_tau_mean": 3.439838201027115, "bus_tau_std": 7.658509922899394, "bus_v_mean": 23.44868127347742, "bus_v_std": 10.459761500274574, "car_acc": 1.2130493159811861, "car_dcc": 3.809851069184461, "car_lcAssertive": 83.58936296013856, "car_lcCooperative": 0.5444181610032376, "car_lcLookaheadLeft": 83.9576231837696, "car_lcPushy": 0.8816909193539424, "car_lcSigma": 0.7760811373668977, "car_lcSpeedGainRight": 2.856269885212087, "car_lcSublane": 0.6152987214660823, "car_sigma": 0.8443906826433587, "car_tau_mean": 2.677758227098768, "car_tau_std": 2.0647995918763162, "car_v_mean": 19.063814776863516, "car_v_std": 10.640275001547632}, "datetime": {"datetime": "2024-08-08 00:11:34", "elapsed": 513.516792, "delta": 0.859515}}
{"target": -0.41158040360387466, "params": {"bus_acc": 1.4380479091062015, "bus_dcc": 2.657915640442689, "bus_lcAssertive": 43.847939505681964, "bus_lcCooperative": 0.8080551045114243, "bus_lcLookaheadLeft": 15.579818929382006, "bus_lcPushy": 0.1908699211658358, "bus_lcSigma": 0.5675125045623979, "bus_lcSpeedGainRight": 1.0497584169107343, "bus_lcSublane": 0.8799926485544707, "bus_sigma": 0.5783530045146132, "bus_tau_mean": 3.691142867411994, "bus_tau_std": 7.6434158236064835, "bus_v_mean": 15.59909022581743, "bus_v_std": 13.848165968699831, "car_acc": 1.1196044025159673, "car_dcc": 2.8937755937690652, "car_lcAssertive": 98.42067917397048, "car_lcCooperative": 0.11938448022986414, "car_lcLookaheadLeft": 46.253534047303354, "car_lcPushy": 0.018533944700378835, "car_lcSigma": 0.6881278584235981, "car_lcSpeedGainRight": 0.09711315722339797, "car_lcSublane": 0.4552722202285313, "car_sigma": 0.21915041016568249, "car_tau_mean": 3.3252542363392843, "car_tau_std": 6.456374067585068, "car_v_mean": 18.66030126230499, "car_v_std": 10.997822125160974}, "datetime": {"datetime": "2024-08-08 00:11:35", "elapsed": 514.283092, "delta": 0.7663}}
{"target": -0.38596061865747133, "params": {"bus_acc": 1.5586406712326637, "bus_dcc": 3.7476361692019005, "bus_lcAssertive": 20.624996730805222, "bus_lcCooperative": 0.28571649537130284, "bus_lcLookaheadLeft": 6.670161087028536, "bus_lcPushy": 0.44757914405063814, "bus_lcSigma": 0.5575878151711118, "bus_lcSpeedGainRight": 2.867805412885476, "bus_lcSublane": 0.905377379959673, "bus_sigma": 0.34741393280060506, "bus_tau_mean": 2.0663493285693932, "bus_tau_std": 8.512376625014975, "bus_v_mean": 17.229268851712398, "bus_v_std": 13.079858697554673, "car_acc": 1.556718660788632, "car_dcc": 2.4624139048775473, "car_lcAssertive": 62.47428637046675, "car_lcCooperative": 0.13339403014523998, "car_lcLookaheadLeft": 5.225054226068378, "car_lcPushy": 0.11341100113082614, "car_lcSigma": 0.47746107633965307, "car_lcSpeedGainRight": 0.12013367315404255, "car_lcSublane": 0.6262089291372217, "car_sigma": 0.09758261797608447, "car_tau_mean": 1.37836538200686, "car_tau_std": 4.264929458562184, "car_v_mean": 9.853227947299985, "car_v_std": 5.411039875949328}, "datetime": {"datetime": "2024-08-08 00:11:36", "elapsed": 515.21465, "delta": 0.931558}}
{"target": -0.38366131403203957, "params": {"bus_acc": 1.568050717410545, "bus_dcc": 1.8481651896179816, "bus_lcAssertive": 39.80541518182415, "bus_lcCooperative": 0.5354573610136704, "bus_lcLookaheadLeft": 77.74276561570167, "bus_lcPushy": 0.9616582544972533, "bus_lcSigma": 0.1503856378108287, "bus_lcSpeedGainRight": 1.9739507072199525, "bus_lcSublane": 0.16274026017521503, "bus_sigma": 0.8366421548115258, "bus_tau_mean": 0.7968084582452513, "bus_tau_std": 8.562857216543666, "bus_v_mean": 19.85352251400746, "bus_v_std": 17.166730168115922, "car_acc": 2.7798404196442394, "car_dcc": 1.4523299381044483, "car_lcAssertive": 56.111918384901564, "car_lcCooperative": 0.30251760999648636, "car_lcLookaheadLeft": 28.579873220066027, "car_lcPushy": 0.01643437559277483, "car_lcSigma": 0.515180771178199, "car_lcSpeedGainRight": 0.09524699808784176, "car_lcSublane": 0.8982285778096194, "car_sigma": 0.26698169143426786, "car_tau_mean": 2.2268069194237308, "car_tau_std": 6.364175239710727, "car_v_mean": 8.02399610947146, "car_v_std": 2.2647789209641656}, "datetime": {"datetime": "2024-08-08 00:11:40", "elapsed": 519.379311, "delta": 4.164661}}
{"target": -0.33164108017706206, "params": {"bus_acc": 1.596788057201658, "bus_dcc": 2.4710849760985543, "bus_lcAssertive": 20.36274494273748, "bus_lcCooperative": 0.6808265089096738, "bus_lcLookaheadLeft": 83.42096238692065, "bus_lcPushy": 0.22040678596533647, "bus_lcSigma": 0.007808669093839371, "bus_lcSpeedGainRight": 1.2545215422939187, "bus_lcSublane": 0.6276363022375808, "bus_sigma": 0.31081682723744186, "bus_tau_mean": 3.426721484084727, "bus_tau_std": 8.527391992878655, "bus_v_mean": 13.947849004745015, "bus_v_std": 7.306689840398677, "car_acc": 1.033125143448575, "car_dcc": 2.6490362451242215, "car_lcAssertive": 16.272788814775993, "car_lcCooperative": 0.1126795381335095, "car_lcLookaheadLeft": 7.227136666975108, "car_lcPushy": 0.1792838074153501, "car_lcSigma": 0.1559308109650941, "car_lcSpeedGainRight": 0.17745189618130042, "car_lcSublane": 0.9824324545192039, "car_sigma": 0.6583045014987714, "car_tau_mean": 1.8544792505386194, "car_tau_std": 0.6248547836660323, "car_v_mean": 8.755924938973795, "car_v_std": 16.09904869413324}, "datetime": {"datetime": "2024-08-08 00:11:41", "elapsed": 520.592146, "delta": 1.212835}}
{"target": -0.34176852597831564, "params": {"bus_acc": 2.3301975566716413, "bus_dcc": 1.6746249399020972, "bus_lcAssertive": 11.84463000441058, "bus_lcCooperative": 0.9790089375741902, "bus_lcLookaheadLeft": 81.86947665118652, "bus_lcPushy": 0.28538353244953096, "bus_lcSigma": 0.5858283844279211, "bus_lcSpeedGainRight": 1.9003560263939563, "bus_lcSublane": 0.1763380407698657, "bus_sigma": 0.4188351430524928, "bus_tau_mean": 1.5401572796885465, "bus_tau_std": 0.16624106532905913, "bus_v_mean": 14.197892911980952, "bus_v_std": 18.418260076095045, "car_acc": 2.6564005174148972, "car_dcc": 2.7222242655896527, "car_lcAssertive": 32.54603961325787, "car_lcCooperative": 0.23126429488543754, "car_lcLookaheadLeft": 95.68991919583152, "car_lcPushy": 0.5646100990687117, "car_lcSigma": 0.2176053035591231, "car_lcSpeedGainRight": 1.2474102554931144, "car_lcSublane": 0.9595962025309192, "car_sigma": 0.238814133296392, "car_tau_mean": 0.8734993092443826, "car_tau_std": 1.8396193975266917, "car_v_mean": 20.259596910686703, "car_v_std": 14.175285118625228}, "datetime": {"datetime": "2024-08-08 00:11:43", "elapsed": 522.143672, "delta": 1.551526}}
{"target": -0.3959910797725438, "params": {"bus_acc": 2.357709048212217, "bus_dcc": 3.676135012257154, "bus_lcAssertive": 88.42006824745238, "bus_lcCooperative": 0.6253678484792837, "bus_lcLookaheadLeft": 30.300280949909727, "bus_lcPushy": 0.40310278532155364, "bus_lcSigma": 0.028957250455217798, "bus_lcSpeedGainRight": 4.5824200700106985, "bus_lcSublane": 0.6874477338720318, "bus_sigma": 0.908170823529499, "bus_tau_mean": 1.557304979915104, "bus_tau_std": 9.44826453960881, "bus_v_mean": 21.824498747848523, "bus_v_std": 17.720255181763022, "car_acc": 1.0002826604168538, "car_dcc": 2.131720656775928, "car_lcAssertive": 13.110203935992757, "car_lcCooperative": 0.9328079064690463, "car_lcLookaheadLeft": 52.34331074647811, "car_lcPushy": 0.48933641342690504, "car_lcSigma": 0.4869211668341662, "car_lcSpeedGainRight": 2.8514595051160754, "car_lcSublane": 0.5445075098554931, "car_sigma": 0.9171108608633298, "car_tau_mean": 3.595345912845165, "car_tau_std": 7.837192592950845, "car_v_mean": 13.163637372393135, "car_v_std": 15.688748431426829}, "datetime": {"datetime": "2024-08-08 00:11:44", "elapsed": 523.244626, "delta": 1.100954}}
{"target": -0.3929512958082846, "params": {"bus_acc": 1.4383076115145161, "bus_dcc": 2.2864020787422663, "bus_lcAssertive": 85.08773897233483, "bus_lcCooperative": 0.45037964247172024, "bus_lcLookaheadLeft": 93.67117117269206, "bus_lcPushy": 0.352679327251738, "bus_lcSigma": 0.6193921656967597, "bus_lcSpeedGainRight": 4.903495181778901, "bus_lcSublane": 0.6434625222408049, "bus_sigma": 0.04549821604060378, "bus_tau_mean": 2.1224498183309914, "bus_tau_std": 3.3475134371366377, "bus_v_mean": 16.514904776346796, "bus_v_std": 5.694924172262628, "car_acc": 1.2445224604600056, "car_dcc": 3.0048669662524055, "car_lcAssertive": 68.45461573423933, "car_lcCooperative": 0.8671392999990885, "car_lcLookaheadLeft": 14.973386369148269, "car_lcPushy": 0.798620308278031, "car_lcSigma": 0.826768738405129, "car_lcSpeedGainRight": 3.2327496787557597, "car_lcSublane": 0.20492214578063384, "car_sigma": 0.2614207144058379, "car_tau_mean": 1.9647388613871148, "car_tau_std": 5.417990727827313, "car_v_mean": 15.639007289475472, "car_v_std": 9.349197840907388}, "datetime": {"datetime": "2024-08-08 00:11:45", "elapsed": 524.359212, "delta": 1.114586}}
{"target": -0.4200024485076993, "params": {"bus_acc": 2.5940647222899496, "bus_dcc": 3.423123456975953, "bus_lcAssertive": 83.09872221626888, "bus_lcCooperative": 0.4175157513022394, "bus_lcLookaheadLeft": 62.55290008885318, "bus_lcPushy": 0.7552455161468585, "bus_lcSigma": 0.7697655693416834, "bus_lcSpeedGainRight": 4.79302311462768, "bus_lcSublane": 0.975075275592005, "bus_sigma": 0.5647345919090407, "bus_tau_mean": 2.1300867405966692, "bus_tau_std": 8.355253266864215, "bus_v_mean": 11.519374783306512, "bus_v_std": 15.327961789217879, "car_acc": 1.3840231982535476, "car_dcc": 2.7748826978592023, "car_lcAssertive": 61.07631420593115, "car_lcCooperative": 0.44184380280217683, "car_lcLookaheadLeft": 86.72596397518376, "car_lcPushy": 0.5434821861417696, "car_lcSigma": 0.4927297109245765, "car_lcSpeedGainRight": 2.0906281783502862, "car_lcSublane": 0.06222518338635219, "car_sigma": 0.3621494599268943, "car_tau_mean": 0.8248537536794861, "car_tau_std": 5.656384996760549, "car_v_mean": 18.24802610492145, "car_v_std": 15.355645252363194}, "datetime": {"datetime": "2024-08-08 00:11:46", "elapsed": 525.409093, "delta": 1.049881}}
{"target": -0.3452039713651281, "params": {"bus_acc": 1.9798870887552622, "bus_dcc": 1.0671263680732854, "bus_lcAssertive": 80.92249577927679, "bus_lcCooperative": 0.02436128675662652, "bus_lcLookaheadLeft": 17.734283212430316, "bus_lcPushy": 0.24613142323526227, "bus_lcSigma": 0.9971177980982139, "bus_lcSpeedGainRight": 2.1037462356270895, "bus_lcSublane": 0.07226278343939563, "bus_sigma": 0.2502713574756721, "bus_tau_mean": 1.940491628552569, "bus_tau_std": 4.202599137001294, "bus_v_mean": 9.954749508972984, "bus_v_std": 0.19007572026437103, "car_acc": 2.6309108269155708, "car_dcc": 1.7258654133683815, "car_lcAssertive": 9.259020119104594, "car_lcCooperative": 0.3902233159137365, "car_lcLookaheadLeft": 44.388848628251445, "car_lcPushy": 0.524095810986686, "car_lcSigma": 0.7603137129611016, "car_lcSpeedGainRight": 3.940691682594996, "car_lcSublane": 0.46938067575200315, "car_sigma": 0.8847671511951445, "car_tau_mean": 0.7770009114696252, "car_tau_std": 3.5568088529833197, "car_v_mean": 13.758038059839443, "car_v_std": 14.218164609453016}, "datetime": {"datetime": "2024-08-08 00:11:47", "elapsed": 526.699645, "delta": 1.290552}}
{"target": -0.3756591728346183, "params": {"bus_acc": 1.4712525149591205, "bus_dcc": 1.2302019605546288, "bus_lcAssertive": 51.98492535770159, "bus_lcCooperative": 0.8362544576217305, "bus_lcLookaheadLeft": 68.83077002132927, "bus_lcPushy": 0.03672368387331426, "bus_lcSigma": 0.04527003615875136, "bus_lcSpeedGainRight": 2.6904257245514804, "bus_lcSublane": 0.14141687870136965, "bus_sigma": 0.7072326117206413, "bus_tau_mean": 1.3660595304975511, "bus_tau_std": 4.399603545497838, "bus_v_mean": 17.92464799286767, "bus_v_std": 19.454747944418408, "car_acc": 1.39401175221343, "car_dcc": 3.7355172894978668, "car_lcAssertive": 35.726733527493735, "car_lcCooperative": 0.16192413101837244, "car_lcLookaheadLeft": 43.244627585524206, "car_lcPushy": 0.8414789882843856, "car_lcSigma": 0.04378617464571544, "car_lcSpeedGainRight": 0.6848564501518073, "car_lcSublane": 0.5899399808101583, "car_sigma": 0.4085801200317656, "car_tau_mean": 2.173973376426117, "car_tau_std": 8.220539158700117, "car_v_mean": 10.676345043514239, "car_v_std": 6.440448119256345}, "datetime": {"datetime": "2024-08-08 00:11:48", "elapsed": 527.549402, "delta": 0.849757}}
{"target": -0.33086575916003613, "params": {"bus_acc": 2.045803755995256, "bus_dcc": 3.158971392886822, "bus_lcAssertive": 88.7878552249281, "bus_lcCooperative": 0.19451128512291194, "bus_lcLookaheadLeft": 44.120895073447244, "bus_lcPushy": 0.8593510087313693, "bus_lcSigma": 0.03049636510686249, "bus_lcSpeedGainRight": 0.6654109107776807, "bus_lcSublane": 0.4053468800031138, "bus_sigma": 0.11235899808568683, "bus_tau_mean": 3.0415320439222904, "bus_tau_std": 9.748099995916682, "bus_v_mean": 15.825065042866065, "bus_v_std": 19.205349851876928, "car_acc": 1.2715382361157395, "car_dcc": 3.101330274407355, "car_lcAssertive": 58.702973117927115, "car_lcCooperative": 0.7917335624838278, "car_lcLookaheadLeft": 54.69466000978958, "car_lcPushy": 0.9798927970615768, "car_lcSigma": 0.43965278161340193, "car_lcSpeedGainRight": 4.751361767507482, "car_lcSublane": 0.9182785222225094, "car_sigma": 0.42386967289549227, "car_tau_mean": 1.9368266710812927, "car_tau_std": 0.19947065308665524, "car_v_mean": 15.175905808053896, "car_v_std": 3.9882002409376605}, "datetime": {"datetime": "2024-08-08 00:11:53", "elapsed": 532.570456, "delta": 5.021054}}
{"target": -0.359191802309085, "params": {"bus_acc": 2.317136083116724, "bus_dcc": 1.543586145861585, "bus_lcAssertive": 79.01690556605841, "bus_lcCooperative": 0.6028653375383973, "bus_lcLookaheadLeft": 98.07262274345813, "bus_lcPushy": 0.22238319353117575, "bus_lcSigma": 0.4662664741665735, "bus_lcSpeedGainRight": 4.478209012997233, "bus_lcSublane": 0.6014334096987881, "bus_sigma": 0.725958845848815, "bus_tau_mean": 1.947845574704761, "bus_tau_std": 6.843096218313198, "bus_v_mean": 23.13688047756101, "bus_v_std": 4.003721314786441, "car_acc": 2.6147305277546407, "car_dcc": 3.9086140362996895, "car_lcAssertive": 2.4423044445698414, "car_lcCooperative": 0.21520958659442757, "car_lcLookaheadLeft": 13.502938190686715, "car_lcPushy": 0.7674235177414532, "car_lcSigma": 0.08121658594273329, "car_lcSpeedGainRight": 4.992067792954538, "car_lcSublane": 0.38961201587930516, "car_sigma": 0.9052027659330404, "car_tau_mean": 1.1600216122481375, "car_tau_std": 4.408721998222909, "car_v_mean": 21.516989104099256, "car_v_std": 11.905395613465124}, "datetime": {"datetime": "2024-08-08 00:11:54", "elapsed": 533.58713, "delta": 1.016674}}
{"target": -0.41987916890278143, "params": {"bus_acc": 2.7352544192303476, "bus_dcc": 3.5496156443209967, "bus_lcAssertive": 81.03272430400804, "bus_lcCooperative": 0.13069282439738805, "bus_lcLookaheadLeft": 54.52825233253759, "bus_lcPushy": 0.900783114706916, "bus_lcSigma": 0.7708318305538303, "bus_lcSpeedGainRight": 2.103565995125959, "bus_lcSublane": 0.9778803933599658, "bus_sigma": 0.25077315667300226, "bus_tau_mean": 1.667635800967642, "bus_tau_std": 9.54200507429589, "bus_v_mean": 20.939445570964637, "bus_v_std": 18.006800090213236, "car_acc": 1.0231791788197904, "car_dcc": 2.1392932991019844, "car_lcAssertive": 24.31667370437706, "car_lcCooperative": 0.2959350518874113, "car_lcLookaheadLeft": 74.3235586475764, "car_lcPushy": 0.7240848448640741, "car_lcSigma": 0.46179941019906146, "car_lcSpeedGainRight": 1.8263723060354686, "car_lcSublane": 0.5846916130045258, "car_sigma": 0.5337077546342763, "car_tau_mean": 2.427028456527517, "car_tau_std": 6.154770711146577, "car_v_mean": 14.330372356280781, "car_v_std": 15.434369648309168}, "datetime": {"datetime": "2024-08-08 00:11:55", "elapsed": 534.705332, "delta": 1.118202}}
{"target": -0.38381354322914574, "params": {"bus_acc": 1.402066297423343, "bus_dcc": 2.6686575162909376, "bus_lcAssertive": 15.002682528167531, "bus_lcCooperative": 0.18600998929139123, "bus_lcLookaheadLeft": 76.94882809892174, "bus_lcPushy": 0.07088626571143097, "bus_lcSigma": 0.36931364559160906, "bus_lcSpeedGainRight": 4.389390094592739, "bus_lcSublane": 0.10433739981467072, "bus_sigma": 0.3591532152607505, "bus_tau_mean": 0.8988612865937118, "bus_tau_std": 8.765407575704614, "bus_v_mean": 10.01979380608541, "bus_v_std": 5.091110156854466, "car_acc": 1.8438127050379507, "car_dcc": 2.9957680534005786, "car_lcAssertive": 35.125825645272066, "car_lcCooperative": 0.21350166529672077, "car_lcLookaheadLeft": 38.59174036511311, "car_lcPushy": 0.5710246261646967, "car_lcSigma": 0.9907513493930348, "car_lcSpeedGainRight": 1.635825879056847, "car_lcSublane": 0.3622033363809831, "car_sigma": 0.7062352536720174, "car_tau_mean": 1.5462749199359558, "car_tau_std": 3.497007210488695, "car_v_mean": 23.915323767669253, "car_v_std": 12.08534757565551}, "datetime": {"datetime": "2024-08-08 00:11:56", "elapsed": 535.621301, "delta": 0.915969}}
