{"target": -0.366450414097208, "params": {"bus_acc": 2.104277615106963, "bus_dcc": 2.7044191530765773, "bus_lcAssertive": 34.99858921775856, "bus_lcCooperative": 0.3506171893069536, "bus_lcLookaheadLeft": 95.99297771688182, "bus_lcPushy": 0.5533439494595207, "bus_lcSigma": 0.6527312009009547, "bus_lcSublane": 0.4907401164444133, "bus_sigma": 0.6466499816717906, "bus_tau_mean": 2.618377749274717, "bus_tau_std": 1.4517329292009562, "bus_v_mean": 13.354888526153491, "bus_v_std": 4.604339934589334, "car_acc": 1.2556433232127697, "car_dcc": 2.0892199708134944, "car_lcAssertive": 23.5860217949993, "car_lcCooperative": 0.847502602270402, "car_lcLookaheadLeft": 35.464459842087265, "car_lcPushy": 0.2267893206662649, "car_lcSigma": 0.4081814028522822, "car_lcSublane": 0.6830640476222469, "car_sigma": 0.06562199896142484, "car_tau_mean": 1.1325522476104641, "car_tau_std": 6.943069389237286, "car_v_mean": 20.03610567686549, "car_v_std": 6.1775427961006795}, "datetime": {"datetime": "2024-08-07 00:58:55", "elapsed": 62.763069, "delta": 0.500217}}
{"target": -0.36363538663507367, "params": {"bus_acc": 1.9117456147390048, "bus_dcc": 2.9597534267839585, "bus_lcAssertive": 18.257792614463888, "bus_lcCooperative": 0.16672193292652826, "bus_lcLookaheadLeft": 53.04313737427134, "bus_lcPushy": 0.7402936352802216, "bus_lcSigma": 0.46247446521502844, "bus_lcSublane": 0.8696140851211128, "bus_sigma": 0.6604119346706403, "bus_tau_mean": 1.371815309581765, "bus_tau_std": 2.349022208021049, "bus_v_mean": 13.984747469873113, "bus_v_std": 7.566160562962172, "car_acc": 2.875875328619564, "car_dcc": 3.5857179979564986, "car_lcAssertive": 26.899468475609254, "car_lcCooperative": 0.4122789279785698, "car_lcLookaheadLeft": 61.93132174613151, "car_lcPushy": 0.5468344558158084, "car_lcSigma": 0.3892749454089657, "car_lcSublane": 0.10142077688127671, "car_sigma": 0.7122448043972556, "car_tau_mean": 0.8084730737390184, "car_tau_std": 8.660774293737196, "car_v_mean": 21.815175045322153, "car_v_std": 7.084507915153727}, "datetime": {"datetime": "2024-08-07 00:58:57", "elapsed": 64.763059, "delta": 1.99999}}
{"target": -0.4209988020884957, "params": {"bus_acc": 2.3992463647991675, "bus_dcc": 3.7547757673961737, "bus_lcAssertive": 4.933141961625397, "bus_lcCooperative": 0.07033344161552524, "bus_lcLookaheadLeft": 48.45261641882935, "bus_lcPushy": 0.3491674129570773, "bus_lcSigma": 0.9372520621284489, "bus_lcSublane": 0.48956496114516856, "bus_sigma": 0.5396491100933506, "bus_tau_mean": 3.633411280059273, "bus_tau_std": 4.466350458236905, "bus_v_mean": 22.032550228325633, "bus_v_std": 2.5358174937162836, "car_acc": 1.5476194083162171, "car_dcc": 1.9850841702627704, "car_lcAssertive": 55.20886277761439, "car_lcCooperative": 0.22012867402698122, "car_lcLookaheadLeft": 67.80005876596478, "car_lcPushy": 0.1427932828030004, "car_lcSigma": 0.09410027449963942, "car_lcSublane": 0.8701917462053776, "car_sigma": 0.23686870355699852, "car_tau_mean": 1.8510140385790843, "car_tau_std": 5.715420927253323, "car_v_mean": 16.41283151922352, "car_v_std": 0.7602387944210687}, "datetime": {"datetime": "2024-08-07 00:59:03", "elapsed": 70.679188, "delta": 5.916129}}
{"target": -0.35798441038283285, "params": {"bus_acc": 1.3398814284345155, "bus_dcc": 1.4483403968165875, "bus_lcAssertive": 51.9033293090624, "bus_lcCooperative": 0.8753327263545391, "bus_lcLookaheadLeft": 20.02743727162776, "bus_lcPushy": 0.4628391187082599, "bus_lcSigma": 0.42893233402990294, "bus_lcSublane": 0.4972891859195163, "bus_sigma": 0.16151077048601192, "bus_tau_mean": 1.698542243971837, "bus_tau_std": 2.618804041035202, "bus_v_mean": 21.512431091671665, "bus_v_std": 8.003322457764018, "car_acc": 1.8532783165362872, "car_dcc": 2.8210463823671166, "car_lcAssertive": 15.401095416355776, "car_lcCooperative": 0.5096132942175586, "car_lcLookaheadLeft": 31.100814407116644, "car_lcPushy": 0.8596509535692011, "car_lcSigma": 0.6715983809063899, "car_lcSublane": 0.633474012622421, "car_sigma": 0.12475130006917923, "car_tau_mean": 2.1470575782461, "car_tau_std": 9.865727795868814, "car_v_mean": 23.172786785162643, "car_v_std": 6.450856402604436}, "datetime": {"datetime": "2024-08-07 00:59:08", "elapsed": 75.399329, "delta": 4.720141}}
{"target": -0.38812911241819537, "params": {"bus_acc": 2.308938702454869, "bus_dcc": 3.7757835635762986, "bus_lcAssertive": 66.75093074876345, "bus_lcCooperative": 0.3030806759430662, "bus_lcLookaheadLeft": 62.75467799843973, "bus_lcPushy": 0.35131832035819255, "bus_lcSigma": 0.3223666751344195, "bus_lcSublane": 0.6102050587463702, "bus_sigma": 0.16032323198838705, "bus_tau_mean": 2.2035862751521362, "bus_tau_std": 9.456342849863914, "bus_v_mean": 14.142627871656607, "bus_v_std": 1.8896259324581144, "car_acc": 1.937677899284362, "car_dcc": 3.5227234943605974, "car_lcAssertive": 84.42410453690823, "car_lcCooperative": 0.8278032394592222, "car_lcLookaheadLeft": 3.1246002353697095, "car_lcPushy": 0.2670403099282952, "car_lcSigma": 0.9998757875742624, "car_lcSublane": 0.1196832771924865, "car_sigma": 0.4900894960876333, "car_tau_mean": 3.2650915271093988, "car_tau_std": 1.2221391009385618, "car_v_mean": 18.598546891059968, "car_v_std": 4.880804455213241}, "datetime": {"datetime": "2024-08-07 00:59:08", "elapsed": 75.718519, "delta": 0.31919}}
{"target": -0.3389874450152432, "params": {"bus_acc": 1.5024063666987733, "bus_dcc": 2.967282303710098, "bus_lcAssertive": 96.07931767378179, "bus_lcCooperative": 0.0035547604644260433, "bus_lcLookaheadLeft": 72.88938235064201, "bus_lcPushy": 0.10899503392964371, "bus_lcSigma": 0.5437874916638252, "bus_lcSublane": 0.6269160166803346, "bus_sigma": 0.24294712577080113, "bus_tau_mean": 3.6984535633631284, "bus_tau_std": 6.2231252869161775, "bus_v_mean": 11.707115062317758, "bus_v_std": 7.701321875998075, "car_acc": 1.2110141599946695, "car_dcc": 2.6656759555940335, "car_lcAssertive": 10.400650910446657, "car_lcCooperative": 0.5809840726750195, "car_lcLookaheadLeft": 26.79205104657846, "car_lcPushy": 0.6494668079547463, "car_lcSigma": 0.71582695285818, "car_lcSublane": 0.5241856145686612, "car_sigma": 0.6575214077031101, "car_tau_mean": 3.3465284586376947, "car_tau_std": 8.075122716430322, "car_v_mean": 17.914911872861804, "car_v_std": 4.511024621207749}, "datetime": {"datetime": "2024-08-07 00:59:09", "elapsed": 76.173479, "delta": 0.45496}}
{"target": -0.364263398654665, "params": {"bus_acc": 1.0865818763723172, "bus_dcc": 2.4593222295111845, "bus_lcAssertive": 24.701693369637837, "bus_lcCooperative": 0.9524737816932592, "bus_lcLookaheadLeft": 94.50147752281202, "bus_lcPushy": 0.6139340023847009, "bus_lcSigma": 0.9734873973251963, "bus_lcSublane": 0.344861343716251, "bus_sigma": 0.8978507176676818, "bus_tau_mean": 2.021082406929783, "bus_tau_std": 2.3581463714751374, "bus_v_mean": 23.05324741122239, "bus_v_std": 6.842180509832275, "car_acc": 1.1298231706782587, "car_dcc": 3.6112745704691984, "car_lcAssertive": 70.43664916870128, "car_lcCooperative": 0.6049268729742817, "car_lcLookaheadLeft": 73.7727401195744, "car_lcPushy": 0.2534390424997808, "car_lcSigma": 0.6004889552745444, "car_lcSublane": 0.8146191812616553, "car_sigma": 0.05411366032399989, "car_tau_mean": 0.9567873496874308, "car_tau_std": 8.424458099564136, "car_v_mean": 17.893533909246166, "car_v_std": 5.31287810481058}, "datetime": {"datetime": "2024-08-07 00:59:13", "elapsed": 80.395078, "delta": 4.221599}}
{"target": -0.4323518152613069, "params": {"bus_acc": 2.2277421794825054, "bus_dcc": 1.9724155896923399, "bus_lcAssertive": 46.27865798740885, "bus_lcCooperative": 0.44411710701661444, "bus_lcLookaheadLeft": 83.15726535168818, "bus_lcPushy": 0.4263481542362306, "bus_lcSigma": 0.3456988211755023, "bus_lcSublane": 0.6749716048091052, "bus_sigma": 0.22148205573352875, "bus_tau_mean": 2.1353603837429382, "bus_tau_std": 3.147656873240164, "bus_v_mean": 18.029689634605354, "bus_v_std": 8.773604746948125, "car_acc": 1.895378000291257, "car_dcc": 3.3533722563757693, "car_lcAssertive": 46.239604355593485, "car_lcCooperative": 0.6562293317171314, "car_lcLookaheadLeft": 14.920415552695209, "car_lcPushy": 0.43298150696764814, "car_lcSigma": 0.9093119886549367, "car_lcSublane": 0.6054790010309347, "car_sigma": 0.7667745872371021, "car_tau_mean": 2.2664521283356303, "car_tau_std": 4.980556248280075, "car_v_mean": 21.4863974430856, "car_v_std": 0.6780693434095375}, "datetime": {"datetime": "2024-08-07 00:59:15", "elapsed": 81.99182, "delta": 1.596742}}
{"target": -0.26295251723492186, "params": {"bus_acc": 1.3825441034823402, "bus_dcc": 2.1611386978152574, "bus_lcAssertive": 85.55191969849713, "bus_lcCooperative": 0.2708449138359166, "bus_lcLookaheadLeft": 63.383162714451, "bus_lcPushy": 0.6235518010455583, "bus_lcSigma": 0.4080471353479287, "bus_lcSublane": 0.05033512965945175, "bus_sigma": 0.7448338730324927, "bus_tau_mean": 1.535039370483584, "bus_tau_std": 3.9845819654904013, "bus_v_mean": 14.035833080488151, "bus_v_std": 6.636026316710936, "car_acc": 1.1726665736303281, "car_dcc": 2.6496697614159435, "car_lcAssertive": 2.5267604119823286, "car_lcCooperative": 0.9830389835394168, "car_lcLookaheadLeft": 60.645867794025456, "car_lcPushy": 0.38411422799622663, "car_lcSigma": 0.1467479307274827, "car_lcSublane": 0.6968783264368051, "car_sigma": 0.9058084167065523, "car_tau_mean": 1.6133806332061587, "car_tau_std": 7.664921446562297, "car_v_mean": 12.599969632659002, "car_v_std": 9.572253423743934}, "datetime": {"datetime": "2024-08-07 00:59:16", "elapsed": 82.795885, "delta": 0.804065}}
{"target": -0.40112604050104317, "params": {"bus_acc": 2.3703459938153992, "bus_dcc": 2.4626715024487544, "bus_lcAssertive": 35.32279325449924, "bus_lcCooperative": 0.35364778706700506, "bus_lcLookaheadLeft": 26.876210470024347, "bus_lcPushy": 0.9110179736986265, "bus_lcSigma": 0.725642545494869, "bus_lcSublane": 0.025925792784269874, "bus_sigma": 0.46152125324711457, "bus_tau_mean": 1.4845544538788398, "bus_tau_std": 0.2896618617789848, "bus_v_mean": 22.15491030894871, "bus_v_std": 7.710053579546823, "car_acc": 1.6594701584885219, "car_dcc": 3.3896757626101333, "car_lcAssertive": 33.139193898096664, "car_lcCooperative": 0.30788244381764673, "car_lcLookaheadLeft": 92.95468969307117, "car_lcPushy": 0.9769161619458502, "car_lcSigma": 0.5235553047168928, "car_lcSublane": 0.951935167567925, "car_sigma": 0.8879964939264646, "car_tau_mean": 2.3131139655804303, "car_tau_std": 3.727488020974856, "car_v_mean": 19.365673253113748, "car_v_std": 4.55643424642054}, "datetime": {"datetime": "2024-08-07 00:59:16", "elapsed": 83.373918, "delta": 0.578033}}
{"target": -0.33592727833237546, "params": {"bus_acc": 1.815899978094735, "bus_dcc": 3.6242428597130902, "bus_lcAssertive": 70.59024147932276, "bus_lcCooperative": 0.18493502237340165, "bus_lcLookaheadLeft": 57.4417503696678, "bus_lcPushy": 0.9088080323000569, "bus_lcSigma": 0.15068999224827118, "bus_lcSublane": 0.8455176755307064, "bus_sigma": 0.8202024663153499, "bus_tau_mean": 2.2476938545424208, "bus_tau_std": 0.375838514857032, "bus_v_mean": 10.360040086350967, "bus_v_std": 9.226386946886713, "car_acc": 1.088309592063725, "car_dcc": 2.1174962992160786, "car_lcAssertive": 62.284923837821616, "car_lcCooperative": 0.1969480389140167, "car_lcLookaheadLeft": 98.14581620954914, "car_lcPushy": 0.15597523304342242, "car_lcSigma": 0.5396791951612744, "car_lcSublane": 0.6180113243466446, "car_sigma": 0.2309899486697039, "car_tau_mean": 2.132081462232695, "car_tau_std": 4.910085291329293, "car_v_mean": 20.269798021224673, "car_v_std": 6.342807527738734}, "datetime": {"datetime": "2024-08-07 00:59:20", "elapsed": 87.643134, "delta": 4.269216}}
{"target": -0.36347256219138874, "params": {"bus_acc": 2.0673066899424226, "bus_dcc": 1.943401033557549, "bus_lcAssertive": 91.16651028620991, "bus_lcCooperative": 0.36655664385123443, "bus_lcLookaheadLeft": 44.492048072770125, "bus_lcPushy": 0.5122926922783614, "bus_lcSigma": 0.9388864773697133, "bus_lcSublane": 0.030949006271150714, "bus_sigma": 0.7168786636316892, "bus_tau_mean": 3.618566340023186, "bus_tau_std": 0.27287223517468817, "bus_v_mean": 16.35281995604017, "bus_v_std": 3.259898117700253, "car_acc": 2.7189786417311717, "car_dcc": 2.6755496527675535, "car_lcAssertive": 69.33255894811204, "car_lcCooperative": 0.45285349995153745, "car_lcLookaheadLeft": 63.574285677093, "car_lcPushy": 0.2900968516874258, "car_lcSigma": 0.009348577966515781, "car_lcSublane": 0.5767559349870908, "car_sigma": 0.3114442141324628, "car_tau_mean": 2.3104365947539542, "car_tau_std": 9.164058530538977, "car_v_mean": 14.823596616022336, "car_v_std": 2.473960366023854}, "datetime": {"datetime": "2024-08-07 00:59:21", "elapsed": 88.419119, "delta": 0.775985}}
{"target": -0.3084977979279655, "params": {"bus_acc": 1.5142365875643924, "bus_dcc": 1.3326739022320875, "bus_lcAssertive": 20.103310469892172, "bus_lcCooperative": 0.49958417067888605, "bus_lcLookaheadLeft": 73.40139546151043, "bus_lcPushy": 0.20819443840879148, "bus_lcSigma": 0.24803355837723073, "bus_lcSublane": 0.851671874936367, "bus_sigma": 0.41584871826752734, "bus_tau_mean": 2.6583977350433265, "bus_tau_std": 2.3366613923925006, "bus_v_mean": 9.631476150812759, "bus_v_std": 5.158570169685298, "car_acc": 1.9542819740995647, "car_dcc": 1.4580149322794898, "car_lcAssertive": 62.558816942301135, "car_lcCooperative": 0.5440101188139381, "car_lcLookaheadLeft": 66.10546000313295, "car_lcPushy": 0.1445455401246598, "car_lcSigma": 0.7515278171352439, "car_lcSublane": 0.2220491397999227, "car_sigma": 0.519351824366033, "car_tau_mean": 3.2485360987756664, "car_tau_std": 0.2233042799180618, "car_v_mean": 13.189799355618984, "car_v_std": 8.72922376400111}, "datetime": {"datetime": "2024-08-07 00:59:23", "elapsed": 89.887082, "delta": 1.467963}}
{"target": -0.3886816318872771, "params": {"bus_acc": 2.149879454555533, "bus_dcc": 3.4276497511520336, "bus_lcAssertive": 20.95806680640894, "bus_lcCooperative": 0.32752405584828914, "bus_lcLookaheadLeft": 74.8062825381903, "bus_lcPushy": 0.3409202491323421, "bus_lcSigma": 0.047610928706555034, "bus_lcSublane": 0.15635692867625162, "bus_sigma": 0.1938648596595468, "bus_tau_mean": 2.2328932689641237, "bus_tau_std": 6.351249610913382, "bus_v_mean": 22.08351963549733, "bus_v_std": 9.02536556422245, "car_acc": 1.61432153697019, "car_dcc": 3.2601402193767575, "car_lcAssertive": 28.960375025338287, "car_lcCooperative": 0.3685768697652759, "car_lcLookaheadLeft": 30.687203085126757, "car_lcPushy": 0.41369073619910135, "car_lcSigma": 0.21471569566838056, "car_lcSublane": 0.31898600647018904, "car_sigma": 0.12191981389008766, "car_tau_mean": 3.870563838584371, "car_tau_std": 5.039830093987828, "car_v_mean": 22.76961092141862, "car_v_std": 7.461601407734211}, "datetime": {"datetime": "2024-08-07 00:59:26", "elapsed": 93.471251, "delta": 3.584169}}
{"target": -0.39501099515913557, "params": {"bus_acc": 1.423256232000118, "bus_dcc": 1.7966399781166786, "bus_lcAssertive": 49.66574276875349, "bus_lcCooperative": 0.053362545117080384, "bus_lcLookaheadLeft": 58.26352533821728, "bus_lcPushy": 0.14672857490581015, "bus_lcSigma": 0.5893055369032842, "bus_lcSublane": 0.6997583600209312, "bus_sigma": 0.10233442882782584, "bus_tau_mean": 1.9491959573684892, "bus_tau_std": 6.944001577277451, "bus_v_mean": 14.626868312430442, "bus_v_std": 0.4995345894608716, "car_acc": 2.071792811831023, "car_dcc": 2.9913839356593663, "car_lcAssertive": 51.97402209377255, "car_lcCooperative": 0.9445947559908133, "car_lcLookaheadLeft": 59.48239396919531, "car_lcPushy": 0.9034019152878835, "car_lcSigma": 0.13747470414623753, "car_lcSublane": 0.13927634725075855, "car_sigma": 0.8073912887095238, "car_tau_mean": 1.8918689294493676, "car_tau_std": 1.6535419711693278, "car_v_mean": 22.840137286336542, "car_v_std": 3.477658597455066}, "datetime": {"datetime": "2024-08-07 00:59:28", "elapsed": 94.827448, "delta": 1.356197}}
{"target": -0.33907044651637364, "params": {"bus_acc": 1.742587522558109, "bus_dcc": 3.795583349909622, "bus_lcAssertive": 93.74996974960027, "bus_lcCooperative": 0.8443299485657132, "bus_lcLookaheadLeft": 92.18023840195472, "bus_lcPushy": 0.22790028995131695, "bus_lcSigma": 0.08748220955359087, "bus_lcSublane": 0.22730973628468876, "bus_sigma": 0.31437661611405043, "bus_tau_mean": 1.1116805672470904, "bus_tau_std": 6.070941619724604, "bus_v_mean": 14.617382640018581, "bus_v_std": 8.16351511827214, "car_acc": 1.3702607965380613, "car_dcc": 3.1056295892689314, "car_lcAssertive": 24.79520686006475, "car_lcCooperative": 0.5742190888408597, "car_lcLookaheadLeft": 36.20078452763731, "car_lcPushy": 0.05696439948283272, "car_lcSigma": 0.22881367096037586, "car_lcSublane": 0.6641025553547935, "car_sigma": 0.4972500933605313, "car_tau_mean": 2.3165559442578756, "car_tau_std": 1.747201501089225, "car_v_mean": 17.131453624740104, "car_v_std": 9.9675342520821}, "datetime": {"datetime": "2024-08-07 00:59:29", "elapsed": 96.375292, "delta": 1.547844}}
{"target": -0.41383213816980413, "params": {"bus_acc": 1.834044009405148, "bus_dcc": 3.1609734803264744, "bus_lcAssertive": 1.0113231069171438, "bus_lcCooperative": 0.30233257263183977, "bus_lcLookaheadLeft": 16.38207730007708, "bus_lcPushy": 0.0923385947687978, "bus_lcSigma": 0.1862602113776709, "bus_lcSublane": 0.34556072704304774, "bus_sigma": 0.39676747423066994, "bus_tau_mean": 2.3858585690117495, "bus_tau_std": 4.191945144032948, "bus_v_mean": 18.963512006348154, "bus_v_std": 2.0445224973151745, "car_acc": 2.756234872781891, "car_dcc": 1.0821627795937785, "car_lcAssertive": 67.37628350766182, "car_lcCooperative": 0.41730480236712697, "car_lcLookaheadLeft": 56.75160318768366, "car_lcPushy": 0.14038693859523377, "car_lcSigma": 0.1981014890848788, "car_lcSublane": 0.8007445686755367, "car_sigma": 0.9682615757193975, "car_tau_mean": 1.59698462355735, "car_tau_std": 6.923226156693141, "car_v_mean": 22.022226436736613, "car_v_std": 8.946066635038473}, "datetime": {"datetime": "2024-08-07 00:59:30", "elapsed": 97.587634, "delta": 1.212342}}
{"target": -0.3179026998475497, "params": {"bus_acc": 1.3885799641723735, "bus_dcc": 3.6358900797481613, "bus_lcAssertive": 18.967252358215305, "bus_lcCooperative": 0.6390528592947753, "bus_lcLookaheadLeft": 74.60103406339705, "bus_lcPushy": 0.5626728865932282, "bus_lcSigma": 0.6288415685971911, "bus_lcSublane": 0.11896539662200445, "bus_sigma": 0.3080369870545313, "bus_tau_mean": 2.554367725303877, "bus_tau_std": 3.9546371630751143, "bus_v_mean": 18.62313730292481, "bus_v_std": 8.519546448042982, "car_acc": 1.380444178624367, "car_dcc": 3.709818102611005, "car_lcAssertive": 38.93440919267823, "car_lcCooperative": 0.9431243307282546, "car_lcLookaheadLeft": 62.503466676446585, "car_lcPushy": 0.7900955211459, "car_lcSigma": 0.514775428373226, "car_lcSublane": 0.5311446943933088, "car_sigma": 0.3275938987659719, "car_tau_mean": 0.9527764752957442, "car_tau_std": 3.838219118604237, "car_v_mean": 11.439623692666842, "car_v_std": 0.3286525588191658}, "datetime": {"datetime": "2024-08-07 00:59:32", "elapsed": 98.786946, "delta": 1.199312}}
{"target": -0.3011628720272832, "params": {"bus_acc": 1.8138439882587158, "bus_dcc": 3.9256670273119365, "bus_lcAssertive": 32.7116132563811, "bus_lcCooperative": 0.9824909449748953, "bus_lcLookaheadLeft": 64.3580003338864, "bus_lcPushy": 0.375091018393911, "bus_lcSigma": 0.8574844990835966, "bus_lcSublane": 0.6195867393685738, "bus_sigma": 0.25203308013083936, "bus_tau_mean": 3.2749948729191067, "bus_tau_std": 4.329385087341631, "bus_v_mean": 13.720178677287063, "bus_v_std": 3.3027693652508097, "car_acc": 2.3947377512262786, "car_dcc": 1.8059503717186796, "car_lcAssertive": 81.01952335683264, "car_lcCooperative": 0.2952887943998478, "car_lcLookaheadLeft": 55.32389559136501, "car_lcPushy": 0.4879214918052024, "car_lcSigma": 0.8553564125953698, "car_lcSublane": 0.8883864343953859, "car_sigma": 0.18438444236776674, "car_tau_mean": 2.548719606283879, "car_tau_std": 8.982050460171372, "car_v_mean": 15.137875504550875, "car_v_std": 9.218683054838154}, "datetime": {"datetime": "2024-08-07 00:59:33", "elapsed": 100.333177, "delta": 1.546231}}
{"target": -0.3230409501444588, "params": {"bus_acc": 2.055429292617493, "bus_dcc": 3.4064832520137944, "bus_lcAssertive": 57.676363201969025, "bus_lcCooperative": 0.7331425252875111, "bus_lcLookaheadLeft": 52.86313949147747, "bus_lcPushy": 0.770883910501888, "bus_lcSigma": 0.5688579907047155, "bus_lcSublane": 0.4657098785919809, "bus_sigma": 0.3426889079532818, "bus_tau_mean": 0.7387327194584644, "bus_tau_std": 3.7792417932809985, "bus_v_mean": 9.274017243172038, "bus_v_std": 9.82817113730445, "car_acc": 1.3632257026615275, "car_dcc": 3.435576093161619, "car_lcAssertive": 87.62120285063392, "car_lcCooperative": 0.6884132523859433, "car_lcLookaheadLeft": 57.81045244904682, "car_lcPushy": 0.16097143681560877, "car_lcSigma": 0.4668800227633063, "car_lcSublane": 0.345172051155215, "car_sigma": 0.2250399578140846, "car_tau_mean": 2.5737915406802885, "car_tau_std": 3.1226983770191694, "car_v_mean": 22.66088885549361, "car_v_std": 9.096355249515572}, "datetime": {"datetime": "2024-08-07 00:59:34", "elapsed": 101.089287, "delta": 0.75611}}
