{"target": -0.30051200445312315, "params": {"bus_acc": 3.5557912814737267, "bus_dcc": 2.696894406930202, "bus_lcAssertive": 31.407068817815265, "bus_lcCooperative": 0.8767770399379612, "bus_lcLookaheadLeft": 98.90454470229535, "bus_lcPushy": 0.777479431209941, "bus_lcSigma": 0.5736438575704191, "bus_lcSpeedGainRight": 0.7063966632050084, "bus_lcSublane": 0.31492902239260356, "bus_sigma": 0.3668593185911837, "bus_tau_mean": 1.5216332735961302, "bus_tau_std": 4.459528147489278, "bus_v_mean": 17.770120269882334, "bus_v_std": 4.258291810303271, "car_acc": 1.9990390171468153, "car_dcc": 1.3364514496632904, "car_lcAssertive": 31.451270328305444, "car_lcCooperative": 0.49744827858464324, "car_lcLookaheadLeft": 50.00116290158865, "car_lcPushy": 0.9955772118463961, "car_lcSigma": 0.9811085630636269, "car_lcSpeedGainRight": 2.182813858405716, "car_lcSublane": 0.9720206217903173, "car_sigma": 0.21439790417581406, "car_tau_mean": 2.3939231013813367, "car_tau_std": 4.534353144697317, "car_v_mean": 23.48174236020074, "car_v_std": 16.723524462707168}, "datetime": {"datetime": "2024-08-08 17:29:24", "elapsed": 349.584269, "delta": 1.066974}}
{"target": -0.24434178552433197, "params": {"bus_acc": 4.959533813348462, "bus_dcc": 1.5322886106047857, "bus_lcAssertive": 82.32322728240342, "bus_lcCooperative": 0.2309885592816333, "bus_lcLookaheadLeft": 7.681629710531169, "bus_lcPushy": 0.13881651804567363, "bus_lcSigma": 0.9351531155423887, "bus_lcSpeedGainRight": 4.4427105167811405, "bus_lcSublane": 0.28926049548291, "bus_sigma": 0.9477640661016069, "bus_tau_mean": 3.4747568733099663, "bus_tau_std": 4.346547940716735, "bus_v_mean": 15.488792877863565, "bus_v_std": 12.597060431668455, "car_acc": 1.6321273398552507, "car_dcc": 1.0443462602262787, "car_lcAssertive": 27.285689729766197, "car_lcCooperative": 0.015443631942760883, "car_lcLookaheadLeft": 68.10088672790123, "car_lcPushy": 0.5514688358127765, "car_lcSigma": 0.32164814560277766, "car_lcSpeedGainRight": 3.9010116855987933, "car_lcSublane": 0.14578543121477705, "car_sigma": 0.2448806387618836, "car_tau_mean": 1.523098167137493, "car_tau_std": 1.9593194649899215, "car_v_mean": 9.407018940329653, "car_v_std": 17.39952360543215}, "datetime": {"datetime": "2024-08-08 17:29:26", "elapsed": 351.839513, "delta": 2.255244}}
{"target": -0.3231044864390367, "params": {"bus_acc": 2.612881888423397, "bus_dcc": 3.27624079306701, "bus_lcAssertive": 71.97597116755452, "bus_lcCooperative": 0.9873261748084265, "bus_lcLookaheadLeft": 29.252334764072312, "bus_lcPushy": 0.0037936724093425855, "bus_lcSigma": 0.9339026083148878, "bus_lcSpeedGainRight": 4.2894855226894695, "bus_lcSublane": 0.7288508775192559, "bus_sigma": 0.5166887829215384, "bus_tau_mean": 2.9743468583706636, "bus_tau_std": 7.805295568767427, "bus_v_mean": 13.99801509658975, "bus_v_std": 15.406450506599151, "car_acc": 4.002497276700701, "car_dcc": 2.8396336346327793, "car_lcAssertive": 40.7847264728159, "car_lcCooperative": 0.6973080192643409, "car_lcLookaheadLeft": 2.305060066868826, "car_lcPushy": 0.7748966467245978, "car_lcSigma": 0.896416602456847, "car_lcSpeedGainRight": 1.196578537187523, "car_lcSublane": 0.12076718430922972, "car_sigma": 0.2202839877937276, "car_tau_mean": 1.557338559515344, "car_tau_std": 8.830285085638343, "car_v_mean": 16.690662883809512, "car_v_std": 5.734232992128612}, "datetime": {"datetime": "2024-08-08 17:29:28", "elapsed": 353.335519, "delta": 1.496006}}
{"target": -0.30548462006890786, "params": {"bus_acc": 3.2204367473338738, "bus_dcc": 1.6820054396539805, "bus_lcAssertive": 37.20393338140477, "bus_lcCooperative": 0.16996311765691652, "bus_lcLookaheadLeft": 67.0987127586887, "bus_lcPushy": 0.08166718150004504, "bus_lcSigma": 0.3432886894878433, "bus_lcSpeedGainRight": 2.6551265887181366, "bus_lcSublane": 0.5495300822173746, "bus_sigma": 0.367654358738842, "bus_tau_mean": 2.7531321389896872, "bus_tau_std": 1.6444807997265332, "bus_v_mean": 19.588754640375186, "bus_v_std": 18.504993117946928, "car_acc": 4.959303750419245, "car_dcc": 3.6354476727678238, "car_lcAssertive": 26.83096730325874, "car_lcCooperative": 0.03809333265392023, "car_lcLookaheadLeft": 97.45452497432542, "car_lcPushy": 0.5571198921236816, "car_lcSigma": 0.5397099791937598, "car_lcSpeedGainRight": 0.7323056651557541, "car_lcSublane": 0.9124921775393321, "car_sigma": 0.9576095883373343, "car_tau_mean": 3.5087046327540334, "car_tau_std": 6.927604650610965, "car_v_mean": 14.174421578298817, "car_v_std": 18.53455763983358}, "datetime": {"datetime": "2024-08-08 17:29:29", "elapsed": 354.888668, "delta": 1.553149}}
{"target": -0.3040865399025358, "params": {"bus_acc": 3.8250529782052647, "bus_dcc": 2.9840384031447087, "bus_lcAssertive": 5.2857259265168395, "bus_lcCooperative": 0.3614875846417379, "bus_lcLookaheadLeft": 77.82534237342479, "bus_lcPushy": 0.07852291483410356, "bus_lcSigma": 0.8843841167758716, "bus_lcSpeedGainRight": 4.654341481272791, "bus_lcSublane": 0.8530855123898898, "bus_sigma": 0.117377604100948, "bus_tau_mean": 2.4781071859566914, "bus_tau_std": 7.075599478322232, "bus_v_mean": 22.207681439042815, "bus_v_std": 1.9155205859962576, "car_acc": 4.2630823381973135, "car_dcc": 1.834048995006346, "car_lcAssertive": 59.63645119082546, "car_lcCooperative": 0.7197957093739197, "car_lcLookaheadLeft": 78.14787663732092, "car_lcPushy": 0.29466484899886947, "car_lcSigma": 0.6073765389488749, "car_lcSpeedGainRight": 1.4373643710116524, "car_lcSublane": 0.9983167502844696, "car_sigma": 0.8145056079423507, "car_tau_mean": 1.948922706942786, "car_tau_std": 8.791421856642359, "car_v_mean": 19.72001784173526, "car_v_std": 18.574938614555123}, "datetime": {"datetime": "2024-08-08 17:29:31", "elapsed": 356.162526, "delta": 1.273858}}
{"target": -0.2645458833002106, "params": {"bus_acc": 3.140377446754235, "bus_dcc": 3.0296231197354455, "bus_lcAssertive": 78.73824709873374, "bus_lcCooperative": 0.261093302026839, "bus_lcLookaheadLeft": 29.01503293828344, "bus_lcPushy": 0.6052237867144624, "bus_lcSigma": 0.6741811157852274, "bus_lcSpeedGainRight": 0.018067367338567286, "bus_lcSublane": 0.8557009789832759, "bus_sigma": 0.14491204647384837, "bus_tau_mean": 2.293232606927421, "bus_tau_std": 5.621803887080782, "bus_v_mean": 8.115058390273408, "bus_v_std": 8.57701075847441, "car_acc": 3.1349710658778336, "car_dcc": 3.072120101131543, "car_lcAssertive": 90.41421456222399, "car_lcCooperative": 0.06856112649931412, "car_lcLookaheadLeft": 29.743674030849746, "car_lcPushy": 0.527932312951505, "car_lcSigma": 0.29023496468688126, "car_lcSpeedGainRight": 2.1006564327846453, "car_lcSublane": 0.982052953257923, "car_sigma": 0.05693336079497602, "car_tau_mean": 3.7511962427167966, "car_tau_std": 6.67978213958503, "car_v_mean": 15.977288740267722, "car_v_std": 9.293941735363989}, "datetime": {"datetime": "2024-08-08 17:29:32", "elapsed": 357.428711, "delta": 1.266185}}
{"target": -0.3115776408779119, "params": {"bus_acc": 1.7821295005465778, "bus_dcc": 3.2342468486770493, "bus_lcAssertive": 94.95238212624187, "bus_lcCooperative": 0.12937796795269374, "bus_lcLookaheadLeft": 88.21846424616513, "bus_lcPushy": 0.7119198228127357, "bus_lcSigma": 0.5568433174860075, "bus_lcSpeedGainRight": 0.33509319258876014, "bus_lcSublane": 0.7877411169496611, "bus_sigma": 0.8122801542934124, "bus_tau_mean": 3.14103653337737, "bus_tau_std": 5.504895616174639, "bus_v_mean": 18.105676691788844, "bus_v_std": 8.73325788165962, "car_acc": 2.231388035637461, "car_dcc": 1.6231338077860793, "car_lcAssertive": 77.30532805215405, "car_lcCooperative": 0.9347758176814333, "car_lcLookaheadLeft": 62.90853996589476, "car_lcPushy": 0.534247428646956, "car_lcSigma": 0.8832704670053452, "car_lcSpeedGainRight": 0.22401486480908284, "car_lcSublane": 0.30267554093661075, "car_sigma": 0.3824711110627528, "car_tau_mean": 0.6088482174021959, "car_tau_std": 5.1993295461851865, "car_v_mean": 23.04922263897233, "car_v_std": 15.94490038774578}, "datetime": {"datetime": "2024-08-08 17:29:33", "elapsed": 358.260478, "delta": 0.831767}}
{"target": -0.2882864978072764, "params": {"bus_acc": 2.9738339458521117, "bus_dcc": 2.6904475156182954, "bus_lcAssertive": 58.485658738340206, "bus_lcCooperative": 0.13275724414267787, "bus_lcLookaheadLeft": 38.55994613081712, "bus_lcPushy": 0.8116141648408736, "bus_lcSigma": 0.519604609978901, "bus_lcSpeedGainRight": 4.697923432366468, "bus_lcSublane": 0.6158186412937624, "bus_sigma": 0.7794547743824966, "bus_tau_mean": 1.3681010437804115, "bus_tau_std": 5.593076413727026, "bus_v_mean": 20.970230083863342, "bus_v_std": 3.0542202002159913, "car_acc": 3.1606361782868513, "car_dcc": 2.8309038787244396, "car_lcAssertive": 19.51862420873586, "car_lcCooperative": 0.6368905608918393, "car_lcLookaheadLeft": 8.622330684639707, "car_lcPushy": 0.7795396433636577, "car_lcSigma": 0.32597369672247123, "car_lcSpeedGainRight": 2.4139211891423518, "car_lcSublane": 0.38231065330332614, "car_sigma": 0.3269776609737236, "car_tau_mean": 3.9568788905491767, "car_tau_std": 8.789978774384485, "car_v_mean": 12.836698533986988, "car_v_std": 3.212941090219943}, "datetime": {"datetime": "2024-08-08 17:29:34", "elapsed": 359.93301, "delta": 1.672532}}
{"target": -0.3304921663770409, "params": {"bus_acc": 1.3352049076815153, "bus_dcc": 2.5390018420893656, "bus_lcAssertive": 1.0968030077364777, "bus_lcCooperative": 0.7081130395586114, "bus_lcLookaheadLeft": 74.42780636390297, "bus_lcPushy": 0.9733195963038493, "bus_lcSigma": 0.6631646068687582, "bus_lcSpeedGainRight": 2.4710836296511896, "bus_lcSublane": 0.07362331711648329, "bus_sigma": 0.5342950271226653, "bus_tau_mean": 0.9964063791323792, "bus_tau_std": 8.023887623876488, "bus_v_mean": 17.21838160858792, "bus_v_std": 4.25828475301246, "car_acc": 3.828220714699255, "car_dcc": 1.9990254307479742, "car_lcAssertive": 67.24072302037399, "car_lcCooperative": 0.7795510881468012, "car_lcLookaheadLeft": 10.484459632218991, "car_lcPushy": 0.5106564625707463, "car_lcSigma": 0.10367436206390568, "car_lcSpeedGainRight": 3.2473075287509094, "car_lcSublane": 0.3154978825073803, "car_sigma": 0.643501190424533, "car_tau_mean": 0.6699382372394633, "car_tau_std": 8.669963970200289, "car_v_mean": 15.650548080193058, "car_v_std": 15.871063772551047}, "datetime": {"datetime": "2024-08-08 17:29:35", "elapsed": 360.586608, "delta": 0.653598}}
{"target": -0.31591276360886617, "params": {"bus_acc": 2.866165719583533, "bus_dcc": 2.8698334046247997, "bus_lcAssertive": 82.14743517243357, "bus_lcCooperative": 0.4148056144153559, "bus_lcLookaheadLeft": 92.83170521184299, "bus_lcPushy": 0.597383245707438, "bus_lcSigma": 0.0018307971193968209, "bus_lcSpeedGainRight": 3.4001896280125807, "bus_lcSublane": 0.21277364503799268, "bus_sigma": 0.015255832231660937, "bus_tau_mean": 3.0751188107242284, "bus_tau_std": 5.519103823134891, "bus_v_mean": 20.537937428327396, "bus_v_std": 1.763381459054878, "car_acc": 2.4227987336096715, "car_dcc": 1.8991049162848428, "car_lcAssertive": 57.33129677407974, "car_lcCooperative": 0.5101532052376175, "car_lcLookaheadLeft": 78.64837250211872, "car_lcPushy": 0.18705790830807079, "car_lcSigma": 0.5764955065612383, "car_lcSpeedGainRight": 3.221887041733784, "car_lcSublane": 0.4598679872862814, "car_sigma": 0.5579772299699466, "car_tau_mean": 3.910141221685204, "car_tau_std": 7.516724175522118, "car_v_mean": 14.095781776013247, "car_v_std": 8.680325709369164}, "datetime": {"datetime": "2024-08-08 17:29:37", "elapsed": 362.481925, "delta": 1.895317}}
{"target": -0.31767208748417436, "params": {"bus_acc": 2.2672106158509497, "bus_dcc": 2.838854562176656, "bus_lcAssertive": 65.57680721273064, "bus_lcCooperative": 0.1202250039109185, "bus_lcLookaheadLeft": 92.0301784576691, "bus_lcPushy": 0.3681357735171472, "bus_lcSigma": 0.6883767236348786, "bus_lcSpeedGainRight": 4.641691896818823, "bus_lcSublane": 0.6748721631716321, "bus_sigma": 0.9384774127274217, "bus_tau_mean": 2.9468767995802394, "bus_tau_std": 1.708578946238436, "bus_v_mean": 19.662488145200037, "bus_v_std": 8.114402945809939, "car_acc": 2.2742931735191956, "car_dcc": 3.3419388133030385, "car_lcAssertive": 79.25842440097202, "car_lcCooperative": 0.9490117656563958, "car_lcLookaheadLeft": 21.912158930497828, "car_lcPushy": 0.5326643311279697, "car_lcSigma": 0.772122458631183, "car_lcSpeedGainRight": 2.581744343799141, "car_lcSublane": 0.2287864539478861, "car_sigma": 0.9952902913150423, "car_tau_mean": 3.6126194524732287, "car_tau_std": 5.771433371365626, "car_v_mean": 16.608764909495534, "car_v_std": 16.799522361565696}, "datetime": {"datetime": "2024-08-08 17:29:38", "elapsed": 363.57034, "delta": 1.088415}}
{"target": -0.27830543377557676, "params": {"bus_acc": 4.753927567426937, "bus_dcc": 2.0290843294912198, "bus_lcAssertive": 78.19468525277739, "bus_lcCooperative": 0.17473631282740743, "bus_lcLookaheadLeft": 35.51137795764034, "bus_lcPushy": 0.14459772083809674, "bus_lcSigma": 0.716770814146376, "bus_lcSpeedGainRight": 3.496538118484071, "bus_lcSublane": 0.6884973179489188, "bus_sigma": 0.25339603448629966, "bus_tau_mean": 2.923260425681931, "bus_tau_std": 2.2729754091594954, "bus_v_mean": 14.794385854901435, "bus_v_std": 7.438442433353744, "car_acc": 2.421231646480489, "car_dcc": 1.1729644217237691, "car_lcAssertive": 63.53301605972803, "car_lcCooperative": 0.7073166026816995, "car_lcLookaheadLeft": 62.13169206127789, "car_lcPushy": 0.6483127561631246, "car_lcSigma": 0.16994071421725776, "car_lcSpeedGainRight": 0.7472339946943124, "car_lcSublane": 0.5141750435258828, "car_sigma": 0.8753327263545391, "car_tau_mean": 1.143837045415277, "car_tau_std": 4.628391187082599, "car_v_mean": 14.862917344478447, "car_v_std": 9.945783718390327}, "datetime": {"datetime": "2024-08-08 17:29:40", "elapsed": 365.419458, "delta": 1.849118}}
{"target": -0.30555592518882224, "params": {"bus_acc": 1.9344940371438746, "bus_dcc": 2.997254188875242, "bus_lcAssertive": 35.75099524657136, "bus_lcCooperative": 0.8197201954510278, "bus_lcLookaheadLeft": 66.79318027915772, "bus_lcPushy": 0.6243511027441567, "bus_lcSigma": 0.420277839786501, "bus_lcSpeedGainRight": 3.2250114143225987, "bus_lcSublane": 0.8748306547397094, "bus_sigma": 0.3112726535383379, "bus_tau_mean": 1.6996320953086408, "bus_tau_std": 8.48679156518333, "bus_v_mean": 16.47830580552794, "bus_v_std": 18.473761744145413, "car_acc": 1.7502117909375605, "car_dcc": 1.644619783971387, "car_lcAssertive": 86.38341582747344, "car_lcCooperative": 0.09949038095416929, "car_lcLookaheadLeft": 48.222912778470885, "car_lcPushy": 0.8394035592751208, "car_lcSigma": 0.6937366035772592, "car_lcSpeedGainRight": 2.3112074225096753, "car_lcSublane": 0.16519849415031096, "car_sigma": 0.5508158918373094, "car_tau_mean": 3.9579253410720945, "car_tau_std": 8.051575446656331, "car_v_mean": 8.878861344916135, "car_v_std": 14.218567523893704}, "datetime": {"datetime": "2024-08-08 17:29:41", "elapsed": 366.985555, "delta": 1.566097}}
{"target": -0.30803752598324313, "params": {"bus_acc": 1.9405453809342728, "bus_dcc": 2.5159175665440454, "bus_lcAssertive": 36.88933687805735, "bus_lcCooperative": 0.8086200438431687, "bus_lcLookaheadLeft": 43.09488255809043, "bus_lcPushy": 0.9411625571261576, "bus_lcSigma": 0.18245652434354098, "bus_lcSpeedGainRight": 2.4139373907884325, "bus_lcSublane": 0.8942473715874777, "bus_sigma": 0.06573604136793065, "bus_tau_mean": 1.4773108215130177, "bus_tau_std": 2.0277292541438428, "bus_v_mean": 23.757004148579604, "bus_v_std": 9.369075129362422, "car_acc": 4.552684592130964, "car_dcc": 3.561776227825572, "car_lcAssertive": 11.292889740891985, "car_lcCooperative": 0.3499435627110252, "car_lcLookaheadLeft": 50.67616056237039, "car_lcPushy": 0.878895044167669, "car_lcSigma": 0.9818540680087512, "car_lcSpeedGainRight": 1.6847446465858447, "car_lcSublane": 0.7819485950343507, "car_sigma": 0.8587173362075939, "car_tau_mean": 1.4843725198390922, "car_tau_std": 1.9892743537769708, "car_v_mean": 18.345818866560016, "car_v_std": 11.282786660804776}, "datetime": {"datetime": "2024-08-08 17:29:43", "elapsed": 368.292083, "delta": 1.306528}}
{"target": -0.3327929112410452, "params": {"bus_acc": 2.0048127333975465, "bus_dcc": 2.967282303710098, "bus_lcAssertive": 96.07931767378179, "bus_lcCooperative": 0.0035547604644260433, "bus_lcLookaheadLeft": 72.88938235064201, "bus_lcPushy": 0.10899503392964371, "bus_lcSigma": 0.5437874916638252, "bus_lcSpeedGainRight": 3.134580083401673, "bus_lcSublane": 0.24294712577080113, "bus_sigma": 0.9138438752466082, "bus_tau_mean": 2.6780938504206624, "bus_tau_std": 2.3169469139485988, "bus_v_mean": 20.32211500159692, "bus_v_std": 2.1101415999466955, "car_acc": 3.220901274125378, "car_dcc": 1.2848682094074744, "car_lcAssertive": 58.51742319482693, "car_lcCooperative": 0.2529801127201884, "car_lcLookaheadLeft": 65.64774717956513, "car_lcPushy": 0.71582695285818, "car_lcSigma": 0.5241856145686612, "car_lcSpeedGainRight": 3.2876070385155503, "car_lcSublane": 0.8132938453250557, "car_sigma": 0.8075122716430321, "car_tau_mean": 2.6688869721885196, "car_tau_std": 4.511024621207749, "car_v_mean": 14.52719982475788, "car_v_std": 17.494952398087268}, "datetime": {"datetime": "2024-08-08 17:29:44", "elapsed": 369.51413, "delta": 1.222047}}
{"target": -0.29474173108154683, "params": {"bus_acc": 2.511080812562951, "bus_dcc": 3.2893642320561356, "bus_lcAssertive": 89.7425144491882, "bus_lcCooperative": 0.9101921629339087, "bus_lcLookaheadLeft": 50.65564251690259, "bus_lcPushy": 0.7626102319611849, "bus_lcSigma": 0.7089620332115116, "bus_lcSpeedGainRight": 4.756484269096245, "bus_lcSublane": 0.24155449014718622, "bus_sigma": 0.5613397077830184, "bus_tau_mean": 0.6532064364873341, "bus_tau_std": 9.231779590175359, "bus_v_mean": 23.124105260137682, "bus_v_std": 10.018126897790665, "car_acc": 3.344469792743455, "car_dcc": 3.315825535170638, "car_lcAssertive": 25.68378724346816, "car_lcCooperative": 0.3789904760461922, "car_lcLookaheadLeft": 30.283348427501537, "car_lcPushy": 0.5388039652149142, "car_lcSigma": 0.9489568238140139, "car_lcSpeedGainRight": 1.9270034977492756, "car_lcSublane": 0.045009765813739055, "car_sigma": 0.6825186327094862, "car_tau_mean": 2.2326073106295734, "car_tau_std": 2.9651200089872187, "car_v_mean": 14.654217707347378, "car_v_std": 17.25020593763542}, "datetime": {"datetime": "2024-08-08 17:29:47", "elapsed": 372.774137, "delta": 3.260007}}
{"target": -0.2968717457355174, "params": {"bus_acc": 2.1226302135418385, "bus_dcc": 1.7511858590742755, "bus_lcAssertive": 1.0602555886107112, "bus_lcCooperative": 0.6928853192293604, "bus_lcLookaheadLeft": 77.84118437515335, "bus_lcPushy": 0.8203492980213409, "bus_lcSigma": 0.8516296143866011, "bus_lcSpeedGainRight": 0.7576244049042169, "bus_lcSublane": 0.8900366384529912, "bus_sigma": 0.6582128898145322, "bus_tau_mean": 2.936467819849663, "bus_tau_std": 5.640716642088865, "bus_v_mean": 23.03491197355372, "bus_v_std": 5.0369408700224145, "car_acc": 4.147537134890951, "car_dcc": 2.4857753991064273, "car_lcAssertive": 89.19912046787391, "car_lcCooperative": 0.2761986897941914, "car_lcLookaheadLeft": 3.4941971007035644, "car_lcPushy": 0.06489100463442987, "car_lcSigma": 0.8996350862213649, "car_lcSpeedGainRight": 3.205751116227499, "car_lcSublane": 0.7302687217068667, "car_sigma": 0.5043617045380032, "car_tau_mean": 2.451511101443811, "car_tau_std": 3.6389448265544355, "car_v_mean": 20.52217037236401, "car_v_std": 15.137305024150482}, "datetime": {"datetime": "2024-08-08 17:29:48", "elapsed": 374.053587, "delta": 1.27945}}
{"target": -0.3574145677494948, "params": {"bus_acc": 4.527333923007187, "bus_dcc": 3.621008108070815, "bus_lcAssertive": 98.76437196173971, "bus_lcCooperative": 0.7158319690725937, "bus_lcLookaheadLeft": 87.93460258124786, "bus_lcPushy": 0.3196501118620526, "bus_lcSigma": 0.11117695191980603, "bus_lcSpeedGainRight": 4.326820528911899, "bus_lcSublane": 0.30347259796152504, "bus_sigma": 0.4193322981668862, "bus_tau_mean": 2.7611058997505045, "bus_tau_std": 6.050991341555126, "bus_v_mean": 14.734769352238079, "bus_v_std": 7.723010237411872, "car_acc": 1.4907241674360252, "car_dcc": 2.60158565291025, "car_lcAssertive": 24.052555627155602, "car_lcCooperative": 0.7548078511004613, "car_lcLookaheadLeft": 68.13731724812101, "car_lcPushy": 0.07192696480921446, "car_lcSigma": 0.9892646847358003, "car_lcSpeedGainRight": 3.902284677871706, "car_lcSublane": 0.22782588689059757, "car_sigma": 0.030742818349697054, "car_tau_mean": 2.174301408750945, "car_tau_std": 3.5274243750107406, "car_v_mean": 16.744183989827647, "car_v_std": 13.193279108498421}, "datetime": {"datetime": "2024-08-08 17:29:50", "elapsed": 375.595381, "delta": 1.541794}}
{"target": -0.3579313243834377, "params": {"bus_acc": 1.4472969590064313, "bus_dcc": 2.5931420637616664, "bus_lcAssertive": 81.53913136901502, "bus_lcCooperative": 0.37629418365689815, "bus_lcLookaheadLeft": 45.685903574923074, "bus_lcPushy": 0.7509025596645666, "bus_lcSigma": 0.09834637894842024, "bus_lcSpeedGainRight": 1.8026315249823044, "bus_lcSublane": 0.5637062552864558, "bus_sigma": 0.23858559594258377, "bus_tau_mean": 3.439838201027115, "bus_tau_std": 7.658509922899394, "bus_v_mean": 23.44868127347742, "bus_v_std": 10.459761500274574, "car_acc": 1.4260986319623723, "car_dcc": 3.809851069184461, "car_lcAssertive": 83.58936296013856, "car_lcCooperative": 0.5444181610032376, "car_lcLookaheadLeft": 83.9576231837696, "car_lcPushy": 0.8816909193539424, "car_lcSigma": 0.7760811373668977, "car_lcSpeedGainRight": 2.856269885212087, "car_lcSublane": 0.6152987214660823, "car_sigma": 0.8443906826433587, "car_tau_mean": 2.677758227098768, "car_tau_std": 2.0647995918763162, "car_v_mean": 19.063814776863516, "car_v_std": 10.640275001547632}, "datetime": {"datetime": "2024-08-08 17:29:52", "elapsed": 377.712266, "delta": 2.116885}}
