{"target": -0.04301969663955593, "params": {"bus_acc": 1.55, "bus_dcc": 1.59, "bus_lcAssertive": 51.56, "bus_lcCooperative": 0.19, "bus_lcLookaheadLeft": 42.44, "bus_lcPushy": 0.66, "bus_lcSublane": 0.2, "bus_max_v": 18.18, "bus_tau_mean": 0.56, "bus_tau_std": 9.82, "car_acc": 1.93, "car_dcc": 2.61, "car_lcAssertive": 36.8, "car_lcCooperative": 0.23, "car_lcLookaheadLeft": 53.86, "car_lcPushy": 0.27, "car_lcSublane": 0.53, "car_max_v": 12.26, "car_tau_mean": 3.77, "car_tau_std": 0.76}, "datetime": {"datetime": "2024-08-03 21:45:43", "elapsed": 976.077105, "delta": 14.90954}}
{"target": -0.05009222813689241, "params": {"bus_acc": 2.0, "bus_dcc": 3.99, "bus_lcAssertive": 16.53, "bus_lcCooperative": 0.58, "bus_lcLookaheadLeft": 2.79, "bus_lcPushy": 0.22, "bus_lcSublane": 0.49, "bus_max_v": 14.14, "bus_tau_mean": 2.25, "bus_tau_std": 1.08, "car_acc": 2.19, "car_dcc": 3.74, "car_lcAssertive": 70.05, "car_lcCooperative": 0.16, "car_lcLookaheadLeft": 27.04, "car_lcPushy": 0.04, "car_lcSublane": 0.22, "car_max_v": 12.35, "car_tau_mean": 3.92, "car_tau_std": 2.48}, "datetime": {"datetime": "2024-08-03 21:45:45", "elapsed": 978.293504, "delta": 2.216399}}
{"target": -0.04772636005961947, "params": {"bus_acc": 1.26, "bus_dcc": 2.39, "bus_lcAssertive": 58.83, "bus_lcCooperative": 0.06, "bus_lcLookaheadLeft": 7.33, "bus_lcPushy": 0.0, "bus_lcSublane": 0.85, "bus_max_v": 13.75, "bus_tau_mean": 2.13, "bus_tau_std": 1.21, "car_acc": 1.45, "car_dcc": 3.03, "car_lcAssertive": 77.89, "car_lcCooperative": 0.52, "car_lcLookaheadLeft": 12.62, "car_lcPushy": 0.19, "car_lcSublane": 0.25, "car_max_v": 15.57, "car_tau_mean": 1.72, "car_tau_std": 8.88}, "datetime": {"datetime": "2024-08-03 21:45:50", "elapsed": 983.320443, "delta": 5.026939}}
{"target": -0.041654809354517965, "params": {"bus_acc": 2.45, "bus_dcc": 2.26, "bus_lcAssertive": 72.63, "bus_lcCooperative": 0.91, "bus_lcLookaheadLeft": 92.76, "bus_lcPushy": 0.05, "bus_lcSublane": 0.25, "bus_max_v": 11.51, "bus_tau_mean": 3.5, "bus_tau_std": 1.64, "car_acc": 1.24, "car_dcc": 1.33, "car_lcAssertive": 62.65, "car_lcCooperative": 0.55, "car_lcLookaheadLeft": 97.35, "car_lcPushy": 0.91, "car_lcSublane": 0.61, "car_max_v": 11.77, "car_tau_mean": 1.97, "car_tau_std": 8.61}, "datetime": {"datetime": "2024-08-03 21:45:53", "elapsed": 986.222361, "delta": 2.901918}}
{"target": -0.035452476150836944, "params": {"bus_acc": 1.28, "bus_dcc": 2.16, "bus_lcAssertive": 48.86, "bus_lcCooperative": 0.06, "bus_lcLookaheadLeft": 46.3, "bus_lcPushy": 0.26, "bus_lcSublane": 0.57, "bus_max_v": 16.21, "bus_tau_mean": 1.19, "bus_tau_std": 2.83, "car_acc": 1.06, "car_dcc": 1.18, "car_lcAssertive": 3.03, "car_lcCooperative": 0.11, "car_lcLookaheadLeft": 61.37, "car_lcPushy": 0.89, "car_lcSublane": 0.58, "car_max_v": 13.67, "car_tau_mean": 3.93, "car_tau_std": 0.75}, "datetime": {"datetime": "2024-08-03 21:45:56", "elapsed": 988.532054, "delta": 2.309693}}
{"target": -0.05098646873968945, "params": {"bus_acc": 2.24, "bus_dcc": 3.94, "bus_lcAssertive": 63.13, "bus_lcCooperative": 0.85, "bus_lcLookaheadLeft": 4.02, "bus_lcPushy": 0.12, "bus_lcSublane": 0.01, "bus_max_v": 18.22, "bus_tau_mean": 1.59, "bus_tau_std": 1.22, "car_acc": 1.74, "car_dcc": 2.43, "car_lcAssertive": 76.33, "car_lcCooperative": 0.9, "car_lcLookaheadLeft": 11.9, "car_lcPushy": 0.97, "car_lcSublane": 0.52, "car_max_v": 14.67, "car_tau_mean": 2.49, "car_tau_std": 1.4}, "datetime": {"datetime": "2024-08-03 21:45:58", "elapsed": 991.137276, "delta": 2.605222}}
{"target": -0.04684514182698049, "params": {"bus_acc": 1.91, "bus_dcc": 1.52, "bus_lcAssertive": 9.83, "bus_lcCooperative": 0.17, "bus_lcLookaheadLeft": 50.69, "bus_lcPushy": 0.86, "bus_lcSublane": 0.26, "bus_max_v": 17.9, "bus_tau_mean": 1.46, "bus_tau_std": 3.06, "car_acc": 1.34, "car_dcc": 1.32, "car_lcAssertive": 2.22, "car_lcCooperative": 0.7, "car_lcLookaheadLeft": 54.57, "car_lcPushy": 0.83, "car_lcSublane": 0.02, "car_max_v": 18.27, "car_tau_mean": 3.49, "car_tau_std": 7.84}, "datetime": {"datetime": "2024-08-03 21:46:01", "elapsed": 993.737355, "delta": 2.600079}}
{"target": -0.04566826618695668, "params": {"bus_acc": 2.38, "bus_dcc": 1.43, "bus_lcAssertive": 32.52, "bus_lcCooperative": 0.21, "bus_lcLookaheadLeft": 52.56, "bus_lcPushy": 0.48, "bus_lcSublane": 0.07, "bus_max_v": 22.27, "bus_tau_mean": 2.37, "bus_tau_std": 4.94, "car_acc": 1.76, "car_dcc": 1.5, "car_lcAssertive": 62.22, "car_lcCooperative": 0.85, "car_lcLookaheadLeft": 71.73, "car_lcPushy": 0.11, "car_lcSublane": 0.55, "car_max_v": 10.76, "car_tau_mean": 2.72, "car_tau_std": 7.18}, "datetime": {"datetime": "2024-08-03 21:46:03", "elapsed": 995.755215, "delta": 2.01786}}
{"target": -0.05010362483979014, "params": {"bus_acc": 2.43, "bus_dcc": 2.43, "bus_lcAssertive": 89.94, "bus_lcCooperative": 0.89, "bus_lcLookaheadLeft": 19.96, "bus_lcPushy": 0.55, "bus_lcSublane": 0.93, "bus_max_v": 17.92, "bus_tau_mean": 3.45, "bus_tau_std": 6.15, "car_acc": 2.05, "car_dcc": 2.01, "car_lcAssertive": 57.16, "car_lcCooperative": 0.98, "car_lcLookaheadLeft": 97.93, "car_lcPushy": 0.5, "car_lcSublane": 0.08, "car_max_v": 13.32, "car_tau_mean": 0.76, "car_tau_std": 4.89}, "datetime": {"datetime": "2024-08-03 21:46:07", "elapsed": 1000.218257, "delta": 4.463042}}
{"target": -0.04862290663846477, "params": {"bus_acc": 1.26, "bus_dcc": 2.19, "bus_lcAssertive": 75.71, "bus_lcCooperative": 0.87, "bus_lcLookaheadLeft": 30.62, "bus_lcPushy": 0.49, "bus_lcSublane": 0.65, "bus_max_v": 18.05, "bus_tau_mean": 2.73, "bus_tau_std": 3.62, "car_acc": 1.68, "car_dcc": 2.98, "car_lcAssertive": 44.44, "car_lcCooperative": 0.45, "car_lcLookaheadLeft": 40.09, "car_lcPushy": 0.13, "car_lcSublane": 0.44, "car_max_v": 13.38, "car_tau_mean": 0.61, "car_tau_std": 4.97}, "datetime": {"datetime": "2024-08-03 21:46:11", "elapsed": 1003.499546, "delta": 3.281289}}
{"target": -0.03904176614487281, "params": {"bus_acc": 2.74, "bus_dcc": 2.69, "bus_lcAssertive": 76.94, "bus_lcCooperative": 0.83, "bus_lcLookaheadLeft": 12.51, "bus_lcPushy": 0.7, "bus_lcSublane": 0.12, "bus_max_v": 21.3, "bus_tau_mean": 3.46, "bus_tau_std": 2.79, "car_acc": 1.02, "car_dcc": 3.03, "car_lcAssertive": 35.39, "car_lcCooperative": 0.63, "car_lcLookaheadLeft": 43.24, "car_lcPushy": 0.55, "car_lcSublane": 0.67, "car_max_v": 19.36, "car_tau_mean": 3.48, "car_tau_std": 3.13}, "datetime": {"datetime": "2024-08-03 21:46:22", "elapsed": 1014.527857, "delta": 11.028311}}
{"target": -0.05252988303447206, "params": {"bus_acc": 2.54, "bus_dcc": 3.34, "bus_lcAssertive": 37.78, "bus_lcCooperative": 0.87, "bus_lcLookaheadLeft": 65.8, "bus_lcPushy": 0.09, "bus_lcSublane": 0.13, "bus_max_v": 14.62, "bus_tau_mean": 2.44, "bus_tau_std": 9.45, "car_acc": 1.84, "car_dcc": 1.5, "car_lcAssertive": 54.74, "car_lcCooperative": 0.61, "car_lcLookaheadLeft": 36.4, "car_lcPushy": 0.79, "car_lcSublane": 0.85, "car_max_v": 16.9, "car_tau_mean": 2.82, "car_tau_std": 1.61}, "datetime": {"datetime": "2024-08-03 21:46:24", "elapsed": 1016.70146, "delta": 2.173603}}
{"target": -0.05497966787342787, "params": {"bus_acc": 2.54, "bus_dcc": 1.92, "bus_lcAssertive": 11.33, "bus_lcCooperative": 0.22, "bus_lcLookaheadLeft": 80.95, "bus_lcPushy": 0.37, "bus_lcSublane": 0.98, "bus_max_v": 8.95, "bus_tau_mean": 2.01, "bus_tau_std": 2.03, "car_acc": 2.11, "car_dcc": 1.07, "car_lcAssertive": 59.99, "car_lcCooperative": 0.38, "car_lcLookaheadLeft": 47.4, "car_lcPushy": 0.01, "car_lcSublane": 0.74, "car_max_v": 19.87, "car_tau_mean": 3.9, "car_tau_std": 2.41}, "datetime": {"datetime": "2024-08-03 21:46:27", "elapsed": 1019.766339, "delta": 3.064879}}
{"target": -0.055539600738537385, "params": {"bus_acc": 1.31, "bus_dcc": 1.43, "bus_lcAssertive": 14.88, "bus_lcCooperative": 0.08, "bus_lcLookaheadLeft": 9.83, "bus_lcPushy": 0.69, "bus_lcSublane": 0.78, "bus_max_v": 11.11, "bus_tau_mean": 2.56, "bus_tau_std": 7.33, "car_acc": 2.1, "car_dcc": 2.95, "car_lcAssertive": 7.5, "car_lcCooperative": 0.22, "car_lcLookaheadLeft": 34.06, "car_lcPushy": 0.53, "car_lcSublane": 0.62, "car_max_v": 22.77, "car_tau_mean": 2.57, "car_tau_std": 9.21}, "datetime": {"datetime": "2024-08-03 21:46:43", "elapsed": 1036.060129, "delta": 16.29379}}
{"target": -0.04965061797648456, "params": {"bus_acc": 1.58, "bus_dcc": 3.54, "bus_lcAssertive": 73.43, "bus_lcCooperative": 0.35, "bus_lcLookaheadLeft": 49.08, "bus_lcPushy": 0.81, "bus_lcSublane": 0.37, "bus_max_v": 13.39, "bus_tau_mean": 1.11, "bus_tau_std": 3.51, "car_acc": 1.99, "car_dcc": 1.89, "car_lcAssertive": 74.55, "car_lcCooperative": 0.86, "car_lcLookaheadLeft": 2.9, "car_lcPushy": 0.66, "car_lcSublane": 0.73, "car_max_v": 12.52, "car_tau_mean": 2.52, "car_tau_std": 4.2}, "datetime": {"datetime": "2024-08-03 21:46:51", "elapsed": 1043.469012, "delta": 7.408883}}
{"target": -0.048041984853319036, "params": {"bus_acc": 2.11, "bus_dcc": 2.88, "bus_lcAssertive": 15.06, "bus_lcCooperative": 0.88, "bus_lcLookaheadLeft": 52.13, "bus_lcPushy": 0.86, "bus_lcSublane": 0.27, "bus_max_v": 11.44, "bus_tau_mean": 3.81, "bus_tau_std": 3.8, "car_acc": 1.41, "car_dcc": 2.1, "car_lcAssertive": 7.76, "car_lcCooperative": 0.69, "car_lcLookaheadLeft": 53.52, "car_lcPushy": 0.89, "car_lcSublane": 0.91, "car_max_v": 21.19, "car_tau_mean": 1.97, "car_tau_std": 6.97}, "datetime": {"datetime": "2024-08-03 21:46:55", "elapsed": 1048.100767, "delta": 4.631755}}
{"target": -0.049413160045282116, "params": {"bus_acc": 2.12, "bus_dcc": 2.67, "bus_lcAssertive": 51.16, "bus_lcCooperative": 0.31, "bus_lcLookaheadLeft": 96.75, "bus_lcPushy": 0.09, "bus_lcSublane": 0.03, "bus_max_v": 19.12, "bus_tau_mean": 2.87, "bus_tau_std": 0.37, "car_acc": 1.47, "car_dcc": 2.7, "car_lcAssertive": 92.43, "car_lcCooperative": 0.31, "car_lcLookaheadLeft": 72.94, "car_lcPushy": 0.49, "car_lcSublane": 0.55, "car_max_v": 13.37, "car_tau_mean": 0.89, "car_tau_std": 1.09}, "datetime": {"datetime": "2024-08-03 21:46:58", "elapsed": 1051.088149, "delta": 2.987382}}
{"target": -0.050296886770955035, "params": {"bus_acc": 1.03, "bus_dcc": 1.21, "bus_lcAssertive": 36.77, "bus_lcCooperative": 0.01, "bus_lcLookaheadLeft": 77.84, "bus_lcPushy": 0.68, "bus_lcSublane": 0.41, "bus_max_v": 8.43, "bus_tau_mean": 3.97, "bus_tau_std": 9.57, "car_acc": 1.7, "car_dcc": 3.4, "car_lcAssertive": 93.83, "car_lcCooperative": 0.84, "car_lcLookaheadLeft": 40.49, "car_lcPushy": 0.66, "car_lcSublane": 0.44, "car_max_v": 14.18, "car_tau_mean": 2.5, "car_tau_std": 4.72}, "datetime": {"datetime": "2024-08-03 21:47:22", "elapsed": 1075.395061, "delta": 24.306912}}
{"target": -0.045637909033397185, "params": {"bus_acc": 2.19, "bus_dcc": 1.07, "bus_lcAssertive": 33.03, "bus_lcCooperative": 1.0, "bus_lcLookaheadLeft": 2.3, "bus_lcPushy": 0.95, "bus_lcSublane": 0.87, "bus_max_v": 14.95, "bus_tau_mean": 0.5, "bus_tau_std": 8.98, "car_acc": 2.14, "car_dcc": 1.29, "car_lcAssertive": 92.67, "car_lcCooperative": 0.37, "car_lcLookaheadLeft": 49.53, "car_lcPushy": 0.99, "car_lcSublane": 0.69, "car_max_v": 13.37, "car_tau_mean": 3.3, "car_tau_std": 2.02}, "datetime": {"datetime": "2024-08-03 21:47:24", "elapsed": 1076.812839, "delta": 1.417778}}
{"target": -0.050005216326623365, "params": {"bus_acc": 2.83, "bus_dcc": 1.76, "bus_lcAssertive": 5.17, "bus_lcCooperative": 0.31, "bus_lcLookaheadLeft": 44.82, "bus_lcPushy": 0.21, "bus_lcSublane": 0.66, "bus_max_v": 10.69, "bus_tau_mean": 1.24, "bus_tau_std": 4.06, "car_acc": 1.83, "car_dcc": 3.14, "car_lcAssertive": 83.15, "car_lcCooperative": 0.83, "car_lcLookaheadLeft": 77.32, "car_lcPushy": 0.24, "car_lcSublane": 0.87, "car_max_v": 15.71, "car_tau_mean": 2.43, "car_tau_std": 4.71}, "datetime": {"datetime": "2024-08-03 21:47:30", "elapsed": 1083.057568, "delta": 6.244729}}
{"target": -0.04869382315412934, "params": {"bus_acc": 1.92, "bus_dcc": 1.75, "bus_lcAssertive": 55.55, "bus_lcCooperative": 0.12, "bus_lcLookaheadLeft": 53.5, "bus_lcPushy": 0.3, "bus_lcSublane": 0.05, "bus_max_v": 17.5, "bus_tau_mean": 1.44, "bus_tau_std": 3.0, "car_acc": 1.79, "car_dcc": 3.74, "car_lcAssertive": 52.23, "car_lcCooperative": 0.49, "car_lcLookaheadLeft": 71.49, "car_lcPushy": 0.01, "car_lcSublane": 0.05, "car_max_v": 17.26, "car_tau_mean": 3.21, "car_tau_std": 0.3}, "datetime": {"datetime": "2024-08-03 21:47:31", "elapsed": 1084.360474, "delta": 1.302906}}
{"target": -0.05255724309288176, "params": {"bus_acc": 1.92, "bus_dcc": 2.58, "bus_lcAssertive": 62.45, "bus_lcCooperative": 0.73, "bus_lcLookaheadLeft": 44.98, "bus_lcPushy": 0.5, "bus_lcSublane": 0.41, "bus_max_v": 13.36, "bus_tau_mean": 1.91, "bus_tau_std": 6.54, "car_acc": 2.06, "car_dcc": 3.34, "car_lcAssertive": 31.66, "car_lcCooperative": 0.53, "car_lcLookaheadLeft": 89.73, "car_lcPushy": 0.33, "car_lcSublane": 0.69, "car_max_v": 13.31, "car_tau_mean": 2.46, "car_tau_std": 1.73}, "datetime": {"datetime": "2024-08-03 21:47:35", "elapsed": 1087.445576, "delta": 3.085102}}
{"target": -0.05170052180282853, "params": {"bus_acc": 2.42, "bus_dcc": 1.01, "bus_lcAssertive": 9.42, "bus_lcCooperative": 0.18, "bus_lcLookaheadLeft": 55.41, "bus_lcPushy": 0.17, "bus_lcSublane": 0.24, "bus_max_v": 10.68, "bus_tau_mean": 1.5, "bus_tau_std": 6.55, "car_acc": 1.72, "car_dcc": 3.73, "car_lcAssertive": 68.65, "car_lcCooperative": 0.06, "car_lcLookaheadLeft": 88.51, "car_lcPushy": 0.46, "car_lcSublane": 0.2, "car_max_v": 14.99, "car_tau_mean": 1.59, "car_tau_std": 5.18}, "datetime": {"datetime": "2024-08-03 21:47:41", "elapsed": 1094.055736, "delta": 6.61016}}
{"target": -0.10981063832209614, "params": {"bus_acc": 2.2, "bus_dcc": 2.83, "bus_lcAssertive": 62.31, "bus_lcCooperative": 0.44, "bus_lcLookaheadLeft": 4.73, "bus_lcPushy": 0.71, "bus_lcSublane": 0.47, "bus_max_v": 7.74, "bus_tau_mean": 1.68, "bus_tau_std": 9.55, "car_acc": 2.48, "car_dcc": 3.66, "car_lcAssertive": 93.77, "car_lcCooperative": 0.92, "car_lcLookaheadLeft": 53.02, "car_lcPushy": 0.11, "car_lcSublane": 0.63, "car_max_v": 7.7, "car_tau_mean": 1.48, "car_tau_std": 8.6}, "datetime": {"datetime": "2024-08-03 21:47:53", "elapsed": 1105.725806, "delta": 11.67007}}
{"target": -0.049082926769867835, "params": {"bus_acc": 1.89, "bus_dcc": 3.33, "bus_lcAssertive": 56.65, "bus_lcCooperative": 0.11, "bus_lcLookaheadLeft": 96.66, "bus_lcPushy": 0.7, "bus_lcSublane": 0.94, "bus_max_v": 20.84, "bus_tau_mean": 2.93, "bus_tau_std": 1.28, "car_acc": 2.8, "car_dcc": 1.68, "car_lcAssertive": 88.73, "car_lcCooperative": 0.44, "car_lcLookaheadLeft": 73.19, "car_lcPushy": 0.68, "car_lcSublane": 0.43, "car_max_v": 14.25, "car_tau_mean": 3.8, "car_tau_std": 1.45}, "datetime": {"datetime": "2024-08-03 21:48:04", "elapsed": 1116.856913, "delta": 11.131107}}
{"target": -0.042202496163303814, "params": {"bus_acc": 2.39, "bus_dcc": 1.66, "bus_lcAssertive": 43.05, "bus_lcCooperative": 0.07, "bus_lcLookaheadLeft": 78.1, "bus_lcPushy": 0.79, "bus_lcSublane": 0.24, "bus_max_v": 14.23, "bus_tau_mean": 0.71, "bus_tau_std": 8.64, "car_acc": 2.69, "car_dcc": 1.87, "car_lcAssertive": 8.89, "car_lcCooperative": 0.69, "car_lcLookaheadLeft": 85.97, "car_lcPushy": 0.61, "car_lcSublane": 0.53, "car_max_v": 9.72, "car_tau_mean": 3.84, "car_tau_std": 8.63}, "datetime": {"datetime": "2024-08-03 21:48:18", "elapsed": 1131.307065, "delta": 14.450152}}
{"target": -0.05170729556683686, "params": {"bus_acc": 1.03, "bus_dcc": 1.68, "bus_lcAssertive": 5.63, "bus_lcCooperative": 0.52, "bus_lcLookaheadLeft": 48.13, "bus_lcPushy": 0.65, "bus_lcSublane": 0.75, "bus_max_v": 10.52, "bus_tau_mean": 2.81, "bus_tau_std": 3.02, "car_acc": 1.98, "car_dcc": 3.01, "car_lcAssertive": 84.13, "car_lcCooperative": 0.72, "car_lcLookaheadLeft": 77.76, "car_lcPushy": 0.48, "car_lcSublane": 0.58, "car_max_v": 11.27, "car_tau_mean": 3.48, "car_tau_std": 6.19}, "datetime": {"datetime": "2024-08-03 21:48:29", "elapsed": 1142.047799, "delta": 10.740734}}
{"target": -0.047018310348087955, "params": {"bus_acc": 2.8, "bus_dcc": 2.85, "bus_lcAssertive": 70.59, "bus_lcCooperative": 0.95, "bus_lcLookaheadLeft": 7.18, "bus_lcPushy": 0.79, "bus_lcSublane": 0.19, "bus_max_v": 14.09, "bus_tau_mean": 3.69, "bus_tau_std": 1.98, "car_acc": 1.36, "car_dcc": 2.63, "car_lcAssertive": 45.73, "car_lcCooperative": 0.64, "car_lcLookaheadLeft": 23.45, "car_lcPushy": 0.71, "car_lcSublane": 0.02, "car_max_v": 16.6, "car_tau_mean": 2.86, "car_tau_std": 3.39}, "datetime": {"datetime": "2024-08-03 21:48:38", "elapsed": 1150.724666, "delta": 8.676867}}
{"target": -0.046776716110009435, "params": {"bus_acc": 1.21, "bus_dcc": 2.5, "bus_lcAssertive": 85.91, "bus_lcCooperative": 0.17, "bus_lcLookaheadLeft": 13.71, "bus_lcPushy": 0.62, "bus_lcSublane": 0.68, "bus_max_v": 15.26, "bus_tau_mean": 1.2, "bus_tau_std": 1.74, "car_acc": 1.89, "car_dcc": 2.81, "car_lcAssertive": 26.77, "car_lcCooperative": 0.85, "car_lcLookaheadLeft": 61.57, "car_lcPushy": 0.49, "car_lcSublane": 0.92, "car_max_v": 14.16, "car_tau_mean": 1.18, "car_tau_std": 8.56}, "datetime": {"datetime": "2024-08-03 21:48:43", "elapsed": 1155.886973, "delta": 5.162307}}
{"target": -0.045116839452714386, "params": {"bus_acc": 2.79, "bus_dcc": 1.21, "bus_lcAssertive": 46.65, "bus_lcCooperative": 0.13, "bus_lcLookaheadLeft": 53.54, "bus_lcPushy": 0.44, "bus_lcSublane": 0.72, "bus_max_v": 19.05, "bus_tau_mean": 2.34, "bus_tau_std": 4.96, "car_acc": 1.6, "car_dcc": 2.97, "car_lcAssertive": 86.32, "car_lcCooperative": 0.06, "car_lcLookaheadLeft": 20.57, "car_lcPushy": 0.66, "car_lcSublane": 0.27, "car_max_v": 14.51, "car_tau_mean": 3.46, "car_tau_std": 3.77}, "datetime": {"datetime": "2024-08-03 21:48:51", "elapsed": 1163.714589, "delta": 7.827616}}
{"target": -0.070272738846202, "params": {"bus_acc": 1.16, "bus_dcc": 1.48, "bus_lcAssertive": 49.63, "bus_lcCooperative": 0.32, "bus_lcLookaheadLeft": 87.15, "bus_lcPushy": 0.74, "bus_lcSublane": 0.64, "bus_max_v": 6.27, "bus_tau_mean": 2.59, "bus_tau_std": 8.27, "car_acc": 1.35, "car_dcc": 2.72, "car_lcAssertive": 56.26, "car_lcCooperative": 0.25, "car_lcLookaheadLeft": 79.14, "car_lcPushy": 0.09, "car_lcSublane": 0.53, "car_max_v": 18.21, "car_tau_mean": 3.71, "car_tau_std": 6.2}, "datetime": {"datetime": "2024-08-03 21:48:56", "elapsed": 1169.383288, "delta": 5.668699}}
{"target": -0.040278401553710964, "params": {"bus_acc": 1.45, "bus_dcc": 2.68, "bus_lcAssertive": 3.84, "bus_lcCooperative": 0.07, "bus_lcLookaheadLeft": 7.24, "bus_lcPushy": 0.67, "bus_lcSublane": 0.72, "bus_max_v": 20.43, "bus_tau_mean": 2.11, "bus_tau_std": 2.24, "car_acc": 1.14, "car_dcc": 2.73, "car_lcAssertive": 57.35, "car_lcCooperative": 0.68, "car_lcLookaheadLeft": 25.46, "car_lcPushy": 0.89, "car_lcSublane": 0.68, "car_max_v": 18.36, "car_tau_mean": 2.33, "car_tau_std": 6.62}, "datetime": {"datetime": "2024-08-03 21:48:59", "elapsed": 1171.592971, "delta": 2.209683}}
{"target": -0.056787100422741064, "params": {"bus_acc": 1.66, "bus_dcc": 3.76, "bus_lcAssertive": 23.5, "bus_lcCooperative": 0.46, "bus_lcLookaheadLeft": 90.18, "bus_lcPushy": 0.19, "bus_lcSublane": 0.94, "bus_max_v": 14.03, "bus_tau_mean": 2.09, "bus_tau_std": 3.35, "car_acc": 2.67, "car_dcc": 2.77, "car_lcAssertive": 68.75, "car_lcCooperative": 0.01, "car_lcLookaheadLeft": 87.45, "car_lcPushy": 0.69, "car_lcSublane": 0.26, "car_max_v": 20.93, "car_tau_mean": 1.05, "car_tau_std": 3.5}, "datetime": {"datetime": "2024-08-03 21:49:03", "elapsed": 1175.441792, "delta": 3.848821}}
{"target": -0.048023637208783145, "params": {"bus_acc": 1.96, "bus_dcc": 3.02, "bus_lcAssertive": 15.58, "bus_lcCooperative": 0.35, "bus_lcLookaheadLeft": 46.62, "bus_lcPushy": 0.16, "bus_lcSublane": 0.82, "bus_max_v": 13.12, "bus_tau_mean": 1.41, "bus_tau_std": 6.03, "car_acc": 1.67, "car_dcc": 2.63, "car_lcAssertive": 2.78, "car_lcCooperative": 0.77, "car_lcLookaheadLeft": 50.01, "car_lcPushy": 0.39, "car_lcSublane": 0.54, "car_max_v": 21.4, "car_tau_mean": 2.25, "car_tau_std": 7.32}, "datetime": {"datetime": "2024-08-03 21:49:06", "elapsed": 1178.520253, "delta": 3.078461}}
{"target": -0.0665681180342451, "params": {"bus_acc": 1.29, "bus_dcc": 3.83, "bus_lcAssertive": 14.79, "bus_lcCooperative": 0.78, "bus_lcLookaheadLeft": 58.39, "bus_lcPushy": 0.98, "bus_lcSublane": 0.46, "bus_max_v": 10.29, "bus_tau_mean": 1.01, "bus_tau_std": 6.51, "car_acc": 1.92, "car_dcc": 3.24, "car_lcAssertive": 65.56, "car_lcCooperative": 0.8, "car_lcLookaheadLeft": 87.47, "car_lcPushy": 0.27, "car_lcSublane": 0.04, "car_max_v": 10.75, "car_tau_mean": 2.79, "car_tau_std": 5.08}, "datetime": {"datetime": "2024-08-03 21:49:08", "elapsed": 1180.505458, "delta": 1.985205}}
{"target": -0.05414101810278251, "params": {"bus_acc": 2.43, "bus_dcc": 1.36, "bus_lcAssertive": 11.67, "bus_lcCooperative": 0.13, "bus_lcLookaheadLeft": 33.6, "bus_lcPushy": 0.96, "bus_lcSublane": 0.56, "bus_max_v": 6.8, "bus_tau_mean": 2.25, "bus_tau_std": 4.5, "car_acc": 2.19, "car_dcc": 3.44, "car_lcAssertive": 10.8, "car_lcCooperative": 0.77, "car_lcLookaheadLeft": 64.76, "car_lcPushy": 0.19, "car_lcSublane": 0.86, "car_max_v": 9.95, "car_tau_mean": 3.96, "car_tau_std": 9.5}, "datetime": {"datetime": "2024-08-03 21:49:36", "elapsed": 1208.999489, "delta": 28.494031}}
{"target": -0.04393094292968428, "params": {"bus_acc": 1.54, "bus_dcc": 1.97, "bus_lcAssertive": 66.34, "bus_lcCooperative": 0.89, "bus_lcLookaheadLeft": 62.43, "bus_lcPushy": 0.8, "bus_lcSublane": 0.1, "bus_max_v": 8.6, "bus_tau_mean": 2.78, "bus_tau_std": 9.44, "car_acc": 1.4, "car_dcc": 2.16, "car_lcAssertive": 44.64, "car_lcCooperative": 0.01, "car_lcLookaheadLeft": 38.92, "car_lcPushy": 0.43, "car_lcSublane": 0.04, "car_max_v": 23.7, "car_tau_mean": 1.83, "car_tau_std": 5.69}, "datetime": {"datetime": "2024-08-03 21:49:39", "elapsed": 1212.295452, "delta": 3.295963}}
