{"target": -0.3512061539330928, "params": {"bus_acc": 1.7076, "bus_dcc": 2.3361, "bus_lcAssertive": 82.1492, "bus_lcCooperative": 0.3559, "bus_lcLookaheadLeft": 94.5333, "bus_lcPushy": 0.275, "bus_lcSigma": 0.6374, "bus_lcSpeedGainRight": 4.0031, "bus_lcSublane": 0.3918, "bus_sigma": 0.398, "bus_tau_mean": 1.6567, "bus_tau_std": 3.7078, "bus_v_mean": 15.0787, "bus_v_std": 5.438, "car_acc": 2.0516, "car_dcc": 3.2072, "car_lcAssertive": 67.4091, "car_lcCooperative": 0.8136, "car_lcLookaheadLeft": 13.8705, "car_lcPushy": 0.5552, "car_lcSigma": 0.7439, "car_lcSpeedGainRight": 1.8478, "car_lcSublane": 0.1866, "car_sigma": 0.464, "car_tau_mean": 2.5891, "car_tau_std": 5.7606, "car_v_mean": 16.6432, "car_v_std": 8.5268}, "datetime": {"datetime": "2024-08-08 12:25:06", "elapsed": 1516.583977, "delta": 1.719483}}
{"target": -0.34035702574024923, "params": {"bus_acc": 2.737, "bus_dcc": 3.521, "bus_lcAssertive": 30.3573, "bus_lcCooperative": 0.4547, "bus_lcLookaheadLeft": 48.448, "bus_lcPushy": 0.5222, "bus_lcSigma": 0.3144, "bus_lcSpeedGainRight": 2.1185, "bus_lcSublane": 0.3446, "bus_sigma": 0.4475, "bus_tau_mean": 2.8694, "bus_tau_std": 7.7281, "bus_v_mean": 18.759, "bus_v_std": 13.9569, "car_acc": 3.0072, "car_dcc": 1.7091, "car_lcAssertive": 80.5085, "car_lcCooperative": 0.5426, "car_lcLookaheadLeft": 50.5247, "car_lcPushy": 0.5152, "car_lcSigma": 0.5793, "car_lcSpeedGainRight": 3.7527, "car_lcSublane": 0.4426, "car_sigma": 0.4304, "car_tau_mean": 2.5502, "car_tau_std": 8.7735, "car_v_mean": 12.0066, "car_v_std": 7.6792}, "datetime": {"datetime": "2024-08-08 12:25:07", "elapsed": 1517.58021, "delta": 0.996233}}
{"target": -0.36004272257896364, "params": {"bus_acc": 1.3588, "bus_dcc": 2.185, "bus_lcAssertive": 59.75, "bus_lcCooperative": 0.5462, "bus_lcLookaheadLeft": 30.9292, "bus_lcPushy": 0.4643, "bus_lcSigma": 0.598, "bus_lcSpeedGainRight": 3.3906, "bus_lcSublane": 0.7531, "bus_sigma": 0.1302, "bus_tau_mean": 3.6419, "bus_tau_std": 4.101, "bus_v_mean": 21.4313, "bus_v_std": 19.0406, "car_acc": 2.387, "car_dcc": 3.5517, "car_lcAssertive": 10.8587, "car_lcCooperative": 0.8183, "car_lcLookaheadLeft": 16.8483, "car_lcPushy": 0.1757, "car_lcSigma": 0.5681, "car_lcSpeedGainRight": 2.4683, "car_lcSublane": 0.0522, "car_sigma": 0.3588, "car_tau_mean": 3.9705, "car_tau_std": 5.4935, "car_v_mean": 22.5131, "car_v_std": 6.7826}, "datetime": {"datetime": "2024-08-08 12:25:09", "elapsed": 1519.853229, "delta": 2.273019}}
{"target": -0.354812490032543, "params": {"bus_acc": 2.3202, "bus_dcc": 2.4394, "bus_lcAssertive": 47.351, "bus_lcCooperative": 0.3465, "bus_lcLookaheadLeft": 41.1779, "bus_lcPushy": 0.8193, "bus_lcSigma": 0.3591, "bus_lcSpeedGainRight": 3.2433, "bus_lcSublane": 0.4461, "bus_sigma": 0.6547, "bus_tau_mean": 1.9191, "bus_tau_std": 6.163, "bus_v_mean": 17.1749, "bus_v_std": 17.4666, "car_acc": 1.9389, "car_dcc": 2.7559, "car_lcAssertive": 83.1238, "car_lcCooperative": 0.6583, "car_lcLookaheadLeft": 93.5422, "car_lcPushy": 0.466, "car_lcSigma": 0.3457, "car_lcSpeedGainRight": 1.1005, "car_lcSublane": 0.7026, "car_sigma": 0.5038, "car_tau_mean": 3.006, "car_tau_std": 8.5048, "car_v_mean": 11.8413, "car_v_std": 7.7409}, "datetime": {"datetime": "2024-08-08 12:25:14", "elapsed": 1524.321449, "delta": 4.46822}}
{"target": -0.29432801233643197, "params": {"bus_acc": 1.1719, "bus_dcc": 2.6819, "bus_lcAssertive": 60.768, "bus_lcCooperative": 0.4556, "bus_lcLookaheadLeft": 59.6831, "bus_lcPushy": 0.9082, "bus_lcSigma": 0.415, "bus_lcSpeedGainRight": 2.0363, "bus_lcSublane": 0.4038, "bus_sigma": 0.5376, "bus_tau_mean": 2.5534, "bus_tau_std": 8.0921, "bus_v_mean": 21.6791, "bus_v_std": 4.4542, "car_acc": 1.3481, "car_dcc": 2.0048, "car_lcAssertive": 36.6403, "car_lcCooperative": 0.1054, "car_lcLookaheadLeft": 44.7786, "car_lcPushy": 0.2017, "car_lcSigma": 0.563, "car_lcSpeedGainRight": 4.1867, "car_lcSublane": 0.8405, "car_sigma": 0.9719, "car_tau_mean": 2.4498, "car_tau_std": 4.4546, "car_v_mean": 16.9614, "car_v_std": 19.8303}, "datetime": {"datetime": "2024-08-08 12:25:16", "elapsed": 1526.751139, "delta": 2.42969}}
{"target": -0.339894020769538, "params": {"bus_acc": 2.8582, "bus_dcc": 2.4678, "bus_lcAssertive": 10.8643, "bus_lcCooperative": 0.944, "bus_lcLookaheadLeft": 83.8145, "bus_lcPushy": 0.7729, "bus_lcSigma": 0.7621, "bus_lcSpeedGainRight": 1.4747, "bus_lcSublane": 0.0447, "bus_sigma": 0.3442, "bus_tau_mean": 3.0121, "bus_tau_std": 2.1864, "bus_v_mean": 16.67, "bus_v_std": 15.8043, "car_acc": 2.6532, "car_dcc": 2.1797, "car_lcAssertive": 29.6303, "car_lcCooperative": 0.4596, "car_lcLookaheadLeft": 95.3774, "car_lcPushy": 0.7616, "car_lcSigma": 0.5733, "car_lcSpeedGainRight": 4.3773, "car_lcSublane": 0.8321, "car_sigma": 0.4453, "car_tau_mean": 3.8436, "car_tau_std": 2.8439, "car_v_mean": 20.1858, "car_v_std": 11.6076}, "datetime": {"datetime": "2024-08-08 12:25:19", "elapsed": 1529.268608, "delta": 2.517469}}
{"target": -0.32505139177078, "params": {"bus_acc": 2.3647, "bus_dcc": 2.483, "bus_lcAssertive": 33.1762, "bus_lcCooperative": 0.8763, "bus_lcLookaheadLeft": 38.4553, "bus_lcPushy": 0.9622, "bus_lcSigma": 0.4963, "bus_lcSpeedGainRight": 2.5646, "bus_lcSublane": 0.1394, "bus_sigma": 0.2308, "bus_tau_mean": 2.2926, "bus_tau_std": 5.6312, "bus_v_mean": 14.5472, "bus_v_std": 18.6884, "car_acc": 4.7205, "car_dcc": 1.443, "car_lcAssertive": 41.0426, "car_lcCooperative": 0.4427, "car_lcLookaheadLeft": 56.7802, "car_lcPushy": 0.5912, "car_lcSigma": 0.6976, "car_lcSpeedGainRight": 1.9859, "car_lcSublane": 0.495, "car_sigma": 0.7825, "car_tau_mean": 1.6553, "car_tau_std": 7.5339, "car_v_mean": 10.9938, "car_v_std": 14.5288}, "datetime": {"datetime": "2024-08-08 12:25:21", "elapsed": 1531.313015, "delta": 2.044407}}
{"target": -0.34526916341348635, "params": {"bus_acc": 1.4906, "bus_dcc": 2.7201, "bus_lcAssertive": 62.0146, "bus_lcCooperative": 0.2048, "bus_lcLookaheadLeft": 55.4855, "bus_lcPushy": 0.2337, "bus_lcSigma": 0.4769, "bus_lcSpeedGainRight": 2.6978, "bus_lcSublane": 0.419, "bus_sigma": 0.4956, "bus_tau_mean": 2.4318, "bus_tau_std": 6.975, "bus_v_mean": 21.9398, "bus_v_std": 5.9035, "car_acc": 3.2153, "car_dcc": 3.593, "car_lcAssertive": 36.6129, "car_lcCooperative": 0.3739, "car_lcLookaheadLeft": 40.6764, "car_lcPushy": 0.4305, "car_lcSigma": 0.1923, "car_lcSpeedGainRight": 2.5904, "car_lcSublane": 0.9345, "car_sigma": 0.8387, "car_tau_mean": 1.9643, "car_tau_std": 3.3383, "car_v_mean": 13.1634, "car_v_std": 18.2853}, "datetime": {"datetime": "2024-08-08 12:25:22", "elapsed": 1532.370937, "delta": 1.057922}}
{"target": -0.3267752855528976, "params": {"bus_acc": 4.1993, "bus_dcc": 2.0568, "bus_lcAssertive": 79.4668, "bus_lcCooperative": 0.3228, "bus_lcLookaheadLeft": 33.9641, "bus_lcPushy": 0.6057, "bus_lcSigma": 0.5939, "bus_lcSpeedGainRight": 3.1366, "bus_lcSublane": 0.3185, "bus_sigma": 0.3892, "bus_tau_mean": 1.8235, "bus_tau_std": 3.6629, "bus_v_mean": 15.5297, "bus_v_std": 10.3041, "car_acc": 2.7562, "car_dcc": 1.6793, "car_lcAssertive": 66.6312, "car_lcCooperative": 0.67, "car_lcLookaheadLeft": 59.836, "car_lcPushy": 0.863, "car_lcSigma": 0.5853, "car_lcSpeedGainRight": 1.4184, "car_lcSublane": 0.2826, "car_sigma": 0.2138, "car_tau_mean": 2.4263, "car_tau_std": 7.9034, "car_v_mean": 13.3894, "car_v_std": 14.1475}, "datetime": {"datetime": "2024-08-08 12:25:23", "elapsed": 1533.504947, "delta": 1.13401}}
{"target": -0.33238865515537896, "params": {"bus_acc": 3.6561, "bus_dcc": 1.8759, "bus_lcAssertive": 97.926, "bus_lcCooperative": 0.9467, "bus_lcLookaheadLeft": 30.3886, "bus_lcPushy": 0.3075, "bus_lcSigma": 0.5097, "bus_lcSpeedGainRight": 2.2537, "bus_lcSublane": 0.864, "bus_sigma": 0.7873, "bus_tau_mean": 0.7005, "bus_tau_std": 3.1573, "bus_v_mean": 11.3102, "bus_v_std": 11.9286, "car_acc": 2.4632, "car_dcc": 2.9933, "car_lcAssertive": 94.7672, "car_lcCooperative": 0.355, "car_lcLookaheadLeft": 83.5054, "car_lcPushy": 0.6463, "car_lcSigma": 0.3939, "car_lcSpeedGainRight": 1.3815, "car_lcSublane": 0.1934, "car_sigma": 0.6399, "car_tau_mean": 1.959, "car_tau_std": 7.4029, "car_v_mean": 17.0178, "car_v_std": 11.7012}, "datetime": {"datetime": "2024-08-08 12:25:26", "elapsed": 1536.28959, "delta": 2.784643}}
{"target": -0.34429280669223, "params": {"bus_acc": 3.0875, "bus_dcc": 3.2101, "bus_lcAssertive": 95.7733, "bus_lcCooperative": 0.445, "bus_lcLookaheadLeft": 99.2863, "bus_lcPushy": 0.6276, "bus_lcSigma": 0.2164, "bus_lcSpeedGainRight": 0.8007, "bus_lcSublane": 0.2504, "bus_sigma": 0.243, "bus_tau_mean": 2.7827, "bus_tau_std": 7.1603, "bus_v_mean": 15.039, "bus_v_std": 11.1896, "car_acc": 4.3753, "car_dcc": 1.4206, "car_lcAssertive": 26.8921, "car_lcCooperative": 0.96, "car_lcLookaheadLeft": 72.3905, "car_lcPushy": 0.1775, "car_lcSigma": 0.1277, "car_lcSpeedGainRight": 3.7741, "car_lcSublane": 0.9973, "car_sigma": 0.2912, "car_tau_mean": 3.2034, "car_tau_std": 2.289, "car_v_mean": 17.0953, "car_v_std": 6.4246}, "datetime": {"datetime": "2024-08-08 12:25:27", "elapsed": 1537.662513, "delta": 1.372923}}
{"target": -0.35332981593295665, "params": {"bus_acc": 4.7835, "bus_dcc": 3.2852, "bus_lcAssertive": 25.2972, "bus_lcCooperative": 0.9848, "bus_lcLookaheadLeft": 88.3804, "bus_lcPushy": 0.4434, "bus_lcSigma": 0.7483, "bus_lcSpeedGainRight": 4.8576, "bus_lcSublane": 0.6765, "bus_sigma": 0.8513, "bus_tau_mean": 2.9005, "bus_tau_std": 3.6055, "bus_v_mean": 13.0671, "bus_v_std": 1.9601, "car_acc": 1.2279, "car_dcc": 2.9574, "car_lcAssertive": 84.7371, "car_lcCooperative": 0.0013, "car_lcLookaheadLeft": 91.7573, "car_lcPushy": 0.4502, "car_lcSigma": 0.8519, "car_lcSpeedGainRight": 4.0975, "car_lcSublane": 0.2442, "car_sigma": 0.1707, "car_tau_mean": 2.3247, "car_tau_std": 7.1566, "car_v_mean": 16.7488, "car_v_std": 4.526}, "datetime": {"datetime": "2024-08-08 12:25:30", "elapsed": 1540.883472, "delta": 3.220959}}
{"target": -0.3415563928700636, "params": {"bus_acc": 1.6323, "bus_dcc": 2.3635, "bus_lcAssertive": 82.0873, "bus_lcCooperative": 0.3315, "bus_lcLookaheadLeft": 94.4398, "bus_lcPushy": 0.2441, "bus_lcSigma": 0.616, "bus_lcSpeedGainRight": 4.0856, "bus_lcSublane": 0.3658, "bus_sigma": 0.397, "bus_tau_mean": 1.6426, "bus_tau_std": 3.6773, "bus_v_mean": 14.924, "bus_v_std": 5.3676, "car_acc": 2.0123, "car_dcc": 3.2376, "car_lcAssertive": 67.3897, "car_lcCooperative": 0.8518, "car_lcLookaheadLeft": 13.6631, "car_lcPushy": 0.5502, "car_lcSigma": 0.7463, "car_lcSpeedGainRight": 1.8298, "car_lcSublane": 0.1877, "car_sigma": 0.4645, "car_tau_mean": 2.604, "car_tau_std": 5.7908, "car_v_mean": 16.7185, "car_v_std": 8.4621}, "datetime": {"datetime": "2024-08-08 12:25:33", "elapsed": 1543.256804, "delta": 2.373332}}
{"target": -0.32398106267313775, "params": {"bus_acc": 4.2347, "bus_dcc": 2.0498, "bus_lcAssertive": 79.5013, "bus_lcCooperative": 0.3113, "bus_lcLookaheadLeft": 33.9671, "bus_lcPushy": 0.6044, "bus_lcSigma": 0.5982, "bus_lcSpeedGainRight": 3.177, "bus_lcSublane": 0.325, "bus_sigma": 0.3905, "bus_tau_mean": 1.856, "bus_tau_std": 3.6596, "bus_v_mean": 15.5254, "bus_v_std": 10.3121, "car_acc": 2.7216, "car_dcc": 1.6502, "car_lcAssertive": 66.5546, "car_lcCooperative": 0.6675, "car_lcLookaheadLeft": 59.8316, "car_lcPushy": 0.8608, "car_lcSigma": 0.5861, "car_lcSpeedGainRight": 1.3805, "car_lcSublane": 0.2848, "car_sigma": 0.2279, "car_tau_mean": 2.3664, "car_tau_std": 7.811, "car_v_mean": 13.3654, "car_v_std": 14.032}, "datetime": {"datetime": "2024-08-08 12:25:37", "elapsed": 1547.254854, "delta": 3.99805}}
{"target": -0.33490072225553624, "params": {"bus_acc": 4.1985, "bus_dcc": 2.057, "bus_lcAssertive": 79.463, "bus_lcCooperative": 0.3233, "bus_lcLookaheadLeft": 33.965, "bus_lcPushy": 0.6053, "bus_lcSigma": 0.5939, "bus_lcSpeedGainRight": 3.1353, "bus_lcSublane": 0.3185, "bus_sigma": 0.3891, "bus_tau_mean": 1.8229, "bus_tau_std": 3.6616, "bus_v_mean": 15.53, "bus_v_std": 10.3016, "car_acc": 2.7575, "car_dcc": 1.6801, "car_lcAssertive": 66.6327, "car_lcCooperative": 0.6701, "car_lcLookaheadLeft": 59.8375, "car_lcPushy": 0.863, "car_lcSigma": 0.5847, "car_lcSpeedGainRight": 1.4192, "car_lcSublane": 0.2827, "car_sigma": 0.214, "car_tau_mean": 2.4269, "car_tau_std": 7.9041, "car_v_mean": 13.3924, "car_v_std": 14.1491}, "datetime": {"datetime": "2024-08-08 12:25:39", "elapsed": 1549.574579, "delta": 2.319725}}
{"target": -0.2997100639461553, "params": {"bus_acc": 4.562, "bus_dcc": 2.2339, "bus_lcAssertive": 77.7781, "bus_lcCooperative": 0.5866, "bus_lcLookaheadLeft": 17.7088, "bus_lcPushy": 0.0257, "bus_lcSigma": 0.5337, "bus_lcSpeedGainRight": 4.9976, "bus_lcSublane": 0.6896, "bus_sigma": 0.905, "bus_tau_mean": 4.0, "bus_tau_std": 5.1788, "bus_v_mean": 11.2236, "bus_v_std": 3.9905, "car_acc": 3.3629, "car_dcc": 1.0, "car_lcAssertive": 45.8889, "car_lcCooperative": 0.2975, "car_lcLookaheadLeft": 78.427, "car_lcPushy": 0.8977, "car_lcSigma": 0.0007, "car_lcSpeedGainRight": 1.9323, "car_lcSublane": 0.2787, "car_sigma": 0.4411, "car_tau_mean": 2.7762, "car_tau_std": 3.5214, "car_v_mean": 8.0688, "car_v_std": 20.0}, "datetime": {"datetime": "2024-08-08 12:25:41", "elapsed": 1551.578724, "delta": 2.004145}}
{"target": -0.31504151774733946, "params": {"bus_acc": 1.1744, "bus_dcc": 2.6316, "bus_lcAssertive": 80.4337, "bus_lcCooperative": 0.3907, "bus_lcLookaheadLeft": 57.9918, "bus_lcPushy": 0.7188, "bus_lcSigma": 0.9264, "bus_lcSpeedGainRight": 4.3877, "bus_lcSublane": 0.2382, "bus_sigma": 0.2969, "bus_tau_mean": 2.4156, "bus_tau_std": 2.5908, "bus_v_mean": 19.0936, "bus_v_std": 13.9707, "car_acc": 2.6786, "car_dcc": 1.3016, "car_lcAssertive": 51.0514, "car_lcCooperative": 0.6469, "car_lcLookaheadLeft": 41.2078, "car_lcPushy": 0.3244, "car_lcSigma": 0.8983, "car_lcSpeedGainRight": 4.652, "car_lcSublane": 0.1736, "car_sigma": 0.1054, "car_tau_mean": 2.6302, "car_tau_std": 1.5552, "car_v_mean": 8.6387, "car_v_std": 16.067}, "datetime": {"datetime": "2024-08-08 12:25:44", "elapsed": 1554.328413, "delta": 2.749689}}
{"target": -0.338697526239025, "params": {"bus_acc": 3.2013, "bus_dcc": 3.5104, "bus_lcAssertive": 42.7588, "bus_lcCooperative": 0.6674, "bus_lcLookaheadLeft": 66.5799, "bus_lcPushy": 0.5104, "bus_lcSigma": 0.2518, "bus_lcSpeedGainRight": 2.8755, "bus_lcSublane": 0.9046, "bus_sigma": 0.2395, "bus_tau_mean": 3.7229, "bus_tau_std": 7.6846, "bus_v_mean": 12.4199, "bus_v_std": 11.5319, "car_acc": 4.1238, "car_dcc": 1.8718, "car_lcAssertive": 88.1914, "car_lcCooperative": 0.3043, "car_lcLookaheadLeft": 86.8241, "car_lcPushy": 0.5269, "car_lcSigma": 0.5426, "car_lcSpeedGainRight": 1.1471, "car_lcSublane": 0.6412, "car_sigma": 0.6884, "car_tau_mean": 3.4466, "car_tau_std": 5.4553, "car_v_mean": 23.1519, "car_v_std": 11.4141}, "datetime": {"datetime": "2024-08-08 12:25:46", "elapsed": 1556.493629, "delta": 2.165216}}
{"target": -0.34175515156138725, "params": {"bus_acc": 2.8134, "bus_dcc": 2.1488, "bus_lcAssertive": 60.2377, "bus_lcCooperative": 0.664, "bus_lcLookaheadLeft": 15.1886, "bus_lcPushy": 0.425, "bus_lcSigma": 0.7791, "bus_lcSpeedGainRight": 1.0911, "bus_lcSublane": 0.8636, "bus_sigma": 0.1123, "bus_tau_mean": 1.8494, "bus_tau_std": 7.7258, "bus_v_mean": 13.4278, "bus_v_std": 3.5131, "car_acc": 3.6181, "car_dcc": 2.925, "car_lcAssertive": 93.7679, "car_lcCooperative": 0.1093, "car_lcLookaheadLeft": 4.4171, "car_lcPushy": 0.0319, "car_lcSigma": 0.7171, "car_lcSpeedGainRight": 0.4855, "car_lcSublane": 0.3751, "car_sigma": 0.5318, "car_tau_mean": 3.1395, "car_tau_std": 3.486, "car_v_mean": 14.5008, "car_v_std": 15.2194}, "datetime": {"datetime": "2024-08-08 12:25:48", "elapsed": 1558.479257, "delta": 1.985628}}
{"target": -0.3342310998974962, "params": {"bus_acc": 4.1108, "bus_dcc": 3.8664, "bus_lcAssertive": 54.5416, "bus_lcCooperative": 0.1647, "bus_lcLookaheadLeft": 52.6338, "bus_lcPushy": 0.7033, "bus_lcSigma": 0.9944, "bus_lcSpeedGainRight": 2.6062, "bus_lcSublane": 0.5498, "bus_sigma": 0.6398, "bus_tau_mean": 2.5959, "bus_tau_std": 4.6738, "bus_v_mean": 17.193, "bus_v_std": 18.1982, "car_acc": 2.0651, "car_dcc": 2.7106, "car_lcAssertive": 11.2844, "car_lcCooperative": 0.2645, "car_lcLookaheadLeft": 25.7806, "car_lcPushy": 0.3364, "car_lcSigma": 0.6062, "car_lcSpeedGainRight": 0.723, "car_lcSublane": 0.2412, "car_sigma": 0.7406, "car_tau_mean": 1.3648, "car_tau_std": 1.274, "car_v_mean": 19.4217, "car_v_std": 9.8157}, "datetime": {"datetime": "2024-08-08 12:25:49", "elapsed": 1559.824879, "delta": 1.345622}}
{"target": -0.34396459793060113, "params": {"bus_acc": 2.3985, "bus_dcc": 1.5648, "bus_lcAssertive": 60.6883, "bus_lcCooperative": 0.8022, "bus_lcLookaheadLeft": 37.5587, "bus_lcPushy": 0.5818, "bus_lcSigma": 0.4456, "bus_lcSpeedGainRight": 1.4388, "bus_lcSublane": 0.6169, "bus_sigma": 0.5748, "bus_tau_mean": 1.6328, "bus_tau_std": 7.7212, "bus_v_mean": 13.5195, "bus_v_std": 18.5433, "car_acc": 1.9476, "car_dcc": 1.9446, "car_lcAssertive": 9.165, "car_lcCooperative": 0.3613, "car_lcLookaheadLeft": 14.4971, "car_lcPushy": 0.3466, "car_lcSigma": 0.4905, "car_lcSpeedGainRight": 3.5284, "car_lcSublane": 0.5472, "car_sigma": 0.5528, "car_tau_mean": 2.9059, "car_tau_std": 4.829, "car_v_mean": 21.1361, "car_v_std": 12.5425}, "datetime": {"datetime": "2024-08-08 12:25:50", "elapsed": 1560.711114, "delta": 0.886235}}
{"target": -0.3369385102739387, "params": {"bus_acc": 4.0215, "bus_dcc": 2.1731, "bus_lcAssertive": 77.4607, "bus_lcCooperative": 0.4126, "bus_lcLookaheadLeft": 35.4212, "bus_lcPushy": 0.1621, "bus_lcSigma": 0.6318, "bus_lcSpeedGainRight": 2.7165, "bus_lcSublane": 0.5669, "bus_sigma": 0.2308, "bus_tau_mean": 2.3011, "bus_tau_std": 2.4173, "bus_v_mean": 14.9126, "bus_v_std": 7.3025, "car_acc": 3.1343, "car_dcc": 1.7952, "car_lcAssertive": 64.9108, "car_lcCooperative": 0.7564, "car_lcLookaheadLeft": 62.2815, "car_lcPushy": 0.6966, "car_lcSigma": 0.1402, "car_lcSpeedGainRight": 1.5076, "car_lcSublane": 0.4803, "car_sigma": 0.5951, "car_tau_mean": 2.2989, "car_tau_std": 6.3424, "car_v_mean": 15.2631, "car_v_std": 12.1991}, "datetime": {"datetime": "2024-08-08 12:25:52", "elapsed": 1562.712521, "delta": 2.001407}}
{"target": -0.3479939342184854, "params": {"bus_acc": 2.3416, "bus_dcc": 1.5047, "bus_lcAssertive": 60.6582, "bus_lcCooperative": 0.8034, "bus_lcLookaheadLeft": 37.9481, "bus_lcPushy": 0.6186, "bus_lcSigma": 0.4412, "bus_lcSpeedGainRight": 1.6477, "bus_lcSublane": 0.7102, "bus_sigma": 0.6095, "bus_tau_mean": 1.3874, "bus_tau_std": 7.6614, "bus_v_mean": 13.7926, "bus_v_std": 18.4518, "car_acc": 2.0029, "car_dcc": 1.8705, "car_lcAssertive": 9.1011, "car_lcCooperative": 0.3912, "car_lcLookaheadLeft": 14.0599, "car_lcPushy": 0.3914, "car_lcSigma": 0.5545, "car_lcSpeedGainRight": 3.3951, "car_lcSublane": 0.6012, "car_sigma": 0.5072, "car_tau_mean": 3.079, "car_tau_std": 4.6703, "car_v_mean": 21.1697, "car_v_std": 12.7036}, "datetime": {"datetime": "2024-08-08 12:25:53", "elapsed": 1563.488302, "delta": 0.775781}}
{"target": -0.3542245916027619, "params": {"bus_acc": 4.5679, "bus_dcc": 3.98, "bus_lcAssertive": 48.7355, "bus_lcCooperative": 0.6132, "bus_lcLookaheadLeft": 24.3915, "bus_lcPushy": 0.7235, "bus_lcSigma": 0.5959, "bus_lcSpeedGainRight": 2.8839, "bus_lcSublane": 0.6691, "bus_sigma": 0.249, "bus_tau_mean": 1.3996, "bus_tau_std": 9.2009, "bus_v_mean": 23.1505, "bus_v_std": 7.1227, "car_acc": 2.4, "car_dcc": 1.7049, "car_lcAssertive": 72.5185, "car_lcCooperative": 0.5257, "car_lcLookaheadLeft": 52.3419, "car_lcPushy": 0.1314, "car_lcSigma": 0.8544, "car_lcSpeedGainRight": 4.8048, "car_lcSublane": 0.9874, "car_sigma": 0.6971, "car_tau_mean": 3.0693, "car_tau_std": 5.8678, "car_v_mean": 13.7454, "car_v_std": 17.1481}, "datetime": {"datetime": "2024-08-08 12:25:54", "elapsed": 1565.053825, "delta": 1.565523}}
{"target": -0.34094674066612995, "params": {"bus_acc": 4.047, "bus_dcc": 2.1716, "bus_lcAssertive": 67.863, "bus_lcCooperative": 0.6819, "bus_lcLookaheadLeft": 19.2912, "bus_lcPushy": 0.3096, "bus_lcSigma": 0.448, "bus_lcSpeedGainRight": 4.2575, "bus_lcSublane": 0.4042, "bus_sigma": 0.5504, "bus_tau_mean": 2.591, "bus_tau_std": 6.3489, "bus_v_mean": 10.7171, "bus_v_std": 1.2199, "car_acc": 3.797, "car_dcc": 2.2026, "car_lcAssertive": 48.9492, "car_lcCooperative": 0.1864, "car_lcLookaheadLeft": 69.8146, "car_lcPushy": 0.4086, "car_lcSigma": 0.1074, "car_lcSpeedGainRight": 1.0839, "car_lcSublane": 0.4603, "car_sigma": 0.5999, "car_tau_mean": 2.8413, "car_tau_std": 7.2967, "car_v_mean": 15.3374, "car_v_std": 16.2174}, "datetime": {"datetime": "2024-08-08 12:25:56", "elapsed": 1566.517272, "delta": 1.463447}}
{"target": -0.34889857257193535, "params": {"bus_acc": 4.6325, "bus_dcc": 2.2553, "bus_lcAssertive": 93.2832, "bus_lcCooperative": 0.3635, "bus_lcLookaheadLeft": 26.8586, "bus_lcPushy": 0.3587, "bus_lcSigma": 0.6578, "bus_lcSpeedGainRight": 2.9084, "bus_lcSublane": 0.658, "bus_sigma": 0.1361, "bus_tau_mean": 1.5993, "bus_tau_std": 5.6354, "bus_v_mean": 22.9088, "bus_v_std": 14.1332, "car_acc": 3.856, "car_dcc": 2.5677, "car_lcAssertive": 15.6283, "car_lcCooperative": 0.5783, "car_lcLookaheadLeft": 67.8739, "car_lcPushy": 0.3991, "car_lcSigma": 0.4371, "car_lcSpeedGainRight": 2.1094, "car_lcSublane": 0.1844, "car_sigma": 0.314, "car_tau_mean": 1.8092, "car_tau_std": 6.2906, "car_v_mean": 12.1086, "car_v_std": 12.3911}, "datetime": {"datetime": "2024-08-08 12:25:57", "elapsed": 1567.392649, "delta": 0.875377}}
