{"target": -0.3793125739449933, "params": {"bus_acc": 2.7807, "bus_dcc": 2.8267, "bus_lcAssertive": 6.2185, "bus_lcCooperative": 1.0, "bus_lcLookaheadLeft": 43.7402, "bus_lcPushy": 1.0, "bus_lcSigma": 0.4526, "bus_lcSpeedGainRight": 3.5811, "bus_lcSublane": 0.1345, "bus_sigma": 0.5112, "bus_tau_mean": 1.9308, "bus_tau_std": 0.0469, "bus_v_mean": 8.0, "bus_v_std": 12.6774, "car_acc": 2.139, "car_dcc": 3.5917, "car_lcAssertive": 27.6596, "car_lcCooperative": 0.2003, "car_lcLookaheadLeft": 46.0518, "car_lcPushy": 0.5217, "car_lcSigma": 0.1258, "car_lcSpeedGainRight": 1.4437, "car_lcSublane": 0.648, "car_sigma": 0.351, "car_tau_mean": 3.1637, "car_tau_std": 1.3236, "car_v_mean": 8.0, "car_v_std": 5.5605}, "datetime": {"datetime": "2024-08-08 00:27:47", "elapsed": 1486.524307, "delta": 2.913127}}
{"target": -0.37559142683136837, "params": {"bus_acc": 2.7563, "bus_dcc": 2.9037, "bus_lcAssertive": 5.8244, "bus_lcCooperative": 1.0, "bus_lcLookaheadLeft": 44.1743, "bus_lcPushy": 1.0, "bus_lcSigma": 0.4885, "bus_lcSpeedGainRight": 3.7152, "bus_lcSublane": 0.1596, "bus_sigma": 0.5262, "bus_tau_mean": 1.9858, "bus_tau_std": 0.0, "bus_v_mean": 8.0, "bus_v_std": 12.6131, "car_acc": 2.2409, "car_dcc": 3.6118, "car_lcAssertive": 27.497, "car_lcCooperative": 0.1925, "car_lcLookaheadLeft": 45.7266, "car_lcPushy": 0.5414, "car_lcSigma": 0.142, "car_lcSpeedGainRight": 1.4385, "car_lcSublane": 0.6601, "car_sigma": 0.3506, "car_tau_mean": 3.2285, "car_tau_std": 1.3248, "car_v_mean": 8.0, "car_v_std": 5.5349}, "datetime": {"datetime": "2024-08-08 00:27:55", "elapsed": 1494.872834, "delta": 8.348527}}
{"target": -0.31389442089771913, "params": {"bus_acc": 3.0, "bus_dcc": 1.7001, "bus_lcAssertive": 42.6712, "bus_lcCooperative": 0.5509, "bus_lcLookaheadLeft": 58.8016, "bus_lcPushy": 0.7939, "bus_lcSigma": 0.6078, "bus_lcSpeedGainRight": 5.0, "bus_lcSublane": 0.9856, "bus_sigma": 1.0, "bus_tau_mean": 2.3389, "bus_tau_std": 6.2497, "bus_v_mean": 14.8709, "bus_v_std": 6.3301, "car_acc": 2.2959, "car_dcc": 1.8179, "car_lcAssertive": 22.4517, "car_lcCooperative": 0.7451, "car_lcLookaheadLeft": 3.6025, "car_lcPushy": 0.7012, "car_lcSigma": 1.0, "car_lcSpeedGainRight": 4.3584, "car_lcSublane": 0.3285, "car_sigma": 0.8902, "car_tau_mean": 1.5339, "car_tau_std": 1.4246, "car_v_mean": 13.8345, "car_v_std": 13.799}, "datetime": {"datetime": "2024-08-08 00:27:58", "elapsed": 1497.956269, "delta": 3.083435}}
{"target": -0.3192591998464794, "params": {"bus_acc": 2.1411, "bus_dcc": 3.7086, "bus_lcAssertive": 90.887, "bus_lcCooperative": 0.8539, "bus_lcLookaheadLeft": 43.0027, "bus_lcPushy": 0.4271, "bus_lcSigma": 0.9668, "bus_lcSpeedGainRight": 1.101, "bus_lcSublane": 0.1627, "bus_sigma": 0.2483, "bus_tau_mean": 1.9084, "bus_tau_std": 7.0641, "bus_v_mean": 15.5517, "bus_v_std": 19.4163, "car_acc": 2.8682, "car_dcc": 2.6326, "car_lcAssertive": 52.9177, "car_lcCooperative": 0.982, "car_lcLookaheadLeft": 57.4135, "car_lcPushy": 0.2824, "car_lcSigma": 0.2885, "car_lcSpeedGainRight": 3.6092, "car_lcSublane": 0.5222, "car_sigma": 0.424, "car_tau_mean": 2.6252, "car_tau_std": 0.0932, "car_v_mean": 15.2349, "car_v_std": 7.4816}, "datetime": {"datetime": "2024-08-08 00:28:00", "elapsed": 1499.895557, "delta": 1.939288}}
{"target": -0.41118600383700243, "params": {"bus_acc": 2.6254, "bus_dcc": 2.7311, "bus_lcAssertive": 8.3003, "bus_lcCooperative": 1.0, "bus_lcLookaheadLeft": 41.8333, "bus_lcPushy": 1.0, "bus_lcSigma": 0.5298, "bus_lcSpeedGainRight": 3.3456, "bus_lcSublane": 0.1682, "bus_sigma": 0.505, "bus_tau_mean": 1.9589, "bus_tau_std": 0.4096, "bus_v_mean": 8.588, "bus_v_std": 13.3292, "car_acc": 2.1489, "car_dcc": 3.3613, "car_lcAssertive": 29.0154, "car_lcCooperative": 0.2668, "car_lcLookaheadLeft": 46.6528, "car_lcPushy": 0.5733, "car_lcSigma": 0.2174, "car_lcSpeedGainRight": 1.5094, "car_lcSublane": 0.6453, "car_sigma": 0.415, "car_tau_mean": 2.9168, "car_tau_std": 1.866, "car_v_mean": 8.0, "car_v_std": 5.8797}, "datetime": {"datetime": "2024-08-08 00:28:02", "elapsed": 1502.081257, "delta": 2.1857}}
{"target": -0.3928276281491102, "params": {"bus_acc": 1.6628, "bus_dcc": 2.1476, "bus_lcAssertive": 19.938, "bus_lcCooperative": 0.8268, "bus_lcLookaheadLeft": 39.0939, "bus_lcPushy": 0.9196, "bus_lcSigma": 0.4848, "bus_lcSpeedGainRight": 2.0282, "bus_lcSublane": 0.1632, "bus_sigma": 0.3793, "bus_tau_mean": 1.4757, "bus_tau_std": 3.82, "bus_v_mean": 12.8094, "bus_v_std": 17.6708, "car_acc": 2.3558, "car_dcc": 1.9981, "car_lcAssertive": 32.022, "car_lcCooperative": 0.3627, "car_lcLookaheadLeft": 53.737, "car_lcPushy": 0.6854, "car_lcSigma": 0.3306, "car_lcSpeedGainRight": 1.986, "car_lcSublane": 0.4265, "car_sigma": 0.7852, "car_tau_mean": 1.3672, "car_tau_std": 5.0511, "car_v_mean": 8.0577, "car_v_std": 13.0918}, "datetime": {"datetime": "2024-08-08 00:28:05", "elapsed": 1504.710248, "delta": 2.628991}}
{"target": -0.3964634197028247, "params": {"bus_acc": 1.3157, "bus_dcc": 3.0393, "bus_lcAssertive": 77.1353, "bus_lcCooperative": 0.1322, "bus_lcLookaheadLeft": 85.564, "bus_lcPushy": 0.9954, "bus_lcSigma": 0.5544, "bus_lcSpeedGainRight": 0.9135, "bus_lcSublane": 0.2356, "bus_sigma": 0.1923, "bus_tau_mean": 3.4925, "bus_tau_std": 7.9725, "bus_v_mean": 21.699, "bus_v_std": 11.4261, "car_acc": 1.1467, "car_dcc": 1.3964, "car_lcAssertive": 59.1656, "car_lcCooperative": 0.4033, "car_lcLookaheadLeft": 92.0389, "car_lcPushy": 0.7652, "car_lcSigma": 0.6095, "car_lcSpeedGainRight": 0.0403, "car_lcSublane": 0.3523, "car_sigma": 0.2319, "car_tau_mean": 3.0544, "car_tau_std": 6.7811, "car_v_mean": 12.6255, "car_v_std": 11.6954}, "datetime": {"datetime": "2024-08-08 00:28:10", "elapsed": 1509.738988, "delta": 5.02874}}
{"target": -0.3323144327814556, "params": {"bus_acc": 1.7886, "bus_dcc": 1.6508, "bus_lcAssertive": 73.7196, "bus_lcCooperative": 0.9106, "bus_lcLookaheadLeft": 93.6247, "bus_lcPushy": 0.2598, "bus_lcSigma": 0.1902, "bus_lcSpeedGainRight": 2.865, "bus_lcSublane": 0.6228, "bus_sigma": 0.7202, "bus_tau_mean": 0.8601, "bus_tau_std": 2.1803, "bus_v_mean": 17.3814, "bus_v_std": 14.8171, "car_acc": 1.3125, "car_dcc": 1.2784, "car_lcAssertive": 27.4163, "car_lcCooperative": 0.4862, "car_lcLookaheadLeft": 70.5902, "car_lcPushy": 0.3401, "car_lcSigma": 0.2987, "car_lcSpeedGainRight": 4.997, "car_lcSublane": 0.3431, "car_sigma": 0.5175, "car_tau_mean": 1.1624, "car_tau_std": 2.4402, "car_v_mean": 15.6201, "car_v_std": 12.275}, "datetime": {"datetime": "2024-08-08 00:28:13", "elapsed": 1512.65168, "delta": 2.912692}}
{"target": -0.37076770840160056, "params": {"bus_acc": 1.6369, "bus_dcc": 2.1086, "bus_lcAssertive": 20.3725, "bus_lcCooperative": 0.7978, "bus_lcLookaheadLeft": 39.1485, "bus_lcPushy": 0.8999, "bus_lcSigma": 0.4837, "bus_lcSpeedGainRight": 1.9814, "bus_lcSublane": 0.1739, "bus_sigma": 0.3975, "bus_tau_mean": 1.4642, "bus_tau_std": 4.2036, "bus_v_mean": 13.2038, "bus_v_std": 17.5191, "car_acc": 2.3629, "car_dcc": 1.9524, "car_lcAssertive": 32.7981, "car_lcCooperative": 0.3918, "car_lcLookaheadLeft": 53.6086, "car_lcPushy": 0.6772, "car_lcSigma": 0.3414, "car_lcSpeedGainRight": 1.9565, "car_lcSublane": 0.4165, "car_sigma": 0.7974, "car_tau_mean": 1.3594, "car_tau_std": 5.3069, "car_v_mean": 8.5679, "car_v_std": 13.11}, "datetime": {"datetime": "2024-08-08 00:28:16", "elapsed": 1515.73677, "delta": 3.08509}}
{"target": -0.31923852603551284, "params": {"bus_acc": 1.9968, "bus_dcc": 2.6284, "bus_lcAssertive": 89.2925, "bus_lcCooperative": 0.2819, "bus_lcLookaheadLeft": 15.7157, "bus_lcPushy": 0.2377, "bus_lcSigma": 0.1205, "bus_lcSpeedGainRight": 4.2798, "bus_lcSublane": 0.3931, "bus_sigma": 0.0726, "bus_tau_mean": 0.9767, "bus_tau_std": 1.7047, "bus_v_mean": 8.5373, "bus_v_std": 2.9147, "car_acc": 2.2035, "car_dcc": 1.6957, "car_lcAssertive": 39.4631, "car_lcCooperative": 0.6691, "car_lcLookaheadLeft": 42.243, "car_lcPushy": 0.7406, "car_lcSigma": 0.1741, "car_lcSpeedGainRight": 3.0813, "car_lcSublane": 0.956, "car_sigma": 0.4258, "car_tau_mean": 3.497, "car_tau_std": 1.4116, "car_v_mean": 13.1008, "car_v_std": 5.692}, "datetime": {"datetime": "2024-08-08 00:28:35", "elapsed": 1534.770099, "delta": 19.033329}}
{"target": -0.3757681058589663, "params": {"bus_acc": 2.483, "bus_dcc": 2.8121, "bus_lcAssertive": 1.6786, "bus_lcCooperative": 1.0, "bus_lcLookaheadLeft": 47.8236, "bus_lcPushy": 1.0, "bus_lcSigma": 0.4869, "bus_lcSpeedGainRight": 4.3345, "bus_lcSublane": 0.2451, "bus_sigma": 0.5984, "bus_tau_mean": 2.1811, "bus_tau_std": 0.1513, "bus_v_mean": 10.0966, "bus_v_std": 12.6083, "car_acc": 2.2258, "car_dcc": 3.1692, "car_lcAssertive": 27.7014, "car_lcCooperative": 0.1069, "car_lcLookaheadLeft": 32.6078, "car_lcPushy": 0.3804, "car_lcSigma": 0.1321, "car_lcSpeedGainRight": 1.8143, "car_lcSublane": 0.6844, "car_sigma": 0.3871, "car_tau_mean": 3.4383, "car_tau_std": 2.391, "car_v_mean": 8.0, "car_v_std": 10.5652}, "datetime": {"datetime": "2024-08-08 00:28:52", "elapsed": 1551.293316, "delta": 16.523217}}
{"target": -0.30352836540246947, "params": {"bus_acc": 1.8278, "bus_dcc": 1.9357, "bus_lcAssertive": 78.606, "bus_lcCooperative": 0.3303, "bus_lcLookaheadLeft": 90.4726, "bus_lcPushy": 0.8604, "bus_lcSigma": 0.7168, "bus_lcSpeedGainRight": 2.2989, "bus_lcSublane": 0.0447, "bus_sigma": 0.3624, "bus_tau_mean": 2.2481, "bus_tau_std": 0.2373, "bus_v_mean": 16.6866, "bus_v_std": 13.094, "car_acc": 2.6365, "car_dcc": 1.0, "car_lcAssertive": 13.6141, "car_lcCooperative": 0.3793, "car_lcLookaheadLeft": 62.6776, "car_lcPushy": 0.2095, "car_lcSigma": 0.7043, "car_lcSpeedGainRight": 1.744, "car_lcSublane": 0.4313, "car_sigma": 0.3215, "car_tau_mean": 0.5, "car_tau_std": 0.7673, "car_v_mean": 16.335, "car_v_std": 6.6797}, "datetime": {"datetime": "2024-08-08 00:28:56", "elapsed": 1556.035629, "delta": 4.742313}}
{"target": -0.3460764475767303, "params": {"bus_acc": 2.9965, "bus_dcc": 1.4609, "bus_lcAssertive": 42.432, "bus_lcCooperative": 0.301, "bus_lcLookaheadLeft": 58.573, "bus_lcPushy": 0.5653, "bus_lcSigma": 0.3579, "bus_lcSpeedGainRight": 4.873, "bus_lcSublane": 0.7568, "bus_sigma": 0.8946, "bus_tau_mean": 2.0997, "bus_tau_std": 5.9998, "bus_v_mean": 14.621, "bus_v_std": 6.0908, "car_acc": 2.0567, "car_dcc": 1.5786, "car_lcAssertive": 22.2018, "car_lcCooperative": 0.5165, "car_lcLookaheadLeft": 3.3632, "car_lcPushy": 0.4512, "car_lcSigma": 0.9999, "car_lcSpeedGainRight": 4.1192, "car_lcSublane": 0.0892, "car_sigma": 0.6616, "car_tau_mean": 1.2946, "car_tau_std": 1.1853, "car_v_mean": 13.5846, "car_v_std": 13.5491}, "datetime": {"datetime": "2024-08-08 00:29:02", "elapsed": 1561.521857, "delta": 5.486228}}
{"target": -0.40696331592086377, "params": {"bus_acc": 2.9034, "bus_dcc": 3.6306, "bus_lcAssertive": 88.8989, "bus_lcCooperative": 0.7123, "bus_lcLookaheadLeft": 2.3765, "bus_lcPushy": 0.7038, "bus_lcSigma": 0.1766, "bus_lcSpeedGainRight": 4.1035, "bus_lcSublane": 0.8164, "bus_sigma": 0.3059, "bus_tau_mean": 0.9261, "bus_tau_std": 8.2997, "bus_v_mean": 9.1982, "bus_v_std": 19.4416, "car_acc": 1.8077, "car_dcc": 3.6895, "car_lcAssertive": 58.7345, "car_lcCooperative": 0.5068, "car_lcLookaheadLeft": 74.6435, "car_lcPushy": 0.6698, "car_lcSigma": 0.9879, "car_lcSpeedGainRight": 0.3953, "car_lcSublane": 0.4652, "car_sigma": 0.4346, "car_tau_mean": 1.6978, "car_tau_std": 4.9604, "car_v_mean": 8.1212, "car_v_std": 5.6091}, "datetime": {"datetime": "2024-08-08 00:29:05", "elapsed": 1564.293051, "delta": 2.771194}}
{"target": -0.3632027589385274, "params": {"bus_acc": 3.0, "bus_dcc": 1.525, "bus_lcAssertive": 42.5024, "bus_lcCooperative": 0.3778, "bus_lcLookaheadLeft": 58.6435, "bus_lcPushy": 0.6294, "bus_lcSigma": 0.4347, "bus_lcSpeedGainRight": 4.944, "bus_lcSublane": 0.8211, "bus_sigma": 0.9573, "bus_tau_mean": 2.1638, "bus_tau_std": 6.0639, "bus_v_mean": 14.6851, "bus_v_std": 6.1549, "car_acc": 2.1208, "car_dcc": 1.6427, "car_lcAssertive": 22.2723, "car_lcCooperative": 0.5806, "car_lcLookaheadLeft": 3.4273, "car_lcPushy": 0.5217, "car_lcSigma": 1.0, "car_lcSpeedGainRight": 4.1833, "car_lcSublane": 0.166, "car_sigma": 0.7257, "car_tau_mean": 1.3587, "car_tau_std": 1.2494, "car_v_mean": 13.6487, "car_v_std": 13.6132}, "datetime": {"datetime": "2024-08-08 00:29:08", "elapsed": 1568.004676, "delta": 3.711625}}
{"target": -0.3460180751665125, "params": {"bus_acc": 2.7244, "bus_dcc": 3.4612, "bus_lcAssertive": 58.2761, "bus_lcCooperative": 0.2326, "bus_lcLookaheadLeft": 57.4924, "bus_lcPushy": 0.0583, "bus_lcSigma": 0.7995, "bus_lcSpeedGainRight": 4.2188, "bus_lcSublane": 0.1657, "bus_sigma": 0.3565, "bus_tau_mean": 0.9775, "bus_tau_std": 2.0628, "bus_v_mean": 10.5549, "bus_v_std": 6.288, "car_acc": 1.6972, "car_dcc": 1.7173, "car_lcAssertive": 74.1516, "car_lcCooperative": 0.9271, "car_lcLookaheadLeft": 81.9063, "car_lcPushy": 0.6861, "car_lcSigma": 0.7983, "car_lcSpeedGainRight": 4.8907, "car_lcSublane": 0.494, "car_sigma": 0.3515, "car_tau_mean": 2.5286, "car_tau_std": 6.8045, "car_v_mean": 23.2529, "car_v_std": 12.3203}, "datetime": {"datetime": "2024-08-08 00:29:12", "elapsed": 1571.239703, "delta": 3.235027}}
{"target": -0.37459120632709875, "params": {"bus_acc": 2.7399, "bus_dcc": 2.7175, "bus_lcAssertive": 5.404, "bus_lcCooperative": 1.0, "bus_lcLookaheadLeft": 44.4098, "bus_lcPushy": 1.0, "bus_lcSigma": 0.4921, "bus_lcSpeedGainRight": 3.7694, "bus_lcSublane": 0.1441, "bus_sigma": 0.5438, "bus_tau_mean": 2.034, "bus_tau_std": 0.0, "bus_v_mean": 8.0, "bus_v_std": 12.6632, "car_acc": 2.2765, "car_dcc": 3.5414, "car_lcAssertive": 27.8403, "car_lcCooperative": 0.2002, "car_lcLookaheadLeft": 45.2632, "car_lcPushy": 0.5042, "car_lcSigma": 0.0838, "car_lcSpeedGainRight": 1.1628, "car_lcSublane": 0.6533, "car_sigma": 0.3311, "car_tau_mean": 3.4807, "car_tau_std": 1.4471, "car_v_mean": 8.0, "car_v_std": 5.748}, "datetime": {"datetime": "2024-08-08 00:29:14", "elapsed": 1573.845842, "delta": 2.606139}}
