{"target": -0.3158864813011765, "params": {"bus_acc": 1.9344462528622068, "bus_dcc": 3.2056172302975967, "bus_lcAssertive": 96.09128599688059, "bus_lcCooperative": 0.021389492015965184, "bus_lcLookaheadLeft": 83.58296263009827, "bus_lcPushy": 0.9391460199366686, "bus_lcSigma": 0.9858178203627183, "bus_lcSpeedGainRight": 4.68915817509452, "bus_lcSublane": 0.1292514080774897, "bus_sigma": 0.8860201939444051, "bus_tau_mean": 1.035017452885401, "bus_tau_std": 3.605163569932077, "bus_v_mean": 13.778591015703125, "bus_v_std": 5.595707845412086, "car_acc": 1.7096084877082602, "car_dcc": 2.6290046944864303, "car_lcAssertive": 8.773184649116647, "car_lcCooperative": 0.37286967111119407, "car_lcLookaheadLeft": 59.155450338013644, "car_lcPushy": 0.13424940997972545, "car_lcSigma": 0.2429879452919641, "car_lcSpeedGainRight": 1.5638954127882703, "car_lcSublane": 0.0745338511835042, "car_sigma": 0.8076907953019956, "car_tau_mean": 1.4218911548914208, "car_tau_std": 4.106010091955299, "car_v_mean": 14.486605855029765, "car_v_std": 6.094712725763065}, "datetime": {"datetime": "2024-08-08 00:07:17", "elapsed": 256.799735, "delta": 1.632008}}
{"target": -0.33534964930712297, "params": {"bus_acc": 2.5944396147174764, "bus_dcc": 1.040633040517383, "bus_lcAssertive": 71.71525587400897, "bus_lcCooperative": 0.2953139661018992, "bus_lcLookaheadLeft": 98.66745241246686, "bus_lcPushy": 0.8462417305877817, "bus_lcSigma": 0.5604011810847819, "bus_lcSpeedGainRight": 2.9888284268841963, "bus_lcSublane": 0.1920756730045573, "bus_sigma": 0.2262515885870655, "bus_tau_mean": 1.039046124182829, "bus_tau_std": 3.7781354746444173, "bus_v_mean": 9.791287109465298, "bus_v_std": 10.225457872685237, "car_acc": 2.276955910803095, "car_dcc": 1.3666371347109498, "car_lcAssertive": 35.075439534096546, "car_lcCooperative": 0.07034787968520784, "car_lcLookaheadLeft": 53.52459635266278, "car_lcPushy": 0.6502897692030054, "car_lcSigma": 0.6154721413751028, "car_lcSpeedGainRight": 4.0693478140474255, "car_lcSublane": 0.23556623650242037, "car_sigma": 0.6181818418404456, "car_tau_mean": 1.5598998173142422, "car_tau_std": 0.8876770607914231, "car_v_mean": 12.884183545053011, "car_v_std": 1.4271294988923233}, "datetime": {"datetime": "2024-08-08 00:07:19", "elapsed": 258.589376, "delta": 1.789641}}
{"target": -0.35145767992108284, "params": {"bus_acc": 1.0458302626447635, "bus_dcc": 2.5572469666359683, "bus_lcAssertive": 81.18888235557921, "bus_lcCooperative": 0.012603767029876312, "bus_lcLookaheadLeft": 67.90204477606592, "bus_lcPushy": 0.6868082266569918, "bus_lcSigma": 0.44924675358663757, "bus_lcSpeedGainRight": 4.573943433709672, "bus_lcSublane": 0.6443610847569929, "bus_sigma": 0.005239837651465851, "bus_tau_mean": 2.1954995593003144, "bus_tau_std": 8.593178060976, "bus_v_mean": 21.28639312059743, "bus_v_std": 12.983083942249557, "car_acc": 2.3473968477972633, "car_dcc": 2.7354987393676016, "car_lcAssertive": 28.137857741518363, "car_lcCooperative": 0.5605299905360588, "car_lcLookaheadLeft": 67.82951891210719, "car_lcPushy": 0.35242963021640883, "car_lcSigma": 0.8558283672539277, "car_lcSpeedGainRight": 0.9751874300435365, "car_lcSublane": 0.7473208103319232, "car_sigma": 0.2896027461868774, "car_tau_mean": 3.208297505354637, "car_tau_std": 4.277373293360762, "car_v_mean": 20.92317454579535, "car_v_std": 7.070697253359808}, "datetime": {"datetime": "2024-08-08 00:07:23", "elapsed": 262.830812, "delta": 4.241436}}
{"target": -0.3365636702181354, "params": {"bus_acc": 1.1808194313895972, "bus_dcc": 1.386927952426828, "bus_lcAssertive": 11.420990139615903, "bus_lcCooperative": 0.17272746332288003, "bus_lcLookaheadLeft": 14.390227248389131, "bus_lcPushy": 0.7783008900676276, "bus_lcSigma": 0.039411512184444275, "bus_lcSpeedGainRight": 1.2077920867043201, "bus_lcSublane": 0.8790664013584655, "bus_sigma": 0.9735188608362936, "bus_tau_mean": 2.6189770270446684, "bus_tau_std": 9.762382645603884, "bus_v_mean": 8.695224667439629, "bus_v_std": 18.97145536752015, "car_acc": 1.6225921649123343, "car_dcc": 3.396918521084779, "car_lcAssertive": 81.25228124124325, "car_lcCooperative": 0.8599985915803449, "car_lcLookaheadLeft": 46.9379794684451, "car_lcPushy": 0.9306443921654484, "car_lcSigma": 0.2578929844270399, "car_lcSpeedGainRight": 4.672227462647923, "car_lcSublane": 0.6191196332516605, "car_sigma": 0.9854449149448306, "car_tau_mean": 0.6142535308690733, "car_tau_std": 7.251666588327083, "car_v_mean": 17.048867766086097, "car_v_std": 9.848480947966392}, "datetime": {"datetime": "2024-08-08 00:07:25", "elapsed": 264.399336, "delta": 1.568524}}
{"target": -0.38338592590659426, "params": {"bus_acc": 1.7104187786792875, "bus_dcc": 3.922637883685274, "bus_lcAssertive": 13.154440815492576, "bus_lcCooperative": 0.18756989261723955, "bus_lcLookaheadLeft": 89.16536259551893, "bus_lcPushy": 0.5834063146082279, "bus_lcSigma": 0.3092463846587796, "bus_lcSpeedGainRight": 0.0038219273909401164, "bus_lcSublane": 0.22759773832225305, "bus_sigma": 0.1454036341712357, "bus_tau_mean": 1.212018385295317, "bus_tau_std": 8.963225568040047, "bus_v_mean": 21.96951005231425, "bus_v_std": 14.005788752668995, "car_acc": 1.940995352304418, "car_dcc": 3.481408006996865, "car_lcAssertive": 50.086813311436025, "car_lcCooperative": 0.36348868328490525, "car_lcLookaheadLeft": 29.009104070564156, "car_lcPushy": 0.9247408135383717, "car_lcSigma": 0.38698923425629217, "car_lcSpeedGainRight": 2.464404367156601, "car_lcSublane": 0.2544381023144221, "car_sigma": 0.8849665188380633, "car_tau_mean": 1.8414220988185035, "car_tau_std": 2.9757471531387525, "car_v_mean": 19.48151939511607, "car_v_std": 3.8173988634461486}, "datetime": {"datetime": "2024-08-08 00:07:26", "elapsed": 265.623714, "delta": 1.224378}}
{"target": -0.35619229010228165, "params": {"bus_acc": 1.3396608391291378, "bus_dcc": 3.6344275102882393, "bus_lcAssertive": 10.73633654947196, "bus_lcCooperative": 0.42110762500505217, "bus_lcLookaheadLeft": 95.87317395474919, "bus_lcPushy": 0.5331652849730171, "bus_lcSigma": 0.6918771139504734, "bus_lcSpeedGainRight": 1.5775781550303147, "bus_lcSublane": 0.6865009276815837, "bus_sigma": 0.8346256718973729, "bus_tau_mean": 0.5640089707046714, "bus_tau_std": 7.501443149449675, "bus_v_mean": 23.821777422503914, "bus_v_std": 14.963313087596788, "car_acc": 1.5608879841288104, "car_dcc": 3.3678379853544653, "car_lcAssertive": 11.21937465118656, "car_lcCooperative": 0.44789352617590517, "car_lcLookaheadLeft": 91.04235930312336, "car_lcPushy": 0.2936141483736795, "car_lcSigma": 0.28777533858634874, "car_lcSpeedGainRight": 0.6501428605913884, "car_lcSublane": 0.019366957870297075, "car_sigma": 0.678835532939891, "car_tau_mean": 1.2406984060002066, "car_tau_std": 2.655466593722262, "car_v_mean": 15.865170548485413, "car_v_std": 1.0672509023416077}, "datetime": {"datetime": "2024-08-08 00:07:27", "elapsed": 266.883168, "delta": 1.259454}}
{"target": -0.34237240491285104, "params": {"bus_acc": 2.9471559455460254, "bus_dcc": 2.395326205146029, "bus_lcAssertive": 11.2976891070739, "bus_lcCooperative": 0.02414741697437306, "bus_lcLookaheadLeft": 88.36742001891609, "bus_lcPushy": 0.026191019576293217, "bus_lcSigma": 0.9508279892979901, "bus_lcSpeedGainRight": 2.8495882119659304, "bus_lcSublane": 0.6575679317062869, "bus_sigma": 0.9091704210434223, "bus_tau_mean": 3.6568329887712125, "bus_tau_std": 3.908550313778476, "bus_v_mean": 17.800631547861308, "bus_v_std": 10.436707034729608, "car_acc": 2.63408244268052, "car_dcc": 1.168548438755558, "car_lcAssertive": 63.07056931547373, "car_lcCooperative": 0.429738375018603, "car_lcLookaheadLeft": 86.3712180944019, "car_lcPushy": 0.6878665280273724, "car_lcSigma": 0.26102460548319106, "car_lcSpeedGainRight": 0.6711937546519198, "car_lcSublane": 0.541341679477201, "car_sigma": 0.9818994020158649, "car_tau_mean": 1.7246753937784873, "car_tau_std": 9.954117488991338, "car_v_mean": 16.28920358312118, "car_v_std": 3.806745776199414}, "datetime": {"datetime": "2024-08-08 00:07:29", "elapsed": 268.293793, "delta": 1.410625}}
{"target": -0.3293842675774604, "params": {"bus_acc": 1.7969163930980803, "bus_dcc": 2.1317187025915283, "bus_lcAssertive": 66.69666053543827, "bus_lcCooperative": 0.08633328681516406, "bus_lcLookaheadLeft": 55.88921220625415, "bus_lcPushy": 0.015421822343255842, "bus_lcSigma": 0.9830389835394168, "bus_lcSpeedGainRight": 2.992136111940074, "bus_lcSublane": 0.38411422799622663, "bus_sigma": 0.1467479307274827, "bus_tau_mean": 2.939074142528818, "bus_tau_std": 9.058084167065523, "bus_v_mean": 13.089740037513868, "bus_v_std": 15.329842893124594, "car_acc": 1.5749962040823753, "car_dcc": 3.87167602712318, "car_lcAssertive": 70.52925972468594, "car_lcCooperative": 0.6250155931933211, "car_lcLookaheadLeft": 93.21200384871447, "car_lcPushy": 0.26904238725191854, "car_lcSigma": 0.9236157463407607, "car_lcSpeedGainRight": 3.3904146706199123, "car_lcSublane": 0.7713625072014619, "car_sigma": 0.5716353364349513, "car_tau_mean": 3.4186663712473164, "car_tau_std": 6.982817992918626, "car_v_mean": 10.345739228430544, "car_v_std": 12.249222572561498}, "datetime": {"datetime": "2024-08-08 00:07:30", "elapsed": 269.760599, "delta": 1.466806}}
{"target": -0.3475758081230763, "params": {"bus_acc": 2.1482352109840264, "bus_dcc": 1.4401857247174306, "bus_lcAssertive": 59.34124815342514, "bus_lcCooperative": 0.6997583600209312, "bus_lcLookaheadLeft": 12.028774025126932, "bus_lcPushy": 0.4140559878195683, "bus_lcSigma": 0.6944001577277451, "bus_lcSpeedGainRight": 2.0708963476345135, "bus_lcSublane": 0.04995345894608716, "bus_sigma": 0.5358964059155116, "bus_tau_mean": 2.823281258269261, "bus_tau_std": 5.148891120583086, "bus_v_mean": 23.113516095853015, "bus_v_std": 11.731100810039859, "car_acc": 2.8068038305757668, "car_dcc": 1.4124241124387127, "car_lcAssertive": 14.788358377825096, "car_lcCooperative": 0.8073912887095238, "car_lcLookaheadLeft": 40.97233002458229, "car_lcPushy": 0.16535419711693278, "car_lcSigma": 0.9275085803960339, "car_lcSpeedGainRight": 1.738829298727533, "car_lcSublane": 0.7508121031361555, "car_sigma": 0.7259979853504515, "car_tau_mean": 3.5915713192203342, "car_tau_std": 6.236722070556089, "car_v_mean": 20.015078944437395, "car_v_std": 6.977966839556851}, "datetime": {"datetime": "2024-08-08 00:07:35", "elapsed": 274.522469, "delta": 4.76187}}
{"target": -0.3367666604430057, "params": {"bus_acc": 2.4040564569670497, "bus_dcc": 1.2256979654235662, "bus_lcAssertive": 12.542804976959157, "bus_lcCooperative": 0.9138040336972366, "bus_lcLookaheadLeft": 87.23759660355324, "bus_lcPushy": 0.29195244443750334, "bus_lcSigma": 0.10199996945854439, "bus_lcSpeedGainRight": 4.0444569076925765, "bus_lcSublane": 0.026173664200229152, "bus_sigma": 0.6363476959221258, "bus_tau_mean": 1.0603045517697591, "bus_tau_std": 6.916244287005272, "bus_v_mean": 10.6883151384946, "bus_v_std": 6.980974545947869, "car_acc": 1.2441738326372298, "car_dcc": 1.861261093046227, "car_lcAssertive": 13.78063890211077, "car_lcCooperative": 0.46338617119116643, "car_lcLookaheadLeft": 65.64195757259499, "car_lcPushy": 0.39451056866238143, "car_lcSigma": 0.9529585014592254, "car_lcSpeedGainRight": 3.774326953708766, "car_lcSublane": 0.5443753307388431, "car_sigma": 0.5635228919386142, "car_tau_mean": 1.6221138365785015, "car_tau_std": 5.125197669497959, "car_v_mean": 20.124987155063565, "car_v_std": 0.036192509515740046}, "datetime": {"datetime": "2024-08-08 00:07:37", "elapsed": 276.144576, "delta": 1.622107}}
{"target": -0.3730529820454356, "params": {"bus_acc": 1.5049900581950828, "bus_dcc": 2.5180628595818506, "bus_lcAssertive": 74.18773951318929, "bus_lcCooperative": 0.7223022490183862, "bus_lcLookaheadLeft": 47.8946059874357, "bus_lcPushy": 0.7061935600296172, "bus_lcSigma": 0.5590665581575811, "bus_lcSpeedGainRight": 0.39205399549891606, "bus_lcSublane": 0.9528036194228799, "bus_sigma": 0.9756541957047803, "bus_tau_mean": 1.0670488494639803, "bus_tau_std": 4.1782692800369094, "bus_v_mean": 17.91345123869464, "bus_v_std": 11.362402442311907, "car_acc": 1.7494637747822208, "car_dcc": 3.7106640540163127, "car_lcAssertive": 68.04084602121695, "car_lcCooperative": 0.11262929712299152, "car_lcLookaheadLeft": 67.61721511643412, "car_lcPushy": 0.2179907626050135, "car_lcSigma": 0.08609465676401007, "car_lcSpeedGainRight": 1.7996610795890882, "car_lcSublane": 0.049607287737550965, "car_sigma": 0.146616371834832, "car_tau_mean": 2.085731645367833, "car_tau_std": 9.832023817283845, "car_v_mean": 21.469878541797108, "car_v_std": 0.2640991644681545}, "datetime": {"datetime": "2024-08-08 00:07:38", "elapsed": 277.279532, "delta": 1.134956}}
{"target": -0.3094556990691302, "params": {"bus_acc": 1.2707087817241465, "bus_dcc": 1.0919160942726092, "bus_lcAssertive": 46.77120500937646, "bus_lcCooperative": 0.9606566952869964, "bus_lcLookaheadLeft": 11.174196349471044, "bus_lcPushy": 0.0655985161350432, "bus_lcSigma": 0.8799355762219236, "bus_lcSpeedGainRight": 4.1068602077164424, "bus_lcSublane": 0.8199694222450838, "bus_sigma": 0.46781804781537173, "bus_tau_mean": 1.9962223309618568, "bus_tau_std": 4.010683054344961, "bus_v_mean": 17.315440674228913, "bus_v_std": 14.579413387522225, "car_acc": 2.568584004699252, "car_dcc": 2.9643975626812535, "car_lcAssertive": 56.6841503029253, "car_lcCooperative": 0.412392608220297, "car_lcLookaheadLeft": 33.35167608029775, "car_lcPushy": 0.2862477928261852, "car_lcSigma": 0.29617671840307525, "car_lcSpeedGainRight": 3.413764330822216, "car_lcSublane": 0.7624411821595793, "car_sigma": 0.5976197869899762, "car_tau_mean": 1.2800236228874629, "car_tau_std": 1.943950205047229, "car_v_mean": 20.25097790033206, "car_v_std": 19.57387637950091}, "datetime": {"datetime": "2024-08-08 00:07:42", "elapsed": 281.990551, "delta": 4.711019}}
{"target": -0.3837474408262376, "params": {"bus_acc": 2.7879553300327062, "bus_dcc": 2.9332323921929637, "bus_lcAssertive": 10.359882161315866, "bus_lcCooperative": 0.5513749856881907, "bus_lcLookaheadLeft": 14.639483472115067, "bus_lcPushy": 0.11882084014218852, "bus_lcSigma": 0.26554890159213385, "bus_lcSpeedGainRight": 3.8145415078578493, "bus_lcSublane": 0.6982209458758758, "bus_sigma": 0.5588521344343241, "bus_tau_mean": 1.3932931657714454, "bus_tau_std": 5.178687670230947, "bus_v_mean": 22.876015897736135, "bus_v_std": 3.7063840616388144, "car_acc": 2.468414814299812, "car_dcc": 3.616548690250117, "car_lcAssertive": 67.2761646306554, "car_lcCooperative": 0.20369566865585875, "car_lcLookaheadLeft": 14.658267644424262, "car_lcPushy": 0.5150329913726867, "car_lcSigma": 0.1303081811738389, "car_lcSpeedGainRight": 4.128500004174141, "car_lcSublane": 0.5236445287137309, "car_sigma": 0.2914236874448831, "car_tau_mean": 2.488443567072241, "car_tau_std": 2.6063738044561147, "car_v_mean": 17.351523274909564, "car_v_std": 4.642448545061127}, "datetime": {"datetime": "2024-08-08 00:07:44", "elapsed": 283.604205, "delta": 1.613654}}
{"target": -0.33905636252395244, "params": {"bus_acc": 1.470161730280181, "bus_dcc": 1.0613192539914997, "bus_lcAssertive": 33.45005094353712, "bus_lcCooperative": 0.4680560778756401, "bus_lcLookaheadLeft": 78.88777308277646, "bus_lcPushy": 0.5322729558284961, "bus_lcSigma": 0.4774265006789925, "bus_lcSpeedGainRight": 3.4897486033928087, "bus_lcSublane": 0.017417185302214144, "bus_sigma": 0.6949907649340304, "bus_tau_mean": 1.5918585537835306, "bus_tau_std": 5.597909594664436, "bus_v_mean": 17.70890632655254, "bus_v_std": 3.6428531430007327, "car_acc": 1.5005451805183294, "car_dcc": 2.736454175661435, "car_lcAssertive": 26.999644502863624, "car_lcCooperative": 0.2394170493667156, "car_lcLookaheadLeft": 37.18507232518429, "car_lcPushy": 0.9044109982517952, "car_lcSigma": 0.8692103055155421, "car_lcSpeedGainRight": 2.5701788926879265, "car_lcSublane": 0.05174768110702721, "car_sigma": 0.8003379069103024, "car_tau_mean": 1.134162157717954, "car_tau_std": 6.6874125440851016, "car_v_mean": 21.365947436258672, "car_v_std": 19.295931135412715}, "datetime": {"datetime": "2024-08-08 00:07:45", "elapsed": 284.790944, "delta": 1.186739}}
{"target": -0.33099030539449764, "params": {"bus_acc": 1.7465557557296565, "bus_dcc": 3.436560927246954, "bus_lcAssertive": 53.310084975565076, "bus_lcCooperative": 0.24713082560012845, "bus_lcLookaheadLeft": 79.70301718385436, "bus_lcPushy": 0.2617510439444676, "bus_lcSigma": 0.00039838005475179017, "bus_lcSpeedGainRight": 1.1565945947786627, "bus_lcSublane": 0.9933702889624809, "bus_sigma": 0.6562008343421062, "bus_tau_mean": 1.272338427305108, "bus_tau_std": 6.861397019787448, "bus_v_mean": 18.990990371549103, "bus_v_std": 12.814855398737159, "car_acc": 1.141097033443753, "car_dcc": 1.7288923509678913, "car_lcAssertive": 87.21288208986691, "car_lcCooperative": 0.7347408193015217, "car_lcLookaheadLeft": 18.445968586440173, "car_lcPushy": 0.29858946127654595, "car_lcSigma": 0.5627220287356469, "car_lcSpeedGainRight": 4.132228830114145, "car_lcSublane": 0.2005163063645068, "car_sigma": 0.10166529365348886, "car_tau_mean": 1.8365411135672711, "car_tau_std": 9.12353469252759, "car_v_mean": 12.168216308118788, "car_v_std": 2.166087054261605}, "datetime": {"datetime": "2024-08-08 00:07:46", "elapsed": 286.115454, "delta": 1.32451}}
{"target": -0.3515820529631355, "params": {"bus_acc": 1.1350281008267393, "bus_dcc": 2.3089361457977464, "bus_lcAssertive": 92.95741713280664, "bus_lcCooperative": 0.26318010363654454, "bus_lcLookaheadLeft": 14.53941084549394, "bus_lcPushy": 0.7622387720608016, "bus_lcSigma": 0.9286081213991312, "bus_lcSpeedGainRight": 1.6288421035215883, "bus_lcSublane": 0.23245809784533655, "bus_sigma": 0.1824854764117131, "bus_tau_mean": 3.8713243293242585, "bus_tau_std": 5.766346346502747, "bus_v_mean": 21.761404350564547, "bus_v_std": 6.166899721037322, "car_acc": 1.1128728607168819, "car_dcc": 2.3614125553459053, "car_lcAssertive": 21.503899494829845, "car_lcCooperative": 0.5189836643290452, "car_lcLookaheadLeft": 54.722788290538084, "car_lcPushy": 0.2942882172433129, "car_lcSigma": 0.3074538821838113, "car_lcSpeedGainRight": 0.12086836107416399, "car_lcSublane": 0.42040201393038057, "car_sigma": 0.3236894136587639, "car_tau_mean": 2.668215438414082, "car_tau_std": 8.597630666919953, "car_v_mean": 15.882247052686651, "car_v_std": 1.6541659606377879}, "datetime": {"datetime": "2024-08-08 00:07:48", "elapsed": 288.045759, "delta": 1.930305}}
{"target": -0.35105425076000385, "params": {"bus_acc": 2.4143752195683645, "bus_dcc": 2.7727017984712203, "bus_lcAssertive": 81.92084476931544, "bus_lcCooperative": 0.907644646099839, "bus_lcLookaheadLeft": 2.245740847456469, "bus_lcPushy": 0.39722776623376177, "bus_lcSigma": 0.5614096837184815, "bus_lcSpeedGainRight": 3.669615681424383, "bus_lcSublane": 0.08747276218504352, "bus_sigma": 0.3997549876808645, "bus_tau_mean": 1.478674128074471, "bus_tau_std": 4.235100531051829, "bus_v_mean": 15.967658122772614, "bus_v_std": 13.20030447052102, "car_acc": 1.9924722779405584, "car_dcc": 2.8614046018155714, "car_lcAssertive": 58.66154632703304, "car_lcCooperative": 0.42833239803885637, "car_lcLookaheadLeft": 2.487683741704008, "car_lcPushy": 0.19451641385960183, "car_lcSigma": 0.3202066542862888, "car_lcSpeedGainRight": 0.7348906292746565, "car_lcSublane": 0.5986638816064357, "car_sigma": 0.6114994766596024, "car_tau_mean": 2.2503264085892534, "car_tau_std": 3.2084890160086452, "car_v_mean": 18.45212883239127, "car_v_std": 3.8056696535808743}, "datetime": {"datetime": "2024-08-08 00:07:49", "elapsed": 289.068273, "delta": 1.022514}}
{"target": -0.3312996848180515, "params": {"bus_acc": 2.6242311359162924, "bus_dcc": 1.3094403477503926, "bus_lcAssertive": 52.115288522275364, "bus_lcCooperative": 0.1555778979920741, "bus_lcLookaheadLeft": 29.324042032027158, "bus_lcPushy": 0.8826020025030701, "bus_lcSigma": 0.6315937651309106, "bus_lcSpeedGainRight": 4.81831355106535, "bus_lcSublane": 0.599714365615993, "bus_sigma": 0.009519716216558005, "bus_tau_mean": 1.9547435193214757, "bus_tau_std": 0.22441754358679789, "bus_v_mean": 13.023749248751143, "bus_v_std": 9.632498614414835, "car_acc": 2.150918682247616, "car_dcc": 1.7159506087867897, "car_lcAssertive": 56.27037126631753, "car_lcCooperative": 0.3949201341072339, "car_lcLookaheadLeft": 51.64505437567884, "car_lcPushy": 0.19596701454252152, "car_lcSigma": 0.1567516100034313, "car_lcSpeedGainRight": 3.7725850380119317, "car_lcSublane": 0.3299732288055194, "car_sigma": 0.6441956925382164, "car_tau_mean": 2.4790945880668964, "car_tau_std": 8.99530915886071, "car_v_mean": 22.09093788651224, "car_v_std": 8.862228006535668}, "datetime": {"datetime": "2024-08-08 00:07:51", "elapsed": 290.649611, "delta": 1.581338}}
{"target": -0.3571891256485096, "params": {"bus_acc": 1.6191905240689768, "bus_dcc": 2.1470101116382097, "bus_lcAssertive": 76.33191506307026, "bus_lcCooperative": 0.33003075642357127, "bus_lcLookaheadLeft": 8.252341662012444, "bus_lcPushy": 0.046104457464484216, "bus_lcSigma": 0.13492536666785637, "bus_lcSpeedGainRight": 2.3475787486562965, "bus_lcSublane": 0.3841041008667575, "bus_sigma": 0.6751984472643119, "bus_tau_mean": 0.8338810611778699, "bus_tau_std": 1.6180487504828367, "bus_v_mean": 23.506302729457726, "bus_v_std": 8.489700650417422, "car_acc": 2.8321060900537347, "car_dcc": 1.703037151415364, "car_lcAssertive": 98.27219698091922, "car_lcCooperative": 0.12648825794948804, "car_lcLookaheadLeft": 78.43244210431664, "car_lcPushy": 0.9806316720286541, "car_lcSigma": 0.48702626747671474, "car_lcSpeedGainRight": 2.4494280396327155, "car_lcSublane": 0.17514595033260416, "car_sigma": 0.6089411381905278, "car_tau_mean": 1.3500871423093423, "car_tau_std": 7.167971580913962, "car_v_mean": 15.585061715808997, "car_v_std": 4.647763139567909}, "datetime": {"datetime": "2024-08-08 00:07:53", "elapsed": 292.325118, "delta": 1.675507}}
