{"target": -0.34671650922880404, "params": {"bus_acc": 2.147075645829704, "bus_dcc": 2.7321547920804785, "bus_lcAssertive": 36.095264933928156, "bus_lcCooperative": 0.34804830714205326, "bus_lcLookaheadLeft": 49.440692073845305, "bus_lcPushy": 0.07143843875251465, "bus_lcSigma": 0.038685691058786276, "bus_lcSpeedGainRight": 4.203048222331342, "bus_lcSublane": 0.007368889641819032, "bus_sigma": 0.7037578038522245, "bus_tau_mean": 2.059470860426061, "bus_tau_std": 9.695095709343493, "bus_v_mean": 20.958750291070075, "bus_v_std": 7.992236093070792, "car_acc": 2.181489036842704, "car_dcc": 1.385782482031638, "car_lcAssertive": 37.09455527159745, "car_lcCooperative": 0.20418115721203733, "car_lcLookaheadLeft": 32.9750175689164, "car_lcPushy": 0.5623157261270272, "car_lcSigma": 0.8619117905528751, "car_lcSpeedGainRight": 0.49100856630805045, "car_lcSublane": 0.8300568207173695, "car_sigma": 0.9206667337616684, "car_tau_mean": 1.2826980432291362, "car_tau_std": 2.008475846458122, "car_v_mean": 20.29496289746016, "car_v_std": 0.4105639975893993}, "datetime": {"datetime": "2024-08-08 18:43:17", "elapsed": 404.737474, "delta": 1.541487}}
{"target": -0.3008209196780332, "params": {"bus_acc": 2.1297409442373234, "bus_dcc": 3.9213506150749677, "bus_lcAssertive": 60.86689399643125, "bus_lcCooperative": 0.828845807980693, "bus_lcLookaheadLeft": 58.321727461394026, "bus_lcPushy": 0.6280761983073504, "bus_lcSigma": 0.28557628169569393, "bus_lcSpeedGainRight": 2.9341667032804146, "bus_lcSublane": 0.7500217637026599, "bus_sigma": 0.8583138364290424, "bus_tau_mean": 3.1427876596368804, "bus_tau_std": 6.98057248447303, "bus_v_mean": 21.831670880873595, "bus_v_std": 6.453619936734929, "car_acc": 3.0123663723627616, "car_dcc": 2.3526218092400475, "car_lcAssertive": 38.8281724511202, "car_lcCooperative": 0.4108113499221856, "car_lcLookaheadLeft": 41.34499918001498, "car_lcPushy": 0.3173839459582769, "car_lcSigma": 0.6219193679203014, "car_lcSpeedGainRight": 2.151236354106322, "car_lcSublane": 0.9738020779272523, "car_sigma": 0.6778008914343111, "car_tau_mean": 1.194994609494888, "car_tau_std": 4.267010093480328, "car_v_mean": 13.493539836390768, "car_v_std": 15.952776079171331}, "datetime": {"datetime": "2024-08-08 18:43:20", "elapsed": 407.737992, "delta": 3.000518}}
{"target": -0.3113195302677057, "params": {"bus_acc": 1.6571561566646622, "bus_dcc": 2.555518244799483, "bus_lcAssertive": 83.70616254077397, "bus_lcCooperative": 0.6447707704612369, "bus_lcLookaheadLeft": 11.23069263706978, "bus_lcPushy": 0.13406832534694413, "bus_lcSigma": 0.3903005958146033, "bus_lcSpeedGainRight": 1.5978234643538998, "bus_lcSublane": 0.8912206018412917, "bus_sigma": 0.8912914879792161, "bus_tau_mean": 0.6043843535832015, "bus_tau_std": 2.1052193779097026, "bus_v_mean": 14.213643403483026, "bus_v_std": 3.5274948996989863, "car_acc": 3.756059019815032, "car_dcc": 1.5687956604860804, "car_lcAssertive": 73.66461019023164, "car_lcCooperative": 0.9569156335362365, "car_lcLookaheadLeft": 48.81636843409138, "car_lcPushy": 0.8142192933706808, "car_lcSigma": 0.42821938187753605, "car_lcSpeedGainRight": 4.067246274596225, "car_lcSublane": 0.7616984963076888, "car_sigma": 0.9596036477349872, "car_tau_mean": 1.6781000232590186, "car_tau_std": 7.665944044640568, "car_v_mean": 22.745884861328513, "car_v_std": 16.215433658360183}, "datetime": {"datetime": "2024-08-08 18:43:22", "elapsed": 409.80773, "delta": 2.069738}}
{"target": -0.2946741623825885, "params": {"bus_acc": 1.5562107604350608, "bus_dcc": 2.370468693079905, "bus_lcAssertive": 58.767624930554554, "bus_lcCooperative": 0.3212006007880921, "bus_lcLookaheadLeft": 71.2123141799779, "bus_lcPushy": 0.9178251386774966, "bus_lcSigma": 0.0730706057646422, "bus_lcSpeedGainRight": 0.9071364231762358, "bus_lcSublane": 0.5091121358451357, "bus_sigma": 0.7998807101697541, "bus_tau_mean": 2.7083516333968736, "bus_tau_std": 0.19690697849502503, "bus_v_mean": 13.279700347828902, "bus_v_std": 13.076560878109031, "car_acc": 3.0614127568092036, "car_dcc": 2.4467467508419345, "car_lcAssertive": 6.319735205091725, "car_lcCooperative": 0.6277875387183062, "car_lcLookaheadLeft": 51.39495334155627, "car_lcPushy": 0.7254132949558844, "car_lcSigma": 0.39049420460748185, "car_lcSpeedGainRight": 4.1786270402080214, "car_lcSublane": 0.30750223024189516, "car_sigma": 0.8637868182383974, "car_tau_mean": 0.5506824232755643, "car_tau_std": 7.627428438867571, "car_v_mean": 21.23788002542092, "car_v_std": 13.617940875810346}, "datetime": {"datetime": "2024-08-08 18:43:24", "elapsed": 412.575278, "delta": 2.767548}}
{"target": -0.3202782800240688, "params": {"bus_acc": 1.4355564253353754, "bus_dcc": 3.5806786005110878, "bus_lcAssertive": 77.52697442050341, "bus_lcCooperative": 0.7759671355687482, "bus_lcLookaheadLeft": 53.812472047415646, "bus_lcPushy": 0.4501853666907679, "bus_lcSigma": 0.22663149269250416, "bus_lcSpeedGainRight": 4.043390885347759, "bus_lcSublane": 0.9659290965618759, "bus_sigma": 0.5435319722003557, "bus_tau_mean": 3.657726099665866, "bus_tau_std": 2.8235044197461976, "bus_v_mean": 16.284084021592417, "bus_v_std": 6.5632517885032655, "car_acc": 3.9754034776203584, "car_dcc": 1.7509499554683325, "car_lcAssertive": 68.1967932636376, "car_lcCooperative": 0.7642020789997055, "car_lcLookaheadLeft": 5.158210594798318, "car_lcPushy": 0.9822712283503278, "car_lcSigma": 0.09132273980371786, "car_lcSpeedGainRight": 3.070374159695059, "car_lcSublane": 0.1493508108256505, "car_sigma": 0.5207964967050822, "car_tau_mean": 0.8267078276010763, "car_tau_std": 7.812004399897563, "car_v_mean": 20.366896276552808, "car_v_std": 11.96297529858186}, "datetime": {"datetime": "2024-08-08 18:43:26", "elapsed": 413.936136, "delta": 1.360858}}
{"target": -0.313617160534655, "params": {"bus_acc": 2.1386584625396923, "bus_dcc": 3.5394621428285458, "bus_lcAssertive": 11.211914436474187, "bus_lcCooperative": 0.9693897831387973, "bus_lcLookaheadLeft": 53.236726420995204, "bus_lcPushy": 0.673336502314276, "bus_lcSigma": 0.7315304306693198, "bus_lcSpeedGainRight": 4.904894025049006, "bus_lcSublane": 0.5527569774050577, "bus_sigma": 0.6997243444153014, "bus_tau_mean": 2.8894021245592185, "bus_tau_std": 6.302331411833633, "bus_v_mean": 20.789519387569385, "bus_v_std": 6.913089989951691, "car_acc": 2.4456754967294643, "car_dcc": 1.2343676172730946, "car_lcAssertive": 91.10047799461688, "car_lcCooperative": 0.5592257408097784, "car_lcLookaheadLeft": 53.4486443729144, "car_lcPushy": 0.26695188982531315, "car_lcSigma": 0.8999928855786703, "car_lcSpeedGainRight": 0.06956784088914036, "car_lcSublane": 0.0970011361003359, "car_sigma": 0.060074924973711585, "car_tau_mean": 1.3432281989739752, "car_tau_std": 4.968492094618961, "car_v_mean": 15.41638475857981, "car_v_std": 5.4109241820542175}, "datetime": {"datetime": "2024-08-08 18:43:28", "elapsed": 416.205508, "delta": 2.269372}}
{"target": -0.3279835453279014, "params": {"bus_acc": 1.1942199503246465, "bus_dcc": 3.974039526195427, "bus_lcAssertive": 6.246459724130964, "bus_lcCooperative": 0.19949554613856135, "bus_lcLookaheadLeft": 43.429760841166974, "bus_lcPushy": 0.10750887618516769, "bus_lcSigma": 0.6236704109977018, "bus_lcSpeedGainRight": 0.23996282024433657, "bus_lcSublane": 0.28462388100694214, "bus_sigma": 0.06103668111967109, "bus_tau_mean": 2.962317658867784, "bus_tau_std": 6.68456167589482, "bus_v_mean": 14.057289492009636, "bus_v_std": 3.763885200596424, "car_acc": 3.2410144870898354, "car_dcc": 2.0211378722964017, "car_lcAssertive": 79.73481557315864, "car_lcCooperative": 0.4879009391796203, "car_lcLookaheadLeft": 53.51560554639598, "car_lcPushy": 0.028490849491567216, "car_lcSigma": 0.6442320198790318, "car_lcSpeedGainRight": 1.7532825121608369, "car_lcSublane": 0.2292050272920657, "car_sigma": 0.4338833762117006, "car_tau_mean": 1.8386361004482115, "car_tau_std": 4.697890400863603, "car_v_mean": 23.671733666876904, "car_v_std": 7.287561407364609}, "datetime": {"datetime": "2024-08-08 18:43:30", "elapsed": 418.580674, "delta": 2.375166}}
{"target": -0.28514927240797083, "params": {"bus_acc": 3.815445675570202, "bus_dcc": 2.0290843294912198, "bus_lcAssertive": 78.19468525277739, "bus_lcCooperative": 0.17473631282740743, "bus_lcLookaheadLeft": 35.51137795764034, "bus_lcPushy": 0.14459772083809674, "bus_lcSigma": 0.716770814146376, "bus_lcSpeedGainRight": 3.496538118484071, "bus_lcSublane": 0.6884973179489188, "bus_sigma": 0.25339603448629966, "bus_tau_mean": 2.923260425681931, "bus_tau_std": 2.2729754091594954, "bus_v_mean": 14.794385854901435, "bus_v_std": 7.438442433353744, "car_acc": 2.0659237348603665, "car_dcc": 1.1729644217237691, "car_lcAssertive": 63.53301605972803, "car_lcCooperative": 0.7073166026816995, "car_lcLookaheadLeft": 62.13169206127789, "car_lcPushy": 0.6483127561631246, "car_lcSigma": 0.16994071421725776, "car_lcSpeedGainRight": 0.7472339946943124, "car_lcSublane": 0.5141750435258828, "car_sigma": 0.8753327263545391, "car_tau_mean": 1.143837045415277, "car_tau_std": 4.628391187082599, "car_v_mean": 14.862917344478447, "car_v_std": 9.945783718390327}, "datetime": {"datetime": "2024-08-08 18:43:32", "elapsed": 420.176538, "delta": 1.595864}}
{"target": -0.3537273934685949, "params": {"bus_acc": 2.225825488531375, "bus_dcc": 1.5307126670812825, "bus_lcAssertive": 40.36755689486291, "bus_lcCooperative": 0.48521265373011824, "bus_lcLookaheadLeft": 99.07729007128228, "bus_lcPushy": 0.28419507592058557, "bus_lcSigma": 0.16563967647923183, "bus_lcSpeedGainRight": 1.1028775675772207, "bus_lcSublane": 0.21146734435685288, "bus_sigma": 0.07604769057476157, "bus_tau_mean": 1.7771769444820875, "bus_tau_std": 2.8473402479064247, "bus_v_mean": 22.20142067429409, "bus_v_std": 15.605192199128378, "car_acc": 1.327194870542037, "car_dcc": 3.551510486102228, "car_lcAssertive": 11.8502620840065, "car_lcCooperative": 0.7202077467752445, "car_lcLookaheadLeft": 58.13678119626764, "car_lcPushy": 0.08680838426747961, "car_lcSigma": 0.9053280360773668, "car_lcSpeedGainRight": 4.372832574426883, "car_lcSublane": 0.8438517313619269, "car_sigma": 0.3695673551173151, "car_tau_mean": 1.2803299433140876, "car_tau_std": 9.971116548587963, "car_v_mean": 21.077413847672062, "car_v_std": 0.8425632125621263}, "datetime": {"datetime": "2024-08-08 18:43:35", "elapsed": 422.82936, "delta": 2.652822}}
{"target": -0.32962423866703133, "params": {"bus_acc": 1.2514036807611366, "bus_dcc": 2.5390018420893656, "bus_lcAssertive": 1.0968030077364777, "bus_lcCooperative": 0.7081130395586114, "bus_lcLookaheadLeft": 74.42780636390297, "bus_lcPushy": 0.9733195963038493, "bus_lcSigma": 0.6631646068687582, "bus_lcSpeedGainRight": 2.4710836296511896, "bus_lcSublane": 0.07362331711648329, "bus_sigma": 0.5342950271226653, "bus_tau_mean": 0.9964063791323792, "bus_tau_std": 8.023887623876488, "bus_v_mean": 17.21838160858792, "bus_v_std": 4.25828475301246, "car_acc": 3.1211655360244412, "car_dcc": 1.9990254307479742, "car_lcAssertive": 67.24072302037399, "car_lcCooperative": 0.7795510881468012, "car_lcLookaheadLeft": 10.484459632218991, "car_lcPushy": 0.5106564625707463, "car_lcSigma": 0.10367436206390568, "car_lcSpeedGainRight": 3.2473075287509094, "car_lcSublane": 0.3154978825073803, "car_sigma": 0.643501190424533, "car_tau_mean": 0.6699382372394633, "car_tau_std": 8.669963970200289, "car_v_mean": 15.650548080193058, "car_v_std": 15.871063772551047}, "datetime": {"datetime": "2024-08-08 18:43:37", "elapsed": 425.145597, "delta": 2.316237}}
{"target": -0.3293805280417144, "params": {"bus_acc": 2.1198336335944847, "bus_dcc": 3.436560927246954, "bus_lcAssertive": 53.310084975565076, "bus_lcCooperative": 0.24713082560012845, "bus_lcLookaheadLeft": 79.70301718385436, "bus_lcPushy": 0.2617510439444676, "bus_lcSigma": 0.00039838005475179017, "bus_lcSpeedGainRight": 1.1565945947786627, "bus_lcSublane": 0.9933702889624809, "bus_sigma": 0.6562008343421062, "bus_tau_mean": 1.272338427305108, "bus_tau_std": 6.861397019787448, "bus_v_mean": 18.990990371549103, "bus_v_std": 12.814855398737159, "car_acc": 1.2116455501656294, "car_dcc": 1.7288923509678913, "car_lcAssertive": 87.21288208986691, "car_lcCooperative": 0.7347408193015217, "car_lcLookaheadLeft": 18.445968586440173, "car_lcPushy": 0.29858946127654595, "car_lcSigma": 0.5627220287356469, "car_lcSpeedGainRight": 4.132228830114145, "car_lcSublane": 0.2005163063645068, "car_sigma": 0.10166529365348886, "car_tau_mean": 1.8365411135672711, "car_tau_std": 9.12353469252759, "car_v_mean": 12.168216308118788, "car_v_std": 2.166087054261605}, "datetime": {"datetime": "2024-08-08 18:43:39", "elapsed": 427.348961, "delta": 2.203364}}
{"target": -0.29673149862393106, "params": {"bus_acc": 1.3934505615641688, "bus_dcc": 1.4310579189964652, "bus_lcAssertive": 38.16522595210664, "bus_lcCooperative": 0.22840905181164184, "bus_lcLookaheadLeft": 32.08466659043994, "bus_lcPushy": 0.15006568488590488, "bus_lcSigma": 0.09663605983898593, "bus_lcSpeedGainRight": 4.579920155581695, "bus_lcSublane": 0.3458934084716969, "bus_sigma": 0.5659662567350899, "bus_tau_mean": 2.4151956777533963, "bus_tau_std": 4.50357548152311, "bus_v_mean": 19.96512928547904, "bus_v_std": 6.6315291469294735, "car_acc": 3.677432370572027, "car_dcc": 1.2040996669212622, "car_lcAssertive": 57.914069679783005, "car_lcCooperative": 0.3390525769517404, "car_lcLookaheadLeft": 37.6622337990038, "car_lcPushy": 0.30509789424760836, "car_lcSigma": 0.6035862995105342, "car_lcSpeedGainRight": 1.1720396476692418, "car_lcSublane": 0.29430619969041927, "car_sigma": 0.28549459054495274, "car_tau_mean": 0.5237840586940858, "car_tau_std": 3.7161850945391226, "car_v_mean": 8.782357618759383, "car_v_std": 17.487524250408125}, "datetime": {"datetime": "2024-08-08 18:43:43", "elapsed": 431.118517, "delta": 3.769556}}
{"target": -0.3066703399607975, "params": {"bus_acc": 2.665327560500405, "bus_dcc": 1.6820054396539805, "bus_lcAssertive": 37.20393338140477, "bus_lcCooperative": 0.16996311765691652, "bus_lcLookaheadLeft": 67.0987127586887, "bus_lcPushy": 0.08166718150004504, "bus_lcSigma": 0.3432886894878433, "bus_lcSpeedGainRight": 2.6551265887181366, "bus_lcSublane": 0.5495300822173746, "bus_sigma": 0.367654358738842, "bus_tau_mean": 2.7531321389896872, "bus_tau_std": 1.6444807997265332, "bus_v_mean": 19.588754640375186, "bus_v_std": 18.504993117946928, "car_acc": 3.9694778128144343, "car_dcc": 3.6354476727678238, "car_lcAssertive": 26.83096730325874, "car_lcCooperative": 0.03809333265392023, "car_lcLookaheadLeft": 97.45452497432542, "car_lcPushy": 0.5571198921236816, "car_lcSigma": 0.5397099791937598, "car_lcSpeedGainRight": 0.7323056651557541, "car_lcSublane": 0.9124921775393321, "car_sigma": 0.9576095883373343, "car_tau_mean": 3.5087046327540334, "car_tau_std": 6.927604650610965, "car_v_mean": 14.174421578298817, "car_v_std": 18.53455763983358}, "datetime": {"datetime": "2024-08-08 18:43:46", "elapsed": 434.504143, "delta": 3.385626}}
{"target": -0.29871504468955573, "params": {"bus_acc": 1.3042623306438301, "bus_dcc": 3.1367344131917667, "bus_lcAssertive": 9.725381228617952, "bus_lcCooperative": 0.8660774293737196, "bus_lcLookaheadLeft": 86.61794715259819, "bus_lcPushy": 0.7084507915153727, "bus_lcSigma": 0.4864245738076861, "bus_lcSpeedGainRight": 3.4957328270645824, "bus_lcSublane": 0.3949870601017651, "bus_sigma": 0.7974959842933487, "bus_tau_mean": 3.252459787979467, "bus_tau_std": 1.5552858387362167, "bus_v_mean": 13.085080805609564, "bus_v_std": 6.879663535719807, "car_acc": 2.0925108959605776, "car_dcc": 2.699936670063696, "car_lcAssertive": 5.12705680950849, "car_lcCooperative": 0.6599697189638991, "car_lcLookaheadLeft": 21.759912387550166, "car_lcPushy": 0.4164625561731081, "car_lcSigma": 0.4508926565007, "car_lcSpeedGainRight": 1.7436338477382296, "car_lcSublane": 0.38328031012801256, "car_sigma": 0.18030606084775935, "car_tau_mean": 0.7384552008792604, "car_tau_std": 5.512566489358516, "car_v_mean": 17.53387112986642, "car_v_std": 2.909995784434176}, "datetime": {"datetime": "2024-08-08 18:43:49", "elapsed": 437.140177, "delta": 2.636034}}
{"target": -0.2781460999511975, "params": {"bus_acc": 1.6174124273890906, "bus_dcc": 2.228033423108929, "bus_lcAssertive": 73.12714861546256, "bus_lcCooperative": 0.589918991241211, "bus_lcLookaheadLeft": 94.23720489676207, "bus_lcPushy": 0.4468873835700453, "bus_lcSigma": 0.6175837821169542, "bus_lcSpeedGainRight": 0.4124411695402608, "bus_lcSublane": 0.23041299916521174, "bus_sigma": 0.12198669159106867, "bus_tau_mean": 3.183412806942531, "bus_tau_std": 0.1926845600995608, "bus_v_mean": 23.055972065658956, "bus_v_std": 16.71779084458993, "car_acc": 3.037028274540639, "car_dcc": 1.085950422148108, "car_lcAssertive": 26.53187707498625, "car_lcCooperative": 0.13628193436779656, "car_lcLookaheadLeft": 71.64847648676155, "car_lcPushy": 0.06946591418465631, "car_lcSigma": 0.8898881189992887, "car_lcSpeedGainRight": 2.771849925162284, "car_lcSublane": 0.10338907211225601, "car_sigma": 0.460525547942892, "car_tau_mean": 0.9969477993058491, "car_tau_std": 4.231437418338397, "car_v_mean": 19.421970541669843, "car_v_std": 13.925872149137406}, "datetime": {"datetime": "2024-08-08 18:43:52", "elapsed": 440.074105, "delta": 2.933928}}
{"target": -0.36213631431560084, "params": {"bus_acc": 1.614205259476771, "bus_dcc": 2.8965771258754773, "bus_lcAssertive": 64.04676155930846, "bus_lcCooperative": 0.6924175033786027, "bus_lcLookaheadLeft": 90.9323738680104, "bus_lcPushy": 0.7825809780445985, "bus_lcSigma": 0.6252909358558468, "bus_lcSpeedGainRight": 3.004827976990449, "bus_lcSublane": 0.21275903606814206, "bus_sigma": 0.651365361997868, "bus_tau_mean": 3.350750597718116, "bus_tau_std": 9.223224808528965, "bus_v_mean": 22.666401793294924, "bus_v_std": 11.221976117452732, "car_acc": 1.7795019272214632, "car_dcc": 2.00139237047115, "car_lcAssertive": 99.77847419131322, "car_lcCooperative": 0.5255977882178193, "car_lcLookaheadLeft": 81.95885393810659, "car_lcPushy": 0.5970161877845721, "car_lcSigma": 0.5069303873283266, "car_lcSpeedGainRight": 1.7426980765284887, "car_lcSublane": 0.5377705282313024, "car_sigma": 0.00673470699420331, "car_tau_mean": 3.568400323088009, "car_tau_std": 5.6148648153267935, "car_v_mean": 8.388502805194857, "car_v_std": 16.36349490662331}, "datetime": {"datetime": "2024-08-08 18:43:59", "elapsed": 447.411079, "delta": 7.336974}}
{"target": -0.3400943149749432, "params": {"bus_acc": 2.43103898320679, "bus_dcc": 2.3466365101202964, "bus_lcAssertive": 88.71379914536978, "bus_lcCooperative": 0.5276187723115614, "bus_lcLookaheadLeft": 42.090901527852274, "bus_lcPushy": 0.26889202221264585, "bus_lcSigma": 0.07201203516976995, "bus_lcSpeedGainRight": 2.090680668626579, "bus_lcSublane": 0.025753482406583372, "bus_sigma": 0.29115394055242805, "bus_tau_mean": 2.2622832844693876, "bus_tau_std": 9.659330650197223, "bus_v_mean": 9.750126627097353, "bus_v_std": 13.460821084332439, "car_acc": 2.4997971132976, "car_dcc": 3.331294687827349, "car_lcAssertive": 15.217092789546719, "car_lcCooperative": 0.08320263643587555, "car_lcLookaheadLeft": 41.12342332454047, "car_lcPushy": 0.7969622519799001, "car_lcSigma": 0.1916757389098901, "car_lcSpeedGainRight": 3.83888596073637, "car_lcSublane": 0.2902979970618682, "car_sigma": 0.21689148761179533, "car_tau_mean": 0.5585045617695226, "car_tau_std": 3.986590599223787, "car_v_mean": 14.097303860695238, "car_v_std": 13.186898723907294}, "datetime": {"datetime": "2024-08-08 18:44:02", "elapsed": 449.993467, "delta": 2.582388}}
{"target": -0.3475617661072654, "params": {"bus_acc": 1.0202434338659265, "bus_dcc": 1.7771786614362002, "bus_lcAssertive": 68.11350212325597, "bus_lcCooperative": 0.3360998706572915, "bus_lcLookaheadLeft": 75.51228714520732, "bus_lcPushy": 0.5569782685894814, "bus_lcSigma": 0.8582402747644711, "bus_lcSpeedGainRight": 2.852909957892557, "bus_lcSublane": 0.889399228904777, "bus_sigma": 0.22747857479631073, "bus_tau_mean": 3.2789296499326266, "bus_tau_std": 0.3394661669714094, "bus_v_mean": 9.236276251329024, "bus_v_std": 7.918049904662789, "car_acc": 1.5573001036912175, "car_dcc": 3.8325800490747524, "car_lcAssertive": 78.18866537121474, "car_lcCooperative": 0.7436655770494551, "car_lcLookaheadLeft": 50.21578463456337, "car_lcPushy": 0.49004856758047655, "car_lcSigma": 0.581110665635782, "car_lcSpeedGainRight": 2.9831318380713534, "car_lcSublane": 0.8980263719305052, "car_sigma": 0.1208346840538369, "car_tau_mean": 2.2836494040300237, "car_tau_std": 9.95522026375819, "car_v_mean": 15.702872264148443, "car_v_std": 16.75625507805919}, "datetime": {"datetime": "2024-08-08 18:44:03", "elapsed": 451.687853, "delta": 1.694386}}
{"target": -0.35526365631990126, "params": {"bus_acc": 2.0894877848593896, "bus_dcc": 3.9031822273241827, "bus_lcAssertive": 69.85564596510581, "bus_lcCooperative": 0.36973977954151527, "bus_lcLookaheadLeft": 67.81936256302868, "bus_lcPushy": 0.26510969397346273, "bus_lcSigma": 0.07747756400296191, "bus_lcSpeedGainRight": 2.640335696278041, "bus_lcSublane": 0.28976912585189274, "bus_sigma": 0.48165189565416366, "bus_tau_mean": 3.6569810809226313, "bus_tau_std": 6.5174036674872395, "bus_v_mean": 19.57310617001515, "bus_v_std": 2.051730504542708, "car_acc": 2.438974257378123, "car_dcc": 2.2130256711683725, "car_lcAssertive": 65.0388670324168, "car_lcCooperative": 0.287735134554958, "car_lcLookaheadLeft": 39.540341797321524, "car_lcPushy": 0.981016791950987, "car_lcSigma": 0.11481056778526666, "car_lcSpeedGainRight": 0.9995393153068793, "car_lcSublane": 0.23904616434577042, "car_sigma": 0.6966542004402304, "car_tau_mean": 2.997908319621755, "car_tau_std": 7.8475493657566915, "car_v_mean": 14.096709997245615, "car_v_std": 17.048065753151086}, "datetime": {"datetime": "2024-08-08 18:44:08", "elapsed": 456.018032, "delta": 4.330179}}
