{"target": -0.38753684106190056, "params": {"bus_acc": 1.2554, "bus_dcc": 2.6569, "bus_lcAssertive": 95.8641, "bus_lcCooperative": 0.7736, "bus_lcLookaheadLeft": 71.4756, "bus_lcPushy": 0.733, "bus_lcSigma": 0.1597, "bus_lcSpeedGainRight": 2.2758, "bus_lcSublane": 0.0556, "bus_sigma": 0.006, "bus_tau_mean": 2.4003, "bus_tau_std": 8.7079, "bus_v_mean": 14.0381, "bus_v_std": 12.0424, "car_acc": 1.8201, "car_dcc": 3.016, "car_lcAssertive": 58.1694, "car_lcCooperative": 0.7961, "car_lcLookaheadLeft": 18.4313, "car_lcPushy": 0.8377, "car_lcSigma": 0.1403, "car_lcSpeedGainRight": 2.5381, "car_lcSublane": 0.3469, "car_sigma": 0.8184, "car_tau_mean": 2.9228, "car_tau_std": 6.9559, "car_v_mean": 14.4716, "car_v_std": 9.2334}, "datetime": {"datetime": "2024-08-08 11:05:32", "elapsed": 4212.713331, "delta": 4.032018}}
{"target": -0.3885058827193807, "params": {"bus_acc": 1.206, "bus_dcc": 2.8176, "bus_lcAssertive": 52.6479, "bus_lcCooperative": 0.3973, "bus_lcLookaheadLeft": 99.3227, "bus_lcPushy": 0.0372, "bus_lcSigma": 0.7079, "bus_lcSpeedGainRight": 4.3402, "bus_lcSublane": 0.5929, "bus_sigma": 0.3465, "bus_tau_mean": 2.0845, "bus_tau_std": 7.7143, "bus_v_mean": 16.5202, "bus_v_std": 9.5303, "car_acc": 1.9946, "car_dcc": 1.8765, "car_lcAssertive": 69.6153, "car_lcCooperative": 0.4642, "car_lcLookaheadLeft": 94.6068, "car_lcPushy": 0.9919, "car_lcSigma": 0.0709, "car_lcSpeedGainRight": 3.7881, "car_lcSublane": 0.9383, "car_sigma": 0.0635, "car_tau_mean": 3.7954, "car_tau_std": 8.7496, "car_v_mean": 10.1483, "car_v_std": 9.4698}, "datetime": {"datetime": "2024-08-08 11:05:38", "elapsed": 4218.533514, "delta": 5.820183}}
{"target": -0.3535010965318675, "params": {"bus_acc": 2.6895, "bus_dcc": 3.8425, "bus_lcAssertive": 71.2797, "bus_lcCooperative": 0.4283, "bus_lcLookaheadLeft": 38.1689, "bus_lcPushy": 0.5687, "bus_lcSigma": 0.483, "bus_lcSpeedGainRight": 0.9815, "bus_lcSublane": 0.9662, "bus_sigma": 0.1359, "bus_tau_mean": 1.6929, "bus_tau_std": 1.4309, "bus_v_mean": 20.142, "bus_v_std": 12.0005, "car_acc": 1.6955, "car_dcc": 1.8449, "car_lcAssertive": 15.7712, "car_lcCooperative": 0.9024, "car_lcLookaheadLeft": 25.8793, "car_lcPushy": 0.1814, "car_lcSigma": 0.4713, "car_lcSpeedGainRight": 1.5169, "car_lcSublane": 0.2463, "car_sigma": 0.5601, "car_tau_mean": 0.9177, "car_tau_std": 3.9539, "car_v_mean": 17.7597, "car_v_std": 18.3561}, "datetime": {"datetime": "2024-08-08 11:05:42", "elapsed": 4222.48214, "delta": 3.948626}}
{"target": -0.36919170801999723, "params": {"bus_acc": 1.2258, "bus_dcc": 2.1775, "bus_lcAssertive": 21.2977, "bus_lcCooperative": 0.3341, "bus_lcLookaheadLeft": 70.5297, "bus_lcPushy": 0.2538, "bus_lcSigma": 0.6613, "bus_lcSpeedGainRight": 4.1379, "bus_lcSublane": 0.9982, "bus_sigma": 0.1129, "bus_tau_mean": 2.5235, "bus_tau_std": 3.6291, "bus_v_mean": 13.6169, "bus_v_std": 4.872, "car_acc": 2.4533, "car_dcc": 2.2993, "car_lcAssertive": 70.1616, "car_lcCooperative": 0.7295, "car_lcLookaheadLeft": 48.5354, "car_lcPushy": 0.6714, "car_lcSigma": 0.9061, "car_lcSpeedGainRight": 3.0574, "car_lcSublane": 0.1131, "car_sigma": 0.3538, "car_tau_mean": 2.4226, "car_tau_std": 5.3573, "car_v_mean": 19.2771, "car_v_std": 5.066}, "datetime": {"datetime": "2024-08-08 11:05:48", "elapsed": 4228.161035, "delta": 5.678895}}
{"target": -0.29743368297820894, "params": {"bus_acc": 1.1105, "bus_dcc": 2.975, "bus_lcAssertive": 24.587, "bus_lcCooperative": 0.9042, "bus_lcLookaheadLeft": 90.5415, "bus_lcPushy": 0.3958, "bus_lcSigma": 0.5392, "bus_lcSpeedGainRight": 2.977, "bus_lcSublane": 0.7156, "bus_sigma": 0.8767, "bus_tau_mean": 2.6102, "bus_tau_std": 9.8901, "bus_v_mean": 9.7504, "bus_v_std": 7.9106, "car_acc": 1.8036, "car_dcc": 1.2564, "car_lcAssertive": 96.9992, "car_lcCooperative": 0.6773, "car_lcLookaheadLeft": 4.1594, "car_lcPushy": 0.9972, "car_lcSigma": 0.9134, "car_lcSpeedGainRight": 0.5617, "car_lcSublane": 0.7891, "car_sigma": 0.9118, "car_tau_mean": 1.6095, "car_tau_std": 4.1792, "car_v_mean": 15.696, "car_v_std": 13.302}, "datetime": {"datetime": "2024-08-08 11:05:53", "elapsed": 4233.710537, "delta": 5.549502}}
{"target": -0.3736340904430416, "params": {"bus_acc": 2.2922, "bus_dcc": 2.904, "bus_lcAssertive": 75.017, "bus_lcCooperative": 0.9384, "bus_lcLookaheadLeft": 49.0147, "bus_lcPushy": 0.0797, "bus_lcSigma": 0.7881, "bus_lcSpeedGainRight": 1.4482, "bus_lcSublane": 0.2294, "bus_sigma": 0.2958, "bus_tau_mean": 2.8972, "bus_tau_std": 7.2315, "bus_v_mean": 20.5877, "bus_v_std": 5.1719, "car_acc": 1.3235, "car_dcc": 2.3046, "car_lcAssertive": 99.0821, "car_lcCooperative": 0.4884, "car_lcLookaheadLeft": 50.6964, "car_lcPushy": 0.9219, "car_lcSigma": 0.5297, "car_lcSpeedGainRight": 3.9451, "car_lcSublane": 0.0513, "car_sigma": 0.1411, "car_tau_mean": 1.3254, "car_tau_std": 9.0696, "car_v_mean": 19.845, "car_v_std": 4.4771}, "datetime": {"datetime": "2024-08-08 11:06:03", "elapsed": 4243.197853, "delta": 9.487316}}
{"target": -0.402585883716732, "params": {"bus_acc": 1.2777, "bus_dcc": 1.3681, "bus_lcAssertive": 14.1558, "bus_lcCooperative": 0.1346, "bus_lcLookaheadLeft": 28.1198, "bus_lcPushy": 0.5741, "bus_lcSigma": 0.1152, "bus_lcSpeedGainRight": 2.055, "bus_lcSublane": 0.2088, "bus_sigma": 0.262, "bus_tau_mean": 1.4259, "bus_tau_std": 4.1358, "bus_v_mean": 19.5567, "bus_v_std": 8.9242, "car_acc": 1.0126, "car_dcc": 3.9677, "car_lcAssertive": 28.7177, "car_lcCooperative": 0.5126, "car_lcLookaheadLeft": 16.6161, "car_lcPushy": 0.1829, "car_lcSigma": 0.2794, "car_lcSpeedGainRight": 1.9465, "car_lcSublane": 0.6752, "car_sigma": 0.1422, "car_tau_mean": 3.1062, "car_tau_std": 4.674, "car_v_mean": 21.3878, "car_v_std": 4.0626}, "datetime": {"datetime": "2024-08-08 11:06:11", "elapsed": 4251.220424, "delta": 8.022571}}
{"target": -0.34250500246657534, "params": {"bus_acc": 1.4175, "bus_dcc": 1.4577, "bus_lcAssertive": 51.1292, "bus_lcCooperative": 0.4907, "bus_lcLookaheadLeft": 72.5585, "bus_lcPushy": 0.7511, "bus_lcSigma": 0.3878, "bus_lcSpeedGainRight": 0.733, "bus_lcSublane": 0.163, "bus_sigma": 0.2971, "bus_tau_mean": 1.0655, "bus_tau_std": 6.062, "bus_v_mean": 20.7748, "bus_v_std": 16.4653, "car_acc": 2.6749, "car_dcc": 2.4318, "car_lcAssertive": 89.0564, "car_lcCooperative": 0.9811, "car_lcLookaheadLeft": 87.6687, "car_lcPushy": 0.2971, "car_lcSigma": 0.6842, "car_lcSpeedGainRight": 4.1299, "car_lcSublane": 0.2774, "car_sigma": 0.6903, "car_tau_mean": 2.8857, "car_tau_std": 8.8064, "car_v_mean": 19.7799, "car_v_std": 12.3295}, "datetime": {"datetime": "2024-08-08 11:06:18", "elapsed": 4258.407675, "delta": 7.187251}}
{"target": -0.32776368190674465, "params": {"bus_acc": 1.0504, "bus_dcc": 2.6873, "bus_lcAssertive": 38.4612, "bus_lcCooperative": 0.6826, "bus_lcLookaheadLeft": 83.1457, "bus_lcPushy": 0.1575, "bus_lcSigma": 0.5407, "bus_lcSpeedGainRight": 0.0374, "bus_lcSublane": 0.2743, "bus_sigma": 0.4349, "bus_tau_mean": 2.7393, "bus_tau_std": 7.7888, "bus_v_mean": 15.0134, "bus_v_std": 17.1465, "car_acc": 2.3372, "car_dcc": 1.99, "car_lcAssertive": 80.2167, "car_lcCooperative": 0.2926, "car_lcLookaheadLeft": 33.517, "car_lcPushy": 0.4591, "car_lcSigma": 0.9389, "car_lcSpeedGainRight": 4.5149, "car_lcSublane": 0.312, "car_sigma": 0.4962, "car_tau_mean": 3.2661, "car_tau_std": 8.2019, "car_v_mean": 14.2415, "car_v_std": 2.9885}, "datetime": {"datetime": "2024-08-08 11:06:22", "elapsed": 4262.500433, "delta": 4.092758}}
{"target": -0.34974210300504827, "params": {"bus_acc": 2.5035, "bus_dcc": 3.1546, "bus_lcAssertive": 16.077, "bus_lcCooperative": 0.577, "bus_lcLookaheadLeft": 43.8455, "bus_lcPushy": 0.2492, "bus_lcSigma": 0.1408, "bus_lcSpeedGainRight": 3.2246, "bus_lcSublane": 0.7099, "bus_sigma": 0.6708, "bus_tau_mean": 3.9556, "bus_tau_std": 2.4655, "bus_v_mean": 21.4424, "bus_v_std": 1.0961, "car_acc": 2.0359, "car_dcc": 1.7256, "car_lcAssertive": 27.7714, "car_lcCooperative": 0.252, "car_lcLookaheadLeft": 96.2219, "car_lcPushy": 0.6111, "car_lcSigma": 0.4392, "car_lcSpeedGainRight": 3.476, "car_lcSublane": 0.5139, "car_sigma": 0.4992, "car_tau_mean": 1.2925, "car_tau_std": 2.1137, "car_v_mean": 13.3855, "car_v_std": 14.9222}, "datetime": {"datetime": "2024-08-08 11:06:34", "elapsed": 4274.825904, "delta": 12.325471}}
{"target": -0.38165832519862725, "params": {"bus_acc": 2.4125, "bus_dcc": 3.4548, "bus_lcAssertive": 31.6787, "bus_lcCooperative": 0.8087, "bus_lcLookaheadLeft": 61.9682, "bus_lcPushy": 0.3795, "bus_lcSigma": 0.5922, "bus_lcSpeedGainRight": 3.7567, "bus_lcSublane": 0.7066, "bus_sigma": 0.7516, "bus_tau_mean": 3.7121, "bus_tau_std": 7.6568, "bus_v_mean": 14.6341, "bus_v_std": 18.2283, "car_acc": 2.9067, "car_dcc": 3.4949, "car_lcAssertive": 72.6256, "car_lcCooperative": 0.4416, "car_lcLookaheadLeft": 52.8034, "car_lcPushy": 0.4371, "car_lcSigma": 0.6182, "car_lcSpeedGainRight": 4.2346, "car_lcSublane": 0.7004, "car_sigma": 0.1092, "car_tau_mean": 0.9771, "car_tau_std": 5.534, "car_v_mean": 9.2021, "car_v_std": 4.7323}, "datetime": {"datetime": "2024-08-08 11:06:43", "elapsed": 4283.421829, "delta": 8.595925}}
{"target": -0.3543802559868447, "params": {"bus_acc": 2.5917, "bus_dcc": 3.7517, "bus_lcAssertive": 97.7573, "bus_lcCooperative": 0.2106, "bus_lcLookaheadLeft": 9.1277, "bus_lcPushy": 0.5755, "bus_lcSigma": 0.3576, "bus_lcSpeedGainRight": 2.6648, "bus_lcSublane": 0.4408, "bus_sigma": 0.3152, "bus_tau_mean": 0.6876, "bus_tau_std": 1.927, "bus_v_mean": 15.1196, "bus_v_std": 13.2751, "car_acc": 2.8732, "car_dcc": 2.4859, "car_lcAssertive": 41.1515, "car_lcCooperative": 0.8468, "car_lcLookaheadLeft": 46.4438, "car_lcPushy": 0.1652, "car_lcSigma": 0.0124, "car_lcSpeedGainRight": 3.6479, "car_lcSublane": 0.8405, "car_sigma": 0.3757, "car_tau_mean": 1.2014, "car_tau_std": 8.0343, "car_v_mean": 13.5999, "car_v_std": 5.0384}, "datetime": {"datetime": "2024-08-08 11:06:49", "elapsed": 4289.913665, "delta": 6.491836}}
{"target": -0.3708222966866991, "params": {"bus_acc": 2.5245, "bus_dcc": 1.3284, "bus_lcAssertive": 12.0759, "bus_lcCooperative": 0.5294, "bus_lcLookaheadLeft": 78.8418, "bus_lcPushy": 0.3652, "bus_lcSigma": 0.73, "bus_lcSpeedGainRight": 2.9357, "bus_lcSublane": 0.1516, "bus_sigma": 0.1797, "bus_tau_mean": 1.8521, "bus_tau_std": 1.9469, "bus_v_mean": 22.7895, "bus_v_std": 4.5216, "car_acc": 2.8195, "car_dcc": 2.58, "car_lcAssertive": 18.4929, "car_lcCooperative": 0.7809, "car_lcLookaheadLeft": 97.0577, "car_lcPushy": 0.3786, "car_lcSigma": 0.3992, "car_lcSpeedGainRight": 4.6481, "car_lcSublane": 0.35, "car_sigma": 0.1237, "car_tau_mean": 3.1334, "car_tau_std": 8.0616, "car_v_mean": 20.3416, "car_v_std": 7.0814}, "datetime": {"datetime": "2024-08-08 11:06:53", "elapsed": 4293.072141, "delta": 3.158476}}
{"target": -0.30529082087729426, "params": {"bus_acc": 2.2274, "bus_dcc": 1.7308, "bus_lcAssertive": 80.4885, "bus_lcCooperative": 0.2933, "bus_lcLookaheadLeft": 14.6956, "bus_lcPushy": 0.8773, "bus_lcSigma": 0.9805, "bus_lcSpeedGainRight": 1.1129, "bus_lcSublane": 0.4438, "bus_sigma": 0.8106, "bus_tau_mean": 3.6012, "bus_tau_std": 8.5764, "bus_v_mean": 14.883, "bus_v_std": 12.1576, "car_acc": 2.6547, "car_dcc": 1.3682, "car_lcAssertive": 6.3476, "car_lcCooperative": 0.4584, "car_lcLookaheadLeft": 2.7634, "car_lcPushy": 0.4332, "car_lcSigma": 0.3817, "car_lcSpeedGainRight": 0.8246, "car_lcSublane": 0.2089, "car_sigma": 0.7993, "car_tau_mean": 3.3892, "car_tau_std": 3.2901, "car_v_mean": 11.5517, "car_v_std": 2.1269}, "datetime": {"datetime": "2024-08-08 11:06:56", "elapsed": 4296.5972, "delta": 3.525059}}
{"target": -0.3400884884340073, "params": {"bus_acc": 2.2599, "bus_dcc": 3.1181, "bus_lcAssertive": 48.8879, "bus_lcCooperative": 0.6057, "bus_lcLookaheadLeft": 72.4579, "bus_lcPushy": 0.7101, "bus_lcSigma": 0.8014, "bus_lcSpeedGainRight": 3.4528, "bus_lcSublane": 0.6321, "bus_sigma": 0.0906, "bus_tau_mean": 3.9485, "bus_tau_std": 7.7749, "bus_v_mean": 19.6875, "bus_v_std": 18.9645, "car_acc": 2.6236, "car_dcc": 1.2566, "car_lcAssertive": 77.751, "car_lcCooperative": 0.4438, "car_lcLookaheadLeft": 36.3366, "car_lcPushy": 0.9879, "car_lcSigma": 0.1679, "car_lcSpeedGainRight": 2.8844, "car_lcSublane": 0.9645, "car_sigma": 0.8024, "car_tau_mean": 3.7797, "car_tau_std": 4.4281, "car_v_mean": 21.3022, "car_v_std": 15.133}, "datetime": {"datetime": "2024-08-08 11:07:01", "elapsed": 4301.762223, "delta": 5.165023}}
{"target": -0.3435726972380029, "params": {"bus_acc": 2.0237, "bus_dcc": 3.6089, "bus_lcAssertive": 19.1533, "bus_lcCooperative": 0.4565, "bus_lcLookaheadLeft": 98.4693, "bus_lcPushy": 0.6719, "bus_lcSigma": 0.5353, "bus_lcSpeedGainRight": 4.887, "bus_lcSublane": 0.4067, "bus_sigma": 0.4169, "bus_tau_mean": 0.6524, "bus_tau_std": 7.9199, "bus_v_mean": 10.5924, "bus_v_std": 18.1296, "car_acc": 1.8478, "car_dcc": 2.9428, "car_lcAssertive": 7.7918, "car_lcCooperative": 0.1799, "car_lcLookaheadLeft": 77.0045, "car_lcPushy": 0.9044, "car_lcSigma": 0.4447, "car_lcSpeedGainRight": 2.9477, "car_lcSublane": 0.0105, "car_sigma": 0.4473, "car_tau_mean": 2.4752, "car_tau_std": 9.7727, "car_v_mean": 22.943, "car_v_std": 12.1716}, "datetime": {"datetime": "2024-08-08 11:07:08", "elapsed": 4308.383551, "delta": 6.621328}}
{"target": -0.3975637275275501, "params": {"bus_acc": 2.0975, "bus_dcc": 2.7972, "bus_lcAssertive": 97.4723, "bus_lcCooperative": 0.198, "bus_lcLookaheadLeft": 69.6364, "bus_lcPushy": 0.5826, "bus_lcSigma": 0.3754, "bus_lcSpeedGainRight": 2.8745, "bus_lcSublane": 0.4596, "bus_sigma": 0.1258, "bus_tau_mean": 3.2913, "bus_tau_std": 7.438, "bus_v_mean": 16.7343, "bus_v_std": 14.6733, "car_acc": 1.6158, "car_dcc": 3.1757, "car_lcAssertive": 51.1939, "car_lcCooperative": 0.3261, "car_lcLookaheadLeft": 25.0526, "car_lcPushy": 0.1472, "car_lcSigma": 0.0077, "car_lcSpeedGainRight": 3.4008, "car_lcSublane": 0.2873, "car_sigma": 0.5546, "car_tau_mean": 1.9572, "car_tau_std": 1.0135, "car_v_mean": 12.0076, "car_v_std": 12.8445}, "datetime": {"datetime": "2024-08-08 11:07:13", "elapsed": 4313.068313, "delta": 4.684762}}
{"target": -0.321711079357038, "params": {"bus_acc": 2.2467, "bus_dcc": 1.8984, "bus_lcAssertive": 94.5908, "bus_lcCooperative": 0.3998, "bus_lcLookaheadLeft": 51.6506, "bus_lcPushy": 0.6526, "bus_lcSigma": 0.5156, "bus_lcSpeedGainRight": 1.9705, "bus_lcSublane": 0.4308, "bus_sigma": 0.9402, "bus_tau_mean": 1.3676, "bus_tau_std": 9.3888, "bus_v_mean": 10.9356, "bus_v_std": 16.9945, "car_acc": 2.9122, "car_dcc": 1.6745, "car_lcAssertive": 53.4932, "car_lcCooperative": 0.4639, "car_lcLookaheadLeft": 59.1227, "car_lcPushy": 0.0077, "car_lcSigma": 0.7959, "car_lcSpeedGainRight": 0.5232, "car_lcSublane": 0.0561, "car_sigma": 0.6564, "car_tau_mean": 1.5188, "car_tau_std": 6.5452, "car_v_mean": 12.1695, "car_v_std": 0.4664}, "datetime": {"datetime": "2024-08-08 11:07:17", "elapsed": 4317.141372, "delta": 4.073059}}
{"target": -0.3891653329348582, "params": {"bus_acc": 1.724, "bus_dcc": 2.0867, "bus_lcAssertive": 31.9251, "bus_lcCooperative": 0.9615, "bus_lcLookaheadLeft": 93.9426, "bus_lcPushy": 0.9131, "bus_lcSigma": 0.735, "bus_lcSpeedGainRight": 3.6785, "bus_lcSublane": 0.7234, "bus_sigma": 0.4705, "bus_tau_mean": 2.1137, "bus_tau_std": 8.2272, "bus_v_mean": 9.4683, "bus_v_std": 6.3056, "car_acc": 1.0579, "car_dcc": 3.6626, "car_lcAssertive": 53.5295, "car_lcCooperative": 0.4927, "car_lcLookaheadLeft": 65.5342, "car_lcPushy": 0.0776, "car_lcSigma": 0.2672, "car_lcSpeedGainRight": 3.718, "car_lcSublane": 0.8522, "car_sigma": 0.5181, "car_tau_mean": 2.7192, "car_tau_std": 4.4743, "car_v_mean": 21.3634, "car_v_std": 18.4577}, "datetime": {"datetime": "2024-08-08 11:07:21", "elapsed": 4321.89474, "delta": 4.753368}}
{"target": -0.3743430275814476, "params": {"bus_acc": 2.4056, "bus_dcc": 3.4142, "bus_lcAssertive": 15.0283, "bus_lcCooperative": 0.9874, "bus_lcLookaheadLeft": 79.0085, "bus_lcPushy": 0.4521, "bus_lcSigma": 0.3153, "bus_lcSpeedGainRight": 4.2924, "bus_lcSublane": 0.7709, "bus_sigma": 0.6406, "bus_tau_mean": 0.992, "bus_tau_std": 4.9282, "bus_v_mean": 16.525, "bus_v_std": 16.9444, "car_acc": 2.2363, "car_dcc": 3.5821, "car_lcAssertive": 28.7532, "car_lcCooperative": 0.8044, "car_lcLookaheadLeft": 13.4151, "car_lcPushy": 0.1183, "car_lcSigma": 0.7162, "car_lcSpeedGainRight": 2.0977, "car_lcSublane": 0.0685, "car_sigma": 0.278, "car_tau_mean": 2.5487, "car_tau_std": 5.2229, "car_v_mean": 8.9579, "car_v_std": 18.1626}, "datetime": {"datetime": "2024-08-08 11:07:24", "elapsed": 4324.682647, "delta": 2.787907}}
{"target": -0.35939725482538176, "params": {"bus_acc": 2.1514, "bus_dcc": 2.8789, "bus_lcAssertive": 3.636, "bus_lcCooperative": 0.864, "bus_lcLookaheadLeft": 71.1784, "bus_lcPushy": 0.5124, "bus_lcSigma": 0.7031, "bus_lcSpeedGainRight": 3.3991, "bus_lcSublane": 0.4883, "bus_sigma": 0.6218, "bus_tau_mean": 2.0377, "bus_tau_std": 9.2878, "bus_v_mean": 18.957, "bus_v_std": 6.3457, "car_acc": 1.5615, "car_dcc": 2.261, "car_lcAssertive": 10.9398, "car_lcCooperative": 0.526, "car_lcLookaheadLeft": 56.5708, "car_lcPushy": 0.2721, "car_lcSigma": 0.6984, "car_lcSpeedGainRight": 2.6823, "car_lcSublane": 0.2565, "car_sigma": 0.0625, "car_tau_mean": 3.7673, "car_tau_std": 0.7745, "car_v_mean": 19.8342, "car_v_std": 12.5232}, "datetime": {"datetime": "2024-08-08 11:07:26", "elapsed": 4326.623927, "delta": 1.94128}}
{"target": -0.40421861715976537, "params": {"bus_acc": 2.1372, "bus_dcc": 1.4601, "bus_lcAssertive": 29.5361, "bus_lcCooperative": 0.2831, "bus_lcLookaheadLeft": 19.8514, "bus_lcPushy": 0.9049, "bus_lcSigma": 0.6971, "bus_lcSpeedGainRight": 4.4333, "bus_lcSublane": 0.3936, "bus_sigma": 0.2192, "bus_tau_mean": 3.2589, "bus_tau_std": 1.9786, "bus_v_mean": 12.8634, "bus_v_std": 6.7913, "car_acc": 1.2513, "car_dcc": 3.1939, "car_lcAssertive": 69.7279, "car_lcCooperative": 0.8484, "car_lcLookaheadLeft": 37.7253, "car_lcPushy": 0.3545, "car_lcSigma": 0.3818, "car_lcSpeedGainRight": 2.7842, "car_lcSublane": 0.3918, "car_sigma": 0.9847, "car_tau_mean": 3.0757, "car_tau_std": 1.3363, "car_v_mean": 19.2716, "car_v_std": 17.1535}, "datetime": {"datetime": "2024-08-08 11:07:29", "elapsed": 4329.704228, "delta": 3.080301}}
{"target": -0.5632673203279881, "params": {"bus_acc": 1.1627, "bus_dcc": 2.265, "bus_lcAssertive": 82.9049, "bus_lcCooperative": 0.5497, "bus_lcLookaheadLeft": 81.168, "bus_lcPushy": 0.5543, "bus_lcSigma": 0.6401, "bus_lcSpeedGainRight": 1.6664, "bus_lcSublane": 0.8837, "bus_sigma": 0.8837, "bus_tau_mean": 1.7883, "bus_tau_std": 2.7267, "bus_v_mean": 21.9658, "bus_v_std": 6.4959, "car_acc": 2.2557, "car_dcc": 1.3546, "car_lcAssertive": 43.3471, "car_lcCooperative": 0.7872, "car_lcLookaheadLeft": 34.6148, "car_lcPushy": 0.233, "car_lcSigma": 0.3843, "car_lcSpeedGainRight": 0.2014, "car_lcSublane": 0.328, "car_sigma": 0.0726, "car_tau_mean": 1.6612, "car_tau_std": 1.1924, "car_v_mean": 23.7452, "car_v_std": 6.2066}, "datetime": {"datetime": "2024-08-08 11:07:33", "elapsed": 4333.878565, "delta": 4.174337}}
{"target": -0.30605268290474774, "params": {"bus_acc": 1.6017, "bus_dcc": 2.0252, "bus_lcAssertive": 50.9678, "bus_lcCooperative": 0.0253, "bus_lcLookaheadLeft": 48.5441, "bus_lcPushy": 0.8775, "bus_lcSigma": 0.9114, "bus_lcSpeedGainRight": 0.9655, "bus_lcSublane": 0.3115, "bus_sigma": 0.4807, "bus_tau_mean": 0.5461, "bus_tau_std": 7.6337, "bus_v_mean": 17.8132, "bus_v_std": 11.1867, "car_acc": 2.0538, "car_dcc": 1.8453, "car_lcAssertive": 3.4069, "car_lcCooperative": 0.2469, "car_lcLookaheadLeft": 8.3541, "car_lcPushy": 0.1938, "car_lcSigma": 0.8555, "car_lcSpeedGainRight": 4.2157, "car_lcSublane": 0.441, "car_sigma": 0.3692, "car_tau_mean": 0.6024, "car_tau_std": 8.2847, "car_v_mean": 11.4414, "car_v_std": 2.4693}, "datetime": {"datetime": "2024-08-08 11:07:37", "elapsed": 4337.065877, "delta": 3.187312}}
{"target": -0.39241960979778057, "params": {"bus_acc": 2.5713, "bus_dcc": 1.2205, "bus_lcAssertive": 29.6258, "bus_lcCooperative": 0.7591, "bus_lcLookaheadLeft": 76.9639, "bus_lcPushy": 0.5509, "bus_lcSigma": 0.8692, "bus_lcSpeedGainRight": 4.2191, "bus_lcSublane": 0.6383, "bus_sigma": 0.1261, "bus_tau_mean": 1.6971, "bus_tau_std": 6.2605, "bus_v_mean": 21.9521, "bus_v_std": 3.7726, "car_acc": 1.4208, "car_dcc": 3.4408, "car_lcAssertive": 46.8671, "car_lcCooperative": 0.8774, "car_lcLookaheadLeft": 58.5719, "car_lcPushy": 0.2839, "car_lcSigma": 0.5213, "car_lcSpeedGainRight": 1.9914, "car_lcSublane": 0.0979, "car_sigma": 0.7831, "car_tau_mean": 1.8889, "car_tau_std": 6.6148, "car_v_mean": 9.3548, "car_v_std": 19.6943}, "datetime": {"datetime": "2024-08-08 11:07:40", "elapsed": 4340.256335, "delta": 3.190458}}
{"target": -0.35420370740079243, "params": {"bus_acc": 1.1092, "bus_dcc": 2.5401, "bus_lcAssertive": 95.9114, "bus_lcCooperative": 0.1874, "bus_lcLookaheadLeft": 6.4679, "bus_lcPushy": 0.6139, "bus_lcSigma": 0.6089, "bus_lcSpeedGainRight": 4.42, "bus_lcSublane": 0.6548, "bus_sigma": 0.8066, "bus_tau_mean": 0.8972, "bus_tau_std": 5.4765, "bus_v_mean": 14.3042, "bus_v_std": 5.3524, "car_acc": 2.0718, "car_dcc": 3.9284, "car_lcAssertive": 35.5769, "car_lcCooperative": 0.2424, "car_lcLookaheadLeft": 99.1044, "car_lcPushy": 0.6083, "car_lcSigma": 0.9229, "car_lcSpeedGainRight": 1.7447, "car_lcSublane": 0.0228, "car_sigma": 0.5204, "car_tau_mean": 3.3062, "car_tau_std": 6.2395, "car_v_mean": 16.5214, "car_v_std": 10.7788}, "datetime": {"datetime": "2024-08-08 11:07:43", "elapsed": 4343.517535, "delta": 3.2612}}
