{"target": -0.04462984551155273, "params": {"bus_acc": 2.538, "bus_dcc": 2.6105, "bus_lcAssertive": 4.9486, "bus_lcCooperative": 0.1373, "bus_lcLookaheadLeft": 20.9573, "bus_lcPushy": 0.3381, "bus_lcSublane": 0.0548, "bus_tau_mean": 2.6204, "bus_tau_std": 5.1231, "bus_v_mean": 17.8818, "bus_v_std": 4.326, "car_acc": 2.6979, "car_dcc": 2.3646, "car_lcAssertive": 2.5274, "car_lcCooperative": 0.8754, "car_lcLookaheadLeft": 66.3102, "car_lcPushy": 0.8255, "car_lcSublane": 0.9537, "car_tau_mean": 0.6807, "car_tau_std": 2.3532, "car_v_mean": 9.016, "car_v_std": 4.219}, "datetime": {"datetime": "2024-08-05 18:36:52", "elapsed": 864.205706, "delta": 3.615608}}
{"target": -0.04331060655241498, "params": {"bus_acc": 2.555, "bus_dcc": 2.6274, "bus_lcAssertive": 4.9653, "bus_lcCooperative": 0.1542, "bus_lcLookaheadLeft": 20.974, "bus_lcPushy": 0.3551, "bus_lcSublane": 0.0715, "bus_tau_mean": 2.6373, "bus_tau_std": 5.1398, "bus_v_mean": 17.8985, "bus_v_std": 4.3427, "car_acc": 2.7148, "car_dcc": 2.3816, "car_lcAssertive": 2.5444, "car_lcCooperative": 0.8925, "car_lcLookaheadLeft": 66.3269, "car_lcPushy": 0.8424, "car_lcSublane": 0.9762, "car_tau_mean": 0.6976, "car_tau_std": 2.3701, "car_v_mean": 9.0326, "car_v_std": 4.236}, "datetime": {"datetime": "2024-08-05 18:36:54", "elapsed": 865.915673, "delta": 1.709967}}
{"target": -0.07064510183450179, "params": {"bus_acc": 2.9496, "bus_dcc": 3.72, "bus_lcAssertive": 97.9273, "bus_lcCooperative": 0.3738, "bus_lcLookaheadLeft": 62.4459, "bus_lcPushy": 0.293, "bus_lcSublane": 0.2787, "bus_tau_mean": 3.4803, "bus_tau_std": 9.7278, "bus_v_mean": 20.7564, "bus_v_std": 0.7177, "car_acc": 2.1566, "car_dcc": 3.498, "car_lcAssertive": 52.0529, "car_lcCooperative": 0.4181, "car_lcLookaheadLeft": 33.4266, "car_lcPushy": 0.472, "car_lcSublane": 0.8557, "car_tau_mean": 3.2406, "car_tau_std": 3.5066, "car_v_mean": 20.5443, "car_v_std": 0.5228}, "datetime": {"datetime": "2024-08-05 18:36:56", "elapsed": 868.337562, "delta": 2.421889}}
{"target": -0.0495736958276087, "params": {"bus_acc": 2.6958, "bus_dcc": 2.7677, "bus_lcAssertive": 5.1058, "bus_lcCooperative": 0.2955, "bus_lcLookaheadLeft": 21.1145, "bus_lcPushy": 0.4964, "bus_lcSublane": 0.213, "bus_tau_mean": 2.7776, "bus_tau_std": 5.2803, "bus_v_mean": 18.0396, "bus_v_std": 4.4833, "car_acc": 2.8556, "car_dcc": 2.5224, "car_lcAssertive": 2.6852, "car_lcCooperative": 1.0, "car_lcLookaheadLeft": 66.4685, "car_lcPushy": 0.9832, "car_lcSublane": 1.0, "car_tau_mean": 0.8389, "car_tau_std": 2.5104, "car_v_mean": 9.1732, "car_v_std": 4.3763}, "datetime": {"datetime": "2024-08-05 18:36:58", "elapsed": 870.699633, "delta": 2.362071}}
{"target": -0.06008494525614962, "params": {"bus_acc": 2.2628, "bus_dcc": 2.3832, "bus_lcAssertive": 25.5474, "bus_lcCooperative": 0.0323, "bus_lcLookaheadLeft": 2.085, "bus_lcPushy": 0.9186, "bus_lcSublane": 0.4858, "bus_tau_mean": 1.7525, "bus_tau_std": 2.2162, "bus_v_mean": 18.6586, "bus_v_std": 3.1922, "car_acc": 1.695, "car_dcc": 3.3109, "car_lcAssertive": 60.3813, "car_lcCooperative": 0.4229, "car_lcLookaheadLeft": 47.038, "car_lcPushy": 0.0823, "car_lcSublane": 0.3288, "car_tau_mean": 1.7901, "car_tau_std": 1.6239, "car_v_mean": 8.2167, "car_v_std": 9.9754}, "datetime": {"datetime": "2024-08-05 18:37:05", "elapsed": 876.817052, "delta": 6.117419}}
{"target": -0.05835210485911089, "params": {"bus_acc": 2.9183, "bus_dcc": 1.1945, "bus_lcAssertive": 88.0372, "bus_lcCooperative": 0.0957, "bus_lcLookaheadLeft": 76.5367, "bus_lcPushy": 0.3034, "bus_lcSublane": 0.8749, "bus_tau_mean": 2.6757, "bus_tau_std": 6.5199, "bus_v_mean": 18.5216, "bus_v_std": 2.8689, "car_acc": 2.0053, "car_dcc": 2.0592, "car_lcAssertive": 75.1652, "car_lcCooperative": 0.7479, "car_lcLookaheadLeft": 41.5289, "car_lcPushy": 0.6125, "car_lcSublane": 0.7761, "car_tau_mean": 0.7445, "car_tau_std": 6.5186, "car_v_mean": 15.0399, "car_v_std": 8.0014}, "datetime": {"datetime": "2024-08-05 18:37:07", "elapsed": 879.30544, "delta": 2.488388}}
{"target": -0.04170556405560319, "params": {"bus_acc": 2.5373, "bus_dcc": 2.6098, "bus_lcAssertive": 4.9479, "bus_lcCooperative": 0.1366, "bus_lcLookaheadLeft": 20.9566, "bus_lcPushy": 0.3374, "bus_lcSublane": 0.0541, "bus_tau_mean": 2.6197, "bus_tau_std": 5.1224, "bus_v_mean": 17.8811, "bus_v_std": 4.3253, "car_acc": 2.6972, "car_dcc": 2.3639, "car_lcAssertive": 2.5267, "car_lcCooperative": 0.8748, "car_lcLookaheadLeft": 66.3095, "car_lcPushy": 0.8248, "car_lcSublane": 0.9535, "car_tau_mean": 0.68, "car_tau_std": 2.3525, "car_v_mean": 9.0153, "car_v_std": 4.2183}, "datetime": {"datetime": "2024-08-05 18:37:09", "elapsed": 881.345425, "delta": 2.039985}}
{"target": -0.055375489725970825, "params": {"bus_acc": 2.4132, "bus_dcc": 2.3819, "bus_lcAssertive": 70.0401, "bus_lcCooperative": 0.2416, "bus_lcLookaheadLeft": 12.4504, "bus_lcPushy": 0.3328, "bus_lcSublane": 0.4302, "bus_tau_mean": 1.4798, "bus_tau_std": 6.637, "bus_v_mean": 13.2433, "bus_v_std": 1.508, "car_acc": 1.0617, "car_dcc": 2.5792, "car_lcAssertive": 42.2512, "car_lcCooperative": 0.9023, "car_lcLookaheadLeft": 9.7628, "car_lcPushy": 0.1353, "car_lcSublane": 0.7448, "car_tau_mean": 3.5159, "car_tau_std": 9.3153, "car_v_mean": 12.0154, "car_v_std": 5.7371}, "datetime": {"datetime": "2024-08-05 18:37:12", "elapsed": 883.784793, "delta": 2.439368}}
{"target": -0.05719947269463181, "params": {"bus_acc": 2.4251, "bus_dcc": 1.341, "bus_lcAssertive": 36.5766, "bus_lcCooperative": 0.9374, "bus_lcLookaheadLeft": 99.5882, "bus_lcPushy": 0.7674, "bus_lcSublane": 0.9836, "bus_tau_mean": 3.5398, "bus_tau_std": 1.799, "bus_v_mean": 15.0586, "bus_v_std": 3.4895, "car_acc": 1.66, "car_dcc": 3.1785, "car_lcAssertive": 74.9624, "car_lcCooperative": 0.9934, "car_lcLookaheadLeft": 30.8231, "car_lcPushy": 0.8842, "car_lcSublane": 0.9169, "car_tau_mean": 0.9424, "car_tau_std": 8.928, "car_v_mean": 14.3481, "car_v_std": 4.1907}, "datetime": {"datetime": "2024-08-05 18:37:14", "elapsed": 886.531716, "delta": 2.746923}}
{"target": -0.04104419401340589, "params": {"bus_acc": 2.5552, "bus_dcc": 2.6277, "bus_lcAssertive": 4.9658, "bus_lcCooperative": 0.1542, "bus_lcLookaheadLeft": 20.9742, "bus_lcPushy": 0.355, "bus_lcSublane": 0.0717, "bus_tau_mean": 2.6375, "bus_tau_std": 5.1402, "bus_v_mean": 17.8987, "bus_v_std": 4.3432, "car_acc": 2.715, "car_dcc": 2.3818, "car_lcAssertive": 2.5446, "car_lcCooperative": 0.8927, "car_lcLookaheadLeft": 66.3269, "car_lcPushy": 0.8426, "car_lcSublane": 0.9767, "car_tau_mean": 0.6978, "car_tau_std": 2.3703, "car_v_mean": 9.0329, "car_v_std": 4.236}, "datetime": {"datetime": "2024-08-05 18:37:18", "elapsed": 889.936864, "delta": 3.405148}}
{"target": -0.06593760712536074, "params": {"bus_acc": 1.1679, "bus_dcc": 3.1994, "bus_lcAssertive": 13.4607, "bus_lcCooperative": 0.3928, "bus_lcLookaheadLeft": 98.93, "bus_lcPushy": 0.4696, "bus_lcSublane": 0.5179, "bus_tau_mean": 3.9238, "bus_tau_std": 8.6143, "bus_v_mean": 22.6638, "bus_v_std": 1.8326, "car_acc": 2.657, "car_dcc": 3.5126, "car_lcAssertive": 75.6632, "car_lcCooperative": 0.8982, "car_lcLookaheadLeft": 39.0175, "car_lcPushy": 0.8567, "car_lcSublane": 0.8932, "car_tau_mean": 3.7003, "car_tau_std": 8.987, "car_v_mean": 21.5744, "car_v_std": 3.3558}, "datetime": {"datetime": "2024-08-05 18:37:21", "elapsed": 892.945241, "delta": 3.008377}}
{"target": -0.059943897226287214, "params": {"bus_acc": 2.2339, "bus_dcc": 3.8285, "bus_lcAssertive": 5.3639, "bus_lcCooperative": 0.8154, "bus_lcLookaheadLeft": 11.0689, "bus_lcPushy": 0.1611, "bus_lcSublane": 0.6808, "bus_tau_mean": 1.1293, "bus_tau_std": 4.2636, "bus_v_mean": 21.627, "bus_v_std": 0.8906, "car_acc": 2.0294, "car_dcc": 2.6172, "car_lcAssertive": 25.0725, "car_lcCooperative": 0.5561, "car_lcLookaheadLeft": 8.0676, "car_lcPushy": 0.3455, "car_lcSublane": 0.4867, "car_tau_mean": 3.9299, "car_tau_std": 9.8721, "car_v_mean": 11.3162, "car_v_std": 5.4949}, "datetime": {"datetime": "2024-08-05 18:37:25", "elapsed": 896.862604, "delta": 3.917363}}
{"target": -0.06977959394811027, "params": {"bus_acc": 2.4189, "bus_dcc": 1.7881, "bus_lcAssertive": 10.8087, "bus_lcCooperative": 0.4331, "bus_lcLookaheadLeft": 19.363, "bus_lcPushy": 0.6917, "bus_lcSublane": 0.2491, "bus_tau_mean": 1.0004, "bus_tau_std": 4.3251, "bus_v_mean": 14.407, "bus_v_std": 5.9467, "car_acc": 2.4166, "car_dcc": 3.86, "car_lcAssertive": 98.3721, "car_lcCooperative": 0.1557, "car_lcLookaheadLeft": 79.9499, "car_lcPushy": 0.1486, "car_lcSublane": 0.6657, "car_tau_mean": 0.8292, "car_tau_std": 0.9385, "car_v_mean": 19.4415, "car_v_std": 3.5514}, "datetime": {"datetime": "2024-08-05 18:37:27", "elapsed": 899.078703, "delta": 2.216099}}
{"target": -0.04105158031612622, "params": {"bus_acc": 2.6965, "bus_dcc": 2.7684, "bus_lcAssertive": 5.1065, "bus_lcCooperative": 0.2952, "bus_lcLookaheadLeft": 21.1157, "bus_lcPushy": 0.496, "bus_lcSublane": 0.2132, "bus_tau_mean": 2.7783, "bus_tau_std": 5.281, "bus_v_mean": 18.0397, "bus_v_std": 4.4839, "car_acc": 2.8558, "car_dcc": 2.5225, "car_lcAssertive": 2.6853, "car_lcCooperative": 1.0, "car_lcLookaheadLeft": 66.4686, "car_lcPushy": 0.9834, "car_lcSublane": 1.0, "car_tau_mean": 0.8381, "car_tau_std": 2.5111, "car_v_mean": 9.1739, "car_v_std": 4.3769}, "datetime": {"datetime": "2024-08-05 18:37:30", "elapsed": 902.009149, "delta": 2.930446}}
{"target": -0.04515993576306335, "params": {"bus_acc": 2.5384, "bus_dcc": 2.6108, "bus_lcAssertive": 4.9489, "bus_lcCooperative": 0.1376, "bus_lcLookaheadLeft": 20.9576, "bus_lcPushy": 0.3385, "bus_lcSublane": 0.0551, "bus_tau_mean": 2.6207, "bus_tau_std": 5.1234, "bus_v_mean": 17.8822, "bus_v_std": 4.3264, "car_acc": 2.6982, "car_dcc": 2.365, "car_lcAssertive": 2.5278, "car_lcCooperative": 0.8753, "car_lcLookaheadLeft": 66.3106, "car_lcPushy": 0.8254, "car_lcSublane": 0.9536, "car_tau_mean": 0.681, "car_tau_std": 2.3535, "car_v_mean": 9.0163, "car_v_std": 4.2194}, "datetime": {"datetime": "2024-08-05 18:37:35", "elapsed": 907.392431, "delta": 5.383282}}
{"target": -0.04463423152961355, "params": {"bus_acc": 2.538, "bus_dcc": 2.6105, "bus_lcAssertive": 4.9486, "bus_lcCooperative": 0.1372, "bus_lcLookaheadLeft": 20.9572, "bus_lcPushy": 0.3381, "bus_lcSublane": 0.0548, "bus_tau_mean": 2.6203, "bus_tau_std": 5.123, "bus_v_mean": 17.8818, "bus_v_std": 4.326, "car_acc": 2.6978, "car_dcc": 2.3646, "car_lcAssertive": 2.5274, "car_lcCooperative": 0.8755, "car_lcLookaheadLeft": 66.3102, "car_lcPushy": 0.8254, "car_lcSublane": 0.9537, "car_tau_mean": 0.6806, "car_tau_std": 2.3532, "car_v_mean": 9.0159, "car_v_std": 4.219}, "datetime": {"datetime": "2024-08-05 18:37:37", "elapsed": 909.43259, "delta": 2.040159}}
{"target": -0.04857702895304169, "params": {"bus_acc": 2.5381, "bus_dcc": 2.6105, "bus_lcAssertive": 4.9486, "bus_lcCooperative": 0.1373, "bus_lcLookaheadLeft": 20.9573, "bus_lcPushy": 0.3381, "bus_lcSublane": 0.0548, "bus_tau_mean": 2.6204, "bus_tau_std": 5.1231, "bus_v_mean": 17.8819, "bus_v_std": 4.326, "car_acc": 2.6979, "car_dcc": 2.3647, "car_lcAssertive": 2.5274, "car_lcCooperative": 0.8754, "car_lcLookaheadLeft": 66.3102, "car_lcPushy": 0.8255, "car_lcSublane": 0.9537, "car_tau_mean": 0.6807, "car_tau_std": 2.3532, "car_v_mean": 9.016, "car_v_std": 4.2191}, "datetime": {"datetime": "2024-08-05 18:37:41", "elapsed": 912.810181, "delta": 3.377591}}
{"target": -0.0638414125502535, "params": {"bus_acc": 1.1801, "bus_dcc": 3.3448, "bus_lcAssertive": 12.7494, "bus_lcCooperative": 0.1507, "bus_lcLookaheadLeft": 17.2227, "bus_lcPushy": 0.2344, "bus_lcSublane": 0.1793, "bus_tau_mean": 1.8084, "bus_tau_std": 7.0739, "bus_v_mean": 21.2739, "bus_v_std": 9.6986, "car_acc": 2.9986, "car_dcc": 2.2155, "car_lcAssertive": 24.5324, "car_lcCooperative": 0.8843, "car_lcLookaheadLeft": 41.8303, "car_lcPushy": 0.0599, "car_lcSublane": 0.6627, "car_tau_mean": 1.4549, "car_tau_std": 9.9515, "car_v_mean": 14.5605, "car_v_std": 6.6051}, "datetime": {"datetime": "2024-08-05 18:37:43", "elapsed": 915.250281, "delta": 2.4401}}
{"target": -0.06582070876637437, "params": {"bus_acc": 2.0954, "bus_dcc": 1.2356, "bus_lcAssertive": 99.8581, "bus_lcCooperative": 0.1839, "bus_lcLookaheadLeft": 30.6137, "bus_lcPushy": 0.4553, "bus_lcSublane": 0.7383, "bus_tau_mean": 3.229, "bus_tau_std": 5.7737, "bus_v_mean": 15.6119, "bus_v_std": 8.32, "car_acc": 1.6981, "car_dcc": 1.5384, "car_lcAssertive": 42.4963, "car_lcCooperative": 0.3554, "car_lcLookaheadLeft": 2.8651, "car_lcPushy": 0.031, "car_lcSublane": 0.0559, "car_tau_mean": 1.6241, "car_tau_std": 6.4695, "car_v_mean": 14.916, "car_v_std": 0.4568}, "datetime": {"datetime": "2024-08-05 18:37:46", "elapsed": 917.743836, "delta": 2.493555}}
{"target": -0.05464274433343513, "params": {"bus_acc": 1.2117, "bus_dcc": 2.2814, "bus_lcAssertive": 80.3506, "bus_lcCooperative": 0.5387, "bus_lcLookaheadLeft": 3.5854, "bus_lcPushy": 0.189, "bus_lcSublane": 0.9754, "bus_tau_mean": 2.1345, "bus_tau_std": 7.6425, "bus_v_mean": 15.6605, "bus_v_std": 2.7031, "car_acc": 2.2071, "car_dcc": 2.8737, "car_lcAssertive": 39.0897, "car_lcCooperative": 0.0809, "car_lcLookaheadLeft": 66.19, "car_lcPushy": 0.0087, "car_lcSublane": 0.5325, "car_tau_mean": 1.5004, "car_tau_std": 6.8764, "car_v_mean": 8.9696, "car_v_std": 0.0859}, "datetime": {"datetime": "2024-08-05 18:37:50", "elapsed": 921.954291, "delta": 4.210455}}
{"target": -0.04462984551155273, "params": {"bus_acc": 2.538, "bus_dcc": 2.6105, "bus_lcAssertive": 4.9486, "bus_lcCooperative": 0.1373, "bus_lcLookaheadLeft": 20.9573, "bus_lcPushy": 0.3381, "bus_lcSublane": 0.0548, "bus_tau_mean": 2.6204, "bus_tau_std": 5.1231, "bus_v_mean": 17.8818, "bus_v_std": 4.326, "car_acc": 2.6979, "car_dcc": 2.3646, "car_lcAssertive": 2.5274, "car_lcCooperative": 0.8755, "car_lcLookaheadLeft": 66.3102, "car_lcPushy": 0.8255, "car_lcSublane": 0.9538, "car_tau_mean": 0.6807, "car_tau_std": 2.3532, "car_v_mean": 9.016, "car_v_std": 4.219}, "datetime": {"datetime": "2024-08-05 18:37:55", "elapsed": 927.374659, "delta": 5.420368}}
{"target": -0.0591619016279021, "params": {"bus_acc": 1.4726, "bus_dcc": 2.4312, "bus_lcAssertive": 86.3877, "bus_lcCooperative": 0.7485, "bus_lcLookaheadLeft": 25.922, "bus_lcPushy": 0.9782, "bus_lcSublane": 0.1543, "bus_tau_mean": 3.7839, "bus_tau_std": 6.9395, "bus_v_mean": 16.7796, "bus_v_std": 4.2785, "car_acc": 2.4063, "car_dcc": 3.7856, "car_lcAssertive": 79.9281, "car_lcCooperative": 0.3868, "car_lcLookaheadLeft": 39.01, "car_lcPushy": 0.9377, "car_lcSublane": 0.9384, "car_tau_mean": 2.8789, "car_tau_std": 4.9911, "car_v_mean": 15.1558, "car_v_std": 7.9849}, "datetime": {"datetime": "2024-08-05 18:37:59", "elapsed": 931.627568, "delta": 4.252909}}
{"target": -0.06402606928423234, "params": {"bus_acc": 1.4559, "bus_dcc": 2.8745, "bus_lcAssertive": 61.6592, "bus_lcCooperative": 0.1418, "bus_lcLookaheadLeft": 62.6052, "bus_lcPushy": 0.1227, "bus_lcSublane": 0.8965, "bus_tau_mean": 2.0231, "bus_tau_std": 4.2733, "bus_v_mean": 10.1416, "bus_v_std": 5.5004, "car_acc": 1.7293, "car_dcc": 1.8032, "car_lcAssertive": 30.1275, "car_lcCooperative": 0.9096, "car_lcLookaheadLeft": 94.7794, "car_lcPushy": 0.0379, "car_lcSublane": 0.0987, "car_tau_mean": 1.2882, "car_tau_std": 0.2396, "car_v_mean": 20.8479, "car_v_std": 0.3094}, "datetime": {"datetime": "2024-08-05 18:38:02", "elapsed": 934.62575, "delta": 2.998182}}
{"target": -0.06876038417044099, "params": {"bus_acc": 1.9882, "bus_dcc": 3.4794, "bus_lcAssertive": 30.1218, "bus_lcCooperative": 0.9066, "bus_lcLookaheadLeft": 24.6308, "bus_lcPushy": 0.3977, "bus_lcSublane": 0.1404, "bus_tau_mean": 1.2683, "bus_tau_std": 9.6055, "bus_v_mean": 12.4676, "bus_v_std": 2.9225, "car_acc": 2.4393, "car_dcc": 3.2937, "car_lcAssertive": 17.3124, "car_lcCooperative": 0.5167, "car_lcLookaheadLeft": 87.6033, "car_lcPushy": 0.0448, "car_lcSublane": 0.0138, "car_tau_mean": 1.2629, "car_tau_std": 3.6968, "car_v_mean": 22.8675, "car_v_std": 1.0338}, "datetime": {"datetime": "2024-08-05 18:38:04", "elapsed": 936.53285, "delta": 1.9071}}
{"target": -0.0550054590612583, "params": {"bus_acc": 1.0518, "bus_dcc": 3.4138, "bus_lcAssertive": 11.2295, "bus_lcCooperative": 0.1842, "bus_lcLookaheadLeft": 74.6506, "bus_lcPushy": 0.123, "bus_lcSublane": 0.171, "bus_tau_mean": 2.3716, "bus_tau_std": 4.0735, "bus_v_mean": 13.2618, "bus_v_std": 7.816, "car_acc": 1.1852, "car_dcc": 2.4889, "car_lcAssertive": 35.5447, "car_lcCooperative": 0.7524, "car_lcLookaheadLeft": 29.532, "car_lcPushy": 0.3401, "car_lcSublane": 0.5588, "car_tau_mean": 1.6434, "car_tau_std": 2.0855, "car_v_mean": 22.8476, "car_v_std": 2.4083}, "datetime": {"datetime": "2024-08-05 18:38:06", "elapsed": 938.639463, "delta": 2.106613}}
{"target": -0.054482196758615854, "params": {"bus_acc": 2.9737, "bus_dcc": 3.5955, "bus_lcAssertive": 70.1434, "bus_lcCooperative": 0.6667, "bus_lcLookaheadLeft": 38.3438, "bus_lcPushy": 0.2782, "bus_lcSublane": 0.1199, "bus_tau_mean": 3.3725, "bus_tau_std": 1.0116, "bus_v_mean": 21.3275, "bus_v_std": 8.4454, "car_acc": 1.8869, "car_dcc": 1.6803, "car_lcAssertive": 27.3117, "car_lcCooperative": 0.519, "car_lcLookaheadLeft": 93.1786, "car_lcPushy": 0.0746, "car_lcSublane": 0.0156, "car_tau_mean": 3.896, "car_tau_std": 9.6565, "car_v_mean": 11.6423, "car_v_std": 8.0597}, "datetime": {"datetime": "2024-08-05 18:38:09", "elapsed": 941.348809, "delta": 2.709346}}
{"target": -0.05859684922548307, "params": {"bus_acc": 2.1565, "bus_dcc": 3.2284, "bus_lcAssertive": 90.9492, "bus_lcCooperative": 0.3595, "bus_lcLookaheadLeft": 89.7641, "bus_lcPushy": 0.7254, "bus_lcSublane": 0.8785, "bus_tau_mean": 0.6082, "bus_tau_std": 4.3788, "bus_v_mean": 13.1679, "bus_v_std": 4.6844, "car_acc": 1.7445, "car_dcc": 1.3896, "car_lcAssertive": 10.0294, "car_lcCooperative": 0.008, "car_lcLookaheadLeft": 34.3998, "car_lcPushy": 0.4907, "car_lcSublane": 0.1371, "car_tau_mean": 0.6283, "car_tau_std": 6.3602, "car_v_mean": 14.1462, "car_v_std": 3.4517}, "datetime": {"datetime": "2024-08-05 18:38:12", "elapsed": 943.939944, "delta": 2.591135}}
{"target": -0.04500605236567298, "params": {"bus_acc": 2.538, "bus_dcc": 2.6105, "bus_lcAssertive": 4.9486, "bus_lcCooperative": 0.1372, "bus_lcLookaheadLeft": 20.9573, "bus_lcPushy": 0.3381, "bus_lcSublane": 0.0548, "bus_tau_mean": 2.6204, "bus_tau_std": 5.1231, "bus_v_mean": 17.8818, "bus_v_std": 4.326, "car_acc": 2.6979, "car_dcc": 2.3646, "car_lcAssertive": 2.5274, "car_lcCooperative": 0.8754, "car_lcLookaheadLeft": 66.3102, "car_lcPushy": 0.8255, "car_lcSublane": 0.9537, "car_tau_mean": 0.6806, "car_tau_std": 2.3532, "car_v_mean": 9.0159, "car_v_std": 4.219}, "datetime": {"datetime": "2024-08-05 18:38:14", "elapsed": 946.160526, "delta": 2.220582}}
{"target": -0.06148615795882149, "params": {"bus_acc": 2.1986, "bus_dcc": 1.989, "bus_lcAssertive": 83.0931, "bus_lcCooperative": 0.0102, "bus_lcLookaheadLeft": 47.8593, "bus_lcPushy": 0.9328, "bus_lcSublane": 0.5836, "bus_tau_mean": 1.2783, "bus_tau_std": 5.0606, "bus_v_mean": 23.9337, "bus_v_std": 5.991, "car_acc": 2.9355, "car_dcc": 1.261, "car_lcAssertive": 79.1939, "car_lcCooperative": 0.6885, "car_lcLookaheadLeft": 47.2321, "car_lcPushy": 0.8257, "car_lcSublane": 0.7824, "car_tau_mean": 2.2333, "car_tau_std": 6.7315, "car_v_mean": 19.0192, "car_v_std": 9.731}, "datetime": {"datetime": "2024-08-05 18:38:17", "elapsed": 949.607106, "delta": 3.44658}}
{"target": -0.036946244362595096, "params": {"bus_acc": 2.9318, "bus_dcc": 2.4845, "bus_lcAssertive": 9.3967, "bus_lcCooperative": 0.2595, "bus_lcLookaheadLeft": 17.8308, "bus_lcPushy": 0.4697, "bus_lcSublane": 0.4752, "bus_tau_mean": 3.0935, "bus_tau_std": 3.1445, "bus_v_mean": 11.0916, "bus_v_std": 4.9898, "car_acc": 2.4141, "car_dcc": 3.4587, "car_lcAssertive": 1.0022, "car_lcCooperative": 0.9601, "car_lcLookaheadLeft": 62.2986, "car_lcPushy": 0.5265, "car_lcSublane": 0.9978, "car_tau_mean": 2.8765, "car_tau_std": 1.843, "car_v_mean": 8.0022, "car_v_std": 5.4633}, "datetime": {"datetime": "2024-08-05 18:38:19", "elapsed": 951.323854, "delta": 1.716748}}
{"target": -0.04857702895304169, "params": {"bus_acc": 2.5381, "bus_dcc": 2.6105, "bus_lcAssertive": 4.9486, "bus_lcCooperative": 0.1373, "bus_lcLookaheadLeft": 20.9573, "bus_lcPushy": 0.3381, "bus_lcSublane": 0.0548, "bus_tau_mean": 2.6204, "bus_tau_std": 5.1231, "bus_v_mean": 17.8819, "bus_v_std": 4.326, "car_acc": 2.6979, "car_dcc": 2.3647, "car_lcAssertive": 2.5274, "car_lcCooperative": 0.8755, "car_lcLookaheadLeft": 66.3102, "car_lcPushy": 0.8255, "car_lcSublane": 0.9538, "car_tau_mean": 0.6807, "car_tau_std": 2.3532, "car_v_mean": 9.016, "car_v_std": 4.2191}, "datetime": {"datetime": "2024-08-05 18:38:22", "elapsed": 954.301809, "delta": 2.977955}}
{"target": -0.06358476055070962, "params": {"bus_acc": 2.6694, "bus_dcc": 2.6624, "bus_lcAssertive": 40.9685, "bus_lcCooperative": 0.3912, "bus_lcLookaheadLeft": 64.18, "bus_lcPushy": 0.5984, "bus_lcSublane": 0.0221, "bus_tau_mean": 0.522, "bus_tau_std": 4.4544, "bus_v_mean": 10.9417, "bus_v_std": 6.0216, "car_acc": 1.6567, "car_dcc": 3.576, "car_lcAssertive": 40.0963, "car_lcCooperative": 0.6945, "car_lcLookaheadLeft": 54.1747, "car_lcPushy": 0.5093, "car_lcSublane": 0.7691, "car_tau_mean": 1.0589, "car_tau_std": 3.2652, "car_v_mean": 22.2818, "car_v_std": 9.8537}, "datetime": {"datetime": "2024-08-05 18:38:26", "elapsed": 957.868421, "delta": 3.566612}}
{"target": -0.04470065862188755, "params": {"bus_acc": 2.538, "bus_dcc": 2.6104, "bus_lcAssertive": 4.9486, "bus_lcCooperative": 0.1372, "bus_lcLookaheadLeft": 20.9572, "bus_lcPushy": 0.3381, "bus_lcSublane": 0.0547, "bus_tau_mean": 2.6203, "bus_tau_std": 5.123, "bus_v_mean": 17.8818, "bus_v_std": 4.326, "car_acc": 2.6978, "car_dcc": 2.3646, "car_lcAssertive": 2.5274, "car_lcCooperative": 0.8755, "car_lcLookaheadLeft": 66.3102, "car_lcPushy": 0.8254, "car_lcSublane": 0.9537, "car_tau_mean": 0.6806, "car_tau_std": 2.3531, "car_v_mean": 9.0159, "car_v_std": 4.219}, "datetime": {"datetime": "2024-08-05 18:38:27", "elapsed": 959.651304, "delta": 1.782883}}
