{"target": -0.3484614955785708, "params": {"bus_acc": 3.391097083434924, "bus_dcc": 3.423123456975953, "bus_lcAssertive": 83.09872221626888, "bus_lcCooperative": 0.4175157513022394, "bus_lcLookaheadLeft": 62.55290008885318, "bus_lcPushy": 0.7552455161468585, "bus_lcSigma": 0.7697655693416834, "bus_lcSpeedGainRight": 4.79302311462768, "bus_lcSublane": 0.975075275592005, "bus_sigma": 0.5647345919090407, "bus_tau_mean": 2.1300867405966692, "bus_tau_std": 8.355253266864215, "bus_v_mean": 11.519374783306512, "bus_v_std": 15.327961789217879, "car_acc": 1.5760347973803213, "car_dcc": 2.7748826978592023, "car_lcAssertive": 61.07631420593115, "car_lcCooperative": 0.44184380280217683, "car_lcLookaheadLeft": 86.72596397518376, "car_lcPushy": 0.5434821861417696, "car_lcSigma": 0.4927297109245765, "car_lcSpeedGainRight": 2.0906281783502862, "car_lcSublane": 0.06222518338635219, "car_sigma": 0.3621494599268943, "car_tau_mean": 0.8248537536794861, "car_tau_std": 5.656384996760549, "car_v_mean": 18.24802610492145, "car_v_std": 15.355645252363194}, "datetime": {"datetime": "2024-08-08 18:46:53", "elapsed": 621.241779, "delta": 2.160018}}
{"target": -0.3216555311248161, "params": {"bus_acc": 2.2930320634486523, "bus_dcc": 3.2394314514899154, "bus_lcAssertive": 60.00161900798046, "bus_lcCooperative": 0.25907098659432237, "bus_lcLookaheadLeft": 49.35066639268726, "bus_lcPushy": 0.8901083766800943, "bus_lcSigma": 0.6815540918195304, "bus_lcSpeedGainRight": 2.8156326414444175, "bus_lcSublane": 0.8767539244259733, "bus_sigma": 0.27627638266452226, "bus_tau_mean": 3.988966163899141, "bus_tau_std": 1.9983983332308586, "bus_v_mean": 21.43669644667234, "bus_v_std": 14.846839215833365, "car_acc": 3.5921617522154565, "car_dcc": 2.7547527234450078, "car_lcAssertive": 24.005745123817206, "car_lcCooperative": 0.4835199313147117, "car_lcLookaheadLeft": 86.51277093109064, "car_lcPushy": 0.7978045046781688, "car_lcSigma": 0.17351053685227324, "car_lcSpeedGainRight": 4.961049644418275, "car_lcSublane": 0.03041224118736663, "car_sigma": 0.3926484632796582, "car_tau_mean": 3.1404046036472786, "car_tau_std": 9.737396828979248, "car_v_mean": 10.274026274144632, "car_v_std": 18.4808109730646}, "datetime": {"datetime": "2024-08-08 18:46:56", "elapsed": 623.937522, "delta": 2.695743}}
{"target": -0.34710657151595753, "params": {"bus_acc": 1.4845323114580358, "bus_dcc": 2.0273219234044317, "bus_lcAssertive": 26.9261600062485, "bus_lcCooperative": 0.844526943229479, "bus_lcLookaheadLeft": 80.43256008608736, "bus_lcPushy": 0.4266391582681436, "bus_lcSigma": 0.6070154607890389, "bus_lcSpeedGainRight": 0.7273280513310998, "bus_lcSublane": 0.5096132942175586, "bus_sigma": 0.29694708578690454, "bus_tau_mean": 3.508778337492204, "bus_tau_std": 6.715983809063899, "bus_v_mean": 18.135584201958736, "bus_v_std": 2.4950260013835845, "car_acc": 2.411763638496657, "car_dcc": 3.9597183387606445, "car_lcAssertive": 94.88161823319385, "car_lcCooperative": 0.6450856402604436, "car_lcLookaheadLeft": 16.869037361133415, "car_lcPushy": 0.639126848719905, "car_lcSigma": 0.5656621125439275, "car_lcSpeedGainRight": 2.34332918830626, "car_lcSublane": 0.42803746946827015, "car_sigma": 0.5992697556580301, "car_tau_mean": 3.474894609805879, "car_tau_std": 7.511210403719374, "car_v_mean": 17.26976864475573, "car_v_std": 18.49408363072056}, "datetime": {"datetime": "2024-08-08 18:46:58", "elapsed": 625.917085, "delta": 1.979563}}
{"target": -0.29585180855124, "params": {"bus_acc": 1.780056915870077, "bus_dcc": 1.6041755611411608, "bus_lcAssertive": 59.30196162730165, "bus_lcCooperative": 0.8425182098415589, "bus_lcLookaheadLeft": 34.99866679501538, "bus_lcPushy": 0.5864294214642616, "bus_lcSigma": 0.16224499947880777, "bus_lcSpeedGainRight": 0.9729686761907091, "bus_lcSublane": 0.7613352159920956, "bus_sigma": 0.15009846135204996, "bus_tau_mean": 1.430674643667396, "bus_tau_std": 6.894948631776694, "bus_v_mean": 8.241428922127666, "bus_v_std": 0.6438880773714106, "car_acc": 1.862577820072086, "car_dcc": 2.0098695415368972, "car_lcAssertive": 36.859394447471104, "car_lcCooperative": 0.8071905755135196, "car_lcLookaheadLeft": 5.526134830546906, "car_lcPushy": 0.3583952446253251, "car_lcSigma": 0.6382781332668243, "car_lcSpeedGainRight": 0.7150205475916133, "car_lcSublane": 0.8577386145114406, "car_sigma": 0.6455644082734328, "car_tau_mean": 0.9035269891800948, "car_tau_std": 2.080974099989472, "car_v_mean": 19.927973291970634, "car_v_std": 8.068132566683456}, "datetime": {"datetime": "2024-08-08 18:47:02", "elapsed": 629.755022, "delta": 3.837937}}
{"target": -0.2989786250898104, "params": {"bus_acc": 2.145627153713725, "bus_dcc": 1.8537376507850223, "bus_lcAssertive": 78.58348891158172, "bus_lcCooperative": 0.278903576265385, "bus_lcLookaheadLeft": 29.52011011834369, "bus_lcPushy": 0.9350013512734265, "bus_lcSigma": 0.16421489597917227, "bus_lcSpeedGainRight": 0.18955032880336065, "bus_lcSublane": 0.9560425517714191, "bus_sigma": 0.30613484493281484, "bus_tau_mean": 1.9492657075732454, "bus_tau_std": 7.967922364005232, "bus_v_mean": 13.698952390417391, "bus_v_std": 2.0971582495120322, "car_acc": 3.366702305585274, "car_dcc": 1.3888468077904723, "car_lcAssertive": 20.605953210063895, "car_lcCooperative": 0.1397072537443711, "car_lcLookaheadLeft": 23.722652530674157, "car_lcPushy": 0.2353469395157457, "car_lcSigma": 0.72640396397953, "car_lcSpeedGainRight": 0.47622004777298055, "car_lcSublane": 0.6682438116944487, "car_sigma": 0.9109321907310892, "car_tau_mean": 2.704992827899743, "car_tau_std": 3.368844831404286, "car_v_mean": 21.431204078103207, "car_v_std": 17.97127259182283}, "datetime": {"datetime": "2024-08-08 18:47:04", "elapsed": 632.481852, "delta": 2.72683}}
{"target": -0.34032991226638387, "params": {"bus_acc": 1.5865971254099334, "bus_dcc": 3.2342468486770493, "bus_lcAssertive": 94.95238212624187, "bus_lcCooperative": 0.12937796795269374, "bus_lcLookaheadLeft": 88.21846424616513, "bus_lcPushy": 0.7119198228127357, "bus_lcSigma": 0.5568433174860075, "bus_lcSpeedGainRight": 0.33509319258876014, "bus_lcSublane": 0.7877411169496611, "bus_sigma": 0.8122801542934124, "bus_tau_mean": 3.14103653337737, "bus_tau_std": 5.504895616174639, "bus_v_mean": 18.105676691788844, "bus_v_std": 8.73325788165962, "car_acc": 1.9235410267280957, "car_dcc": 1.6231338077860793, "car_lcAssertive": 77.30532805215405, "car_lcCooperative": 0.9347758176814333, "car_lcLookaheadLeft": 62.90853996589476, "car_lcPushy": 0.534247428646956, "car_lcSigma": 0.8832704670053452, "car_lcSpeedGainRight": 0.22401486480908284, "car_lcSublane": 0.30267554093661075, "car_sigma": 0.3824711110627528, "car_tau_mean": 0.6088482174021959, "car_tau_std": 5.1993295461851865, "car_v_mean": 23.04922263897233, "car_v_std": 15.94490038774578}, "datetime": {"datetime": "2024-08-08 18:47:08", "elapsed": 635.994073, "delta": 3.512221}}
{"target": -0.30643151180550526, "params": {"bus_acc": 2.52415836439833, "bus_dcc": 3.8610635303710654, "bus_lcAssertive": 3.4901882105936215, "bus_lcCooperative": 0.6128016376645978, "bus_lcLookaheadLeft": 50.400382731775416, "bus_lcPushy": 0.900196040343476, "bus_lcSigma": 0.023607137001453227, "bus_lcSpeedGainRight": 3.2975292801694334, "bus_lcSublane": 0.6562208231293264, "bus_sigma": 0.8837527851518415, "bus_tau_mean": 2.3774767020153127, "bus_tau_std": 6.906471955594633, "bus_v_mean": 14.602666421743198, "bus_v_std": 16.5318167100757, "car_acc": 3.055036070114162, "car_dcc": 1.3240390762752252, "car_lcAssertive": 14.849591579493513, "car_lcCooperative": 0.1580719374952485, "car_lcLookaheadLeft": 13.812853526344243, "car_lcPushy": 0.23027758115022057, "car_lcSigma": 0.42336238495286493, "car_lcSpeedGainRight": 3.3538075364704034, "car_lcSublane": 0.3366213132855601, "car_sigma": 0.5197543991279365, "car_tau_mean": 3.373921195243972, "car_tau_std": 8.845919403299062, "car_v_mean": 19.271899620885804, "car_v_std": 16.68981039194726}, "datetime": {"datetime": "2024-08-08 18:47:11", "elapsed": 639.556721, "delta": 3.562648}}
{"target": -0.3226255404022799, "params": {"bus_acc": 1.7536095500481599, "bus_dcc": 2.967282303710098, "bus_lcAssertive": 96.07931767378179, "bus_lcCooperative": 0.0035547604644260433, "bus_lcLookaheadLeft": 72.88938235064201, "bus_lcPushy": 0.10899503392964371, "bus_lcSigma": 0.5437874916638252, "bus_lcSpeedGainRight": 3.134580083401673, "bus_lcSublane": 0.24294712577080113, "bus_sigma": 0.9138438752466082, "bus_tau_mean": 2.6780938504206624, "bus_tau_std": 2.3169469139485988, "bus_v_mean": 20.32211500159692, "bus_v_std": 2.1101415999466955, "car_acc": 2.6656759555940335, "car_dcc": 1.2848682094074744, "car_lcAssertive": 58.51742319482693, "car_lcCooperative": 0.2529801127201884, "car_lcLookaheadLeft": 65.64774717956513, "car_lcPushy": 0.71582695285818, "car_lcSigma": 0.5241856145686612, "car_lcSpeedGainRight": 3.2876070385155503, "car_lcSublane": 0.8132938453250557, "car_sigma": 0.8075122716430321, "car_tau_mean": 2.6688869721885196, "car_tau_std": 4.511024621207749, "car_v_mean": 14.52719982475788, "car_v_std": 17.494952398087268}, "datetime": {"datetime": "2024-08-08 18:47:18", "elapsed": 645.912925, "delta": 6.356204}}
{"target": -0.31762555240775336, "params": {"bus_acc": 2.1915344326982114, "bus_dcc": 1.3419665421793483, "bus_lcAssertive": 93.78724974180851, "bus_lcCooperative": 0.23453551367686631, "bus_lcLookaheadLeft": 16.976049111283125, "bus_lcPushy": 0.5100158064555218, "bus_lcSigma": 0.4550445354605238, "bus_lcSpeedGainRight": 0.37013485246386035, "bus_lcSublane": 0.5755728724790967, "bus_sigma": 0.6985352813761585, "bus_tau_mean": 2.216920571385895, "bus_tau_std": 0.7289365228724298, "bus_v_mean": 10.874623816621607, "bus_v_std": 2.3187091870417054, "car_acc": 2.750387722413074, "car_dcc": 1.2552634089216705, "car_lcAssertive": 39.021432532572646, "car_lcCooperative": 0.14715639544110737, "car_lcLookaheadLeft": 42.32565111384819, "car_lcPushy": 0.6252749588601846, "car_lcSigma": 0.3595396617024561, "car_lcSpeedGainRight": 4.479921738741496, "car_lcSublane": 0.41748034762490616, "car_sigma": 0.933655236309334, "car_tau_mean": 3.371598915126775, "car_tau_std": 1.166424875580141, "car_v_mean": 9.663449945564397, "car_v_std": 2.656202767691811}, "datetime": {"datetime": "2024-08-08 18:47:24", "elapsed": 652.258986, "delta": 6.346061}}
{"target": -0.3482620983895897, "params": {"bus_acc": 1.8379610068489955, "bus_dcc": 3.7476361692019005, "bus_lcAssertive": 20.624996730805222, "bus_lcCooperative": 0.28571649537130284, "bus_lcLookaheadLeft": 6.670161087028536, "bus_lcPushy": 0.44757914405063814, "bus_lcSigma": 0.5575878151711118, "bus_lcSpeedGainRight": 2.867805412885476, "bus_lcSublane": 0.905377379959673, "bus_sigma": 0.34741393280060506, "bus_tau_mean": 2.0663493285693932, "bus_tau_std": 8.512376625014975, "bus_v_mean": 17.229268851712398, "bus_v_std": 13.079858697554673, "car_acc": 1.8350779911829482, "car_dcc": 2.4624139048775473, "car_lcAssertive": 62.47428637046675, "car_lcCooperative": 0.13339403014523998, "car_lcLookaheadLeft": 5.225054226068378, "car_lcPushy": 0.11341100113082614, "car_lcSigma": 0.47746107633965307, "car_lcSpeedGainRight": 0.12013367315404255, "car_lcSublane": 0.6262089291372217, "car_sigma": 0.09758261797608447, "car_tau_mean": 1.37836538200686, "car_tau_std": 4.264929458562184, "car_v_mean": 9.853227947299985, "car_v_std": 5.411039875949328}, "datetime": {"datetime": "2024-08-08 18:47:27", "elapsed": 655.342798, "delta": 3.083812}}
{"target": -0.318405836126857, "params": {"bus_acc": 3.863184495545705, "bus_dcc": 3.6494639662060795, "bus_lcAssertive": 33.19657715681397, "bus_lcCooperative": 0.9106338892935747, "bus_lcLookaheadLeft": 48.95915802295722, "bus_lcPushy": 0.2020687207866142, "bus_lcSigma": 0.27144940811841056, "bus_lcSpeedGainRight": 1.2049095819583604, "bus_lcSublane": 0.05557545631473737, "bus_sigma": 0.43713611124302, "bus_tau_mean": 3.6660401063330412, "bus_tau_std": 5.2575746417926315, "bus_v_mean": 16.7273035664885, "bus_v_std": 4.539992203310723, "car_acc": 1.1392024892234773, "car_dcc": 1.3774240683936294, "car_lcAssertive": 22.297443588352753, "car_lcCooperative": 0.8733934154093561, "car_lcLookaheadLeft": 98.85620375904838, "car_lcPushy": 0.017766248571012166, "car_lcSigma": 0.44330995524008576, "car_lcSpeedGainRight": 1.8459864539273725, "car_lcSublane": 0.5364635635120685, "car_sigma": 0.6165228186390816, "car_tau_mean": 1.8859991642028981, "car_tau_std": 1.8386406418744683, "car_v_mean": 17.364387933127453, "car_v_std": 0.6659353927292422}, "datetime": {"datetime": "2024-08-08 18:47:31", "elapsed": 659.450446, "delta": 4.107648}}
{"target": -0.2847202111558013, "params": {"bus_acc": 3.92984882370404, "bus_dcc": 1.580121770662269, "bus_lcAssertive": 95.68436292583144, "bus_lcCooperative": 0.23334554727315515, "bus_lcLookaheadLeft": 82.30098660100607, "bus_lcPushy": 0.14941868419132964, "bus_lcSigma": 0.5141047381371626, "bus_lcSpeedGainRight": 1.8200734156713472, "bus_lcSublane": 0.6706875269496453, "bus_sigma": 0.1791170903017083, "bus_tau_mean": 2.529119192983073, "bus_tau_std": 0.02423687653833717, "bus_v_mean": 14.810467763716874, "bus_v_std": 10.315864180031, "car_acc": 3.5133897994516277, "car_dcc": 3.272912991336686, "car_lcAssertive": 10.097272271436665, "car_lcCooperative": 0.6250336673744067, "car_lcLookaheadLeft": 66.68028284780968, "car_lcPushy": 0.7340287360330257, "car_lcSigma": 0.5548600346953475, "car_lcSpeedGainRight": 0.5367775495031246, "car_lcSublane": 0.6403477806472073, "car_sigma": 0.6705308529900654, "car_tau_mean": 1.375374470431951, "car_tau_std": 9.482752601153205, "car_v_mean": 15.24238584113476, "car_v_std": 17.334312777658216}, "datetime": {"datetime": "2024-08-08 18:47:34", "elapsed": 662.351876, "delta": 2.90143}}
{"target": -0.2841596456290952, "params": {"bus_acc": 3.1000184108433935, "bus_dcc": 3.8856772448255614, "bus_lcAssertive": 77.11499873718994, "bus_lcCooperative": 0.977922591143854, "bus_lcLookaheadLeft": 59.847092069978835, "bus_lcPushy": 0.6192590906865287, "bus_lcSigma": 0.6390532170869906, "bus_lcSpeedGainRight": 1.6318569347560086, "bus_lcSublane": 0.033029018061537796, "bus_sigma": 0.7881763786137156, "bus_tau_mean": 2.985657477048307, "bus_tau_std": 0.790316916668774, "bus_v_mean": 10.377309382991523, "bus_v_std": 13.726804883924897, "car_acc": 2.6051121319412123, "car_dcc": 1.573643328276992, "car_lcAssertive": 6.539381737611052, "car_lcCooperative": 0.6114123003073613, "car_lcLookaheadLeft": 7.253939434121916, "car_lcPushy": 0.21357531195227275, "car_lcSigma": 0.5026626703120288, "car_lcSpeedGainRight": 0.47015554810201365, "car_lcSublane": 0.4089061107150217, "car_sigma": 0.020115798083067515, "car_tau_mean": 0.9181231103204437, "car_tau_std": 9.400625138171678, "car_v_mean": 16.941777423968766, "car_v_std": 13.729227519760702}, "datetime": {"datetime": "2024-08-08 18:47:38", "elapsed": 666.572672, "delta": 4.220796}}
{"target": -0.31731879652865613, "params": {"bus_acc": 3.993652834674707, "bus_dcc": 2.301069218214931, "bus_lcAssertive": 30.18638916805104, "bus_lcCooperative": 0.04157423394916726, "bus_lcLookaheadLeft": 98.99128147110069, "bus_lcPushy": 0.4648876309118224, "bus_lcSigma": 0.7345850140503707, "bus_lcSpeedGainRight": 3.2040381202293733, "bus_lcSublane": 0.7230933996660097, "bus_sigma": 0.05111090382611627, "bus_tau_mean": 3.720158918933998, "bus_tau_std": 9.268412179022414, "bus_v_mean": 16.831920434467154, "bus_v_std": 19.278317773691022, "car_acc": 1.8428666109711025, "car_dcc": 2.8064398814096356, "car_lcAssertive": 40.24980631520977, "car_lcCooperative": 0.6280232317552282, "car_lcLookaheadLeft": 31.461964275327315, "car_lcPushy": 0.8193583846560202, "car_lcSigma": 0.06978597850420853, "car_lcSpeedGainRight": 0.2093878514999814, "car_lcSublane": 0.049396384633314305, "car_sigma": 0.15045502836766345, "car_tau_mean": 1.8837266582814163, "car_tau_std": 9.553899892571746, "car_v_mean": 9.772727035135299, "car_v_std": 12.951059716328544}, "datetime": {"datetime": "2024-08-08 18:47:42", "elapsed": 669.876852, "delta": 3.30418}}
{"target": -0.3270366172119675, "params": {"bus_acc": 2.4193358586576355, "bus_dcc": 1.376629329426171, "bus_lcAssertive": 77.51567461454466, "bus_lcCooperative": 0.8414221567958434, "bus_lcLookaheadLeft": 6.242511942243542, "bus_lcPushy": 0.48644074317039476, "bus_lcSigma": 0.23941104413775594, "bus_lcSpeedGainRight": 4.762368908466296, "bus_lcSublane": 0.9438926277837961, "bus_sigma": 0.6139340023847009, "bus_tau_mean": 3.907205890638187, "bus_tau_std": 3.4486134371625097, "bus_v_mean": 22.365611482682908, "bus_v_std": 8.69189946817019, "car_acc": 1.707443911442541, "car_dcc": 3.8224838896041984, "car_lcAssertive": 68.73758704733953, "car_lcCooperative": 0.06491158533912933, "car_lcLookaheadLeft": 87.30163596866048, "car_lcPushy": 0.7013802946333463, "car_lcSigma": 0.6049268729742817, "car_lcSpeedGainRight": 3.6618744958966527, "car_lcSublane": 0.2534390424997808, "car_sigma": 0.6004889552745444, "car_tau_mean": 3.351167134415794, "car_tau_std": 0.5411366032399989, "car_v_mean": 10.088170741428256, "car_v_std": 16.848916199128272}, "datetime": {"datetime": "2024-08-08 18:47:45", "elapsed": 672.779908, "delta": 2.903056}}
{"target": -0.32230198292069995, "params": {"bus_acc": 2.8550376079836566, "bus_dcc": 2.593863431443174, "bus_lcAssertive": 25.58078217071276, "bus_lcCooperative": 0.2950785752494959, "bus_lcLookaheadLeft": 87.52324416210728, "bus_lcPushy": 0.42166593484970927, "bus_lcSigma": 0.0644302555796068, "bus_lcSpeedGainRight": 4.484925347537913, "bus_lcSublane": 0.20338083282405106, "bus_sigma": 0.8262275354923914, "bus_tau_mean": 3.5861971807898256, "bus_tau_std": 4.867507448183382, "bus_v_mean": 17.57543508967418, "bus_v_std": 10.545349129708338, "car_acc": 2.874463882556497, "car_dcc": 3.5651251640420543, "car_lcAssertive": 28.9318053920812, "car_lcCooperative": 0.8837555081806009, "car_lcLookaheadLeft": 57.63365235167663, "car_lcPushy": 0.11510304096690338, "car_lcSigma": 0.22700116521465796, "car_lcSpeedGainRight": 2.9799119280650688, "car_lcSublane": 0.23944623690468037, "car_sigma": 0.13141566053746057, "car_tau_mean": 1.066466999433423, "car_tau_std": 8.448725182357391, "car_v_mean": 17.634938462283372, "car_v_std": 19.27134174376684}, "datetime": {"datetime": "2024-08-08 18:47:50", "elapsed": 678.017608, "delta": 5.2377}}
{"target": -0.3370658762788367, "params": {"bus_acc": 3.294185520944994, "bus_dcc": 1.295224231348774, "bus_lcAssertive": 99.40969959572637, "bus_lcCooperative": 0.6922148832180902, "bus_lcLookaheadLeft": 31.329997721799156, "bus_lcPushy": 0.9088481925305185, "bus_lcSigma": 0.5525788467617463, "bus_lcSpeedGainRight": 0.42594988729857897, "bus_lcSublane": 0.10824574320885416, "bus_sigma": 0.03166485526440965, "bus_tau_mean": 1.2566815767806516, "bus_tau_std": 0.5141394497181617, "bus_v_mean": 16.164359444188797, "bus_v_std": 1.6588077764366393, "car_acc": 2.329366849064964, "car_dcc": 1.7086022222264614, "car_lcAssertive": 56.41234906528093, "car_lcCooperative": 0.438967791441904, "car_lcLookaheadLeft": 84.07896535048258, "car_lcPushy": 0.33654475452990296, "car_lcSigma": 0.2302316469211757, "car_lcSpeedGainRight": 4.700579166727968, "car_lcSublane": 0.4663636964010778, "car_sigma": 0.02815775923245789, "car_tau_mean": 0.7780273433862743, "car_tau_std": 5.555717675653012, "car_v_mean": 11.372342438028546, "car_v_std": 2.9647123050732738}, "datetime": {"datetime": "2024-08-08 18:47:57", "elapsed": 685.093334, "delta": 7.075726}}
{"target": -0.28902781586663034, "params": {"bus_acc": 3.9242211125652466, "bus_dcc": 2.9098132000056918, "bus_lcAssertive": 99.39738943643741, "bus_lcCooperative": 0.5460708041429516, "bus_lcLookaheadLeft": 53.589741522741086, "bus_lcPushy": 0.1354279030721699, "bus_lcSigma": 0.3557051709838811, "bus_lcSpeedGainRight": 0.13109283648186643, "bus_lcSublane": 0.1603951795196491, "bus_sigma": 0.7456371927074961, "bus_tau_mean": 0.6063989147507609, "bus_tau_std": 3.665430972437443, "bus_v_mean": 21.797540045408706, "bus_v_std": 13.853554350147085, "car_acc": 3.072826426198506, "car_dcc": 1.5659104028659327, "car_lcAssertive": 44.74852379409391, "car_lcCooperative": 0.5815774073442912, "car_lcLookaheadLeft": 98.99566735104311, "car_lcPushy": 0.20390622523312185, "car_lcSigma": 0.24773290176235485, "car_lcSpeedGainRight": 1.3108654188645597, "car_lcSublane": 0.7501724132979928, "car_sigma": 0.4569753274356928, "car_tau_mean": 0.6992530344388325, "car_tau_std": 5.085162406102396, "car_v_mean": 11.391362634298815, "car_v_std": 15.972084895204205}, "datetime": {"datetime": "2024-08-08 18:47:59", "elapsed": 687.353641, "delta": 2.260307}}
{"target": -0.29426571987114697, "params": {"bus_acc": 3.8757226330590124, "bus_dcc": 3.181496304780788, "bus_lcAssertive": 11.0446249245764, "bus_lcCooperative": 0.7862693223485936, "bus_lcLookaheadLeft": 36.511225289460114, "bus_lcPushy": 0.9114351403237924, "bus_lcSigma": 0.4954974347471134, "bus_lcSpeedGainRight": 4.363463614924361, "bus_lcSublane": 0.2205297947437237, "bus_sigma": 0.36719232590326556, "bus_tau_mean": 1.7839292975543395, "bus_tau_std": 0.9713268160328525, "bus_v_mean": 13.296230945052717, "bus_v_std": 13.19419607677599, "car_acc": 2.399630474121222, "car_dcc": 3.6376947092332936, "car_lcAssertive": 27.69735637264448, "car_lcCooperative": 0.3548193487216488, "car_lcLookaheadLeft": 33.39472043476, "car_lcPushy": 0.5517379706217076, "car_lcSigma": 0.18821941560628785, "car_lcSpeedGainRight": 0.8662213575408645, "car_lcSublane": 0.9394819242084544, "car_sigma": 0.37664771374633, "car_tau_mean": 2.5548434720906745, "car_tau_std": 0.5515208501882385, "car_v_mean": 10.25372795038987, "car_v_std": 1.9271710372248663}, "datetime": {"datetime": "2024-08-08 18:48:02", "elapsed": 690.161282, "delta": 2.807641}}
