{"target": -0.03627379167037529, "params": {"bus_acc": 1.45, "bus_dcc": 1.9, "bus_lcAssertive": 72.9, "bus_lcCooperative": 0.55, "bus_lcLookaheadLeft": 85.62, "bus_lcPushy": 0.55, "bus_lcSublane": 0.57, "bus_max_v": 29.18, "bus_tau_mean": 1.08, "bus_tau_std": 0.87, "car_acc": 1.16, "car_dcc": 3.56, "car_lcAssertive": 14.53, "car_lcCooperative": 0.1, "car_lcLookaheadLeft": 52.24, "car_lcPushy": 0.6, "car_lcSublane": 0.39, "car_max_v": 10.95, "car_tau_mean": 3.79, "car_tau_std": 2.21}, "datetime": {"datetime": "2024-08-04 13:11:43", "elapsed": 5777.928636, "delta": 4.167528}}
{"target": -0.0558576458584284, "params": {"bus_acc": 1.92, "bus_dcc": 2.23, "bus_lcAssertive": 78.18, "bus_lcCooperative": 0.92, "bus_lcLookaheadLeft": 93.35, "bus_lcPushy": 0.4, "bus_lcSublane": 0.21, "bus_max_v": 23.24, "bus_tau_mean": 3.1, "bus_tau_std": 7.93, "car_acc": 1.61, "car_dcc": 3.23, "car_lcAssertive": 73.87, "car_lcCooperative": 0.5, "car_lcLookaheadLeft": 20.22, "car_lcPushy": 0.21, "car_lcSublane": 0.84, "car_max_v": 26.47, "car_tau_mean": 2.68, "car_tau_std": 8.18}, "datetime": {"datetime": "2024-08-04 13:11:48", "elapsed": 5782.393369, "delta": 4.464733}}
{"target": -0.05676848818874695, "params": {"bus_acc": 2.86, "bus_dcc": 3.95, "bus_lcAssertive": 31.66, "bus_lcCooperative": 0.14, "bus_lcLookaheadLeft": 91.54, "bus_lcPushy": 0.39, "bus_lcSublane": 0.92, "bus_max_v": 18.87, "bus_tau_mean": 2.41, "bus_tau_std": 4.68, "car_acc": 2.74, "car_dcc": 2.71, "car_lcAssertive": 80.44, "car_lcCooperative": 0.98, "car_lcLookaheadLeft": 74.83, "car_lcPushy": 0.5, "car_lcSublane": 0.99, "car_max_v": 25.99, "car_tau_mean": 1.42, "car_tau_std": 5.68}, "datetime": {"datetime": "2024-08-04 13:11:59", "elapsed": 5793.285973, "delta": 10.892604}}
{"target": -0.059128929866497676, "params": {"bus_acc": 2.21, "bus_dcc": 2.64, "bus_lcAssertive": 18.7, "bus_lcCooperative": 0.85, "bus_lcLookaheadLeft": 89.51, "bus_lcPushy": 0.66, "bus_lcSublane": 0.07, "bus_max_v": 19.62, "bus_tau_mean": 1.23, "bus_tau_std": 3.27, "car_acc": 2.86, "car_dcc": 2.41, "car_lcAssertive": 64.9, "car_lcCooperative": 0.84, "car_lcLookaheadLeft": 54.12, "car_lcPushy": 0.32, "car_lcSublane": 0.48, "car_max_v": 29.63, "car_tau_mean": 2.95, "car_tau_std": 6.97}, "datetime": {"datetime": "2024-08-04 13:12:03", "elapsed": 5797.831592, "delta": 4.545619}}
{"target": -0.051651768331990616, "params": {"bus_acc": 1.42, "bus_dcc": 1.91, "bus_lcAssertive": 69.78, "bus_lcCooperative": 0.42, "bus_lcLookaheadLeft": 51.05, "bus_lcPushy": 0.54, "bus_lcSublane": 0.05, "bus_max_v": 22.22, "bus_tau_mean": 1.43, "bus_tau_std": 1.53, "car_acc": 1.66, "car_dcc": 2.74, "car_lcAssertive": 13.7, "car_lcCooperative": 0.82, "car_lcLookaheadLeft": 47.43, "car_lcPushy": 0.89, "car_lcSublane": 0.19, "car_max_v": 24.44, "car_tau_mean": 3.3, "car_tau_std": 2.15}, "datetime": {"datetime": "2024-08-04 13:12:08", "elapsed": 5802.671842, "delta": 4.84025}}
{"target": -0.05146677034419253, "params": {"bus_acc": 2.44, "bus_dcc": 2.2, "bus_lcAssertive": 15.11, "bus_lcCooperative": 0.49, "bus_lcLookaheadLeft": 44.27, "bus_lcPushy": 0.77, "bus_lcSublane": 0.0, "bus_max_v": 23.89, "bus_tau_mean": 3.38, "bus_tau_std": 3.09, "car_acc": 2.92, "car_dcc": 2.5, "car_lcAssertive": 24.62, "car_lcCooperative": 0.28, "car_lcLookaheadLeft": 37.91, "car_lcPushy": 0.82, "car_lcSublane": 0.05, "car_max_v": 23.49, "car_tau_mean": 2.13, "car_tau_std": 0.4}, "datetime": {"datetime": "2024-08-04 13:12:30", "elapsed": 5824.319197, "delta": 21.647355}}
{"target": -0.043356391547426536, "params": {"bus_acc": 1.03, "bus_dcc": 3.67, "bus_lcAssertive": 61.98, "bus_lcCooperative": 0.89, "bus_lcLookaheadLeft": 53.46, "bus_lcPushy": 0.2, "bus_lcSublane": 0.7, "bus_max_v": 19.6, "bus_tau_mean": 2.52, "bus_tau_std": 8.75, "car_acc": 1.38, "car_dcc": 1.29, "car_lcAssertive": 79.94, "car_lcCooperative": 0.78, "car_lcLookaheadLeft": 37.89, "car_lcPushy": 0.76, "car_lcSublane": 0.52, "car_max_v": 15.72, "car_tau_mean": 1.06, "car_tau_std": 6.83}, "datetime": {"datetime": "2024-08-04 13:12:33", "elapsed": 5827.986089, "delta": 3.666892}}
{"target": -0.04876793568833133, "params": {"bus_acc": 1.0, "bus_dcc": 1.32, "bus_lcAssertive": 77.87, "bus_lcCooperative": 0.16, "bus_lcLookaheadLeft": 44.45, "bus_lcPushy": 0.97, "bus_lcSublane": 0.63, "bus_max_v": 20.16, "bus_tau_mean": 1.52, "bus_tau_std": 7.66, "car_acc": 2.09, "car_dcc": 3.8, "car_lcAssertive": 39.84, "car_lcCooperative": 0.79, "car_lcLookaheadLeft": 53.55, "car_lcPushy": 0.39, "car_lcSublane": 0.18, "car_max_v": 18.85, "car_tau_mean": 2.29, "car_tau_std": 9.31}, "datetime": {"datetime": "2024-08-04 13:12:42", "elapsed": 5836.250113, "delta": 8.264024}}
{"target": -0.054701785853622835, "params": {"bus_acc": 2.77, "bus_dcc": 2.12, "bus_lcAssertive": 11.18, "bus_lcCooperative": 0.45, "bus_lcLookaheadLeft": 21.11, "bus_lcPushy": 0.01, "bus_lcSublane": 0.16, "bus_max_v": 14.64, "bus_tau_mean": 1.63, "bus_tau_std": 0.98, "car_acc": 2.31, "car_dcc": 2.43, "car_lcAssertive": 32.87, "car_lcCooperative": 0.65, "car_lcLookaheadLeft": 35.69, "car_lcPushy": 0.65, "car_lcSublane": 0.51, "car_max_v": 27.78, "car_tau_mean": 3.43, "car_tau_std": 3.76}, "datetime": {"datetime": "2024-08-04 13:13:07", "elapsed": 5861.710861, "delta": 25.460748}}
{"target": -0.04462081184032098, "params": {"bus_acc": 2.87, "bus_dcc": 2.9, "bus_lcAssertive": 20.71, "bus_lcCooperative": 0.62, "bus_lcLookaheadLeft": 89.61, "bus_lcPushy": 0.48, "bus_lcSublane": 0.04, "bus_max_v": 18.42, "bus_tau_mean": 3.75, "bus_tau_std": 6.58, "car_acc": 2.81, "car_dcc": 1.43, "car_lcAssertive": 30.62, "car_lcCooperative": 0.55, "car_lcLookaheadLeft": 88.68, "car_lcPushy": 0.37, "car_lcSublane": 0.37, "car_max_v": 12.33, "car_tau_mean": 2.44, "car_tau_std": 0.24}, "datetime": {"datetime": "2024-08-04 13:13:11", "elapsed": 5865.484492, "delta": 3.773631}}
{"target": -0.052666126253097224, "params": {"bus_acc": 2.31, "bus_dcc": 2.48, "bus_lcAssertive": 64.3, "bus_lcCooperative": 0.24, "bus_lcLookaheadLeft": 32.9, "bus_lcPushy": 0.35, "bus_lcSublane": 0.38, "bus_max_v": 22.32, "bus_tau_mean": 2.57, "bus_tau_std": 7.49, "car_acc": 1.66, "car_dcc": 3.76, "car_lcAssertive": 98.15, "car_lcCooperative": 0.02, "car_lcLookaheadLeft": 10.87, "car_lcPushy": 0.81, "car_lcSublane": 0.66, "car_max_v": 19.47, "car_tau_mean": 2.08, "car_tau_std": 1.06}, "datetime": {"datetime": "2024-08-04 13:13:20", "elapsed": 5874.74155, "delta": 9.257058}}
{"target": -0.049229107230214626, "params": {"bus_acc": 1.2, "bus_dcc": 2.27, "bus_lcAssertive": 84.33, "bus_lcCooperative": 0.98, "bus_lcLookaheadLeft": 61.94, "bus_lcPushy": 0.33, "bus_lcSublane": 0.23, "bus_max_v": 17.33, "bus_tau_mean": 0.64, "bus_tau_std": 9.17, "car_acc": 2.19, "car_dcc": 1.33, "car_lcAssertive": 16.11, "car_lcCooperative": 0.89, "car_lcLookaheadLeft": 82.94, "car_lcPushy": 0.28, "car_lcSublane": 0.34, "car_max_v": 17.09, "car_tau_mean": 2.34, "car_tau_std": 9.38}, "datetime": {"datetime": "2024-08-04 13:13:24", "elapsed": 5878.814421, "delta": 4.072871}}
{"target": -0.042700317519997595, "params": {"bus_acc": 1.95, "bus_dcc": 1.04, "bus_lcAssertive": 16.35, "bus_lcCooperative": 0.49, "bus_lcLookaheadLeft": 59.22, "bus_lcPushy": 0.35, "bus_lcSublane": 0.1, "bus_max_v": 12.07, "bus_tau_mean": 0.63, "bus_tau_std": 8.81, "car_acc": 1.22, "car_dcc": 2.74, "car_lcAssertive": 67.89, "car_lcCooperative": 0.3, "car_lcLookaheadLeft": 70.53, "car_lcPushy": 0.91, "car_lcSublane": 0.67, "car_max_v": 12.53, "car_tau_mean": 1.29, "car_tau_std": 4.98}, "datetime": {"datetime": "2024-08-04 13:13:28", "elapsed": 5882.579158, "delta": 3.764737}}
{"target": -0.04776729738008245, "params": {"bus_acc": 1.05, "bus_dcc": 3.96, "bus_lcAssertive": 88.88, "bus_lcCooperative": 0.51, "bus_lcLookaheadLeft": 22.42, "bus_lcPushy": 0.28, "bus_lcSublane": 0.27, "bus_max_v": 20.74, "bus_tau_mean": 0.86, "bus_tau_std": 3.41, "car_acc": 2.03, "car_dcc": 3.37, "car_lcAssertive": 23.33, "car_lcCooperative": 0.91, "car_lcLookaheadLeft": 70.01, "car_lcPushy": 0.26, "car_lcSublane": 0.5, "car_max_v": 25.89, "car_tau_mean": 1.88, "car_tau_std": 3.87}, "datetime": {"datetime": "2024-08-04 13:13:31", "elapsed": 5886.060913, "delta": 3.481755}}
{"target": -0.04302472425031093, "params": {"bus_acc": 2.06, "bus_dcc": 1.67, "bus_lcAssertive": 54.67, "bus_lcCooperative": 0.43, "bus_lcLookaheadLeft": 70.31, "bus_lcPushy": 0.7, "bus_lcSublane": 0.06, "bus_max_v": 13.1, "bus_tau_mean": 2.03, "bus_tau_std": 9.24, "car_acc": 1.29, "car_dcc": 2.29, "car_lcAssertive": 35.1, "car_lcCooperative": 0.95, "car_lcLookaheadLeft": 8.87, "car_lcPushy": 0.74, "car_lcSublane": 0.03, "car_max_v": 24.26, "car_tau_mean": 3.96, "car_tau_std": 3.71}, "datetime": {"datetime": "2024-08-04 13:13:46", "elapsed": 5900.780734, "delta": 14.719821}}
{"target": -0.05353951807783525, "params": {"bus_acc": 1.41, "bus_dcc": 3.35, "bus_lcAssertive": 23.65, "bus_lcCooperative": 0.71, "bus_lcLookaheadLeft": 31.03, "bus_lcPushy": 0.22, "bus_lcSublane": 0.52, "bus_max_v": 25.41, "bus_tau_mean": 3.76, "bus_tau_std": 0.65, "car_acc": 2.45, "car_dcc": 2.3, "car_lcAssertive": 91.54, "car_lcCooperative": 0.05, "car_lcLookaheadLeft": 36.88, "car_lcPushy": 0.3, "car_lcSublane": 0.54, "car_max_v": 19.41, "car_tau_mean": 0.77, "car_tau_std": 2.3}, "datetime": {"datetime": "2024-08-04 13:13:50", "elapsed": 5904.450712, "delta": 3.669978}}
{"target": -0.05011246013570025, "params": {"bus_acc": 2.03, "bus_dcc": 2.65, "bus_lcAssertive": 23.7, "bus_lcCooperative": 0.96, "bus_lcLookaheadLeft": 12.58, "bus_lcPushy": 0.05, "bus_lcSublane": 0.1, "bus_max_v": 11.72, "bus_tau_mean": 0.66, "bus_tau_std": 7.38, "car_acc": 1.3, "car_dcc": 2.74, "car_lcAssertive": 53.52, "car_lcCooperative": 0.93, "car_lcLookaheadLeft": 75.12, "car_lcPushy": 0.31, "car_lcSublane": 0.51, "car_max_v": 29.15, "car_tau_mean": 2.63, "car_tau_std": 2.57}, "datetime": {"datetime": "2024-08-04 13:13:59", "elapsed": 5913.821278, "delta": 9.370566}}
{"target": -0.043761078443681066, "params": {"bus_acc": 2.31, "bus_dcc": 2.81, "bus_lcAssertive": 24.83, "bus_lcCooperative": 0.53, "bus_lcLookaheadLeft": 75.7, "bus_lcPushy": 0.39, "bus_lcSublane": 0.35, "bus_max_v": 9.22, "bus_tau_mean": 3.45, "bus_tau_std": 2.24, "car_acc": 1.13, "car_dcc": 2.63, "car_lcAssertive": 6.54, "car_lcCooperative": 0.95, "car_lcLookaheadLeft": 32.73, "car_lcPushy": 0.78, "car_lcSublane": 0.34, "car_max_v": 13.9, "car_tau_mean": 2.22, "car_tau_std": 8.27}, "datetime": {"datetime": "2024-08-04 13:14:07", "elapsed": 5921.907704, "delta": 8.086426}}
{"target": -0.052419160878318695, "params": {"bus_acc": 2.23, "bus_dcc": 3.71, "bus_lcAssertive": 21.6, "bus_lcCooperative": 0.71, "bus_lcLookaheadLeft": 70.34, "bus_lcPushy": 0.0, "bus_lcSublane": 0.44, "bus_max_v": 28.32, "bus_tau_mean": 2.36, "bus_tau_std": 3.4, "car_acc": 2.99, "car_dcc": 1.51, "car_lcAssertive": 30.51, "car_lcCooperative": 0.88, "car_lcLookaheadLeft": 16.5, "car_lcPushy": 0.16, "car_lcSublane": 0.95, "car_max_v": 18.62, "car_tau_mean": 2.89, "car_tau_std": 7.51}, "datetime": {"datetime": "2024-08-04 13:14:15", "elapsed": 5929.343659, "delta": 7.435955}}
{"target": -0.05132775357516228, "params": {"bus_acc": 2.97, "bus_dcc": 2.78, "bus_lcAssertive": 97.2, "bus_lcCooperative": 0.94, "bus_lcLookaheadLeft": 78.09, "bus_lcPushy": 0.7, "bus_lcSublane": 0.8, "bus_max_v": 8.7, "bus_tau_mean": 3.48, "bus_tau_std": 4.86, "car_acc": 1.37, "car_dcc": 2.54, "car_lcAssertive": 45.85, "car_lcCooperative": 0.08, "car_lcLookaheadLeft": 88.14, "car_lcPushy": 0.07, "car_lcSublane": 0.52, "car_max_v": 13.74, "car_tau_mean": 3.79, "car_tau_std": 6.49}, "datetime": {"datetime": "2024-08-04 13:14:25", "elapsed": 5939.470989, "delta": 10.12733}}
{"target": -0.05294037352789586, "params": {"bus_acc": 1.37, "bus_dcc": 3.02, "bus_lcAssertive": 72.34, "bus_lcCooperative": 0.43, "bus_lcLookaheadLeft": 25.88, "bus_lcPushy": 0.73, "bus_lcSublane": 0.83, "bus_max_v": 23.49, "bus_tau_mean": 1.79, "bus_tau_std": 2.46, "car_acc": 2.73, "car_dcc": 2.33, "car_lcAssertive": 96.38, "car_lcCooperative": 0.41, "car_lcLookaheadLeft": 60.08, "car_lcPushy": 0.49, "car_lcSublane": 0.5, "car_max_v": 14.63, "car_tau_mean": 0.52, "car_tau_std": 4.58}, "datetime": {"datetime": "2024-08-04 13:14:30", "elapsed": 5944.785655, "delta": 5.314666}}
{"target": -0.036633234400576094, "params": {"bus_acc": 2.74, "bus_dcc": 1.66, "bus_lcAssertive": 77.79, "bus_lcCooperative": 0.35, "bus_lcLookaheadLeft": 61.41, "bus_lcPushy": 0.96, "bus_lcSublane": 0.05, "bus_max_v": 16.12, "bus_tau_mean": 3.21, "bus_tau_std": 6.91, "car_acc": 1.17, "car_dcc": 2.65, "car_lcAssertive": 10.54, "car_lcCooperative": 0.61, "car_lcLookaheadLeft": 33.02, "car_lcPushy": 0.86, "car_lcSublane": 0.18, "car_max_v": 8.87, "car_tau_mean": 2.53, "car_tau_std": 4.05}, "datetime": {"datetime": "2024-08-04 13:14:34", "elapsed": 5949.107329, "delta": 4.321674}}
{"target": -0.0524017891464445, "params": {"bus_acc": 1.72, "bus_dcc": 3.08, "bus_lcAssertive": 47.86, "bus_lcCooperative": 0.24, "bus_lcLookaheadLeft": 54.16, "bus_lcPushy": 0.64, "bus_lcSublane": 0.38, "bus_max_v": 21.89, "bus_tau_mean": 2.42, "bus_tau_std": 4.06, "car_acc": 2.41, "car_dcc": 2.67, "car_lcAssertive": 10.76, "car_lcCooperative": 0.03, "car_lcLookaheadLeft": 13.52, "car_lcPushy": 0.23, "car_lcSublane": 0.47, "car_max_v": 15.26, "car_tau_mean": 0.56, "car_tau_std": 2.66}, "datetime": {"datetime": "2024-08-04 13:14:45", "elapsed": 5959.270324, "delta": 10.162995}}
{"target": -0.04083853825516811, "params": {"bus_acc": 2.58, "bus_dcc": 1.7, "bus_lcAssertive": 29.7, "bus_lcCooperative": 0.9, "bus_lcLookaheadLeft": 82.81, "bus_lcPushy": 0.82, "bus_lcSublane": 0.19, "bus_max_v": 22.75, "bus_tau_mean": 2.82, "bus_tau_std": 0.45, "car_acc": 1.05, "car_dcc": 2.95, "car_lcAssertive": 43.82, "car_lcCooperative": 0.56, "car_lcLookaheadLeft": 14.24, "car_lcPushy": 0.38, "car_lcSublane": 0.41, "car_max_v": 20.21, "car_tau_mean": 0.79, "car_tau_std": 9.19}, "datetime": {"datetime": "2024-08-04 13:14:51", "elapsed": 5965.349803, "delta": 6.079479}}
{"target": -0.0452326035005629, "params": {"bus_acc": 2.32, "bus_dcc": 3.41, "bus_lcAssertive": 98.76, "bus_lcCooperative": 0.02, "bus_lcLookaheadLeft": 55.0, "bus_lcPushy": 0.68, "bus_lcSublane": 0.74, "bus_max_v": 19.51, "bus_tau_mean": 2.49, "bus_tau_std": 9.08, "car_acc": 1.32, "car_dcc": 1.99, "car_lcAssertive": 80.71, "car_lcCooperative": 0.43, "car_lcLookaheadLeft": 40.35, "car_lcPushy": 0.88, "car_lcSublane": 0.13, "car_max_v": 20.53, "car_tau_mean": 2.4, "car_tau_std": 5.52}, "datetime": {"datetime": "2024-08-04 13:15:02", "elapsed": 5976.154648, "delta": 10.804845}}
{"target": -0.033864751957793766, "params": {"bus_acc": 1.57, "bus_dcc": 3.92, "bus_lcAssertive": 23.16, "bus_lcCooperative": 0.21, "bus_lcLookaheadLeft": 33.5, "bus_lcPushy": 0.88, "bus_lcSublane": 0.17, "bus_max_v": 11.03, "bus_tau_mean": 0.61, "bus_tau_std": 8.29, "car_acc": 1.13, "car_dcc": 2.05, "car_lcAssertive": 17.44, "car_lcCooperative": 0.65, "car_lcLookaheadLeft": 89.34, "car_lcPushy": 0.65, "car_lcSublane": 0.91, "car_max_v": 8.41, "car_tau_mean": 2.99, "car_tau_std": 9.95}, "datetime": {"datetime": "2024-08-04 13:15:06", "elapsed": 5980.784622, "delta": 4.629974}}
{"target": -0.05488611766646589, "params": {"bus_acc": 1.97, "bus_dcc": 3.77, "bus_lcAssertive": 76.43, "bus_lcCooperative": 0.78, "bus_lcLookaheadLeft": 9.57, "bus_lcPushy": 0.43, "bus_lcSublane": 0.05, "bus_max_v": 12.63, "bus_tau_mean": 2.15, "bus_tau_std": 2.3, "car_acc": 2.6, "car_dcc": 2.94, "car_lcAssertive": 51.59, "car_lcCooperative": 0.54, "car_lcLookaheadLeft": 56.19, "car_lcPushy": 0.83, "car_lcSublane": 0.27, "car_max_v": 18.64, "car_tau_mean": 3.46, "car_tau_std": 7.89}, "datetime": {"datetime": "2024-08-04 13:15:12", "elapsed": 5986.178397, "delta": 5.393775}}
{"target": -0.04465902639459469, "params": {"bus_acc": 2.13, "bus_dcc": 2.2, "bus_lcAssertive": 69.88, "bus_lcCooperative": 0.5, "bus_lcLookaheadLeft": 50.25, "bus_lcPushy": 0.28, "bus_lcSublane": 0.11, "bus_max_v": 9.96, "bus_tau_mean": 0.92, "bus_tau_std": 6.9, "car_acc": 2.34, "car_dcc": 2.15, "car_lcAssertive": 23.52, "car_lcCooperative": 0.94, "car_lcLookaheadLeft": 43.98, "car_lcPushy": 0.6, "car_lcSublane": 0.93, "car_max_v": 8.62, "car_tau_mean": 0.77, "car_tau_std": 8.52}, "datetime": {"datetime": "2024-08-04 13:15:18", "elapsed": 5992.703074, "delta": 6.524677}}
{"target": -0.040830736143668736, "params": {"bus_acc": 1.2, "bus_dcc": 2.28, "bus_lcAssertive": 74.84, "bus_lcCooperative": 0.86, "bus_lcLookaheadLeft": 95.02, "bus_lcPushy": 0.06, "bus_lcSublane": 0.25, "bus_max_v": 9.61, "bus_tau_mean": 3.51, "bus_tau_std": 1.23, "car_acc": 1.07, "car_dcc": 3.57, "car_lcAssertive": 25.09, "car_lcCooperative": 0.48, "car_lcLookaheadLeft": 98.14, "car_lcPushy": 0.62, "car_lcSublane": 0.53, "car_max_v": 27.14, "car_tau_mean": 1.05, "car_tau_std": 5.31}, "datetime": {"datetime": "2024-08-04 13:15:23", "elapsed": 5997.438797, "delta": 4.735723}}
{"target": -0.0484991519008684, "params": {"bus_acc": 2.85, "bus_dcc": 2.45, "bus_lcAssertive": 45.27, "bus_lcCooperative": 0.07, "bus_lcLookaheadLeft": 2.09, "bus_lcPushy": 0.78, "bus_lcSublane": 0.12, "bus_max_v": 20.87, "bus_tau_mean": 1.58, "bus_tau_std": 8.09, "car_acc": 2.84, "car_dcc": 1.49, "car_lcAssertive": 16.46, "car_lcCooperative": 0.85, "car_lcLookaheadLeft": 75.68, "car_lcPushy": 0.53, "car_lcSublane": 0.32, "car_max_v": 25.44, "car_tau_mean": 3.66, "car_tau_std": 9.65}, "datetime": {"datetime": "2024-08-04 13:15:52", "elapsed": 6026.404366, "delta": 28.965569}}
{"target": -0.059159916920405814, "params": {"bus_acc": 1.28, "bus_dcc": 2.82, "bus_lcAssertive": 90.4, "bus_lcCooperative": 0.32, "bus_lcLookaheadLeft": 9.89, "bus_lcPushy": 0.34, "bus_lcSublane": 0.11, "bus_max_v": 8.24, "bus_tau_mean": 1.84, "bus_tau_std": 6.81, "car_acc": 1.55, "car_dcc": 1.23, "car_lcAssertive": 37.0, "car_lcCooperative": 0.35, "car_lcLookaheadLeft": 22.44, "car_lcPushy": 0.06, "car_lcSublane": 0.83, "car_max_v": 19.32, "car_tau_mean": 3.84, "car_tau_std": 2.41}, "datetime": {"datetime": "2024-08-04 13:16:02", "elapsed": 6037.01778, "delta": 10.613414}}
{"target": -0.054249682026584915, "params": {"bus_acc": 1.26, "bus_dcc": 2.38, "bus_lcAssertive": 50.78, "bus_lcCooperative": 0.88, "bus_lcLookaheadLeft": 73.68, "bus_lcPushy": 0.23, "bus_lcSublane": 0.56, "bus_max_v": 14.76, "bus_tau_mean": 2.74, "bus_tau_std": 2.42, "car_acc": 1.72, "car_dcc": 1.66, "car_lcAssertive": 62.71, "car_lcCooperative": 0.11, "car_lcLookaheadLeft": 52.61, "car_lcPushy": 0.75, "car_lcSublane": 1.0, "car_max_v": 25.06, "car_tau_mean": 1.68, "car_tau_std": 7.43}, "datetime": {"datetime": "2024-08-04 13:16:09", "elapsed": 6043.784553, "delta": 6.766773}}
{"target": -0.045400140307850244, "params": {"bus_acc": 2.43, "bus_dcc": 1.83, "bus_lcAssertive": 13.51, "bus_lcCooperative": 0.53, "bus_lcLookaheadLeft": 29.0, "bus_lcPushy": 0.85, "bus_lcSublane": 0.47, "bus_max_v": 29.99, "bus_tau_mean": 0.66, "bus_tau_std": 7.41, "car_acc": 2.01, "car_dcc": 3.54, "car_lcAssertive": 1.24, "car_lcCooperative": 0.63, "car_lcLookaheadLeft": 54.38, "car_lcPushy": 0.66, "car_lcSublane": 0.17, "car_max_v": 21.33, "car_tau_mean": 2.26, "car_tau_std": 1.13}, "datetime": {"datetime": "2024-08-04 13:16:25", "elapsed": 6059.229962, "delta": 15.445409}}
{"target": -0.054234397882907966, "params": {"bus_acc": 2.54, "bus_dcc": 2.58, "bus_lcAssertive": 1.12, "bus_lcCooperative": 0.51, "bus_lcLookaheadLeft": 50.52, "bus_lcPushy": 0.2, "bus_lcSublane": 0.57, "bus_max_v": 18.64, "bus_tau_mean": 3.47, "bus_tau_std": 3.83, "car_acc": 1.73, "car_dcc": 2.6, "car_lcAssertive": 49.56, "car_lcCooperative": 0.96, "car_lcLookaheadLeft": 4.31, "car_lcPushy": 0.45, "car_lcSublane": 0.96, "car_max_v": 23.5, "car_tau_mean": 2.36, "car_tau_std": 1.1}, "datetime": {"datetime": "2024-08-04 13:16:29", "elapsed": 6064.015143, "delta": 4.785181}}
{"target": -0.03639966060004025, "params": {"bus_acc": 1.65, "bus_dcc": 1.84, "bus_lcAssertive": 11.82, "bus_lcCooperative": 0.67, "bus_lcLookaheadLeft": 44.6, "bus_lcPushy": 0.55, "bus_lcSublane": 0.19, "bus_max_v": 20.55, "bus_tau_mean": 1.81, "bus_tau_std": 0.18, "car_acc": 1.01, "car_dcc": 1.43, "car_lcAssertive": 16.42, "car_lcCooperative": 0.01, "car_lcLookaheadLeft": 84.99, "car_lcPushy": 0.21, "car_lcSublane": 0.36, "car_max_v": 25.69, "car_tau_mean": 0.5, "car_tau_std": 2.14}, "datetime": {"datetime": "2024-08-04 13:16:42", "elapsed": 6076.222798, "delta": 12.207655}}
{"target": -0.050255417282248915, "params": {"bus_acc": 2.97, "bus_dcc": 2.91, "bus_lcAssertive": 52.77, "bus_lcCooperative": 0.68, "bus_lcLookaheadLeft": 69.23, "bus_lcPushy": 0.68, "bus_lcSublane": 0.91, "bus_max_v": 22.65, "bus_tau_mean": 1.19, "bus_tau_std": 0.64, "car_acc": 1.46, "car_dcc": 2.32, "car_lcAssertive": 67.58, "car_lcCooperative": 0.33, "car_lcLookaheadLeft": 39.07, "car_lcPushy": 0.47, "car_lcSublane": 0.01, "car_max_v": 25.0, "car_tau_mean": 2.5, "car_tau_std": 7.91}, "datetime": {"datetime": "2024-08-04 13:16:56", "elapsed": 6090.419738, "delta": 14.19694}}
{"target": -0.05545384028997699, "params": {"bus_acc": 2.08, "bus_dcc": 2.64, "bus_lcAssertive": 81.52, "bus_lcCooperative": 0.37, "bus_lcLookaheadLeft": 95.09, "bus_lcPushy": 0.99, "bus_lcSublane": 0.28, "bus_max_v": 29.24, "bus_tau_mean": 0.89, "bus_tau_std": 1.86, "car_acc": 1.71, "car_dcc": 3.11, "car_lcAssertive": 76.12, "car_lcCooperative": 0.17, "car_lcLookaheadLeft": 9.59, "car_lcPushy": 0.64, "car_lcSublane": 0.71, "car_max_v": 22.84, "car_tau_mean": 1.55, "car_tau_std": 6.7}, "datetime": {"datetime": "2024-08-04 13:17:00", "elapsed": 6094.999964, "delta": 4.580226}}
