{"target": -0.3215974500537453, "params": {"bus_acc": 3.4706, "bus_dcc": 3.6218, "bus_lcAssertive": 82.1934, "bus_lcCooperative": 0.5582, "bus_lcLookaheadLeft": 59.2221, "bus_lcPushy": 0.9273, "bus_lcSigma": 0.884, "bus_lcSpeedGainRight": 4.6965, "bus_lcSublane": 0.657, "bus_sigma": 0.0702, "bus_tau_mean": 1.5277, "bus_tau_std": 4.271, "bus_v_mean": 10.4581, "bus_v_std": 13.5815, "car_acc": 3.195, "car_dcc": 1.0351, "car_lcAssertive": 9.507, "car_lcCooperative": 0.0341, "car_lcLookaheadLeft": 99.5571, "car_lcPushy": 0.7716, "car_lcSigma": 0.1085, "car_lcSpeedGainRight": 2.3574, "car_lcSublane": 0.5595, "car_sigma": 0.0739, "car_tau_mean": 2.1839, "car_tau_std": 3.2363, "car_v_mean": 17.2962, "car_v_std": 11.4475}, "datetime": {"datetime": "2024-08-08 12:34:59", "elapsed": 2109.057829, "delta": 1.604416}}
{"target": -0.33340444538063707, "params": {"bus_acc": 1.9305, "bus_dcc": 2.7372, "bus_lcAssertive": 84.409, "bus_lcCooperative": 0.55, "bus_lcLookaheadLeft": 25.6623, "bus_lcPushy": 0.027, "bus_lcSigma": 0.1318, "bus_lcSpeedGainRight": 4.7221, "bus_lcSublane": 0.8538, "bus_sigma": 0.0049, "bus_tau_mean": 2.8663, "bus_tau_std": 6.3036, "bus_v_mean": 13.6158, "bus_v_std": 13.5833, "car_acc": 4.3621, "car_dcc": 3.8312, "car_lcAssertive": 4.1356, "car_lcCooperative": 0.1563, "car_lcLookaheadLeft": 11.4254, "car_lcPushy": 0.6475, "car_lcSigma": 0.413, "car_lcSpeedGainRight": 1.7584, "car_lcSublane": 0.2873, "car_sigma": 0.522, "car_tau_mean": 2.4863, "car_tau_std": 6.4238, "car_v_mean": 18.7999, "car_v_std": 15.4253}, "datetime": {"datetime": "2024-08-08 12:35:01", "elapsed": 2111.305108, "delta": 2.247279}}
{"target": -0.375624733426124, "params": {"bus_acc": 2.1037, "bus_dcc": 3.3188, "bus_lcAssertive": 52.9377, "bus_lcCooperative": 0.3945, "bus_lcLookaheadLeft": 94.8629, "bus_lcPushy": 0.0663, "bus_lcSigma": 0.8512, "bus_lcSpeedGainRight": 1.3769, "bus_lcSublane": 0.6845, "bus_sigma": 0.9776, "bus_tau_mean": 2.2044, "bus_tau_std": 5.6238, "bus_v_mean": 12.6251, "bus_v_std": 12.2042, "car_acc": 4.1192, "car_dcc": 2.1471, "car_lcAssertive": 22.9191, "car_lcCooperative": 0.9087, "car_lcLookaheadLeft": 69.169, "car_lcPushy": 0.268, "car_lcSigma": 0.4806, "car_lcSpeedGainRight": 1.0782, "car_lcSublane": 0.3397, "car_sigma": 0.5099, "car_tau_mean": 3.9856, "car_tau_std": 8.1816, "car_v_mean": 22.8977, "car_v_std": 4.9346}, "datetime": {"datetime": "2024-08-08 12:35:05", "elapsed": 2115.422463, "delta": 4.117355}}
{"target": -0.34642296765014163, "params": {"bus_acc": 1.5, "bus_dcc": 1.2265, "bus_lcAssertive": 33.2079, "bus_lcCooperative": 0.2584, "bus_lcLookaheadLeft": 96.161, "bus_lcPushy": 0.7841, "bus_lcSigma": 0.0949, "bus_lcSpeedGainRight": 2.8213, "bus_lcSublane": 0.9728, "bus_sigma": 0.1398, "bus_tau_mean": 3.3971, "bus_tau_std": 2.6939, "bus_v_mean": 15.034, "bus_v_std": 6.5269, "car_acc": 2.7346, "car_dcc": 2.2938, "car_lcAssertive": 72.8172, "car_lcCooperative": 0.7142, "car_lcLookaheadLeft": 32.3508, "car_lcPushy": 0.1343, "car_lcSigma": 0.1978, "car_lcSpeedGainRight": 4.4709, "car_lcSublane": 0.283, "car_sigma": 0.2996, "car_tau_mean": 1.3746, "car_tau_std": 6.6905, "car_v_mean": 23.3729, "car_v_std": 7.9512}, "datetime": {"datetime": "2024-08-08 12:35:13", "elapsed": 2123.348976, "delta": 7.926513}}
{"target": -0.3597151714302408, "params": {"bus_acc": 4.4444, "bus_dcc": 1.52, "bus_lcAssertive": 19.3316, "bus_lcCooperative": 0.464, "bus_lcLookaheadLeft": 8.9981, "bus_lcPushy": 0.3078, "bus_lcSigma": 0.3388, "bus_lcSpeedGainRight": 2.323, "bus_lcSublane": 0.1305, "bus_sigma": 0.1484, "bus_tau_mean": 3.8557, "bus_tau_std": 9.9762, "bus_v_mean": 11.7287, "bus_v_std": 19.8801, "car_acc": 3.2588, "car_dcc": 1.62, "car_lcAssertive": 7.1345, "car_lcCooperative": 0.4563, "car_lcLookaheadLeft": 30.8494, "car_lcPushy": 0.7116, "car_lcSigma": 0.1898, "car_lcSpeedGainRight": 3.1008, "car_lcSublane": 0.4894, "car_sigma": 0.4182, "car_tau_mean": 1.5732, "car_tau_std": 3.2188, "car_v_mean": 23.9415, "car_v_std": 16.3776}, "datetime": {"datetime": "2024-08-08 12:35:15", "elapsed": 2125.827455, "delta": 2.478479}}
{"target": -0.3425292538304201, "params": {"bus_acc": 3.0437, "bus_dcc": 1.3911, "bus_lcAssertive": 84.446, "bus_lcCooperative": 0.4924, "bus_lcLookaheadLeft": 56.1741, "bus_lcPushy": 0.3198, "bus_lcSigma": 0.2264, "bus_lcSpeedGainRight": 0.0252, "bus_lcSublane": 0.1352, "bus_sigma": 0.4497, "bus_tau_mean": 2.5642, "bus_tau_std": 3.6282, "bus_v_mean": 16.6871, "bus_v_std": 17.5639, "car_acc": 4.5454, "car_dcc": 3.7637, "car_lcAssertive": 44.9499, "car_lcCooperative": 0.1624, "car_lcLookaheadLeft": 39.2885, "car_lcPushy": 0.6999, "car_lcSigma": 0.5511, "car_lcSpeedGainRight": 1.3594, "car_lcSublane": 0.457, "car_sigma": 0.5947, "car_tau_mean": 2.2518, "car_tau_std": 2.3109, "car_v_mean": 11.0242, "car_v_std": 11.1846}, "datetime": {"datetime": "2024-08-08 12:35:16", "elapsed": 2126.9106, "delta": 1.083145}}
{"target": -0.34673773979240907, "params": {"bus_acc": 3.6096, "bus_dcc": 2.8237, "bus_lcAssertive": 41.7457, "bus_lcCooperative": 0.4078, "bus_lcLookaheadLeft": 20.2863, "bus_lcPushy": 0.7433, "bus_lcSigma": 0.0193, "bus_lcSpeedGainRight": 3.9696, "bus_lcSublane": 0.5167, "bus_sigma": 0.609, "bus_tau_mean": 1.0253, "bus_tau_std": 7.3362, "bus_v_mean": 20.1299, "bus_v_std": 6.2552, "car_acc": 2.8821, "car_dcc": 1.6021, "car_lcAssertive": 68.557, "car_lcCooperative": 0.9159, "car_lcLookaheadLeft": 56.329, "car_lcPushy": 0.655, "car_lcSigma": 0.2726, "car_lcSpeedGainRight": 3.2798, "car_lcSublane": 0.1245, "car_sigma": 0.672, "car_tau_mean": 2.1076, "car_tau_std": 4.5113, "car_v_mean": 13.0252, "car_v_std": 18.8252}, "datetime": {"datetime": "2024-08-08 12:35:24", "elapsed": 2134.489793, "delta": 7.579193}}
{"target": -0.3534065320595917, "params": {"bus_acc": 2.1097, "bus_dcc": 2.9724, "bus_lcAssertive": 77.7241, "bus_lcCooperative": 0.2219, "bus_lcLookaheadLeft": 32.662, "bus_lcPushy": 0.6319, "bus_lcSigma": 0.1375, "bus_lcSpeedGainRight": 3.3521, "bus_lcSublane": 0.5234, "bus_sigma": 0.2668, "bus_tau_mean": 0.7721, "bus_tau_std": 5.98, "bus_v_mean": 18.8881, "bus_v_std": 13.5085, "car_acc": 1.3741, "car_dcc": 1.536, "car_lcAssertive": 67.2179, "car_lcCooperative": 0.5706, "car_lcLookaheadLeft": 61.3197, "car_lcPushy": 0.9611, "car_lcSigma": 0.7503, "car_lcSpeedGainRight": 1.2484, "car_lcSublane": 0.7187, "car_sigma": 0.334, "car_tau_mean": 1.8729, "car_tau_std": 4.1579, "car_v_mean": 11.6316, "car_v_std": 14.6919}, "datetime": {"datetime": "2024-08-08 12:35:27", "elapsed": 2137.140418, "delta": 2.650625}}
{"target": -0.3374578092442325, "params": {"bus_acc": 3.9793, "bus_dcc": 2.3371, "bus_lcAssertive": 5.8336, "bus_lcCooperative": 0.8063, "bus_lcLookaheadLeft": 29.6003, "bus_lcPushy": 0.6806, "bus_lcSigma": 0.0644, "bus_lcSpeedGainRight": 2.4468, "bus_lcSublane": 0.7781, "bus_sigma": 0.8941, "bus_tau_mean": 1.4096, "bus_tau_std": 7.6433, "bus_v_mean": 18.7507, "bus_v_std": 9.091, "car_acc": 3.5123, "car_dcc": 2.4189, "car_lcAssertive": 92.7725, "car_lcCooperative": 0.4763, "car_lcLookaheadLeft": 75.8445, "car_lcPushy": 0.1948, "car_lcSigma": 0.8148, "car_lcSpeedGainRight": 2.2898, "car_lcSublane": 0.786, "car_sigma": 0.2434, "car_tau_mean": 3.368, "car_tau_std": 0.9218, "car_v_mean": 22.4542, "car_v_std": 14.3844}, "datetime": {"datetime": "2024-08-08 12:35:28", "elapsed": 2138.691482, "delta": 1.551064}}
{"target": -0.3485650408421602, "params": {"bus_acc": 2.2044, "bus_dcc": 1.7909, "bus_lcAssertive": 39.0339, "bus_lcCooperative": 0.2503, "bus_lcLookaheadLeft": 25.8957, "bus_lcPushy": 0.5278, "bus_lcSigma": 0.6634, "bus_lcSpeedGainRight": 3.0138, "bus_lcSublane": 0.3902, "bus_sigma": 0.1189, "bus_tau_mean": 3.317, "bus_tau_std": 7.5816, "bus_v_mean": 18.4564, "bus_v_std": 12.6395, "car_acc": 2.6297, "car_dcc": 3.59, "car_lcAssertive": 77.7602, "car_lcCooperative": 0.8543, "car_lcLookaheadLeft": 65.1717, "car_lcPushy": 0.6954, "car_lcSigma": 0.3061, "car_lcSpeedGainRight": 1.456, "car_lcSublane": 0.375, "car_sigma": 0.0601, "car_tau_mean": 0.831, "car_tau_std": 9.1795, "car_v_mean": 15.8707, "car_v_std": 15.8019}, "datetime": {"datetime": "2024-08-08 12:35:30", "elapsed": 2140.315154, "delta": 1.623672}}
{"target": -0.34670349643005466, "params": {"bus_acc": 1.0462, "bus_dcc": 3.0982, "bus_lcAssertive": 75.6085, "bus_lcCooperative": 0.0229, "bus_lcLookaheadLeft": 27.3597, "bus_lcPushy": 0.2018, "bus_lcSigma": 0.1532, "bus_lcSpeedGainRight": 0.8694, "bus_lcSublane": 0.8791, "bus_sigma": 0.2932, "bus_tau_mean": 3.014, "bus_tau_std": 8.2907, "bus_v_mean": 14.6904, "bus_v_std": 14.2922, "car_acc": 1.8977, "car_dcc": 2.6064, "car_lcAssertive": 10.8487, "car_lcCooperative": 0.9016, "car_lcLookaheadLeft": 16.0956, "car_lcPushy": 0.8789, "car_lcSigma": 0.9229, "car_lcSpeedGainRight": 4.3807, "car_lcSublane": 0.3976, "car_sigma": 0.1325, "car_tau_mean": 3.0057, "car_tau_std": 3.8095, "car_v_mean": 17.7555, "car_v_std": 12.4149}, "datetime": {"datetime": "2024-08-08 12:35:32", "elapsed": 2142.175484, "delta": 1.86033}}
{"target": -0.3394265503281936, "params": {"bus_acc": 4.9953, "bus_dcc": 2.2726, "bus_lcAssertive": 88.7491, "bus_lcCooperative": 0.4912, "bus_lcLookaheadLeft": 39.2621, "bus_lcPushy": 0.569, "bus_lcSigma": 0.3628, "bus_lcSpeedGainRight": 2.9929, "bus_lcSublane": 0.8396, "bus_sigma": 0.9771, "bus_tau_mean": 3.131, "bus_tau_std": 3.5427, "bus_v_mean": 12.3611, "bus_v_std": 11.0812, "car_acc": 2.4111, "car_dcc": 1.9098, "car_lcAssertive": 33.1944, "car_lcCooperative": 0.5558, "car_lcLookaheadLeft": 33.6963, "car_lcPushy": 0.0931, "car_lcSigma": 0.537, "car_lcSpeedGainRight": 2.6412, "car_lcSublane": 0.6689, "car_sigma": 0.0143, "car_tau_mean": 3.5006, "car_tau_std": 4.2884, "car_v_mean": 11.0231, "car_v_std": 9.1392}, "datetime": {"datetime": "2024-08-08 12:35:34", "elapsed": 2144.456533, "delta": 2.281049}}
{"target": -0.3443116950283453, "params": {"bus_acc": 1.2547, "bus_dcc": 3.3401, "bus_lcAssertive": 99.1804, "bus_lcCooperative": 0.1294, "bus_lcLookaheadLeft": 88.3394, "bus_lcPushy": 0.1755, "bus_lcSigma": 0.3852, "bus_lcSpeedGainRight": 2.5898, "bus_lcSublane": 0.664, "bus_sigma": 0.6808, "bus_tau_mean": 3.0874, "bus_tau_std": 6.6925, "bus_v_mean": 16.1479, "bus_v_std": 18.0351, "car_acc": 4.8154, "car_dcc": 1.7097, "car_lcAssertive": 66.8923, "car_lcCooperative": 0.2983, "car_lcLookaheadLeft": 96.9089, "car_lcPushy": 0.6888, "car_lcSigma": 0.572, "car_lcSpeedGainRight": 4.9027, "car_lcSublane": 0.2708, "car_sigma": 0.8813, "car_tau_mean": 0.8786, "car_tau_std": 0.513, "car_v_mean": 18.8613, "car_v_std": 7.0076}, "datetime": {"datetime": "2024-08-08 12:35:39", "elapsed": 2149.815596, "delta": 5.359063}}
{"target": -0.33097858392382956, "params": {"bus_acc": 4.9802, "bus_dcc": 2.1516, "bus_lcAssertive": 78.6306, "bus_lcCooperative": 0.725, "bus_lcLookaheadLeft": 33.7464, "bus_lcPushy": 0.7247, "bus_lcSigma": 0.6064, "bus_lcSpeedGainRight": 1.7186, "bus_lcSublane": 0.4218, "bus_sigma": 0.7163, "bus_tau_mean": 1.4972, "bus_tau_std": 5.5866, "bus_v_mean": 17.6703, "bus_v_std": 15.7848, "car_acc": 4.2503, "car_dcc": 3.6789, "car_lcAssertive": 66.6999, "car_lcCooperative": 0.397, "car_lcLookaheadLeft": 54.89, "car_lcPushy": 0.9344, "car_lcSigma": 0.0755, "car_lcSpeedGainRight": 2.1557, "car_lcSublane": 0.9916, "car_sigma": 0.7855, "car_tau_mean": 2.7702, "car_tau_std": 7.2289, "car_v_mean": 8.7005, "car_v_std": 17.0312}, "datetime": {"datetime": "2024-08-08 12:35:41", "elapsed": 2152.010844, "delta": 2.195248}}
{"target": -0.3993873398600421, "params": {"bus_acc": 3.4145, "bus_dcc": 2.2623, "bus_lcAssertive": 78.8177, "bus_lcCooperative": 0.9035, "bus_lcLookaheadLeft": 54.2467, "bus_lcPushy": 0.5499, "bus_lcSigma": 0.1258, "bus_lcSpeedGainRight": 0.2002, "bus_lcSublane": 0.095, "bus_sigma": 0.6068, "bus_tau_mean": 1.849, "bus_tau_std": 6.2024, "bus_v_mean": 21.0075, "bus_v_std": 13.0064, "car_acc": 4.1469, "car_dcc": 1.6799, "car_lcAssertive": 48.8692, "car_lcCooperative": 0.7847, "car_lcLookaheadLeft": 36.0958, "car_lcPushy": 0.3171, "car_lcSigma": 0.002, "car_lcSpeedGainRight": 4.1694, "car_lcSublane": 0.192, "car_sigma": 0.3431, "car_tau_mean": 0.6908, "car_tau_std": 0.6539, "car_v_mean": 13.9338, "car_v_std": 10.2663}, "datetime": {"datetime": "2024-08-08 12:35:46", "elapsed": 2156.096192, "delta": 4.085348}}
{"target": -0.27586878728983183, "params": {"bus_acc": 4.2556, "bus_dcc": 1.6256, "bus_lcAssertive": 70.2645, "bus_lcCooperative": 0.6381, "bus_lcLookaheadLeft": 33.0415, "bus_lcPushy": 0.8173, "bus_lcSigma": 0.3528, "bus_lcSpeedGainRight": 2.0568, "bus_lcSublane": 0.0181, "bus_sigma": 0.5806, "bus_tau_mean": 2.4717, "bus_tau_std": 4.8317, "bus_v_mean": 8.1379, "bus_v_std": 12.2283, "car_acc": 3.4807, "car_dcc": 1.462, "car_lcAssertive": 4.7473, "car_lcCooperative": 0.3869, "car_lcLookaheadLeft": 8.7341, "car_lcPushy": 0.2692, "car_lcSigma": 0.6293, "car_lcSpeedGainRight": 0.0145, "car_lcSublane": 0.9065, "car_sigma": 0.2497, "car_tau_mean": 3.7588, "car_tau_std": 3.2224, "car_v_mean": 19.4245, "car_v_std": 17.1456}, "datetime": {"datetime": "2024-08-08 12:35:47", "elapsed": 2158.014613, "delta": 1.918421}}
{"target": -0.3398773855730235, "params": {"bus_acc": 1.1699, "bus_dcc": 1.7536, "bus_lcAssertive": 32.8642, "bus_lcCooperative": 0.5721, "bus_lcLookaheadLeft": 53.6396, "bus_lcPushy": 0.7818, "bus_lcSigma": 0.3797, "bus_lcSpeedGainRight": 3.3536, "bus_lcSublane": 0.6461, "bus_sigma": 0.4965, "bus_tau_mean": 1.5, "bus_tau_std": 6.1259, "bus_v_mean": 18.3669, "bus_v_std": 14.8323, "car_acc": 2.2415, "car_dcc": 2.4727, "car_lcAssertive": 7.3172, "car_lcCooperative": 0.2323, "car_lcLookaheadLeft": 27.0715, "car_lcPushy": 0.7148, "car_lcSigma": 0.9386, "car_lcSpeedGainRight": 1.7444, "car_lcSublane": 0.3709, "car_sigma": 0.8934, "car_tau_mean": 3.9635, "car_tau_std": 7.2841, "car_v_mean": 16.1757, "car_v_std": 13.0889}, "datetime": {"datetime": "2024-08-08 12:35:50", "elapsed": 2160.183479, "delta": 2.168866}}
{"target": -0.37170998614749123, "params": {"bus_acc": 2.1489, "bus_dcc": 1.852, "bus_lcAssertive": 55.2759, "bus_lcCooperative": 0.6788, "bus_lcLookaheadLeft": 39.5923, "bus_lcPushy": 0.3039, "bus_lcSigma": 0.4513, "bus_lcSpeedGainRight": 3.7326, "bus_lcSublane": 0.1247, "bus_sigma": 0.1828, "bus_tau_mean": 1.595, "bus_tau_std": 0.5852, "bus_v_mean": 16.7374, "bus_v_std": 16.0319, "car_acc": 1.019, "car_dcc": 3.0755, "car_lcAssertive": 10.8749, "car_lcCooperative": 0.0191, "car_lcLookaheadLeft": 13.7879, "car_lcPushy": 0.701, "car_lcSigma": 0.0837, "car_lcSpeedGainRight": 3.4204, "car_lcSublane": 0.4361, "car_sigma": 0.116, "car_tau_mean": 2.2669, "car_tau_std": 3.1984, "car_v_mean": 23.0929, "car_v_std": 8.6479}, "datetime": {"datetime": "2024-08-08 12:35:52", "elapsed": 2162.16817, "delta": 1.984691}}
{"target": -0.37640883234027445, "params": {"bus_acc": 1.5645, "bus_dcc": 3.8176, "bus_lcAssertive": 87.1221, "bus_lcCooperative": 0.0801, "bus_lcLookaheadLeft": 82.8679, "bus_lcPushy": 0.3311, "bus_lcSigma": 0.011, "bus_lcSpeedGainRight": 1.851, "bus_lcSublane": 0.5963, "bus_sigma": 0.97, "bus_tau_mean": 3.2979, "bus_tau_std": 6.4763, "bus_v_mean": 22.0927, "bus_v_std": 0.2115, "car_acc": 2.3534, "car_dcc": 1.2086, "car_lcAssertive": 43.0405, "car_lcCooperative": 0.2517, "car_lcLookaheadLeft": 34.8053, "car_lcPushy": 0.3361, "car_lcSigma": 0.8548, "car_lcSpeedGainRight": 0.1826, "car_lcSublane": 0.0667, "car_sigma": 0.7439, "car_tau_mean": 3.3059, "car_tau_std": 6.7826, "car_v_mean": 15.9916, "car_v_std": 1.8159}, "datetime": {"datetime": "2024-08-08 12:35:55", "elapsed": 2165.87664, "delta": 3.70847}}
{"target": -0.33831818555447596, "params": {"bus_acc": 3.467, "bus_dcc": 3.8277, "bus_lcAssertive": 56.1696, "bus_lcCooperative": 0.1278, "bus_lcLookaheadLeft": 55.3141, "bus_lcPushy": 0.0873, "bus_lcSigma": 0.6439, "bus_lcSpeedGainRight": 0.9846, "bus_lcSublane": 0.1966, "bus_sigma": 0.8056, "bus_tau_mean": 1.6843, "bus_tau_std": 0.6889, "bus_v_mean": 11.963, "bus_v_std": 9.8147, "car_acc": 1.6544, "car_dcc": 2.4629, "car_lcAssertive": 69.7804, "car_lcCooperative": 0.6251, "car_lcLookaheadLeft": 80.9743, "car_lcPushy": 0.4321, "car_lcSigma": 0.5532, "car_lcSpeedGainRight": 2.5473, "car_lcSublane": 0.3067, "car_sigma": 0.8471, "car_tau_mean": 3.1238, "car_tau_std": 9.7591, "car_v_mean": 21.6385, "car_v_std": 17.3329}, "datetime": {"datetime": "2024-08-08 12:36:00", "elapsed": 2170.570466, "delta": 4.693826}}
{"target": -0.36968629767927774, "params": {"bus_acc": 4.4672, "bus_dcc": 3.1107, "bus_lcAssertive": 63.5844, "bus_lcCooperative": 0.1312, "bus_lcLookaheadLeft": 88.3034, "bus_lcPushy": 0.0522, "bus_lcSigma": 0.4436, "bus_lcSpeedGainRight": 0.4754, "bus_lcSublane": 0.8832, "bus_sigma": 0.9828, "bus_tau_mean": 3.5564, "bus_tau_std": 6.1558, "bus_v_mean": 12.4667, "bus_v_std": 19.7138, "car_acc": 4.2139, "car_dcc": 3.9893, "car_lcAssertive": 98.112, "car_lcCooperative": 0.7245, "car_lcLookaheadLeft": 20.7387, "car_lcPushy": 0.2154, "car_lcSigma": 0.2237, "car_lcSpeedGainRight": 2.7454, "car_lcSublane": 0.6878, "car_sigma": 0.5404, "car_tau_mean": 1.3555, "car_tau_std": 3.0869, "car_v_mean": 22.9763, "car_v_std": 7.1784}, "datetime": {"datetime": "2024-08-08 12:36:03", "elapsed": 2173.733447, "delta": 3.162981}}
{"target": -0.3462259719034902, "params": {"bus_acc": 2.1124, "bus_dcc": 1.0524, "bus_lcAssertive": 50.1393, "bus_lcCooperative": 0.0756, "bus_lcLookaheadLeft": 6.8664, "bus_lcPushy": 0.8844, "bus_lcSigma": 0.5399, "bus_lcSpeedGainRight": 3.2648, "bus_lcSublane": 0.3067, "bus_sigma": 0.3735, "bus_tau_mean": 1.9939, "bus_tau_std": 0.1477, "bus_v_mean": 10.1374, "bus_v_std": 12.7683, "car_acc": 3.4111, "car_dcc": 3.6813, "car_lcAssertive": 72.8751, "car_lcCooperative": 0.5126, "car_lcLookaheadLeft": 92.5466, "car_lcPushy": 0.1958, "car_lcSigma": 0.9428, "car_lcSpeedGainRight": 2.4677, "car_lcSublane": 0.4476, "car_sigma": 0.4072, "car_tau_mean": 2.9416, "car_tau_std": 1.7001, "car_v_mean": 13.0081, "car_v_std": 15.5947}, "datetime": {"datetime": "2024-08-08 12:36:05", "elapsed": 2175.739778, "delta": 2.006331}}
{"target": -0.390699661791473, "params": {"bus_acc": 4.6559, "bus_dcc": 1.1624, "bus_lcAssertive": 25.6372, "bus_lcCooperative": 0.8074, "bus_lcLookaheadLeft": 49.8557, "bus_lcPushy": 0.7508, "bus_lcSigma": 0.534, "bus_lcSpeedGainRight": 1.9667, "bus_lcSublane": 0.9599, "bus_sigma": 0.8632, "bus_tau_mean": 2.6248, "bus_tau_std": 6.9088, "bus_v_mean": 14.4608, "bus_v_std": 13.1018, "car_acc": 1.5302, "car_dcc": 3.5714, "car_lcAssertive": 77.716, "car_lcCooperative": 0.5181, "car_lcLookaheadLeft": 46.1781, "car_lcPushy": 0.5418, "car_lcSigma": 0.8877, "car_lcSpeedGainRight": 0.8207, "car_lcSublane": 0.7142, "car_sigma": 0.9316, "car_tau_mean": 3.5383, "car_tau_std": 7.7959, "car_v_mean": 12.6784, "car_v_std": 5.9808}, "datetime": {"datetime": "2024-08-08 12:36:07", "elapsed": 2177.415296, "delta": 1.675518}}
{"target": -0.31572142471458875, "params": {"bus_acc": 4.5075, "bus_dcc": 1.5061, "bus_lcAssertive": 51.4443, "bus_lcCooperative": 0.5561, "bus_lcLookaheadLeft": 75.4036, "bus_lcPushy": 0.5656, "bus_lcSigma": 0.2086, "bus_lcSpeedGainRight": 4.5776, "bus_lcSublane": 0.8298, "bus_sigma": 0.1349, "bus_tau_mean": 1.7994, "bus_tau_std": 4.382, "bus_v_mean": 23.3106, "bus_v_std": 17.2486, "car_acc": 2.9608, "car_dcc": 3.4796, "car_lcAssertive": 7.2446, "car_lcCooperative": 0.7361, "car_lcLookaheadLeft": 44.0588, "car_lcPushy": 0.8732, "car_lcSigma": 0.553, "car_lcSpeedGainRight": 2.1205, "car_lcSublane": 0.6774, "car_sigma": 0.8418, "car_tau_mean": 1.4347, "car_tau_std": 8.3918, "car_v_mean": 19.2869, "car_v_std": 19.4289}, "datetime": {"datetime": "2024-08-08 12:36:09", "elapsed": 2179.338629, "delta": 1.923333}}
{"target": -0.3741932877861879, "params": {"bus_acc": 2.6411, "bus_dcc": 1.5081, "bus_lcAssertive": 34.2676, "bus_lcCooperative": 0.8962, "bus_lcLookaheadLeft": 46.9567, "bus_lcPushy": 0.0961, "bus_lcSigma": 0.8318, "bus_lcSpeedGainRight": 2.7711, "bus_lcSublane": 0.5434, "bus_sigma": 0.407, "bus_tau_mean": 3.4419, "bus_tau_std": 8.4435, "bus_v_mean": 19.286, "bus_v_std": 15.4388, "car_acc": 1.5085, "car_dcc": 1.9018, "car_lcAssertive": 78.7523, "car_lcCooperative": 0.121, "car_lcLookaheadLeft": 52.8345, "car_lcPushy": 0.7458, "car_lcSigma": 0.0166, "car_lcSpeedGainRight": 3.8489, "car_lcSublane": 0.7552, "car_sigma": 0.1458, "car_tau_mean": 1.5949, "car_tau_std": 9.7831, "car_v_mean": 9.8246, "car_v_std": 11.5499}, "datetime": {"datetime": "2024-08-08 12:36:12", "elapsed": 2182.246311, "delta": 2.907682}}
{"target": -0.34147881982273653, "params": {"bus_acc": 4.181, "bus_dcc": 2.918, "bus_lcAssertive": 90.4928, "bus_lcCooperative": 0.3824, "bus_lcLookaheadLeft": 54.4648, "bus_lcPushy": 0.0449, "bus_lcSigma": 0.6079, "bus_lcSpeedGainRight": 4.2382, "bus_lcSublane": 0.0346, "bus_sigma": 0.5399, "bus_tau_mean": 0.5253, "bus_tau_std": 3.2894, "bus_v_mean": 18.1218, "bus_v_std": 8.9824, "car_acc": 3.0674, "car_dcc": 3.8062, "car_lcAssertive": 46.5919, "car_lcCooperative": 0.1462, "car_lcLookaheadLeft": 34.5904, "car_lcPushy": 0.032, "car_lcSigma": 0.6733, "car_lcSpeedGainRight": 4.8227, "car_lcSublane": 0.5532, "car_sigma": 0.1823, "car_tau_mean": 1.8755, "car_tau_std": 3.0332, "car_v_mean": 10.3596, "car_v_std": 16.0436}, "datetime": {"datetime": "2024-08-08 12:36:14", "elapsed": 2184.927044, "delta": 2.680733}}
