{"target": -0.04986622149297715, "params": {"bus_acc": 2.338465786906369, "bus_dcc": 1.7947586729884282, "bus_lcAssertive": 7.567148608415716, "bus_lcCooperative": 0.3700841979141063, "bus_lcLookaheadLeft": 63.71231568811332, "bus_lcPushy": 0.2101740099148396, "bus_lcSublane": 0.7527555537388139, "bus_tau_mean": 0.7328776847394023, "bus_tau_std": 2.6031509857854096, "bus_v_mean": 20.876073019893525, "bus_v_std": 1.9343428262332774, "car_acc": 2.2789217617598805, "car_dcc": 2.574010927371201, "car_lcAssertive": 92.55598906953571, "car_lcCooperative": 0.263296770487111, "car_lcLookaheadLeft": 8.46418688703433, "car_lcPushy": 0.7350659632886695, "car_lcSublane": 0.7721780295432468, "car_tau_mean": 3.677355483762334, "car_tau_std": 9.319720691968373, "car_v_mean": 8.223225167609552, "car_v_std": 2.3436208612142053}, "datetime": {"datetime": "2024-08-05 18:25:22", "elapsed": 174.300735, "delta": 1.25873}}
{"target": -0.05999707766941743, "params": {"bus_acc": 2.8708402280141234, "bus_dcc": 2.058037981755214, "bus_lcAssertive": 62.31982440397921, "bus_lcCooperative": 0.9806990363557802, "bus_lcLookaheadLeft": 65.05932717959888, "bus_lcPushy": 0.04549821604060378, "bus_lcSublane": 0.4635570909517118, "bus_tau_mean": 1.6716297029978233, "bus_tau_std": 5.321815485216747, "bus_v_mean": 12.555939337810102, "bus_v_std": 1.222612302300028, "car_acc": 2.3365779775016033, "car_dcc": 3.0440792646739188, "car_lcAssertive": 86.84679069990976, "car_lcCooperative": 0.13238149356273743, "car_lcLookaheadLeft": 80.26479021124703, "car_lcPushy": 0.826768738405129, "car_lcSublane": 0.6465499357511519, "car_tau_mean": 1.2172275102322185, "car_tau_std": 2.614207144058379, "car_v_mean": 14.69594908062681, "car_v_std": 5.417990727827313}, "datetime": {"datetime": "2024-08-05 18:25:24", "elapsed": 176.306701, "delta": 2.005966}}
{"target": -0.06153518241202336, "params": {"bus_acc": 2.5594885909652, "bus_dcc": 1.5242089384822224, "bus_lcAssertive": 34.85333079394279, "bus_lcCooperative": 0.14459772083809674, "bus_lcLookaheadLeft": 72.24353978634485, "bus_lcPushy": 0.6993076236968142, "bus_lcSublane": 0.6884973179489188, "bus_tau_mean": 1.3868861207020489, "bus_tau_std": 6.923601216234089, "bus_v_mean": 11.636760654655193, "bus_v_std": 4.246491159313397, "car_acc": 1.7438442433353745, "car_dcc": 2.0659237348603665, "car_lcAssertive": 6.7078259168843815, "car_lcCooperative": 0.6316466268659396, "car_lcLookaheadLeft": 71.31702706280655, "car_lcPushy": 0.6135886945028356, "car_lcSublane": 0.6483127561631246, "car_tau_mean": 1.0947924997604022, "car_tau_std": 1.4944679893886248, "car_v_mean": 16.226800696414124, "car_v_std": 8.75332726354539}, "datetime": {"datetime": "2024-08-05 18:25:25", "elapsed": 177.259521, "delta": 0.95282}}
{"target": -0.06351543402241591, "params": {"bus_acc": 1.3034497420639473, "bus_dcc": 2.917380546159715, "bus_lcAssertive": 57.00054914184882, "bus_lcCooperative": 0.468665837661252, "bus_lcLookaheadLeft": 43.947672007890475, "bus_lcPushy": 0.5992697556580301, "bus_lcSublane": 0.8499698885159654, "bus_tau_mean": 3.128923641301781, "bus_tau_std": 5.7936054029723305, "bus_v_mean": 22.79526690457645, "bus_v_std": 0.6473998344154885, "car_acc": 2.9826930174636184, "car_dcc": 1.1589836280039685, "car_lcAssertive": 20.750059067717572, "car_lcCooperative": 0.42275266164456093, "car_lcLookaheadLeft": 12.535869866146435, "car_lcPushy": 0.6236704109977018, "car_lcSublane": 0.047992564048867314, "car_tau_mean": 1.4961835835242976, "car_tau_std": 0.6103668111967109, "car_v_mean": 19.256309297681298, "car_v_std": 6.68456167589482}, "datetime": {"datetime": "2024-08-05 18:25:26", "elapsed": 178.173271, "delta": 0.91375}}
{"target": -0.057309966417103335, "params": {"bus_acc": 1.5193967865967062, "bus_dcc": 1.7712078964664402, "bus_lcAssertive": 63.598028425582655, "bus_lcCooperative": 0.34529746159108154, "bus_lcLookaheadLeft": 80.06569044471418, "bus_lcPushy": 0.44614623200345727, "bus_lcSublane": 0.7827494147841719, "bus_tau_mean": 3.9666512426834424, "bus_tau_std": 3.0024833953390004, "bus_v_mean": 10.28809325212959, "bus_v_std": 9.013084363492737, "car_acc": 2.0831187577747468, "car_dcc": 3.9242211125652466, "car_lcAssertive": 64.02383560018782, "car_lcCooperative": 0.9939130246104789, "car_lcLookaheadLeft": 55.514938806009255, "car_lcPushy": 0.5264259339055213, "car_lcSublane": 0.1354279030721699, "car_tau_mean": 1.7449680984435838, "car_tau_std": 0.26218567296373285, "car_v_mean": 10.566322872314386, "car_v_std": 7.456371927074961}, "datetime": {"datetime": "2024-08-05 18:25:37", "elapsed": 189.388031, "delta": 11.21476}}
{"target": -0.04012716700973764, "params": {"bus_acc": 2.535577955316346, "bus_dcc": 2.608025484218691, "bus_lcAssertive": 4.946132736909805, "bus_lcCooperative": 0.13479311796067905, "bus_lcLookaheadLeft": 20.954807103462, "bus_lcPushy": 0.3356638011646498, "bus_lcSublane": 0.05231294643747675, "bus_tau_mean": 2.6179087317512817, "bus_tau_std": 5.120610275239188, "bus_v_mean": 17.8793761922745, "bus_v_std": 4.32355594764344, "car_acc": 2.6954009364748757, "car_dcc": 2.362177168177454, "car_lcAssertive": 2.5249484594001688, "car_lcCooperative": 0.8730681484470995, "car_lcLookaheadLeft": 66.30775167892169, "car_lcPushy": 0.823003040648471, "car_lcSublane": 0.9517756930338517, "car_tau_mean": 0.6781933423091052, "car_tau_std": 2.3507186409101455, "car_v_mean": 9.013495095301437, "car_v_std": 4.216578860324509}, "datetime": {"datetime": "2024-08-05 18:25:41", "elapsed": 193.299248, "delta": 3.911217}}
{"target": -0.055352421103033164, "params": {"bus_acc": 1.0607993798575777, "bus_dcc": 2.099629291731233, "bus_lcAssertive": 86.37227903096637, "bus_lcCooperative": 0.6926777175073543, "bus_lcLookaheadLeft": 69.71232992248451, "bus_lcPushy": 0.18863680095531088, "bus_lcSublane": 0.44190428074842336, "bus_tau_mean": 2.5355209257050193, "bus_tau_std": 9.897517076637053, "bus_v_mean": 11.26249960372995, "bus_v_std": 2.4773290176235485, "car_acc": 1.5243461675458239, "car_dcc": 3.2505172398939783, "car_lcAssertive": 46.24055741613359, "car_lcCooperative": 0.05692943841109499, "car_lcLookaheadLeft": 51.83459157980348, "car_lcPushy": 0.21196016464367595, "car_lcSublane": 0.7986042447602102, "car_tau_mean": 1.5406598352754528, "car_tau_std": 0.2760601195450363, "car_v_mean": 17.494919191433937, "car_v_std": 8.438404289311888}, "datetime": {"datetime": "2024-08-05 18:25:49", "elapsed": 201.076963, "delta": 7.777715}}
{"target": -0.06126255347210159, "params": {"bus_acc": 1.6447149782654213, "bus_dcc": 1.745272738990597, "bus_lcAssertive": 50.05400315475811, "bus_lcCooperative": 0.8244596107976835, "bus_lcLookaheadLeft": 85.68929666433324, "bus_lcPushy": 0.5958299420587015, "bus_lcSublane": 0.24017373383106666, "bus_tau_mean": 1.1527244089543984, "bus_tau_std": 7.43390512402039, "bus_v_mean": 11.795424922296762, "bus_v_std": 5.394908909265497, "car_acc": 2.4985615742543836, "car_dcc": 1.6847473138461577, "car_lcAssertive": 18.27561756970166, "car_lcCooperative": 0.03973568657585125, "car_lcLookaheadLeft": 16.461746094594858, "car_lcPushy": 0.8514389069469908, "car_lcSublane": 0.10463591174495857, "car_tau_mean": 1.2827576593456123, "car_tau_std": 0.3275719974597713, "car_v_mean": 18.821706167220455, "car_v_std": 2.3170314146471958}, "datetime": {"datetime": "2024-08-05 18:25:59", "elapsed": 211.529551, "delta": 10.452588}}
{"target": -0.05205990016486645, "params": {"bus_acc": 2.0813, "bus_dcc": 3.0654, "bus_lcAssertive": 43.257, "bus_lcCooperative": 0.3961, "bus_lcLookaheadLeft": 43.1554, "bus_lcPushy": 0.1366, "bus_lcSublane": 0.5638, "bus_tau_mean": 2.97, "bus_tau_std": 7.6147, "bus_v_mean": 15.2615, "bus_v_std": 6.3701, "car_acc": 1.0175, "car_dcc": 2.9019, "car_lcAssertive": 17.6832, "car_lcCooperative": 0.9123, "car_lcLookaheadLeft": 79.5903, "car_lcPushy": 0.2807, "car_lcSublane": 0.1242, "car_tau_mean": 3.8111, "car_tau_std": 1.503, "car_v_mean": 23.4508, "car_v_std": 0.7482}, "datetime": {"datetime": "2024-08-05 18:26:02", "elapsed": 214.113352, "delta": 2.583801}}
{"target": -0.06345481845648891, "params": {"bus_acc": 1.3843, "bus_dcc": 2.3751, "bus_lcAssertive": 90.4209, "bus_lcCooperative": 0.0658, "bus_lcLookaheadLeft": 5.5775, "bus_lcPushy": 0.2017, "bus_lcSublane": 0.8103, "bus_tau_mean": 2.0419, "bus_tau_std": 2.9947, "bus_v_mean": 17.6031, "bus_v_std": 5.3718, "car_acc": 2.3962, "car_dcc": 1.1988, "car_lcAssertive": 13.0499, "car_lcCooperative": 0.345, "car_lcLookaheadLeft": 65.0659, "car_lcPushy": 0.8865, "car_lcSublane": 0.9917, "car_tau_mean": 3.8504, "car_tau_std": 7.8982, "car_v_mean": 22.2076, "car_v_std": 9.2149}, "datetime": {"datetime": "2024-08-05 18:26:08", "elapsed": 220.502211, "delta": 6.388859}}
{"target": -0.07306838538582809, "params": {"bus_acc": 2.353, "bus_dcc": 2.7528, "bus_lcAssertive": 46.0162, "bus_lcCooperative": 0.9519, "bus_lcLookaheadLeft": 14.0684, "bus_lcPushy": 0.361, "bus_lcSublane": 0.0221, "bus_tau_mean": 3.5706, "bus_tau_std": 8.5499, "bus_v_mean": 14.8, "bus_v_std": 3.5464, "car_acc": 2.1663, "car_dcc": 1.3651, "car_lcAssertive": 57.356, "car_lcCooperative": 0.9866, "car_lcLookaheadLeft": 80.8532, "car_lcPushy": 0.8493, "car_lcSublane": 0.1901, "car_tau_mean": 2.5502, "car_tau_std": 5.1933, "car_v_mean": 21.3946, "car_v_std": 2.7362}, "datetime": {"datetime": "2024-08-05 18:26:24", "elapsed": 236.051945, "delta": 15.549734}}
{"target": -0.05689241250533633, "params": {"bus_acc": 2.0267, "bus_dcc": 2.0343, "bus_lcAssertive": 42.8389, "bus_lcCooperative": 0.3121, "bus_lcLookaheadLeft": 38.4363, "bus_lcPushy": 0.7822, "bus_lcSublane": 0.8646, "bus_tau_mean": 2.2201, "bus_tau_std": 7.9325, "bus_v_mean": 15.5281, "bus_v_std": 2.4408, "car_acc": 1.1185, "car_dcc": 3.0579, "car_lcAssertive": 17.3681, "car_lcCooperative": 0.8553, "car_lcLookaheadLeft": 81.4266, "car_lcPushy": 0.6992, "car_lcSublane": 0.8596, "car_tau_mean": 3.4081, "car_tau_std": 8.5201, "car_v_mean": 22.05, "car_v_std": 0.9337}, "datetime": {"datetime": "2024-08-05 18:26:28", "elapsed": 240.43062, "delta": 4.378675}}
{"target": -0.06985379100790456, "params": {"bus_acc": 2.3194, "bus_dcc": 1.396, "bus_lcAssertive": 51.0405, "bus_lcCooperative": 0.1119, "bus_lcLookaheadLeft": 63.3601, "bus_lcPushy": 0.1972, "bus_lcSublane": 0.7624, "bus_tau_mean": 1.3535, "bus_tau_std": 0.1286, "bus_v_mean": 9.437, "bus_v_std": 9.3779, "car_acc": 2.005, "car_dcc": 2.804, "car_lcAssertive": 18.3525, "car_lcCooperative": 0.1427, "car_lcLookaheadLeft": 89.5702, "car_lcPushy": 0.4448, "car_lcSublane": 0.3556, "car_tau_mean": 1.7132, "car_tau_std": 7.4793, "car_v_mean": 19.8417, "car_v_std": 4.1037}, "datetime": {"datetime": "2024-08-05 18:26:42", "elapsed": 254.601272, "delta": 14.170652}}
{"target": -0.06248083406921592, "params": {"bus_acc": 1.9472, "bus_dcc": 1.5704, "bus_lcAssertive": 46.7442, "bus_lcCooperative": 0.4454, "bus_lcLookaheadLeft": 99.9808, "bus_lcPushy": 0.403, "bus_lcSublane": 0.2698, "bus_tau_mean": 3.1717, "bus_tau_std": 8.0405, "bus_v_mean": 10.6752, "bus_v_std": 9.5571, "car_acc": 1.3682, "car_dcc": 1.1695, "car_lcAssertive": 31.3652, "car_lcCooperative": 0.0955, "car_lcLookaheadLeft": 88.6766, "car_lcPushy": 0.7018, "car_lcSublane": 0.188, "car_tau_mean": 3.544, "car_tau_std": 4.1219, "car_v_mean": 20.8784, "car_v_std": 6.937}, "datetime": {"datetime": "2024-08-05 18:26:47", "elapsed": 258.957425, "delta": 4.356153}}
{"target": -0.06759617018758489, "params": {"bus_acc": 1.8115, "bus_dcc": 3.2114, "bus_lcAssertive": 13.3629, "bus_lcCooperative": 0.6118, "bus_lcLookaheadLeft": 12.3239, "bus_lcPushy": 0.615, "bus_lcSublane": 0.2243, "bus_tau_mean": 0.7094, "bus_tau_std": 6.3434, "bus_v_mean": 16.8961, "bus_v_std": 3.2682, "car_acc": 2.2986, "car_dcc": 1.3753, "car_lcAssertive": 46.3506, "car_lcCooperative": 0.7059, "car_lcLookaheadLeft": 41.7072, "car_lcPushy": 0.8826, "car_lcSublane": 0.5919, "car_tau_mean": 2.4075, "car_tau_std": 1.876, "car_v_mean": 16.015, "car_v_std": 7.7159}, "datetime": {"datetime": "2024-08-05 18:26:53", "elapsed": 264.823678, "delta": 5.866253}}
{"target": -0.06861135680716911, "params": {"bus_acc": 1.5396, "bus_dcc": 1.8063, "bus_lcAssertive": 62.3455, "bus_lcCooperative": 0.5323, "bus_lcLookaheadLeft": 90.1406, "bus_lcPushy": 0.7963, "bus_lcSublane": 0.4672, "bus_tau_mean": 3.1199, "bus_tau_std": 5.3499, "bus_v_mean": 13.9884, "bus_v_std": 4.1444, "car_acc": 1.9131, "car_dcc": 2.0006, "car_lcAssertive": 17.8961, "car_lcCooperative": 0.3012, "car_lcLookaheadLeft": 48.4903, "car_lcPushy": 0.281, "car_lcSublane": 0.3855, "car_tau_mean": 3.1199, "car_tau_std": 7.5415, "car_v_mean": 22.5314, "car_v_std": 1.9947}, "datetime": {"datetime": "2024-08-05 18:26:56", "elapsed": 268.490028, "delta": 3.66635}}
{"target": -0.06538907849777247, "params": {"bus_acc": 2.6613, "bus_dcc": 1.4219, "bus_lcAssertive": 43.8536, "bus_lcCooperative": 0.2084, "bus_lcLookaheadLeft": 44.4241, "bus_lcPushy": 0.9242, "bus_lcSublane": 0.9923, "bus_tau_mean": 0.6887, "bus_tau_std": 7.7325, "bus_v_mean": 16.7408, "bus_v_std": 4.2547, "car_acc": 2.1556, "car_dcc": 2.3543, "car_lcAssertive": 21.7949, "car_lcCooperative": 0.0149, "car_lcLookaheadLeft": 81.4621, "car_lcPushy": 0.1559, "car_lcSublane": 0.7516, "car_tau_mean": 3.1702, "car_tau_std": 5.786, "car_v_mean": 16.6496, "car_v_std": 3.9327}, "datetime": {"datetime": "2024-08-05 18:26:59", "elapsed": 271.514992, "delta": 3.024964}}
{"target": -0.07119013866116998, "params": {"bus_acc": 1.1936, "bus_dcc": 2.9081, "bus_lcAssertive": 57.6894, "bus_lcCooperative": 0.8027, "bus_lcLookaheadLeft": 99.4255, "bus_lcPushy": 0.0282, "bus_lcSublane": 0.1568, "bus_tau_mean": 3.4802, "bus_tau_std": 1.2183, "bus_v_mean": 11.904, "bus_v_std": 9.9232, "car_acc": 1.7262, "car_dcc": 2.6005, "car_lcAssertive": 25.2886, "car_lcCooperative": 0.3773, "car_lcLookaheadLeft": 93.4461, "car_lcPushy": 0.6673, "car_lcSublane": 0.6038, "car_tau_mean": 2.1937, "car_tau_std": 4.0189, "car_v_mean": 22.9112, "car_v_std": 2.0097}, "datetime": {"datetime": "2024-08-05 18:27:02", "elapsed": 274.169552, "delta": 2.65456}}
{"target": -0.07114864014231437, "params": {"bus_acc": 2.6095, "bus_dcc": 2.2731, "bus_lcAssertive": 73.3147, "bus_lcCooperative": 0.9453, "bus_lcLookaheadLeft": 40.2193, "bus_lcPushy": 0.0358, "bus_lcSublane": 0.0707, "bus_tau_mean": 2.655, "bus_tau_std": 1.6997, "bus_v_mean": 17.8117, "bus_v_std": 0.6921, "car_acc": 2.3001, "car_dcc": 2.1323, "car_lcAssertive": 53.1729, "car_lcCooperative": 0.5648, "car_lcLookaheadLeft": 66.771, "car_lcPushy": 0.1451, "car_lcSublane": 0.7526, "car_tau_mean": 3.6577, "car_tau_std": 7.7941, "car_v_mean": 22.9908, "car_v_std": 4.0697}, "datetime": {"datetime": "2024-08-05 18:27:05", "elapsed": 277.632498, "delta": 3.462946}}
{"target": -0.05959714453229022, "params": {"bus_acc": 1.2509, "bus_dcc": 2.4736, "bus_lcAssertive": 56.7985, "bus_lcCooperative": 0.0806, "bus_lcLookaheadLeft": 12.3997, "bus_lcPushy": 0.7583, "bus_lcSublane": 0.03, "bus_tau_mean": 3.1212, "bus_tau_std": 2.3537, "bus_v_mean": 10.6212, "bus_v_std": 8.9777, "car_acc": 2.5987, "car_dcc": 2.9205, "car_lcAssertive": 61.8833, "car_lcCooperative": 0.3988, "car_lcLookaheadLeft": 91.7819, "car_lcPushy": 0.8968, "car_lcSublane": 0.5787, "car_tau_mean": 2.8572, "car_tau_std": 0.5519, "car_v_mean": 13.3631, "car_v_std": 3.4183}, "datetime": {"datetime": "2024-08-05 18:27:09", "elapsed": 280.914823, "delta": 3.282325}}
{"target": -0.061642821847204037, "params": {"bus_acc": 2.6669, "bus_dcc": 2.7248, "bus_lcAssertive": 57.8392, "bus_lcCooperative": 0.602, "bus_lcLookaheadLeft": 17.8891, "bus_lcPushy": 0.96, "bus_lcSublane": 0.5664, "bus_tau_mean": 2.7636, "bus_tau_std": 0.7348, "bus_v_mean": 14.0037, "bus_v_std": 4.5889, "car_acc": 2.212, "car_dcc": 2.6753, "car_lcAssertive": 62.1971, "car_lcCooperative": 0.9113, "car_lcLookaheadLeft": 98.802, "car_lcPushy": 0.0226, "car_lcSublane": 0.2732, "car_tau_mean": 3.6531, "car_tau_std": 8.0971, "car_v_mean": 17.4878, "car_v_std": 6.0702}, "datetime": {"datetime": "2024-08-05 18:27:12", "elapsed": 284.251197, "delta": 3.336374}}
{"target": -0.06894659288176391, "params": {"bus_acc": 2.3046, "bus_dcc": 1.0, "bus_lcAssertive": 46.9603, "bus_lcCooperative": 0.6777, "bus_lcLookaheadLeft": 34.1132, "bus_lcPushy": 0.7308, "bus_lcSublane": 0.5928, "bus_tau_mean": 2.8398, "bus_tau_std": 3.4224, "bus_v_mean": 21.2262, "bus_v_std": 3.6327, "car_acc": 1.9126, "car_dcc": 3.292, "car_lcAssertive": 8.2683, "car_lcCooperative": 0.6105, "car_lcLookaheadLeft": 82.0737, "car_lcPushy": 0.6027, "car_lcSublane": 0.5176, "car_tau_mean": 2.0637, "car_tau_std": 5.9972, "car_v_mean": 19.4848, "car_v_std": 3.1589}, "datetime": {"datetime": "2024-08-05 18:27:15", "elapsed": 286.995779, "delta": 2.744582}}
{"target": -0.06604245433165477, "params": {"bus_acc": 2.9192, "bus_dcc": 2.9375, "bus_lcAssertive": 68.9067, "bus_lcCooperative": 0.8424, "bus_lcLookaheadLeft": 62.2779, "bus_lcPushy": 0.8961, "bus_lcSublane": 0.69, "bus_tau_mean": 1.1553, "bus_tau_std": 9.1998, "bus_v_mean": 23.6062, "bus_v_std": 9.729, "car_acc": 2.008, "car_dcc": 3.7318, "car_lcAssertive": 92.9222, "car_lcCooperative": 0.5579, "car_lcLookaheadLeft": 30.9857, "car_lcPushy": 0.0952, "car_lcSublane": 0.9735, "car_tau_mean": 1.4503, "car_tau_std": 3.1708, "car_v_mean": 18.9778, "car_v_std": 2.9568}, "datetime": {"datetime": "2024-08-05 18:27:20", "elapsed": 292.079328, "delta": 5.083549}}
{"target": -0.058977116240345275, "params": {"bus_acc": 1.6832, "bus_dcc": 1.397, "bus_lcAssertive": 30.0508, "bus_lcCooperative": 0.3811, "bus_lcLookaheadLeft": 66.5777, "bus_lcPushy": 0.5942, "bus_lcSublane": 1.0, "bus_tau_mean": 3.1696, "bus_tau_std": 7.0034, "bus_v_mean": 10.9587, "bus_v_std": 8.7308, "car_acc": 1.0322, "car_dcc": 4.0, "car_lcAssertive": 15.1711, "car_lcCooperative": 0.9052, "car_lcLookaheadLeft": 97.3944, "car_lcPushy": 0.8843, "car_lcSublane": 0.2694, "car_tau_mean": 2.0452, "car_tau_std": 4.2862, "car_v_mean": 18.36, "car_v_std": 3.8351}, "datetime": {"datetime": "2024-08-05 18:27:22", "elapsed": 294.471182, "delta": 2.391854}}
{"target": -0.06035570302342086, "params": {"bus_acc": 1.5851, "bus_dcc": 3.7667, "bus_lcAssertive": 34.9004, "bus_lcCooperative": 0.7046, "bus_lcLookaheadLeft": 98.1546, "bus_lcPushy": 0.1618, "bus_lcSublane": 0.6837, "bus_tau_mean": 3.9393, "bus_tau_std": 3.3538, "bus_v_mean": 22.1858, "bus_v_std": 5.643, "car_acc": 1.2332, "car_dcc": 1.4751, "car_lcAssertive": 21.2856, "car_lcCooperative": 0.1809, "car_lcLookaheadLeft": 57.0941, "car_lcPushy": 0.1414, "car_lcSublane": 0.8866, "car_tau_mean": 2.3405, "car_tau_std": 3.771, "car_v_mean": 22.4384, "car_v_std": 6.6751}, "datetime": {"datetime": "2024-08-05 18:27:25", "elapsed": 297.104228, "delta": 2.633046}}
{"target": -0.06342572482839273, "params": {"bus_acc": 1.1869, "bus_dcc": 1.6508, "bus_lcAssertive": 41.906, "bus_lcCooperative": 0.2946, "bus_lcLookaheadLeft": 44.8262, "bus_lcPushy": 0.5031, "bus_lcSublane": 0.5511, "bus_tau_mean": 2.8979, "bus_tau_std": 1.7638, "bus_v_mean": 14.1992, "bus_v_std": 8.958, "car_acc": 2.862, "car_dcc": 2.2665, "car_lcAssertive": 20.4147, "car_lcCooperative": 0.5253, "car_lcLookaheadLeft": 85.9857, "car_lcPushy": 0.7742, "car_lcSublane": 0.34, "car_tau_mean": 3.9534, "car_tau_std": 6.4755, "car_v_mean": 20.7673, "car_v_std": 6.1641}, "datetime": {"datetime": "2024-08-05 18:27:27", "elapsed": 299.637442, "delta": 2.533214}}
{"target": -0.05620857692787086, "params": {"bus_acc": 2.4722, "bus_dcc": 2.2069, "bus_lcAssertive": 34.3524, "bus_lcCooperative": 0.5413, "bus_lcLookaheadLeft": 66.5302, "bus_lcPushy": 0.0987, "bus_lcSublane": 1.0, "bus_tau_mean": 3.8951, "bus_tau_std": 7.9437, "bus_v_mean": 8.7472, "bus_v_std": 7.2718, "car_acc": 1.0747, "car_dcc": 4.0, "car_lcAssertive": 16.6822, "car_lcCooperative": 0.766, "car_lcLookaheadLeft": 97.8449, "car_lcPushy": 0.7901, "car_lcSublane": 0.0967, "car_tau_mean": 2.0218, "car_tau_std": 2.9225, "car_v_mean": 21.3788, "car_v_std": 5.2575}, "datetime": {"datetime": "2024-08-05 18:27:31", "elapsed": 302.80114, "delta": 3.163698}}
{"target": -0.0695762351678577, "params": {"bus_acc": 1.5805959941237364, "bus_dcc": 1.650674462835386, "bus_lcAssertive": 2.654843318623637, "bus_lcCooperative": 0.3986590599223787, "bus_lcLookaheadLeft": 39.345986146758335, "bus_lcPushy": 0.6593449361953647, "bus_lcSublane": 0.07091840047038722, "bus_tau_mean": 1.0341139546479514, "bus_tau_std": 0.16575882900934147, "bus_v_mean": 9.82074170315851, "bus_v_std": 6.517892760100904, "car_acc": 1.8053137043498384, "car_dcc": 1.9630789425019475, "car_lcAssertive": 56.23328743013347, "car_lcCooperative": 0.9934604630998499, "car_lcLookaheadLeft": 83.7796783737669, "car_lcPushy": 0.6996231823995839, "car_lcSublane": 0.9182585891320579, "car_tau_mean": 0.6390504733907969, "car_tau_std": 0.7033344161552524, "car_v_mean": 15.584100639808874, "car_v_std": 3.4916741295707734}, "datetime": {"datetime": "2024-08-05 18:27:33", "elapsed": 305.647386, "delta": 2.846246}}
{"target": -0.046579903096871364, "params": {"bus_acc": 2.9389, "bus_dcc": 4.0, "bus_lcAssertive": 87.8136, "bus_lcCooperative": 1.0, "bus_lcLookaheadLeft": 2.0, "bus_lcPushy": 0.0, "bus_lcSublane": 0.3474, "bus_tau_mean": 0.5, "bus_tau_std": 10.0, "bus_v_mean": 8.661, "bus_v_std": 0.0, "car_acc": 3.0, "car_dcc": 2.5873, "car_lcAssertive": 21.8697, "car_lcCooperative": 1.0, "car_lcLookaheadLeft": 100.0, "car_lcPushy": 1.0, "car_lcSublane": 0.2681, "car_tau_mean": 2.9097, "car_tau_std": 10.0, "car_v_mean": 8.0, "car_v_std": 10.0}, "datetime": {"datetime": "2024-08-05 18:27:38", "elapsed": 310.122903, "delta": 4.475517}}
