{"target": -0.35055132450230797, "params": {"bus_acc": 1.7114, "bus_dcc": 1.2104, "bus_lcAssertive": 58.462, "bus_lcCooperative": 0.9687, "bus_lcLookaheadLeft": 39.9823, "bus_lcPushy": 0.0871, "bus_lcSigma": 0.1885, "bus_lcSublane": 0.9993, "bus_sigma": 0.678, "bus_tau_mean": 2.8726, "bus_tau_std": 1.9579, "bus_v_mean": 11.359, "bus_v_std": 1.4103, "car_acc": 1.134, "car_dcc": 2.7996, "car_lcAssertive": 43.2676, "car_lcCooperative": 0.2429, "car_lcLookaheadLeft": 35.3498, "car_lcPushy": 0.8385, "car_lcSigma": 0.9486, "car_lcSublane": 0.2863, "car_sigma": 0.9974, "car_tau_mean": 3.57, "car_tau_std": 8.3954, "car_v_mean": 9.2279, "car_v_std": 0.343}, "datetime": {"datetime": "2024-08-07 10:22:41", "elapsed": 3264.086741, "delta": 7.059345}}
{"target": -0.3450543474497775, "params": {"bus_acc": 1.8251, "bus_dcc": 2.554, "bus_lcAssertive": 56.22, "bus_lcCooperative": 0.8664, "bus_lcLookaheadLeft": 17.5385, "bus_lcPushy": 0.123, "bus_lcSigma": 0.1996, "bus_lcSublane": 0.1174, "bus_sigma": 0.0143, "bus_tau_mean": 2.9568, "bus_tau_std": 5.0729, "bus_v_mean": 13.8753, "bus_v_std": 2.4435, "car_acc": 2.2044, "car_dcc": 2.0541, "car_lcAssertive": 39.6939, "car_lcCooperative": 0.0887, "car_lcLookaheadLeft": 28.9095, "car_lcPushy": 0.2134, "car_lcSigma": 0.7597, "car_lcSublane": 0.8186, "car_sigma": 0.6982, "car_tau_mean": 2.5494, "car_tau_std": 8.2491, "car_v_mean": 16.1896, "car_v_std": 3.4985}, "datetime": {"datetime": "2024-08-07 10:23:05", "elapsed": 3287.549227, "delta": 23.462486}}
{"target": -0.3949127992242002, "params": {"bus_acc": 2.8817, "bus_dcc": 2.0668, "bus_lcAssertive": 77.4517, "bus_lcCooperative": 0.3206, "bus_lcLookaheadLeft": 25.409, "bus_lcPushy": 0.4844, "bus_lcSigma": 0.905, "bus_lcSublane": 0.0688, "bus_sigma": 0.3679, "bus_tau_mean": 3.2144, "bus_tau_std": 5.1244, "bus_v_mean": 16.1155, "bus_v_std": 9.0131, "car_acc": 2.5712, "car_dcc": 2.258, "car_lcAssertive": 56.217, "car_lcCooperative": 0.581, "car_lcLookaheadLeft": 37.0319, "car_lcPushy": 0.5846, "car_lcSigma": 0.9686, "car_lcSublane": 0.2422, "car_sigma": 0.7669, "car_tau_mean": 3.7602, "car_tau_std": 5.0854, "car_v_mean": 20.6484, "car_v_std": 0.8885}, "datetime": {"datetime": "2024-08-07 10:23:18", "elapsed": 3300.947139, "delta": 13.397912}}
{"target": -0.40945068479055463, "params": {"bus_acc": 2.5733, "bus_dcc": 1.0651, "bus_lcAssertive": 93.6197, "bus_lcCooperative": 0.6698, "bus_lcLookaheadLeft": 37.6416, "bus_lcPushy": 0.7877, "bus_lcSigma": 0.9261, "bus_lcSublane": 0.1801, "bus_sigma": 0.9398, "bus_tau_mean": 3.611, "bus_tau_std": 5.3503, "bus_v_mean": 17.2245, "bus_v_std": 3.1435, "car_acc": 1.343, "car_dcc": 1.0035, "car_lcAssertive": 46.72, "car_lcCooperative": 0.1027, "car_lcLookaheadLeft": 69.7526, "car_lcPushy": 0.4246, "car_lcSigma": 0.6894, "car_lcSublane": 0.4132, "car_sigma": 0.9326, "car_tau_mean": 2.4448, "car_tau_std": 2.4639, "car_v_mean": 21.7081, "car_v_std": 3.9717}, "datetime": {"datetime": "2024-08-07 10:23:29", "elapsed": 3312.382651, "delta": 11.435512}}
{"target": -0.37331147497541317, "params": {"bus_acc": 1.3123, "bus_dcc": 3.2926, "bus_lcAssertive": 63.5306, "bus_lcCooperative": 0.2746, "bus_lcLookaheadLeft": 52.7512, "bus_lcPushy": 0.218, "bus_lcSigma": 0.9549, "bus_lcSublane": 0.9857, "bus_sigma": 0.0353, "bus_tau_mean": 3.8644, "bus_tau_std": 3.7612, "bus_v_mean": 14.7175, "bus_v_std": 3.4655, "car_acc": 2.5524, "car_dcc": 3.7768, "car_lcAssertive": 19.2603, "car_lcCooperative": 0.1469, "car_lcLookaheadLeft": 6.805, "car_lcPushy": 0.5411, "car_lcSigma": 0.1879, "car_lcSublane": 0.3544, "car_sigma": 0.5726, "car_tau_mean": 2.6783, "car_tau_std": 2.4427, "car_v_mean": 11.9816, "car_v_std": 5.6535}, "datetime": {"datetime": "2024-08-07 10:24:01", "elapsed": 3343.577136, "delta": 31.194485}}
{"target": -0.3415262100375198, "params": {"bus_acc": 1.4402, "bus_dcc": 3.2474, "bus_lcAssertive": 6.4381, "bus_lcCooperative": 0.2826, "bus_lcLookaheadLeft": 37.4185, "bus_lcPushy": 0.2208, "bus_lcSigma": 0.7254, "bus_lcSublane": 0.0129, "bus_sigma": 0.0484, "bus_tau_mean": 0.9578, "bus_tau_std": 4.5033, "bus_v_mean": 13.4794, "bus_v_std": 3.9578, "car_acc": 2.2036, "car_dcc": 3.1901, "car_lcAssertive": 78.9229, "car_lcCooperative": 0.014, "car_lcLookaheadLeft": 11.8593, "car_lcPushy": 0.5851, "car_lcSigma": 0.9518, "car_lcSublane": 0.2323, "car_sigma": 0.0087, "car_tau_mean": 3.027, "car_tau_std": 1.0272, "car_v_mean": 21.0386, "car_v_std": 3.1195}, "datetime": {"datetime": "2024-08-07 10:24:06", "elapsed": 3348.810556, "delta": 5.23342}}
{"target": -0.36240899254626424, "params": {"bus_acc": 1.0923, "bus_dcc": 2.5022, "bus_lcAssertive": 42.1979, "bus_lcCooperative": 0.7083, "bus_lcLookaheadLeft": 91.5002, "bus_lcPushy": 0.3056, "bus_lcSigma": 0.7936, "bus_lcSublane": 0.74, "bus_sigma": 0.9356, "bus_tau_mean": 3.649, "bus_tau_std": 8.1446, "bus_v_mean": 19.9403, "bus_v_std": 8.5812, "car_acc": 1.973, "car_dcc": 2.8177, "car_lcAssertive": 54.6785, "car_lcCooperative": 0.6819, "car_lcLookaheadLeft": 3.1774, "car_lcPushy": 0.5251, "car_lcSigma": 0.748, "car_lcSublane": 0.8346, "car_sigma": 0.3615, "car_tau_mean": 2.7324, "car_tau_std": 5.9679, "car_v_mean": 20.0885, "car_v_std": 3.8304}, "datetime": {"datetime": "2024-08-07 10:24:31", "elapsed": 3374.284683, "delta": 25.474127}}
{"target": -0.38386927667990245, "params": {"bus_acc": 2.1529, "bus_dcc": 1.7214, "bus_lcAssertive": 75.9235, "bus_lcCooperative": 0.7238, "bus_lcLookaheadLeft": 5.9807, "bus_lcPushy": 0.9917, "bus_lcSigma": 0.7667, "bus_lcSublane": 0.9976, "bus_sigma": 0.576, "bus_tau_mean": 3.2329, "bus_tau_std": 0.6832, "bus_v_mean": 18.2044, "bus_v_std": 0.8328, "car_acc": 1.1782, "car_dcc": 1.8659, "car_lcAssertive": 26.2769, "car_lcCooperative": 0.0078, "car_lcLookaheadLeft": 28.9099, "car_lcPushy": 0.4773, "car_lcSigma": 0.181, "car_lcSublane": 0.6961, "car_sigma": 0.9532, "car_tau_mean": 3.942, "car_tau_std": 3.1248, "car_v_mean": 15.0471, "car_v_std": 6.8792}, "datetime": {"datetime": "2024-08-07 10:25:00", "elapsed": 3403.110509, "delta": 28.825826}}
{"target": -0.36172041501240865, "params": {"bus_acc": 1.5578, "bus_dcc": 2.6086, "bus_lcAssertive": 68.9448, "bus_lcCooperative": 0.6907, "bus_lcLookaheadLeft": 36.422, "bus_lcPushy": 0.5398, "bus_lcSigma": 0.2365, "bus_lcSublane": 0.5881, "bus_sigma": 0.7208, "bus_tau_mean": 1.8073, "bus_tau_std": 6.1908, "bus_v_mean": 13.3022, "bus_v_std": 3.4179, "car_acc": 2.9659, "car_dcc": 2.1861, "car_lcAssertive": 42.5692, "car_lcCooperative": 0.2401, "car_lcLookaheadLeft": 19.1299, "car_lcPushy": 0.8879, "car_lcSigma": 0.4138, "car_lcSublane": 0.0414, "car_sigma": 0.0041, "car_tau_mean": 1.3356, "car_tau_std": 5.5243, "car_v_mean": 22.0394, "car_v_std": 2.2948}, "datetime": {"datetime": "2024-08-07 10:25:34", "elapsed": 3437.080521, "delta": 33.970012}}
{"target": -0.409257954383234, "params": {"bus_acc": 2.9481, "bus_dcc": 2.0459, "bus_lcAssertive": 79.8056, "bus_lcCooperative": 0.4385, "bus_lcLookaheadLeft": 66.0231, "bus_lcPushy": 0.9259, "bus_lcSigma": 0.0323, "bus_lcSublane": 0.0857, "bus_sigma": 0.8033, "bus_tau_mean": 3.0158, "bus_tau_std": 9.2555, "bus_v_mean": 10.7892, "bus_v_std": 2.0909, "car_acc": 2.9756, "car_dcc": 2.3906, "car_lcAssertive": 89.2468, "car_lcCooperative": 0.4257, "car_lcLookaheadLeft": 64.9676, "car_lcPushy": 0.5731, "car_lcSigma": 0.1382, "car_lcSublane": 0.5971, "car_sigma": 0.4225, "car_tau_mean": 1.0503, "car_tau_std": 0.4446, "car_v_mean": 23.6259, "car_v_std": 3.0618}, "datetime": {"datetime": "2024-08-07 10:25:47", "elapsed": 3449.964042, "delta": 12.883521}}
{"target": -0.35144369026867406, "params": {"bus_acc": 1.7708, "bus_dcc": 3.9571, "bus_lcAssertive": 16.0347, "bus_lcCooperative": 0.5198, "bus_lcLookaheadLeft": 47.7826, "bus_lcPushy": 0.532, "bus_lcSigma": 0.3457, "bus_lcSublane": 0.4084, "bus_sigma": 0.7891, "bus_tau_mean": 3.1341, "bus_tau_std": 0.2367, "bus_v_mean": 9.6195, "bus_v_std": 9.7364, "car_acc": 1.7733, "car_dcc": 3.4473, "car_lcAssertive": 83.4555, "car_lcCooperative": 0.107, "car_lcLookaheadLeft": 20.1216, "car_lcPushy": 0.2507, "car_lcSigma": 0.1496, "car_lcSublane": 0.8504, "car_sigma": 0.1547, "car_tau_mean": 2.2658, "car_tau_std": 6.6103, "car_v_mean": 16.394, "car_v_std": 2.3458}, "datetime": {"datetime": "2024-08-07 10:25:53", "elapsed": 3456.015203, "delta": 6.051161}}
{"target": -0.3721126304658219, "params": {"bus_acc": 1.1139, "bus_dcc": 3.9171, "bus_lcAssertive": 10.7545, "bus_lcCooperative": 0.5982, "bus_lcLookaheadLeft": 65.9838, "bus_lcPushy": 0.0233, "bus_lcSigma": 0.8283, "bus_lcSublane": 0.9604, "bus_sigma": 0.5975, "bus_tau_mean": 1.5206, "bus_tau_std": 7.8776, "bus_v_mean": 16.4738, "bus_v_std": 6.3174, "car_acc": 1.4258, "car_dcc": 3.2598, "car_lcAssertive": 87.5334, "car_lcCooperative": 0.9456, "car_lcLookaheadLeft": 30.1269, "car_lcPushy": 0.9813, "car_lcSigma": 0.7162, "car_lcSublane": 0.0816, "car_sigma": 0.7296, "car_tau_mean": 0.9142, "car_tau_std": 5.0807, "car_v_mean": 13.3157, "car_v_std": 4.8072}, "datetime": {"datetime": "2024-08-07 10:25:58", "elapsed": 3460.823267, "delta": 4.808064}}
{"target": -0.3971321511120637, "params": {"bus_acc": 2.8816, "bus_dcc": 2.1787, "bus_lcAssertive": 62.6747, "bus_lcCooperative": 0.0089, "bus_lcLookaheadLeft": 35.8235, "bus_lcPushy": 0.2832, "bus_lcSigma": 0.5971, "bus_lcSublane": 0.4987, "bus_sigma": 0.3686, "bus_tau_mean": 1.266, "bus_tau_std": 8.3454, "bus_v_mean": 17.1605, "bus_v_std": 3.3229, "car_acc": 1.8517, "car_dcc": 1.6305, "car_lcAssertive": 14.5097, "car_lcCooperative": 0.9149, "car_lcLookaheadLeft": 36.292, "car_lcPushy": 0.6033, "car_lcSigma": 0.3676, "car_lcSublane": 0.6308, "car_sigma": 0.6942, "car_tau_mean": 2.4664, "car_tau_std": 2.4414, "car_v_mean": 20.7396, "car_v_std": 3.4565}, "datetime": {"datetime": "2024-08-07 10:26:45", "elapsed": 3508.429651, "delta": 47.606384}}
{"target": -0.3326160871712004, "params": {"bus_acc": 2.5039, "bus_dcc": 3.4107, "bus_lcAssertive": 12.5913, "bus_lcCooperative": 0.1136, "bus_lcLookaheadLeft": 13.2104, "bus_lcPushy": 0.6093, "bus_lcSigma": 0.7052, "bus_lcSublane": 0.6078, "bus_sigma": 0.0099, "bus_tau_mean": 2.9707, "bus_tau_std": 6.9605, "bus_v_mean": 23.3228, "bus_v_std": 9.7543, "car_acc": 1.7609, "car_dcc": 1.4262, "car_lcAssertive": 97.5116, "car_lcCooperative": 0.238, "car_lcLookaheadLeft": 51.9366, "car_lcPushy": 0.1854, "car_lcSigma": 0.5585, "car_lcSublane": 0.4438, "car_sigma": 0.4224, "car_tau_mean": 3.4894, "car_tau_std": 1.6414, "car_v_mean": 19.8972, "car_v_std": 4.241}, "datetime": {"datetime": "2024-08-07 10:26:53", "elapsed": 3516.200268, "delta": 7.770617}}
{"target": -0.3752741221435997, "params": {"bus_acc": 2.8369, "bus_dcc": 2.8504, "bus_lcAssertive": 43.9046, "bus_lcCooperative": 0.1917, "bus_lcLookaheadLeft": 56.7337, "bus_lcPushy": 0.6902, "bus_lcSigma": 0.1671, "bus_lcSublane": 0.1861, "bus_sigma": 0.581, "bus_tau_mean": 1.0149, "bus_tau_std": 0.3769, "bus_v_mean": 14.854, "bus_v_std": 0.2195, "car_acc": 2.2632, "car_dcc": 2.9028, "car_lcAssertive": 21.9431, "car_lcCooperative": 0.376, "car_lcLookaheadLeft": 15.3771, "car_lcPushy": 0.8108, "car_lcSigma": 0.4399, "car_lcSublane": 0.3972, "car_sigma": 0.2939, "car_tau_mean": 3.9625, "car_tau_std": 6.7595, "car_v_mean": 11.2924, "car_v_std": 9.2998}, "datetime": {"datetime": "2024-08-07 10:27:06", "elapsed": 3528.938791, "delta": 12.738523}}
{"target": -0.3906872877740154, "params": {"bus_acc": 1.1587, "bus_dcc": 2.5568, "bus_lcAssertive": 72.9961, "bus_lcCooperative": 0.2073, "bus_lcLookaheadLeft": 13.5724, "bus_lcPushy": 0.0382, "bus_lcSigma": 0.9563, "bus_lcSublane": 0.1483, "bus_sigma": 0.5251, "bus_tau_mean": 1.3124, "bus_tau_std": 0.7214, "bus_v_mean": 21.4663, "bus_v_std": 2.6739, "car_acc": 1.1229, "car_dcc": 2.2668, "car_lcAssertive": 78.6581, "car_lcCooperative": 0.8466, "car_lcLookaheadLeft": 15.0535, "car_lcPushy": 0.0425, "car_lcSigma": 0.9323, "car_lcSublane": 0.6764, "car_sigma": 0.9814, "car_tau_mean": 0.7317, "car_tau_std": 6.7942, "car_v_mean": 18.2902, "car_v_std": 0.8755}, "datetime": {"datetime": "2024-08-07 10:27:13", "elapsed": 3535.62666, "delta": 6.687869}}
{"target": -0.340161022834474, "params": {"bus_acc": 1.799, "bus_dcc": 3.391, "bus_lcAssertive": 94.2622, "bus_lcCooperative": 0.4539, "bus_lcLookaheadLeft": 35.1733, "bus_lcPushy": 0.7097, "bus_lcSigma": 0.8077, "bus_lcSublane": 0.8047, "bus_sigma": 0.5332, "bus_tau_mean": 2.4085, "bus_tau_std": 5.7092, "bus_v_mean": 18.4405, "bus_v_std": 0.2249, "car_acc": 2.1443, "car_dcc": 3.2707, "car_lcAssertive": 10.1471, "car_lcCooperative": 0.4139, "car_lcLookaheadLeft": 84.7033, "car_lcPushy": 0.6138, "car_lcSigma": 0.3721, "car_lcSublane": 0.8251, "car_sigma": 0.5791, "car_tau_mean": 3.2332, "car_tau_std": 0.6305, "car_v_mean": 15.9528, "car_v_std": 7.3819}, "datetime": {"datetime": "2024-08-07 10:27:17", "elapsed": 3539.585328, "delta": 3.958668}}
{"target": -0.3666784500432197, "params": {"bus_acc": 2.6126, "bus_dcc": 3.6272, "bus_lcAssertive": 70.2553, "bus_lcCooperative": 0.9477, "bus_lcLookaheadLeft": 54.5167, "bus_lcPushy": 0.658, "bus_lcSigma": 0.1464, "bus_lcSublane": 0.0009, "bus_sigma": 0.2969, "bus_tau_mean": 2.5342, "bus_tau_std": 6.9334, "bus_v_mean": 17.2034, "bus_v_std": 0.1421, "car_acc": 1.1511, "car_dcc": 3.1486, "car_lcAssertive": 61.8637, "car_lcCooperative": 0.8999, "car_lcLookaheadLeft": 6.7707, "car_lcPushy": 0.2446, "car_lcSigma": 0.0538, "car_lcSublane": 0.5659, "car_sigma": 0.3128, "car_tau_mean": 2.7419, "car_tau_std": 7.8504, "car_v_mean": 17.1274, "car_v_std": 2.1148}, "datetime": {"datetime": "2024-08-07 10:27:23", "elapsed": 3545.895774, "delta": 6.310446}}
{"target": -0.3391815687360459, "params": {"bus_acc": 1.1124, "bus_dcc": 1.5587, "bus_lcAssertive": 35.3259, "bus_lcCooperative": 0.9591, "bus_lcLookaheadLeft": 47.9672, "bus_lcPushy": 0.5005, "bus_lcSigma": 0.7313, "bus_lcSublane": 0.4766, "bus_sigma": 0.6866, "bus_tau_mean": 1.3326, "bus_tau_std": 4.0518, "bus_v_mean": 20.4325, "bus_v_std": 0.0512, "car_acc": 2.6212, "car_dcc": 3.8922, "car_lcAssertive": 71.7868, "car_lcCooperative": 0.9292, "car_lcLookaheadLeft": 58.4854, "car_lcPushy": 0.2814, "car_lcSigma": 0.8601, "car_lcSublane": 0.8767, "car_sigma": 0.2178, "car_tau_mean": 3.1922, "car_tau_std": 3.1745, "car_v_mean": 19.6163, "car_v_std": 8.5338}, "datetime": {"datetime": "2024-08-07 10:27:48", "elapsed": 3570.613524, "delta": 24.71775}}
{"target": -0.3607973601494544, "params": {"bus_acc": 1.3959, "bus_dcc": 2.8279, "bus_lcAssertive": 88.0061, "bus_lcCooperative": 0.7576, "bus_lcLookaheadLeft": 24.5377, "bus_lcPushy": 0.737, "bus_lcSigma": 0.3681, "bus_lcSublane": 0.4686, "bus_sigma": 0.4982, "bus_tau_mean": 2.8476, "bus_tau_std": 4.7618, "bus_v_mean": 12.402, "bus_v_std": 6.523, "car_acc": 2.284, "car_dcc": 3.646, "car_lcAssertive": 44.2164, "car_lcCooperative": 0.0728, "car_lcLookaheadLeft": 99.2136, "car_lcPushy": 0.6508, "car_lcSigma": 0.149, "car_lcSublane": 0.9234, "car_sigma": 0.5769, "car_tau_mean": 0.6061, "car_tau_std": 2.2253, "car_v_mean": 23.9632, "car_v_std": 4.8471}, "datetime": {"datetime": "2024-08-07 10:27:53", "elapsed": 3575.516772, "delta": 4.903248}}
{"target": -0.35054211347223374, "params": {"bus_acc": 2.6125, "bus_dcc": 3.4385, "bus_lcAssertive": 77.8617, "bus_lcCooperative": 0.8587, "bus_lcLookaheadLeft": 26.4366, "bus_lcPushy": 0.3856, "bus_lcSigma": 0.091, "bus_lcSublane": 0.6734, "bus_sigma": 0.5806, "bus_tau_mean": 1.2182, "bus_tau_std": 0.1429, "bus_v_mean": 9.598, "bus_v_std": 5.8316, "car_acc": 1.2439, "car_dcc": 2.8129, "car_lcAssertive": 24.7264, "car_lcCooperative": 0.1918, "car_lcLookaheadLeft": 37.5609, "car_lcPushy": 0.8232, "car_lcSigma": 0.5437, "car_lcSublane": 0.4219, "car_sigma": 0.6904, "car_tau_mean": 0.983, "car_tau_std": 5.5576, "car_v_mean": 23.9824, "car_v_std": 4.0667}, "datetime": {"datetime": "2024-08-07 10:27:57", "elapsed": 3580.096703, "delta": 4.579931}}
{"target": -0.30678895078495105, "params": {"bus_acc": 1.1306, "bus_dcc": 1.5921, "bus_lcAssertive": 59.8365, "bus_lcCooperative": 0.6345, "bus_lcLookaheadLeft": 93.9469, "bus_lcPushy": 0.3319, "bus_lcSigma": 0.2466, "bus_lcSublane": 0.5034, "bus_sigma": 0.5501, "bus_tau_mean": 0.852, "bus_tau_std": 3.8565, "bus_v_mean": 10.9738, "bus_v_std": 4.8954, "car_acc": 2.6769, "car_dcc": 1.1016, "car_lcAssertive": 54.1216, "car_lcCooperative": 0.4212, "car_lcLookaheadLeft": 48.6531, "car_lcPushy": 0.8773, "car_lcSigma": 0.2671, "car_lcSublane": 0.0401, "car_sigma": 0.8988, "car_tau_mean": 3.4763, "car_tau_std": 9.0127, "car_v_mean": 8.5678, "car_v_std": 3.1016}, "datetime": {"datetime": "2024-08-07 10:28:06", "elapsed": 3588.949592, "delta": 8.852889}}
{"target": -0.28570016722252556, "params": {"bus_acc": 1.8323, "bus_dcc": 1.4853, "bus_lcAssertive": 11.8903, "bus_lcCooperative": 0.4625, "bus_lcLookaheadLeft": 7.5621, "bus_lcPushy": 0.8168, "bus_lcSigma": 0.4624, "bus_lcSublane": 0.21, "bus_sigma": 0.4088, "bus_tau_mean": 2.8256, "bus_tau_std": 4.4524, "bus_v_mean": 8.4916, "bus_v_std": 5.9979, "car_acc": 1.8049, "car_dcc": 1.356, "car_lcAssertive": 25.0621, "car_lcCooperative": 0.789, "car_lcLookaheadLeft": 65.418, "car_lcPushy": 0.9107, "car_lcSigma": 0.7621, "car_lcSublane": 0.7943, "car_sigma": 0.2065, "car_tau_mean": 3.7691, "car_tau_std": 2.3232, "car_v_mean": 10.9623, "car_v_std": 0.6705}, "datetime": {"datetime": "2024-08-07 10:28:12", "elapsed": 3594.846661, "delta": 5.897069}}
{"target": -0.3211632810627059, "params": {"bus_acc": 1.4068, "bus_dcc": 2.1575, "bus_lcAssertive": 25.6317, "bus_lcCooperative": 0.2838, "bus_lcLookaheadLeft": 19.9433, "bus_lcPushy": 0.9027, "bus_lcSigma": 0.1682, "bus_lcSublane": 0.8487, "bus_sigma": 0.1241, "bus_tau_mean": 1.8754, "bus_tau_std": 5.2883, "bus_v_mean": 10.7092, "bus_v_std": 0.8779, "car_acc": 2.3813, "car_dcc": 1.2607, "car_lcAssertive": 62.9809, "car_lcCooperative": 0.9529, "car_lcLookaheadLeft": 94.8209, "car_lcPushy": 0.661, "car_lcSigma": 0.5786, "car_lcSublane": 0.4151, "car_sigma": 0.3586, "car_tau_mean": 3.6717, "car_tau_std": 9.4292, "car_v_mean": 14.4489, "car_v_std": 1.2183}, "datetime": {"datetime": "2024-08-07 10:28:44", "elapsed": 3626.598902, "delta": 31.752241}}
{"target": -0.38198060698312974, "params": {"bus_acc": 2.9724, "bus_dcc": 1.1246, "bus_lcAssertive": 44.8575, "bus_lcCooperative": 0.4113, "bus_lcLookaheadLeft": 70.2776, "bus_lcPushy": 0.091, "bus_lcSigma": 0.3249, "bus_lcSublane": 0.6606, "bus_sigma": 0.3145, "bus_tau_mean": 0.9033, "bus_tau_std": 8.0912, "bus_v_mean": 20.7373, "bus_v_std": 5.2557, "car_acc": 1.317, "car_dcc": 3.5949, "car_lcAssertive": 74.5367, "car_lcCooperative": 0.9203, "car_lcLookaheadLeft": 68.1231, "car_lcPushy": 0.4265, "car_lcSigma": 0.3622, "car_lcSublane": 0.9784, "car_sigma": 0.2642, "car_tau_mean": 1.8282, "car_tau_std": 6.8411, "car_v_mean": 13.1331, "car_v_std": 3.9027}, "datetime": {"datetime": "2024-08-07 10:28:50", "elapsed": 3632.626693, "delta": 6.027791}}
{"target": -0.34733662380291797, "params": {"bus_acc": 2.1827, "bus_dcc": 2.8477, "bus_lcAssertive": 63.3303, "bus_lcCooperative": 0.3929, "bus_lcLookaheadLeft": 7.3411, "bus_lcPushy": 0.6005, "bus_lcSigma": 0.6247, "bus_lcSublane": 0.5244, "bus_sigma": 0.6324, "bus_tau_mean": 3.2228, "bus_tau_std": 2.6927, "bus_v_mean": 8.4065, "bus_v_std": 8.9417, "car_acc": 2.4343, "car_dcc": 3.6037, "car_lcAssertive": 50.6211, "car_lcCooperative": 0.4934, "car_lcLookaheadLeft": 40.0647, "car_lcPushy": 0.9828, "car_lcSigma": 0.2501, "car_lcSublane": 0.0941, "car_sigma": 0.9249, "car_tau_mean": 0.5145, "car_tau_std": 7.664, "car_v_mean": 22.8308, "car_v_std": 5.9248}, "datetime": {"datetime": "2024-08-07 10:28:55", "elapsed": 3637.890655, "delta": 5.263962}}
{"target": -0.3428557752918989, "params": {"bus_acc": 2.8315, "bus_dcc": 1.6894, "bus_lcAssertive": 45.8704, "bus_lcCooperative": 0.9766, "bus_lcLookaheadLeft": 74.1005, "bus_lcPushy": 0.5773, "bus_lcSigma": 0.2007, "bus_lcSublane": 0.2516, "bus_sigma": 0.6388, "bus_tau_mean": 3.3604, "bus_tau_std": 1.5689, "bus_v_mean": 9.4572, "bus_v_std": 6.3852, "car_acc": 2.9421, "car_dcc": 3.8431, "car_lcAssertive": 42.1614, "car_lcCooperative": 0.6219, "car_lcLookaheadLeft": 56.4752, "car_lcPushy": 0.3894, "car_lcSigma": 0.5962, "car_lcSublane": 0.7942, "car_sigma": 0.4555, "car_tau_mean": 0.7545, "car_tau_std": 3.8671, "car_v_mean": 10.9111, "car_v_std": 4.6523}, "datetime": {"datetime": "2024-08-07 10:29:00", "elapsed": 3643.111777, "delta": 5.221122}}
{"target": -0.34227140119927435, "params": {"bus_acc": 1.2092, "bus_dcc": 2.5509, "bus_lcAssertive": 14.0064, "bus_lcCooperative": 0.9022, "bus_lcLookaheadLeft": 98.6707, "bus_lcPushy": 0.2373, "bus_lcSigma": 0.8977, "bus_lcSublane": 0.6619, "bus_sigma": 0.4447, "bus_tau_mean": 0.9412, "bus_tau_std": 2.3046, "bus_v_mean": 19.8729, "bus_v_std": 5.2389, "car_acc": 1.7169, "car_dcc": 2.134, "car_lcAssertive": 92.6919, "car_lcCooperative": 0.2379, "car_lcLookaheadLeft": 50.3446, "car_lcPushy": 0.5143, "car_lcSigma": 0.1348, "car_lcSublane": 0.8872, "car_sigma": 0.7376, "car_tau_mean": 0.9834, "car_tau_std": 3.8529, "car_v_mean": 18.4277, "car_v_std": 7.653}, "datetime": {"datetime": "2024-08-07 10:29:11", "elapsed": 3653.564034, "delta": 10.452257}}
{"target": -0.3508165131473908, "params": {"bus_acc": 1.5295, "bus_dcc": 2.8063, "bus_lcAssertive": 48.2279, "bus_lcCooperative": 0.7625, "bus_lcLookaheadLeft": 71.689, "bus_lcPushy": 0.1461, "bus_lcSigma": 0.6909, "bus_lcSublane": 0.5445, "bus_sigma": 0.7135, "bus_tau_mean": 3.8153, "bus_tau_std": 7.0155, "bus_v_mean": 12.5061, "bus_v_std": 6.4029, "car_acc": 2.0074, "car_dcc": 2.6641, "car_lcAssertive": 51.4835, "car_lcCooperative": 0.4398, "car_lcLookaheadLeft": 25.4764, "car_lcPushy": 0.2298, "car_lcSigma": 0.0997, "car_lcSublane": 0.5801, "car_sigma": 0.8478, "car_tau_mean": 3.2991, "car_tau_std": 9.2829, "car_v_mean": 12.6134, "car_v_std": 8.8307}, "datetime": {"datetime": "2024-08-07 10:29:24", "elapsed": 3667.039673, "delta": 13.475639}}
