{"target": -0.3880964354696441, "params": {"bus_acc": 1.0, "bus_dcc": 1.0, "bus_lcAssertive": 78.2838, "bus_lcCooperative": 1.0, "bus_lcLookaheadLeft": 29.5976, "bus_lcPushy": 0.4188, "bus_lcSigma": 0.819, "bus_lcSpeedGainRight": 4.9449, "bus_lcSublane": 1.0, "bus_sigma": 0.4861, "bus_tau_mean": 2.0258, "bus_tau_std": 0.0, "bus_v_mean": 8.0, "bus_v_std": 8.6204, "car_acc": 4.7022, "car_dcc": 4.0, "car_lcAssertive": 14.5805, "car_lcCooperative": 0.8765, "car_lcLookaheadLeft": 12.7214, "car_lcPushy": 0.7084, "car_lcSigma": 0.8116, "car_lcSpeedGainRight": 0.0, "car_lcSublane": 0.6185, "car_sigma": 1.0, "car_tau_mean": 4.0, "car_tau_std": 0.0, "car_v_mean": 16.2894, "car_v_std": 20.0}, "datetime": {"datetime": "2024-08-08 12:15:05", "elapsed": 915.970117, "delta": 1.223313}}
{"target": -0.38028217273380205, "params": {"bus_acc": 3.0938, "bus_dcc": 1.9631, "bus_lcAssertive": 34.2244, "bus_lcCooperative": 0.0959, "bus_lcLookaheadLeft": 34.0593, "bus_lcPushy": 0.2449, "bus_lcSigma": 0.0032, "bus_lcSpeedGainRight": 1.9103, "bus_lcSublane": 0.5364, "bus_sigma": 0.9464, "bus_tau_mean": 3.0301, "bus_tau_std": 5.542, "bus_v_mean": 8.406, "bus_v_std": 3.1463, "car_acc": 4.8206, "car_dcc": 3.1161, "car_lcAssertive": 25.7555, "car_lcCooperative": 0.5455, "car_lcLookaheadLeft": 95.3806, "car_lcPushy": 0.9878, "car_lcSigma": 0.2608, "car_lcSpeedGainRight": 1.8899, "car_lcSublane": 0.6341, "car_sigma": 0.322, "car_tau_mean": 3.1728, "car_tau_std": 4.1076, "car_v_mean": 8.2417, "car_v_std": 3.1372}, "datetime": {"datetime": "2024-08-08 12:15:06", "elapsed": 917.023195, "delta": 1.053078}}
{"target": -0.3946363203378911, "params": {"bus_acc": 1.0, "bus_dcc": 1.0, "bus_lcAssertive": 78.2279, "bus_lcCooperative": 1.0, "bus_lcLookaheadLeft": 29.6677, "bus_lcPushy": 0.4212, "bus_lcSigma": 0.8175, "bus_lcSpeedGainRight": 4.9849, "bus_lcSublane": 1.0, "bus_sigma": 0.5006, "bus_tau_mean": 2.0204, "bus_tau_std": 0.0, "bus_v_mean": 8.0, "bus_v_std": 8.4004, "car_acc": 4.7263, "car_dcc": 4.0, "car_lcAssertive": 14.4323, "car_lcCooperative": 0.8968, "car_lcLookaheadLeft": 12.6417, "car_lcPushy": 0.7335, "car_lcSigma": 0.8017, "car_lcSpeedGainRight": 0.0, "car_lcSublane": 0.6237, "car_sigma": 1.0, "car_tau_mean": 4.0, "car_tau_std": 0.0, "car_v_mean": 16.2235, "car_v_std": 20.0}, "datetime": {"datetime": "2024-08-08 12:15:07", "elapsed": 917.911295, "delta": 0.8881}}
{"target": -0.35976304087373456, "params": {"bus_acc": 3.3324, "bus_dcc": 3.0999, "bus_lcAssertive": 29.9444, "bus_lcCooperative": 0.8636, "bus_lcLookaheadLeft": 98.5622, "bus_lcPushy": 0.2471, "bus_lcSigma": 0.136, "bus_lcSpeedGainRight": 3.1614, "bus_lcSublane": 0.1026, "bus_sigma": 0.6581, "bus_tau_mean": 0.5178, "bus_tau_std": 7.7126, "bus_v_mean": 17.2554, "bus_v_std": 15.4754, "car_acc": 3.388, "car_dcc": 2.3183, "car_lcAssertive": 40.3592, "car_lcCooperative": 0.2734, "car_lcLookaheadLeft": 27.6423, "car_lcPushy": 0.9213, "car_lcSigma": 0.0947, "car_lcSpeedGainRight": 2.0294, "car_lcSublane": 0.7363, "car_sigma": 0.6887, "car_tau_mean": 3.8002, "car_tau_std": 8.7165, "car_v_mean": 14.214, "car_v_std": 18.3532}, "datetime": {"datetime": "2024-08-08 12:15:08", "elapsed": 918.399279, "delta": 0.487984}}
{"target": -0.36079201549767526, "params": {"bus_acc": 1.3856, "bus_dcc": 3.8884, "bus_lcAssertive": 51.2948, "bus_lcCooperative": 0.2532, "bus_lcLookaheadLeft": 20.4257, "bus_lcPushy": 0.733, "bus_lcSigma": 0.4206, "bus_lcSpeedGainRight": 0.9909, "bus_lcSublane": 0.6571, "bus_sigma": 0.1799, "bus_tau_mean": 2.6273, "bus_tau_std": 7.6536, "bus_v_mean": 21.4809, "bus_v_std": 0.1722, "car_acc": 2.4941, "car_dcc": 2.3858, "car_lcAssertive": 66.6175, "car_lcCooperative": 0.7498, "car_lcLookaheadLeft": 49.3394, "car_lcPushy": 0.4662, "car_lcSigma": 0.7936, "car_lcSpeedGainRight": 4.8499, "car_lcSublane": 0.2624, "car_sigma": 0.5767, "car_tau_mean": 1.1488, "car_tau_std": 7.2414, "car_v_mean": 14.7954, "car_v_std": 19.3273}, "datetime": {"datetime": "2024-08-08 12:15:08", "elapsed": 918.842765, "delta": 0.443486}}
{"target": -0.31905558568883496, "params": {"bus_acc": 1.1803, "bus_dcc": 2.4219, "bus_lcAssertive": 4.6523, "bus_lcCooperative": 0.8516, "bus_lcLookaheadLeft": 47.4659, "bus_lcPushy": 0.0485, "bus_lcSigma": 0.1848, "bus_lcSpeedGainRight": 1.1175, "bus_lcSublane": 0.3406, "bus_sigma": 0.4742, "bus_tau_mean": 3.4598, "bus_tau_std": 0.6827, "bus_v_mean": 9.5656, "bus_v_std": 4.4005, "car_acc": 4.0458, "car_dcc": 2.2277, "car_lcAssertive": 50.5194, "car_lcCooperative": 0.7472, "car_lcLookaheadLeft": 86.4496, "car_lcPushy": 0.0895, "car_lcSigma": 0.7177, "car_lcSpeedGainRight": 4.0176, "car_lcSublane": 0.9766, "car_sigma": 0.9705, "car_tau_mean": 0.8922, "car_tau_std": 9.6579, "car_v_mean": 12.9005, "car_v_std": 5.6543}, "datetime": {"datetime": "2024-08-08 12:15:09", "elapsed": 919.290416, "delta": 0.447651}}
{"target": -0.3446305049886875, "params": {"bus_acc": 2.4729, "bus_dcc": 2.9615, "bus_lcAssertive": 72.252, "bus_lcCooperative": 0.0131, "bus_lcLookaheadLeft": 26.272, "bus_lcPushy": 0.9972, "bus_lcSigma": 0.7877, "bus_lcSpeedGainRight": 4.427, "bus_lcSublane": 0.9989, "bus_sigma": 0.7705, "bus_tau_mean": 3.3843, "bus_tau_std": 6.5851, "bus_v_mean": 11.1196, "bus_v_std": 16.6373, "car_acc": 1.2163, "car_dcc": 1.8115, "car_lcAssertive": 36.8709, "car_lcCooperative": 0.6658, "car_lcLookaheadLeft": 2.5528, "car_lcPushy": 0.33, "car_lcSigma": 0.1264, "car_lcSpeedGainRight": 2.8065, "car_lcSublane": 0.7837, "car_sigma": 0.1204, "car_tau_mean": 1.3141, "car_tau_std": 9.2583, "car_v_mean": 21.3417, "car_v_std": 4.122}, "datetime": {"datetime": "2024-08-08 12:15:09", "elapsed": 919.954255, "delta": 0.663839}}
{"target": -0.34413575341302766, "params": {"bus_acc": 1.0, "bus_dcc": 1.0, "bus_lcAssertive": 79.0069, "bus_lcCooperative": 0.7877, "bus_lcLookaheadLeft": 29.64, "bus_lcPushy": 0.4637, "bus_lcSigma": 0.5882, "bus_lcSpeedGainRight": 3.6215, "bus_lcSublane": 0.7393, "bus_sigma": 0.6494, "bus_tau_mean": 2.0957, "bus_tau_std": 0.0, "bus_v_mean": 8.0, "bus_v_std": 11.2765, "car_acc": 3.4174, "car_dcc": 4.0, "car_lcAssertive": 14.2209, "car_lcCooperative": 0.5335, "car_lcLookaheadLeft": 16.8686, "car_lcPushy": 0.6839, "car_lcSigma": 0.6581, "car_lcSpeedGainRight": 1.8684, "car_lcSublane": 0.5146, "car_sigma": 1.0, "car_tau_mean": 3.6345, "car_tau_std": 0.0, "car_v_mean": 14.8831, "car_v_std": 20.0}, "datetime": {"datetime": "2024-08-08 12:15:10", "elapsed": 920.488011, "delta": 0.533756}}
{"target": -0.3353921160603958, "params": {"bus_acc": 2.7235, "bus_dcc": 2.5465, "bus_lcAssertive": 17.313, "bus_lcCooperative": 0.1852, "bus_lcLookaheadLeft": 75.8861, "bus_lcPushy": 0.1026, "bus_lcSigma": 0.7832, "bus_lcSpeedGainRight": 1.918, "bus_lcSublane": 0.4712, "bus_sigma": 0.1406, "bus_tau_mean": 3.9163, "bus_tau_std": 9.6476, "bus_v_mean": 17.3394, "bus_v_std": 15.1146, "car_acc": 2.3884, "car_dcc": 1.1205, "car_lcAssertive": 41.3622, "car_lcCooperative": 0.1638, "car_lcLookaheadLeft": 72.4324, "car_lcPushy": 0.9387, "car_lcSigma": 0.8515, "car_lcSpeedGainRight": 0.8581, "car_lcSublane": 0.0946, "car_sigma": 0.688, "car_tau_mean": 0.7637, "car_tau_std": 3.7359, "car_v_mean": 14.474, "car_v_std": 3.3775}, "datetime": {"datetime": "2024-08-08 12:15:11", "elapsed": 921.360792, "delta": 0.872781}}
{"target": -0.35041806042293944, "params": {"bus_acc": 2.38, "bus_dcc": 2.0487, "bus_lcAssertive": 81.3375, "bus_lcCooperative": 0.3471, "bus_lcLookaheadLeft": 55.5137, "bus_lcPushy": 0.3571, "bus_lcSigma": 0.2534, "bus_lcSpeedGainRight": 4.0996, "bus_lcSublane": 0.4175, "bus_sigma": 0.1114, "bus_tau_mean": 1.3467, "bus_tau_std": 3.3637, "bus_v_mean": 20.2007, "bus_v_std": 11.814, "car_acc": 4.9515, "car_dcc": 3.82, "car_lcAssertive": 48.6254, "car_lcCooperative": 0.7927, "car_lcLookaheadLeft": 41.0783, "car_lcPushy": 0.0938, "car_lcSigma": 0.9437, "car_lcSpeedGainRight": 1.5904, "car_lcSublane": 0.101, "car_sigma": 0.2883, "car_tau_mean": 1.4985, "car_tau_std": 5.1044, "car_v_mean": 15.7275, "car_v_std": 12.5949}, "datetime": {"datetime": "2024-08-08 12:15:12", "elapsed": 922.686394, "delta": 1.325602}}
{"target": -0.3432602404010302, "params": {"bus_acc": 1.0, "bus_dcc": 1.0, "bus_lcAssertive": 80.6209, "bus_lcCooperative": 0.8725, "bus_lcLookaheadLeft": 30.1432, "bus_lcPushy": 0.4721, "bus_lcSigma": 0.6956, "bus_lcSpeedGainRight": 4.0801, "bus_lcSublane": 0.7313, "bus_sigma": 0.7489, "bus_tau_mean": 2.2265, "bus_tau_std": 0.0, "bus_v_mean": 8.0, "bus_v_std": 12.3188, "car_acc": 3.7089, "car_dcc": 4.0, "car_lcAssertive": 13.6439, "car_lcCooperative": 0.4295, "car_lcLookaheadLeft": 18.6034, "car_lcPushy": 0.6884, "car_lcSigma": 0.6299, "car_lcSpeedGainRight": 1.6339, "car_lcSublane": 0.5653, "car_sigma": 1.0, "car_tau_mean": 4.0, "car_tau_std": 0.0, "car_v_mean": 13.0689, "car_v_std": 20.0}, "datetime": {"datetime": "2024-08-08 12:15:14", "elapsed": 924.262938, "delta": 1.576544}}
{"target": -0.3429613402700761, "params": {"bus_acc": 2.5286, "bus_dcc": 1.7293, "bus_lcAssertive": 80.7396, "bus_lcCooperative": 0.8745, "bus_lcLookaheadLeft": 98.0677, "bus_lcPushy": 0.8966, "bus_lcSigma": 0.2842, "bus_lcSpeedGainRight": 2.0141, "bus_lcSublane": 0.157, "bus_sigma": 0.4516, "bus_tau_mean": 0.99, "bus_tau_std": 1.6923, "bus_v_mean": 14.6891, "bus_v_std": 5.337, "car_acc": 4.4192, "car_dcc": 2.0953, "car_lcAssertive": 70.8999, "car_lcCooperative": 0.272, "car_lcLookaheadLeft": 15.1633, "car_lcPushy": 0.0267, "car_lcSigma": 0.9907, "car_lcSpeedGainRight": 0.4781, "car_lcSublane": 0.406, "car_sigma": 0.9422, "car_tau_mean": 1.264, "car_tau_std": 0.1521, "car_v_mean": 18.5341, "car_v_std": 6.2807}, "datetime": {"datetime": "2024-08-08 12:15:15", "elapsed": 925.376128, "delta": 1.11319}}
{"target": -0.32884716597902935, "params": {"bus_acc": 2.7348, "bus_dcc": 1.1667, "bus_lcAssertive": 79.9733, "bus_lcCooperative": 0.4914, "bus_lcLookaheadLeft": 48.4977, "bus_lcPushy": 0.2035, "bus_lcSigma": 0.509, "bus_lcSpeedGainRight": 0.1498, "bus_lcSublane": 0.0249, "bus_sigma": 0.0063, "bus_tau_mean": 1.522, "bus_tau_std": 7.0569, "bus_v_mean": 14.4771, "bus_v_std": 10.6254, "car_acc": 4.6142, "car_dcc": 2.7585, "car_lcAssertive": 66.8335, "car_lcCooperative": 0.0489, "car_lcLookaheadLeft": 4.3333, "car_lcPushy": 0.7446, "car_lcSigma": 0.0213, "car_lcSpeedGainRight": 0.7204, "car_lcSublane": 0.9057, "car_sigma": 0.6245, "car_tau_mean": 3.7188, "car_tau_std": 3.9127, "car_v_mean": 23.8848, "car_v_std": 16.781}, "datetime": {"datetime": "2024-08-08 12:15:16", "elapsed": 926.62027, "delta": 1.244142}}
{"target": -0.28709328319465754, "params": {"bus_acc": 3.9488, "bus_dcc": 4.0, "bus_lcAssertive": 53.3761, "bus_lcCooperative": 0.007, "bus_lcLookaheadLeft": 52.1824, "bus_lcPushy": 0.7669, "bus_lcSigma": 1.0, "bus_lcSpeedGainRight": 3.1237, "bus_lcSublane": 0.4314, "bus_sigma": 0.664, "bus_tau_mean": 3.4013, "bus_tau_std": 4.0373, "bus_v_mean": 17.2919, "bus_v_std": 18.3966, "car_acc": 1.6741, "car_dcc": 3.2021, "car_lcAssertive": 10.8723, "car_lcCooperative": 0.019, "car_lcLookaheadLeft": 27.5395, "car_lcPushy": 0.4416, "car_lcSigma": 0.8289, "car_lcSpeedGainRight": 0.0, "car_lcSublane": 0.101, "car_sigma": 1.0, "car_tau_mean": 1.3002, "car_tau_std": 1.502, "car_v_mean": 19.5076, "car_v_std": 11.1003}, "datetime": {"datetime": "2024-08-08 12:15:17", "elapsed": 927.727569, "delta": 1.107299}}
{"target": -0.32711966606915654, "params": {"bus_acc": 4.5591, "bus_dcc": 3.4834, "bus_lcAssertive": 23.5823, "bus_lcCooperative": 0.6078, "bus_lcLookaheadLeft": 77.5871, "bus_lcPushy": 0.9146, "bus_lcSigma": 0.0945, "bus_lcSpeedGainRight": 4.7589, "bus_lcSublane": 0.7358, "bus_sigma": 0.2236, "bus_tau_mean": 2.4511, "bus_tau_std": 4.2836, "bus_v_mean": 19.6415, "bus_v_std": 14.745, "car_acc": 3.6881, "car_dcc": 1.3008, "car_lcAssertive": 92.7811, "car_lcCooperative": 0.2575, "car_lcLookaheadLeft": 13.7023, "car_lcPushy": 0.5806, "car_lcSigma": 0.4638, "car_lcSpeedGainRight": 0.0643, "car_lcSublane": 0.6092, "car_sigma": 0.4598, "car_tau_mean": 3.5384, "car_tau_std": 2.245, "car_v_mean": 19.0346, "car_v_std": 7.6443}, "datetime": {"datetime": "2024-08-08 12:15:18", "elapsed": 928.48232, "delta": 0.754751}}
{"target": -0.33114160970924145, "params": {"bus_acc": 4.5765, "bus_dcc": 3.9921, "bus_lcAssertive": 38.2389, "bus_lcCooperative": 0.441, "bus_lcLookaheadLeft": 55.2749, "bus_lcPushy": 0.5777, "bus_lcSigma": 0.8956, "bus_lcSpeedGainRight": 3.2421, "bus_lcSublane": 0.9968, "bus_sigma": 0.7723, "bus_tau_mean": 2.3573, "bus_tau_std": 8.1339, "bus_v_mean": 19.9486, "bus_v_std": 13.2899, "car_acc": 1.9096, "car_dcc": 2.9151, "car_lcAssertive": 2.0637, "car_lcCooperative": 0.7343, "car_lcLookaheadLeft": 28.6453, "car_lcPushy": 0.7948, "car_lcSigma": 0.3987, "car_lcSpeedGainRight": 0.3294, "car_lcSublane": 0.2098, "car_sigma": 0.9684, "car_tau_mean": 3.2474, "car_tau_std": 6.0174, "car_v_mean": 22.0829, "car_v_std": 12.2481}, "datetime": {"datetime": "2024-08-08 12:15:19", "elapsed": 929.677681, "delta": 1.195361}}
{"target": -0.3255028250925064, "params": {"bus_acc": 1.9427, "bus_dcc": 2.8465, "bus_lcAssertive": 79.882, "bus_lcCooperative": 0.4966, "bus_lcLookaheadLeft": 21.7046, "bus_lcPushy": 0.1167, "bus_lcSigma": 1.0, "bus_lcSpeedGainRight": 5.0, "bus_lcSublane": 0.8957, "bus_sigma": 0.2981, "bus_tau_mean": 4.0, "bus_tau_std": 0.0, "bus_v_mean": 8.0, "bus_v_std": 20.0, "car_acc": 5.0, "car_dcc": 4.0, "car_lcAssertive": 14.902, "car_lcCooperative": 0.1417, "car_lcLookaheadLeft": 6.6532, "car_lcPushy": 0.8429, "car_lcSigma": 0.965, "car_lcSpeedGainRight": 0.0, "car_lcSublane": 0.0, "car_sigma": 1.0, "car_tau_mean": 2.0458, "car_tau_std": 0.0, "car_v_mean": 22.4877, "car_v_std": 20.0}, "datetime": {"datetime": "2024-08-08 12:15:20", "elapsed": 930.627485, "delta": 0.949804}}
{"target": -0.39132638384596463, "params": {"bus_acc": 3.8542, "bus_dcc": 2.9216, "bus_lcAssertive": 33.7294, "bus_lcCooperative": 0.7624, "bus_lcLookaheadLeft": 49.5955, "bus_lcPushy": 0.3368, "bus_lcSigma": 0.0055, "bus_lcSpeedGainRight": 1.3645, "bus_lcSublane": 0.0781, "bus_sigma": 0.7202, "bus_tau_mean": 0.6456, "bus_tau_std": 2.5813, "bus_v_mean": 12.6819, "bus_v_std": 14.4543, "car_acc": 1.3245, "car_dcc": 2.3433, "car_lcAssertive": 82.2942, "car_lcCooperative": 0.4234, "car_lcLookaheadLeft": 48.7747, "car_lcPushy": 0.4118, "car_lcSigma": 0.4678, "car_lcSpeedGainRight": 3.0826, "car_lcSublane": 0.5578, "car_sigma": 0.5202, "car_tau_mean": 2.8667, "car_tau_std": 9.0493, "car_v_mean": 10.2806, "car_v_std": 9.3038}, "datetime": {"datetime": "2024-08-08 12:15:29", "elapsed": 939.982521, "delta": 9.355036}}
{"target": -0.34983795698639264, "params": {"bus_acc": 3.1928, "bus_dcc": 2.5475, "bus_lcAssertive": 73.2633, "bus_lcCooperative": 0.5468, "bus_lcLookaheadLeft": 72.9208, "bus_lcPushy": 0.4152, "bus_lcSigma": 0.1187, "bus_lcSpeedGainRight": 2.8349, "bus_lcSublane": 0.5613, "bus_sigma": 0.8247, "bus_tau_mean": 2.0627, "bus_tau_std": 2.0934, "bus_v_mean": 13.0887, "bus_v_std": 6.2022, "car_acc": 1.8044, "car_dcc": 2.9672, "car_lcAssertive": 70.0011, "car_lcCooperative": 0.2151, "car_lcLookaheadLeft": 48.7753, "car_lcPushy": 0.206, "car_lcSigma": 0.1245, "car_lcSpeedGainRight": 1.4082, "car_lcSublane": 0.7522, "car_sigma": 0.589, "car_tau_mean": 3.429, "car_tau_std": 5.083, "car_v_mean": 22.4654, "car_v_std": 17.2067}, "datetime": {"datetime": "2024-08-08 12:15:33", "elapsed": 944.051887, "delta": 4.069366}}
{"target": -0.37365046964252924, "params": {"bus_acc": 2.8075, "bus_dcc": 1.6118, "bus_lcAssertive": 81.2683, "bus_lcCooperative": 0.4805, "bus_lcLookaheadLeft": 60.0092, "bus_lcPushy": 0.5017, "bus_lcSigma": 0.0809, "bus_lcSpeedGainRight": 1.4644, "bus_lcSublane": 0.2594, "bus_sigma": 0.6065, "bus_tau_mean": 3.4964, "bus_tau_std": 6.0523, "bus_v_mean": 18.1732, "bus_v_std": 16.7041, "car_acc": 2.0667, "car_dcc": 3.4452, "car_lcAssertive": 42.2429, "car_lcCooperative": 0.7703, "car_lcLookaheadLeft": 38.1328, "car_lcPushy": 0.7313, "car_lcSigma": 0.881, "car_lcSpeedGainRight": 4.802, "car_lcSublane": 0.959, "car_sigma": 0.2537, "car_tau_mean": 0.6959, "car_tau_std": 2.8506, "car_v_mean": 13.2345, "car_v_std": 14.3297}, "datetime": {"datetime": "2024-08-08 12:15:39", "elapsed": 949.810512, "delta": 5.758625}}
{"target": -0.3463409963882088, "params": {"bus_acc": 1.8747, "bus_dcc": 3.4739, "bus_lcAssertive": 72.9628, "bus_lcCooperative": 0.6206, "bus_lcLookaheadLeft": 21.5639, "bus_lcPushy": 0.4373, "bus_lcSigma": 0.9452, "bus_lcSpeedGainRight": 3.3357, "bus_lcSublane": 0.8794, "bus_sigma": 0.1511, "bus_tau_mean": 2.4206, "bus_tau_std": 8.8644, "bus_v_mean": 11.6655, "bus_v_std": 11.3918, "car_acc": 2.9202, "car_dcc": 1.5805, "car_lcAssertive": 15.7107, "car_lcCooperative": 0.0459, "car_lcLookaheadLeft": 9.0931, "car_lcPushy": 0.1119, "car_lcSigma": 0.6897, "car_lcSpeedGainRight": 4.0734, "car_lcSublane": 0.4494, "car_sigma": 0.8834, "car_tau_mean": 3.2511, "car_tau_std": 5.5787, "car_v_mean": 16.8225, "car_v_std": 8.289}, "datetime": {"datetime": "2024-08-08 12:15:47", "elapsed": 957.688595, "delta": 7.878083}}
{"target": -0.3646892141853925, "params": {"bus_acc": 2.6819, "bus_dcc": 1.051, "bus_lcAssertive": 35.2683, "bus_lcCooperative": 0.9218, "bus_lcLookaheadLeft": 98.8454, "bus_lcPushy": 0.1885, "bus_lcSigma": 0.1796, "bus_lcSpeedGainRight": 4.2312, "bus_lcSublane": 0.9113, "bus_sigma": 0.5241, "bus_tau_mean": 3.8611, "bus_tau_std": 6.8577, "bus_v_mean": 14.7839, "bus_v_std": 16.4063, "car_acc": 2.8549, "car_dcc": 2.6646, "car_lcAssertive": 42.0953, "car_lcCooperative": 0.5122, "car_lcLookaheadLeft": 27.6739, "car_lcPushy": 0.0982, "car_lcSigma": 0.9658, "car_lcSpeedGainRight": 2.7467, "car_lcSublane": 0.7109, "car_sigma": 0.7765, "car_tau_mean": 0.653, "car_tau_std": 8.4153, "car_v_mean": 9.2411, "car_v_std": 9.805}, "datetime": {"datetime": "2024-08-08 12:15:57", "elapsed": 967.525616, "delta": 9.837021}}
{"target": -0.32213632143881576, "params": {"bus_acc": 1.5585, "bus_dcc": 1.1116, "bus_lcAssertive": 75.454, "bus_lcCooperative": 0.806, "bus_lcLookaheadLeft": 30.7655, "bus_lcPushy": 0.7887, "bus_lcSigma": 0.2679, "bus_lcSpeedGainRight": 3.1617, "bus_lcSublane": 0.7262, "bus_sigma": 0.769, "bus_tau_mean": 2.1225, "bus_tau_std": 9.3899, "bus_v_mean": 8.7797, "bus_v_std": 11.075, "car_acc": 3.5482, "car_dcc": 2.4949, "car_lcAssertive": 14.4215, "car_lcCooperative": 0.5793, "car_lcLookaheadLeft": 6.5714, "car_lcPushy": 0.474, "car_lcSigma": 0.0834, "car_lcSpeedGainRight": 2.3327, "car_lcSublane": 0.0451, "car_sigma": 0.7565, "car_tau_mean": 2.6981, "car_tau_std": 2.8517, "car_v_mean": 13.3588, "car_v_std": 7.8034}, "datetime": {"datetime": "2024-08-08 12:16:00", "elapsed": 970.247644, "delta": 2.722028}}
{"target": -0.3277947736781123, "params": {"bus_acc": 1.0109, "bus_dcc": 1.5563, "bus_lcAssertive": 86.1231, "bus_lcCooperative": 0.4772, "bus_lcLookaheadLeft": 89.6483, "bus_lcPushy": 0.3526, "bus_lcSigma": 0.345, "bus_lcSpeedGainRight": 2.2903, "bus_lcSublane": 0.2404, "bus_sigma": 0.5812, "bus_tau_mean": 3.1706, "bus_tau_std": 0.5897, "bus_v_mean": 11.6392, "bus_v_std": 3.4603, "car_acc": 3.4622, "car_dcc": 1.1717, "car_lcAssertive": 73.1286, "car_lcCooperative": 0.3575, "car_lcLookaheadLeft": 12.297, "car_lcPushy": 0.3684, "car_lcSigma": 0.4442, "car_lcSpeedGainRight": 3.2749, "car_lcSublane": 0.8044, "car_sigma": 0.8669, "car_tau_mean": 3.2781, "car_tau_std": 6.5923, "car_v_mean": 20.6501, "car_v_std": 9.3127}, "datetime": {"datetime": "2024-08-08 12:16:01", "elapsed": 971.384203, "delta": 1.136559}}
{"target": -0.3581099681724771, "params": {"bus_acc": 1.4337, "bus_dcc": 2.619, "bus_lcAssertive": 87.484, "bus_lcCooperative": 0.1033, "bus_lcLookaheadLeft": 95.0475, "bus_lcPushy": 0.9311, "bus_lcSigma": 0.6659, "bus_lcSpeedGainRight": 4.3611, "bus_lcSublane": 0.7552, "bus_sigma": 0.3135, "bus_tau_mean": 2.5186, "bus_tau_std": 2.3673, "bus_v_mean": 19.4832, "bus_v_std": 9.2099, "car_acc": 1.8202, "car_dcc": 1.9608, "car_lcAssertive": 70.4792, "car_lcCooperative": 0.0977, "car_lcLookaheadLeft": 9.5172, "car_lcPushy": 0.6145, "car_lcSigma": 0.3301, "car_lcSpeedGainRight": 1.0487, "car_lcSublane": 0.1842, "car_sigma": 0.23, "car_tau_mean": 3.7125, "car_tau_std": 8.7492, "car_v_mean": 17.693, "car_v_std": 11.1359}, "datetime": {"datetime": "2024-08-08 12:16:13", "elapsed": 983.215471, "delta": 11.831268}}
{"target": -0.3253862517112517, "params": {"bus_acc": 3.5942, "bus_dcc": 2.0079, "bus_lcAssertive": 86.4274, "bus_lcCooperative": 0.1978, "bus_lcLookaheadLeft": 30.0819, "bus_lcPushy": 0.797, "bus_lcSigma": 0.6554, "bus_lcSpeedGainRight": 3.2488, "bus_lcSublane": 0.8071, "bus_sigma": 0.141, "bus_tau_mean": 1.063, "bus_tau_std": 4.8646, "bus_v_mean": 12.7932, "bus_v_std": 16.3796, "car_acc": 3.4916, "car_dcc": 2.1153, "car_lcAssertive": 1.455, "car_lcCooperative": 0.069, "car_lcLookaheadLeft": 18.4588, "car_lcPushy": 0.3536, "car_lcSigma": 0.9258, "car_lcSpeedGainRight": 1.9363, "car_lcSublane": 0.6701, "car_sigma": 0.8608, "car_tau_mean": 3.0459, "car_tau_std": 1.2129, "car_v_mean": 18.9255, "car_v_std": 18.5866}, "datetime": {"datetime": "2024-08-08 12:16:14", "elapsed": 984.588076, "delta": 1.372605}}
{"target": -0.3448642055360237, "params": {"bus_acc": 4.2661, "bus_dcc": 3.9747, "bus_lcAssertive": 8.9295, "bus_lcCooperative": 0.8139, "bus_lcLookaheadLeft": 75.2398, "bus_lcPushy": 0.7811, "bus_lcSigma": 0.8662, "bus_lcSpeedGainRight": 4.5983, "bus_lcSublane": 0.1923, "bus_sigma": 0.7969, "bus_tau_mean": 0.883, "bus_tau_std": 1.1974, "bus_v_mean": 23.7046, "bus_v_std": 14.8425, "car_acc": 2.2492, "car_dcc": 2.8031, "car_lcAssertive": 9.7044, "car_lcCooperative": 0.2173, "car_lcLookaheadLeft": 62.4987, "car_lcPushy": 0.5311, "car_lcSigma": 0.2152, "car_lcSpeedGainRight": 2.2235, "car_lcSublane": 0.9133, "car_sigma": 0.6344, "car_tau_mean": 1.1964, "car_tau_std": 4.193, "car_v_mean": 21.5532, "car_v_std": 13.1002}, "datetime": {"datetime": "2024-08-08 12:16:17", "elapsed": 987.884695, "delta": 3.296619}}
