{"target": -0.3470368888131387, "params": {"bus_acc": 1.4768, "bus_dcc": 3.2893, "bus_lcAssertive": 90.9191, "bus_lcCooperative": 0.3022, "bus_lcLookaheadLeft": 69.7863, "bus_lcPushy": 0.5629, "bus_lcSigma": 0.6637, "bus_lcSpeedGainRight": 2.3816, "bus_lcSublane": 0.7187, "bus_sigma": 0.8318, "bus_tau_mean": 2.6983, "bus_tau_std": 6.764, "bus_v_mean": 14.0716, "bus_v_std": 6.3859, "car_acc": 2.0448, "car_dcc": 1.3006, "car_lcAssertive": 71.3871, "car_lcCooperative": 0.5289, "car_lcLookaheadLeft": 49.4028, "car_lcPushy": 0.5326, "car_lcSigma": 0.5405, "car_lcSpeedGainRight": 1.2788, "car_lcSublane": 0.7494, "car_sigma": 0.725, "car_tau_mean": 1.6017, "car_tau_std": 2.8506, "car_v_mean": 13.1694, "car_v_std": 17.0657}, "datetime": {"datetime": "2024-08-08 00:21:59", "elapsed": 1138.801585, "delta": 4.546211}}
{"target": -0.33548427116353347, "params": {"bus_acc": 1.184, "bus_dcc": 2.3889, "bus_lcAssertive": 68.4895, "bus_lcCooperative": 0.3649, "bus_lcLookaheadLeft": 99.632, "bus_lcPushy": 0.5284, "bus_lcSigma": 0.1967, "bus_lcSpeedGainRight": 1.5576, "bus_lcSublane": 0.4368, "bus_sigma": 0.3086, "bus_tau_mean": 3.8264, "bus_tau_std": 4.7416, "bus_v_mean": 11.7733, "bus_v_std": 9.8273, "car_acc": 2.0375, "car_dcc": 1.5963, "car_lcAssertive": 30.9626, "car_lcCooperative": 0.2679, "car_lcLookaheadLeft": 59.0446, "car_lcPushy": 0.8065, "car_lcSigma": 0.175, "car_lcSpeedGainRight": 2.2702, "car_lcSublane": 0.5858, "car_sigma": 0.0524, "car_tau_mean": 2.5179, "car_tau_std": 3.1679, "car_v_mean": 11.943, "car_v_std": 1.9602}, "datetime": {"datetime": "2024-08-08 00:22:04", "elapsed": 1143.498018, "delta": 4.696433}}
{"target": -0.318921150272121, "params": {"bus_acc": 2.7796, "bus_dcc": 3.4834, "bus_lcAssertive": 23.5823, "bus_lcCooperative": 0.6078, "bus_lcLookaheadLeft": 77.5871, "bus_lcPushy": 0.9146, "bus_lcSigma": 0.0945, "bus_lcSpeedGainRight": 4.7589, "bus_lcSublane": 0.7358, "bus_sigma": 0.2236, "bus_tau_mean": 2.4511, "bus_tau_std": 4.2836, "bus_v_mean": 19.6415, "bus_v_std": 14.745, "car_acc": 2.3441, "car_dcc": 1.3008, "car_lcAssertive": 92.7811, "car_lcCooperative": 0.2575, "car_lcLookaheadLeft": 13.7023, "car_lcPushy": 0.5806, "car_lcSigma": 0.4638, "car_lcSpeedGainRight": 0.0643, "car_lcSublane": 0.6092, "car_sigma": 0.4598, "car_tau_mean": 3.5384, "car_tau_std": 2.245, "car_v_mean": 19.0346, "car_v_std": 7.6443}, "datetime": {"datetime": "2024-08-08 00:22:07", "elapsed": 1146.961068, "delta": 3.46305}}
{"target": -0.2895021441976541, "params": {"bus_acc": 1.2452, "bus_dcc": 2.375, "bus_lcAssertive": 61.5866, "bus_lcCooperative": 0.0396, "bus_lcLookaheadLeft": 17.3672, "bus_lcPushy": 0.8803, "bus_lcSigma": 0.4522, "bus_lcSpeedGainRight": 4.1314, "bus_lcSublane": 0.07, "bus_sigma": 0.0954, "bus_tau_mean": 1.832, "bus_tau_std": 2.0322, "bus_v_mean": 9.1435, "bus_v_std": 8.7338, "car_acc": 2.4393, "car_dcc": 1.1124, "car_lcAssertive": 45.1096, "car_lcCooperative": 0.3863, "car_lcLookaheadLeft": 22.8892, "car_lcPushy": 0.355, "car_lcSigma": 0.3557, "car_lcSpeedGainRight": 3.6425, "car_lcSublane": 0.1714, "car_sigma": 0.1426, "car_tau_mean": 2.7178, "car_tau_std": 2.3291, "car_v_mean": 10.9919, "car_v_std": 15.1327}, "datetime": {"datetime": "2024-08-08 00:22:12", "elapsed": 1151.215727, "delta": 4.254659}}
{"target": -0.32244226439797313, "params": {"bus_acc": 1.1203, "bus_dcc": 2.4185, "bus_lcAssertive": 67.791, "bus_lcCooperative": 0.286, "bus_lcLookaheadLeft": 95.7005, "bus_lcPushy": 0.9765, "bus_lcSigma": 0.1743, "bus_lcSpeedGainRight": 4.4571, "bus_lcSublane": 0.2453, "bus_sigma": 0.0513, "bus_tau_mean": 2.6876, "bus_tau_std": 0.7765, "bus_v_mean": 21.0446, "bus_v_std": 15.4815, "car_acc": 1.6869, "car_dcc": 3.7783, "car_lcAssertive": 25.8628, "car_lcCooperative": 0.008, "car_lcLookaheadLeft": 68.085, "car_lcPushy": 0.5438, "car_lcSigma": 0.9022, "car_lcSpeedGainRight": 0.8404, "car_lcSublane": 0.7086, "car_sigma": 0.6464, "car_tau_mean": 2.2623, "car_tau_std": 3.5115, "car_v_mean": 16.7408, "car_v_std": 12.3466}, "datetime": {"datetime": "2024-08-08 00:22:15", "elapsed": 1154.293359, "delta": 3.077632}}
{"target": -0.3964541827038601, "params": {"bus_acc": 1.1928, "bus_dcc": 3.8884, "bus_lcAssertive": 51.2948, "bus_lcCooperative": 0.2532, "bus_lcLookaheadLeft": 20.4257, "bus_lcPushy": 0.733, "bus_lcSigma": 0.4206, "bus_lcSpeedGainRight": 0.9909, "bus_lcSublane": 0.6571, "bus_sigma": 0.1799, "bus_tau_mean": 2.6273, "bus_tau_std": 7.6536, "bus_v_mean": 21.4809, "bus_v_std": 0.1722, "car_acc": 1.7471, "car_dcc": 2.3858, "car_lcAssertive": 66.6175, "car_lcCooperative": 0.7498, "car_lcLookaheadLeft": 49.3394, "car_lcPushy": 0.4662, "car_lcSigma": 0.7936, "car_lcSpeedGainRight": 4.8499, "car_lcSublane": 0.2624, "car_sigma": 0.5767, "car_tau_mean": 1.1488, "car_tau_std": 7.2414, "car_v_mean": 14.7954, "car_v_std": 19.3273}, "datetime": {"datetime": "2024-08-08 00:22:18", "elapsed": 1157.732184, "delta": 3.438825}}
{"target": -0.3660862723286932, "params": {"bus_acc": 1.146, "bus_dcc": 2.297, "bus_lcAssertive": 98.6587, "bus_lcCooperative": 0.5453, "bus_lcLookaheadLeft": 76.9989, "bus_lcPushy": 0.5518, "bus_lcSigma": 0.7427, "bus_lcSpeedGainRight": 4.4241, "bus_lcSublane": 0.1474, "bus_sigma": 0.2362, "bus_tau_mean": 2.0039, "bus_tau_std": 2.8966, "bus_v_mean": 16.995, "bus_v_std": 1.3045, "car_acc": 2.7178, "car_dcc": 2.7136, "car_lcAssertive": 55.9119, "car_lcCooperative": 0.8225, "car_lcLookaheadLeft": 64.2371, "car_lcPushy": 0.0442, "car_lcSigma": 0.077, "car_lcSpeedGainRight": 1.6485, "car_lcSublane": 0.0875, "car_sigma": 0.8738, "car_tau_mean": 1.0809, "car_tau_std": 5.5797, "car_v_mean": 14.0488, "car_v_std": 11.7897}, "datetime": {"datetime": "2024-08-08 00:22:21", "elapsed": 1160.684929, "delta": 2.952745}}
{"target": -0.3241713208563667, "params": {"bus_acc": 1.7248, "bus_dcc": 2.2747, "bus_lcAssertive": 77.0714, "bus_lcCooperative": 0.2751, "bus_lcLookaheadLeft": 86.9231, "bus_lcPushy": 0.7683, "bus_lcSigma": 0.6735, "bus_lcSpeedGainRight": 2.2715, "bus_lcSublane": 0.1786, "bus_sigma": 0.4194, "bus_tau_mean": 1.8852, "bus_tau_std": 1.72, "bus_v_mean": 15.2876, "bus_v_std": 12.1671, "car_acc": 2.2268, "car_dcc": 1.6889, "car_lcAssertive": 13.6565, "car_lcCooperative": 0.2988, "car_lcLookaheadLeft": 64.3023, "car_lcPushy": 0.3183, "car_lcSigma": 0.6384, "car_lcSpeedGainRight": 2.4636, "car_lcSublane": 0.1392, "car_sigma": 0.6298, "car_tau_mean": 0.8506, "car_tau_std": 4.4171, "car_v_mean": 17.7596, "car_v_std": 9.4909}, "datetime": {"datetime": "2024-08-08 00:22:25", "elapsed": 1164.217602, "delta": 3.532673}}
{"target": -0.3537422655115267, "params": {"bus_acc": 1.5626, "bus_dcc": 2.9093, "bus_lcAssertive": 97.4133, "bus_lcCooperative": 0.7129, "bus_lcLookaheadLeft": 87.4267, "bus_lcPushy": 0.6732, "bus_lcSigma": 0.9421, "bus_lcSpeedGainRight": 0.0509, "bus_lcSublane": 0.3411, "bus_sigma": 0.1953, "bus_tau_mean": 1.6381, "bus_tau_std": 2.7005, "bus_v_mean": 19.4207, "bus_v_std": 12.6158, "car_acc": 2.2712, "car_dcc": 1.4772, "car_lcAssertive": 81.7794, "car_lcCooperative": 0.113, "car_lcLookaheadLeft": 68.6744, "car_lcPushy": 0.8286, "car_lcSigma": 0.9717, "car_lcSpeedGainRight": 1.12, "car_lcSublane": 0.3667, "car_sigma": 0.4904, "car_tau_mean": 3.8048, "car_tau_std": 5.5248, "car_v_mean": 22.5673, "car_v_std": 19.3957}, "datetime": {"datetime": "2024-08-08 00:22:30", "elapsed": 1169.541044, "delta": 5.323442}}
{"target": -0.3254807309041528, "params": {"bus_acc": 1.7794, "bus_dcc": 2.1613, "bus_lcAssertive": 77.3026, "bus_lcCooperative": 0.3479, "bus_lcLookaheadLeft": 89.3591, "bus_lcPushy": 0.8331, "bus_lcSigma": 0.6423, "bus_lcSpeedGainRight": 2.6746, "bus_lcSublane": 0.1641, "bus_sigma": 0.4376, "bus_tau_mean": 2.1457, "bus_tau_std": 1.129, "bus_v_mean": 15.3099, "bus_v_std": 12.7975, "car_acc": 2.5661, "car_dcc": 1.3937, "car_lcAssertive": 14.2977, "car_lcCooperative": 0.5586, "car_lcLookaheadLeft": 61.9155, "car_lcPushy": 0.2156, "car_lcSigma": 0.7015, "car_lcSpeedGainRight": 1.6969, "car_lcSublane": 0.4215, "car_sigma": 0.3898, "car_tau_mean": 0.5, "car_tau_std": 2.2613, "car_v_mean": 15.4656, "car_v_std": 8.3931}, "datetime": {"datetime": "2024-08-08 00:22:33", "elapsed": 1172.817951, "delta": 3.276907}}
{"target": -0.3652264107823492, "params": {"bus_acc": 1.1109, "bus_dcc": 1.845, "bus_lcAssertive": 82.4311, "bus_lcCooperative": 0.2281, "bus_lcLookaheadLeft": 79.638, "bus_lcPushy": 0.2708, "bus_lcSigma": 0.8703, "bus_lcSpeedGainRight": 3.7411, "bus_lcSublane": 0.772, "bus_sigma": 0.5823, "bus_tau_mean": 3.2864, "bus_tau_std": 5.5519, "bus_v_mean": 21.8568, "bus_v_std": 11.0494, "car_acc": 2.8728, "car_dcc": 3.6553, "car_lcAssertive": 46.083, "car_lcCooperative": 0.6113, "car_lcLookaheadLeft": 95.7966, "car_lcPushy": 0.9608, "car_lcSigma": 0.9929, "car_lcSpeedGainRight": 2.8295, "car_lcSublane": 0.0321, "car_sigma": 0.7531, "car_tau_mean": 1.7121, "car_tau_std": 1.6821, "car_v_mean": 13.7871, "car_v_std": 1.3232}, "datetime": {"datetime": "2024-08-08 00:22:36", "elapsed": 1175.938126, "delta": 3.120175}}
{"target": -0.3289293635087954, "params": {"bus_acc": 1.7275, "bus_dcc": 2.2767, "bus_lcAssertive": 76.9303, "bus_lcCooperative": 0.2739, "bus_lcLookaheadLeft": 86.8597, "bus_lcPushy": 0.7616, "bus_lcSigma": 0.6629, "bus_lcSpeedGainRight": 2.2601, "bus_lcSublane": 0.1877, "bus_sigma": 0.4256, "bus_tau_mean": 1.8811, "bus_tau_std": 1.7408, "bus_v_mean": 15.272, "bus_v_std": 12.1843, "car_acc": 2.2009, "car_dcc": 1.6844, "car_lcAssertive": 13.6337, "car_lcCooperative": 0.3027, "car_lcLookaheadLeft": 64.2739, "car_lcPushy": 0.3286, "car_lcSigma": 0.6407, "car_lcSpeedGainRight": 2.4898, "car_lcSublane": 0.143, "car_sigma": 0.6313, "car_tau_mean": 0.8717, "car_tau_std": 4.4443, "car_v_mean": 17.8349, "car_v_std": 9.5879}, "datetime": {"datetime": "2024-08-08 00:22:39", "elapsed": 1178.932673, "delta": 2.994547}}
{"target": -0.34099606223918355, "params": {"bus_acc": 1.5068, "bus_dcc": 2.4669, "bus_lcAssertive": 96.6051, "bus_lcCooperative": 0.3099, "bus_lcLookaheadLeft": 82.6948, "bus_lcPushy": 0.6747, "bus_lcSigma": 0.7534, "bus_lcSpeedGainRight": 4.6862, "bus_lcSublane": 0.4149, "bus_sigma": 0.5018, "bus_tau_mean": 1.3956, "bus_tau_std": 5.8743, "bus_v_mean": 15.031, "bus_v_std": 6.6001, "car_acc": 1.8871, "car_dcc": 3.0578, "car_lcAssertive": 10.6326, "car_lcCooperative": 0.6345, "car_lcLookaheadLeft": 59.3777, "car_lcPushy": 0.3899, "car_lcSigma": 0.5283, "car_lcSpeedGainRight": 1.5795, "car_lcSublane": 0.1505, "car_sigma": 0.6078, "car_tau_mean": 1.9847, "car_tau_std": 3.4967, "car_v_mean": 15.0393, "car_v_std": 5.7987}, "datetime": {"datetime": "2024-08-08 00:22:44", "elapsed": 1183.15173, "delta": 4.219057}}
{"target": -0.3378606321396346, "params": {"bus_acc": 1.0218, "bus_dcc": 1.4159, "bus_lcAssertive": 74.6367, "bus_lcCooperative": 0.1634, "bus_lcLookaheadLeft": 81.1971, "bus_lcPushy": 0.4938, "bus_lcSigma": 0.8613, "bus_lcSpeedGainRight": 1.8922, "bus_lcSublane": 0.0174, "bus_sigma": 0.2538, "bus_tau_mean": 0.6094, "bus_tau_std": 1.1869, "bus_v_mean": 20.4435, "bus_v_std": 13.0276, "car_acc": 1.8646, "car_dcc": 2.1519, "car_lcAssertive": 70.3738, "car_lcCooperative": 0.6462, "car_lcLookaheadLeft": 75.8626, "car_lcPushy": 0.9345, "car_lcSigma": 0.5123, "car_lcSpeedGainRight": 2.4569, "car_lcSublane": 0.8878, "car_sigma": 0.8269, "car_tau_mean": 2.5697, "car_tau_std": 6.8198, "car_v_mean": 22.9027, "car_v_std": 16.0248}, "datetime": {"datetime": "2024-08-08 00:22:46", "elapsed": 1185.747656, "delta": 2.595926}}
{"target": -0.37147510558136804, "params": {"bus_acc": 1.2086, "bus_dcc": 2.8114, "bus_lcAssertive": 85.6472, "bus_lcCooperative": 0.6437, "bus_lcLookaheadLeft": 45.1779, "bus_lcPushy": 0.9342, "bus_lcSigma": 0.9417, "bus_lcSpeedGainRight": 2.317, "bus_lcSublane": 0.4139, "bus_sigma": 0.0034, "bus_tau_mean": 1.3507, "bus_tau_std": 3.6388, "bus_v_mean": 19.0261, "bus_v_std": 2.2351, "car_acc": 1.6886, "car_dcc": 2.069, "car_lcAssertive": 29.1322, "car_lcCooperative": 0.4002, "car_lcLookaheadLeft": 89.0644, "car_lcPushy": 0.928, "car_lcSigma": 0.895, "car_lcSpeedGainRight": 0.2067, "car_lcSublane": 0.5992, "car_sigma": 0.6369, "car_tau_mean": 3.3203, "car_tau_std": 5.6701, "car_v_mean": 18.5161, "car_v_std": 11.5977}, "datetime": {"datetime": "2024-08-08 00:22:50", "elapsed": 1189.582036, "delta": 3.83438}}
{"target": -0.3581985243325303, "params": {"bus_acc": 1.7488, "bus_dcc": 3.5815, "bus_lcAssertive": 15.0279, "bus_lcCooperative": 0.6303, "bus_lcLookaheadLeft": 10.1286, "bus_lcPushy": 0.9962, "bus_lcSigma": 0.13, "bus_lcSpeedGainRight": 0.9031, "bus_lcSublane": 0.3907, "bus_sigma": 0.6641, "bus_tau_mean": 3.156, "bus_tau_std": 7.7219, "bus_v_mean": 10.5159, "bus_v_std": 17.4748, "car_acc": 2.4199, "car_dcc": 3.7319, "car_lcAssertive": 83.2026, "car_lcCooperative": 0.4081, "car_lcLookaheadLeft": 46.1964, "car_lcPushy": 0.2321, "car_lcSigma": 0.9749, "car_lcSpeedGainRight": 3.2393, "car_lcSublane": 0.0282, "car_sigma": 0.2858, "car_tau_mean": 2.4508, "car_tau_std": 7.7038, "car_v_mean": 16.7775, "car_v_std": 7.5457}, "datetime": {"datetime": "2024-08-08 00:22:54", "elapsed": 1193.17564, "delta": 3.593604}}
{"target": -0.32946644284818377, "params": {"bus_acc": 1.7273, "bus_dcc": 2.1988, "bus_lcAssertive": 77.9365, "bus_lcCooperative": 0.2668, "bus_lcLookaheadLeft": 86.6302, "bus_lcPushy": 0.7543, "bus_lcSigma": 0.6493, "bus_lcSpeedGainRight": 2.3746, "bus_lcSublane": 0.2122, "bus_sigma": 0.4117, "bus_tau_mean": 1.9801, "bus_tau_std": 1.6735, "bus_v_mean": 15.6265, "bus_v_std": 12.4509, "car_acc": 2.3025, "car_dcc": 1.5635, "car_lcAssertive": 14.7039, "car_lcCooperative": 0.3228, "car_lcLookaheadLeft": 63.2283, "car_lcPushy": 0.3072, "car_lcSigma": 0.6525, "car_lcSpeedGainRight": 2.5948, "car_lcSublane": 0.1365, "car_sigma": 0.6405, "car_tau_mean": 0.8493, "car_tau_std": 4.2522, "car_v_mean": 17.66, "car_v_std": 9.6567}, "datetime": {"datetime": "2024-08-08 00:22:58", "elapsed": 1197.94603, "delta": 4.77039}}
{"target": -0.3176511453573465, "params": {"bus_acc": 1.5411, "bus_dcc": 2.3545, "bus_lcAssertive": 40.6268, "bus_lcCooperative": 0.4299, "bus_lcLookaheadLeft": 25.5599, "bus_lcPushy": 0.1304, "bus_lcSigma": 0.6123, "bus_lcSpeedGainRight": 3.9434, "bus_lcSublane": 0.8948, "bus_sigma": 0.9626, "bus_tau_mean": 3.7477, "bus_tau_std": 5.7237, "bus_v_mean": 20.4835, "bus_v_std": 10.9146, "car_acc": 1.132, "car_dcc": 1.45, "car_lcAssertive": 51.3885, "car_lcCooperative": 0.6392, "car_lcLookaheadLeft": 15.4097, "car_lcPushy": 0.9225, "car_lcSigma": 0.9019, "car_lcSpeedGainRight": 4.9677, "car_lcSublane": 0.2914, "car_sigma": 0.5498, "car_tau_mean": 2.306, "car_tau_std": 3.5433, "car_v_mean": 9.6293, "car_v_std": 0.3944}, "datetime": {"datetime": "2024-08-08 00:23:02", "elapsed": 1201.187444, "delta": 3.241414}}
{"target": -0.354664432400635, "params": {"bus_acc": 2.4184, "bus_dcc": 3.8311, "bus_lcAssertive": 29.1505, "bus_lcCooperative": 0.5964, "bus_lcLookaheadLeft": 41.2773, "bus_lcPushy": 0.2717, "bus_lcSigma": 0.0058, "bus_lcSpeedGainRight": 4.5762, "bus_lcSublane": 0.9744, "bus_sigma": 0.9491, "bus_tau_mean": 2.5148, "bus_tau_std": 5.6842, "bus_v_mean": 19.8599, "bus_v_std": 19.3573, "car_acc": 1.4914, "car_dcc": 3.7717, "car_lcAssertive": 53.2067, "car_lcCooperative": 0.4291, "car_lcLookaheadLeft": 87.0573, "car_lcPushy": 0.0482, "car_lcSigma": 0.7932, "car_lcSpeedGainRight": 4.672, "car_lcSublane": 0.2463, "car_sigma": 0.1856, "car_tau_mean": 2.3495, "car_tau_std": 1.9004, "car_v_mean": 12.2909, "car_v_std": 0.3896}, "datetime": {"datetime": "2024-08-08 00:23:05", "elapsed": 1204.517576, "delta": 3.330132}}
{"target": -0.35724101311689294, "params": {"bus_acc": 2.0044, "bus_dcc": 2.274, "bus_lcAssertive": 18.3813, "bus_lcCooperative": 0.4993, "bus_lcLookaheadLeft": 39.6651, "bus_lcPushy": 0.3316, "bus_lcSigma": 0.4268, "bus_lcSpeedGainRight": 0.1183, "bus_lcSublane": 0.6623, "bus_sigma": 0.6952, "bus_tau_mean": 1.8613, "bus_tau_std": 7.5723, "bus_v_mean": 11.8013, "bus_v_std": 11.0006, "car_acc": 1.1305, "car_dcc": 1.8049, "car_lcAssertive": 42.4936, "car_lcCooperative": 0.605, "car_lcLookaheadLeft": 57.281, "car_lcPushy": 0.7078, "car_lcSigma": 0.4477, "car_lcSpeedGainRight": 2.4966, "car_lcSublane": 0.2435, "car_sigma": 0.6252, "car_tau_mean": 2.8787, "car_tau_std": 3.4508, "car_v_mean": 18.5764, "car_v_std": 4.8547}, "datetime": {"datetime": "2024-08-08 00:23:09", "elapsed": 1208.33873, "delta": 3.821154}}
{"target": -0.3200222972582907, "params": {"bus_acc": 1.0, "bus_dcc": 1.0, "bus_lcAssertive": 33.0948, "bus_lcCooperative": 1.0, "bus_lcLookaheadLeft": 31.3427, "bus_lcPushy": 0.9237, "bus_lcSigma": 0.8031, "bus_lcSpeedGainRight": 2.3193, "bus_lcSublane": 0.3499, "bus_sigma": 0.2119, "bus_tau_mean": 2.8501, "bus_tau_std": 0.9137, "bus_v_mean": 9.2527, "bus_v_std": 12.4226, "car_acc": 3.0, "car_dcc": 2.8942, "car_lcAssertive": 34.8115, "car_lcCooperative": 0.0, "car_lcLookaheadLeft": 71.6253, "car_lcPushy": 1.0, "car_lcSigma": 0.1805, "car_lcSpeedGainRight": 4.4698, "car_lcSublane": 0.3831, "car_sigma": 0.6117, "car_tau_mean": 2.1645, "car_tau_std": 3.2358, "car_v_mean": 10.5498, "car_v_std": 8.3571}, "datetime": {"datetime": "2024-08-08 00:23:12", "elapsed": 1211.256807, "delta": 2.918077}}
{"target": -0.519124156325592, "params": {"bus_acc": 1.9124, "bus_dcc": 3.9527, "bus_lcAssertive": 91.9725, "bus_lcCooperative": 0.5701, "bus_lcLookaheadLeft": 25.9835, "bus_lcPushy": 0.2138, "bus_lcSigma": 0.1598, "bus_lcSpeedGainRight": 3.9455, "bus_lcSublane": 0.3606, "bus_sigma": 0.1141, "bus_tau_mean": 2.5412, "bus_tau_std": 7.8151, "bus_v_mean": 16.16, "bus_v_std": 13.0222, "car_acc": 2.9834, "car_dcc": 1.6434, "car_lcAssertive": 49.7579, "car_lcCooperative": 0.1717, "car_lcLookaheadLeft": 12.3754, "car_lcPushy": 0.7926, "car_lcSigma": 0.8727, "car_lcSpeedGainRight": 1.6892, "car_lcSublane": 0.2412, "car_sigma": 0.2184, "car_tau_mean": 3.7322, "car_tau_std": 7.0416, "car_v_mean": 22.6682, "car_v_std": 0.5187}, "datetime": {"datetime": "2024-08-08 00:23:16", "elapsed": 1215.334512, "delta": 4.077705}}
{"target": -0.3835370258831934, "params": {"bus_acc": 1.6669, "bus_dcc": 2.2457, "bus_lcAssertive": 43.0851, "bus_lcCooperative": 0.1192, "bus_lcLookaheadLeft": 10.0569, "bus_lcPushy": 0.6813, "bus_lcSigma": 0.902, "bus_lcSpeedGainRight": 2.8628, "bus_lcSublane": 0.2128, "bus_sigma": 0.3164, "bus_tau_mean": 3.99, "bus_tau_std": 3.6683, "bus_v_mean": 20.9525, "bus_v_std": 12.3406, "car_acc": 1.5687, "car_dcc": 1.6309, "car_lcAssertive": 6.2199, "car_lcCooperative": 0.2966, "car_lcLookaheadLeft": 33.8169, "car_lcPushy": 0.839, "car_lcSigma": 0.9036, "car_lcSpeedGainRight": 3.9344, "car_lcSublane": 0.4408, "car_sigma": 0.4699, "car_tau_mean": 2.6516, "car_tau_std": 4.9203, "car_v_mean": 14.3167, "car_v_std": 9.9209}, "datetime": {"datetime": "2024-08-08 00:23:18", "elapsed": 1218.070474, "delta": 2.735962}}
{"target": -0.3482398574002613, "params": {"bus_acc": 1.2597, "bus_dcc": 1.7599, "bus_lcAssertive": 3.1358, "bus_lcCooperative": 0.6297, "bus_lcLookaheadLeft": 6.0645, "bus_lcPushy": 0.4527, "bus_lcSigma": 0.6672, "bus_lcSpeedGainRight": 1.4315, "bus_lcSublane": 0.1839, "bus_sigma": 0.3859, "bus_tau_mean": 3.2832, "bus_tau_std": 2.8143, "bus_v_mean": 9.4332, "bus_v_std": 9.8486, "car_acc": 1.5955, "car_dcc": 3.6644, "car_lcAssertive": 90.1406, "car_lcCooperative": 0.8267, "car_lcLookaheadLeft": 96.281, "car_lcPushy": 0.473, "car_lcSigma": 0.2316, "car_lcSpeedGainRight": 2.8369, "car_lcSublane": 0.2457, "car_sigma": 0.4963, "car_tau_mean": 3.6511, "car_tau_std": 4.4093, "car_v_mean": 23.3724, "car_v_std": 1.0262}, "datetime": {"datetime": "2024-08-08 00:23:20", "elapsed": 1219.809227, "delta": 1.738753}}
{"target": -0.3354934169414545, "params": {"bus_acc": 1.7166, "bus_dcc": 2.2845, "bus_lcAssertive": 76.9203, "bus_lcCooperative": 0.2656, "bus_lcLookaheadLeft": 86.9547, "bus_lcPushy": 0.7753, "bus_lcSigma": 0.6731, "bus_lcSpeedGainRight": 2.2392, "bus_lcSublane": 0.1884, "bus_sigma": 0.4313, "bus_tau_mean": 1.8785, "bus_tau_std": 1.678, "bus_v_mean": 15.2636, "bus_v_std": 12.2993, "car_acc": 2.2208, "car_dcc": 1.6729, "car_lcAssertive": 13.3893, "car_lcCooperative": 0.2888, "car_lcLookaheadLeft": 64.3469, "car_lcPushy": 0.33, "car_lcSigma": 0.6353, "car_lcSpeedGainRight": 2.5096, "car_lcSublane": 0.1398, "car_sigma": 0.6311, "car_tau_mean": 0.8467, "car_tau_std": 4.4486, "car_v_mean": 17.8795, "car_v_std": 9.7141}, "datetime": {"datetime": "2024-08-08 00:23:23", "elapsed": 1222.426024, "delta": 2.616797}}
{"target": -0.4180198351157961, "params": {"bus_acc": 1.1494, "bus_dcc": 3.0096, "bus_lcAssertive": 72.4396, "bus_lcCooperative": 0.4474, "bus_lcLookaheadLeft": 69.1529, "bus_lcPushy": 0.0094, "bus_lcSigma": 0.5028, "bus_lcSpeedGainRight": 0.3994, "bus_lcSublane": 0.1019, "bus_sigma": 0.2634, "bus_tau_mean": 1.0239, "bus_tau_std": 3.4071, "bus_v_mean": 22.7714, "bus_v_std": 5.4053, "car_acc": 1.4086, "car_dcc": 3.6176, "car_lcAssertive": 13.3129, "car_lcCooperative": 0.1598, "car_lcLookaheadLeft": 55.0379, "car_lcPushy": 0.4775, "car_lcSigma": 0.0935, "car_lcSpeedGainRight": 1.2319, "car_lcSublane": 0.6383, "car_sigma": 0.7695, "car_tau_mean": 1.75, "car_tau_std": 7.1295, "car_v_mean": 15.3156, "car_v_std": 11.611}, "datetime": {"datetime": "2024-08-08 00:23:25", "elapsed": 1224.722294, "delta": 2.29627}}
