{"target": -0.33279742760922765, "params": {"bus_acc": 2.0844, "bus_dcc": 1.0326, "bus_lcAssertive": 26.0766, "bus_lcCooperative": 0.0852, "bus_lcLookaheadLeft": 91.2493, "bus_lcPushy": 0.5593, "bus_lcSigma": 0.5288, "bus_lcSpeedGainRight": 0.4901, "bus_lcSublane": 0.7267, "bus_sigma": 0.9537, "bus_tau_mean": 2.4314, "bus_tau_std": 2.381, "bus_v_mean": 9.8297, "bus_v_std": 4.0686, "car_acc": 3.1378, "car_dcc": 3.46, "car_lcAssertive": 83.9141, "car_lcCooperative": 0.1556, "car_lcLookaheadLeft": 93.9475, "car_lcPushy": 0.7418, "car_lcSigma": 0.4812, "car_lcSpeedGainRight": 3.7494, "car_lcSublane": 0.9529, "car_sigma": 0.781, "car_tau_mean": 2.249, "car_tau_std": 8.06, "car_v_mean": 20.039, "car_v_std": 3.0757}, "datetime": {"datetime": "2024-08-08 19:00:01", "elapsed": 1408.805307, "delta": 6.676652}}
{"target": -0.31365521612761077, "params": {"bus_acc": 1.5071, "bus_dcc": 3.9998, "bus_lcAssertive": 43.1007, "bus_lcCooperative": 0.2195, "bus_lcLookaheadLeft": 97.8102, "bus_lcPushy": 0.7822, "bus_lcSigma": 0.9719, "bus_lcSpeedGainRight": 4.4264, "bus_lcSublane": 0.409, "bus_sigma": 0.0739, "bus_tau_mean": 1.0319, "bus_tau_std": 5.2995, "bus_v_mean": 23.0796, "bus_v_std": 12.7193, "car_acc": 1.337, "car_dcc": 1.3781, "car_lcAssertive": 19.8411, "car_lcCooperative": 0.2497, "car_lcLookaheadLeft": 17.0792, "car_lcPushy": 0.7827, "car_lcSigma": 0.8517, "car_lcSpeedGainRight": 2.2855, "car_lcSublane": 0.0535, "car_sigma": 0.7533, "car_tau_mean": 1.7, "car_tau_std": 4.4399, "car_v_mean": 14.211, "car_v_std": 0.8422}, "datetime": {"datetime": "2024-08-08 19:00:05", "elapsed": 1413.381561, "delta": 4.576254}}
{"target": -0.2983368796215108, "params": {"bus_acc": 3.5049, "bus_dcc": 1.3274, "bus_lcAssertive": 16.3803, "bus_lcCooperative": 0.0193, "bus_lcLookaheadLeft": 47.0205, "bus_lcPushy": 0.0893, "bus_lcSigma": 0.8538, "bus_lcSpeedGainRight": 0.2756, "bus_lcSublane": 0.9761, "bus_sigma": 0.1388, "bus_tau_mean": 3.4333, "bus_tau_std": 8.2257, "bus_v_mean": 8.2351, "bus_v_std": 13.3109, "car_acc": 3.7888, "car_dcc": 1.2156, "car_lcAssertive": 41.6271, "car_lcCooperative": 0.0398, "car_lcLookaheadLeft": 54.1591, "car_lcPushy": 0.1699, "car_lcSigma": 0.9869, "car_lcSpeedGainRight": 3.8315, "car_lcSublane": 0.6289, "car_sigma": 0.9567, "car_tau_mean": 1.2621, "car_tau_std": 3.7101, "car_v_mean": 17.2919, "car_v_std": 6.372}, "datetime": {"datetime": "2024-08-08 19:00:16", "elapsed": 1424.53013, "delta": 11.148569}}
{"target": -0.28665844588283246, "params": {"bus_acc": 3.3373, "bus_dcc": 1.386, "bus_lcAssertive": 44.4672, "bus_lcCooperative": 0.9029, "bus_lcLookaheadLeft": 17.4938, "bus_lcPushy": 0.4617, "bus_lcSigma": 0.9025, "bus_lcSpeedGainRight": 2.6648, "bus_lcSublane": 0.8682, "bus_sigma": 0.1545, "bus_tau_mean": 1.1549, "bus_tau_std": 9.7499, "bus_v_mean": 17.1019, "bus_v_std": 9.0136, "car_acc": 3.4943, "car_dcc": 1.7078, "car_lcAssertive": 97.8118, "car_lcCooperative": 0.8358, "car_lcLookaheadLeft": 79.4416, "car_lcPushy": 0.9958, "car_lcSigma": 0.2808, "car_lcSpeedGainRight": 0.0505, "car_lcSublane": 0.838, "car_sigma": 0.2712, "car_tau_mean": 1.6006, "car_tau_std": 3.2468, "car_v_mean": 12.2451, "car_v_std": 14.349}, "datetime": {"datetime": "2024-08-08 19:00:19", "elapsed": 1427.655451, "delta": 3.125321}}
{"target": -0.3197427300885803, "params": {"bus_acc": 1.5386, "bus_dcc": 2.6087, "bus_lcAssertive": 46.132, "bus_lcCooperative": 0.7643, "bus_lcLookaheadLeft": 35.7515, "bus_lcPushy": 0.0897, "bus_lcSigma": 0.0589, "bus_lcSpeedGainRight": 4.398, "bus_lcSublane": 0.2872, "bus_sigma": 0.5577, "bus_tau_mean": 0.8991, "bus_tau_std": 6.6728, "bus_v_mean": 21.6836, "bus_v_std": 13.3482, "car_acc": 3.561, "car_dcc": 1.9564, "car_lcAssertive": 76.5062, "car_lcCooperative": 0.167, "car_lcLookaheadLeft": 97.7753, "car_lcPushy": 0.2482, "car_lcSigma": 0.8045, "car_lcSpeedGainRight": 2.1514, "car_lcSublane": 0.0589, "car_sigma": 0.709, "car_tau_mean": 2.9629, "car_tau_std": 8.2232, "car_v_mean": 12.0197, "car_v_std": 8.6439}, "datetime": {"datetime": "2024-08-08 19:00:24", "elapsed": 1432.51292, "delta": 4.857469}}
{"target": -0.3628699532465612, "params": {"bus_acc": 3.6001, "bus_dcc": 2.474, "bus_lcAssertive": 94.6629, "bus_lcCooperative": 0.312, "bus_lcLookaheadLeft": 67.4846, "bus_lcPushy": 0.1745, "bus_lcSigma": 0.4397, "bus_lcSpeedGainRight": 3.385, "bus_lcSublane": 0.5549, "bus_sigma": 0.7325, "bus_tau_mean": 2.4615, "bus_tau_std": 7.0991, "bus_v_mean": 15.9982, "bus_v_std": 8.6303, "car_acc": 2.7338, "car_dcc": 3.5832, "car_lcAssertive": 35.5371, "car_lcCooperative": 0.6478, "car_lcLookaheadLeft": 93.2428, "car_lcPushy": 0.1039, "car_lcSigma": 0.4316, "car_lcSpeedGainRight": 3.5432, "car_lcSublane": 0.2987, "car_sigma": 0.5979, "car_tau_mean": 3.5469, "car_tau_std": 4.28, "car_v_mean": 20.9564, "car_v_std": 5.1042}, "datetime": {"datetime": "2024-08-08 19:00:31", "elapsed": 1439.561008, "delta": 7.048088}}
{"target": -0.30440065075168105, "params": {"bus_acc": 2.5958, "bus_dcc": 1.8255, "bus_lcAssertive": 44.4143, "bus_lcCooperative": 0.3699, "bus_lcLookaheadLeft": 17.0807, "bus_lcPushy": 0.2405, "bus_lcSigma": 0.2245, "bus_lcSpeedGainRight": 1.3263, "bus_lcSublane": 0.0556, "bus_sigma": 0.1036, "bus_tau_mean": 0.5807, "bus_tau_std": 3.8225, "bus_v_mean": 17.8964, "bus_v_std": 16.6885, "car_acc": 2.3485, "car_dcc": 1.5407, "car_lcAssertive": 14.2939, "car_lcCooperative": 0.9512, "car_lcLookaheadLeft": 36.9436, "car_lcPushy": 0.4392, "car_lcSigma": 0.5028, "car_lcSpeedGainRight": 2.7316, "car_lcSublane": 0.6807, "car_sigma": 0.5068, "car_tau_mean": 1.2597, "car_tau_std": 3.6849, "car_v_mean": 14.4995, "car_v_std": 14.2064}, "datetime": {"datetime": "2024-08-08 19:00:37", "elapsed": 1444.881416, "delta": 5.320408}}
{"target": -0.3964667409678399, "params": {"bus_acc": 2.4856, "bus_dcc": 1.5737, "bus_lcAssertive": 32.8855, "bus_lcCooperative": 0.9, "bus_lcLookaheadLeft": 82.8678, "bus_lcPushy": 0.6991, "bus_lcSigma": 0.0309, "bus_lcSpeedGainRight": 1.7482, "bus_lcSublane": 0.5043, "bus_sigma": 0.4129, "bus_tau_mean": 1.4842, "bus_tau_std": 9.6829, "bus_v_mean": 19.6821, "bus_v_std": 10.5783, "car_acc": 1.1657, "car_dcc": 3.3686, "car_lcAssertive": 32.2521, "car_lcCooperative": 0.0578, "car_lcLookaheadLeft": 8.0911, "car_lcPushy": 0.9262, "car_lcSigma": 0.2233, "car_lcSpeedGainRight": 3.9397, "car_lcSublane": 0.3287, "car_sigma": 0.8416, "car_tau_mean": 2.4781, "car_tau_std": 7.3329, "car_v_mean": 20.3313, "car_v_std": 12.2231}, "datetime": {"datetime": "2024-08-08 19:00:39", "elapsed": 1447.023713, "delta": 2.142297}}
{"target": -0.4253780372326044, "params": {"bus_acc": 3.0291, "bus_dcc": 2.2533, "bus_lcAssertive": 51.3815, "bus_lcCooperative": 0.5029, "bus_lcLookaheadLeft": 38.8267, "bus_lcPushy": 0.2738, "bus_lcSigma": 0.6384, "bus_lcSpeedGainRight": 4.2474, "bus_lcSublane": 0.3845, "bus_sigma": 0.3137, "bus_tau_mean": 2.0476, "bus_tau_std": 0.2886, "bus_v_mean": 20.0185, "bus_v_std": 0.2865, "car_acc": 3.1865, "car_dcc": 3.2944, "car_lcAssertive": 16.1493, "car_lcCooperative": 0.5399, "car_lcLookaheadLeft": 86.8982, "car_lcPushy": 0.6902, "car_lcSigma": 0.0935, "car_lcSpeedGainRight": 1.5635, "car_lcSublane": 0.3055, "car_sigma": 0.2369, "car_tau_mean": 2.3133, "car_tau_std": 8.041, "car_v_mean": 22.8869, "car_v_std": 5.3365}, "datetime": {"datetime": "2024-08-08 19:00:49", "elapsed": 1456.847884, "delta": 9.824171}}
{"target": -0.3060264828823443, "params": {"bus_acc": 3.5188, "bus_dcc": 1.1293, "bus_lcAssertive": 8.5243, "bus_lcCooperative": 0.3507, "bus_lcLookaheadLeft": 75.4765, "bus_lcPushy": 0.4475, "bus_lcSigma": 0.0894, "bus_lcSpeedGainRight": 1.3592, "bus_lcSublane": 0.5198, "bus_sigma": 0.1701, "bus_tau_mean": 2.2002, "bus_tau_std": 6.329, "bus_v_mean": 20.6744, "bus_v_std": 7.384, "car_acc": 3.1357, "car_dcc": 1.1453, "car_lcAssertive": 62.7643, "car_lcCooperative": 0.952, "car_lcLookaheadLeft": 79.8429, "car_lcPushy": 0.242, "car_lcSigma": 0.5022, "car_lcSpeedGainRight": 3.2116, "car_lcSublane": 0.4045, "car_sigma": 0.7705, "car_tau_mean": 1.5751, "car_tau_std": 7.1949, "car_v_mean": 18.4363, "car_v_std": 18.2938}, "datetime": {"datetime": "2024-08-08 19:00:55", "elapsed": 1463.732655, "delta": 6.884771}}
{"target": -0.3019029141671453, "params": {"bus_acc": 3.1655, "bus_dcc": 2.6743, "bus_lcAssertive": 55.9745, "bus_lcCooperative": 0.6899, "bus_lcLookaheadLeft": 44.7008, "bus_lcPushy": 0.6296, "bus_lcSigma": 0.3876, "bus_lcSpeedGainRight": 4.1154, "bus_lcSublane": 0.9454, "bus_sigma": 0.1951, "bus_tau_mean": 0.733, "bus_tau_std": 3.9081, "bus_v_mean": 18.4834, "bus_v_std": 1.8557, "car_acc": 3.6305, "car_dcc": 1.5701, "car_lcAssertive": 21.3024, "car_lcCooperative": 0.807, "car_lcLookaheadLeft": 5.818, "car_lcPushy": 0.4085, "car_lcSigma": 0.8336, "car_lcSpeedGainRight": 4.5574, "car_lcSublane": 0.4083, "car_sigma": 0.8501, "car_tau_mean": 3.2062, "car_tau_std": 6.9326, "car_v_mean": 14.7332, "car_v_std": 3.4361}, "datetime": {"datetime": "2024-08-08 19:00:58", "elapsed": 1466.092223, "delta": 2.359568}}
{"target": -0.330873341513005, "params": {"bus_acc": 1.7929, "bus_dcc": 3.649, "bus_lcAssertive": 45.5802, "bus_lcCooperative": 0.651, "bus_lcLookaheadLeft": 12.5421, "bus_lcPushy": 0.7883, "bus_lcSigma": 0.7318, "bus_lcSpeedGainRight": 1.7359, "bus_lcSublane": 0.1515, "bus_sigma": 0.5604, "bus_tau_mean": 0.7044, "bus_tau_std": 3.0066, "bus_v_mean": 17.8561, "bus_v_std": 11.9338, "car_acc": 1.5431, "car_dcc": 3.0534, "car_lcAssertive": 13.7597, "car_lcCooperative": 0.1525, "car_lcLookaheadLeft": 29.5216, "car_lcPushy": 0.0111, "car_lcSigma": 0.1023, "car_lcSpeedGainRight": 1.4825, "car_lcSublane": 0.2012, "car_sigma": 0.8704, "car_tau_mean": 3.8021, "car_tau_std": 4.8645, "car_v_mean": 21.4937, "car_v_std": 11.8152}, "datetime": {"datetime": "2024-08-08 19:00:59", "elapsed": 1467.447143, "delta": 1.35492}}
{"target": -0.3076847027843473, "params": {"bus_acc": 3.696, "bus_dcc": 3.1243, "bus_lcAssertive": 13.3212, "bus_lcCooperative": 0.2312, "bus_lcLookaheadLeft": 54.1063, "bus_lcPushy": 0.4339, "bus_lcSigma": 0.2327, "bus_lcSpeedGainRight": 4.8939, "bus_lcSublane": 0.8429, "bus_sigma": 0.9762, "bus_tau_mean": 1.1604, "bus_tau_std": 2.2653, "bus_v_mean": 23.0434, "bus_v_std": 10.0989, "car_acc": 2.4515, "car_dcc": 2.2475, "car_lcAssertive": 25.1926, "car_lcCooperative": 0.7068, "car_lcLookaheadLeft": 80.5898, "car_lcPushy": 0.9827, "car_lcSigma": 0.8813, "car_lcSpeedGainRight": 2.9514, "car_lcSublane": 0.3452, "car_sigma": 0.637, "car_tau_mean": 2.5527, "car_tau_std": 8.5693, "car_v_mean": 9.8353, "car_v_std": 14.8319}, "datetime": {"datetime": "2024-08-08 19:01:07", "elapsed": 1475.284874, "delta": 7.837731}}
{"target": -0.335821354029376, "params": {"bus_acc": 3.1275, "bus_dcc": 3.8311, "bus_lcAssertive": 29.1505, "bus_lcCooperative": 0.5964, "bus_lcLookaheadLeft": 41.2773, "bus_lcPushy": 0.2717, "bus_lcSigma": 0.0058, "bus_lcSpeedGainRight": 4.5762, "bus_lcSublane": 0.9744, "bus_sigma": 0.9491, "bus_tau_mean": 2.5148, "bus_tau_std": 5.6842, "bus_v_mean": 19.8599, "bus_v_std": 19.3573, "car_acc": 1.7371, "car_dcc": 3.7717, "car_lcAssertive": 53.2067, "car_lcCooperative": 0.4291, "car_lcLookaheadLeft": 87.0573, "car_lcPushy": 0.0482, "car_lcSigma": 0.7932, "car_lcSpeedGainRight": 4.672, "car_lcSublane": 0.2463, "car_sigma": 0.1856, "car_tau_mean": 2.3495, "car_tau_std": 1.9004, "car_v_mean": 12.2909, "car_v_std": 0.3896}, "datetime": {"datetime": "2024-08-08 19:01:11", "elapsed": 1479.214216, "delta": 3.929342}}
{"target": -0.3113878526376102, "params": {"bus_acc": 2.6861, "bus_dcc": 3.5135, "bus_lcAssertive": 57.1615, "bus_lcCooperative": 0.1264, "bus_lcLookaheadLeft": 15.1691, "bus_lcPushy": 0.4175, "bus_lcSigma": 0.4297, "bus_lcSpeedGainRight": 4.9614, "bus_lcSublane": 0.6405, "bus_sigma": 0.3879, "bus_tau_mean": 0.7059, "bus_tau_std": 1.8651, "bus_v_mean": 14.0442, "bus_v_std": 12.8232, "car_acc": 2.8163, "car_dcc": 2.3468, "car_lcAssertive": 19.9555, "car_lcCooperative": 0.2613, "car_lcLookaheadLeft": 60.7651, "car_lcPushy": 0.6965, "car_lcSigma": 0.9028, "car_lcSpeedGainRight": 1.1662, "car_lcSublane": 0.3866, "car_sigma": 0.1355, "car_tau_mean": 2.0025, "car_tau_std": 3.0275, "car_v_mean": 15.1972, "car_v_std": 6.2476}, "datetime": {"datetime": "2024-08-08 19:01:21", "elapsed": 1489.31412, "delta": 10.099904}}
{"target": -0.3083714565588725, "params": {"bus_acc": 1.9792, "bus_dcc": 3.8949, "bus_lcAssertive": 51.4661, "bus_lcCooperative": 0.9217, "bus_lcLookaheadLeft": 41.5634, "bus_lcPushy": 0.5485, "bus_lcSigma": 0.9829, "bus_lcSpeedGainRight": 3.5242, "bus_lcSublane": 0.1669, "bus_sigma": 0.2389, "bus_tau_mean": 1.5852, "bus_tau_std": 3.236, "bus_v_mean": 16.6887, "bus_v_std": 16.5603, "car_acc": 3.7205, "car_dcc": 2.4999, "car_lcAssertive": 77.1875, "car_lcCooperative": 0.1933, "car_lcLookaheadLeft": 94.7054, "car_lcPushy": 0.3593, "car_lcSigma": 0.3349, "car_lcSpeedGainRight": 2.4291, "car_lcSublane": 0.6765, "car_sigma": 0.399, "car_tau_mean": 1.1912, "car_tau_std": 7.7146, "car_v_mean": 14.9288, "car_v_std": 11.0318}, "datetime": {"datetime": "2024-08-08 19:01:29", "elapsed": 1496.801827, "delta": 7.487707}}
{"target": -0.31169364197727967, "params": {"bus_acc": 3.4789, "bus_dcc": 1.0866, "bus_lcAssertive": 70.7493, "bus_lcCooperative": 0.6333, "bus_lcLookaheadLeft": 33.0576, "bus_lcPushy": 0.7426, "bus_lcSigma": 0.7238, "bus_lcSpeedGainRight": 4.4942, "bus_lcSublane": 0.1334, "bus_sigma": 0.5154, "bus_tau_mean": 1.409, "bus_tau_std": 7.519, "bus_v_mean": 11.207, "bus_v_std": 17.567, "car_acc": 2.3216, "car_dcc": 3.3913, "car_lcAssertive": 39.2424, "car_lcCooperative": 0.5535, "car_lcLookaheadLeft": 3.7587, "car_lcPushy": 0.3146, "car_lcSigma": 0.2019, "car_lcSpeedGainRight": 4.2876, "car_lcSublane": 0.9762, "car_sigma": 0.1241, "car_tau_mean": 3.7262, "car_tau_std": 7.4058, "car_v_mean": 16.8007, "car_v_std": 5.8193}, "datetime": {"datetime": "2024-08-08 19:01:36", "elapsed": 1504.103325, "delta": 7.301498}}
{"target": -0.3997496874773628, "params": {"bus_acc": 2.3351, "bus_dcc": 2.4502, "bus_lcAssertive": 44.5817, "bus_lcCooperative": 0.2431, "bus_lcLookaheadLeft": 36.9141, "bus_lcPushy": 0.7581, "bus_lcSigma": 0.4006, "bus_lcSpeedGainRight": 3.8374, "bus_lcSublane": 0.0386, "bus_sigma": 0.6907, "bus_tau_mean": 1.1562, "bus_tau_std": 4.7144, "bus_v_mean": 22.2487, "bus_v_std": 18.5535, "car_acc": 1.0349, "car_dcc": 3.1033, "car_lcAssertive": 74.1989, "car_lcCooperative": 0.064, "car_lcLookaheadLeft": 91.9922, "car_lcPushy": 0.0729, "car_lcSigma": 0.3531, "car_lcSpeedGainRight": 1.5493, "car_lcSublane": 0.457, "car_sigma": 0.7015, "car_tau_mean": 2.7099, "car_tau_std": 9.7549, "car_v_mean": 12.9538, "car_v_std": 7.2291}, "datetime": {"datetime": "2024-08-08 19:01:40", "elapsed": 1508.584396, "delta": 4.481071}}
{"target": -0.35955574528738204, "params": {"bus_acc": 2.5656, "bus_dcc": 2.2937, "bus_lcAssertive": 39.175, "bus_lcCooperative": 0.2813, "bus_lcLookaheadLeft": 12.4697, "bus_lcPushy": 0.5165, "bus_lcSigma": 0.8541, "bus_lcSpeedGainRight": 4.803, "bus_lcSublane": 0.9799, "bus_sigma": 0.6281, "bus_tau_mean": 1.5538, "bus_tau_std": 8.0528, "bus_v_mean": 19.654, "bus_v_std": 8.7682, "car_acc": 1.7665, "car_dcc": 3.107, "car_lcAssertive": 94.5937, "car_lcCooperative": 0.9931, "car_lcLookaheadLeft": 77.1808, "car_lcPushy": 0.1644, "car_lcSigma": 0.7256, "car_lcSpeedGainRight": 1.9746, "car_lcSublane": 0.0695, "car_sigma": 0.3153, "car_tau_mean": 2.4024, "car_tau_std": 5.559, "car_v_mean": 12.0611, "car_v_std": 8.3929}, "datetime": {"datetime": "2024-08-08 19:01:45", "elapsed": 1512.943543, "delta": 4.359147}}
{"target": -0.32169204744328844, "params": {"bus_acc": 1.2907, "bus_dcc": 2.1873, "bus_lcAssertive": 68.4502, "bus_lcCooperative": 0.2072, "bus_lcLookaheadLeft": 41.3714, "bus_lcPushy": 0.6679, "bus_lcSigma": 0.846, "bus_lcSpeedGainRight": 0.3835, "bus_lcSublane": 0.5622, "bus_sigma": 0.6388, "bus_tau_mean": 1.0092, "bus_tau_std": 5.5709, "bus_v_mean": 8.0271, "bus_v_std": 10.3056, "car_acc": 2.8841, "car_dcc": 2.7173, "car_lcAssertive": 19.4577, "car_lcCooperative": 0.1705, "car_lcLookaheadLeft": 61.0284, "car_lcPushy": 0.9778, "car_lcSigma": 0.1184, "car_lcSpeedGainRight": 4.6292, "car_lcSublane": 0.9957, "car_sigma": 0.9767, "car_tau_mean": 1.2883, "car_tau_std": 9.0225, "car_v_mean": 17.2804, "car_v_std": 13.2372}, "datetime": {"datetime": "2024-08-08 19:01:48", "elapsed": 1516.159185, "delta": 3.215642}}
{"target": -0.3826904427536763, "params": {"bus_acc": 2.3129, "bus_dcc": 1.6073, "bus_lcAssertive": 92.9129, "bus_lcCooperative": 0.6422, "bus_lcLookaheadLeft": 30.4326, "bus_lcPushy": 0.8382, "bus_lcSigma": 0.9532, "bus_lcSpeedGainRight": 3.6971, "bus_lcSublane": 0.1156, "bus_sigma": 0.6077, "bus_tau_mean": 2.0945, "bus_tau_std": 6.8217, "bus_v_mean": 12.1933, "bus_v_std": 16.615, "car_acc": 1.6689, "car_dcc": 3.0497, "car_lcAssertive": 51.2572, "car_lcCooperative": 0.9383, "car_lcLookaheadLeft": 15.2873, "car_lcPushy": 0.5137, "car_lcSigma": 0.9977, "car_lcSpeedGainRight": 2.5764, "car_lcSublane": 0.2853, "car_sigma": 0.4093, "car_tau_mean": 0.7861, "car_tau_std": 6.9319, "car_v_mean": 19.5435, "car_v_std": 6.8289}, "datetime": {"datetime": "2024-08-08 19:01:52", "elapsed": 1520.17091, "delta": 4.011725}}
{"target": -0.29110856342156227, "params": {"bus_acc": 3.6693, "bus_dcc": 3.4834, "bus_lcAssertive": 23.5823, "bus_lcCooperative": 0.6078, "bus_lcLookaheadLeft": 77.5871, "bus_lcPushy": 0.9146, "bus_lcSigma": 0.0945, "bus_lcSpeedGainRight": 4.7589, "bus_lcSublane": 0.7358, "bus_sigma": 0.2236, "bus_tau_mean": 2.4511, "bus_tau_std": 4.2836, "bus_v_mean": 19.6415, "bus_v_std": 14.745, "car_acc": 3.0161, "car_dcc": 1.3008, "car_lcAssertive": 92.7811, "car_lcCooperative": 0.2575, "car_lcLookaheadLeft": 13.7023, "car_lcPushy": 0.5806, "car_lcSigma": 0.4638, "car_lcSpeedGainRight": 0.0643, "car_lcSublane": 0.6092, "car_sigma": 0.4598, "car_tau_mean": 3.5384, "car_tau_std": 2.245, "car_v_mean": 19.0346, "car_v_std": 7.6443}, "datetime": {"datetime": "2024-08-08 19:01:59", "elapsed": 1527.372898, "delta": 7.201988}}
{"target": -0.36138603997385604, "params": {"bus_acc": 2.3659, "bus_dcc": 3.9543, "bus_lcAssertive": 44.1306, "bus_lcCooperative": 0.9203, "bus_lcLookaheadLeft": 97.2846, "bus_lcPushy": 0.1444, "bus_lcSigma": 0.97, "bus_lcSpeedGainRight": 3.5339, "bus_lcSublane": 0.2294, "bus_sigma": 0.0514, "bus_tau_mean": 2.0628, "bus_tau_std": 3.2974, "bus_v_mean": 22.6247, "bus_v_std": 15.8474, "car_acc": 1.9562, "car_dcc": 3.8122, "car_lcAssertive": 51.3599, "car_lcCooperative": 0.2862, "car_lcLookaheadLeft": 92.6702, "car_lcPushy": 0.9386, "car_lcSigma": 0.7234, "car_lcSpeedGainRight": 2.0403, "car_lcSublane": 0.7308, "car_sigma": 0.0046, "car_tau_mean": 1.8321, "car_tau_std": 8.1585, "car_v_mean": 23.8644, "car_v_std": 5.8043}, "datetime": {"datetime": "2024-08-08 19:02:02", "elapsed": 1530.060466, "delta": 2.687568}}
{"target": -0.30710867589036933, "params": {"bus_acc": 3.1155, "bus_dcc": 1.8228, "bus_lcAssertive": 18.2916, "bus_lcCooperative": 0.5948, "bus_lcLookaheadLeft": 56.7624, "bus_lcPushy": 0.4896, "bus_lcSigma": 0.3735, "bus_lcSpeedGainRight": 3.7501, "bus_lcSublane": 0.5039, "bus_sigma": 0.4382, "bus_tau_mean": 2.7832, "bus_tau_std": 6.068, "bus_v_mean": 20.7976, "bus_v_std": 12.9974, "car_acc": 3.5272, "car_dcc": 2.346, "car_lcAssertive": 21.614, "car_lcCooperative": 0.5467, "car_lcLookaheadLeft": 80.3974, "car_lcPushy": 0.8051, "car_lcSigma": 0.4261, "car_lcSpeedGainRight": 0.9342, "car_lcSublane": 0.3039, "car_sigma": 0.4393, "car_tau_mean": 1.965, "car_tau_std": 4.2666, "car_v_mean": 12.0446, "car_v_std": 12.0208}, "datetime": {"datetime": "2024-08-08 19:02:05", "elapsed": 1533.622287, "delta": 3.561821}}
{"target": -0.3208808035204031, "params": {"bus_acc": 1.2629, "bus_dcc": 3.6763, "bus_lcAssertive": 75.8409, "bus_lcCooperative": 0.2258, "bus_lcLookaheadLeft": 9.4538, "bus_lcPushy": 0.3522, "bus_lcSigma": 0.9562, "bus_lcSpeedGainRight": 0.0112, "bus_lcSublane": 0.1223, "bus_sigma": 0.624, "bus_tau_mean": 2.9709, "bus_tau_std": 6.8114, "bus_v_mean": 10.1324, "bus_v_std": 15.1346, "car_acc": 3.3173, "car_dcc": 2.5083, "car_lcAssertive": 13.3548, "car_lcCooperative": 0.4856, "car_lcLookaheadLeft": 43.0742, "car_lcPushy": 0.9832, "car_lcSigma": 0.9914, "car_lcSpeedGainRight": 2.5551, "car_lcSublane": 0.1231, "car_sigma": 0.9637, "car_tau_mean": 2.719, "car_tau_std": 6.8423, "car_v_mean": 21.9958, "car_v_std": 2.4817}, "datetime": {"datetime": "2024-08-08 19:02:12", "elapsed": 1540.341554, "delta": 6.719267}}
{"target": -0.3343341303390279, "params": {"bus_acc": 2.2954, "bus_dcc": 3.1198, "bus_lcAssertive": 20.7031, "bus_lcCooperative": 0.8535, "bus_lcLookaheadLeft": 81.3881, "bus_lcPushy": 0.9052, "bus_lcSigma": 0.6427, "bus_lcSpeedGainRight": 4.9176, "bus_lcSublane": 0.1013, "bus_sigma": 0.4932, "bus_tau_mean": 1.6756, "bus_tau_std": 0.8004, "bus_v_mean": 17.4477, "bus_v_std": 6.2885, "car_acc": 1.0507, "car_dcc": 3.1102, "car_lcAssertive": 90.3068, "car_lcCooperative": 0.0961, "car_lcLookaheadLeft": 16.3384, "car_lcPushy": 0.2482, "car_lcSigma": 0.418, "car_lcSpeedGainRight": 0.4776, "car_lcSublane": 0.463, "car_sigma": 0.0191, "car_tau_mean": 3.1367, "car_tau_std": 6.4341, "car_v_mean": 20.7477, "car_v_std": 10.9325}, "datetime": {"datetime": "2024-08-08 19:02:18", "elapsed": 1546.273484, "delta": 5.93193}}
