{"target": -0.3912925443351374, "params": {"bus_acc": 2.438137981279231, "bus_dcc": 2.4411393901063185, "bus_lcAssertive": 61.863513500498584, "bus_lcCooperative": 0.28555714521016284, "bus_lcLookaheadLeft": 51.27179863963829, "bus_lcPushy": 0.27854611291025044, "bus_lcSigma": 0.5723898542085633, "bus_lcSpeedGainRight": 1.7114470199284737, "bus_lcSublane": 0.8391609586557156, "bus_sigma": 0.6859128057753072, "bus_tau_mean": 3.356447365712495, "bus_tau_std": 1.5424606741962144, "bus_v_mean": 10.963098426266486, "bus_v_std": 10.851895621328378, "car_acc": 1.2455930356345175, "car_dcc": 2.6141755551171766, "car_lcAssertive": 34.26370311736991, "car_lcCooperative": 0.3244543273796573, "car_lcLookaheadLeft": 24.525612535231957, "car_lcPushy": 0.004686739606387769, "car_lcSigma": 0.6870733460577697, "car_lcSpeedGainRight": 3.7639059624446847, "car_lcSublane": 0.33828341597252176, "car_sigma": 0.4698036185469243, "car_tau_mean": 3.290837958932752, "car_tau_std": 6.474677389552546, "car_v_mean": 8.36765074852154, "car_v_std": 5.67944970897194}, "datetime": {"datetime": "2024-08-08 17:32:46", "elapsed": 552.081213, "delta": 2.061658}}
{"target": -0.32417791746956065, "params": {"bus_acc": 4.984485394234021, "bus_dcc": 1.4551162528584003, "bus_lcAssertive": 42.42624178680719, "bus_lcCooperative": 0.29525147014369124, "bus_lcLookaheadLeft": 58.567255621372176, "bus_lcPushy": 0.5595610234476152, "bus_lcSigma": 0.35211432425977274, "bus_lcSpeedGainRight": 4.868147319905301, "bus_lcSublane": 0.7512716390794671, "bus_sigma": 0.889841362934226, "bus_tau_mean": 2.093935683764543, "bus_tau_std": 5.99406088634455, "bus_v_mean": 14.615252412092453, "bus_v_std": 6.085103308800026, "car_acc": 3.1018822830043704, "car_dcc": 1.5729019267839779, "car_lcAssertive": 22.196070669609682, "car_lcCooperative": 0.5107874183129075, "car_lcLookaheadLeft": 3.357503300658844, "car_lcPushy": 0.4454871086749813, "car_lcSigma": 0.9967006713535814, "car_lcSpeedGainRight": 4.113414905749531, "car_lcSublane": 0.08346054648688994, "car_sigma": 0.6558903170161671, "car_tau_mean": 1.2888752551077198, "car_tau_std": 1.1795585226243899, "car_v_mean": 13.578836204681805, "car_v_std": 13.543336358649814}, "datetime": {"datetime": "2024-08-08 17:32:49", "elapsed": 554.314078, "delta": 2.232865}}
{"target": -0.3327878467829531, "params": {"bus_acc": 2.761762239902872, "bus_dcc": 3.262525076365478, "bus_lcAssertive": 92.07540412447102, "bus_lcCooperative": 0.4413517453158379, "bus_lcLookaheadLeft": 53.74061744716068, "bus_lcPushy": 0.06603558401663734, "bus_lcSigma": 0.3907730736706927, "bus_lcSpeedGainRight": 2.3361928316662297, "bus_lcSublane": 0.8951377108035733, "bus_sigma": 0.11055744025544123, "bus_tau_mean": 3.058981611196383, "bus_tau_std": 5.454711685487195, "bus_v_mean": 17.704566888264694, "bus_v_std": 0.5956588825912057, "car_acc": 1.5869895190431182, "car_dcc": 1.8519496763985555, "car_lcAssertive": 1.4823327474070012, "car_lcCooperative": 0.6691577977971368, "car_lcLookaheadLeft": 87.28527899441463, "car_lcPushy": 0.5469683092712408, "car_lcSigma": 0.5431640475192038, "car_lcSpeedGainRight": 3.0786296430651867, "car_lcSublane": 0.30218150041580416, "car_sigma": 0.3667319816609417, "car_tau_mean": 2.512289045472183, "car_tau_std": 8.092165837173445, "car_v_mean": 11.225546150530738, "car_v_std": 6.550481116965782}, "datetime": {"datetime": "2024-08-08 17:32:51", "elapsed": 556.819581, "delta": 2.505503}}
{"target": -0.28344566149117606, "params": {"bus_acc": 2.978587392427636, "bus_dcc": 1.9450812669057027, "bus_lcAssertive": 54.99846984483864, "bus_lcCooperative": 0.6824780792979444, "bus_lcLookaheadLeft": 23.595956313062093, "bus_lcPushy": 0.48533745396838057, "bus_lcSigma": 0.9929813576374784, "bus_lcSpeedGainRight": 1.6208065159061746, "bus_lcSublane": 0.03536191949131395, "bus_sigma": 0.8173517292840132, "bus_tau_mean": 2.2615737425988183, "bus_tau_std": 0.527838561185705, "bus_v_mean": 22.24488043558786, "bus_v_std": 8.090287599607155, "car_acc": 4.717092728561587, "car_dcc": 2.2062345214016847, "car_lcAssertive": 8.606396192693403, "car_lcCooperative": 0.2453011441199927, "car_lcLookaheadLeft": 36.32552955930588, "car_lcPushy": 0.7507282923552251, "car_lcSigma": 0.18474815234928366, "car_lcSpeedGainRight": 2.1548682686293716, "car_lcSublane": 0.8732454198159687, "car_sigma": 0.5337610913727832, "car_tau_mean": 0.8610415191216982, "car_tau_std": 0.24522487054632225, "car_v_mean": 19.292956818576776, "car_v_std": 19.582549819164342}, "datetime": {"datetime": "2024-08-08 17:32:55", "elapsed": 561.094844, "delta": 4.275263}}
{"target": -0.2952959233228514, "params": {"bus_acc": 3.358199734784183, "bus_dcc": 2.167412826926906, "bus_lcAssertive": 51.091548013026035, "bus_lcCooperative": 0.5403494836606967, "bus_lcLookaheadLeft": 82.77846050733451, "bus_lcPushy": 0.7249779210258287, "bus_lcSigma": 0.6604882621268274, "bus_lcSpeedGainRight": 0.17941962927508825, "bus_lcSublane": 0.15538521132615768, "bus_sigma": 0.8865268357389526, "bus_tau_mean": 3.1801428867475425, "bus_tau_std": 1.8038441802052696, "bus_v_mean": 9.042496204076127, "bus_v_std": 3.254633976668899, "car_acc": 4.3496223670967815, "car_dcc": 3.919319506234163, "car_lcAssertive": 75.75538862460479, "car_lcCooperative": 0.7846045860907594, "car_lcLookaheadLeft": 4.87966898641673, "car_lcPushy": 0.8746381814224912, "car_lcSigma": 0.6811495656854774, "car_lcSpeedGainRight": 1.7452332205458525, "car_lcSublane": 0.49958073928614743, "car_sigma": 0.9500575997279533, "car_tau_mean": 0.689307016780975, "car_tau_std": 1.9169973355419734, "car_v_mean": 10.402413452591505, "car_v_std": 10.764938195436757}, "datetime": {"datetime": "2024-08-08 17:33:00", "elapsed": 565.913294, "delta": 4.81845}}
{"target": -0.45867133671390564, "params": {"bus_acc": 2.6209, "bus_dcc": 1.4372, "bus_lcAssertive": 27.9576, "bus_lcCooperative": 0.7975, "bus_lcLookaheadLeft": 93.3395, "bus_lcPushy": 0.6261, "bus_lcSigma": 0.333, "bus_lcSpeedGainRight": 4.1875, "bus_lcSublane": 0.5277, "bus_sigma": 0.7546, "bus_tau_mean": 3.9048, "bus_tau_std": 9.875, "bus_v_mean": 18.8722, "bus_v_std": 17.4848, "car_acc": 4.37, "car_dcc": 3.5809, "car_lcAssertive": 86.2205, "car_lcCooperative": 0.9238, "car_lcLookaheadLeft": 90.6036, "car_lcPushy": 0.5959, "car_lcSigma": 0.2842, "car_lcSpeedGainRight": 4.5475, "car_lcSublane": 0.5397, "car_sigma": 0.5428, "car_tau_mean": 3.7877, "car_tau_std": 0.52, "car_v_mean": 22.447, "car_v_std": 0.6934}, "datetime": {"datetime": "2024-08-08 17:33:04", "elapsed": 570.058465, "delta": 4.145171}}
{"target": -0.4509761054273411, "params": {"bus_acc": 2.193576114403316, "bus_dcc": 2.4710849760985543, "bus_lcAssertive": 20.36274494273748, "bus_lcCooperative": 0.6808265089096738, "bus_lcLookaheadLeft": 83.42096238692065, "bus_lcPushy": 0.22040678596533647, "bus_lcSigma": 0.007808669093839371, "bus_lcSpeedGainRight": 1.2545215422939187, "bus_lcSublane": 0.6276363022375808, "bus_sigma": 0.31081682723744186, "bus_tau_mean": 3.426721484084727, "bus_tau_std": 8.527391992878655, "bus_v_mean": 13.947849004745015, "bus_v_std": 7.306689840398677, "car_acc": 1.0662502868971502, "car_dcc": 2.6490362451242215, "car_lcAssertive": 16.272788814775993, "car_lcCooperative": 0.1126795381335095, "car_lcLookaheadLeft": 7.227136666975108, "car_lcPushy": 0.1792838074153501, "car_lcSigma": 0.1559308109650941, "car_lcSpeedGainRight": 0.17745189618130042, "car_lcSublane": 0.9824324545192039, "car_sigma": 0.6583045014987714, "car_tau_mean": 1.8544792505386194, "car_tau_std": 0.6248547836660323, "car_v_mean": 8.755924938973795, "car_v_std": 16.09904869413324}, "datetime": {"datetime": "2024-08-08 17:33:13", "elapsed": 578.306662, "delta": 8.248197}}
{"target": -0.45800594046740545, "params": {"bus_acc": 2.6069, "bus_dcc": 1.4232, "bus_lcAssertive": 27.9436, "bus_lcCooperative": 0.7967, "bus_lcLookaheadLeft": 93.3328, "bus_lcPushy": 0.6253, "bus_lcSigma": 0.3263, "bus_lcSpeedGainRight": 4.1735, "bus_lcSublane": 0.5269, "bus_sigma": 0.7539, "bus_tau_mean": 3.8636, "bus_tau_std": 9.8369, "bus_v_mean": 18.8582, "bus_v_std": 17.4708, "car_acc": 4.356, "car_dcc": 3.5669, "car_lcAssertive": 86.2138, "car_lcCooperative": 0.923, "car_lcLookaheadLeft": 90.597, "car_lcPushy": 0.5893, "car_lcSigma": 0.2775, "car_lcSpeedGainRight": 4.5335, "car_lcSublane": 0.5389, "car_sigma": 0.5421, "car_tau_mean": 3.7585, "car_tau_std": 0.5134, "car_v_mean": 22.433, "car_v_std": 0.6927}, "datetime": {"datetime": "2024-08-08 17:33:22", "elapsed": 587.415649, "delta": 9.108987}}
{"target": -0.44107177179945056, "params": {"bus_acc": 4.9995, "bus_dcc": 2.5335, "bus_lcAssertive": 38.9585, "bus_lcCooperative": 0.8461, "bus_lcLookaheadLeft": 49.857, "bus_lcPushy": 0.6351, "bus_lcSigma": 0.6396, "bus_lcSpeedGainRight": 1.4566, "bus_lcSublane": 0.5281, "bus_sigma": 0.6683, "bus_tau_mean": 2.7708, "bus_tau_std": 7.4853, "bus_v_mean": 17.9743, "bus_v_std": 17.2258, "car_acc": 4.8632, "car_dcc": 1.6912, "car_lcAssertive": 26.9985, "car_lcCooperative": 0.2522, "car_lcLookaheadLeft": 24.8291, "car_lcPushy": 0.7207, "car_lcSigma": 0.2753, "car_lcSpeedGainRight": 0.7754, "car_lcSublane": 0.7705, "car_sigma": 0.6286, "car_tau_mean": 1.9131, "car_tau_std": 6.8376, "car_v_mean": 22.5828, "car_v_std": 0.7519}, "datetime": {"datetime": "2024-08-08 17:33:37", "elapsed": 602.666798, "delta": 15.251149}}
{"target": -0.3662957836240371, "params": {"bus_acc": 3.4744029702461456, "bus_dcc": 1.4529421998389374, "bus_lcAssertive": 76.31944317426985, "bus_lcCooperative": 0.781045822193957, "bus_lcLookaheadLeft": 90.60209261955288, "bus_lcPushy": 0.23376869260410593, "bus_lcSigma": 0.17667889307234141, "bus_lcSpeedGainRight": 1.9554956155338121, "bus_lcSublane": 0.3205646539951602, "bus_sigma": 0.8154769290056262, "bus_tau_mean": 2.647340648839511, "bus_tau_std": 7.600017523497488, "bus_v_mean": 14.842641595151427, "bus_v_std": 1.9888112583117845, "car_acc": 1.460140048200985, "car_dcc": 2.120221395211586, "car_lcAssertive": 20.19092898344121, "car_lcCooperative": 0.8207464986229382, "car_lcLookaheadLeft": 60.764328825524245, "car_lcPushy": 0.688845259018665, "car_lcSigma": 0.4911099613042962, "car_lcSpeedGainRight": 0.4408684062109053, "car_lcSublane": 0.23507763668617032, "car_sigma": 0.461602080891622, "car_tau_mean": 1.195070260688742, "car_tau_std": 0.254762357788203, "car_v_mean": 19.67036317209844, "car_v_std": 14.498334944382382}, "datetime": {"datetime": "2024-08-08 17:33:55", "elapsed": 620.762316, "delta": 18.095518}}
{"target": -0.3661343402438837, "params": {"bus_acc": 4.4978, "bus_dcc": 1.4358, "bus_lcAssertive": 26.6173, "bus_lcCooperative": 0.4733, "bus_lcLookaheadLeft": 57.6834, "bus_lcPushy": 0.5621, "bus_lcSigma": 0.8874, "bus_lcSpeedGainRight": 3.5388, "bus_lcSublane": 0.3372, "bus_sigma": 0.2028, "bus_tau_mean": 3.5189, "bus_tau_std": 5.7076, "bus_v_mean": 17.61, "bus_v_std": 8.634, "car_acc": 3.7112, "car_dcc": 2.5688, "car_lcAssertive": 45.4755, "car_lcCooperative": 0.5927, "car_lcLookaheadLeft": 50.6017, "car_lcPushy": 0.2349, "car_lcSigma": 0.9768, "car_lcSpeedGainRight": 4.6276, "car_lcSublane": 0.5548, "car_sigma": 0.5465, "car_tau_mean": 4.0, "car_tau_std": 4.3316, "car_v_mean": 23.4683, "car_v_std": 0.6097}, "datetime": {"datetime": "2024-08-08 17:34:05", "elapsed": 630.376211, "delta": 9.613895}}
{"target": -0.3806157197131335, "params": {"bus_acc": 2.751767699108495, "bus_dcc": 3.3814135213492755, "bus_lcAssertive": 52.23375652211932, "bus_lcCooperative": 0.41359816112910697, "bus_lcLookaheadLeft": 13.509309750303778, "bus_lcPushy": 0.8839110659363493, "bus_lcSigma": 0.2755932144103168, "bus_lcSpeedGainRight": 3.081303616649302, "bus_lcSublane": 0.984579778960706, "bus_sigma": 0.1894180220437538, "bus_tau_mean": 3.87815797127565, "bus_tau_std": 6.5271536842569535, "bus_v_mean": 10.059705673544762, "bus_v_std": 15.438542921460968, "car_acc": 4.807103113028375, "car_dcc": 2.688341649068275, "car_lcAssertive": 69.16696477605666, "car_lcCooperative": 0.0263478788699828, "car_lcLookaheadLeft": 98.9294171797788, "car_lcPushy": 0.3184571198136825, "car_lcSigma": 0.023903779366219347, "car_lcSpeedGainRight": 4.042820752371942, "car_lcSublane": 0.9732525517670682, "car_sigma": 0.7375885099166811, "car_tau_mean": 0.5095753211589013, "car_tau_std": 0.6336051137403531, "car_v_mean": 17.348310483641292, "car_v_std": 6.714302155112062}, "datetime": {"datetime": "2024-08-08 17:34:21", "elapsed": 646.872801, "delta": 16.49659}}
{"target": -0.36281505354151683, "params": {"bus_acc": 2.8454, "bus_dcc": 2.3933, "bus_lcAssertive": 28.0739, "bus_lcCooperative": 0.5836, "bus_lcLookaheadLeft": 83.9817, "bus_lcPushy": 0.9323, "bus_lcSigma": 0.4498, "bus_lcSpeedGainRight": 3.6453, "bus_lcSublane": 0.7737, "bus_sigma": 0.1645, "bus_tau_mean": 2.7478, "bus_tau_std": 2.6572, "bus_v_mean": 23.1868, "bus_v_std": 4.0114, "car_acc": 4.4996, "car_dcc": 1.5271, "car_lcAssertive": 37.1559, "car_lcCooperative": 0.0009, "car_lcLookaheadLeft": 69.3227, "car_lcPushy": 0.181, "car_lcSigma": 0.3653, "car_lcSpeedGainRight": 2.8909, "car_lcSublane": 0.8067, "car_sigma": 0.5133, "car_tau_mean": 3.3774, "car_tau_std": 3.3905, "car_v_mean": 16.5755, "car_v_std": 2.5844}, "datetime": {"datetime": "2024-08-08 17:34:40", "elapsed": 665.457769, "delta": 18.584968}}
{"target": -0.3272606527409979, "params": {"bus_acc": 4.9179, "bus_dcc": 2.8173, "bus_lcAssertive": 25.2707, "bus_lcCooperative": 0.4285, "bus_lcLookaheadLeft": 84.1544, "bus_lcPushy": 0.3794, "bus_lcSigma": 0.4492, "bus_lcSpeedGainRight": 1.9722, "bus_lcSublane": 0.2676, "bus_sigma": 0.6708, "bus_tau_mean": 3.2593, "bus_tau_std": 3.0196, "bus_v_mean": 18.7186, "bus_v_std": 2.0891, "car_acc": 2.326, "car_dcc": 2.8121, "car_lcAssertive": 33.6437, "car_lcCooperative": 0.3782, "car_lcLookaheadLeft": 59.9982, "car_lcPushy": 0.7008, "car_lcSigma": 0.2609, "car_lcSpeedGainRight": 1.5542, "car_lcSublane": 0.9099, "car_sigma": 0.1406, "car_tau_mean": 1.5208, "car_tau_std": 8.8362, "car_v_mean": 21.0366, "car_v_std": 5.6642}, "datetime": {"datetime": "2024-08-08 17:34:56", "elapsed": 681.373128, "delta": 15.915359}}
{"target": -0.3234782253680593, "params": {"bus_acc": 4.2351, "bus_dcc": 2.3397, "bus_lcAssertive": 70.0307, "bus_lcCooperative": 0.0443, "bus_lcLookaheadLeft": 54.7748, "bus_lcPushy": 0.7003, "bus_lcSigma": 0.5234, "bus_lcSpeedGainRight": 1.6715, "bus_lcSublane": 0.8033, "bus_sigma": 0.1484, "bus_tau_mean": 2.0883, "bus_tau_std": 9.3128, "bus_v_mean": 12.2039, "bus_v_std": 2.5531, "car_acc": 4.9508, "car_dcc": 3.7835, "car_lcAssertive": 55.3798, "car_lcCooperative": 0.4972, "car_lcLookaheadLeft": 60.59, "car_lcPushy": 0.4079, "car_lcSigma": 0.1289, "car_lcSpeedGainRight": 3.1618, "car_lcSublane": 0.3694, "car_sigma": 0.182, "car_tau_mean": 0.8015, "car_tau_std": 8.3235, "car_v_mean": 16.9454, "car_v_std": 3.0003}, "datetime": {"datetime": "2024-08-08 17:35:10", "elapsed": 695.443369, "delta": 14.070241}}
{"target": -0.42110981816835763, "params": {"bus_acc": 3.2249609359616755, "bus_dcc": 1.409365676982055, "bus_lcAssertive": 6.931851261708954, "bus_lcCooperative": 0.12134345574073735, "bus_lcLookaheadLeft": 6.366084097386649, "bus_lcPushy": 0.1074941291060929, "bus_lcSigma": 0.2257093386078547, "bus_lcSpeedGainRight": 3.564944901913383, "bus_lcSublane": 0.5597169820541424, "bus_sigma": 0.012555980159115854, "bus_tau_mean": 0.7519099789132038, "bus_tau_std": 9.672763300002721, "bus_v_mean": 17.089607390719074, "bus_v_std": 4.06586469321981, "car_acc": 2.0093029782812937, "car_dcc": 3.2314775622252787, "car_lcAssertive": 20.34751862982256, "car_lcCooperative": 0.5813589272732578, "car_lcLookaheadLeft": 97.06195893065461, "car_lcPushy": 0.8468288014900353, "car_lcSigma": 0.23984775914758616, "car_lcSpeedGainRight": 2.4688485713436497, "car_lcSublane": 0.6199557183813798, "car_sigma": 0.8289808995501787, "car_tau_mean": 1.048769881261295, "car_tau_std": 0.18576202177409518, "car_v_mean": 9.120354299507557, "car_v_std": 9.726902218740637}, "datetime": {"datetime": "2024-08-08 17:35:20", "elapsed": 705.424316, "delta": 9.980947}}
{"target": -0.32392619595084116, "params": {"bus_acc": 2.6385, "bus_dcc": 2.793, "bus_lcAssertive": 27.3721, "bus_lcCooperative": 0.0193, "bus_lcLookaheadLeft": 79.649, "bus_lcPushy": 0.6769, "bus_lcSigma": 0.0122, "bus_lcSpeedGainRight": 0.1904, "bus_lcSublane": 0.6886, "bus_sigma": 0.0236, "bus_tau_mean": 2.3464, "bus_tau_std": 1.8631, "bus_v_mean": 21.3972, "bus_v_std": 6.1831, "car_acc": 3.0106, "car_dcc": 3.2149, "car_lcAssertive": 36.2622, "car_lcCooperative": 0.7061, "car_lcLookaheadLeft": 62.4209, "car_lcPushy": 0.0186, "car_lcSigma": 0.6132, "car_lcSpeedGainRight": 1.319, "car_lcSublane": 0.7735, "car_sigma": 0.7532, "car_tau_mean": 3.1017, "car_tau_std": 2.081, "car_v_mean": 18.6157, "car_v_std": 7.419}, "datetime": {"datetime": "2024-08-08 17:35:38", "elapsed": 723.381479, "delta": 17.957163}}
{"target": -0.3475978976172824, "params": {"bus_acc": 5.0, "bus_dcc": 3.6915, "bus_lcAssertive": 82.7943, "bus_lcCooperative": 0.6331, "bus_lcLookaheadLeft": 67.7306, "bus_lcPushy": 0.6717, "bus_lcSigma": 0.2079, "bus_lcSpeedGainRight": 2.1541, "bus_lcSublane": 0.6868, "bus_sigma": 0.7305, "bus_tau_mean": 2.5293, "bus_tau_std": 4.9631, "bus_v_mean": 10.5917, "bus_v_std": 0.4125, "car_acc": 4.4222, "car_dcc": 2.3489, "car_lcAssertive": 98.6487, "car_lcCooperative": 0.415, "car_lcLookaheadLeft": 35.5825, "car_lcPushy": 0.5243, "car_lcSigma": 0.7553, "car_lcSpeedGainRight": 2.7084, "car_lcSublane": 0.3196, "car_sigma": 0.5073, "car_tau_mean": 2.6549, "car_tau_std": 7.1276, "car_v_mean": 20.7115, "car_v_std": 2.9958}, "datetime": {"datetime": "2024-08-08 17:35:47", "elapsed": 732.74441, "delta": 9.362931}}
{"target": -0.3218030662943734, "params": {"bus_acc": 1.4134, "bus_dcc": 1.4813, "bus_lcAssertive": 19.2713, "bus_lcCooperative": 0.9726, "bus_lcLookaheadLeft": 27.306, "bus_lcPushy": 0.7516, "bus_lcSigma": 0.4595, "bus_lcSpeedGainRight": 1.6328, "bus_lcSublane": 0.4362, "bus_sigma": 0.4753, "bus_tau_mean": 0.5319, "bus_tau_std": 10.0, "bus_v_mean": 17.4186, "bus_v_std": 12.3921, "car_acc": 3.5082, "car_dcc": 1.4867, "car_lcAssertive": 48.0357, "car_lcCooperative": 0.5403, "car_lcLookaheadLeft": 68.128, "car_lcPushy": 0.5348, "car_lcSigma": 0.2334, "car_lcSpeedGainRight": 3.4557, "car_lcSublane": 0.5818, "car_sigma": 0.5462, "car_tau_mean": 3.8067, "car_tau_std": 4.8291, "car_v_mean": 18.0123, "car_v_std": 2.8275}, "datetime": {"datetime": "2024-08-08 17:35:58", "elapsed": 743.701428, "delta": 10.957018}}
{"target": -0.31585677308908094, "params": {"bus_acc": 3.4957, "bus_dcc": 1.7926, "bus_lcAssertive": 65.5185, "bus_lcCooperative": 0.4222, "bus_lcLookaheadLeft": 11.841, "bus_lcPushy": 0.2112, "bus_lcSigma": 0.8593, "bus_lcSpeedGainRight": 0.7138, "bus_lcSublane": 0.5921, "bus_sigma": 0.2828, "bus_tau_mean": 0.9129, "bus_tau_std": 4.1266, "bus_v_mean": 11.0246, "bus_v_std": 14.7575, "car_acc": 1.8818, "car_dcc": 3.5794, "car_lcAssertive": 84.4862, "car_lcCooperative": 0.2719, "car_lcLookaheadLeft": 6.3061, "car_lcPushy": 0.6827, "car_lcSigma": 0.601, "car_lcSpeedGainRight": 3.7984, "car_lcSublane": 0.6675, "car_sigma": 0.5434, "car_tau_mean": 2.802, "car_tau_std": 7.5162, "car_v_mean": 10.877, "car_v_std": 0.6241}, "datetime": {"datetime": "2024-08-08 17:36:07", "elapsed": 752.268505, "delta": 8.567077}}
{"target": -0.46625366904576254, "params": {"bus_acc": 3.3707, "bus_dcc": 2.9903, "bus_lcAssertive": 20.7306, "bus_lcCooperative": 0.1261, "bus_lcLookaheadLeft": 22.2687, "bus_lcPushy": 0.6925, "bus_lcSigma": 0.7304, "bus_lcSpeedGainRight": 3.8465, "bus_lcSublane": 0.3345, "bus_sigma": 0.7679, "bus_tau_mean": 1.5911, "bus_tau_std": 8.6193, "bus_v_mean": 21.354, "bus_v_std": 16.1146, "car_acc": 4.5932, "car_dcc": 1.8064, "car_lcAssertive": 20.3735, "car_lcCooperative": 0.211, "car_lcLookaheadLeft": 27.3343, "car_lcPushy": 0.4796, "car_lcSigma": 0.8237, "car_lcSpeedGainRight": 4.8699, "car_lcSublane": 0.0098, "car_sigma": 0.3941, "car_tau_mean": 1.7754, "car_tau_std": 7.4212, "car_v_mean": 21.045, "car_v_std": 2.8618}, "datetime": {"datetime": "2024-08-08 17:36:19", "elapsed": 764.104663, "delta": 11.836158}}
{"target": -0.32303605997898505, "params": {"bus_acc": 1.4161, "bus_dcc": 1.484, "bus_lcAssertive": 19.274, "bus_lcCooperative": 0.9727, "bus_lcLookaheadLeft": 27.3087, "bus_lcPushy": 0.7516, "bus_lcSigma": 0.4605, "bus_lcSpeedGainRight": 1.6355, "bus_lcSublane": 0.4371, "bus_sigma": 0.4763, "bus_tau_mean": 0.5319, "bus_tau_std": 10.0, "bus_v_mean": 17.4213, "bus_v_std": 12.3947, "car_acc": 3.5109, "car_dcc": 1.4894, "car_lcAssertive": 48.0384, "car_lcCooperative": 0.5403, "car_lcLookaheadLeft": 68.1289, "car_lcPushy": 0.5348, "car_lcSigma": 0.2343, "car_lcSpeedGainRight": 3.4584, "car_lcSublane": 0.5818, "car_sigma": 0.5462, "car_tau_mean": 3.8094, "car_tau_std": 4.8318, "car_v_mean": 18.0149, "car_v_std": 2.8302}, "datetime": {"datetime": "2024-08-08 17:36:30", "elapsed": 775.715249, "delta": 11.610586}}
{"target": -0.33197237583697053, "params": {"bus_acc": 1.414, "bus_dcc": 1.4819, "bus_lcAssertive": 19.2719, "bus_lcCooperative": 0.9724, "bus_lcLookaheadLeft": 27.3066, "bus_lcPushy": 0.7514, "bus_lcSigma": 0.4594, "bus_lcSpeedGainRight": 1.6334, "bus_lcSublane": 0.436, "bus_sigma": 0.4752, "bus_tau_mean": 0.5317, "bus_tau_std": 10.0, "bus_v_mean": 17.4192, "bus_v_std": 12.3927, "car_acc": 3.5089, "car_dcc": 1.4873, "car_lcAssertive": 48.0364, "car_lcCooperative": 0.5401, "car_lcLookaheadLeft": 68.1278, "car_lcPushy": 0.5346, "car_lcSigma": 0.2332, "car_lcSpeedGainRight": 3.4563, "car_lcSublane": 0.5816, "car_sigma": 0.546, "car_tau_mean": 3.8073, "car_tau_std": 4.8297, "car_v_mean": 18.0129, "car_v_std": 2.8281}, "datetime": {"datetime": "2024-08-08 17:36:39", "elapsed": 784.987762, "delta": 9.272513}}
