{"target": -0.33236511302011085, "params": {"bus_acc": 2.7497, "bus_dcc": 2.4217, "bus_lcAssertive": 3.6944, "bus_lcCooperative": 0.7796, "bus_lcLookaheadLeft": 29.49, "bus_lcPushy": 0.6869, "bus_lcSigma": 0.8747, "bus_lcSublane": 0.7961, "bus_sigma": 0.6424, "bus_tau_mean": 1.9088, "bus_tau_std": 1.5706, "bus_v_mean": 11.6663, "bus_v_std": 0.1506, "car_acc": 1.6482, "car_dcc": 2.3481, "car_lcAssertive": 85.2408, "car_lcCooperative": 0.5994, "car_lcLookaheadLeft": 72.7094, "car_lcPushy": 0.5915, "car_lcSigma": 0.4371, "car_lcSublane": 0.1085, "car_sigma": 0.1383, "car_tau_mean": 1.9594, "car_tau_std": 3.6189, "car_v_mean": 10.8543, "car_v_std": 0.6444}, "datetime": {"datetime": "2024-08-07 10:46:00", "elapsed": 4663.399411, "delta": 18.637829}}
{"target": -0.5175280661466685, "params": {"bus_acc": 1.8817, "bus_dcc": 1.4631, "bus_lcAssertive": 11.3861, "bus_lcCooperative": 0.0625, "bus_lcLookaheadLeft": 92.7415, "bus_lcPushy": 0.6579, "bus_lcSigma": 0.8495, "bus_lcSublane": 0.0291, "bus_sigma": 0.0684, "bus_tau_mean": 1.0789, "bus_tau_std": 2.9471, "bus_v_mean": 17.2284, "bus_v_std": 5.7479, "car_acc": 1.0259, "car_dcc": 1.8708, "car_lcAssertive": 1.2888, "car_lcCooperative": 0.3015, "car_lcLookaheadLeft": 58.9571, "car_lcPushy": 0.4963, "car_lcSigma": 0.6498, "car_lcSublane": 0.0686, "car_sigma": 0.1889, "car_tau_mean": 2.621, "car_tau_std": 7.1328, "car_v_mean": 17.0683, "car_v_std": 8.9546}, "datetime": {"datetime": "2024-08-07 10:46:17", "elapsed": 4679.88493, "delta": 16.485519}}
{"target": -0.33350314636500294, "params": {"bus_acc": 1.6322, "bus_dcc": 1.8836, "bus_lcAssertive": 59.9074, "bus_lcCooperative": 0.7107, "bus_lcLookaheadLeft": 81.8533, "bus_lcPushy": 0.4623, "bus_lcSigma": 0.4971, "bus_lcSublane": 0.4498, "bus_sigma": 0.7639, "bus_tau_mean": 1.6251, "bus_tau_std": 3.5615, "bus_v_mean": 19.597, "bus_v_std": 4.0777, "car_acc": 1.6658, "car_dcc": 3.3133, "car_lcAssertive": 2.4728, "car_lcCooperative": 0.6619, "car_lcLookaheadLeft": 86.0689, "car_lcPushy": 0.8819, "car_lcSigma": 0.92, "car_lcSublane": 0.1843, "car_sigma": 0.8011, "car_tau_mean": 0.7467, "car_tau_std": 5.3715, "car_v_mean": 16.8139, "car_v_std": 2.7737}, "datetime": {"datetime": "2024-08-07 10:46:33", "elapsed": 4696.366198, "delta": 16.481268}}
{"target": -0.34670555318800367, "params": {"bus_acc": 2.2985, "bus_dcc": 3.7498, "bus_lcAssertive": 48.1865, "bus_lcCooperative": 0.9938, "bus_lcLookaheadLeft": 81.98, "bus_lcPushy": 0.6438, "bus_lcSigma": 0.3362, "bus_lcSublane": 0.6971, "bus_sigma": 0.6221, "bus_tau_mean": 0.5794, "bus_tau_std": 6.0258, "bus_v_mean": 12.3154, "bus_v_std": 5.1254, "car_acc": 1.8093, "car_dcc": 3.8244, "car_lcAssertive": 61.0311, "car_lcCooperative": 0.0156, "car_lcLookaheadLeft": 74.0198, "car_lcPushy": 0.8029, "car_lcSigma": 0.6235, "car_lcSublane": 0.0581, "car_sigma": 0.3625, "car_tau_mean": 1.9864, "car_tau_std": 4.9595, "car_v_mean": 20.3696, "car_v_std": 0.7245}, "datetime": {"datetime": "2024-08-07 10:46:54", "elapsed": 4717.355309, "delta": 20.989111}}
{"target": -0.3574147621953204, "params": {"bus_acc": 2.9843, "bus_dcc": 2.1348, "bus_lcAssertive": 93.7763, "bus_lcCooperative": 0.5154, "bus_lcLookaheadLeft": 70.1131, "bus_lcPushy": 0.1667, "bus_lcSigma": 0.3141, "bus_lcSublane": 0.4315, "bus_sigma": 0.1606, "bus_tau_mean": 2.8784, "bus_tau_std": 1.751, "bus_v_mean": 20.1068, "bus_v_std": 3.2559, "car_acc": 2.9919, "car_dcc": 3.9237, "car_lcAssertive": 24.9099, "car_lcCooperative": 0.8089, "car_lcLookaheadLeft": 18.6863, "car_lcPushy": 0.1229, "car_lcSigma": 0.7834, "car_lcSublane": 0.2202, "car_sigma": 0.1743, "car_tau_mean": 0.9596, "car_tau_std": 2.3261, "car_v_mean": 10.3881, "car_v_std": 8.2037}, "datetime": {"datetime": "2024-08-07 10:47:12", "elapsed": 4734.738518, "delta": 17.383209}}
{"target": -0.4162971450725107, "params": {"bus_acc": 2.9192, "bus_dcc": 3.4227, "bus_lcAssertive": 55.0947, "bus_lcCooperative": 0.3872, "bus_lcLookaheadLeft": 23.4199, "bus_lcPushy": 0.1187, "bus_lcSigma": 0.5686, "bus_lcSublane": 0.8137, "bus_sigma": 0.0353, "bus_tau_mean": 3.4312, "bus_tau_std": 0.3065, "bus_v_mean": 16.1109, "bus_v_std": 5.9167, "car_acc": 1.4779, "car_dcc": 1.0863, "car_lcAssertive": 49.5979, "car_lcCooperative": 0.42, "car_lcLookaheadLeft": 35.8641, "car_lcPushy": 0.2189, "car_lcSigma": 0.5717, "car_lcSublane": 0.068, "car_sigma": 0.607, "car_tau_mean": 1.0852, "car_tau_std": 0.4694, "car_v_mean": 12.5254, "car_v_std": 5.385}, "datetime": {"datetime": "2024-08-07 10:47:23", "elapsed": 4746.126839, "delta": 11.388321}}
{"target": -0.35784875659849513, "params": {"bus_acc": 2.2808, "bus_dcc": 3.3534, "bus_lcAssertive": 99.1224, "bus_lcCooperative": 0.1019, "bus_lcLookaheadLeft": 80.63, "bus_lcPushy": 0.7002, "bus_lcSigma": 0.9799, "bus_lcSublane": 0.791, "bus_sigma": 0.1041, "bus_tau_mean": 1.1015, "bus_tau_std": 6.3722, "bus_v_mean": 15.7751, "bus_v_std": 1.2236, "car_acc": 2.9109, "car_dcc": 2.6762, "car_lcAssertive": 15.5175, "car_lcCooperative": 0.2358, "car_lcLookaheadLeft": 60.2789, "car_lcPushy": 0.267, "car_lcSigma": 0.7931, "car_lcSublane": 0.1952, "car_sigma": 0.9369, "car_tau_mean": 0.6846, "car_tau_std": 2.5057, "car_v_mean": 15.7831, "car_v_std": 3.1621}, "datetime": {"datetime": "2024-08-07 10:47:43", "elapsed": 4765.870298, "delta": 19.743459}}
{"target": -0.35039114640428815, "params": {"bus_acc": 1.7552, "bus_dcc": 3.8874, "bus_lcAssertive": 58.9922, "bus_lcCooperative": 0.7738, "bus_lcLookaheadLeft": 97.0103, "bus_lcPushy": 0.5603, "bus_lcSigma": 0.787, "bus_lcSublane": 0.9084, "bus_sigma": 0.6928, "bus_tau_mean": 2.8184, "bus_tau_std": 3.4196, "bus_v_mean": 10.7294, "bus_v_std": 0.3059, "car_acc": 2.3687, "car_dcc": 3.3707, "car_lcAssertive": 34.7982, "car_lcCooperative": 0.0342, "car_lcLookaheadLeft": 62.5478, "car_lcPushy": 0.2959, "car_lcSigma": 0.1173, "car_lcSublane": 0.9028, "car_sigma": 0.313, "car_tau_mean": 2.8529, "car_tau_std": 6.6618, "car_v_mean": 15.6363, "car_v_std": 2.2344}, "datetime": {"datetime": "2024-08-07 10:47:54", "elapsed": 4777.470376, "delta": 11.600078}}
{"target": -0.37340389505863925, "params": {"bus_acc": 1.0918, "bus_dcc": 1.3588, "bus_lcAssertive": 73.8654, "bus_lcCooperative": 0.5925, "bus_lcLookaheadLeft": 52.4603, "bus_lcPushy": 0.7777, "bus_lcSigma": 0.7131, "bus_lcSublane": 0.0837, "bus_sigma": 0.0098, "bus_tau_mean": 1.8552, "bus_tau_std": 3.2171, "bus_v_mean": 23.326, "bus_v_std": 4.6183, "car_acc": 2.1242, "car_dcc": 2.7418, "car_lcAssertive": 52.8287, "car_lcCooperative": 0.9877, "car_lcLookaheadLeft": 2.6972, "car_lcPushy": 0.1374, "car_lcSigma": 0.6147, "car_lcSublane": 0.8172, "car_sigma": 0.4513, "car_tau_mean": 2.3651, "car_tau_std": 5.0801, "car_v_mean": 19.4778, "car_v_std": 3.5152}, "datetime": {"datetime": "2024-08-07 10:48:09", "elapsed": 4791.999809, "delta": 14.529433}}
{"target": -0.33885095748161465, "params": {"bus_acc": 2.156, "bus_dcc": 1.6701, "bus_lcAssertive": 7.8037, "bus_lcCooperative": 0.7603, "bus_lcLookaheadLeft": 99.0951, "bus_lcPushy": 0.3166, "bus_lcSigma": 0.7665, "bus_lcSublane": 0.9306, "bus_sigma": 0.9642, "bus_tau_mean": 2.3254, "bus_tau_std": 7.4278, "bus_v_mean": 23.608, "bus_v_std": 4.9398, "car_acc": 1.0077, "car_dcc": 1.5902, "car_lcAssertive": 6.1792, "car_lcCooperative": 0.8113, "car_lcLookaheadLeft": 92.9875, "car_lcPushy": 0.4328, "car_lcSigma": 0.3075, "car_lcSublane": 0.5348, "car_sigma": 0.47, "car_tau_mean": 3.7409, "car_tau_std": 9.2733, "car_v_mean": 18.1717, "car_v_std": 0.7391}, "datetime": {"datetime": "2024-08-07 10:48:39", "elapsed": 4822.135006, "delta": 30.135197}}
{"target": -0.3538995549180124, "params": {"bus_acc": 1.3744, "bus_dcc": 3.5193, "bus_lcAssertive": 21.3911, "bus_lcCooperative": 0.55, "bus_lcLookaheadLeft": 99.6549, "bus_lcPushy": 0.3088, "bus_lcSigma": 0.5096, "bus_lcSublane": 0.2556, "bus_sigma": 0.3354, "bus_tau_mean": 0.9576, "bus_tau_std": 6.6024, "bus_v_mean": 8.6145, "bus_v_std": 9.8033, "car_acc": 2.2305, "car_dcc": 2.0051, "car_lcAssertive": 73.6104, "car_lcCooperative": 0.6042, "car_lcLookaheadLeft": 95.309, "car_lcPushy": 0.6946, "car_lcSigma": 0.7645, "car_lcSublane": 0.5953, "car_sigma": 0.933, "car_tau_mean": 2.5322, "car_tau_std": 7.8623, "car_v_mean": 15.4432, "car_v_std": 0.5716}, "datetime": {"datetime": "2024-08-07 10:49:06", "elapsed": 4849.307407, "delta": 27.172401}}
{"target": -0.6574123506960383, "params": {"bus_acc": 2.1191, "bus_dcc": 3.9719, "bus_lcAssertive": 64.1909, "bus_lcCooperative": 0.9557, "bus_lcLookaheadLeft": 65.842, "bus_lcPushy": 0.3955, "bus_lcSigma": 0.9421, "bus_lcSublane": 0.9491, "bus_sigma": 0.242, "bus_tau_mean": 2.4535, "bus_tau_std": 9.4234, "bus_v_mean": 18.7971, "bus_v_std": 4.1201, "car_acc": 1.1894, "car_dcc": 2.2133, "car_lcAssertive": 99.3124, "car_lcCooperative": 0.6114, "car_lcLookaheadLeft": 39.0315, "car_lcPushy": 0.4826, "car_lcSigma": 0.1817, "car_lcSublane": 0.1069, "car_sigma": 0.7787, "car_tau_mean": 1.0569, "car_tau_std": 0.6223, "car_v_mean": 19.6087, "car_v_std": 0.0257}, "datetime": {"datetime": "2024-08-07 10:49:28", "elapsed": 4870.732855, "delta": 21.425448}}
{"target": -0.39381790833160857, "params": {"bus_acc": 1.7013, "bus_dcc": 3.1534, "bus_lcAssertive": 17.8588, "bus_lcCooperative": 0.2697, "bus_lcLookaheadLeft": 64.9461, "bus_lcPushy": 0.3661, "bus_lcSigma": 0.2477, "bus_lcSublane": 0.6306, "bus_sigma": 0.0455, "bus_tau_mean": 3.873, "bus_tau_std": 9.818, "bus_v_mean": 23.4447, "bus_v_std": 1.6906, "car_acc": 1.0618, "car_dcc": 3.5989, "car_lcAssertive": 28.7081, "car_lcCooperative": 0.6788, "car_lcLookaheadLeft": 18.1294, "car_lcPushy": 0.1968, "car_lcSigma": 0.7597, "car_lcSublane": 0.3111, "car_sigma": 0.1849, "car_tau_mean": 2.0643, "car_tau_std": 4.5405, "car_v_mean": 21.5433, "car_v_std": 8.9603}, "datetime": {"datetime": "2024-08-07 10:49:37", "elapsed": 4880.302423, "delta": 9.569568}}
{"target": -0.3517794100708327, "params": {"bus_acc": 1.6762, "bus_dcc": 2.1163, "bus_lcAssertive": 79.4797, "bus_lcCooperative": 0.4613, "bus_lcLookaheadLeft": 22.9124, "bus_lcPushy": 0.2502, "bus_lcSigma": 0.0118, "bus_lcSublane": 0.5695, "bus_sigma": 0.2555, "bus_tau_mean": 2.3553, "bus_tau_std": 8.2428, "bus_v_mean": 17.3611, "bus_v_std": 6.8974, "car_acc": 1.8066, "car_dcc": 2.5014, "car_lcAssertive": 37.226, "car_lcCooperative": 0.9796, "car_lcLookaheadLeft": 69.5399, "car_lcPushy": 0.0375, "car_lcSigma": 0.6387, "car_lcSublane": 0.293, "car_sigma": 0.7416, "car_tau_mean": 3.4533, "car_tau_std": 1.4152, "car_v_mean": 23.4825, "car_v_std": 8.9222}, "datetime": {"datetime": "2024-08-07 10:49:40", "elapsed": 4883.307593, "delta": 3.00517}}
{"target": -0.3593827981075966, "params": {"bus_acc": 2.4639, "bus_dcc": 3.7415, "bus_lcAssertive": 66.8947, "bus_lcCooperative": 0.0, "bus_lcLookaheadLeft": 57.4666, "bus_lcPushy": 0.3756, "bus_lcSigma": 0.1132, "bus_lcSublane": 0.2184, "bus_sigma": 0.7732, "bus_tau_mean": 1.2332, "bus_tau_std": 7.7757, "bus_v_mean": 15.3218, "bus_v_std": 2.4611, "car_acc": 1.358, "car_dcc": 2.1636, "car_lcAssertive": 84.3946, "car_lcCooperative": 0.937, "car_lcLookaheadLeft": 58.7834, "car_lcPushy": 0.7768, "car_lcSigma": 0.2611, "car_lcSublane": 0.4771, "car_sigma": 0.1259, "car_tau_mean": 2.5689, "car_tau_std": 1.9466, "car_v_mean": 17.1899, "car_v_std": 3.3802}, "datetime": {"datetime": "2024-08-07 10:49:49", "elapsed": 4891.680038, "delta": 8.372445}}
{"target": -0.38629473211812426, "params": {"bus_acc": 1.0442, "bus_dcc": 2.263, "bus_lcAssertive": 46.142, "bus_lcCooperative": 0.4201, "bus_lcLookaheadLeft": 27.6792, "bus_lcPushy": 0.6463, "bus_lcSigma": 0.8933, "bus_lcSublane": 0.8679, "bus_sigma": 0.0772, "bus_tau_mean": 1.9879, "bus_tau_std": 3.7089, "bus_v_mean": 14.1381, "bus_v_std": 0.089, "car_acc": 2.7359, "car_dcc": 2.9693, "car_lcAssertive": 41.019, "car_lcCooperative": 0.8265, "car_lcLookaheadLeft": 41.3254, "car_lcPushy": 0.5739, "car_lcSigma": 0.0415, "car_lcSublane": 0.5127, "car_sigma": 0.5515, "car_tau_mean": 1.8797, "car_tau_std": 0.0362, "car_v_mean": 20.8872, "car_v_std": 2.7484}, "datetime": {"datetime": "2024-08-07 10:50:45", "elapsed": 4947.527063, "delta": 55.847025}}
{"target": -0.32795956892101374, "params": {"bus_acc": 1.7758, "bus_dcc": 1.8071, "bus_lcAssertive": 32.6074, "bus_lcCooperative": 0.8657, "bus_lcLookaheadLeft": 34.8309, "bus_lcPushy": 0.1362, "bus_lcSigma": 0.5074, "bus_lcSublane": 0.225, "bus_sigma": 0.7199, "bus_tau_mean": 2.9828, "bus_tau_std": 8.9027, "bus_v_mean": 23.9471, "bus_v_std": 2.8485, "car_acc": 2.3477, "car_dcc": 2.8736, "car_lcAssertive": 45.0518, "car_lcCooperative": 0.3381, "car_lcLookaheadLeft": 80.7119, "car_lcPushy": 0.5065, "car_lcSigma": 0.5831, "car_lcSublane": 0.8007, "car_sigma": 0.9757, "car_tau_mean": 2.3216, "car_tau_std": 3.5659, "car_v_mean": 15.0615, "car_v_std": 4.6533}, "datetime": {"datetime": "2024-08-07 10:51:09", "elapsed": 4971.810344, "delta": 24.283281}}
{"target": -0.3023430270080477, "params": {"bus_acc": 1.2569, "bus_dcc": 1.9687, "bus_lcAssertive": 8.49, "bus_lcCooperative": 0.0633, "bus_lcLookaheadLeft": 8.4145, "bus_lcPushy": 0.0077, "bus_lcSigma": 0.6788, "bus_lcSublane": 0.7096, "bus_sigma": 0.0007, "bus_tau_mean": 2.8483, "bus_tau_std": 2.237, "bus_v_mean": 8.369, "bus_v_std": 4.2697, "car_acc": 2.2844, "car_dcc": 2.829, "car_lcAssertive": 5.9707, "car_lcCooperative": 0.8612, "car_lcLookaheadLeft": 79.0504, "car_lcPushy": 0.0503, "car_lcSigma": 0.8397, "car_lcSublane": 0.9516, "car_sigma": 0.5711, "car_tau_mean": 2.2928, "car_tau_std": 1.8041, "car_v_mean": 21.0998, "car_v_std": 9.2327}, "datetime": {"datetime": "2024-08-07 10:51:28", "elapsed": 4990.99445, "delta": 19.184106}}
{"target": -0.3431730579450256, "params": {"bus_acc": 2.2364, "bus_dcc": 2.1995, "bus_lcAssertive": 44.819, "bus_lcCooperative": 0.2282, "bus_lcLookaheadLeft": 89.1882, "bus_lcPushy": 0.6974, "bus_lcSigma": 0.0969, "bus_lcSublane": 0.253, "bus_sigma": 0.7796, "bus_tau_mean": 2.1147, "bus_tau_std": 3.0584, "bus_v_mean": 8.5889, "bus_v_std": 6.645, "car_acc": 2.7118, "car_dcc": 3.3205, "car_lcAssertive": 8.6193, "car_lcCooperative": 0.2984, "car_lcLookaheadLeft": 79.1327, "car_lcPushy": 0.7968, "car_lcSigma": 0.1973, "car_lcSublane": 0.5638, "car_sigma": 0.7196, "car_tau_mean": 3.9155, "car_tau_std": 6.8352, "car_v_mean": 14.7634, "car_v_std": 9.5369}, "datetime": {"datetime": "2024-08-07 10:51:47", "elapsed": 5009.67887, "delta": 18.68442}}
{"target": -0.3548233969558944, "params": {"bus_acc": 2.401, "bus_dcc": 3.8009, "bus_lcAssertive": 38.93, "bus_lcCooperative": 0.2141, "bus_lcLookaheadLeft": 20.6899, "bus_lcPushy": 0.6083, "bus_lcSigma": 0.5112, "bus_lcSublane": 0.5526, "bus_sigma": 0.4274, "bus_tau_mean": 2.373, "bus_tau_std": 4.7282, "bus_v_mean": 15.7094, "bus_v_std": 5.2845, "car_acc": 1.4623, "car_dcc": 2.3227, "car_lcAssertive": 95.2641, "car_lcCooperative": 0.7858, "car_lcLookaheadLeft": 84.2347, "car_lcPushy": 0.1801, "car_lcSigma": 0.1452, "car_lcSublane": 0.7435, "car_sigma": 0.0854, "car_tau_mean": 2.2708, "car_tau_std": 6.5519, "car_v_mean": 22.8952, "car_v_std": 2.1981}, "datetime": {"datetime": "2024-08-07 10:52:24", "elapsed": 5047.294077, "delta": 37.615207}}
{"target": -0.34606392542368525, "params": {"bus_acc": 1.5255, "bus_dcc": 1.3839, "bus_lcAssertive": 88.4563, "bus_lcCooperative": 0.3021, "bus_lcLookaheadLeft": 15.4137, "bus_lcPushy": 0.018, "bus_lcSigma": 0.492, "bus_lcSublane": 0.3234, "bus_sigma": 0.7082, "bus_tau_mean": 3.7868, "bus_tau_std": 8.7024, "bus_v_mean": 19.1315, "bus_v_std": 7.1759, "car_acc": 1.3171, "car_dcc": 2.1366, "car_lcAssertive": 20.6122, "car_lcCooperative": 0.0241, "car_lcLookaheadLeft": 28.7288, "car_lcPushy": 0.7289, "car_lcSigma": 0.5436, "car_lcSublane": 0.7176, "car_sigma": 0.5693, "car_tau_mean": 3.8409, "car_tau_std": 0.3881, "car_v_mean": 21.3918, "car_v_std": 8.7824}, "datetime": {"datetime": "2024-08-07 10:52:27", "elapsed": 5050.480405, "delta": 3.186328}}
{"target": -0.35172576519506243, "params": {"bus_acc": 1.0005, "bus_dcc": 2.0088, "bus_lcAssertive": 82.8496, "bus_lcCooperative": 0.3781, "bus_lcLookaheadLeft": 13.0765, "bus_lcPushy": 0.0593, "bus_lcSigma": 0.7723, "bus_lcSublane": 0.3595, "bus_sigma": 0.8577, "bus_tau_mean": 3.1372, "bus_tau_std": 2.9141, "bus_v_mean": 20.9869, "bus_v_std": 1.4398, "car_acc": 2.8543, "car_dcc": 2.3693, "car_lcAssertive": 56.7248, "car_lcCooperative": 0.4871, "car_lcLookaheadLeft": 77.5138, "car_lcPushy": 0.0592, "car_lcSigma": 0.8088, "car_lcSublane": 0.2146, "car_sigma": 0.7401, "car_tau_mean": 1.529, "car_tau_std": 5.8046, "car_v_mean": 15.1516, "car_v_std": 8.4396}, "datetime": {"datetime": "2024-08-07 10:52:32", "elapsed": 5054.846883, "delta": 4.366478}}
{"target": -0.740652893469635, "params": {"bus_acc": 1.9949, "bus_dcc": 2.3559, "bus_lcAssertive": 15.9678, "bus_lcCooperative": 0.0006, "bus_lcLookaheadLeft": 71.0818, "bus_lcPushy": 0.0116, "bus_lcSigma": 0.7662, "bus_lcSublane": 0.221, "bus_sigma": 0.8757, "bus_tau_mean": 1.356, "bus_tau_std": 7.3357, "bus_v_mean": 11.2732, "bus_v_std": 8.1581, "car_acc": 1.6602, "car_dcc": 1.5999, "car_lcAssertive": 60.0244, "car_lcCooperative": 0.1987, "car_lcLookaheadLeft": 90.7479, "car_lcPushy": 0.8935, "car_lcSigma": 0.2612, "car_lcSublane": 0.4424, "car_sigma": 0.1151, "car_tau_mean": 1.7582, "car_tau_std": 2.1285, "car_v_mean": 23.3751, "car_v_std": 1.706}, "datetime": {"datetime": "2024-08-07 10:52:58", "elapsed": 5081.014231, "delta": 26.167348}}
{"target": -0.3374286536061517, "params": {"bus_acc": 1.9156, "bus_dcc": 1.5272, "bus_lcAssertive": 23.9573, "bus_lcCooperative": 0.0077, "bus_lcLookaheadLeft": 99.7902, "bus_lcPushy": 0.8038, "bus_lcSigma": 0.5973, "bus_lcSublane": 0.8233, "bus_sigma": 0.8086, "bus_tau_mean": 3.7275, "bus_tau_std": 3.8994, "bus_v_mean": 13.595, "bus_v_std": 0.0925, "car_acc": 1.0247, "car_dcc": 1.4875, "car_lcAssertive": 23.5995, "car_lcCooperative": 0.427, "car_lcLookaheadLeft": 16.9599, "car_lcPushy": 0.7159, "car_lcSigma": 0.049, "car_lcSublane": 0.5774, "car_sigma": 0.6697, "car_tau_mean": 2.151, "car_tau_std": 4.8592, "car_v_mean": 16.7082, "car_v_std": 8.3358}, "datetime": {"datetime": "2024-08-07 10:53:32", "elapsed": 5115.396624, "delta": 34.382393}}
{"target": -0.3450343015131808, "params": {"bus_acc": 1.3785, "bus_dcc": 1.7124, "bus_lcAssertive": 26.0128, "bus_lcCooperative": 0.6526, "bus_lcLookaheadLeft": 10.5569, "bus_lcPushy": 0.737, "bus_lcSigma": 0.3102, "bus_lcSublane": 0.9918, "bus_sigma": 0.6667, "bus_tau_mean": 2.3482, "bus_tau_std": 8.3556, "bus_v_mean": 19.6676, "bus_v_std": 1.563, "car_acc": 1.2187, "car_dcc": 3.3405, "car_lcAssertive": 60.7913, "car_lcCooperative": 0.7907, "car_lcLookaheadLeft": 84.477, "car_lcPushy": 0.3912, "car_lcSigma": 0.6154, "car_lcSublane": 0.496, "car_sigma": 0.2351, "car_tau_mean": 0.7314, "car_tau_std": 9.4577, "car_v_mean": 15.8952, "car_v_std": 8.1561}, "datetime": {"datetime": "2024-08-07 10:53:51", "elapsed": 5133.490545, "delta": 18.093921}}
{"target": -0.35841321955271965, "params": {"bus_acc": 2.9051, "bus_dcc": 1.6589, "bus_lcAssertive": 13.1806, "bus_lcCooperative": 0.0469, "bus_lcLookaheadLeft": 51.1604, "bus_lcPushy": 0.6728, "bus_lcSigma": 0.9525, "bus_lcSublane": 0.7021, "bus_sigma": 0.5844, "bus_tau_mean": 2.1112, "bus_tau_std": 1.3068, "bus_v_mean": 10.8369, "bus_v_std": 8.8628, "car_acc": 2.0413, "car_dcc": 3.7088, "car_lcAssertive": 92.8257, "car_lcCooperative": 0.9251, "car_lcLookaheadLeft": 75.5041, "car_lcPushy": 0.327, "car_lcSigma": 0.3738, "car_lcSublane": 0.3037, "car_sigma": 0.0705, "car_tau_mean": 3.945, "car_tau_std": 3.9619, "car_v_mean": 22.5895, "car_v_std": 4.2041}, "datetime": {"datetime": "2024-08-07 10:54:23", "elapsed": 5166.249689, "delta": 32.759144}}
{"target": -0.3288994437411165, "params": {"bus_acc": 2.2118, "bus_dcc": 1.0727, "bus_lcAssertive": 67.0781, "bus_lcCooperative": 0.2643, "bus_lcLookaheadLeft": 88.4911, "bus_lcPushy": 0.9852, "bus_lcSigma": 0.7712, "bus_lcSublane": 0.9017, "bus_sigma": 0.2466, "bus_tau_mean": 2.749, "bus_tau_std": 9.7024, "bus_v_mean": 17.5446, "bus_v_std": 4.358, "car_acc": 1.7967, "car_dcc": 2.6481, "car_lcAssertive": 79.475, "car_lcCooperative": 0.2584, "car_lcLookaheadLeft": 57.4943, "car_lcPushy": 0.2033, "car_lcSigma": 0.7118, "car_lcSublane": 0.2672, "car_sigma": 0.8347, "car_tau_mean": 2.2192, "car_tau_std": 3.0901, "car_v_mean": 11.0274, "car_v_std": 1.7728}, "datetime": {"datetime": "2024-08-07 10:54:53", "elapsed": 5195.6519, "delta": 29.402211}}
{"target": -0.37601336557997445, "params": {"bus_acc": 2.5092, "bus_dcc": 2.1047, "bus_lcAssertive": 19.6178, "bus_lcCooperative": 0.4745, "bus_lcLookaheadLeft": 10.5528, "bus_lcPushy": 0.525, "bus_lcSigma": 0.0976, "bus_lcSublane": 0.578, "bus_sigma": 0.665, "bus_tau_mean": 3.1398, "bus_tau_std": 8.6032, "bus_v_mean": 23.4504, "bus_v_std": 4.8854, "car_acc": 1.5802, "car_dcc": 2.3945, "car_lcAssertive": 92.9905, "car_lcCooperative": 0.4783, "car_lcLookaheadLeft": 17.185, "car_lcPushy": 0.1359, "car_lcSigma": 0.174, "car_lcSublane": 0.3809, "car_sigma": 0.0472, "car_tau_mean": 3.8549, "car_tau_std": 4.5124, "car_v_mean": 23.0778, "car_v_std": 5.0971}, "datetime": {"datetime": "2024-08-07 10:55:00", "elapsed": 5203.387006, "delta": 7.735106}}
{"target": -0.34612210858826586, "params": {"bus_acc": 2.3626, "bus_dcc": 2.6175, "bus_lcAssertive": 64.3623, "bus_lcCooperative": 0.7609, "bus_lcLookaheadLeft": 84.5426, "bus_lcPushy": 0.9706, "bus_lcSigma": 0.9772, "bus_lcSublane": 0.1475, "bus_sigma": 0.9892, "bus_tau_mean": 2.466, "bus_tau_std": 5.1016, "bus_v_mean": 9.4939, "bus_v_std": 7.3413, "car_acc": 1.0821, "car_dcc": 2.8421, "car_lcAssertive": 86.6154, "car_lcCooperative": 0.1376, "car_lcLookaheadLeft": 21.0528, "car_lcPushy": 0.5017, "car_lcSigma": 0.1439, "car_lcSublane": 0.276, "car_sigma": 0.627, "car_tau_mean": 3.51, "car_tau_std": 5.3856, "car_v_mean": 12.8465, "car_v_std": 7.9153}, "datetime": {"datetime": "2024-08-07 10:55:05", "elapsed": 5207.515384, "delta": 4.128378}}
