{"target": -0.041270194690793745, "params": {"bus_acc": 2.76, "bus_dcc": 2.43, "bus_lcAssertive": 29.71, "bus_lcCooperative": 0.48, "bus_lcLookaheadLeft": 35.29, "bus_lcPushy": 0.78, "bus_lcSublane": 0.97, "bus_max_v": 21.63, "bus_tau_mean": 0.66, "bus_tau_std": 2.91, "car_acc": 1.32, "car_dcc": 2.05, "car_lcAssertive": 71.54, "car_lcCooperative": 0.86, "car_lcLookaheadLeft": 53.52, "car_lcPushy": 0.47, "car_lcSublane": 0.34, "car_max_v": 13.19, "car_tau_mean": 1.11, "car_tau_std": 8.32}, "datetime": {"datetime": "2024-08-03 21:59:27", "elapsed": 1800.038215, "delta": 14.394006}}
{"target": -0.05383669646307233, "params": {"bus_acc": 2.87, "bus_dcc": 2.75, "bus_lcAssertive": 29.61, "bus_lcCooperative": 0.85, "bus_lcLookaheadLeft": 69.57, "bus_lcPushy": 0.47, "bus_lcSublane": 0.76, "bus_max_v": 19.38, "bus_tau_mean": 2.25, "bus_tau_std": 3.57, "car_acc": 2.33, "car_dcc": 1.7, "car_lcAssertive": 24.77, "car_lcCooperative": 0.55, "car_lcLookaheadLeft": 49.91, "car_lcPushy": 0.61, "car_lcSublane": 0.13, "car_max_v": 18.87, "car_tau_mean": 2.39, "car_tau_std": 7.22}, "datetime": {"datetime": "2024-08-03 21:59:39", "elapsed": 1811.747727, "delta": 11.709512}}
{"target": -0.05763422440311581, "params": {"bus_acc": 1.76, "bus_dcc": 3.48, "bus_lcAssertive": 34.82, "bus_lcCooperative": 0.52, "bus_lcLookaheadLeft": 19.64, "bus_lcPushy": 0.25, "bus_lcSublane": 0.47, "bus_max_v": 16.06, "bus_tau_mean": 2.33, "bus_tau_std": 3.73, "car_acc": 1.98, "car_dcc": 3.12, "car_lcAssertive": 81.03, "car_lcCooperative": 0.32, "car_lcLookaheadLeft": 50.13, "car_lcPushy": 0.11, "car_lcSublane": 0.23, "car_max_v": 22.14, "car_tau_mean": 3.35, "car_tau_std": 7.22}, "datetime": {"datetime": "2024-08-03 21:59:49", "elapsed": 1821.463739, "delta": 9.716012}}
{"target": -0.04937729720627441, "params": {"bus_acc": 2.79, "bus_dcc": 1.42, "bus_lcAssertive": 86.47, "bus_lcCooperative": 0.78, "bus_lcLookaheadLeft": 31.25, "bus_lcPushy": 0.84, "bus_lcSublane": 0.15, "bus_max_v": 15.83, "bus_tau_mean": 3.01, "bus_tau_std": 8.24, "car_acc": 2.35, "car_dcc": 2.85, "car_lcAssertive": 26.01, "car_lcCooperative": 0.7, "car_lcLookaheadLeft": 38.76, "car_lcPushy": 0.67, "car_lcSublane": 0.14, "car_max_v": 24.91, "car_tau_mean": 1.15, "car_tau_std": 4.76}, "datetime": {"datetime": "2024-08-03 21:59:52", "elapsed": 1824.566557, "delta": 3.102818}}
{"target": -0.042620601108933835, "params": {"bus_acc": 2.68, "bus_dcc": 3.28, "bus_lcAssertive": 68.98, "bus_lcCooperative": 0.04, "bus_lcLookaheadLeft": 63.17, "bus_lcPushy": 0.84, "bus_lcSublane": 0.84, "bus_max_v": 21.96, "bus_tau_mean": 1.05, "bus_tau_std": 3.96, "car_acc": 1.03, "car_dcc": 1.48, "car_lcAssertive": 88.62, "car_lcCooperative": 0.59, "car_lcLookaheadLeft": 67.38, "car_lcPushy": 0.04, "car_lcSublane": 0.58, "car_max_v": 15.17, "car_tau_mean": 1.56, "car_tau_std": 7.32}, "datetime": {"datetime": "2024-08-03 21:59:57", "elapsed": 1830.250044, "delta": 5.683487}}
{"target": -0.034205521357143116, "params": {"bus_acc": 1.14, "bus_dcc": 3.9, "bus_lcAssertive": 75.27, "bus_lcCooperative": 0.81, "bus_lcLookaheadLeft": 86.7, "bus_lcPushy": 0.11, "bus_lcSublane": 0.41, "bus_max_v": 24.01, "bus_tau_mean": 2.97, "bus_tau_std": 9.34, "car_acc": 2.48, "car_dcc": 1.22, "car_lcAssertive": 51.2, "car_lcCooperative": 0.12, "car_lcLookaheadLeft": 82.36, "car_lcPushy": 1.0, "car_lcSublane": 0.34, "car_max_v": 19.68, "car_tau_mean": 1.64, "car_tau_std": 7.2}, "datetime": {"datetime": "2024-08-03 22:00:03", "elapsed": 1835.474335, "delta": 5.224291}}
{"target": -0.042186775764517966, "params": {"bus_acc": 1.01, "bus_dcc": 1.49, "bus_lcAssertive": 15.27, "bus_lcCooperative": 0.29, "bus_lcLookaheadLeft": 35.15, "bus_lcPushy": 0.39, "bus_lcSublane": 0.1, "bus_max_v": 20.93, "bus_tau_mean": 1.73, "bus_tau_std": 1.22, "car_acc": 1.03, "car_dcc": 1.2, "car_lcAssertive": 63.33, "car_lcCooperative": 0.45, "car_lcLookaheadLeft": 7.64, "car_lcPushy": 0.63, "car_lcSublane": 0.14, "car_max_v": 20.68, "car_tau_mean": 2.43, "car_tau_std": 0.41}, "datetime": {"datetime": "2024-08-03 22:00:08", "elapsed": 1840.769221, "delta": 5.294886}}
{"target": -0.05110815509995634, "params": {"bus_acc": 2.47, "bus_dcc": 3.07, "bus_lcAssertive": 32.96, "bus_lcCooperative": 0.58, "bus_lcLookaheadLeft": 91.28, "bus_lcPushy": 0.45, "bus_lcSublane": 0.4, "bus_max_v": 16.27, "bus_tau_mean": 2.85, "bus_tau_std": 1.92, "car_acc": 2.8, "car_dcc": 3.32, "car_lcAssertive": 63.12, "car_lcCooperative": 0.69, "car_lcLookaheadLeft": 55.8, "car_lcPushy": 0.4, "car_lcSublane": 0.88, "car_max_v": 14.34, "car_tau_mean": 3.81, "car_tau_std": 1.63}, "datetime": {"datetime": "2024-08-03 22:00:20", "elapsed": 1852.577127, "delta": 11.807906}}
{"target": -0.053187586088925674, "params": {"bus_acc": 1.28, "bus_dcc": 2.36, "bus_lcAssertive": 55.13, "bus_lcCooperative": 0.76, "bus_lcLookaheadLeft": 61.79, "bus_lcPushy": 0.83, "bus_lcSublane": 0.15, "bus_max_v": 13.48, "bus_tau_mean": 1.59, "bus_tau_std": 3.54, "car_acc": 2.25, "car_dcc": 1.37, "car_lcAssertive": 99.25, "car_lcCooperative": 0.37, "car_lcLookaheadLeft": 27.59, "car_lcPushy": 0.72, "car_lcSublane": 0.13, "car_max_v": 22.18, "car_tau_mean": 3.41, "car_tau_std": 6.83}, "datetime": {"datetime": "2024-08-03 22:00:27", "elapsed": 1859.485186, "delta": 6.908059}}
{"target": -0.048962448257277975, "params": {"bus_acc": 2.99, "bus_dcc": 3.75, "bus_lcAssertive": 68.95, "bus_lcCooperative": 0.52, "bus_lcLookaheadLeft": 73.99, "bus_lcPushy": 0.96, "bus_lcSublane": 0.1, "bus_max_v": 15.01, "bus_tau_mean": 2.4, "bus_tau_std": 5.37, "car_acc": 1.86, "car_dcc": 1.14, "car_lcAssertive": 6.04, "car_lcCooperative": 0.85, "car_lcLookaheadLeft": 24.92, "car_lcPushy": 0.11, "car_lcSublane": 0.58, "car_max_v": 17.76, "car_tau_mean": 1.65, "car_tau_std": 7.89}, "datetime": {"datetime": "2024-08-03 22:00:39", "elapsed": 1872.151807, "delta": 12.666621}}
{"target": -0.04473364509921127, "params": {"bus_acc": 2.01, "bus_dcc": 2.54, "bus_lcAssertive": 90.63, "bus_lcCooperative": 0.17, "bus_lcLookaheadLeft": 49.97, "bus_lcPushy": 0.84, "bus_lcSublane": 0.73, "bus_max_v": 14.41, "bus_tau_mean": 3.22, "bus_tau_std": 3.74, "car_acc": 1.98, "car_dcc": 3.88, "car_lcAssertive": 3.72, "car_lcCooperative": 0.88, "car_lcLookaheadLeft": 6.53, "car_lcPushy": 0.88, "car_lcSublane": 0.75, "car_max_v": 12.91, "car_tau_mean": 3.42, "car_tau_std": 7.59}, "datetime": {"datetime": "2024-08-03 22:00:41", "elapsed": 1873.84028, "delta": 1.688473}}
{"target": -0.03857096034909748, "params": {"bus_acc": 2.29, "bus_dcc": 1.89, "bus_lcAssertive": 38.54, "bus_lcCooperative": 0.5, "bus_lcLookaheadLeft": 20.42, "bus_lcPushy": 0.86, "bus_lcSublane": 0.17, "bus_max_v": 13.11, "bus_tau_mean": 0.99, "bus_tau_std": 9.27, "car_acc": 1.15, "car_dcc": 3.7, "car_lcAssertive": 53.62, "car_lcCooperative": 0.94, "car_lcLookaheadLeft": 54.37, "car_lcPushy": 0.74, "car_lcSublane": 0.37, "car_max_v": 12.25, "car_tau_mean": 1.68, "car_tau_std": 1.99}, "datetime": {"datetime": "2024-08-03 22:00:59", "elapsed": 1892.388266, "delta": 18.547986}}
{"target": -0.04991785378646701, "params": {"bus_acc": 2.71, "bus_dcc": 2.77, "bus_lcAssertive": 94.41, "bus_lcCooperative": 0.22, "bus_lcLookaheadLeft": 50.03, "bus_lcPushy": 0.66, "bus_lcSublane": 0.99, "bus_max_v": 11.28, "bus_tau_mean": 0.7, "bus_tau_std": 6.07, "car_acc": 2.01, "car_dcc": 3.81, "car_lcAssertive": 21.34, "car_lcCooperative": 0.25, "car_lcLookaheadLeft": 9.67, "car_lcPushy": 0.43, "car_lcSublane": 0.81, "car_max_v": 14.87, "car_tau_mean": 2.66, "car_tau_std": 7.47}, "datetime": {"datetime": "2024-08-03 22:01:02", "elapsed": 1895.235941, "delta": 2.847675}}
{"target": -0.05141243610967549, "params": {"bus_acc": 2.73, "bus_dcc": 1.29, "bus_lcAssertive": 73.71, "bus_lcCooperative": 0.74, "bus_lcLookaheadLeft": 44.38, "bus_lcPushy": 0.57, "bus_lcSublane": 0.73, "bus_max_v": 22.67, "bus_tau_mean": 3.2, "bus_tau_std": 5.18, "car_acc": 2.5, "car_dcc": 1.84, "car_lcAssertive": 40.31, "car_lcCooperative": 0.92, "car_lcLookaheadLeft": 71.36, "car_lcPushy": 0.72, "car_lcSublane": 0.68, "car_max_v": 15.49, "car_tau_mean": 1.69, "car_tau_std": 2.69}, "datetime": {"datetime": "2024-08-03 22:01:10", "elapsed": 1903.391335, "delta": 8.155394}}
{"target": -0.0842958609227092, "params": {"bus_acc": 1.74, "bus_dcc": 2.86, "bus_lcAssertive": 82.63, "bus_lcCooperative": 0.5, "bus_lcLookaheadLeft": 22.85, "bus_lcPushy": 0.11, "bus_lcSublane": 0.97, "bus_max_v": 6.22, "bus_tau_mean": 3.64, "bus_tau_std": 6.08, "car_acc": 2.92, "car_dcc": 3.1, "car_lcAssertive": 20.03, "car_lcCooperative": 0.2, "car_lcLookaheadLeft": 63.63, "car_lcPushy": 0.8, "car_lcSublane": 0.78, "car_max_v": 20.55, "car_tau_mean": 2.6, "car_tau_std": 4.19}, "datetime": {"datetime": "2024-08-03 22:01:38", "elapsed": 1930.784767, "delta": 27.393432}}
{"target": -0.045858388816962935, "params": {"bus_acc": 1.86, "bus_dcc": 2.04, "bus_lcAssertive": 21.55, "bus_lcCooperative": 0.89, "bus_lcLookaheadLeft": 93.49, "bus_lcPushy": 0.64, "bus_lcSublane": 0.24, "bus_max_v": 22.78, "bus_tau_mean": 2.0, "bus_tau_std": 4.43, "car_acc": 1.51, "car_dcc": 2.9, "car_lcAssertive": 91.57, "car_lcCooperative": 0.28, "car_lcLookaheadLeft": 83.6, "car_lcPushy": 0.88, "car_lcSublane": 0.75, "car_max_v": 6.27, "car_tau_mean": 2.65, "car_tau_std": 5.03}, "datetime": {"datetime": "2024-08-03 22:01:40", "elapsed": 1932.906461, "delta": 2.121694}}
{"target": -0.07953186579910217, "params": {"bus_acc": 1.87, "bus_dcc": 1.69, "bus_lcAssertive": 84.62, "bus_lcCooperative": 0.85, "bus_lcLookaheadLeft": 52.76, "bus_lcPushy": 0.61, "bus_lcSublane": 0.8, "bus_max_v": 7.11, "bus_tau_mean": 3.3, "bus_tau_std": 5.35, "car_acc": 2.75, "car_dcc": 3.58, "car_lcAssertive": 70.51, "car_lcCooperative": 0.37, "car_lcLookaheadLeft": 88.61, "car_lcPushy": 0.87, "car_lcSublane": 0.58, "car_max_v": 23.39, "car_tau_mean": 0.58, "car_tau_std": 7.44}, "datetime": {"datetime": "2024-08-03 22:01:45", "elapsed": 1937.944317, "delta": 5.037856}}
{"target": -0.06423726150060992, "params": {"bus_acc": 2.41, "bus_dcc": 2.67, "bus_lcAssertive": 47.25, "bus_lcCooperative": 0.75, "bus_lcLookaheadLeft": 88.04, "bus_lcPushy": 0.68, "bus_lcSublane": 0.37, "bus_max_v": 9.96, "bus_tau_mean": 1.28, "bus_tau_std": 8.82, "car_acc": 2.97, "car_dcc": 1.38, "car_lcAssertive": 77.77, "car_lcCooperative": 0.32, "car_lcLookaheadLeft": 70.44, "car_lcPushy": 0.87, "car_lcSublane": 0.04, "car_max_v": 22.14, "car_tau_mean": 1.45, "car_tau_std": 1.81}, "datetime": {"datetime": "2024-08-03 22:01:48", "elapsed": 1940.424194, "delta": 2.479877}}
{"target": -0.07640759350980433, "params": {"bus_acc": 2.94, "bus_dcc": 1.75, "bus_lcAssertive": 44.48, "bus_lcCooperative": 0.49, "bus_lcLookaheadLeft": 38.39, "bus_lcPushy": 0.06, "bus_lcSublane": 0.0, "bus_max_v": 9.58, "bus_tau_mean": 3.2, "bus_tau_std": 9.56, "car_acc": 1.56, "car_dcc": 3.42, "car_lcAssertive": 79.2, "car_lcCooperative": 0.38, "car_lcLookaheadLeft": 23.76, "car_lcPushy": 0.33, "car_lcSublane": 0.61, "car_max_v": 9.08, "car_tau_mean": 2.07, "car_tau_std": 3.34}, "datetime": {"datetime": "2024-08-03 22:01:51", "elapsed": 1943.637259, "delta": 3.213065}}
{"target": -0.051726916695596, "params": {"bus_acc": 1.26, "bus_dcc": 3.84, "bus_lcAssertive": 96.2, "bus_lcCooperative": 0.99, "bus_lcLookaheadLeft": 30.83, "bus_lcPushy": 0.38, "bus_lcSublane": 0.35, "bus_max_v": 18.96, "bus_tau_mean": 3.01, "bus_tau_std": 6.96, "car_acc": 1.68, "car_dcc": 2.07, "car_lcAssertive": 48.8, "car_lcCooperative": 0.78, "car_lcLookaheadLeft": 37.49, "car_lcPushy": 0.81, "car_lcSublane": 0.19, "car_max_v": 24.09, "car_tau_mean": 1.58, "car_tau_std": 2.83}, "datetime": {"datetime": "2024-08-03 22:01:59", "elapsed": 1951.53358, "delta": 7.896321}}
{"target": -0.07139226133789243, "params": {"bus_acc": 2.75, "bus_dcc": 3.01, "bus_lcAssertive": 74.71, "bus_lcCooperative": 0.77, "bus_lcLookaheadLeft": 69.84, "bus_lcPushy": 0.82, "bus_lcSublane": 0.83, "bus_max_v": 5.62, "bus_tau_mean": 1.69, "bus_tau_std": 2.94, "car_acc": 1.19, "car_dcc": 3.09, "car_lcAssertive": 78.3, "car_lcCooperative": 0.38, "car_lcLookaheadLeft": 44.5, "car_lcPushy": 0.7, "car_lcSublane": 0.71, "car_max_v": 23.43, "car_tau_mean": 1.04, "car_tau_std": 3.06}, "datetime": {"datetime": "2024-08-03 22:02:35", "elapsed": 1988.304486, "delta": 36.770906}}
{"target": -0.046964894435209036, "params": {"bus_acc": 2.16, "bus_dcc": 3.4, "bus_lcAssertive": 72.57, "bus_lcCooperative": 0.93, "bus_lcLookaheadLeft": 84.04, "bus_lcPushy": 0.78, "bus_lcSublane": 0.62, "bus_max_v": 12.26, "bus_tau_mean": 1.87, "bus_tau_std": 8.66, "car_acc": 1.3, "car_dcc": 2.69, "car_lcAssertive": 56.74, "car_lcCooperative": 0.27, "car_lcLookaheadLeft": 64.42, "car_lcPushy": 0.42, "car_lcSublane": 0.83, "car_max_v": 20.47, "car_tau_mean": 3.14, "car_tau_std": 2.32}, "datetime": {"datetime": "2024-08-03 22:02:44", "elapsed": 1996.93004, "delta": 8.625554}}
{"target": -0.041121464410431095, "params": {"bus_acc": 1.86, "bus_dcc": 1.67, "bus_lcAssertive": 40.2, "bus_lcCooperative": 0.01, "bus_lcLookaheadLeft": 8.82, "bus_lcPushy": 0.99, "bus_lcSublane": 0.54, "bus_max_v": 24.74, "bus_tau_mean": 2.04, "bus_tau_std": 9.16, "car_acc": 2.4, "car_dcc": 1.34, "car_lcAssertive": 26.34, "car_lcCooperative": 0.17, "car_lcLookaheadLeft": 54.95, "car_lcPushy": 0.66, "car_lcSublane": 0.52, "car_max_v": 9.18, "car_tau_mean": 3.9, "car_tau_std": 7.61}, "datetime": {"datetime": "2024-08-03 22:02:48", "elapsed": 2000.538871, "delta": 3.608831}}
{"target": -0.05650592433143162, "params": {"bus_acc": 2.44, "bus_dcc": 1.3, "bus_lcAssertive": 32.01, "bus_lcCooperative": 0.19, "bus_lcLookaheadLeft": 18.19, "bus_lcPushy": 0.86, "bus_lcSublane": 0.53, "bus_max_v": 24.18, "bus_tau_mean": 1.2, "bus_tau_std": 0.42, "car_acc": 2.19, "car_dcc": 1.69, "car_lcAssertive": 5.67, "car_lcCooperative": 0.67, "car_lcLookaheadLeft": 21.68, "car_lcPushy": 0.75, "car_lcSublane": 0.9, "car_max_v": 24.01, "car_tau_mean": 3.73, "car_tau_std": 8.52}, "datetime": {"datetime": "2024-08-03 22:03:03", "elapsed": 2015.544297, "delta": 15.005426}}
{"target": -0.0462731085826722, "params": {"bus_acc": 2.15, "bus_dcc": 3.42, "bus_lcAssertive": 25.39, "bus_lcCooperative": 0.04, "bus_lcLookaheadLeft": 48.61, "bus_lcPushy": 0.68, "bus_lcSublane": 0.16, "bus_max_v": 18.38, "bus_tau_mean": 2.66, "bus_tau_std": 1.79, "car_acc": 1.65, "car_dcc": 3.58, "car_lcAssertive": 57.71, "car_lcCooperative": 0.33, "car_lcLookaheadLeft": 38.26, "car_lcPushy": 0.2, "car_lcSublane": 0.27, "car_max_v": 12.49, "car_tau_mean": 3.44, "car_tau_std": 5.41}, "datetime": {"datetime": "2024-08-03 22:03:16", "elapsed": 2029.312468, "delta": 13.768171}}
{"target": -0.041373707012202825, "params": {"bus_acc": 2.8, "bus_dcc": 3.64, "bus_lcAssertive": 54.09, "bus_lcCooperative": 0.7, "bus_lcLookaheadLeft": 36.41, "bus_lcPushy": 0.74, "bus_lcSublane": 0.63, "bus_max_v": 13.96, "bus_tau_mean": 3.63, "bus_tau_std": 7.98, "car_acc": 1.0, "car_dcc": 3.92, "car_lcAssertive": 72.07, "car_lcCooperative": 0.85, "car_lcLookaheadLeft": 25.28, "car_lcPushy": 0.74, "car_lcSublane": 0.39, "car_max_v": 11.08, "car_tau_mean": 3.59, "car_tau_std": 9.08}, "datetime": {"datetime": "2024-08-03 22:03:18", "elapsed": 2031.267247, "delta": 1.954779}}
{"target": -0.050588227450497965, "params": {"bus_acc": 2.91, "bus_dcc": 2.91, "bus_lcAssertive": 38.09, "bus_lcCooperative": 0.32, "bus_lcLookaheadLeft": 98.96, "bus_lcPushy": 0.73, "bus_lcSublane": 0.53, "bus_max_v": 12.38, "bus_tau_mean": 2.36, "bus_tau_std": 3.16, "car_acc": 2.77, "car_dcc": 2.25, "car_lcAssertive": 70.54, "car_lcCooperative": 0.56, "car_lcLookaheadLeft": 50.78, "car_lcPushy": 0.31, "car_lcSublane": 0.09, "car_max_v": 23.32, "car_tau_mean": 1.67, "car_tau_std": 1.25}, "datetime": {"datetime": "2024-08-03 22:03:25", "elapsed": 2038.352819, "delta": 7.085572}}
{"target": -0.043685779808880665, "params": {"bus_acc": 1.24, "bus_dcc": 2.92, "bus_lcAssertive": 70.44, "bus_lcCooperative": 0.96, "bus_lcLookaheadLeft": 11.9, "bus_lcPushy": 0.93, "bus_lcSublane": 0.8, "bus_max_v": 22.71, "bus_tau_mean": 1.75, "bus_tau_std": 4.78, "car_acc": 1.89, "car_dcc": 1.12, "car_lcAssertive": 75.02, "car_lcCooperative": 0.35, "car_lcLookaheadLeft": 87.1, "car_lcPushy": 0.93, "car_lcSublane": 0.44, "car_max_v": 9.74, "car_tau_mean": 0.7, "car_tau_std": 2.91}, "datetime": {"datetime": "2024-08-03 22:03:41", "elapsed": 2054.383408, "delta": 16.030589}}
{"target": -0.049514299888084916, "params": {"bus_acc": 3.0, "bus_dcc": 1.64, "bus_lcAssertive": 96.4, "bus_lcCooperative": 0.65, "bus_lcLookaheadLeft": 68.62, "bus_lcPushy": 0.88, "bus_lcSublane": 0.21, "bus_max_v": 6.62, "bus_tau_mean": 3.35, "bus_tau_std": 5.2, "car_acc": 1.07, "car_dcc": 2.06, "car_lcAssertive": 8.88, "car_lcCooperative": 0.55, "car_lcLookaheadLeft": 43.24, "car_lcPushy": 0.61, "car_lcSublane": 0.52, "car_max_v": 9.13, "car_tau_mean": 0.71, "car_tau_std": 2.19}, "datetime": {"datetime": "2024-08-03 22:03:56", "elapsed": 2069.069338, "delta": 14.68593}}
{"target": -0.04500382029551552, "params": {"bus_acc": 2.56, "bus_dcc": 1.55, "bus_lcAssertive": 8.55, "bus_lcCooperative": 0.56, "bus_lcLookaheadLeft": 61.72, "bus_lcPushy": 0.89, "bus_lcSublane": 0.38, "bus_max_v": 12.95, "bus_tau_mean": 0.85, "bus_tau_std": 5.03, "car_acc": 1.18, "car_dcc": 2.44, "car_lcAssertive": 16.46, "car_lcCooperative": 0.77, "car_lcLookaheadLeft": 5.62, "car_lcPushy": 0.26, "car_lcSublane": 0.85, "car_max_v": 6.4, "car_tau_mean": 3.93, "car_tau_std": 5.1}, "datetime": {"datetime": "2024-08-03 22:04:02", "elapsed": 2075.023883, "delta": 5.954545}}
{"target": -0.05309147855127038, "params": {"bus_acc": 2.6, "bus_dcc": 3.04, "bus_lcAssertive": 77.89, "bus_lcCooperative": 0.88, "bus_lcLookaheadLeft": 46.7, "bus_lcPushy": 0.26, "bus_lcSublane": 0.37, "bus_max_v": 9.23, "bus_tau_mean": 2.64, "bus_tau_std": 4.1, "car_acc": 2.11, "car_dcc": 2.39, "car_lcAssertive": 62.87, "car_lcCooperative": 0.08, "car_lcLookaheadLeft": 43.4, "car_lcPushy": 0.98, "car_lcSublane": 0.8, "car_max_v": 11.03, "car_tau_mean": 2.0, "car_tau_std": 1.52}, "datetime": {"datetime": "2024-08-03 22:04:05", "elapsed": 2077.834904, "delta": 2.811021}}
{"target": -0.042932477917512694, "params": {"bus_acc": 1.08, "bus_dcc": 2.36, "bus_lcAssertive": 14.85, "bus_lcCooperative": 0.73, "bus_lcLookaheadLeft": 66.41, "bus_lcPushy": 0.54, "bus_lcSublane": 0.06, "bus_max_v": 13.13, "bus_tau_mean": 2.97, "bus_tau_std": 4.22, "car_acc": 1.66, "car_dcc": 2.73, "car_lcAssertive": 30.2, "car_lcCooperative": 0.24, "car_lcLookaheadLeft": 24.95, "car_lcPushy": 0.85, "car_lcSublane": 0.62, "car_max_v": 13.65, "car_tau_mean": 1.85, "car_tau_std": 3.78}, "datetime": {"datetime": "2024-08-03 22:04:08", "elapsed": 2080.767888, "delta": 2.932984}}
{"target": -0.04696933107872366, "params": {"bus_acc": 1.88, "bus_dcc": 3.48, "bus_lcAssertive": 14.24, "bus_lcCooperative": 0.82, "bus_lcLookaheadLeft": 96.62, "bus_lcPushy": 0.71, "bus_lcSublane": 0.62, "bus_max_v": 18.66, "bus_tau_mean": 1.68, "bus_tau_std": 3.06, "car_acc": 2.02, "car_dcc": 3.18, "car_lcAssertive": 77.41, "car_lcCooperative": 0.48, "car_lcLookaheadLeft": 91.8, "car_lcPushy": 0.38, "car_lcSublane": 0.92, "car_max_v": 9.53, "car_tau_mean": 0.98, "car_tau_std": 2.72}, "datetime": {"datetime": "2024-08-03 22:04:15", "elapsed": 2087.901116, "delta": 7.133228}}
{"target": -0.06459566278649495, "params": {"bus_acc": 1.25, "bus_dcc": 1.13, "bus_lcAssertive": 11.88, "bus_lcCooperative": 0.8, "bus_lcLookaheadLeft": 80.1, "bus_lcPushy": 0.26, "bus_lcSublane": 0.32, "bus_max_v": 8.99, "bus_tau_mean": 1.7, "bus_tau_std": 8.45, "car_acc": 1.89, "car_dcc": 2.06, "car_lcAssertive": 28.8, "car_lcCooperative": 0.09, "car_lcLookaheadLeft": 61.0, "car_lcPushy": 0.15, "car_lcSublane": 0.97, "car_max_v": 19.53, "car_tau_mean": 0.58, "car_tau_std": 2.16}, "datetime": {"datetime": "2024-08-03 22:04:34", "elapsed": 2106.528932, "delta": 18.627816}}
{"target": -0.05386294031341193, "params": {"bus_acc": 1.91, "bus_dcc": 2.02, "bus_lcAssertive": 80.89, "bus_lcCooperative": 0.79, "bus_lcLookaheadLeft": 16.67, "bus_lcPushy": 0.36, "bus_lcSublane": 0.42, "bus_max_v": 17.78, "bus_tau_mean": 3.07, "bus_tau_std": 0.51, "car_acc": 1.73, "car_dcc": 3.13, "car_lcAssertive": 6.86, "car_lcCooperative": 0.93, "car_lcLookaheadLeft": 51.64, "car_lcPushy": 0.7, "car_lcSublane": 0.19, "car_max_v": 23.51, "car_tau_mean": 3.88, "car_tau_std": 1.4}, "datetime": {"datetime": "2024-08-03 22:04:45", "elapsed": 2117.488245, "delta": 10.959313}}
{"target": -0.03991929136124909, "params": {"bus_acc": 2.7, "bus_dcc": 1.76, "bus_lcAssertive": 34.09, "bus_lcCooperative": 0.2, "bus_lcLookaheadLeft": 98.24, "bus_lcPushy": 0.39, "bus_lcSublane": 0.41, "bus_max_v": 17.99, "bus_tau_mean": 3.49, "bus_tau_std": 3.26, "car_acc": 1.77, "car_dcc": 1.05, "car_lcAssertive": 85.65, "car_lcCooperative": 0.44, "car_lcLookaheadLeft": 32.48, "car_lcPushy": 0.94, "car_lcSublane": 0.41, "car_max_v": 17.45, "car_tau_mean": 2.13, "car_tau_std": 1.86}, "datetime": {"datetime": "2024-08-03 22:04:56", "elapsed": 2129.254908, "delta": 11.766663}}
{"target": -0.05777756607008356, "params": {"bus_acc": 1.96, "bus_dcc": 2.94, "bus_lcAssertive": 16.08, "bus_lcCooperative": 0.73, "bus_lcLookaheadLeft": 41.88, "bus_lcPushy": 0.79, "bus_lcSublane": 0.7, "bus_max_v": 17.31, "bus_tau_mean": 3.96, "bus_tau_std": 8.61, "car_acc": 2.62, "car_dcc": 2.76, "car_lcAssertive": 20.81, "car_lcCooperative": 0.3, "car_lcLookaheadLeft": 18.84, "car_lcPushy": 0.42, "car_lcSublane": 0.95, "car_max_v": 22.36, "car_tau_mean": 1.48, "car_tau_std": 2.4}, "datetime": {"datetime": "2024-08-03 22:05:10", "elapsed": 2142.717046, "delta": 13.462138}}
