{"target": -0.3343662263470977, "params": {"bus_acc": 1.3074, "bus_dcc": 2.6663, "bus_lcAssertive": 53.6627, "bus_lcCooperative": 0.9012, "bus_lcLookaheadLeft": 62.0268, "bus_lcPushy": 0.3016, "bus_lcSigma": 0.3485, "bus_lcSpeedGainRight": 3.8313, "bus_lcSublane": 0.0087, "bus_sigma": 0.5872, "bus_tau_mean": 3.8355, "bus_tau_std": 3.8917, "bus_v_mean": 13.544, "bus_v_std": 8.6441, "car_acc": 2.1337, "car_dcc": 1.2016, "car_lcAssertive": 19.5656, "car_lcCooperative": 0.1872, "car_lcLookaheadLeft": 50.9043, "car_lcPushy": 0.7651, "car_lcSigma": 0.8758, "car_lcSpeedGainRight": 3.4835, "car_lcSublane": 0.788, "car_sigma": 0.1658, "car_tau_mean": 0.5259, "car_tau_std": 6.4505, "car_v_mean": 14.0614, "car_v_std": 2.4724}, "datetime": {"datetime": "2024-08-08 10:40:48", "elapsed": 2728.542997, "delta": 1.363259}}
{"target": -0.3689020872265916, "params": {"bus_acc": 1.0837, "bus_dcc": 3.2832, "bus_lcAssertive": 41.8195, "bus_lcCooperative": 0.3203, "bus_lcLookaheadLeft": 13.1464, "bus_lcPushy": 0.5685, "bus_lcSigma": 0.8361, "bus_lcSpeedGainRight": 0.0818, "bus_lcSublane": 0.1098, "bus_sigma": 0.6043, "bus_tau_mean": 3.5536, "bus_tau_std": 4.3369, "bus_v_mean": 10.3702, "bus_v_std": 14.6269, "car_acc": 2.2916, "car_dcc": 3.5304, "car_lcAssertive": 90.0237, "car_lcCooperative": 0.425, "car_lcLookaheadLeft": 61.1038, "car_lcPushy": 0.6687, "car_lcSigma": 0.4483, "car_lcSpeedGainRight": 2.4612, "car_lcSublane": 0.4783, "car_sigma": 0.3841, "car_tau_mean": 1.081, "car_tau_std": 4.6864, "car_v_mean": 12.8732, "car_v_std": 14.4993}, "datetime": {"datetime": "2024-08-08 10:40:55", "elapsed": 2735.865642, "delta": 7.322645}}
{"target": -0.37266299554265536, "params": {"bus_acc": 1.9279, "bus_dcc": 1.2985, "bus_lcAssertive": 37.3933, "bus_lcCooperative": 0.8078, "bus_lcLookaheadLeft": 25.27, "bus_lcPushy": 0.2375, "bus_lcSigma": 0.3619, "bus_lcSpeedGainRight": 4.5891, "bus_lcSublane": 0.4876, "bus_sigma": 0.5257, "bus_tau_mean": 3.191, "bus_tau_std": 0.0434, "bus_v_mean": 11.2291, "bus_v_std": 8.3235, "car_acc": 2.9186, "car_dcc": 2.4984, "car_lcAssertive": 44.5635, "car_lcCooperative": 0.3165, "car_lcLookaheadLeft": 96.5885, "car_lcPushy": 0.3673, "car_lcSigma": 0.0277, "car_lcSpeedGainRight": 0.0107, "car_lcSublane": 0.1055, "car_sigma": 0.0786, "car_tau_mean": 3.0644, "car_tau_std": 9.2934, "car_v_mean": 15.3098, "car_v_std": 17.2978}, "datetime": {"datetime": "2024-08-08 10:40:59", "elapsed": 2739.478867, "delta": 3.613225}}
{"target": -0.3443412051009289, "params": {"bus_acc": 2.9652, "bus_dcc": 3.3051, "bus_lcAssertive": 80.2263, "bus_lcCooperative": 0.9325, "bus_lcLookaheadLeft": 61.7288, "bus_lcPushy": 0.5679, "bus_lcSigma": 0.8052, "bus_lcSpeedGainRight": 4.2171, "bus_lcSublane": 0.0293, "bus_sigma": 0.8809, "bus_tau_mean": 1.8537, "bus_tau_std": 3.6502, "bus_v_mean": 20.5838, "bus_v_std": 19.387, "car_acc": 1.103, "car_dcc": 3.3807, "car_lcAssertive": 83.874, "car_lcCooperative": 0.423, "car_lcLookaheadLeft": 11.2579, "car_lcPushy": 0.954, "car_lcSigma": 0.0847, "car_lcSpeedGainRight": 3.112, "car_lcSublane": 0.116, "car_sigma": 0.1967, "car_tau_mean": 2.3015, "car_tau_std": 1.921, "car_v_mean": 22.3863, "car_v_std": 17.4239}, "datetime": {"datetime": "2024-08-08 10:41:07", "elapsed": 2747.293405, "delta": 7.814538}}
{"target": -0.3452949444454151, "params": {"bus_acc": 1.0562, "bus_dcc": 3.6585, "bus_lcAssertive": 42.2453, "bus_lcCooperative": 0.9285, "bus_lcLookaheadLeft": 16.387, "bus_lcPushy": 0.368, "bus_lcSigma": 0.243, "bus_lcSpeedGainRight": 0.8151, "bus_lcSublane": 0.7931, "bus_sigma": 0.0985, "bus_tau_mean": 3.0967, "bus_tau_std": 8.7227, "bus_v_mean": 20.2325, "bus_v_std": 18.1783, "car_acc": 1.8162, "car_dcc": 2.2086, "car_lcAssertive": 59.751, "car_lcCooperative": 0.6249, "car_lcLookaheadLeft": 74.0918, "car_lcPushy": 0.4732, "car_lcSigma": 0.5446, "car_lcSpeedGainRight": 0.6806, "car_lcSublane": 0.0921, "car_sigma": 0.1207, "car_tau_mean": 1.564, "car_tau_std": 5.8894, "car_v_mean": 19.0893, "car_v_std": 19.1654}, "datetime": {"datetime": "2024-08-08 10:41:09", "elapsed": 2749.645409, "delta": 2.352004}}
{"target": -0.3315224700440482, "params": {"bus_acc": 2.1401, "bus_dcc": 3.5537, "bus_lcAssertive": 45.1091, "bus_lcCooperative": 0.1271, "bus_lcLookaheadLeft": 4.8429, "bus_lcPushy": 0.4535, "bus_lcSigma": 0.1995, "bus_lcSpeedGainRight": 2.4506, "bus_lcSublane": 0.5544, "bus_sigma": 0.2867, "bus_tau_mean": 3.5006, "bus_tau_std": 9.7897, "bus_v_mean": 10.094, "bus_v_std": 0.1053, "car_acc": 2.6408, "car_dcc": 1.2002, "car_lcAssertive": 19.5028, "car_lcCooperative": 0.5056, "car_lcLookaheadLeft": 93.0467, "car_lcPushy": 0.2467, "car_lcSigma": 0.893, "car_lcSpeedGainRight": 0.6251, "car_lcSublane": 0.3661, "car_sigma": 0.1448, "car_tau_mean": 3.7218, "car_tau_std": 1.6887, "car_v_mean": 13.6258, "car_v_std": 5.7713}, "datetime": {"datetime": "2024-08-08 10:41:11", "elapsed": 2751.985351, "delta": 2.339942}}
{"target": -0.420409454799256, "params": {"bus_acc": 1.5328, "bus_dcc": 1.5107, "bus_lcAssertive": 59.6815, "bus_lcCooperative": 0.713, "bus_lcLookaheadLeft": 87.6797, "bus_lcPushy": 0.8034, "bus_lcSigma": 0.8633, "bus_lcSpeedGainRight": 4.9626, "bus_lcSublane": 0.2019, "bus_sigma": 0.3527, "bus_tau_mean": 2.2889, "bus_tau_std": 5.8642, "bus_v_mean": 14.8978, "bus_v_std": 5.8435, "car_acc": 1.0965, "car_dcc": 3.1938, "car_lcAssertive": 84.8453, "car_lcCooperative": 0.4387, "car_lcLookaheadLeft": 57.7783, "car_lcPushy": 0.8604, "car_lcSigma": 0.1056, "car_lcSpeedGainRight": 3.8155, "car_lcSublane": 0.0536, "car_sigma": 0.9969, "car_tau_mean": 3.4279, "car_tau_std": 1.3532, "car_v_mean": 12.4443, "car_v_std": 15.1642}, "datetime": {"datetime": "2024-08-08 10:41:13", "elapsed": 2753.354932, "delta": 1.369581}}
{"target": -0.32607802423928733, "params": {"bus_acc": 1.2412, "bus_dcc": 2.1905, "bus_lcAssertive": 76.3964, "bus_lcCooperative": 0.1443, "bus_lcLookaheadLeft": 93.3623, "bus_lcPushy": 0.4591, "bus_lcSigma": 0.7423, "bus_lcSpeedGainRight": 1.3135, "bus_lcSublane": 0.4106, "bus_sigma": 0.8672, "bus_tau_mean": 2.3541, "bus_tau_std": 0.0059, "bus_v_mean": 19.3729, "bus_v_std": 13.7331, "car_acc": 2.6453, "car_dcc": 1.5807, "car_lcAssertive": 77.0334, "car_lcCooperative": 0.4925, "car_lcLookaheadLeft": 71.9827, "car_lcPushy": 0.6844, "car_lcSigma": 0.0766, "car_lcSpeedGainRight": 3.7363, "car_lcSublane": 0.3436, "car_sigma": 0.3425, "car_tau_mean": 1.6329, "car_tau_std": 9.8797, "car_v_mean": 21.5664, "car_v_std": 7.3628}, "datetime": {"datetime": "2024-08-08 10:41:18", "elapsed": 2758.906439, "delta": 5.551507}}
{"target": -0.3518520460889092, "params": {"bus_acc": 2.7586, "bus_dcc": 1.5326, "bus_lcAssertive": 48.3634, "bus_lcCooperative": 0.2354, "bus_lcLookaheadLeft": 61.8866, "bus_lcPushy": 0.9436, "bus_lcSigma": 0.6629, "bus_lcSpeedGainRight": 3.145, "bus_lcSublane": 0.3676, "bus_sigma": 0.2916, "bus_tau_mean": 3.0826, "bus_tau_std": 6.7065, "bus_v_mean": 23.8204, "bus_v_std": 19.9223, "car_acc": 2.4837, "car_dcc": 3.42, "car_lcAssertive": 52.0961, "car_lcCooperative": 0.776, "car_lcLookaheadLeft": 26.507, "car_lcPushy": 0.8442, "car_lcSigma": 0.1463, "car_lcSpeedGainRight": 4.3972, "car_lcSublane": 0.977, "car_sigma": 0.0201, "car_tau_mean": 3.6021, "car_tau_std": 9.8008, "car_v_mean": 21.1738, "car_v_std": 13.657}, "datetime": {"datetime": "2024-08-08 10:41:22", "elapsed": 2762.937237, "delta": 4.030798}}
{"target": -0.34922338195844366, "params": {"bus_acc": 1.7032, "bus_dcc": 2.8932, "bus_lcAssertive": 62.3955, "bus_lcCooperative": 0.2237, "bus_lcLookaheadLeft": 35.858, "bus_lcPushy": 0.1933, "bus_lcSigma": 0.913, "bus_lcSpeedGainRight": 1.4314, "bus_lcSublane": 0.3637, "bus_sigma": 0.3312, "bus_tau_mean": 1.2356, "bus_tau_std": 7.6078, "bus_v_mean": 8.133, "bus_v_std": 18.5577, "car_acc": 2.7252, "car_dcc": 3.9219, "car_lcAssertive": 52.4244, "car_lcCooperative": 0.9325, "car_lcLookaheadLeft": 57.8478, "car_lcPushy": 0.5355, "car_lcSigma": 0.3125, "car_lcSpeedGainRight": 2.8109, "car_lcSublane": 0.5473, "car_sigma": 0.2693, "car_tau_mean": 3.5486, "car_tau_std": 0.7737, "car_v_mean": 11.7611, "car_v_std": 1.3862}, "datetime": {"datetime": "2024-08-08 10:41:27", "elapsed": 2767.103334, "delta": 4.166097}}
{"target": -0.32923765186070864, "params": {"bus_acc": 1.1237, "bus_dcc": 1.5635, "bus_lcAssertive": 30.3353, "bus_lcCooperative": 0.5704, "bus_lcLookaheadLeft": 89.788, "bus_lcPushy": 0.7633, "bus_lcSigma": 0.4303, "bus_lcSpeedGainRight": 2.562, "bus_lcSublane": 0.7297, "bus_sigma": 0.4295, "bus_tau_mean": 3.7879, "bus_tau_std": 2.5706, "bus_v_mean": 9.3912, "bus_v_std": 2.4391, "car_acc": 2.6134, "car_dcc": 1.6753, "car_lcAssertive": 48.7583, "car_lcCooperative": 0.7706, "car_lcLookaheadLeft": 38.3009, "car_lcPushy": 0.4007, "car_lcSigma": 0.6731, "car_lcSpeedGainRight": 1.6511, "car_lcSublane": 0.3741, "car_sigma": 0.7825, "car_tau_mean": 3.9445, "car_tau_std": 2.8438, "car_v_mean": 21.4221, "car_v_std": 19.8936}, "datetime": {"datetime": "2024-08-08 10:41:36", "elapsed": 2776.74361, "delta": 9.640276}}
{"target": -0.33203075507975044, "params": {"bus_acc": 1.1864, "bus_dcc": 2.7693, "bus_lcAssertive": 36.0137, "bus_lcCooperative": 0.0721, "bus_lcLookaheadLeft": 16.7255, "bus_lcPushy": 0.61, "bus_lcSigma": 0.1225, "bus_lcSpeedGainRight": 2.3078, "bus_lcSublane": 0.9548, "bus_sigma": 0.7856, "bus_tau_mean": 2.7206, "bus_tau_std": 4.7494, "bus_v_mean": 21.101, "bus_v_std": 17.2828, "car_acc": 2.9988, "car_dcc": 3.3106, "car_lcAssertive": 79.6141, "car_lcCooperative": 0.5562, "car_lcLookaheadLeft": 21.0536, "car_lcPushy": 0.6722, "car_lcSigma": 0.6791, "car_lcSpeedGainRight": 1.3934, "car_lcSublane": 0.2323, "car_sigma": 0.8512, "car_tau_mean": 1.3467, "car_tau_std": 0.4621, "car_v_mean": 21.5953, "car_v_std": 7.0853}, "datetime": {"datetime": "2024-08-08 10:41:46", "elapsed": 2786.536027, "delta": 9.792417}}
{"target": -0.3861018646731503, "params": {"bus_acc": 2.3719, "bus_dcc": 1.3005, "bus_lcAssertive": 64.9676, "bus_lcCooperative": 0.6213, "bus_lcLookaheadLeft": 88.6044, "bus_lcPushy": 0.4205, "bus_lcSigma": 0.8298, "bus_lcSpeedGainRight": 3.7597, "bus_lcSublane": 0.1383, "bus_sigma": 0.0963, "bus_tau_mean": 3.6833, "bus_tau_std": 6.5879, "bus_v_mean": 9.9234, "bus_v_std": 0.3217, "car_acc": 1.3252, "car_dcc": 3.8187, "car_lcAssertive": 96.1385, "car_lcCooperative": 0.3435, "car_lcLookaheadLeft": 30.9986, "car_lcPushy": 0.102, "car_lcSigma": 0.1698, "car_lcSpeedGainRight": 2.6788, "car_lcSublane": 0.6584, "car_sigma": 0.0135, "car_tau_mean": 1.7632, "car_tau_std": 9.4801, "car_v_mean": 13.4201, "car_v_std": 14.2929}, "datetime": {"datetime": "2024-08-08 10:41:48", "elapsed": 2788.193322, "delta": 1.657295}}
{"target": -0.3618843114498736, "params": {"bus_acc": 2.4649, "bus_dcc": 3.8149, "bus_lcAssertive": 52.9365, "bus_lcCooperative": 0.9851, "bus_lcLookaheadLeft": 84.1746, "bus_lcPushy": 0.1949, "bus_lcSigma": 0.744, "bus_lcSpeedGainRight": 3.0675, "bus_lcSublane": 0.2967, "bus_sigma": 0.1749, "bus_tau_mean": 3.4746, "bus_tau_std": 1.3018, "bus_v_mean": 23.8853, "bus_v_std": 13.4427, "car_acc": 2.0822, "car_dcc": 3.4574, "car_lcAssertive": 52.0274, "car_lcCooperative": 0.4437, "car_lcLookaheadLeft": 11.6738, "car_lcPushy": 0.4054, "car_lcSigma": 0.796, "car_lcSpeedGainRight": 4.8418, "car_lcSublane": 0.6721, "car_sigma": 0.1113, "car_tau_mean": 1.1725, "car_tau_std": 0.4416, "car_v_mean": 9.2219, "car_v_std": 16.5892}, "datetime": {"datetime": "2024-08-08 10:41:52", "elapsed": 2792.770785, "delta": 4.577463}}
{"target": -0.43684615947991084, "params": {"bus_acc": 1.2588, "bus_dcc": 1.666, "bus_lcAssertive": 43.0076, "bus_lcCooperative": 0.1849, "bus_lcLookaheadLeft": 75.4881, "bus_lcPushy": 0.5373, "bus_lcSigma": 0.9018, "bus_lcSpeedGainRight": 3.394, "bus_lcSublane": 0.2937, "bus_sigma": 0.1729, "bus_tau_mean": 0.8538, "bus_tau_std": 0.4904, "bus_v_mean": 15.0382, "bus_v_std": 0.3166, "car_acc": 1.9381, "car_dcc": 3.3027, "car_lcAssertive": 14.105, "car_lcCooperative": 0.4957, "car_lcLookaheadLeft": 79.911, "car_lcPushy": 0.4565, "car_lcSigma": 0.2205, "car_lcSpeedGainRight": 0.9443, "car_lcSublane": 0.8696, "car_sigma": 0.289, "car_tau_mean": 1.9151, "car_tau_std": 2.0039, "car_v_mean": 22.8406, "car_v_std": 5.4192}, "datetime": {"datetime": "2024-08-08 10:41:59", "elapsed": 2799.305458, "delta": 6.534673}}
{"target": -0.31852499966437975, "params": {"bus_acc": 1.7666, "bus_dcc": 2.0617, "bus_lcAssertive": 7.6317, "bus_lcCooperative": 0.8623, "bus_lcLookaheadLeft": 18.3692, "bus_lcPushy": 0.1755, "bus_lcSigma": 0.4486, "bus_lcSpeedGainRight": 2.3438, "bus_lcSublane": 0.21, "bus_sigma": 0.6676, "bus_tau_mean": 0.5141, "bus_tau_std": 4.5222, "bus_v_mean": 17.2858, "bus_v_std": 8.9712, "car_acc": 1.5813, "car_dcc": 1.5764, "car_lcAssertive": 10.8645, "car_lcCooperative": 0.1922, "car_lcLookaheadLeft": 52.3673, "car_lcPushy": 0.2127, "car_lcSigma": 0.9784, "car_lcSpeedGainRight": 1.8111, "car_lcSublane": 0.6067, "car_sigma": 0.5917, "car_tau_mean": 3.2758, "car_tau_std": 1.0232, "car_v_mean": 12.2865, "car_v_std": 0.2665}, "datetime": {"datetime": "2024-08-08 10:42:03", "elapsed": 2803.589242, "delta": 4.283784}}
{"target": -0.3808297309152232, "params": {"bus_acc": 1.5278, "bus_dcc": 3.4267, "bus_lcAssertive": 82.5895, "bus_lcCooperative": 0.6882, "bus_lcLookaheadLeft": 18.2554, "bus_lcPushy": 0.1659, "bus_lcSigma": 0.0953, "bus_lcSpeedGainRight": 4.5012, "bus_lcSublane": 0.3701, "bus_sigma": 0.3707, "bus_tau_mean": 1.7215, "bus_tau_std": 4.7979, "bus_v_mean": 17.1658, "bus_v_std": 15.2203, "car_acc": 1.188, "car_dcc": 1.2338, "car_lcAssertive": 32.2201, "car_lcCooperative": 0.984, "car_lcLookaheadLeft": 89.5026, "car_lcPushy": 0.6884, "car_lcSigma": 0.3611, "car_lcSpeedGainRight": 0.9343, "car_lcSublane": 0.8525, "car_sigma": 0.8472, "car_tau_mean": 1.3461, "car_tau_std": 9.183, "car_v_mean": 15.3065, "car_v_std": 12.8726}, "datetime": {"datetime": "2024-08-08 10:42:09", "elapsed": 2809.385466, "delta": 5.796224}}
{"target": -0.37189039507637467, "params": {"bus_acc": 2.1827, "bus_dcc": 1.4754, "bus_lcAssertive": 39.7425, "bus_lcCooperative": 0.7552, "bus_lcLookaheadLeft": 64.9433, "bus_lcPushy": 0.1461, "bus_lcSigma": 0.151, "bus_lcSpeedGainRight": 4.9339, "bus_lcSublane": 0.3681, "bus_sigma": 0.322, "bus_tau_mean": 1.9203, "bus_tau_std": 9.6241, "bus_v_mean": 16.9704, "bus_v_std": 2.6691, "car_acc": 2.3624, "car_dcc": 3.4145, "car_lcAssertive": 31.4039, "car_lcCooperative": 0.5266, "car_lcLookaheadLeft": 11.9261, "car_lcPushy": 0.0106, "car_lcSigma": 0.3186, "car_lcSpeedGainRight": 3.8563, "car_lcSublane": 0.6588, "car_sigma": 0.0915, "car_tau_mean": 0.5902, "car_tau_std": 5.2929, "car_v_mean": 8.0048, "car_v_std": 14.5728}, "datetime": {"datetime": "2024-08-08 10:42:11", "elapsed": 2811.986342, "delta": 2.600876}}
{"target": -0.3379457161592975, "params": {"bus_acc": 1.4261, "bus_dcc": 1.9162, "bus_lcAssertive": 88.9755, "bus_lcCooperative": 0.9253, "bus_lcLookaheadLeft": 3.5003, "bus_lcPushy": 0.1681, "bus_lcSigma": 0.1451, "bus_lcSpeedGainRight": 4.7725, "bus_lcSublane": 0.526, "bus_sigma": 0.5988, "bus_tau_mean": 1.5106, "bus_tau_std": 3.3887, "bus_v_mean": 9.4168, "bus_v_std": 18.9143, "car_acc": 1.8708, "car_dcc": 1.9427, "car_lcAssertive": 32.1244, "car_lcCooperative": 0.9994, "car_lcLookaheadLeft": 70.0836, "car_lcPushy": 0.3386, "car_lcSigma": 0.6026, "car_lcSpeedGainRight": 2.7347, "car_lcSublane": 0.9127, "car_sigma": 0.8512, "car_tau_mean": 1.615, "car_tau_std": 7.3343, "car_v_mean": 22.304, "car_v_std": 18.4719}, "datetime": {"datetime": "2024-08-08 10:42:15", "elapsed": 2815.865692, "delta": 3.87935}}
{"target": -0.36590089467517894, "params": {"bus_acc": 2.9068, "bus_dcc": 1.5879, "bus_lcAssertive": 63.5044, "bus_lcCooperative": 0.0117, "bus_lcLookaheadLeft": 17.2205, "bus_lcPushy": 0.4119, "bus_lcSigma": 0.7201, "bus_lcSpeedGainRight": 3.4426, "bus_lcSublane": 0.1391, "bus_sigma": 0.4955, "bus_tau_mean": 3.853, "bus_tau_std": 6.1843, "bus_v_mean": 17.9681, "bus_v_std": 16.4897, "car_acc": 2.5197, "car_dcc": 1.6199, "car_lcAssertive": 77.6864, "car_lcCooperative": 0.3393, "car_lcLookaheadLeft": 77.7238, "car_lcPushy": 0.782, "car_lcSigma": 0.4584, "car_lcSpeedGainRight": 4.3992, "car_lcSublane": 0.8686, "car_sigma": 0.1822, "car_tau_mean": 3.2055, "car_tau_std": 3.034, "car_v_mean": 23.49, "car_v_std": 4.1257}, "datetime": {"datetime": "2024-08-08 10:42:18", "elapsed": 2818.980079, "delta": 3.114387}}
{"target": -0.3753096470844425, "params": {"bus_acc": 2.3781, "bus_dcc": 1.6043, "bus_lcAssertive": 34.3074, "bus_lcCooperative": 0.8617, "bus_lcLookaheadLeft": 32.3454, "bus_lcPushy": 0.2837, "bus_lcSigma": 0.5543, "bus_lcSpeedGainRight": 3.3725, "bus_lcSublane": 0.0921, "bus_sigma": 0.8876, "bus_tau_mean": 1.3323, "bus_tau_std": 1.4782, "bus_v_mean": 15.2949, "bus_v_std": 11.6128, "car_acc": 1.7768, "car_dcc": 3.599, "car_lcAssertive": 54.7716, "car_lcCooperative": 0.4251, "car_lcLookaheadLeft": 96.9515, "car_lcPushy": 0.2015, "car_lcSigma": 0.7775, "car_lcSpeedGainRight": 2.8525, "car_lcSublane": 0.6615, "car_sigma": 0.0077, "car_tau_mean": 3.8858, "car_tau_std": 0.3798, "car_v_mean": 12.9309, "car_v_std": 9.7536}, "datetime": {"datetime": "2024-08-08 10:42:24", "elapsed": 2824.610682, "delta": 5.630603}}
{"target": -0.37385763785095794, "params": {"bus_acc": 1.6627, "bus_dcc": 2.7217, "bus_lcAssertive": 44.6782, "bus_lcCooperative": 0.8609, "bus_lcLookaheadLeft": 80.4526, "bus_lcPushy": 0.4831, "bus_lcSigma": 0.1131, "bus_lcSpeedGainRight": 4.4479, "bus_lcSublane": 0.8975, "bus_sigma": 0.6276, "bus_tau_mean": 1.2717, "bus_tau_std": 6.0746, "bus_v_mean": 12.1665, "bus_v_std": 4.878, "car_acc": 1.9727, "car_dcc": 3.462, "car_lcAssertive": 61.7713, "car_lcCooperative": 0.6831, "car_lcLookaheadLeft": 80.2534, "car_lcPushy": 0.157, "car_lcSigma": 0.4413, "car_lcSpeedGainRight": 0.1416, "car_lcSublane": 0.8542, "car_sigma": 0.1323, "car_tau_mean": 3.8269, "car_tau_std": 9.6699, "car_v_mean": 19.2203, "car_v_std": 0.1287}, "datetime": {"datetime": "2024-08-08 10:42:27", "elapsed": 2827.615881, "delta": 3.005199}}
{"target": -0.35553528231042625, "params": {"bus_acc": 2.8418, "bus_dcc": 3.4999, "bus_lcAssertive": 22.6348, "bus_lcCooperative": 0.878, "bus_lcLookaheadLeft": 88.6734, "bus_lcPushy": 0.1226, "bus_lcSigma": 0.7514, "bus_lcSpeedGainRight": 2.0783, "bus_lcSublane": 0.0138, "bus_sigma": 0.1742, "bus_tau_mean": 1.051, "bus_tau_std": 2.7198, "bus_v_mean": 13.3567, "bus_v_std": 5.0018, "car_acc": 1.1506, "car_dcc": 2.1707, "car_lcAssertive": 80.187, "car_lcCooperative": 0.7892, "car_lcLookaheadLeft": 50.4445, "car_lcPushy": 0.7361, "car_lcSigma": 0.2146, "car_lcSpeedGainRight": 4.6243, "car_lcSublane": 0.9215, "car_sigma": 0.7989, "car_tau_mean": 2.4576, "car_tau_std": 5.8438, "car_v_mean": 14.5526, "car_v_std": 1.3337}, "datetime": {"datetime": "2024-08-08 10:42:29", "elapsed": 2829.973609, "delta": 2.357728}}
{"target": -0.40864999963027115, "params": {"bus_acc": 2.2774, "bus_dcc": 2.8661, "bus_lcAssertive": 17.7171, "bus_lcCooperative": 0.7267, "bus_lcLookaheadLeft": 45.429, "bus_lcPushy": 0.8262, "bus_lcSigma": 0.4238, "bus_lcSpeedGainRight": 0.013, "bus_lcSublane": 0.8556, "bus_sigma": 0.834, "bus_tau_mean": 2.8888, "bus_tau_std": 2.0758, "bus_v_mean": 14.0819, "bus_v_std": 2.1532, "car_acc": 1.0539, "car_dcc": 3.5817, "car_lcAssertive": 10.4265, "car_lcCooperative": 0.6856, "car_lcLookaheadLeft": 10.5172, "car_lcPushy": 0.4101, "car_lcSigma": 0.6176, "car_lcSpeedGainRight": 3.2341, "car_lcSublane": 0.3015, "car_sigma": 0.9896, "car_tau_mean": 3.1802, "car_tau_std": 0.1283, "car_v_mean": 8.0565, "car_v_std": 16.6675}, "datetime": {"datetime": "2024-08-08 10:42:33", "elapsed": 2833.700024, "delta": 3.726415}}
{"target": -0.36645773391305697, "params": {"bus_acc": 2.8034, "bus_dcc": 2.5964, "bus_lcAssertive": 42.6333, "bus_lcCooperative": 0.6437, "bus_lcLookaheadLeft": 57.363, "bus_lcPushy": 0.7191, "bus_lcSigma": 0.4242, "bus_lcSpeedGainRight": 3.7582, "bus_lcSublane": 0.5513, "bus_sigma": 0.149, "bus_tau_mean": 2.2949, "bus_tau_std": 1.2228, "bus_v_mean": 13.6118, "bus_v_std": 16.0773, "car_acc": 1.0452, "car_dcc": 3.9417, "car_lcAssertive": 61.3185, "car_lcCooperative": 0.9067, "car_lcLookaheadLeft": 49.2809, "car_lcPushy": 0.2034, "car_lcSigma": 0.2537, "car_lcSpeedGainRight": 0.5093, "car_lcSublane": 0.488, "car_sigma": 0.2655, "car_tau_mean": 2.0274, "car_tau_std": 4.9865, "car_v_mean": 11.6169, "car_v_std": 2.9596}, "datetime": {"datetime": "2024-08-08 10:42:35", "elapsed": 2835.107101, "delta": 1.407077}}
{"target": -0.3118481214959781, "params": {"bus_acc": 2.6036, "bus_dcc": 3.7552, "bus_lcAssertive": 96.7806, "bus_lcCooperative": 0.9315, "bus_lcLookaheadLeft": 20.3785, "bus_lcPushy": 0.8153, "bus_lcSigma": 0.5172, "bus_lcSpeedGainRight": 0.2925, "bus_lcSublane": 0.3686, "bus_sigma": 0.1667, "bus_tau_mean": 2.3062, "bus_tau_std": 6.0197, "bus_v_mean": 8.5277, "bus_v_std": 8.0218, "car_acc": 2.0419, "car_dcc": 2.0653, "car_lcAssertive": 78.3518, "car_lcCooperative": 0.1072, "car_lcLookaheadLeft": 16.5298, "car_lcPushy": 0.8269, "car_lcSigma": 0.2333, "car_lcSpeedGainRight": 4.1985, "car_lcSublane": 0.9883, "car_sigma": 0.681, "car_tau_mean": 0.9572, "car_tau_std": 3.89, "car_v_mean": 9.5443, "car_v_std": 14.7038}, "datetime": {"datetime": "2024-08-08 10:42:36", "elapsed": 2836.489241, "delta": 1.38214}}
