{"target": 58.38615926926699, "params": {"bus_acc": 1.7, "bus_dcc": 3.41, "bus_lcCooperative": 0.57, "bus_lcPushy": 0.26, "bus_lcSublane": 0.9, "bus_max_v": 8.78, "bus_tau_mean": 2.99, "bus_tau_std": 5.46, "car_acc": 1.29, "car_dcc": 3.0, "car_lcCooperative": 0.06, "car_lcPushy": 0.57, "car_lcSublane": 0.76, "car_max_v": 9.22, "car_tau_mean": 1.77, "car_tau_std": 4.53}, "datetime": {"datetime": "2024-07-31 19:00:18", "elapsed": 24090.321267, "delta": 55.900139}}
{"target": 56.60529104202304, "params": {"bus_acc": 1.57, "bus_dcc": 1.62, "bus_lcCooperative": 0.28, "bus_lcPushy": 0.42, "bus_lcSublane": 0.29, "bus_max_v": 8.69, "bus_tau_mean": 2.7, "bus_tau_std": 4.91, "car_acc": 2.41, "car_dcc": 4.52, "car_lcCooperative": 0.42, "car_lcPushy": 0.08, "car_lcSublane": 0.05, "car_max_v": 12.85, "car_tau_mean": 2.12, "car_tau_std": 3.41}, "datetime": {"datetime": "2024-07-31 19:03:37", "elapsed": 24288.560232, "delta": 198.238965}}
{"target": 57.058778385679766, "params": {"bus_acc": 1.03, "bus_dcc": 2.21, "bus_lcCooperative": 0.3, "bus_lcPushy": 0.82, "bus_lcSublane": 0.63, "bus_max_v": 12.76, "bus_tau_mean": 1.06, "bus_tau_std": 4.67, "car_acc": 1.94, "car_dcc": 1.31, "car_lcCooperative": 0.84, "car_lcPushy": 0.11, "car_lcSublane": 0.58, "car_max_v": 9.65, "car_tau_mean": 2.23, "car_tau_std": 10.5}, "datetime": {"datetime": "2024-07-31 19:05:40", "elapsed": 24411.990344, "delta": 123.430112}}
{"target": 58.5657274479836, "params": {"bus_acc": 1.84, "bus_dcc": 2.39, "bus_lcCooperative": 0.16, "bus_lcPushy": 0.27, "bus_lcSublane": 0.81, "bus_max_v": 14.11, "bus_tau_mean": 1.03, "bus_tau_std": 5.78, "car_acc": 1.16, "car_dcc": 3.31, "car_lcCooperative": 0.87, "car_lcPushy": 0.87, "car_lcSublane": 0.76, "car_max_v": 8.43, "car_tau_mean": 2.33, "car_tau_std": 5.77}, "datetime": {"datetime": "2024-07-31 19:07:32", "elapsed": 24524.255337, "delta": 112.264993}}
{"target": 58.3657577910713, "params": {"bus_acc": 1.84, "bus_dcc": 2.02, "bus_lcCooperative": 0.72, "bus_lcPushy": 0.69, "bus_lcSublane": 0.64, "bus_max_v": 10.51, "bus_tau_mean": 2.64, "bus_tau_std": 1.09, "car_acc": 1.45, "car_dcc": 2.29, "car_lcCooperative": 0.72, "car_lcPushy": 0.49, "car_lcSublane": 0.46, "car_max_v": 8.58, "car_tau_mean": 2.2, "car_tau_std": 7.6}, "datetime": {"datetime": "2024-07-31 19:09:30", "elapsed": 24641.635749, "delta": 117.380412}}
{"target": 58.310931442661015, "params": {"bus_acc": 1.58, "bus_dcc": 1.14, "bus_lcCooperative": 0.4, "bus_lcPushy": 0.06, "bus_lcSublane": 0.91, "bus_max_v": 10.3, "bus_tau_mean": 1.42, "bus_tau_std": 0.39, "car_acc": 1.44, "car_dcc": 2.34, "car_lcCooperative": 0.27, "car_lcPushy": 0.39, "car_lcSublane": 0.63, "car_max_v": 8.45, "car_tau_mean": 1.68, "car_tau_std": 9.79}, "datetime": {"datetime": "2024-07-31 19:09:38", "elapsed": 24650.113151, "delta": 8.477402}}
{"target": 58.01069310094776, "params": {"bus_acc": 1.52, "bus_dcc": 2.32, "bus_lcCooperative": 0.12, "bus_lcPushy": 0.23, "bus_lcSublane": 0.98, "bus_max_v": 11.14, "bus_tau_mean": 1.99, "bus_tau_std": 8.17, "car_acc": 1.45, "car_dcc": 4.74, "car_lcCooperative": 0.16, "car_lcPushy": 0.64, "car_lcSublane": 0.29, "car_max_v": 8.72, "car_tau_mean": 2.12, "car_tau_std": 1.39}, "datetime": {"datetime": "2024-07-31 19:13:39", "elapsed": 24891.459913, "delta": 241.346762}}
{"target": 58.01678127968914, "params": {"bus_acc": 1.5, "bus_dcc": 2.95, "bus_lcCooperative": 0.41, "bus_lcPushy": 0.08, "bus_lcSublane": 0.97, "bus_max_v": 11.71, "bus_tau_mean": 1.5, "bus_tau_std": 5.67, "car_acc": 1.17, "car_dcc": 2.21, "car_lcCooperative": 0.85, "car_lcPushy": 0.44, "car_lcSublane": 0.55, "car_max_v": 10.14, "car_tau_mean": 1.74, "car_tau_std": 14.28}, "datetime": {"datetime": "2024-07-31 19:15:15", "elapsed": 24987.381496, "delta": 95.921583}}
{"target": 57.71182683816522, "params": {"bus_acc": 1.59, "bus_dcc": 3.66, "bus_lcCooperative": 0.76, "bus_lcPushy": 0.68, "bus_lcSublane": 0.68, "bus_max_v": 11.79, "bus_tau_mean": 1.33, "bus_tau_std": 8.54, "car_acc": 1.28, "car_dcc": 3.28, "car_lcCooperative": 0.38, "car_lcPushy": 0.85, "car_lcSublane": 0.87, "car_max_v": 9.79, "car_tau_mean": 2.62, "car_tau_std": 13.13}, "datetime": {"datetime": "2024-07-31 19:16:58", "elapsed": 25090.433991, "delta": 103.052495}}
{"target": 58.7191636880336, "params": {"bus_acc": 1.75, "bus_dcc": 1.86, "bus_lcCooperative": 0.79, "bus_lcPushy": 0.92, "bus_lcSublane": 0.07, "bus_max_v": 10.99, "bus_tau_mean": 2.03, "bus_tau_std": 0.58, "car_acc": 1.09, "car_dcc": 1.72, "car_lcCooperative": 0.58, "car_lcPushy": 0.16, "car_lcSublane": 0.57, "car_max_v": 8.21, "car_tau_mean": 1.39, "car_tau_std": 9.79}, "datetime": {"datetime": "2024-07-31 19:19:18", "elapsed": 25229.688782, "delta": 139.254791}}
{"target": 58.84323539946782, "params": {"bus_acc": 1.25, "bus_dcc": 1.71, "bus_lcCooperative": 0.07, "bus_lcPushy": 0.63, "bus_lcSublane": 0.5, "bus_max_v": 10.65, "bus_tau_mean": 1.69, "bus_tau_std": 1.35, "car_acc": 1.12, "car_dcc": 1.36, "car_lcCooperative": 0.32, "car_lcPushy": 0.95, "car_lcSublane": 0.58, "car_max_v": 8.92, "car_tau_mean": 2.49, "car_tau_std": 6.95}, "datetime": {"datetime": "2024-07-31 19:19:31", "elapsed": 25242.611373, "delta": 12.922591}}
{"target": 58.265581957593625, "params": {"bus_acc": 1.47, "bus_dcc": 2.84, "bus_lcCooperative": 0.57, "bus_lcPushy": 0.68, "bus_lcSublane": 0.01, "bus_max_v": 14.2, "bus_tau_mean": 2.5, "bus_tau_std": 1.91, "car_acc": 2.95, "car_dcc": 1.6, "car_lcCooperative": 0.4, "car_lcPushy": 0.94, "car_lcSublane": 0.66, "car_max_v": 8.5, "car_tau_mean": 2.03, "car_tau_std": 10.66}, "datetime": {"datetime": "2024-07-31 19:22:22", "elapsed": 25413.636816, "delta": 171.025443}}
{"target": 58.45256568493586, "params": {"bus_acc": 1.23, "bus_dcc": 3.13, "bus_lcCooperative": 0.5, "bus_lcPushy": 0.31, "bus_lcSublane": 0.69, "bus_max_v": 9.31, "bus_tau_mean": 2.25, "bus_tau_std": 11.13, "car_acc": 1.17, "car_dcc": 1.3, "car_lcCooperative": 0.55, "car_lcPushy": 0.03, "car_lcSublane": 0.85, "car_max_v": 10.31, "car_tau_mean": 1.42, "car_tau_std": 10.52}, "datetime": {"datetime": "2024-07-31 19:24:46", "elapsed": 25558.485946, "delta": 144.84913}}
{"target": 57.395136826141645, "params": {"bus_acc": 1.9, "bus_dcc": 1.99, "bus_lcCooperative": 0.96, "bus_lcPushy": 0.56, "bus_lcSublane": 0.56, "bus_max_v": 8.48, "bus_tau_mean": 2.22, "bus_tau_std": 10.77, "car_acc": 2.49, "car_dcc": 2.05, "car_lcCooperative": 0.03, "car_lcPushy": 0.59, "car_lcSublane": 0.93, "car_max_v": 9.54, "car_tau_mean": 2.57, "car_tau_std": 13.49}, "datetime": {"datetime": "2024-07-31 19:25:34", "elapsed": 25605.568029, "delta": 47.082083}}
{"target": 58.69745179378686, "params": {"bus_acc": 1.92, "bus_dcc": 1.92, "bus_lcCooperative": 0.44, "bus_lcPushy": 0.42, "bus_lcSublane": 0.42, "bus_max_v": 8.91, "bus_tau_mean": 2.85, "bus_tau_std": 0.07, "car_acc": 1.5, "car_dcc": 1.57, "car_lcCooperative": 0.71, "car_lcPushy": 0.42, "car_lcSublane": 0.96, "car_max_v": 9.01, "car_tau_mean": 2.7, "car_tau_std": 8.22}, "datetime": {"datetime": "2024-07-31 19:28:59", "elapsed": 25811.113989, "delta": 205.54596}}
{"target": 58.44260399845943, "params": {"bus_acc": 1.32, "bus_dcc": 3.37, "bus_lcCooperative": 0.64, "bus_lcPushy": 0.57, "bus_lcSublane": 0.24, "bus_max_v": 11.48, "bus_tau_mean": 1.91, "bus_tau_std": 4.68, "car_acc": 1.0, "car_dcc": 1.25, "car_lcCooperative": 0.25, "car_lcPushy": 0.81, "car_lcSublane": 0.48, "car_max_v": 10.62, "car_tau_mean": 1.63, "car_tau_std": 14.25}, "datetime": {"datetime": "2024-07-31 19:29:27", "elapsed": 25839.0234, "delta": 27.909411}}
{"target": 56.06216854150217, "params": {"bus_acc": 1.93, "bus_dcc": 3.08, "bus_lcCooperative": 0.9, "bus_lcPushy": 0.62, "bus_lcSublane": 0.4, "bus_max_v": 13.03, "bus_tau_mean": 1.2, "bus_tau_std": 7.96, "car_acc": 2.18, "car_dcc": 3.95, "car_lcCooperative": 0.75, "car_lcPushy": 0.29, "car_lcSublane": 0.82, "car_max_v": 12.18, "car_tau_mean": 1.46, "car_tau_std": 9.11}, "datetime": {"datetime": "2024-07-31 19:30:35", "elapsed": 25907.120401, "delta": 68.097001}}
{"target": 58.554606640683716, "params": {"bus_acc": 1.44, "bus_dcc": 1.4, "bus_lcCooperative": 0.86, "bus_lcPushy": 0.93, "bus_lcSublane": 0.67, "bus_max_v": 10.75, "bus_tau_mean": 2.28, "bus_tau_std": 0.7, "car_acc": 1.79, "car_dcc": 2.26, "car_lcCooperative": 0.5, "car_lcPushy": 0.88, "car_lcSublane": 0.15, "car_max_v": 8.36, "car_tau_mean": 2.54, "car_tau_std": 9.76}, "datetime": {"datetime": "2024-07-31 19:34:27", "elapsed": 26138.692531, "delta": 231.57213}}
{"target": 57.6708417479737, "params": {"bus_acc": 1.39, "bus_dcc": 2.3, "bus_lcCooperative": 0.6, "bus_lcPushy": 0.45, "bus_lcSublane": 0.64, "bus_max_v": 9.41, "bus_tau_mean": 1.4, "bus_tau_std": 0.94, "car_acc": 2.45, "car_dcc": 2.42, "car_lcCooperative": 1.0, "car_lcPushy": 0.24, "car_lcSublane": 0.02, "car_max_v": 9.03, "car_tau_mean": 1.26, "car_tau_std": 8.53}, "datetime": {"datetime": "2024-07-31 19:34:44", "elapsed": 26156.453326, "delta": 17.760795}}
{"target": 57.46233504235102, "params": {"bus_acc": 1.92, "bus_dcc": 1.52, "bus_lcCooperative": 0.42, "bus_lcPushy": 0.69, "bus_lcSublane": 0.02, "bus_max_v": 10.54, "bus_tau_mean": 1.39, "bus_tau_std": 1.41, "car_acc": 1.44, "car_dcc": 1.39, "car_lcCooperative": 0.45, "car_lcPushy": 0.63, "car_lcSublane": 0.43, "car_max_v": 9.68, "car_tau_mean": 1.36, "car_tau_std": 8.13}, "datetime": {"datetime": "2024-07-31 19:38:02", "elapsed": 26353.568938, "delta": 197.115612}}
{"target": 58.45688214585927, "params": {"bus_acc": 1.52, "bus_dcc": 1.5, "bus_lcCooperative": 0.48, "bus_lcPushy": 0.78, "bus_lcSublane": 0.37, "bus_max_v": 11.02, "bus_tau_mean": 1.85, "bus_tau_std": 0.21, "car_acc": 2.19, "car_dcc": 1.3, "car_lcCooperative": 0.09, "car_lcPushy": 0.47, "car_lcSublane": 0.39, "car_max_v": 8.71, "car_tau_mean": 2.19, "car_tau_std": 9.51}, "datetime": {"datetime": "2024-07-31 19:38:24", "elapsed": 26375.945936, "delta": 22.376998}}
{"target": 56.95241006242282, "params": {"bus_acc": 1.03, "bus_dcc": 2.4, "bus_lcCooperative": 0.6, "bus_lcPushy": 0.18, "bus_lcSublane": 0.33, "bus_max_v": 9.28, "bus_tau_mean": 2.19, "bus_tau_std": 11.38, "car_acc": 1.64, "car_dcc": 1.56, "car_lcCooperative": 0.34, "car_lcPushy": 0.05, "car_lcSublane": 1.0, "car_max_v": 10.52, "car_tau_mean": 1.77, "car_tau_std": 10.26}, "datetime": {"datetime": "2024-07-31 19:38:59", "elapsed": 26410.729001, "delta": 34.783065}}
{"target": 57.04538032593679, "params": {"bus_acc": 1.52, "bus_dcc": 1.54, "bus_lcCooperative": 0.96, "bus_lcPushy": 0.55, "bus_lcSublane": 0.77, "bus_max_v": 14.82, "bus_tau_mean": 2.97, "bus_tau_std": 10.02, "car_acc": 1.66, "car_dcc": 1.0, "car_lcCooperative": 0.11, "car_lcPushy": 0.19, "car_lcSublane": 0.02, "car_max_v": 10.68, "car_tau_mean": 1.86, "car_tau_std": 1.87}, "datetime": {"datetime": "2024-07-31 19:43:03", "elapsed": 26655.443166, "delta": 244.714165}}
{"target": 58.42057902594829, "params": {"bus_acc": 1.48, "bus_dcc": 1.8, "bus_lcCooperative": 0.46, "bus_lcPushy": 0.03, "bus_lcSublane": 0.43, "bus_max_v": 14.29, "bus_tau_mean": 2.31, "bus_tau_std": 1.19, "car_acc": 2.06, "car_dcc": 2.27, "car_lcCooperative": 0.23, "car_lcPushy": 0.39, "car_lcSublane": 0.47, "car_max_v": 8.49, "car_tau_mean": 1.72, "car_tau_std": 9.86}, "datetime": {"datetime": "2024-07-31 19:44:16", "elapsed": 26728.08158, "delta": 72.638414}}
{"target": 56.359665239315014, "params": {"bus_acc": 1.33, "bus_dcc": 1.82, "bus_lcCooperative": 0.6, "bus_lcPushy": 0.39, "bus_lcSublane": 0.45, "bus_max_v": 9.76, "bus_tau_mean": 2.22, "bus_tau_std": 3.75, "car_acc": 2.76, "car_dcc": 2.68, "car_lcCooperative": 0.61, "car_lcPushy": 0.18, "car_lcSublane": 0.88, "car_max_v": 13.43, "car_tau_mean": 1.3, "car_tau_std": 14.78}, "datetime": {"datetime": "2024-07-31 19:46:13", "elapsed": 26844.668151, "delta": 116.586571}}
{"target": 58.45876350248578, "params": {"bus_acc": 1.52, "bus_dcc": 3.61, "bus_lcCooperative": 0.71, "bus_lcPushy": 0.11, "bus_lcSublane": 0.61, "bus_max_v": 14.87, "bus_tau_mean": 1.57, "bus_tau_std": 1.57, "car_acc": 1.77, "car_dcc": 1.34, "car_lcCooperative": 0.31, "car_lcPushy": 0.24, "car_lcSublane": 0.65, "car_max_v": 8.64, "car_tau_mean": 2.94, "car_tau_std": 9.74}, "datetime": {"datetime": "2024-07-31 19:47:30", "elapsed": 26921.545853, "delta": 76.877702}}
{"target": 57.52710395828677, "params": {"bus_acc": 1.26, "bus_dcc": 1.18, "bus_lcCooperative": 0.49, "bus_lcPushy": 0.79, "bus_lcSublane": 0.05, "bus_max_v": 10.01, "bus_tau_mean": 1.33, "bus_tau_std": 13.57, "car_acc": 2.09, "car_dcc": 2.97, "car_lcCooperative": 0.86, "car_lcPushy": 0.51, "car_lcSublane": 0.92, "car_max_v": 9.38, "car_tau_mean": 2.82, "car_tau_std": 0.69}, "datetime": {"datetime": "2024-07-31 19:47:42", "elapsed": 26933.874327, "delta": 12.328474}}
{"target": 58.41126672085127, "params": {"bus_acc": 1.3, "bus_dcc": 1.79, "bus_lcCooperative": 0.31, "bus_lcPushy": 0.36, "bus_lcSublane": 0.53, "bus_max_v": 10.55, "bus_tau_mean": 2.77, "bus_tau_std": 0.85, "car_acc": 1.23, "car_dcc": 2.07, "car_lcCooperative": 0.21, "car_lcPushy": 0.68, "car_lcSublane": 0.44, "car_max_v": 9.65, "car_tau_mean": 2.81, "car_tau_std": 8.09}, "datetime": {"datetime": "2024-07-31 19:52:27", "elapsed": 27219.485059, "delta": 285.610732}}
{"target": 57.96608087199036, "params": {"bus_acc": 1.24, "bus_dcc": 2.1, "bus_lcCooperative": 0.47, "bus_lcPushy": 0.16, "bus_lcSublane": 0.8, "bus_max_v": 10.73, "bus_tau_mean": 2.39, "bus_tau_std": 8.03, "car_acc": 1.78, "car_dcc": 4.27, "car_lcCooperative": 0.42, "car_lcPushy": 0.87, "car_lcSublane": 0.33, "car_max_v": 8.09, "car_tau_mean": 1.54, "car_tau_std": 1.76}, "datetime": {"datetime": "2024-07-31 19:54:21", "elapsed": 27333.50698, "delta": 114.021921}}
{"target": 57.33220683830654, "params": {"bus_acc": 1.95, "bus_dcc": 1.49, "bus_lcCooperative": 0.36, "bus_lcPushy": 0.21, "bus_lcSublane": 0.61, "bus_max_v": 13.45, "bus_tau_mean": 2.92, "bus_tau_std": 12.77, "car_acc": 1.25, "car_dcc": 3.83, "car_lcCooperative": 0.82, "car_lcPushy": 0.4, "car_lcSublane": 0.63, "car_max_v": 9.1, "car_tau_mean": 2.53, "car_tau_std": 5.89}, "datetime": {"datetime": "2024-07-31 19:55:35", "elapsed": 27407.290421, "delta": 73.783441}}
{"target": 57.97190789799643, "params": {"bus_acc": 1.33, "bus_dcc": 2.81, "bus_lcCooperative": 0.3, "bus_lcPushy": 0.39, "bus_lcSublane": 0.23, "bus_max_v": 10.86, "bus_tau_mean": 2.76, "bus_tau_std": 0.84, "car_acc": 1.18, "car_dcc": 2.03, "car_lcCooperative": 0.64, "car_lcPushy": 0.2, "car_lcSublane": 0.46, "car_max_v": 8.76, "car_tau_mean": 1.81, "car_tau_std": 8.07}, "datetime": {"datetime": "2024-07-31 19:56:45", "elapsed": 27476.912169, "delta": 69.621748}}
{"target": 58.22379111555015, "params": {"bus_acc": 1.45, "bus_dcc": 1.58, "bus_lcCooperative": 0.61, "bus_lcPushy": 0.26, "bus_lcSublane": 0.91, "bus_max_v": 10.24, "bus_tau_mean": 1.12, "bus_tau_std": 0.79, "car_acc": 1.84, "car_dcc": 1.69, "car_lcCooperative": 0.09, "car_lcPushy": 0.55, "car_lcSublane": 0.54, "car_max_v": 8.61, "car_tau_mean": 1.28, "car_tau_std": 9.29}, "datetime": {"datetime": "2024-07-31 19:56:53", "elapsed": 27484.70887, "delta": 7.796701}}
{"target": 57.30972174737936, "params": {"bus_acc": 1.21, "bus_dcc": 1.81, "bus_lcCooperative": 0.99, "bus_lcPushy": 0.86, "bus_lcSublane": 0.28, "bus_max_v": 11.89, "bus_tau_mean": 1.83, "bus_tau_std": 8.46, "car_acc": 1.31, "car_dcc": 1.19, "car_lcCooperative": 0.06, "car_lcPushy": 0.59, "car_lcSublane": 0.28, "car_max_v": 12.3, "car_tau_mean": 1.78, "car_tau_std": 14.4}, "datetime": {"datetime": "2024-07-31 20:00:28", "elapsed": 27699.558043, "delta": 214.849173}}
{"target": 58.350807334781585, "params": {"bus_acc": 1.28, "bus_dcc": 1.55, "bus_lcCooperative": 0.89, "bus_lcPushy": 0.06, "bus_lcSublane": 0.44, "bus_max_v": 10.22, "bus_tau_mean": 1.5, "bus_tau_std": 0.62, "car_acc": 1.9, "car_dcc": 2.2, "car_lcCooperative": 0.02, "car_lcPushy": 0.6, "car_lcSublane": 0.62, "car_max_v": 8.78, "car_tau_mean": 2.18, "car_tau_std": 9.65}, "datetime": {"datetime": "2024-07-31 20:03:45", "elapsed": 27897.319166, "delta": 197.761123}}
{"target": 58.60280632639685, "params": {"bus_acc": 1.33, "bus_dcc": 2.93, "bus_lcCooperative": 0.03, "bus_lcPushy": 0.38, "bus_lcSublane": 0.29, "bus_max_v": 10.01, "bus_tau_mean": 1.72, "bus_tau_std": 0.89, "car_acc": 1.91, "car_dcc": 1.42, "car_lcCooperative": 0.89, "car_lcPushy": 0.47, "car_lcSublane": 0.78, "car_max_v": 8.0, "car_tau_mean": 2.8, "car_tau_std": 8.75}, "datetime": {"datetime": "2024-07-31 20:04:40", "elapsed": 27951.954603, "delta": 54.635437}}
{"target": 56.455065562377335, "params": {"bus_acc": 1.68, "bus_dcc": 3.34, "bus_lcCooperative": 0.29, "bus_lcPushy": 0.19, "bus_lcSublane": 0.94, "bus_max_v": 14.84, "bus_tau_mean": 2.52, "bus_tau_std": 12.49, "car_acc": 1.32, "car_dcc": 3.55, "car_lcCooperative": 0.58, "car_lcPushy": 0.67, "car_lcSublane": 0.63, "car_max_v": 13.31, "car_tau_mean": 1.37, "car_tau_std": 8.21}, "datetime": {"datetime": "2024-07-31 20:05:05", "elapsed": 27976.92787, "delta": 24.973267}}
{"target": 57.29236807309038, "params": {"bus_acc": 1.5, "bus_dcc": 3.32, "bus_lcCooperative": 0.75, "bus_lcPushy": 0.32, "bus_lcSublane": 0.65, "bus_max_v": 9.62, "bus_tau_mean": 2.93, "bus_tau_std": 8.13, "car_acc": 2.8, "car_dcc": 3.61, "car_lcCooperative": 0.97, "car_lcPushy": 0.23, "car_lcSublane": 0.76, "car_max_v": 9.12, "car_tau_mean": 2.16, "car_tau_std": 6.24}, "datetime": {"datetime": "2024-07-31 20:05:14", "elapsed": 27986.260483, "delta": 9.332613}}
{"target": 58.00088144585834, "params": {"bus_acc": 1.44, "bus_dcc": 2.29, "bus_lcCooperative": 0.46, "bus_lcPushy": 0.49, "bus_lcSublane": 0.59, "bus_max_v": 11.06, "bus_tau_mean": 2.02, "bus_tau_std": 8.39, "car_acc": 1.84, "car_dcc": 4.72, "car_lcCooperative": 0.22, "car_lcPushy": 0.06, "car_lcSublane": 0.04, "car_max_v": 8.37, "car_tau_mean": 1.73, "car_tau_std": 2.16}, "datetime": {"datetime": "2024-07-31 20:10:23", "elapsed": 28295.343758, "delta": 309.083275}}
{"target": 57.016734361432995, "params": {"bus_acc": 1.2, "bus_dcc": 3.73, "bus_lcCooperative": 0.18, "bus_lcPushy": 0.95, "bus_lcSublane": 0.09, "bus_max_v": 10.38, "bus_tau_mean": 1.25, "bus_tau_std": 9.25, "car_acc": 2.84, "car_dcc": 2.62, "car_lcCooperative": 0.2, "car_lcPushy": 0.65, "car_lcSublane": 0.49, "car_max_v": 12.35, "car_tau_mean": 1.73, "car_tau_std": 6.5}, "datetime": {"datetime": "2024-07-31 20:11:41", "elapsed": 28373.275894, "delta": 77.932136}}
{"target": 56.339580517289825, "params": {"bus_acc": 1.59, "bus_dcc": 2.27, "bus_lcCooperative": 0.56, "bus_lcPushy": 0.4, "bus_lcSublane": 0.5, "bus_max_v": 12.7, "bus_tau_mean": 2.96, "bus_tau_std": 2.11, "car_acc": 2.64, "car_dcc": 3.78, "car_lcCooperative": 0.95, "car_lcPushy": 0.87, "car_lcSublane": 0.82, "car_max_v": 13.85, "car_tau_mean": 2.52, "car_tau_std": 8.82}, "datetime": {"datetime": "2024-07-31 20:12:38", "elapsed": 28430.513109, "delta": 57.237215}}
{"target": 58.29742387824489, "params": {"bus_acc": 1.73, "bus_dcc": 3.65, "bus_lcCooperative": 0.25, "bus_lcPushy": 0.87, "bus_lcSublane": 0.47, "bus_max_v": 14.22, "bus_tau_mean": 2.7, "bus_tau_std": 2.31, "car_acc": 2.61, "car_dcc": 1.31, "car_lcCooperative": 0.18, "car_lcPushy": 0.58, "car_lcSublane": 0.02, "car_max_v": 8.52, "car_tau_mean": 2.42, "car_tau_std": 10.23}, "datetime": {"datetime": "2024-07-31 20:13:39", "elapsed": 28490.953086, "delta": 60.439977}}
{"target": 57.55924398094753, "params": {"bus_acc": 1.13, "bus_dcc": 3.03, "bus_lcCooperative": 0.15, "bus_lcPushy": 0.71, "bus_lcSublane": 0.8, "bus_max_v": 11.34, "bus_tau_mean": 2.36, "bus_tau_std": 8.17, "car_acc": 1.42, "car_dcc": 3.35, "car_lcCooperative": 0.32, "car_lcPushy": 0.5, "car_lcSublane": 0.68, "car_max_v": 10.1, "car_tau_mean": 2.74, "car_tau_std": 10.77}, "datetime": {"datetime": "2024-07-31 20:13:54", "elapsed": 28506.190947, "delta": 15.237861}}
{"target": 57.163078021979054, "params": {"bus_acc": 1.66, "bus_dcc": 2.51, "bus_lcCooperative": 0.83, "bus_lcPushy": 0.41, "bus_lcSublane": 0.97, "bus_max_v": 10.88, "bus_tau_mean": 2.59, "bus_tau_std": 4.56, "car_acc": 2.66, "car_dcc": 4.52, "car_lcCooperative": 0.82, "car_lcPushy": 0.34, "car_lcSublane": 0.3, "car_max_v": 10.52, "car_tau_mean": 2.58, "car_tau_std": 12.83}, "datetime": {"datetime": "2024-07-31 20:19:06", "elapsed": 28818.268058, "delta": 312.077111}}
{"target": 56.4521810792905, "params": {"bus_acc": 1.54, "bus_dcc": 2.97, "bus_lcCooperative": 0.51, "bus_lcPushy": 0.58, "bus_lcSublane": 0.79, "bus_max_v": 12.61, "bus_tau_mean": 2.65, "bus_tau_std": 3.87, "car_acc": 2.33, "car_dcc": 1.39, "car_lcCooperative": 0.07, "car_lcPushy": 0.45, "car_lcSublane": 0.21, "car_max_v": 12.89, "car_tau_mean": 2.18, "car_tau_std": 8.93}, "datetime": {"datetime": "2024-07-31 20:21:15", "elapsed": 28947.207813, "delta": 128.939755}}
{"target": 58.380365412002746, "params": {"bus_acc": 1.28, "bus_dcc": 2.31, "bus_lcCooperative": 0.9, "bus_lcPushy": 0.43, "bus_lcSublane": 0.69, "bus_max_v": 10.78, "bus_tau_mean": 1.53, "bus_tau_std": 1.4, "car_acc": 1.62, "car_dcc": 1.7, "car_lcCooperative": 0.27, "car_lcPushy": 0.41, "car_lcSublane": 0.62, "car_max_v": 8.07, "car_tau_mean": 2.54, "car_tau_std": 8.91}, "datetime": {"datetime": "2024-07-31 20:21:33", "elapsed": 28965.529701, "delta": 18.321888}}
{"target": 58.304463286710565, "params": {"bus_acc": 1.27, "bus_dcc": 3.08, "bus_lcCooperative": 0.82, "bus_lcPushy": 0.43, "bus_lcSublane": 0.26, "bus_max_v": 12.02, "bus_tau_mean": 2.26, "bus_tau_std": 4.36, "car_acc": 1.17, "car_dcc": 2.56, "car_lcCooperative": 0.79, "car_lcPushy": 0.93, "car_lcSublane": 0.53, "car_max_v": 8.97, "car_tau_mean": 2.15, "car_tau_std": 13.33}, "datetime": {"datetime": "2024-07-31 20:22:33", "elapsed": 29024.747208, "delta": 59.217507}}
