{"target": -0.3444083491662815, "params": {"bus_acc": 1.856587699122965, "bus_dcc": 2.3186173064661735, "bus_lcAssertive": 17.67922019299827, "bus_lcCooperative": 0.5290872104552504, "bus_lcLookaheadLeft": 79.76149806836928, "bus_lcPushy": 0.03587914896601674, "bus_lcSigma": 0.19135887753572, "bus_lcSpeedGainRight": 4.887277821965081, "bus_lcSublane": 0.9607973060206447, "bus_sigma": 0.5565916591021018, "bus_tau_mean": 2.761317525235787, "bus_tau_std": 2.720930142932744, "bus_v_mean": 23.233457371405436, "bus_v_std": 13.3954961265448, "car_acc": 3.6672319805550466, "car_dcc": 1.0333100001097686, "car_lcAssertive": 85.44401513511959, "car_lcCooperative": 0.7783262186802019, "car_lcLookaheadLeft": 69.12255169667107, "car_lcPushy": 0.740781813019585, "car_lcSigma": 0.15657242459837717, "car_lcSpeedGainRight": 3.5938752642432497, "car_lcSublane": 0.09681841069321007, "car_sigma": 0.7069494480386341, "car_tau_mean": 0.5092112864392613, "car_tau_std": 7.762057874603809, "car_v_mean": 15.86491495650463, "car_v_std": 4.087737325957297}, "datetime": {"datetime": "2024-08-08 12:49:43", "elapsed": 171.261844, "delta": 5.327435}}
{"target": -0.3506158391267169, "params": {"bus_acc": 1.8560390908306412, "bus_dcc": 2.813714809919121, "bus_lcAssertive": 20.966194745495322, "bus_lcCooperative": 0.8177571936931245, "bus_lcLookaheadLeft": 32.978498961303416, "bus_lcPushy": 0.6696167646858762, "bus_lcSigma": 0.1487335628025609, "bus_lcSpeedGainRight": 1.5297272354308022, "bus_lcSublane": 0.2972414453016764, "bus_sigma": 0.6350799325450489, "bus_tau_mean": 2.883081844931678, "bus_tau_std": 8.452486465038238, "bus_v_mean": 10.933550508302773, "bus_v_std": 15.20859528612877, "car_acc": 3.8477576091174384, "car_dcc": 2.6726317422324177, "car_lcAssertive": 65.36613564525277, "car_lcCooperative": 0.0899951030326972, "car_lcLookaheadLeft": 16.393829940811994, "car_lcPushy": 0.41557172071663584, "car_lcSigma": 0.7113706883010249, "car_lcSpeedGainRight": 0.8391058181179717, "car_lcSublane": 0.3889791392243084, "car_sigma": 0.49794595388742613, "car_tau_mean": 3.7726600441962304, "car_tau_std": 0.5519624865450556, "car_v_mean": 21.264119855177544, "car_v_std": 19.683196917975692}, "datetime": {"datetime": "2024-08-08 12:49:44", "elapsed": 171.539823, "delta": 0.277979}}
{"target": -0.2930239848555194, "params": {"bus_acc": 4.514643905263244, "bus_dcc": 1.7638022669817308, "bus_lcAssertive": 76.85264815507935, "bus_lcCooperative": 0.9410132668189013, "bus_lcLookaheadLeft": 2.1012274004579936, "bus_lcPushy": 0.47608911800210485, "bus_lcSigma": 0.6570403290247293, "bus_lcSpeedGainRight": 4.216616069597612, "bus_lcSublane": 0.18373941187600173, "bus_sigma": 0.8561592379873718, "bus_tau_mean": 1.7752791794995977, "bus_tau_std": 8.922739292761724, "bus_v_mean": 8.44338784195784, "bus_v_std": 1.7078027824634123, "car_acc": 4.92564186301645, "car_dcc": 2.8285057773204896, "car_lcAssertive": 42.345602334604145, "car_lcCooperative": 0.16921418469369054, "car_lcLookaheadLeft": 65.69031300278962, "car_lcPushy": 0.03697506835935782, "car_lcSigma": 0.31161391346070466, "car_lcSpeedGainRight": 1.6173959849453767, "car_lcSublane": 0.6074418935145536, "car_sigma": 0.6508312566756971, "car_tau_mean": 3.4611910973276427, "car_tau_std": 9.275809425975435, "car_v_mean": 18.567323641777595, "car_v_std": 11.563478368170763}, "datetime": {"datetime": "2024-08-08 12:49:49", "elapsed": 176.926843, "delta": 5.38702}}
{"target": -0.36239182081485444, "params": {"bus_acc": 1.2589599337661954, "bus_dcc": 3.974039526195427, "bus_lcAssertive": 6.246459724130964, "bus_lcCooperative": 0.19949554613856135, "bus_lcLookaheadLeft": 43.429760841166974, "bus_lcPushy": 0.10750887618516769, "bus_lcSigma": 0.6236704109977018, "bus_lcSpeedGainRight": 0.23996282024433657, "bus_lcSublane": 0.28462388100694214, "bus_sigma": 0.06103668111967109, "bus_tau_mean": 2.962317658867784, "bus_tau_std": 6.68456167589482, "bus_v_mean": 14.057289492009636, "bus_v_std": 3.763885200596424, "car_acc": 3.9880193161197806, "car_dcc": 2.0211378722964017, "car_lcAssertive": 79.73481557315864, "car_lcCooperative": 0.4879009391796203, "car_lcLookaheadLeft": 53.51560554639598, "car_lcPushy": 0.028490849491567216, "car_lcSigma": 0.6442320198790318, "car_lcSpeedGainRight": 1.7532825121608369, "car_lcSublane": 0.2292050272920657, "car_sigma": 0.4338833762117006, "car_tau_mean": 1.8386361004482115, "car_tau_std": 4.697890400863603, "car_v_mean": 23.671733666876904, "car_v_std": 7.287561407364609}, "datetime": {"datetime": "2024-08-08 12:49:51", "elapsed": 179.435334, "delta": 2.508491}}
{"target": -0.436347008976996, "params": {"bus_acc": 2.420837557358575, "bus_dcc": 3.922637883685274, "bus_lcAssertive": 13.154440815492576, "bus_lcCooperative": 0.18756989261723955, "bus_lcLookaheadLeft": 89.16536259551893, "bus_lcPushy": 0.5834063146082279, "bus_lcSigma": 0.3092463846587796, "bus_lcSpeedGainRight": 0.0038219273909401164, "bus_lcSublane": 0.22759773832225305, "bus_sigma": 0.1454036341712357, "bus_tau_mean": 1.212018385295317, "bus_tau_std": 8.963225568040047, "bus_v_mean": 21.96951005231425, "bus_v_std": 14.005788752668995, "car_acc": 2.881990704608836, "car_dcc": 3.481408006996865, "car_lcAssertive": 50.086813311436025, "car_lcCooperative": 0.36348868328490525, "car_lcLookaheadLeft": 29.009104070564156, "car_lcPushy": 0.9247408135383717, "car_lcSigma": 0.38698923425629217, "car_lcSpeedGainRight": 2.464404367156601, "car_lcSublane": 0.2544381023144221, "car_sigma": 0.8849665188380633, "car_tau_mean": 1.8414220988185035, "car_tau_std": 2.9757471531387525, "car_v_mean": 19.48151939511607, "car_v_std": 3.8173988634461486}, "datetime": {"datetime": "2024-08-08 12:49:56", "elapsed": 183.705511, "delta": 4.270177}}
{"target": -0.37797272639609775, "params": {"bus_acc": 1.1484506579759777, "bus_dcc": 3.0815662341216994, "bus_lcAssertive": 67.36465316168066, "bus_lcCooperative": 0.430471782744975, "bus_lcLookaheadLeft": 77.24331981050095, "bus_lcPushy": 0.5360084947395637, "bus_lcSigma": 0.03985992663545257, "bus_lcSpeedGainRight": 0.6739655898033953, "bus_lcSublane": 0.19341639901491836, "bus_sigma": 0.3356638011646498, "bus_tau_mean": 0.6830953125311686, "bus_tau_std": 6.051167805003662, "bus_v_mean": 16.1929764403827, "bus_v_std": 12.349220240343122, "car_acc": 2.729422379057376, "car_dcc": 3.543101404712313, "car_lcAssertive": 45.95184654985598, "car_lcCooperative": 0.015403519791920894, "car_lcLookaheadLeft": 87.56067854781574, "car_lcPushy": 0.6562015477440989, "car_lcSigma": 0.823003040648471, "car_lcSpeedGainRight": 4.758878465169259, "car_lcSublane": 0.050912383516887205, "car_sigma": 0.23507186409101455, "car_tau_mean": 0.7217020520971893, "car_tau_std": 4.216578860324509, "car_v_mean": 21.82126632802323, "car_v_std": 1.632479654301362}, "datetime": {"datetime": "2024-08-08 12:50:01", "elapsed": 189.095853, "delta": 5.390342}}
{"target": -0.32188680448648305, "params": {"bus_acc": 1.3466898906116405, "bus_dcc": 2.783811664334878, "bus_lcAssertive": 93.16799666925122, "bus_lcCooperative": 0.1337783077430914, "bus_lcLookaheadLeft": 52.27520477868174, "bus_lcPushy": 0.6839992141169576, "bus_lcSigma": 0.17182975960682711, "bus_lcSpeedGainRight": 0.05629946746094738, "bus_lcSublane": 0.8876831304797248, "bus_sigma": 0.035231270653359514, "bus_tau_mean": 1.401103993326861, "bus_tau_std": 6.516840317406684, "bus_v_mean": 12.572526933692195, "bus_v_std": 0.19415193149633136, "car_acc": 3.3018073378599295, "car_dcc": 1.9233768350041318, "car_lcAssertive": 15.99989212336019, "car_lcCooperative": 0.9712833117325801, "car_lcLookaheadLeft": 18.167282254097344, "car_lcPushy": 0.7272354411432771, "car_lcSigma": 0.890724191493513, "car_lcSpeedGainRight": 4.2935755786347265, "car_lcSublane": 0.1842570671584468, "car_sigma": 0.23680853369423926, "car_tau_mean": 0.5642692277590035, "car_tau_std": 9.314054672648544, "car_v_mean": 22.193938826516902, "car_v_std": 11.909323379390857}, "datetime": {"datetime": "2024-08-08 12:50:02", "elapsed": 189.630629, "delta": 0.534776}}
{"target": -0.32973368653072244, "params": {"bus_acc": 2.2133826868342763, "bus_dcc": 1.064127883264212, "bus_lcAssertive": 99.75101428010461, "bus_lcCooperative": 0.5820299763434618, "bus_lcLookaheadLeft": 30.750875291633548, "bus_lcPushy": 0.9289494618931157, "bus_lcSigma": 0.5071194235482045, "bus_lcSpeedGainRight": 2.2734611377620344, "bus_lcSublane": 0.5878715062961865, "bus_sigma": 0.2641376442105696, "bus_tau_mean": 1.5685090477160166, "bus_tau_std": 3.7165457672418247, "bus_v_mean": 11.911167989945774, "bus_v_std": 11.690945322332595, "car_acc": 3.7833845357293057, "car_dcc": 1.2158416604920035, "car_lcAssertive": 97.13724864292091, "car_lcCooperative": 0.7530706558694549, "car_lcLookaheadLeft": 81.00398996943402, "car_lcPushy": 0.7516404040812905, "car_lcSigma": 0.0800609772712173, "car_lcSpeedGainRight": 2.4084814151058853, "car_lcSublane": 0.44567295640165605, "car_sigma": 0.6724726505249299, "car_tau_mean": 2.070580405885127, "car_tau_std": 7.0431339838390965, "car_v_mean": 18.906325401641965, "car_v_std": 13.942970575055124}, "datetime": {"datetime": "2024-08-08 12:50:03", "elapsed": 190.88052, "delta": 1.249891}}
{"target": -0.35906617787885325, "params": {"bus_acc": 3.828750439136729, "bus_dcc": 2.7727017984712203, "bus_lcAssertive": 81.92084476931544, "bus_lcCooperative": 0.907644646099839, "bus_lcLookaheadLeft": 2.245740847456469, "bus_lcPushy": 0.39722776623376177, "bus_lcSigma": 0.5614096837184815, "bus_lcSpeedGainRight": 3.669615681424383, "bus_lcSublane": 0.08747276218504352, "bus_sigma": 0.3997549876808645, "bus_tau_mean": 1.478674128074471, "bus_tau_std": 4.235100531051829, "bus_v_mean": 15.967658122772614, "bus_v_std": 13.20030447052102, "car_acc": 2.9849445558811167, "car_dcc": 2.8614046018155714, "car_lcAssertive": 58.66154632703304, "car_lcCooperative": 0.42833239803885637, "car_lcLookaheadLeft": 2.487683741704008, "car_lcPushy": 0.19451641385960183, "car_lcSigma": 0.3202066542862888, "car_lcSpeedGainRight": 0.7348906292746565, "car_lcSublane": 0.5986638816064357, "car_sigma": 0.6114994766596024, "car_tau_mean": 2.2503264085892534, "car_tau_std": 3.2084890160086452, "car_v_mean": 18.45212883239127, "car_v_std": 3.8056696535808743}, "datetime": {"datetime": "2024-08-08 12:50:05", "elapsed": 192.755656, "delta": 1.875136}}
{"target": -0.40959281298850037, "params": {"bus_acc": 2.382716853184102, "bus_dcc": 2.786875294404849, "bus_lcAssertive": 60.29954360836855, "bus_lcCooperative": 0.6157042872039488, "bus_lcLookaheadLeft": 7.799366304200794, "bus_lcPushy": 0.7503171845746859, "bus_lcSigma": 0.9482094981876252, "bus_lcSpeedGainRight": 2.6733952858979437, "bus_lcSublane": 0.1925560209550684, "bus_sigma": 0.7529259149799422, "bus_tau_mean": 0.5256163926475232, "bus_tau_std": 3.2825610365078086, "bus_v_mean": 22.68170156231029, "bus_v_std": 11.767346657877535, "car_acc": 4.420761135616541, "car_dcc": 2.814016157047563, "car_lcAssertive": 82.43523709986323, "car_lcCooperative": 0.8794835234293169, "car_lcLookaheadLeft": 33.45666470339641, "car_lcPushy": 0.12295477155217849, "car_lcSigma": 0.7213033441865708, "car_lcSpeedGainRight": 2.201735434156191, "car_lcSublane": 0.1267357091420086, "car_sigma": 0.5898236481098892, "car_tau_mean": 0.6262391009945097, "car_tau_std": 2.0018211641098693, "car_v_mean": 20.612819034687504, "car_v_std": 0.24193520030715732}, "datetime": {"datetime": "2024-08-08 12:50:08", "elapsed": 195.708328, "delta": 2.952672}}
{"target": -0.3481029931060406, "params": {"bus_acc": 1.091660525289527, "bus_dcc": 2.5572469666359683, "bus_lcAssertive": 81.18888235557921, "bus_lcCooperative": 0.012603767029876312, "bus_lcLookaheadLeft": 67.90204477606592, "bus_lcPushy": 0.6868082266569918, "bus_lcSigma": 0.44924675358663757, "bus_lcSpeedGainRight": 4.573943433709672, "bus_lcSublane": 0.6443610847569929, "bus_sigma": 0.005239837651465851, "bus_tau_mean": 2.1954995593003144, "bus_tau_std": 8.593178060976, "bus_v_mean": 21.28639312059743, "bus_v_std": 12.983083942249557, "car_acc": 3.6947936955945266, "car_dcc": 2.7354987393676016, "car_lcAssertive": 28.137857741518363, "car_lcCooperative": 0.5605299905360588, "car_lcLookaheadLeft": 67.82951891210719, "car_lcPushy": 0.35242963021640883, "car_lcSigma": 0.8558283672539277, "car_lcSpeedGainRight": 0.9751874300435365, "car_lcSublane": 0.7473208103319232, "car_sigma": 0.2896027461868774, "car_tau_mean": 3.208297505354637, "car_tau_std": 4.277373293360762, "car_v_mean": 20.92317454579535, "car_v_std": 7.070697253359808}, "datetime": {"datetime": "2024-08-08 12:50:10", "elapsed": 197.713873, "delta": 2.005545}}
{"target": -0.3570513327566789, "params": {"bus_acc": 2.289466700537678, "bus_dcc": 2.8306151762391107, "bus_lcAssertive": 16.871999966850318, "bus_lcCooperative": 0.4867389357577533, "bus_lcLookaheadLeft": 94.67215992866635, "bus_lcPushy": 0.38391424197853796, "bus_lcSigma": 0.18896259324581144, "bus_lcSpeedGainRight": 2.3441947482109047, "bus_lcSublane": 0.8409078314535324, "bus_sigma": 0.8426677225950326, "bus_tau_mean": 3.3973113381072775, "bus_tau_std": 0.11475512605813365, "bus_v_mean": 12.272644958852723, "bus_v_std": 19.99751575148525, "car_acc": 1.478733108769946, "car_dcc": 2.4702684882629, "car_lcAssertive": 79.21258890966585, "car_lcCooperative": 0.12221391009385618, "car_lcLookaheadLeft": 66.91609970774229, "car_lcPushy": 0.4880804455213241, "car_lcSigma": 0.19428998208618675, "car_lcSpeedGainRight": 4.393150132913602, "car_lcSublane": 0.18148739755773036, "car_sigma": 0.6390528592947753, "car_tau_mean": 3.092894073692752, "car_tau_std": 5.626728865932282, "car_v_mean": 18.061465097555057, "car_v_std": 2.379307932440089}, "datetime": {"datetime": "2024-08-08 12:50:11", "elapsed": 199.408517, "delta": 1.694644}}
{"target": -0.356655397196342, "params": {"bus_acc": 2.8486323867654284, "bus_dcc": 2.537949240271353, "bus_lcAssertive": 57.814667162342396, "bus_lcCooperative": 0.4403192075855932, "bus_lcLookaheadLeft": 20.96877785693343, "bus_lcPushy": 0.11396576145918635, "bus_lcSigma": 0.151227927370148, "bus_lcSpeedGainRight": 0.2624548192656695, "bus_lcSublane": 0.5586764110636315, "bus_sigma": 0.8477210140360106, "bus_tau_mean": 1.7569176862343876, "bus_tau_std": 0.7531087263581782, "bus_v_mean": 14.81159059176186, "bus_v_std": 12.040156769440028, "car_acc": 2.7016138623025503, "car_dcc": 3.43216370082211, "car_lcAssertive": 94.24673837248382, "car_lcCooperative": 0.8699107732683544, "car_lcLookaheadLeft": 70.99195083142908, "car_lcPushy": 0.4702989247821753, "car_lcSigma": 0.6826980429032513, "car_lcSpeedGainRight": 0.06709155278264767, "car_lcSublane": 0.9824781185020439, "car_sigma": 0.17207733182889595, "car_tau_mean": 3.6719113858658865, "car_tau_std": 8.07109901666106, "car_v_mean": 20.802234950191803, "car_v_std": 5.378721155701298}, "datetime": {"datetime": "2024-08-08 12:50:12", "elapsed": 200.052002, "delta": 0.643485}}
{"target": -0.35964014663668775, "params": {"bus_acc": 3.0721302463776348, "bus_dcc": 2.1182464062924566, "bus_lcAssertive": 71.32510325364133, "bus_lcCooperative": 0.455643424642054, "bus_lcLookaheadLeft": 61.31086372207486, "bus_lcPushy": 0.9904061968899467, "bus_lcSigma": 0.7739162499564685, "bus_lcSpeedGainRight": 1.6713820249691314, "bus_lcSublane": 0.08899822082237796, "bus_sigma": 0.18490559027840836, "bus_tau_mean": 2.3439815656214202, "bus_tau_std": 4.17102418106858, "bus_v_mean": 20.810554530067833, "bus_v_std": 18.664046763733634, "car_acc": 1.7114589918053942, "car_dcc": 3.580200312628649, "car_lcAssertive": 95.78209770634021, "car_lcCooperative": 0.9594706068497821, "car_lcLookaheadLeft": 5.710533596602189, "car_lcPushy": 0.05758350560817371, "car_lcSigma": 0.005797392917688993, "car_lcSpeedGainRight": 1.5634057807773822, "car_lcSublane": 0.05569841271210463, "car_sigma": 0.29386248547054417, "car_tau_mean": 1.746057701109153, "car_tau_std": 9.536770184739218, "car_v_mean": 15.631214759788447, "car_v_std": 5.564768848426606}, "datetime": {"datetime": "2024-08-08 12:50:15", "elapsed": 202.759805, "delta": 2.707803}}
{"target": -0.3122838595800964, "params": {"bus_acc": 1.4675669083935698, "bus_dcc": 1.0614437461552058, "bus_lcAssertive": 34.153994148848334, "bus_lcCooperative": 0.9928761567590365, "bus_lcLookaheadLeft": 32.657511301746126, "bus_lcPushy": 0.7375077987941283, "bus_lcSigma": 0.7165293765913929, "bus_lcSpeedGainRight": 2.8627879884764065, "bus_lcSublane": 0.367646057669637, "bus_sigma": 0.2082656940300881, "bus_tau_mean": 3.929997257552725, "bus_tau_std": 0.6589377000512553, "bus_v_mean": 11.7796440309936, "bus_v_std": 6.177989410202334, "car_acc": 4.638013413929221, "car_dcc": 3.140107789057295, "car_lcAssertive": 27.271813173563256, "car_lcCooperative": 0.16450130293866305, "car_lcLookaheadLeft": 88.28874652560006, "car_lcPushy": 0.7937831324318396, "car_lcSigma": 0.038387431976404374, "car_lcSpeedGainRight": 4.3965042179829235, "car_lcSublane": 0.5879397452104611, "car_sigma": 0.4575371969863721, "car_tau_mean": 2.8584815690913965, "car_tau_std": 0.3944279853538757, "car_v_mean": 13.285139255514585, "car_v_std": 1.7609683561870404}, "datetime": {"datetime": "2024-08-08 12:50:15", "elapsed": 203.502135, "delta": 0.74233}}
{"target": -0.345827269271962, "params": {"bus_acc": 3.9169864577815807, "bus_dcc": 1.9469623953494826, "bus_lcAssertive": 88.49794140975366, "bus_lcCooperative": 0.18023352523222202, "bus_lcLookaheadLeft": 93.97796412003048, "bus_lcPushy": 0.9707501480531616, "bus_lcSigma": 0.3044852440523308, "bus_lcSpeedGainRight": 4.312431998521504, "bus_lcSublane": 0.8421791188670099, "bus_sigma": 0.4246127100946028, "bus_tau_mean": 1.7728954274847468, "bus_tau_std": 2.82437473235045, "bus_v_mean": 23.89178855144873, "bus_v_std": 5.115020539037993, "car_acc": 4.682702391036489, "car_dcc": 2.2850056412791675, "car_lcAssertive": 93.60727422179946, "car_lcCooperative": 0.8388448341981828, "car_lcLookaheadLeft": 17.26617791032026, "car_lcPushy": 0.5742833543508832, "car_lcSigma": 0.6735030146856861, "car_lcSpeedGainRight": 2.029102029995226, "car_lcSublane": 0.004877044482226589, "car_sigma": 0.3253313297689604, "car_tau_mean": 3.4363073179063703, "car_tau_std": 0.6282398021726943, "car_v_mean": 9.686715943029075, "car_v_std": 14.035746930238318}, "datetime": {"datetime": "2024-08-08 12:50:20", "elapsed": 207.893092, "delta": 4.390957}}
{"target": -0.37343276086287913, "params": {"bus_acc": 1.6793216782582756, "bus_dcc": 3.6344275102882393, "bus_lcAssertive": 10.73633654947196, "bus_lcCooperative": 0.42110762500505217, "bus_lcLookaheadLeft": 95.87317395474919, "bus_lcPushy": 0.5331652849730171, "bus_lcSigma": 0.6918771139504734, "bus_lcSpeedGainRight": 1.5775781550303147, "bus_lcSublane": 0.6865009276815837, "bus_sigma": 0.8346256718973729, "bus_tau_mean": 0.5640089707046714, "bus_tau_std": 7.501443149449675, "bus_v_mean": 23.821777422503914, "bus_v_std": 14.963313087596788, "car_acc": 2.1217759682576207, "car_dcc": 3.3678379853544653, "car_lcAssertive": 11.21937465118656, "car_lcCooperative": 0.44789352617590517, "car_lcLookaheadLeft": 91.04235930312336, "car_lcPushy": 0.2936141483736795, "car_lcSigma": 0.28777533858634874, "car_lcSpeedGainRight": 0.6501428605913884, "car_lcSublane": 0.019366957870297075, "car_sigma": 0.678835532939891, "car_tau_mean": 1.2406984060002066, "car_tau_std": 2.655466593722262, "car_v_mean": 15.865170548485413, "car_v_std": 1.0672509023416077}, "datetime": {"datetime": "2024-08-08 12:50:26", "elapsed": 213.783296, "delta": 5.890204}}
{"target": -0.3315289919351719, "params": {"bus_acc": 2.039166773217658, "bus_dcc": 2.743706026873515, "bus_lcAssertive": 95.5709631002805, "bus_lcCooperative": 0.0807539078120788, "bus_lcLookaheadLeft": 10.186352292050627, "bus_lcPushy": 0.6191348314199072, "bus_lcSigma": 0.22449347883595772, "bus_lcSpeedGainRight": 3.8259197836675405, "bus_lcSublane": 0.5681525429491051, "bus_sigma": 0.6661880902234952, "bus_tau_mean": 0.8773486527810734, "bus_tau_std": 0.8428305143655679, "bus_v_mean": 18.001937092887836, "bus_v_std": 8.19462522268041, "car_acc": 1.3490100954879272, "car_dcc": 2.1131918350485672, "car_lcAssertive": 67.54229655602802, "car_lcCooperative": 0.1895874001915857, "car_lcLookaheadLeft": 89.78145263581301, "car_lcPushy": 0.9498463888800873, "car_lcSigma": 0.9615725424345338, "car_lcSpeedGainRight": 3.650412788701301, "car_lcSublane": 0.4062884276883151, "car_sigma": 0.7437491963512196, "car_tau_mean": 1.5079540774616302, "car_tau_std": 3.144172223907462, "car_v_mean": 17.694341779485725, "car_v_std": 11.896942668158353}, "datetime": {"datetime": "2024-08-08 12:50:33", "elapsed": 221.285082, "delta": 7.501786}}
{"target": -0.32620738928038867, "params": {"bus_acc": 1.541417563448293, "bus_dcc": 1.0919160942726092, "bus_lcAssertive": 46.77120500937646, "bus_lcCooperative": 0.9606566952869964, "bus_lcLookaheadLeft": 11.174196349471044, "bus_lcPushy": 0.0655985161350432, "bus_lcSigma": 0.8799355762219236, "bus_lcSpeedGainRight": 4.1068602077164424, "bus_lcSublane": 0.8199694222450838, "bus_sigma": 0.46781804781537173, "bus_tau_mean": 1.9962223309618568, "bus_tau_std": 4.010683054344961, "bus_v_mean": 17.315440674228913, "bus_v_std": 14.579413387522225, "car_acc": 4.137168009398504, "car_dcc": 2.9643975626812535, "car_lcAssertive": 56.6841503029253, "car_lcCooperative": 0.412392608220297, "car_lcLookaheadLeft": 33.35167608029775, "car_lcPushy": 0.2862477928261852, "car_lcSigma": 0.29617671840307525, "car_lcSpeedGainRight": 3.413764330822216, "car_lcSublane": 0.7624411821595793, "car_sigma": 0.5976197869899762, "car_tau_mean": 1.2800236228874629, "car_tau_std": 1.943950205047229, "car_v_mean": 20.25097790033206, "car_v_std": 19.57387637950091}, "datetime": {"datetime": "2024-08-08 12:50:40", "elapsed": 228.431811, "delta": 7.146729}}
