{"target": -0.28263705342571854, "params": {"bus_acc": 1.6533, "bus_dcc": 1.316, "bus_lcAssertive": 28.869, "bus_lcCooperative": 0.966, "bus_lcLookaheadLeft": 34.8973, "bus_lcPushy": 0.7488, "bus_lcSigma": 0.6654, "bus_lcSpeedGainRight": 4.2707, "bus_lcSublane": 0.5501, "bus_sigma": 0.1722, "bus_tau_mean": 1.7666, "bus_tau_std": 4.0131, "bus_v_mean": 8.0027, "bus_v_std": 8.4108, "car_acc": 1.8128, "car_dcc": 1.0591, "car_lcAssertive": 26.5196, "car_lcCooperative": 0.3226, "car_lcLookaheadLeft": 86.6583, "car_lcPushy": 0.4441, "car_lcSigma": 0.7343, "car_lcSpeedGainRight": 1.4099, "car_lcSublane": 0.4963, "car_sigma": 0.9531, "car_tau_mean": 2.7184, "car_tau_std": 4.7491, "car_v_mean": 12.9228, "car_v_std": 3.4423}, "datetime": {"datetime": "2024-08-08 10:07:46", "elapsed": 746.941755, "delta": 1.11729}}
{"target": -0.37850424406174354, "params": {"bus_acc": 1.8614, "bus_dcc": 3.1887, "bus_lcAssertive": 79.7954, "bus_lcCooperative": 0.6296, "bus_lcLookaheadLeft": 70.266, "bus_lcPushy": 0.8843, "bus_lcSigma": 0.7296, "bus_lcSpeedGainRight": 2.6718, "bus_lcSublane": 0.9726, "bus_sigma": 0.4826, "bus_tau_mean": 2.817, "bus_tau_std": 7.9515, "bus_v_mean": 20.8844, "bus_v_std": 11.5821, "car_acc": 1.8089, "car_dcc": 3.5923, "car_lcAssertive": 24.8633, "car_lcCooperative": 0.8373, "car_lcLookaheadLeft": 64.5567, "car_lcPushy": 0.3108, "car_lcSigma": 0.0183, "car_lcSpeedGainRight": 2.3847, "car_lcSublane": 0.8041, "car_sigma": 0.8053, "car_tau_mean": 1.6219, "car_tau_std": 3.6601, "car_v_mean": 21.6454, "car_v_std": 8.833}, "datetime": {"datetime": "2024-08-08 10:07:52", "elapsed": 752.225599, "delta": 5.283844}}
{"target": -0.31836585039409343, "params": {"bus_acc": 2.4621, "bus_dcc": 3.6108, "bus_lcAssertive": 95.6655, "bus_lcCooperative": 0.7279, "bus_lcLookaheadLeft": 73.6565, "bus_lcPushy": 0.6004, "bus_lcSigma": 0.6627, "bus_lcSpeedGainRight": 2.1014, "bus_lcSublane": 0.2548, "bus_sigma": 0.9045, "bus_tau_mean": 3.718, "bus_tau_std": 3.8115, "bus_v_mean": 17.9912, "bus_v_std": 4.5503, "car_acc": 2.132, "car_dcc": 1.0457, "car_lcAssertive": 62.3857, "car_lcCooperative": 0.1819, "car_lcLookaheadLeft": 65.4777, "car_lcPushy": 0.831, "car_lcSigma": 0.3747, "car_lcSpeedGainRight": 2.1767, "car_lcSublane": 0.9955, "car_sigma": 0.641, "car_tau_mean": 1.2003, "car_tau_std": 6.9632, "car_v_mean": 18.0968, "car_v_std": 17.4097}, "datetime": {"datetime": "2024-08-08 10:07:52", "elapsed": 752.914049, "delta": 0.68845}}
{"target": -0.357051380627596, "params": {"bus_acc": 1.835, "bus_dcc": 3.9863, "bus_lcAssertive": 45.963, "bus_lcCooperative": 0.9739, "bus_lcLookaheadLeft": 26.8888, "bus_lcPushy": 0.566, "bus_lcSigma": 0.6361, "bus_lcSpeedGainRight": 1.1068, "bus_lcSublane": 0.6476, "bus_sigma": 0.4162, "bus_tau_mean": 3.7978, "bus_tau_std": 3.513, "bus_v_mean": 15.115, "bus_v_std": 10.3529, "car_acc": 1.076, "car_dcc": 2.5924, "car_lcAssertive": 52.8833, "car_lcCooperative": 0.5282, "car_lcLookaheadLeft": 54.0077, "car_lcPushy": 0.7408, "car_lcSigma": 0.55, "car_lcSpeedGainRight": 4.6027, "car_lcSublane": 0.2658, "car_sigma": 0.769, "car_tau_mean": 2.6704, "car_tau_std": 7.8249, "car_v_mean": 23.1176, "car_v_std": 4.9681}, "datetime": {"datetime": "2024-08-08 10:07:53", "elapsed": 753.525195, "delta": 0.611146}}
{"target": -0.3500874599837554, "params": {"bus_acc": 2.8318, "bus_dcc": 3.265, "bus_lcAssertive": 78.3623, "bus_lcCooperative": 0.5531, "bus_lcLookaheadLeft": 4.4898, "bus_lcPushy": 0.6044, "bus_lcSigma": 0.2645, "bus_lcSpeedGainRight": 1.1099, "bus_lcSublane": 0.0355, "bus_sigma": 0.1356, "bus_tau_mean": 2.1323, "bus_tau_std": 0.1175, "bus_v_mean": 12.9276, "bus_v_std": 13.7458, "car_acc": 1.8373, "car_dcc": 2.1477, "car_lcAssertive": 53.2897, "car_lcCooperative": 0.4496, "car_lcLookaheadLeft": 2.3154, "car_lcPushy": 0.6889, "car_lcSigma": 0.7181, "car_lcSpeedGainRight": 0.4967, "car_lcSublane": 0.5079, "car_sigma": 0.9319, "car_tau_mean": 1.3182, "car_tau_std": 1.7443, "car_v_mean": 19.9015, "car_v_std": 4.8712}, "datetime": {"datetime": "2024-08-08 10:07:53", "elapsed": 753.924606, "delta": 0.399411}}
{"target": -0.3368437008413205, "params": {"bus_acc": 2.881, "bus_dcc": 3.4775, "bus_lcAssertive": 70.9451, "bus_lcCooperative": 0.6889, "bus_lcLookaheadLeft": 93.5743, "bus_lcPushy": 0.2633, "bus_lcSigma": 0.368, "bus_lcSpeedGainRight": 1.6929, "bus_lcSublane": 0.0757, "bus_sigma": 0.3162, "bus_tau_mean": 1.0955, "bus_tau_std": 2.2501, "bus_v_mean": 12.2859, "bus_v_std": 9.5288, "car_acc": 2.8366, "car_dcc": 1.6894, "car_lcAssertive": 33.8162, "car_lcCooperative": 0.2697, "car_lcLookaheadLeft": 54.5363, "car_lcPushy": 0.8409, "car_lcSigma": 0.875, "car_lcSpeedGainRight": 3.5397, "car_lcSublane": 0.8222, "car_sigma": 0.9993, "car_tau_mean": 3.034, "car_tau_std": 1.2321, "car_v_mean": 19.0389, "car_v_std": 3.1505}, "datetime": {"datetime": "2024-08-08 10:07:56", "elapsed": 756.908866, "delta": 2.98426}}
{"target": -0.32789725902687916, "params": {"bus_acc": 2.4828, "bus_dcc": 1.426, "bus_lcAssertive": 36.4594, "bus_lcCooperative": 0.7907, "bus_lcLookaheadLeft": 26.8358, "bus_lcPushy": 0.9955, "bus_lcSigma": 0.4057, "bus_lcSpeedGainRight": 3.4435, "bus_lcSublane": 0.6252, "bus_sigma": 0.2952, "bus_tau_mean": 2.2417, "bus_tau_std": 5.411, "bus_v_mean": 15.8828, "bus_v_std": 8.0554, "car_acc": 2.3612, "car_dcc": 1.9821, "car_lcAssertive": 26.9979, "car_lcCooperative": 0.3367, "car_lcLookaheadLeft": 90.6742, "car_lcPushy": 0.5807, "car_lcSigma": 0.1581, "car_lcSpeedGainRight": 3.5722, "car_lcSublane": 0.1645, "car_sigma": 0.3282, "car_tau_mean": 3.4541, "car_tau_std": 3.4536, "car_v_mean": 12.2391, "car_v_std": 1.2395}, "datetime": {"datetime": "2024-08-08 10:08:00", "elapsed": 760.691267, "delta": 3.782401}}
{"target": -0.3793594842618914, "params": {"bus_acc": 1.7204, "bus_dcc": 2.0663, "bus_lcAssertive": 89.9617, "bus_lcCooperative": 0.2406, "bus_lcLookaheadLeft": 22.6795, "bus_lcPushy": 0.8108, "bus_lcSigma": 0.6159, "bus_lcSpeedGainRight": 0.9061, "bus_lcSublane": 0.1984, "bus_sigma": 0.7229, "bus_tau_mean": 2.5211, "bus_tau_std": 3.8707, "bus_v_mean": 17.4943, "bus_v_std": 8.8084, "car_acc": 2.2034, "car_dcc": 2.9808, "car_lcAssertive": 48.0169, "car_lcCooperative": 0.1351, "car_lcLookaheadLeft": 17.3296, "car_lcPushy": 0.0635, "car_lcSigma": 0.6809, "car_lcSpeedGainRight": 0.1949, "car_lcSublane": 0.6055, "car_sigma": 0.9296, "car_tau_mean": 1.5982, "car_tau_std": 4.6346, "car_v_mean": 19.1948, "car_v_std": 3.1614}, "datetime": {"datetime": "2024-08-08 10:08:02", "elapsed": 762.109055, "delta": 1.417788}}
{"target": -0.3026344099293732, "params": {"bus_acc": 2.1984, "bus_dcc": 2.9714, "bus_lcAssertive": 80.0714, "bus_lcCooperative": 0.7666, "bus_lcLookaheadLeft": 63.9104, "bus_lcPushy": 0.5859, "bus_lcSigma": 0.8564, "bus_lcSpeedGainRight": 0.6383, "bus_lcSublane": 0.5837, "bus_sigma": 0.251, "bus_tau_mean": 1.3662, "bus_tau_std": 3.9634, "bus_v_mean": 11.7229, "bus_v_std": 11.673, "car_acc": 1.1648, "car_dcc": 1.037, "car_lcAssertive": 9.5654, "car_lcCooperative": 0.5373, "car_lcLookaheadLeft": 95.344, "car_lcPushy": 0.676, "car_lcSigma": 0.4428, "car_lcSpeedGainRight": 0.4992, "car_lcSublane": 0.6175, "car_sigma": 0.1507, "car_tau_mean": 1.9463, "car_tau_std": 3.0354, "car_v_mean": 18.3836, "car_v_std": 5.8895}, "datetime": {"datetime": "2024-08-08 10:08:06", "elapsed": 766.14051, "delta": 4.031455}}
{"target": -0.3878782347030374, "params": {"bus_acc": 2.8197, "bus_dcc": 1.2834, "bus_lcAssertive": 64.419, "bus_lcCooperative": 0.0663, "bus_lcLookaheadLeft": 76.9822, "bus_lcPushy": 0.4357, "bus_lcSigma": 0.1228, "bus_lcSpeedGainRight": 4.0169, "bus_lcSublane": 0.0388, "bus_sigma": 0.1774, "bus_tau_mean": 1.428, "bus_tau_std": 1.6286, "bus_v_mean": 16.5659, "bus_v_std": 15.3955, "car_acc": 1.6134, "car_dcc": 3.9421, "car_lcAssertive": 46.9105, "car_lcCooperative": 0.0262, "car_lcLookaheadLeft": 89.4313, "car_lcPushy": 0.2753, "car_lcSigma": 0.7236, "car_lcSpeedGainRight": 2.7102, "car_lcSublane": 0.5436, "car_sigma": 0.001, "car_tau_mean": 0.6795, "car_tau_std": 3.6607, "car_v_mean": 19.3345, "car_v_std": 8.8662}, "datetime": {"datetime": "2024-08-08 10:08:06", "elapsed": 766.634058, "delta": 0.493548}}
{"target": -0.3088639447868965, "params": {"bus_acc": 2.3521, "bus_dcc": 1.7799, "bus_lcAssertive": 73.4944, "bus_lcCooperative": 0.3672, "bus_lcLookaheadLeft": 56.3244, "bus_lcPushy": 0.1373, "bus_lcSigma": 0.1256, "bus_lcSpeedGainRight": 0.6175, "bus_lcSublane": 0.5989, "bus_sigma": 0.9255, "bus_tau_mean": 3.2326, "bus_tau_std": 4.8202, "bus_v_mean": 17.5022, "bus_v_std": 12.3752, "car_acc": 2.6666, "car_dcc": 2.4185, "car_lcAssertive": 71.7068, "car_lcCooperative": 0.7058, "car_lcLookaheadLeft": 94.551, "car_lcPushy": 0.5322, "car_lcSigma": 0.1485, "car_lcSpeedGainRight": 1.2909, "car_lcSublane": 0.8129, "car_sigma": 0.8981, "car_tau_mean": 2.2797, "car_tau_std": 8.3493, "car_v_mean": 8.3252, "car_v_std": 12.6058}, "datetime": {"datetime": "2024-08-08 10:08:13", "elapsed": 773.917185, "delta": 7.283127}}
{"target": -0.3332164696816051, "params": {"bus_acc": 2.6676, "bus_dcc": 2.8451, "bus_lcAssertive": 38.9842, "bus_lcCooperative": 0.9289, "bus_lcLookaheadLeft": 14.399, "bus_lcPushy": 0.9287, "bus_lcSigma": 0.1525, "bus_lcSpeedGainRight": 2.492, "bus_lcSublane": 0.9232, "bus_sigma": 0.8428, "bus_tau_mean": 2.8655, "bus_tau_std": 5.4282, "bus_v_mean": 17.6099, "bus_v_std": 10.9317, "car_acc": 2.2616, "car_dcc": 1.4522, "car_lcAssertive": 55.8336, "car_lcCooperative": 0.3643, "car_lcLookaheadLeft": 35.2179, "car_lcPushy": 0.7722, "car_lcSigma": 0.8758, "car_lcSpeedGainRight": 3.9166, "car_lcSublane": 0.8096, "car_sigma": 0.6865, "car_tau_mean": 0.7638, "car_tau_std": 2.2945, "car_v_mean": 16.4673, "car_v_std": 19.2503}, "datetime": {"datetime": "2024-08-08 10:08:17", "elapsed": 777.045841, "delta": 3.128656}}
{"target": -0.36284442639438336, "params": {"bus_acc": 1.7575, "bus_dcc": 2.4682, "bus_lcAssertive": 31.6833, "bus_lcCooperative": 0.9366, "bus_lcLookaheadLeft": 47.9513, "bus_lcPushy": 0.1619, "bus_lcSigma": 0.3274, "bus_lcSpeedGainRight": 2.966, "bus_lcSublane": 0.8836, "bus_sigma": 0.3841, "bus_tau_mean": 1.6113, "bus_tau_std": 7.5194, "bus_v_mean": 13.1613, "bus_v_std": 15.5391, "car_acc": 2.7537, "car_dcc": 3.2846, "car_lcAssertive": 80.4996, "car_lcCooperative": 0.7717, "car_lcLookaheadLeft": 52.3349, "car_lcPushy": 0.7575, "car_lcSigma": 0.4535, "car_lcSpeedGainRight": 1.6362, "car_lcSublane": 0.9039, "car_sigma": 0.1374, "car_tau_mean": 1.8012, "car_tau_std": 4.6914, "car_v_mean": 8.1936, "car_v_std": 16.2515}, "datetime": {"datetime": "2024-08-08 10:08:24", "elapsed": 784.278005, "delta": 7.232164}}
{"target": -0.319964752162023, "params": {"bus_acc": 2.8916, "bus_dcc": 1.246, "bus_lcAssertive": 91.6331, "bus_lcCooperative": 0.6801, "bus_lcLookaheadLeft": 46.7086, "bus_lcPushy": 0.4563, "bus_lcSigma": 0.1372, "bus_lcSpeedGainRight": 1.1772, "bus_lcSublane": 0.8529, "bus_sigma": 0.1652, "bus_tau_mean": 1.0664, "bus_tau_std": 5.551, "bus_v_mean": 14.3108, "bus_v_std": 2.2346, "car_acc": 1.4586, "car_dcc": 1.5963, "car_lcAssertive": 14.6059, "car_lcCooperative": 0.5793, "car_lcLookaheadLeft": 21.0769, "car_lcPushy": 0.8858, "car_lcSigma": 0.7539, "car_lcSpeedGainRight": 2.9823, "car_lcSublane": 0.1875, "car_sigma": 0.1701, "car_tau_mean": 0.5794, "car_tau_std": 2.9453, "car_v_mean": 19.6699, "car_v_std": 13.2846}, "datetime": {"datetime": "2024-08-08 10:08:25", "elapsed": 785.00896, "delta": 0.730955}}
{"target": -0.3669202663515228, "params": {"bus_acc": 1.7747, "bus_dcc": 1.5365, "bus_lcAssertive": 21.4226, "bus_lcCooperative": 0.4785, "bus_lcLookaheadLeft": 96.0364, "bus_lcPushy": 0.7543, "bus_lcSigma": 0.1529, "bus_lcSpeedGainRight": 2.876, "bus_lcSublane": 0.2063, "bus_sigma": 0.7674, "bus_tau_mean": 0.8839, "bus_tau_std": 1.5087, "bus_v_mean": 17.5521, "bus_v_std": 17.5267, "car_acc": 1.9209, "car_dcc": 2.3595, "car_lcAssertive": 76.6484, "car_lcCooperative": 0.6312, "car_lcLookaheadLeft": 66.4161, "car_lcPushy": 0.6141, "car_lcSigma": 0.7854, "car_lcSpeedGainRight": 3.8588, "car_lcSublane": 0.768, "car_sigma": 0.3663, "car_tau_mean": 1.414, "car_tau_std": 6.4101, "car_v_mean": 16.8755, "car_v_std": 3.1902}, "datetime": {"datetime": "2024-08-08 10:08:27", "elapsed": 787.057509, "delta": 2.048549}}
{"target": -0.345828105390543, "params": {"bus_acc": 1.8881, "bus_dcc": 2.5478, "bus_lcAssertive": 58.1817, "bus_lcCooperative": 0.3701, "bus_lcLookaheadLeft": 51.9732, "bus_lcPushy": 0.9917, "bus_lcSigma": 0.1231, "bus_lcSpeedGainRight": 3.2102, "bus_lcSublane": 0.6631, "bus_sigma": 0.8608, "bus_tau_mean": 1.5936, "bus_tau_std": 3.5521, "bus_v_mean": 12.4855, "bus_v_std": 5.5396, "car_acc": 1.3139, "car_dcc": 1.8879, "car_lcAssertive": 70.0251, "car_lcCooperative": 0.8629, "car_lcLookaheadLeft": 82.0737, "car_lcPushy": 0.1058, "car_lcSigma": 0.2366, "car_lcSpeedGainRight": 0.6856, "car_lcSublane": 0.4995, "car_sigma": 0.9633, "car_tau_mean": 2.0425, "car_tau_std": 6.2732, "car_v_mean": 18.7498, "car_v_std": 15.3577}, "datetime": {"datetime": "2024-08-08 10:08:28", "elapsed": 788.324689, "delta": 1.26718}}
{"target": -0.3201553915694966, "params": {"bus_acc": 2.5186, "bus_dcc": 2.7625, "bus_lcAssertive": 99.6808, "bus_lcCooperative": 0.2784, "bus_lcLookaheadLeft": 71.9329, "bus_lcPushy": 0.3458, "bus_lcSigma": 0.8161, "bus_lcSpeedGainRight": 0.055, "bus_lcSublane": 0.4102, "bus_sigma": 0.1903, "bus_tau_mean": 1.5732, "bus_tau_std": 2.863, "bus_v_mean": 16.5978, "bus_v_std": 5.4405, "car_acc": 1.9431, "car_dcc": 3.7601, "car_lcAssertive": 59.4446, "car_lcCooperative": 0.709, "car_lcLookaheadLeft": 64.2606, "car_lcPushy": 0.9759, "car_lcSigma": 0.049, "car_lcSpeedGainRight": 2.115, "car_lcSublane": 0.2927, "car_sigma": 0.5824, "car_tau_mean": 2.223, "car_tau_std": 3.9399, "car_v_mean": 13.0656, "car_v_std": 14.6712}, "datetime": {"datetime": "2024-08-08 10:08:28", "elapsed": 788.937493, "delta": 0.612804}}
{"target": -0.3173228889899163, "params": {"bus_acc": 1.6145, "bus_dcc": 1.2348, "bus_lcAssertive": 8.5, "bus_lcCooperative": 0.9519, "bus_lcLookaheadLeft": 43.0427, "bus_lcPushy": 0.8446, "bus_lcSigma": 0.8899, "bus_lcSpeedGainRight": 4.9831, "bus_lcSublane": 0.9896, "bus_sigma": 0.0987, "bus_tau_mean": 2.3739, "bus_tau_std": 3.5949, "bus_v_mean": 19.7729, "bus_v_std": 17.1622, "car_acc": 2.33, "car_dcc": 3.4329, "car_lcAssertive": 24.0345, "car_lcCooperative": 0.2956, "car_lcLookaheadLeft": 36.6082, "car_lcPushy": 0.0418, "car_lcSigma": 0.4763, "car_lcSpeedGainRight": 4.2644, "car_lcSublane": 0.8533, "car_sigma": 0.1789, "car_tau_mean": 0.5542, "car_tau_std": 2.552, "car_v_mean": 13.4882, "car_v_std": 18.7237}, "datetime": {"datetime": "2024-08-08 10:08:33", "elapsed": 793.240292, "delta": 4.302799}}
{"target": -0.37309185599753203, "params": {"bus_acc": 2.271, "bus_dcc": 3.7523, "bus_lcAssertive": 87.5234, "bus_lcCooperative": 0.0136, "bus_lcLookaheadLeft": 75.5794, "bus_lcPushy": 0.3677, "bus_lcSigma": 0.3864, "bus_lcSpeedGainRight": 0.2265, "bus_lcSublane": 0.2869, "bus_sigma": 0.3983, "bus_tau_mean": 1.7364, "bus_tau_std": 6.5107, "bus_v_mean": 11.8073, "bus_v_std": 6.0232, "car_acc": 1.5149, "car_dcc": 2.764, "car_lcAssertive": 33.6242, "car_lcCooperative": 0.2037, "car_lcLookaheadLeft": 59.663, "car_lcPushy": 0.974, "car_lcSigma": 0.4113, "car_lcSpeedGainRight": 2.7495, "car_lcSublane": 0.3294, "car_sigma": 0.8852, "car_tau_mean": 2.2332, "car_tau_std": 4.2294, "car_v_mean": 13.5616, "car_v_std": 15.4172}, "datetime": {"datetime": "2024-08-08 10:08:33", "elapsed": 793.751624, "delta": 0.511332}}
{"target": -0.3258237951163032, "params": {"bus_acc": 1.5176, "bus_dcc": 1.4295, "bus_lcAssertive": 7.623, "bus_lcCooperative": 0.257, "bus_lcLookaheadLeft": 18.9947, "bus_lcPushy": 0.3731, "bus_lcSigma": 0.2809, "bus_lcSpeedGainRight": 0.4584, "bus_lcSublane": 0.579, "bus_sigma": 0.7421, "bus_tau_mean": 2.9797, "bus_tau_std": 4.394, "bus_v_mean": 9.5666, "bus_v_std": 16.7081, "car_acc": 2.8773, "car_dcc": 1.3692, "car_lcAssertive": 79.4166, "car_lcCooperative": 0.4341, "car_lcLookaheadLeft": 46.9074, "car_lcPushy": 0.8804, "car_lcSigma": 0.2694, "car_lcSpeedGainRight": 3.5941, "car_lcSublane": 0.863, "car_sigma": 0.6885, "car_tau_mean": 2.6388, "car_tau_std": 4.9004, "car_v_mean": 15.9019, "car_v_std": 12.5941}, "datetime": {"datetime": "2024-08-08 10:08:35", "elapsed": 795.560507, "delta": 1.808883}}
{"target": -0.42110041961911193, "params": {"bus_acc": 1.5345, "bus_dcc": 3.0608, "bus_lcAssertive": 91.9028, "bus_lcCooperative": 0.3473, "bus_lcLookaheadLeft": 73.5823, "bus_lcPushy": 0.2209, "bus_lcSigma": 0.0299, "bus_lcSpeedGainRight": 0.2992, "bus_lcSublane": 0.8813, "bus_sigma": 0.4364, "bus_tau_mean": 3.208, "bus_tau_std": 6.8017, "bus_v_mean": 21.8019, "bus_v_std": 5.1106, "car_acc": 1.0783, "car_dcc": 2.9061, "car_lcAssertive": 54.4304, "car_lcCooperative": 0.0199, "car_lcLookaheadLeft": 64.6818, "car_lcPushy": 0.3008, "car_lcSigma": 0.5413, "car_lcSpeedGainRight": 4.6543, "car_lcSublane": 0.0388, "car_sigma": 0.8764, "car_tau_mean": 3.6467, "car_tau_std": 7.7737, "car_v_mean": 10.2852, "car_v_std": 16.3684}, "datetime": {"datetime": "2024-08-08 10:08:36", "elapsed": 796.480658, "delta": 0.920151}}
{"target": -0.3234925775192327, "params": {"bus_acc": 1.2464, "bus_dcc": 3.1061, "bus_lcAssertive": 8.0412, "bus_lcCooperative": 0.0418, "bus_lcLookaheadLeft": 89.1391, "bus_lcPushy": 0.6791, "bus_lcSigma": 0.278, "bus_lcSpeedGainRight": 1.256, "bus_lcSublane": 0.0331, "bus_sigma": 0.9003, "bus_tau_mean": 2.6292, "bus_tau_std": 5.3135, "bus_v_mean": 15.5894, "bus_v_std": 9.9294, "car_acc": 2.1314, "car_dcc": 1.05, "car_lcAssertive": 6.4713, "car_lcCooperative": 0.745, "car_lcLookaheadLeft": 25.5188, "car_lcPushy": 0.1573, "car_lcSigma": 0.0481, "car_lcSpeedGainRight": 4.1675, "car_lcSublane": 0.4373, "car_sigma": 0.1936, "car_tau_mean": 0.8139, "car_tau_std": 7.9742, "car_v_mean": 15.9925, "car_v_std": 1.8405}, "datetime": {"datetime": "2024-08-08 10:08:37", "elapsed": 797.394194, "delta": 0.913536}}
{"target": -0.33070234937569654, "params": {"bus_acc": 1.1323, "bus_dcc": 2.1594, "bus_lcAssertive": 80.4503, "bus_lcCooperative": 0.6809, "bus_lcLookaheadLeft": 66.5406, "bus_lcPushy": 0.4446, "bus_lcSigma": 0.1191, "bus_lcSpeedGainRight": 1.3117, "bus_lcSublane": 0.1032, "bus_sigma": 0.4455, "bus_tau_mean": 1.825, "bus_tau_std": 8.9024, "bus_v_mean": 21.9436, "bus_v_std": 15.3861, "car_acc": 1.8483, "car_dcc": 3.7997, "car_lcAssertive": 27.361, "car_lcCooperative": 0.9466, "car_lcLookaheadLeft": 68.0383, "car_lcPushy": 0.9346, "car_lcSigma": 0.6165, "car_lcSpeedGainRight": 0.0131, "car_lcSublane": 0.1474, "car_sigma": 0.7758, "car_tau_mean": 3.5771, "car_tau_std": 4.0963, "car_v_mean": 20.8909, "car_v_std": 0.2304}, "datetime": {"datetime": "2024-08-08 10:08:38", "elapsed": 798.488193, "delta": 1.093999}}
{"target": -0.4035914933643913, "params": {"bus_acc": 2.2848, "bus_dcc": 3.9945, "bus_lcAssertive": 90.4729, "bus_lcCooperative": 0.543, "bus_lcLookaheadLeft": 79.6328, "bus_lcPushy": 0.4857, "bus_lcSigma": 0.2879, "bus_lcSpeedGainRight": 4.0936, "bus_lcSublane": 0.684, "bus_sigma": 0.0268, "bus_tau_mean": 3.2504, "bus_tau_std": 5.3917, "bus_v_mean": 19.3302, "bus_v_std": 11.8997, "car_acc": 1.0928, "car_dcc": 2.9946, "car_lcAssertive": 33.0829, "car_lcCooperative": 0.8433, "car_lcLookaheadLeft": 62.7241, "car_lcPushy": 0.6168, "car_lcSigma": 0.9661, "car_lcSpeedGainRight": 2.3023, "car_lcSublane": 0.3204, "car_sigma": 0.9215, "car_tau_mean": 2.0037, "car_tau_std": 2.1286, "car_v_mean": 16.4243, "car_v_std": 14.3674}, "datetime": {"datetime": "2024-08-08 10:08:42", "elapsed": 802.47552, "delta": 3.987327}}
{"target": -0.2950980159214379, "params": {"bus_acc": 1.0, "bus_dcc": 1.0, "bus_lcAssertive": 43.1253, "bus_lcCooperative": 1.0, "bus_lcLookaheadLeft": 29.4241, "bus_lcPushy": 0.0335, "bus_lcSigma": 0.8686, "bus_lcSpeedGainRight": 4.3877, "bus_lcSublane": 0.0643, "bus_sigma": 0.7395, "bus_tau_mean": 1.6813, "bus_tau_std": 5.0206, "bus_v_mean": 8.0914, "bus_v_std": 9.9438, "car_acc": 3.0, "car_dcc": 1.39, "car_lcAssertive": 42.2841, "car_lcCooperative": 0.0187, "car_lcLookaheadLeft": 70.3869, "car_lcPushy": 0.9349, "car_lcSigma": 0.091, "car_lcSpeedGainRight": 4.7806, "car_lcSublane": 0.1538, "car_sigma": 0.7171, "car_tau_mean": 2.5053, "car_tau_std": 2.7894, "car_v_mean": 9.3576, "car_v_std": 17.6825}, "datetime": {"datetime": "2024-08-08 10:08:44", "elapsed": 804.009484, "delta": 1.533964}}
{"target": -0.3383510339031537, "params": {"bus_acc": 1.7229, "bus_dcc": 1.0326, "bus_lcAssertive": 26.0766, "bus_lcCooperative": 0.0852, "bus_lcLookaheadLeft": 91.2493, "bus_lcPushy": 0.5593, "bus_lcSigma": 0.5288, "bus_lcSpeedGainRight": 0.4901, "bus_lcSublane": 0.7267, "bus_sigma": 0.9537, "bus_tau_mean": 2.4314, "bus_tau_std": 2.381, "bus_v_mean": 9.8297, "bus_v_std": 4.0686, "car_acc": 2.4252, "car_dcc": 3.46, "car_lcAssertive": 83.9141, "car_lcCooperative": 0.1556, "car_lcLookaheadLeft": 93.9475, "car_lcPushy": 0.7418, "car_lcSigma": 0.4812, "car_lcSpeedGainRight": 3.7494, "car_lcSublane": 0.9529, "car_sigma": 0.781, "car_tau_mean": 2.249, "car_tau_std": 8.06, "car_v_mean": 20.039, "car_v_std": 3.0757}, "datetime": {"datetime": "2024-08-08 10:08:47", "elapsed": 807.596615, "delta": 3.587131}}
