{"target": -0.3596812927716017, "params": {"bus_acc": 2.1747, "bus_dcc": 2.6211, "bus_lcAssertive": 20.8272, "bus_lcCooperative": 0.2296, "bus_lcLookaheadLeft": 42.6547, "bus_lcPushy": 0.2555, "bus_lcSigma": 0.6945, "bus_lcSpeedGainRight": 0.3209, "bus_lcSublane": 0.4399, "bus_sigma": 0.0606, "bus_tau_mean": 3.9057, "bus_tau_std": 6.0925, "bus_v_mean": 10.3097, "bus_v_std": 8.0398, "car_acc": 2.1677, "car_dcc": 2.9507, "car_lcAssertive": 58.816, "car_lcCooperative": 0.6696, "car_lcLookaheadLeft": 67.9586, "car_lcPushy": 0.2354, "car_lcSigma": 0.9899, "car_lcSpeedGainRight": 4.0491, "car_lcSublane": 0.604, "car_sigma": 0.8232, "car_tau_mean": 1.0658, "car_tau_std": 2.9923, "car_v_mean": 8.6937, "car_v_std": 6.9692}, "datetime": {"datetime": "2024-08-08 10:56:22", "elapsed": 3662.593695, "delta": 4.529329}}
{"target": -0.3203617244274281, "params": {"bus_acc": 1.6991, "bus_dcc": 1.0223, "bus_lcAssertive": 94.6115, "bus_lcCooperative": 0.0232, "bus_lcLookaheadLeft": 75.7893, "bus_lcPushy": 0.6608, "bus_lcSigma": 0.7474, "bus_lcSpeedGainRight": 4.1347, "bus_lcSublane": 0.0839, "bus_sigma": 0.8234, "bus_tau_mean": 2.3795, "bus_tau_std": 5.8593, "bus_v_mean": 13.1424, "bus_v_std": 7.5781, "car_acc": 2.0311, "car_dcc": 1.0561, "car_lcAssertive": 82.2857, "car_lcCooperative": 0.8674, "car_lcLookaheadLeft": 9.0065, "car_lcPushy": 0.9214, "car_lcSigma": 0.5188, "car_lcSpeedGainRight": 1.2483, "car_lcSublane": 0.1134, "car_sigma": 0.7947, "car_tau_mean": 2.3162, "car_tau_std": 2.9254, "car_v_mean": 11.3332, "car_v_std": 17.3344}, "datetime": {"datetime": "2024-08-08 10:56:28", "elapsed": 3668.078597, "delta": 5.484902}}
{"target": -0.3242253076931414, "params": {"bus_acc": 1.7286, "bus_dcc": 3.249, "bus_lcAssertive": 81.969, "bus_lcCooperative": 0.0338, "bus_lcLookaheadLeft": 89.1422, "bus_lcPushy": 0.5688, "bus_lcSigma": 0.6869, "bus_lcSpeedGainRight": 2.162, "bus_lcSublane": 0.1469, "bus_sigma": 0.0358, "bus_tau_mean": 2.9223, "bus_tau_std": 5.2448, "bus_v_mean": 9.0388, "bus_v_std": 13.539, "car_acc": 2.725, "car_dcc": 1.7085, "car_lcAssertive": 64.0596, "car_lcCooperative": 0.1109, "car_lcLookaheadLeft": 98.9791, "car_lcPushy": 0.4376, "car_lcSigma": 0.1756, "car_lcSpeedGainRight": 2.0599, "car_lcSublane": 0.0731, "car_sigma": 0.7232, "car_tau_mean": 0.5231, "car_tau_std": 9.6606, "car_v_mean": 16.6048, "car_v_std": 10.2244}, "datetime": {"datetime": "2024-08-08 10:56:32", "elapsed": 3672.981799, "delta": 4.903202}}
{"target": -0.386753756958623, "params": {"bus_acc": 2.8751, "bus_dcc": 2.8897, "bus_lcAssertive": 40.0467, "bus_lcCooperative": 0.3744, "bus_lcLookaheadLeft": 25.8474, "bus_lcPushy": 0.9584, "bus_lcSigma": 0.1194, "bus_lcSpeedGainRight": 2.5384, "bus_lcSublane": 0.5391, "bus_sigma": 0.1196, "bus_tau_mean": 0.5682, "bus_tau_std": 1.3647, "bus_v_mean": 14.7033, "bus_v_std": 8.2287, "car_acc": 2.8034, "car_dcc": 2.736, "car_lcAssertive": 13.6106, "car_lcCooperative": 0.0868, "car_lcLookaheadLeft": 6.6177, "car_lcPushy": 0.9393, "car_lcSigma": 0.342, "car_lcSpeedGainRight": 2.4613, "car_lcSublane": 0.6011, "car_sigma": 0.7809, "car_tau_mean": 3.6292, "car_tau_std": 7.0174, "car_v_mean": 11.2588, "car_v_std": 18.6217}, "datetime": {"datetime": "2024-08-08 10:56:43", "elapsed": 3683.660158, "delta": 10.678359}}
{"target": -0.3800019467392748, "params": {"bus_acc": 1.0532, "bus_dcc": 3.2049, "bus_lcAssertive": 72.7633, "bus_lcCooperative": 0.0256, "bus_lcLookaheadLeft": 48.5884, "bus_lcPushy": 0.0076, "bus_lcSigma": 0.095, "bus_lcSpeedGainRight": 2.1491, "bus_lcSublane": 0.2167, "bus_sigma": 0.636, "bus_tau_mean": 2.0253, "bus_tau_std": 6.44, "bus_v_mean": 23.7754, "bus_v_std": 7.1859, "car_acc": 2.9425, "car_dcc": 2.155, "car_lcAssertive": 92.9305, "car_lcCooperative": 0.4986, "car_lcLookaheadLeft": 70.3136, "car_lcPushy": 0.4388, "car_lcSigma": 0.9063, "car_lcSpeedGainRight": 1.4926, "car_lcSublane": 0.9677, "car_sigma": 0.0416, "car_tau_mean": 1.1942, "car_tau_std": 4.9053, "car_v_mean": 19.9159, "car_v_std": 17.7474}, "datetime": {"datetime": "2024-08-08 10:56:54", "elapsed": 3694.80605, "delta": 11.145892}}
{"target": -0.34775422654318344, "params": {"bus_acc": 2.706, "bus_dcc": 3.2063, "bus_lcAssertive": 62.7942, "bus_lcCooperative": 0.874, "bus_lcLookaheadLeft": 20.7596, "bus_lcPushy": 0.9658, "bus_lcSigma": 0.8078, "bus_lcSpeedGainRight": 4.0049, "bus_lcSublane": 0.4665, "bus_sigma": 0.9942, "bus_tau_mean": 3.973, "bus_tau_std": 8.9851, "bus_v_mean": 20.1032, "bus_v_std": 18.0734, "car_acc": 2.2743, "car_dcc": 2.5482, "car_lcAssertive": 98.0141, "car_lcCooperative": 0.9711, "car_lcLookaheadLeft": 8.5497, "car_lcPushy": 0.3005, "car_lcSigma": 0.6184, "car_lcSpeedGainRight": 4.2356, "car_lcSublane": 0.6358, "car_sigma": 0.6021, "car_tau_mean": 1.3386, "car_tau_std": 7.4782, "car_v_mean": 20.6913, "car_v_std": 10.8344}, "datetime": {"datetime": "2024-08-08 10:57:05", "elapsed": 3705.912819, "delta": 11.106769}}
{"target": -0.3399834674655769, "params": {"bus_acc": 2.3907, "bus_dcc": 3.0711, "bus_lcAssertive": 83.1607, "bus_lcCooperative": 0.1216, "bus_lcLookaheadLeft": 97.0828, "bus_lcPushy": 0.9388, "bus_lcSigma": 0.6871, "bus_lcSpeedGainRight": 3.871, "bus_lcSublane": 0.7942, "bus_sigma": 0.3102, "bus_tau_mean": 3.5011, "bus_tau_std": 9.1013, "bus_v_mean": 13.4724, "bus_v_std": 18.3192, "car_acc": 2.0375, "car_dcc": 2.9562, "car_lcAssertive": 6.8215, "car_lcCooperative": 0.2654, "car_lcLookaheadLeft": 47.6135, "car_lcPushy": 0.3208, "car_lcSigma": 0.3763, "car_lcSpeedGainRight": 0.506, "car_lcSublane": 0.6766, "car_sigma": 0.1142, "car_tau_mean": 3.9654, "car_tau_std": 5.4273, "car_v_mean": 23.2303, "car_v_std": 10.7181}, "datetime": {"datetime": "2024-08-08 10:57:15", "elapsed": 3715.440228, "delta": 9.527409}}
{"target": -0.3294937192209033, "params": {"bus_acc": 2.6911, "bus_dcc": 2.3905, "bus_lcAssertive": 73.8808, "bus_lcCooperative": 0.8384, "bus_lcLookaheadLeft": 73.9345, "bus_lcPushy": 0.3311, "bus_lcSigma": 0.8189, "bus_lcSpeedGainRight": 3.8383, "bus_lcSublane": 0.3975, "bus_sigma": 0.2945, "bus_tau_mean": 0.5526, "bus_tau_std": 4.2577, "bus_v_mean": 18.9954, "bus_v_std": 10.3717, "car_acc": 2.7793, "car_dcc": 2.8959, "car_lcAssertive": 79.2761, "car_lcCooperative": 0.1127, "car_lcLookaheadLeft": 48.498, "car_lcPushy": 0.7541, "car_lcSigma": 0.3522, "car_lcSpeedGainRight": 2.5109, "car_lcSublane": 0.6501, "car_sigma": 0.3306, "car_tau_mean": 0.9619, "car_tau_std": 5.8911, "car_v_mean": 14.1549, "car_v_std": 17.6211}, "datetime": {"datetime": "2024-08-08 10:57:22", "elapsed": 3722.475072, "delta": 7.034844}}
{"target": -0.3520821620143984, "params": {"bus_acc": 2.3599, "bus_dcc": 1.2812, "bus_lcAssertive": 63.9018, "bus_lcCooperative": 0.5983, "bus_lcLookaheadLeft": 80.0407, "bus_lcPushy": 0.8163, "bus_lcSigma": 0.5868, "bus_lcSpeedGainRight": 2.6759, "bus_lcSublane": 0.515, "bus_sigma": 0.9461, "bus_tau_mean": 3.2972, "bus_tau_std": 7.5922, "bus_v_mean": 18.6627, "bus_v_std": 16.0281, "car_acc": 2.0385, "car_dcc": 2.007, "car_lcAssertive": 67.9098, "car_lcCooperative": 0.4912, "car_lcLookaheadLeft": 4.296, "car_lcPushy": 0.5071, "car_lcSigma": 0.0118, "car_lcSpeedGainRight": 1.7508, "car_lcSublane": 0.0724, "car_sigma": 0.4757, "car_tau_mean": 2.2853, "car_tau_std": 4.0502, "car_v_mean": 8.9466, "car_v_std": 18.5955}, "datetime": {"datetime": "2024-08-08 10:57:28", "elapsed": 3728.141053, "delta": 5.665981}}
{"target": -0.39739313412775157, "params": {"bus_acc": 2.1099, "bus_dcc": 1.5322, "bus_lcAssertive": 64.0949, "bus_lcCooperative": 0.9419, "bus_lcLookaheadLeft": 51.6711, "bus_lcPushy": 0.0434, "bus_lcSigma": 0.3172, "bus_lcSpeedGainRight": 3.2668, "bus_lcSublane": 0.2447, "bus_sigma": 0.5803, "bus_tau_mean": 2.9062, "bus_tau_std": 8.7108, "bus_v_mean": 20.296, "bus_v_std": 7.7203, "car_acc": 2.3604, "car_dcc": 1.7448, "car_lcAssertive": 15.6883, "car_lcCooperative": 0.6847, "car_lcLookaheadLeft": 45.9631, "car_lcPushy": 0.5254, "car_lcSigma": 0.6174, "car_lcSpeedGainRight": 4.5309, "car_lcSublane": 0.5483, "car_sigma": 0.2343, "car_tau_mean": 2.3634, "car_tau_std": 8.2473, "car_v_mean": 8.82, "car_v_std": 5.3481}, "datetime": {"datetime": "2024-08-08 10:57:36", "elapsed": 3736.805599, "delta": 8.664546}}
{"target": -0.3335246284848732, "params": {"bus_acc": 2.2, "bus_dcc": 3.8378, "bus_lcAssertive": 25.9486, "bus_lcCooperative": 0.6287, "bus_lcLookaheadLeft": 72.913, "bus_lcPushy": 0.9558, "bus_lcSigma": 0.4066, "bus_lcSpeedGainRight": 1.1193, "bus_lcSublane": 0.4848, "bus_sigma": 0.9092, "bus_tau_mean": 0.5588, "bus_tau_std": 3.0427, "bus_v_mean": 9.0409, "bus_v_std": 0.8894, "car_acc": 2.3033, "car_dcc": 3.5312, "car_lcAssertive": 3.6136, "car_lcCooperative": 0.4635, "car_lcLookaheadLeft": 53.7114, "car_lcPushy": 0.2578, "car_lcSigma": 0.9311, "car_lcSpeedGainRight": 3.9506, "car_lcSublane": 0.6815, "car_sigma": 0.8741, "car_tau_mean": 2.1946, "car_tau_std": 9.7904, "car_v_mean": 19.6657, "car_v_std": 11.0251}, "datetime": {"datetime": "2024-08-08 10:57:42", "elapsed": 3742.760138, "delta": 5.954539}}
{"target": -0.4054618920507534, "params": {"bus_acc": 2.5522, "bus_dcc": 1.6689, "bus_lcAssertive": 93.0858, "bus_lcCooperative": 0.378, "bus_lcLookaheadLeft": 63.2648, "bus_lcPushy": 0.5156, "bus_lcSigma": 0.4708, "bus_lcSpeedGainRight": 0.5051, "bus_lcSublane": 0.936, "bus_sigma": 0.4487, "bus_tau_mean": 1.2789, "bus_tau_std": 5.2893, "bus_v_mean": 10.3149, "bus_v_std": 2.5428, "car_acc": 2.3577, "car_dcc": 3.5142, "car_lcAssertive": 81.4836, "car_lcCooperative": 0.122, "car_lcLookaheadLeft": 10.8076, "car_lcPushy": 0.0708, "car_lcSigma": 0.9977, "car_lcSpeedGainRight": 1.6232, "car_lcSublane": 0.8287, "car_sigma": 0.9053, "car_tau_mean": 2.0547, "car_tau_std": 7.2688, "car_v_mean": 11.0095, "car_v_std": 8.7429}, "datetime": {"datetime": "2024-08-08 10:57:50", "elapsed": 3750.317706, "delta": 7.557568}}
{"target": -0.3846210100965899, "params": {"bus_acc": 1.264, "bus_dcc": 3.757, "bus_lcAssertive": 56.7116, "bus_lcCooperative": 0.4654, "bus_lcLookaheadLeft": 14.7975, "bus_lcPushy": 0.5982, "bus_lcSigma": 0.0344, "bus_lcSpeedGainRight": 1.6603, "bus_lcSublane": 0.601, "bus_sigma": 0.1427, "bus_tau_mean": 2.5177, "bus_tau_std": 3.6646, "bus_v_mean": 16.8471, "bus_v_std": 12.4581, "car_acc": 1.6617, "car_dcc": 3.0518, "car_lcAssertive": 33.0908, "car_lcCooperative": 0.9359, "car_lcLookaheadLeft": 77.1414, "car_lcPushy": 0.1453, "car_lcSigma": 0.2057, "car_lcSpeedGainRight": 0.3249, "car_lcSublane": 0.9137, "car_sigma": 0.1284, "car_tau_mean": 1.5535, "car_tau_std": 4.9349, "car_v_mean": 9.7909, "car_v_std": 3.0568}, "datetime": {"datetime": "2024-08-08 10:57:54", "elapsed": 3754.677141, "delta": 4.359435}}
{"target": -0.35122408443885855, "params": {"bus_acc": 1.8232, "bus_dcc": 3.3846, "bus_lcAssertive": 21.6341, "bus_lcCooperative": 0.0745, "bus_lcLookaheadLeft": 11.8538, "bus_lcPushy": 0.32, "bus_lcSigma": 0.4992, "bus_lcSpeedGainRight": 3.1806, "bus_lcSublane": 0.8422, "bus_sigma": 0.1367, "bus_tau_mean": 2.8735, "bus_tau_std": 1.1351, "bus_v_mean": 21.1785, "bus_v_std": 16.6619, "car_acc": 1.8573, "car_dcc": 2.803, "car_lcAssertive": 18.4549, "car_lcCooperative": 0.8141, "car_lcLookaheadLeft": 51.0752, "car_lcPushy": 0.0772, "car_lcSigma": 0.5647, "car_lcSpeedGainRight": 4.9801, "car_lcSublane": 0.9548, "car_sigma": 0.598, "car_tau_mean": 0.5234, "car_tau_std": 5.0315, "car_v_mean": 21.5788, "car_v_std": 8.1341}, "datetime": {"datetime": "2024-08-08 10:58:00", "elapsed": 3760.840105, "delta": 6.162964}}
{"target": -0.3586540055149421, "params": {"bus_acc": 2.2763, "bus_dcc": 2.5105, "bus_lcAssertive": 42.2308, "bus_lcCooperative": 0.6759, "bus_lcLookaheadLeft": 12.5673, "bus_lcPushy": 0.8383, "bus_lcSigma": 0.3666, "bus_lcSpeedGainRight": 3.7036, "bus_lcSublane": 0.8584, "bus_sigma": 0.2434, "bus_tau_mean": 1.1348, "bus_tau_std": 8.5512, "bus_v_mean": 22.8036, "bus_v_std": 10.5331, "car_acc": 2.7656, "car_dcc": 1.7378, "car_lcAssertive": 73.9909, "car_lcCooperative": 0.3139, "car_lcLookaheadLeft": 98.2744, "car_lcPushy": 0.4737, "car_lcSigma": 0.4163, "car_lcSpeedGainRight": 4.8604, "car_lcSublane": 0.677, "car_sigma": 0.2316, "car_tau_mean": 1.0479, "car_tau_std": 4.6638, "car_v_mean": 11.7212, "car_v_std": 14.4788}, "datetime": {"datetime": "2024-08-08 10:58:08", "elapsed": 3768.504903, "delta": 7.664798}}
{"target": -0.3748527942925467, "params": {"bus_acc": 2.6088, "bus_dcc": 1.2151, "bus_lcAssertive": 83.6532, "bus_lcCooperative": 0.6155, "bus_lcLookaheadLeft": 61.2367, "bus_lcPushy": 0.8774, "bus_lcSigma": 0.34, "bus_lcSpeedGainRight": 3.7769, "bus_lcSublane": 0.3088, "bus_sigma": 0.1336, "bus_tau_mean": 1.1998, "bus_tau_std": 7.9352, "bus_v_mean": 23.5853, "bus_v_std": 6.2921, "car_acc": 2.4244, "car_dcc": 2.4762, "car_lcAssertive": 44.9331, "car_lcCooperative": 0.1015, "car_lcLookaheadLeft": 96.1085, "car_lcPushy": 0.1126, "car_lcSigma": 0.3527, "car_lcSpeedGainRight": 3.0855, "car_lcSublane": 0.0657, "car_sigma": 0.8771, "car_tau_mean": 3.9866, "car_tau_std": 7.1889, "car_v_mean": 8.0086, "car_v_std": 0.8486}, "datetime": {"datetime": "2024-08-08 10:58:14", "elapsed": 3774.410394, "delta": 5.905491}}
{"target": -0.3158701190855001, "params": {"bus_acc": 1.8989, "bus_dcc": 2.9549, "bus_lcAssertive": 23.9996, "bus_lcCooperative": 0.1384, "bus_lcLookaheadLeft": 19.3619, "bus_lcPushy": 0.8959, "bus_lcSigma": 0.8633, "bus_lcSpeedGainRight": 4.9454, "bus_lcSublane": 0.2558, "bus_sigma": 0.7417, "bus_tau_mean": 2.2691, "bus_tau_std": 1.2965, "bus_v_mean": 16.2724, "bus_v_std": 13.1855, "car_acc": 2.5756, "car_dcc": 1.1437, "car_lcAssertive": 88.7697, "car_lcCooperative": 0.3379, "car_lcLookaheadLeft": 6.3377, "car_lcPushy": 0.7679, "car_lcSigma": 0.4475, "car_lcSpeedGainRight": 3.6541, "car_lcSublane": 0.3132, "car_sigma": 0.4714, "car_tau_mean": 1.2949, "car_tau_std": 8.1444, "car_v_mean": 9.8167, "car_v_std": 17.3312}, "datetime": {"datetime": "2024-08-08 10:58:18", "elapsed": 3778.731401, "delta": 4.321007}}
{"target": -0.3482921846127514, "params": {"bus_acc": 1.5969, "bus_dcc": 2.0786, "bus_lcAssertive": 69.3582, "bus_lcCooperative": 0.9642, "bus_lcLookaheadLeft": 71.5232, "bus_lcPushy": 0.4838, "bus_lcSigma": 0.4171, "bus_lcSpeedGainRight": 1.1881, "bus_lcSublane": 0.8199, "bus_sigma": 0.8433, "bus_tau_mean": 3.0984, "bus_tau_std": 3.5989, "bus_v_mean": 11.8431, "bus_v_std": 6.1919, "car_acc": 1.8574, "car_dcc": 1.533, "car_lcAssertive": 13.6417, "car_lcCooperative": 0.5704, "car_lcLookaheadLeft": 84.2434, "car_lcPushy": 0.5755, "car_lcSigma": 0.4394, "car_lcSpeedGainRight": 3.1426, "car_lcSublane": 0.3488, "car_sigma": 0.5073, "car_tau_mean": 2.0471, "car_tau_std": 6.8891, "car_v_mean": 15.0387, "car_v_std": 4.7198}, "datetime": {"datetime": "2024-08-08 10:58:23", "elapsed": 3783.753044, "delta": 5.021643}}
{"target": -0.362013011925043, "params": {"bus_acc": 2.7217, "bus_dcc": 1.7866, "bus_lcAssertive": 9.6105, "bus_lcCooperative": 0.8478, "bus_lcLookaheadLeft": 31.9602, "bus_lcPushy": 0.6619, "bus_lcSigma": 0.7674, "bus_lcSpeedGainRight": 3.8156, "bus_lcSublane": 0.9063, "bus_sigma": 0.3278, "bus_tau_mean": 3.6964, "bus_tau_std": 7.9849, "bus_v_mean": 23.7353, "bus_v_std": 3.3494, "car_acc": 2.1942, "car_dcc": 1.1733, "car_lcAssertive": 19.7526, "car_lcCooperative": 0.1002, "car_lcLookaheadLeft": 9.1013, "car_lcPushy": 0.7539, "car_lcSigma": 0.4534, "car_lcSpeedGainRight": 3.5765, "car_lcSublane": 0.5396, "car_sigma": 0.9582, "car_tau_mean": 3.2654, "car_tau_std": 0.0001, "car_v_mean": 20.0527, "car_v_std": 5.0695}, "datetime": {"datetime": "2024-08-08 10:58:31", "elapsed": 3791.106345, "delta": 7.353301}}
{"target": -0.37631314008444783, "params": {"bus_acc": 1.2095, "bus_dcc": 2.7246, "bus_lcAssertive": 5.5285, "bus_lcCooperative": 0.6216, "bus_lcLookaheadLeft": 23.6263, "bus_lcPushy": 0.1331, "bus_lcSigma": 0.9062, "bus_lcSpeedGainRight": 0.3403, "bus_lcSublane": 0.8989, "bus_sigma": 0.184, "bus_tau_mean": 2.8893, "bus_tau_std": 5.5225, "bus_v_mean": 17.8182, "bus_v_std": 7.2461, "car_acc": 1.5104, "car_dcc": 2.1127, "car_lcAssertive": 34.2895, "car_lcCooperative": 0.1388, "car_lcLookaheadLeft": 56.1535, "car_lcPushy": 0.8802, "car_lcSigma": 0.6215, "car_lcSpeedGainRight": 4.5688, "car_lcSublane": 0.1948, "car_sigma": 0.9049, "car_tau_mean": 1.5218, "car_tau_std": 0.3494, "car_v_mean": 23.2043, "car_v_std": 17.6581}, "datetime": {"datetime": "2024-08-08 10:58:39", "elapsed": 3799.700875, "delta": 8.59453}}
{"target": -0.3319910429236448, "params": {"bus_acc": 1.1177, "bus_dcc": 1.1842, "bus_lcAssertive": 89.6466, "bus_lcCooperative": 0.5988, "bus_lcLookaheadLeft": 63.9342, "bus_lcPushy": 0.9726, "bus_lcSigma": 0.7979, "bus_lcSpeedGainRight": 1.6858, "bus_lcSublane": 0.1819, "bus_sigma": 0.5693, "bus_tau_mean": 2.0959, "bus_tau_std": 4.2408, "bus_v_mean": 17.8121, "bus_v_std": 8.4314, "car_acc": 2.5224, "car_dcc": 2.489, "car_lcAssertive": 55.3788, "car_lcCooperative": 0.8157, "car_lcLookaheadLeft": 15.6793, "car_lcPushy": 0.8465, "car_lcSigma": 0.922, "car_lcSpeedGainRight": 4.7715, "car_lcSublane": 0.8843, "car_sigma": 0.0012, "car_tau_mean": 1.568, "car_tau_std": 3.4197, "car_v_mean": 23.6239, "car_v_std": 14.1625}, "datetime": {"datetime": "2024-08-08 10:58:43", "elapsed": 3803.8838, "delta": 4.182925}}
{"target": -0.40179911178895056, "params": {"bus_acc": 1.4616, "bus_dcc": 3.9022, "bus_lcAssertive": 93.9313, "bus_lcCooperative": 0.9481, "bus_lcLookaheadLeft": 77.3468, "bus_lcPushy": 0.1314, "bus_lcSigma": 0.1871, "bus_lcSpeedGainRight": 3.3475, "bus_lcSublane": 0.9704, "bus_sigma": 0.0821, "bus_tau_mean": 1.348, "bus_tau_std": 9.6289, "bus_v_mean": 15.6625, "bus_v_std": 15.314, "car_acc": 1.8173, "car_dcc": 2.4079, "car_lcAssertive": 27.302, "car_lcCooperative": 0.0865, "car_lcLookaheadLeft": 82.7447, "car_lcPushy": 0.3885, "car_lcSigma": 0.2293, "car_lcSpeedGainRight": 2.7185, "car_lcSublane": 0.8797, "car_sigma": 0.0972, "car_tau_mean": 2.0686, "car_tau_std": 6.5391, "car_v_mean": 23.254, "car_v_std": 15.0905}, "datetime": {"datetime": "2024-08-08 10:58:49", "elapsed": 3809.456425, "delta": 5.572625}}
{"target": -0.37769640759075634, "params": {"bus_acc": 2.8399, "bus_dcc": 1.2356, "bus_lcAssertive": 1.1897, "bus_lcCooperative": 0.0063, "bus_lcLookaheadLeft": 25.1444, "bus_lcPushy": 0.3797, "bus_lcSigma": 0.327, "bus_lcSpeedGainRight": 4.9536, "bus_lcSublane": 0.2396, "bus_sigma": 0.2625, "bus_tau_mean": 3.221, "bus_tau_std": 0.9992, "bus_v_mean": 18.5754, "bus_v_std": 8.9295, "car_acc": 1.3921, "car_dcc": 3.441, "car_lcAssertive": 12.1167, "car_lcCooperative": 0.4064, "car_lcLookaheadLeft": 98.9183, "car_lcPushy": 0.8503, "car_lcSigma": 0.6974, "car_lcSpeedGainRight": 1.9614, "car_lcSublane": 0.8867, "car_sigma": 0.2703, "car_tau_mean": 3.4752, "car_tau_std": 2.3295, "car_v_mean": 18.6696, "car_v_std": 16.0866}, "datetime": {"datetime": "2024-08-08 10:58:54", "elapsed": 3814.904494, "delta": 5.448069}}
{"target": -0.36672038291556364, "params": {"bus_acc": 1.4606, "bus_dcc": 1.8568, "bus_lcAssertive": 83.2206, "bus_lcCooperative": 0.5637, "bus_lcLookaheadLeft": 33.7385, "bus_lcPushy": 0.3899, "bus_lcSigma": 0.2288, "bus_lcSpeedGainRight": 0.3665, "bus_lcSublane": 0.6735, "bus_sigma": 0.6458, "bus_tau_mean": 2.5897, "bus_tau_std": 8.2195, "bus_v_mean": 15.8682, "bus_v_std": 6.5937, "car_acc": 1.6848, "car_dcc": 1.0293, "car_lcAssertive": 9.8993, "car_lcCooperative": 0.4042, "car_lcLookaheadLeft": 7.4194, "car_lcPushy": 0.8993, "car_lcSigma": 0.0943, "car_lcSpeedGainRight": 2.912, "car_lcSublane": 0.7351, "car_sigma": 0.8908, "car_tau_mean": 3.0596, "car_tau_std": 4.1721, "car_v_mean": 20.7272, "car_v_std": 2.917}, "datetime": {"datetime": "2024-08-08 10:59:01", "elapsed": 3821.686488, "delta": 6.781994}}
{"target": -0.35656588891359575, "params": {"bus_acc": 1.1731, "bus_dcc": 3.1899, "bus_lcAssertive": 29.3675, "bus_lcCooperative": 0.7979, "bus_lcLookaheadLeft": 62.27, "bus_lcPushy": 0.2382, "bus_lcSigma": 0.5319, "bus_lcSpeedGainRight": 4.4678, "bus_lcSublane": 0.748, "bus_sigma": 0.9748, "bus_tau_mean": 2.0723, "bus_tau_std": 8.1838, "bus_v_mean": 15.126, "bus_v_std": 8.1205, "car_acc": 1.9093, "car_dcc": 2.4916, "car_lcAssertive": 70.3286, "car_lcCooperative": 0.2138, "car_lcLookaheadLeft": 45.3647, "car_lcPushy": 0.6091, "car_lcSigma": 0.2535, "car_lcSpeedGainRight": 1.5959, "car_lcSublane": 0.1586, "car_sigma": 0.0205, "car_tau_mean": 3.0942, "car_tau_std": 3.1936, "car_v_mean": 23.3333, "car_v_std": 7.1667}, "datetime": {"datetime": "2024-08-08 10:59:04", "elapsed": 3824.471156, "delta": 2.784668}}
{"target": -0.3194445140155535, "params": {"bus_acc": 2.4137, "bus_dcc": 1.6191, "bus_lcAssertive": 93.3171, "bus_lcCooperative": 0.2573, "bus_lcLookaheadLeft": 69.1489, "bus_lcPushy": 0.4718, "bus_lcSigma": 0.8134, "bus_lcSpeedGainRight": 0.4997, "bus_lcSublane": 0.1443, "bus_sigma": 0.326, "bus_tau_mean": 3.2876, "bus_tau_std": 1.7706, "bus_v_mean": 19.3072, "bus_v_std": 15.9394, "car_acc": 2.5599, "car_dcc": 1.3017, "car_lcAssertive": 70.2035, "car_lcCooperative": 0.0809, "car_lcLookaheadLeft": 33.0313, "car_lcPushy": 0.5023, "car_lcSigma": 0.0904, "car_lcSpeedGainRight": 3.479, "car_lcSublane": 0.7564, "car_sigma": 0.7166, "car_tau_mean": 3.2309, "car_tau_std": 4.4802, "car_v_mean": 12.9813, "car_v_std": 15.7229}, "datetime": {"datetime": "2024-08-08 10:59:06", "elapsed": 3826.965857, "delta": 2.494701}}
