{"target": -0.3542218521571905, "params": {"bus_acc": 2.6169, "bus_dcc": 3.3245, "bus_lcAssertive": 82.045, "bus_lcCooperative": 0.4899, "bus_lcLookaheadLeft": 42.4741, "bus_lcPushy": 0.9859, "bus_lcSigma": 0.2573, "bus_lcSpeedGainRight": 2.5608, "bus_lcSublane": 0.9199, "bus_sigma": 0.5817, "bus_tau_mean": 3.8568, "bus_tau_std": 3.4968, "bus_v_mean": 12.5772, "bus_v_std": 0.0397, "car_acc": 2.5278, "car_dcc": 2.4065, "car_lcAssertive": 36.1649, "car_lcCooperative": 0.3744, "car_lcLookaheadLeft": 45.6146, "car_lcPushy": 0.0161, "car_lcSigma": 0.5265, "car_lcSpeedGainRight": 1.0341, "car_lcSublane": 0.2329, "car_sigma": 0.0529, "car_tau_mean": 3.533, "car_tau_std": 7.7272, "car_v_mean": 16.868, "car_v_std": 6.907}, "datetime": {"datetime": "2024-08-08 10:20:36", "elapsed": 1516.817372, "delta": 4.641445}}
{"target": -0.31196177455982343, "params": {"bus_acc": 1.6935, "bus_dcc": 1.3562, "bus_lcAssertive": 28.9092, "bus_lcCooperative": 1.0, "bus_lcLookaheadLeft": 34.9375, "bus_lcPushy": 0.789, "bus_lcSigma": 0.7072, "bus_lcSpeedGainRight": 4.3092, "bus_lcSublane": 0.5903, "bus_sigma": 0.2124, "bus_tau_mean": 1.8068, "bus_tau_std": 4.0533, "bus_v_mean": 8.0429, "bus_v_std": 8.4493, "car_acc": 1.853, "car_dcc": 1.0993, "car_lcAssertive": 26.5598, "car_lcCooperative": 0.3644, "car_lcLookaheadLeft": 86.6985, "car_lcPushy": 0.4859, "car_lcSigma": 0.7745, "car_lcSpeedGainRight": 1.4501, "car_lcSublane": 0.5365, "car_sigma": 1.0, "car_tau_mean": 2.7586, "car_tau_std": 4.7876, "car_v_mean": 12.963, "car_v_std": 3.4825}, "datetime": {"datetime": "2024-08-08 10:20:41", "elapsed": 1521.732957, "delta": 4.915585}}
{"target": -0.33820008703190496, "params": {"bus_acc": 1.6934, "bus_dcc": 1.3561, "bus_lcAssertive": 28.9109, "bus_lcCooperative": 1.0, "bus_lcLookaheadLeft": 34.9374, "bus_lcPushy": 0.7889, "bus_lcSigma": 0.7038, "bus_lcSpeedGainRight": 4.3108, "bus_lcSublane": 0.5885, "bus_sigma": 0.2141, "bus_tau_mean": 1.8067, "bus_tau_std": 4.055, "bus_v_mean": 8.0446, "bus_v_std": 8.4509, "car_acc": 1.8529, "car_dcc": 1.0992, "car_lcAssertive": 26.5597, "car_lcCooperative": 0.3645, "car_lcLookaheadLeft": 86.6984, "car_lcPushy": 0.4842, "car_lcSigma": 0.7744, "car_lcSpeedGainRight": 1.45, "car_lcSublane": 0.5364, "car_sigma": 1.0, "car_tau_mean": 2.7585, "car_tau_std": 4.7892, "car_v_mean": 12.9647, "car_v_std": 3.4824}, "datetime": {"datetime": "2024-08-08 10:20:45", "elapsed": 1525.424822, "delta": 3.691865}}
{"target": -0.3448850997508824, "params": {"bus_acc": 1.6938, "bus_dcc": 1.3565, "bus_lcAssertive": 28.9112, "bus_lcCooperative": 1.0, "bus_lcLookaheadLeft": 34.9395, "bus_lcPushy": 0.7893, "bus_lcSigma": 0.7059, "bus_lcSpeedGainRight": 4.3112, "bus_lcSublane": 0.5888, "bus_sigma": 0.2144, "bus_tau_mean": 1.8071, "bus_tau_std": 4.0536, "bus_v_mean": 8.0414, "bus_v_std": 8.4495, "car_acc": 1.8533, "car_dcc": 1.0996, "car_lcAssertive": 26.5601, "car_lcCooperative": 0.3648, "car_lcLookaheadLeft": 86.6988, "car_lcPushy": 0.4828, "car_lcSigma": 0.7748, "car_lcSpeedGainRight": 1.4504, "car_lcSublane": 0.5368, "car_sigma": 1.0, "car_tau_mean": 2.7589, "car_tau_std": 4.7896, "car_v_mean": 12.965, "car_v_std": 3.4828}, "datetime": {"datetime": "2024-08-08 10:20:50", "elapsed": 1530.65847, "delta": 5.233648}}
{"target": -0.3527222363484805, "params": {"bus_acc": 1.1788, "bus_dcc": 1.2581, "bus_lcAssertive": 2.4989, "bus_lcCooperative": 1.0, "bus_lcLookaheadLeft": 11.3249, "bus_lcPushy": 0.9039, "bus_lcSigma": 0.7229, "bus_lcSpeedGainRight": 2.4755, "bus_lcSublane": 0.386, "bus_sigma": 0.3898, "bus_tau_mean": 1.4261, "bus_tau_std": 9.1479, "bus_v_mean": 19.648, "bus_v_std": 0.5546, "car_acc": 1.9607, "car_dcc": 1.8816, "car_lcAssertive": 3.9069, "car_lcCooperative": 0.9677, "car_lcLookaheadLeft": 77.5978, "car_lcPushy": 0.3659, "car_lcSigma": 0.8366, "car_lcSpeedGainRight": 1.6609, "car_lcSublane": 0.3472, "car_sigma": 1.0, "car_tau_mean": 4.0, "car_tau_std": 5.2732, "car_v_mean": 23.2687, "car_v_std": 17.7976}, "datetime": {"datetime": "2024-08-08 10:20:53", "elapsed": 1533.280451, "delta": 2.621981}}
{"target": -0.30920842984521635, "params": {"bus_acc": 1.6924, "bus_dcc": 1.3551, "bus_lcAssertive": 28.9081, "bus_lcCooperative": 1.0, "bus_lcLookaheadLeft": 34.9364, "bus_lcPushy": 0.7879, "bus_lcSigma": 0.7062, "bus_lcSpeedGainRight": 4.3098, "bus_lcSublane": 0.5909, "bus_sigma": 0.213, "bus_tau_mean": 1.8057, "bus_tau_std": 4.0522, "bus_v_mean": 8.0418, "bus_v_std": 8.4499, "car_acc": 1.8519, "car_dcc": 1.0982, "car_lcAssertive": 26.5587, "car_lcCooperative": 0.3634, "car_lcLookaheadLeft": 86.6991, "car_lcPushy": 0.4832, "car_lcSigma": 0.7734, "car_lcSpeedGainRight": 1.449, "car_lcSublane": 0.5354, "car_sigma": 1.0, "car_tau_mean": 2.7575, "car_tau_std": 4.7882, "car_v_mean": 12.9619, "car_v_std": 3.4814}, "datetime": {"datetime": "2024-08-08 10:20:54", "elapsed": 1534.55017, "delta": 1.269719}}
{"target": -0.3367716753172246, "params": {"bus_acc": 1.693, "bus_dcc": 1.3556, "bus_lcAssertive": 28.9104, "bus_lcCooperative": 1.0, "bus_lcLookaheadLeft": 34.9387, "bus_lcPushy": 0.7884, "bus_lcSigma": 0.705, "bus_lcSpeedGainRight": 4.3121, "bus_lcSublane": 0.5915, "bus_sigma": 0.2136, "bus_tau_mean": 1.8063, "bus_tau_std": 4.0527, "bus_v_mean": 8.0424, "bus_v_std": 8.4505, "car_acc": 1.8525, "car_dcc": 1.0987, "car_lcAssertive": 26.561, "car_lcCooperative": 0.364, "car_lcLookaheadLeft": 86.6997, "car_lcPushy": 0.4855, "car_lcSigma": 0.7739, "car_lcSpeedGainRight": 1.4495, "car_lcSublane": 0.5377, "car_sigma": 1.0, "car_tau_mean": 2.7581, "car_tau_std": 4.7887, "car_v_mean": 12.9642, "car_v_std": 3.4819}, "datetime": {"datetime": "2024-08-08 10:20:57", "elapsed": 1537.719823, "delta": 3.169653}}
{"target": -0.3544104013967404, "params": {"bus_acc": 1.6925, "bus_dcc": 1.3552, "bus_lcAssertive": 28.9099, "bus_lcCooperative": 1.0, "bus_lcLookaheadLeft": 34.9382, "bus_lcPushy": 0.7881, "bus_lcSigma": 0.7063, "bus_lcSpeedGainRight": 4.31, "bus_lcSublane": 0.591, "bus_sigma": 0.2131, "bus_tau_mean": 1.8058, "bus_tau_std": 4.0524, "bus_v_mean": 8.0436, "bus_v_std": 8.4517, "car_acc": 1.852, "car_dcc": 1.0983, "car_lcAssertive": 26.5605, "car_lcCooperative": 0.3635, "car_lcLookaheadLeft": 86.6992, "car_lcPushy": 0.485, "car_lcSigma": 0.7736, "car_lcSpeedGainRight": 1.4491, "car_lcSublane": 0.5372, "car_sigma": 0.9998, "car_tau_mean": 2.7576, "car_tau_std": 4.7884, "car_v_mean": 12.9637, "car_v_std": 3.4816}, "datetime": {"datetime": "2024-08-08 10:21:00", "elapsed": 1540.857604, "delta": 3.137781}}
{"target": -0.3743062688218441, "params": {"bus_acc": 1.1392, "bus_dcc": 3.7842, "bus_lcAssertive": 72.0089, "bus_lcCooperative": 0.4809, "bus_lcLookaheadLeft": 31.7337, "bus_lcPushy": 0.9572, "bus_lcSigma": 0.73, "bus_lcSpeedGainRight": 3.9775, "bus_lcSublane": 0.9665, "bus_sigma": 0.7108, "bus_tau_mean": 2.9435, "bus_tau_std": 5.2791, "bus_v_mean": 20.049, "bus_v_std": 5.9442, "car_acc": 2.2783, "car_dcc": 2.7176, "car_lcAssertive": 11.5039, "car_lcCooperative": 0.3072, "car_lcLookaheadLeft": 78.1552, "car_lcPushy": 0.6963, "car_lcSigma": 0.6483, "car_lcSpeedGainRight": 2.3238, "car_lcSublane": 0.1599, "car_sigma": 0.2082, "car_tau_mean": 3.681, "car_tau_std": 1.592, "car_v_mean": 20.1116, "car_v_std": 10.7978}, "datetime": {"datetime": "2024-08-08 10:21:01", "elapsed": 1541.603474, "delta": 0.74587}}
{"target": -0.32489605136206967, "params": {"bus_acc": 1.6936, "bus_dcc": 1.3579, "bus_lcAssertive": 28.9093, "bus_lcCooperative": 1.0, "bus_lcLookaheadLeft": 34.9359, "bus_lcPushy": 0.7907, "bus_lcSigma": 0.704, "bus_lcSpeedGainRight": 4.3126, "bus_lcSublane": 0.5887, "bus_sigma": 0.2108, "bus_tau_mean": 1.8085, "bus_tau_std": 4.055, "bus_v_mean": 8.043, "bus_v_std": 8.4511, "car_acc": 1.8547, "car_dcc": 1.101, "car_lcAssertive": 26.5582, "car_lcCooperative": 0.3612, "car_lcLookaheadLeft": 86.6969, "car_lcPushy": 0.4827, "car_lcSigma": 0.7746, "car_lcSpeedGainRight": 1.4518, "car_lcSublane": 0.5349, "car_sigma": 1.0, "car_tau_mean": 2.7587, "car_tau_std": 4.791, "car_v_mean": 12.9647, "car_v_std": 3.4842}, "datetime": {"datetime": "2024-08-08 10:21:02", "elapsed": 1542.301342, "delta": 0.697868}}
{"target": -0.36306608918330613, "params": {"bus_acc": 2.8137, "bus_dcc": 2.6256, "bus_lcAssertive": 94.7365, "bus_lcCooperative": 0.4365, "bus_lcLookaheadLeft": 25.8432, "bus_lcPushy": 0.5739, "bus_lcSigma": 0.9618, "bus_lcSpeedGainRight": 1.1256, "bus_lcSublane": 0.6774, "bus_sigma": 0.3542, "bus_tau_mean": 3.9295, "bus_tau_std": 3.3969, "bus_v_mean": 20.6859, "bus_v_std": 5.0165, "car_acc": 2.7224, "car_dcc": 3.7298, "car_lcAssertive": 15.0752, "car_lcCooperative": 0.7162, "car_lcLookaheadLeft": 19.2335, "car_lcPushy": 0.9224, "car_lcSigma": 0.9342, "car_lcSpeedGainRight": 0.3018, "car_lcSublane": 0.1474, "car_sigma": 0.0206, "car_tau_mean": 2.7038, "car_tau_std": 9.8525, "car_v_mean": 19.5107, "car_v_std": 8.06}, "datetime": {"datetime": "2024-08-08 10:21:03", "elapsed": 1543.93746, "delta": 1.636118}}
{"target": -0.27935574517665596, "params": {"bus_acc": 1.6942, "bus_dcc": 1.3552, "bus_lcAssertive": 28.9082, "bus_lcCooperative": 1.0, "bus_lcLookaheadLeft": 34.9365, "bus_lcPushy": 0.788, "bus_lcSigma": 0.7046, "bus_lcSpeedGainRight": 4.3099, "bus_lcSublane": 0.591, "bus_sigma": 0.2114, "bus_tau_mean": 1.8058, "bus_tau_std": 4.0523, "bus_v_mean": 8.0419, "bus_v_std": 8.45, "car_acc": 1.852, "car_dcc": 1.0983, "car_lcAssertive": 26.5588, "car_lcCooperative": 0.3618, "car_lcLookaheadLeft": 86.6992, "car_lcPushy": 0.485, "car_lcSigma": 0.7735, "car_lcSpeedGainRight": 1.4491, "car_lcSublane": 0.5355, "car_sigma": 1.0, "car_tau_mean": 2.7576, "car_tau_std": 4.7883, "car_v_mean": 12.962, "car_v_std": 3.4832}, "datetime": {"datetime": "2024-08-08 10:21:06", "elapsed": 1546.450804, "delta": 2.513344}}
{"target": -0.3769372552969954, "params": {"bus_acc": 2.0285, "bus_dcc": 1.8116, "bus_lcAssertive": 95.8217, "bus_lcCooperative": 0.4908, "bus_lcLookaheadLeft": 17.4077, "bus_lcPushy": 0.6511, "bus_lcSigma": 0.6699, "bus_lcSpeedGainRight": 2.7398, "bus_lcSublane": 0.9704, "bus_sigma": 0.8597, "bus_tau_mean": 3.4312, "bus_tau_std": 0.3687, "bus_v_mean": 8.0046, "bus_v_std": 12.1957, "car_acc": 1.3342, "car_dcc": 3.8441, "car_lcAssertive": 27.0568, "car_lcCooperative": 0.652, "car_lcLookaheadLeft": 46.8075, "car_lcPushy": 0.4987, "car_lcSigma": 0.506, "car_lcSpeedGainRight": 3.2769, "car_lcSublane": 0.1296, "car_sigma": 0.1544, "car_tau_mean": 0.7906, "car_tau_std": 6.1124, "car_v_mean": 22.7329, "car_v_std": 0.2776}, "datetime": {"datetime": "2024-08-08 10:21:09", "elapsed": 1549.569591, "delta": 3.118787}}
{"target": -0.3714150222308975, "params": {"bus_acc": 2.3822, "bus_dcc": 1.0809, "bus_lcAssertive": 10.9206, "bus_lcCooperative": 0.0041, "bus_lcLookaheadLeft": 48.5163, "bus_lcPushy": 0.8986, "bus_lcSigma": 0.3649, "bus_lcSpeedGainRight": 1.611, "bus_lcSublane": 0.6935, "bus_sigma": 0.6725, "bus_tau_mean": 2.096, "bus_tau_std": 3.1371, "bus_v_mean": 16.7006, "bus_v_std": 12.8111, "car_acc": 1.3175, "car_dcc": 2.3338, "car_lcAssertive": 81.3251, "car_lcCooperative": 0.2179, "car_lcLookaheadLeft": 51.8543, "car_lcPushy": 0.4378, "car_lcSigma": 0.458, "car_lcSpeedGainRight": 1.4607, "car_lcSublane": 0.3218, "car_sigma": 0.7696, "car_tau_mean": 2.9081, "car_tau_std": 5.193, "car_v_mean": 19.4781, "car_v_std": 19.5826}, "datetime": {"datetime": "2024-08-08 10:21:12", "elapsed": 1552.114958, "delta": 2.545367}}
{"target": -0.3323633020937481, "params": {"bus_acc": 1.6929, "bus_dcc": 1.3556, "bus_lcAssertive": 28.9086, "bus_lcCooperative": 1.0, "bus_lcLookaheadLeft": 34.9369, "bus_lcPushy": 0.7884, "bus_lcSigma": 0.7068, "bus_lcSpeedGainRight": 4.3121, "bus_lcSublane": 0.5915, "bus_sigma": 0.2136, "bus_tau_mean": 1.8062, "bus_tau_std": 4.0527, "bus_v_mean": 8.0441, "bus_v_std": 8.4504, "car_acc": 1.8524, "car_dcc": 1.0987, "car_lcAssertive": 26.5592, "car_lcCooperative": 0.364, "car_lcLookaheadLeft": 86.6979, "car_lcPushy": 0.4855, "car_lcSigma": 0.7739, "car_lcSpeedGainRight": 1.4495, "car_lcSublane": 0.5359, "car_sigma": 1.0, "car_tau_mean": 2.758, "car_tau_std": 4.7905, "car_v_mean": 12.9624, "car_v_std": 3.4837}, "datetime": {"datetime": "2024-08-08 10:21:14", "elapsed": 1554.032147, "delta": 1.917189}}
{"target": -0.37398346746133654, "params": {"bus_acc": 1.1076, "bus_dcc": 3.9887, "bus_lcAssertive": 89.0619, "bus_lcCooperative": 0.9073, "bus_lcLookaheadLeft": 96.8074, "bus_lcPushy": 0.2634, "bus_lcSigma": 0.1053, "bus_lcSpeedGainRight": 0.4342, "bus_lcSublane": 0.5072, "bus_sigma": 0.9551, "bus_tau_mean": 0.5794, "bus_tau_std": 7.4945, "bus_v_mean": 20.8187, "bus_v_std": 19.4728, "car_acc": 2.3606, "car_dcc": 3.9609, "car_lcAssertive": 78.5151, "car_lcCooperative": 0.7911, "car_lcLookaheadLeft": 58.0669, "car_lcPushy": 0.5468, "car_lcSigma": 0.5747, "car_lcSpeedGainRight": 0.4957, "car_lcSublane": 0.6734, "car_sigma": 0.507, "car_tau_mean": 2.122, "car_tau_std": 5.6112, "car_v_mean": 11.3725, "car_v_std": 12.3647}, "datetime": {"datetime": "2024-08-08 10:21:15", "elapsed": 1555.173635, "delta": 1.141488}}
{"target": -0.29347511233318857, "params": {"bus_acc": 1.6932, "bus_dcc": 1.3559, "bus_lcAssertive": 28.9089, "bus_lcCooperative": 1.0, "bus_lcLookaheadLeft": 34.9372, "bus_lcPushy": 0.7887, "bus_lcSigma": 0.7036, "bus_lcSpeedGainRight": 4.3106, "bus_lcSublane": 0.5883, "bus_sigma": 0.2121, "bus_tau_mean": 1.8065, "bus_tau_std": 4.053, "bus_v_mean": 8.0426, "bus_v_std": 8.4507, "car_acc": 1.8527, "car_dcc": 1.099, "car_lcAssertive": 26.5595, "car_lcCooperative": 0.359, "car_lcLookaheadLeft": 86.6965, "car_lcPushy": 0.484, "car_lcSigma": 0.7742, "car_lcSpeedGainRight": 1.4498, "car_lcSublane": 0.5362, "car_sigma": 1.0, "car_tau_mean": 2.7583, "car_tau_std": 4.789, "car_v_mean": 12.9627, "car_v_std": 3.4822}, "datetime": {"datetime": "2024-08-08 10:21:16", "elapsed": 1556.13701, "delta": 0.963375}}
{"target": -0.3418909377405236, "params": {"bus_acc": 1.9377, "bus_dcc": 2.5161, "bus_lcAssertive": 91.1945, "bus_lcCooperative": 0.8661, "bus_lcLookaheadLeft": 67.2219, "bus_lcPushy": 0.8524, "bus_lcSigma": 0.5742, "bus_lcSpeedGainRight": 1.6075, "bus_lcSublane": 0.3181, "bus_sigma": 0.7028, "bus_tau_mean": 3.5348, "bus_tau_std": 8.9652, "bus_v_mean": 8.8828, "bus_v_std": 13.5314, "car_acc": 1.6627, "car_dcc": 1.4158, "car_lcAssertive": 72.2149, "car_lcCooperative": 0.3283, "car_lcLookaheadLeft": 69.5215, "car_lcPushy": 0.9702, "car_lcSigma": 0.9583, "car_lcSpeedGainRight": 1.5866, "car_lcSublane": 0.3169, "car_sigma": 0.97, "car_tau_mean": 3.3803, "car_tau_std": 3.7378, "car_v_mean": 15.5969, "car_v_std": 6.1059}, "datetime": {"datetime": "2024-08-08 10:21:18", "elapsed": 1558.442767, "delta": 2.305757}}
{"target": -0.29470053739496993, "params": {"bus_acc": 1.6927, "bus_dcc": 1.3571, "bus_lcAssertive": 28.9084, "bus_lcCooperative": 1.0, "bus_lcLookaheadLeft": 34.9367, "bus_lcPushy": 0.7882, "bus_lcSigma": 0.7048, "bus_lcSpeedGainRight": 4.3085, "bus_lcSublane": 0.5895, "bus_sigma": 0.21, "bus_tau_mean": 1.806, "bus_tau_std": 4.0509, "bus_v_mean": 8.0421, "bus_v_std": 8.4502, "car_acc": 1.8506, "car_dcc": 1.1002, "car_lcAssertive": 26.559, "car_lcCooperative": 0.362, "car_lcLookaheadLeft": 86.6977, "car_lcPushy": 0.4852, "car_lcSigma": 0.7737, "car_lcSpeedGainRight": 1.451, "car_lcSublane": 0.5374, "car_sigma": 1.0, "car_tau_mean": 2.7578, "car_tau_std": 4.7869, "car_v_mean": 12.9622, "car_v_std": 3.4817}, "datetime": {"datetime": "2024-08-08 10:21:21", "elapsed": 1561.433339, "delta": 2.990572}}
{"target": -0.33089369247145667, "params": {"bus_acc": 1.2548, "bus_dcc": 1.3625, "bus_lcAssertive": 76.4212, "bus_lcCooperative": 0.6413, "bus_lcLookaheadLeft": 88.7371, "bus_lcPushy": 0.9252, "bus_lcSigma": 0.3144, "bus_lcSpeedGainRight": 3.6037, "bus_lcSublane": 0.4235, "bus_sigma": 0.3987, "bus_tau_mean": 1.8737, "bus_tau_std": 1.0913, "bus_v_mean": 20.9916, "bus_v_std": 8.4649, "car_acc": 2.6691, "car_dcc": 1.1161, "car_lcAssertive": 98.2169, "car_lcCooperative": 0.8834, "car_lcLookaheadLeft": 9.1811, "car_lcPushy": 0.0361, "car_lcSigma": 0.1685, "car_lcSpeedGainRight": 3.4127, "car_lcSublane": 0.5564, "car_sigma": 0.5213, "car_tau_mean": 1.0324, "car_tau_std": 2.3779, "car_v_mean": 23.8613, "car_v_std": 18.9227}, "datetime": {"datetime": "2024-08-08 10:21:23", "elapsed": 1563.483698, "delta": 2.050359}}
{"target": -0.33310630870118596, "params": {"bus_acc": 1.6926, "bus_dcc": 1.357, "bus_lcAssertive": 28.9083, "bus_lcCooperative": 1.0, "bus_lcLookaheadLeft": 34.9366, "bus_lcPushy": 0.7881, "bus_lcSigma": 0.7047, "bus_lcSpeedGainRight": 4.31, "bus_lcSublane": 0.5894, "bus_sigma": 0.2132, "bus_tau_mean": 1.8076, "bus_tau_std": 4.0541, "bus_v_mean": 8.042, "bus_v_std": 8.4501, "car_acc": 1.8538, "car_dcc": 1.1001, "car_lcAssertive": 26.5589, "car_lcCooperative": 0.3636, "car_lcLookaheadLeft": 86.6976, "car_lcPushy": 0.4851, "car_lcSigma": 0.7753, "car_lcSpeedGainRight": 1.4509, "car_lcSublane": 0.5373, "car_sigma": 1.0, "car_tau_mean": 2.7594, "car_tau_std": 4.7884, "car_v_mean": 12.9621, "car_v_std": 3.4833}, "datetime": {"datetime": "2024-08-08 10:21:24", "elapsed": 1564.859296, "delta": 1.375598}}
{"target": -0.3099699773094, "params": {"bus_acc": 2.4977, "bus_dcc": 2.8672, "bus_lcAssertive": 36.0717, "bus_lcCooperative": 0.6349, "bus_lcLookaheadLeft": 37.0878, "bus_lcPushy": 0.8591, "bus_lcSigma": 0.4903, "bus_lcSpeedGainRight": 4.9111, "bus_lcSublane": 0.2293, "bus_sigma": 0.4876, "bus_tau_mean": 0.9912, "bus_tau_std": 3.3614, "bus_v_mean": 16.9581, "bus_v_std": 11.715, "car_acc": 2.0754, "car_dcc": 1.3577, "car_lcAssertive": 31.8213, "car_lcCooperative": 0.1763, "car_lcLookaheadLeft": 75.9261, "car_lcPushy": 0.6611, "car_lcSigma": 0.6091, "car_lcSpeedGainRight": 3.168, "car_lcSublane": 0.5658, "car_sigma": 0.0399, "car_tau_mean": 1.447, "car_tau_std": 3.7514, "car_v_mean": 8.2409, "car_v_std": 5.2114}, "datetime": {"datetime": "2024-08-08 10:21:25", "elapsed": 1565.965724, "delta": 1.106428}}
{"target": -0.4119092811265218, "params": {"bus_acc": 2.5201, "bus_dcc": 3.1887, "bus_lcAssertive": 44.8301, "bus_lcCooperative": 0.493, "bus_lcLookaheadLeft": 17.0511, "bus_lcPushy": 0.4126, "bus_lcSigma": 0.0708, "bus_lcSpeedGainRight": 1.0041, "bus_lcSublane": 0.0658, "bus_sigma": 0.2045, "bus_tau_mean": 0.595, "bus_tau_std": 4.6756, "bus_v_mean": 10.7853, "bus_v_std": 19.329, "car_acc": 2.6092, "car_dcc": 2.5338, "car_lcAssertive": 11.5313, "car_lcCooperative": 0.6761, "car_lcLookaheadLeft": 16.0321, "car_lcPushy": 0.7968, "car_lcSigma": 0.741, "car_lcSpeedGainRight": 3.881, "car_lcSublane": 0.0788, "car_sigma": 0.0045, "car_tau_mean": 0.6938, "car_tau_std": 1.4519, "car_v_mean": 8.1442, "car_v_std": 9.5659}, "datetime": {"datetime": "2024-08-08 10:21:27", "elapsed": 1567.417092, "delta": 1.451368}}
{"target": -0.371028196281347, "params": {"bus_acc": 1.1322, "bus_dcc": 3.6107, "bus_lcAssertive": 82.6894, "bus_lcCooperative": 0.1897, "bus_lcLookaheadLeft": 30.3153, "bus_lcPushy": 0.7734, "bus_lcSigma": 0.2418, "bus_lcSpeedGainRight": 3.4146, "bus_lcSublane": 0.838, "bus_sigma": 0.4468, "bus_tau_mean": 2.8027, "bus_tau_std": 0.5084, "bus_v_mean": 15.9124, "bus_v_std": 11.0208, "car_acc": 1.5978, "car_dcc": 3.4699, "car_lcAssertive": 39.848, "car_lcCooperative": 0.9436, "car_lcLookaheadLeft": 5.6637, "car_lcPushy": 0.7243, "car_lcSigma": 0.3317, "car_lcSpeedGainRight": 4.4752, "car_lcSublane": 0.0785, "car_sigma": 0.1777, "car_tau_mean": 3.6807, "car_tau_std": 4.0382, "car_v_mean": 23.9134, "car_v_std": 10.2587}, "datetime": {"datetime": "2024-08-08 10:21:28", "elapsed": 1568.423423, "delta": 1.006331}}
{"target": -0.3809587948588985, "params": {"bus_acc": 2.0961, "bus_dcc": 1.759, "bus_lcAssertive": 85.2226, "bus_lcCooperative": 0.0052, "bus_lcLookaheadLeft": 74.6858, "bus_lcPushy": 0.5007, "bus_lcSigma": 0.6631, "bus_lcSpeedGainRight": 0.874, "bus_lcSublane": 0.85, "bus_sigma": 0.8846, "bus_tau_mean": 2.8296, "bus_tau_std": 5.6252, "bus_v_mean": 16.9955, "bus_v_std": 5.9692, "car_acc": 1.6036, "car_dcc": 2.755, "car_lcAssertive": 92.8023, "car_lcCooperative": 0.4173, "car_lcLookaheadLeft": 19.1079, "car_lcPushy": 0.3796, "car_lcSigma": 0.9893, "car_lcSpeedGainRight": 1.5143, "car_lcSublane": 0.4717, "car_sigma": 0.6558, "car_tau_mean": 1.6358, "car_tau_std": 4.3386, "car_v_mean": 13.3671, "car_v_std": 15.2876}, "datetime": {"datetime": "2024-08-08 10:21:31", "elapsed": 1571.465113, "delta": 3.04169}}
{"target": -0.3628658507692537, "params": {"bus_acc": 2.5113, "bus_dcc": 2.1245, "bus_lcAssertive": 99.6133, "bus_lcCooperative": 0.8104, "bus_lcLookaheadLeft": 27.6391, "bus_lcPushy": 0.3628, "bus_lcSigma": 0.3551, "bus_lcSpeedGainRight": 4.9403, "bus_lcSublane": 0.4196, "bus_sigma": 0.754, "bus_tau_mean": 2.1426, "bus_tau_std": 4.8615, "bus_v_mean": 16.8286, "bus_v_std": 2.2967, "car_acc": 2.186, "car_dcc": 3.3622, "car_lcAssertive": 10.165, "car_lcCooperative": 0.5822, "car_lcLookaheadLeft": 95.5165, "car_lcPushy": 0.465, "car_lcSigma": 0.371, "car_lcSpeedGainRight": 2.8048, "car_lcSublane": 0.0129, "car_sigma": 0.4599, "car_tau_mean": 3.2227, "car_tau_std": 9.3188, "car_v_mean": 22.0755, "car_v_std": 18.1141}, "datetime": {"datetime": "2024-08-08 10:21:33", "elapsed": 1573.917989, "delta": 2.452876}}
{"target": -0.3141122331391065, "params": {"bus_acc": 1.8163, "bus_dcc": 1.4457, "bus_lcAssertive": 56.055, "bus_lcCooperative": 0.715, "bus_lcLookaheadLeft": 16.1696, "bus_lcPushy": 0.2744, "bus_lcSigma": 0.6596, "bus_lcSpeedGainRight": 3.0023, "bus_lcSublane": 0.6316, "bus_sigma": 0.7195, "bus_tau_mean": 3.2522, "bus_tau_std": 1.7739, "bus_v_mean": 9.8326, "bus_v_std": 0.4771, "car_acc": 2.2594, "car_dcc": 2.6404, "car_lcAssertive": 27.2914, "car_lcCooperative": 0.9336, "car_lcLookaheadLeft": 13.3852, "car_lcPushy": 0.5332, "car_lcSigma": 0.3435, "car_lcSpeedGainRight": 4.6098, "car_lcSublane": 0.0552, "car_sigma": 0.4165, "car_tau_mean": 2.1437, "car_tau_std": 9.8768, "car_v_mean": 15.1277, "car_v_std": 15.2802}, "datetime": {"datetime": "2024-08-08 10:21:35", "elapsed": 1575.520819, "delta": 1.60283}}
