{"target": -0.05173190909114019, "params": {"bus_acc": 2.2669216684714515, "bus_dcc": 1.8331381974202725, "bus_lcAssertive": 82.89283218879132, "bus_lcCooperative": 0.3645234475558883, "bus_lcLookaheadLeft": 73.86987725794573, "bus_lcPushy": 0.1924178904137388, "bus_lcSublane": 0.4814458975407394, "bus_tau_mean": 3.312581192508595, "bus_tau_std": 3.9698821167237397, "bus_v_mean": 10.585184637697438, "bus_v_std": 6.489822226486473, "car_acc": 2.5066516117887847, "car_dcc": 1.840577906119281, "car_lcAssertive": 45.68482426200776, "car_lcCooperative": 0.9004489123860653, "car_lcLookaheadLeft": 87.45459185671001, "car_lcPushy": 0.7071876097841823, "car_lcSublane": 0.5909005994904067, "car_tau_mean": 3.36083794638994, "car_tau_std": 9.07644646099839, "car_v_mean": 8.04012095468677, "car_v_std": 3.9722776623376177}, "datetime": {"datetime": "2024-08-05 17:48:06", "elapsed": 109.667108, "delta": 1.033625}}
{"target": -0.04460411154160398, "params": {"bus_acc": 2.632703023654428, "bus_dcc": 1.555391194807092, "bus_lcAssertive": 70.48577644587473, "bus_lcCooperative": 0.24035562484913886, "bus_lcLookaheadLeft": 58.273470706404254, "bus_lcPushy": 0.34898759722078887, "bus_lcSublane": 0.05696439948283272, "bus_tau_mean": 1.3008478483613155, "bus_tau_std": 6.641025553547935, "bus_v_mean": 15.9560014937685, "bus_v_std": 5.190159840736788, "car_acc": 1.349440300217845, "car_dcc": 2.712147554638769, "car_lcAssertive": 99.6785890956128, "car_lcCooperative": 0.8168351087916219, "car_lcLookaheadLeft": 60.24851713543582, "car_lcPushy": 0.9759890683309049, "car_lcSublane": 0.9015625846693213, "car_tau_mean": 2.5846277676092595, "car_tau_std": 0.32426325314457105, "car_v_mean": 9.497233533079692, "car_v_std": 0.6537171504222639}, "datetime": {"datetime": "2024-08-05 17:48:07", "elapsed": 110.818666, "delta": 1.151558}}
{"target": -0.04859983235914366, "params": {"bus_acc": 1.4801903083224202, "bus_dcc": 2.8948622357504807, "bus_lcAssertive": 71.36321742005904, "bus_lcCooperative": 0.7423834297071017, "bus_lcLookaheadLeft": 40.24594105075894, "bus_lcPushy": 0.7598253967160974, "bus_lcSublane": 0.9029359021217099, "bus_tau_mean": 2.5559700673315193, "bus_tau_std": 0.9040971569479861, "bus_v_mean": 10.063615746276417, "bus_v_std": 1.052625266627869, "car_acc": 1.34545492664576, "car_dcc": 1.379292670869055, "car_lcAssertive": 78.05178811669514, "car_lcCooperative": 0.039411512184444275, "car_lcLookaheadLeft": 25.672724899404674, "car_lcPushy": 0.8790664013584655, "car_lcSublane": 0.9735188608362936, "car_tau_mean": 2.6189770270446684, "car_tau_std": 9.762382645603884, "car_v_mean": 8.695224667439629, "car_v_std": 9.485727683760075}, "datetime": {"datetime": "2024-08-05 17:48:08", "elapsed": 112.178954, "delta": 1.360288}}
{"target": -0.047875656170633586, "params": {"bus_acc": 1.428224273641297, "bus_dcc": 1.5968437702812, "bus_lcAssertive": 15.109315438818621, "bus_lcCooperative": 0.3770825992073341, "bus_lcLookaheadLeft": 4.609532699778905, "bus_lcPushy": 0.11092036903424063, "bus_lcSublane": 0.6745640237634105, "bus_tau_mean": 3.2992178791408517, "bus_tau_std": 0.805295271283859, "bus_v_mean": 11.707236967772673, "bus_v_std": 2.0762566180381437, "car_acc": 2.834667126163261, "car_dcc": 3.13394355440946, "car_lcAssertive": 55.834576494090015, "car_lcCooperative": 0.30451798792062024, "car_lcLookaheadLeft": 83.81569666791626, "car_lcPushy": 0.43530595762951996, "car_lcSublane": 0.9234562151187752, "car_tau_mean": 2.971181315175766, "car_tau_std": 4.780313079652833, "car_v_mean": 10.01936165998974, "car_v_std": 9.760435504677476}, "datetime": {"datetime": "2024-08-05 17:48:09", "elapsed": 113.318473, "delta": 1.139519}}
{"target": -0.06867893097068789, "params": {"bus_acc": 1.344681016690657, "bus_dcc": 1.4114072488866332, "bus_lcAssertive": 93.32695084067919, "bus_lcCooperative": 0.6968181614899002, "bus_lcLookaheadLeft": 8.468016926762123, "bus_lcPushy": 0.7554630526024664, "bus_lcSublane": 0.7538761884612464, "bus_tau_mean": 3.7305858744126916, "bus_tau_std": 7.115247586284718, "bus_v_mean": 9.988335391554635, "bus_v_std": 0.19880133839795588, "car_acc": 1.0524219737554386, "car_dcc": 1.0849194640623838, "car_lcAssertive": 25.374895692701543, "car_lcCooperative": 0.860027948682888, "car_lcLookaheadLeft": 54.80544430548198, "car_lcPushy": 0.5528219786857659, "car_lcSublane": 0.8420308923596057, "car_tau_mean": 0.934606602919689, "car_tau_std": 2.791836790111395, "car_v_mean": 17.372148343332604, "car_v_std": 9.695957483196745}, "datetime": {"datetime": "2024-08-05 17:48:11", "elapsed": 114.401193, "delta": 1.08272}}
{"target": -0.05577638738550595, "params": {"bus_acc": 1.7287309597140559, "bus_dcc": 3.6768217878285174, "bus_lcAssertive": 3.743462272114134, "bus_lcCooperative": 0.08539013912317062, "bus_lcLookaheadLeft": 98.17822564390302, "bus_lcPushy": 0.6095019257734966, "bus_lcSublane": 0.41763234681418326, "bus_tau_mean": 1.0922496464279168, "bus_tau_std": 6.4990115308969, "bus_v_mean": 8.591601093749725, "bus_v_std": 3.116139134607047, "car_acc": 1.6469583939781507, "car_dcc": 2.8223256805436607, "car_lcAssertive": 65.43229441089402, "car_lcCooperative": 0.8460545992364693, "car_lcLookaheadLeft": 92.90293237455926, "car_lcPushy": 0.6604577276110997, "car_lcSublane": 0.5781739184085382, "car_tau_mean": 1.8955044027015293, "car_tau_std": 9.66612492642142, "car_v_mean": 10.465266749317719, "car_v_std": 8.950868086486484}, "datetime": {"datetime": "2024-08-05 17:48:12", "elapsed": 115.397108, "delta": 0.995915}}
{"target": -0.05561207990636051, "params": {"bus_acc": 1.0870685275155307, "bus_dcc": 3.8522602841830067, "bus_lcAssertive": 56.0842846514216, "bus_lcCooperative": 0.3763632166870875, "bus_lcLookaheadLeft": 99.51512758923289, "bus_lcPushy": 0.05836264614763165, "bus_lcSublane": 0.5167063597676121, "bus_tau_mean": 0.6088397640944174, "bus_tau_std": 5.711757391862334, "bus_v_mean": 10.88749614392185, "bus_v_std": 6.309592003395305, "car_acc": 2.961847351501163, "car_dcc": 3.6247076536371425, "car_lcAssertive": 45.73178869266619, "car_lcCooperative": 0.7084608700517172, "car_lcLookaheadLeft": 78.19193750031255, "car_lcPushy": 0.4948430841825636, "car_lcSublane": 0.5285334901775651, "car_tau_mean": 1.027745394302674, "car_tau_std": 3.6939992561190627, "car_v_mean": 10.275540049164587, "car_v_std": 7.2689375334456265}, "datetime": {"datetime": "2024-08-05 17:48:13", "elapsed": 116.466916, "delta": 1.069808}}
{"target": -0.0638311525730392, "params": {"bus_acc": 1.3021490369428639, "bus_dcc": 2.5690255952033927, "bus_lcAssertive": 94.407429007197, "bus_lcCooperative": 0.865686014006334, "bus_lcLookaheadLeft": 40.422455155177914, "bus_lcPushy": 0.28386751597340265, "bus_lcSublane": 0.7617298626927418, "bus_tau_mean": 1.3416951368108072, "bus_tau_std": 2.542323546573524, "bus_v_mean": 9.345381666878872, "bus_v_std": 8.64144094764027, "car_acc": 1.8957978312405597, "car_dcc": 2.6853587818299207, "car_lcAssertive": 73.93438481165848, "car_lcCooperative": 0.7964888671311956, "car_lcLookaheadLeft": 45.855797621050755, "car_lcPushy": 0.18412755617579835, "car_lcSublane": 0.8287328515283018, "car_tau_mean": 0.6084928593988954, "car_tau_std": 9.467282696079524, "car_v_mean": 17.231645543640028, "car_v_std": 8.75388738450687}, "datetime": {"datetime": "2024-08-05 17:48:14", "elapsed": 117.730609, "delta": 1.263693}}
{"target": -0.05173134071917586, "params": {"bus_acc": 2.9949699854566587, "bus_dcc": 2.7460899290303855, "bus_lcAssertive": 30.044251570119606, "bus_lcCooperative": 0.9289494618931157, "bus_lcLookaheadLeft": 51.69770350772404, "bus_lcPushy": 0.4546922275524069, "bus_lcSublane": 0.5878715062961865, "bus_tau_mean": 1.4244817547369937, "bus_tau_std": 3.052882993474333, "bus_v_mean": 13.94647322758692, "bus_v_std": 2.444479993716109, "car_acc": 2.1690945322332595, "car_dcc": 3.087538401796979, "car_lcAssertive": 8.122774796236111, "car_lcCooperative": 0.9710833196254638, "car_lcLookaheadLeft": 75.80092427520658, "car_lcPushy": 0.8061631629534083, "car_lcSublane": 0.7516404040812905, "car_tau_mean": 0.7802134204492606, "car_tau_std": 4.816962830211771, "car_v_mean": 15.130767302426497, "car_v_std": 6.724726505249299}, "datetime": {"datetime": "2024-08-05 17:48:18", "elapsed": 121.74345, "delta": 4.012841}}
{"target": -0.053894082619780515, "params": {"bus_acc": 1.7104187786792875, "bus_dcc": 3.922637883685274, "bus_lcAssertive": 13.154440815492576, "bus_lcCooperative": 0.18756989261723955, "bus_lcLookaheadLeft": 89.16536259551893, "bus_lcPushy": 0.5834063146082279, "bus_lcSublane": 0.3092463846587796, "bus_tau_mean": 0.5026753491736581, "bus_tau_std": 2.2759773832225303, "bus_v_mean": 10.326458146739771, "bus_v_std": 2.034338243700906, "car_acc": 2.7926451136080095, "car_dcc": 3.6192831348089216, "car_lcAssertive": 70.32865432571153, "car_lcCooperative": 0.47049767615220905, "car_lcLookaheadLeft": 83.05932822856425, "car_lcPushy": 0.49582639708521237, "car_lcSublane": 0.36348868328490525, "car_tau_mean": 1.4646108596630056, "car_tau_std": 9.247408135383717, "car_v_mean": 14.191827748100675, "car_v_std": 4.928808734313202}, "datetime": {"datetime": "2024-08-05 17:48:20", "elapsed": 123.522803, "delta": 1.779353}}
{"target": -0.051975682023044215, "params": {"bus_acc": 2.0115587735797327, "bus_dcc": 3.4745756871556956, "bus_lcAssertive": 28.90266372618105, "bus_lcCooperative": 0.17849483297748825, "bus_lcLookaheadLeft": 97.04731589378197, "bus_lcPushy": 0.7419395254560768, "bus_lcSublane": 0.25979169330441454, "bus_tau_mean": 2.534323698019101, "bus_tau_std": 9.552622535381868, "bus_v_mean": 9.292062524993261, "bus_v_std": 0.8353420706174108, "car_acc": 2.2382696628398144, "car_dcc": 1.673480436507873, "car_lcAssertive": 76.7532117166173, "car_lcCooperative": 0.5681525429491051, "car_lcLookaheadLeft": 67.28643284190254, "car_lcPushy": 0.10781390079459241, "car_lcSublane": 0.08428305143655679, "car_tau_mean": 2.687923739069214, "car_tau_std": 4.097312611340205, "car_v_mean": 9.396040381951709, "car_v_std": 3.7106394501618913}, "datetime": {"datetime": "2024-08-05 17:48:23", "elapsed": 126.926437, "delta": 3.403634}}
{"target": -0.053203631322039056, "params": {"bus_acc": 1.0117619628892565, "bus_dcc": 3.2048260560518846, "bus_lcAssertive": 44.90688034848957, "bus_lcCooperative": 0.6978416560498484, "bus_lcLookaheadLeft": 20.134248264423647, "bus_lcPushy": 0.06261980198391548, "bus_lcSublane": 0.3781085867830213, "bus_tau_mean": 2.935987786559229, "bus_tau_std": 1.0281836745431583, "bus_v_mean": 11.133347738799879, "bus_v_std": 4.539526504065199, "car_acc": 2.242298379387292, "car_dcc": 3.250372744206955, "car_lcAssertive": 11.863767107280003, "car_lcCooperative": 0.6246236071556411, "car_lcLookaheadLeft": 39.96133117015912, "car_lcPushy": 0.670090368747807, "car_lcSublane": 0.2035603776619016, "car_tau_mean": 2.347715791357559, "car_tau_std": 1.721625549559327, "car_v_mean": 8.298896095942006, "car_v_std": 4.869502464239571}, "datetime": {"datetime": "2024-08-05 17:48:27", "elapsed": 130.553242, "delta": 3.626805}}
{"target": -0.06635420284963833, "params": {"bus_acc": 1.22249134513487, "bus_dcc": 3.2741849743993257, "bus_lcAssertive": 85.34263135744226, "bus_lcCooperative": 0.8442498595694283, "bus_lcLookaheadLeft": 89.26966957638477, "bus_lcPushy": 0.38184239675576115, "bus_lcSublane": 0.44380519836651855, "bus_tau_mean": 0.8555351658115816, "bus_tau_std": 2.2580692243123512, "bus_v_mean": 23.541127508371375, "bus_v_std": 2.846239689687354, "car_acc": 2.8147922844819946, "car_dcc": 3.6716568591349334, "car_lcAssertive": 92.32794522877894, "car_lcCooperative": 0.15614956444079475, "car_lcLookaheadLeft": 88.21277006313532, "car_lcPushy": 0.6319949504631371, "car_lcSublane": 0.21062817841880244, "car_tau_mean": 1.707905701730284, "car_tau_std": 1.5991878858928321, "car_v_mean": 15.109570519138035, "car_v_std": 0.8377495384546052}, "datetime": {"datetime": "2024-08-05 17:48:27", "elapsed": 131.324436, "delta": 0.771194}}
{"target": -0.057661968148515826, "params": {"bus_acc": 1.6774160509633593, "bus_dcc": 2.571688406998395, "bus_lcAssertive": 75.73425424899274, "bus_lcCooperative": 0.46385778390029564, "bus_lcLookaheadLeft": 14.232609224944277, "bus_lcPushy": 0.3125013784920495, "bus_lcSublane": 0.5045191697009946, "bus_tau_mean": 2.8584715280590367, "bus_tau_std": 7.7014995631209215, "bus_v_mean": 10.085372495269668, "bus_v_std": 0.22915131322381765, "car_acc": 2.038164644423979, "car_dcc": 3.429966131987249, "car_lcAssertive": 2.2477729359577547, "car_lcCooperative": 0.6724698446537339, "car_lcLookaheadLeft": 69.3072062123852, "car_lcPushy": 0.44924675358663757, "car_lcSublane": 0.9147886867419343, "car_tau_mean": 2.7552637966494755, "car_tau_std": 0.05239837651465851, "car_v_mean": 15.75085512823001, "car_v_std": 8.593178060976}, "datetime": {"datetime": "2024-08-05 17:48:28", "elapsed": 132.213454, "delta": 0.889018}}
{"target": -0.0560850679622765, "params": {"bus_acc": 1.9540259888045264, "bus_dcc": 2.3466365101202964, "bus_lcAssertive": 88.71379914536978, "bus_lcCooperative": 0.5276187723115614, "bus_lcLookaheadLeft": 42.090901527852274, "bus_lcPushy": 0.26889202221264585, "bus_lcSublane": 0.07201203516976995, "bus_tau_mean": 1.9634764680386052, "bus_tau_std": 0.2575348240658337, "bus_v_mean": 12.658463048838849, "bus_v_std": 5.035095098483965, "car_acc": 2.9318661300394444, "car_dcc": 1.3281487425807539, "car_lcAssertive": 67.63106436744557, "car_lcCooperative": 0.49993237109919997, "car_lcLookaheadLeft": 78.15562646902673, "car_lcPushy": 0.14360699787420927, "car_lcSublane": 0.08320263643587555, "car_tau_mean": 1.8972651187335883, "car_tau_std": 7.969622519799001, "car_v_mean": 11.066811822558241, "car_v_std": 7.67777192147274}, "datetime": {"datetime": "2024-08-05 17:48:32", "elapsed": 135.453642, "delta": 3.240188}}
{"target": -0.049212620325187195, "params": {"bus_acc": 2.4622752063979334, "bus_dcc": 2.6364135056461584, "bus_lcAssertive": 61.0470076211378, "bus_lcCooperative": 0.029782944129560285, "bus_lcLookaheadLeft": 16.3812432165564, "bus_lcPushy": 0.28398322546618515, "bus_lcSublane": 0.0048720479536060735, "bus_tau_mean": 2.8420522922899787, "bus_tau_std": 8.702579489225982, "bus_v_mean": 16.751492948339852, "bus_v_std": 5.4316404751920375, "car_acc": 2.231451857226075, "car_dcc": 1.9065445012474125, "car_lcAssertive": 37.306466184433226, "car_lcCooperative": 0.5749397272777665, "car_lcLookaheadLeft": 81.30322520429976, "car_lcPushy": 0.2015966344081711, "car_lcSublane": 0.32752405584828914, "car_tau_mean": 3.1002243763639394, "car_tau_std": 3.4092024913234207, "car_v_mean": 8.76177485930488, "car_v_std": 1.5635692867625162}, "datetime": {"datetime": "2024-08-05 17:48:35", "elapsed": 138.795894, "delta": 3.342252}}
{"target": -0.05073443521897319, "params": {"bus_acc": 1.3683555531217861, "bus_dcc": 2.9150299900101624, "bus_lcAssertive": 54.12090711470286, "bus_lcCooperative": 0.7749453799977457, "bus_lcLookaheadLeft": 40.510070458151915, "bus_lcPushy": 0.9894521308362529, "bus_lcSublane": 0.5152146961620737, "bus_tau_mean": 2.175881904149151, "bus_tau_std": 7.494424707521697, "bus_v_mean": 17.16301269267865, "bus_v_std": 3.624653173000254, "car_acc": 1.9784895709202843, "car_dcc": 1.5674151248165493, "car_lcAssertive": 39.964758015389336, "car_lcCooperative": 0.029961752524048535, "car_lcLookaheadLeft": 47.327847913535884, "car_lcPushy": 0.2744741128035708, "car_lcSublane": 0.5267158603586157, "car_tau_mean": 0.6024524249108938, "car_tau_std": 5.550867665221745, "car_v_mean": 12.687966138053715, "car_v_std": 5.774906810135474}, "datetime": {"datetime": "2024-08-05 17:48:36", "elapsed": 140.259722, "delta": 1.463828}}
{"target": -0.058611341243605716, "params": {"bus_acc": 2.8708402280141234, "bus_dcc": 2.058037981755214, "bus_lcAssertive": 62.31982440397921, "bus_lcCooperative": 0.9806990363557802, "bus_lcLookaheadLeft": 65.05932717959888, "bus_lcPushy": 0.04549821604060378, "bus_lcSublane": 0.4635570909517118, "bus_tau_mean": 1.6716297029978233, "bus_tau_std": 5.321815485216747, "bus_v_mean": 12.555939337810102, "bus_v_std": 1.222612302300028, "car_acc": 2.3365779775016033, "car_dcc": 3.0440792646739188, "car_lcAssertive": 86.84679069990976, "car_lcCooperative": 0.13238149356273743, "car_lcLookaheadLeft": 80.26479021124703, "car_lcPushy": 0.826768738405129, "car_lcSublane": 0.6465499357511519, "car_tau_mean": 1.2172275102322185, "car_tau_std": 2.614207144058379, "car_v_mean": 14.69594908062681, "car_v_std": 5.417990727827313}, "datetime": {"datetime": "2024-08-05 17:48:37", "elapsed": 141.229484, "delta": 0.969762}}
{"target": -0.06514393474927456, "params": {"bus_acc": 1.834044009405148, "bus_dcc": 3.1609734803264744, "bus_lcAssertive": 1.0113231069171438, "bus_lcCooperative": 0.30233257263183977, "bus_lcLookaheadLeft": 16.38207730007708, "bus_lcPushy": 0.0923385947687978, "bus_lcSublane": 0.1862602113776709, "bus_tau_mean": 1.709462544650667, "bus_tau_std": 3.9676747423066994, "bus_v_mean": 16.62106774405371, "bus_v_std": 4.191945144032948, "car_acc": 2.370439000793519, "car_dcc": 1.6133567491945522, "car_lcAssertive": 87.93362620270359, "car_lcCooperative": 0.027387593197926163, "car_lcLookaheadLeft": 67.70581599748341, "car_lcPushy": 0.41730480236712697, "car_lcSublane": 0.5586898284457517, "car_tau_mean": 0.9913542850833181, "car_tau_std": 1.981014890848788, "car_v_mean": 20.81191309880859, "car_v_std": 9.682615757193975}, "datetime": {"datetime": "2024-08-05 17:48:38", "elapsed": 142.300903, "delta": 1.071419}}
{"target": -0.06646405587198677, "params": {"bus_acc": 1.6447149782654213, "bus_dcc": 1.745272738990597, "bus_lcAssertive": 50.05400315475811, "bus_lcCooperative": 0.8244596107976835, "bus_lcLookaheadLeft": 85.68929666433324, "bus_lcPushy": 0.5958299420587015, "bus_lcSublane": 0.24017373383106666, "bus_tau_mean": 1.1527244089543984, "bus_tau_std": 7.43390512402039, "bus_v_mean": 11.795424922296762, "bus_v_std": 5.394908909265497, "car_acc": 2.4985615742543836, "car_dcc": 1.6847473138461577, "car_lcAssertive": 18.27561756970166, "car_lcCooperative": 0.03973568657585125, "car_lcLookaheadLeft": 16.461746094594858, "car_lcPushy": 0.8514389069469908, "car_lcSublane": 0.10463591174495857, "car_tau_mean": 1.2827576593456123, "car_tau_std": 0.3275719974597713, "car_v_mean": 18.821706167220455, "car_v_std": 2.3170314146471958}, "datetime": {"datetime": "2024-08-05 17:48:42", "elapsed": 145.930103, "delta": 3.6292}}
{"target": -0.0476998262414809, "params": {"bus_acc": 2.338465786906369, "bus_dcc": 1.7947586729884282, "bus_lcAssertive": 7.567148608415716, "bus_lcCooperative": 0.3700841979141063, "bus_lcLookaheadLeft": 63.71231568811332, "bus_lcPushy": 0.2101740099148396, "bus_lcSublane": 0.7527555537388139, "bus_tau_mean": 0.7328776847394023, "bus_tau_std": 2.6031509857854096, "bus_v_mean": 20.876073019893525, "bus_v_std": 1.9343428262332774, "car_acc": 2.2789217617598805, "car_dcc": 2.574010927371201, "car_lcAssertive": 92.55598906953571, "car_lcCooperative": 0.263296770487111, "car_lcLookaheadLeft": 8.46418688703433, "car_lcPushy": 0.7350659632886695, "car_lcSublane": 0.7721780295432468, "car_tau_mean": 3.677355483762334, "car_tau_std": 9.319720691968373, "car_v_mean": 8.223225167609552, "car_v_std": 2.3436208612142053}, "datetime": {"datetime": "2024-08-05 17:48:43", "elapsed": 147.08554, "delta": 1.155437}}
{"target": -0.05032482711622247, "params": {"bus_acc": 2.0376085014668286, "bus_dcc": 1.5168391044313765, "bus_lcAssertive": 8.382833053896505, "bus_lcCooperative": 0.37030569377388767, "bus_lcLookaheadLeft": 14.095048261843528, "bus_lcPushy": 0.6345187162918416, "bus_lcSublane": 0.4139198457294089, "bus_tau_mean": 3.9682047138390755, "bus_tau_std": 9.299556236533178, "bus_v_mean": 10.387776516956, "bus_v_std": 3.9488226253680048, "car_acc": 1.9231594219247723, "car_dcc": 2.6828462653658356, "car_lcAssertive": 78.25598880563759, "car_lcCooperative": 0.48719390907342375, "car_lcLookaheadLeft": 43.1593680970036, "car_lcPushy": 0.26199970471933565, "car_lcSublane": 0.9108061390867584, "car_tau_mean": 0.5779502903648146, "car_tau_std": 8.211218982189646, "car_v_mean": 11.015494394662696, "car_v_std": 6.857568991725472}, "datetime": {"datetime": "2024-08-05 17:48:48", "elapsed": 151.538066, "delta": 4.452526}}
{"target": -0.05464015266959991, "params": {"bus_acc": 2.2370271338241707, "bus_dcc": 1.0310927840056958, "bus_lcAssertive": 54.32410097505835, "bus_lcCooperative": 0.0030179566195963625, "bus_lcLookaheadLeft": 95.21699097804004, "bus_lcPushy": 0.905402033702778, "bus_lcSublane": 0.7959669419422694, "bus_tau_mean": 3.7034601197017563, "bus_tau_std": 1.4555823115839706, "bus_v_mean": 10.523681117928533, "bus_v_std": 1.8763167290243399, "car_acc": 2.2449918045998425, "car_dcc": 3.7174284880249058, "car_lcAssertive": 99.0055626575483, "car_lcCooperative": 0.7111224587658159, "car_lcLookaheadLeft": 73.71644009594493, "car_lcPushy": 0.9092932045442544, "car_lcSublane": 0.4008737323711209, "car_tau_mean": 1.3744773807876287, "car_tau_std": 1.7343017078712286, "car_v_mean": 9.911312805339664, "car_v_std": 8.126105880328288}, "datetime": {"datetime": "2024-08-05 17:48:49", "elapsed": 152.826741, "delta": 1.288675}}
