{"target": -0.38850967190261776, "params": {"bus_acc": 1.3642, "bus_dcc": 1.9202, "bus_lcAssertive": 79.6643, "bus_lcCooperative": 0.7002, "bus_lcLookaheadLeft": 25.579, "bus_lcPushy": 0.542, "bus_lcSigma": 0.6255, "bus_lcSpeedGainRight": 3.5836, "bus_lcSublane": 0.4925, "bus_sigma": 0.4468, "bus_tau_mean": 1.5866, "bus_tau_std": 2.1656, "bus_v_mean": 9.9911, "bus_v_std": 13.2744, "car_acc": 3.7545, "car_dcc": 3.0781, "car_lcAssertive": 1.3943, "car_lcCooperative": 0.4162, "car_lcLookaheadLeft": 14.0356, "car_lcPushy": 0.4948, "car_lcSigma": 0.8982, "car_lcSpeedGainRight": 2.4844, "car_lcSublane": 0.3692, "car_sigma": 0.7858, "car_tau_mean": 3.861, "car_tau_std": 2.754, "car_v_mean": 20.9837, "car_v_std": 19.5949}, "datetime": {"datetime": "2024-08-08 13:23:15", "elapsed": 2183.135588, "delta": 1.400111}}
{"target": -0.32602746272092514, "params": {"bus_acc": 3.1829, "bus_dcc": 2.296, "bus_lcAssertive": 52.5258, "bus_lcCooperative": 0.8801, "bus_lcLookaheadLeft": 13.5921, "bus_lcPushy": 0.4893, "bus_lcSigma": 0.5476, "bus_lcSpeedGainRight": 1.6405, "bus_lcSublane": 0.638, "bus_sigma": 0.1748, "bus_tau_mean": 1.3276, "bus_tau_std": 8.8136, "bus_v_mean": 12.8814, "bus_v_std": 11.8362, "car_acc": 1.6164, "car_dcc": 1.3252, "car_lcAssertive": 13.8876, "car_lcCooperative": 0.8524, "car_lcLookaheadLeft": 80.3895, "car_lcPushy": 0.7749, "car_lcSigma": 0.834, "car_lcSpeedGainRight": 2.1339, "car_lcSublane": 0.3158, "car_sigma": 0.2835, "car_tau_mean": 3.485, "car_tau_std": 5.7686, "car_v_mean": 8.9566, "car_v_std": 16.1817}, "datetime": {"datetime": "2024-08-08 13:23:17", "elapsed": 2184.745232, "delta": 1.609644}}
{"target": -0.3596398169657062, "params": {"bus_acc": 1.5451, "bus_dcc": 3.3378, "bus_lcAssertive": 58.9697, "bus_lcCooperative": 0.4215, "bus_lcLookaheadLeft": 82.0661, "bus_lcPushy": 0.5007, "bus_lcSigma": 0.1602, "bus_lcSpeedGainRight": 4.7394, "bus_lcSublane": 0.6468, "bus_sigma": 0.7552, "bus_tau_mean": 1.6963, "bus_tau_std": 3.5904, "bus_v_mean": 12.8728, "bus_v_std": 16.2096, "car_acc": 3.867, "car_dcc": 1.1261, "car_lcAssertive": 17.7572, "car_lcCooperative": 0.7967, "car_lcLookaheadLeft": 93.0627, "car_lcPushy": 0.8229, "car_lcSigma": 0.0864, "car_lcSpeedGainRight": 3.67, "car_lcSublane": 0.2756, "car_sigma": 0.2987, "car_tau_mean": 3.2313, "car_tau_std": 1.4958, "car_v_mean": 10.2791, "car_v_std": 12.8311}, "datetime": {"datetime": "2024-08-08 13:23:18", "elapsed": 2185.883766, "delta": 1.138534}}
{"target": -0.3346698648960319, "params": {"bus_acc": 1.1618, "bus_dcc": 1.1997, "bus_lcAssertive": 91.591, "bus_lcCooperative": 0.5159, "bus_lcLookaheadLeft": 74.4541, "bus_lcPushy": 0.8533, "bus_lcSigma": 0.8782, "bus_lcSpeedGainRight": 1.7355, "bus_lcSublane": 0.9927, "bus_sigma": 0.4133, "bus_tau_mean": 1.9778, "bus_tau_std": 5.8855, "bus_v_mean": 10.8311, "bus_v_std": 15.9648, "car_acc": 2.3146, "car_dcc": 3.4574, "car_lcAssertive": 51.8503, "car_lcCooperative": 0.4027, "car_lcLookaheadLeft": 45.3954, "car_lcPushy": 0.5536, "car_lcSigma": 0.8852, "car_lcSpeedGainRight": 3.5242, "car_lcSublane": 0.4017, "car_sigma": 0.1131, "car_tau_mean": 2.9435, "car_tau_std": 7.4482, "car_v_mean": 10.0028, "car_v_std": 9.0583}, "datetime": {"datetime": "2024-08-08 13:23:19", "elapsed": 2187.058622, "delta": 1.174856}}
{"target": -0.3411122821169154, "params": {"bus_acc": 3.9793, "bus_dcc": 2.3371, "bus_lcAssertive": 5.8336, "bus_lcCooperative": 0.8063, "bus_lcLookaheadLeft": 29.6003, "bus_lcPushy": 0.6806, "bus_lcSigma": 0.0644, "bus_lcSpeedGainRight": 2.4468, "bus_lcSublane": 0.7781, "bus_sigma": 0.8941, "bus_tau_mean": 1.4096, "bus_tau_std": 7.6433, "bus_v_mean": 18.7507, "bus_v_std": 9.091, "car_acc": 3.5123, "car_dcc": 2.4189, "car_lcAssertive": 92.7725, "car_lcCooperative": 0.4763, "car_lcLookaheadLeft": 75.8445, "car_lcPushy": 0.1948, "car_lcSigma": 0.8148, "car_lcSpeedGainRight": 2.2898, "car_lcSublane": 0.786, "car_sigma": 0.2434, "car_tau_mean": 3.368, "car_tau_std": 0.9218, "car_v_mean": 22.4542, "car_v_std": 14.3844}, "datetime": {"datetime": "2024-08-08 13:23:21", "elapsed": 2188.697307, "delta": 1.638685}}
{"target": -0.36414171779534643, "params": {"bus_acc": 4.1327, "bus_dcc": 3.0041, "bus_lcAssertive": 81.3992, "bus_lcCooperative": 0.0188, "bus_lcLookaheadLeft": 23.7671, "bus_lcPushy": 0.0565, "bus_lcSigma": 0.1133, "bus_lcSpeedGainRight": 2.6741, "bus_lcSublane": 0.4683, "bus_sigma": 0.0911, "bus_tau_mean": 2.5834, "bus_tau_std": 9.7389, "bus_v_mean": 17.1521, "bus_v_std": 19.8474, "car_acc": 4.9623, "car_dcc": 1.029, "car_lcAssertive": 37.6284, "car_lcCooperative": 0.0902, "car_lcLookaheadLeft": 66.959, "car_lcPushy": 0.0267, "car_lcSigma": 0.1787, "car_lcSpeedGainRight": 2.4791, "car_lcSublane": 0.2626, "car_sigma": 0.3186, "car_tau_mean": 1.9267, "car_tau_std": 8.9892, "car_v_mean": 20.0974, "car_v_std": 6.9849}, "datetime": {"datetime": "2024-08-08 13:23:22", "elapsed": 2189.907583, "delta": 1.210276}}
{"target": -0.3562717845441191, "params": {"bus_acc": 1.3017, "bus_dcc": 1.8841, "bus_lcAssertive": 79.6177, "bus_lcCooperative": 0.704, "bus_lcLookaheadLeft": 25.6883, "bus_lcPushy": 0.5446, "bus_lcSigma": 0.6171, "bus_lcSpeedGainRight": 3.5885, "bus_lcSublane": 0.4864, "bus_sigma": 0.4381, "bus_tau_mean": 1.5847, "bus_tau_std": 2.2105, "bus_v_mean": 9.8852, "bus_v_std": 13.2005, "car_acc": 3.7387, "car_dcc": 3.0747, "car_lcAssertive": 1.377, "car_lcCooperative": 0.4206, "car_lcLookaheadLeft": 14.0303, "car_lcPushy": 0.5013, "car_lcSigma": 0.915, "car_lcSpeedGainRight": 2.4868, "car_lcSublane": 0.3702, "car_sigma": 0.7915, "car_tau_mean": 3.8668, "car_tau_std": 2.7782, "car_v_mean": 20.9556, "car_v_std": 19.6629}, "datetime": {"datetime": "2024-08-08 13:23:23", "elapsed": 2191.175791, "delta": 1.268208}}
{"target": -0.4002706628319044, "params": {"bus_acc": 1.2193, "bus_dcc": 3.1229, "bus_lcAssertive": 35.3862, "bus_lcCooperative": 0.998, "bus_lcLookaheadLeft": 57.7114, "bus_lcPushy": 0.6581, "bus_lcSigma": 0.0661, "bus_lcSpeedGainRight": 3.9558, "bus_lcSublane": 0.944, "bus_sigma": 0.1059, "bus_tau_mean": 0.5876, "bus_tau_std": 2.1925, "bus_v_mean": 16.8668, "bus_v_std": 15.8065, "car_acc": 1.9066, "car_dcc": 2.0591, "car_lcAssertive": 88.9419, "car_lcCooperative": 0.0093, "car_lcLookaheadLeft": 77.6132, "car_lcPushy": 0.5586, "car_lcSigma": 0.8962, "car_lcSpeedGainRight": 4.2879, "car_lcSublane": 0.0629, "car_sigma": 0.8298, "car_tau_mean": 1.7781, "car_tau_std": 3.8559, "car_v_mean": 10.1586, "car_v_std": 4.3857}, "datetime": {"datetime": "2024-08-08 13:23:24", "elapsed": 2191.944212, "delta": 0.768421}}
{"target": -0.36101061523898, "params": {"bus_acc": 4.5075, "bus_dcc": 1.5061, "bus_lcAssertive": 51.4443, "bus_lcCooperative": 0.5561, "bus_lcLookaheadLeft": 75.4036, "bus_lcPushy": 0.5656, "bus_lcSigma": 0.2086, "bus_lcSpeedGainRight": 4.5776, "bus_lcSublane": 0.8298, "bus_sigma": 0.1349, "bus_tau_mean": 1.7994, "bus_tau_std": 4.382, "bus_v_mean": 23.3106, "bus_v_std": 17.2486, "car_acc": 2.9608, "car_dcc": 3.4796, "car_lcAssertive": 7.2446, "car_lcCooperative": 0.7361, "car_lcLookaheadLeft": 44.0588, "car_lcPushy": 0.8732, "car_lcSigma": 0.553, "car_lcSpeedGainRight": 2.1205, "car_lcSublane": 0.6774, "car_sigma": 0.8418, "car_tau_mean": 1.4347, "car_tau_std": 8.3918, "car_v_mean": 19.2869, "car_v_std": 19.4289}, "datetime": {"datetime": "2024-08-08 13:23:29", "elapsed": 2196.897549, "delta": 4.953337}}
{"target": -0.36119463884238623, "params": {"bus_acc": 1.3091, "bus_dcc": 1.8883, "bus_lcAssertive": 79.6231, "bus_lcCooperative": 0.7035, "bus_lcLookaheadLeft": 25.6753, "bus_lcPushy": 0.5442, "bus_lcSigma": 0.618, "bus_lcSpeedGainRight": 3.5879, "bus_lcSublane": 0.4871, "bus_sigma": 0.4391, "bus_tau_mean": 1.5848, "bus_tau_std": 2.2052, "bus_v_mean": 9.8977, "bus_v_std": 13.2092, "car_acc": 3.7406, "car_dcc": 3.075, "car_lcAssertive": 1.379, "car_lcCooperative": 0.42, "car_lcLookaheadLeft": 14.0309, "car_lcPushy": 0.5004, "car_lcSigma": 0.913, "car_lcSpeedGainRight": 2.4865, "car_lcSublane": 0.3701, "car_sigma": 0.7908, "car_tau_mean": 3.8661, "car_tau_std": 2.7753, "car_v_mean": 20.9589, "car_v_std": 19.6549}, "datetime": {"datetime": "2024-08-08 13:23:33", "elapsed": 2201.285025, "delta": 4.387476}}
{"target": -0.33358829514575883, "params": {"bus_acc": 3.1978, "bus_dcc": 3.1618, "bus_lcAssertive": 65.48, "bus_lcCooperative": 0.2733, "bus_lcLookaheadLeft": 70.3871, "bus_lcPushy": 0.199, "bus_lcSigma": 0.9887, "bus_lcSpeedGainRight": 2.8084, "bus_lcSublane": 0.8363, "bus_sigma": 0.5219, "bus_tau_mean": 2.2911, "bus_tau_std": 1.0861, "bus_v_mean": 19.6689, "bus_v_std": 6.8627, "car_acc": 2.7534, "car_dcc": 2.1876, "car_lcAssertive": 67.6456, "car_lcCooperative": 0.2958, "car_lcLookaheadLeft": 40.623, "car_lcPushy": 0.8856, "car_lcSigma": 0.1388, "car_lcSpeedGainRight": 1.0389, "car_lcSublane": 0.7763, "car_sigma": 0.3116, "car_tau_mean": 3.0377, "car_tau_std": 4.4944, "car_v_mean": 8.4877, "car_v_std": 0.1663}, "datetime": {"datetime": "2024-08-08 13:23:34", "elapsed": 2202.226561, "delta": 0.941536}}
{"target": -0.35661158040526597, "params": {"bus_acc": 2.6007, "bus_dcc": 2.8267, "bus_lcAssertive": 58.9611, "bus_lcCooperative": 0.574, "bus_lcLookaheadLeft": 52.4288, "bus_lcPushy": 0.5139, "bus_lcSigma": 0.0186, "bus_lcSpeedGainRight": 1.7698, "bus_lcSublane": 0.5874, "bus_sigma": 0.0017, "bus_tau_mean": 3.8208, "bus_tau_std": 5.2073, "bus_v_mean": 12.3809, "bus_v_std": 5.5695, "car_acc": 2.7793, "car_dcc": 3.9759, "car_lcAssertive": 52.1366, "car_lcCooperative": 0.4087, "car_lcLookaheadLeft": 4.3136, "car_lcPushy": 0.5345, "car_lcSigma": 0.3892, "car_lcSpeedGainRight": 0.1096, "car_lcSublane": 0.6718, "car_sigma": 0.5365, "car_tau_mean": 2.4304, "car_tau_std": 3.4126, "car_v_mean": 15.8494, "car_v_std": 9.7569}, "datetime": {"datetime": "2024-08-08 13:23:40", "elapsed": 2207.561117, "delta": 5.334556}}
{"target": -0.36751907672909995, "params": {"bus_acc": 4.4672, "bus_dcc": 3.1107, "bus_lcAssertive": 63.5844, "bus_lcCooperative": 0.1312, "bus_lcLookaheadLeft": 88.3034, "bus_lcPushy": 0.0522, "bus_lcSigma": 0.4436, "bus_lcSpeedGainRight": 0.4754, "bus_lcSublane": 0.8832, "bus_sigma": 0.9828, "bus_tau_mean": 3.5564, "bus_tau_std": 6.1558, "bus_v_mean": 12.4667, "bus_v_std": 19.7138, "car_acc": 4.2139, "car_dcc": 3.9893, "car_lcAssertive": 98.112, "car_lcCooperative": 0.7245, "car_lcLookaheadLeft": 20.7387, "car_lcPushy": 0.2154, "car_lcSigma": 0.2237, "car_lcSpeedGainRight": 2.7454, "car_lcSublane": 0.6878, "car_sigma": 0.5404, "car_tau_mean": 1.3555, "car_tau_std": 3.0869, "car_v_mean": 22.9763, "car_v_std": 7.1784}, "datetime": {"datetime": "2024-08-08 13:23:41", "elapsed": 2208.681335, "delta": 1.120218}}
{"target": -0.3501887840983149, "params": {"bus_acc": 4.2952, "bus_dcc": 2.8887, "bus_lcAssertive": 6.5573, "bus_lcCooperative": 0.7163, "bus_lcLookaheadLeft": 77.4572, "bus_lcPushy": 0.7416, "bus_lcSigma": 0.7849, "bus_lcSpeedGainRight": 0.4769, "bus_lcSublane": 0.9707, "bus_sigma": 0.6987, "bus_tau_mean": 2.4826, "bus_tau_std": 8.6219, "bus_v_mean": 12.6965, "bus_v_std": 2.1865, "car_acc": 3.1184, "car_dcc": 1.3203, "car_lcAssertive": 50.6543, "car_lcCooperative": 0.2614, "car_lcLookaheadLeft": 37.6872, "car_lcPushy": 0.7355, "car_lcSigma": 0.2692, "car_lcSpeedGainRight": 1.7607, "car_lcSublane": 0.4523, "car_sigma": 0.2952, "car_tau_mean": 1.7052, "car_tau_std": 5.2083, "car_v_mean": 20.5135, "car_v_std": 15.1438}, "datetime": {"datetime": "2024-08-08 13:23:43", "elapsed": 2211.077142, "delta": 2.395807}}
{"target": -0.3784307329426946, "params": {"bus_acc": 3.6514, "bus_dcc": 1.0081, "bus_lcAssertive": 31.9485, "bus_lcCooperative": 0.177, "bus_lcLookaheadLeft": 30.6304, "bus_lcPushy": 0.3786, "bus_lcSigma": 0.6878, "bus_lcSpeedGainRight": 4.1533, "bus_lcSublane": 0.0759, "bus_sigma": 0.2326, "bus_tau_mean": 0.5703, "bus_tau_std": 7.8481, "bus_v_mean": 22.7984, "bus_v_std": 6.3845, "car_acc": 2.8622, "car_dcc": 3.9131, "car_lcAssertive": 51.5098, "car_lcCooperative": 0.3666, "car_lcLookaheadLeft": 20.355, "car_lcPushy": 0.655, "car_lcSigma": 0.8797, "car_lcSpeedGainRight": 4.6069, "car_lcSublane": 0.1177, "car_sigma": 0.5008, "car_tau_mean": 2.4407, "car_tau_std": 8.9368, "car_v_mean": 20.5914, "car_v_std": 13.9421}, "datetime": {"datetime": "2024-08-08 13:23:45", "elapsed": 2213.196837, "delta": 2.119695}}
{"target": -0.34231593658466974, "params": {"bus_acc": 2.1064, "bus_dcc": 1.5216, "bus_lcAssertive": 42.9114, "bus_lcCooperative": 0.3953, "bus_lcLookaheadLeft": 40.1811, "bus_lcPushy": 0.287, "bus_lcSigma": 0.5391, "bus_lcSpeedGainRight": 2.408, "bus_lcSublane": 0.9353, "bus_sigma": 0.7323, "bus_tau_mean": 1.4571, "bus_tau_std": 2.2701, "bus_v_mean": 18.6526, "bus_v_std": 11.129, "car_acc": 3.3066, "car_dcc": 1.5118, "car_lcAssertive": 20.1427, "car_lcCooperative": 0.4994, "car_lcLookaheadLeft": 10.3201, "car_lcPushy": 0.0412, "car_lcSigma": 0.8542, "car_lcSpeedGainRight": 2.2477, "car_lcSublane": 0.8155, "car_sigma": 0.7907, "car_tau_mean": 3.8169, "car_tau_std": 6.5178, "car_v_mean": 21.6194, "car_v_std": 17.025}, "datetime": {"datetime": "2024-08-08 13:23:46", "elapsed": 2214.368418, "delta": 1.171581}}
{"target": -0.3495800580439522, "params": {"bus_acc": 2.4276, "bus_dcc": 2.4605, "bus_lcAssertive": 22.3123, "bus_lcCooperative": 0.5281, "bus_lcLookaheadLeft": 15.5791, "bus_lcPushy": 0.5111, "bus_lcSigma": 0.6992, "bus_lcSpeedGainRight": 2.5967, "bus_lcSublane": 0.1208, "bus_sigma": 0.244, "bus_tau_mean": 3.8451, "bus_tau_std": 8.8821, "bus_v_mean": 13.3731, "bus_v_std": 12.4864, "car_acc": 4.2854, "car_dcc": 2.5419, "car_lcAssertive": 65.1886, "car_lcCooperative": 0.3389, "car_lcLookaheadLeft": 23.7077, "car_lcPushy": 0.1593, "car_lcSigma": 0.2504, "car_lcSpeedGainRight": 3.0177, "car_lcSublane": 0.0661, "car_sigma": 0.6235, "car_tau_mean": 3.3368, "car_tau_std": 8.4685, "car_v_mean": 12.3721, "car_v_std": 10.2825}, "datetime": {"datetime": "2024-08-08 13:23:48", "elapsed": 2216.138413, "delta": 1.769995}}
{"target": -0.33253923745680636, "params": {"bus_acc": 4.3519, "bus_dcc": 1.517, "bus_lcAssertive": 3.7216, "bus_lcCooperative": 0.057, "bus_lcLookaheadLeft": 42.3816, "bus_lcPushy": 0.7588, "bus_lcSigma": 0.5506, "bus_lcSpeedGainRight": 0.2696, "bus_lcSublane": 0.1877, "bus_sigma": 0.915, "bus_tau_mean": 1.915, "bus_tau_std": 1.4014, "bus_v_mean": 21.2077, "bus_v_std": 9.5131, "car_acc": 3.5897, "car_dcc": 2.5697, "car_lcAssertive": 88.1731, "car_lcCooperative": 0.5113, "car_lcLookaheadLeft": 41.0814, "car_lcPushy": 0.7829, "car_lcSigma": 0.2661, "car_lcSpeedGainRight": 0.0073, "car_lcSublane": 0.8245, "car_sigma": 0.475, "car_tau_mean": 2.2624, "car_tau_std": 9.1376, "car_v_mean": 12.904, "car_v_std": 14.2422}, "datetime": {"datetime": "2024-08-08 13:23:49", "elapsed": 2217.009466, "delta": 0.871053}}
{"target": -0.3711487182631709, "params": {"bus_acc": 3.3864, "bus_dcc": 1.1019, "bus_lcAssertive": 80.3707, "bus_lcCooperative": 0.3883, "bus_lcLookaheadLeft": 91.978, "bus_lcPushy": 0.0579, "bus_lcSigma": 0.8578, "bus_lcSpeedGainRight": 2.6373, "bus_lcSublane": 0.8731, "bus_sigma": 0.1805, "bus_tau_mean": 1.8083, "bus_tau_std": 1.9975, "bus_v_mean": 19.2367, "bus_v_std": 18.0768, "car_acc": 1.7552, "car_dcc": 2.7887, "car_lcAssertive": 76.917, "car_lcCooperative": 0.5553, "car_lcLookaheadLeft": 93.6232, "car_lcPushy": 0.5191, "car_lcSigma": 0.0848, "car_lcSpeedGainRight": 1.2306, "car_lcSublane": 0.3148, "car_sigma": 0.8553, "car_tau_mean": 0.9173, "car_tau_std": 3.0851, "car_v_mean": 11.0336, "car_v_std": 8.0315}, "datetime": {"datetime": "2024-08-08 13:23:51", "elapsed": 2219.157933, "delta": 2.148467}}
{"target": -0.30448553939935286, "params": {"bus_acc": 4.4444, "bus_dcc": 1.52, "bus_lcAssertive": 19.3316, "bus_lcCooperative": 0.464, "bus_lcLookaheadLeft": 8.9981, "bus_lcPushy": 0.3078, "bus_lcSigma": 0.3388, "bus_lcSpeedGainRight": 2.323, "bus_lcSublane": 0.1305, "bus_sigma": 0.1484, "bus_tau_mean": 3.8557, "bus_tau_std": 9.9762, "bus_v_mean": 11.7287, "bus_v_std": 19.8801, "car_acc": 3.2588, "car_dcc": 1.62, "car_lcAssertive": 7.1345, "car_lcCooperative": 0.4563, "car_lcLookaheadLeft": 30.8494, "car_lcPushy": 0.7116, "car_lcSigma": 0.1898, "car_lcSpeedGainRight": 3.1008, "car_lcSublane": 0.4894, "car_sigma": 0.4182, "car_tau_mean": 1.5732, "car_tau_std": 3.2188, "car_v_mean": 23.9415, "car_v_std": 16.3776}, "datetime": {"datetime": "2024-08-08 13:23:55", "elapsed": 2223.309662, "delta": 4.151729}}
{"target": -0.3636680130105694, "params": {"bus_acc": 1.0707, "bus_dcc": 3.423, "bus_lcAssertive": 34.9888, "bus_lcCooperative": 0.8668, "bus_lcLookaheadLeft": 60.342, "bus_lcPushy": 0.5635, "bus_lcSigma": 0.99, "bus_lcSpeedGainRight": 1.2912, "bus_lcSublane": 0.164, "bus_sigma": 0.3541, "bus_tau_mean": 3.3799, "bus_tau_std": 2.3937, "bus_v_mean": 17.5078, "bus_v_std": 15.5346, "car_acc": 3.5125, "car_dcc": 2.4822, "car_lcAssertive": 70.891, "car_lcCooperative": 0.8937, "car_lcLookaheadLeft": 2.9727, "car_lcPushy": 0.3741, "car_lcSigma": 0.2762, "car_lcSpeedGainRight": 4.7149, "car_lcSublane": 0.3414, "car_sigma": 0.1464, "car_tau_mean": 2.2958, "car_tau_std": 8.0955, "car_v_mean": 21.5445, "car_v_std": 7.415}, "datetime": {"datetime": "2024-08-08 13:24:01", "elapsed": 2229.014175, "delta": 5.704513}}
{"target": -0.4322043990301305, "params": {"bus_acc": 4.6662, "bus_dcc": 3.8825, "bus_lcAssertive": 22.0628, "bus_lcCooperative": 0.6392, "bus_lcLookaheadLeft": 37.238, "bus_lcPushy": 0.5986, "bus_lcSigma": 0.3704, "bus_lcSpeedGainRight": 4.2713, "bus_lcSublane": 0.7972, "bus_sigma": 0.9225, "bus_tau_mean": 2.7561, "bus_tau_std": 7.4267, "bus_v_mean": 17.0885, "bus_v_std": 7.7725, "car_acc": 1.4094, "car_dcc": 2.1776, "car_lcAssertive": 36.7872, "car_lcCooperative": 0.595, "car_lcLookaheadLeft": 96.6142, "car_lcPushy": 0.1991, "car_lcSigma": 0.6748, "car_lcSpeedGainRight": 4.9513, "car_lcSublane": 0.6542, "car_sigma": 0.7291, "car_tau_mean": 0.6991, "car_tau_std": 2.8291, "car_v_mean": 8.2479, "car_v_std": 3.5849}, "datetime": {"datetime": "2024-08-08 13:24:13", "elapsed": 2240.786255, "delta": 11.77208}}
{"target": -0.3518739065108369, "params": {"bus_acc": 4.5813, "bus_dcc": 3.4356, "bus_lcAssertive": 81.1034, "bus_lcCooperative": 0.6082, "bus_lcLookaheadLeft": 34.045, "bus_lcPushy": 0.8473, "bus_lcSigma": 0.8043, "bus_lcSpeedGainRight": 4.4163, "bus_lcSublane": 0.6351, "bus_sigma": 0.1111, "bus_tau_mean": 3.2513, "bus_tau_std": 1.8025, "bus_v_mean": 9.0012, "bus_v_std": 18.0858, "car_acc": 2.7392, "car_dcc": 1.3988, "car_lcAssertive": 45.4247, "car_lcCooperative": 0.2947, "car_lcLookaheadLeft": 28.4099, "car_lcPushy": 0.8488, "car_lcSigma": 0.0229, "car_lcSpeedGainRight": 4.768, "car_lcSublane": 0.4966, "car_sigma": 0.4706, "car_tau_mean": 3.0779, "car_tau_std": 2.562, "car_v_mean": 15.7542, "car_v_std": 18.6257}, "datetime": {"datetime": "2024-08-08 13:24:14", "elapsed": 2241.726799, "delta": 0.940544}}
{"target": -0.3643627792208955, "params": {"bus_acc": 2.5412, "bus_dcc": 2.1678, "bus_lcAssertive": 15.6525, "bus_lcCooperative": 0.0292, "bus_lcLookaheadLeft": 53.9477, "bus_lcPushy": 0.1665, "bus_lcSigma": 0.6683, "bus_lcSpeedGainRight": 3.9794, "bus_lcSublane": 0.8708, "bus_sigma": 0.115, "bus_tau_mean": 0.9576, "bus_tau_std": 4.7987, "bus_v_mean": 20.4462, "bus_v_std": 11.1033, "car_acc": 1.6749, "car_dcc": 3.5739, "car_lcAssertive": 4.2369, "car_lcCooperative": 0.5261, "car_lcLookaheadLeft": 84.9193, "car_lcPushy": 0.0857, "car_lcSigma": 0.0465, "car_lcSpeedGainRight": 4.666, "car_lcSublane": 0.9523, "car_sigma": 0.7324, "car_tau_mean": 3.3648, "car_tau_std": 1.9632, "car_v_mean": 9.4301, "car_v_std": 10.0041}, "datetime": {"datetime": "2024-08-08 13:24:15", "elapsed": 2242.820321, "delta": 1.093522}}
{"target": -0.3528211867547542, "params": {"bus_acc": 2.424, "bus_dcc": 3.5579, "bus_lcAssertive": 62.9893, "bus_lcCooperative": 0.3938, "bus_lcLookaheadLeft": 25.4734, "bus_lcPushy": 0.2478, "bus_lcSigma": 0.4715, "bus_lcSpeedGainRight": 1.0663, "bus_lcSublane": 0.4829, "bus_sigma": 0.2444, "bus_tau_mean": 0.9732, "bus_tau_std": 6.89, "bus_v_mean": 20.2285, "bus_v_std": 17.0058, "car_acc": 2.3247, "car_dcc": 1.7891, "car_lcAssertive": 92.3764, "car_lcCooperative": 0.7763, "car_lcLookaheadLeft": 47.5022, "car_lcPushy": 0.8281, "car_lcSigma": 0.2352, "car_lcSpeedGainRight": 2.7502, "car_lcSublane": 0.8516, "car_sigma": 0.859, "car_tau_mean": 3.3326, "car_tau_std": 0.1433, "car_v_mean": 17.9479, "car_v_std": 17.3111}, "datetime": {"datetime": "2024-08-08 13:24:17", "elapsed": 2245.171608, "delta": 2.351287}}
{"target": -0.37400752330420356, "params": {"bus_acc": 4.8589, "bus_dcc": 3.2941, "bus_lcAssertive": 66.1542, "bus_lcCooperative": 0.7303, "bus_lcLookaheadLeft": 88.8463, "bus_lcPushy": 0.2456, "bus_lcSigma": 0.2323, "bus_lcSpeedGainRight": 4.5037, "bus_lcSublane": 0.6385, "bus_sigma": 0.8806, "bus_tau_mean": 0.6893, "bus_tau_std": 2.8704, "bus_v_mean": 9.0376, "bus_v_std": 0.8129, "car_acc": 1.4848, "car_dcc": 2.2984, "car_lcAssertive": 21.7779, "car_lcCooperative": 0.2508, "car_lcLookaheadLeft": 41.461, "car_lcPushy": 0.4396, "car_lcSigma": 0.1373, "car_lcSpeedGainRight": 3.8473, "car_lcSublane": 0.3944, "car_sigma": 0.7728, "car_tau_mean": 1.8453, "car_tau_std": 8.5182, "car_v_mean": 11.0389, "car_v_std": 10.5995}, "datetime": {"datetime": "2024-08-08 13:24:40", "elapsed": 2268.174278, "delta": 23.00267}}
