{"target": -0.044483565199105256, "params": {"bus_acc": 1.834044009405148, "bus_dcc": 3.1609734803264744, "bus_lcAssertive": 1.0113231069171438, "bus_lcCooperative": 0.30233257263183977, "bus_lcLookaheadLeft": 16.38207730007708, "bus_lcPushy": 0.0923385947687978, "bus_lcSublane": 0.1862602113776709, "bus_tau_mean": 1.709462544650667, "bus_tau_std": 3.9676747423066994, "bus_v_mean": 16.62106774405371, "bus_v_std": 4.191945144032948, "car_acc": 2.370439000793519, "car_dcc": 1.6133567491945522, "car_lcAssertive": 87.93362620270359, "car_lcCooperative": 0.027387593197926163, "car_lcLookaheadLeft": 67.70581599748341, "car_lcPushy": 0.41730480236712697, "car_lcSublane": 0.5586898284457517, "car_tau_mean": 0.9913542850833181, "car_tau_std": 1.981014890848788, "car_v_mean": 20.81191309880859, "car_v_std": 9.682615757193975}, "datetime": {"datetime": "2024-08-04 14:26:49", "elapsed": 352.755393, "delta": 3.552329}}
{"target": -0.038516317290933355, "params": {"bus_acc": 2.5594885909652, "bus_dcc": 1.5242089384822224, "bus_lcAssertive": 34.85333079394279, "bus_lcCooperative": 0.14459772083809674, "bus_lcLookaheadLeft": 72.24353978634485, "bus_lcPushy": 0.6993076236968142, "bus_lcSublane": 0.6884973179489188, "bus_tau_mean": 1.3868861207020489, "bus_tau_std": 6.923601216234089, "bus_v_mean": 11.636760654655193, "bus_v_std": 4.246491159313397, "car_acc": 1.7438442433353745, "car_dcc": 2.0659237348603665, "car_lcAssertive": 6.7078259168843815, "car_lcCooperative": 0.6316466268659396, "car_lcLookaheadLeft": 71.31702706280655, "car_lcPushy": 0.6135886945028356, "car_lcSublane": 0.6483127561631246, "car_tau_mean": 1.0947924997604022, "car_tau_std": 1.4944679893886248, "car_v_mean": 16.226800696414124, "car_v_std": 8.75332726354539}, "datetime": {"datetime": "2024-08-04 14:26:53", "elapsed": 356.065548, "delta": 3.310155}}
{"target": -0.03746228690502091, "params": {"bus_acc": 1.4629258710684956, "bus_dcc": 2.2804640483447067, "bus_lcAssertive": 25.563034941957305, "bus_lcCooperative": 0.8456149622311454, "bus_lcLookaheadLeft": 98.6943896068721, "bus_lcPushy": 0.06657080313237929, "bus_lcSublane": 0.7139280322669613, "bus_tau_mean": 1.65540443269676, "bus_tau_std": 6.254353783114329, "bus_v_mean": 12.130074388509936, "bus_v_std": 6.510076093084951, "car_acc": 1.742294368925459, "car_dcc": 1.884462638610891, "car_lcAssertive": 91.26455419608209, "car_lcCooperative": 0.9424988742262075, "car_lcLookaheadLeft": 62.12790260289327, "car_lcPushy": 0.21446778083069262, "car_lcSublane": 0.9394188709061594, "car_tau_mean": 3.1265874135316345, "car_tau_std": 7.510898073228061, "car_v_mean": 11.38754135757578, "car_v_std": 8.301565261622994}, "datetime": {"datetime": "2024-08-04 14:26:54", "elapsed": 357.011947, "delta": 0.946399}}
{"target": -0.04187863387308274, "params": {"bus_acc": 2.8708402280141234, "bus_dcc": 2.058037981755214, "bus_lcAssertive": 62.31982440397921, "bus_lcCooperative": 0.9806990363557802, "bus_lcLookaheadLeft": 65.05932717959888, "bus_lcPushy": 0.04549821604060378, "bus_lcSublane": 0.4635570909517118, "bus_tau_mean": 1.6716297029978233, "bus_tau_std": 5.321815485216747, "bus_v_mean": 12.555939337810102, "bus_v_std": 1.222612302300028, "car_acc": 2.3365779775016033, "car_dcc": 3.0440792646739188, "car_lcAssertive": 86.84679069990976, "car_lcCooperative": 0.13238149356273743, "car_lcLookaheadLeft": 80.26479021124703, "car_lcPushy": 0.826768738405129, "car_lcSublane": 0.6465499357511519, "car_tau_mean": 1.2172275102322185, "car_tau_std": 2.614207144058379, "car_v_mean": 14.69594908062681, "car_v_std": 5.417990727827313}, "datetime": {"datetime": "2024-08-04 14:26:55", "elapsed": 358.15999, "delta": 1.148043}}
{"target": -0.0416945503260126, "params": {"bus_acc": 1.3021490369428639, "bus_dcc": 2.5690255952033927, "bus_lcAssertive": 94.407429007197, "bus_lcCooperative": 0.865686014006334, "bus_lcLookaheadLeft": 40.422455155177914, "bus_lcPushy": 0.28386751597340265, "bus_lcSublane": 0.7617298626927418, "bus_tau_mean": 1.3416951368108072, "bus_tau_std": 2.542323546573524, "bus_v_mean": 9.345381666878872, "bus_v_std": 8.64144094764027, "car_acc": 1.8957978312405597, "car_dcc": 2.6853587818299207, "car_lcAssertive": 73.93438481165848, "car_lcCooperative": 0.7964888671311956, "car_lcLookaheadLeft": 45.855797621050755, "car_lcPushy": 0.18412755617579835, "car_lcSublane": 0.8287328515283018, "car_tau_mean": 0.6084928593988954, "car_tau_std": 9.467282696079524, "car_v_mean": 17.231645543640028, "car_v_std": 8.75388738450687}, "datetime": {"datetime": "2024-08-04 14:26:56", "elapsed": 359.211735, "delta": 1.051745}}
{"target": -0.03866738130837031, "params": {"bus_acc": 1.344681016690657, "bus_dcc": 1.4114072488866332, "bus_lcAssertive": 93.32695084067919, "bus_lcCooperative": 0.6968181614899002, "bus_lcLookaheadLeft": 8.468016926762123, "bus_lcPushy": 0.7554630526024664, "bus_lcSublane": 0.7538761884612464, "bus_tau_mean": 3.7305858744126916, "bus_tau_std": 7.115247586284718, "bus_v_mean": 9.988335391554635, "bus_v_std": 0.19880133839795588, "car_acc": 1.0524219737554386, "car_dcc": 1.0849194640623838, "car_lcAssertive": 25.374895692701543, "car_lcCooperative": 0.860027948682888, "car_lcLookaheadLeft": 54.80544430548198, "car_lcPushy": 0.5528219786857659, "car_lcSublane": 0.8420308923596057, "car_tau_mean": 0.934606602919689, "car_tau_std": 2.791836790111395, "car_v_mean": 17.372148343332604, "car_v_std": 9.695957483196745}, "datetime": {"datetime": "2024-08-04 14:26:57", "elapsed": 360.640162, "delta": 1.428427}}
{"target": -0.034369175140176504, "params": {"bus_acc": 1.177996441644756, "bus_dcc": 1.554716770835225, "bus_lcAssertive": 53.1583357132916, "bus_lcCooperative": 0.417102418106858, "bus_lcLookaheadLeft": 80.4646464966655, "bus_lcPushy": 0.9332023381866817, "bus_lcSublane": 0.17786474795134855, "bus_tau_mean": 3.510233698066757, "bus_tau_std": 9.573949263266687, "bus_v_mean": 23.351529709596512, "bus_v_std": 0.37862587720430496, "car_acc": 1.1151670112163474, "car_dcc": 1.017392178753067, "car_lcAssertive": 31.955434459392166, "car_lcCooperative": 0.05569841271210463, "car_lcLookaheadLeft": 30.79852357611333, "car_lcPushy": 0.3560164860311865, "car_lcSublane": 0.9536770184739218, "car_tau_mean": 2.1693282287037228, "car_tau_std": 2.782384424213303, "car_v_mean": 16.048083120815278, "car_v_std": 6.433579246491355}, "datetime": {"datetime": "2024-08-04 14:26:58", "elapsed": 361.700232, "delta": 1.06007}}
{"target": -0.03066990879575845, "params": {"bus_acc": 2.9278355348479956, "bus_dcc": 2.9348250175366353, "bus_lcAssertive": 48.94726153020618, "bus_lcCooperative": 0.9676952459611975, "bus_lcLookaheadLeft": 16.03259860745876, "bus_lcPushy": 0.6323298746664966, "bus_lcSublane": 0.6618883678367976, "bus_tau_mean": 2.018439395034541, "bus_tau_std": 0.5935722533895749, "bus_v_mean": 15.883561618656532, "bus_v_std": 4.651339435180775, "car_acc": 2.6134936215497273, "car_dcc": 1.769982969858929, "car_lcAssertive": 39.75160593544259, "car_lcCooperative": 0.24017220722137722, "car_lcLookaheadLeft": 69.27145468689167, "car_lcPushy": 0.9898834533371155, "car_lcSublane": 0.1774295368682619, "car_tau_mean": 3.3750635907920405, "car_tau_std": 2.3098855928163333, "car_v_mean": 8.927613013964272, "car_v_std": 1.3881651804567363}, "datetime": {"datetime": "2024-08-04 14:27:05", "elapsed": 368.175805, "delta": 6.475573}}
{"target": -0.039846492264818636, "params": {"bus_acc": 2.9949699854566587, "bus_dcc": 2.7460899290303855, "bus_lcAssertive": 30.044251570119606, "bus_lcCooperative": 0.9289494618931157, "bus_lcLookaheadLeft": 51.69770350772404, "bus_lcPushy": 0.4546922275524069, "bus_lcSublane": 0.5878715062961865, "bus_tau_mean": 1.4244817547369937, "bus_tau_std": 3.052882993474333, "bus_v_mean": 13.94647322758692, "bus_v_std": 2.444479993716109, "car_acc": 2.1690945322332595, "car_dcc": 3.087538401796979, "car_lcAssertive": 8.122774796236111, "car_lcCooperative": 0.9710833196254638, "car_lcLookaheadLeft": 75.80092427520658, "car_lcPushy": 0.8061631629534083, "car_lcSublane": 0.7516404040812905, "car_tau_mean": 0.7802134204492606, "car_tau_std": 4.816962830211771, "car_v_mean": 15.130767302426497, "car_v_std": 6.724726505249299}, "datetime": {"datetime": "2024-08-04 14:27:06", "elapsed": 369.652271, "delta": 1.476466}}
{"target": -0.03467009645176866, "params": {"bus_acc": 1.428224273641297, "bus_dcc": 1.5968437702812, "bus_lcAssertive": 15.109315438818621, "bus_lcCooperative": 0.3770825992073341, "bus_lcLookaheadLeft": 4.609532699778905, "bus_lcPushy": 0.11092036903424063, "bus_lcSublane": 0.6745640237634105, "bus_tau_mean": 3.2992178791408517, "bus_tau_std": 0.805295271283859, "bus_v_mean": 11.707236967772673, "bus_v_std": 2.0762566180381437, "car_acc": 2.834667126163261, "car_dcc": 3.13394355440946, "car_lcAssertive": 55.834576494090015, "car_lcCooperative": 0.30451798792062024, "car_lcLookaheadLeft": 83.81569666791626, "car_lcPushy": 0.43530595762951996, "car_lcSublane": 0.9234562151187752, "car_tau_mean": 2.971181315175766, "car_tau_std": 4.780313079652833, "car_v_mean": 10.01936165998974, "car_v_std": 9.760435504677476}, "datetime": {"datetime": "2024-08-04 14:27:10", "elapsed": 372.836742, "delta": 3.184471}}
{"target": -0.03519802895564888, "params": {"bus_acc": 2.055429292617493, "bus_dcc": 3.4064832520137944, "bus_lcAssertive": 57.676363201969025, "bus_lcCooperative": 0.7331425252875111, "bus_lcLookaheadLeft": 52.86313949147747, "bus_lcPushy": 0.770883910501888, "bus_lcSublane": 0.5688579907047155, "bus_tau_mean": 2.129984575071933, "bus_tau_std": 3.4268890795328177, "bus_v_mean": 9.091349574667266, "bus_v_std": 3.7792417932809985, "car_acc": 1.1592521553965047, "car_dcc": 3.948451341191335, "car_lcAssertive": 18.979672281745614, "car_lcCooperative": 0.8118586977205398, "car_lcLookaheadLeft": 87.74624120567802, "car_lcPushy": 0.6884132523859433, "car_lcSublane": 0.5694944127453757, "car_tau_mean": 1.0634000288546308, "car_tau_std": 4.668800227633064, "car_v_mean": 13.52275281848344, "car_v_std": 2.250399578140846}, "datetime": {"datetime": "2024-08-04 14:27:18", "elapsed": 381.176513, "delta": 8.339771}}
{"target": -0.03387741739972889, "params": {"bus_acc": 2.3442888193136975, "bus_dcc": 1.5687622005747572, "bus_lcAssertive": 89.67718174434171, "bus_lcCooperative": 0.9498463888800873, "bus_lcLookaheadLeft": 96.23410915858432, "bus_lcPushy": 0.7300825577402602, "bus_lcSublane": 0.4062884276883151, "bus_tau_mean": 3.1031221872292685, "bus_tau_std": 2.8798687927475153, "bus_v_mean": 13.03067555825194, "bus_v_std": 6.058963612178579, "car_acc": 2.1896942668158355, "car_dcc": 3.635982928947433, "car_lcAssertive": 26.205474810397117, "car_lcCooperative": 0.7661883652028217, "car_lcLookaheadLeft": 94.21930014825233, "car_lcPushy": 0.001032932657734631, "car_lcSublane": 0.47608911800210485, "car_tau_mean": 2.7996411515865525, "car_tau_std": 8.433232139195225, "car_v_mean": 10.939830590016028, "car_v_std": 8.561592379873717}, "datetime": {"datetime": "2024-08-04 14:27:21", "elapsed": 384.032364, "delta": 2.855851}}
{"target": -0.03784517095191198, "params": {"bus_acc": 1.0870685275155307, "bus_dcc": 3.8522602841830067, "bus_lcAssertive": 56.0842846514216, "bus_lcCooperative": 0.3763632166870875, "bus_lcLookaheadLeft": 99.51512758923289, "bus_lcPushy": 0.05836264614763165, "bus_lcSublane": 0.5167063597676121, "bus_tau_mean": 0.6088397640944174, "bus_tau_std": 5.711757391862334, "bus_v_mean": 10.88749614392185, "bus_v_std": 6.309592003395305, "car_acc": 2.961847351501163, "car_dcc": 3.6247076536371425, "car_lcAssertive": 45.73178869266619, "car_lcCooperative": 0.7084608700517172, "car_lcLookaheadLeft": 78.19193750031255, "car_lcPushy": 0.4948430841825636, "car_lcSublane": 0.5285334901775651, "car_tau_mean": 1.027745394302674, "car_tau_std": 3.6939992561190627, "car_v_mean": 10.275540049164587, "car_v_std": 7.2689375334456265}, "datetime": {"datetime": "2024-08-04 14:27:24", "elapsed": 387.275235, "delta": 3.242871}}
{"target": -0.03374926170905637, "params": {"bus_acc": 1.4801903083224202, "bus_dcc": 2.8948622357504807, "bus_lcAssertive": 71.36321742005904, "bus_lcCooperative": 0.7423834297071017, "bus_lcLookaheadLeft": 40.24594105075894, "bus_lcPushy": 0.7598253967160974, "bus_lcSublane": 0.9029359021217099, "bus_tau_mean": 2.5559700673315193, "bus_tau_std": 0.9040971569479861, "bus_v_mean": 10.063615746276417, "bus_v_std": 1.052625266627869, "car_acc": 1.34545492664576, "car_dcc": 1.379292670869055, "car_lcAssertive": 78.05178811669514, "car_lcCooperative": 0.039411512184444275, "car_lcLookaheadLeft": 25.672724899404674, "car_lcPushy": 0.8790664013584655, "car_lcSublane": 0.9735188608362936, "car_tau_mean": 2.6189770270446684, "car_tau_std": 9.762382645603884, "car_v_mean": 8.695224667439629, "car_v_std": 9.485727683760075}, "datetime": {"datetime": "2024-08-04 14:27:27", "elapsed": 390.651378, "delta": 3.376143}}
{"target": -0.03484019883414899, "params": {"bus_acc": 2.2370271338241707, "bus_dcc": 1.0310927840056958, "bus_lcAssertive": 54.32410097505835, "bus_lcCooperative": 0.0030179566195963625, "bus_lcLookaheadLeft": 95.21699097804004, "bus_lcPushy": 0.905402033702778, "bus_lcSublane": 0.7959669419422694, "bus_tau_mean": 3.7034601197017563, "bus_tau_std": 1.4555823115839706, "bus_v_mean": 10.523681117928533, "bus_v_std": 1.8763167290243399, "car_acc": 2.2449918045998425, "car_dcc": 3.7174284880249058, "car_lcAssertive": 99.0055626575483, "car_lcCooperative": 0.7111224587658159, "car_lcLookaheadLeft": 73.71644009594493, "car_lcPushy": 0.9092932045442544, "car_lcSublane": 0.4008737323711209, "car_tau_mean": 1.3744773807876287, "car_tau_std": 1.7343017078712286, "car_v_mean": 9.911312805339664, "car_v_std": 8.126105880328288}, "datetime": {"datetime": "2024-08-04 14:27:32", "elapsed": 395.275748, "delta": 4.62437}}
{"target": -0.032628562787599104, "params": {"bus_acc": 2.0115587735797327, "bus_dcc": 3.4745756871556956, "bus_lcAssertive": 28.90266372618105, "bus_lcCooperative": 0.17849483297748825, "bus_lcLookaheadLeft": 97.04731589378197, "bus_lcPushy": 0.7419395254560768, "bus_lcSublane": 0.25979169330441454, "bus_tau_mean": 2.534323698019101, "bus_tau_std": 9.552622535381868, "bus_v_mean": 9.292062524993261, "bus_v_std": 0.8353420706174108, "car_acc": 2.2382696628398144, "car_dcc": 1.673480436507873, "car_lcAssertive": 76.7532117166173, "car_lcCooperative": 0.5681525429491051, "car_lcLookaheadLeft": 67.28643284190254, "car_lcPushy": 0.10781390079459241, "car_lcSublane": 0.08428305143655679, "car_tau_mean": 2.687923739069214, "car_tau_std": 4.097312611340205, "car_v_mean": 9.396040381951709, "car_v_std": 3.7106394501618913}, "datetime": {"datetime": "2024-08-04 14:27:48", "elapsed": 411.786238, "delta": 16.51049}}
{"target": -0.03252923748050512, "params": {"bus_acc": 1.206452013155284, "bus_dcc": 2.3436805785277155, "bus_lcAssertive": 90.95095480621646, "bus_lcCooperative": 0.2936141483736795, "bus_lcLookaheadLeft": 30.201983181462175, "bus_lcPushy": 0.13002857211827767, "bus_lcSublane": 0.019366957870297075, "bus_tau_mean": 2.8759243652896185, "bus_tau_std": 2.1162811600005904, "bus_v_mean": 12.24874654995562, "bus_v_std": 4.9157315928033825, "car_acc": 1.1067250902341608, "car_dcc": 2.722352816476039, "car_lcAssertive": 15.526128915675205, "car_lcCooperative": 0.5893055369032842, "car_lcLookaheadLeft": 70.57631928205126, "car_lcPushy": 0.10233442882782584, "car_lcSublane": 0.4140559878195683, "car_tau_mean": 2.9304005520471077, "car_tau_std": 4.141792695269027, "car_v_mean": 8.799255343137395, "car_v_std": 5.358964059155116}, "datetime": {"datetime": "2024-08-04 14:27:52", "elapsed": 415.038146, "delta": 3.251908}}
{"target": -0.041854662199766975, "params": {"bus_acc": 1.3034497420639473, "bus_dcc": 2.917380546159715, "bus_lcAssertive": 57.00054914184882, "bus_lcCooperative": 0.468665837661252, "bus_lcLookaheadLeft": 43.947672007890475, "bus_lcPushy": 0.5992697556580301, "bus_lcSublane": 0.8499698885159654, "bus_tau_mean": 3.128923641301781, "bus_tau_std": 5.7936054029723305, "bus_v_mean": 22.79526690457645, "bus_v_std": 0.6473998344154885, "car_acc": 2.9826930174636184, "car_dcc": 1.1589836280039685, "car_lcAssertive": 20.750059067717572, "car_lcCooperative": 0.42275266164456093, "car_lcLookaheadLeft": 12.535869866146435, "car_lcPushy": 0.6236704109977018, "car_lcSublane": 0.047992564048867314, "car_tau_mean": 1.4961835835242976, "car_tau_std": 0.6103668111967109, "car_v_mean": 19.256309297681298, "car_v_std": 6.68456167589482}, "datetime": {"datetime": "2024-08-04 14:27:56", "elapsed": 419.243482, "delta": 4.205336}}
{"target": -0.029724512786961973, "params": {"bus_acc": 2.2669216684714515, "bus_dcc": 1.8331381974202725, "bus_lcAssertive": 82.89283218879132, "bus_lcCooperative": 0.3645234475558883, "bus_lcLookaheadLeft": 73.86987725794573, "bus_lcPushy": 0.1924178904137388, "bus_lcSublane": 0.4814458975407394, "bus_tau_mean": 3.312581192508595, "bus_tau_std": 3.9698821167237397, "bus_v_mean": 10.585184637697438, "bus_v_std": 6.489822226486473, "car_acc": 2.5066516117887847, "car_dcc": 1.840577906119281, "car_lcAssertive": 45.68482426200776, "car_lcCooperative": 0.9004489123860653, "car_lcLookaheadLeft": 87.45459185671001, "car_lcPushy": 0.7071876097841823, "car_lcSublane": 0.5909005994904067, "car_tau_mean": 3.36083794638994, "car_tau_std": 9.07644646099839, "car_v_mean": 8.04012095468677, "car_v_std": 3.9722776623376177}, "datetime": {"datetime": "2024-08-04 14:28:00", "elapsed": 423.193308, "delta": 3.949826}}
{"target": -0.03535671272657642, "params": {"bus_acc": 1.9540259888045264, "bus_dcc": 2.3466365101202964, "bus_lcAssertive": 88.71379914536978, "bus_lcCooperative": 0.5276187723115614, "bus_lcLookaheadLeft": 42.090901527852274, "bus_lcPushy": 0.26889202221264585, "bus_lcSublane": 0.07201203516976995, "bus_tau_mean": 1.9634764680386052, "bus_tau_std": 0.2575348240658337, "bus_v_mean": 12.658463048838849, "bus_v_std": 5.035095098483965, "car_acc": 2.9318661300394444, "car_dcc": 1.3281487425807539, "car_lcAssertive": 67.63106436744557, "car_lcCooperative": 0.49993237109919997, "car_lcLookaheadLeft": 78.15562646902673, "car_lcPushy": 0.14360699787420927, "car_lcSublane": 0.08320263643587555, "car_tau_mean": 1.8972651187335883, "car_tau_std": 7.969622519799001, "car_v_mean": 11.066811822558241, "car_v_std": 7.67777192147274}, "datetime": {"datetime": "2024-08-04 14:28:01", "elapsed": 424.175239, "delta": 0.981931}}
{"target": -0.028361140659819966, "params": {"bus_acc": 2.1229825175987482, "bus_dcc": 2.0742397420388077, "bus_lcAssertive": 61.69812120133422, "bus_lcCooperative": 0.9357362666081998, "bus_lcLookaheadLeft": 60.495075444705364, "bus_lcPushy": 0.9795901743594252, "bus_lcSublane": 0.4410066204088712, "bus_tau_mean": 3.0886418687764134, "bus_tau_std": 0.3760387864960013, "bus_v_mean": 20.235626224007778, "bus_v_std": 5.182815803268124, "car_acc": 1.0106330659222065, "car_dcc": 1.8316003143477955, "car_lcAssertive": 53.94839101946134, "car_lcCooperative": 0.7679628782813116, "car_lcLookaheadLeft": 7.203074354347459, "car_lcPushy": 0.5490534438505197, "car_lcSublane": 0.800994555798356, "car_tau_mean": 2.7735406920746764, "car_tau_std": 9.314470149929107, "car_v_mean": 9.195703120236178, "car_v_std": 2.768064626005866}, "datetime": {"datetime": "2024-08-04 14:28:02", "elapsed": 425.395267, "delta": 1.220028}}
{"target": -0.03575004348782736, "params": {"bus_acc": 1.8974745176486438, "bus_dcc": 3.1129401951517286, "bus_lcAssertive": 68.48288842265967, "bus_lcCooperative": 0.6971485287527562, "bus_lcLookaheadLeft": 62.622872771030565, "bus_lcPushy": 0.15098073327964578, "bus_lcSublane": 0.760802456305756, "bus_tau_mean": 3.2336603776788495, "bus_tau_std": 9.04102985913805, "bus_v_mean": 11.740299081665695, "bus_v_std": 1.7667889307234141, "car_acc": 1.7821982462135249, "car_dcc": 1.9616939619854805, "car_lcAssertive": 81.732215971557, "car_lcCooperative": 0.6135258996684316, "car_lcLookaheadLeft": 76.48017173027539, "car_lcPushy": 0.4276650996969642, "car_lcSublane": 0.09944056291558923, "car_tau_mean": 0.9026225421758618, "car_tau_std": 3.734071317371953, "car_v_mean": 11.101564280152115, "car_v_std": 8.207464986229382}, "datetime": {"datetime": "2024-08-04 14:28:12", "elapsed": 435.20489, "delta": 9.809623}}
{"target": -0.033440997562494135, "params": {"bus_acc": 2.0376085014668286, "bus_dcc": 1.5168391044313765, "bus_lcAssertive": 8.382833053896505, "bus_lcCooperative": 0.37030569377388767, "bus_lcLookaheadLeft": 14.095048261843528, "bus_lcPushy": 0.6345187162918416, "bus_lcSublane": 0.4139198457294089, "bus_tau_mean": 3.9682047138390755, "bus_tau_std": 9.299556236533178, "bus_v_mean": 10.387776516956, "bus_v_std": 3.9488226253680048, "car_acc": 1.9231594219247723, "car_dcc": 2.6828462653658356, "car_lcAssertive": 78.25598880563759, "car_lcCooperative": 0.48719390907342375, "car_lcLookaheadLeft": 43.1593680970036, "car_lcPushy": 0.26199970471933565, "car_lcSublane": 0.9108061390867584, "car_tau_mean": 0.5779502903648146, "car_tau_std": 8.211218982189646, "car_v_mean": 11.015494394662696, "car_v_std": 6.857568991725472}, "datetime": {"datetime": "2024-08-04 14:28:16", "elapsed": 439.199098, "delta": 3.994208}}
