{"target": -0.029074180484259745, "params": {"bus_acc": 1.46, "bus_dcc": 1.84, "bus_lcAssertive": 66.11, "bus_lcCooperative": 0.73, "bus_lcLookaheadLeft": 71.42, "bus_lcPushy": 0.82, "bus_lcSublane": 0.41, "bus_tau_mean": 2.84, "bus_tau_std": 3.96, "bus_v_mean": 21.3, "bus_v_std": 3.64, "car_acc": 1.0, "car_dcc": 1.34, "car_lcAssertive": 44.9, "car_lcCooperative": 0.55, "car_lcLookaheadLeft": 15.81, "car_lcPushy": 0.54, "car_lcSublane": 0.74, "car_tau_mean": 2.83, "car_tau_std": 7.01, "car_v_mean": 8.68, "car_v_std": 5.4}, "datetime": {"datetime": "2024-08-04 14:52:43", "elapsed": 1906.382234, "delta": 4.336519}}
{"target": -0.04644462576843897, "params": {"bus_acc": 1.22, "bus_dcc": 2.47, "bus_lcAssertive": 94.87, "bus_lcCooperative": 0.12, "bus_lcLookaheadLeft": 93.68, "bus_lcPushy": 0.91, "bus_lcSublane": 0.03, "bus_tau_mean": 3.94, "bus_tau_std": 1.0, "bus_v_mean": 17.02, "bus_v_std": 1.98, "car_acc": 2.08, "car_dcc": 1.31, "car_lcAssertive": 36.13, "car_lcCooperative": 0.55, "car_lcLookaheadLeft": 33.53, "car_lcPushy": 0.98, "car_lcSublane": 0.01, "car_tau_mean": 2.19, "car_tau_std": 3.73, "car_v_mean": 22.38, "car_v_std": 9.44}, "datetime": {"datetime": "2024-08-04 14:52:48", "elapsed": 1911.099909, "delta": 4.717675}}
{"target": -0.051216326346110876, "params": {"bus_acc": 2.26, "bus_dcc": 3.21, "bus_lcAssertive": 9.75, "bus_lcCooperative": 0.22, "bus_lcLookaheadLeft": 12.37, "bus_lcPushy": 0.24, "bus_lcSublane": 0.12, "bus_tau_mean": 2.32, "bus_tau_std": 0.82, "bus_v_mean": 17.28, "bus_v_std": 5.35, "car_acc": 2.81, "car_dcc": 1.98, "car_lcAssertive": 16.49, "car_lcCooperative": 0.48, "car_lcLookaheadLeft": 16.46, "car_lcPushy": 0.88, "car_lcSublane": 0.78, "car_tau_mean": 4.0, "car_tau_std": 9.88, "car_v_mean": 20.21, "car_v_std": 3.83}, "datetime": {"datetime": "2024-08-04 14:53:07", "elapsed": 1930.637026, "delta": 19.537117}}
{"target": -0.029373327214795176, "params": {"bus_acc": 1.26, "bus_dcc": 2.07, "bus_lcAssertive": 66.38, "bus_lcCooperative": 0.73, "bus_lcLookaheadLeft": 71.67, "bus_lcPushy": 0.81, "bus_lcSublane": 0.48, "bus_tau_mean": 2.98, "bus_tau_std": 4.08, "bus_v_mean": 21.52, "bus_v_std": 3.42, "car_acc": 1.0, "car_dcc": 1.33, "car_lcAssertive": 44.83, "car_lcCooperative": 0.44, "car_lcLookaheadLeft": 16.13, "car_lcPushy": 0.58, "car_lcSublane": 0.74, "car_tau_mean": 2.99, "car_tau_std": 7.28, "car_v_mean": 8.0, "car_v_std": 5.63}, "datetime": {"datetime": "2024-08-04 14:53:10", "elapsed": 1933.528176, "delta": 2.89115}}
{"target": -0.032482544306673765, "params": {"bus_acc": 2.27, "bus_dcc": 2.97, "bus_lcAssertive": 26.34, "bus_lcCooperative": 0.91, "bus_lcLookaheadLeft": 87.25, "bus_lcPushy": 0.41, "bus_lcSublane": 0.68, "bus_tau_mean": 2.55, "bus_tau_std": 5.79, "bus_v_mean": 9.58, "bus_v_std": 4.47, "car_acc": 1.0, "car_dcc": 2.06, "car_lcAssertive": 61.76, "car_lcCooperative": 0.8, "car_lcLookaheadLeft": 65.39, "car_lcPushy": 0.21, "car_lcSublane": 0.61, "car_tau_mean": 2.19, "car_tau_std": 0.8, "car_v_mean": 8.0, "car_v_std": 10.0}, "datetime": {"datetime": "2024-08-04 14:53:22", "elapsed": 1944.867867, "delta": 11.339691}}
{"target": -0.049300718615430554, "params": {"bus_acc": 1.94, "bus_dcc": 3.91, "bus_lcAssertive": 41.29, "bus_lcCooperative": 0.94, "bus_lcLookaheadLeft": 17.53, "bus_lcPushy": 0.11, "bus_lcSublane": 0.64, "bus_tau_mean": 1.85, "bus_tau_std": 7.22, "bus_v_mean": 19.0, "bus_v_std": 6.44, "car_acc": 1.69, "car_dcc": 3.5, "car_lcAssertive": 90.08, "car_lcCooperative": 0.12, "car_lcLookaheadLeft": 2.59, "car_lcPushy": 0.25, "car_lcSublane": 0.44, "car_tau_mean": 1.4, "car_tau_std": 2.89, "car_v_mean": 18.3, "car_v_std": 0.08}, "datetime": {"datetime": "2024-08-04 14:53:30", "elapsed": 1953.308156, "delta": 8.440289}}
{"target": -0.047118076689996326, "params": {"bus_acc": 1.18, "bus_dcc": 1.26, "bus_lcAssertive": 92.29, "bus_lcCooperative": 0.19, "bus_lcLookaheadLeft": 81.37, "bus_lcPushy": 0.05, "bus_lcSublane": 0.47, "bus_tau_mean": 3.14, "bus_tau_std": 9.48, "bus_v_mean": 22.84, "bus_v_std": 6.22, "car_acc": 1.42, "car_dcc": 3.2, "car_lcAssertive": 89.72, "car_lcCooperative": 0.32, "car_lcLookaheadLeft": 12.85, "car_lcPushy": 0.93, "car_lcSublane": 0.35, "car_tau_mean": 1.94, "car_tau_std": 0.92, "car_v_mean": 23.91, "car_v_std": 9.85}, "datetime": {"datetime": "2024-08-04 14:53:54", "elapsed": 1977.563282, "delta": 24.255126}}
{"target": -0.032480975851464686, "params": {"bus_acc": 2.3, "bus_dcc": 3.32, "bus_lcAssertive": 26.35, "bus_lcCooperative": 0.74, "bus_lcLookaheadLeft": 89.54, "bus_lcPushy": 0.52, "bus_lcSublane": 0.47, "bus_tau_mean": 2.68, "bus_tau_std": 5.84, "bus_v_mean": 11.16, "bus_v_std": 2.74, "car_acc": 1.0, "car_dcc": 2.16, "car_lcAssertive": 61.97, "car_lcCooperative": 0.63, "car_lcLookaheadLeft": 68.38, "car_lcPushy": 0.22, "car_lcSublane": 0.44, "car_tau_mean": 2.14, "car_tau_std": 2.35, "car_v_mean": 10.16, "car_v_std": 8.07}, "datetime": {"datetime": "2024-08-04 14:54:00", "elapsed": 1983.077962, "delta": 5.51468}}
{"target": -0.030438762915770783, "params": {"bus_acc": 1.1, "bus_dcc": 1.43, "bus_lcAssertive": 97.18, "bus_lcCooperative": 0.43, "bus_lcLookaheadLeft": 36.76, "bus_lcPushy": 0.64, "bus_lcSublane": 0.02, "bus_tau_mean": 3.7, "bus_tau_std": 8.94, "bus_v_mean": 11.83, "bus_v_std": 2.76, "car_acc": 1.94, "car_dcc": 1.47, "car_lcAssertive": 27.2, "car_lcCooperative": 0.6, "car_lcLookaheadLeft": 80.37, "car_lcPushy": 0.69, "car_lcSublane": 0.21, "car_tau_mean": 3.42, "car_tau_std": 0.21, "car_v_mean": 12.07, "car_v_std": 5.5}, "datetime": {"datetime": "2024-08-04 14:54:15", "elapsed": 1998.41112, "delta": 15.333158}}
{"target": -0.05101856763877121, "params": {"bus_acc": 1.93, "bus_dcc": 2.65, "bus_lcAssertive": 18.81, "bus_lcCooperative": 0.71, "bus_lcLookaheadLeft": 8.97, "bus_lcPushy": 0.69, "bus_lcSublane": 0.56, "bus_tau_mean": 3.53, "bus_tau_std": 1.81, "bus_v_mean": 14.35, "bus_v_std": 0.67, "car_acc": 1.73, "car_dcc": 2.56, "car_lcAssertive": 69.48, "car_lcCooperative": 0.22, "car_lcLookaheadLeft": 4.16, "car_lcPushy": 0.39, "car_lcSublane": 0.09, "car_tau_mean": 3.21, "car_tau_std": 6.1, "car_v_mean": 18.58, "car_v_std": 0.84}, "datetime": {"datetime": "2024-08-04 14:54:16", "elapsed": 1999.76465, "delta": 1.35353}}
{"target": -0.03602901797802275, "params": {"bus_acc": 2.64, "bus_dcc": 2.26, "bus_lcAssertive": 29.16, "bus_lcCooperative": 0.12, "bus_lcLookaheadLeft": 18.09, "bus_lcPushy": 0.43, "bus_lcSublane": 0.38, "bus_tau_mean": 0.82, "bus_tau_std": 5.26, "bus_v_mean": 11.4, "bus_v_std": 2.0, "car_acc": 2.67, "car_dcc": 3.85, "car_lcAssertive": 72.42, "car_lcCooperative": 0.61, "car_lcLookaheadLeft": 24.25, "car_lcPushy": 0.69, "car_lcSublane": 0.67, "car_tau_mean": 3.17, "car_tau_std": 2.12, "car_v_mean": 16.07, "car_v_std": 8.35}, "datetime": {"datetime": "2024-08-04 14:54:18", "elapsed": 2001.377432, "delta": 1.612782}}
{"target": -0.04377381942272935, "params": {"bus_acc": 2.63, "bus_dcc": 1.35, "bus_lcAssertive": 34.6, "bus_lcCooperative": 0.6, "bus_lcLookaheadLeft": 72.2, "bus_lcPushy": 0.8, "bus_lcSublane": 0.51, "bus_tau_mean": 3.21, "bus_tau_std": 8.17, "bus_v_mean": 17.27, "bus_v_std": 2.05, "car_acc": 1.72, "car_dcc": 3.61, "car_lcAssertive": 28.14, "car_lcCooperative": 0.78, "car_lcLookaheadLeft": 19.62, "car_lcPushy": 0.91, "car_lcSublane": 0.22, "car_tau_mean": 1.12, "car_tau_std": 0.61, "car_v_mean": 18.65, "car_v_std": 2.98}, "datetime": {"datetime": "2024-08-04 14:54:23", "elapsed": 2006.684023, "delta": 5.306591}}
{"target": -0.03583892288457575, "params": {"bus_acc": 2.84, "bus_dcc": 2.85, "bus_lcAssertive": 45.83, "bus_lcCooperative": 0.34, "bus_lcLookaheadLeft": 8.38, "bus_lcPushy": 0.51, "bus_lcSublane": 0.54, "bus_tau_mean": 1.25, "bus_tau_std": 3.23, "bus_v_mean": 19.0, "bus_v_std": 1.16, "car_acc": 1.01, "car_dcc": 3.88, "car_lcAssertive": 86.72, "car_lcCooperative": 0.22, "car_lcLookaheadLeft": 57.31, "car_lcPushy": 0.06, "car_lcSublane": 0.22, "car_tau_mean": 0.68, "car_tau_std": 9.42, "car_v_mean": 22.61, "car_v_std": 5.08}, "datetime": {"datetime": "2024-08-04 14:54:32", "elapsed": 2015.697951, "delta": 9.013928}}
{"target": -0.028397850555201696, "params": {"bus_acc": 2.31, "bus_dcc": 3.0, "bus_lcAssertive": 58.11, "bus_lcCooperative": 1.0, "bus_lcLookaheadLeft": 26.43, "bus_lcPushy": 0.79, "bus_lcSublane": 0.7, "bus_tau_mean": 1.5, "bus_tau_std": 0.0, "bus_v_mean": 10.8, "bus_v_std": 10.0, "car_acc": 1.95, "car_dcc": 2.15, "car_lcAssertive": 35.71, "car_lcCooperative": 0.0, "car_lcLookaheadLeft": 79.02, "car_lcPushy": 1.0, "car_lcSublane": 0.0, "car_tau_mean": 3.1, "car_tau_std": 0.0, "car_v_mean": 8.0, "car_v_std": 4.16}, "datetime": {"datetime": "2024-08-04 14:54:38", "elapsed": 2021.400581, "delta": 5.70263}}
{"target": -0.04613760585425147, "params": {"bus_acc": 1.36, "bus_dcc": 3.57, "bus_lcAssertive": 39.34, "bus_lcCooperative": 0.12, "bus_lcLookaheadLeft": 48.71, "bus_lcPushy": 0.39, "bus_lcSublane": 0.54, "bus_tau_mean": 3.68, "bus_tau_std": 9.84, "bus_v_mean": 23.1, "bus_v_std": 7.96, "car_acc": 2.32, "car_dcc": 3.28, "car_lcAssertive": 17.47, "car_lcCooperative": 0.05, "car_lcLookaheadLeft": 44.35, "car_lcPushy": 0.14, "car_lcSublane": 0.73, "car_tau_mean": 2.68, "car_tau_std": 2.98, "car_v_mean": 22.35, "car_v_std": 8.12}, "datetime": {"datetime": "2024-08-04 14:54:40", "elapsed": 2023.20686, "delta": 1.806279}}
{"target": -0.03318857767899903, "params": {"bus_acc": 2.04, "bus_dcc": 2.71, "bus_lcAssertive": 26.9, "bus_lcCooperative": 0.93, "bus_lcLookaheadLeft": 86.94, "bus_lcPushy": 0.43, "bus_lcSublane": 0.74, "bus_tau_mean": 2.39, "bus_tau_std": 6.5, "bus_v_mean": 8.24, "bus_v_std": 4.82, "car_acc": 1.0, "car_dcc": 2.3, "car_lcAssertive": 61.82, "car_lcCooperative": 0.94, "car_lcLookaheadLeft": 65.45, "car_lcPushy": 0.22, "car_lcSublane": 0.52, "car_tau_mean": 2.04, "car_tau_std": 0.42, "car_v_mean": 8.0, "car_v_std": 10.0}, "datetime": {"datetime": "2024-08-04 14:54:42", "elapsed": 2025.476126, "delta": 2.269266}}
{"target": -0.035259511731967806, "params": {"bus_acc": 2.38, "bus_dcc": 3.25, "bus_lcAssertive": 26.02, "bus_lcCooperative": 0.86, "bus_lcLookaheadLeft": 89.17, "bus_lcPushy": 0.57, "bus_lcSublane": 0.6, "bus_tau_mean": 2.58, "bus_tau_std": 5.59, "bus_v_mean": 9.83, "bus_v_std": 3.56, "car_acc": 1.0, "car_dcc": 2.16, "car_lcAssertive": 61.93, "car_lcCooperative": 0.66, "car_lcLookaheadLeft": 66.95, "car_lcPushy": 0.23, "car_lcSublane": 0.51, "car_tau_mean": 2.03, "car_tau_std": 1.27, "car_v_mean": 8.32, "car_v_std": 9.32}, "datetime": {"datetime": "2024-08-04 14:54:57", "elapsed": 2040.330817, "delta": 14.854691}}
{"target": -0.0378163336928944, "params": {"bus_acc": 1.98, "bus_dcc": 3.57, "bus_lcAssertive": 2.95, "bus_lcCooperative": 0.91, "bus_lcLookaheadLeft": 37.26, "bus_lcPushy": 0.3, "bus_lcSublane": 0.01, "bus_tau_mean": 3.78, "bus_tau_std": 6.58, "bus_v_mean": 10.17, "bus_v_std": 6.28, "car_acc": 1.96, "car_dcc": 2.3, "car_lcAssertive": 20.84, "car_lcCooperative": 0.12, "car_lcLookaheadLeft": 95.88, "car_lcPushy": 0.98, "car_lcSublane": 0.87, "car_tau_mean": 1.51, "car_tau_std": 8.76, "car_v_mean": 12.93, "car_v_std": 5.64}, "datetime": {"datetime": "2024-08-04 14:54:59", "elapsed": 2042.595568, "delta": 2.264751}}
{"target": -0.046474692157434445, "params": {"bus_acc": 2.42, "bus_dcc": 1.62, "bus_lcAssertive": 28.29, "bus_lcCooperative": 0.99, "bus_lcLookaheadLeft": 54.65, "bus_lcPushy": 0.6, "bus_lcSublane": 0.5, "bus_tau_mean": 1.71, "bus_tau_std": 5.37, "bus_v_mean": 18.92, "bus_v_std": 4.36, "car_acc": 2.46, "car_dcc": 3.48, "car_lcAssertive": 39.33, "car_lcCooperative": 0.96, "car_lcLookaheadLeft": 77.21, "car_lcPushy": 0.63, "car_lcSublane": 0.09, "car_tau_mean": 3.6, "car_tau_std": 5.13, "car_v_mean": 14.29, "car_v_std": 2.57}, "datetime": {"datetime": "2024-08-04 14:55:40", "elapsed": 2083.175678, "delta": 40.58011}}
{"target": -0.04289391413382502, "params": {"bus_acc": 1.44, "bus_dcc": 1.91, "bus_lcAssertive": 21.74, "bus_lcCooperative": 0.46, "bus_lcLookaheadLeft": 14.97, "bus_lcPushy": 0.25, "bus_lcSublane": 0.38, "bus_tau_mean": 2.85, "bus_tau_std": 3.93, "bus_v_mean": 12.36, "bus_v_std": 7.5, "car_acc": 1.95, "car_dcc": 1.73, "car_lcAssertive": 48.03, "car_lcCooperative": 0.81, "car_lcLookaheadLeft": 21.33, "car_lcPushy": 0.96, "car_lcSublane": 0.19, "car_tau_mean": 3.99, "car_tau_std": 3.45, "car_v_mean": 21.07, "car_v_std": 7.0}, "datetime": {"datetime": "2024-08-04 14:55:42", "elapsed": 2085.082982, "delta": 1.907304}}
{"target": -0.0527575371602356, "params": {"bus_acc": 1.72, "bus_dcc": 3.76, "bus_lcAssertive": 1.35, "bus_lcCooperative": 0.65, "bus_lcLookaheadLeft": 48.57, "bus_lcPushy": 0.45, "bus_lcSublane": 0.21, "bus_tau_mean": 2.61, "bus_tau_std": 4.78, "bus_v_mean": 18.21, "bus_v_std": 5.81, "car_acc": 1.88, "car_dcc": 1.4, "car_lcAssertive": 87.53, "car_lcCooperative": 0.47, "car_lcLookaheadLeft": 84.85, "car_lcPushy": 0.35, "car_lcSublane": 0.34, "car_tau_mean": 3.8, "car_tau_std": 6.29, "car_v_mean": 22.5, "car_v_std": 2.02}, "datetime": {"datetime": "2024-08-04 14:55:44", "elapsed": 2087.358267, "delta": 2.275285}}
{"target": -0.05114218984863985, "params": {"bus_acc": 1.88, "bus_dcc": 3.07, "bus_lcAssertive": 84.28, "bus_lcCooperative": 0.02, "bus_lcLookaheadLeft": 57.36, "bus_lcPushy": 0.49, "bus_lcSublane": 0.39, "bus_tau_mean": 3.86, "bus_tau_std": 1.28, "bus_v_mean": 15.49, "bus_v_std": 0.77, "car_acc": 2.58, "car_dcc": 2.96, "car_lcAssertive": 3.63, "car_lcCooperative": 0.12, "car_lcLookaheadLeft": 56.37, "car_lcPushy": 0.41, "car_lcSublane": 0.1, "car_tau_mean": 1.97, "car_tau_std": 9.39, "car_v_mean": 20.97, "car_v_std": 1.72}, "datetime": {"datetime": "2024-08-04 14:55:46", "elapsed": 2089.217918, "delta": 1.859651}}
{"target": -0.04139979643187793, "params": {"bus_acc": 1.3, "bus_dcc": 2.33, "bus_lcAssertive": 1.64, "bus_lcCooperative": 0.11, "bus_lcLookaheadLeft": 20.85, "bus_lcPushy": 0.11, "bus_lcSublane": 0.96, "bus_tau_mean": 2.47, "bus_tau_std": 4.48, "bus_v_mean": 21.01, "bus_v_std": 8.89, "car_acc": 2.85, "car_dcc": 1.58, "car_lcAssertive": 31.78, "car_lcCooperative": 0.53, "car_lcLookaheadLeft": 71.61, "car_lcPushy": 0.71, "car_lcSublane": 0.4, "car_tau_mean": 3.47, "car_tau_std": 5.3, "car_v_mean": 18.76, "car_v_std": 9.45}, "datetime": {"datetime": "2024-08-04 14:55:48", "elapsed": 2091.426264, "delta": 2.208346}}
{"target": -0.02886874802849146, "params": {"bus_acc": 2.2, "bus_dcc": 3.07, "bus_lcAssertive": 61.89, "bus_lcCooperative": 0.94, "bus_lcLookaheadLeft": 25.69, "bus_lcPushy": 0.67, "bus_lcSublane": 0.62, "bus_tau_mean": 1.85, "bus_tau_std": 0.0, "bus_v_mean": 10.57, "bus_v_std": 9.92, "car_acc": 1.96, "car_dcc": 2.26, "car_lcAssertive": 33.1, "car_lcCooperative": 0.0, "car_lcLookaheadLeft": 75.95, "car_lcPushy": 1.0, "car_lcSublane": 0.05, "car_tau_mean": 2.97, "car_tau_std": 0.0, "car_v_mean": 8.0, "car_v_std": 3.67}, "datetime": {"datetime": "2024-08-04 14:55:59", "elapsed": 2101.82059, "delta": 10.394326}}
{"target": -0.03116881168838366, "params": {"bus_acc": 2.42, "bus_dcc": 1.25, "bus_lcAssertive": 17.74, "bus_lcCooperative": 0.13, "bus_lcLookaheadLeft": 47.51, "bus_lcPushy": 0.05, "bus_lcSublane": 0.65, "bus_tau_mean": 3.79, "bus_tau_std": 9.7, "bus_v_mean": 19.04, "bus_v_std": 4.36, "car_acc": 1.16, "car_dcc": 1.8, "car_lcAssertive": 30.66, "car_lcCooperative": 0.8, "car_lcLookaheadLeft": 56.04, "car_lcPushy": 0.59, "car_lcSublane": 0.8, "car_tau_mean": 0.63, "car_tau_std": 4.05, "car_v_mean": 9.57, "car_v_std": 4.4}, "datetime": {"datetime": "2024-08-04 14:56:18", "elapsed": 2121.235569, "delta": 19.414979}}
{"target": -0.030114982212445084, "params": {"bus_acc": 2.39, "bus_dcc": 3.43, "bus_lcAssertive": 25.39, "bus_lcCooperative": 0.92, "bus_lcLookaheadLeft": 86.97, "bus_lcPushy": 0.5, "bus_lcSublane": 0.88, "bus_tau_mean": 2.32, "bus_tau_std": 6.67, "bus_v_mean": 9.48, "bus_v_std": 4.61, "car_acc": 1.0, "car_dcc": 2.04, "car_lcAssertive": 62.21, "car_lcCooperative": 0.69, "car_lcLookaheadLeft": 66.14, "car_lcPushy": 0.13, "car_lcSublane": 0.58, "car_tau_mean": 2.24, "car_tau_std": 0.16, "car_v_mean": 8.0, "car_v_std": 10.0}, "datetime": {"datetime": "2024-08-04 14:56:35", "elapsed": 2138.666475, "delta": 17.430906}}
{"target": -0.0367460214072643, "params": {"bus_acc": 1.75, "bus_dcc": 1.24, "bus_lcAssertive": 11.65, "bus_lcCooperative": 0.13, "bus_lcLookaheadLeft": 48.55, "bus_lcPushy": 0.33, "bus_lcSublane": 1.0, "bus_tau_mean": 2.94, "bus_tau_std": 1.67, "bus_v_mean": 17.27, "bus_v_std": 2.37, "car_acc": 1.24, "car_dcc": 3.54, "car_lcAssertive": 13.14, "car_lcCooperative": 0.52, "car_lcLookaheadLeft": 58.21, "car_lcPushy": 0.07, "car_lcSublane": 0.44, "car_tau_mean": 1.41, "car_tau_std": 4.42, "car_v_mean": 14.84, "car_v_std": 9.85}, "datetime": {"datetime": "2024-08-04 14:56:37", "elapsed": 2140.575672, "delta": 1.909197}}
{"target": -0.037921075841369896, "params": {"bus_acc": 1.27, "bus_dcc": 1.6, "bus_lcAssertive": 40.83, "bus_lcCooperative": 0.48, "bus_lcLookaheadLeft": 57.22, "bus_lcPushy": 0.11, "bus_lcSublane": 0.9, "bus_tau_mean": 2.55, "bus_tau_std": 3.57, "bus_v_mean": 15.82, "bus_v_std": 0.22, "car_acc": 2.44, "car_dcc": 2.55, "car_lcAssertive": 70.74, "car_lcCooperative": 0.82, "car_lcLookaheadLeft": 93.29, "car_lcPushy": 0.79, "car_lcSublane": 0.91, "car_tau_mean": 3.34, "car_tau_std": 0.88, "car_v_mean": 17.75, "car_v_std": 9.52}, "datetime": {"datetime": "2024-08-04 14:56:39", "elapsed": 2142.322162, "delta": 1.74649}}
{"target": -0.03616784415075993, "params": {"bus_acc": 2.13, "bus_dcc": 2.66, "bus_lcAssertive": 94.02, "bus_lcCooperative": 0.18, "bus_lcLookaheadLeft": 88.31, "bus_lcPushy": 0.49, "bus_lcSublane": 0.6, "bus_tau_mean": 1.78, "bus_tau_std": 4.82, "bus_v_mean": 21.13, "bus_v_std": 5.48, "car_acc": 1.62, "car_dcc": 3.16, "car_lcAssertive": 1.77, "car_lcCooperative": 0.1, "car_lcLookaheadLeft": 48.34, "car_lcPushy": 0.0, "car_lcSublane": 0.29, "car_tau_mean": 3.76, "car_tau_std": 6.38, "car_v_mean": 14.66, "car_v_std": 3.13}, "datetime": {"datetime": "2024-08-04 14:56:41", "elapsed": 2144.661571, "delta": 2.339409}}
{"target": -0.0339666847552595, "params": {"bus_acc": 2.12, "bus_dcc": 3.11, "bus_lcAssertive": 27.48, "bus_lcCooperative": 0.66, "bus_lcLookaheadLeft": 87.68, "bus_lcPushy": 0.31, "bus_lcSublane": 0.46, "bus_tau_mean": 2.15, "bus_tau_std": 5.41, "bus_v_mean": 10.46, "bus_v_std": 3.61, "car_acc": 1.06, "car_dcc": 2.09, "car_lcAssertive": 63.6, "car_lcCooperative": 0.51, "car_lcLookaheadLeft": 68.03, "car_lcPushy": 0.07, "car_lcSublane": 0.52, "car_tau_mean": 2.11, "car_tau_std": 1.75, "car_v_mean": 9.98, "car_v_std": 8.87}, "datetime": {"datetime": "2024-08-04 14:56:51", "elapsed": 2154.39597, "delta": 9.734399}}
{"target": -0.0286705558283492, "params": {"bus_acc": 2.17, "bus_dcc": 3.91, "bus_lcAssertive": 67.69, "bus_lcCooperative": 0.91, "bus_lcLookaheadLeft": 37.38, "bus_lcPushy": 0.33, "bus_lcSublane": 0.98, "bus_tau_mean": 3.52, "bus_tau_std": 4.95, "bus_v_mean": 21.74, "bus_v_std": 0.96, "car_acc": 1.94, "car_dcc": 3.35, "car_lcAssertive": 99.17, "car_lcCooperative": 0.7, "car_lcLookaheadLeft": 21.08, "car_lcPushy": 0.92, "car_lcSublane": 0.29, "car_tau_mean": 1.21, "car_tau_std": 3.77, "car_v_mean": 8.65, "car_v_std": 0.88}, "datetime": {"datetime": "2024-08-04 14:56:56", "elapsed": 2159.660339, "delta": 5.264369}}
{"target": -0.033000435404863165, "params": {"bus_acc": 2.34, "bus_dcc": 3.28, "bus_lcAssertive": 27.34, "bus_lcCooperative": 0.8, "bus_lcLookaheadLeft": 87.79, "bus_lcPushy": 0.44, "bus_lcSublane": 0.5, "bus_tau_mean": 2.4, "bus_tau_std": 5.52, "bus_v_mean": 10.59, "bus_v_std": 3.3, "car_acc": 1.21, "car_dcc": 2.17, "car_lcAssertive": 63.46, "car_lcCooperative": 0.58, "car_lcLookaheadLeft": 68.56, "car_lcPushy": 0.25, "car_lcSublane": 0.5, "car_tau_mean": 2.02, "car_tau_std": 2.21, "car_v_mean": 10.08, "car_v_std": 8.34}, "datetime": {"datetime": "2024-08-04 14:57:01", "elapsed": 2164.278492, "delta": 4.618153}}
{"target": -0.053662004939480784, "params": {"bus_acc": 1.83, "bus_dcc": 1.3, "bus_lcAssertive": 30.29, "bus_lcCooperative": 0.04, "bus_lcLookaheadLeft": 48.08, "bus_lcPushy": 0.96, "bus_lcSublane": 0.98, "bus_tau_mean": 3.54, "bus_tau_std": 0.16, "bus_v_mean": 15.12, "bus_v_std": 1.65, "car_acc": 2.26, "car_dcc": 1.88, "car_lcAssertive": 18.24, "car_lcCooperative": 0.6, "car_lcLookaheadLeft": 76.66, "car_lcPushy": 0.11, "car_lcSublane": 0.29, "car_tau_mean": 1.2, "car_tau_std": 3.18, "car_v_mean": 22.08, "car_v_std": 1.45}, "datetime": {"datetime": "2024-08-04 14:57:05", "elapsed": 2168.388587, "delta": 4.110095}}
{"target": -0.03366266948760185, "params": {"bus_acc": 2.24, "bus_dcc": 2.84, "bus_lcAssertive": 27.62, "bus_lcCooperative": 0.91, "bus_lcLookaheadLeft": 86.58, "bus_lcPushy": 0.45, "bus_lcSublane": 0.77, "bus_tau_mean": 2.3, "bus_tau_std": 5.58, "bus_v_mean": 9.45, "bus_v_std": 4.61, "car_acc": 1.0, "car_dcc": 2.13, "car_lcAssertive": 62.49, "car_lcCooperative": 0.73, "car_lcLookaheadLeft": 65.19, "car_lcPushy": 0.19, "car_lcSublane": 0.66, "car_tau_mean": 1.65, "car_tau_std": 0.75, "car_v_mean": 8.0, "car_v_std": 10.0}, "datetime": {"datetime": "2024-08-04 14:57:11", "elapsed": 2174.133255, "delta": 5.744668}}
{"target": -0.030989323099247162, "params": {"bus_acc": 2.18, "bus_dcc": 3.23, "bus_lcAssertive": 27.05, "bus_lcCooperative": 0.72, "bus_lcLookaheadLeft": 88.49, "bus_lcPushy": 0.34, "bus_lcSublane": 0.37, "bus_tau_mean": 2.42, "bus_tau_std": 5.44, "bus_v_mean": 10.62, "bus_v_std": 3.32, "car_acc": 1.16, "car_dcc": 2.18, "car_lcAssertive": 63.03, "car_lcCooperative": 0.47, "car_lcLookaheadLeft": 68.35, "car_lcPushy": 0.07, "car_lcSublane": 0.51, "car_tau_mean": 2.2, "car_tau_std": 1.83, "car_v_mean": 9.92, "car_v_std": 8.5}, "datetime": {"datetime": "2024-08-04 14:57:13", "elapsed": 2176.190692, "delta": 2.057437}}
