{"target": -0.060920207505560466, "params": {"bus_acc": 1.5701, "bus_dcc": 3.0946, "bus_lcAssertive": 62.022, "bus_lcCooperative": 0.0857, "bus_lcLookaheadLeft": 18.5109, "bus_lcPushy": 0.3606, "bus_lcSublane": 0.885, "bus_tau_mean": 1.2712, "bus_tau_std": 5.7919, "bus_v_mean": 20.2429, "bus_v_std": 7.8374, "car_acc": 2.4565, "car_dcc": 3.9602, "car_lcAssertive": 38.4983, "car_lcCooperative": 0.9551, "car_lcLookaheadLeft": 83.0758, "car_lcPushy": 0.9461, "car_lcSublane": 0.5657, "car_tau_mean": 3.4981, "car_tau_std": 4.1929, "car_v_mean": 12.8897, "car_v_std": 6.3393}, "datetime": {"datetime": "2024-08-05 17:53:53", "elapsed": 456.860963, "delta": 2.11377}}
{"target": -0.04636173662631028, "params": {"bus_acc": 2.7354, "bus_dcc": 2.6102, "bus_lcAssertive": 58.7417, "bus_lcCooperative": 0.4791, "bus_lcLookaheadLeft": 16.2603, "bus_lcPushy": 0.5822, "bus_lcSublane": 0.5077, "bus_tau_mean": 1.9989, "bus_tau_std": 9.2152, "bus_v_mean": 15.2003, "bus_v_std": 4.6612, "car_acc": 2.0072, "car_dcc": 2.1998, "car_lcAssertive": 36.6184, "car_lcCooperative": 0.6761, "car_lcLookaheadLeft": 81.177, "car_lcPushy": 0.1056, "car_lcSublane": 0.5643, "car_tau_mean": 3.4042, "car_tau_std": 4.7184, "car_v_mean": 10.4973, "car_v_std": 1.9127}, "datetime": {"datetime": "2024-08-05 17:53:55", "elapsed": 459.174742, "delta": 2.313779}}
{"target": -0.06665787019170684, "params": {"bus_acc": 1.3343, "bus_dcc": 1.5953, "bus_lcAssertive": 69.4154, "bus_lcCooperative": 0.5775, "bus_lcLookaheadLeft": 87.5893, "bus_lcPushy": 0.2483, "bus_lcSublane": 0.6333, "bus_tau_mean": 0.6242, "bus_tau_std": 5.1657, "bus_v_mean": 21.8153, "bus_v_std": 9.8466, "car_acc": 1.0234, "car_dcc": 1.7622, "car_lcAssertive": 23.1648, "car_lcCooperative": 0.0512, "car_lcLookaheadLeft": 3.0006, "car_lcPushy": 0.4939, "car_lcSublane": 0.0492, "car_tau_mean": 1.4778, "car_tau_std": 6.4034, "car_v_mean": 12.7188, "car_v_std": 2.7002}, "datetime": {"datetime": "2024-08-05 17:53:58", "elapsed": 461.504008, "delta": 2.329266}}
{"target": -0.059286452881866465, "params": {"bus_acc": 2.8405, "bus_dcc": 2.8538, "bus_lcAssertive": 45.8309, "bus_lcCooperative": 0.3364, "bus_lcLookaheadLeft": 8.3788, "bus_lcPushy": 0.5127, "bus_lcSublane": 0.536, "bus_tau_mean": 1.2546, "bus_tau_std": 3.2301, "bus_v_mean": 19.0019, "bus_v_std": 1.1572, "car_acc": 1.0085, "car_dcc": 3.8761, "car_lcAssertive": 86.7151, "car_lcCooperative": 0.2243, "car_lcLookaheadLeft": 57.3129, "car_lcPushy": 0.0553, "car_lcSublane": 0.2168, "car_tau_mean": 0.6788, "car_tau_std": 9.4226, "car_v_mean": 22.6136, "car_v_std": 5.0756}, "datetime": {"datetime": "2024-08-05 17:54:00", "elapsed": 464.05265, "delta": 2.548642}}
{"target": -0.04177082983872799, "params": {"bus_acc": 1.404, "bus_dcc": 1.6649, "bus_lcAssertive": 69.4851, "bus_lcCooperative": 0.6475, "bus_lcLookaheadLeft": 87.659, "bus_lcPushy": 0.3183, "bus_lcSublane": 0.7033, "bus_tau_mean": 0.694, "bus_tau_std": 5.2353, "bus_v_mean": 21.885, "bus_v_std": 9.8943, "car_acc": 1.0931, "car_dcc": 1.832, "car_lcAssertive": 23.2345, "car_lcCooperative": 0.1212, "car_lcLookaheadLeft": 3.0702, "car_lcPushy": 0.5639, "car_lcSublane": 0.119, "car_tau_mean": 1.5477, "car_tau_std": 6.4731, "car_v_mean": 12.7884, "car_v_std": 2.7699}, "datetime": {"datetime": "2024-08-05 17:54:02", "elapsed": 465.878874, "delta": 1.826224}}
{"target": -0.048478267649301146, "params": {"bus_acc": 2.7208, "bus_dcc": 2.9307, "bus_lcAssertive": 29.7325, "bus_lcCooperative": 0.4983, "bus_lcLookaheadLeft": 99.3819, "bus_lcPushy": 0.7437, "bus_lcSublane": 0.7888, "bus_tau_mean": 2.1326, "bus_tau_std": 6.8841, "bus_v_mean": 8.471, "bus_v_std": 7.6136, "car_acc": 2.9727, "car_dcc": 3.2166, "car_lcAssertive": 75.2678, "car_lcCooperative": 0.6241, "car_lcLookaheadLeft": 69.315, "car_lcPushy": 0.0716, "car_lcSublane": 0.4121, "car_tau_mean": 2.8507, "car_tau_std": 1.6662, "car_v_mean": 8.999, "car_v_std": 5.7585}, "datetime": {"datetime": "2024-08-05 17:54:05", "elapsed": 468.99094, "delta": 3.112066}}
{"target": -0.05405974986980346, "params": {"bus_acc": 1.8574, "bus_dcc": 1.3989, "bus_lcAssertive": 14.3953, "bus_lcCooperative": 0.1864, "bus_lcLookaheadLeft": 2.9499, "bus_lcPushy": 0.5692, "bus_lcSublane": 0.8344, "bus_tau_mean": 2.3027, "bus_tau_std": 1.0238, "bus_v_mean": 11.1924, "bus_v_std": 0.9889, "car_acc": 2.7465, "car_dcc": 1.9922, "car_lcAssertive": 56.1812, "car_lcCooperative": 0.4161, "car_lcLookaheadLeft": 82.5842, "car_lcPushy": 0.407, "car_lcSublane": 0.8399, "car_tau_mean": 1.3001, "car_tau_std": 3.7785, "car_v_mean": 9.656, "car_v_std": 9.4046}, "datetime": {"datetime": "2024-08-05 17:54:07", "elapsed": 471.036236, "delta": 2.045296}}
{"target": -0.047871710637372056, "params": {"bus_acc": 1.7741, "bus_dcc": 1.0514, "bus_lcAssertive": 65.5828, "bus_lcCooperative": 0.541, "bus_lcLookaheadLeft": 18.4494, "bus_lcPushy": 0.8929, "bus_lcSublane": 0.6275, "bus_tau_mean": 2.0518, "bus_tau_std": 7.8041, "bus_v_mean": 17.422, "bus_v_std": 3.2806, "car_acc": 2.6503, "car_dcc": 2.7956, "car_lcAssertive": 37.8238, "car_lcCooperative": 0.2751, "car_lcLookaheadLeft": 88.5932, "car_lcPushy": 0.1927, "car_lcSublane": 0.5344, "car_tau_mean": 3.5229, "car_tau_std": 3.3273, "car_v_mean": 8.8331, "car_v_std": 3.2473}, "datetime": {"datetime": "2024-08-05 17:54:09", "elapsed": 472.81203, "delta": 1.775794}}
{"target": -0.06475057164786151, "params": {"bus_acc": 2.1584, "bus_dcc": 3.7794, "bus_lcAssertive": 4.1692, "bus_lcCooperative": 0.3904, "bus_lcLookaheadLeft": 25.3521, "bus_lcPushy": 0.5089, "bus_lcSublane": 0.4055, "bus_tau_mean": 2.8624, "bus_tau_std": 6.044, "bus_v_mean": 21.6284, "bus_v_std": 4.1616, "car_acc": 1.4949, "car_dcc": 2.4357, "car_lcAssertive": 80.3854, "car_lcCooperative": 0.4755, "car_lcLookaheadLeft": 32.6879, "car_lcPushy": 0.9162, "car_lcSublane": 0.8736, "car_tau_mean": 2.1229, "car_tau_std": 4.0302, "car_v_mean": 18.2066, "car_v_std": 4.8688}, "datetime": {"datetime": "2024-08-05 17:54:12", "elapsed": 475.37658, "delta": 2.56455}}
{"target": -0.055236990198400775, "params": {"bus_acc": 1.7068, "bus_dcc": 1.7239, "bus_lcAssertive": 8.9586, "bus_lcCooperative": 0.775, "bus_lcLookaheadLeft": 30.1526, "bus_lcPushy": 0.2858, "bus_lcSublane": 0.0955, "bus_tau_mean": 0.9135, "bus_tau_std": 8.2133, "bus_v_mean": 20.6424, "bus_v_std": 1.9013, "car_acc": 1.2399, "car_dcc": 1.331, "car_lcAssertive": 98.515, "car_lcCooperative": 0.1294, "car_lcLookaheadLeft": 10.1795, "car_lcPushy": 0.272, "car_lcSublane": 0.7564, "car_tau_mean": 1.9274, "car_tau_std": 7.414, "car_v_mean": 9.7474, "car_v_std": 1.1758}, "datetime": {"datetime": "2024-08-05 17:54:13", "elapsed": 477.183706, "delta": 1.807126}}
{"target": -0.045583371344186635, "params": {"bus_acc": 1.4983, "bus_dcc": 3.2531, "bus_lcAssertive": 7.2218, "bus_lcCooperative": 0.3329, "bus_lcLookaheadLeft": 61.5564, "bus_lcPushy": 0.8684, "bus_lcSublane": 0.1804, "bus_tau_mean": 2.6756, "bus_tau_std": 2.3153, "bus_v_mean": 11.8091, "bus_v_std": 3.414, "car_acc": 1.594, "car_dcc": 1.9511, "car_lcAssertive": 90.2699, "car_lcCooperative": 0.9124, "car_lcLookaheadLeft": 9.848, "car_lcPushy": 0.904, "car_lcSublane": 0.6318, "car_tau_mean": 3.6187, "car_tau_std": 5.5519, "car_v_mean": 23.1904, "car_v_std": 8.3863}, "datetime": {"datetime": "2024-08-05 17:54:16", "elapsed": 479.426499, "delta": 2.242793}}
{"target": -0.06253563807431009, "params": {"bus_acc": 1.255, "bus_dcc": 1.2691, "bus_lcAssertive": 58.6396, "bus_lcCooperative": 0.8227, "bus_lcLookaheadLeft": 42.2136, "bus_lcPushy": 0.6746, "bus_lcSublane": 0.3698, "bus_tau_mean": 2.464, "bus_tau_std": 0.9296, "bus_v_mean": 10.0378, "bus_v_std": 9.3851, "car_acc": 1.662, "car_dcc": 1.3596, "car_lcAssertive": 36.197, "car_lcCooperative": 0.9806, "car_lcLookaheadLeft": 49.5022, "car_lcPushy": 0.967, "car_lcSublane": 0.3992, "car_tau_mean": 0.7907, "car_tau_std": 6.2292, "car_v_mean": 23.5806, "car_v_std": 8.9345}, "datetime": {"datetime": "2024-08-05 17:54:18", "elapsed": 481.533616, "delta": 2.107117}}
{"target": -0.06666974152179848, "params": {"bus_acc": 1.345, "bus_dcc": 1.606, "bus_lcAssertive": 69.4261, "bus_lcCooperative": 0.5882, "bus_lcLookaheadLeft": 87.6001, "bus_lcPushy": 0.259, "bus_lcSublane": 0.644, "bus_tau_mean": 0.6349, "bus_tau_std": 5.1764, "bus_v_mean": 21.826, "bus_v_std": 9.8557, "car_acc": 1.0341, "car_dcc": 1.7729, "car_lcAssertive": 23.1755, "car_lcCooperative": 0.0619, "car_lcLookaheadLeft": 3.0113, "car_lcPushy": 0.5046, "car_lcSublane": 0.0599, "car_tau_mean": 1.4885, "car_tau_std": 6.4141, "car_v_mean": 12.7295, "car_v_std": 2.7109}, "datetime": {"datetime": "2024-08-05 17:54:21", "elapsed": 485.119654, "delta": 3.586038}}
{"target": -0.07365942795152651, "params": {"bus_acc": 2.0038, "bus_dcc": 2.5508, "bus_lcAssertive": 3.3605, "bus_lcCooperative": 0.9785, "bus_lcLookaheadLeft": 15.1409, "bus_lcPushy": 0.0717, "bus_lcSublane": 0.6459, "bus_tau_mean": 1.9235, "bus_tau_std": 1.5709, "bus_v_mean": 18.7117, "bus_v_std": 0.6482, "car_acc": 2.1253, "car_dcc": 1.3044, "car_lcAssertive": 49.0389, "car_lcCooperative": 0.1554, "car_lcLookaheadLeft": 72.6852, "car_lcPushy": 0.7326, "car_lcSublane": 0.4655, "car_tau_mean": 0.8412, "car_tau_std": 2.0377, "car_v_mean": 21.4037, "car_v_std": 0.8047}, "datetime": {"datetime": "2024-08-05 17:54:23", "elapsed": 487.143708, "delta": 2.024054}}
{"target": -0.06674354734740447, "params": {"bus_acc": 2.6441, "bus_dcc": 2.2561, "bus_lcAssertive": 29.1645, "bus_lcCooperative": 0.1217, "bus_lcLookaheadLeft": 18.0889, "bus_lcPushy": 0.4275, "bus_lcSublane": 0.3817, "bus_tau_mean": 0.8154, "bus_tau_std": 5.2631, "bus_v_mean": 11.3964, "bus_v_std": 1.9986, "car_acc": 2.6668, "car_dcc": 3.8486, "car_lcAssertive": 72.4177, "car_lcCooperative": 0.6083, "car_lcLookaheadLeft": 24.2461, "car_lcPushy": 0.6892, "car_lcSublane": 0.6734, "car_tau_mean": 3.1666, "car_tau_std": 2.1222, "car_v_mean": 16.0673, "car_v_std": 8.3522}, "datetime": {"datetime": "2024-08-05 17:54:29", "elapsed": 492.682349, "delta": 5.538641}}
{"target": -0.05537460489296207, "params": {"bus_acc": 1.0986, "bus_dcc": 1.4289, "bus_lcAssertive": 97.185, "bus_lcCooperative": 0.4265, "bus_lcLookaheadLeft": 36.765, "bus_lcPushy": 0.6397, "bus_lcSublane": 0.0189, "bus_tau_mean": 3.7009, "bus_tau_std": 8.9414, "bus_v_mean": 11.8282, "bus_v_std": 2.7643, "car_acc": 1.9422, "car_dcc": 1.4677, "car_lcAssertive": 27.1969, "car_lcCooperative": 0.6031, "car_lcLookaheadLeft": 80.3675, "car_lcPushy": 0.6917, "car_lcSublane": 0.2103, "car_tau_mean": 3.4208, "car_tau_std": 0.2127, "car_v_mean": 12.0667, "car_v_std": 5.4958}, "datetime": {"datetime": "2024-08-05 17:54:31", "elapsed": 494.676622, "delta": 1.994273}}
{"target": -0.07266308876816929, "params": {"bus_acc": 1.7237, "bus_dcc": 1.0342, "bus_lcAssertive": 94.503, "bus_lcCooperative": 0.6308, "bus_lcLookaheadLeft": 47.9949, "bus_lcPushy": 0.5228, "bus_lcSublane": 0.5198, "bus_tau_mean": 1.6038, "bus_tau_std": 7.9085, "bus_v_mean": 23.4407, "bus_v_std": 0.9197, "car_acc": 2.8463, "car_dcc": 3.5076, "car_lcAssertive": 21.3189, "car_lcCooperative": 0.0163, "car_lcLookaheadLeft": 55.1727, "car_lcPushy": 0.7554, "car_lcSublane": 0.9918, "car_tau_mean": 1.6554, "car_tau_std": 7.9932, "car_v_mean": 20.3083, "car_v_std": 0.8772}, "datetime": {"datetime": "2024-08-05 17:54:33", "elapsed": 496.715494, "delta": 2.038872}}
{"target": -0.06559315396296136, "params": {"bus_acc": 1.5704, "bus_dcc": 2.1134, "bus_lcAssertive": 10.9522, "bus_lcCooperative": 0.4919, "bus_lcLookaheadLeft": 95.1439, "bus_lcPushy": 0.161, "bus_lcSublane": 0.2673, "bus_tau_mean": 0.8119, "bus_tau_std": 5.7689, "bus_v_mean": 11.8588, "bus_v_std": 2.2508, "car_acc": 2.2479, "car_dcc": 3.7772, "car_lcAssertive": 86.0692, "car_lcCooperative": 0.3427, "car_lcLookaheadLeft": 37.4763, "car_lcPushy": 0.3434, "car_lcSublane": 0.3338, "car_tau_mean": 2.9571, "car_tau_std": 8.9601, "car_v_mean": 18.3027, "car_v_std": 2.5558}, "datetime": {"datetime": "2024-08-05 17:54:35", "elapsed": 499.095065, "delta": 2.379571}}
{"target": -0.0762608436556294, "params": {"bus_acc": 1.9269, "bus_dcc": 3.6986, "bus_lcAssertive": 2.2997, "bus_lcCooperative": 0.8336, "bus_lcLookaheadLeft": 69.6458, "bus_lcPushy": 0.2499, "bus_lcSublane": 0.9294, "bus_tau_mean": 1.6219, "bus_tau_std": 7.4312, "bus_v_mean": 23.4351, "bus_v_std": 8.4431, "car_acc": 2.4409, "car_dcc": 3.9881, "car_lcAssertive": 11.6793, "car_lcCooperative": 0.8447, "car_lcLookaheadLeft": 34.2054, "car_lcPushy": 0.6901, "car_lcSublane": 0.3861, "car_tau_mean": 3.9894, "car_tau_std": 3.9447, "car_v_mean": 21.761, "car_v_std": 0.7334}, "datetime": {"datetime": "2024-08-05 17:54:38", "elapsed": 501.600028, "delta": 2.504963}}
{"target": -0.06435285101109811, "params": {"bus_acc": 2.6222, "bus_dcc": 2.2487, "bus_lcAssertive": 78.8531, "bus_lcCooperative": 0.1734, "bus_lcLookaheadLeft": 41.0513, "bus_lcPushy": 0.6965, "bus_lcSublane": 0.0461, "bus_tau_mean": 3.423, "bus_tau_std": 0.9312, "bus_v_mean": 9.0917, "bus_v_std": 8.6942, "car_acc": 1.6115, "car_dcc": 2.2205, "car_lcAssertive": 35.8135, "car_lcCooperative": 0.5283, "car_lcLookaheadLeft": 62.5154, "car_lcPushy": 0.5607, "car_lcSublane": 0.8395, "car_tau_mean": 3.7904, "car_tau_std": 1.3833, "car_v_mean": 22.5781, "car_v_std": 1.3358}, "datetime": {"datetime": "2024-08-05 17:54:39", "elapsed": 503.023302, "delta": 1.423274}}
{"target": -0.05778467965138129, "params": {"bus_acc": 1.7523, "bus_dcc": 1.2417, "bus_lcAssertive": 11.6476, "bus_lcCooperative": 0.135, "bus_lcLookaheadLeft": 48.5461, "bus_lcPushy": 0.3263, "bus_lcSublane": 0.996, "bus_tau_mean": 2.945, "bus_tau_std": 1.6671, "bus_v_mean": 17.2685, "bus_v_std": 2.37, "car_acc": 1.2361, "car_dcc": 3.5364, "car_lcAssertive": 13.1382, "car_lcCooperative": 0.5213, "car_lcLookaheadLeft": 58.2088, "car_lcPushy": 0.0657, "car_lcSublane": 0.4359, "car_tau_mean": 1.4122, "car_tau_std": 4.4207, "car_v_mean": 14.8427, "car_v_std": 9.848}, "datetime": {"datetime": "2024-08-05 17:54:41", "elapsed": 505.320552, "delta": 2.29725}}
{"target": -0.05617160871559496, "params": {"bus_acc": 1.3306, "bus_dcc": 1.5916, "bus_lcAssertive": 69.4117, "bus_lcCooperative": 0.5738, "bus_lcLookaheadLeft": 87.5857, "bus_lcPushy": 0.2446, "bus_lcSublane": 0.6296, "bus_tau_mean": 0.6205, "bus_tau_std": 5.162, "bus_v_mean": 21.8116, "bus_v_std": 9.8413, "car_acc": 1.0197, "car_dcc": 1.7585, "car_lcAssertive": 23.1611, "car_lcCooperative": 0.0475, "car_lcLookaheadLeft": 2.9969, "car_lcPushy": 0.4902, "car_lcSublane": 0.0455, "car_tau_mean": 1.4742, "car_tau_std": 6.3997, "car_v_mean": 12.7151, "car_v_std": 2.6965}, "datetime": {"datetime": "2024-08-05 17:54:43", "elapsed": 507.119487, "delta": 1.798935}}
{"target": -0.06117848029472501, "params": {"bus_acc": 1.6372, "bus_dcc": 2.5515, "bus_lcAssertive": 59.5808, "bus_lcCooperative": 0.2262, "bus_lcLookaheadLeft": 8.3421, "bus_lcPushy": 0.0498, "bus_lcSublane": 0.2075, "bus_tau_mean": 2.1324, "bus_tau_std": 9.0901, "bus_v_mean": 22.9424, "bus_v_std": 7.503, "car_acc": 1.0005, "car_dcc": 2.743, "car_lcAssertive": 92.807, "car_lcCooperative": 0.2617, "car_lcLookaheadLeft": 4.3982, "car_lcPushy": 0.2631, "car_lcSublane": 0.9578, "car_tau_mean": 2.6947, "car_tau_std": 0.8602, "car_v_mean": 18.2724, "car_v_std": 7.68}, "datetime": {"datetime": "2024-08-05 17:54:46", "elapsed": 509.403877, "delta": 2.28439}}
{"target": -0.055759297079065386, "params": {"bus_acc": 1.304, "bus_dcc": 2.3314, "bus_lcAssertive": 1.6401, "bus_lcCooperative": 0.1085, "bus_lcLookaheadLeft": 20.8537, "bus_lcPushy": 0.1066, "bus_lcSublane": 0.962, "bus_tau_mean": 2.4661, "bus_tau_std": 4.4779, "bus_v_mean": 21.0094, "bus_v_std": 8.8881, "car_acc": 2.8492, "car_dcc": 1.577, "car_lcAssertive": 31.7835, "car_lcCooperative": 0.5339, "car_lcLookaheadLeft": 71.6135, "car_lcPushy": 0.7099, "car_lcSublane": 0.401, "car_tau_mean": 3.4694, "car_tau_std": 5.3032, "car_v_mean": 18.7575, "car_v_std": 9.4454}, "datetime": {"datetime": "2024-08-05 17:54:47", "elapsed": 511.135353, "delta": 1.731476}}
{"target": -0.06609421002633324, "params": {"bus_acc": 1.933, "bus_dcc": 2.6533, "bus_lcAssertive": 18.8071, "bus_lcCooperative": 0.7082, "bus_lcLookaheadLeft": 8.9652, "bus_lcPushy": 0.6857, "bus_lcSublane": 0.5623, "bus_tau_mean": 3.528, "bus_tau_std": 1.8099, "bus_v_mean": 14.3515, "bus_v_std": 0.6677, "car_acc": 1.7266, "car_dcc": 2.5616, "car_lcAssertive": 69.485, "car_lcCooperative": 0.2196, "car_lcLookaheadLeft": 4.156, "car_lcPushy": 0.386, "car_lcSublane": 0.0883, "car_tau_mean": 3.2091, "car_tau_std": 6.1048, "car_v_mean": 18.5797, "car_v_std": 0.8366}, "datetime": {"datetime": "2024-08-05 17:54:50", "elapsed": 513.632157, "delta": 2.496804}}
{"target": -0.06935578638879293, "params": {"bus_acc": 1.9411, "bus_dcc": 3.9116, "bus_lcAssertive": 41.2874, "bus_lcCooperative": 0.9377, "bus_lcLookaheadLeft": 17.5334, "bus_lcPushy": 0.1082, "bus_lcSublane": 0.6417, "bus_tau_mean": 1.8517, "bus_tau_std": 7.2186, "bus_v_mean": 18.9997, "bus_v_std": 6.4368, "car_acc": 1.6859, "car_dcc": 3.4974, "car_lcAssertive": 90.0786, "car_lcCooperative": 0.1163, "car_lcLookaheadLeft": 2.5894, "car_lcPushy": 0.2536, "car_lcSublane": 0.4364, "car_tau_mean": 1.4048, "car_tau_std": 2.8934, "car_v_mean": 18.2955, "car_v_std": 0.0819}, "datetime": {"datetime": "2024-08-05 17:54:52", "elapsed": 515.599993, "delta": 1.967836}}
{"target": -0.04436419755213739, "params": {"bus_acc": 2.8178, "bus_dcc": 3.9667, "bus_lcAssertive": 82.43, "bus_lcCooperative": 0.9786, "bus_lcLookaheadLeft": 96.5039, "bus_lcPushy": 0.5232, "bus_lcSublane": 0.9036, "bus_tau_mean": 3.1196, "bus_tau_std": 7.1407, "bus_v_mean": 22.3551, "bus_v_std": 5.446, "car_acc": 2.2854, "car_dcc": 2.9102, "car_lcAssertive": 7.7049, "car_lcCooperative": 0.3291, "car_lcLookaheadLeft": 27.6825, "car_lcPushy": 0.1736, "car_lcSublane": 0.5389, "car_tau_mean": 2.9298, "car_tau_std": 4.1036, "car_v_mean": 9.4019, "car_v_std": 6.589}, "datetime": {"datetime": "2024-08-05 17:54:54", "elapsed": 517.800428, "delta": 2.200435}}
{"target": -0.06572009502424968, "params": {"bus_acc": 2.258, "bus_dcc": 3.2147, "bus_lcAssertive": 9.7541, "bus_lcCooperative": 0.2224, "bus_lcLookaheadLeft": 12.3676, "bus_lcPushy": 0.2402, "bus_lcSublane": 0.1229, "bus_tau_mean": 2.3208, "bus_tau_std": 0.8224, "bus_v_mean": 17.2836, "bus_v_std": 5.3472, "car_acc": 2.8062, "car_dcc": 1.98, "car_lcAssertive": 16.4866, "car_lcCooperative": 0.4829, "car_lcLookaheadLeft": 16.4637, "car_lcPushy": 0.8786, "car_lcSublane": 0.7774, "car_tau_mean": 3.9955, "car_tau_std": 9.8812, "car_v_mean": 20.2147, "car_v_std": 3.834}, "datetime": {"datetime": "2024-08-05 17:54:57", "elapsed": 520.719878, "delta": 2.91945}}
{"target": -0.06345694396489877, "params": {"bus_acc": 1.3631, "bus_dcc": 3.5691, "bus_lcAssertive": 39.3441, "bus_lcCooperative": 0.1237, "bus_lcLookaheadLeft": 48.7147, "bus_lcPushy": 0.3903, "bus_lcSublane": 0.5419, "bus_tau_mean": 3.6822, "bus_tau_std": 9.8422, "bus_v_mean": 23.103, "bus_v_std": 7.9633, "car_acc": 2.3222, "car_dcc": 3.2826, "car_lcAssertive": 17.4698, "car_lcCooperative": 0.0504, "car_lcLookaheadLeft": 44.3461, "car_lcPushy": 0.139, "car_lcSublane": 0.727, "car_tau_mean": 2.6751, "car_tau_std": 2.9817, "car_v_mean": 22.3477, "car_v_std": 8.1183}, "datetime": {"datetime": "2024-08-05 17:55:00", "elapsed": 523.767176, "delta": 3.047298}}
{"target": -0.0437768319461628, "params": {"bus_acc": 1.7016, "bus_dcc": 2.5842, "bus_lcAssertive": 66.2423, "bus_lcCooperative": 0.8477, "bus_lcLookaheadLeft": 24.0643, "bus_lcPushy": 0.2085, "bus_lcSublane": 0.3922, "bus_tau_mean": 2.6855, "bus_tau_std": 2.6931, "bus_v_mean": 14.1122, "bus_v_std": 9.2173, "car_acc": 2.9032, "car_dcc": 3.9244, "car_lcAssertive": 97.3163, "car_lcCooperative": 0.4084, "car_lcLookaheadLeft": 86.0416, "car_lcPushy": 0.9753, "car_lcSublane": 0.809, "car_tau_mean": 3.0006, "car_tau_std": 4.7135, "car_v_mean": 8.6053, "car_v_std": 1.1497}, "datetime": {"datetime": "2024-08-05 17:55:02", "elapsed": 525.549489, "delta": 1.782313}}
{"target": -0.04912238279038854, "params": {"bus_acc": 2.416, "bus_dcc": 1.2525, "bus_lcAssertive": 17.7356, "bus_lcCooperative": 0.1302, "bus_lcLookaheadLeft": 47.5057, "bus_lcPushy": 0.0467, "bus_lcSublane": 0.6452, "bus_tau_mean": 3.7854, "bus_tau_std": 9.6997, "bus_v_mean": 19.0405, "bus_v_std": 4.3624, "car_acc": 1.1601, "car_dcc": 1.7958, "car_lcAssertive": 30.6574, "car_lcCooperative": 0.8028, "car_lcLookaheadLeft": 56.0373, "car_lcPushy": 0.5932, "car_lcSublane": 0.7989, "car_tau_mean": 0.6274, "car_tau_std": 4.0547, "car_v_mean": 9.571, "car_v_std": 4.4034}, "datetime": {"datetime": "2024-08-05 17:55:04", "elapsed": 527.436695, "delta": 1.887206}}
{"target": -0.06239884283579095, "params": {"bus_acc": 2.2219, "bus_dcc": 3.1664, "bus_lcAssertive": 67.6673, "bus_lcCooperative": 0.5638, "bus_lcLookaheadLeft": 49.9402, "bus_lcPushy": 0.1212, "bus_lcSublane": 0.6902, "bus_tau_mean": 2.8258, "bus_tau_std": 9.8275, "bus_v_mean": 8.8371, "bus_v_std": 9.8996, "car_acc": 1.7986, "car_dcc": 3.1149, "car_lcAssertive": 34.6842, "car_lcCooperative": 0.2193, "car_lcLookaheadLeft": 37.0446, "car_lcPushy": 0.5452, "car_lcSublane": 0.5906, "car_tau_mean": 3.2001, "car_tau_std": 4.0795, "car_v_mean": 23.7586, "car_v_std": 3.163}, "datetime": {"datetime": "2024-08-05 17:55:06", "elapsed": 530.204657, "delta": 2.767962}}
{"target": -0.06577598602304903, "params": {"bus_acc": 1.3374, "bus_dcc": 3.1586, "bus_lcAssertive": 88.641, "bus_lcCooperative": 0.1348, "bus_lcLookaheadLeft": 93.009, "bus_lcPushy": 0.8048, "bus_lcSublane": 0.5779, "bus_tau_mean": 3.8807, "bus_tau_std": 2.3762, "bus_v_mean": 19.1699, "bus_v_std": 2.3517, "car_acc": 1.7623, "car_dcc": 1.8234, "car_lcAssertive": 45.2477, "car_lcCooperative": 0.4183, "car_lcLookaheadLeft": 44.9844, "car_lcPushy": 0.3423, "car_lcSublane": 0.8534, "car_tau_mean": 1.3648, "car_tau_std": 8.7496, "car_v_mean": 21.5859, "car_v_std": 9.0028}, "datetime": {"datetime": "2024-08-05 17:55:09", "elapsed": 532.58549, "delta": 2.380833}}
