{"target": -0.2988706697953121, "params": {"bus_acc": 1.8522, "bus_dcc": 1.9162, "bus_lcAssertive": 88.9755, "bus_lcCooperative": 0.9253, "bus_lcLookaheadLeft": 3.5003, "bus_lcPushy": 0.1681, "bus_lcSigma": 0.1451, "bus_lcSpeedGainRight": 4.7725, "bus_lcSublane": 0.526, "bus_sigma": 0.5988, "bus_tau_mean": 1.5106, "bus_tau_std": 3.3887, "bus_v_mean": 9.4168, "bus_v_std": 18.9143, "car_acc": 2.7417, "car_dcc": 1.9427, "car_lcAssertive": 32.1244, "car_lcCooperative": 0.9994, "car_lcLookaheadLeft": 70.0836, "car_lcPushy": 0.3386, "car_lcSigma": 0.6026, "car_lcSpeedGainRight": 2.7347, "car_lcSublane": 0.9127, "car_sigma": 0.8512, "car_tau_mean": 1.615, "car_tau_std": 7.3343, "car_v_mean": 22.304, "car_v_std": 18.4719}, "datetime": {"datetime": "2024-08-08 18:04:26", "elapsed": 2451.970127, "delta": 7.716182}}
{"target": -0.28725836627766865, "params": {"bus_acc": 4.3113, "bus_dcc": 2.3522, "bus_lcAssertive": 9.8453, "bus_lcCooperative": 0.1762, "bus_lcLookaheadLeft": 88.9501, "bus_lcPushy": 0.9976, "bus_lcSigma": 0.8644, "bus_lcSpeedGainRight": 1.8751, "bus_lcSublane": 0.4265, "bus_sigma": 0.3647, "bus_tau_mean": 2.2821, "bus_tau_std": 4.2733, "bus_v_mean": 9.4127, "bus_v_std": 8.6556, "car_acc": 4.1335, "car_dcc": 1.938, "car_lcAssertive": 39.9215, "car_lcCooperative": 0.0366, "car_lcLookaheadLeft": 65.5907, "car_lcPushy": 0.4481, "car_lcSigma": 0.8928, "car_lcSpeedGainRight": 1.998, "car_lcSublane": 0.0546, "car_sigma": 0.5984, "car_tau_mean": 2.3505, "car_tau_std": 4.8755, "car_v_mean": 8.9446, "car_v_std": 18.5626}, "datetime": {"datetime": "2024-08-08 18:04:34", "elapsed": 2460.080923, "delta": 8.110796}}
{"target": -0.37830851391710335, "params": {"bus_acc": 2.3254, "bus_dcc": 2.7217, "bus_lcAssertive": 44.6782, "bus_lcCooperative": 0.8609, "bus_lcLookaheadLeft": 80.4526, "bus_lcPushy": 0.4831, "bus_lcSigma": 0.1131, "bus_lcSpeedGainRight": 4.4479, "bus_lcSublane": 0.8975, "bus_sigma": 0.6276, "bus_tau_mean": 1.2717, "bus_tau_std": 6.0746, "bus_v_mean": 12.1665, "bus_v_std": 4.878, "car_acc": 2.9455, "car_dcc": 3.462, "car_lcAssertive": 61.7713, "car_lcCooperative": 0.6831, "car_lcLookaheadLeft": 80.2534, "car_lcPushy": 0.157, "car_lcSigma": 0.4413, "car_lcSpeedGainRight": 0.1416, "car_lcSublane": 0.8542, "car_sigma": 0.1323, "car_tau_mean": 3.8269, "car_tau_std": 9.6699, "car_v_mean": 19.2203, "car_v_std": 0.1287}, "datetime": {"datetime": "2024-08-08 18:04:42", "elapsed": 2467.494258, "delta": 7.413335}}
{"target": -0.35283652646965447, "params": {"bus_acc": 2.4869, "bus_dcc": 1.0716, "bus_lcAssertive": 9.9799, "bus_lcCooperative": 0.6814, "bus_lcLookaheadLeft": 12.9751, "bus_lcPushy": 0.8602, "bus_lcSigma": 0.5876, "bus_lcSpeedGainRight": 2.2268, "bus_lcSublane": 0.8677, "bus_sigma": 0.4119, "bus_tau_mean": 3.564, "bus_tau_std": 5.2468, "bus_v_mean": 13.8559, "bus_v_std": 13.413, "car_acc": 1.0147, "car_dcc": 2.6463, "car_lcAssertive": 54.7728, "car_lcCooperative": 0.268, "car_lcLookaheadLeft": 53.2268, "car_lcPushy": 0.3403, "car_lcSigma": 0.3493, "car_lcSpeedGainRight": 1.4902, "car_lcSublane": 0.9044, "car_sigma": 0.223, "car_tau_mean": 1.8863, "car_tau_std": 6.8194, "car_v_mean": 18.141, "car_v_std": 4.2899}, "datetime": {"datetime": "2024-08-08 18:04:53", "elapsed": 2478.700632, "delta": 11.206374}}
{"target": -0.2748645979941054, "params": {"bus_acc": 1.0667, "bus_dcc": 1.7497, "bus_lcAssertive": 79.442, "bus_lcCooperative": 0.7222, "bus_lcLookaheadLeft": 26.1091, "bus_lcPushy": 0.5579, "bus_lcSigma": 0.5886, "bus_lcSpeedGainRight": 3.61, "bus_lcSublane": 0.4667, "bus_sigma": 0.4079, "bus_tau_mean": 1.5811, "bus_tau_std": 2.3861, "bus_v_mean": 9.4831, "bus_v_std": 12.9207, "car_acc": 3.6813, "car_dcc": 3.0651, "car_lcAssertive": 1.3145, "car_lcCooperative": 0.4413, "car_lcLookaheadLeft": 14.0133, "car_lcPushy": 0.5297, "car_lcSigma": 0.9828, "car_lcSpeedGainRight": 2.4994, "car_lcSublane": 0.3777, "car_sigma": 0.8169, "car_tau_mean": 3.8917, "car_tau_std": 2.8743, "car_v_mean": 20.851, "car_v_std": 19.9259}, "datetime": {"datetime": "2024-08-08 18:05:01", "elapsed": 2487.058992, "delta": 8.35836}}
{"target": -0.2748645979941054, "params": {"bus_acc": 1.0667, "bus_dcc": 1.7497, "bus_lcAssertive": 79.442, "bus_lcCooperative": 0.7222, "bus_lcLookaheadLeft": 26.1091, "bus_lcPushy": 0.5579, "bus_lcSigma": 0.5886, "bus_lcSpeedGainRight": 3.61, "bus_lcSublane": 0.4667, "bus_sigma": 0.4079, "bus_tau_mean": 1.5811, "bus_tau_std": 2.3861, "bus_v_mean": 9.4831, "bus_v_std": 12.9207, "car_acc": 3.6813, "car_dcc": 3.0651, "car_lcAssertive": 1.3145, "car_lcCooperative": 0.4413, "car_lcLookaheadLeft": 14.0133, "car_lcPushy": 0.5296, "car_lcSigma": 0.9828, "car_lcSpeedGainRight": 2.4994, "car_lcSublane": 0.3777, "car_sigma": 0.8169, "car_tau_mean": 3.8917, "car_tau_std": 2.8743, "car_v_mean": 20.851, "car_v_std": 19.9259}, "datetime": {"datetime": "2024-08-08 18:05:14", "elapsed": 2499.313758, "delta": 12.254766}}
{"target": -0.27306717820488924, "params": {"bus_acc": 1.0667, "bus_dcc": 1.7498, "bus_lcAssertive": 79.4421, "bus_lcCooperative": 0.7223, "bus_lcLookaheadLeft": 26.1091, "bus_lcPushy": 0.558, "bus_lcSigma": 0.5887, "bus_lcSpeedGainRight": 3.61, "bus_lcSublane": 0.4668, "bus_sigma": 0.4079, "bus_tau_mean": 1.5811, "bus_tau_std": 2.3862, "bus_v_mean": 9.4831, "bus_v_std": 12.9208, "car_acc": 3.6814, "car_dcc": 3.0651, "car_lcAssertive": 1.3145, "car_lcCooperative": 0.4413, "car_lcLookaheadLeft": 14.0133, "car_lcPushy": 0.5297, "car_lcSigma": 0.9828, "car_lcSpeedGainRight": 2.4995, "car_lcSublane": 0.3777, "car_sigma": 0.8169, "car_tau_mean": 3.8918, "car_tau_std": 2.8743, "car_v_mean": 20.8511, "car_v_std": 19.9259}, "datetime": {"datetime": "2024-08-08 18:05:25", "elapsed": 2510.463969, "delta": 11.150211}}
{"target": -0.2796531656861872, "params": {"bus_acc": 3.5316, "bus_dcc": 1.9684, "bus_lcAssertive": 65.2079, "bus_lcCooperative": 0.8147, "bus_lcLookaheadLeft": 24.5936, "bus_lcPushy": 0.4618, "bus_lcSigma": 0.5299, "bus_lcSpeedGainRight": 4.6952, "bus_lcSublane": 0.3499, "bus_sigma": 0.5383, "bus_tau_mean": 1.4309, "bus_tau_std": 2.2926, "bus_v_mean": 8.3117, "bus_v_std": 10.1718, "car_acc": 3.8136, "car_dcc": 1.8258, "car_lcAssertive": 42.9995, "car_lcCooperative": 0.8318, "car_lcLookaheadLeft": 43.0516, "car_lcPushy": 0.4595, "car_lcSigma": 0.6144, "car_lcSpeedGainRight": 2.5559, "car_lcSublane": 0.7376, "car_sigma": 0.4438, "car_tau_mean": 3.1303, "car_tau_std": 7.6952, "car_v_mean": 13.663, "car_v_std": 14.2652}, "datetime": {"datetime": "2024-08-08 18:05:32", "elapsed": 2517.779227, "delta": 7.315258}}
{"target": -0.3644002543250036, "params": {"bus_acc": 1.1139, "bus_dcc": 3.8729, "bus_lcAssertive": 66.2199, "bus_lcCooperative": 0.6161, "bus_lcLookaheadLeft": 92.5265, "bus_lcPushy": 0.9711, "bus_lcSigma": 0.2391, "bus_lcSpeedGainRight": 0.9776, "bus_lcSublane": 0.4999, "bus_sigma": 0.641, "bus_tau_mean": 1.6027, "bus_tau_std": 9.2112, "bus_v_mean": 12.8628, "bus_v_std": 15.5723, "car_acc": 1.5847, "car_dcc": 1.418, "car_lcAssertive": 42.1439, "car_lcCooperative": 0.3388, "car_lcLookaheadLeft": 78.8352, "car_lcPushy": 0.8235, "car_lcSigma": 0.6101, "car_lcSpeedGainRight": 0.2115, "car_lcSublane": 0.3969, "car_sigma": 0.8274, "car_tau_mean": 2.2834, "car_tau_std": 5.2019, "car_v_mean": 8.9652, "car_v_std": 3.7275}, "datetime": {"datetime": "2024-08-08 18:05:44", "elapsed": 2529.420211, "delta": 11.640984}}
{"target": -0.41358886163385655, "params": {"bus_acc": 1.1702, "bus_dcc": 2.1087, "bus_lcAssertive": 46.8219, "bus_lcCooperative": 0.6645, "bus_lcLookaheadLeft": 21.6568, "bus_lcPushy": 0.5767, "bus_lcSigma": 0.7521, "bus_lcSpeedGainRight": 4.3667, "bus_lcSublane": 0.4383, "bus_sigma": 0.4493, "bus_tau_mean": 0.9362, "bus_tau_std": 2.2133, "bus_v_mean": 23.562, "bus_v_std": 5.7471, "car_acc": 3.7557, "car_dcc": 2.2362, "car_lcAssertive": 47.5069, "car_lcCooperative": 0.4579, "car_lcLookaheadLeft": 21.7417, "car_lcPushy": 0.8737, "car_lcSigma": 0.4781, "car_lcSpeedGainRight": 0.7105, "car_lcSublane": 0.771, "car_sigma": 0.7557, "car_tau_mean": 3.5962, "car_tau_std": 0.0465, "car_v_mean": 23.0101, "car_v_std": 5.2973}, "datetime": {"datetime": "2024-08-08 18:05:54", "elapsed": 2539.527798, "delta": 10.107587}}
{"target": -0.35335092325189404, "params": {"bus_acc": 1.1124, "bus_dcc": 3.6585, "bus_lcAssertive": 42.2453, "bus_lcCooperative": 0.9285, "bus_lcLookaheadLeft": 16.387, "bus_lcPushy": 0.368, "bus_lcSigma": 0.243, "bus_lcSpeedGainRight": 0.8151, "bus_lcSublane": 0.7931, "bus_sigma": 0.0985, "bus_tau_mean": 3.0967, "bus_tau_std": 8.7227, "bus_v_mean": 20.2325, "bus_v_std": 18.1783, "car_acc": 2.6325, "car_dcc": 2.2086, "car_lcAssertive": 59.751, "car_lcCooperative": 0.6249, "car_lcLookaheadLeft": 74.0918, "car_lcPushy": 0.4732, "car_lcSigma": 0.5446, "car_lcSpeedGainRight": 0.6806, "car_lcSublane": 0.0921, "car_sigma": 0.1207, "car_tau_mean": 1.564, "car_tau_std": 5.8894, "car_v_mean": 19.0893, "car_v_std": 19.1654}, "datetime": {"datetime": "2024-08-08 18:06:05", "elapsed": 2550.555096, "delta": 11.027298}}
{"target": -0.27306717820488924, "params": {"bus_acc": 1.0667, "bus_dcc": 1.7498, "bus_lcAssertive": 79.442, "bus_lcCooperative": 0.7222, "bus_lcLookaheadLeft": 26.1091, "bus_lcPushy": 0.558, "bus_lcSigma": 0.5887, "bus_lcSpeedGainRight": 3.61, "bus_lcSublane": 0.4668, "bus_sigma": 0.4079, "bus_tau_mean": 1.5811, "bus_tau_std": 2.3862, "bus_v_mean": 9.4831, "bus_v_std": 12.9207, "car_acc": 3.6814, "car_dcc": 3.0651, "car_lcAssertive": 1.3145, "car_lcCooperative": 0.4413, "car_lcLookaheadLeft": 14.0133, "car_lcPushy": 0.5297, "car_lcSigma": 0.9828, "car_lcSpeedGainRight": 2.4995, "car_lcSublane": 0.3777, "car_sigma": 0.8169, "car_tau_mean": 3.8918, "car_tau_std": 2.8743, "car_v_mean": 20.8511, "car_v_std": 19.9259}, "datetime": {"datetime": "2024-08-08 18:06:16", "elapsed": 2561.503589, "delta": 10.948493}}
{"target": -0.27306717820488924, "params": {"bus_acc": 1.0667, "bus_dcc": 1.7498, "bus_lcAssertive": 79.4421, "bus_lcCooperative": 0.7222, "bus_lcLookaheadLeft": 26.1091, "bus_lcPushy": 0.558, "bus_lcSigma": 0.5887, "bus_lcSpeedGainRight": 3.61, "bus_lcSublane": 0.4668, "bus_sigma": 0.4079, "bus_tau_mean": 1.5811, "bus_tau_std": 2.3862, "bus_v_mean": 9.4831, "bus_v_std": 12.9208, "car_acc": 3.6814, "car_dcc": 3.0651, "car_lcAssertive": 1.3145, "car_lcCooperative": 0.4413, "car_lcLookaheadLeft": 14.0133, "car_lcPushy": 0.5297, "car_lcSigma": 0.9828, "car_lcSpeedGainRight": 2.4995, "car_lcSublane": 0.3777, "car_sigma": 0.8169, "car_tau_mean": 3.8918, "car_tau_std": 2.8743, "car_v_mean": 20.8511, "car_v_std": 19.9259}, "datetime": {"datetime": "2024-08-08 18:06:32", "elapsed": 2577.805238, "delta": 16.301649}}
{"target": -0.3271329176283931, "params": {"bus_acc": 3.4305, "bus_dcc": 1.5747, "bus_lcAssertive": 36.4326, "bus_lcCooperative": 0.8496, "bus_lcLookaheadLeft": 3.4823, "bus_lcPushy": 0.349, "bus_lcSigma": 0.2584, "bus_lcSpeedGainRight": 3.2339, "bus_lcSublane": 0.4218, "bus_sigma": 0.1655, "bus_tau_mean": 1.6183, "bus_tau_std": 6.9036, "bus_v_mean": 20.7692, "bus_v_std": 15.7575, "car_acc": 1.765, "car_dcc": 2.7332, "car_lcAssertive": 71.6837, "car_lcCooperative": 0.7252, "car_lcLookaheadLeft": 18.6341, "car_lcPushy": 0.9834, "car_lcSigma": 0.576, "car_lcSpeedGainRight": 1.3428, "car_lcSublane": 0.847, "car_sigma": 0.7367, "car_tau_mean": 1.6932, "car_tau_std": 9.399, "car_v_mean": 9.8315, "car_v_std": 5.6568}, "datetime": {"datetime": "2024-08-08 18:06:39", "elapsed": 2585.017681, "delta": 7.212443}}
{"target": -0.23328288533707023, "params": {"bus_acc": 1.0666, "bus_dcc": 1.7497, "bus_lcAssertive": 79.4419, "bus_lcCooperative": 0.7221, "bus_lcLookaheadLeft": 26.109, "bus_lcPushy": 0.5579, "bus_lcSigma": 0.5885, "bus_lcSpeedGainRight": 3.6099, "bus_lcSublane": 0.4666, "bus_sigma": 0.4078, "bus_tau_mean": 1.581, "bus_tau_std": 2.3861, "bus_v_mean": 9.483, "bus_v_std": 12.9206, "car_acc": 3.6812, "car_dcc": 3.065, "car_lcAssertive": 1.3144, "car_lcCooperative": 0.4412, "car_lcLookaheadLeft": 14.0132, "car_lcPushy": 0.5296, "car_lcSigma": 0.9827, "car_lcSpeedGainRight": 2.4993, "car_lcSublane": 0.3776, "car_sigma": 0.8168, "car_tau_mean": 3.8917, "car_tau_std": 2.8742, "car_v_mean": 20.851, "car_v_std": 19.9258}, "datetime": {"datetime": "2024-08-08 18:06:49", "elapsed": 2594.451956, "delta": 9.434275}}
{"target": -0.29952777582236, "params": {"bus_acc": 2.7505, "bus_dcc": 2.4113, "bus_lcAssertive": 79.727, "bus_lcCooperative": 0.1795, "bus_lcLookaheadLeft": 41.5941, "bus_lcPushy": 0.9211, "bus_lcSigma": 0.9562, "bus_lcSpeedGainRight": 2.4957, "bus_lcSublane": 0.2008, "bus_sigma": 0.9044, "bus_tau_mean": 1.0843, "bus_tau_std": 9.3522, "bus_v_mean": 19.6091, "bus_v_std": 17.2813, "car_acc": 4.4488, "car_dcc": 2.8628, "car_lcAssertive": 37.697, "car_lcCooperative": 0.5802, "car_lcLookaheadLeft": 94.5684, "car_lcPushy": 0.3823, "car_lcSigma": 0.7107, "car_lcSpeedGainRight": 1.9985, "car_lcSublane": 0.9812, "car_sigma": 0.2686, "car_tau_mean": 2.8372, "car_tau_std": 4.9321, "car_v_mean": 12.4731, "car_v_std": 18.3108}, "datetime": {"datetime": "2024-08-08 18:07:05", "elapsed": 2610.557413, "delta": 16.105457}}
{"target": -0.23328288533707023, "params": {"bus_acc": 1.0666, "bus_dcc": 1.7497, "bus_lcAssertive": 79.4419, "bus_lcCooperative": 0.7221, "bus_lcLookaheadLeft": 26.109, "bus_lcPushy": 0.5579, "bus_lcSigma": 0.5886, "bus_lcSpeedGainRight": 3.6099, "bus_lcSublane": 0.4666, "bus_sigma": 0.4078, "bus_tau_mean": 1.581, "bus_tau_std": 2.3861, "bus_v_mean": 9.483, "bus_v_std": 12.9206, "car_acc": 3.6813, "car_dcc": 3.065, "car_lcAssertive": 1.3144, "car_lcCooperative": 0.4412, "car_lcLookaheadLeft": 14.0132, "car_lcPushy": 0.5296, "car_lcSigma": 0.9827, "car_lcSpeedGainRight": 2.4994, "car_lcSublane": 0.3776, "car_sigma": 0.8168, "car_tau_mean": 3.8917, "car_tau_std": 2.8742, "car_v_mean": 20.851, "car_v_std": 19.9258}, "datetime": {"datetime": "2024-08-08 18:07:15", "elapsed": 2620.364505, "delta": 9.807092}}
{"target": -0.27306717820488924, "params": {"bus_acc": 1.0667, "bus_dcc": 1.7498, "bus_lcAssertive": 79.442, "bus_lcCooperative": 0.7222, "bus_lcLookaheadLeft": 26.1091, "bus_lcPushy": 0.558, "bus_lcSigma": 0.5887, "bus_lcSpeedGainRight": 3.61, "bus_lcSublane": 0.4667, "bus_sigma": 0.4079, "bus_tau_mean": 1.5811, "bus_tau_std": 2.3862, "bus_v_mean": 9.4831, "bus_v_std": 12.9207, "car_acc": 3.6814, "car_dcc": 3.0651, "car_lcAssertive": 1.3145, "car_lcCooperative": 0.4413, "car_lcLookaheadLeft": 14.0133, "car_lcPushy": 0.5297, "car_lcSigma": 0.9828, "car_lcSpeedGainRight": 2.4995, "car_lcSublane": 0.3777, "car_sigma": 0.8169, "car_tau_mean": 3.8918, "car_tau_std": 2.8743, "car_v_mean": 20.8511, "car_v_std": 19.9259}, "datetime": {"datetime": "2024-08-08 18:07:29", "elapsed": 2634.328681, "delta": 13.964176}}
{"target": -0.27306717820488924, "params": {"bus_acc": 1.0667, "bus_dcc": 1.7498, "bus_lcAssertive": 79.442, "bus_lcCooperative": 0.7222, "bus_lcLookaheadLeft": 26.1091, "bus_lcPushy": 0.558, "bus_lcSigma": 0.5887, "bus_lcSpeedGainRight": 3.61, "bus_lcSublane": 0.4667, "bus_sigma": 0.4079, "bus_tau_mean": 1.5811, "bus_tau_std": 2.3862, "bus_v_mean": 9.4831, "bus_v_std": 12.9207, "car_acc": 3.6813, "car_dcc": 3.0651, "car_lcAssertive": 1.3145, "car_lcCooperative": 0.4413, "car_lcLookaheadLeft": 14.0133, "car_lcPushy": 0.5297, "car_lcSigma": 0.9828, "car_lcSpeedGainRight": 2.4995, "car_lcSublane": 0.3777, "car_sigma": 0.8169, "car_tau_mean": 3.8918, "car_tau_std": 2.8743, "car_v_mean": 20.8511, "car_v_std": 19.9259}, "datetime": {"datetime": "2024-08-08 18:07:41", "elapsed": 2646.97097, "delta": 12.642289}}
{"target": -0.33429883276221894, "params": {"bus_acc": 2.0555, "bus_dcc": 3.4267, "bus_lcAssertive": 82.5895, "bus_lcCooperative": 0.6882, "bus_lcLookaheadLeft": 18.2554, "bus_lcPushy": 0.1659, "bus_lcSigma": 0.0953, "bus_lcSpeedGainRight": 4.5012, "bus_lcSublane": 0.3701, "bus_sigma": 0.3707, "bus_tau_mean": 1.7215, "bus_tau_std": 4.7979, "bus_v_mean": 17.1658, "bus_v_std": 15.2203, "car_acc": 1.376, "car_dcc": 1.2338, "car_lcAssertive": 32.2201, "car_lcCooperative": 0.984, "car_lcLookaheadLeft": 89.5026, "car_lcPushy": 0.6884, "car_lcSigma": 0.3611, "car_lcSpeedGainRight": 0.9343, "car_lcSublane": 0.8525, "car_sigma": 0.8472, "car_tau_mean": 1.3461, "car_tau_std": 9.183, "car_v_mean": 15.3065, "car_v_std": 12.8726}, "datetime": {"datetime": "2024-08-08 18:07:52", "elapsed": 2658.0081, "delta": 11.03713}}
{"target": -0.27306717820488924, "params": {"bus_acc": 1.0667, "bus_dcc": 1.7498, "bus_lcAssertive": 79.442, "bus_lcCooperative": 0.7222, "bus_lcLookaheadLeft": 26.1091, "bus_lcPushy": 0.558, "bus_lcSigma": 0.5886, "bus_lcSpeedGainRight": 3.61, "bus_lcSublane": 0.4667, "bus_sigma": 0.4079, "bus_tau_mean": 1.5811, "bus_tau_std": 2.3862, "bus_v_mean": 9.4831, "bus_v_std": 12.9207, "car_acc": 3.6813, "car_dcc": 3.0651, "car_lcAssertive": 1.3145, "car_lcCooperative": 0.4413, "car_lcLookaheadLeft": 14.0133, "car_lcPushy": 0.5297, "car_lcSigma": 0.9828, "car_lcSpeedGainRight": 2.4994, "car_lcSublane": 0.3777, "car_sigma": 0.8169, "car_tau_mean": 3.8918, "car_tau_std": 2.8743, "car_v_mean": 20.8511, "car_v_std": 19.9259}, "datetime": {"datetime": "2024-08-08 18:08:01", "elapsed": 2666.488908, "delta": 8.480808}}
{"target": -0.23328288533707023, "params": {"bus_acc": 1.0666, "bus_dcc": 1.7497, "bus_lcAssertive": 79.442, "bus_lcCooperative": 0.7221, "bus_lcLookaheadLeft": 26.109, "bus_lcPushy": 0.5579, "bus_lcSigma": 0.5886, "bus_lcSpeedGainRight": 3.6099, "bus_lcSublane": 0.4667, "bus_sigma": 0.4078, "bus_tau_mean": 1.581, "bus_tau_std": 2.3861, "bus_v_mean": 9.483, "bus_v_std": 12.9206, "car_acc": 3.6813, "car_dcc": 3.065, "car_lcAssertive": 1.3144, "car_lcCooperative": 0.4412, "car_lcLookaheadLeft": 14.0132, "car_lcPushy": 0.5296, "car_lcSigma": 0.9827, "car_lcSpeedGainRight": 2.4994, "car_lcSublane": 0.3776, "car_sigma": 0.8168, "car_tau_mean": 3.8917, "car_tau_std": 2.8742, "car_v_mean": 20.851, "car_v_std": 19.9258}, "datetime": {"datetime": "2024-08-08 18:08:11", "elapsed": 2676.643296, "delta": 10.154388}}
{"target": -0.33343269710546997, "params": {"bus_acc": 1.2547, "bus_dcc": 3.3401, "bus_lcAssertive": 99.1804, "bus_lcCooperative": 0.1294, "bus_lcLookaheadLeft": 88.3394, "bus_lcPushy": 0.1755, "bus_lcSigma": 0.3852, "bus_lcSpeedGainRight": 2.5898, "bus_lcSublane": 0.664, "bus_sigma": 0.6808, "bus_tau_mean": 3.0874, "bus_tau_std": 6.6925, "bus_v_mean": 16.1479, "bus_v_std": 18.0351, "car_acc": 4.8154, "car_dcc": 1.7097, "car_lcAssertive": 66.8923, "car_lcCooperative": 0.2983, "car_lcLookaheadLeft": 96.9089, "car_lcPushy": 0.6888, "car_lcSigma": 0.572, "car_lcSpeedGainRight": 4.9027, "car_lcSublane": 0.2708, "car_sigma": 0.8813, "car_tau_mean": 0.8786, "car_tau_std": 0.513, "car_v_mean": 18.8613, "car_v_std": 7.0076}, "datetime": {"datetime": "2024-08-08 18:08:21", "elapsed": 2686.455809, "delta": 9.812513}}
{"target": -0.31163803811921104, "params": {"bus_acc": 3.3655, "bus_dcc": 1.4754, "bus_lcAssertive": 39.7425, "bus_lcCooperative": 0.7552, "bus_lcLookaheadLeft": 64.9433, "bus_lcPushy": 0.1461, "bus_lcSigma": 0.151, "bus_lcSpeedGainRight": 4.9339, "bus_lcSublane": 0.3681, "bus_sigma": 0.322, "bus_tau_mean": 1.9203, "bus_tau_std": 9.6241, "bus_v_mean": 16.9704, "bus_v_std": 2.6691, "car_acc": 3.7247, "car_dcc": 3.4145, "car_lcAssertive": 31.4039, "car_lcCooperative": 0.5266, "car_lcLookaheadLeft": 11.9261, "car_lcPushy": 0.0106, "car_lcSigma": 0.3186, "car_lcSpeedGainRight": 3.8563, "car_lcSublane": 0.6588, "car_sigma": 0.0915, "car_tau_mean": 0.5902, "car_tau_std": 5.2929, "car_v_mean": 8.0048, "car_v_std": 14.5728}, "datetime": {"datetime": "2024-08-08 18:08:29", "elapsed": 2694.284986, "delta": 7.829177}}
{"target": -0.25557092754725647, "params": {"bus_acc": 1.0666, "bus_dcc": 1.7496, "bus_lcAssertive": 79.4419, "bus_lcCooperative": 0.7221, "bus_lcLookaheadLeft": 26.109, "bus_lcPushy": 0.5578, "bus_lcSigma": 0.5885, "bus_lcSpeedGainRight": 3.6098, "bus_lcSublane": 0.4666, "bus_sigma": 0.4078, "bus_tau_mean": 1.581, "bus_tau_std": 2.386, "bus_v_mean": 9.483, "bus_v_std": 12.9206, "car_acc": 3.6812, "car_dcc": 3.0649, "car_lcAssertive": 1.3143, "car_lcCooperative": 0.4412, "car_lcLookaheadLeft": 14.0131, "car_lcPushy": 0.5295, "car_lcSigma": 0.9827, "car_lcSpeedGainRight": 2.4993, "car_lcSublane": 0.3776, "car_sigma": 0.8168, "car_tau_mean": 3.8916, "car_tau_std": 2.8742, "car_v_mean": 20.8509, "car_v_std": 19.9257}, "datetime": {"datetime": "2024-08-08 18:08:36", "elapsed": 2701.145058, "delta": 6.860072}}
{"target": -0.3074171029974145, "params": {"bus_acc": 4.7495, "bus_dcc": 1.4222, "bus_lcAssertive": 72.9224, "bus_lcCooperative": 0.5983, "bus_lcLookaheadLeft": 73.8042, "bus_lcPushy": 0.1557, "bus_lcSigma": 0.8898, "bus_lcSpeedGainRight": 3.499, "bus_lcSublane": 0.9447, "bus_sigma": 0.5169, "bus_tau_mean": 2.5039, "bus_tau_std": 6.8985, "bus_v_mean": 22.3957, "bus_v_std": 16.2853, "car_acc": 2.0778, "car_dcc": 1.9924, "car_lcAssertive": 17.4788, "car_lcCooperative": 0.5415, "car_lcLookaheadLeft": 23.1672, "car_lcPushy": 0.3231, "car_lcSigma": 0.817, "car_lcSpeedGainRight": 4.896, "car_lcSublane": 0.5666, "car_sigma": 0.6263, "car_tau_mean": 3.3931, "car_tau_std": 8.0268, "car_v_mean": 8.4886, "car_v_std": 14.3432}, "datetime": {"datetime": "2024-08-08 18:08:42", "elapsed": 2707.940968, "delta": 6.79591}}
