{"target": -0.3113309793521158, "params": {"bus_acc": 2.8688925057244137, "bus_dcc": 3.2056172302975967, "bus_lcAssertive": 96.09128599688059, "bus_lcCooperative": 0.021389492015965184, "bus_lcLookaheadLeft": 83.58296263009827, "bus_lcPushy": 0.9391460199366686, "bus_lcSigma": 0.9858178203627183, "bus_lcSpeedGainRight": 4.68915817509452, "bus_lcSublane": 0.1292514080774897, "bus_sigma": 0.8860201939444051, "bus_tau_mean": 1.035017452885401, "bus_tau_std": 3.605163569932077, "bus_v_mean": 13.778591015703125, "bus_v_std": 5.595707845412086, "car_acc": 2.4192169754165205, "car_dcc": 2.6290046944864303, "car_lcAssertive": 8.773184649116647, "car_lcCooperative": 0.37286967111119407, "car_lcLookaheadLeft": 59.155450338013644, "car_lcPushy": 0.13424940997972545, "car_lcSigma": 0.2429879452919641, "car_lcSpeedGainRight": 1.5638954127882703, "car_lcSublane": 0.0745338511835042, "car_sigma": 0.8076907953019956, "car_tau_mean": 1.4218911548914208, "car_tau_std": 4.106010091955299, "car_v_mean": 14.486605855029765, "car_v_std": 6.094712725763065}, "datetime": {"datetime": "2024-08-08 17:31:59", "elapsed": 504.396801, "delta": 3.498832}}
{"target": -0.3419479324685461, "params": {"bus_acc": 3.2930890861987385, "bus_dcc": 3.8282877262988477, "bus_lcAssertive": 52.268144769059866, "bus_lcCooperative": 0.1944658095278845, "bus_lcLookaheadLeft": 85.09806045946067, "bus_lcPushy": 0.25163914235585283, "bus_lcSigma": 0.700726036482538, "bus_lcSpeedGainRight": 2.7013047019844993, "bus_lcSublane": 0.9488362882802196, "bus_sigma": 0.6243367024026759, "bus_tau_mean": 3.432922867167053, "bus_tau_std": 0.07932876194523097, "bus_v_mean": 23.829440898666206, "bus_v_std": 1.5542914066477298, "car_acc": 2.2885180544590784, "car_dcc": 3.838457186370296, "car_lcAssertive": 1.8849711347532616, "car_lcCooperative": 0.8227300054219355, "car_lcLookaheadLeft": 86.39874055994585, "car_lcPushy": 0.4398308142085725, "car_lcSigma": 0.2557451938059312, "car_lcSpeedGainRight": 4.013447598166493, "car_lcSublane": 0.47786200443222115, "car_sigma": 0.13433860865569613, "car_tau_mean": 3.7474714748875377, "car_tau_std": 8.959699670066485, "car_v_mean": 15.864722400270965, "car_v_std": 17.134049930355843}, "datetime": {"datetime": "2024-08-08 17:32:01", "elapsed": 506.773247, "delta": 2.376446}}
{"target": -0.29774384280241745, "params": {"bus_acc": 2.762969032437656, "bus_dcc": 2.384392412342687, "bus_lcAssertive": 59.99327277490859, "bus_lcCooperative": 0.6623751810848598, "bus_lcLookaheadLeft": 59.83463860603874, "bus_lcPushy": 0.7293827600961478, "bus_lcSigma": 0.5809026238628769, "bus_lcSpeedGainRight": 2.2155155430660702, "bus_lcSublane": 0.4967884445398908, "bus_sigma": 0.43008881702990587, "bus_tau_mean": 1.2352584858669924, "bus_tau_std": 2.2680111615543987, "bus_v_mean": 15.318218817445908, "bus_v_std": 8.671054252656239, "car_acc": 4.117135036274217, "car_dcc": 2.2625751288627356, "car_lcAssertive": 67.66346492090078, "car_lcCooperative": 0.16603868392790133, "car_lcLookaheadLeft": 82.75778047051267, "car_lcPushy": 0.6854067761401983, "car_lcSigma": 0.7890523985934054, "car_lcSpeedGainRight": 1.7974224381218256, "car_lcSublane": 0.6625490004394449, "car_sigma": 0.21709046387190056, "car_tau_mean": 1.2735202564878283, "car_tau_std": 2.424567724176688, "car_v_mean": 12.233413072384572, "car_v_std": 8.168239111968962}, "datetime": {"datetime": "2024-08-08 17:32:03", "elapsed": 508.896493, "delta": 2.123246}}
{"target": -0.30815678173781696, "params": {"bus_acc": 1.524600748752225, "bus_dcc": 1.4310579189964652, "bus_lcAssertive": 38.16522595210664, "bus_lcCooperative": 0.22840905181164184, "bus_lcLookaheadLeft": 32.08466659043994, "bus_lcPushy": 0.15006568488590488, "bus_lcSigma": 0.09663605983898593, "bus_lcSpeedGainRight": 4.579920155581695, "bus_lcSublane": 0.3458934084716969, "bus_sigma": 0.5659662567350899, "bus_tau_mean": 2.4151956777533963, "bus_tau_std": 4.50357548152311, "bus_v_mean": 19.96512928547904, "bus_v_std": 6.6315291469294735, "car_acc": 4.5699098274293695, "car_dcc": 1.2040996669212622, "car_lcAssertive": 57.914069679783005, "car_lcCooperative": 0.3390525769517404, "car_lcLookaheadLeft": 37.6622337990038, "car_lcPushy": 0.30509789424760836, "car_lcSigma": 0.6035862995105342, "car_lcSpeedGainRight": 1.1720396476692418, "car_lcSublane": 0.29430619969041927, "car_sigma": 0.28549459054495274, "car_tau_mean": 0.5237840586940858, "car_tau_std": 3.7161850945391226, "car_v_mean": 8.782357618759383, "car_v_std": 17.487524250408125}, "datetime": {"datetime": "2024-08-08 17:32:07", "elapsed": 512.429961, "delta": 3.533468}}
{"target": -0.2816587685366281, "params": {"bus_acc": 4.834296844078683, "bus_dcc": 3.181496304780788, "bus_lcAssertive": 11.0446249245764, "bus_lcCooperative": 0.7862693223485936, "bus_lcLookaheadLeft": 36.511225289460114, "bus_lcPushy": 0.9114351403237924, "bus_lcSigma": 0.4954974347471134, "bus_lcSpeedGainRight": 4.363463614924361, "bus_lcSublane": 0.2205297947437237, "bus_sigma": 0.36719232590326556, "bus_tau_mean": 1.7839292975543395, "bus_tau_std": 0.9713268160328525, "bus_v_mean": 13.296230945052717, "bus_v_std": 13.19419607677599, "car_acc": 2.8661739654949625, "car_dcc": 3.6376947092332936, "car_lcAssertive": 27.69735637264448, "car_lcCooperative": 0.3548193487216488, "car_lcLookaheadLeft": 33.39472043476, "car_lcPushy": 0.5517379706217076, "car_lcSigma": 0.18821941560628785, "car_lcSpeedGainRight": 0.8662213575408645, "car_lcSublane": 0.9394819242084544, "car_sigma": 0.37664771374633, "car_tau_mean": 2.5548434720906745, "car_tau_std": 0.5515208501882385, "car_v_mean": 10.25372795038987, "car_v_std": 1.9271710372248663}, "datetime": {"datetime": "2024-08-08 17:32:08", "elapsed": 513.885128, "delta": 1.455167}}
{"target": -0.4307514685568338, "params": {"bus_acc": 3.2773295499349087, "bus_dcc": 2.7554700188879617, "bus_lcAssertive": 79.20075754477797, "bus_lcCooperative": 0.9026346706863088, "bus_lcLookaheadLeft": 7.95357216031002, "bus_lcPushy": 0.34851320938881547, "bus_lcSigma": 0.20009186306839266, "bus_lcSpeedGainRight": 2.325757658274793, "bus_lcSublane": 0.09146794196561492, "bus_sigma": 0.06808577423972362, "bus_tau_mean": 1.5531130159559934, "bus_tau_std": 9.043452577718513, "bus_v_mean": 23.608671646199937, "bus_v_std": 15.274400635667893, "car_acc": 1.0029636518421956, "car_dcc": 3.205646662708702, "car_lcAssertive": 3.177258488517453, "car_lcCooperative": 0.16856568225506097, "car_lcLookaheadLeft": 3.030372811883959, "car_lcPushy": 0.1491269987672621, "car_lcSigma": 0.687505525161023, "car_lcSpeedGainRight": 3.510084376706783, "car_lcSublane": 0.37107740662185684, "car_sigma": 0.7311908242003646, "car_tau_mean": 3.465564718986235, "car_tau_std": 1.3035751444155008, "car_v_mean": 9.398517058587904, "car_v_std": 7.438429130278054}, "datetime": {"datetime": "2024-08-08 17:32:10", "elapsed": 515.254885, "delta": 1.369757}}
{"target": -0.27104323692591753, "params": {"bus_acc": 3.734549859124201, "bus_dcc": 2.194035145648892, "bus_lcAssertive": 48.41645508562015, "bus_lcCooperative": 0.2898033391923721, "bus_lcLookaheadLeft": 79.25286297100789, "bus_lcPushy": 0.046512682267751626, "bus_lcSigma": 0.2811256463638583, "bus_lcSpeedGainRight": 2.95297930879439, "bus_lcSublane": 0.7901335024345391, "bus_sigma": 0.6015993359119542, "bus_tau_mean": 3.056710340287724, "bus_tau_std": 0.23527914877828127, "bus_v_mean": 12.078777428936688, "bus_v_std": 0.8418351968474558, "car_acc": 3.000049593875157, "car_dcc": 3.9674208884223203, "car_lcAssertive": 2.339520302416675, "car_lcCooperative": 0.4408790383372555, "car_lcLookaheadLeft": 2.4690689743766847, "car_lcPushy": 0.6128886193293469, "car_lcSigma": 0.1833587261280697, "car_lcSpeedGainRight": 3.563708918952641, "car_lcSublane": 0.15964851197294794, "car_sigma": 0.8285756552303601, "car_tau_mean": 1.2216235730698106, "car_tau_std": 3.5221627383195075, "car_v_mean": 11.689255550772305, "car_v_std": 16.153689849032926}, "datetime": {"datetime": "2024-08-08 17:32:11", "elapsed": 516.916085, "delta": 1.6612}}
{"target": -0.34505018090115347, "params": {"bus_acc": 1.942505029918241, "bus_dcc": 1.2302019605546288, "bus_lcAssertive": 51.98492535770159, "bus_lcCooperative": 0.8362544576217305, "bus_lcLookaheadLeft": 68.83077002132927, "bus_lcPushy": 0.03672368387331426, "bus_lcSigma": 0.04527003615875136, "bus_lcSpeedGainRight": 2.6904257245514804, "bus_lcSublane": 0.14141687870136965, "bus_sigma": 0.7072326117206413, "bus_tau_mean": 1.3660595304975511, "bus_tau_std": 4.399603545497838, "bus_v_mean": 17.92464799286767, "bus_v_std": 19.454747944418408, "car_acc": 1.7880235044268602, "car_dcc": 3.7355172894978668, "car_lcAssertive": 35.726733527493735, "car_lcCooperative": 0.16192413101837244, "car_lcLookaheadLeft": 43.244627585524206, "car_lcPushy": 0.8414789882843856, "car_lcSigma": 0.04378617464571544, "car_lcSpeedGainRight": 0.6848564501518073, "car_lcSublane": 0.5899399808101583, "car_sigma": 0.4085801200317656, "car_tau_mean": 2.173973376426117, "car_tau_std": 8.220539158700117, "car_v_mean": 10.676345043514239, "car_v_std": 6.440448119256345}, "datetime": {"datetime": "2024-08-08 17:32:14", "elapsed": 519.724838, "delta": 2.808753}}
{"target": -0.32276508349521177, "params": {"bus_acc": 3.6389045607353303, "bus_dcc": 1.8555145192858777, "bus_lcAssertive": 41.13932145628147, "bus_lcCooperative": 0.8496945344599989, "bus_lcLookaheadLeft": 13.929491527041387, "bus_lcPushy": 0.8429710736013803, "bus_lcSigma": 0.4042427443633172, "bus_lcSpeedGainRight": 4.919437393660502, "bus_lcSublane": 0.9180156615052889, "bus_sigma": 0.4076743827384076, "bus_tau_mean": 1.542721078320484, "bus_tau_std": 2.2094638316433235, "bus_v_mean": 11.483775033911957, "bus_v_std": 15.374761284932044, "car_acc": 4.021769927451885, "car_dcc": 3.9347596941133167, "car_lcAssertive": 9.247667416835515, "car_lcCooperative": 0.2201833803550045, "car_lcLookaheadLeft": 98.40367172136277, "car_lcPushy": 0.5463743788511821, "car_lcSigma": 0.5536704155665585, "car_lcSpeedGainRight": 1.7438549764888966, "car_lcSublane": 0.7037864359453778, "car_sigma": 0.4997637813382626, "car_tau_mean": 2.14322641395348, "car_tau_std": 5.497728445803042, "car_v_mean": 8.402883223561524, "car_v_std": 10.625212787435093}, "datetime": {"datetime": "2024-08-08 17:32:16", "elapsed": 521.78522, "delta": 2.060382}}
{"target": -0.38382993429782114, "params": {"bus_acc": 2.13610143482109, "bus_dcc": 1.8481651896179816, "bus_lcAssertive": 39.80541518182415, "bus_lcCooperative": 0.5354573610136704, "bus_lcLookaheadLeft": 77.74276561570167, "bus_lcPushy": 0.9616582544972533, "bus_lcSigma": 0.1503856378108287, "bus_lcSpeedGainRight": 1.9739507072199525, "bus_lcSublane": 0.16274026017521503, "bus_sigma": 0.8366421548115258, "bus_tau_mean": 0.7968084582452513, "bus_tau_std": 8.562857216543666, "bus_v_mean": 19.85352251400746, "bus_v_std": 17.166730168115922, "car_acc": 4.559680839288479, "car_dcc": 1.4523299381044483, "car_lcAssertive": 56.111918384901564, "car_lcCooperative": 0.30251760999648636, "car_lcLookaheadLeft": 28.579873220066027, "car_lcPushy": 0.01643437559277483, "car_lcSigma": 0.515180771178199, "car_lcSpeedGainRight": 0.09524699808784176, "car_lcSublane": 0.8982285778096194, "car_sigma": 0.26698169143426786, "car_tau_mean": 2.2268069194237308, "car_tau_std": 6.364175239710727, "car_v_mean": 8.02399610947146, "car_v_std": 2.2647789209641656}, "datetime": {"datetime": "2024-08-08 17:32:18", "elapsed": 523.894125, "delta": 2.108905}}
{"target": -0.314594114272099, "params": {"bus_acc": 2.801745540694687, "bus_dcc": 1.721656781709414, "bus_lcAssertive": 56.97252609178179, "bus_lcCooperative": 0.6539934828811698, "bus_lcLookaheadLeft": 91.34377655455869, "bus_lcPushy": 0.7826438676318219, "bus_lcSigma": 0.9768283308643181, "bus_lcSpeedGainRight": 2.2135915107625976, "bus_lcSublane": 0.14102143762899977, "bus_sigma": 0.40996822363818997, "bus_tau_mean": 3.2730403949992493, "bus_tau_std": 2.1103652616414568, "bus_v_mean": 10.838101015355495, "bus_v_std": 12.902043227285793, "car_acc": 4.788147252131951, "car_dcc": 2.227789946864546, "car_lcAssertive": 69.99031604787542, "car_lcCooperative": 0.4039730452366974, "car_lcLookaheadLeft": 36.28198913887601, "car_lcPushy": 0.13296890172545006, "car_lcSigma": 0.019912592971826903, "car_lcSpeedGainRight": 0.5983531451522317, "car_lcSublane": 0.4442405943678933, "car_sigma": 0.7297847499010849, "car_tau_mean": 0.6879159001763837, "car_tau_std": 2.216677870809467, "car_v_mean": 8.497031995849257, "car_v_std": 16.6664880492256}, "datetime": {"datetime": "2024-08-08 17:32:20", "elapsed": 526.055486, "delta": 2.161361}}
{"target": -0.3497991880379689, "params": {"bus_acc": 3.8675146545267567, "bus_dcc": 3.673056862877017, "bus_lcAssertive": 3.701435128229413, "bus_lcCooperative": 0.5220512472525107, "bus_lcLookaheadLeft": 33.94700155346248, "bus_lcPushy": 0.8594893208655858, "bus_lcSigma": 0.5585165509225178, "bus_lcSpeedGainRight": 3.4511393408137394, "bus_lcSublane": 0.45285349995153745, "bus_sigma": 0.6283090375213571, "bus_tau_mean": 1.5153389809059905, "bus_tau_std": 0.09348577966515781, "bus_v_mean": 17.228094959793452, "bus_v_std": 6.228884282649256, "car_acc": 3.069070394004519, "car_dcc": 3.749217559161693, "car_lcAssertive": 43.221004061638205, "car_lcCooperative": 0.2473960366023854, "car_lcLookaheadLeft": 38.386788605347334, "car_lcPushy": 0.9318611166365406, "car_lcSigma": 0.9368683813090937, "car_lcSpeedGainRight": 4.221649742828566, "car_lcSublane": 0.9202065143056605, "car_sigma": 0.22790028995131695, "car_tau_mean": 0.806187733437568, "car_tau_std": 2.2730973628468876, "car_v_mean": 13.030025857824807, "car_v_std": 3.4953175271262316}, "datetime": {"datetime": "2024-08-08 17:32:24", "elapsed": 530.079657, "delta": 4.024171}}
{"target": -0.29969344178222124, "params": {"bus_acc": 2.0017856122988222, "bus_dcc": 3.4470730727505194, "bus_lcAssertive": 88.1318755894636, "bus_lcCooperative": 0.4383170989964358, "bus_lcLookaheadLeft": 59.460321875454554, "bus_lcPushy": 0.6243004243053664, "bus_lcSigma": 0.7276055597377094, "bus_lcSpeedGainRight": 2.9545187459429645, "bus_lcSublane": 0.8065975765748519, "bus_sigma": 0.8240880789627544, "bus_tau_mean": 2.447926279082466, "bus_tau_std": 8.829538041900344, "bus_v_mean": 11.247018272759458, "bus_v_std": 8.27230867414346, "car_acc": 3.5204393973925736, "car_dcc": 1.307718091516359, "car_lcAssertive": 72.14571845773229, "car_lcCooperative": 0.4796833377740578, "car_lcLookaheadLeft": 39.141396036571834, "car_lcPushy": 0.45184670733393106, "car_lcSigma": 0.36758615530953975, "car_lcSpeedGainRight": 1.197690219455595, "car_lcSublane": 0.9158724257387112, "car_sigma": 0.7993622949107074, "car_tau_mean": 1.6687900748561117, "car_tau_std": 1.6905167158942624, "car_v_mean": 9.866019618243415, "car_v_std": 15.90665696153642}, "datetime": {"datetime": "2024-08-08 17:32:27", "elapsed": 532.368583, "delta": 2.288926}}
{"target": -0.34813503382082905, "params": {"bus_acc": 2.0169294186294096, "bus_dcc": 1.2522590625397885, "bus_lcAssertive": 86.55026538163867, "bus_lcCooperative": 0.44789891562027984, "bus_lcLookaheadLeft": 57.05505353977741, "bus_lcPushy": 0.7367109576935199, "bus_lcSigma": 0.7964888671311956, "bus_lcSpeedGainRight": 2.2375406949515693, "bus_lcSublane": 0.18412755617579835, "bus_sigma": 0.8287328515283018, "bus_tau_mean": 0.6084928593988954, "bus_tau_std": 9.467282696079524, "bus_v_mean": 17.231645543640028, "bus_v_std": 17.50777476901374, "car_acc": 3.4342617478942348, "car_dcc": 1.754978752456971, "car_lcAssertive": 30.316862426094534, "car_lcCooperative": 0.5329225590316532, "car_lcLookaheadLeft": 96.28366485901516, "car_lcPushy": 0.18449560449017766, "car_lcSigma": 0.509898378143109, "car_lcSpeedGainRight": 1.718940517184222, "car_lcSublane": 0.7697253449571857, "car_sigma": 0.802866486432424, "car_tau_mean": 1.9859596860577582, "car_tau_std": 2.0412249999433585, "car_v_mean": 9.073431365261685, "car_v_std": 3.97296528841123}, "datetime": {"datetime": "2024-08-08 17:32:29", "elapsed": 534.198657, "delta": 1.830074}}
{"target": -0.2736571089303382, "params": {"bus_acc": 1.1224626090079473, "bus_dcc": 1.909069202412522, "bus_lcAssertive": 4.472738300325899, "bus_lcCooperative": 0.5900511249845765, "bus_lcLookaheadLeft": 70.75881252703765, "bus_lcPushy": 0.6699878619430502, "bus_lcSigma": 0.35620984217765184, "bus_lcSpeedGainRight": 0.5582236424538917, "bus_lcSublane": 0.6413201908616455, "bus_sigma": 0.06319731628406633, "bus_tau_mean": 2.7552712039898215, "bus_tau_std": 8.352888821218574, "bus_v_mean": 8.914544662101987, "bus_v_std": 7.117393877161209, "car_acc": 3.474877697174399, "car_dcc": 2.9158023638527393, "car_lcAssertive": 20.59593553835233, "car_lcCooperative": 0.6233628520982011, "car_lcLookaheadLeft": 56.63898249016533, "car_lcPushy": 0.8857177637341683, "car_lcSigma": 0.6970254470180037, "car_lcSpeedGainRight": 1.8213155021816037, "car_lcSublane": 0.22534756306397563, "car_sigma": 0.6109091367243324, "car_tau_mean": 1.3944788079721808, "car_tau_std": 0.7581330626384686, "car_v_mean": 21.163233668458346, "car_v_std": 4.559045974650029}, "datetime": {"datetime": "2024-08-08 17:32:34", "elapsed": 539.39071, "delta": 5.192053}}
{"target": -0.3343851778007831, "params": {"bus_acc": 4.381775907713132, "bus_dcc": 3.1696690123378195, "bus_lcAssertive": 11.973271753717423, "bus_lcCooperative": 0.599352281529311, "bus_lcLookaheadLeft": 51.942981379302, "bus_lcPushy": 0.6053833584678505, "bus_lcSigma": 0.012168445269149175, "bus_lcSpeedGainRight": 1.4420101507188159, "bus_lcSublane": 0.05185633584571858, "bus_sigma": 0.38587134344996243, "bus_tau_mean": 3.156802518868001, "bus_tau_std": 2.7600178638695763, "bus_v_mean": 17.825829619831616, "bus_v_std": 12.548669195376046, "car_acc": 2.006524014237089, "car_dcc": 2.4251252027511754, "car_lcAssertive": 15.20605184105772, "car_lcCooperative": 0.07001816506375413, "car_lcLookaheadLeft": 79.71060730968686, "car_lcPushy": 0.1794742258459452, "car_lcSigma": 0.12620726911812663, "car_lcSpeedGainRight": 4.835575683072303, "car_lcSublane": 0.05564288209156465, "car_sigma": 0.6819472188631948, "car_tau_mean": 1.8123240543658938, "car_tau_std": 1.7348737919623625, "car_v_mean": 12.365785651947395, "car_v_std": 14.633917847652597}, "datetime": {"datetime": "2024-08-08 17:32:38", "elapsed": 543.192012, "delta": 3.801302}}
{"target": -0.31207816618564105, "params": {"bus_acc": 4.28407085419942, "bus_dcc": 1.5125390203014908, "bus_lcAssertive": 68.8281945463602, "bus_lcCooperative": 0.9976633612725854, "bus_lcLookaheadLeft": 78.86721120800227, "bus_lcPushy": 0.7250463554353692, "bus_lcSigma": 0.310019979210334, "bus_lcSpeedGainRight": 0.7973539529220575, "bus_lcSublane": 0.8643221540234217, "bus_sigma": 0.6103462184166267, "bus_tau_mean": 1.8653163948682172, "bus_tau_std": 7.5559073482087955, "bus_v_mean": 19.498046171540878, "bus_v_std": 12.946662509548093, "car_acc": 1.8290534462533588, "car_dcc": 3.6565834533840986, "car_lcAssertive": 72.18159028042123, "car_lcCooperative": 0.3026305634146216, "car_lcLookaheadLeft": 8.23265288991687, "car_lcPushy": 0.9127964154958703, "car_lcSigma": 0.7938500584516285, "car_lcSpeedGainRight": 2.492918214857977, "car_lcSublane": 0.41392519420816687, "car_sigma": 0.6155624739890907, "car_tau_mean": 1.8948031163607857, "car_tau_std": 0.3891804002549182, "car_v_mean": 12.831493313685732, "car_v_std": 4.92557116247073}, "datetime": {"datetime": "2024-08-08 17:32:40", "elapsed": 545.788317, "delta": 2.596305}}
{"target": -0.35593618306915853, "params": {"bus_acc": 4.493292536146928, "bus_dcc": 1.7339021971576243, "bus_lcAssertive": 63.3311877151724, "bus_lcCooperative": 0.034431265307095615, "bus_lcLookaheadLeft": 52.587449185552764, "bus_lcPushy": 0.8632264817138495, "bus_lcSigma": 0.9841265438849168, "bus_lcSpeedGainRight": 0.04936487679459256, "bus_lcSublane": 0.2528414820768151, "bus_sigma": 0.22384967032752534, "bus_tau_mean": 0.6663815797971617, "bus_tau_std": 0.10172456261775653, "bus_v_mean": 15.843124995907708, "bus_v_std": 0.9096429134058814, "car_acc": 2.113312523387608, "car_dcc": 2.9199237073267366, "car_lcAssertive": 30.17451211452952, "car_lcCooperative": 0.26965470115905144, "car_lcLookaheadLeft": 59.873559179869574, "car_lcPushy": 0.38053407720964005, "car_lcSigma": 0.7025230339614009, "car_lcSpeedGainRight": 2.4806197562493053, "car_lcSublane": 0.6332092658064775, "car_sigma": 0.3533943470016294, "car_tau_mean": 1.5046538115442802, "car_tau_std": 1.3320711375110195, "car_v_mean": 22.993286156783427, "car_v_std": 16.09671692031589}, "datetime": {"datetime": "2024-08-08 17:32:42", "elapsed": 547.843749, "delta": 2.055432}}
{"target": -0.3379103529669456, "params": {"bus_acc": 2.0130547837903983, "bus_dcc": 3.5131383438285044, "bus_lcAssertive": 80.96784669698108, "bus_lcCooperative": 0.3825676584249812, "bus_lcLookaheadLeft": 44.20661199178869, "bus_lcPushy": 0.18258741363603737, "bus_lcSigma": 0.3168741351292297, "bus_lcSpeedGainRight": 2.086842303794864, "bus_lcSublane": 0.06646837015587692, "bus_sigma": 0.33788740600703004, "bus_tau_mean": 2.2348495042557666, "bus_tau_std": 0.0672132585448737, "bus_v_mean": 15.009203173057525, "bus_v_std": 4.373781845953446, "car_acc": 1.8535957540608088, "car_dcc": 1.7477168351026253, "car_lcAssertive": 13.704247116669332, "car_lcCooperative": 0.9448132888699331, "car_lcLookaheadLeft": 18.5693229870855, "car_lcPushy": 0.5676125416968016, "car_lcSigma": 0.17150739872591259, "car_lcSpeedGainRight": 1.304589794805947, "car_lcSublane": 0.6767750546075074, "car_sigma": 0.5032656879698034, "car_tau_mean": 1.0505075879993815, "car_tau_std": 0.8250672847808127, "car_v_mean": 22.110302613120865, "car_v_std": 4.8378241079109845}, "datetime": {"datetime": "2024-08-08 17:32:44", "elapsed": 550.019555, "delta": 2.175806}}
