{"target": -0.05596726766616691, "params": {"bus_acc": 1.8968, "bus_dcc": 2.7449, "bus_lcAssertive": 83.322, "bus_lcCooperative": 0.5284, "bus_lcLookaheadLeft": 74.3607, "bus_lcPushy": 0.4191, "bus_lcSublane": 0.3001, "bus_tau_mean": 2.7897, "bus_tau_std": 6.0016, "bus_v_mean": 10.2376, "bus_v_std": 4.3561, "car_acc": 1.9686, "car_dcc": 2.5808, "car_lcAssertive": 46.0714, "car_lcCooperative": 0.5902, "car_lcLookaheadLeft": 87.7087, "car_lcPushy": 0.4464, "car_lcSublane": 0.3281, "car_tau_mean": 1.9182, "car_tau_std": 6.9821, "car_v_mean": 10.1461, "car_v_std": 3.8074}, "datetime": {"datetime": "2024-08-05 18:32:40", "elapsed": 612.196978, "delta": 4.817982}}
{"target": -0.04927672067288108, "params": {"bus_acc": 2.6231, "bus_dcc": 2.2413, "bus_lcAssertive": 30.7765, "bus_lcCooperative": 0.5207, "bus_lcLookaheadLeft": 85.3733, "bus_lcPushy": 0.5494, "bus_lcSublane": 0.2957, "bus_tau_mean": 2.5301, "bus_tau_std": 1.4056, "bus_v_mean": 8.5743, "bus_v_std": 6.2043, "car_acc": 1.0494, "car_dcc": 3.0185, "car_lcAssertive": 54.7416, "car_lcCooperative": 0.6657, "car_lcLookaheadLeft": 77.9805, "car_lcPushy": 0.1889, "car_lcSublane": 0.3486, "car_tau_mean": 1.8778, "car_tau_std": 1.4342, "car_v_mean": 10.387, "car_v_std": 6.8304}, "datetime": {"datetime": "2024-08-05 18:32:46", "elapsed": 618.122714, "delta": 5.925736}}
{"target": -0.048520399620073984, "params": {"bus_acc": 2.2213, "bus_dcc": 2.9304, "bus_lcAssertive": 9.4413, "bus_lcCooperative": 0.2766, "bus_lcLookaheadLeft": 23.4497, "bus_lcPushy": 0.4603, "bus_lcSublane": 0.3081, "bus_tau_mean": 2.5932, "bus_tau_std": 3.9484, "bus_v_mean": 14.7816, "bus_v_std": 5.37, "car_acc": 2.2814, "car_dcc": 2.3176, "car_lcAssertive": 2.6515, "car_lcCooperative": 0.7922, "car_lcLookaheadLeft": 62.9928, "car_lcPushy": 0.8463, "car_lcSublane": 0.734, "car_tau_mean": 1.487, "car_tau_std": 2.6412, "car_v_mean": 11.8306, "car_v_std": 2.8296}, "datetime": {"datetime": "2024-08-05 18:32:51", "elapsed": 623.080182, "delta": 4.957468}}
{"target": -0.0549213063257626, "params": {"bus_acc": 2.8215, "bus_dcc": 2.6356, "bus_lcAssertive": 58.1876, "bus_lcCooperative": 0.5843, "bus_lcLookaheadLeft": 16.1968, "bus_lcPushy": 0.6231, "bus_lcSublane": 0.6313, "bus_tau_mean": 1.8074, "bus_tau_std": 9.3, "bus_v_mean": 14.8219, "bus_v_std": 4.5007, "car_acc": 1.9993, "car_dcc": 2.24, "car_lcAssertive": 36.4759, "car_lcCooperative": 0.7016, "car_lcLookaheadLeft": 81.0949, "car_lcPushy": 0.1221, "car_lcSublane": 0.6125, "car_tau_mean": 3.4648, "car_tau_std": 5.0027, "car_v_mean": 10.8677, "car_v_std": 2.0065}, "datetime": {"datetime": "2024-08-05 18:32:57", "elapsed": 629.535115, "delta": 6.454933}}
{"target": -0.0512073825981495, "params": {"bus_acc": 1.7132, "bus_dcc": 2.8068, "bus_lcAssertive": 73.8191, "bus_lcCooperative": 0.7819, "bus_lcLookaheadLeft": 41.4005, "bus_lcPushy": 0.7062, "bus_lcSublane": 0.7617, "bus_tau_mean": 2.8883, "bus_tau_std": 2.0531, "bus_v_mean": 9.3109, "bus_v_std": 2.3672, "car_acc": 1.9643, "car_dcc": 2.4288, "car_lcAssertive": 76.8235, "car_lcCooperative": 0.2228, "car_lcLookaheadLeft": 25.5116, "car_lcPushy": 0.9017, "car_lcSublane": 0.8837, "car_tau_mean": 1.8287, "car_tau_std": 9.5663, "car_v_mean": 9.2951, "car_v_std": 8.106}, "datetime": {"datetime": "2024-08-05 18:33:00", "elapsed": 631.823587, "delta": 2.288472}}
{"target": -0.0558022239016095, "params": {"bus_acc": 2.6441, "bus_dcc": 2.2561, "bus_lcAssertive": 29.1645, "bus_lcCooperative": 0.1217, "bus_lcLookaheadLeft": 18.0889, "bus_lcPushy": 0.4275, "bus_lcSublane": 0.3817, "bus_tau_mean": 0.8154, "bus_tau_std": 5.2631, "bus_v_mean": 11.3964, "bus_v_std": 1.9986, "car_acc": 2.6668, "car_dcc": 3.8486, "car_lcAssertive": 72.4177, "car_lcCooperative": 0.6083, "car_lcLookaheadLeft": 24.2461, "car_lcPushy": 0.6892, "car_lcSublane": 0.6734, "car_tau_mean": 3.1666, "car_tau_std": 2.1222, "car_v_mean": 16.0673, "car_v_std": 8.3522}, "datetime": {"datetime": "2024-08-05 18:33:09", "elapsed": 641.500711, "delta": 9.677124}}
{"target": -0.057852679056629705, "params": {"bus_acc": 2.9549, "bus_dcc": 3.5825, "bus_lcAssertive": 91.171, "bus_lcCooperative": 0.7149, "bus_lcLookaheadLeft": 31.4934, "bus_lcPushy": 0.3109, "bus_lcSublane": 0.2348, "bus_tau_mean": 0.8603, "bus_tau_std": 0.1264, "bus_v_mean": 9.6955, "bus_v_std": 6.5312, "car_acc": 1.7064, "car_dcc": 3.0972, "car_lcAssertive": 15.7559, "car_lcCooperative": 0.2672, "car_lcLookaheadLeft": 68.09, "car_lcPushy": 0.9695, "car_lcSublane": 0.0287, "car_tau_mean": 1.1406, "car_tau_std": 0.5493, "car_v_mean": 8.0347, "car_v_std": 6.5526}, "datetime": {"datetime": "2024-08-05 18:33:42", "elapsed": 673.970633, "delta": 32.469922}}
{"target": -0.06705409109082604, "params": {"bus_acc": 1.5704, "bus_dcc": 2.1134, "bus_lcAssertive": 10.9522, "bus_lcCooperative": 0.4919, "bus_lcLookaheadLeft": 95.1439, "bus_lcPushy": 0.161, "bus_lcSublane": 0.2673, "bus_tau_mean": 0.8119, "bus_tau_std": 5.7689, "bus_v_mean": 11.8588, "bus_v_std": 2.2508, "car_acc": 2.2479, "car_dcc": 3.7772, "car_lcAssertive": 86.0692, "car_lcCooperative": 0.3427, "car_lcLookaheadLeft": 37.4763, "car_lcPushy": 0.3434, "car_lcSublane": 0.3338, "car_tau_mean": 2.9571, "car_tau_std": 8.9601, "car_v_mean": 18.3027, "car_v_std": 2.5558}, "datetime": {"datetime": "2024-08-05 18:33:46", "elapsed": 677.939724, "delta": 3.969091}}
{"target": -0.0561513558714895, "params": {"bus_acc": 2.0124, "bus_dcc": 1.3274, "bus_lcAssertive": 14.1376, "bus_lcCooperative": 0.1176, "bus_lcLookaheadLeft": 2.3507, "bus_lcPushy": 0.7346, "bus_lcSublane": 0.8921, "bus_tau_mean": 1.943, "bus_tau_std": 1.1026, "bus_v_mean": 11.0066, "bus_v_std": 0.5964, "car_acc": 2.7147, "car_dcc": 1.58, "car_lcAssertive": 56.3063, "car_lcCooperative": 0.4564, "car_lcLookaheadLeft": 82.1396, "car_lcPushy": 0.3968, "car_lcSublane": 0.8098, "car_tau_mean": 0.6968, "car_tau_std": 3.4168, "car_v_mean": 9.5248, "car_v_std": 9.2761}, "datetime": {"datetime": "2024-08-05 18:33:48", "elapsed": 679.864947, "delta": 1.925223}}
{"target": -0.04190204791819088, "params": {"bus_acc": 2.3546, "bus_dcc": 2.9293, "bus_lcAssertive": 4.2361, "bus_lcCooperative": 0.1614, "bus_lcLookaheadLeft": 22.0788, "bus_lcPushy": 0.5004, "bus_lcSublane": 0.1844, "bus_tau_mean": 2.587, "bus_tau_std": 5.0501, "bus_v_mean": 16.8444, "bus_v_std": 3.078, "car_acc": 2.69, "car_dcc": 2.3528, "car_lcAssertive": 2.4843, "car_lcCooperative": 0.7116, "car_lcLookaheadLeft": 68.0549, "car_lcPushy": 0.8598, "car_lcSublane": 0.8761, "car_tau_mean": 1.6095, "car_tau_std": 2.4438, "car_v_mean": 9.8563, "car_v_std": 4.8586}, "datetime": {"datetime": "2024-08-05 18:33:49", "elapsed": 681.450398, "delta": 1.585451}}
{"target": -0.05223223842584134, "params": {"bus_acc": 2.1641, "bus_dcc": 2.779, "bus_lcAssertive": 3.9396, "bus_lcCooperative": 0.2329, "bus_lcLookaheadLeft": 21.4712, "bus_lcPushy": 0.3286, "bus_lcSublane": 0.1241, "bus_tau_mean": 3.0627, "bus_tau_std": 5.1188, "bus_v_mean": 18.8836, "bus_v_std": 5.1185, "car_acc": 2.7949, "car_dcc": 2.5831, "car_lcAssertive": 3.0108, "car_lcCooperative": 0.8124, "car_lcLookaheadLeft": 67.6602, "car_lcPushy": 0.6704, "car_lcSublane": 0.622, "car_tau_mean": 1.3219, "car_tau_std": 3.0105, "car_v_mean": 10.8882, "car_v_std": 2.7664}, "datetime": {"datetime": "2024-08-05 18:33:50", "elapsed": 682.735402, "delta": 1.285004}}
{"target": -0.04699828665995196, "params": {"bus_acc": 1.8088, "bus_dcc": 2.2683, "bus_lcAssertive": 84.4352, "bus_lcCooperative": 0.4226, "bus_lcLookaheadLeft": 74.1553, "bus_lcPushy": 0.4838, "bus_lcSublane": 0.4487, "bus_tau_mean": 2.2253, "bus_tau_std": 4.0881, "bus_v_mean": 11.6776, "bus_v_std": 6.6155, "car_acc": 2.2961, "car_dcc": 1.8733, "car_lcAssertive": 47.2908, "car_lcCooperative": 0.8946, "car_lcLookaheadLeft": 85.4518, "car_lcPushy": 0.39, "car_lcSublane": 0.6914, "car_tau_mean": 2.9593, "car_tau_std": 7.2231, "car_v_mean": 9.0245, "car_v_std": 3.2005}, "datetime": {"datetime": "2024-08-05 18:34:00", "elapsed": 692.30291, "delta": 9.567508}}
{"target": -0.051490466336664674, "params": {"bus_acc": 2.4093, "bus_dcc": 1.8259, "bus_lcAssertive": 47.3531, "bus_lcCooperative": 0.5144, "bus_lcLookaheadLeft": 16.3904, "bus_lcPushy": 0.4496, "bus_lcSublane": 0.4305, "bus_tau_mean": 1.8882, "bus_tau_std": 0.3411, "bus_v_mean": 14.5805, "bus_v_std": 5.1534, "car_acc": 1.8119, "car_dcc": 2.3349, "car_lcAssertive": 38.177, "car_lcCooperative": 0.2315, "car_lcLookaheadLeft": 69.4954, "car_lcPushy": 0.6668, "car_lcSublane": 0.1543, "car_tau_mean": 2.9457, "car_tau_std": 5.3016, "car_v_mean": 8.7688, "car_v_std": 2.6393}, "datetime": {"datetime": "2024-08-05 18:34:08", "elapsed": 700.31402, "delta": 8.01111}}
{"target": -0.04602356869768642, "params": {"bus_acc": 2.571, "bus_dcc": 1.4587, "bus_lcAssertive": 5.3752, "bus_lcCooperative": 0.7335, "bus_lcLookaheadLeft": 22.4931, "bus_lcPushy": 0.2459, "bus_lcSublane": 0.7105, "bus_tau_mean": 1.5816, "bus_tau_std": 5.7063, "bus_v_mean": 17.3237, "bus_v_std": 4.1793, "car_acc": 1.9687, "car_dcc": 1.8941, "car_lcAssertive": 2.8581, "car_lcCooperative": 0.6436, "car_lcLookaheadLeft": 61.644, "car_lcPushy": 0.4966, "car_lcSublane": 0.6188, "car_tau_mean": 1.8789, "car_tau_std": 3.6374, "car_v_mean": 11.1798, "car_v_std": 3.34}, "datetime": {"datetime": "2024-08-05 18:34:14", "elapsed": 705.983398, "delta": 5.669378}}
{"target": -0.055498157537682884, "params": {"bus_acc": 1.6372, "bus_dcc": 2.5515, "bus_lcAssertive": 59.5808, "bus_lcCooperative": 0.2262, "bus_lcLookaheadLeft": 8.3421, "bus_lcPushy": 0.0498, "bus_lcSublane": 0.2075, "bus_tau_mean": 2.1324, "bus_tau_std": 9.0901, "bus_v_mean": 22.9424, "bus_v_std": 7.503, "car_acc": 1.0005, "car_dcc": 2.743, "car_lcAssertive": 92.807, "car_lcCooperative": 0.2617, "car_lcLookaheadLeft": 4.3982, "car_lcPushy": 0.2631, "car_lcSublane": 0.9578, "car_tau_mean": 2.6947, "car_tau_std": 0.8602, "car_v_mean": 18.2724, "car_v_std": 7.68}, "datetime": {"datetime": "2024-08-05 18:34:15", "elapsed": 707.52289, "delta": 1.539492}}
{"target": -0.0701840995830513, "params": {"bus_acc": 1.2447, "bus_dcc": 1.9738, "bus_lcAssertive": 46.871, "bus_lcCooperative": 0.7698, "bus_lcLookaheadLeft": 14.4006, "bus_lcPushy": 0.7731, "bus_lcSublane": 0.6455, "bus_tau_mean": 3.6884, "bus_tau_std": 7.6773, "bus_v_mean": 8.3905, "bus_v_std": 10.0, "car_acc": 1.6591, "car_dcc": 4.0, "car_lcAssertive": 1.6754, "car_lcCooperative": 1.0, "car_lcLookaheadLeft": 99.4892, "car_lcPushy": 1.0, "car_lcSublane": 0.1082, "car_tau_mean": 1.6076, "car_tau_std": 10.0, "car_v_mean": 15.3258, "car_v_std": 9.9368}, "datetime": {"datetime": "2024-08-05 18:34:17", "elapsed": 709.240057, "delta": 1.717167}}
{"target": -0.06902961111117698, "params": {"bus_acc": 1.7237, "bus_dcc": 1.0342, "bus_lcAssertive": 94.503, "bus_lcCooperative": 0.6308, "bus_lcLookaheadLeft": 47.9949, "bus_lcPushy": 0.5228, "bus_lcSublane": 0.5198, "bus_tau_mean": 1.6038, "bus_tau_std": 7.9085, "bus_v_mean": 23.4407, "bus_v_std": 0.9197, "car_acc": 2.8463, "car_dcc": 3.5076, "car_lcAssertive": 21.3189, "car_lcCooperative": 0.0163, "car_lcLookaheadLeft": 55.1727, "car_lcPushy": 0.7554, "car_lcSublane": 0.9918, "car_tau_mean": 1.6554, "car_tau_std": 7.9932, "car_v_mean": 20.3083, "car_v_std": 0.8772}, "datetime": {"datetime": "2024-08-05 18:34:20", "elapsed": 712.662435, "delta": 3.422378}}
{"target": -0.07398230883405385, "params": {"bus_acc": 1.9411, "bus_dcc": 3.9116, "bus_lcAssertive": 41.2874, "bus_lcCooperative": 0.9377, "bus_lcLookaheadLeft": 17.5334, "bus_lcPushy": 0.1082, "bus_lcSublane": 0.6417, "bus_tau_mean": 1.8517, "bus_tau_std": 7.2186, "bus_v_mean": 18.9997, "bus_v_std": 6.4368, "car_acc": 1.6859, "car_dcc": 3.4974, "car_lcAssertive": 90.0786, "car_lcCooperative": 0.1163, "car_lcLookaheadLeft": 2.5894, "car_lcPushy": 0.2536, "car_lcSublane": 0.4364, "car_tau_mean": 1.4048, "car_tau_std": 2.8934, "car_v_mean": 18.2955, "car_v_std": 0.0819}, "datetime": {"datetime": "2024-08-05 18:34:30", "elapsed": 722.379253, "delta": 9.716818}}
{"target": -0.05076128312249431, "params": {"bus_acc": 2.6172, "bus_dcc": 2.5511, "bus_lcAssertive": 4.6239, "bus_lcCooperative": 0.1129, "bus_lcLookaheadLeft": 20.7385, "bus_lcPushy": 0.5429, "bus_lcSublane": 0.3675, "bus_tau_mean": 1.9302, "bus_tau_std": 4.78, "bus_v_mean": 17.8225, "bus_v_std": 3.4126, "car_acc": 2.4125, "car_dcc": 1.8088, "car_lcAssertive": 3.2116, "car_lcCooperative": 0.8515, "car_lcLookaheadLeft": 65.6419, "car_lcPushy": 0.8661, "car_lcSublane": 0.8745, "car_tau_mean": 1.3673, "car_tau_std": 5.3486, "car_v_mean": 10.5394, "car_v_std": 4.0285}, "datetime": {"datetime": "2024-08-05 18:34:32", "elapsed": 724.171164, "delta": 1.791911}}
{"target": -0.049380279691652686, "params": {"bus_acc": 2.5364, "bus_dcc": 2.5314, "bus_lcAssertive": 4.1385, "bus_lcCooperative": 0.164, "bus_lcLookaheadLeft": 22.1084, "bus_lcPushy": 0.5498, "bus_lcSublane": 0.0486, "bus_tau_mean": 2.381, "bus_tau_std": 4.1303, "bus_v_mean": 19.7958, "bus_v_std": 5.7488, "car_acc": 2.4804, "car_dcc": 1.9898, "car_lcAssertive": 3.4492, "car_lcCooperative": 0.7917, "car_lcLookaheadLeft": 67.2046, "car_lcPushy": 0.8474, "car_lcSublane": 0.8194, "car_tau_mean": 1.4756, "car_tau_std": 2.8784, "car_v_mean": 9.9378, "car_v_std": 3.7683}, "datetime": {"datetime": "2024-08-05 18:34:34", "elapsed": 726.406273, "delta": 2.235109}}
{"target": -0.04066828008413356, "params": {"bus_acc": 2.41, "bus_dcc": 1.331, "bus_lcAssertive": 3.9549, "bus_lcCooperative": 0.8522, "bus_lcLookaheadLeft": 19.8325, "bus_lcPushy": 0.0497, "bus_lcSublane": 0.3557, "bus_tau_mean": 1.8234, "bus_tau_std": 2.6245, "bus_v_mean": 18.1719, "bus_v_std": 7.7085, "car_acc": 2.2295, "car_dcc": 3.4198, "car_lcAssertive": 3.0018, "car_lcCooperative": 0.9222, "car_lcLookaheadLeft": 67.2282, "car_lcPushy": 0.9299, "car_lcSublane": 0.8448, "car_tau_mean": 3.3594, "car_tau_std": 1.7563, "car_v_mean": 8.1987, "car_v_std": 3.1664}, "datetime": {"datetime": "2024-08-05 18:34:36", "elapsed": 728.396248, "delta": 1.989975}}
{"target": -0.07099098742511883, "params": {"bus_acc": 2.258, "bus_dcc": 3.2147, "bus_lcAssertive": 9.7541, "bus_lcCooperative": 0.2224, "bus_lcLookaheadLeft": 12.3676, "bus_lcPushy": 0.2402, "bus_lcSublane": 0.1229, "bus_tau_mean": 2.3208, "bus_tau_std": 0.8224, "bus_v_mean": 17.2836, "bus_v_std": 5.3472, "car_acc": 2.8062, "car_dcc": 1.98, "car_lcAssertive": 16.4866, "car_lcCooperative": 0.4829, "car_lcLookaheadLeft": 16.4637, "car_lcPushy": 0.8786, "car_lcSublane": 0.7774, "car_tau_mean": 3.9955, "car_tau_std": 9.8812, "car_v_mean": 20.2147, "car_v_std": 3.834}, "datetime": {"datetime": "2024-08-05 18:34:45", "elapsed": 737.71409, "delta": 9.317842}}
{"target": -0.05475797461343779, "params": {"bus_acc": 2.2151, "bus_dcc": 2.6823, "bus_lcAssertive": 70.2767, "bus_lcCooperative": 0.5969, "bus_lcLookaheadLeft": 31.5072, "bus_lcPushy": 0.128, "bus_lcSublane": 0.5092, "bus_tau_mean": 2.8912, "bus_tau_std": 4.7969, "bus_v_mean": 21.4542, "bus_v_std": 4.3361, "car_acc": 1.9303, "car_dcc": 2.1354, "car_lcAssertive": 33.5251, "car_lcCooperative": 0.4981, "car_lcLookaheadLeft": 91.5726, "car_lcPushy": 0.5899, "car_lcSublane": 0.3533, "car_tau_mean": 3.0318, "car_tau_std": 8.8587, "car_v_mean": 8.9612, "car_v_std": 4.0123}, "datetime": {"datetime": "2024-08-05 18:34:49", "elapsed": 741.360966, "delta": 3.646876}}
{"target": -0.06720968768176311, "params": {"bus_acc": 1.4589, "bus_dcc": 1.4269, "bus_lcAssertive": 3.4862, "bus_lcCooperative": 0.12, "bus_lcLookaheadLeft": 20.1804, "bus_lcPushy": 0.8056, "bus_lcSublane": 0.5517, "bus_tau_mean": 1.3689, "bus_tau_std": 6.5628, "bus_v_mean": 18.8215, "bus_v_std": 5.882, "car_acc": 2.2339, "car_dcc": 2.4305, "car_lcAssertive": 4.826, "car_lcCooperative": 0.4432, "car_lcLookaheadLeft": 64.3042, "car_lcPushy": 0.3901, "car_lcSublane": 0.8045, "car_tau_mean": 1.0323, "car_tau_std": 1.7792, "car_v_mean": 11.1703, "car_v_std": 1.1155}, "datetime": {"datetime": "2024-08-05 18:34:53", "elapsed": 745.077144, "delta": 3.716178}}
{"target": -0.05435600099591183, "params": {"bus_acc": 2.2987, "bus_dcc": 2.0894, "bus_lcAssertive": 33.4865, "bus_lcCooperative": 0.6595, "bus_lcLookaheadLeft": 94.5992, "bus_lcPushy": 0.1641, "bus_lcSublane": 0.3254, "bus_tau_mean": 1.9985, "bus_tau_std": 6.0265, "bus_v_mean": 20.0153, "bus_v_std": 5.5377, "car_acc": 2.6022, "car_dcc": 1.6147, "car_lcAssertive": 19.0761, "car_lcCooperative": 0.8131, "car_lcLookaheadLeft": 11.1448, "car_lcPushy": 0.9424, "car_lcSublane": 0.6881, "car_tau_mean": 2.5102, "car_tau_std": 4.738, "car_v_mean": 9.5701, "car_v_std": 7.2744}, "datetime": {"datetime": "2024-08-05 18:34:55", "elapsed": 746.823002, "delta": 1.745858}}
{"target": -0.060489914961298775, "params": {"bus_acc": 1.9216, "bus_dcc": 3.6625, "bus_lcAssertive": 4.1056, "bus_lcCooperative": 0.4714, "bus_lcLookaheadLeft": 62.2749, "bus_lcPushy": 0.6252, "bus_lcSublane": 0.4915, "bus_tau_mean": 2.4322, "bus_tau_std": 3.055, "bus_v_mean": 21.6371, "bus_v_std": 6.724, "car_acc": 1.2857, "car_dcc": 2.3543, "car_lcAssertive": 37.0944, "car_lcCooperative": 0.6666, "car_lcLookaheadLeft": 58.7005, "car_lcPushy": 0.2891, "car_lcSublane": 0.2784, "car_tau_mean": 3.8398, "car_tau_std": 2.4851, "car_v_mean": 22.9493, "car_v_std": 9.4523}, "datetime": {"datetime": "2024-08-05 18:34:59", "elapsed": 751.27886, "delta": 4.455858}}
{"target": -0.06345560819313091, "params": {"bus_acc": 1.2701, "bus_dcc": 1.6008, "bus_lcAssertive": 40.8272, "bus_lcCooperative": 0.4805, "bus_lcLookaheadLeft": 57.216, "bus_lcPushy": 0.1088, "bus_lcSublane": 0.9039, "bus_tau_mean": 2.5523, "bus_tau_std": 3.5738, "bus_v_mean": 15.8228, "bus_v_std": 0.2184, "car_acc": 2.4388, "car_dcc": 2.5497, "car_lcAssertive": 70.7359, "car_lcCooperative": 0.8171, "car_lcLookaheadLeft": 93.2873, "car_lcPushy": 0.7865, "car_lcSublane": 0.9074, "car_tau_mean": 3.3364, "car_tau_std": 0.8783, "car_v_mean": 17.752, "car_v_std": 9.5222}, "datetime": {"datetime": "2024-08-05 18:35:01", "elapsed": 753.456724, "delta": 2.177864}}
{"target": -0.051983649728266905, "params": {"bus_acc": 1.9942, "bus_dcc": 2.7007, "bus_lcAssertive": 28.795, "bus_lcCooperative": 0.1507, "bus_lcLookaheadLeft": 11.1548, "bus_lcPushy": 0.0951, "bus_lcSublane": 0.0754, "bus_tau_mean": 1.2234, "bus_tau_std": 9.6455, "bus_v_mean": 21.5931, "bus_v_std": 0.0295, "car_acc": 2.9445, "car_dcc": 2.4845, "car_lcAssertive": 88.3705, "car_lcCooperative": 0.4112, "car_lcLookaheadLeft": 61.2611, "car_lcPushy": 0.3053, "car_lcSublane": 0.8799, "car_tau_mean": 1.3147, "car_tau_std": 6.0746, "car_v_mean": 9.7338, "car_v_std": 1.8793}, "datetime": {"datetime": "2024-08-05 18:35:09", "elapsed": 760.974185, "delta": 7.517461}}
{"target": -0.060579820952196266, "params": {"bus_acc": 2.6557, "bus_dcc": 3.5801, "bus_lcAssertive": 80.4987, "bus_lcCooperative": 0.3858, "bus_lcLookaheadLeft": 25.0673, "bus_lcPushy": 0.4819, "bus_lcSublane": 0.5365, "bus_tau_mean": 1.532, "bus_tau_std": 6.9929, "bus_v_mean": 14.8492, "bus_v_std": 4.893, "car_acc": 1.6968, "car_dcc": 3.5932, "car_lcAssertive": 86.0177, "car_lcCooperative": 0.9142, "car_lcLookaheadLeft": 78.4539, "car_lcPushy": 0.941, "car_lcSublane": 0.8285, "car_tau_mean": 3.3502, "car_tau_std": 3.6841, "car_v_mean": 17.2006, "car_v_std": 6.9519}, "datetime": {"datetime": "2024-08-05 18:35:10", "elapsed": 762.507506, "delta": 1.533321}}
{"target": -0.052021955121316237, "params": {"bus_acc": 2.3306, "bus_dcc": 2.7244, "bus_lcAssertive": 64.9467, "bus_lcCooperative": 0.3716, "bus_lcLookaheadLeft": 25.3382, "bus_lcPushy": 0.216, "bus_lcSublane": 0.2695, "bus_tau_mean": 2.9268, "bus_tau_std": 7.164, "bus_v_mean": 18.5157, "bus_v_std": 5.7513, "car_acc": 1.8754, "car_dcc": 2.4161, "car_lcAssertive": 35.0276, "car_lcCooperative": 0.311, "car_lcLookaheadLeft": 85.2358, "car_lcPushy": 0.4773, "car_lcSublane": 0.4556, "car_tau_mean": 3.1596, "car_tau_std": 6.2199, "car_v_mean": 8.9639, "car_v_std": 2.2493}, "datetime": {"datetime": "2024-08-05 18:35:14", "elapsed": 766.688611, "delta": 4.181105}}
{"target": -0.06352364295298266, "params": {"bus_acc": 1.182, "bus_dcc": 1.2597, "bus_lcAssertive": 92.2909, "bus_lcCooperative": 0.1923, "bus_lcLookaheadLeft": 81.3695, "bus_lcPushy": 0.0503, "bus_lcSublane": 0.474, "bus_tau_mean": 3.1363, "bus_tau_std": 9.4774, "bus_v_mean": 22.8357, "bus_v_std": 6.2209, "car_acc": 1.4163, "car_dcc": 3.2004, "car_lcAssertive": 89.7188, "car_lcCooperative": 0.3191, "car_lcLookaheadLeft": 12.8452, "car_lcPushy": 0.9268, "car_lcSublane": 0.3534, "car_tau_mean": 1.9416, "car_tau_std": 0.9232, "car_v_mean": 23.9146, "car_v_std": 9.8529}, "datetime": {"datetime": "2024-08-05 18:35:26", "elapsed": 778.646079, "delta": 11.957468}}
{"target": -0.060719672335164655, "params": {"bus_acc": 1.1656, "bus_dcc": 1.5696, "bus_lcAssertive": 46.7339, "bus_lcCooperative": 0.0719, "bus_lcLookaheadLeft": 80.4722, "bus_lcPushy": 0.9658, "bus_lcSublane": 0.0724, "bus_tau_mean": 1.9217, "bus_tau_std": 5.3999, "bus_v_mean": 23.1765, "bus_v_std": 4.5287, "car_acc": 1.0988, "car_dcc": 3.2009, "car_lcAssertive": 59.4672, "car_lcCooperative": 0.5637, "car_lcLookaheadLeft": 88.0923, "car_lcPushy": 0.3149, "car_lcSublane": 0.0706, "car_tau_mean": 3.3124, "car_tau_std": 1.0487, "car_v_mean": 17.6006, "car_v_std": 0.6551}, "datetime": {"datetime": "2024-08-05 18:35:30", "elapsed": 782.188444, "delta": 3.542365}}
{"target": -0.06886180917299478, "params": {"bus_acc": 1.9601, "bus_dcc": 1.6068, "bus_lcAssertive": 51.2802, "bus_lcCooperative": 0.3979, "bus_lcLookaheadLeft": 20.8108, "bus_lcPushy": 0.0408, "bus_lcSublane": 0.7234, "bus_tau_mean": 0.7286, "bus_tau_std": 3.3192, "bus_v_mean": 18.3938, "bus_v_std": 4.1868, "car_acc": 1.3796, "car_dcc": 3.614, "car_lcAssertive": 4.0782, "car_lcCooperative": 0.2745, "car_lcLookaheadLeft": 7.2055, "car_lcPushy": 0.7757, "car_lcSublane": 0.9597, "car_tau_mean": 3.2704, "car_tau_std": 9.5643, "car_v_mean": 21.3612, "car_v_std": 6.2575}, "datetime": {"datetime": "2024-08-05 18:35:31", "elapsed": 783.512445, "delta": 1.324001}}
