{"target": -0.3663281019757931, "params": {"bus_acc": 1.6453, "bus_dcc": 3.8536, "bus_lcAssertive": 36.8325, "bus_lcCooperative": 0.9611, "bus_lcLookaheadLeft": 71.4838, "bus_lcPushy": 0.9666, "bus_lcSigma": 0.2379, "bus_lcSpeedGainRight": 1.2481, "bus_lcSublane": 0.5169, "bus_sigma": 0.6453, "bus_tau_mean": 2.7503, "bus_tau_std": 4.2434, "bus_v_mean": 20.5111, "bus_v_std": 15.5762, "car_acc": 1.1156, "car_dcc": 3.0578, "car_lcAssertive": 33.9, "car_lcCooperative": 0.7912, "car_lcLookaheadLeft": 65.4437, "car_lcPushy": 0.9762, "car_lcSigma": 0.9063, "car_lcSpeedGainRight": 3.1421, "car_lcSublane": 0.9395, "car_sigma": 0.3408, "car_tau_mean": 2.4967, "car_tau_std": 1.5054, "car_v_mean": 10.8584, "car_v_std": 18.8208}, "datetime": {"datetime": "2024-08-08 11:02:11", "elapsed": 4011.621435, "delta": 9.873881}}
{"target": -0.35703930231676484, "params": {"bus_acc": 1.2583, "bus_dcc": 1.8965, "bus_lcAssertive": 23.0571, "bus_lcCooperative": 0.7889, "bus_lcLookaheadLeft": 26.2805, "bus_lcPushy": 0.7725, "bus_lcSigma": 0.1466, "bus_lcSpeedGainRight": 4.9304, "bus_lcSublane": 0.1594, "bus_sigma": 0.5149, "bus_tau_mean": 2.7238, "bus_tau_std": 4.9674, "bus_v_mean": 18.2924, "bus_v_std": 19.3082, "car_acc": 1.2394, "car_dcc": 1.2994, "car_lcAssertive": 57.5951, "car_lcCooperative": 0.0022, "car_lcLookaheadLeft": 55.98, "car_lcPushy": 0.9474, "car_lcSigma": 0.3589, "car_lcSpeedGainRight": 0.1509, "car_lcSublane": 0.4785, "car_sigma": 0.5468, "car_tau_mean": 3.9101, "car_tau_std": 0.2242, "car_v_mean": 18.8191, "car_v_std": 2.2078}, "datetime": {"datetime": "2024-08-08 11:02:22", "elapsed": 4022.244047, "delta": 10.622612}}
{"target": -0.3241584719886896, "params": {"bus_acc": 1.3369, "bus_dcc": 1.1933, "bus_lcAssertive": 10.7304, "bus_lcCooperative": 0.8298, "bus_lcLookaheadLeft": 79.774, "bus_lcPushy": 0.3802, "bus_lcSigma": 0.4111, "bus_lcSpeedGainRight": 3.9434, "bus_lcSublane": 0.9284, "bus_sigma": 0.8748, "bus_tau_mean": 2.7637, "bus_tau_std": 1.9095, "bus_v_mean": 8.9022, "bus_v_std": 2.4766, "car_acc": 2.5967, "car_dcc": 3.6671, "car_lcAssertive": 51.4271, "car_lcCooperative": 0.6632, "car_lcLookaheadLeft": 47.1663, "car_lcPushy": 0.8989, "car_lcSigma": 0.2045, "car_lcSpeedGainRight": 0.2393, "car_lcSublane": 0.922, "car_sigma": 0.4438, "car_tau_mean": 2.0685, "car_tau_std": 7.6954, "car_v_mean": 19.2121, "car_v_std": 0.9663}, "datetime": {"datetime": "2024-08-08 11:02:32", "elapsed": 4032.337215, "delta": 10.093168}}
{"target": -0.33621904531053604, "params": {"bus_acc": 1.4292, "bus_dcc": 2.6775, "bus_lcAssertive": 99.0811, "bus_lcCooperative": 0.5163, "bus_lcLookaheadLeft": 82.0921, "bus_lcPushy": 0.7908, "bus_lcSigma": 0.9271, "bus_lcSpeedGainRight": 4.676, "bus_lcSublane": 0.9289, "bus_sigma": 0.1464, "bus_tau_mean": 1.118, "bus_tau_std": 1.1751, "bus_v_mean": 9.6443, "bus_v_std": 4.1304, "car_acc": 2.6256, "car_dcc": 2.8646, "car_lcAssertive": 74.7463, "car_lcCooperative": 0.1335, "car_lcLookaheadLeft": 63.849, "car_lcPushy": 0.4833, "car_lcSigma": 0.9247, "car_lcSpeedGainRight": 0.6085, "car_lcSublane": 0.534, "car_sigma": 0.1051, "car_tau_mean": 2.535, "car_tau_std": 3.9793, "car_v_mean": 14.9277, "car_v_std": 12.3042}, "datetime": {"datetime": "2024-08-08 11:02:41", "elapsed": 4041.983571, "delta": 9.646356}}
{"target": -0.3469134392238245, "params": {"bus_acc": 2.1794, "bus_dcc": 1.5396, "bus_lcAssertive": 66.1852, "bus_lcCooperative": 0.606, "bus_lcLookaheadLeft": 58.1391, "bus_lcPushy": 0.8488, "bus_lcSigma": 0.4517, "bus_lcSpeedGainRight": 4.2258, "bus_lcSublane": 0.6134, "bus_sigma": 0.0757, "bus_tau_mean": 1.5277, "bus_tau_std": 0.1123, "bus_v_mean": 18.4013, "bus_v_std": 9.5475, "car_acc": 1.9564, "car_dcc": 2.3573, "car_lcAssertive": 79.8833, "car_lcCooperative": 0.0855, "car_lcLookaheadLeft": 11.3914, "car_lcPushy": 0.1443, "car_lcSigma": 0.1265, "car_lcSpeedGainRight": 2.6926, "car_lcSublane": 0.2659, "car_sigma": 0.1186, "car_tau_mean": 3.9549, "car_tau_std": 3.6246, "car_v_mean": 19.6504, "car_v_std": 12.2475}, "datetime": {"datetime": "2024-08-08 11:02:50", "elapsed": 4050.379418, "delta": 8.395847}}
{"target": -0.3813894058837022, "params": {"bus_acc": 2.2714, "bus_dcc": 3.17, "bus_lcAssertive": 92.6701, "bus_lcCooperative": 0.3245, "bus_lcLookaheadLeft": 9.6702, "bus_lcPushy": 0.6278, "bus_lcSigma": 0.7258, "bus_lcSpeedGainRight": 3.5555, "bus_lcSublane": 0.967, "bus_sigma": 0.9912, "bus_tau_mean": 1.0608, "bus_tau_std": 8.4524, "bus_v_mean": 18.3529, "bus_v_std": 13.6051, "car_acc": 1.3635, "car_dcc": 2.7223, "car_lcAssertive": 11.499, "car_lcCooperative": 0.1784, "car_lcLookaheadLeft": 71.8365, "car_lcPushy": 0.4641, "car_lcSigma": 0.3379, "car_lcSpeedGainRight": 4.197, "car_lcSublane": 0.337, "car_sigma": 0.2609, "car_tau_mean": 1.9558, "car_tau_std": 0.6381, "car_v_mean": 19.2569, "car_v_std": 18.3961}, "datetime": {"datetime": "2024-08-08 11:02:59", "elapsed": 4059.452594, "delta": 9.073176}}
{"target": -0.3730951368582508, "params": {"bus_acc": 2.8997, "bus_dcc": 2.4456, "bus_lcAssertive": 18.6896, "bus_lcCooperative": 0.2551, "bus_lcLookaheadLeft": 97.2911, "bus_lcPushy": 0.1119, "bus_lcSigma": 0.2251, "bus_lcSpeedGainRight": 0.8611, "bus_lcSublane": 0.8142, "bus_sigma": 0.7134, "bus_tau_mean": 1.2565, "bus_tau_std": 2.1909, "bus_v_mean": 23.7882, "bus_v_std": 3.4272, "car_acc": 1.6422, "car_dcc": 3.5, "car_lcAssertive": 89.4877, "car_lcCooperative": 0.4536, "car_lcLookaheadLeft": 30.5564, "car_lcPushy": 0.2816, "car_lcSigma": 0.0448, "car_lcSpeedGainRight": 2.2465, "car_lcSublane": 0.3898, "car_sigma": 0.4374, "car_tau_mean": 3.1672, "car_tau_std": 0.4428, "car_v_mean": 11.73, "car_v_std": 3.3902}, "datetime": {"datetime": "2024-08-08 11:03:07", "elapsed": 4067.346269, "delta": 7.893675}}
{"target": -0.3626620498633526, "params": {"bus_acc": 2.8428, "bus_dcc": 2.1877, "bus_lcAssertive": 40.5827, "bus_lcCooperative": 0.4364, "bus_lcLookaheadLeft": 33.6399, "bus_lcPushy": 0.4128, "bus_lcSigma": 0.0162, "bus_lcSpeedGainRight": 2.3828, "bus_lcSublane": 0.8752, "bus_sigma": 0.4657, "bus_tau_mean": 3.0424, "bus_tau_std": 5.0758, "bus_v_mean": 19.7721, "bus_v_std": 19.4907, "car_acc": 1.3948, "car_dcc": 2.9628, "car_lcAssertive": 64.0676, "car_lcCooperative": 0.045, "car_lcLookaheadLeft": 44.3251, "car_lcPushy": 0.6351, "car_lcSigma": 0.0576, "car_lcSpeedGainRight": 3.9436, "car_lcSublane": 0.6947, "car_sigma": 0.7309, "car_tau_mean": 0.7972, "car_tau_std": 3.738, "car_v_mean": 19.672, "car_v_std": 14.5436}, "datetime": {"datetime": "2024-08-08 11:03:12", "elapsed": 4072.730534, "delta": 5.384265}}
{"target": -0.3853281027098051, "params": {"bus_acc": 1.7644, "bus_dcc": 2.5038, "bus_lcAssertive": 9.2469, "bus_lcCooperative": 0.1915, "bus_lcLookaheadLeft": 14.0732, "bus_lcPushy": 0.2502, "bus_lcSigma": 0.5352, "bus_lcSpeedGainRight": 4.9891, "bus_lcSublane": 0.0053, "bus_sigma": 0.2777, "bus_tau_mean": 2.6592, "bus_tau_std": 8.0389, "bus_v_mean": 23.8572, "bus_v_std": 1.6092, "car_acc": 1.7345, "car_dcc": 3.8457, "car_lcAssertive": 89.3068, "car_lcCooperative": 0.8931, "car_lcLookaheadLeft": 42.2102, "car_lcPushy": 0.1328, "car_lcSigma": 0.7781, "car_lcSpeedGainRight": 2.2107, "car_lcSublane": 0.254, "car_sigma": 0.8756, "car_tau_mean": 1.199, "car_tau_std": 6.193, "car_v_mean": 9.5484, "car_v_std": 11.2477}, "datetime": {"datetime": "2024-08-08 11:03:25", "elapsed": 4085.166964, "delta": 12.43643}}
{"target": -0.3920045920464852, "params": {"bus_acc": 1.1652, "bus_dcc": 2.9101, "bus_lcAssertive": 31.4243, "bus_lcCooperative": 0.2826, "bus_lcLookaheadLeft": 15.1173, "bus_lcPushy": 0.0994, "bus_lcSigma": 0.27, "bus_lcSpeedGainRight": 4.2327, "bus_lcSublane": 0.2664, "bus_sigma": 0.1358, "bus_tau_mean": 1.0369, "bus_tau_std": 6.8246, "bus_v_mean": 20.0427, "bus_v_std": 11.1929, "car_acc": 1.8107, "car_dcc": 2.5834, "car_lcAssertive": 13.4078, "car_lcCooperative": 0.4706, "car_lcLookaheadLeft": 10.8261, "car_lcPushy": 0.3499, "car_lcSigma": 0.8053, "car_lcSpeedGainRight": 0.5596, "car_lcSublane": 0.3263, "car_sigma": 0.1296, "car_tau_mean": 3.294, "car_tau_std": 5.2727, "car_v_mean": 23.9389, "car_v_std": 18.1483}, "datetime": {"datetime": "2024-08-08 11:03:39", "elapsed": 4099.609242, "delta": 14.442278}}
{"target": -0.3273467905108629, "params": {"bus_acc": 1.7218, "bus_dcc": 1.2889, "bus_lcAssertive": 96.222, "bus_lcCooperative": 0.1982, "bus_lcLookaheadLeft": 43.8557, "bus_lcPushy": 0.1751, "bus_lcSigma": 0.5123, "bus_lcSpeedGainRight": 0.037, "bus_lcSublane": 0.1863, "bus_sigma": 0.0203, "bus_tau_mean": 1.9051, "bus_tau_std": 7.6041, "bus_v_mean": 23.8417, "bus_v_std": 5.7372, "car_acc": 2.7788, "car_dcc": 2.6079, "car_lcAssertive": 45.6509, "car_lcCooperative": 0.8697, "car_lcLookaheadLeft": 83.4337, "car_lcPushy": 0.3396, "car_lcSigma": 0.6396, "car_lcSpeedGainRight": 2.5816, "car_lcSublane": 0.4976, "car_sigma": 0.5373, "car_tau_mean": 2.8632, "car_tau_std": 2.3072, "car_v_mean": 10.9588, "car_v_std": 3.0262}, "datetime": {"datetime": "2024-08-08 11:03:52", "elapsed": 4112.575891, "delta": 12.966649}}
{"target": -0.38495268125787274, "params": {"bus_acc": 2.3486, "bus_dcc": 2.9624, "bus_lcAssertive": 25.0355, "bus_lcCooperative": 0.42, "bus_lcLookaheadLeft": 99.5967, "bus_lcPushy": 0.7626, "bus_lcSigma": 0.7765, "bus_lcSpeedGainRight": 1.3008, "bus_lcSublane": 0.1872, "bus_sigma": 0.8911, "bus_tau_mean": 1.5749, "bus_tau_std": 1.587, "bus_v_mean": 8.9104, "bus_v_std": 13.2819, "car_acc": 1.4036, "car_dcc": 3.9423, "car_lcAssertive": 51.3027, "car_lcCooperative": 0.5847, "car_lcLookaheadLeft": 3.0345, "car_lcPushy": 0.1057, "car_lcSigma": 0.9729, "car_lcSpeedGainRight": 1.9244, "car_lcSublane": 0.0771, "car_sigma": 0.466, "car_tau_mean": 3.8723, "car_tau_std": 1.7383, "car_v_mean": 17.438, "car_v_std": 10.557}, "datetime": {"datetime": "2024-08-08 11:03:59", "elapsed": 4119.863003, "delta": 7.287112}}
{"target": -0.3859238382025807, "params": {"bus_acc": 2.3496, "bus_dcc": 3.2841, "bus_lcAssertive": 29.4765, "bus_lcCooperative": 0.3989, "bus_lcLookaheadLeft": 65.8029, "bus_lcPushy": 0.5644, "bus_lcSigma": 0.5105, "bus_lcSpeedGainRight": 2.0712, "bus_lcSublane": 0.7962, "bus_sigma": 0.8302, "bus_tau_mean": 3.4662, "bus_tau_std": 3.4796, "bus_v_mean": 14.5717, "bus_v_std": 9.5391, "car_acc": 2.3933, "car_dcc": 3.3905, "car_lcAssertive": 64.321, "car_lcCooperative": 0.1544, "car_lcLookaheadLeft": 33.4411, "car_lcPushy": 0.569, "car_lcSigma": 0.3014, "car_lcSpeedGainRight": 1.703, "car_lcSublane": 0.3236, "car_sigma": 0.0312, "car_tau_mean": 3.0614, "car_tau_std": 1.5308, "car_v_mean": 17.8589, "car_v_std": 0.2687}, "datetime": {"datetime": "2024-08-08 11:04:10", "elapsed": 4130.322923, "delta": 10.45992}}
{"target": -0.36495091355100007, "params": {"bus_acc": 1.7638, "bus_dcc": 3.5981, "bus_lcAssertive": 43.269, "bus_lcCooperative": 0.6764, "bus_lcLookaheadLeft": 29.3071, "bus_lcPushy": 0.6705, "bus_lcSigma": 0.1724, "bus_lcSpeedGainRight": 4.3503, "bus_lcSublane": 0.7227, "bus_sigma": 0.7677, "bus_tau_mean": 2.3763, "bus_tau_std": 6.3092, "bus_v_mean": 21.9308, "bus_v_std": 4.5899, "car_acc": 1.9828, "car_dcc": 1.3949, "car_lcAssertive": 51.9799, "car_lcCooperative": 0.1235, "car_lcLookaheadLeft": 6.4003, "car_lcPushy": 0.1277, "car_lcSigma": 0.0271, "car_lcSpeedGainRight": 0.333, "car_lcSublane": 0.214, "car_sigma": 0.9566, "car_tau_mean": 3.615, "car_tau_std": 1.4891, "car_v_mean": 20.9736, "car_v_std": 7.2727}, "datetime": {"datetime": "2024-08-08 11:04:16", "elapsed": 4136.994358, "delta": 6.671435}}
{"target": -0.40798181595549676, "params": {"bus_acc": 1.1305, "bus_dcc": 2.3055, "bus_lcAssertive": 47.7424, "bus_lcCooperative": 0.7172, "bus_lcLookaheadLeft": 38.6424, "bus_lcPushy": 0.329, "bus_lcSigma": 0.3293, "bus_lcSpeedGainRight": 2.5705, "bus_lcSublane": 0.3842, "bus_sigma": 0.0485, "bus_tau_mean": 2.1226, "bus_tau_std": 4.676, "bus_v_mean": 23.1559, "bus_v_std": 6.7715, "car_acc": 2.5995, "car_dcc": 3.8378, "car_lcAssertive": 48.324, "car_lcCooperative": 0.8444, "car_lcLookaheadLeft": 21.1709, "car_lcPushy": 0.1248, "car_lcSigma": 0.8372, "car_lcSpeedGainRight": 4.6491, "car_lcSublane": 0.3826, "car_sigma": 0.5063, "car_tau_mean": 0.8904, "car_tau_std": 8.145, "car_v_mean": 9.7717, "car_v_std": 7.2223}, "datetime": {"datetime": "2024-08-08 11:04:20", "elapsed": 4140.409234, "delta": 3.414876}}
{"target": -0.38322011671123, "params": {"bus_acc": 2.8634, "bus_dcc": 3.6974, "bus_lcAssertive": 85.012, "bus_lcCooperative": 0.1007, "bus_lcLookaheadLeft": 13.9261, "bus_lcPushy": 0.1248, "bus_lcSigma": 0.9481, "bus_lcSpeedGainRight": 3.718, "bus_lcSublane": 0.0634, "bus_sigma": 0.4474, "bus_tau_mean": 1.2103, "bus_tau_std": 0.2515, "bus_v_mean": 10.9469, "bus_v_std": 0.7709, "car_acc": 1.1187, "car_dcc": 2.6706, "car_lcAssertive": 54.5921, "car_lcCooperative": 0.4922, "car_lcLookaheadLeft": 91.59, "car_lcPushy": 0.5829, "car_lcSigma": 0.5184, "car_lcSpeedGainRight": 3.6705, "car_lcSublane": 0.2002, "car_sigma": 0.7988, "car_tau_mean": 3.5271, "car_tau_std": 7.1652, "car_v_mean": 11.5991, "car_v_std": 16.294}, "datetime": {"datetime": "2024-08-08 11:04:25", "elapsed": 4144.998962, "delta": 4.589728}}
{"target": -0.3630053647394522, "params": {"bus_acc": 1.2385, "bus_dcc": 3.8019, "bus_lcAssertive": 63.8285, "bus_lcCooperative": 0.3778, "bus_lcLookaheadLeft": 79.2524, "bus_lcPushy": 0.6765, "bus_lcSigma": 0.9994, "bus_lcSpeedGainRight": 0.6273, "bus_lcSublane": 0.2399, "bus_sigma": 0.3547, "bus_tau_mean": 3.7426, "bus_tau_std": 5.5936, "bus_v_mean": 12.1624, "bus_v_std": 16.3899, "car_acc": 2.6529, "car_dcc": 1.0475, "car_lcAssertive": 87.6639, "car_lcCooperative": 0.3769, "car_lcLookaheadLeft": 96.6471, "car_lcPushy": 0.8892, "car_lcSigma": 0.9115, "car_lcSpeedGainRight": 3.706, "car_lcSublane": 0.0408, "car_sigma": 0.8994, "car_tau_mean": 0.5172, "car_tau_std": 5.9404, "car_v_mean": 13.2468, "car_v_std": 13.7144}, "datetime": {"datetime": "2024-08-08 11:04:32", "elapsed": 4152.586632, "delta": 7.58767}}
{"target": -0.37006778382748773, "params": {"bus_acc": 1.6677, "bus_dcc": 2.5317, "bus_lcAssertive": 62.6013, "bus_lcCooperative": 0.7496, "bus_lcLookaheadLeft": 3.9687, "bus_lcPushy": 0.2522, "bus_lcSigma": 0.8229, "bus_lcSpeedGainRight": 4.4141, "bus_lcSublane": 0.8307, "bus_sigma": 0.0474, "bus_tau_mean": 1.4431, "bus_tau_std": 5.3129, "bus_v_mean": 21.8851, "bus_v_std": 16.3407, "car_acc": 1.9769, "car_dcc": 3.8232, "car_lcAssertive": 79.1513, "car_lcCooperative": 0.019, "car_lcLookaheadLeft": 14.3251, "car_lcPushy": 0.1477, "car_lcSigma": 0.7875, "car_lcSpeedGainRight": 1.3843, "car_lcSublane": 0.2639, "car_sigma": 0.9372, "car_tau_mean": 1.5124, "car_tau_std": 7.2012, "car_v_mean": 9.4273, "car_v_std": 17.4256}, "datetime": {"datetime": "2024-08-08 11:04:36", "elapsed": 4156.183148, "delta": 3.596516}}
{"target": -0.4059301839387232, "params": {"bus_acc": 1.024, "bus_dcc": 3.4926, "bus_lcAssertive": 62.692, "bus_lcCooperative": 0.3061, "bus_lcLookaheadLeft": 78.1601, "bus_lcPushy": 0.2661, "bus_lcSigma": 0.0372, "bus_lcSpeedGainRight": 2.9698, "bus_lcSublane": 0.6605, "bus_sigma": 0.848, "bus_tau_mean": 3.3648, "bus_tau_std": 5.216, "bus_v_mean": 14.025, "bus_v_std": 4.785, "car_acc": 2.7777, "car_dcc": 3.622, "car_lcAssertive": 88.2221, "car_lcCooperative": 0.3067, "car_lcLookaheadLeft": 42.6332, "car_lcPushy": 0.1697, "car_lcSigma": 0.921, "car_lcSpeedGainRight": 1.6163, "car_lcSublane": 0.4153, "car_sigma": 0.2154, "car_tau_mean": 1.0522, "car_tau_std": 0.2999, "car_v_mean": 18.7679, "car_v_std": 0.0934}, "datetime": {"datetime": "2024-08-08 11:04:42", "elapsed": 4162.00323, "delta": 5.820082}}
{"target": -0.3256744843951783, "params": {"bus_acc": 1.9835, "bus_dcc": 3.1233, "bus_lcAssertive": 64.223, "bus_lcCooperative": 0.4601, "bus_lcLookaheadLeft": 23.3035, "bus_lcPushy": 0.0685, "bus_lcSigma": 0.221, "bus_lcSpeedGainRight": 3.4486, "bus_lcSublane": 0.9392, "bus_sigma": 0.5129, "bus_tau_mean": 2.6132, "bus_tau_std": 9.5622, "bus_v_mean": 10.5713, "bus_v_std": 3.9856, "car_acc": 1.0533, "car_dcc": 3.945, "car_lcAssertive": 13.3934, "car_lcCooperative": 0.4923, "car_lcLookaheadLeft": 86.8668, "car_lcPushy": 0.6007, "car_lcSigma": 0.1551, "car_lcSpeedGainRight": 4.4201, "car_lcSublane": 0.628, "car_sigma": 0.4689, "car_tau_mean": 2.6273, "car_tau_std": 9.5545, "car_v_mean": 17.2809, "car_v_std": 4.0957}, "datetime": {"datetime": "2024-08-08 11:04:48", "elapsed": 4168.109097, "delta": 6.105867}}
{"target": -0.3680505392406366, "params": {"bus_acc": 2.2206, "bus_dcc": 2.1635, "bus_lcAssertive": 62.2063, "bus_lcCooperative": 0.3399, "bus_lcLookaheadLeft": 80.1355, "bus_lcPushy": 0.7295, "bus_lcSigma": 0.9608, "bus_lcSpeedGainRight": 3.7923, "bus_lcSublane": 0.8903, "bus_sigma": 0.2633, "bus_tau_mean": 2.5434, "bus_tau_std": 0.0607, "bus_v_mean": 14.8089, "bus_v_std": 2.489, "car_acc": 1.7098, "car_dcc": 3.2461, "car_lcAssertive": 53.1864, "car_lcCooperative": 0.6865, "car_lcLookaheadLeft": 88.5781, "car_lcPushy": 0.3229, "car_lcSigma": 0.4032, "car_lcSpeedGainRight": 4.0033, "car_lcSublane": 0.4641, "car_sigma": 0.2342, "car_tau_mean": 0.5068, "car_tau_std": 2.4708, "car_v_mean": 16.3339, "car_v_std": 11.9149}, "datetime": {"datetime": "2024-08-08 11:04:51", "elapsed": 4171.98912, "delta": 3.880023}}
{"target": -0.40067954187445953, "params": {"bus_acc": 2.2385, "bus_dcc": 1.9149, "bus_lcAssertive": 46.4568, "bus_lcCooperative": 0.0409, "bus_lcLookaheadLeft": 28.4386, "bus_lcPushy": 0.7648, "bus_lcSigma": 0.8958, "bus_lcSpeedGainRight": 2.3137, "bus_lcSublane": 0.4696, "bus_sigma": 0.235, "bus_tau_mean": 2.8401, "bus_tau_std": 1.8149, "bus_v_mean": 13.0285, "bus_v_std": 6.7185, "car_acc": 1.0554, "car_dcc": 2.1505, "car_lcAssertive": 27.3189, "car_lcCooperative": 0.4295, "car_lcLookaheadLeft": 40.6208, "car_lcPushy": 0.1766, "car_lcSigma": 0.4414, "car_lcSpeedGainRight": 2.6764, "car_lcSublane": 0.4836, "car_sigma": 0.8696, "car_tau_mean": 3.9342, "car_tau_std": 6.8098, "car_v_mean": 16.3905, "car_v_std": 4.0557}, "datetime": {"datetime": "2024-08-08 11:04:59", "elapsed": 4179.446367, "delta": 7.457247}}
{"target": -0.3459433729209973, "params": {"bus_acc": 2.8134, "bus_dcc": 3.7744, "bus_lcAssertive": 9.8768, "bus_lcCooperative": 0.7469, "bus_lcLookaheadLeft": 54.2022, "bus_lcPushy": 0.3341, "bus_lcSigma": 0.936, "bus_lcSpeedGainRight": 3.6817, "bus_lcSublane": 0.3471, "bus_sigma": 0.5374, "bus_tau_mean": 0.8836, "bus_tau_std": 9.5117, "bus_v_mean": 14.3584, "bus_v_std": 5.0795, "car_acc": 1.7187, "car_dcc": 3.3195, "car_lcAssertive": 37.7028, "car_lcCooperative": 0.2329, "car_lcLookaheadLeft": 93.5326, "car_lcPushy": 0.9288, "car_lcSigma": 0.0684, "car_lcSpeedGainRight": 4.9015, "car_lcSublane": 0.3833, "car_sigma": 0.593, "car_tau_mean": 1.7074, "car_tau_std": 9.526, "car_v_mean": 13.7326, "car_v_std": 11.4564}, "datetime": {"datetime": "2024-08-08 11:05:06", "elapsed": 4186.028342, "delta": 6.581975}}
{"target": -0.354987173118489, "params": {"bus_acc": 2.7331, "bus_dcc": 1.7196, "bus_lcAssertive": 13.9469, "bus_lcCooperative": 0.936, "bus_lcLookaheadLeft": 58.3258, "bus_lcPushy": 0.3321, "bus_lcSigma": 0.8547, "bus_lcSpeedGainRight": 3.671, "bus_lcSublane": 0.6156, "bus_sigma": 0.6477, "bus_tau_mean": 3.0543, "bus_tau_std": 6.5635, "bus_v_mean": 14.7872, "bus_v_std": 10.5102, "car_acc": 2.7014, "car_dcc": 3.7206, "car_lcAssertive": 39.1183, "car_lcCooperative": 0.6147, "car_lcLookaheadLeft": 67.2125, "car_lcPushy": 0.594, "car_lcSigma": 0.4846, "car_lcSpeedGainRight": 2.5844, "car_lcSublane": 0.3901, "car_sigma": 0.1672, "car_tau_mean": 1.8327, "car_tau_std": 8.6796, "car_v_mean": 21.1522, "car_v_std": 19.1654}, "datetime": {"datetime": "2024-08-08 11:05:12", "elapsed": 4192.083165, "delta": 6.054823}}
{"target": -0.3779360403677924, "params": {"bus_acc": 2.4188, "bus_dcc": 2.2787, "bus_lcAssertive": 61.6817, "bus_lcCooperative": 0.8965, "bus_lcLookaheadLeft": 79.3143, "bus_lcPushy": 0.8983, "bus_lcSigma": 0.8812, "bus_lcSpeedGainRight": 1.7015, "bus_lcSublane": 0.9953, "bus_sigma": 0.5279, "bus_tau_mean": 2.6668, "bus_tau_std": 9.5916, "bus_v_mean": 14.4745, "bus_v_std": 0.1777, "car_acc": 1.0883, "car_dcc": 3.5706, "car_lcAssertive": 96.8473, "car_lcCooperative": 0.2716, "car_lcLookaheadLeft": 40.4638, "car_lcPushy": 0.9041, "car_lcSigma": 0.1811, "car_lcSpeedGainRight": 1.509, "car_lcSublane": 0.6391, "car_sigma": 0.4609, "car_tau_mean": 2.9651, "car_tau_std": 7.1268, "car_v_mean": 21.6679, "car_v_std": 0.6586}, "datetime": {"datetime": "2024-08-08 11:05:19", "elapsed": 4199.792267, "delta": 7.709102}}
{"target": -0.3625632375799723, "params": {"bus_acc": 2.0496, "bus_dcc": 3.3222, "bus_lcAssertive": 57.0973, "bus_lcCooperative": 0.8316, "bus_lcLookaheadLeft": 63.3075, "bus_lcPushy": 0.6607, "bus_lcSigma": 0.9135, "bus_lcSpeedGainRight": 2.8915, "bus_lcSublane": 0.0695, "bus_sigma": 0.3167, "bus_tau_mean": 0.7345, "bus_tau_std": 4.8209, "bus_v_mean": 15.8563, "bus_v_std": 13.024, "car_acc": 1.7837, "car_dcc": 1.5248, "car_lcAssertive": 83.0704, "car_lcCooperative": 0.4835, "car_lcLookaheadLeft": 7.5211, "car_lcPushy": 0.2223, "car_lcSigma": 0.3826, "car_lcSpeedGainRight": 1.6627, "car_lcSublane": 0.0635, "car_sigma": 0.0326, "car_tau_mean": 3.4014, "car_tau_std": 3.5754, "car_v_mean": 13.4469, "car_v_std": 8.6102}, "datetime": {"datetime": "2024-08-08 11:05:28", "elapsed": 4208.681313, "delta": 8.889046}}
