{"target": -0.33619562568110456, "params": {"bus_acc": 4.3174, "bus_dcc": 3.6692, "bus_lcAssertive": 76.9387, "bus_lcCooperative": 0.3731, "bus_lcLookaheadLeft": 99.7424, "bus_lcPushy": 0.665, "bus_lcSigma": 0.4806, "bus_lcSpeedGainRight": 2.1946, "bus_lcSublane": 0.313, "bus_sigma": 0.5178, "bus_tau_mean": 0.5667, "bus_tau_std": 5.7641, "bus_v_mean": 14.3088, "bus_v_std": 17.2879, "car_acc": 1.2276, "car_dcc": 1.0475, "car_lcAssertive": 39.3165, "car_lcCooperative": 0.601, "car_lcLookaheadLeft": 26.6561, "car_lcPushy": 0.0381, "car_lcSigma": 0.163, "car_lcSpeedGainRight": 4.9994, "car_lcSublane": 0.4273, "car_sigma": 0.4234, "car_tau_mean": 0.8762, "car_tau_std": 4.216, "car_v_mean": 14.1538, "car_v_std": 11.7776}, "datetime": {"datetime": "2024-08-08 13:49:37", "elapsed": 3765.00824, "delta": 1.67111}}
{"target": -0.3203613760342281, "params": {"bus_acc": 3.2294, "bus_dcc": 2.1881, "bus_lcAssertive": 53.2182, "bus_lcCooperative": 0.5628, "bus_lcLookaheadLeft": 5.7771, "bus_lcPushy": 0.3537, "bus_lcSigma": 0.0864, "bus_lcSpeedGainRight": 4.7765, "bus_lcSublane": 0.3003, "bus_sigma": 0.0124, "bus_tau_mean": 1.492, "bus_tau_std": 6.7176, "bus_v_mean": 9.3565, "bus_v_std": 10.3378, "car_acc": 3.2638, "car_dcc": 2.0316, "car_lcAssertive": 85.2555, "car_lcCooperative": 0.2104, "car_lcLookaheadLeft": 60.5142, "car_lcPushy": 0.7378, "car_lcSigma": 0.4607, "car_lcSpeedGainRight": 4.811, "car_lcSublane": 0.1335, "car_sigma": 0.1904, "car_tau_mean": 3.5997, "car_tau_std": 2.1996, "car_v_mean": 18.1604, "car_v_std": 17.0329}, "datetime": {"datetime": "2024-08-08 13:49:40", "elapsed": 3768.083441, "delta": 3.075201}}
{"target": -0.3918243946378267, "params": {"bus_acc": 3.6991, "bus_dcc": 3.2841, "bus_lcAssertive": 29.4765, "bus_lcCooperative": 0.3989, "bus_lcLookaheadLeft": 65.8029, "bus_lcPushy": 0.5644, "bus_lcSigma": 0.5105, "bus_lcSpeedGainRight": 2.0712, "bus_lcSublane": 0.7962, "bus_sigma": 0.8302, "bus_tau_mean": 3.4662, "bus_tau_std": 3.4796, "bus_v_mean": 14.5717, "bus_v_std": 9.5391, "car_acc": 3.7865, "car_dcc": 3.3905, "car_lcAssertive": 64.321, "car_lcCooperative": 0.1544, "car_lcLookaheadLeft": 33.4411, "car_lcPushy": 0.569, "car_lcSigma": 0.3014, "car_lcSpeedGainRight": 1.703, "car_lcSublane": 0.3236, "car_sigma": 0.0312, "car_tau_mean": 3.0614, "car_tau_std": 1.5308, "car_v_mean": 17.8589, "car_v_std": 0.2687}, "datetime": {"datetime": "2024-08-08 13:49:43", "elapsed": 3771.4938, "delta": 3.410359}}
{"target": -0.366462028529058, "params": {"bus_acc": 4.3363, "bus_dcc": 1.0513, "bus_lcAssertive": 25.9443, "bus_lcCooperative": 0.3278, "bus_lcLookaheadLeft": 54.9109, "bus_lcPushy": 0.4566, "bus_lcSigma": 0.7774, "bus_lcSpeedGainRight": 1.9543, "bus_lcSublane": 0.6095, "bus_sigma": 0.2604, "bus_tau_mean": 1.8474, "bus_tau_std": 3.8292, "bus_v_mean": 23.1462, "bus_v_std": 0.0689, "car_acc": 1.5302, "car_dcc": 2.3968, "car_lcAssertive": 15.5577, "car_lcCooperative": 0.1226, "car_lcLookaheadLeft": 75.2901, "car_lcPushy": 0.3679, "car_lcSigma": 0.6356, "car_lcSpeedGainRight": 0.5693, "car_lcSublane": 0.2949, "car_sigma": 0.8331, "car_tau_mean": 3.9994, "car_tau_std": 6.6595, "car_v_mean": 18.7441, "car_v_std": 19.4184}, "datetime": {"datetime": "2024-08-08 13:49:45", "elapsed": 3772.807272, "delta": 1.313472}}
{"target": -0.34554044016171104, "params": {"bus_acc": 3.9381, "bus_dcc": 1.6517, "bus_lcAssertive": 80.261, "bus_lcCooperative": 0.3904, "bus_lcLookaheadLeft": 56.6835, "bus_lcPushy": 0.3829, "bus_lcSigma": 0.3018, "bus_lcSpeedGainRight": 2.8741, "bus_lcSublane": 0.1098, "bus_sigma": 0.931, "bus_tau_mean": 1.9836, "bus_tau_std": 8.7658, "bus_v_mean": 19.8121, "bus_v_std": 9.2992, "car_acc": 4.9191, "car_dcc": 3.6086, "car_lcAssertive": 91.7064, "car_lcCooperative": 0.1437, "car_lcLookaheadLeft": 61.4711, "car_lcPushy": 0.842, "car_lcSigma": 0.6238, "car_lcSpeedGainRight": 4.0747, "car_lcSublane": 0.1163, "car_sigma": 0.8457, "car_tau_mean": 1.0017, "car_tau_std": 6.7421, "car_v_mean": 16.5032, "car_v_std": 18.18}, "datetime": {"datetime": "2024-08-08 13:49:46", "elapsed": 3774.211972, "delta": 1.4047}}
{"target": -0.35240216111537126, "params": {"bus_acc": 2.7022, "bus_dcc": 2.3757, "bus_lcAssertive": 74.1404, "bus_lcCooperative": 0.9844, "bus_lcLookaheadLeft": 32.4378, "bus_lcPushy": 0.962, "bus_lcSigma": 0.9371, "bus_lcSpeedGainRight": 4.3365, "bus_lcSublane": 0.1788, "bus_sigma": 0.0451, "bus_tau_mean": 1.4396, "bus_tau_std": 5.2439, "bus_v_mean": 10.4621, "bus_v_std": 12.9268, "car_acc": 2.4626, "car_dcc": 3.9982, "car_lcAssertive": 82.4406, "car_lcCooperative": 0.1208, "car_lcLookaheadLeft": 12.7816, "car_lcPushy": 0.1764, "car_lcSigma": 0.7994, "car_lcSpeedGainRight": 1.8659, "car_lcSublane": 0.047, "car_sigma": 0.5798, "car_tau_mean": 2.6573, "car_tau_std": 5.1861, "car_v_mean": 17.783, "car_v_std": 16.8326}, "datetime": {"datetime": "2024-08-08 13:49:51", "elapsed": 3779.026451, "delta": 4.814479}}
{"target": -0.34827565900086865, "params": {"bus_acc": 4.9097, "bus_dcc": 2.5889, "bus_lcAssertive": 12.9696, "bus_lcCooperative": 0.4748, "bus_lcLookaheadLeft": 44.5635, "bus_lcPushy": 0.3798, "bus_lcSigma": 0.9747, "bus_lcSpeedGainRight": 1.4082, "bus_lcSublane": 0.6004, "bus_sigma": 0.6938, "bus_tau_mean": 3.7991, "bus_tau_std": 4.1392, "bus_v_mean": 21.2624, "bus_v_std": 11.7465, "car_acc": 4.6387, "car_dcc": 1.83, "car_lcAssertive": 87.994, "car_lcCooperative": 0.041, "car_lcLookaheadLeft": 92.3689, "car_lcPushy": 0.6481, "car_lcSigma": 0.6012, "car_lcSpeedGainRight": 2.5023, "car_lcSublane": 0.1259, "car_sigma": 0.3632, "car_tau_mean": 1.3404, "car_tau_std": 5.1565, "car_v_mean": 16.4158, "car_v_std": 5.451}, "datetime": {"datetime": "2024-08-08 13:49:55", "elapsed": 3782.670443, "delta": 3.643992}}
{"target": -0.3383136666036325, "params": {"bus_acc": 3.8273, "bus_dcc": 1.6191, "bus_lcAssertive": 93.3171, "bus_lcCooperative": 0.2573, "bus_lcLookaheadLeft": 69.1489, "bus_lcPushy": 0.4718, "bus_lcSigma": 0.8134, "bus_lcSpeedGainRight": 0.4997, "bus_lcSublane": 0.1443, "bus_sigma": 0.326, "bus_tau_mean": 3.2876, "bus_tau_std": 1.7706, "bus_v_mean": 19.3072, "bus_v_std": 15.9394, "car_acc": 4.1198, "car_dcc": 1.3017, "car_lcAssertive": 70.2035, "car_lcCooperative": 0.0809, "car_lcLookaheadLeft": 33.0313, "car_lcPushy": 0.5023, "car_lcSigma": 0.0904, "car_lcSpeedGainRight": 3.479, "car_lcSublane": 0.7564, "car_sigma": 0.7166, "car_tau_mean": 3.2309, "car_tau_std": 4.4802, "car_v_mean": 12.9813, "car_v_std": 15.7229}, "datetime": {"datetime": "2024-08-08 13:50:01", "elapsed": 3788.911065, "delta": 6.240622}}
{"target": -0.3601111566584352, "params": {"bus_acc": 1.5165, "bus_dcc": 1.8965, "bus_lcAssertive": 23.0571, "bus_lcCooperative": 0.7889, "bus_lcLookaheadLeft": 26.2805, "bus_lcPushy": 0.7725, "bus_lcSigma": 0.1466, "bus_lcSpeedGainRight": 4.9304, "bus_lcSublane": 0.1594, "bus_sigma": 0.5149, "bus_tau_mean": 2.7238, "bus_tau_std": 4.9674, "bus_v_mean": 18.2924, "bus_v_std": 19.3082, "car_acc": 1.4788, "car_dcc": 1.2994, "car_lcAssertive": 57.5951, "car_lcCooperative": 0.0022, "car_lcLookaheadLeft": 55.98, "car_lcPushy": 0.9474, "car_lcSigma": 0.3589, "car_lcSpeedGainRight": 0.1509, "car_lcSublane": 0.4785, "car_sigma": 0.5468, "car_tau_mean": 3.9101, "car_tau_std": 0.2242, "car_v_mean": 18.8191, "car_v_std": 2.2078}, "datetime": {"datetime": "2024-08-08 13:50:05", "elapsed": 3792.584575, "delta": 3.67351}}
{"target": -0.3235100162045098, "params": {"bus_acc": 1.6738, "bus_dcc": 1.1933, "bus_lcAssertive": 10.7304, "bus_lcCooperative": 0.8298, "bus_lcLookaheadLeft": 79.774, "bus_lcPushy": 0.3802, "bus_lcSigma": 0.4111, "bus_lcSpeedGainRight": 3.9434, "bus_lcSublane": 0.9284, "bus_sigma": 0.8748, "bus_tau_mean": 2.7637, "bus_tau_std": 1.9095, "bus_v_mean": 8.9022, "bus_v_std": 2.4766, "car_acc": 4.1933, "car_dcc": 3.6671, "car_lcAssertive": 51.4271, "car_lcCooperative": 0.6632, "car_lcLookaheadLeft": 47.1663, "car_lcPushy": 0.8989, "car_lcSigma": 0.2045, "car_lcSpeedGainRight": 0.2393, "car_lcSublane": 0.922, "car_sigma": 0.4438, "car_tau_mean": 2.0685, "car_tau_std": 7.6954, "car_v_mean": 19.2121, "car_v_std": 0.9663}, "datetime": {"datetime": "2024-08-08 13:50:07", "elapsed": 3794.91545, "delta": 2.330875}}
{"target": -0.3744860182765971, "params": {"bus_acc": 2.5276, "bus_dcc": 3.5981, "bus_lcAssertive": 43.269, "bus_lcCooperative": 0.6764, "bus_lcLookaheadLeft": 29.3071, "bus_lcPushy": 0.6705, "bus_lcSigma": 0.1724, "bus_lcSpeedGainRight": 4.3503, "bus_lcSublane": 0.7227, "bus_sigma": 0.7677, "bus_tau_mean": 2.3763, "bus_tau_std": 6.3092, "bus_v_mean": 21.9308, "bus_v_std": 4.5899, "car_acc": 2.9656, "car_dcc": 1.3949, "car_lcAssertive": 51.9799, "car_lcCooperative": 0.1235, "car_lcLookaheadLeft": 6.4003, "car_lcPushy": 0.1277, "car_lcSigma": 0.0271, "car_lcSpeedGainRight": 0.333, "car_lcSublane": 0.214, "car_sigma": 0.9566, "car_tau_mean": 3.615, "car_tau_std": 1.4891, "car_v_mean": 20.9736, "car_v_std": 7.2727}, "datetime": {"datetime": "2024-08-08 13:50:09", "elapsed": 3797.348117, "delta": 2.432667}}
{"target": -0.3854934842460497, "params": {"bus_acc": 1.0479, "bus_dcc": 3.4926, "bus_lcAssertive": 62.692, "bus_lcCooperative": 0.3061, "bus_lcLookaheadLeft": 78.1601, "bus_lcPushy": 0.2661, "bus_lcSigma": 0.0372, "bus_lcSpeedGainRight": 2.9698, "bus_lcSublane": 0.6605, "bus_sigma": 0.848, "bus_tau_mean": 3.3648, "bus_tau_std": 5.216, "bus_v_mean": 14.025, "bus_v_std": 4.785, "car_acc": 4.5554, "car_dcc": 3.622, "car_lcAssertive": 88.2221, "car_lcCooperative": 0.3067, "car_lcLookaheadLeft": 42.6332, "car_lcPushy": 0.1697, "car_lcSigma": 0.921, "car_lcSpeedGainRight": 1.6163, "car_lcSublane": 0.4153, "car_sigma": 0.2154, "car_tau_mean": 1.0522, "car_tau_std": 0.2999, "car_v_mean": 18.7679, "car_v_std": 0.0934}, "datetime": {"datetime": "2024-08-08 13:50:24", "elapsed": 3812.175801, "delta": 14.827684}}
{"target": -0.32885541063013846, "params": {"bus_acc": 3.5429, "bus_dcc": 3.17, "bus_lcAssertive": 92.6701, "bus_lcCooperative": 0.3245, "bus_lcLookaheadLeft": 9.6702, "bus_lcPushy": 0.6278, "bus_lcSigma": 0.7258, "bus_lcSpeedGainRight": 3.5555, "bus_lcSublane": 0.967, "bus_sigma": 0.9912, "bus_tau_mean": 1.0608, "bus_tau_std": 8.4524, "bus_v_mean": 18.3529, "bus_v_std": 13.6051, "car_acc": 1.7271, "car_dcc": 2.7223, "car_lcAssertive": 11.499, "car_lcCooperative": 0.1784, "car_lcLookaheadLeft": 71.8365, "car_lcPushy": 0.4641, "car_lcSigma": 0.3379, "car_lcSpeedGainRight": 4.197, "car_lcSublane": 0.337, "car_sigma": 0.2609, "car_tau_mean": 1.9558, "car_tau_std": 0.6381, "car_v_mean": 19.2569, "car_v_std": 18.3961}, "datetime": {"datetime": "2024-08-08 13:50:26", "elapsed": 3813.992584, "delta": 1.816783}}
{"target": -0.3220382078139096, "params": {"bus_acc": 3.0992, "bus_dcc": 3.3222, "bus_lcAssertive": 57.0973, "bus_lcCooperative": 0.8316, "bus_lcLookaheadLeft": 63.3075, "bus_lcPushy": 0.6607, "bus_lcSigma": 0.9135, "bus_lcSpeedGainRight": 2.8915, "bus_lcSublane": 0.0695, "bus_sigma": 0.3167, "bus_tau_mean": 0.7345, "bus_tau_std": 4.8209, "bus_v_mean": 15.8563, "bus_v_std": 13.024, "car_acc": 2.5673, "car_dcc": 1.5248, "car_lcAssertive": 83.0704, "car_lcCooperative": 0.4835, "car_lcLookaheadLeft": 7.5211, "car_lcPushy": 0.2223, "car_lcSigma": 0.3826, "car_lcSpeedGainRight": 1.6627, "car_lcSublane": 0.0635, "car_sigma": 0.0326, "car_tau_mean": 3.4014, "car_tau_std": 3.5754, "car_v_mean": 13.4469, "car_v_std": 8.6102}, "datetime": {"datetime": "2024-08-08 13:50:30", "elapsed": 3817.785285, "delta": 3.792701}}
{"target": -0.33288577131436997, "params": {"bus_acc": 3.2744, "bus_dcc": 1.4601, "bus_lcAssertive": 29.5361, "bus_lcCooperative": 0.2831, "bus_lcLookaheadLeft": 19.8514, "bus_lcPushy": 0.9049, "bus_lcSigma": 0.6971, "bus_lcSpeedGainRight": 4.4333, "bus_lcSublane": 0.3936, "bus_sigma": 0.2192, "bus_tau_mean": 3.2589, "bus_tau_std": 1.9786, "bus_v_mean": 12.8634, "bus_v_std": 6.7913, "car_acc": 1.5026, "car_dcc": 3.1939, "car_lcAssertive": 69.7279, "car_lcCooperative": 0.8484, "car_lcLookaheadLeft": 37.7253, "car_lcPushy": 0.3545, "car_lcSigma": 0.3818, "car_lcSpeedGainRight": 2.7842, "car_lcSublane": 0.3918, "car_sigma": 0.9847, "car_tau_mean": 3.0757, "car_tau_std": 1.3363, "car_v_mean": 19.2716, "car_v_std": 17.1535}, "datetime": {"datetime": "2024-08-08 13:50:32", "elapsed": 3819.88434, "delta": 2.099055}}
{"target": -0.35715240937468345, "params": {"bus_acc": 4.6855, "bus_dcc": 2.1877, "bus_lcAssertive": 40.5827, "bus_lcCooperative": 0.4364, "bus_lcLookaheadLeft": 33.6399, "bus_lcPushy": 0.4128, "bus_lcSigma": 0.0162, "bus_lcSpeedGainRight": 2.3828, "bus_lcSublane": 0.8752, "bus_sigma": 0.4657, "bus_tau_mean": 3.0424, "bus_tau_std": 5.0758, "bus_v_mean": 19.7721, "bus_v_std": 19.4907, "car_acc": 1.7897, "car_dcc": 2.9628, "car_lcAssertive": 64.0676, "car_lcCooperative": 0.045, "car_lcLookaheadLeft": 44.3251, "car_lcPushy": 0.6351, "car_lcSigma": 0.0576, "car_lcSpeedGainRight": 3.9436, "car_lcSublane": 0.6947, "car_sigma": 0.7309, "car_tau_mean": 0.7972, "car_tau_std": 3.738, "car_v_mean": 19.672, "car_v_std": 14.5436}, "datetime": {"datetime": "2024-08-08 13:50:36", "elapsed": 3823.830541, "delta": 3.946201}}
{"target": -0.3639921129998416, "params": {"bus_acc": 1.3303, "bus_dcc": 2.9101, "bus_lcAssertive": 31.4243, "bus_lcCooperative": 0.2826, "bus_lcLookaheadLeft": 15.1173, "bus_lcPushy": 0.0994, "bus_lcSigma": 0.27, "bus_lcSpeedGainRight": 4.2327, "bus_lcSublane": 0.2664, "bus_sigma": 0.1358, "bus_tau_mean": 1.0369, "bus_tau_std": 6.8246, "bus_v_mean": 20.0427, "bus_v_std": 11.1929, "car_acc": 2.6214, "car_dcc": 2.5834, "car_lcAssertive": 13.4078, "car_lcCooperative": 0.4706, "car_lcLookaheadLeft": 10.8261, "car_lcPushy": 0.3499, "car_lcSigma": 0.8053, "car_lcSpeedGainRight": 0.5596, "car_lcSublane": 0.3263, "car_sigma": 0.1296, "car_tau_mean": 3.294, "car_tau_std": 5.2727, "car_v_mean": 23.9389, "car_v_std": 18.1483}, "datetime": {"datetime": "2024-08-08 13:50:39", "elapsed": 3826.969241, "delta": 3.1387}}
{"target": -0.3409432401204527, "params": {"bus_acc": 2.5395, "bus_dcc": 1.6528, "bus_lcAssertive": 75.382, "bus_lcCooperative": 0.5497, "bus_lcLookaheadLeft": 99.7, "bus_lcPushy": 0.0057, "bus_lcSigma": 0.7998, "bus_lcSpeedGainRight": 4.2832, "bus_lcSublane": 0.5758, "bus_sigma": 0.289, "bus_tau_mean": 0.6128, "bus_tau_std": 4.9962, "bus_v_mean": 11.889, "bus_v_std": 9.7059, "car_acc": 4.7934, "car_dcc": 1.1276, "car_lcAssertive": 48.6977, "car_lcCooperative": 0.1659, "car_lcLookaheadLeft": 81.8655, "car_lcPushy": 0.8606, "car_lcSigma": 0.4634, "car_lcSpeedGainRight": 2.8514, "car_lcSublane": 0.9065, "car_sigma": 0.8747, "car_tau_mean": 3.4755, "car_tau_std": 6.714, "car_v_mean": 20.6556, "car_v_std": 14.2176}, "datetime": {"datetime": "2024-08-08 13:50:49", "elapsed": 3836.836876, "delta": 9.867635}}
{"target": -0.34349513933937725, "params": {"bus_acc": 3.3588, "bus_dcc": 1.5396, "bus_lcAssertive": 66.1852, "bus_lcCooperative": 0.606, "bus_lcLookaheadLeft": 58.1391, "bus_lcPushy": 0.8488, "bus_lcSigma": 0.4517, "bus_lcSpeedGainRight": 4.2258, "bus_lcSublane": 0.6134, "bus_sigma": 0.0757, "bus_tau_mean": 1.5277, "bus_tau_std": 0.1123, "bus_v_mean": 18.4013, "bus_v_std": 9.5475, "car_acc": 2.9127, "car_dcc": 2.3573, "car_lcAssertive": 79.8833, "car_lcCooperative": 0.0855, "car_lcLookaheadLeft": 11.3914, "car_lcPushy": 0.1443, "car_lcSigma": 0.1265, "car_lcSpeedGainRight": 2.6926, "car_lcSublane": 0.2659, "car_sigma": 0.1186, "car_tau_mean": 3.9549, "car_tau_std": 3.6246, "car_v_mean": 19.6504, "car_v_std": 12.2475}, "datetime": {"datetime": "2024-08-08 13:50:53", "elapsed": 3840.588008, "delta": 3.751132}}
{"target": -0.3545726823612135, "params": {"bus_acc": 3.8953, "bus_dcc": 3.3549, "bus_lcAssertive": 90.8343, "bus_lcCooperative": 0.1123, "bus_lcLookaheadLeft": 22.1908, "bus_lcPushy": 0.8773, "bus_lcSigma": 0.7784, "bus_lcSpeedGainRight": 4.2598, "bus_lcSublane": 0.9171, "bus_sigma": 0.4316, "bus_tau_mean": 2.3068, "bus_tau_std": 0.3375, "bus_v_mean": 13.1709, "bus_v_std": 2.1096, "car_acc": 2.2783, "car_dcc": 3.6434, "car_lcAssertive": 48.5966, "car_lcCooperative": 0.7983, "car_lcLookaheadLeft": 45.7806, "car_lcPushy": 0.4062, "car_lcSigma": 0.3006, "car_lcSpeedGainRight": 0.912, "car_lcSublane": 0.8271, "car_sigma": 0.5108, "car_tau_mean": 0.5914, "car_tau_std": 3.5465, "car_v_mean": 22.5054, "car_v_std": 14.6307}, "datetime": {"datetime": "2024-08-08 13:50:54", "elapsed": 3842.156294, "delta": 1.568286}}
{"target": -0.36782668040327493, "params": {"bus_acc": 1.5435, "bus_dcc": 2.9551, "bus_lcAssertive": 25.6091, "bus_lcCooperative": 0.4588, "bus_lcLookaheadLeft": 11.5903, "bus_lcPushy": 0.8353, "bus_lcSigma": 0.1495, "bus_lcSpeedGainRight": 4.0505, "bus_lcSublane": 0.054, "bus_sigma": 0.9405, "bus_tau_mean": 3.7896, "bus_tau_std": 0.84, "bus_v_mean": 16.5206, "bus_v_std": 15.2508, "car_acc": 4.2345, "car_dcc": 1.7109, "car_lcAssertive": 24.0336, "car_lcCooperative": 0.1134, "car_lcLookaheadLeft": 19.998, "car_lcPushy": 0.1453, "car_lcSigma": 0.8659, "car_lcSpeedGainRight": 0.7241, "car_lcSublane": 0.3375, "car_sigma": 0.243, "car_tau_mean": 2.3064, "car_tau_std": 7.3685, "car_v_mean": 13.2236, "car_v_std": 5.35}, "datetime": {"datetime": "2024-08-08 13:50:56", "elapsed": 3844.459762, "delta": 2.303468}}
{"target": -0.3770393289450671, "params": {"bus_acc": 3.6972, "bus_dcc": 2.9624, "bus_lcAssertive": 25.0355, "bus_lcCooperative": 0.42, "bus_lcLookaheadLeft": 99.5967, "bus_lcPushy": 0.7626, "bus_lcSigma": 0.7765, "bus_lcSpeedGainRight": 1.3008, "bus_lcSublane": 0.1872, "bus_sigma": 0.8911, "bus_tau_mean": 1.5749, "bus_tau_std": 1.587, "bus_v_mean": 8.9104, "bus_v_std": 13.2819, "car_acc": 1.8072, "car_dcc": 3.9423, "car_lcAssertive": 51.3027, "car_lcCooperative": 0.5847, "car_lcLookaheadLeft": 3.0345, "car_lcPushy": 0.1057, "car_lcSigma": 0.9729, "car_lcSpeedGainRight": 1.9244, "car_lcSublane": 0.0771, "car_sigma": 0.466, "car_tau_mean": 3.8723, "car_tau_std": 1.7383, "car_v_mean": 17.438, "car_v_std": 10.557}, "datetime": {"datetime": "2024-08-08 13:50:59", "elapsed": 3846.987602, "delta": 2.52784}}
{"target": -0.31770133414153645, "params": {"bus_acc": 1.2211, "bus_dcc": 2.975, "bus_lcAssertive": 24.587, "bus_lcCooperative": 0.9042, "bus_lcLookaheadLeft": 90.5415, "bus_lcPushy": 0.3958, "bus_lcSigma": 0.5392, "bus_lcSpeedGainRight": 2.977, "bus_lcSublane": 0.7156, "bus_sigma": 0.8767, "bus_tau_mean": 2.6102, "bus_tau_std": 9.8901, "bus_v_mean": 9.7504, "bus_v_std": 7.9106, "car_acc": 2.6073, "car_dcc": 1.2564, "car_lcAssertive": 96.9992, "car_lcCooperative": 0.6773, "car_lcLookaheadLeft": 4.1594, "car_lcPushy": 0.9972, "car_lcSigma": 0.9134, "car_lcSpeedGainRight": 0.5617, "car_lcSublane": 0.7891, "car_sigma": 0.9118, "car_tau_mean": 1.6095, "car_tau_std": 4.1792, "car_v_mean": 15.696, "car_v_std": 13.302}, "datetime": {"datetime": "2024-08-08 13:51:02", "elapsed": 3849.661855, "delta": 2.674253}}
{"target": -0.3132470180338689, "params": {"bus_acc": 3.0473, "bus_dcc": 3.6089, "bus_lcAssertive": 19.1533, "bus_lcCooperative": 0.4565, "bus_lcLookaheadLeft": 98.4693, "bus_lcPushy": 0.6719, "bus_lcSigma": 0.5353, "bus_lcSpeedGainRight": 4.887, "bus_lcSublane": 0.4067, "bus_sigma": 0.4169, "bus_tau_mean": 0.6524, "bus_tau_std": 7.9199, "bus_v_mean": 10.5924, "bus_v_std": 18.1296, "car_acc": 2.6956, "car_dcc": 2.9428, "car_lcAssertive": 7.7918, "car_lcCooperative": 0.1799, "car_lcLookaheadLeft": 77.0045, "car_lcPushy": 0.9044, "car_lcSigma": 0.4447, "car_lcSpeedGainRight": 2.9477, "car_lcSublane": 0.0105, "car_sigma": 0.4473, "car_tau_mean": 2.4752, "car_tau_std": 9.7727, "car_v_mean": 22.943, "car_v_std": 12.1716}, "datetime": {"datetime": "2024-08-08 13:51:04", "elapsed": 3851.544857, "delta": 1.883002}}
{"target": -0.3871570061868317, "params": {"bus_acc": 3.8377, "bus_dcc": 2.2787, "bus_lcAssertive": 61.6817, "bus_lcCooperative": 0.8965, "bus_lcLookaheadLeft": 79.3143, "bus_lcPushy": 0.8983, "bus_lcSigma": 0.8812, "bus_lcSpeedGainRight": 1.7015, "bus_lcSublane": 0.9953, "bus_sigma": 0.5279, "bus_tau_mean": 2.6668, "bus_tau_std": 9.5916, "bus_v_mean": 14.4745, "bus_v_std": 0.1777, "car_acc": 1.1766, "car_dcc": 3.5706, "car_lcAssertive": 96.8473, "car_lcCooperative": 0.2716, "car_lcLookaheadLeft": 40.4638, "car_lcPushy": 0.9041, "car_lcSigma": 0.1811, "car_lcSpeedGainRight": 1.509, "car_lcSublane": 0.6391, "car_sigma": 0.4609, "car_tau_mean": 2.9651, "car_tau_std": 7.1268, "car_v_mean": 21.6679, "car_v_std": 0.6586}, "datetime": {"datetime": "2024-08-08 13:51:05", "elapsed": 3853.022304, "delta": 1.477447}}
{"target": -0.3885662632573818, "params": {"bus_acc": 3.5844, "bus_dcc": 2.904, "bus_lcAssertive": 75.017, "bus_lcCooperative": 0.9384, "bus_lcLookaheadLeft": 49.0147, "bus_lcPushy": 0.0797, "bus_lcSigma": 0.7881, "bus_lcSpeedGainRight": 1.4482, "bus_lcSublane": 0.2294, "bus_sigma": 0.2958, "bus_tau_mean": 2.8972, "bus_tau_std": 7.2315, "bus_v_mean": 20.5877, "bus_v_std": 5.1719, "car_acc": 1.6469, "car_dcc": 2.3046, "car_lcAssertive": 99.0821, "car_lcCooperative": 0.4884, "car_lcLookaheadLeft": 50.6964, "car_lcPushy": 0.9219, "car_lcSigma": 0.5297, "car_lcSpeedGainRight": 3.9451, "car_lcSublane": 0.0513, "car_sigma": 0.1411, "car_tau_mean": 1.3254, "car_tau_std": 9.0696, "car_v_mean": 19.845, "car_v_std": 4.4771}, "datetime": {"datetime": "2024-08-08 13:51:07", "elapsed": 3854.538872, "delta": 1.516568}}
