{"target": -0.20949078628190768, "params": {"bus_acc": 1.315244803095373, "bus_dcc": 3.678666125575454, "bus_lcAssertive": 58.20786431316901, "bus_lcCooperative": 0.18401020162746506, "bus_lcLookaheadLeft": 79.21706491489942, "bus_lcPushy": 0.6120311770449339, "bus_lcSublane": 0.053909272073752956, "bus_max_v": 15.46251784001472, "bus_tau_mean": 2.197672091413574, "bus_tau_std": 13.779026669662887, "car_acc": 1.0008040497827149, "car_dcc": 4.907036596124239, "car_lcAssertive": 38.281451159831676, "car_lcCooperative": 0.9737835383583225, "car_lcLookaheadLeft": 61.2621778954572, "car_lcPushy": 0.828845807980693, "car_lcSublane": 0.5747115047081023, "car_max_v": 24.445752561069057, "car_tau_mean": 1.213940704239235, "car_tau_std": 8.802500109841244}, "datetime": {"datetime": "2024-08-03 11:13:35", "elapsed": 0.0, "delta": 0.0}}
{"target": -0.10202765116997625, "params": {"bus_acc": 1.326644901772096, "bus_dcc": 2.581174306772828, "bus_lcAssertive": 88.70826783176668, "bus_lcCooperative": 0.35726976000249977, "bus_lcLookaheadLeft": 91.03644479014032, "bus_lcPushy": 0.6233601157918027, "bus_lcSublane": 0.015821242846556283, "bus_max_v": 22.082684038668898, "bus_tau_mean": 2.22724229379231, "bus_tau_std": 14.959842756772208, "car_acc": 1.344681016690657, "car_dcc": 1.548542998515511, "car_lcAssertive": 93.32695084067919, "car_lcCooperative": 0.6968181614899002, "car_lcLookaheadLeft": 8.468016926762123, "car_lcPushy": 0.7554630526024664, "car_lcSublane": 0.7538761884612464, "car_max_v": 31.229564317569118, "car_tau_mean": 2.278811896571179, "car_tau_std": 1.8640644295824704}, "datetime": {"datetime": "2024-08-03 11:13:35", "elapsed": 0.25024, "delta": 0.25024}}
{"target": -0.2511827405148906, "params": {"bus_acc": 1.8666082741665129, "bus_dcc": 3.84941797406088, "bus_lcAssertive": 82.8142927653048, "bus_lcCooperative": 0.8541154438365387, "bus_lcLookaheadLeft": 11.676853378394139, "bus_lcPushy": 0.651304332340991, "bus_lcSublane": 0.703516988152653, "bus_max_v": 17.933130564406184, "bus_tau_mean": 2.49903815434007, "bus_tau_std": 0.5185682980745138, "car_acc": 2.54047746910996, "car_dcc": 3.926914402958108, "car_lcAssertive": 26.710140936536956, "car_lcCooperative": 0.2570692988221467, "car_lcLookaheadLeft": 63.965725108152526, "car_lcPushy": 0.34529746159108154, "car_lcSublane": 0.7965886780072875, "car_max_v": 20.26136333607952, "car_tau_mean": 2.4568735369604298, "car_tau_std": 14.85707675435761}, "datetime": {"datetime": "2024-08-03 11:13:36", "elapsed": 0.499204, "delta": 0.248964}}
{"target": -0.0884302929353274, "params": {"bus_acc": 1.8833060912058097, "bus_dcc": 2.8710166211668264, "bus_lcAssertive": 75.34330096870639, "bus_lcCooperative": 0.34889834197784253, "bus_lcLookaheadLeft": 28.452933392972554, "bus_lcPushy": 0.8958862181960668, "bus_lcSublane": 0.4280911898712949, "bus_max_v": 22.542920612929013, "bus_tau_mean": 2.15860374454612, "bus_tau_std": 9.325435803136827, "car_acc": 1.2294919459067504, "car_dcc": 4.7979570348282845, "car_lcAssertive": 45.541301214514114, "car_lcCooperative": 0.5783896143871318, "car_lcLookaheadLeft": 41.99740667060556, "car_lcPushy": 0.2370269802430277, "car_lcSublane": 0.9033795205622538, "car_max_v": 23.194628193462574, "car_tau_mean": 0.5071758175778974, "car_tau_std": 9.257173704310858}, "datetime": {"datetime": "2024-08-03 11:13:37", "elapsed": 1.417758, "delta": 0.918554}}
{"target": -0.05980469534261034, "params": {"bus_acc": 1.1761962555750554, "bus_dcc": 1.996190723100511, "bus_lcAssertive": 13.968687636280773, "bus_lcCooperative": 0.8094906921265821, "bus_lcLookaheadLeft": 35.78419196296276, "bus_lcPushy": 0.9401074823333672, "bus_lcSublane": 0.58201417994708, "bus_max_v": 21.424815797353972, "bus_tau_mean": 2.6118361134805546, "bus_tau_std": 13.580884780629738, "car_acc": 1.919760531633614, "car_dcc": 3.185387264081493, "car_lcAssertive": 80.0617555240519, "car_lcCooperative": 0.28571885173414757, "car_lcLookaheadLeft": 50.04484521675292, "car_lcPushy": 0.5991103076458784, "car_lcSublane": 0.015533275550835723, "car_max_v": 23.650072388522656, "car_tau_mean": 1.5841908724736458, "car_tau_std": 12.110407933272622}, "datetime": {"datetime": "2024-08-03 11:13:37", "elapsed": 1.74654, "delta": 0.328782}}
{"target": -0.27206761160772225, "params": {"bus_acc": 1.3002483395339, "bus_dcc": 1.429017484774298, "bus_lcAssertive": 90.2295351985781, "bus_lcCooperative": 0.5415593788873733, "bus_lcLookaheadLeft": 97.52455634379805, "bus_lcPushy": 0.6366044000018972, "bus_lcSublane": 0.9939130246104789, "bus_max_v": 17.09892045385837, "bus_tau_mean": 1.8160648347638033, "bus_tau_std": 2.0314185460825485, "car_acc": 1.7114103419677622, "car_dcc": 1.1048742691854931, "car_lcAssertive": 16.87912277244526, "car_lcCooperative": 0.7456371927074961, "car_lcLookaheadLeft": 4.9791696130213055, "car_lcPushy": 0.36654309724374434, "car_lcSublane": 0.8623462528380441, "car_max_v": 25.93158750266915, "car_tau_mean": 2.2273553551654213, "car_tau_std": 2.8295520143296633}, "datetime": {"datetime": "2024-08-03 11:13:39", "elapsed": 3.897167, "delta": 2.150627}}
{"target": -0.05503484126461917, "params": {"bus_acc": 1.9888610889064946, "bus_dcc": 3.244496963139518, "bus_lcAssertive": 28.763955214376114, "bus_lcCooperative": 0.7892793284514885, "bus_lcLookaheadLeft": 12.116148644608918, "bus_lcPushy": 0.44789352617590517, "bus_lcSublane": 0.9085955030930956, "bus_max_v": 13.816983928857834, "bus_tau_mean": 1.2194383464658718, "bus_tau_std": 1.9504285817741651, "car_acc": 1.0387339157405941, "car_dcc": 3.715342131759564, "car_lcAssertive": 21.951183484005846, "car_lcCooperative": 0.2655466593722262, "car_lcLookaheadLeft": 50.174169609473154, "car_lcPushy": 0.053362545117080384, "car_lcSublane": 0.5741176054920131, "car_max_v": 13.374757222833633, "car_tau_mean": 1.9732638422582105, "car_tau_std": 10.496375400313967}, "datetime": {"datetime": "2024-08-03 11:13:39", "elapsed": 4.122643, "delta": 0.225476}}
{"target": -0.06773162497219966, "params": {"bus_acc": 1.4170220047025741, "bus_dcc": 3.1609734803264744, "bus_lcAssertive": 1.0113231069171438, "bus_lcCooperative": 0.30233257263183977, "bus_lcLookaheadLeft": 16.38207730007708, "bus_lcPushy": 0.0923385947687978, "bus_lcSublane": 0.1862602113776709, "bus_max_v": 14.492289451559621, "bus_tau_mean": 1.4919186855766748, "bus_tau_std": 8.082251010050355, "car_acc": 1.8383890288065896, "car_dcc": 3.740878001587038, "car_lcAssertive": 21.240772723420225, "car_lcCooperative": 0.8781174363909454, "car_lcLookaheadLeft": 4.6839841333967644, "car_lcPushy": 0.6704675101784022, "car_lcSublane": 0.41730480236712697, "car_max_v": 22.84986605425229, "car_tau_mean": 0.8509673464880845, "car_tau_std": 2.971522336273182}, "datetime": {"datetime": "2024-08-03 11:13:40", "elapsed": 5.044446, "delta": 0.921803}}
{"target": -0.10505755876516477, "params": {"bus_acc": 1.5562402339904189, "bus_dcc": 1.409365676982055, "bus_lcAssertive": 6.931851261708954, "bus_lcCooperative": 0.12134345574073735, "bus_lcLookaheadLeft": 6.366084097386649, "bus_lcPushy": 0.1074941291060929, "bus_lcSublane": 0.2257093386078547, "bus_max_v": 19.268856744974798, "bus_tau_mean": 1.899292455135356, "bus_tau_std": 0.1883397023867378, "car_acc": 1.1439485593789736, "car_dcc": 4.869105320001088, "car_lcAssertive": 57.24194573007427, "car_lcCooperative": 0.20329323466099047, "car_lcLookaheadLeft": 26.727922967891693, "car_lcPushy": 0.7438258540750929, "car_lcSublane": 0.1954294811093188, "car_max_v": 23.371255327284928, "car_tau_mean": 2.925049972720781, "car_tau_std": 12.702432022350528}, "datetime": {"datetime": "2024-08-03 11:13:40", "elapsed": 5.205073, "delta": 0.160627}}
{"target": -0.15074208904975286, "params": {"bus_acc": 1.4158487182675272, "bus_dcc": 2.8500552014657083, "bus_lcAssertive": 24.132947784685754, "bus_lcCooperative": 0.10196725942579743, "bus_lcLookaheadLeft": 52.55398766291592, "bus_lcPushy": 0.47714098704978236, "bus_lcSublane": 0.15267164409316325, "bus_max_v": 18.083481012625402, "bus_tau_mean": 1.8600252970348454, "bus_tau_std": 9.812060204561165, "car_acc": 1.2890910802493196, "car_dcc": 4.006111268540975, "car_lcAssertive": 22.982864840192345, "car_lcCooperative": 0.519351824366033, "car_lcLookaheadLeft": 78.95901076571866, "car_lcPushy": 0.02233042799180618, "car_lcSublane": 0.3243624597261865, "car_max_v": 30.077214657202553, "car_tau_mean": 2.611774019005174, "car_tau_std": 8.076608888918155}, "datetime": {"datetime": "2024-08-03 11:13:41", "elapsed": 5.465404, "delta": 0.260331}}
