{"target": -0.3647433577517663, "params": {"bus_acc": 3.1374, "bus_dcc": 1.6934, "bus_lcAssertive": 58.1442, "bus_lcCooperative": 0.1934, "bus_lcLookaheadLeft": 95.2434, "bus_lcPushy": 0.3332, "bus_lcSigma": 0.0413, "bus_lcSpeedGainRight": 3.2596, "bus_lcSublane": 0.7331, "bus_sigma": 0.9765, "bus_tau_mean": 0.906, "bus_tau_std": 1.8875, "bus_v_mean": 10.1106, "bus_v_std": 15.3764, "car_acc": 4.82, "car_dcc": 3.3675, "car_lcAssertive": 20.42, "car_lcCooperative": 0.9928, "car_lcLookaheadLeft": 82.3992, "car_lcPushy": 0.0226, "car_lcSigma": 0.6526, "car_lcSpeedGainRight": 1.5442, "car_lcSublane": 0.2148, "car_sigma": 0.6398, "car_tau_mean": 1.0237, "car_tau_std": 7.7221, "car_v_mean": 8.7766, "car_v_std": 6.2218}, "datetime": {"datetime": "2024-08-08 13:40:27", "elapsed": 3215.326369, "delta": 4.233765}}
{"target": -0.34846718148410527, "params": {"bus_acc": 2.8115, "bus_dcc": 1.2066, "bus_lcAssertive": 66.9277, "bus_lcCooperative": 0.8597, "bus_lcLookaheadLeft": 12.0021, "bus_lcPushy": 0.7152, "bus_lcSigma": 0.546, "bus_lcSpeedGainRight": 4.4418, "bus_lcSublane": 0.4468, "bus_sigma": 0.1949, "bus_tau_mean": 2.6164, "bus_tau_std": 2.7072, "bus_v_mean": 8.9064, "bus_v_std": 9.1417, "car_acc": 2.4531, "car_dcc": 1.5492, "car_lcAssertive": 87.1079, "car_lcCooperative": 0.7054, "car_lcLookaheadLeft": 4.4872, "car_lcPushy": 0.869, "car_lcSigma": 0.9994, "car_lcSpeedGainRight": 4.3212, "car_lcSublane": 0.7347, "car_sigma": 0.8544, "car_tau_mean": 3.7148, "car_tau_std": 1.6547, "car_v_mean": 10.1309, "car_v_std": 16.2747}, "datetime": {"datetime": "2024-08-08 13:40:30", "elapsed": 3218.37514, "delta": 3.048771}}
{"target": -0.3605178071710007, "params": {"bus_acc": 2.3981, "bus_dcc": 3.3068, "bus_lcAssertive": 12.9861, "bus_lcCooperative": 0.2214, "bus_lcLookaheadLeft": 25.5103, "bus_lcPushy": 0.4667, "bus_lcSigma": 0.1974, "bus_lcSpeedGainRight": 3.9939, "bus_lcSublane": 0.8406, "bus_sigma": 0.8059, "bus_tau_mean": 1.583, "bus_tau_std": 5.4759, "bus_v_mean": 8.8835, "bus_v_std": 16.1857, "car_acc": 1.8654, "car_dcc": 1.9949, "car_lcAssertive": 53.9577, "car_lcCooperative": 0.8454, "car_lcLookaheadLeft": 87.9848, "car_lcPushy": 0.1294, "car_lcSigma": 0.0596, "car_lcSpeedGainRight": 1.6239, "car_lcSublane": 0.3243, "car_sigma": 0.8103, "car_tau_mean": 3.6684, "car_tau_std": 6.5795, "car_v_mean": 23.2385, "car_v_std": 19.9294}, "datetime": {"datetime": "2024-08-08 13:40:32", "elapsed": 3219.564495, "delta": 1.189355}}
{"target": -0.33130720363115884, "params": {"bus_acc": 2.1238, "bus_dcc": 1.7309, "bus_lcAssertive": 87.215, "bus_lcCooperative": 0.395, "bus_lcLookaheadLeft": 22.0822, "bus_lcPushy": 0.8149, "bus_lcSigma": 0.6759, "bus_lcSpeedGainRight": 4.807, "bus_lcSublane": 0.0235, "bus_sigma": 0.4278, "bus_tau_mean": 2.5914, "bus_tau_std": 0.0422, "bus_v_mean": 14.0815, "bus_v_std": 4.5573, "car_acc": 3.0018, "car_dcc": 2.0474, "car_lcAssertive": 69.8633, "car_lcCooperative": 0.2338, "car_lcLookaheadLeft": 97.0995, "car_lcPushy": 0.0301, "car_lcSigma": 0.5119, "car_lcSpeedGainRight": 2.5471, "car_lcSublane": 0.4683, "car_sigma": 0.0171, "car_tau_mean": 3.5, "car_tau_std": 4.4097, "car_v_mean": 12.6138, "car_v_std": 15.6185}, "datetime": {"datetime": "2024-08-08 13:40:40", "elapsed": 3227.853213, "delta": 8.288718}}
{"target": -0.3522090723930176, "params": {"bus_acc": 2.4169, "bus_dcc": 2.9856, "bus_lcAssertive": 23.8554, "bus_lcCooperative": 0.8626, "bus_lcLookaheadLeft": 65.6698, "bus_lcPushy": 0.704, "bus_lcSigma": 0.1973, "bus_lcSpeedGainRight": 1.2563, "bus_lcSublane": 0.8675, "bus_sigma": 0.8866, "bus_tau_mean": 3.8093, "bus_tau_std": 7.3556, "bus_v_mean": 21.5186, "bus_v_std": 6.2475, "car_acc": 4.4766, "car_dcc": 1.6996, "car_lcAssertive": 45.1111, "car_lcCooperative": 0.3305, "car_lcLookaheadLeft": 49.0796, "car_lcPushy": 0.3533, "car_lcSigma": 0.8237, "car_lcSpeedGainRight": 3.6043, "car_lcSublane": 0.3531, "car_sigma": 0.4359, "car_tau_mean": 3.3208, "car_tau_std": 7.6501, "car_v_mean": 15.2291, "car_v_std": 11.6285}, "datetime": {"datetime": "2024-08-08 13:40:42", "elapsed": 3229.568913, "delta": 1.7157}}
{"target": -0.33480192707208867, "params": {"bus_acc": 3.4344, "bus_dcc": 2.42, "bus_lcAssertive": 77.7439, "bus_lcCooperative": 0.4803, "bus_lcLookaheadLeft": 91.7607, "bus_lcPushy": 0.6541, "bus_lcSigma": 0.6932, "bus_lcSpeedGainRight": 3.4587, "bus_lcSublane": 0.1286, "bus_sigma": 0.7706, "bus_tau_mean": 0.9632, "bus_tau_std": 3.4855, "bus_v_mean": 14.9183, "bus_v_std": 6.1619, "car_acc": 4.13, "car_dcc": 2.8972, "car_lcAssertive": 47.8539, "car_lcCooperative": 0.8569, "car_lcLookaheadLeft": 71.6877, "car_lcPushy": 0.3681, "car_lcSigma": 0.5361, "car_lcSpeedGainRight": 3.2918, "car_lcSublane": 0.0584, "car_sigma": 0.4934, "car_tau_mean": 3.2273, "car_tau_std": 0.4174, "car_v_mean": 11.8862, "car_v_std": 16.9208}, "datetime": {"datetime": "2024-08-08 13:40:47", "elapsed": 3235.400116, "delta": 5.831203}}
{"target": -0.36183712117910893, "params": {"bus_acc": 2.3249, "bus_dcc": 3.3452, "bus_lcAssertive": 82.3784, "bus_lcCooperative": 0.7293, "bus_lcLookaheadLeft": 13.5001, "bus_lcPushy": 0.5569, "bus_lcSigma": 0.0685, "bus_lcSpeedGainRight": 2.881, "bus_lcSublane": 0.5689, "bus_sigma": 0.4559, "bus_tau_mean": 3.3398, "bus_tau_std": 7.4532, "bus_v_mean": 12.8143, "bus_v_std": 16.4198, "car_acc": 1.6594, "car_dcc": 2.4343, "car_lcAssertive": 93.8589, "car_lcCooperative": 0.373, "car_lcLookaheadLeft": 66.7854, "car_lcPushy": 0.7399, "car_lcSigma": 0.0306, "car_lcSpeedGainRight": 1.6531, "car_lcSublane": 0.7357, "car_sigma": 0.66, "car_tau_mean": 3.6394, "car_tau_std": 1.1767, "car_v_mean": 17.5233, "car_v_std": 5.4729}, "datetime": {"datetime": "2024-08-08 13:40:51", "elapsed": 3239.074061, "delta": 3.673945}}
{"target": -0.30945668672983984, "params": {"bus_acc": 4.3108, "bus_dcc": 3.0845, "bus_lcAssertive": 36.0321, "bus_lcCooperative": 0.2633, "bus_lcLookaheadLeft": 49.8122, "bus_lcPushy": 0.0817, "bus_lcSigma": 0.3286, "bus_lcSpeedGainRight": 3.5967, "bus_lcSublane": 0.5333, "bus_sigma": 0.6035, "bus_tau_mean": 2.7344, "bus_tau_std": 8.0114, "bus_v_mean": 13.5521, "bus_v_std": 9.5252, "car_acc": 4.773, "car_dcc": 2.5464, "car_lcAssertive": 63.0441, "car_lcCooperative": 0.9892, "car_lcLookaheadLeft": 37.6576, "car_lcPushy": 0.3037, "car_lcSigma": 0.6582, "car_lcSpeedGainRight": 1.543, "car_lcSublane": 0.593, "car_sigma": 0.6537, "car_tau_mean": 2.4785, "car_tau_std": 0.4891, "car_v_mean": 23.5676, "car_v_std": 15.6386}, "datetime": {"datetime": "2024-08-08 13:41:01", "elapsed": 3249.435644, "delta": 10.361583}}
{"target": -0.3324623710850698, "params": {"bus_acc": 4.554, "bus_dcc": 3.932, "bus_lcAssertive": 40.8555, "bus_lcCooperative": 0.9183, "bus_lcLookaheadLeft": 13.106, "bus_lcPushy": 0.1766, "bus_lcSigma": 0.8298, "bus_lcSpeedGainRight": 3.7978, "bus_lcSublane": 0.4442, "bus_sigma": 0.5563, "bus_tau_mean": 2.3286, "bus_tau_std": 1.2323, "bus_v_mean": 11.9025, "bus_v_std": 5.2966, "car_acc": 2.7259, "car_dcc": 1.464, "car_lcAssertive": 21.6964, "car_lcCooperative": 0.369, "car_lcLookaheadLeft": 24.0768, "car_lcPushy": 0.0743, "car_lcSigma": 0.3224, "car_lcSpeedGainRight": 3.2265, "car_lcSublane": 0.3776, "car_sigma": 0.9315, "car_tau_mean": 3.5451, "car_tau_std": 1.0676, "car_v_mean": 14.3588, "car_v_std": 8.1236}, "datetime": {"datetime": "2024-08-08 13:41:03", "elapsed": 3251.148809, "delta": 1.713165}}
{"target": -0.34798504111162953, "params": {"bus_acc": 1.6466, "bus_dcc": 3.9513, "bus_lcAssertive": 6.798, "bus_lcCooperative": 0.1087, "bus_lcLookaheadLeft": 70.9184, "bus_lcPushy": 0.1093, "bus_lcSigma": 0.4737, "bus_lcSpeedGainRight": 0.3199, "bus_lcSublane": 0.5444, "bus_sigma": 0.3283, "bus_tau_mean": 2.0645, "bus_tau_std": 4.9759, "bus_v_mean": 17.1308, "bus_v_std": 6.931, "car_acc": 2.5919, "car_dcc": 2.0165, "car_lcAssertive": 54.4942, "car_lcCooperative": 0.6767, "car_lcLookaheadLeft": 97.3986, "car_lcPushy": 0.9451, "car_lcSigma": 0.7718, "car_lcSpeedGainRight": 4.7936, "car_lcSublane": 0.049, "car_sigma": 0.9345, "car_tau_mean": 0.577, "car_tau_std": 6.8639, "car_v_mean": 21.9624, "car_v_std": 9.7512}, "datetime": {"datetime": "2024-08-08 13:41:06", "elapsed": 3254.276201, "delta": 3.127392}}
{"target": -0.35796211694692803, "params": {"bus_acc": 2.4897, "bus_dcc": 1.21, "bus_lcAssertive": 87.7221, "bus_lcCooperative": 0.3138, "bus_lcLookaheadLeft": 33.7026, "bus_lcPushy": 0.232, "bus_lcSigma": 0.5337, "bus_lcSpeedGainRight": 3.9329, "bus_lcSublane": 0.5555, "bus_sigma": 0.933, "bus_tau_mean": 2.293, "bus_tau_std": 1.5714, "bus_v_mean": 15.5727, "bus_v_std": 9.8997, "car_acc": 2.4077, "car_dcc": 2.6634, "car_lcAssertive": 11.4128, "car_lcCooperative": 0.4112, "car_lcLookaheadLeft": 71.2158, "car_lcPushy": 0.1844, "car_lcSigma": 0.9905, "car_lcSpeedGainRight": 2.4707, "car_lcSublane": 0.0109, "car_sigma": 0.5682, "car_tau_mean": 2.7048, "car_tau_std": 0.5386, "car_v_mean": 13.3758, "car_v_std": 8.3456}, "datetime": {"datetime": "2024-08-08 13:41:09", "elapsed": 3257.047687, "delta": 2.771486}}
{"target": -0.3389352107587561, "params": {"bus_acc": 2.4926, "bus_dcc": 2.9157, "bus_lcAssertive": 7.2053, "bus_lcCooperative": 0.2344, "bus_lcLookaheadLeft": 28.1866, "bus_lcPushy": 0.1513, "bus_lcSigma": 0.3412, "bus_lcSpeedGainRight": 3.8395, "bus_lcSublane": 0.6397, "bus_sigma": 0.4015, "bus_tau_mean": 0.5826, "bus_tau_std": 1.0942, "bus_v_mean": 10.0141, "bus_v_std": 6.6684, "car_acc": 2.3291, "car_dcc": 1.5262, "car_lcAssertive": 22.1356, "car_lcCooperative": 0.2994, "car_lcLookaheadLeft": 94.4888, "car_lcPushy": 0.1119, "car_lcSigma": 0.4451, "car_lcSpeedGainRight": 4.7892, "car_lcSublane": 0.8077, "car_sigma": 0.3469, "car_tau_mean": 3.411, "car_tau_std": 4.0895, "car_v_mean": 18.6281, "car_v_std": 5.6101}, "datetime": {"datetime": "2024-08-08 13:41:12", "elapsed": 3259.658167, "delta": 2.61048}}
{"target": -0.3325673866532046, "params": {"bus_acc": 2.9977, "bus_dcc": 2.3385, "bus_lcAssertive": 20.1391, "bus_lcCooperative": 0.5413, "bus_lcLookaheadLeft": 17.6681, "bus_lcPushy": 0.3898, "bus_lcSigma": 0.2644, "bus_lcSpeedGainRight": 2.5267, "bus_lcSublane": 0.1082, "bus_sigma": 0.6809, "bus_tau_mean": 3.8773, "bus_tau_std": 8.8787, "bus_v_mean": 9.3744, "bus_v_std": 3.0899, "car_acc": 4.3652, "car_dcc": 2.4614, "car_lcAssertive": 51.9357, "car_lcCooperative": 0.4124, "car_lcLookaheadLeft": 16.9057, "car_lcPushy": 0.306, "car_lcSigma": 0.4037, "car_lcSpeedGainRight": 4.8605, "car_lcSublane": 0.0318, "car_sigma": 0.3799, "car_tau_mean": 2.4274, "car_tau_std": 6.3001, "car_v_mean": 20.2377, "car_v_std": 18.5173}, "datetime": {"datetime": "2024-08-08 13:41:18", "elapsed": 3265.784195, "delta": 6.126028}}
{"target": -0.43206887755647194, "params": {"bus_acc": 4.3214, "bus_dcc": 3.8318, "bus_lcAssertive": 86.825, "bus_lcCooperative": 0.2718, "bus_lcLookaheadLeft": 41.3082, "bus_lcPushy": 0.6319, "bus_lcSigma": 0.5912, "bus_lcSpeedGainRight": 4.0663, "bus_lcSublane": 0.4575, "bus_sigma": 0.081, "bus_tau_mean": 1.9575, "bus_tau_std": 7.0441, "bus_v_mean": 13.2211, "bus_v_std": 17.8309, "car_acc": 1.0478, "car_dcc": 2.8535, "car_lcAssertive": 2.4098, "car_lcCooperative": 0.045, "car_lcLookaheadLeft": 36.1949, "car_lcPushy": 0.4403, "car_lcSigma": 0.1936, "car_lcSpeedGainRight": 0.2848, "car_lcSublane": 0.6831, "car_sigma": 0.3568, "car_tau_mean": 3.6129, "car_tau_std": 7.3311, "car_v_mean": 15.9501, "car_v_std": 8.4742}, "datetime": {"datetime": "2024-08-08 13:41:21", "elapsed": 3269.21824, "delta": 3.434045}}
{"target": -0.3128075411558373, "params": {"bus_acc": 2.8921, "bus_dcc": 1.1473, "bus_lcAssertive": 24.3659, "bus_lcCooperative": 0.2243, "bus_lcLookaheadLeft": 51.9872, "bus_lcPushy": 0.1972, "bus_lcSigma": 0.9206, "bus_lcSpeedGainRight": 4.8578, "bus_lcSublane": 0.771, "bus_sigma": 0.5734, "bus_tau_mean": 1.9876, "bus_tau_std": 3.2419, "bus_v_mean": 12.736, "bus_v_std": 8.8194, "car_acc": 1.5789, "car_dcc": 3.6298, "car_lcAssertive": 78.3441, "car_lcCooperative": 0.4685, "car_lcLookaheadLeft": 48.0079, "car_lcPushy": 0.4572, "car_lcSigma": 0.1282, "car_lcSpeedGainRight": 0.7976, "car_lcSublane": 0.9744, "car_sigma": 0.9235, "car_tau_mean": 3.8854, "car_tau_std": 6.0771, "car_v_mean": 10.337, "car_v_std": 3.2156}, "datetime": {"datetime": "2024-08-08 13:41:23", "elapsed": 3271.103697, "delta": 1.885457}}
{"target": -0.38985741913086386, "params": {"bus_acc": 1.9871, "bus_dcc": 3.8912, "bus_lcAssertive": 8.8657, "bus_lcCooperative": 0.2107, "bus_lcLookaheadLeft": 6.754, "bus_lcPushy": 0.3456, "bus_lcSigma": 0.2612, "bus_lcSpeedGainRight": 3.5311, "bus_lcSublane": 0.8439, "bus_sigma": 0.8126, "bus_tau_mean": 0.9971, "bus_tau_std": 3.8744, "bus_v_mean": 12.5835, "bus_v_std": 5.408, "car_acc": 4.3543, "car_dcc": 1.1143, "car_lcAssertive": 80.1897, "car_lcCooperative": 0.7047, "car_lcLookaheadLeft": 26.4628, "car_lcPushy": 0.7535, "car_lcSigma": 0.9786, "car_lcSpeedGainRight": 2.5393, "car_lcSublane": 0.4417, "car_sigma": 0.4902, "car_tau_mean": 3.1872, "car_tau_std": 7.0772, "car_v_mean": 23.3922, "car_v_std": 1.2067}, "datetime": {"datetime": "2024-08-08 13:41:24", "elapsed": 3272.185015, "delta": 1.081318}}
{"target": -0.36490732234266354, "params": {"bus_acc": 3.9509, "bus_dcc": 2.821, "bus_lcAssertive": 11.151, "bus_lcCooperative": 0.0926, "bus_lcLookaheadLeft": 96.6072, "bus_lcPushy": 0.8646, "bus_lcSigma": 0.0171, "bus_lcSpeedGainRight": 2.2657, "bus_lcSublane": 0.437, "bus_sigma": 0.2699, "bus_tau_mean": 0.7178, "bus_tau_std": 6.1214, "bus_v_mean": 14.2405, "bus_v_std": 8.825, "car_acc": 3.4716, "car_dcc": 3.9957, "car_lcAssertive": 40.4314, "car_lcCooperative": 0.7934, "car_lcLookaheadLeft": 85.2022, "car_lcPushy": 0.6382, "car_lcSigma": 0.3037, "car_lcSpeedGainRight": 1.7576, "car_lcSublane": 0.3481, "car_sigma": 0.4624, "car_tau_mean": 0.5219, "car_tau_std": 6.6953, "car_v_mean": 11.6555, "car_v_std": 19.0604}, "datetime": {"datetime": "2024-08-08 13:41:25", "elapsed": 3273.489437, "delta": 1.304422}}
{"target": -0.28630945161139626, "params": {"bus_acc": 3.434, "bus_dcc": 2.8474, "bus_lcAssertive": 55.0534, "bus_lcCooperative": 0.936, "bus_lcLookaheadLeft": 92.7357, "bus_lcPushy": 0.4456, "bus_lcSigma": 0.4933, "bus_lcSpeedGainRight": 2.268, "bus_lcSublane": 0.685, "bus_sigma": 0.5916, "bus_tau_mean": 3.6595, "bus_tau_std": 5.5861, "bus_v_mean": 10.9543, "bus_v_std": 6.7378, "car_acc": 4.4218, "car_dcc": 1.4544, "car_lcAssertive": 14.2937, "car_lcCooperative": 0.5632, "car_lcLookaheadLeft": 74.5892, "car_lcPushy": 0.5267, "car_lcSigma": 0.9947, "car_lcSpeedGainRight": 0.0255, "car_lcSublane": 0.7908, "car_sigma": 0.2096, "car_tau_mean": 3.1106, "car_tau_std": 7.5512, "car_v_mean": 17.7443, "car_v_std": 5.5546}, "datetime": {"datetime": "2024-08-08 13:41:28", "elapsed": 3275.81437, "delta": 2.324933}}
{"target": -0.37239216305198874, "params": {"bus_acc": 2.271, "bus_dcc": 3.919, "bus_lcAssertive": 58.7065, "bus_lcCooperative": 0.9871, "bus_lcLookaheadLeft": 88.5375, "bus_lcPushy": 0.716, "bus_lcSigma": 0.3971, "bus_lcSpeedGainRight": 4.734, "bus_lcSublane": 0.4639, "bus_sigma": 0.2997, "bus_tau_mean": 2.8212, "bus_tau_std": 4.0049, "bus_v_mean": 22.8172, "bus_v_std": 11.2735, "car_acc": 2.5609, "car_dcc": 2.5558, "car_lcAssertive": 15.8753, "car_lcCooperative": 0.0313, "car_lcLookaheadLeft": 54.1572, "car_lcPushy": 0.7618, "car_lcSigma": 0.7986, "car_lcSpeedGainRight": 4.852, "car_lcSublane": 0.8607, "car_sigma": 0.3331, "car_tau_mean": 3.9016, "car_tau_std": 7.0053, "car_v_mean": 16.3484, "car_v_std": 14.6283}, "datetime": {"datetime": "2024-08-08 13:41:31", "elapsed": 3279.272141, "delta": 3.457771}}
{"target": -0.35102287227342777, "params": {"bus_acc": 3.1806, "bus_dcc": 2.5668, "bus_lcAssertive": 69.8475, "bus_lcCooperative": 0.5321, "bus_lcLookaheadLeft": 4.3051, "bus_lcPushy": 0.0741, "bus_lcSigma": 0.6907, "bus_lcSpeedGainRight": 3.3363, "bus_lcSublane": 0.7235, "bus_sigma": 0.7596, "bus_tau_mean": 1.7939, "bus_tau_std": 7.5812, "bus_v_mean": 14.0751, "bus_v_std": 8.1035, "car_acc": 2.4551, "car_dcc": 1.7142, "car_lcAssertive": 31.1666, "car_lcCooperative": 0.7722, "car_lcLookaheadLeft": 12.9365, "car_lcPushy": 0.4592, "car_lcSigma": 0.2028, "car_lcSpeedGainRight": 4.1207, "car_lcSublane": 0.881, "car_sigma": 0.192, "car_tau_mean": 3.5741, "car_tau_std": 4.0691, "car_v_mean": 20.3576, "car_v_std": 19.1535}, "datetime": {"datetime": "2024-08-08 13:41:32", "elapsed": 3280.505754, "delta": 1.233613}}
{"target": -0.32948471202872354, "params": {"bus_acc": 4.7564, "bus_dcc": 3.7411, "bus_lcAssertive": 36.9444, "bus_lcCooperative": 0.8583, "bus_lcLookaheadLeft": 9.312, "bus_lcPushy": 0.8452, "bus_lcSigma": 0.6128, "bus_lcSpeedGainRight": 3.5226, "bus_lcSublane": 0.591, "bus_sigma": 0.0565, "bus_tau_mean": 0.6501, "bus_tau_std": 6.6501, "bus_v_mean": 12.8863, "bus_v_std": 8.3319, "car_acc": 2.6765, "car_dcc": 2.4225, "car_lcAssertive": 26.5067, "car_lcCooperative": 0.5696, "car_lcLookaheadLeft": 63.4582, "car_lcPushy": 0.9027, "car_lcSigma": 0.0924, "car_lcSpeedGainRight": 0.2484, "car_lcSublane": 0.7856, "car_sigma": 0.4438, "car_tau_mean": 3.6109, "car_tau_std": 3.401, "car_v_mean": 8.3623, "car_v_std": 16.5312}, "datetime": {"datetime": "2024-08-08 13:41:43", "elapsed": 3290.94244, "delta": 10.436686}}
{"target": -0.3531117081780131, "params": {"bus_acc": 3.9819, "bus_dcc": 2.8583, "bus_lcAssertive": 41.6104, "bus_lcCooperative": 0.4735, "bus_lcLookaheadLeft": 11.3521, "bus_lcPushy": 0.1605, "bus_lcSigma": 0.1716, "bus_lcSpeedGainRight": 1.7581, "bus_lcSublane": 0.0074, "bus_sigma": 0.632, "bus_tau_mean": 3.2523, "bus_tau_std": 1.476, "bus_v_mean": 12.2467, "bus_v_std": 13.851, "car_acc": 1.573, "car_dcc": 1.5669, "car_lcAssertive": 70.8126, "car_lcCooperative": 0.5777, "car_lcLookaheadLeft": 8.8363, "car_lcPushy": 0.1291, "car_lcSigma": 0.5042, "car_lcSpeedGainRight": 1.0849, "car_lcSublane": 0.2618, "car_sigma": 0.7594, "car_tau_mean": 2.4536, "car_tau_std": 3.4313, "car_v_mean": 21.4823, "car_v_std": 3.62}, "datetime": {"datetime": "2024-08-08 13:41:45", "elapsed": 3292.743244, "delta": 1.800804}}
{"target": -0.35795334487894825, "params": {"bus_acc": 1.5428, "bus_dcc": 2.4679, "bus_lcAssertive": 81.891, "bus_lcCooperative": 0.4039, "bus_lcLookaheadLeft": 78.8021, "bus_lcPushy": 0.0725, "bus_lcSigma": 0.3338, "bus_lcSpeedGainRight": 1.9353, "bus_lcSublane": 0.5116, "bus_sigma": 0.3314, "bus_tau_mean": 2.2492, "bus_tau_std": 9.625, "bus_v_mean": 16.406, "bus_v_std": 9.1958, "car_acc": 1.9021, "car_dcc": 1.477, "car_lcAssertive": 67.7661, "car_lcCooperative": 0.5634, "car_lcLookaheadLeft": 15.7988, "car_lcPushy": 0.6752, "car_lcSigma": 0.4485, "car_lcSpeedGainRight": 1.2816, "car_lcSublane": 0.8414, "car_sigma": 0.8118, "car_tau_mean": 1.7083, "car_tau_std": 9.352, "car_v_mean": 14.618, "car_v_std": 16.142}, "datetime": {"datetime": "2024-08-08 13:41:47", "elapsed": 3294.7251, "delta": 1.981856}}
{"target": -0.35199277651395067, "params": {"bus_acc": 2.4757, "bus_dcc": 3.4211, "bus_lcAssertive": 4.5038, "bus_lcCooperative": 0.4737, "bus_lcLookaheadLeft": 61.4419, "bus_lcPushy": 0.2755, "bus_lcSigma": 0.507, "bus_lcSpeedGainRight": 3.4505, "bus_lcSublane": 0.7913, "bus_sigma": 0.8012, "bus_tau_mean": 2.612, "bus_tau_std": 4.7938, "bus_v_mean": 18.8249, "bus_v_std": 15.1569, "car_acc": 4.8776, "car_dcc": 3.4202, "car_lcAssertive": 80.9804, "car_lcCooperative": 0.1366, "car_lcLookaheadLeft": 24.1165, "car_lcPushy": 0.5987, "car_lcSigma": 0.8264, "car_lcSpeedGainRight": 2.1449, "car_lcSublane": 0.3028, "car_sigma": 0.2432, "car_tau_mean": 2.2596, "car_tau_std": 6.6657, "car_v_mean": 14.67, "car_v_std": 3.8927}, "datetime": {"datetime": "2024-08-08 13:41:51", "elapsed": 3298.938916, "delta": 4.213816}}
{"target": -0.3518714330427475, "params": {"bus_acc": 4.4977, "bus_dcc": 2.3082, "bus_lcAssertive": 18.9472, "bus_lcCooperative": 0.0152, "bus_lcLookaheadLeft": 70.4566, "bus_lcPushy": 0.951, "bus_lcSigma": 0.4788, "bus_lcSpeedGainRight": 2.7104, "bus_lcSublane": 0.4102, "bus_sigma": 0.125, "bus_tau_mean": 2.8824, "bus_tau_std": 6.805, "bus_v_mean": 22.6572, "bus_v_std": 4.2264, "car_acc": 4.495, "car_dcc": 1.2524, "car_lcAssertive": 30.2778, "car_lcCooperative": 0.0449, "car_lcLookaheadLeft": 17.421, "car_lcPushy": 0.6289, "car_lcSigma": 0.2476, "car_lcSpeedGainRight": 3.5242, "car_lcSublane": 0.5695, "car_sigma": 0.203, "car_tau_mean": 2.7577, "car_tau_std": 6.9744, "car_v_mean": 13.2056, "car_v_std": 11.131}, "datetime": {"datetime": "2024-08-08 13:41:55", "elapsed": 3303.230488, "delta": 4.291572}}
{"target": -0.38329795036712944, "params": {"bus_acc": 1.4246, "bus_dcc": 3.5277, "bus_lcAssertive": 56.2518, "bus_lcCooperative": 0.1933, "bus_lcLookaheadLeft": 61.6323, "bus_lcPushy": 0.8468, "bus_lcSigma": 0.2306, "bus_lcSpeedGainRight": 0.7558, "bus_lcSublane": 0.5754, "bus_sigma": 0.2742, "bus_tau_mean": 0.9552, "bus_tau_std": 1.914, "bus_v_mean": 17.3556, "bus_v_std": 2.9726, "car_acc": 3.95, "car_dcc": 2.9927, "car_lcAssertive": 73.9662, "car_lcCooperative": 0.411, "car_lcLookaheadLeft": 32.2331, "car_lcPushy": 0.4936, "car_lcSigma": 0.9687, "car_lcSpeedGainRight": 3.8773, "car_lcSublane": 0.9808, "car_sigma": 0.4655, "car_tau_mean": 3.5247, "car_tau_std": 5.332, "car_v_mean": 15.1217, "car_v_std": 9.4269}, "datetime": {"datetime": "2024-08-08 13:41:57", "elapsed": 3305.222882, "delta": 1.992394}}
