{"target": -0.3487512800380555, "params": {"bus_acc": 2.4572, "bus_dcc": 3.249, "bus_lcAssertive": 81.969, "bus_lcCooperative": 0.0338, "bus_lcLookaheadLeft": 89.1422, "bus_lcPushy": 0.5688, "bus_lcSigma": 0.6869, "bus_lcSpeedGainRight": 2.162, "bus_lcSublane": 0.1469, "bus_sigma": 0.0358, "bus_tau_mean": 2.9223, "bus_tau_std": 5.2448, "bus_v_mean": 9.0388, "bus_v_std": 13.539, "car_acc": 4.45, "car_dcc": 1.7085, "car_lcAssertive": 64.0596, "car_lcCooperative": 0.1109, "car_lcLookaheadLeft": 98.9791, "car_lcPushy": 0.4376, "car_lcSigma": 0.1756, "car_lcSpeedGainRight": 2.0599, "car_lcSublane": 0.0731, "car_sigma": 0.7232, "car_tau_mean": 0.5231, "car_tau_std": 9.6606, "car_v_mean": 16.6048, "car_v_std": 10.2244}, "datetime": {"datetime": "2024-08-08 13:48:10", "elapsed": 3677.520108, "delta": 1.451489}}
{"target": -0.3812568528463795, "params": {"bus_acc": 2.9704, "bus_dcc": 2.1922, "bus_lcAssertive": 5.9485, "bus_lcCooperative": 0.9191, "bus_lcLookaheadLeft": 31.2241, "bus_lcPushy": 0.9326, "bus_lcSigma": 0.1423, "bus_lcSpeedGainRight": 3.0035, "bus_lcSublane": 0.1975, "bus_sigma": 0.7545, "bus_tau_mean": 2.5561, "bus_tau_std": 0.9003, "bus_v_mean": 10.7405, "bus_v_std": 13.8596, "car_acc": 1.4793, "car_dcc": 2.7369, "car_lcAssertive": 20.5606, "car_lcCooperative": 0.4434, "car_lcLookaheadLeft": 44.5554, "car_lcPushy": 0.5644, "car_lcSigma": 0.8905, "car_lcSpeedGainRight": 0.3836, "car_lcSublane": 0.852, "car_sigma": 0.6142, "car_tau_mean": 1.4275, "car_tau_std": 7.0106, "car_v_mean": 18.4978, "car_v_std": 15.6505}, "datetime": {"datetime": "2024-08-08 13:48:12", "elapsed": 3679.862152, "delta": 2.342044}}
{"target": -0.3300013570116933, "params": {"bus_acc": 3.7814, "bus_dcc": 3.0711, "bus_lcAssertive": 83.1607, "bus_lcCooperative": 0.1216, "bus_lcLookaheadLeft": 97.0828, "bus_lcPushy": 0.9388, "bus_lcSigma": 0.6871, "bus_lcSpeedGainRight": 3.871, "bus_lcSublane": 0.7942, "bus_sigma": 0.3102, "bus_tau_mean": 3.5011, "bus_tau_std": 9.1013, "bus_v_mean": 13.4724, "bus_v_std": 18.3192, "car_acc": 3.0751, "car_dcc": 2.9562, "car_lcAssertive": 6.8215, "car_lcCooperative": 0.2654, "car_lcLookaheadLeft": 47.6135, "car_lcPushy": 0.3208, "car_lcSigma": 0.3763, "car_lcSpeedGainRight": 0.506, "car_lcSublane": 0.6766, "car_sigma": 0.1142, "car_tau_mean": 3.9654, "car_tau_std": 5.4273, "car_v_mean": 23.2303, "car_v_std": 10.7181}, "datetime": {"datetime": "2024-08-08 13:48:15", "elapsed": 3682.595605, "delta": 2.733453}}
{"target": -0.317893394580791, "params": {"bus_acc": 1.8384, "bus_dcc": 1.3975, "bus_lcAssertive": 72.2236, "bus_lcCooperative": 0.5159, "bus_lcLookaheadLeft": 90.588, "bus_lcPushy": 0.4164, "bus_lcSigma": 0.3292, "bus_lcSpeedGainRight": 4.2319, "bus_lcSublane": 0.9534, "bus_sigma": 0.8225, "bus_tau_mean": 3.1118, "bus_tau_std": 3.0585, "bus_v_mean": 8.073, "bus_v_std": 15.6993, "car_acc": 3.2157, "car_dcc": 2.8339, "car_lcAssertive": 24.6224, "car_lcCooperative": 0.2345, "car_lcLookaheadLeft": 74.023, "car_lcPushy": 0.1697, "car_lcSigma": 0.8836, "car_lcSpeedGainRight": 2.2264, "car_lcSublane": 0.5849, "car_sigma": 0.281, "car_tau_mean": 2.051, "car_tau_std": 4.5902, "car_v_mean": 12.2938, "car_v_std": 7.5749}, "datetime": {"datetime": "2024-08-08 13:48:17", "elapsed": 3685.470348, "delta": 2.874743}}
{"target": -0.36596270578268775, "params": {"bus_acc": 3.3449, "bus_dcc": 1.4046, "bus_lcAssertive": 45.4645, "bus_lcCooperative": 0.7882, "bus_lcLookaheadLeft": 98.2638, "bus_lcPushy": 0.5776, "bus_lcSigma": 0.3982, "bus_lcSpeedGainRight": 0.3151, "bus_lcSublane": 0.7939, "bus_sigma": 0.6412, "bus_tau_mean": 0.8979, "bus_tau_std": 0.1384, "bus_v_mean": 14.7429, "bus_v_std": 0.3173, "car_acc": 2.1821, "car_dcc": 1.5181, "car_lcAssertive": 86.0526, "car_lcCooperative": 0.6951, "car_lcLookaheadLeft": 27.9007, "car_lcPushy": 0.7901, "car_lcSigma": 0.6561, "car_lcSpeedGainRight": 3.4449, "car_lcSublane": 0.7711, "car_sigma": 0.0184, "car_tau_mean": 2.0556, "car_tau_std": 9.743, "car_v_mean": 12.0536, "car_v_std": 8.3788}, "datetime": {"datetime": "2024-08-08 13:48:20", "elapsed": 3687.586649, "delta": 2.116301}}
{"target": -0.34171133679490273, "params": {"bus_acc": 3.5526, "bus_dcc": 2.5105, "bus_lcAssertive": 42.2308, "bus_lcCooperative": 0.6759, "bus_lcLookaheadLeft": 12.5673, "bus_lcPushy": 0.8383, "bus_lcSigma": 0.3666, "bus_lcSpeedGainRight": 3.7036, "bus_lcSublane": 0.8584, "bus_sigma": 0.2434, "bus_tau_mean": 1.1348, "bus_tau_std": 8.5512, "bus_v_mean": 22.8036, "bus_v_std": 10.5331, "car_acc": 4.5312, "car_dcc": 1.7378, "car_lcAssertive": 73.9909, "car_lcCooperative": 0.3139, "car_lcLookaheadLeft": 98.2744, "car_lcPushy": 0.4737, "car_lcSigma": 0.4163, "car_lcSpeedGainRight": 4.8604, "car_lcSublane": 0.677, "car_sigma": 0.2316, "car_tau_mean": 1.0479, "car_tau_std": 4.6638, "car_v_mean": 11.7212, "car_v_std": 14.4788}, "datetime": {"datetime": "2024-08-08 13:48:21", "elapsed": 3688.914475, "delta": 1.327826}}
{"target": -0.447484900599157, "params": {"bus_acc": 4.2175, "bus_dcc": 1.2151, "bus_lcAssertive": 83.6532, "bus_lcCooperative": 0.6155, "bus_lcLookaheadLeft": 61.2367, "bus_lcPushy": 0.8774, "bus_lcSigma": 0.34, "bus_lcSpeedGainRight": 3.7769, "bus_lcSublane": 0.3088, "bus_sigma": 0.1336, "bus_tau_mean": 1.1998, "bus_tau_std": 7.9352, "bus_v_mean": 23.5853, "bus_v_std": 6.2921, "car_acc": 3.8488, "car_dcc": 2.4762, "car_lcAssertive": 44.9331, "car_lcCooperative": 0.1015, "car_lcLookaheadLeft": 96.1085, "car_lcPushy": 0.1126, "car_lcSigma": 0.3527, "car_lcSpeedGainRight": 3.0855, "car_lcSublane": 0.0657, "car_sigma": 0.8771, "car_tau_mean": 3.9866, "car_tau_std": 7.1889, "car_v_mean": 8.0086, "car_v_std": 0.8486}, "datetime": {"datetime": "2024-08-08 13:48:25", "elapsed": 3692.760914, "delta": 3.846439}}
{"target": -0.34670426842851565, "params": {"bus_acc": 1.3462, "bus_dcc": 3.1899, "bus_lcAssertive": 29.3675, "bus_lcCooperative": 0.7979, "bus_lcLookaheadLeft": 62.27, "bus_lcPushy": 0.2382, "bus_lcSigma": 0.5319, "bus_lcSpeedGainRight": 4.4678, "bus_lcSublane": 0.748, "bus_sigma": 0.9748, "bus_tau_mean": 2.0723, "bus_tau_std": 8.1838, "bus_v_mean": 15.126, "bus_v_std": 8.1205, "car_acc": 2.8186, "car_dcc": 2.4916, "car_lcAssertive": 70.3286, "car_lcCooperative": 0.2138, "car_lcLookaheadLeft": 45.3647, "car_lcPushy": 0.6091, "car_lcSigma": 0.2535, "car_lcSpeedGainRight": 1.5959, "car_lcSublane": 0.1586, "car_sigma": 0.0205, "car_tau_mean": 3.0942, "car_tau_std": 3.1936, "car_v_mean": 23.3333, "car_v_std": 7.1667}, "datetime": {"datetime": "2024-08-08 13:48:26", "elapsed": 3694.044721, "delta": 1.283807}}
{"target": -0.3170061094889667, "params": {"bus_acc": 2.5887, "bus_dcc": 2.4425, "bus_lcAssertive": 62.3375, "bus_lcCooperative": 0.5712, "bus_lcLookaheadLeft": 82.3083, "bus_lcPushy": 0.1023, "bus_lcSigma": 0.7313, "bus_lcSpeedGainRight": 2.3569, "bus_lcSublane": 0.521, "bus_sigma": 0.6092, "bus_tau_mean": 2.5965, "bus_tau_std": 1.5527, "bus_v_mean": 19.3207, "bus_v_std": 17.3548, "car_acc": 4.7102, "car_dcc": 3.3121, "car_lcAssertive": 68.1779, "car_lcCooperative": 0.0413, "car_lcLookaheadLeft": 44.4788, "car_lcPushy": 0.9509, "car_lcSigma": 0.5872, "car_lcSpeedGainRight": 4.6673, "car_lcSublane": 0.5239, "car_sigma": 0.3684, "car_tau_mean": 0.8632, "car_tau_std": 7.0362, "car_v_mean": 10.0714, "car_v_std": 7.6015}, "datetime": {"datetime": "2024-08-08 13:48:32", "elapsed": 3699.629071, "delta": 5.58435}}
{"target": -0.3526218976096337, "params": {"bus_acc": 4.3822, "bus_dcc": 2.3905, "bus_lcAssertive": 73.8808, "bus_lcCooperative": 0.8384, "bus_lcLookaheadLeft": 73.9345, "bus_lcPushy": 0.3311, "bus_lcSigma": 0.8189, "bus_lcSpeedGainRight": 3.8383, "bus_lcSublane": 0.3975, "bus_sigma": 0.2945, "bus_tau_mean": 0.5526, "bus_tau_std": 4.2577, "bus_v_mean": 18.9954, "bus_v_std": 10.3717, "car_acc": 4.5586, "car_dcc": 2.8959, "car_lcAssertive": 79.2761, "car_lcCooperative": 0.1127, "car_lcLookaheadLeft": 48.498, "car_lcPushy": 0.7541, "car_lcSigma": 0.3522, "car_lcSpeedGainRight": 2.5109, "car_lcSublane": 0.6501, "car_sigma": 0.3306, "car_tau_mean": 0.9619, "car_tau_std": 5.8911, "car_v_mean": 14.1549, "car_v_std": 17.6211}, "datetime": {"datetime": "2024-08-08 13:48:37", "elapsed": 3705.199573, "delta": 5.570502}}
{"target": -0.35301306843036917, "params": {"bus_acc": 1.9211, "bus_dcc": 1.8568, "bus_lcAssertive": 83.2206, "bus_lcCooperative": 0.5637, "bus_lcLookaheadLeft": 33.7385, "bus_lcPushy": 0.3899, "bus_lcSigma": 0.2288, "bus_lcSpeedGainRight": 0.3665, "bus_lcSublane": 0.6735, "bus_sigma": 0.6458, "bus_tau_mean": 2.5897, "bus_tau_std": 8.2195, "bus_v_mean": 15.8682, "bus_v_std": 6.5937, "car_acc": 2.3696, "car_dcc": 1.0293, "car_lcAssertive": 9.8993, "car_lcCooperative": 0.4042, "car_lcLookaheadLeft": 7.4194, "car_lcPushy": 0.8993, "car_lcSigma": 0.0943, "car_lcSpeedGainRight": 2.912, "car_lcSublane": 0.7351, "car_sigma": 0.8908, "car_tau_mean": 3.0596, "car_tau_std": 4.1721, "car_v_mean": 20.7272, "car_v_std": 2.917}, "datetime": {"datetime": "2024-08-08 13:48:43", "elapsed": 3710.912616, "delta": 5.713043}}
{"target": -0.3543151109673831, "params": {"bus_acc": 1.9856, "bus_dcc": 2.57, "bus_lcAssertive": 42.608, "bus_lcCooperative": 0.0862, "bus_lcLookaheadLeft": 42.0202, "bus_lcPushy": 0.9169, "bus_lcSigma": 0.7995, "bus_lcSpeedGainRight": 2.6446, "bus_lcSublane": 0.8972, "bus_sigma": 0.3834, "bus_tau_mean": 2.5961, "bus_tau_std": 5.1628, "bus_v_mean": 17.5357, "bus_v_std": 9.3739, "car_acc": 3.646, "car_dcc": 3.4056, "car_lcAssertive": 58.8903, "car_lcCooperative": 0.6073, "car_lcLookaheadLeft": 20.4415, "car_lcPushy": 0.1329, "car_lcSigma": 0.187, "car_lcSpeedGainRight": 2.8319, "car_lcSublane": 0.973, "car_sigma": 0.2089, "car_tau_mean": 1.5129, "car_tau_std": 9.0353, "car_v_mean": 18.5947, "car_v_std": 6.1069}, "datetime": {"datetime": "2024-08-08 13:48:45", "elapsed": 3712.725836, "delta": 1.81322}}
{"target": -0.3722290241420267, "params": {"bus_acc": 4.6798, "bus_dcc": 1.2356, "bus_lcAssertive": 1.1897, "bus_lcCooperative": 0.0063, "bus_lcLookaheadLeft": 25.1444, "bus_lcPushy": 0.3797, "bus_lcSigma": 0.327, "bus_lcSpeedGainRight": 4.9536, "bus_lcSublane": 0.2396, "bus_sigma": 0.2625, "bus_tau_mean": 3.221, "bus_tau_std": 0.9992, "bus_v_mean": 18.5754, "bus_v_std": 8.9295, "car_acc": 1.7843, "car_dcc": 3.441, "car_lcAssertive": 12.1167, "car_lcCooperative": 0.4064, "car_lcLookaheadLeft": 98.9183, "car_lcPushy": 0.8503, "car_lcSigma": 0.6974, "car_lcSpeedGainRight": 1.9614, "car_lcSublane": 0.8867, "car_sigma": 0.2703, "car_tau_mean": 3.4752, "car_tau_std": 2.3295, "car_v_mean": 18.6696, "car_v_std": 16.0866}, "datetime": {"datetime": "2024-08-08 13:48:47", "elapsed": 3714.823072, "delta": 2.097236}}
{"target": -0.3145100368656877, "params": {"bus_acc": 1.2162, "bus_dcc": 2.5434, "bus_lcAssertive": 32.2295, "bus_lcCooperative": 0.011, "bus_lcLookaheadLeft": 8.5767, "bus_lcPushy": 0.356, "bus_lcSigma": 0.7448, "bus_lcSpeedGainRight": 0.0397, "bus_lcSublane": 0.5708, "bus_sigma": 0.4601, "bus_tau_mean": 1.5487, "bus_tau_std": 4.3222, "bus_v_mean": 22.5881, "bus_v_std": 2.5983, "car_acc": 4.2216, "car_dcc": 1.8711, "car_lcAssertive": 83.4002, "car_lcCooperative": 0.8789, "car_lcLookaheadLeft": 83.3946, "car_lcPushy": 0.6902, "car_lcSigma": 0.7096, "car_lcSpeedGainRight": 3.2036, "car_lcSublane": 0.1599, "car_sigma": 0.8176, "car_tau_mean": 1.9708, "car_tau_std": 2.8767, "car_v_mean": 9.4507, "car_v_std": 1.4019}, "datetime": {"datetime": "2024-08-08 13:48:55", "elapsed": 3722.582295, "delta": 7.759223}}
{"target": -0.38182240450005867, "params": {"bus_acc": 1.528, "bus_dcc": 3.757, "bus_lcAssertive": 56.7116, "bus_lcCooperative": 0.4654, "bus_lcLookaheadLeft": 14.7975, "bus_lcPushy": 0.5982, "bus_lcSigma": 0.0344, "bus_lcSpeedGainRight": 1.6603, "bus_lcSublane": 0.601, "bus_sigma": 0.1427, "bus_tau_mean": 2.5177, "bus_tau_std": 3.6646, "bus_v_mean": 16.8471, "bus_v_std": 12.4581, "car_acc": 2.3234, "car_dcc": 3.0518, "car_lcAssertive": 33.0908, "car_lcCooperative": 0.9359, "car_lcLookaheadLeft": 77.1414, "car_lcPushy": 0.1453, "car_lcSigma": 0.2057, "car_lcSpeedGainRight": 0.3249, "car_lcSublane": 0.9137, "car_sigma": 0.1284, "car_tau_mean": 1.5535, "car_tau_std": 4.9349, "car_v_mean": 9.7909, "car_v_std": 3.0568}, "datetime": {"datetime": "2024-08-08 13:48:56", "elapsed": 3724.199002, "delta": 1.616707}}
{"target": -0.37531043212001197, "params": {"bus_acc": 2.8673, "bus_dcc": 2.6043, "bus_lcAssertive": 37.3261, "bus_lcCooperative": 0.013, "bus_lcLookaheadLeft": 78.3305, "bus_lcPushy": 0.1202, "bus_lcSigma": 0.5505, "bus_lcSpeedGainRight": 0.5231, "bus_lcSublane": 0.0847, "bus_sigma": 0.096, "bus_tau_mean": 3.1521, "bus_tau_std": 2.0837, "bus_v_mean": 16.7702, "bus_v_std": 6.1014, "car_acc": 1.7306, "car_dcc": 3.7331, "car_lcAssertive": 56.0312, "car_lcCooperative": 0.0072, "car_lcLookaheadLeft": 4.5173, "car_lcPushy": 0.4029, "car_lcSigma": 0.2438, "car_lcSpeedGainRight": 1.5093, "car_lcSublane": 0.0734, "car_sigma": 0.7197, "car_tau_mean": 3.7778, "car_tau_std": 3.0171, "car_v_mean": 17.1207, "car_v_std": 12.9537}, "datetime": {"datetime": "2024-08-08 13:49:00", "elapsed": 3727.824117, "delta": 3.625115}}
{"target": -0.3805775358626978, "params": {"bus_acc": 3.4843, "bus_dcc": 2.6219, "bus_lcAssertive": 67.052, "bus_lcCooperative": 0.8925, "bus_lcLookaheadLeft": 25.6949, "bus_lcPushy": 0.7723, "bus_lcSigma": 0.0906, "bus_lcSpeedGainRight": 2.7887, "bus_lcSublane": 0.1018, "bus_sigma": 0.3881, "bus_tau_mean": 3.1729, "bus_tau_std": 2.1357, "bus_v_mean": 14.1489, "bus_v_std": 11.3058, "car_acc": 1.4727, "car_dcc": 1.6158, "car_lcAssertive": 44.0244, "car_lcCooperative": 0.5767, "car_lcLookaheadLeft": 82.6944, "car_lcPushy": 0.1911, "car_lcSigma": 0.4018, "car_lcSpeedGainRight": 4.7917, "car_lcSublane": 0.7041, "car_sigma": 0.87, "car_tau_mean": 3.0464, "car_tau_std": 3.5486, "car_v_mean": 10.9669, "car_v_std": 15.6667}, "datetime": {"datetime": "2024-08-08 13:49:10", "elapsed": 3737.961217, "delta": 10.1371}}
{"target": -0.3686022320631507, "params": {"bus_acc": 1.6371, "bus_dcc": 1.6562, "bus_lcAssertive": 6.3386, "bus_lcCooperative": 0.2673, "bus_lcLookaheadLeft": 33.855, "bus_lcPushy": 0.9535, "bus_lcSigma": 0.137, "bus_lcSpeedGainRight": 0.979, "bus_lcSublane": 0.8772, "bus_sigma": 0.6892, "bus_tau_mean": 0.9988, "bus_tau_std": 6.1119, "bus_v_mean": 14.6901, "bus_v_std": 19.7598, "car_acc": 4.4821, "car_dcc": 3.8636, "car_lcAssertive": 60.4557, "car_lcCooperative": 0.1745, "car_lcLookaheadLeft": 79.8047, "car_lcPushy": 0.0456, "car_lcSigma": 0.6884, "car_lcSpeedGainRight": 3.7985, "car_lcSublane": 0.9909, "car_sigma": 0.7456, "car_tau_mean": 3.0204, "car_tau_std": 9.6, "car_v_mean": 9.9241, "car_v_std": 14.6863}, "datetime": {"datetime": "2024-08-08 13:49:15", "elapsed": 3742.784505, "delta": 4.823288}}
{"target": -0.3218752809229194, "params": {"bus_acc": 1.477, "bus_dcc": 3.8019, "bus_lcAssertive": 63.8285, "bus_lcCooperative": 0.3778, "bus_lcLookaheadLeft": 79.2524, "bus_lcPushy": 0.6765, "bus_lcSigma": 0.9994, "bus_lcSpeedGainRight": 0.6273, "bus_lcSublane": 0.2399, "bus_sigma": 0.3547, "bus_tau_mean": 3.7426, "bus_tau_std": 5.5936, "bus_v_mean": 12.1624, "bus_v_std": 16.3899, "car_acc": 4.3057, "car_dcc": 1.0475, "car_lcAssertive": 87.6639, "car_lcCooperative": 0.3769, "car_lcLookaheadLeft": 96.6471, "car_lcPushy": 0.8892, "car_lcSigma": 0.9115, "car_lcSpeedGainRight": 3.706, "car_lcSublane": 0.0408, "car_sigma": 0.8994, "car_tau_mean": 0.5172, "car_tau_std": 5.9404, "car_v_mean": 13.2468, "car_v_std": 13.7144}, "datetime": {"datetime": "2024-08-08 13:49:16", "elapsed": 3744.44275, "delta": 1.658245}}
{"target": -0.3285309891743419, "params": {"bus_acc": 3.6168, "bus_dcc": 2.6947, "bus_lcAssertive": 70.9593, "bus_lcCooperative": 0.8627, "bus_lcLookaheadLeft": 60.1604, "bus_lcPushy": 0.3162, "bus_lcSigma": 0.7883, "bus_lcSpeedGainRight": 4.9557, "bus_lcSublane": 0.0644, "bus_sigma": 0.9793, "bus_tau_mean": 1.0606, "bus_tau_std": 2.8474, "bus_v_mean": 14.9591, "bus_v_std": 7.2265, "car_acc": 3.3611, "car_dcc": 1.3547, "car_lcAssertive": 62.5778, "car_lcCooperative": 0.4163, "car_lcLookaheadLeft": 15.0324, "car_lcPushy": 0.4112, "car_lcSigma": 0.9862, "car_lcSpeedGainRight": 2.5185, "car_lcSublane": 0.293, "car_sigma": 0.3217, "car_tau_mean": 1.4183, "car_tau_std": 8.1532, "car_v_mean": 16.5635, "car_v_std": 18.5029}, "datetime": {"datetime": "2024-08-08 13:49:22", "elapsed": 3749.626067, "delta": 5.183317}}
{"target": -0.31655067449253116, "params": {"bus_acc": 1.7243, "bus_dcc": 2.7977, "bus_lcAssertive": 37.1789, "bus_lcCooperative": 0.5615, "bus_lcLookaheadLeft": 2.5313, "bus_lcPushy": 0.076, "bus_lcSigma": 0.332, "bus_lcSpeedGainRight": 4.5842, "bus_lcSublane": 0.3817, "bus_sigma": 0.3004, "bus_tau_mean": 3.1223, "bus_tau_std": 7.933, "bus_v_mean": 10.0892, "bus_v_std": 6.3295, "car_acc": 3.2253, "car_dcc": 1.3216, "car_lcAssertive": 20.7176, "car_lcCooperative": 0.0013, "car_lcLookaheadLeft": 36.7649, "car_lcPushy": 0.5973, "car_lcSigma": 0.5175, "car_lcSpeedGainRight": 1.8501, "car_lcSublane": 0.518, "car_sigma": 0.0573, "car_tau_mean": 2.956, "car_tau_std": 6.927, "car_v_mean": 12.0636, "car_v_std": 14.1228}, "datetime": {"datetime": "2024-08-08 13:49:24", "elapsed": 3751.954303, "delta": 2.328236}}
{"target": -0.34535347623293416, "params": {"bus_acc": 1.2355, "bus_dcc": 1.1842, "bus_lcAssertive": 89.6466, "bus_lcCooperative": 0.5988, "bus_lcLookaheadLeft": 63.9342, "bus_lcPushy": 0.9726, "bus_lcSigma": 0.7979, "bus_lcSpeedGainRight": 1.6858, "bus_lcSublane": 0.1819, "bus_sigma": 0.5693, "bus_tau_mean": 2.0959, "bus_tau_std": 4.2408, "bus_v_mean": 17.8121, "bus_v_std": 8.4314, "car_acc": 4.0449, "car_dcc": 2.489, "car_lcAssertive": 55.3788, "car_lcCooperative": 0.8157, "car_lcLookaheadLeft": 15.6793, "car_lcPushy": 0.8465, "car_lcSigma": 0.922, "car_lcSpeedGainRight": 4.7715, "car_lcSublane": 0.8843, "car_sigma": 0.0012, "car_tau_mean": 1.568, "car_tau_std": 3.4197, "car_v_mean": 23.6239, "car_v_std": 14.1625}, "datetime": {"datetime": "2024-08-08 13:49:25", "elapsed": 3753.320761, "delta": 1.366458}}
{"target": -0.36681143458326315, "params": {"bus_acc": 3.1521, "bus_dcc": 3.9056, "bus_lcAssertive": 19.5859, "bus_lcCooperative": 0.6977, "bus_lcLookaheadLeft": 55.1812, "bus_lcPushy": 0.1467, "bus_lcSigma": 0.2402, "bus_lcSpeedGainRight": 3.9704, "bus_lcSublane": 0.5514, "bus_sigma": 0.1024, "bus_tau_mean": 3.7022, "bus_tau_std": 4.6384, "bus_v_mean": 13.9326, "bus_v_std": 6.5412, "car_acc": 3.8367, "car_dcc": 1.7176, "car_lcAssertive": 97.1739, "car_lcCooperative": 0.4059, "car_lcLookaheadLeft": 55.4475, "car_lcPushy": 0.1524, "car_lcSigma": 0.0082, "car_lcSpeedGainRight": 1.2651, "car_lcSublane": 0.9815, "car_sigma": 0.5438, "car_tau_mean": 2.5287, "car_tau_std": 4.0061, "car_v_mean": 8.4834, "car_v_std": 10.2212}, "datetime": {"datetime": "2024-08-08 13:49:30", "elapsed": 3758.097976, "delta": 4.777215}}
{"target": -0.3343233592373924, "params": {"bus_acc": 2.4459, "bus_dcc": 1.0723, "bus_lcAssertive": 96.5748, "bus_lcCooperative": 0.3064, "bus_lcLookaheadLeft": 77.0478, "bus_lcPushy": 0.949, "bus_lcSigma": 0.844, "bus_lcSpeedGainRight": 1.6356, "bus_lcSublane": 0.3503, "bus_sigma": 0.4932, "bus_tau_mean": 0.8478, "bus_tau_std": 3.1084, "bus_v_mean": 23.1454, "bus_v_std": 8.1466, "car_acc": 2.7282, "car_dcc": 2.1271, "car_lcAssertive": 98.7536, "car_lcCooperative": 0.5846, "car_lcLookaheadLeft": 91.054, "car_lcPushy": 0.7024, "car_lcSigma": 0.7451, "car_lcSpeedGainRight": 1.579, "car_lcSublane": 0.5041, "car_sigma": 0.8543, "car_tau_mean": 3.9827, "car_tau_std": 7.5581, "car_v_mean": 14.7314, "car_v_std": 11.914}, "datetime": {"datetime": "2024-08-08 13:49:32", "elapsed": 3759.842264, "delta": 1.744288}}
{"target": -0.39911851028925616, "params": {"bus_acc": 2.2319, "bus_dcc": 2.6867, "bus_lcAssertive": 36.2177, "bus_lcCooperative": 0.909, "bus_lcLookaheadLeft": 61.2352, "bus_lcPushy": 0.7726, "bus_lcSigma": 0.8219, "bus_lcSpeedGainRight": 2.6897, "bus_lcSublane": 0.0104, "bus_sigma": 0.5682, "bus_tau_mean": 2.6118, "bus_tau_std": 5.2619, "bus_v_mean": 11.0491, "bus_v_std": 9.1383, "car_acc": 1.3209, "car_dcc": 1.5858, "car_lcAssertive": 69.9413, "car_lcCooperative": 0.1794, "car_lcLookaheadLeft": 72.4011, "car_lcPushy": 0.0996, "car_lcSigma": 0.1445, "car_lcSpeedGainRight": 3.8903, "car_lcSublane": 0.9967, "car_sigma": 0.4588, "car_tau_mean": 2.7583, "car_tau_std": 9.8529, "car_v_mean": 10.7834, "car_v_std": 11.0157}, "datetime": {"datetime": "2024-08-08 13:49:33", "elapsed": 3761.269961, "delta": 1.427697}}
{"target": -0.3368939344789154, "params": {"bus_acc": 1.272, "bus_dcc": 1.4352, "bus_lcAssertive": 39.6317, "bus_lcCooperative": 0.3005, "bus_lcLookaheadLeft": 97.1334, "bus_lcPushy": 0.4685, "bus_lcSigma": 0.2061, "bus_lcSpeedGainRight": 0.5604, "bus_lcSublane": 0.1404, "bus_sigma": 0.7632, "bus_tau_mean": 0.9824, "bus_tau_std": 6.3826, "bus_v_mean": 12.1204, "bus_v_std": 8.008, "car_acc": 1.5356, "car_dcc": 1.5191, "car_lcAssertive": 71.2807, "car_lcCooperative": 0.0429, "car_lcLookaheadLeft": 61.3766, "car_lcPushy": 0.2781, "car_lcSigma": 0.1653, "car_lcSpeedGainRight": 4.6998, "car_lcSublane": 0.0653, "car_sigma": 0.1491, "car_tau_mean": 1.5058, "car_tau_std": 0.0627, "car_v_mean": 16.8245, "car_v_std": 7.6929}, "datetime": {"datetime": "2024-08-08 13:49:35", "elapsed": 3763.33713, "delta": 2.067169}}
