{"target": -0.4197917414160937, "params": {"bus_acc": 1.8758838495542476, "bus_dcc": 3.3814135213492755, "bus_lcAssertive": 52.23375652211932, "bus_lcCooperative": 0.41359816112910697, "bus_lcLookaheadLeft": 13.509309750303778, "bus_lcPushy": 0.8839110659363493, "bus_lcSigma": 0.2755932144103168, "bus_lcSpeedGainRight": 3.081303616649302, "bus_lcSublane": 0.984579778960706, "bus_sigma": 0.1894180220437538, "bus_tau_mean": 3.87815797127565, "bus_tau_std": 6.5271536842569535, "bus_v_mean": 10.059705673544762, "bus_v_std": 15.438542921460968, "car_acc": 2.9035515565141874, "car_dcc": 2.688341649068275, "car_lcAssertive": 69.16696477605666, "car_lcCooperative": 0.0263478788699828, "car_lcLookaheadLeft": 98.9294171797788, "car_lcPushy": 0.3184571198136825, "car_lcSigma": 0.023903779366219347, "car_lcSpeedGainRight": 4.042820752371942, "car_lcSublane": 0.9732525517670682, "car_sigma": 0.7375885099166811, "car_tau_mean": 0.5095753211589013, "car_tau_std": 0.6336051137403531, "car_v_mean": 17.348310483641292, "car_v_std": 6.714302155112062}, "datetime": {"datetime": "2024-08-08 00:12:38", "elapsed": 577.494662, "delta": 1.658687}}
{"target": -0.43721629718170263, "params": {"bus_acc": 2.8951, "bus_dcc": 2.314, "bus_lcAssertive": 35.9396, "bus_lcCooperative": 0.3622, "bus_lcLookaheadLeft": 41.2393, "bus_lcPushy": 0.8105, "bus_lcSigma": 0.8471, "bus_lcSpeedGainRight": 4.5515, "bus_lcSublane": 0.2014, "bus_sigma": 0.7499, "bus_tau_mean": 3.8629, "bus_tau_std": 9.175, "bus_v_mean": 16.1807, "bus_v_std": 18.0321, "car_acc": 1.6433, "car_dcc": 1.1056, "car_lcAssertive": 27.9399, "car_lcCooperative": 0.4077, "car_lcLookaheadLeft": 18.9147, "car_lcPushy": 0.3758, "car_lcSigma": 0.5179, "car_lcSpeedGainRight": 2.6566, "car_lcSublane": 0.2007, "car_sigma": 0.6012, "car_tau_mean": 0.9473, "car_tau_std": 9.8402, "car_v_mean": 23.3072, "car_v_std": 0.3825}, "datetime": {"datetime": "2024-08-08 00:12:39", "elapsed": 578.699134, "delta": 1.204472}}
{"target": -0.39875532170883154, "params": {"bus_acc": 2.237201485123073, "bus_dcc": 1.4529421998389374, "bus_lcAssertive": 76.31944317426985, "bus_lcCooperative": 0.781045822193957, "bus_lcLookaheadLeft": 90.60209261955288, "bus_lcPushy": 0.23376869260410593, "bus_lcSigma": 0.17667889307234141, "bus_lcSpeedGainRight": 1.9554956155338121, "bus_lcSublane": 0.3205646539951602, "bus_sigma": 0.8154769290056262, "bus_tau_mean": 2.647340648839511, "bus_tau_std": 7.600017523497488, "bus_v_mean": 14.842641595151427, "bus_v_std": 1.9888112583117845, "car_acc": 1.2300700241004925, "car_dcc": 2.120221395211586, "car_lcAssertive": 20.19092898344121, "car_lcCooperative": 0.8207464986229382, "car_lcLookaheadLeft": 60.764328825524245, "car_lcPushy": 0.688845259018665, "car_lcSigma": 0.4911099613042962, "car_lcSpeedGainRight": 0.4408684062109053, "car_lcSublane": 0.23507763668617032, "car_sigma": 0.461602080891622, "car_tau_mean": 1.195070260688742, "car_tau_std": 0.254762357788203, "car_v_mean": 19.67036317209844, "car_v_std": 14.498334944382382}, "datetime": {"datetime": "2024-08-08 00:12:40", "elapsed": 579.877773, "delta": 1.178639}}
{"target": -0.4062729475020249, "params": {"bus_acc": 2.3116, "bus_dcc": 1.0624, "bus_lcAssertive": 86.5939, "bus_lcCooperative": 0.0311, "bus_lcLookaheadLeft": 47.2402, "bus_lcPushy": 0.0148, "bus_lcSigma": 0.7097, "bus_lcSpeedGainRight": 0.8908, "bus_lcSublane": 0.5492, "bus_sigma": 0.4542, "bus_tau_mean": 2.2126, "bus_tau_std": 6.146, "bus_v_mean": 23.8203, "bus_v_std": 19.3837, "car_acc": 1.9749, "car_dcc": 1.4634, "car_lcAssertive": 67.8485, "car_lcCooperative": 0.4654, "car_lcLookaheadLeft": 57.7801, "car_lcPushy": 0.9341, "car_lcSigma": 0.1289, "car_lcSpeedGainRight": 4.4152, "car_lcSublane": 0.1992, "car_sigma": 0.2284, "car_tau_mean": 3.9258, "car_tau_std": 2.3329, "car_v_mean": 21.7749, "car_v_std": 0.2271}, "datetime": {"datetime": "2024-08-08 00:12:44", "elapsed": 583.996418, "delta": 4.118645}}
{"target": -0.4445423330826102, "params": {"bus_acc": 2.1124804679808378, "bus_dcc": 1.409365676982055, "bus_lcAssertive": 6.931851261708954, "bus_lcCooperative": 0.12134345574073735, "bus_lcLookaheadLeft": 6.366084097386649, "bus_lcPushy": 0.1074941291060929, "bus_lcSigma": 0.2257093386078547, "bus_lcSpeedGainRight": 3.564944901913383, "bus_lcSublane": 0.5597169820541424, "bus_sigma": 0.012555980159115854, "bus_tau_mean": 0.7519099789132038, "bus_tau_std": 9.672763300002721, "bus_v_mean": 17.089607390719074, "bus_v_std": 4.06586469321981, "car_acc": 1.5046514891406468, "car_dcc": 3.2314775622252787, "car_lcAssertive": 20.34751862982256, "car_lcCooperative": 0.5813589272732578, "car_lcLookaheadLeft": 97.06195893065461, "car_lcPushy": 0.8468288014900353, "car_lcSigma": 0.23984775914758616, "car_lcSpeedGainRight": 2.4688485713436497, "car_lcSublane": 0.6199557183813798, "car_sigma": 0.8289808995501787, "car_tau_mean": 1.048769881261295, "car_tau_std": 0.18576202177409518, "car_v_mean": 9.120354299507557, "car_v_std": 9.726902218740637}, "datetime": {"datetime": "2024-08-08 00:12:51", "elapsed": 590.910742, "delta": 6.914324}}
{"target": -0.5031537916732931, "params": {"bus_acc": 2.2492, "bus_dcc": 1.3146, "bus_lcAssertive": 55.5448, "bus_lcCooperative": 0.6601, "bus_lcLookaheadLeft": 15.1589, "bus_lcPushy": 0.4019, "bus_lcSigma": 0.9712, "bus_lcSpeedGainRight": 3.0789, "bus_lcSublane": 0.7362, "bus_sigma": 0.0745, "bus_tau_mean": 3.3395, "bus_tau_std": 5.5624, "bus_v_mean": 19.1158, "bus_v_std": 4.6888, "car_acc": 2.1827, "car_dcc": 2.7946, "car_lcAssertive": 39.8241, "car_lcCooperative": 0.5376, "car_lcLookaheadLeft": 50.4652, "car_lcPushy": 0.936, "car_lcSigma": 0.1644, "car_lcSpeedGainRight": 1.6821, "car_lcSublane": 0.6719, "car_sigma": 0.7734, "car_tau_mean": 2.8477, "car_tau_std": 7.9385, "car_v_mean": 21.3498, "car_v_std": 0.2036}, "datetime": {"datetime": "2024-08-08 00:12:54", "elapsed": 593.883228, "delta": 2.972486}}
{"target": -0.36499460583464594, "params": {"bus_acc": 2.6176, "bus_dcc": 2.3397, "bus_lcAssertive": 70.0307, "bus_lcCooperative": 0.0443, "bus_lcLookaheadLeft": 54.7748, "bus_lcPushy": 0.7003, "bus_lcSigma": 0.5234, "bus_lcSpeedGainRight": 1.6715, "bus_lcSublane": 0.8033, "bus_sigma": 0.1484, "bus_tau_mean": 2.0883, "bus_tau_std": 9.3128, "bus_v_mean": 12.2039, "bus_v_std": 2.5531, "car_acc": 2.9754, "car_dcc": 3.7835, "car_lcAssertive": 55.3798, "car_lcCooperative": 0.4972, "car_lcLookaheadLeft": 60.59, "car_lcPushy": 0.4079, "car_lcSigma": 0.1289, "car_lcSpeedGainRight": 3.1618, "car_lcSublane": 0.3694, "car_sigma": 0.182, "car_tau_mean": 0.8015, "car_tau_std": 8.3235, "car_v_mean": 16.9454, "car_v_std": 3.0003}, "datetime": {"datetime": "2024-08-08 00:12:56", "elapsed": 595.245636, "delta": 1.362408}}
{"target": -0.33333075958274405, "params": {"bus_acc": 1.0332, "bus_dcc": 3.1577, "bus_lcAssertive": 31.8324, "bus_lcCooperative": 0.2888, "bus_lcLookaheadLeft": 94.5835, "bus_lcPushy": 0.7943, "bus_lcSigma": 0.6539, "bus_lcSpeedGainRight": 3.1762, "bus_lcSublane": 0.0916, "bus_sigma": 0.017, "bus_tau_mean": 0.7271, "bus_tau_std": 5.8397, "bus_v_mean": 8.1848, "bus_v_std": 4.1074, "car_acc": 2.8153, "car_dcc": 3.7468, "car_lcAssertive": 62.4445, "car_lcCooperative": 0.6382, "car_lcLookaheadLeft": 92.5032, "car_lcPushy": 0.5905, "car_lcSigma": 0.7686, "car_lcSpeedGainRight": 1.784, "car_lcSublane": 0.1996, "car_sigma": 0.1898, "car_tau_mean": 1.7707, "car_tau_std": 6.307, "car_v_mean": 19.4485, "car_v_std": 4.121}, "datetime": {"datetime": "2024-08-08 00:13:17", "elapsed": 616.35648, "delta": 21.110844}}
{"target": -0.421470088326226, "params": {"bus_acc": 2.9869, "bus_dcc": 2.3995, "bus_lcAssertive": 42.6529, "bus_lcCooperative": 1.0, "bus_lcLookaheadLeft": 55.9095, "bus_lcPushy": 0.9996, "bus_lcSigma": 0.8406, "bus_lcSpeedGainRight": 1.4925, "bus_lcSublane": 0.6082, "bus_sigma": 1.0, "bus_tau_mean": 2.768, "bus_tau_std": 7.7212, "bus_v_mean": 16.8651, "bus_v_std": 15.7704, "car_acc": 2.9425, "car_dcc": 1.4402, "car_lcAssertive": 30.3101, "car_lcCooperative": 0.1159, "car_lcLookaheadLeft": 25.6762, "car_lcPushy": 0.7106, "car_lcSigma": 0.4243, "car_lcSpeedGainRight": 1.1399, "car_lcSublane": 0.7633, "car_sigma": 0.7242, "car_tau_mean": 1.9442, "car_tau_std": 6.8042, "car_v_mean": 21.8348, "car_v_std": 0.2073}, "datetime": {"datetime": "2024-08-08 00:13:28", "elapsed": 627.639914, "delta": 11.283434}}
{"target": -0.38464306622994293, "params": {"bus_acc": 1.476, "bus_dcc": 3.1277, "bus_lcAssertive": 38.622, "bus_lcCooperative": 0.4939, "bus_lcLookaheadLeft": 50.4264, "bus_lcPushy": 0.0407, "bus_lcSigma": 0.2741, "bus_lcSpeedGainRight": 4.6977, "bus_lcSublane": 0.5086, "bus_sigma": 0.2154, "bus_tau_mean": 1.78, "bus_tau_std": 5.8213, "bus_v_mean": 16.8726, "bus_v_std": 15.5698, "car_acc": 1.625, "car_dcc": 1.334, "car_lcAssertive": 15.5908, "car_lcCooperative": 0.2335, "car_lcLookaheadLeft": 22.9801, "car_lcPushy": 0.5337, "car_lcSigma": 0.2593, "car_lcSpeedGainRight": 0.7716, "car_lcSublane": 0.4814, "car_sigma": 0.5064, "car_tau_mean": 2.1712, "car_tau_std": 9.4347, "car_v_mean": 21.7817, "car_v_std": 1.2803}, "datetime": {"datetime": "2024-08-08 00:13:31", "elapsed": 630.6622, "delta": 3.022286}}
{"target": -0.34373706547351135, "params": {"bus_acc": 1.2936, "bus_dcc": 1.2055, "bus_lcAssertive": 41.089, "bus_lcCooperative": 0.3478, "bus_lcLookaheadLeft": 95.9056, "bus_lcPushy": 0.6001, "bus_lcSigma": 0.1768, "bus_lcSpeedGainRight": 3.1647, "bus_lcSublane": 0.4514, "bus_sigma": 0.3768, "bus_tau_mean": 3.2175, "bus_tau_std": 7.0007, "bus_v_mean": 9.4448, "bus_v_std": 8.1853, "car_acc": 1.0507, "car_dcc": 3.3034, "car_lcAssertive": 69.8043, "car_lcCooperative": 0.6133, "car_lcLookaheadLeft": 87.5159, "car_lcPushy": 0.1679, "car_lcSigma": 0.4678, "car_lcSpeedGainRight": 4.4616, "car_lcSublane": 0.7746, "car_sigma": 0.322, "car_tau_mean": 0.7111, "car_tau_std": 6.7802, "car_v_mean": 21.3519, "car_v_std": 1.4322}, "datetime": {"datetime": "2024-08-08 00:14:11", "elapsed": 670.908213, "delta": 40.246013}}
{"target": -0.3752303553096421, "params": {"bus_acc": 1.9101, "bus_dcc": 2.6081, "bus_lcAssertive": 33.3969, "bus_lcCooperative": 0.2805, "bus_lcLookaheadLeft": 42.3627, "bus_lcPushy": 0.5959, "bus_lcSigma": 0.4653, "bus_lcSpeedGainRight": 2.2479, "bus_lcSublane": 0.684, "bus_sigma": 0.136, "bus_tau_mean": 1.5767, "bus_tau_std": 2.2021, "bus_v_mean": 19.9164, "bus_v_std": 13.715, "car_acc": 2.3282, "car_dcc": 3.0307, "car_lcAssertive": 27.7987, "car_lcCooperative": 0.4159, "car_lcLookaheadLeft": 19.8109, "car_lcPushy": 0.9078, "car_lcSigma": 0.8399, "car_lcSpeedGainRight": 3.184, "car_lcSublane": 0.7092, "car_sigma": 0.7425, "car_tau_mean": 3.8407, "car_tau_std": 1.7042, "car_v_mean": 17.3214, "car_v_std": 2.7387}, "datetime": {"datetime": "2024-08-08 00:14:15", "elapsed": 674.812261, "delta": 3.904048}}
{"target": -0.36331580235710753, "params": {"bus_acc": 1.9384, "bus_dcc": 2.5867, "bus_lcAssertive": 3.8849, "bus_lcCooperative": 0.7475, "bus_lcLookaheadLeft": 80.858, "bus_lcPushy": 0.7783, "bus_lcSigma": 0.4775, "bus_lcSpeedGainRight": 1.4648, "bus_lcSublane": 0.4311, "bus_sigma": 0.1935, "bus_tau_mean": 0.5828, "bus_tau_std": 6.8126, "bus_v_mean": 22.7001, "bus_v_std": 7.2139, "car_acc": 2.8713, "car_dcc": 1.1041, "car_lcAssertive": 80.4163, "car_lcCooperative": 0.8149, "car_lcLookaheadLeft": 5.2021, "car_lcPushy": 0.4026, "car_lcSigma": 0.3451, "car_lcSpeedGainRight": 2.5466, "car_lcSublane": 0.3574, "car_sigma": 0.8526, "car_tau_mean": 3.9768, "car_tau_std": 1.2173, "car_v_mean": 23.461, "car_v_std": 12.2357}, "datetime": {"datetime": "2024-08-08 00:14:19", "elapsed": 678.363445, "delta": 3.551184}}
{"target": -0.3882494991770603, "params": {"bus_acc": 2.3849, "bus_dcc": 3.7096, "bus_lcAssertive": 94.6239, "bus_lcCooperative": 0.9568, "bus_lcLookaheadLeft": 42.2726, "bus_lcPushy": 0.1135, "bus_lcSigma": 0.5914, "bus_lcSpeedGainRight": 4.3121, "bus_lcSublane": 0.9263, "bus_sigma": 0.795, "bus_tau_mean": 2.0191, "bus_tau_std": 6.6549, "bus_v_mean": 13.0091, "bus_v_std": 12.5389, "car_acc": 2.846, "car_dcc": 3.1027, "car_lcAssertive": 61.6848, "car_lcCooperative": 0.8961, "car_lcLookaheadLeft": 46.5837, "car_lcPushy": 0.9123, "car_lcSigma": 0.7013, "car_lcSpeedGainRight": 1.4818, "car_lcSublane": 0.2483, "car_sigma": 0.1465, "car_tau_mean": 1.8841, "car_tau_std": 7.5801, "car_v_mean": 22.9894, "car_v_std": 1.3629}, "datetime": {"datetime": "2024-08-08 00:14:27", "elapsed": 686.207318, "delta": 7.843873}}
{"target": -0.41587112642438107, "params": {"bus_acc": 1.4823, "bus_dcc": 3.6799, "bus_lcAssertive": 18.8384, "bus_lcCooperative": 0.2273, "bus_lcLookaheadLeft": 27.3827, "bus_lcPushy": 0.1647, "bus_lcSigma": 0.6884, "bus_lcSpeedGainRight": 2.1693, "bus_lcSublane": 0.9973, "bus_sigma": 0.7379, "bus_tau_mean": 3.3491, "bus_tau_std": 5.2909, "bus_v_mean": 22.8179, "bus_v_std": 14.7006, "car_acc": 2.335, "car_dcc": 1.3161, "car_lcAssertive": 49.2082, "car_lcCooperative": 0.0443, "car_lcLookaheadLeft": 68.7638, "car_lcPushy": 0.4284, "car_lcSigma": 0.2299, "car_lcSpeedGainRight": 4.5544, "car_lcSublane": 0.2755, "car_sigma": 0.8276, "car_tau_mean": 1.8489, "car_tau_std": 8.8559, "car_v_mean": 20.648, "car_v_std": 4.136}, "datetime": {"datetime": "2024-08-08 00:14:29", "elapsed": 688.174527, "delta": 1.967209}}
{"target": -0.36028556259882244, "params": {"bus_acc": 2.8999, "bus_dcc": 2.7224, "bus_lcAssertive": 76.8817, "bus_lcCooperative": 0.8708, "bus_lcLookaheadLeft": 71.6766, "bus_lcPushy": 0.2901, "bus_lcSigma": 0.4198, "bus_lcSpeedGainRight": 2.4073, "bus_lcSublane": 0.0596, "bus_sigma": 0.8653, "bus_tau_mean": 3.8891, "bus_tau_std": 9.3554, "bus_v_mean": 19.5232, "bus_v_std": 1.9498, "car_acc": 1.3063, "car_dcc": 2.212, "car_lcAssertive": 77.6496, "car_lcCooperative": 0.5086, "car_lcLookaheadLeft": 97.767, "car_lcPushy": 0.5215, "car_lcSigma": 0.0082, "car_lcSpeedGainRight": 4.2499, "car_lcSublane": 0.0897, "car_sigma": 0.6347, "car_tau_mean": 1.52, "car_tau_std": 6.2325, "car_v_mean": 19.3726, "car_v_std": 7.3383}, "datetime": {"datetime": "2024-08-08 00:14:34", "elapsed": 693.605387, "delta": 5.43086}}
{"target": -0.4455581744414814, "params": {"bus_acc": 2.1115, "bus_dcc": 2.5019, "bus_lcAssertive": 90.8651, "bus_lcCooperative": 0.6306, "bus_lcLookaheadLeft": 76.9744, "bus_lcPushy": 0.6436, "bus_lcSigma": 0.463, "bus_lcSpeedGainRight": 3.8417, "bus_lcSublane": 0.0283, "bus_sigma": 0.3669, "bus_tau_mean": 0.9983, "bus_tau_std": 8.1104, "bus_v_mean": 21.23, "bus_v_std": 9.6602, "car_acc": 2.1563, "car_dcc": 1.8555, "car_lcAssertive": 41.7791, "car_lcCooperative": 0.9576, "car_lcLookaheadLeft": 96.8464, "car_lcPushy": 0.1465, "car_lcSigma": 0.7205, "car_lcSpeedGainRight": 1.009, "car_lcSublane": 0.6719, "car_sigma": 0.3849, "car_tau_mean": 2.0192, "car_tau_std": 5.9234, "car_v_mean": 19.3467, "car_v_std": 0.0669}, "datetime": {"datetime": "2024-08-08 00:14:45", "elapsed": 704.308687, "delta": 10.7033}}
{"target": -0.3360111907013215, "params": {"bus_acc": 1.6831, "bus_dcc": 2.8915, "bus_lcAssertive": 88.6859, "bus_lcCooperative": 0.4829, "bus_lcLookaheadLeft": 46.7833, "bus_lcPushy": 0.466, "bus_lcSigma": 0.1059, "bus_lcSpeedGainRight": 4.0556, "bus_lcSublane": 0.2725, "bus_sigma": 0.9734, "bus_tau_mean": 3.6201, "bus_tau_std": 2.0672, "bus_v_mean": 10.7681, "bus_v_std": 19.8931, "car_acc": 1.9047, "car_dcc": 2.074, "car_lcAssertive": 59.1634, "car_lcCooperative": 0.1681, "car_lcLookaheadLeft": 48.9972, "car_lcPushy": 0.9425, "car_lcSigma": 0.1537, "car_lcSpeedGainRight": 4.3091, "car_lcSublane": 0.3342, "car_sigma": 0.7989, "car_tau_mean": 2.5839, "car_tau_std": 1.9169, "car_v_mean": 23.6406, "car_v_std": 13.2347}, "datetime": {"datetime": "2024-08-08 00:14:48", "elapsed": 707.84981, "delta": 3.541123}}
{"target": -0.3380312936022276, "params": {"bus_acc": 1.0372, "bus_dcc": 1.4925, "bus_lcAssertive": 41.0483, "bus_lcCooperative": 0.1702, "bus_lcLookaheadLeft": 50.0181, "bus_lcPushy": 0.4593, "bus_lcSigma": 0.2954, "bus_lcSpeedGainRight": 2.0968, "bus_lcSublane": 0.8935, "bus_sigma": 0.2725, "bus_tau_mean": 3.5041, "bus_tau_std": 7.6359, "bus_v_mean": 17.3128, "bus_v_std": 17.7704, "car_acc": 2.1353, "car_dcc": 1.3929, "car_lcAssertive": 21.748, "car_lcCooperative": 0.7369, "car_lcLookaheadLeft": 25.1556, "car_lcPushy": 0.9555, "car_lcSigma": 0.7037, "car_lcSpeedGainRight": 4.923, "car_lcSublane": 0.8727, "car_sigma": 0.4371, "car_tau_mean": 1.2605, "car_tau_std": 4.1468, "car_v_mean": 14.5824, "car_v_std": 1.2495}, "datetime": {"datetime": "2024-08-08 00:15:04", "elapsed": 723.814753, "delta": 15.964943}}
{"target": -0.3755580408624031, "params": {"bus_acc": 2.5994, "bus_dcc": 2.0781, "bus_lcAssertive": 59.7176, "bus_lcCooperative": 0.0393, "bus_lcLookaheadLeft": 41.6636, "bus_lcPushy": 0.0753, "bus_lcSigma": 0.0981, "bus_lcSpeedGainRight": 1.6163, "bus_lcSublane": 0.3232, "bus_sigma": 0.5129, "bus_tau_mean": 1.186, "bus_tau_std": 2.6235, "bus_v_mean": 10.2924, "bus_v_std": 13.7924, "car_acc": 2.8444, "car_dcc": 3.59, "car_lcAssertive": 83.0045, "car_lcCooperative": 0.6994, "car_lcLookaheadLeft": 65.7871, "car_lcPushy": 0.2735, "car_lcSigma": 0.122, "car_lcSpeedGainRight": 2.2681, "car_lcSublane": 0.7354, "car_sigma": 0.382, "car_tau_mean": 1.6947, "car_tau_std": 5.2108, "car_v_mean": 23.5192, "car_v_std": 0.2535}, "datetime": {"datetime": "2024-08-08 00:15:09", "elapsed": 728.33875, "delta": 4.523997}}
{"target": -0.35316524130170773, "params": {"bus_acc": 2.1133, "bus_dcc": 1.2025, "bus_lcAssertive": 29.4967, "bus_lcCooperative": 0.483, "bus_lcLookaheadLeft": 26.866, "bus_lcPushy": 0.8805, "bus_lcSigma": 0.0925, "bus_lcSpeedGainRight": 4.4762, "bus_lcSublane": 0.8751, "bus_sigma": 0.1736, "bus_tau_mean": 3.4949, "bus_tau_std": 6.0871, "bus_v_mean": 19.7954, "bus_v_std": 6.9414, "car_acc": 1.5958, "car_dcc": 2.7651, "car_lcAssertive": 44.202, "car_lcCooperative": 0.1831, "car_lcLookaheadLeft": 13.2358, "car_lcPushy": 0.3722, "car_lcSigma": 0.9428, "car_lcSpeedGainRight": 1.7684, "car_lcSublane": 0.2476, "car_sigma": 0.5165, "car_tau_mean": 0.5324, "car_tau_std": 8.0743, "car_v_mean": 20.0024, "car_v_std": 7.2529}, "datetime": {"datetime": "2024-08-08 00:15:25", "elapsed": 744.394091, "delta": 16.055341}}
{"target": -0.3964226924780488, "params": {"bus_acc": 2.4942, "bus_dcc": 1.7692, "bus_lcAssertive": 31.1707, "bus_lcCooperative": 0.5328, "bus_lcLookaheadLeft": 33.0475, "bus_lcPushy": 0.6388, "bus_lcSigma": 0.1024, "bus_lcSpeedGainRight": 4.9534, "bus_lcSublane": 0.7378, "bus_sigma": 0.2646, "bus_tau_mean": 2.0073, "bus_tau_std": 8.2223, "bus_v_mean": 22.7834, "bus_v_std": 4.3895, "car_acc": 1.411, "car_dcc": 1.2592, "car_lcAssertive": 48.7371, "car_lcCooperative": 0.0881, "car_lcLookaheadLeft": 16.7124, "car_lcPushy": 0.3495, "car_lcSigma": 0.8044, "car_lcSpeedGainRight": 3.6856, "car_lcSublane": 0.2188, "car_sigma": 0.0376, "car_tau_mean": 3.9284, "car_tau_std": 5.258, "car_v_mean": 17.9819, "car_v_std": 2.0372}, "datetime": {"datetime": "2024-08-08 00:15:36", "elapsed": 755.551418, "delta": 11.157327}}
{"target": -0.376543380901882, "params": {"bus_acc": 1.7943, "bus_dcc": 2.9016, "bus_lcAssertive": 45.2191, "bus_lcCooperative": 0.0941, "bus_lcLookaheadLeft": 25.1199, "bus_lcPushy": 0.6254, "bus_lcSigma": 0.9036, "bus_lcSpeedGainRight": 4.4563, "bus_lcSublane": 0.8837, "bus_sigma": 0.8515, "bus_tau_mean": 0.8317, "bus_tau_std": 8.154, "bus_v_mean": 18.729, "bus_v_std": 3.408, "car_acc": 2.6487, "car_dcc": 2.435, "car_lcAssertive": 70.6306, "car_lcCooperative": 0.0578, "car_lcLookaheadLeft": 52.9841, "car_lcPushy": 0.5142, "car_lcSigma": 0.5773, "car_lcSpeedGainRight": 3.6268, "car_lcSublane": 0.2603, "car_sigma": 0.8393, "car_tau_mean": 3.0151, "car_tau_std": 3.653, "car_v_mean": 14.2465, "car_v_std": 13.8914}, "datetime": {"datetime": "2024-08-08 00:15:57", "elapsed": 776.747221, "delta": 21.195803}}
{"target": -0.352981619041999, "params": {"bus_acc": 2.6095, "bus_dcc": 2.63, "bus_lcAssertive": 88.9631, "bus_lcCooperative": 0.5984, "bus_lcLookaheadLeft": 24.1795, "bus_lcPushy": 0.7541, "bus_lcSigma": 0.4063, "bus_lcSpeedGainRight": 1.3659, "bus_lcSublane": 0.2453, "bus_sigma": 0.1667, "bus_tau_mean": 2.3093, "bus_tau_std": 9.7919, "bus_v_mean": 13.8066, "bus_v_std": 12.8916, "car_acc": 2.7632, "car_dcc": 1.9847, "car_lcAssertive": 49.7894, "car_lcCooperative": 0.1, "car_lcLookaheadLeft": 10.5464, "car_lcPushy": 0.426, "car_lcSigma": 0.1681, "car_lcSpeedGainRight": 4.4445, "car_lcSublane": 0.0319, "car_sigma": 0.7476, "car_tau_mean": 2.3259, "car_tau_std": 2.5784, "car_v_mean": 20.519, "car_v_std": 6.5885}, "datetime": {"datetime": "2024-08-08 00:16:01", "elapsed": 780.938701, "delta": 4.19148}}
{"target": -0.36412263983950927, "params": {"bus_acc": 1.8411, "bus_dcc": 2.316, "bus_lcAssertive": 29.0868, "bus_lcCooperative": 0.1444, "bus_lcLookaheadLeft": 92.9844, "bus_lcPushy": 0.0306, "bus_lcSigma": 0.5566, "bus_lcSpeedGainRight": 2.7183, "bus_lcSublane": 0.4883, "bus_sigma": 0.0502, "bus_tau_mean": 1.4391, "bus_tau_std": 8.6511, "bus_v_mean": 16.661, "bus_v_std": 10.6077, "car_acc": 1.7859, "car_dcc": 2.0612, "car_lcAssertive": 81.0036, "car_lcCooperative": 0.5748, "car_lcLookaheadLeft": 88.1376, "car_lcPushy": 0.7136, "car_lcSigma": 0.317, "car_lcSpeedGainRight": 4.7652, "car_lcSublane": 0.6296, "car_sigma": 0.0761, "car_tau_mean": 1.4063, "car_tau_std": 2.7793, "car_v_mean": 23.2842, "car_v_std": 4.7223}, "datetime": {"datetime": "2024-08-08 00:16:04", "elapsed": 783.196776, "delta": 2.258075}}
