{"target": -0.3900930030397151, "params": {"bus_acc": 1.1233, "bus_dcc": 2.8447, "bus_lcAssertive": 79.4823, "bus_lcCooperative": 0.1984, "bus_lcLookaheadLeft": 43.2184, "bus_lcPushy": 0.3859, "bus_lcSigma": 0.5654, "bus_lcSpeedGainRight": 2.5589, "bus_lcSublane": 0.0375, "bus_sigma": 0.7305, "bus_tau_mean": 1.2986, "bus_tau_std": 6.4894, "bus_v_mean": 16.4874, "bus_v_std": 7.8523, "car_acc": 2.1203, "car_dcc": 2.6118, "car_lcAssertive": 29.6775, "car_lcCooperative": 0.1547, "car_lcLookaheadLeft": 55.7994, "car_lcPushy": 0.0042, "car_lcSigma": 0.2588, "car_lcSpeedGainRight": 3.2132, "car_lcSublane": 0.1513, "car_sigma": 0.5888, "car_tau_mean": 1.6791, "car_tau_std": 3.1475, "car_v_mean": 20.2229, "car_v_std": 16.7269}, "datetime": {"datetime": "2024-08-08 10:32:35", "elapsed": 2235.30872, "delta": 5.030025}}
{"target": -0.35080687840227937, "params": {"bus_acc": 1.0353, "bus_dcc": 3.423, "bus_lcAssertive": 34.9888, "bus_lcCooperative": 0.8668, "bus_lcLookaheadLeft": 60.342, "bus_lcPushy": 0.5635, "bus_lcSigma": 0.99, "bus_lcSpeedGainRight": 1.2912, "bus_lcSublane": 0.164, "bus_sigma": 0.3541, "bus_tau_mean": 3.3799, "bus_tau_std": 2.3937, "bus_v_mean": 17.5078, "bus_v_std": 15.5346, "car_acc": 2.2562, "car_dcc": 2.4822, "car_lcAssertive": 70.891, "car_lcCooperative": 0.8937, "car_lcLookaheadLeft": 2.9727, "car_lcPushy": 0.3741, "car_lcSigma": 0.2762, "car_lcSpeedGainRight": 4.7149, "car_lcSublane": 0.3414, "car_sigma": 0.1464, "car_tau_mean": 2.2958, "car_tau_std": 8.0955, "car_v_mean": 21.5445, "car_v_std": 7.415}, "datetime": {"datetime": "2024-08-08 10:32:37", "elapsed": 2237.197558, "delta": 1.888838}}
{"target": -0.34294055580103816, "params": {"bus_acc": 2.7958, "bus_dcc": 1.3343, "bus_lcAssertive": 96.4075, "bus_lcCooperative": 0.504, "bus_lcLookaheadLeft": 46.8436, "bus_lcPushy": 0.4921, "bus_lcSigma": 0.4016, "bus_lcSpeedGainRight": 2.2888, "bus_lcSublane": 0.2397, "bus_sigma": 0.0652, "bus_tau_mean": 1.9102, "bus_tau_std": 0.142, "bus_v_mean": 22.9648, "bus_v_std": 10.6595, "car_acc": 1.9651, "car_dcc": 1.6902, "car_lcAssertive": 3.3591, "car_lcCooperative": 0.9725, "car_lcLookaheadLeft": 62.3519, "car_lcPushy": 0.7402, "car_lcSigma": 0.0218, "car_lcSpeedGainRight": 4.5301, "car_lcSublane": 0.0293, "car_sigma": 0.4243, "car_tau_mean": 3.4497, "car_tau_std": 4.1983, "car_v_mean": 15.5788, "car_v_std": 2.0397}, "datetime": {"datetime": "2024-08-08 10:32:40", "elapsed": 2240.58248, "delta": 3.384922}}
{"target": -0.36621453479323063, "params": {"bus_acc": 1.5519, "bus_dcc": 3.3188, "bus_lcAssertive": 52.9377, "bus_lcCooperative": 0.3945, "bus_lcLookaheadLeft": 94.8629, "bus_lcPushy": 0.0663, "bus_lcSigma": 0.8512, "bus_lcSpeedGainRight": 1.3769, "bus_lcSublane": 0.6845, "bus_sigma": 0.9776, "bus_tau_mean": 2.2044, "bus_tau_std": 5.6238, "bus_v_mean": 12.6251, "bus_v_std": 12.2042, "car_acc": 2.5596, "car_dcc": 2.1471, "car_lcAssertive": 22.9191, "car_lcCooperative": 0.9087, "car_lcLookaheadLeft": 69.169, "car_lcPushy": 0.268, "car_lcSigma": 0.4806, "car_lcSpeedGainRight": 1.0782, "car_lcSublane": 0.3397, "car_sigma": 0.5099, "car_tau_mean": 3.9856, "car_tau_std": 8.1816, "car_v_mean": 22.8977, "car_v_std": 4.9346}, "datetime": {"datetime": "2024-08-08 10:32:45", "elapsed": 2245.647274, "delta": 5.064794}}
{"target": -0.3307095477741957, "params": {"bus_acc": 2.2136, "bus_dcc": 3.0648, "bus_lcAssertive": 26.7871, "bus_lcCooperative": 0.0442, "bus_lcLookaheadLeft": 81.1832, "bus_lcPushy": 0.7526, "bus_lcSigma": 0.8794, "bus_lcSpeedGainRight": 1.1958, "bus_lcSublane": 0.6996, "bus_sigma": 0.0884, "bus_tau_mean": 0.5466, "bus_tau_std": 9.4256, "bus_v_mean": 21.988, "bus_v_std": 19.705, "car_acc": 2.1853, "car_dcc": 1.3232, "car_lcAssertive": 49.965, "car_lcCooperative": 0.0199, "car_lcLookaheadLeft": 57.5849, "car_lcPushy": 0.6925, "car_lcSigma": 0.313, "car_lcSpeedGainRight": 4.2748, "car_lcSublane": 0.7779, "car_sigma": 0.9189, "car_tau_mean": 1.6732, "car_tau_std": 8.4588, "car_v_mean": 13.3964, "car_v_std": 19.3029}, "datetime": {"datetime": "2024-08-08 10:32:48", "elapsed": 2248.352558, "delta": 2.705284}}
{"target": -0.38371725348048347, "params": {"bus_acc": 1.8044, "bus_dcc": 2.2714, "bus_lcAssertive": 50.5569, "bus_lcCooperative": 0.4581, "bus_lcLookaheadLeft": 8.8309, "bus_lcPushy": 0.3839, "bus_lcSigma": 0.9948, "bus_lcSpeedGainRight": 2.7303, "bus_lcSublane": 0.1339, "bus_sigma": 0.2763, "bus_tau_mean": 0.9569, "bus_tau_std": 6.429, "bus_v_mean": 20.5971, "bus_v_std": 8.6435, "car_acc": 2.4357, "car_dcc": 2.8298, "car_lcAssertive": 63.9096, "car_lcCooperative": 0.2658, "car_lcLookaheadLeft": 54.5803, "car_lcPushy": 0.31, "car_lcSigma": 0.7395, "car_lcSpeedGainRight": 4.5123, "car_lcSublane": 0.8324, "car_sigma": 0.4354, "car_tau_mean": 1.9535, "car_tau_std": 9.4274, "car_v_mean": 8.2843, "car_v_std": 9.7218}, "datetime": {"datetime": "2024-08-08 10:32:50", "elapsed": 2250.035894, "delta": 1.683336}}
{"target": -0.3541954379700448, "params": {"bus_acc": 2.4134, "bus_dcc": 3.8403, "bus_lcAssertive": 13.3137, "bus_lcCooperative": 0.8117, "bus_lcLookaheadLeft": 53.5531, "bus_lcPushy": 0.4166, "bus_lcSigma": 0.5497, "bus_lcSpeedGainRight": 0.7109, "bus_lcSublane": 0.1527, "bus_sigma": 0.1646, "bus_tau_mean": 2.123, "bus_tau_std": 9.7472, "bus_v_mean": 21.757, "bus_v_std": 3.6619, "car_acc": 1.6416, "car_dcc": 1.1636, "car_lcAssertive": 96.8948, "car_lcCooperative": 0.9914, "car_lcLookaheadLeft": 47.8585, "car_lcPushy": 0.7293, "car_lcSigma": 0.6683, "car_lcSpeedGainRight": 3.3013, "car_lcSublane": 0.8924, "car_sigma": 0.7004, "car_tau_mean": 1.0545, "car_tau_std": 7.2709, "car_v_mean": 17.7878, "car_v_std": 9.6531}, "datetime": {"datetime": "2024-08-08 10:32:51", "elapsed": 2251.713904, "delta": 1.67801}}
{"target": -0.37587798468803, "params": {"bus_acc": 1.0842, "bus_dcc": 3.992, "bus_lcAssertive": 69.2953, "bus_lcCooperative": 0.0358, "bus_lcLookaheadLeft": 40.2563, "bus_lcPushy": 0.1844, "bus_lcSigma": 0.7262, "bus_lcSpeedGainRight": 1.1115, "bus_lcSublane": 0.6529, "bus_sigma": 0.5005, "bus_tau_mean": 2.351, "bus_tau_std": 0.0815, "bus_v_mean": 23.7588, "bus_v_std": 7.1865, "car_acc": 2.2811, "car_dcc": 3.8594, "car_lcAssertive": 13.5794, "car_lcCooperative": 0.9311, "car_lcLookaheadLeft": 37.1611, "car_lcPushy": 0.7, "car_lcSigma": 0.5121, "car_lcSpeedGainRight": 0.63, "car_lcSublane": 0.4215, "car_sigma": 0.1497, "car_tau_mean": 1.1212, "car_tau_std": 5.7989, "car_v_mean": 14.3867, "car_v_std": 10.7607}, "datetime": {"datetime": "2024-08-08 10:32:54", "elapsed": 2254.227753, "delta": 2.513849}}
{"target": -0.32071873100682435, "params": {"bus_acc": 2.1932, "bus_dcc": 1.1019, "bus_lcAssertive": 80.3707, "bus_lcCooperative": 0.3883, "bus_lcLookaheadLeft": 91.978, "bus_lcPushy": 0.0579, "bus_lcSigma": 0.8578, "bus_lcSpeedGainRight": 2.6373, "bus_lcSublane": 0.8731, "bus_sigma": 0.1805, "bus_tau_mean": 1.8083, "bus_tau_std": 1.9975, "bus_v_mean": 19.2367, "bus_v_std": 18.0768, "car_acc": 1.3776, "car_dcc": 2.7887, "car_lcAssertive": 76.917, "car_lcCooperative": 0.5553, "car_lcLookaheadLeft": 93.6232, "car_lcPushy": 0.5191, "car_lcSigma": 0.0848, "car_lcSpeedGainRight": 1.2306, "car_lcSublane": 0.3148, "car_sigma": 0.8553, "car_tau_mean": 0.9173, "car_tau_std": 3.0851, "car_v_mean": 11.0336, "car_v_std": 8.0315}, "datetime": {"datetime": "2024-08-08 10:32:57", "elapsed": 2257.372522, "delta": 3.144769}}
{"target": -0.33487028186679435, "params": {"bus_acc": 1.712, "bus_dcc": 3.5579, "bus_lcAssertive": 62.9893, "bus_lcCooperative": 0.3938, "bus_lcLookaheadLeft": 25.4734, "bus_lcPushy": 0.2478, "bus_lcSigma": 0.4715, "bus_lcSpeedGainRight": 1.0663, "bus_lcSublane": 0.4829, "bus_sigma": 0.2444, "bus_tau_mean": 0.9732, "bus_tau_std": 6.89, "bus_v_mean": 20.2285, "bus_v_std": 17.0058, "car_acc": 1.6623, "car_dcc": 1.7891, "car_lcAssertive": 92.3764, "car_lcCooperative": 0.7763, "car_lcLookaheadLeft": 47.5022, "car_lcPushy": 0.8281, "car_lcSigma": 0.2352, "car_lcSpeedGainRight": 2.7502, "car_lcSublane": 0.8516, "car_sigma": 0.859, "car_tau_mean": 3.3326, "car_tau_std": 0.1433, "car_v_mean": 17.9479, "car_v_std": 17.3111}, "datetime": {"datetime": "2024-08-08 10:33:01", "elapsed": 2261.228741, "delta": 3.856219}}
{"target": -0.33837651155639925, "params": {"bus_acc": 2.6476, "bus_dcc": 2.8887, "bus_lcAssertive": 6.5573, "bus_lcCooperative": 0.7163, "bus_lcLookaheadLeft": 77.4572, "bus_lcPushy": 0.7416, "bus_lcSigma": 0.7849, "bus_lcSpeedGainRight": 0.4769, "bus_lcSublane": 0.9707, "bus_sigma": 0.6987, "bus_tau_mean": 2.4826, "bus_tau_std": 8.6219, "bus_v_mean": 12.6965, "bus_v_std": 2.1865, "car_acc": 2.0592, "car_dcc": 1.3203, "car_lcAssertive": 50.6543, "car_lcCooperative": 0.2614, "car_lcLookaheadLeft": 37.6872, "car_lcPushy": 0.7355, "car_lcSigma": 0.2692, "car_lcSpeedGainRight": 1.7607, "car_lcSublane": 0.4523, "car_sigma": 0.2952, "car_tau_mean": 1.7052, "car_tau_std": 5.2083, "car_v_mean": 20.5135, "car_v_std": 15.1438}, "datetime": {"datetime": "2024-08-08 10:33:03", "elapsed": 2263.242006, "delta": 2.013265}}
{"target": -0.3800098473231178, "params": {"bus_acc": 1.0121, "bus_dcc": 3.4147, "bus_lcAssertive": 2.4017, "bus_lcCooperative": 0.0046, "bus_lcLookaheadLeft": 46.5799, "bus_lcPushy": 0.6691, "bus_lcSigma": 0.0029, "bus_lcSpeedGainRight": 3.3942, "bus_lcSublane": 0.5886, "bus_sigma": 0.8818, "bus_tau_mean": 1.2218, "bus_tau_std": 4.1148, "bus_v_mean": 15.9924, "bus_v_std": 17.4301, "car_acc": 1.3081, "car_dcc": 1.3653, "car_lcAssertive": 76.2552, "car_lcCooperative": 0.8607, "car_lcLookaheadLeft": 60.704, "car_lcPushy": 0.483, "car_lcSigma": 0.5196, "car_lcSpeedGainRight": 0.4026, "car_lcSublane": 0.4207, "car_sigma": 0.8867, "car_tau_mean": 2.7358, "car_tau_std": 5.2051, "car_v_mean": 10.0626, "car_v_std": 11.2676}, "datetime": {"datetime": "2024-08-08 10:33:06", "elapsed": 2266.547987, "delta": 3.305981}}
{"target": -0.36795140817904354, "params": {"bus_acc": 1.1566, "bus_dcc": 3.7961, "bus_lcAssertive": 11.7295, "bus_lcCooperative": 0.4623, "bus_lcLookaheadLeft": 33.1707, "bus_lcPushy": 0.583, "bus_lcSigma": 0.5055, "bus_lcSpeedGainRight": 0.798, "bus_lcSublane": 0.0554, "bus_sigma": 0.3058, "bus_tau_mean": 0.5995, "bus_tau_std": 8.8275, "bus_v_mean": 20.3364, "bus_v_std": 10.3439, "car_acc": 2.8736, "car_dcc": 3.3455, "car_lcAssertive": 86.1383, "car_lcCooperative": 0.9249, "car_lcLookaheadLeft": 29.4975, "car_lcPushy": 0.8974, "car_lcSigma": 0.7866, "car_lcSpeedGainRight": 2.2578, "car_lcSublane": 0.5114, "car_sigma": 0.5378, "car_tau_mean": 0.908, "car_tau_std": 6.001, "car_v_mean": 14.8669, "car_v_std": 4.7983}, "datetime": {"datetime": "2024-08-08 10:33:08", "elapsed": 2268.524195, "delta": 1.976208}}
{"target": -0.3612181456160704, "params": {"bus_acc": 2.4896, "bus_dcc": 2.3371, "bus_lcAssertive": 5.8336, "bus_lcCooperative": 0.8063, "bus_lcLookaheadLeft": 29.6003, "bus_lcPushy": 0.6806, "bus_lcSigma": 0.0644, "bus_lcSpeedGainRight": 2.4468, "bus_lcSublane": 0.7781, "bus_sigma": 0.8941, "bus_tau_mean": 1.4096, "bus_tau_std": 7.6433, "bus_v_mean": 18.7507, "bus_v_std": 9.091, "car_acc": 2.2562, "car_dcc": 2.4189, "car_lcAssertive": 92.7725, "car_lcCooperative": 0.4763, "car_lcLookaheadLeft": 75.8445, "car_lcPushy": 0.1948, "car_lcSigma": 0.8148, "car_lcSpeedGainRight": 2.2898, "car_lcSublane": 0.786, "car_sigma": 0.2434, "car_tau_mean": 3.368, "car_tau_std": 0.9218, "car_v_mean": 22.4542, "car_v_std": 14.3844}, "datetime": {"datetime": "2024-08-08 10:33:12", "elapsed": 2272.678813, "delta": 4.154618}}
{"target": -0.3430070924864728, "params": {"bus_acc": 1.903, "bus_dcc": 2.4418, "bus_lcAssertive": 98.3594, "bus_lcCooperative": 0.1937, "bus_lcLookaheadLeft": 90.9822, "bus_lcPushy": 0.6356, "bus_lcSigma": 0.3063, "bus_lcSpeedGainRight": 3.9118, "bus_lcSublane": 0.475, "bus_sigma": 0.5976, "bus_tau_mean": 0.9878, "bus_tau_std": 2.7623, "bus_v_mean": 13.9787, "bus_v_std": 15.0553, "car_acc": 2.4402, "car_dcc": 2.8562, "car_lcAssertive": 33.4064, "car_lcCooperative": 0.8507, "car_lcLookaheadLeft": 18.6131, "car_lcPushy": 0.8008, "car_lcSigma": 0.517, "car_lcSpeedGainRight": 2.5906, "car_lcSublane": 0.5038, "car_sigma": 0.9652, "car_tau_mean": 2.393, "car_tau_std": 1.7209, "car_v_mean": 15.3424, "car_v_std": 9.0203}, "datetime": {"datetime": "2024-08-08 10:33:15", "elapsed": 2275.047526, "delta": 2.368713}}
{"target": -0.37669777236188073, "params": {"bus_acc": 2.8329, "bus_dcc": 2.6429, "bus_lcAssertive": 40.3225, "bus_lcCooperative": 0.5025, "bus_lcLookaheadLeft": 26.2185, "bus_lcPushy": 0.6704, "bus_lcSigma": 0.469, "bus_lcSpeedGainRight": 0.283, "bus_lcSublane": 0.911, "bus_sigma": 0.0955, "bus_tau_mean": 2.7055, "bus_tau_std": 8.212, "bus_v_mean": 21.7524, "bus_v_std": 5.8086, "car_acc": 2.3082, "car_dcc": 2.6154, "car_lcAssertive": 58.8795, "car_lcCooperative": 0.1897, "car_lcLookaheadLeft": 92.6489, "car_lcPushy": 0.7446, "car_lcSigma": 0.4523, "car_lcSpeedGainRight": 2.5709, "car_lcSublane": 0.0377, "car_sigma": 0.6511, "car_tau_mean": 2.1801, "car_tau_std": 6.3022, "car_v_mean": 12.4472, "car_v_std": 10.3433}, "datetime": {"datetime": "2024-08-08 10:33:16", "elapsed": 2276.884661, "delta": 1.837135}}
{"target": -0.3520267435189443, "params": {"bus_acc": 1.4398, "bus_dcc": 3.2492, "bus_lcAssertive": 17.7984, "bus_lcCooperative": 0.2371, "bus_lcLookaheadLeft": 82.6504, "bus_lcPushy": 0.0876, "bus_lcSigma": 0.3034, "bus_lcSpeedGainRight": 0.5431, "bus_lcSublane": 0.2794, "bus_sigma": 0.0057, "bus_tau_mean": 2.866, "bus_tau_std": 9.7134, "bus_v_mean": 16.0656, "bus_v_std": 9.9059, "car_acc": 2.5526, "car_dcc": 2.8581, "car_lcAssertive": 70.8114, "car_lcCooperative": 0.1686, "car_lcLookaheadLeft": 60.1993, "car_lcPushy": 0.7401, "car_lcSigma": 0.255, "car_lcSpeedGainRight": 1.287, "car_lcSublane": 0.1325, "car_sigma": 0.2648, "car_tau_mean": 3.9416, "car_tau_std": 9.5177, "car_v_mean": 18.1789, "car_v_std": 11.6884}, "datetime": {"datetime": "2024-08-08 10:33:20", "elapsed": 2280.80426, "delta": 3.919599}}
{"target": -0.35428691832995113, "params": {"bus_acc": 1.8004, "bus_dcc": 2.8267, "bus_lcAssertive": 58.9611, "bus_lcCooperative": 0.574, "bus_lcLookaheadLeft": 52.4288, "bus_lcPushy": 0.5139, "bus_lcSigma": 0.0186, "bus_lcSpeedGainRight": 1.7698, "bus_lcSublane": 0.5874, "bus_sigma": 0.0017, "bus_tau_mean": 3.8208, "bus_tau_std": 5.2073, "bus_v_mean": 12.3809, "bus_v_std": 5.5695, "car_acc": 1.8896, "car_dcc": 3.9759, "car_lcAssertive": 52.1366, "car_lcCooperative": 0.4087, "car_lcLookaheadLeft": 4.3136, "car_lcPushy": 0.5345, "car_lcSigma": 0.3892, "car_lcSpeedGainRight": 0.1096, "car_lcSublane": 0.6718, "car_sigma": 0.5365, "car_tau_mean": 2.4304, "car_tau_std": 3.4126, "car_v_mean": 15.8494, "car_v_std": 9.7569}, "datetime": {"datetime": "2024-08-08 10:33:23", "elapsed": 2283.990193, "delta": 3.185933}}
{"target": -0.37143966912522325, "params": {"bus_acc": 2.7336, "bus_dcc": 3.1107, "bus_lcAssertive": 63.5844, "bus_lcCooperative": 0.1312, "bus_lcLookaheadLeft": 88.3034, "bus_lcPushy": 0.0522, "bus_lcSigma": 0.4436, "bus_lcSpeedGainRight": 0.4754, "bus_lcSublane": 0.8832, "bus_sigma": 0.9828, "bus_tau_mean": 3.5564, "bus_tau_std": 6.1558, "bus_v_mean": 12.4667, "bus_v_std": 19.7138, "car_acc": 2.6069, "car_dcc": 3.9893, "car_lcAssertive": 98.112, "car_lcCooperative": 0.7245, "car_lcLookaheadLeft": 20.7387, "car_lcPushy": 0.2154, "car_lcSigma": 0.2237, "car_lcSpeedGainRight": 2.7454, "car_lcSublane": 0.6878, "car_sigma": 0.5404, "car_tau_mean": 1.3555, "car_tau_std": 3.0869, "car_v_mean": 22.9763, "car_v_std": 7.1784}, "datetime": {"datetime": "2024-08-08 10:33:26", "elapsed": 2286.749812, "delta": 2.759619}}
{"target": -0.3554402532485515, "params": {"bus_acc": 2.309, "bus_dcc": 2.3249, "bus_lcAssertive": 40.5697, "bus_lcCooperative": 0.7655, "bus_lcLookaheadLeft": 25.4615, "bus_lcPushy": 0.9906, "bus_lcSigma": 0.2354, "bus_lcSpeedGainRight": 3.7065, "bus_lcSublane": 0.129, "bus_sigma": 0.6648, "bus_tau_mean": 1.278, "bus_tau_std": 5.7178, "bus_v_mean": 16.6287, "bus_v_std": 3.5077, "car_acc": 2.6265, "car_dcc": 3.0675, "car_lcAssertive": 62.4805, "car_lcCooperative": 0.3506, "car_lcLookaheadLeft": 31.2717, "car_lcPushy": 0.0815, "car_lcSigma": 0.7965, "car_lcSpeedGainRight": 4.424, "car_lcSublane": 0.7288, "car_sigma": 0.2127, "car_tau_mean": 2.1563, "car_tau_std": 1.2062, "car_v_mean": 19.1656, "car_v_std": 12.8473}, "datetime": {"datetime": "2024-08-08 10:33:35", "elapsed": 2295.097654, "delta": 8.347842}}
{"target": -0.33447542179591133, "params": {"bus_acc": 1.2725, "bus_dcc": 3.3378, "bus_lcAssertive": 58.9697, "bus_lcCooperative": 0.4215, "bus_lcLookaheadLeft": 82.0661, "bus_lcPushy": 0.5007, "bus_lcSigma": 0.1602, "bus_lcSpeedGainRight": 4.7394, "bus_lcSublane": 0.6468, "bus_sigma": 0.7552, "bus_tau_mean": 1.6963, "bus_tau_std": 3.5904, "bus_v_mean": 12.8728, "bus_v_std": 16.2096, "car_acc": 2.4335, "car_dcc": 1.1261, "car_lcAssertive": 17.7572, "car_lcCooperative": 0.7967, "car_lcLookaheadLeft": 93.0627, "car_lcPushy": 0.8229, "car_lcSigma": 0.0864, "car_lcSpeedGainRight": 3.67, "car_lcSublane": 0.2756, "car_sigma": 0.2987, "car_tau_mean": 3.2313, "car_tau_std": 1.4958, "car_v_mean": 10.2791, "car_v_std": 12.8311}, "datetime": {"datetime": "2024-08-08 10:33:40", "elapsed": 2300.472959, "delta": 5.375305}}
{"target": -0.35467099026497634, "params": {"bus_acc": 2.7384, "bus_dcc": 2.5304, "bus_lcAssertive": 88.3078, "bus_lcCooperative": 0.1011, "bus_lcLookaheadLeft": 54.1751, "bus_lcPushy": 0.4111, "bus_lcSigma": 0.734, "bus_lcSpeedGainRight": 4.0502, "bus_lcSublane": 0.4907, "bus_sigma": 0.561, "bus_tau_mean": 1.4551, "bus_tau_std": 5.9435, "bus_v_mean": 22.7279, "bus_v_std": 0.5541, "car_acc": 2.12, "car_dcc": 1.2825, "car_lcAssertive": 94.2922, "car_lcCooperative": 0.8687, "car_lcLookaheadLeft": 92.4042, "car_lcPushy": 0.3697, "car_lcSigma": 0.9688, "car_lcSpeedGainRight": 0.7961, "car_lcSublane": 0.6167, "car_sigma": 0.6084, "car_tau_mean": 2.192, "car_tau_std": 8.7252, "car_v_mean": 22.4709, "car_v_std": 14.6437}, "datetime": {"datetime": "2024-08-08 10:33:42", "elapsed": 2302.873291, "delta": 2.400332}}
{"target": -0.34059791464389816, "params": {"bus_acc": 2.5664, "bus_dcc": 3.0041, "bus_lcAssertive": 81.3992, "bus_lcCooperative": 0.0188, "bus_lcLookaheadLeft": 23.7671, "bus_lcPushy": 0.0565, "bus_lcSigma": 0.1133, "bus_lcSpeedGainRight": 2.6741, "bus_lcSublane": 0.4683, "bus_sigma": 0.0911, "bus_tau_mean": 2.5834, "bus_tau_std": 9.7389, "bus_v_mean": 17.1521, "bus_v_std": 19.8474, "car_acc": 2.9812, "car_dcc": 1.029, "car_lcAssertive": 37.6284, "car_lcCooperative": 0.0902, "car_lcLookaheadLeft": 66.959, "car_lcPushy": 0.0267, "car_lcSigma": 0.1787, "car_lcSpeedGainRight": 2.4791, "car_lcSublane": 0.2626, "car_sigma": 0.3186, "car_tau_mean": 1.9267, "car_tau_std": 8.9892, "car_v_mean": 20.0974, "car_v_std": 6.9849}, "datetime": {"datetime": "2024-08-08 10:33:44", "elapsed": 2304.447079, "delta": 1.573788}}
{"target": -0.34313707681657063, "params": {"bus_acc": 1.5532, "bus_dcc": 1.5216, "bus_lcAssertive": 42.9114, "bus_lcCooperative": 0.3953, "bus_lcLookaheadLeft": 40.1811, "bus_lcPushy": 0.287, "bus_lcSigma": 0.5391, "bus_lcSpeedGainRight": 2.408, "bus_lcSublane": 0.9353, "bus_sigma": 0.7323, "bus_tau_mean": 1.4571, "bus_tau_std": 2.2701, "bus_v_mean": 18.6526, "bus_v_std": 11.129, "car_acc": 2.1533, "car_dcc": 1.5118, "car_lcAssertive": 20.1427, "car_lcCooperative": 0.4994, "car_lcLookaheadLeft": 10.3201, "car_lcPushy": 0.0412, "car_lcSigma": 0.8542, "car_lcSpeedGainRight": 2.2477, "car_lcSublane": 0.8155, "car_sigma": 0.7907, "car_tau_mean": 3.8169, "car_tau_std": 6.5178, "car_v_mean": 21.6194, "car_v_std": 17.025}, "datetime": {"datetime": "2024-08-08 10:33:46", "elapsed": 2306.965797, "delta": 2.518718}}
{"target": -0.3432355684428999, "params": {"bus_acc": 1.4672, "bus_dcc": 2.4363, "bus_lcAssertive": 40.0551, "bus_lcCooperative": 0.6771, "bus_lcLookaheadLeft": 28.0759, "bus_lcPushy": 0.5673, "bus_lcSigma": 0.6377, "bus_lcSpeedGainRight": 3.4272, "bus_lcSublane": 0.0044, "bus_sigma": 0.1175, "bus_tau_mean": 3.4063, "bus_tau_std": 1.4091, "bus_v_mean": 20.8325, "bus_v_std": 12.5708, "car_acc": 2.9403, "car_dcc": 1.852, "car_lcAssertive": 72.3707, "car_lcCooperative": 0.7491, "car_lcLookaheadLeft": 10.7792, "car_lcPushy": 0.7644, "car_lcSigma": 0.3618, "car_lcSpeedGainRight": 0.4059, "car_lcSublane": 0.8037, "car_sigma": 0.8949, "car_tau_mean": 3.9885, "car_tau_std": 4.4976, "car_v_mean": 16.9274, "car_v_std": 13.5393}, "datetime": {"datetime": "2024-08-08 10:33:49", "elapsed": 2309.575657, "delta": 2.60986}}
{"target": -0.3464521604361741, "params": {"bus_acc": 2.3257, "bus_dcc": 1.0081, "bus_lcAssertive": 31.9485, "bus_lcCooperative": 0.177, "bus_lcLookaheadLeft": 30.6304, "bus_lcPushy": 0.3786, "bus_lcSigma": 0.6878, "bus_lcSpeedGainRight": 4.1533, "bus_lcSublane": 0.0759, "bus_sigma": 0.2326, "bus_tau_mean": 0.5703, "bus_tau_std": 7.8481, "bus_v_mean": 22.7984, "bus_v_std": 6.3845, "car_acc": 1.9311, "car_dcc": 3.9131, "car_lcAssertive": 51.5098, "car_lcCooperative": 0.3666, "car_lcLookaheadLeft": 20.355, "car_lcPushy": 0.655, "car_lcSigma": 0.8797, "car_lcSpeedGainRight": 4.6069, "car_lcSublane": 0.1177, "car_sigma": 0.5008, "car_tau_mean": 2.4407, "car_tau_std": 8.9368, "car_v_mean": 20.5914, "car_v_std": 13.9421}, "datetime": {"datetime": "2024-08-08 10:33:53", "elapsed": 2313.451, "delta": 3.875343}}
