{"target": 57.9464361991063, "params": {"bus_acc": 1.43, "bus_dcc": 1.72, "bus_lcCooperative": 0.06, "bus_lcPushy": 0.56, "bus_lcSublane": 0.23, "bus_max_v": 11.07, "bus_tau_mean": 1.65, "bus_tau_std": 1.01, "car_acc": 1.56, "car_dcc": 1.16, "car_lcCooperative": 0.51, "car_lcPushy": 0.76, "car_lcSublane": 0.54, "car_max_v": 9.58, "car_tau_mean": 1.44, "car_tau_std": 8.62}, "datetime": {"datetime": "2024-07-31 16:48:12", "elapsed": 16163.833394, "delta": 27.210715}}
{"target": 58.66847882031136, "params": {"bus_acc": 1.43, "bus_dcc": 2.99, "bus_lcCooperative": 0.69, "bus_lcPushy": 0.02, "bus_lcSublane": 0.23, "bus_max_v": 10.45, "bus_tau_mean": 1.62, "bus_tau_std": 0.86, "car_acc": 1.12, "car_dcc": 1.34, "car_lcCooperative": 0.1, "car_lcPushy": 0.86, "car_lcSublane": 0.96, "car_max_v": 8.01, "car_tau_mean": 1.86, "car_tau_std": 8.66}, "datetime": {"datetime": "2024-07-31 16:48:52", "elapsed": 16203.79316, "delta": 39.959766}}
{"target": 57.92682488823529, "params": {"bus_acc": 1.77, "bus_dcc": 2.5, "bus_lcCooperative": 0.97, "bus_lcPushy": 0.7, "bus_lcSublane": 0.29, "bus_max_v": 14.31, "bus_tau_mean": 1.96, "bus_tau_std": 0.85, "car_acc": 2.64, "car_dcc": 2.18, "car_lcCooperative": 0.19, "car_lcPushy": 0.07, "car_lcSublane": 0.69, "car_max_v": 8.5, "car_tau_mean": 2.0, "car_tau_std": 10.14}, "datetime": {"datetime": "2024-07-31 16:49:09", "elapsed": 16221.249168, "delta": 17.456008}}
{"target": 57.798358230365565, "params": {"bus_acc": 1.69, "bus_dcc": 2.04, "bus_lcCooperative": 0.12, "bus_lcPushy": 0.43, "bus_lcSublane": 0.38, "bus_max_v": 8.41, "bus_tau_mean": 1.71, "bus_tau_std": 3.81, "car_acc": 2.03, "car_dcc": 1.46, "car_lcCooperative": 0.36, "car_lcPushy": 0.61, "car_lcSublane": 0.85, "car_max_v": 10.4, "car_tau_mean": 2.55, "car_tau_std": 9.42}, "datetime": {"datetime": "2024-07-31 16:50:05", "elapsed": 16277.360443, "delta": 56.111275}}
{"target": 58.240909048131215, "params": {"bus_acc": 1.0, "bus_dcc": 3.31, "bus_lcCooperative": 0.09, "bus_lcPushy": 0.2, "bus_lcSublane": 0.54, "bus_max_v": 12.57, "bus_tau_mean": 2.36, "bus_tau_std": 4.97, "car_acc": 1.41, "car_dcc": 2.31, "car_lcCooperative": 0.24, "car_lcPushy": 0.99, "car_lcSublane": 0.46, "car_max_v": 9.74, "car_tau_mean": 2.04, "car_tau_std": 14.96}, "datetime": {"datetime": "2024-07-31 16:53:30", "elapsed": 16482.379458, "delta": 205.019015}}
{"target": 58.52609645296807, "params": {"bus_acc": 1.45, "bus_dcc": 1.23, "bus_lcCooperative": 0.58, "bus_lcPushy": 0.18, "bus_lcSublane": 0.97, "bus_max_v": 10.17, "bus_tau_mean": 2.63, "bus_tau_std": 0.41, "car_acc": 1.7, "car_dcc": 1.54, "car_lcCooperative": 0.58, "car_lcPushy": 0.91, "car_lcSublane": 0.67, "car_max_v": 8.53, "car_tau_mean": 2.4, "car_tau_std": 10.62}, "datetime": {"datetime": "2024-07-31 16:54:23", "elapsed": 16534.838311, "delta": 52.458853}}
{"target": 55.79065378869339, "params": {"bus_acc": 1.76, "bus_dcc": 1.48, "bus_lcCooperative": 0.8, "bus_lcPushy": 0.74, "bus_lcSublane": 0.66, "bus_max_v": 13.2, "bus_tau_mean": 2.93, "bus_tau_std": 7.15, "car_acc": 1.68, "car_dcc": 2.06, "car_lcCooperative": 0.88, "car_lcPushy": 0.47, "car_lcSublane": 0.72, "car_max_v": 13.12, "car_tau_mean": 1.37, "car_tau_std": 4.53}, "datetime": {"datetime": "2024-07-31 16:55:58", "elapsed": 16630.286188, "delta": 95.447877}}
{"target": 57.90067196357314, "params": {"bus_acc": 1.17, "bus_dcc": 1.24, "bus_lcCooperative": 0.6, "bus_lcPushy": 0.28, "bus_lcSublane": 0.01, "bus_max_v": 10.3, "bus_tau_mean": 1.66, "bus_tau_std": 2.02, "car_acc": 2.67, "car_dcc": 1.13, "car_lcCooperative": 0.54, "car_lcPushy": 0.74, "car_lcSublane": 0.68, "car_max_v": 9.54, "car_tau_mean": 1.78, "car_tau_std": 10.55}, "datetime": {"datetime": "2024-07-31 16:56:22", "elapsed": 16654.030359, "delta": 23.744171}}
{"target": 58.71555470419594, "params": {"bus_acc": 1.49, "bus_dcc": 2.05, "bus_lcCooperative": 0.29, "bus_lcPushy": 0.69, "bus_lcSublane": 0.52, "bus_max_v": 9.55, "bus_tau_mean": 1.53, "bus_tau_std": 0.38, "car_acc": 1.17, "car_dcc": 1.52, "car_lcCooperative": 0.24, "car_lcPushy": 0.51, "car_lcSublane": 0.38, "car_max_v": 8.54, "car_tau_mean": 2.22, "car_tau_std": 9.48}, "datetime": {"datetime": "2024-07-31 16:58:48", "elapsed": 16799.804009, "delta": 145.77365}}
{"target": 58.52429459193043, "params": {"bus_acc": 1.86, "bus_dcc": 1.6, "bus_lcCooperative": 0.91, "bus_lcPushy": 0.54, "bus_lcSublane": 0.59, "bus_max_v": 12.16, "bus_tau_mean": 2.14, "bus_tau_std": 0.62, "car_acc": 1.57, "car_dcc": 2.14, "car_lcCooperative": 0.7, "car_lcPushy": 0.65, "car_lcSublane": 0.08, "car_max_v": 8.6, "car_tau_mean": 2.34, "car_tau_std": 7.98}, "datetime": {"datetime": "2024-07-31 16:59:02", "elapsed": 16814.221962, "delta": 14.417953}}
{"target": 57.69791347150589, "params": {"bus_acc": 1.48, "bus_dcc": 3.51, "bus_lcCooperative": 0.3, "bus_lcPushy": 0.23, "bus_lcSublane": 0.04, "bus_max_v": 12.53, "bus_tau_mean": 2.93, "bus_tau_std": 4.08, "car_acc": 1.11, "car_dcc": 2.88, "car_lcCooperative": 0.68, "car_lcPushy": 0.62, "car_lcSublane": 0.45, "car_max_v": 9.76, "car_tau_mean": 1.55, "car_tau_std": 12.66}, "datetime": {"datetime": "2024-07-31 16:59:18", "elapsed": 16830.063956, "delta": 15.841994}}
{"target": 58.26746592922082, "params": {"bus_acc": 1.05, "bus_dcc": 1.79, "bus_lcCooperative": 0.94, "bus_lcPushy": 0.83, "bus_lcSublane": 0.28, "bus_max_v": 10.11, "bus_tau_mean": 2.38, "bus_tau_std": 0.69, "car_acc": 1.57, "car_dcc": 1.96, "car_lcCooperative": 0.08, "car_lcPushy": 0.49, "car_lcSublane": 0.37, "car_max_v": 9.04, "car_tau_mean": 2.38, "car_tau_std": 10.23}, "datetime": {"datetime": "2024-07-31 17:02:52", "elapsed": 17043.915232, "delta": 213.851276}}
{"target": 57.78241196560556, "params": {"bus_acc": 1.3, "bus_dcc": 3.83, "bus_lcCooperative": 0.41, "bus_lcPushy": 0.63, "bus_lcSublane": 0.27, "bus_max_v": 13.45, "bus_tau_mean": 1.77, "bus_tau_std": 12.65, "car_acc": 1.93, "car_dcc": 2.98, "car_lcCooperative": 0.53, "car_lcPushy": 0.66, "car_lcSublane": 0.19, "car_max_v": 9.8, "car_tau_mean": 1.25, "car_tau_std": 12.57}, "datetime": {"datetime": "2024-07-31 17:03:59", "elapsed": 17111.119584, "delta": 67.204352}}
{"target": 58.33924242198323, "params": {"bus_acc": 1.5, "bus_dcc": 3.09, "bus_lcCooperative": 0.18, "bus_lcPushy": 0.41, "bus_lcSublane": 0.56, "bus_max_v": 11.85, "bus_tau_mean": 2.95, "bus_tau_std": 3.63, "car_acc": 1.53, "car_dcc": 3.28, "car_lcCooperative": 0.59, "car_lcPushy": 0.69, "car_lcSublane": 0.42, "car_max_v": 8.91, "car_tau_mean": 2.31, "car_tau_std": 13.43}, "datetime": {"datetime": "2024-07-31 17:05:56", "elapsed": 17227.96668, "delta": 116.847096}}
{"target": 58.46546227102637, "params": {"bus_acc": 1.53, "bus_dcc": 3.08, "bus_lcCooperative": 0.74, "bus_lcPushy": 0.05, "bus_lcSublane": 0.9, "bus_max_v": 13.88, "bus_tau_mean": 2.64, "bus_tau_std": 8.06, "car_acc": 1.15, "car_dcc": 2.79, "car_lcCooperative": 0.3, "car_lcPushy": 0.76, "car_lcSublane": 0.64, "car_max_v": 8.77, "car_tau_mean": 2.27, "car_tau_std": 11.73}, "datetime": {"datetime": "2024-07-31 17:06:44", "elapsed": 17276.20161, "delta": 48.23493}}
{"target": 57.75253225640502, "params": {"bus_acc": 1.15, "bus_dcc": 1.85, "bus_lcCooperative": 0.71, "bus_lcPushy": 0.9, "bus_lcSublane": 0.12, "bus_max_v": 10.02, "bus_tau_mean": 2.2, "bus_tau_std": 1.71, "car_acc": 2.21, "car_dcc": 1.38, "car_lcCooperative": 0.85, "car_lcPushy": 0.21, "car_lcSublane": 0.15, "car_max_v": 8.49, "car_tau_mean": 2.43, "car_tau_std": 7.87}, "datetime": {"datetime": "2024-07-31 17:07:42", "elapsed": 17334.502591, "delta": 58.300981}}
{"target": 58.592422182083595, "params": {"bus_acc": 1.48, "bus_dcc": 1.05, "bus_lcCooperative": 0.15, "bus_lcPushy": 0.87, "bus_lcSublane": 0.84, "bus_max_v": 10.06, "bus_tau_mean": 2.76, "bus_tau_std": 0.7, "car_acc": 1.33, "car_dcc": 1.1, "car_lcCooperative": 0.67, "car_lcPushy": 0.8, "car_lcSublane": 0.33, "car_max_v": 8.72, "car_tau_mean": 2.67, "car_tau_std": 10.11}, "datetime": {"datetime": "2024-07-31 17:08:25", "elapsed": 17376.962782, "delta": 42.460191}}
{"target": 59.054604753124785, "params": {"bus_acc": 1.08, "bus_dcc": 3.14, "bus_lcCooperative": 0.31, "bus_lcPushy": 0.25, "bus_lcSublane": 0.12, "bus_max_v": 10.13, "bus_tau_mean": 1.38, "bus_tau_std": 2.05, "car_acc": 1.24, "car_dcc": 1.18, "car_lcCooperative": 0.56, "car_lcPushy": 0.72, "car_lcSublane": 0.69, "car_max_v": 8.71, "car_tau_mean": 2.02, "car_tau_std": 7.92}, "datetime": {"datetime": "2024-07-31 17:08:38", "elapsed": 17390.50622, "delta": 13.543438}}
{"target": 58.368827995000295, "params": {"bus_acc": 1.12, "bus_dcc": 2.33, "bus_lcCooperative": 0.3, "bus_lcPushy": 0.78, "bus_lcSublane": 0.84, "bus_max_v": 12.22, "bus_tau_mean": 2.6, "bus_tau_std": 4.07, "car_acc": 1.49, "car_dcc": 2.07, "car_lcCooperative": 0.1, "car_lcPushy": 0.66, "car_lcSublane": 0.46, "car_max_v": 9.57, "car_tau_mean": 2.75, "car_tau_std": 14.06}, "datetime": {"datetime": "2024-07-31 17:13:05", "elapsed": 17657.136182, "delta": 266.629962}}
{"target": 58.099441808924844, "params": {"bus_acc": 1.91, "bus_dcc": 1.1, "bus_lcCooperative": 0.68, "bus_lcPushy": 0.06, "bus_lcSublane": 0.44, "bus_max_v": 9.27, "bus_tau_mean": 2.97, "bus_tau_std": 10.86, "car_acc": 2.74, "car_dcc": 1.17, "car_lcCooperative": 0.21, "car_lcPushy": 0.14, "car_lcSublane": 0.24, "car_max_v": 8.2, "car_tau_mean": 1.88, "car_tau_std": 14.4}, "datetime": {"datetime": "2024-07-31 17:13:14", "elapsed": 17666.224264, "delta": 9.088082}}
{"target": 58.23146649647224, "params": {"bus_acc": 1.16, "bus_dcc": 1.83, "bus_lcCooperative": 0.27, "bus_lcPushy": 0.37, "bus_lcSublane": 0.4, "bus_max_v": 14.04, "bus_tau_mean": 1.7, "bus_tau_std": 5.74, "car_acc": 1.5, "car_dcc": 3.09, "car_lcCooperative": 0.82, "car_lcPushy": 0.7, "car_lcSublane": 0.21, "car_max_v": 8.91, "car_tau_mean": 1.46, "car_tau_std": 6.7}, "datetime": {"datetime": "2024-07-31 17:13:54", "elapsed": 17705.652797, "delta": 39.428533}}
{"target": 56.814132008923636, "params": {"bus_acc": 1.05, "bus_dcc": 2.18, "bus_lcCooperative": 0.25, "bus_lcPushy": 0.23, "bus_lcSublane": 0.13, "bus_max_v": 11.33, "bus_tau_mean": 1.71, "bus_tau_std": 13.72, "car_acc": 2.34, "car_dcc": 2.35, "car_lcCooperative": 0.1, "car_lcPushy": 0.76, "car_lcSublane": 0.91, "car_max_v": 12.38, "car_tau_mean": 1.6, "car_tau_std": 7.81}, "datetime": {"datetime": "2024-07-31 17:15:15", "elapsed": 17787.189594, "delta": 81.536797}}
{"target": 58.825315324663684, "params": {"bus_acc": 1.46, "bus_dcc": 1.21, "bus_lcCooperative": 0.67, "bus_lcPushy": 0.26, "bus_lcSublane": 0.28, "bus_max_v": 12.51, "bus_tau_mean": 1.36, "bus_tau_std": 4.44, "car_acc": 1.17, "car_dcc": 1.59, "car_lcCooperative": 0.03, "car_lcPushy": 0.07, "car_lcSublane": 0.37, "car_max_v": 9.28, "car_tau_mean": 1.09, "car_tau_std": 8.64}, "datetime": {"datetime": "2024-07-31 17:17:59", "elapsed": 17951.12236, "delta": 163.932766}}
{"target": 58.20798225544143, "params": {"bus_acc": 1.05, "bus_dcc": 3.12, "bus_lcCooperative": 0.02, "bus_lcPushy": 0.61, "bus_lcSublane": 0.4, "bus_max_v": 11.99, "bus_tau_mean": 2.95, "bus_tau_std": 3.68, "car_acc": 1.94, "car_dcc": 3.86, "car_lcCooperative": 0.21, "car_lcPushy": 0.29, "car_lcSublane": 0.57, "car_max_v": 8.67, "car_tau_mean": 2.14, "car_tau_std": 13.71}, "datetime": {"datetime": "2024-07-31 17:18:40", "elapsed": 17992.229837, "delta": 41.107477}}
{"target": 58.32857942794205, "params": {"bus_acc": 1.59, "bus_dcc": 3.72, "bus_lcCooperative": 0.04, "bus_lcPushy": 0.02, "bus_lcSublane": 0.28, "bus_max_v": 11.47, "bus_tau_mean": 1.92, "bus_tau_std": 4.45, "car_acc": 1.11, "car_dcc": 2.22, "car_lcCooperative": 0.16, "car_lcPushy": 0.32, "car_lcSublane": 0.19, "car_max_v": 11.27, "car_tau_mean": 2.17, "car_tau_std": 14.8}, "datetime": {"datetime": "2024-07-31 17:19:21", "elapsed": 18033.304087, "delta": 41.07425}}
{"target": 57.79294000143969, "params": {"bus_acc": 1.69, "bus_dcc": 3.55, "bus_lcCooperative": 0.31, "bus_lcPushy": 0.89, "bus_lcSublane": 0.93, "bus_max_v": 8.17, "bus_tau_mean": 1.69, "bus_tau_std": 4.98, "car_acc": 1.78, "car_dcc": 1.29, "car_lcCooperative": 0.54, "car_lcPushy": 0.05, "car_lcSublane": 0.63, "car_max_v": 10.37, "car_tau_mean": 2.28, "car_tau_std": 1.99}, "datetime": {"datetime": "2024-07-31 17:22:31", "elapsed": 18222.790012, "delta": 189.485925}}
{"target": 58.22100272400693, "params": {"bus_acc": 1.45, "bus_dcc": 1.7, "bus_lcCooperative": 0.22, "bus_lcPushy": 0.46, "bus_lcSublane": 0.33, "bus_max_v": 10.25, "bus_tau_mean": 2.31, "bus_tau_std": 0.01, "car_acc": 2.33, "car_dcc": 2.08, "car_lcCooperative": 0.84, "car_lcPushy": 0.81, "car_lcSublane": 0.04, "car_max_v": 8.51, "car_tau_mean": 2.4, "car_tau_std": 9.73}, "datetime": {"datetime": "2024-07-31 17:22:35", "elapsed": 18226.870017, "delta": 4.080005}}
{"target": 58.286292194036434, "params": {"bus_acc": 1.7, "bus_dcc": 1.87, "bus_lcCooperative": 0.12, "bus_lcPushy": 0.39, "bus_lcSublane": 0.31, "bus_max_v": 10.13, "bus_tau_mean": 2.03, "bus_tau_std": 0.37, "car_acc": 1.41, "car_dcc": 2.25, "car_lcCooperative": 0.38, "car_lcPushy": 0.51, "car_lcSublane": 0.41, "car_max_v": 8.24, "car_tau_mean": 2.62, "car_tau_std": 8.17}, "datetime": {"datetime": "2024-07-31 17:24:17", "elapsed": 18328.77118, "delta": 101.901163}}
{"target": 58.29436262040198, "params": {"bus_acc": 1.59, "bus_dcc": 2.59, "bus_lcCooperative": 0.51, "bus_lcPushy": 0.89, "bus_lcSublane": 0.68, "bus_max_v": 9.47, "bus_tau_mean": 1.03, "bus_tau_std": 10.74, "car_acc": 1.36, "car_dcc": 1.78, "car_lcCooperative": 0.69, "car_lcPushy": 0.91, "car_lcSublane": 0.33, "car_max_v": 9.6, "car_tau_mean": 2.12, "car_tau_std": 13.04}, "datetime": {"datetime": "2024-07-31 17:25:06", "elapsed": 18378.054696, "delta": 49.283516}}
{"target": 58.47909191795671, "params": {"bus_acc": 1.25, "bus_dcc": 1.59, "bus_lcCooperative": 0.67, "bus_lcPushy": 0.3, "bus_lcSublane": 0.79, "bus_max_v": 10.49, "bus_tau_mean": 1.64, "bus_tau_std": 0.96, "car_acc": 1.49, "car_dcc": 2.29, "car_lcCooperative": 0.79, "car_lcPushy": 0.52, "car_lcSublane": 0.27, "car_max_v": 8.42, "car_tau_mean": 2.37, "car_tau_std": 9.38}, "datetime": {"datetime": "2024-07-31 17:27:59", "elapsed": 18550.82011, "delta": 172.765414}}
{"target": 58.46785683599239, "params": {"bus_acc": 1.9, "bus_dcc": 1.59, "bus_lcCooperative": 0.32, "bus_lcPushy": 0.42, "bus_lcSublane": 0.37, "bus_max_v": 9.29, "bus_tau_mean": 2.45, "bus_tau_std": 0.63, "car_acc": 2.42, "car_dcc": 3.17, "car_lcCooperative": 0.48, "car_lcPushy": 0.13, "car_lcSublane": 0.1, "car_max_v": 8.09, "car_tau_mean": 1.41, "car_tau_std": 7.12}, "datetime": {"datetime": "2024-07-31 17:28:29", "elapsed": 18581.388797, "delta": 30.568687}}
{"target": 57.07200546160913, "params": {"bus_acc": 1.69, "bus_dcc": 2.35, "bus_lcCooperative": 0.64, "bus_lcPushy": 0.27, "bus_lcSublane": 0.05, "bus_max_v": 10.53, "bus_tau_mean": 2.37, "bus_tau_std": 14.07, "car_acc": 1.93, "car_dcc": 4.92, "car_lcCooperative": 0.79, "car_lcPushy": 0.86, "car_lcSublane": 0.4, "car_max_v": 9.16, "car_tau_mean": 2.12, "car_tau_std": 0.01}, "datetime": {"datetime": "2024-07-31 17:29:56", "elapsed": 18667.807999, "delta": 86.419202}}
{"target": 57.14990546338405, "params": {"bus_acc": 1.74, "bus_dcc": 3.08, "bus_lcCooperative": 0.37, "bus_lcPushy": 0.81, "bus_lcSublane": 0.25, "bus_max_v": 14.32, "bus_tau_mean": 2.49, "bus_tau_std": 2.26, "car_acc": 1.37, "car_dcc": 1.39, "car_lcCooperative": 0.17, "car_lcPushy": 0.18, "car_lcSublane": 0.79, "car_max_v": 12.19, "car_tau_mean": 1.85, "car_tau_std": 12.94}, "datetime": {"datetime": "2024-07-31 17:31:23", "elapsed": 18755.172516, "delta": 87.364517}}
{"target": 58.92671150732092, "params": {"bus_acc": 1.04, "bus_dcc": 1.33, "bus_lcCooperative": 0.27, "bus_lcPushy": 0.73, "bus_lcSublane": 0.48, "bus_max_v": 10.86, "bus_tau_mean": 2.65, "bus_tau_std": 0.58, "car_acc": 1.17, "car_dcc": 1.77, "car_lcCooperative": 0.39, "car_lcPushy": 0.35, "car_lcSublane": 0.65, "car_max_v": 9.13, "car_tau_mean": 3.0, "car_tau_std": 8.98}, "datetime": {"datetime": "2024-07-31 17:32:54", "elapsed": 18845.807272, "delta": 90.634756}}
{"target": 57.971165915352344, "params": {"bus_acc": 1.02, "bus_dcc": 1.66, "bus_lcCooperative": 0.47, "bus_lcPushy": 0.5, "bus_lcSublane": 0.8, "bus_max_v": 14.54, "bus_tau_mean": 2.35, "bus_tau_std": 11.2, "car_acc": 2.94, "car_dcc": 1.82, "car_lcCooperative": 0.35, "car_lcPushy": 0.37, "car_lcSublane": 0.86, "car_max_v": 8.86, "car_tau_mean": 2.53, "car_tau_std": 13.77}, "datetime": {"datetime": "2024-07-31 17:33:35", "elapsed": 18886.73111, "delta": 40.923838}}
{"target": 56.399139765850734, "params": {"bus_acc": 1.91, "bus_dcc": 1.3, "bus_lcCooperative": 0.26, "bus_lcPushy": 0.96, "bus_lcSublane": 0.46, "bus_max_v": 8.36, "bus_tau_mean": 1.97, "bus_tau_std": 6.96, "car_acc": 2.01, "car_dcc": 4.52, "car_lcCooperative": 0.57, "car_lcPushy": 0.58, "car_lcSublane": 0.64, "car_max_v": 14.39, "car_tau_mean": 1.73, "car_tau_std": 0.76}, "datetime": {"datetime": "2024-07-31 17:34:53", "elapsed": 18965.18467, "delta": 78.45356}}
{"target": 56.94152780892946, "params": {"bus_acc": 1.2, "bus_dcc": 2.41, "bus_lcCooperative": 0.81, "bus_lcPushy": 0.74, "bus_lcSublane": 0.77, "bus_max_v": 12.61, "bus_tau_mean": 2.94, "bus_tau_std": 12.66, "car_acc": 2.86, "car_dcc": 3.97, "car_lcCooperative": 0.05, "car_lcPushy": 0.86, "car_lcSublane": 0.61, "car_max_v": 12.29, "car_tau_mean": 2.04, "car_tau_std": 6.12}, "datetime": {"datetime": "2024-07-31 17:36:31", "elapsed": 19063.00102, "delta": 97.81635}}
{"target": 56.58264921614193, "params": {"bus_acc": 1.37, "bus_dcc": 3.32, "bus_lcCooperative": 0.16, "bus_lcPushy": 0.87, "bus_lcSublane": 0.49, "bus_max_v": 13.6, "bus_tau_mean": 2.8, "bus_tau_std": 9.25, "car_acc": 2.43, "car_dcc": 4.27, "car_lcCooperative": 0.6, "car_lcPushy": 1.0, "car_lcSublane": 0.27, "car_max_v": 12.84, "car_tau_mean": 1.26, "car_tau_std": 13.58}, "datetime": {"datetime": "2024-07-31 17:36:59", "elapsed": 19091.529735, "delta": 28.528715}}
{"target": 56.6487574135366, "params": {"bus_acc": 1.9, "bus_dcc": 1.02, "bus_lcCooperative": 0.58, "bus_lcPushy": 0.37, "bus_lcSublane": 0.88, "bus_max_v": 11.32, "bus_tau_mean": 2.89, "bus_tau_std": 14.55, "car_acc": 2.21, "car_dcc": 4.14, "car_lcCooperative": 0.16, "car_lcPushy": 0.37, "car_lcSublane": 0.34, "car_max_v": 12.75, "car_tau_mean": 1.62, "car_tau_std": 8.28}, "datetime": {"datetime": "2024-07-31 17:39:52", "elapsed": 19264.368629, "delta": 172.838894}}
{"target": 58.32627470091646, "params": {"bus_acc": 1.51, "bus_dcc": 3.66, "bus_lcCooperative": 0.91, "bus_lcPushy": 0.11, "bus_lcSublane": 0.18, "bus_max_v": 14.0, "bus_tau_mean": 1.19, "bus_tau_std": 13.6, "car_acc": 1.48, "car_dcc": 3.04, "car_lcCooperative": 0.07, "car_lcPushy": 0.12, "car_lcSublane": 0.57, "car_max_v": 10.05, "car_tau_mean": 1.13, "car_tau_std": 4.8}, "datetime": {"datetime": "2024-07-31 17:40:06", "elapsed": 19278.109055, "delta": 13.740426}}
{"target": 58.0004084574779, "params": {"bus_acc": 1.89, "bus_dcc": 2.8, "bus_lcCooperative": 0.52, "bus_lcPushy": 0.18, "bus_lcSublane": 0.96, "bus_max_v": 13.72, "bus_tau_mean": 2.65, "bus_tau_std": 8.27, "car_acc": 1.83, "car_dcc": 3.27, "car_lcCooperative": 0.73, "car_lcPushy": 0.34, "car_lcSublane": 0.14, "car_max_v": 8.44, "car_tau_mean": 2.04, "car_tau_std": 11.5}, "datetime": {"datetime": "2024-07-31 17:42:23", "elapsed": 19415.246546, "delta": 137.137491}}
{"target": 57.927190620823765, "params": {"bus_acc": 1.27, "bus_dcc": 1.89, "bus_lcCooperative": 0.89, "bus_lcPushy": 0.47, "bus_lcSublane": 0.56, "bus_max_v": 12.42, "bus_tau_mean": 2.37, "bus_tau_std": 0.68, "car_acc": 1.29, "car_dcc": 2.6, "car_lcCooperative": 0.02, "car_lcPushy": 0.42, "car_lcSublane": 0.1, "car_max_v": 8.4, "car_tau_mean": 2.4, "car_tau_std": 7.94}, "datetime": {"datetime": "2024-07-31 17:44:21", "elapsed": 19533.36995, "delta": 118.123404}}
{"target": 58.13410625080636, "params": {"bus_acc": 1.02, "bus_dcc": 1.58, "bus_lcCooperative": 0.15, "bus_lcPushy": 0.22, "bus_lcSublane": 0.75, "bus_max_v": 13.95, "bus_tau_mean": 2.06, "bus_tau_std": 5.35, "car_acc": 1.01, "car_dcc": 2.64, "car_lcCooperative": 0.16, "car_lcPushy": 0.93, "car_lcSublane": 0.41, "car_max_v": 9.45, "car_tau_mean": 1.78, "car_tau_std": 6.5}, "datetime": {"datetime": "2024-07-31 17:45:33", "elapsed": 19605.528179, "delta": 72.158229}}
{"target": 57.894916259526276, "params": {"bus_acc": 1.72, "bus_dcc": 1.32, "bus_lcCooperative": 0.26, "bus_lcPushy": 0.44, "bus_lcSublane": 0.75, "bus_max_v": 13.11, "bus_tau_mean": 2.89, "bus_tau_std": 12.26, "car_acc": 1.88, "car_dcc": 3.78, "car_lcCooperative": 0.67, "car_lcPushy": 0.98, "car_lcSublane": 0.76, "car_max_v": 9.08, "car_tau_mean": 2.49, "car_tau_std": 5.86}, "datetime": {"datetime": "2024-07-31 17:46:30", "elapsed": 19661.782868, "delta": 56.254689}}
{"target": 58.54037528656223, "params": {"bus_acc": 1.58, "bus_dcc": 1.91, "bus_lcCooperative": 0.55, "bus_lcPushy": 0.41, "bus_lcSublane": 0.66, "bus_max_v": 14.0, "bus_tau_mean": 1.14, "bus_tau_std": 5.98, "car_acc": 1.43, "car_dcc": 3.2, "car_lcCooperative": 0.18, "car_lcPushy": 0.67, "car_lcSublane": 0.93, "car_max_v": 8.68, "car_tau_mean": 2.57, "car_tau_std": 5.51}, "datetime": {"datetime": "2024-07-31 17:46:47", "elapsed": 19678.921609, "delta": 17.138741}}
{"target": 57.30233788433383, "params": {"bus_acc": 1.63, "bus_dcc": 3.37, "bus_lcCooperative": 0.43, "bus_lcPushy": 0.47, "bus_lcSublane": 0.26, "bus_max_v": 10.36, "bus_tau_mean": 2.86, "bus_tau_std": 12.91, "car_acc": 2.89, "car_dcc": 3.06, "car_lcCooperative": 0.17, "car_lcPushy": 0.96, "car_lcSublane": 0.62, "car_max_v": 9.19, "car_tau_mean": 2.92, "car_tau_std": 14.67}, "datetime": {"datetime": "2024-07-31 17:48:47", "elapsed": 19798.75534, "delta": 119.833731}}
