{"target": -0.042282041768038965, "params": {"bus_acc": 1.76, "bus_dcc": 3.16, "bus_lcAssertive": 92.48, "bus_lcCooperative": 0.45, "bus_lcLookaheadLeft": 91.26, "bus_lcPushy": 0.18, "bus_lcSublane": 0.9, "bus_max_v": 14.91, "bus_tau_mean": 1.25, "bus_tau_std": 5.63, "car_acc": 1.07, "car_dcc": 2.13, "car_lcAssertive": 19.3, "car_lcCooperative": 0.84, "car_lcLookaheadLeft": 29.69, "car_lcPushy": 0.04, "car_lcSublane": 0.4, "car_max_v": 19.07, "car_tau_mean": 3.26, "car_tau_std": 4.21}, "datetime": {"datetime": "2024-08-04 12:17:02", "elapsed": 2496.712919, "delta": 3.682235}}
{"target": -0.05503579957646857, "params": {"bus_acc": 2.51, "bus_dcc": 4.0, "bus_lcAssertive": 83.37, "bus_lcCooperative": 0.87, "bus_lcLookaheadLeft": 60.62, "bus_lcPushy": 0.19, "bus_lcSublane": 0.41, "bus_max_v": 15.81, "bus_tau_mean": 1.03, "bus_tau_std": 2.04, "car_acc": 2.91, "car_dcc": 3.2, "car_lcAssertive": 68.11, "car_lcCooperative": 0.15, "car_lcLookaheadLeft": 20.45, "car_lcPushy": 0.76, "car_lcSublane": 0.12, "car_max_v": 13.01, "car_tau_mean": 1.31, "car_tau_std": 4.29}, "datetime": {"datetime": "2024-08-04 12:17:16", "elapsed": 2510.714421, "delta": 14.001502}}
{"target": -0.05990025991121491, "params": {"bus_acc": 2.0, "bus_dcc": 1.93, "bus_lcAssertive": 29.85, "bus_lcCooperative": 0.67, "bus_lcLookaheadLeft": 22.31, "bus_lcPushy": 0.68, "bus_lcSublane": 0.65, "bus_max_v": 8.04, "bus_tau_mean": 3.98, "bus_tau_std": 9.29, "car_acc": 2.37, "car_dcc": 2.24, "car_lcAssertive": 75.9, "car_lcCooperative": 0.87, "car_lcLookaheadLeft": 98.46, "car_lcPushy": 0.76, "car_lcSublane": 0.72, "car_max_v": 20.88, "car_tau_mean": 3.61, "car_tau_std": 8.43}, "datetime": {"datetime": "2024-08-04 12:17:19", "elapsed": 2513.999155, "delta": 3.284734}}
{"target": -0.06172732697899493, "params": {"bus_acc": 2.12, "bus_dcc": 1.75, "bus_lcAssertive": 20.69, "bus_lcCooperative": 0.76, "bus_lcLookaheadLeft": 19.54, "bus_lcPushy": 0.48, "bus_lcSublane": 0.36, "bus_max_v": 23.18, "bus_tau_mean": 2.02, "bus_tau_std": 0.73, "car_acc": 1.09, "car_dcc": 3.04, "car_lcAssertive": 54.21, "car_lcCooperative": 0.79, "car_lcLookaheadLeft": 81.87, "car_lcPushy": 0.26, "car_lcSublane": 0.67, "car_max_v": 10.5, "car_tau_mean": 1.52, "car_tau_std": 2.64}, "datetime": {"datetime": "2024-08-04 12:17:22", "elapsed": 2516.593239, "delta": 2.594084}}
{"target": -0.05006918233026799, "params": {"bus_acc": 1.05, "bus_dcc": 2.18, "bus_lcAssertive": 72.73, "bus_lcCooperative": 0.88, "bus_lcLookaheadLeft": 51.04, "bus_lcPushy": 0.22, "bus_lcSublane": 0.84, "bus_max_v": 9.66, "bus_tau_mean": 1.24, "bus_tau_std": 8.24, "car_acc": 1.83, "car_dcc": 2.34, "car_lcAssertive": 57.33, "car_lcCooperative": 0.12, "car_lcLookaheadLeft": 31.06, "car_lcPushy": 0.5, "car_lcSublane": 0.22, "car_max_v": 15.68, "car_tau_mean": 3.8, "car_tau_std": 8.49}, "datetime": {"datetime": "2024-08-04 12:17:25", "elapsed": 2519.189385, "delta": 2.596146}}
{"target": -0.05486232117825559, "params": {"bus_acc": 2.32, "bus_dcc": 1.85, "bus_lcAssertive": 20.74, "bus_lcCooperative": 0.23, "bus_lcLookaheadLeft": 72.49, "bus_lcPushy": 0.2, "bus_lcSublane": 0.17, "bus_max_v": 10.08, "bus_tau_mean": 3.99, "bus_tau_std": 6.7, "car_acc": 2.15, "car_dcc": 1.35, "car_lcAssertive": 41.13, "car_lcCooperative": 0.07, "car_lcLookaheadLeft": 60.06, "car_lcPushy": 0.29, "car_lcSublane": 0.13, "car_max_v": 12.18, "car_tau_mean": 2.9, "car_tau_std": 3.67}, "datetime": {"datetime": "2024-08-04 12:17:28", "elapsed": 2522.237757, "delta": 3.048372}}
{"target": -0.052165023280430656, "params": {"bus_acc": 2.17, "bus_dcc": 1.28, "bus_lcAssertive": 87.2, "bus_lcCooperative": 0.06, "bus_lcLookaheadLeft": 32.39, "bus_lcPushy": 0.14, "bus_lcSublane": 0.55, "bus_max_v": 18.43, "bus_tau_mean": 1.88, "bus_tau_std": 3.37, "car_acc": 1.67, "car_dcc": 3.0, "car_lcAssertive": 70.41, "car_lcCooperative": 0.32, "car_lcLookaheadLeft": 75.75, "car_lcPushy": 0.78, "car_lcSublane": 0.02, "car_max_v": 27.22, "car_tau_mean": 2.35, "car_tau_std": 2.99}, "datetime": {"datetime": "2024-08-04 12:17:32", "elapsed": 2526.298727, "delta": 4.06097}}
{"target": -0.055944410269067164, "params": {"bus_acc": 1.65, "bus_dcc": 3.13, "bus_lcAssertive": 34.75, "bus_lcCooperative": 0.08, "bus_lcLookaheadLeft": 96.5, "bus_lcPushy": 0.04, "bus_lcSublane": 0.7, "bus_max_v": 24.58, "bus_tau_mean": 2.19, "bus_tau_std": 1.29, "car_acc": 2.22, "car_dcc": 2.7, "car_lcAssertive": 93.84, "car_lcCooperative": 0.38, "car_lcLookaheadLeft": 96.82, "car_lcPushy": 0.16, "car_lcSublane": 0.44, "car_max_v": 21.24, "car_tau_mean": 0.76, "car_tau_std": 8.87}, "datetime": {"datetime": "2024-08-04 12:17:47", "elapsed": 2541.621713, "delta": 15.322986}}
{"target": -0.04448164381371906, "params": {"bus_acc": 2.85, "bus_dcc": 2.34, "bus_lcAssertive": 48.37, "bus_lcCooperative": 0.49, "bus_lcLookaheadLeft": 60.97, "bus_lcPushy": 0.82, "bus_lcSublane": 0.65, "bus_max_v": 27.15, "bus_tau_mean": 3.17, "bus_tau_std": 3.92, "car_acc": 1.2, "car_dcc": 3.45, "car_lcAssertive": 34.95, "car_lcCooperative": 0.8, "car_lcLookaheadLeft": 7.55, "car_lcPushy": 0.79, "car_lcSublane": 0.31, "car_max_v": 22.36, "car_tau_mean": 2.25, "car_tau_std": 7.36}, "datetime": {"datetime": "2024-08-04 12:17:49", "elapsed": 2543.672212, "delta": 2.050499}}
{"target": -0.04919065649142865, "params": {"bus_acc": 1.35, "bus_dcc": 2.3, "bus_lcAssertive": 51.65, "bus_lcCooperative": 0.04, "bus_lcLookaheadLeft": 99.28, "bus_lcPushy": 0.88, "bus_lcSublane": 0.85, "bus_max_v": 18.65, "bus_tau_mean": 2.89, "bus_tau_std": 4.05, "car_acc": 2.34, "car_dcc": 2.17, "car_lcAssertive": 11.2, "car_lcCooperative": 0.49, "car_lcLookaheadLeft": 21.89, "car_lcPushy": 0.62, "car_lcSublane": 0.77, "car_max_v": 14.58, "car_tau_mean": 1.16, "car_tau_std": 5.19}, "datetime": {"datetime": "2024-08-04 12:17:57", "elapsed": 2551.109536, "delta": 7.437324}}
{"target": -0.05771366055648425, "params": {"bus_acc": 2.73, "bus_dcc": 3.96, "bus_lcAssertive": 17.98, "bus_lcCooperative": 0.89, "bus_lcLookaheadLeft": 71.54, "bus_lcPushy": 0.38, "bus_lcSublane": 0.69, "bus_max_v": 9.48, "bus_tau_mean": 0.81, "bus_tau_std": 4.2, "car_acc": 2.78, "car_dcc": 1.83, "car_lcAssertive": 94.8, "car_lcCooperative": 0.03, "car_lcLookaheadLeft": 2.46, "car_lcPushy": 0.58, "car_lcSublane": 0.33, "car_max_v": 24.45, "car_tau_mean": 3.87, "car_tau_std": 4.32}, "datetime": {"datetime": "2024-08-04 12:18:15", "elapsed": 2570.005056, "delta": 18.89552}}
{"target": -0.05460891437793891, "params": {"bus_acc": 1.75, "bus_dcc": 3.12, "bus_lcAssertive": 85.39, "bus_lcCooperative": 0.11, "bus_lcLookaheadLeft": 7.01, "bus_lcPushy": 0.19, "bus_lcSublane": 0.61, "bus_max_v": 17.38, "bus_tau_mean": 2.31, "bus_tau_std": 8.59, "car_acc": 1.53, "car_dcc": 2.12, "car_lcAssertive": 12.45, "car_lcCooperative": 0.6, "car_lcLookaheadLeft": 96.81, "car_lcPushy": 0.17, "car_lcSublane": 0.54, "car_max_v": 25.37, "car_tau_mean": 1.75, "car_tau_std": 8.13}, "datetime": {"datetime": "2024-08-04 12:18:22", "elapsed": 2577.087759, "delta": 7.082703}}
{"target": -0.04740435905024418, "params": {"bus_acc": 2.05, "bus_dcc": 2.36, "bus_lcAssertive": 83.04, "bus_lcCooperative": 0.92, "bus_lcLookaheadLeft": 71.4, "bus_lcPushy": 0.65, "bus_lcSublane": 0.79, "bus_max_v": 19.58, "bus_tau_mean": 2.94, "bus_tau_std": 2.27, "car_acc": 1.29, "car_dcc": 2.65, "car_lcAssertive": 7.54, "car_lcCooperative": 0.97, "car_lcLookaheadLeft": 98.97, "car_lcPushy": 0.66, "car_lcSublane": 0.57, "car_max_v": 19.95, "car_tau_mean": 0.54, "car_tau_std": 1.85}, "datetime": {"datetime": "2024-08-04 12:18:29", "elapsed": 2583.734422, "delta": 6.646663}}
{"target": -0.0451623799471238, "params": {"bus_acc": 2.19, "bus_dcc": 3.57, "bus_lcAssertive": 22.29, "bus_lcCooperative": 0.09, "bus_lcLookaheadLeft": 91.33, "bus_lcPushy": 0.54, "bus_lcSublane": 0.86, "bus_max_v": 18.63, "bus_tau_mean": 2.22, "bus_tau_std": 6.77, "car_acc": 1.29, "car_dcc": 3.9, "car_lcAssertive": 16.77, "car_lcCooperative": 0.72, "car_lcLookaheadLeft": 62.04, "car_lcPushy": 0.95, "car_lcSublane": 0.75, "car_max_v": 20.43, "car_tau_mean": 3.61, "car_tau_std": 4.29}, "datetime": {"datetime": "2024-08-04 12:18:43", "elapsed": 2597.245546, "delta": 13.511124}}
{"target": -0.058009393350920785, "params": {"bus_acc": 2.0, "bus_dcc": 1.15, "bus_lcAssertive": 18.01, "bus_lcCooperative": 0.91, "bus_lcLookaheadLeft": 4.64, "bus_lcPushy": 0.46, "bus_lcSublane": 0.98, "bus_max_v": 25.75, "bus_tau_mean": 2.65, "bus_tau_std": 5.7, "car_acc": 2.81, "car_dcc": 2.56, "car_lcAssertive": 17.05, "car_lcCooperative": 0.78, "car_lcLookaheadLeft": 35.83, "car_lcPushy": 0.8, "car_lcSublane": 0.3, "car_max_v": 20.38, "car_tau_mean": 1.63, "car_tau_std": 5.31}, "datetime": {"datetime": "2024-08-04 12:18:45", "elapsed": 2599.328908, "delta": 2.083362}}
{"target": -0.041020884468844, "params": {"bus_acc": 2.63, "bus_dcc": 1.02, "bus_lcAssertive": 57.62, "bus_lcCooperative": 0.35, "bus_lcLookaheadLeft": 2.17, "bus_lcPushy": 0.91, "bus_lcSublane": 0.7, "bus_max_v": 25.99, "bus_tau_mean": 1.86, "bus_tau_std": 1.77, "car_acc": 2.21, "car_dcc": 3.46, "car_lcAssertive": 8.67, "car_lcCooperative": 0.09, "car_lcLookaheadLeft": 39.83, "car_lcPushy": 0.68, "car_lcSublane": 0.49, "car_max_v": 10.49, "car_tau_mean": 3.47, "car_tau_std": 2.67}, "datetime": {"datetime": "2024-08-04 12:18:47", "elapsed": 2601.755589, "delta": 2.426681}}
{"target": -0.05554265084768878, "params": {"bus_acc": 2.9, "bus_dcc": 1.52, "bus_lcAssertive": 98.77, "bus_lcCooperative": 0.57, "bus_lcLookaheadLeft": 15.51, "bus_lcPushy": 0.98, "bus_lcSublane": 0.33, "bus_max_v": 11.5, "bus_tau_mean": 1.7, "bus_tau_std": 8.4, "car_acc": 2.98, "car_dcc": 3.77, "car_lcAssertive": 6.74, "car_lcCooperative": 0.55, "car_lcLookaheadLeft": 66.66, "car_lcPushy": 0.58, "car_lcSublane": 0.53, "car_max_v": 24.77, "car_tau_mean": 1.06, "car_tau_std": 0.47}, "datetime": {"datetime": "2024-08-04 12:18:50", "elapsed": 2604.913193, "delta": 3.157604}}
{"target": -0.046537468129143056, "params": {"bus_acc": 2.8, "bus_dcc": 2.83, "bus_lcAssertive": 23.15, "bus_lcCooperative": 0.45, "bus_lcLookaheadLeft": 46.47, "bus_lcPushy": 0.87, "bus_lcSublane": 0.51, "bus_max_v": 23.4, "bus_tau_mean": 1.59, "bus_tau_std": 1.03, "car_acc": 1.73, "car_dcc": 2.12, "car_lcAssertive": 95.32, "car_lcCooperative": 0.92, "car_lcLookaheadLeft": 82.44, "car_lcPushy": 0.49, "car_lcSublane": 0.22, "car_max_v": 26.34, "car_tau_mean": 3.86, "car_tau_std": 4.86}, "datetime": {"datetime": "2024-08-04 12:18:58", "elapsed": 2612.487021, "delta": 7.573828}}
{"target": -0.05264775766364151, "params": {"bus_acc": 2.22, "bus_dcc": 3.8, "bus_lcAssertive": 51.97, "bus_lcCooperative": 0.16, "bus_lcLookaheadLeft": 19.73, "bus_lcPushy": 0.31, "bus_lcSublane": 0.31, "bus_max_v": 11.56, "bus_tau_mean": 0.85, "bus_tau_std": 3.39, "car_acc": 2.71, "car_dcc": 2.65, "car_lcAssertive": 61.09, "car_lcCooperative": 0.53, "car_lcLookaheadLeft": 81.38, "car_lcPushy": 0.6, "car_lcSublane": 0.25, "car_max_v": 25.23, "car_tau_mean": 2.5, "car_tau_std": 8.4}, "datetime": {"datetime": "2024-08-04 12:19:01", "elapsed": 2615.109347, "delta": 2.622326}}
{"target": -0.05225140879428646, "params": {"bus_acc": 1.61, "bus_dcc": 3.97, "bus_lcAssertive": 52.19, "bus_lcCooperative": 0.62, "bus_lcLookaheadLeft": 21.13, "bus_lcPushy": 0.56, "bus_lcSublane": 0.12, "bus_max_v": 18.68, "bus_tau_mean": 3.22, "bus_tau_std": 8.56, "car_acc": 1.85, "car_dcc": 1.73, "car_lcAssertive": 91.66, "car_lcCooperative": 0.95, "car_lcLookaheadLeft": 52.01, "car_lcPushy": 0.97, "car_lcSublane": 0.67, "car_max_v": 14.65, "car_tau_mean": 3.16, "car_tau_std": 9.33}, "datetime": {"datetime": "2024-08-04 12:19:03", "elapsed": 2617.801215, "delta": 2.691868}}
{"target": -0.045528646141376694, "params": {"bus_acc": 2.98, "bus_dcc": 1.84, "bus_lcAssertive": 93.46, "bus_lcCooperative": 0.98, "bus_lcLookaheadLeft": 67.77, "bus_lcPushy": 0.11, "bus_lcSublane": 0.98, "bus_max_v": 22.78, "bus_tau_mean": 2.65, "bus_tau_std": 1.99, "car_acc": 1.97, "car_dcc": 3.21, "car_lcAssertive": 81.98, "car_lcCooperative": 0.53, "car_lcLookaheadLeft": 39.14, "car_lcPushy": 0.14, "car_lcSublane": 0.81, "car_max_v": 11.16, "car_tau_mean": 2.66, "car_tau_std": 2.14}, "datetime": {"datetime": "2024-08-04 12:19:06", "elapsed": 2620.955149, "delta": 3.153934}}
{"target": -0.048988148977916514, "params": {"bus_acc": 2.98, "bus_dcc": 1.11, "bus_lcAssertive": 94.48, "bus_lcCooperative": 0.7, "bus_lcLookaheadLeft": 45.15, "bus_lcPushy": 0.22, "bus_lcSublane": 0.64, "bus_max_v": 10.35, "bus_tau_mean": 2.67, "bus_tau_std": 8.8, "car_acc": 1.47, "car_dcc": 3.31, "car_lcAssertive": 61.12, "car_lcCooperative": 0.3, "car_lcLookaheadLeft": 26.75, "car_lcPushy": 0.05, "car_lcSublane": 0.29, "car_max_v": 17.52, "car_tau_mean": 0.74, "car_tau_std": 9.86}, "datetime": {"datetime": "2024-08-04 12:19:31", "elapsed": 2645.642638, "delta": 24.687489}}
{"target": -0.05414249834732871, "params": {"bus_acc": 2.6, "bus_dcc": 1.54, "bus_lcAssertive": 96.31, "bus_lcCooperative": 0.88, "bus_lcLookaheadLeft": 95.72, "bus_lcPushy": 0.52, "bus_lcSublane": 0.37, "bus_max_v": 27.43, "bus_tau_mean": 0.76, "bus_tau_std": 2.66, "car_acc": 2.6, "car_dcc": 2.84, "car_lcAssertive": 56.37, "car_lcCooperative": 0.16, "car_lcLookaheadLeft": 90.52, "car_lcPushy": 0.37, "car_lcSublane": 0.08, "car_max_v": 17.05, "car_tau_mean": 1.03, "car_tau_std": 5.14}, "datetime": {"datetime": "2024-08-04 12:19:33", "elapsed": 2648.090141, "delta": 2.447503}}
{"target": -0.046997059193106865, "params": {"bus_acc": 2.07, "bus_dcc": 2.49, "bus_lcAssertive": 69.19, "bus_lcCooperative": 0.59, "bus_lcLookaheadLeft": 2.91, "bus_lcPushy": 0.5, "bus_lcSublane": 0.18, "bus_max_v": 23.7, "bus_tau_mean": 3.47, "bus_tau_std": 2.73, "car_acc": 2.85, "car_dcc": 3.33, "car_lcAssertive": 3.38, "car_lcCooperative": 0.75, "car_lcLookaheadLeft": 26.47, "car_lcPushy": 0.96, "car_lcSublane": 0.63, "car_max_v": 14.39, "car_tau_mean": 2.48, "car_tau_std": 8.19}, "datetime": {"datetime": "2024-08-04 12:19:36", "elapsed": 2650.877842, "delta": 2.787701}}
{"target": -0.05077725245161585, "params": {"bus_acc": 1.4, "bus_dcc": 2.17, "bus_lcAssertive": 58.78, "bus_lcCooperative": 0.06, "bus_lcLookaheadLeft": 5.62, "bus_lcPushy": 0.89, "bus_lcSublane": 0.64, "bus_max_v": 9.28, "bus_tau_mean": 1.31, "bus_tau_std": 1.78, "car_acc": 2.27, "car_dcc": 3.65, "car_lcAssertive": 83.46, "car_lcCooperative": 0.04, "car_lcLookaheadLeft": 18.12, "car_lcPushy": 0.36, "car_lcSublane": 0.51, "car_max_v": 15.06, "car_tau_mean": 1.57, "car_tau_std": 9.77}, "datetime": {"datetime": "2024-08-04 12:19:47", "elapsed": 2661.960905, "delta": 11.083063}}
{"target": -0.04735985012303209, "params": {"bus_acc": 1.61, "bus_dcc": 3.65, "bus_lcAssertive": 15.95, "bus_lcCooperative": 0.69, "bus_lcLookaheadLeft": 76.35, "bus_lcPushy": 0.59, "bus_lcSublane": 0.15, "bus_max_v": 11.21, "bus_tau_mean": 0.94, "bus_tau_std": 4.09, "car_acc": 1.82, "car_dcc": 2.4, "car_lcAssertive": 58.03, "car_lcCooperative": 0.26, "car_lcLookaheadLeft": 28.68, "car_lcPushy": 0.56, "car_lcSublane": 0.65, "car_max_v": 21.02, "car_tau_mean": 2.74, "car_tau_std": 0.09}, "datetime": {"datetime": "2024-08-04 12:19:50", "elapsed": 2665.057337, "delta": 3.096432}}
{"target": -0.054527523430447845, "params": {"bus_acc": 2.59, "bus_dcc": 2.77, "bus_lcAssertive": 32.22, "bus_lcCooperative": 0.61, "bus_lcLookaheadLeft": 33.23, "bus_lcPushy": 1.0, "bus_lcSublane": 0.05, "bus_max_v": 13.18, "bus_tau_mean": 1.11, "bus_tau_std": 4.32, "car_acc": 2.35, "car_dcc": 1.37, "car_lcAssertive": 14.94, "car_lcCooperative": 0.5, "car_lcLookaheadLeft": 39.42, "car_lcPushy": 0.55, "car_lcSublane": 0.94, "car_max_v": 28.47, "car_tau_mean": 1.58, "car_tau_std": 9.48}, "datetime": {"datetime": "2024-08-04 12:20:08", "elapsed": 2682.130576, "delta": 17.073239}}
{"target": -0.05222191551349579, "params": {"bus_acc": 1.22, "bus_dcc": 3.23, "bus_lcAssertive": 30.97, "bus_lcCooperative": 0.53, "bus_lcLookaheadLeft": 35.17, "bus_lcPushy": 0.82, "bus_lcSublane": 0.29, "bus_max_v": 22.17, "bus_tau_mean": 3.27, "bus_tau_std": 5.39, "car_acc": 2.84, "car_dcc": 1.43, "car_lcAssertive": 87.55, "car_lcCooperative": 0.74, "car_lcLookaheadLeft": 2.54, "car_lcPushy": 0.82, "car_lcSublane": 0.18, "car_max_v": 23.08, "car_tau_mean": 3.29, "car_tau_std": 8.99}, "datetime": {"datetime": "2024-08-04 12:20:21", "elapsed": 2695.785175, "delta": 13.654599}}
{"target": -0.04198674877114095, "params": {"bus_acc": 1.03, "bus_dcc": 3.15, "bus_lcAssertive": 17.84, "bus_lcCooperative": 0.97, "bus_lcLookaheadLeft": 5.2, "bus_lcPushy": 0.93, "bus_lcSublane": 0.5, "bus_max_v": 27.35, "bus_tau_mean": 2.67, "bus_tau_std": 1.26, "car_acc": 2.45, "car_dcc": 3.15, "car_lcAssertive": 60.91, "car_lcCooperative": 0.41, "car_lcLookaheadLeft": 54.34, "car_lcPushy": 0.83, "car_lcSublane": 0.97, "car_max_v": 8.4, "car_tau_mean": 3.61, "car_tau_std": 6.87}, "datetime": {"datetime": "2024-08-04 12:20:24", "elapsed": 2698.482863, "delta": 2.697688}}
{"target": -0.04730851973548147, "params": {"bus_acc": 2.88, "bus_dcc": 1.49, "bus_lcAssertive": 17.66, "bus_lcCooperative": 0.21, "bus_lcLookaheadLeft": 72.66, "bus_lcPushy": 0.09, "bus_lcSublane": 0.26, "bus_max_v": 17.64, "bus_tau_mean": 1.5, "bus_tau_std": 8.46, "car_acc": 1.2, "car_dcc": 1.24, "car_lcAssertive": 47.16, "car_lcCooperative": 0.46, "car_lcLookaheadLeft": 9.63, "car_lcPushy": 0.34, "car_lcSublane": 0.62, "car_max_v": 21.3, "car_tau_mean": 2.23, "car_tau_std": 3.92}, "datetime": {"datetime": "2024-08-04 12:20:26", "elapsed": 2701.03221, "delta": 2.549347}}
{"target": -0.048589330013690424, "params": {"bus_acc": 2.22, "bus_dcc": 1.83, "bus_lcAssertive": 47.84, "bus_lcCooperative": 0.2, "bus_lcLookaheadLeft": 31.19, "bus_lcPushy": 0.94, "bus_lcSublane": 0.56, "bus_max_v": 24.09, "bus_tau_mean": 2.41, "bus_tau_std": 3.24, "car_acc": 1.87, "car_dcc": 2.04, "car_lcAssertive": 77.2, "car_lcCooperative": 0.78, "car_lcLookaheadLeft": 39.68, "car_lcPushy": 0.2, "car_lcSublane": 0.91, "car_max_v": 12.51, "car_tau_mean": 1.1, "car_tau_std": 2.06}, "datetime": {"datetime": "2024-08-04 12:20:29", "elapsed": 2703.915203, "delta": 2.882993}}
{"target": -0.05087262652413943, "params": {"bus_acc": 1.85, "bus_dcc": 3.46, "bus_lcAssertive": 62.05, "bus_lcCooperative": 0.19, "bus_lcLookaheadLeft": 87.0, "bus_lcPushy": 0.56, "bus_lcSublane": 0.59, "bus_max_v": 19.79, "bus_tau_mean": 2.76, "bus_tau_std": 9.17, "car_acc": 1.47, "car_dcc": 2.38, "car_lcAssertive": 17.2, "car_lcCooperative": 0.41, "car_lcLookaheadLeft": 89.7, "car_lcPushy": 0.98, "car_lcSublane": 0.73, "car_max_v": 12.17, "car_tau_mean": 3.11, "car_tau_std": 9.55}, "datetime": {"datetime": "2024-08-04 12:20:43", "elapsed": 2717.958302, "delta": 14.043099}}
{"target": -0.04920235814687917, "params": {"bus_acc": 1.67, "bus_dcc": 2.08, "bus_lcAssertive": 77.04, "bus_lcCooperative": 0.49, "bus_lcLookaheadLeft": 66.21, "bus_lcPushy": 0.29, "bus_lcSublane": 0.98, "bus_max_v": 26.78, "bus_tau_mean": 1.11, "bus_tau_std": 4.37, "car_acc": 2.84, "car_dcc": 2.6, "car_lcAssertive": 78.68, "car_lcCooperative": 0.39, "car_lcLookaheadLeft": 63.79, "car_lcPushy": 0.37, "car_lcSublane": 0.97, "car_max_v": 10.96, "car_tau_mean": 0.56, "car_tau_std": 9.92}, "datetime": {"datetime": "2024-08-04 12:20:55", "elapsed": 2729.16474, "delta": 11.206438}}
{"target": -0.05143395742875101, "params": {"bus_acc": 2.19, "bus_dcc": 3.99, "bus_lcAssertive": 20.12, "bus_lcCooperative": 0.36, "bus_lcLookaheadLeft": 84.06, "bus_lcPushy": 0.9, "bus_lcSublane": 0.65, "bus_max_v": 12.83, "bus_tau_mean": 0.99, "bus_tau_std": 5.34, "car_acc": 1.35, "car_dcc": 2.51, "car_lcAssertive": 97.26, "car_lcCooperative": 0.08, "car_lcLookaheadLeft": 45.63, "car_lcPushy": 0.6, "car_lcSublane": 0.79, "car_max_v": 24.61, "car_tau_mean": 1.82, "car_tau_std": 1.23}, "datetime": {"datetime": "2024-08-04 12:20:57", "elapsed": 2732.104121, "delta": 2.939381}}
{"target": -0.05493613129816211, "params": {"bus_acc": 1.75, "bus_dcc": 2.83, "bus_lcAssertive": 62.34, "bus_lcCooperative": 0.94, "bus_lcLookaheadLeft": 52.78, "bus_lcPushy": 0.77, "bus_lcSublane": 0.41, "bus_max_v": 17.7, "bus_tau_mean": 3.56, "bus_tau_std": 8.88, "car_acc": 1.73, "car_dcc": 3.21, "car_lcAssertive": 57.4, "car_lcCooperative": 0.88, "car_lcLookaheadLeft": 95.89, "car_lcPushy": 0.1, "car_lcSublane": 0.87, "car_max_v": 29.65, "car_tau_mean": 2.1, "car_tau_std": 1.8}, "datetime": {"datetime": "2024-08-04 12:21:14", "elapsed": 2748.176981, "delta": 16.07286}}
{"target": -0.05016609365716799, "params": {"bus_acc": 2.91, "bus_dcc": 3.9, "bus_lcAssertive": 97.26, "bus_lcCooperative": 0.54, "bus_lcLookaheadLeft": 84.6, "bus_lcPushy": 0.8, "bus_lcSublane": 0.82, "bus_max_v": 17.15, "bus_tau_mean": 2.97, "bus_tau_std": 5.36, "car_acc": 1.48, "car_dcc": 2.33, "car_lcAssertive": 21.93, "car_lcCooperative": 0.82, "car_lcLookaheadLeft": 26.51, "car_lcPushy": 0.21, "car_lcSublane": 0.07, "car_max_v": 20.71, "car_tau_mean": 4.0, "car_tau_std": 7.9}, "datetime": {"datetime": "2024-08-04 12:21:16", "elapsed": 2750.807581, "delta": 2.6306}}
{"target": -0.053843765395756006, "params": {"bus_acc": 2.9, "bus_dcc": 1.51, "bus_lcAssertive": 23.86, "bus_lcCooperative": 0.51, "bus_lcLookaheadLeft": 47.45, "bus_lcPushy": 0.36, "bus_lcSublane": 0.65, "bus_max_v": 13.92, "bus_tau_mean": 1.0, "bus_tau_std": 1.06, "car_acc": 1.74, "car_dcc": 3.65, "car_lcAssertive": 24.6, "car_lcCooperative": 0.71, "car_lcLookaheadLeft": 14.95, "car_lcPushy": 0.99, "car_lcSublane": 0.3, "car_max_v": 17.06, "car_tau_mean": 3.81, "car_tau_std": 9.01}, "datetime": {"datetime": "2024-08-04 12:21:19", "elapsed": 2753.825441, "delta": 3.01786}}
