{"target": -0.04403349172514292, "params": {"bus_acc": 1.48, "bus_dcc": 1.77, "bus_lcAssertive": 73.45, "bus_lcCooperative": 0.93, "bus_lcLookaheadLeft": 58.29, "bus_lcPushy": 0.65, "bus_lcSublane": 0.92, "bus_tau_mean": 2.53, "bus_tau_std": 7.79, "bus_v_mean": 23.03, "bus_v_std": 3.17, "car_acc": 2.35, "car_dcc": 3.26, "car_lcAssertive": 79.9, "car_lcCooperative": 0.15, "car_lcLookaheadLeft": 26.63, "car_lcPushy": 0.24, "car_lcSublane": 0.88, "car_tau_mean": 1.6, "car_tau_std": 4.48, "car_v_mean": 11.44, "car_v_std": 0.93}, "datetime": {"datetime": "2024-08-04 15:31:50", "elapsed": 4252.875963, "delta": 13.004199}}
{"target": -0.02576410537927165, "params": {"bus_acc": 2.91, "bus_dcc": 3.2, "bus_lcAssertive": 66.28, "bus_lcCooperative": 0.72, "bus_lcLookaheadLeft": 17.05, "bus_lcPushy": 0.99, "bus_lcSublane": 0.91, "bus_tau_mean": 2.06, "bus_tau_std": 0.16, "bus_v_mean": 15.41, "bus_v_std": 5.42, "car_acc": 2.11, "car_dcc": 1.6, "car_lcAssertive": 43.56, "car_lcCooperative": 0.16, "car_lcLookaheadLeft": 79.52, "car_lcPushy": 0.95, "car_lcSublane": 0.88, "car_tau_mean": 3.55, "car_tau_std": 0.16, "car_v_mean": 8.16, "car_v_std": 3.84}, "datetime": {"datetime": "2024-08-04 15:31:59", "elapsed": 4262.584217, "delta": 9.708254}}
{"target": -0.025874049109225087, "params": {"bus_acc": 2.87, "bus_dcc": 3.2, "bus_lcAssertive": 66.28, "bus_lcCooperative": 0.72, "bus_lcLookaheadLeft": 17.05, "bus_lcPushy": 0.96, "bus_lcSublane": 0.87, "bus_tau_mean": 2.06, "bus_tau_std": 0.16, "bus_v_mean": 15.41, "bus_v_std": 5.42, "car_acc": 2.11, "car_dcc": 1.6, "car_lcAssertive": 43.56, "car_lcCooperative": 0.16, "car_lcLookaheadLeft": 79.52, "car_lcPushy": 0.91, "car_lcSublane": 0.88, "car_tau_mean": 3.55, "car_tau_std": 0.16, "car_v_mean": 8.16, "car_v_std": 3.84}, "datetime": {"datetime": "2024-08-04 15:32:42", "elapsed": 4304.945755, "delta": 42.361538}}
{"target": -0.025955291561395685, "params": {"bus_acc": 2.86, "bus_dcc": 3.19, "bus_lcAssertive": 66.27, "bus_lcCooperative": 0.71, "bus_lcLookaheadLeft": 17.04, "bus_lcPushy": 0.96, "bus_lcSublane": 0.86, "bus_tau_mean": 2.05, "bus_tau_std": 0.15, "bus_v_mean": 15.4, "bus_v_std": 5.41, "car_acc": 2.1, "car_dcc": 1.59, "car_lcAssertive": 43.55, "car_lcCooperative": 0.15, "car_lcLookaheadLeft": 79.51, "car_lcPushy": 0.9, "car_lcSublane": 0.87, "car_tau_mean": 3.54, "car_tau_std": 0.15, "car_v_mean": 8.15, "car_v_std": 3.83}, "datetime": {"datetime": "2024-08-04 15:32:56", "elapsed": 4319.467087, "delta": 14.521332}}
{"target": -0.024785613173975315, "params": {"bus_acc": 3.0, "bus_dcc": 3.36, "bus_lcAssertive": 66.44, "bus_lcCooperative": 0.88, "bus_lcLookaheadLeft": 17.21, "bus_lcPushy": 0.88, "bus_lcSublane": 1.0, "bus_tau_mean": 2.22, "bus_tau_std": 0.32, "bus_v_mean": 15.57, "bus_v_std": 5.58, "car_acc": 2.27, "car_dcc": 1.76, "car_lcAssertive": 43.72, "car_lcCooperative": 0.32, "car_lcLookaheadLeft": 79.68, "car_lcPushy": 0.98, "car_lcSublane": 0.98, "car_tau_mean": 3.71, "car_tau_std": 0.32, "car_v_mean": 8.32, "car_v_std": 4.0}, "datetime": {"datetime": "2024-08-04 15:32:59", "elapsed": 4322.399829, "delta": 2.932742}}
{"target": -0.03931440208459871, "params": {"bus_acc": 1.44, "bus_dcc": 2.58, "bus_lcAssertive": 90.02, "bus_lcCooperative": 0.17, "bus_lcLookaheadLeft": 56.8, "bus_lcPushy": 0.27, "bus_lcSublane": 0.95, "bus_tau_mean": 1.68, "bus_tau_std": 1.49, "bus_v_mean": 8.63, "bus_v_std": 2.02, "car_acc": 2.62, "car_dcc": 3.57, "car_lcAssertive": 2.91, "car_lcCooperative": 0.95, "car_lcLookaheadLeft": 93.92, "car_lcPushy": 0.86, "car_lcSublane": 0.64, "car_tau_mean": 3.38, "car_tau_std": 8.11, "car_v_mean": 22.44, "car_v_std": 5.0}, "datetime": {"datetime": "2024-08-04 15:33:03", "elapsed": 4325.950068, "delta": 3.550239}}
{"target": -0.04172274033037685, "params": {"bus_acc": 2.5, "bus_dcc": 1.58, "bus_lcAssertive": 5.42, "bus_lcCooperative": 0.88, "bus_lcLookaheadLeft": 42.24, "bus_lcPushy": 0.55, "bus_lcSublane": 0.59, "bus_tau_mean": 0.6, "bus_tau_std": 1.53, "bus_v_mean": 9.65, "bus_v_std": 0.29, "car_acc": 2.58, "car_dcc": 1.92, "car_lcAssertive": 78.85, "car_lcCooperative": 0.44, "car_lcLookaheadLeft": 92.41, "car_lcPushy": 0.65, "car_lcSublane": 0.59, "car_tau_mean": 2.64, "car_tau_std": 3.88, "car_v_mean": 13.94, "car_v_std": 0.0}, "datetime": {"datetime": "2024-08-04 15:33:08", "elapsed": 4331.263181, "delta": 5.313113}}
{"target": -0.041140774820252086, "params": {"bus_acc": 1.22, "bus_dcc": 3.97, "bus_lcAssertive": 49.68, "bus_lcCooperative": 0.75, "bus_lcLookaheadLeft": 30.82, "bus_lcPushy": 0.39, "bus_lcSublane": 0.57, "bus_tau_mean": 3.68, "bus_tau_std": 8.51, "bus_v_mean": 18.61, "bus_v_std": 8.08, "car_acc": 1.26, "car_dcc": 2.5, "car_lcAssertive": 39.18, "car_lcCooperative": 0.63, "car_lcLookaheadLeft": 18.43, "car_lcPushy": 0.32, "car_lcSublane": 0.78, "car_tau_mean": 2.4, "car_tau_std": 2.09, "car_v_mean": 14.29, "car_v_std": 2.98}, "datetime": {"datetime": "2024-08-04 15:33:21", "elapsed": 4344.585144, "delta": 13.321963}}
{"target": -0.03934704603352839, "params": {"bus_acc": 2.21, "bus_dcc": 1.65, "bus_lcAssertive": 19.27, "bus_lcCooperative": 0.06, "bus_lcLookaheadLeft": 60.19, "bus_lcPushy": 0.09, "bus_lcSublane": 0.79, "bus_tau_mean": 1.68, "bus_tau_std": 9.75, "bus_v_mean": 16.92, "bus_v_std": 3.7, "car_acc": 1.4, "car_dcc": 2.69, "car_lcAssertive": 83.08, "car_lcCooperative": 0.89, "car_lcLookaheadLeft": 34.86, "car_lcPushy": 0.38, "car_lcSublane": 0.58, "car_tau_mean": 1.61, "car_tau_std": 0.09, "car_v_mean": 18.55, "car_v_std": 6.89}, "datetime": {"datetime": "2024-08-04 15:33:25", "elapsed": 4347.88256, "delta": 3.297416}}
{"target": -0.046991863301935784, "params": {"bus_acc": 1.18, "bus_dcc": 2.51, "bus_lcAssertive": 74.13, "bus_lcCooperative": 0.16, "bus_lcLookaheadLeft": 89.65, "bus_lcPushy": 0.98, "bus_lcSublane": 0.16, "bus_tau_mean": 2.57, "bus_tau_std": 0.47, "bus_v_mean": 15.53, "bus_v_std": 6.65, "car_acc": 2.29, "car_dcc": 3.83, "car_lcAssertive": 62.02, "car_lcCooperative": 0.88, "car_lcLookaheadLeft": 10.24, "car_lcPushy": 0.65, "car_lcSublane": 0.1, "car_tau_mean": 3.98, "car_tau_std": 8.88, "car_v_mean": 19.35, "car_v_std": 3.73}, "datetime": {"datetime": "2024-08-04 15:33:27", "elapsed": 4350.588572, "delta": 2.706012}}
{"target": -0.027002580631411838, "params": {"bus_acc": 2.87, "bus_dcc": 3.2, "bus_lcAssertive": 66.28, "bus_lcCooperative": 0.72, "bus_lcLookaheadLeft": 17.05, "bus_lcPushy": 0.96, "bus_lcSublane": 0.87, "bus_tau_mean": 2.06, "bus_tau_std": 0.16, "bus_v_mean": 15.41, "bus_v_std": 5.42, "car_acc": 2.11, "car_dcc": 1.6, "car_lcAssertive": 43.56, "car_lcCooperative": 0.16, "car_lcLookaheadLeft": 79.52, "car_lcPushy": 0.9, "car_lcSublane": 0.88, "car_tau_mean": 3.55, "car_tau_std": 0.16, "car_v_mean": 8.16, "car_v_std": 3.84}, "datetime": {"datetime": "2024-08-04 15:33:31", "elapsed": 4354.179115, "delta": 3.590543}}
{"target": -0.03278159671412174, "params": {"bus_acc": 2.06, "bus_dcc": 2.56, "bus_lcAssertive": 80.86, "bus_lcCooperative": 0.77, "bus_lcLookaheadLeft": 40.58, "bus_lcPushy": 0.87, "bus_lcSublane": 0.36, "bus_tau_mean": 2.14, "bus_tau_std": 8.87, "bus_v_mean": 12.59, "bus_v_std": 7.55, "car_acc": 2.6, "car_dcc": 3.71, "car_lcAssertive": 7.3, "car_lcCooperative": 0.16, "car_lcLookaheadLeft": 89.32, "car_lcPushy": 0.01, "car_lcSublane": 0.68, "car_tau_mean": 3.76, "car_tau_std": 6.85, "car_v_mean": 10.75, "car_v_std": 4.49}, "datetime": {"datetime": "2024-08-04 15:33:34", "elapsed": 4357.167255, "delta": 2.98814}}
{"target": -0.034493252792985464, "params": {"bus_acc": 1.79, "bus_dcc": 3.43, "bus_lcAssertive": 49.56, "bus_lcCooperative": 0.14, "bus_lcLookaheadLeft": 31.7, "bus_lcPushy": 0.83, "bus_lcSublane": 0.01, "bus_tau_mean": 3.92, "bus_tau_std": 7.51, "bus_v_mean": 9.9, "bus_v_std": 6.28, "car_acc": 1.18, "car_dcc": 1.71, "car_lcAssertive": 76.17, "car_lcCooperative": 0.11, "car_lcLookaheadLeft": 68.22, "car_lcPushy": 0.68, "car_lcSublane": 0.87, "car_tau_mean": 1.32, "car_tau_std": 7.11, "car_v_mean": 18.98, "car_v_std": 7.2}, "datetime": {"datetime": "2024-08-04 15:34:03", "elapsed": 4386.651111, "delta": 29.483856}}
{"target": -0.03570368366032986, "params": {"bus_acc": 1.15, "bus_dcc": 2.93, "bus_lcAssertive": 96.37, "bus_lcCooperative": 0.15, "bus_lcLookaheadLeft": 51.03, "bus_lcPushy": 0.57, "bus_lcSublane": 0.21, "bus_tau_mean": 1.95, "bus_tau_std": 4.3, "bus_v_mean": 13.99, "bus_v_std": 5.05, "car_acc": 2.69, "car_dcc": 3.79, "car_lcAssertive": 65.69, "car_lcCooperative": 0.8, "car_lcLookaheadLeft": 37.55, "car_lcPushy": 0.4, "car_lcSublane": 0.72, "car_tau_mean": 2.57, "car_tau_std": 4.57, "car_v_mean": 8.54, "car_v_std": 8.6}, "datetime": {"datetime": "2024-08-04 15:34:13", "elapsed": 4396.37416, "delta": 9.723049}}
{"target": -0.03401019193757373, "params": {"bus_acc": 1.24, "bus_dcc": 2.77, "bus_lcAssertive": 91.58, "bus_lcCooperative": 0.82, "bus_lcLookaheadLeft": 67.28, "bus_lcPushy": 0.67, "bus_lcSublane": 0.27, "bus_tau_mean": 3.18, "bus_tau_std": 6.05, "bus_v_mean": 11.58, "bus_v_std": 9.66, "car_acc": 2.1, "car_dcc": 2.52, "car_lcAssertive": 5.37, "car_lcCooperative": 0.19, "car_lcLookaheadLeft": 91.55, "car_lcPushy": 0.83, "car_lcSublane": 0.2, "car_tau_mean": 3.57, "car_tau_std": 7.06, "car_v_mean": 11.88, "car_v_std": 5.26}, "datetime": {"datetime": "2024-08-04 15:34:16", "elapsed": 4399.327209, "delta": 2.953049}}
{"target": -0.04696209398736126, "params": {"bus_acc": 1.05, "bus_dcc": 3.27, "bus_lcAssertive": 32.29, "bus_lcCooperative": 0.24, "bus_lcLookaheadLeft": 10.69, "bus_lcPushy": 0.53, "bus_lcSublane": 0.3, "bus_tau_mean": 3.82, "bus_tau_std": 1.21, "bus_v_mean": 19.82, "bus_v_std": 6.53, "car_acc": 1.84, "car_dcc": 1.1, "car_lcAssertive": 87.7, "car_lcCooperative": 0.1, "car_lcLookaheadLeft": 22.86, "car_lcPushy": 0.27, "car_lcSublane": 0.5, "car_tau_mean": 0.57, "car_tau_std": 6.85, "car_v_mean": 22.36, "car_v_std": 3.98}, "datetime": {"datetime": "2024-08-04 15:34:38", "elapsed": 4421.012598, "delta": 21.685389}}
{"target": -0.03700407947445214, "params": {"bus_acc": 1.72, "bus_dcc": 3.97, "bus_lcAssertive": 68.4, "bus_lcCooperative": 0.7, "bus_lcLookaheadLeft": 49.32, "bus_lcPushy": 0.77, "bus_lcSublane": 0.66, "bus_tau_mean": 3.99, "bus_tau_std": 6.21, "bus_v_mean": 13.85, "bus_v_std": 8.94, "car_acc": 2.74, "car_dcc": 2.77, "car_lcAssertive": 6.33, "car_lcCooperative": 0.67, "car_lcLookaheadLeft": 15.76, "car_lcPushy": 0.14, "car_lcSublane": 0.95, "car_tau_mean": 2.2, "car_tau_std": 4.37, "car_v_mean": 8.5, "car_v_std": 9.67}, "datetime": {"datetime": "2024-08-04 15:34:45", "elapsed": 4428.182311, "delta": 7.169713}}
{"target": -0.04706714101153495, "params": {"bus_acc": 1.44, "bus_dcc": 3.76, "bus_lcAssertive": 83.05, "bus_lcCooperative": 0.75, "bus_lcLookaheadLeft": 59.53, "bus_lcPushy": 0.96, "bus_lcSublane": 0.4, "bus_tau_mean": 2.46, "bus_tau_std": 8.81, "bus_v_mean": 20.56, "bus_v_std": 2.11, "car_acc": 1.62, "car_dcc": 3.72, "car_lcAssertive": 34.2, "car_lcCooperative": 0.92, "car_lcLookaheadLeft": 34.89, "car_lcPushy": 0.57, "car_lcSublane": 0.1, "car_tau_mean": 0.96, "car_tau_std": 9.93, "car_v_mean": 18.94, "car_v_std": 7.96}, "datetime": {"datetime": "2024-08-04 15:34:55", "elapsed": 4438.238816, "delta": 10.056505}}
{"target": -0.02434257668975712, "params": {"bus_acc": 2.87, "bus_dcc": 3.2, "bus_lcAssertive": 66.28, "bus_lcCooperative": 0.72, "bus_lcLookaheadLeft": 17.05, "bus_lcPushy": 0.96, "bus_lcSublane": 0.87, "bus_tau_mean": 2.06, "bus_tau_std": 0.16, "bus_v_mean": 15.41, "bus_v_std": 5.42, "car_acc": 2.11, "car_dcc": 1.6, "car_lcAssertive": 43.56, "car_lcCooperative": 0.16, "car_lcLookaheadLeft": 79.52, "car_lcPushy": 0.9, "car_lcSublane": 0.88, "car_tau_mean": 3.55, "car_tau_std": 0.16, "car_v_mean": 8.16, "car_v_std": 3.83}, "datetime": {"datetime": "2024-08-04 15:35:07", "elapsed": 4450.162685, "delta": 11.923869}}
{"target": -0.02473400595853667, "params": {"bus_acc": 2.84, "bus_dcc": 3.2, "bus_lcAssertive": 66.26, "bus_lcCooperative": 0.73, "bus_lcLookaheadLeft": 17.03, "bus_lcPushy": 0.94, "bus_lcSublane": 0.85, "bus_tau_mean": 2.06, "bus_tau_std": 0.18, "bus_v_mean": 15.39, "bus_v_std": 5.4, "car_acc": 2.11, "car_dcc": 1.61, "car_lcAssertive": 43.54, "car_lcCooperative": 0.18, "car_lcLookaheadLeft": 79.5, "car_lcPushy": 0.93, "car_lcSublane": 0.89, "car_tau_mean": 3.54, "car_tau_std": 0.18, "car_v_mean": 8.18, "car_v_std": 3.83}, "datetime": {"datetime": "2024-08-04 15:35:10", "elapsed": 4453.125431, "delta": 2.962746}}
{"target": -0.03448286881071354, "params": {"bus_acc": 2.08, "bus_dcc": 1.82, "bus_lcAssertive": 56.6, "bus_lcCooperative": 0.2, "bus_lcLookaheadLeft": 43.0, "bus_lcPushy": 0.95, "bus_lcSublane": 0.43, "bus_tau_mean": 1.09, "bus_tau_std": 0.7, "bus_v_mean": 8.8, "bus_v_std": 0.48, "car_acc": 1.39, "car_dcc": 3.59, "car_lcAssertive": 41.52, "car_lcCooperative": 0.65, "car_lcLookaheadLeft": 53.61, "car_lcPushy": 0.94, "car_lcSublane": 0.28, "car_tau_mean": 1.59, "car_tau_std": 4.92, "car_v_mean": 8.58, "car_v_std": 5.15}, "datetime": {"datetime": "2024-08-04 15:35:13", "elapsed": 4456.08803, "delta": 2.962599}}
{"target": -0.040937810627266584, "params": {"bus_acc": 1.81, "bus_dcc": 2.62, "bus_lcAssertive": 27.75, "bus_lcCooperative": 0.69, "bus_lcLookaheadLeft": 28.68, "bus_lcPushy": 0.81, "bus_lcSublane": 0.42, "bus_tau_mean": 2.42, "bus_tau_std": 5.83, "bus_v_mean": 17.08, "bus_v_std": 8.95, "car_acc": 2.71, "car_dcc": 3.4, "car_lcAssertive": 93.54, "car_lcCooperative": 0.33, "car_lcLookaheadLeft": 27.34, "car_lcPushy": 0.64, "car_lcSublane": 0.1, "car_tau_mean": 1.47, "car_tau_std": 3.73, "car_v_mean": 16.19, "car_v_std": 9.91}, "datetime": {"datetime": "2024-08-04 15:35:16", "elapsed": 4458.98662, "delta": 2.89859}}
{"target": -0.04632969061581712, "params": {"bus_acc": 2.88, "bus_dcc": 3.63, "bus_lcAssertive": 94.3, "bus_lcCooperative": 0.28, "bus_lcLookaheadLeft": 79.03, "bus_lcPushy": 0.37, "bus_lcSublane": 0.44, "bus_tau_mean": 1.05, "bus_tau_std": 1.52, "bus_v_mean": 17.73, "bus_v_std": 9.37, "car_acc": 1.98, "car_dcc": 1.81, "car_lcAssertive": 60.89, "car_lcCooperative": 0.69, "car_lcLookaheadLeft": 94.33, "car_lcPushy": 0.09, "car_lcSublane": 0.49, "car_tau_mean": 2.02, "car_tau_std": 6.57, "car_v_mean": 15.19, "car_v_std": 2.23}, "datetime": {"datetime": "2024-08-04 15:35:19", "elapsed": 4462.082218, "delta": 3.095598}}
{"target": -0.032547174229624894, "params": {"bus_acc": 2.6, "bus_dcc": 3.26, "bus_lcAssertive": 4.18, "bus_lcCooperative": 0.66, "bus_lcLookaheadLeft": 93.96, "bus_lcPushy": 0.37, "bus_lcSublane": 0.56, "bus_tau_mean": 1.66, "bus_tau_std": 5.54, "bus_v_mean": 16.04, "bus_v_std": 8.06, "car_acc": 2.85, "car_dcc": 1.29, "car_lcAssertive": 88.18, "car_lcCooperative": 0.37, "car_lcLookaheadLeft": 12.11, "car_lcPushy": 0.35, "car_lcSublane": 0.4, "car_tau_mean": 0.94, "car_tau_std": 9.18, "car_v_mean": 9.94, "car_v_std": 5.77}, "datetime": {"datetime": "2024-08-04 15:35:23", "elapsed": 4466.270767, "delta": 4.188549}}
{"target": -0.041993456160098815, "params": {"bus_acc": 1.64, "bus_dcc": 1.35, "bus_lcAssertive": 78.25, "bus_lcCooperative": 0.0, "bus_lcLookaheadLeft": 44.43, "bus_lcPushy": 0.8, "bus_lcSublane": 0.62, "bus_tau_mean": 3.93, "bus_tau_std": 9.71, "bus_v_mean": 13.07, "bus_v_std": 0.66, "car_acc": 2.2, "car_dcc": 1.72, "car_lcAssertive": 43.84, "car_lcCooperative": 0.2, "car_lcLookaheadLeft": 28.04, "car_lcPushy": 0.96, "car_lcSublane": 0.52, "car_tau_mean": 3.14, "car_tau_std": 9.73, "car_v_mean": 16.83, "car_v_std": 7.5}, "datetime": {"datetime": "2024-08-04 15:35:27", "elapsed": 4469.897998, "delta": 3.627231}}
{"target": -0.023001274885309977, "params": {"bus_acc": 2.9, "bus_dcc": 3.2, "bus_lcAssertive": 66.28, "bus_lcCooperative": 0.72, "bus_lcLookaheadLeft": 17.05, "bus_lcPushy": 0.97, "bus_lcSublane": 0.9, "bus_tau_mean": 2.06, "bus_tau_std": 0.16, "bus_v_mean": 15.41, "bus_v_std": 5.42, "car_acc": 2.11, "car_dcc": 1.6, "car_lcAssertive": 43.56, "car_lcCooperative": 0.16, "car_lcLookaheadLeft": 79.52, "car_lcPushy": 0.94, "car_lcSublane": 0.88, "car_tau_mean": 3.55, "car_tau_std": 0.16, "car_v_mean": 8.16, "car_v_std": 3.84}, "datetime": {"datetime": "2024-08-04 15:35:48", "elapsed": 4491.719535, "delta": 21.821537}}
{"target": -0.03658914953980128, "params": {"bus_acc": 2.58, "bus_dcc": 3.79, "bus_lcAssertive": 27.73, "bus_lcCooperative": 0.58, "bus_lcLookaheadLeft": 84.01, "bus_lcPushy": 0.62, "bus_lcSublane": 0.54, "bus_tau_mean": 3.5, "bus_tau_std": 3.96, "bus_v_mean": 18.22, "bus_v_std": 1.99, "car_acc": 2.87, "car_dcc": 3.06, "car_lcAssertive": 49.16, "car_lcCooperative": 0.18, "car_lcLookaheadLeft": 96.61, "car_lcPushy": 0.77, "car_lcSublane": 0.84, "car_tau_mean": 1.82, "car_tau_std": 6.87, "car_v_mean": 15.05, "car_v_std": 8.0}, "datetime": {"datetime": "2024-08-04 15:35:58", "elapsed": 4501.19092, "delta": 9.471385}}
{"target": -0.039218264206096504, "params": {"bus_acc": 1.24, "bus_dcc": 1.26, "bus_lcAssertive": 33.38, "bus_lcCooperative": 0.63, "bus_lcLookaheadLeft": 59.19, "bus_lcPushy": 0.72, "bus_lcSublane": 0.97, "bus_tau_mean": 0.91, "bus_tau_std": 6.03, "bus_v_mean": 20.26, "bus_v_std": 9.17, "car_acc": 2.73, "car_dcc": 1.72, "car_lcAssertive": 78.93, "car_lcCooperative": 0.58, "car_lcLookaheadLeft": 37.01, "car_lcPushy": 0.51, "car_lcSublane": 0.28, "car_tau_mean": 2.39, "car_tau_std": 9.98, "car_v_mean": 19.22, "car_v_std": 9.55}, "datetime": {"datetime": "2024-08-04 15:36:14", "elapsed": 4517.355076, "delta": 16.164156}}
{"target": -0.024839332335732697, "params": {"bus_acc": 2.9, "bus_dcc": 3.2, "bus_lcAssertive": 66.28, "bus_lcCooperative": 0.72, "bus_lcLookaheadLeft": 17.05, "bus_lcPushy": 0.97, "bus_lcSublane": 0.9, "bus_tau_mean": 2.06, "bus_tau_std": 0.16, "bus_v_mean": 15.41, "bus_v_std": 5.42, "car_acc": 2.11, "car_dcc": 1.6, "car_lcAssertive": 43.56, "car_lcCooperative": 0.16, "car_lcLookaheadLeft": 79.52, "car_lcPushy": 0.94, "car_lcSublane": 0.87, "car_tau_mean": 3.55, "car_tau_std": 0.16, "car_v_mean": 8.16, "car_v_std": 3.84}, "datetime": {"datetime": "2024-08-04 15:36:17", "elapsed": 4520.656099, "delta": 3.301023}}
