{"target": -0.2960135930018515, "params": {"bus_acc": 4.1195, "bus_dcc": 3.1469, "bus_lcAssertive": 68.2392, "bus_lcCooperative": 0.007, "bus_lcLookaheadLeft": 20.2668, "bus_lcPushy": 0.5165, "bus_lcSigma": 0.9768, "bus_lcSpeedGainRight": 4.5782, "bus_lcSublane": 0.0416, "bus_sigma": 0.2828, "bus_tau_mean": 2.5376, "bus_tau_std": 1.0934, "bus_v_mean": 22.8301, "bus_v_std": 9.3171, "car_acc": 3.2106, "car_dcc": 1.4878, "car_lcAssertive": 87.0203, "car_lcCooperative": 0.347, "car_lcLookaheadLeft": 49.9646, "car_lcPushy": 0.9615, "car_lcSigma": 0.5905, "car_lcSpeedGainRight": 4.2046, "car_lcSublane": 0.2702, "car_sigma": 0.4183, "car_tau_mean": 1.4648, "car_tau_std": 4.7962, "car_v_mean": 18.8784, "car_v_std": 13.3544}, "datetime": {"datetime": "2024-08-08 17:58:09", "elapsed": 2074.40395, "delta": 3.695248}}
{"target": -0.2935293335878184, "params": {"bus_acc": 4.9245, "bus_dcc": 3.1912, "bus_lcAssertive": 75.417, "bus_lcCooperative": 0.0183, "bus_lcLookaheadLeft": 62.7904, "bus_lcPushy": 0.9175, "bus_lcSigma": 0.2698, "bus_lcSpeedGainRight": 0.5687, "bus_lcSublane": 0.2017, "bus_sigma": 0.1492, "bus_tau_mean": 0.9669, "bus_tau_std": 3.2149, "bus_v_mean": 10.1818, "bus_v_std": 4.2139, "car_acc": 4.3241, "car_dcc": 2.6779, "car_lcAssertive": 60.4887, "car_lcCooperative": 0.3655, "car_lcLookaheadLeft": 83.2682, "car_lcPushy": 0.3956, "car_lcSigma": 0.5494, "car_lcSpeedGainRight": 3.5551, "car_lcSublane": 0.5907, "car_sigma": 0.9977, "car_tau_mean": 2.7768, "car_tau_std": 7.3155, "car_v_mean": 14.7575, "car_v_std": 2.07}, "datetime": {"datetime": "2024-08-08 17:58:13", "elapsed": 2078.834935, "delta": 4.430985}}
{"target": -0.2516332899799243, "params": {"bus_acc": 1.067, "bus_dcc": 1.75, "bus_lcAssertive": 79.4423, "bus_lcCooperative": 0.7225, "bus_lcLookaheadLeft": 26.1094, "bus_lcPushy": 0.5582, "bus_lcSigma": 0.5889, "bus_lcSpeedGainRight": 3.6103, "bus_lcSublane": 0.467, "bus_sigma": 0.4082, "bus_tau_mean": 1.5814, "bus_tau_std": 2.3864, "bus_v_mean": 9.4834, "bus_v_std": 12.921, "car_acc": 3.6816, "car_dcc": 3.0654, "car_lcAssertive": 1.3148, "car_lcCooperative": 0.4416, "car_lcLookaheadLeft": 14.0136, "car_lcPushy": 0.53, "car_lcSigma": 0.9831, "car_lcSpeedGainRight": 2.4997, "car_lcSublane": 0.378, "car_sigma": 0.8172, "car_tau_mean": 3.8921, "car_tau_std": 2.8746, "car_v_mean": 20.8513, "car_v_std": 19.9262}, "datetime": {"datetime": "2024-08-08 17:58:14", "elapsed": 2080.066126, "delta": 1.231191}}
{"target": -0.25195576934426706, "params": {"bus_acc": 1.067, "bus_dcc": 1.7501, "bus_lcAssertive": 79.4424, "bus_lcCooperative": 0.7225, "bus_lcLookaheadLeft": 26.1094, "bus_lcPushy": 0.5583, "bus_lcSigma": 0.589, "bus_lcSpeedGainRight": 3.6103, "bus_lcSublane": 0.4671, "bus_sigma": 0.4082, "bus_tau_mean": 1.5814, "bus_tau_std": 2.3865, "bus_v_mean": 9.4834, "bus_v_std": 12.921, "car_acc": 3.6817, "car_dcc": 3.0654, "car_lcAssertive": 1.3148, "car_lcCooperative": 0.4416, "car_lcLookaheadLeft": 14.0136, "car_lcPushy": 0.53, "car_lcSigma": 0.9831, "car_lcSpeedGainRight": 2.4998, "car_lcSublane": 0.378, "car_sigma": 0.8172, "car_tau_mean": 3.8921, "car_tau_std": 2.8746, "car_v_mean": 20.8514, "car_v_std": 19.9262}, "datetime": {"datetime": "2024-08-08 17:58:15", "elapsed": 2081.082287, "delta": 1.016161}}
{"target": -0.1970607202486839, "params": {"bus_acc": 1.0666, "bus_dcc": 1.7497, "bus_lcAssertive": 79.442, "bus_lcCooperative": 0.7222, "bus_lcLookaheadLeft": 26.109, "bus_lcPushy": 0.5579, "bus_lcSigma": 0.5886, "bus_lcSpeedGainRight": 3.6099, "bus_lcSublane": 0.4667, "bus_sigma": 0.4079, "bus_tau_mean": 1.581, "bus_tau_std": 2.3861, "bus_v_mean": 9.4831, "bus_v_std": 12.9207, "car_acc": 3.6813, "car_dcc": 3.065, "car_lcAssertive": 1.3144, "car_lcCooperative": 0.4413, "car_lcLookaheadLeft": 14.0132, "car_lcPushy": 0.5296, "car_lcSigma": 0.9827, "car_lcSpeedGainRight": 2.4994, "car_lcSublane": 0.3777, "car_sigma": 0.8168, "car_tau_mean": 3.8917, "car_tau_std": 2.8742, "car_v_mean": 20.851, "car_v_std": 19.9258}, "datetime": {"datetime": "2024-08-08 17:58:16", "elapsed": 2082.022094, "delta": 0.939807}}
{"target": -0.3585977621333558, "params": {"bus_acc": 3.8933, "bus_dcc": 3.0371, "bus_lcAssertive": 30.4462, "bus_lcCooperative": 0.6417, "bus_lcLookaheadLeft": 61.5026, "bus_lcPushy": 0.7847, "bus_lcSigma": 0.416, "bus_lcSpeedGainRight": 1.9269, "bus_lcSublane": 0.4942, "bus_sigma": 0.1044, "bus_tau_mean": 2.4237, "bus_tau_std": 1.8581, "bus_v_mean": 23.4816, "bus_v_std": 13.3634, "car_acc": 2.1221, "car_dcc": 3.9198, "car_lcAssertive": 43.52, "car_lcCooperative": 0.9988, "car_lcLookaheadLeft": 47.5457, "car_lcPushy": 0.7999, "car_lcSigma": 0.7542, "car_lcSpeedGainRight": 0.6038, "car_lcSublane": 0.3818, "car_sigma": 0.7473, "car_tau_mean": 3.7033, "car_tau_std": 7.7115, "car_v_mean": 23.8337, "car_v_std": 6.7462}, "datetime": {"datetime": "2024-08-08 17:58:18", "elapsed": 2083.695057, "delta": 1.672963}}
{"target": -0.29779147807294254, "params": {"bus_acc": 3.9579, "bus_dcc": 2.6414, "bus_lcAssertive": 2.0832, "bus_lcCooperative": 0.3406, "bus_lcLookaheadLeft": 57.1902, "bus_lcPushy": 0.9359, "bus_lcSigma": 0.8845, "bus_lcSpeedGainRight": 4.684, "bus_lcSublane": 0.6729, "bus_sigma": 0.1747, "bus_tau_mean": 1.3096, "bus_tau_std": 2.6957, "bus_v_mean": 16.5833, "bus_v_std": 17.6185, "car_acc": 4.1335, "car_dcc": 1.3507, "car_lcAssertive": 34.9585, "car_lcCooperative": 0.6416, "car_lcLookaheadLeft": 62.0577, "car_lcPushy": 0.0946, "car_lcSigma": 0.2929, "car_lcSpeedGainRight": 1.3024, "car_lcSublane": 0.3073, "car_sigma": 0.7175, "car_tau_mean": 3.1135, "car_tau_std": 8.5578, "car_v_mean": 9.6535, "car_v_std": 16.7888}, "datetime": {"datetime": "2024-08-08 17:58:20", "elapsed": 2085.668296, "delta": 1.973239}}
{"target": -0.40059135360969766, "params": {"bus_acc": 2.9742, "bus_dcc": 2.5604, "bus_lcAssertive": 80.4031, "bus_lcCooperative": 0.4368, "bus_lcLookaheadLeft": 33.3981, "bus_lcPushy": 0.8081, "bus_lcSigma": 0.6402, "bus_lcSpeedGainRight": 1.515, "bus_lcSublane": 0.8733, "bus_sigma": 0.9587, "bus_tau_mean": 3.447, "bus_tau_std": 6.6861, "bus_v_mean": 12.0799, "bus_v_std": 2.7194, "car_acc": 1.9292, "car_dcc": 1.1781, "car_lcAssertive": 83.1311, "car_lcCooperative": 0.7286, "car_lcLookaheadLeft": 3.4391, "car_lcPushy": 0.9002, "car_lcSigma": 0.7357, "car_lcSpeedGainRight": 3.7032, "car_lcSublane": 0.2576, "car_sigma": 0.7489, "car_tau_mean": 3.8992, "car_tau_std": 6.0112, "car_v_mean": 23.7987, "car_v_std": 6.0878}, "datetime": {"datetime": "2024-08-08 17:58:22", "elapsed": 2087.863114, "delta": 2.194818}}
{"target": -0.3082826649853139, "params": {"bus_acc": 4.0781, "bus_dcc": 2.5875, "bus_lcAssertive": 85.3882, "bus_lcCooperative": 0.0137, "bus_lcLookaheadLeft": 13.1921, "bus_lcPushy": 0.1254, "bus_lcSigma": 0.481, "bus_lcSpeedGainRight": 3.5446, "bus_lcSublane": 0.9086, "bus_sigma": 0.1339, "bus_tau_mean": 2.0274, "bus_tau_std": 3.9558, "bus_v_mean": 10.1505, "bus_v_std": 18.1435, "car_acc": 2.3848, "car_dcc": 2.2694, "car_lcAssertive": 95.7961, "car_lcCooperative": 0.9184, "car_lcLookaheadLeft": 85.5702, "car_lcPushy": 0.1066, "car_lcSigma": 0.7926, "car_lcSpeedGainRight": 4.9282, "car_lcSublane": 0.8646, "car_sigma": 0.8813, "car_tau_mean": 1.4922, "car_tau_std": 4.9752, "car_v_mean": 14.2873, "car_v_std": 0.2878}, "datetime": {"datetime": "2024-08-08 17:58:24", "elapsed": 2089.85839, "delta": 1.995276}}
{"target": -0.2943931119936409, "params": {"bus_acc": 1.067, "bus_dcc": 1.75, "bus_lcAssertive": 79.4423, "bus_lcCooperative": 0.7225, "bus_lcLookaheadLeft": 26.1094, "bus_lcPushy": 0.5582, "bus_lcSigma": 0.5889, "bus_lcSpeedGainRight": 3.6103, "bus_lcSublane": 0.467, "bus_sigma": 0.4082, "bus_tau_mean": 1.5814, "bus_tau_std": 2.3864, "bus_v_mean": 9.4834, "bus_v_std": 12.921, "car_acc": 3.6816, "car_dcc": 3.0654, "car_lcAssertive": 1.3148, "car_lcCooperative": 0.4416, "car_lcLookaheadLeft": 14.0136, "car_lcPushy": 0.5299, "car_lcSigma": 0.9831, "car_lcSpeedGainRight": 2.4997, "car_lcSublane": 0.378, "car_sigma": 0.8172, "car_tau_mean": 3.892, "car_tau_std": 2.8746, "car_v_mean": 20.8513, "car_v_std": 19.9262}, "datetime": {"datetime": "2024-08-08 17:58:26", "elapsed": 2092.046273, "delta": 2.187883}}
{"target": -0.31272172660833847, "params": {"bus_acc": 1.2098, "bus_dcc": 3.1582, "bus_lcAssertive": 18.5256, "bus_lcCooperative": 0.6886, "bus_lcLookaheadLeft": 10.5437, "bus_lcPushy": 0.0104, "bus_lcSigma": 0.7462, "bus_lcSpeedGainRight": 0.2172, "bus_lcSublane": 0.1923, "bus_sigma": 0.6717, "bus_tau_mean": 1.8797, "bus_tau_std": 2.3282, "bus_v_mean": 18.17, "bus_v_std": 10.8126, "car_acc": 3.3741, "car_dcc": 1.8402, "car_lcAssertive": 26.6416, "car_lcCooperative": 0.0439, "car_lcLookaheadLeft": 51.4562, "car_lcPushy": 0.4086, "car_lcSigma": 0.2145, "car_lcSpeedGainRight": 2.8434, "car_lcSublane": 0.0356, "car_sigma": 0.8924, "car_tau_mean": 2.0846, "car_tau_std": 2.4571, "car_v_mean": 20.7045, "car_v_std": 6.7437}, "datetime": {"datetime": "2024-08-08 17:58:28", "elapsed": 2093.814671, "delta": 1.768398}}
{"target": -0.3433526521292694, "params": {"bus_acc": 2.0072, "bus_dcc": 3.2981, "bus_lcAssertive": 30.152, "bus_lcCooperative": 0.8448, "bus_lcLookaheadLeft": 27.6415, "bus_lcPushy": 0.595, "bus_lcSigma": 0.8715, "bus_lcSpeedGainRight": 1.0974, "bus_lcSublane": 0.1826, "bus_sigma": 0.9655, "bus_tau_mean": 3.7205, "bus_tau_std": 8.8245, "bus_v_mean": 10.6191, "bus_v_std": 10.7916, "car_acc": 1.7354, "car_dcc": 3.7395, "car_lcAssertive": 73.975, "car_lcCooperative": 0.6201, "car_lcLookaheadLeft": 79.486, "car_lcPushy": 0.193, "car_lcSigma": 0.5845, "car_lcSpeedGainRight": 0.5176, "car_lcSublane": 0.5546, "car_sigma": 0.0767, "car_tau_mean": 2.2999, "car_tau_std": 3.2952, "car_v_mean": 16.7149, "car_v_std": 1.6024}, "datetime": {"datetime": "2024-08-08 17:58:30", "elapsed": 2095.517262, "delta": 1.702591}}
{"target": -0.2361482552615135, "params": {"bus_acc": 1.0671, "bus_dcc": 1.7501, "bus_lcAssertive": 79.4424, "bus_lcCooperative": 0.7226, "bus_lcLookaheadLeft": 26.1095, "bus_lcPushy": 0.5583, "bus_lcSigma": 0.589, "bus_lcSpeedGainRight": 3.6104, "bus_lcSublane": 0.4671, "bus_sigma": 0.4083, "bus_tau_mean": 1.5815, "bus_tau_std": 2.3865, "bus_v_mean": 9.4835, "bus_v_std": 12.9211, "car_acc": 3.6817, "car_dcc": 3.0655, "car_lcAssertive": 1.3149, "car_lcCooperative": 0.4417, "car_lcLookaheadLeft": 14.0137, "car_lcPushy": 0.5301, "car_lcSigma": 0.9832, "car_lcSpeedGainRight": 2.4998, "car_lcSublane": 0.3781, "car_sigma": 0.8173, "car_tau_mean": 3.8921, "car_tau_std": 2.8747, "car_v_mean": 20.8514, "car_v_std": 19.9263}, "datetime": {"datetime": "2024-08-08 17:58:33", "elapsed": 2098.910426, "delta": 3.393164}}
{"target": -0.29660593903056265, "params": {"bus_acc": 1.0671, "bus_dcc": 1.7501, "bus_lcAssertive": 79.4424, "bus_lcCooperative": 0.7226, "bus_lcLookaheadLeft": 26.1095, "bus_lcPushy": 0.5583, "bus_lcSigma": 0.589, "bus_lcSpeedGainRight": 3.6103, "bus_lcSublane": 0.4671, "bus_sigma": 0.4083, "bus_tau_mean": 1.5814, "bus_tau_std": 2.3865, "bus_v_mean": 9.4835, "bus_v_std": 12.9211, "car_acc": 3.6817, "car_dcc": 3.0654, "car_lcAssertive": 1.3148, "car_lcCooperative": 0.4417, "car_lcLookaheadLeft": 14.0136, "car_lcPushy": 0.53, "car_lcSigma": 0.9832, "car_lcSpeedGainRight": 2.4998, "car_lcSublane": 0.3781, "car_sigma": 0.8173, "car_tau_mean": 3.8921, "car_tau_std": 2.8747, "car_v_mean": 20.8514, "car_v_std": 19.9262}, "datetime": {"datetime": "2024-08-08 17:58:36", "elapsed": 2101.44547, "delta": 2.535044}}
{"target": -0.2871332701769927, "params": {"bus_acc": 2.0326, "bus_dcc": 1.8532, "bus_lcAssertive": 35.2125, "bus_lcCooperative": 0.4369, "bus_lcLookaheadLeft": 37.3232, "bus_lcPushy": 0.8152, "bus_lcSigma": 0.7837, "bus_lcSpeedGainRight": 0.596, "bus_lcSublane": 0.8982, "bus_sigma": 0.8748, "bus_tau_mean": 1.5096, "bus_tau_std": 0.0406, "bus_v_mean": 22.5814, "bus_v_std": 14.6209, "car_acc": 1.5316, "car_dcc": 1.0638, "car_lcAssertive": 31.4406, "car_lcCooperative": 0.1788, "car_lcLookaheadLeft": 72.8982, "car_lcPushy": 0.1256, "car_lcSigma": 0.3417, "car_lcSpeedGainRight": 0.388, "car_lcSublane": 0.2737, "car_sigma": 0.2542, "car_tau_mean": 3.8538, "car_tau_std": 3.4654, "car_v_mean": 20.7243, "car_v_std": 12.1347}, "datetime": {"datetime": "2024-08-08 17:58:39", "elapsed": 2104.263119, "delta": 2.817649}}
{"target": -0.31513585304509795, "params": {"bus_acc": 2.8126, "bus_dcc": 3.8263, "bus_lcAssertive": 84.6182, "bus_lcCooperative": 0.7529, "bus_lcLookaheadLeft": 24.1058, "bus_lcPushy": 0.0622, "bus_lcSigma": 0.9423, "bus_lcSpeedGainRight": 2.6488, "bus_lcSublane": 0.6594, "bus_sigma": 0.9087, "bus_tau_mean": 3.6021, "bus_tau_std": 9.901, "bus_v_mean": 8.8155, "bus_v_std": 17.1562, "car_acc": 3.6343, "car_dcc": 1.8881, "car_lcAssertive": 68.4486, "car_lcCooperative": 0.8436, "car_lcLookaheadLeft": 23.473, "car_lcPushy": 0.9192, "car_lcSigma": 0.8481, "car_lcSpeedGainRight": 1.139, "car_lcSublane": 0.5557, "car_sigma": 0.6254, "car_tau_mean": 1.716, "car_tau_std": 2.8561, "car_v_mean": 23.2926, "car_v_std": 7.0486}, "datetime": {"datetime": "2024-08-08 17:58:41", "elapsed": 2106.180048, "delta": 1.916929}}
{"target": -0.2749877345328182, "params": {"bus_acc": 1.0671, "bus_dcc": 1.7501, "bus_lcAssertive": 79.4424, "bus_lcCooperative": 0.7226, "bus_lcLookaheadLeft": 26.1094, "bus_lcPushy": 0.5583, "bus_lcSigma": 0.589, "bus_lcSpeedGainRight": 3.6103, "bus_lcSublane": 0.4671, "bus_sigma": 0.4083, "bus_tau_mean": 1.5814, "bus_tau_std": 2.3865, "bus_v_mean": 9.4835, "bus_v_std": 12.9211, "car_acc": 3.6817, "car_dcc": 3.0654, "car_lcAssertive": 1.3148, "car_lcCooperative": 0.4417, "car_lcLookaheadLeft": 14.0136, "car_lcPushy": 0.53, "car_lcSigma": 0.9832, "car_lcSpeedGainRight": 2.4998, "car_lcSublane": 0.3781, "car_sigma": 0.8173, "car_tau_mean": 3.8921, "car_tau_std": 2.8746, "car_v_mean": 20.8514, "car_v_std": 19.9262}, "datetime": {"datetime": "2024-08-08 17:58:43", "elapsed": 2108.973621, "delta": 2.793573}}
{"target": -0.34369253368106634, "params": {"bus_acc": 4.9297, "bus_dcc": 3.5964, "bus_lcAssertive": 21.433, "bus_lcCooperative": 0.7779, "bus_lcLookaheadLeft": 20.8678, "bus_lcPushy": 0.5576, "bus_lcSigma": 0.1134, "bus_lcSpeedGainRight": 3.4694, "bus_lcSublane": 0.6443, "bus_sigma": 0.7631, "bus_tau_mean": 2.1663, "bus_tau_std": 9.4288, "bus_v_mean": 23.8374, "bus_v_std": 13.5455, "car_acc": 1.4053, "car_dcc": 2.6388, "car_lcAssertive": 64.4812, "car_lcCooperative": 0.1774, "car_lcLookaheadLeft": 2.1543, "car_lcPushy": 0.8687, "car_lcSigma": 0.9806, "car_lcSpeedGainRight": 4.7607, "car_lcSublane": 0.5547, "car_sigma": 0.0181, "car_tau_mean": 3.4632, "car_tau_std": 4.5108, "car_v_mean": 14.0216, "car_v_std": 2.722}, "datetime": {"datetime": "2024-08-08 17:58:47", "elapsed": 2112.650657, "delta": 3.677036}}
{"target": -0.285692240031341, "params": {"bus_acc": 4.7608, "bus_dcc": 2.1645, "bus_lcAssertive": 71.5028, "bus_lcCooperative": 0.563, "bus_lcLookaheadLeft": 75.5322, "bus_lcPushy": 0.6281, "bus_lcSigma": 0.408, "bus_lcSpeedGainRight": 4.6555, "bus_lcSublane": 0.9287, "bus_sigma": 0.6193, "bus_tau_mean": 3.3454, "bus_tau_std": 9.1455, "bus_v_mean": 8.5934, "bus_v_std": 4.7565, "car_acc": 3.8275, "car_dcc": 2.5126, "car_lcAssertive": 77.5699, "car_lcCooperative": 0.6171, "car_lcLookaheadLeft": 79.0058, "car_lcPushy": 0.718, "car_lcSigma": 0.1914, "car_lcSpeedGainRight": 1.0744, "car_lcSublane": 0.1707, "car_sigma": 0.4125, "car_tau_mean": 2.079, "car_tau_std": 4.6823, "car_v_mean": 12.9709, "car_v_std": 19.3722}, "datetime": {"datetime": "2024-08-08 17:58:49", "elapsed": 2114.776115, "delta": 2.125458}}
{"target": -0.2984916472154005, "params": {"bus_acc": 1.0671, "bus_dcc": 1.7501, "bus_lcAssertive": 79.4424, "bus_lcCooperative": 0.7226, "bus_lcLookaheadLeft": 26.1095, "bus_lcPushy": 0.5583, "bus_lcSigma": 0.589, "bus_lcSpeedGainRight": 3.6103, "bus_lcSublane": 0.4671, "bus_sigma": 0.4083, "bus_tau_mean": 1.5815, "bus_tau_std": 2.3865, "bus_v_mean": 9.4835, "bus_v_std": 12.9211, "car_acc": 3.6817, "car_dcc": 3.0655, "car_lcAssertive": 1.3148, "car_lcCooperative": 0.4417, "car_lcLookaheadLeft": 14.0137, "car_lcPushy": 0.53, "car_lcSigma": 0.9832, "car_lcSpeedGainRight": 2.4998, "car_lcSublane": 0.3781, "car_sigma": 0.8173, "car_tau_mean": 3.8921, "car_tau_std": 2.8747, "car_v_mean": 20.8514, "car_v_std": 19.9262}, "datetime": {"datetime": "2024-08-08 17:58:51", "elapsed": 2116.587909, "delta": 1.811794}}
{"target": -0.30862736895216414, "params": {"bus_acc": 4.362, "bus_dcc": 2.9985, "bus_lcAssertive": 5.7417, "bus_lcCooperative": 0.8367, "bus_lcLookaheadLeft": 34.4915, "bus_lcPushy": 0.5845, "bus_lcSigma": 0.6541, "bus_lcSpeedGainRight": 4.0952, "bus_lcSublane": 0.6739, "bus_sigma": 0.07, "bus_tau_mean": 0.8098, "bus_tau_std": 7.9998, "bus_v_mean": 12.2966, "bus_v_std": 16.5329, "car_acc": 3.4661, "car_dcc": 1.3857, "car_lcAssertive": 31.6099, "car_lcCooperative": 0.1688, "car_lcLookaheadLeft": 73.0866, "car_lcPushy": 0.7127, "car_lcSigma": 0.9435, "car_lcSpeedGainRight": 4.0479, "car_lcSublane": 0.1639, "car_sigma": 0.4482, "car_tau_mean": 3.9319, "car_tau_std": 3.4054, "car_v_mean": 15.5235, "car_v_std": 11.326}, "datetime": {"datetime": "2024-08-08 17:58:54", "elapsed": 2119.956275, "delta": 3.368366}}
{"target": -0.30512852187192624, "params": {"bus_acc": 3.1575, "bus_dcc": 3.5971, "bus_lcAssertive": 86.776, "bus_lcCooperative": 0.1292, "bus_lcLookaheadLeft": 15.4107, "bus_lcPushy": 0.9148, "bus_lcSigma": 0.8862, "bus_lcSpeedGainRight": 2.2636, "bus_lcSublane": 0.8347, "bus_sigma": 0.6176, "bus_tau_mean": 0.965, "bus_tau_std": 4.5898, "bus_v_mean": 19.7594, "bus_v_std": 2.7946, "car_acc": 3.1402, "car_dcc": 1.7004, "car_lcAssertive": 16.7219, "car_lcCooperative": 0.2725, "car_lcLookaheadLeft": 52.4555, "car_lcPushy": 0.9733, "car_lcSigma": 0.8823, "car_lcSpeedGainRight": 4.0074, "car_lcSublane": 0.9641, "car_sigma": 0.0278, "car_tau_mean": 0.8727, "car_tau_std": 2.1837, "car_v_mean": 17.0129, "car_v_std": 13.8494}, "datetime": {"datetime": "2024-08-08 17:58:58", "elapsed": 2123.910527, "delta": 3.954252}}
{"target": -0.2654739332280239, "params": {"bus_acc": 1.0666, "bus_dcc": 1.7496, "bus_lcAssertive": 79.4419, "bus_lcCooperative": 0.7221, "bus_lcLookaheadLeft": 26.109, "bus_lcPushy": 0.5578, "bus_lcSigma": 0.5885, "bus_lcSpeedGainRight": 3.6099, "bus_lcSublane": 0.4666, "bus_sigma": 0.4078, "bus_tau_mean": 1.581, "bus_tau_std": 2.386, "bus_v_mean": 9.483, "bus_v_std": 12.9206, "car_acc": 3.6812, "car_dcc": 3.065, "car_lcAssertive": 1.3144, "car_lcCooperative": 0.4412, "car_lcLookaheadLeft": 14.0132, "car_lcPushy": 0.5296, "car_lcSigma": 0.9827, "car_lcSpeedGainRight": 2.4993, "car_lcSublane": 0.3776, "car_sigma": 0.8168, "car_tau_mean": 3.8916, "car_tau_std": 2.8742, "car_v_mean": 20.8509, "car_v_std": 19.9258}, "datetime": {"datetime": "2024-08-08 17:59:00", "elapsed": 2125.833109, "delta": 1.922582}}
{"target": -0.3230043442469778, "params": {"bus_acc": 2.3432, "bus_dcc": 1.6706, "bus_lcAssertive": 60.5958, "bus_lcCooperative": 0.0853, "bus_lcLookaheadLeft": 72.5633, "bus_lcPushy": 0.5995, "bus_lcSigma": 0.791, "bus_lcSpeedGainRight": 3.4968, "bus_lcSublane": 0.9924, "bus_sigma": 0.7431, "bus_tau_mean": 0.6071, "bus_tau_std": 2.1943, "bus_v_mean": 17.6852, "bus_v_std": 10.7142, "car_acc": 4.9889, "car_dcc": 2.2796, "car_lcAssertive": 20.9519, "car_lcCooperative": 0.6008, "car_lcLookaheadLeft": 38.9362, "car_lcPushy": 0.3061, "car_lcSigma": 0.3023, "car_lcSpeedGainRight": 0.8851, "car_lcSublane": 0.5024, "car_sigma": 0.6249, "car_tau_mean": 1.5198, "car_tau_std": 4.7557, "car_v_mean": 18.1222, "car_v_std": 3.7045}, "datetime": {"datetime": "2024-08-08 17:59:04", "elapsed": 2129.492992, "delta": 3.659883}}
{"target": -0.24318977257038132, "params": {"bus_acc": 1.0666, "bus_dcc": 1.7496, "bus_lcAssertive": 79.4419, "bus_lcCooperative": 0.7221, "bus_lcLookaheadLeft": 26.109, "bus_lcPushy": 0.5578, "bus_lcSigma": 0.5885, "bus_lcSpeedGainRight": 3.6099, "bus_lcSublane": 0.4666, "bus_sigma": 0.4078, "bus_tau_mean": 1.581, "bus_tau_std": 2.386, "bus_v_mean": 9.483, "bus_v_std": 12.9206, "car_acc": 3.6812, "car_dcc": 3.065, "car_lcAssertive": 1.3144, "car_lcCooperative": 0.4412, "car_lcLookaheadLeft": 14.0132, "car_lcPushy": 0.5295, "car_lcSigma": 0.9827, "car_lcSpeedGainRight": 2.4993, "car_lcSublane": 0.3776, "car_sigma": 0.8168, "car_tau_mean": 3.8916, "car_tau_std": 2.8742, "car_v_mean": 20.8509, "car_v_std": 19.9258}, "datetime": {"datetime": "2024-08-08 17:59:06", "elapsed": 2131.554242, "delta": 2.06125}}
{"target": -0.2633830885514026, "params": {"bus_acc": 1.0666, "bus_dcc": 1.7497, "bus_lcAssertive": 79.442, "bus_lcCooperative": 0.7222, "bus_lcLookaheadLeft": 26.109, "bus_lcPushy": 0.5579, "bus_lcSigma": 0.5886, "bus_lcSpeedGainRight": 3.6099, "bus_lcSublane": 0.4667, "bus_sigma": 0.4078, "bus_tau_mean": 1.581, "bus_tau_std": 2.3861, "bus_v_mean": 9.483, "bus_v_std": 12.9207, "car_acc": 3.6813, "car_dcc": 3.065, "car_lcAssertive": 1.3144, "car_lcCooperative": 0.4412, "car_lcLookaheadLeft": 14.0132, "car_lcPushy": 0.5296, "car_lcSigma": 0.9827, "car_lcSpeedGainRight": 2.4994, "car_lcSublane": 0.3776, "car_sigma": 0.8168, "car_tau_mean": 3.8917, "car_tau_std": 2.8742, "car_v_mean": 20.851, "car_v_std": 19.9258}, "datetime": {"datetime": "2024-08-08 17:59:09", "elapsed": 2134.613613, "delta": 3.059371}}
