{"target": -0.40965775761723977, "params": {"bus_acc": 4.470508838460695, "bus_dcc": 3.5496156443209967, "bus_lcAssertive": 81.03272430400804, "bus_lcCooperative": 0.13069282439738805, "bus_lcLookaheadLeft": 54.52825233253759, "bus_lcPushy": 0.900783114706916, "bus_lcSigma": 0.7708318305538303, "bus_lcSpeedGainRight": 2.103565995125959, "bus_lcSublane": 0.9778803933599658, "bus_sigma": 0.25077315667300226, "bus_tau_mean": 1.667635800967642, "bus_tau_std": 9.54200507429589, "bus_v_mean": 20.939445570964637, "bus_v_std": 18.006800090213236, "car_acc": 1.0463583576395807, "car_dcc": 2.1392932991019844, "car_lcAssertive": 24.31667370437706, "car_lcCooperative": 0.2959350518874113, "car_lcLookaheadLeft": 74.3235586475764, "car_lcPushy": 0.7240848448640741, "car_lcSigma": 0.46179941019906146, "car_lcSpeedGainRight": 1.8263723060354686, "car_lcSublane": 0.5846916130045258, "car_sigma": 0.5337077546342763, "car_tau_mean": 2.427028456527517, "car_tau_std": 6.154770711146577, "car_v_mean": 14.330372356280781, "car_v_std": 15.434369648309168}, "datetime": {"datetime": "2024-08-08 12:52:36", "elapsed": 344.3012, "delta": 2.073458}}
{"target": -0.33877562629094726, "params": {"bus_acc": 4.35936284079067, "bus_dcc": 3.6103070959227033, "bus_lcAssertive": 81.85864247329991, "bus_lcCooperative": 0.8778014186346996, "bus_lcLookaheadLeft": 57.95885866983316, "bus_lcPushy": 0.9640361333390818, "bus_lcSigma": 0.6065443482504677, "bus_lcSpeedGainRight": 3.019738705398407, "bus_lcSublane": 0.31929773707461884, "bus_sigma": 0.681204184117019, "bus_tau_mean": 0.6818799097687634, "bus_tau_std": 1.3454642101194225, "bus_v_mean": 10.083874681164241, "bus_v_std": 13.104025744494713, "car_acc": 1.7013303670853532, "car_dcc": 2.0234404697546418, "car_lcAssertive": 5.386853927477355, "car_lcCooperative": 0.2337343601165106, "car_lcLookaheadLeft": 96.49398383523082, "car_lcPushy": 0.5091394025163677, "car_lcSigma": 0.15107451847143194, "car_lcSpeedGainRight": 2.6150426586723214, "car_lcSublane": 0.9435093839110807, "car_sigma": 0.865686014006334, "car_tau_mean": 1.872230541256354, "car_tau_std": 2.8386751597340263, "car_v_mean": 20.18767780308387, "car_v_std": 4.809686496061756}, "datetime": {"datetime": "2024-08-08 12:52:38", "elapsed": 345.860894, "delta": 1.559694}}
{"target": -0.4011964338124361, "params": {"bus_acc": 2.2321479482181252, "bus_dcc": 2.7608866216890373, "bus_lcAssertive": 40.15090791444363, "bus_lcCooperative": 0.6639460814328006, "bus_lcLookaheadLeft": 85.49155519082123, "bus_lcPushy": 0.19022208931218354, "bus_lcSigma": 0.903272700870335, "bus_lcSpeedGainRight": 1.9158792521554662, "bus_lcSublane": 0.9431243307282546, "bus_sigma": 0.6173823130249652, "bus_tau_mean": 3.26533432401065, "bus_tau_std": 5.14775428373226, "bus_v_mean": 16.498315110292943, "bus_v_std": 6.551877975319438, "car_acc": 1.517458828909422, "car_dcc": 2.151465735581271, "car_lcAssertive": 22.282671598376087, "car_lcCooperative": 0.03286525588191658, "car_lcLookaheadLeft": 28.93890932287543, "car_lcPushy": 0.18057605266685695, "car_lcSigma": 0.8755303150381228, "car_lcSpeedGainRight": 0.4061828121570249, "car_lcSublane": 0.18389559908188324, "car_sigma": 0.7040306955363342, "car_tau_mean": 3.717290618570957, "car_tau_std": 2.514584522319341, "car_v_mean": 8.340818103382105, "car_v_std": 19.210089455101993}, "datetime": {"datetime": "2024-08-08 12:52:39", "elapsed": 347.140748, "delta": 1.279854}}
{"target": -0.3547281638542045, "params": {"bus_acc": 2.9080519776090528, "bus_dcc": 2.3466365101202964, "bus_lcAssertive": 88.71379914536978, "bus_lcCooperative": 0.5276187723115614, "bus_lcLookaheadLeft": 42.090901527852274, "bus_lcPushy": 0.26889202221264585, "bus_lcSigma": 0.07201203516976995, "bus_lcSpeedGainRight": 2.090680668626579, "bus_lcSublane": 0.025753482406583372, "bus_sigma": 0.29115394055242805, "bus_tau_mean": 2.2622832844693876, "bus_tau_std": 9.659330650197223, "bus_v_mean": 9.750126627097353, "bus_v_std": 13.460821084332439, "car_acc": 2.9997294843968, "car_dcc": 3.331294687827349, "car_lcAssertive": 15.217092789546719, "car_lcCooperative": 0.08320263643587555, "car_lcLookaheadLeft": 41.12342332454047, "car_lcPushy": 0.7969622519799001, "car_lcSigma": 0.1916757389098901, "car_lcSpeedGainRight": 3.83888596073637, "car_lcSublane": 0.2902979970618682, "car_sigma": 0.21689148761179533, "car_tau_mean": 0.5585045617695226, "car_tau_std": 3.986590599223787, "car_v_mean": 14.097303860695238, "car_v_std": 13.186898723907294}, "datetime": {"datetime": "2024-08-08 12:52:41", "elapsed": 348.561255, "delta": 1.420507}}
{"target": -0.3871954230056482, "params": {"bus_acc": 2.8918598074400523, "bus_dcc": 2.268525439115839, "bus_lcAssertive": 11.172899823542268, "bus_lcCooperative": 0.772580266631544, "bus_lcLookaheadLeft": 15.446188342011318, "bus_lcPushy": 0.424292374325812, "bus_lcSigma": 0.2719561124527795, "bus_lcSpeedGainRight": 1.5050397153995316, "bus_lcSublane": 0.6724207725864325, "bus_sigma": 0.5177867238134145, "bus_tau_mean": 1.165304676679792, "bus_tau_std": 4.691344398333771, "bus_v_mean": 13.432653900740856, "bus_v_std": 14.089943964962522, "car_acc": 1.904380809730196, "car_dcc": 3.534964412075036, "car_lcAssertive": 53.0967368242714, "car_lcCooperative": 0.5006195729230891, "car_lcLookaheadLeft": 26.861209074992658, "car_lcPushy": 0.18615566973666398, "car_lcSigma": 0.4718190627375968, "car_lcSpeedGainRight": 4.909122089126287, "car_lcSublane": 0.13290623766182708, "car_sigma": 0.28346243242805713, "car_tau_mean": 3.3022441099920963, "car_tau_std": 6.647768985107549, "car_v_mean": 12.460134539094993, "car_v_std": 6.292952135502237}, "datetime": {"datetime": "2024-08-08 12:52:42", "elapsed": 350.076555, "delta": 1.5153}}
{"target": -0.3683670510268773, "params": {"bus_acc": 4.75211417262541, "bus_dcc": 1.5561415739434068, "bus_lcAssertive": 93.38242051949933, "bus_lcCooperative": 0.9357532076921331, "bus_lcLookaheadLeft": 29.787362333158143, "bus_lcPushy": 0.27463424842386297, "bus_lcSigma": 0.5514315736733725, "bus_lcSpeedGainRight": 0.9264461968427617, "bus_lcSublane": 0.4421011106267658, "bus_sigma": 0.1853176459376844, "bus_tau_mean": 3.8158157128388575, "bus_tau_std": 4.938246574910856, "bus_v_mean": 23.422684278783965, "bus_v_std": 12.898833450244236, "car_acc": 2.9372630921295424, "car_dcc": 3.9030857378835924, "car_lcAssertive": 15.175788389167522, "car_lcCooperative": 0.6323298746664966, "car_lcLookaheadLeft": 66.86506004800617, "car_lcPushy": 0.43383982715272595, "car_lcSigma": 0.05935722533895749, "car_lcSpeedGainRight": 2.463613005830166, "car_lcSublane": 0.46513394351807746, "car_sigma": 0.8067468107748635, "car_tau_mean": 1.398313464835417, "car_tau_std": 3.914303629842686, "car_v_mean": 11.842755315542036, "car_v_std": 13.728868303447282}, "datetime": {"datetime": "2024-08-08 12:52:43", "elapsed": 350.889488, "delta": 0.812933}}
{"target": -0.3570347062618545, "params": {"bus_acc": 1.2836736018815489, "bus_dcc": 1.4578119611268154, "bus_lcAssertive": 2.6410124071924805, "bus_lcCooperative": 0.11379635644740682, "bus_lcLookaheadLeft": 65.87534904898885, "bus_lcPushy": 0.4026568521749192, "bus_lcSigma": 0.32102631416731586, "bus_lcSpeedGainRight": 2.7895599712188623, "bus_lcSublane": 0.9934604630998499, "bus_sigma": 0.8344865140180296, "bus_tau_mean": 2.9486811383985434, "bus_tau_std": 9.18258589132058, "bus_v_mean": 8.635659306929357, "bus_v_std": 1.4066688323105048, "car_acc": 2.8960251599522184, "car_dcc": 2.047502238871232, "car_lcAssertive": 93.78795415071644, "car_lcCooperative": 0.48956496114516856, "car_lcLookaheadLeft": 54.88561278914836, "car_lcPushy": 0.8952603657312208, "car_lcSigma": 0.4466350458236905, "car_lcSpeedGainRight": 4.385171946351759, "car_lcSublane": 0.25358174937162836, "car_sigma": 0.27380970415810857, "car_tau_mean": 1.6492648653065656, "car_tau_std": 5.475642704809535, "car_v_mean": 11.5220587844317, "car_v_std": 13.428583421625467}, "datetime": {"datetime": "2024-08-08 12:52:44", "elapsed": 351.951142, "delta": 1.061654}}
{"target": -0.37361045860322184, "params": {"bus_acc": 2.378946610733174, "bus_dcc": 3.8203224470001014, "bus_lcAssertive": 58.61940381476092, "bus_lcCooperative": 0.8788319844118441, "bus_lcLookaheadLeft": 84.78397564843775, "bus_lcPushy": 0.9053923187086492, "bus_lcSigma": 0.45988026581680697, "bus_lcSpeedGainRight": 2.7317340801018664, "bus_lcSublane": 0.7986035911520394, "bus_sigma": 0.28571885173414757, "bus_tau_mean": 2.215887329169747, "bus_tau_std": 5.991103076458783, "bus_v_mean": 8.248532408813372, "bus_v_std": 11.869628163932743, "car_acc": 2.734705395957833, "car_dcc": 3.4220815866545244, "car_lcAssertive": 32.20923550644192, "car_lcCooperative": 0.8928887085251513, "car_lcLookaheadLeft": 58.63000709788448, "car_lcPushy": 0.18401020162746506, "car_lcSigma": 0.7879292338255043, "car_lcSpeedGainRight": 3.0601558852246695, "car_lcSublane": 0.053909272073752956, "car_sigma": 0.4201936800011322, "car_tau_mean": 2.8767409279790037, "car_tau_std": 9.18601777977526, "car_v_mean": 8.006432398261719, "car_v_std": 19.535182980621194}, "datetime": {"datetime": "2024-08-08 12:52:45", "elapsed": 352.53183, "delta": 0.580688}}
{"target": -0.36131301620343803, "params": {"bus_acc": 2.0690904540795554, "bus_dcc": 3.670171911322274, "bus_lcAssertive": 29.73971373876551, "bus_lcCooperative": 0.7990074981966317, "bus_lcLookaheadLeft": 47.06602206392515, "bus_lcPushy": 0.59760864887687, "bus_lcSigma": 0.2366673767651024, "bus_lcSpeedGainRight": 3.438074810804075, "bus_lcSublane": 0.1486848661132304, "bus_sigma": 0.5596864990017729, "bus_tau_mean": 2.230151256904046, "bus_tau_std": 8.372059959494196, "bus_v_mean": 15.703496245979728, "bus_v_std": 15.694619199734586, "car_acc": 2.601177226943103, "car_dcc": 1.9237178002927156, "car_lcAssertive": 78.93548650138311, "car_lcCooperative": 0.4184642639114249, "car_lcLookaheadLeft": 50.68307399890683, "car_lcPushy": 0.577322531324329, "car_lcSigma": 0.8196657378893285, "car_lcSpeedGainRight": 2.906599873133597, "car_lcSublane": 0.4061429026808099, "car_sigma": 0.16058682850924277, "car_tau_mean": 2.9573895671993813, "car_tau_std": 8.832328216518347, "car_v_mean": 9.734062206466435, "car_v_std": 9.324279516261631}, "datetime": {"datetime": "2024-08-08 12:52:46", "elapsed": 353.917849, "delta": 1.386019}}
{"target": -0.3564203974374687, "params": {"bus_acc": 1.5711731312120016, "bus_dcc": 1.2823008234989182, "bus_lcAssertive": 87.14898287433239, "bus_lcCooperative": 0.23686870355699852, "bus_lcLookaheadLeft": 39.82839308021436, "bus_lcPushy": 0.5715420927253323, "bus_lcSigma": 0.52580196995147, "bus_lcSpeedGainRight": 0.38011939721053434, "bus_lcSublane": 0.8741259355980283, "bus_sigma": 0.9511356184186921, "bus_tau_mean": 3.3437755646113514, "bus_tau_std": 2.8380183494687428, "bus_v_mean": 16.44554873788735, "bus_v_std": 6.788334480352189, "car_acc": 3.218669243150667, "car_dcc": 3.923210406739008, "car_lcAssertive": 31.858588854179157, "car_lcCooperative": 0.6687966059228697, "car_lcLookaheadLeft": 33.94478631628061, "car_lcPushy": 0.7744772660150796, "car_lcSigma": 0.3258099666132048, "car_lcSpeedGainRight": 4.449136707236875, "car_lcSublane": 0.7517077209192669, "car_sigma": 0.7626320954451107, "car_tau_mean": 2.14317659995974, "car_tau_std": 2.107645024687054, "car_v_mean": 8.663601273223982, "car_v_std": 6.43657599940489}, "datetime": {"datetime": "2024-08-08 12:52:47", "elapsed": 354.669731, "delta": 0.751882}}
{"target": -0.4125292781730928, "params": {"bus_acc": 2.0797115670601043, "bus_dcc": 3.6876586545882004, "bus_lcAssertive": 43.3810277972582, "bus_lcCooperative": 0.9648400471483856, "bus_lcLookaheadLeft": 67.01726678620791, "bus_lcPushy": 0.6216957202091218, "bus_lcSigma": 0.11474597295337519, "bus_lcSpeedGainRight": 4.747446293535356, "bus_lcSublane": 0.4499121334799405, "bus_sigma": 0.5783896143871318, "bus_tau_mean": 1.928478809664484, "bus_tau_std": 2.3702698024302773, "bus_v_mean": 22.454072328996062, "bus_v_std": 11.473589733445717, "car_acc": 1.0114813081246359, "car_dcc": 2.851434740862172, "car_lcAssertive": 33.337845275437516, "car_lcCooperative": 0.5270581022576093, "car_lcLookaheadLeft": 88.8223257324559, "car_lcPushy": 0.35726976000249977, "car_lcSigma": 0.9085351509197992, "car_lcSpeedGainRight": 3.1168005789590136, "car_lcSublane": 0.015821242846556283, "car_sigma": 0.9294372337437613, "car_tau_mean": 2.9181392113092337, "car_tau_std": 9.973228504514806, "car_v_mean": 10.757448133525257, "car_v_std": 2.742714992577555}, "datetime": {"datetime": "2024-08-08 12:52:48", "elapsed": 355.543414, "delta": 0.873683}}
{"target": -0.38730676867357783, "params": {"bus_acc": 1.9237668332884965, "bus_dcc": 1.8591313946121473, "bus_lcAssertive": 83.24438532353815, "bus_lcCooperative": 0.15342094116241234, "bus_lcLookaheadLeft": 56.109603140241184, "bus_lcPushy": 0.5681397176921924, "bus_lcSigma": 0.3434200931086723, "bus_lcSpeedGainRight": 1.7530859465347681, "bus_lcSublane": 0.9591120175192023, "bus_sigma": 0.5533439494595207, "bus_tau_mean": 2.7845592031533415, "bus_tau_std": 4.907401164444133, "bus_v_mean": 18.34639970674865, "bus_v_std": 12.10501571014124, "car_acc": 1.5806931716803825, "car_dcc": 2.00404159865378, "car_lcAssertive": 46.58296535243441, "car_lcCooperative": 0.12782166160638486, "car_lcLookaheadLeft": 37.58118571324082, "car_lcPushy": 0.22814163429292222, "car_lcSigma": 0.847502602270402, "car_lcSpeedGainRight": 1.7073704001064933, "car_lcSublane": 0.2267893206662649, "car_sigma": 0.4081814028522822, "car_tau_mean": 2.890724166677864, "car_tau_std": 0.6562199896142484, "car_v_mean": 10.891667417647836, "car_v_std": 13.886138778474573}, "datetime": {"datetime": "2024-08-08 12:52:49", "elapsed": 357.361627, "delta": 1.818213}}
{"target": -0.37319557619117427, "params": {"bus_acc": 1.3527545822860403, "bus_dcc": 3.051131007464914, "bus_lcAssertive": 12.919686808914616, "bus_lcCooperative": 0.010699003144174157, "bus_lcLookaheadLeft": 56.61228654734155, "bus_lcPushy": 0.9071090552203707, "bus_lcSigma": 0.8604566673368852, "bus_lcSpeedGainRight": 1.6922569205912503, "bus_lcSublane": 0.02715882932586222, "bus_sigma": 0.8008593551300331, "bus_tau_mean": 3.3209472630138306, "bus_tau_std": 8.684881163027722, "bus_v_mean": 18.714345598008528, "bus_v_std": 16.15557724630153, "car_acc": 4.589993129211281, "car_dcc": 2.361489851470037, "car_lcAssertive": 56.224705067776135, "car_lcCooperative": 0.5061311288282347, "car_lcLookaheadLeft": 69.81442264337343, "car_lcPushy": 0.6829068676298748, "car_lcSigma": 0.5203136358633165, "car_lcSpeedGainRight": 4.142340740427357, "car_lcSublane": 0.5057793867898664, "car_sigma": 0.8248585623852319, "car_tau_mean": 1.4864578085013502, "car_tau_std": 1.7849483297748825, "car_v_mean": 23.517929125515423, "car_v_std": 14.838790509121536}, "datetime": {"datetime": "2024-08-08 12:52:51", "elapsed": 358.659415, "delta": 1.297788}}
{"target": -0.33037778624167147, "params": {"bus_acc": 3.7727782335135522, "bus_dcc": 2.7624534380512276, "bus_lcAssertive": 64.53316890252607, "bus_lcCooperative": 0.37408018773825613, "bus_lcLookaheadLeft": 28.9952786117102, "bus_lcPushy": 0.5094085814387623, "bus_lcSigma": 0.8858231171497215, "bus_lcSpeedGainRight": 2.8264483518278416, "bus_lcSublane": 0.6631488914643168, "bus_sigma": 0.44137923095350085, "bus_tau_mean": 3.9024868049250827, "bus_tau_std": 7.425224523517098, "bus_v_mean": 13.678440173612374, "bus_v_std": 13.070620653273188, "car_acc": 3.1704656474868815, "car_dcc": 3.652168637136058, "car_lcAssertive": 28.230351055475758, "car_lcCooperative": 0.10806748517233733, "car_lcLookaheadLeft": 20.74466107063467, "car_lcPushy": 0.38704623260508586, "car_lcSigma": 0.8540597949343145, "car_lcSpeedGainRight": 1.354224569179583, "car_lcSublane": 0.6263588032086836, "car_sigma": 0.6235518010455583, "car_tau_mean": 1.9281649737177504, "car_tau_std": 0.5033512965945175, "car_v_mean": 19.917341968519885, "car_v_std": 5.914510688477623}, "datetime": {"datetime": "2024-08-08 12:52:51", "elapsed": 359.356278, "delta": 0.696863}}
{"target": -0.3860052393120425, "params": {"bus_acc": 1.8547729505183246, "bus_dcc": 3.3018535252652996, "bus_lcAssertive": 31.55555281543446, "bus_lcCooperative": 0.7332450677264275, "bus_lcLookaheadLeft": 74.95836900161774, "bus_lcPushy": 0.22139670090820107, "bus_lcSigma": 0.21411213682064845, "bus_lcSpeedGainRight": 0.9947396171353334, "bus_lcSublane": 0.14251833776584466, "bus_sigma": 0.3770825992073341, "bus_tau_mean": 0.5931975964206752, "bus_tau_std": 1.1092036903424063, "bus_v_mean": 18.79302438021457, "bus_v_std": 15.995530737947725, "car_acc": 1.3221181085135436, "car_dcc": 1.6951069314573761, "car_lcAssertive": 21.554940518577624, "car_lcCooperative": 0.9173335630816306, "car_lcLookaheadLeft": 71.7088227773757, "car_lcPushy": 0.5538846110514143, "car_lcSigma": 0.30451798792062024, "car_lcSpeedGainRight": 4.174270238158993, "car_lcSublane": 0.43530595762951996, "car_sigma": 0.9234562151187752, "car_tau_mean": 2.971181315175766, "car_tau_std": 4.780313079652833, "car_v_mean": 10.01936165998974, "car_v_std": 19.520871009354952}, "datetime": {"datetime": "2024-08-08 12:52:52", "elapsed": 360.187227, "delta": 0.830949}}
{"target": -0.32762730314020255, "params": {"bus_acc": 3.6603951133432826, "bus_dcc": 1.6746249399020972, "bus_lcAssertive": 11.84463000441058, "bus_lcCooperative": 0.9790089375741902, "bus_lcLookaheadLeft": 81.86947665118652, "bus_lcPushy": 0.28538353244953096, "bus_lcSigma": 0.5858283844279211, "bus_lcSpeedGainRight": 1.9003560263939563, "bus_lcSublane": 0.1763380407698657, "bus_sigma": 0.4188351430524928, "bus_tau_mean": 1.5401572796885465, "bus_tau_std": 0.16624106532905913, "bus_v_mean": 14.197892911980952, "bus_v_std": 18.418260076095045, "car_acc": 4.3128010348297945, "car_dcc": 2.7222242655896527, "car_lcAssertive": 32.54603961325787, "car_lcCooperative": 0.23126429488543754, "car_lcLookaheadLeft": 95.68991919583152, "car_lcPushy": 0.5646100990687117, "car_lcSigma": 0.2176053035591231, "car_lcSpeedGainRight": 1.2474102554931144, "car_lcSublane": 0.9595962025309192, "car_sigma": 0.238814133296392, "car_tau_mean": 0.8734993092443826, "car_tau_std": 1.8396193975266917, "car_v_mean": 20.259596910686703, "car_v_std": 14.175285118625228}, "datetime": {"datetime": "2024-08-08 12:52:53", "elapsed": 361.004988, "delta": 0.817761}}
{"target": -0.35822681716694205, "params": {"bus_acc": 3.012020780203819, "bus_dcc": 2.9300737739474068, "bus_lcAssertive": 12.013321584176065, "bus_lcCooperative": 0.7580616581331086, "bus_lcLookaheadLeft": 85.49068558615497, "bus_lcPushy": 0.8442498595694283, "bus_lcSigma": 0.8905068324120895, "bus_lcSpeedGainRight": 1.9092119837788057, "bus_lcSublane": 0.44380519836651855, "bus_sigma": 0.10158147594616618, "bus_tau_mean": 1.290324228509323, "bus_tau_std": 9.713204692732111, "bus_v_mean": 12.553983503499767, "bus_v_std": 18.147922844819945, "car_acc": 4.562209145513244, "car_dcc": 3.7675134917811803, "car_lcAssertive": 16.45880687963868, "car_lcCooperative": 0.8797221435013809, "car_lcLookaheadLeft": 63.93550514538744, "car_lcPushy": 0.21062817841880244, "car_lcSigma": 0.3451159147800812, "car_lcSpeedGainRight": 0.7995939429464161, "car_lcSublane": 0.4443481574461272, "car_sigma": 0.08377495384546052, "car_tau_mean": 1.0786147166808395, "car_tau_std": 1.9719634646666928, "car_v_mean": 19.05643746490727, "car_v_std": 11.476057383307058}, "datetime": {"datetime": "2024-08-08 12:52:54", "elapsed": 362.160863, "delta": 1.155875}}
{"target": -0.33549841264477553, "params": {"bus_acc": 4.188879229434953, "bus_dcc": 1.040633040517383, "bus_lcAssertive": 71.71525587400897, "bus_lcCooperative": 0.2953139661018992, "bus_lcLookaheadLeft": 98.66745241246686, "bus_lcPushy": 0.8462417305877817, "bus_lcSigma": 0.5604011810847819, "bus_lcSpeedGainRight": 2.9888284268841963, "bus_lcSublane": 0.1920756730045573, "bus_sigma": 0.2262515885870655, "bus_tau_mean": 1.039046124182829, "bus_tau_std": 3.7781354746444173, "bus_v_mean": 9.791287109465298, "bus_v_std": 10.225457872685237, "car_acc": 3.5539118216061896, "car_dcc": 1.3666371347109498, "car_lcAssertive": 35.075439534096546, "car_lcCooperative": 0.07034787968520784, "car_lcLookaheadLeft": 53.52459635266278, "car_lcPushy": 0.6502897692030054, "car_lcSigma": 0.6154721413751028, "car_lcSpeedGainRight": 4.0693478140474255, "car_lcSublane": 0.23556623650242037, "car_sigma": 0.6181818418404456, "car_tau_mean": 1.5598998173142422, "car_tau_std": 0.8876770607914231, "car_v_mean": 12.884183545053011, "car_v_std": 1.4271294988923233}, "datetime": {"datetime": "2024-08-08 12:52:56", "elapsed": 363.650979, "delta": 1.490116}}
{"target": -0.4089819926149712, "params": {"bus_acc": 2.668088018810296, "bus_dcc": 3.1609734803264744, "bus_lcAssertive": 1.0113231069171438, "bus_lcCooperative": 0.30233257263183977, "bus_lcLookaheadLeft": 16.38207730007708, "bus_lcPushy": 0.0923385947687978, "bus_lcSigma": 0.1862602113776709, "bus_lcSpeedGainRight": 1.7278036352152388, "bus_lcSublane": 0.39676747423066994, "bus_sigma": 0.538816734003357, "bus_tau_mean": 1.9671808004115319, "bus_tau_std": 6.852195003967595, "bus_v_mean": 11.271235995704279, "bus_v_std": 17.562348727818907, "car_acc": 1.1095503727917047, "car_dcc": 3.011402530535207, "car_lcAssertive": 42.31317543434557, "car_lcCooperative": 0.5586898284457517, "car_lcLookaheadLeft": 15.75791998233291, "car_lcPushy": 0.1981014890848788, "car_lcSigma": 0.8007445686755367, "car_lcSpeedGainRight": 4.841307878596988, "car_lcSublane": 0.31342417815924284, "car_sigma": 0.6923226156693141, "car_tau_mean": 3.567362033036134, "car_tau_std": 8.946066635038473, "car_v_mean": 9.360707381916447, "car_v_std": 0.7810956646576472}, "datetime": {"datetime": "2024-08-08 12:52:58", "elapsed": 365.867191, "delta": 2.216212}}
