{"target": -0.31460274113502434, "params": {"bus_acc": 2.509015585152864, "bus_dcc": 2.9300737739474068, "bus_lcAssertive": 12.013321584176065, "bus_lcCooperative": 0.7580616581331086, "bus_lcLookaheadLeft": 85.49068558615497, "bus_lcPushy": 0.8442498595694283, "bus_lcSigma": 0.8905068324120895, "bus_lcSpeedGainRight": 1.9092119837788057, "bus_lcSublane": 0.44380519836651855, "bus_sigma": 0.10158147594616618, "bus_tau_mean": 1.290324228509323, "bus_tau_std": 9.713204692732111, "bus_v_mean": 12.553983503499767, "bus_v_std": 18.147922844819945, "car_acc": 3.6716568591349334, "car_dcc": 3.7675134917811803, "car_lcAssertive": 16.45880687963868, "car_lcCooperative": 0.8797221435013809, "car_lcLookaheadLeft": 63.93550514538744, "car_lcPushy": 0.21062817841880244, "car_lcSigma": 0.3451159147800812, "car_lcSpeedGainRight": 0.7995939429464161, "car_lcSublane": 0.4443481574461272, "car_sigma": 0.08377495384546052, "car_tau_mean": 1.0786147166808395, "car_tau_std": 1.9719634646666928, "car_v_mean": 19.05643746490727, "car_v_std": 11.476057383307058}, "datetime": {"datetime": "2024-08-08 18:48:04", "elapsed": 692.713585, "delta": 2.552303}}
{"target": -0.30492617104595754, "params": {"bus_acc": 3.639994865690295, "bus_dcc": 3.711525867479116, "bus_lcAssertive": 66.60926142515096, "bus_lcCooperative": 0.2702082620297578, "bus_lcLookaheadLeft": 26.731936747449794, "bus_lcPushy": 0.8548979426974024, "bus_lcSigma": 0.5277146463087466, "bus_lcSpeedGainRight": 4.01080542002299, "bus_lcSublane": 0.5724885171916063, "bus_sigma": 0.7331425252875111, "bus_tau_mean": 2.3165406961241954, "bus_tau_std": 7.70883910501888, "bus_v_mean": 17.10172785127545, "bus_v_std": 9.314197571839617, "car_acc": 2.0280667238598453, "car_dcc": 1.2046280452501124, "car_lcAssertive": 38.414493753481885, "car_lcCooperative": 0.07962607769825236, "car_lcLookaheadLeft": 98.3160771455836, "car_lcPushy": 0.18161285133076377, "car_lcSigma": 0.8118586977205398, "car_lcSpeedGainRight": 4.374808224779491, "car_lcSublane": 0.6884132523859433, "car_sigma": 0.5694944127453757, "car_tau_mean": 1.0634000288546308, "car_tau_std": 4.668800227633064, "car_v_mean": 13.52275281848344, "car_v_std": 4.500799156281692}, "datetime": {"datetime": "2024-08-08 18:48:07", "elapsed": 695.533276, "delta": 2.819691}}
{"target": -0.3465310872301251, "params": {"bus_acc": 1.7793750799132435, "bus_dcc": 2.743706026873515, "bus_lcAssertive": 95.5709631002805, "bus_lcCooperative": 0.0807539078120788, "bus_lcLookaheadLeft": 10.186352292050627, "bus_lcPushy": 0.6191348314199072, "bus_lcSigma": 0.22449347883595772, "bus_lcSpeedGainRight": 3.8259197836675405, "bus_lcSublane": 0.5681525429491051, "bus_sigma": 0.6661880902234952, "bus_tau_mean": 0.8773486527810734, "bus_tau_std": 0.8428305143655679, "bus_v_mean": 18.001937092887836, "bus_v_std": 8.19462522268041, "car_acc": 1.2617575716159455, "car_dcc": 2.1131918350485672, "car_lcAssertive": 67.54229655602802, "car_lcCooperative": 0.1895874001915857, "car_lcLookaheadLeft": 89.78145263581301, "car_lcPushy": 0.9498463888800873, "car_lcSigma": 0.9615725424345338, "car_lcSpeedGainRight": 3.650412788701301, "car_lcSublane": 0.4062884276883151, "car_sigma": 0.7437491963512196, "car_tau_mean": 1.5079540774616302, "car_tau_std": 3.144172223907462, "car_v_mean": 17.694341779485725, "car_v_std": 11.896942668158353}, "datetime": {"datetime": "2024-08-08 18:48:10", "elapsed": 698.540822, "delta": 3.007546}}
{"target": -0.25412883487059895, "params": {"bus_acc": 1.21754658413639, "bus_dcc": 1.5181032643968249, "bus_lcAssertive": 32.913391424138354, "bus_lcCooperative": 0.248424246330199, "bus_lcLookaheadLeft": 50.55850817339691, "bus_lcPushy": 0.8244596107976835, "bus_lcSigma": 0.8539724149421759, "bus_lcSpeedGainRight": 2.9791497102935076, "bus_lcSublane": 0.24017373383106666, "bus_sigma": 0.18649268827268528, "bus_tau_mean": 3.1018667934071367, "bus_tau_std": 2.372140576435476, "bus_v_mean": 16.631854254824795, "bus_v_std": 14.985615742543835, "car_acc": 1.6847473138461577, "car_dcc": 1.523503562718232, "car_lcAssertive": 4.933832971009274, "car_lcCooperative": 0.14756883769994755, "car_lcLookaheadLeft": 85.44101288080509, "car_lcPushy": 0.10463591174495857, "car_lcSigma": 0.2236450455273178, "car_lcSpeedGainRight": 0.16378599872988564, "car_lcSublane": 0.6763566354512786, "car_sigma": 0.2317031414647196, "car_tau_mean": 1.9475710123061751, "car_tau_std": 1.3930117132372677, "car_v_mean": 14.035476601784104, "car_v_std": 8.488749324792305}, "datetime": {"datetime": "2024-08-08 18:48:13", "elapsed": 701.459731, "delta": 2.918909}}
{"target": -0.3811341402576267, "params": {"bus_acc": 2.321321679927154, "bus_dcc": 3.262525076365478, "bus_lcAssertive": 92.07540412447102, "bus_lcCooperative": 0.4413517453158379, "bus_lcLookaheadLeft": 53.74061744716068, "bus_lcPushy": 0.06603558401663734, "bus_lcSigma": 0.3907730736706927, "bus_lcSpeedGainRight": 2.3361928316662297, "bus_lcSublane": 0.8951377108035733, "bus_sigma": 0.11055744025544123, "bus_tau_mean": 3.058981611196383, "bus_tau_std": 5.454711685487195, "bus_v_mean": 17.704566888264694, "bus_v_std": 0.5956588825912057, "car_acc": 1.4402421392823386, "car_dcc": 1.8519496763985555, "car_lcAssertive": 1.4823327474070012, "car_lcCooperative": 0.6691577977971368, "car_lcLookaheadLeft": 87.28527899441463, "car_lcPushy": 0.5469683092712408, "car_lcSigma": 0.5431640475192038, "car_lcSpeedGainRight": 3.0786296430651867, "car_lcSublane": 0.30218150041580416, "car_sigma": 0.3667319816609417, "car_tau_mean": 2.512289045472183, "car_tau_std": 8.092165837173445, "car_v_mean": 11.225546150530738, "car_v_std": 6.550481116965782}, "datetime": {"datetime": "2024-08-08 18:48:19", "elapsed": 707.245507, "delta": 5.785776}}
{"target": -0.32006374627976364, "params": {"bus_acc": 1.2712291470843957, "bus_dcc": 1.386927952426828, "bus_lcAssertive": 11.420990139615903, "bus_lcCooperative": 0.17272746332288003, "bus_lcLookaheadLeft": 14.390227248389131, "bus_lcPushy": 0.7783008900676276, "bus_lcSigma": 0.039411512184444275, "bus_lcSpeedGainRight": 1.2077920867043201, "bus_lcSublane": 0.8790664013584655, "bus_sigma": 0.9735188608362936, "bus_tau_mean": 2.6189770270446684, "bus_tau_std": 9.762382645603884, "bus_v_mean": 8.695224667439629, "bus_v_std": 18.97145536752015, "car_acc": 1.9338882473685013, "car_dcc": 3.396918521084779, "car_lcAssertive": 81.25228124124325, "car_lcCooperative": 0.8599985915803449, "car_lcLookaheadLeft": 46.9379794684451, "car_lcPushy": 0.9306443921654484, "car_lcSigma": 0.2578929844270399, "car_lcSpeedGainRight": 4.672227462647923, "car_lcSublane": 0.6191196332516605, "car_sigma": 0.9854449149448306, "car_tau_mean": 0.6142535308690733, "car_tau_std": 7.251666588327083, "car_v_mean": 17.048867766086097, "car_v_std": 9.848480947966392}, "datetime": {"datetime": "2024-08-08 18:48:22", "elapsed": 710.26455, "delta": 3.019043}}
{"target": -0.33151626189070355, "params": {"bus_acc": 3.708202424466935, "bus_dcc": 1.605202319639849, "bus_lcAssertive": 35.84296823743366, "bus_lcCooperative": 0.22914050249215767, "bus_lcLookaheadLeft": 84.80199759692137, "bus_lcPushy": 0.7464101355698433, "bus_lcSigma": 0.8690528324693637, "bus_lcSpeedGainRight": 1.7381144947123244, "bus_lcSublane": 0.1539507630596345, "bus_sigma": 0.9682827080513549, "bus_tau_mean": 2.071232596537331, "bus_tau_std": 7.29902403809188, "bus_v_mean": 18.466671479099485, "bus_v_std": 2.856936647664885, "car_acc": 3.5325329294908814, "car_dcc": 3.9353898932345195, "car_lcAssertive": 96.65860802839845, "car_lcCooperative": 0.3364040048019067, "car_lcLookaheadLeft": 92.74299383591584, "car_lcPushy": 0.1332445086487669, "car_lcSigma": 0.9397224452089148, "car_lcSpeedGainRight": 0.22050158723394442, "car_lcSublane": 0.40907771239256596, "car_sigma": 0.8430068051996625, "car_tau_mean": 3.0418075828104785, "car_tau_std": 7.209270817579761, "car_v_mean": 12.437525010895783, "car_v_std": 8.424277579603894}, "datetime": {"datetime": "2024-08-08 18:48:25", "elapsed": 713.383723, "delta": 3.119173}}
{"target": -0.3361006835713898, "params": {"bus_acc": 2.075390341382637, "bus_dcc": 3.9981261095217477, "bus_lcAssertive": 45.582060725892354, "bus_lcCooperative": 0.34582370901831394, "bus_lcLookaheadLeft": 20.593110084217923, "bus_lcPushy": 0.9235276756424271, "bus_lcSigma": 0.10429409960952774, "bus_lcSpeedGainRight": 2.201718733115305, "bus_lcSublane": 0.6862005464196375, "bus_sigma": 0.14240555129161414, "bus_tau_mean": 3.760236610657989, "bus_tau_std": 0.5887489559126224, "bus_v_mean": 11.489593886850065, "bus_v_std": 1.5439057431978753, "car_acc": 2.2345356518727515, "car_dcc": 2.7917756986613598, "car_lcAssertive": 73.38303596569217, "car_lcCooperative": 0.8784332722863271, "car_lcLookaheadLeft": 36.618344747995486, "car_lcPushy": 0.702462737364214, "car_lcSigma": 0.04861637470141, "car_lcSpeedGainRight": 4.096309222129109, "car_lcSublane": 0.31827564095998495, "car_sigma": 0.22164234560728557, "car_tau_mean": 1.763627509624439, "car_tau_std": 1.1406992718840736, "car_v_mean": 12.699281525507077, "car_v_std": 0.17578099552732374}, "datetime": {"datetime": "2024-08-08 18:48:33", "elapsed": 721.179519, "delta": 7.795796}}
{"target": -0.29338166264309634, "params": {"bus_acc": 1.7513392092241167, "bus_dcc": 3.4470730727505194, "bus_lcAssertive": 88.1318755894636, "bus_lcCooperative": 0.4383170989964358, "bus_lcLookaheadLeft": 59.460321875454554, "bus_lcPushy": 0.6243004243053664, "bus_lcSigma": 0.7276055597377094, "bus_lcSpeedGainRight": 2.9545187459429645, "bus_lcSublane": 0.8065975765748519, "bus_sigma": 0.8240880789627544, "bus_tau_mean": 2.447926279082466, "bus_tau_std": 8.829538041900344, "bus_v_mean": 11.247018272759458, "bus_v_std": 8.27230867414346, "car_acc": 2.89032954804443, "car_dcc": 1.307718091516359, "car_lcAssertive": 72.14571845773229, "car_lcCooperative": 0.4796833377740578, "car_lcLookaheadLeft": 39.141396036571834, "car_lcPushy": 0.45184670733393106, "car_lcSigma": 0.36758615530953975, "car_lcSpeedGainRight": 1.197690219455595, "car_lcSublane": 0.9158724257387112, "car_sigma": 0.7993622949107074, "car_tau_mean": 1.6687900748561117, "car_tau_std": 1.6905167158942624, "car_v_mean": 9.866019618243415, "car_v_std": 15.90665696153642}, "datetime": {"datetime": "2024-08-08 18:48:37", "elapsed": 725.649405, "delta": 4.469886}}
{"target": -0.33535838484394387, "params": {"bus_acc": 3.6199694021101965, "bus_dcc": 1.7339021971576243, "bus_lcAssertive": 63.3311877151724, "bus_lcCooperative": 0.034431265307095615, "bus_lcLookaheadLeft": 52.587449185552764, "bus_lcPushy": 0.8632264817138495, "bus_lcSigma": 0.9841265438849168, "bus_lcSpeedGainRight": 0.04936487679459256, "bus_lcSublane": 0.2528414820768151, "bus_sigma": 0.22384967032752534, "bus_tau_mean": 0.6663815797971617, "bus_tau_std": 0.10172456261775653, "bus_v_mean": 15.843124995907708, "bus_v_std": 0.9096429134058814, "car_acc": 1.834984392540706, "car_dcc": 2.9199237073267366, "car_lcAssertive": 30.17451211452952, "car_lcCooperative": 0.26965470115905144, "car_lcLookaheadLeft": 59.873559179869574, "car_lcPushy": 0.38053407720964005, "car_lcSigma": 0.7025230339614009, "car_lcSpeedGainRight": 2.4806197562493053, "car_lcSublane": 0.6332092658064775, "car_sigma": 0.3533943470016294, "car_tau_mean": 1.5046538115442802, "car_tau_std": 1.3320711375110195, "car_v_mean": 22.993286156783427, "car_v_std": 16.09671692031589}, "datetime": {"datetime": "2024-08-08 18:48:40", "elapsed": 728.565417, "delta": 2.916012}}
{"target": -0.3026914374970357, "params": {"bus_acc": 3.079283033504139, "bus_dcc": 3.0056521720686717, "bus_lcAssertive": 86.93319776116047, "bus_lcCooperative": 0.19637204002350095, "bus_lcLookaheadLeft": 71.85367769432912, "bus_lcPushy": 0.10390110825528731, "bus_lcSigma": 0.05662635679400785, "bus_lcSpeedGainRight": 3.403980171289345, "bus_lcSublane": 0.02263471413364293, "bus_sigma": 0.04429908880212374, "bus_tau_mean": 0.629335579706676, "bus_tau_std": 4.654105087333362, "bus_v_mean": 20.12591110791474, "bus_v_std": 19.84398447379875, "car_acc": 1.6798230896621869, "car_dcc": 3.377140675811582, "car_lcAssertive": 79.72934055378927, "car_lcCooperative": 0.8722427093421683, "car_lcLookaheadLeft": 32.79708704894803, "car_lcPushy": 0.13292505513721076, "car_lcSigma": 0.7967015799841431, "car_lcSpeedGainRight": 2.837316688339531, "car_lcSublane": 0.414653926800871, "car_sigma": 0.0586416771859708, "car_tau_mean": 0.5229490638507701, "car_tau_std": 3.1602346330458397, "car_v_mean": 12.343340565326102, "car_v_std": 9.514472546207388}, "datetime": {"datetime": "2024-08-08 18:48:42", "elapsed": 730.698599, "delta": 2.133182}}
{"target": -0.35583015635947857, "params": {"bus_acc": 3.3554957888569206, "bus_dcc": 3.2941785905362524, "bus_lcAssertive": 67.86930405212397, "bus_lcCooperative": 0.7955027102986651, "bus_lcLookaheadLeft": 5.9217429959190815, "bus_lcPushy": 0.264681631716854, "bus_lcSigma": 0.6953975359715524, "bus_lcSpeedGainRight": 4.334941648038719, "bus_lcSublane": 0.6746068718168242, "bus_sigma": 0.17627612798343162, "bus_tau_mean": 3.7770796098099257, "bus_tau_std": 9.033787001108529, "bus_v_mean": 9.386860258241702, "bus_v_std": 3.86000075148506, "car_acc": 1.82557909183158, "car_dcc": 3.2152356118138203, "car_lcAssertive": 86.07795950178485, "car_lcCooperative": 0.5783223874515512, "car_lcLookaheadLeft": 21.565265923862896, "car_lcPushy": 0.41508988762136245, "car_lcSigma": 0.13785920026410714, "car_lcSpeedGainRight": 4.5869809342921215, "car_lcSublane": 0.7645309404104735, "car_sigma": 0.5102138338060775, "car_tau_mean": 2.087512651097933, "car_tau_std": 0.978420783455699, "car_v_mean": 13.098805700805237, "car_v_std": 2.412655907147929}, "datetime": {"datetime": "2024-08-08 18:48:47", "elapsed": 735.052099, "delta": 4.3535}}
{"target": -0.34714251685583647, "params": {"bus_acc": 3.5363319307848498, "bus_dcc": 3.1696690123378195, "bus_lcAssertive": 11.973271753717423, "bus_lcCooperative": 0.599352281529311, "bus_lcLookaheadLeft": 51.942981379302, "bus_lcPushy": 0.6053833584678505, "bus_lcSigma": 0.012168445269149175, "bus_lcSpeedGainRight": 1.4420101507188159, "bus_lcSublane": 0.05185633584571858, "bus_sigma": 0.38587134344996243, "bus_tau_mean": 3.156802518868001, "bus_tau_std": 2.7600178638695763, "bus_v_mean": 17.825829619831616, "bus_v_std": 12.548669195376046, "car_acc": 1.754893010677817, "car_dcc": 2.4251252027511754, "car_lcAssertive": 15.20605184105772, "car_lcCooperative": 0.07001816506375413, "car_lcLookaheadLeft": 79.71060730968686, "car_lcPushy": 0.1794742258459452, "car_lcSigma": 0.12620726911812663, "car_lcSpeedGainRight": 4.835575683072303, "car_lcSublane": 0.05564288209156465, "car_sigma": 0.6819472188631948, "car_tau_mean": 1.8123240543658938, "car_tau_std": 1.7348737919623625, "car_v_mean": 12.365785651947395, "car_v_std": 14.633917847652597}, "datetime": {"datetime": "2024-08-08 18:48:50", "elapsed": 738.166722, "delta": 3.114623}}
{"target": -0.44386390040355456, "params": {"bus_acc": 2.7079971624511816, "bus_dcc": 2.7554700188879617, "bus_lcAssertive": 79.20075754477797, "bus_lcCooperative": 0.9026346706863088, "bus_lcLookaheadLeft": 7.95357216031002, "bus_lcPushy": 0.34851320938881547, "bus_lcSigma": 0.20009186306839266, "bus_lcSpeedGainRight": 2.325757658274793, "bus_lcSublane": 0.09146794196561492, "bus_sigma": 0.06808577423972362, "bus_tau_mean": 1.5531130159559934, "bus_tau_std": 9.043452577718513, "bus_v_mean": 23.608671646199937, "bus_v_std": 15.274400635667893, "car_acc": 1.0022227388816467, "car_dcc": 3.205646662708702, "car_lcAssertive": 3.177258488517453, "car_lcCooperative": 0.16856568225506097, "car_lcLookaheadLeft": 3.030372811883959, "car_lcPushy": 0.1491269987672621, "car_lcSigma": 0.687505525161023, "car_lcSpeedGainRight": 3.510084376706783, "car_lcSublane": 0.37107740662185684, "car_sigma": 0.7311908242003646, "car_tau_mean": 3.465564718986235, "car_tau_std": 1.3035751444155008, "car_v_mean": 9.398517058587904, "car_v_std": 7.438429130278054}, "datetime": {"datetime": "2024-08-08 18:48:52", "elapsed": 740.726428, "delta": 2.559706}}
{"target": -0.3209267157893287, "params": {"bus_acc": 1.26456593671453, "bus_dcc": 3.051131007464914, "bus_lcAssertive": 12.919686808914616, "bus_lcCooperative": 0.010699003144174157, "bus_lcLookaheadLeft": 56.61228654734155, "bus_lcPushy": 0.9071090552203707, "bus_lcSigma": 0.8604566673368852, "bus_lcSpeedGainRight": 1.6922569205912503, "bus_lcSublane": 0.02715882932586222, "bus_sigma": 0.8008593551300331, "bus_tau_mean": 3.3209472630138306, "bus_tau_std": 8.684881163027722, "bus_v_mean": 18.714345598008528, "bus_v_std": 16.15557724630153, "car_acc": 3.6924948469084606, "car_dcc": 2.361489851470037, "car_lcAssertive": 56.224705067776135, "car_lcCooperative": 0.5061311288282347, "car_lcLookaheadLeft": 69.81442264337343, "car_lcPushy": 0.6829068676298748, "car_lcSigma": 0.5203136358633165, "car_lcSpeedGainRight": 4.142340740427357, "car_lcSublane": 0.5057793867898664, "car_sigma": 0.8248585623852319, "car_tau_mean": 1.4864578085013502, "car_tau_std": 1.7849483297748825, "car_v_mean": 23.517929125515423, "car_v_std": 14.838790509121536}, "datetime": {"datetime": "2024-08-08 18:48:56", "elapsed": 743.759714, "delta": 3.033286}}
{"target": -0.36019389048431233, "params": {"bus_acc": 2.0342099580498805, "bus_dcc": 3.8203224470001014, "bus_lcAssertive": 58.61940381476092, "bus_lcCooperative": 0.8788319844118441, "bus_lcLookaheadLeft": 84.78397564843775, "bus_lcPushy": 0.9053923187086492, "bus_lcSigma": 0.45988026581680697, "bus_lcSpeedGainRight": 2.7317340801018664, "bus_lcSublane": 0.7986035911520394, "bus_sigma": 0.28571885173414757, "bus_tau_mean": 2.215887329169747, "bus_tau_std": 5.991103076458783, "bus_v_mean": 8.248532408813372, "bus_v_std": 11.869628163932743, "car_acc": 2.3010290469683747, "car_dcc": 3.4220815866545244, "car_lcAssertive": 32.20923550644192, "car_lcCooperative": 0.8928887085251513, "car_lcLookaheadLeft": 58.63000709788448, "car_lcPushy": 0.18401020162746506, "car_lcSigma": 0.7879292338255043, "car_lcSpeedGainRight": 3.0601558852246695, "car_lcSublane": 0.053909272073752956, "car_sigma": 0.4201936800011322, "car_tau_mean": 2.8767409279790037, "car_tau_std": 9.18601777977526, "car_v_mean": 8.006432398261719, "car_v_std": 19.535182980621194}, "datetime": {"datetime": "2024-08-08 18:49:02", "elapsed": 749.896222, "delta": 6.136508}}
{"target": -0.3222775355385758, "params": {"bus_acc": 2.5879419970032367, "bus_dcc": 1.4141785139311445, "bus_lcAssertive": 65.32925713148524, "bus_lcCooperative": 0.2329538502249826, "bus_lcLookaheadLeft": 11.462547005953569, "bus_lcPushy": 0.02199255006820866, "bus_lcSigma": 0.8590631623683239, "bus_lcSpeedGainRight": 0.713549682005642, "bus_lcSublane": 0.4029289919456651, "bus_sigma": 0.09356443645283685, "bus_tau_mean": 0.912627777818789, "bus_tau_std": 3.7481686963004024, "bus_v_mean": 10.646179464546288, "bus_v_std": 14.379045186101484, "car_acc": 1.3775540868866478, "car_dcc": 3.216501079590876, "car_lcAssertive": 84.29704411061859, "car_lcCooperative": 0.08268066826828191, "car_lcLookaheadLeft": 5.9276531126502245, "car_lcPushy": 0.49353287554287495, "car_lcSigma": 0.6007584500142, "car_lcSpeedGainRight": 3.4199968055635126, "car_lcSublane": 0.47827473964646583, "car_sigma": 0.5431589664076517, "car_tau_mean": 2.4236357043562857, "car_tau_std": 7.137820419519219, "car_v_mean": 10.49857379915909, "car_v_std": 0.4348484305246414}, "datetime": {"datetime": "2024-08-08 18:49:04", "elapsed": 752.16659, "delta": 2.270368}}
{"target": -0.29847603436725617, "params": {"bus_acc": 3.519522130593002, "bus_dcc": 3.6103070959227033, "bus_lcAssertive": 81.85864247329991, "bus_lcCooperative": 0.8778014186346996, "bus_lcLookaheadLeft": 57.95885866983316, "bus_lcPushy": 0.9640361333390818, "bus_lcSigma": 0.6065443482504677, "bus_lcSpeedGainRight": 3.019738705398407, "bus_lcSublane": 0.31929773707461884, "bus_sigma": 0.681204184117019, "bus_tau_mean": 0.6818799097687634, "bus_tau_std": 1.3454642101194225, "bus_v_mean": 10.083874681164241, "bus_v_std": 13.104025744494713, "car_acc": 1.525997775314015, "car_dcc": 2.0234404697546418, "car_lcAssertive": 5.386853927477355, "car_lcCooperative": 0.2337343601165106, "car_lcLookaheadLeft": 96.49398383523082, "car_lcPushy": 0.5091394025163677, "car_lcSigma": 0.15107451847143194, "car_lcSpeedGainRight": 2.6150426586723214, "car_lcSublane": 0.9435093839110807, "car_sigma": 0.865686014006334, "car_tau_mean": 1.872230541256354, "car_tau_std": 2.8386751597340263, "car_v_mean": 20.18767780308387, "car_v_std": 4.809686496061756}, "datetime": {"datetime": "2024-08-08 18:49:08", "elapsed": 756.3513, "delta": 4.18471}}
{"target": -0.32279587604309645, "params": {"bus_acc": 2.3138257743313715, "bus_dcc": 3.3814135213492755, "bus_lcAssertive": 52.23375652211932, "bus_lcCooperative": 0.41359816112910697, "bus_lcLookaheadLeft": 13.509309750303778, "bus_lcPushy": 0.8839110659363493, "bus_lcSigma": 0.2755932144103168, "bus_lcSpeedGainRight": 3.081303616649302, "bus_lcSublane": 0.984579778960706, "bus_sigma": 0.1894180220437538, "bus_tau_mean": 3.87815797127565, "bus_tau_std": 6.5271536842569535, "bus_v_mean": 10.059705673544762, "bus_v_std": 15.438542921460968, "car_acc": 3.855327334771281, "car_dcc": 2.688341649068275, "car_lcAssertive": 69.16696477605666, "car_lcCooperative": 0.0263478788699828, "car_lcLookaheadLeft": 98.9294171797788, "car_lcPushy": 0.3184571198136825, "car_lcSigma": 0.023903779366219347, "car_lcSpeedGainRight": 4.042820752371942, "car_lcSublane": 0.9732525517670682, "car_sigma": 0.7375885099166811, "car_tau_mean": 0.5095753211589013, "car_tau_std": 0.6336051137403531, "car_v_mean": 17.348310483641292, "car_v_std": 6.714302155112062}, "datetime": {"datetime": "2024-08-08 18:49:11", "elapsed": 759.041859, "delta": 2.690559}}
