{"target": -0.35733486081571814, "params": {"bus_acc": 1.377, "bus_dcc": 1.5835, "bus_lcAssertive": 83.4931, "bus_lcCooperative": 0.2533, "bus_lcLookaheadLeft": 5.431, "bus_lcPushy": 0.2183, "bus_lcSigma": 0.8829, "bus_lcSpeedGainRight": 3.7735, "bus_lcSublane": 0.3853, "bus_sigma": 0.084, "bus_tau_mean": 0.9043, "bus_tau_std": 5.6419, "bus_v_mean": 13.7982, "bus_v_std": 8.7318, "car_acc": 1.6939, "car_dcc": 2.131, "car_lcAssertive": 24.4511, "car_lcCooperative": 0.7884, "car_lcLookaheadLeft": 69.6672, "car_lcPushy": 0.6747, "car_lcSigma": 0.0198, "car_lcSpeedGainRight": 3.4348, "car_lcSublane": 0.735, "car_sigma": 0.042, "car_tau_mean": 1.139, "car_tau_std": 1.0595, "car_v_mean": 13.7764, "car_v_std": 11.3495}, "datetime": {"datetime": "2024-08-08 00:24:59", "elapsed": 1318.458509, "delta": 2.489721}}
{"target": -0.334622813413341, "params": {"bus_acc": 1.7807, "bus_dcc": 2.2188, "bus_lcAssertive": 77.2176, "bus_lcCooperative": 0.3516, "bus_lcLookaheadLeft": 89.4486, "bus_lcPushy": 0.8209, "bus_lcSigma": 0.6452, "bus_lcSpeedGainRight": 2.6402, "bus_lcSublane": 0.146, "bus_sigma": 0.3783, "bus_tau_mean": 2.2467, "bus_tau_std": 1.0164, "bus_v_mean": 15.3568, "bus_v_std": 12.8893, "car_acc": 2.6017, "car_dcc": 1.3438, "car_lcAssertive": 14.1277, "car_lcCooperative": 0.5652, "car_lcLookaheadLeft": 61.7091, "car_lcPushy": 0.189, "car_lcSigma": 0.714, "car_lcSpeedGainRight": 1.6331, "car_lcSublane": 0.4018, "car_sigma": 0.2982, "car_tau_mean": 0.5, "car_tau_std": 2.1221, "car_v_mean": 15.1647, "car_v_std": 8.4922}, "datetime": {"datetime": "2024-08-08 00:25:00", "elapsed": 1319.464194, "delta": 1.005685}}
{"target": -0.37096522003490107, "params": {"bus_acc": 1.0, "bus_dcc": 1.0, "bus_lcAssertive": 33.5361, "bus_lcCooperative": 1.0, "bus_lcLookaheadLeft": 30.6519, "bus_lcPushy": 0.9768, "bus_lcSigma": 0.8449, "bus_lcSpeedGainRight": 2.3981, "bus_lcSublane": 0.3751, "bus_sigma": 0.1937, "bus_tau_mean": 2.9822, "bus_tau_std": 0.4378, "bus_v_mean": 9.0943, "bus_v_std": 12.4901, "car_acc": 3.0, "car_dcc": 3.1059, "car_lcAssertive": 33.3181, "car_lcCooperative": 0.0, "car_lcLookaheadLeft": 71.6083, "car_lcPushy": 1.0, "car_lcSigma": 0.127, "car_lcSpeedGainRight": 4.7851, "car_lcSublane": 0.4075, "car_sigma": 0.6074, "car_tau_mean": 2.2212, "car_tau_std": 3.1115, "car_v_mean": 10.2386, "car_v_std": 8.3292}, "datetime": {"datetime": "2024-08-08 00:25:02", "elapsed": 1321.224158, "delta": 1.759964}}
{"target": -0.3743062688218441, "params": {"bus_acc": 1.1392, "bus_dcc": 3.7842, "bus_lcAssertive": 72.0089, "bus_lcCooperative": 0.4809, "bus_lcLookaheadLeft": 31.7337, "bus_lcPushy": 0.9572, "bus_lcSigma": 0.73, "bus_lcSpeedGainRight": 3.9775, "bus_lcSublane": 0.9665, "bus_sigma": 0.7108, "bus_tau_mean": 2.9435, "bus_tau_std": 5.2791, "bus_v_mean": 20.049, "bus_v_std": 5.9442, "car_acc": 2.2783, "car_dcc": 2.7176, "car_lcAssertive": 11.5039, "car_lcCooperative": 0.3072, "car_lcLookaheadLeft": 78.1552, "car_lcPushy": 0.6963, "car_lcSigma": 0.6483, "car_lcSpeedGainRight": 2.3238, "car_lcSublane": 0.1599, "car_sigma": 0.2082, "car_tau_mean": 3.681, "car_tau_std": 1.592, "car_v_mean": 20.1116, "car_v_std": 10.7978}, "datetime": {"datetime": "2024-08-08 00:25:03", "elapsed": 1322.328569, "delta": 1.104411}}
{"target": -0.3166811620185079, "params": {"bus_acc": 2.9971, "bus_dcc": 1.4611, "bus_lcAssertive": 42.4322, "bus_lcCooperative": 0.3012, "bus_lcLookaheadLeft": 58.5732, "bus_lcPushy": 0.5656, "bus_lcSigma": 0.3581, "bus_lcSpeedGainRight": 4.8739, "bus_lcSublane": 0.7573, "bus_sigma": 0.8954, "bus_tau_mean": 2.0999, "bus_tau_std": 6.0001, "bus_v_mean": 14.6212, "bus_v_std": 6.0911, "car_acc": 2.0569, "car_dcc": 1.5789, "car_lcAssertive": 22.2021, "car_lcCooperative": 0.5168, "car_lcLookaheadLeft": 3.3635, "car_lcPushy": 0.4515, "car_lcSigma": 1.0, "car_lcSpeedGainRight": 4.1194, "car_lcSublane": 0.0895, "car_sigma": 0.6619, "car_tau_mean": 1.2949, "car_tau_std": 1.1856, "car_v_mean": 13.5848, "car_v_std": 13.5493}, "datetime": {"datetime": "2024-08-08 00:25:04", "elapsed": 1323.327234, "delta": 0.998665}}
{"target": -0.3556974354802229, "params": {"bus_acc": 2.0715, "bus_dcc": 1.7661, "bus_lcAssertive": 2.271, "bus_lcCooperative": 0.4421, "bus_lcLookaheadLeft": 15.7745, "bus_lcPushy": 0.4131, "bus_lcSigma": 0.3818, "bus_lcSpeedGainRight": 0.119, "bus_lcSublane": 0.9411, "bus_sigma": 0.5794, "bus_tau_mean": 1.4746, "bus_tau_std": 6.2592, "bus_v_mean": 21.2319, "bus_v_std": 4.7558, "car_acc": 1.7087, "car_dcc": 1.5725, "car_lcAssertive": 6.2929, "car_lcCooperative": 0.9029, "car_lcLookaheadLeft": 79.0639, "car_lcPushy": 0.2709, "car_lcSigma": 0.8056, "car_lcSpeedGainRight": 0.4983, "car_lcSublane": 0.5162, "car_sigma": 0.8412, "car_tau_mean": 1.3151, "car_tau_std": 0.2139, "car_v_mean": 21.9441, "car_v_std": 14.9195}, "datetime": {"datetime": "2024-08-08 00:25:06", "elapsed": 1325.233566, "delta": 1.906332}}
{"target": -0.34323088441118094, "params": {"bus_acc": 1.9291, "bus_dcc": 2.4678, "bus_lcAssertive": 10.8643, "bus_lcCooperative": 0.944, "bus_lcLookaheadLeft": 83.8145, "bus_lcPushy": 0.7729, "bus_lcSigma": 0.7621, "bus_lcSpeedGainRight": 1.4747, "bus_lcSublane": 0.0447, "bus_sigma": 0.3442, "bus_tau_mean": 3.0121, "bus_tau_std": 2.1864, "bus_v_mean": 16.67, "bus_v_std": 15.8043, "car_acc": 1.8266, "car_dcc": 2.1797, "car_lcAssertive": 29.6303, "car_lcCooperative": 0.4596, "car_lcLookaheadLeft": 95.3774, "car_lcPushy": 0.7616, "car_lcSigma": 0.5733, "car_lcSpeedGainRight": 4.3774, "car_lcSublane": 0.8321, "car_sigma": 0.4453, "car_tau_mean": 3.8436, "car_tau_std": 2.8439, "car_v_mean": 20.1858, "car_v_std": 11.6076}, "datetime": {"datetime": "2024-08-08 00:25:07", "elapsed": 1326.92053, "delta": 1.686964}}
{"target": -0.35917909392859787, "params": {"bus_acc": 1.0, "bus_dcc": 1.0, "bus_lcAssertive": 33.4524, "bus_lcCooperative": 1.0, "bus_lcLookaheadLeft": 30.5216, "bus_lcPushy": 1.0, "bus_lcSigma": 0.8519, "bus_lcSpeedGainRight": 2.417, "bus_lcSublane": 0.3637, "bus_sigma": 0.1938, "bus_tau_mean": 3.0089, "bus_tau_std": 0.4718, "bus_v_mean": 9.1088, "bus_v_std": 12.6154, "car_acc": 3.0, "car_dcc": 3.1149, "car_lcAssertive": 33.1979, "car_lcCooperative": 0.0, "car_lcLookaheadLeft": 71.5529, "car_lcPushy": 1.0, "car_lcSigma": 0.1311, "car_lcSpeedGainRight": 4.727, "car_lcSublane": 0.4032, "car_sigma": 0.5959, "car_tau_mean": 2.2406, "car_tau_std": 3.0391, "car_v_mean": 10.2128, "car_v_std": 8.3405}, "datetime": {"datetime": "2024-08-08 00:25:08", "elapsed": 1328.08409, "delta": 1.16356}}
{"target": -0.37325342273901463, "params": {"bus_acc": 2.3368, "bus_dcc": 1.2961, "bus_lcAssertive": 16.867, "bus_lcCooperative": 0.0217, "bus_lcLookaheadLeft": 32.5921, "bus_lcPushy": 0.7631, "bus_lcSigma": 0.0264, "bus_lcSpeedGainRight": 4.4942, "bus_lcSublane": 0.015, "bus_sigma": 0.1808, "bus_tau_mean": 1.9483, "bus_tau_std": 3.5125, "bus_v_mean": 17.5782, "bus_v_std": 0.6955, "car_acc": 1.9168, "car_dcc": 2.8232, "car_lcAssertive": 50.5435, "car_lcCooperative": 0.4007, "car_lcLookaheadLeft": 12.226, "car_lcPushy": 0.8925, "car_lcSigma": 0.8079, "car_lcSpeedGainRight": 0.0569, "car_lcSublane": 0.9312, "car_sigma": 0.6338, "car_tau_mean": 2.8069, "car_tau_std": 1.9068, "car_v_mean": 11.657, "car_v_std": 11.1115}, "datetime": {"datetime": "2024-08-08 00:25:11", "elapsed": 1330.504952, "delta": 2.420862}}
{"target": -0.3099699773094, "params": {"bus_acc": 2.4977, "bus_dcc": 2.8672, "bus_lcAssertive": 36.0717, "bus_lcCooperative": 0.6349, "bus_lcLookaheadLeft": 37.0878, "bus_lcPushy": 0.8591, "bus_lcSigma": 0.4903, "bus_lcSpeedGainRight": 4.9111, "bus_lcSublane": 0.2293, "bus_sigma": 0.4876, "bus_tau_mean": 0.9912, "bus_tau_std": 3.3614, "bus_v_mean": 16.9581, "bus_v_std": 11.715, "car_acc": 2.0754, "car_dcc": 1.3577, "car_lcAssertive": 31.8213, "car_lcCooperative": 0.1763, "car_lcLookaheadLeft": 75.9261, "car_lcPushy": 0.6611, "car_lcSigma": 0.6091, "car_lcSpeedGainRight": 3.168, "car_lcSublane": 0.5658, "car_sigma": 0.0399, "car_tau_mean": 1.447, "car_tau_std": 3.7514, "car_v_mean": 8.2409, "car_v_std": 5.2114}, "datetime": {"datetime": "2024-08-08 00:25:13", "elapsed": 1332.87197, "delta": 2.367018}}
{"target": -0.3141122331391065, "params": {"bus_acc": 1.8163, "bus_dcc": 1.4457, "bus_lcAssertive": 56.055, "bus_lcCooperative": 0.715, "bus_lcLookaheadLeft": 16.1696, "bus_lcPushy": 0.2744, "bus_lcSigma": 0.6596, "bus_lcSpeedGainRight": 3.0023, "bus_lcSublane": 0.6316, "bus_sigma": 0.7195, "bus_tau_mean": 3.2522, "bus_tau_std": 1.7739, "bus_v_mean": 9.8326, "bus_v_std": 0.4771, "car_acc": 2.2594, "car_dcc": 2.6404, "car_lcAssertive": 27.2914, "car_lcCooperative": 0.9336, "car_lcLookaheadLeft": 13.3852, "car_lcPushy": 0.5332, "car_lcSigma": 0.3435, "car_lcSpeedGainRight": 4.6098, "car_lcSublane": 0.0552, "car_sigma": 0.4165, "car_tau_mean": 2.1437, "car_tau_std": 9.8768, "car_v_mean": 15.1277, "car_v_std": 15.2802}, "datetime": {"datetime": "2024-08-08 00:25:15", "elapsed": 1334.464845, "delta": 1.592875}}
{"target": -0.3534847288504597, "params": {"bus_acc": 2.9831, "bus_dcc": 2.0328, "bus_lcAssertive": 96.8007, "bus_lcCooperative": 0.6385, "bus_lcLookaheadLeft": 60.5357, "bus_lcPushy": 0.0696, "bus_lcSigma": 0.742, "bus_lcSpeedGainRight": 0.9312, "bus_lcSublane": 0.809, "bus_sigma": 0.9758, "bus_tau_mean": 0.6108, "bus_tau_std": 6.2486, "bus_v_mean": 23.8863, "bus_v_std": 11.8098, "car_acc": 1.5921, "car_dcc": 2.5204, "car_lcAssertive": 30.5841, "car_lcCooperative": 0.2063, "car_lcLookaheadLeft": 57.7787, "car_lcPushy": 0.5002, "car_lcSigma": 0.5617, "car_lcSpeedGainRight": 1.7362, "car_lcSublane": 0.0432, "car_sigma": 0.8855, "car_tau_mean": 1.8202, "car_tau_std": 6.6996, "car_v_mean": 10.3868, "car_v_std": 2.188}, "datetime": {"datetime": "2024-08-08 00:25:17", "elapsed": 1336.597082, "delta": 2.132237}}
{"target": -0.3809587948588985, "params": {"bus_acc": 2.0961, "bus_dcc": 1.759, "bus_lcAssertive": 85.2226, "bus_lcCooperative": 0.0052, "bus_lcLookaheadLeft": 74.6858, "bus_lcPushy": 0.5007, "bus_lcSigma": 0.6631, "bus_lcSpeedGainRight": 0.874, "bus_lcSublane": 0.85, "bus_sigma": 0.8846, "bus_tau_mean": 2.8296, "bus_tau_std": 5.6252, "bus_v_mean": 16.9955, "bus_v_std": 5.9692, "car_acc": 1.6036, "car_dcc": 2.755, "car_lcAssertive": 92.8023, "car_lcCooperative": 0.4173, "car_lcLookaheadLeft": 19.1079, "car_lcPushy": 0.3796, "car_lcSigma": 0.9893, "car_lcSpeedGainRight": 1.5143, "car_lcSublane": 0.4717, "car_sigma": 0.6558, "car_tau_mean": 1.6358, "car_tau_std": 4.3386, "car_v_mean": 13.3671, "car_v_std": 15.2876}, "datetime": {"datetime": "2024-08-08 00:25:19", "elapsed": 1338.32814, "delta": 1.731058}}
{"target": -0.3418909377405236, "params": {"bus_acc": 1.9377, "bus_dcc": 2.5161, "bus_lcAssertive": 91.1945, "bus_lcCooperative": 0.8661, "bus_lcLookaheadLeft": 67.2219, "bus_lcPushy": 0.8524, "bus_lcSigma": 0.5742, "bus_lcSpeedGainRight": 1.6075, "bus_lcSublane": 0.3181, "bus_sigma": 0.7028, "bus_tau_mean": 3.5348, "bus_tau_std": 8.9652, "bus_v_mean": 8.8828, "bus_v_std": 13.5314, "car_acc": 1.6627, "car_dcc": 1.4158, "car_lcAssertive": 72.2149, "car_lcCooperative": 0.3283, "car_lcLookaheadLeft": 69.5215, "car_lcPushy": 0.9702, "car_lcSigma": 0.9583, "car_lcSpeedGainRight": 1.5866, "car_lcSublane": 0.3169, "car_sigma": 0.97, "car_tau_mean": 3.3803, "car_tau_std": 3.7378, "car_v_mean": 15.5969, "car_v_std": 6.1059}, "datetime": {"datetime": "2024-08-08 00:25:21", "elapsed": 1340.41945, "delta": 2.09131}}
{"target": -0.34447360537264393, "params": {"bus_acc": 2.965, "bus_dcc": 2.3869, "bus_lcAssertive": 79.8675, "bus_lcCooperative": 0.6196, "bus_lcLookaheadLeft": 64.9919, "bus_lcPushy": 0.0885, "bus_lcSigma": 0.8038, "bus_lcSpeedGainRight": 4.3219, "bus_lcSublane": 0.7157, "bus_sigma": 0.1448, "bus_tau_mean": 0.5006, "bus_tau_std": 6.7115, "bus_v_mean": 13.9722, "bus_v_std": 10.0472, "car_acc": 2.3249, "car_dcc": 2.2087, "car_lcAssertive": 1.9203, "car_lcCooperative": 0.2729, "car_lcLookaheadLeft": 22.4679, "car_lcPushy": 0.6374, "car_lcSigma": 0.894, "car_lcSpeedGainRight": 1.8101, "car_lcSublane": 0.8171, "car_sigma": 0.8771, "car_tau_mean": 3.4472, "car_tau_std": 2.9591, "car_v_mean": 8.2808, "car_v_std": 10.6466}, "datetime": {"datetime": "2024-08-08 00:25:23", "elapsed": 1343.070065, "delta": 2.650615}}
{"target": -0.33655533333852106, "params": {"bus_acc": 2.5676, "bus_dcc": 2.6683, "bus_lcAssertive": 47.4506, "bus_lcCooperative": 0.4419, "bus_lcLookaheadLeft": 96.9351, "bus_lcPushy": 0.0352, "bus_lcSigma": 0.4617, "bus_lcSpeedGainRight": 0.4662, "bus_lcSublane": 0.2703, "bus_sigma": 0.2918, "bus_tau_mean": 2.829, "bus_tau_std": 0.5832, "bus_v_mean": 22.0601, "bus_v_std": 16.5543, "car_acc": 2.3441, "car_dcc": 1.8783, "car_lcAssertive": 74.1457, "car_lcCooperative": 0.6691, "car_lcLookaheadLeft": 76.8607, "car_lcPushy": 0.3765, "car_lcSigma": 0.7308, "car_lcSpeedGainRight": 3.216, "car_lcSublane": 0.37, "car_sigma": 0.3023, "car_tau_mean": 2.5106, "car_tau_std": 3.9345, "car_v_mean": 16.2711, "car_v_std": 14.4681}, "datetime": {"datetime": "2024-08-08 00:25:25", "elapsed": 1344.534745, "delta": 1.46468}}
{"target": -0.32327386732143215, "params": {"bus_acc": 2.5101, "bus_dcc": 3.7517, "bus_lcAssertive": 24.8164, "bus_lcCooperative": 0.6336, "bus_lcLookaheadLeft": 68.8701, "bus_lcPushy": 0.3024, "bus_lcSigma": 0.6454, "bus_lcSpeedGainRight": 3.6803, "bus_lcSublane": 0.4686, "bus_sigma": 0.5961, "bus_tau_mean": 3.4492, "bus_tau_std": 4.648, "bus_v_mean": 20.5373, "bus_v_std": 10.1777, "car_acc": 2.4986, "car_dcc": 1.8343, "car_lcAssertive": 79.0596, "car_lcCooperative": 0.092, "car_lcLookaheadLeft": 19.1106, "car_lcPushy": 0.3901, "car_lcSigma": 0.5912, "car_lcSpeedGainRight": 3.9758, "car_lcSublane": 0.7946, "car_sigma": 0.1863, "car_tau_mean": 0.636, "car_tau_std": 1.832, "car_v_mean": 9.955, "car_v_std": 0.6105}, "datetime": {"datetime": "2024-08-08 00:25:26", "elapsed": 1345.784541, "delta": 1.249796}}
{"target": -0.46708502308001076, "params": {"bus_acc": 2.463, "bus_dcc": 2.9306, "bus_lcAssertive": 28.1872, "bus_lcCooperative": 0.0111, "bus_lcLookaheadLeft": 81.6584, "bus_lcPushy": 0.2475, "bus_lcSigma": 0.5665, "bus_lcSpeedGainRight": 3.2142, "bus_lcSublane": 0.5756, "bus_sigma": 0.9761, "bus_tau_mean": 0.566, "bus_tau_std": 2.3479, "bus_v_mean": 17.7359, "bus_v_std": 3.9915, "car_acc": 1.1004, "car_dcc": 2.3048, "car_lcAssertive": 92.9041, "car_lcCooperative": 0.1037, "car_lcLookaheadLeft": 14.3348, "car_lcPushy": 0.3116, "car_lcSigma": 0.9729, "car_lcSpeedGainRight": 2.8812, "car_lcSublane": 0.4632, "car_sigma": 0.7453, "car_tau_mean": 1.4541, "car_tau_std": 0.7879, "car_v_mean": 18.117, "car_v_std": 19.6991}, "datetime": {"datetime": "2024-08-08 00:25:28", "elapsed": 1347.773397, "delta": 1.988856}}
{"target": -0.3769311952411394, "params": {"bus_acc": 1.0, "bus_dcc": 1.0, "bus_lcAssertive": 33.4168, "bus_lcCooperative": 1.0, "bus_lcLookaheadLeft": 30.4942, "bus_lcPushy": 0.9984, "bus_lcSigma": 0.8392, "bus_lcSpeedGainRight": 2.3452, "bus_lcSublane": 0.3742, "bus_sigma": 0.1737, "bus_tau_mean": 2.9397, "bus_tau_std": 0.3013, "bus_v_mean": 9.2871, "bus_v_std": 12.2986, "car_acc": 3.0, "car_dcc": 3.1786, "car_lcAssertive": 32.7386, "car_lcCooperative": 0.0, "car_lcLookaheadLeft": 71.6141, "car_lcPushy": 1.0, "car_lcSigma": 0.1463, "car_lcSpeedGainRight": 4.8085, "car_lcSublane": 0.4273, "car_sigma": 0.6001, "car_tau_mean": 2.2549, "car_tau_std": 2.9556, "car_v_mean": 10.4118, "car_v_std": 8.3189}, "datetime": {"datetime": "2024-08-08 00:25:30", "elapsed": 1349.186601, "delta": 1.413204}}
{"target": -0.3646344409899568, "params": {"bus_acc": 2.4143, "bus_dcc": 1.0947, "bus_lcAssertive": 79.0778, "bus_lcCooperative": 0.6913, "bus_lcLookaheadLeft": 33.8644, "bus_lcPushy": 0.9698, "bus_lcSigma": 0.5441, "bus_lcSpeedGainRight": 2.5778, "bus_lcSublane": 0.4502, "bus_sigma": 0.9803, "bus_tau_mean": 3.1828, "bus_tau_std": 6.5943, "bus_v_mean": 21.0752, "bus_v_std": 6.7793, "car_acc": 2.8577, "car_dcc": 3.3697, "car_lcAssertive": 28.6449, "car_lcCooperative": 0.7338, "car_lcLookaheadLeft": 27.7819, "car_lcPushy": 0.6859, "car_lcSigma": 0.0762, "car_lcSpeedGainRight": 3.8257, "car_lcSublane": 0.8472, "car_sigma": 0.4312, "car_tau_mean": 0.9977, "car_tau_std": 5.9497, "car_v_mean": 8.9151, "car_v_std": 6.1329}, "datetime": {"datetime": "2024-08-08 00:25:31", "elapsed": 1350.298067, "delta": 1.111466}}
{"target": -0.36070065511877225, "params": {"bus_acc": 1.0, "bus_dcc": 1.0, "bus_lcAssertive": 33.4469, "bus_lcCooperative": 1.0, "bus_lcLookaheadLeft": 30.7786, "bus_lcPushy": 0.9742, "bus_lcSigma": 0.8166, "bus_lcSpeedGainRight": 2.3626, "bus_lcSublane": 0.3777, "bus_sigma": 0.1904, "bus_tau_mean": 2.8993, "bus_tau_std": 0.6865, "bus_v_mean": 9.6693, "bus_v_std": 12.3028, "car_acc": 3.0, "car_dcc": 3.0765, "car_lcAssertive": 32.9736, "car_lcCooperative": 0.0, "car_lcLookaheadLeft": 71.5617, "car_lcPushy": 1.0, "car_lcSigma": 0.1609, "car_lcSpeedGainRight": 4.6054, "car_lcSublane": 0.422, "car_sigma": 0.5914, "car_tau_mean": 2.1768, "car_tau_std": 3.0492, "car_v_mean": 10.6437, "car_v_std": 8.2318}, "datetime": {"datetime": "2024-08-08 00:25:34", "elapsed": 1353.505867, "delta": 3.2078}}
{"target": -0.37398346746133654, "params": {"bus_acc": 1.1076, "bus_dcc": 3.9887, "bus_lcAssertive": 89.0619, "bus_lcCooperative": 0.9073, "bus_lcLookaheadLeft": 96.8074, "bus_lcPushy": 0.2634, "bus_lcSigma": 0.1053, "bus_lcSpeedGainRight": 0.4342, "bus_lcSublane": 0.5072, "bus_sigma": 0.9551, "bus_tau_mean": 0.5794, "bus_tau_std": 7.4945, "bus_v_mean": 20.8187, "bus_v_std": 19.4728, "car_acc": 2.3606, "car_dcc": 3.9609, "car_lcAssertive": 78.5151, "car_lcCooperative": 0.7911, "car_lcLookaheadLeft": 58.0669, "car_lcPushy": 0.5468, "car_lcSigma": 0.5747, "car_lcSpeedGainRight": 0.4957, "car_lcSublane": 0.6734, "car_sigma": 0.507, "car_tau_mean": 2.122, "car_tau_std": 5.6112, "car_v_mean": 11.3725, "car_v_std": 12.3647}, "datetime": {"datetime": "2024-08-08 00:25:37", "elapsed": 1356.341552, "delta": 2.835685}}
{"target": -0.3433410886387208, "params": {"bus_acc": 2.5955, "bus_dcc": 1.7314, "bus_lcAssertive": 88.7843, "bus_lcCooperative": 0.7462, "bus_lcLookaheadLeft": 6.3501, "bus_lcPushy": 0.3011, "bus_lcSigma": 0.9794, "bus_lcSpeedGainRight": 3.1809, "bus_lcSublane": 0.0945, "bus_sigma": 0.9872, "bus_tau_mean": 2.5946, "bus_tau_std": 5.3593, "bus_v_mean": 8.2828, "bus_v_std": 6.145, "car_acc": 2.0638, "car_dcc": 1.3447, "car_lcAssertive": 33.749, "car_lcCooperative": 0.0362, "car_lcLookaheadLeft": 65.2025, "car_lcPushy": 0.0155, "car_lcSigma": 0.4395, "car_lcSpeedGainRight": 2.7671, "car_lcSublane": 0.404, "car_sigma": 0.6063, "car_tau_mean": 2.6171, "car_tau_std": 4.6368, "car_v_mean": 12.734, "car_v_std": 15.1488}, "datetime": {"datetime": "2024-08-08 00:25:39", "elapsed": 1359.120777, "delta": 2.779225}}
{"target": -0.33089369247145667, "params": {"bus_acc": 1.2548, "bus_dcc": 1.3625, "bus_lcAssertive": 76.4212, "bus_lcCooperative": 0.6413, "bus_lcLookaheadLeft": 88.7371, "bus_lcPushy": 0.9252, "bus_lcSigma": 0.3144, "bus_lcSpeedGainRight": 3.6037, "bus_lcSublane": 0.4235, "bus_sigma": 0.3987, "bus_tau_mean": 1.8737, "bus_tau_std": 1.0913, "bus_v_mean": 20.9916, "bus_v_std": 8.4649, "car_acc": 2.6691, "car_dcc": 1.1161, "car_lcAssertive": 98.2169, "car_lcCooperative": 0.8834, "car_lcLookaheadLeft": 9.1811, "car_lcPushy": 0.0361, "car_lcSigma": 0.1685, "car_lcSpeedGainRight": 3.4127, "car_lcSublane": 0.5564, "car_sigma": 0.5213, "car_tau_mean": 1.0324, "car_tau_std": 2.3779, "car_v_mean": 23.8613, "car_v_std": 18.9227}, "datetime": {"datetime": "2024-08-08 00:25:41", "elapsed": 1360.731033, "delta": 1.610256}}
{"target": -0.3787438298436958, "params": {"bus_acc": 1.0, "bus_dcc": 1.0, "bus_lcAssertive": 33.4189, "bus_lcCooperative": 1.0, "bus_lcLookaheadLeft": 31.3073, "bus_lcPushy": 0.9736, "bus_lcSigma": 0.7939, "bus_lcSpeedGainRight": 2.3075, "bus_lcSublane": 0.3604, "bus_sigma": 0.211, "bus_tau_mean": 2.8334, "bus_tau_std": 1.0574, "bus_v_mean": 10.0414, "bus_v_std": 12.368, "car_acc": 3.0, "car_dcc": 2.9811, "car_lcAssertive": 33.2684, "car_lcCooperative": 0.0, "car_lcLookaheadLeft": 71.5556, "car_lcPushy": 1.0, "car_lcSigma": 0.1679, "car_lcSpeedGainRight": 4.4619, "car_lcSublane": 0.4193, "car_sigma": 0.6094, "car_tau_mean": 2.1524, "car_tau_std": 3.2493, "car_v_mean": 10.9075, "car_v_std": 8.1079}, "datetime": {"datetime": "2024-08-08 00:25:44", "elapsed": 1363.395843, "delta": 2.66481}}
{"target": -0.3475311532164661, "params": {"bus_acc": 1.5718, "bus_dcc": 2.2921, "bus_lcAssertive": 10.7915, "bus_lcCooperative": 0.6745, "bus_lcLookaheadLeft": 81.3034, "bus_lcPushy": 0.7366, "bus_lcSigma": 0.4487, "bus_lcSpeedGainRight": 1.3873, "bus_lcSublane": 0.6251, "bus_sigma": 0.2947, "bus_tau_mean": 3.4673, "bus_tau_std": 7.2314, "bus_v_mean": 10.8036, "bus_v_std": 7.0654, "car_acc": 2.3323, "car_dcc": 2.1858, "car_lcAssertive": 10.7909, "car_lcCooperative": 0.6864, "car_lcLookaheadLeft": 48.7312, "car_lcPushy": 0.7421, "car_lcSigma": 0.6302, "car_lcSpeedGainRight": 1.8178, "car_lcSublane": 0.3384, "car_sigma": 0.6466, "car_tau_mean": 1.2791, "car_tau_std": 4.0394, "car_v_mean": 19.2638, "car_v_std": 5.1852}, "datetime": {"datetime": "2024-08-08 00:25:47", "elapsed": 1366.206352, "delta": 2.810509}}
{"target": -0.371028196281347, "params": {"bus_acc": 1.1322, "bus_dcc": 3.6107, "bus_lcAssertive": 82.6894, "bus_lcCooperative": 0.1897, "bus_lcLookaheadLeft": 30.3153, "bus_lcPushy": 0.7734, "bus_lcSigma": 0.2418, "bus_lcSpeedGainRight": 3.4146, "bus_lcSublane": 0.838, "bus_sigma": 0.4468, "bus_tau_mean": 2.8027, "bus_tau_std": 0.5084, "bus_v_mean": 15.9124, "bus_v_std": 11.0208, "car_acc": 1.5978, "car_dcc": 3.4699, "car_lcAssertive": 39.848, "car_lcCooperative": 0.9436, "car_lcLookaheadLeft": 5.6637, "car_lcPushy": 0.7243, "car_lcSigma": 0.3317, "car_lcSpeedGainRight": 4.4752, "car_lcSublane": 0.0785, "car_sigma": 0.1777, "car_tau_mean": 3.6807, "car_tau_std": 4.0382, "car_v_mean": 23.9134, "car_v_std": 10.2587}, "datetime": {"datetime": "2024-08-08 00:25:49", "elapsed": 1368.856981, "delta": 2.650629}}
