{"target": -0.06630232311592257, "params": {"bus_acc": 1.1557, "bus_dcc": 1.3185, "bus_lcAssertive": 56.7428, "bus_lcCooperative": 0.8794, "bus_lcLookaheadLeft": 34.9075, "bus_lcPushy": 0.4126, "bus_lcSublane": 0.8183, "bus_tau_mean": 1.5879, "bus_tau_std": 5.9647, "bus_v_mean": 18.1185, "bus_v_std": 4.6597, "car_acc": 2.6602, "car_dcc": 2.5412, "car_lcAssertive": 28.2708, "car_lcCooperative": 0.5575, "car_lcLookaheadLeft": 14.7654, "car_lcPushy": 0.6498, "car_lcSublane": 0.8736, "car_tau_mean": 3.2576, "car_tau_std": 8.5251, "car_v_mean": 20.4702, "car_v_std": 4.8247}, "datetime": {"datetime": "2024-08-05 18:27:41", "elapsed": 313.379853, "delta": 3.25695}}
{"target": -0.06806184306266343, "params": {"bus_acc": 2.6572, "bus_dcc": 3.8512, "bus_lcAssertive": 27.4056, "bus_lcCooperative": 0.2767, "bus_lcLookaheadLeft": 59.9552, "bus_lcPushy": 0.5357, "bus_lcSublane": 0.9802, "bus_tau_mean": 1.8996, "bus_tau_std": 5.3729, "bus_v_mean": 11.8217, "bus_v_std": 5.5655, "car_acc": 2.792, "car_dcc": 1.6859, "car_lcAssertive": 92.6601, "car_lcCooperative": 0.5764, "car_lcLookaheadLeft": 63.5349, "car_lcPushy": 0.7671, "car_lcSublane": 0.4649, "car_tau_mean": 0.6767, "car_tau_std": 3.0335, "car_v_mean": 22.9143, "car_v_std": 4.2661}, "datetime": {"datetime": "2024-08-05 18:27:43", "elapsed": 315.616729, "delta": 2.236876}}
{"target": -0.050678020225070744, "params": {"bus_acc": 1.0149, "bus_dcc": 1.0, "bus_lcAssertive": 49.1806, "bus_lcCooperative": 0.8949, "bus_lcLookaheadLeft": 19.0264, "bus_lcPushy": 1.0, "bus_lcSublane": 1.0, "bus_tau_mean": 3.9086, "bus_tau_std": 10.0, "bus_v_mean": 8.5525, "bus_v_std": 9.551, "car_acc": 1.0, "car_dcc": 4.0, "car_lcAssertive": 1.0, "car_lcCooperative": 1.0, "car_lcLookaheadLeft": 99.1717, "car_lcPushy": 0.976, "car_lcSublane": 0.0427, "car_tau_mean": 0.603, "car_tau_std": 9.1681, "car_v_mean": 23.3553, "car_v_std": 9.0422}, "datetime": {"datetime": "2024-08-05 18:27:46", "elapsed": 318.119834, "delta": 2.503105}}
{"target": -0.06270276486315716, "params": {"bus_acc": 2.3544, "bus_dcc": 1.5165, "bus_lcAssertive": 40.2032, "bus_lcCooperative": 0.9891, "bus_lcLookaheadLeft": 44.9336, "bus_lcPushy": 0.0193, "bus_lcSublane": 0.4065, "bus_tau_mean": 0.5077, "bus_tau_std": 6.2723, "bus_v_mean": 21.2557, "bus_v_std": 8.0362, "car_acc": 2.1417, "car_dcc": 2.3487, "car_lcAssertive": 10.8958, "car_lcCooperative": 0.1661, "car_lcLookaheadLeft": 80.8675, "car_lcPushy": 0.5797, "car_lcSublane": 0.9909, "car_tau_mean": 1.4307, "car_tau_std": 5.6677, "car_v_mean": 20.0361, "car_v_std": 7.1364}, "datetime": {"datetime": "2024-08-05 18:27:49", "elapsed": 321.153115, "delta": 3.033281}}
{"target": -0.05437953208197325, "params": {"bus_acc": 1.4659, "bus_dcc": 3.559, "bus_lcAssertive": 59.7053, "bus_lcCooperative": 0.4204, "bus_lcLookaheadLeft": 53.5497, "bus_lcPushy": 0.1421, "bus_lcSublane": 0.3422, "bus_tau_mean": 3.1504, "bus_tau_std": 3.0764, "bus_v_mean": 12.8244, "bus_v_std": 2.0206, "car_acc": 1.6622, "car_dcc": 1.5401, "car_lcAssertive": 22.459, "car_lcCooperative": 0.1597, "car_lcLookaheadLeft": 88.9892, "car_lcPushy": 0.0582, "car_lcSublane": 0.4243, "car_tau_mean": 1.7484, "car_tau_std": 6.2125, "car_v_mean": 11.3455, "car_v_std": 6.8423}, "datetime": {"datetime": "2024-08-05 18:27:53", "elapsed": 324.887527, "delta": 3.734412}}
{"target": -0.06888479071888819, "params": {"bus_acc": 1.8751, "bus_dcc": 2.5272, "bus_lcAssertive": 42.3347, "bus_lcCooperative": 0.7676, "bus_lcLookaheadLeft": 13.2312, "bus_lcPushy": 0.2228, "bus_lcSublane": 0.1138, "bus_tau_mean": 2.1085, "bus_tau_std": 8.6903, "bus_v_mean": 12.942, "bus_v_std": 1.935, "car_acc": 2.7406, "car_dcc": 3.1436, "car_lcAssertive": 57.9149, "car_lcCooperative": 0.5449, "car_lcLookaheadLeft": 72.1394, "car_lcPushy": 0.1752, "car_lcSublane": 0.3001, "car_tau_mean": 3.7533, "car_tau_std": 2.9848, "car_v_mean": 13.6402, "car_v_std": 1.9622}, "datetime": {"datetime": "2024-08-05 18:27:56", "elapsed": 327.755312, "delta": 2.867785}}
{"target": -0.04927764265074171, "params": {"bus_acc": 1.2772, "bus_dcc": 3.1182, "bus_lcAssertive": 61.944, "bus_lcCooperative": 0.8818, "bus_lcLookaheadLeft": 67.1464, "bus_lcPushy": 0.9429, "bus_lcSublane": 0.1511, "bus_tau_mean": 2.5455, "bus_tau_std": 5.7377, "bus_v_mean": 15.5006, "bus_v_std": 3.1612, "car_acc": 2.3011, "car_dcc": 1.5195, "car_lcAssertive": 1.0859, "car_lcCooperative": 0.644, "car_lcLookaheadLeft": 59.9199, "car_lcPushy": 0.4907, "car_lcSublane": 0.1848, "car_tau_mean": 1.3789, "car_tau_std": 4.1954, "car_v_mean": 14.0467, "car_v_std": 0.676}, "datetime": {"datetime": "2024-08-05 18:27:59", "elapsed": 331.55033, "delta": 3.795018}}
{"target": -0.05985004452319709, "params": {"bus_acc": 1.4593, "bus_dcc": 1.0361, "bus_lcAssertive": 55.9892, "bus_lcCooperative": 0.6902, "bus_lcLookaheadLeft": 28.8673, "bus_lcPushy": 0.7548, "bus_lcSublane": 0.9821, "bus_tau_mean": 1.5863, "bus_tau_std": 2.6806, "bus_v_mean": 10.9654, "bus_v_std": 7.9076, "car_acc": 1.1038, "car_dcc": 3.1452, "car_lcAssertive": 25.2418, "car_lcCooperative": 0.6541, "car_lcLookaheadLeft": 98.4358, "car_lcPushy": 0.4042, "car_lcSublane": 0.2774, "car_tau_mean": 0.9181, "car_tau_std": 7.8312, "car_v_mean": 16.497, "car_v_std": 6.858}, "datetime": {"datetime": "2024-08-05 18:28:03", "elapsed": 335.157545, "delta": 3.607215}}
{"target": -0.05792561065397459, "params": {"bus_acc": 1.5599, "bus_dcc": 2.1102, "bus_lcAssertive": 48.9135, "bus_lcCooperative": 0.2367, "bus_lcLookaheadLeft": 41.5772, "bus_lcPushy": 0.3409, "bus_lcSublane": 0.2747, "bus_tau_mean": 0.6253, "bus_tau_std": 8.7232, "bus_v_mean": 13.0114, "bus_v_std": 6.3791, "car_acc": 1.0096, "car_dcc": 3.1929, "car_lcAssertive": 16.4177, "car_lcCooperative": 0.5209, "car_lcLookaheadLeft": 83.5481, "car_lcPushy": 0.5861, "car_lcSublane": 0.3525, "car_tau_mean": 3.8049, "car_tau_std": 5.1704, "car_v_mean": 18.2312, "car_v_std": 2.1155}, "datetime": {"datetime": "2024-08-05 18:28:06", "elapsed": 338.295161, "delta": 3.137616}}
{"target": -0.04466401139424175, "params": {"bus_acc": 2.0978, "bus_dcc": 1.8581, "bus_lcAssertive": 47.1009, "bus_lcCooperative": 0.9792, "bus_lcLookaheadLeft": 19.7431, "bus_lcPushy": 0.4477, "bus_lcSublane": 0.5472, "bus_tau_mean": 4.0, "bus_tau_std": 4.3677, "bus_v_mean": 8.2149, "bus_v_std": 9.8633, "car_acc": 2.3001, "car_dcc": 4.0, "car_lcAssertive": 1.0, "car_lcCooperative": 0.6832, "car_lcLookaheadLeft": 99.5334, "car_lcPushy": 0.9912, "car_lcSublane": 0.0161, "car_tau_mean": 1.7721, "car_tau_std": 9.6486, "car_v_mean": 11.6524, "car_v_std": 9.3747}, "datetime": {"datetime": "2024-08-05 18:28:09", "elapsed": 341.402683, "delta": 3.107522}}
{"target": -0.05546709775767922, "params": {"bus_acc": 1.5896240235969907, "bus_dcc": 1.1247227018475017, "bus_lcAssertive": 98.98098842488744, "bus_lcCooperative": 0.4648876309118224, "bus_lcLookaheadLeft": 73.98933137693632, "bus_lcPushy": 0.6408076240458747, "bus_lcSublane": 0.7230933996660097, "bus_tau_mean": 0.678888163391407, "bus_tau_std": 9.200454054097136, "bus_v_mean": 22.829459486435866, "bus_v_std": 5.519950271541971, "car_acc": 2.927831777369102, "car_dcc": 1.8428666109711025, "car_lcAssertive": 60.61251608651798, "car_lcCooperative": 0.3964626900526239, "car_lcLookaheadLeft": 63.546276712012364, "car_lcPushy": 0.3006322885237481, "car_lcSublane": 0.8193583846560202, "car_tau_mean": 0.7442509247647299, "car_tau_std": 0.4187757029999628, "car_v_mean": 8.790342154133029, "car_v_std": 1.5045502836766345}, "datetime": {"datetime": "2024-08-05 18:28:13", "elapsed": 345.274693, "delta": 3.87201}}
{"target": -0.06458786937334418, "params": {"bus_acc": 2.3978, "bus_dcc": 3.1066, "bus_lcAssertive": 29.8049, "bus_lcCooperative": 0.1743, "bus_lcLookaheadLeft": 41.1903, "bus_lcPushy": 0.3874, "bus_lcSublane": 0.461, "bus_tau_mean": 1.7294, "bus_tau_std": 2.9511, "bus_v_mean": 14.954, "bus_v_std": 6.8922, "car_acc": 1.4149, "car_dcc": 2.8035, "car_lcAssertive": 33.7935, "car_lcCooperative": 0.4533, "car_lcLookaheadLeft": 16.8596, "car_lcPushy": 0.4041, "car_lcSublane": 0.0849, "car_tau_mean": 1.5849, "car_tau_std": 7.0754, "car_v_mean": 15.1391, "car_v_std": 0.2584}, "datetime": {"datetime": "2024-08-05 18:28:19", "elapsed": 351.22549, "delta": 5.950797}}
{"target": -0.05208271868464521, "params": {"bus_acc": 1.0819, "bus_dcc": 2.3443, "bus_lcAssertive": 42.6685, "bus_lcCooperative": 0.2121, "bus_lcLookaheadLeft": 7.3834, "bus_lcPushy": 0.1824, "bus_lcSublane": 0.1806, "bus_tau_mean": 0.765, "bus_tau_std": 7.2646, "bus_v_mean": 13.424, "bus_v_std": 0.77, "car_acc": 1.032, "car_dcc": 2.2411, "car_lcAssertive": 47.5684, "car_lcCooperative": 0.483, "car_lcLookaheadLeft": 94.8847, "car_lcPushy": 0.2479, "car_lcSublane": 0.9731, "car_tau_mean": 3.2114, "car_tau_std": 5.9135, "car_v_mean": 15.5715, "car_v_std": 5.733}, "datetime": {"datetime": "2024-08-05 18:28:23", "elapsed": 355.371302, "delta": 4.145812}}
{"target": -0.06456766022981036, "params": {"bus_acc": 1.4438, "bus_dcc": 1.7127, "bus_lcAssertive": 44.3529, "bus_lcCooperative": 0.8851, "bus_lcLookaheadLeft": 15.8525, "bus_lcPushy": 0.9369, "bus_lcSublane": 0.8724, "bus_tau_mean": 3.2572, "bus_tau_std": 4.6583, "bus_v_mean": 17.5559, "bus_v_std": 5.3508, "car_acc": 2.2461, "car_dcc": 2.65, "car_lcAssertive": 31.002, "car_lcCooperative": 0.4928, "car_lcLookaheadLeft": 70.1226, "car_lcPushy": 0.2231, "car_lcSublane": 0.4396, "car_tau_mean": 2.0449, "car_tau_std": 9.8597, "car_v_mean": 22.074, "car_v_std": 8.3274}, "datetime": {"datetime": "2024-08-05 18:28:28", "elapsed": 360.509278, "delta": 5.137976}}
{"target": -0.053505668489331484, "params": {"bus_acc": 2.9073, "bus_dcc": 1.863, "bus_lcAssertive": 21.9829, "bus_lcCooperative": 0.7142, "bus_lcLookaheadLeft": 99.5465, "bus_lcPushy": 0.0776, "bus_lcSublane": 0.4323, "bus_tau_mean": 2.3351, "bus_tau_std": 7.0631, "bus_v_mean": 18.2839, "bus_v_std": 1.7737, "car_acc": 1.0122, "car_dcc": 2.3711, "car_lcAssertive": 49.135, "car_lcCooperative": 0.9708, "car_lcLookaheadLeft": 56.4717, "car_lcPushy": 0.4982, "car_lcSublane": 0.8703, "car_tau_mean": 3.248, "car_tau_std": 0.0469, "car_v_mean": 21.7641, "car_v_std": 8.5495}, "datetime": {"datetime": "2024-08-05 18:28:34", "elapsed": 366.297475, "delta": 5.788197}}
{"target": -0.04429665529945245, "params": {"bus_acc": 2.1368, "bus_dcc": 2.088, "bus_lcAssertive": 61.7119, "bus_lcCooperative": 0.9495, "bus_lcLookaheadLeft": 60.5089, "bus_lcPushy": 0.9934, "bus_lcSublane": 0.4548, "bus_tau_mean": 3.1024, "bus_tau_std": 0.3898, "bus_v_mean": 20.2494, "bus_v_std": 5.1966, "car_acc": 1.0244, "car_dcc": 1.8454, "car_lcAssertive": 53.9622, "car_lcCooperative": 0.7818, "car_lcLookaheadLeft": 7.2169, "car_lcPushy": 0.5629, "car_lcSublane": 0.8148, "car_tau_mean": 2.7873, "car_tau_std": 9.3283, "car_v_mean": 9.2095, "car_v_std": 2.7819}, "datetime": {"datetime": "2024-08-05 18:28:39", "elapsed": 370.917532, "delta": 4.620057}}
{"target": -0.05612597453496433, "params": {"bus_acc": 1.0275, "bus_dcc": 1.6229, "bus_lcAssertive": 63.3557, "bus_lcCooperative": 0.1975, "bus_lcLookaheadLeft": 58.7093, "bus_lcPushy": 0.1453, "bus_lcSublane": 0.9626, "bus_tau_mean": 3.0225, "bus_tau_std": 0.361, "bus_v_mean": 20.3868, "bus_v_std": 5.0393, "car_acc": 2.8138, "car_dcc": 1.9645, "car_lcAssertive": 55.6763, "car_lcCooperative": 0.5191, "car_lcLookaheadLeft": 8.1777, "car_lcPushy": 0.6378, "car_lcSublane": 0.1632, "car_tau_mean": 2.9995, "car_tau_std": 6.0858, "car_v_mean": 11.1382, "car_v_std": 2.9701}, "datetime": {"datetime": "2024-08-05 18:28:41", "elapsed": 373.412272, "delta": 2.49474}}
{"target": -0.06816015001631572, "params": {"bus_acc": 1.5925, "bus_dcc": 3.33, "bus_lcAssertive": 95.4176, "bus_lcCooperative": 0.8132, "bus_lcLookaheadLeft": 16.8927, "bus_lcPushy": 0.4282, "bus_lcSublane": 0.9643, "bus_tau_mean": 0.8516, "bus_tau_std": 2.9667, "bus_v_mean": 10.7312, "bus_v_std": 7.7975, "car_acc": 1.7232, "car_dcc": 3.0337, "car_lcAssertive": 18.9736, "car_lcCooperative": 0.3746, "car_lcLookaheadLeft": 78.7756, "car_lcPushy": 0.732, "car_lcSublane": 0.1994, "car_tau_mean": 2.9531, "car_tau_std": 7.4125, "car_v_mean": 22.2348, "car_v_std": 8.9425}, "datetime": {"datetime": "2024-08-05 18:28:43", "elapsed": 375.155335, "delta": 1.743063}}
{"target": -0.06853471078817838, "params": {"bus_acc": 2.6497, "bus_dcc": 3.9673, "bus_lcAssertive": 33.8732, "bus_lcCooperative": 0.3257, "bus_lcLookaheadLeft": 53.2241, "bus_lcPushy": 0.5869, "bus_lcSublane": 0.3771, "bus_tau_mean": 1.2519, "bus_tau_std": 1.8816, "bus_v_mean": 16.962, "bus_v_std": 1.7793, "car_acc": 2.7174, "car_dcc": 3.8162, "car_lcAssertive": 64.8435, "car_lcCooperative": 0.2121, "car_lcLookaheadLeft": 68.0162, "car_lcPushy": 0.6192, "car_lcSublane": 0.6377, "car_tau_mean": 2.4447, "car_tau_std": 0.5283, "car_v_mean": 16.5428, "car_v_std": 0.8265}, "datetime": {"datetime": "2024-08-05 18:28:45", "elapsed": 377.414018, "delta": 2.258683}}
{"target": -0.06172918751103988, "params": {"bus_acc": 1.3029, "bus_dcc": 3.7202, "bus_lcAssertive": 10.0254, "bus_lcCooperative": 0.054, "bus_lcLookaheadLeft": 61.1986, "bus_lcPushy": 0.0784, "bus_lcSublane": 0.6506, "bus_tau_mean": 1.5086, "bus_tau_std": 4.7668, "bus_v_mean": 22.532, "bus_v_std": 8.0155, "car_acc": 1.2435, "car_dcc": 3.3549, "car_lcAssertive": 36.2157, "car_lcCooperative": 0.4852, "car_lcLookaheadLeft": 48.0535, "car_lcPushy": 0.9256, "car_lcSublane": 0.1858, "car_tau_mean": 2.8041, "car_tau_std": 1.1315, "car_v_mean": 21.0643, "car_v_std": 5.1602}, "datetime": {"datetime": "2024-08-05 18:28:47", "elapsed": 379.661017, "delta": 2.246999}}
{"target": -0.06566498464931628, "params": {"bus_acc": 1.2574, "bus_dcc": 1.0, "bus_lcAssertive": 38.5335, "bus_lcCooperative": 0.5587, "bus_lcLookaheadLeft": 48.7171, "bus_lcPushy": 0.6537, "bus_lcSublane": 1.0, "bus_tau_mean": 3.8842, "bus_tau_std": 6.9149, "bus_v_mean": 24.0, "bus_v_std": 10.0, "car_acc": 1.7014, "car_dcc": 4.0, "car_lcAssertive": 2.6613, "car_lcCooperative": 1.0, "car_lcLookaheadLeft": 72.6764, "car_lcPushy": 0.6752, "car_lcSublane": 0.0, "car_tau_mean": 2.097, "car_tau_std": 0.2854, "car_v_mean": 24.0, "car_v_std": 4.2644}, "datetime": {"datetime": "2024-08-05 18:28:49", "elapsed": 381.565404, "delta": 1.904387}}
{"target": -0.06485209555681029, "params": {"bus_acc": 2.5262, "bus_dcc": 3.673, "bus_lcAssertive": 91.7358, "bus_lcCooperative": 0.5266, "bus_lcLookaheadLeft": 16.7926, "bus_lcPushy": 0.6239, "bus_lcSublane": 0.3378, "bus_tau_mean": 0.6014, "bus_tau_std": 9.4219, "bus_v_mean": 21.0964, "bus_v_std": 6.2816, "car_acc": 2.9533, "car_dcc": 1.4802, "car_lcAssertive": 44.6938, "car_lcCooperative": 0.1738, "car_lcLookaheadLeft": 24.599, "car_lcPushy": 0.1452, "car_lcSublane": 0.1593, "car_tau_mean": 3.666, "car_tau_std": 8.6727, "car_v_mean": 15.2677, "car_v_std": 5.5878}, "datetime": {"datetime": "2024-08-05 18:28:51", "elapsed": 383.717379, "delta": 2.151975}}
{"target": -0.06507724225275481, "params": {"bus_acc": 2.4263, "bus_dcc": 1.5619, "bus_lcAssertive": 61.2554, "bus_lcCooperative": 0.9173, "bus_lcLookaheadLeft": 18.9032, "bus_lcPushy": 0.346, "bus_lcSublane": 0.0497, "bus_tau_mean": 1.3707, "bus_tau_std": 0.9611, "bus_v_mean": 13.6552, "bus_v_std": 9.2562, "car_acc": 1.565, "car_dcc": 3.2587, "car_lcAssertive": 64.7208, "car_lcCooperative": 0.2486, "car_lcLookaheadLeft": 93.2223, "car_lcPushy": 0.8641, "car_lcSublane": 0.7629, "car_tau_mean": 1.753, "car_tau_std": 2.7415, "car_v_mean": 16.1133, "car_v_std": 4.2747}, "datetime": {"datetime": "2024-08-05 18:28:55", "elapsed": 386.965671, "delta": 3.248292}}
{"target": -0.04690411056068934, "params": {"bus_acc": 2.2241, "bus_dcc": 2.1753, "bus_lcAssertive": 61.7997, "bus_lcCooperative": 1.0, "bus_lcLookaheadLeft": 60.5967, "bus_lcPushy": 1.0, "bus_lcSublane": 0.5426, "bus_tau_mean": 3.1902, "bus_tau_std": 0.4776, "bus_v_mean": 20.3372, "bus_v_std": 5.2839, "car_acc": 1.1128, "car_dcc": 1.9337, "car_lcAssertive": 54.05, "car_lcCooperative": 0.8696, "car_lcLookaheadLeft": 7.3041, "car_lcPushy": 0.6506, "car_lcSublane": 0.9026, "car_tau_mean": 2.8751, "car_tau_std": 9.4155, "car_v_mean": 9.2968, "car_v_std": 2.8691}, "datetime": {"datetime": "2024-08-05 18:28:56", "elapsed": 388.400439, "delta": 1.434768}}
{"target": -0.0714999884437927, "params": {"bus_acc": 2.8506, "bus_dcc": 1.8784, "bus_lcAssertive": 42.7507, "bus_lcCooperative": 0.3421, "bus_lcLookaheadLeft": 42.7894, "bus_lcPushy": 0.9485, "bus_lcSublane": 0.0298, "bus_tau_mean": 2.8568, "bus_tau_std": 9.3842, "bus_v_mean": 15.6732, "bus_v_std": 6.1632, "car_acc": 2.1785, "car_dcc": 3.058, "car_lcAssertive": 17.5376, "car_lcCooperative": 0.4531, "car_lcLookaheadLeft": 73.974, "car_lcPushy": 0.3428, "car_lcSublane": 0.3009, "car_tau_mean": 3.6209, "car_tau_std": 3.0868, "car_v_mean": 20.4455, "car_v_std": 3.0586}, "datetime": {"datetime": "2024-08-05 18:28:58", "elapsed": 390.187719, "delta": 1.78728}}
{"target": -0.05932651439697836, "params": {"bus_acc": 1.5593, "bus_dcc": 2.7015, "bus_lcAssertive": 33.0613, "bus_lcCooperative": 0.4224, "bus_lcLookaheadLeft": 62.1162, "bus_lcPushy": 0.88, "bus_lcSublane": 0.0759, "bus_tau_mean": 2.504, "bus_tau_std": 0.9872, "bus_v_mean": 19.6408, "bus_v_std": 3.4257, "car_acc": 2.3319, "car_dcc": 3.0886, "car_lcAssertive": 59.112, "car_lcCooperative": 0.6762, "car_lcLookaheadLeft": 11.7915, "car_lcPushy": 0.4616, "car_lcSublane": 0.8018, "car_tau_mean": 2.8193, "car_tau_std": 3.6518, "car_v_mean": 12.5992, "car_v_std": 1.7383}, "datetime": {"datetime": "2024-08-05 18:29:00", "elapsed": 392.217441, "delta": 2.029722}}
{"target": -0.05701339111980819, "params": {"bus_acc": 2.1781, "bus_dcc": 1.0499, "bus_lcAssertive": 73.2634, "bus_lcCooperative": 0.1886, "bus_lcLookaheadLeft": 12.4323, "bus_lcPushy": 0.7927, "bus_lcSublane": 0.8465, "bus_tau_mean": 1.6971, "bus_tau_std": 2.755, "bus_v_mean": 14.1887, "bus_v_std": 1.0485, "car_acc": 2.1692, "car_dcc": 2.6215, "car_lcAssertive": 24.8583, "car_lcCooperative": 0.0451, "car_lcLookaheadLeft": 95.9696, "car_lcPushy": 0.1936, "car_lcSublane": 0.1257, "car_tau_mean": 0.5008, "car_tau_std": 2.3497, "car_v_mean": 18.9724, "car_v_std": 0.2148}, "datetime": {"datetime": "2024-08-05 18:29:01", "elapsed": 393.727674, "delta": 1.510233}}
{"target": -0.05672681605616013, "params": {"bus_acc": 2.667, "bus_dcc": 2.2194, "bus_lcAssertive": 15.9283, "bus_lcCooperative": 0.2676, "bus_lcLookaheadLeft": 6.2788, "bus_lcPushy": 0.5424, "bus_lcSublane": 0.0032, "bus_tau_mean": 3.223, "bus_tau_std": 2.4342, "bus_v_mean": 22.1053, "bus_v_std": 2.2843, "car_acc": 1.743, "car_dcc": 1.0681, "car_lcAssertive": 44.2933, "car_lcCooperative": 0.4002, "car_lcLookaheadLeft": 42.1381, "car_lcPushy": 0.3999, "car_lcSublane": 0.4947, "car_tau_mean": 1.3753, "car_tau_std": 1.6229, "car_v_mean": 13.8809, "car_v_std": 4.9801}, "datetime": {"datetime": "2024-08-05 18:29:04", "elapsed": 396.04725, "delta": 2.319576}}
{"target": -0.05064461514428251, "params": {"bus_acc": 2.5718, "bus_dcc": 2.8149, "bus_lcAssertive": 25.693, "bus_lcCooperative": 0.5822, "bus_lcLookaheadLeft": 56.5014, "bus_lcPushy": 0.8442, "bus_lcSublane": 0.6643, "bus_tau_mean": 2.9103, "bus_tau_std": 4.8094, "bus_v_mean": 8.6969, "bus_v_std": 1.0966, "car_acc": 2.8588, "car_dcc": 1.11, "car_lcAssertive": 98.8169, "car_lcCooperative": 0.495, "car_lcLookaheadLeft": 64.3692, "car_lcPushy": 0.4522, "car_lcSublane": 0.6576, "car_tau_mean": 3.2923, "car_tau_std": 9.7552, "car_v_mean": 16.6338, "car_v_std": 9.4352}, "datetime": {"datetime": "2024-08-05 18:29:05", "elapsed": 397.314632, "delta": 1.267382}}
{"target": -0.05978306461870508, "params": {"bus_acc": 1.1672, "bus_dcc": 1.0, "bus_lcAssertive": 56.4471, "bus_lcCooperative": 0.3546, "bus_lcLookaheadLeft": 19.0506, "bus_lcPushy": 0.0411, "bus_lcSublane": 1.0, "bus_tau_mean": 3.3872, "bus_tau_std": 3.244, "bus_v_mean": 10.3431, "bus_v_std": 10.0, "car_acc": 1.0, "car_dcc": 4.0, "car_lcAssertive": 1.0, "car_lcCooperative": 1.0, "car_lcLookaheadLeft": 99.0907, "car_lcPushy": 0.6331, "car_lcSublane": 0.1577, "car_tau_mean": 0.5, "car_tau_std": 2.1351, "car_v_mean": 11.3635, "car_v_std": 9.0166}, "datetime": {"datetime": "2024-08-05 18:29:07", "elapsed": 399.105277, "delta": 1.790645}}
{"target": -0.06861181287138009, "params": {"bus_acc": 2.0747, "bus_dcc": 3.2974, "bus_lcAssertive": 5.0765, "bus_lcCooperative": 0.9545, "bus_lcLookaheadLeft": 35.4667, "bus_lcPushy": 0.1986, "bus_lcSublane": 0.0673, "bus_tau_mean": 2.5524, "bus_tau_std": 7.5659, "bus_v_mean": 11.839, "bus_v_std": 4.9201, "car_acc": 2.1613, "car_dcc": 2.1393, "car_lcAssertive": 74.3997, "car_lcCooperative": 0.4199, "car_lcLookaheadLeft": 11.4003, "car_lcPushy": 0.3512, "car_lcSublane": 0.5075, "car_tau_mean": 1.1058, "car_tau_std": 4.8353, "car_v_mean": 18.9016, "car_v_std": 1.3361}, "datetime": {"datetime": "2024-08-05 18:29:08", "elapsed": 400.41019, "delta": 1.304913}}
{"target": -0.057211121963623456, "params": {"bus_acc": 2.6164, "bus_dcc": 1.5322, "bus_lcAssertive": 97.8917, "bus_lcCooperative": 0.6491, "bus_lcLookaheadLeft": 34.2499, "bus_lcPushy": 0.3276, "bus_lcSublane": 0.8421, "bus_tau_mean": 3.6702, "bus_tau_std": 7.173, "bus_v_mean": 19.6109, "bus_v_std": 2.5315, "car_acc": 2.7936, "car_dcc": 2.4099, "car_lcAssertive": 66.3312, "car_lcCooperative": 0.1393, "car_lcLookaheadLeft": 93.0189, "car_lcPushy": 0.8855, "car_lcSublane": 0.6651, "car_tau_mean": 2.7539, "car_tau_std": 9.4575, "car_v_mean": 11.2893, "car_v_std": 9.9823}, "datetime": {"datetime": "2024-08-05 18:29:11", "elapsed": 402.937415, "delta": 2.527225}}
