{"target": -0.35867814429515427, "params": {"bus_acc": 1.4238, "bus_dcc": 1.9549, "bus_lcAssertive": 79.7095, "bus_lcCooperative": 0.6961, "bus_lcLookaheadLeft": 25.4731, "bus_lcPushy": 0.5392, "bus_lcSigma": 0.6333, "bus_lcSpeedGainRight": 3.5789, "bus_lcSublane": 0.498, "bus_sigma": 0.4552, "bus_tau_mean": 1.588, "bus_tau_std": 2.1217, "bus_v_mean": 10.0938, "bus_v_std": 13.3461, "car_acc": 3.7698, "car_dcc": 3.0811, "car_lcAssertive": 1.4109, "car_lcCooperative": 0.4115, "car_lcLookaheadLeft": 14.0406, "car_lcPushy": 0.4881, "car_lcSigma": 0.8816, "car_lcSpeedGainRight": 2.4818, "car_lcSublane": 0.3679, "car_sigma": 0.7799, "car_tau_mean": 3.8555, "car_tau_std": 2.7302, "car_v_mean": 21.0109, "car_v_std": 19.5287}, "datetime": {"datetime": "2024-08-08 13:18:59", "elapsed": 1927.320879, "delta": 3.755696}}
{"target": -0.35150240522518195, "params": {"bus_acc": 1.425, "bus_dcc": 1.9553, "bus_lcAssertive": 79.71, "bus_lcCooperative": 0.6961, "bus_lcLookaheadLeft": 25.4721, "bus_lcPushy": 0.5392, "bus_lcSigma": 0.6334, "bus_lcSpeedGainRight": 3.5789, "bus_lcSublane": 0.4981, "bus_sigma": 0.4553, "bus_tau_mean": 1.5881, "bus_tau_std": 2.1212, "bus_v_mean": 10.0948, "bus_v_std": 13.3467, "car_acc": 3.77, "car_dcc": 3.0811, "car_lcAssertive": 1.4111, "car_lcCooperative": 0.4114, "car_lcLookaheadLeft": 14.0406, "car_lcPushy": 0.4881, "car_lcSigma": 0.8814, "car_lcSpeedGainRight": 2.4818, "car_lcSublane": 0.3679, "car_sigma": 0.7799, "car_tau_mean": 3.8554, "car_tau_std": 2.73, "car_v_mean": 21.0111, "car_v_std": 19.528}, "datetime": {"datetime": "2024-08-08 13:19:02", "elapsed": 1930.39935, "delta": 3.078471}}
{"target": -0.3368215905213593, "params": {"bus_acc": 1.4257, "bus_dcc": 1.9557, "bus_lcAssertive": 79.7105, "bus_lcCooperative": 0.6961, "bus_lcLookaheadLeft": 25.4709, "bus_lcPushy": 0.5392, "bus_lcSigma": 0.6335, "bus_lcSpeedGainRight": 3.5788, "bus_lcSublane": 0.4982, "bus_sigma": 0.4554, "bus_tau_mean": 1.5881, "bus_tau_std": 2.1209, "bus_v_mean": 10.0961, "bus_v_std": 13.3477, "car_acc": 3.7701, "car_dcc": 3.0812, "car_lcAssertive": 1.4113, "car_lcCooperative": 0.4114, "car_lcLookaheadLeft": 14.0407, "car_lcPushy": 0.488, "car_lcSigma": 0.8812, "car_lcSpeedGainRight": 2.4818, "car_lcSublane": 0.3679, "car_sigma": 0.7798, "car_tau_mean": 3.8553, "car_tau_std": 2.7299, "car_v_mean": 21.0114, "car_v_std": 19.5274}, "datetime": {"datetime": "2024-08-08 13:19:25", "elapsed": 1952.93834, "delta": 22.53899}}
{"target": -0.3667953211271465, "params": {"bus_acc": 2.3786, "bus_dcc": 3.3131, "bus_lcAssertive": 13.1567, "bus_lcCooperative": 0.5039, "bus_lcLookaheadLeft": 94.1555, "bus_lcPushy": 0.2496, "bus_lcSigma": 0.1517, "bus_lcSpeedGainRight": 3.9108, "bus_lcSublane": 0.2127, "bus_sigma": 0.8297, "bus_tau_mean": 0.9649, "bus_tau_std": 9.5304, "bus_v_mean": 9.041, "bus_v_std": 14.9357, "car_acc": 2.4108, "car_dcc": 3.9595, "car_lcAssertive": 76.7049, "car_lcCooperative": 0.1581, "car_lcLookaheadLeft": 33.668, "car_lcPushy": 0.0718, "car_lcSigma": 0.5653, "car_lcSpeedGainRight": 4.3214, "car_lcSublane": 0.2909, "car_sigma": 0.2647, "car_tau_mean": 2.9838, "car_tau_std": 3.6395, "car_v_mean": 18.6586, "car_v_std": 1.1801}, "datetime": {"datetime": "2024-08-08 13:19:28", "elapsed": 1956.065354, "delta": 3.127014}}
{"target": -0.3220668123507313, "params": {"bus_acc": 1.511, "bus_dcc": 2.0554, "bus_lcAssertive": 79.5551, "bus_lcCooperative": 0.7961, "bus_lcLookaheadLeft": 25.7094, "bus_lcPushy": 0.5922, "bus_lcSigma": 0.6846, "bus_lcSpeedGainRight": 3.6459, "bus_lcSublane": 0.5963, "bus_sigma": 0.5649, "bus_tau_mean": 1.7001, "bus_tau_std": 2.3329, "bus_v_mean": 10.2082, "bus_v_std": 13.4133, "car_acc": 3.8482, "car_dcc": 3.1656, "car_lcAssertive": 1.781, "car_lcCooperative": 0.5106, "car_lcLookaheadLeft": 14.1484, "car_lcPushy": 0.5368, "car_lcSigma": 1.0, "car_lcSpeedGainRight": 2.5949, "car_lcSublane": 0.4767, "car_sigma": 0.8693, "car_tau_mean": 4.0, "car_tau_std": 2.8683, "car_v_mean": 20.9477, "car_v_std": 19.4157}, "datetime": {"datetime": "2024-08-08 13:19:30", "elapsed": 1958.278548, "delta": 2.213194}}
{"target": -0.4269082164184588, "params": {"bus_acc": 4.7261, "bus_dcc": 2.0393, "bus_lcAssertive": 77.353, "bus_lcCooperative": 0.5419, "bus_lcLookaheadLeft": 76.9768, "bus_lcPushy": 0.4719, "bus_lcSigma": 0.8677, "bus_lcSpeedGainRight": 0.2025, "bus_lcSublane": 0.5036, "bus_sigma": 0.8082, "bus_tau_mean": 0.7412, "bus_tau_std": 3.2384, "bus_v_mean": 21.1397, "bus_v_std": 17.1899, "car_acc": 2.9799, "car_dcc": 2.3409, "car_lcAssertive": 30.1943, "car_lcCooperative": 0.7873, "car_lcLookaheadLeft": 91.5332, "car_lcPushy": 0.4123, "car_lcSigma": 0.1866, "car_lcSpeedGainRight": 4.4901, "car_lcSublane": 0.208, "car_sigma": 0.6415, "car_tau_mean": 3.0921, "car_tau_std": 7.15, "car_v_mean": 22.4219, "car_v_std": 5.894}, "datetime": {"datetime": "2024-08-08 13:19:33", "elapsed": 1960.674033, "delta": 2.395485}}
{"target": -0.3108280911270741, "params": {"bus_acc": 1.4112, "bus_dcc": 2.0084, "bus_lcAssertive": 79.3381, "bus_lcCooperative": 0.7345, "bus_lcLookaheadLeft": 25.7678, "bus_lcPushy": 0.5475, "bus_lcSigma": 0.6707, "bus_lcSpeedGainRight": 3.5016, "bus_lcSublane": 0.525, "bus_sigma": 0.5077, "bus_tau_mean": 1.6458, "bus_tau_std": 2.447, "bus_v_mean": 10.1553, "bus_v_std": 13.32, "car_acc": 3.7258, "car_dcc": 3.0757, "car_lcAssertive": 2.017, "car_lcCooperative": 0.448, "car_lcLookaheadLeft": 14.0021, "car_lcPushy": 0.5284, "car_lcSigma": 0.9233, "car_lcSpeedGainRight": 2.5454, "car_lcSublane": 0.4203, "car_sigma": 0.792, "car_tau_mean": 3.8053, "car_tau_std": 2.8639, "car_v_mean": 20.7403, "car_v_std": 18.9702}, "datetime": {"datetime": "2024-08-08 13:19:39", "elapsed": 1967.27731, "delta": 6.603277}}
{"target": -0.2678289601940131, "params": {"bus_acc": 1.404, "bus_dcc": 1.9432, "bus_lcAssertive": 79.6941, "bus_lcCooperative": 0.6975, "bus_lcLookaheadLeft": 25.5092, "bus_lcPushy": 0.5401, "bus_lcSigma": 0.6306, "bus_lcSpeedGainRight": 3.5808, "bus_lcSublane": 0.4961, "bus_sigma": 0.4523, "bus_tau_mean": 1.5875, "bus_tau_std": 2.1368, "bus_v_mean": 10.059, "bus_v_std": 13.3219, "car_acc": 3.7648, "car_dcc": 3.0803, "car_lcAssertive": 1.4053, "car_lcCooperative": 0.413, "car_lcLookaheadLeft": 14.0391, "car_lcPushy": 0.4903, "car_lcSigma": 0.8872, "car_lcSpeedGainRight": 2.4829, "car_lcSublane": 0.3683, "car_sigma": 0.7819, "car_tau_mean": 3.8576, "car_tau_std": 2.7383, "car_v_mean": 21.0019, "car_v_std": 19.5516}, "datetime": {"datetime": "2024-08-08 13:19:52", "elapsed": 1980.288129, "delta": 13.010819}}
{"target": -0.35280445983350617, "params": {"bus_acc": 1.4253, "bus_dcc": 1.9554, "bus_lcAssertive": 79.7102, "bus_lcCooperative": 0.6962, "bus_lcLookaheadLeft": 25.4716, "bus_lcPushy": 0.5393, "bus_lcSigma": 0.6334, "bus_lcSpeedGainRight": 3.579, "bus_lcSublane": 0.4981, "bus_sigma": 0.4553, "bus_tau_mean": 1.5881, "bus_tau_std": 2.1212, "bus_v_mean": 10.0955, "bus_v_std": 13.3472, "car_acc": 3.77, "car_dcc": 3.0812, "car_lcAssertive": 1.4112, "car_lcCooperative": 0.4116, "car_lcLookaheadLeft": 14.0407, "car_lcPushy": 0.4882, "car_lcSigma": 0.8815, "car_lcSpeedGainRight": 2.4819, "car_lcSublane": 0.3679, "car_sigma": 0.78, "car_tau_mean": 3.8555, "car_tau_std": 2.73, "car_v_mean": 21.0113, "car_v_std": 19.5278}, "datetime": {"datetime": "2024-08-08 13:19:54", "elapsed": 1981.536546, "delta": 1.248417}}
{"target": -0.3380063073613082, "params": {"bus_acc": 3.6946, "bus_dcc": 2.2429, "bus_lcAssertive": 85.799, "bus_lcCooperative": 0.5839, "bus_lcLookaheadLeft": 37.5638, "bus_lcPushy": 0.6547, "bus_lcSigma": 0.3792, "bus_lcSpeedGainRight": 4.5363, "bus_lcSublane": 0.4934, "bus_sigma": 0.1777, "bus_tau_mean": 2.6903, "bus_tau_std": 3.4864, "bus_v_mean": 13.6354, "bus_v_std": 8.9325, "car_acc": 1.68, "car_dcc": 1.479, "car_lcAssertive": 73.2646, "car_lcCooperative": 0.7811, "car_lcLookaheadLeft": 57.4372, "car_lcPushy": 0.2166, "car_lcSigma": 0.7967, "car_lcSpeedGainRight": 3.0034, "car_lcSublane": 0.0253, "car_sigma": 0.7441, "car_tau_mean": 0.617, "car_tau_std": 6.288, "car_v_mean": 15.8807, "car_v_std": 2.0655}, "datetime": {"datetime": "2024-08-08 13:20:00", "elapsed": 1988.190776, "delta": 6.65423}}
{"target": -0.31289777981521083, "params": {"bus_acc": 1.4249, "bus_dcc": 1.9665, "bus_lcAssertive": 79.0834, "bus_lcCooperative": 0.7033, "bus_lcLookaheadLeft": 25.7872, "bus_lcPushy": 0.5492, "bus_lcSigma": 0.6328, "bus_lcSpeedGainRight": 3.5083, "bus_lcSublane": 0.4978, "bus_sigma": 0.4696, "bus_tau_mean": 1.6193, "bus_tau_std": 2.4073, "bus_v_mean": 10.2032, "bus_v_std": 13.2855, "car_acc": 3.7024, "car_dcc": 3.0472, "car_lcAssertive": 2.1188, "car_lcCooperative": 0.4146, "car_lcLookaheadLeft": 14.059, "car_lcPushy": 0.497, "car_lcSigma": 0.8973, "car_lcSpeedGainRight": 2.4996, "car_lcSublane": 0.3907, "car_sigma": 0.7672, "car_tau_mean": 3.7975, "car_tau_std": 2.8053, "car_v_mean": 20.786, "car_v_std": 18.9886}, "datetime": {"datetime": "2024-08-08 13:20:11", "elapsed": 1999.422416, "delta": 11.23164}}
{"target": -0.36081716065039693, "params": {"bus_acc": 1.426, "bus_dcc": 1.9559, "bus_lcAssertive": 79.7107, "bus_lcCooperative": 0.696, "bus_lcLookaheadLeft": 25.4701, "bus_lcPushy": 0.5391, "bus_lcSigma": 0.6335, "bus_lcSpeedGainRight": 3.5788, "bus_lcSublane": 0.4982, "bus_sigma": 0.4554, "bus_tau_mean": 1.5881, "bus_tau_std": 2.1205, "bus_v_mean": 10.0968, "bus_v_std": 13.3481, "car_acc": 3.7702, "car_dcc": 3.0812, "car_lcAssertive": 1.4116, "car_lcCooperative": 0.4114, "car_lcLookaheadLeft": 14.0407, "car_lcPushy": 0.488, "car_lcSigma": 0.8811, "car_lcSpeedGainRight": 2.4817, "car_lcSublane": 0.3679, "car_sigma": 0.7798, "car_tau_mean": 3.8553, "car_tau_std": 2.7296, "car_v_mean": 21.0116, "car_v_std": 19.5266}, "datetime": {"datetime": "2024-08-08 13:20:12", "elapsed": 2000.338475, "delta": 0.916059}}
{"target": -0.26995066748394403, "params": {"bus_acc": 1.3687, "bus_dcc": 1.9229, "bus_lcAssertive": 79.6678, "bus_lcCooperative": 0.6999, "bus_lcLookaheadLeft": 25.571, "bus_lcPushy": 0.5418, "bus_lcSigma": 0.6261, "bus_lcSpeedGainRight": 3.5833, "bus_lcSublane": 0.4929, "bus_sigma": 0.4476, "bus_tau_mean": 1.5867, "bus_tau_std": 2.1623, "bus_v_mean": 9.999, "bus_v_std": 13.2798, "car_acc": 3.7557, "car_dcc": 3.0782, "car_lcAssertive": 1.3955, "car_lcCooperative": 0.4158, "car_lcLookaheadLeft": 14.0361, "car_lcPushy": 0.4943, "car_lcSigma": 0.8968, "car_lcSpeedGainRight": 2.4841, "car_lcSublane": 0.3691, "car_sigma": 0.7854, "car_tau_mean": 3.8606, "car_tau_std": 2.7522, "car_v_mean": 20.9858, "car_v_std": 19.59}, "datetime": {"datetime": "2024-08-08 13:20:15", "elapsed": 2003.038057, "delta": 2.699582}}
{"target": -0.31323582326373556, "params": {"bus_acc": 1.4187, "bus_dcc": 1.9752, "bus_lcAssertive": 79.1184, "bus_lcCooperative": 0.716, "bus_lcLookaheadLeft": 25.7737, "bus_lcPushy": 0.5668, "bus_lcSigma": 0.6454, "bus_lcSpeedGainRight": 3.5168, "bus_lcSublane": 0.4972, "bus_sigma": 0.4715, "bus_tau_mean": 1.6196, "bus_tau_std": 2.4151, "bus_v_mean": 10.1881, "bus_v_std": 13.2703, "car_acc": 3.6973, "car_dcc": 3.0463, "car_lcAssertive": 2.1082, "car_lcCooperative": 0.4206, "car_lcLookaheadLeft": 14.0271, "car_lcPushy": 0.5028, "car_lcSigma": 0.8715, "car_lcSpeedGainRight": 2.5087, "car_lcSublane": 0.3928, "car_sigma": 0.7788, "car_tau_mean": 3.7948, "car_tau_std": 2.816, "car_v_mean": 20.7564, "car_v_std": 18.9648}, "datetime": {"datetime": "2024-08-08 13:20:18", "elapsed": 2006.055521, "delta": 3.017464}}
{"target": -0.34365465442461496, "params": {"bus_acc": 1.4261, "bus_dcc": 1.9559, "bus_lcAssertive": 79.7107, "bus_lcCooperative": 0.696, "bus_lcLookaheadLeft": 25.4701, "bus_lcPushy": 0.5391, "bus_lcSigma": 0.6335, "bus_lcSpeedGainRight": 3.5788, "bus_lcSublane": 0.4982, "bus_sigma": 0.4554, "bus_tau_mean": 1.5881, "bus_tau_std": 2.1206, "bus_v_mean": 10.097, "bus_v_std": 13.3482, "car_acc": 3.7702, "car_dcc": 3.0812, "car_lcAssertive": 1.4116, "car_lcCooperative": 0.4114, "car_lcLookaheadLeft": 14.0407, "car_lcPushy": 0.488, "car_lcSigma": 0.8811, "car_lcSpeedGainRight": 2.4817, "car_lcSublane": 0.3679, "car_sigma": 0.7798, "car_tau_mean": 3.8553, "car_tau_std": 2.7296, "car_v_mean": 21.0116, "car_v_std": 19.5267}, "datetime": {"datetime": "2024-08-08 13:20:19", "elapsed": 2006.94635, "delta": 0.890829}}
{"target": -0.3137801425135745, "params": {"bus_acc": 1.3959, "bus_dcc": 1.9724, "bus_lcAssertive": 79.2369, "bus_lcCooperative": 0.6942, "bus_lcLookaheadLeft": 25.6994, "bus_lcPushy": 0.5451, "bus_lcSigma": 0.6285, "bus_lcSpeedGainRight": 3.5064, "bus_lcSublane": 0.4848, "bus_sigma": 0.4737, "bus_tau_mean": 1.608, "bus_tau_std": 2.3876, "bus_v_mean": 10.155, "bus_v_std": 13.2657, "car_acc": 3.704, "car_dcc": 3.0365, "car_lcAssertive": 1.9993, "car_lcCooperative": 0.4076, "car_lcLookaheadLeft": 13.9577, "car_lcPushy": 0.4891, "car_lcSigma": 0.886, "car_lcSpeedGainRight": 2.4992, "car_lcSublane": 0.3796, "car_sigma": 0.7537, "car_tau_mean": 3.8042, "car_tau_std": 2.8178, "car_v_mean": 20.7093, "car_v_std": 18.9618}, "datetime": {"datetime": "2024-08-08 13:20:21", "elapsed": 2008.768266, "delta": 1.821916}}
{"target": -0.31327528027444884, "params": {"bus_acc": 1.4124, "bus_dcc": 2.0032, "bus_lcAssertive": 79.2569, "bus_lcCooperative": 0.695, "bus_lcLookaheadLeft": 25.7618, "bus_lcPushy": 0.5469, "bus_lcSigma": 0.6654, "bus_lcSpeedGainRight": 3.5335, "bus_lcSublane": 0.5211, "bus_sigma": 0.5025, "bus_tau_mean": 1.6446, "bus_tau_std": 2.4488, "bus_v_mean": 10.1641, "bus_v_std": 13.2727, "car_acc": 3.7552, "car_dcc": 3.0717, "car_lcAssertive": 2.0595, "car_lcCooperative": 0.4428, "car_lcLookaheadLeft": 13.9842, "car_lcPushy": 0.5245, "car_lcSigma": 0.9185, "car_lcSpeedGainRight": 2.5393, "car_lcSublane": 0.45, "car_sigma": 0.7881, "car_tau_mean": 3.8679, "car_tau_std": 2.8576, "car_v_mean": 20.7042, "car_v_std": 18.9371}, "datetime": {"datetime": "2024-08-08 13:20:23", "elapsed": 2010.886461, "delta": 2.118195}}
{"target": -0.33453887606194854, "params": {"bus_acc": 1.4159, "bus_dcc": 1.9792, "bus_lcAssertive": 79.238, "bus_lcCooperative": 0.6423, "bus_lcLookaheadLeft": 25.7237, "bus_lcPushy": 0.5535, "bus_lcSigma": 0.6368, "bus_lcSpeedGainRight": 3.5127, "bus_lcSublane": 0.4939, "bus_sigma": 0.4733, "bus_tau_mean": 1.6085, "bus_tau_std": 2.4028, "bus_v_mean": 10.1704, "bus_v_std": 13.2778, "car_acc": 3.711, "car_dcc": 3.0386, "car_lcAssertive": 2.0115, "car_lcCooperative": 0.4172, "car_lcLookaheadLeft": 13.9754, "car_lcPushy": 0.4984, "car_lcSigma": 0.9198, "car_lcSpeedGainRight": 2.5106, "car_lcSublane": 0.3958, "car_sigma": 0.7631, "car_tau_mean": 3.8034, "car_tau_std": 2.8318, "car_v_mean": 20.721, "car_v_std": 18.9765}, "datetime": {"datetime": "2024-08-08 13:20:35", "elapsed": 2022.667438, "delta": 11.780977}}
{"target": -0.33859580292938973, "params": {"bus_acc": 1.4203, "bus_dcc": 1.9751, "bus_lcAssertive": 79.1228, "bus_lcCooperative": 0.704, "bus_lcLookaheadLeft": 25.7841, "bus_lcPushy": 0.5552, "bus_lcSigma": 0.6385, "bus_lcSpeedGainRight": 3.5232, "bus_lcSublane": 0.5001, "bus_sigma": 0.4854, "bus_tau_mean": 1.6242, "bus_tau_std": 2.4248, "bus_v_mean": 10.1954, "bus_v_std": 13.2782, "car_acc": 3.7108, "car_dcc": 3.0495, "car_lcAssertive": 2.1225, "car_lcCooperative": 0.4293, "car_lcLookaheadLeft": 14.0374, "car_lcPushy": 0.5018, "car_lcSigma": 0.9127, "car_lcSpeedGainRight": 2.5081, "car_lcSublane": 0.382, "car_sigma": 0.7661, "car_tau_mean": 3.8033, "car_tau_std": 2.8231, "car_v_mean": 20.7539, "car_v_std": 18.9651}, "datetime": {"datetime": "2024-08-08 13:20:36", "elapsed": 2024.169776, "delta": 1.502338}}
{"target": -0.29461176450467474, "params": {"bus_acc": 1.4071, "bus_dcc": 1.9449, "bus_lcAssertive": 79.6967, "bus_lcCooperative": 0.6972, "bus_lcLookaheadLeft": 25.5034, "bus_lcPushy": 0.54, "bus_lcSigma": 0.631, "bus_lcSpeedGainRight": 3.5803, "bus_lcSublane": 0.4964, "bus_sigma": 0.4528, "bus_tau_mean": 1.5876, "bus_tau_std": 2.1342, "bus_v_mean": 10.0646, "bus_v_std": 13.3257, "car_acc": 3.7655, "car_dcc": 3.0802, "car_lcAssertive": 1.4061, "car_lcCooperative": 0.4128, "car_lcLookaheadLeft": 14.0392, "car_lcPushy": 0.49, "car_lcSigma": 0.8863, "car_lcSpeedGainRight": 2.4825, "car_lcSublane": 0.3682, "car_sigma": 0.7816, "car_tau_mean": 3.857, "car_tau_std": 2.737, "car_v_mean": 21.0032, "car_v_std": 19.5478}, "datetime": {"datetime": "2024-08-08 13:20:42", "elapsed": 2030.497703, "delta": 6.327927}}
{"target": -0.343804650446055, "params": {"bus_acc": 1.4199, "bus_dcc": 2.0155, "bus_lcAssertive": 79.1994, "bus_lcCooperative": 0.702, "bus_lcLookaheadLeft": 25.6885, "bus_lcPushy": 0.5659, "bus_lcSigma": 0.658, "bus_lcSpeedGainRight": 3.518, "bus_lcSublane": 0.5058, "bus_sigma": 0.4826, "bus_tau_mean": 1.6131, "bus_tau_std": 2.3979, "bus_v_mean": 10.1439, "bus_v_std": 13.2548, "car_acc": 3.704, "car_dcc": 3.0405, "car_lcAssertive": 1.9578, "car_lcCooperative": 0.4116, "car_lcLookaheadLeft": 13.9487, "car_lcPushy": 0.4929, "car_lcSigma": 0.9022, "car_lcSpeedGainRight": 2.5031, "car_lcSublane": 0.389, "car_sigma": 0.7705, "car_tau_mean": 3.8098, "car_tau_std": 2.8051, "car_v_mean": 20.7389, "car_v_std": 18.9572}, "datetime": {"datetime": "2024-08-08 13:20:49", "elapsed": 2036.867345, "delta": 6.369642}}
{"target": -0.41888471644612973, "params": {"bus_acc": 4.7478, "bus_dcc": 2.9013, "bus_lcAssertive": 15.2638, "bus_lcCooperative": 0.0774, "bus_lcLookaheadLeft": 51.466, "bus_lcPushy": 0.5936, "bus_lcSigma": 0.6574, "bus_lcSpeedGainRight": 2.3588, "bus_lcSublane": 0.9727, "bus_sigma": 0.8833, "bus_tau_mean": 2.3698, "bus_tau_std": 4.6991, "bus_v_mean": 21.8364, "bus_v_std": 19.6491, "car_acc": 4.1447, "car_dcc": 3.5062, "car_lcAssertive": 27.4549, "car_lcCooperative": 0.3056, "car_lcLookaheadLeft": 71.306, "car_lcPushy": 0.8998, "car_lcSigma": 0.8758, "car_lcSpeedGainRight": 0.9994, "car_lcSublane": 0.8781, "car_sigma": 0.0006, "car_tau_mean": 1.7433, "car_tau_std": 2.7737, "car_v_mean": 21.6057, "car_v_std": 0.3595}, "datetime": {"datetime": "2024-08-08 13:21:05", "elapsed": 2052.650124, "delta": 15.782779}}
{"target": -0.36589311181325973, "params": {"bus_acc": 1.8004, "bus_dcc": 1.7786, "bus_lcAssertive": 80.0395, "bus_lcCooperative": 0.9285, "bus_lcLookaheadLeft": 25.5621, "bus_lcPushy": 0.631, "bus_lcSigma": 1.0, "bus_lcSpeedGainRight": 3.6374, "bus_lcSublane": 0.565, "bus_sigma": 0.8312, "bus_tau_mean": 1.5124, "bus_tau_std": 1.8809, "bus_v_mean": 9.7148, "bus_v_std": 13.2367, "car_acc": 3.7478, "car_dcc": 3.075, "car_lcAssertive": 1.1677, "car_lcCooperative": 0.3344, "car_lcLookaheadLeft": 14.1599, "car_lcPushy": 0.4131, "car_lcSigma": 0.8849, "car_lcSpeedGainRight": 2.4128, "car_lcSublane": 0.3089, "car_sigma": 0.7815, "car_tau_mean": 3.8856, "car_tau_std": 2.6243, "car_v_mean": 21.2833, "car_v_std": 19.8067}, "datetime": {"datetime": "2024-08-08 13:21:06", "elapsed": 2054.320853, "delta": 1.670729}}
{"target": -0.3453702671504606, "params": {"bus_acc": 1.4547, "bus_dcc": 2.0356, "bus_lcAssertive": 79.3455, "bus_lcCooperative": 0.6957, "bus_lcLookaheadLeft": 25.7447, "bus_lcPushy": 0.547, "bus_lcSigma": 0.6302, "bus_lcSpeedGainRight": 3.506, "bus_lcSublane": 0.4847, "bus_sigma": 0.5045, "bus_tau_mean": 1.6061, "bus_tau_std": 2.4061, "bus_v_mean": 10.1463, "bus_v_std": 13.267, "car_acc": 3.7051, "car_dcc": 3.0376, "car_lcAssertive": 2.0437, "car_lcCooperative": 0.4481, "car_lcLookaheadLeft": 13.9666, "car_lcPushy": 0.5289, "car_lcSigma": 0.8877, "car_lcSpeedGainRight": 2.5054, "car_lcSublane": 0.3813, "car_sigma": 0.7561, "car_tau_mean": 3.8086, "car_tau_std": 2.8455, "car_v_mean": 20.7087, "car_v_std": 19.0105}, "datetime": {"datetime": "2024-08-08 13:21:08", "elapsed": 2055.78983, "delta": 1.468977}}
{"target": -0.3530730078902298, "params": {"bus_acc": 1.4549, "bus_dcc": 2.0443, "bus_lcAssertive": 79.2291, "bus_lcCooperative": 0.6955, "bus_lcLookaheadLeft": 25.7619, "bus_lcPushy": 0.5841, "bus_lcSigma": 0.6701, "bus_lcSpeedGainRight": 3.5002, "bus_lcSublane": 0.5241, "bus_sigma": 0.4693, "bus_tau_mean": 1.6109, "bus_tau_std": 2.4869, "bus_v_mean": 10.172, "bus_v_std": 13.281, "car_acc": 3.6878, "car_dcc": 3.0377, "car_lcAssertive": 2.0204, "car_lcCooperative": 0.4095, "car_lcLookaheadLeft": 13.9871, "car_lcPushy": 0.4897, "car_lcSigma": 0.8841, "car_lcSpeedGainRight": 2.5059, "car_lcSublane": 0.3821, "car_sigma": 0.7546, "car_tau_mean": 3.8005, "car_tau_std": 2.8226, "car_v_mean": 20.7088, "car_v_std": 18.9759}, "datetime": {"datetime": "2024-08-08 13:21:12", "elapsed": 2059.764367, "delta": 3.974537}}
{"target": -0.302481046207572, "params": {"bus_acc": 1.4066, "bus_dcc": 1.9446, "bus_lcAssertive": 79.6962, "bus_lcCooperative": 0.6973, "bus_lcLookaheadLeft": 25.5044, "bus_lcPushy": 0.54, "bus_lcSigma": 0.6309, "bus_lcSpeedGainRight": 3.5803, "bus_lcSublane": 0.4963, "bus_sigma": 0.4527, "bus_tau_mean": 1.5875, "bus_tau_std": 2.1345, "bus_v_mean": 10.0635, "bus_v_std": 13.325, "car_acc": 3.7653, "car_dcc": 3.0802, "car_lcAssertive": 1.4059, "car_lcCooperative": 0.4128, "car_lcLookaheadLeft": 14.0391, "car_lcPushy": 0.49, "car_lcSigma": 0.8864, "car_lcSpeedGainRight": 2.4825, "car_lcSublane": 0.3682, "car_sigma": 0.7816, "car_tau_mean": 3.8571, "car_tau_std": 2.7372, "car_v_mean": 21.0029, "car_v_std": 19.5485}, "datetime": {"datetime": "2024-08-08 13:21:15", "elapsed": 2062.744628, "delta": 2.980261}}
