{"target": -0.34643255227531816, "params": {"bus_acc": 2.4534101828455204, "bus_dcc": 3.6623652342181825, "bus_lcAssertive": 14.606911412798858, "bus_lcCooperative": 0.9643727973861176, "bus_lcLookaheadLeft": 6.177708816064829, "bus_lcPushy": 0.09944025725488481, "bus_lcSigma": 0.2232384309404435, "bus_lcSpeedGainRight": 4.03292541130257, "bus_lcSublane": 0.4558728073695024, "bus_sigma": 0.6532511422613194, "bus_tau_mean": 1.1101239813194304, "bus_tau_std": 1.6672193292652826, "bus_v_mean": 16.333573448860626, "bus_v_std": 14.805872705604433, "car_acc": 2.387423395645085, "car_dcc": 3.6088422553633386, "car_lcAssertive": 66.38078153239339, "car_lcCooperative": 0.2490900884519328, "car_lcLookaheadLeft": 25.02041763860628, "car_lcPushy": 0.3740467168670696, "car_lcSigma": 0.7566160562962172, "car_lcSpeedGainRight": 4.689688321548911, "car_lcSublane": 0.8619059993188329, "car_sigma": 0.26161079268292176, "car_tau_mean": 1.9429762479249943, "car_tau_std": 6.115440994503215, "car_v_mean": 16.749351293052932, "car_v_std": 7.785498908179314}, "datetime": {"datetime": "2024-08-08 18:42:28", "elapsed": 356.533572, "delta": 3.037947}}
{"target": -0.3026738244245329, "params": {"bus_acc": 3.3232304000081183, "bus_dcc": 2.6583027896496776, "bus_lcAssertive": 89.0239778216408, "bus_lcCooperative": 0.354952851149572, "bus_lcLookaheadLeft": 26.06083065827773, "bus_lcPushy": 0.9110192396569683, "bus_lcSigma": 0.04353426375776537, "bus_lcSpeedGainRight": 4.753767140305011, "bus_lcSublane": 0.5564069156709253, "bus_sigma": 0.3763632166870875, "bus_tau_mean": 3.982683128186889, "bus_tau_std": 0.5836264614763165, "bus_v_mean": 16.267301756281796, "bus_v_std": 0.621941509110957, "car_acc": 2.7135272175587004, "car_dcc": 1.5414055269853466, "car_lcAssertive": 63.46496083361352, "car_lcCooperative": 0.9809236757505815, "car_lcLookaheadLeft": 87.74045001881333, "car_lcPushy": 0.45183624942087064, "car_lcSigma": 0.7084608700517172, "car_lcSpeedGainRight": 3.8873437500159462, "car_lcSublane": 0.4948430841825636, "car_sigma": 0.5285334901775651, "car_tau_mean": 1.027745394302674, "car_tau_std": 3.6939992561190627, "car_v_mean": 10.275540049164587, "car_v_std": 14.537875066891253}, "datetime": {"datetime": "2024-08-08 18:42:30", "elapsed": 358.490036, "delta": 1.956464}}
{"target": -0.3336329224578472, "params": {"bus_acc": 3.133933330313994, "bus_dcc": 3.274396848337151, "bus_lcAssertive": 88.4569615448094, "bus_lcCooperative": 0.3669482381501168, "bus_lcLookaheadLeft": 55.169404281421414, "bus_lcPushy": 0.5347699755827457, "bus_lcSigma": 0.6475825802042952, "bus_lcSpeedGainRight": 4.475919398620639, "bus_lcSublane": 0.6008274761261335, "bus_sigma": 0.9699385377160038, "bus_tau_mean": 3.0624744416783685, "bus_tau_std": 4.152914915545825, "bus_v_mean": 17.298215362625427, "bus_v_std": 18.446415648340878, "car_acc": 2.8555011517809197, "car_dcc": 3.1297858102550857, "car_lcAssertive": 66.46791117735353, "car_lcCooperative": 0.33614643889956264, "car_lcLookaheadLeft": 21.926815802024425, "car_lcPushy": 0.4078129626004203, "car_lcSigma": 0.15076980613173374, "car_lcSpeedGainRight": 4.131667738605077, "car_lcSublane": 0.7104606135008141, "car_sigma": 0.4010561894105159, "car_tau_mean": 1.0998394363091228, "car_tau_std": 8.757993398860496, "car_v_mean": 18.22502249660844, "car_v_std": 19.93205639963093}, "datetime": {"datetime": "2024-08-08 18:42:33", "elapsed": 360.734799, "delta": 2.244763}}
{"target": -0.36888753870208296, "params": {"bus_acc": 1.700870527857906, "bus_dcc": 2.997254188875242, "bus_lcAssertive": 35.75099524657136, "bus_lcCooperative": 0.8197201954510278, "bus_lcLookaheadLeft": 66.79318027915772, "bus_lcPushy": 0.6243511027441567, "bus_lcSigma": 0.420277839786501, "bus_lcSpeedGainRight": 3.2250114143225987, "bus_lcSublane": 0.8748306547397094, "bus_sigma": 0.3112726535383379, "bus_tau_mean": 1.6996320953086408, "bus_tau_std": 8.48679156518333, "bus_v_mean": 16.47830580552794, "bus_v_std": 18.473761744145413, "car_acc": 1.5626588432031703, "car_dcc": 1.644619783971387, "car_lcAssertive": 86.38341582747344, "car_lcCooperative": 0.09949038095416929, "car_lcLookaheadLeft": 48.222912778470885, "car_lcPushy": 0.8394035592751208, "car_lcSigma": 0.6937366035772592, "car_lcSpeedGainRight": 2.3112074225096753, "car_lcSublane": 0.16519849415031096, "car_sigma": 0.5508158918373094, "car_tau_mean": 3.9579253410720945, "car_tau_std": 8.051575446656331, "car_v_mean": 8.878861344916135, "car_v_std": 14.218567523893704}, "datetime": {"datetime": "2024-08-08 18:42:36", "elapsed": 364.285937, "delta": 3.551138}}
{"target": -0.3396715541404333, "params": {"bus_acc": 2.133310609422213, "bus_dcc": 3.2893642320561356, "bus_lcAssertive": 89.7425144491882, "bus_lcCooperative": 0.9101921629339087, "bus_lcLookaheadLeft": 50.65564251690259, "bus_lcPushy": 0.7626102319611849, "bus_lcSigma": 0.7089620332115116, "bus_lcSpeedGainRight": 4.756484269096245, "bus_lcSublane": 0.24155449014718622, "bus_sigma": 0.5613397077830184, "bus_tau_mean": 0.6532064364873341, "bus_tau_std": 9.231779590175359, "bus_v_mean": 23.124105260137682, "bus_v_std": 10.018126897790665, "car_acc": 2.7583523445575913, "car_dcc": 3.315825535170638, "car_lcAssertive": 25.68378724346816, "car_lcCooperative": 0.3789904760461922, "car_lcLookaheadLeft": 30.283348427501537, "car_lcPushy": 0.5388039652149142, "car_lcSigma": 0.9489568238140139, "car_lcSpeedGainRight": 1.9270034977492756, "car_lcSublane": 0.045009765813739055, "car_sigma": 0.6825186327094862, "car_tau_mean": 2.2326073106295734, "car_tau_std": 2.9651200089872187, "car_v_mean": 14.654217707347378, "car_v_std": 17.25020593763542}, "datetime": {"datetime": "2024-08-08 18:42:39", "elapsed": 366.812014, "delta": 2.526077}}
{"target": -0.3174213853770029, "params": {"bus_acc": 1.6799109345035501, "bus_dcc": 2.0049212267587984, "bus_lcAssertive": 76.61371739793161, "bus_lcCooperative": 0.8534229165541922, "bus_lcLookaheadLeft": 44.838138754882145, "bus_lcPushy": 0.9303323300063634, "bus_lcSigma": 0.5796142988403586, "bus_lcSpeedGainRight": 0.245487407154526, "bus_lcSublane": 0.4528613379550066, "bus_sigma": 0.160400046327681, "bus_tau_mean": 3.06488556422507, "bus_tau_std": 3.4735266793066844, "bus_v_mean": 11.218842235298442, "bus_v_std": 16.855760681286462, "car_acc": 3.453388995406848, "car_dcc": 2.0309400725667377, "car_lcAssertive": 40.95865633289407, "car_lcCooperative": 0.06059981017907001, "car_lcLookaheadLeft": 19.530702302919654, "car_lcPushy": 0.7359188438468761, "car_lcSigma": 0.566130348490864, "car_lcSpeedGainRight": 4.116184850506533, "car_lcSublane": 0.5011500981247835, "car_sigma": 0.7678624156754708, "car_tau_mean": 2.2847130016697363, "car_tau_std": 5.680690305779442, "car_v_mean": 10.953887428754971, "car_v_std": 10.888020490335737}, "datetime": {"datetime": "2024-08-08 18:42:41", "elapsed": 369.013899, "delta": 2.201885}}
{"target": -0.265418597310297, "params": {"bus_acc": 1.2116261342310977, "bus_dcc": 1.2203999630803701, "bus_lcAssertive": 2.459635299094746, "bus_lcCooperative": 0.971820072977926, "bus_lcLookaheadLeft": 11.287157812808454, "bus_lcPushy": 0.8417368261858497, "bus_lcSigma": 0.6851729969076996, "bus_lcSpeedGainRight": 2.4377858374145904, "bus_lcSublane": 0.3466948813585782, "bus_sigma": 0.35364778706700506, "bus_tau_mean": 1.3884360882151552, "bus_tau_std": 9.110179736986264, "bus_v_mean": 19.610280727917903, "bus_v_std": 0.5185158556853975, "car_acc": 2.3845637597413436, "car_dcc": 1.843903817610434, "car_lcAssertive": 3.8676524316119494, "car_lcCooperative": 0.8846818943092944, "car_lcLookaheadLeft": 77.55852507955886, "car_lcPushy": 0.32973507924426093, "car_lcSigma": 0.796558587536711, "car_lcSpeedGainRight": 1.6231916110149829, "car_lcSublane": 0.30788244381764673, "car_sigma": 0.9281090785007262, "car_tau_mean": 3.919206566810476, "car_tau_std": 5.235553047168928, "car_v_mean": 23.2309626810868, "car_v_std": 17.75992987852929}, "datetime": {"datetime": "2024-08-08 18:42:43", "elapsed": 371.111078, "delta": 2.097179}}
{"target": -0.32862361315565725, "params": {"bus_acc": 2.722352816476039, "bus_dcc": 1.4401857247174306, "bus_lcAssertive": 59.34124815342514, "bus_lcCooperative": 0.6997583600209312, "bus_lcLookaheadLeft": 12.028774025126932, "bus_lcPushy": 0.4140559878195683, "bus_lcSigma": 0.6944001577277451, "bus_lcSpeedGainRight": 2.0708963476345135, "bus_lcSublane": 0.04995345894608716, "bus_sigma": 0.5358964059155116, "bus_tau_mean": 2.823281258269261, "bus_tau_std": 5.148891120583086, "bus_v_mean": 23.113516095853015, "bus_v_std": 11.731100810039859, "car_acc": 3.7102057458636506, "car_dcc": 1.4124241124387127, "car_lcAssertive": 14.788358377825096, "car_lcCooperative": 0.8073912887095238, "car_lcLookaheadLeft": 40.97233002458229, "car_lcPushy": 0.16535419711693278, "car_lcSigma": 0.9275085803960339, "car_lcSpeedGainRight": 1.738829298727533, "car_lcSublane": 0.7508121031361555, "car_sigma": 0.7259979853504515, "car_tau_mean": 3.5915713192203342, "car_tau_std": 6.236722070556089, "car_v_mean": 20.015078944437395, "car_v_std": 6.977966839556851}, "datetime": {"datetime": "2024-08-08 18:42:46", "elapsed": 373.852147, "delta": 2.741069}}
{"target": -0.3345930908080874, "params": {"bus_acc": 3.7439019440744725, "bus_dcc": 3.4587560670453352, "bus_lcAssertive": 43.848167779710884, "bus_lcCooperative": 0.8556231314791921, "bus_lcLookaheadLeft": 24.1093225156119, "bus_lcPushy": 0.5405160670188519, "bus_lcSigma": 0.31515028861984373, "bus_lcSpeedGainRight": 0.5981724786276194, "bus_lcSublane": 0.14551195275320672, "bus_sigma": 0.9366048176878554, "bus_tau_mean": 1.1824734974452031, "bus_tau_std": 6.499101292412803, "bus_v_mean": 11.82593852704132, "bus_v_std": 10.5093914546465, "car_acc": 1.3919026123436289, "car_dcc": 1.8686210381093158, "car_lcAssertive": 40.651928474763466, "car_lcCooperative": 0.7066787742228039, "car_lcLookaheadLeft": 90.30485366442399, "car_lcPushy": 0.42857713198435743, "car_lcSigma": 0.713821968579719, "car_lcSpeedGainRight": 0.6954323027473958, "car_lcSublane": 0.10057507447264702, "car_sigma": 0.44810959037341414, "car_tau_mean": 3.1617718171797966, "car_tau_std": 2.316152840736775, "car_v_mean": 20.94612517910882, "car_v_std": 5.048154711224113}, "datetime": {"datetime": "2024-08-08 18:42:48", "elapsed": 376.129563, "delta": 2.277416}}
{"target": -0.2735203195566267, "params": {"bus_acc": 2.382039707077948, "bus_dcc": 1.0738219616014661, "bus_lcAssertive": 10.61599734768194, "bus_lcCooperative": 0.101454845358938, "bus_lcLookaheadLeft": 40.14368041890784, "bus_lcPushy": 0.7159658738810409, "bus_lcSigma": 0.05288207279200652, "bus_lcSpeedGainRight": 0.06243973187949725, "bus_lcSublane": 0.147469963279117, "bus_sigma": 0.9366752836417755, "bus_tau_mean": 3.530072665228087, "bus_tau_std": 4.025197248486858, "bus_v_mean": 10.580704478061904, "bus_v_std": 7.096485909668829, "car_acc": 3.80449777827822, "car_dcc": 2.9306453100081415, "car_lcAssertive": 47.63577303333347, "car_lcCooperative": 0.4023677648340115, "car_lcLookaheadLeft": 89.86228581877504, "car_lcPushy": 0.9734727729483547, "car_lcSigma": 0.7786754026144235, "car_lcSpeedGainRight": 4.166716596303286, "car_lcSublane": 0.3070893413654556, "car_sigma": 0.9395175787171641, "car_tau_mean": 2.0844454384762336, "car_tau_std": 1.7930569307309296, "car_v_mean": 17.540836153534862, "car_v_std": 13.682067724368931}, "datetime": {"datetime": "2024-08-08 18:42:50", "elapsed": 378.516905, "delta": 2.387342}}
{"target": -0.31734209439829525, "params": {"bus_acc": 2.916843461105295, "bus_dcc": 2.696894406930202, "bus_lcAssertive": 31.407068817815265, "bus_lcCooperative": 0.8767770399379612, "bus_lcLookaheadLeft": 98.90454470229535, "bus_lcPushy": 0.777479431209941, "bus_lcSigma": 0.5736438575704191, "bus_lcSpeedGainRight": 0.7063966632050084, "bus_lcSublane": 0.31492902239260356, "bus_sigma": 0.3668593185911837, "bus_tau_mean": 1.5216332735961302, "bus_tau_std": 4.459528147489278, "bus_v_mean": 17.770120269882334, "bus_v_std": 4.258291810303271, "car_acc": 1.7492792628601115, "car_dcc": 1.3364514496632904, "car_lcAssertive": 31.451270328305444, "car_lcCooperative": 0.49744827858464324, "car_lcLookaheadLeft": 50.00116290158865, "car_lcPushy": 0.9955772118463961, "car_lcSigma": 0.9811085630636269, "car_lcSpeedGainRight": 2.182813858405716, "car_lcSublane": 0.9720206217903173, "car_sigma": 0.21439790417581406, "car_tau_mean": 2.3939231013813367, "car_tau_std": 4.534353144697317, "car_v_mean": 23.48174236020074, "car_v_std": 16.723524462707168}, "datetime": {"datetime": "2024-08-08 18:42:52", "elapsed": 380.651737, "delta": 2.134832}}
{"target": -0.3067428493426128, "params": {"bus_acc": 2.007776902209402, "bus_dcc": 1.8475473778070723, "bus_lcAssertive": 67.34959878333181, "bus_lcCooperative": 0.4401735743398574, "bus_lcLookaheadLeft": 60.82440406963171, "bus_lcPushy": 0.843518432484373, "bus_lcSigma": 0.8327720048654893, "bus_lcSpeedGainRight": 2.9277867134527877, "bus_lcSublane": 0.4405364469063512, "bus_sigma": 0.4004102571655167, "bus_tau_mean": 0.7489449762715934, "bus_tau_std": 4.673819807255151, "bus_v_mean": 14.448685047513026, "bus_v_std": 4.030613855285603, "car_acc": 3.4081748860239225, "car_dcc": 3.094443933767546, "car_lcAssertive": 97.56540326716156, "car_lcCooperative": 0.3855158212009935, "car_lcLookaheadLeft": 42.85890326849498, "car_lcPushy": 0.519734919504311, "car_lcSigma": 0.35328845659438957, "car_lcSpeedGainRight": 2.7262337219765613, "car_lcSublane": 0.8897525417359518, "car_sigma": 0.7305193866733154, "car_tau_mean": 1.222791824301968, "car_tau_std": 8.001528795685877, "car_v_mean": 20.7249290086247, "car_v_std": 15.981819208036667}, "datetime": {"datetime": "2024-08-08 18:42:55", "elapsed": 383.480307, "delta": 2.82857}}
{"target": -0.27170979164204817, "params": {"bus_acc": 1.3506751812951774, "bus_dcc": 1.0614437461552058, "bus_lcAssertive": 34.153994148848334, "bus_lcCooperative": 0.9928761567590365, "bus_lcLookaheadLeft": 32.657511301746126, "bus_lcPushy": 0.7375077987941283, "bus_lcSigma": 0.7165293765913929, "bus_lcSpeedGainRight": 2.8627879884764065, "bus_lcSublane": 0.367646057669637, "bus_sigma": 0.2082656940300881, "bus_tau_mean": 3.929997257552725, "bus_tau_std": 0.6589377000512553, "bus_v_mean": 11.7796440309936, "bus_v_std": 6.177989410202334, "car_acc": 3.728510060446916, "car_dcc": 3.140107789057295, "car_lcAssertive": 27.271813173563256, "car_lcCooperative": 0.16450130293866305, "car_lcLookaheadLeft": 88.28874652560006, "car_lcPushy": 0.7937831324318396, "car_lcSigma": 0.038387431976404374, "car_lcSpeedGainRight": 4.3965042179829235, "car_lcSublane": 0.5879397452104611, "car_sigma": 0.4575371969863721, "car_tau_mean": 2.8584815690913965, "car_tau_std": 0.3944279853538757, "car_v_mean": 13.285139255514585, "car_v_std": 1.7609683561870404}, "datetime": {"datetime": "2024-08-08 18:42:58", "elapsed": 385.982013, "delta": 2.501706}}
{"target": -0.2649016983190387, "params": {"bus_acc": 2.568705633992884, "bus_dcc": 3.158971392886822, "bus_lcAssertive": 88.7878552249281, "bus_lcCooperative": 0.19451128512291194, "bus_lcLookaheadLeft": 44.120895073447244, "bus_lcPushy": 0.8593510087313693, "bus_lcSigma": 0.03049636510686249, "bus_lcSpeedGainRight": 0.6654109107776807, "bus_lcSublane": 0.4053468800031138, "bus_sigma": 0.11235899808568683, "bus_tau_mean": 3.0415320439222904, "bus_tau_std": 9.748099995916682, "bus_v_mean": 15.825065042866065, "bus_v_std": 19.205349851876928, "car_acc": 1.4073073541736092, "car_dcc": 3.101330274407355, "car_lcAssertive": 58.702973117927115, "car_lcCooperative": 0.7917335624838278, "car_lcLookaheadLeft": 54.69466000978958, "car_lcPushy": 0.9798927970615768, "car_lcSigma": 0.43965278161340193, "car_lcSpeedGainRight": 4.751361767507482, "car_lcSublane": 0.9182785222225094, "car_sigma": 0.42386967289549227, "car_tau_mean": 1.9368266710812927, "car_tau_std": 0.19947065308665524, "car_v_mean": 15.175905808053896, "car_v_std": 3.9882002409376605}, "datetime": {"datetime": "2024-08-08 18:43:01", "elapsed": 389.661522, "delta": 3.679509}}
{"target": -0.285343740324606, "params": {"bus_acc": 2.915405102573656, "bus_dcc": 3.0537764055648284, "bus_lcAssertive": 79.21099829766153, "bus_lcCooperative": 0.5423258639370772, "bus_lcLookaheadLeft": 68.18507118162563, "bus_lcPushy": 0.6867516712595328, "bus_lcSigma": 0.3382298681394844, "bus_lcSpeedGainRight": 3.252581563633943, "bus_lcSublane": 0.4040960185300494, "bus_sigma": 0.6401644971550445, "bus_tau_mean": 3.7711707641720165, "bus_tau_std": 4.2997069227142415, "bus_v_mean": 16.09868072345021, "bus_v_std": 6.641296040259612, "car_acc": 2.7361616109421423, "car_dcc": 3.5902609096912723, "car_lcAssertive": 29.081286245045185, "car_lcCooperative": 0.83439032219953, "car_lcLookaheadLeft": 52.90876606284471, "car_lcPushy": 0.22607626005679626, "car_lcSigma": 0.4194472284690277, "car_lcSpeedGainRight": 0.8349733692430655, "car_lcSublane": 0.9123945247299408, "car_sigma": 0.0579471474662161, "car_tau_mean": 2.6140120150730466, "car_tau_std": 1.0395166794244426, "car_v_mean": 13.015649134951724, "car_v_std": 2.8588331982286586}, "datetime": {"datetime": "2024-08-08 18:43:03", "elapsed": 391.596913, "delta": 1.935391}}
{"target": -0.324760509476346, "params": {"bus_acc": 3.0920396187669676, "bus_dcc": 3.1397796927302095, "bus_lcAssertive": 82.37687578719199, "bus_lcCooperative": 0.6289244383408126, "bus_lcLookaheadLeft": 43.37830703913326, "bus_lcPushy": 0.030798811164673312, "bus_lcSigma": 0.5954556632890023, "bus_lcSpeedGainRight": 2.818817847509128, "bus_lcSublane": 0.6008080215491192, "bus_sigma": 0.3228534686765717, "bus_tau_mean": 2.4420869189564223, "bus_tau_std": 1.7165630428408674, "bus_v_mean": 18.39775081935187, "bus_v_std": 1.433469473818323, "car_acc": 3.6252314013992333, "car_dcc": 1.6484138504397983, "car_lcAssertive": 30.09061248724701, "car_lcCooperative": 0.8847369186394346, "car_lcLookaheadLeft": 88.59202482251717, "car_lcPushy": 0.8362672161514131, "car_lcSigma": 0.32693561690624706, "car_lcSpeedGainRight": 4.5117231960228334, "car_lcSublane": 0.7718022957748861, "car_sigma": 0.6580829809857549, "car_tau_mean": 3.6493107583786384, "car_tau_std": 7.831314722628367, "car_v_mean": 14.795992146929413, "car_v_std": 6.485104482541777}, "datetime": {"datetime": "2024-08-08 18:43:07", "elapsed": 394.843854, "delta": 3.246941}}
{"target": -0.323687034458561, "params": {"bus_acc": 3.1562621216542515, "bus_dcc": 3.2003600696773264, "bus_lcAssertive": 78.54619125867339, "bus_lcCooperative": 0.26331448779883615, "bus_lcLookaheadLeft": 99.83910509989647, "bus_lcPushy": 0.49370043677044173, "bus_lcSigma": 0.08392651435770837, "bus_lcSpeedGainRight": 0.5600784162228045, "bus_lcSublane": 0.5614997241464469, "bus_sigma": 0.5101089424261638, "bus_tau_mean": 3.7719242729292484, "bus_tau_std": 9.008260608353996, "bus_v_mean": 15.446458365659854, "bus_v_std": 4.129542664562309, "car_acc": 2.6932528177489887, "car_dcc": 1.9262001453322675, "car_lcAssertive": 65.40797776163853, "car_lcCooperative": 0.5151040068807616, "car_lcLookaheadLeft": 84.631648961195, "car_lcPushy": 0.1317404149332022, "car_lcSigma": 0.251006777252771, "car_lcSpeedGainRight": 2.987657171227511, "car_lcSublane": 0.6252147812669753, "car_sigma": 0.41259408537902176, "car_tau_mean": 3.6520726102905754, "car_tau_std": 8.102750250424481, "car_v_mean": 16.653598125046187, "car_v_std": 8.10058720775736}, "datetime": {"datetime": "2024-08-08 18:43:09", "elapsed": 397.199777, "delta": 2.355923}}
{"target": -0.31750677493566865, "params": {"bus_acc": 2.2644730312842944, "bus_dcc": 2.665313290025315, "bus_lcAssertive": 97.10345894261806, "bus_lcCooperative": 0.09175383344119148, "bus_lcLookaheadLeft": 28.843973136496388, "bus_lcPushy": 0.10510706908204948, "bus_lcSigma": 0.3904396367376164, "bus_lcSpeedGainRight": 1.4450554159388485, "bus_lcSublane": 0.5133003494679066, "bus_sigma": 0.348256681750747, "bus_tau_mean": 3.7487980638753537, "bus_tau_std": 7.899477963830403, "bus_v_mean": 21.77618189782361, "bus_v_std": 2.590018918857917, "car_acc": 2.725210500966142, "car_dcc": 1.6443476076545762, "car_lcAssertive": 86.955618572648, "car_lcCooperative": 0.015019421753424078, "car_lcLookaheadLeft": 12.362933082745112, "car_lcPushy": 0.3760570755473156, "car_lcSigma": 0.4020939060931935, "car_lcSpeedGainRight": 1.386100414893413, "car_lcSublane": 0.09606299875993918, "car_sigma": 0.11873040511259358, "car_tau_mean": 1.6128066384656687, "car_tau_std": 9.507928340777205, "car_v_mean": 11.318505037109183, "car_v_std": 14.94560642118445}, "datetime": {"datetime": "2024-08-08 18:43:11", "elapsed": 398.961195, "delta": 1.761418}}
{"target": -0.3476810268061185, "params": {"bus_acc": 1.9504079618882124, "bus_dcc": 2.838854562176656, "bus_lcAssertive": 65.57680721273064, "bus_lcCooperative": 0.1202250039109185, "bus_lcLookaheadLeft": 92.0301784576691, "bus_lcPushy": 0.3681357735171472, "bus_lcSigma": 0.6883767236348786, "bus_lcSpeedGainRight": 4.641691896818823, "bus_lcSublane": 0.6748721631716321, "bus_sigma": 0.9384774127274217, "bus_tau_mean": 2.9468767995802394, "bus_tau_std": 1.708578946238436, "bus_v_mean": 19.662488145200037, "bus_v_std": 8.114402945809939, "car_acc": 1.9557198801393967, "car_dcc": 3.3419388133030385, "car_lcAssertive": 79.25842440097202, "car_lcCooperative": 0.9490117656563958, "car_lcLookaheadLeft": 21.912158930497828, "car_lcPushy": 0.5326643311279697, "car_lcSigma": 0.772122458631183, "car_lcSpeedGainRight": 2.581744343799141, "car_lcSublane": 0.2287864539478861, "car_sigma": 0.9952902913150423, "car_tau_mean": 3.6126194524732287, "car_tau_std": 5.771433371365626, "car_v_mean": 16.608764909495534, "car_v_std": 16.799522361565696}, "datetime": {"datetime": "2024-08-08 18:43:15", "elapsed": 403.195987, "delta": 4.234792}}
