{"target": -0.30641155647593393, "params": {"bus_acc": 4.5199931542537275, "bus_dcc": 3.711525867479116, "bus_lcAssertive": 66.60926142515096, "bus_lcCooperative": 0.2702082620297578, "bus_lcLookaheadLeft": 26.731936747449794, "bus_lcPushy": 0.8548979426974024, "bus_lcSigma": 0.5277146463087466, "bus_lcSpeedGainRight": 4.01080542002299, "bus_lcSublane": 0.5724885171916063, "bus_sigma": 0.7331425252875111, "bus_tau_mean": 2.3165406961241954, "bus_tau_std": 7.70883910501888, "bus_v_mean": 17.10172785127545, "bus_v_std": 9.314197571839617, "car_acc": 2.370755631813127, "car_dcc": 1.2046280452501124, "car_lcAssertive": 38.414493753481885, "car_lcCooperative": 0.07962607769825236, "car_lcLookaheadLeft": 98.3160771455836, "car_lcPushy": 0.18161285133076377, "car_lcSigma": 0.8118586977205398, "car_lcSpeedGainRight": 4.374808224779491, "car_lcSublane": 0.6884132523859433, "car_sigma": 0.5694944127453757, "car_tau_mean": 1.0634000288546308, "car_tau_std": 4.668800227633064, "car_v_mean": 13.52275281848344, "car_v_std": 4.500799156281692}, "datetime": {"datetime": "2024-08-08 17:26:48", "elapsed": 193.474142, "delta": 1.828387}}
{"target": -0.27417904918279595, "params": {"bus_acc": 1.0269912451545689, "bus_dcc": 1.7771786614362002, "bus_lcAssertive": 68.11350212325597, "bus_lcCooperative": 0.3360998706572915, "bus_lcLookaheadLeft": 75.51228714520732, "bus_lcPushy": 0.5569782685894814, "bus_lcSigma": 0.8582402747644711, "bus_lcSpeedGainRight": 2.852909957892557, "bus_lcSublane": 0.889399228904777, "bus_sigma": 0.22747857479631073, "bus_tau_mean": 3.2789296499326266, "bus_tau_std": 0.3394661669714094, "bus_v_mean": 9.236276251329024, "bus_v_std": 7.918049904662789, "car_acc": 1.7430668049216234, "car_dcc": 3.8325800490747524, "car_lcAssertive": 78.18866537121474, "car_lcCooperative": 0.7436655770494551, "car_lcLookaheadLeft": 50.21578463456337, "car_lcPushy": 0.49004856758047655, "car_lcSigma": 0.581110665635782, "car_lcSpeedGainRight": 2.9831318380713534, "car_lcSublane": 0.8980263719305052, "car_sigma": 0.1208346840538369, "car_tau_mean": 2.2836494040300237, "car_tau_std": 9.95522026375819, "car_v_mean": 15.702872264148443, "car_v_std": 16.75625507805919}, "datetime": {"datetime": "2024-08-08 17:26:50", "elapsed": 195.208116, "delta": 1.733974}}
{"target": -0.39722588055642444, "params": {"bus_acc": 2.382716853184102, "bus_dcc": 2.786875294404849, "bus_lcAssertive": 60.29954360836855, "bus_lcCooperative": 0.6157042872039488, "bus_lcLookaheadLeft": 7.799366304200794, "bus_lcPushy": 0.7503171845746859, "bus_lcSigma": 0.9482094981876252, "bus_lcSpeedGainRight": 2.6733952858979437, "bus_lcSublane": 0.1925560209550684, "bus_sigma": 0.7529259149799422, "bus_tau_mean": 0.5256163926475232, "bus_tau_std": 3.2825610365078086, "bus_v_mean": 22.68170156231029, "bus_v_std": 11.767346657877535, "car_acc": 4.420761135616541, "car_dcc": 2.814016157047563, "car_lcAssertive": 82.43523709986323, "car_lcCooperative": 0.8794835234293169, "car_lcLookaheadLeft": 33.45666470339641, "car_lcPushy": 0.12295477155217849, "car_lcSigma": 0.7213033441865708, "car_lcSpeedGainRight": 2.201735434156191, "car_lcSublane": 0.1267357091420086, "car_sigma": 0.5898236481098892, "car_tau_mean": 0.6262391009945097, "car_tau_std": 2.0018211641098693, "car_v_mean": 20.612819034687504, "car_v_std": 0.24193520030715732}, "datetime": {"datetime": "2024-08-08 17:26:55", "elapsed": 200.736789, "delta": 5.528673}}
{"target": -0.30081852327113484, "params": {"bus_acc": 1.8762082088862164, "bus_dcc": 2.555518244799483, "bus_lcAssertive": 83.70616254077397, "bus_lcCooperative": 0.6447707704612369, "bus_lcLookaheadLeft": 11.23069263706978, "bus_lcPushy": 0.13406832534694413, "bus_lcSigma": 0.3903005958146033, "bus_lcSpeedGainRight": 1.5978234643538998, "bus_lcSublane": 0.8912206018412917, "bus_sigma": 0.8912914879792161, "bus_tau_mean": 0.6043843535832015, "bus_tau_std": 2.1052193779097026, "bus_v_mean": 14.213643403483026, "bus_v_std": 3.5274948996989863, "car_acc": 4.674745359753376, "car_dcc": 1.5687956604860804, "car_lcAssertive": 73.66461019023164, "car_lcCooperative": 0.9569156335362365, "car_lcLookaheadLeft": 48.81636843409138, "car_lcPushy": 0.8142192933706808, "car_lcSigma": 0.42821938187753605, "car_lcSpeedGainRight": 4.067246274596225, "car_lcSublane": 0.7616984963076888, "car_sigma": 0.9596036477349872, "car_tau_mean": 1.6781000232590186, "car_tau_std": 7.665944044640568, "car_v_mean": 22.745884861328513, "car_v_std": 16.215433658360183}, "datetime": {"datetime": "2024-08-08 17:27:01", "elapsed": 206.586502, "delta": 5.849713}}
{"target": -0.34245477821276155, "params": {"bus_acc": 1.5073836347528071, "bus_dcc": 2.569933965109237, "bus_lcAssertive": 85.21049342156711, "bus_lcCooperative": 0.537609254036449, "bus_lcLookaheadLeft": 73.54455465646068, "bus_lcPushy": 0.785459646223292, "bus_lcSigma": 0.8365955447696011, "bus_lcSpeedGainRight": 3.332662135749339, "bus_lcSublane": 0.8977391897292477, "bus_sigma": 0.6477912340100236, "bus_tau_mean": 3.8062308662414805, "bus_tau_std": 6.292983819035761, "bus_v_mean": 21.958857982244023, "bus_v_std": 11.913107208563291, "car_acc": 2.3773959371625244, "car_dcc": 3.440372458931155, "car_lcAssertive": 43.80572177078845, "car_lcCooperative": 0.12654566043795878, "car_lcLookaheadLeft": 96.91973580122264, "car_lcPushy": 0.8525635238982158, "car_lcSigma": 0.5612594235880608, "car_lcSpeedGainRight": 3.353061487813396, "car_lcSublane": 0.9977242219091645, "car_sigma": 0.16130872028582732, "car_tau_mean": 2.3708898603651827, "car_tau_std": 3.909787078216136, "car_v_mean": 16.65836111996919, "car_v_std": 2.0675570655025455}, "datetime": {"datetime": "2024-08-08 17:27:02", "elapsed": 207.946762, "delta": 1.36026}}
{"target": -0.3183040306086928, "params": {"bus_acc": 3.828750439136729, "bus_dcc": 2.7727017984712203, "bus_lcAssertive": 81.92084476931544, "bus_lcCooperative": 0.907644646099839, "bus_lcLookaheadLeft": 2.245740847456469, "bus_lcPushy": 0.39722776623376177, "bus_lcSigma": 0.5614096837184815, "bus_lcSpeedGainRight": 3.669615681424383, "bus_lcSublane": 0.08747276218504352, "bus_sigma": 0.3997549876808645, "bus_tau_mean": 1.478674128074471, "bus_tau_std": 4.235100531051829, "bus_v_mean": 15.967658122772614, "bus_v_std": 13.20030447052102, "car_acc": 2.9849445558811167, "car_dcc": 2.8614046018155714, "car_lcAssertive": 58.66154632703304, "car_lcCooperative": 0.42833239803885637, "car_lcLookaheadLeft": 2.487683741704008, "car_lcPushy": 0.19451641385960183, "car_lcSigma": 0.3202066542862888, "car_lcSpeedGainRight": 0.7348906292746565, "car_lcSublane": 0.5986638816064357, "car_sigma": 0.6114994766596024, "car_tau_mean": 2.2503264085892534, "car_tau_std": 3.2084890160086452, "car_v_mean": 18.45212883239127, "car_v_std": 3.8056696535808743}, "datetime": {"datetime": "2024-08-08 17:27:04", "elapsed": 209.289502, "delta": 1.34274}}
{"target": -0.3424605035154121, "params": {"bus_acc": 1.2589599337661954, "bus_dcc": 3.974039526195427, "bus_lcAssertive": 6.246459724130964, "bus_lcCooperative": 0.19949554613856135, "bus_lcLookaheadLeft": 43.429760841166974, "bus_lcPushy": 0.10750887618516769, "bus_lcSigma": 0.6236704109977018, "bus_lcSpeedGainRight": 0.23996282024433657, "bus_lcSublane": 0.28462388100694214, "bus_sigma": 0.06103668111967109, "bus_tau_mean": 2.962317658867784, "bus_tau_std": 6.68456167589482, "bus_v_mean": 14.057289492009636, "bus_v_std": 3.763885200596424, "car_acc": 3.9880193161197806, "car_dcc": 2.0211378722964017, "car_lcAssertive": 79.73481557315864, "car_lcCooperative": 0.4879009391796203, "car_lcLookaheadLeft": 53.51560554639598, "car_lcPushy": 0.028490849491567216, "car_lcSigma": 0.6442320198790318, "car_lcSpeedGainRight": 1.7532825121608369, "car_lcSublane": 0.2292050272920657, "car_sigma": 0.4338833762117006, "car_tau_mean": 1.8386361004482115, "car_tau_std": 4.697890400863603, "car_v_mean": 23.671733666876904, "car_v_std": 7.287561407364609}, "datetime": {"datetime": "2024-08-08 17:27:08", "elapsed": 213.483741, "delta": 4.194239}}
{"target": -0.2944688700940343, "params": {"bus_acc": 2.4471830436286455, "bus_dcc": 3.955950406255969, "bus_lcAssertive": 87.00910808594698, "bus_lcCooperative": 0.15249674176120542, "bus_lcLookaheadLeft": 80.28495672749605, "bus_lcPushy": 0.8109969194215267, "bus_lcSigma": 0.928207219127176, "bus_lcSpeedGainRight": 1.1219213302199227, "bus_lcSublane": 0.49896747449996004, "bus_sigma": 0.8274440914110759, "bus_tau_mean": 2.8356682474936914, "bus_tau_std": 5.939361433837695, "bus_v_mean": 18.43161313233187, "bus_v_std": 4.770320255980261, "car_acc": 1.102160339503163, "car_dcc": 3.208771772339602, "car_lcAssertive": 33.35239070775688, "car_lcCooperative": 0.3767568869201464, "car_lcLookaheadLeft": 62.0363733066563, "car_lcPushy": 0.657165042363517, "car_lcSigma": 0.20289890062284244, "car_lcSpeedGainRight": 4.130157689227094, "car_lcSublane": 0.38020660524547945, "car_sigma": 0.6317444085013915, "car_tau_mean": 3.8824399547830866, "car_tau_std": 5.647862352666362, "car_v_mean": 13.74257826862171, "car_v_std": 12.379402174802845}, "datetime": {"datetime": "2024-08-08 17:27:10", "elapsed": 215.09818, "delta": 1.614439}}
{"target": -0.3572225277680392, "params": {"bus_acc": 1.1484506579759777, "bus_dcc": 3.0815662341216994, "bus_lcAssertive": 67.36465316168066, "bus_lcCooperative": 0.430471782744975, "bus_lcLookaheadLeft": 77.24331981050095, "bus_lcPushy": 0.5360084947395637, "bus_lcSigma": 0.03985992663545257, "bus_lcSpeedGainRight": 0.6739655898033953, "bus_lcSublane": 0.19341639901491836, "bus_sigma": 0.3356638011646498, "bus_tau_mean": 0.6830953125311686, "bus_tau_std": 6.051167805003662, "bus_v_mean": 16.1929764403827, "bus_v_std": 12.349220240343122, "car_acc": 2.729422379057376, "car_dcc": 3.543101404712313, "car_lcAssertive": 45.95184654985598, "car_lcCooperative": 0.015403519791920894, "car_lcLookaheadLeft": 87.56067854781574, "car_lcPushy": 0.6562015477440989, "car_lcSigma": 0.823003040648471, "car_lcSpeedGainRight": 4.758878465169259, "car_lcSublane": 0.050912383516887205, "car_sigma": 0.23507186409101455, "car_tau_mean": 0.7217020520971893, "car_tau_std": 4.216578860324509, "car_v_mean": 21.82126632802323, "car_v_std": 1.632479654301362}, "datetime": {"datetime": "2024-08-08 17:27:11", "elapsed": 216.531828, "delta": 1.433648}}
{"target": -0.3149472564413539, "params": {"bus_acc": 4.894311891092051, "bus_dcc": 2.395326205146029, "bus_lcAssertive": 11.2976891070739, "bus_lcCooperative": 0.02414741697437306, "bus_lcLookaheadLeft": 88.36742001891609, "bus_lcPushy": 0.026191019576293217, "bus_lcSigma": 0.9508279892979901, "bus_lcSpeedGainRight": 2.8495882119659304, "bus_lcSublane": 0.6575679317062869, "bus_sigma": 0.9091704210434223, "bus_tau_mean": 3.6568329887712125, "bus_tau_std": 3.908550313778476, "bus_v_mean": 17.800631547861308, "bus_v_std": 10.436707034729608, "car_acc": 4.26816488536104, "car_dcc": 1.168548438755558, "car_lcAssertive": 63.07056931547373, "car_lcCooperative": 0.429738375018603, "car_lcLookaheadLeft": 86.3712180944019, "car_lcPushy": 0.6878665280273724, "car_lcSigma": 0.26102460548319106, "car_lcSpeedGainRight": 0.6711937546519198, "car_lcSublane": 0.541341679477201, "car_sigma": 0.9818994020158649, "car_tau_mean": 1.7246753937784873, "car_tau_std": 9.954117488991338, "car_v_mean": 16.28920358312118, "car_v_std": 3.806745776199414}, "datetime": {"datetime": "2024-08-08 17:27:12", "elapsed": 218.019103, "delta": 1.487275}}
{"target": -0.3331635050187454, "params": {"bus_acc": 2.8486323867654284, "bus_dcc": 2.537949240271353, "bus_lcAssertive": 57.814667162342396, "bus_lcCooperative": 0.4403192075855932, "bus_lcLookaheadLeft": 20.96877785693343, "bus_lcPushy": 0.11396576145918635, "bus_lcSigma": 0.151227927370148, "bus_lcSpeedGainRight": 0.2624548192656695, "bus_lcSublane": 0.5586764110636315, "bus_sigma": 0.8477210140360106, "bus_tau_mean": 1.7569176862343876, "bus_tau_std": 0.7531087263581782, "bus_v_mean": 14.81159059176186, "bus_v_std": 12.040156769440028, "car_acc": 2.7016138623025503, "car_dcc": 3.43216370082211, "car_lcAssertive": 94.24673837248382, "car_lcCooperative": 0.8699107732683544, "car_lcLookaheadLeft": 70.99195083142908, "car_lcPushy": 0.4702989247821753, "car_lcSigma": 0.6826980429032513, "car_lcSpeedGainRight": 0.06709155278264767, "car_lcSublane": 0.9824781185020439, "car_sigma": 0.17207733182889595, "car_tau_mean": 3.6719113858658865, "car_tau_std": 8.07109901666106, "car_v_mean": 20.802234950191803, "car_v_std": 5.378721155701298}, "datetime": {"datetime": "2024-08-08 17:27:18", "elapsed": 223.537819, "delta": 5.518716}}
{"target": -0.31760725920947325, "params": {"bus_acc": 4.694447458808794, "bus_dcc": 2.2500534581819855, "bus_lcAssertive": 29.50050321706176, "bus_lcCooperative": 0.8452465332465563, "bus_lcLookaheadLeft": 32.08108700231048, "bus_lcPushy": 0.9155840224499852, "bus_lcSigma": 0.8634118432842225, "bus_lcSpeedGainRight": 3.194095940840533, "bus_lcSublane": 0.7476751935737458, "bus_sigma": 0.15732279553013173, "bus_tau_mean": 2.610059945390097, "bus_tau_std": 3.2703728386624586, "bus_v_mean": 15.818848856990826, "bus_v_std": 4.507709161958122, "car_acc": 4.607830710672893, "car_dcc": 2.23460133155388, "car_lcAssertive": 48.19667126648793, "car_lcCooperative": 0.7214027529342648, "car_lcLookaheadLeft": 13.97528766642508, "car_lcPushy": 0.5030650485510998, "car_lcSigma": 0.8131476632864285, "car_lcSpeedGainRight": 3.3867092996027774, "car_lcSublane": 0.3216507260246346, "car_sigma": 0.7106653966661972, "car_tau_mean": 3.770538595378185, "car_tau_std": 8.947762383513414, "car_v_mean": 19.87575661080203, "car_v_std": 5.3220233770032515}, "datetime": {"datetime": "2024-08-08 17:27:20", "elapsed": 225.632145, "delta": 2.094326}}
{"target": -0.3215441656478602, "params": {"bus_acc": 2.289466700537678, "bus_dcc": 2.8306151762391107, "bus_lcAssertive": 16.871999966850318, "bus_lcCooperative": 0.4867389357577533, "bus_lcLookaheadLeft": 94.67215992866635, "bus_lcPushy": 0.38391424197853796, "bus_lcSigma": 0.18896259324581144, "bus_lcSpeedGainRight": 2.3441947482109047, "bus_lcSublane": 0.8409078314535324, "bus_sigma": 0.8426677225950326, "bus_tau_mean": 3.3973113381072775, "bus_tau_std": 0.11475512605813365, "bus_v_mean": 12.272644958852723, "bus_v_std": 19.99751575148525, "car_acc": 1.478733108769946, "car_dcc": 2.4702684882629, "car_lcAssertive": 79.21258890966585, "car_lcCooperative": 0.12221391009385618, "car_lcLookaheadLeft": 66.91609970774229, "car_lcPushy": 0.4880804455213241, "car_lcSigma": 0.19428998208618675, "car_lcSpeedGainRight": 4.393150132913602, "car_lcSublane": 0.18148739755773036, "car_sigma": 0.6390528592947753, "car_tau_mean": 3.092894073692752, "car_tau_std": 5.626728865932282, "car_v_mean": 18.061465097555057, "car_v_std": 2.379307932440089}, "datetime": {"datetime": "2024-08-08 17:27:21", "elapsed": 226.964082, "delta": 1.331937}}
{"target": -0.2781069209730031, "params": {"bus_acc": 3.032211152531107, "bus_dcc": 3.8610635303710654, "bus_lcAssertive": 3.4901882105936215, "bus_lcCooperative": 0.6128016376645978, "bus_lcLookaheadLeft": 50.400382731775416, "bus_lcPushy": 0.900196040343476, "bus_lcSigma": 0.023607137001453227, "bus_lcSpeedGainRight": 3.2975292801694334, "bus_lcSublane": 0.6562208231293264, "bus_sigma": 0.8837527851518415, "bus_tau_mean": 2.3774767020153127, "bus_tau_std": 6.906471955594633, "bus_v_mean": 14.602666421743198, "bus_v_std": 16.5318167100757, "car_acc": 3.7400480934855493, "car_dcc": 1.3240390762752252, "car_lcAssertive": 14.849591579493513, "car_lcCooperative": 0.1580719374952485, "car_lcLookaheadLeft": 13.812853526344243, "car_lcPushy": 0.23027758115022057, "car_lcSigma": 0.42336238495286493, "car_lcSpeedGainRight": 3.3538075364704034, "car_lcSublane": 0.3366213132855601, "car_sigma": 0.5197543991279365, "car_tau_mean": 3.373921195243972, "car_tau_std": 8.845919403299062, "car_v_mean": 19.271899620885804, "car_v_std": 16.68981039194726}, "datetime": {"datetime": "2024-08-08 17:27:26", "elapsed": 231.535634, "delta": 4.571552}}
{"target": -0.2907363007286809, "params": {"bus_acc": 1.3466898906116405, "bus_dcc": 2.783811664334878, "bus_lcAssertive": 93.16799666925122, "bus_lcCooperative": 0.1337783077430914, "bus_lcLookaheadLeft": 52.27520477868174, "bus_lcPushy": 0.6839992141169576, "bus_lcSigma": 0.17182975960682711, "bus_lcSpeedGainRight": 0.05629946746094738, "bus_lcSublane": 0.8876831304797248, "bus_sigma": 0.035231270653359514, "bus_tau_mean": 1.401103993326861, "bus_tau_std": 6.516840317406684, "bus_v_mean": 12.572526933692195, "bus_v_std": 0.19415193149633136, "car_acc": 3.3018073378599295, "car_dcc": 1.9233768350041318, "car_lcAssertive": 15.99989212336019, "car_lcCooperative": 0.9712833117325801, "car_lcLookaheadLeft": 18.167282254097344, "car_lcPushy": 0.7272354411432771, "car_lcSigma": 0.890724191493513, "car_lcSpeedGainRight": 4.2935755786347265, "car_lcSublane": 0.1842570671584468, "car_sigma": 0.23680853369423926, "car_tau_mean": 0.5642692277590035, "car_tau_std": 9.314054672648544, "car_v_mean": 22.193938826516902, "car_v_std": 11.909323379390857}, "datetime": {"datetime": "2024-08-08 17:27:27", "elapsed": 232.972063, "delta": 1.436429}}
{"target": -0.27988923395407345, "params": {"bus_acc": 4.227386187353215, "bus_dcc": 1.0481490319121918, "bus_lcAssertive": 39.741465501415576, "bus_lcCooperative": 0.8655770717294297, "bus_lcLookaheadLeft": 95.93051422507824, "bus_lcPushy": 0.9195919413171776, "bus_lcSigma": 0.5469879342928875, "bus_lcSpeedGainRight": 1.5496063644150404, "bus_lcSublane": 0.5892649961079146, "bus_sigma": 0.595990487876512, "bus_tau_mean": 2.825931479865098, "bus_tau_std": 5.90815024658507, "bus_v_mean": 21.888887179319035, "bus_v_std": 7.479556648595473, "car_acc": 1.9760661413019758, "car_dcc": 1.0614597173180185, "car_lcAssertive": 24.036172309002442, "car_lcCooperative": 0.16160164914472763, "car_lcLookaheadLeft": 25.339718814038825, "car_lcPushy": 0.8809631663852348, "car_lcSigma": 0.7315994323831607, "car_lcSpeedGainRight": 1.2169454076156128, "car_lcSublane": 0.7930542720070146, "car_sigma": 0.5441208531845826, "car_tau_mean": 1.9227018556624014, "car_tau_std": 2.0580226293412682, "car_v_mean": 12.971710084413392, "car_v_std": 1.5849303605933662}, "datetime": {"datetime": "2024-08-08 17:27:29", "elapsed": 234.377763, "delta": 1.4057}}
{"target": -0.31235056954544693, "params": {"bus_acc": 3.931511386707716, "bus_dcc": 2.436978798484544, "bus_lcAssertive": 92.18412938056423, "bus_lcCooperative": 0.3776991400644555, "bus_lcLookaheadLeft": 64.88568198391857, "bus_lcPushy": 0.001504470185431317, "bus_lcSigma": 0.179359544437937, "bus_lcSpeedGainRight": 1.4741938444644331, "bus_lcSublane": 0.3869897984245252, "bus_sigma": 0.4598205069731719, "bus_tau_mean": 3.288515656339409, "bus_tau_std": 2.7984558397310257, "bus_v_mean": 9.322585362470544, "bus_v_std": 10.427402485907113, "car_acc": 4.924607952584394, "car_dcc": 2.2022754144661594, "car_lcAssertive": 26.461917102343175, "car_lcCooperative": 0.7763414987844015, "car_lcLookaheadLeft": 62.327186603729864, "car_lcPushy": 0.007548336226465446, "car_lcSigma": 0.9862051049731199, "car_lcSpeedGainRight": 2.444592662105575, "car_lcSublane": 0.3040218708681137, "car_sigma": 0.6650770509816946, "car_tau_mean": 1.4994627342508593, "car_tau_std": 4.635439312861934, "car_v_mean": 18.42913714122014, "car_v_std": 2.4376405435215087}, "datetime": {"datetime": "2024-08-08 17:27:30", "elapsed": 235.706393, "delta": 1.32863}}
{"target": -0.31022902806733077, "params": {"bus_acc": 1.8560390908306412, "bus_dcc": 2.813714809919121, "bus_lcAssertive": 20.966194745495322, "bus_lcCooperative": 0.8177571936931245, "bus_lcLookaheadLeft": 32.978498961303416, "bus_lcPushy": 0.6696167646858762, "bus_lcSigma": 0.1487335628025609, "bus_lcSpeedGainRight": 1.5297272354308022, "bus_lcSublane": 0.2972414453016764, "bus_sigma": 0.6350799325450489, "bus_tau_mean": 2.883081844931678, "bus_tau_std": 8.452486465038238, "bus_v_mean": 10.933550508302773, "bus_v_std": 15.20859528612877, "car_acc": 3.8477576091174384, "car_dcc": 2.6726317422324177, "car_lcAssertive": 65.36613564525277, "car_lcCooperative": 0.0899951030326972, "car_lcLookaheadLeft": 16.393829940811994, "car_lcPushy": 0.41557172071663584, "car_lcSigma": 0.7113706883010249, "car_lcSpeedGainRight": 0.8391058181179717, "car_lcSublane": 0.3889791392243084, "car_sigma": 0.49794595388742613, "car_tau_mean": 3.7726600441962304, "car_tau_std": 0.5519624865450556, "car_v_mean": 21.264119855177544, "car_v_std": 19.683196917975692}, "datetime": {"datetime": "2024-08-08 17:27:36", "elapsed": 241.52538, "delta": 5.818987}}
{"target": -0.3024347291486183, "params": {"bus_acc": 3.8081129139340995, "bus_dcc": 1.2256979654235662, "bus_lcAssertive": 12.542804976959157, "bus_lcCooperative": 0.9138040336972366, "bus_lcLookaheadLeft": 87.23759660355324, "bus_lcPushy": 0.29195244443750334, "bus_lcSigma": 0.10199996945854439, "bus_lcSpeedGainRight": 4.0444569076925765, "bus_lcSublane": 0.026173664200229152, "bus_sigma": 0.6363476959221258, "bus_tau_mean": 1.0603045517697591, "bus_tau_std": 6.916244287005272, "bus_v_mean": 10.6883151384946, "bus_v_std": 6.980974545947869, "car_acc": 1.4883476652744596, "car_dcc": 1.861261093046227, "car_lcAssertive": 13.78063890211077, "car_lcCooperative": 0.46338617119116643, "car_lcLookaheadLeft": 65.64195757259499, "car_lcPushy": 0.39451056866238143, "car_lcSigma": 0.9529585014592254, "car_lcSpeedGainRight": 3.774326953708766, "car_lcSublane": 0.5443753307388431, "car_sigma": 0.5635228919386142, "car_tau_mean": 1.6221138365785015, "car_tau_std": 5.125197669497959, "car_v_mean": 20.124987155063565, "car_v_std": 0.036192509515740046}, "datetime": {"datetime": "2024-08-08 17:27:38", "elapsed": 244.09328, "delta": 2.5679}}
