{"target": -0.32539366482400833, "params": {"bus_acc": 1.8351, "bus_dcc": 1.4577, "bus_lcAssertive": 51.1292, "bus_lcCooperative": 0.4907, "bus_lcLookaheadLeft": 72.5585, "bus_lcPushy": 0.7511, "bus_lcSigma": 0.3878, "bus_lcSpeedGainRight": 0.733, "bus_lcSublane": 0.163, "bus_sigma": 0.2971, "bus_tau_mean": 1.0655, "bus_tau_std": 6.062, "bus_v_mean": 20.7748, "bus_v_std": 16.4653, "car_acc": 4.3499, "car_dcc": 2.4318, "car_lcAssertive": 89.0564, "car_lcCooperative": 0.9811, "car_lcLookaheadLeft": 87.6687, "car_lcPushy": 0.2971, "car_lcSigma": 0.6842, "car_lcSpeedGainRight": 4.1299, "car_lcSublane": 0.2774, "car_sigma": 0.6903, "car_tau_mean": 2.8857, "car_tau_std": 8.8064, "car_v_mean": 19.7799, "car_v_std": 12.3295}, "datetime": {"datetime": "2024-08-08 13:51:08", "elapsed": 3856.070115, "delta": 1.531243}}
{"target": -0.37124138081659513, "params": {"bus_acc": 4.7994, "bus_dcc": 2.4456, "bus_lcAssertive": 18.6896, "bus_lcCooperative": 0.2551, "bus_lcLookaheadLeft": 97.2911, "bus_lcPushy": 0.1119, "bus_lcSigma": 0.2251, "bus_lcSpeedGainRight": 0.8611, "bus_lcSublane": 0.8142, "bus_sigma": 0.7134, "bus_tau_mean": 1.2565, "bus_tau_std": 2.1909, "bus_v_mean": 23.7882, "bus_v_std": 3.4272, "car_acc": 2.2844, "car_dcc": 3.5, "car_lcAssertive": 89.4877, "car_lcCooperative": 0.4536, "car_lcLookaheadLeft": 30.5564, "car_lcPushy": 0.2816, "car_lcSigma": 0.0448, "car_lcSpeedGainRight": 2.2465, "car_lcSublane": 0.3898, "car_sigma": 0.4374, "car_tau_mean": 3.1672, "car_tau_std": 0.4428, "car_v_mean": 11.73, "car_v_std": 3.3902}, "datetime": {"datetime": "2024-08-08 13:51:10", "elapsed": 3858.42893, "delta": 2.358815}}
{"target": -0.3458465698705203, "params": {"bus_acc": 1.8584, "bus_dcc": 2.6775, "bus_lcAssertive": 99.0811, "bus_lcCooperative": 0.5163, "bus_lcLookaheadLeft": 82.0921, "bus_lcPushy": 0.7908, "bus_lcSigma": 0.9271, "bus_lcSpeedGainRight": 4.676, "bus_lcSublane": 0.9289, "bus_sigma": 0.1464, "bus_tau_mean": 1.118, "bus_tau_std": 1.1751, "bus_v_mean": 9.6443, "bus_v_std": 4.1304, "car_acc": 4.2512, "car_dcc": 2.8646, "car_lcAssertive": 74.7463, "car_lcCooperative": 0.1335, "car_lcLookaheadLeft": 63.849, "car_lcPushy": 0.4833, "car_lcSigma": 0.9247, "car_lcSpeedGainRight": 0.6085, "car_lcSublane": 0.534, "car_sigma": 0.1051, "car_tau_mean": 2.535, "car_tau_std": 3.9793, "car_v_mean": 14.9277, "car_v_std": 12.3042}, "datetime": {"datetime": "2024-08-08 13:51:12", "elapsed": 3860.117624, "delta": 1.688694}}
{"target": -0.34506808780552073, "params": {"bus_acc": 1.1008, "bus_dcc": 2.6873, "bus_lcAssertive": 38.4612, "bus_lcCooperative": 0.6826, "bus_lcLookaheadLeft": 83.1457, "bus_lcPushy": 0.1575, "bus_lcSigma": 0.5407, "bus_lcSpeedGainRight": 0.0374, "bus_lcSublane": 0.2743, "bus_sigma": 0.4349, "bus_tau_mean": 2.7393, "bus_tau_std": 7.7888, "bus_v_mean": 15.0134, "bus_v_std": 17.1465, "car_acc": 3.6745, "car_dcc": 1.99, "car_lcAssertive": 80.2167, "car_lcCooperative": 0.2926, "car_lcLookaheadLeft": 33.517, "car_lcPushy": 0.4591, "car_lcSigma": 0.9389, "car_lcSpeedGainRight": 4.5149, "car_lcSublane": 0.312, "car_sigma": 0.4962, "car_tau_mean": 3.2661, "car_tau_std": 8.2019, "car_v_mean": 14.2415, "car_v_std": 2.9885}, "datetime": {"datetime": "2024-08-08 13:51:14", "elapsed": 3861.624886, "delta": 1.507262}}
{"target": -0.3768079657115684, "params": {"bus_acc": 4.4289, "bus_dcc": 1.6141, "bus_lcAssertive": 27.8916, "bus_lcCooperative": 0.0812, "bus_lcLookaheadLeft": 25.6734, "bus_lcPushy": 0.7842, "bus_lcSigma": 0.0581, "bus_lcSpeedGainRight": 4.5309, "bus_lcSublane": 0.0644, "bus_sigma": 0.3901, "bus_tau_mean": 2.5013, "bus_tau_std": 9.1275, "bus_v_mean": 10.9997, "bus_v_std": 6.5198, "car_acc": 1.799, "car_dcc": 2.8596, "car_lcAssertive": 35.022, "car_lcCooperative": 0.5969, "car_lcLookaheadLeft": 79.1205, "car_lcPushy": 0.1213, "car_lcSigma": 0.1363, "car_lcSpeedGainRight": 0.3939, "car_lcSublane": 0.5893, "car_sigma": 0.9452, "car_tau_mean": 1.7505, "car_tau_std": 1.5047, "car_v_mean": 22.5337, "car_v_std": 13.8715}, "datetime": {"datetime": "2024-08-08 13:51:16", "elapsed": 3863.588261, "delta": 1.963375}}
{"target": -0.3394410861088995, "params": {"bus_acc": 3.453, "bus_dcc": 2.0027, "bus_lcAssertive": 32.7871, "bus_lcCooperative": 0.3461, "bus_lcLookaheadLeft": 18.0774, "bus_lcPushy": 0.5839, "bus_lcSigma": 0.1845, "bus_lcSpeedGainRight": 4.1582, "bus_lcSublane": 0.0776, "bus_sigma": 0.4691, "bus_tau_mean": 1.1969, "bus_tau_std": 2.172, "bus_v_mean": 17.2656, "bus_v_std": 17.4744, "car_acc": 2.551, "car_dcc": 3.8168, "car_lcAssertive": 50.3892, "car_lcCooperative": 0.6597, "car_lcLookaheadLeft": 6.2043, "car_lcPushy": 0.0192, "car_lcSigma": 0.1076, "car_lcSpeedGainRight": 2.5945, "car_lcSublane": 0.0056, "car_sigma": 0.1742, "car_tau_mean": 1.0803, "car_tau_std": 6.9561, "car_v_mean": 12.0071, "car_v_std": 12.7372}, "datetime": {"datetime": "2024-08-08 13:51:17", "elapsed": 3864.965316, "delta": 1.377055}}
{"target": -0.3582210288304651, "params": {"bus_acc": 2.3353, "bus_dcc": 2.5317, "bus_lcAssertive": 62.6013, "bus_lcCooperative": 0.7496, "bus_lcLookaheadLeft": 3.9687, "bus_lcPushy": 0.2522, "bus_lcSigma": 0.8229, "bus_lcSpeedGainRight": 4.4141, "bus_lcSublane": 0.8307, "bus_sigma": 0.0474, "bus_tau_mean": 1.4431, "bus_tau_std": 5.3129, "bus_v_mean": 21.8851, "bus_v_std": 16.3407, "car_acc": 2.9537, "car_dcc": 3.8232, "car_lcAssertive": 79.1513, "car_lcCooperative": 0.019, "car_lcLookaheadLeft": 14.3251, "car_lcPushy": 0.1477, "car_lcSigma": 0.7875, "car_lcSpeedGainRight": 1.3843, "car_lcSublane": 0.2639, "car_sigma": 0.9372, "car_tau_mean": 1.5124, "car_tau_std": 7.2012, "car_v_mean": 9.4273, "car_v_std": 17.4256}, "datetime": {"datetime": "2024-08-08 13:51:23", "elapsed": 3871.434869, "delta": 6.469553}}
{"target": -0.40347390434735997, "params": {"bus_acc": 2.2906, "bus_dcc": 3.8536, "bus_lcAssertive": 36.8325, "bus_lcCooperative": 0.9611, "bus_lcLookaheadLeft": 71.4838, "bus_lcPushy": 0.9666, "bus_lcSigma": 0.2379, "bus_lcSpeedGainRight": 1.2481, "bus_lcSublane": 0.5169, "bus_sigma": 0.6453, "bus_tau_mean": 2.7503, "bus_tau_std": 4.2434, "bus_v_mean": 20.5111, "bus_v_std": 15.5762, "car_acc": 1.2312, "car_dcc": 3.0578, "car_lcAssertive": 33.9, "car_lcCooperative": 0.7912, "car_lcLookaheadLeft": 65.4437, "car_lcPushy": 0.9762, "car_lcSigma": 0.9063, "car_lcSpeedGainRight": 3.1421, "car_lcSublane": 0.9395, "car_sigma": 0.3408, "car_tau_mean": 2.4967, "car_tau_std": 1.5054, "car_v_mean": 10.8584, "car_v_std": 18.8208}, "datetime": {"datetime": "2024-08-08 13:51:28", "elapsed": 3875.697921, "delta": 4.263052}}
{"target": -0.3499057697584815, "params": {"bus_acc": 4.379, "bus_dcc": 3.8425, "bus_lcAssertive": 71.2797, "bus_lcCooperative": 0.4283, "bus_lcLookaheadLeft": 38.1689, "bus_lcPushy": 0.5687, "bus_lcSigma": 0.483, "bus_lcSpeedGainRight": 0.9815, "bus_lcSublane": 0.9662, "bus_sigma": 0.1359, "bus_tau_mean": 1.6929, "bus_tau_std": 1.4309, "bus_v_mean": 20.142, "bus_v_std": 12.0005, "car_acc": 2.3909, "car_dcc": 1.8449, "car_lcAssertive": 15.7712, "car_lcCooperative": 0.9024, "car_lcLookaheadLeft": 25.8793, "car_lcPushy": 0.1814, "car_lcSigma": 0.4713, "car_lcSpeedGainRight": 1.5169, "car_lcSublane": 0.2463, "car_sigma": 0.5601, "car_tau_mean": 0.9177, "car_tau_std": 3.9539, "car_v_mean": 17.7597, "car_v_std": 18.3561}, "datetime": {"datetime": "2024-08-08 13:51:30", "elapsed": 3877.832155, "delta": 2.134234}}
{"target": -0.3927014386074669, "params": {"bus_acc": 2.5289, "bus_dcc": 2.5038, "bus_lcAssertive": 9.2469, "bus_lcCooperative": 0.1915, "bus_lcLookaheadLeft": 14.0732, "bus_lcPushy": 0.2502, "bus_lcSigma": 0.5352, "bus_lcSpeedGainRight": 4.9891, "bus_lcSublane": 0.0053, "bus_sigma": 0.2777, "bus_tau_mean": 2.6592, "bus_tau_std": 8.0389, "bus_v_mean": 23.8572, "bus_v_std": 1.6092, "car_acc": 2.469, "car_dcc": 3.8457, "car_lcAssertive": 89.3068, "car_lcCooperative": 0.8931, "car_lcLookaheadLeft": 42.2102, "car_lcPushy": 0.1328, "car_lcSigma": 0.7781, "car_lcSpeedGainRight": 2.2107, "car_lcSublane": 0.254, "car_sigma": 0.8756, "car_tau_mean": 1.199, "car_tau_std": 6.193, "car_v_mean": 9.5484, "car_v_std": 11.2477}, "datetime": {"datetime": "2024-08-08 13:51:41", "elapsed": 3888.747383, "delta": 10.915228}}
{"target": -0.3861024561912148, "params": {"bus_acc": 1.5554, "bus_dcc": 1.3681, "bus_lcAssertive": 14.1558, "bus_lcCooperative": 0.1346, "bus_lcLookaheadLeft": 28.1198, "bus_lcPushy": 0.5741, "bus_lcSigma": 0.1152, "bus_lcSpeedGainRight": 2.055, "bus_lcSublane": 0.2088, "bus_sigma": 0.262, "bus_tau_mean": 1.4259, "bus_tau_std": 4.1358, "bus_v_mean": 19.5567, "bus_v_std": 8.9242, "car_acc": 1.0252, "car_dcc": 3.9677, "car_lcAssertive": 28.7177, "car_lcCooperative": 0.5126, "car_lcLookaheadLeft": 16.6161, "car_lcPushy": 0.1829, "car_lcSigma": 0.2794, "car_lcSpeedGainRight": 1.9465, "car_lcSublane": 0.6752, "car_sigma": 0.1422, "car_tau_mean": 3.1062, "car_tau_std": 4.674, "car_v_mean": 21.3878, "car_v_std": 4.0626}, "datetime": {"datetime": "2024-08-08 13:51:44", "elapsed": 3891.539779, "delta": 2.792396}}
{"target": -0.3429884274455306, "params": {"bus_acc": 4.4662, "bus_dcc": 1.7196, "bus_lcAssertive": 13.9469, "bus_lcCooperative": 0.936, "bus_lcLookaheadLeft": 58.3258, "bus_lcPushy": 0.3321, "bus_lcSigma": 0.8547, "bus_lcSpeedGainRight": 3.671, "bus_lcSublane": 0.6156, "bus_sigma": 0.6477, "bus_tau_mean": 3.0543, "bus_tau_std": 6.5635, "bus_v_mean": 14.7872, "bus_v_std": 10.5102, "car_acc": 4.4028, "car_dcc": 3.7206, "car_lcAssertive": 39.1183, "car_lcCooperative": 0.6147, "car_lcLookaheadLeft": 67.2125, "car_lcPushy": 0.594, "car_lcSigma": 0.4846, "car_lcSpeedGainRight": 2.5844, "car_lcSublane": 0.3901, "car_sigma": 0.1672, "car_tau_mean": 1.8327, "car_tau_std": 8.6796, "car_v_mean": 21.1522, "car_v_std": 19.1654}, "datetime": {"datetime": "2024-08-08 13:51:45", "elapsed": 3893.266581, "delta": 1.726802}}
{"target": -0.36291447817495415, "params": {"bus_acc": 3.477, "bus_dcc": 1.9149, "bus_lcAssertive": 46.4568, "bus_lcCooperative": 0.0409, "bus_lcLookaheadLeft": 28.4386, "bus_lcPushy": 0.7648, "bus_lcSigma": 0.8958, "bus_lcSpeedGainRight": 2.3137, "bus_lcSublane": 0.4696, "bus_sigma": 0.235, "bus_tau_mean": 2.8401, "bus_tau_std": 1.8149, "bus_v_mean": 13.0285, "bus_v_std": 6.7185, "car_acc": 1.1108, "car_dcc": 2.1505, "car_lcAssertive": 27.3189, "car_lcCooperative": 0.4295, "car_lcLookaheadLeft": 40.6208, "car_lcPushy": 0.1766, "car_lcSigma": 0.4414, "car_lcSpeedGainRight": 2.6764, "car_lcSublane": 0.4836, "car_sigma": 0.8696, "car_tau_mean": 3.9342, "car_tau_std": 6.8098, "car_v_mean": 16.3905, "car_v_std": 4.0557}, "datetime": {"datetime": "2024-08-08 13:51:48", "elapsed": 3895.647161, "delta": 2.38058}}
{"target": -0.3844419894615472, "params": {"bus_acc": 4.7268, "bus_dcc": 3.6974, "bus_lcAssertive": 85.012, "bus_lcCooperative": 0.1007, "bus_lcLookaheadLeft": 13.9261, "bus_lcPushy": 0.1248, "bus_lcSigma": 0.9481, "bus_lcSpeedGainRight": 3.718, "bus_lcSublane": 0.0634, "bus_sigma": 0.4474, "bus_tau_mean": 1.2103, "bus_tau_std": 0.2515, "bus_v_mean": 10.9469, "bus_v_std": 0.7709, "car_acc": 1.2375, "car_dcc": 2.6706, "car_lcAssertive": 54.5921, "car_lcCooperative": 0.4922, "car_lcLookaheadLeft": 91.59, "car_lcPushy": 0.5829, "car_lcSigma": 0.5184, "car_lcSpeedGainRight": 3.6705, "car_lcSublane": 0.2002, "car_sigma": 0.7988, "car_tau_mean": 3.5271, "car_tau_std": 7.1652, "car_v_mean": 11.5991, "car_v_std": 16.294}, "datetime": {"datetime": "2024-08-08 13:51:49", "elapsed": 3897.420317, "delta": 1.773156}}
{"target": -0.4168807402950143, "params": {"bus_acc": 2.5908, "bus_dcc": 1.7935, "bus_lcAssertive": 4.6786, "bus_lcCooperative": 0.2803, "bus_lcLookaheadLeft": 52.5344, "bus_lcPushy": 0.8532, "bus_lcSigma": 0.7343, "bus_lcSpeedGainRight": 0.3997, "bus_lcSublane": 0.1918, "bus_sigma": 0.4305, "bus_tau_mean": 2.0081, "bus_tau_std": 6.1064, "bus_v_mean": 18.1599, "bus_v_std": 1.5913, "car_acc": 3.996, "car_dcc": 1.8786, "car_lcAssertive": 46.3918, "car_lcCooperative": 0.3291, "car_lcLookaheadLeft": 90.9486, "car_lcPushy": 0.2259, "car_lcSigma": 0.5196, "car_lcSpeedGainRight": 3.0452, "car_lcSublane": 0.8582, "car_sigma": 0.5154, "car_tau_mean": 3.3002, "car_tau_std": 9.8495, "car_v_mean": 15.4042, "car_v_std": 0.1702}, "datetime": {"datetime": "2024-08-08 13:51:52", "elapsed": 3899.690481, "delta": 2.270164}}
{"target": -0.395835032924861, "params": {"bus_acc": 1.261, "bus_dcc": 2.3055, "bus_lcAssertive": 47.7424, "bus_lcCooperative": 0.7172, "bus_lcLookaheadLeft": 38.6424, "bus_lcPushy": 0.329, "bus_lcSigma": 0.3293, "bus_lcSpeedGainRight": 2.5705, "bus_lcSublane": 0.3842, "bus_sigma": 0.0485, "bus_tau_mean": 2.1226, "bus_tau_std": 4.676, "bus_v_mean": 23.1559, "bus_v_std": 6.7715, "car_acc": 4.1991, "car_dcc": 3.8378, "car_lcAssertive": 48.324, "car_lcCooperative": 0.8444, "car_lcLookaheadLeft": 21.1709, "car_lcPushy": 0.1248, "car_lcSigma": 0.8372, "car_lcSpeedGainRight": 4.6491, "car_lcSublane": 0.3826, "car_sigma": 0.5063, "car_tau_mean": 0.8904, "car_tau_std": 8.145, "car_v_mean": 9.7717, "car_v_std": 7.2223}, "datetime": {"datetime": "2024-08-08 13:51:55", "elapsed": 3902.975206, "delta": 3.284725}}
{"target": -0.38251670614307764, "params": {"bus_acc": 1.412, "bus_dcc": 2.8176, "bus_lcAssertive": 52.6479, "bus_lcCooperative": 0.3973, "bus_lcLookaheadLeft": 99.3227, "bus_lcPushy": 0.0372, "bus_lcSigma": 0.7079, "bus_lcSpeedGainRight": 4.3402, "bus_lcSublane": 0.5929, "bus_sigma": 0.3465, "bus_tau_mean": 2.0845, "bus_tau_std": 7.7143, "bus_v_mean": 16.5202, "bus_v_std": 9.5303, "car_acc": 2.9892, "car_dcc": 1.8765, "car_lcAssertive": 69.6153, "car_lcCooperative": 0.4642, "car_lcLookaheadLeft": 94.6068, "car_lcPushy": 0.9919, "car_lcSigma": 0.0709, "car_lcSpeedGainRight": 3.7881, "car_lcSublane": 0.9383, "car_sigma": 0.0635, "car_tau_mean": 3.7954, "car_tau_std": 8.7496, "car_v_mean": 10.1483, "car_v_std": 9.4698}, "datetime": {"datetime": "2024-08-08 13:52:05", "elapsed": 3913.407383, "delta": 10.432177}}
{"target": -0.3642809366366522, "params": {"bus_acc": 4.1835, "bus_dcc": 3.7517, "bus_lcAssertive": 97.7573, "bus_lcCooperative": 0.2106, "bus_lcLookaheadLeft": 9.1277, "bus_lcPushy": 0.5755, "bus_lcSigma": 0.3576, "bus_lcSpeedGainRight": 2.6648, "bus_lcSublane": 0.4408, "bus_sigma": 0.3152, "bus_tau_mean": 0.6876, "bus_tau_std": 1.927, "bus_v_mean": 15.1196, "bus_v_std": 13.2751, "car_acc": 4.7465, "car_dcc": 2.4859, "car_lcAssertive": 41.1515, "car_lcCooperative": 0.8468, "car_lcLookaheadLeft": 46.4438, "car_lcPushy": 0.1652, "car_lcSigma": 0.0124, "car_lcSpeedGainRight": 3.6479, "car_lcSublane": 0.8405, "car_sigma": 0.3757, "car_tau_mean": 1.2014, "car_tau_std": 8.0343, "car_v_mean": 13.5999, "car_v_std": 5.0384}, "datetime": {"datetime": "2024-08-08 13:52:11", "elapsed": 3918.913285, "delta": 5.505902}}
{"target": -0.3615479954900487, "params": {"bus_acc": 3.4412, "bus_dcc": 2.1635, "bus_lcAssertive": 62.2063, "bus_lcCooperative": 0.3399, "bus_lcLookaheadLeft": 80.1355, "bus_lcPushy": 0.7295, "bus_lcSigma": 0.9608, "bus_lcSpeedGainRight": 3.7923, "bus_lcSublane": 0.8903, "bus_sigma": 0.2633, "bus_tau_mean": 2.5434, "bus_tau_std": 0.0607, "bus_v_mean": 14.8089, "bus_v_std": 2.489, "car_acc": 2.4197, "car_dcc": 3.2461, "car_lcAssertive": 53.1864, "car_lcCooperative": 0.6865, "car_lcLookaheadLeft": 88.5781, "car_lcPushy": 0.3229, "car_lcSigma": 0.4032, "car_lcSpeedGainRight": 4.0033, "car_lcSublane": 0.4641, "car_sigma": 0.2342, "car_tau_mean": 0.5068, "car_tau_std": 2.4708, "car_v_mean": 16.3339, "car_v_std": 11.9149}, "datetime": {"datetime": "2024-08-08 13:52:12", "elapsed": 3920.481208, "delta": 1.567923}}
{"target": -0.3438173917301604, "params": {"bus_acc": 2.4436, "bus_dcc": 1.2889, "bus_lcAssertive": 96.222, "bus_lcCooperative": 0.1982, "bus_lcLookaheadLeft": 43.8557, "bus_lcPushy": 0.1751, "bus_lcSigma": 0.5123, "bus_lcSpeedGainRight": 0.037, "bus_lcSublane": 0.1863, "bus_sigma": 0.0203, "bus_tau_mean": 1.9051, "bus_tau_std": 7.6041, "bus_v_mean": 23.8417, "bus_v_std": 5.7372, "car_acc": 4.5576, "car_dcc": 2.6079, "car_lcAssertive": 45.6509, "car_lcCooperative": 0.8697, "car_lcLookaheadLeft": 83.4337, "car_lcPushy": 0.3396, "car_lcSigma": 0.6396, "car_lcSpeedGainRight": 2.5816, "car_lcSublane": 0.4976, "car_sigma": 0.5373, "car_tau_mean": 2.8632, "car_tau_std": 2.3072, "car_v_mean": 10.9588, "car_v_std": 3.0262}, "datetime": {"datetime": "2024-08-08 13:52:16", "elapsed": 3924.120567, "delta": 3.639359}}
{"target": -0.35357390036010605, "params": {"bus_acc": 4.6267, "bus_dcc": 3.7744, "bus_lcAssertive": 9.8768, "bus_lcCooperative": 0.7469, "bus_lcLookaheadLeft": 54.2022, "bus_lcPushy": 0.3341, "bus_lcSigma": 0.936, "bus_lcSpeedGainRight": 3.6817, "bus_lcSublane": 0.3471, "bus_sigma": 0.5374, "bus_tau_mean": 0.8836, "bus_tau_std": 9.5117, "bus_v_mean": 14.3584, "bus_v_std": 5.0795, "car_acc": 2.4374, "car_dcc": 3.3195, "car_lcAssertive": 37.7028, "car_lcCooperative": 0.2329, "car_lcLookaheadLeft": 93.5326, "car_lcPushy": 0.9288, "car_lcSigma": 0.0684, "car_lcSpeedGainRight": 4.9015, "car_lcSublane": 0.3833, "car_sigma": 0.593, "car_tau_mean": 1.7074, "car_tau_std": 9.526, "car_v_mean": 13.7326, "car_v_std": 11.4564}, "datetime": {"datetime": "2024-08-08 13:52:19", "elapsed": 3927.104451, "delta": 2.983884}}
{"target": -0.35789601174951724, "params": {"bus_acc": 1.5109, "bus_dcc": 2.6569, "bus_lcAssertive": 95.8641, "bus_lcCooperative": 0.7736, "bus_lcLookaheadLeft": 71.4756, "bus_lcPushy": 0.733, "bus_lcSigma": 0.1597, "bus_lcSpeedGainRight": 2.2758, "bus_lcSublane": 0.0556, "bus_sigma": 0.006, "bus_tau_mean": 2.4003, "bus_tau_std": 8.7079, "bus_v_mean": 14.0381, "bus_v_std": 12.0424, "car_acc": 2.6403, "car_dcc": 3.016, "car_lcAssertive": 58.1694, "car_lcCooperative": 0.7961, "car_lcLookaheadLeft": 18.4313, "car_lcPushy": 0.8377, "car_lcSigma": 0.1403, "car_lcSpeedGainRight": 2.5381, "car_lcSublane": 0.3469, "car_sigma": 0.8184, "car_tau_mean": 2.9228, "car_tau_std": 6.9559, "car_v_mean": 14.4716, "car_v_std": 9.2334}, "datetime": {"datetime": "2024-08-08 13:52:22", "elapsed": 3929.67684, "delta": 2.572389}}
{"target": -0.3694401355220214, "params": {"bus_acc": 2.448, "bus_dcc": 2.0867, "bus_lcAssertive": 31.9251, "bus_lcCooperative": 0.9615, "bus_lcLookaheadLeft": 93.9426, "bus_lcPushy": 0.9131, "bus_lcSigma": 0.735, "bus_lcSpeedGainRight": 3.6785, "bus_lcSublane": 0.7234, "bus_sigma": 0.4705, "bus_tau_mean": 2.1137, "bus_tau_std": 8.2272, "bus_v_mean": 9.4683, "bus_v_std": 6.3056, "car_acc": 1.1158, "car_dcc": 3.6626, "car_lcAssertive": 53.5295, "car_lcCooperative": 0.4927, "car_lcLookaheadLeft": 65.5342, "car_lcPushy": 0.0776, "car_lcSigma": 0.2672, "car_lcSpeedGainRight": 3.718, "car_lcSublane": 0.8522, "car_sigma": 0.5181, "car_tau_mean": 2.7192, "car_tau_std": 4.4743, "car_v_mean": 21.3634, "car_v_std": 18.4577}, "datetime": {"datetime": "2024-08-08 13:52:24", "elapsed": 3931.812807, "delta": 2.135967}}
{"target": -0.3673962926711172, "params": {"bus_acc": 4.049, "bus_dcc": 1.3284, "bus_lcAssertive": 12.0759, "bus_lcCooperative": 0.5294, "bus_lcLookaheadLeft": 78.8418, "bus_lcPushy": 0.3652, "bus_lcSigma": 0.73, "bus_lcSpeedGainRight": 2.9357, "bus_lcSublane": 0.1516, "bus_sigma": 0.1797, "bus_tau_mean": 1.8521, "bus_tau_std": 1.9469, "bus_v_mean": 22.7895, "bus_v_std": 4.5216, "car_acc": 4.6391, "car_dcc": 2.58, "car_lcAssertive": 18.4929, "car_lcCooperative": 0.7809, "car_lcLookaheadLeft": 97.0577, "car_lcPushy": 0.3786, "car_lcSigma": 0.3992, "car_lcSpeedGainRight": 4.6481, "car_lcSublane": 0.35, "car_sigma": 0.1237, "car_tau_mean": 3.1334, "car_tau_std": 8.0616, "car_v_mean": 20.3416, "car_v_std": 7.0814}, "datetime": {"datetime": "2024-08-08 13:52:27", "elapsed": 3935.335715, "delta": 3.522908}}
{"target": -0.34056481194003463, "params": {"bus_acc": 3.5197, "bus_dcc": 3.1181, "bus_lcAssertive": 48.8879, "bus_lcCooperative": 0.6057, "bus_lcLookaheadLeft": 72.4579, "bus_lcPushy": 0.7101, "bus_lcSigma": 0.8014, "bus_lcSpeedGainRight": 3.4528, "bus_lcSublane": 0.6321, "bus_sigma": 0.0906, "bus_tau_mean": 3.9485, "bus_tau_std": 7.7749, "bus_v_mean": 19.6875, "bus_v_std": 18.9645, "car_acc": 4.2472, "car_dcc": 1.2566, "car_lcAssertive": 77.751, "car_lcCooperative": 0.4438, "car_lcLookaheadLeft": 36.3366, "car_lcPushy": 0.9879, "car_lcSigma": 0.1679, "car_lcSpeedGainRight": 2.8844, "car_lcSublane": 0.9645, "car_sigma": 0.8024, "car_tau_mean": 3.7797, "car_tau_std": 4.4281, "car_v_mean": 21.3022, "car_v_std": 15.133}, "datetime": {"datetime": "2024-08-08 13:52:30", "elapsed": 3937.565702, "delta": 2.229987}}
{"target": -0.3691392648532017, "params": {"bus_acc": 2.9671, "bus_dcc": 3.1233, "bus_lcAssertive": 64.223, "bus_lcCooperative": 0.4601, "bus_lcLookaheadLeft": 23.3035, "bus_lcPushy": 0.0685, "bus_lcSigma": 0.221, "bus_lcSpeedGainRight": 3.4486, "bus_lcSublane": 0.9392, "bus_sigma": 0.5129, "bus_tau_mean": 2.6132, "bus_tau_std": 9.5622, "bus_v_mean": 10.5713, "bus_v_std": 3.9856, "car_acc": 1.1067, "car_dcc": 3.945, "car_lcAssertive": 13.3934, "car_lcCooperative": 0.4923, "car_lcLookaheadLeft": 86.8668, "car_lcPushy": 0.6007, "car_lcSigma": 0.1551, "car_lcSpeedGainRight": 4.4201, "car_lcSublane": 0.628, "car_sigma": 0.4689, "car_tau_mean": 2.6273, "car_tau_std": 9.5545, "car_v_mean": 17.2809, "car_v_std": 4.0957}, "datetime": {"datetime": "2024-08-08 13:52:39", "elapsed": 3946.99647, "delta": 9.430768}}
