{"target": -0.41504053306586625, "params": {"bus_acc": 2.0853872827214843, "bus_dcc": 3.955950406255969, "bus_lcAssertive": 87.00910808594698, "bus_lcCooperative": 0.15249674176120542, "bus_lcLookaheadLeft": 80.28495672749605, "bus_lcPushy": 0.8109969194215267, "bus_lcSigma": 0.928207219127176, "bus_lcSpeedGainRight": 1.1219213302199227, "bus_lcSublane": 0.49896747449996004, "bus_sigma": 0.8274440914110759, "bus_tau_mean": 2.8356682474936914, "bus_tau_std": 5.939361433837695, "bus_v_mean": 18.43161313233187, "bus_v_std": 4.770320255980261, "car_acc": 1.0766202546273722, "car_dcc": 3.208771772339602, "car_lcAssertive": 33.35239070775688, "car_lcCooperative": 0.3767568869201464, "car_lcLookaheadLeft": 62.0363733066563, "car_lcPushy": 0.657165042363517, "car_lcSigma": 0.20289890062284244, "car_lcSpeedGainRight": 4.130157689227094, "car_lcSublane": 0.38020660524547945, "car_sigma": 0.6317444085013915, "car_tau_mean": 3.8824399547830866, "car_tau_std": 5.647862352666362, "car_v_mean": 13.74257826862171, "car_v_std": 12.379402174802845}, "datetime": {"datetime": "2024-08-08 18:45:55", "elapsed": 563.116505, "delta": 2.031389}}
{"target": -0.35135511708994166, "params": {"bus_acc": 2.324251599860069, "bus_dcc": 3.816412310901941, "bus_lcAssertive": 24.50393284380015, "bus_lcCooperative": 0.0495143119387923, "bus_lcLookaheadLeft": 56.611879298347034, "bus_lcPushy": 0.31332023512450924, "bus_lcSigma": 0.5320773163972055, "bus_lcSpeedGainRight": 2.3580428472678703, "bus_lcSublane": 0.48313240951578573, "bus_sigma": 0.5700775293549659, "bus_tau_mean": 3.7320479717928405, "bus_tau_std": 2.3619249355925245, "bus_v_mean": 22.0172823855884, "bus_v_std": 14.67670866517286, "car_acc": 1.2376322890093023, "car_dcc": 3.506162458009178, "car_lcAssertive": 40.366757835978056, "car_lcCooperative": 0.3357381098211646, "car_lcLookaheadLeft": 2.038514312831926, "car_lcPushy": 0.24580518598619006, "car_lcSigma": 0.6879463498675434, "car_lcSpeedGainRight": 4.255863175568421, "car_lcSublane": 0.24104946936951954, "car_sigma": 0.3709397705100095, "car_tau_mean": 1.0264816821783271, "car_tau_std": 8.035001641072595, "car_v_mean": 19.472379574471933, "car_v_std": 14.009563747590487}, "datetime": {"datetime": "2024-08-08 18:45:57", "elapsed": 565.479017, "delta": 2.362512}}
{"target": -0.3449155986908554, "params": {"bus_acc": 1.6410797128887435, "bus_dcc": 3.3018535252652996, "bus_lcAssertive": 31.55555281543446, "bus_lcCooperative": 0.7332450677264275, "bus_lcLookaheadLeft": 74.95836900161774, "bus_lcPushy": 0.22139670090820107, "bus_lcSigma": 0.21411213682064845, "bus_lcSpeedGainRight": 0.9947396171353334, "bus_lcSublane": 0.14251833776584466, "bus_sigma": 0.3770825992073341, "bus_tau_mean": 0.5931975964206752, "bus_tau_std": 1.1092036903424063, "bus_v_mean": 18.79302438021457, "bus_v_std": 15.995530737947725, "car_acc": 1.2415885813851577, "car_dcc": 1.6951069314573761, "car_lcAssertive": 21.554940518577624, "car_lcCooperative": 0.9173335630816306, "car_lcLookaheadLeft": 71.7088227773757, "car_lcPushy": 0.5538846110514143, "car_lcSigma": 0.30451798792062024, "car_lcSpeedGainRight": 4.174270238158993, "car_lcSublane": 0.43530595762951996, "car_sigma": 0.9234562151187752, "car_tau_mean": 2.971181315175766, "car_tau_std": 4.780313079652833, "car_v_mean": 10.01936165998974, "car_v_std": 19.520871009354952}, "datetime": {"datetime": "2024-08-08 18:45:59", "elapsed": 567.45984, "delta": 1.980823}}
{"target": -0.3088284541898554, "params": {"bus_acc": 3.5429934443127524, "bus_dcc": 3.9883785732971018, "bus_lcAssertive": 43.8625242810188, "bus_lcCooperative": 0.31140904605836806, "bus_lcLookaheadLeft": 41.66749184825992, "bus_lcPushy": 0.22802509631100698, "bus_lcSigma": 0.2260985847335475, "bus_lcSpeedGainRight": 2.1682180433259948, "bus_lcSublane": 0.684539508216859, "bus_sigma": 0.6607372885925005, "bus_tau_mean": 3.2037155889171203, "bus_tau_std": 2.1681468807052386, "bus_v_mean": 19.65930205972515, "bus_v_std": 15.905076548381805, "car_acc": 2.685438592251711, "car_dcc": 2.397012069856075, "car_lcAssertive": 16.66178731278523, "car_lcCooperative": 0.046452851043737975, "car_lcLookaheadLeft": 47.45555048174523, "car_lcPushy": 0.6543020802252184, "car_lcSigma": 0.21254631654815492, "car_lcSpeedGainRight": 1.9997480243785053, "car_lcSublane": 0.4976378845098134, "car_sigma": 0.954903956652196, "car_tau_mean": 3.5710579500336115, "car_tau_std": 8.740496481285145, "car_v_mean": 23.945608621438552, "car_v_std": 15.469065662809099}, "datetime": {"datetime": "2024-08-08 18:46:02", "elapsed": 569.751681, "delta": 2.291841}}
{"target": -0.2226029698479595, "params": {"bus_acc": 2.470809866769119, "bus_dcc": 3.6215005176598725, "bus_lcAssertive": 13.878511297112336, "bus_lcCooperative": 0.4989581103650381, "bus_lcLookaheadLeft": 78.10813613024422, "bus_lcPushy": 0.9812101687911365, "bus_lcSigma": 0.6733777301945412, "bus_lcSpeedGainRight": 0.9150058989347687, "bus_lcSublane": 0.7597729555480026, "bus_sigma": 0.07463521512286109, "bus_tau_mean": 3.16970362302273, "bus_tau_std": 8.278152309219722, "bus_v_mean": 16.947355457789232, "bus_v_std": 9.854416596164556, "car_acc": 3.809582268030831, "car_dcc": 1.0002908520630243, "car_lcAssertive": 1.9471225434725552, "car_lcCooperative": 0.25195142314544017, "car_lcLookaheadLeft": 51.556293399344575, "car_lcPushy": 0.5404166504960898, "car_lcSigma": 0.3712924240247065, "car_lcSpeedGainRight": 1.4635568759759336, "car_lcSublane": 0.20236734647394483, "car_sigma": 0.8002818943961242, "car_tau_mean": 1.6057301660367984, "car_tau_std": 4.92467985547119, "car_v_mean": 20.980654267264054, "car_v_std": 12.247178849202303}, "datetime": {"datetime": "2024-08-08 18:46:05", "elapsed": 573.083249, "delta": 3.331568}}
{"target": -0.31867944873611714, "params": {"bus_acc": 2.4985314626317767, "bus_dcc": 2.9082933237471766, "bus_lcAssertive": 83.09629163096432, "bus_lcCooperative": 0.45001293488112626, "bus_lcLookaheadLeft": 77.40601348233506, "bus_lcPushy": 0.5953378136788511, "bus_lcSigma": 0.9722643330460055, "bus_lcSpeedGainRight": 0.5985789765871841, "bus_lcSublane": 0.8163176825978249, "bus_sigma": 0.8351562049127252, "bus_tau_mean": 3.270501239546079, "bus_tau_std": 4.548248726627996, "bus_v_mean": 16.435350497904807, "bus_v_std": 19.7076923484256, "car_acc": 3.833907440301232, "car_dcc": 3.289005260997399, "car_lcAssertive": 46.56587207182983, "car_lcCooperative": 0.5402355602833143, "car_lcLookaheadLeft": 80.84691246210832, "car_lcPushy": 0.2768695895548876, "car_lcSigma": 0.2565331178037924, "car_lcSpeedGainRight": 1.069306726979375, "car_lcSublane": 0.5512061607760821, "car_sigma": 0.951395602838791, "car_tau_mean": 1.3320784307138291, "car_tau_std": 8.015993547597386, "car_v_mean": 8.486560292512433, "car_v_std": 10.124400227753519}, "datetime": {"datetime": "2024-08-08 18:46:07", "elapsed": 575.048672, "delta": 1.965423}}
{"target": -0.3192099377254414, "params": {"bus_acc": 2.3220130745035217, "bus_dcc": 1.0127538951563135, "bus_lcAssertive": 70.53145433529303, "bus_lcCooperative": 0.792892482436361, "bus_lcLookaheadLeft": 35.17195620570534, "bus_lcPushy": 0.4773360161128124, "bus_lcSigma": 0.04871675070882919, "bus_lcSpeedGainRight": 1.1328533950910635, "bus_lcSublane": 0.6962569275688464, "bus_sigma": 0.14113732548297542, "bus_tau_mean": 1.3070684146783993, "bus_tau_std": 6.947876567526881, "bus_v_mean": 9.09384798603013, "bus_v_std": 14.586649256434692, "car_acc": 2.8823738076290155, "car_dcc": 2.956198218357865, "car_lcAssertive": 32.82522271088874, "car_lcCooperative": 0.5384429930920315, "car_lcLookaheadLeft": 9.720696090613401, "car_lcPushy": 0.2845162056894225, "car_lcSigma": 0.20286601943668303, "car_lcSpeedGainRight": 2.5567403496306795, "car_lcSublane": 0.652209250046824, "car_sigma": 0.6150867700409683, "car_tau_mean": 0.9677297190950152, "car_tau_std": 1.8015534601789451, "car_v_mean": 15.956107433908741, "car_v_std": 0.40097932418241333}, "datetime": {"datetime": "2024-08-08 18:46:09", "elapsed": 577.407055, "delta": 2.358383}}
{"target": -0.3240482015240407, "params": {"bus_acc": 3.770835594106595, "bus_dcc": 2.2500534581819855, "bus_lcAssertive": 29.50050321706176, "bus_lcCooperative": 0.8452465332465563, "bus_lcLookaheadLeft": 32.08108700231048, "bus_lcPushy": 0.9155840224499852, "bus_lcSigma": 0.8634118432842225, "bus_lcSpeedGainRight": 3.194095940840533, "bus_lcSublane": 0.7476751935737458, "bus_sigma": 0.15732279553013173, "bus_tau_mean": 2.610059945390097, "bus_tau_std": 3.2703728386624586, "bus_v_mean": 15.818848856990826, "bus_v_std": 4.507709161958122, "car_acc": 3.705873033004669, "car_dcc": 2.23460133155388, "car_lcAssertive": 48.19667126648793, "car_lcCooperative": 0.7214027529342648, "car_lcLookaheadLeft": 13.97528766642508, "car_lcPushy": 0.5030650485510998, "car_lcSigma": 0.8131476632864285, "car_lcSpeedGainRight": 3.3867092996027774, "car_lcSublane": 0.3216507260246346, "car_sigma": 0.7106653966661972, "car_tau_mean": 3.770538595378185, "car_tau_std": 8.947762383513414, "car_v_mean": 19.87575661080203, "car_v_std": 5.3220233770032515}, "datetime": {"datetime": "2024-08-08 18:46:12", "elapsed": 580.218224, "delta": 2.811169}}
{"target": -0.30013706766133746, "params": {"bus_acc": 1.593498353943758, "bus_dcc": 2.287992167849477, "bus_lcAssertive": 34.33785387141556, "bus_lcCooperative": 0.991945011907281, "bus_lcLookaheadLeft": 39.263176619491944, "bus_lcPushy": 0.992700873664818, "bus_lcSigma": 0.5188042507334142, "bus_lcSpeedGainRight": 0.8613985073856273, "bus_lcSublane": 0.07457407125147986, "bus_sigma": 0.37030569377388767, "bus_tau_mean": 0.9319660093515546, "bus_tau_std": 6.345187162918417, "bus_v_mean": 14.622717531670542, "bus_v_std": 19.818312650509004, "car_acc": 3.7898668709599534, "car_dcc": 1.44770809692925, "car_lcAssertive": 40.09334399114325, "car_lcCooperative": 0.46157971096238615, "car_lcLookaheadLeft": 56.97297800195063, "car_lcPushy": 0.7803635232892685, "car_lcSigma": 0.48719390907342375, "car_lcSpeedGainRight": 2.099967760051204, "car_lcSublane": 0.26199970471933565, "car_sigma": 0.9108061390867584, "car_tau_mean": 0.5779502903648146, "car_tau_std": 8.211218982189646, "car_v_mean": 11.015494394662696, "car_v_std": 13.715137983450944}, "datetime": {"datetime": "2024-08-08 18:46:14", "elapsed": 582.068252, "delta": 1.850028}}
{"target": -0.3746601355327635, "params": {"bus_acc": 2.418894855580039, "bus_dcc": 2.268525439115839, "bus_lcAssertive": 11.172899823542268, "bus_lcCooperative": 0.772580266631544, "bus_lcLookaheadLeft": 15.446188342011318, "bus_lcPushy": 0.424292374325812, "bus_lcSigma": 0.2719561124527795, "bus_lcSpeedGainRight": 1.5050397153995316, "bus_lcSublane": 0.6724207725864325, "bus_sigma": 0.5177867238134145, "bus_tau_mean": 1.165304676679792, "bus_tau_std": 4.691344398333771, "bus_v_mean": 13.432653900740856, "bus_v_std": 14.089943964962522, "car_acc": 1.678285607297647, "car_dcc": 3.534964412075036, "car_lcAssertive": 53.0967368242714, "car_lcCooperative": 0.5006195729230891, "car_lcLookaheadLeft": 26.861209074992658, "car_lcPushy": 0.18615566973666398, "car_lcSigma": 0.4718190627375968, "car_lcSpeedGainRight": 4.909122089126287, "car_lcSublane": 0.13290623766182708, "car_sigma": 0.28346243242805713, "car_tau_mean": 3.3022441099920963, "car_tau_std": 6.647768985107549, "car_v_mean": 12.460134539094993, "car_v_std": 6.292952135502237}, "datetime": {"datetime": "2024-08-08 18:46:17", "elapsed": 585.381442, "delta": 3.31319}}
{"target": -0.32671456088732925, "params": {"bus_acc": 3.228763751169091, "bus_dcc": 2.0227607473970264, "bus_lcAssertive": 5.713481941948948, "bus_lcCooperative": 0.15635692867625162, "bus_lcLookaheadLeft": 20.998756246635587, "bus_lcPushy": 0.4951123625611782, "bus_lcSigma": 0.6351249610913382, "bus_lcSpeedGainRight": 4.401099886092915, "bus_lcSublane": 0.9025365564222451, "bus_sigma": 0.307160768485095, "bus_tau_mean": 3.1368302559395502, "bus_tau_std": 2.824280305589726, "bus_v_mean": 13.897229916244415, "bus_v_std": 5.854531241862604, "car_acc": 2.241072208597304, "car_dcc": 1.6441470870051416, "car_lcAssertive": 32.57961464054871, "car_lcCooperative": 0.12191981389008766, "car_lcLookaheadLeft": 96.37578748036239, "car_lcPushy": 0.5039830093987828, "car_lcSigma": 0.9231006825886638, "car_lcSpeedGainRight": 3.7308007038671054, "car_lcSublane": 0.4577052876804192, "car_sigma": 0.7546222253081317, "car_tau_mean": 2.6980807751242404, "car_tau_std": 3.0375843415186865, "car_v_mean": 16.34654901461235, "car_v_std": 14.246243912948584}, "datetime": {"datetime": "2024-08-08 18:46:19", "elapsed": 587.687654, "delta": 2.306212}}
{"target": -0.27528436026061853, "params": {"bus_acc": 3.391659422076215, "bus_dcc": 1.040633040517383, "bus_lcAssertive": 71.71525587400897, "bus_lcCooperative": 0.2953139661018992, "bus_lcLookaheadLeft": 98.66745241246686, "bus_lcPushy": 0.8462417305877817, "bus_lcSigma": 0.5604011810847819, "bus_lcSpeedGainRight": 2.9888284268841963, "bus_lcSublane": 0.1920756730045573, "bus_sigma": 0.2262515885870655, "bus_tau_mean": 1.039046124182829, "bus_tau_std": 3.7781354746444173, "bus_v_mean": 9.791287109465298, "bus_v_std": 10.225457872685237, "car_acc": 2.9154338662046424, "car_dcc": 1.3666371347109498, "car_lcAssertive": 35.075439534096546, "car_lcCooperative": 0.07034787968520784, "car_lcLookaheadLeft": 53.52459635266278, "car_lcPushy": 0.6502897692030054, "car_lcSigma": 0.6154721413751028, "car_lcSpeedGainRight": 4.0693478140474255, "car_lcSublane": 0.23556623650242037, "car_sigma": 0.6181818418404456, "car_tau_mean": 1.5598998173142422, "car_tau_std": 0.8876770607914231, "car_v_mean": 12.884183545053011, "car_v_std": 1.4271294988923233}, "datetime": {"datetime": "2024-08-08 18:46:22", "elapsed": 589.756584, "delta": 2.06893}}
{"target": -0.3475557721195656, "params": {"bus_acc": 1.8172025503881466, "bus_dcc": 2.7963667537276313, "bus_lcAssertive": 87.43526623016912, "bus_lcCooperative": 0.1282309388454863, "bus_lcLookaheadLeft": 95.90249668805981, "bus_lcPushy": 0.6831708438541465, "bus_lcSigma": 0.7419642356783802, "bus_lcSpeedGainRight": 4.914403929604953, "bus_lcSublane": 0.41610077261814205, "bus_sigma": 0.5315834658959018, "bus_tau_mean": 2.8772453256850152, "bus_tau_std": 5.128751425899914, "bus_v_mean": 12.78579751457337, "bus_v_std": 2.1076934546007853, "car_acc": 1.8547964371664343, "car_dcc": 3.3065585448632735, "car_lcAssertive": 64.43748774073276, "car_lcCooperative": 0.8013307032031926, "car_lcLookaheadLeft": 52.67781213310181, "car_lcPushy": 0.23210002184633505, "car_lcSigma": 0.6279619269819027, "car_lcSpeedGainRight": 1.5200274501115159, "car_lcSublane": 0.029528744942020957, "car_sigma": 0.9033311768168756, "car_tau_mean": 1.9712934908097477, "car_tau_std": 4.261307804247122, "car_v_mean": 19.860027765309745, "car_v_std": 18.96916808611587}, "datetime": {"datetime": "2024-08-08 18:46:29", "elapsed": 597.005081, "delta": 7.248497}}
{"target": -0.35887109385267335, "params": {"bus_acc": 1.3032936687932357, "bus_dcc": 1.7345450773967874, "bus_lcAssertive": 9.281838482143119, "bus_lcCooperative": 0.7447417757596947, "bus_lcLookaheadLeft": 17.63838032679015, "bus_lcPushy": 0.8816595339350156, "bus_lcSigma": 0.4914795265388975, "bus_lcSpeedGainRight": 2.6308463133425652, "bus_lcSublane": 0.042520288791004224, "bus_sigma": 0.614053635731627, "bus_tau_mean": 1.2966517618327353, "bus_tau_std": 2.1350408934701557, "bus_v_mean": 22.325097102787065, "bus_v_std": 17.760266979939836, "car_acc": 1.0157955529789584, "car_dcc": 3.496911878758306, "car_lcAssertive": 90.32758516193604, "car_lcCooperative": 0.5119476580924737, "car_lcLookaheadLeft": 66.30503416903593, "car_lcPushy": 0.7677856839334473, "car_lcSigma": 0.6854399747525683, "car_lcSpeedGainRight": 2.295582098213396, "car_lcSublane": 0.5734522319827082, "car_sigma": 0.5740594317304389, "car_tau_mean": 3.4474568200848914, "car_tau_std": 2.4044170761914385, "car_v_mean": 20.115623460251264, "car_v_std": 16.246742194366675}, "datetime": {"datetime": "2024-08-08 18:46:33", "elapsed": 600.991822, "delta": 3.986741}}
{"target": -0.2802391031897687, "params": {"bus_acc": 3.916907763016379, "bus_dcc": 3.3024941472980642, "bus_lcAssertive": 40.96596476972415, "bus_lcCooperative": 0.7366272087072516, "bus_lcLookaheadLeft": 31.660191483777986, "bus_lcPushy": 0.5272958274321721, "bus_lcSigma": 0.207143239828657, "bus_lcSpeedGainRight": 1.2713014179286182, "bus_lcSublane": 0.4340230688193736, "bus_sigma": 0.08242585896444932, "bus_tau_mean": 3.4865078485513328, "bus_tau_std": 9.163292162919756, "bus_v_mean": 11.409725800824761, "bus_v_std": 9.474440235214256, "car_acc": 3.5243791050274806, "car_dcc": 1.8648369203765678, "car_lcAssertive": 61.46017338301501, "car_lcCooperative": 0.44204801195564236, "car_lcLookaheadLeft": 40.95416488045265, "car_lcPushy": 0.7893742213089067, "car_lcSigma": 0.4645126140061657, "car_lcSpeedGainRight": 2.324012592076374, "car_lcSublane": 0.9920285043254465, "car_sigma": 0.9622297954466864, "car_tau_mean": 1.3227831079377954, "car_tau_std": 2.2695376712138984, "car_v_mean": 18.603808280700527, "car_v_std": 8.238928704064385}, "datetime": {"datetime": "2024-08-08 18:46:37", "elapsed": 605.102472, "delta": 4.11065}}
{"target": -0.2758354351705927, "params": {"bus_acc": 1.774565992022452, "bus_dcc": 1.1117207668323545, "bus_lcAssertive": 2.589168707539145, "bus_lcCooperative": 0.15270593118117648, "bus_lcLookaheadLeft": 47.284250913778735, "bus_lcPushy": 0.7559010975378051, "bus_lcSigma": 0.7288149319451539, "bus_lcSpeedGainRight": 1.7619472124151836, "bus_lcSublane": 0.4791392787629136, "bus_sigma": 0.8140737533756652, "bus_tau_mean": 3.4344101723264266, "bus_tau_std": 3.199167004179855, "bus_v_mean": 8.068240294513714, "bus_v_std": 0.9386168645246529, "car_acc": 3.213422132811952, "car_dcc": 1.817896843217524, "car_lcAssertive": 48.667095406478566, "car_lcCooperative": 0.1920312660311443, "car_lcLookaheadLeft": 85.01706577605505, "car_lcPushy": 0.5033776096365531, "car_lcSigma": 0.5271601757222614, "car_lcSpeedGainRight": 1.4403979404287743, "car_lcSublane": 0.5119992306639229, "car_sigma": 0.0019636453825200295, "car_tau_mean": 1.4705326412012352, "car_tau_std": 3.487629835384359, "car_v_mean": 12.543214180624576, "car_v_std": 1.7190445515483566}, "datetime": {"datetime": "2024-08-08 18:46:39", "elapsed": 607.713289, "delta": 2.610817}}
{"target": -0.30746111073555565, "params": {"bus_acc": 3.020664762091321, "bus_dcc": 3.6545093568015314, "bus_lcAssertive": 93.8757064162672, "bus_lcCooperative": 0.9847376482413631, "bus_lcLookaheadLeft": 88.5885778665534, "bus_lcPushy": 0.24358012153518216, "bus_lcSigma": 0.4083047293371109, "bus_lcSpeedGainRight": 1.8740289950537647, "bus_lcSublane": 0.1522287082119994, "bus_sigma": 0.07045586354997146, "bus_tau_mean": 1.5351023883897155, "bus_tau_std": 8.599617396132155, "bus_v_mean": 8.623734664550557, "bus_v_std": 4.309315809264795, "car_acc": 2.0396433346597824, "car_dcc": 2.9444797777974525, "car_lcAssertive": 56.75347637583461, "car_lcCooperative": 0.7961829526610231, "car_lcLookaheadLeft": 69.32244287632557, "car_lcPushy": 0.8895035660916912, "car_lcSigma": 0.4869019728966567, "car_lcSpeedGainRight": 2.679600186480317, "car_lcSublane": 0.8376461726319256, "car_sigma": 0.005693175929407879, "car_tau_mean": 1.348999566289175, "car_tau_std": 2.215069739791887, "car_v_mean": 16.984740718873788, "car_v_std": 14.352247068455934}, "datetime": {"datetime": "2024-08-08 18:46:42", "elapsed": 610.349963, "delta": 2.636674}}
{"target": -0.2812653848205443, "params": {"bus_acc": 1.0918469567559606, "bus_dcc": 1.909069202412522, "bus_lcAssertive": 4.472738300325899, "bus_lcCooperative": 0.5900511249845765, "bus_lcLookaheadLeft": 70.75881252703765, "bus_lcPushy": 0.6699878619430502, "bus_lcSigma": 0.35620984217765184, "bus_lcSpeedGainRight": 0.5582236424538917, "bus_lcSublane": 0.6413201908616455, "bus_sigma": 0.06319731628406633, "bus_tau_mean": 2.7552712039898215, "bus_tau_std": 8.352888821218574, "bus_v_mean": 8.914544662101987, "bus_v_std": 7.117393877161209, "car_acc": 2.856158272880799, "car_dcc": 2.9158023638527393, "car_lcAssertive": 20.59593553835233, "car_lcCooperative": 0.6233628520982011, "car_lcLookaheadLeft": 56.63898249016533, "car_lcPushy": 0.8857177637341683, "car_lcSigma": 0.6970254470180037, "car_lcSpeedGainRight": 1.8213155021816037, "car_lcSublane": 0.22534756306397563, "car_sigma": 0.6109091367243324, "car_tau_mean": 1.3944788079721808, "car_tau_std": 0.7581330626384686, "car_v_mean": 21.163233668458346, "car_v_std": 4.559045974650029}, "datetime": {"datetime": "2024-08-08 18:46:45", "elapsed": 613.221054, "delta": 2.871091}}
{"target": -0.31180940535339613, "params": {"bus_acc": 3.1934042085402696, "bus_dcc": 1.285185967582147, "bus_lcAssertive": 7.937219454816093, "bus_lcCooperative": 0.8859549744127954, "bus_lcLookaheadLeft": 37.40980430635259, "bus_lcPushy": 0.7034321595546701, "bus_lcSigma": 0.5601478615240139, "bus_lcSpeedGainRight": 1.6887320812366713, "bus_lcSublane": 0.3456527646232399, "bus_sigma": 0.9054626405838365, "bus_tau_mean": 2.087190998744817, "bus_tau_std": 4.8252987989736065, "bus_v_mean": 23.666346089227964, "bus_v_std": 8.23378087306139, "car_acc": 2.1083400405005905, "car_dcc": 1.2398892670638793, "car_lcAssertive": 39.39045597704918, "car_lcCooperative": 0.17793146081476008, "car_lcLookaheadLeft": 14.871496251949686, "car_lcPushy": 0.36767362538658166, "car_lcSigma": 0.15881002678261258, "car_lcSpeedGainRight": 1.5378173928528422, "car_lcSublane": 0.6879789143747679, "car_sigma": 0.8384400412801243, "car_tau_mean": 1.5668787243496274, "car_tau_std": 3.5309770800082854, "car_v_mean": 19.690261614167532, "car_v_std": 15.55665399424548}, "datetime": {"datetime": "2024-08-08 18:46:51", "elapsed": 619.081761, "delta": 5.860707}}
