{"target": 58.72542911921374, "params": {"bus_acc": 1.32, "bus_dcc": 2.67, "bus_lcCooperative": 0.75, "bus_lcPushy": 0.37, "bus_lcSublane": 0.01, "bus_max_v": 10.09, "bus_tau_mean": 1.89, "bus_tau_std": 0.73, "car_acc": 1.55, "car_dcc": 1.78, "car_lcCooperative": 0.44, "car_lcPushy": 1.0, "car_lcSublane": 0.28, "car_max_v": 9.31, "car_tau_mean": 2.55, "car_tau_std": 9.83}, "datetime": {"datetime": "2024-08-01 01:10:29", "elapsed": 46301.290131, "delta": 447.694899}}
{"target": 58.562718568912864, "params": {"bus_acc": 1.44, "bus_dcc": 3.58, "bus_lcCooperative": 0.77, "bus_lcPushy": 0.05, "bus_lcSublane": 0.76, "bus_max_v": 14.44, "bus_tau_mean": 2.83, "bus_tau_std": 7.68, "car_acc": 1.11, "car_dcc": 3.52, "car_lcCooperative": 0.12, "car_lcPushy": 0.97, "car_lcSublane": 0.8, "car_max_v": 8.78, "car_tau_mean": 2.0, "car_tau_std": 11.68}, "datetime": {"datetime": "2024-08-01 01:12:22", "elapsed": 46414.408189, "delta": 113.118058}}
{"target": 58.11789129615488, "params": {"bus_acc": 1.38, "bus_dcc": 1.51, "bus_lcCooperative": 0.89, "bus_lcPushy": 0.77, "bus_lcSublane": 0.72, "bus_max_v": 12.01, "bus_tau_mean": 2.19, "bus_tau_std": 0.7, "car_acc": 1.16, "car_dcc": 2.63, "car_lcCooperative": 0.43, "car_lcPushy": 0.37, "car_lcSublane": 0.03, "car_max_v": 8.45, "car_tau_mean": 2.56, "car_tau_std": 8.24}, "datetime": {"datetime": "2024-08-01 01:22:14", "elapsed": 47005.803394, "delta": 591.395205}}
{"target": 56.83176214184827, "params": {"bus_acc": 1.33, "bus_dcc": 3.33, "bus_lcCooperative": 0.27, "bus_lcPushy": 0.05, "bus_lcSublane": 0.89, "bus_max_v": 9.76, "bus_tau_mean": 1.39, "bus_tau_std": 14.57, "car_acc": 2.97, "car_dcc": 2.92, "car_lcCooperative": 0.34, "car_lcPushy": 0.85, "car_lcSublane": 0.95, "car_max_v": 13.1, "car_tau_mean": 2.29, "car_tau_std": 13.88}, "datetime": {"datetime": "2024-08-01 01:29:53", "elapsed": 47465.045564, "delta": 459.24217}}
{"target": 57.78569337793844, "params": {"bus_acc": 1.64, "bus_dcc": 1.58, "bus_lcCooperative": 0.98, "bus_lcPushy": 0.45, "bus_lcSublane": 0.54, "bus_max_v": 10.85, "bus_tau_mean": 2.67, "bus_tau_std": 0.66, "car_acc": 1.27, "car_dcc": 2.73, "car_lcCooperative": 0.41, "car_lcPushy": 0.86, "car_lcSublane": 0.2, "car_max_v": 10.06, "car_tau_mean": 2.91, "car_tau_std": 9.03}, "datetime": {"datetime": "2024-08-01 01:38:57", "elapsed": 48009.086733, "delta": 544.041169}}
{"target": 58.47179735632368, "params": {"bus_acc": 1.49, "bus_dcc": 1.48, "bus_lcCooperative": 0.33, "bus_lcPushy": 0.46, "bus_lcSublane": 0.24, "bus_max_v": 10.86, "bus_tau_mean": 2.05, "bus_tau_std": 2.64, "car_acc": 1.09, "car_dcc": 2.77, "car_lcCooperative": 0.82, "car_lcPushy": 0.51, "car_lcSublane": 0.86, "car_max_v": 8.74, "car_tau_mean": 2.75, "car_tau_std": 6.92}, "datetime": {"datetime": "2024-08-01 01:48:40", "elapsed": 48592.039794, "delta": 582.953061}}
{"target": 58.429867103213795, "params": {"bus_acc": 1.34, "bus_dcc": 1.67, "bus_lcCooperative": 0.93, "bus_lcPushy": 0.53, "bus_lcSublane": 0.29, "bus_max_v": 9.68, "bus_tau_mean": 1.22, "bus_tau_std": 1.47, "car_acc": 1.13, "car_dcc": 2.37, "car_lcCooperative": 0.99, "car_lcPushy": 0.68, "car_lcSublane": 0.06, "car_max_v": 8.68, "car_tau_mean": 2.82, "car_tau_std": 7.57}, "datetime": {"datetime": "2024-08-01 01:58:24", "elapsed": 49176.531026, "delta": 584.491232}}
{"target": 57.47317107343714, "params": {"bus_acc": 1.75, "bus_dcc": 3.66, "bus_lcCooperative": 0.6, "bus_lcPushy": 0.76, "bus_lcSublane": 0.52, "bus_max_v": 11.18, "bus_tau_mean": 1.79, "bus_tau_std": 14.35, "car_acc": 1.79, "car_dcc": 4.74, "car_lcCooperative": 0.18, "car_lcPushy": 0.2, "car_lcSublane": 0.03, "car_max_v": 9.33, "car_tau_mean": 1.03, "car_tau_std": 9.42}, "datetime": {"datetime": "2024-08-01 02:07:32", "elapsed": 49723.778244, "delta": 547.247218}}
{"target": 56.96961028022862, "params": {"bus_acc": 1.21, "bus_dcc": 3.89, "bus_lcCooperative": 0.74, "bus_lcPushy": 0.02, "bus_lcSublane": 0.59, "bus_max_v": 14.0, "bus_tau_mean": 1.56, "bus_tau_std": 5.24, "car_acc": 2.86, "car_dcc": 4.33, "car_lcCooperative": 0.57, "car_lcPushy": 0.76, "car_lcSublane": 0.91, "car_max_v": 12.05, "car_tau_mean": 1.51, "car_tau_std": 12.28}, "datetime": {"datetime": "2024-08-01 02:15:39", "elapsed": 50211.29966, "delta": 487.521416}}
{"target": 56.18354445284201, "params": {"bus_acc": 1.2, "bus_dcc": 3.09, "bus_lcCooperative": 0.78, "bus_lcPushy": 0.86, "bus_lcSublane": 0.78, "bus_max_v": 10.79, "bus_tau_mean": 1.06, "bus_tau_std": 0.29, "car_acc": 2.27, "car_dcc": 1.39, "car_lcCooperative": 0.8, "car_lcPushy": 0.94, "car_lcSublane": 0.45, "car_max_v": 11.41, "car_tau_mean": 2.0, "car_tau_std": 0.17}, "datetime": {"datetime": "2024-08-01 02:24:37", "elapsed": 50748.597129, "delta": 537.297469}}
{"target": 57.161296133437, "params": {"bus_acc": 1.92, "bus_dcc": 2.85, "bus_lcCooperative": 0.93, "bus_lcPushy": 0.84, "bus_lcSublane": 0.39, "bus_max_v": 12.82, "bus_tau_mean": 1.65, "bus_tau_std": 4.14, "car_acc": 1.3, "car_dcc": 2.03, "car_lcCooperative": 0.25, "car_lcPushy": 0.3, "car_lcSublane": 0.8, "car_max_v": 11.84, "car_tau_mean": 2.29, "car_tau_std": 14.01}, "datetime": {"datetime": "2024-08-01 02:33:21", "elapsed": 51273.184893, "delta": 524.587764}}
{"target": 57.205155332250854, "params": {"bus_acc": 1.79, "bus_dcc": 2.66, "bus_lcCooperative": 0.59, "bus_lcPushy": 0.11, "bus_lcSublane": 0.46, "bus_max_v": 13.24, "bus_tau_mean": 2.73, "bus_tau_std": 6.97, "car_acc": 2.44, "car_dcc": 4.34, "car_lcCooperative": 0.35, "car_lcPushy": 0.98, "car_lcSublane": 0.85, "car_max_v": 8.42, "car_tau_mean": 1.15, "car_tau_std": 1.04}, "datetime": {"datetime": "2024-08-01 02:43:03", "elapsed": 51854.939004, "delta": 581.754111}}
{"target": 55.8860430150785, "params": {"bus_acc": 1.98, "bus_dcc": 2.89, "bus_lcCooperative": 0.92, "bus_lcPushy": 0.74, "bus_lcSublane": 0.84, "bus_max_v": 11.28, "bus_tau_mean": 2.56, "bus_tau_std": 11.23, "car_acc": 2.39, "car_dcc": 1.05, "car_lcCooperative": 0.22, "car_lcPushy": 0.47, "car_lcSublane": 0.23, "car_max_v": 13.39, "car_tau_mean": 2.74, "car_tau_std": 3.99}, "datetime": {"datetime": "2024-08-01 02:49:07", "elapsed": 52219.452484, "delta": 364.51348}}
{"target": 57.621896144147634, "params": {"bus_acc": 1.97, "bus_dcc": 2.97, "bus_lcCooperative": 0.21, "bus_lcPushy": 0.78, "bus_lcSublane": 0.73, "bus_max_v": 10.61, "bus_tau_mean": 1.75, "bus_tau_std": 1.24, "car_acc": 2.16, "car_dcc": 1.88, "car_lcCooperative": 0.61, "car_lcPushy": 0.94, "car_lcSublane": 0.4, "car_max_v": 9.12, "car_tau_mean": 2.8, "car_tau_std": 8.75}, "datetime": {"datetime": "2024-08-01 02:57:38", "elapsed": 52729.574507, "delta": 510.122023}}
{"target": 57.95965368778252, "params": {"bus_acc": 1.98, "bus_dcc": 3.58, "bus_lcCooperative": 0.66, "bus_lcPushy": 0.24, "bus_lcSublane": 0.42, "bus_max_v": 11.18, "bus_tau_mean": 1.63, "bus_tau_std": 8.44, "car_acc": 2.91, "car_dcc": 4.16, "car_lcCooperative": 0.03, "car_lcPushy": 0.45, "car_lcSublane": 0.32, "car_max_v": 9.03, "car_tau_mean": 2.08, "car_tau_std": 6.61}, "datetime": {"datetime": "2024-08-01 03:06:31", "elapsed": 53262.984406, "delta": 533.409899}}
{"target": 58.661695521388936, "params": {"bus_acc": 1.19, "bus_dcc": 2.28, "bus_lcCooperative": 0.1, "bus_lcPushy": 0.73, "bus_lcSublane": 0.57, "bus_max_v": 10.87, "bus_tau_mean": 1.92, "bus_tau_std": 1.98, "car_acc": 1.64, "car_dcc": 2.44, "car_lcCooperative": 0.1, "car_lcPushy": 0.56, "car_lcSublane": 0.54, "car_max_v": 8.15, "car_tau_mean": 2.21, "car_tau_std": 7.63}, "datetime": {"datetime": "2024-08-01 03:16:10", "elapsed": 53841.725565, "delta": 578.741159}}
{"target": 58.5038578105193, "params": {"bus_acc": 1.33, "bus_dcc": 1.33, "bus_lcCooperative": 0.31, "bus_lcPushy": 0.73, "bus_lcSublane": 0.8, "bus_max_v": 11.99, "bus_tau_mean": 2.41, "bus_tau_std": 0.42, "car_acc": 1.14, "car_dcc": 1.98, "car_lcCooperative": 0.49, "car_lcPushy": 0.92, "car_lcSublane": 0.04, "car_max_v": 9.59, "car_tau_mean": 2.2, "car_tau_std": 7.81}, "datetime": {"datetime": "2024-08-01 03:25:57", "elapsed": 54428.863606, "delta": 587.138041}}
{"target": 56.693621818020986, "params": {"bus_acc": 1.52, "bus_dcc": 2.83, "bus_lcCooperative": 0.18, "bus_lcPushy": 0.77, "bus_lcSublane": 0.13, "bus_max_v": 12.26, "bus_tau_mean": 1.02, "bus_tau_std": 1.71, "car_acc": 2.06, "car_dcc": 4.71, "car_lcCooperative": 0.19, "car_lcPushy": 0.06, "car_lcSublane": 0.56, "car_max_v": 10.25, "car_tau_mean": 2.0, "car_tau_std": 3.05}, "datetime": {"datetime": "2024-08-01 03:34:30", "elapsed": 54941.645869, "delta": 512.782263}}
{"target": 57.43295338263648, "params": {"bus_acc": 1.51, "bus_dcc": 1.33, "bus_lcCooperative": 0.19, "bus_lcPushy": 0.49, "bus_lcSublane": 0.84, "bus_max_v": 11.08, "bus_tau_mean": 2.88, "bus_tau_std": 0.75, "car_acc": 1.61, "car_dcc": 2.58, "car_lcCooperative": 0.54, "car_lcPushy": 0.92, "car_lcSublane": 0.49, "car_max_v": 10.22, "car_tau_mean": 2.96, "car_tau_std": 9.14}, "datetime": {"datetime": "2024-08-01 03:42:52", "elapsed": 55444.18146, "delta": 502.535591}}
{"target": 57.221596315155146, "params": {"bus_acc": 1.55, "bus_dcc": 1.22, "bus_lcCooperative": 0.46, "bus_lcPushy": 0.8, "bus_lcSublane": 0.57, "bus_max_v": 8.24, "bus_tau_mean": 1.46, "bus_tau_std": 13.06, "car_acc": 2.81, "car_dcc": 1.02, "car_lcCooperative": 0.64, "car_lcPushy": 0.29, "car_lcSublane": 0.68, "car_max_v": 10.86, "car_tau_mean": 1.26, "car_tau_std": 7.98}, "datetime": {"datetime": "2024-08-01 03:49:08", "elapsed": 55820.138608, "delta": 375.957148}}
{"target": 58.47483034846241, "params": {"bus_acc": 1.41, "bus_dcc": 1.91, "bus_lcCooperative": 0.61, "bus_lcPushy": 0.1, "bus_lcSublane": 0.16, "bus_max_v": 8.98, "bus_tau_mean": 2.04, "bus_tau_std": 1.07, "car_acc": 1.54, "car_dcc": 1.1, "car_lcCooperative": 0.24, "car_lcPushy": 0.23, "car_lcSublane": 0.58, "car_max_v": 8.54, "car_tau_mean": 2.32, "car_tau_std": 9.14}, "datetime": {"datetime": "2024-08-01 03:57:52", "elapsed": 56343.781183, "delta": 523.642575}}
{"target": 58.200633521290136, "params": {"bus_acc": 1.48, "bus_dcc": 1.81, "bus_lcCooperative": 0.61, "bus_lcPushy": 0.45, "bus_lcSublane": 0.55, "bus_max_v": 14.7, "bus_tau_mean": 2.63, "bus_tau_std": 11.82, "car_acc": 1.69, "car_dcc": 2.67, "car_lcCooperative": 0.32, "car_lcPushy": 0.36, "car_lcSublane": 0.37, "car_max_v": 8.49, "car_tau_mean": 2.45, "car_tau_std": 14.96}, "datetime": {"datetime": "2024-08-01 04:06:55", "elapsed": 56887.043721, "delta": 543.262538}}
{"target": 58.37082627494823, "params": {"bus_acc": 1.1, "bus_dcc": 2.63, "bus_lcCooperative": 0.17, "bus_lcPushy": 0.65, "bus_lcSublane": 0.69, "bus_max_v": 11.16, "bus_tau_mean": 2.24, "bus_tau_std": 1.54, "car_acc": 2.44, "car_dcc": 2.14, "car_lcCooperative": 0.63, "car_lcPushy": 0.1, "car_lcSublane": 0.35, "car_max_v": 8.04, "car_tau_mean": 2.01, "car_tau_std": 9.2}, "datetime": {"datetime": "2024-08-01 04:15:56", "elapsed": 57428.051021, "delta": 541.0073}}
{"target": 57.976974163082716, "params": {"bus_acc": 1.21, "bus_dcc": 1.45, "bus_lcCooperative": 0.09, "bus_lcPushy": 0.25, "bus_lcSublane": 0.19, "bus_max_v": 14.67, "bus_tau_mean": 2.84, "bus_tau_std": 13.84, "car_acc": 2.51, "car_dcc": 3.72, "car_lcCooperative": 0.21, "car_lcPushy": 0.78, "car_lcSublane": 0.13, "car_max_v": 10.0, "car_tau_mean": 1.03, "car_tau_std": 10.04}, "datetime": {"datetime": "2024-08-01 04:24:31", "elapsed": 57943.059383, "delta": 515.008362}}
{"target": 56.18109514952544, "params": {"bus_acc": 1.67, "bus_dcc": 1.08, "bus_lcCooperative": 0.52, "bus_lcPushy": 0.06, "bus_lcSublane": 0.97, "bus_max_v": 10.49, "bus_tau_mean": 2.09, "bus_tau_std": 3.17, "car_acc": 2.27, "car_dcc": 2.05, "car_lcCooperative": 0.29, "car_lcPushy": 0.41, "car_lcSublane": 0.73, "car_max_v": 14.95, "car_tau_mean": 2.01, "car_tau_std": 1.53}, "datetime": {"datetime": "2024-08-01 04:31:40", "elapsed": 58371.766748, "delta": 428.707365}}
{"target": 58.301716746915524, "params": {"bus_acc": 1.75, "bus_dcc": 1.48, "bus_lcCooperative": 0.16, "bus_lcPushy": 0.79, "bus_lcSublane": 0.46, "bus_max_v": 10.36, "bus_tau_mean": 1.59, "bus_tau_std": 0.82, "car_acc": 2.24, "car_dcc": 1.73, "car_lcCooperative": 0.35, "car_lcPushy": 0.98, "car_lcSublane": 0.52, "car_max_v": 8.2, "car_tau_mean": 1.54, "car_tau_std": 10.66}, "datetime": {"datetime": "2024-08-01 04:40:58", "elapsed": 58930.451371, "delta": 558.684623}}
{"target": 57.99505153112155, "params": {"bus_acc": 1.42, "bus_dcc": 3.1, "bus_lcCooperative": 0.11, "bus_lcPushy": 0.51, "bus_lcSublane": 0.63, "bus_max_v": 12.63, "bus_tau_mean": 2.8, "bus_tau_std": 4.42, "car_acc": 1.9, "car_dcc": 2.31, "car_lcCooperative": 0.63, "car_lcPushy": 0.76, "car_lcSublane": 0.11, "car_max_v": 8.83, "car_tau_mean": 2.42, "car_tau_std": 13.48}, "datetime": {"datetime": "2024-08-01 04:49:53", "elapsed": 59465.243361, "delta": 534.79199}}
{"target": 58.040065784534924, "params": {"bus_acc": 1.64, "bus_dcc": 1.74, "bus_lcCooperative": 0.49, "bus_lcPushy": 0.84, "bus_lcSublane": 0.8, "bus_max_v": 14.88, "bus_tau_mean": 2.65, "bus_tau_std": 1.26, "car_acc": 1.86, "car_dcc": 3.74, "car_lcCooperative": 0.31, "car_lcPushy": 0.43, "car_lcSublane": 0.68, "car_max_v": 8.59, "car_tau_mean": 1.82, "car_tau_std": 9.5}, "datetime": {"datetime": "2024-08-01 04:59:04", "elapsed": 60016.190667, "delta": 550.947306}}
{"target": 58.74725673869635, "params": {"bus_acc": 1.82, "bus_dcc": 3.66, "bus_lcCooperative": 0.5, "bus_lcPushy": 0.23, "bus_lcSublane": 0.56, "bus_max_v": 8.45, "bus_tau_mean": 2.28, "bus_tau_std": 11.35, "car_acc": 1.08, "car_dcc": 1.18, "car_lcCooperative": 0.41, "car_lcPushy": 1.0, "car_lcSublane": 0.56, "car_max_v": 11.2, "car_tau_mean": 2.32, "car_tau_std": 10.04}, "datetime": {"datetime": "2024-08-01 05:08:14", "elapsed": 60566.515982, "delta": 550.325315}}
{"target": 57.49791347742516, "params": {"bus_acc": 1.8, "bus_dcc": 2.14, "bus_lcCooperative": 0.22, "bus_lcPushy": 0.96, "bus_lcSublane": 0.07, "bus_max_v": 8.48, "bus_tau_mean": 1.05, "bus_tau_std": 8.99, "car_acc": 1.49, "car_dcc": 3.06, "car_lcCooperative": 0.43, "car_lcPushy": 0.54, "car_lcSublane": 0.15, "car_max_v": 13.56, "car_tau_mean": 1.56, "car_tau_std": 14.65}, "datetime": {"datetime": "2024-08-01 05:16:58", "elapsed": 61089.9054, "delta": 523.389418}}
{"target": 58.32917346617087, "params": {"bus_acc": 1.67, "bus_dcc": 2.14, "bus_lcCooperative": 0.45, "bus_lcPushy": 0.41, "bus_lcSublane": 0.74, "bus_max_v": 11.15, "bus_tau_mean": 1.66, "bus_tau_std": 1.74, "car_acc": 1.99, "car_dcc": 1.93, "car_lcCooperative": 0.25, "car_lcPushy": 0.16, "car_lcSublane": 0.57, "car_max_v": 8.07, "car_tau_mean": 1.92, "car_tau_std": 8.12}, "datetime": {"datetime": "2024-08-01 05:26:09", "elapsed": 61641.124783, "delta": 551.219383}}
{"target": 56.7985720970383, "params": {"bus_acc": 1.82, "bus_dcc": 2.8, "bus_lcCooperative": 0.07, "bus_lcPushy": 0.02, "bus_lcSublane": 0.14, "bus_max_v": 13.44, "bus_tau_mean": 2.11, "bus_tau_std": 1.19, "car_acc": 1.42, "car_dcc": 2.2, "car_lcCooperative": 0.67, "car_lcPushy": 0.62, "car_lcSublane": 0.57, "car_max_v": 12.17, "car_tau_mean": 2.64, "car_tau_std": 9.57}, "datetime": {"datetime": "2024-08-01 05:34:13", "elapsed": 62125.358138, "delta": 484.233355}}
{"target": 58.662339092871775, "params": {"bus_acc": 1.45, "bus_dcc": 1.02, "bus_lcCooperative": 0.36, "bus_lcPushy": 0.26, "bus_lcSublane": 0.85, "bus_max_v": 10.8, "bus_tau_mean": 1.55, "bus_tau_std": 0.47, "car_acc": 1.05, "car_dcc": 1.78, "car_lcCooperative": 0.1, "car_lcPushy": 0.49, "car_lcSublane": 0.2, "car_max_v": 8.37, "car_tau_mean": 1.29, "car_tau_std": 9.91}, "datetime": {"datetime": "2024-08-01 05:44:05", "elapsed": 62717.12733, "delta": 591.769192}}
{"target": 58.454239180510015, "params": {"bus_acc": 1.91, "bus_dcc": 3.46, "bus_lcCooperative": 0.25, "bus_lcPushy": 0.82, "bus_lcSublane": 0.03, "bus_max_v": 12.76, "bus_tau_mean": 2.18, "bus_tau_std": 1.51, "car_acc": 2.08, "car_dcc": 1.66, "car_lcCooperative": 0.03, "car_lcPushy": 0.46, "car_lcSublane": 0.31, "car_max_v": 8.78, "car_tau_mean": 2.71, "car_tau_std": 10.25}, "datetime": {"datetime": "2024-08-01 05:53:10", "elapsed": 63261.714251, "delta": 544.586921}}
{"target": 58.015484006414475, "params": {"bus_acc": 1.29, "bus_dcc": 1.77, "bus_lcCooperative": 0.13, "bus_lcPushy": 0.67, "bus_lcSublane": 0.54, "bus_max_v": 10.49, "bus_tau_mean": 1.39, "bus_tau_std": 0.86, "car_acc": 1.6, "car_dcc": 2.31, "car_lcCooperative": 0.43, "car_lcPushy": 0.46, "car_lcSublane": 0.16, "car_max_v": 8.79, "car_tau_mean": 2.94, "car_tau_std": 9.55}, "datetime": {"datetime": "2024-08-01 06:01:59", "elapsed": 63791.533968, "delta": 529.819717}}
{"target": 58.36405163554148, "params": {"bus_acc": 1.6, "bus_dcc": 2.71, "bus_lcCooperative": 0.03, "bus_lcPushy": 0.38, "bus_lcSublane": 0.43, "bus_max_v": 11.17, "bus_tau_mean": 1.96, "bus_tau_std": 0.26, "car_acc": 1.84, "car_dcc": 1.01, "car_lcCooperative": 0.0, "car_lcPushy": 0.38, "car_lcSublane": 0.84, "car_max_v": 8.86, "car_tau_mean": 1.71, "car_tau_std": 8.34}, "datetime": {"datetime": "2024-08-01 06:10:30", "elapsed": 64302.278044, "delta": 510.744076}}
{"target": 58.52080713404996, "params": {"bus_acc": 1.0, "bus_dcc": 1.39, "bus_lcCooperative": 0.9, "bus_lcPushy": 0.68, "bus_lcSublane": 0.78, "bus_max_v": 11.67, "bus_tau_mean": 1.79, "bus_tau_std": 0.41, "car_acc": 1.18, "car_dcc": 2.2, "car_lcCooperative": 0.32, "car_lcPushy": 0.77, "car_lcSublane": 0.15, "car_max_v": 9.22, "car_tau_mean": 1.7, "car_tau_std": 8.2}, "datetime": {"datetime": "2024-08-01 06:19:50", "elapsed": 64862.132177, "delta": 559.854133}}
{"target": 58.93528614226982, "params": {"bus_acc": 1.67, "bus_dcc": 1.79, "bus_lcCooperative": 0.85, "bus_lcPushy": 0.22, "bus_lcSublane": 0.63, "bus_max_v": 11.34, "bus_tau_mean": 2.68, "bus_tau_std": 2.4, "car_acc": 1.21, "car_dcc": 1.57, "car_lcCooperative": 0.35, "car_lcPushy": 0.76, "car_lcSublane": 0.48, "car_max_v": 8.61, "car_tau_mean": 1.83, "car_tau_std": 8.24}, "datetime": {"datetime": "2024-08-01 06:29:17", "elapsed": 65428.870619, "delta": 566.738442}}
{"target": 57.04924625718553, "params": {"bus_acc": 1.44, "bus_dcc": 2.34, "bus_lcCooperative": 0.88, "bus_lcPushy": 0.72, "bus_lcSublane": 1.0, "bus_max_v": 10.49, "bus_tau_mean": 2.47, "bus_tau_std": 9.8, "car_acc": 1.55, "car_dcc": 2.22, "car_lcCooperative": 0.23, "car_lcPushy": 0.5, "car_lcSublane": 0.85, "car_max_v": 12.12, "car_tau_mean": 1.5, "car_tau_std": 4.45}, "datetime": {"datetime": "2024-08-01 06:37:21", "elapsed": 65913.033115, "delta": 484.162496}}
{"target": 58.05974391620463, "params": {"bus_acc": 1.51, "bus_dcc": 1.14, "bus_lcCooperative": 0.53, "bus_lcPushy": 0.77, "bus_lcSublane": 0.77, "bus_max_v": 9.66, "bus_tau_mean": 2.61, "bus_tau_std": 6.14, "car_acc": 2.04, "car_dcc": 1.67, "car_lcCooperative": 0.01, "car_lcPushy": 0.18, "car_lcSublane": 0.32, "car_max_v": 9.52, "car_tau_mean": 3.0, "car_tau_std": 11.83}, "datetime": {"datetime": "2024-08-01 06:46:02", "elapsed": 66434.040722, "delta": 521.007607}}
{"target": 57.084831955792616, "params": {"bus_acc": 1.38, "bus_dcc": 3.51, "bus_lcCooperative": 0.6, "bus_lcPushy": 0.83, "bus_lcSublane": 0.3, "bus_max_v": 13.74, "bus_tau_mean": 2.64, "bus_tau_std": 2.5, "car_acc": 1.66, "car_dcc": 1.2, "car_lcCooperative": 0.58, "car_lcPushy": 0.96, "car_lcSublane": 0.55, "car_max_v": 12.51, "car_tau_mean": 1.66, "car_tau_std": 2.74}, "datetime": {"datetime": "2024-08-01 06:54:02", "elapsed": 66913.679906, "delta": 479.639184}}
{"target": 56.74608112357756, "params": {"bus_acc": 1.94, "bus_dcc": 3.52, "bus_lcCooperative": 0.52, "bus_lcPushy": 0.45, "bus_lcSublane": 0.51, "bus_max_v": 8.86, "bus_tau_mean": 1.49, "bus_tau_std": 3.4, "car_acc": 2.83, "car_dcc": 4.72, "car_lcCooperative": 0.09, "car_lcPushy": 0.08, "car_lcSublane": 0.94, "car_max_v": 13.64, "car_tau_mean": 1.39, "car_tau_std": 12.31}, "datetime": {"datetime": "2024-08-01 07:01:46", "elapsed": 67378.223031, "delta": 464.543125}}
{"target": 58.24767230857957, "params": {"bus_acc": 1.44, "bus_dcc": 3.34, "bus_lcCooperative": 0.71, "bus_lcPushy": 0.35, "bus_lcSublane": 0.72, "bus_max_v": 9.81, "bus_tau_mean": 1.82, "bus_tau_std": 7.29, "car_acc": 2.43, "car_dcc": 4.44, "car_lcCooperative": 0.46, "car_lcPushy": 0.99, "car_lcSublane": 0.18, "car_max_v": 8.52, "car_tau_mean": 1.8, "car_tau_std": 3.78}, "datetime": {"datetime": "2024-08-01 07:10:28", "elapsed": 67900.396686, "delta": 522.173655}}
{"target": 57.07906718373847, "params": {"bus_acc": 1.96, "bus_dcc": 1.23, "bus_lcCooperative": 0.93, "bus_lcPushy": 0.74, "bus_lcSublane": 0.61, "bus_max_v": 8.53, "bus_tau_mean": 2.41, "bus_tau_std": 12.65, "car_acc": 2.7, "car_dcc": 3.84, "car_lcCooperative": 0.57, "car_lcPushy": 0.48, "car_lcSublane": 0.27, "car_max_v": 11.1, "car_tau_mean": 1.44, "car_tau_std": 6.7}, "datetime": {"datetime": "2024-08-01 07:18:27", "elapsed": 68379.295835, "delta": 478.899149}}
{"target": 58.42696318682526, "params": {"bus_acc": 1.69, "bus_dcc": 3.62, "bus_lcCooperative": 0.32, "bus_lcPushy": 0.77, "bus_lcSublane": 0.91, "bus_max_v": 14.35, "bus_tau_mean": 2.59, "bus_tau_std": 1.96, "car_acc": 2.96, "car_dcc": 1.23, "car_lcCooperative": 0.63, "car_lcPushy": 0.95, "car_lcSublane": 0.3, "car_max_v": 8.02, "car_tau_mean": 2.03, "car_tau_std": 9.85}, "datetime": {"datetime": "2024-08-01 07:26:43", "elapsed": 68875.397648, "delta": 496.101813}}
{"target": 58.26108211882617, "params": {"bus_acc": 1.83, "bus_dcc": 2.42, "bus_lcCooperative": 0.68, "bus_lcPushy": 0.08, "bus_lcSublane": 0.39, "bus_max_v": 14.54, "bus_tau_mean": 2.17, "bus_tau_std": 10.73, "car_acc": 1.7, "car_dcc": 3.59, "car_lcCooperative": 0.72, "car_lcPushy": 0.93, "car_lcSublane": 0.03, "car_max_v": 8.66, "car_tau_mean": 1.1, "car_tau_std": 10.01}, "datetime": {"datetime": "2024-08-01 07:36:07", "elapsed": 69439.02936, "delta": 563.631712}}
