{"target": -0.37040869084840417, "params": {"bus_acc": 1.404391558390981, "bus_dcc": 1.7345450773967874, "bus_lcAssertive": 9.281838482143119, "bus_lcCooperative": 0.7447417757596947, "bus_lcLookaheadLeft": 17.63838032679015, "bus_lcPushy": 0.8816595339350156, "bus_lcSigma": 0.4914795265388975, "bus_lcSpeedGainRight": 2.6308463133425652, "bus_lcSublane": 0.042520288791004224, "bus_sigma": 0.614053635731627, "bus_tau_mean": 1.2966517618327353, "bus_tau_std": 2.1350408934701557, "bus_v_mean": 22.325097102787065, "bus_v_std": 17.760266979939836, "car_acc": 1.021060737305278, "car_dcc": 3.496911878758306, "car_lcAssertive": 90.32758516193604, "car_lcCooperative": 0.5119476580924737, "car_lcLookaheadLeft": 66.30503416903593, "car_lcPushy": 0.7677856839334473, "car_lcSigma": 0.6854399747525683, "car_lcSpeedGainRight": 2.295582098213396, "car_lcSublane": 0.5734522319827082, "car_sigma": 0.5740594317304389, "car_tau_mean": 3.4474568200848914, "car_tau_std": 2.4044170761914385, "car_v_mean": 20.115623460251264, "car_v_std": 16.246742194366675}, "datetime": {"datetime": "2024-08-08 17:29:54", "elapsed": 379.918541, "delta": 2.206275}}
{"target": -0.33903841419888475, "params": {"bus_acc": 3.7559567599629085, "bus_dcc": 1.4673666523269118, "bus_lcAssertive": 80.07636576173772, "bus_lcCooperative": 0.01526245262533199, "bus_lcLookaheadLeft": 59.391068436696735, "bus_lcPushy": 0.4955162770256144, "bus_lcSigma": 0.9974617337584916, "bus_lcSpeedGainRight": 0.6718536821313326, "bus_lcSublane": 0.6725536822244123, "bus_sigma": 0.09494547529971986, "bus_tau_mean": 1.0661894501165778, "bus_tau_std": 9.883312916279946, "bus_v_mean": 20.906641079382233, "bus_v_std": 4.892805773342048, "car_acc": 4.385201782803168, "car_dcc": 1.1068007771047794, "car_lcAssertive": 54.02509806700135, "car_lcCooperative": 0.09147475560820062, "car_lcLookaheadLeft": 97.1487553309246, "car_lcPushy": 0.5831009367246858, "car_lcSigma": 0.5557412746375598, "car_lcSpeedGainRight": 1.589865365120332, "car_lcSublane": 0.8499045421492847, "car_sigma": 0.530154513465718, "car_tau_mean": 0.5598437845310438, "car_tau_std": 1.8489489054732733, "car_v_mean": 14.935492957316328, "car_v_std": 1.5995282221022977}, "datetime": {"datetime": "2024-08-08 17:29:56", "elapsed": 381.450114, "delta": 1.531573}}
{"target": -0.31192300785396865, "params": {"bus_acc": 3.473383477311542, "bus_dcc": 2.593863431443174, "bus_lcAssertive": 25.58078217071276, "bus_lcCooperative": 0.2950785752494959, "bus_lcLookaheadLeft": 87.52324416210728, "bus_lcPushy": 0.42166593484970927, "bus_lcSigma": 0.0644302555796068, "bus_lcSpeedGainRight": 4.484925347537913, "bus_lcSublane": 0.20338083282405106, "bus_sigma": 0.8262275354923914, "bus_tau_mean": 3.5861971807898256, "bus_tau_std": 4.867507448183382, "bus_v_mean": 17.57543508967418, "bus_v_std": 10.545349129708338, "car_acc": 3.499285176741996, "car_dcc": 3.5651251640420543, "car_lcAssertive": 28.9318053920812, "car_lcCooperative": 0.8837555081806009, "car_lcLookaheadLeft": 57.63365235167663, "car_lcPushy": 0.11510304096690338, "car_lcSigma": 0.22700116521465796, "car_lcSpeedGainRight": 2.9799119280650688, "car_lcSublane": 0.23944623690468037, "car_sigma": 0.13141566053746057, "car_tau_mean": 1.066466999433423, "car_tau_std": 8.448725182357391, "car_v_mean": 17.634938462283372, "car_v_std": 19.27134174376684}, "datetime": {"datetime": "2024-08-08 17:29:56", "elapsed": 382.081648, "delta": 0.631534}}
{"target": -0.32965707936097527, "params": {"bus_acc": 2.4526503798125194, "bus_dcc": 3.9031822273241827, "bus_lcAssertive": 69.85564596510581, "bus_lcCooperative": 0.36973977954151527, "bus_lcLookaheadLeft": 67.81936256302868, "bus_lcPushy": 0.26510969397346273, "bus_lcSigma": 0.07747756400296191, "bus_lcSpeedGainRight": 2.640335696278041, "bus_lcSublane": 0.28976912585189274, "bus_sigma": 0.48165189565416366, "bus_tau_mean": 3.6569810809226313, "bus_tau_std": 6.5174036674872395, "bus_v_mean": 19.57310617001515, "bus_v_std": 2.051730504542708, "car_acc": 2.9186323431708305, "car_dcc": 2.2130256711683725, "car_lcAssertive": 65.0388670324168, "car_lcCooperative": 0.287735134554958, "car_lcLookaheadLeft": 39.540341797321524, "car_lcPushy": 0.981016791950987, "car_lcSigma": 0.11481056778526666, "car_lcSpeedGainRight": 0.9995393153068793, "car_lcSublane": 0.23904616434577042, "car_sigma": 0.6966542004402304, "car_tau_mean": 2.997908319621755, "car_tau_std": 7.8475493657566915, "car_v_mean": 14.096709997245615, "car_v_std": 17.048065753151086}, "datetime": {"datetime": "2024-08-08 17:29:57", "elapsed": 382.707197, "delta": 0.625549}}
{"target": -0.30685954058307824, "params": {"bus_acc": 3.7893861583559567, "bus_dcc": 3.1397796927302095, "bus_lcAssertive": 82.37687578719199, "bus_lcCooperative": 0.6289244383408126, "bus_lcLookaheadLeft": 43.37830703913326, "bus_lcPushy": 0.030798811164673312, "bus_lcSigma": 0.5954556632890023, "bus_lcSpeedGainRight": 2.818817847509128, "bus_lcSublane": 0.6008080215491192, "bus_sigma": 0.3228534686765717, "bus_tau_mean": 2.4420869189564223, "bus_tau_std": 1.7165630428408674, "bus_v_mean": 18.39775081935187, "bus_v_std": 1.433469473818323, "car_acc": 4.500308535198977, "car_dcc": 1.6484138504397983, "car_lcAssertive": 30.09061248724701, "car_lcCooperative": 0.8847369186394346, "car_lcLookaheadLeft": 88.59202482251717, "car_lcPushy": 0.8362672161514131, "car_lcSigma": 0.32693561690624706, "car_lcSpeedGainRight": 4.5117231960228334, "car_lcSublane": 0.7718022957748861, "car_sigma": 0.6580829809857549, "car_tau_mean": 3.6493107583786384, "car_tau_std": 7.831314722628367, "car_v_mean": 14.795992146929413, "car_v_std": 6.485104482541777}, "datetime": {"datetime": "2024-08-08 17:29:58", "elapsed": 383.295467, "delta": 0.58827}}
{"target": -0.2983676688805883, "params": {"bus_acc": 1.823216569852121, "bus_dcc": 2.228033423108929, "bus_lcAssertive": 73.12714861546256, "bus_lcCooperative": 0.589918991241211, "bus_lcLookaheadLeft": 94.23720489676207, "bus_lcPushy": 0.4468873835700453, "bus_lcSigma": 0.6175837821169542, "bus_lcSpeedGainRight": 0.4124411695402608, "bus_lcSublane": 0.23041299916521174, "bus_sigma": 0.12198669159106867, "bus_tau_mean": 3.183412806942531, "bus_tau_std": 0.1926845600995608, "bus_v_mean": 23.055972065658956, "bus_v_std": 16.71779084458993, "car_acc": 3.7160376993875186, "car_dcc": 1.085950422148108, "car_lcAssertive": 26.53187707498625, "car_lcCooperative": 0.13628193436779656, "car_lcLookaheadLeft": 71.64847648676155, "car_lcPushy": 0.06946591418465631, "car_lcSigma": 0.8898881189992887, "car_lcSpeedGainRight": 2.771849925162284, "car_lcSublane": 0.10338907211225601, "car_sigma": 0.460525547942892, "car_tau_mean": 0.9969477993058491, "car_tau_std": 4.231437418338397, "car_v_mean": 19.421970541669843, "car_v_std": 13.925872149137406}, "datetime": {"datetime": "2024-08-08 17:29:58", "elapsed": 383.697545, "delta": 0.402078}}
{"target": -0.30198319267960905, "params": {"bus_acc": 1.708124218398432, "bus_dcc": 2.205269290621098, "bus_lcAssertive": 1.2912028982081587, "bus_lcCooperative": 0.40059708820784834, "bus_lcLookaheadLeft": 89.5338447256021, "bus_lcPushy": 0.05746338391679073, "bus_lcSigma": 0.38962954342623424, "bus_lcSpeedGainRight": 1.3267198541557768, "bus_lcSublane": 0.03677662541521298, "bus_sigma": 0.40050356297323864, "bus_tau_mean": 1.3323303133277498, "bus_tau_std": 8.309695544439432, "bus_v_mean": 18.29800570369656, "bus_v_std": 9.531372329064052, "car_acc": 3.8352266797189745, "car_dcc": 1.2981508441187817, "car_lcAssertive": 75.94084505778405, "car_lcCooperative": 0.2985921155557305, "car_lcLookaheadLeft": 51.27182268131549, "car_lcPushy": 0.0941776642754053, "car_lcSigma": 0.8145554388176344, "car_lcSpeedGainRight": 2.5523339453324736, "car_lcSublane": 0.441970905465081, "car_sigma": 0.13489151962676016, "car_tau_mean": 2.722064680505218, "car_tau_std": 3.523098610118187, "car_v_mean": 18.923341848901146, "car_v_std": 15.249141909926989}, "datetime": {"datetime": "2024-08-08 17:29:59", "elapsed": 384.147893, "delta": 0.450348}}
{"target": -0.31904351317085033, "params": {"bus_acc": 2.506321258983098, "bus_dcc": 3.9213506150749677, "bus_lcAssertive": 60.86689399643125, "bus_lcCooperative": 0.828845807980693, "bus_lcLookaheadLeft": 58.321727461394026, "bus_lcPushy": 0.6280761983073504, "bus_lcSigma": 0.28557628169569393, "bus_lcSpeedGainRight": 2.9341667032804146, "bus_lcSublane": 0.7500217637026599, "bus_sigma": 0.8583138364290424, "bus_tau_mean": 3.1427876596368804, "bus_tau_std": 6.98057248447303, "bus_v_mean": 21.831670880873595, "bus_v_std": 6.453619936734929, "car_acc": 3.683155163150349, "car_dcc": 2.3526218092400475, "car_lcAssertive": 38.8281724511202, "car_lcCooperative": 0.4108113499221856, "car_lcLookaheadLeft": 41.34499918001498, "car_lcPushy": 0.3173839459582769, "car_lcSigma": 0.6219193679203014, "car_lcSpeedGainRight": 2.151236354106322, "car_lcSublane": 0.9738020779272523, "car_sigma": 0.6778008914343111, "car_tau_mean": 1.194994609494888, "car_tau_std": 4.267010093480328, "car_v_mean": 13.493539836390768, "car_v_std": 15.952776079171331}, "datetime": {"datetime": "2024-08-08 17:29:59", "elapsed": 384.737677, "delta": 0.589784}}
{"target": -0.3369086963773878, "params": {"bus_acc": 1.8766152230290323, "bus_dcc": 2.2864020787422663, "bus_lcAssertive": 85.08773897233483, "bus_lcCooperative": 0.45037964247172024, "bus_lcLookaheadLeft": 93.67117117269206, "bus_lcPushy": 0.352679327251738, "bus_lcSigma": 0.6193921656967597, "bus_lcSpeedGainRight": 4.903495181778901, "bus_lcSublane": 0.6434625222408049, "bus_sigma": 0.04549821604060378, "bus_tau_mean": 2.1224498183309914, "bus_tau_std": 3.3475134371366377, "bus_v_mean": 16.514904776346796, "bus_v_std": 5.694924172262628, "car_acc": 1.4890449209200112, "car_dcc": 3.0048669662524055, "car_lcAssertive": 68.45461573423933, "car_lcCooperative": 0.8671392999990885, "car_lcLookaheadLeft": 14.973386369148269, "car_lcPushy": 0.798620308278031, "car_lcSigma": 0.826768738405129, "car_lcSpeedGainRight": 3.2327496787557597, "car_lcSublane": 0.20492214578063384, "car_sigma": 0.2614207144058379, "car_tau_mean": 1.9647388613871148, "car_tau_std": 5.417990727827313, "car_v_mean": 15.639007289475472, "car_v_std": 9.349197840907388}, "datetime": {"datetime": "2024-08-08 17:30:00", "elapsed": 385.127043, "delta": 0.389366}}
{"target": -0.26265030953460683, "params": {"bus_acc": 1.5736921946809797, "bus_dcc": 1.2351606995648439, "bus_lcAssertive": 2.814931648387722, "bus_lcCooperative": 0.06672499763935646, "bus_lcLookaheadLeft": 46.94121374342632, "bus_lcPushy": 0.11334192276759048, "bus_lcSigma": 0.027783348848669953, "bus_lcSpeedGainRight": 3.774307406952337, "bus_lcSublane": 0.3948504804606394, "bus_sigma": 0.7469384956075251, "bus_tau_mean": 2.0834168936125805, "bus_tau_std": 4.500867470007611, "bus_v_mean": 15.649160107485296, "bus_v_std": 9.48007853124388, "car_acc": 4.212653368456678, "car_dcc": 2.2071775595732075, "car_lcAssertive": 90.56392987401868, "car_lcCooperative": 0.037061047954035864, "car_lcLookaheadLeft": 77.83968558660104, "car_lcPushy": 0.12564138113773882, "car_lcSigma": 0.6185135669120855, "car_lcSpeedGainRight": 0.051821306676159695, "car_lcSublane": 0.538627282576347, "car_sigma": 0.0030179566195963625, "car_tau_mean": 3.829178249215716, "car_tau_std": 9.054020337027781, "car_v_mean": 20.73547107107631, "car_v_std": 18.30548639829575}, "datetime": {"datetime": "2024-08-08 17:30:00", "elapsed": 385.93418, "delta": 0.807137}}
{"target": -0.29420259926158215, "params": {"bus_acc": 2.5948621745160336, "bus_dcc": 3.899837477926426, "bus_lcAssertive": 16.253838011403385, "bus_lcCooperative": 0.8950868086486484, "bus_lcLookaheadLeft": 32.479280652714465, "bus_lcPushy": 0.548489089666104, "bus_lcSigma": 0.6820662584328149, "bus_lcSpeedGainRight": 1.1823482566307768, "bus_lcSublane": 0.16773668505027162, "bus_sigma": 0.508482013429616, "bus_tau_mean": 3.2715235645463507, "bus_tau_std": 6.924144621670756, "bus_v_mean": 9.903573394768237, "bus_v_std": 18.01484430143466, "car_acc": 2.91895026819662, "car_dcc": 3.8400300377189427, "car_lcAssertive": 55.789936918578306, "car_lcCooperative": 0.08480182166035288, "car_lcLookaheadLeft": 21.84137749610449, "car_lcPushy": 0.8542379729163827, "car_lcSigma": 0.7059273667647191, "car_lcSpeedGainRight": 4.474697600764621, "car_lcSublane": 0.32914600179429976, "car_sigma": 0.5280013966376261, "car_tau_mean": 2.7763934636944194, "car_tau_std": 5.9429085358666445, "car_v_mean": 11.703406968547965, "car_v_std": 8.536426988964712}, "datetime": {"datetime": "2024-08-08 17:30:02", "elapsed": 387.235396, "delta": 1.301216}}
{"target": -0.32219269533399053, "params": {"bus_acc": 1.023523925778513, "bus_dcc": 3.2048260560518846, "bus_lcAssertive": 44.90688034848957, "bus_lcCooperative": 0.6978416560498484, "bus_lcLookaheadLeft": 20.134248264423647, "bus_lcPushy": 0.06261980198391548, "bus_lcSigma": 0.3781085867830213, "bus_lcSpeedGainRight": 3.47998255222747, "bus_lcSublane": 0.10281836745431583, "bus_sigma": 0.19583423367499242, "bus_tau_mean": 2.0888342764228196, "bus_tau_std": 6.211491896936461, "bus_v_mean": 20.00198796910376, "bus_v_std": 2.194700425713132, "car_acc": 3.4984944286225645, "car_dcc": 2.1620815664334425, "car_lcAssertive": 67.3389465060329, "car_lcCooperative": 0.2035603776619016, "car_lcLookaheadLeft": 53.73604215801165, "car_lcPushy": 0.1721625549559327, "car_lcSigma": 0.018681005996375344, "car_lcSpeedGainRight": 2.4347512321197855, "car_lcSublane": 0.18417777656089307, "car_sigma": 0.6383433300033875, "car_tau_mean": 2.3780118676915154, "car_tau_std": 7.7494537999774575, "car_v_mean": 14.287358442147251, "car_v_std": 19.78904261672506}, "datetime": {"datetime": "2024-08-08 17:30:03", "elapsed": 388.290522, "delta": 1.055126}}
{"target": -0.30490925177665434, "params": {"bus_acc": 4.097640533344158, "bus_dcc": 2.6583027896496776, "bus_lcAssertive": 89.0239778216408, "bus_lcCooperative": 0.354952851149572, "bus_lcLookaheadLeft": 26.06083065827773, "bus_lcPushy": 0.9110192396569683, "bus_lcSigma": 0.04353426375776537, "bus_lcSpeedGainRight": 4.753767140305011, "bus_lcSublane": 0.5564069156709253, "bus_sigma": 0.3763632166870875, "bus_tau_mean": 3.982683128186889, "bus_tau_std": 0.5836264614763165, "bus_v_mean": 16.267301756281796, "bus_v_std": 0.621941509110957, "car_acc": 3.2847029567449337, "car_dcc": 1.5414055269853466, "car_lcAssertive": 63.46496083361352, "car_lcCooperative": 0.9809236757505815, "car_lcLookaheadLeft": 87.74045001881333, "car_lcPushy": 0.45183624942087064, "car_lcSigma": 0.7084608700517172, "car_lcSpeedGainRight": 3.8873437500159462, "car_lcSublane": 0.4948430841825636, "car_sigma": 0.5285334901775651, "car_tau_mean": 1.027745394302674, "car_tau_std": 3.6939992561190627, "car_v_mean": 10.275540049164587, "car_v_std": 14.537875066891253}, "datetime": {"datetime": "2024-08-08 17:30:04", "elapsed": 390.094915, "delta": 1.804393}}
{"target": -0.30122125960971086, "params": {"bus_acc": 2.189325526029089, "bus_dcc": 1.0828180358635109, "bus_lcAssertive": 59.749812496997485, "bus_lcCooperative": 0.8438404289311888, "bus_lcLookaheadLeft": 39.33958015809699, "bus_lcPushy": 0.7498583107261434, "bus_lcSigma": 0.5111414782971282, "bus_lcSpeedGainRight": 2.704759024810943, "bus_lcSublane": 0.9594343210617524, "bus_sigma": 0.8039608914986468, "bus_tau_mean": 0.6131307331825089, "bus_tau_std": 7.0938725123129505, "bus_v_mean": 15.440023705016097, "bus_v_std": 18.950978827901995, "car_acc": 1.8857309372939532, "car_dcc": 1.8012160590530972, "car_lcAssertive": 9.065922522848938, "car_lcCooperative": 0.42861882866378653, "car_lcLookaheadLeft": 12.683838873868693, "car_lcPushy": 0.6337867606119179, "car_lcSigma": 0.8029632373737379, "car_lcSpeedGainRight": 3.4840024806008922, "car_lcSublane": 0.7662113810757705, "car_sigma": 0.3424541198435198, "car_tau_mean": 3.4604801905968716, "car_tau_std": 4.287687749994426, "car_v_mean": 21.184157926597102, "car_v_std": 12.529923172485875}, "datetime": {"datetime": "2024-08-08 17:30:05", "elapsed": 390.661649, "delta": 0.566734}}
{"target": -0.19346453333321742, "params": {"bus_acc": 1.06363984637025, "bus_dcc": 1.7466944259477393, "bus_lcAssertive": 79.43897430530403, "bus_lcCooperative": 0.7191652977533548, "bus_lcLookaheadLeft": 26.10603585846461, "bus_lcPushy": 0.5548923810758453, "bus_lcSigma": 0.5855857940990207, "bus_lcSpeedGainRight": 3.606921383236148, "bus_lcSublane": 0.46367371121270107, "bus_sigma": 0.40484847152272274, "bus_tau_mean": 1.5780331478731136, "bus_tau_std": 2.383089084068227, "bus_v_mean": 9.480053730409663, "bus_v_std": 12.917667748352846, "car_acc": 3.6782817941609447, "car_dcc": 3.062030421750541, "car_lcAssertive": 1.3114263259728722, "car_lcCooperative": 0.43825303252098613, "car_lcLookaheadLeft": 14.010229761313589, "car_lcPushy": 0.5266093357063074, "car_lcSigma": 0.9797396209018743, "car_lcSpeedGainRight": 2.4963850548166904, "car_lcSublane": 0.37464997927352073, "car_sigma": 0.8138399923945955, "car_tau_mean": 3.888705033856448, "car_tau_std": 2.8712337752879535, "car_v_mean": 20.848000635944015, "car_v_std": 19.922828747265395}, "datetime": {"datetime": "2024-08-08 17:30:06", "elapsed": 391.341693, "delta": 0.680044}}
{"target": -0.2981218015017455, "params": {"bus_acc": 2.297449838904746, "bus_dcc": 3.618767129200333, "bus_lcAssertive": 84.6262511526049, "bus_lcCooperative": 0.5384405925945437, "bus_lcLookaheadLeft": 86.92761086831827, "bus_lcPushy": 0.9498059913536265, "bus_lcSigma": 0.8264069976293413, "bus_lcSpeedGainRight": 4.270577219182694, "bus_lcSublane": 0.09874340182034835, "bus_sigma": 0.651304332340991, "bus_tau_mean": 2.9623094585342855, "bus_tau_std": 6.102408126466297, "bus_v_mean": 20.79384418777645, "bus_v_std": 0.691424397432685, "car_acc": 4.08095493821992, "car_dcc": 3.195185802218581, "car_lcAssertive": 26.710140936536956, "car_lcCooperative": 0.2570692988221467, "car_lcLookaheadLeft": 63.965725108152526, "car_lcPushy": 0.34529746159108154, "car_lcSigma": 0.7965886780072875, "car_lcSpeedGainRight": 2.230731160017286, "car_lcSublane": 0.7827494147841719, "car_sigma": 0.9904717836238407, "car_tau_mean": 1.5508691883686503, "car_tau_std": 1.4300582825809938, "car_v_mean": 22.42093498158838, "car_v_std": 10.831187577747466}, "datetime": {"datetime": "2024-08-08 17:30:07", "elapsed": 392.364098, "delta": 1.022405}}
{"target": -0.34681771571854375, "params": {"bus_acc": 3.8117269284574853, "bus_dcc": 1.554805067120205, "bus_lcAssertive": 57.00748251629707, "bus_lcCooperative": 0.9088080323000569, "bus_lcLookaheadLeft": 16.767619240330575, "bus_lcPushy": 0.8455176755307064, "bus_lcSigma": 0.8202024663153499, "bus_lcSpeedGainRight": 2.4967055064891723, "bus_lcSublane": 0.0375838514857032, "bus_sigma": 0.14750250539693543, "bus_tau_mean": 3.7292354314103493, "bus_tau_std": 0.44154796031862453, "bus_v_mean": 13.959980262485752, "bus_v_std": 12.380792694509417, "car_acc": 1.7877921556560668, "car_dcc": 3.9432392717208917, "car_lcAssertive": 16.44154807129882, "car_lcCooperative": 0.5396791951612744, "car_lcLookaheadLeft": 62.565109785971174, "car_lcPushy": 0.2309899486697039, "car_lcSigma": 0.4663089892093414, "car_lcSpeedGainRight": 2.4550426456646464, "car_lcSublane": 0.766862376326542, "car_sigma": 0.6342807527738734, "car_tau_mean": 2.1364251857286884, "car_tau_std": 6.669425431939752, "car_v_mean": 15.254038824355174, "car_v_std": 10.514231826828194}, "datetime": {"datetime": "2024-08-08 17:30:08", "elapsed": 393.551498, "delta": 1.1874}}
{"target": -0.3059779545808779, "params": {"bus_acc": 4.314781792871605, "bus_dcc": 3.8422586625781054, "bus_lcAssertive": 63.61334167652157, "bus_lcCooperative": 0.1347391364802225, "bus_lcLookaheadLeft": 43.1593583629708, "bus_lcPushy": 0.9361853889098445, "bus_lcSigma": 0.3205442753283897, "bus_lcSpeedGainRight": 3.0964049302389327, "bus_lcSublane": 0.935133647276181, "bus_sigma": 0.4606823360458484, "bus_tau_mean": 2.251396689408955, "bus_tau_std": 9.186937097536678, "bus_v_mean": 22.877177136154806, "bus_v_std": 18.089737467791437, "car_acc": 3.054538122711376, "car_dcc": 2.919433751785611, "car_lcAssertive": 59.31161141193701, "car_lcCooperative": 0.15849481992782133, "car_lcLookaheadLeft": 63.098002429383975, "car_lcPushy": 0.31914432287823047, "car_lcSigma": 0.1307355006001497, "car_lcSpeedGainRight": 1.0750150228452209, "car_lcSublane": 0.3136602971825204, "car_sigma": 0.9514518007767209, "car_tau_mean": 3.9676850659444196, "car_tau_std": 8.668863637915473, "car_v_mean": 15.38977566411921, "car_v_std": 9.312345051564359}, "datetime": {"datetime": "2024-08-08 17:30:09", "elapsed": 394.2117, "delta": 0.660202}}
{"target": -0.35598552294987007, "params": {"bus_acc": 2.8918598074400523, "bus_dcc": 2.268525439115839, "bus_lcAssertive": 11.172899823542268, "bus_lcCooperative": 0.772580266631544, "bus_lcLookaheadLeft": 15.446188342011318, "bus_lcPushy": 0.424292374325812, "bus_lcSigma": 0.2719561124527795, "bus_lcSpeedGainRight": 1.5050397153995316, "bus_lcSublane": 0.6724207725864325, "bus_sigma": 0.5177867238134145, "bus_tau_mean": 1.165304676679792, "bus_tau_std": 4.691344398333771, "bus_v_mean": 13.432653900740856, "bus_v_std": 14.089943964962522, "car_acc": 1.904380809730196, "car_dcc": 3.534964412075036, "car_lcAssertive": 53.0967368242714, "car_lcCooperative": 0.5006195729230891, "car_lcLookaheadLeft": 26.861209074992658, "car_lcPushy": 0.18615566973666398, "car_lcSigma": 0.4718190627375968, "car_lcSpeedGainRight": 4.909122089126287, "car_lcSublane": 0.13290623766182708, "car_sigma": 0.28346243242805713, "car_tau_mean": 3.3022441099920963, "car_tau_std": 6.647768985107549, "car_v_mean": 12.460134539094993, "car_v_std": 6.292952135502237}, "datetime": {"datetime": "2024-08-08 17:30:12", "elapsed": 397.361794, "delta": 3.150094}}
