{"target": -0.05319106457209329, "params": {"bus_acc": 2.65, "bus_dcc": 1.72, "bus_lcAssertive": 65.71, "bus_lcCooperative": 0.96, "bus_lcLookaheadLeft": 56.27, "bus_lcPushy": 0.28, "bus_lcSublane": 0.41, "bus_max_v": 11.08, "bus_tau_mean": 3.93, "bus_tau_std": 5.55, "car_acc": 1.81, "car_dcc": 1.86, "car_lcAssertive": 29.19, "car_lcCooperative": 0.56, "car_lcLookaheadLeft": 21.52, "car_lcPushy": 0.41, "car_lcSublane": 0.03, "car_max_v": 25.69, "car_tau_mean": 2.38, "car_tau_std": 3.6}, "datetime": {"datetime": "2024-08-04 12:26:48", "elapsed": 3082.86554, "delta": 5.945206}}
{"target": -0.03996360515434974, "params": {"bus_acc": 1.13, "bus_dcc": 3.09, "bus_lcAssertive": 67.82, "bus_lcCooperative": 0.9, "bus_lcLookaheadLeft": 48.05, "bus_lcPushy": 0.81, "bus_lcSublane": 0.41, "bus_max_v": 26.56, "bus_tau_mean": 2.04, "bus_tau_std": 7.54, "car_acc": 1.43, "car_dcc": 2.37, "car_lcAssertive": 86.43, "car_lcCooperative": 0.15, "car_lcLookaheadLeft": 23.54, "car_lcPushy": 0.52, "car_lcSublane": 0.44, "car_max_v": 24.62, "car_tau_mean": 1.76, "car_tau_std": 2.49}, "datetime": {"datetime": "2024-08-04 12:26:59", "elapsed": 3093.296349, "delta": 10.430809}}
{"target": -0.05291471930452519, "params": {"bus_acc": 2.65, "bus_dcc": 2.23, "bus_lcAssertive": 15.01, "bus_lcCooperative": 0.87, "bus_lcLookaheadLeft": 2.11, "bus_lcPushy": 0.1, "bus_lcSublane": 0.52, "bus_max_v": 14.57, "bus_tau_mean": 1.65, "bus_tau_std": 6.43, "car_acc": 2.77, "car_dcc": 3.9, "car_lcAssertive": 47.83, "car_lcCooperative": 0.01, "car_lcLookaheadLeft": 80.64, "car_lcPushy": 0.18, "car_lcSublane": 0.1, "car_max_v": 16.05, "car_tau_mean": 2.6, "car_tau_std": 5.22}, "datetime": {"datetime": "2024-08-04 12:27:07", "elapsed": 3101.606512, "delta": 8.310163}}
{"target": -0.0461161100301662, "params": {"bus_acc": 1.42, "bus_dcc": 2.87, "bus_lcAssertive": 24.24, "bus_lcCooperative": 0.1, "bus_lcLookaheadLeft": 31.69, "bus_lcPushy": 0.7, "bus_lcSublane": 0.95, "bus_max_v": 20.93, "bus_tau_mean": 3.23, "bus_tau_std": 2.66, "car_acc": 2.59, "car_dcc": 3.98, "car_lcAssertive": 35.17, "car_lcCooperative": 0.34, "car_lcLookaheadLeft": 49.6, "car_lcPushy": 0.0, "car_lcSublane": 0.12, "car_max_v": 10.39, "car_tau_mean": 3.72, "car_tau_std": 6.93}, "datetime": {"datetime": "2024-08-04 12:27:21", "elapsed": 3115.782568, "delta": 14.176056}}
{"target": -0.04722482714629698, "params": {"bus_acc": 1.87, "bus_dcc": 1.98, "bus_lcAssertive": 68.33, "bus_lcCooperative": 0.52, "bus_lcLookaheadLeft": 7.0, "bus_lcPushy": 0.29, "bus_lcSublane": 0.85, "bus_max_v": 11.09, "bus_tau_mean": 3.76, "bus_tau_std": 7.24, "car_acc": 2.15, "car_dcc": 3.94, "car_lcAssertive": 84.59, "car_lcCooperative": 0.09, "car_lcLookaheadLeft": 53.06, "car_lcPushy": 0.8, "car_lcSublane": 0.13, "car_max_v": 8.19, "car_tau_mean": 0.92, "car_tau_std": 4.17}, "datetime": {"datetime": "2024-08-04 12:27:34", "elapsed": 3128.384321, "delta": 12.601753}}
{"target": -0.05394296862548558, "params": {"bus_acc": 2.68, "bus_dcc": 2.64, "bus_lcAssertive": 83.05, "bus_lcCooperative": 0.92, "bus_lcLookaheadLeft": 25.5, "bus_lcPushy": 0.97, "bus_lcSublane": 0.12, "bus_max_v": 19.38, "bus_tau_mean": 3.05, "bus_tau_std": 6.23, "car_acc": 1.69, "car_dcc": 2.83, "car_lcAssertive": 25.96, "car_lcCooperative": 0.41, "car_lcLookaheadLeft": 40.92, "car_lcPushy": 0.08, "car_lcSublane": 0.94, "car_max_v": 25.65, "car_tau_mean": 1.09, "car_tau_std": 8.3}, "datetime": {"datetime": "2024-08-04 12:27:37", "elapsed": 3131.428426, "delta": 3.044105}}
{"target": -0.055013900429856356, "params": {"bus_acc": 1.84, "bus_dcc": 3.31, "bus_lcAssertive": 16.28, "bus_lcCooperative": 0.59, "bus_lcLookaheadLeft": 22.22, "bus_lcPushy": 0.31, "bus_lcSublane": 0.7, "bus_max_v": 16.57, "bus_tau_mean": 1.53, "bus_tau_std": 7.26, "car_acc": 2.17, "car_dcc": 2.36, "car_lcAssertive": 81.25, "car_lcCooperative": 0.27, "car_lcLookaheadLeft": 40.28, "car_lcPushy": 0.85, "car_lcSublane": 0.72, "car_max_v": 17.86, "car_tau_mean": 2.94, "car_tau_std": 6.24}, "datetime": {"datetime": "2024-08-04 12:27:39", "elapsed": 3133.677883, "delta": 2.249457}}
{"target": -0.05102277145373644, "params": {"bus_acc": 2.76, "bus_dcc": 3.52, "bus_lcAssertive": 14.12, "bus_lcCooperative": 0.88, "bus_lcLookaheadLeft": 46.11, "bus_lcPushy": 0.44, "bus_lcSublane": 0.5, "bus_max_v": 12.25, "bus_tau_mean": 2.1, "bus_tau_std": 4.14, "car_acc": 2.52, "car_dcc": 3.28, "car_lcAssertive": 73.62, "car_lcCooperative": 0.12, "car_lcLookaheadLeft": 60.41, "car_lcPushy": 0.27, "car_lcSublane": 0.26, "car_max_v": 18.59, "car_tau_mean": 3.64, "car_tau_std": 8.25}, "datetime": {"datetime": "2024-08-04 12:27:49", "elapsed": 3144.105579, "delta": 10.427696}}
{"target": -0.04527151334840179, "params": {"bus_acc": 2.5, "bus_dcc": 2.7, "bus_lcAssertive": 20.21, "bus_lcCooperative": 0.65, "bus_lcLookaheadLeft": 84.17, "bus_lcPushy": 0.38, "bus_lcSublane": 0.28, "bus_max_v": 16.23, "bus_tau_mean": 1.27, "bus_tau_std": 6.68, "car_acc": 1.51, "car_dcc": 2.63, "car_lcAssertive": 12.15, "car_lcCooperative": 0.76, "car_lcLookaheadLeft": 5.86, "car_lcPushy": 0.76, "car_lcSublane": 0.69, "car_max_v": 22.71, "car_tau_mean": 2.63, "car_tau_std": 0.17}, "datetime": {"datetime": "2024-08-04 12:27:57", "elapsed": 3151.773296, "delta": 7.667717}}
{"target": -0.0536499872309463, "params": {"bus_acc": 1.97, "bus_dcc": 3.55, "bus_lcAssertive": 82.54, "bus_lcCooperative": 0.61, "bus_lcLookaheadLeft": 21.17, "bus_lcPushy": 0.79, "bus_lcSublane": 0.97, "bus_max_v": 11.27, "bus_tau_mean": 3.33, "bus_tau_std": 8.26, "car_acc": 1.97, "car_dcc": 1.6, "car_lcAssertive": 91.0, "car_lcCooperative": 0.31, "car_lcLookaheadLeft": 10.05, "car_lcPushy": 0.16, "car_lcSublane": 0.79, "car_max_v": 16.04, "car_tau_mean": 0.61, "car_tau_std": 8.29}, "datetime": {"datetime": "2024-08-04 12:28:09", "elapsed": 3163.474457, "delta": 11.701161}}
{"target": -0.04974953631205122, "params": {"bus_acc": 1.2, "bus_dcc": 2.54, "bus_lcAssertive": 30.6, "bus_lcCooperative": 0.45, "bus_lcLookaheadLeft": 8.46, "bus_lcPushy": 0.18, "bus_lcSublane": 0.59, "bus_max_v": 29.71, "bus_tau_mean": 3.05, "bus_tau_std": 6.69, "car_acc": 2.55, "car_dcc": 1.05, "car_lcAssertive": 39.74, "car_lcCooperative": 0.87, "car_lcLookaheadLeft": 58.28, "car_lcPushy": 0.65, "car_lcSublane": 0.3, "car_max_v": 8.74, "car_tau_mean": 0.87, "car_tau_std": 7.18}, "datetime": {"datetime": "2024-08-04 12:28:13", "elapsed": 3167.578478, "delta": 4.104021}}
{"target": -0.04607892637059499, "params": {"bus_acc": 2.68, "bus_dcc": 3.67, "bus_lcAssertive": 51.04, "bus_lcCooperative": 0.66, "bus_lcLookaheadLeft": 98.7, "bus_lcPushy": 0.54, "bus_lcSublane": 0.11, "bus_max_v": 24.69, "bus_tau_mean": 1.35, "bus_tau_std": 9.44, "car_acc": 1.18, "car_dcc": 1.05, "car_lcAssertive": 14.23, "car_lcCooperative": 0.53, "car_lcLookaheadLeft": 96.53, "car_lcPushy": 0.22, "car_lcSublane": 0.68, "car_max_v": 26.7, "car_tau_mean": 1.94, "car_tau_std": 5.98}, "datetime": {"datetime": "2024-08-04 12:28:30", "elapsed": 3184.967495, "delta": 17.389017}}
{"target": -0.04098409617109997, "params": {"bus_acc": 2.43, "bus_dcc": 3.03, "bus_lcAssertive": 75.62, "bus_lcCooperative": 0.1, "bus_lcLookaheadLeft": 98.93, "bus_lcPushy": 0.12, "bus_lcSublane": 0.16, "bus_max_v": 18.95, "bus_tau_mean": 2.5, "bus_tau_std": 1.97, "car_acc": 2.86, "car_dcc": 1.38, "car_lcAssertive": 60.14, "car_lcCooperative": 0.56, "car_lcLookaheadLeft": 44.89, "car_lcPushy": 0.84, "car_lcSublane": 0.18, "car_max_v": 17.19, "car_tau_mean": 1.99, "car_tau_std": 1.23}, "datetime": {"datetime": "2024-08-04 12:28:58", "elapsed": 3212.39347, "delta": 27.425975}}
{"target": -0.042248089152255815, "params": {"bus_acc": 1.34, "bus_dcc": 2.02, "bus_lcAssertive": 64.59, "bus_lcCooperative": 0.69, "bus_lcLookaheadLeft": 98.42, "bus_lcPushy": 0.52, "bus_lcSublane": 0.23, "bus_max_v": 24.21, "bus_tau_mean": 3.34, "bus_tau_std": 6.48, "car_acc": 1.55, "car_dcc": 1.88, "car_lcAssertive": 92.63, "car_lcCooperative": 0.39, "car_lcLookaheadLeft": 77.07, "car_lcPushy": 0.96, "car_lcSublane": 0.39, "car_max_v": 27.54, "car_tau_mean": 2.29, "car_tau_std": 2.32}, "datetime": {"datetime": "2024-08-04 12:29:10", "elapsed": 3224.520301, "delta": 12.126831}}
{"target": -0.04009150708192196, "params": {"bus_acc": 1.03, "bus_dcc": 2.56, "bus_lcAssertive": 16.46, "bus_lcCooperative": 0.05, "bus_lcLookaheadLeft": 33.91, "bus_lcPushy": 0.02, "bus_lcSublane": 0.2, "bus_max_v": 11.35, "bus_tau_mean": 2.83, "bus_tau_std": 0.89, "car_acc": 1.13, "car_dcc": 3.03, "car_lcAssertive": 43.17, "car_lcCooperative": 0.61, "car_lcLookaheadLeft": 28.95, "car_lcPushy": 0.42, "car_lcSublane": 0.6, "car_max_v": 13.71, "car_tau_mean": 0.97, "car_tau_std": 7.48}, "datetime": {"datetime": "2024-08-04 12:29:20", "elapsed": 3235.070716, "delta": 10.550415}}
{"target": -0.046362501241531316, "params": {"bus_acc": 1.25, "bus_dcc": 1.86, "bus_lcAssertive": 17.15, "bus_lcCooperative": 0.81, "bus_lcLookaheadLeft": 38.82, "bus_lcPushy": 0.58, "bus_lcSublane": 0.72, "bus_max_v": 12.6, "bus_tau_mean": 1.88, "bus_tau_std": 8.64, "car_acc": 1.77, "car_dcc": 2.38, "car_lcAssertive": 32.69, "car_lcCooperative": 0.94, "car_lcLookaheadLeft": 49.94, "car_lcPushy": 0.68, "car_lcSublane": 0.75, "car_max_v": 18.52, "car_tau_mean": 1.06, "car_tau_std": 4.47}, "datetime": {"datetime": "2024-08-04 12:29:23", "elapsed": 3238.003195, "delta": 2.932479}}
{"target": -0.05636788675446633, "params": {"bus_acc": 2.1, "bus_dcc": 3.47, "bus_lcAssertive": 63.54, "bus_lcCooperative": 0.94, "bus_lcLookaheadLeft": 85.12, "bus_lcPushy": 0.07, "bus_lcSublane": 0.77, "bus_max_v": 17.67, "bus_tau_mean": 2.04, "bus_tau_std": 5.04, "car_acc": 1.88, "car_dcc": 2.79, "car_lcAssertive": 52.96, "car_lcCooperative": 0.88, "car_lcLookaheadLeft": 61.16, "car_lcPushy": 0.3, "car_lcSublane": 0.84, "car_max_v": 27.1, "car_tau_mean": 1.42, "car_tau_std": 7.71}, "datetime": {"datetime": "2024-08-04 12:29:37", "elapsed": 3251.191516, "delta": 13.188321}}
{"target": -0.05434682026024499, "params": {"bus_acc": 2.68, "bus_dcc": 2.41, "bus_lcAssertive": 77.67, "bus_lcCooperative": 0.5, "bus_lcLookaheadLeft": 85.59, "bus_lcPushy": 0.12, "bus_lcSublane": 0.04, "bus_max_v": 26.24, "bus_tau_mean": 1.62, "bus_tau_std": 8.44, "car_acc": 2.97, "car_dcc": 1.47, "car_lcAssertive": 81.29, "car_lcCooperative": 0.58, "car_lcLookaheadLeft": 60.93, "car_lcPushy": 0.72, "car_lcSublane": 0.42, "car_max_v": 17.53, "car_tau_mean": 3.55, "car_tau_std": 7.54}, "datetime": {"datetime": "2024-08-04 12:29:40", "elapsed": 3254.267568, "delta": 3.076052}}
{"target": -0.05779279350244427, "params": {"bus_acc": 2.2, "bus_dcc": 3.33, "bus_lcAssertive": 33.19, "bus_lcCooperative": 0.76, "bus_lcLookaheadLeft": 84.01, "bus_lcPushy": 0.6, "bus_lcSublane": 0.78, "bus_max_v": 22.44, "bus_tau_mean": 2.23, "bus_tau_std": 0.34, "car_acc": 2.5, "car_dcc": 3.02, "car_lcAssertive": 36.81, "car_lcCooperative": 0.22, "car_lcLookaheadLeft": 21.93, "car_lcPushy": 0.93, "car_lcSublane": 0.41, "car_max_v": 19.77, "car_tau_mean": 2.23, "car_tau_std": 4.36}, "datetime": {"datetime": "2024-08-04 12:29:42", "elapsed": 3257.010982, "delta": 2.743414}}
{"target": -0.06533086673551482, "params": {"bus_acc": 2.49, "bus_dcc": 2.48, "bus_lcAssertive": 13.15, "bus_lcCooperative": 0.72, "bus_lcLookaheadLeft": 78.04, "bus_lcPushy": 0.61, "bus_lcSublane": 0.36, "bus_max_v": 9.45, "bus_tau_mean": 0.52, "bus_tau_std": 0.75, "car_acc": 2.79, "car_dcc": 2.87, "car_lcAssertive": 44.87, "car_lcCooperative": 0.96, "car_lcLookaheadLeft": 56.96, "car_lcPushy": 1.0, "car_lcSublane": 0.58, "car_max_v": 26.87, "car_tau_mean": 1.01, "car_tau_std": 0.77}, "datetime": {"datetime": "2024-08-04 12:29:45", "elapsed": 3259.974277, "delta": 2.963295}}
{"target": -0.05208770557411247, "params": {"bus_acc": 1.47, "bus_dcc": 1.72, "bus_lcAssertive": 33.61, "bus_lcCooperative": 0.26, "bus_lcLookaheadLeft": 25.44, "bus_lcPushy": 0.67, "bus_lcSublane": 0.74, "bus_max_v": 19.88, "bus_tau_mean": 1.93, "bus_tau_std": 2.18, "car_acc": 2.33, "car_dcc": 3.67, "car_lcAssertive": 55.79, "car_lcCooperative": 0.37, "car_lcLookaheadLeft": 46.83, "car_lcPushy": 0.48, "car_lcSublane": 0.76, "car_max_v": 14.78, "car_tau_mean": 3.04, "car_tau_std": 2.69}, "datetime": {"datetime": "2024-08-04 12:29:49", "elapsed": 3263.860794, "delta": 3.886517}}
{"target": -0.05053740835161083, "params": {"bus_acc": 1.32, "bus_dcc": 1.6, "bus_lcAssertive": 18.22, "bus_lcCooperative": 0.39, "bus_lcLookaheadLeft": 41.67, "bus_lcPushy": 0.11, "bus_lcSublane": 0.01, "bus_max_v": 11.21, "bus_tau_mean": 1.32, "bus_tau_std": 1.71, "car_acc": 2.23, "car_dcc": 1.23, "car_lcAssertive": 46.93, "car_lcCooperative": 0.7, "car_lcLookaheadLeft": 89.53, "car_lcPushy": 0.59, "car_lcSublane": 0.17, "car_max_v": 28.61, "car_tau_mean": 3.07, "car_tau_std": 6.62}, "datetime": {"datetime": "2024-08-04 12:29:52", "elapsed": 3266.847785, "delta": 2.986991}}
{"target": -0.047945401303724405, "params": {"bus_acc": 2.0, "bus_dcc": 1.38, "bus_lcAssertive": 87.74, "bus_lcCooperative": 0.99, "bus_lcLookaheadLeft": 93.77, "bus_lcPushy": 0.09, "bus_lcSublane": 0.6, "bus_max_v": 27.1, "bus_tau_mean": 2.67, "bus_tau_std": 4.7, "car_acc": 1.94, "car_dcc": 2.39, "car_lcAssertive": 14.54, "car_lcCooperative": 0.32, "car_lcLookaheadLeft": 50.38, "car_lcPushy": 0.37, "car_lcSublane": 0.52, "car_max_v": 12.9, "car_tau_mean": 3.34, "car_tau_std": 1.76}, "datetime": {"datetime": "2024-08-04 12:30:00", "elapsed": 3274.194007, "delta": 7.346222}}
{"target": -0.038600470877656855, "params": {"bus_acc": 2.63, "bus_dcc": 2.15, "bus_lcAssertive": 48.35, "bus_lcCooperative": 0.26, "bus_lcLookaheadLeft": 11.31, "bus_lcPushy": 0.32, "bus_lcSublane": 0.83, "bus_max_v": 21.7, "bus_tau_mean": 1.09, "bus_tau_std": 9.81, "car_acc": 1.3, "car_dcc": 2.21, "car_lcAssertive": 60.02, "car_lcCooperative": 0.97, "car_lcLookaheadLeft": 32.55, "car_lcPushy": 0.21, "car_lcSublane": 0.16, "car_max_v": 11.16, "car_tau_mean": 3.73, "car_tau_std": 1.59}, "datetime": {"datetime": "2024-08-04 12:30:07", "elapsed": 3281.34345, "delta": 7.149443}}
{"target": -0.055277868147652974, "params": {"bus_acc": 2.45, "bus_dcc": 1.34, "bus_lcAssertive": 2.93, "bus_lcCooperative": 0.58, "bus_lcLookaheadLeft": 6.16, "bus_lcPushy": 0.63, "bus_lcSublane": 0.31, "bus_max_v": 29.2, "bus_tau_mean": 1.74, "bus_tau_std": 3.29, "car_acc": 2.72, "car_dcc": 1.25, "car_lcAssertive": 57.9, "car_lcCooperative": 0.59, "car_lcLookaheadLeft": 41.36, "car_lcPushy": 0.78, "car_lcSublane": 0.62, "car_max_v": 18.98, "car_tau_mean": 1.6, "car_tau_std": 7.51}, "datetime": {"datetime": "2024-08-04 12:30:24", "elapsed": 3298.70708, "delta": 17.36363}}
{"target": -0.05450194992271729, "params": {"bus_acc": 1.56, "bus_dcc": 3.11, "bus_lcAssertive": 65.05, "bus_lcCooperative": 0.5, "bus_lcLookaheadLeft": 39.01, "bus_lcPushy": 0.9, "bus_lcSublane": 0.2, "bus_max_v": 25.57, "bus_tau_mean": 3.43, "bus_tau_std": 9.08, "car_acc": 2.55, "car_dcc": 2.03, "car_lcAssertive": 94.44, "car_lcCooperative": 0.01, "car_lcLookaheadLeft": 46.69, "car_lcPushy": 0.95, "car_lcSublane": 0.07, "car_max_v": 18.65, "car_tau_mean": 3.88, "car_tau_std": 2.44}, "datetime": {"datetime": "2024-08-04 12:30:38", "elapsed": 3312.2958, "delta": 13.58872}}
{"target": -0.045161972926083364, "params": {"bus_acc": 1.01, "bus_dcc": 1.92, "bus_lcAssertive": 56.45, "bus_lcCooperative": 0.5, "bus_lcLookaheadLeft": 92.98, "bus_lcPushy": 0.77, "bus_lcSublane": 0.52, "bus_max_v": 18.73, "bus_tau_mean": 1.5, "bus_tau_std": 4.73, "car_acc": 1.51, "car_dcc": 3.5, "car_lcAssertive": 20.08, "car_lcCooperative": 0.39, "car_lcLookaheadLeft": 35.75, "car_lcPushy": 0.0, "car_lcSublane": 0.87, "car_max_v": 21.54, "car_tau_mean": 2.26, "car_tau_std": 3.31}, "datetime": {"datetime": "2024-08-04 12:30:41", "elapsed": 3315.571182, "delta": 3.275382}}
{"target": -0.048221152967623304, "params": {"bus_acc": 2.25, "bus_dcc": 1.94, "bus_lcAssertive": 96.42, "bus_lcCooperative": 0.58, "bus_lcLookaheadLeft": 71.25, "bus_lcPushy": 1.0, "bus_lcSublane": 0.06, "bus_max_v": 13.76, "bus_tau_mean": 1.3, "bus_tau_std": 8.89, "car_acc": 1.94, "car_dcc": 3.14, "car_lcAssertive": 84.4, "car_lcCooperative": 0.77, "car_lcLookaheadLeft": 33.07, "car_lcPushy": 0.13, "car_lcSublane": 0.6, "car_max_v": 8.63, "car_tau_mean": 3.18, "car_tau_std": 3.03}, "datetime": {"datetime": "2024-08-04 12:30:47", "elapsed": 3321.743486, "delta": 6.172304}}
{"target": -0.04878061028980124, "params": {"bus_acc": 1.76, "bus_dcc": 1.3, "bus_lcAssertive": 17.54, "bus_lcCooperative": 0.7, "bus_lcLookaheadLeft": 97.4, "bus_lcPushy": 0.94, "bus_lcSublane": 0.88, "bus_max_v": 27.88, "bus_tau_mean": 0.98, "bus_tau_std": 0.1, "car_acc": 1.23, "car_dcc": 1.08, "car_lcAssertive": 10.77, "car_lcCooperative": 0.37, "car_lcLookaheadLeft": 67.5, "car_lcPushy": 0.42, "car_lcSublane": 0.84, "car_max_v": 25.41, "car_tau_mean": 1.9, "car_tau_std": 7.33}, "datetime": {"datetime": "2024-08-04 12:31:01", "elapsed": 3335.839527, "delta": 14.096041}}
{"target": -0.052553277691637146, "params": {"bus_acc": 2.85, "bus_dcc": 1.05, "bus_lcAssertive": 35.63, "bus_lcCooperative": 0.01, "bus_lcLookaheadLeft": 13.78, "bus_lcPushy": 0.63, "bus_lcSublane": 0.06, "bus_max_v": 8.62, "bus_tau_mean": 3.84, "bus_tau_std": 3.98, "car_acc": 1.8, "car_dcc": 1.29, "car_lcAssertive": 10.37, "car_lcCooperative": 0.5, "car_lcLookaheadLeft": 10.64, "car_lcPushy": 0.98, "car_lcSublane": 0.61, "car_max_v": 16.76, "car_tau_mean": 1.65, "car_tau_std": 5.19}, "datetime": {"datetime": "2024-08-04 12:31:04", "elapsed": 3338.8069, "delta": 2.967373}}
{"target": -0.03973799379205857, "params": {"bus_acc": 2.43, "bus_dcc": 2.12, "bus_lcAssertive": 59.18, "bus_lcCooperative": 0.68, "bus_lcLookaheadLeft": 73.07, "bus_lcPushy": 0.91, "bus_lcSublane": 0.95, "bus_max_v": 27.63, "bus_tau_mean": 3.6, "bus_tau_std": 5.18, "car_acc": 1.09, "car_dcc": 1.99, "car_lcAssertive": 31.48, "car_lcCooperative": 0.59, "car_lcLookaheadLeft": 72.77, "car_lcPushy": 0.7, "car_lcSublane": 0.19, "car_max_v": 12.37, "car_tau_mean": 0.94, "car_tau_std": 3.4}, "datetime": {"datetime": "2024-08-04 12:31:21", "elapsed": 3355.397857, "delta": 16.590957}}
{"target": -0.04575807689666831, "params": {"bus_acc": 2.25, "bus_dcc": 3.71, "bus_lcAssertive": 39.51, "bus_lcCooperative": 0.01, "bus_lcLookaheadLeft": 28.46, "bus_lcPushy": 0.18, "bus_lcSublane": 0.15, "bus_max_v": 17.33, "bus_tau_mean": 3.62, "bus_tau_std": 1.48, "car_acc": 2.94, "car_dcc": 1.58, "car_lcAssertive": 1.26, "car_lcCooperative": 0.56, "car_lcLookaheadLeft": 35.74, "car_lcPushy": 0.81, "car_lcSublane": 0.28, "car_max_v": 12.04, "car_tau_mean": 2.71, "car_tau_std": 3.23}, "datetime": {"datetime": "2024-08-04 12:31:24", "elapsed": 3358.17583, "delta": 2.777973}}
{"target": -0.04483156236875522, "params": {"bus_acc": 1.08, "bus_dcc": 3.06, "bus_lcAssertive": 20.43, "bus_lcCooperative": 0.53, "bus_lcLookaheadLeft": 90.51, "bus_lcPushy": 0.04, "bus_lcSublane": 0.9, "bus_max_v": 26.73, "bus_tau_mean": 2.53, "bus_tau_std": 8.05, "car_acc": 1.44, "car_dcc": 3.94, "car_lcAssertive": 35.71, "car_lcCooperative": 0.02, "car_lcLookaheadLeft": 86.8, "car_lcPushy": 0.5, "car_lcSublane": 0.4, "car_max_v": 22.67, "car_tau_mean": 1.68, "car_tau_std": 7.02}, "datetime": {"datetime": "2024-08-04 12:31:27", "elapsed": 3361.581314, "delta": 3.405484}}
{"target": -0.048197025374290194, "params": {"bus_acc": 1.83, "bus_dcc": 2.41, "bus_lcAssertive": 97.06, "bus_lcCooperative": 0.3, "bus_lcLookaheadLeft": 71.44, "bus_lcPushy": 0.42, "bus_lcSublane": 0.33, "bus_max_v": 20.65, "bus_tau_mean": 2.41, "bus_tau_std": 6.09, "car_acc": 2.84, "car_dcc": 2.87, "car_lcAssertive": 23.09, "car_lcCooperative": 0.47, "car_lcLookaheadLeft": 19.46, "car_lcPushy": 0.33, "car_lcSublane": 0.16, "car_max_v": 11.12, "car_tau_mean": 0.52, "car_tau_std": 5.96}, "datetime": {"datetime": "2024-08-04 12:31:30", "elapsed": 3364.592393, "delta": 3.011079}}
{"target": -0.04620944634737, "params": {"bus_acc": 1.65, "bus_dcc": 1.67, "bus_lcAssertive": 7.21, "bus_lcCooperative": 0.91, "bus_lcLookaheadLeft": 24.65, "bus_lcPushy": 0.27, "bus_lcSublane": 0.2, "bus_max_v": 25.77, "bus_tau_mean": 1.42, "bus_tau_std": 5.0, "car_acc": 2.96, "car_dcc": 1.26, "car_lcAssertive": 23.48, "car_lcCooperative": 0.18, "car_lcLookaheadLeft": 25.01, "car_lcPushy": 0.36, "car_lcSublane": 0.12, "car_max_v": 10.96, "car_tau_mean": 2.6, "car_tau_std": 0.37}, "datetime": {"datetime": "2024-08-04 12:31:34", "elapsed": 3368.750763, "delta": 4.15837}}
{"target": -0.039714661477087944, "params": {"bus_acc": 2.22, "bus_dcc": 3.01, "bus_lcAssertive": 78.6, "bus_lcCooperative": 0.89, "bus_lcLookaheadLeft": 85.18, "bus_lcPushy": 0.35, "bus_lcSublane": 0.08, "bus_max_v": 24.81, "bus_tau_mean": 3.93, "bus_tau_std": 0.83, "car_acc": 1.15, "car_dcc": 1.8, "car_lcAssertive": 1.42, "car_lcCooperative": 0.66, "car_lcLookaheadLeft": 94.41, "car_lcPushy": 0.9, "car_lcSublane": 0.6, "car_max_v": 27.73, "car_tau_mean": 1.63, "car_tau_std": 4.14}, "datetime": {"datetime": "2024-08-04 12:31:40", "elapsed": 3374.749771, "delta": 5.999008}}
{"target": -0.050020303434512046, "params": {"bus_acc": 1.8, "bus_dcc": 3.72, "bus_lcAssertive": 91.84, "bus_lcCooperative": 0.57, "bus_lcLookaheadLeft": 6.6, "bus_lcPushy": 0.81, "bus_lcSublane": 0.75, "bus_max_v": 27.68, "bus_tau_mean": 0.78, "bus_tau_std": 5.85, "car_acc": 2.39, "car_dcc": 1.97, "car_lcAssertive": 12.26, "car_lcCooperative": 0.28, "car_lcLookaheadLeft": 14.74, "car_lcPushy": 0.66, "car_lcSublane": 0.75, "car_max_v": 13.38, "car_tau_mean": 1.75, "car_tau_std": 2.06}, "datetime": {"datetime": "2024-08-04 12:31:48", "elapsed": 3382.119593, "delta": 7.369822}}
