{"target": -0.39272934008606125, "params": {"bus_acc": 2.5154, "bus_dcc": 3.8237, "bus_lcAssertive": 14.0091, "bus_lcCooperative": 0.9505, "bus_lcLookaheadLeft": 10.3784, "bus_lcPushy": 0.993, "bus_lcSigma": 0.5927, "bus_lcSpeedGainRight": 2.294, "bus_lcSublane": 0.9777, "bus_sigma": 0.2309, "bus_tau_mean": 1.1748, "bus_tau_std": 3.0095, "bus_v_mean": 20.2676, "bus_v_std": 18.5093, "car_acc": 1.3749, "car_dcc": 3.4917, "car_lcAssertive": 54.7498, "car_lcCooperative": 0.1493, "car_lcLookaheadLeft": 94.6407, "car_lcPushy": 0.9077, "car_lcSigma": 0.6338, "car_lcSpeedGainRight": 3.2747, "car_lcSublane": 0.5015, "car_sigma": 0.3797, "car_tau_mean": 3.7446, "car_tau_std": 5.6301, "car_v_mean": 10.697, "car_v_std": 13.0804}, "datetime": {"datetime": "2024-08-08 11:10:58", "elapsed": 4538.806327, "delta": 4.648286}}
{"target": -0.31351479556268197, "params": {"bus_acc": 1.35, "bus_dcc": 1.8316, "bus_lcAssertive": 97.2672, "bus_lcCooperative": 0.0718, "bus_lcLookaheadLeft": 67.2257, "bus_lcPushy": 0.8261, "bus_lcSigma": 0.8713, "bus_lcSpeedGainRight": 0.8857, "bus_lcSublane": 0.7007, "bus_sigma": 0.7239, "bus_tau_mean": 3.7588, "bus_tau_std": 2.5996, "bus_v_mean": 17.1831, "bus_v_std": 7.2958, "car_acc": 1.9365, "car_dcc": 1.4693, "car_lcAssertive": 41.0344, "car_lcCooperative": 0.195, "car_lcLookaheadLeft": 28.8731, "car_lcPushy": 0.2391, "car_lcSigma": 0.3962, "car_lcSpeedGainRight": 1.3596, "car_lcSublane": 0.6474, "car_sigma": 0.9622, "car_tau_mean": 2.6434, "car_tau_std": 1.1451, "car_v_mean": 9.1477, "car_v_std": 18.6425}, "datetime": {"datetime": "2024-08-08 11:11:04", "elapsed": 4544.551842, "delta": 5.745515}}
{"target": -0.3507230955393178, "params": {"bus_acc": 2.4061, "bus_dcc": 2.1617, "bus_lcAssertive": 25.7626, "bus_lcCooperative": 0.396, "bus_lcLookaheadLeft": 50.4566, "bus_lcPushy": 0.6763, "bus_lcSigma": 0.371, "bus_lcSpeedGainRight": 2.9285, "bus_lcSublane": 0.1935, "bus_sigma": 0.2617, "bus_tau_mean": 2.3856, "bus_tau_std": 3.887, "bus_v_mean": 19.9578, "bus_v_std": 6.8359, "car_acc": 1.6537, "car_dcc": 1.9568, "car_lcAssertive": 12.2714, "car_lcCooperative": 0.6543, "car_lcLookaheadLeft": 12.147, "car_lcPushy": 0.3522, "car_lcSigma": 0.1508, "car_lcSpeedGainRight": 4.4357, "car_lcSublane": 0.9808, "car_sigma": 0.044, "car_tau_mean": 3.3001, "car_tau_std": 4.6063, "car_v_mean": 18.0945, "car_v_std": 5.0256}, "datetime": {"datetime": "2024-08-08 11:11:06", "elapsed": 4546.588318, "delta": 2.036476}}
{"target": -0.30358063456203066, "params": {"bus_acc": 2.9726, "bus_dcc": 2.6528, "bus_lcAssertive": 26.4401, "bus_lcCooperative": 0.7514, "bus_lcLookaheadLeft": 73.0171, "bus_lcPushy": 0.1789, "bus_lcSigma": 0.8129, "bus_lcSpeedGainRight": 0.6793, "bus_lcSublane": 0.2082, "bus_sigma": 0.0512, "bus_tau_mean": 1.7528, "bus_tau_std": 4.0636, "bus_v_mean": 12.2202, "bus_v_std": 3.244, "car_acc": 2.9536, "car_dcc": 1.1456, "car_lcAssertive": 74.2683, "car_lcCooperative": 0.5715, "car_lcLookaheadLeft": 26.4248, "car_lcPushy": 0.5111, "car_lcSigma": 0.1022, "car_lcSpeedGainRight": 0.1607, "car_lcSublane": 0.7225, "car_sigma": 0.6664, "car_tau_mean": 1.9142, "car_tau_std": 8.8239, "car_v_mean": 16.8764, "car_v_std": 18.296}, "datetime": {"datetime": "2024-08-08 11:11:10", "elapsed": 4550.012391, "delta": 3.424073}}
{"target": -0.34893642075601206, "params": {"bus_acc": 2.7454, "bus_dcc": 1.0053, "bus_lcAssertive": 22.4844, "bus_lcCooperative": 0.3758, "bus_lcLookaheadLeft": 69.2686, "bus_lcPushy": 0.9283, "bus_lcSigma": 0.0154, "bus_lcSpeedGainRight": 3.1613, "bus_lcSublane": 0.1885, "bus_sigma": 0.9776, "bus_tau_mean": 0.551, "bus_tau_std": 3.0274, "bus_v_mean": 15.8337, "bus_v_std": 1.3633, "car_acc": 2.8075, "car_dcc": 3.6085, "car_lcAssertive": 49.4009, "car_lcCooperative": 0.932, "car_lcLookaheadLeft": 80.0956, "car_lcPushy": 0.8049, "car_lcSigma": 0.5297, "car_lcSpeedGainRight": 3.8358, "car_lcSublane": 0.2644, "car_sigma": 0.1566, "car_tau_mean": 1.4832, "car_tau_std": 7.5859, "car_v_mean": 9.6891, "car_v_std": 18.8207}, "datetime": {"datetime": "2024-08-08 11:11:13", "elapsed": 4553.488458, "delta": 3.476067}}
{"target": -0.3402574581646315, "params": {"bus_acc": 2.7926, "bus_dcc": 1.3799, "bus_lcAssertive": 35.6987, "bus_lcCooperative": 0.9076, "bus_lcLookaheadLeft": 27.3863, "bus_lcPushy": 0.6734, "bus_lcSigma": 0.4852, "bus_lcSpeedGainRight": 0.8349, "bus_lcSublane": 0.3189, "bus_sigma": 0.4125, "bus_tau_mean": 2.6549, "bus_tau_std": 6.839, "bus_v_mean": 18.2694, "bus_v_std": 6.127, "car_acc": 1.7337, "car_dcc": 1.6092, "car_lcAssertive": 22.0545, "car_lcCooperative": 0.0919, "car_lcLookaheadLeft": 22.858, "car_lcPushy": 0.6, "car_lcSigma": 0.0821, "car_lcSpeedGainRight": 0.8625, "car_lcSublane": 0.1539, "car_sigma": 0.7646, "car_tau_mean": 2.3302, "car_tau_std": 3.2868, "car_v_mean": 13.1539, "car_v_std": 13.4781}, "datetime": {"datetime": "2024-08-08 11:11:15", "elapsed": 4555.683395, "delta": 2.194937}}
{"target": -0.3371407080000057, "params": {"bus_acc": 2.5136, "bus_dcc": 3.7358, "bus_lcAssertive": 15.0639, "bus_lcCooperative": 0.3511, "bus_lcLookaheadLeft": 49.5982, "bus_lcPushy": 0.651, "bus_lcSigma": 0.8315, "bus_lcSpeedGainRight": 1.7221, "bus_lcSublane": 0.9305, "bus_sigma": 0.1837, "bus_tau_mean": 3.8914, "bus_tau_std": 5.609, "bus_v_mean": 10.4912, "bus_v_std": 17.077, "car_acc": 2.8744, "car_dcc": 3.6636, "car_lcAssertive": 74.3928, "car_lcCooperative": 0.904, "car_lcLookaheadLeft": 35.0369, "car_lcPushy": 0.1968, "car_lcSigma": 0.1655, "car_lcSpeedGainRight": 3.2039, "car_lcSublane": 0.7329, "car_sigma": 0.462, "car_tau_mean": 1.9107, "car_tau_std": 8.5003, "car_v_mean": 11.9981, "car_v_std": 5.1655}, "datetime": {"datetime": "2024-08-08 11:11:22", "elapsed": 4562.945761, "delta": 7.262366}}
{"target": -0.3215544630860024, "params": {"bus_acc": 2.6102, "bus_dcc": 3.3923, "bus_lcAssertive": 41.7202, "bus_lcCooperative": 0.1498, "bus_lcLookaheadLeft": 53.9365, "bus_lcPushy": 0.5858, "bus_lcSigma": 0.6872, "bus_lcSpeedGainRight": 1.339, "bus_lcSublane": 0.4319, "bus_sigma": 0.811, "bus_tau_mean": 3.7908, "bus_tau_std": 1.791, "bus_v_mean": 8.3207, "bus_v_std": 0.4913, "car_acc": 1.9897, "car_dcc": 3.8888, "car_lcAssertive": 23.7295, "car_lcCooperative": 0.0307, "car_lcLookaheadLeft": 17.4408, "car_lcPushy": 0.9037, "car_lcSigma": 0.9359, "car_lcSpeedGainRight": 1.2162, "car_lcSublane": 0.4203, "car_sigma": 0.4686, "car_tau_mean": 2.1105, "car_tau_std": 4.4878, "car_v_mean": 23.884, "car_v_std": 13.8564}, "datetime": {"datetime": "2024-08-08 11:11:30", "elapsed": 4570.586782, "delta": 7.641021}}
{"target": -0.3635435203829026, "params": {"bus_acc": 2.0118, "bus_dcc": 3.1657, "bus_lcAssertive": 46.7208, "bus_lcCooperative": 0.7742, "bus_lcLookaheadLeft": 18.2506, "bus_lcPushy": 0.0662, "bus_lcSigma": 0.0933, "bus_lcSpeedGainRight": 2.7101, "bus_lcSublane": 0.9844, "bus_sigma": 0.0142, "bus_tau_mean": 1.7726, "bus_tau_std": 7.0475, "bus_v_mean": 19.7987, "bus_v_std": 17.5522, "car_acc": 2.326, "car_dcc": 1.9404, "car_lcAssertive": 52.0004, "car_lcCooperative": 0.2368, "car_lcLookaheadLeft": 8.2574, "car_lcPushy": 0.9507, "car_lcSigma": 0.0926, "car_lcSpeedGainRight": 4.3721, "car_lcSublane": 0.518, "car_sigma": 0.1799, "car_tau_mean": 3.1151, "car_tau_std": 2.9108, "car_v_mean": 8.6615, "car_v_std": 17.1462}, "datetime": {"datetime": "2024-08-08 11:11:36", "elapsed": 4576.242088, "delta": 5.655306}}
{"target": -0.36409463076869675, "params": {"bus_acc": 2.6931, "bus_dcc": 1.8484, "bus_lcAssertive": 77.283, "bus_lcCooperative": 0.0963, "bus_lcLookaheadLeft": 83.9888, "bus_lcPushy": 0.2009, "bus_lcSigma": 0.8089, "bus_lcSpeedGainRight": 2.7066, "bus_lcSublane": 0.1771, "bus_sigma": 0.5592, "bus_tau_mean": 2.9639, "bus_tau_std": 9.1232, "bus_v_mean": 10.7084, "bus_v_std": 15.8699, "car_acc": 1.2703, "car_dcc": 2.8947, "car_lcAssertive": 9.0727, "car_lcCooperative": 0.1006, "car_lcLookaheadLeft": 92.8739, "car_lcPushy": 0.1774, "car_lcSigma": 0.4163, "car_lcSpeedGainRight": 4.0856, "car_lcSublane": 0.0829, "car_sigma": 0.5618, "car_tau_mean": 1.2894, "car_tau_std": 5.4741, "car_v_mean": 17.3085, "car_v_std": 12.1191}, "datetime": {"datetime": "2024-08-08 11:11:38", "elapsed": 4578.895725, "delta": 2.653637}}
{"target": -0.4151454718729154, "params": {"bus_acc": 2.1833, "bus_dcc": 3.257, "bus_lcAssertive": 82.8383, "bus_lcCooperative": 0.8554, "bus_lcLookaheadLeft": 76.4454, "bus_lcPushy": 0.3555, "bus_lcSigma": 0.6268, "bus_lcSpeedGainRight": 1.412, "bus_lcSublane": 0.9207, "bus_sigma": 0.3888, "bus_tau_mean": 3.0667, "bus_tau_std": 8.4319, "bus_v_mean": 23.7867, "bus_v_std": 13.9861, "car_acc": 2.4048, "car_dcc": 3.9724, "car_lcAssertive": 20.4819, "car_lcCooperative": 0.7436, "car_lcLookaheadLeft": 28.6735, "car_lcPushy": 0.2826, "car_lcSigma": 0.4213, "car_lcSpeedGainRight": 1.7639, "car_lcSublane": 0.0214, "car_sigma": 0.7856, "car_tau_mean": 1.3588, "car_tau_std": 7.6414, "car_v_mean": 23.7326, "car_v_std": 1.1041}, "datetime": {"datetime": "2024-08-08 11:11:45", "elapsed": 4585.805978, "delta": 6.910253}}
{"target": -0.3800090413300665, "params": {"bus_acc": 2.0518, "bus_dcc": 3.2509, "bus_lcAssertive": 75.6289, "bus_lcCooperative": 0.8637, "bus_lcLookaheadLeft": 54.1125, "bus_lcPushy": 0.3392, "bus_lcSigma": 0.3531, "bus_lcSpeedGainRight": 3.4794, "bus_lcSublane": 0.7143, "bus_sigma": 0.3839, "bus_tau_mean": 2.6739, "bus_tau_std": 7.7846, "bus_v_mean": 13.9661, "bus_v_std": 8.6671, "car_acc": 1.4095, "car_dcc": 2.0006, "car_lcAssertive": 71.6912, "car_lcCooperative": 0.5045, "car_lcLookaheadLeft": 46.8601, "car_lcPushy": 0.7309, "car_lcSigma": 0.6371, "car_lcSpeedGainRight": 3.3351, "car_lcSublane": 0.9311, "car_sigma": 0.027, "car_tau_mean": 2.6048, "car_tau_std": 4.9724, "car_v_mean": 11.5737, "car_v_std": 14.6418}, "datetime": {"datetime": "2024-08-08 11:11:49", "elapsed": 4589.481212, "delta": 3.675234}}
{"target": -0.3712555512433247, "params": {"bus_acc": 2.2599, "bus_dcc": 1.1749, "bus_lcAssertive": 99.9275, "bus_lcCooperative": 0.7758, "bus_lcLookaheadLeft": 17.577, "bus_lcPushy": 0.6497, "bus_lcSigma": 0.8499, "bus_lcSpeedGainRight": 3.7095, "bus_lcSublane": 0.4794, "bus_sigma": 0.064, "bus_tau_mean": 2.8813, "bus_tau_std": 8.9787, "bus_v_mean": 11.3948, "bus_v_std": 6.32, "car_acc": 1.6164, "car_dcc": 2.7022, "car_lcAssertive": 97.6571, "car_lcCooperative": 0.0665, "car_lcLookaheadLeft": 43.8389, "car_lcPushy": 0.4106, "car_lcSigma": 0.0969, "car_lcSpeedGainRight": 2.8467, "car_lcSublane": 0.9596, "car_sigma": 0.8285, "car_tau_mean": 1.3968, "car_tau_std": 2.475, "car_v_mean": 16.6188, "car_v_std": 13.691}, "datetime": {"datetime": "2024-08-08 11:11:52", "elapsed": 4592.698556, "delta": 3.217344}}
{"target": -0.3731746073548002, "params": {"bus_acc": 2.089, "bus_dcc": 3.0684, "bus_lcAssertive": 79.4198, "bus_lcCooperative": 0.6229, "bus_lcLookaheadLeft": 5.0658, "bus_lcPushy": 0.6871, "bus_lcSigma": 0.7944, "bus_lcSpeedGainRight": 1.5558, "bus_lcSublane": 0.7124, "bus_sigma": 0.1427, "bus_tau_mean": 0.555, "bus_tau_std": 3.5435, "bus_v_mean": 11.2829, "bus_v_std": 6.5196, "car_acc": 1.6363, "car_dcc": 1.887, "car_lcAssertive": 59.7907, "car_lcCooperative": 0.072, "car_lcLookaheadLeft": 66.3337, "car_lcPushy": 0.8633, "car_lcSigma": 0.5528, "car_lcSpeedGainRight": 1.4419, "car_lcSublane": 0.766, "car_sigma": 0.2389, "car_tau_mean": 3.3946, "car_tau_std": 7.768, "car_v_mean": 12.5079, "car_v_std": 11.4522}, "datetime": {"datetime": "2024-08-08 11:11:56", "elapsed": 4596.4318, "delta": 3.733244}}
{"target": -0.4235673763686198, "params": {"bus_acc": 1.4932, "bus_dcc": 2.0799, "bus_lcAssertive": 43.0279, "bus_lcCooperative": 0.5216, "bus_lcLookaheadLeft": 18.0395, "bus_lcPushy": 0.8451, "bus_lcSigma": 0.004, "bus_lcSpeedGainRight": 0.2001, "bus_lcSublane": 0.244, "bus_sigma": 0.1581, "bus_tau_mean": 3.3583, "bus_tau_std": 4.0874, "bus_v_mean": 10.2639, "bus_v_std": 15.0859, "car_acc": 1.7407, "car_dcc": 1.4049, "car_lcAssertive": 9.3498, "car_lcCooperative": 0.7697, "car_lcLookaheadLeft": 53.3319, "car_lcPushy": 0.1323, "car_lcSigma": 0.1833, "car_lcSpeedGainRight": 0.1392, "car_lcSublane": 0.922, "car_sigma": 0.9172, "car_tau_mean": 1.4324, "car_tau_std": 8.2647, "car_v_mean": 9.1902, "car_v_std": 3.8212}, "datetime": {"datetime": "2024-08-08 11:12:00", "elapsed": 4600.544485, "delta": 4.112685}}
{"target": -0.35291971660010324, "params": {"bus_acc": 2.1802, "bus_dcc": 2.6121, "bus_lcAssertive": 72.845, "bus_lcCooperative": 0.9485, "bus_lcLookaheadLeft": 88.409, "bus_lcPushy": 0.8211, "bus_lcSigma": 0.735, "bus_lcSpeedGainRight": 2.5595, "bus_lcSublane": 0.4191, "bus_sigma": 0.1341, "bus_tau_mean": 3.3658, "bus_tau_std": 5.0559, "bus_v_mean": 19.7757, "bus_v_std": 13.6226, "car_acc": 1.0849, "car_dcc": 3.5511, "car_lcAssertive": 24.0147, "car_lcCooperative": 0.9694, "car_lcLookaheadLeft": 62.7263, "car_lcPushy": 0.5889, "car_lcSigma": 0.5644, "car_lcSpeedGainRight": 3.1954, "car_lcSublane": 0.747, "car_sigma": 0.5239, "car_tau_mean": 2.8778, "car_tau_std": 8.8921, "car_v_mean": 16.1095, "car_v_std": 15.234}, "datetime": {"datetime": "2024-08-08 11:12:04", "elapsed": 4604.202133, "delta": 3.657648}}
{"target": -0.3584847336602166, "params": {"bus_acc": 2.6473, "bus_dcc": 2.5638, "bus_lcAssertive": 77.8635, "bus_lcCooperative": 0.1972, "bus_lcLookaheadLeft": 46.6028, "bus_lcPushy": 0.4003, "bus_lcSigma": 0.6867, "bus_lcSpeedGainRight": 1.9988, "bus_lcSublane": 0.6927, "bus_sigma": 0.7216, "bus_tau_mean": 3.0176, "bus_tau_std": 9.9093, "bus_v_mean": 12.0951, "bus_v_std": 12.3669, "car_acc": 1.6877, "car_dcc": 3.6276, "car_lcAssertive": 39.357, "car_lcCooperative": 0.3902, "car_lcLookaheadLeft": 26.5755, "car_lcPushy": 0.0617, "car_lcSigma": 0.7972, "car_lcSpeedGainRight": 2.6328, "car_lcSublane": 0.9197, "car_sigma": 0.6638, "car_tau_mean": 2.3168, "car_tau_std": 9.667, "car_v_mean": 17.6763, "car_v_std": 11.7286}, "datetime": {"datetime": "2024-08-08 11:12:08", "elapsed": 4608.219671, "delta": 4.017538}}
{"target": -0.32254650168378374, "params": {"bus_acc": 2.5192, "bus_dcc": 2.6967, "bus_lcAssertive": 37.618, "bus_lcCooperative": 0.879, "bus_lcLookaheadLeft": 98.5891, "bus_lcPushy": 0.9175, "bus_lcSigma": 0.2588, "bus_lcSpeedGainRight": 3.1698, "bus_lcSublane": 0.9721, "bus_sigma": 0.2616, "bus_tau_mean": 3.3778, "bus_tau_std": 1.0297, "bus_v_mean": 18.4478, "bus_v_std": 6.0298, "car_acc": 1.1747, "car_dcc": 1.2044, "car_lcAssertive": 33.2434, "car_lcCooperative": 0.7395, "car_lcLookaheadLeft": 82.3795, "car_lcPushy": 0.7777, "car_lcSigma": 0.3291, "car_lcSpeedGainRight": 2.1759, "car_lcSublane": 0.1639, "car_sigma": 0.6887, "car_tau_mean": 3.3718, "car_tau_std": 3.6248, "car_v_mean": 15.0437, "car_v_std": 5.0971}, "datetime": {"datetime": "2024-08-08 11:12:15", "elapsed": 4615.603258, "delta": 7.383587}}
{"target": -0.36695521227358785, "params": {"bus_acc": 2.6904, "bus_dcc": 3.4548, "bus_lcAssertive": 78.9562, "bus_lcCooperative": 0.3184, "bus_lcLookaheadLeft": 66.2073, "bus_lcPushy": 0.273, "bus_lcSigma": 0.761, "bus_lcSpeedGainRight": 4.6499, "bus_lcSublane": 0.7104, "bus_sigma": 0.7361, "bus_tau_mean": 3.979, "bus_tau_std": 7.5574, "bus_v_mean": 10.2572, "bus_v_std": 18.9371, "car_acc": 1.3948, "car_dcc": 2.6416, "car_lcAssertive": 95.8354, "car_lcCooperative": 0.9589, "car_lcLookaheadLeft": 49.705, "car_lcPushy": 0.1459, "car_lcSigma": 0.3157, "car_lcSpeedGainRight": 4.0475, "car_lcSublane": 0.3445, "car_sigma": 0.9751, "car_tau_mean": 1.9061, "car_tau_std": 6.2525, "car_v_mean": 15.3362, "car_v_std": 9.4795}, "datetime": {"datetime": "2024-08-08 11:12:22", "elapsed": 4622.933779, "delta": 7.330521}}
{"target": -0.39902096661375885, "params": {"bus_acc": 1.0959, "bus_dcc": 3.0706, "bus_lcAssertive": 60.2154, "bus_lcCooperative": 0.5024, "bus_lcLookaheadLeft": 60.3243, "bus_lcPushy": 0.7023, "bus_lcSigma": 0.8522, "bus_lcSpeedGainRight": 1.3875, "bus_lcSublane": 0.294, "bus_sigma": 0.7676, "bus_tau_mean": 2.3243, "bus_tau_std": 4.0648, "bus_v_mean": 9.771, "bus_v_std": 18.2551, "car_acc": 1.2506, "car_dcc": 3.7005, "car_lcAssertive": 56.0929, "car_lcCooperative": 0.9825, "car_lcLookaheadLeft": 92.4483, "car_lcPushy": 0.9303, "car_lcSigma": 0.6343, "car_lcSpeedGainRight": 0.9, "car_lcSublane": 0.7881, "car_sigma": 0.4417, "car_tau_mean": 2.3228, "car_tau_std": 4.3205, "car_v_mean": 18.8667, "car_v_std": 16.6184}, "datetime": {"datetime": "2024-08-08 11:12:32", "elapsed": 4632.641248, "delta": 9.707469}}
{"target": -0.36817367845428906, "params": {"bus_acc": 1.884, "bus_dcc": 2.248, "bus_lcAssertive": 81.8309, "bus_lcCooperative": 0.999, "bus_lcLookaheadLeft": 3.2977, "bus_lcPushy": 0.522, "bus_lcSigma": 0.9735, "bus_lcSpeedGainRight": 0.6779, "bus_lcSublane": 0.5918, "bus_sigma": 0.0757, "bus_tau_mean": 0.7008, "bus_tau_std": 1.5375, "bus_v_mean": 18.3447, "bus_v_std": 11.704, "car_acc": 2.4959, "car_dcc": 3.3061, "car_lcAssertive": 30.3081, "car_lcCooperative": 0.9913, "car_lcLookaheadLeft": 86.6708, "car_lcPushy": 0.1155, "car_lcSigma": 0.4272, "car_lcSpeedGainRight": 0.1542, "car_lcSublane": 0.5324, "car_sigma": 0.005, "car_tau_mean": 3.6688, "car_tau_std": 0.7118, "car_v_mean": 15.1582, "car_v_std": 5.3347}, "datetime": {"datetime": "2024-08-08 11:12:42", "elapsed": 4642.168026, "delta": 9.526778}}
{"target": -0.33363675298110695, "params": {"bus_acc": 2.6187, "bus_dcc": 1.1198, "bus_lcAssertive": 66.9595, "bus_lcCooperative": 0.6513, "bus_lcLookaheadLeft": 45.7767, "bus_lcPushy": 0.2046, "bus_lcSigma": 0.9802, "bus_lcSpeedGainRight": 0.1717, "bus_lcSublane": 0.2265, "bus_sigma": 0.3306, "bus_tau_mean": 2.3451, "bus_tau_std": 1.9194, "bus_v_mean": 11.6551, "bus_v_std": 8.243, "car_acc": 1.7158, "car_dcc": 1.2026, "car_lcAssertive": 39.2034, "car_lcCooperative": 0.0845, "car_lcLookaheadLeft": 97.1352, "car_lcPushy": 0.4062, "car_lcSigma": 0.4589, "car_lcSpeedGainRight": 3.7838, "car_lcSublane": 0.0797, "car_sigma": 0.0471, "car_tau_mean": 1.7005, "car_tau_std": 7.7071, "car_v_mean": 23.724, "car_v_std": 3.5071}, "datetime": {"datetime": "2024-08-08 11:12:52", "elapsed": 4652.599099, "delta": 10.431073}}
{"target": -0.31680266212563246, "params": {"bus_acc": 2.8939, "bus_dcc": 2.0848, "bus_lcAssertive": 92.541, "bus_lcCooperative": 0.1299, "bus_lcLookaheadLeft": 18.2204, "bus_lcPushy": 0.9562, "bus_lcSigma": 0.7708, "bus_lcSpeedGainRight": 3.487, "bus_lcSublane": 0.242, "bus_sigma": 0.5645, "bus_tau_mean": 3.287, "bus_tau_std": 4.2719, "bus_v_mean": 17.4722, "bus_v_std": 3.2355, "car_acc": 1.2624, "car_dcc": 1.0548, "car_lcAssertive": 6.9021, "car_lcCooperative": 0.8059, "car_lcLookaheadLeft": 19.8566, "car_lcPushy": 0.5651, "car_lcSigma": 0.0568, "car_lcSpeedGainRight": 3.7304, "car_lcSublane": 0.6038, "car_sigma": 0.3032, "car_tau_mean": 1.1735, "car_tau_std": 1.2691, "car_v_mean": 9.6752, "car_v_std": 13.4346}, "datetime": {"datetime": "2024-08-08 11:12:56", "elapsed": 4656.745735, "delta": 4.146636}}
{"target": -0.3142646758776203, "params": {"bus_acc": 2.2439, "bus_dcc": 2.5148, "bus_lcAssertive": 28.6514, "bus_lcCooperative": 0.8091, "bus_lcLookaheadLeft": 2.1746, "bus_lcPushy": 0.7155, "bus_lcSigma": 0.1567, "bus_lcSpeedGainRight": 0.5673, "bus_lcSublane": 0.7442, "bus_sigma": 0.7355, "bus_tau_mean": 3.3165, "bus_tau_std": 8.0494, "bus_v_mean": 19.3747, "bus_v_std": 9.0382, "car_acc": 2.4526, "car_dcc": 1.686, "car_lcAssertive": 13.1006, "car_lcCooperative": 0.1209, "car_lcLookaheadLeft": 43.2221, "car_lcPushy": 0.717, "car_lcSigma": 0.6252, "car_lcSpeedGainRight": 3.7023, "car_lcSublane": 0.0128, "car_sigma": 0.3678, "car_tau_mean": 1.7077, "car_tau_std": 0.1679, "car_v_mean": 16.2384, "car_v_std": 18.5018}, "datetime": {"datetime": "2024-08-08 11:13:00", "elapsed": 4660.676976, "delta": 3.931241}}
{"target": -0.37202942569414355, "params": {"bus_acc": 1.2462, "bus_dcc": 2.5098, "bus_lcAssertive": 13.7155, "bus_lcCooperative": 0.4578, "bus_lcLookaheadLeft": 94.562, "bus_lcPushy": 0.9586, "bus_lcSigma": 0.4405, "bus_lcSpeedGainRight": 0.3536, "bus_lcSublane": 0.2351, "bus_sigma": 0.5369, "bus_tau_mean": 0.9698, "bus_tau_std": 3.0774, "bus_v_mean": 16.122, "bus_v_std": 17.4292, "car_acc": 1.7991, "car_dcc": 2.7987, "car_lcAssertive": 24.3694, "car_lcCooperative": 0.3418, "car_lcLookaheadLeft": 51.4056, "car_lcPushy": 0.4894, "car_lcSigma": 0.1225, "car_lcSpeedGainRight": 4.2759, "car_lcSublane": 0.1965, "car_sigma": 0.1422, "car_tau_mean": 2.647, "car_tau_std": 4.8637, "car_v_mean": 22.892, "car_v_std": 13.4729}, "datetime": {"datetime": "2024-08-08 11:13:09", "elapsed": 4669.39191, "delta": 8.714934}}
{"target": -0.35342261625502264, "params": {"bus_acc": 2.0054, "bus_dcc": 1.9326, "bus_lcAssertive": 4.3976, "bus_lcCooperative": 0.7964, "bus_lcLookaheadLeft": 17.3293, "bus_lcPushy": 0.8998, "bus_lcSigma": 0.7815, "bus_lcSpeedGainRight": 1.039, "bus_lcSublane": 0.6492, "bus_sigma": 0.2354, "bus_tau_mean": 2.012, "bus_tau_std": 6.6773, "bus_v_mean": 11.9381, "bus_v_std": 18.3994, "car_acc": 2.8365, "car_dcc": 2.6826, "car_lcAssertive": 28.6161, "car_lcCooperative": 0.4761, "car_lcLookaheadLeft": 62.9075, "car_lcPushy": 0.2781, "car_lcSigma": 0.622, "car_lcSpeedGainRight": 1.6476, "car_lcSublane": 0.5247, "car_sigma": 0.9961, "car_tau_mean": 0.7796, "car_tau_std": 6.6064, "car_v_mean": 13.5045, "car_v_std": 7.4342}, "datetime": {"datetime": "2024-08-08 11:13:20", "elapsed": 4680.668762, "delta": 11.276852}}
