{"target": -0.3574698564385529, "params": {"bus_acc": 2.9512, "bus_dcc": 2.5623, "bus_lcAssertive": 33.4708, "bus_lcCooperative": 0.6459, "bus_lcLookaheadLeft": 44.7613, "bus_lcPushy": 0.7741, "bus_lcSigma": 0.8151, "bus_lcSpeedGainRight": 0.482, "bus_lcSublane": 0.3059, "bus_sigma": 0.1261, "bus_tau_mean": 2.2939, "bus_tau_std": 5.879, "bus_v_mean": 21.726, "bus_v_std": 5.1261, "car_acc": 2.7604, "car_dcc": 2.5912, "car_lcAssertive": 24.7536, "car_lcCooperative": 0.2396, "car_lcLookaheadLeft": 24.8117, "car_lcPushy": 0.2466, "car_lcSigma": 0.7242, "car_lcSpeedGainRight": 2.789, "car_lcSublane": 0.5822, "car_sigma": 0.0136, "car_tau_mean": 3.9754, "car_tau_std": 9.3548, "car_v_mean": 12.1349, "car_v_std": 6.5493}, "datetime": {"datetime": "2024-08-08 13:33:12", "elapsed": 2780.372002, "delta": 3.502686}}
{"target": -0.32741432214151106, "params": {"bus_acc": 1.5341, "bus_dcc": 3.7819, "bus_lcAssertive": 84.6938, "bus_lcCooperative": 0.9171, "bus_lcLookaheadLeft": 52.2704, "bus_lcPushy": 0.258, "bus_lcSigma": 0.7992, "bus_lcSpeedGainRight": 0.9292, "bus_lcSublane": 0.0398, "bus_sigma": 0.3597, "bus_tau_mean": 0.8251, "bus_tau_std": 2.0326, "bus_v_mean": 8.7854, "bus_v_std": 14.9573, "car_acc": 3.2992, "car_dcc": 2.7431, "car_lcAssertive": 30.1276, "car_lcCooperative": 0.3966, "car_lcLookaheadLeft": 52.4215, "car_lcPushy": 0.1381, "car_lcSigma": 0.0884, "car_lcSpeedGainRight": 0.1453, "car_lcSublane": 0.0712, "car_sigma": 0.845, "car_tau_mean": 2.7397, "car_tau_std": 0.1538, "car_v_mean": 18.1241, "car_v_std": 14.6613}, "datetime": {"datetime": "2024-08-08 13:33:15", "elapsed": 2782.872637, "delta": 2.500635}}
{"target": -0.3971683777801268, "params": {"bus_acc": 1.5978, "bus_dcc": 1.4393, "bus_lcAssertive": 30.4696, "bus_lcCooperative": 0.1638, "bus_lcLookaheadLeft": 13.3947, "bus_lcPushy": 0.0043, "bus_lcSigma": 0.4325, "bus_lcSpeedGainRight": 2.3526, "bus_lcSublane": 0.3141, "bus_sigma": 0.3279, "bus_tau_mean": 3.635, "bus_tau_std": 4.7899, "bus_v_mean": 14.485, "bus_v_std": 8.8209, "car_acc": 1.3441, "car_dcc": 2.1695, "car_lcAssertive": 18.488, "car_lcCooperative": 0.7434, "car_lcLookaheadLeft": 32.5075, "car_lcPushy": 0.9723, "car_lcSigma": 0.8662, "car_lcSpeedGainRight": 1.6473, "car_lcSublane": 0.9142, "car_sigma": 0.3189, "car_tau_mean": 0.8809, "car_tau_std": 8.7715, "car_v_mean": 10.7025, "car_v_std": 8.5429}, "datetime": {"datetime": "2024-08-08 13:33:17", "elapsed": 2784.975586, "delta": 2.102949}}
{"target": -0.35698798164338896, "params": {"bus_acc": 4.6707, "bus_dcc": 1.8012, "bus_lcAssertive": 8.9062, "bus_lcCooperative": 0.4869, "bus_lcLookaheadLeft": 3.8443, "bus_lcPushy": 0.2185, "bus_lcSigma": 0.3503, "bus_lcSpeedGainRight": 1.7605, "bus_lcSublane": 0.3053, "bus_sigma": 0.2248, "bus_tau_mean": 2.9909, "bus_tau_std": 0.5961, "bus_v_mean": 9.4484, "bus_v_std": 12.9067, "car_acc": 1.1877, "car_dcc": 1.4192, "car_lcAssertive": 32.7434, "car_lcCooperative": 0.0458, "car_lcLookaheadLeft": 68.8049, "car_lcPushy": 0.942, "car_lcSigma": 0.7235, "car_lcSpeedGainRight": 0.1151, "car_lcSublane": 0.0577, "car_sigma": 0.0687, "car_tau_mean": 0.8761, "car_tau_std": 8.1553, "car_v_mean": 12.9324, "car_v_std": 11.8945}, "datetime": {"datetime": "2024-08-08 13:33:22", "elapsed": 2790.302404, "delta": 5.326818}}
{"target": -0.4607164876116926, "params": {"bus_acc": 4.9304, "bus_dcc": 3.3051, "bus_lcAssertive": 80.2263, "bus_lcCooperative": 0.9325, "bus_lcLookaheadLeft": 61.7288, "bus_lcPushy": 0.5679, "bus_lcSigma": 0.8052, "bus_lcSpeedGainRight": 4.2171, "bus_lcSublane": 0.0293, "bus_sigma": 0.8809, "bus_tau_mean": 1.8537, "bus_tau_std": 3.6502, "bus_v_mean": 20.5838, "bus_v_std": 19.387, "car_acc": 1.206, "car_dcc": 3.3807, "car_lcAssertive": 83.874, "car_lcCooperative": 0.423, "car_lcLookaheadLeft": 11.2579, "car_lcPushy": 0.954, "car_lcSigma": 0.0847, "car_lcSpeedGainRight": 3.112, "car_lcSublane": 0.116, "car_sigma": 0.1967, "car_tau_mean": 2.3015, "car_tau_std": 1.921, "car_v_mean": 22.3863, "car_v_std": 17.4239}, "datetime": {"datetime": "2024-08-08 13:33:25", "elapsed": 2793.420748, "delta": 3.118344}}
{"target": -0.3578449330847637, "params": {"bus_acc": 4.2073, "bus_dcc": 3.7552, "bus_lcAssertive": 96.7806, "bus_lcCooperative": 0.9315, "bus_lcLookaheadLeft": 20.3785, "bus_lcPushy": 0.8153, "bus_lcSigma": 0.5172, "bus_lcSpeedGainRight": 0.2925, "bus_lcSublane": 0.3686, "bus_sigma": 0.1667, "bus_tau_mean": 2.3062, "bus_tau_std": 6.0197, "bus_v_mean": 8.5277, "bus_v_std": 8.0218, "car_acc": 3.0838, "car_dcc": 2.0653, "car_lcAssertive": 78.3518, "car_lcCooperative": 0.1072, "car_lcLookaheadLeft": 16.5298, "car_lcPushy": 0.8269, "car_lcSigma": 0.2333, "car_lcSpeedGainRight": 4.1985, "car_lcSublane": 0.9883, "car_sigma": 0.681, "car_tau_mean": 0.9572, "car_tau_std": 3.89, "car_v_mean": 9.5443, "car_v_std": 14.7038}, "datetime": {"datetime": "2024-08-08 13:33:27", "elapsed": 2794.936512, "delta": 1.515764}}
{"target": -0.3445042043758273, "params": {"bus_acc": 4.3397, "bus_dcc": 2.4121, "bus_lcAssertive": 39.2946, "bus_lcCooperative": 0.2839, "bus_lcLookaheadLeft": 61.128, "bus_lcPushy": 0.863, "bus_lcSigma": 0.2079, "bus_lcSpeedGainRight": 3.5774, "bus_lcSublane": 0.964, "bus_sigma": 0.4674, "bus_tau_mean": 0.904, "bus_tau_std": 0.5998, "bus_v_mean": 11.821, "bus_v_std": 4.2172, "car_acc": 3.8063, "car_dcc": 1.8318, "car_lcAssertive": 54.3251, "car_lcCooperative": 0.6914, "car_lcLookaheadLeft": 49.0451, "car_lcPushy": 0.443, "car_lcSigma": 0.1021, "car_lcSpeedGainRight": 4.0819, "car_lcSublane": 0.6972, "car_sigma": 0.4999, "car_tau_mean": 2.0845, "car_tau_std": 3.621, "car_v_mean": 12.4816, "car_v_std": 6.9473}, "datetime": {"datetime": "2024-08-08 13:33:30", "elapsed": 2798.108747, "delta": 3.172235}}
{"target": -0.362083080301192, "params": {"bus_acc": 1.5417, "bus_dcc": 3.2011, "bus_lcAssertive": 18.14, "bus_lcCooperative": 0.015, "bus_lcLookaheadLeft": 94.8464, "bus_lcPushy": 0.0767, "bus_lcSigma": 0.3317, "bus_lcSpeedGainRight": 1.3726, "bus_lcSublane": 0.0816, "bus_sigma": 0.7716, "bus_tau_mean": 1.7492, "bus_tau_std": 6.601, "bus_v_mean": 11.0209, "bus_v_std": 16.5189, "car_acc": 1.4203, "car_dcc": 3.169, "car_lcAssertive": 34.3986, "car_lcCooperative": 0.7939, "car_lcLookaheadLeft": 99.9173, "car_lcPushy": 0.4146, "car_lcSigma": 0.7268, "car_lcSpeedGainRight": 1.5558, "car_lcSublane": 0.3003, "car_sigma": 0.4106, "car_tau_mean": 2.482, "car_tau_std": 3.499, "car_v_mean": 18.4161, "car_v_std": 4.2185}, "datetime": {"datetime": "2024-08-08 13:33:34", "elapsed": 2801.864246, "delta": 3.755499}}
{"target": -0.32480344576773307, "params": {"bus_acc": 1.1495, "bus_dcc": 2.5791, "bus_lcAssertive": 7.7121, "bus_lcCooperative": 0.3423, "bus_lcLookaheadLeft": 83.3767, "bus_lcPushy": 0.7723, "bus_lcSigma": 0.6949, "bus_lcSpeedGainRight": 1.4917, "bus_lcSublane": 0.6889, "bus_sigma": 0.2944, "bus_tau_mean": 3.6135, "bus_tau_std": 2.4368, "bus_v_mean": 17.1671, "bus_v_std": 16.6498, "car_acc": 1.2923, "car_dcc": 1.2715, "car_lcAssertive": 19.587, "car_lcCooperative": 0.4447, "car_lcLookaheadLeft": 63.6253, "car_lcPushy": 0.3211, "car_lcSigma": 0.9674, "car_lcSpeedGainRight": 2.6623, "car_lcSublane": 0.1349, "car_sigma": 0.5404, "car_tau_mean": 1.6871, "car_tau_std": 2.1849, "car_v_mean": 8.5636, "car_v_std": 11.346}, "datetime": {"datetime": "2024-08-08 13:33:36", "elapsed": 2803.74, "delta": 1.875754}}
{"target": -0.3291000993817189, "params": {"bus_acc": 3.7501, "bus_dcc": 1.3228, "bus_lcAssertive": 85.038, "bus_lcCooperative": 0.8915, "bus_lcLookaheadLeft": 88.0735, "bus_lcPushy": 0.7673, "bus_lcSigma": 0.9029, "bus_lcSpeedGainRight": 2.7897, "bus_lcSublane": 0.6784, "bus_sigma": 0.2663, "bus_tau_mean": 3.8618, "bus_tau_std": 4.3433, "bus_v_mean": 9.7138, "bus_v_std": 6.1768, "car_acc": 3.0587, "car_dcc": 2.4836, "car_lcAssertive": 68.431, "car_lcCooperative": 0.8505, "car_lcLookaheadLeft": 90.1537, "car_lcPushy": 0.8159, "car_lcSigma": 0.9403, "car_lcSpeedGainRight": 2.9845, "car_lcSublane": 0.7564, "car_sigma": 0.8466, "car_tau_mean": 2.4682, "car_tau_std": 3.3968, "car_v_mean": 17.405, "car_v_std": 7.9744}, "datetime": {"datetime": "2024-08-08 13:33:44", "elapsed": 2812.173997, "delta": 8.433997}}
{"target": -0.3783662636330715, "params": {"bus_acc": 4.318, "bus_dcc": 3.2144, "bus_lcAssertive": 35.4832, "bus_lcCooperative": 0.5313, "bus_lcLookaheadLeft": 86.1131, "bus_lcPushy": 0.5546, "bus_lcSigma": 0.6544, "bus_lcSpeedGainRight": 0.9075, "bus_lcSublane": 0.9333, "bus_sigma": 0.6634, "bus_tau_mean": 1.4143, "bus_tau_std": 5.3349, "bus_v_mean": 20.4579, "bus_v_std": 1.5719, "car_acc": 2.1031, "car_dcc": 3.9841, "car_lcAssertive": 74.2128, "car_lcCooperative": 0.3183, "car_lcLookaheadLeft": 96.8439, "car_lcPushy": 0.6337, "car_lcSigma": 0.5319, "car_lcSpeedGainRight": 1.469, "car_lcSublane": 0.0115, "car_sigma": 0.7614, "car_tau_mean": 3.363, "car_tau_std": 2.7532, "car_v_mean": 17.9524, "car_v_std": 8.7935}, "datetime": {"datetime": "2024-08-08 13:33:46", "elapsed": 2813.822738, "delta": 1.648741}}
{"target": -0.32640478077351726, "params": {"bus_acc": 4.5287, "bus_dcc": 2.2936, "bus_lcAssertive": 94.5916, "bus_lcCooperative": 0.0345, "bus_lcLookaheadLeft": 69.2747, "bus_lcPushy": 0.1364, "bus_lcSigma": 0.1459, "bus_lcSpeedGainRight": 0.6046, "bus_lcSublane": 0.806, "bus_sigma": 0.0991, "bus_tau_mean": 1.3744, "bus_tau_std": 0.3473, "bus_v_mean": 12.0544, "bus_v_std": 3.7464, "car_acc": 3.4095, "car_dcc": 2.7755, "car_lcAssertive": 3.4319, "car_lcCooperative": 0.263, "car_lcLookaheadLeft": 77.8996, "car_lcPushy": 0.3121, "car_lcSigma": 0.2117, "car_lcSpeedGainRight": 1.0118, "car_lcSublane": 0.5865, "car_sigma": 0.9222, "car_tau_mean": 2.6717, "car_tau_std": 6.5337, "car_v_mean": 18.918, "car_v_std": 2.3869}, "datetime": {"datetime": "2024-08-08 13:33:50", "elapsed": 2817.623174, "delta": 3.800436}}
{"target": -0.3386114400301813, "params": {"bus_acc": 3.7579, "bus_dcc": 3.6708, "bus_lcAssertive": 25.7264, "bus_lcCooperative": 0.3715, "bus_lcLookaheadLeft": 66.1346, "bus_lcPushy": 0.4101, "bus_lcSigma": 0.5901, "bus_lcSpeedGainRight": 2.4487, "bus_lcSublane": 0.9903, "bus_sigma": 0.5771, "bus_tau_mean": 2.9882, "bus_tau_std": 0.6408, "bus_v_mean": 21.8742, "bus_v_std": 10.7165, "car_acc": 3.594, "car_dcc": 1.5604, "car_lcAssertive": 21.0956, "car_lcCooperative": 0.2169, "car_lcLookaheadLeft": 60.0636, "car_lcPushy": 0.7236, "car_lcSigma": 0.1941, "car_lcSpeedGainRight": 1.8649, "car_lcSublane": 0.5389, "car_sigma": 0.2673, "car_tau_mean": 3.0242, "car_tau_std": 3.2043, "car_v_mean": 17.1448, "car_v_std": 13.8819}, "datetime": {"datetime": "2024-08-08 13:33:54", "elapsed": 2821.776422, "delta": 4.153248}}
{"target": -0.3542748220863371, "params": {"bus_acc": 1.3728, "bus_dcc": 2.7693, "bus_lcAssertive": 36.0137, "bus_lcCooperative": 0.0721, "bus_lcLookaheadLeft": 16.7255, "bus_lcPushy": 0.61, "bus_lcSigma": 0.1225, "bus_lcSpeedGainRight": 2.3078, "bus_lcSublane": 0.9548, "bus_sigma": 0.7856, "bus_tau_mean": 2.7206, "bus_tau_std": 4.7494, "bus_v_mean": 21.101, "bus_v_std": 17.2828, "car_acc": 4.9977, "car_dcc": 3.3106, "car_lcAssertive": 79.6141, "car_lcCooperative": 0.5562, "car_lcLookaheadLeft": 21.0536, "car_lcPushy": 0.6722, "car_lcSigma": 0.6791, "car_lcSpeedGainRight": 1.3934, "car_lcSublane": 0.2323, "car_sigma": 0.8512, "car_tau_mean": 1.3467, "car_tau_std": 0.4621, "car_v_mean": 21.5953, "car_v_std": 7.0853}, "datetime": {"datetime": "2024-08-08 13:33:58", "elapsed": 2826.035593, "delta": 4.259171}}
{"target": -0.3486942511298999, "params": {"bus_acc": 2.2029, "bus_dcc": 2.113, "bus_lcAssertive": 76.8559, "bus_lcCooperative": 0.3162, "bus_lcLookaheadLeft": 72.7436, "bus_lcPushy": 0.624, "bus_lcSigma": 0.1105, "bus_lcSpeedGainRight": 4.3206, "bus_lcSublane": 0.8672, "bus_sigma": 0.0431, "bus_tau_mean": 3.7495, "bus_tau_std": 8.0433, "bus_v_mean": 9.7969, "bus_v_std": 0.3628, "car_acc": 1.5872, "car_dcc": 1.2531, "car_lcAssertive": 9.5859, "car_lcCooperative": 0.3849, "car_lcLookaheadLeft": 57.3325, "car_lcPushy": 0.8493, "car_lcSigma": 0.1189, "car_lcSpeedGainRight": 2.2834, "car_lcSublane": 0.3276, "car_sigma": 0.2356, "car_tau_mean": 0.5691, "car_tau_std": 7.1053, "car_v_mean": 9.3813, "car_v_std": 15.099}, "datetime": {"datetime": "2024-08-08 13:34:11", "elapsed": 2838.973593, "delta": 12.938}}
{"target": -0.3648961466122459, "params": {"bus_acc": 3.9269, "bus_dcc": 3.6046, "bus_lcAssertive": 96.2391, "bus_lcCooperative": 0.8139, "bus_lcLookaheadLeft": 44.3608, "bus_lcPushy": 0.4251, "bus_lcSigma": 0.4956, "bus_lcSpeedGainRight": 2.0464, "bus_lcSublane": 0.9922, "bus_sigma": 0.2541, "bus_tau_mean": 0.8679, "bus_tau_std": 2.5302, "bus_v_mean": 23.7536, "bus_v_std": 7.0075, "car_acc": 1.7799, "car_dcc": 1.4427, "car_lcAssertive": 46.6324, "car_lcCooperative": 0.0714, "car_lcLookaheadLeft": 77.9558, "car_lcPushy": 0.2666, "car_lcSigma": 0.7034, "car_lcSpeedGainRight": 4.0503, "car_lcSublane": 0.8227, "car_sigma": 0.4315, "car_tau_mean": 3.1423, "car_tau_std": 7.7977, "car_v_mean": 23.8005, "car_v_std": 18.4347}, "datetime": {"datetime": "2024-08-08 13:34:15", "elapsed": 2842.890468, "delta": 3.916875}}
{"target": -0.37006849062773917, "params": {"bus_acc": 4.0909, "bus_dcc": 1.6596, "bus_lcAssertive": 10.4707, "bus_lcCooperative": 0.0151, "bus_lcLookaheadLeft": 84.3127, "bus_lcPushy": 0.8723, "bus_lcSigma": 0.8131, "bus_lcSpeedGainRight": 2.8431, "bus_lcSublane": 0.2555, "bus_sigma": 0.1153, "bus_tau_mean": 1.4914, "bus_tau_std": 3.1182, "bus_v_mean": 14.2013, "bus_v_std": 19.7413, "car_acc": 2.8226, "car_dcc": 3.1016, "car_lcAssertive": 33.298, "car_lcCooperative": 0.1689, "car_lcLookaheadLeft": 87.6101, "car_lcPushy": 0.1625, "car_lcSigma": 0.1583, "car_lcSpeedGainRight": 2.4192, "car_lcSublane": 0.8299, "car_sigma": 0.9805, "car_tau_mean": 0.6914, "car_tau_std": 4.0398, "car_v_mean": 18.5982, "car_v_std": 9.9515}, "datetime": {"datetime": "2024-08-08 13:34:18", "elapsed": 2846.25836, "delta": 3.367892}}
{"target": -0.4085590494341723, "params": {"bus_acc": 1.724, "bus_dcc": 3.3423, "bus_lcAssertive": 2.2863, "bus_lcCooperative": 0.0387, "bus_lcLookaheadLeft": 97.4208, "bus_lcPushy": 0.6073, "bus_lcSigma": 0.155, "bus_lcSpeedGainRight": 2.3493, "bus_lcSublane": 0.9026, "bus_sigma": 0.592, "bus_tau_mean": 1.757, "bus_tau_std": 0.4978, "bus_v_mean": 23.2133, "bus_v_std": 15.9828, "car_acc": 1.1538, "car_dcc": 3.847, "car_lcAssertive": 67.3035, "car_lcCooperative": 0.7378, "car_lcLookaheadLeft": 20.2068, "car_lcPushy": 0.8489, "car_lcSigma": 0.4809, "car_lcSpeedGainRight": 2.5792, "car_lcSublane": 0.8012, "car_sigma": 0.9529, "car_tau_mean": 3.8332, "car_tau_std": 8.2815, "car_v_mean": 12.6389, "car_v_std": 12.9926}, "datetime": {"datetime": "2024-08-08 13:34:21", "elapsed": 2848.53544, "delta": 2.27708}}
{"target": -0.3446698173394188, "params": {"bus_acc": 2.5055, "bus_dcc": 1.1669, "bus_lcAssertive": 14.6931, "bus_lcCooperative": 0.4213, "bus_lcLookaheadLeft": 60.2545, "bus_lcPushy": 0.6026, "bus_lcSigma": 0.7146, "bus_lcSpeedGainRight": 2.9298, "bus_lcSublane": 0.1406, "bus_sigma": 0.2403, "bus_tau_mean": 2.3991, "bus_tau_std": 6.5733, "bus_v_mean": 23.8614, "bus_v_std": 19.014, "car_acc": 3.6185, "car_dcc": 3.0044, "car_lcAssertive": 66.0202, "car_lcCooperative": 0.6803, "car_lcLookaheadLeft": 91.5512, "car_lcPushy": 0.2777, "car_lcSigma": 0.9148, "car_lcSpeedGainRight": 3.275, "car_lcSublane": 0.6846, "car_sigma": 0.7711, "car_tau_mean": 1.0729, "car_tau_std": 4.3567, "car_v_mean": 11.3918, "car_v_std": 6.5737}, "datetime": {"datetime": "2024-08-08 13:34:23", "elapsed": 2851.116086, "delta": 2.580646}}
{"target": -0.37089064059670085, "params": {"bus_acc": 1.9212, "bus_dcc": 1.9163, "bus_lcAssertive": 54.2706, "bus_lcCooperative": 0.0634, "bus_lcLookaheadLeft": 54.5615, "bus_lcPushy": 0.569, "bus_lcSigma": 0.4286, "bus_lcSpeedGainRight": 4.7669, "bus_lcSublane": 0.0426, "bus_sigma": 0.8772, "bus_tau_mean": 2.7932, "bus_tau_std": 8.6373, "bus_v_mean": 18.4695, "bus_v_std": 19.2424, "car_acc": 2.8229, "car_dcc": 2.2862, "car_lcAssertive": 29.535, "car_lcCooperative": 0.1058, "car_lcLookaheadLeft": 8.8387, "car_lcPushy": 0.0782, "car_lcSigma": 0.3806, "car_lcSpeedGainRight": 2.9223, "car_lcSublane": 0.5782, "car_sigma": 0.3418, "car_tau_mean": 2.1576, "car_tau_std": 8.2607, "car_v_mean": 12.748, "car_v_std": 12.2849}, "datetime": {"datetime": "2024-08-08 13:34:25", "elapsed": 2853.216273, "delta": 2.100187}}
{"target": -0.35039751934438, "params": {"bus_acc": 4.5748, "bus_dcc": 3.961, "bus_lcAssertive": 10.9568, "bus_lcCooperative": 0.7943, "bus_lcLookaheadLeft": 70.3796, "bus_lcPushy": 0.9466, "bus_lcSigma": 0.0583, "bus_lcSpeedGainRight": 1.1984, "bus_lcSublane": 0.4945, "bus_sigma": 0.5651, "bus_tau_mean": 1.7857, "bus_tau_std": 7.1184, "bus_v_mean": 8.9315, "bus_v_std": 4.91, "car_acc": 4.5766, "car_dcc": 3.6997, "car_lcAssertive": 33.0576, "car_lcCooperative": 0.2261, "car_lcLookaheadLeft": 50.315, "car_lcPushy": 0.6123, "car_lcSigma": 0.5498, "car_lcSpeedGainRight": 1.8812, "car_lcSublane": 0.5189, "car_sigma": 0.5599, "car_tau_mean": 3.6147, "car_tau_std": 2.8157, "car_v_mean": 11.9741, "car_v_std": 7.4699}, "datetime": {"datetime": "2024-08-08 13:34:28", "elapsed": 2855.528254, "delta": 2.311981}}
{"target": -0.3813102462860541, "params": {"bus_acc": 1.1866, "bus_dcc": 1.8589, "bus_lcAssertive": 23.554, "bus_lcCooperative": 0.0301, "bus_lcLookaheadLeft": 79.2694, "bus_lcPushy": 0.2326, "bus_lcSigma": 0.4129, "bus_lcSpeedGainRight": 1.9072, "bus_lcSublane": 0.1601, "bus_sigma": 0.3488, "bus_tau_mean": 2.9415, "bus_tau_std": 8.4742, "bus_v_mean": 12.3294, "bus_v_std": 9.3395, "car_acc": 1.2563, "car_dcc": 1.9605, "car_lcAssertive": 84.9391, "car_lcCooperative": 0.6637, "car_lcLookaheadLeft": 24.3477, "car_lcPushy": 0.328, "car_lcSigma": 0.6979, "car_lcSpeedGainRight": 1.7153, "car_lcSublane": 0.6524, "car_sigma": 0.5257, "car_tau_mean": 0.9064, "car_tau_std": 3.3425, "car_v_mean": 14.486, "car_v_std": 14.0829}, "datetime": {"datetime": "2024-08-08 13:34:35", "elapsed": 2862.646594, "delta": 7.11834}}
{"target": -0.36137359719530704, "params": {"bus_acc": 4.7423, "bus_dcc": 2.958, "bus_lcAssertive": 64.5682, "bus_lcCooperative": 0.1038, "bus_lcLookaheadLeft": 48.3541, "bus_lcPushy": 0.9591, "bus_lcSigma": 0.5128, "bus_lcSpeedGainRight": 0.0005, "bus_lcSublane": 0.3495, "bus_sigma": 0.5306, "bus_tau_mean": 1.9582, "bus_tau_std": 0.7283, "bus_v_mean": 15.8704, "bus_v_std": 14.6929, "car_acc": 4.5915, "car_dcc": 1.2828, "car_lcAssertive": 10.7436, "car_lcCooperative": 0.3254, "car_lcLookaheadLeft": 20.3139, "car_lcPushy": 0.8456, "car_lcSigma": 0.5159, "car_lcSpeedGainRight": 1.7337, "car_lcSublane": 0.8012, "car_sigma": 0.8628, "car_tau_mean": 2.5535, "car_tau_std": 5.3648, "car_v_mean": 10.076, "car_v_std": 4.78}, "datetime": {"datetime": "2024-08-08 13:34:37", "elapsed": 2865.517163, "delta": 2.870569}}
{"target": -0.3405040401035635, "params": {"bus_acc": 3.1898, "bus_dcc": 3.8709, "bus_lcAssertive": 16.434, "bus_lcCooperative": 0.9496, "bus_lcLookaheadLeft": 98.9375, "bus_lcPushy": 0.7238, "bus_lcSigma": 0.9916, "bus_lcSpeedGainRight": 4.8652, "bus_lcSublane": 0.6988, "bus_sigma": 0.3472, "bus_tau_mean": 3.4977, "bus_tau_std": 0.8368, "bus_v_mean": 18.3143, "bus_v_std": 5.3484, "car_acc": 3.2327, "car_dcc": 3.6811, "car_lcAssertive": 66.0556, "car_lcCooperative": 0.8663, "car_lcLookaheadLeft": 8.9392, "car_lcPushy": 0.6741, "car_lcSigma": 0.5781, "car_lcSpeedGainRight": 2.8449, "car_lcSublane": 0.3272, "car_sigma": 0.8899, "car_tau_mean": 3.5197, "car_tau_std": 3.776, "car_v_mean": 12.9544, "car_v_std": 18.9872}, "datetime": {"datetime": "2024-08-08 13:34:53", "elapsed": 2881.360049, "delta": 15.842886}}
{"target": -0.4049475747118902, "params": {"bus_acc": 3.9298, "bus_dcc": 3.8149, "bus_lcAssertive": 52.9365, "bus_lcCooperative": 0.9851, "bus_lcLookaheadLeft": 84.1746, "bus_lcPushy": 0.1949, "bus_lcSigma": 0.744, "bus_lcSpeedGainRight": 3.0675, "bus_lcSublane": 0.2967, "bus_sigma": 0.1749, "bus_tau_mean": 3.4746, "bus_tau_std": 1.3018, "bus_v_mean": 23.8853, "bus_v_std": 13.4427, "car_acc": 3.1644, "car_dcc": 3.4574, "car_lcAssertive": 52.0274, "car_lcCooperative": 0.4437, "car_lcLookaheadLeft": 11.6738, "car_lcPushy": 0.4054, "car_lcSigma": 0.796, "car_lcSpeedGainRight": 4.8418, "car_lcSublane": 0.6721, "car_sigma": 0.1113, "car_tau_mean": 1.1725, "car_tau_std": 0.4416, "car_v_mean": 9.2219, "car_v_std": 16.5892}, "datetime": {"datetime": "2024-08-08 13:35:02", "elapsed": 2889.774858, "delta": 8.414809}}
{"target": -0.42980610213546655, "params": {"bus_acc": 1.1702, "bus_dcc": 2.1087, "bus_lcAssertive": 46.8219, "bus_lcCooperative": 0.6645, "bus_lcLookaheadLeft": 21.6568, "bus_lcPushy": 0.5767, "bus_lcSigma": 0.7521, "bus_lcSpeedGainRight": 4.3667, "bus_lcSublane": 0.4383, "bus_sigma": 0.4493, "bus_tau_mean": 0.9362, "bus_tau_std": 2.2133, "bus_v_mean": 23.562, "bus_v_std": 5.7471, "car_acc": 3.7557, "car_dcc": 2.2362, "car_lcAssertive": 47.5069, "car_lcCooperative": 0.4579, "car_lcLookaheadLeft": 21.7417, "car_lcPushy": 0.8737, "car_lcSigma": 0.4781, "car_lcSpeedGainRight": 0.7105, "car_lcSublane": 0.771, "car_sigma": 0.7557, "car_tau_mean": 3.5962, "car_tau_std": 0.0465, "car_v_mean": 23.0101, "car_v_std": 5.2973}, "datetime": {"datetime": "2024-08-08 13:35:12", "elapsed": 2900.095258, "delta": 10.3204}}
