{"target": -0.0583520655105672, "params": {"bus_acc": 2.7851, "bus_dcc": 3.9471, "bus_lcAssertive": 3.6004, "bus_lcCooperative": 0.2698, "bus_lcLookaheadLeft": 24.9048, "bus_lcPushy": 0.2788, "bus_lcSublane": 0.0931, "bus_tau_mean": 2.4431, "bus_tau_std": 6.1748, "bus_v_mean": 10.2992, "bus_v_std": 2.3747, "car_acc": 2.4905, "car_dcc": 1.4803, "car_lcAssertive": 62.0138, "car_lcCooperative": 0.0771, "car_lcLookaheadLeft": 71.7607, "car_lcPushy": 0.7377, "car_lcSublane": 0.5815, "car_tau_mean": 1.114, "car_tau_std": 2.375, "car_v_mean": 18.7884, "car_v_std": 2.3102}, "datetime": {"datetime": "2024-08-05 17:49:57", "elapsed": 221.188531, "delta": 2.658574}}
{"target": -0.06030866045730999, "params": {"bus_acc": 1.6791, "bus_dcc": 2.7849, "bus_lcAssertive": 67.0559, "bus_lcCooperative": 0.3968, "bus_lcLookaheadLeft": 28.6558, "bus_lcPushy": 0.2812, "bus_lcSublane": 0.8609, "bus_tau_mean": 0.8996, "bus_tau_std": 3.9987, "bus_v_mean": 14.8753, "bus_v_std": 6.7818, "car_acc": 1.9868, "car_dcc": 1.4725, "car_lcAssertive": 44.6978, "car_lcCooperative": 0.6754, "car_lcLookaheadLeft": 37.6163, "car_lcPushy": 0.4809, "car_lcSublane": 0.5243, "car_tau_mean": 1.2515, "car_tau_std": 9.6877, "car_v_mean": 22.1765, "car_v_std": 1.8878}, "datetime": {"datetime": "2024-08-05 17:50:00", "elapsed": 224.191613, "delta": 3.003082}}
{"target": -0.06624083084046686, "params": {"bus_acc": 1.1015, "bus_dcc": 1.6236, "bus_lcAssertive": 47.0163, "bus_lcCooperative": 0.6889, "bus_lcLookaheadLeft": 46.9511, "bus_lcPushy": 0.6715, "bus_lcSublane": 0.9874, "bus_tau_mean": 2.7814, "bus_tau_std": 5.3745, "bus_v_mean": 16.0296, "bus_v_std": 7.8641, "car_acc": 1.9829, "car_dcc": 3.3857, "car_lcAssertive": 15.9607, "car_lcCooperative": 0.0487, "car_lcLookaheadLeft": 81.1448, "car_lcPushy": 0.2114, "car_lcSublane": 0.3823, "car_tau_mean": 2.5157, "car_tau_std": 9.2028, "car_v_mean": 20.6472, "car_v_std": 3.1431}, "datetime": {"datetime": "2024-08-05 17:50:06", "elapsed": 229.438507, "delta": 5.246894}}
{"target": -0.06191304146048442, "params": {"bus_acc": 1.0729, "bus_dcc": 1.5496, "bus_lcAssertive": 43.4526, "bus_lcCooperative": 0.6173, "bus_lcLookaheadLeft": 40.5194, "bus_lcPushy": 0.5691, "bus_lcSublane": 0.0367, "bus_tau_mean": 3.2857, "bus_tau_std": 8.5608, "bus_v_mean": 19.116, "bus_v_std": 4.6444, "car_acc": 2.3216, "car_dcc": 3.8352, "car_lcAssertive": 22.3629, "car_lcCooperative": 0.2958, "car_lcLookaheadLeft": 79.008, "car_lcPushy": 0.071, "car_lcSublane": 0.6945, "car_tau_mean": 3.7675, "car_tau_std": 4.4177, "car_v_mean": 19.3612, "car_v_std": 9.4806}, "datetime": {"datetime": "2024-08-05 17:50:10", "elapsed": 234.057691, "delta": 4.619184}}
{"target": -0.06675975879447826, "params": {"bus_acc": 1.2728, "bus_dcc": 1.5953, "bus_lcAssertive": 45.5778, "bus_lcCooperative": 0.0672, "bus_lcLookaheadLeft": 44.3538, "bus_lcPushy": 0.2736, "bus_lcSublane": 0.358, "bus_tau_mean": 1.4254, "bus_tau_std": 8.2297, "bus_v_mean": 21.0441, "bus_v_std": 2.2809, "car_acc": 2.6844, "car_dcc": 3.1613, "car_lcAssertive": 87.0401, "car_lcCooperative": 0.7917, "car_lcLookaheadLeft": 76.1614, "car_lcPushy": 0.1338, "car_lcSublane": 0.7935, "car_tau_mean": 1.6906, "car_tau_std": 3.6506, "car_v_mean": 23.8258, "car_v_std": 7.0561}, "datetime": {"datetime": "2024-08-05 17:50:28", "elapsed": 252.301605, "delta": 18.243914}}
{"target": -0.04218675479966348, "params": {"bus_acc": 1.8823, "bus_dcc": 1.3899, "bus_lcAssertive": 68.1707, "bus_lcCooperative": 0.0944, "bus_lcLookaheadLeft": 88.2613, "bus_lcPushy": 0.5415, "bus_lcSublane": 0.2377, "bus_tau_mean": 1.9721, "bus_tau_std": 1.4779, "bus_v_mean": 16.2608, "bus_v_std": 9.0073, "car_acc": 2.0676, "car_dcc": 1.8677, "car_lcAssertive": 28.3015, "car_lcCooperative": 0.6468, "car_lcLookaheadLeft": 5.5508, "car_lcPushy": 0.3976, "car_lcSublane": 0.737, "car_tau_mean": 2.6693, "car_tau_std": 3.0789, "car_v_mean": 8.104, "car_v_std": 1.4428}, "datetime": {"datetime": "2024-08-05 17:50:31", "elapsed": 255.251746, "delta": 2.950141}}
{"target": -0.04989978588139007, "params": {"bus_acc": 1.4697, "bus_dcc": 1.4749, "bus_lcAssertive": 77.6405, "bus_lcCooperative": 0.4359, "bus_lcLookaheadLeft": 68.2741, "bus_lcPushy": 0.0235, "bus_lcSublane": 0.7301, "bus_tau_mean": 0.5, "bus_tau_std": 7.9931, "bus_v_mean": 20.1598, "bus_v_std": 10.0, "car_acc": 1.0, "car_dcc": 1.801, "car_lcAssertive": 8.9329, "car_lcCooperative": 0.1103, "car_lcLookaheadLeft": 2.0, "car_lcPushy": 0.5431, "car_lcSublane": 0.085, "car_tau_mean": 0.953, "car_tau_std": 9.3369, "car_v_mean": 8.1903, "car_v_std": 3.1925}, "datetime": {"datetime": "2024-08-05 17:50:34", "elapsed": 257.713399, "delta": 2.461653}}
{"target": -0.0648690879311016, "params": {"bus_acc": 2.6681, "bus_dcc": 3.3771, "bus_lcAssertive": 39.879, "bus_lcCooperative": 0.6047, "bus_lcLookaheadLeft": 41.9289, "bus_lcPushy": 0.2249, "bus_lcSublane": 0.0648, "bus_tau_mean": 1.5723, "bus_tau_std": 1.6578, "bus_v_mean": 19.2025, "bus_v_std": 9.2943, "car_acc": 2.1432, "car_dcc": 2.5673, "car_lcAssertive": 17.0934, "car_lcCooperative": 0.584, "car_lcLookaheadLeft": 79.4876, "car_lcPushy": 0.8922, "car_lcSublane": 0.8421, "car_tau_mean": 1.5718, "car_tau_std": 4.6083, "car_v_mean": 19.2055, "car_v_std": 0.9155}, "datetime": {"datetime": "2024-08-05 17:50:37", "elapsed": 260.424352, "delta": 2.710953}}
{"target": -0.047196429670779055, "params": {"bus_acc": 2.5558, "bus_dcc": 1.8266, "bus_lcAssertive": 24.9461, "bus_lcCooperative": 0.0935, "bus_lcLookaheadLeft": 81.4014, "bus_lcPushy": 0.8462, "bus_lcSublane": 0.554, "bus_tau_mean": 0.7904, "bus_tau_std": 9.8566, "bus_v_mean": 15.6142, "bus_v_std": 9.2388, "car_acc": 1.389, "car_dcc": 2.858, "car_lcAssertive": 90.0465, "car_lcCooperative": 0.7759, "car_lcLookaheadLeft": 64.475, "car_lcPushy": 0.466, "car_lcSublane": 0.9459, "car_tau_mean": 0.8592, "car_tau_std": 5.0336, "car_v_mean": 15.5725, "car_v_std": 9.2585}, "datetime": {"datetime": "2024-08-05 17:50:41", "elapsed": 265.031777, "delta": 4.607425}}
{"target": -0.060066085908324046, "params": {"bus_acc": 2.6416, "bus_dcc": 2.4732, "bus_lcAssertive": 67.246, "bus_lcCooperative": 0.0639, "bus_lcLookaheadLeft": 30.1924, "bus_lcPushy": 0.5525, "bus_lcSublane": 0.0169, "bus_tau_mean": 2.6823, "bus_tau_std": 7.5099, "bus_v_mean": 9.0892, "bus_v_std": 8.8729, "car_acc": 2.4552, "car_dcc": 2.204, "car_lcAssertive": 42.6496, "car_lcCooperative": 0.7261, "car_lcLookaheadLeft": 35.3708, "car_lcPushy": 0.5664, "car_lcSublane": 0.268, "car_tau_mean": 3.276, "car_tau_std": 4.7913, "car_v_mean": 13.1998, "car_v_std": 2.1051}, "datetime": {"datetime": "2024-08-05 17:50:46", "elapsed": 269.732301, "delta": 4.700524}}
{"target": -0.06176175907143207, "params": {"bus_acc": 1.8392, "bus_dcc": 2.431, "bus_lcAssertive": 68.5519, "bus_lcCooperative": 0.5772, "bus_lcLookaheadLeft": 86.4567, "bus_lcPushy": 0.3697, "bus_lcSublane": 0.4549, "bus_tau_mean": 0.8107, "bus_tau_std": 6.3825, "bus_v_mean": 22.4195, "bus_v_std": 8.1751, "car_acc": 1.204, "car_dcc": 2.0208, "car_lcAssertive": 22.2034, "car_lcCooperative": 0.0331, "car_lcLookaheadLeft": 3.0906, "car_lcPushy": 0.3895, "car_lcSublane": 0.3417, "car_tau_mean": 2.1015, "car_tau_std": 5.7692, "car_v_mean": 15.3943, "car_v_std": 2.9709}, "datetime": {"datetime": "2024-08-05 17:50:50", "elapsed": 273.722324, "delta": 3.990023}}
{"target": -0.06981794349626262, "params": {"bus_acc": 2.3089, "bus_dcc": 2.2681, "bus_lcAssertive": 78.6559, "bus_lcCooperative": 0.6912, "bus_lcLookaheadLeft": 81.3084, "bus_lcPushy": 0.4485, "bus_lcSublane": 0.4753, "bus_tau_mean": 2.336, "bus_tau_std": 2.6374, "bus_v_mean": 16.8416, "bus_v_std": 2.2523, "car_acc": 1.7867, "car_dcc": 3.2232, "car_lcAssertive": 9.7824, "car_lcCooperative": 0.4655, "car_lcLookaheadLeft": 73.1628, "car_lcPushy": 0.4621, "car_lcSublane": 0.7311, "car_tau_mean": 2.5953, "car_tau_std": 9.162, "car_v_mean": 17.924, "car_v_std": 2.5175}, "datetime": {"datetime": "2024-08-05 17:50:53", "elapsed": 277.128192, "delta": 3.405868}}
{"target": -0.0665870195887456, "params": {"bus_acc": 1.3296, "bus_dcc": 1.5906, "bus_lcAssertive": 69.4107, "bus_lcCooperative": 0.5728, "bus_lcLookaheadLeft": 87.5847, "bus_lcPushy": 0.2436, "bus_lcSublane": 0.6286, "bus_tau_mean": 0.6195, "bus_tau_std": 5.161, "bus_v_mean": 21.8106, "bus_v_std": 9.8403, "car_acc": 1.0187, "car_dcc": 1.7575, "car_lcAssertive": 23.1601, "car_lcCooperative": 0.0465, "car_lcLookaheadLeft": 2.9959, "car_lcPushy": 0.4892, "car_lcSublane": 0.0445, "car_tau_mean": 1.4731, "car_tau_std": 6.3987, "car_v_mean": 12.7141, "car_v_std": 2.6955}, "datetime": {"datetime": "2024-08-05 17:50:59", "elapsed": 282.727956, "delta": 5.599764}}
{"target": -0.04414240394150849, "params": {"bus_acc": 2.339, "bus_dcc": 3.3939, "bus_lcAssertive": 63.9303, "bus_lcCooperative": 0.3812, "bus_lcLookaheadLeft": 85.1483, "bus_lcPushy": 0.0976, "bus_lcSublane": 0.6813, "bus_tau_mean": 2.0928, "bus_tau_std": 5.1635, "bus_v_mean": 23.45, "bus_v_std": 4.6654, "car_acc": 1.6093, "car_dcc": 2.4579, "car_lcAssertive": 18.7689, "car_lcCooperative": 0.6594, "car_lcLookaheadLeft": 2.1822, "car_lcPushy": 0.5577, "car_lcSublane": 0.3114, "car_tau_mean": 2.271, "car_tau_std": 4.0975, "car_v_mean": 8.1337, "car_v_std": 1.9806}, "datetime": {"datetime": "2024-08-05 17:51:00", "elapsed": 284.10969, "delta": 1.381734}}
{"target": -0.053224133173386624, "params": {"bus_acc": 1.7919, "bus_dcc": 1.3571, "bus_lcAssertive": 75.4797, "bus_lcCooperative": 0.6145, "bus_lcLookaheadLeft": 68.581, "bus_lcPushy": 0.119, "bus_lcSublane": 0.7709, "bus_tau_mean": 0.5, "bus_tau_std": 7.8523, "bus_v_mean": 19.3771, "bus_v_std": 10.0, "car_acc": 1.0, "car_dcc": 2.3209, "car_lcAssertive": 7.734, "car_lcCooperative": 0.164, "car_lcLookaheadLeft": 2.0, "car_lcPushy": 0.2698, "car_lcSublane": 0.147, "car_tau_mean": 0.8165, "car_tau_std": 8.5476, "car_v_mean": 9.7524, "car_v_std": 1.8647}, "datetime": {"datetime": "2024-08-05 17:51:02", "elapsed": 286.199547, "delta": 2.089857}}
{"target": -0.05132584677857115, "params": {"bus_acc": 1.1755, "bus_dcc": 1.7862, "bus_lcAssertive": 66.9133, "bus_lcCooperative": 0.2032, "bus_lcLookaheadLeft": 81.6005, "bus_lcPushy": 0.1329, "bus_lcSublane": 0.1604, "bus_tau_mean": 2.41, "bus_tau_std": 5.6617, "bus_v_mean": 17.9266, "bus_v_std": 9.3514, "car_acc": 1.7178, "car_dcc": 2.4534, "car_lcAssertive": 16.9752, "car_lcCooperative": 0.3081, "car_lcLookaheadLeft": 3.8522, "car_lcPushy": 0.6662, "car_lcSublane": 0.1064, "car_tau_mean": 2.0135, "car_tau_std": 6.2867, "car_v_mean": 12.5583, "car_v_std": 2.7323}, "datetime": {"datetime": "2024-08-05 17:51:04", "elapsed": 287.499709, "delta": 1.300162}}
{"target": -0.05328731276193037, "params": {"bus_acc": 1.673, "bus_dcc": 3.72, "bus_lcAssertive": 25.867, "bus_lcCooperative": 0.941, "bus_lcLookaheadLeft": 88.5883, "bus_lcPushy": 0.1582, "bus_lcSublane": 0.3286, "bus_tau_mean": 2.8682, "bus_tau_std": 0.4331, "bus_v_mean": 8.5999, "bus_v_std": 4.0111, "car_acc": 1.6455, "car_dcc": 3.7568, "car_lcAssertive": 59.7797, "car_lcCooperative": 0.5824, "car_lcLookaheadLeft": 78.2644, "car_lcPushy": 0.9603, "car_lcSublane": 0.5557, "car_tau_mean": 1.8103, "car_tau_std": 5.413, "car_v_mean": 11.3613, "car_v_std": 7.9296}, "datetime": {"datetime": "2024-08-05 17:51:05", "elapsed": 289.12216, "delta": 1.622451}}
{"target": -0.06294575836507095, "params": {"bus_acc": 1.0843, "bus_dcc": 3.0862, "bus_lcAssertive": 87.08, "bus_lcCooperative": 0.932, "bus_lcLookaheadLeft": 64.3459, "bus_lcPushy": 0.0118, "bus_lcSublane": 0.9249, "bus_tau_mean": 2.0122, "bus_tau_std": 8.3531, "bus_v_mean": 20.2045, "bus_v_std": 3.8965, "car_acc": 1.8634, "car_dcc": 1.6765, "car_lcAssertive": 17.5423, "car_lcCooperative": 0.2547, "car_lcLookaheadLeft": 90.2232, "car_lcPushy": 0.2003, "car_lcSublane": 0.9533, "car_tau_mean": 2.7469, "car_tau_std": 3.2957, "car_v_mean": 16.1321, "car_v_std": 6.6345}, "datetime": {"datetime": "2024-08-05 17:51:07", "elapsed": 290.644923, "delta": 1.522763}}
{"target": -0.05826936228709068, "params": {"bus_acc": 1.184, "bus_dcc": 1.8726, "bus_lcAssertive": 86.7389, "bus_lcCooperative": 0.8531, "bus_lcLookaheadLeft": 45.2075, "bus_lcPushy": 0.2328, "bus_lcSublane": 0.0869, "bus_tau_mean": 1.907, "bus_tau_std": 9.6797, "bus_v_mean": 21.6373, "bus_v_std": 3.6997, "car_acc": 1.3108, "car_dcc": 3.1477, "car_lcAssertive": 54.1188, "car_lcCooperative": 0.3939, "car_lcLookaheadLeft": 37.2708, "car_lcPushy": 0.1273, "car_lcSublane": 0.2772, "car_tau_mean": 1.9376, "car_tau_std": 5.7014, "car_v_mean": 12.375, "car_v_std": 7.1077}, "datetime": {"datetime": "2024-08-05 17:51:08", "elapsed": 292.027567, "delta": 1.382644}}
{"target": -0.05179105726959434, "params": {"bus_acc": 1.5704, "bus_dcc": 2.0996, "bus_lcAssertive": 82.0812, "bus_lcCooperative": 0.2541, "bus_lcLookaheadLeft": 80.2218, "bus_lcPushy": 0.2872, "bus_lcSublane": 0.5351, "bus_tau_mean": 2.4981, "bus_tau_std": 8.2281, "bus_v_mean": 8.4602, "bus_v_std": 1.5114, "car_acc": 1.0118, "car_dcc": 1.2714, "car_lcAssertive": 11.0547, "car_lcCooperative": 0.2183, "car_lcLookaheadLeft": 70.5241, "car_lcPushy": 0.5994, "car_lcSublane": 0.8115, "car_tau_mean": 1.0786, "car_tau_std": 2.9775, "car_v_mean": 18.1904, "car_v_std": 5.7544}, "datetime": {"datetime": "2024-08-05 17:51:09", "elapsed": 293.315353, "delta": 1.287786}}
{"target": -0.061224429503814994, "params": {"bus_acc": 1.8492, "bus_dcc": 1.6375, "bus_lcAssertive": 69.9845, "bus_lcCooperative": 0.6654, "bus_lcLookaheadLeft": 87.7043, "bus_lcPushy": 0.2036, "bus_lcSublane": 0.5182, "bus_tau_mean": 1.4909, "bus_tau_std": 6.6774, "bus_v_mean": 21.3548, "bus_v_std": 7.6815, "car_acc": 1.8286, "car_dcc": 1.8377, "car_lcAssertive": 23.6034, "car_lcCooperative": 0.1472, "car_lcLookaheadLeft": 4.0731, "car_lcPushy": 0.5694, "car_lcSublane": 0.1795, "car_tau_mean": 1.5301, "car_tau_std": 6.4914, "car_v_mean": 13.1443, "car_v_std": 5.4888}, "datetime": {"datetime": "2024-08-05 17:51:12", "elapsed": 295.48108, "delta": 2.165727}}
{"target": -0.028833706613337014, "params": {"bus_acc": 1.777, "bus_dcc": 1.1732, "bus_lcAssertive": 70.0789, "bus_lcCooperative": 0.9869, "bus_lcLookaheadLeft": 69.5045, "bus_lcPushy": 0.5695, "bus_lcSublane": 0.9988, "bus_tau_mean": 0.5, "bus_tau_std": 6.3844, "bus_v_mean": 22.83, "bus_v_std": 10.0, "car_acc": 1.0, "car_dcc": 2.685, "car_lcAssertive": 1.0, "car_lcCooperative": 0.1723, "car_lcLookaheadLeft": 2.0, "car_lcPushy": 0.9923, "car_lcSublane": 0.8879, "car_tau_mean": 0.5, "car_tau_std": 9.8297, "car_v_mean": 8.0, "car_v_std": 2.3348}, "datetime": {"datetime": "2024-08-05 17:51:15", "elapsed": 298.72134, "delta": 3.24026}}
{"target": -0.06940311458399873, "params": {"bus_acc": 2.0889, "bus_dcc": 1.1443, "bus_lcAssertive": 49.4921, "bus_lcCooperative": 0.4234, "bus_lcLookaheadLeft": 38.4221, "bus_lcPushy": 0.3797, "bus_lcSublane": 0.5887, "bus_tau_mean": 2.5012, "bus_tau_std": 6.5309, "bus_v_mean": 13.801, "bus_v_std": 4.2249, "car_acc": 1.9157, "car_dcc": 3.2277, "car_lcAssertive": 18.0276, "car_lcCooperative": 0.9983, "car_lcLookaheadLeft": 84.1385, "car_lcPushy": 0.8814, "car_lcSublane": 0.4576, "car_tau_mean": 0.601, "car_tau_std": 6.1441, "car_v_mean": 20.2985, "car_v_std": 2.3256}, "datetime": {"datetime": "2024-08-05 17:51:16", "elapsed": 299.861445, "delta": 1.140105}}
{"target": -0.06440032227092712, "params": {"bus_acc": 1.311, "bus_dcc": 3.2302, "bus_lcAssertive": 88.2549, "bus_lcCooperative": 0.9802, "bus_lcLookaheadLeft": 88.3629, "bus_lcPushy": 0.2762, "bus_lcSublane": 0.877, "bus_tau_mean": 3.049, "bus_tau_std": 1.9649, "bus_v_mean": 8.7433, "bus_v_std": 8.1057, "car_acc": 1.7944, "car_dcc": 3.061, "car_lcAssertive": 67.0304, "car_lcCooperative": 0.9556, "car_lcLookaheadLeft": 62.2855, "car_lcPushy": 0.7983, "car_lcSublane": 0.0363, "car_tau_mean": 1.7652, "car_tau_std": 9.1669, "car_v_mean": 19.0272, "car_v_std": 9.2795}, "datetime": {"datetime": "2024-08-05 17:51:18", "elapsed": 302.050233, "delta": 2.188788}}
{"target": -0.057543076879400655, "params": {"bus_acc": 1.3029, "bus_dcc": 3.7202, "bus_lcAssertive": 10.0254, "bus_lcCooperative": 0.054, "bus_lcLookaheadLeft": 61.1986, "bus_lcPushy": 0.0784, "bus_lcSublane": 0.6506, "bus_tau_mean": 1.5086, "bus_tau_std": 4.7668, "bus_v_mean": 22.532, "bus_v_std": 8.0155, "car_acc": 1.2435, "car_dcc": 3.3549, "car_lcAssertive": 36.2157, "car_lcCooperative": 0.4852, "car_lcLookaheadLeft": 48.0535, "car_lcPushy": 0.9256, "car_lcSublane": 0.1858, "car_tau_mean": 2.8041, "car_tau_std": 1.1315, "car_v_mean": 21.0643, "car_v_std": 5.1602}, "datetime": {"datetime": "2024-08-05 17:51:20", "elapsed": 303.475462, "delta": 1.425229}}
{"target": -0.0693678439694833, "params": {"bus_acc": 1.1693, "bus_dcc": 1.5415, "bus_lcAssertive": 37.0054, "bus_lcCooperative": 0.3715, "bus_lcLookaheadLeft": 15.7146, "bus_lcPushy": 0.3539, "bus_lcSublane": 0.3941, "bus_tau_mean": 0.65, "bus_tau_std": 5.8869, "bus_v_mean": 10.9311, "bus_v_std": 6.9052, "car_acc": 2.4878, "car_dcc": 3.4223, "car_lcAssertive": 58.3142, "car_lcCooperative": 0.9746, "car_lcLookaheadLeft": 77.8258, "car_lcPushy": 0.5529, "car_lcSublane": 0.3483, "car_tau_mean": 1.2716, "car_tau_std": 0.0141, "car_v_mean": 22.0174, "car_v_std": 1.2687}, "datetime": {"datetime": "2024-08-05 17:51:21", "elapsed": 304.904582, "delta": 1.42912}}
{"target": -0.0502856354007112, "params": {"bus_acc": 2.8941, "bus_dcc": 1.6615, "bus_lcAssertive": 73.4986, "bus_lcCooperative": 0.0982, "bus_lcLookaheadLeft": 81.9012, "bus_lcPushy": 0.7781, "bus_lcSublane": 0.6397, "bus_tau_mean": 3.6159, "bus_tau_std": 4.1226, "bus_v_mean": 14.8191, "bus_v_std": 2.5534, "car_acc": 1.0143, "car_dcc": 1.5345, "car_lcAssertive": 6.6282, "car_lcCooperative": 0.8756, "car_lcLookaheadLeft": 61.6272, "car_lcPushy": 0.8866, "car_lcSublane": 0.1305, "car_tau_mean": 0.8046, "car_tau_std": 4.1612, "car_v_mean": 21.6626, "car_v_std": 5.5948}, "datetime": {"datetime": "2024-08-05 17:51:22", "elapsed": 305.907061, "delta": 1.002479}}
{"target": -0.05634526815832386, "params": {"bus_acc": 1.3395, "bus_dcc": 1.1875, "bus_lcAssertive": 76.6578, "bus_lcCooperative": 0.6751, "bus_lcLookaheadLeft": 74.5595, "bus_lcPushy": 0.2638, "bus_lcSublane": 1.0, "bus_tau_mean": 0.7164, "bus_tau_std": 7.3044, "bus_v_mean": 16.5036, "bus_v_std": 10.0, "car_acc": 1.0, "car_dcc": 1.9497, "car_lcAssertive": 4.5519, "car_lcCooperative": 0.1894, "car_lcLookaheadLeft": 5.9769, "car_lcPushy": 0.5591, "car_lcSublane": 0.0, "car_tau_mean": 0.5, "car_tau_std": 8.3261, "car_v_mean": 9.7733, "car_v_std": 0.7386}, "datetime": {"datetime": "2024-08-05 17:51:24", "elapsed": 307.77108, "delta": 1.864019}}
{"target": -0.05600973420785653, "params": {"bus_acc": 1.5579, "bus_dcc": 1.0, "bus_lcAssertive": 77.1714, "bus_lcCooperative": 0.8315, "bus_lcLookaheadLeft": 71.1201, "bus_lcPushy": 0.0, "bus_lcSublane": 1.0, "bus_tau_mean": 0.5, "bus_tau_std": 8.487, "bus_v_mean": 18.2711, "bus_v_std": 10.0, "car_acc": 1.0, "car_dcc": 3.0903, "car_lcAssertive": 1.0, "car_lcCooperative": 0.3153, "car_lcLookaheadLeft": 2.0, "car_lcPushy": 0.2153, "car_lcSublane": 0.0, "car_tau_mean": 0.5, "car_tau_std": 10.0, "car_v_mean": 8.0, "car_v_std": 0.0}, "datetime": {"datetime": "2024-08-05 17:51:25", "elapsed": 308.915858, "delta": 1.144778}}
{"target": -0.04782034699429844, "params": {"bus_acc": 1.4858, "bus_dcc": 3.1678, "bus_lcAssertive": 15.1074, "bus_lcCooperative": 0.7657, "bus_lcLookaheadLeft": 19.5203, "bus_lcPushy": 0.4598, "bus_lcSublane": 0.1971, "bus_tau_mean": 1.7369, "bus_tau_std": 7.0271, "bus_v_mean": 8.1481, "bus_v_std": 5.0439, "car_acc": 2.154, "car_dcc": 1.0966, "car_lcAssertive": 75.9389, "car_lcCooperative": 0.6408, "car_lcLookaheadLeft": 99.7469, "car_lcPushy": 0.8596, "car_lcSublane": 0.848, "car_tau_mean": 1.0756, "car_tau_std": 6.9968, "car_v_mean": 15.3223, "car_v_std": 9.3889}, "datetime": {"datetime": "2024-08-05 17:51:27", "elapsed": 310.485541, "delta": 1.569683}}
{"target": -0.04597848940813377, "params": {"bus_acc": 1.3331, "bus_dcc": 1.594, "bus_lcAssertive": 69.4141, "bus_lcCooperative": 0.5762, "bus_lcLookaheadLeft": 87.5881, "bus_lcPushy": 0.2471, "bus_lcSublane": 0.632, "bus_tau_mean": 0.6229, "bus_tau_std": 5.1644, "bus_v_mean": 21.814, "bus_v_std": 9.8434, "car_acc": 1.0222, "car_dcc": 1.7609, "car_lcAssertive": 23.1635, "car_lcCooperative": 0.05, "car_lcLookaheadLeft": 2.9993, "car_lcPushy": 0.4926, "car_lcSublane": 0.0479, "car_tau_mean": 1.4766, "car_tau_std": 6.4022, "car_v_mean": 12.7175, "car_v_std": 2.699}, "datetime": {"datetime": "2024-08-05 17:51:28", "elapsed": 312.097621, "delta": 1.61208}}
{"target": -0.06686951647723528, "params": {"bus_acc": 1.5925, "bus_dcc": 3.33, "bus_lcAssertive": 95.4176, "bus_lcCooperative": 0.8132, "bus_lcLookaheadLeft": 16.8927, "bus_lcPushy": 0.4282, "bus_lcSublane": 0.9643, "bus_tau_mean": 0.8516, "bus_tau_std": 2.9667, "bus_v_mean": 10.7312, "bus_v_std": 7.7975, "car_acc": 1.7232, "car_dcc": 3.0337, "car_lcAssertive": 18.9736, "car_lcCooperative": 0.3746, "car_lcLookaheadLeft": 78.7756, "car_lcPushy": 0.732, "car_lcSublane": 0.1994, "car_tau_mean": 2.9531, "car_tau_std": 7.4125, "car_v_mean": 22.2348, "car_v_std": 8.9425}, "datetime": {"datetime": "2024-08-05 17:51:30", "elapsed": 313.453954, "delta": 1.356333}}
{"target": -0.06253171527306504, "params": {"bus_acc": 2.2501, "bus_dcc": 2.5323, "bus_lcAssertive": 68.0244, "bus_lcCooperative": 0.9853, "bus_lcLookaheadLeft": 87.8334, "bus_lcPushy": 0.3765, "bus_lcSublane": 0.8267, "bus_tau_mean": 0.6702, "bus_tau_std": 2.1293, "bus_v_mean": 18.8779, "bus_v_std": 4.9226, "car_acc": 1.9561, "car_dcc": 1.0315, "car_lcAssertive": 26.8866, "car_lcCooperative": 0.7381, "car_lcLookaheadLeft": 4.4405, "car_lcPushy": 0.5247, "car_lcSublane": 0.4025, "car_tau_mean": 1.0504, "car_tau_std": 5.2484, "car_v_mean": 13.6193, "car_v_std": 2.1779}, "datetime": {"datetime": "2024-08-05 17:51:31", "elapsed": 314.694989, "delta": 1.241035}}
