{"target": -0.33125810734113253, "params": {"bus_acc": 1.4286, "bus_dcc": 1.4965, "bus_lcAssertive": 19.2866, "bus_lcCooperative": 0.9722, "bus_lcLookaheadLeft": 27.3213, "bus_lcPushy": 0.7512, "bus_lcSigma": 0.4666, "bus_lcSpeedGainRight": 1.6481, "bus_lcSublane": 0.4432, "bus_sigma": 0.4824, "bus_tau_mean": 0.5315, "bus_tau_std": 10.0, "bus_v_mean": 17.4338, "bus_v_std": 12.4073, "car_acc": 3.5235, "car_dcc": 1.502, "car_lcAssertive": 48.051, "car_lcCooperative": 0.5399, "car_lcLookaheadLeft": 68.135, "car_lcPushy": 0.5344, "car_lcSigma": 0.2404, "car_lcSpeedGainRight": 3.471, "car_lcSublane": 0.5814, "car_sigma": 0.5458, "car_tau_mean": 3.822, "car_tau_std": 4.8443, "car_v_mean": 18.0275, "car_v_std": 2.8427}, "datetime": {"datetime": "2024-08-08 17:36:48", "elapsed": 793.337078, "delta": 8.349316}}
{"target": -0.49553066947669583, "params": {"bus_acc": 2.2568, "bus_dcc": 2.9252, "bus_lcAssertive": 6.0554, "bus_lcCooperative": 0.9655, "bus_lcLookaheadLeft": 44.292, "bus_lcPushy": 0.3798, "bus_lcSigma": 0.5398, "bus_lcSpeedGainRight": 0.5594, "bus_lcSublane": 0.1501, "bus_sigma": 0.8814, "bus_tau_mean": 2.8446, "bus_tau_std": 6.6601, "bus_v_mean": 20.5736, "bus_v_std": 3.0638, "car_acc": 4.6565, "car_dcc": 2.82, "car_lcAssertive": 80.7734, "car_lcCooperative": 0.0567, "car_lcLookaheadLeft": 59.6999, "car_lcPushy": 0.7413, "car_lcSigma": 0.0326, "car_lcSpeedGainRight": 1.1041, "car_lcSublane": 0.5503, "car_sigma": 0.9449, "car_tau_mean": 1.9118, "car_tau_std": 3.6348, "car_v_mean": 23.3389, "car_v_std": 3.7204}, "datetime": {"datetime": "2024-08-08 17:36:59", "elapsed": 804.658216, "delta": 11.321138}}
{"target": -0.4684610207160395, "params": {"bus_acc": 2.4572, "bus_dcc": 3.6689, "bus_lcAssertive": 78.213, "bus_lcCooperative": 0.8284, "bus_lcLookaheadLeft": 70.6456, "bus_lcPushy": 0.0551, "bus_lcSigma": 0.1166, "bus_lcSpeedGainRight": 2.5103, "bus_lcSublane": 0.655, "bus_sigma": 0.8189, "bus_tau_mean": 2.8005, "bus_tau_std": 6.7566, "bus_v_mean": 21.8423, "bus_v_std": 13.9981, "car_acc": 2.6691, "car_dcc": 1.1541, "car_lcAssertive": 28.6467, "car_lcCooperative": 0.1086, "car_lcLookaheadLeft": 68.5441, "car_lcPushy": 0.5521, "car_lcSigma": 0.5542, "car_lcSpeedGainRight": 4.2936, "car_lcSublane": 0.4852, "car_sigma": 0.1049, "car_tau_mean": 1.4776, "car_tau_std": 6.7432, "car_v_mean": 21.2476, "car_v_std": 1.6925}, "datetime": {"datetime": "2024-08-08 17:37:05", "elapsed": 810.293755, "delta": 5.635539}}
{"target": -0.2850564185285248, "params": {"bus_acc": 3.4828, "bus_dcc": 1.7797, "bus_lcAssertive": 65.5116, "bus_lcCooperative": 0.4153, "bus_lcLookaheadLeft": 11.8281, "bus_lcPushy": 0.2044, "bus_lcSigma": 0.8591, "bus_lcSpeedGainRight": 0.7135, "bus_lcSublane": 0.5853, "bus_sigma": 0.2759, "bus_tau_mean": 0.9126, "bus_tau_std": 4.1137, "bus_v_mean": 11.0117, "bus_v_std": 14.7446, "car_acc": 1.869, "car_dcc": 3.5821, "car_lcAssertive": 84.4794, "car_lcCooperative": 0.265, "car_lcLookaheadLeft": 6.2932, "car_lcPushy": 0.6759, "car_lcSigma": 0.6008, "car_lcSpeedGainRight": 3.7856, "car_lcSublane": 0.6606, "car_sigma": 0.5432, "car_tau_mean": 2.7892, "car_tau_std": 7.5034, "car_v_mean": 10.8641, "car_v_std": 0.6172}, "datetime": {"datetime": "2024-08-08 17:37:24", "elapsed": 829.81645, "delta": 19.522695}}
{"target": -0.2990957650943426, "params": {"bus_acc": 3.5114, "bus_dcc": 1.8083, "bus_lcAssertive": 65.5257, "bus_lcCooperative": 0.4243, "bus_lcLookaheadLeft": 11.8567, "bus_lcPushy": 0.2184, "bus_lcSigma": 0.8588, "bus_lcSpeedGainRight": 0.7133, "bus_lcSublane": 0.5873, "bus_sigma": 0.29, "bus_tau_mean": 0.9124, "bus_tau_std": 4.1423, "bus_v_mean": 11.0403, "bus_v_std": 14.7732, "car_acc": 1.8975, "car_dcc": 3.5695, "car_lcAssertive": 84.4935, "car_lcCooperative": 0.2791, "car_lcLookaheadLeft": 6.3218, "car_lcPushy": 0.6742, "car_lcSigma": 0.6005, "car_lcSpeedGainRight": 3.8055, "car_lcSublane": 0.6596, "car_sigma": 0.5429, "car_tau_mean": 2.809, "car_tau_std": 7.532, "car_v_mean": 10.8927, "car_v_std": 0.6313}, "datetime": {"datetime": "2024-08-08 17:37:32", "elapsed": 837.742014, "delta": 7.925564}}
{"target": -0.3952606523036668, "params": {"bus_acc": 3.2229, "bus_dcc": 2.5019, "bus_lcAssertive": 90.8651, "bus_lcCooperative": 0.6306, "bus_lcLookaheadLeft": 76.9744, "bus_lcPushy": 0.6436, "bus_lcSigma": 0.463, "bus_lcSpeedGainRight": 3.8417, "bus_lcSublane": 0.0283, "bus_sigma": 0.3669, "bus_tau_mean": 0.9983, "bus_tau_std": 8.1104, "bus_v_mean": 21.23, "bus_v_std": 9.6602, "car_acc": 3.3126, "car_dcc": 1.8555, "car_lcAssertive": 41.7791, "car_lcCooperative": 0.9576, "car_lcLookaheadLeft": 96.8464, "car_lcPushy": 0.1465, "car_lcSigma": 0.7205, "car_lcSpeedGainRight": 1.009, "car_lcSublane": 0.6719, "car_sigma": 0.3849, "car_tau_mean": 2.0192, "car_tau_std": 5.9234, "car_v_mean": 19.3467, "car_v_std": 0.0669}, "datetime": {"datetime": "2024-08-08 17:37:45", "elapsed": 850.276817, "delta": 12.534803}}
{"target": -0.39516675463642387, "params": {"bus_acc": 2.9288, "bus_dcc": 1.7769, "bus_lcAssertive": 9.0579, "bus_lcCooperative": 0.6213, "bus_lcLookaheadLeft": 81.9572, "bus_lcPushy": 0.0908, "bus_lcSigma": 0.6197, "bus_lcSpeedGainRight": 1.4423, "bus_lcSublane": 0.1429, "bus_sigma": 0.9816, "bus_tau_mean": 3.0772, "bus_tau_std": 6.5434, "bus_v_mean": 13.669, "bus_v_std": 6.1602, "car_acc": 3.3213, "car_dcc": 1.1164, "car_lcAssertive": 66.0405, "car_lcCooperative": 0.3058, "car_lcLookaheadLeft": 86.3739, "car_lcPushy": 0.1172, "car_lcSigma": 0.2488, "car_lcSpeedGainRight": 0.2095, "car_lcSublane": 0.108, "car_sigma": 0.15, "car_tau_mean": 1.3513, "car_tau_std": 9.0571, "car_v_mean": 18.3195, "car_v_std": 4.2733}, "datetime": {"datetime": "2024-08-08 17:37:52", "elapsed": 857.281846, "delta": 7.005029}}
{"target": -0.33538853981265265, "params": {"bus_acc": 3.2549, "bus_dcc": 1.173, "bus_lcAssertive": 62.9065, "bus_lcCooperative": 0.5883, "bus_lcLookaheadLeft": 45.2573, "bus_lcPushy": 0.3642, "bus_lcSigma": 0.7241, "bus_lcSpeedGainRight": 0.3933, "bus_lcSublane": 0.4851, "bus_sigma": 0.3297, "bus_tau_mean": 3.0682, "bus_tau_std": 0.7958, "bus_v_mean": 15.4802, "bus_v_std": 9.1718, "car_acc": 3.2199, "car_dcc": 1.5652, "car_lcAssertive": 76.7355, "car_lcCooperative": 0.1421, "car_lcLookaheadLeft": 67.2895, "car_lcPushy": 0.7365, "car_lcSigma": 0.1059, "car_lcSpeedGainRight": 3.3958, "car_lcSublane": 0.4901, "car_sigma": 0.9385, "car_tau_mean": 2.8826, "car_tau_std": 2.6967, "car_v_mean": 22.0722, "car_v_std": 3.0676}, "datetime": {"datetime": "2024-08-08 17:38:04", "elapsed": 869.10527, "delta": 11.823424}}
{"target": -0.3384856418194177, "params": {"bus_acc": 3.1806, "bus_dcc": 3.5602, "bus_lcAssertive": 24.2404, "bus_lcCooperative": 0.4147, "bus_lcLookaheadLeft": 93.3909, "bus_lcPushy": 0.6237, "bus_lcSigma": 0.9641, "bus_lcSpeedGainRight": 4.1511, "bus_lcSublane": 0.7101, "bus_sigma": 0.0629, "bus_tau_mean": 1.2959, "bus_tau_std": 3.7081, "bus_v_mean": 8.8061, "bus_v_std": 11.8504, "car_acc": 3.05, "car_dcc": 3.913, "car_lcAssertive": 86.1269, "car_lcCooperative": 0.2587, "car_lcLookaheadLeft": 95.097, "car_lcPushy": 0.4084, "car_lcSigma": 0.9673, "car_lcSpeedGainRight": 4.7299, "car_lcSublane": 0.2761, "car_sigma": 0.3682, "car_tau_mean": 1.3652, "car_tau_std": 8.0898, "car_v_mean": 20.7644, "car_v_std": 3.2409}, "datetime": {"datetime": "2024-08-08 17:38:20", "elapsed": 885.991842, "delta": 16.886572}}
{"target": -0.3079521586702515, "params": {"bus_acc": 3.4837, "bus_dcc": 1.7807, "bus_lcAssertive": 65.5128, "bus_lcCooperative": 0.4165, "bus_lcLookaheadLeft": 11.829, "bus_lcPushy": 0.2055, "bus_lcSigma": 0.8597, "bus_lcSpeedGainRight": 0.7142, "bus_lcSublane": 0.5865, "bus_sigma": 0.2771, "bus_tau_mean": 0.9132, "bus_tau_std": 4.1146, "bus_v_mean": 11.0127, "bus_v_std": 14.7455, "car_acc": 1.8699, "car_dcc": 3.583, "car_lcAssertive": 84.4806, "car_lcCooperative": 0.2662, "car_lcLookaheadLeft": 6.2941, "car_lcPushy": 0.6771, "car_lcSigma": 0.6014, "car_lcSpeedGainRight": 3.7865, "car_lcSublane": 0.6618, "car_sigma": 0.5438, "car_tau_mean": 2.7901, "car_tau_std": 7.5043, "car_v_mean": 10.865, "car_v_std": 0.6184}, "datetime": {"datetime": "2024-08-08 17:38:27", "elapsed": 892.920474, "delta": 6.928632}}
{"target": -0.23517975750689632, "params": {"bus_acc": 1.0, "bus_dcc": 1.0, "bus_lcAssertive": 28.3708, "bus_lcCooperative": 0.0, "bus_lcLookaheadLeft": 100.0, "bus_lcPushy": 0.7425, "bus_lcSigma": 0.0, "bus_lcSpeedGainRight": 3.2673, "bus_lcSublane": 0.7306, "bus_sigma": 0.0, "bus_tau_mean": 0.5, "bus_tau_std": 1.1253, "bus_v_mean": 24.0, "bus_v_std": 19.76, "car_acc": 4.4605, "car_dcc": 4.0, "car_lcAssertive": 1.0, "car_lcCooperative": 0.0, "car_lcLookaheadLeft": 6.8763, "car_lcPushy": 0.0, "car_lcSigma": 1.0, "car_lcSpeedGainRight": 5.0, "car_lcSublane": 0.9965, "car_sigma": 0.2294, "car_tau_mean": 2.3361, "car_tau_std": 10.0, "car_v_mean": 24.0, "car_v_std": 9.8561}, "datetime": {"datetime": "2024-08-08 17:38:37", "elapsed": 902.209565, "delta": 9.289091}}
{"target": -0.29304173944966294, "params": {"bus_acc": 3.4851, "bus_dcc": 1.7821, "bus_lcAssertive": 65.5132, "bus_lcCooperative": 0.4169, "bus_lcLookaheadLeft": 11.8304, "bus_lcPushy": 0.2059, "bus_lcSigma": 0.8597, "bus_lcSpeedGainRight": 0.7142, "bus_lcSublane": 0.5869, "bus_sigma": 0.2775, "bus_tau_mean": 0.9133, "bus_tau_std": 4.116, "bus_v_mean": 11.0141, "bus_v_std": 14.7469, "car_acc": 1.8713, "car_dcc": 3.5844, "car_lcAssertive": 84.481, "car_lcCooperative": 0.2666, "car_lcLookaheadLeft": 6.2955, "car_lcPushy": 0.6775, "car_lcSigma": 0.6014, "car_lcSpeedGainRight": 3.7879, "car_lcSublane": 0.6622, "car_sigma": 0.5438, "car_tau_mean": 2.7915, "car_tau_std": 7.5057, "car_v_mean": 10.8664, "car_v_std": 0.6188}, "datetime": {"datetime": "2024-08-08 17:38:46", "elapsed": 911.377346, "delta": 9.167781}}
{"target": -0.29613436004015337, "params": {"bus_acc": 3.5041, "bus_dcc": 1.801, "bus_lcAssertive": 65.5227, "bus_lcCooperative": 0.4264, "bus_lcLookaheadLeft": 11.8494, "bus_lcPushy": 0.2154, "bus_lcSigma": 0.8593, "bus_lcSpeedGainRight": 0.7138, "bus_lcSublane": 0.5963, "bus_sigma": 0.287, "bus_tau_mean": 0.9129, "bus_tau_std": 4.135, "bus_v_mean": 11.033, "bus_v_std": 14.7659, "car_acc": 1.8902, "car_dcc": 3.5852, "car_lcAssertive": 84.4905, "car_lcCooperative": 0.2761, "car_lcLookaheadLeft": 6.3145, "car_lcPushy": 0.6869, "car_lcSigma": 0.601, "car_lcSpeedGainRight": 3.8068, "car_lcSublane": 0.6717, "car_sigma": 0.5434, "car_tau_mean": 2.8105, "car_tau_std": 7.5246, "car_v_mean": 10.8854, "car_v_std": 0.6283}, "datetime": {"datetime": "2024-08-08 17:38:51", "elapsed": 917.071479, "delta": 5.694133}}
{"target": -0.2963745879725798, "params": {"bus_acc": 3.4698, "bus_dcc": 1.7667, "bus_lcAssertive": 65.5062, "bus_lcCooperative": 0.4099, "bus_lcLookaheadLeft": 11.8151, "bus_lcPushy": 0.1989, "bus_lcSigma": 0.8595, "bus_lcSpeedGainRight": 0.714, "bus_lcSublane": 0.5798, "bus_sigma": 0.2705, "bus_tau_mean": 0.9131, "bus_tau_std": 4.1007, "bus_v_mean": 10.9987, "bus_v_std": 14.7316, "car_acc": 1.8559, "car_dcc": 3.569, "car_lcAssertive": 84.474, "car_lcCooperative": 0.2596, "car_lcLookaheadLeft": 6.2802, "car_lcPushy": 0.6704, "car_lcSigma": 0.6012, "car_lcSpeedGainRight": 3.7725, "car_lcSublane": 0.6552, "car_sigma": 0.5436, "car_tau_mean": 2.7761, "car_tau_std": 7.4903, "car_v_mean": 10.8511, "car_v_std": 0.6118}, "datetime": {"datetime": "2024-08-08 17:38:56", "elapsed": 921.529498, "delta": 4.458019}}
{"target": -0.3081746882819334, "params": {"bus_acc": 3.4808, "bus_dcc": 1.7777, "bus_lcAssertive": 65.5109, "bus_lcCooperative": 0.4146, "bus_lcLookaheadLeft": 11.8261, "bus_lcPushy": 0.2037, "bus_lcSigma": 0.8595, "bus_lcSpeedGainRight": 0.714, "bus_lcSublane": 0.5846, "bus_sigma": 0.2752, "bus_tau_mean": 0.9131, "bus_tau_std": 4.1117, "bus_v_mean": 11.0097, "bus_v_std": 14.7426, "car_acc": 1.867, "car_dcc": 3.5801, "car_lcAssertive": 84.4787, "car_lcCooperative": 0.2643, "car_lcLookaheadLeft": 6.2912, "car_lcPushy": 0.6752, "car_lcSigma": 0.6012, "car_lcSpeedGainRight": 3.7835, "car_lcSublane": 0.6599, "car_sigma": 0.5436, "car_tau_mean": 2.7872, "car_tau_std": 7.5014, "car_v_mean": 10.8621, "car_v_std": 0.6165}, "datetime": {"datetime": "2024-08-08 17:39:04", "elapsed": 929.607939, "delta": 8.078441}}
{"target": -0.31656202872712047, "params": {"bus_acc": 2.1628, "bus_dcc": 2.8807, "bus_lcAssertive": 51.3449, "bus_lcCooperative": 0.6926, "bus_lcLookaheadLeft": 59.5411, "bus_lcPushy": 0.7058, "bus_lcSigma": 0.3265, "bus_lcSpeedGainRight": 1.7451, "bus_lcSublane": 0.8064, "bus_sigma": 0.583, "bus_tau_mean": 2.2401, "bus_tau_std": 5.7659, "bus_v_mean": 13.8312, "bus_v_std": 11.9858, "car_acc": 3.4329, "car_dcc": 1.9799, "car_lcAssertive": 80.5307, "car_lcCooperative": 0.299, "car_lcLookaheadLeft": 77.3858, "car_lcPushy": 0.4949, "car_lcSigma": 0.3744, "car_lcSpeedGainRight": 1.7035, "car_lcSublane": 0.3776, "car_sigma": 0.578, "car_tau_mean": 2.6184, "car_tau_std": 7.9901, "car_v_mean": 22.0987, "car_v_std": 7.5411}, "datetime": {"datetime": "2024-08-08 17:39:11", "elapsed": 936.773153, "delta": 7.165214}}
{"target": -0.3544370400456533, "params": {"bus_acc": 3.6407, "bus_dcc": 3.8474, "bus_lcAssertive": 52.1032, "bus_lcCooperative": 0.1961, "bus_lcLookaheadLeft": 21.898, "bus_lcPushy": 0.1694, "bus_lcSigma": 0.4728, "bus_lcSpeedGainRight": 0.125, "bus_lcSublane": 0.8087, "bus_sigma": 0.0935, "bus_tau_mean": 3.8868, "bus_tau_std": 3.4439, "bus_v_mean": 12.1269, "bus_v_std": 9.7963, "car_acc": 2.576, "car_dcc": 2.427, "car_lcAssertive": 90.7929, "car_lcCooperative": 0.8592, "car_lcLookaheadLeft": 67.8125, "car_lcPushy": 0.8223, "car_lcSigma": 0.4245, "car_lcSpeedGainRight": 0.7936, "car_lcSublane": 0.2462, "car_sigma": 0.6339, "car_tau_mean": 3.0389, "car_tau_std": 9.7988, "car_v_mean": 21.7188, "car_v_std": 2.8708}, "datetime": {"datetime": "2024-08-08 17:39:16", "elapsed": 941.25181, "delta": 4.478657}}
{"target": -0.30256918237068225, "params": {"bus_acc": 2.468, "bus_dcc": 2.3267, "bus_lcAssertive": 15.8042, "bus_lcCooperative": 0.2592, "bus_lcLookaheadLeft": 75.3988, "bus_lcPushy": 0.2997, "bus_lcSigma": 0.2732, "bus_lcSpeedGainRight": 3.9664, "bus_lcSublane": 0.1456, "bus_sigma": 0.4679, "bus_tau_mean": 1.1764, "bus_tau_std": 7.1264, "bus_v_mean": 11.3158, "bus_v_std": 4.1232, "car_acc": 2.9825, "car_dcc": 2.8248, "car_lcAssertive": 35.2736, "car_lcCooperative": 0.4242, "car_lcLookaheadLeft": 38.0008, "car_lcPushy": 0.6445, "car_lcSigma": 0.7645, "car_lcSpeedGainRight": 1.2018, "car_lcSublane": 0.294, "car_sigma": 0.745, "car_tau_mean": 1.8102, "car_tau_std": 3.8429, "car_v_mean": 23.2414, "car_v_std": 11.4535}, "datetime": {"datetime": "2024-08-08 17:39:25", "elapsed": 950.417551, "delta": 9.165741}}
{"target": -0.29572745861692123, "params": {"bus_acc": 3.4886, "bus_dcc": 1.7855, "bus_lcAssertive": 65.515, "bus_lcCooperative": 0.4187, "bus_lcLookaheadLeft": 11.8339, "bus_lcPushy": 0.2078, "bus_lcSigma": 0.8598, "bus_lcSpeedGainRight": 0.7142, "bus_lcSublane": 0.5887, "bus_sigma": 0.2793, "bus_tau_mean": 0.9133, "bus_tau_std": 4.1195, "bus_v_mean": 11.0175, "bus_v_std": 14.7504, "car_acc": 1.8747, "car_dcc": 3.5849, "car_lcAssertive": 84.4828, "car_lcCooperative": 0.2685, "car_lcLookaheadLeft": 6.299, "car_lcPushy": 0.6793, "car_lcSigma": 0.6015, "car_lcSpeedGainRight": 3.7913, "car_lcSublane": 0.664, "car_sigma": 0.5439, "car_tau_mean": 2.795, "car_tau_std": 7.5091, "car_v_mean": 10.8699, "car_v_std": 0.6206}, "datetime": {"datetime": "2024-08-08 17:39:39", "elapsed": 964.583935, "delta": 14.166384}}
{"target": -0.33702224792259594, "params": {"bus_acc": 3.2023, "bus_dcc": 3.0288, "bus_lcAssertive": 28.2787, "bus_lcCooperative": 0.1983, "bus_lcLookaheadLeft": 88.895, "bus_lcPushy": 0.075, "bus_lcSigma": 0.0835, "bus_lcSpeedGainRight": 2.6711, "bus_lcSublane": 0.1189, "bus_sigma": 0.2176, "bus_tau_mean": 2.0074, "bus_tau_std": 3.5918, "bus_v_mean": 18.8972, "bus_v_std": 2.5645, "car_acc": 1.4605, "car_dcc": 2.5311, "car_lcAssertive": 94.4113, "car_lcCooperative": 0.7229, "car_lcLookaheadLeft": 20.1662, "car_lcPushy": 0.4037, "car_lcSigma": 0.2339, "car_lcSpeedGainRight": 3.2306, "car_lcSublane": 0.3657, "car_sigma": 0.5268, "car_tau_mean": 3.0007, "car_tau_std": 8.2579, "car_v_mean": 14.564, "car_v_std": 16.0665}, "datetime": {"datetime": "2024-08-08 17:39:49", "elapsed": 974.454288, "delta": 9.870353}}
{"target": -0.31175904631540047, "params": {"bus_acc": 3.4701, "bus_dcc": 1.767, "bus_lcAssertive": 65.5056, "bus_lcCooperative": 0.4093, "bus_lcLookaheadLeft": 11.8154, "bus_lcPushy": 0.1983, "bus_lcSigma": 0.8593, "bus_lcSpeedGainRight": 0.7138, "bus_lcSublane": 0.5792, "bus_sigma": 0.2699, "bus_tau_mean": 0.9128, "bus_tau_std": 4.101, "bus_v_mean": 10.999, "bus_v_std": 14.7319, "car_acc": 1.8562, "car_dcc": 3.5693, "car_lcAssertive": 84.4734, "car_lcCooperative": 0.259, "car_lcLookaheadLeft": 6.2805, "car_lcPushy": 0.6698, "car_lcSigma": 0.601, "car_lcSpeedGainRight": 3.7728, "car_lcSublane": 0.6546, "car_sigma": 0.5434, "car_tau_mean": 2.7765, "car_tau_std": 7.4907, "car_v_mean": 10.8514, "car_v_std": 0.6112}, "datetime": {"datetime": "2024-08-08 17:39:59", "elapsed": 984.665224, "delta": 10.210936}}
{"target": -0.2783060064536439, "params": {"bus_acc": 1.4929, "bus_dcc": 3.1061, "bus_lcAssertive": 8.0412, "bus_lcCooperative": 0.0418, "bus_lcLookaheadLeft": 89.1391, "bus_lcPushy": 0.6791, "bus_lcSigma": 0.278, "bus_lcSpeedGainRight": 1.256, "bus_lcSublane": 0.0331, "bus_sigma": 0.9003, "bus_tau_mean": 2.6292, "bus_tau_std": 5.3135, "bus_v_mean": 15.5894, "bus_v_std": 9.9294, "car_acc": 3.2627, "car_dcc": 1.05, "car_lcAssertive": 6.4713, "car_lcCooperative": 0.745, "car_lcLookaheadLeft": 25.5188, "car_lcPushy": 0.1573, "car_lcSigma": 0.0481, "car_lcSpeedGainRight": 4.1675, "car_lcSublane": 0.4373, "car_sigma": 0.1936, "car_tau_mean": 0.8139, "car_tau_std": 7.9742, "car_v_mean": 15.9925, "car_v_std": 1.8405}, "datetime": {"datetime": "2024-08-08 17:40:08", "elapsed": 993.912915, "delta": 9.247691}}
{"target": -0.31651293487701887, "params": {"bus_acc": 3.473, "bus_dcc": 1.7699, "bus_lcAssertive": 65.5074, "bus_lcCooperative": 0.4111, "bus_lcLookaheadLeft": 11.8182, "bus_lcPushy": 0.2002, "bus_lcSigma": 0.8593, "bus_lcSpeedGainRight": 0.7138, "bus_lcSublane": 0.5811, "bus_sigma": 0.2717, "bus_tau_mean": 0.9128, "bus_tau_std": 4.1039, "bus_v_mean": 11.0019, "bus_v_std": 14.7347, "car_acc": 1.8591, "car_dcc": 3.5722, "car_lcAssertive": 84.4752, "car_lcCooperative": 0.2609, "car_lcLookaheadLeft": 6.2834, "car_lcPushy": 0.6717, "car_lcSigma": 0.601, "car_lcSpeedGainRight": 3.7757, "car_lcSublane": 0.6564, "car_sigma": 0.5434, "car_tau_mean": 2.7793, "car_tau_std": 7.4935, "car_v_mean": 10.8543, "car_v_std": 0.613}, "datetime": {"datetime": "2024-08-08 17:40:21", "elapsed": 1006.24934, "delta": 12.336425}}
{"target": -0.36955690950956166, "params": {"bus_acc": 1.2645, "bus_dcc": 2.1594, "bus_lcAssertive": 80.4503, "bus_lcCooperative": 0.6809, "bus_lcLookaheadLeft": 66.5406, "bus_lcPushy": 0.4446, "bus_lcSigma": 0.1191, "bus_lcSpeedGainRight": 1.3117, "bus_lcSublane": 0.1032, "bus_sigma": 0.4455, "bus_tau_mean": 1.825, "bus_tau_std": 8.9024, "bus_v_mean": 21.9436, "bus_v_std": 15.3861, "car_acc": 2.6966, "car_dcc": 3.7997, "car_lcAssertive": 27.361, "car_lcCooperative": 0.9466, "car_lcLookaheadLeft": 68.0383, "car_lcPushy": 0.9346, "car_lcSigma": 0.6165, "car_lcSpeedGainRight": 0.0131, "car_lcSublane": 0.1474, "car_sigma": 0.7758, "car_tau_mean": 3.5771, "car_tau_std": 4.0963, "car_v_mean": 20.8909, "car_v_std": 0.2304}, "datetime": {"datetime": "2024-08-08 17:40:27", "elapsed": 1012.192322, "delta": 5.942982}}
{"target": -0.2970024337578449, "params": {"bus_acc": 2.3698, "bus_dcc": 2.2927, "bus_lcAssertive": 43.7591, "bus_lcCooperative": 0.8999, "bus_lcLookaheadLeft": 87.2743, "bus_lcPushy": 0.5745, "bus_lcSigma": 0.1429, "bus_lcSpeedGainRight": 1.4484, "bus_lcSublane": 0.0078, "bus_sigma": 0.1058, "bus_tau_mean": 1.1302, "bus_tau_std": 8.4352, "bus_v_mean": 22.3472, "bus_v_std": 10.1923, "car_acc": 4.3113, "car_dcc": 2.6921, "car_lcAssertive": 21.2471, "car_lcCooperative": 0.8467, "car_lcLookaheadLeft": 2.9034, "car_lcPushy": 0.5397, "car_lcSigma": 0.3817, "car_lcSpeedGainRight": 2.9184, "car_lcSublane": 0.8664, "car_sigma": 0.046, "car_tau_mean": 2.2508, "car_tau_std": 6.2892, "car_v_mean": 19.9306, "car_v_std": 10.8629}, "datetime": {"datetime": "2024-08-08 17:40:36", "elapsed": 1021.765868, "delta": 9.573546}}
{"target": -0.3160341948081379, "params": {"bus_acc": 3.5107, "bus_dcc": 1.8076, "bus_lcAssertive": 65.526, "bus_lcCooperative": 0.4297, "bus_lcLookaheadLeft": 11.856, "bus_lcPushy": 0.2187, "bus_lcSigma": 0.8593, "bus_lcSpeedGainRight": 0.7138, "bus_lcSublane": 0.5996, "bus_sigma": 0.2903, "bus_tau_mean": 0.9129, "bus_tau_std": 4.1416, "bus_v_mean": 11.0396, "bus_v_std": 14.7725, "car_acc": 1.8968, "car_dcc": 3.6099, "car_lcAssertive": 84.4938, "car_lcCooperative": 0.2794, "car_lcLookaheadLeft": 6.3211, "car_lcPushy": 0.6902, "car_lcSigma": 0.601, "car_lcSpeedGainRight": 3.8134, "car_lcSublane": 0.675, "car_sigma": 0.5434, "car_tau_mean": 2.8171, "car_tau_std": 7.5312, "car_v_mean": 10.892, "car_v_std": 0.6316}, "datetime": {"datetime": "2024-08-08 17:40:42", "elapsed": 1027.874215, "delta": 6.108347}}
