{"target": -0.3241819250793768, "params": {"bus_acc": 1.7913311385916773, "bus_dcc": 2.287992167849477, "bus_lcAssertive": 34.33785387141556, "bus_lcCooperative": 0.991945011907281, "bus_lcLookaheadLeft": 39.263176619491944, "bus_lcPushy": 0.992700873664818, "bus_lcSigma": 0.5188042507334142, "bus_lcSpeedGainRight": 0.8613985073856273, "bus_lcSublane": 0.07457407125147986, "bus_sigma": 0.37030569377388767, "bus_tau_mean": 0.9319660093515546, "bus_tau_std": 6.345187162918417, "bus_v_mean": 14.622717531670542, "bus_v_std": 19.818312650509004, "car_acc": 4.719822494613272, "car_dcc": 1.44770809692925, "car_lcAssertive": 40.09334399114325, "car_lcCooperative": 0.46157971096238615, "car_lcLookaheadLeft": 56.97297800195063, "car_lcPushy": 0.7803635232892685, "car_lcSigma": 0.48719390907342375, "car_lcSpeedGainRight": 2.099967760051204, "car_lcSublane": 0.26199970471933565, "car_sigma": 0.9108061390867584, "car_tau_mean": 0.5779502903648146, "car_tau_std": 8.211218982189646, "car_v_mean": 11.015494394662696, "car_v_std": 13.715137983450944}, "datetime": {"datetime": "2024-08-08 12:03:41", "elapsed": 231.724417, "delta": 4.128993}}
{"target": -0.3653245433217196, "params": {"bus_acc": 3.0721302463776348, "bus_dcc": 2.1182464062924566, "bus_lcAssertive": 71.32510325364133, "bus_lcCooperative": 0.455643424642054, "bus_lcLookaheadLeft": 61.31086372207486, "bus_lcPushy": 0.9904061968899467, "bus_lcSigma": 0.7739162499564685, "bus_lcSpeedGainRight": 1.6713820249691314, "bus_lcSublane": 0.08899822082237796, "bus_sigma": 0.18490559027840836, "bus_tau_mean": 2.3439815656214202, "bus_tau_std": 4.17102418106858, "bus_v_mean": 20.810554530067833, "bus_v_std": 18.664046763733634, "car_acc": 1.7114589918053942, "car_dcc": 3.580200312628649, "car_lcAssertive": 95.78209770634021, "car_lcCooperative": 0.9594706068497821, "car_lcLookaheadLeft": 5.710533596602189, "car_lcPushy": 0.05758350560817371, "car_lcSigma": 0.005797392917688993, "car_lcSpeedGainRight": 1.5634057807773822, "car_lcSublane": 0.05569841271210463, "car_sigma": 0.29386248547054417, "car_tau_mean": 1.746057701109153, "car_tau_std": 9.536770184739218, "car_v_mean": 15.631214759788447, "car_v_std": 5.564768848426606}, "datetime": {"datetime": "2024-08-08 12:03:42", "elapsed": 232.449271, "delta": 0.724854}}
{"target": -0.34892053397528794, "params": {"bus_acc": 4.75211417262541, "bus_dcc": 1.5561415739434068, "bus_lcAssertive": 93.38242051949933, "bus_lcCooperative": 0.9357532076921331, "bus_lcLookaheadLeft": 29.787362333158143, "bus_lcPushy": 0.27463424842386297, "bus_lcSigma": 0.5514315736733725, "bus_lcSpeedGainRight": 0.9264461968427617, "bus_lcSublane": 0.4421011106267658, "bus_sigma": 0.1853176459376844, "bus_tau_mean": 3.8158157128388575, "bus_tau_std": 4.938246574910856, "bus_v_mean": 23.422684278783965, "bus_v_std": 12.898833450244236, "car_acc": 2.9372630921295424, "car_dcc": 3.9030857378835924, "car_lcAssertive": 15.175788389167522, "car_lcCooperative": 0.6323298746664966, "car_lcLookaheadLeft": 66.86506004800617, "car_lcPushy": 0.43383982715272595, "car_lcSigma": 0.05935722533895749, "car_lcSpeedGainRight": 2.463613005830166, "car_lcSublane": 0.46513394351807746, "car_sigma": 0.8067468107748635, "car_tau_mean": 1.398313464835417, "car_tau_std": 3.914303629842686, "car_v_mean": 11.842755315542036, "car_v_std": 13.728868303447282}, "datetime": {"datetime": "2024-08-08 12:03:43", "elapsed": 233.105348, "delta": 0.656077}}
{"target": -0.32010491423675325, "params": {"bus_acc": 2.0400758878267693, "bus_dcc": 1.6041755611411608, "bus_lcAssertive": 59.30196162730165, "bus_lcCooperative": 0.8425182098415589, "bus_lcLookaheadLeft": 34.99866679501538, "bus_lcPushy": 0.5864294214642616, "bus_lcSigma": 0.16224499947880777, "bus_lcSpeedGainRight": 0.9729686761907091, "bus_lcSublane": 0.7613352159920956, "bus_sigma": 0.15009846135204996, "bus_tau_mean": 1.430674643667396, "bus_tau_std": 6.894948631776694, "bus_v_mean": 8.241428922127666, "bus_v_std": 0.6438880773714106, "car_acc": 2.1501037600961146, "car_dcc": 2.0098695415368972, "car_lcAssertive": 36.859394447471104, "car_lcCooperative": 0.8071905755135196, "car_lcLookaheadLeft": 5.526134830546906, "car_lcPushy": 0.3583952446253251, "car_lcSigma": 0.6382781332668243, "car_lcSpeedGainRight": 0.7150205475916133, "car_lcSublane": 0.8577386145114406, "car_sigma": 0.6455644082734328, "car_tau_mean": 0.9035269891800948, "car_tau_std": 2.080974099989472, "car_v_mean": 19.927973291970634, "car_v_std": 8.068132566683456}, "datetime": {"datetime": "2024-08-08 12:03:43", "elapsed": 233.506773, "delta": 0.401425}}
{"target": -0.32113525231744644, "params": {"bus_acc": 4.898961483420329, "bus_dcc": 2.9098132000056918, "bus_lcAssertive": 99.39738943643741, "bus_lcCooperative": 0.5460708041429516, "bus_lcLookaheadLeft": 53.589741522741086, "bus_lcPushy": 0.1354279030721699, "bus_lcSigma": 0.3557051709838811, "bus_lcSpeedGainRight": 0.13109283648186643, "bus_lcSublane": 0.1603951795196491, "bus_sigma": 0.7456371927074961, "bus_tau_mean": 0.6063989147507609, "bus_tau_std": 3.665430972437443, "bus_v_mean": 21.797540045408706, "bus_v_std": 13.853554350147085, "car_acc": 3.763768568264674, "car_dcc": 1.5659104028659327, "car_lcAssertive": 44.74852379409391, "car_lcCooperative": 0.5815774073442912, "car_lcLookaheadLeft": 98.99566735104311, "car_lcPushy": 0.20390622523312185, "car_lcSigma": 0.24773290176235485, "car_lcSpeedGainRight": 1.3108654188645597, "car_lcSublane": 0.7501724132979928, "car_sigma": 0.4569753274356928, "car_tau_mean": 0.6992530344388325, "car_tau_std": 5.085162406102396, "car_v_mean": 11.391362634298815, "car_v_std": 15.972084895204205}, "datetime": {"datetime": "2024-08-08 12:03:44", "elapsed": 234.71814, "delta": 1.211367}}
{"target": -0.36463350657361904, "params": {"bus_acc": 1.6460430819440477, "bus_dcc": 2.0273219234044317, "bus_lcAssertive": 26.9261600062485, "bus_lcCooperative": 0.844526943229479, "bus_lcLookaheadLeft": 80.43256008608736, "bus_lcPushy": 0.4266391582681436, "bus_lcSigma": 0.6070154607890389, "bus_lcSpeedGainRight": 0.7273280513310998, "bus_lcSublane": 0.5096132942175586, "bus_sigma": 0.29694708578690454, "bus_tau_mean": 3.508778337492204, "bus_tau_std": 6.715983809063899, "bus_v_mean": 18.135584201958736, "bus_v_std": 2.4950260013835845, "car_acc": 2.882351517995543, "car_dcc": 3.9597183387606445, "car_lcAssertive": 94.88161823319385, "car_lcCooperative": 0.6450856402604436, "car_lcLookaheadLeft": 16.869037361133415, "car_lcPushy": 0.639126848719905, "car_lcSigma": 0.5656621125439275, "car_lcSpeedGainRight": 2.34332918830626, "car_lcSublane": 0.42803746946827015, "car_sigma": 0.5992697556580301, "car_tau_mean": 3.474894609805879, "car_tau_std": 7.511210403719374, "car_v_mean": 17.26976864475573, "car_v_std": 18.49408363072056}, "datetime": {"datetime": "2024-08-08 12:03:47", "elapsed": 237.27496, "delta": 2.55682}}
{"target": -0.3131384335506408, "params": {"bus_acc": 2.0169294186294096, "bus_dcc": 1.2522590625397885, "bus_lcAssertive": 86.55026538163867, "bus_lcCooperative": 0.44789891562027984, "bus_lcLookaheadLeft": 57.05505353977741, "bus_lcPushy": 0.7367109576935199, "bus_lcSigma": 0.7964888671311956, "bus_lcSpeedGainRight": 2.2375406949515693, "bus_lcSublane": 0.18412755617579835, "bus_sigma": 0.8287328515283018, "bus_tau_mean": 0.6084928593988954, "bus_tau_std": 9.467282696079524, "bus_v_mean": 17.231645543640028, "bus_v_std": 17.50777476901374, "car_acc": 3.4342617478942348, "car_dcc": 1.754978752456971, "car_lcAssertive": 30.316862426094534, "car_lcCooperative": 0.5329225590316532, "car_lcLookaheadLeft": 96.28366485901516, "car_lcPushy": 0.18449560449017766, "car_lcSigma": 0.509898378143109, "car_lcSpeedGainRight": 1.718940517184222, "car_lcSublane": 0.7697253449571857, "car_sigma": 0.802866486432424, "car_tau_mean": 1.9859596860577582, "car_tau_std": 2.0412249999433585, "car_v_mean": 9.073431365261685, "car_v_std": 3.97296528841123}, "datetime": {"datetime": "2024-08-08 12:03:50", "elapsed": 240.058626, "delta": 2.783666}}
{"target": -0.35790824097007445, "params": {"bus_acc": 1.3616388627791944, "bus_dcc": 1.386927952426828, "bus_lcAssertive": 11.420990139615903, "bus_lcCooperative": 0.17272746332288003, "bus_lcLookaheadLeft": 14.390227248389131, "bus_lcPushy": 0.7783008900676276, "bus_lcSigma": 0.039411512184444275, "bus_lcSpeedGainRight": 1.2077920867043201, "bus_lcSublane": 0.8790664013584655, "bus_sigma": 0.9735188608362936, "bus_tau_mean": 2.6189770270446684, "bus_tau_std": 9.762382645603884, "bus_v_mean": 8.695224667439629, "bus_v_std": 18.97145536752015, "car_acc": 2.2451843298246685, "car_dcc": 3.396918521084779, "car_lcAssertive": 81.25228124124325, "car_lcCooperative": 0.8599985915803449, "car_lcLookaheadLeft": 46.9379794684451, "car_lcPushy": 0.9306443921654484, "car_lcSigma": 0.2578929844270399, "car_lcSpeedGainRight": 4.672227462647923, "car_lcSublane": 0.6191196332516605, "car_sigma": 0.9854449149448306, "car_tau_mean": 0.6142535308690733, "car_tau_std": 7.251666588327083, "car_v_mean": 17.048867766086097, "car_v_std": 9.848480947966392}, "datetime": {"datetime": "2024-08-08 12:03:53", "elapsed": 243.610025, "delta": 3.551399}}
{"target": -0.3692961331486705, "params": {"bus_acc": 4.470508838460695, "bus_dcc": 3.5496156443209967, "bus_lcAssertive": 81.03272430400804, "bus_lcCooperative": 0.13069282439738805, "bus_lcLookaheadLeft": 54.52825233253759, "bus_lcPushy": 0.900783114706916, "bus_lcSigma": 0.7708318305538303, "bus_lcSpeedGainRight": 2.103565995125959, "bus_lcSublane": 0.9778803933599658, "bus_sigma": 0.25077315667300226, "bus_tau_mean": 1.667635800967642, "bus_tau_std": 9.54200507429589, "bus_v_mean": 20.939445570964637, "bus_v_std": 18.006800090213236, "car_acc": 1.0463583576395807, "car_dcc": 2.1392932991019844, "car_lcAssertive": 24.31667370437706, "car_lcCooperative": 0.2959350518874113, "car_lcLookaheadLeft": 74.3235586475764, "car_lcPushy": 0.7240848448640741, "car_lcSigma": 0.46179941019906146, "car_lcSpeedGainRight": 1.8263723060354686, "car_lcSublane": 0.5846916130045258, "car_sigma": 0.5337077546342763, "car_tau_mean": 2.427028456527517, "car_tau_std": 6.154770711146577, "car_v_mean": 14.330372356280781, "car_v_std": 15.434369648309168}, "datetime": {"datetime": "2024-08-08 12:03:56", "elapsed": 247.028168, "delta": 3.418143}}
{"target": -0.3534349310622709, "params": {"bus_acc": 2.0797115670601043, "bus_dcc": 3.6876586545882004, "bus_lcAssertive": 43.3810277972582, "bus_lcCooperative": 0.9648400471483856, "bus_lcLookaheadLeft": 67.01726678620791, "bus_lcPushy": 0.6216957202091218, "bus_lcSigma": 0.11474597295337519, "bus_lcSpeedGainRight": 4.747446293535356, "bus_lcSublane": 0.4499121334799405, "bus_sigma": 0.5783896143871318, "bus_tau_mean": 1.928478809664484, "bus_tau_std": 2.3702698024302773, "bus_v_mean": 22.454072328996062, "bus_v_std": 11.473589733445717, "car_acc": 1.0114813081246359, "car_dcc": 2.851434740862172, "car_lcAssertive": 33.337845275437516, "car_lcCooperative": 0.5270581022576093, "car_lcLookaheadLeft": 88.8223257324559, "car_lcPushy": 0.35726976000249977, "car_lcSigma": 0.9085351509197992, "car_lcSpeedGainRight": 3.1168005789590136, "car_lcSublane": 0.015821242846556283, "car_sigma": 0.9294372337437613, "car_tau_mean": 2.9181392113092337, "car_tau_std": 9.973228504514806, "car_v_mean": 10.757448133525257, "car_v_std": 2.742714992577555}, "datetime": {"datetime": "2024-08-08 12:03:57", "elapsed": 247.783378, "delta": 0.75521}}
{"target": -0.3660464817840645, "params": {"bus_acc": 2.6859640417123924, "bus_dcc": 2.665313290025315, "bus_lcAssertive": 97.10345894261806, "bus_lcCooperative": 0.09175383344119148, "bus_lcLookaheadLeft": 28.843973136496388, "bus_lcPushy": 0.10510706908204948, "bus_lcSigma": 0.3904396367376164, "bus_lcSpeedGainRight": 1.4450554159388485, "bus_lcSublane": 0.5133003494679066, "bus_sigma": 0.348256681750747, "bus_tau_mean": 3.7487980638753537, "bus_tau_std": 7.899477963830403, "bus_v_mean": 21.77618189782361, "bus_v_std": 2.590018918857917, "car_acc": 3.3002806679548558, "car_dcc": 1.6443476076545762, "car_lcAssertive": 86.955618572648, "car_lcCooperative": 0.015019421753424078, "car_lcLookaheadLeft": 12.362933082745112, "car_lcPushy": 0.3760570755473156, "car_lcSigma": 0.4020939060931935, "car_lcSpeedGainRight": 1.386100414893413, "car_lcSublane": 0.09606299875993918, "car_sigma": 0.11873040511259358, "car_tau_mean": 1.6128066384656687, "car_tau_std": 9.507928340777205, "car_v_mean": 11.318505037109183, "car_v_std": 14.94560642118445}, "datetime": {"datetime": "2024-08-08 12:03:58", "elapsed": 248.922781, "delta": 1.139403}}
{"target": -0.33956929554562165, "params": {"bus_acc": 3.7288825618958024, "bus_dcc": 1.9319880881915676, "bus_lcAssertive": 47.76497077930874, "bus_lcCooperative": 0.5992558738787634, "bus_lcLookaheadLeft": 38.639120062403535, "bus_lcPushy": 0.874487796621177, "bus_lcSigma": 0.7261725883076274, "bus_lcSpeedGainRight": 4.771703523121056, "bus_lcSublane": 0.3510655228482117, "bus_sigma": 0.9371740887217811, "bus_tau_mean": 2.176852009790104, "bus_tau_std": 6.423226386484714, "bus_v_mean": 19.786355276078197, "bus_v_std": 16.186759380113603, "car_acc": 2.5850374691307754, "car_dcc": 2.3438379355443133, "car_lcAssertive": 81.91042558516232, "car_lcCooperative": 0.7175572030909549, "car_lcLookaheadLeft": 94.20322251871511, "car_lcPushy": 0.9795978714178412, "car_lcSigma": 0.1789133363658466, "car_lcSpeedGainRight": 1.139597059063776, "car_lcSublane": 0.7159864472790468, "car_sigma": 0.7473827346542434, "car_tau_mean": 2.611128439813839, "car_tau_std": 8.772997642215113, "car_v_mean": 12.031847393771816, "car_v_std": 6.789747885935848}, "datetime": {"datetime": "2024-08-08 12:04:02", "elapsed": 252.469594, "delta": 3.546813}}
{"target": -0.3293612101530585, "params": {"bus_acc": 1.2821681789747967, "bus_dcc": 1.2203999630803701, "bus_lcAssertive": 2.459635299094746, "bus_lcCooperative": 0.971820072977926, "bus_lcLookaheadLeft": 11.287157812808454, "bus_lcPushy": 0.8417368261858497, "bus_lcSigma": 0.6851729969076996, "bus_lcSpeedGainRight": 2.4377858374145904, "bus_lcSublane": 0.3466948813585782, "bus_sigma": 0.35364778706700506, "bus_tau_mean": 1.3884360882151552, "bus_tau_std": 9.110179736986264, "bus_v_mean": 19.610280727917903, "bus_v_std": 0.5185158556853975, "car_acc": 2.8460850129884583, "car_dcc": 1.843903817610434, "car_lcAssertive": 3.8676524316119494, "car_lcCooperative": 0.8846818943092944, "car_lcLookaheadLeft": 77.55852507955886, "car_lcPushy": 0.32973507924426093, "car_lcSigma": 0.796558587536711, "car_lcSpeedGainRight": 1.6231916110149829, "car_lcSublane": 0.30788244381764673, "car_sigma": 0.9281090785007262, "car_tau_mean": 3.919206566810476, "car_tau_std": 5.235553047168928, "car_v_mean": 23.2309626810868, "car_v_std": 17.75992987852929}, "datetime": {"datetime": "2024-08-08 12:04:04", "elapsed": 254.258753, "delta": 1.789159}}
{"target": -0.356708774077798, "params": {"bus_acc": 3.5557912814737267, "bus_dcc": 2.696894406930202, "bus_lcAssertive": 31.407068817815265, "bus_lcCooperative": 0.8767770399379612, "bus_lcLookaheadLeft": 98.90454470229535, "bus_lcPushy": 0.777479431209941, "bus_lcSigma": 0.5736438575704191, "bus_lcSpeedGainRight": 0.7063966632050084, "bus_lcSublane": 0.31492902239260356, "bus_sigma": 0.3668593185911837, "bus_tau_mean": 1.5216332735961302, "bus_tau_std": 4.459528147489278, "bus_v_mean": 17.770120269882334, "bus_v_std": 4.258291810303271, "car_acc": 1.9990390171468153, "car_dcc": 1.3364514496632904, "car_lcAssertive": 31.451270328305444, "car_lcCooperative": 0.49744827858464324, "car_lcLookaheadLeft": 50.00116290158865, "car_lcPushy": 0.9955772118463961, "car_lcSigma": 0.9811085630636269, "car_lcSpeedGainRight": 2.182813858405716, "car_lcSublane": 0.9720206217903173, "car_sigma": 0.21439790417581406, "car_tau_mean": 2.3939231013813367, "car_tau_std": 4.534353144697317, "car_v_mean": 23.48174236020074, "car_v_std": 16.723524462707168}, "datetime": {"datetime": "2024-08-08 12:04:05", "elapsed": 255.729512, "delta": 1.470759}}
{"target": -0.32698442337176115, "params": {"bus_acc": 1.2836736018815489, "bus_dcc": 1.4578119611268154, "bus_lcAssertive": 2.6410124071924805, "bus_lcCooperative": 0.11379635644740682, "bus_lcLookaheadLeft": 65.87534904898885, "bus_lcPushy": 0.4026568521749192, "bus_lcSigma": 0.32102631416731586, "bus_lcSpeedGainRight": 2.7895599712188623, "bus_lcSublane": 0.9934604630998499, "bus_sigma": 0.8344865140180296, "bus_tau_mean": 2.9486811383985434, "bus_tau_std": 9.18258589132058, "bus_v_mean": 8.635659306929357, "bus_v_std": 1.4066688323105048, "car_acc": 2.8960251599522184, "car_dcc": 2.047502238871232, "car_lcAssertive": 93.78795415071644, "car_lcCooperative": 0.48956496114516856, "car_lcLookaheadLeft": 54.88561278914836, "car_lcPushy": 0.8952603657312208, "car_lcSigma": 0.4466350458236905, "car_lcSpeedGainRight": 4.385171946351759, "car_lcSublane": 0.25358174937162836, "car_sigma": 0.27380970415810857, "car_tau_mean": 1.6492648653065656, "car_tau_std": 5.475642704809535, "car_v_mean": 11.5220587844317, "car_v_std": 13.428583421625467}, "datetime": {"datetime": "2024-08-08 12:04:09", "elapsed": 259.069953, "delta": 3.340441}}
{"target": -0.3150435687963481, "params": {"bus_acc": 4.140661051809227, "bus_dcc": 3.2941785905362524, "bus_lcAssertive": 67.86930405212397, "bus_lcCooperative": 0.7955027102986651, "bus_lcLookaheadLeft": 5.9217429959190815, "bus_lcPushy": 0.264681631716854, "bus_lcSigma": 0.6953975359715524, "bus_lcSpeedGainRight": 4.334941648038719, "bus_lcSublane": 0.6746068718168242, "bus_sigma": 0.17627612798343162, "bus_tau_mean": 3.7770796098099257, "bus_tau_std": 9.033787001108529, "bus_v_mean": 9.386860258241702, "bus_v_std": 3.86000075148506, "car_acc": 2.1007721224421068, "car_dcc": 3.2152356118138203, "car_lcAssertive": 86.07795950178485, "car_lcCooperative": 0.5783223874515512, "car_lcLookaheadLeft": 21.565265923862896, "car_lcPushy": 0.41508988762136245, "car_lcSigma": 0.13785920026410714, "car_lcSpeedGainRight": 4.5869809342921215, "car_lcSublane": 0.7645309404104735, "car_sigma": 0.5102138338060775, "car_tau_mean": 2.087512651097933, "car_tau_std": 0.978420783455699, "car_v_mean": 13.098805700805237, "car_v_std": 2.412655907147929}, "datetime": {"datetime": "2024-08-08 12:04:09", "elapsed": 259.894232, "delta": 0.824279}}
{"target": -0.3583104764406957, "params": {"bus_acc": 1.818940345969028, "bus_dcc": 2.8965771258754773, "bus_lcAssertive": 64.04676155930846, "bus_lcCooperative": 0.6924175033786027, "bus_lcLookaheadLeft": 90.9323738680104, "bus_lcPushy": 0.7825809780445985, "bus_lcSigma": 0.6252909358558468, "bus_lcSpeedGainRight": 3.004827976990449, "bus_lcSublane": 0.21275903606814206, "bus_sigma": 0.651365361997868, "bus_tau_mean": 3.350750597718116, "bus_tau_std": 9.223224808528965, "bus_v_mean": 22.666401793294924, "bus_v_std": 11.221976117452732, "car_acc": 2.039335902961951, "car_dcc": 2.00139237047115, "car_lcAssertive": 99.77847419131322, "car_lcCooperative": 0.5255977882178193, "car_lcLookaheadLeft": 81.95885393810659, "car_lcPushy": 0.5970161877845721, "car_lcSigma": 0.5069303873283266, "car_lcSpeedGainRight": 1.7426980765284887, "car_lcSublane": 0.5377705282313024, "car_sigma": 0.00673470699420331, "car_tau_mean": 3.568400323088009, "car_tau_std": 5.6148648153267935, "car_v_mean": 8.388502805194857, "car_v_std": 16.36349490662331}, "datetime": {"datetime": "2024-08-08 12:04:11", "elapsed": 261.143554, "delta": 1.249322}}
{"target": -0.3530928779184981, "params": {"bus_acc": 3.6342721662334476, "bus_dcc": 1.543586145861585, "bus_lcAssertive": 79.01690556605841, "bus_lcCooperative": 0.6028653375383973, "bus_lcLookaheadLeft": 98.07262274345813, "bus_lcPushy": 0.22238319353117575, "bus_lcSigma": 0.4662664741665735, "bus_lcSpeedGainRight": 4.478209012997233, "bus_lcSublane": 0.6014334096987881, "bus_sigma": 0.725958845848815, "bus_tau_mean": 1.947845574704761, "bus_tau_std": 6.843096218313198, "bus_v_mean": 23.13688047756101, "bus_v_std": 4.003721314786441, "car_acc": 4.229461055509281, "car_dcc": 3.9086140362996895, "car_lcAssertive": 2.4423044445698414, "car_lcCooperative": 0.21520958659442757, "car_lcLookaheadLeft": 13.502938190686715, "car_lcPushy": 0.7674235177414532, "car_lcSigma": 0.08121658594273329, "car_lcSpeedGainRight": 4.992067792954538, "car_lcSublane": 0.38961201587930516, "car_sigma": 0.9052027659330404, "car_tau_mean": 1.1600216122481375, "car_tau_std": 4.408721998222909, "car_v_mean": 21.516989104099256, "car_v_std": 11.905395613465124}, "datetime": {"datetime": "2024-08-08 12:04:12", "elapsed": 262.457963, "delta": 1.314409}}
{"target": -0.3764905592308614, "params": {"bus_acc": 4.527333923007187, "bus_dcc": 3.621008108070815, "bus_lcAssertive": 98.76437196173971, "bus_lcCooperative": 0.7158319690725937, "bus_lcLookaheadLeft": 87.93460258124786, "bus_lcPushy": 0.3196501118620526, "bus_lcSigma": 0.11117695191980603, "bus_lcSpeedGainRight": 4.326820528911899, "bus_lcSublane": 0.30347259796152504, "bus_sigma": 0.4193322981668862, "bus_tau_mean": 2.7611058997505045, "bus_tau_std": 6.050991341555126, "bus_v_mean": 14.734769352238079, "bus_v_std": 7.723010237411872, "car_acc": 1.4907241674360252, "car_dcc": 2.60158565291025, "car_lcAssertive": 24.052555627155602, "car_lcCooperative": 0.7548078511004613, "car_lcLookaheadLeft": 68.13731724812101, "car_lcPushy": 0.07192696480921446, "car_lcSigma": 0.9892646847358003, "car_lcSpeedGainRight": 3.902284677871706, "car_lcSublane": 0.22782588689059757, "car_sigma": 0.030742818349697054, "car_tau_mean": 2.174301408750945, "car_tau_std": 3.5274243750107406, "car_v_mean": 16.744183989827647, "car_v_std": 13.193279108498421}, "datetime": {"datetime": "2024-08-08 12:04:13", "elapsed": 263.513932, "delta": 1.055969}}
