{"target": -0.3293944652634363, "params": {"bus_acc": 3.1986335400307873, "bus_dcc": 2.436978798484544, "bus_lcAssertive": 92.18412938056423, "bus_lcCooperative": 0.3776991400644555, "bus_lcLookaheadLeft": 64.88568198391857, "bus_lcPushy": 0.001504470185431317, "bus_lcSigma": 0.179359544437937, "bus_lcSpeedGainRight": 1.4741938444644331, "bus_lcSublane": 0.3869897984245252, "bus_sigma": 0.4598205069731719, "bus_tau_mean": 3.288515656339409, "bus_tau_std": 2.7984558397310257, "bus_v_mean": 9.322585362470544, "bus_v_std": 10.427402485907113, "car_acc": 3.9434559644382956, "car_dcc": 2.2022754144661594, "car_lcAssertive": 26.461917102343175, "car_lcCooperative": 0.7763414987844015, "car_lcLookaheadLeft": 62.327186603729864, "car_lcPushy": 0.007548336226465446, "car_lcSigma": 0.9862051049731199, "car_lcSpeedGainRight": 2.444592662105575, "car_lcSublane": 0.3040218708681137, "car_sigma": 0.6650770509816946, "car_tau_mean": 1.4994627342508593, "car_tau_std": 4.635439312861934, "car_v_mean": 18.42913714122014, "car_v_std": 2.4376405435215087}, "datetime": {"datetime": "2024-08-08 18:39:08", "elapsed": 156.164886, "delta": 5.653174}}
{"target": -0.33651895708224816, "params": {"bus_acc": 2.4823487976889753, "bus_dcc": 1.3964834258288144, "bus_lcAssertive": 21.43895183005387, "bus_lcCooperative": 0.07618880903232117, "bus_lcLookaheadLeft": 51.77632659463817, "bus_lcPushy": 0.2615495518329871, "bus_lcSigma": 0.3570616088827919, "bus_lcSpeedGainRight": 0.5403266434861842, "bus_lcSublane": 0.7875518396525072, "bus_sigma": 0.1065838767888011, "bus_tau_mean": 3.949980882996157, "bus_tau_std": 1.7716116443841734, "bus_v_mean": 17.15848179895439, "bus_v_std": 0.8969066917817625, "car_acc": 3.3613488689675024, "car_dcc": 1.5688178434548896, "car_lcAssertive": 53.26249386240454, "car_lcCooperative": 0.7400775431590716, "car_lcLookaheadLeft": 16.693285521891084, "car_lcPushy": 0.5510871741869717, "car_lcSigma": 0.2166172083287794, "car_lcSpeedGainRight": 3.7959802465857235, "car_lcSublane": 0.7229151935562137, "car_sigma": 0.17654903427708302, "car_tau_mean": 3.516882951834757, "car_tau_std": 0.19775099516344263, "car_v_mean": 21.763791958769843, "car_v_std": 11.178076223218767}, "datetime": {"datetime": "2024-08-08 18:39:09", "elapsed": 156.746731, "delta": 0.581845}}
{"target": -0.40843548415190917, "params": {"bus_acc": 2.0656281680189315, "bus_dcc": 3.922637883685274, "bus_lcAssertive": 13.154440815492576, "bus_lcCooperative": 0.18756989261723955, "bus_lcLookaheadLeft": 89.16536259551893, "bus_lcPushy": 0.5834063146082279, "bus_lcSigma": 0.3092463846587796, "bus_lcSpeedGainRight": 0.0038219273909401164, "bus_lcSublane": 0.22759773832225305, "bus_sigma": 0.1454036341712357, "bus_tau_mean": 1.212018385295317, "bus_tau_std": 8.963225568040047, "bus_v_mean": 21.96951005231425, "bus_v_std": 14.005788752668995, "car_acc": 2.4114930284566274, "car_dcc": 3.481408006996865, "car_lcAssertive": 50.086813311436025, "car_lcCooperative": 0.36348868328490525, "car_lcLookaheadLeft": 29.009104070564156, "car_lcPushy": 0.9247408135383717, "car_lcSigma": 0.38698923425629217, "car_lcSpeedGainRight": 2.464404367156601, "car_lcSublane": 0.2544381023144221, "car_sigma": 0.8849665188380633, "car_tau_mean": 1.8414220988185035, "car_tau_std": 2.9757471531387525, "car_v_mean": 19.48151939511607, "car_v_std": 3.8173988634461486}, "datetime": {"datetime": "2024-08-08 18:39:17", "elapsed": 165.05308, "delta": 8.306349}}
{"target": -0.5573811591107551, "params": {"bus_acc": 1.3832141409382341, "bus_dcc": 3.6806781222155456, "bus_lcAssertive": 68.45808993975861, "bus_lcCooperative": 0.26689146192540614, "bus_lcLookaheadLeft": 11.05823083359017, "bus_lcPushy": 0.12349501608552904, "bus_lcSigma": 0.27643640136537917, "bus_lcSpeedGainRight": 0.24521739432754597, "bus_lcSublane": 0.14514686395701948, "bus_sigma": 0.475029547570342, "bus_tau_mean": 3.775927908802283, "bus_tau_std": 4.340689856813111, "bus_v_mean": 19.346247271762234, "bus_v_std": 11.406101482392742, "car_acc": 3.9287325567634737, "car_dcc": 1.534633621372605, "car_lcAssertive": 74.17140324951598, "car_lcCooperative": 0.3504066948572232, "car_lcLookaheadLeft": 99.1387861508958, "car_lcPushy": 0.35281173510660024, "car_lcSigma": 0.9787831825255726, "car_lcSpeedGainRight": 4.30185723495071, "car_lcSublane": 0.5977366599771147, "car_sigma": 0.0274479567015824, "car_tau_mean": 1.149362173071875, "car_tau_std": 0.56511775487744, "car_v_mean": 20.679388185345132, "car_v_std": 1.4790216791876198}, "datetime": {"datetime": "2024-08-08 18:39:22", "elapsed": 169.852491, "delta": 4.799411}}
{"target": -0.33200862708959267, "params": {"bus_acc": 1.436674693475191, "bus_dcc": 1.4731902096115999, "bus_lcAssertive": 19.575535617340964, "bus_lcCooperative": 0.6224959022999211, "bus_lcLookaheadLeft": 90.76933060881358, "bus_lcPushy": 0.9899551783590737, "bus_lcSigma": 0.7111224587658159, "bus_lcSpeedGainRight": 3.6590020457114765, "bus_lcSublane": 0.9092932045442544, "bus_sigma": 0.4008737323711209, "bus_tau_mean": 1.3744773807876287, "bus_tau_std": 1.7343017078712286, "bus_v_mean": 9.911312805339664, "bus_v_std": 16.252211760656575, "car_acc": 1.4403771202517295, "car_dcc": 1.792892448180702, "car_lcAssertive": 82.08982868471955, "car_lcCooperative": 0.31058725179421, "car_lcLookaheadLeft": 98.2769100307084, "car_lcPushy": 0.2666387021516352, "car_lcSigma": 0.5336533449712114, "car_lcSpeedGainRight": 1.5723350559292482, "car_lcSublane": 0.9107728311738374, "car_sigma": 0.36655664385123443, "car_tau_mean": 2.017573145456076, "car_tau_std": 5.122926922783614, "car_v_mean": 23.02218363791541, "car_v_std": 0.6189801254230143}, "datetime": {"datetime": "2024-08-08 18:39:27", "elapsed": 175.256568, "delta": 5.404077}}
{"target": -0.32926289161508576, "params": {"bus_acc": 2.5828645253690476, "bus_dcc": 2.059727217949177, "bus_lcAssertive": 20.621723702698993, "bus_lcCooperative": 0.22059408184733575, "bus_lcLookaheadLeft": 6.2945079532604, "bus_lcPushy": 0.7131639731598145, "bus_lcSigma": 0.6538401991962549, "bus_lcSpeedGainRight": 2.218848963623612, "bus_lcSublane": 0.7189394880898436, "bus_sigma": 0.10997597244532042, "bus_tau_mean": 3.785517106791259, "bus_tau_std": 8.476267092393876, "bus_v_mean": 18.544570554654133, "bus_v_std": 7.576623373234637, "car_acc": 2.249700187044242, "car_dcc": 2.446461766472402, "car_lcAssertive": 93.59309323067326, "car_lcCooperative": 0.8635929549181026, "car_lcLookaheadLeft": 48.83653722322282, "car_lcPushy": 0.554518498278167, "car_lcSigma": 0.8754038622793218, "car_lcSpeedGainRight": 4.74632216886145, "car_lcSublane": 0.639184755868246, "car_sigma": 0.7485203200897537, "car_tau_mean": 1.7306871722615491, "car_tau_std": 9.1802831908618, "car_v_mean": 21.3880327976613, "car_v_std": 11.041117624495255}, "datetime": {"datetime": "2024-08-08 18:39:28", "elapsed": 175.794828, "delta": 0.53826}}
{"target": -0.38863634953537884, "params": {"bus_acc": 1.1113379934819831, "bus_dcc": 3.0815662341216994, "bus_lcAssertive": 67.36465316168066, "bus_lcCooperative": 0.430471782744975, "bus_lcLookaheadLeft": 77.24331981050095, "bus_lcPushy": 0.5360084947395637, "bus_lcSigma": 0.03985992663545257, "bus_lcSpeedGainRight": 0.6739655898033953, "bus_lcSublane": 0.19341639901491836, "bus_sigma": 0.3356638011646498, "bus_tau_mean": 0.6830953125311686, "bus_tau_std": 6.051167805003662, "bus_v_mean": 16.1929764403827, "bus_v_std": 12.349220240343122, "car_acc": 2.2970667842930323, "car_dcc": 3.543101404712313, "car_lcAssertive": 45.95184654985598, "car_lcCooperative": 0.015403519791920894, "car_lcLookaheadLeft": 87.56067854781574, "car_lcPushy": 0.6562015477440989, "car_lcSigma": 0.823003040648471, "car_lcSpeedGainRight": 4.758878465169259, "car_lcSublane": 0.050912383516887205, "car_sigma": 0.23507186409101455, "car_tau_mean": 0.7217020520971893, "car_tau_std": 4.216578860324509, "car_v_mean": 21.82126632802323, "car_v_std": 1.632479654301362}, "datetime": {"datetime": "2024-08-08 18:39:28", "elapsed": 176.413257, "delta": 0.618429}}
{"target": -0.34550822150417093, "params": {"bus_acc": 2.2116509126535218, "bus_dcc": 1.8292126595811111, "bus_lcAssertive": 75.66265040850023, "bus_lcCooperative": 0.32178620055239215, "bus_lcLookaheadLeft": 80.41414256791496, "bus_lcPushy": 0.9113083542736461, "bus_lcSigma": 0.5131490075412158, "bus_lcSpeedGainRight": 2.147110148403261, "bus_lcSublane": 0.09159480217154525, "bus_sigma": 0.27367730380496647, "bus_tau_mean": 3.6032673509104907, "bus_tau_std": 2.459443412735529, "bus_v_mean": 17.939030189933995, "bus_v_std": 9.900147916856014, "car_acc": 1.2831176078026432, "car_dcc": 3.698105594178628, "car_lcAssertive": 7.709312413353263, "car_lcCooperative": 0.680702325466581, "car_lcLookaheadLeft": 97.25581771846967, "car_lcPushy": 0.709373790820744, "car_lcSigma": 0.3259087204583756, "car_lcSpeedGainRight": 0.3672008318399933, "car_lcSublane": 0.5797370470473434, "car_sigma": 0.7335170182530933, "car_tau_mean": 1.7559611177873928, "car_tau_std": 6.537514725103031, "car_v_mean": 17.065462531175335, "car_v_std": 0.6821283479665974}, "datetime": {"datetime": "2024-08-08 18:39:31", "elapsed": 179.267106, "delta": 2.853849}}
{"target": -0.3444131199199103, "params": {"bus_acc": 1.9287857861034652, "bus_dcc": 2.1470101116382097, "bus_lcAssertive": 76.33191506307026, "bus_lcCooperative": 0.33003075642357127, "bus_lcLookaheadLeft": 8.252341662012444, "bus_lcPushy": 0.046104457464484216, "bus_lcSigma": 0.13492536666785637, "bus_lcSpeedGainRight": 2.3475787486562965, "bus_lcSublane": 0.3841041008667575, "bus_sigma": 0.6751984472643119, "bus_tau_mean": 0.8338810611778699, "bus_tau_std": 1.6180487504828367, "bus_v_mean": 23.506302729457726, "bus_v_std": 8.489700650417422, "car_acc": 3.7481591350806016, "car_dcc": 1.703037151415364, "car_lcAssertive": 98.27219698091922, "car_lcCooperative": 0.12648825794948804, "car_lcLookaheadLeft": 78.43244210431664, "car_lcPushy": 0.9806316720286541, "car_lcSigma": 0.48702626747671474, "car_lcSpeedGainRight": 2.4494280396327155, "car_lcSublane": 0.17514595033260416, "car_sigma": 0.6089411381905278, "car_tau_mean": 1.3500871423093423, "car_tau_std": 7.167971580913962, "car_v_mean": 15.585061715808997, "car_v_std": 4.647763139567909}, "datetime": {"datetime": "2024-08-08 18:39:40", "elapsed": 188.232434, "delta": 8.965328}}
{"target": -0.30025426807717, "params": {"bus_acc": 3.061535570459208, "bus_dcc": 3.541922247325729, "bus_lcAssertive": 48.885174714705656, "bus_lcCooperative": 0.10135173334614866, "bus_lcLookaheadLeft": 12.089887916219372, "bus_lcPushy": 0.11562770532822819, "bus_lcSigma": 0.4949111458607981, "bus_lcSpeedGainRight": 3.110124914954982, "bus_lcSublane": 0.03326181742095513, "bus_sigma": 0.0625834756203224, "bus_tau_mean": 3.9529221181276206, "bus_tau_std": 2.911037491258799, "bus_v_mean": 15.62770623975253, "bus_v_std": 12.612686392420098, "car_acc": 3.1446970594531907, "car_dcc": 1.3283388927224875, "car_lcAssertive": 11.855802702080242, "car_lcCooperative": 0.912062540307169, "car_lcLookaheadLeft": 33.760964413462084, "car_lcPushy": 0.7238607870503495, "car_lcSigma": 0.7096210725823635, "car_lcSpeedGainRight": 2.344044158148429, "car_lcSublane": 0.09131085349838863, "car_sigma": 0.8898322658922575, "car_tau_mean": 3.4208157327427164, "car_tau_std": 4.316728789409242, "car_v_mean": 15.29437077237576, "car_v_std": 10.91803505626341}, "datetime": {"datetime": "2024-08-08 18:39:40", "elapsed": 188.72335, "delta": 0.490916}}
{"target": -0.3152520468682666, "params": {"bus_acc": 2.9592432778623436, "bus_dcc": 2.849605327987447, "bus_lcAssertive": 55.3906870999164, "bus_lcCooperative": 0.6475674602171423, "bus_lcLookaheadLeft": 84.74485450814532, "bus_lcPushy": 0.7768788234369576, "bus_lcSigma": 0.6726274664443596, "bus_lcSpeedGainRight": 0.15922666835990695, "bus_lcSublane": 0.00869477233051752, "bus_sigma": 0.35853764499380425, "bus_tau_mean": 0.6072183741923225, "bus_tau_std": 5.1784745323882415, "bus_v_mean": 8.056862412856328, "bus_v_std": 9.614607988851265, "car_acc": 2.132825837327989, "car_dcc": 3.8723921138565585, "car_lcAssertive": 6.529501449264856, "car_lcCooperative": 0.06519097325360512, "car_lcLookaheadLeft": 85.2281216299532, "car_lcPushy": 0.7952578782339053, "car_lcSigma": 0.9358461521716702, "car_lcSpeedGainRight": 0.3911832429810269, "car_lcSublane": 0.6200997744812532, "car_sigma": 0.5144048737784671, "car_tau_mean": 1.625509157027252, "car_tau_std": 6.108114505932885, "car_v_mean": 22.689244615762533, "car_v_std": 1.251310129648222}, "datetime": {"datetime": "2024-08-08 18:39:42", "elapsed": 190.028445, "delta": 1.305095}}
{"target": -0.3228610131151571, "params": {"bus_acc": 1.9241109611635938, "bus_dcc": 2.7608866216890373, "bus_lcAssertive": 40.15090791444363, "bus_lcCooperative": 0.6639460814328006, "bus_lcLookaheadLeft": 85.49155519082123, "bus_lcPushy": 0.19022208931218354, "bus_lcSigma": 0.903272700870335, "bus_lcSpeedGainRight": 1.9158792521554662, "bus_lcSublane": 0.9431243307282546, "bus_sigma": 0.6173823130249652, "bus_tau_mean": 3.26533432401065, "bus_tau_std": 5.14775428373226, "bus_v_mean": 16.498315110292943, "bus_v_std": 6.551877975319438, "car_acc": 1.3880941216820664, "car_dcc": 2.151465735581271, "car_lcAssertive": 22.282671598376087, "car_lcCooperative": 0.03286525588191658, "car_lcLookaheadLeft": 28.93890932287543, "car_lcPushy": 0.18057605266685695, "car_lcSigma": 0.8755303150381228, "car_lcSpeedGainRight": 0.4061828121570249, "car_lcSublane": 0.18389559908188324, "car_sigma": 0.7040306955363342, "car_tau_mean": 3.717290618570957, "car_tau_std": 2.514584522319341, "car_v_mean": 8.340818103382105, "car_v_std": 19.210089455101993}, "datetime": {"datetime": "2024-08-08 18:39:43", "elapsed": 191.716025, "delta": 1.68758}}
{"target": -0.2946232054298038, "params": {"bus_acc": 1.9100370151257073, "bus_dcc": 1.064127883264212, "bus_lcAssertive": 99.75101428010461, "bus_lcCooperative": 0.5820299763434618, "bus_lcLookaheadLeft": 30.750875291633548, "bus_lcPushy": 0.9289494618931157, "bus_lcSigma": 0.5071194235482045, "bus_lcSpeedGainRight": 2.2734611377620344, "bus_lcSublane": 0.5878715062961865, "bus_sigma": 0.2641376442105696, "bus_tau_mean": 1.5685090477160166, "bus_tau_std": 3.7165457672418247, "bus_v_mean": 11.911167989945774, "bus_v_std": 11.690945322332595, "car_acc": 3.087538401796979, "car_dcc": 1.2158416604920035, "car_lcAssertive": 97.13724864292091, "car_lcCooperative": 0.7530706558694549, "car_lcLookaheadLeft": 81.00398996943402, "car_lcPushy": 0.7516404040812905, "car_lcSigma": 0.0800609772712173, "car_lcSpeedGainRight": 2.4084814151058853, "car_lcSublane": 0.44567295640165605, "car_sigma": 0.6724726505249299, "car_tau_mean": 2.070580405885127, "car_tau_std": 7.0431339838390965, "car_v_mean": 18.906325401641965, "car_v_std": 13.942970575055124}, "datetime": {"datetime": "2024-08-08 18:39:44", "elapsed": 192.566073, "delta": 0.850048}}
{"target": -0.30500070065640855, "params": {"bus_acc": 1.8919941445218167, "bus_dcc": 1.0828180358635109, "bus_lcAssertive": 59.749812496997485, "bus_lcCooperative": 0.8438404289311888, "bus_lcLookaheadLeft": 39.33958015809699, "bus_lcPushy": 0.7498583107261434, "bus_lcSigma": 0.5111414782971282, "bus_lcSpeedGainRight": 2.704759024810943, "bus_lcSublane": 0.9594343210617524, "bus_sigma": 0.8039608914986468, "bus_tau_mean": 0.6131307331825089, "bus_tau_std": 7.0938725123129505, "bus_v_mean": 15.440023705016097, "bus_v_std": 18.950978827901995, "car_acc": 1.664298202970465, "car_dcc": 1.8012160590530972, "car_lcAssertive": 9.065922522848938, "car_lcCooperative": 0.42861882866378653, "car_lcLookaheadLeft": 12.683838873868693, "car_lcPushy": 0.6337867606119179, "car_lcSigma": 0.8029632373737379, "car_lcSpeedGainRight": 3.4840024806008922, "car_lcSublane": 0.7662113810757705, "car_sigma": 0.3424541198435198, "car_tau_mean": 3.4604801905968716, "car_tau_std": 4.287687749994426, "car_v_mean": 21.184157926597102, "car_v_std": 12.529923172485875}, "datetime": {"datetime": "2024-08-08 18:39:46", "elapsed": 194.286727, "delta": 1.720654}}
{"target": -0.3642394678679551, "params": {"bus_acc": 1.4150640693788397, "bus_dcc": 1.8704333893136251, "bus_lcAssertive": 61.77323788438401, "bus_lcCooperative": 0.3241385298974466, "bus_lcLookaheadLeft": 46.82129780571785, "bus_lcPushy": 0.44411710701661444, "bus_lcSigma": 0.8281353607315121, "bus_lcSpeedGainRight": 2.1317407711811533, "bus_lcSublane": 0.3456988211755023, "bus_sigma": 0.6749716048091052, "bus_tau_mean": 1.2751871950673506, "bus_tau_std": 4.672458239265538, "bus_v_mean": 13.036250997184263, "bus_v_std": 12.537112043256693, "car_acc": 3.6320814240844377, "car_dcc": 2.3430670004368856, "car_lcAssertive": 78.66128446040038, "car_lcCooperative": 0.4569657005615504, "car_lcLookaheadLeft": 66.31047450827887, "car_lcPushy": 0.13184097502750214, "car_lcSigma": 0.43298150696764814, "car_lcSpeedGainRight": 4.5465599432746835, "car_lcSublane": 0.6054790010309347, "car_sigma": 0.7667745872371021, "car_tau_mean": 2.2664521283356303, "car_tau_std": 4.980556248280075, "car_v_mean": 21.4863974430856, "car_v_std": 1.356138686819075}, "datetime": {"datetime": "2024-08-08 18:39:49", "elapsed": 197.684583, "delta": 3.397856}}
{"target": -0.372862438219576, "params": {"bus_acc": 3.9183627757979655, "bus_dcc": 3.3024246065890392, "bus_lcAssertive": 82.59954612282529, "bus_lcCooperative": 0.6326158167779973, "bus_lcLookaheadLeft": 67.53581148025974, "bus_lcPushy": 0.47688233352119336, "bus_lcSigma": 0.013136356923072245, "bus_lcSpeedGainRight": 1.765030427709124, "bus_lcSublane": 0.49207180149355845, "bus_sigma": 0.7300912110901043, "bus_tau_mean": 2.1401991996113825, "bus_tau_std": 4.574049160894317, "bus_v_mean": 10.20260385512965, "bus_v_std": 0.2177746760695798, "car_acc": 3.2748347814309886, "car_dcc": 1.9598585142330351, "car_lcAssertive": 98.45396156915756, "car_lcCooperative": 0.220234226159156, "car_lcLookaheadLeft": 35.19338649720461, "car_lcPushy": 0.5238961356661317, "car_lcSigma": 0.7548914570605327, "car_lcSpeedGainRight": 2.3192889195014783, "car_lcSublane": 0.12482254311167629, "car_sigma": 0.3125013784920495, "car_tau_mean": 2.265817093953481, "car_tau_std": 6.738490080168677, "car_v_mean": 20.322399300993474, "car_v_std": 2.6067156190870855}, "datetime": {"datetime": "2024-08-08 18:39:52", "elapsed": 200.011653, "delta": 2.32707}}
{"target": -0.34699472742640586, "params": {"bus_acc": 3.1215628293525466, "bus_dcc": 2.7727017984712203, "bus_lcAssertive": 81.92084476931544, "bus_lcCooperative": 0.907644646099839, "bus_lcLookaheadLeft": 2.245740847456469, "bus_lcPushy": 0.39722776623376177, "bus_lcSigma": 0.5614096837184815, "bus_lcSpeedGainRight": 3.669615681424383, "bus_lcSublane": 0.08747276218504352, "bus_sigma": 0.3997549876808645, "bus_tau_mean": 1.478674128074471, "bus_tau_std": 4.235100531051829, "bus_v_mean": 15.967658122772614, "bus_v_std": 13.20030447052102, "car_acc": 2.4887084169108373, "car_dcc": 2.8614046018155714, "car_lcAssertive": 58.66154632703304, "car_lcCooperative": 0.42833239803885637, "car_lcLookaheadLeft": 2.487683741704008, "car_lcPushy": 0.19451641385960183, "car_lcSigma": 0.3202066542862888, "car_lcSpeedGainRight": 0.7348906292746565, "car_lcSublane": 0.5986638816064357, "car_sigma": 0.6114994766596024, "car_tau_mean": 2.2503264085892534, "car_tau_std": 3.2084890160086452, "car_v_mean": 18.45212883239127, "car_v_std": 3.8056696535808743}, "datetime": {"datetime": "2024-08-08 18:39:54", "elapsed": 201.972063, "delta": 1.96041}}
{"target": -0.33333729440754545, "params": {"bus_acc": 2.542474803268563, "bus_dcc": 2.494500474983537, "bus_lcAssertive": 37.987362173714196, "bus_lcCooperative": 0.603513616671319, "bus_lcLookaheadLeft": 85.44393915394977, "bus_lcPushy": 0.27692305646899273, "bus_lcSigma": 0.844761362843635, "bus_lcSpeedGainRight": 2.083095742860592, "bus_lcSublane": 0.5009840123939405, "bus_sigma": 0.7296233785681803, "bus_tau_mean": 1.4055259762731254, "bus_tau_std": 9.216369186561401, "bus_v_mean": 19.233111427661573, "bus_v_std": 12.378608461949781, "car_acc": 1.8190265119357532, "car_dcc": 3.0875453690783377, "car_lcAssertive": 26.464260096892083, "car_lcCooperative": 0.8164526703274775, "car_lcLookaheadLeft": 3.1243005922447935, "car_lcPushy": 0.1665376436115401, "car_lcSigma": 0.557828988762059, "car_lcSpeedGainRight": 3.5614049980125104, "car_lcSublane": 0.49248065391311036, "car_sigma": 0.8778095014799501, "car_tau_mean": 3.9155447814701976, "car_tau_std": 4.642770675442432, "car_v_mean": 20.287791671724893, "car_v_std": 9.895442676670545}, "datetime": {"datetime": "2024-08-08 18:39:55", "elapsed": 203.520041, "delta": 1.547978}}
{"target": -0.3908769991746784, "params": {"bus_acc": 2.8212824859173815, "bus_dcc": 2.240759245003484, "bus_lcAssertive": 81.8187996708942, "bus_lcCooperative": 0.18513039826903066, "bus_lcLookaheadLeft": 70.78389991611843, "bus_lcPushy": 0.24035562484913886, "bus_lcSigma": 0.5742190888408597, "bus_lcSpeedGainRight": 1.7449379861039445, "bus_lcSublane": 0.05696439948283272, "bus_sigma": 0.22881367096037586, "bus_tau_mean": 2.8243589437417773, "bus_tau_std": 4.972500933605312, "bus_v_mean": 16.30425574517886, "bus_v_std": 3.49440300217845, "car_acc": 2.712147554638769, "car_dcc": 3.99026027562463, "car_lcAssertive": 81.86667577037056, "car_lcCooperative": 0.5943726238309778, "car_lcLookaheadLeft": 97.64692869642869, "car_lcPushy": 0.9015625846693213, "car_lcSigma": 0.5956079336026455, "car_lcSpeedGainRight": 0.16213162657228553, "car_lcSublane": 0.09357709581748075, "car_sigma": 0.06537171504222639, "car_tau_mean": 2.0810660204201636, "car_tau_std": 3.7543483316785773, "car_v_mean": 23.605600548324585, "car_v_std": 3.3596658639922983}, "datetime": {"datetime": "2024-08-08 18:40:01", "elapsed": 209.189045, "delta": 5.669004}}
