{"target": -0.37795846375188474, "params": {"bus_acc": 2.6213, "bus_dcc": 1.8403, "bus_lcAssertive": 68.1386, "bus_lcCooperative": 0.7848, "bus_lcLookaheadLeft": 76.1357, "bus_lcPushy": 0.3215, "bus_lcSigma": 0.931, "bus_lcSublane": 0.8729, "bus_sigma": 0.0257, "bus_tau_mean": 2.2976, "bus_tau_std": 6.4132, "bus_v_mean": 22.4432, "bus_v_std": 7.3189, "car_acc": 2.159, "car_dcc": 1.7094, "car_lcAssertive": 51.9895, "car_lcCooperative": 0.8822, "car_lcLookaheadLeft": 26.637, "car_lcPushy": 0.5853, "car_lcSigma": 0.1489, "car_lcSublane": 0.7519, "car_sigma": 0.4975, "car_tau_mean": 3.2124, "car_tau_std": 4.7143, "car_v_mean": 9.3149, "car_v_std": 2.7571}, "datetime": {"datetime": "2024-08-07 09:49:00", "elapsed": 1243.473208, "delta": 26.242925}}
{"target": -0.3814980930832428, "params": {"bus_acc": 2.6819, "bus_dcc": 2.9685, "bus_lcAssertive": 67.7172, "bus_lcCooperative": 0.5996, "bus_lcLookaheadLeft": 28.8848, "bus_lcPushy": 0.5816, "bus_lcSigma": 0.6928, "bus_lcSublane": 0.3735, "bus_sigma": 0.8769, "bus_tau_mean": 1.2037, "bus_tau_std": 7.4943, "bus_v_mean": 12.6547, "bus_v_std": 7.7591, "car_acc": 1.8766, "car_dcc": 3.4442, "car_lcAssertive": 36.021, "car_lcCooperative": 0.2348, "car_lcLookaheadLeft": 77.215, "car_lcPushy": 0.3297, "car_lcSigma": 0.7543, "car_lcSublane": 0.7656, "car_sigma": 0.2425, "car_tau_mean": 1.2705, "car_tau_std": 2.0106, "car_v_mean": 10.3014, "car_v_std": 3.7919}, "datetime": {"datetime": "2024-08-07 09:49:56", "elapsed": 1298.574525, "delta": 55.101317}}
{"target": -0.46622491612066436, "params": {"bus_acc": 1.9639, "bus_dcc": 1.5202, "bus_lcAssertive": 28.2654, "bus_lcCooperative": 0.0726, "bus_lcLookaheadLeft": 55.4107, "bus_lcPushy": 0.0694, "bus_lcSigma": 0.9487, "bus_lcSublane": 0.3314, "bus_sigma": 0.2175, "bus_tau_mean": 2.9816, "bus_tau_std": 8.9835, "bus_v_mean": 15.8969, "bus_v_std": 9.968, "car_acc": 2.6835, "car_dcc": 1.222, "car_lcAssertive": 60.3196, "car_lcCooperative": 0.8998, "car_lcLookaheadLeft": 59.4653, "car_lcPushy": 0.9349, "car_lcSigma": 0.6894, "car_lcSublane": 0.0779, "car_sigma": 0.041, "car_tau_mean": 3.424, "car_tau_std": 7.6721, "car_v_mean": 19.1439, "car_v_std": 1.5559}, "datetime": {"datetime": "2024-08-07 09:50:25", "elapsed": 1328.029202, "delta": 29.454677}}
{"target": -0.3947998459760258, "params": {"bus_acc": 2.9898, "bus_dcc": 3.2765, "bus_lcAssertive": 68.019, "bus_lcCooperative": 0.9014, "bus_lcLookaheadLeft": 29.1866, "bus_lcPushy": 0.8834, "bus_lcSigma": 0.9946, "bus_lcSublane": 0.6753, "bus_sigma": 1.0, "bus_tau_mean": 1.5116, "bus_tau_std": 7.7961, "bus_v_mean": 12.9565, "bus_v_std": 8.0609, "car_acc": 2.1845, "car_dcc": 3.7521, "car_lcAssertive": 36.3289, "car_lcCooperative": 0.5366, "car_lcLookaheadLeft": 77.5168, "car_lcPushy": 0.6315, "car_lcSigma": 1.0, "car_lcSublane": 1.0, "car_sigma": 0.5382, "car_tau_mean": 1.5784, "car_tau_std": 2.3185, "car_v_mean": 10.6032, "car_v_std": 4.0998}, "datetime": {"datetime": "2024-08-07 09:50:46", "elapsed": 1349.123258, "delta": 21.094056}}
{"target": -0.3719392698092764, "params": {"bus_acc": 2.1301, "bus_dcc": 1.3518, "bus_lcAssertive": 82.3366, "bus_lcCooperative": 0.4095, "bus_lcLookaheadLeft": 61.7819, "bus_lcPushy": 0.1225, "bus_lcSigma": 0.3867, "bus_lcSublane": 0.1568, "bus_sigma": 0.0857, "bus_tau_mean": 3.1882, "bus_tau_std": 7.4462, "bus_v_mean": 21.192, "bus_v_std": 9.4864, "car_acc": 1.1001, "car_dcc": 1.1978, "car_lcAssertive": 4.8496, "car_lcCooperative": 0.8866, "car_lcLookaheadLeft": 54.2284, "car_lcPushy": 0.7072, "car_lcSigma": 0.9427, "car_lcSublane": 0.9693, "car_sigma": 0.2524, "car_tau_mean": 1.7723, "car_tau_std": 9.2681, "car_v_mean": 10.284, "car_v_std": 6.7214}, "datetime": {"datetime": "2024-08-07 09:51:15", "elapsed": 1378.184282, "delta": 29.061024}}
{"target": -0.46712506249419855, "params": {"bus_acc": 2.9506, "bus_dcc": 3.2373, "bus_lcAssertive": 67.9718, "bus_lcCooperative": 0.8612, "bus_lcLookaheadLeft": 29.1394, "bus_lcPushy": 0.8432, "bus_lcSigma": 0.9615, "bus_lcSublane": 0.6422, "bus_sigma": 1.0, "bus_tau_mean": 1.4724, "bus_tau_std": 7.763, "bus_v_mean": 12.9164, "bus_v_std": 8.0278, "car_acc": 2.1453, "car_dcc": 3.7129, "car_lcAssertive": 36.2827, "car_lcCooperative": 0.4964, "car_lcLookaheadLeft": 77.4695, "car_lcPushy": 0.5914, "car_lcSigma": 1.0, "car_lcSublane": 1.0, "car_sigma": 0.5041, "car_tau_mean": 1.5392, "car_tau_std": 2.2793, "car_v_mean": 10.563, "car_v_std": 4.0606}, "datetime": {"datetime": "2024-08-07 09:51:32", "elapsed": 1395.348288, "delta": 17.164006}}
{"target": -0.5884619199656673, "params": {"bus_acc": 1.5436, "bus_dcc": 1.9842, "bus_lcAssertive": 24.4213, "bus_lcCooperative": 0.1122, "bus_lcLookaheadLeft": 88.9548, "bus_lcPushy": 0.0593, "bus_lcSigma": 0.7142, "bus_lcSublane": 0.5299, "bus_sigma": 0.427, "bus_tau_mean": 0.6129, "bus_tau_std": 7.5142, "bus_v_mean": 23.8798, "bus_v_std": 2.6158, "car_acc": 2.3837, "car_dcc": 2.5138, "car_lcAssertive": 63.3926, "car_lcCooperative": 0.7529, "car_lcLookaheadLeft": 85.0398, "car_lcPushy": 0.9615, "car_lcSigma": 0.1547, "car_lcSublane": 0.7765, "car_sigma": 0.0543, "car_tau_mean": 1.0419, "car_tau_std": 2.5249, "car_v_mean": 19.161, "car_v_std": 2.2546}, "datetime": {"datetime": "2024-08-07 09:51:37", "elapsed": 1399.532076, "delta": 4.183788}}
{"target": -0.33247098963804533, "params": {"bus_acc": 2.1152, "bus_dcc": 1.4491, "bus_lcAssertive": 37.8624, "bus_lcCooperative": 0.5482, "bus_lcLookaheadLeft": 90.2509, "bus_lcPushy": 0.0959, "bus_lcSigma": 0.6551, "bus_lcSublane": 0.7397, "bus_sigma": 0.9057, "bus_tau_mean": 1.716, "bus_tau_std": 9.1306, "bus_v_mean": 19.7114, "bus_v_std": 7.9555, "car_acc": 2.3569, "car_dcc": 1.0616, "car_lcAssertive": 63.0151, "car_lcCooperative": 0.6121, "car_lcLookaheadLeft": 87.2425, "car_lcPushy": 0.3745, "car_lcSigma": 0.1414, "car_lcSublane": 0.687, "car_sigma": 0.8801, "car_tau_mean": 0.7072, "car_tau_std": 0.7919, "car_v_mean": 18.2787, "car_v_std": 6.2603}, "datetime": {"datetime": "2024-08-07 09:52:04", "elapsed": 1426.936198, "delta": 27.404122}}
{"target": -0.3478876621132445, "params": {"bus_acc": 2.664, "bus_dcc": 2.9506, "bus_lcAssertive": 67.6993, "bus_lcCooperative": 0.5817, "bus_lcLookaheadLeft": 28.8669, "bus_lcPushy": 0.5637, "bus_lcSigma": 0.6749, "bus_lcSublane": 0.3556, "bus_sigma": 0.859, "bus_tau_mean": 1.1858, "bus_tau_std": 7.4764, "bus_v_mean": 12.6368, "bus_v_std": 7.7412, "car_acc": 1.8586, "car_dcc": 3.4263, "car_lcAssertive": 36.0031, "car_lcCooperative": 0.2169, "car_lcLookaheadLeft": 77.1971, "car_lcPushy": 0.3118, "car_lcSigma": 0.7364, "car_lcSublane": 0.7476, "car_sigma": 0.2246, "car_tau_mean": 1.2526, "car_tau_std": 1.9926, "car_v_mean": 10.2835, "car_v_std": 3.774}, "datetime": {"datetime": "2024-08-07 09:52:48", "elapsed": 1470.744226, "delta": 43.808028}}
{"target": -0.3418088487138824, "params": {"bus_acc": 1.8064, "bus_dcc": 3.5351, "bus_lcAssertive": 84.6696, "bus_lcCooperative": 0.8975, "bus_lcLookaheadLeft": 40.8017, "bus_lcPushy": 0.0428, "bus_lcSigma": 0.9068, "bus_lcSublane": 0.1324, "bus_sigma": 0.3987, "bus_tau_mean": 0.5474, "bus_tau_std": 6.498, "bus_v_mean": 13.5105, "bus_v_std": 0.1698, "car_acc": 2.1273, "car_dcc": 2.3582, "car_lcAssertive": 90.0399, "car_lcCooperative": 0.3557, "car_lcLookaheadLeft": 26.6463, "car_lcPushy": 0.3534, "car_lcSigma": 0.1352, "car_lcSublane": 0.5968, "car_sigma": 0.0044, "car_tau_mean": 3.8144, "car_tau_std": 4.7591, "car_v_mean": 13.3638, "car_v_std": 4.5824}, "datetime": {"datetime": "2024-08-07 09:53:25", "elapsed": 1507.547124, "delta": 36.802898}}
{"target": -0.29198894292239963, "params": {"bus_acc": 2.9876, "bus_dcc": 3.1482, "bus_lcAssertive": 16.8317, "bus_lcCooperative": 0.4679, "bus_lcLookaheadLeft": 23.7773, "bus_lcPushy": 0.5394, "bus_lcSigma": 0.586, "bus_lcSublane": 0.5168, "bus_sigma": 0.1054, "bus_tau_mean": 0.803, "bus_tau_std": 7.1531, "bus_v_mean": 9.2605, "bus_v_std": 2.3122, "car_acc": 2.0546, "car_dcc": 1.2728, "car_lcAssertive": 2.048, "car_lcCooperative": 0.234, "car_lcLookaheadLeft": 20.6913, "car_lcPushy": 0.3748, "car_lcSigma": 0.5489, "car_lcSublane": 0.4777, "car_sigma": 0.5712, "car_tau_mean": 3.6928, "car_tau_std": 3.7663, "car_v_mean": 22.143, "car_v_std": 8.5923}, "datetime": {"datetime": "2024-08-07 09:54:43", "elapsed": 1586.028213, "delta": 78.481089}}
{"target": -0.3452823008937559, "params": {"bus_acc": 1.8921, "bus_dcc": 2.0036, "bus_lcAssertive": 87.8936, "bus_lcCooperative": 0.4071, "bus_lcLookaheadLeft": 29.3793, "bus_lcPushy": 0.4095, "bus_lcSigma": 0.4215, "bus_lcSublane": 0.5946, "bus_sigma": 0.8357, "bus_tau_mean": 2.8553, "bus_tau_std": 3.9788, "bus_v_mean": 16.9078, "bus_v_std": 2.8296, "car_acc": 1.1844, "car_dcc": 1.9143, "car_lcAssertive": 71.9386, "car_lcCooperative": 0.3208, "car_lcLookaheadLeft": 84.7062, "car_lcPushy": 0.3456, "car_lcSigma": 0.5653, "car_lcSublane": 0.9288, "car_sigma": 0.6891, "car_tau_mean": 2.892, "car_tau_std": 7.1624, "car_v_mean": 14.6422, "car_v_std": 9.248}, "datetime": {"datetime": "2024-08-07 09:55:12", "elapsed": 1615.214615, "delta": 29.186402}}
{"target": -0.3690516849126352, "params": {"bus_acc": 2.4346, "bus_dcc": 3.1812, "bus_lcAssertive": 58.0567, "bus_lcCooperative": 0.6336, "bus_lcLookaheadLeft": 33.6446, "bus_lcPushy": 0.5439, "bus_lcSigma": 0.4795, "bus_lcSublane": 0.5912, "bus_sigma": 0.6623, "bus_tau_mean": 1.0129, "bus_tau_std": 5.2406, "bus_v_mean": 10.7943, "bus_v_std": 7.6891, "car_acc": 1.9441, "car_dcc": 3.4091, "car_lcAssertive": 41.1657, "car_lcCooperative": 0.4131, "car_lcLookaheadLeft": 74.7977, "car_lcPushy": 0.4774, "car_lcSigma": 0.6223, "car_lcSublane": 0.7142, "car_sigma": 0.1908, "car_tau_mean": 1.3512, "car_tau_std": 1.8327, "car_v_mean": 11.7796, "car_v_std": 3.312}, "datetime": {"datetime": "2024-08-07 09:55:19", "elapsed": 1622.268027, "delta": 7.053412}}
{"target": -0.35469942238672336, "params": {"bus_acc": 1.7495, "bus_dcc": 2.4732, "bus_lcAssertive": 70.5146, "bus_lcCooperative": 0.3061, "bus_lcLookaheadLeft": 94.5518, "bus_lcPushy": 0.2464, "bus_lcSigma": 0.2019, "bus_lcSublane": 0.3306, "bus_sigma": 0.2899, "bus_tau_mean": 1.275, "bus_tau_std": 6.9458, "bus_v_mean": 9.7783, "bus_v_std": 7.2278, "car_acc": 1.1215, "car_dcc": 3.0292, "car_lcAssertive": 57.7741, "car_lcCooperative": 0.3746, "car_lcLookaheadLeft": 15.8752, "car_lcPushy": 0.4674, "car_lcSigma": 0.4646, "car_lcSublane": 0.6209, "car_sigma": 0.2194, "car_tau_mean": 0.6549, "car_tau_std": 7.6212, "car_v_mean": 23.0069, "car_v_std": 5.1967}, "datetime": {"datetime": "2024-08-07 09:55:21", "elapsed": 1624.104407, "delta": 1.83638}}
{"target": -0.47384354505327597, "params": {"bus_acc": 2.1335, "bus_dcc": 1.9613, "bus_lcAssertive": 36.2714, "bus_lcCooperative": 0.4391, "bus_lcLookaheadLeft": 31.7035, "bus_lcPushy": 0.9971, "bus_lcSigma": 0.5169, "bus_lcSublane": 0.8446, "bus_sigma": 0.0567, "bus_tau_mean": 2.8587, "bus_tau_std": 7.4736, "bus_v_mean": 17.6022, "bus_v_std": 3.9475, "car_acc": 2.824, "car_dcc": 2.1279, "car_lcAssertive": 48.1969, "car_lcCooperative": 0.1488, "car_lcLookaheadLeft": 97.2034, "car_lcPushy": 0.8116, "car_lcSigma": 0.3735, "car_lcSublane": 0.6807, "car_sigma": 0.8728, "car_tau_mean": 1.2202, "car_tau_std": 0.1849, "car_v_mean": 23.6844, "car_v_std": 1.0468}, "datetime": {"datetime": "2024-08-07 09:55:30", "elapsed": 1632.638881, "delta": 8.534474}}
{"target": -0.28180699098334544, "params": {"bus_acc": 2.4394, "bus_dcc": 3.0827, "bus_lcAssertive": 59.5795, "bus_lcCooperative": 0.6135, "bus_lcLookaheadLeft": 33.7573, "bus_lcPushy": 0.5418, "bus_lcSigma": 0.515, "bus_lcSublane": 0.5557, "bus_sigma": 0.6677, "bus_tau_mean": 1.0752, "bus_tau_std": 5.5691, "bus_v_mean": 11.0544, "bus_v_std": 7.7083, "car_acc": 1.9156, "car_dcc": 3.413, "car_lcAssertive": 40.3785, "car_lcCooperative": 0.3754, "car_lcLookaheadLeft": 75.6379, "car_lcPushy": 0.463, "car_lcSigma": 0.6162, "car_lcSublane": 0.7118, "car_sigma": 0.1997, "car_tau_mean": 1.3588, "car_tau_std": 1.8112, "car_v_mean": 11.8276, "car_v_std": 3.5402}, "datetime": {"datetime": "2024-08-07 09:55:45", "elapsed": 1647.918084, "delta": 15.279203}}
{"target": -0.35431979869402863, "params": {"bus_acc": 2.7596, "bus_dcc": 2.1668, "bus_lcAssertive": 3.5985, "bus_lcCooperative": 0.5355, "bus_lcLookaheadLeft": 39.7014, "bus_lcPushy": 0.3531, "bus_lcSigma": 0.4944, "bus_lcSublane": 0.6962, "bus_sigma": 0.921, "bus_tau_mean": 2.8418, "bus_tau_std": 5.9419, "bus_v_mean": 21.7595, "bus_v_std": 7.8394, "car_acc": 1.9552, "car_dcc": 3.4548, "car_lcAssertive": 59.412, "car_lcCooperative": 0.8635, "car_lcLookaheadLeft": 57.7182, "car_lcPushy": 0.9717, "car_lcSigma": 0.0513, "car_lcSublane": 0.7751, "car_sigma": 0.3515, "car_tau_mean": 2.7122, "car_tau_std": 3.198, "car_v_mean": 13.6249, "car_v_std": 7.0282}, "datetime": {"datetime": "2024-08-07 09:55:48", "elapsed": 1651.009925, "delta": 3.091841}}
{"target": -0.41115669160896234, "params": {"bus_acc": 3.0, "bus_dcc": 3.4437, "bus_lcAssertive": 68.1821, "bus_lcCooperative": 1.0, "bus_lcLookaheadLeft": 29.3393, "bus_lcPushy": 1.0, "bus_lcSigma": 1.0, "bus_lcSublane": 0.828, "bus_sigma": 1.0, "bus_tau_mean": 1.6789, "bus_tau_std": 7.9695, "bus_v_mean": 13.1196, "bus_v_std": 8.2342, "car_acc": 2.3414, "car_dcc": 3.909, "car_lcAssertive": 36.4962, "car_lcCooperative": 0.6996, "car_lcLookaheadLeft": 77.6798, "car_lcPushy": 0.7946, "car_lcSigma": 1.0, "car_lcSublane": 1.0, "car_sigma": 0.7073, "car_tau_mean": 1.7353, "car_tau_std": 2.4754, "car_v_mean": 10.7662, "car_v_std": 4.2671}, "datetime": {"datetime": "2024-08-07 09:57:38", "elapsed": 1760.95692, "delta": 109.946995}}
{"target": -0.32628402274227, "params": {"bus_acc": 1.747, "bus_dcc": 2.837, "bus_lcAssertive": 68.1042, "bus_lcCooperative": 0.6374, "bus_lcLookaheadLeft": 27.4679, "bus_lcPushy": 0.864, "bus_lcSigma": 0.7041, "bus_lcSublane": 0.2303, "bus_sigma": 0.2625, "bus_tau_mean": 2.9613, "bus_tau_std": 3.6491, "bus_v_mean": 12.5871, "bus_v_std": 8.348, "car_acc": 2.0147, "car_dcc": 3.3045, "car_lcAssertive": 34.6389, "car_lcCooperative": 0.1591, "car_lcLookaheadLeft": 82.1894, "car_lcPushy": 0.1574, "car_lcSigma": 0.3377, "car_lcSublane": 0.8143, "car_sigma": 0.569, "car_tau_mean": 2.571, "car_tau_std": 4.1991, "car_v_mean": 12.0947, "car_v_std": 1.671}, "datetime": {"datetime": "2024-08-07 09:57:53", "elapsed": 1776.431022, "delta": 15.474102}}
{"target": -0.2694029839597035, "params": {"bus_acc": 2.0385, "bus_dcc": 1.8519, "bus_lcAssertive": 96.5384, "bus_lcCooperative": 0.2312, "bus_lcLookaheadLeft": 25.2365, "bus_lcPushy": 0.5694, "bus_lcSigma": 0.9319, "bus_lcSublane": 0.5834, "bus_sigma": 0.0425, "bus_tau_mean": 1.3098, "bus_tau_std": 4.8931, "bus_v_mean": 15.938, "bus_v_std": 8.5986, "car_acc": 1.0725, "car_dcc": 1.0194, "car_lcAssertive": 64.0054, "car_lcCooperative": 0.821, "car_lcLookaheadLeft": 2.3437, "car_lcPushy": 0.4884, "car_lcSigma": 0.711, "car_lcSublane": 0.4984, "car_sigma": 0.9765, "car_tau_mean": 2.3026, "car_tau_std": 0.405, "car_v_mean": 14.8728, "car_v_std": 9.6091}, "datetime": {"datetime": "2024-08-07 09:58:07", "elapsed": 1789.993124, "delta": 13.562102}}
{"target": -0.273952272188169, "params": {"bus_acc": 2.0453, "bus_dcc": 1.8593, "bus_lcAssertive": 96.5451, "bus_lcCooperative": 0.2413, "bus_lcLookaheadLeft": 25.2274, "bus_lcPushy": 0.5813, "bus_lcSigma": 0.9314, "bus_lcSublane": 0.6006, "bus_sigma": 0.0599, "bus_tau_mean": 1.3157, "bus_tau_std": 4.891, "bus_v_mean": 15.9426, "bus_v_std": 8.5991, "car_acc": 1.0839, "car_dcc": 1.0362, "car_lcAssertive": 64.0333, "car_lcCooperative": 0.8194, "car_lcLookaheadLeft": 2.3401, "car_lcPushy": 0.4997, "car_lcSigma": 0.7221, "car_lcSublane": 0.5106, "car_sigma": 0.9707, "car_tau_mean": 2.2968, "car_tau_std": 0.4082, "car_v_mean": 14.869, "car_v_std": 9.6093}, "datetime": {"datetime": "2024-08-07 09:58:11", "elapsed": 1793.632851, "delta": 3.639727}}
{"target": -0.27105038811249416, "params": {"bus_acc": 2.7472, "bus_dcc": 2.4346, "bus_lcAssertive": 63.8979, "bus_lcCooperative": 0.6923, "bus_lcLookaheadLeft": 24.9542, "bus_lcPushy": 0.5718, "bus_lcSigma": 0.4447, "bus_lcSublane": 0.3996, "bus_sigma": 0.6796, "bus_tau_mean": 2.392, "bus_tau_std": 8.4372, "bus_v_mean": 12.2571, "bus_v_std": 8.7808, "car_acc": 1.7544, "car_dcc": 3.3696, "car_lcAssertive": 37.5202, "car_lcCooperative": 0.6504, "car_lcLookaheadLeft": 77.0421, "car_lcPushy": 0.5368, "car_lcSigma": 0.536, "car_lcSublane": 0.5237, "car_sigma": 0.3511, "car_tau_mean": 1.663, "car_tau_std": 0.9912, "car_v_mean": 10.4789, "car_v_std": 5.688}, "datetime": {"datetime": "2024-08-07 09:58:51", "elapsed": 1833.880276, "delta": 40.247425}}
{"target": -0.3539203277411125, "params": {"bus_acc": 2.4538, "bus_dcc": 3.156, "bus_lcAssertive": 58.8638, "bus_lcCooperative": 0.6326, "bus_lcLookaheadLeft": 33.3015, "bus_lcPushy": 0.5425, "bus_lcSigma": 0.4958, "bus_lcSublane": 0.571, "bus_sigma": 0.6817, "bus_tau_mean": 1.0239, "bus_tau_std": 5.3924, "bus_v_mean": 10.9426, "bus_v_std": 7.6967, "car_acc": 1.9273, "car_dcc": 3.3949, "car_lcAssertive": 40.6415, "car_lcCooperative": 0.3946, "car_lcLookaheadLeft": 75.0711, "car_lcPushy": 0.4664, "car_lcSigma": 0.6295, "car_lcSublane": 0.7146, "car_sigma": 0.1923, "car_tau_mean": 1.3374, "car_tau_std": 1.8452, "car_v_mean": 11.6909, "car_v_std": 3.345}, "datetime": {"datetime": "2024-08-07 09:58:53", "elapsed": 1836.370458, "delta": 2.490182}}
{"target": -0.3505650082150145, "params": {"bus_acc": 2.4422, "bus_dcc": 3.1733, "bus_lcAssertive": 58.6636, "bus_lcCooperative": 0.6312, "bus_lcLookaheadLeft": 33.3532, "bus_lcPushy": 0.5447, "bus_lcSigma": 0.4942, "bus_lcSublane": 0.5747, "bus_sigma": 0.6746, "bus_tau_mean": 1.0218, "bus_tau_std": 5.3581, "bus_v_mean": 10.9172, "bus_v_std": 7.6705, "car_acc": 1.9334, "car_dcc": 3.402, "car_lcAssertive": 40.8075, "car_lcCooperative": 0.4016, "car_lcLookaheadLeft": 74.9692, "car_lcPushy": 0.4711, "car_lcSigma": 0.6289, "car_lcSublane": 0.7143, "car_sigma": 0.193, "car_tau_mean": 1.3496, "car_tau_std": 1.8742, "car_v_mean": 11.7086, "car_v_std": 3.345}, "datetime": {"datetime": "2024-08-07 09:59:01", "elapsed": 1843.832405, "delta": 7.461947}}
{"target": -0.36081778830516426, "params": {"bus_acc": 2.4545, "bus_dcc": 3.1352, "bus_lcAssertive": 58.9128, "bus_lcCooperative": 0.6319, "bus_lcLookaheadLeft": 33.2248, "bus_lcPushy": 0.5414, "bus_lcSigma": 0.4864, "bus_lcSublane": 0.5775, "bus_sigma": 0.6721, "bus_tau_mean": 0.9967, "bus_tau_std": 5.2918, "bus_v_mean": 10.9255, "bus_v_std": 7.6737, "car_acc": 1.9255, "car_dcc": 3.3753, "car_lcAssertive": 40.7651, "car_lcCooperative": 0.3763, "car_lcLookaheadLeft": 74.9927, "car_lcPushy": 0.4697, "car_lcSigma": 0.6264, "car_lcSublane": 0.7034, "car_sigma": 0.1936, "car_tau_mean": 1.3051, "car_tau_std": 1.8429, "car_v_mean": 11.7192, "car_v_std": 3.3099}, "datetime": {"datetime": "2024-08-07 09:59:46", "elapsed": 1888.760531, "delta": 44.928126}}
{"target": -0.27501342036512877, "params": {"bus_acc": 1.8142, "bus_dcc": 1.7831, "bus_lcAssertive": 99.9407, "bus_lcCooperative": 0.1846, "bus_lcLookaheadLeft": 24.861, "bus_lcPushy": 0.4429, "bus_lcSigma": 1.0, "bus_lcSublane": 0.5866, "bus_sigma": 0.0, "bus_tau_mean": 0.5694, "bus_tau_std": 3.6037, "bus_v_mean": 13.331, "bus_v_std": 10.0, "car_acc": 1.0, "car_dcc": 1.0, "car_lcAssertive": 65.4543, "car_lcCooperative": 0.9738, "car_lcLookaheadLeft": 2.0, "car_lcPushy": 0.4752, "car_lcSigma": 0.8486, "car_lcSublane": 0.7, "car_sigma": 1.0, "car_tau_mean": 2.444, "car_tau_std": 0.0, "car_v_mean": 12.727, "car_v_std": 9.6653}, "datetime": {"datetime": "2024-08-07 09:59:53", "elapsed": 1896.327306, "delta": 7.566775}}
{"target": -0.33388742951206174, "params": {"bus_acc": 2.2042, "bus_dcc": 3.3908, "bus_lcAssertive": 50.218, "bus_lcCooperative": 0.0, "bus_lcLookaheadLeft": 74.4531, "bus_lcPushy": 0.2485, "bus_lcSigma": 1.0, "bus_lcSublane": 1.0, "bus_sigma": 1.0, "bus_tau_mean": 1.3408, "bus_tau_std": 4.5846, "bus_v_mean": 8.0, "bus_v_std": 7.8059, "car_acc": 1.0, "car_dcc": 1.9729, "car_lcAssertive": 97.2363, "car_lcCooperative": 0.8741, "car_lcLookaheadLeft": 88.9482, "car_lcPushy": 1.0, "car_lcSigma": 0.0, "car_lcSublane": 0.6971, "car_sigma": 1.0, "car_tau_mean": 2.0638, "car_tau_std": 0.0, "car_v_mean": 19.5241, "car_v_std": 10.0}, "datetime": {"datetime": "2024-08-07 09:59:55", "elapsed": 1898.256563, "delta": 1.929257}}
{"target": -0.2954238612347006, "params": {"bus_acc": 2.0369, "bus_dcc": 1.8624, "bus_lcAssertive": 96.5418, "bus_lcCooperative": 0.23, "bus_lcLookaheadLeft": 25.2224, "bus_lcPushy": 0.5782, "bus_lcSigma": 0.9294, "bus_lcSublane": 0.5745, "bus_sigma": 0.0403, "bus_tau_mean": 1.3092, "bus_tau_std": 4.8991, "bus_v_mean": 15.9356, "bus_v_std": 8.5985, "car_acc": 1.072, "car_dcc": 1.0181, "car_lcAssertive": 64.0105, "car_lcCooperative": 0.8187, "car_lcLookaheadLeft": 2.3447, "car_lcPushy": 0.4846, "car_lcSigma": 0.7082, "car_lcSublane": 0.5074, "car_sigma": 0.9753, "car_tau_mean": 2.2998, "car_tau_std": 0.3929, "car_v_mean": 14.8727, "car_v_std": 9.5987}, "datetime": {"datetime": "2024-08-07 10:00:04", "elapsed": 1907.269371, "delta": 9.012808}}
{"target": -0.3719619045691004, "params": {"bus_acc": 2.4634, "bus_dcc": 3.1257, "bus_lcAssertive": 59.3308, "bus_lcCooperative": 0.6349, "bus_lcLookaheadLeft": 33.2851, "bus_lcPushy": 0.539, "bus_lcSigma": 0.5, "bus_lcSublane": 0.5579, "bus_sigma": 0.69, "bus_tau_mean": 1.0336, "bus_tau_std": 5.4383, "bus_v_mean": 11.0184, "bus_v_std": 7.6956, "car_acc": 1.9036, "car_dcc": 3.378, "car_lcAssertive": 40.4201, "car_lcCooperative": 0.379, "car_lcLookaheadLeft": 75.2209, "car_lcPushy": 0.4655, "car_lcSigma": 0.6333, "car_lcSublane": 0.7158, "car_sigma": 0.1842, "car_tau_mean": 1.3245, "car_tau_std": 1.8642, "car_v_mean": 11.7055, "car_v_std": 3.347}, "datetime": {"datetime": "2024-08-07 10:00:15", "elapsed": 1917.751445, "delta": 10.482074}}
