{"target": -0.37015399813812955, "params": {"bus_acc": 3.2849, "bus_dcc": 1.1488, "bus_lcAssertive": 45.6288, "bus_lcCooperative": 0.9755, "bus_lcLookaheadLeft": 27.3597, "bus_lcPushy": 0.1185, "bus_lcSigma": 0.8892, "bus_lcSpeedGainRight": 2.4521, "bus_lcSublane": 0.3701, "bus_sigma": 0.1533, "bus_tau_mean": 1.2299, "bus_tau_std": 0.3785, "bus_v_mean": 22.7409, "bus_v_std": 9.3136, "car_acc": 4.166, "car_dcc": 2.5787, "car_lcAssertive": 88.874, "car_lcCooperative": 0.8761, "car_lcLookaheadLeft": 53.2422, "car_lcPushy": 0.7433, "car_lcSigma": 0.0578, "car_lcSpeedGainRight": 0.8018, "car_lcSublane": 0.3611, "car_sigma": 0.1163, "car_tau_mean": 0.9962, "car_tau_std": 6.6674, "car_v_mean": 20.7701, "car_v_std": 12.6684}, "datetime": {"datetime": "2024-08-08 14:01:57", "elapsed": 4504.777602, "delta": 3.369217}}
{"target": -0.3546153734378189, "params": {"bus_acc": 3.4514, "bus_dcc": 1.9441, "bus_lcAssertive": 97.4228, "bus_lcCooperative": 0.0949, "bus_lcLookaheadLeft": 17.6273, "bus_lcPushy": 0.5358, "bus_lcSigma": 0.6921, "bus_lcSpeedGainRight": 2.2119, "bus_lcSublane": 0.6642, "bus_sigma": 0.707, "bus_tau_mean": 3.2098, "bus_tau_std": 0.8094, "bus_v_mean": 9.278, "bus_v_std": 18.6455, "car_acc": 1.7794, "car_dcc": 3.9756, "car_lcAssertive": 28.9645, "car_lcCooperative": 0.6919, "car_lcLookaheadLeft": 63.1461, "car_lcPushy": 0.5741, "car_lcSigma": 0.8909, "car_lcSpeedGainRight": 4.6169, "car_lcSublane": 0.8036, "car_sigma": 0.5561, "car_tau_mean": 0.5723, "car_tau_std": 5.1698, "car_v_mean": 13.7164, "car_v_std": 1.5688}, "datetime": {"datetime": "2024-08-08 14:02:01", "elapsed": 4508.616104, "delta": 3.838502}}
{"target": -0.34714024900317175, "params": {"bus_acc": 1.3844, "bus_dcc": 2.792, "bus_lcAssertive": 2.4937, "bus_lcCooperative": 0.0551, "bus_lcLookaheadLeft": 73.414, "bus_lcPushy": 0.8111, "bus_lcSigma": 0.479, "bus_lcSpeedGainRight": 3.268, "bus_lcSublane": 0.8583, "bus_sigma": 0.5005, "bus_tau_mean": 1.9339, "bus_tau_std": 4.3145, "bus_v_mean": 19.8252, "bus_v_std": 7.3254, "car_acc": 4.4828, "car_dcc": 1.4253, "car_lcAssertive": 34.7089, "car_lcCooperative": 0.5656, "car_lcLookaheadLeft": 54.4097, "car_lcPushy": 0.2568, "car_lcSigma": 0.9073, "car_lcSpeedGainRight": 0.6316, "car_lcSublane": 0.3445, "car_sigma": 0.3516, "car_tau_mean": 2.6541, "car_tau_std": 5.3787, "car_v_mean": 10.0492, "car_v_std": 19.738}, "datetime": {"datetime": "2024-08-08 14:02:04", "elapsed": 4511.596582, "delta": 2.980478}}
{"target": -0.37906595383078007, "params": {"bus_acc": 2.9694, "bus_dcc": 3.4423, "bus_lcAssertive": 66.6011, "bus_lcCooperative": 0.8336, "bus_lcLookaheadLeft": 89.7286, "bus_lcPushy": 0.1984, "bus_lcSigma": 0.1309, "bus_lcSpeedGainRight": 3.6436, "bus_lcSublane": 0.8039, "bus_sigma": 0.4707, "bus_tau_mean": 2.8765, "bus_tau_std": 9.2783, "bus_v_mean": 20.9373, "bus_v_std": 3.5433, "car_acc": 2.0306, "car_dcc": 2.76, "car_lcAssertive": 98.929, "car_lcCooperative": 0.7982, "car_lcLookaheadLeft": 17.1309, "car_lcPushy": 0.6515, "car_lcSigma": 0.0297, "car_lcSpeedGainRight": 0.5975, "car_lcSublane": 0.9769, "car_sigma": 0.727, "car_tau_mean": 3.2363, "car_tau_std": 7.377, "car_v_mean": 16.3552, "car_v_std": 10.5368}, "datetime": {"datetime": "2024-08-08 14:02:09", "elapsed": 4516.9396, "delta": 5.343018}}
{"target": -0.28340713098947135, "params": {"bus_acc": 1.5617, "bus_dcc": 2.2458, "bus_lcAssertive": 82.4783, "bus_lcCooperative": 0.2765, "bus_lcLookaheadLeft": 26.3216, "bus_lcPushy": 0.6555, "bus_lcSigma": 0.7481, "bus_lcSpeedGainRight": 0.8563, "bus_lcSublane": 0.2011, "bus_sigma": 0.6908, "bus_tau_mean": 3.6993, "bus_tau_std": 2.7921, "bus_v_mean": 10.4642, "bus_v_std": 2.004, "car_acc": 4.9071, "car_dcc": 1.6925, "car_lcAssertive": 14.9798, "car_lcCooperative": 0.827, "car_lcLookaheadLeft": 45.1477, "car_lcPushy": 0.4427, "car_lcSigma": 0.8637, "car_lcSpeedGainRight": 0.8821, "car_lcSublane": 0.153, "car_sigma": 0.3716, "car_tau_mean": 1.1057, "car_tau_std": 5.6123, "car_v_mean": 13.9575, "car_v_std": 15.278}, "datetime": {"datetime": "2024-08-08 14:02:14", "elapsed": 4521.917416, "delta": 4.977816}}
{"target": -0.37343219325837296, "params": {"bus_acc": 3.1678, "bus_dcc": 1.7692, "bus_lcAssertive": 27.9239, "bus_lcCooperative": 0.1675, "bus_lcLookaheadLeft": 12.0013, "bus_lcPushy": 0.3171, "bus_lcSigma": 0.3914, "bus_lcSpeedGainRight": 0.4718, "bus_lcSublane": 0.6493, "bus_sigma": 0.8617, "bus_tau_mean": 2.0064, "bus_tau_std": 2.4044, "bus_v_mean": 22.6628, "bus_v_std": 10.8225, "car_acc": 1.2616, "car_dcc": 2.4847, "car_lcAssertive": 94.0557, "car_lcCooperative": 0.7963, "car_lcLookaheadLeft": 78.2119, "car_lcPushy": 0.406, "car_lcSigma": 0.8881, "car_lcSpeedGainRight": 0.653, "car_lcSublane": 0.1063, "car_sigma": 0.1366, "car_tau_mean": 2.5175, "car_tau_std": 0.9354, "car_v_mean": 18.5153, "car_v_std": 17.1671}, "datetime": {"datetime": "2024-08-08 14:02:19", "elapsed": 4527.181275, "delta": 5.263859}}
{"target": -0.3483478429100194, "params": {"bus_acc": 4.2738, "bus_dcc": 2.4397, "bus_lcAssertive": 60.6829, "bus_lcCooperative": 0.1126, "bus_lcLookaheadLeft": 99.5502, "bus_lcPushy": 0.8604, "bus_lcSigma": 0.0225, "bus_lcSpeedGainRight": 3.8029, "bus_lcSublane": 0.1494, "bus_sigma": 0.4578, "bus_tau_mean": 3.1006, "bus_tau_std": 6.2565, "bus_v_mean": 17.3399, "bus_v_std": 3.9782, "car_acc": 3.9863, "car_dcc": 1.3837, "car_lcAssertive": 41.0085, "car_lcCooperative": 0.0518, "car_lcLookaheadLeft": 36.1726, "car_lcPushy": 0.7795, "car_lcSigma": 0.624, "car_lcSpeedGainRight": 3.0762, "car_lcSublane": 0.1878, "car_sigma": 0.7468, "car_tau_mean": 3.2308, "car_tau_std": 7.0823, "car_v_mean": 16.4865, "car_v_std": 17.4539}, "datetime": {"datetime": "2024-08-08 14:02:23", "elapsed": 4530.919996, "delta": 3.738721}}
{"target": -0.3406339261944744, "params": {"bus_acc": 1.0115, "bus_dcc": 1.1707, "bus_lcAssertive": 30.1121, "bus_lcCooperative": 0.7301, "bus_lcLookaheadLeft": 54.3304, "bus_lcPushy": 0.112, "bus_lcSigma": 0.6741, "bus_lcSpeedGainRight": 1.9367, "bus_lcSublane": 0.2047, "bus_sigma": 0.4851, "bus_tau_mean": 3.1263, "bus_tau_std": 4.4136, "bus_v_mean": 9.1852, "bus_v_std": 11.7824, "car_acc": 4.8655, "car_dcc": 3.4451, "car_lcAssertive": 46.032, "car_lcCooperative": 0.1857, "car_lcLookaheadLeft": 72.4586, "car_lcPushy": 0.7922, "car_lcSigma": 0.3885, "car_lcSpeedGainRight": 4.3234, "car_lcSublane": 0.567, "car_sigma": 0.085, "car_tau_mean": 1.1225, "car_tau_std": 8.4232, "car_v_mean": 10.3206, "car_v_std": 11.8302}, "datetime": {"datetime": "2024-08-08 14:02:27", "elapsed": 4535.335588, "delta": 4.415592}}
{"target": -0.3546167572902521, "params": {"bus_acc": 4.1023, "bus_dcc": 2.885, "bus_lcAssertive": 26.569, "bus_lcCooperative": 0.3548, "bus_lcLookaheadLeft": 33.1222, "bus_lcPushy": 0.4396, "bus_lcSigma": 0.0326, "bus_lcSpeedGainRight": 0.2576, "bus_lcSublane": 0.1047, "bus_sigma": 0.7877, "bus_tau_mean": 2.996, "bus_tau_std": 7.323, "bus_v_mean": 23.548, "bus_v_std": 13.2481, "car_acc": 1.0634, "car_dcc": 1.2504, "car_lcAssertive": 63.5939, "car_lcCooperative": 0.2169, "car_lcLookaheadLeft": 87.8307, "car_lcPushy": 0.6934, "car_lcSigma": 0.9782, "car_lcSpeedGainRight": 4.6245, "car_lcSublane": 0.3442, "car_sigma": 0.4443, "car_tau_mean": 0.8805, "car_tau_std": 6.3089, "car_v_mean": 8.8043, "car_v_std": 15.1237}, "datetime": {"datetime": "2024-08-08 14:02:30", "elapsed": 4537.941752, "delta": 2.606164}}
{"target": -0.38560820122109163, "params": {"bus_acc": 3.2459, "bus_dcc": 2.0104, "bus_lcAssertive": 77.9245, "bus_lcCooperative": 0.5461, "bus_lcLookaheadLeft": 55.8134, "bus_lcPushy": 0.5601, "bus_lcSigma": 0.9137, "bus_lcSpeedGainRight": 2.982, "bus_lcSublane": 0.1847, "bus_sigma": 0.155, "bus_tau_mean": 0.9547, "bus_tau_std": 8.3387, "bus_v_mean": 20.4523, "bus_v_std": 1.7731, "car_acc": 1.3744, "car_dcc": 1.2379, "car_lcAssertive": 96.4388, "car_lcCooperative": 0.5689, "car_lcLookaheadLeft": 10.6812, "car_lcPushy": 0.8461, "car_lcSigma": 0.1047, "car_lcSpeedGainRight": 1.2612, "car_lcSublane": 0.9244, "car_sigma": 0.3349, "car_tau_mean": 1.1524, "car_tau_std": 8.0608, "car_v_mean": 9.7024, "car_v_std": 2.5317}, "datetime": {"datetime": "2024-08-08 14:02:35", "elapsed": 4543.164616, "delta": 5.222864}}
{"target": -0.3414079657819721, "params": {"bus_acc": 1.278, "bus_dcc": 1.1561, "bus_lcAssertive": 50.3133, "bus_lcCooperative": 0.8539, "bus_lcLookaheadLeft": 94.928, "bus_lcPushy": 0.0175, "bus_lcSigma": 0.6463, "bus_lcSpeedGainRight": 4.5302, "bus_lcSublane": 0.8682, "bus_sigma": 0.9448, "bus_tau_mean": 1.1015, "bus_tau_std": 5.7771, "bus_v_mean": 23.4846, "bus_v_std": 17.1169, "car_acc": 1.904, "car_dcc": 3.254, "car_lcAssertive": 14.9755, "car_lcCooperative": 0.0393, "car_lcLookaheadLeft": 85.8879, "car_lcPushy": 0.8636, "car_lcSigma": 0.4449, "car_lcSpeedGainRight": 2.8106, "car_lcSublane": 0.6623, "car_sigma": 0.9036, "car_tau_mean": 3.1769, "car_tau_std": 9.0785, "car_v_mean": 19.7161, "car_v_std": 7.9736}, "datetime": {"datetime": "2024-08-08 14:02:37", "elapsed": 4545.414244, "delta": 2.249628}}
{"target": -0.37087792812382314, "params": {"bus_acc": 1.8093, "bus_dcc": 3.5092, "bus_lcAssertive": 12.5898, "bus_lcCooperative": 0.7616, "bus_lcLookaheadLeft": 20.8101, "bus_lcPushy": 0.3399, "bus_lcSigma": 0.6385, "bus_lcSpeedGainRight": 1.9568, "bus_lcSublane": 0.3566, "bus_sigma": 0.7387, "bus_tau_mean": 1.3778, "bus_tau_std": 9.5035, "bus_v_mean": 18.4993, "bus_v_std": 10.8277, "car_acc": 1.8499, "car_dcc": 2.5054, "car_lcAssertive": 93.2526, "car_lcCooperative": 0.5347, "car_lcLookaheadLeft": 57.9743, "car_lcPushy": 0.0565, "car_lcSigma": 0.8329, "car_lcSpeedGainRight": 2.0821, "car_lcSublane": 0.4849, "car_sigma": 0.3848, "car_tau_mean": 3.1704, "car_tau_std": 1.2732, "car_v_mean": 14.2418, "car_v_std": 13.5078}, "datetime": {"datetime": "2024-08-08 14:02:41", "elapsed": 4548.892419, "delta": 3.478175}}
{"target": -0.3489504526798233, "params": {"bus_acc": 3.0827, "bus_dcc": 2.8269, "bus_lcAssertive": 68.1186, "bus_lcCooperative": 0.8084, "bus_lcLookaheadLeft": 93.0429, "bus_lcPushy": 0.513, "bus_lcSigma": 0.1225, "bus_lcSpeedGainRight": 4.6085, "bus_lcSublane": 0.0865, "bus_sigma": 0.7381, "bus_tau_mean": 2.9499, "bus_tau_std": 1.6389, "bus_v_mean": 18.6331, "bus_v_std": 15.3304, "car_acc": 3.0157, "car_dcc": 3.2166, "car_lcAssertive": 10.1932, "car_lcCooperative": 0.2439, "car_lcLookaheadLeft": 96.7019, "car_lcPushy": 0.5045, "car_lcSigma": 0.8465, "car_lcSpeedGainRight": 4.0044, "car_lcSublane": 0.6079, "car_sigma": 0.6165, "car_tau_mean": 1.8257, "car_tau_std": 6.6414, "car_v_mean": 23.5778, "car_v_std": 9.1825}, "datetime": {"datetime": "2024-08-08 14:02:45", "elapsed": 4552.650212, "delta": 3.757793}}
{"target": -0.3688920258690088, "params": {"bus_acc": 4.1636, "bus_dcc": 1.2952, "bus_lcAssertive": 27.8566, "bus_lcCooperative": 0.8578, "bus_lcLookaheadLeft": 21.2782, "bus_lcPushy": 0.8098, "bus_lcSigma": 0.3314, "bus_lcSpeedGainRight": 2.5537, "bus_lcSublane": 0.8029, "bus_sigma": 0.2502, "bus_tau_mean": 2.8945, "bus_tau_std": 3.6133, "bus_v_mean": 11.1084, "bus_v_std": 4.06, "car_acc": 4.614, "car_dcc": 1.2142, "car_lcAssertive": 42.4563, "car_lcCooperative": 0.8244, "car_lcLookaheadLeft": 44.8444, "car_lcPushy": 0.9407, "car_lcSigma": 0.2525, "car_lcSpeedGainRight": 2.4452, "car_lcSublane": 0.6949, "car_sigma": 0.1214, "car_tau_mean": 3.4386, "car_tau_std": 5.7009, "car_v_mean": 22.807, "car_v_std": 2.9278}, "datetime": {"datetime": "2024-08-08 14:02:49", "elapsed": 4556.996448, "delta": 4.346236}}
{"target": -0.32528646753118756, "params": {"bus_acc": 3.2907, "bus_dcc": 2.4161, "bus_lcAssertive": 72.2024, "bus_lcCooperative": 0.942, "bus_lcLookaheadLeft": 96.0737, "bus_lcPushy": 0.201, "bus_lcSigma": 0.6538, "bus_lcSpeedGainRight": 3.6624, "bus_lcSublane": 0.7866, "bus_sigma": 0.6799, "bus_tau_mean": 1.7253, "bus_tau_std": 9.7038, "bus_v_mean": 12.7016, "bus_v_std": 10.2458, "car_acc": 4.5509, "car_dcc": 3.0466, "car_lcAssertive": 8.1825, "car_lcCooperative": 0.3378, "car_lcLookaheadLeft": 35.9132, "car_lcPushy": 0.1474, "car_lcSigma": 0.3681, "car_lcSpeedGainRight": 3.2805, "car_lcSublane": 0.1014, "car_sigma": 0.5456, "car_tau_mean": 2.2952, "car_tau_std": 2.2381, "car_v_mean": 22.2269, "car_v_std": 18.4003}, "datetime": {"datetime": "2024-08-08 14:02:54", "elapsed": 4562.346611, "delta": 5.350163}}
{"target": -0.35639197859755417, "params": {"bus_acc": 4.5775, "bus_dcc": 2.5743, "bus_lcAssertive": 83.319, "bus_lcCooperative": 0.8717, "bus_lcLookaheadLeft": 68.0239, "bus_lcPushy": 0.2962, "bus_lcSigma": 0.6426, "bus_lcSpeedGainRight": 2.2837, "bus_lcSublane": 0.7266, "bus_sigma": 0.8904, "bus_tau_mean": 1.8906, "bus_tau_std": 0.4293, "bus_v_mean": 20.4666, "bus_v_std": 1.1784, "car_acc": 2.504, "car_dcc": 3.2392, "car_lcAssertive": 7.3267, "car_lcCooperative": 0.7881, "car_lcLookaheadLeft": 21.346, "car_lcPushy": 0.6165, "car_lcSigma": 0.7193, "car_lcSpeedGainRight": 3.7596, "car_lcSublane": 0.9687, "car_sigma": 0.2481, "car_tau_mean": 2.6454, "car_tau_std": 4.535, "car_v_mean": 14.0845, "car_v_std": 3.1192}, "datetime": {"datetime": "2024-08-08 14:02:59", "elapsed": 4566.77085, "delta": 4.424239}}
{"target": -0.4216829257896273, "params": {"bus_acc": 2.2199, "bus_dcc": 1.0785, "bus_lcAssertive": 79.4566, "bus_lcCooperative": 0.6196, "bus_lcLookaheadLeft": 47.6556, "bus_lcPushy": 0.9588, "bus_lcSigma": 0.9341, "bus_lcSpeedGainRight": 0.4519, "bus_lcSublane": 0.8319, "bus_sigma": 0.8911, "bus_tau_mean": 3.4222, "bus_tau_std": 6.0673, "bus_v_mean": 17.3934, "bus_v_std": 17.5766, "car_acc": 1.0834, "car_dcc": 1.91, "car_lcAssertive": 98.3332, "car_lcCooperative": 0.8487, "car_lcLookaheadLeft": 81.6411, "car_lcPushy": 0.3209, "car_lcSigma": 0.3071, "car_lcSpeedGainRight": 4.5616, "car_lcSublane": 0.1081, "car_sigma": 0.0331, "car_tau_mean": 2.2905, "car_tau_std": 4.3073, "car_v_mean": 10.1536, "car_v_std": 15.0724}, "datetime": {"datetime": "2024-08-08 14:03:02", "elapsed": 4569.689026, "delta": 2.918176}}
{"target": -0.40456918999877467, "params": {"bus_acc": 3.9175, "bus_dcc": 1.9196, "bus_lcAssertive": 93.4069, "bus_lcCooperative": 0.3263, "bus_lcLookaheadLeft": 52.7127, "bus_lcPushy": 0.5399, "bus_lcSigma": 0.7238, "bus_lcSpeedGainRight": 2.8809, "bus_lcSublane": 0.5143, "bus_sigma": 0.9733, "bus_tau_mean": 3.7341, "bus_tau_std": 1.9444, "bus_v_mean": 17.4556, "bus_v_std": 6.2949, "car_acc": 3.9691, "car_dcc": 1.7163, "car_lcAssertive": 18.5821, "car_lcCooperative": 0.4049, "car_lcLookaheadLeft": 52.7153, "car_lcPushy": 0.0062, "car_lcSigma": 0.0811, "car_lcSpeedGainRight": 0.0735, "car_lcSublane": 0.7386, "car_sigma": 0.7746, "car_tau_mean": 1.5148, "car_tau_std": 5.5202, "car_v_mean": 8.5645, "car_v_std": 4.5901}, "datetime": {"datetime": "2024-08-08 14:03:05", "elapsed": 4572.527728, "delta": 2.838702}}
{"target": -0.3294911707344875, "params": {"bus_acc": 1.808, "bus_dcc": 1.6046, "bus_lcAssertive": 22.8347, "bus_lcCooperative": 0.4141, "bus_lcLookaheadLeft": 94.4025, "bus_lcPushy": 0.0055, "bus_lcSigma": 0.3893, "bus_lcSpeedGainRight": 4.9328, "bus_lcSublane": 0.4286, "bus_sigma": 0.5981, "bus_tau_mean": 3.8462, "bus_tau_std": 0.4922, "bus_v_mean": 14.9469, "bus_v_std": 19.5772, "car_acc": 4.0176, "car_dcc": 3.4028, "car_lcAssertive": 76.4383, "car_lcCooperative": 0.7246, "car_lcLookaheadLeft": 90.5754, "car_lcPushy": 0.1761, "car_lcSigma": 0.0035, "car_lcSpeedGainRight": 0.0267, "car_lcSublane": 0.2619, "car_sigma": 0.5852, "car_tau_mean": 2.9458, "car_tau_std": 8.4493, "car_v_mean": 20.7268, "car_v_std": 13.37}, "datetime": {"datetime": "2024-08-08 14:03:09", "elapsed": 4576.562776, "delta": 4.035048}}
{"target": -0.33844042404601304, "params": {"bus_acc": 3.5371, "bus_dcc": 1.4224, "bus_lcAssertive": 79.2511, "bus_lcCooperative": 0.7069, "bus_lcLookaheadLeft": 89.6239, "bus_lcPushy": 0.2122, "bus_lcSigma": 0.8051, "bus_lcSpeedGainRight": 4.1405, "bus_lcSublane": 0.212, "bus_sigma": 0.8801, "bus_tau_mean": 2.7868, "bus_tau_std": 1.3238, "bus_v_mean": 11.4209, "bus_v_std": 19.3882, "car_acc": 1.6608, "car_dcc": 3.1837, "car_lcAssertive": 29.871, "car_lcCooperative": 0.8121, "car_lcLookaheadLeft": 77.4549, "car_lcPushy": 0.7537, "car_lcSigma": 0.9306, "car_lcSpeedGainRight": 1.5475, "car_lcSublane": 0.4593, "car_sigma": 0.0721, "car_tau_mean": 0.6867, "car_tau_std": 7.2144, "car_v_mean": 19.8407, "car_v_std": 3.1396}, "datetime": {"datetime": "2024-08-08 14:03:11", "elapsed": 4579.205101, "delta": 2.642325}}
{"target": -0.3554235781308477, "params": {"bus_acc": 1.9535, "bus_dcc": 3.9597, "bus_lcAssertive": 80.2085, "bus_lcCooperative": 0.0445, "bus_lcLookaheadLeft": 63.1838, "bus_lcPushy": 0.3245, "bus_lcSigma": 0.7044, "bus_lcSpeedGainRight": 1.5038, "bus_lcSublane": 0.2391, "bus_sigma": 0.8251, "bus_tau_mean": 1.6635, "bus_tau_std": 8.9146, "bus_v_mean": 23.1631, "bus_v_std": 19.7279, "car_acc": 4.825, "car_dcc": 2.6204, "car_lcAssertive": 62.0793, "car_lcCooperative": 0.5966, "car_lcLookaheadLeft": 68.8211, "car_lcPushy": 0.9233, "car_lcSigma": 0.7451, "car_lcSpeedGainRight": 2.1188, "car_lcSublane": 0.2943, "car_sigma": 0.3891, "car_tau_mean": 2.7162, "car_tau_std": 9.6089, "car_v_mean": 20.5792, "car_v_std": 8.1034}, "datetime": {"datetime": "2024-08-08 14:03:15", "elapsed": 4583.221135, "delta": 4.016034}}
{"target": -0.38793285705377234, "params": {"bus_acc": 3.9133, "bus_dcc": 1.245, "bus_lcAssertive": 79.6474, "bus_lcCooperative": 0.3431, "bus_lcLookaheadLeft": 46.7771, "bus_lcPushy": 0.6789, "bus_lcSigma": 0.2968, "bus_lcSpeedGainRight": 1.6034, "bus_lcSublane": 0.8561, "bus_sigma": 0.9447, "bus_tau_mean": 1.5195, "bus_tau_std": 3.9306, "bus_v_mean": 20.6317, "bus_v_std": 7.1134, "car_acc": 1.8273, "car_dcc": 3.911, "car_lcAssertive": 43.5487, "car_lcCooperative": 0.047, "car_lcLookaheadLeft": 75.2691, "car_lcPushy": 0.3247, "car_lcSigma": 0.5384, "car_lcSpeedGainRight": 2.9933, "car_lcSublane": 0.2879, "car_sigma": 0.4239, "car_tau_mean": 2.3043, "car_tau_std": 8.524, "car_v_mean": 17.2902, "car_v_std": 19.3319}, "datetime": {"datetime": "2024-08-08 14:03:18", "elapsed": 4586.29161, "delta": 3.070475}}
{"target": -0.35133229178782993, "params": {"bus_acc": 1.8108, "bus_dcc": 2.9002, "bus_lcAssertive": 43.1283, "bus_lcCooperative": 0.5812, "bus_lcLookaheadLeft": 8.7068, "bus_lcPushy": 0.0287, "bus_lcSigma": 0.2494, "bus_lcSpeedGainRight": 0.3824, "bus_lcSublane": 0.4235, "bus_sigma": 0.5104, "bus_tau_mean": 2.9991, "bus_tau_std": 9.4431, "bus_v_mean": 12.3842, "bus_v_std": 13.6885, "car_acc": 2.5548, "car_dcc": 3.7464, "car_lcAssertive": 68.1066, "car_lcCooperative": 0.522, "car_lcLookaheadLeft": 41.1875, "car_lcPushy": 0.393, "car_lcSigma": 0.9449, "car_lcSpeedGainRight": 0.2633, "car_lcSublane": 0.3512, "car_sigma": 0.1516, "car_tau_mean": 2.137, "car_tau_std": 1.8043, "car_v_mean": 12.6999, "car_v_std": 6.6264}, "datetime": {"datetime": "2024-08-08 14:03:22", "elapsed": 4589.654407, "delta": 3.362797}}
{"target": -0.3890903232935285, "params": {"bus_acc": 4.7878, "bus_dcc": 2.0848, "bus_lcAssertive": 92.541, "bus_lcCooperative": 0.1299, "bus_lcLookaheadLeft": 18.2204, "bus_lcPushy": 0.9562, "bus_lcSigma": 0.7708, "bus_lcSpeedGainRight": 3.487, "bus_lcSublane": 0.242, "bus_sigma": 0.5645, "bus_tau_mean": 3.287, "bus_tau_std": 4.2719, "bus_v_mean": 17.4722, "bus_v_std": 3.2355, "car_acc": 1.5249, "car_dcc": 1.0548, "car_lcAssertive": 6.9021, "car_lcCooperative": 0.8059, "car_lcLookaheadLeft": 19.8566, "car_lcPushy": 0.5651, "car_lcSigma": 0.0568, "car_lcSpeedGainRight": 3.7304, "car_lcSublane": 0.6038, "car_sigma": 0.3032, "car_tau_mean": 1.1735, "car_tau_std": 1.2691, "car_v_mean": 9.6752, "car_v_std": 13.4346}, "datetime": {"datetime": "2024-08-08 14:03:24", "elapsed": 4591.76113, "delta": 2.106723}}
{"target": -0.3503522164877426, "params": {"bus_acc": 3.9313, "bus_dcc": 3.5411, "bus_lcAssertive": 97.2302, "bus_lcCooperative": 0.366, "bus_lcLookaheadLeft": 66.8219, "bus_lcPushy": 0.3322, "bus_lcSigma": 0.4151, "bus_lcSpeedGainRight": 1.7583, "bus_lcSublane": 0.5178, "bus_sigma": 0.9028, "bus_tau_mean": 1.4467, "bus_tau_std": 2.301, "bus_v_mean": 22.7148, "bus_v_std": 4.927, "car_acc": 2.1419, "car_dcc": 1.4979, "car_lcAssertive": 21.0785, "car_lcCooperative": 0.0134, "car_lcLookaheadLeft": 33.6739, "car_lcPushy": 0.9848, "car_lcSigma": 0.7329, "car_lcSpeedGainRight": 4.3636, "car_lcSublane": 0.8166, "car_sigma": 0.2236, "car_tau_mean": 3.3712, "car_tau_std": 2.1984, "car_v_mean": 17.846, "car_v_std": 15.0147}, "datetime": {"datetime": "2024-08-08 14:03:28", "elapsed": 4595.852193, "delta": 4.091063}}
{"target": -0.36156998838025595, "params": {"bus_acc": 4.8197, "bus_dcc": 3.4243, "bus_lcAssertive": 47.2111, "bus_lcCooperative": 0.5071, "bus_lcLookaheadLeft": 79.1481, "bus_lcPushy": 0.1007, "bus_lcSigma": 0.2069, "bus_lcSpeedGainRight": 2.3267, "bus_lcSublane": 0.1672, "bus_sigma": 0.0873, "bus_tau_mean": 0.6517, "bus_tau_std": 1.9269, "bus_v_mean": 21.6635, "bus_v_std": 7.5899, "car_acc": 4.2853, "car_dcc": 2.7628, "car_lcAssertive": 68.0556, "car_lcCooperative": 0.8233, "car_lcLookaheadLeft": 55.0756, "car_lcPushy": 0.7244, "car_lcSigma": 0.696, "car_lcSpeedGainRight": 0.8831, "car_lcSublane": 0.1518, "car_sigma": 0.3043, "car_tau_mean": 2.3392, "car_tau_std": 9.0662, "car_v_mean": 18.9448, "car_v_std": 11.6734}, "datetime": {"datetime": "2024-08-08 14:03:30", "elapsed": 4598.376813, "delta": 2.52462}}
