{"target": -0.06569086192032539, "params": {"bus_acc": 1.071, "bus_dcc": 1.6892, "bus_lcAssertive": 61.467, "bus_lcCooperative": 0.3283, "bus_lcLookaheadLeft": 29.2468, "bus_lcPushy": 0.0251, "bus_lcSublane": 0.2826, "bus_tau_mean": 1.5127, "bus_tau_std": 6.9679, "bus_v_mean": 22.7077, "bus_v_std": 0.5411, "car_acc": 2.2094, "car_dcc": 1.7895, "car_lcAssertive": 35.5476, "car_lcCooperative": 0.4277, "car_lcLookaheadLeft": 8.0922, "car_lcPushy": 0.9101, "car_lcSublane": 0.742, "car_tau_mean": 3.3853, "car_tau_std": 0.7052, "car_v_mean": 21.8025, "car_v_std": 7.0077}, "datetime": {"datetime": "2024-08-05 17:52:35", "elapsed": 379.017284, "delta": 2.435732}}
{"target": -0.0509875318822051, "params": {"bus_acc": 1.3208, "bus_dcc": 1.6429, "bus_lcAssertive": 72.0086, "bus_lcCooperative": 0.5637, "bus_lcLookaheadLeft": 84.6804, "bus_lcPushy": 0.3051, "bus_lcSublane": 0.6545, "bus_tau_mean": 1.0221, "bus_tau_std": 4.1675, "bus_v_mean": 24.0, "bus_v_std": 9.648, "car_acc": 1.0, "car_dcc": 1.6933, "car_lcAssertive": 29.8926, "car_lcCooperative": 0.1342, "car_lcLookaheadLeft": 2.0, "car_lcPushy": 0.4188, "car_lcSublane": 0.169, "car_tau_mean": 1.7447, "car_tau_std": 7.8944, "car_v_mean": 10.7312, "car_v_std": 2.9663}, "datetime": {"datetime": "2024-08-05 17:52:38", "elapsed": 381.41771, "delta": 2.400426}}
{"target": -0.0695830349523041, "params": {"bus_acc": 2.5395, "bus_dcc": 2.138, "bus_lcAssertive": 14.7604, "bus_lcCooperative": 0.9471, "bus_lcLookaheadLeft": 12.5653, "bus_lcPushy": 0.3859, "bus_lcSublane": 0.8584, "bus_tau_mean": 2.7436, "bus_tau_std": 1.8306, "bus_v_mean": 17.3701, "bus_v_std": 5.2624, "car_acc": 2.9649, "car_dcc": 2.1609, "car_lcAssertive": 54.577, "car_lcCooperative": 0.3859, "car_lcLookaheadLeft": 45.1702, "car_lcPushy": 0.5407, "car_lcSublane": 0.0528, "car_tau_mean": 2.6754, "car_tau_std": 1.7892, "car_v_mean": 22.7351, "car_v_std": 4.8355}, "datetime": {"datetime": "2024-08-05 17:52:40", "elapsed": 383.737134, "delta": 2.319424}}
{"target": -0.04720884646538116, "params": {"bus_acc": 1.3917, "bus_dcc": 1.7673, "bus_lcAssertive": 67.1516, "bus_lcCooperative": 0.6676, "bus_lcLookaheadLeft": 82.9037, "bus_lcPushy": 0.457, "bus_lcSublane": 0.5541, "bus_tau_mean": 1.4126, "bus_tau_std": 4.0345, "bus_v_mean": 22.0474, "bus_v_std": 8.1747, "car_acc": 1.0, "car_dcc": 1.6017, "car_lcAssertive": 32.4192, "car_lcCooperative": 0.1743, "car_lcLookaheadLeft": 3.9967, "car_lcPushy": 0.5168, "car_lcSublane": 0.2356, "car_tau_mean": 1.8142, "car_tau_std": 6.721, "car_v_mean": 11.2032, "car_v_std": 2.8914}, "datetime": {"datetime": "2024-08-05 17:52:42", "elapsed": 385.529887, "delta": 1.792753}}
{"target": -0.060962561727394546, "params": {"bus_acc": 1.4188, "bus_dcc": 1.7792, "bus_lcAssertive": 67.4224, "bus_lcCooperative": 0.6188, "bus_lcLookaheadLeft": 82.9257, "bus_lcPushy": 0.439, "bus_lcSublane": 0.5155, "bus_tau_mean": 1.4782, "bus_tau_std": 3.8248, "bus_v_mean": 21.5726, "bus_v_std": 8.1784, "car_acc": 1.0, "car_dcc": 1.5977, "car_lcAssertive": 32.4275, "car_lcCooperative": 0.2731, "car_lcLookaheadLeft": 3.9082, "car_lcPushy": 0.5624, "car_lcSublane": 0.2384, "car_tau_mean": 1.8811, "car_tau_std": 6.6401, "car_v_mean": 11.5503, "car_v_std": 2.8676}, "datetime": {"datetime": "2024-08-05 17:52:44", "elapsed": 387.934188, "delta": 2.404301}}
{"target": -0.054128616125935426, "params": {"bus_acc": 2.2378, "bus_dcc": 3.5583, "bus_lcAssertive": 88.0333, "bus_lcCooperative": 0.864, "bus_lcLookaheadLeft": 53.4602, "bus_lcPushy": 0.1272, "bus_lcSublane": 0.6795, "bus_tau_mean": 2.6042, "bus_tau_std": 7.002, "bus_v_mean": 20.3998, "bus_v_std": 2.3247, "car_acc": 2.5976, "car_dcc": 3.3799, "car_lcAssertive": 77.2917, "car_lcCooperative": 0.0131, "car_lcLookaheadLeft": 37.2856, "car_lcPushy": 0.6449, "car_lcSublane": 0.0506, "car_tau_mean": 2.8896, "car_tau_std": 3.6632, "car_v_mean": 17.5435, "car_v_std": 9.3055}, "datetime": {"datetime": "2024-08-05 17:52:47", "elapsed": 390.703457, "delta": 2.769269}}
{"target": -0.04895193291104025, "params": {"bus_acc": 1.371, "bus_dcc": 1.7827, "bus_lcAssertive": 67.269, "bus_lcCooperative": 0.6714, "bus_lcLookaheadLeft": 82.7716, "bus_lcPushy": 0.4421, "bus_lcSublane": 0.5495, "bus_tau_mean": 1.4148, "bus_tau_std": 3.7553, "bus_v_mean": 21.8558, "bus_v_std": 8.3035, "car_acc": 1.0, "car_dcc": 1.5348, "car_lcAssertive": 32.8925, "car_lcCooperative": 0.1625, "car_lcLookaheadLeft": 3.4358, "car_lcPushy": 0.5067, "car_lcSublane": 0.2123, "car_tau_mean": 1.9037, "car_tau_std": 6.7394, "car_v_mean": 10.7839, "car_v_std": 2.815}, "datetime": {"datetime": "2024-08-05 17:52:49", "elapsed": 392.451215, "delta": 1.747758}}
{"target": -0.060388410492273364, "params": {"bus_acc": 2.9575, "bus_dcc": 1.2999, "bus_lcAssertive": 77.4391, "bus_lcCooperative": 0.3127, "bus_lcLookaheadLeft": 48.2485, "bus_lcPushy": 0.9196, "bus_lcSublane": 0.329, "bus_tau_mean": 3.5743, "bus_tau_std": 3.476, "bus_v_mean": 14.4658, "bus_v_std": 8.4854, "car_acc": 2.5455, "car_dcc": 3.699, "car_lcAssertive": 55.2855, "car_lcCooperative": 0.0197, "car_lcLookaheadLeft": 65.776, "car_lcPushy": 0.6947, "car_lcSublane": 0.5483, "car_tau_mean": 0.6146, "car_tau_std": 1.2975, "car_v_mean": 19.7959, "car_v_std": 4.6407}, "datetime": {"datetime": "2024-08-05 17:52:51", "elapsed": 394.945929, "delta": 2.494714}}
{"target": -0.04284648715265556, "params": {"bus_acc": 1.3132, "bus_dcc": 1.6522, "bus_lcAssertive": 71.8665, "bus_lcCooperative": 0.5667, "bus_lcLookaheadLeft": 84.3532, "bus_lcPushy": 0.321, "bus_lcSublane": 0.6523, "bus_tau_mean": 1.0885, "bus_tau_std": 4.0826, "bus_v_mean": 24.0, "bus_v_std": 9.5033, "car_acc": 1.0, "car_dcc": 1.672, "car_lcAssertive": 30.5452, "car_lcCooperative": 0.1381, "car_lcLookaheadLeft": 2.0, "car_lcPushy": 0.4148, "car_lcSublane": 0.1855, "car_tau_mean": 1.7698, "car_tau_std": 7.9472, "car_v_mean": 10.5414, "car_v_std": 3.0217}, "datetime": {"datetime": "2024-08-05 17:52:53", "elapsed": 396.942193, "delta": 1.996264}}
{"target": -0.052788674621047145, "params": {"bus_acc": 1.6613, "bus_dcc": 3.4732, "bus_lcAssertive": 24.3468, "bus_lcCooperative": 0.7351, "bus_lcLookaheadLeft": 93.8066, "bus_lcPushy": 0.4015, "bus_lcSublane": 0.6031, "bus_tau_mean": 3.6041, "bus_tau_std": 0.876, "bus_v_mean": 23.5334, "bus_v_std": 7.0577, "car_acc": 1.171, "car_dcc": 2.7178, "car_lcAssertive": 2.2489, "car_lcCooperative": 0.3957, "car_lcLookaheadLeft": 71.756, "car_lcPushy": 0.908, "car_lcSublane": 0.5502, "car_tau_mean": 0.8956, "car_tau_std": 4.6298, "car_v_mean": 17.1606, "car_v_std": 4.0786}, "datetime": {"datetime": "2024-08-05 17:52:55", "elapsed": 399.127549, "delta": 2.185356}}
{"target": -0.04500591892823366, "params": {"bus_acc": 1.318, "bus_dcc": 1.642, "bus_lcAssertive": 71.8256, "bus_lcCooperative": 0.5611, "bus_lcLookaheadLeft": 84.5509, "bus_lcPushy": 0.3144, "bus_lcSublane": 0.6582, "bus_tau_mean": 1.0506, "bus_tau_std": 4.1465, "bus_v_mean": 24.0, "bus_v_std": 9.5609, "car_acc": 1.0, "car_dcc": 1.68, "car_lcAssertive": 30.1832, "car_lcCooperative": 0.1377, "car_lcLookaheadLeft": 2.0, "car_lcPushy": 0.423, "car_lcSublane": 0.1834, "car_tau_mean": 1.767, "car_tau_std": 7.8842, "car_v_mean": 10.6572, "car_v_std": 3.0364}, "datetime": {"datetime": "2024-08-05 17:52:57", "elapsed": 401.266069, "delta": 2.13852}}
{"target": -0.05916941759069309, "params": {"bus_acc": 1.3319, "bus_dcc": 1.5929, "bus_lcAssertive": 69.413, "bus_lcCooperative": 0.5751, "bus_lcLookaheadLeft": 87.587, "bus_lcPushy": 0.2459, "bus_lcSublane": 0.6309, "bus_tau_mean": 0.6218, "bus_tau_std": 5.1633, "bus_v_mean": 21.8129, "bus_v_std": 9.8425, "car_acc": 1.021, "car_dcc": 1.7598, "car_lcAssertive": 23.1624, "car_lcCooperative": 0.0488, "car_lcLookaheadLeft": 2.9982, "car_lcPushy": 0.4915, "car_lcSublane": 0.0468, "car_tau_mean": 1.4754, "car_tau_std": 6.401, "car_v_mean": 12.7164, "car_v_std": 2.6978}, "datetime": {"datetime": "2024-08-05 17:52:59", "elapsed": 403.07279, "delta": 1.806721}}
{"target": -0.04967888398493697, "params": {"bus_acc": 1.3533, "bus_dcc": 1.6143, "bus_lcAssertive": 69.4351, "bus_lcCooperative": 0.5965, "bus_lcLookaheadLeft": 87.6084, "bus_lcPushy": 0.268, "bus_lcSublane": 0.6523, "bus_tau_mean": 0.6432, "bus_tau_std": 5.1847, "bus_v_mean": 21.835, "bus_v_std": 9.8646, "car_acc": 1.0425, "car_dcc": 1.7812, "car_lcAssertive": 23.1845, "car_lcCooperative": 0.0709, "car_lcLookaheadLeft": 3.0196, "car_lcPushy": 0.5129, "car_lcSublane": 0.0689, "car_tau_mean": 1.4969, "car_tau_std": 6.4225, "car_v_mean": 12.7384, "car_v_std": 2.7193}, "datetime": {"datetime": "2024-08-05 17:53:02", "elapsed": 405.364117, "delta": 2.291327}}
{"target": -0.06801885218232084, "params": {"bus_acc": 1.589, "bus_dcc": 3.0194, "bus_lcAssertive": 13.6669, "bus_lcCooperative": 0.0694, "bus_lcLookaheadLeft": 70.6773, "bus_lcPushy": 0.691, "bus_lcSublane": 0.3379, "bus_tau_mean": 2.4404, "bus_tau_std": 9.6782, "bus_v_mean": 19.7216, "bus_v_std": 8.119, "car_acc": 2.6926, "car_dcc": 2.8039, "car_lcAssertive": 15.7572, "car_lcCooperative": 0.2723, "car_lcLookaheadLeft": 67.3733, "car_lcPushy": 0.8627, "car_lcSublane": 0.7366, "car_tau_mean": 2.9421, "car_tau_std": 3.9283, "car_v_mean": 22.1093, "car_v_std": 4.0051}, "datetime": {"datetime": "2024-08-05 17:53:05", "elapsed": 409.02002, "delta": 3.655903}}
{"target": -0.057298020642314824, "params": {"bus_acc": 1.0422, "bus_dcc": 3.4518, "bus_lcAssertive": 59.7065, "bus_lcCooperative": 0.3595, "bus_lcLookaheadLeft": 83.1388, "bus_lcPushy": 0.812, "bus_lcSublane": 0.1181, "bus_tau_mean": 3.0399, "bus_tau_std": 3.2504, "bus_v_mean": 18.9336, "bus_v_std": 3.8599, "car_acc": 2.5387, "car_dcc": 3.5973, "car_lcAssertive": 93.5136, "car_lcCooperative": 0.9534, "car_lcLookaheadLeft": 37.3179, "car_lcPushy": 0.5324, "car_lcSublane": 0.4478, "car_tau_mean": 2.8365, "car_tau_std": 3.1127, "car_v_mean": 13.6793, "car_v_std": 9.8281}, "datetime": {"datetime": "2024-08-05 17:53:07", "elapsed": 410.891872, "delta": 1.871852}}
{"target": -0.04338680143883942, "params": {"bus_acc": 2.7282, "bus_dcc": 1.7878, "bus_lcAssertive": 76.5091, "bus_lcCooperative": 0.359, "bus_lcLookaheadLeft": 10.75, "bus_lcPushy": 0.696, "bus_lcSublane": 0.8024, "bus_tau_mean": 2.8093, "bus_tau_std": 2.0338, "bus_v_mean": 12.4127, "bus_v_std": 9.1537, "car_acc": 1.1204, "car_dcc": 3.2481, "car_lcAssertive": 5.1444, "car_lcCooperative": 0.289, "car_lcLookaheadLeft": 41.0119, "car_lcPushy": 0.3751, "car_lcSublane": 0.3872, "car_tau_mean": 3.6409, "car_tau_std": 5.7606, "car_v_mean": 9.9914, "car_v_std": 4.1125}, "datetime": {"datetime": "2024-08-05 17:53:09", "elapsed": 412.512705, "delta": 1.620833}}
{"target": -0.060332378341422466, "params": {"bus_acc": 2.7576, "bus_dcc": 3.9944, "bus_lcAssertive": 59.1742, "bus_lcCooperative": 0.8334, "bus_lcLookaheadLeft": 98.5959, "bus_lcPushy": 0.9377, "bus_lcSublane": 0.3801, "bus_tau_mean": 2.8643, "bus_tau_std": 6.065, "bus_v_mean": 10.6615, "bus_v_std": 9.3367, "car_acc": 1.3675, "car_dcc": 3.7782, "car_lcAssertive": 39.2728, "car_lcCooperative": 0.1002, "car_lcLookaheadLeft": 80.4443, "car_lcPushy": 0.2637, "car_lcSublane": 0.8655, "car_tau_mean": 2.2102, "car_tau_std": 5.5098, "car_v_mean": 19.5574, "car_v_std": 1.5805}, "datetime": {"datetime": "2024-08-05 17:53:12", "elapsed": 416.134184, "delta": 3.621479}}
{"target": -0.06794606239012212, "params": {"bus_acc": 2.7479, "bus_dcc": 1.7596, "bus_lcAssertive": 93.3244, "bus_lcCooperative": 0.7723, "bus_lcLookaheadLeft": 59.9795, "bus_lcPushy": 0.3143, "bus_lcSublane": 0.5578, "bus_tau_mean": 0.9451, "bus_tau_std": 0.7405, "bus_v_mean": 22.3795, "bus_v_std": 7.7367, "car_acc": 2.4771, "car_dcc": 1.2783, "car_lcAssertive": 62.4785, "car_lcCooperative": 0.5338, "car_lcLookaheadLeft": 98.2559, "car_lcPushy": 0.4292, "car_lcSublane": 0.6469, "car_tau_mean": 3.6531, "car_tau_std": 4.5284, "car_v_mean": 17.8756, "car_v_std": 4.213}, "datetime": {"datetime": "2024-08-05 17:53:14", "elapsed": 418.270832, "delta": 2.136648}}
{"target": -0.05696128908655823, "params": {"bus_acc": 1.4124, "bus_dcc": 2.1128, "bus_lcAssertive": 44.2024, "bus_lcCooperative": 0.4848, "bus_lcLookaheadLeft": 14.9044, "bus_lcPushy": 0.3085, "bus_lcSublane": 0.1031, "bus_tau_mean": 1.4286, "bus_tau_std": 7.9714, "bus_v_mean": 9.5627, "bus_v_std": 7.7176, "car_acc": 2.7711, "car_dcc": 3.2698, "car_lcAssertive": 59.5893, "car_lcCooperative": 0.6019, "car_lcLookaheadLeft": 71.4985, "car_lcPushy": 0.77, "car_lcSublane": 0.4403, "car_tau_mean": 2.912, "car_tau_std": 0.0, "car_v_mean": 20.342, "car_v_std": 1.0074}, "datetime": {"datetime": "2024-08-05 17:53:16", "elapsed": 419.832436, "delta": 1.561604}}
{"target": -0.07476226909956099, "params": {"bus_acc": 2.8602, "bus_dcc": 2.1144, "bus_lcAssertive": 23.0035, "bus_lcCooperative": 0.7078, "bus_lcLookaheadLeft": 61.678, "bus_lcPushy": 0.1269, "bus_lcSublane": 0.8067, "bus_tau_mean": 3.151, "bus_tau_std": 7.2264, "bus_v_mean": 23.5171, "bus_v_std": 1.8444, "car_acc": 2.3686, "car_dcc": 2.9109, "car_lcAssertive": 55.4134, "car_lcCooperative": 0.4207, "car_lcLookaheadLeft": 21.7296, "car_lcPushy": 0.7712, "car_lcSublane": 0.2132, "car_tau_mean": 3.1032, "car_tau_std": 8.0214, "car_v_mean": 22.2222, "car_v_std": 2.7275}, "datetime": {"datetime": "2024-08-05 17:53:18", "elapsed": 421.605647, "delta": 1.773211}}
{"target": -0.04748278613337257, "params": {"bus_acc": 2.3523, "bus_dcc": 1.6924, "bus_lcAssertive": 66.6052, "bus_lcCooperative": 0.4618, "bus_lcLookaheadLeft": 41.2725, "bus_lcPushy": 0.5233, "bus_lcSublane": 0.6248, "bus_tau_mean": 2.4572, "bus_tau_std": 7.4053, "bus_v_mean": 14.1905, "bus_v_std": 8.4334, "car_acc": 1.7807, "car_dcc": 1.7228, "car_lcAssertive": 44.4622, "car_lcCooperative": 0.265, "car_lcLookaheadLeft": 78.4801, "car_lcPushy": 0.6643, "car_lcSublane": 0.6411, "car_tau_mean": 3.1325, "car_tau_std": 1.495, "car_v_mean": 12.3299, "car_v_std": 8.4565}, "datetime": {"datetime": "2024-08-05 17:53:22", "elapsed": 426.041135, "delta": 4.435488}}
{"target": -0.04842598659790372, "params": {"bus_acc": 1.3202, "bus_dcc": 1.6585, "bus_lcAssertive": 71.7664, "bus_lcCooperative": 0.5685, "bus_lcLookaheadLeft": 84.343, "bus_lcPushy": 0.3241, "bus_lcSublane": 0.6574, "bus_tau_mean": 1.07, "bus_tau_std": 4.138, "bus_v_mean": 24.0, "bus_v_std": 9.4998, "car_acc": 1.0, "car_dcc": 1.6728, "car_lcAssertive": 30.2516, "car_lcCooperative": 0.1459, "car_lcLookaheadLeft": 2.0, "car_lcPushy": 0.427, "car_lcSublane": 0.1819, "car_tau_mean": 1.7683, "car_tau_std": 7.8569, "car_v_mean": 10.6616, "car_v_std": 3.0533}, "datetime": {"datetime": "2024-08-05 17:53:25", "elapsed": 429.009079, "delta": 2.967944}}
{"target": -0.05207400775276767, "params": {"bus_acc": 1.7185, "bus_dcc": 3.5128, "bus_lcAssertive": 19.7076, "bus_lcCooperative": 0.3343, "bus_lcLookaheadLeft": 30.2302, "bus_lcPushy": 0.0988, "bus_lcSublane": 0.7429, "bus_tau_mean": 1.9949, "bus_tau_std": 6.1698, "bus_v_mean": 18.7618, "bus_v_std": 4.1242, "car_acc": 1.4413, "car_dcc": 1.713, "car_lcAssertive": 22.8866, "car_lcCooperative": 0.4522, "car_lcLookaheadLeft": 2.7035, "car_lcPushy": 0.8991, "car_lcSublane": 0.0109, "car_tau_mean": 1.7978, "car_tau_std": 6.9464, "car_v_mean": 9.2734, "car_v_std": 3.7202}, "datetime": {"datetime": "2024-08-05 17:53:27", "elapsed": 430.625371, "delta": 1.616292}}
{"target": -0.04780991565045544, "params": {"bus_acc": 2.8488, "bus_dcc": 3.4845, "bus_lcAssertive": 81.9722, "bus_lcCooperative": 0.4334, "bus_lcLookaheadLeft": 77.4864, "bus_lcPushy": 0.803, "bus_lcSublane": 0.4684, "bus_tau_mean": 2.0575, "bus_tau_std": 3.3466, "bus_v_mean": 14.9205, "bus_v_std": 9.8353, "car_acc": 2.3985, "car_dcc": 1.7194, "car_lcAssertive": 81.2361, "car_lcCooperative": 0.6991, "car_lcLookaheadLeft": 79.3175, "car_lcPushy": 0.7795, "car_lcSublane": 0.154, "car_tau_mean": 2.2302, "car_tau_std": 5.4993, "car_v_mean": 8.6807, "car_v_std": 2.4218}, "datetime": {"datetime": "2024-08-05 17:53:29", "elapsed": 432.552307, "delta": 1.926936}}
{"target": -0.06275121587097303, "params": {"bus_acc": 2.4574, "bus_dcc": 1.7097, "bus_lcAssertive": 29.1703, "bus_lcCooperative": 0.0544, "bus_lcLookaheadLeft": 50.7141, "bus_lcPushy": 0.4921, "bus_lcSublane": 0.7107, "bus_tau_mean": 0.5655, "bus_tau_std": 2.0459, "bus_v_mean": 11.5622, "bus_v_std": 0.8145, "car_acc": 1.8255, "car_dcc": 3.5372, "car_lcAssertive": 9.2256, "car_lcCooperative": 0.1694, "car_lcLookaheadLeft": 78.726, "car_lcPushy": 0.8605, "car_lcSublane": 0.3582, "car_tau_mean": 2.6997, "car_tau_std": 7.561, "car_v_mean": 15.6682, "car_v_std": 5.0307}, "datetime": {"datetime": "2024-08-05 17:53:31", "elapsed": 434.516743, "delta": 1.964436}}
{"target": -0.06997118729829191, "params": {"bus_acc": 2.263, "bus_dcc": 3.1853, "bus_lcAssertive": 17.9159, "bus_lcCooperative": 0.313, "bus_lcLookaheadLeft": 97.9188, "bus_lcPushy": 0.8698, "bus_lcSublane": 0.1489, "bus_tau_mean": 1.5326, "bus_tau_std": 6.9717, "bus_v_mean": 20.0814, "bus_v_std": 0.9593, "car_acc": 2.1514, "car_dcc": 2.314, "car_lcAssertive": 48.8724, "car_lcCooperative": 0.6557, "car_lcLookaheadLeft": 56.6125, "car_lcPushy": 0.5681, "car_lcSublane": 0.852, "car_tau_mean": 2.4906, "car_tau_std": 4.2095, "car_v_mean": 19.6104, "car_v_std": 7.7221}, "datetime": {"datetime": "2024-08-05 17:53:33", "elapsed": 436.594279, "delta": 2.077536}}
{"target": -0.05786736525069388, "params": {"bus_acc": 2.0847, "bus_dcc": 1.8133, "bus_lcAssertive": 88.9415, "bus_lcCooperative": 0.7219, "bus_lcLookaheadLeft": 97.6433, "bus_lcPushy": 0.6586, "bus_lcSublane": 0.6193, "bus_tau_mean": 2.3991, "bus_tau_std": 3.5887, "bus_v_mean": 12.0164, "bus_v_std": 7.1421, "car_acc": 1.8997, "car_dcc": 3.2284, "car_lcAssertive": 25.1381, "car_lcCooperative": 0.5026, "car_lcLookaheadLeft": 93.8668, "car_lcPushy": 0.3249, "car_lcSublane": 0.6021, "car_tau_mean": 2.8213, "car_tau_std": 6.421, "car_v_mean": 11.9585, "car_v_std": 8.9527}, "datetime": {"datetime": "2024-08-05 17:53:34", "elapsed": 438.259441, "delta": 1.665162}}
{"target": -0.05985755992524393, "params": {"bus_acc": 2.9276, "bus_dcc": 2.4183, "bus_lcAssertive": 30.4202, "bus_lcCooperative": 0.6478, "bus_lcLookaheadLeft": 53.3397, "bus_lcPushy": 0.5971, "bus_lcSublane": 0.3889, "bus_tau_mean": 1.9931, "bus_tau_std": 3.4004, "bus_v_mean": 14.6279, "bus_v_std": 5.1993, "car_acc": 2.0007, "car_dcc": 3.0119, "car_lcAssertive": 6.862, "car_lcCooperative": 0.8816, "car_lcLookaheadLeft": 74.6062, "car_lcPushy": 0.7597, "car_lcSublane": 0.8791, "car_tau_mean": 2.5195, "car_tau_std": 5.128, "car_v_mean": 16.4346, "car_v_std": 5.5323}, "datetime": {"datetime": "2024-08-05 17:53:37", "elapsed": 440.776316, "delta": 2.516875}}
{"target": -0.045533946625636035, "params": {"bus_acc": 2.6661, "bus_dcc": 2.415, "bus_lcAssertive": 68.7964, "bus_lcCooperative": 0.311, "bus_lcLookaheadLeft": 59.7807, "bus_lcPushy": 0.4322, "bus_lcSublane": 0.3064, "bus_tau_mean": 1.8262, "bus_tau_std": 7.2028, "bus_v_mean": 16.5491, "bus_v_std": 6.3952, "car_acc": 1.4172, "car_dcc": 2.7508, "car_lcAssertive": 99.7698, "car_lcCooperative": 0.8617, "car_lcLookaheadLeft": 60.9102, "car_lcPushy": 0.835, "car_lcSublane": 0.7253, "car_tau_mean": 3.0956, "car_tau_std": 0.4029, "car_v_mean": 11.0003, "car_v_std": 1.1674}, "datetime": {"datetime": "2024-08-05 17:53:39", "elapsed": 443.24182, "delta": 2.465504}}
{"target": -0.049129291413379045, "params": {"bus_acc": 1.5864, "bus_dcc": 2.7594, "bus_lcAssertive": 45.9934, "bus_lcCooperative": 0.7507, "bus_lcLookaheadLeft": 38.2032, "bus_lcPushy": 0.2628, "bus_lcSublane": 0.7104, "bus_tau_mean": 2.7044, "bus_tau_std": 2.1343, "bus_v_mean": 15.6985, "bus_v_std": 6.6742, "car_acc": 2.8658, "car_dcc": 2.5219, "car_lcAssertive": 55.4042, "car_lcCooperative": 0.6618, "car_lcLookaheadLeft": 73.5419, "car_lcPushy": 0.8285, "car_lcSublane": 0.9016, "car_tau_mean": 3.7509, "car_tau_std": 4.9242, "car_v_mean": 9.9595, "car_v_std": 6.5608}, "datetime": {"datetime": "2024-08-05 17:53:43", "elapsed": 446.501014, "delta": 3.259194}}
{"target": -0.04069610715197892, "params": {"bus_acc": 2.8325, "bus_dcc": 3.7102, "bus_lcAssertive": 99.5621, "bus_lcCooperative": 0.6993, "bus_lcLookaheadLeft": 73.381, "bus_lcPushy": 0.1828, "bus_lcSublane": 0.8661, "bus_tau_mean": 3.4837, "bus_tau_std": 1.5075, "bus_v_mean": 13.2098, "bus_v_std": 7.8379, "car_acc": 1.223, "car_dcc": 1.4289, "car_lcAssertive": 8.4494, "car_lcCooperative": 0.9648, "car_lcLookaheadLeft": 20.5988, "car_lcPushy": 0.096, "car_lcSublane": 0.7336, "car_tau_mean": 2.9759, "car_tau_std": 0.9797, "car_v_mean": 11.0799, "car_v_std": 0.6592}, "datetime": {"datetime": "2024-08-05 17:53:46", "elapsed": 449.932234, "delta": 3.43122}}
{"target": -0.05017716141934824, "params": {"bus_acc": 1.3352, "bus_dcc": 1.5961, "bus_lcAssertive": 69.4162, "bus_lcCooperative": 0.5783, "bus_lcLookaheadLeft": 87.5902, "bus_lcPushy": 0.2492, "bus_lcSublane": 0.6341, "bus_tau_mean": 0.625, "bus_tau_std": 5.1665, "bus_v_mean": 21.8161, "bus_v_std": 9.8462, "car_acc": 1.0243, "car_dcc": 1.763, "car_lcAssertive": 23.1656, "car_lcCooperative": 0.052, "car_lcLookaheadLeft": 3.0014, "car_lcPushy": 0.4947, "car_lcSublane": 0.05, "car_tau_mean": 1.4787, "car_tau_std": 6.4043, "car_v_mean": 12.7196, "car_v_std": 2.7011}, "datetime": {"datetime": "2024-08-05 17:53:48", "elapsed": 451.902918, "delta": 1.970684}}
{"target": -0.051017412029377936, "params": {"bus_acc": 1.3306, "bus_dcc": 1.5916, "bus_lcAssertive": 69.4117, "bus_lcCooperative": 0.5738, "bus_lcLookaheadLeft": 87.5857, "bus_lcPushy": 0.2446, "bus_lcSublane": 0.6296, "bus_tau_mean": 0.6205, "bus_tau_std": 5.162, "bus_v_mean": 21.8116, "bus_v_std": 9.8413, "car_acc": 1.0197, "car_dcc": 1.7585, "car_lcAssertive": 23.1611, "car_lcCooperative": 0.0475, "car_lcLookaheadLeft": 2.9969, "car_lcPushy": 0.4902, "car_lcSublane": 0.0455, "car_tau_mean": 1.4741, "car_tau_std": 6.3997, "car_v_mean": 12.7151, "car_v_std": 2.6965}, "datetime": {"datetime": "2024-08-05 17:53:51", "elapsed": 454.747193, "delta": 2.844275}}
