{"target": -0.039601339702529735, "params": {"bus_acc": 1.5157859688540798, "bus_dcc": 3.803336477588754, "bus_lcAssertive": 62.29284369191439, "bus_lcCooperative": 0.9854449149448306, "bus_lcLookaheadLeft": 5.199098864334054, "bus_lcPushy": 0.7251666588327084, "bus_lcSublane": 0.5655542353803811, "bus_max_v": 14.848480947966392, "bus_tau_mean": 1.4072634397775794, "bus_tau_std": 3.268306848663751, "car_acc": 1.4989244134027755, "car_dcc": 1.6578037309751823, "car_lcAssertive": 80.16642291495904, "car_lcCooperative": 0.5023950058982584, "car_lcLookaheadLeft": 10.152609092305777, "car_lcPushy": 0.7769841920273803, "car_lcSublane": 0.5336490760837309, "car_max_v": 19.78775574692764, "car_tau_mean": 2.303877926000925, "car_tau_std": 3.9994592398513173}, "datetime": {"datetime": "2024-08-04 01:28:58", "elapsed": 0.0, "delta": 0.0}}
{"target": -0.04636069668279893, "params": {"bus_acc": 1.6004966790678001, "bus_dcc": 1.429017484774298, "bus_lcAssertive": 90.2295351985781, "bus_lcCooperative": 0.5415593788873733, "bus_lcLookaheadLeft": 97.52455634379805, "bus_lcPushy": 0.6366044000018972, "bus_lcSublane": 0.9939130246104789, "bus_max_v": 15.921416082859032, "bus_tau_mean": 2.3424907686693244, "bus_tau_std": 1.354279030721699, "car_acc": 1.7114103419677622, "car_dcc": 1.0786557018891199, "car_lcAssertive": 16.87912277244526, "car_lcCooperative": 0.7456371927074961, "car_lcLookaheadLeft": 4.9791696130213055, "car_lcPushy": 0.36654309724374434, "car_lcSublane": 0.8623462528380441, "car_max_v": 18.853554350147085, "car_tau_mean": 2.91829749723159, "car_tau_std": 1.8863680095531088}, "datetime": {"datetime": "2024-08-04 01:29:17", "elapsed": 18.688948, "delta": 18.688948}}
{"target": -0.05469449780259846, "params": {"bus_acc": 2.643698749528021, "bus_dcc": 2.8847187913919736, "bus_lcAssertive": 95.67384946576797, "bus_lcCooperative": 0.5899231270757698, "bus_lcLookaheadLeft": 21.387612895496094, "bus_lcPushy": 0.4293307226164923, "bus_lcSublane": 0.3367459987011673, "bus_max_v": 24.83890023814562, "bus_tau_mean": 1.8308277364104266, "bus_tau_std": 9.92700873664818, "car_acc": 2.0376085014668286, "car_dcc": 1.5168391044313765, "car_lcAssertive": 8.382833053896505, "car_lcCooperative": 0.37030569377388767, "car_lcLookaheadLeft": 14.095048261843528, "car_lcPushy": 0.6345187162918416, "car_lcSublane": 0.4139198457294089, "car_max_v": 24.818312650509004, "car_tau_mean": 3.7548446827866124, "car_tau_std": 1.4923603230975002}, "datetime": {"datetime": "2024-08-04 01:30:04", "elapsed": 65.468927, "delta": 46.779979}}
{"target": -0.079141646315195, "params": {"bus_acc": 1.3021490369428639, "bus_dcc": 2.5690255952033927, "bus_lcAssertive": 94.407429007197, "bus_lcCooperative": 0.865686014006334, "bus_lcLookaheadLeft": 40.422455155177914, "bus_lcPushy": 0.28386751597340265, "bus_lcSublane": 0.7617298626927418, "bus_max_v": 9.809686496061756, "bus_tau_mean": 1.3898132413007334, "bus_tau_std": 0.8408635417992949, "car_acc": 2.7282881895280537, "car_dcc": 2.3436967468608394, "car_lcAssertive": 56.61683980038739, "car_lcCooperative": 0.7367109576935199, "car_lcLookaheadLeft": 80.05590897885718, "car_lcPushy": 0.44750813899031383, "car_lcSublane": 0.18412755617579835, "car_max_v": 21.574657030566037, "car_tau_mean": 0.6084928593988954, "car_tau_std": 9.467282696079524}, "datetime": {"datetime": "2024-08-04 01:37:39", "elapsed": 520.660145, "delta": 455.191218}}
{"target": -0.058343702211008645, "params": {"bus_acc": 2.8705675400136013, "bus_dcc": 3.590778864754308, "bus_lcAssertive": 48.31446107243938, "bus_lcCooperative": 0.554518498278167, "bus_lcLookaheadLeft": 87.78957850337353, "bus_lcPushy": 0.9492644337722901, "bus_lcSublane": 0.639184755868246, "bus_max_v": 19.970406401795074, "bus_tau_mean": 1.7306871722615491, "bus_tau_std": 9.1802831908618, "car_acc": 2.6735040997076625, "car_dcc": 2.6561676436742885, "car_lcAssertive": 86.8950937519022, "car_lcCooperative": 0.8498718814403323, "car_lcLookaheadLeft": 81.2243129474019, "car_lcPushy": 0.13069282439738805, "car_lcSublane": 0.5360025748218121, "car_max_v": 23.01566229413832, "car_tau_mean": 3.197911406938406, "car_tau_std": 4.207131990251918}, "datetime": {"datetime": "2024-08-04 01:39:03", "elapsed": 604.41702, "delta": 83.756875}}
{"target": -0.05472004417908405, "params": {"bus_acc": 2.692109198472939, "bus_dcc": 3.7827428277926303, "bus_lcAssertive": 66.38531503349887, "bus_lcCooperative": 0.5781739184085382, "bus_lcLookaheadLeft": 41.074123275642826, "bus_lcPushy": 0.966612492642142, "bus_lcSublane": 0.15407917183235742, "bus_max_v": 22.901736172972967, "bus_tau_mean": 1.5885457375969452, "bus_tau_std": 5.48489089666104, "car_acc": 2.36413251686563, "car_dcc": 1.7094089539784663, "car_lcAssertive": 17.60593181997689, "car_lcCooperative": 0.508482013429616, "car_lcLookaheadLeft": 79.60265980729783, "car_lcPushy": 0.6924144621670756, "car_lcSublane": 0.11897333717301484, "car_max_v": 23.01484430143466, "car_tau_mean": 2.1790814846720425, "car_tau_std": 9.466766792396475}, "datetime": {"datetime": "2024-08-04 01:39:03", "elapsed": 604.992484, "delta": 0.575464}}
{"target": -0.05554021432333368, "params": {"bus_acc": 2.299166109756958, "bus_dcc": 3.794341044978732, "bus_lcAssertive": 8.398413056461354, "bus_lcCooperative": 0.2768064626005866, "bus_lcLookaheadLeft": 92.0852754171049, "bus_lcPushy": 0.7650051482981429, "bus_lcSublane": 0.5997403444720987, "bus_max_v": 21.659362876741408, "bus_tau_mean": 3.636152220512507, "bus_tau_std": 9.727203528528248, "car_acc": 2.9970410141796116, "car_dcc": 1.4189480010523106, "car_lcAssertive": 7.983662429626219, "car_lcCooperative": 0.07346665436012334, "car_lcLookaheadLeft": 3.4448915081947993, "car_lcPushy": 0.971820072977926, "car_lcSublane": 0.09476691645722912, "car_max_v": 21.834736523716995, "car_tau_mean": 2.898105489176949, "car_tau_std": 4.875571674829181}, "datetime": {"datetime": "2024-08-04 01:40:52", "elapsed": 713.689861, "delta": 108.697377}}
