{"target": -0.03841048127760842, "params": {"bus_acc": 2.45, "bus_dcc": 1.64, "bus_lcAssertive": 98.01, "bus_lcCooperative": 0.17, "bus_lcLookaheadLeft": 12.51, "bus_lcPushy": 0.38, "bus_lcSublane": 0.75, "bus_tau_mean": 2.98, "bus_tau_std": 3.34, "bus_v_mean": 8.99, "bus_v_std": 0.93, "car_acc": 2.69, "car_dcc": 1.86, "car_lcAssertive": 20.09, "car_lcCooperative": 0.63, "car_lcLookaheadLeft": 48.09, "car_lcPushy": 0.53, "car_lcSublane": 0.12, "car_tau_mean": 3.5, "car_tau_std": 8.3, "car_v_mean": 20.3, "car_v_std": 6.67}, "datetime": {"datetime": "2024-08-04 15:14:06", "elapsed": 3189.43986, "delta": 3.016784}}
{"target": -0.03224067846060102, "params": {"bus_acc": 1.38, "bus_dcc": 1.76, "bus_lcAssertive": 78.79, "bus_lcCooperative": 0.58, "bus_lcLookaheadLeft": 66.7, "bus_lcPushy": 0.41, "bus_lcSublane": 0.37, "bus_tau_mean": 1.81, "bus_tau_std": 5.82, "bus_v_mean": 10.7, "bus_v_std": 9.05, "car_acc": 1.35, "car_dcc": 1.71, "car_lcAssertive": 14.94, "car_lcCooperative": 0.45, "car_lcLookaheadLeft": 83.0, "car_lcPushy": 0.39, "car_lcSublane": 0.37, "car_tau_mean": 2.28, "car_tau_std": 0.2, "car_v_mean": 15.83, "car_v_std": 7.89}, "datetime": {"datetime": "2024-08-04 15:14:09", "elapsed": 3192.235603, "delta": 2.795743}}
{"target": -0.03838517517346552, "params": {"bus_acc": 2.09, "bus_dcc": 1.98, "bus_lcAssertive": 49.69, "bus_lcCooperative": 0.93, "bus_lcLookaheadLeft": 52.31, "bus_lcPushy": 0.69, "bus_lcSublane": 0.23, "bus_tau_mean": 1.75, "bus_tau_std": 8.18, "bus_v_mean": 9.59, "bus_v_std": 9.61, "car_acc": 2.74, "car_dcc": 1.33, "car_lcAssertive": 78.64, "car_lcCooperative": 0.93, "car_lcLookaheadLeft": 67.77, "car_lcPushy": 0.32, "car_lcSublane": 0.33, "car_tau_mean": 2.19, "car_tau_std": 9.05, "car_v_mean": 12.42, "car_v_std": 7.33}, "datetime": {"datetime": "2024-08-04 15:14:20", "elapsed": 3203.649279, "delta": 11.413676}}
{"target": -0.05518444869762464, "params": {"bus_acc": 1.75, "bus_dcc": 1.16, "bus_lcAssertive": 74.31, "bus_lcCooperative": 0.21, "bus_lcLookaheadLeft": 26.42, "bus_lcPushy": 0.57, "bus_lcSublane": 0.22, "bus_tau_mean": 3.37, "bus_tau_std": 3.14, "bus_v_mean": 15.76, "bus_v_std": 0.43, "car_acc": 1.75, "car_dcc": 2.33, "car_lcAssertive": 42.3, "car_lcCooperative": 0.45, "car_lcLookaheadLeft": 75.83, "car_lcPushy": 0.57, "car_lcSublane": 0.41, "car_tau_mean": 0.53, "car_tau_std": 8.95, "car_v_mean": 22.02, "car_v_std": 4.0}, "datetime": {"datetime": "2024-08-04 15:14:24", "elapsed": 3206.83361, "delta": 3.184331}}
{"target": -0.03363096541340229, "params": {"bus_acc": 1.32, "bus_dcc": 2.79, "bus_lcAssertive": 82.72, "bus_lcCooperative": 0.35, "bus_lcLookaheadLeft": 87.04, "bus_lcPushy": 0.99, "bus_lcSublane": 0.6, "bus_tau_mean": 1.0, "bus_tau_std": 8.21, "bus_v_mean": 21.18, "bus_v_std": 1.24, "car_acc": 2.93, "car_dcc": 2.59, "car_lcAssertive": 49.75, "car_lcCooperative": 0.87, "car_lcLookaheadLeft": 96.16, "car_lcPushy": 0.34, "car_lcSublane": 0.49, "car_tau_mean": 3.37, "car_tau_std": 3.9, "car_v_mean": 8.37, "car_v_std": 6.8}, "datetime": {"datetime": "2024-08-04 15:14:28", "elapsed": 3210.827646, "delta": 3.994036}}
{"target": -0.05320550743239171, "params": {"bus_acc": 1.61, "bus_dcc": 2.14, "bus_lcAssertive": 49.3, "bus_lcCooperative": 0.68, "bus_lcLookaheadLeft": 97.96, "bus_lcPushy": 0.45, "bus_lcSublane": 0.92, "bus_tau_mean": 1.8, "bus_tau_std": 6.08, "bus_v_mean": 18.94, "bus_v_std": 7.08, "car_acc": 2.37, "car_dcc": 1.88, "car_lcAssertive": 29.41, "car_lcCooperative": 0.23, "car_lcLookaheadLeft": 31.75, "car_lcPushy": 0.44, "car_lcSublane": 1.0, "car_tau_mean": 3.34, "car_tau_std": 5.92, "car_v_mean": 23.47, "car_v_std": 4.82}, "datetime": {"datetime": "2024-08-04 15:14:41", "elapsed": 3223.973463, "delta": 13.145817}}
{"target": -0.03563668447454302, "params": {"bus_acc": 2.0, "bus_dcc": 1.91, "bus_lcAssertive": 9.47, "bus_lcCooperative": 0.75, "bus_lcLookaheadLeft": 45.22, "bus_lcPushy": 0.27, "bus_lcSublane": 0.4, "bus_tau_mean": 2.27, "bus_tau_std": 5.66, "bus_v_mean": 11.35, "bus_v_std": 4.52, "car_acc": 2.52, "car_dcc": 1.38, "car_lcAssertive": 36.99, "car_lcCooperative": 0.06, "car_lcLookaheadLeft": 98.97, "car_lcPushy": 0.08, "car_lcSublane": 0.67, "car_tau_mean": 0.7, "car_tau_std": 5.25, "car_v_mean": 9.58, "car_v_std": 7.36}, "datetime": {"datetime": "2024-08-04 15:14:48", "elapsed": 3231.552425, "delta": 7.578962}}
{"target": -0.03440320443748614, "params": {"bus_acc": 2.22, "bus_dcc": 3.09, "bus_lcAssertive": 78.59, "bus_lcCooperative": 0.06, "bus_lcLookaheadLeft": 89.95, "bus_lcPushy": 0.51, "bus_lcSublane": 0.96, "bus_tau_mean": 1.35, "bus_tau_std": 6.87, "bus_v_mean": 9.52, "bus_v_std": 8.99, "car_acc": 1.35, "car_dcc": 1.65, "car_lcAssertive": 49.4, "car_lcCooperative": 0.29, "car_lcLookaheadLeft": 45.25, "car_lcPushy": 0.64, "car_lcSublane": 0.87, "car_tau_mean": 2.34, "car_tau_std": 3.07, "car_v_mean": 16.38, "car_v_std": 9.27}, "datetime": {"datetime": "2024-08-04 15:14:51", "elapsed": 3234.110639, "delta": 2.558214}}
{"target": -0.04164466454564368, "params": {"bus_acc": 2.37, "bus_dcc": 3.02, "bus_lcAssertive": 95.75, "bus_lcCooperative": 0.15, "bus_lcLookaheadLeft": 22.9, "bus_lcPushy": 0.16, "bus_lcSublane": 0.3, "bus_tau_mean": 3.64, "bus_tau_std": 9.65, "bus_v_mean": 12.01, "bus_v_std": 9.88, "car_acc": 1.29, "car_dcc": 2.09, "car_lcAssertive": 88.68, "car_lcCooperative": 0.25, "car_lcLookaheadLeft": 84.92, "car_lcPushy": 0.1, "car_lcSublane": 0.31, "car_tau_mean": 2.64, "car_tau_std": 3.48, "car_v_mean": 15.56, "car_v_std": 2.45}, "datetime": {"datetime": "2024-08-04 15:14:56", "elapsed": 3239.582609, "delta": 5.47197}}
{"target": -0.048918353098852264, "params": {"bus_acc": 1.15, "bus_dcc": 1.38, "bus_lcAssertive": 5.25, "bus_lcCooperative": 0.4, "bus_lcLookaheadLeft": 25.98, "bus_lcPushy": 0.12, "bus_lcSublane": 0.2, "bus_tau_mean": 2.22, "bus_tau_std": 1.64, "bus_v_mean": 23.78, "bus_v_std": 0.43, "car_acc": 2.9, "car_dcc": 3.24, "car_lcAssertive": 26.78, "car_lcCooperative": 0.6, "car_lcLookaheadLeft": 55.74, "car_lcPushy": 0.7, "car_lcSublane": 0.66, "car_tau_mean": 2.13, "car_tau_std": 2.54, "car_v_mean": 14.27, "car_v_std": 1.03}, "datetime": {"datetime": "2024-08-04 15:15:16", "elapsed": 3259.498221, "delta": 19.915612}}
{"target": -0.04879854305739891, "params": {"bus_acc": 1.36, "bus_dcc": 3.02, "bus_lcAssertive": 54.64, "bus_lcCooperative": 0.95, "bus_lcLookaheadLeft": 44.45, "bus_lcPushy": 0.26, "bus_lcSublane": 0.33, "bus_tau_mean": 1.75, "bus_tau_std": 8.35, "bus_v_mean": 16.01, "bus_v_std": 4.77, "car_acc": 2.17, "car_dcc": 2.46, "car_lcAssertive": 92.25, "car_lcCooperative": 0.25, "car_lcLookaheadLeft": 76.91, "car_lcPushy": 0.75, "car_lcSublane": 0.95, "car_tau_mean": 2.36, "car_tau_std": 9.29, "car_v_mean": 17.31, "car_v_std": 4.08}, "datetime": {"datetime": "2024-08-04 15:15:24", "elapsed": 3266.869301, "delta": 7.37108}}
{"target": -0.034265999996612055, "params": {"bus_acc": 2.7, "bus_dcc": 2.52, "bus_lcAssertive": 84.7, "bus_lcCooperative": 0.68, "bus_lcLookaheadLeft": 42.09, "bus_lcPushy": 0.77, "bus_lcSublane": 0.94, "bus_tau_mean": 2.77, "bus_tau_std": 0.67, "bus_v_mean": 22.99, "bus_v_std": 6.53, "car_acc": 2.95, "car_dcc": 1.29, "car_lcAssertive": 5.21, "car_lcCooperative": 0.49, "car_lcLookaheadLeft": 74.78, "car_lcPushy": 0.32, "car_lcSublane": 0.83, "car_tau_mean": 2.89, "car_tau_std": 1.58, "car_v_mean": 13.59, "car_v_std": 5.37}, "datetime": {"datetime": "2024-08-04 15:15:56", "elapsed": 3299.675789, "delta": 32.806488}}
{"target": -0.04593272627756298, "params": {"bus_acc": 2.67, "bus_dcc": 3.6, "bus_lcAssertive": 20.64, "bus_lcCooperative": 0.28, "bus_lcLookaheadLeft": 60.02, "bus_lcPushy": 0.72, "bus_lcSublane": 0.67, "bus_tau_mean": 0.72, "bus_tau_std": 2.83, "bus_v_mean": 11.73, "bus_v_std": 3.27, "car_acc": 1.51, "car_dcc": 1.91, "car_lcAssertive": 50.39, "car_lcCooperative": 0.63, "car_lcLookaheadLeft": 96.36, "car_lcPushy": 0.2, "car_lcSublane": 0.08, "car_tau_mean": 2.2, "car_tau_std": 4.38, "car_v_mean": 17.25, "car_v_std": 1.34}, "datetime": {"datetime": "2024-08-04 15:16:09", "elapsed": 3311.895867, "delta": 12.220078}}
{"target": -0.03792464899258398, "params": {"bus_acc": 2.18, "bus_dcc": 3.51, "bus_lcAssertive": 18.85, "bus_lcCooperative": 0.65, "bus_lcLookaheadLeft": 62.28, "bus_lcPushy": 0.16, "bus_lcSublane": 0.69, "bus_tau_mean": 3.98, "bus_tau_std": 6.25, "bus_v_mean": 19.86, "bus_v_std": 9.08, "car_acc": 1.07, "car_dcc": 2.78, "car_lcAssertive": 60.08, "car_lcCooperative": 0.76, "car_lcLookaheadLeft": 16.36, "car_lcPushy": 0.66, "car_lcSublane": 0.33, "car_tau_mean": 4.0, "car_tau_std": 9.76, "car_v_mean": 23.63, "car_v_std": 3.96}, "datetime": {"datetime": "2024-08-04 15:16:11", "elapsed": 3314.569349, "delta": 2.673482}}
{"target": -0.041603973214926766, "params": {"bus_acc": 1.74, "bus_dcc": 2.01, "bus_lcAssertive": 34.16, "bus_lcCooperative": 0.28, "bus_lcLookaheadLeft": 25.78, "bus_lcPushy": 0.43, "bus_lcSublane": 0.92, "bus_tau_mean": 3.25, "bus_tau_std": 6.91, "bus_v_mean": 23.63, "bus_v_std": 5.66, "car_acc": 1.65, "car_dcc": 2.02, "car_lcAssertive": 44.59, "car_lcCooperative": 0.97, "car_lcLookaheadLeft": 25.17, "car_lcPushy": 0.39, "car_lcSublane": 0.58, "car_tau_mean": 3.64, "car_tau_std": 1.82, "car_v_mean": 13.99, "car_v_std": 1.82}, "datetime": {"datetime": "2024-08-04 15:16:15", "elapsed": 3317.858039, "delta": 3.28869}}
{"target": -0.0391842174242899, "params": {"bus_acc": 2.09, "bus_dcc": 1.41, "bus_lcAssertive": 27.61, "bus_lcCooperative": 0.13, "bus_lcLookaheadLeft": 36.68, "bus_lcPushy": 0.87, "bus_lcSublane": 0.39, "bus_tau_mean": 2.27, "bus_tau_std": 4.65, "bus_v_mean": 9.68, "bus_v_std": 3.61, "car_acc": 1.89, "car_dcc": 3.0, "car_lcAssertive": 44.62, "car_lcCooperative": 0.26, "car_lcLookaheadLeft": 59.82, "car_lcPushy": 0.72, "car_lcSublane": 0.63, "car_tau_mean": 1.3, "car_tau_std": 0.94, "car_v_mean": 15.98, "car_v_std": 9.15}, "datetime": {"datetime": "2024-08-04 15:16:24", "elapsed": 3326.94772, "delta": 9.089681}}
{"target": -0.0452415611624842, "params": {"bus_acc": 1.41, "bus_dcc": 2.79, "bus_lcAssertive": 36.1, "bus_lcCooperative": 0.01, "bus_lcLookaheadLeft": 69.38, "bus_lcPushy": 0.59, "bus_lcSublane": 0.42, "bus_tau_mean": 0.84, "bus_tau_std": 8.37, "bus_v_mean": 9.23, "bus_v_std": 5.32, "car_acc": 2.34, "car_dcc": 2.94, "car_lcAssertive": 50.48, "car_lcCooperative": 0.94, "car_lcLookaheadLeft": 59.83, "car_lcPushy": 0.71, "car_lcSublane": 0.73, "car_tau_mean": 0.94, "car_tau_std": 8.73, "car_v_mean": 18.53, "car_v_std": 1.44}, "datetime": {"datetime": "2024-08-04 15:16:43", "elapsed": 3346.059073, "delta": 19.111353}}
{"target": -0.03740113611827391, "params": {"bus_acc": 2.85, "bus_dcc": 3.35, "bus_lcAssertive": 50.07, "bus_lcCooperative": 0.91, "bus_lcLookaheadLeft": 2.56, "bus_lcPushy": 0.05, "bus_lcSublane": 0.15, "bus_tau_mean": 2.42, "bus_tau_std": 7.99, "bus_v_mean": 15.63, "bus_v_std": 8.16, "car_acc": 2.85, "car_dcc": 1.87, "car_lcAssertive": 51.96, "car_lcCooperative": 0.13, "car_lcLookaheadLeft": 17.79, "car_lcPushy": 0.53, "car_lcSublane": 0.76, "car_tau_mean": 3.19, "car_tau_std": 4.53, "car_v_mean": 12.29, "car_v_std": 3.2}, "datetime": {"datetime": "2024-08-04 15:16:45", "elapsed": 3348.604008, "delta": 2.544935}}
{"target": -0.03334955915545548, "params": {"bus_acc": 2.27, "bus_dcc": 1.53, "bus_lcAssertive": 34.76, "bus_lcCooperative": 0.7, "bus_lcLookaheadLeft": 85.59, "bus_lcPushy": 0.45, "bus_lcSublane": 0.95, "bus_tau_mean": 0.71, "bus_tau_std": 9.91, "bus_v_mean": 9.53, "bus_v_std": 5.17, "car_acc": 1.1, "car_dcc": 2.07, "car_lcAssertive": 69.41, "car_lcCooperative": 0.89, "car_lcLookaheadLeft": 68.43, "car_lcPushy": 0.08, "car_lcSublane": 0.46, "car_tau_mean": 3.79, "car_tau_std": 7.49, "car_v_mean": 11.28, "car_v_std": 6.39}, "datetime": {"datetime": "2024-08-04 15:16:48", "elapsed": 3351.250767, "delta": 2.646759}}
{"target": -0.03791918132728961, "params": {"bus_acc": 2.75, "bus_dcc": 3.47, "bus_lcAssertive": 21.47, "bus_lcCooperative": 0.2, "bus_lcLookaheadLeft": 87.64, "bus_lcPushy": 0.96, "bus_lcSublane": 0.23, "bus_tau_mean": 3.85, "bus_tau_std": 9.89, "bus_v_mean": 19.82, "bus_v_std": 7.17, "car_acc": 2.28, "car_dcc": 3.42, "car_lcAssertive": 17.22, "car_lcCooperative": 0.96, "car_lcLookaheadLeft": 43.48, "car_lcPushy": 0.19, "car_lcSublane": 0.66, "car_tau_mean": 0.85, "car_tau_std": 2.82, "car_v_mean": 16.77, "car_v_std": 8.91}, "datetime": {"datetime": "2024-08-04 15:16:55", "elapsed": 3358.153339, "delta": 6.902572}}
{"target": -0.03887252614099978, "params": {"bus_acc": 1.69, "bus_dcc": 1.5, "bus_lcAssertive": 5.91, "bus_lcCooperative": 0.82, "bus_lcLookaheadLeft": 9.44, "bus_lcPushy": 0.8, "bus_lcSublane": 0.28, "bus_tau_mean": 2.01, "bus_tau_std": 2.73, "bus_v_mean": 20.87, "bus_v_std": 4.95, "car_acc": 2.37, "car_dcc": 1.33, "car_lcAssertive": 34.37, "car_lcCooperative": 0.5, "car_lcLookaheadLeft": 60.26, "car_lcPushy": 0.45, "car_lcSublane": 0.96, "car_tau_mean": 2.11, "car_tau_std": 6.89, "car_v_mean": 15.3, "car_v_std": 7.58}, "datetime": {"datetime": "2024-08-04 15:16:59", "elapsed": 3362.61121, "delta": 4.457871}}
{"target": -0.04186150199393229, "params": {"bus_acc": 2.24, "bus_dcc": 2.0, "bus_lcAssertive": 32.39, "bus_lcCooperative": 0.02, "bus_lcLookaheadLeft": 40.83, "bus_lcPushy": 0.6, "bus_lcSublane": 0.64, "bus_tau_mean": 1.62, "bus_tau_std": 4.32, "bus_v_mean": 23.05, "bus_v_std": 4.98, "car_acc": 1.92, "car_dcc": 3.68, "car_lcAssertive": 33.58, "car_lcCooperative": 0.17, "car_lcLookaheadLeft": 52.63, "car_lcPushy": 0.08, "car_lcSublane": 0.88, "car_tau_mean": 1.21, "car_tau_std": 1.71, "car_v_mean": 10.8, "car_v_std": 7.17}, "datetime": {"datetime": "2024-08-04 15:17:06", "elapsed": 3369.696703, "delta": 7.085493}}
{"target": -0.022729821250421656, "params": {"bus_acc": 2.98, "bus_dcc": 3.34, "bus_lcAssertive": 66.42, "bus_lcCooperative": 0.86, "bus_lcLookaheadLeft": 17.19, "bus_lcPushy": 0.86, "bus_lcSublane": 0.98, "bus_tau_mean": 2.2, "bus_tau_std": 0.3, "bus_v_mean": 15.55, "bus_v_std": 5.56, "car_acc": 2.25, "car_dcc": 1.74, "car_lcAssertive": 43.7, "car_lcCooperative": 0.3, "car_lcLookaheadLeft": 79.66, "car_lcPushy": 1.0, "car_lcSublane": 1.0, "car_tau_mean": 3.69, "car_tau_std": 0.3, "car_v_mean": 8.3, "car_v_std": 3.98}, "datetime": {"datetime": "2024-08-04 15:17:09", "elapsed": 3372.091267, "delta": 2.394564}}
{"target": -0.0414185810261588, "params": {"bus_acc": 2.73, "bus_dcc": 1.6, "bus_lcAssertive": 20.93, "bus_lcCooperative": 0.62, "bus_lcLookaheadLeft": 81.06, "bus_lcPushy": 0.96, "bus_lcSublane": 0.51, "bus_tau_mean": 2.08, "bus_tau_std": 0.85, "bus_v_mean": 13.08, "bus_v_std": 5.53, "car_acc": 1.86, "car_dcc": 1.4, "car_lcAssertive": 14.51, "car_lcCooperative": 0.78, "car_lcLookaheadLeft": 28.25, "car_lcPushy": 0.49, "car_lcSublane": 0.69, "car_tau_mean": 1.79, "car_tau_std": 6.53, "car_v_mean": 21.37, "car_v_std": 6.47}, "datetime": {"datetime": "2024-08-04 15:17:11", "elapsed": 3374.264837, "delta": 2.17357}}
{"target": -0.03554446092287908, "params": {"bus_acc": 1.26, "bus_dcc": 1.46, "bus_lcAssertive": 42.08, "bus_lcCooperative": 0.08, "bus_lcLookaheadLeft": 71.44, "bus_lcPushy": 0.14, "bus_lcSublane": 1.0, "bus_tau_mean": 0.61, "bus_tau_std": 8.02, "bus_v_mean": 12.48, "bus_v_std": 9.33, "car_acc": 2.54, "car_dcc": 2.36, "car_lcAssertive": 92.59, "car_lcCooperative": 0.37, "car_lcLookaheadLeft": 78.51, "car_lcPushy": 0.96, "car_lcSublane": 0.54, "car_tau_mean": 2.79, "car_tau_std": 2.12, "car_v_mean": 15.25, "car_v_std": 6.34}, "datetime": {"datetime": "2024-08-04 15:17:17", "elapsed": 3379.993973, "delta": 5.729136}}
{"target": -0.03678827550583452, "params": {"bus_acc": 1.48, "bus_dcc": 3.96, "bus_lcAssertive": 88.22, "bus_lcCooperative": 0.22, "bus_lcLookaheadLeft": 31.9, "bus_lcPushy": 0.8, "bus_lcSublane": 0.86, "bus_tau_mean": 2.92, "bus_tau_std": 5.16, "bus_v_mean": 23.37, "bus_v_std": 0.63, "car_acc": 1.43, "car_dcc": 3.87, "car_lcAssertive": 34.92, "car_lcCooperative": 0.03, "car_lcLookaheadLeft": 70.23, "car_lcPushy": 0.87, "car_lcSublane": 0.11, "car_tau_mean": 0.89, "car_tau_std": 6.67, "car_v_mean": 11.11, "car_v_std": 3.71}, "datetime": {"datetime": "2024-08-04 15:17:19", "elapsed": 3382.543987, "delta": 2.550014}}
{"target": -0.031502035757781835, "params": {"bus_acc": 1.7, "bus_dcc": 3.6, "bus_lcAssertive": 37.04, "bus_lcCooperative": 0.63, "bus_lcLookaheadLeft": 98.75, "bus_lcPushy": 0.34, "bus_lcSublane": 0.48, "bus_tau_mean": 2.86, "bus_tau_std": 7.5, "bus_v_mean": 8.3, "bus_v_std": 1.23, "car_acc": 1.93, "car_dcc": 1.69, "car_lcAssertive": 17.2, "car_lcCooperative": 0.24, "car_lcLookaheadLeft": 87.66, "car_lcPushy": 0.58, "car_lcSublane": 0.94, "car_tau_mean": 3.46, "car_tau_std": 3.04, "car_v_mean": 11.63, "car_v_std": 2.31}, "datetime": {"datetime": "2024-08-04 15:17:29", "elapsed": 3392.139584, "delta": 9.595597}}
{"target": -0.039382124657007, "params": {"bus_acc": 2.06, "bus_dcc": 2.77, "bus_lcAssertive": 59.07, "bus_lcCooperative": 0.32, "bus_lcLookaheadLeft": 48.8, "bus_lcPushy": 0.28, "bus_lcSublane": 0.06, "bus_tau_mean": 1.91, "bus_tau_std": 0.68, "bus_v_mean": 18.49, "bus_v_std": 2.46, "car_acc": 1.11, "car_dcc": 3.89, "car_lcAssertive": 76.89, "car_lcCooperative": 0.62, "car_lcLookaheadLeft": 8.17, "car_lcPushy": 0.84, "car_lcSublane": 0.65, "car_tau_mean": 2.25, "car_tau_std": 4.78, "car_v_mean": 23.91, "car_v_std": 6.41}, "datetime": {"datetime": "2024-08-04 15:17:48", "elapsed": 3410.914063, "delta": 18.774479}}
{"target": -0.04339811522150692, "params": {"bus_acc": 2.46, "bus_dcc": 1.7, "bus_lcAssertive": 82.26, "bus_lcCooperative": 0.45, "bus_lcLookaheadLeft": 67.75, "bus_lcPushy": 0.53, "bus_lcSublane": 0.79, "bus_tau_mean": 0.69, "bus_tau_std": 2.63, "bus_v_mean": 23.37, "bus_v_std": 6.83, "car_acc": 2.96, "car_dcc": 3.93, "car_lcAssertive": 60.09, "car_lcCooperative": 0.31, "car_lcLookaheadLeft": 85.24, "car_lcPushy": 0.19, "car_lcSublane": 0.01, "car_tau_mean": 2.55, "car_tau_std": 1.4, "car_v_mean": 18.51, "car_v_std": 7.17}, "datetime": {"datetime": "2024-08-04 15:17:54", "elapsed": 3416.904429, "delta": 5.990366}}
{"target": -0.033608488959844376, "params": {"bus_acc": 2.1, "bus_dcc": 2.98, "bus_lcAssertive": 17.1, "bus_lcCooperative": 0.27, "bus_lcLookaheadLeft": 77.93, "bus_lcPushy": 0.97, "bus_lcSublane": 0.81, "bus_tau_mean": 0.65, "bus_tau_std": 6.05, "bus_v_mean": 14.19, "bus_v_std": 3.56, "car_acc": 2.33, "car_dcc": 1.23, "car_lcAssertive": 96.98, "car_lcCooperative": 0.94, "car_lcLookaheadLeft": 15.21, "car_lcPushy": 0.61, "car_lcSublane": 0.65, "car_tau_mean": 1.21, "car_tau_std": 8.53, "car_v_mean": 8.82, "car_v_std": 5.3}, "datetime": {"datetime": "2024-08-04 15:18:00", "elapsed": 3423.332691, "delta": 6.428262}}
{"target": -0.0434259917172345, "params": {"bus_acc": 1.99, "bus_dcc": 1.62, "bus_lcAssertive": 20.85, "bus_lcCooperative": 0.62, "bus_lcLookaheadLeft": 59.9, "bus_lcPushy": 0.29, "bus_lcSublane": 0.64, "bus_tau_mean": 1.57, "bus_tau_std": 0.94, "bus_v_mean": 10.16, "bus_v_std": 5.08, "car_acc": 1.94, "car_dcc": 2.54, "car_lcAssertive": 14.07, "car_lcCooperative": 0.58, "car_lcLookaheadLeft": 57.11, "car_lcPushy": 0.29, "car_lcSublane": 0.71, "car_tau_mean": 2.21, "car_tau_std": 9.03, "car_v_mean": 23.98, "car_v_std": 9.19}, "datetime": {"datetime": "2024-08-04 15:18:03", "elapsed": 3425.909557, "delta": 2.576866}}
{"target": -0.035255831947746556, "params": {"bus_acc": 2.47, "bus_dcc": 1.13, "bus_lcAssertive": 56.16, "bus_lcCooperative": 0.6, "bus_lcLookaheadLeft": 59.74, "bus_lcPushy": 0.39, "bus_lcSublane": 0.01, "bus_tau_mean": 3.31, "bus_tau_std": 2.01, "bus_v_mean": 20.78, "bus_v_std": 4.62, "car_acc": 2.59, "car_dcc": 2.73, "car_lcAssertive": 56.48, "car_lcCooperative": 0.22, "car_lcLookaheadLeft": 24.84, "car_lcPushy": 0.21, "car_lcSublane": 0.32, "car_tau_mean": 2.92, "car_tau_std": 1.49, "car_v_mean": 11.06, "car_v_std": 2.88}, "datetime": {"datetime": "2024-08-04 15:18:49", "elapsed": 3472.085034, "delta": 46.175477}}
{"target": -0.024029959399941108, "params": {"bus_acc": 2.8, "bus_dcc": 3.19, "bus_lcAssertive": 66.27, "bus_lcCooperative": 0.71, "bus_lcLookaheadLeft": 17.04, "bus_lcPushy": 0.94, "bus_lcSublane": 0.8, "bus_tau_mean": 2.05, "bus_tau_std": 0.15, "bus_v_mean": 15.4, "bus_v_std": 5.41, "car_acc": 2.1, "car_dcc": 1.59, "car_lcAssertive": 43.55, "car_lcCooperative": 0.15, "car_lcLookaheadLeft": 79.51, "car_lcPushy": 0.98, "car_lcSublane": 0.87, "car_tau_mean": 3.54, "car_tau_std": 0.15, "car_v_mean": 8.15, "car_v_std": 3.83}, "datetime": {"datetime": "2024-08-04 15:19:27", "elapsed": 3509.816996, "delta": 37.731962}}
{"target": -0.024203735246195384, "params": {"bus_acc": 2.81, "bus_dcc": 3.19, "bus_lcAssertive": 66.27, "bus_lcCooperative": 0.71, "bus_lcLookaheadLeft": 17.04, "bus_lcPushy": 0.94, "bus_lcSublane": 0.81, "bus_tau_mean": 2.05, "bus_tau_std": 0.15, "bus_v_mean": 15.4, "bus_v_std": 5.41, "car_acc": 2.1, "car_dcc": 1.59, "car_lcAssertive": 43.55, "car_lcCooperative": 0.15, "car_lcLookaheadLeft": 79.51, "car_lcPushy": 0.98, "car_lcSublane": 0.87, "car_tau_mean": 3.54, "car_tau_std": 0.15, "car_v_mean": 8.15, "car_v_std": 3.83}, "datetime": {"datetime": "2024-08-04 15:19:29", "elapsed": 3511.916903, "delta": 2.099907}}
{"target": -0.02640488315469537, "params": {"bus_acc": 2.76, "bus_dcc": 3.19, "bus_lcAssertive": 66.27, "bus_lcCooperative": 0.71, "bus_lcLookaheadLeft": 17.04, "bus_lcPushy": 0.99, "bus_lcSublane": 0.84, "bus_tau_mean": 2.05, "bus_tau_std": 0.15, "bus_v_mean": 15.4, "bus_v_std": 5.41, "car_acc": 2.1, "car_dcc": 1.59, "car_lcAssertive": 43.55, "car_lcCooperative": 0.15, "car_lcLookaheadLeft": 79.51, "car_lcPushy": 0.97, "car_lcSublane": 0.87, "car_tau_mean": 3.54, "car_tau_std": 0.15, "car_v_mean": 8.15, "car_v_std": 3.83}, "datetime": {"datetime": "2024-08-04 15:19:36", "elapsed": 3519.353321, "delta": 7.436418}}
