{"target": -0.0697266251819553, "params": {"bus_acc": 1.5935, "bus_dcc": 3.5501, "bus_lcAssertive": 17.0386, "bus_lcCooperative": 0.2713, "bus_lcLookaheadLeft": 86.0736, "bus_lcPushy": 0.4207, "bus_lcSublane": 0.5887, "bus_tau_mean": 2.6168, "bus_tau_std": 2.5922, "bus_v_mean": 18.5822, "bus_v_std": 2.2151, "car_acc": 1.5192, "car_dcc": 3.7431, "car_lcAssertive": 35.6551, "car_lcCooperative": 0.5294, "car_lcLookaheadLeft": 94.1685, "car_lcPushy": 0.81, "car_lcSublane": 0.7991, "car_tau_mean": 1.9539, "car_tau_std": 3.4844, "car_v_mean": 23.3783, "car_v_std": 6.9588}, "datetime": {"datetime": "2024-08-05 17:56:27", "elapsed": 610.458411, "delta": 2.025704}}
{"target": -0.07067035058063505, "params": {"bus_acc": 1.3285, "bus_dcc": 3.5736, "bus_lcAssertive": 12.2752, "bus_lcCooperative": 0.5626, "bus_lcLookaheadLeft": 83.7253, "bus_lcPushy": 0.716, "bus_lcSublane": 0.2683, "bus_tau_mean": 1.0965, "bus_tau_std": 8.5337, "bus_v_mean": 11.6466, "bus_v_std": 7.0081, "car_acc": 1.7978, "car_dcc": 1.1659, "car_lcAssertive": 98.045, "car_lcCooperative": 0.5158, "car_lcLookaheadLeft": 15.4147, "car_lcPushy": 0.3241, "car_lcSublane": 0.3429, "car_tau_mean": 2.1561, "car_tau_std": 0.3425, "car_v_mean": 23.456, "car_v_std": 1.5972}, "datetime": {"datetime": "2024-08-05 17:56:29", "elapsed": 612.88528, "delta": 2.426869}}
{"target": -0.052932525590760914, "params": {"bus_acc": 2.343, "bus_dcc": 3.1967, "bus_lcAssertive": 48.2873, "bus_lcCooperative": 0.0936, "bus_lcLookaheadLeft": 29.1909, "bus_lcPushy": 0.4878, "bus_lcSublane": 0.6197, "bus_tau_mean": 0.5977, "bus_tau_std": 3.1188, "bus_v_mean": 11.5195, "bus_v_std": 5.571, "car_acc": 2.406, "car_dcc": 3.9877, "car_lcAssertive": 74.7014, "car_lcCooperative": 0.5971, "car_lcLookaheadLeft": 48.252, "car_lcPushy": 0.8846, "car_lcSublane": 0.7428, "car_tau_mean": 3.6391, "car_tau_std": 2.0726, "car_v_mean": 11.2144, "car_v_std": 8.7453}, "datetime": {"datetime": "2024-08-05 17:56:31", "elapsed": 615.292403, "delta": 2.407123}}
{"target": -0.05196758922722212, "params": {"bus_acc": 1.6211, "bus_dcc": 2.2202, "bus_lcAssertive": 42.2056, "bus_lcCooperative": 0.0484, "bus_lcLookaheadLeft": 8.3002, "bus_lcPushy": 0.978, "bus_lcSublane": 0.2511, "bus_tau_mean": 1.782, "bus_tau_std": 7.3949, "bus_v_mean": 23.336, "bus_v_std": 4.2698, "car_acc": 1.3752, "car_dcc": 1.2735, "car_lcAssertive": 31.2368, "car_lcCooperative": 0.4052, "car_lcLookaheadLeft": 56.8779, "car_lcPushy": 0.7818, "car_lcSublane": 0.9397, "car_tau_mean": 1.1702, "car_tau_std": 8.0492, "car_v_mean": 15.2157, "car_v_std": 3.8383}, "datetime": {"datetime": "2024-08-05 17:56:35", "elapsed": 618.549206, "delta": 3.256803}}
{"target": -0.046343299639239076, "params": {"bus_acc": 2.8858, "bus_dcc": 1.733, "bus_lcAssertive": 48.7865, "bus_lcCooperative": 0.2227, "bus_lcLookaheadLeft": 67.528, "bus_lcPushy": 0.9187, "bus_lcSublane": 0.6181, "bus_tau_mean": 1.2834, "bus_tau_std": 3.4244, "bus_v_mean": 19.195, "bus_v_std": 8.4935, "car_acc": 2.6465, "car_dcc": 1.0603, "car_lcAssertive": 73.0681, "car_lcCooperative": 0.8532, "car_lcLookaheadLeft": 71.1832, "car_lcPushy": 0.518, "car_lcSublane": 0.8746, "car_tau_mean": 2.8903, "car_tau_std": 6.7332, "car_v_mean": 11.3514, "car_v_std": 4.0133}, "datetime": {"datetime": "2024-08-05 17:56:38", "elapsed": 621.580795, "delta": 3.031589}}
{"target": -0.056126772629432116, "params": {"bus_acc": 2.3299, "bus_dcc": 2.193, "bus_lcAssertive": 32.4607, "bus_lcCooperative": 0.9236, "bus_lcLookaheadLeft": 33.1997, "bus_lcPushy": 0.2418, "bus_lcSublane": 0.8983, "bus_tau_mean": 1.1482, "bus_tau_std": 4.8637, "bus_v_mean": 12.5095, "bus_v_std": 2.0878, "car_acc": 1.8278, "car_dcc": 3.1194, "car_lcAssertive": 77.3408, "car_lcCooperative": 0.8961, "car_lcLookaheadLeft": 69.8615, "car_lcPushy": 0.7135, "car_lcSublane": 0.7611, "car_tau_mean": 1.6251, "car_tau_std": 0.4075, "car_v_mean": 23.6273, "car_v_std": 5.86}, "datetime": {"datetime": "2024-08-05 17:56:41", "elapsed": 624.422275, "delta": 2.84148}}
{"target": -0.051560931416652064, "params": {"bus_acc": 1.828, "bus_dcc": 2.7249, "bus_lcAssertive": 77.0246, "bus_lcCooperative": 0.4782, "bus_lcLookaheadLeft": 60.6577, "bus_lcPushy": 0.8903, "bus_lcSublane": 0.2674, "bus_tau_mean": 2.606, "bus_tau_std": 7.2878, "bus_v_mean": 8.1946, "bus_v_std": 7.8293, "car_acc": 2.7624, "car_dcc": 2.9439, "car_lcAssertive": 48.9417, "car_lcCooperative": 0.9465, "car_lcLookaheadLeft": 84.6777, "car_lcPushy": 0.002, "car_lcSublane": 0.4978, "car_tau_mean": 3.6286, "car_tau_std": 5.9175, "car_v_mean": 14.6821, "car_v_std": 9.92}, "datetime": {"datetime": "2024-08-05 17:56:44", "elapsed": 627.427739, "delta": 3.005464}}
{"target": -0.04973428441715241, "params": {"bus_acc": 1.7592, "bus_dcc": 1.6619, "bus_lcAssertive": 79.1279, "bus_lcCooperative": 0.6109, "bus_lcLookaheadLeft": 31.6189, "bus_lcPushy": 0.6336, "bus_lcSublane": 0.1357, "bus_tau_mean": 2.704, "bus_tau_std": 2.9056, "bus_v_mean": 23.0773, "bus_v_std": 8.8643, "car_acc": 1.219, "car_dcc": 1.5641, "car_lcAssertive": 32.9113, "car_lcCooperative": 0.0331, "car_lcLookaheadLeft": 16.9275, "car_lcPushy": 0.5473, "car_lcSublane": 0.3883, "car_tau_mean": 2.9988, "car_tau_std": 4.8625, "car_v_mean": 13.5169, "car_v_std": 5.7572}, "datetime": {"datetime": "2024-08-05 17:56:46", "elapsed": 629.837255, "delta": 2.409516}}
{"target": -0.06999557775771868, "params": {"bus_acc": 2.4189, "bus_dcc": 1.7881, "bus_lcAssertive": 10.8087, "bus_lcCooperative": 0.4331, "bus_lcLookaheadLeft": 19.363, "bus_lcPushy": 0.6917, "bus_lcSublane": 0.2491, "bus_tau_mean": 1.0004, "bus_tau_std": 4.3251, "bus_v_mean": 14.407, "bus_v_std": 5.9467, "car_acc": 2.4166, "car_dcc": 3.86, "car_lcAssertive": 98.3721, "car_lcCooperative": 0.1557, "car_lcLookaheadLeft": 79.9499, "car_lcPushy": 0.1486, "car_lcSublane": 0.6657, "car_tau_mean": 0.8292, "car_tau_std": 0.9385, "car_v_mean": 19.4415, "car_v_std": 3.5514}, "datetime": {"datetime": "2024-08-05 17:56:48", "elapsed": 632.163609, "delta": 2.326354}}
{"target": -0.06772523159762284, "params": {"bus_acc": 1.8811, "bus_dcc": 3.0724, "bus_lcAssertive": 84.2839, "bus_lcCooperative": 0.0166, "bus_lcLookaheadLeft": 57.3646, "bus_lcPushy": 0.4861, "bus_lcSublane": 0.3914, "bus_tau_mean": 3.8615, "bus_tau_std": 1.2787, "bus_v_mean": 15.4873, "bus_v_std": 0.7669, "car_acc": 2.5823, "car_dcc": 2.9557, "car_lcAssertive": 3.6273, "car_lcCooperative": 0.1154, "car_lcLookaheadLeft": 56.3732, "car_lcPushy": 0.415, "car_lcSublane": 0.0982, "car_tau_mean": 1.9749, "car_tau_std": 9.3891, "car_v_mean": 20.965, "car_v_std": 1.7152}, "datetime": {"datetime": "2024-08-05 17:56:52", "elapsed": 635.3837, "delta": 3.220091}}
{"target": -0.05329318957587626, "params": {"bus_acc": 1.2401, "bus_dcc": 2.2438, "bus_lcAssertive": 96.9016, "bus_lcCooperative": 0.2605, "bus_lcLookaheadLeft": 23.8823, "bus_lcPushy": 0.5069, "bus_lcSublane": 0.169, "bus_tau_mean": 2.9969, "bus_tau_std": 4.2647, "bus_v_mean": 19.8443, "bus_v_std": 2.1058, "car_acc": 2.6666, "car_dcc": 3.3137, "car_lcAssertive": 3.0045, "car_lcCooperative": 0.0691, "car_lcLookaheadLeft": 50.0856, "car_lcPushy": 0.9543, "car_lcSublane": 0.7791, "car_tau_mean": 2.7411, "car_tau_std": 2.8533, "car_v_mean": 11.0049, "car_v_std": 4.6626}, "datetime": {"datetime": "2024-08-05 17:56:53", "elapsed": 637.070733, "delta": 1.687033}}
{"target": -0.05651521131566437, "params": {"bus_acc": 1.0013, "bus_dcc": 3.9355, "bus_lcAssertive": 1.5732, "bus_lcCooperative": 0.3056, "bus_lcLookaheadLeft": 46.203, "bus_lcPushy": 0.1662, "bus_lcSublane": 0.9474, "bus_tau_mean": 2.1397, "bus_tau_std": 1.5859, "bus_v_mean": 8.5023, "bus_v_std": 2.6819, "car_acc": 2.9231, "car_dcc": 3.4003, "car_lcAssertive": 95.6196, "car_lcCooperative": 0.9758, "car_lcLookaheadLeft": 65.6121, "car_lcPushy": 0.6192, "car_lcSublane": 0.702, "car_tau_mean": 0.9363, "car_tau_std": 1.9574, "car_v_mean": 9.3608, "car_v_std": 1.0311}, "datetime": {"datetime": "2024-08-05 17:56:56", "elapsed": 639.986757, "delta": 2.916024}}
{"target": -0.03976049942346993, "params": {"bus_acc": 2.6066, "bus_dcc": 1.6551, "bus_lcAssertive": 30.0368, "bus_lcCooperative": 0.092, "bus_lcLookaheadLeft": 35.3371, "bus_lcPushy": 0.3409, "bus_lcSublane": 0.1224, "bus_tau_mean": 3.3434, "bus_tau_std": 0.4604, "bus_v_mean": 8.1075, "bus_v_std": 8.6684, "car_acc": 2.2338, "car_dcc": 2.0313, "car_lcAssertive": 10.1411, "car_lcCooperative": 0.1822, "car_lcLookaheadLeft": 3.1133, "car_lcPushy": 0.6813, "car_lcSublane": 0.324, "car_tau_mean": 3.5533, "car_tau_std": 6.8365, "car_v_mean": 8.0476, "car_v_std": 5.3833}, "datetime": {"datetime": "2024-08-05 17:56:58", "elapsed": 642.067059, "delta": 2.080302}}
{"target": -0.04512284563039093, "params": {"bus_acc": 1.4674, "bus_dcc": 1.5527, "bus_lcAssertive": 56.5099, "bus_lcCooperative": 0.3197, "bus_lcLookaheadLeft": 72.5962, "bus_lcPushy": 0.4926, "bus_lcSublane": 0.3081, "bus_tau_mean": 0.6971, "bus_tau_std": 9.7245, "bus_v_mean": 20.9676, "bus_v_std": 0.7137, "car_acc": 1.0814, "car_dcc": 1.4146, "car_lcAssertive": 69.6264, "car_lcCooperative": 0.1148, "car_lcLookaheadLeft": 58.9786, "car_lcPushy": 0.664, "car_lcSublane": 0.9274, "car_tau_mean": 1.8309, "car_tau_std": 0.2628, "car_v_mean": 9.3344, "car_v_std": 9.4948}, "datetime": {"datetime": "2024-08-05 17:57:01", "elapsed": 644.504283, "delta": 2.437224}}
{"target": -0.05863418905733493, "params": {"bus_acc": 2.2628, "bus_dcc": 2.3832, "bus_lcAssertive": 25.5474, "bus_lcCooperative": 0.0323, "bus_lcLookaheadLeft": 2.085, "bus_lcPushy": 0.9186, "bus_lcSublane": 0.4858, "bus_tau_mean": 1.7525, "bus_tau_std": 2.2162, "bus_v_mean": 18.6586, "bus_v_std": 3.1922, "car_acc": 1.695, "car_dcc": 3.3109, "car_lcAssertive": 60.3813, "car_lcCooperative": 0.4229, "car_lcLookaheadLeft": 47.038, "car_lcPushy": 0.0823, "car_lcSublane": 0.3288, "car_tau_mean": 1.7901, "car_tau_std": 1.6239, "car_v_mean": 8.2167, "car_v_std": 9.9754}, "datetime": {"datetime": "2024-08-05 17:57:04", "elapsed": 647.65025, "delta": 3.145967}}
{"target": -0.05687148201808953, "params": {"bus_acc": 1.6756, "bus_dcc": 1.2216, "bus_lcAssertive": 95.2624, "bus_lcCooperative": 0.1202, "bus_lcLookaheadLeft": 6.0497, "bus_lcPushy": 0.7418, "bus_lcSublane": 0.7264, "bus_tau_mean": 3.091, "bus_tau_std": 3.959, "bus_v_mean": 10.9745, "bus_v_std": 4.2098, "car_acc": 2.2573, "car_dcc": 1.4991, "car_lcAssertive": 52.0314, "car_lcCooperative": 0.7882, "car_lcLookaheadLeft": 12.3112, "car_lcPushy": 0.0971, "car_lcSublane": 0.2944, "car_tau_mean": 3.718, "car_tau_std": 0.3224, "car_v_mean": 16.9277, "car_v_std": 1.8298}, "datetime": {"datetime": "2024-08-05 17:57:07", "elapsed": 650.537385, "delta": 2.887135}}
{"target": -0.07097269361099243, "params": {"bus_acc": 2.4616, "bus_dcc": 2.4089, "bus_lcAssertive": 44.3945, "bus_lcCooperative": 0.0106, "bus_lcLookaheadLeft": 96.2297, "bus_lcPushy": 0.6255, "bus_lcSublane": 0.709, "bus_tau_mean": 1.2198, "bus_tau_std": 5.3838, "bus_v_mean": 20.697, "bus_v_std": 2.093, "car_acc": 2.8487, "car_dcc": 2.3259, "car_lcAssertive": 76.2563, "car_lcCooperative": 0.6506, "car_lcLookaheadLeft": 44.9004, "car_lcPushy": 0.2637, "car_lcSublane": 0.3032, "car_tau_mean": 1.9944, "car_tau_std": 1.2068, "car_v_mean": 16.6822, "car_v_std": 2.9889}, "datetime": {"datetime": "2024-08-05 17:57:09", "elapsed": 653.086284, "delta": 2.548899}}
{"target": -0.08897383485605624, "params": {"bus_acc": 1.8304, "bus_dcc": 1.3031, "bus_lcAssertive": 30.2885, "bus_lcCooperative": 0.0377, "bus_lcLookaheadLeft": 48.0846, "bus_lcPushy": 0.961, "bus_lcSublane": 0.983, "bus_tau_mean": 3.5377, "bus_tau_std": 0.1637, "bus_v_mean": 15.119, "bus_v_std": 1.6462, "car_acc": 2.2553, "car_dcc": 1.8839, "car_lcAssertive": 18.2404, "car_lcCooperative": 0.6026, "car_lcLookaheadLeft": 76.6557, "car_lcPushy": 0.1098, "car_lcSublane": 0.2909, "car_tau_mean": 1.1955, "car_tau_std": 3.1772, "car_v_mean": 22.0818, "car_v_std": 1.452}, "datetime": {"datetime": "2024-08-05 17:57:12", "elapsed": 655.824795, "delta": 2.738511}}
{"target": -0.0519160113045901, "params": {"bus_acc": 2.2228, "bus_dcc": 3.2964, "bus_lcAssertive": 55.2846, "bus_lcCooperative": 0.3723, "bus_lcLookaheadLeft": 91.9524, "bus_lcPushy": 0.6088, "bus_lcSublane": 0.1288, "bus_tau_mean": 2.6135, "bus_tau_std": 9.3157, "bus_v_mean": 9.2022, "bus_v_std": 0.2383, "car_acc": 1.2108, "car_dcc": 3.6008, "car_lcAssertive": 12.998, "car_lcCooperative": 0.6251, "car_lcLookaheadLeft": 91.7258, "car_lcPushy": 0.9312, "car_lcSublane": 0.2769, "car_tau_mean": 1.8905, "car_tau_std": 3.0107, "car_v_mean": 21.67, "car_v_std": 9.0611}, "datetime": {"datetime": "2024-08-05 17:57:14", "elapsed": 658.119203, "delta": 2.294408}}
{"target": -0.06960433161694046, "params": {"bus_acc": 2.3611, "bus_dcc": 2.7595, "bus_lcAssertive": 83.8113, "bus_lcCooperative": 0.8253, "bus_lcLookaheadLeft": 67.5629, "bus_lcPushy": 0.9688, "bus_lcSublane": 0.5263, "bus_tau_mean": 2.7514, "bus_tau_std": 2.929, "bus_v_mean": 23.8172, "bus_v_std": 9.6622, "car_acc": 2.7279, "car_dcc": 2.074, "car_lcAssertive": 9.9182, "car_lcCooperative": 0.0816, "car_lcLookaheadLeft": 88.5276, "car_lcPushy": 0.9582, "car_lcSublane": 0.237, "car_tau_mean": 3.8727, "car_tau_std": 4.926, "car_v_mean": 22.7011, "car_v_std": 0.9394}, "datetime": {"datetime": "2024-08-05 17:57:16", "elapsed": 660.103677, "delta": 1.984474}}
{"target": -0.060272515253007065, "params": {"bus_acc": 1.5429, "bus_dcc": 1.4724, "bus_lcAssertive": 15.7124, "bus_lcCooperative": 0.0862, "bus_lcLookaheadLeft": 44.2218, "bus_lcPushy": 0.5647, "bus_lcSublane": 0.1836, "bus_tau_mean": 2.7016, "bus_tau_std": 1.4024, "bus_v_mean": 18.8724, "bus_v_std": 7.4928, "car_acc": 1.701, "car_dcc": 2.3898, "car_lcAssertive": 5.6552, "car_lcCooperative": 0.9086, "car_lcLookaheadLeft": 44.2155, "car_lcPushy": 0.7948, "car_lcSublane": 0.071, "car_tau_mean": 3.0288, "car_tau_std": 1.5487, "car_v_mean": 16.6407, "car_v_std": 4.3098}, "datetime": {"datetime": "2024-08-05 17:57:18", "elapsed": 661.932108, "delta": 1.828431}}
{"target": -0.0557801833939211, "params": {"bus_acc": 2.4251, "bus_dcc": 1.341, "bus_lcAssertive": 36.5766, "bus_lcCooperative": 0.9374, "bus_lcLookaheadLeft": 99.5882, "bus_lcPushy": 0.7674, "bus_lcSublane": 0.9836, "bus_tau_mean": 3.5398, "bus_tau_std": 1.799, "bus_v_mean": 15.0586, "bus_v_std": 3.4895, "car_acc": 1.66, "car_dcc": 3.1785, "car_lcAssertive": 74.9624, "car_lcCooperative": 0.9934, "car_lcLookaheadLeft": 30.8231, "car_lcPushy": 0.8842, "car_lcSublane": 0.9169, "car_tau_mean": 0.9424, "car_tau_std": 8.928, "car_v_mean": 14.3481, "car_v_std": 4.1907}, "datetime": {"datetime": "2024-08-05 17:57:22", "elapsed": 665.829533, "delta": 3.897425}}
{"target": -0.07414148230565104, "params": {"bus_acc": 2.6287, "bus_dcc": 3.8288, "bus_lcAssertive": 10.9391, "bus_lcCooperative": 0.7989, "bus_lcLookaheadLeft": 50.567, "bus_lcPushy": 0.0935, "bus_lcSublane": 0.5629, "bus_tau_mean": 0.7672, "bus_tau_std": 3.0542, "bus_v_mean": 16.3687, "bus_v_std": 4.5344, "car_acc": 2.3766, "car_dcc": 2.0571, "car_lcAssertive": 87.8994, "car_lcCooperative": 0.9657, "car_lcLookaheadLeft": 78.02, "car_lcPushy": 0.0336, "car_lcSublane": 0.0015, "car_tau_mean": 0.8429, "car_tau_std": 1.4802, "car_v_mean": 16.418, "car_v_std": 1.4342}, "datetime": {"datetime": "2024-08-05 17:57:24", "elapsed": 667.915721, "delta": 2.086188}}
{"target": -0.056656656352523455, "params": {"bus_acc": 1.1801, "bus_dcc": 3.3448, "bus_lcAssertive": 12.7494, "bus_lcCooperative": 0.1507, "bus_lcLookaheadLeft": 17.2227, "bus_lcPushy": 0.2344, "bus_lcSublane": 0.1793, "bus_tau_mean": 1.8084, "bus_tau_std": 7.0739, "bus_v_mean": 21.2739, "bus_v_std": 9.6986, "car_acc": 2.9986, "car_dcc": 2.2155, "car_lcAssertive": 24.5324, "car_lcCooperative": 0.8843, "car_lcLookaheadLeft": 41.8303, "car_lcPushy": 0.0599, "car_lcSublane": 0.6627, "car_tau_mean": 1.4549, "car_tau_std": 9.9515, "car_v_mean": 14.5605, "car_v_std": 6.6051}, "datetime": {"datetime": "2024-08-05 17:57:26", "elapsed": 670.10173, "delta": 2.186009}}
{"target": -0.06578884447887064, "params": {"bus_acc": 2.9198, "bus_dcc": 1.2675, "bus_lcAssertive": 18.7976, "bus_lcCooperative": 0.066, "bus_lcLookaheadLeft": 43.2708, "bus_lcPushy": 0.2722, "bus_lcSublane": 0.0889, "bus_tau_mean": 0.9712, "bus_tau_std": 7.3709, "bus_v_mean": 10.0367, "bus_v_std": 0.1212, "car_acc": 2.2884, "car_dcc": 3.2112, "car_lcAssertive": 20.3623, "car_lcCooperative": 0.5948, "car_lcLookaheadLeft": 57.4578, "car_lcPushy": 0.6644, "car_lcSublane": 0.6124, "car_tau_mean": 2.1651, "car_tau_std": 8.0603, "car_v_mean": 18.9734, "car_v_std": 0.9263}, "datetime": {"datetime": "2024-08-05 17:57:28", "elapsed": 672.291148, "delta": 2.189418}}
{"target": -0.05110111821416733, "params": {"bus_acc": 1.1182, "bus_dcc": 3.8351, "bus_lcAssertive": 99.4556, "bus_lcCooperative": 0.137, "bus_lcLookaheadLeft": 97.2647, "bus_lcPushy": 0.3044, "bus_lcSublane": 0.9974, "bus_tau_mean": 3.6315, "bus_tau_std": 6.4082, "bus_v_mean": 19.2418, "bus_v_std": 1.9591, "car_acc": 1.9168, "car_dcc": 2.8266, "car_lcAssertive": 39.7553, "car_lcCooperative": 0.8644, "car_lcLookaheadLeft": 90.0736, "car_lcPushy": 0.6398, "car_lcSublane": 0.3155, "car_tau_mean": 1.4587, "car_tau_std": 1.2596, "car_v_mean": 8.4363, "car_v_std": 2.4342}, "datetime": {"datetime": "2024-08-05 17:57:30", "elapsed": 674.237017, "delta": 1.945869}}
{"target": -0.056903499450614244, "params": {"bus_acc": 1.8091, "bus_dcc": 1.4221, "bus_lcAssertive": 24.0597, "bus_lcCooperative": 0.9213, "bus_lcLookaheadLeft": 50.5264, "bus_lcPushy": 0.502, "bus_lcSublane": 0.9297, "bus_tau_mean": 1.3403, "bus_tau_std": 1.1825, "bus_v_mean": 23.5491, "bus_v_std": 6.9754, "car_acc": 1.6634, "car_dcc": 3.3853, "car_lcAssertive": 59.6527, "car_lcCooperative": 0.5728, "car_lcLookaheadLeft": 56.3792, "car_lcPushy": 0.1712, "car_lcSublane": 0.8734, "car_tau_mean": 2.9892, "car_tau_std": 1.8585, "car_v_mean": 9.5965, "car_v_std": 3.0693}, "datetime": {"datetime": "2024-08-05 17:57:33", "elapsed": 676.71261, "delta": 2.475593}}
{"target": -0.05991051039775256, "params": {"bus_acc": 2.2339, "bus_dcc": 3.8285, "bus_lcAssertive": 5.3639, "bus_lcCooperative": 0.8154, "bus_lcLookaheadLeft": 11.0689, "bus_lcPushy": 0.1611, "bus_lcSublane": 0.6808, "bus_tau_mean": 1.1293, "bus_tau_std": 4.2636, "bus_v_mean": 21.627, "bus_v_std": 0.8906, "car_acc": 2.0294, "car_dcc": 2.6172, "car_lcAssertive": 25.0725, "car_lcCooperative": 0.5561, "car_lcLookaheadLeft": 8.0676, "car_lcPushy": 0.3455, "car_lcSublane": 0.4867, "car_tau_mean": 3.9299, "car_tau_std": 9.8721, "car_v_mean": 11.3162, "car_v_std": 5.4949}, "datetime": {"datetime": "2024-08-05 17:57:35", "elapsed": 678.816726, "delta": 2.104116}}
{"target": -0.047230019030470305, "params": {"bus_acc": 1.0442, "bus_dcc": 2.7761, "bus_lcAssertive": 69.169, "bus_lcCooperative": 0.0458, "bus_lcLookaheadLeft": 33.1229, "bus_lcPushy": 0.466, "bus_lcSublane": 0.7229, "bus_tau_mean": 2.5133, "bus_tau_std": 4.6328, "bus_v_mean": 16.169, "bus_v_std": 7.9258, "car_acc": 2.9708, "car_dcc": 3.7531, "car_lcAssertive": 40.4884, "car_lcCooperative": 0.1235, "car_lcLookaheadLeft": 52.2103, "car_lcPushy": 0.977, "car_lcSublane": 0.1804, "car_tau_mean": 1.7376, "car_tau_std": 9.8114, "car_v_mean": 9.198, "car_v_std": 9.409}, "datetime": {"datetime": "2024-08-05 17:57:37", "elapsed": 680.741898, "delta": 1.925172}}
{"target": -0.05835235976311936, "params": {"bus_acc": 2.4132, "bus_dcc": 2.3819, "bus_lcAssertive": 70.0401, "bus_lcCooperative": 0.2416, "bus_lcLookaheadLeft": 12.4504, "bus_lcPushy": 0.3328, "bus_lcSublane": 0.4302, "bus_tau_mean": 1.4798, "bus_tau_std": 6.637, "bus_v_mean": 13.2433, "bus_v_std": 1.508, "car_acc": 1.0617, "car_dcc": 2.5792, "car_lcAssertive": 42.2512, "car_lcCooperative": 0.9023, "car_lcLookaheadLeft": 9.7628, "car_lcPushy": 0.1353, "car_lcSublane": 0.7448, "car_tau_mean": 3.5159, "car_tau_std": 9.3153, "car_v_mean": 12.0154, "car_v_std": 5.7371}, "datetime": {"datetime": "2024-08-05 17:57:39", "elapsed": 683.24689, "delta": 2.504992}}
{"target": -0.06758192724130624, "params": {"bus_acc": 1.974, "bus_dcc": 2.7337, "bus_lcAssertive": 10.4059, "bus_lcCooperative": 0.5166, "bus_lcLookaheadLeft": 43.1175, "bus_lcPushy": 0.7713, "bus_lcSublane": 0.753, "bus_tau_mean": 2.2347, "bus_tau_std": 0.5291, "bus_v_mean": 20.0719, "bus_v_std": 4.1399, "car_acc": 1.1009, "car_dcc": 2.747, "car_lcAssertive": 29.8001, "car_lcCooperative": 0.0322, "car_lcLookaheadLeft": 48.3304, "car_lcPushy": 0.8202, "car_lcSublane": 0.5666, "car_tau_mean": 1.3527, "car_tau_std": 8.3641, "car_v_mean": 23.0709, "car_v_std": 7.1631}, "datetime": {"datetime": "2024-08-05 17:57:42", "elapsed": 685.456346, "delta": 2.209456}}
{"target": -0.06009115336212122, "params": {"bus_acc": 2.9183, "bus_dcc": 1.1945, "bus_lcAssertive": 88.0372, "bus_lcCooperative": 0.0957, "bus_lcLookaheadLeft": 76.5367, "bus_lcPushy": 0.3034, "bus_lcSublane": 0.8749, "bus_tau_mean": 2.6757, "bus_tau_std": 6.5199, "bus_v_mean": 18.5216, "bus_v_std": 2.8689, "car_acc": 2.0053, "car_dcc": 2.0592, "car_lcAssertive": 75.1652, "car_lcCooperative": 0.7479, "car_lcLookaheadLeft": 41.5289, "car_lcPushy": 0.6125, "car_lcSublane": 0.7761, "car_tau_mean": 0.7445, "car_tau_std": 6.5186, "car_v_mean": 15.0399, "car_v_std": 8.0014}, "datetime": {"datetime": "2024-08-05 17:57:43", "elapsed": 687.182043, "delta": 1.725697}}
{"target": -0.06428257981461978, "params": {"bus_acc": 1.7201, "bus_dcc": 2.7036, "bus_lcAssertive": 50.9663, "bus_lcCooperative": 0.5812, "bus_lcLookaheadLeft": 6.0395, "bus_lcPushy": 0.6737, "bus_lcSublane": 0.5465, "bus_tau_mean": 3.8185, "bus_tau_std": 3.7877, "bus_v_mean": 8.7786, "bus_v_std": 5.4024, "car_acc": 2.3892, "car_dcc": 2.2772, "car_lcAssertive": 23.4062, "car_lcCooperative": 0.9791, "car_lcLookaheadLeft": 5.7777, "car_lcPushy": 0.4172, "car_lcSublane": 0.5313, "car_tau_mean": 2.6813, "car_tau_std": 0.7538, "car_v_mean": 22.1284, "car_v_std": 1.7334}, "datetime": {"datetime": "2024-08-05 17:57:47", "elapsed": 690.510614, "delta": 3.328571}}
