{"target": -0.349573358992186, "params": {"bus_acc": 4.6939, "bus_dcc": 2.8913, "bus_lcAssertive": 94.8566, "bus_lcCooperative": 0.4309, "bus_lcLookaheadLeft": 98.1809, "bus_lcPushy": 0.4521, "bus_lcSigma": 0.1331, "bus_lcSpeedGainRight": 0.7171, "bus_lcSublane": 0.1487, "bus_sigma": 0.8832, "bus_tau_mean": 3.9281, "bus_tau_std": 6.696, "bus_v_mean": 14.4768, "bus_v_std": 11.3425, "car_acc": 4.879, "car_dcc": 3.891, "car_lcAssertive": 80.3591, "car_lcCooperative": 0.1436, "car_lcLookaheadLeft": 33.0153, "car_lcPushy": 0.0795, "car_lcSigma": 0.0976, "car_lcSpeedGainRight": 2.9251, "car_lcSublane": 0.2062, "car_sigma": 0.5215, "car_tau_mean": 2.9193, "car_tau_std": 7.2646, "car_v_mean": 17.7704, "car_v_std": 5.4064}, "datetime": {"datetime": "2024-08-08 13:44:56", "elapsed": 3483.969991, "delta": 1.435792}}
{"target": -0.38394034133666727, "params": {"bus_acc": 3.1316, "bus_dcc": 2.061, "bus_lcAssertive": 80.709, "bus_lcCooperative": 0.1023, "bus_lcLookaheadLeft": 31.2001, "bus_lcPushy": 0.656, "bus_lcSigma": 0.4295, "bus_lcSpeedGainRight": 2.1124, "bus_lcSublane": 0.7606, "bus_sigma": 0.9888, "bus_tau_mean": 3.7489, "bus_tau_std": 6.4634, "bus_v_mean": 12.7026, "bus_v_std": 13.4653, "car_acc": 2.8255, "car_dcc": 1.4164, "car_lcAssertive": 28.2278, "car_lcCooperative": 0.0405, "car_lcLookaheadLeft": 87.9059, "car_lcPushy": 0.5959, "car_lcSigma": 0.2235, "car_lcSpeedGainRight": 3.9598, "car_lcSublane": 0.5675, "car_sigma": 0.5592, "car_tau_mean": 1.1914, "car_tau_std": 3.015, "car_v_mean": 8.2658, "car_v_std": 4.6499}, "datetime": {"datetime": "2024-08-08 13:44:57", "elapsed": 3485.437352, "delta": 1.467361}}
{"target": -0.32157394549852747, "params": {"bus_acc": 1.419, "bus_dcc": 2.7246, "bus_lcAssertive": 5.5285, "bus_lcCooperative": 0.6216, "bus_lcLookaheadLeft": 23.6263, "bus_lcPushy": 0.1331, "bus_lcSigma": 0.9062, "bus_lcSpeedGainRight": 0.3403, "bus_lcSublane": 0.8989, "bus_sigma": 0.184, "bus_tau_mean": 2.8893, "bus_tau_std": 5.5225, "bus_v_mean": 17.8182, "bus_v_std": 7.2461, "car_acc": 2.0209, "car_dcc": 2.1127, "car_lcAssertive": 34.2895, "car_lcCooperative": 0.1388, "car_lcLookaheadLeft": 56.1535, "car_lcPushy": 0.8802, "car_lcSigma": 0.6215, "car_lcSpeedGainRight": 4.5688, "car_lcSublane": 0.1948, "car_sigma": 0.9049, "car_tau_mean": 1.5218, "car_tau_std": 0.3494, "car_v_mean": 23.2043, "car_v_std": 17.6581}, "datetime": {"datetime": "2024-08-08 13:44:59", "elapsed": 3486.888659, "delta": 1.451307}}
{"target": -0.3153154989762875, "params": {"bus_acc": 4.1044, "bus_dcc": 1.6689, "bus_lcAssertive": 93.0858, "bus_lcCooperative": 0.378, "bus_lcLookaheadLeft": 63.2648, "bus_lcPushy": 0.5156, "bus_lcSigma": 0.4708, "bus_lcSpeedGainRight": 0.5051, "bus_lcSublane": 0.936, "bus_sigma": 0.4487, "bus_tau_mean": 1.2789, "bus_tau_std": 5.2893, "bus_v_mean": 10.3149, "bus_v_std": 2.5428, "car_acc": 3.7153, "car_dcc": 3.5142, "car_lcAssertive": 81.4836, "car_lcCooperative": 0.122, "car_lcLookaheadLeft": 10.8076, "car_lcPushy": 0.0708, "car_lcSigma": 0.9977, "car_lcSpeedGainRight": 1.6232, "car_lcSublane": 0.8287, "car_sigma": 0.9053, "car_tau_mean": 2.0547, "car_tau_std": 7.2688, "car_v_mean": 11.0095, "car_v_std": 8.7429}, "datetime": {"datetime": "2024-08-08 13:45:01", "elapsed": 3488.652285, "delta": 1.763626}}
{"target": -0.36212186734850865, "params": {"bus_acc": 3.4168, "bus_dcc": 3.0846, "bus_lcAssertive": 85.9253, "bus_lcCooperative": 0.504, "bus_lcLookaheadLeft": 43.3289, "bus_lcPushy": 0.2892, "bus_lcSigma": 0.8202, "bus_lcSpeedGainRight": 3.2365, "bus_lcSublane": 0.0337, "bus_sigma": 0.1406, "bus_tau_mean": 2.8387, "bus_tau_std": 5.5028, "bus_v_mean": 17.6873, "bus_v_std": 2.0739, "car_acc": 2.538, "car_dcc": 3.5816, "car_lcAssertive": 37.1939, "car_lcCooperative": 0.063, "car_lcLookaheadLeft": 48.3121, "car_lcPushy": 0.0212, "car_lcSigma": 0.2301, "car_lcSpeedGainRight": 3.9475, "car_lcSublane": 0.6319, "car_sigma": 0.01, "car_tau_mean": 1.0902, "car_tau_std": 1.8159, "car_v_mean": 21.8724, "car_v_std": 16.606}, "datetime": {"datetime": "2024-08-08 13:45:06", "elapsed": 3493.647416, "delta": 4.995131}}
{"target": -0.31830038783703357, "params": {"bus_acc": 2.3982, "bus_dcc": 1.0223, "bus_lcAssertive": 94.6115, "bus_lcCooperative": 0.0232, "bus_lcLookaheadLeft": 75.7893, "bus_lcPushy": 0.6608, "bus_lcSigma": 0.7474, "bus_lcSpeedGainRight": 4.1347, "bus_lcSublane": 0.0839, "bus_sigma": 0.8234, "bus_tau_mean": 2.3795, "bus_tau_std": 5.8593, "bus_v_mean": 13.1424, "bus_v_std": 7.5781, "car_acc": 3.0623, "car_dcc": 1.0561, "car_lcAssertive": 82.2857, "car_lcCooperative": 0.8674, "car_lcLookaheadLeft": 9.0065, "car_lcPushy": 0.9214, "car_lcSigma": 0.5188, "car_lcSpeedGainRight": 1.2483, "car_lcSublane": 0.1134, "car_sigma": 0.7947, "car_tau_mean": 2.3162, "car_tau_std": 2.9254, "car_v_mean": 11.3332, "car_v_std": 17.3344}, "datetime": {"datetime": "2024-08-08 13:45:07", "elapsed": 3494.946556, "delta": 1.29914}}
{"target": -0.3554388337435078, "params": {"bus_acc": 4.7502, "bus_dcc": 2.8897, "bus_lcAssertive": 40.0467, "bus_lcCooperative": 0.3744, "bus_lcLookaheadLeft": 25.8474, "bus_lcPushy": 0.9584, "bus_lcSigma": 0.1194, "bus_lcSpeedGainRight": 2.5384, "bus_lcSublane": 0.5391, "bus_sigma": 0.1196, "bus_tau_mean": 0.5682, "bus_tau_std": 1.3647, "bus_v_mean": 14.7033, "bus_v_std": 8.2287, "car_acc": 4.6067, "car_dcc": 2.736, "car_lcAssertive": 13.6106, "car_lcCooperative": 0.0868, "car_lcLookaheadLeft": 6.6177, "car_lcPushy": 0.9393, "car_lcSigma": 0.342, "car_lcSpeedGainRight": 2.4613, "car_lcSublane": 0.6011, "car_sigma": 0.7809, "car_tau_mean": 3.6292, "car_tau_std": 7.0174, "car_v_mean": 11.2588, "car_v_std": 18.6217}, "datetime": {"datetime": "2024-08-08 13:45:16", "elapsed": 3503.546226, "delta": 8.59967}}
{"target": -0.415783675131704, "params": {"bus_acc": 2.3317, "bus_dcc": 2.9613, "bus_lcAssertive": 56.2608, "bus_lcCooperative": 0.9147, "bus_lcLookaheadLeft": 96.9471, "bus_lcPushy": 0.6301, "bus_lcSigma": 0.2778, "bus_lcSpeedGainRight": 3.8224, "bus_lcSublane": 0.1063, "bus_sigma": 0.8112, "bus_tau_mean": 1.2198, "bus_tau_std": 7.3825, "bus_v_mean": 12.6524, "bus_v_std": 1.6907, "car_acc": 1.74, "car_dcc": 2.9917, "car_lcAssertive": 5.2341, "car_lcCooperative": 0.2703, "car_lcLookaheadLeft": 94.9629, "car_lcPushy": 0.2736, "car_lcSigma": 0.0041, "car_lcSpeedGainRight": 1.6247, "car_lcSublane": 0.4559, "car_sigma": 0.4215, "car_tau_mean": 1.5178, "car_tau_std": 4.9066, "car_v_mean": 8.1556, "car_v_std": 2.2357}, "datetime": {"datetime": "2024-08-08 13:45:53", "elapsed": 3541.036197, "delta": 37.489971}}
{"target": -0.3758276594355723, "params": {"bus_acc": 4.0623, "bus_dcc": 1.8957, "bus_lcAssertive": 25.7641, "bus_lcCooperative": 0.0695, "bus_lcLookaheadLeft": 13.4958, "bus_lcPushy": 0.5694, "bus_lcSigma": 0.7159, "bus_lcSpeedGainRight": 2.5019, "bus_lcSublane": 0.3621, "bus_sigma": 0.4189, "bus_tau_mean": 2.1837, "bus_tau_std": 0.2525, "bus_v_mean": 13.9011, "bus_v_std": 8.3226, "car_acc": 3.7421, "car_dcc": 2.3671, "car_lcAssertive": 4.8796, "car_lcCooperative": 0.6932, "car_lcLookaheadLeft": 91.1903, "car_lcPushy": 0.413, "car_lcSigma": 0.1946, "car_lcSpeedGainRight": 2.6228, "car_lcSublane": 0.3921, "car_sigma": 0.781, "car_tau_mean": 2.8659, "car_tau_std": 2.6245, "car_v_mean": 8.0225, "car_v_std": 4.6735}, "datetime": {"datetime": "2024-08-08 13:45:58", "elapsed": 3545.816136, "delta": 4.779939}}
{"target": -0.35731572623985075, "params": {"bus_acc": 1.1064, "bus_dcc": 3.2049, "bus_lcAssertive": 72.7633, "bus_lcCooperative": 0.0256, "bus_lcLookaheadLeft": 48.5884, "bus_lcPushy": 0.0076, "bus_lcSigma": 0.095, "bus_lcSpeedGainRight": 2.1491, "bus_lcSublane": 0.2167, "bus_sigma": 0.636, "bus_tau_mean": 2.0253, "bus_tau_std": 6.44, "bus_v_mean": 23.7754, "bus_v_std": 7.1859, "car_acc": 4.8851, "car_dcc": 2.155, "car_lcAssertive": 92.9305, "car_lcCooperative": 0.4986, "car_lcLookaheadLeft": 70.3136, "car_lcPushy": 0.4388, "car_lcSigma": 0.9063, "car_lcSpeedGainRight": 1.4926, "car_lcSublane": 0.9677, "car_sigma": 0.0416, "car_tau_mean": 1.1942, "car_tau_std": 4.9053, "car_v_mean": 19.9159, "car_v_std": 17.7474}, "datetime": {"datetime": "2024-08-08 13:46:25", "elapsed": 3573.161003, "delta": 27.344867}}
{"target": -0.31521145538949713, "params": {"bus_acc": 2.1937, "bus_dcc": 2.0786, "bus_lcAssertive": 69.3582, "bus_lcCooperative": 0.9642, "bus_lcLookaheadLeft": 71.5232, "bus_lcPushy": 0.4838, "bus_lcSigma": 0.4171, "bus_lcSpeedGainRight": 1.1881, "bus_lcSublane": 0.8199, "bus_sigma": 0.8433, "bus_tau_mean": 3.0984, "bus_tau_std": 3.5989, "bus_v_mean": 11.8431, "bus_v_std": 6.1919, "car_acc": 2.7148, "car_dcc": 1.533, "car_lcAssertive": 13.6417, "car_lcCooperative": 0.5704, "car_lcLookaheadLeft": 84.2434, "car_lcPushy": 0.5755, "car_lcSigma": 0.4394, "car_lcSpeedGainRight": 3.1426, "car_lcSublane": 0.3488, "car_sigma": 0.5073, "car_tau_mean": 2.0471, "car_tau_std": 6.8891, "car_v_mean": 15.0387, "car_v_std": 4.7198}, "datetime": {"datetime": "2024-08-08 13:46:29", "elapsed": 3577.061647, "delta": 3.900644}}
{"target": -0.37028051184745603, "params": {"bus_acc": 4.8242, "bus_dcc": 3.5683, "bus_lcAssertive": 5.6449, "bus_lcCooperative": 0.1973, "bus_lcLookaheadLeft": 24.4544, "bus_lcPushy": 0.0095, "bus_lcSigma": 0.9936, "bus_lcSpeedGainRight": 4.6621, "bus_lcSublane": 0.596, "bus_sigma": 0.2186, "bus_tau_mean": 1.491, "bus_tau_std": 4.6293, "bus_v_mean": 19.69, "bus_v_std": 5.7878, "car_acc": 1.8709, "car_dcc": 1.632, "car_lcAssertive": 95.2132, "car_lcCooperative": 0.8139, "car_lcLookaheadLeft": 5.4249, "car_lcPushy": 0.0667, "car_lcSigma": 0.2857, "car_lcSpeedGainRight": 2.2519, "car_lcSublane": 0.4311, "car_sigma": 0.0668, "car_tau_mean": 3.9293, "car_tau_std": 8.9669, "car_v_mean": 19.2912, "car_v_std": 10.8506}, "datetime": {"datetime": "2024-08-08 13:46:35", "elapsed": 3583.178827, "delta": 6.11718}}
{"target": -0.4122068976452007, "params": {"bus_acc": 3.3494, "bus_dcc": 2.6211, "bus_lcAssertive": 20.8272, "bus_lcCooperative": 0.2296, "bus_lcLookaheadLeft": 42.6547, "bus_lcPushy": 0.2555, "bus_lcSigma": 0.6945, "bus_lcSpeedGainRight": 0.3209, "bus_lcSublane": 0.4399, "bus_sigma": 0.0606, "bus_tau_mean": 3.9057, "bus_tau_std": 6.0925, "bus_v_mean": 10.3097, "bus_v_std": 8.0398, "car_acc": 3.3353, "car_dcc": 2.9507, "car_lcAssertive": 58.816, "car_lcCooperative": 0.6696, "car_lcLookaheadLeft": 67.9586, "car_lcPushy": 0.2354, "car_lcSigma": 0.9899, "car_lcSpeedGainRight": 4.0491, "car_lcSublane": 0.604, "car_sigma": 0.8232, "car_tau_mean": 1.0658, "car_tau_std": 2.9923, "car_v_mean": 8.6937, "car_v_std": 6.9692}, "datetime": {"datetime": "2024-08-08 13:46:51", "elapsed": 3599.028451, "delta": 15.849624}}
{"target": -0.3439361683853128, "params": {"bus_acc": 1.4555, "bus_dcc": 3.7567, "bus_lcAssertive": 29.5073, "bus_lcCooperative": 0.8701, "bus_lcLookaheadLeft": 87.9567, "bus_lcPushy": 0.816, "bus_lcSigma": 0.3328, "bus_lcSpeedGainRight": 3.9392, "bus_lcSublane": 0.231, "bus_sigma": 0.9056, "bus_tau_mean": 2.9952, "bus_tau_std": 4.6937, "bus_v_mean": 12.3391, "bus_v_std": 10.7284, "car_acc": 3.7679, "car_dcc": 2.2863, "car_lcAssertive": 88.2472, "car_lcCooperative": 0.191, "car_lcLookaheadLeft": 13.3852, "car_lcPushy": 0.4349, "car_lcSigma": 0.1348, "car_lcSpeedGainRight": 0.569, "car_lcSublane": 0.6616, "car_sigma": 0.4203, "car_tau_mean": 3.1277, "car_tau_std": 2.8687, "car_v_mean": 13.6803, "car_v_std": 0.1269}, "datetime": {"datetime": "2024-08-08 13:46:55", "elapsed": 3603.141181, "delta": 4.11273}}
{"target": -0.3655416745306288, "params": {"bus_acc": 3.2197, "bus_dcc": 1.5322, "bus_lcAssertive": 64.0949, "bus_lcCooperative": 0.9419, "bus_lcLookaheadLeft": 51.6711, "bus_lcPushy": 0.0434, "bus_lcSigma": 0.3172, "bus_lcSpeedGainRight": 3.2668, "bus_lcSublane": 0.2447, "bus_sigma": 0.5803, "bus_tau_mean": 2.9062, "bus_tau_std": 8.7108, "bus_v_mean": 20.296, "bus_v_std": 7.7203, "car_acc": 3.7208, "car_dcc": 1.7448, "car_lcAssertive": 15.6883, "car_lcCooperative": 0.6847, "car_lcLookaheadLeft": 45.9631, "car_lcPushy": 0.5254, "car_lcSigma": 0.6174, "car_lcSpeedGainRight": 4.5309, "car_lcSublane": 0.5483, "car_sigma": 0.2343, "car_tau_mean": 2.3634, "car_tau_std": 8.2473, "car_v_mean": 8.82, "car_v_std": 5.3481}, "datetime": {"datetime": "2024-08-08 13:47:04", "elapsed": 3612.36748, "delta": 9.226299}}
{"target": -0.3654400149542964, "params": {"bus_acc": 4.337, "bus_dcc": 2.6116, "bus_lcAssertive": 50.063, "bus_lcCooperative": 0.1313, "bus_lcLookaheadLeft": 39.0399, "bus_lcPushy": 0.571, "bus_lcSigma": 0.8906, "bus_lcSpeedGainRight": 0.7696, "bus_lcSublane": 0.5608, "bus_sigma": 0.8236, "bus_tau_mean": 1.177, "bus_tau_std": 7.5686, "bus_v_mean": 21.9441, "bus_v_std": 2.434, "car_acc": 4.6001, "car_dcc": 2.8518, "car_lcAssertive": 59.1767, "car_lcCooperative": 0.5503, "car_lcLookaheadLeft": 64.2246, "car_lcPushy": 0.8228, "car_lcSigma": 0.4192, "car_lcSpeedGainRight": 2.0749, "car_lcSublane": 0.4745, "car_sigma": 0.5879, "car_tau_mean": 3.7506, "car_tau_std": 9.0427, "car_v_mean": 20.8496, "car_v_std": 8.0038}, "datetime": {"datetime": "2024-08-08 13:47:06", "elapsed": 3614.057045, "delta": 1.689565}}
{"target": -0.367161186487028, "params": {"bus_acc": 2.4114, "bus_dcc": 2.9502, "bus_lcAssertive": 25.6712, "bus_lcCooperative": 0.3533, "bus_lcLookaheadLeft": 76.6966, "bus_lcPushy": 0.413, "bus_lcSigma": 0.283, "bus_lcSpeedGainRight": 3.4538, "bus_lcSublane": 0.7629, "bus_sigma": 0.4808, "bus_tau_mean": 3.7093, "bus_tau_std": 9.0407, "bus_v_mean": 14.1379, "bus_v_std": 5.668, "car_acc": 1.0548, "car_dcc": 2.8763, "car_lcAssertive": 22.91, "car_lcCooperative": 0.8222, "car_lcLookaheadLeft": 46.7601, "car_lcPushy": 0.6764, "car_lcSigma": 0.5411, "car_lcSpeedGainRight": 0.3319, "car_lcSublane": 0.6078, "car_sigma": 0.5042, "car_tau_mean": 1.5933, "car_tau_std": 9.7874, "car_v_mean": 16.7209, "car_v_std": 3.4572}, "datetime": {"datetime": "2024-08-08 13:47:08", "elapsed": 3615.897615, "delta": 1.84057}}
{"target": -0.32346924742194944, "params": {"bus_acc": 3.8729, "bus_dcc": 2.8072, "bus_lcAssertive": 59.3835, "bus_lcCooperative": 0.3572, "bus_lcLookaheadLeft": 42.628, "bus_lcPushy": 0.7101, "bus_lcSigma": 0.4621, "bus_lcSpeedGainRight": 4.8859, "bus_lcSublane": 0.1127, "bus_sigma": 0.897, "bus_tau_mean": 1.7927, "bus_tau_std": 6.2928, "bus_v_mean": 9.1741, "bus_v_std": 7.1707, "car_acc": 4.8186, "car_dcc": 1.3171, "car_lcAssertive": 91.3096, "car_lcCooperative": 0.0022, "car_lcLookaheadLeft": 50.6904, "car_lcPushy": 0.6799, "car_lcSigma": 0.9997, "car_lcSpeedGainRight": 2.2688, "car_lcSublane": 0.4639, "car_sigma": 0.6306, "car_tau_mean": 3.3443, "car_tau_std": 0.0373, "car_v_mean": 18.5122, "car_v_std": 19.9106}, "datetime": {"datetime": "2024-08-08 13:47:20", "elapsed": 3628.446783, "delta": 12.549168}}
{"target": -0.4028431853148337, "params": {"bus_acc": 4.4435, "bus_dcc": 1.7866, "bus_lcAssertive": 9.6105, "bus_lcCooperative": 0.8478, "bus_lcLookaheadLeft": 31.9602, "bus_lcPushy": 0.6619, "bus_lcSigma": 0.7674, "bus_lcSpeedGainRight": 3.8156, "bus_lcSublane": 0.9063, "bus_sigma": 0.3278, "bus_tau_mean": 3.6964, "bus_tau_std": 7.9849, "bus_v_mean": 23.7353, "bus_v_std": 3.3494, "car_acc": 3.3883, "car_dcc": 1.1733, "car_lcAssertive": 19.7526, "car_lcCooperative": 0.1002, "car_lcLookaheadLeft": 9.1013, "car_lcPushy": 0.7539, "car_lcSigma": 0.4534, "car_lcSpeedGainRight": 3.5765, "car_lcSublane": 0.5396, "car_sigma": 0.9582, "car_tau_mean": 3.2654, "car_tau_std": 0.0001, "car_v_mean": 20.0527, "car_v_std": 5.0695}, "datetime": {"datetime": "2024-08-08 13:47:24", "elapsed": 3632.340436, "delta": 3.893653}}
{"target": -0.33369501334527957, "params": {"bus_acc": 4.412, "bus_dcc": 3.2063, "bus_lcAssertive": 62.7942, "bus_lcCooperative": 0.874, "bus_lcLookaheadLeft": 20.7596, "bus_lcPushy": 0.9658, "bus_lcSigma": 0.8078, "bus_lcSpeedGainRight": 4.0049, "bus_lcSublane": 0.4665, "bus_sigma": 0.9942, "bus_tau_mean": 3.973, "bus_tau_std": 8.9851, "bus_v_mean": 20.1032, "bus_v_std": 18.0734, "car_acc": 3.5486, "car_dcc": 2.5482, "car_lcAssertive": 98.0141, "car_lcCooperative": 0.9711, "car_lcLookaheadLeft": 8.5497, "car_lcPushy": 0.3005, "car_lcSigma": 0.6184, "car_lcSpeedGainRight": 4.2356, "car_lcSublane": 0.6358, "car_sigma": 0.6021, "car_tau_mean": 1.3386, "car_tau_std": 7.4782, "car_v_mean": 20.6913, "car_v_std": 10.8344}, "datetime": {"datetime": "2024-08-08 13:47:34", "elapsed": 3641.997566, "delta": 9.65713}}
{"target": -0.30888246318138096, "params": {"bus_acc": 2.7978, "bus_dcc": 2.9549, "bus_lcAssertive": 23.9996, "bus_lcCooperative": 0.1384, "bus_lcLookaheadLeft": 19.3619, "bus_lcPushy": 0.8959, "bus_lcSigma": 0.8633, "bus_lcSpeedGainRight": 4.9454, "bus_lcSublane": 0.2558, "bus_sigma": 0.7417, "bus_tau_mean": 2.2691, "bus_tau_std": 1.2965, "bus_v_mean": 16.2724, "bus_v_std": 13.1855, "car_acc": 4.1511, "car_dcc": 1.1437, "car_lcAssertive": 88.7697, "car_lcCooperative": 0.3379, "car_lcLookaheadLeft": 6.3377, "car_lcPushy": 0.7679, "car_lcSigma": 0.4475, "car_lcSpeedGainRight": 3.6541, "car_lcSublane": 0.3132, "car_sigma": 0.4714, "car_tau_mean": 1.2949, "car_tau_std": 8.1444, "car_v_mean": 9.8167, "car_v_std": 17.3312}, "datetime": {"datetime": "2024-08-08 13:47:45", "elapsed": 3653.291867, "delta": 11.294301}}
{"target": -0.35474187710572713, "params": {"bus_acc": 3.7199, "bus_dcc": 1.2812, "bus_lcAssertive": 63.9018, "bus_lcCooperative": 0.5983, "bus_lcLookaheadLeft": 80.0407, "bus_lcPushy": 0.8163, "bus_lcSigma": 0.5868, "bus_lcSpeedGainRight": 2.6759, "bus_lcSublane": 0.515, "bus_sigma": 0.9461, "bus_tau_mean": 3.2972, "bus_tau_std": 7.5922, "bus_v_mean": 18.6627, "bus_v_std": 16.0281, "car_acc": 3.077, "car_dcc": 2.007, "car_lcAssertive": 67.9098, "car_lcCooperative": 0.4912, "car_lcLookaheadLeft": 4.296, "car_lcPushy": 0.5071, "car_lcSigma": 0.0118, "car_lcSpeedGainRight": 1.7508, "car_lcSublane": 0.0724, "car_sigma": 0.4757, "car_tau_mean": 2.2853, "car_tau_std": 4.0502, "car_v_mean": 8.9466, "car_v_std": 18.5955}, "datetime": {"datetime": "2024-08-08 13:47:50", "elapsed": 3658.26248, "delta": 4.970613}}
{"target": -0.3527047538398263, "params": {"bus_acc": 2.6465, "bus_dcc": 3.3846, "bus_lcAssertive": 21.6341, "bus_lcCooperative": 0.0745, "bus_lcLookaheadLeft": 11.8538, "bus_lcPushy": 0.32, "bus_lcSigma": 0.4992, "bus_lcSpeedGainRight": 3.1806, "bus_lcSublane": 0.8422, "bus_sigma": 0.1367, "bus_tau_mean": 2.8735, "bus_tau_std": 1.1351, "bus_v_mean": 21.1785, "bus_v_std": 16.6619, "car_acc": 2.7146, "car_dcc": 2.803, "car_lcAssertive": 18.4549, "car_lcCooperative": 0.8141, "car_lcLookaheadLeft": 51.0752, "car_lcPushy": 0.0772, "car_lcSigma": 0.5647, "car_lcSpeedGainRight": 4.9801, "car_lcSublane": 0.9548, "car_sigma": 0.598, "car_tau_mean": 0.5234, "car_tau_std": 5.0315, "car_v_mean": 21.5788, "car_v_std": 8.1341}, "datetime": {"datetime": "2024-08-08 13:47:55", "elapsed": 3662.91956, "delta": 4.65708}}
{"target": -0.34764740095467883, "params": {"bus_acc": 3.4001, "bus_dcc": 3.8378, "bus_lcAssertive": 25.9486, "bus_lcCooperative": 0.6287, "bus_lcLookaheadLeft": 72.913, "bus_lcPushy": 0.9558, "bus_lcSigma": 0.4066, "bus_lcSpeedGainRight": 1.1193, "bus_lcSublane": 0.4848, "bus_sigma": 0.9092, "bus_tau_mean": 0.5588, "bus_tau_std": 3.0427, "bus_v_mean": 9.0409, "bus_v_std": 0.8894, "car_acc": 3.6067, "car_dcc": 3.5312, "car_lcAssertive": 3.6136, "car_lcCooperative": 0.4635, "car_lcLookaheadLeft": 53.7114, "car_lcPushy": 0.2578, "car_lcSigma": 0.9311, "car_lcSpeedGainRight": 3.9506, "car_lcSublane": 0.6815, "car_sigma": 0.8741, "car_tau_mean": 2.1946, "car_tau_std": 9.7904, "car_v_mean": 19.6657, "car_v_std": 11.0251}, "datetime": {"datetime": "2024-08-08 13:48:03", "elapsed": 3670.883001, "delta": 7.963441}}
{"target": -0.3612788029093485, "params": {"bus_acc": 4.0646, "bus_dcc": 3.0222, "bus_lcAssertive": 73.5874, "bus_lcCooperative": 0.6592, "bus_lcLookaheadLeft": 64.9677, "bus_lcPushy": 0.7119, "bus_lcSigma": 0.8616, "bus_lcSpeedGainRight": 4.172, "bus_lcSublane": 0.5735, "bus_sigma": 0.9991, "bus_tau_mean": 0.5023, "bus_tau_std": 6.8631, "bus_v_mean": 20.0812, "bus_v_std": 19.1236, "car_acc": 2.4379, "car_dcc": 2.7114, "car_lcAssertive": 24.3344, "car_lcCooperative": 0.4383, "car_lcLookaheadLeft": 11.4384, "car_lcPushy": 0.455, "car_lcSigma": 0.4551, "car_lcSpeedGainRight": 4.4537, "car_lcSublane": 0.7247, "car_sigma": 0.8909, "car_tau_mean": 2.463, "car_tau_std": 6.2953, "car_v_mean": 23.1324, "car_v_std": 7.3622}, "datetime": {"datetime": "2024-08-08 13:48:06", "elapsed": 3673.730432, "delta": 2.847431}}
{"target": -0.3576952330963416, "params": {"bus_acc": 1.9232, "bus_dcc": 3.9022, "bus_lcAssertive": 93.9313, "bus_lcCooperative": 0.9481, "bus_lcLookaheadLeft": 77.3468, "bus_lcPushy": 0.1314, "bus_lcSigma": 0.1871, "bus_lcSpeedGainRight": 3.3475, "bus_lcSublane": 0.9704, "bus_sigma": 0.0821, "bus_tau_mean": 1.348, "bus_tau_std": 9.6289, "bus_v_mean": 15.6625, "bus_v_std": 15.314, "car_acc": 2.6347, "car_dcc": 2.4079, "car_lcAssertive": 27.302, "car_lcCooperative": 0.0865, "car_lcLookaheadLeft": 82.7447, "car_lcPushy": 0.3885, "car_lcSigma": 0.2293, "car_lcSpeedGainRight": 2.7185, "car_lcSublane": 0.8797, "car_sigma": 0.0972, "car_tau_mean": 2.0686, "car_tau_std": 6.5391, "car_v_mean": 23.254, "car_v_std": 15.0905}, "datetime": {"datetime": "2024-08-08 13:48:08", "elapsed": 3676.068619, "delta": 2.338187}}
