{"target": -0.458720229851068, "params": {"bus_acc": 2.221254125793227, "bus_dcc": 1.03756851065942, "bus_lcAssertive": 27.5580200844577, "bus_lcCooperative": 0.7967454755900841, "bus_lcLookaheadLeft": 93.13932271842313, "bus_lcPushy": 0.6253311549032551, "bus_lcSigma": 0.13280748458041103, "bus_lcSpeedGainRight": 3.7878517962371063, "bus_lcSublane": 0.526905346047344, "bus_sigma": 0.753869071621213, "bus_tau_mean": 3.505140960745044, "bus_tau_std": 9.475415511018243, "bus_v_mean": 18.472600553965304, "bus_v_std": 17.08516419685293, "car_acc": 3.970352230786187, "car_dcc": 3.1813035652110306, "car_lcAssertive": 86.0202848704295, "car_lcCooperative": 0.9230030407536653, "car_lcLookaheadLeft": 90.40344814943477, "car_lcPushy": 0.39575026156518067, "car_lcSigma": 0.0840212797987252, "car_lcSpeedGainRight": 4.147868592290745, "car_lcSublane": 0.5389315533076343, "car_sigma": 0.542076154739123, "car_tau_mean": 3.3881136569824686, "car_tau_std": 0.31984184375773883, "car_v_mean": 22.047366699602506, "car_v_std": 0.6926800267544064}, "datetime": {"datetime": "2024-08-08 11:59:49", "elapsed": 0.0, "delta": 0.0}}
{"target": -0.3889861289098039, "params": {"bus_acc": 1.5822329246335882, "bus_dcc": 1.4731902096115999, "bus_lcAssertive": 19.575535617340964, "bus_lcCooperative": 0.6224959022999211, "bus_lcLookaheadLeft": 90.76933060881358, "bus_lcPushy": 0.9899551783590737, "bus_lcSigma": 0.7111224587658159, "bus_lcSpeedGainRight": 3.6590020457114765, "bus_lcSublane": 0.9092932045442544, "bus_sigma": 0.4008737323711209, "bus_tau_mean": 1.3744773807876287, "bus_tau_std": 1.7343017078712286, "bus_v_mean": 9.911312805339664, "bus_v_std": 16.252211760656575, "car_acc": 1.5871694936689726, "car_dcc": 1.792892448180702, "car_lcAssertive": 82.08982868471955, "car_lcCooperative": 0.31058725179421, "car_lcLookaheadLeft": 98.2769100307084, "car_lcPushy": 0.2666387021516352, "car_lcSigma": 0.5336533449712114, "car_lcSpeedGainRight": 1.5723350559292482, "car_lcSublane": 0.9107728311738374, "car_sigma": 0.36655664385123443, "car_tau_mean": 2.017573145456076, "car_tau_std": 5.122926922783614, "car_v_mean": 23.02218363791541, "car_v_std": 0.6189801254230143}, "datetime": {"datetime": "2024-08-08 11:59:51", "elapsed": 1.243054, "delta": 1.243054}}
{"target": -0.42677038401839157, "params": {"bus_acc": 3.428376647889842, "bus_dcc": 2.240759245003484, "bus_lcAssertive": 81.8187996708942, "bus_lcCooperative": 0.18513039826903066, "bus_lcLookaheadLeft": 70.78389991611843, "bus_lcPushy": 0.24035562484913886, "bus_lcSigma": 0.5742190888408597, "bus_lcSpeedGainRight": 1.7449379861039445, "bus_lcSublane": 0.05696439948283272, "bus_sigma": 0.22881367096037586, "bus_tau_mean": 2.8243589437417773, "bus_tau_std": 4.972500933605312, "bus_v_mean": 16.30425574517886, "bus_v_std": 3.49440300217845, "car_acc": 3.2828634061850255, "car_dcc": 3.99026027562463, "car_lcAssertive": 81.86667577037056, "car_lcCooperative": 0.5943726238309778, "car_lcLookaheadLeft": 97.64692869642869, "car_lcPushy": 0.9015625846693213, "car_lcSigma": 0.5956079336026455, "car_lcSpeedGainRight": 0.16213162657228553, "car_lcSublane": 0.09357709581748075, "car_sigma": 0.06537171504222639, "car_tau_mean": 2.0810660204201636, "car_tau_std": 3.7543483316785773, "car_v_mean": 23.605600548324585, "car_v_std": 3.3596658639922983}, "datetime": {"datetime": "2024-08-08 12:00:08", "elapsed": 18.448021, "delta": 17.204967}}
{"target": -0.4568073517109954, "params": {"bus_acc": 2.382716853184102, "bus_dcc": 2.786875294404849, "bus_lcAssertive": 60.29954360836855, "bus_lcCooperative": 0.6157042872039488, "bus_lcLookaheadLeft": 7.799366304200794, "bus_lcPushy": 0.7503171845746859, "bus_lcSigma": 0.9482094981876252, "bus_lcSpeedGainRight": 2.6733952858979437, "bus_lcSublane": 0.1925560209550684, "bus_sigma": 0.7529259149799422, "bus_tau_mean": 0.5256163926475232, "bus_tau_std": 3.2825610365078086, "bus_v_mean": 22.68170156231029, "bus_v_std": 11.767346657877535, "car_acc": 4.420761135616541, "car_dcc": 2.814016157047563, "car_lcAssertive": 82.43523709986323, "car_lcCooperative": 0.8794835234293169, "car_lcLookaheadLeft": 33.45666470339641, "car_lcPushy": 0.12295477155217849, "car_lcSigma": 0.7213033441865708, "car_lcSpeedGainRight": 2.201735434156191, "car_lcSublane": 0.1267357091420086, "car_sigma": 0.5898236481098892, "car_tau_mean": 0.6262391009945097, "car_tau_std": 2.0018211641098693, "car_v_mean": 20.612819034687504, "car_v_std": 0.24193520030715732}, "datetime": {"datetime": "2024-08-08 12:00:22", "elapsed": 32.407784, "delta": 13.959763}}
{"target": -0.4693056709413813, "params": {"bus_acc": 3.452449341468049, "bus_dcc": 3.807208799824599, "bus_lcAssertive": 60.09196396965134, "bus_lcCooperative": 0.9795901743594252, "bus_lcLookaheadLeft": 45.218648800069374, "bus_lcPushy": 0.7396119625075467, "bus_lcSigma": 0.03760387864960013, "bus_lcSpeedGainRight": 3.8236331950024303, "bus_lcSublane": 0.5182815803268124, "bus_sigma": 0.0053165329611032375, "bus_tau_mean": 1.4702003667390948, "bus_tau_std": 5.348322325198115, "bus_v_mean": 20.287406052500984, "bus_v_std": 1.0618519090505019, "car_acc": 3.1962137754020787, "car_dcc": 3.402983667395068, "car_lcAssertive": 65.3087224329694, "car_lcCooperative": 0.9314470149929107, "car_lcLookaheadLeft": 9.323681611446592, "car_lcPushy": 0.2768064626005866, "car_lcSigma": 0.9192375042561725, "car_lcSpeedGainRight": 3.8250257414907147, "car_lcSublane": 0.5997403444720987, "car_sigma": 0.8329681438370704, "car_tau_mean": 3.636152220512507, "car_tau_std": 9.727203528528248, "car_v_mean": 23.976328113436892, "car_v_std": 2.7929866736820697}, "datetime": {"datetime": "2024-08-08 12:00:38", "elapsed": 48.29313, "delta": 15.885346}}
{"target": -0.41404361642091037, "params": {"bus_acc": 1.4374706220274147, "bus_dcc": 1.5206279405275045, "bus_lcAssertive": 58.11907672232824, "bus_lcCooperative": 0.25165697350014493, "bus_lcLookaheadLeft": 31.416839657132748, "bus_lcPushy": 0.17098734894301837, "bus_lcSigma": 0.18959171907276484, "bus_lcSpeedGainRight": 2.317105771952257, "bus_lcSublane": 0.5098739726284359, "bus_sigma": 0.5115798896647326, "bus_tau_mean": 3.989985797784223, "bus_tau_std": 1.295958172701398, "bus_v_mean": 20.098718214203764, "bus_v_std": 15.875134944497852, "car_acc": 3.3395303950820825, "car_dcc": 2.388214540807976, "car_lcAssertive": 89.44923709767765, "car_lcCooperative": 0.8281802190731247, "car_lcLookaheadLeft": 6.928511730812964, "car_lcPushy": 0.962983753087854, "car_lcSigma": 0.007339891753643801, "car_lcSpeedGainRight": 2.8656610234197095, "car_lcSublane": 0.5724308169270726, "car_sigma": 0.8343796647905168, "car_tau_mean": 1.8465062377388146, "car_tau_std": 0.9104086904598219, "car_v_mean": 17.306996309902797, "car_v_std": 0.4969172072746253}, "datetime": {"datetime": "2024-08-08 12:00:39", "elapsed": 49.789265, "delta": 1.496135}}
{"target": -0.3740411712299374, "params": {"bus_acc": 3.2964704219680523, "bus_dcc": 1.4401857247174306, "bus_lcAssertive": 59.34124815342514, "bus_lcCooperative": 0.6997583600209312, "bus_lcLookaheadLeft": 12.028774025126932, "bus_lcPushy": 0.4140559878195683, "bus_lcSigma": 0.6944001577277451, "bus_lcSpeedGainRight": 2.0708963476345135, "bus_lcSublane": 0.04995345894608716, "bus_sigma": 0.5358964059155116, "bus_tau_mean": 2.823281258269261, "bus_tau_std": 5.148891120583086, "bus_v_mean": 23.113516095853015, "bus_v_std": 11.731100810039859, "car_acc": 4.6136076611515335, "car_dcc": 1.4124241124387127, "car_lcAssertive": 14.788358377825096, "car_lcCooperative": 0.8073912887095238, "car_lcLookaheadLeft": 40.97233002458229, "car_lcPushy": 0.16535419711693278, "car_lcSigma": 0.9275085803960339, "car_lcSpeedGainRight": 1.738829298727533, "car_lcSublane": 0.7508121031361555, "car_sigma": 0.7259979853504515, "car_tau_mean": 3.5915713192203342, "car_tau_std": 6.236722070556089, "car_v_mean": 20.015078944437395, "car_v_std": 6.977966839556851}, "datetime": {"datetime": "2024-08-08 12:00:41", "elapsed": 51.319007, "delta": 1.529742}}
{"target": -0.3228104151484507, "params": {"bus_acc": 1.8766152230290323, "bus_dcc": 2.2864020787422663, "bus_lcAssertive": 85.08773897233483, "bus_lcCooperative": 0.45037964247172024, "bus_lcLookaheadLeft": 93.67117117269206, "bus_lcPushy": 0.352679327251738, "bus_lcSigma": 0.6193921656967597, "bus_lcSpeedGainRight": 4.903495181778901, "bus_lcSublane": 0.6434625222408049, "bus_sigma": 0.04549821604060378, "bus_tau_mean": 2.1224498183309914, "bus_tau_std": 3.3475134371366377, "bus_v_mean": 16.514904776346796, "bus_v_std": 5.694924172262628, "car_acc": 1.4890449209200112, "car_dcc": 3.0048669662524055, "car_lcAssertive": 68.45461573423933, "car_lcCooperative": 0.8671392999990885, "car_lcLookaheadLeft": 14.973386369148269, "car_lcPushy": 0.798620308278031, "car_lcSigma": 0.826768738405129, "car_lcSpeedGainRight": 3.2327496787557597, "car_lcSublane": 0.20492214578063384, "car_sigma": 0.2614207144058379, "car_tau_mean": 1.9647388613871148, "car_tau_std": 5.417990727827313, "car_v_mean": 15.639007289475472, "car_v_std": 9.349197840907388}, "datetime": {"datetime": "2024-08-08 12:00:47", "elapsed": 57.737041, "delta": 6.418034}}
{"target": -0.38545564110851505, "params": {"bus_acc": 1.553418759171786, "bus_dcc": 1.8704333893136251, "bus_lcAssertive": 61.77323788438401, "bus_lcCooperative": 0.3241385298974466, "bus_lcLookaheadLeft": 46.82129780571785, "bus_lcPushy": 0.44411710701661444, "bus_lcSigma": 0.8281353607315121, "bus_lcSpeedGainRight": 2.1317407711811533, "bus_lcSublane": 0.3456988211755023, "bus_sigma": 0.6749716048091052, "bus_tau_mean": 1.2751871950673506, "bus_tau_std": 4.672458239265538, "bus_v_mean": 13.036250997184263, "bus_v_std": 12.537112043256693, "car_acc": 4.509441898779251, "car_dcc": 2.3430670004368856, "car_lcAssertive": 78.66128446040038, "car_lcCooperative": 0.4569657005615504, "car_lcLookaheadLeft": 66.31047450827887, "car_lcPushy": 0.13184097502750214, "car_lcSigma": 0.43298150696764814, "car_lcSpeedGainRight": 4.5465599432746835, "car_lcSublane": 0.6054790010309347, "car_sigma": 0.7667745872371021, "car_tau_mean": 2.2664521283356303, "car_tau_std": 4.980556248280075, "car_v_mean": 21.4863974430856, "car_v_std": 1.356138686819075}, "datetime": {"datetime": "2024-08-08 12:01:18", "elapsed": 88.946289, "delta": 31.209248}}
{"target": -0.3500666628695338, "params": {"bus_acc": 1.091660525289527, "bus_dcc": 2.5572469666359683, "bus_lcAssertive": 81.18888235557921, "bus_lcCooperative": 0.012603767029876312, "bus_lcLookaheadLeft": 67.90204477606592, "bus_lcPushy": 0.6868082266569918, "bus_lcSigma": 0.44924675358663757, "bus_lcSpeedGainRight": 4.573943433709672, "bus_lcSublane": 0.6443610847569929, "bus_sigma": 0.005239837651465851, "bus_tau_mean": 2.1954995593003144, "bus_tau_std": 8.593178060976, "bus_v_mean": 21.28639312059743, "bus_v_std": 12.983083942249557, "car_acc": 3.6947936955945266, "car_dcc": 2.7354987393676016, "car_lcAssertive": 28.137857741518363, "car_lcCooperative": 0.5605299905360588, "car_lcLookaheadLeft": 67.82951891210719, "car_lcPushy": 0.35242963021640883, "car_lcSigma": 0.8558283672539277, "car_lcSpeedGainRight": 0.9751874300435365, "car_lcSublane": 0.7473208103319232, "car_sigma": 0.2896027461868774, "car_tau_mean": 3.208297505354637, "car_tau_std": 4.277373293360762, "car_v_mean": 20.92317454579535, "car_v_std": 7.070697253359808}, "datetime": {"datetime": "2024-08-08 12:01:19", "elapsed": 89.716169, "delta": 0.76988}}
{"target": -0.31120991517431285, "params": {"bus_acc": 1.4675669083935698, "bus_dcc": 1.0614437461552058, "bus_lcAssertive": 34.153994148848334, "bus_lcCooperative": 0.9928761567590365, "bus_lcLookaheadLeft": 32.657511301746126, "bus_lcPushy": 0.7375077987941283, "bus_lcSigma": 0.7165293765913929, "bus_lcSpeedGainRight": 2.8627879884764065, "bus_lcSublane": 0.367646057669637, "bus_sigma": 0.2082656940300881, "bus_tau_mean": 3.929997257552725, "bus_tau_std": 0.6589377000512553, "bus_v_mean": 11.7796440309936, "bus_v_std": 6.177989410202334, "car_acc": 4.638013413929221, "car_dcc": 3.140107789057295, "car_lcAssertive": 27.271813173563256, "car_lcCooperative": 0.16450130293866305, "car_lcLookaheadLeft": 88.28874652560006, "car_lcPushy": 0.7937831324318396, "car_lcSigma": 0.038387431976404374, "car_lcSpeedGainRight": 4.3965042179829235, "car_lcSublane": 0.5879397452104611, "car_sigma": 0.4575371969863721, "car_tau_mean": 2.8584815690913965, "car_tau_std": 0.3944279853538757, "car_v_mean": 13.285139255514585, "car_v_std": 1.7609683561870404}, "datetime": {"datetime": "2024-08-08 12:01:23", "elapsed": 93.862085, "delta": 4.145916}}
{"target": -0.3359963207283293, "params": {"bus_acc": 1.023523925778513, "bus_dcc": 3.2048260560518846, "bus_lcAssertive": 44.90688034848957, "bus_lcCooperative": 0.6978416560498484, "bus_lcLookaheadLeft": 20.134248264423647, "bus_lcPushy": 0.06261980198391548, "bus_lcSigma": 0.3781085867830213, "bus_lcSpeedGainRight": 3.47998255222747, "bus_lcSublane": 0.10281836745431583, "bus_sigma": 0.19583423367499242, "bus_tau_mean": 2.0888342764228196, "bus_tau_std": 6.211491896936461, "bus_v_mean": 20.00198796910376, "bus_v_std": 2.194700425713132, "car_acc": 3.4984944286225645, "car_dcc": 2.1620815664334425, "car_lcAssertive": 67.3389465060329, "car_lcCooperative": 0.2035603776619016, "car_lcLookaheadLeft": 53.73604215801165, "car_lcPushy": 0.1721625549559327, "car_lcSigma": 0.018681005996375344, "car_lcSpeedGainRight": 2.4347512321197855, "car_lcSublane": 0.18417777656089307, "car_sigma": 0.6383433300033875, "car_tau_mean": 2.3780118676915154, "car_tau_std": 7.7494537999774575, "car_v_mean": 14.287358442147251, "car_v_std": 19.78904261672506}, "datetime": {"datetime": "2024-08-08 12:01:24", "elapsed": 94.872951, "delta": 1.010866}}
{"target": -0.3717359401115755, "params": {"bus_acc": 3.370047475063187, "bus_dcc": 1.936809513105751, "bus_lcAssertive": 91.71424979336672, "bus_lcCooperative": 0.9096355249515571, "bus_lcLookaheadLeft": 27.19759279065523, "bus_lcPushy": 0.1108913007440292, "bus_lcSigma": 0.19296273201911285, "bus_lcSpeedGainRight": 2.4979208533944304, "bus_lcSublane": 0.7285856679745962, "bus_sigma": 0.20819443840879148, "bus_tau_mean": 1.3681174543203076, "bus_tau_std": 8.516718749363669, "bus_v_mean": 14.653579492280437, "bus_v_std": 12.333701343104725, "car_acc": 1.9346645569570002, "car_dcc": 1.3059017782773923, "car_lcAssertive": 52.069844679884454, "car_lcCooperative": 0.47714098704978236, "car_lcLookaheadLeft": 16.96182112113, "car_lcPushy": 0.6218062317404155, "car_lcSigma": 0.5440101188139381, "car_lcSpeedGainRight": 3.2706867348537214, "car_lcSublane": 0.1445455401246598, "car_sigma": 0.7515278171352439, "car_tau_mean": 1.2771719892997293, "car_tau_std": 5.19351824366033, "car_v_mean": 20.564736451545905, "car_v_std": 0.4466085598361236}, "datetime": {"datetime": "2024-08-08 12:01:25", "elapsed": 95.266329, "delta": 0.393378}}
{"target": -0.3807395010475487, "params": {"bus_acc": 4.891150367730621, "bus_dcc": 3.3024246065890392, "bus_lcAssertive": 82.59954612282529, "bus_lcCooperative": 0.6326158167779973, "bus_lcLookaheadLeft": 67.53581148025974, "bus_lcPushy": 0.47688233352119336, "bus_lcSigma": 0.013136356923072245, "bus_lcSpeedGainRight": 1.765030427709124, "bus_lcSublane": 0.49207180149355845, "bus_sigma": 0.7300912110901043, "bus_tau_mean": 2.1401991996113825, "bus_tau_std": 4.574049160894317, "bus_v_mean": 10.20260385512965, "bus_v_std": 0.2177746760695798, "car_acc": 4.033113041907985, "car_dcc": 1.9598585142330351, "car_lcAssertive": 98.45396156915756, "car_lcCooperative": 0.220234226159156, "car_lcLookaheadLeft": 35.19338649720461, "car_lcPushy": 0.5238961356661317, "car_lcSigma": 0.7548914570605327, "car_lcSpeedGainRight": 2.3192889195014783, "car_lcSublane": 0.12482254311167629, "car_sigma": 0.3125013784920495, "car_tau_mean": 2.265817093953481, "car_tau_std": 6.738490080168677, "car_v_mean": 20.322399300993474, "car_v_std": 2.6067156190870855}, "datetime": {"datetime": "2024-08-08 12:01:25", "elapsed": 95.600141, "delta": 0.333812}}
{"target": -0.3818454070351402, "params": {"bus_acc": 2.9764650635853003, "bus_dcc": 1.3964834258288144, "bus_lcAssertive": 21.43895183005387, "bus_lcCooperative": 0.07618880903232117, "bus_lcLookaheadLeft": 51.77632659463817, "bus_lcPushy": 0.2615495518329871, "bus_lcSigma": 0.3570616088827919, "bus_lcSpeedGainRight": 0.5403266434861842, "bus_lcSublane": 0.7875518396525072, "bus_sigma": 0.1065838767888011, "bus_tau_mean": 3.949980882996157, "bus_tau_std": 1.7716116443841734, "bus_v_mean": 17.15848179895439, "bus_v_std": 0.8969066917817625, "car_acc": 4.1484651586233365, "car_dcc": 1.5688178434548896, "car_lcAssertive": 53.26249386240454, "car_lcCooperative": 0.7400775431590716, "car_lcLookaheadLeft": 16.693285521891084, "car_lcPushy": 0.5510871741869717, "car_lcSigma": 0.2166172083287794, "car_lcSpeedGainRight": 3.7959802465857235, "car_lcSublane": 0.7229151935562137, "car_sigma": 0.17654903427708302, "car_tau_mean": 3.516882951834757, "car_tau_std": 0.19775099516344263, "car_v_mean": 21.763791958769843, "car_v_std": 11.178076223218767}, "datetime": {"datetime": "2024-08-08 12:01:28", "elapsed": 98.529071, "delta": 2.92893}}
{"target": -0.3677272538091928, "params": {"bus_acc": 3.4253178466133214, "bus_dcc": 2.706554311259444, "bus_lcAssertive": 32.41887852289392, "bus_lcCooperative": 0.9886161544124489, "bus_lcLookaheadLeft": 58.815031486088095, "bus_lcPushy": 0.3801411726235504, "bus_lcSigma": 0.5509482191178968, "bus_lcSpeedGainRight": 3.7266721545325106, "bus_lcSublane": 0.6692328934531846, "bus_sigma": 0.2649195576628094, "bus_tau_mean": 0.7321719204995455, "bus_tau_std": 3.700841979141063, "bus_v_mean": 18.075480112345033, "bus_v_std": 4.203480198296791, "car_acc": 4.011022214955256, "car_dcc": 1.1996094440623448, "car_lcAssertive": 26.771194759275556, "car_lcCooperative": 0.8047545637433454, "car_lcLookaheadLeft": 20.956559697086117, "car_lcPushy": 0.6394608808799401, "car_lcSigma": 0.5246703091237337, "car_lcSpeedGainRight": 4.624039851996754, "car_lcSublane": 0.263296770487111, "car_sigma": 0.06596109068402378, "car_tau_mean": 3.072730871510343, "car_tau_std": 7.721780295432468, "car_v_mean": 22.525053640056385, "car_v_std": 18.639441383936745}, "datetime": {"datetime": "2024-08-08 12:01:35", "elapsed": 105.073914, "delta": 6.544843}}
{"target": -0.37104009191064097, "params": {"bus_acc": 2.036872502602948, "bus_dcc": 1.9804920545991254, "bus_lcAssertive": 25.696758463437387, "bus_lcCooperative": 0.21926791032506077, "bus_lcLookaheadLeft": 80.3667620774342, "bus_lcPushy": 0.5023950058982584, "bus_lcSigma": 0.08318988869699773, "bus_lcSpeedGainRight": 3.8849209601369017, "bus_lcSublane": 0.5336490760837309, "bus_sigma": 0.739387787346382, "bus_tau_mean": 2.303877926000925, "bus_tau_std": 3.9994592398513173, "bus_v_mean": 23.77994851898072, "bus_v_std": 0.5648524032582536, "car_acc": 4.731055631859434, "car_dcc": 3.792564903279904, "car_lcAssertive": 39.70095243864435, "car_lcCooperative": 0.2144648711333198, "car_lcLookaheadLeft": 62.68290319745742, "car_lcPushy": 0.17797233547016944, "car_lcSigma": 0.8032081943280084, "car_lcSpeedGainRight": 1.2696692793886761, "car_lcSublane": 0.2908061550326779, "car_sigma": 0.915915790009957, "car_tau_mean": 3.6602089171604315, "car_tau_std": 5.3538089173052175, "car_v_mean": 21.80542368925785, "car_v_std": 7.050651376101236}, "datetime": {"datetime": "2024-08-08 12:01:36", "elapsed": 106.437223, "delta": 1.363309}}
{"target": -0.348977457066166, "params": {"bus_acc": 3.828750439136729, "bus_dcc": 2.7727017984712203, "bus_lcAssertive": 81.92084476931544, "bus_lcCooperative": 0.907644646099839, "bus_lcLookaheadLeft": 2.245740847456469, "bus_lcPushy": 0.39722776623376177, "bus_lcSigma": 0.5614096837184815, "bus_lcSpeedGainRight": 3.669615681424383, "bus_lcSublane": 0.08747276218504352, "bus_sigma": 0.3997549876808645, "bus_tau_mean": 1.478674128074471, "bus_tau_std": 4.235100531051829, "bus_v_mean": 15.967658122772614, "bus_v_std": 13.20030447052102, "car_acc": 2.9849445558811167, "car_dcc": 2.8614046018155714, "car_lcAssertive": 58.66154632703304, "car_lcCooperative": 0.42833239803885637, "car_lcLookaheadLeft": 2.487683741704008, "car_lcPushy": 0.19451641385960183, "car_lcSigma": 0.3202066542862888, "car_lcSpeedGainRight": 0.7348906292746565, "car_lcSublane": 0.5986638816064357, "car_sigma": 0.6114994766596024, "car_tau_mean": 2.2503264085892534, "car_tau_std": 3.2084890160086452, "car_v_mean": 18.45212883239127, "car_v_std": 3.8056696535808743}, "datetime": {"datetime": "2024-08-08 12:01:38", "elapsed": 108.067375, "delta": 1.630152}}
{"target": -0.36868197242140566, "params": {"bus_acc": 4.12935225344904, "bus_dcc": 2.634651120028584, "bus_lcAssertive": 23.500460760100726, "bus_lcCooperative": 0.22420283925593631, "bus_lcLookaheadLeft": 27.51902335654698, "bus_lcPushy": 0.308872752316256, "bus_lcSigma": 0.38770513178140986, "bus_lcSpeedGainRight": 1.487744661886186, "bus_lcSublane": 0.6795558945331504, "bus_sigma": 0.03507361930507891, "bus_tau_mean": 1.6483861022597883, "bus_tau_std": 7.452918728580155, "bus_v_mean": 23.084927761204554, "bus_v_std": 16.054651003151022, "car_acc": 1.963304838286216, "car_dcc": 1.698746405151495, "car_lcAssertive": 19.843342677001722, "car_lcCooperative": 0.8824975348586093, "car_lcLookaheadLeft": 25.309857349639547, "car_lcPushy": 0.7581806234131274, "car_lcSigma": 0.26104973140468657, "car_lcSpeedGainRight": 0.16540921703757816, "car_lcSublane": 0.7334477000687659, "car_sigma": 0.7262018097952009, "car_tau_mean": 0.8113568883636871, "car_tau_std": 3.267012579296016, "car_v_mean": 23.17384464302436, "car_v_std": 3.2589799716436896}, "datetime": {"datetime": "2024-08-08 12:01:44", "elapsed": 115.016142, "delta": 6.948767}}
