{"target": -0.37789287375657465, "params": {"bus_acc": 1.0, "bus_dcc": 1.0, "bus_lcAssertive": 32.6028, "bus_lcCooperative": 0.9807, "bus_lcLookaheadLeft": 32.7791, "bus_lcPushy": 0.9212, "bus_lcSigma": 0.75, "bus_lcSpeedGainRight": 2.114, "bus_lcSublane": 0.3624, "bus_sigma": 0.2598, "bus_tau_mean": 2.7879, "bus_tau_std": 1.4726, "bus_v_mean": 10.8071, "bus_v_std": 12.1217, "car_acc": 3.0, "car_dcc": 2.8391, "car_lcAssertive": 33.935, "car_lcCooperative": 0.0513, "car_lcLookaheadLeft": 71.0848, "car_lcPushy": 0.9744, "car_lcSigma": 0.2094, "car_lcSpeedGainRight": 4.1981, "car_lcSublane": 0.3765, "car_sigma": 0.6071, "car_tau_mean": 2.1575, "car_tau_std": 3.7545, "car_v_mean": 10.8203, "car_v_std": 8.5286}, "datetime": {"datetime": "2024-08-08 00:25:53", "elapsed": 1372.535054, "delta": 3.678073}}
{"target": -0.3437754417292624, "params": {"bus_acc": 1.0441, "bus_dcc": 2.182, "bus_lcAssertive": 17.846, "bus_lcCooperative": 0.7439, "bus_lcLookaheadLeft": 5.3237, "bus_lcPushy": 0.592, "bus_lcSigma": 0.6782, "bus_lcSpeedGainRight": 4.5782, "bus_lcSublane": 0.04, "bus_sigma": 0.6601, "bus_tau_mean": 2.162, "bus_tau_std": 6.1082, "bus_v_mean": 18.0227, "bus_v_std": 1.9511, "car_acc": 2.4332, "car_dcc": 3.6583, "car_lcAssertive": 71.8343, "car_lcCooperative": 0.8066, "car_lcLookaheadLeft": 6.1901, "car_lcPushy": 0.3311, "car_lcSigma": 0.7421, "car_lcSpeedGainRight": 2.522, "car_lcSublane": 0.7223, "car_sigma": 0.5696, "car_tau_mean": 1.9033, "car_tau_std": 3.4641, "car_v_mean": 12.5555, "car_v_std": 10.3461}, "datetime": {"datetime": "2024-08-08 00:25:54", "elapsed": 1374.031451, "delta": 1.496397}}
{"target": -0.34332940272724555, "params": {"bus_acc": 1.0, "bus_dcc": 1.0, "bus_lcAssertive": 33.4218, "bus_lcCooperative": 1.0, "bus_lcLookaheadLeft": 31.5022, "bus_lcPushy": 0.9424, "bus_lcSigma": 0.7612, "bus_lcSpeedGainRight": 2.2281, "bus_lcSublane": 0.3466, "bus_sigma": 0.2157, "bus_tau_mean": 2.7662, "bus_tau_std": 1.3603, "bus_v_mean": 10.2614, "bus_v_std": 12.3986, "car_acc": 3.0, "car_dcc": 2.8917, "car_lcAssertive": 33.3415, "car_lcCooperative": 0.0212, "car_lcLookaheadLeft": 71.5199, "car_lcPushy": 1.0, "car_lcSigma": 0.1784, "car_lcSpeedGainRight": 4.3211, "car_lcSublane": 0.4126, "car_sigma": 0.6253, "car_tau_mean": 2.1194, "car_tau_std": 3.3577, "car_v_mean": 11.1266, "car_v_std": 8.0312}, "datetime": {"datetime": "2024-08-08 00:25:56", "elapsed": 1375.898831, "delta": 1.86738}}
{"target": -0.3483876754280182, "params": {"bus_acc": 1.6664, "bus_dcc": 2.546, "bus_lcAssertive": 66.2018, "bus_lcCooperative": 0.0904, "bus_lcLookaheadLeft": 40.2867, "bus_lcPushy": 0.066, "bus_lcSigma": 0.5979, "bus_lcSpeedGainRight": 0.0026, "bus_lcSublane": 0.9526, "bus_sigma": 0.9202, "bus_tau_mean": 2.3428, "bus_tau_std": 9.5492, "bus_v_mean": 10.0665, "bus_v_std": 14.6076, "car_acc": 2.5559, "car_dcc": 2.2114, "car_lcAssertive": 78.5482, "car_lcCooperative": 0.791, "car_lcLookaheadLeft": 85.3854, "car_lcPushy": 0.1043, "car_lcSigma": 0.9518, "car_lcSpeedGainRight": 1.1608, "car_lcSublane": 0.2165, "car_sigma": 0.1269, "car_tau_mean": 2.1526, "car_tau_std": 4.9784, "car_v_mean": 19.9797, "car_v_std": 11.8812}, "datetime": {"datetime": "2024-08-08 00:26:00", "elapsed": 1379.988181, "delta": 4.08935}}
{"target": -0.34777294193856884, "params": {"bus_acc": 2.9398, "bus_dcc": 2.3514, "bus_lcAssertive": 10.9236, "bus_lcCooperative": 0.9819, "bus_lcLookaheadLeft": 24.8268, "bus_lcPushy": 0.327, "bus_lcSigma": 0.7123, "bus_lcSpeedGainRight": 4.5502, "bus_lcSublane": 0.4977, "bus_sigma": 0.783, "bus_tau_mean": 2.0706, "bus_tau_std": 3.3317, "bus_v_mean": 13.9114, "bus_v_std": 2.0199, "car_acc": 2.6585, "car_dcc": 3.5184, "car_lcAssertive": 21.6456, "car_lcCooperative": 0.1647, "car_lcLookaheadLeft": 20.0091, "car_lcPushy": 0.3159, "car_lcSigma": 0.1223, "car_lcSpeedGainRight": 3.7534, "car_lcSublane": 0.7396, "car_sigma": 0.1619, "car_tau_mean": 3.0876, "car_tau_std": 2.006, "car_v_mean": 11.3866, "car_v_std": 6.3091}, "datetime": {"datetime": "2024-08-08 00:26:02", "elapsed": 1381.722661, "delta": 1.73448}}
{"target": -0.3523118153127488, "params": {"bus_acc": 2.8316, "bus_dcc": 3.6309, "bus_lcAssertive": 58.2889, "bus_lcCooperative": 0.2357, "bus_lcLookaheadLeft": 96.5216, "bus_lcPushy": 0.1722, "bus_lcSigma": 0.5995, "bus_lcSpeedGainRight": 1.6057, "bus_lcSublane": 0.4287, "bus_sigma": 0.757, "bus_tau_mean": 1.1032, "bus_tau_std": 0.8855, "bus_v_mean": 16.2632, "bus_v_std": 3.172, "car_acc": 1.4299, "car_dcc": 1.526, "car_lcAssertive": 23.4863, "car_lcCooperative": 0.8877, "car_lcLookaheadLeft": 81.5199, "car_lcPushy": 0.5302, "car_lcSigma": 0.8139, "car_lcSpeedGainRight": 4.0139, "car_lcSublane": 0.2472, "car_sigma": 0.9363, "car_tau_mean": 0.6236, "car_tau_std": 2.0837, "car_v_mean": 9.7548, "car_v_std": 6.5529}, "datetime": {"datetime": "2024-08-08 00:26:04", "elapsed": 1383.799904, "delta": 2.077243}}
{"target": -0.3548026791841582, "params": {"bus_acc": 1.6669, "bus_dcc": 2.1514, "bus_lcAssertive": 19.9194, "bus_lcCooperative": 0.831, "bus_lcLookaheadLeft": 39.0508, "bus_lcPushy": 0.9229, "bus_lcSigma": 0.4841, "bus_lcSpeedGainRight": 2.0404, "bus_lcSublane": 0.1627, "bus_sigma": 0.3813, "bus_tau_mean": 1.4727, "bus_tau_std": 3.7782, "bus_v_mean": 12.7618, "bus_v_std": 17.6408, "car_acc": 2.3563, "car_dcc": 2.0104, "car_lcAssertive": 32.0337, "car_lcCooperative": 0.3599, "car_lcLookaheadLeft": 53.7061, "car_lcPushy": 0.6844, "car_lcSigma": 0.3275, "car_lcSpeedGainRight": 1.9878, "car_lcSublane": 0.4283, "car_sigma": 0.7809, "car_tau_mean": 1.3728, "car_tau_std": 5.0413, "car_v_mean": 8.0083, "car_v_std": 13.0427}, "datetime": {"datetime": "2024-08-08 00:26:08", "elapsed": 1387.668412, "delta": 3.868508}}
{"target": -0.36078150519055807, "params": {"bus_acc": 1.2253, "bus_dcc": 1.7993, "bus_lcAssertive": 19.0538, "bus_lcCooperative": 0.7383, "bus_lcLookaheadLeft": 40.0927, "bus_lcPushy": 0.8585, "bus_lcSigma": 0.4566, "bus_lcSpeedGainRight": 1.96, "bus_lcSublane": 0.1782, "bus_sigma": 0.3308, "bus_tau_mean": 1.4601, "bus_tau_std": 4.6234, "bus_v_mean": 12.0465, "bus_v_std": 18.6466, "car_acc": 2.1963, "car_dcc": 1.6872, "car_lcAssertive": 30.2171, "car_lcCooperative": 0.3389, "car_lcLookaheadLeft": 56.3232, "car_lcPushy": 0.716, "car_lcSigma": 0.3391, "car_lcSpeedGainRight": 2.0385, "car_lcSublane": 0.384, "car_sigma": 0.8971, "car_tau_mean": 1.0105, "car_tau_std": 4.9331, "car_v_mean": 8.0, "car_v_std": 15.8657}, "datetime": {"datetime": "2024-08-08 00:26:10", "elapsed": 1389.86892, "delta": 2.200508}}
{"target": -0.3714150222308975, "params": {"bus_acc": 2.3822, "bus_dcc": 1.0809, "bus_lcAssertive": 10.9206, "bus_lcCooperative": 0.0041, "bus_lcLookaheadLeft": 48.5163, "bus_lcPushy": 0.8986, "bus_lcSigma": 0.3649, "bus_lcSpeedGainRight": 1.611, "bus_lcSublane": 0.6935, "bus_sigma": 0.6725, "bus_tau_mean": 2.096, "bus_tau_std": 3.1371, "bus_v_mean": 16.7006, "bus_v_std": 12.8111, "car_acc": 1.3175, "car_dcc": 2.3338, "car_lcAssertive": 81.3251, "car_lcCooperative": 0.2179, "car_lcLookaheadLeft": 51.8543, "car_lcPushy": 0.4378, "car_lcSigma": 0.458, "car_lcSpeedGainRight": 1.4607, "car_lcSublane": 0.3218, "car_sigma": 0.7696, "car_tau_mean": 2.9081, "car_tau_std": 5.193, "car_v_mean": 19.4781, "car_v_std": 19.5826}, "datetime": {"datetime": "2024-08-08 00:26:14", "elapsed": 1393.1578, "delta": 3.28888}}
{"target": -0.3915894744754564, "params": {"bus_acc": 1.0, "bus_dcc": 1.0, "bus_lcAssertive": 33.4671, "bus_lcCooperative": 1.0, "bus_lcLookaheadLeft": 30.708, "bus_lcPushy": 0.9806, "bus_lcSigma": 0.8218, "bus_lcSpeedGainRight": 2.3879, "bus_lcSublane": 0.4296, "bus_sigma": 0.1914, "bus_tau_mean": 2.9045, "bus_tau_std": 0.5713, "bus_v_mean": 9.4453, "bus_v_std": 12.3269, "car_acc": 3.0, "car_dcc": 3.0887, "car_lcAssertive": 32.837, "car_lcCooperative": 0.0, "car_lcLookaheadLeft": 71.5426, "car_lcPushy": 1.0, "car_lcSigma": 0.1533, "car_lcSpeedGainRight": 4.6846, "car_lcSublane": 0.4245, "car_sigma": 0.6098, "car_tau_mean": 2.2159, "car_tau_std": 3.043, "car_v_mean": 10.5081, "car_v_std": 8.3328}, "datetime": {"datetime": "2024-08-08 00:26:16", "elapsed": 1395.223978, "delta": 2.066178}}
{"target": -0.3456464210601682, "params": {"bus_acc": 2.9645, "bus_dcc": 3.467, "bus_lcAssertive": 19.4857, "bus_lcCooperative": 0.3373, "bus_lcLookaheadLeft": 73.7799, "bus_lcPushy": 0.7971, "bus_lcSigma": 0.7086, "bus_lcSpeedGainRight": 4.1087, "bus_lcSublane": 0.2014, "bus_sigma": 0.8735, "bus_tau_mean": 2.0767, "bus_tau_std": 9.0453, "bus_v_mean": 15.3709, "bus_v_std": 9.2798, "car_acc": 2.8259, "car_dcc": 3.4879, "car_lcAssertive": 14.4502, "car_lcCooperative": 0.6246, "car_lcLookaheadLeft": 68.1432, "car_lcPushy": 0.4159, "car_lcSigma": 0.5082, "car_lcSpeedGainRight": 4.6726, "car_lcSublane": 0.1107, "car_sigma": 0.497, "car_tau_mean": 1.9255, "car_tau_std": 8.1106, "car_v_mean": 12.4455, "car_v_std": 7.8708}, "datetime": {"datetime": "2024-08-08 00:26:19", "elapsed": 1398.839892, "delta": 3.615914}}
{"target": -0.3468050964565766, "params": {"bus_acc": 1.6564, "bus_dcc": 1.9682, "bus_lcAssertive": 11.225, "bus_lcCooperative": 0.8645, "bus_lcLookaheadLeft": 10.7703, "bus_lcPushy": 0.7256, "bus_lcSigma": 0.0828, "bus_lcSpeedGainRight": 3.9612, "bus_lcSublane": 0.2946, "bus_sigma": 0.355, "bus_tau_mean": 2.3396, "bus_tau_std": 9.1612, "bus_v_mean": 16.5227, "bus_v_std": 19.8754, "car_acc": 2.4721, "car_dcc": 3.3967, "car_lcAssertive": 52.8777, "car_lcCooperative": 0.1133, "car_lcLookaheadLeft": 80.0419, "car_lcPushy": 0.5811, "car_lcSigma": 0.2677, "car_lcSpeedGainRight": 1.0376, "car_lcSublane": 0.1107, "car_sigma": 0.9397, "car_tau_mean": 2.6715, "car_tau_std": 4.583, "car_v_mean": 19.2879, "car_v_std": 8.9825}, "datetime": {"datetime": "2024-08-08 00:26:22", "elapsed": 1401.517785, "delta": 2.677893}}
{"target": -0.32532964057249925, "params": {"bus_acc": 2.4012, "bus_dcc": 1.6951, "bus_lcAssertive": 44.1194, "bus_lcCooperative": 0.2489, "bus_lcLookaheadLeft": 21.09, "bus_lcPushy": 0.622, "bus_lcSigma": 0.7218, "bus_lcSpeedGainRight": 2.3201, "bus_lcSublane": 0.8124, "bus_sigma": 0.9265, "bus_tau_mean": 1.8832, "bus_tau_std": 5.4178, "bus_v_mean": 16.8156, "bus_v_std": 14.572, "car_acc": 2.3502, "car_dcc": 1.2909, "car_lcAssertive": 60.5607, "car_lcCooperative": 0.1147, "car_lcLookaheadLeft": 54.1205, "car_lcPushy": 0.4809, "car_lcSigma": 0.275, "car_lcSpeedGainRight": 2.5749, "car_lcSublane": 0.7724, "car_sigma": 0.329, "car_tau_mean": 1.7939, "car_tau_std": 9.962, "car_v_mean": 9.1159, "car_v_std": 19.6103}, "datetime": {"datetime": "2024-08-08 00:26:26", "elapsed": 1405.348977, "delta": 3.831192}}
{"target": -0.38670787054402467, "params": {"bus_acc": 2.4204, "bus_dcc": 3.7016, "bus_lcAssertive": 88.8024, "bus_lcCooperative": 0.7906, "bus_lcLookaheadLeft": 89.5965, "bus_lcPushy": 0.3164, "bus_lcSigma": 0.9557, "bus_lcSpeedGainRight": 4.3793, "bus_lcSublane": 0.1104, "bus_sigma": 0.4244, "bus_tau_mean": 3.597, "bus_tau_std": 2.8622, "bus_v_mean": 11.4959, "bus_v_std": 1.9931, "car_acc": 2.2816, "car_dcc": 3.7257, "car_lcAssertive": 22.1946, "car_lcCooperative": 0.8141, "car_lcLookaheadLeft": 74.534, "car_lcPushy": 0.5349, "car_lcSigma": 0.4621, "car_lcSpeedGainRight": 1.9945, "car_lcSublane": 0.186, "car_sigma": 0.6256, "car_tau_mean": 1.2281, "car_tau_std": 6.7543, "car_v_mean": 17.0441, "car_v_std": 9.5221}, "datetime": {"datetime": "2024-08-08 00:26:29", "elapsed": 1408.714162, "delta": 3.365185}}
{"target": -0.35374797109290096, "params": {"bus_acc": 1.9996, "bus_dcc": 3.1655, "bus_lcAssertive": 75.9133, "bus_lcCooperative": 0.7694, "bus_lcLookaheadLeft": 94.013, "bus_lcPushy": 0.83, "bus_lcSigma": 0.4453, "bus_lcSpeedGainRight": 0.947, "bus_lcSublane": 0.833, "bus_sigma": 0.3373, "bus_tau_mean": 1.712, "bus_tau_std": 3.3582, "bus_v_mean": 22.5584, "bus_v_std": 14.2499, "car_acc": 2.4676, "car_dcc": 2.9564, "car_lcAssertive": 21.5815, "car_lcCooperative": 0.5566, "car_lcLookaheadLeft": 74.5105, "car_lcPushy": 0.8142, "car_lcSigma": 0.1292, "car_lcSpeedGainRight": 3.4643, "car_lcSublane": 0.5603, "car_sigma": 0.3, "car_tau_mean": 1.5514, "car_tau_std": 4.4063, "car_v_mean": 20.039, "car_v_std": 13.1986}, "datetime": {"datetime": "2024-08-08 00:26:32", "elapsed": 1411.739255, "delta": 3.025093}}
{"target": -0.3324575276308788, "params": {"bus_acc": 2.9995, "bus_dcc": 1.4578, "bus_lcAssertive": 42.4289, "bus_lcCooperative": 0.2979, "bus_lcLookaheadLeft": 58.5699, "bus_lcPushy": 0.5622, "bus_lcSigma": 0.3548, "bus_lcSpeedGainRight": 4.8708, "bus_lcSublane": 0.754, "bus_sigma": 0.8925, "bus_tau_mean": 2.0966, "bus_tau_std": 5.9967, "bus_v_mean": 14.6179, "bus_v_std": 6.0878, "car_acc": 2.0536, "car_dcc": 1.5756, "car_lcAssertive": 22.1988, "car_lcCooperative": 0.5135, "car_lcLookaheadLeft": 3.3602, "car_lcPushy": 0.4482, "car_lcSigma": 1.0, "car_lcSpeedGainRight": 4.1161, "car_lcSublane": 0.0861, "car_sigma": 0.6586, "car_tau_mean": 1.2916, "car_tau_std": 1.1822, "car_v_mean": 13.5815, "car_v_std": 13.546}, "datetime": {"datetime": "2024-08-08 00:26:34", "elapsed": 1413.89081, "delta": 2.151555}}
{"target": -0.3836089924642452, "params": {"bus_acc": 2.6444, "bus_dcc": 2.6659, "bus_lcAssertive": 8.7904, "bus_lcCooperative": 1.0, "bus_lcLookaheadLeft": 41.5031, "bus_lcPushy": 1.0, "bus_lcSigma": 0.4731, "bus_lcSpeedGainRight": 3.4502, "bus_lcSublane": 0.1221, "bus_sigma": 0.4947, "bus_tau_mean": 1.8665, "bus_tau_std": 0.5313, "bus_v_mean": 8.7934, "bus_v_std": 13.6164, "car_acc": 2.1073, "car_dcc": 3.3328, "car_lcAssertive": 29.3759, "car_lcCooperative": 0.2139, "car_lcLookaheadLeft": 46.8575, "car_lcPushy": 0.5154, "car_lcSigma": 0.1827, "car_lcSpeedGainRight": 1.4348, "car_lcSublane": 0.65, "car_sigma": 0.4063, "car_tau_mean": 2.9205, "car_tau_std": 1.7323, "car_v_mean": 8.0, "car_v_std": 5.9458}, "datetime": {"datetime": "2024-08-08 00:26:36", "elapsed": 1416.026091, "delta": 2.135281}}
{"target": -0.31990367257519625, "params": {"bus_acc": 3.0, "bus_dcc": 1.6012, "bus_lcAssertive": 42.5724, "bus_lcCooperative": 0.4413, "bus_lcLookaheadLeft": 58.7134, "bus_lcPushy": 0.7057, "bus_lcSigma": 0.4618, "bus_lcSpeedGainRight": 4.9778, "bus_lcSublane": 0.8974, "bus_sigma": 1.0, "bus_tau_mean": 2.2036, "bus_tau_std": 6.1037, "bus_v_mean": 14.7979, "bus_v_std": 6.1948, "car_acc": 2.1606, "car_dcc": 1.6826, "car_lcAssertive": 22.3787, "car_lcCooperative": 0.6569, "car_lcLookaheadLeft": 3.4672, "car_lcPushy": 0.5916, "car_lcSigma": 1.0, "car_lcSpeedGainRight": 4.2231, "car_lcSublane": 0.2296, "car_sigma": 0.802, "car_tau_mean": 1.3985, "car_tau_std": 1.2892, "car_v_mean": 13.6885, "car_v_std": 13.653}, "datetime": {"datetime": "2024-08-08 00:26:40", "elapsed": 1420.036631, "delta": 4.01054}}
{"target": -0.3598819847964924, "params": {"bus_acc": 3.0, "bus_dcc": 1.9013, "bus_lcAssertive": 42.8725, "bus_lcCooperative": 0.7499, "bus_lcLookaheadLeft": 59.0219, "bus_lcPushy": 1.0, "bus_lcSigma": 0.8068, "bus_lcSpeedGainRight": 5.0, "bus_lcSublane": 1.0, "bus_sigma": 1.0, "bus_tau_mean": 2.5402, "bus_tau_std": 6.4403, "bus_v_mean": 15.0615, "bus_v_std": 6.5398, "car_acc": 2.4972, "car_dcc": 2.0191, "car_lcAssertive": 22.6423, "car_lcCooperative": 0.957, "car_lcLookaheadLeft": 3.8037, "car_lcPushy": 0.9001, "car_lcSigma": 1.0, "car_lcSpeedGainRight": 4.5596, "car_lcSublane": 0.5381, "car_sigma": 1.0, "car_tau_mean": 1.7351, "car_tau_std": 1.6258, "car_v_mean": 14.0251, "car_v_std": 13.9896}, "datetime": {"datetime": "2024-08-08 00:26:47", "elapsed": 1426.457243, "delta": 6.420612}}
{"target": -0.3471453807493728, "params": {"bus_acc": 2.755, "bus_dcc": 1.2022, "bus_lcAssertive": 66.2667, "bus_lcCooperative": 0.1026, "bus_lcLookaheadLeft": 39.9323, "bus_lcPushy": 0.9528, "bus_lcSigma": 0.9097, "bus_lcSpeedGainRight": 4.7304, "bus_lcSublane": 0.4401, "bus_sigma": 0.3499, "bus_tau_mean": 3.4562, "bus_tau_std": 8.3634, "bus_v_mean": 13.3995, "bus_v_std": 6.5089, "car_acc": 2.96, "car_dcc": 3.7861, "car_lcAssertive": 67.8041, "car_lcCooperative": 0.6488, "car_lcLookaheadLeft": 13.8674, "car_lcPushy": 0.0335, "car_lcSigma": 0.6184, "car_lcSpeedGainRight": 3.8692, "car_lcSublane": 0.8966, "car_sigma": 0.6174, "car_tau_mean": 2.6016, "car_tau_std": 3.113, "car_v_mean": 12.8548, "car_v_std": 14.5569}, "datetime": {"datetime": "2024-08-08 00:27:04", "elapsed": 1443.528854, "delta": 17.071611}}
{"target": -0.4018334121973513, "params": {"bus_acc": 1.4917, "bus_dcc": 1.3909, "bus_lcAssertive": 11.1665, "bus_lcCooperative": 0.076, "bus_lcLookaheadLeft": 51.9814, "bus_lcPushy": 0.0264, "bus_lcSigma": 0.5165, "bus_lcSpeedGainRight": 2.8265, "bus_lcSublane": 0.2928, "bus_sigma": 0.9032, "bus_tau_mean": 3.93, "bus_tau_std": 6.2678, "bus_v_mean": 19.0477, "bus_v_std": 12.4894, "car_acc": 1.2647, "car_dcc": 1.4485, "car_lcAssertive": 74.7049, "car_lcCooperative": 0.8331, "car_lcLookaheadLeft": 47.9915, "car_lcPushy": 0.5568, "car_lcSigma": 0.6993, "car_lcSpeedGainRight": 0.1353, "car_lcSublane": 0.406, "car_sigma": 0.2413, "car_tau_mean": 2.4111, "car_tau_std": 2.7467, "car_v_mean": 11.9495, "car_v_std": 3.235}, "datetime": {"datetime": "2024-08-08 00:27:16", "elapsed": 1455.514001, "delta": 11.985147}}
{"target": -0.34930048525158286, "params": {"bus_acc": 1.7127, "bus_dcc": 3.2279, "bus_lcAssertive": 5.2044, "bus_lcCooperative": 0.1331, "bus_lcLookaheadLeft": 20.3622, "bus_lcPushy": 0.3295, "bus_lcSigma": 0.6769, "bus_lcSpeedGainRight": 3.7045, "bus_lcSublane": 0.3638, "bus_sigma": 0.0233, "bus_tau_mean": 1.0671, "bus_tau_std": 1.5041, "bus_v_mean": 9.1587, "bus_v_std": 7.2462, "car_acc": 2.8541, "car_dcc": 3.0675, "car_lcAssertive": 38.7027, "car_lcCooperative": 0.4702, "car_lcLookaheadLeft": 11.6364, "car_lcPushy": 0.3349, "car_lcSigma": 0.8197, "car_lcSpeedGainRight": 2.3133, "car_lcSublane": 0.0569, "car_sigma": 0.2248, "car_tau_mean": 3.9377, "car_tau_std": 3.2745, "car_v_mean": 20.3609, "car_v_std": 13.5708}, "datetime": {"datetime": "2024-08-08 00:27:21", "elapsed": 1460.554568, "delta": 5.040567}}
{"target": -0.3510382644343427, "params": {"bus_acc": 3.0, "bus_dcc": 1.3848, "bus_lcAssertive": 42.3601, "bus_lcCooperative": 0.2332, "bus_lcLookaheadLeft": 58.5052, "bus_lcPushy": 0.4934, "bus_lcSigma": 0.2901, "bus_lcSpeedGainRight": 4.9107, "bus_lcSublane": 0.6851, "bus_sigma": 0.9634, "bus_tau_mean": 2.0278, "bus_tau_std": 5.9279, "bus_v_mean": 14.5532, "bus_v_std": 6.019, "car_acc": 1.9848, "car_dcc": 1.5026, "car_lcAssertive": 22.1299, "car_lcCooperative": 0.4446, "car_lcLookaheadLeft": 3.2914, "car_lcPushy": 0.3752, "car_lcSigma": 1.0, "car_lcSpeedGainRight": 4.0431, "car_lcSublane": 0.0173, "car_sigma": 0.5898, "car_tau_mean": 1.2186, "car_tau_std": 1.1093, "car_v_mean": 13.5127, "car_v_std": 13.4772}, "datetime": {"datetime": "2024-08-08 00:27:24", "elapsed": 1463.266063, "delta": 2.711495}}
{"target": -0.3740150878389268, "params": {"bus_acc": 1.9535, "bus_dcc": 3.2686, "bus_lcAssertive": 77.6429, "bus_lcCooperative": 0.1243, "bus_lcLookaheadLeft": 66.9416, "bus_lcPushy": 0.4693, "bus_lcSigma": 0.5839, "bus_lcSpeedGainRight": 4.5219, "bus_lcSublane": 0.6574, "bus_sigma": 0.475, "bus_tau_mean": 3.995, "bus_tau_std": 7.999, "bus_v_mean": 19.4771, "bus_v_std": 14.447, "car_acc": 1.9135, "car_dcc": 2.0308, "car_lcAssertive": 30.5436, "car_lcCooperative": 0.2764, "car_lcLookaheadLeft": 70.2149, "car_lcPushy": 0.1158, "car_lcSigma": 0.1434, "car_lcSpeedGainRight": 4.0606, "car_lcSublane": 0.8262, "car_sigma": 0.646, "car_tau_mean": 0.7382, "car_tau_std": 2.119, "car_v_mean": 20.9802, "car_v_std": 5.1359}, "datetime": {"datetime": "2024-08-08 00:27:29", "elapsed": 1468.958835, "delta": 5.692772}}
{"target": -0.3953787740863697, "params": {"bus_acc": 2.7466, "bus_dcc": 2.8516, "bus_lcAssertive": 6.797, "bus_lcCooperative": 1.0, "bus_lcLookaheadLeft": 43.0768, "bus_lcPushy": 1.0, "bus_lcSigma": 0.4905, "bus_lcSpeedGainRight": 3.5638, "bus_lcSublane": 0.1343, "bus_sigma": 0.4751, "bus_tau_mean": 2.0734, "bus_tau_std": 0.0, "bus_v_mean": 8.0186, "bus_v_std": 13.0886, "car_acc": 2.1164, "car_dcc": 3.6807, "car_lcAssertive": 28.0835, "car_lcCooperative": 0.1376, "car_lcLookaheadLeft": 46.413, "car_lcPushy": 0.4593, "car_lcSigma": 0.1655, "car_lcSpeedGainRight": 1.4284, "car_lcSublane": 0.6626, "car_sigma": 0.3477, "car_tau_mean": 3.1384, "car_tau_std": 1.3131, "car_v_mean": 8.0, "car_v_std": 5.5895}, "datetime": {"datetime": "2024-08-08 00:27:32", "elapsed": 1471.291052, "delta": 2.332217}}
{"target": -0.3183025962331916, "params": {"bus_acc": 1.5253, "bus_dcc": 3.1444, "bus_lcAssertive": 19.0657, "bus_lcCooperative": 0.8532, "bus_lcLookaheadLeft": 93.5923, "bus_lcPushy": 0.2709, "bus_lcSigma": 0.1355, "bus_lcSpeedGainRight": 2.0272, "bus_lcSublane": 0.36, "bus_sigma": 0.2845, "bus_tau_mean": 3.6433, "bus_tau_std": 2.5089, "bus_v_mean": 20.7528, "bus_v_std": 11.5056, "car_acc": 2.7148, "car_dcc": 1.7648, "car_lcAssertive": 50.9088, "car_lcCooperative": 0.535, "car_lcLookaheadLeft": 81.7565, "car_lcPushy": 0.3725, "car_lcSigma": 0.5977, "car_lcSpeedGainRight": 2.7272, "car_lcSublane": 0.9939, "car_sigma": 0.9803, "car_tau_mean": 1.8721, "car_tau_std": 0.9769, "car_v_mean": 9.8566, "car_v_std": 12.9507}, "datetime": {"datetime": "2024-08-08 00:27:39", "elapsed": 1478.643683, "delta": 7.352631}}
{"target": -0.38002569043380896, "params": {"bus_acc": 1.4666, "bus_dcc": 2.3832, "bus_lcAssertive": 7.5994, "bus_lcCooperative": 0.3426, "bus_lcLookaheadLeft": 49.5784, "bus_lcPushy": 0.8848, "bus_lcSigma": 0.684, "bus_lcSpeedGainRight": 4.855, "bus_lcSublane": 0.4525, "bus_sigma": 0.8564, "bus_tau_mean": 3.7978, "bus_tau_std": 9.2233, "bus_v_mean": 16.7072, "bus_v_std": 2.6866, "car_acc": 1.0345, "car_dcc": 2.8186, "car_lcAssertive": 98.559, "car_lcCooperative": 0.2502, "car_lcLookaheadLeft": 38.2852, "car_lcPushy": 0.0945, "car_lcSigma": 0.3673, "car_lcSpeedGainRight": 4.5924, "car_lcSublane": 0.8033, "car_sigma": 0.0113, "car_tau_mean": 2.1109, "car_tau_std": 9.104, "car_v_mean": 17.253, "car_v_std": 19.6371}, "datetime": {"datetime": "2024-08-08 00:27:44", "elapsed": 1483.61118, "delta": 4.967497}}
