{"target": -0.29058939159391817, "params": {"bus_acc": 2.1564, "bus_dcc": 1.053, "bus_lcAssertive": 2.3694, "bus_lcCooperative": 0.4456, "bus_lcLookaheadLeft": 63.685, "bus_lcPushy": 0.233, "bus_lcSigma": 0.5993, "bus_lcSpeedGainRight": 1.4237, "bus_lcSublane": 0.7309, "bus_sigma": 0.9764, "bus_tau_mean": 3.8641, "bus_tau_std": 7.1957, "bus_v_mean": 15.5949, "bus_v_std": 12.1107, "car_acc": 4.2625, "car_dcc": 2.9993, "car_lcAssertive": 51.9814, "car_lcCooperative": 0.5555, "car_lcLookaheadLeft": 11.1923, "car_lcPushy": 0.7283, "car_lcSigma": 0.3074, "car_lcSpeedGainRight": 1.4079, "car_lcSublane": 0.5532, "car_sigma": 0.3044, "car_tau_mean": 2.1841, "car_tau_std": 6.3928, "car_v_mean": 8.9209, "car_v_std": 16.4295}, "datetime": {"datetime": "2024-08-08 17:53:13", "elapsed": 1778.915359, "delta": 2.885864}}
{"target": -0.34080902453363743, "params": {"bus_acc": 1.8591, "bus_dcc": 2.839, "bus_lcAssertive": 12.4148, "bus_lcCooperative": 0.7331, "bus_lcLookaheadLeft": 14.8374, "bus_lcPushy": 0.6255, "bus_lcSigma": 0.8071, "bus_lcSpeedGainRight": 1.2811, "bus_lcSublane": 0.7021, "bus_sigma": 0.7214, "bus_tau_mean": 0.9046, "bus_tau_std": 4.1765, "bus_v_mean": 16.3749, "bus_v_std": 13.9497, "car_acc": 1.7548, "car_dcc": 3.8906, "car_lcAssertive": 55.6361, "car_lcCooperative": 0.7454, "car_lcLookaheadLeft": 39.3073, "car_lcPushy": 0.2054, "car_lcSigma": 0.0442, "car_lcSpeedGainRight": 1.1713, "car_lcSublane": 0.3932, "car_sigma": 0.0059, "car_tau_mean": 1.802, "car_tau_std": 4.3381, "car_v_mean": 20.6691, "car_v_std": 10.8471}, "datetime": {"datetime": "2024-08-08 17:53:18", "elapsed": 1783.515112, "delta": 4.599753}}
{"target": -0.2896648172767788, "params": {"bus_acc": 4.9291, "bus_dcc": 3.467, "bus_lcAssertive": 19.4857, "bus_lcCooperative": 0.3373, "bus_lcLookaheadLeft": 73.7799, "bus_lcPushy": 0.7971, "bus_lcSigma": 0.7086, "bus_lcSpeedGainRight": 4.1087, "bus_lcSublane": 0.2014, "bus_sigma": 0.8735, "bus_tau_mean": 2.0767, "bus_tau_std": 9.0453, "bus_v_mean": 15.3709, "bus_v_std": 9.2798, "car_acc": 4.6519, "car_dcc": 3.4879, "car_lcAssertive": 14.4502, "car_lcCooperative": 0.6246, "car_lcLookaheadLeft": 68.1432, "car_lcPushy": 0.4159, "car_lcSigma": 0.5082, "car_lcSpeedGainRight": 4.6726, "car_lcSublane": 0.1107, "car_sigma": 0.497, "car_tau_mean": 1.9255, "car_tau_std": 8.1106, "car_v_mean": 12.4455, "car_v_std": 7.8708}, "datetime": {"datetime": "2024-08-08 17:53:22", "elapsed": 1787.515486, "delta": 4.000374}}
{"target": -0.3323304718080236, "params": {"bus_acc": 1.6957, "bus_dcc": 2.7325, "bus_lcAssertive": 3.77, "bus_lcCooperative": 0.0734, "bus_lcLookaheadLeft": 24.7597, "bus_lcPushy": 0.6561, "bus_lcSigma": 0.0389, "bus_lcSpeedGainRight": 1.333, "bus_lcSublane": 0.096, "bus_sigma": 0.4792, "bus_tau_mean": 3.3009, "bus_tau_std": 5.2733, "bus_v_mean": 12.0669, "bus_v_std": 4.9768, "car_acc": 1.4005, "car_dcc": 1.9758, "car_lcAssertive": 30.7165, "car_lcCooperative": 0.3373, "car_lcLookaheadLeft": 95.4149, "car_lcPushy": 0.6595, "car_lcSigma": 0.1945, "car_lcSpeedGainRight": 2.1864, "car_lcSublane": 0.1792, "car_sigma": 0.7817, "car_tau_mean": 1.655, "car_tau_std": 0.651, "car_v_mean": 17.6445, "car_v_std": 11.6036}, "datetime": {"datetime": "2024-08-08 17:53:27", "elapsed": 1792.532495, "delta": 5.017009}}
{"target": -0.3259758135158166, "params": {"bus_acc": 3.8408, "bus_dcc": 3.7016, "bus_lcAssertive": 88.8024, "bus_lcCooperative": 0.7906, "bus_lcLookaheadLeft": 89.5965, "bus_lcPushy": 0.3164, "bus_lcSigma": 0.9557, "bus_lcSpeedGainRight": 4.3793, "bus_lcSublane": 0.1104, "bus_sigma": 0.4244, "bus_tau_mean": 3.597, "bus_tau_std": 2.8622, "bus_v_mean": 11.4959, "bus_v_std": 1.9931, "car_acc": 3.5632, "car_dcc": 3.7257, "car_lcAssertive": 22.1946, "car_lcCooperative": 0.8141, "car_lcLookaheadLeft": 74.534, "car_lcPushy": 0.5349, "car_lcSigma": 0.4621, "car_lcSpeedGainRight": 1.9945, "car_lcSublane": 0.186, "car_sigma": 0.6256, "car_tau_mean": 1.2281, "car_tau_std": 6.7543, "car_v_mean": 17.0441, "car_v_std": 9.5221}, "datetime": {"datetime": "2024-08-08 17:53:30", "elapsed": 1795.805098, "delta": 3.272603}}
{"target": -0.27793051062631235, "params": {"bus_acc": 2.3328, "bus_dcc": 2.546, "bus_lcAssertive": 66.2018, "bus_lcCooperative": 0.0904, "bus_lcLookaheadLeft": 40.2867, "bus_lcPushy": 0.066, "bus_lcSigma": 0.5979, "bus_lcSpeedGainRight": 0.0026, "bus_lcSublane": 0.9526, "bus_sigma": 0.9202, "bus_tau_mean": 2.3428, "bus_tau_std": 9.5492, "bus_v_mean": 10.0665, "bus_v_std": 14.6076, "car_acc": 4.1117, "car_dcc": 2.2114, "car_lcAssertive": 78.5482, "car_lcCooperative": 0.791, "car_lcLookaheadLeft": 85.3854, "car_lcPushy": 0.1043, "car_lcSigma": 0.9518, "car_lcSpeedGainRight": 1.1608, "car_lcSublane": 0.2165, "car_sigma": 0.1269, "car_tau_mean": 2.1526, "car_tau_std": 4.9784, "car_v_mean": 19.9797, "car_v_std": 11.8812}, "datetime": {"datetime": "2024-08-08 17:53:44", "elapsed": 1809.57379, "delta": 13.768692}}
{"target": -0.3122946450488233, "params": {"bus_acc": 4.1657, "bus_dcc": 3.6963, "bus_lcAssertive": 45.3645, "bus_lcCooperative": 0.776, "bus_lcLookaheadLeft": 10.1908, "bus_lcPushy": 0.8005, "bus_lcSigma": 0.4197, "bus_lcSpeedGainRight": 1.9261, "bus_lcSublane": 0.0606, "bus_sigma": 0.4319, "bus_tau_mean": 3.4181, "bus_tau_std": 3.5777, "bus_v_mean": 11.9418, "bus_v_std": 6.1714, "car_acc": 2.074, "car_dcc": 3.9796, "car_lcAssertive": 48.7639, "car_lcCooperative": 0.0418, "car_lcLookaheadLeft": 16.3368, "car_lcPushy": 0.6902, "car_lcSigma": 0.7655, "car_lcSpeedGainRight": 0.9718, "car_lcSublane": 0.3708, "car_sigma": 0.4738, "car_tau_mean": 3.4052, "car_tau_std": 5.41, "car_v_mean": 12.1163, "car_v_std": 5.7959}, "datetime": {"datetime": "2024-08-08 17:54:15", "elapsed": 1840.118529, "delta": 30.544739}}
{"target": -0.26302829776784314, "params": {"bus_acc": 1.1125, "bus_dcc": 1.7956, "bus_lcAssertive": 79.4879, "bus_lcCooperative": 0.7681, "bus_lcLookaheadLeft": 26.1549, "bus_lcPushy": 0.6038, "bus_lcSigma": 0.6345, "bus_lcSpeedGainRight": 3.6558, "bus_lcSublane": 0.5166, "bus_sigma": 0.4537, "bus_tau_mean": 1.6269, "bus_tau_std": 2.432, "bus_v_mean": 9.533, "bus_v_std": 12.9706, "car_acc": 3.7272, "car_dcc": 3.1109, "car_lcAssertive": 1.3603, "car_lcCooperative": 0.4912, "car_lcLookaheadLeft": 14.0632, "car_lcPushy": 0.5755, "car_lcSigma": 1.0, "car_lcSpeedGainRight": 2.5453, "car_lcSublane": 0.4276, "car_sigma": 0.8644, "car_tau_mean": 3.9681, "car_tau_std": 2.9201, "car_v_mean": 20.8969, "car_v_std": 19.9994}, "datetime": {"datetime": "2024-08-08 17:54:18", "elapsed": 1844.08938, "delta": 3.970851}}
{"target": -0.2918357269393929, "params": {"bus_acc": 1.1777, "bus_dcc": 3.5345, "bus_lcAssertive": 24.7311, "bus_lcCooperative": 0.4193, "bus_lcLookaheadLeft": 26.458, "bus_lcPushy": 0.8107, "bus_lcSigma": 0.0732, "bus_lcSpeedGainRight": 0.0972, "bus_lcSublane": 0.1384, "bus_sigma": 0.6589, "bus_tau_mean": 2.9891, "bus_tau_std": 6.2019, "bus_v_mean": 8.1327, "bus_v_std": 9.9536, "car_acc": 2.5917, "car_dcc": 1.9247, "car_lcAssertive": 40.2743, "car_lcCooperative": 0.63, "car_lcLookaheadLeft": 7.5615, "car_lcPushy": 0.9296, "car_lcSigma": 0.2641, "car_lcSpeedGainRight": 4.3092, "car_lcSublane": 0.9774, "car_sigma": 0.0371, "car_tau_mean": 1.9132, "car_tau_std": 9.7138, "car_v_mean": 11.2466, "car_v_std": 2.2934}, "datetime": {"datetime": "2024-08-08 17:54:30", "elapsed": 1855.279983, "delta": 11.190603}}
{"target": -0.3199031945635981, "params": {"bus_acc": 1.0882, "bus_dcc": 2.182, "bus_lcAssertive": 17.846, "bus_lcCooperative": 0.7439, "bus_lcLookaheadLeft": 5.3237, "bus_lcPushy": 0.592, "bus_lcSigma": 0.6782, "bus_lcSpeedGainRight": 4.5782, "bus_lcSublane": 0.04, "bus_sigma": 0.6601, "bus_tau_mean": 2.162, "bus_tau_std": 6.1082, "bus_v_mean": 18.0227, "bus_v_std": 1.9511, "car_acc": 3.8664, "car_dcc": 3.6583, "car_lcAssertive": 71.8343, "car_lcCooperative": 0.8066, "car_lcLookaheadLeft": 6.1901, "car_lcPushy": 0.3311, "car_lcSigma": 0.7421, "car_lcSpeedGainRight": 2.522, "car_lcSublane": 0.7223, "car_sigma": 0.5696, "car_tau_mean": 1.9033, "car_tau_std": 3.4641, "car_v_mean": 12.5555, "car_v_std": 10.3461}, "datetime": {"datetime": "2024-08-08 17:54:43", "elapsed": 1868.670084, "delta": 13.390101}}
{"target": -0.2749282129050215, "params": {"bus_acc": 1.0841, "bus_dcc": 1.7671, "bus_lcAssertive": 79.4594, "bus_lcCooperative": 0.7396, "bus_lcLookaheadLeft": 26.1265, "bus_lcPushy": 0.5754, "bus_lcSigma": 0.606, "bus_lcSpeedGainRight": 3.6274, "bus_lcSublane": 0.4841, "bus_sigma": 0.4253, "bus_tau_mean": 1.5985, "bus_tau_std": 2.4035, "bus_v_mean": 9.5005, "bus_v_std": 12.9381, "car_acc": 3.6987, "car_dcc": 3.0825, "car_lcAssertive": 1.3319, "car_lcCooperative": 0.4587, "car_lcLookaheadLeft": 14.0307, "car_lcPushy": 0.5471, "car_lcSigma": 1.0, "car_lcSpeedGainRight": 2.5168, "car_lcSublane": 0.3951, "car_sigma": 0.8343, "car_tau_mean": 3.9092, "car_tau_std": 2.8917, "car_v_mean": 20.8685, "car_v_std": 19.9433}, "datetime": {"datetime": "2024-08-08 17:54:47", "elapsed": 1872.114142, "delta": 3.444058}}
{"target": -0.24212317393144223, "params": {"bus_acc": 1.553, "bus_dcc": 2.236, "bus_lcAssertive": 79.9283, "bus_lcCooperative": 1.0, "bus_lcLookaheadLeft": 26.606, "bus_lcPushy": 1.0, "bus_lcSigma": 1.0, "bus_lcSpeedGainRight": 4.0963, "bus_lcSublane": 0.9637, "bus_sigma": 0.9048, "bus_tau_mean": 2.0674, "bus_tau_std": 2.8831, "bus_v_mean": 9.98, "bus_v_std": 13.4177, "car_acc": 4.1676, "car_dcc": 3.5514, "car_lcAssertive": 1.8008, "car_lcCooperative": 0.9382, "car_lcLookaheadLeft": 14.5102, "car_lcPushy": 1.0, "car_lcSigma": 1.0, "car_lcSpeedGainRight": 2.9857, "car_lcSublane": 0.8746, "car_sigma": 1.0, "car_tau_mean": 4.0, "car_tau_std": 3.3606, "car_v_mean": 21.3373, "car_v_std": 20.0}, "datetime": {"datetime": "2024-08-08 17:54:54", "elapsed": 1879.332337, "delta": 7.218195}}
{"target": -0.28241242753754775, "params": {"bus_acc": 2.1128, "bus_dcc": 3.106, "bus_lcAssertive": 82.0994, "bus_lcCooperative": 0.2388, "bus_lcLookaheadLeft": 65.7041, "bus_lcPushy": 0.4373, "bus_lcSigma": 0.7377, "bus_lcSpeedGainRight": 1.0594, "bus_lcSublane": 0.6086, "bus_sigma": 0.9479, "bus_tau_mean": 2.9748, "bus_tau_std": 9.9544, "bus_v_mean": 14.2499, "bus_v_std": 4.832, "car_acc": 4.1464, "car_dcc": 1.0158, "car_lcAssertive": 84.3754, "car_lcCooperative": 0.6727, "car_lcLookaheadLeft": 46.8499, "car_lcPushy": 0.1649, "car_lcSigma": 0.2985, "car_lcSpeedGainRight": 1.8472, "car_lcSublane": 0.9999, "car_sigma": 0.7359, "car_tau_mean": 2.2099, "car_tau_std": 1.3099, "car_v_mean": 13.6978, "car_v_std": 5.0451}, "datetime": {"datetime": "2024-08-08 17:54:57", "elapsed": 1882.295839, "delta": 2.963502}}
{"target": -0.3237498562733694, "params": {"bus_acc": 1.6313, "bus_dcc": 3.0393, "bus_lcAssertive": 77.1353, "bus_lcCooperative": 0.1322, "bus_lcLookaheadLeft": 85.564, "bus_lcPushy": 0.9954, "bus_lcSigma": 0.5544, "bus_lcSpeedGainRight": 0.9135, "bus_lcSublane": 0.2356, "bus_sigma": 0.1923, "bus_tau_mean": 3.4925, "bus_tau_std": 7.9725, "bus_v_mean": 21.699, "bus_v_std": 11.4261, "car_acc": 1.2934, "car_dcc": 1.3964, "car_lcAssertive": 59.1656, "car_lcCooperative": 0.4033, "car_lcLookaheadLeft": 92.0389, "car_lcPushy": 0.7652, "car_lcSigma": 0.6095, "car_lcSpeedGainRight": 0.0403, "car_lcSublane": 0.3523, "car_sigma": 0.2319, "car_tau_mean": 3.0544, "car_tau_std": 6.7811, "car_v_mean": 12.6255, "car_v_std": 11.6954}, "datetime": {"datetime": "2024-08-08 17:55:28", "elapsed": 1913.359735, "delta": 31.063896}}
{"target": -0.391092059863787, "params": {"bus_acc": 3.6078, "bus_dcc": 3.7879, "bus_lcAssertive": 81.4509, "bus_lcCooperative": 0.9861, "bus_lcLookaheadLeft": 97.6226, "bus_lcPushy": 0.6969, "bus_lcSigma": 0.8136, "bus_lcSpeedGainRight": 4.3699, "bus_lcSublane": 0.6469, "bus_sigma": 0.1627, "bus_tau_mean": 0.724, "bus_tau_std": 6.8641, "bus_v_mean": 22.6545, "bus_v_std": 14.1845, "car_acc": 4.9552, "car_dcc": 3.5181, "car_lcAssertive": 83.227, "car_lcCooperative": 0.1563, "car_lcLookaheadLeft": 66.3361, "car_lcPushy": 0.1028, "car_lcSigma": 0.1547, "car_lcSpeedGainRight": 4.1921, "car_lcSublane": 0.1838, "car_sigma": 0.1085, "car_tau_mean": 2.4822, "car_tau_std": 8.3839, "car_v_mean": 8.0366, "car_v_std": 2.5591}, "datetime": {"datetime": "2024-08-08 17:55:31", "elapsed": 1916.368611, "delta": 3.008876}}
{"target": -0.3070925814816725, "params": {"bus_acc": 2.6327, "bus_dcc": 1.4457, "bus_lcAssertive": 56.055, "bus_lcCooperative": 0.715, "bus_lcLookaheadLeft": 16.1696, "bus_lcPushy": 0.2744, "bus_lcSigma": 0.6596, "bus_lcSpeedGainRight": 3.0023, "bus_lcSublane": 0.6316, "bus_sigma": 0.7195, "bus_tau_mean": 3.2522, "bus_tau_std": 1.7739, "bus_v_mean": 9.8326, "bus_v_std": 0.4771, "car_acc": 3.5188, "car_dcc": 2.6404, "car_lcAssertive": 27.2914, "car_lcCooperative": 0.9336, "car_lcLookaheadLeft": 13.3852, "car_lcPushy": 0.5332, "car_lcSigma": 0.3435, "car_lcSpeedGainRight": 4.6098, "car_lcSublane": 0.0552, "car_sigma": 0.4165, "car_tau_mean": 2.1437, "car_tau_std": 9.8768, "car_v_mean": 15.1277, "car_v_std": 15.2802}, "datetime": {"datetime": "2024-08-08 17:55:34", "elapsed": 1919.725699, "delta": 3.357088}}
{"target": -0.264142089632094, "params": {"bus_acc": 1.3804, "bus_dcc": 1.9701, "bus_lcAssertive": 77.5023, "bus_lcCooperative": 0.6385, "bus_lcLookaheadLeft": 27.2085, "bus_lcPushy": 0.6246, "bus_lcSigma": 0.5455, "bus_lcSpeedGainRight": 2.849, "bus_lcSublane": 0.5002, "bus_sigma": 0.4777, "bus_tau_mean": 1.6999, "bus_tau_std": 4.0818, "bus_v_mean": 10.5321, "bus_v_std": 11.5466, "car_acc": 3.5813, "car_dcc": 2.6684, "car_lcAssertive": 6.3072, "car_lcCooperative": 0.3623, "car_lcLookaheadLeft": 15.0064, "car_lcPushy": 0.4649, "car_lcSigma": 0.9101, "car_lcSpeedGainRight": 2.3294, "car_lcSublane": 0.4698, "car_sigma": 0.6919, "car_tau_mean": 3.5458, "car_tau_std": 3.3276, "car_v_mean": 19.7542, "car_v_std": 17.1153}, "datetime": {"datetime": "2024-08-08 17:55:42", "elapsed": 1927.499646, "delta": 7.773947}}
{"target": -0.40101234458507534, "params": {"bus_acc": 4.8068, "bus_dcc": 3.6306, "bus_lcAssertive": 88.8989, "bus_lcCooperative": 0.7123, "bus_lcLookaheadLeft": 2.3765, "bus_lcPushy": 0.7038, "bus_lcSigma": 0.1766, "bus_lcSpeedGainRight": 4.1035, "bus_lcSublane": 0.8164, "bus_sigma": 0.3059, "bus_tau_mean": 0.9261, "bus_tau_std": 8.2997, "bus_v_mean": 9.1982, "bus_v_std": 19.4416, "car_acc": 2.6155, "car_dcc": 3.6895, "car_lcAssertive": 58.7345, "car_lcCooperative": 0.5068, "car_lcLookaheadLeft": 74.6435, "car_lcPushy": 0.6698, "car_lcSigma": 0.9879, "car_lcSpeedGainRight": 0.3953, "car_lcSublane": 0.4652, "car_sigma": 0.4346, "car_tau_mean": 1.6978, "car_tau_std": 4.9604, "car_v_mean": 8.1212, "car_v_std": 5.6091}, "datetime": {"datetime": "2024-08-08 17:56:01", "elapsed": 1946.740105, "delta": 19.240459}}
{"target": -0.2851970350729405, "params": {"bus_acc": 1.6651, "bus_dcc": 1.8629, "bus_lcAssertive": 72.1475, "bus_lcCooperative": 0.6171, "bus_lcLookaheadLeft": 26.4784, "bus_lcPushy": 0.5595, "bus_lcSigma": 0.7649, "bus_lcSpeedGainRight": 3.5614, "bus_lcSublane": 0.4554, "bus_sigma": 0.514, "bus_tau_mean": 2.0868, "bus_tau_std": 2.9324, "bus_v_mean": 10.5291, "bus_v_std": 12.5817, "car_acc": 4.0356, "car_dcc": 3.0754, "car_lcAssertive": 6.5717, "car_lcCooperative": 0.3876, "car_lcLookaheadLeft": 19.741, "car_lcPushy": 0.593, "car_lcSigma": 0.9375, "car_lcSpeedGainRight": 2.452, "car_lcSublane": 0.4264, "car_sigma": 0.7237, "car_tau_mean": 3.3095, "car_tau_std": 3.0563, "car_v_mean": 20.4808, "car_v_std": 18.3606}, "datetime": {"datetime": "2024-08-08 17:56:15", "elapsed": 1960.728032, "delta": 13.987927}}
{"target": -0.3292152005248771, "params": {"bus_acc": 3.9953, "bus_dcc": 2.8672, "bus_lcAssertive": 36.0717, "bus_lcCooperative": 0.6349, "bus_lcLookaheadLeft": 37.0878, "bus_lcPushy": 0.8591, "bus_lcSigma": 0.4903, "bus_lcSpeedGainRight": 4.9111, "bus_lcSublane": 0.2293, "bus_sigma": 0.4876, "bus_tau_mean": 0.9912, "bus_tau_std": 3.3614, "bus_v_mean": 16.9581, "bus_v_std": 11.715, "car_acc": 3.1508, "car_dcc": 1.3577, "car_lcAssertive": 31.8213, "car_lcCooperative": 0.1763, "car_lcLookaheadLeft": 75.9261, "car_lcPushy": 0.6611, "car_lcSigma": 0.6091, "car_lcSpeedGainRight": 3.168, "car_lcSublane": 0.5658, "car_sigma": 0.0399, "car_tau_mean": 1.447, "car_tau_std": 3.7514, "car_v_mean": 8.2409, "car_v_std": 5.2114}, "datetime": {"datetime": "2024-08-08 17:56:18", "elapsed": 1963.358213, "delta": 2.630181}}
{"target": -0.4006151841011523, "params": {"bus_acc": 1.6455, "bus_dcc": 3.0201, "bus_lcAssertive": 75.701, "bus_lcCooperative": 0.4694, "bus_lcLookaheadLeft": 96.2317, "bus_lcPushy": 0.0267, "bus_lcSigma": 0.1789, "bus_lcSpeedGainRight": 4.154, "bus_lcSublane": 0.8399, "bus_sigma": 0.7603, "bus_tau_mean": 3.9836, "bus_tau_std": 9.6813, "bus_v_mean": 15.0746, "bus_v_std": 12.7369, "car_acc": 1.708, "car_dcc": 3.4363, "car_lcAssertive": 4.5712, "car_lcCooperative": 0.6339, "car_lcLookaheadLeft": 54.5119, "car_lcPushy": 0.9291, "car_lcSigma": 0.5912, "car_lcSpeedGainRight": 4.278, "car_lcSublane": 0.1202, "car_sigma": 0.7925, "car_tau_mean": 2.1428, "car_tau_std": 4.0861, "car_v_mean": 8.3479, "car_v_std": 7.0383}, "datetime": {"datetime": "2024-08-08 17:56:21", "elapsed": 1966.962917, "delta": 3.604704}}
{"target": -0.3018929942454997, "params": {"bus_acc": 2.0507, "bus_dcc": 3.1444, "bus_lcAssertive": 19.0657, "bus_lcCooperative": 0.8532, "bus_lcLookaheadLeft": 93.5923, "bus_lcPushy": 0.2709, "bus_lcSigma": 0.1355, "bus_lcSpeedGainRight": 2.0272, "bus_lcSublane": 0.36, "bus_sigma": 0.2845, "bus_tau_mean": 3.6433, "bus_tau_std": 2.5089, "bus_v_mean": 20.7528, "bus_v_std": 11.5056, "car_acc": 4.4296, "car_dcc": 1.7648, "car_lcAssertive": 50.9088, "car_lcCooperative": 0.535, "car_lcLookaheadLeft": 81.7565, "car_lcPushy": 0.3725, "car_lcSigma": 0.5977, "car_lcSpeedGainRight": 2.7272, "car_lcSublane": 0.9939, "car_sigma": 0.9803, "car_tau_mean": 1.8721, "car_tau_std": 0.9769, "car_v_mean": 9.8566, "car_v_std": 12.9507}, "datetime": {"datetime": "2024-08-08 17:56:24", "elapsed": 1969.695567, "delta": 2.73265}}
{"target": -0.28240818930879835, "params": {"bus_acc": 1.6378, "bus_dcc": 1.8259, "bus_lcAssertive": 73.2485, "bus_lcCooperative": 0.6241, "bus_lcLookaheadLeft": 27.3837, "bus_lcPushy": 0.6065, "bus_lcSigma": 0.6907, "bus_lcSpeedGainRight": 3.3295, "bus_lcSublane": 0.5346, "bus_sigma": 0.5074, "bus_tau_mean": 1.9523, "bus_tau_std": 3.6204, "bus_v_mean": 10.559, "bus_v_std": 12.4763, "car_acc": 3.8548, "car_dcc": 2.9618, "car_lcAssertive": 7.2159, "car_lcCooperative": 0.3585, "car_lcLookaheadLeft": 17.9495, "car_lcPushy": 0.5482, "car_lcSigma": 0.9444, "car_lcSpeedGainRight": 2.3729, "car_lcSublane": 0.4501, "car_sigma": 0.7186, "car_tau_mean": 3.4112, "car_tau_std": 3.1691, "car_v_mean": 20.5659, "car_v_std": 18.03}, "datetime": {"datetime": "2024-08-08 17:56:28", "elapsed": 1973.406017, "delta": 3.71045}}
{"target": -0.3147088713177735, "params": {"bus_acc": 4.1229, "bus_dcc": 3.6676, "bus_lcAssertive": 93.604, "bus_lcCooperative": 0.7786, "bus_lcLookaheadLeft": 60.8383, "bus_lcPushy": 0.9939, "bus_lcSigma": 0.6328, "bus_lcSpeedGainRight": 0.1609, "bus_lcSublane": 0.2287, "bus_sigma": 0.36, "bus_tau_mean": 2.094, "bus_tau_std": 4.6862, "bus_v_mean": 13.2307, "bus_v_std": 6.6801, "car_acc": 1.3104, "car_dcc": 2.5458, "car_lcAssertive": 58.0841, "car_lcCooperative": 0.4652, "car_lcLookaheadLeft": 63.4954, "car_lcPushy": 0.1593, "car_lcSigma": 0.7752, "car_lcSpeedGainRight": 1.1223, "car_lcSublane": 0.2227, "car_sigma": 0.0888, "car_tau_mean": 3.2268, "car_tau_std": 5.677, "car_v_mean": 9.272, "car_v_std": 0.877}, "datetime": {"datetime": "2024-08-08 17:56:53", "elapsed": 1998.284723, "delta": 24.878706}}
{"target": -0.24210365307764095, "params": {"bus_acc": 1.068, "bus_dcc": 1.7511, "bus_lcAssertive": 79.4434, "bus_lcCooperative": 0.7235, "bus_lcLookaheadLeft": 26.1104, "bus_lcPushy": 0.5593, "bus_lcSigma": 0.59, "bus_lcSpeedGainRight": 3.6113, "bus_lcSublane": 0.4681, "bus_sigma": 0.4092, "bus_tau_mean": 1.5824, "bus_tau_std": 2.3875, "bus_v_mean": 9.4844, "bus_v_std": 12.922, "car_acc": 3.6827, "car_dcc": 3.0664, "car_lcAssertive": 1.3158, "car_lcCooperative": 0.4426, "car_lcLookaheadLeft": 14.0146, "car_lcPushy": 0.531, "car_lcSigma": 0.9841, "car_lcSpeedGainRight": 2.5008, "car_lcSublane": 0.379, "car_sigma": 0.8182, "car_tau_mean": 3.8931, "car_tau_std": 2.8756, "car_v_mean": 20.8524, "car_v_std": 19.9272}, "datetime": {"datetime": "2024-08-08 17:57:01", "elapsed": 2006.851667, "delta": 8.566944}}
{"target": -0.3190225945018362, "params": {"bus_acc": 1.0669, "bus_dcc": 1.7499, "bus_lcAssertive": 79.4422, "bus_lcCooperative": 0.7224, "bus_lcLookaheadLeft": 26.1093, "bus_lcPushy": 0.5581, "bus_lcSigma": 0.5888, "bus_lcSpeedGainRight": 3.6101, "bus_lcSublane": 0.4669, "bus_sigma": 0.4081, "bus_tau_mean": 1.5813, "bus_tau_std": 2.3863, "bus_v_mean": 9.4833, "bus_v_std": 12.9209, "car_acc": 3.6815, "car_dcc": 3.0652, "car_lcAssertive": 1.3146, "car_lcCooperative": 0.4415, "car_lcLookaheadLeft": 14.0134, "car_lcPushy": 0.5298, "car_lcSigma": 0.983, "car_lcSpeedGainRight": 2.4996, "car_lcSublane": 0.3779, "car_sigma": 0.8171, "car_tau_mean": 3.8919, "car_tau_std": 2.8745, "car_v_mean": 20.8512, "car_v_std": 19.926}, "datetime": {"datetime": "2024-08-08 17:57:06", "elapsed": 2011.728062, "delta": 4.876395}}
