{"target": -0.04545828208929781, "params": {"bus_acc": 1.1763772911430201, "bus_dcc": 3.051131007464914, "bus_lcAssertive": 12.919686808914616, "bus_lcCooperative": 0.010699003144174157, "bus_lcLookaheadLeft": 56.61228654734155, "bus_lcPushy": 0.9071090552203707, "bus_lcSublane": 0.8604566673368852, "bus_tau_mean": 1.684579844413875, "bus_tau_std": 0.2715882932586222, "bus_v_mean": 20.81374968208053, "bus_v_std": 8.05984932289666, "car_acc": 2.736976232605544, "car_dcc": 3.0089397996265994, "car_lcAssertive": 80.97010736919258, "car_lcCooperative": 0.8974982823028202, "car_lcLookaheadLeft": 46.4753351480212, "car_lcPushy": 0.5578253037149105, "car_lcSublane": 0.5061311288282347, "car_tau_mean": 2.9219436658347657, "car_tau_std": 6.829068676298748, "car_v_mean": 16.325018173813064, "car_v_std": 8.284681480854713}, "datetime": {"datetime": "2024-08-04 14:25:32", "elapsed": 275.503872, "delta": 2.223227}}
{"target": -0.04348710561081883, "params": {"bus_acc": 2.6857996803857, "bus_dcc": 1.2034208030228613, "bus_lcAssertive": 57.75395488341878, "bus_lcCooperative": 0.9427625754329493, "bus_lcLookaheadLeft": 52.75028472088755, "bus_lcPushy": 0.1944658095278845, "bus_lcSublane": 0.8479393924434762, "bus_tau_mean": 1.380736998245485, "bus_tau_std": 7.007260364825379, "bus_v_mean": 16.644175046350398, "bus_v_std": 9.488362882802196, "car_acc": 2.248673404805352, "car_dcc": 3.513933886143188, "car_lcAssertive": 1.7853547432577868, "car_lcCooperative": 0.989340056166638, "car_lcLookaheadLeft": 9.616027892573875, "car_lcPushy": 0.3221295136147696, "car_lcSublane": 0.9461523954567653, "car_tau_mean": 0.5312868582993577, "car_tau_std": 8.227300054219356, "car_v_mean": 21.77938621386871, "car_v_std": 4.398308142085725}, "datetime": {"datetime": "2024-08-04 14:25:34", "elapsed": 276.829478, "delta": 1.325606}}
{"target": -0.03871629242001722, "params": {"bus_acc": 2.401066145239005, "bus_dcc": 3.7916794577495354, "bus_lcAssertive": 86.39905275601697, "bus_lcCooperative": 0.1674418575065213, "bus_lcLookaheadLeft": 27.787624344539672, "bus_lcPushy": 0.07161027944180454, "bus_lcSublane": 0.978672805158347, "bus_tau_mean": 1.3273443453113145, "bus_tau_std": 6.6059835592859875, "bus_v_mean": 9.434091182839392, "bus_v_std": 2.1077094208701874, "car_acc": 2.005648767036809, "car_dcc": 1.3148610049897842, "car_lcAssertive": 39.49846686677771, "car_lcCooperative": 0.5379877201396809, "car_lcLookaheadLeft": 35.2420101187398, "car_lcPushy": 0.5559002111265755, "car_lcSublane": 0.536768321942464, "car_tau_mean": 1.8671367455791703, "car_tau_std": 6.96270083101103, "car_v_mean": 18.855719263966783, "car_v_std": 6.873031493743898}, "datetime": {"datetime": "2024-08-04 14:25:34", "elapsed": 277.702934, "delta": 0.873456}}
{"target": -0.04482385756222792, "params": {"bus_acc": 1.7907009475893807, "bus_dcc": 3.866169967771524, "bus_lcAssertive": 11.968748529899662, "bus_lcCooperative": 0.6475529858164272, "bus_lcLookaheadLeft": 53.70690782872223, "bus_lcPushy": 0.353242405983059, "bus_lcSublane": 0.19819922932019185, "bus_tau_mean": 1.2720792864656751, "bus_tau_std": 0.43821509727146934, "bus_v_mean": 19.410623570557032, "bus_v_std": 6.538401991962549, "car_acc": 1.8875395854494448, "car_dcc": 3.1568184642695307, "car_lcAssertive": 11.887621272086722, "car_lcCooperative": 0.9387191733689311, "car_lcLookaheadLeft": 85.06741750545999, "car_lcPushy": 0.6590356596658833, "car_lcSublane": 0.37883116866173183, "car_tau_mean": 1.957983551551616, "car_tau_std": 4.821539221574675, "car_v_mean": 22.96454032010881, "car_v_std": 8.635929549181027}, "datetime": {"datetime": "2024-08-04 14:25:37", "elapsed": 280.587729, "delta": 2.884795}}
{"target": -0.04281245217254886, "params": {"bus_acc": 2.874504124256898, "bus_dcc": 2.468694883435506, "bus_lcAssertive": 54.42526189924171, "bus_lcCooperative": 0.8952603657312208, "bus_lcLookaheadLeft": 45.77023449072167, "bus_lcPushy": 0.8770343892703519, "bus_lcSublane": 0.25358174937162836, "bus_tau_mean": 1.45833396455338, "bus_tau_std": 3.2836139008759013, "bus_v_mean": 16.761028327695257, "bus_v_std": 2.201286740269812, "car_acc": 2.342858342162547, "car_dcc": 1.4283798484090013, "car_lcAssertive": 10.315927175464303, "car_lcCooperative": 0.8701917462053776, "car_lcLookaheadLeft": 25.213132948585855, "car_lcPushy": 0.3860040110225955, "car_lcSublane": 0.5715420927253323, "car_tau_mean": 2.340306894830145, "car_tau_std": 0.7602387944210687, "car_v_mean": 21.98601496956845, "car_v_std": 9.511356184186921}, "datetime": {"datetime": "2024-08-04 14:25:42", "elapsed": 284.831884, "delta": 4.244155}}
{"target": -0.042753178515161396, "params": {"bus_acc": 2.326882995636896, "bus_dcc": 2.8650871606273656, "bus_lcAssertive": 12.359851322384143, "bus_lcCooperative": 0.9494892587070712, "bus_lcLookaheadLeft": 46.09138908103417, "bus_lcPushy": 0.5783896143871318, "bus_lcSublane": 0.40813680276128117, "bus_tau_mean": 1.329594430850597, "bus_tau_std": 9.033795205622537, "bus_v_mean": 17.178871786756574, "bus_v_std": 0.0287032703115897, "car_acc": 2.2342898272414478, "car_dcc": 1.9799347053162886, "car_lcAssertive": 53.17875212350332, "car_lcCooperative": 0.8859420993107745, "car_lcLookaheadLeft": 37.01243648024498, "car_lcPushy": 0.9085351509197992, "car_lcSublane": 0.6233601157918027, "car_tau_mean": 0.555374349962947, "car_tau_std": 9.294372337437613, "car_v_mean": 19.054350680270783, "car_v_std": 9.973228504514806}, "datetime": {"datetime": "2024-08-04 14:25:50", "elapsed": 293.659605, "delta": 8.827721}}
{"target": -0.040816476184812524, "params": {"bus_acc": 1.2935847468344863, "bus_dcc": 1.792892448180702, "bus_lcAssertive": 82.08982868471955, "bus_lcCooperative": 0.31058725179421, "bus_lcLookaheadLeft": 98.2769100307084, "bus_lcPushy": 0.2666387021516352, "bus_lcSublane": 0.5336533449712114, "bus_tau_mean": 1.6006345391504737, "bus_tau_std": 9.107728311738374, "bus_v_mean": 13.864906301619751, "bus_v_std": 4.3359232727316455, "car_acc": 2.0245853845567225, "car_dcc": 3.81665943210914, "car_lcAssertive": 4.063951620843921, "car_lcCooperative": 0.7168786636316892, "car_lcLookaheadLeft": 89.31985752064921, "car_lcPushy": 0.027287223517468817, "car_lcSublane": 0.5220512472525107, "car_tau_mean": 1.6409643411950885, "car_tau_std": 8.594893208655858, "car_v_mean": 16.936264814760285, "car_v_std": 6.902278681627479}, "datetime": {"datetime": "2024-08-04 14:25:55", "elapsed": 297.827699, "delta": 4.168094}}
{"target": -0.0293449698545216, "params": {"bus_acc": 2.8703062310847773, "bus_dcc": 3.665626310068684, "bus_lcAssertive": 29.63678905280809, "bus_lcCooperative": 0.9477640661016069, "bus_lcLookaheadLeft": 85.29319245267905, "bus_lcPushy": 0.4346547940716735, "bus_lcSublane": 0.4680495548664728, "bus_tau_mean": 2.7044855755419794, "bus_tau_std": 1.5803183496381268, "bus_v_mean": 8.236513387873487, "bus_v_std": 2.6551201747238586, "car_acc": 1.0308872638855218, "car_dcc": 3.0234965324867726, "car_lcAssertive": 55.59541474546487, "car_lcCooperative": 0.32164814560277766, "car_lcLookaheadLeft": 78.45982903773634, "car_lcPushy": 0.14578543121477705, "car_lcSublane": 0.2448806387618836, "car_tau_mean": 1.523098167137493, "car_tau_std": 1.9593194649899215, "car_v_mean": 9.407018940329653, "car_v_std": 8.699761802716075}, "datetime": {"datetime": "2024-08-04 14:25:57", "elapsed": 300.783503, "delta": 2.955804}}
{"target": -0.037182562686965244, "params": {"bus_acc": 1.9558476984331188, "bus_dcc": 2.663555494834501, "bus_lcAssertive": 87.66498236565286, "bus_lcCooperative": 0.9492644337722901, "bus_lcLookaheadLeft": 64.64010607508811, "bus_lcPushy": 0.7485203200897537, "bus_lcSublane": 0.35162490636044264, "bus_tau_mean": 3.71309911680163, "bus_tau_std": 8.367520498538312, "bus_v_mean": 16.832894099596203, "bus_v_std": 8.676272096151736, "car_acc": 2.6997437628806646, "car_dcc": 3.4252340698184254, "car_lcAssertive": 13.938589615341417, "car_lcCooperative": 0.5360025748218121, "car_lcLookaheadLeft": 90.27674524127777, "car_lcPushy": 0.7708318305538303, "car_lcSublane": 0.4207131990251918, "car_tau_mean": 3.9225813767598803, "car_tau_std": 2.5077315667300226, "car_v_mean": 13.337763661566363, "car_v_std": 9.54200507429589}, "datetime": {"datetime": "2024-08-04 14:25:59", "elapsed": 302.09923, "delta": 1.315727}}
{"target": -0.03820634690578333, "params": {"bus_acc": 1.7901937377799464, "bus_dcc": 1.9002431377760693, "bus_lcAssertive": 8.930260736798878, "bus_lcCooperative": 0.9046310029362429, "bus_lcLookaheadLeft": 38.275109400266345, "bus_lcPushy": 0.5306974384761395, "bus_lcSublane": 0.49411626589632507, "bus_tau_mean": 0.9625639968002835, "bus_tau_std": 2.0645405888943302, "bus_v_mean": 9.219020944517139, "bus_v_std": 5.079216999452875, "car_acc": 1.5230991036659742, "car_dcc": 2.0711848266483757, "car_lcAssertive": 11.698467541026448, "car_lcCooperative": 0.7875518396525072, "car_lcLookaheadLeft": 12.445219925302508, "car_lcPushy": 0.9857088237131878, "car_lcSublane": 0.17716116443841734, "car_tau_mean": 2.5034178935212728, "car_tau_std": 0.44845334589088126, "car_v_mean": 20.593860634493346, "car_v_std": 1.8960594781829654}, "datetime": {"datetime": "2024-08-04 14:26:03", "elapsed": 306.242674, "delta": 4.143444}}
{"target": -0.039414360436102344, "params": {"bus_acc": 1.3523925111501105, "bus_dcc": 1.996190723100511, "bus_lcAssertive": 13.968687636280773, "bus_lcCooperative": 0.8094906921265821, "bus_lcLookaheadLeft": 35.78419196296276, "bus_lcPushy": 0.9401074823333672, "bus_lcSublane": 0.58201417994708, "bus_tau_mean": 3.575911945441454, "bus_tau_std": 8.447344453922218, "bus_v_mean": 22.486277099338388, "bus_v_std": 4.598802658168069, "car_acc": 2.0926936320407465, "car_dcc": 3.3958107734561183, "car_lcAssertive": 29.28616632168061, "car_lcCooperative": 0.4902535226199277, "car_lcLookaheadLeft": 60.71281014929608, "car_lcPushy": 0.015533275550835723, "car_lcSublane": 0.5934814081966372, "car_tau_mean": 2.0178672214631037, "car_tau_std": 8.073605288848414, "car_v_mean": 13.043916849525967, "car_v_std": 8.928887085251514}, "datetime": {"datetime": "2024-08-04 14:26:05", "elapsed": 307.914748, "delta": 1.672074}}
{"target": -0.03520819076815266, "params": {"bus_acc": 2.4058634642287426, "bus_dcc": 1.554805067120205, "bus_lcAssertive": 57.00748251629707, "bus_lcCooperative": 0.9088080323000569, "bus_lcLookaheadLeft": 16.767619240330575, "bus_lcPushy": 0.8455176755307064, "bus_lcSublane": 0.8202024663153499, "bus_tau_mean": 2.2476938545424208, "bus_tau_std": 0.375838514857032, "bus_v_mean": 10.360040086350967, "bus_v_std": 9.226386946886713, "car_acc": 1.088309592063725, "car_dcc": 2.1174962992160786, "car_lcAssertive": 62.284923837821616, "car_lcCooperative": 0.1969480389140167, "car_lcLookaheadLeft": 98.14581620954914, "car_lcPushy": 0.15597523304342242, "car_lcSublane": 0.5396791951612744, "car_tau_mean": 2.663039635213256, "car_tau_std": 2.309899486697039, "car_v_mean": 15.460943827349462, "car_v_std": 4.910085291329293}, "datetime": {"datetime": "2024-08-04 14:26:10", "elapsed": 313.748685, "delta": 5.833937}}
{"target": -0.03810077267588947, "params": {"bus_acc": 1.7182386778482215, "bus_dcc": 1.2259326179074534, "bus_lcAssertive": 43.146716786526504, "bus_lcCooperative": 0.6020078384720013, "bus_lcLookaheadLeft": 43.68953962641248, "bus_lcPushy": 0.81072123360737, "bus_lcSublane": 0.9418862461867052, "bus_tau_mean": 3.5446877064392406, "bus_tau_std": 7.039994982798885, "bus_v_mean": 15.524782796514804, "bus_v_std": 6.826980429032513, "car_acc": 1.026836621113059, "car_dcc": 3.9474343555061315, "car_lcAssertive": 18.0356558510607, "car_lcCooperative": 0.9062603959616818, "car_lcLookaheadLeft": 81.0967703632784, "car_lcPushy": 0.8001396843869877, "car_lcSublane": 0.2689360577850649, "car_tau_mean": 1.2670383201504032, "car_tau_std": 4.288006929140887, "car_v_mean": 21.58993761169048, "car_v_std": 4.503796424717202}, "datetime": {"datetime": "2024-08-04 14:26:18", "elapsed": 321.535297, "delta": 7.786612}}
{"target": -0.03360956278866045, "params": {"bus_acc": 2.7289588601091994, "bus_dcc": 1.9680429905102392, "bus_lcAssertive": 67.40809028797113, "bus_lcCooperative": 0.45087393641334916, "bus_lcLookaheadLeft": 39.44606969908869, "bus_lcPushy": 0.4108113499221856, "bus_lcSublane": 0.4014795834695406, "bus_tau_mean": 1.610843810853969, "bus_tau_std": 6.2191936792030145, "bus_v_mean": 14.88395633314023, "bus_v_std": 9.738020779272523, "car_acc": 2.3556017828686224, "car_dcc": 1.5957096652813325, "car_lcAssertive": 43.24339992545524, "car_lcCooperative": 0.343346239774423, "car_lcLookaheadLeft": 80.16860278793952, "car_lcPushy": 0.8799982885634318, "car_lcSublane": 0.903841955826372, "car_tau_mean": 2.819519343313418, "car_tau_std": 2.7020826202975776, "car_v_mean": 12.037867224073436, "car_v_std": 8.548979426974023}, "datetime": {"datetime": "2024-08-04 14:26:22", "elapsed": 324.831479, "delta": 3.296182}}
{"target": -0.03581737393131162, "params": {"bus_acc": 2.0875749833276505, "bus_dcc": 2.880748050041004, "bus_lcAssertive": 25.05176545130931, "bus_lcCooperative": 0.9138438752466082, "bus_lcLookaheadLeft": 62.98662781177855, "bus_lcPushy": 0.23169469139485988, "bus_lcSublane": 0.7701321875998075, "bus_tau_mean": 0.8692747799906717, "bus_tau_std": 5.552253185313445, "bus_v_mean": 9.519297116839864, "bus_v_std": 5.8098407267501955, "car_acc": 1.5059602254403768, "car_dcc": 2.948400423864239, "car_lcAssertive": 71.86686833295983, "car_lcCooperative": 0.5241856145686612, "car_lcLookaheadLeft": 66.43709795490479, "car_lcPushy": 0.8132938453250557, "car_lcSublane": 0.8075122716430321, "car_tau_mean": 2.6688869721885196, "car_tau_std": 4.511024621207749, "car_v_mean": 14.52719982475788, "car_v_std": 8.747476199043634}, "datetime": {"datetime": "2024-08-04 14:26:25", "elapsed": 327.927469, "delta": 3.09599}}
{"target": -0.039079307925735454, "params": {"bus_acc": 1.7104187786792875, "bus_dcc": 3.922637883685274, "bus_lcAssertive": 13.154440815492576, "bus_lcCooperative": 0.18756989261723955, "bus_lcLookaheadLeft": 89.16536259551893, "bus_lcPushy": 0.5834063146082279, "bus_lcSublane": 0.3092463846587796, "bus_tau_mean": 0.5026753491736581, "bus_tau_std": 2.2759773832225303, "bus_v_mean": 10.326458146739771, "bus_v_std": 2.034338243700906, "car_acc": 2.7926451136080095, "car_dcc": 3.6192831348089216, "car_lcAssertive": 70.32865432571153, "car_lcCooperative": 0.47049767615220905, "car_lcLookaheadLeft": 83.05932822856425, "car_lcPushy": 0.49582639708521237, "car_lcSublane": 0.36348868328490525, "car_tau_mean": 1.4646108596630056, "car_tau_std": 9.247408135383717, "car_v_mean": 14.191827748100675, "car_v_std": 4.928808734313202}, "datetime": {"datetime": "2024-08-04 14:26:29", "elapsed": 331.939359, "delta": 4.01189}}
{"target": -0.043485114078429414, "params": {"bus_acc": 1.0291374635266635, "bus_dcc": 1.6456287597832828, "bus_lcAssertive": 12.620315110999844, "bus_lcCooperative": 0.7674235177414532, "bus_lcLookaheadLeft": 9.959225422387863, "bus_lcPushy": 0.9984135585909075, "bus_lcSublane": 0.38961201587930516, "bus_tau_mean": 3.6682096807656412, "bus_tau_std": 1.8857760349946784, "bus_v_mean": 15.053955197156654, "bus_v_std": 8.448118190062035, "car_acc": 2.1905395613465126, "car_dcc": 2.386474290074071, "car_lcAssertive": 51.75232492895464, "car_lcCooperative": 0.5738855268923474, "car_lcLookaheadLeft": 45.15128234338813, "car_lcPushy": 0.1935589577238105, "car_lcSublane": 0.11396576145918635, "car_tau_mean": 1.029297745795518, "car_tau_std": 0.524909638531339, "car_v_mean": 16.938822577018104, "car_v_std": 8.477210140360107}, "datetime": {"datetime": "2024-08-04 14:26:31", "elapsed": 334.409727, "delta": 2.470368}}
{"target": -0.03703400473196388, "params": {"bus_acc": 1.6596891253637647, "bus_dcc": 3.0492230990096925, "bus_lcAssertive": 90.02287400703091, "bus_lcCooperative": 0.07569688175830336, "bus_lcLookaheadLeft": 88.10161059406751, "bus_lcPushy": 0.1908393632684806, "bus_lcSublane": 0.8497689100179306, "bus_tau_mean": 2.8349157604472137, "bus_tau_std": 3.4433919545005387, "bus_v_mean": 10.422009119884784, "bus_v_std": 6.353709614884534, "car_acc": 2.695576087429483, "car_dcc": 3.465548124292032, "car_lcAssertive": 63.195720115935124, "car_lcCooperative": 0.9563015097552321, "car_lcLookaheadLeft": 59.812466453425436, "car_lcPushy": 0.1978327846479193, "car_lcSublane": 0.4293307226164923, "car_tau_mean": 1.6786109954540855, "car_tau_std": 9.91945011907281, "car_v_mean": 14.083783937876236, "car_v_std": 9.92700873664818}, "datetime": {"datetime": "2024-08-04 14:26:35", "elapsed": 337.825418, "delta": 3.415691}}
{"target": -0.03427890296844826, "params": {"bus_acc": 1.5046514891406468, "bus_dcc": 3.2314775622252787, "bus_lcAssertive": 20.34751862982256, "bus_lcCooperative": 0.5813589272732578, "bus_lcLookaheadLeft": 97.06195893065461, "bus_lcPushy": 0.8468288014900353, "bus_lcSublane": 0.23984775914758616, "bus_tau_mean": 2.228193999940555, "bus_tau_std": 6.1995571838137975, "bus_v_mean": 21.26369439280286, "bus_v_std": 1.5679139464608427, "car_acc": 1.037152404354819, "car_dcc": 1.210066431157667, "car_lcAssertive": 49.14816598276615, "car_lcCooperative": 0.6063294616533303, "car_lcLookaheadLeft": 57.74744083447517, "car_lcPushy": 0.31736240932216075, "car_lcSublane": 0.9886161544124489, "car_tau_mean": 2.5291082673602894, "car_tau_std": 3.801411726235504, "car_v_mean": 16.815171505886347, "car_v_std": 7.453344309065021}, "datetime": {"datetime": "2024-08-04 14:26:36", "elapsed": 339.458621, "delta": 1.633203}}
{"target": -0.03397200319073873, "params": {"bus_acc": 1.7571611865012045, "bus_dcc": 1.5645827800894636, "bus_lcAssertive": 74.95347807396458, "bus_lcCooperative": 0.34037929076546725, "bus_lcLookaheadLeft": 79.939514405753, "bus_lcPushy": 0.4879009391796203, "bus_lcSublane": 0.5256694443509794, "bus_tau_mean": 0.5997179732204853, "bus_tau_std": 6.442320198790318, "bus_v_mean": 13.610504038914678, "bus_v_std": 2.2920502729206573, "car_acc": 1.8677667524234012, "car_dcc": 2.1474023718127526, "car_lcAssertive": 47.50911496854967, "car_lcCooperative": 0.9794833541798064, "car_lcLookaheadLeft": 37.70905089608658, "car_lcPushy": 0.7744101333360395, "car_lcSublane": 0.5527675965498925, "car_tau_mean": 3.61195881187619, "car_tau_std": 3.54952851149572, "car_v_mean": 11.92829888298412, "car_v_std": 9.110192396569683}, "datetime": {"datetime": "2024-08-04 14:26:38", "elapsed": 341.627692, "delta": 2.169071}}
{"target": -0.03426724609542015, "params": {"bus_acc": 1.6268483563184857, "bus_dcc": 3.0769678470079422, "bus_lcAssertive": 87.7625260773078, "bus_lcCooperative": 0.8946066635038473, "bus_lcLookaheadLeft": 10.334332714238235, "bus_lcPushy": 0.03905478323288236, "bus_lcSublane": 0.1698304195645689, "bus_tau_mean": 3.573498762002946, "bus_tau_std": 0.983468338330501, "bus_v_mean": 14.737722000080835, "bus_v_std": 9.57889530150502, "car_acc": 2.066330569946034, "car_dcc": 3.07563134185142, "car_lcAssertive": 32.23604746960023, "car_lcCooperative": 0.6865009276815837, "car_lcLookaheadLeft": 83.79331584594254, "car_lcPushy": 0.018288277344191806, "car_lcSublane": 0.7501443149449675, "car_tau_mean": 3.9610138111727315, "car_tau_std": 7.481656543798394, "car_v_mean": 12.487103873030483, "car_v_std": 7.892793284514886}, "datetime": {"datetime": "2024-08-04 14:26:39", "elapsed": 342.681732, "delta": 1.05404}}
{"target": -0.0315581247278785, "params": {"bus_acc": 2.632703023654428, "bus_dcc": 1.555391194807092, "bus_lcAssertive": 70.48577644587473, "bus_lcCooperative": 0.24035562484913886, "bus_lcLookaheadLeft": 58.273470706404254, "bus_lcPushy": 0.34898759722078887, "bus_lcSublane": 0.05696439948283272, "bus_tau_mean": 1.3008478483613155, "bus_tau_std": 6.641025553547935, "bus_v_mean": 15.9560014937685, "bus_v_std": 5.190159840736788, "car_acc": 1.349440300217845, "car_dcc": 2.712147554638769, "car_lcAssertive": 99.6785890956128, "car_lcCooperative": 0.8168351087916219, "car_lcLookaheadLeft": 60.24851713543582, "car_lcPushy": 0.9759890683309049, "car_lcSublane": 0.9015625846693213, "car_tau_mean": 2.5846277676092595, "car_tau_std": 0.32426325314457105, "car_v_mean": 9.497233533079692, "car_v_std": 0.6537171504222639}, "datetime": {"datetime": "2024-08-04 14:26:42", "elapsed": 345.786593, "delta": 3.104861}}
{"target": -0.03595140195714119, "params": {"bus_acc": 1.6225921649123343, "bus_dcc": 3.396918521084779, "bus_lcAssertive": 81.25228124124325, "bus_lcCooperative": 0.8599985915803449, "bus_lcLookaheadLeft": 46.9379794684451, "bus_lcPushy": 0.9306443921654484, "bus_lcSublane": 0.2578929844270399, "bus_tau_mean": 3.7705592238535464, "bus_tau_std": 6.191196332516605, "bus_v_mean": 23.76711863911729, "bus_v_std": 0.3264386596259239, "car_acc": 2.4503333176654167, "car_dcc": 2.6966627061411432, "car_lcAssertive": 49.74998069243364, "car_lcCooperative": 0.259218125650737, "car_lcLookaheadLeft": 34.029407116904764, "car_lcPushy": 0.24946220670138775, "car_lcSublane": 0.21926791032506077, "car_tau_mean": 3.298812931336936, "car_tau_std": 5.023950058982583, "car_v_mean": 9.331038219151964, "car_v_std": 7.769841920273803}, "datetime": {"datetime": "2024-08-04 14:26:46", "elapsed": 349.203064, "delta": 3.416471}}
