{"target": -0.1937860680522608, "params": {"bus_acc": 1.5, "bus_dcc": 1.8, "bus_lcAssertive": 18.6, "bus_lcCooperative": 0.8, "bus_lcLookaheadLeft": 32.9, "bus_lcPushy": 0.9, "bus_lcSublane": 0.3, "bus_max_v": 19.8, "bus_tau_mean": 1.8, "bus_tau_std": 12.3, "car_acc": 2.1, "car_dcc": 2.2, "car_lcAssertive": 79.0, "car_lcCooperative": 0.4, "car_lcLookaheadLeft": 46.9, "car_lcPushy": 0.6, "car_lcSublane": 0.4, "car_max_v": 25.6, "car_tau_mean": 1.4, "car_tau_std": 9.9}, "datetime": {"datetime": "2024-08-03 11:01:34", "elapsed": 30.31277, "delta": 0.796775}}
{"target": -0.09255548022765743, "params": {"bus_acc": 1.5, "bus_dcc": 1.8, "bus_lcAssertive": 80.4, "bus_lcCooperative": 0.8, "bus_lcLookaheadLeft": 84.4, "bus_lcPushy": 0.4, "bus_lcSublane": 0.5, "bus_max_v": 17.7, "bus_tau_mean": 1.5, "bus_tau_std": 4.8, "car_acc": 2.3, "car_dcc": 4.7, "car_lcAssertive": 68.8, "car_lcCooperative": 0.5, "car_lcLookaheadLeft": 94.5, "car_lcPushy": 0.4, "car_lcSublane": 0.3, "car_max_v": 21.5, "car_tau_mean": 1.1, "car_tau_std": 12.9}, "datetime": {"datetime": "2024-08-03 11:01:34", "elapsed": 30.617383, "delta": 0.304613}}
{"target": -0.06379161377968727, "params": {"bus_acc": 1.7, "bus_dcc": 3.0, "bus_lcAssertive": 4.4, "bus_lcCooperative": 0.1, "bus_lcLookaheadLeft": 13.6, "bus_lcPushy": 0.2, "bus_lcSublane": 0.3, "bus_max_v": 14.8, "bus_tau_mean": 2.6, "bus_tau_std": 7.0, "car_acc": 2.1, "car_dcc": 3.9, "car_lcAssertive": 20.4, "car_lcCooperative": 0.7, "car_lcLookaheadLeft": 4.2, "car_lcPushy": 0.7, "car_lcSublane": 0.7, "car_max_v": 23.9, "car_tau_mean": 1.1, "car_tau_std": 5.2}, "datetime": {"datetime": "2024-08-03 11:01:35", "elapsed": 31.226162, "delta": 0.608779}}
{"target": -0.07604049182355647, "params": {"bus_acc": 1.8, "bus_dcc": 2.8, "bus_lcAssertive": 66.3, "bus_lcCooperative": 0.3, "bus_lcLookaheadLeft": 21.7, "bus_lcPushy": 0.5, "bus_lcSublane": 0.2, "bus_max_v": 14.4, "bus_tau_mean": 2.3, "bus_tau_std": 5.0, "car_acc": 2.6, "car_dcc": 2.8, "car_lcAssertive": 24.6, "car_lcCooperative": 0.5, "car_lcLookaheadLeft": 19.8, "car_lcPushy": 0.6, "car_lcSublane": 0.9, "car_max_v": 17.8, "car_tau_mean": 1.4, "car_tau_std": 11.4}, "datetime": {"datetime": "2024-08-03 11:01:37", "elapsed": 32.926479, "delta": 1.700317}}
{"target": -0.09006894424711448, "params": {"bus_acc": 1.9, "bus_dcc": 3.1, "bus_lcAssertive": 26.3, "bus_lcCooperative": 0.5, "bus_lcLookaheadLeft": 7.1, "bus_lcPushy": 0.3, "bus_lcSublane": 0.2, "bus_max_v": 14.1, "bus_tau_mean": 0.5, "bus_tau_std": 5.7, "car_acc": 2.7, "car_dcc": 2.8, "car_lcAssertive": 24.1, "car_lcCooperative": 0.6, "car_lcLookaheadLeft": 46.5, "car_lcPushy": 0.4, "car_lcSublane": 0.7, "car_max_v": 10.3, "car_tau_mean": 0.9, "car_tau_std": 10.1}, "datetime": {"datetime": "2024-08-03 11:01:39", "elapsed": 34.820758, "delta": 1.894279}}
{"target": -0.10069351094765283, "params": {"bus_acc": 1.3, "bus_dcc": 3.4, "bus_lcAssertive": 87.6, "bus_lcCooperative": 0.5, "bus_lcLookaheadLeft": 60.2, "bus_lcPushy": 0.4, "bus_lcSublane": 0.5, "bus_max_v": 16.8, "bus_tau_mean": 2.7, "bus_tau_std": 1.0, "car_acc": 2.6, "car_dcc": 2.1, "car_lcAssertive": 86.3, "car_lcCooperative": 0.2, "car_lcLookaheadLeft": 41.9, "car_lcPushy": 0.1, "car_lcSublane": 0.6, "car_max_v": 28.3, "car_tau_mean": 0.6, "car_tau_std": 13.3}, "datetime": {"datetime": "2024-08-03 11:01:45", "elapsed": 41.453069, "delta": 6.632311}}
{"target": -0.08307419467113786, "params": {"bus_acc": 1.7, "bus_dcc": 2.3, "bus_lcAssertive": 72.6, "bus_lcCooperative": 0.9, "bus_lcLookaheadLeft": 92.8, "bus_lcPushy": 0.0, "bus_lcSublane": 0.3, "bus_max_v": 14.2, "bus_tau_mean": 2.6, "bus_tau_std": 2.5, "car_acc": 1.2, "car_dcc": 1.4, "car_lcAssertive": 62.6, "car_lcCooperative": 0.5, "car_lcLookaheadLeft": 97.3, "car_lcPushy": 0.9, "car_lcSublane": 0.6, "car_max_v": 17.8, "car_tau_mean": 1.6, "car_tau_std": 12.9}, "datetime": {"datetime": "2024-08-03 11:01:47", "elapsed": 43.021724, "delta": 1.568655}}
{"target": -0.06585827561511225, "params": {"bus_acc": 1.2, "bus_dcc": 1.9, "bus_lcAssertive": 18.0, "bus_lcCooperative": 0.3, "bus_lcLookaheadLeft": 23.4, "bus_lcPushy": 0.0, "bus_lcSublane": 0.2, "bus_max_v": 10.0, "bus_tau_mean": 1.1, "bus_tau_std": 11.0, "car_acc": 1.3, "car_dcc": 4.7, "car_lcAssertive": 89.3, "car_lcCooperative": 1.0, "car_lcLookaheadLeft": 18.5, "car_lcPushy": 0.1, "car_lcSublane": 0.4, "car_max_v": 12.1, "car_tau_mean": 2.9, "car_tau_std": 0.6}, "datetime": {"datetime": "2024-08-03 11:01:49", "elapsed": 44.837754, "delta": 1.81603}}
{"target": -0.15723216762466807, "params": {"bus_acc": 1.3, "bus_dcc": 3.1, "bus_lcAssertive": 7.2, "bus_lcCooperative": 0.5, "bus_lcLookaheadLeft": 19.8, "bus_lcPushy": 1.0, "bus_lcSublane": 0.0, "bus_max_v": 13.1, "bus_tau_mean": 2.1, "bus_tau_std": 3.4, "car_acc": 2.4, "car_dcc": 4.2, "car_lcAssertive": 20.6, "car_lcCooperative": 0.1, "car_lcLookaheadLeft": 2.1, "car_lcPushy": 0.3, "car_lcSublane": 0.2, "car_max_v": 23.0, "car_tau_mean": 1.7, "car_tau_std": 5.4}, "datetime": {"datetime": "2024-08-03 11:01:51", "elapsed": 46.832425, "delta": 1.994671}}
{"target": -0.06118907276236316, "params": {"bus_acc": 1.9, "bus_dcc": 3.8, "bus_lcAssertive": 71.3, "bus_lcCooperative": 0.2, "bus_lcLookaheadLeft": 29.9, "bus_lcPushy": 0.9, "bus_lcSublane": 0.7, "bus_max_v": 18.8, "bus_tau_mean": 1.9, "bus_tau_std": 10.4, "car_acc": 2.2, "car_dcc": 4.1, "car_lcAssertive": 41.2, "car_lcCooperative": 0.4, "car_lcLookaheadLeft": 23.3, "car_lcPushy": 0.0, "car_lcSublane": 0.4, "car_max_v": 14.8, "car_tau_mean": 2.9, "car_tau_std": 4.4}, "datetime": {"datetime": "2024-08-03 11:01:52", "elapsed": 48.435789, "delta": 1.603364}}
{"target": -0.06487192262636822, "params": {"bus_acc": 1.1, "bus_dcc": 2.2, "bus_lcAssertive": 75.7, "bus_lcCooperative": 0.9, "bus_lcLookaheadLeft": 30.6, "bus_lcPushy": 0.5, "bus_lcSublane": 0.6, "bus_max_v": 18.5, "bus_tau_mean": 2.1, "bus_tau_std": 5.4, "car_acc": 1.7, "car_dcc": 3.6, "car_lcAssertive": 44.4, "car_lcCooperative": 0.5, "car_lcLookaheadLeft": 40.1, "car_lcPushy": 0.1, "car_lcSublane": 0.4, "car_max_v": 19.6, "car_tau_mean": 0.6, "car_tau_std": 7.5}, "datetime": {"datetime": "2024-08-03 11:01:54", "elapsed": 49.855812, "delta": 1.420023}}
{"target": -0.1893897861705737, "params": {"bus_acc": 1.7, "bus_dcc": 4.0, "bus_lcAssertive": 64.5, "bus_lcCooperative": 0.8, "bus_lcLookaheadLeft": 20.1, "bus_lcPushy": 0.6, "bus_lcSublane": 0.5, "bus_max_v": 16.1, "bus_tau_mean": 0.5, "bus_tau_std": 14.0, "car_acc": 1.0, "car_dcc": 5.0, "car_lcAssertive": 18.1, "car_lcCooperative": 0.0, "car_lcLookaheadLeft": 9.0, "car_lcPushy": 0.6, "car_lcSublane": 0.2, "car_max_v": 20.3, "car_tau_mean": 1.3, "car_tau_std": 10.2}, "datetime": {"datetime": "2024-08-03 11:01:55", "elapsed": 51.312983, "delta": 1.457171}}
{"target": -0.06416564104300597, "params": {"bus_acc": 1.5, "bus_dcc": 4.0, "bus_lcAssertive": 57.9, "bus_lcCooperative": 1.0, "bus_lcLookaheadLeft": 18.5, "bus_lcPushy": 1.0, "bus_lcSublane": 0.8, "bus_max_v": 16.7, "bus_tau_mean": 0.5, "bus_tau_std": 15.0, "car_acc": 1.0, "car_dcc": 5.0, "car_lcAssertive": 14.5, "car_lcCooperative": 0.0, "car_lcLookaheadLeft": 9.0, "car_lcPushy": 0.8, "car_lcSublane": 0.0, "car_max_v": 21.1, "car_tau_mean": 1.7, "car_tau_std": 10.4}, "datetime": {"datetime": "2024-08-03 11:01:57", "elapsed": 53.60763, "delta": 2.294647}}
{"target": -0.5574665987632365, "params": {"bus_acc": 1.7, "bus_dcc": 4.0, "bus_lcAssertive": 62.8, "bus_lcCooperative": 1.0, "bus_lcLookaheadLeft": 20.0, "bus_lcPushy": 0.9, "bus_lcSublane": 1.0, "bus_max_v": 16.5, "bus_tau_mean": 0.5, "bus_tau_std": 15.0, "car_acc": 1.0, "car_dcc": 5.0, "car_lcAssertive": 16.3, "car_lcCooperative": 0.0, "car_lcLookaheadLeft": 9.6, "car_lcPushy": 1.0, "car_lcSublane": 0.2, "car_max_v": 20.7, "car_tau_mean": 1.5, "car_tau_std": 10.4}, "datetime": {"datetime": "2024-08-03 11:01:59", "elapsed": 55.707662, "delta": 2.100032}}
{"target": -0.06310667468387866, "params": {"bus_acc": 1.6, "bus_dcc": 3.2, "bus_lcAssertive": 69.6, "bus_lcCooperative": 0.8, "bus_lcLookaheadLeft": 20.8, "bus_lcPushy": 0.4, "bus_lcSublane": 0.5, "bus_max_v": 15.3, "bus_tau_mean": 1.1, "bus_tau_std": 11.1, "car_acc": 1.6, "car_dcc": 5.0, "car_lcAssertive": 23.5, "car_lcCooperative": 0.0, "car_lcLookaheadLeft": 9.8, "car_lcPushy": 0.6, "car_lcSublane": 0.3, "car_max_v": 20.2, "car_tau_mean": 1.3, "car_tau_std": 8.6}, "datetime": {"datetime": "2024-08-03 11:02:00", "elapsed": 56.414136, "delta": 0.706474}}
{"target": -0.08476014631478061, "params": {"bus_acc": 1.6, "bus_dcc": 2.9, "bus_lcAssertive": 70.0, "bus_lcCooperative": 0.8, "bus_lcLookaheadLeft": 20.9, "bus_lcPushy": 0.4, "bus_lcSublane": 0.5, "bus_max_v": 15.1, "bus_tau_mean": 1.2, "bus_tau_std": 10.9, "car_acc": 1.8, "car_dcc": 5.0, "car_lcAssertive": 24.5, "car_lcCooperative": 0.0, "car_lcLookaheadLeft": 10.6, "car_lcPushy": 0.5, "car_lcSublane": 0.3, "car_max_v": 20.5, "car_tau_mean": 1.3, "car_tau_std": 8.2}, "datetime": {"datetime": "2024-08-03 11:02:01", "elapsed": 57.161726, "delta": 0.74759}}
{"target": -0.05949283017117347, "params": {"bus_acc": 1.6, "bus_dcc": 3.9, "bus_lcAssertive": 67.0, "bus_lcCooperative": 0.9, "bus_lcLookaheadLeft": 20.2, "bus_lcPushy": 0.6, "bus_lcSublane": 0.6, "bus_max_v": 15.9, "bus_tau_mean": 0.8, "bus_tau_std": 12.3, "car_acc": 1.0, "car_dcc": 5.0, "car_lcAssertive": 20.7, "car_lcCooperative": 0.0, "car_lcLookaheadLeft": 8.6, "car_lcPushy": 0.7, "car_lcSublane": 0.2, "car_max_v": 19.7, "car_tau_mean": 1.3, "car_tau_std": 9.4}, "datetime": {"datetime": "2024-08-03 11:02:02", "elapsed": 57.954689, "delta": 0.792963}}
{"target": -0.09163283356690725, "params": {"bus_acc": 1.6, "bus_dcc": 4.0, "bus_lcAssertive": 67.3, "bus_lcCooperative": 1.0, "bus_lcLookaheadLeft": 15.6, "bus_lcPushy": 0.5, "bus_lcSublane": 0.9, "bus_max_v": 14.6, "bus_tau_mean": 0.5, "bus_tau_std": 14.9, "car_acc": 1.0, "car_dcc": 5.0, "car_lcAssertive": 22.5, "car_lcCooperative": 0.0, "car_lcLookaheadLeft": 5.8, "car_lcPushy": 0.7, "car_lcSublane": 0.0, "car_max_v": 17.6, "car_tau_mean": 0.9, "car_tau_std": 10.4}, "datetime": {"datetime": "2024-08-03 11:02:04", "elapsed": 59.782739, "delta": 1.82805}}
{"target": -0.4679865008855974, "params": {"bus_acc": 1.0, "bus_dcc": 1.8, "bus_lcAssertive": 9.4, "bus_lcCooperative": 1.0, "bus_lcLookaheadLeft": 44.9, "bus_lcPushy": 1.0, "bus_lcSublane": 1.0, "bus_max_v": 23.0, "bus_tau_mean": 3.0, "bus_tau_std": 15.0, "car_acc": 1.0, "car_dcc": 3.9, "car_lcAssertive": 78.9, "car_lcCooperative": 0.0, "car_lcLookaheadLeft": 55.6, "car_lcPushy": 0.7, "car_lcSublane": 0.0, "car_max_v": 16.0, "car_tau_mean": 1.0, "car_tau_std": 15.0}, "datetime": {"datetime": "2024-08-03 11:02:08", "elapsed": 63.972422, "delta": 4.189683}}
{"target": -0.0818132772507525, "params": {"bus_acc": 1.0, "bus_dcc": 1.8, "bus_lcAssertive": 9.4, "bus_lcCooperative": 1.0, "bus_lcLookaheadLeft": 45.1, "bus_lcPushy": 1.0, "bus_lcSublane": 1.0, "bus_max_v": 23.0, "bus_tau_mean": 3.0, "bus_tau_std": 15.0, "car_acc": 1.0, "car_dcc": 4.0, "car_lcAssertive": 78.9, "car_lcCooperative": 0.0, "car_lcLookaheadLeft": 55.8, "car_lcPushy": 0.8, "car_lcSublane": 0.0, "car_max_v": 15.8, "car_tau_mean": 1.0, "car_tau_std": 15.0}, "datetime": {"datetime": "2024-08-03 11:02:09", "elapsed": 65.639011, "delta": 1.666589}}
{"target": -0.7975455613625914, "params": {"bus_acc": 1.0, "bus_dcc": 1.8, "bus_lcAssertive": 9.3, "bus_lcCooperative": 1.0, "bus_lcLookaheadLeft": 45.3, "bus_lcPushy": 1.0, "bus_lcSublane": 1.0, "bus_max_v": 23.0, "bus_tau_mean": 3.0, "bus_tau_std": 15.0, "car_acc": 1.0, "car_dcc": 4.1, "car_lcAssertive": 78.8, "car_lcCooperative": 0.0, "car_lcLookaheadLeft": 55.9, "car_lcPushy": 0.8, "car_lcSublane": 0.0, "car_max_v": 15.8, "car_tau_mean": 1.0, "car_tau_std": 15.0}, "datetime": {"datetime": "2024-08-03 11:02:10", "elapsed": 66.431501, "delta": 0.79249}}
{"target": -0.10365223191379445, "params": {"bus_acc": 1.0, "bus_dcc": 1.8, "bus_lcAssertive": 9.7, "bus_lcCooperative": 1.0, "bus_lcLookaheadLeft": 44.3, "bus_lcPushy": 1.0, "bus_lcSublane": 1.0, "bus_max_v": 23.0, "bus_tau_mean": 3.0, "bus_tau_std": 15.0, "car_acc": 1.0, "car_dcc": 4.0, "car_lcAssertive": 79.0, "car_lcCooperative": 0.0, "car_lcLookaheadLeft": 55.3, "car_lcPushy": 0.8, "car_lcSublane": 0.0, "car_max_v": 16.5, "car_tau_mean": 1.0, "car_tau_std": 15.0}, "datetime": {"datetime": "2024-08-03 11:02:13", "elapsed": 69.382577, "delta": 2.951076}}
{"target": -0.2608555192302763, "params": {"bus_acc": 1.0, "bus_dcc": 1.8, "bus_lcAssertive": 9.6, "bus_lcCooperative": 1.0, "bus_lcLookaheadLeft": 44.5, "bus_lcPushy": 1.0, "bus_lcSublane": 1.0, "bus_max_v": 23.0, "bus_tau_mean": 3.0, "bus_tau_std": 15.0, "car_acc": 1.0, "car_dcc": 3.9, "car_lcAssertive": 79.0, "car_lcCooperative": 0.0, "car_lcLookaheadLeft": 55.3, "car_lcPushy": 0.7, "car_lcSublane": 0.0, "car_max_v": 16.2, "car_tau_mean": 1.1, "car_tau_std": 15.0}, "datetime": {"datetime": "2024-08-03 11:02:14", "elapsed": 70.201015, "delta": 0.818438}}
{"target": -0.05991924096291068, "params": {"bus_acc": 1.5, "bus_dcc": 4.0, "bus_lcAssertive": 66.8, "bus_lcCooperative": 1.0, "bus_lcLookaheadLeft": 15.4, "bus_lcPushy": 0.8, "bus_lcSublane": 0.8, "bus_max_v": 14.4, "bus_tau_mean": 0.5, "bus_tau_std": 14.1, "car_acc": 1.0, "car_dcc": 5.0, "car_lcAssertive": 22.6, "car_lcCooperative": 0.0, "car_lcLookaheadLeft": 5.5, "car_lcPushy": 0.4, "car_lcSublane": 0.0, "car_max_v": 17.8, "car_tau_mean": 1.6, "car_tau_std": 10.5}, "datetime": {"datetime": "2024-08-03 11:02:15", "elapsed": 70.924377, "delta": 0.723362}}
{"target": -0.36560803741958964, "params": {"bus_acc": 1.3, "bus_dcc": 4.0, "bus_lcAssertive": 76.2, "bus_lcCooperative": 0.7, "bus_lcLookaheadLeft": 36.1, "bus_lcPushy": 1.0, "bus_lcSublane": 0.7, "bus_max_v": 21.1, "bus_tau_mean": 2.0, "bus_tau_std": 8.2, "car_acc": 1.7, "car_dcc": 2.0, "car_lcAssertive": 52.7, "car_lcCooperative": 0.5, "car_lcLookaheadLeft": 29.2, "car_lcPushy": 0.0, "car_lcSublane": 0.0, "car_max_v": 16.6, "car_tau_mean": 2.7, "car_tau_std": 4.7}, "datetime": {"datetime": "2024-08-03 11:02:18", "elapsed": 73.99128, "delta": 3.066903}}
{"target": -0.14539772155917735, "params": {"bus_acc": 1.8, "bus_dcc": 3.3, "bus_lcAssertive": 66.9, "bus_lcCooperative": 0.5, "bus_lcLookaheadLeft": 19.1, "bus_lcPushy": 0.5, "bus_lcSublane": 0.4, "bus_max_v": 13.4, "bus_tau_mean": 1.8, "bus_tau_std": 5.9, "car_acc": 2.5, "car_dcc": 4.0, "car_lcAssertive": 26.1, "car_lcCooperative": 0.3, "car_lcLookaheadLeft": 19.7, "car_lcPushy": 0.6, "car_lcSublane": 0.8, "car_max_v": 16.6, "car_tau_mean": 1.2, "car_tau_std": 12.1}, "datetime": {"datetime": "2024-08-03 11:02:20", "elapsed": 76.508805, "delta": 2.517525}}
{"target": -0.057561750183413384, "params": {"bus_acc": 1.8, "bus_dcc": 3.4, "bus_lcAssertive": 67.0, "bus_lcCooperative": 0.5, "bus_lcLookaheadLeft": 18.8, "bus_lcPushy": 0.4, "bus_lcSublane": 0.4, "bus_max_v": 13.3, "bus_tau_mean": 1.8, "bus_tau_std": 5.9, "car_acc": 2.5, "car_dcc": 4.1, "car_lcAssertive": 26.3, "car_lcCooperative": 0.2, "car_lcLookaheadLeft": 19.8, "car_lcPushy": 0.6, "car_lcSublane": 0.8, "car_max_v": 16.5, "car_tau_mean": 1.2, "car_tau_std": 12.1}, "datetime": {"datetime": "2024-08-03 11:02:21", "elapsed": 77.605693, "delta": 1.096888}}
{"target": -0.06955081613598059, "params": {"bus_acc": 1.8, "bus_dcc": 3.3, "bus_lcAssertive": 67.0, "bus_lcCooperative": 0.5, "bus_lcLookaheadLeft": 18.9, "bus_lcPushy": 0.5, "bus_lcSublane": 0.4, "bus_max_v": 13.3, "bus_tau_mean": 1.8, "bus_tau_std": 5.9, "car_acc": 2.5, "car_dcc": 4.1, "car_lcAssertive": 26.2, "car_lcCooperative": 0.2, "car_lcLookaheadLeft": 19.7, "car_lcPushy": 0.6, "car_lcSublane": 0.8, "car_max_v": 16.5, "car_tau_mean": 1.2, "car_tau_std": 12.1}, "datetime": {"datetime": "2024-08-03 11:02:22", "elapsed": 78.513643, "delta": 0.90795}}
{"target": -0.09130095230272135, "params": {"bus_acc": 1.8, "bus_dcc": 3.3, "bus_lcAssertive": 66.9, "bus_lcCooperative": 0.5, "bus_lcLookaheadLeft": 19.2, "bus_lcPushy": 0.5, "bus_lcSublane": 0.4, "bus_max_v": 13.4, "bus_tau_mean": 1.9, "bus_tau_std": 5.9, "car_acc": 2.5, "car_dcc": 4.0, "car_lcAssertive": 26.1, "car_lcCooperative": 0.3, "car_lcLookaheadLeft": 19.8, "car_lcPushy": 0.6, "car_lcSublane": 0.8, "car_max_v": 16.7, "car_tau_mean": 1.2, "car_tau_std": 12.0}, "datetime": {"datetime": "2024-08-03 11:02:23", "elapsed": 79.525974, "delta": 1.012331}}
{"target": -0.08007956894057984, "params": {"bus_acc": 1.8, "bus_dcc": 3.3, "bus_lcAssertive": 66.9, "bus_lcCooperative": 0.5, "bus_lcLookaheadLeft": 19.2, "bus_lcPushy": 0.5, "bus_lcSublane": 0.4, "bus_max_v": 13.4, "bus_tau_mean": 1.8, "bus_tau_std": 5.9, "car_acc": 2.5, "car_dcc": 4.0, "car_lcAssertive": 26.1, "car_lcCooperative": 0.3, "car_lcLookaheadLeft": 19.8, "car_lcPushy": 0.6, "car_lcSublane": 0.8, "car_max_v": 16.7, "car_tau_mean": 1.2, "car_tau_std": 12.0}, "datetime": {"datetime": "2024-08-03 11:02:25", "elapsed": 80.850024, "delta": 1.32405}}
{"target": -0.0696401777058112, "params": {"bus_acc": 1.1, "bus_dcc": 1.5, "bus_lcAssertive": 81.1, "bus_lcCooperative": 0.6, "bus_lcLookaheadLeft": 60.6, "bus_lcPushy": 0.1, "bus_lcSublane": 0.8, "bus_max_v": 12.0, "bus_tau_mean": 1.1, "bus_tau_std": 4.7, "car_acc": 2.2, "car_dcc": 2.8, "car_lcAssertive": 35.0, "car_lcCooperative": 0.9, "car_lcLookaheadLeft": 45.0, "car_lcPushy": 0.3, "car_lcSublane": 0.0, "car_max_v": 12.3, "car_tau_mean": 1.0, "car_tau_std": 5.5}, "datetime": {"datetime": "2024-08-03 11:02:31", "elapsed": 87.338261, "delta": 6.488237}}
{"target": -0.0819033177132895, "params": {"bus_acc": 1.9, "bus_dcc": 2.7, "bus_lcAssertive": 76.9, "bus_lcCooperative": 0.8, "bus_lcLookaheadLeft": 12.5, "bus_lcPushy": 0.7, "bus_lcSublane": 0.1, "bus_max_v": 20.6, "bus_tau_mean": 2.6, "bus_tau_std": 4.2, "car_acc": 1.0, "car_dcc": 3.7, "car_lcAssertive": 35.4, "car_lcCooperative": 0.6, "car_lcLookaheadLeft": 43.2, "car_lcPushy": 0.5, "car_lcSublane": 0.7, "car_max_v": 26.5, "car_tau_mean": 2.6, "car_tau_std": 4.7}, "datetime": {"datetime": "2024-08-03 11:02:35", "elapsed": 91.204149, "delta": 3.865888}}
{"target": -0.09287544168865529, "params": {"bus_acc": 1.3, "bus_dcc": 1.6, "bus_lcAssertive": 51.6, "bus_lcCooperative": 0.2, "bus_lcLookaheadLeft": 42.4, "bus_lcPushy": 0.7, "bus_lcSublane": 0.2, "bus_max_v": 18.6, "bus_tau_mean": 0.5, "bus_tau_std": 14.7, "car_acc": 1.9, "car_dcc": 3.1, "car_lcAssertive": 36.8, "car_lcCooperative": 0.2, "car_lcLookaheadLeft": 53.9, "car_lcPushy": 0.3, "car_lcSublane": 0.5, "car_max_v": 18.3, "car_tau_mean": 2.8, "car_tau_std": 1.1}, "datetime": {"datetime": "2024-08-03 11:02:36", "elapsed": 92.011528, "delta": 0.807379}}
{"target": -0.09957976354766125, "params": {"bus_acc": 1.2, "bus_dcc": 3.0, "bus_lcAssertive": 58.2, "bus_lcCooperative": 0.3, "bus_lcLookaheadLeft": 38.8, "bus_lcPushy": 0.2, "bus_lcSublane": 0.5, "bus_max_v": 18.6, "bus_tau_mean": 1.4, "bus_tau_std": 6.1, "car_acc": 2.1, "car_dcc": 3.4, "car_lcAssertive": 48.0, "car_lcCooperative": 0.8, "car_lcLookaheadLeft": 61.3, "car_lcPushy": 0.3, "car_lcSublane": 0.6, "car_max_v": 28.2, "car_tau_mean": 2.4, "car_tau_std": 1.5}, "datetime": {"datetime": "2024-08-03 11:02:36", "elapsed": 92.653112, "delta": 0.641584}}
{"target": -0.08060804623739647, "params": {"bus_acc": 1.8, "bus_dcc": 3.3, "bus_lcAssertive": 37.8, "bus_lcCooperative": 0.9, "bus_lcLookaheadLeft": 65.8, "bus_lcPushy": 0.1, "bus_lcSublane": 0.1, "bus_max_v": 16.3, "bus_tau_mean": 1.9, "bus_tau_std": 14.2, "car_acc": 1.8, "car_dcc": 1.7, "car_lcAssertive": 54.7, "car_lcCooperative": 0.6, "car_lcLookaheadLeft": 36.4, "car_lcPushy": 0.8, "car_lcSublane": 0.8, "car_max_v": 23.7, "car_tau_mean": 2.2, "car_tau_std": 2.4}, "datetime": {"datetime": "2024-08-03 11:02:39", "elapsed": 95.427224, "delta": 2.774112}}
{"target": -0.663272083141026, "params": {"bus_acc": 1.5, "bus_dcc": 3.7, "bus_lcAssertive": 6.3, "bus_lcCooperative": 0.8, "bus_lcLookaheadLeft": 56.5, "bus_lcPushy": 0.5, "bus_lcSublane": 0.7, "bus_max_v": 19.2, "bus_tau_mean": 1.1, "bus_tau_std": 10.5, "car_acc": 1.6, "car_dcc": 3.1, "car_lcAssertive": 46.5, "car_lcCooperative": 0.2, "car_lcLookaheadLeft": 67.9, "car_lcPushy": 0.2, "car_lcSublane": 1.0, "car_max_v": 29.5, "car_tau_mean": 1.5, "car_tau_std": 14.0}, "datetime": {"datetime": "2024-08-03 11:02:42", "elapsed": 97.846359, "delta": 2.419135}}
{"target": -0.07285656867965869, "params": {"bus_acc": 1.5, "bus_dcc": 3.4, "bus_lcAssertive": 6.8, "bus_lcCooperative": 0.1, "bus_lcLookaheadLeft": 79.3, "bus_lcPushy": 0.0, "bus_lcSublane": 0.0, "bus_max_v": 21.0, "bus_tau_mean": 2.6, "bus_tau_std": 10.0, "car_acc": 1.7, "car_dcc": 1.2, "car_lcAssertive": 94.3, "car_lcCooperative": 0.2, "car_lcLookaheadLeft": 38.1, "car_lcPushy": 0.2, "car_lcSublane": 0.8, "car_max_v": 18.8, "car_tau_mean": 1.5, "car_tau_std": 9.9}, "datetime": {"datetime": "2024-08-03 11:02:43", "elapsed": 99.585165, "delta": 1.738806}}
{"target": -0.072259647593368, "params": {"bus_acc": 1.1, "bus_dcc": 3.5, "bus_lcAssertive": 39.0, "bus_lcCooperative": 0.3, "bus_lcLookaheadLeft": 28.8, "bus_lcPushy": 0.2, "bus_lcSublane": 0.8, "bus_max_v": 16.6, "bus_tau_mean": 0.9, "bus_tau_std": 1.6, "car_acc": 1.4, "car_dcc": 4.1, "car_lcAssertive": 75.3, "car_lcCooperative": 0.9, "car_lcLookaheadLeft": 48.3, "car_lcPushy": 0.6, "car_lcSublane": 0.7, "car_max_v": 12.8, "car_tau_mean": 2.7, "car_tau_std": 5.5}, "datetime": {"datetime": "2024-08-03 11:02:44", "elapsed": 100.575377, "delta": 0.990212}}
{"target": -0.1652449035324837, "params": {"bus_acc": 1.9, "bus_dcc": 2.7, "bus_lcAssertive": 78.4, "bus_lcCooperative": 0.5, "bus_lcLookaheadLeft": 9.2, "bus_lcPushy": 0.5, "bus_lcSublane": 0.7, "bus_max_v": 11.2, "bus_tau_mean": 2.6, "bus_tau_std": 3.4, "car_acc": 2.6, "car_dcc": 1.4, "car_lcAssertive": 70.7, "car_lcCooperative": 1.0, "car_lcLookaheadLeft": 66.0, "car_lcPushy": 0.9, "car_lcSublane": 0.0, "car_max_v": 32.4, "car_tau_mean": 0.8, "car_tau_std": 6.4}, "datetime": {"datetime": "2024-08-03 11:02:47", "elapsed": 102.851389, "delta": 2.276012}}
