{"target": -0.3476879619683405, "params": {"bus_acc": 4.3401, "bus_dcc": 1.017, "bus_lcAssertive": 47.5071, "bus_lcCooperative": 0.42, "bus_lcLookaheadLeft": 73.7923, "bus_lcPushy": 0.4949, "bus_lcSigma": 0.8818, "bus_lcSpeedGainRight": 0.2093, "bus_lcSublane": 0.7358, "bus_sigma": 0.2823, "bus_tau_mean": 2.3286, "bus_tau_std": 3.3853, "bus_v_mean": 20.5701, "bus_v_std": 5.6918, "car_acc": 3.6808, "car_dcc": 3.594, "car_lcAssertive": 20.2831, "car_lcCooperative": 0.5664, "car_lcLookaheadLeft": 74.9368, "car_lcPushy": 0.7046, "car_lcSigma": 0.0373, "car_lcSpeedGainRight": 3.2493, "car_lcSublane": 0.1525, "car_sigma": 0.8945, "car_tau_mean": 3.836, "car_tau_std": 7.3625, "car_v_mean": 22.0336, "car_v_std": 13.6416}, "datetime": {"datetime": "2024-08-08 13:07:17", "elapsed": 1224.799893, "delta": 18.920623}}
{"target": -0.31681031990821706, "params": {"bus_acc": 2.9147, "bus_dcc": 3.7793, "bus_lcAssertive": 58.9689, "bus_lcCooperative": 0.1375, "bus_lcLookaheadLeft": 52.9653, "bus_lcPushy": 0.8082, "bus_lcSigma": 0.7829, "bus_lcSpeedGainRight": 0.2574, "bus_lcSublane": 0.6889, "bus_sigma": 0.5312, "bus_tau_mean": 3.5827, "bus_tau_std": 0.4668, "bus_v_mean": 17.9692, "bus_v_std": 0.2383, "car_acc": 1.7822, "car_dcc": 2.7788, "car_lcAssertive": 80.8545, "car_lcCooperative": 0.9579, "car_lcLookaheadLeft": 80.6857, "car_lcPushy": 0.5419, "car_lcSigma": 0.4713, "car_lcSpeedGainRight": 1.24, "car_lcSublane": 0.735, "car_sigma": 0.2784, "car_tau_mean": 0.8425, "car_tau_std": 9.2688, "car_v_mean": 9.6864, "car_v_std": 1.1938}, "datetime": {"datetime": "2024-08-08 13:07:20", "elapsed": 1228.517655, "delta": 3.717762}}
{"target": -0.40941758038836695, "params": {"bus_acc": 3.7054, "bus_dcc": 2.2533, "bus_lcAssertive": 51.3815, "bus_lcCooperative": 0.5029, "bus_lcLookaheadLeft": 38.8267, "bus_lcPushy": 0.2738, "bus_lcSigma": 0.6384, "bus_lcSpeedGainRight": 4.2474, "bus_lcSublane": 0.3845, "bus_sigma": 0.3137, "bus_tau_mean": 2.0476, "bus_tau_std": 0.2886, "bus_v_mean": 20.0185, "bus_v_std": 0.2865, "car_acc": 3.9154, "car_dcc": 3.2944, "car_lcAssertive": 16.1493, "car_lcCooperative": 0.5399, "car_lcLookaheadLeft": 86.8982, "car_lcPushy": 0.6902, "car_lcSigma": 0.0935, "car_lcSpeedGainRight": 1.5635, "car_lcSublane": 0.3055, "car_sigma": 0.2369, "car_tau_mean": 2.3133, "car_tau_std": 8.041, "car_v_mean": 22.8869, "car_v_std": 5.3365}, "datetime": {"datetime": "2024-08-08 13:07:25", "elapsed": 1233.142362, "delta": 4.624707}}
{"target": -0.38755185761478483, "params": {"bus_acc": 2.3905, "bus_dcc": 2.5713, "bus_lcAssertive": 62.8099, "bus_lcCooperative": 0.9155, "bus_lcLookaheadLeft": 62.6596, "bus_lcPushy": 0.3527, "bus_lcSigma": 0.5263, "bus_lcSpeedGainRight": 4.5091, "bus_lcSublane": 0.4695, "bus_sigma": 0.3856, "bus_tau_mean": 2.8866, "bus_tau_std": 6.5432, "bus_v_mean": 8.318, "bus_v_std": 17.7891, "car_acc": 3.1364, "car_dcc": 2.3111, "car_lcAssertive": 36.3518, "car_lcCooperative": 0.3274, "car_lcLookaheadLeft": 16.6041, "car_lcPushy": 0.3925, "car_lcSigma": 0.9898, "car_lcSpeedGainRight": 4.041, "car_lcSublane": 0.86, "car_sigma": 0.5926, "car_tau_mean": 1.8564, "car_tau_std": 9.8649, "car_v_mean": 10.3529, "car_v_std": 15.0377}, "datetime": {"datetime": "2024-08-08 13:07:39", "elapsed": 1247.47179, "delta": 14.329428}}
{"target": -0.3963970982598746, "params": {"bus_acc": 3.4683, "bus_dcc": 3.5973, "bus_lcAssertive": 85.5246, "bus_lcCooperative": 0.9, "bus_lcLookaheadLeft": 56.7841, "bus_lcPushy": 0.3044, "bus_lcSigma": 0.1104, "bus_lcSpeedGainRight": 2.0659, "bus_lcSublane": 0.2748, "bus_sigma": 0.6366, "bus_tau_mean": 3.9909, "bus_tau_std": 5.6431, "bus_v_mean": 12.9812, "bus_v_std": 12.5729, "car_acc": 1.8045, "car_dcc": 2.6234, "car_lcAssertive": 59.1525, "car_lcCooperative": 0.8187, "car_lcLookaheadLeft": 5.5493, "car_lcPushy": 0.8201, "car_lcSigma": 0.6652, "car_lcSpeedGainRight": 1.5773, "car_lcSublane": 0.5827, "car_sigma": 0.9764, "car_tau_mean": 2.0774, "car_tau_std": 9.3712, "car_v_mean": 8.914, "car_v_std": 12.6922}, "datetime": {"datetime": "2024-08-08 13:07:54", "elapsed": 1261.983159, "delta": 14.511369}}
{"target": -0.2990722903033068, "params": {"bus_acc": 4.93, "bus_dcc": 2.3869, "bus_lcAssertive": 79.8675, "bus_lcCooperative": 0.6196, "bus_lcLookaheadLeft": 64.9919, "bus_lcPushy": 0.0885, "bus_lcSigma": 0.8038, "bus_lcSpeedGainRight": 4.3219, "bus_lcSublane": 0.7157, "bus_sigma": 0.1448, "bus_tau_mean": 0.5006, "bus_tau_std": 6.7115, "bus_v_mean": 13.9722, "bus_v_std": 10.0472, "car_acc": 3.6498, "car_dcc": 2.2087, "car_lcAssertive": 1.9203, "car_lcCooperative": 0.2729, "car_lcLookaheadLeft": 22.4679, "car_lcPushy": 0.6374, "car_lcSigma": 0.894, "car_lcSpeedGainRight": 1.8101, "car_lcSublane": 0.8171, "car_sigma": 0.8771, "car_tau_mean": 3.4472, "car_tau_std": 2.9591, "car_v_mean": 8.2808, "car_v_std": 10.6466}, "datetime": {"datetime": "2024-08-08 13:07:57", "elapsed": 1265.423113, "delta": 3.439954}}
{"target": -0.3538740537175053, "params": {"bus_acc": 4.2751, "bus_dcc": 3.1287, "bus_lcAssertive": 75.5247, "bus_lcCooperative": 0.5705, "bus_lcLookaheadLeft": 47.6897, "bus_lcPushy": 0.0968, "bus_lcSigma": 0.6884, "bus_lcSpeedGainRight": 1.6034, "bus_lcSublane": 0.3184, "bus_sigma": 0.4934, "bus_tau_mean": 2.3217, "bus_tau_std": 3.4601, "bus_v_mean": 18.7574, "bus_v_std": 9.0085, "car_acc": 1.6106, "car_dcc": 1.4246, "car_lcAssertive": 51.683, "car_lcCooperative": 0.3785, "car_lcLookaheadLeft": 7.1191, "car_lcPushy": 0.7432, "car_lcSigma": 0.0127, "car_lcSpeedGainRight": 0.7786, "car_lcSublane": 0.4207, "car_sigma": 0.9766, "car_tau_mean": 3.8431, "car_tau_std": 1.6942, "car_v_mean": 14.5089, "car_v_std": 2.0259}, "datetime": {"datetime": "2024-08-08 13:08:12", "elapsed": 1280.455363, "delta": 15.03225}}
{"target": -0.32556919594094025, "params": {"bus_acc": 1.4794, "bus_dcc": 2.0671, "bus_lcAssertive": 75.3391, "bus_lcCooperative": 0.6728, "bus_lcLookaheadLeft": 27.5972, "bus_lcPushy": 0.5771, "bus_lcSigma": 0.606, "bus_lcSpeedGainRight": 3.0871, "bus_lcSublane": 0.4605, "bus_sigma": 0.5175, "bus_tau_mean": 1.7749, "bus_tau_std": 4.0396, "bus_v_mean": 11.0475, "bus_v_std": 13.0429, "car_acc": 3.3145, "car_dcc": 2.8216, "car_lcAssertive": 6.4433, "car_lcCooperative": 0.3838, "car_lcLookaheadLeft": 14.2117, "car_lcPushy": 0.497, "car_lcSigma": 0.9009, "car_lcSpeedGainRight": 2.5932, "car_lcSublane": 0.4788, "car_sigma": 0.6233, "car_tau_mean": 3.4207, "car_tau_std": 3.1864, "car_v_mean": 19.4265, "car_v_std": 15.5161}, "datetime": {"datetime": "2024-08-08 13:08:13", "elapsed": 1280.999168, "delta": 0.543805}}
{"target": -0.3892848343895967, "params": {"bus_acc": 2.4275, "bus_dcc": 2.4408, "bus_lcAssertive": 72.3979, "bus_lcCooperative": 0.5548, "bus_lcLookaheadLeft": 76.7492, "bus_lcPushy": 0.0401, "bus_lcSigma": 0.6952, "bus_lcSpeedGainRight": 0.8391, "bus_lcSublane": 0.8322, "bus_sigma": 0.5852, "bus_tau_mean": 1.952, "bus_tau_std": 0.8985, "bus_v_mean": 14.9839, "bus_v_std": 1.6019, "car_acc": 2.9842, "car_dcc": 2.7499, "car_lcAssertive": 83.5505, "car_lcCooperative": 0.6621, "car_lcLookaheadLeft": 22.1125, "car_lcPushy": 0.9087, "car_lcSigma": 0.5808, "car_lcSpeedGainRight": 4.0591, "car_lcSublane": 0.6427, "car_sigma": 0.063, "car_tau_mean": 3.2849, "car_tau_std": 9.6113, "car_v_mean": 18.6813, "car_v_std": 3.3463}, "datetime": {"datetime": "2024-08-08 13:08:15", "elapsed": 1282.991692, "delta": 1.992524}}
{"target": -0.3264339533609043, "params": {"bus_acc": 1.3936, "bus_dcc": 2.1187, "bus_lcAssertive": 75.8786, "bus_lcCooperative": 0.6793, "bus_lcLookaheadLeft": 27.3197, "bus_lcPushy": 0.5789, "bus_lcSigma": 0.6018, "bus_lcSpeedGainRight": 3.0548, "bus_lcSublane": 0.4368, "bus_sigma": 0.5342, "bus_tau_mean": 1.7316, "bus_tau_std": 4.0833, "bus_v_mean": 10.8789, "bus_v_std": 13.043, "car_acc": 3.2924, "car_dcc": 2.7787, "car_lcAssertive": 5.9751, "car_lcCooperative": 0.3855, "car_lcLookaheadLeft": 13.6098, "car_lcPushy": 0.4895, "car_lcSigma": 0.8997, "car_lcSpeedGainRight": 2.6415, "car_lcSublane": 0.479, "car_sigma": 0.6014, "car_tau_mean": 3.4762, "car_tau_std": 3.3371, "car_v_mean": 19.0288, "car_v_std": 15.2787}, "datetime": {"datetime": "2024-08-08 13:08:20", "elapsed": 1287.521553, "delta": 4.529861}}
{"target": -0.3371546667175286, "params": {"bus_acc": 1.2757, "bus_dcc": 2.1759, "bus_lcAssertive": 76.7499, "bus_lcCooperative": 0.6699, "bus_lcLookaheadLeft": 26.7484, "bus_lcPushy": 0.5665, "bus_lcSigma": 0.5828, "bus_lcSpeedGainRight": 3.0205, "bus_lcSublane": 0.3975, "bus_sigma": 0.5399, "bus_tau_mean": 1.7056, "bus_tau_std": 4.036, "bus_v_mean": 10.6024, "bus_v_std": 12.8926, "car_acc": 3.297, "car_dcc": 2.7648, "car_lcAssertive": 5.4177, "car_lcCooperative": 0.3767, "car_lcLookaheadLeft": 13.111, "car_lcPushy": 0.4681, "car_lcSigma": 0.8914, "car_lcSpeedGainRight": 2.6402, "car_lcSublane": 0.4543, "car_sigma": 0.5588, "car_tau_mean": 3.5, "car_tau_std": 3.4315, "car_v_mean": 18.615, "car_v_std": 15.1675}, "datetime": {"datetime": "2024-08-08 13:08:31", "elapsed": 1299.24385, "delta": 11.722297}}
{"target": -0.3671213982137209, "params": {"bus_acc": 2.1152, "bus_dcc": 3.2275, "bus_lcAssertive": 40.3307, "bus_lcCooperative": 0.2922, "bus_lcLookaheadLeft": 34.9369, "bus_lcPushy": 0.0284, "bus_lcSigma": 0.6445, "bus_lcSpeedGainRight": 2.1835, "bus_lcSublane": 0.8077, "bus_sigma": 0.9995, "bus_tau_mean": 1.839, "bus_tau_std": 6.243, "bus_v_mean": 20.2992, "bus_v_std": 5.691, "car_acc": 2.8683, "car_dcc": 3.825, "car_lcAssertive": 24.9069, "car_lcCooperative": 0.3188, "car_lcLookaheadLeft": 36.9472, "car_lcPushy": 0.3421, "car_lcSigma": 0.3165, "car_lcSpeedGainRight": 0.3933, "car_lcSublane": 0.7983, "car_sigma": 0.8743, "car_tau_mean": 2.7197, "car_tau_std": 9.1832, "car_v_mean": 21.0538, "car_v_std": 19.3473}, "datetime": {"datetime": "2024-08-08 13:08:58", "elapsed": 1325.959648, "delta": 26.715798}}
{"target": -0.3262412783252958, "params": {"bus_acc": 2.4221, "bus_dcc": 2.1655, "bus_lcAssertive": 54.2055, "bus_lcCooperative": 0.8882, "bus_lcLookaheadLeft": 12.8441, "bus_lcPushy": 0.8027, "bus_lcSigma": 0.6646, "bus_lcSpeedGainRight": 4.9851, "bus_lcSublane": 0.0196, "bus_sigma": 0.975, "bus_tau_mean": 1.2201, "bus_tau_std": 0.1323, "bus_v_mean": 10.4356, "bus_v_std": 7.2634, "car_acc": 3.5854, "car_dcc": 1.7238, "car_lcAssertive": 38.006, "car_lcCooperative": 0.6841, "car_lcLookaheadLeft": 78.7903, "car_lcPushy": 0.785, "car_lcSigma": 0.9826, "car_lcSpeedGainRight": 0.7074, "car_lcSublane": 0.8342, "car_sigma": 0.5988, "car_tau_mean": 2.8361, "car_tau_std": 6.4764, "car_v_mean": 19.9547, "car_v_std": 11.4623}, "datetime": {"datetime": "2024-08-08 13:09:03", "elapsed": 1331.190795, "delta": 5.231147}}
{"target": -0.3551999762093926, "params": {"bus_acc": 1.2196, "bus_dcc": 1.9747, "bus_lcAssertive": 83.8266, "bus_lcCooperative": 0.136, "bus_lcLookaheadLeft": 52.6929, "bus_lcPushy": 0.0735, "bus_lcSigma": 0.6773, "bus_lcSpeedGainRight": 2.9465, "bus_lcSublane": 0.3172, "bus_sigma": 0.1322, "bus_tau_mean": 3.6207, "bus_tau_std": 6.2615, "bus_v_mean": 10.6077, "bus_v_std": 11.6024, "car_acc": 3.1264, "car_dcc": 2.9098, "car_lcAssertive": 32.2277, "car_lcCooperative": 0.5428, "car_lcLookaheadLeft": 44.6531, "car_lcPushy": 0.4918, "car_lcSigma": 0.7011, "car_lcSpeedGainRight": 1.6827, "car_lcSublane": 0.8381, "car_sigma": 0.3069, "car_tau_mean": 0.7703, "car_tau_std": 8.4632, "car_v_mean": 16.8917, "car_v_std": 10.3871}, "datetime": {"datetime": "2024-08-08 13:09:05", "elapsed": 1333.35149, "delta": 2.160695}}
{"target": -0.32213418252476156, "params": {"bus_acc": 1.7263, "bus_dcc": 1.9811, "bus_lcAssertive": 75.0383, "bus_lcCooperative": 0.6369, "bus_lcLookaheadLeft": 27.9188, "bus_lcPushy": 0.5514, "bus_lcSigma": 0.6306, "bus_lcSpeedGainRight": 3.1233, "bus_lcSublane": 0.5118, "bus_sigma": 0.4356, "bus_tau_mean": 2.0156, "bus_tau_std": 3.6511, "bus_v_mean": 11.3519, "bus_v_std": 12.1623, "car_acc": 3.5243, "car_dcc": 3.0085, "car_lcAssertive": 8.1231, "car_lcCooperative": 0.4036, "car_lcLookaheadLeft": 16.7351, "car_lcPushy": 0.5315, "car_lcSigma": 0.8964, "car_lcSpeedGainRight": 2.3741, "car_lcSublane": 0.4669, "car_sigma": 0.716, "car_tau_mean": 3.1505, "car_tau_std": 2.658, "car_v_mean": 20.5597, "car_v_std": 16.4926}, "datetime": {"datetime": "2024-08-08 13:09:11", "elapsed": 1339.328883, "delta": 5.977393}}
{"target": -0.34358864959020946, "params": {"bus_acc": 1.6742, "bus_dcc": 1.9909, "bus_lcAssertive": 74.9017, "bus_lcCooperative": 0.6226, "bus_lcLookaheadLeft": 27.8613, "bus_lcPushy": 0.5525, "bus_lcSigma": 0.6181, "bus_lcSpeedGainRight": 3.1, "bus_lcSublane": 0.5029, "bus_sigma": 0.4181, "bus_tau_mean": 1.9236, "bus_tau_std": 3.7268, "bus_v_mean": 11.2891, "bus_v_std": 12.3298, "car_acc": 3.406, "car_dcc": 2.948, "car_lcAssertive": 7.8065, "car_lcCooperative": 0.3781, "car_lcLookaheadLeft": 16.1754, "car_lcPushy": 0.5092, "car_lcSigma": 0.8767, "car_lcSpeedGainRight": 2.4085, "car_lcSublane": 0.4512, "car_sigma": 0.6718, "car_tau_mean": 3.1354, "car_tau_std": 2.7311, "car_v_mean": 20.3633, "car_v_std": 16.2404}, "datetime": {"datetime": "2024-08-08 13:09:12", "elapsed": 1340.158145, "delta": 0.829262}}
{"target": -0.37163521336596017, "params": {"bus_acc": 4.9662, "bus_dcc": 2.0328, "bus_lcAssertive": 96.8007, "bus_lcCooperative": 0.6385, "bus_lcLookaheadLeft": 60.5357, "bus_lcPushy": 0.0696, "bus_lcSigma": 0.742, "bus_lcSpeedGainRight": 0.9312, "bus_lcSublane": 0.809, "bus_sigma": 0.9758, "bus_tau_mean": 0.6108, "bus_tau_std": 6.2486, "bus_v_mean": 23.8863, "bus_v_std": 11.8098, "car_acc": 2.1842, "car_dcc": 2.5204, "car_lcAssertive": 30.5841, "car_lcCooperative": 0.2063, "car_lcLookaheadLeft": 57.7787, "car_lcPushy": 0.5002, "car_lcSigma": 0.5617, "car_lcSpeedGainRight": 1.7362, "car_lcSublane": 0.0432, "car_sigma": 0.8855, "car_tau_mean": 1.8202, "car_tau_std": 6.6996, "car_v_mean": 10.3868, "car_v_std": 2.188}, "datetime": {"datetime": "2024-08-08 13:09:13", "elapsed": 1340.922884, "delta": 0.764739}}
{"target": -0.33999089859106296, "params": {"bus_acc": 1.6243, "bus_dcc": 2.0114, "bus_lcAssertive": 74.9825, "bus_lcCooperative": 0.6509, "bus_lcLookaheadLeft": 27.8004, "bus_lcPushy": 0.5654, "bus_lcSigma": 0.6193, "bus_lcSpeedGainRight": 3.118, "bus_lcSublane": 0.492, "bus_sigma": 0.4739, "bus_tau_mean": 1.9002, "bus_tau_std": 3.8576, "bus_v_mean": 11.2222, "bus_v_std": 12.683, "car_acc": 3.4083, "car_dcc": 2.9208, "car_lcAssertive": 7.4016, "car_lcCooperative": 0.3858, "car_lcLookaheadLeft": 15.5066, "car_lcPushy": 0.5093, "car_lcSigma": 0.8971, "car_lcSpeedGainRight": 2.4684, "car_lcSublane": 0.4709, "car_sigma": 0.6715, "car_tau_mean": 3.2834, "car_tau_std": 2.877, "car_v_mean": 20.078, "car_v_std": 16.0133}, "datetime": {"datetime": "2024-08-08 13:09:14", "elapsed": 1341.796781, "delta": 0.873897}}
{"target": -0.3431890924002898, "params": {"bus_acc": 1.8053, "bus_dcc": 1.9356, "bus_lcAssertive": 75.3104, "bus_lcCooperative": 0.6073, "bus_lcLookaheadLeft": 28.1097, "bus_lcPushy": 0.5315, "bus_lcSigma": 0.631, "bus_lcSpeedGainRight": 3.076, "bus_lcSublane": 0.5138, "bus_sigma": 0.3807, "bus_tau_mean": 2.1013, "bus_tau_std": 3.3777, "bus_v_mean": 11.4516, "bus_v_std": 11.3774, "car_acc": 3.6613, "car_dcc": 3.0837, "car_lcAssertive": 8.8398, "car_lcCooperative": 0.4065, "car_lcLookaheadLeft": 18.1381, "car_lcPushy": 0.5368, "car_lcSigma": 0.8795, "car_lcSpeedGainRight": 2.2644, "car_lcSublane": 0.4443, "car_sigma": 0.7581, "car_tau_mean": 2.9861, "car_tau_std": 2.4345, "car_v_mean": 21.066, "car_v_std": 17.0955}, "datetime": {"datetime": "2024-08-08 13:09:16", "elapsed": 1344.194103, "delta": 2.397322}}
{"target": -0.35513215773232637, "params": {"bus_acc": 2.9937, "bus_dcc": 2.6297, "bus_lcAssertive": 52.0381, "bus_lcCooperative": 0.3876, "bus_lcLookaheadLeft": 10.43, "bus_lcPushy": 0.5924, "bus_lcSigma": 0.4297, "bus_lcSpeedGainRight": 2.8583, "bus_lcSublane": 0.0608, "bus_sigma": 0.66, "bus_tau_mean": 3.5534, "bus_tau_std": 8.215, "bus_v_mean": 19.6229, "bus_v_std": 9.1419, "car_acc": 4.1623, "car_dcc": 2.9823, "car_lcAssertive": 47.4323, "car_lcCooperative": 0.2495, "car_lcLookaheadLeft": 33.6552, "car_lcPushy": 0.3059, "car_lcSigma": 0.1906, "car_lcSpeedGainRight": 1.3061, "car_lcSublane": 0.1863, "car_sigma": 0.3067, "car_tau_mean": 0.9418, "car_tau_std": 5.0018, "car_v_mean": 16.3107, "car_v_std": 13.9027}, "datetime": {"datetime": "2024-08-08 13:09:19", "elapsed": 1347.05664, "delta": 2.862537}}
{"target": -0.32107076256698935, "params": {"bus_acc": 1.8109, "bus_dcc": 1.989, "bus_lcAssertive": 75.3849, "bus_lcCooperative": 0.6248, "bus_lcLookaheadLeft": 28.2226, "bus_lcPushy": 0.5641, "bus_lcSigma": 0.6428, "bus_lcSpeedGainRight": 3.0238, "bus_lcSublane": 0.5209, "bus_sigma": 0.3907, "bus_tau_mean": 2.0813, "bus_tau_std": 3.4877, "bus_v_mean": 11.5098, "bus_v_std": 11.4717, "car_acc": 3.5822, "car_dcc": 3.0436, "car_lcAssertive": 8.7247, "car_lcCooperative": 0.4277, "car_lcLookaheadLeft": 17.7651, "car_lcPushy": 0.5308, "car_lcSigma": 0.89, "car_lcSpeedGainRight": 2.3281, "car_lcSublane": 0.4258, "car_sigma": 0.7714, "car_tau_mean": 2.9571, "car_tau_std": 2.5891, "car_v_mean": 20.9292, "car_v_std": 16.9253}, "datetime": {"datetime": "2024-08-08 13:09:27", "elapsed": 1355.479497, "delta": 8.422857}}
{"target": -0.3200961236269204, "params": {"bus_acc": 4.6817, "bus_dcc": 1.7829, "bus_lcAssertive": 81.185, "bus_lcCooperative": 0.5234, "bus_lcLookaheadLeft": 7.4272, "bus_lcPushy": 0.3454, "bus_lcSigma": 0.757, "bus_lcSpeedGainRight": 4.3723, "bus_lcSublane": 0.2821, "bus_sigma": 0.8836, "bus_tau_mean": 2.5854, "bus_tau_std": 6.1357, "bus_v_mean": 12.247, "bus_v_std": 7.3822, "car_acc": 3.1257, "car_dcc": 1.6797, "car_lcAssertive": 37.6699, "car_lcCooperative": 0.1326, "car_lcLookaheadLeft": 68.8904, "car_lcPushy": 0.3669, "car_lcSigma": 0.3168, "car_lcSpeedGainRight": 2.7667, "car_lcSublane": 0.3497, "car_sigma": 0.4389, "car_tau_mean": 2.2743, "car_tau_std": 5.4743, "car_v_mean": 13.9404, "car_v_std": 15.0455}, "datetime": {"datetime": "2024-08-08 13:09:33", "elapsed": 1361.063177, "delta": 5.58368}}
{"target": -0.3483335652912619, "params": {"bus_acc": 1.7327, "bus_dcc": 1.9656, "bus_lcAssertive": 75.0963, "bus_lcCooperative": 0.6266, "bus_lcLookaheadLeft": 27.8733, "bus_lcPushy": 0.5517, "bus_lcSigma": 0.6319, "bus_lcSpeedGainRight": 3.1149, "bus_lcSublane": 0.4861, "bus_sigma": 0.4218, "bus_tau_mean": 2.035, "bus_tau_std": 3.5588, "bus_v_mean": 11.3224, "bus_v_std": 12.0039, "car_acc": 3.544, "car_dcc": 3.0409, "car_lcAssertive": 8.3802, "car_lcCooperative": 0.3922, "car_lcLookaheadLeft": 17.1281, "car_lcPushy": 0.519, "car_lcSigma": 0.8863, "car_lcSpeedGainRight": 2.3439, "car_lcSublane": 0.4627, "car_sigma": 0.7297, "car_tau_mean": 3.1331, "car_tau_std": 2.5173, "car_v_mean": 20.6412, "car_v_std": 16.6276}, "datetime": {"datetime": "2024-08-08 13:09:38", "elapsed": 1366.272135, "delta": 5.208958}}
{"target": -0.3572375882522446, "params": {"bus_acc": 1.8245, "bus_dcc": 1.9366, "bus_lcAssertive": 75.4781, "bus_lcCooperative": 0.5989, "bus_lcLookaheadLeft": 28.1203, "bus_lcPushy": 0.5323, "bus_lcSigma": 0.6325, "bus_lcSpeedGainRight": 3.0314, "bus_lcSublane": 0.5108, "bus_sigma": 0.3718, "bus_tau_mean": 2.1451, "bus_tau_std": 3.2626, "bus_v_mean": 11.5311, "bus_v_std": 10.9925, "car_acc": 3.7164, "car_dcc": 3.095, "car_lcAssertive": 9.0793, "car_lcCooperative": 0.4152, "car_lcLookaheadLeft": 18.6176, "car_lcPushy": 0.5393, "car_lcSigma": 0.8749, "car_lcSpeedGainRight": 2.26, "car_lcSublane": 0.4465, "car_sigma": 0.78, "car_tau_mean": 2.9101, "car_tau_std": 2.3853, "car_v_mean": 21.2109, "car_v_std": 17.2312}, "datetime": {"datetime": "2024-08-08 13:09:41", "elapsed": 1368.590883, "delta": 2.318748}}
{"target": -0.31763268510866094, "params": {"bus_acc": 4.5765, "bus_dcc": 1.6944, "bus_lcAssertive": 78.0335, "bus_lcCooperative": 0.4695, "bus_lcLookaheadLeft": 10.551, "bus_lcPushy": 0.2034, "bus_lcSigma": 0.8948, "bus_lcSpeedGainRight": 5.0, "bus_lcSublane": 0.2389, "bus_sigma": 0.9291, "bus_tau_mean": 2.5819, "bus_tau_std": 3.6954, "bus_v_mean": 12.606, "bus_v_std": 6.1852, "car_acc": 3.3834, "car_dcc": 1.1296, "car_lcAssertive": 38.8663, "car_lcCooperative": 0.1064, "car_lcLookaheadLeft": 74.7764, "car_lcPushy": 0.6987, "car_lcSigma": 0.4058, "car_lcSpeedGainRight": 2.5843, "car_lcSublane": 0.2435, "car_sigma": 0.4464, "car_tau_mean": 1.9897, "car_tau_std": 4.1861, "car_v_mean": 14.03, "car_v_std": 13.0026}, "datetime": {"datetime": "2024-08-08 13:09:45", "elapsed": 1373.090581, "delta": 4.499698}}
{"target": -0.33685442375241686, "params": {"bus_acc": 1.8323, "bus_dcc": 1.881, "bus_lcAssertive": 76.1982, "bus_lcCooperative": 0.5924, "bus_lcLookaheadLeft": 28.8481, "bus_lcPushy": 0.5282, "bus_lcSigma": 0.6148, "bus_lcSpeedGainRight": 3.0266, "bus_lcSublane": 0.5409, "bus_sigma": 0.3455, "bus_tau_mean": 2.1174, "bus_tau_std": 3.2681, "bus_v_mean": 11.4426, "bus_v_std": 10.695, "car_acc": 3.7426, "car_dcc": 3.1117, "car_lcAssertive": 9.1835, "car_lcCooperative": 0.4346, "car_lcLookaheadLeft": 18.7006, "car_lcPushy": 0.5524, "car_lcSigma": 0.8555, "car_lcSpeedGainRight": 2.2902, "car_lcSublane": 0.4368, "car_sigma": 0.7782, "car_tau_mean": 2.8944, "car_tau_std": 2.4719, "car_v_mean": 21.4056, "car_v_std": 17.1485}, "datetime": {"datetime": "2024-08-08 13:09:46", "elapsed": 1373.740495, "delta": 0.649914}}
