{"target": -0.24076018518072492, "params": {"bus_acc": 1.0668, "bus_dcc": 1.7499, "bus_lcAssertive": 79.4422, "bus_lcCooperative": 0.7224, "bus_lcLookaheadLeft": 26.1092, "bus_lcPushy": 0.5581, "bus_lcSigma": 0.5888, "bus_lcSpeedGainRight": 3.6101, "bus_lcSublane": 0.4669, "bus_sigma": 0.408, "bus_tau_mean": 1.5812, "bus_tau_std": 2.3863, "bus_v_mean": 9.4833, "bus_v_std": 12.9209, "car_acc": 3.6815, "car_dcc": 3.0652, "car_lcAssertive": 1.3146, "car_lcCooperative": 0.4415, "car_lcLookaheadLeft": 14.0134, "car_lcPushy": 0.5298, "car_lcSigma": 0.9829, "car_lcSpeedGainRight": 2.4996, "car_lcSublane": 0.3779, "car_sigma": 0.817, "car_tau_mean": 3.8919, "car_tau_std": 2.8744, "car_v_mean": 20.8512, "car_v_std": 19.926}, "datetime": {"datetime": "2024-08-08 18:00:16", "elapsed": 2201.193253, "delta": 1.519782}}
{"target": -0.31177619849215393, "params": {"bus_acc": 2.424, "bus_dcc": 3.5579, "bus_lcAssertive": 62.9893, "bus_lcCooperative": 0.3938, "bus_lcLookaheadLeft": 25.4734, "bus_lcPushy": 0.2478, "bus_lcSigma": 0.4715, "bus_lcSpeedGainRight": 1.0663, "bus_lcSublane": 0.4829, "bus_sigma": 0.2444, "bus_tau_mean": 0.9732, "bus_tau_std": 6.89, "bus_v_mean": 20.2285, "bus_v_std": 17.0058, "car_acc": 2.3247, "car_dcc": 1.7891, "car_lcAssertive": 92.3764, "car_lcCooperative": 0.7763, "car_lcLookaheadLeft": 47.5022, "car_lcPushy": 0.8281, "car_lcSigma": 0.2352, "car_lcSpeedGainRight": 2.7502, "car_lcSublane": 0.8516, "car_sigma": 0.859, "car_tau_mean": 3.3326, "car_tau_std": 0.1433, "car_v_mean": 17.9479, "car_v_std": 17.3111}, "datetime": {"datetime": "2024-08-08 18:00:18", "elapsed": 2203.446108, "delta": 2.252855}}
{"target": -0.31312558363664406, "params": {"bus_acc": 1.5063, "bus_dcc": 3.3568, "bus_lcAssertive": 26.5371, "bus_lcCooperative": 0.7525, "bus_lcLookaheadLeft": 47.9942, "bus_lcPushy": 0.482, "bus_lcSigma": 0.8041, "bus_lcSpeedGainRight": 3.6719, "bus_lcSublane": 0.3452, "bus_sigma": 0.9458, "bus_tau_mean": 2.9216, "bus_tau_std": 0.3668, "bus_v_mean": 14.8311, "bus_v_std": 2.8769, "car_acc": 3.7327, "car_dcc": 3.8112, "car_lcAssertive": 37.4997, "car_lcCooperative": 0.2511, "car_lcLookaheadLeft": 27.7387, "car_lcPushy": 0.1453, "car_lcSigma": 0.2249, "car_lcSpeedGainRight": 4.9279, "car_lcSublane": 0.3083, "car_sigma": 0.0568, "car_tau_mean": 1.3119, "car_tau_std": 0.9918, "car_v_mean": 15.8526, "car_v_std": 15.0916}, "datetime": {"datetime": "2024-08-08 18:00:19", "elapsed": 2204.505743, "delta": 1.059635}}
{"target": -0.3298443891021556, "params": {"bus_acc": 4.4672, "bus_dcc": 3.1107, "bus_lcAssertive": 63.5844, "bus_lcCooperative": 0.1312, "bus_lcLookaheadLeft": 88.3034, "bus_lcPushy": 0.0522, "bus_lcSigma": 0.4436, "bus_lcSpeedGainRight": 0.4754, "bus_lcSublane": 0.8832, "bus_sigma": 0.9828, "bus_tau_mean": 3.5564, "bus_tau_std": 6.1558, "bus_v_mean": 12.4667, "bus_v_std": 19.7138, "car_acc": 4.2139, "car_dcc": 3.9893, "car_lcAssertive": 98.112, "car_lcCooperative": 0.7245, "car_lcLookaheadLeft": 20.7387, "car_lcPushy": 0.2154, "car_lcSigma": 0.2237, "car_lcSpeedGainRight": 2.7454, "car_lcSublane": 0.6878, "car_sigma": 0.5404, "car_tau_mean": 1.3555, "car_tau_std": 3.0869, "car_v_mean": 22.9763, "car_v_std": 7.1784}, "datetime": {"datetime": "2024-08-08 18:00:21", "elapsed": 2206.756264, "delta": 2.250521}}
{"target": -0.28689484917067926, "params": {"bus_acc": 3.963, "bus_dcc": 2.8362, "bus_lcAssertive": 76.9826, "bus_lcCooperative": 0.9975, "bus_lcLookaheadLeft": 41.8432, "bus_lcPushy": 0.8137, "bus_lcSigma": 0.0135, "bus_lcSpeedGainRight": 2.435, "bus_lcSublane": 0.2142, "bus_sigma": 0.0746, "bus_tau_mean": 3.7346, "bus_tau_std": 1.2289, "bus_v_mean": 11.6774, "bus_v_std": 14.8477, "car_acc": 4.1955, "car_dcc": 1.9928, "car_lcAssertive": 46.4652, "car_lcCooperative": 0.9943, "car_lcLookaheadLeft": 7.9544, "car_lcPushy": 0.8893, "car_lcSigma": 0.9304, "car_lcSpeedGainRight": 1.4594, "car_lcSublane": 0.7928, "car_sigma": 0.2657, "car_tau_mean": 1.971, "car_tau_std": 6.3913, "car_v_mean": 13.3291, "car_v_std": 9.8143}, "datetime": {"datetime": "2024-08-08 18:00:23", "elapsed": 2208.124568, "delta": 1.368304}}
{"target": -0.2782654449451749, "params": {"bus_acc": 3.1829, "bus_dcc": 2.296, "bus_lcAssertive": 52.5258, "bus_lcCooperative": 0.8801, "bus_lcLookaheadLeft": 13.5921, "bus_lcPushy": 0.4893, "bus_lcSigma": 0.5476, "bus_lcSpeedGainRight": 1.6405, "bus_lcSublane": 0.638, "bus_sigma": 0.1748, "bus_tau_mean": 1.3276, "bus_tau_std": 8.8136, "bus_v_mean": 12.8814, "bus_v_std": 11.8362, "car_acc": 1.6164, "car_dcc": 1.3252, "car_lcAssertive": 13.8876, "car_lcCooperative": 0.8524, "car_lcLookaheadLeft": 80.3895, "car_lcPushy": 0.7749, "car_lcSigma": 0.834, "car_lcSpeedGainRight": 2.1339, "car_lcSublane": 0.3158, "car_sigma": 0.2835, "car_tau_mean": 3.485, "car_tau_std": 5.7686, "car_v_mean": 8.9566, "car_v_std": 16.1817}, "datetime": {"datetime": "2024-08-08 18:00:24", "elapsed": 2209.246172, "delta": 1.121604}}
{"target": -0.31194720490908695, "params": {"bus_acc": 1.5451, "bus_dcc": 3.3378, "bus_lcAssertive": 58.9697, "bus_lcCooperative": 0.4215, "bus_lcLookaheadLeft": 82.0661, "bus_lcPushy": 0.5007, "bus_lcSigma": 0.1602, "bus_lcSpeedGainRight": 4.7394, "bus_lcSublane": 0.6468, "bus_sigma": 0.7552, "bus_tau_mean": 1.6963, "bus_tau_std": 3.5904, "bus_v_mean": 12.8728, "bus_v_std": 16.2096, "car_acc": 3.867, "car_dcc": 1.1261, "car_lcAssertive": 17.7572, "car_lcCooperative": 0.7967, "car_lcLookaheadLeft": 93.0627, "car_lcPushy": 0.8229, "car_lcSigma": 0.0864, "car_lcSpeedGainRight": 3.67, "car_lcSublane": 0.2756, "car_sigma": 0.2987, "car_tau_mean": 3.2313, "car_tau_std": 1.4958, "car_v_mean": 10.2791, "car_v_std": 12.8311}, "datetime": {"datetime": "2024-08-08 18:00:25", "elapsed": 2210.27452, "delta": 1.028348}}
{"target": -0.3428073354026436, "params": {"bus_acc": 3.6514, "bus_dcc": 1.0081, "bus_lcAssertive": 31.9485, "bus_lcCooperative": 0.177, "bus_lcLookaheadLeft": 30.6304, "bus_lcPushy": 0.3786, "bus_lcSigma": 0.6878, "bus_lcSpeedGainRight": 4.1533, "bus_lcSublane": 0.0759, "bus_sigma": 0.2326, "bus_tau_mean": 0.5703, "bus_tau_std": 7.8481, "bus_v_mean": 22.7984, "bus_v_std": 6.3845, "car_acc": 2.8622, "car_dcc": 3.9131, "car_lcAssertive": 51.5098, "car_lcCooperative": 0.3666, "car_lcLookaheadLeft": 20.355, "car_lcPushy": 0.655, "car_lcSigma": 0.8797, "car_lcSpeedGainRight": 4.6069, "car_lcSublane": 0.1177, "car_sigma": 0.5008, "car_tau_mean": 2.4407, "car_tau_std": 8.9368, "car_v_mean": 20.5914, "car_v_std": 13.9421}, "datetime": {"datetime": "2024-08-08 18:00:26", "elapsed": 2211.327285, "delta": 1.052765}}
{"target": -0.33413840767177677, "params": {"bus_acc": 1.7758, "bus_dcc": 2.7727, "bus_lcAssertive": 70.2308, "bus_lcCooperative": 0.0964, "bus_lcLookaheadLeft": 94.9654, "bus_lcPushy": 0.1133, "bus_lcSigma": 0.4556, "bus_lcSpeedGainRight": 0.7305, "bus_lcSublane": 0.2079, "bus_sigma": 0.4392, "bus_tau_mean": 3.3707, "bus_tau_std": 5.6047, "bus_v_mean": 11.7802, "bus_v_std": 0.4417, "car_acc": 1.6011, "car_dcc": 3.8285, "car_lcAssertive": 15.5804, "car_lcCooperative": 0.7986, "car_lcLookaheadLeft": 51.6244, "car_lcPushy": 0.9804, "car_lcSigma": 0.901, "car_lcSpeedGainRight": 1.0515, "car_lcSublane": 0.5487, "car_sigma": 0.7707, "car_tau_mean": 3.9739, "car_tau_std": 2.2182, "car_v_mean": 23.519, "car_v_std": 6.0166}, "datetime": {"datetime": "2024-08-08 18:00:27", "elapsed": 2212.636001, "delta": 1.308716}}
{"target": -0.31480036747943096, "params": {"bus_acc": 1.0001, "bus_dcc": 1.2983, "bus_lcAssertive": 58.2406, "bus_lcCooperative": 0.2387, "bus_lcLookaheadLeft": 34.7844, "bus_lcPushy": 0.836, "bus_lcSigma": 0.7146, "bus_lcSpeedGainRight": 3.5535, "bus_lcSublane": 0.7218, "bus_sigma": 0.8495, "bus_tau_mean": 3.4453, "bus_tau_std": 5.8904, "bus_v_mean": 11.9719, "bus_v_std": 2.4635, "car_acc": 2.1877, "car_dcc": 2.5694, "car_lcAssertive": 18.1481, "car_lcCooperative": 0.0617, "car_lcLookaheadLeft": 88.0527, "car_lcPushy": 0.7789, "car_lcSigma": 0.6322, "car_lcSpeedGainRight": 0.907, "car_lcSublane": 0.317, "car_sigma": 0.9251, "car_tau_mean": 1.5354, "car_tau_std": 4.9501, "car_v_mean": 18.4346, "car_v_std": 0.4085}, "datetime": {"datetime": "2024-08-08 18:00:29", "elapsed": 2214.591867, "delta": 1.955866}}
{"target": -0.2986676112526823, "params": {"bus_acc": 1.2087, "bus_dcc": 1.7239, "bus_lcAssertive": 83.2731, "bus_lcCooperative": 0.5861, "bus_lcLookaheadLeft": 80.5809, "bus_lcPushy": 0.6242, "bus_lcSigma": 0.06, "bus_lcSpeedGainRight": 2.0105, "bus_lcSublane": 0.7271, "bus_sigma": 0.9224, "bus_tau_mean": 1.4068, "bus_tau_std": 9.0692, "bus_v_mean": 14.244, "bus_v_std": 3.9001, "car_acc": 4.1081, "car_dcc": 1.5244, "car_lcAssertive": 97.7496, "car_lcCooperative": 0.2169, "car_lcLookaheadLeft": 39.1813, "car_lcPushy": 0.9075, "car_lcSigma": 0.3213, "car_lcSpeedGainRight": 3.4143, "car_lcSublane": 0.9639, "car_sigma": 0.6604, "car_tau_mean": 1.0585, "car_tau_std": 7.9316, "car_v_mean": 22.8623, "car_v_std": 12.4388}, "datetime": {"datetime": "2024-08-08 18:00:31", "elapsed": 2216.543461, "delta": 1.951594}}
{"target": -0.3293825680427987, "params": {"bus_acc": 4.4105, "bus_dcc": 1.3604, "bus_lcAssertive": 33.0602, "bus_lcCooperative": 0.9367, "bus_lcLookaheadLeft": 32.3253, "bus_lcPushy": 0.007, "bus_lcSigma": 0.1097, "bus_lcSpeedGainRight": 1.5269, "bus_lcSublane": 0.4031, "bus_sigma": 0.4414, "bus_tau_mean": 3.9352, "bus_tau_std": 8.4679, "bus_v_mean": 16.7138, "bus_v_std": 19.3968, "car_acc": 1.2876, "car_dcc": 3.8105, "car_lcAssertive": 17.0046, "car_lcCooperative": 0.9212, "car_lcLookaheadLeft": 40.8455, "car_lcPushy": 0.6113, "car_lcSigma": 0.6373, "car_lcSpeedGainRight": 3.3361, "car_lcSublane": 0.2979, "car_sigma": 0.5003, "car_tau_mean": 3.8575, "car_tau_std": 1.0074, "car_v_mean": 15.409, "car_v_std": 12.6158}, "datetime": {"datetime": "2024-08-08 18:00:32", "elapsed": 2217.950103, "delta": 1.406642}}
{"target": -0.3062028130982464, "params": {"bus_acc": 4.5075, "bus_dcc": 1.5061, "bus_lcAssertive": 51.4443, "bus_lcCooperative": 0.5561, "bus_lcLookaheadLeft": 75.4036, "bus_lcPushy": 0.5656, "bus_lcSigma": 0.2086, "bus_lcSpeedGainRight": 4.5776, "bus_lcSublane": 0.8298, "bus_sigma": 0.1349, "bus_tau_mean": 1.7994, "bus_tau_std": 4.382, "bus_v_mean": 23.3106, "bus_v_std": 17.2486, "car_acc": 2.9608, "car_dcc": 3.4796, "car_lcAssertive": 7.2446, "car_lcCooperative": 0.7361, "car_lcLookaheadLeft": 44.0588, "car_lcPushy": 0.8732, "car_lcSigma": 0.553, "car_lcSpeedGainRight": 2.1205, "car_lcSublane": 0.6774, "car_sigma": 0.8418, "car_tau_mean": 1.4347, "car_tau_std": 8.3918, "car_v_mean": 19.2869, "car_v_std": 19.4289}, "datetime": {"datetime": "2024-08-08 18:00:35", "elapsed": 2220.499627, "delta": 2.549524}}
{"target": -0.3644745674201695, "params": {"bus_acc": 1.2193, "bus_dcc": 3.1229, "bus_lcAssertive": 35.3862, "bus_lcCooperative": 0.998, "bus_lcLookaheadLeft": 57.7114, "bus_lcPushy": 0.6581, "bus_lcSigma": 0.0661, "bus_lcSpeedGainRight": 3.9558, "bus_lcSublane": 0.944, "bus_sigma": 0.1059, "bus_tau_mean": 0.5876, "bus_tau_std": 2.1925, "bus_v_mean": 16.8668, "bus_v_std": 15.8065, "car_acc": 1.9066, "car_dcc": 2.0591, "car_lcAssertive": 88.9419, "car_lcCooperative": 0.0093, "car_lcLookaheadLeft": 77.6132, "car_lcPushy": 0.5586, "car_lcSigma": 0.8962, "car_lcSpeedGainRight": 4.2879, "car_lcSublane": 0.0629, "car_sigma": 0.8298, "car_tau_mean": 1.7781, "car_tau_std": 3.8559, "car_v_mean": 10.1586, "car_v_std": 4.3857}, "datetime": {"datetime": "2024-08-08 18:00:36", "elapsed": 2221.75139, "delta": 1.251763}}
{"target": -0.3077117294739287, "params": {"bus_acc": 1.7673, "bus_dcc": 3.9217, "bus_lcAssertive": 72.3083, "bus_lcCooperative": 0.1902, "bus_lcLookaheadLeft": 62.1438, "bus_lcPushy": 0.8972, "bus_lcSigma": 0.7512, "bus_lcSpeedGainRight": 1.2886, "bus_lcSublane": 0.2723, "bus_sigma": 0.7734, "bus_tau_mean": 3.1301, "bus_tau_std": 1.2537, "bus_v_mean": 19.7242, "bus_v_std": 6.3533, "car_acc": 2.4001, "car_dcc": 1.1754, "car_lcAssertive": 77.2421, "car_lcCooperative": 0.2953, "car_lcLookaheadLeft": 36.6181, "car_lcPushy": 0.518, "car_lcSigma": 0.3678, "car_lcSpeedGainRight": 3.2027, "car_lcSublane": 0.4696, "car_sigma": 0.2405, "car_tau_mean": 3.1231, "car_tau_std": 5.0912, "car_v_mean": 21.0367, "car_v_std": 14.8046}, "datetime": {"datetime": "2024-08-08 18:00:39", "elapsed": 2224.222027, "delta": 2.470637}}
{"target": -0.2904181255143011, "params": {"bus_acc": 1.0668, "bus_dcc": 1.7499, "bus_lcAssertive": 79.4422, "bus_lcCooperative": 0.7224, "bus_lcLookaheadLeft": 26.1092, "bus_lcPushy": 0.5581, "bus_lcSigma": 0.5888, "bus_lcSpeedGainRight": 3.6101, "bus_lcSublane": 0.4669, "bus_sigma": 0.408, "bus_tau_mean": 1.5812, "bus_tau_std": 2.3863, "bus_v_mean": 9.4832, "bus_v_std": 12.9209, "car_acc": 3.6815, "car_dcc": 3.0652, "car_lcAssertive": 1.3146, "car_lcCooperative": 0.4414, "car_lcLookaheadLeft": 14.0134, "car_lcPushy": 0.5298, "car_lcSigma": 0.9829, "car_lcSpeedGainRight": 2.4996, "car_lcSublane": 0.3778, "car_sigma": 0.817, "car_tau_mean": 3.8919, "car_tau_std": 2.8744, "car_v_mean": 20.8512, "car_v_std": 19.926}, "datetime": {"datetime": "2024-08-08 18:00:40", "elapsed": 2225.499002, "delta": 1.276975}}
{"target": -0.29755408849193005, "params": {"bus_acc": 2.8059, "bus_dcc": 2.4418, "bus_lcAssertive": 98.3594, "bus_lcCooperative": 0.1937, "bus_lcLookaheadLeft": 90.9822, "bus_lcPushy": 0.6356, "bus_lcSigma": 0.3063, "bus_lcSpeedGainRight": 3.9118, "bus_lcSublane": 0.475, "bus_sigma": 0.5976, "bus_tau_mean": 0.9878, "bus_tau_std": 2.7623, "bus_v_mean": 13.9787, "bus_v_std": 15.0553, "car_acc": 3.8805, "car_dcc": 2.8562, "car_lcAssertive": 33.4064, "car_lcCooperative": 0.8507, "car_lcLookaheadLeft": 18.6131, "car_lcPushy": 0.8008, "car_lcSigma": 0.517, "car_lcSpeedGainRight": 2.5906, "car_lcSublane": 0.5038, "car_sigma": 0.9652, "car_tau_mean": 2.393, "car_tau_std": 1.7209, "car_v_mean": 15.3424, "car_v_std": 9.0203}, "datetime": {"datetime": "2024-08-08 18:00:41", "elapsed": 2227.088801, "delta": 1.589799}}
{"target": -0.2996832945595705, "params": {"bus_acc": 2.1064, "bus_dcc": 1.5216, "bus_lcAssertive": 42.9114, "bus_lcCooperative": 0.3953, "bus_lcLookaheadLeft": 40.1811, "bus_lcPushy": 0.287, "bus_lcSigma": 0.5391, "bus_lcSpeedGainRight": 2.408, "bus_lcSublane": 0.9353, "bus_sigma": 0.7323, "bus_tau_mean": 1.4571, "bus_tau_std": 2.2701, "bus_v_mean": 18.6526, "bus_v_std": 11.129, "car_acc": 3.3066, "car_dcc": 1.5118, "car_lcAssertive": 20.1427, "car_lcCooperative": 0.4994, "car_lcLookaheadLeft": 10.3201, "car_lcPushy": 0.0412, "car_lcSigma": 0.8542, "car_lcSpeedGainRight": 2.2477, "car_lcSublane": 0.8155, "car_sigma": 0.7907, "car_tau_mean": 3.8169, "car_tau_std": 6.5178, "car_v_mean": 21.6194, "car_v_std": 17.025}, "datetime": {"datetime": "2024-08-08 18:00:43", "elapsed": 2228.245624, "delta": 1.156823}}
{"target": -0.282862408090608, "params": {"bus_acc": 2.019, "bus_dcc": 1.6007, "bus_lcAssertive": 53.3002, "bus_lcCooperative": 0.2846, "bus_lcLookaheadLeft": 19.9787, "bus_lcPushy": 0.9928, "bus_lcSigma": 0.6424, "bus_lcSpeedGainRight": 2.7422, "bus_lcSublane": 0.8614, "bus_sigma": 0.2992, "bus_tau_mean": 1.4146, "bus_tau_std": 4.4599, "bus_v_mean": 8.2867, "bus_v_std": 15.7769, "car_acc": 1.6055, "car_dcc": 1.3945, "car_lcAssertive": 76.1101, "car_lcCooperative": 0.7, "car_lcLookaheadLeft": 46.7576, "car_lcPushy": 0.4272, "car_lcSigma": 0.2923, "car_lcSpeedGainRight": 0.431, "car_lcSublane": 0.092, "car_sigma": 0.0955, "car_tau_mean": 2.0156, "car_tau_std": 6.6059, "car_v_mean": 22.0801, "car_v_std": 10.3688}, "datetime": {"datetime": "2024-08-08 18:00:45", "elapsed": 2230.375847, "delta": 2.130223}}
{"target": -0.33301204110115773, "params": {"bus_acc": 4.7556, "bus_dcc": 3.1985, "bus_lcAssertive": 28.0702, "bus_lcCooperative": 0.8468, "bus_lcLookaheadLeft": 98.0023, "bus_lcPushy": 0.7536, "bus_lcSigma": 0.4845, "bus_lcSpeedGainRight": 2.1082, "bus_lcSublane": 0.9879, "bus_sigma": 0.1811, "bus_tau_mean": 2.2042, "bus_tau_std": 1.4863, "bus_v_mean": 11.5555, "bus_v_std": 0.8096, "car_acc": 2.4615, "car_dcc": 3.3797, "car_lcAssertive": 43.9307, "car_lcCooperative": 0.0574, "car_lcLookaheadLeft": 33.4382, "car_lcPushy": 0.0548, "car_lcSigma": 0.04, "car_lcSpeedGainRight": 2.6363, "car_lcSublane": 0.4452, "car_sigma": 0.5678, "car_tau_mean": 1.0141, "car_tau_std": 7.8689, "car_v_mean": 19.8252, "car_v_std": 7.5352}, "datetime": {"datetime": "2024-08-08 18:00:47", "elapsed": 2233.018351, "delta": 2.642504}}
{"target": -0.4506998029814833, "params": {"bus_acc": 4.8137, "bus_dcc": 1.5879, "bus_lcAssertive": 63.5044, "bus_lcCooperative": 0.0117, "bus_lcLookaheadLeft": 17.2205, "bus_lcPushy": 0.4119, "bus_lcSigma": 0.7201, "bus_lcSpeedGainRight": 3.4426, "bus_lcSublane": 0.1391, "bus_sigma": 0.4955, "bus_tau_mean": 3.853, "bus_tau_std": 6.1843, "bus_v_mean": 17.9681, "bus_v_std": 16.4897, "car_acc": 4.0394, "car_dcc": 1.6199, "car_lcAssertive": 77.6864, "car_lcCooperative": 0.3393, "car_lcLookaheadLeft": 77.7238, "car_lcPushy": 0.782, "car_lcSigma": 0.4584, "car_lcSpeedGainRight": 4.3992, "car_lcSublane": 0.8686, "car_sigma": 0.1822, "car_tau_mean": 3.2055, "car_tau_std": 3.034, "car_v_mean": 23.49, "car_v_std": 4.1257}, "datetime": {"datetime": "2024-08-08 18:00:49", "elapsed": 2234.403811, "delta": 1.38546}}
{"target": -0.30197450597692116, "params": {"bus_acc": 1.1102, "bus_dcc": 3.2542, "bus_lcAssertive": 15.8537, "bus_lcCooperative": 0.8133, "bus_lcLookaheadLeft": 87.7706, "bus_lcPushy": 0.2968, "bus_lcSigma": 0.8508, "bus_lcSpeedGainRight": 1.9015, "bus_lcSublane": 0.0001, "bus_sigma": 0.0455, "bus_tau_mean": 2.1032, "bus_tau_std": 7.0941, "bus_v_mean": 20.5034, "bus_v_std": 14.0962, "car_acc": 1.5441, "car_dcc": 3.0117, "car_lcAssertive": 17.1481, "car_lcCooperative": 0.9903, "car_lcLookaheadLeft": 39.6815, "car_lcPushy": 0.2714, "car_lcSigma": 0.3409, "car_lcSpeedGainRight": 0.8895, "car_lcSublane": 0.68, "car_sigma": 0.5386, "car_tau_mean": 0.8089, "car_tau_std": 5.5628, "car_v_mean": 15.2423, "car_v_std": 6.0881}, "datetime": {"datetime": "2024-08-08 18:00:51", "elapsed": 2236.146012, "delta": 1.742201}}
{"target": -0.31936937445243924, "params": {"bus_acc": 1.0668, "bus_dcc": 1.7499, "bus_lcAssertive": 79.4421, "bus_lcCooperative": 0.7223, "bus_lcLookaheadLeft": 26.1092, "bus_lcPushy": 0.5581, "bus_lcSigma": 0.5888, "bus_lcSpeedGainRight": 3.6101, "bus_lcSublane": 0.4668, "bus_sigma": 0.408, "bus_tau_mean": 1.5812, "bus_tau_std": 2.3863, "bus_v_mean": 9.4832, "bus_v_std": 12.9208, "car_acc": 3.6815, "car_dcc": 3.0652, "car_lcAssertive": 1.3146, "car_lcCooperative": 0.4414, "car_lcLookaheadLeft": 14.0134, "car_lcPushy": 0.5298, "car_lcSigma": 0.9829, "car_lcSpeedGainRight": 2.4996, "car_lcSublane": 0.3778, "car_sigma": 0.817, "car_tau_mean": 3.8919, "car_tau_std": 2.8744, "car_v_mean": 20.8512, "car_v_std": 19.926}, "datetime": {"datetime": "2024-08-08 18:00:52", "elapsed": 2237.456216, "delta": 1.310204}}
{"target": -0.1970607202486839, "params": {"bus_acc": 1.0667, "bus_dcc": 1.7497, "bus_lcAssertive": 79.442, "bus_lcCooperative": 0.7222, "bus_lcLookaheadLeft": 26.1091, "bus_lcPushy": 0.5579, "bus_lcSigma": 0.5886, "bus_lcSpeedGainRight": 3.6099, "bus_lcSublane": 0.4667, "bus_sigma": 0.4079, "bus_tau_mean": 1.581, "bus_tau_std": 2.3861, "bus_v_mean": 9.4831, "bus_v_std": 12.9207, "car_acc": 3.6813, "car_dcc": 3.065, "car_lcAssertive": 1.3144, "car_lcCooperative": 0.4413, "car_lcLookaheadLeft": 14.0132, "car_lcPushy": 0.5296, "car_lcSigma": 0.9828, "car_lcSpeedGainRight": 2.4994, "car_lcSublane": 0.3777, "car_sigma": 0.8169, "car_tau_mean": 3.8917, "car_tau_std": 2.8742, "car_v_mean": 20.851, "car_v_std": 19.9258}, "datetime": {"datetime": "2024-08-08 18:00:54", "elapsed": 2239.725195, "delta": 2.268979}}
{"target": -0.2904181255143011, "params": {"bus_acc": 1.0668, "bus_dcc": 1.7499, "bus_lcAssertive": 79.4422, "bus_lcCooperative": 0.7223, "bus_lcLookaheadLeft": 26.1092, "bus_lcPushy": 0.5581, "bus_lcSigma": 0.5888, "bus_lcSpeedGainRight": 3.6101, "bus_lcSublane": 0.4669, "bus_sigma": 0.408, "bus_tau_mean": 1.5812, "bus_tau_std": 2.3863, "bus_v_mean": 9.4832, "bus_v_std": 12.9209, "car_acc": 3.6815, "car_dcc": 3.0652, "car_lcAssertive": 1.3146, "car_lcCooperative": 0.4414, "car_lcLookaheadLeft": 14.0134, "car_lcPushy": 0.5298, "car_lcSigma": 0.9829, "car_lcSpeedGainRight": 2.4996, "car_lcSublane": 0.3778, "car_sigma": 0.817, "car_tau_mean": 3.8919, "car_tau_std": 2.8744, "car_v_mean": 20.8512, "car_v_std": 19.926}, "datetime": {"datetime": "2024-08-08 18:00:57", "elapsed": 2242.173881, "delta": 2.448686}}
{"target": -0.24486130048120677, "params": {"bus_acc": 1.0668, "bus_dcc": 1.7498, "bus_lcAssertive": 79.4421, "bus_lcCooperative": 0.7223, "bus_lcLookaheadLeft": 26.1092, "bus_lcPushy": 0.558, "bus_lcSigma": 0.5887, "bus_lcSpeedGainRight": 3.61, "bus_lcSublane": 0.4668, "bus_sigma": 0.408, "bus_tau_mean": 1.5812, "bus_tau_std": 2.3862, "bus_v_mean": 9.4832, "bus_v_std": 12.9208, "car_acc": 3.6814, "car_dcc": 3.0652, "car_lcAssertive": 1.3145, "car_lcCooperative": 0.4414, "car_lcLookaheadLeft": 14.0134, "car_lcPushy": 0.5297, "car_lcSigma": 0.9829, "car_lcSpeedGainRight": 2.4995, "car_lcSublane": 0.3778, "car_sigma": 0.817, "car_tau_mean": 3.8918, "car_tau_std": 2.8744, "car_v_mean": 20.8511, "car_v_std": 19.926}, "datetime": {"datetime": "2024-08-08 18:00:58", "elapsed": 2243.533674, "delta": 1.359793}}
