{"target": -0.35647638600185616, "params": {"bus_acc": 1.4701552733723406, "bus_dcc": 2.384806242674866, "bus_lcAssertive": 20.6605588023387, "bus_lcCooperative": 0.0254762357788203, "bus_lcLookaheadLeft": 73.48097442910296, "bus_lcPushy": 0.7249167472191191, "bus_lcSigma": 0.33039174636170277, "bus_lcSublane": 0.8434941260636555, "bus_sigma": 0.42844247595107343, "bus_tau_mean": 3.52640150667237, "bus_tau_std": 6.570654246228895, "bus_v_mean": 17.296570518689443, "bus_v_std": 2.00727488035091, "car_acc": 2.0590932209567896, "car_dcc": 3.6832972552827172, "car_lcAssertive": 31.194403607686386, "car_lcCooperative": 0.8709456091610533, "car_lcLookaheadLeft": 91.05703674012204, "car_lcPushy": 0.32984456268188234, "car_lcSigma": 0.6830743663365642, "car_lcSublane": 0.8992209495659688, "car_sigma": 0.07569688175830336, "car_tau_mean": 3.5750575212166966, "car_tau_std": 1.908393632684806, "car_v_mean": 21.59630256028689, "car_v_std": 6.67118788699204}, "datetime": {"datetime": "2024-08-07 09:31:08", "elapsed": 170.765934, "delta": 14.105843}}
{"target": -0.2873969843829528, "params": {"bus_acc": 2.5165565209539924, "bus_dcc": 1.9598585142330351, "bus_lcAssertive": 98.45396156915756, "bus_lcCooperative": 0.220234226159156, "bus_lcLookaheadLeft": 35.19338649720461, "bus_lcPushy": 0.5238961356661317, "bus_lcSigma": 0.7548914570605327, "bus_lcSublane": 0.46385778390029564, "bus_sigma": 0.12482254311167629, "bus_tau_mean": 1.5937548247221733, "bus_tau_std": 5.045191697009947, "bus_v_mean": 18.781584128269884, "bus_v_std": 7.7014995631209215, "car_acc": 1.2606715619087085, "car_dcc": 1.0687453939671454, "car_lcAssertive": 52.38914989898696, "car_lcCooperative": 0.8099887106624163, "car_lcLookaheadLeft": 3.2351691689278788, "car_lcPushy": 0.6724698446537339, "car_lcSigma": 0.6868082266569918, "car_lcSublane": 0.44924675358663757, "car_sigma": 0.9147886867419343, "car_tau_mean": 2.7552637966494755, "car_tau_std": 0.05239837651465851, "car_v_mean": 15.75085512823001, "car_v_std": 8.593178060976}, "datetime": {"datetime": "2024-08-07 09:31:32", "elapsed": 195.164287, "delta": 24.398353}}
{"target": -0.34812966765598485, "params": {"bus_acc": 1.3908589622186376, "bus_dcc": 2.744076781819773, "bus_lcAssertive": 97.03197891974293, "bus_lcCooperative": 0.8468288014900353, "bus_lcLookaheadLeft": 25.505080396463445, "bus_lcPushy": 0.49376971426872995, "bus_lcSigma": 0.6199557183813798, "bus_lcSublane": 0.8289808995501787, "bus_sigma": 0.15679139464608427, "bus_tau_mean": 0.5650167076209334, "bus_tau_std": 0.7002214371922233, "bus_v_mean": 15.781521774992509, "bus_v_std": 6.0632946165333035, "car_acc": 2.1377028741729625, "car_dcc": 1.9520872279664823, "car_lcAssertive": 98.87299928683244, "car_lcCooperative": 0.5797452192457969, "car_lcLookaheadLeft": 39.25383491710794, "car_lcPushy": 0.5509482191178968, "car_lcSigma": 0.7453344309065021, "car_lcSublane": 0.6692328934531846, "car_sigma": 0.2649195576628094, "car_tau_mean": 0.7321719204995455, "car_tau_std": 3.700841979141063, "car_v_mean": 18.075480112345033, "car_v_std": 2.1017400991483957}, "datetime": {"datetime": "2024-08-07 09:31:43", "elapsed": 205.644583, "delta": 10.480296}}
{"target": -0.3393879011485339, "params": {"bus_acc": 1.3398814284345155, "bus_dcc": 1.4483403968165875, "bus_lcAssertive": 51.9033293090624, "bus_lcCooperative": 0.8753327263545391, "bus_lcLookaheadLeft": 20.02743727162776, "bus_lcPushy": 0.4628391187082599, "bus_lcSigma": 0.42893233402990294, "bus_lcSublane": 0.4972891859195163, "bus_sigma": 0.16151077048601192, "bus_tau_mean": 1.698542243971837, "bus_tau_std": 2.618804041035202, "bus_v_mean": 21.512431091671665, "bus_v_std": 8.003322457764018, "car_acc": 1.8532783165362872, "car_dcc": 2.8210463823671166, "car_lcAssertive": 15.401095416355776, "car_lcCooperative": 0.5096132942175586, "car_lcLookaheadLeft": 31.100814407116644, "car_lcPushy": 0.8596509535692011, "car_lcSigma": 0.6715983809063899, "car_lcSublane": 0.633474012622421, "car_sigma": 0.12475130006917923, "car_tau_mean": 2.1470575782461, "car_tau_std": 9.865727795868814, "car_v_mean": 23.172786785162643, "car_v_std": 6.450856402604436}, "datetime": {"datetime": "2024-08-07 09:31:45", "elapsed": 208.176123, "delta": 2.53154}}
{"target": -0.3370193842156462, "params": {"bus_acc": 1.5142365875643924, "bus_dcc": 1.3326739022320875, "bus_lcAssertive": 20.103310469892172, "bus_lcCooperative": 0.49958417067888605, "bus_lcLookaheadLeft": 73.40139546151043, "bus_lcPushy": 0.20819443840879148, "bus_lcSigma": 0.24803355837723073, "bus_lcSublane": 0.851671874936367, "bus_sigma": 0.41584871826752734, "bus_tau_mean": 2.6583977350433265, "bus_tau_std": 2.3366613923925006, "bus_v_mean": 9.631476150812759, "bus_v_std": 5.158570169685298, "car_acc": 1.9542819740995647, "car_dcc": 1.4580149322794898, "car_lcAssertive": 62.558816942301135, "car_lcCooperative": 0.5440101188139381, "car_lcLookaheadLeft": 66.10546000313295, "car_lcPushy": 0.1445455401246598, "car_lcSigma": 0.7515278171352439, "car_lcSublane": 0.2220491397999227, "car_sigma": 0.519351824366033, "car_tau_mean": 3.2485360987756664, "car_tau_std": 0.2233042799180618, "car_v_mean": 13.189799355618984, "car_v_std": 8.72922376400111}, "datetime": {"datetime": "2024-08-07 09:31:46", "elapsed": 208.483605, "delta": 0.307482}}
{"target": -0.30921765395446216, "params": {"bus_acc": 2.633670217583244, "bus_dcc": 2.783117871492933, "bus_lcAssertive": 97.62291776475959, "bus_lcCooperative": 0.9015625846693213, "bus_lcLookaheadLeft": 60.36957749305926, "bus_lcPushy": 0.032426325314457105, "bus_lcSigma": 0.09357709581748075, "bus_lcSublane": 0.06537171504222639, "bus_sigma": 0.4517331486914753, "bus_tau_mean": 1.8140219160875022, "bus_tau_std": 9.753500342702866, "bus_v_mean": 10.687732691193839, "bus_v_std": 9.727875919326552, "car_acc": 2.534949737726026, "car_dcc": 3.472713518873493, "car_lcAssertive": 63.62896586102173, "car_lcCooperative": 0.668732770206732, "car_lcLookaheadLeft": 48.73446868507695, "car_lcPushy": 0.013136356923072245, "car_lcSigma": 0.3530060855418248, "car_lcSublane": 0.49207180149355845, "car_sigma": 0.7300912110901043, "car_tau_mean": 2.1401991996113825, "car_tau_std": 4.574049160894317, "car_v_mean": 10.20260385512965, "car_v_std": 0.1088873380347899}, "datetime": {"datetime": "2024-08-07 09:32:00", "elapsed": 223.075705, "delta": 14.5921}}
{"target": -0.32304571575594576, "params": {"bus_acc": 2.689419215204139, "bus_dcc": 2.615321777783631, "bus_lcAssertive": 86.79421914248479, "bus_lcCooperative": 0.9498059913536265, "bus_lcLookaheadLeft": 82.98788576767545, "bus_lcPushy": 0.8541154438365387, "bus_lcSigma": 0.09874340182034835, "bus_lcSublane": 0.651304332340991, "bus_sigma": 0.703516988152653, "bus_tau_mean": 2.6358428442632036, "bus_tau_std": 7.996152617360281, "bus_v_mean": 8.553139517946148, "bus_v_std": 7.702387345549799, "car_acc": 2.463457201479054, "car_dcc": 1.7790951798950592, "car_lcAssertive": 26.44986058339252, "car_lcCooperative": 0.6323033174301278, "car_lcLookaheadLeft": 35.83915123592599, "car_lcPushy": 0.7965886780072875, "car_lcSigma": 0.44614623200345727, "car_lcSublane": 0.7827494147841719, "car_sigma": 0.9904717836238407, "car_tau_mean": 1.5508691883686503, "car_tau_std": 1.4300582825809938, "car_v_mean": 22.42093498158838, "car_v_std": 5.415593788873733}, "datetime": {"datetime": "2024-08-07 09:32:02", "elapsed": 225.260966, "delta": 2.185261}}
{"target": -0.31408880676686535, "params": {"bus_acc": 2.505511107477628, "bus_dcc": 1.1996094440623448, "bus_lcAssertive": 26.771194759275556, "bus_lcCooperative": 0.8047545637433454, "bus_lcLookaheadLeft": 20.956559697086117, "bus_lcPushy": 0.6394608808799401, "bus_lcSigma": 0.5246703091237337, "bus_lcSublane": 0.9248079703993507, "bus_sigma": 0.263296770487111, "bus_tau_mean": 0.7308638173940832, "bus_tau_std": 7.350659632886694, "bus_v_mean": 20.35484847269195, "bus_v_std": 9.07815852503524, "car_acc": 2.8639441383936743, "car_dcc": 1.041854718926791, "car_lcAssertive": 24.20184652602063, "car_lcCooperative": 0.6167783570016576, "car_lcLookaheadLeft": 95.0035994273864, "car_lcPushy": 0.9501761192470797, "car_lcSigma": 0.5566531881951564, "car_lcSublane": 0.9156063497662745, "car_sigma": 0.6415662089463375, "car_tau_mean": 1.8650269994943618, "car_tau_std": 4.859906670969098, "car_v_mean": 17.668967726719572, "car_v_std": 5.495479215085625}, "datetime": {"datetime": "2024-08-07 09:32:09", "elapsed": 232.216273, "delta": 6.955307}}
{"target": -0.3371518617907643, "params": {"bus_acc": 1.7141232177655839, "bus_dcc": 1.3241959860917105, "bus_lcAssertive": 78.96763212559821, "bus_lcCooperative": 0.1065838767888011, "bus_lcLookaheadLeft": 98.59946472389241, "bus_lcPushy": 0.17716116443841734, "bus_lcSigma": 0.5724051124346493, "bus_lcSublane": 0.044845334589088126, "bus_sigma": 0.7871162896558341, "bus_tau_mean": 1.1636208173640379, "bus_tau_std": 5.279039784081267, "bus_v_mean": 19.841240690545145, "bus_v_std": 1.4993148491725594, "car_acc": 2.1021743483739437, "car_dcc": 1.6498516249863382, "car_lcAssertive": 76.16040888239732, "car_lcCooperative": 0.7229151935562137, "car_lcLookaheadLeft": 19.301805359154137, "car_lcPushy": 0.8619665576670734, "car_lcSigma": 0.019775099516344263, "car_lcSublane": 0.8602369974231152, "car_sigma": 0.5589038111609383, "car_tau_mean": 1.9112716523704723, "car_tau_std": 7.587469310223366, "car_v_mean": 19.470864027079518, "car_v_std": 9.873261748084266}, "datetime": {"datetime": "2024-08-07 09:32:16", "elapsed": 239.19633, "delta": 6.980057}}
{"target": -0.37333237432759325, "params": {"bus_acc": 1.0865818763723172, "bus_dcc": 2.4593222295111845, "bus_lcAssertive": 24.701693369637837, "bus_lcCooperative": 0.9524737816932592, "bus_lcLookaheadLeft": 94.50147752281202, "bus_lcPushy": 0.6139340023847009, "bus_lcSigma": 0.9734873973251963, "bus_lcSublane": 0.344861343716251, "bus_sigma": 0.8978507176676818, "bus_tau_mean": 2.021082406929783, "bus_tau_std": 2.3581463714751374, "bus_v_mean": 23.05324741122239, "bus_v_std": 6.842180509832275, "car_acc": 1.1298231706782587, "car_dcc": 3.6112745704691984, "car_lcAssertive": 70.43664916870128, "car_lcCooperative": 0.6049268729742817, "car_lcLookaheadLeft": 73.7727401195744, "car_lcPushy": 0.2534390424997808, "car_lcSigma": 0.6004889552745444, "car_lcSublane": 0.8146191812616553, "car_sigma": 0.05411366032399989, "car_tau_mean": 0.9567873496874308, "car_tau_std": 8.424458099564136, "car_v_mean": 17.893533909246166, "car_v_std": 5.31287810481058}, "datetime": {"datetime": "2024-08-07 09:32:22", "elapsed": 245.05562, "delta": 5.85929}}
{"target": -0.3409068759667079, "params": {"bus_acc": 2.055429292617493, "bus_dcc": 3.4064832520137944, "bus_lcAssertive": 57.676363201969025, "bus_lcCooperative": 0.7331425252875111, "bus_lcLookaheadLeft": 52.86313949147747, "bus_lcPushy": 0.770883910501888, "bus_lcSigma": 0.5688579907047155, "bus_lcSublane": 0.4657098785919809, "bus_sigma": 0.3426889079532818, "bus_tau_mean": 0.7387327194584644, "bus_tau_std": 3.7792417932809985, "bus_v_mean": 9.274017243172038, "bus_v_std": 9.82817113730445, "car_acc": 1.3632257026615275, "car_dcc": 3.435576093161619, "car_lcAssertive": 87.62120285063392, "car_lcCooperative": 0.6884132523859433, "car_lcLookaheadLeft": 57.81045244904682, "car_lcPushy": 0.16097143681560877, "car_lcSigma": 0.4668800227633063, "car_lcSublane": 0.345172051155215, "car_sigma": 0.2250399578140846, "car_tau_mean": 2.5737915406802885, "car_tau_std": 3.1226983770191694, "car_v_mean": 22.66088885549361, "car_v_std": 9.096355249515572}, "datetime": {"datetime": "2024-08-07 09:32:35", "elapsed": 258.140926, "delta": 13.085306}}
{"target": -0.31884037134138976, "params": {"bus_acc": 2.508611901152597, "bus_dcc": 1.6321971762499623, "bus_lcAssertive": 60.49447056265636, "bus_lcCooperative": 0.7489283752458364, "bus_lcLookaheadLeft": 64.54543364079268, "bus_lcPushy": 0.5971273029466491, "bus_lcSigma": 0.29548228565549706, "bus_lcSublane": 0.7316064712415088, "bus_sigma": 0.9453084399999497, "bus_tau_mean": 1.9894648659154144, "bus_tau_std": 7.821818168314053, "bus_v_mean": 8.898256634590645, "bus_v_std": 8.352716024899658, "car_acc": 1.3845000336442954, "car_dcc": 2.18529060666992, "car_lcAssertive": 30.70802354661029, "car_lcCooperative": 0.08010364380604929, "car_lcLookaheadLeft": 90.6538382877518, "car_lcPushy": 0.37015417755373825, "car_lcSigma": 0.5306974384761395, "car_lcSublane": 0.49411626589632507, "car_sigma": 0.13216114194293815, "car_tau_mean": 1.2225892061130157, "car_tau_std": 0.7618880903232117, "car_v_mean": 16.1267471991246, "car_v_std": 2.615495518329871}, "datetime": {"datetime": "2024-08-07 09:32:51", "elapsed": 273.875201, "delta": 15.734275}}
{"target": -0.35852664584292965, "params": {"bus_acc": 1.5579817809139418, "bus_dcc": 2.826493522581387, "bus_lcAssertive": 68.56291726691472, "bus_lcCooperative": 0.2282057333504841, "bus_lcLookaheadLeft": 3.3492162306562463, "bus_lcPushy": 0.4167239623706961, "bus_lcSigma": 0.938481891856734, "bus_lcSublane": 0.34302810983040655, "bus_sigma": 0.7797442954825999, "bus_tau_mean": 1.111577094895926, "bus_tau_std": 3.4195283630245243, "bus_v_mean": 10.313563533409548, "bus_v_std": 7.16770814146376, "car_acc": 2.3986152473936286, "car_dcc": 3.0654919538467564, "car_lcAssertive": 26.086207414143665, "car_lcCooperative": 0.6923601216234089, "car_lcLookaheadLeft": 24.27515900976306, "car_lcPushy": 0.4246491159313397, "car_lcSigma": 0.37192212166768723, "car_lcSublane": 0.3553079116201222, "car_sigma": 0.05765480724125638, "car_tau_mean": 2.710763194030789, "car_tau_std": 7.073166026816995, "car_v_mean": 17.81741911204537, "car_v_std": 6.483127561631246}, "datetime": {"datetime": "2024-08-07 09:32:52", "elapsed": 274.925479, "delta": 1.050278}}
{"target": -0.28089892511440034, "params": {"bus_acc": 2.660799140074679, "bus_dcc": 2.947462591337434, "bus_lcAssertive": 67.69614396596454, "bus_lcCooperative": 0.5784995797892005, "bus_lcLookaheadLeft": 28.86373796635151, "bus_lcPushy": 0.5605299905360588, "bus_lcSigma": 0.6717297848174203, "bus_lcSublane": 0.35242963021640883, "bus_sigma": 0.8558283672539277, "bus_tau_mean": 1.1826312010304756, "bus_tau_std": 7.473208103319232, "bus_v_mean": 12.633643938990039, "bus_v_std": 7.73799287244182, "car_acc": 1.8554746586721524, "car_dcc": 3.4230952273366286, "car_lcAssertive": 35.999951404131046, "car_lcCooperative": 0.21369323762958115, "car_lcLookaheadLeft": 77.19388182533312, "car_lcPushy": 0.3086419476306511, "car_lcSigma": 0.7332450677264275, "car_lcSublane": 0.7444731530777321, "car_sigma": 0.22139670090820107, "car_tau_mean": 1.2493924788722697, "car_tau_std": 1.9894792342706669, "car_v_mean": 10.280293404253515, "car_v_std": 3.770825992073341}, "datetime": {"datetime": "2024-08-07 09:32:54", "elapsed": 276.875628, "delta": 1.950149}}
{"target": -0.3374387657764386, "params": {"bus_acc": 1.742587522558109, "bus_dcc": 3.795583349909622, "bus_lcAssertive": 93.74996974960027, "bus_lcCooperative": 0.8443299485657132, "bus_lcLookaheadLeft": 92.18023840195472, "bus_lcPushy": 0.22790028995131695, "bus_lcSigma": 0.08748220955359087, "bus_lcSublane": 0.22730973628468876, "bus_sigma": 0.31437661611405043, "bus_tau_mean": 1.1116805672470904, "bus_tau_std": 6.070941619724604, "bus_v_mean": 14.617382640018581, "bus_v_std": 8.16351511827214, "car_acc": 1.3702607965380613, "car_dcc": 3.1056295892689314, "car_lcAssertive": 24.79520686006475, "car_lcCooperative": 0.5742190888408597, "car_lcLookaheadLeft": 36.20078452763731, "car_lcPushy": 0.05696439948283272, "car_lcSigma": 0.22881367096037586, "car_lcSublane": 0.6641025553547935, "car_sigma": 0.4972500933605313, "car_tau_mean": 2.3165559442578756, "car_tau_std": 1.747201501089225, "car_v_mean": 17.131453624740104, "car_v_std": 9.9675342520821}, "datetime": {"datetime": "2024-08-07 09:33:11", "elapsed": 293.74425, "delta": 16.868622}}
{"target": -0.367068584819907, "params": {"bus_acc": 2.50004352740532, "bus_dcc": 3.574941509287127, "bus_lcAssertive": 75.75313665830033, "bus_lcCooperative": 0.698057248447303, "bus_lcLookaheadLeft": 86.71898414535079, "bus_lcPushy": 0.32268099683674645, "bus_lcSigma": 0.6707887907875872, "bus_lcSublane": 0.45087393641334916, "bus_sigma": 0.3821027520315172, "bus_tau_mean": 1.9378397247276495, "bus_tau_std": 4.014795834695406, "bus_v_mean": 13.07814313533243, "bus_v_std": 6.2191936792030145, "car_acc": 1.8604945416425287, "car_dcc": 3.921406233781757, "car_lcAssertive": 68.1022882519968, "car_lcCooperative": 0.19856988842711087, "car_lcLookaheadLeft": 43.816698916107214, "car_lcPushy": 0.343346239774423, "car_lcSigma": 0.7976388039585666, "car_lcSublane": 0.8799982885634318, "car_sigma": 0.903841955826372, "car_tau_mean": 2.819519343313418, "car_tau_std": 2.7020826202975776, "car_v_mean": 12.037867224073436, "car_v_std": 8.548979426974023}, "datetime": {"datetime": "2024-08-07 09:33:13", "elapsed": 295.611403, "delta": 1.867153}}
{"target": -0.4010685096290536, "params": {"bus_acc": 2.1218975102438904, "bus_dcc": 3.3410905698678057, "bus_lcAssertive": 49.232196998268954, "bus_lcCooperative": 0.4199935520102408, "bus_lcLookaheadLeft": 27.675971062494895, "bus_lcPushy": 0.9108061390867584, "bus_lcSigma": 0.022271511532804156, "bus_lcSublane": 0.8211218982189646, "bus_sigma": 0.18846839966641848, "bus_tau_mean": 2.900149147103915, "bus_tau_std": 3.5520938933964374, "bus_v_mean": 23.58740204632146, "bus_v_std": 1.2277212944941995, "car_acc": 1.375139785234479, "car_dcc": 3.6683274263934367, "car_lcAssertive": 58.75722514621456, "car_lcCooperative": 0.3092463846587796, "car_lcLookaheadLeft": 2.0749097768624263, "car_lcPushy": 0.22759773832225305, "car_lcSigma": 0.1454036341712357, "car_lcSublane": 0.2034338243700906, "car_sigma": 0.8963225568040046, "car_tau_mean": 3.555830323943742, "car_tau_std": 7.002894376334497, "car_v_mean": 15.527962818435345, "car_v_std": 8.271360023322883}, "datetime": {"datetime": "2024-08-07 09:33:20", "elapsed": 302.78166, "delta": 7.170257}}
{"target": -0.3296560814825775, "params": {"bus_acc": 1.0797198532709051, "bus_dcc": 1.404379353882037, "bus_lcAssertive": 20.148223502476917, "bus_lcCooperative": 0.3356638011646498, "bus_lcLookaheadLeft": 7.126668750872721, "bus_lcPushy": 0.6051167805003662, "bus_lcSigma": 0.5120610275239188, "bus_lcSublane": 0.6174610120171561, "bus_sigma": 0.43235559476434404, "bus_tau_mean": 3.466951638831032, "bus_tau_std": 4.540590560591513, "bus_v_mean": 8.246456316670734, "bus_v_std": 8.730681484470995, "car_acc": 2.3124030954881976, "car_dcc": 3.4690091219454127, "car_lcAssertive": 95.22579361035132, "car_lcCooperative": 0.050912383516887205, "car_lcLookaheadLeft": 25.037042680919427, "car_lcPushy": 0.0633434434563398, "car_lcSigma": 0.4216578860324509, "car_lcSublane": 0.863829145501452, "car_sigma": 0.0816239827150681, "car_tau_mean": 2.155891835100575, "car_tau_std": 1.2554310980872363, "car_v_mean": 20.366169634673884, "car_v_std": 8.414221567958434}, "datetime": {"datetime": "2024-08-07 09:33:25", "elapsed": 307.705593, "delta": 4.923933}}
{"target": -0.3628119980877034, "params": {"bus_acc": 1.053255769383243, "bus_dcc": 1.3327611071027219, "bus_lcAssertive": 67.78183835257764, "bus_lcCooperative": 0.7997765368973863, "bus_lcLookaheadLeft": 9.891893658581818, "bus_lcPushy": 0.23170231048579204, "bus_lcSigma": 0.20762566180381437, "bus_lcSublane": 0.9173335630816306, "bus_sigma": 0.7113145181364867, "bus_tau_mean": 2.4385961386799497, "bus_tau_std": 3.045179879206202, "bus_v_mean": 21.357664762108776, "bus_v_std": 4.3530595762952, "car_acc": 2.84691243023755, "car_dcc": 3.1181554130077993, "car_lcAssertive": 48.325099488563055, "car_lcCooperative": 0.1262101037493587, "car_lcLookaheadLeft": 97.65226794583927, "car_lcPushy": 0.15983365034409336, "car_lcSigma": 0.2026021252196626, "car_lcSublane": 0.43118175516037094, "car_sigma": 0.40420190577514725, "car_tau_mean": 1.0136301826750294, "car_tau_std": 7.293189193611234, "car_v_mean": 11.019921070034975, "car_v_std": 6.438956443116628}, "datetime": {"datetime": "2024-08-07 09:33:27", "elapsed": 310.436324, "delta": 2.730731}}
{"target": -0.33668282896769497, "params": {"bus_acc": 1.8138439882587158, "bus_dcc": 3.9256670273119365, "bus_lcAssertive": 32.7116132563811, "bus_lcCooperative": 0.9824909449748953, "bus_lcLookaheadLeft": 64.3580003338864, "bus_lcPushy": 0.375091018393911, "bus_lcSigma": 0.8574844990835966, "bus_lcSublane": 0.6195867393685738, "bus_sigma": 0.25203308013083936, "bus_tau_mean": 3.2749948729191067, "bus_tau_std": 4.329385087341631, "bus_v_mean": 13.720178677287063, "bus_v_std": 3.3027693652508097, "car_acc": 2.3947377512262786, "car_dcc": 1.8059503717186796, "car_lcAssertive": 81.01952335683264, "car_lcCooperative": 0.2952887943998478, "car_lcLookaheadLeft": 55.32389559136501, "car_lcPushy": 0.4879214918052024, "car_lcSigma": 0.8553564125953698, "car_lcSublane": 0.8883864343953859, "car_sigma": 0.18438444236776674, "car_tau_mean": 2.548719606283879, "car_tau_std": 8.982050460171372, "car_v_mean": 15.137875504550875, "car_v_std": 9.218683054838154}, "datetime": {"datetime": "2024-08-07 09:33:29", "elapsed": 311.992123, "delta": 1.555799}}
