{"target": -0.030544454848915454, "params": {"bus_acc": 2.94, "bus_dcc": 4.0, "bus_lcAssertive": 66.49, "bus_lcCooperative": 1.0, "bus_lcLookaheadLeft": 16.42, "bus_lcPushy": 0.97, "bus_lcSublane": 0.0, "bus_max_v": 12.36, "bus_tau_mean": 3.93, "bus_tau_std": 0.0, "car_acc": 1.0, "car_dcc": 3.63, "car_lcAssertive": 80.95, "car_lcCooperative": 1.0, "car_lcLookaheadLeft": 21.18, "car_lcPushy": 0.0, "car_lcSublane": 0.93, "car_max_v": 19.94, "car_tau_mean": 3.96, "car_tau_std": 0.0}, "datetime": {"datetime": "2024-08-03 21:55:21", "elapsed": 1553.751336, "delta": 7.463236}}
{"target": -0.0450531008033043, "params": {"bus_acc": 1.0, "bus_dcc": 4.0, "bus_lcAssertive": 75.98, "bus_lcCooperative": 1.0, "bus_lcLookaheadLeft": 4.8, "bus_lcPushy": 1.0, "bus_lcSublane": 1.0, "bus_max_v": 8.68, "bus_tau_mean": 0.5, "bus_tau_std": 0.0, "car_acc": 1.0, "car_dcc": 1.0, "car_lcAssertive": 76.27, "car_lcCooperative": 0.65, "car_lcLookaheadLeft": 8.7, "car_lcPushy": 1.0, "car_lcSublane": 0.0, "car_max_v": 24.04, "car_tau_mean": 4.0, "car_tau_std": 0.0}, "datetime": {"datetime": "2024-08-03 21:55:23", "elapsed": 1556.262056, "delta": 2.51072}}
{"target": -0.031125632281720866, "params": {"bus_acc": 2.85, "bus_dcc": 4.0, "bus_lcAssertive": 66.49, "bus_lcCooperative": 1.0, "bus_lcLookaheadLeft": 16.05, "bus_lcPushy": 0.95, "bus_lcSublane": 0.0, "bus_max_v": 12.62, "bus_tau_mean": 3.88, "bus_tau_std": 0.0, "car_acc": 1.0, "car_dcc": 3.51, "car_lcAssertive": 80.71, "car_lcCooperative": 1.0, "car_lcLookaheadLeft": 20.7, "car_lcPushy": 0.0, "car_lcSublane": 0.93, "car_max_v": 19.99, "car_tau_mean": 3.92, "car_tau_std": 0.0}, "datetime": {"datetime": "2024-08-03 21:55:25", "elapsed": 1558.250757, "delta": 1.988701}}
{"target": -0.029025174858253223, "params": {"bus_acc": 1.57, "bus_dcc": 2.37, "bus_lcAssertive": 78.93, "bus_lcCooperative": 0.23, "bus_lcLookaheadLeft": 8.84, "bus_lcPushy": 0.11, "bus_lcSublane": 0.89, "bus_max_v": 18.06, "bus_tau_mean": 3.0, "bus_tau_std": 4.34, "car_acc": 2.28, "car_dcc": 1.49, "car_lcAssertive": 38.64, "car_lcCooperative": 0.52, "car_lcLookaheadLeft": 63.48, "car_lcPushy": 0.75, "car_lcSublane": 0.62, "car_max_v": 16.85, "car_tau_mean": 2.28, "car_tau_std": 7.72}, "datetime": {"datetime": "2024-08-03 21:55:28", "elapsed": 1561.320177, "delta": 3.06942}}
{"target": -0.03557263273029806, "params": {"bus_acc": 2.55, "bus_dcc": 4.0, "bus_lcAssertive": 65.92, "bus_lcCooperative": 1.0, "bus_lcLookaheadLeft": 14.56, "bus_lcPushy": 0.9, "bus_lcSublane": 0.0, "bus_max_v": 13.66, "bus_tau_mean": 3.33, "bus_tau_std": 0.26, "car_acc": 1.0, "car_dcc": 3.07, "car_lcAssertive": 80.15, "car_lcCooperative": 1.0, "car_lcLookaheadLeft": 18.19, "car_lcPushy": 0.0, "car_lcSublane": 0.8, "car_max_v": 20.17, "car_tau_mean": 3.6, "car_tau_std": 0.44}, "datetime": {"datetime": "2024-08-03 21:55:30", "elapsed": 1563.246666, "delta": 1.926489}}
{"target": -0.04731344945703981, "params": {"bus_acc": 2.54, "bus_dcc": 3.87, "bus_lcAssertive": 52.94, "bus_lcCooperative": 0.71, "bus_lcLookaheadLeft": 94.39, "bus_lcPushy": 0.32, "bus_lcSublane": 0.12, "bus_max_v": 21.41, "bus_tau_mean": 1.49, "bus_tau_std": 3.78, "car_acc": 2.29, "car_dcc": 1.35, "car_lcAssertive": 86.73, "car_lcCooperative": 0.2, "car_lcLookaheadLeft": 73.77, "car_lcPushy": 0.84, "car_lcSublane": 0.95, "car_max_v": 13.8, "car_tau_mean": 2.65, "car_tau_std": 1.5}, "datetime": {"datetime": "2024-08-03 21:55:33", "elapsed": 1566.150801, "delta": 2.904135}}
{"target": -0.034435815977210994, "params": {"bus_acc": 2.61, "bus_dcc": 4.0, "bus_lcAssertive": 66.19, "bus_lcCooperative": 1.0, "bus_lcLookaheadLeft": 15.48, "bus_lcPushy": 0.92, "bus_lcSublane": 0.0, "bus_max_v": 13.14, "bus_tau_mean": 3.7, "bus_tau_std": 0.0, "car_acc": 1.0, "car_dcc": 3.31, "car_lcAssertive": 80.47, "car_lcCooperative": 1.0, "car_lcLookaheadLeft": 19.68, "car_lcPushy": 0.0, "car_lcSublane": 0.91, "car_max_v": 19.97, "car_tau_mean": 3.72, "car_tau_std": 0.0}, "datetime": {"datetime": "2024-08-03 21:55:37", "elapsed": 1569.98907, "delta": 3.838269}}
{"target": -0.03305700426770445, "params": {"bus_acc": 2.94, "bus_dcc": 4.0, "bus_lcAssertive": 66.48, "bus_lcCooperative": 1.0, "bus_lcLookaheadLeft": 16.4, "bus_lcPushy": 0.97, "bus_lcSublane": 0.0, "bus_max_v": 12.41, "bus_tau_mean": 3.99, "bus_tau_std": 0.0, "car_acc": 1.0, "car_dcc": 3.65, "car_lcAssertive": 80.9, "car_lcCooperative": 1.0, "car_lcLookaheadLeft": 21.26, "car_lcPushy": 0.0, "car_lcSublane": 0.93, "car_max_v": 19.99, "car_tau_mean": 3.98, "car_tau_std": 0.0}, "datetime": {"datetime": "2024-08-03 21:55:40", "elapsed": 1573.195508, "delta": 3.206438}}
{"target": -0.03464511844381691, "params": {"bus_acc": 2.61, "bus_dcc": 4.0, "bus_lcAssertive": 66.07, "bus_lcCooperative": 1.0, "bus_lcLookaheadLeft": 14.95, "bus_lcPushy": 0.9, "bus_lcSublane": 0.0, "bus_max_v": 13.42, "bus_tau_mean": 3.51, "bus_tau_std": 0.11, "car_acc": 1.0, "car_dcc": 3.16, "car_lcAssertive": 80.31, "car_lcCooperative": 1.0, "car_lcLookaheadLeft": 18.82, "car_lcPushy": 0.0, "car_lcSublane": 0.86, "car_max_v": 20.09, "car_tau_mean": 3.64, "car_tau_std": 0.2}, "datetime": {"datetime": "2024-08-03 21:55:48", "elapsed": 1580.85401, "delta": 7.658502}}
{"target": -0.029473342903585924, "params": {"bus_acc": 2.77, "bus_dcc": 4.0, "bus_lcAssertive": 66.27, "bus_lcCooperative": 1.0, "bus_lcLookaheadLeft": 15.53, "bus_lcPushy": 0.96, "bus_lcSublane": 0.0, "bus_max_v": 13.19, "bus_tau_mean": 3.76, "bus_tau_std": 0.0, "car_acc": 1.0, "car_dcc": 3.37, "car_lcAssertive": 80.52, "car_lcCooperative": 1.0, "car_lcLookaheadLeft": 19.91, "car_lcPushy": 0.0, "car_lcSublane": 0.96, "car_max_v": 20.18, "car_tau_mean": 3.73, "car_tau_std": 0.0}, "datetime": {"datetime": "2024-08-03 21:55:52", "elapsed": 1584.738178, "delta": 3.884168}}
{"target": -0.025683123946207236, "params": {"bus_acc": 2.81, "bus_dcc": 4.0, "bus_lcAssertive": 66.27, "bus_lcCooperative": 1.0, "bus_lcLookaheadLeft": 15.93, "bus_lcPushy": 0.94, "bus_lcSublane": 0.0, "bus_max_v": 12.9, "bus_tau_mean": 3.7, "bus_tau_std": 0.0, "car_acc": 1.0, "car_dcc": 3.46, "car_lcAssertive": 80.61, "car_lcCooperative": 1.0, "car_lcLookaheadLeft": 20.37, "car_lcPushy": 0.0, "car_lcSublane": 0.91, "car_max_v": 19.93, "car_tau_mean": 3.83, "car_tau_std": 0.0}, "datetime": {"datetime": "2024-08-03 21:55:55", "elapsed": 1587.672246, "delta": 2.934068}}
{"target": -0.03153656519343023, "params": {"bus_acc": 2.54, "bus_dcc": 4.0, "bus_lcAssertive": 66.09, "bus_lcCooperative": 1.0, "bus_lcLookaheadLeft": 14.54, "bus_lcPushy": 0.91, "bus_lcSublane": 0.0, "bus_max_v": 13.67, "bus_tau_mean": 3.38, "bus_tau_std": 0.28, "car_acc": 1.0, "car_dcc": 3.05, "car_lcAssertive": 80.23, "car_lcCooperative": 1.0, "car_lcLookaheadLeft": 18.32, "car_lcPushy": 0.0, "car_lcSublane": 0.85, "car_max_v": 20.16, "car_tau_mean": 3.62, "car_tau_std": 0.33}, "datetime": {"datetime": "2024-08-03 21:55:57", "elapsed": 1590.117523, "delta": 2.445277}}
{"target": -0.029558679543449762, "params": {"bus_acc": 2.7, "bus_dcc": 4.0, "bus_lcAssertive": 66.31, "bus_lcCooperative": 1.0, "bus_lcLookaheadLeft": 15.51, "bus_lcPushy": 0.92, "bus_lcSublane": 0.0, "bus_max_v": 13.02, "bus_tau_mean": 3.7, "bus_tau_std": 0.0, "car_acc": 1.0, "car_dcc": 3.28, "car_lcAssertive": 80.55, "car_lcCooperative": 1.0, "car_lcLookaheadLeft": 19.69, "car_lcPushy": 0.0, "car_lcSublane": 0.93, "car_max_v": 20.12, "car_tau_mean": 3.78, "car_tau_std": 0.0}, "datetime": {"datetime": "2024-08-03 21:55:59", "elapsed": 1592.214386, "delta": 2.096863}}
{"target": -0.04509091711368531, "params": {"bus_acc": 2.35, "bus_dcc": 1.06, "bus_lcAssertive": 26.64, "bus_lcCooperative": 0.26, "bus_lcLookaheadLeft": 41.23, "bus_lcPushy": 0.28, "bus_lcSublane": 0.39, "bus_max_v": 23.07, "bus_tau_mean": 2.96, "bus_tau_std": 10.0, "car_acc": 2.88, "car_dcc": 1.16, "car_lcAssertive": 42.91, "car_lcCooperative": 0.24, "car_lcLookaheadLeft": 64.55, "car_lcPushy": 0.33, "car_lcSublane": 0.22, "car_max_v": 19.1, "car_tau_mean": 1.9, "car_tau_std": 6.17}, "datetime": {"datetime": "2024-08-03 21:56:01", "elapsed": 1594.286167, "delta": 2.071781}}
{"target": -0.04475898551632429, "params": {"bus_acc": 1.19, "bus_dcc": 3.17, "bus_lcAssertive": 76.08, "bus_lcCooperative": 0.12, "bus_lcLookaheadLeft": 25.96, "bus_lcPushy": 0.36, "bus_lcSublane": 0.34, "bus_max_v": 9.85, "bus_tau_mean": 3.73, "bus_tau_std": 8.45, "car_acc": 1.56, "car_dcc": 3.4, "car_lcAssertive": 24.78, "car_lcCooperative": 0.68, "car_lcLookaheadLeft": 46.64, "car_lcPushy": 0.08, "car_lcSublane": 0.87, "car_max_v": 12.68, "car_tau_mean": 2.11, "car_tau_std": 4.0}, "datetime": {"datetime": "2024-08-03 21:56:11", "elapsed": 1604.173138, "delta": 9.886971}}
{"target": -0.04030593946174139, "params": {"bus_acc": 2.29, "bus_dcc": 1.82, "bus_lcAssertive": 81.39, "bus_lcCooperative": 0.79, "bus_lcLookaheadLeft": 57.8, "bus_lcPushy": 0.83, "bus_lcSublane": 0.89, "bus_max_v": 21.89, "bus_tau_mean": 1.17, "bus_tau_std": 1.65, "car_acc": 1.59, "car_dcc": 1.65, "car_lcAssertive": 15.45, "car_lcCooperative": 0.47, "car_lcLookaheadLeft": 81.52, "car_lcPushy": 0.54, "car_lcSublane": 0.59, "car_max_v": 6.85, "car_tau_mean": 2.35, "car_tau_std": 1.35}, "datetime": {"datetime": "2024-08-03 21:56:16", "elapsed": 1609.276644, "delta": 5.103506}}
{"target": -0.04575055940157428, "params": {"bus_acc": 2.67, "bus_dcc": 3.22, "bus_lcAssertive": 8.21, "bus_lcCooperative": 0.26, "bus_lcLookaheadLeft": 68.29, "bus_lcPushy": 0.32, "bus_lcSublane": 0.08, "bus_max_v": 23.26, "bus_tau_mean": 2.84, "bus_tau_std": 6.2, "car_acc": 2.43, "car_dcc": 1.21, "car_lcAssertive": 27.64, "car_lcCooperative": 0.2, "car_lcLookaheadLeft": 62.74, "car_lcPushy": 0.91, "car_lcSublane": 0.95, "car_max_v": 5.9, "car_tau_mean": 0.69, "car_tau_std": 8.95}, "datetime": {"datetime": "2024-08-03 21:56:18", "elapsed": 1611.020986, "delta": 1.744342}}
{"target": -0.03825356357857595, "params": {"bus_acc": 2.6, "bus_dcc": 2.71, "bus_lcAssertive": 5.11, "bus_lcCooperative": 0.92, "bus_lcLookaheadLeft": 40.89, "bus_lcPushy": 0.47, "bus_lcSublane": 0.8, "bus_max_v": 21.55, "bus_tau_mean": 3.63, "bus_tau_std": 8.99, "car_acc": 1.02, "car_dcc": 1.12, "car_lcAssertive": 40.18, "car_lcCooperative": 0.61, "car_lcLookaheadLeft": 47.17, "car_lcPushy": 0.83, "car_lcSublane": 0.65, "car_max_v": 24.33, "car_tau_mean": 0.83, "car_tau_std": 9.77}, "datetime": {"datetime": "2024-08-03 21:56:20", "elapsed": 1612.968104, "delta": 1.947118}}
{"target": -0.030914778869617868, "params": {"bus_acc": 2.87, "bus_dcc": 4.0, "bus_lcAssertive": 66.49, "bus_lcCooperative": 1.0, "bus_lcLookaheadLeft": 16.31, "bus_lcPushy": 0.96, "bus_lcSublane": 0.0, "bus_max_v": 12.48, "bus_tau_mean": 4.0, "bus_tau_std": 0.0, "car_acc": 1.0, "car_dcc": 3.6, "car_lcAssertive": 80.86, "car_lcCooperative": 1.0, "car_lcLookaheadLeft": 21.09, "car_lcPushy": 0.0, "car_lcSublane": 0.95, "car_max_v": 19.99, "car_tau_mean": 3.95, "car_tau_std": 0.0}, "datetime": {"datetime": "2024-08-03 21:56:22", "elapsed": 1614.77221, "delta": 1.804106}}
{"target": -0.03139189708534956, "params": {"bus_acc": 2.87, "bus_dcc": 4.0, "bus_lcAssertive": 66.49, "bus_lcCooperative": 1.0, "bus_lcLookaheadLeft": 16.31, "bus_lcPushy": 0.95, "bus_lcSublane": 0.0, "bus_max_v": 12.47, "bus_tau_mean": 3.98, "bus_tau_std": 0.0, "car_acc": 1.0, "car_dcc": 3.54, "car_lcAssertive": 80.92, "car_lcCooperative": 1.0, "car_lcLookaheadLeft": 21.18, "car_lcPushy": 0.0, "car_lcSublane": 0.93, "car_max_v": 20.03, "car_tau_mean": 3.99, "car_tau_std": 0.0}, "datetime": {"datetime": "2024-08-03 21:56:34", "elapsed": 1626.780585, "delta": 12.008375}}
{"target": -0.029632940895626982, "params": {"bus_acc": 2.63, "bus_dcc": 4.0, "bus_lcAssertive": 66.26, "bus_lcCooperative": 1.0, "bus_lcLookaheadLeft": 15.63, "bus_lcPushy": 0.91, "bus_lcSublane": 0.0, "bus_max_v": 13.06, "bus_tau_mean": 3.76, "bus_tau_std": 0.0, "car_acc": 1.0, "car_dcc": 3.32, "car_lcAssertive": 80.53, "car_lcCooperative": 1.0, "car_lcLookaheadLeft": 19.98, "car_lcPushy": 0.0, "car_lcSublane": 0.92, "car_max_v": 19.96, "car_tau_mean": 3.67, "car_tau_std": 0.0}, "datetime": {"datetime": "2024-08-03 21:56:39", "elapsed": 1632.033401, "delta": 5.252816}}
{"target": -0.049366614347405476, "params": {"bus_acc": 1.12, "bus_dcc": 2.53, "bus_lcAssertive": 44.95, "bus_lcCooperative": 0.86, "bus_lcLookaheadLeft": 97.9, "bus_lcPushy": 0.42, "bus_lcSublane": 0.92, "bus_max_v": 21.82, "bus_tau_mean": 1.58, "bus_tau_std": 1.81, "car_acc": 2.51, "car_dcc": 3.98, "car_lcAssertive": 22.53, "car_lcCooperative": 0.68, "car_lcLookaheadLeft": 39.04, "car_lcPushy": 0.89, "car_lcSublane": 0.38, "car_max_v": 17.29, "car_tau_mean": 3.7, "car_tau_std": 8.51}, "datetime": {"datetime": "2024-08-03 21:56:42", "elapsed": 1634.598566, "delta": 2.565165}}
{"target": -0.026339885202751708, "params": {"bus_acc": 2.75, "bus_dcc": 4.0, "bus_lcAssertive": 66.29, "bus_lcCooperative": 1.0, "bus_lcLookaheadLeft": 15.81, "bus_lcPushy": 0.93, "bus_lcSublane": 0.0, "bus_max_v": 12.95, "bus_tau_mean": 3.87, "bus_tau_std": 0.0, "car_acc": 1.0, "car_dcc": 3.4, "car_lcAssertive": 80.66, "car_lcCooperative": 1.0, "car_lcLookaheadLeft": 20.28, "car_lcPushy": 0.0, "car_lcSublane": 0.96, "car_max_v": 20.06, "car_tau_mean": 3.89, "car_tau_std": 0.0}, "datetime": {"datetime": "2024-08-03 21:56:45", "elapsed": 1638.259032, "delta": 3.660466}}
{"target": -0.053010821447231786, "params": {"bus_acc": 2.22, "bus_dcc": 3.52, "bus_lcAssertive": 54.34, "bus_lcCooperative": 0.66, "bus_lcLookaheadLeft": 37.59, "bus_lcPushy": 0.91, "bus_lcSublane": 0.92, "bus_max_v": 24.95, "bus_tau_mean": 3.13, "bus_tau_std": 6.34, "car_acc": 2.73, "car_dcc": 1.95, "car_lcAssertive": 65.96, "car_lcCooperative": 0.73, "car_lcLookaheadLeft": 42.11, "car_lcPushy": 0.27, "car_lcSublane": 0.32, "car_max_v": 15.43, "car_tau_mean": 3.57, "car_tau_std": 3.22}, "datetime": {"datetime": "2024-08-03 21:56:52", "elapsed": 1645.280429, "delta": 7.021397}}
{"target": -0.05628005308108685, "params": {"bus_acc": 1.7, "bus_dcc": 3.8, "bus_lcAssertive": 64.34, "bus_lcCooperative": 0.68, "bus_lcLookaheadLeft": 43.0, "bus_lcPushy": 0.43, "bus_lcSublane": 0.51, "bus_max_v": 8.9, "bus_tau_mean": 1.65, "bus_tau_std": 7.39, "car_acc": 2.7, "car_dcc": 2.73, "car_lcAssertive": 31.52, "car_lcCooperative": 0.56, "car_lcLookaheadLeft": 86.26, "car_lcPushy": 0.17, "car_lcSublane": 0.71, "car_max_v": 13.21, "car_tau_mean": 1.39, "car_tau_std": 0.09}, "datetime": {"datetime": "2024-08-03 21:57:04", "elapsed": 1656.709221, "delta": 11.428792}}
{"target": -0.042652888140697, "params": {"bus_acc": 1.61, "bus_dcc": 3.37, "bus_lcAssertive": 45.66, "bus_lcCooperative": 0.82, "bus_lcLookaheadLeft": 44.96, "bus_lcPushy": 0.81, "bus_lcSublane": 0.4, "bus_max_v": 19.98, "bus_tau_mean": 3.59, "bus_tau_std": 7.83, "car_acc": 2.0, "car_dcc": 1.73, "car_lcAssertive": 5.32, "car_lcCooperative": 0.88, "car_lcLookaheadLeft": 86.35, "car_lcPushy": 0.15, "car_lcSublane": 1.0, "car_max_v": 10.09, "car_tau_mean": 3.6, "car_tau_std": 4.31}, "datetime": {"datetime": "2024-08-03 21:57:06", "elapsed": 1659.190734, "delta": 2.481513}}
{"target": -0.04922423774762042, "params": {"bus_acc": 2.04, "bus_dcc": 2.34, "bus_lcAssertive": 18.41, "bus_lcCooperative": 0.56, "bus_lcLookaheadLeft": 55.5, "bus_lcPushy": 0.04, "bus_lcSublane": 0.68, "bus_max_v": 22.92, "bus_tau_mean": 1.16, "bus_tau_std": 2.74, "car_acc": 1.38, "car_dcc": 1.8, "car_lcAssertive": 54.38, "car_lcCooperative": 0.85, "car_lcLookaheadLeft": 80.39, "car_lcPushy": 0.8, "car_lcSublane": 0.19, "car_max_v": 21.01, "car_tau_mean": 1.73, "car_tau_std": 7.91}, "datetime": {"datetime": "2024-08-03 21:57:26", "elapsed": 1679.371177, "delta": 20.180443}}
{"target": -0.05121504449015201, "params": {"bus_acc": 1.63, "bus_dcc": 2.08, "bus_lcAssertive": 1.9, "bus_lcCooperative": 0.47, "bus_lcLookaheadLeft": 75.49, "bus_lcPushy": 0.7, "bus_lcSublane": 0.66, "bus_max_v": 21.87, "bus_tau_mean": 1.87, "bus_tau_std": 3.75, "car_acc": 1.62, "car_dcc": 2.69, "car_lcAssertive": 26.63, "car_lcCooperative": 0.51, "car_lcLookaheadLeft": 68.81, "car_lcPushy": 0.45, "car_lcSublane": 0.83, "car_max_v": 18.81, "car_tau_mean": 1.13, "car_tau_std": 5.95}, "datetime": {"datetime": "2024-08-03 21:57:29", "elapsed": 1681.700941, "delta": 2.329764}}
{"target": -0.04970814327833076, "params": {"bus_acc": 1.82, "bus_dcc": 3.37, "bus_lcAssertive": 36.46, "bus_lcCooperative": 0.46, "bus_lcLookaheadLeft": 69.76, "bus_lcPushy": 0.25, "bus_lcSublane": 0.92, "bus_max_v": 20.29, "bus_tau_mean": 1.02, "bus_tau_std": 6.45, "car_acc": 1.58, "car_dcc": 2.6, "car_lcAssertive": 58.64, "car_lcCooperative": 0.67, "car_lcLookaheadLeft": 54.66, "car_lcPushy": 0.12, "car_lcSublane": 0.95, "car_max_v": 18.59, "car_tau_mean": 3.27, "car_tau_std": 1.98}, "datetime": {"datetime": "2024-08-03 21:57:31", "elapsed": 1684.156943, "delta": 2.456002}}
{"target": -0.049581657812753276, "params": {"bus_acc": 1.1, "bus_dcc": 1.41, "bus_lcAssertive": 30.31, "bus_lcCooperative": 0.33, "bus_lcLookaheadLeft": 95.23, "bus_lcPushy": 0.12, "bus_lcSublane": 0.42, "bus_max_v": 11.01, "bus_tau_mean": 1.96, "bus_tau_std": 9.62, "car_acc": 1.26, "car_dcc": 2.11, "car_lcAssertive": 5.15, "car_lcCooperative": 0.91, "car_lcLookaheadLeft": 70.73, "car_lcPushy": 0.35, "car_lcSublane": 0.67, "car_max_v": 18.68, "car_tau_mean": 3.19, "car_tau_std": 8.4}, "datetime": {"datetime": "2024-08-03 21:57:41", "elapsed": 1693.843397, "delta": 9.686454}}
{"target": -0.0547294014019119, "params": {"bus_acc": 2.09, "bus_dcc": 1.62, "bus_lcAssertive": 72.92, "bus_lcCooperative": 0.05, "bus_lcLookaheadLeft": 83.49, "bus_lcPushy": 0.76, "bus_lcSublane": 0.92, "bus_max_v": 21.26, "bus_tau_mean": 3.88, "bus_tau_std": 5.9, "car_acc": 1.73, "car_dcc": 3.35, "car_lcAssertive": 87.44, "car_lcCooperative": 0.24, "car_lcLookaheadLeft": 97.36, "car_lcPushy": 0.75, "car_lcSublane": 0.12, "car_max_v": 18.4, "car_tau_mean": 1.53, "car_tau_std": 0.98}, "datetime": {"datetime": "2024-08-03 21:58:18", "elapsed": 1730.664127, "delta": 36.82073}}
{"target": -0.05489556031590867, "params": {"bus_acc": 2.28, "bus_dcc": 3.91, "bus_lcAssertive": 66.16, "bus_lcCooperative": 0.12, "bus_lcLookaheadLeft": 83.91, "bus_lcPushy": 0.36, "bus_lcSublane": 0.98, "bus_max_v": 17.17, "bus_tau_mean": 2.15, "bus_tau_std": 7.4, "car_acc": 2.84, "car_dcc": 2.36, "car_lcAssertive": 47.97, "car_lcCooperative": 0.54, "car_lcLookaheadLeft": 25.37, "car_lcPushy": 0.39, "car_lcSublane": 0.08, "car_max_v": 15.02, "car_tau_mean": 0.69, "car_tau_std": 6.82}, "datetime": {"datetime": "2024-08-03 21:58:29", "elapsed": 1742.146665, "delta": 11.482538}}
{"target": -0.03799754103577095, "params": {"bus_acc": 1.05, "bus_dcc": 3.38, "bus_lcAssertive": 34.66, "bus_lcCooperative": 0.48, "bus_lcLookaheadLeft": 61.17, "bus_lcPushy": 0.18, "bus_lcSublane": 0.57, "bus_max_v": 10.72, "bus_tau_mean": 0.81, "bus_tau_std": 4.21, "car_acc": 2.68, "car_dcc": 1.73, "car_lcAssertive": 5.33, "car_lcCooperative": 0.04, "car_lcLookaheadLeft": 71.64, "car_lcPushy": 0.1, "car_lcSublane": 0.4, "car_max_v": 7.51, "car_tau_mean": 2.79, "car_tau_std": 9.01}, "datetime": {"datetime": "2024-08-03 21:58:55", "elapsed": 1767.647796, "delta": 25.501131}}
{"target": -0.04597380514201608, "params": {"bus_acc": 2.01, "bus_dcc": 2.18, "bus_lcAssertive": 44.82, "bus_lcCooperative": 0.22, "bus_lcLookaheadLeft": 16.51, "bus_lcPushy": 0.65, "bus_lcSublane": 0.99, "bus_max_v": 10.61, "bus_tau_mean": 3.22, "bus_tau_std": 1.22, "car_acc": 2.91, "car_dcc": 3.92, "car_lcAssertive": 99.46, "car_lcCooperative": 0.64, "car_lcLookaheadLeft": 81.3, "car_lcPushy": 0.2, "car_lcSublane": 0.91, "car_max_v": 10.15, "car_tau_mean": 2.53, "car_tau_std": 3.0}, "datetime": {"datetime": "2024-08-03 21:59:00", "elapsed": 1772.575687, "delta": 4.927891}}
{"target": -0.0846316664990303, "params": {"bus_acc": 2.17, "bus_dcc": 1.34, "bus_lcAssertive": 70.43, "bus_lcCooperative": 0.18, "bus_lcLookaheadLeft": 93.89, "bus_lcPushy": 0.65, "bus_lcSublane": 0.43, "bus_max_v": 6.55, "bus_tau_mean": 3.86, "bus_tau_std": 8.12, "car_acc": 2.37, "car_dcc": 3.5, "car_lcAssertive": 61.75, "car_lcCooperative": 0.3, "car_lcLookaheadLeft": 95.76, "car_lcPushy": 0.66, "car_lcSublane": 0.51, "car_max_v": 19.5, "car_tau_mean": 3.03, "car_tau_std": 3.05}, "datetime": {"datetime": "2024-08-03 21:59:02", "elapsed": 1774.401252, "delta": 1.825565}}
{"target": -0.03858513205815301, "params": {"bus_acc": 2.22, "bus_dcc": 1.17, "bus_lcAssertive": 72.66, "bus_lcCooperative": 0.52, "bus_lcLookaheadLeft": 55.87, "bus_lcPushy": 0.89, "bus_lcSublane": 0.87, "bus_max_v": 19.92, "bus_tau_mean": 3.1, "bus_tau_std": 1.06, "car_acc": 1.02, "car_dcc": 3.75, "car_lcAssertive": 19.02, "car_lcCooperative": 0.69, "car_lcLookaheadLeft": 57.82, "car_lcPushy": 0.72, "car_lcSublane": 0.62, "car_max_v": 17.19, "car_tau_mean": 0.81, "car_tau_std": 7.82}, "datetime": {"datetime": "2024-08-03 21:59:05", "elapsed": 1777.6595, "delta": 3.258248}}
{"target": -0.05179150744161056, "params": {"bus_acc": 2.13, "bus_dcc": 1.8, "bus_lcAssertive": 26.74, "bus_lcCooperative": 0.93, "bus_lcLookaheadLeft": 97.56, "bus_lcPushy": 0.1, "bus_lcSublane": 0.78, "bus_max_v": 12.59, "bus_tau_mean": 3.49, "bus_tau_std": 1.03, "car_acc": 2.4, "car_dcc": 2.88, "car_lcAssertive": 94.18, "car_lcCooperative": 0.92, "car_lcLookaheadLeft": 16.28, "car_lcPushy": 0.23, "car_lcSublane": 0.31, "car_max_v": 15.35, "car_tau_mean": 3.04, "car_tau_std": 6.95}, "datetime": {"datetime": "2024-08-03 21:59:13", "elapsed": 1785.644209, "delta": 7.984709}}
