{"target": -0.2917189634461313, "params": {"bus_acc": 2.2133826868342763, "bus_dcc": 1.064127883264212, "bus_lcAssertive": 99.75101428010461, "bus_lcCooperative": 0.5820299763434618, "bus_lcLookaheadLeft": 30.750875291633548, "bus_lcPushy": 0.9289494618931157, "bus_lcSigma": 0.5071194235482045, "bus_lcSpeedGainRight": 2.2734611377620344, "bus_lcSublane": 0.5878715062961865, "bus_sigma": 0.2641376442105696, "bus_tau_mean": 1.5685090477160166, "bus_tau_std": 3.7165457672418247, "bus_v_mean": 11.911167989945774, "bus_v_std": 11.690945322332595, "car_acc": 3.7833845357293057, "car_dcc": 1.2158416604920035, "car_lcAssertive": 97.13724864292091, "car_lcCooperative": 0.7530706558694549, "car_lcLookaheadLeft": 81.00398996943402, "car_lcPushy": 0.7516404040812905, "car_lcSigma": 0.0800609772712173, "car_lcSpeedGainRight": 2.4084814151058853, "car_lcSublane": 0.44567295640165605, "car_sigma": 0.6724726505249299, "car_tau_mean": 2.070580405885127, "car_tau_std": 7.0431339838390965, "car_v_mean": 18.906325401641965, "car_v_std": 13.942970575055124}, "datetime": {"datetime": "2024-08-08 17:27:40", "elapsed": 245.922934, "delta": 1.829654}}
{"target": -0.32739383189971466, "params": {"bus_acc": 2.009517011971991, "bus_dcc": 3.551062977262902, "bus_lcAssertive": 2.606211886160219, "bus_lcCooperative": 0.15625097810290178, "bus_lcLookaheadLeft": 82.69172752644693, "bus_lcPushy": 0.22933768147934985, "bus_lcSigma": 0.25919495533811776, "bus_lcSpeedGainRight": 3.5039530333633677, "bus_lcSublane": 0.9665252791289367, "bus_sigma": 0.1982798199644802, "bus_tau_mean": 3.116240507628462, "bus_tau_std": 1.4050624498175213, "bus_v_mean": 14.119961140468927, "bus_v_std": 6.465785028067663, "car_acc": 4.535142075936148, "car_dcc": 2.9661441887219744, "car_lcAssertive": 34.0239606401218, "car_lcCooperative": 0.02160795914792346, "car_lcLookaheadLeft": 38.16284859456154, "car_lcPushy": 0.9721806718439246, "car_lcSigma": 0.5290990867820917, "car_lcSpeedGainRight": 3.7107241160280373, "car_lcSublane": 0.345388836894019, "car_sigma": 0.46058986532522916, "car_tau_mean": 1.2407249437629293, "car_tau_std": 8.369597301372854, "car_v_mean": 13.756941750401928, "car_v_std": 0.7417626590136939}, "datetime": {"datetime": "2024-08-08 17:27:41", "elapsed": 247.082663, "delta": 1.159729}}
{"target": -0.3056924486999655, "params": {"bus_acc": 4.315243180152543, "bus_dcc": 1.0949970714598583, "bus_lcAssertive": 15.403531752894681, "bus_lcCooperative": 0.727728294216953, "bus_lcLookaheadLeft": 54.89490666791946, "bus_lcPushy": 0.9952645064599802, "bus_lcSigma": 0.49562965945080917, "bus_lcSpeedGainRight": 1.9205193425394902, "bus_lcSublane": 0.1943740012337618, "bus_sigma": 0.5901664445660855, "bus_tau_mean": 3.1831881529080497, "bus_tau_std": 9.244391872210278, "bus_v_mean": 10.202013220166455, "bus_v_std": 0.16179846610166138, "car_acc": 2.911841956886144, "car_dcc": 1.548842758770767, "car_lcAssertive": 61.42352253913641, "car_lcCooperative": 0.6202693045764363, "car_lcLookaheadLeft": 42.143758136995615, "car_lcPushy": 0.677205263887532, "car_lcSigma": 0.19967056911058145, "car_lcSpeedGainRight": 4.042909902423916, "car_lcSublane": 0.050339684205637836, "car_sigma": 0.1718618586534073, "car_tau_mean": 3.932108116743485, "car_tau_std": 9.003771794068165, "car_v_mean": 23.035664337979306, "car_v_std": 18.16888586690896}, "datetime": {"datetime": "2024-08-08 17:27:47", "elapsed": 252.10077, "delta": 5.018107}}
{"target": -0.34906074411121774, "params": {"bus_acc": 2.5294341944396055, "bus_dcc": 2.7321547920804785, "bus_lcAssertive": 36.095264933928156, "bus_lcCooperative": 0.34804830714205326, "bus_lcLookaheadLeft": 49.440692073845305, "bus_lcPushy": 0.07143843875251465, "bus_lcSigma": 0.038685691058786276, "bus_lcSpeedGainRight": 4.203048222331342, "bus_lcSublane": 0.007368889641819032, "bus_sigma": 0.7037578038522245, "bus_tau_mean": 2.059470860426061, "bus_tau_std": 9.695095709343493, "bus_v_mean": 20.958750291070075, "bus_v_std": 7.992236093070792, "car_acc": 2.5753187157902717, "car_dcc": 1.385782482031638, "car_lcAssertive": 37.09455527159745, "car_lcCooperative": 0.20418115721203733, "car_lcLookaheadLeft": 32.9750175689164, "car_lcPushy": 0.5623157261270272, "car_lcSigma": 0.8619117905528751, "car_lcSpeedGainRight": 0.49100856630805045, "car_lcSublane": 0.8300568207173695, "car_sigma": 0.9206667337616684, "car_tau_mean": 1.2826980432291362, "car_tau_std": 2.008475846458122, "car_v_mean": 20.29496289746016, "car_v_std": 0.4105639975893993}, "datetime": {"datetime": "2024-08-08 17:27:49", "elapsed": 254.387768, "delta": 2.286998}}
{"target": -0.31697747306743523, "params": {"bus_acc": 1.2700562016534787, "bus_dcc": 2.3089361457977464, "bus_lcAssertive": 92.95741713280664, "bus_lcCooperative": 0.26318010363654454, "bus_lcLookaheadLeft": 14.53941084549394, "bus_lcPushy": 0.7622387720608016, "bus_lcSigma": 0.9286081213991312, "bus_lcSpeedGainRight": 1.6288421035215883, "bus_lcSublane": 0.23245809784533655, "bus_sigma": 0.1824854764117131, "bus_tau_mean": 3.8713243293242585, "bus_tau_std": 5.766346346502747, "bus_v_mean": 21.761404350564547, "bus_v_std": 6.166899721037322, "car_acc": 1.2257457214337637, "car_dcc": 2.3614125553459053, "car_lcAssertive": 21.503899494829845, "car_lcCooperative": 0.5189836643290452, "car_lcLookaheadLeft": 54.722788290538084, "car_lcPushy": 0.2942882172433129, "car_lcSigma": 0.3074538821838113, "car_lcSpeedGainRight": 0.12086836107416399, "car_lcSublane": 0.42040201393038057, "car_sigma": 0.3236894136587639, "car_tau_mean": 2.668215438414082, "car_tau_std": 8.597630666919953, "car_v_mean": 15.882247052686651, "car_v_std": 1.6541659606377879}, "datetime": {"datetime": "2024-08-08 17:27:51", "elapsed": 256.368456, "delta": 1.980688}}
{"target": -0.2491329733020057, "params": {"bus_acc": 4.514643905263244, "bus_dcc": 1.7638022669817308, "bus_lcAssertive": 76.85264815507935, "bus_lcCooperative": 0.9410132668189013, "bus_lcLookaheadLeft": 2.1012274004579936, "bus_lcPushy": 0.47608911800210485, "bus_lcSigma": 0.6570403290247293, "bus_lcSpeedGainRight": 4.216616069597612, "bus_lcSublane": 0.18373941187600173, "bus_sigma": 0.8561592379873718, "bus_tau_mean": 1.7752791794995977, "bus_tau_std": 8.922739292761724, "bus_v_mean": 8.44338784195784, "bus_v_std": 1.7078027824634123, "car_acc": 4.92564186301645, "car_dcc": 2.8285057773204896, "car_lcAssertive": 42.345602334604145, "car_lcCooperative": 0.16921418469369054, "car_lcLookaheadLeft": 65.69031300278962, "car_lcPushy": 0.03697506835935782, "car_lcSigma": 0.31161391346070466, "car_lcSpeedGainRight": 1.6173959849453767, "car_lcSublane": 0.6074418935145536, "car_sigma": 0.6508312566756971, "car_tau_mean": 3.4611910973276427, "car_tau_std": 9.275809425975435, "car_v_mean": 18.567323641777595, "car_v_std": 11.563478368170763}, "datetime": {"datetime": "2024-08-08 17:27:53", "elapsed": 258.209222, "delta": 1.840766}}
{"target": -0.3479863603243623, "params": {"bus_acc": 1.6793216782582756, "bus_dcc": 3.6344275102882393, "bus_lcAssertive": 10.73633654947196, "bus_lcCooperative": 0.42110762500505217, "bus_lcLookaheadLeft": 95.87317395474919, "bus_lcPushy": 0.5331652849730171, "bus_lcSigma": 0.6918771139504734, "bus_lcSpeedGainRight": 1.5775781550303147, "bus_lcSublane": 0.6865009276815837, "bus_sigma": 0.8346256718973729, "bus_tau_mean": 0.5640089707046714, "bus_tau_std": 7.501443149449675, "bus_v_mean": 23.821777422503914, "bus_v_std": 14.963313087596788, "car_acc": 2.1217759682576207, "car_dcc": 3.3678379853544653, "car_lcAssertive": 11.21937465118656, "car_lcCooperative": 0.44789352617590517, "car_lcLookaheadLeft": 91.04235930312336, "car_lcPushy": 0.2936141483736795, "car_lcSigma": 0.28777533858634874, "car_lcSpeedGainRight": 0.6501428605913884, "car_lcSublane": 0.019366957870297075, "car_sigma": 0.678835532939891, "car_tau_mean": 1.2406984060002066, "car_tau_std": 2.655466593722262, "car_v_mean": 15.865170548485413, "car_v_std": 1.0672509023416077}, "datetime": {"datetime": "2024-08-08 17:27:55", "elapsed": 260.134659, "delta": 1.925437}}
{"target": -0.3251353538005674, "params": {"bus_acc": 3.0721302463776348, "bus_dcc": 2.1182464062924566, "bus_lcAssertive": 71.32510325364133, "bus_lcCooperative": 0.455643424642054, "bus_lcLookaheadLeft": 61.31086372207486, "bus_lcPushy": 0.9904061968899467, "bus_lcSigma": 0.7739162499564685, "bus_lcSpeedGainRight": 1.6713820249691314, "bus_lcSublane": 0.08899822082237796, "bus_sigma": 0.18490559027840836, "bus_tau_mean": 2.3439815656214202, "bus_tau_std": 4.17102418106858, "bus_v_mean": 20.810554530067833, "bus_v_std": 18.664046763733634, "car_acc": 1.7114589918053942, "car_dcc": 3.580200312628649, "car_lcAssertive": 95.78209770634021, "car_lcCooperative": 0.9594706068497821, "car_lcLookaheadLeft": 5.710533596602189, "car_lcPushy": 0.05758350560817371, "car_lcSigma": 0.005797392917688993, "car_lcSpeedGainRight": 1.5634057807773822, "car_lcSublane": 0.05569841271210463, "car_sigma": 0.29386248547054417, "car_tau_mean": 1.746057701109153, "car_tau_std": 9.536770184739218, "car_v_mean": 15.631214759788447, "car_v_std": 5.564768848426606}, "datetime": {"datetime": "2024-08-08 17:27:56", "elapsed": 261.794225, "delta": 1.659566}}
{"target": -0.3335799626582623, "params": {"bus_acc": 3.2547083543713664, "bus_dcc": 3.8194054305084606, "bus_lcAssertive": 33.70182019345527, "bus_lcCooperative": 0.9489681421433714, "bus_lcLookaheadLeft": 26.096657275145958, "bus_lcPushy": 0.5484050277202206, "bus_lcSigma": 0.713400836019665, "bus_lcSpeedGainRight": 4.403108479962601, "bus_lcSublane": 0.7816986897799817, "bus_sigma": 0.9657612589875492, "bus_tau_mean": 2.4290008595408805, "bus_tau_std": 9.054263375404869, "bus_v_mean": 18.474949711301303, "bus_v_std": 3.3802019239570247, "car_acc": 1.1226428605683454, "car_dcc": 3.2823415052759564, "car_lcAssertive": 68.08438713633001, "car_lcCooperative": 0.2883134649731277, "car_lcLookaheadLeft": 12.38962807345181, "car_lcPushy": 0.6894602214202571, "car_lcSigma": 0.7494525153968865, "car_lcSpeedGainRight": 2.7914100489775535, "car_lcSublane": 0.6652373633942178, "car_sigma": 0.40406098195856777, "car_tau_mean": 3.5313063185544373, "car_tau_std": 5.32401281751286, "car_v_mean": 22.317427226880177, "car_v_std": 14.794191101265747}, "datetime": {"datetime": "2024-08-08 17:27:59", "elapsed": 264.127341, "delta": 2.333116}}
{"target": -0.3047554308106688, "params": {"bus_acc": 3.2964704219680523, "bus_dcc": 1.4401857247174306, "bus_lcAssertive": 59.34124815342514, "bus_lcCooperative": 0.6997583600209312, "bus_lcLookaheadLeft": 12.028774025126932, "bus_lcPushy": 0.4140559878195683, "bus_lcSigma": 0.6944001577277451, "bus_lcSpeedGainRight": 2.0708963476345135, "bus_lcSublane": 0.04995345894608716, "bus_sigma": 0.5358964059155116, "bus_tau_mean": 2.823281258269261, "bus_tau_std": 5.148891120583086, "bus_v_mean": 23.113516095853015, "bus_v_std": 11.731100810039859, "car_acc": 4.6136076611515335, "car_dcc": 1.4124241124387127, "car_lcAssertive": 14.788358377825096, "car_lcCooperative": 0.8073912887095238, "car_lcLookaheadLeft": 40.97233002458229, "car_lcPushy": 0.16535419711693278, "car_lcSigma": 0.9275085803960339, "car_lcSpeedGainRight": 1.738829298727533, "car_lcSublane": 0.7508121031361555, "car_sigma": 0.7259979853504515, "car_tau_mean": 3.5915713192203342, "car_tau_std": 6.236722070556089, "car_v_mean": 20.015078944437395, "car_v_std": 6.977966839556851}, "datetime": {"datetime": "2024-08-08 17:28:00", "elapsed": 265.819188, "delta": 1.691847}}
{"target": -0.30322954474812364, "params": {"bus_acc": 1.6460430819440477, "bus_dcc": 2.0273219234044317, "bus_lcAssertive": 26.9261600062485, "bus_lcCooperative": 0.844526943229479, "bus_lcLookaheadLeft": 80.43256008608736, "bus_lcPushy": 0.4266391582681436, "bus_lcSigma": 0.6070154607890389, "bus_lcSpeedGainRight": 0.7273280513310998, "bus_lcSublane": 0.5096132942175586, "bus_sigma": 0.29694708578690454, "bus_tau_mean": 3.508778337492204, "bus_tau_std": 6.715983809063899, "bus_v_mean": 18.135584201958736, "bus_v_std": 2.4950260013835845, "car_acc": 2.882351517995543, "car_dcc": 3.9597183387606445, "car_lcAssertive": 94.88161823319385, "car_lcCooperative": 0.6450856402604436, "car_lcLookaheadLeft": 16.869037361133415, "car_lcPushy": 0.639126848719905, "car_lcSigma": 0.5656621125439275, "car_lcSpeedGainRight": 2.34332918830626, "car_lcSublane": 0.42803746946827015, "car_sigma": 0.5992697556580301, "car_tau_mean": 3.474894609805879, "car_tau_std": 7.511210403719374, "car_v_mean": 17.26976864475573, "car_v_std": 18.49408363072056}, "datetime": {"datetime": "2024-08-08 17:28:02", "elapsed": 267.227422, "delta": 1.408234}}
{"target": -0.3229400583771591, "params": {"bus_acc": 2.615534550204696, "bus_dcc": 1.8292126595811111, "bus_lcAssertive": 75.66265040850023, "bus_lcCooperative": 0.32178620055239215, "bus_lcLookaheadLeft": 80.41414256791496, "bus_lcPushy": 0.9113083542736461, "bus_lcSigma": 0.5131490075412158, "bus_lcSpeedGainRight": 2.147110148403261, "bus_lcSublane": 0.09159480217154525, "bus_sigma": 0.27367730380496647, "bus_tau_mean": 3.6032673509104907, "bus_tau_std": 2.459443412735529, "bus_v_mean": 17.939030189933995, "bus_v_std": 9.900147916856014, "car_acc": 1.3774901437368574, "car_dcc": 3.698105594178628, "car_lcAssertive": 7.709312413353263, "car_lcCooperative": 0.680702325466581, "car_lcLookaheadLeft": 97.25581771846967, "car_lcPushy": 0.709373790820744, "car_lcSigma": 0.3259087204583756, "car_lcSpeedGainRight": 0.3672008318399933, "car_lcSublane": 0.5797370470473434, "car_sigma": 0.7335170182530933, "car_tau_mean": 1.7559611177873928, "car_tau_std": 6.537514725103031, "car_v_mean": 17.065462531175335, "car_v_std": 0.6821283479665974}, "datetime": {"datetime": "2024-08-08 17:28:05", "elapsed": 270.410952, "delta": 3.18353}}
{"target": -0.3131841421875719, "params": {"bus_acc": 1.091660525289527, "bus_dcc": 2.5572469666359683, "bus_lcAssertive": 81.18888235557921, "bus_lcCooperative": 0.012603767029876312, "bus_lcLookaheadLeft": 67.90204477606592, "bus_lcPushy": 0.6868082266569918, "bus_lcSigma": 0.44924675358663757, "bus_lcSpeedGainRight": 4.573943433709672, "bus_lcSublane": 0.6443610847569929, "bus_sigma": 0.005239837651465851, "bus_tau_mean": 2.1954995593003144, "bus_tau_std": 8.593178060976, "bus_v_mean": 21.28639312059743, "bus_v_std": 12.983083942249557, "car_acc": 3.6947936955945266, "car_dcc": 2.7354987393676016, "car_lcAssertive": 28.137857741518363, "car_lcCooperative": 0.5605299905360588, "car_lcLookaheadLeft": 67.82951891210719, "car_lcPushy": 0.35242963021640883, "car_lcSigma": 0.8558283672539277, "car_lcSpeedGainRight": 0.9751874300435365, "car_lcSublane": 0.7473208103319232, "car_sigma": 0.2896027461868774, "car_tau_mean": 3.208297505354637, "car_tau_std": 4.277373293360762, "car_v_mean": 20.92317454579535, "car_v_std": 7.070697253359808}, "datetime": {"datetime": "2024-08-08 17:28:07", "elapsed": 272.939272, "delta": 2.52832}}
{"target": -0.2879261280328412, "params": {"bus_acc": 2.5182112833862567, "bus_dcc": 3.5394621428285458, "bus_lcAssertive": 11.211914436474187, "bus_lcCooperative": 0.9693897831387973, "bus_lcLookaheadLeft": 53.236726420995204, "bus_lcPushy": 0.673336502314276, "bus_lcSigma": 0.7315304306693198, "bus_lcSpeedGainRight": 4.904894025049006, "bus_lcSublane": 0.5527569774050577, "bus_sigma": 0.6997243444153014, "bus_tau_mean": 2.8894021245592185, "bus_tau_std": 6.302331411833633, "bus_v_mean": 20.789519387569385, "bus_v_std": 6.913089989951691, "car_acc": 2.927567328972619, "car_dcc": 1.2343676172730946, "car_lcAssertive": 91.10047799461688, "car_lcCooperative": 0.5592257408097784, "car_lcLookaheadLeft": 53.4486443729144, "car_lcPushy": 0.26695188982531315, "car_lcSigma": 0.8999928855786703, "car_lcSpeedGainRight": 0.06956784088914036, "car_lcSublane": 0.0970011361003359, "car_sigma": 0.060074924973711585, "car_tau_mean": 1.3432281989739752, "car_tau_std": 4.968492094618961, "car_v_mean": 15.41638475857981, "car_v_std": 5.4109241820542175}, "datetime": {"datetime": "2024-08-08 17:28:10", "elapsed": 275.229783, "delta": 2.290511}}
{"target": -0.32121419874386414, "params": {"bus_acc": 3.715418096424434, "bus_dcc": 3.676135012257154, "bus_lcAssertive": 88.42006824745238, "bus_lcCooperative": 0.6253678484792837, "bus_lcLookaheadLeft": 30.300280949909727, "bus_lcPushy": 0.40310278532155364, "bus_lcSigma": 0.028957250455217798, "bus_lcSpeedGainRight": 4.5824200700106985, "bus_lcSublane": 0.6874477338720318, "bus_sigma": 0.908170823529499, "bus_tau_mean": 1.557304979915104, "bus_tau_std": 9.44826453960881, "bus_v_mean": 21.824498747848523, "bus_v_std": 17.720255181763022, "car_acc": 1.0005653208337075, "car_dcc": 2.131720656775928, "car_lcAssertive": 13.110203935992757, "car_lcCooperative": 0.9328079064690463, "car_lcLookaheadLeft": 52.34331074647811, "car_lcPushy": 0.48933641342690504, "car_lcSigma": 0.4869211668341662, "car_lcSpeedGainRight": 2.8514595051160754, "car_lcSublane": 0.5445075098554931, "car_sigma": 0.9171108608633298, "car_tau_mean": 3.595345912845165, "car_tau_std": 7.837192592950845, "car_v_mean": 13.163637372393135, "car_v_std": 15.688748431426829}, "datetime": {"datetime": "2024-08-08 17:28:12", "elapsed": 277.151723, "delta": 1.92194}}
{"target": -0.28463902576767014, "params": {"bus_acc": 3.8750161622056685, "bus_dcc": 3.2003600696773264, "bus_lcAssertive": 78.54619125867339, "bus_lcCooperative": 0.26331448779883615, "bus_lcLookaheadLeft": 99.83910509989647, "bus_lcPushy": 0.49370043677044173, "bus_lcSigma": 0.08392651435770837, "bus_lcSpeedGainRight": 0.5600784162228045, "bus_lcSublane": 0.5614997241464469, "bus_sigma": 0.5101089424261638, "bus_tau_mean": 3.7719242729292484, "bus_tau_std": 9.008260608353996, "bus_v_mean": 15.446458365659854, "bus_v_std": 4.129542664562309, "car_acc": 3.2576704236653184, "car_dcc": 1.9262001453322675, "car_lcAssertive": 65.40797776163853, "car_lcCooperative": 0.5151040068807616, "car_lcLookaheadLeft": 84.631648961195, "car_lcPushy": 0.1317404149332022, "car_lcSigma": 0.251006777252771, "car_lcSpeedGainRight": 2.987657171227511, "car_lcSublane": 0.6252147812669753, "car_sigma": 0.41259408537902176, "car_tau_mean": 3.6520726102905754, "car_tau_std": 8.102750250424481, "car_v_mean": 16.653598125046187, "car_v_std": 8.10058720775736}, "datetime": {"datetime": "2024-08-08 17:28:13", "elapsed": 278.819405, "delta": 1.667682}}
{"target": -0.29998083204840226, "params": {"bus_acc": 3.110486033825397, "bus_dcc": 2.059727217949177, "bus_lcAssertive": 20.621723702698993, "bus_lcCooperative": 0.22059408184733575, "bus_lcLookaheadLeft": 6.2945079532604, "bus_lcPushy": 0.7131639731598145, "bus_lcSigma": 0.6538401991962549, "bus_lcSpeedGainRight": 2.218848963623612, "bus_lcSublane": 0.7189394880898436, "bus_sigma": 0.10997597244532042, "bus_tau_mean": 3.785517106791259, "bus_tau_std": 8.476267092393876, "bus_v_mean": 18.544570554654133, "bus_v_std": 7.576623373234637, "car_acc": 2.66626691605899, "car_dcc": 2.446461766472402, "car_lcAssertive": 93.59309323067326, "car_lcCooperative": 0.8635929549181026, "car_lcLookaheadLeft": 48.83653722322282, "car_lcPushy": 0.554518498278167, "car_lcSigma": 0.8754038622793218, "car_lcSpeedGainRight": 4.74632216886145, "car_lcSublane": 0.639184755868246, "car_sigma": 0.7485203200897537, "car_tau_mean": 1.7306871722615491, "car_tau_std": 9.1802831908618, "car_v_mean": 21.3880327976613, "car_v_std": 11.041117624495255}, "datetime": {"datetime": "2024-08-08 17:28:15", "elapsed": 280.434046, "delta": 1.614641}}
{"target": -0.31697964920564187, "params": {"bus_acc": 1.818940345969028, "bus_dcc": 2.8965771258754773, "bus_lcAssertive": 64.04676155930846, "bus_lcCooperative": 0.6924175033786027, "bus_lcLookaheadLeft": 90.9323738680104, "bus_lcPushy": 0.7825809780445985, "bus_lcSigma": 0.6252909358558468, "bus_lcSpeedGainRight": 3.004827976990449, "bus_lcSublane": 0.21275903606814206, "bus_sigma": 0.651365361997868, "bus_tau_mean": 3.350750597718116, "bus_tau_std": 9.223224808528965, "bus_v_mean": 22.666401793294924, "bus_v_std": 11.221976117452732, "car_acc": 2.039335902961951, "car_dcc": 2.00139237047115, "car_lcAssertive": 99.77847419131322, "car_lcCooperative": 0.5255977882178193, "car_lcLookaheadLeft": 81.95885393810659, "car_lcPushy": 0.5970161877845721, "car_lcSigma": 0.5069303873283266, "car_lcSpeedGainRight": 1.7426980765284887, "car_lcSublane": 0.5377705282313024, "car_sigma": 0.00673470699420331, "car_tau_mean": 3.568400323088009, "car_tau_std": 5.6148648153267935, "car_v_mean": 8.388502805194857, "car_v_std": 16.36349490662331}, "datetime": {"datetime": "2024-08-08 17:28:16", "elapsed": 281.895904, "delta": 1.461858}}
{"target": -0.26319753282296415, "params": {"bus_acc": 3.944551868160827, "bus_dcc": 2.777273175660121, "bus_lcAssertive": 16.724494427686516, "bus_lcCooperative": 0.9173117720217062, "bus_lcLookaheadLeft": 55.28514419082726, "bus_lcPushy": 0.9977626724769947, "bus_lcSigma": 0.042324338665631345, "bus_lcSpeedGainRight": 4.064732387645806, "bus_lcSublane": 0.0773806866977319, "bus_sigma": 0.9402469590356723, "bus_tau_mean": 1.7650260427958757, "bus_tau_std": 6.666122685250695, "bus_v_mean": 19.433709186085913, "bus_v_std": 14.26197674699479, "car_acc": 3.775806111888074, "car_dcc": 1.034949046341052, "car_lcAssertive": 22.827086805368978, "car_lcCooperative": 0.7972718722454357, "car_lcLookaheadLeft": 79.12308664548529, "car_lcPushy": 0.8016620581186015, "car_lcSigma": 0.00782859412378445, "car_lcSpeedGainRight": 0.20673063258441038, "car_lcSublane": 0.07382610621756747, "car_sigma": 0.8737476483459298, "car_tau_mean": 2.1710366047819747, "car_tau_std": 7.3172320801767015, "car_v_mean": 11.493068047736013, "car_v_std": 13.396600028510823}, "datetime": {"datetime": "2024-08-08 17:28:18", "elapsed": 283.72612, "delta": 1.830216}}
