{"target": -0.040731413302615045, "params": {"bus_acc": 1.24, "bus_dcc": 2.36, "bus_lcAssertive": 76.47, "bus_lcCooperative": 0.19, "bus_lcLookaheadLeft": 49.75, "bus_lcPushy": 0.55, "bus_lcSublane": 0.65, "bus_max_v": 15.43, "bus_tau_mean": 1.09, "bus_tau_std": 4.63, "car_acc": 2.37, "car_dcc": 2.39, "car_lcAssertive": 51.03, "car_lcCooperative": 0.79, "car_lcLookaheadLeft": 45.62, "car_lcPushy": 0.91, "car_lcSublane": 0.27, "car_max_v": 8.81, "car_tau_mean": 1.8, "car_tau_std": 8.5}, "datetime": {"datetime": "2024-08-03 21:49:41", "elapsed": 1214.31552, "delta": 2.020068}}
{"target": -0.057976516939564536, "params": {"bus_acc": 2.95, "bus_dcc": 1.94, "bus_lcAssertive": 28.99, "bus_lcCooperative": 0.73, "bus_lcLookaheadLeft": 95.35, "bus_lcPushy": 0.34, "bus_lcSublane": 0.4, "bus_max_v": 10.3, "bus_tau_mean": 3.83, "bus_tau_std": 4.96, "car_acc": 2.03, "car_dcc": 3.97, "car_lcAssertive": 71.01, "car_lcCooperative": 0.05, "car_lcLookaheadLeft": 87.05, "car_lcPushy": 0.99, "car_lcSublane": 0.76, "car_max_v": 17.65, "car_tau_mean": 2.41, "car_tau_std": 3.96}, "datetime": {"datetime": "2024-08-03 21:49:43", "elapsed": 1215.830646, "delta": 1.515126}}
{"target": -0.048533259937655206, "params": {"bus_acc": 2.91, "bus_dcc": 2.08, "bus_lcAssertive": 75.81, "bus_lcCooperative": 0.56, "bus_lcLookaheadLeft": 27.22, "bus_lcPushy": 0.23, "bus_lcSublane": 0.15, "bus_max_v": 23.13, "bus_tau_mean": 1.73, "bus_tau_std": 7.29, "car_acc": 1.72, "car_dcc": 1.8, "car_lcAssertive": 44.92, "car_lcCooperative": 0.72, "car_lcLookaheadLeft": 46.2, "car_lcPushy": 0.21, "car_lcSublane": 0.99, "car_max_v": 15.63, "car_tau_mean": 0.66, "car_tau_std": 7.92}, "datetime": {"datetime": "2024-08-03 21:49:51", "elapsed": 1223.70445, "delta": 7.873804}}
{"target": -0.0454721884956805, "params": {"bus_acc": 2.05, "bus_dcc": 3.11, "bus_lcAssertive": 83.04, "bus_lcCooperative": 0.42, "bus_lcLookaheadLeft": 11.23, "bus_lcPushy": 0.97, "bus_lcSublane": 0.95, "bus_max_v": 12.9, "bus_tau_mean": 2.16, "bus_tau_std": 3.13, "car_acc": 2.71, "car_dcc": 2.59, "car_lcAssertive": 29.96, "car_lcCooperative": 0.75, "car_lcLookaheadLeft": 63.85, "car_lcPushy": 0.79, "car_lcSublane": 0.41, "car_max_v": 9.82, "car_tau_mean": 3.4, "car_tau_std": 9.92}, "datetime": {"datetime": "2024-08-03 21:49:57", "elapsed": 1230.165942, "delta": 6.461492}}
{"target": -0.056021971345736395, "params": {"bus_acc": 2.2, "bus_dcc": 2.38, "bus_lcAssertive": 63.01, "bus_lcCooperative": 0.65, "bus_lcLookaheadLeft": 45.34, "bus_lcPushy": 0.58, "bus_lcSublane": 0.2, "bus_max_v": 18.74, "bus_tau_mean": 1.32, "bus_tau_std": 4.93, "car_acc": 1.56, "car_dcc": 2.35, "car_lcAssertive": 95.25, "car_lcCooperative": 0.24, "car_lcLookaheadLeft": 76.3, "car_lcPushy": 0.66, "car_lcSublane": 0.53, "car_max_v": 8.72, "car_tau_mean": 2.04, "car_tau_std": 9.1}, "datetime": {"datetime": "2024-08-03 21:50:01", "elapsed": 1234.185617, "delta": 4.019675}}
{"target": -0.03501828074887329, "params": {"bus_acc": 1.48, "bus_dcc": 2.55, "bus_lcAssertive": 57.54, "bus_lcCooperative": 0.96, "bus_lcLookaheadLeft": 90.44, "bus_lcPushy": 0.52, "bus_lcSublane": 0.44, "bus_max_v": 15.0, "bus_tau_mean": 1.55, "bus_tau_std": 1.19, "car_acc": 2.62, "car_dcc": 1.66, "car_lcAssertive": 9.24, "car_lcCooperative": 0.29, "car_lcLookaheadLeft": 33.95, "car_lcPushy": 0.62, "car_lcSublane": 0.77, "car_max_v": 9.45, "car_tau_mean": 3.86, "car_tau_std": 4.3}, "datetime": {"datetime": "2024-08-03 21:50:16", "elapsed": 1248.97981, "delta": 14.794193}}
{"target": -0.04790363041080789, "params": {"bus_acc": 2.29, "bus_dcc": 2.93, "bus_lcAssertive": 85.83, "bus_lcCooperative": 0.59, "bus_lcLookaheadLeft": 29.68, "bus_lcPushy": 0.21, "bus_lcSublane": 0.37, "bus_max_v": 10.7, "bus_tau_mean": 2.61, "bus_tau_std": 3.33, "car_acc": 1.39, "car_dcc": 1.47, "car_lcAssertive": 12.48, "car_lcCooperative": 0.66, "car_lcLookaheadLeft": 51.6, "car_lcPushy": 0.14, "car_lcSublane": 0.6, "car_max_v": 15.0, "car_tau_mean": 2.41, "car_tau_std": 6.72}, "datetime": {"datetime": "2024-08-03 21:50:19", "elapsed": 1252.247494, "delta": 3.267684}}
{"target": -0.036749481202715824, "params": {"bus_acc": 2.45, "bus_dcc": 2.95, "bus_lcAssertive": 23.12, "bus_lcCooperative": 0.75, "bus_lcLookaheadLeft": 6.06, "bus_lcPushy": 0.92, "bus_lcSublane": 0.77, "bus_max_v": 18.23, "bus_tau_mean": 3.96, "bus_tau_std": 0.48, "car_acc": 1.86, "car_dcc": 2.57, "car_lcAssertive": 39.5, "car_lcCooperative": 0.82, "car_lcLookaheadLeft": 96.61, "car_lcPushy": 0.61, "car_lcSublane": 0.27, "car_max_v": 6.93, "car_tau_mean": 2.09, "car_tau_std": 6.68}, "datetime": {"datetime": "2024-08-03 21:50:35", "elapsed": 1267.501765, "delta": 15.254271}}
{"target": -0.05664088244026372, "params": {"bus_acc": 1.77, "bus_dcc": 3.33, "bus_lcAssertive": 9.22, "bus_lcCooperative": 0.8, "bus_lcLookaheadLeft": 23.29, "bus_lcPushy": 0.39, "bus_lcSublane": 0.92, "bus_max_v": 13.4, "bus_tau_mean": 1.49, "bus_tau_std": 6.23, "car_acc": 1.71, "car_dcc": 2.06, "car_lcAssertive": 73.78, "car_lcCooperative": 0.95, "car_lcLookaheadLeft": 14.37, "car_lcPushy": 0.88, "car_lcSublane": 0.15, "car_max_v": 9.23, "car_tau_mean": 3.11, "car_tau_std": 8.51}, "datetime": {"datetime": "2024-08-03 21:50:40", "elapsed": 1272.535878, "delta": 5.034113}}
{"target": -0.04545149293067723, "params": {"bus_acc": 2.01, "bus_dcc": 3.26, "bus_lcAssertive": 17.45, "bus_lcCooperative": 0.81, "bus_lcLookaheadLeft": 93.17, "bus_lcPushy": 0.56, "bus_lcSublane": 0.48, "bus_max_v": 21.66, "bus_tau_mean": 3.77, "bus_tau_std": 5.54, "car_acc": 1.36, "car_dcc": 2.1, "car_lcAssertive": 85.49, "car_lcCooperative": 0.0, "car_lcLookaheadLeft": 84.38, "car_lcPushy": 0.9, "car_lcSublane": 0.58, "car_max_v": 11.09, "car_tau_mean": 3.34, "car_tau_std": 5.61}, "datetime": {"datetime": "2024-08-03 21:50:45", "elapsed": 1277.943203, "delta": 5.407325}}
{"target": -0.07278343994668142, "params": {"bus_acc": 1.01, "bus_dcc": 1.87, "bus_lcAssertive": 66.04, "bus_lcCooperative": 0.49, "bus_lcLookaheadLeft": 68.52, "bus_lcPushy": 0.4, "bus_lcSublane": 0.34, "bus_max_v": 6.52, "bus_tau_mean": 2.34, "bus_tau_std": 5.6, "car_acc": 1.32, "car_dcc": 2.13, "car_lcAssertive": 33.34, "car_lcCooperative": 0.73, "car_lcLookaheadLeft": 54.93, "car_lcPushy": 0.44, "car_lcSublane": 0.34, "car_max_v": 19.11, "car_tau_mean": 2.59, "car_tau_std": 0.47}, "datetime": {"datetime": "2024-08-03 21:50:51", "elapsed": 1284.210706, "delta": 6.267503}}
{"target": -0.0513844992998314, "params": {"bus_acc": 2.08, "bus_dcc": 3.42, "bus_lcAssertive": 73.07, "bus_lcCooperative": 0.27, "bus_lcLookaheadLeft": 86.58, "bus_lcPushy": 0.51, "bus_lcSublane": 0.64, "bus_max_v": 10.63, "bus_tau_mean": 3.55, "bus_tau_std": 4.17, "car_acc": 1.93, "car_dcc": 2.84, "car_lcAssertive": 60.72, "car_lcCooperative": 0.39, "car_lcLookaheadLeft": 94.88, "car_lcPushy": 0.77, "car_lcSublane": 0.69, "car_max_v": 13.2, "car_tau_mean": 3.53, "car_tau_std": 8.82}, "datetime": {"datetime": "2024-08-03 21:50:54", "elapsed": 1287.32445, "delta": 3.113744}}
{"target": -0.0462053047541389, "params": {"bus_acc": 1.5, "bus_dcc": 2.62, "bus_lcAssertive": 23.0, "bus_lcCooperative": 0.67, "bus_lcLookaheadLeft": 69.84, "bus_lcPushy": 0.95, "bus_lcSublane": 0.16, "bus_max_v": 13.51, "bus_tau_mean": 3.45, "bus_tau_std": 1.11, "car_acc": 2.0, "car_dcc": 2.44, "car_lcAssertive": 27.25, "car_lcCooperative": 0.78, "car_lcLookaheadLeft": 99.98, "car_lcPushy": 0.72, "car_lcSublane": 0.23, "car_max_v": 10.54, "car_tau_mean": 2.15, "car_tau_std": 5.3}, "datetime": {"datetime": "2024-08-03 21:51:14", "elapsed": 1306.726057, "delta": 19.401607}}
{"target": -0.04413417291120222, "params": {"bus_acc": 1.21, "bus_dcc": 1.49, "bus_lcAssertive": 81.07, "bus_lcCooperative": 0.59, "bus_lcLookaheadLeft": 60.59, "bus_lcPushy": 0.06, "bus_lcSublane": 0.75, "bus_max_v": 8.11, "bus_tau_mean": 1.31, "bus_tau_std": 3.12, "car_acc": 2.24, "car_dcc": 2.34, "car_lcAssertive": 34.98, "car_lcCooperative": 0.88, "car_lcLookaheadLeft": 44.98, "car_lcPushy": 0.33, "car_lcSublane": 0.01, "car_max_v": 7.04, "car_tau_mean": 1.26, "car_tau_std": 3.65}, "datetime": {"datetime": "2024-08-03 21:51:34", "elapsed": 1327.318181, "delta": 20.592124}}
{"target": -0.042917996957117316, "params": {"bus_acc": 1.0, "bus_dcc": 4.0, "bus_lcAssertive": 74.75, "bus_lcCooperative": 1.0, "bus_lcLookaheadLeft": 6.97, "bus_lcPushy": 1.0, "bus_lcSublane": 1.0, "bus_max_v": 11.11, "bus_tau_mean": 0.5, "bus_tau_std": 0.0, "car_acc": 1.0, "car_dcc": 1.0, "car_lcAssertive": 81.28, "car_lcCooperative": 0.99, "car_lcLookaheadLeft": 9.98, "car_lcPushy": 1.0, "car_lcSublane": 0.49, "car_max_v": 17.37, "car_tau_mean": 4.0, "car_tau_std": 0.0}, "datetime": {"datetime": "2024-08-03 21:51:37", "elapsed": 1329.624674, "delta": 2.306493}}
{"target": -0.04286468295476622, "params": {"bus_acc": 2.69, "bus_dcc": 2.74, "bus_lcAssertive": 32.89, "bus_lcCooperative": 0.31, "bus_lcLookaheadLeft": 64.78, "bus_lcPushy": 0.37, "bus_lcSublane": 0.33, "bus_max_v": 9.42, "bus_tau_mean": 2.3, "bus_tau_std": 6.11, "car_acc": 2.35, "car_dcc": 1.23, "car_lcAssertive": 7.53, "car_lcCooperative": 0.89, "car_lcLookaheadLeft": 67.8, "car_lcPushy": 0.17, "car_lcSublane": 0.47, "car_max_v": 8.72, "car_tau_mean": 0.83, "car_tau_std": 8.91}, "datetime": {"datetime": "2024-08-03 21:51:53", "elapsed": 1346.255528, "delta": 16.630854}}
{"target": -0.04333244802178073, "params": {"bus_acc": 2.09, "bus_dcc": 3.36, "bus_lcAssertive": 20.26, "bus_lcCooperative": 0.47, "bus_lcLookaheadLeft": 87.18, "bus_lcPushy": 0.73, "bus_lcSublane": 0.6, "bus_max_v": 22.77, "bus_tau_mean": 1.21, "bus_tau_std": 5.55, "car_acc": 2.86, "car_dcc": 3.21, "car_lcAssertive": 38.78, "car_lcCooperative": 0.1, "car_lcLookaheadLeft": 21.44, "car_lcPushy": 0.44, "car_lcSublane": 0.01, "car_max_v": 8.5, "car_tau_mean": 2.31, "car_tau_std": 1.39}, "datetime": {"datetime": "2024-08-03 21:52:10", "elapsed": 1362.471324, "delta": 16.215796}}
{"target": -0.04106162477696501, "params": {"bus_acc": 2.46, "bus_dcc": 3.25, "bus_lcAssertive": 82.77, "bus_lcCooperative": 0.75, "bus_lcLookaheadLeft": 58.26, "bus_lcPushy": 0.67, "bus_lcSublane": 0.42, "bus_max_v": 19.14, "bus_tau_mean": 2.43, "bus_tau_std": 6.37, "car_acc": 1.56, "car_dcc": 2.31, "car_lcAssertive": 14.1, "car_lcCooperative": 0.69, "car_lcLookaheadLeft": 18.07, "car_lcPushy": 0.44, "car_lcSublane": 0.45, "car_max_v": 10.26, "car_tau_mean": 2.84, "car_tau_std": 4.51}, "datetime": {"datetime": "2024-08-03 21:52:14", "elapsed": 1366.524688, "delta": 4.053364}}
{"target": -0.06105738247419481, "params": {"bus_acc": 2.35, "bus_dcc": 2.71, "bus_lcAssertive": 31.34, "bus_lcCooperative": 0.27, "bus_lcLookaheadLeft": 66.41, "bus_lcPushy": 0.28, "bus_lcSublane": 0.94, "bus_max_v": 7.42, "bus_tau_mean": 2.35, "bus_tau_std": 8.04, "car_acc": 1.91, "car_dcc": 1.38, "car_lcAssertive": 9.45, "car_lcCooperative": 0.31, "car_lcLookaheadLeft": 69.57, "car_lcPushy": 0.62, "car_lcSublane": 0.7, "car_max_v": 10.08, "car_tau_mean": 0.58, "car_tau_std": 9.56}, "datetime": {"datetime": "2024-08-03 21:52:32", "elapsed": 1384.530852, "delta": 18.006164}}
{"target": -0.05175783695962685, "params": {"bus_acc": 1.95, "bus_dcc": 3.52, "bus_lcAssertive": 62.43, "bus_lcCooperative": 0.53, "bus_lcLookaheadLeft": 3.77, "bus_lcPushy": 0.83, "bus_lcSublane": 0.7, "bus_max_v": 13.25, "bus_tau_mean": 2.46, "bus_tau_std": 7.41, "car_acc": 1.43, "car_dcc": 3.31, "car_lcAssertive": 78.73, "car_lcCooperative": 0.95, "car_lcLookaheadLeft": 8.87, "car_lcPushy": 0.08, "car_lcSublane": 0.67, "car_max_v": 19.35, "car_tau_mean": 2.47, "car_tau_std": 6.08}, "datetime": {"datetime": "2024-08-03 21:52:58", "elapsed": 1411.377399, "delta": 26.846547}}
{"target": -0.043564697735979686, "params": {"bus_acc": 1.03, "bus_dcc": 3.03, "bus_lcAssertive": 63.1, "bus_lcCooperative": 0.57, "bus_lcLookaheadLeft": 46.33, "bus_lcPushy": 0.09, "bus_lcSublane": 0.57, "bus_max_v": 16.56, "bus_tau_mean": 3.2, "bus_tau_std": 4.71, "car_acc": 1.42, "car_dcc": 3.21, "car_lcAssertive": 96.03, "car_lcCooperative": 0.81, "car_lcLookaheadLeft": 77.37, "car_lcPushy": 0.69, "car_lcSublane": 0.35, "car_max_v": 6.78, "car_tau_mean": 0.69, "car_tau_std": 6.72}, "datetime": {"datetime": "2024-08-03 21:53:24", "elapsed": 1436.755012, "delta": 25.377613}}
{"target": -0.048984235197542796, "params": {"bus_acc": 2.41, "bus_dcc": 2.82, "bus_lcAssertive": 68.15, "bus_lcCooperative": 0.33, "bus_lcLookaheadLeft": 39.93, "bus_lcPushy": 0.86, "bus_lcSublane": 0.35, "bus_max_v": 19.32, "bus_tau_mean": 3.37, "bus_tau_std": 7.94, "car_acc": 1.35, "car_dcc": 3.47, "car_lcAssertive": 90.28, "car_lcCooperative": 0.27, "car_lcLookaheadLeft": 14.21, "car_lcPushy": 0.7, "car_lcSublane": 0.43, "car_max_v": 23.72, "car_tau_mean": 3.88, "car_tau_std": 3.39}, "datetime": {"datetime": "2024-08-03 21:53:35", "elapsed": 1448.149003, "delta": 11.393991}}
{"target": -0.04076514170386886, "params": {"bus_acc": 1.81, "bus_dcc": 2.04, "bus_lcAssertive": 81.71, "bus_lcCooperative": 0.74, "bus_lcLookaheadLeft": 63.58, "bus_lcPushy": 0.33, "bus_lcSublane": 0.28, "bus_max_v": 21.09, "bus_tau_mean": 2.37, "bus_tau_std": 2.94, "car_acc": 2.36, "car_dcc": 2.97, "car_lcAssertive": 14.22, "car_lcCooperative": 0.89, "car_lcLookaheadLeft": 81.23, "car_lcPushy": 0.29, "car_lcSublane": 0.22, "car_max_v": 8.98, "car_tau_mean": 2.25, "car_tau_std": 0.6}, "datetime": {"datetime": "2024-08-03 21:53:38", "elapsed": 1450.853211, "delta": 2.704208}}
{"target": -0.04044266164828206, "params": {"bus_acc": 1.0, "bus_dcc": 4.0, "bus_lcAssertive": 72.08, "bus_lcCooperative": 1.0, "bus_lcLookaheadLeft": 8.19, "bus_lcPushy": 1.0, "bus_lcSublane": 0.87, "bus_max_v": 12.67, "bus_tau_mean": 0.5, "bus_tau_std": 0.8, "car_acc": 1.0, "car_dcc": 1.03, "car_lcAssertive": 81.39, "car_lcCooperative": 0.94, "car_lcLookaheadLeft": 10.36, "car_lcPushy": 0.54, "car_lcSublane": 0.79, "car_max_v": 19.22, "car_tau_mean": 4.0, "car_tau_std": 1.16}, "datetime": {"datetime": "2024-08-03 21:53:41", "elapsed": 1453.995438, "delta": 3.142227}}
{"target": -0.04283659610358324, "params": {"bus_acc": 2.72, "bus_dcc": 1.7, "bus_lcAssertive": 21.54, "bus_lcCooperative": 0.84, "bus_lcLookaheadLeft": 85.51, "bus_lcPushy": 0.87, "bus_lcSublane": 0.2, "bus_max_v": 23.83, "bus_tau_mean": 3.33, "bus_tau_std": 5.97, "car_acc": 2.82, "car_dcc": 1.55, "car_lcAssertive": 40.27, "car_lcCooperative": 0.18, "car_lcLookaheadLeft": 27.15, "car_lcPushy": 0.66, "car_lcSublane": 0.72, "car_max_v": 9.2, "car_tau_mean": 1.46, "car_tau_std": 3.8}, "datetime": {"datetime": "2024-08-03 21:53:43", "elapsed": 1456.195965, "delta": 2.200527}}
{"target": -0.05751315442112322, "params": {"bus_acc": 1.0, "bus_dcc": 4.0, "bus_lcAssertive": 74.1, "bus_lcCooperative": 1.0, "bus_lcLookaheadLeft": 2.97, "bus_lcPushy": 1.0, "bus_lcSublane": 1.0, "bus_max_v": 8.75, "bus_tau_mean": 0.5, "bus_tau_std": 0.0, "car_acc": 1.0, "car_dcc": 1.0, "car_lcAssertive": 75.57, "car_lcCooperative": 0.83, "car_lcLookaheadLeft": 9.76, "car_lcPushy": 1.0, "car_lcSublane": 0.07, "car_max_v": 22.93, "car_tau_mean": 4.0, "car_tau_std": 0.0}, "datetime": {"datetime": "2024-08-03 21:53:48", "elapsed": 1460.739654, "delta": 4.543689}}
{"target": -0.05598073500538939, "params": {"bus_acc": 1.05, "bus_dcc": 1.08, "bus_lcAssertive": 88.36, "bus_lcCooperative": 0.89, "bus_lcLookaheadLeft": 97.0, "bus_lcPushy": 0.86, "bus_lcSublane": 0.6, "bus_max_v": 16.95, "bus_tau_mean": 2.96, "bus_tau_std": 1.61, "car_acc": 1.91, "car_dcc": 3.5, "car_lcAssertive": 15.65, "car_lcCooperative": 0.92, "car_lcLookaheadLeft": 4.07, "car_lcPushy": 0.01, "car_lcSublane": 0.28, "car_max_v": 20.8, "car_tau_mean": 0.67, "car_tau_std": 3.57}, "datetime": {"datetime": "2024-08-03 21:53:56", "elapsed": 1468.928738, "delta": 8.189084}}
{"target": -0.05239067838660356, "params": {"bus_acc": 2.05, "bus_dcc": 3.66, "bus_lcAssertive": 15.8, "bus_lcCooperative": 0.73, "bus_lcLookaheadLeft": 55.63, "bus_lcPushy": 0.43, "bus_lcSublane": 0.56, "bus_max_v": 12.65, "bus_tau_mean": 1.26, "bus_tau_std": 4.89, "car_acc": 2.54, "car_dcc": 2.92, "car_lcAssertive": 66.22, "car_lcCooperative": 0.16, "car_lcLookaheadLeft": 91.24, "car_lcPushy": 0.05, "car_lcSublane": 0.83, "car_max_v": 12.27, "car_tau_mean": 1.58, "car_tau_std": 6.99}, "datetime": {"datetime": "2024-08-03 21:54:09", "elapsed": 1481.962769, "delta": 13.034031}}
{"target": -0.049415403338194185, "params": {"bus_acc": 1.77, "bus_dcc": 3.58, "bus_lcAssertive": 18.81, "bus_lcCooperative": 0.26, "bus_lcLookaheadLeft": 18.56, "bus_lcPushy": 0.98, "bus_lcSublane": 0.87, "bus_max_v": 8.85, "bus_tau_mean": 1.39, "bus_tau_std": 2.57, "car_acc": 1.92, "car_dcc": 3.0, "car_lcAssertive": 48.89, "car_lcCooperative": 0.29, "car_lcLookaheadLeft": 49.29, "car_lcPushy": 0.57, "car_lcSublane": 0.7, "car_max_v": 7.13, "car_tau_mean": 1.34, "car_tau_std": 2.82}, "datetime": {"datetime": "2024-08-03 21:54:20", "elapsed": 1493.287435, "delta": 11.324666}}
{"target": -0.04664715736866908, "params": {"bus_acc": 2.29, "bus_dcc": 2.11, "bus_lcAssertive": 78.22, "bus_lcCooperative": 0.76, "bus_lcLookaheadLeft": 27.95, "bus_lcPushy": 0.99, "bus_lcSublane": 0.27, "bus_max_v": 23.01, "bus_tau_mean": 3.26, "bus_tau_std": 6.59, "car_acc": 2.52, "car_dcc": 3.84, "car_lcAssertive": 44.66, "car_lcCooperative": 1.0, "car_lcLookaheadLeft": 44.33, "car_lcPushy": 0.66, "car_lcSublane": 0.13, "car_max_v": 12.41, "car_tau_mean": 1.47, "car_tau_std": 4.32}, "datetime": {"datetime": "2024-08-03 21:54:25", "elapsed": 1497.541856, "delta": 4.254421}}
{"target": -0.03576038318705004, "params": {"bus_acc": 1.27, "bus_dcc": 3.55, "bus_lcAssertive": 84.0, "bus_lcCooperative": 0.83, "bus_lcLookaheadLeft": 58.93, "bus_lcPushy": 0.87, "bus_lcSublane": 0.61, "bus_max_v": 17.63, "bus_tau_mean": 2.43, "bus_tau_std": 7.77, "car_acc": 1.41, "car_dcc": 2.39, "car_lcAssertive": 10.91, "car_lcCooperative": 0.55, "car_lcLookaheadLeft": 21.08, "car_lcPushy": 0.18, "car_lcSublane": 0.58, "car_max_v": 8.07, "car_tau_mean": 1.69, "car_tau_std": 6.83}, "datetime": {"datetime": "2024-08-03 21:54:31", "elapsed": 1504.345559, "delta": 6.803703}}
{"target": -0.03599986660871262, "params": {"bus_acc": 2.25, "bus_dcc": 1.94, "bus_lcAssertive": 98.08, "bus_lcCooperative": 0.09, "bus_lcLookaheadLeft": 47.43, "bus_lcPushy": 0.91, "bus_lcSublane": 0.05, "bus_max_v": 17.62, "bus_tau_mean": 1.58, "bus_tau_std": 7.21, "car_acc": 2.36, "car_dcc": 1.34, "car_lcAssertive": 60.15, "car_lcCooperative": 0.25, "car_lcLookaheadLeft": 86.79, "car_lcPushy": 0.83, "car_lcSublane": 0.05, "car_max_v": 14.89, "car_tau_mean": 3.02, "car_tau_std": 4.41}, "datetime": {"datetime": "2024-08-03 21:54:35", "elapsed": 1508.146175, "delta": 3.800616}}
{"target": -0.0490678065909128, "params": {"bus_acc": 2.91, "bus_dcc": 3.86, "bus_lcAssertive": 90.15, "bus_lcCooperative": 0.58, "bus_lcLookaheadLeft": 39.73, "bus_lcPushy": 0.31, "bus_lcSublane": 0.67, "bus_max_v": 15.22, "bus_tau_mean": 1.99, "bus_tau_std": 9.23, "car_acc": 1.45, "car_dcc": 2.37, "car_lcAssertive": 15.07, "car_lcCooperative": 0.57, "car_lcLookaheadLeft": 18.02, "car_lcPushy": 0.62, "car_lcSublane": 0.65, "car_max_v": 22.44, "car_tau_mean": 3.65, "car_tau_std": 2.6}, "datetime": {"datetime": "2024-08-03 21:54:50", "elapsed": 1522.897077, "delta": 14.750902}}
{"target": -0.046135871045485444, "params": {"bus_acc": 1.46, "bus_dcc": 1.45, "bus_lcAssertive": 17.29, "bus_lcCooperative": 0.57, "bus_lcLookaheadLeft": 89.65, "bus_lcPushy": 0.79, "bus_lcSublane": 0.09, "bus_max_v": 12.87, "bus_tau_mean": 1.76, "bus_tau_std": 5.79, "car_acc": 2.91, "car_dcc": 3.17, "car_lcAssertive": 58.14, "car_lcCooperative": 0.76, "car_lcLookaheadLeft": 71.87, "car_lcPushy": 0.33, "car_lcSublane": 0.48, "car_max_v": 17.8, "car_tau_mean": 3.56, "car_tau_std": 0.7}, "datetime": {"datetime": "2024-08-03 21:54:57", "elapsed": 1529.815893, "delta": 6.918816}}
{"target": -0.04786102586196097, "params": {"bus_acc": 1.0, "bus_dcc": 4.0, "bus_lcAssertive": 75.11, "bus_lcCooperative": 1.0, "bus_lcLookaheadLeft": 2.68, "bus_lcPushy": 1.0, "bus_lcSublane": 1.0, "bus_max_v": 8.87, "bus_tau_mean": 0.5, "bus_tau_std": 0.0, "car_acc": 1.0, "car_dcc": 1.0, "car_lcAssertive": 75.73, "car_lcCooperative": 0.72, "car_lcLookaheadLeft": 9.29, "car_lcPushy": 1.0, "car_lcSublane": 0.0, "car_max_v": 23.32, "car_tau_mean": 4.0, "car_tau_std": 0.0}, "datetime": {"datetime": "2024-08-03 21:55:04", "elapsed": 1536.887268, "delta": 7.071375}}
{"target": -0.042512135693446064, "params": {"bus_acc": 2.99, "bus_dcc": 1.33, "bus_lcAssertive": 73.28, "bus_lcCooperative": 0.84, "bus_lcLookaheadLeft": 30.04, "bus_lcPushy": 0.72, "bus_lcSublane": 0.72, "bus_max_v": 16.08, "bus_tau_mean": 3.58, "bus_tau_std": 9.01, "car_acc": 2.67, "car_dcc": 3.23, "car_lcAssertive": 78.06, "car_lcCooperative": 0.33, "car_lcLookaheadLeft": 90.24, "car_lcPushy": 0.12, "car_lcSublane": 0.11, "car_max_v": 9.94, "car_tau_mean": 2.88, "car_tau_std": 8.05}, "datetime": {"datetime": "2024-08-03 21:55:08", "elapsed": 1540.883417, "delta": 3.996149}}
{"target": -0.03331639533619756, "params": {"bus_acc": 2.57, "bus_dcc": 4.0, "bus_lcAssertive": 66.14, "bus_lcCooperative": 1.0, "bus_lcLookaheadLeft": 15.16, "bus_lcPushy": 0.91, "bus_lcSublane": 0.0, "bus_max_v": 13.37, "bus_tau_mean": 3.52, "bus_tau_std": 0.04, "car_acc": 1.0, "car_dcc": 3.17, "car_lcAssertive": 80.28, "car_lcCooperative": 1.0, "car_lcLookaheadLeft": 19.08, "car_lcPushy": 0.0, "car_lcSublane": 0.87, "car_max_v": 19.95, "car_tau_mean": 3.66, "car_tau_std": 0.08}, "datetime": {"datetime": "2024-08-03 21:55:13", "elapsed": 1546.2881, "delta": 5.404683}}
