{"target": -0.053166874352929445, "params": {"bus_acc": 1.8974745176486438, "bus_dcc": 3.1129401951517286, "bus_lcAssertive": 68.48288842265967, "bus_lcCooperative": 0.6971485287527562, "bus_lcLookaheadLeft": 62.622872771030565, "bus_lcPushy": 0.15098073327964578, "bus_lcSublane": 0.760802456305756, "bus_tau_mean": 3.2336603776788495, "bus_tau_std": 9.04102985913805, "bus_v_mean": 11.740299081665695, "bus_v_std": 1.7667889307234141, "car_acc": 1.7821982462135249, "car_dcc": 1.9616939619854805, "car_lcAssertive": 81.732215971557, "car_lcCooperative": 0.6135258996684316, "car_lcLookaheadLeft": 76.48017173027539, "car_lcPushy": 0.4276650996969642, "car_lcSublane": 0.09944056291558923, "car_tau_mean": 0.9026225421758618, "car_tau_std": 3.734071317371953, "car_v_mean": 11.101564280152115, "car_v_std": 8.207464986229382}, "datetime": {"datetime": "2024-08-05 17:48:53", "elapsed": 156.426977, "delta": 3.600236}}
{"target": -0.06490683631938925, "params": {"bus_acc": 1.0607993798575777, "bus_dcc": 2.099629291731233, "bus_lcAssertive": 86.37227903096637, "bus_lcCooperative": 0.6926777175073543, "bus_lcLookaheadLeft": 69.71232992248451, "bus_lcPushy": 0.18863680095531088, "bus_lcSublane": 0.44190428074842336, "bus_tau_mean": 2.5355209257050193, "bus_tau_std": 9.897517076637053, "bus_v_mean": 11.26249960372995, "bus_v_std": 2.4773290176235485, "car_acc": 1.5243461675458239, "car_dcc": 3.2505172398939783, "car_lcAssertive": 46.24055741613359, "car_lcCooperative": 0.05692943841109499, "car_lcLookaheadLeft": 51.83459157980348, "car_lcPushy": 0.21196016464367595, "car_lcSublane": 0.7986042447602102, "car_tau_mean": 1.5406598352754528, "car_tau_std": 0.2760601195450363, "car_v_mean": 17.494919191433937, "car_v_std": 8.438404289311888}, "datetime": {"datetime": "2024-08-05 17:48:54", "elapsed": 157.37942, "delta": 0.952443}}
{"target": -0.054665786702010735, "params": {"bus_acc": 1.3034497420639473, "bus_dcc": 2.917380546159715, "bus_lcAssertive": 57.00054914184882, "bus_lcCooperative": 0.468665837661252, "bus_lcLookaheadLeft": 43.947672007890475, "bus_lcPushy": 0.5992697556580301, "bus_lcSublane": 0.8499698885159654, "bus_tau_mean": 3.128923641301781, "bus_tau_std": 5.7936054029723305, "bus_v_mean": 22.79526690457645, "bus_v_std": 0.6473998344154885, "car_acc": 2.9826930174636184, "car_dcc": 1.1589836280039685, "car_lcAssertive": 20.750059067717572, "car_lcCooperative": 0.42275266164456093, "car_lcLookaheadLeft": 12.535869866146435, "car_lcPushy": 0.6236704109977018, "car_lcSublane": 0.047992564048867314, "car_tau_mean": 1.4961835835242976, "car_tau_std": 0.6103668111967109, "car_v_mean": 19.256309297681298, "car_v_std": 6.68456167589482}, "datetime": {"datetime": "2024-08-05 17:48:57", "elapsed": 161.110013, "delta": 3.730593}}
{"target": -0.05059301366102614, "params": {"bus_acc": 2.5594885909652, "bus_dcc": 1.5242089384822224, "bus_lcAssertive": 34.85333079394279, "bus_lcCooperative": 0.14459772083809674, "bus_lcLookaheadLeft": 72.24353978634485, "bus_lcPushy": 0.6993076236968142, "bus_lcSublane": 0.6884973179489188, "bus_tau_mean": 1.3868861207020489, "bus_tau_std": 6.923601216234089, "bus_v_mean": 11.636760654655193, "bus_v_std": 4.246491159313397, "car_acc": 1.7438442433353745, "car_dcc": 2.0659237348603665, "car_lcAssertive": 6.7078259168843815, "car_lcCooperative": 0.6316466268659396, "car_lcLookaheadLeft": 71.31702706280655, "car_lcPushy": 0.6135886945028356, "car_lcSublane": 0.6483127561631246, "car_tau_mean": 1.0947924997604022, "car_tau_std": 1.4944679893886248, "car_v_mean": 16.226800696414124, "car_v_std": 8.75332726354539}, "datetime": {"datetime": "2024-08-05 17:48:58", "elapsed": 162.302193, "delta": 1.19218}}
{"target": -0.06017285474976306, "params": {"bus_acc": 1.5193967865967062, "bus_dcc": 1.7712078964664402, "bus_lcAssertive": 63.598028425582655, "bus_lcCooperative": 0.34529746159108154, "bus_lcLookaheadLeft": 80.06569044471418, "bus_lcPushy": 0.44614623200345727, "bus_lcSublane": 0.7827494147841719, "bus_tau_mean": 3.9666512426834424, "bus_tau_std": 3.0024833953390004, "bus_v_mean": 10.28809325212959, "bus_v_std": 9.013084363492737, "car_acc": 2.0831187577747468, "car_dcc": 3.9242211125652466, "car_lcAssertive": 64.02383560018782, "car_lcCooperative": 0.9939130246104789, "car_lcLookaheadLeft": 55.514938806009255, "car_lcPushy": 0.5264259339055213, "car_lcSublane": 0.1354279030721699, "car_tau_mean": 1.7449680984435838, "car_tau_std": 0.26218567296373285, "car_v_mean": 10.566322872314386, "car_v_std": 7.456371927074961}, "datetime": {"datetime": "2024-08-05 17:49:03", "elapsed": 166.9418, "delta": 4.639607}}
{"target": -0.04117235568743541, "params": {"bus_acc": 2.535577955316346, "bus_dcc": 2.608025484218691, "bus_lcAssertive": 4.946132736909805, "bus_lcCooperative": 0.13479311796067905, "bus_lcLookaheadLeft": 20.954807103462, "bus_lcPushy": 0.3356638011646498, "bus_lcSublane": 0.05231294643747675, "bus_tau_mean": 2.6179087317512817, "bus_tau_std": 5.120610275239188, "bus_v_mean": 17.8793761922745, "bus_v_std": 4.32355594764344, "car_acc": 2.6954009364748757, "car_dcc": 2.362177168177454, "car_lcAssertive": 2.5249484594001688, "car_lcCooperative": 0.8730681484470995, "car_lcLookaheadLeft": 66.30775167892169, "car_lcPushy": 0.823003040648471, "car_lcSublane": 0.9517756930338517, "car_tau_mean": 0.6781933423091052, "car_tau_std": 2.3507186409101455, "car_v_mean": 9.013495095301437, "car_v_std": 4.216578860324509}, "datetime": {"datetime": "2024-08-05 17:49:04", "elapsed": 167.851791, "delta": 0.909991}}
{"target": -0.05562468677673741, "params": {"bus_acc": 1.0291374635266635, "bus_dcc": 1.6456287597832828, "bus_lcAssertive": 12.620315110999844, "bus_lcCooperative": 0.7674235177414532, "bus_lcLookaheadLeft": 9.959225422387863, "bus_lcPushy": 0.9984135585909075, "bus_lcSublane": 0.38961201587930516, "bus_tau_mean": 3.6682096807656412, "bus_tau_std": 1.8857760349946784, "bus_v_mean": 15.053955197156654, "bus_v_std": 8.448118190062035, "car_acc": 2.1905395613465126, "car_dcc": 2.386474290074071, "car_lcAssertive": 51.75232492895464, "car_lcCooperative": 0.5738855268923474, "car_lcLookaheadLeft": 45.15128234338813, "car_lcPushy": 0.1935589577238105, "car_lcSublane": 0.11396576145918635, "car_tau_mean": 1.029297745795518, "car_tau_std": 0.524909638531339, "car_v_mean": 16.938822577018104, "car_v_std": 8.477210140360107}, "datetime": {"datetime": "2024-08-05 17:49:05", "elapsed": 169.064906, "delta": 1.213115}}
{"target": -0.06918606633378525, "params": {"bus_acc": 2.353, "bus_dcc": 2.7528, "bus_lcAssertive": 46.0162, "bus_lcCooperative": 0.9519, "bus_lcLookaheadLeft": 14.0684, "bus_lcPushy": 0.361, "bus_lcSublane": 0.0221, "bus_tau_mean": 3.5706, "bus_tau_std": 8.5499, "bus_v_mean": 14.8, "bus_v_std": 3.5464, "car_acc": 2.1663, "car_dcc": 1.3651, "car_lcAssertive": 57.356, "car_lcCooperative": 0.9866, "car_lcLookaheadLeft": 80.8532, "car_lcPushy": 0.8493, "car_lcSublane": 0.1901, "car_tau_mean": 2.5502, "car_tau_std": 5.1933, "car_v_mean": 21.3946, "car_v_std": 2.7362}, "datetime": {"datetime": "2024-08-05 17:49:07", "elapsed": 170.587828, "delta": 1.522922}}
{"target": -0.05192529329807512, "params": {"bus_acc": 2.8745, "bus_dcc": 1.4952, "bus_lcAssertive": 7.6901, "bus_lcCooperative": 0.7971, "bus_lcLookaheadLeft": 22.0548, "bus_lcPushy": 0.1171, "bus_lcSublane": 0.4329, "bus_tau_mean": 1.4934, "bus_tau_std": 7.2688, "bus_v_mean": 16.9805, "bus_v_std": 1.6531, "car_acc": 1.0311, "car_dcc": 2.6629, "car_lcAssertive": 62.8098, "car_lcCooperative": 0.1689, "car_lcLookaheadLeft": 72.2072, "car_lcPushy": 0.8885, "car_lcSublane": 0.0214, "car_tau_mean": 2.9643, "car_tau_std": 3.2198, "car_v_mean": 16.7799, "car_v_std": 1.798}, "datetime": {"datetime": "2024-08-05 17:49:08", "elapsed": 171.651193, "delta": 1.063365}}
{"target": -0.055439676226264174, "params": {"bus_acc": 1.5896240235969907, "bus_dcc": 1.1247227018475017, "bus_lcAssertive": 98.98098842488744, "bus_lcCooperative": 0.4648876309118224, "bus_lcLookaheadLeft": 73.98933137693632, "bus_lcPushy": 0.6408076240458747, "bus_lcSublane": 0.7230933996660097, "bus_tau_mean": 0.678888163391407, "bus_tau_std": 9.200454054097136, "bus_v_mean": 22.829459486435866, "bus_v_std": 5.519950271541971, "car_acc": 2.927831777369102, "car_dcc": 1.8428666109711025, "car_lcAssertive": 60.61251608651798, "car_lcCooperative": 0.3964626900526239, "car_lcLookaheadLeft": 63.546276712012364, "car_lcPushy": 0.3006322885237481, "car_lcSublane": 0.8193583846560202, "car_tau_mean": 0.7442509247647299, "car_tau_std": 0.4187757029999628, "car_v_mean": 8.790342154133029, "car_v_std": 1.5045502836766345}, "datetime": {"datetime": "2024-08-05 17:49:09", "elapsed": 172.859447, "delta": 1.208254}}
{"target": -0.05809481117157737, "params": {"bus_acc": 2.3614, "bus_dcc": 1.7426, "bus_lcAssertive": 40.722, "bus_lcCooperative": 0.7391, "bus_lcLookaheadLeft": 18.8221, "bus_lcPushy": 0.681, "bus_lcSublane": 0.5771, "bus_tau_mean": 1.6507, "bus_tau_std": 9.2338, "bus_v_mean": 11.1884, "bus_v_std": 3.8079, "car_acc": 1.0967, "car_dcc": 3.8586, "car_lcAssertive": 58.1146, "car_lcCooperative": 0.1665, "car_lcLookaheadLeft": 69.9297, "car_lcPushy": 0.0008, "car_lcSublane": 0.9436, "car_tau_mean": 2.9216, "car_tau_std": 3.2922, "car_v_mean": 22.3143, "car_v_std": 9.504}, "datetime": {"datetime": "2024-08-05 17:49:10", "elapsed": 174.273568, "delta": 1.414121}}
{"target": -0.062346846168065365, "params": {"bus_acc": 1.6707, "bus_dcc": 2.0499, "bus_lcAssertive": 66.2975, "bus_lcCooperative": 0.6536, "bus_lcLookaheadLeft": 26.599, "bus_lcPushy": 0.875, "bus_lcSublane": 0.3967, "bus_tau_mean": 3.1687, "bus_tau_std": 10.0, "bus_v_mean": 8.0, "bus_v_std": 8.582, "car_acc": 1.8135, "car_dcc": 3.5355, "car_lcAssertive": 57.9919, "car_lcCooperative": 0.5889, "car_lcLookaheadLeft": 65.1724, "car_lcPushy": 0.4232, "car_lcSublane": 0.6738, "car_tau_mean": 1.9532, "car_tau_std": 5.0003, "car_v_mean": 20.4024, "car_v_std": 2.1566}, "datetime": {"datetime": "2024-08-05 17:49:13", "elapsed": 176.898589, "delta": 2.625021}}
{"target": -0.07488032524675649, "params": {"bus_acc": 1.5805959941237364, "bus_dcc": 1.650674462835386, "bus_lcAssertive": 2.654843318623637, "bus_lcCooperative": 0.3986590599223787, "bus_lcLookaheadLeft": 39.345986146758335, "bus_lcPushy": 0.6593449361953647, "bus_lcSublane": 0.07091840047038722, "bus_tau_mean": 1.0341139546479514, "bus_tau_std": 0.16575882900934147, "bus_v_mean": 9.82074170315851, "bus_v_std": 6.517892760100904, "car_acc": 1.8053137043498384, "car_dcc": 1.9630789425019475, "car_lcAssertive": 56.23328743013347, "car_lcCooperative": 0.9934604630998499, "car_lcLookaheadLeft": 83.7796783737669, "car_lcPushy": 0.6996231823995839, "car_lcSublane": 0.9182585891320579, "car_tau_mean": 0.6390504733907969, "car_tau_std": 0.7033344161552524, "car_v_mean": 15.584100639808874, "car_v_std": 3.4916741295707734}, "datetime": {"datetime": "2024-08-05 17:49:14", "elapsed": 178.061665, "delta": 1.163076}}
{"target": -0.07680465199794262, "params": {"bus_acc": 1.5848, "bus_dcc": 2.2333, "bus_lcAssertive": 56.8169, "bus_lcCooperative": 0.519, "bus_lcLookaheadLeft": 23.2053, "bus_lcPushy": 0.7239, "bus_lcSublane": 0.3849, "bus_tau_mean": 2.5774, "bus_tau_std": 9.1405, "bus_v_mean": 10.6926, "bus_v_std": 6.9177, "car_acc": 2.0581, "car_dcc": 3.1511, "car_lcAssertive": 54.6846, "car_lcCooperative": 0.5333, "car_lcLookaheadLeft": 58.1234, "car_lcPushy": 0.627, "car_lcSublane": 0.5616, "car_tau_mean": 2.5115, "car_tau_std": 3.7022, "car_v_mean": 21.1736, "car_v_std": 2.2342}, "datetime": {"datetime": "2024-08-05 17:49:17", "elapsed": 181.239716, "delta": 3.178051}}
{"target": -0.06370895381243097, "params": {"bus_acc": 2.8336, "bus_dcc": 1.8452, "bus_lcAssertive": 40.8863, "bus_lcCooperative": 0.4523, "bus_lcLookaheadLeft": 10.0761, "bus_lcPushy": 0.9995, "bus_lcSublane": 0.9775, "bus_tau_mean": 3.8527, "bus_tau_std": 3.8775, "bus_v_mean": 16.9599, "bus_v_std": 3.9304, "car_acc": 2.7629, "car_dcc": 3.094, "car_lcAssertive": 63.8385, "car_lcCooperative": 0.2518, "car_lcLookaheadLeft": 73.2616, "car_lcPushy": 0.0541, "car_lcSublane": 0.7961, "car_tau_mean": 1.1564, "car_tau_std": 3.219, "car_v_mean": 20.6277, "car_v_std": 4.9418}, "datetime": {"datetime": "2024-08-05 17:49:19", "elapsed": 183.287293, "delta": 2.047577}}
{"target": -0.06870674008383328, "params": {"bus_acc": 1.6992, "bus_dcc": 2.1192, "bus_lcAssertive": 64.9522, "bus_lcCooperative": 0.6748, "bus_lcLookaheadLeft": 26.8589, "bus_lcPushy": 0.9054, "bus_lcSublane": 0.3955, "bus_tau_mean": 3.0529, "bus_tau_std": 10.0, "bus_v_mean": 8.0, "bus_v_std": 8.2165, "car_acc": 1.896, "car_dcc": 3.4463, "car_lcAssertive": 57.2312, "car_lcCooperative": 0.4986, "car_lcLookaheadLeft": 64.2496, "car_lcPushy": 0.4907, "car_lcSublane": 0.6895, "car_tau_mean": 2.0601, "car_tau_std": 4.6441, "car_v_mean": 20.5154, "car_v_std": 2.1829}, "datetime": {"datetime": "2024-08-05 17:49:21", "elapsed": 184.923657, "delta": 1.636364}}
{"target": -0.0676217400155627, "params": {"bus_acc": 2.1577, "bus_dcc": 1.7218, "bus_lcAssertive": 8.8942, "bus_lcCooperative": 0.4822, "bus_lcLookaheadLeft": 26.3708, "bus_lcPushy": 0.3871, "bus_lcSublane": 0.7135, "bus_tau_mean": 2.5719, "bus_tau_std": 7.5761, "bus_v_mean": 17.1526, "bus_v_std": 5.837, "car_acc": 2.1896, "car_dcc": 3.4044, "car_lcAssertive": 65.381, "car_lcCooperative": 0.056, "car_lcLookaheadLeft": 75.9628, "car_lcPushy": 0.9725, "car_lcSublane": 0.461, "car_tau_mean": 2.3726, "car_tau_std": 3.3274, "car_v_mean": 18.6239, "car_v_std": 1.8916}, "datetime": {"datetime": "2024-08-05 17:49:23", "elapsed": 186.869359, "delta": 1.945702}}
{"target": -0.05200941890201216, "params": {"bus_acc": 1.3843, "bus_dcc": 2.3751, "bus_lcAssertive": 90.4209, "bus_lcCooperative": 0.0658, "bus_lcLookaheadLeft": 5.5775, "bus_lcPushy": 0.2017, "bus_lcSublane": 0.8103, "bus_tau_mean": 2.0419, "bus_tau_std": 2.9947, "bus_v_mean": 17.6031, "bus_v_std": 5.3718, "car_acc": 2.3962, "car_dcc": 1.1988, "car_lcAssertive": 13.0499, "car_lcCooperative": 0.345, "car_lcLookaheadLeft": 65.0659, "car_lcPushy": 0.8865, "car_lcSublane": 0.9917, "car_tau_mean": 3.8504, "car_tau_std": 7.8982, "car_v_mean": 22.2076, "car_v_std": 9.2149}, "datetime": {"datetime": "2024-08-05 17:49:26", "elapsed": 189.479584, "delta": 2.610225}}
{"target": -0.06258147182988408, "params": {"bus_acc": 1.3146, "bus_dcc": 2.9557, "bus_lcAssertive": 45.1949, "bus_lcCooperative": 0.2158, "bus_lcLookaheadLeft": 17.7723, "bus_lcPushy": 0.4757, "bus_lcSublane": 0.6299, "bus_tau_mean": 1.6779, "bus_tau_std": 5.3438, "bus_v_mean": 11.8202, "bus_v_std": 8.4201, "car_acc": 2.6133, "car_dcc": 1.3278, "car_lcAssertive": 61.4719, "car_lcCooperative": 0.4442, "car_lcLookaheadLeft": 81.0086, "car_lcPushy": 0.8834, "car_lcSublane": 0.9749, "car_tau_mean": 2.1326, "car_tau_std": 0.3197, "car_v_mean": 16.14, "car_v_std": 6.2969}, "datetime": {"datetime": "2024-08-05 17:49:28", "elapsed": 192.323589, "delta": 2.844005}}
{"target": -0.06340682932937648, "params": {"bus_acc": 1.0928, "bus_dcc": 1.0659, "bus_lcAssertive": 41.0231, "bus_lcCooperative": 0.4077, "bus_lcLookaheadLeft": 41.7357, "bus_lcPushy": 0.4239, "bus_lcSublane": 0.1235, "bus_tau_mean": 0.6835, "bus_tau_std": 3.6237, "bus_v_mean": 13.6678, "bus_v_std": 7.6444, "car_acc": 1.8925, "car_dcc": 2.0755, "car_lcAssertive": 22.2906, "car_lcCooperative": 0.2038, "car_lcLookaheadLeft": 83.0775, "car_lcPushy": 0.8131, "car_lcSublane": 0.9028, "car_tau_mean": 3.9541, "car_tau_std": 2.5803, "car_v_mean": 22.7406, "car_v_std": 2.9476}, "datetime": {"datetime": "2024-08-05 17:49:31", "elapsed": 194.70201, "delta": 2.378421}}
{"target": -0.06821997531756646, "params": {"bus_acc": 1.4438, "bus_dcc": 1.7127, "bus_lcAssertive": 44.3529, "bus_lcCooperative": 0.8851, "bus_lcLookaheadLeft": 15.8525, "bus_lcPushy": 0.9369, "bus_lcSublane": 0.8724, "bus_tau_mean": 3.2572, "bus_tau_std": 4.6583, "bus_v_mean": 17.5559, "bus_v_std": 5.3508, "car_acc": 2.2461, "car_dcc": 2.65, "car_lcAssertive": 31.002, "car_lcCooperative": 0.4928, "car_lcLookaheadLeft": 70.1226, "car_lcPushy": 0.2231, "car_lcSublane": 0.4396, "car_tau_mean": 2.0449, "car_tau_std": 9.8597, "car_v_mean": 22.074, "car_v_std": 8.3274}, "datetime": {"datetime": "2024-08-05 17:49:33", "elapsed": 196.897115, "delta": 2.195105}}
{"target": -0.061182385449696855, "params": {"bus_acc": 2.693, "bus_dcc": 3.6125, "bus_lcAssertive": 61.9013, "bus_lcCooperative": 0.9172, "bus_lcLookaheadLeft": 29.8543, "bus_lcPushy": 0.4599, "bus_lcSublane": 0.939, "bus_tau_mean": 1.5153, "bus_tau_std": 7.8329, "bus_v_mean": 15.7613, "bus_v_std": 8.3863, "car_acc": 1.8565, "car_dcc": 3.212, "car_lcAssertive": 44.7743, "car_lcCooperative": 0.0143, "car_lcLookaheadLeft": 39.3712, "car_lcPushy": 0.2211, "car_lcSublane": 0.2605, "car_tau_mean": 0.8758, "car_tau_std": 5.5892, "car_v_mean": 21.7843, "car_v_std": 1.7371}, "datetime": {"datetime": "2024-08-05 17:49:37", "elapsed": 200.61887, "delta": 3.721755}}
{"target": -0.05884796929817454, "params": {"bus_acc": 2.8811, "bus_dcc": 1.7324, "bus_lcAssertive": 44.5711, "bus_lcCooperative": 0.3257, "bus_lcLookaheadLeft": 18.8013, "bus_lcPushy": 0.5353, "bus_lcSublane": 0.3429, "bus_tau_mean": 1.2039, "bus_tau_std": 6.5541, "bus_v_mean": 17.5664, "bus_v_std": 7.6175, "car_acc": 1.1235, "car_dcc": 2.4009, "car_lcAssertive": 57.0758, "car_lcCooperative": 0.283, "car_lcLookaheadLeft": 73.7287, "car_lcPushy": 0.867, "car_lcSublane": 0.0036, "car_tau_mean": 2.3157, "car_tau_std": 0.0553, "car_v_mean": 18.2447, "car_v_std": 1.0129}, "datetime": {"datetime": "2024-08-05 17:49:39", "elapsed": 203.082125, "delta": 2.463255}}
{"target": -0.05483344756648309, "params": {"bus_acc": 2.3607, "bus_dcc": 1.3835, "bus_lcAssertive": 70.1787, "bus_lcCooperative": 0.7318, "bus_lcLookaheadLeft": 83.7053, "bus_lcPushy": 0.0705, "bus_lcSublane": 0.806, "bus_tau_mean": 2.0824, "bus_tau_std": 0.6038, "bus_v_mean": 23.5515, "bus_v_std": 9.3664, "car_acc": 1.4772, "car_dcc": 1.8454, "car_lcAssertive": 20.7007, "car_lcCooperative": 0.2152, "car_lcLookaheadLeft": 10.9886, "car_lcPushy": 0.525, "car_lcSublane": 0.2758, "car_tau_mean": 2.2697, "car_tau_std": 6.8663, "car_v_mean": 13.4026, "car_v_std": 1.0179}, "datetime": {"datetime": "2024-08-05 17:49:41", "elapsed": 205.26046, "delta": 2.178335}}
{"target": -0.06468574145993466, "params": {"bus_acc": 2.0915, "bus_dcc": 2.4812, "bus_lcAssertive": 73.5474, "bus_lcCooperative": 0.8898, "bus_lcLookaheadLeft": 28.7572, "bus_lcPushy": 0.3947, "bus_lcSublane": 0.5615, "bus_tau_mean": 1.9851, "bus_tau_std": 5.1265, "bus_v_mean": 17.012, "bus_v_std": 3.7798, "car_acc": 1.735, "car_dcc": 2.7866, "car_lcAssertive": 46.0864, "car_lcCooperative": 0.2773, "car_lcLookaheadLeft": 40.3114, "car_lcPushy": 0.4865, "car_lcSublane": 0.7346, "car_tau_mean": 1.3204, "car_tau_std": 1.763, "car_v_mean": 18.024, "car_v_std": 4.4873}, "datetime": {"datetime": "2024-08-05 17:49:43", "elapsed": 207.147525, "delta": 1.887065}}
{"target": -0.05819709088107352, "params": {"bus_acc": 1.1116, "bus_dcc": 1.6575, "bus_lcAssertive": 66.313, "bus_lcCooperative": 0.1215, "bus_lcLookaheadLeft": 29.2853, "bus_lcPushy": 0.8955, "bus_lcSublane": 0.5015, "bus_tau_mean": 1.957, "bus_tau_std": 3.604, "bus_v_mean": 14.5668, "bus_v_std": 8.6795, "car_acc": 2.5724, "car_dcc": 2.0306, "car_lcAssertive": 49.1387, "car_lcCooperative": 0.9823, "car_lcLookaheadLeft": 37.4744, "car_lcPushy": 0.183, "car_lcSublane": 0.1639, "car_tau_mean": 1.9661, "car_tau_std": 3.2153, "car_v_mean": 20.9892, "car_v_std": 2.5035}, "datetime": {"datetime": "2024-08-05 17:49:46", "elapsed": 209.631617, "delta": 2.484092}}
{"target": -0.07022073251789274, "params": {"bus_acc": 2.015, "bus_dcc": 2.8263, "bus_lcAssertive": 67.8453, "bus_lcCooperative": 0.355, "bus_lcLookaheadLeft": 29.5245, "bus_lcPushy": 0.5035, "bus_lcSublane": 0.7285, "bus_tau_mean": 1.5067, "bus_tau_std": 8.6767, "bus_v_mean": 10.8932, "bus_v_std": 6.7753, "car_acc": 1.9772, "car_dcc": 3.344, "car_lcAssertive": 42.9971, "car_lcCooperative": 0.7508, "car_lcLookaheadLeft": 37.3985, "car_lcPushy": 0.3903, "car_lcSublane": 0.7948, "car_tau_mean": 1.7723, "car_tau_std": 7.9507, "car_v_mean": 19.9503, "car_v_std": 2.3767}, "datetime": {"datetime": "2024-08-05 17:49:48", "elapsed": 211.521783, "delta": 1.890166}}
{"target": -0.06642496637592663, "params": {"bus_acc": 1.0252, "bus_dcc": 3.2507, "bus_lcAssertive": 70.7328, "bus_lcCooperative": 0.0506, "bus_lcLookaheadLeft": 31.712, "bus_lcPushy": 0.2821, "bus_lcSublane": 0.4726, "bus_tau_mean": 2.4562, "bus_tau_std": 6.9557, "bus_v_mean": 13.8742, "bus_v_std": 7.3909, "car_acc": 2.935, "car_dcc": 2.197, "car_lcAssertive": 48.2113, "car_lcCooperative": 0.326, "car_lcLookaheadLeft": 38.5661, "car_lcPushy": 0.3181, "car_lcSublane": 0.0819, "car_tau_mean": 3.99, "car_tau_std": 5.9798, "car_v_mean": 21.3129, "car_v_std": 2.918}, "datetime": {"datetime": "2024-08-05 17:49:51", "elapsed": 214.91966, "delta": 3.397877}}
{"target": -0.05935394170173104, "params": {"bus_acc": 1.8271, "bus_dcc": 2.782, "bus_lcAssertive": 62.9332, "bus_lcCooperative": 0.9869, "bus_lcLookaheadLeft": 95.4607, "bus_lcPushy": 0.849, "bus_lcSublane": 0.8463, "bus_tau_mean": 3.2284, "bus_tau_std": 0.2877, "bus_v_mean": 8.5036, "bus_v_std": 0.047, "car_acc": 2.5367, "car_dcc": 1.6359, "car_lcAssertive": 84.1677, "car_lcCooperative": 0.7434, "car_lcLookaheadLeft": 47.7215, "car_lcPushy": 0.4713, "car_lcSublane": 0.5301, "car_tau_mean": 3.8857, "car_tau_std": 3.9325, "car_v_mean": 17.231, "car_v_std": 2.6706}, "datetime": {"datetime": "2024-08-05 17:49:55", "elapsed": 218.529957, "delta": 3.610297}}
