{"target": -0.3851779865386287, "params": {"bus_acc": 1.5552, "bus_dcc": 2.6038, "bus_lcAssertive": 24.5217, "bus_lcCooperative": 0.2379, "bus_lcLookaheadLeft": 47.258, "bus_lcPushy": 0.2626, "bus_lcSigma": 0.6311, "bus_lcSpeedGainRight": 4.4388, "bus_lcSublane": 0.9638, "bus_sigma": 0.0124, "bus_tau_mean": 0.957, "bus_tau_std": 6.253, "bus_v_mean": 12.2718, "bus_v_std": 17.3139, "car_acc": 1.6734, "car_dcc": 2.2502, "car_lcAssertive": 84.8648, "car_lcCooperative": 0.0979, "car_lcLookaheadLeft": 52.8446, "car_lcPushy": 0.6279, "car_lcSigma": 0.5068, "car_lcSpeedGainRight": 2.7968, "car_lcSublane": 0.6342, "car_sigma": 0.5309, "car_tau_mean": 0.654, "car_tau_std": 5.288, "car_v_mean": 8.3832, "car_v_std": 7.0271}, "datetime": {"datetime": "2024-08-08 10:09:39", "elapsed": 859.629427, "delta": 1.57238}}
{"target": -0.3571053842036548, "params": {"bus_acc": 2.2138, "bus_dcc": 2.7446, "bus_lcAssertive": 51.0706, "bus_lcCooperative": 0.4532, "bus_lcLookaheadLeft": 79.5943, "bus_lcPushy": 0.7916, "bus_lcSigma": 0.0007, "bus_lcSpeedGainRight": 4.5512, "bus_lcSublane": 0.675, "bus_sigma": 0.633, "bus_tau_mean": 3.0759, "bus_tau_std": 2.4846, "bus_v_mean": 13.2547, "bus_v_std": 18.9254, "car_acc": 2.6864, "car_dcc": 3.5018, "car_lcAssertive": 2.9666, "car_lcCooperative": 0.4646, "car_lcLookaheadLeft": 54.0851, "car_lcPushy": 0.8164, "car_lcSigma": 0.5579, "car_lcSpeedGainRight": 0.5183, "car_lcSublane": 0.1225, "car_sigma": 0.8822, "car_tau_mean": 2.1236, "car_tau_std": 2.7575, "car_v_mean": 21.9104, "car_v_std": 11.7505}, "datetime": {"datetime": "2024-08-08 10:09:41", "elapsed": 861.692702, "delta": 2.063275}}
{"target": -0.33351466657960194, "params": {"bus_acc": 2.6403, "bus_dcc": 1.7759, "bus_lcAssertive": 31.7935, "bus_lcCooperative": 0.9517, "bus_lcLookaheadLeft": 36.5586, "bus_lcPushy": 0.3524, "bus_lcSigma": 0.6004, "bus_lcSpeedGainRight": 2.3509, "bus_lcSublane": 0.425, "bus_sigma": 0.2313, "bus_tau_mean": 1.95, "bus_tau_std": 4.231, "bus_v_mean": 19.8958, "bus_v_std": 16.5593, "car_acc": 1.249, "car_dcc": 1.6284, "car_lcAssertive": 41.269, "car_lcCooperative": 0.6648, "car_lcLookaheadLeft": 52.4758, "car_lcPushy": 0.7936, "car_lcSigma": 0.2414, "car_lcSpeedGainRight": 0.7361, "car_lcSublane": 0.4552, "car_sigma": 0.4037, "car_tau_mean": 3.0254, "car_tau_std": 7.0085, "car_v_mean": 12.6141, "car_v_std": 13.8892}, "datetime": {"datetime": "2024-08-08 10:09:45", "elapsed": 865.146297, "delta": 3.453595}}
{"target": -0.37609091741706124, "params": {"bus_acc": 1.5743, "bus_dcc": 3.8273, "bus_lcAssertive": 56.5842, "bus_lcCooperative": 0.341, "bus_lcLookaheadLeft": 15.4473, "bus_lcPushy": 0.1087, "bus_lcSigma": 0.1366, "bus_lcSpeedGainRight": 0.0125, "bus_lcSublane": 0.0322, "bus_sigma": 0.8404, "bus_tau_mean": 3.514, "bus_tau_std": 1.0877, "bus_v_mean": 13.2096, "bus_v_std": 10.149, "car_acc": 1.6876, "car_dcc": 1.4441, "car_lcAssertive": 14.2033, "car_lcCooperative": 0.5574, "car_lcLookaheadLeft": 67.5261, "car_lcPushy": 0.4277, "car_lcSigma": 0.086, "car_lcSpeedGainRight": 2.7229, "car_lcSublane": 0.9914, "car_sigma": 0.717, "car_tau_mean": 1.2555, "car_tau_std": 7.8999, "car_v_mean": 15.623, "car_v_std": 12.2293}, "datetime": {"datetime": "2024-08-08 10:09:46", "elapsed": 866.093985, "delta": 0.947688}}
{"target": -0.38076896670331173, "params": {"bus_acc": 1.8811, "bus_dcc": 3.573, "bus_lcAssertive": 9.0365, "bus_lcCooperative": 0.893, "bus_lcLookaheadLeft": 76.6323, "bus_lcPushy": 0.9676, "bus_lcSigma": 0.1222, "bus_lcSpeedGainRight": 3.0719, "bus_lcSublane": 0.1697, "bus_sigma": 0.8829, "bus_tau_mean": 1.0204, "bus_tau_std": 7.916, "bus_v_mean": 20.2733, "bus_v_std": 1.2174, "car_acc": 2.7598, "car_dcc": 2.7342, "car_lcAssertive": 54.0975, "car_lcCooperative": 0.6268, "car_lcLookaheadLeft": 82.5329, "car_lcPushy": 0.0707, "car_lcSigma": 0.589, "car_lcSpeedGainRight": 2.528, "car_lcSublane": 0.0542, "car_sigma": 0.0728, "car_tau_mean": 1.8876, "car_tau_std": 9.0441, "car_v_mean": 21.8815, "car_v_std": 17.9818}, "datetime": {"datetime": "2024-08-08 10:09:52", "elapsed": 872.294853, "delta": 6.200868}}
{"target": -0.40922217019710877, "params": {"bus_acc": 2.1701, "bus_dcc": 3.3882, "bus_lcAssertive": 5.8746, "bus_lcCooperative": 0.5028, "bus_lcLookaheadLeft": 20.2708, "bus_lcPushy": 0.8077, "bus_lcSigma": 0.4147, "bus_lcSpeedGainRight": 2.5597, "bus_lcSublane": 0.1643, "bus_sigma": 0.9067, "bus_tau_mean": 2.7224, "bus_tau_std": 2.8279, "bus_v_mean": 12.2905, "bus_v_std": 3.0593, "car_acc": 1.0752, "car_dcc": 1.4996, "car_lcAssertive": 37.1365, "car_lcCooperative": 0.5186, "car_lcLookaheadLeft": 94.6984, "car_lcPushy": 0.1869, "car_lcSigma": 0.1712, "car_lcSpeedGainRight": 3.1132, "car_lcSublane": 0.6728, "car_sigma": 0.3513, "car_tau_mean": 2.3549, "car_tau_std": 3.5264, "car_v_mean": 10.1608, "car_v_std": 14.0262}, "datetime": {"datetime": "2024-08-08 10:09:53", "elapsed": 873.844885, "delta": 1.550032}}
{"target": -0.3823637629100729, "params": {"bus_acc": 1.0819, "bus_dcc": 2.2374, "bus_lcAssertive": 57.2563, "bus_lcCooperative": 0.3179, "bus_lcLookaheadLeft": 16.5499, "bus_lcPushy": 0.6001, "bus_lcSigma": 0.0336, "bus_lcSpeedGainRight": 3.5682, "bus_lcSublane": 0.7091, "bus_sigma": 0.7086, "bus_tau_mean": 2.013, "bus_tau_std": 4.4804, "bus_v_mean": 14.4919, "bus_v_std": 14.4099, "car_acc": 2.2869, "car_dcc": 3.2969, "car_lcAssertive": 15.5553, "car_lcCooperative": 0.7361, "car_lcLookaheadLeft": 59.136, "car_lcPushy": 0.4481, "car_lcSigma": 0.0797, "car_lcSpeedGainRight": 3.0454, "car_lcSublane": 0.4811, "car_sigma": 0.0129, "car_tau_mean": 1.5842, "car_tau_std": 4.7338, "car_v_mean": 21.2423, "car_v_std": 15.5999}, "datetime": {"datetime": "2024-08-08 10:09:55", "elapsed": 875.694531, "delta": 1.849646}}
{"target": -0.37177613623970035, "params": {"bus_acc": 2.4451, "bus_dcc": 3.1073, "bus_lcAssertive": 4.5432, "bus_lcCooperative": 0.5257, "bus_lcLookaheadLeft": 77.9316, "bus_lcPushy": 0.3767, "bus_lcSigma": 0.662, "bus_lcSpeedGainRight": 2.6215, "bus_lcSublane": 0.6662, "bus_sigma": 0.4723, "bus_tau_mean": 3.0853, "bus_tau_std": 6.1132, "bus_v_mean": 22.1787, "bus_v_std": 5.3266, "car_acc": 2.2298, "car_dcc": 2.7621, "car_lcAssertive": 57.0639, "car_lcCooperative": 0.7897, "car_lcLookaheadLeft": 78.2292, "car_lcPushy": 0.365, "car_lcSigma": 0.5867, "car_lcSpeedGainRight": 1.2534, "car_lcSublane": 0.8674, "car_sigma": 0.9246, "car_tau_mean": 2.2591, "car_tau_std": 8.3641, "car_v_mean": 19.8421, "car_v_std": 17.1136}, "datetime": {"datetime": "2024-08-08 10:09:56", "elapsed": 876.856793, "delta": 1.162262}}
{"target": -0.3399973332365078, "params": {"bus_acc": 2.8605, "bus_dcc": 1.6072, "bus_lcAssertive": 80.3381, "bus_lcCooperative": 0.4974, "bus_lcLookaheadLeft": 5.8165, "bus_lcPushy": 0.2604, "bus_lcSigma": 0.8261, "bus_lcSpeedGainRight": 4.3278, "bus_lcSublane": 0.2585, "bus_sigma": 0.9074, "bus_tau_mean": 2.8684, "bus_tau_std": 5.8152, "bus_v_mean": 12.8986, "bus_v_std": 8.6826, "car_acc": 1.9339, "car_dcc": 1.7253, "car_lcAssertive": 32.4299, "car_lcCooperative": 0.0937, "car_lcLookaheadLeft": 67.4089, "car_lcPushy": 0.3708, "car_lcSigma": 0.3358, "car_lcSpeedGainRight": 3.092, "car_lcSublane": 0.3249, "car_sigma": 0.3817, "car_tau_mean": 2.1895, "car_tau_std": 4.6875, "car_v_mean": 12.663, "car_v_std": 15.4151}, "datetime": {"datetime": "2024-08-08 10:09:58", "elapsed": 878.328159, "delta": 1.471366}}
{"target": -0.3174968631519912, "params": {"bus_acc": 1.4334, "bus_dcc": 3.6749, "bus_lcAssertive": 8.7302, "bus_lcCooperative": 0.0451, "bus_lcLookaheadLeft": 77.6307, "bus_lcPushy": 0.9129, "bus_lcSigma": 0.6925, "bus_lcSpeedGainRight": 2.128, "bus_lcSublane": 0.9785, "bus_sigma": 0.5086, "bus_tau_mean": 1.6838, "bus_tau_std": 4.2547, "bus_v_mean": 20.2915, "bus_v_std": 6.559, "car_acc": 2.0671, "car_dcc": 1.5334, "car_lcAssertive": 14.842, "car_lcCooperative": 0.622, "car_lcLookaheadLeft": 62.2377, "car_lcPushy": 0.5365, "car_lcSigma": 0.5892, "car_lcSpeedGainRight": 1.2285, "car_lcSublane": 0.6341, "car_sigma": 0.8213, "car_tau_mean": 2.4696, "car_tau_std": 1.3718, "car_v_mean": 16.4982, "car_v_std": 12.2269}, "datetime": {"datetime": "2024-08-08 10:10:01", "elapsed": 881.885017, "delta": 3.556858}}
{"target": -0.3485040588502534, "params": {"bus_acc": 2.0562, "bus_dcc": 3.4341, "bus_lcAssertive": 29.4712, "bus_lcCooperative": 0.082, "bus_lcLookaheadLeft": 47.3637, "bus_lcPushy": 0.438, "bus_lcSigma": 0.0558, "bus_lcSpeedGainRight": 0.9743, "bus_lcSublane": 0.2361, "bus_sigma": 0.3069, "bus_tau_mean": 3.6376, "bus_tau_std": 8.1388, "bus_v_mean": 21.1424, "bus_v_std": 13.4685, "car_acc": 2.0131, "car_dcc": 1.0085, "car_lcAssertive": 80.64, "car_lcCooperative": 0.6969, "car_lcLookaheadLeft": 49.8147, "car_lcPushy": 0.3817, "car_lcSigma": 0.4979, "car_lcSpeedGainRight": 4.6699, "car_lcSublane": 0.3903, "car_sigma": 0.6999, "car_tau_mean": 2.2377, "car_tau_std": 9.0102, "car_v_mean": 13.2927, "car_v_std": 6.1214}, "datetime": {"datetime": "2024-08-08 10:10:04", "elapsed": 884.352971, "delta": 2.467954}}
{"target": -0.3371493903218042, "params": {"bus_acc": 2.642, "bus_dcc": 3.9374, "bus_lcAssertive": 56.813, "bus_lcCooperative": 0.593, "bus_lcLookaheadLeft": 20.3874, "bus_lcPushy": 0.9825, "bus_lcSigma": 0.8563, "bus_lcSpeedGainRight": 1.3163, "bus_lcSublane": 0.0804, "bus_sigma": 0.1022, "bus_tau_mean": 2.5259, "bus_tau_std": 0.1695, "bus_v_mean": 11.4435, "bus_v_std": 17.3774, "car_acc": 1.8802, "car_dcc": 3.0848, "car_lcAssertive": 15.4868, "car_lcCooperative": 0.9356, "car_lcLookaheadLeft": 58.7176, "car_lcPushy": 0.3123, "car_lcSigma": 0.7025, "car_lcSpeedGainRight": 2.0488, "car_lcSublane": 0.8246, "car_sigma": 0.4404, "car_tau_mean": 3.6688, "car_tau_std": 7.3054, "car_v_mean": 19.7167, "car_v_std": 12.215}, "datetime": {"datetime": "2024-08-08 10:10:05", "elapsed": 885.262576, "delta": 0.909605}}
{"target": -0.3494566898898328, "params": {"bus_acc": 2.1241, "bus_dcc": 3.5135, "bus_lcAssertive": 57.1615, "bus_lcCooperative": 0.1264, "bus_lcLookaheadLeft": 15.1691, "bus_lcPushy": 0.4175, "bus_lcSigma": 0.4297, "bus_lcSpeedGainRight": 4.9614, "bus_lcSublane": 0.6405, "bus_sigma": 0.3879, "bus_tau_mean": 0.7059, "bus_tau_std": 1.8651, "bus_v_mean": 14.0442, "bus_v_std": 12.8232, "car_acc": 2.2109, "car_dcc": 2.3468, "car_lcAssertive": 19.9555, "car_lcCooperative": 0.2613, "car_lcLookaheadLeft": 60.7651, "car_lcPushy": 0.6965, "car_lcSigma": 0.9028, "car_lcSpeedGainRight": 1.1662, "car_lcSublane": 0.3866, "car_sigma": 0.1355, "car_tau_mean": 2.0025, "car_tau_std": 3.0275, "car_v_mean": 15.1972, "car_v_std": 6.2476}, "datetime": {"datetime": "2024-08-08 10:10:06", "elapsed": 886.575408, "delta": 1.312832}}
{"target": -0.3451462000963214, "params": {"bus_acc": 2.3544, "bus_dcc": 1.1483, "bus_lcAssertive": 53.9711, "bus_lcCooperative": 0.748, "bus_lcLookaheadLeft": 37.5547, "bus_lcPushy": 0.7906, "bus_lcSigma": 0.4765, "bus_lcSpeedGainRight": 1.6186, "bus_lcSublane": 0.7357, "bus_sigma": 0.9721, "bus_tau_mean": 1.7397, "bus_tau_std": 5.6438, "bus_v_mean": 15.3698, "bus_v_std": 19.387, "car_acc": 1.3341, "car_dcc": 3.5581, "car_lcAssertive": 6.2256, "car_lcCooperative": 0.4601, "car_lcLookaheadLeft": 18.2466, "car_lcPushy": 0.1047, "car_lcSigma": 0.7804, "car_lcSpeedGainRight": 3.8199, "car_lcSublane": 0.3145, "car_sigma": 0.8222, "car_tau_mean": 2.386, "car_tau_std": 4.0416, "car_v_mean": 22.3194, "car_v_std": 14.7514}, "datetime": {"datetime": "2024-08-08 10:10:08", "elapsed": 888.329764, "delta": 1.754356}}
{"target": -0.2976390561238356, "params": {"bus_acc": 1.2618, "bus_dcc": 2.3825, "bus_lcAssertive": 58.6299, "bus_lcCooperative": 0.8577, "bus_lcLookaheadLeft": 36.1609, "bus_lcPushy": 0.8166, "bus_lcSigma": 0.2206, "bus_lcSpeedGainRight": 1.3718, "bus_lcSublane": 0.8772, "bus_sigma": 0.2523, "bus_tau_mean": 3.3658, "bus_tau_std": 2.0359, "bus_v_mean": 13.9181, "bus_v_std": 15.4081, "car_acc": 2.0487, "car_dcc": 1.5809, "car_lcAssertive": 11.034, "car_lcCooperative": 0.2937, "car_lcLookaheadLeft": 11.8843, "car_lcPushy": 0.3255, "car_lcSigma": 0.881, "car_lcSpeedGainRight": 4.7112, "car_lcSublane": 0.2129, "car_sigma": 0.4318, "car_tau_mean": 1.5334, "car_tau_std": 1.1136, "car_v_mean": 21.2395, "car_v_std": 12.7293}, "datetime": {"datetime": "2024-08-08 10:10:09", "elapsed": 889.626478, "delta": 1.296714}}
{"target": -0.33295247524704036, "params": {"bus_acc": 2.8929, "bus_dcc": 1.5289, "bus_lcAssertive": 72.1458, "bus_lcCooperative": 0.6952, "bus_lcLookaheadLeft": 54.3669, "bus_lcPushy": 0.1978, "bus_lcSigma": 0.8359, "bus_lcSpeedGainRight": 0.5484, "bus_lcSublane": 0.5108, "bus_sigma": 0.5271, "bus_tau_mean": 2.7935, "bus_tau_std": 4.811, "bus_v_mean": 15.6933, "bus_v_std": 6.987, "car_acc": 2.6972, "car_dcc": 3.0061, "car_lcAssertive": 51.8828, "car_lcCooperative": 0.6001, "car_lcLookaheadLeft": 12.8779, "car_lcPushy": 0.9285, "car_lcSigma": 0.385, "car_lcSpeedGainRight": 1.9953, "car_lcSublane": 0.9783, "car_sigma": 0.6822, "car_tau_mean": 1.4392, "car_tau_std": 2.2938, "car_v_mean": 9.9837, "car_v_std": 5.1867}, "datetime": {"datetime": "2024-08-08 10:10:12", "elapsed": 892.784316, "delta": 3.157838}}
{"target": -0.34369438760479953, "params": {"bus_acc": 2.793, "bus_dcc": 1.5704, "bus_lcAssertive": 80.5082, "bus_lcCooperative": 0.5948, "bus_lcLookaheadLeft": 5.9752, "bus_lcPushy": 0.2185, "bus_lcSigma": 0.8263, "bus_lcSpeedGainRight": 4.3757, "bus_lcSublane": 0.213, "bus_sigma": 0.9265, "bus_tau_mean": 2.9321, "bus_tau_std": 5.749, "bus_v_mean": 13.2967, "bus_v_std": 9.0513, "car_acc": 1.785, "car_dcc": 1.5632, "car_lcAssertive": 32.1956, "car_lcCooperative": 0.1369, "car_lcLookaheadLeft": 67.3347, "car_lcPushy": 0.3793, "car_lcSigma": 0.2633, "car_lcSpeedGainRight": 3.1897, "car_lcSublane": 0.2682, "car_sigma": 0.3785, "car_tau_mean": 2.1445, "car_tau_std": 4.2907, "car_v_mean": 12.3439, "car_v_std": 15.5311}, "datetime": {"datetime": "2024-08-08 10:10:16", "elapsed": 896.290398, "delta": 3.506082}}
{"target": -0.34803485936327383, "params": {"bus_acc": 2.9122, "bus_dcc": 1.6013, "bus_lcAssertive": 80.5405, "bus_lcCooperative": 0.4652, "bus_lcLookaheadLeft": 5.9493, "bus_lcPushy": 0.2515, "bus_lcSigma": 0.8524, "bus_lcSpeedGainRight": 4.366, "bus_lcSublane": 0.2678, "bus_sigma": 0.9229, "bus_tau_mean": 2.9322, "bus_tau_std": 5.7943, "bus_v_mean": 13.2593, "bus_v_std": 9.1371, "car_acc": 1.8439, "car_dcc": 1.6238, "car_lcAssertive": 32.0454, "car_lcCooperative": 0.0824, "car_lcLookaheadLeft": 67.3362, "car_lcPushy": 0.3914, "car_lcSigma": 0.3242, "car_lcSpeedGainRight": 3.1736, "car_lcSublane": 0.3046, "car_sigma": 0.3779, "car_tau_mean": 2.1543, "car_tau_std": 4.3107, "car_v_mean": 12.3391, "car_v_std": 15.5339}, "datetime": {"datetime": "2024-08-08 10:10:17", "elapsed": 897.544619, "delta": 1.254221}}
{"target": -0.4180198351157961, "params": {"bus_acc": 1.1494, "bus_dcc": 3.0096, "bus_lcAssertive": 72.4396, "bus_lcCooperative": 0.4474, "bus_lcLookaheadLeft": 69.1529, "bus_lcPushy": 0.0094, "bus_lcSigma": 0.5028, "bus_lcSpeedGainRight": 0.3994, "bus_lcSublane": 0.1019, "bus_sigma": 0.2634, "bus_tau_mean": 1.0239, "bus_tau_std": 3.4071, "bus_v_mean": 22.7714, "bus_v_std": 5.4053, "car_acc": 1.4086, "car_dcc": 3.6176, "car_lcAssertive": 13.3129, "car_lcCooperative": 0.1598, "car_lcLookaheadLeft": 55.0379, "car_lcPushy": 0.4775, "car_lcSigma": 0.0935, "car_lcSpeedGainRight": 1.2319, "car_lcSublane": 0.6383, "car_sigma": 0.7695, "car_tau_mean": 1.75, "car_tau_std": 7.1295, "car_v_mean": 15.3156, "car_v_std": 11.611}, "datetime": {"datetime": "2024-08-08 10:10:18", "elapsed": 898.521918, "delta": 0.977299}}
{"target": -0.35178126518051317, "params": {"bus_acc": 1.2501, "bus_dcc": 2.592, "bus_lcAssertive": 27.6261, "bus_lcCooperative": 0.3659, "bus_lcLookaheadLeft": 49.9429, "bus_lcPushy": 0.1875, "bus_lcSigma": 0.7359, "bus_lcSpeedGainRight": 2.1378, "bus_lcSublane": 0.349, "bus_sigma": 0.7117, "bus_tau_mean": 1.2485, "bus_tau_std": 5.4426, "bus_v_mean": 19.551, "bus_v_std": 10.1181, "car_acc": 2.6384, "car_dcc": 2.3737, "car_lcAssertive": 82.2361, "car_lcCooperative": 0.7076, "car_lcLookaheadLeft": 51.3635, "car_lcPushy": 0.3041, "car_lcSigma": 0.6621, "car_lcSpeedGainRight": 2.7195, "car_lcSublane": 0.511, "car_sigma": 0.7545, "car_tau_mean": 0.9017, "car_tau_std": 8.6906, "car_v_mean": 8.2456, "car_v_std": 9.1799}, "datetime": {"datetime": "2024-08-08 10:10:23", "elapsed": 903.37467, "delta": 4.852752}}
{"target": -0.3821845315373865, "params": {"bus_acc": 1.9329, "bus_dcc": 2.9318, "bus_lcAssertive": 48.5607, "bus_lcCooperative": 0.2995, "bus_lcLookaheadLeft": 6.0794, "bus_lcPushy": 0.0156, "bus_lcSigma": 0.6169, "bus_lcSpeedGainRight": 0.5331, "bus_lcSublane": 0.9311, "bus_sigma": 0.41, "bus_tau_mean": 1.6886, "bus_tau_std": 7.814, "bus_v_mean": 15.5971, "bus_v_std": 14.161, "car_acc": 1.1962, "car_dcc": 3.0512, "car_lcAssertive": 59.222, "car_lcCooperative": 0.362, "car_lcLookaheadLeft": 33.686, "car_lcPushy": 0.273, "car_lcSigma": 0.1716, "car_lcSpeedGainRight": 0.82, "car_lcSublane": 0.9076, "car_sigma": 0.1551, "car_tau_mean": 0.6667, "car_tau_std": 6.899, "car_v_mean": 22.6311, "car_v_std": 17.0363}, "datetime": {"datetime": "2024-08-08 10:10:29", "elapsed": 909.874025, "delta": 6.499355}}
{"target": -0.3115655906826653, "params": {"bus_acc": 2.2053, "bus_dcc": 2.6156, "bus_lcAssertive": 8.3793, "bus_lcCooperative": 0.6762, "bus_lcLookaheadLeft": 40.1102, "bus_lcPushy": 0.9017, "bus_lcSigma": 0.4995, "bus_lcSpeedGainRight": 4.4558, "bus_lcSublane": 0.1454, "bus_sigma": 0.3415, "bus_tau_mean": 1.8306, "bus_tau_std": 1.5094, "bus_v_mean": 11.9714, "bus_v_std": 14.9902, "car_acc": 1.8264, "car_dcc": 3.1782, "car_lcAssertive": 26.5925, "car_lcCooperative": 0.2613, "car_lcLookaheadLeft": 38.6463, "car_lcPushy": 0.5189, "car_lcSigma": 0.2413, "car_lcSpeedGainRight": 1.2539, "car_lcSublane": 0.866, "car_sigma": 0.5592, "car_tau_mean": 2.0543, "car_tau_std": 0.7302, "car_v_mean": 8.0, "car_v_std": 7.9497}, "datetime": {"datetime": "2024-08-08 10:10:33", "elapsed": 913.548987, "delta": 3.674962}}
{"target": -0.39334134552630284, "params": {"bus_acc": 2.0964, "bus_dcc": 2.5475, "bus_lcAssertive": 73.2633, "bus_lcCooperative": 0.5468, "bus_lcLookaheadLeft": 72.9208, "bus_lcPushy": 0.4152, "bus_lcSigma": 0.1187, "bus_lcSpeedGainRight": 2.8349, "bus_lcSublane": 0.5613, "bus_sigma": 0.8247, "bus_tau_mean": 2.0627, "bus_tau_std": 2.0934, "bus_v_mean": 13.0887, "bus_v_std": 6.2022, "car_acc": 1.4022, "car_dcc": 2.9672, "car_lcAssertive": 70.0011, "car_lcCooperative": 0.2151, "car_lcLookaheadLeft": 48.7753, "car_lcPushy": 0.206, "car_lcSigma": 0.1245, "car_lcSpeedGainRight": 1.4082, "car_lcSublane": 0.7522, "car_sigma": 0.589, "car_tau_mean": 3.429, "car_tau_std": 5.083, "car_v_mean": 22.4654, "car_v_std": 17.2067}, "datetime": {"datetime": "2024-08-08 10:10:35", "elapsed": 915.33069, "delta": 1.781703}}
{"target": -0.37339216716736723, "params": {"bus_acc": 2.7408, "bus_dcc": 2.9158, "bus_lcAssertive": 56.8354, "bus_lcCooperative": 0.9839, "bus_lcLookaheadLeft": 34.0054, "bus_lcPushy": 0.8068, "bus_lcSigma": 0.9168, "bus_lcSpeedGainRight": 1.0707, "bus_lcSublane": 0.5898, "bus_sigma": 0.2123, "bus_tau_mean": 0.7751, "bus_tau_std": 7.7884, "bus_v_mean": 14.8336, "bus_v_std": 1.8029, "car_acc": 2.1868, "car_dcc": 3.5307, "car_lcAssertive": 37.7412, "car_lcCooperative": 0.1729, "car_lcLookaheadLeft": 3.2581, "car_lcPushy": 0.7282, "car_lcSigma": 0.8687, "car_lcSpeedGainRight": 0.3953, "car_lcSublane": 0.5071, "car_sigma": 0.702, "car_tau_mean": 2.564, "car_tau_std": 4.1733, "car_v_mean": 16.1299, "car_v_std": 8.5009}, "datetime": {"datetime": "2024-08-08 10:10:36", "elapsed": 916.040206, "delta": 0.709516}}
{"target": -0.3514448121186836, "params": {"bus_acc": 2.4972, "bus_dcc": 3.2175, "bus_lcAssertive": 97.0294, "bus_lcCooperative": 0.5605, "bus_lcLookaheadLeft": 32.4747, "bus_lcPushy": 0.1342, "bus_lcSigma": 0.9696, "bus_lcSpeedGainRight": 0.7679, "bus_lcSublane": 0.995, "bus_sigma": 0.7691, "bus_tau_mean": 3.0429, "bus_tau_std": 9.5766, "bus_v_mean": 16.3615, "bus_v_std": 7.907, "car_acc": 2.18, "car_dcc": 2.3329, "car_lcAssertive": 92.9535, "car_lcCooperative": 0.7968, "car_lcLookaheadLeft": 82.2789, "car_lcPushy": 0.5723, "car_lcSigma": 0.1768, "car_lcSpeedGainRight": 4.6575, "car_lcSublane": 0.8401, "car_sigma": 0.0626, "car_tau_mean": 3.0436, "car_tau_std": 8.6071, "car_v_mean": 17.9355, "car_v_std": 12.2619}, "datetime": {"datetime": "2024-08-08 10:10:50", "elapsed": 930.277539, "delta": 14.237333}}
{"target": -0.3637677095119528, "params": {"bus_acc": 1.3426, "bus_dcc": 1.0589, "bus_lcAssertive": 55.3231, "bus_lcCooperative": 0.7779, "bus_lcLookaheadLeft": 18.3549, "bus_lcPushy": 0.0188, "bus_lcSigma": 0.1392, "bus_lcSpeedGainRight": 0.2466, "bus_lcSublane": 0.0019, "bus_sigma": 0.6139, "bus_tau_mean": 1.3295, "bus_tau_std": 1.5432, "bus_v_mean": 9.3147, "bus_v_std": 12.367, "car_acc": 1.7691, "car_dcc": 1.5738, "car_lcAssertive": 15.9047, "car_lcCooperative": 0.0918, "car_lcLookaheadLeft": 59.707, "car_lcPushy": 0.399, "car_lcSigma": 0.9619, "car_lcSpeedGainRight": 4.9469, "car_lcSublane": 0.86, "car_sigma": 0.0797, "car_tau_mean": 1.0536, "car_tau_std": 7.362, "car_v_mean": 14.8307, "car_v_std": 8.5661}, "datetime": {"datetime": "2024-08-08 10:10:55", "elapsed": 935.939539, "delta": 5.662}}
