{"target": -0.35024732365673245, "params": {"bus_acc": 3.7236, "bus_dcc": 3.7113, "bus_lcAssertive": 55.5022, "bus_lcCooperative": 0.7341, "bus_lcLookaheadLeft": 14.199, "bus_lcPushy": 0.6421, "bus_lcSigma": 0.1271, "bus_lcSpeedGainRight": 2.9474, "bus_lcSublane": 0.784, "bus_sigma": 0.7614, "bus_tau_mean": 2.1445, "bus_tau_std": 4.536, "bus_v_mean": 22.4198, "bus_v_std": 6.436, "car_acc": 4.3319, "car_dcc": 3.4665, "car_lcAssertive": 94.7676, "car_lcCooperative": 0.0305, "car_lcLookaheadLeft": 5.1287, "car_lcPushy": 0.4646, "car_lcSigma": 0.1702, "car_lcSpeedGainRight": 3.8283, "car_lcSublane": 0.7271, "car_sigma": 0.9373, "car_tau_mean": 1.3949, "car_tau_std": 4.1431, "car_v_mean": 14.5446, "car_v_std": 10.1432}, "datetime": {"datetime": "2024-08-08 12:33:33", "elapsed": 2023.531379, "delta": 8.139641}}
{"target": -0.32650771918617, "params": {"bus_acc": 1.388, "bus_dcc": 2.9166, "bus_lcAssertive": 44.9451, "bus_lcCooperative": 0.7598, "bus_lcLookaheadLeft": 80.3323, "bus_lcPushy": 0.1527, "bus_lcSigma": 0.6333, "bus_lcSpeedGainRight": 0.158, "bus_lcSublane": 0.7196, "bus_sigma": 0.8715, "bus_tau_mean": 2.6202, "bus_tau_std": 3.7059, "bus_v_mean": 23.4466, "bus_v_std": 9.3506, "car_acc": 2.4105, "car_dcc": 1.3347, "car_lcAssertive": 27.3349, "car_lcCooperative": 0.1705, "car_lcLookaheadLeft": 25.1517, "car_lcPushy": 0.1324, "car_lcSigma": 0.921, "car_lcSpeedGainRight": 2.5592, "car_lcSublane": 0.5838, "car_sigma": 0.7012, "car_tau_mean": 1.3616, "car_tau_std": 5.275, "car_v_mean": 11.1041, "car_v_std": 14.2386}, "datetime": {"datetime": "2024-08-08 12:33:36", "elapsed": 2026.998078, "delta": 3.466699}}
{"target": -0.3201335683614184, "params": {"bus_acc": 2.1424, "bus_dcc": 1.2177, "bus_lcAssertive": 81.2581, "bus_lcCooperative": 0.6737, "bus_lcLookaheadLeft": 94.242, "bus_lcPushy": 0.127, "bus_lcSigma": 0.7657, "bus_lcSpeedGainRight": 0.2978, "bus_lcSublane": 0.0683, "bus_sigma": 0.035, "bus_tau_mean": 2.1789, "bus_tau_std": 1.353, "bus_v_mean": 20.2738, "bus_v_std": 5.8337, "car_acc": 2.404, "car_dcc": 1.809, "car_lcAssertive": 71.3438, "car_lcCooperative": 0.2628, "car_lcLookaheadLeft": 14.9086, "car_lcPushy": 0.6271, "car_lcSigma": 0.6287, "car_lcSpeedGainRight": 0.0407, "car_lcSublane": 0.53, "car_sigma": 0.436, "car_tau_mean": 1.2018, "car_tau_std": 4.8922, "car_v_mean": 14.7162, "car_v_std": 13.5569}, "datetime": {"datetime": "2024-08-08 12:33:40", "elapsed": 2030.107156, "delta": 3.109078}}
{"target": -0.3551728574713708, "params": {"bus_acc": 4.4288, "bus_dcc": 1.5052, "bus_lcAssertive": 31.879, "bus_lcCooperative": 0.382, "bus_lcLookaheadLeft": 97.8213, "bus_lcPushy": 0.7469, "bus_lcSigma": 0.0351, "bus_lcSpeedGainRight": 4.8682, "bus_lcSublane": 0.9199, "bus_sigma": 0.7792, "bus_tau_mean": 2.4899, "bus_tau_std": 9.3906, "bus_v_mean": 22.4199, "bus_v_std": 17.8301, "car_acc": 2.9287, "car_dcc": 2.2907, "car_lcAssertive": 41.6346, "car_lcCooperative": 0.3653, "car_lcLookaheadLeft": 28.2027, "car_lcPushy": 0.7269, "car_lcSigma": 0.9315, "car_lcSpeedGainRight": 0.244, "car_lcSublane": 0.3063, "car_sigma": 0.4698, "car_tau_mean": 1.6868, "car_tau_std": 7.1505, "car_v_mean": 10.4894, "car_v_std": 18.0865}, "datetime": {"datetime": "2024-08-08 12:33:43", "elapsed": 2034.045983, "delta": 3.938827}}
{"target": -0.3522397434014568, "params": {"bus_acc": 3.5117, "bus_dcc": 3.2908, "bus_lcAssertive": 82.9204, "bus_lcCooperative": 0.9936, "bus_lcLookaheadLeft": 58.0331, "bus_lcPushy": 0.9146, "bus_lcSigma": 0.2344, "bus_lcSpeedGainRight": 0.7738, "bus_lcSublane": 0.0338, "bus_sigma": 0.7175, "bus_tau_mean": 3.4276, "bus_tau_std": 5.5804, "bus_v_mean": 15.8792, "bus_v_std": 10.3579, "car_acc": 1.9124, "car_dcc": 2.7106, "car_lcAssertive": 48.4502, "car_lcCooperative": 0.3395, "car_lcLookaheadLeft": 39.3723, "car_lcPushy": 0.6404, "car_lcSigma": 0.3498, "car_lcSpeedGainRight": 4.3423, "car_lcSublane": 0.0782, "car_sigma": 0.0778, "car_tau_mean": 1.6876, "car_tau_std": 6.843, "car_v_mean": 17.8497, "car_v_std": 11.8148}, "datetime": {"datetime": "2024-08-08 12:33:46", "elapsed": 2037.023593, "delta": 2.97761}}
{"target": -0.3728986571772222, "params": {"bus_acc": 1.6711, "bus_dcc": 1.9817, "bus_lcAssertive": 41.1537, "bus_lcCooperative": 0.439, "bus_lcLookaheadLeft": 22.2246, "bus_lcPushy": 0.332, "bus_lcSigma": 0.421, "bus_lcSpeedGainRight": 1.4152, "bus_lcSublane": 0.1343, "bus_sigma": 0.5406, "bus_tau_mean": 3.9713, "bus_tau_std": 1.7713, "bus_v_mean": 19.3897, "bus_v_std": 9.5975, "car_acc": 1.4482, "car_dcc": 2.6211, "car_lcAssertive": 76.1077, "car_lcCooperative": 0.3254, "car_lcLookaheadLeft": 61.9763, "car_lcPushy": 0.486, "car_lcSigma": 0.3179, "car_lcSpeedGainRight": 1.7844, "car_lcSublane": 0.4679, "car_sigma": 0.6202, "car_tau_mean": 2.4122, "car_tau_std": 9.9492, "car_v_mean": 16.4909, "car_v_std": 18.8025}, "datetime": {"datetime": "2024-08-08 12:33:50", "elapsed": 2040.620295, "delta": 3.596702}}
{"target": -0.32390318726205974, "params": {"bus_acc": 1.2617, "bus_dcc": 2.5733, "bus_lcAssertive": 54.7877, "bus_lcCooperative": 0.6139, "bus_lcLookaheadLeft": 41.3761, "bus_lcPushy": 0.313, "bus_lcSigma": 0.5111, "bus_lcSpeedGainRight": 4.0814, "bus_lcSublane": 0.4534, "bus_sigma": 0.9361, "bus_tau_mean": 1.173, "bus_tau_std": 3.6658, "bus_v_mean": 19.0449, "bus_v_std": 19.2222, "car_acc": 1.1423, "car_dcc": 1.4072, "car_lcAssertive": 6.7292, "car_lcCooperative": 0.6527, "car_lcLookaheadLeft": 11.6457, "car_lcPushy": 0.6594, "car_lcSigma": 0.0612, "car_lcSpeedGainRight": 2.3834, "car_lcSublane": 0.0682, "car_sigma": 0.494, "car_tau_mean": 2.7333, "car_tau_std": 5.8659, "car_v_mean": 19.2271, "car_v_std": 12.915}, "datetime": {"datetime": "2024-08-08 12:33:52", "elapsed": 2042.666383, "delta": 2.046088}}
{"target": -0.31022859376448764, "params": {"bus_acc": 1.1902, "bus_dcc": 1.3832, "bus_lcAssertive": 8.5628, "bus_lcCooperative": 0.7096, "bus_lcLookaheadLeft": 84.7885, "bus_lcPushy": 0.6085, "bus_lcSigma": 0.1395, "bus_lcSpeedGainRight": 0.7048, "bus_lcSublane": 0.3873, "bus_sigma": 0.9885, "bus_tau_mean": 1.9291, "bus_tau_std": 3.901, "bus_v_mean": 12.9087, "bus_v_std": 8.67, "car_acc": 3.3535, "car_dcc": 1.2305, "car_lcAssertive": 7.484, "car_lcCooperative": 0.736, "car_lcLookaheadLeft": 23.2685, "car_lcPushy": 0.7329, "car_lcSigma": 0.6609, "car_lcSpeedGainRight": 0.3917, "car_lcSublane": 0.0528, "car_sigma": 0.7229, "car_tau_mean": 1.3251, "car_tau_std": 8.4987, "car_v_mean": 13.5046, "car_v_std": 2.8393}, "datetime": {"datetime": "2024-08-08 12:33:56", "elapsed": 2046.394498, "delta": 3.728115}}
{"target": -0.33029299912273435, "params": {"bus_acc": 2.9031, "bus_dcc": 2.5738, "bus_lcAssertive": 6.5493, "bus_lcCooperative": 0.7736, "bus_lcLookaheadLeft": 78.3082, "bus_lcPushy": 0.8066, "bus_lcSigma": 0.7222, "bus_lcSpeedGainRight": 2.4003, "bus_lcSublane": 0.7469, "bus_sigma": 0.4525, "bus_tau_mean": 2.6776, "bus_tau_std": 0.8296, "bus_v_mean": 16.1659, "bus_v_std": 13.5384, "car_acc": 4.2215, "car_dcc": 2.795, "car_lcAssertive": 31.0307, "car_lcCooperative": 0.3687, "car_lcLookaheadLeft": 95.3392, "car_lcPushy": 0.886, "car_lcSigma": 0.2984, "car_lcSpeedGainRight": 0.5373, "car_lcSublane": 0.0927, "car_sigma": 0.401, "car_tau_mean": 0.8851, "car_tau_std": 2.4644, "car_v_mean": 21.373, "car_v_std": 13.8978}, "datetime": {"datetime": "2024-08-08 12:33:58", "elapsed": 2048.449082, "delta": 2.054584}}
{"target": -0.32598404502826483, "params": {"bus_acc": 4.7261, "bus_dcc": 2.0393, "bus_lcAssertive": 77.353, "bus_lcCooperative": 0.5419, "bus_lcLookaheadLeft": 76.9768, "bus_lcPushy": 0.4719, "bus_lcSigma": 0.8677, "bus_lcSpeedGainRight": 0.2025, "bus_lcSublane": 0.5036, "bus_sigma": 0.8082, "bus_tau_mean": 0.7412, "bus_tau_std": 3.2384, "bus_v_mean": 21.1397, "bus_v_std": 17.1899, "car_acc": 2.9799, "car_dcc": 2.3409, "car_lcAssertive": 30.1943, "car_lcCooperative": 0.7873, "car_lcLookaheadLeft": 91.5332, "car_lcPushy": 0.4123, "car_lcSigma": 0.1866, "car_lcSpeedGainRight": 4.4901, "car_lcSublane": 0.208, "car_sigma": 0.6415, "car_tau_mean": 3.0921, "car_tau_std": 7.15, "car_v_mean": 22.4219, "car_v_std": 5.894}, "datetime": {"datetime": "2024-08-08 12:34:00", "elapsed": 2050.114184, "delta": 1.665102}}
{"target": -0.3548557685932284, "params": {"bus_acc": 4.0108, "bus_dcc": 3.825, "bus_lcAssertive": 20.1894, "bus_lcCooperative": 0.6534, "bus_lcLookaheadLeft": 35.3954, "bus_lcPushy": 0.5176, "bus_lcSigma": 0.4669, "bus_lcSpeedGainRight": 3.0771, "bus_lcSublane": 0.0453, "bus_sigma": 0.2864, "bus_tau_mean": 0.8139, "bus_tau_std": 5.5816, "bus_v_mean": 14.391, "bus_v_std": 3.1816, "car_acc": 4.1723, "car_dcc": 1.9248, "car_lcAssertive": 54.6329, "car_lcCooperative": 0.3289, "car_lcLookaheadLeft": 13.4233, "car_lcPushy": 0.041, "car_lcSigma": 0.4362, "car_lcSpeedGainRight": 1.1408, "car_lcSublane": 0.5474, "car_sigma": 0.0337, "car_tau_mean": 3.7003, "car_tau_std": 3.9115, "car_v_mean": 9.8047, "car_v_std": 10.9176}, "datetime": {"datetime": "2024-08-08 12:34:05", "elapsed": 2055.21346, "delta": 5.099276}}
{"target": -0.35665687043984395, "params": {"bus_acc": 3.4924, "bus_dcc": 2.0774, "bus_lcAssertive": 78.1211, "bus_lcCooperative": 0.5437, "bus_lcLookaheadLeft": 3.3542, "bus_lcPushy": 0.2581, "bus_lcSigma": 0.665, "bus_lcSpeedGainRight": 3.4569, "bus_lcSublane": 0.1396, "bus_sigma": 0.4363, "bus_tau_mean": 3.2507, "bus_tau_std": 8.4876, "bus_v_mean": 9.6742, "bus_v_std": 1.3444, "car_acc": 1.3993, "car_dcc": 2.5044, "car_lcAssertive": 42.9275, "car_lcCooperative": 0.1967, "car_lcLookaheadLeft": 67.6313, "car_lcPushy": 0.6317, "car_lcSigma": 0.1112, "car_lcSpeedGainRight": 1.313, "car_lcSublane": 0.4889, "car_sigma": 0.4495, "car_tau_mean": 1.9803, "car_tau_std": 8.7147, "car_v_mean": 16.3144, "car_v_std": 12.6166}, "datetime": {"datetime": "2024-08-08 12:34:10", "elapsed": 2060.458003, "delta": 5.244543}}
{"target": -0.4048348285713279, "params": {"bus_acc": 2.2208, "bus_dcc": 2.8653, "bus_lcAssertive": 17.3863, "bus_lcCooperative": 0.8189, "bus_lcLookaheadLeft": 32.7368, "bus_lcPushy": 0.2026, "bus_lcSigma": 0.9041, "bus_lcSpeedGainRight": 4.8691, "bus_lcSublane": 0.9424, "bus_sigma": 0.4194, "bus_tau_mean": 1.8696, "bus_tau_std": 9.8064, "bus_v_mean": 12.9855, "bus_v_std": 15.3402, "car_acc": 1.1048, "car_dcc": 3.8973, "car_lcAssertive": 56.4731, "car_lcCooperative": 0.076, "car_lcLookaheadLeft": 19.1896, "car_lcPushy": 0.7191, "car_lcSigma": 0.6028, "car_lcSpeedGainRight": 2.8401, "car_lcSublane": 0.149, "car_sigma": 0.7847, "car_tau_mean": 2.8494, "car_tau_std": 3.1687, "car_v_mean": 10.1201, "car_v_std": 9.2359}, "datetime": {"datetime": "2024-08-08 12:34:12", "elapsed": 2062.826806, "delta": 2.368803}}
{"target": -0.37614201991475443, "params": {"bus_acc": 3.5364, "bus_dcc": 1.854, "bus_lcAssertive": 91.7816, "bus_lcCooperative": 0.8252, "bus_lcLookaheadLeft": 18.2373, "bus_lcPushy": 0.7194, "bus_lcSigma": 0.818, "bus_lcSpeedGainRight": 2.3585, "bus_lcSublane": 0.9959, "bus_sigma": 0.8891, "bus_tau_mean": 0.9089, "bus_tau_std": 1.2881, "bus_v_mean": 15.1366, "bus_v_std": 12.8261, "car_acc": 4.188, "car_dcc": 2.0104, "car_lcAssertive": 39.3734, "car_lcCooperative": 0.8138, "car_lcLookaheadLeft": 33.8747, "car_lcPushy": 0.8704, "car_lcSigma": 0.8551, "car_lcSpeedGainRight": 4.4466, "car_lcSublane": 0.8553, "car_sigma": 0.9536, "car_tau_mean": 0.5685, "car_tau_std": 2.4255, "car_v_mean": 16.3406, "car_v_std": 6.1983}, "datetime": {"datetime": "2024-08-08 12:34:20", "elapsed": 2070.217437, "delta": 7.390631}}
{"target": -0.3429967085581749, "params": {"bus_acc": 3.2444, "bus_dcc": 3.0403, "bus_lcAssertive": 69.5578, "bus_lcCooperative": 0.9626, "bus_lcLookaheadLeft": 73.6124, "bus_lcPushy": 0.3412, "bus_lcSigma": 0.0261, "bus_lcSpeedGainRight": 2.8599, "bus_lcSublane": 0.5947, "bus_sigma": 0.8058, "bus_tau_mean": 3.7199, "bus_tau_std": 4.7191, "bus_v_mean": 15.559, "bus_v_std": 2.8689, "car_acc": 1.9889, "car_dcc": 1.9326, "car_lcAssertive": 10.0968, "car_lcCooperative": 0.5253, "car_lcLookaheadLeft": 58.941, "car_lcPushy": 0.9686, "car_lcSigma": 0.9074, "car_lcSpeedGainRight": 2.458, "car_lcSublane": 0.5792, "car_sigma": 0.0157, "car_tau_mean": 2.2939, "car_tau_std": 3.2921, "car_v_mean": 20.6547, "car_v_std": 11.7102}, "datetime": {"datetime": "2024-08-08 12:34:26", "elapsed": 2076.718379, "delta": 6.500942}}
{"target": -0.3390362510383155, "params": {"bus_acc": 1.9343, "bus_dcc": 2.4363, "bus_lcAssertive": 40.0551, "bus_lcCooperative": 0.6771, "bus_lcLookaheadLeft": 28.0759, "bus_lcPushy": 0.5673, "bus_lcSigma": 0.6377, "bus_lcSpeedGainRight": 3.4272, "bus_lcSublane": 0.0044, "bus_sigma": 0.1175, "bus_tau_mean": 3.4063, "bus_tau_std": 1.4091, "bus_v_mean": 20.8325, "bus_v_std": 12.5708, "car_acc": 4.8806, "car_dcc": 1.852, "car_lcAssertive": 72.3707, "car_lcCooperative": 0.7491, "car_lcLookaheadLeft": 10.7792, "car_lcPushy": 0.7644, "car_lcSigma": 0.3618, "car_lcSpeedGainRight": 0.4059, "car_lcSublane": 0.8037, "car_sigma": 0.8949, "car_tau_mean": 3.9885, "car_tau_std": 4.4976, "car_v_mean": 16.9274, "car_v_std": 13.5393}, "datetime": {"datetime": "2024-08-08 12:34:31", "elapsed": 2081.809648, "delta": 5.091269}}
{"target": -0.3720709485898211, "params": {"bus_acc": 1.8498, "bus_dcc": 3.9532, "bus_lcAssertive": 11.6607, "bus_lcCooperative": 0.1834, "bus_lcLookaheadLeft": 32.6057, "bus_lcPushy": 0.567, "bus_lcSigma": 0.7969, "bus_lcSpeedGainRight": 3.302, "bus_lcSublane": 0.4697, "bus_sigma": 0.4759, "bus_tau_mean": 3.4668, "bus_tau_std": 2.3382, "bus_v_mean": 17.4006, "bus_v_std": 1.822, "car_acc": 3.2059, "car_dcc": 3.551, "car_lcAssertive": 48.6285, "car_lcCooperative": 0.7694, "car_lcLookaheadLeft": 11.2487, "car_lcPushy": 0.1294, "car_lcSigma": 0.6555, "car_lcSpeedGainRight": 0.505, "car_lcSublane": 0.5872, "car_sigma": 0.479, "car_tau_mean": 1.861, "car_tau_std": 4.6887, "car_v_mean": 16.8876, "car_v_std": 7.7748}, "datetime": {"datetime": "2024-08-08 12:34:35", "elapsed": 2085.165192, "delta": 3.355544}}
{"target": -0.36288879466324986, "params": {"bus_acc": 4.5915, "bus_dcc": 1.3343, "bus_lcAssertive": 96.4075, "bus_lcCooperative": 0.504, "bus_lcLookaheadLeft": 46.8436, "bus_lcPushy": 0.4921, "bus_lcSigma": 0.4016, "bus_lcSpeedGainRight": 2.2888, "bus_lcSublane": 0.2397, "bus_sigma": 0.0652, "bus_tau_mean": 1.9102, "bus_tau_std": 0.142, "bus_v_mean": 22.9648, "bus_v_std": 10.6595, "car_acc": 2.9303, "car_dcc": 1.6902, "car_lcAssertive": 3.3591, "car_lcCooperative": 0.9725, "car_lcLookaheadLeft": 62.3519, "car_lcPushy": 0.7402, "car_lcSigma": 0.0218, "car_lcSpeedGainRight": 4.5301, "car_lcSublane": 0.0293, "car_sigma": 0.4243, "car_tau_mean": 3.4497, "car_tau_std": 4.1983, "car_v_mean": 15.5788, "car_v_std": 2.0397}, "datetime": {"datetime": "2024-08-08 12:34:37", "elapsed": 2087.246702, "delta": 2.08151}}
{"target": -0.35783534532915307, "params": {"bus_acc": 4.7845, "bus_dcc": 1.525, "bus_lcAssertive": 77.7521, "bus_lcCooperative": 0.1918, "bus_lcLookaheadLeft": 36.2817, "bus_lcPushy": 0.1912, "bus_lcSigma": 0.388, "bus_lcSpeedGainRight": 2.4982, "bus_lcSublane": 0.6076, "bus_sigma": 0.3371, "bus_tau_mean": 1.7425, "bus_tau_std": 0.2668, "bus_v_mean": 15.7799, "bus_v_std": 4.367, "car_acc": 3.3617, "car_dcc": 2.6764, "car_lcAssertive": 68.1452, "car_lcCooperative": 0.8379, "car_lcLookaheadLeft": 66.1022, "car_lcPushy": 0.5759, "car_lcSigma": 0.6699, "car_lcSpeedGainRight": 4.4145, "car_lcSublane": 0.3241, "car_sigma": 0.1795, "car_tau_mean": 2.8566, "car_tau_std": 6.0531, "car_v_mean": 12.7352, "car_v_std": 18.6064}, "datetime": {"datetime": "2024-08-08 12:34:39", "elapsed": 2089.548753, "delta": 2.302051}}
{"target": -0.3679817926594413, "params": {"bus_acc": 2.8079, "bus_dcc": 2.2014, "bus_lcAssertive": 28.0315, "bus_lcCooperative": 0.2896, "bus_lcLookaheadLeft": 47.6086, "bus_lcPushy": 0.9414, "bus_lcSigma": 0.8555, "bus_lcSpeedGainRight": 3.2181, "bus_lcSublane": 0.1153, "bus_sigma": 0.7286, "bus_tau_mean": 0.9789, "bus_tau_std": 5.6258, "bus_v_mean": 14.9862, "bus_v_std": 15.0741, "car_acc": 1.4934, "car_dcc": 3.7295, "car_lcAssertive": 80.9844, "car_lcCooperative": 0.9926, "car_lcLookaheadLeft": 50.4493, "car_lcPushy": 0.4924, "car_lcSigma": 0.3236, "car_lcSpeedGainRight": 3.9041, "car_lcSublane": 0.1427, "car_sigma": 0.8241, "car_tau_mean": 1.5072, "car_tau_std": 9.5946, "car_v_mean": 15.567, "car_v_std": 3.7007}, "datetime": {"datetime": "2024-08-08 12:34:42", "elapsed": 2092.948781, "delta": 3.400028}}
{"target": -0.3387999758718921, "params": {"bus_acc": 2.7987, "bus_dcc": 2.8016, "bus_lcAssertive": 21.1711, "bus_lcCooperative": 0.8137, "bus_lcLookaheadLeft": 79.4934, "bus_lcPushy": 0.819, "bus_lcSigma": 0.1819, "bus_lcSpeedGainRight": 2.7621, "bus_lcSublane": 0.3437, "bus_sigma": 0.6763, "bus_tau_mean": 3.0685, "bus_tau_std": 1.157, "bus_v_mean": 17.3183, "bus_v_std": 13.6477, "car_acc": 4.6703, "car_dcc": 2.2483, "car_lcAssertive": 93.4547, "car_lcCooperative": 0.7855, "car_lcLookaheadLeft": 14.6243, "car_lcPushy": 0.9349, "car_lcSigma": 0.6628, "car_lcSpeedGainRight": 0.4937, "car_lcSublane": 0.026, "car_sigma": 0.9622, "car_tau_mean": 3.3324, "car_tau_std": 1.4083, "car_v_mean": 16.8682, "car_v_std": 12.5106}, "datetime": {"datetime": "2024-08-08 12:34:46", "elapsed": 2096.379317, "delta": 3.430536}}
{"target": -0.37432390258323883, "params": {"bus_acc": 1.244, "bus_dcc": 2.8323, "bus_lcAssertive": 51.8984, "bus_lcCooperative": 0.2676, "bus_lcLookaheadLeft": 53.3311, "bus_lcPushy": 0.6904, "bus_lcSigma": 0.5583, "bus_lcSpeedGainRight": 1.5301, "bus_lcSublane": 0.9719, "bus_sigma": 0.913, "bus_tau_mean": 3.4973, "bus_tau_std": 1.7809, "bus_v_mean": 17.4821, "bus_v_std": 14.4482, "car_acc": 1.7645, "car_dcc": 3.5146, "car_lcAssertive": 73.7786, "car_lcCooperative": 0.8888, "car_lcLookaheadLeft": 78.3783, "car_lcPushy": 0.7283, "car_lcSigma": 0.402, "car_lcSpeedGainRight": 2.4209, "car_lcSublane": 0.3508, "car_sigma": 0.8782, "car_tau_mean": 2.2416, "car_tau_std": 2.2675, "car_v_mean": 22.0777, "car_v_std": 4.5294}, "datetime": {"datetime": "2024-08-08 12:34:48", "elapsed": 2098.893908, "delta": 2.514591}}
{"target": -0.3449262009729206, "params": {"bus_acc": 3.8267, "bus_dcc": 3.8403, "bus_lcAssertive": 13.3137, "bus_lcCooperative": 0.8117, "bus_lcLookaheadLeft": 53.5531, "bus_lcPushy": 0.4166, "bus_lcSigma": 0.5497, "bus_lcSpeedGainRight": 0.7109, "bus_lcSublane": 0.1527, "bus_sigma": 0.1646, "bus_tau_mean": 2.123, "bus_tau_std": 9.7472, "bus_v_mean": 21.757, "bus_v_std": 3.6619, "car_acc": 2.2832, "car_dcc": 1.1636, "car_lcAssertive": 96.8948, "car_lcCooperative": 0.9914, "car_lcLookaheadLeft": 47.8585, "car_lcPushy": 0.7293, "car_lcSigma": 0.6683, "car_lcSpeedGainRight": 3.3013, "car_lcSublane": 0.8924, "car_sigma": 0.7004, "car_tau_mean": 1.0545, "car_tau_std": 7.2709, "car_v_mean": 17.7878, "car_v_std": 9.6531}, "datetime": {"datetime": "2024-08-08 12:34:51", "elapsed": 2101.179265, "delta": 2.285357}}
{"target": -0.3230199217809293, "params": {"bus_acc": 4.3514, "bus_dcc": 3.9175, "bus_lcAssertive": 74.1266, "bus_lcCooperative": 0.6481, "bus_lcLookaheadLeft": 25.5604, "bus_lcPushy": 0.6134, "bus_lcSigma": 0.92, "bus_lcSpeedGainRight": 4.8394, "bus_lcSublane": 0.9377, "bus_sigma": 0.9288, "bus_tau_mean": 1.6497, "bus_tau_std": 2.5766, "bus_v_mean": 11.3999, "bus_v_std": 11.7683, "car_acc": 4.7156, "car_dcc": 3.3065, "car_lcAssertive": 14.6563, "car_lcCooperative": 0.9192, "car_lcLookaheadLeft": 4.8457, "car_lcPushy": 0.2047, "car_lcSigma": 0.5091, "car_lcSpeedGainRight": 1.2692, "car_lcSublane": 0.8797, "car_sigma": 0.5116, "car_tau_mean": 3.6264, "car_tau_std": 3.7915, "car_v_mean": 13.3603, "car_v_std": 1.4936}, "datetime": {"datetime": "2024-08-08 12:34:53", "elapsed": 2103.215069, "delta": 2.035804}}
{"target": -0.3305242918357043, "params": {"bus_acc": 1.8796, "bus_dcc": 3.2492, "bus_lcAssertive": 17.7984, "bus_lcCooperative": 0.2371, "bus_lcLookaheadLeft": 82.6504, "bus_lcPushy": 0.0876, "bus_lcSigma": 0.3034, "bus_lcSpeedGainRight": 0.5431, "bus_lcSublane": 0.2794, "bus_sigma": 0.0057, "bus_tau_mean": 2.866, "bus_tau_std": 9.7134, "bus_v_mean": 16.0656, "bus_v_std": 9.9059, "car_acc": 4.1051, "car_dcc": 2.8581, "car_lcAssertive": 70.8114, "car_lcCooperative": 0.1686, "car_lcLookaheadLeft": 60.1993, "car_lcPushy": 0.7401, "car_lcSigma": 0.255, "car_lcSpeedGainRight": 1.287, "car_lcSublane": 0.1325, "car_sigma": 0.2648, "car_tau_mean": 3.9416, "car_tau_std": 9.5177, "car_v_mean": 18.1789, "car_v_std": 11.6884}, "datetime": {"datetime": "2024-08-08 12:34:55", "elapsed": 2105.302447, "delta": 2.087378}}
{"target": -0.3367999506031968, "params": {"bus_acc": 3.3521, "bus_dcc": 1.3633, "bus_lcAssertive": 12.4116, "bus_lcCooperative": 0.5025, "bus_lcLookaheadLeft": 31.7943, "bus_lcPushy": 0.7088, "bus_lcSigma": 0.6449, "bus_lcSpeedGainRight": 3.6913, "bus_lcSublane": 0.5386, "bus_sigma": 0.7829, "bus_tau_mean": 3.8104, "bus_tau_std": 5.8005, "bus_v_mean": 10.7829, "bus_v_std": 18.0364, "car_acc": 1.7268, "car_dcc": 2.1186, "car_lcAssertive": 58.4502, "car_lcCooperative": 0.7729, "car_lcLookaheadLeft": 20.0002, "car_lcPushy": 0.8609, "car_lcSigma": 0.1716, "car_lcSpeedGainRight": 2.6564, "car_lcSublane": 0.6825, "car_sigma": 0.8392, "car_tau_mean": 0.6181, "car_tau_std": 4.8527, "car_v_mean": 10.9338, "car_v_std": 10.9466}, "datetime": {"datetime": "2024-08-08 12:34:57", "elapsed": 2107.453413, "delta": 2.150966}}
