{"target": -0.2591811583560011, "params": {"bus_acc": 1.0664, "bus_dcc": 1.7494, "bus_lcAssertive": 79.4417, "bus_lcCooperative": 0.7219, "bus_lcLookaheadLeft": 26.1088, "bus_lcPushy": 0.5576, "bus_lcSigma": 0.5883, "bus_lcSpeedGainRight": 3.6097, "bus_lcSublane": 0.4664, "bus_sigma": 0.4076, "bus_tau_mean": 1.5808, "bus_tau_std": 2.3858, "bus_v_mean": 9.4828, "bus_v_std": 12.9204, "car_acc": 3.681, "car_dcc": 3.0648, "car_lcAssertive": 1.3142, "car_lcCooperative": 0.441, "car_lcLookaheadLeft": 14.013, "car_lcPushy": 0.5294, "car_lcSigma": 0.9825, "car_lcSpeedGainRight": 2.4991, "car_lcSublane": 0.3774, "car_sigma": 0.8166, "car_tau_mean": 3.8914, "car_tau_std": 2.874, "car_v_mean": 20.8507, "car_v_std": 19.9256}, "datetime": {"datetime": "2024-08-08 18:12:39", "elapsed": 2944.357334, "delta": 6.352906}}
{"target": -0.2715447086774078, "params": {"bus_acc": 1.0664, "bus_dcc": 1.7495, "bus_lcAssertive": 79.4417, "bus_lcCooperative": 0.7219, "bus_lcLookaheadLeft": 26.1088, "bus_lcPushy": 0.5577, "bus_lcSigma": 0.5884, "bus_lcSpeedGainRight": 3.6097, "bus_lcSublane": 0.4664, "bus_sigma": 0.4076, "bus_tau_mean": 1.5808, "bus_tau_std": 2.3859, "bus_v_mean": 9.4828, "bus_v_std": 12.9204, "car_acc": 3.6811, "car_dcc": 3.0648, "car_lcAssertive": 1.3142, "car_lcCooperative": 0.441, "car_lcLookaheadLeft": 14.013, "car_lcPushy": 0.5294, "car_lcSigma": 0.9825, "car_lcSpeedGainRight": 2.4992, "car_lcSublane": 0.3774, "car_sigma": 0.8166, "car_tau_mean": 3.8915, "car_tau_std": 2.874, "car_v_mean": 20.8508, "car_v_std": 19.9256}, "datetime": {"datetime": "2024-08-08 18:12:47", "elapsed": 2952.619155, "delta": 8.261821}}
{"target": -0.2959902173616559, "params": {"bus_acc": 3.1898, "bus_dcc": 3.8709, "bus_lcAssertive": 16.434, "bus_lcCooperative": 0.9496, "bus_lcLookaheadLeft": 98.9375, "bus_lcPushy": 0.7238, "bus_lcSigma": 0.9916, "bus_lcSpeedGainRight": 4.8652, "bus_lcSublane": 0.6988, "bus_sigma": 0.3472, "bus_tau_mean": 3.4977, "bus_tau_std": 0.8368, "bus_v_mean": 18.3143, "bus_v_std": 5.3484, "car_acc": 3.2327, "car_dcc": 3.6811, "car_lcAssertive": 66.0556, "car_lcCooperative": 0.8663, "car_lcLookaheadLeft": 8.9392, "car_lcPushy": 0.6741, "car_lcSigma": 0.5781, "car_lcSpeedGainRight": 2.8449, "car_lcSublane": 0.3272, "car_sigma": 0.8899, "car_tau_mean": 3.5197, "car_tau_std": 3.776, "car_v_mean": 12.9544, "car_v_std": 18.9872}, "datetime": {"datetime": "2024-08-08 18:12:55", "elapsed": 2960.743094, "delta": 8.123939}}
{"target": -0.24385560249012586, "params": {"bus_acc": 1.0664, "bus_dcc": 1.7494, "bus_lcAssertive": 79.4417, "bus_lcCooperative": 0.7219, "bus_lcLookaheadLeft": 26.1088, "bus_lcPushy": 0.5576, "bus_lcSigma": 0.5883, "bus_lcSpeedGainRight": 3.6097, "bus_lcSublane": 0.4664, "bus_sigma": 0.4076, "bus_tau_mean": 1.5808, "bus_tau_std": 2.3858, "bus_v_mean": 9.4828, "bus_v_std": 12.9204, "car_acc": 3.681, "car_dcc": 3.0648, "car_lcAssertive": 1.3142, "car_lcCooperative": 0.441, "car_lcLookaheadLeft": 14.013, "car_lcPushy": 0.5294, "car_lcSigma": 0.9825, "car_lcSpeedGainRight": 2.4991, "car_lcSublane": 0.3774, "car_sigma": 0.8166, "car_tau_mean": 3.8915, "car_tau_std": 2.874, "car_v_mean": 20.8508, "car_v_std": 19.9256}, "datetime": {"datetime": "2024-08-08 18:13:02", "elapsed": 2967.166387, "delta": 6.423293}}
{"target": -0.3014134715682113, "params": {"bus_acc": 3.5287, "bus_dcc": 3.259, "bus_lcAssertive": 76.3805, "bus_lcCooperative": 0.4605, "bus_lcLookaheadLeft": 26.0981, "bus_lcPushy": 0.5774, "bus_lcSigma": 0.2129, "bus_lcSpeedGainRight": 2.4675, "bus_lcSublane": 0.938, "bus_sigma": 0.8052, "bus_tau_mean": 2.1854, "bus_tau_std": 4.2791, "bus_v_mean": 17.2358, "bus_v_std": 10.677, "car_acc": 2.6402, "car_dcc": 1.4103, "car_lcAssertive": 70.7008, "car_lcCooperative": 0.398, "car_lcLookaheadLeft": 85.4136, "car_lcPushy": 0.0992, "car_lcSigma": 0.6164, "car_lcSpeedGainRight": 4.2527, "car_lcSublane": 0.2547, "car_sigma": 0.4149, "car_tau_mean": 2.6334, "car_tau_std": 3.5815, "car_v_mean": 18.6136, "car_v_std": 6.308}, "datetime": {"datetime": "2024-08-08 18:13:08", "elapsed": 2973.61854, "delta": 6.452153}}
{"target": -0.21305450816159757, "params": {"bus_acc": 1.0664, "bus_dcc": 1.7494, "bus_lcAssertive": 79.4417, "bus_lcCooperative": 0.7219, "bus_lcLookaheadLeft": 26.1088, "bus_lcPushy": 0.5576, "bus_lcSigma": 0.5883, "bus_lcSpeedGainRight": 3.6096, "bus_lcSublane": 0.4664, "bus_sigma": 0.4076, "bus_tau_mean": 1.5808, "bus_tau_std": 2.3858, "bus_v_mean": 9.4828, "bus_v_std": 12.9204, "car_acc": 3.681, "car_dcc": 3.0647, "car_lcAssertive": 1.3141, "car_lcCooperative": 0.441, "car_lcLookaheadLeft": 14.0129, "car_lcPushy": 0.5293, "car_lcSigma": 0.9825, "car_lcSpeedGainRight": 2.4991, "car_lcSublane": 0.3774, "car_sigma": 0.8166, "car_tau_mean": 3.8914, "car_tau_std": 2.874, "car_v_mean": 20.8507, "car_v_std": 19.9255}, "datetime": {"datetime": "2024-08-08 18:13:17", "elapsed": 2982.883553, "delta": 9.265013}}
{"target": -0.3292973440919263, "params": {"bus_acc": 1.9212, "bus_dcc": 1.9163, "bus_lcAssertive": 54.2706, "bus_lcCooperative": 0.0634, "bus_lcLookaheadLeft": 54.5615, "bus_lcPushy": 0.569, "bus_lcSigma": 0.4286, "bus_lcSpeedGainRight": 4.7669, "bus_lcSublane": 0.0426, "bus_sigma": 0.8772, "bus_tau_mean": 2.7932, "bus_tau_std": 8.6373, "bus_v_mean": 18.4695, "bus_v_std": 19.2424, "car_acc": 2.8229, "car_dcc": 2.2862, "car_lcAssertive": 29.535, "car_lcCooperative": 0.1058, "car_lcLookaheadLeft": 8.8387, "car_lcPushy": 0.0782, "car_lcSigma": 0.3806, "car_lcSpeedGainRight": 2.9223, "car_lcSublane": 0.5782, "car_sigma": 0.3418, "car_tau_mean": 2.1576, "car_tau_std": 8.2607, "car_v_mean": 12.748, "car_v_std": 12.2849}, "datetime": {"datetime": "2024-08-08 18:13:24", "elapsed": 2989.459985, "delta": 6.576432}}
{"target": -0.2591811583560011, "params": {"bus_acc": 1.0664, "bus_dcc": 1.7494, "bus_lcAssertive": 79.4417, "bus_lcCooperative": 0.7219, "bus_lcLookaheadLeft": 26.1088, "bus_lcPushy": 0.5576, "bus_lcSigma": 0.5883, "bus_lcSpeedGainRight": 3.6097, "bus_lcSublane": 0.4664, "bus_sigma": 0.4076, "bus_tau_mean": 1.5808, "bus_tau_std": 2.3858, "bus_v_mean": 9.4828, "bus_v_std": 12.9204, "car_acc": 3.681, "car_dcc": 3.0648, "car_lcAssertive": 1.3142, "car_lcCooperative": 0.441, "car_lcLookaheadLeft": 14.013, "car_lcPushy": 0.5293, "car_lcSigma": 0.9825, "car_lcSpeedGainRight": 2.4991, "car_lcSublane": 0.3774, "car_sigma": 0.8166, "car_tau_mean": 3.8914, "car_tau_std": 2.874, "car_v_mean": 20.8507, "car_v_std": 19.9256}, "datetime": {"datetime": "2024-08-08 18:13:33", "elapsed": 2998.267034, "delta": 8.807049}}
{"target": -0.25544446759768696, "params": {"bus_acc": 1.0664, "bus_dcc": 1.7494, "bus_lcAssertive": 79.4417, "bus_lcCooperative": 0.7219, "bus_lcLookaheadLeft": 26.1087, "bus_lcPushy": 0.5576, "bus_lcSigma": 0.5883, "bus_lcSpeedGainRight": 3.6096, "bus_lcSublane": 0.4664, "bus_sigma": 0.4076, "bus_tau_mean": 1.5807, "bus_tau_std": 2.3858, "bus_v_mean": 9.4828, "bus_v_std": 12.9204, "car_acc": 3.681, "car_dcc": 3.0647, "car_lcAssertive": 1.3141, "car_lcCooperative": 0.441, "car_lcLookaheadLeft": 14.0129, "car_lcPushy": 0.5293, "car_lcSigma": 0.9825, "car_lcSpeedGainRight": 2.4991, "car_lcSublane": 0.3774, "car_sigma": 0.8166, "car_tau_mean": 3.8914, "car_tau_std": 2.8739, "car_v_mean": 20.8507, "car_v_std": 19.9255}, "datetime": {"datetime": "2024-08-08 18:13:39", "elapsed": 3004.664121, "delta": 6.397087}}
{"target": -0.2591811583560011, "params": {"bus_acc": 1.0664, "bus_dcc": 1.7494, "bus_lcAssertive": 79.4417, "bus_lcCooperative": 0.7219, "bus_lcLookaheadLeft": 26.1088, "bus_lcPushy": 0.5576, "bus_lcSigma": 0.5883, "bus_lcSpeedGainRight": 3.6096, "bus_lcSublane": 0.4664, "bus_sigma": 0.4076, "bus_tau_mean": 1.5808, "bus_tau_std": 2.3858, "bus_v_mean": 9.4828, "bus_v_std": 12.9204, "car_acc": 3.681, "car_dcc": 3.0648, "car_lcAssertive": 1.3142, "car_lcCooperative": 0.441, "car_lcLookaheadLeft": 14.013, "car_lcPushy": 0.5293, "car_lcSigma": 0.9825, "car_lcSpeedGainRight": 2.4991, "car_lcSublane": 0.3774, "car_sigma": 0.8166, "car_tau_mean": 3.8914, "car_tau_std": 2.874, "car_v_mean": 20.8507, "car_v_std": 19.9256}, "datetime": {"datetime": "2024-08-08 18:13:49", "elapsed": 3014.886668, "delta": 10.222547}}
{"target": -0.31219473242796675, "params": {"bus_acc": 4.7893, "bus_dcc": 2.658, "bus_lcAssertive": 87.3075, "bus_lcCooperative": 0.353, "bus_lcLookaheadLeft": 9.116, "bus_lcPushy": 0.6496, "bus_lcSigma": 0.614, "bus_lcSpeedGainRight": 1.0445, "bus_lcSublane": 0.5531, "bus_sigma": 0.8973, "bus_tau_mean": 3.9549, "bus_tau_std": 7.851, "bus_v_mean": 18.6643, "bus_v_std": 10.5803, "car_acc": 2.3577, "car_dcc": 2.4347, "car_lcAssertive": 85.6293, "car_lcCooperative": 0.7556, "car_lcLookaheadLeft": 67.2019, "car_lcPushy": 0.2618, "car_lcSigma": 0.2191, "car_lcSpeedGainRight": 2.9045, "car_lcSublane": 0.8369, "car_sigma": 0.6137, "car_tau_mean": 2.7361, "car_tau_std": 7.3654, "car_v_mean": 11.1906, "car_v_std": 3.4353}, "datetime": {"datetime": "2024-08-08 18:13:57", "elapsed": 3022.113007, "delta": 7.226339}}
{"target": -0.28459736063693514, "params": {"bus_acc": 4.3085, "bus_dcc": 3.7023, "bus_lcAssertive": 67.2507, "bus_lcCooperative": 0.8283, "bus_lcLookaheadLeft": 59.293, "bus_lcPushy": 0.6121, "bus_lcSigma": 0.4149, "bus_lcSpeedGainRight": 3.8568, "bus_lcSublane": 0.8564, "bus_sigma": 0.1096, "bus_tau_mean": 2.7702, "bus_tau_std": 7.6415, "bus_v_mean": 22.1545, "bus_v_std": 4.6868, "car_acc": 2.7222, "car_dcc": 1.9167, "car_lcAssertive": 2.164, "car_lcCooperative": 0.5919, "car_lcLookaheadLeft": 6.3078, "car_lcPushy": 0.5348, "car_lcSigma": 0.6813, "car_lcSpeedGainRight": 2.3278, "car_lcSublane": 0.9667, "car_sigma": 0.9078, "car_tau_mean": 1.4752, "car_tau_std": 0.369, "car_v_mean": 18.7907, "car_v_std": 9.2294}, "datetime": {"datetime": "2024-08-08 18:14:08", "elapsed": 3033.345946, "delta": 11.232939}}
{"target": -0.251568497318032, "params": {"bus_acc": 1.0663, "bus_dcc": 1.7494, "bus_lcAssertive": 79.4417, "bus_lcCooperative": 0.7219, "bus_lcLookaheadLeft": 26.1087, "bus_lcPushy": 0.5576, "bus_lcSigma": 0.5883, "bus_lcSpeedGainRight": 3.6096, "bus_lcSublane": 0.4664, "bus_sigma": 0.4076, "bus_tau_mean": 1.5807, "bus_tau_std": 2.3858, "bus_v_mean": 9.4828, "bus_v_std": 12.9204, "car_acc": 3.681, "car_dcc": 3.0647, "car_lcAssertive": 1.3141, "car_lcCooperative": 0.441, "car_lcLookaheadLeft": 14.0129, "car_lcPushy": 0.5293, "car_lcSigma": 0.9824, "car_lcSpeedGainRight": 2.4991, "car_lcSublane": 0.3774, "car_sigma": 0.8165, "car_tau_mean": 3.8914, "car_tau_std": 2.8739, "car_v_mean": 20.8507, "car_v_std": 19.9255}, "datetime": {"datetime": "2024-08-08 18:14:14", "elapsed": 3039.622842, "delta": 6.276896}}
{"target": -0.32018288756515206, "params": {"bus_acc": 4.8492, "bus_dcc": 1.9827, "bus_lcAssertive": 29.0336, "bus_lcCooperative": 0.0028, "bus_lcLookaheadLeft": 61.9018, "bus_lcPushy": 0.3423, "bus_lcSigma": 0.8874, "bus_lcSpeedGainRight": 3.5124, "bus_lcSublane": 0.6643, "bus_sigma": 0.0337, "bus_tau_mean": 3.2961, "bus_tau_std": 2.7783, "bus_v_mean": 10.1576, "bus_v_std": 16.6284, "car_acc": 2.2444, "car_dcc": 2.4128, "car_lcAssertive": 6.1291, "car_lcCooperative": 0.8685, "car_lcLookaheadLeft": 46.6922, "car_lcPushy": 0.3883, "car_lcSigma": 0.5361, "car_lcSpeedGainRight": 1.4603, "car_lcSublane": 0.7173, "car_sigma": 0.4581, "car_tau_mean": 3.0288, "car_tau_std": 6.7918, "car_v_mean": 13.6859, "car_v_std": 14.2007}, "datetime": {"datetime": "2024-08-08 18:14:23", "elapsed": 3048.117617, "delta": 8.494775}}
{"target": -0.2715447086774078, "params": {"bus_acc": 1.0664, "bus_dcc": 1.7495, "bus_lcAssertive": 79.4417, "bus_lcCooperative": 0.7219, "bus_lcLookaheadLeft": 26.1088, "bus_lcPushy": 0.5577, "bus_lcSigma": 0.5883, "bus_lcSpeedGainRight": 3.6097, "bus_lcSublane": 0.4664, "bus_sigma": 0.4076, "bus_tau_mean": 1.5808, "bus_tau_std": 2.3859, "bus_v_mean": 9.4828, "bus_v_std": 12.9204, "car_acc": 3.681, "car_dcc": 3.0648, "car_lcAssertive": 1.3142, "car_lcCooperative": 0.441, "car_lcLookaheadLeft": 14.013, "car_lcPushy": 0.5294, "car_lcSigma": 0.9825, "car_lcSpeedGainRight": 2.4991, "car_lcSublane": 0.3774, "car_sigma": 0.8166, "car_tau_mean": 3.8915, "car_tau_std": 2.874, "car_v_mean": 20.8508, "car_v_std": 19.9256}, "datetime": {"datetime": "2024-08-08 18:14:32", "elapsed": 3057.253709, "delta": 9.136092}}
{"target": -0.3617603509879557, "params": {"bus_acc": 4.0169, "bus_dcc": 2.9596, "bus_lcAssertive": 9.3, "bus_lcCooperative": 0.6405, "bus_lcLookaheadLeft": 8.8033, "bus_lcPushy": 0.3423, "bus_lcSigma": 0.6249, "bus_lcSpeedGainRight": 3.5586, "bus_lcSublane": 0.1245, "bus_sigma": 0.6398, "bus_tau_mean": 1.9245, "bus_tau_std": 9.2149, "bus_v_mean": 23.3264, "bus_v_std": 18.3514, "car_acc": 1.1896, "car_dcc": 2.9586, "car_lcAssertive": 73.3994, "car_lcCooperative": 0.403, "car_lcLookaheadLeft": 10.1169, "car_lcPushy": 0.0006, "car_lcSigma": 0.0274, "car_lcSpeedGainRight": 1.0267, "car_lcSublane": 0.4277, "car_sigma": 0.3911, "car_tau_mean": 2.8083, "car_tau_std": 5.397, "car_v_mean": 16.1984, "car_v_std": 12.5815}, "datetime": {"datetime": "2024-08-08 18:14:43", "elapsed": 3068.131425, "delta": 10.877716}}
{"target": -0.2977554927469083, "params": {"bus_acc": 4.222, "bus_dcc": 1.7873, "bus_lcAssertive": 9.8851, "bus_lcCooperative": 0.4187, "bus_lcLookaheadLeft": 4.8587, "bus_lcPushy": 0.7622, "bus_lcSigma": 0.5017, "bus_lcSpeedGainRight": 2.3105, "bus_lcSublane": 0.1696, "bus_sigma": 0.4691, "bus_tau_mean": 1.4962, "bus_tau_std": 1.7455, "bus_v_mean": 17.7581, "bus_v_std": 17.3422, "car_acc": 3.2948, "car_dcc": 1.5946, "car_lcAssertive": 39.2395, "car_lcCooperative": 0.8093, "car_lcLookaheadLeft": 49.2185, "car_lcPushy": 0.953, "car_lcSigma": 0.2965, "car_lcSpeedGainRight": 0.5309, "car_lcSublane": 0.6067, "car_sigma": 0.0875, "car_tau_mean": 3.4654, "car_tau_std": 5.0331, "car_v_mean": 10.0971, "car_v_std": 19.0377}, "datetime": {"datetime": "2024-08-08 18:14:51", "elapsed": 3076.413009, "delta": 8.281584}}
{"target": -0.35269273986480876, "params": {"bus_acc": 1.897, "bus_dcc": 2.7189, "bus_lcAssertive": 16.7113, "bus_lcCooperative": 0.6067, "bus_lcLookaheadLeft": 86.5723, "bus_lcPushy": 0.7958, "bus_lcSigma": 0.2008, "bus_lcSpeedGainRight": 0.6925, "bus_lcSublane": 0.087, "bus_sigma": 0.4001, "bus_tau_mean": 3.8733, "bus_tau_std": 2.4949, "bus_v_mean": 15.0397, "bus_v_std": 4.4997, "car_acc": 1.7074, "car_dcc": 3.8316, "car_lcAssertive": 78.893, "car_lcCooperative": 0.5965, "car_lcLookaheadLeft": 87.0626, "car_lcPushy": 0.3626, "car_lcSigma": 0.7869, "car_lcSpeedGainRight": 3.1687, "car_lcSublane": 0.2976, "car_sigma": 0.2164, "car_tau_mean": 2.4535, "car_tau_std": 9.6618, "car_v_mean": 14.6833, "car_v_std": 3.6304}, "datetime": {"datetime": "2024-08-08 18:15:02", "elapsed": 3087.113289, "delta": 10.70028}}
{"target": -0.23820519431251286, "params": {"bus_acc": 1.0663, "bus_dcc": 1.7494, "bus_lcAssertive": 79.4417, "bus_lcCooperative": 0.7218, "bus_lcLookaheadLeft": 26.1087, "bus_lcPushy": 0.5576, "bus_lcSigma": 0.5883, "bus_lcSpeedGainRight": 3.6096, "bus_lcSublane": 0.4664, "bus_sigma": 0.4075, "bus_tau_mean": 1.5807, "bus_tau_std": 2.3858, "bus_v_mean": 9.4827, "bus_v_std": 12.9203, "car_acc": 3.681, "car_dcc": 3.0647, "car_lcAssertive": 1.3141, "car_lcCooperative": 0.4409, "car_lcLookaheadLeft": 14.0129, "car_lcPushy": 0.5293, "car_lcSigma": 0.9824, "car_lcSpeedGainRight": 2.4991, "car_lcSublane": 0.3773, "car_sigma": 0.8165, "car_tau_mean": 3.8914, "car_tau_std": 2.8739, "car_v_mean": 20.8507, "car_v_std": 19.9255}, "datetime": {"datetime": "2024-08-08 18:15:08", "elapsed": 3093.301577, "delta": 6.188288}}
{"target": -0.2734309244201939, "params": {"bus_acc": 1.0663, "bus_dcc": 1.7494, "bus_lcAssertive": 79.4417, "bus_lcCooperative": 0.7219, "bus_lcLookaheadLeft": 26.1087, "bus_lcPushy": 0.5576, "bus_lcSigma": 0.5883, "bus_lcSpeedGainRight": 3.6096, "bus_lcSublane": 0.4664, "bus_sigma": 0.4075, "bus_tau_mean": 1.5807, "bus_tau_std": 2.3858, "bus_v_mean": 9.4827, "bus_v_std": 12.9204, "car_acc": 3.681, "car_dcc": 3.0647, "car_lcAssertive": 1.3141, "car_lcCooperative": 0.4409, "car_lcLookaheadLeft": 14.0129, "car_lcPushy": 0.5293, "car_lcSigma": 0.9824, "car_lcSpeedGainRight": 2.4991, "car_lcSublane": 0.3773, "car_sigma": 0.8165, "car_tau_mean": 3.8914, "car_tau_std": 2.8739, "car_v_mean": 20.8507, "car_v_std": 19.9255}, "datetime": {"datetime": "2024-08-08 18:15:16", "elapsed": 3101.772475, "delta": 8.470898}}
{"target": -0.3580704229788782, "params": {"bus_acc": 3.9298, "bus_dcc": 3.8149, "bus_lcAssertive": 52.9365, "bus_lcCooperative": 0.9851, "bus_lcLookaheadLeft": 84.1746, "bus_lcPushy": 0.1949, "bus_lcSigma": 0.744, "bus_lcSpeedGainRight": 3.0675, "bus_lcSublane": 0.2967, "bus_sigma": 0.1749, "bus_tau_mean": 3.4746, "bus_tau_std": 1.3018, "bus_v_mean": 23.8853, "bus_v_std": 13.4427, "car_acc": 3.1644, "car_dcc": 3.4574, "car_lcAssertive": 52.0274, "car_lcCooperative": 0.4437, "car_lcLookaheadLeft": 11.6738, "car_lcPushy": 0.4054, "car_lcSigma": 0.796, "car_lcSpeedGainRight": 4.8418, "car_lcSublane": 0.6721, "car_sigma": 0.1113, "car_tau_mean": 1.1725, "car_tau_std": 0.4416, "car_v_mean": 9.2219, "car_v_std": 16.5892}, "datetime": {"datetime": "2024-08-08 18:15:22", "elapsed": 3107.976556, "delta": 6.204081}}
{"target": -0.23820519431251286, "params": {"bus_acc": 1.0663, "bus_dcc": 1.7494, "bus_lcAssertive": 79.4416, "bus_lcCooperative": 0.7218, "bus_lcLookaheadLeft": 26.1087, "bus_lcPushy": 0.5576, "bus_lcSigma": 0.5883, "bus_lcSpeedGainRight": 3.6096, "bus_lcSublane": 0.4663, "bus_sigma": 0.4075, "bus_tau_mean": 1.5807, "bus_tau_std": 2.3858, "bus_v_mean": 9.4827, "bus_v_std": 12.9203, "car_acc": 3.6809, "car_dcc": 3.0647, "car_lcAssertive": 1.3141, "car_lcCooperative": 0.4409, "car_lcLookaheadLeft": 14.0129, "car_lcPushy": 0.5293, "car_lcSigma": 0.9824, "car_lcSpeedGainRight": 2.4991, "car_lcSublane": 0.3773, "car_sigma": 0.8165, "car_tau_mean": 3.8914, "car_tau_std": 2.8739, "car_v_mean": 20.8507, "car_v_std": 19.9255}, "datetime": {"datetime": "2024-08-08 18:15:33", "elapsed": 3118.643689, "delta": 10.667133}}
{"target": -0.3127088505161515, "params": {"bus_acc": 1.4312, "bus_dcc": 3.4717, "bus_lcAssertive": 22.6597, "bus_lcCooperative": 0.3395, "bus_lcLookaheadLeft": 54.0043, "bus_lcPushy": 0.057, "bus_lcSigma": 0.311, "bus_lcSpeedGainRight": 0.2338, "bus_lcSublane": 0.846, "bus_sigma": 0.9793, "bus_tau_mean": 2.6266, "bus_tau_std": 8.3942, "bus_v_mean": 23.8086, "bus_v_std": 8.0205, "car_acc": 2.4084, "car_dcc": 1.3027, "car_lcAssertive": 61.9891, "car_lcCooperative": 0.2609, "car_lcLookaheadLeft": 66.2292, "car_lcPushy": 0.9495, "car_lcSigma": 0.2319, "car_lcSpeedGainRight": 2.8347, "car_lcSublane": 0.8479, "car_sigma": 0.0113, "car_tau_mean": 2.6257, "car_tau_std": 4.0949, "car_v_mean": 8.9453, "car_v_std": 16.3412}, "datetime": {"datetime": "2024-08-08 18:15:42", "elapsed": 3127.49811, "delta": 8.854421}}
{"target": -0.32836130644121936, "params": {"bus_acc": 3.8318, "bus_dcc": 3.8844, "bus_lcAssertive": 14.6587, "bus_lcCooperative": 0.4994, "bus_lcLookaheadLeft": 84.8186, "bus_lcPushy": 0.0699, "bus_lcSigma": 0.4517, "bus_lcSpeedGainRight": 0.606, "bus_lcSublane": 0.6902, "bus_sigma": 0.3899, "bus_tau_mean": 0.6513, "bus_tau_std": 8.2227, "bus_v_mean": 17.9621, "bus_v_std": 0.0225, "car_acc": 3.0049, "car_dcc": 3.0652, "car_lcAssertive": 28.1648, "car_lcCooperative": 0.8088, "car_lcLookaheadLeft": 94.4757, "car_lcPushy": 0.4237, "car_lcSigma": 0.7908, "car_lcSpeedGainRight": 0.7694, "car_lcSublane": 0.6304, "car_sigma": 0.3742, "car_tau_mean": 1.4418, "car_tau_std": 7.142, "car_v_mean": 22.018, "car_v_std": 16.7863}, "datetime": {"datetime": "2024-08-08 18:15:50", "elapsed": 3135.283909, "delta": 7.785799}}
{"target": -0.29327994019049297, "params": {"bus_acc": 2.6339, "bus_dcc": 3.1304, "bus_lcAssertive": 12.931, "bus_lcCooperative": 0.3262, "bus_lcLookaheadLeft": 28.5414, "bus_lcPushy": 0.9668, "bus_lcSigma": 0.0462, "bus_lcSpeedGainRight": 4.2091, "bus_lcSublane": 0.7721, "bus_sigma": 0.0317, "bus_tau_mean": 3.3955, "bus_tau_std": 8.0661, "bus_v_mean": 19.904, "bus_v_std": 3.3449, "car_acc": 1.955, "car_dcc": 1.1208, "car_lcAssertive": 50.1139, "car_lcCooperative": 0.3606, "car_lcLookaheadLeft": 51.5503, "car_lcPushy": 0.8249, "car_lcSigma": 0.2961, "car_lcSpeedGainRight": 3.1769, "car_lcSublane": 0.5529, "car_sigma": 0.576, "car_tau_mean": 2.6416, "car_tau_std": 7.5122, "car_v_mean": 14.148, "car_v_std": 3.8981}, "datetime": {"datetime": "2024-08-08 18:16:01", "elapsed": 3146.878485, "delta": 11.594576}}
{"target": -0.33144853103053756, "params": {"bus_acc": 3.0145, "bus_dcc": 2.8324, "bus_lcAssertive": 94.102, "bus_lcCooperative": 0.0455, "bus_lcLookaheadLeft": 20.7276, "bus_lcPushy": 0.7021, "bus_lcSigma": 0.587, "bus_lcSpeedGainRight": 0.6013, "bus_lcSublane": 0.3437, "bus_sigma": 0.6738, "bus_tau_mean": 2.8491, "bus_tau_std": 3.5389, "bus_v_mean": 13.9581, "bus_v_std": 8.9789, "car_acc": 3.1342, "car_dcc": 3.9019, "car_lcAssertive": 37.273, "car_lcCooperative": 0.3786, "car_lcLookaheadLeft": 73.8915, "car_lcPushy": 0.2926, "car_lcSigma": 0.226, "car_lcSpeedGainRight": 4.2328, "car_lcSublane": 0.3271, "car_sigma": 0.7277, "car_tau_mean": 0.6849, "car_tau_std": 8.4331, "car_v_mean": 14.497, "car_v_std": 8.5685}, "datetime": {"datetime": "2024-08-08 18:16:13", "elapsed": 3158.141896, "delta": 11.263411}}
