{"target": -0.34766520481899155, "params": {"bus_acc": 1.4622, "bus_dcc": 3.5578, "bus_lcAssertive": 4.9679, "bus_lcCooperative": 0.9956, "bus_lcLookaheadLeft": 44.9143, "bus_lcPushy": 0.2121, "bus_lcSigma": 0.461, "bus_lcSpeedGainRight": 1.4536, "bus_lcSublane": 0.6748, "bus_sigma": 0.0862, "bus_tau_mean": 0.9568, "bus_tau_std": 1.8796, "bus_v_mean": 12.1671, "bus_v_std": 16.4273, "car_acc": 2.7133, "car_dcc": 2.6405, "car_lcAssertive": 45.625, "car_lcCooperative": 0.3954, "car_lcLookaheadLeft": 33.9396, "car_lcPushy": 0.84, "car_lcSigma": 0.1383, "car_lcSpeedGainRight": 1.4605, "car_lcSublane": 0.6599, "car_sigma": 0.6507, "car_tau_mean": 1.2012, "car_tau_std": 8.6694, "car_v_mean": 23.3275, "car_v_std": 16.5227}, "datetime": {"datetime": "2024-08-08 11:18:47", "elapsed": 5007.93725, "delta": 3.838976}}
