{"target": -0.35546943912456175, "params": {"bus_acc": 2.485842500779394, "bus_dcc": 2.0227607473970264, "bus_lcAssertive": 5.713481941948948, "bus_lcCooperative": 0.15635692867625162, "bus_lcLookaheadLeft": 20.998756246635587, "bus_lcPushy": 0.4951123625611782, "bus_lcSigma": 0.6351249610913382, "bus_lcSpeedGainRight": 4.401099886092915, "bus_lcSublane": 0.9025365564222451, "bus_sigma": 0.307160768485095, "bus_tau_mean": 3.1368302559395502, "bus_tau_std": 2.824280305589726, "bus_v_mean": 13.897229916244415, "bus_v_std": 5.854531241862604, "car_acc": 1.8273814723982027, "car_dcc": 1.6441470870051416, "car_lcAssertive": 32.57961464054871, "car_lcCooperative": 0.12191981389008766, "car_lcLookaheadLeft": 96.37578748036239, "car_lcPushy": 0.5039830093987828, "car_lcSigma": 0.9231006825886638, "car_lcSpeedGainRight": 3.7308007038671054, "car_lcSublane": 0.4577052876804192, "car_sigma": 0.7546222253081317, "car_tau_mean": 2.6980807751242404, "car_tau_std": 3.0375843415186865, "car_v_mean": 16.34654901461235, "car_v_std": 14.246243912948584}, "datetime": {"datetime": "2024-08-08 09:59:40", "elapsed": 260.700302, "delta": 0.469761}}
{"target": -0.3680027341402214, "params": {"bus_acc": 1.5448017002587644, "bus_dcc": 2.7963667537276313, "bus_lcAssertive": 87.43526623016912, "bus_lcCooperative": 0.1282309388454863, "bus_lcLookaheadLeft": 95.90249668805981, "bus_lcPushy": 0.6831708438541465, "bus_lcSigma": 0.7419642356783802, "bus_lcSpeedGainRight": 4.914403929604953, "bus_lcSublane": 0.41610077261814205, "bus_sigma": 0.5315834658959018, "bus_tau_mean": 2.8772453256850152, "bus_tau_std": 5.128751425899914, "bus_v_mean": 12.78579751457337, "bus_v_std": 2.1076934546007853, "car_acc": 1.5698642914442895, "car_dcc": 3.3065585448632735, "car_lcAssertive": 64.43748774073276, "car_lcCooperative": 0.8013307032031926, "car_lcLookaheadLeft": 52.67781213310181, "car_lcPushy": 0.23210002184633505, "car_lcSigma": 0.6279619269819027, "car_lcSpeedGainRight": 1.5200274501115159, "car_lcSublane": 0.029528744942020957, "car_sigma": 0.9033311768168756, "car_tau_mean": 1.9712934908097477, "car_tau_std": 4.261307804247122, "car_v_mean": 19.860027765309745, "car_v_std": 18.96916808611587}, "datetime": {"datetime": "2024-08-08 09:59:41", "elapsed": 261.12377, "delta": 0.423468}}
{"target": -0.34021350388374577, "params": {"bus_acc": 2.2126589233066607, "bus_dcc": 2.706554311259444, "bus_lcAssertive": 32.41887852289392, "bus_lcCooperative": 0.9886161544124489, "bus_lcLookaheadLeft": 58.815031486088095, "bus_lcPushy": 0.3801411726235504, "bus_lcSigma": 0.5509482191178968, "bus_lcSpeedGainRight": 3.7266721545325106, "bus_lcSublane": 0.6692328934531846, "bus_sigma": 0.2649195576628094, "bus_tau_mean": 0.7321719204995455, "bus_tau_std": 3.700841979141063, "bus_v_mean": 18.075480112345033, "bus_v_std": 4.203480198296791, "car_acc": 2.505511107477628, "car_dcc": 1.1996094440623448, "car_lcAssertive": 26.771194759275556, "car_lcCooperative": 0.8047545637433454, "car_lcLookaheadLeft": 20.956559697086117, "car_lcPushy": 0.6394608808799401, "car_lcSigma": 0.5246703091237337, "car_lcSpeedGainRight": 4.624039851996754, "car_lcSublane": 0.263296770487111, "car_sigma": 0.06596109068402378, "car_tau_mean": 3.072730871510343, "car_tau_std": 7.721780295432468, "car_v_mean": 22.525053640056385, "car_v_std": 18.639441383936745}, "datetime": {"datetime": "2024-08-08 09:59:42", "elapsed": 262.073111, "delta": 0.949341}}
{"target": -0.3650649854965995, "params": {"bus_acc": 1.651080595197979, "bus_dcc": 1.2575479033608805, "bus_lcAssertive": 54.066377652152696, "bus_lcCooperative": 0.33612544293733115, "bus_lcLookaheadLeft": 4.125169643557987, "bus_lcPushy": 0.7711523332537787, "bus_lcSigma": 0.38490912985398285, "bus_lcSpeedGainRight": 2.8566057502936775, "bus_lcSublane": 0.7557428557962304, "bus_sigma": 0.9408474199010457, "bus_tau_mean": 2.643128185396179, "bus_tau_std": 3.1539617878014314, "bus_v_mean": 9.761224125552287, "bus_v_std": 1.4783777582254443, "car_acc": 1.639381547745459, "car_dcc": 2.982517416868015, "car_lcAssertive": 69.82005440804134, "car_lcCooperative": 0.20771804006298766, "car_lcLookaheadLeft": 10.114001981658049, "car_lcPushy": 0.3055106612860311, "car_lcSigma": 0.5475745598545727, "car_lcSpeedGainRight": 3.7733483723743233, "car_lcSublane": 0.5296573205700426, "car_sigma": 0.28698375274707455, "car_tau_mean": 2.6846290314236883, "car_tau_std": 2.648366551761958, "car_v_mean": 18.44308662935237, "car_v_std": 16.837960156534756}, "datetime": {"datetime": "2024-08-08 09:59:42", "elapsed": 262.444116, "delta": 0.371005}}
{"target": -0.3389975197626107, "params": {"bus_acc": 2.86907101035807, "bus_dcc": 2.690527502425512, "bus_lcAssertive": 54.980097896596, "bus_lcCooperative": 0.06347554987814286, "bus_lcLookaheadLeft": 54.45941760362607, "bus_lcPushy": 0.654541303819938, "bus_lcSigma": 0.14659184563314454, "bus_lcSpeedGainRight": 4.781823638234233, "bus_lcSublane": 0.19615079194334273, "bus_sigma": 0.673925993557942, "bus_tau_mean": 1.4601940369286983, "bus_tau_std": 1.0843083383187457, "bus_v_mean": 12.174412859118119, "bus_v_std": 6.683036670361496, "car_acc": 1.9294637544620454, "car_dcc": 1.703069330204462, "car_lcAssertive": 73.02288477920217, "car_lcCooperative": 0.807191102024009, "car_lcLookaheadLeft": 79.51560841260104, "car_lcPushy": 0.7157485483912336, "car_lcSigma": 0.26964324616102264, "car_lcSpeedGainRight": 1.0522889552033787, "car_lcSublane": 0.10912832824141494, "car_sigma": 0.3966811014027529, "car_tau_mean": 0.8054332406161149, "car_tau_std": 6.553896564824752, "car_v_mean": 23.197262629798693, "car_v_std": 15.11266561158304}, "datetime": {"datetime": "2024-08-08 09:59:45", "elapsed": 265.980791, "delta": 3.536675}}
{"target": -0.3399984960315008, "params": {"bus_acc": 2.4125264891026323, "bus_dcc": 2.9840384031447087, "bus_lcAssertive": 5.2857259265168395, "bus_lcCooperative": 0.3614875846417379, "bus_lcLookaheadLeft": 77.82534237342479, "bus_lcPushy": 0.07852291483410356, "bus_lcSigma": 0.8843841167758716, "bus_lcSpeedGainRight": 4.654341481272791, "bus_lcSublane": 0.8530855123898898, "bus_sigma": 0.117377604100948, "bus_tau_mean": 2.4781071859566914, "bus_tau_std": 7.075599478322232, "bus_v_mean": 22.207681439042815, "bus_v_std": 1.9155205859962576, "car_acc": 2.6315411690986568, "car_dcc": 1.834048995006346, "car_lcAssertive": 59.63645119082546, "car_lcCooperative": 0.7197957093739197, "car_lcLookaheadLeft": 78.14787663732092, "car_lcPushy": 0.29466484899886947, "car_lcSigma": 0.6073765389488749, "car_lcSpeedGainRight": 1.4373643710116524, "car_lcSublane": 0.9983167502844696, "car_sigma": 0.8145056079423507, "car_tau_mean": 1.948922706942786, "car_tau_std": 8.791421856642359, "car_v_mean": 19.72001784173526, "car_v_std": 18.574938614555123}, "datetime": {"datetime": "2024-08-08 09:59:46", "elapsed": 266.785763, "delta": 0.804972}}
{"target": -0.3256178999870289, "params": {"bus_acc": 2.757321952631622, "bus_dcc": 1.7638022669817308, "bus_lcAssertive": 76.85264815507935, "bus_lcCooperative": 0.9410132668189013, "bus_lcLookaheadLeft": 2.1012274004579936, "bus_lcPushy": 0.47608911800210485, "bus_lcSigma": 0.6570403290247293, "bus_lcSpeedGainRight": 4.216616069597612, "bus_lcSublane": 0.18373941187600173, "bus_sigma": 0.8561592379873718, "bus_tau_mean": 1.7752791794995977, "bus_tau_std": 8.922739292761724, "bus_v_mean": 8.44338784195784, "bus_v_std": 1.7078027824634123, "car_acc": 2.962820931508225, "car_dcc": 2.8285057773204896, "car_lcAssertive": 42.345602334604145, "car_lcCooperative": 0.16921418469369054, "car_lcLookaheadLeft": 65.69031300278962, "car_lcPushy": 0.03697506835935782, "car_lcSigma": 0.31161391346070466, "car_lcSpeedGainRight": 1.6173959849453767, "car_lcSublane": 0.6074418935145536, "car_sigma": 0.6508312566756971, "car_tau_mean": 3.4611910973276427, "car_tau_std": 9.275809425975435, "car_v_mean": 18.567323641777595, "car_v_std": 11.563478368170763}, "datetime": {"datetime": "2024-08-08 09:59:47", "elapsed": 267.87468, "delta": 1.088917}}
{"target": -0.3595200549539749, "params": {"bus_acc": 2.2366917386557708, "bus_dcc": 2.593863431443174, "bus_lcAssertive": 25.58078217071276, "bus_lcCooperative": 0.2950785752494959, "bus_lcLookaheadLeft": 87.52324416210728, "bus_lcPushy": 0.42166593484970927, "bus_lcSigma": 0.0644302555796068, "bus_lcSpeedGainRight": 4.484925347537913, "bus_lcSublane": 0.20338083282405106, "bus_sigma": 0.8262275354923914, "bus_tau_mean": 3.5861971807898256, "bus_tau_std": 4.867507448183382, "bus_v_mean": 17.57543508967418, "bus_v_std": 10.545349129708338, "car_acc": 2.249642588370998, "car_dcc": 3.5651251640420543, "car_lcAssertive": 28.9318053920812, "car_lcCooperative": 0.8837555081806009, "car_lcLookaheadLeft": 57.63365235167663, "car_lcPushy": 0.11510304096690338, "car_lcSigma": 0.22700116521465796, "car_lcSpeedGainRight": 2.9799119280650688, "car_lcSublane": 0.23944623690468037, "car_sigma": 0.13141566053746057, "car_tau_mean": 1.066466999433423, "car_tau_std": 8.448725182357391, "car_v_mean": 17.634938462283372, "car_v_std": 19.27134174376684}, "datetime": {"datetime": "2024-08-08 09:59:49", "elapsed": 269.311492, "delta": 1.436812}}
{"target": -0.35842790436527, "params": {"bus_acc": 1.519583386608829, "bus_dcc": 2.743706026873515, "bus_lcAssertive": 95.5709631002805, "bus_lcCooperative": 0.0807539078120788, "bus_lcLookaheadLeft": 10.186352292050627, "bus_lcPushy": 0.6191348314199072, "bus_lcSigma": 0.22449347883595772, "bus_lcSpeedGainRight": 3.8259197836675405, "bus_lcSublane": 0.5681525429491051, "bus_sigma": 0.6661880902234952, "bus_tau_mean": 0.8773486527810734, "bus_tau_std": 0.8428305143655679, "bus_v_mean": 18.001937092887836, "bus_v_std": 8.19462522268041, "car_acc": 1.1745050477439636, "car_dcc": 2.1131918350485672, "car_lcAssertive": 67.54229655602802, "car_lcCooperative": 0.1895874001915857, "car_lcLookaheadLeft": 89.78145263581301, "car_lcPushy": 0.9498463888800873, "car_lcSigma": 0.9615725424345338, "car_lcSpeedGainRight": 3.650412788701301, "car_lcSublane": 0.4062884276883151, "car_sigma": 0.7437491963512196, "car_tau_mean": 1.5079540774616302, "car_tau_std": 3.144172223907462, "car_v_mean": 17.694341779485725, "car_v_std": 11.896942668158353}, "datetime": {"datetime": "2024-08-08 09:59:51", "elapsed": 271.237778, "delta": 1.926286}}
{"target": -0.3835062451598132, "params": {"bus_acc": 1.689473305366587, "bus_dcc": 3.8203224470001014, "bus_lcAssertive": 58.61940381476092, "bus_lcCooperative": 0.8788319844118441, "bus_lcLookaheadLeft": 84.78397564843775, "bus_lcPushy": 0.9053923187086492, "bus_lcSigma": 0.45988026581680697, "bus_lcSpeedGainRight": 2.7317340801018664, "bus_lcSublane": 0.7986035911520394, "bus_sigma": 0.28571885173414757, "bus_tau_mean": 2.215887329169747, "bus_tau_std": 5.991103076458783, "bus_v_mean": 8.248532408813372, "bus_v_std": 11.869628163932743, "car_acc": 1.8673526979789166, "car_dcc": 3.4220815866545244, "car_lcAssertive": 32.20923550644192, "car_lcCooperative": 0.8928887085251513, "car_lcLookaheadLeft": 58.63000709788448, "car_lcPushy": 0.18401020162746506, "car_lcSigma": 0.7879292338255043, "car_lcSpeedGainRight": 3.0601558852246695, "car_lcSublane": 0.053909272073752956, "car_sigma": 0.4201936800011322, "car_tau_mean": 2.8767409279790037, "car_tau_std": 9.18601777977526, "car_v_mean": 8.006432398261719, "car_v_std": 19.535182980621194}, "datetime": {"datetime": "2024-08-08 09:59:51", "elapsed": 271.83969, "delta": 0.601912}}
{"target": -0.3826368079854855, "params": {"bus_acc": 1.8371560515281973, "bus_dcc": 3.050394700498903, "bus_lcAssertive": 40.40107330138432, "bus_lcCooperative": 0.5057420174508104, "bus_lcLookaheadLeft": 20.576066877724877, "bus_lcPushy": 0.9649889241109139, "bus_lcSigma": 0.2942156882442547, "bus_lcSpeedGainRight": 0.5172977805820067, "bus_lcSublane": 0.1443154002290481, "bus_sigma": 0.014092294192442956, "bus_tau_mean": 3.005809948118381, "bus_tau_std": 5.644983202408741, "bus_v_mean": 20.713253618956035, "bus_v_std": 10.141598465682728, "car_acc": 2.5836420790083077, "car_dcc": 3.0872926428155183, "car_lcAssertive": 78.00699920905836, "car_lcCooperative": 0.4064828689770863, "car_lcLookaheadLeft": 65.48152205237315, "car_lcPushy": 0.1797942976929744, "car_lcSigma": 0.321819963387904, "car_lcSpeedGainRight": 0.8630231005989625, "car_lcSublane": 0.4086372250132624, "car_sigma": 0.2414187479655988, "car_tau_mean": 1.9242269794527527, "car_tau_std": 9.75222342437312, "car_v_mean": 13.1251092131525, "car_v_std": 19.649818899497905}, "datetime": {"datetime": "2024-08-08 09:59:54", "elapsed": 274.127878, "delta": 2.288188}}
{"target": -0.3730426743672961, "params": {"bus_acc": 1.8429820208561962, "bus_dcc": 2.665313290025315, "bus_lcAssertive": 97.10345894261806, "bus_lcCooperative": 0.09175383344119148, "bus_lcLookaheadLeft": 28.843973136496388, "bus_lcPushy": 0.10510706908204948, "bus_lcSigma": 0.3904396367376164, "bus_lcSpeedGainRight": 1.4450554159388485, "bus_lcSublane": 0.5133003494679066, "bus_sigma": 0.348256681750747, "bus_tau_mean": 3.7487980638753537, "bus_tau_std": 7.899477963830403, "bus_v_mean": 21.77618189782361, "bus_v_std": 2.590018918857917, "car_acc": 2.150140333977428, "car_dcc": 1.6443476076545762, "car_lcAssertive": 86.955618572648, "car_lcCooperative": 0.015019421753424078, "car_lcLookaheadLeft": 12.362933082745112, "car_lcPushy": 0.3760570755473156, "car_lcSigma": 0.4020939060931935, "car_lcSpeedGainRight": 1.386100414893413, "car_lcSublane": 0.09606299875993918, "car_sigma": 0.11873040511259358, "car_tau_mean": 1.6128066384656687, "car_tau_std": 9.507928340777205, "car_v_mean": 11.318505037109183, "car_v_std": 14.94560642118445}, "datetime": {"datetime": "2024-08-08 09:59:54", "elapsed": 274.41013, "delta": 0.282252}}
{"target": -0.3642806023575065, "params": {"bus_acc": 1.3699659311016597, "bus_dcc": 3.5327800152252955, "bus_lcAssertive": 98.27638914120345, "bus_lcCooperative": 0.9137396248416316, "bus_lcLookaheadLeft": 36.04220319653566, "bus_lcPushy": 0.7802245796913637, "bus_lcSigma": 0.5464545907014307, "bus_lcSpeedGainRight": 4.082211987779688, "bus_lcSublane": 0.48372695118890585, "bus_sigma": 0.5899512982994037, "bus_tau_mean": 3.255422066334915, "bus_tau_std": 1.0023464310313235, "bus_v_mean": 16.592113869448653, "bus_v_std": 7.319666933393085, "car_acc": 2.2086136873377447, "car_dcc": 3.8764075469110013, "car_lcAssertive": 39.889471554699284, "car_lcCooperative": 0.39297299794161644, "car_lcLookaheadLeft": 79.48242537178068, "car_lcPushy": 0.6450783990854264, "car_lcSigma": 0.3938840078553765, "car_lcSpeedGainRight": 3.444775241151257, "car_lcSublane": 0.404001609054379, "car_sigma": 0.1361131542481221, "car_tau_mean": 2.0772514403524704, "car_tau_std": 3.344193926972726, "car_v_mean": 11.487502880978687, "car_v_std": 18.515496032728798}, "datetime": {"datetime": "2024-08-08 09:59:54", "elapsed": 274.95946, "delta": 0.54933}}
{"target": -0.34148258454983516, "params": {"bus_acc": 1.8398965088038581, "bus_dcc": 2.8083602867268884, "bus_lcAssertive": 72.21453795488647, "bus_lcCooperative": 0.8573003334512307, "bus_lcLookaheadLeft": 68.74892410492416, "bus_lcPushy": 0.23698206447169834, "bus_lcSigma": 0.92572053533626, "bus_lcSpeedGainRight": 3.9059770033788306, "bus_lcSublane": 0.3073814804278443, "bus_sigma": 0.3049656416420632, "bus_tau_mean": 3.5840891145011664, "bus_tau_std": 1.260784803971985, "bus_v_mean": 18.135373347771612, "bus_v_std": 5.554254649468485, "car_acc": 2.654400650278612, "car_dcc": 2.0935703426676646, "car_lcAssertive": 73.60324335241457, "car_lcCooperative": 0.1924178904137388, "car_lcLookaheadLeft": 49.18169795899246, "car_lcPushy": 0.8035946264310272, "car_lcSigma": 0.39698821167237397, "car_lcSpeedGainRight": 0.8078701992804493, "car_lcSublane": 0.6489822226486474, "car_sigma": 0.7533258058943924, "car_tau_mean": 1.480674223805828, "car_tau_std": 4.5136186123240165, "car_v_mean": 22.407182598177044, "car_v_std": 17.43971262381837}, "datetime": {"datetime": "2024-08-08 09:59:56", "elapsed": 276.005065, "delta": 1.045605}}
{"target": -0.37282508914865636, "params": {"bus_acc": 1.027903145951194, "bus_dcc": 1.7030862583642614, "bus_lcAssertive": 62.0610573431641, "bus_lcCooperative": 0.9490163206876164, "bus_lcLookaheadLeft": 95.11725968621381, "bus_lcPushy": 0.5566531881951564, "bus_lcSigma": 0.9156063497662745, "bus_lcSpeedGainRight": 3.207831044731688, "bus_lcSublane": 0.39000771414124624, "bus_sigma": 0.48599066709690975, "bus_tau_mean": 2.6150866902199064, "bus_tau_std": 5.495479215085625, "bus_v_mean": 22.81890282730326, "bus_v_std": 18.374668712672122, "car_acc": 1.7897512258471098, "car_dcc": 3.8897875853221353, "car_lcAssertive": 18.22161100136597, "car_lcCooperative": 0.12632951943963733, "car_lcLookaheadLeft": 15.23775748857967, "car_lcPushy": 0.5056621656768967, "car_lcSigma": 0.021524805274197978, "car_lcSpeedGainRight": 4.739851056088405, "car_lcSublane": 0.8271154711707325, "car_sigma": 0.015018980742122379, "car_tau_mean": 1.1166868945126933, "car_tau_std": 3.3206357436683698, "car_v_mean": 10.09594951697467, "car_v_std": 16.189813842531642}, "datetime": {"datetime": "2024-08-08 09:59:57", "elapsed": 277.693661, "delta": 1.688596}}
{"target": -0.3512553739754779, "params": {"bus_acc": 1.409470172984514, "bus_dcc": 2.8965771258754773, "bus_lcAssertive": 64.04676155930846, "bus_lcCooperative": 0.6924175033786027, "bus_lcLookaheadLeft": 90.9323738680104, "bus_lcPushy": 0.7825809780445985, "bus_lcSigma": 0.6252909358558468, "bus_lcSpeedGainRight": 3.004827976990449, "bus_lcSublane": 0.21275903606814206, "bus_sigma": 0.651365361997868, "bus_tau_mean": 3.350750597718116, "bus_tau_std": 9.223224808528965, "bus_v_mean": 22.666401793294924, "bus_v_std": 11.221976117452732, "car_acc": 1.5196679514809754, "car_dcc": 2.00139237047115, "car_lcAssertive": 99.77847419131322, "car_lcCooperative": 0.5255977882178193, "car_lcLookaheadLeft": 81.95885393810659, "car_lcPushy": 0.5970161877845721, "car_lcSigma": 0.5069303873283266, "car_lcSpeedGainRight": 1.7426980765284887, "car_lcSublane": 0.5377705282313024, "car_sigma": 0.00673470699420331, "car_tau_mean": 3.568400323088009, "car_tau_std": 5.6148648153267935, "car_v_mean": 8.388502805194857, "car_v_std": 16.36349490662331}, "datetime": {"datetime": "2024-08-08 09:59:58", "elapsed": 278.542988, "delta": 0.849327}}
{"target": -0.31490998610594045, "params": {"bus_acc": 2.679681420395335, "bus_dcc": 3.6103070959227033, "bus_lcAssertive": 81.85864247329991, "bus_lcCooperative": 0.8778014186346996, "bus_lcLookaheadLeft": 57.95885866983316, "bus_lcPushy": 0.9640361333390818, "bus_lcSigma": 0.6065443482504677, "bus_lcSpeedGainRight": 3.019738705398407, "bus_lcSublane": 0.31929773707461884, "bus_sigma": 0.681204184117019, "bus_tau_mean": 0.6818799097687634, "bus_tau_std": 1.3454642101194225, "bus_v_mean": 10.083874681164241, "bus_v_std": 13.104025744494713, "car_acc": 1.3506651835426766, "car_dcc": 2.0234404697546418, "car_lcAssertive": 5.386853927477355, "car_lcCooperative": 0.2337343601165106, "car_lcLookaheadLeft": 96.49398383523082, "car_lcPushy": 0.5091394025163677, "car_lcSigma": 0.15107451847143194, "car_lcSpeedGainRight": 2.6150426586723214, "car_lcSublane": 0.9435093839110807, "car_sigma": 0.865686014006334, "car_tau_mean": 1.872230541256354, "car_tau_std": 2.8386751597340263, "car_v_mean": 20.18767780308387, "car_v_std": 4.809686496061756}, "datetime": {"datetime": "2024-08-08 09:59:59", "elapsed": 279.697905, "delta": 1.154917}}
{"target": -0.3529299733034441, "params": {"bus_acc": 2.876057086312705, "bus_dcc": 1.5561415739434068, "bus_lcAssertive": 93.38242051949933, "bus_lcCooperative": 0.9357532076921331, "bus_lcLookaheadLeft": 29.787362333158143, "bus_lcPushy": 0.27463424842386297, "bus_lcSigma": 0.5514315736733725, "bus_lcSpeedGainRight": 0.9264461968427617, "bus_lcSublane": 0.4421011106267658, "bus_sigma": 0.1853176459376844, "bus_tau_mean": 3.8158157128388575, "bus_tau_std": 4.938246574910856, "bus_v_mean": 23.422684278783965, "bus_v_std": 12.898833450244236, "car_acc": 1.9686315460647712, "car_dcc": 3.9030857378835924, "car_lcAssertive": 15.175788389167522, "car_lcCooperative": 0.6323298746664966, "car_lcLookaheadLeft": 66.86506004800617, "car_lcPushy": 0.43383982715272595, "car_lcSigma": 0.05935722533895749, "car_lcSpeedGainRight": 2.463613005830166, "car_lcSublane": 0.46513394351807746, "car_sigma": 0.8067468107748635, "car_tau_mean": 1.398313464835417, "car_tau_std": 3.914303629842686, "car_v_mean": 11.842755315542036, "car_v_std": 13.728868303447282}, "datetime": {"datetime": "2024-08-08 10:00:01", "elapsed": 281.634386, "delta": 1.936481}}
{"target": -0.3632052135480551, "params": {"bus_acc": 1.4282938495614825, "bus_dcc": 2.3186173064661735, "bus_lcAssertive": 17.67922019299827, "bus_lcCooperative": 0.5290872104552504, "bus_lcLookaheadLeft": 79.76149806836928, "bus_lcPushy": 0.03587914896601674, "bus_lcSigma": 0.19135887753572, "bus_lcSpeedGainRight": 4.887277821965081, "bus_lcSublane": 0.9607973060206447, "bus_sigma": 0.5565916591021018, "bus_tau_mean": 2.761317525235787, "bus_tau_std": 2.720930142932744, "bus_v_mean": 23.233457371405436, "bus_v_std": 13.3954961265448, "car_acc": 2.333615990277523, "car_dcc": 1.0333100001097686, "car_lcAssertive": 85.44401513511959, "car_lcCooperative": 0.7783262186802019, "car_lcLookaheadLeft": 69.12255169667107, "car_lcPushy": 0.740781813019585, "car_lcSigma": 0.15657242459837717, "car_lcSpeedGainRight": 3.5938752642432497, "car_lcSublane": 0.09681841069321007, "car_sigma": 0.7069494480386341, "car_tau_mean": 0.5092112864392613, "car_tau_std": 7.762057874603809, "car_v_mean": 15.86491495650463, "car_v_std": 4.087737325957297}, "datetime": {"datetime": "2024-08-08 10:00:02", "elapsed": 282.658996, "delta": 1.02461}}
