{"target": -0.06459024889056185, "params": {"bus_acc": 2.6250146083493435, "bus_dcc": 1.8514055048406228, "bus_lcAssertive": 53.25683281567799, "bus_lcCooperative": 0.3394167240176095, "bus_lcLookaheadLeft": 56.35739645719134, "bus_lcPushy": 0.9744034689130026, "bus_lcSublane": 0.3117029177189814, "bus_tau_mean": 2.840788120730044, "bus_tau_std": 3.2596720730898587, "bus_v_mean": 20.391636256241274, "bus_v_std": 3.2580996661320483, "car_acc": 2.77965468289475, "car_dcc": 3.2551231627578003, "car_lcAssertive": 76.50057744906596, "car_lcCooperative": 0.46947902855992574, "car_lcLookaheadLeft": 22.654921241933128, "car_lcPushy": 0.041475079576498874, "car_lcSublane": 0.3218287999702445, "car_tau_mean": 0.6298943257289804, "car_tau_std": 6.938554113738997, "car_v_mean": 18.725600510978694, "car_v_std": 4.30471782744975}, "datetime": {"datetime": "2024-08-05 17:46:57", "elapsed": 41.25995, "delta": 1.255024}}
{"target": -0.06267769733902145, "params": {"bus_acc": 2.2171308739471174, "bus_dcc": 1.754978752456971, "bus_lcAssertive": 30.316862426094534, "bus_lcCooperative": 0.5329225590316532, "bus_lcLookaheadLeft": 96.28366485901516, "bus_lcPushy": 0.18449560449017766, "bus_lcSublane": 0.509898378143109, "bus_tau_mean": 1.7032583620289554, "bus_tau_std": 7.697253449571857, "bus_v_mean": 20.845863782918784, "bus_v_std": 4.245599103022166, "car_acc": 1.4082449999886717, "car_dcc": 1.201268380986566, "car_lcAssertive": 20.666178177635587, "car_lcCooperative": 0.2724008501293822, "car_lcLookaheadLeft": 60.68131395510262, "car_lcPushy": 0.8730834972744356, "car_lcSublane": 0.1282309388454863, "car_tau_mean": 3.853660596002136, "car_tau_std": 6.831708438541465, "car_v_mean": 19.871427770854083, "car_v_std": 9.828807859209906}, "datetime": {"datetime": "2024-08-05 17:46:58", "elapsed": 41.78372, "delta": 0.52377}}
{"target": -0.06287941722916934, "params": {"bus_acc": 2.249642588370998, "bus_dcc": 3.5651251640420543, "bus_lcAssertive": 28.9318053920812, "bus_lcCooperative": 0.8837555081806009, "bus_lcLookaheadLeft": 57.63365235167663, "bus_lcPushy": 0.11510304096690338, "bus_lcSublane": 0.22700116521465796, "bus_tau_mean": 2.585938349645548, "bus_tau_std": 2.3944623690468037, "bus_v_mean": 10.102650568599369, "bus_v_std": 1.6184771412383514, "car_acc": 2.689745036471478, "car_dcc": 2.8065509616781323, "car_lcAssertive": 96.39314163164585, "car_lcCooperative": 0.34567921329602547, "car_lcLookaheadLeft": 60.37125961722507, "car_lcPushy": 0.5989852889734197, "car_lcSublane": 0.6157042872039488, "car_tau_mean": 0.7071202251500284, "car_tau_std": 7.503171845746859, "car_v_mean": 23.171351971002004, "car_v_std": 5.3467905717958875}, "datetime": {"datetime": "2024-08-05 17:47:03", "elapsed": 47.195212, "delta": 5.411492}}
{"target": -0.05178868777030057, "params": {"bus_acc": 1.7182386778482215, "bus_dcc": 1.2259326179074534, "bus_lcAssertive": 43.146716786526504, "bus_lcCooperative": 0.6020078384720013, "bus_lcLookaheadLeft": 43.68953962641248, "bus_lcPushy": 0.81072123360737, "bus_lcSublane": 0.9418862461867052, "bus_tau_mean": 3.5446877064392406, "bus_tau_std": 7.039994982798885, "bus_v_mean": 15.524782796514804, "bus_v_std": 6.826980429032513, "car_acc": 1.026836621113059, "car_dcc": 3.9474343555061315, "car_lcAssertive": 18.0356558510607, "car_lcCooperative": 0.9062603959616818, "car_lcLookaheadLeft": 81.0967703632784, "car_lcPushy": 0.8001396843869877, "car_lcSublane": 0.2689360577850649, "car_tau_mean": 1.2670383201504032, "car_tau_std": 4.288006929140887, "car_v_mean": 21.58993761169048, "car_v_std": 4.503796424717202}, "datetime": {"datetime": "2024-08-05 17:47:04", "elapsed": 47.570805, "delta": 0.375593}}
{"target": -0.05736208073215735, "params": {"bus_acc": 2.4058634642287426, "bus_dcc": 1.554805067120205, "bus_lcAssertive": 57.00748251629707, "bus_lcCooperative": 0.9088080323000569, "bus_lcLookaheadLeft": 16.767619240330575, "bus_lcPushy": 0.8455176755307064, "bus_lcSublane": 0.8202024663153499, "bus_tau_mean": 2.2476938545424208, "bus_tau_std": 0.375838514857032, "bus_v_mean": 10.360040086350967, "bus_v_std": 9.226386946886713, "car_acc": 1.088309592063725, "car_dcc": 2.1174962992160786, "car_lcAssertive": 62.284923837821616, "car_lcCooperative": 0.1969480389140167, "car_lcLookaheadLeft": 98.14581620954914, "car_lcPushy": 0.15597523304342242, "car_lcSublane": 0.5396791951612744, "car_tau_mean": 2.663039635213256, "car_tau_std": 2.309899486697039, "car_v_mean": 15.460943827349462, "car_v_std": 4.910085291329293}, "datetime": {"datetime": "2024-08-05 17:47:04", "elapsed": 48.059603, "delta": 0.488798}}
{"target": -0.05133873651746418, "params": {"bus_acc": 2.12206043851142, "bus_dcc": 1.055941868118829, "bus_lcAssertive": 80.26263459538102, "bus_lcCooperative": 0.23297427384102043, "bus_lcLookaheadLeft": 81.09630917064035, "bus_lcPushy": 0.38786064406417176, "bus_lcSublane": 0.8635418545594287, "bus_tau_mean": 3.1149257495801463, "bus_tau_std": 5.562402339904189, "bus_v_mean": 10.18328361057096, "bus_v_std": 0.5991768951221166, "car_acc": 1.2426869114814747, "car_dcc": 1.1336556356342853, "car_lcAssertive": 11.641918781503197, "car_lcCooperative": 0.2257093386078547, "car_lcLookaheadLeft": 71.87292007750231, "car_lcPushy": 0.5597169820541424, "car_lcSublane": 0.012555980159115854, "car_tau_mean": 0.7519099789132038, "car_tau_std": 9.672763300002721, "car_v_mean": 17.089607390719074, "car_v_std": 2.032932346609905}, "datetime": {"datetime": "2024-08-05 17:47:05", "elapsed": 48.759606, "delta": 0.700003}}
{"target": -0.046607978196255395, "params": {"bus_acc": 2.838475008512345, "bus_dcc": 3.2950154448944287, "bus_lcAssertive": 60.37429410273777, "bus_lcCooperative": 0.8329681438370704, "bus_lcLookaheadLeft": 89.8122621743502, "bus_lcPushy": 0.9727203528528249, "bus_lcSublane": 0.9985205070898059, "bus_tau_mean": 0.9887726678943622, "bus_tau_std": 0.7054204474369918, "bus_v_mean": 9.175466469761973, "bus_v_std": 0.1474379089994693, "car_acc": 2.943640145955852, "car_dcc": 1.2843007493716874, "car_lcAssertive": 84.33194579239911, "car_lcCooperative": 0.6851729969076996, "car_lcLookaheadLeft": 49.78060241332597, "car_lcPushy": 0.3466948813585782, "car_lcSublane": 0.35364778706700506, "car_tau_mean": 1.3884360882151552, "car_tau_std": 9.110179736986264, "car_v_mean": 19.610280727917903, "car_v_std": 0.25925792784269874}, "datetime": {"datetime": "2024-08-05 17:47:08", "elapsed": 52.317026, "delta": 3.55742}}
{"target": -0.05157591506733996, "params": {"bus_acc": 1.9558476984331188, "bus_dcc": 2.663555494834501, "bus_lcAssertive": 87.66498236565286, "bus_lcCooperative": 0.9492644337722901, "bus_lcLookaheadLeft": 64.64010607508811, "bus_lcPushy": 0.7485203200897537, "bus_lcSublane": 0.35162490636044264, "bus_tau_mean": 3.71309911680163, "bus_tau_std": 8.367520498538312, "bus_v_mean": 16.832894099596203, "bus_v_std": 8.676272096151736, "car_acc": 2.6997437628806646, "car_dcc": 3.4252340698184254, "car_lcAssertive": 13.938589615341417, "car_lcCooperative": 0.5360025748218121, "car_lcLookaheadLeft": 90.27674524127777, "car_lcPushy": 0.7708318305538303, "car_lcSublane": 0.4207131990251918, "car_tau_mean": 3.9225813767598803, "car_tau_std": 2.5077315667300226, "car_v_mean": 13.337763661566363, "car_v_std": 9.54200507429589}, "datetime": {"datetime": "2024-08-05 17:47:09", "elapsed": 52.586916, "delta": 0.26989}}
{"target": -0.06975093782343061, "params": {"bus_acc": 1.7907009475893807, "bus_dcc": 3.866169967771524, "bus_lcAssertive": 11.968748529899662, "bus_lcCooperative": 0.6475529858164272, "bus_lcLookaheadLeft": 53.70690782872223, "bus_lcPushy": 0.353242405983059, "bus_lcSublane": 0.19819922932019185, "bus_tau_mean": 1.2720792864656751, "bus_tau_std": 0.43821509727146934, "bus_v_mean": 19.410623570557032, "bus_v_std": 6.538401991962549, "car_acc": 1.8875395854494448, "car_dcc": 3.1568184642695307, "car_lcAssertive": 11.887621272086722, "car_lcCooperative": 0.9387191733689311, "car_lcLookaheadLeft": 85.06741750545999, "car_lcPushy": 0.6590356596658833, "car_lcSublane": 0.37883116866173183, "car_tau_mean": 1.957983551551616, "car_tau_std": 4.821539221574675, "car_v_mean": 22.96454032010881, "car_v_std": 8.635929549181027}, "datetime": {"datetime": "2024-08-05 17:47:11", "elapsed": 54.409492, "delta": 1.822576}}
{"target": -0.06167493933264069, "params": {"bus_acc": 2.1557144305690707, "bus_dcc": 1.552030604882395, "bus_lcAssertive": 79.00499414872492, "bus_lcCooperative": 0.6120311770449339, "bus_lcLookaheadLeft": 7.2831086632277895, "bus_lcPushy": 0.4201936800011322, "bus_lcSublane": 0.6790688365654296, "bus_tau_mean": 3.7151062229213405, "bus_tau_std": 0.004020248913574331, "bus_v_mean": 23.628146384496954, "bus_v_std": 3.7658031474577447, "car_acc": 2.947567076716645, "car_dcc": 2.8141483029221592, "car_lcAssertive": 83.05573499008861, "car_lcCooperative": 0.5747115047081023, "car_lcLookaheadLeft": 63.55146743412034, "car_lcPushy": 0.28557628169569393, "car_lcSublane": 0.586833340656083, "car_tau_mean": 3.12507617295931, "car_tau_std": 8.583138364290424, "car_v_mean": 20.081315015482883, "car_v_std": 6.98057248447303}, "datetime": {"datetime": "2024-08-05 17:47:12", "elapsed": 56.034904, "delta": 1.625412}}
{"target": -0.056754860830128095, "params": {"bus_acc": 2.055429292617493, "bus_dcc": 3.4064832520137944, "bus_lcAssertive": 57.676363201969025, "bus_lcCooperative": 0.7331425252875111, "bus_lcLookaheadLeft": 52.86313949147747, "bus_lcPushy": 0.770883910501888, "bus_lcSublane": 0.5688579907047155, "bus_tau_mean": 2.129984575071933, "bus_tau_std": 3.4268890795328177, "bus_v_mean": 9.091349574667266, "bus_v_std": 3.7792417932809985, "car_acc": 1.1592521553965047, "car_dcc": 3.948451341191335, "car_lcAssertive": 18.979672281745614, "car_lcCooperative": 0.8118586977205398, "car_lcLookaheadLeft": 87.74624120567802, "car_lcPushy": 0.6884132523859433, "car_lcSublane": 0.5694944127453757, "car_tau_mean": 1.0634000288546308, "car_tau_std": 4.668800227633064, "car_v_mean": 13.52275281848344, "car_v_std": 2.250399578140846}, "datetime": {"datetime": "2024-08-05 17:47:13", "elapsed": 56.937124, "delta": 0.90222}}
{"target": -0.05841977371307748, "params": {"bus_acc": 1.3877297193190936, "bus_dcc": 2.4853370876835346, "bus_lcAssertive": 63.877371148042485, "bus_lcCooperative": 0.880219977218583, "bus_lcLookaheadLeft": 90.44858252938002, "bus_lcPushy": 0.307160768485095, "bus_lcSublane": 0.7533800731255857, "bus_tau_mean": 1.488498106956404, "bus_tau_std": 3.685768697652759, "bus_v_mean": 12.683624993490083, "bus_v_std": 4.136907361991014, "car_acc": 1.4294313913367611, "car_dcc": 1.9569580194105671, "car_lcAssertive": 13.070061575118679, "car_lcCooperative": 0.9630182395955346, "car_lcLookaheadLeft": 51.390334921080715, "car_lcPushy": 0.9231006825886638, "car_lcSublane": 0.7461601407734211, "car_tau_mean": 2.101968506881467, "car_tau_std": 7.546222253081317, "car_v_mean": 18.048369257710814, "car_v_std": 3.0375843415186865}, "datetime": {"datetime": "2024-08-05 17:47:14", "elapsed": 58.296083, "delta": 1.358959}}
{"target": -0.052232316830724976, "params": {"bus_acc": 1.6225921649123343, "bus_dcc": 3.396918521084779, "bus_lcAssertive": 81.25228124124325, "bus_lcCooperative": 0.8599985915803449, "bus_lcLookaheadLeft": 46.9379794684451, "bus_lcPushy": 0.9306443921654484, "bus_lcSublane": 0.2578929844270399, "bus_tau_mean": 3.7705592238535464, "bus_tau_std": 6.191196332516605, "bus_v_mean": 23.76711863911729, "bus_v_std": 0.3264386596259239, "car_acc": 2.4503333176654167, "car_dcc": 2.6966627061411432, "car_lcAssertive": 49.74998069243364, "car_lcCooperative": 0.259218125650737, "car_lcLookaheadLeft": 34.029407116904764, "car_lcPushy": 0.24946220670138775, "car_lcSublane": 0.21926791032506077, "car_tau_mean": 3.298812931336936, "car_tau_std": 5.023950058982583, "car_v_mean": 9.331038219151964, "car_v_std": 7.769841920273803}, "datetime": {"datetime": "2024-08-05 17:47:15", "elapsed": 59.166128, "delta": 0.870045}}
{"target": -0.055317405592690896, "params": {"bus_acc": 1.6596891253637647, "bus_dcc": 3.0492230990096925, "bus_lcAssertive": 90.02287400703091, "bus_lcCooperative": 0.07569688175830336, "bus_lcLookaheadLeft": 88.10161059406751, "bus_lcPushy": 0.1908393632684806, "bus_lcSublane": 0.8497689100179306, "bus_tau_mean": 2.8349157604472137, "bus_tau_std": 3.4433919545005387, "bus_v_mean": 10.422009119884784, "bus_v_std": 6.353709614884534, "car_acc": 2.695576087429483, "car_dcc": 3.465548124292032, "car_lcAssertive": 63.195720115935124, "car_lcCooperative": 0.9563015097552321, "car_lcLookaheadLeft": 59.812466453425436, "car_lcPushy": 0.1978327846479193, "car_lcSublane": 0.4293307226164923, "car_tau_mean": 1.6786109954540855, "car_tau_std": 9.91945011907281, "car_v_mean": 14.083783937876236, "car_v_std": 9.92700873664818}, "datetime": {"datetime": "2024-08-05 17:47:16", "elapsed": 60.323414, "delta": 1.157286}}
{"target": -0.037160621280212816, "params": {"bus_acc": 2.8703062310847773, "bus_dcc": 3.665626310068684, "bus_lcAssertive": 29.63678905280809, "bus_lcCooperative": 0.9477640661016069, "bus_lcLookaheadLeft": 85.29319245267905, "bus_lcPushy": 0.4346547940716735, "bus_lcSublane": 0.4680495548664728, "bus_tau_mean": 2.7044855755419794, "bus_tau_std": 1.5803183496381268, "bus_v_mean": 8.236513387873487, "bus_v_std": 2.6551201747238586, "car_acc": 1.0308872638855218, "car_dcc": 3.0234965324867726, "car_lcAssertive": 55.59541474546487, "car_lcCooperative": 0.32164814560277766, "car_lcLookaheadLeft": 78.45982903773634, "car_lcPushy": 0.14578543121477705, "car_lcSublane": 0.2448806387618836, "car_tau_mean": 1.523098167137493, "car_tau_std": 1.9593194649899215, "car_v_mean": 9.407018940329653, "car_v_std": 8.699761802716075}, "datetime": {"datetime": "2024-08-05 17:47:18", "elapsed": 61.517966, "delta": 1.194552}}
{"target": -0.06314284548989987, "params": {"bus_acc": 1.6605538730501619, "bus_dcc": 3.0921066268394184, "bus_lcAssertive": 27.59636226671643, "bus_lcCooperative": 0.8082780137053801, "bus_lcLookaheadLeft": 30.938301851185084, "bus_lcPushy": 0.5441213835853572, "bus_lcSublane": 0.4879214918052024, "bus_tau_mean": 3.493747444083794, "bus_tau_std": 8.883864343953858, "bus_v_mean": 10.950151077884268, "bus_v_std": 5.853484589382511, "car_acc": 2.7964100920342743, "car_dcc": 2.338351657103289, "car_lcAssertive": 92.26496224289772, "car_lcCooperative": 0.2789908904569709, "car_lcLookaheadLeft": 61.66545507099198, "car_lcPushy": 0.6824537097668154, "car_lcSublane": 0.2282057333504841, "car_tau_mean": 0.5481862939520088, "car_tau_std": 4.167239623706961, "car_v_mean": 23.015710269707746, "car_v_std": 3.4302810983040652}, "datetime": {"datetime": "2024-08-05 17:47:19", "elapsed": 62.707036, "delta": 1.18907}}
{"target": -0.07144359320803811, "params": {"bus_acc": 2.574526895048523, "bus_dcc": 1.300703929309397, "bus_lcAssertive": 54.16370456721353, "bus_lcCooperative": 0.36598334666965426, "bus_lcLookaheadLeft": 61.222070679549475, "bus_lcPushy": 0.9588025156370005, "bus_lcSublane": 0.39282294499696246, "bus_tau_mean": 1.8754054927956576, "bus_tau_std": 7.906369935895988, "bus_v_mean": 18.32125438536682, "bus_v_std": 3.9388400785537647, "car_acc": 2.3779100964605027, "car_dcc": 2.212004827163137, "car_lcAssertive": 14.475202270564088, "car_lcCooperative": 0.45064326867213444, "car_lcLookaheadLeft": 34.773100484332716, "car_lcPushy": 0.2179689300611679, "car_lcSublane": 0.9257748016364399, "car_tau_mean": 2.913737896778452, "car_tau_std": 5.988208906234219, "car_v_mean": 19.94651955396808, "car_v_std": 5.419710617714415}, "datetime": {"datetime": "2024-08-05 17:47:20", "elapsed": 63.504894, "delta": 0.797858}}
{"target": -0.05842960731860088, "params": {"bus_acc": 1.3523925111501105, "bus_dcc": 1.996190723100511, "bus_lcAssertive": 13.968687636280773, "bus_lcCooperative": 0.8094906921265821, "bus_lcLookaheadLeft": 35.78419196296276, "bus_lcPushy": 0.9401074823333672, "bus_lcSublane": 0.58201417994708, "bus_tau_mean": 3.575911945441454, "bus_tau_std": 8.447344453922218, "bus_v_mean": 22.486277099338388, "bus_v_std": 4.598802658168069, "car_acc": 2.0926936320407465, "car_dcc": 3.3958107734561183, "car_lcAssertive": 29.28616632168061, "car_lcCooperative": 0.4902535226199277, "car_lcLookaheadLeft": 60.71281014929608, "car_lcPushy": 0.015533275550835723, "car_lcSublane": 0.5934814081966372, "car_tau_mean": 2.0178672214631037, "car_tau_std": 8.073605288848414, "car_v_mean": 13.043916849525967, "car_v_std": 8.928887085251514}, "datetime": {"datetime": "2024-08-05 17:47:21", "elapsed": 64.419291, "delta": 0.914397}}
{"target": -0.0640343539697299, "params": {"bus_acc": 1.5088762046288442, "bus_dcc": 3.6548995565141897, "bus_lcAssertive": 38.94308222372339, "bus_lcCooperative": 0.29757471531387525, "bus_lcLookaheadLeft": 72.32430629508593, "bus_lcPushy": 0.19086994317230743, "bus_lcSublane": 0.11819262934703845, "bus_tau_mean": 3.4294922377472927, "bus_tau_std": 7.441359213695352, "bus_v_mean": 17.448328762353874, "bus_v_std": 2.4289157496487066, "car_acc": 2.246494290375168, "car_dcc": 2.915065962223519, "car_lcAssertive": 33.42937496712019, "car_lcCooperative": 0.06748934306754228, "car_lcLookaheadLeft": 88.29278256130402, "car_lcPushy": 0.4599567310742584, "car_lcSublane": 0.7638727180664299, "car_tau_mean": 1.3886101732995888, "car_tau_std": 5.913871822675168, "car_v_mean": 14.860722565580764, "car_v_std": 3.8210064254913956}, "datetime": {"datetime": "2024-08-05 17:47:22", "elapsed": 65.932107, "delta": 1.512816}}
{"target": -0.05989731265638893, "params": {"bus_acc": 1.622026135769683, "bus_dcc": 2.645467268998312, "bus_lcAssertive": 68.52455958484867, "bus_lcCooperative": 0.23646965132615538, "bus_lcLookaheadLeft": 18.43819513492662, "bus_lcPushy": 0.508482013429616, "bus_lcSublane": 0.7918638755846716, "bus_tau_mean": 2.9234506175847645, "bus_tau_std": 1.1897333717301484, "bus_v_mean": 22.41187544114773, "bus_v_std": 4.797375670491551, "car_acc": 2.8933533584792954, "car_dcc": 2.660301118744797, "car_lcAssertive": 9.395380344374935, "car_lcCooperative": 0.2024630356745356, "car_lcLookaheadLeft": 85.7153213458055, "car_lcPushy": 0.7059273667647191, "car_lcSublane": 0.8949395201529242, "car_tau_mean": 1.6520110062800493, "car_tau_std": 5.280013966376261, "car_v_mean": 18.406370119745915, "car_v_std": 5.9429085358666445}, "datetime": {"datetime": "2024-08-05 17:47:23", "elapsed": 67.129376, "delta": 1.197269}}
{"target": -0.0681292636650295, "params": {"bus_acc": 1.7901937377799464, "bus_dcc": 1.9002431377760693, "bus_lcAssertive": 8.930260736798878, "bus_lcCooperative": 0.9046310029362429, "bus_lcLookaheadLeft": 38.275109400266345, "bus_lcPushy": 0.5306974384761395, "bus_lcSublane": 0.49411626589632507, "bus_tau_mean": 0.9625639968002835, "bus_tau_std": 2.0645405888943302, "bus_v_mean": 9.219020944517139, "bus_v_std": 5.079216999452875, "car_acc": 1.5230991036659742, "car_dcc": 2.0711848266483757, "car_lcAssertive": 11.698467541026448, "car_lcCooperative": 0.7875518396525072, "car_lcLookaheadLeft": 12.445219925302508, "car_lcPushy": 0.9857088237131878, "car_lcSublane": 0.17716116443841734, "car_tau_mean": 2.5034178935212728, "car_tau_std": 0.44845334589088126, "car_v_mean": 20.593860634493346, "car_v_std": 1.8960594781829654}, "datetime": {"datetime": "2024-08-05 17:47:25", "elapsed": 68.67692, "delta": 1.547544}}
{"target": -0.05045163403943398, "params": {"bus_acc": 2.0875749833276505, "bus_dcc": 2.880748050041004, "bus_lcAssertive": 25.05176545130931, "bus_lcCooperative": 0.9138438752466082, "bus_lcLookaheadLeft": 62.98662781177855, "bus_lcPushy": 0.23169469139485988, "bus_lcSublane": 0.7701321875998075, "bus_tau_mean": 0.8692747799906717, "bus_tau_std": 5.552253185313445, "bus_v_mean": 9.519297116839864, "bus_v_std": 5.8098407267501955, "car_acc": 1.5059602254403768, "car_dcc": 2.948400423864239, "car_lcAssertive": 71.86686833295983, "car_lcCooperative": 0.5241856145686612, "car_lcLookaheadLeft": 66.43709795490479, "car_lcPushy": 0.8132938453250557, "car_lcSublane": 0.8075122716430321, "car_tau_mean": 2.6688869721885196, "car_tau_std": 4.511024621207749, "car_v_mean": 14.52719982475788, "car_v_std": 8.747476199043634}, "datetime": {"datetime": "2024-08-05 17:47:26", "elapsed": 69.72853, "delta": 1.05161}}
{"target": -0.06129633982747238, "params": {"bus_acc": 1.1763772911430201, "bus_dcc": 3.051131007464914, "bus_lcAssertive": 12.919686808914616, "bus_lcCooperative": 0.010699003144174157, "bus_lcLookaheadLeft": 56.61228654734155, "bus_lcPushy": 0.9071090552203707, "bus_lcSublane": 0.8604566673368852, "bus_tau_mean": 1.684579844413875, "bus_tau_std": 0.2715882932586222, "bus_v_mean": 20.81374968208053, "bus_v_std": 8.05984932289666, "car_acc": 2.736976232605544, "car_dcc": 3.0089397996265994, "car_lcAssertive": 80.97010736919258, "car_lcCooperative": 0.8974982823028202, "car_lcLookaheadLeft": 46.4753351480212, "car_lcPushy": 0.5578253037149105, "car_lcSublane": 0.5061311288282347, "car_tau_mean": 2.9219436658347657, "car_tau_std": 6.829068676298748, "car_v_mean": 16.325018173813064, "car_v_std": 8.284681480854713}, "datetime": {"datetime": "2024-08-05 17:47:27", "elapsed": 71.155478, "delta": 1.426948}}
