{"target": -0.2641459384680778, "params": {"bus_acc": 4.1044, "bus_dcc": 1.6689, "bus_lcAssertive": 93.0858, "bus_lcCooperative": 0.378, "bus_lcLookaheadLeft": 63.2648, "bus_lcPushy": 0.5156, "bus_lcSigma": 0.4708, "bus_lcSpeedGainRight": 0.5051, "bus_lcSublane": 0.936, "bus_sigma": 0.4487, "bus_tau_mean": 1.2789, "bus_tau_std": 5.2893, "bus_v_mean": 10.3149, "bus_v_std": 2.5428, "car_acc": 3.7153, "car_dcc": 3.5142, "car_lcAssertive": 81.4836, "car_lcCooperative": 0.122, "car_lcLookaheadLeft": 10.8076, "car_lcPushy": 0.0708, "car_lcSigma": 0.9977, "car_lcSpeedGainRight": 1.6232, "car_lcSublane": 0.8287, "car_sigma": 0.9053, "car_tau_mean": 2.0547, "car_tau_std": 7.2688, "car_v_mean": 11.0095, "car_v_std": 8.7429}, "datetime": {"datetime": "2024-08-08 18:36:50", "elapsed": 4395.3594, "delta": 42.713422}}
{"target": -0.27836254974263464, "params": {"bus_acc": 2.3606, "bus_dcc": 2.8569, "bus_lcAssertive": 88.4816, "bus_lcCooperative": 0.0876, "bus_lcLookaheadLeft": 17.4661, "bus_lcPushy": 0.8678, "bus_lcSigma": 0.4526, "bus_lcSpeedGainRight": 0.3364, "bus_lcSublane": 0.958, "bus_sigma": 0.9357, "bus_tau_mean": 3.0116, "bus_tau_std": 3.3704, "bus_v_mean": 12.4205, "bus_v_std": 3.6488, "car_acc": 3.9051, "car_dcc": 2.6538, "car_lcAssertive": 4.7229, "car_lcCooperative": 0.0939, "car_lcLookaheadLeft": 52.0046, "car_lcPushy": 0.4577, "car_lcSigma": 0.5463, "car_lcSpeedGainRight": 3.7279, "car_lcSublane": 0.4358, "car_sigma": 0.3977, "car_tau_mean": 1.553, "car_tau_std": 6.5879, "car_v_mean": 16.5149, "car_v_std": 3.2225}, "datetime": {"datetime": "2024-08-08 18:37:19", "elapsed": 4424.592289, "delta": 29.232889}}
{"target": -0.37234176509165423, "params": {"bus_acc": 2.0668, "bus_dcc": 1.1112, "bus_lcAssertive": 72.7558, "bus_lcCooperative": 0.7377, "bus_lcLookaheadLeft": 46.4681, "bus_lcPushy": 0.4305, "bus_lcSigma": 0.2639, "bus_lcSpeedGainRight": 2.7328, "bus_lcSublane": 0.6461, "bus_sigma": 0.7943, "bus_tau_mean": 2.8402, "bus_tau_std": 5.4535, "bus_v_mean": 15.6336, "bus_v_std": 0.0644, "car_acc": 1.1048, "car_dcc": 3.9679, "car_lcAssertive": 20.114, "car_lcCooperative": 0.252, "car_lcLookaheadLeft": 81.3929, "car_lcPushy": 0.948, "car_lcSigma": 0.1704, "car_lcSpeedGainRight": 2.9491, "car_lcSublane": 0.2798, "car_sigma": 0.2771, "car_tau_mean": 2.4824, "car_tau_std": 2.3003, "car_v_mean": 12.1605, "car_v_std": 9.0759}, "datetime": {"datetime": "2024-08-08 18:37:39", "elapsed": 4444.814525, "delta": 20.222236}}
{"target": -0.34265537992456546, "params": {"bus_acc": 4.6097, "bus_dcc": 1.0838, "bus_lcAssertive": 12.4192, "bus_lcCooperative": 0.0231, "bus_lcLookaheadLeft": 74.815, "bus_lcPushy": 0.0258, "bus_lcSigma": 0.1938, "bus_lcSpeedGainRight": 2.3522, "bus_lcSublane": 0.16, "bus_sigma": 0.6274, "bus_tau_mean": 2.8854, "bus_tau_std": 2.7782, "bus_v_mean": 11.2349, "bus_v_std": 7.3807, "car_acc": 2.1809, "car_dcc": 3.8032, "car_lcAssertive": 43.1695, "car_lcCooperative": 0.4444, "car_lcLookaheadLeft": 86.0356, "car_lcPushy": 0.0033, "car_lcSigma": 0.3109, "car_lcSpeedGainRight": 3.998, "car_lcSublane": 0.2951, "car_sigma": 0.8515, "car_tau_mean": 2.85, "car_tau_std": 5.5221, "car_v_mean": 16.5799, "car_v_std": 17.6815}, "datetime": {"datetime": "2024-08-08 18:38:00", "elapsed": 4465.667612, "delta": 20.853087}}
{"target": -0.25203101769025815, "params": {"bus_acc": 2.1662, "bus_dcc": 3.9689, "bus_lcAssertive": 32.4185, "bus_lcCooperative": 0.3503, "bus_lcLookaheadLeft": 25.4859, "bus_lcPushy": 0.3381, "bus_lcSigma": 0.1028, "bus_lcSpeedGainRight": 2.5897, "bus_lcSublane": 0.0635, "bus_sigma": 0.0436, "bus_tau_mean": 1.2839, "bus_tau_std": 5.6662, "bus_v_mean": 19.8596, "bus_v_std": 19.355, "car_acc": 2.4265, "car_dcc": 2.6759, "car_lcAssertive": 1.5638, "car_lcCooperative": 0.6354, "car_lcLookaheadLeft": 22.5564, "car_lcPushy": 0.7189, "car_lcSigma": 0.7613, "car_lcSpeedGainRight": 0.8218, "car_lcSublane": 0.1116, "car_sigma": 0.4478, "car_tau_mean": 3.2321, "car_tau_std": 1.5347, "car_v_mean": 21.2668, "car_v_std": 4.0773}, "datetime": {"datetime": "2024-08-08 18:38:21", "elapsed": 4486.150671, "delta": 20.483059}}
{"target": -0.35934435640926216, "params": {"bus_acc": 4.8827, "bus_dcc": 3.8693, "bus_lcAssertive": 76.2108, "bus_lcCooperative": 0.5218, "bus_lcLookaheadLeft": 18.0541, "bus_lcPushy": 0.0057, "bus_lcSigma": 0.2584, "bus_lcSpeedGainRight": 1.7556, "bus_lcSublane": 0.6891, "bus_sigma": 0.6218, "bus_tau_mean": 2.9452, "bus_tau_std": 3.33, "bus_v_mean": 21.7547, "bus_v_std": 18.8033, "car_acc": 1.3516, "car_dcc": 1.7924, "car_lcAssertive": 51.5005, "car_lcCooperative": 0.3506, "car_lcLookaheadLeft": 74.7347, "car_lcPushy": 0.5426, "car_lcSigma": 0.0166, "car_lcSpeedGainRight": 2.0269, "car_lcSublane": 0.2467, "car_sigma": 0.5794, "car_tau_mean": 3.2609, "car_tau_std": 6.0397, "car_v_mean": 12.0275, "car_v_std": 18.0262}, "datetime": {"datetime": "2024-08-08 18:38:37", "elapsed": 4502.235691, "delta": 16.08502}}
{"target": -0.41248553372613345, "params": {"bus_acc": 2.778, "bus_dcc": 1.0665, "bus_lcAssertive": 71.5128, "bus_lcCooperative": 0.3786, "bus_lcLookaheadLeft": 32.8015, "bus_lcPushy": 0.3693, "bus_lcSigma": 0.8728, "bus_lcSpeedGainRight": 0.7609, "bus_lcSublane": 0.7163, "bus_sigma": 0.8368, "bus_tau_mean": 2.2181, "bus_tau_std": 9.4489, "bus_v_mean": 8.8735, "bus_v_std": 1.839, "car_acc": 2.3096, "car_dcc": 1.9175, "car_lcAssertive": 91.9777, "car_lcCooperative": 0.0936, "car_lcLookaheadLeft": 37.2586, "car_lcPushy": 0.211, "car_lcSigma": 0.8861, "car_lcSpeedGainRight": 4.2233, "car_lcSublane": 0.634, "car_sigma": 0.8016, "car_tau_mean": 3.4432, "car_tau_std": 3.4722, "car_v_mean": 8.1572, "car_v_std": 4.1211}, "datetime": {"datetime": "2024-08-08 18:38:57", "elapsed": 4522.399748, "delta": 20.164057}}
{"target": -0.306212324071167, "params": {"bus_acc": 1.4555, "bus_dcc": 3.7567, "bus_lcAssertive": 29.5073, "bus_lcCooperative": 0.8701, "bus_lcLookaheadLeft": 87.9567, "bus_lcPushy": 0.816, "bus_lcSigma": 0.3328, "bus_lcSpeedGainRight": 3.9392, "bus_lcSublane": 0.231, "bus_sigma": 0.9056, "bus_tau_mean": 2.9952, "bus_tau_std": 4.6937, "bus_v_mean": 12.3391, "bus_v_std": 10.7284, "car_acc": 3.7679, "car_dcc": 2.2863, "car_lcAssertive": 88.2472, "car_lcCooperative": 0.191, "car_lcLookaheadLeft": 13.3852, "car_lcPushy": 0.4349, "car_lcSigma": 0.1348, "car_lcSpeedGainRight": 0.569, "car_lcSublane": 0.6616, "car_sigma": 0.4203, "car_tau_mean": 3.1277, "car_tau_std": 2.8687, "car_v_mean": 13.6803, "car_v_std": 0.1269}, "datetime": {"datetime": "2024-08-08 18:39:17", "elapsed": 4542.140552, "delta": 19.740804}}
{"target": -0.32375391745082777, "params": {"bus_acc": 1.4612, "bus_dcc": 1.6348, "bus_lcAssertive": 5.99, "bus_lcCooperative": 0.8308, "bus_lcLookaheadLeft": 45.7692, "bus_lcPushy": 0.4783, "bus_lcSigma": 0.6295, "bus_lcSpeedGainRight": 4.1693, "bus_lcSublane": 0.6659, "bus_sigma": 0.5931, "bus_tau_mean": 3.5073, "bus_tau_std": 0.9258, "bus_v_mean": 23.65, "bus_v_std": 11.2913, "car_acc": 3.7265, "car_dcc": 3.2566, "car_lcAssertive": 27.6818, "car_lcCooperative": 0.8074, "car_lcLookaheadLeft": 21.4702, "car_lcPushy": 0.7823, "car_lcSigma": 0.7899, "car_lcSpeedGainRight": 1.8631, "car_lcSublane": 0.7853, "car_sigma": 0.9834, "car_tau_mean": 2.7496, "car_tau_std": 9.1332, "car_v_mean": 16.358, "car_v_std": 19.6209}, "datetime": {"datetime": "2024-08-08 18:39:49", "elapsed": 4574.757627, "delta": 32.617075}}
{"target": -0.3523859048629658, "params": {"bus_acc": 1.6017, "bus_dcc": 2.687, "bus_lcAssertive": 30.9926, "bus_lcCooperative": 0.5817, "bus_lcLookaheadLeft": 97.1134, "bus_lcPushy": 0.9489, "bus_lcSigma": 0.1474, "bus_lcSpeedGainRight": 2.0831, "bus_lcSublane": 0.9457, "bus_sigma": 0.6295, "bus_tau_mean": 1.8151, "bus_tau_std": 4.6012, "bus_v_mean": 15.9263, "bus_v_std": 9.9921, "car_acc": 2.4858, "car_dcc": 3.3262, "car_lcAssertive": 38.6079, "car_lcCooperative": 0.7489, "car_lcLookaheadLeft": 68.3676, "car_lcPushy": 0.2335, "car_lcSigma": 0.1289, "car_lcSpeedGainRight": 1.3295, "car_lcSublane": 0.166, "car_sigma": 0.7303, "car_tau_mean": 3.3405, "car_tau_std": 5.4708, "car_v_mean": 12.8006, "car_v_std": 9.2277}, "datetime": {"datetime": "2024-08-08 18:40:19", "elapsed": 4604.39435, "delta": 29.636723}}
{"target": -0.35312305842813574, "params": {"bus_acc": 4.2484, "bus_dcc": 3.3669, "bus_lcAssertive": 75.4506, "bus_lcCooperative": 0.7057, "bus_lcLookaheadLeft": 47.2689, "bus_lcPushy": 0.1222, "bus_lcSigma": 0.0914, "bus_lcSpeedGainRight": 2.0199, "bus_lcSublane": 0.225, "bus_sigma": 0.3984, "bus_tau_mean": 0.657, "bus_tau_std": 2.7471, "bus_v_mean": 16.0325, "bus_v_std": 8.6653, "car_acc": 1.8748, "car_dcc": 3.029, "car_lcAssertive": 82.9287, "car_lcCooperative": 0.3045, "car_lcLookaheadLeft": 43.6984, "car_lcPushy": 0.4626, "car_lcSigma": 0.7225, "car_lcSpeedGainRight": 3.155, "car_lcSublane": 0.6531, "car_sigma": 0.4207, "car_tau_mean": 1.632, "car_tau_std": 7.1686, "car_v_mean": 11.2503, "car_v_std": 17.6288}, "datetime": {"datetime": "2024-08-08 18:41:01", "elapsed": 4646.55, "delta": 42.15565}}
{"target": -0.3170525283739657, "params": {"bus_acc": 4.337, "bus_dcc": 2.6116, "bus_lcAssertive": 50.063, "bus_lcCooperative": 0.1313, "bus_lcLookaheadLeft": 39.0399, "bus_lcPushy": 0.571, "bus_lcSigma": 0.8906, "bus_lcSpeedGainRight": 0.7696, "bus_lcSublane": 0.5608, "bus_sigma": 0.8236, "bus_tau_mean": 1.177, "bus_tau_std": 7.5686, "bus_v_mean": 21.9441, "bus_v_std": 2.434, "car_acc": 4.6001, "car_dcc": 2.8518, "car_lcAssertive": 59.1767, "car_lcCooperative": 0.5503, "car_lcLookaheadLeft": 64.2246, "car_lcPushy": 0.8228, "car_lcSigma": 0.4192, "car_lcSpeedGainRight": 2.0749, "car_lcSublane": 0.4745, "car_sigma": 0.5879, "car_tau_mean": 3.7506, "car_tau_std": 9.0427, "car_v_mean": 20.8496, "car_v_std": 8.0038}, "datetime": {"datetime": "2024-08-08 18:41:27", "elapsed": 4672.477074, "delta": 25.927074}}
{"target": -0.2822339863574355, "params": {"bus_acc": 3.8729, "bus_dcc": 2.8072, "bus_lcAssertive": 59.3835, "bus_lcCooperative": 0.3572, "bus_lcLookaheadLeft": 42.628, "bus_lcPushy": 0.7101, "bus_lcSigma": 0.4621, "bus_lcSpeedGainRight": 4.8859, "bus_lcSublane": 0.1127, "bus_sigma": 0.897, "bus_tau_mean": 1.7927, "bus_tau_std": 6.2928, "bus_v_mean": 9.1741, "bus_v_std": 7.1707, "car_acc": 4.8186, "car_dcc": 1.3171, "car_lcAssertive": 91.3096, "car_lcCooperative": 0.0022, "car_lcLookaheadLeft": 50.6904, "car_lcPushy": 0.6799, "car_lcSigma": 0.9997, "car_lcSpeedGainRight": 2.2688, "car_lcSublane": 0.4639, "car_sigma": 0.6306, "car_tau_mean": 3.3443, "car_tau_std": 0.0373, "car_v_mean": 18.5122, "car_v_std": 19.9106}, "datetime": {"datetime": "2024-08-08 18:41:45", "elapsed": 4690.692484, "delta": 18.21541}}
{"target": -0.2635650690010772, "params": {"bus_acc": 2.7978, "bus_dcc": 2.9549, "bus_lcAssertive": 23.9996, "bus_lcCooperative": 0.1384, "bus_lcLookaheadLeft": 19.3619, "bus_lcPushy": 0.8959, "bus_lcSigma": 0.8633, "bus_lcSpeedGainRight": 4.9454, "bus_lcSublane": 0.2558, "bus_sigma": 0.7417, "bus_tau_mean": 2.2691, "bus_tau_std": 1.2965, "bus_v_mean": 16.2724, "bus_v_std": 13.1855, "car_acc": 4.1511, "car_dcc": 1.1437, "car_lcAssertive": 88.7697, "car_lcCooperative": 0.3379, "car_lcLookaheadLeft": 6.3377, "car_lcPushy": 0.7679, "car_lcSigma": 0.4475, "car_lcSpeedGainRight": 3.6541, "car_lcSublane": 0.3132, "car_sigma": 0.4714, "car_tau_mean": 1.2949, "car_tau_std": 8.1444, "car_v_mean": 9.8167, "car_v_std": 17.3312}, "datetime": {"datetime": "2024-08-08 18:42:29", "elapsed": 4734.324156, "delta": 43.631672}}
{"target": -0.3177782146809608, "params": {"bus_acc": 1.9211, "bus_dcc": 1.8568, "bus_lcAssertive": 83.2206, "bus_lcCooperative": 0.5637, "bus_lcLookaheadLeft": 33.7385, "bus_lcPushy": 0.3899, "bus_lcSigma": 0.2288, "bus_lcSpeedGainRight": 0.3665, "bus_lcSublane": 0.6735, "bus_sigma": 0.6458, "bus_tau_mean": 2.5897, "bus_tau_std": 8.2195, "bus_v_mean": 15.8682, "bus_v_std": 6.5937, "car_acc": 2.3696, "car_dcc": 1.0293, "car_lcAssertive": 9.8993, "car_lcCooperative": 0.4042, "car_lcLookaheadLeft": 7.4194, "car_lcPushy": 0.8993, "car_lcSigma": 0.0943, "car_lcSpeedGainRight": 2.912, "car_lcSublane": 0.7351, "car_sigma": 0.8908, "car_tau_mean": 3.0596, "car_tau_std": 4.1721, "car_v_mean": 20.7272, "car_v_std": 2.917}, "datetime": {"datetime": "2024-08-08 18:43:05", "elapsed": 4770.324547, "delta": 36.000391}}
{"target": -0.28712898428958106, "params": {"bus_acc": 1.477, "bus_dcc": 3.8019, "bus_lcAssertive": 63.8285, "bus_lcCooperative": 0.3778, "bus_lcLookaheadLeft": 79.2524, "bus_lcPushy": 0.6765, "bus_lcSigma": 0.9994, "bus_lcSpeedGainRight": 0.6273, "bus_lcSublane": 0.2399, "bus_sigma": 0.3547, "bus_tau_mean": 3.7426, "bus_tau_std": 5.5936, "bus_v_mean": 12.1624, "bus_v_std": 16.3899, "car_acc": 4.3057, "car_dcc": 1.0475, "car_lcAssertive": 87.6639, "car_lcCooperative": 0.3769, "car_lcLookaheadLeft": 96.6471, "car_lcPushy": 0.8892, "car_lcSigma": 0.9115, "car_lcSpeedGainRight": 3.706, "car_lcSublane": 0.0408, "car_sigma": 0.8994, "car_tau_mean": 0.5172, "car_tau_std": 5.9404, "car_v_mean": 13.2468, "car_v_std": 13.7144}, "datetime": {"datetime": "2024-08-08 18:43:30", "elapsed": 4796.07724, "delta": 25.752693}}
{"target": -0.32697638974017235, "params": {"bus_acc": 3.4168, "bus_dcc": 3.0846, "bus_lcAssertive": 85.9253, "bus_lcCooperative": 0.504, "bus_lcLookaheadLeft": 43.3289, "bus_lcPushy": 0.2892, "bus_lcSigma": 0.8202, "bus_lcSpeedGainRight": 3.2365, "bus_lcSublane": 0.0337, "bus_sigma": 0.1406, "bus_tau_mean": 2.8387, "bus_tau_std": 5.5028, "bus_v_mean": 17.6873, "bus_v_std": 2.0739, "car_acc": 2.538, "car_dcc": 3.5816, "car_lcAssertive": 37.1939, "car_lcCooperative": 0.063, "car_lcLookaheadLeft": 48.3121, "car_lcPushy": 0.0212, "car_lcSigma": 0.2301, "car_lcSpeedGainRight": 3.9475, "car_lcSublane": 0.6319, "car_sigma": 0.01, "car_tau_mean": 1.0902, "car_tau_std": 1.8159, "car_v_mean": 21.8724, "car_v_std": 16.606}, "datetime": {"datetime": "2024-08-08 18:43:49", "elapsed": 4814.677138, "delta": 18.599898}}
{"target": -0.27581510758245614, "params": {"bus_acc": 1.8384, "bus_dcc": 1.3975, "bus_lcAssertive": 72.2236, "bus_lcCooperative": 0.5159, "bus_lcLookaheadLeft": 90.588, "bus_lcPushy": 0.4164, "bus_lcSigma": 0.3292, "bus_lcSpeedGainRight": 4.2319, "bus_lcSublane": 0.9534, "bus_sigma": 0.8225, "bus_tau_mean": 3.1118, "bus_tau_std": 3.0585, "bus_v_mean": 8.073, "bus_v_std": 15.6993, "car_acc": 3.2157, "car_dcc": 2.8339, "car_lcAssertive": 24.6224, "car_lcCooperative": 0.2345, "car_lcLookaheadLeft": 74.023, "car_lcPushy": 0.1697, "car_lcSigma": 0.8836, "car_lcSpeedGainRight": 2.2264, "car_lcSublane": 0.5849, "car_sigma": 0.281, "car_tau_mean": 2.051, "car_tau_std": 4.5902, "car_v_mean": 12.2938, "car_v_std": 7.5749}, "datetime": {"datetime": "2024-08-08 18:44:03", "elapsed": 4828.86299, "delta": 14.185852}}
{"target": -0.319391254525277, "params": {"bus_acc": 1.1064, "bus_dcc": 3.2049, "bus_lcAssertive": 72.7633, "bus_lcCooperative": 0.0256, "bus_lcLookaheadLeft": 48.5884, "bus_lcPushy": 0.0076, "bus_lcSigma": 0.095, "bus_lcSpeedGainRight": 2.1491, "bus_lcSublane": 0.2167, "bus_sigma": 0.636, "bus_tau_mean": 2.0253, "bus_tau_std": 6.44, "bus_v_mean": 23.7754, "bus_v_std": 7.1859, "car_acc": 4.8851, "car_dcc": 2.155, "car_lcAssertive": 92.9305, "car_lcCooperative": 0.4986, "car_lcLookaheadLeft": 70.3136, "car_lcPushy": 0.4388, "car_lcSigma": 0.9063, "car_lcSpeedGainRight": 1.4926, "car_lcSublane": 0.9677, "car_sigma": 0.0416, "car_tau_mean": 1.1942, "car_tau_std": 4.9053, "car_v_mean": 19.9159, "car_v_std": 17.7474}, "datetime": {"datetime": "2024-08-08 18:44:25", "elapsed": 4850.407053, "delta": 21.544063}}
{"target": -0.2694799682255473, "params": {"bus_acc": 1.419, "bus_dcc": 2.7246, "bus_lcAssertive": 5.5285, "bus_lcCooperative": 0.6216, "bus_lcLookaheadLeft": 23.6263, "bus_lcPushy": 0.1331, "bus_lcSigma": 0.9062, "bus_lcSpeedGainRight": 0.3403, "bus_lcSublane": 0.8989, "bus_sigma": 0.184, "bus_tau_mean": 2.8893, "bus_tau_std": 5.5225, "bus_v_mean": 17.8182, "bus_v_std": 7.2461, "car_acc": 2.0209, "car_dcc": 2.1127, "car_lcAssertive": 34.2895, "car_lcCooperative": 0.1388, "car_lcLookaheadLeft": 56.1535, "car_lcPushy": 0.8802, "car_lcSigma": 0.6215, "car_lcSpeedGainRight": 4.5688, "car_lcSublane": 0.1948, "car_sigma": 0.9049, "car_tau_mean": 1.5218, "car_tau_std": 0.3494, "car_v_mean": 23.2043, "car_v_std": 17.6581}, "datetime": {"datetime": "2024-08-08 18:44:44", "elapsed": 4869.874976, "delta": 19.467923}}
{"target": -0.3159995307825971, "params": {"bus_acc": 2.829, "bus_dcc": 1.2437, "bus_lcAssertive": 82.1655, "bus_lcCooperative": 0.9553, "bus_lcLookaheadLeft": 99.9066, "bus_lcPushy": 0.1804, "bus_lcSigma": 0.2701, "bus_lcSpeedGainRight": 3.5373, "bus_lcSublane": 0.7282, "bus_sigma": 0.8367, "bus_tau_mean": 3.476, "bus_tau_std": 8.2593, "bus_v_mean": 9.9407, "bus_v_std": 9.4492, "car_acc": 2.0507, "car_dcc": 2.3429, "car_lcAssertive": 4.828, "car_lcCooperative": 0.5589, "car_lcLookaheadLeft": 98.8365, "car_lcPushy": 0.0991, "car_lcSigma": 0.6552, "car_lcSpeedGainRight": 3.4595, "car_lcSublane": 0.3984, "car_sigma": 0.0633, "car_tau_mean": 2.7967, "car_tau_std": 3.5916, "car_v_mean": 13.1931, "car_v_std": 16.1062}, "datetime": {"datetime": "2024-08-08 18:45:03", "elapsed": 4888.881869, "delta": 19.006893}}
{"target": -0.2849349479542797, "params": {"bus_acc": 4.412, "bus_dcc": 3.2063, "bus_lcAssertive": 62.7942, "bus_lcCooperative": 0.874, "bus_lcLookaheadLeft": 20.7596, "bus_lcPushy": 0.9658, "bus_lcSigma": 0.8078, "bus_lcSpeedGainRight": 4.0049, "bus_lcSublane": 0.4665, "bus_sigma": 0.9942, "bus_tau_mean": 3.973, "bus_tau_std": 8.9851, "bus_v_mean": 20.1032, "bus_v_std": 18.0734, "car_acc": 3.5486, "car_dcc": 2.5482, "car_lcAssertive": 98.0141, "car_lcCooperative": 0.9711, "car_lcLookaheadLeft": 8.5497, "car_lcPushy": 0.3005, "car_lcSigma": 0.6184, "car_lcSpeedGainRight": 4.2356, "car_lcSublane": 0.6358, "car_sigma": 0.6021, "car_tau_mean": 1.3386, "car_tau_std": 7.4782, "car_v_mean": 20.6913, "car_v_std": 10.8344}, "datetime": {"datetime": "2024-08-08 18:45:20", "elapsed": 4905.765845, "delta": 16.883976}}
{"target": -0.3242972848656813, "params": {"bus_acc": 4.8242, "bus_dcc": 3.5683, "bus_lcAssertive": 5.6449, "bus_lcCooperative": 0.1973, "bus_lcLookaheadLeft": 24.4544, "bus_lcPushy": 0.0095, "bus_lcSigma": 0.9936, "bus_lcSpeedGainRight": 4.6621, "bus_lcSublane": 0.596, "bus_sigma": 0.2186, "bus_tau_mean": 1.491, "bus_tau_std": 4.6293, "bus_v_mean": 19.69, "bus_v_std": 5.7878, "car_acc": 1.8709, "car_dcc": 1.632, "car_lcAssertive": 95.2132, "car_lcCooperative": 0.8139, "car_lcLookaheadLeft": 5.4249, "car_lcPushy": 0.0667, "car_lcSigma": 0.2857, "car_lcSpeedGainRight": 2.2519, "car_lcSublane": 0.4311, "car_sigma": 0.0668, "car_tau_mean": 3.9293, "car_tau_std": 8.9669, "car_v_mean": 19.2912, "car_v_std": 10.8506}, "datetime": {"datetime": "2024-08-08 18:45:37", "elapsed": 4922.741051, "delta": 16.975206}}
{"target": -0.32446998617924017, "params": {"bus_acc": 4.0646, "bus_dcc": 3.0222, "bus_lcAssertive": 73.5874, "bus_lcCooperative": 0.6592, "bus_lcLookaheadLeft": 64.9677, "bus_lcPushy": 0.7119, "bus_lcSigma": 0.8616, "bus_lcSpeedGainRight": 4.172, "bus_lcSublane": 0.5735, "bus_sigma": 0.9991, "bus_tau_mean": 0.5023, "bus_tau_std": 6.8631, "bus_v_mean": 20.0812, "bus_v_std": 19.1236, "car_acc": 2.4379, "car_dcc": 2.7114, "car_lcAssertive": 24.3344, "car_lcCooperative": 0.4383, "car_lcLookaheadLeft": 11.4384, "car_lcPushy": 0.455, "car_lcSigma": 0.4551, "car_lcSpeedGainRight": 4.4537, "car_lcSublane": 0.7247, "car_sigma": 0.8909, "car_tau_mean": 2.463, "car_tau_std": 6.2953, "car_v_mean": 23.1324, "car_v_std": 7.3622}, "datetime": {"datetime": "2024-08-08 18:45:58", "elapsed": 4943.291897, "delta": 20.550846}}
{"target": -0.3113626746204505, "params": {"bus_acc": 2.6465, "bus_dcc": 3.3846, "bus_lcAssertive": 21.6341, "bus_lcCooperative": 0.0745, "bus_lcLookaheadLeft": 11.8538, "bus_lcPushy": 0.32, "bus_lcSigma": 0.4992, "bus_lcSpeedGainRight": 3.1806, "bus_lcSublane": 0.8422, "bus_sigma": 0.1367, "bus_tau_mean": 2.8735, "bus_tau_std": 1.1351, "bus_v_mean": 21.1785, "bus_v_std": 16.6619, "car_acc": 2.7146, "car_dcc": 2.803, "car_lcAssertive": 18.4549, "car_lcCooperative": 0.8141, "car_lcLookaheadLeft": 51.0752, "car_lcPushy": 0.0772, "car_lcSigma": 0.5647, "car_lcSpeedGainRight": 4.9801, "car_lcSublane": 0.9548, "car_sigma": 0.598, "car_tau_mean": 0.5234, "car_tau_std": 5.0315, "car_v_mean": 21.5788, "car_v_std": 8.1341}, "datetime": {"datetime": "2024-08-08 18:46:16", "elapsed": 4962.095276, "delta": 18.803379}}
{"target": -0.2775088185371655, "params": {"bus_acc": 3.7795, "bus_dcc": 1.307, "bus_lcAssertive": 10.7121, "bus_lcCooperative": 0.1164, "bus_lcLookaheadLeft": 79.0149, "bus_lcPushy": 0.4941, "bus_lcSigma": 0.1164, "bus_lcSpeedGainRight": 3.8048, "bus_lcSublane": 0.0626, "bus_sigma": 0.3724, "bus_tau_mean": 3.9727, "bus_tau_std": 3.084, "bus_v_mean": 19.9444, "bus_v_std": 0.9968, "car_acc": 4.1498, "car_dcc": 2.7006, "car_lcAssertive": 16.0238, "car_lcCooperative": 0.4797, "car_lcLookaheadLeft": 41.3164, "car_lcPushy": 0.1699, "car_lcSigma": 0.8556, "car_lcSpeedGainRight": 3.553, "car_lcSublane": 0.4092, "car_sigma": 0.0056, "car_tau_mean": 2.2851, "car_tau_std": 1.1303, "car_v_mean": 12.6348, "car_v_std": 17.1979}, "datetime": {"datetime": "2024-08-08 18:46:30", "elapsed": 4975.740267, "delta": 13.644991}}
