{"target": -0.35203968973278343, "params": {"bus_acc": 2.7183, "bus_dcc": 3.152, "bus_lcAssertive": 76.6744, "bus_lcCooperative": 0.8261, "bus_lcLookaheadLeft": 99.6509, "bus_lcPushy": 0.5429, "bus_lcSigma": 0.7336, "bus_lcSpeedGainRight": 3.621, "bus_lcSublane": 0.7757, "bus_sigma": 0.0382, "bus_tau_mean": 0.6416, "bus_tau_std": 3.0357, "bus_v_mean": 11.3753, "bus_v_std": 7.7294, "car_acc": 1.4918, "car_dcc": 2.6456, "car_lcAssertive": 34.3459, "car_lcCooperative": 0.0172, "car_lcLookaheadLeft": 57.992, "car_lcPushy": 0.0499, "car_lcSigma": 0.4434, "car_lcSpeedGainRight": 0.3606, "car_lcSublane": 0.7777, "car_sigma": 0.9008, "car_tau_mean": 1.0047, "car_tau_std": 4.8071, "car_v_mean": 9.6624, "car_v_std": 1.3491}, "datetime": {"datetime": "2024-08-08 10:10:58", "elapsed": 938.206746, "delta": 2.267207}}
{"target": -0.35846368414051466, "params": {"bus_acc": 2.0364, "bus_dcc": 2.5228, "bus_lcAssertive": 87.3534, "bus_lcCooperative": 0.3481, "bus_lcLookaheadLeft": 70.9904, "bus_lcPushy": 0.4488, "bus_lcSigma": 0.4639, "bus_lcSpeedGainRight": 4.9782, "bus_lcSublane": 0.7781, "bus_sigma": 0.2345, "bus_tau_mean": 3.577, "bus_tau_std": 1.0434, "bus_v_mean": 13.1483, "bus_v_std": 16.6845, "car_acc": 2.9612, "car_dcc": 2.9213, "car_lcAssertive": 86.0717, "car_lcCooperative": 0.674, "car_lcLookaheadLeft": 14.1276, "car_lcPushy": 0.1672, "car_lcSigma": 0.697, "car_lcSpeedGainRight": 4.4154, "car_lcSublane": 0.8821, "car_sigma": 0.526, "car_tau_mean": 1.1384, "car_tau_std": 8.7272, "car_v_mean": 14.8723, "car_v_std": 3.8312}, "datetime": {"datetime": "2024-08-08 10:11:01", "elapsed": 941.018412, "delta": 2.811666}}
{"target": -0.3587116200494084, "params": {"bus_acc": 2.8487, "bus_dcc": 3.1442, "bus_lcAssertive": 21.1899, "bus_lcCooperative": 0.2626, "bus_lcLookaheadLeft": 97.1188, "bus_lcPushy": 0.0722, "bus_lcSigma": 0.0265, "bus_lcSpeedGainRight": 1.676, "bus_lcSublane": 0.1749, "bus_sigma": 0.99, "bus_tau_mean": 2.6088, "bus_tau_std": 4.9183, "bus_v_mean": 11.8035, "bus_v_std": 16.5348, "car_acc": 1.9986, "car_dcc": 2.0137, "car_lcAssertive": 85.3045, "car_lcCooperative": 0.3389, "car_lcLookaheadLeft": 96.4169, "car_lcPushy": 0.887, "car_lcSigma": 0.3097, "car_lcSpeedGainRight": 0.1435, "car_lcSublane": 0.3249, "car_sigma": 0.6123, "car_tau_mean": 3.1186, "car_tau_std": 4.481, "car_v_mean": 23.4223, "car_v_std": 0.6232}, "datetime": {"datetime": "2024-08-08 10:11:02", "elapsed": 942.661923, "delta": 1.643511}}
{"target": -0.3313234726459162, "params": {"bus_acc": 1.4879, "bus_dcc": 2.793, "bus_lcAssertive": 92.7217, "bus_lcCooperative": 0.2456, "bus_lcLookaheadLeft": 77.3978, "bus_lcPushy": 0.6234, "bus_lcSigma": 0.8235, "bus_lcSpeedGainRight": 4.3277, "bus_lcSublane": 0.7676, "bus_sigma": 0.2939, "bus_tau_mean": 1.8247, "bus_tau_std": 5.428, "bus_v_mean": 19.0888, "bus_v_std": 4.9767, "car_acc": 1.9835, "car_dcc": 2.1265, "car_lcAssertive": 58.5642, "car_lcCooperative": 0.6215, "car_lcLookaheadLeft": 67.1425, "car_lcPushy": 0.9814, "car_lcSigma": 0.1873, "car_lcSpeedGainRight": 0.0567, "car_lcSublane": 0.684, "car_sigma": 0.0512, "car_tau_mean": 2.7919, "car_tau_std": 0.7351, "car_v_mean": 15.6242, "car_v_std": 16.6878}, "datetime": {"datetime": "2024-08-08 10:11:03", "elapsed": 943.946301, "delta": 1.284378}}
{"target": -0.35346727358746777, "params": {"bus_acc": 2.5897, "bus_dcc": 1.7716, "bus_lcAssertive": 65.3256, "bus_lcCooperative": 0.1885, "bus_lcLookaheadLeft": 8.1948, "bus_lcPushy": 0.8229, "bus_lcSigma": 0.0786, "bus_lcSpeedGainRight": 3.6169, "bus_lcSublane": 0.7108, "bus_sigma": 0.4465, "bus_tau_mean": 2.8659, "bus_tau_std": 8.8782, "bus_v_mean": 12.4336, "bus_v_std": 4.7915, "car_acc": 1.5433, "car_dcc": 1.6539, "car_lcAssertive": 88.3993, "car_lcCooperative": 0.5031, "car_lcLookaheadLeft": 22.0275, "car_lcPushy": 0.6727, "car_lcSigma": 0.0119, "car_lcSpeedGainRight": 3.2086, "car_lcSublane": 0.7609, "car_sigma": 0.361, "car_tau_mean": 3.8285, "car_tau_std": 1.6989, "car_v_mean": 9.7343, "car_v_std": 6.5586}, "datetime": {"datetime": "2024-08-08 10:11:05", "elapsed": 945.856057, "delta": 1.909756}}
{"target": -0.3843476747504191, "params": {"bus_acc": 1.7522, "bus_dcc": 2.6434, "bus_lcAssertive": 84.6181, "bus_lcCooperative": 0.2333, "bus_lcLookaheadLeft": 8.5894, "bus_lcPushy": 0.4813, "bus_lcSigma": 0.5618, "bus_lcSpeedGainRight": 2.6289, "bus_lcSublane": 0.5333, "bus_sigma": 0.325, "bus_tau_mean": 1.6416, "bus_tau_std": 4.8299, "bus_v_mean": 19.5934, "bus_v_std": 11.9692, "car_acc": 2.3518, "car_dcc": 2.2059, "car_lcAssertive": 22.917, "car_lcCooperative": 0.596, "car_lcLookaheadLeft": 67.7418, "car_lcPushy": 0.7118, "car_lcSigma": 0.2318, "car_lcSpeedGainRight": 4.6569, "car_lcSublane": 0.1408, "car_sigma": 0.7203, "car_tau_mean": 1.7947, "car_tau_std": 1.9725, "car_v_mean": 10.2494, "car_v_std": 14.631}, "datetime": {"datetime": "2024-08-08 10:11:11", "elapsed": 951.136521, "delta": 5.280464}}
{"target": -0.3378606321396346, "params": {"bus_acc": 1.0218, "bus_dcc": 1.4159, "bus_lcAssertive": 74.6367, "bus_lcCooperative": 0.1634, "bus_lcLookaheadLeft": 81.1971, "bus_lcPushy": 0.4938, "bus_lcSigma": 0.8613, "bus_lcSpeedGainRight": 1.8922, "bus_lcSublane": 0.0174, "bus_sigma": 0.2538, "bus_tau_mean": 0.6094, "bus_tau_std": 1.1869, "bus_v_mean": 20.4435, "bus_v_std": 13.0276, "car_acc": 1.8646, "car_dcc": 2.1519, "car_lcAssertive": 70.3738, "car_lcCooperative": 0.6462, "car_lcLookaheadLeft": 75.8626, "car_lcPushy": 0.9345, "car_lcSigma": 0.5123, "car_lcSpeedGainRight": 2.4569, "car_lcSublane": 0.8878, "car_sigma": 0.8269, "car_tau_mean": 2.5697, "car_tau_std": 6.8198, "car_v_mean": 22.9027, "car_v_std": 16.0248}, "datetime": {"datetime": "2024-08-08 10:11:25", "elapsed": 965.769148, "delta": 14.632627}}
{"target": -0.3577803236865663, "params": {"bus_acc": 2.0976, "bus_dcc": 2.6245, "bus_lcAssertive": 8.1325, "bus_lcCooperative": 0.6001, "bus_lcLookaheadLeft": 39.4386, "bus_lcPushy": 0.8097, "bus_lcSigma": 0.4982, "bus_lcSpeedGainRight": 4.1728, "bus_lcSublane": 0.2392, "bus_sigma": 0.3334, "bus_tau_mean": 1.8231, "bus_tau_std": 1.7419, "bus_v_mean": 13.0312, "bus_v_std": 14.8683, "car_acc": 1.8007, "car_dcc": 3.0609, "car_lcAssertive": 26.8949, "car_lcCooperative": 0.2869, "car_lcLookaheadLeft": 38.4078, "car_lcPushy": 0.5446, "car_lcSigma": 0.2871, "car_lcSpeedGainRight": 1.4954, "car_lcSublane": 0.8154, "car_sigma": 0.588, "car_tau_mean": 1.8549, "car_tau_std": 1.4121, "car_v_mean": 8.6689, "car_v_std": 8.0674}, "datetime": {"datetime": "2024-08-08 10:11:44", "elapsed": 984.054912, "delta": 18.285764}}
{"target": -0.363306845105469, "params": {"bus_acc": 2.0978, "bus_dcc": 2.6654, "bus_lcAssertive": 8.3949, "bus_lcCooperative": 0.5984, "bus_lcLookaheadLeft": 38.9784, "bus_lcPushy": 0.871, "bus_lcSigma": 0.4948, "bus_lcSpeedGainRight": 4.2863, "bus_lcSublane": 0.2027, "bus_sigma": 0.3641, "bus_tau_mean": 1.8234, "bus_tau_std": 1.6343, "bus_v_mean": 12.9038, "bus_v_std": 14.811, "car_acc": 1.8144, "car_dcc": 3.0926, "car_lcAssertive": 26.8452, "car_lcCooperative": 0.2808, "car_lcLookaheadLeft": 38.621, "car_lcPushy": 0.533, "car_lcSigma": 0.2912, "car_lcSpeedGainRight": 1.5392, "car_lcSublane": 0.8593, "car_sigma": 0.6006, "car_tau_mean": 1.8891, "car_tau_std": 0.8813, "car_v_mean": 8.8603, "car_v_std": 8.2161}, "datetime": {"datetime": "2024-08-08 10:11:58", "elapsed": 998.479308, "delta": 14.424396}}
{"target": -0.3492409533711307, "params": {"bus_acc": 1.7981, "bus_dcc": 1.9424, "bus_lcAssertive": 59.9041, "bus_lcCooperative": 0.6595, "bus_lcLookaheadLeft": 33.3885, "bus_lcPushy": 0.6384, "bus_lcSigma": 0.4026, "bus_lcSpeedGainRight": 1.6314, "bus_lcSublane": 0.6925, "bus_sigma": 0.292, "bus_tau_mean": 2.2217, "bus_tau_std": 6.5879, "bus_v_mean": 9.8154, "bus_v_std": 4.5543, "car_acc": 1.7051, "car_dcc": 2.5921, "car_lcAssertive": 32.643, "car_lcCooperative": 0.4859, "car_lcLookaheadLeft": 11.681, "car_lcPushy": 0.3125, "car_lcSigma": 0.6727, "car_lcSpeedGainRight": 1.1217, "car_lcSublane": 0.7921, "car_sigma": 0.6678, "car_tau_mean": 1.2585, "car_tau_std": 1.4217, "car_v_mean": 20.3585, "car_v_std": 7.5778}, "datetime": {"datetime": "2024-08-08 10:12:04", "elapsed": 1004.651203, "delta": 6.171895}}
{"target": -0.42404727817133486, "params": {"bus_acc": 1.6055, "bus_dcc": 3.5724, "bus_lcAssertive": 78.9296, "bus_lcCooperative": 0.5548, "bus_lcLookaheadLeft": 71.1737, "bus_lcPushy": 0.9239, "bus_lcSigma": 0.0782, "bus_lcSpeedGainRight": 0.4058, "bus_lcSublane": 0.4183, "bus_sigma": 0.285, "bus_tau_mean": 1.5909, "bus_tau_std": 1.0443, "bus_v_mean": 22.6714, "bus_v_std": 6.1342, "car_acc": 1.3552, "car_dcc": 3.9568, "car_lcAssertive": 12.0757, "car_lcCooperative": 0.2302, "car_lcLookaheadLeft": 56.13, "car_lcPushy": 0.7665, "car_lcSigma": 0.116, "car_lcSpeedGainRight": 2.5439, "car_lcSublane": 0.5727, "car_sigma": 0.3958, "car_tau_mean": 1.3237, "car_tau_std": 0.5831, "car_v_mean": 15.759, "car_v_std": 8.1955}, "datetime": {"datetime": "2024-08-08 10:12:13", "elapsed": 1013.706355, "delta": 9.055152}}
{"target": -0.3556974354802229, "params": {"bus_acc": 2.0715, "bus_dcc": 1.7661, "bus_lcAssertive": 2.271, "bus_lcCooperative": 0.4421, "bus_lcLookaheadLeft": 15.7745, "bus_lcPushy": 0.4131, "bus_lcSigma": 0.3818, "bus_lcSpeedGainRight": 0.119, "bus_lcSublane": 0.9411, "bus_sigma": 0.5794, "bus_tau_mean": 1.4746, "bus_tau_std": 6.2592, "bus_v_mean": 21.2319, "bus_v_std": 4.7558, "car_acc": 1.7087, "car_dcc": 1.5725, "car_lcAssertive": 6.2929, "car_lcCooperative": 0.9029, "car_lcLookaheadLeft": 79.0639, "car_lcPushy": 0.2709, "car_lcSigma": 0.8056, "car_lcSpeedGainRight": 0.4983, "car_lcSublane": 0.5162, "car_sigma": 0.8412, "car_tau_mean": 1.3151, "car_tau_std": 0.2139, "car_v_mean": 21.9441, "car_v_std": 14.9195}, "datetime": {"datetime": "2024-08-08 10:12:34", "elapsed": 1034.002109, "delta": 20.295754}}
{"target": -0.400982565934877, "params": {"bus_acc": 2.0406, "bus_dcc": 2.6783, "bus_lcAssertive": 8.6308, "bus_lcCooperative": 0.6178, "bus_lcLookaheadLeft": 39.5937, "bus_lcPushy": 0.8449, "bus_lcSigma": 0.5189, "bus_lcSpeedGainRight": 4.5158, "bus_lcSublane": 0.1836, "bus_sigma": 0.3662, "bus_tau_mean": 1.9063, "bus_tau_std": 1.6457, "bus_v_mean": 12.4796, "bus_v_std": 14.8788, "car_acc": 1.8426, "car_dcc": 3.1122, "car_lcAssertive": 27.2011, "car_lcCooperative": 0.2652, "car_lcLookaheadLeft": 39.0306, "car_lcPushy": 0.5376, "car_lcSigma": 0.2621, "car_lcSpeedGainRight": 1.4329, "car_lcSublane": 0.8425, "car_sigma": 0.6077, "car_tau_mean": 1.8941, "car_tau_std": 0.8666, "car_v_mean": 8.31, "car_v_std": 8.0264}, "datetime": {"datetime": "2024-08-08 10:12:46", "elapsed": 1046.565315, "delta": 12.563206}}
{"target": -0.29134172876997344, "params": {"bus_acc": 1.5191, "bus_dcc": 1.5984, "bus_lcAssertive": 2.8377, "bus_lcCooperative": 1.0, "bus_lcLookaheadLeft": 11.6723, "bus_lcPushy": 1.0, "bus_lcSigma": 1.0, "bus_lcSpeedGainRight": 2.8158, "bus_lcSublane": 0.7247, "bus_sigma": 0.7388, "bus_tau_mean": 1.7665, "bus_tau_std": 9.4953, "bus_v_mean": 19.9954, "bus_v_std": 0.8965, "car_acc": 2.3011, "car_dcc": 2.2219, "car_lcAssertive": 4.2457, "car_lcCooperative": 1.0, "car_lcLookaheadLeft": 77.9437, "car_lcPushy": 0.7149, "car_lcSigma": 1.0, "car_lcSpeedGainRight": 2.0012, "car_lcSublane": 0.693, "car_sigma": 1.0, "car_tau_mean": 4.0, "car_tau_std": 5.6207, "car_v_mean": 23.6161, "car_v_std": 18.1451}, "datetime": {"datetime": "2024-08-08 10:13:12", "elapsed": 1072.57365, "delta": 26.008335}}
{"target": -0.3794320312723837, "params": {"bus_acc": 2.3379, "bus_dcc": 1.0542, "bus_lcAssertive": 83.128, "bus_lcCooperative": 0.4798, "bus_lcLookaheadLeft": 10.7037, "bus_lcPushy": 0.2802, "bus_lcSigma": 0.2703, "bus_lcSpeedGainRight": 4.2557, "bus_lcSublane": 0.4791, "bus_sigma": 0.1963, "bus_tau_mean": 1.8267, "bus_tau_std": 3.7132, "bus_v_mean": 17.7354, "bus_v_std": 14.0963, "car_acc": 2.6651, "car_dcc": 2.8077, "car_lcAssertive": 29.049, "car_lcCooperative": 0.3965, "car_lcLookaheadLeft": 72.7833, "car_lcPushy": 0.2783, "car_lcSigma": 0.2153, "car_lcSpeedGainRight": 2.4391, "car_lcSublane": 0.9683, "car_sigma": 0.9036, "car_tau_mean": 1.2009, "car_tau_std": 0.8524, "car_v_mean": 12.4277, "car_v_std": 16.5095}, "datetime": {"datetime": "2024-08-08 10:13:15", "elapsed": 1075.922563, "delta": 3.348913}}
{"target": -0.31079852200012265, "params": {"bus_acc": 2.0702, "bus_dcc": 2.604, "bus_lcAssertive": 8.0746, "bus_lcCooperative": 0.5957, "bus_lcLookaheadLeft": 39.2125, "bus_lcPushy": 0.8512, "bus_lcSigma": 0.5111, "bus_lcSpeedGainRight": 4.2689, "bus_lcSublane": 0.1994, "bus_sigma": 0.3425, "bus_tau_mean": 1.7922, "bus_tau_std": 1.7071, "bus_v_mean": 12.9755, "bus_v_std": 14.6266, "car_acc": 1.8193, "car_dcc": 3.0878, "car_lcAssertive": 27.79, "car_lcCooperative": 0.2735, "car_lcLookaheadLeft": 39.0281, "car_lcPushy": 0.5778, "car_lcSigma": 0.3117, "car_lcSpeedGainRight": 1.5725, "car_lcSublane": 0.8428, "car_sigma": 0.5951, "car_tau_mean": 1.7346, "car_tau_std": 1.0485, "car_v_mean": 8.4905, "car_v_std": 8.2778}, "datetime": {"datetime": "2024-08-08 10:13:17", "elapsed": 1077.80461, "delta": 1.882047}}
{"target": -0.35530045261260734, "params": {"bus_acc": 2.6616, "bus_dcc": 3.3235, "bus_lcAssertive": 69.1415, "bus_lcCooperative": 0.4973, "bus_lcLookaheadLeft": 5.4008, "bus_lcPushy": 0.2577, "bus_lcSigma": 0.4435, "bus_lcSpeedGainRight": 4.313, "bus_lcSublane": 0.7191, "bus_sigma": 0.3742, "bus_tau_mean": 3.8668, "bus_tau_std": 8.7395, "bus_v_mean": 9.7221, "bus_v_std": 3.6648, "car_acc": 1.8492, "car_dcc": 3.4213, "car_lcAssertive": 84.7085, "car_lcCooperative": 0.6028, "car_lcLookaheadLeft": 20.9149, "car_lcPushy": 0.425, "car_lcSigma": 0.1374, "car_lcSpeedGainRight": 2.9329, "car_lcSublane": 0.5107, "car_sigma": 0.4314, "car_tau_mean": 1.4763, "car_tau_std": 2.2112, "car_v_mean": 13.5759, "car_v_std": 2.2788}, "datetime": {"datetime": "2024-08-08 10:13:42", "elapsed": 1102.012962, "delta": 24.208352}}
{"target": -0.395015238321867, "params": {"bus_acc": 2.103, "bus_dcc": 2.6053, "bus_lcAssertive": 8.3251, "bus_lcCooperative": 0.5998, "bus_lcLookaheadLeft": 39.3261, "bus_lcPushy": 0.8487, "bus_lcSigma": 0.5067, "bus_lcSpeedGainRight": 4.2918, "bus_lcSublane": 0.2031, "bus_sigma": 0.3355, "bus_tau_mean": 1.8073, "bus_tau_std": 1.8225, "bus_v_mean": 12.9812, "bus_v_std": 14.8182, "car_acc": 1.8089, "car_dcc": 3.0743, "car_lcAssertive": 27.0816, "car_lcCooperative": 0.2842, "car_lcLookaheadLeft": 38.7541, "car_lcPushy": 0.5634, "car_lcSigma": 0.2859, "car_lcSpeedGainRight": 1.4382, "car_lcSublane": 0.8496, "car_sigma": 0.5992, "car_tau_mean": 1.8009, "car_tau_std": 0.7499, "car_v_mean": 8.5097, "car_v_std": 8.0559}, "datetime": {"datetime": "2024-08-08 10:14:01", "elapsed": 1121.646877, "delta": 19.633915}}
{"target": -0.36660703608219036, "params": {"bus_acc": 1.1856, "bus_dcc": 2.8619, "bus_lcAssertive": 7.5058, "bus_lcCooperative": 0.5446, "bus_lcLookaheadLeft": 76.7145, "bus_lcPushy": 0.4178, "bus_lcSigma": 0.2252, "bus_lcSpeedGainRight": 4.0511, "bus_lcSublane": 0.1703, "bus_sigma": 0.5659, "bus_tau_mean": 2.4045, "bus_tau_std": 9.7133, "bus_v_mean": 10.5918, "bus_v_std": 3.0339, "car_acc": 1.6085, "car_dcc": 1.5235, "car_lcAssertive": 93.0963, "car_lcCooperative": 0.1269, "car_lcLookaheadLeft": 93.5865, "car_lcPushy": 0.6718, "car_lcSigma": 0.398, "car_lcSpeedGainRight": 4.0339, "car_lcSublane": 0.2517, "car_sigma": 0.406, "car_tau_mean": 1.6091, "car_tau_std": 2.8146, "car_v_mean": 23.2454, "car_v_std": 5.0454}, "datetime": {"datetime": "2024-08-08 10:14:04", "elapsed": 1124.206329, "delta": 2.559452}}
{"target": -0.36199614768492033, "params": {"bus_acc": 1.5193, "bus_dcc": 1.5986, "bus_lcAssertive": 2.8378, "bus_lcCooperative": 1.0, "bus_lcLookaheadLeft": 11.6584, "bus_lcPushy": 1.0, "bus_lcSigma": 1.0, "bus_lcSpeedGainRight": 2.816, "bus_lcSublane": 0.718, "bus_sigma": 0.7318, "bus_tau_mean": 1.7666, "bus_tau_std": 9.4815, "bus_v_mean": 19.9816, "bus_v_std": 0.8967, "car_acc": 2.3012, "car_dcc": 2.2221, "car_lcAssertive": 4.2389, "car_lcCooperative": 1.0, "car_lcLookaheadLeft": 77.9367, "car_lcPushy": 0.701, "car_lcSigma": 1.0, "car_lcSpeedGainRight": 2.0014, "car_lcSublane": 0.6792, "car_sigma": 1.0, "car_tau_mean": 4.0, "car_tau_std": 5.6068, "car_v_mean": 23.6022, "car_v_std": 18.1312}, "datetime": {"datetime": "2024-08-08 10:14:07", "elapsed": 1127.189874, "delta": 2.983545}}
{"target": -0.3382179766813135, "params": {"bus_acc": 1.9241, "bus_dcc": 3.3123, "bus_lcAssertive": 87.3034, "bus_lcCooperative": 0.5078, "bus_lcLookaheadLeft": 10.3551, "bus_lcPushy": 0.6851, "bus_lcSigma": 0.725, "bus_lcSpeedGainRight": 2.6408, "bus_lcSublane": 0.7224, "bus_sigma": 0.7106, "bus_tau_mean": 1.0381, "bus_tau_std": 4.0561, "bus_v_mean": 9.701, "bus_v_std": 19.9036, "car_acc": 1.1012, "car_dcc": 2.1132, "car_lcAssertive": 72.7022, "car_lcCooperative": 0.8449, "car_lcLookaheadLeft": 14.4352, "car_lcPushy": 0.6651, "car_lcSigma": 0.5069, "car_lcSpeedGainRight": 3.5825, "car_lcSublane": 0.7276, "car_sigma": 0.4687, "car_tau_mean": 3.601, "car_tau_std": 7.2174, "car_v_mean": 22.8557, "car_v_std": 3.1504}, "datetime": {"datetime": "2024-08-08 10:14:21", "elapsed": 1141.089213, "delta": 13.899339}}
{"target": -0.3038097328395246, "params": {"bus_acc": 1.1816, "bus_dcc": 1.2609, "bus_lcAssertive": 2.5002, "bus_lcCooperative": 1.0, "bus_lcLookaheadLeft": 11.3277, "bus_lcPushy": 0.9087, "bus_lcSigma": 0.7257, "bus_lcSpeedGainRight": 2.4783, "bus_lcSublane": 0.3854, "bus_sigma": 0.3923, "bus_tau_mean": 1.429, "bus_tau_std": 9.1526, "bus_v_mean": 19.6527, "bus_v_std": 0.5591, "car_acc": 1.9636, "car_dcc": 1.8844, "car_lcAssertive": 3.9082, "car_lcCooperative": 0.9718, "car_lcLookaheadLeft": 77.6009, "car_lcPushy": 0.3684, "car_lcSigma": 0.8424, "car_lcSpeedGainRight": 1.6637, "car_lcSublane": 0.3466, "car_sigma": 1.0, "car_tau_mean": 4.0, "car_tau_std": 5.2761, "car_v_mean": 23.2733, "car_v_std": 17.8023}, "datetime": {"datetime": "2024-08-08 10:14:26", "elapsed": 1146.241256, "delta": 5.152043}}
{"target": -0.3421875305019372, "params": {"bus_acc": 1.1826, "bus_dcc": 1.2619, "bus_lcAssertive": 2.5012, "bus_lcCooperative": 1.0, "bus_lcLookaheadLeft": 11.3307, "bus_lcPushy": 0.9085, "bus_lcSigma": 0.7247, "bus_lcSpeedGainRight": 2.4793, "bus_lcSublane": 0.3902, "bus_sigma": 0.3972, "bus_tau_mean": 1.43, "bus_tau_std": 9.1537, "bus_v_mean": 19.6538, "bus_v_std": 0.5581, "car_acc": 1.9626, "car_dcc": 1.8835, "car_lcAssertive": 3.9092, "car_lcCooperative": 0.9648, "car_lcLookaheadLeft": 77.6001, "car_lcPushy": 0.3713, "car_lcSigma": 0.8361, "car_lcSpeedGainRight": 1.6647, "car_lcSublane": 0.3494, "car_sigma": 1.0, "car_tau_mean": 4.0, "car_tau_std": 5.2791, "car_v_mean": 23.2745, "car_v_std": 17.8034}, "datetime": {"datetime": "2024-08-08 10:14:37", "elapsed": 1157.373466, "delta": 11.13221}}
{"target": -0.3689083251495934, "params": {"bus_acc": 2.0642, "bus_dcc": 2.6199, "bus_lcAssertive": 8.0701, "bus_lcCooperative": 0.5836, "bus_lcLookaheadLeft": 38.9592, "bus_lcPushy": 0.8404, "bus_lcSigma": 0.5173, "bus_lcSpeedGainRight": 4.1897, "bus_lcSublane": 0.2217, "bus_sigma": 0.3413, "bus_tau_mean": 1.7742, "bus_tau_std": 1.8642, "bus_v_mean": 13.3338, "bus_v_std": 14.6275, "car_acc": 1.8188, "car_dcc": 3.0465, "car_lcAssertive": 27.8736, "car_lcCooperative": 0.2682, "car_lcLookaheadLeft": 38.9773, "car_lcPushy": 0.579, "car_lcSigma": 0.334, "car_lcSpeedGainRight": 1.6273, "car_lcSublane": 0.8406, "car_sigma": 0.5961, "car_tau_mean": 1.6933, "car_tau_std": 1.1296, "car_v_mean": 8.8554, "car_v_std": 8.2978}, "datetime": {"datetime": "2024-08-08 10:15:06", "elapsed": 1186.727446, "delta": 29.35398}}
{"target": -0.4546394253517899, "params": {"bus_acc": 1.7137, "bus_dcc": 2.4408, "bus_lcAssertive": 72.3979, "bus_lcCooperative": 0.5548, "bus_lcLookaheadLeft": 76.7492, "bus_lcPushy": 0.0401, "bus_lcSigma": 0.6952, "bus_lcSpeedGainRight": 0.8391, "bus_lcSublane": 0.8322, "bus_sigma": 0.5852, "bus_tau_mean": 1.952, "bus_tau_std": 0.8985, "bus_v_mean": 14.9839, "bus_v_std": 1.6019, "car_acc": 1.9921, "car_dcc": 2.7499, "car_lcAssertive": 83.5505, "car_lcCooperative": 0.6621, "car_lcLookaheadLeft": 22.1125, "car_lcPushy": 0.9087, "car_lcSigma": 0.5808, "car_lcSpeedGainRight": 4.0591, "car_lcSublane": 0.6427, "car_sigma": 0.063, "car_tau_mean": 3.2849, "car_tau_std": 9.6113, "car_v_mean": 18.6813, "car_v_std": 3.3463}, "datetime": {"datetime": "2024-08-08 10:15:18", "elapsed": 1198.096516, "delta": 11.36907}}
{"target": -0.5115578032053778, "params": {"bus_acc": 1.4028, "bus_dcc": 1.206, "bus_lcAssertive": 72.8553, "bus_lcCooperative": 0.8018, "bus_lcLookaheadLeft": 16.3868, "bus_lcPushy": 0.8308, "bus_lcSigma": 0.4308, "bus_lcSpeedGainRight": 0.8344, "bus_lcSublane": 0.1799, "bus_sigma": 0.511, "bus_tau_mean": 1.3791, "bus_tau_std": 2.1014, "bus_v_mean": 21.5464, "bus_v_std": 4.7479, "car_acc": 1.2443, "car_dcc": 3.6866, "car_lcAssertive": 21.3981, "car_lcCooperative": 0.9159, "car_lcLookaheadLeft": 46.1616, "car_lcPushy": 0.3291, "car_lcSigma": 0.2263, "car_lcSpeedGainRight": 2.5672, "car_lcSublane": 0.4834, "car_sigma": 0.907, "car_tau_mean": 0.6628, "car_tau_std": 4.818, "car_v_mean": 22.094, "car_v_std": 0.595}, "datetime": {"datetime": "2024-08-08 10:15:26", "elapsed": 1206.975865, "delta": 8.879349}}
