{"target": -0.34797568090045633, "params": {"bus_acc": 1.1759, "bus_dcc": 3.2884, "bus_lcAssertive": 89.7942, "bus_lcCooperative": 0.3435, "bus_lcLookaheadLeft": 22.0915, "bus_lcPushy": 0.1168, "bus_lcSigma": 0.4817, "bus_lcSpeedGainRight": 4.1651, "bus_lcSublane": 0.3874, "bus_sigma": 0.9973, "bus_tau_mean": 0.5373, "bus_tau_std": 0.9242, "bus_v_mean": 15.1635, "bus_v_std": 9.3009, "car_acc": 1.4758, "car_dcc": 2.0424, "car_lcAssertive": 27.5006, "car_lcCooperative": 0.3598, "car_lcLookaheadLeft": 25.3683, "car_lcPushy": 0.6051, "car_lcSigma": 0.3295, "car_lcSpeedGainRight": 0.6633, "car_lcSublane": 0.8246, "car_sigma": 0.28, "car_tau_mean": 3.9674, "car_tau_std": 1.7699, "car_v_mean": 9.6283, "car_v_std": 14.9895}, "datetime": {"datetime": "2024-08-08 19:08:08", "elapsed": 1896.485168, "delta": 2.942964}}
{"target": -0.3359034561736504, "params": {"bus_acc": 2.6442, "bus_dcc": 1.759, "bus_lcAssertive": 85.2226, "bus_lcCooperative": 0.0052, "bus_lcLookaheadLeft": 74.6858, "bus_lcPushy": 0.5007, "bus_lcSigma": 0.6631, "bus_lcSpeedGainRight": 0.874, "bus_lcSublane": 0.85, "bus_sigma": 0.8846, "bus_tau_mean": 2.8296, "bus_tau_std": 5.6252, "bus_v_mean": 16.9955, "bus_v_std": 5.9692, "car_acc": 1.9054, "car_dcc": 2.755, "car_lcAssertive": 92.8023, "car_lcCooperative": 0.4173, "car_lcLookaheadLeft": 19.1079, "car_lcPushy": 0.3796, "car_lcSigma": 0.9893, "car_lcSpeedGainRight": 1.5143, "car_lcSublane": 0.4717, "car_sigma": 0.6558, "car_tau_mean": 1.6358, "car_tau_std": 4.3386, "car_v_mean": 13.3671, "car_v_std": 15.2876}, "datetime": {"datetime": "2024-08-08 19:08:11", "elapsed": 1899.361589, "delta": 2.876421}}
{"target": -0.2872715842939902, "params": {"bus_acc": 1.5209, "bus_dcc": 3.3285, "bus_lcAssertive": 4.823, "bus_lcCooperative": 0.7959, "bus_lcLookaheadLeft": 49.941, "bus_lcPushy": 0.5414, "bus_lcSigma": 0.457, "bus_lcSpeedGainRight": 4.5421, "bus_lcSublane": 0.4986, "bus_sigma": 0.1472, "bus_tau_mean": 3.2371, "bus_tau_std": 7.3074, "bus_v_mean": 21.3113, "bus_v_std": 17.314, "car_acc": 2.0575, "car_dcc": 3.9352, "car_lcAssertive": 30.7415, "car_lcCooperative": 0.1925, "car_lcLookaheadLeft": 88.3012, "car_lcPushy": 0.8481, "car_lcSigma": 0.8451, "car_lcSpeedGainRight": 0.0263, "car_lcSublane": 0.6524, "car_sigma": 0.8963, "car_tau_mean": 3.1404, "car_tau_std": 0.1909, "car_v_mean": 11.0977, "car_v_std": 16.4056}, "datetime": {"datetime": "2024-08-08 19:08:13", "elapsed": 1901.678925, "delta": 2.317336}}
{"target": -0.29337412934464946, "params": {"bus_acc": 3.9714, "bus_dcc": 2.8491, "bus_lcAssertive": 86.849, "bus_lcCooperative": 0.6952, "bus_lcLookaheadLeft": 24.4113, "bus_lcPushy": 0.9013, "bus_lcSigma": 0.0852, "bus_lcSpeedGainRight": 1.3879, "bus_lcSublane": 0.3593, "bus_sigma": 0.3518, "bus_tau_mean": 2.0008, "bus_tau_std": 5.5536, "bus_v_mean": 15.7849, "bus_v_std": 19.5435, "car_acc": 3.3581, "car_dcc": 3.1282, "car_lcAssertive": 85.3503, "car_lcCooperative": 0.7842, "car_lcLookaheadLeft": 54.5994, "car_lcPushy": 0.3505, "car_lcSigma": 0.1101, "car_lcSpeedGainRight": 4.8579, "car_lcSublane": 0.6304, "car_sigma": 0.3472, "car_tau_mean": 3.1967, "car_tau_std": 0.5464, "car_v_mean": 21.7251, "car_v_std": 16.7062}, "datetime": {"datetime": "2024-08-08 19:08:19", "elapsed": 1907.696589, "delta": 6.017664}}
{"target": -0.3551117805637511, "params": {"bus_acc": 2.5427, "bus_dcc": 1.8116, "bus_lcAssertive": 95.8217, "bus_lcCooperative": 0.4908, "bus_lcLookaheadLeft": 17.4077, "bus_lcPushy": 0.6511, "bus_lcSigma": 0.6699, "bus_lcSpeedGainRight": 2.7398, "bus_lcSublane": 0.9704, "bus_sigma": 0.8597, "bus_tau_mean": 3.4312, "bus_tau_std": 0.3687, "bus_v_mean": 8.0046, "bus_v_std": 12.1957, "car_acc": 1.5013, "car_dcc": 3.8441, "car_lcAssertive": 27.0568, "car_lcCooperative": 0.652, "car_lcLookaheadLeft": 46.8075, "car_lcPushy": 0.4987, "car_lcSigma": 0.506, "car_lcSpeedGainRight": 3.2769, "car_lcSublane": 0.1296, "car_sigma": 0.1544, "car_tau_mean": 0.7906, "car_tau_std": 6.1124, "car_v_mean": 22.7329, "car_v_std": 0.2776}, "datetime": {"datetime": "2024-08-08 19:08:22", "elapsed": 1910.304702, "delta": 2.608113}}
{"target": -0.3218763629095546, "params": {"bus_acc": 3.1569, "bus_dcc": 1.5702, "bus_lcAssertive": 23.7443, "bus_lcCooperative": 0.0196, "bus_lcLookaheadLeft": 9.5809, "bus_lcPushy": 0.8909, "bus_lcSigma": 0.0393, "bus_lcSpeedGainRight": 3.0506, "bus_lcSublane": 0.1336, "bus_sigma": 0.4875, "bus_tau_mean": 3.4862, "bus_tau_std": 8.8202, "bus_v_mean": 16.4408, "bus_v_std": 4.3016, "car_acc": 3.0687, "car_dcc": 1.927, "car_lcAssertive": 44.8768, "car_lcCooperative": 0.8377, "car_lcLookaheadLeft": 90.1887, "car_lcPushy": 0.5285, "car_lcSigma": 0.2506, "car_lcSpeedGainRight": 0.8831, "car_lcSublane": 0.9813, "car_sigma": 0.37, "car_tau_mean": 2.4392, "car_tau_std": 6.2636, "car_v_mean": 15.9309, "car_v_std": 4.2135}, "datetime": {"datetime": "2024-08-08 19:08:26", "elapsed": 1914.449452, "delta": 4.14475}}
{"target": -0.29289942850647244, "params": {"bus_acc": 3.3421, "bus_dcc": 1.4173, "bus_lcAssertive": 41.3551, "bus_lcCooperative": 0.2771, "bus_lcLookaheadLeft": 56.1649, "bus_lcPushy": 0.0451, "bus_lcSigma": 0.5804, "bus_lcSpeedGainRight": 1.6367, "bus_lcSublane": 0.785, "bus_sigma": 0.6182, "bus_tau_mean": 2.9464, "bus_tau_std": 9.3591, "bus_v_mean": 18.2426, "bus_v_std": 15.4817, "car_acc": 3.3111, "car_dcc": 1.0124, "car_lcAssertive": 35.648, "car_lcCooperative": 0.5404, "car_lcLookaheadLeft": 55.3144, "car_lcPushy": 0.9046, "car_lcSigma": 0.0181, "car_lcSpeedGainRight": 1.9439, "car_lcSublane": 0.0688, "car_sigma": 0.3371, "car_tau_mean": 3.3118, "car_tau_std": 0.4665, "car_v_mean": 10.8321, "car_v_std": 5.0161}, "datetime": {"datetime": "2024-08-08 19:08:32", "elapsed": 1920.031552, "delta": 5.5821}}
{"target": -0.3347213905855611, "params": {"bus_acc": 2.4718, "bus_dcc": 1.7879, "bus_lcAssertive": 99.2988, "bus_lcCooperative": 0.9065, "bus_lcLookaheadLeft": 71.6298, "bus_lcPushy": 0.2766, "bus_lcSigma": 0.7132, "bus_lcSpeedGainRight": 2.972, "bus_lcSublane": 0.9999, "bus_sigma": 0.9226, "bus_tau_mean": 2.8854, "bus_tau_std": 6.816, "bus_v_mean": 10.0688, "bus_v_std": 3.6012, "car_acc": 1.3874, "car_dcc": 1.4708, "car_lcAssertive": 44.5788, "car_lcCooperative": 0.1484, "car_lcLookaheadLeft": 47.4228, "car_lcPushy": 0.3944, "car_lcSigma": 0.4937, "car_lcSpeedGainRight": 2.9781, "car_lcSublane": 0.2488, "car_sigma": 0.7175, "car_tau_mean": 3.6256, "car_tau_std": 4.9105, "car_v_mean": 9.8722, "car_v_std": 4.6849}, "datetime": {"datetime": "2024-08-08 19:08:36", "elapsed": 1923.905667, "delta": 3.874115}}
{"target": -0.31803025934749973, "params": {"bus_acc": 2.5173, "bus_dcc": 3.1076, "bus_lcAssertive": 88.7391, "bus_lcCooperative": 0.1457, "bus_lcLookaheadLeft": 44.0695, "bus_lcPushy": 0.9282, "bus_lcSigma": 0.0031, "bus_lcSpeedGainRight": 0.614, "bus_lcSublane": 0.3565, "bus_sigma": 0.0636, "bus_tau_mean": 2.9902, "bus_tau_std": 9.6993, "bus_v_mean": 15.7737, "bus_v_std": 19.154, "car_acc": 1.3559, "car_dcc": 3.05, "car_lcAssertive": 58.6516, "car_lcCooperative": 0.7404, "car_lcLookaheadLeft": 54.6433, "car_lcPushy": 0.9981, "car_lcSigma": 0.3909, "car_lcSpeedGainRight": 4.7, "car_lcSublane": 0.9923, "car_sigma": 0.3751, "car_tau_mean": 1.8855, "car_tau_std": 0.1507, "car_v_mean": 15.1245, "car_v_std": 3.9368}, "datetime": {"datetime": "2024-08-08 19:08:38", "elapsed": 1925.918908, "delta": 2.013241}}
{"target": -0.36468573949294436, "params": {"bus_acc": 3.9093, "bus_dcc": 3.7599, "bus_lcAssertive": 37.5185, "bus_lcCooperative": 0.7119, "bus_lcLookaheadLeft": 73.8707, "bus_lcPushy": 0.4125, "bus_lcSigma": 0.3483, "bus_lcSpeedGainRight": 3.9535, "bus_lcSublane": 0.2293, "bus_sigma": 0.4843, "bus_tau_mean": 2.0171, "bus_tau_std": 1.0868, "bus_v_mean": 13.5841, "bus_v_std": 7.4011, "car_acc": 2.7683, "car_dcc": 1.7937, "car_lcAssertive": 11.9159, "car_lcCooperative": 0.5145, "car_lcLookaheadLeft": 56.684, "car_lcPushy": 0.776, "car_lcSigma": 0.7645, "car_lcSpeedGainRight": 2.7183, "car_lcSublane": 0.6607, "car_sigma": 0.4745, "car_tau_mean": 3.6496, "car_tau_std": 6.0591, "car_v_mean": 9.4652, "car_v_std": 3.4285}, "datetime": {"datetime": "2024-08-08 19:08:42", "elapsed": 1929.875157, "delta": 3.956249}}
{"target": -0.33591879228406324, "params": {"bus_acc": 3.1214, "bus_dcc": 1.0947, "bus_lcAssertive": 79.0778, "bus_lcCooperative": 0.6913, "bus_lcLookaheadLeft": 33.8644, "bus_lcPushy": 0.9698, "bus_lcSigma": 0.5441, "bus_lcSpeedGainRight": 2.5778, "bus_lcSublane": 0.4502, "bus_sigma": 0.9803, "bus_tau_mean": 3.1828, "bus_tau_std": 6.5943, "bus_v_mean": 21.0752, "bus_v_std": 6.7793, "car_acc": 3.7865, "car_dcc": 3.3697, "car_lcAssertive": 28.6449, "car_lcCooperative": 0.7338, "car_lcLookaheadLeft": 27.7819, "car_lcPushy": 0.6859, "car_lcSigma": 0.0762, "car_lcSpeedGainRight": 3.8257, "car_lcSublane": 0.8472, "car_sigma": 0.4312, "car_tau_mean": 0.9977, "car_tau_std": 5.9497, "car_v_mean": 8.9151, "car_v_std": 6.1329}, "datetime": {"datetime": "2024-08-08 19:08:46", "elapsed": 1934.433265, "delta": 4.558108}}
{"target": -0.25759272383624965, "params": {"bus_acc": 3.2802, "bus_dcc": 3.1887, "bus_lcAssertive": 44.8301, "bus_lcCooperative": 0.493, "bus_lcLookaheadLeft": 17.0511, "bus_lcPushy": 0.4126, "bus_lcSigma": 0.0708, "bus_lcSpeedGainRight": 1.0041, "bus_lcSublane": 0.0658, "bus_sigma": 0.2045, "bus_tau_mean": 0.595, "bus_tau_std": 4.6756, "bus_v_mean": 10.7853, "bus_v_std": 19.329, "car_acc": 3.4138, "car_dcc": 2.5338, "car_lcAssertive": 11.5313, "car_lcCooperative": 0.6761, "car_lcLookaheadLeft": 16.0321, "car_lcPushy": 0.7968, "car_lcSigma": 0.741, "car_lcSpeedGainRight": 3.881, "car_lcSublane": 0.0788, "car_sigma": 0.0045, "car_tau_mean": 0.6938, "car_tau_std": 1.4519, "car_v_mean": 8.1442, "car_v_std": 9.5659}, "datetime": {"datetime": "2024-08-08 19:08:51", "elapsed": 1938.935035, "delta": 4.50177}}
{"target": -0.29626389665534286, "params": {"bus_acc": 1.8117, "bus_dcc": 2.3545, "bus_lcAssertive": 40.6268, "bus_lcCooperative": 0.4299, "bus_lcLookaheadLeft": 25.5599, "bus_lcPushy": 0.1304, "bus_lcSigma": 0.6123, "bus_lcSpeedGainRight": 3.9434, "bus_lcSublane": 0.8948, "bus_sigma": 0.9626, "bus_tau_mean": 3.7477, "bus_tau_std": 5.7237, "bus_v_mean": 20.4835, "bus_v_std": 10.9146, "car_acc": 1.1979, "car_dcc": 1.45, "car_lcAssertive": 51.3885, "car_lcCooperative": 0.6392, "car_lcLookaheadLeft": 15.4097, "car_lcPushy": 0.9225, "car_lcSigma": 0.9019, "car_lcSpeedGainRight": 4.9677, "car_lcSublane": 0.2914, "car_sigma": 0.5498, "car_tau_mean": 2.306, "car_tau_std": 3.5433, "car_v_mean": 9.6293, "car_v_std": 0.3944}, "datetime": {"datetime": "2024-08-08 19:08:53", "elapsed": 1941.343602, "delta": 2.408567}}
{"target": -0.3523379830496218, "params": {"bus_acc": 3.4343, "bus_dcc": 2.6277, "bus_lcAssertive": 54.0869, "bus_lcCooperative": 0.0732, "bus_lcLookaheadLeft": 69.6091, "bus_lcPushy": 0.4646, "bus_lcSigma": 0.0775, "bus_lcSpeedGainRight": 2.9424, "bus_lcSublane": 0.4204, "bus_sigma": 0.3673, "bus_tau_mean": 3.996, "bus_tau_std": 5.0031, "bus_v_mean": 18.5841, "bus_v_std": 10.6367, "car_acc": 1.8371, "car_dcc": 2.4061, "car_lcAssertive": 75.2906, "car_lcCooperative": 0.7928, "car_lcLookaheadLeft": 29.4166, "car_lcPushy": 0.7578, "car_lcSigma": 0.9429, "car_lcSpeedGainRight": 1.6972, "car_lcSublane": 0.5738, "car_sigma": 0.3807, "car_tau_mean": 1.8703, "car_tau_std": 9.1749, "car_v_mean": 21.5498, "car_v_std": 12.4036}, "datetime": {"datetime": "2024-08-08 19:08:55", "elapsed": 1943.705028, "delta": 2.361426}}
{"target": -0.31443847237212397, "params": {"bus_acc": 3.2463, "bus_dcc": 1.6752, "bus_lcAssertive": 27.3855, "bus_lcCooperative": 0.1144, "bus_lcLookaheadLeft": 2.4621, "bus_lcPushy": 0.5267, "bus_lcSigma": 0.7898, "bus_lcSpeedGainRight": 3.4287, "bus_lcSublane": 0.3679, "bus_sigma": 0.2809, "bus_tau_mean": 2.785, "bus_tau_std": 2.5391, "bus_v_mean": 10.7556, "bus_v_std": 19.992, "car_acc": 3.6708, "car_dcc": 2.6259, "car_lcAssertive": 42.2256, "car_lcCooperative": 0.61, "car_lcLookaheadLeft": 17.8752, "car_lcPushy": 0.7171, "car_lcSigma": 0.1833, "car_lcSpeedGainRight": 0.233, "car_lcSublane": 0.5431, "car_sigma": 0.5196, "car_tau_mean": 3.1163, "car_tau_std": 0.886, "car_v_mean": 12.4551, "car_v_std": 5.9302}, "datetime": {"datetime": "2024-08-08 19:09:01", "elapsed": 1949.088775, "delta": 5.383747}}
{"target": -0.32808769022749845, "params": {"bus_acc": 3.1508, "bus_dcc": 1.0238, "bus_lcAssertive": 52.099, "bus_lcCooperative": 0.6399, "bus_lcLookaheadLeft": 98.334, "bus_lcPushy": 0.0814, "bus_lcSigma": 0.5523, "bus_lcSpeedGainRight": 2.8643, "bus_lcSublane": 0.686, "bus_sigma": 0.4322, "bus_tau_mean": 1.5378, "bus_tau_std": 8.7572, "bus_v_mean": 15.3983, "bus_v_std": 0.4489, "car_acc": 1.1062, "car_dcc": 1.0174, "car_lcAssertive": 23.6263, "car_lcCooperative": 0.9451, "car_lcLookaheadLeft": 27.4352, "car_lcPushy": 0.1923, "car_lcSigma": 0.4768, "car_lcSpeedGainRight": 2.1149, "car_lcSublane": 0.5431, "car_sigma": 0.7776, "car_tau_mean": 1.4884, "car_tau_std": 4.497, "car_v_mean": 23.919, "car_v_std": 0.7113}, "datetime": {"datetime": "2024-08-08 19:09:03", "elapsed": 1951.401243, "delta": 2.312468}}
{"target": -0.3740960455372959, "params": {"bus_acc": 3.5743, "bus_dcc": 1.7116, "bus_lcAssertive": 96.1086, "bus_lcCooperative": 0.2554, "bus_lcLookaheadLeft": 45.8869, "bus_lcPushy": 0.4242, "bus_lcSigma": 0.6977, "bus_lcSpeedGainRight": 3.997, "bus_lcSublane": 0.4026, "bus_sigma": 0.4834, "bus_tau_mean": 3.926, "bus_tau_std": 2.2653, "bus_v_mean": 16.8819, "bus_v_std": 1.7734, "car_acc": 1.6661, "car_dcc": 3.9488, "car_lcAssertive": 15.8284, "car_lcCooperative": 0.7235, "car_lcLookaheadLeft": 19.2729, "car_lcPushy": 0.8236, "car_lcSigma": 0.7392, "car_lcSpeedGainRight": 0.7119, "car_lcSublane": 0.4598, "car_sigma": 0.6138, "car_tau_mean": 2.2951, "car_tau_std": 6.4744, "car_v_mean": 8.5619, "car_v_std": 8.6081}, "datetime": {"datetime": "2024-08-08 19:09:06", "elapsed": 1954.433729, "delta": 3.032486}}
{"target": -0.34597868982521945, "params": {"bus_acc": 2.0655, "bus_dcc": 1.8525, "bus_lcAssertive": 1.4155, "bus_lcCooperative": 0.7519, "bus_lcLookaheadLeft": 97.4084, "bus_lcPushy": 0.0512, "bus_lcSigma": 0.0847, "bus_lcSpeedGainRight": 1.3318, "bus_lcSublane": 0.1222, "bus_sigma": 0.0524, "bus_tau_mean": 3.2973, "bus_tau_std": 6.3584, "bus_v_mean": 23.9786, "bus_v_std": 2.8725, "car_acc": 2.3235, "car_dcc": 2.5631, "car_lcAssertive": 17.889, "car_lcCooperative": 0.3269, "car_lcLookaheadLeft": 63.8414, "car_lcPushy": 0.8485, "car_lcSigma": 0.3411, "car_lcSpeedGainRight": 1.6696, "car_lcSublane": 0.139, "car_sigma": 0.3978, "car_tau_mean": 1.3954, "car_tau_std": 5.3627, "car_v_mean": 19.9008, "car_v_std": 3.8407}, "datetime": {"datetime": "2024-08-08 19:09:11", "elapsed": 1959.010928, "delta": 4.577199}}
{"target": -0.3114590248019084, "params": {"bus_acc": 2.5738, "bus_dcc": 3.1641, "bus_lcAssertive": 88.793, "bus_lcCooperative": 0.1996, "bus_lcLookaheadLeft": 44.126, "bus_lcPushy": 0.864, "bus_lcSigma": 0.0356, "bus_lcSpeedGainRight": 0.6705, "bus_lcSublane": 0.4105, "bus_sigma": 0.1175, "bus_tau_mean": 3.0466, "bus_tau_std": 9.7532, "bus_v_mean": 15.8302, "bus_v_std": 19.2105, "car_acc": 1.4124, "car_dcc": 3.1064, "car_lcAssertive": 58.7081, "car_lcCooperative": 0.7968, "car_lcLookaheadLeft": 54.6998, "car_lcPushy": 0.984, "car_lcSigma": 0.4448, "car_lcSpeedGainRight": 4.7565, "car_lcSublane": 0.9227, "car_sigma": 0.429, "car_tau_mean": 1.9419, "car_tau_std": 0.2046, "car_v_mean": 15.181, "car_v_std": 3.9933}, "datetime": {"datetime": "2024-08-08 19:09:17", "elapsed": 1964.794607, "delta": 5.783679}}
