{"target": -0.37688928393743165, "params": {"bus_acc": 1.5982246893216712, "bus_dcc": 1.316154018190118, "bus_lcAssertive": 29.20828242649233, "bus_lcCooperative": 0.7688528482877579, "bus_lcLookaheadLeft": 64.79670503628093, "bus_lcPushy": 0.8013307032031926, "bus_lcSigma": 0.5171205319704266, "bus_lcSublane": 0.23210002184633505, "bus_sigma": 0.6279619269819027, "bus_tau_mean": 1.564019215078061, "bus_tau_std": 0.29528744942020957, "bus_v_mean": 22.453298829070008, "bus_v_std": 4.203695688027851, "car_acc": 1.8522615608494244, "car_dcc": 3.223755205995577, "car_lcAssertive": 94.89738202627358, "car_lcCooperative": 0.07251552804546335, "car_lcLookaheadLeft": 18.92470663696294, "car_lcPushy": 0.3223574891327107, "car_lcSigma": 0.248424246330199, "car_lcSublane": 0.49549498136119297, "car_sigma": 0.8244596107976835, "car_tau_mean": 3.488903452297616, "car_tau_std": 5.958299420587015, "car_v_mean": 11.842779741297067, "car_v_std": 1.8649268827268528}, "datetime": {"datetime": "2024-08-07 01:00:45", "elapsed": 172.565912, "delta": 1.14827}}
{"target": -0.3354862651801612, "params": {"bus_acc": 2.067298152167462, "bus_dcc": 3.218163362039146, "bus_lcAssertive": 52.023975621169015, "bus_lcCooperative": 0.39994592398513173, "bus_lcLookaheadLeft": 98.65218467875691, "bus_lcPushy": 0.02824262016291268, "bus_lcSigma": 0.9327639079648583, "bus_lcSublane": 0.930854967759968, "bus_sigma": 0.39091871150145807, "bus_tau_mean": 1.2506270489666194, "bus_tau_std": 6.19213297933239, "bus_v_mean": 10.847557367522711, "bus_v_std": 8.032081943280083, "car_acc": 1.5078677117554704, "car_dcc": 1.8724184650980338, "car_lcAssertive": 91.67566321098575, "car_lcCooperative": 0.902916833474409, "car_lcLookaheadLeft": 54.46732738959113, "car_lcPushy": 0.8628389805786156, "car_lcSigma": 0.3525325688050618, "car_lcSublane": 0.9978842782249023, "car_sigma": 0.433689739404977, "car_tau_mean": 1.5318420412947338, "car_tau_std": 0.4157423394916726, "car_v_mean": 23.83531126058787, "car_v_std": 4.648876309118224}, "datetime": {"datetime": "2024-08-07 01:00:49", "elapsed": 176.762756, "delta": 4.196844}}
{"target": -0.3242341528699534, "params": {"bus_acc": 1.9916527941704247, "bus_dcc": 2.0904660498547156, "bus_lcAssertive": 28.284707173325017, "bus_lcCooperative": 0.9247408135383717, "bus_lcLookaheadLeft": 39.92494495711663, "bus_lcPushy": 0.49288087343132025, "bus_lcSigma": 0.2544381023144221, "bus_lcSublane": 0.8849665188380633, "bus_sigma": 0.38326345680528673, "bus_tau_mean": 1.5415115035985634, "bus_tau_std": 7.175949621947543, "bus_v_mean": 11.053919090756919, "bus_v_std": 1.1819262934703845, "car_acc": 2.6739955644270244, "car_dcc": 3.2324077641086055, "car_lcAssertive": 59.461534217064596, "car_lcCooperative": 0.24289157496487068, "car_lcLookaheadLeft": 63.07822022838324, "car_lcPushy": 0.638355320741173, "car_lcSigma": 0.32756944411232514, "car_lcSublane": 0.06748934306754228, "car_sigma": 0.8805385975643267, "car_tau_mean": 2.1098485587599045, "car_tau_std": 7.638727180664299, "car_v_mean": 12.062217935083835, "car_v_std": 5.913871822675168}, "datetime": {"datetime": "2024-08-07 01:00:51", "elapsed": 177.773942, "delta": 1.011186}}
{"target": -0.29927429137775674, "params": {"bus_acc": 2.660799140074679, "bus_dcc": 2.947462591337434, "bus_lcAssertive": 67.69614396596454, "bus_lcCooperative": 0.5784995797892005, "bus_lcLookaheadLeft": 28.86373796635151, "bus_lcPushy": 0.5605299905360588, "bus_lcSigma": 0.6717297848174203, "bus_lcSublane": 0.35242963021640883, "bus_sigma": 0.8558283672539277, "bus_tau_mean": 1.1826312010304756, "bus_tau_std": 7.473208103319232, "bus_v_mean": 12.633643938990039, "bus_v_std": 7.73799287244182, "car_acc": 1.8554746586721524, "car_dcc": 3.4230952273366286, "car_lcAssertive": 35.999951404131046, "car_lcCooperative": 0.21369323762958115, "car_lcLookaheadLeft": 77.19388182533312, "car_lcPushy": 0.3086419476306511, "car_lcSigma": 0.7332450677264275, "car_lcSublane": 0.7444731530777321, "car_sigma": 0.22139670090820107, "car_tau_mean": 1.2493924788722697, "car_tau_std": 1.9894792342706669, "car_v_mean": 10.280293404253515, "car_v_std": 3.770825992073341}, "datetime": {"datetime": "2024-08-07 01:00:54", "elapsed": 181.72816, "delta": 3.954218}}
{"target": -0.3088492970134122, "params": {"bus_acc": 1.0050151193358463, "bus_dcc": 2.1916832987012853, "bus_lcAssertive": 56.57955868812967, "bus_lcCooperative": 0.7339231362848766, "bus_lcLookaheadLeft": 10.572330694134266, "bus_lcPushy": 0.3997549876808645, "bus_lcSigma": 0.2796211794498489, "bus_lcSublane": 0.42351005310518297, "bus_sigma": 0.49797863267328835, "bus_tau_mean": 2.810053282341179, "bus_tau_std": 4.962361389702792, "bus_v_mean": 17.927491209683048, "bus_v_std": 5.824398618892226, "car_acc": 1.8566647960777127, "car_dcc": 1.0149290941337963, "car_lcAssertive": 20.25712497210058, "car_lcCooperative": 0.3202066542862888, "car_lcLookaheadLeft": 16.403856333783267, "car_lcPushy": 0.5986638816064357, "car_lcSigma": 0.6114994766596024, "car_lcSublane": 0.5000932595969295, "car_sigma": 0.32084890160086454, "car_tau_mean": 2.7864031820855906, "car_tau_std": 1.9028348267904371, "car_v_mean": 8.094095703114052, "car_v_std": 7.349420186839614}, "datetime": {"datetime": "2024-08-07 01:00:56", "elapsed": 182.851612, "delta": 1.123452}}
{"target": -0.3020718427764151, "params": {"bus_acc": 1.9830903000338707, "bus_dcc": 3.5701074895533766, "bus_lcAssertive": 42.43922455064577, "bus_lcCooperative": 0.6834649001663011, "bus_lcLookaheadLeft": 41.0030826619764, "bus_lcPushy": 0.5057420174508104, "bus_lcSigma": 0.1895517028339273, "bus_lcSublane": 0.9649889241109139, "bus_sigma": 0.2942156882442547, "bus_tau_mean": 0.8621084464074047, "bus_tau_std": 1.443154002290481, "bus_v_mean": 8.225476707079087, "bus_v_std": 7.159456994623945, "car_acc": 2.1289966404817484, "car_dcc": 3.3837350535542567, "car_lcAssertive": 51.20091240512951, "car_lcCooperative": 0.7918210395041538, "car_lcLookaheadLeft": 70.18489299864027, "car_lcPushy": 0.7778484768591754, "car_lcSigma": 0.4064828689770863, "car_lcSublane": 0.6477706331874812, "car_sigma": 0.1797942976929744, "car_tau_mean": 1.6263698718576638, "car_tau_std": 1.726046201197925, "car_v_mean": 14.538195600212198, "car_v_std": 2.414187479655988}, "datetime": {"datetime": "2024-08-07 01:00:57", "elapsed": 184.061649, "delta": 1.210037}}
{"target": -0.3256432414627578, "params": {"bus_acc": 2.576602379335938, "bus_dcc": 1.0362902800460736, "bus_lcAssertive": 31.031221499148337, "bus_lcCooperative": 0.021375961088070716, "bus_lcLookaheadLeft": 99.75352928737628, "bus_lcPushy": 0.5820299763434618, "bus_lcSigma": 0.29337627848605663, "bus_lcSublane": 0.9289494618931157, "bus_sigma": 0.5071194235482045, "bus_tau_mean": 2.091422796433424, "bus_tau_std": 5.878715062961865, "bus_v_mean": 12.226202307369114, "bus_v_std": 3.052882993474333, "car_acc": 1.743309153448365, "car_dcc": 1.7333439981148326, "car_lcAssertive": 58.87017934554635, "car_lcCooperative": 0.6958461339323264, "car_lcLookaheadLeft": 9.050827576072109, "car_lcPushy": 0.9710833196254638, "car_lcSigma": 0.7530706558694549, "car_lcSublane": 0.8061631629534083, "car_sigma": 0.7516404040812905, "car_tau_mean": 0.7802134204492606, "car_tau_std": 4.816962830211771, "car_v_mean": 15.130767302426497, "car_v_std": 6.724726505249299}, "datetime": {"datetime": "2024-08-07 01:00:58", "elapsed": 185.15658, "delta": 1.094931}}
{"target": -0.30149885264635035, "params": {"bus_acc": 2.2108440154540965, "bus_dcc": 3.9287147936811655, "bus_lcAssertive": 5.301702629782701, "bus_lcCooperative": 0.9485727683760076, "bus_lcLookaheadLeft": 32.507016080704375, "bus_lcPushy": 0.798972840361593, "bus_lcSigma": 0.8106291034469015, "bus_lcSublane": 0.8599985915803449, "bus_sigma": 0.45855081090250105, "bus_tau_mean": 3.757255372579069, "bus_tau_std": 2.578929844270399, "bus_v_mean": 22.951127880473354, "bus_v_std": 6.191196332516605, "car_acc": 2.970889829889661, "car_dcc": 1.097931597887777, "car_lcAssertive": 72.79149922443813, "car_lcCooperative": 0.5655542353803811, "car_lcLookaheadLeft": 50.257556645035315, "car_lcPushy": 0.259218125650737, "car_lcSigma": 0.3268306848663751, "car_lcSublane": 0.24946220670138775, "car_sigma": 0.21926791032506077, "car_tau_mean": 3.298812931336936, "car_tau_std": 5.023950058982583, "car_v_mean": 9.331038219151964, "car_v_std": 7.769841920273803}, "datetime": {"datetime": "2024-08-07 01:01:04", "elapsed": 191.687121, "delta": 6.530541}}
{"target": -0.32617403370303816, "params": {"bus_acc": 2.8170703018395984, "bus_dcc": 2.870080347375408, "bus_lcAssertive": 2.566303041809072, "bus_lcCooperative": 0.9294372337437613, "bus_lcLookaheadLeft": 69.70789791665855, "bus_lcPushy": 0.9973228504514805, "bus_lcSigma": 0.17234050834532855, "bus_lcSublane": 0.13713574962887776, "bus_sigma": 0.9325954630371636, "bus_tau_mean": 2.9388635652146506, "bus_tau_std": 0.6600017272206249, "bus_v_mean": 20.087408841639462, "bus_v_std": 7.538761884612464, "car_acc": 2.846049071092967, "car_dcc": 3.134574275885415, "car_lcAssertive": 13.302825235244304, "car_lcCooperative": 0.01988013383979559, "car_lcLookaheadLeft": 4.5686767140164894, "car_lcPushy": 0.028306488020794607, "car_lcSigma": 0.2462110676030459, "car_lcSublane": 0.860027948682888, "car_sigma": 0.5388310643416528, "car_tau_mean": 2.4348769254001805, "car_tau_std": 8.420308923596057, "car_v_mean": 9.986773041918578, "car_v_std": 2.791836790111395}, "datetime": {"datetime": "2024-08-07 01:01:05", "elapsed": 192.697382, "delta": 1.010261}}
{"target": -0.28309167500702304, "params": {"bus_acc": 2.2104257902464255, "bus_dcc": 3.97121859066984, "bus_lcAssertive": 77.61770874569038, "bus_lcCooperative": 0.33427640499382627, "bus_lcLookaheadLeft": 10.72182564059304, "bus_lcPushy": 0.18490559027840836, "bus_lcSigma": 0.5268518758918344, "bus_lcSublane": 0.417102418106858, "bus_sigma": 0.8006596581292397, "bus_tau_mean": 3.766208183653386, "bus_tau_std": 1.7786474795134855, "bus_v_mean": 21.76106833401946, "bus_v_std": 9.573949263266687, "car_acc": 2.918941213699564, "car_dcc": 1.1135877631612914, "car_lcAssertive": 6.700767055209198, "car_lcCooperative": 0.005797392917688993, "car_lcLookaheadLeft": 32.64275330323669, "car_lcPushy": 0.05569841271210463, "car_lcSigma": 0.29386248547054417, "car_lcSublane": 0.3560164860311865, "car_sigma": 0.9536770184739218, "car_tau_mean": 2.1693282287037228, "car_tau_std": 2.782384424213303, "car_v_mean": 16.048083120815278, "car_v_std": 6.433579246491355}, "datetime": {"datetime": "2024-08-07 01:01:06", "elapsed": 193.598659, "delta": 0.901277}}
{"target": -0.4216407912624508, "params": {"bus_acc": 1.2647629871254749, "bus_dcc": 3.3958609248340927, "bus_lcAssertive": 82.85010510210778, "bus_lcCooperative": 0.6465499357511519, "bus_lcLookaheadLeft": 22.082370286502115, "bus_lcPushy": 0.2614207144058379, "bus_lcSigma": 0.41849681753917567, "bus_lcSublane": 0.5417990727827313, "bus_sigma": 0.477437955592217, "bus_tau_mean": 2.136109622158793, "bus_tau_std": 8.398407101976673, "bus_v_mean": 21.921637844921083, "bus_v_std": 8.167539643767668, "car_acc": 2.7556028372693993, "car_dcc": 2.7130262858112193, "car_lcAssertive": 96.43957720056909, "car_lcCooperative": 0.6065443482504677, "car_lcLookaheadLeft": 61.18687862580878, "car_lcPushy": 0.31929773707461884, "car_lcSigma": 0.681204184117019, "car_lcSublane": 0.051965688505360985, "car_sigma": 0.13454642101194225, "car_tau_mean": 0.9558475865046778, "car_tau_std": 6.5520128722473565, "car_v_mean": 10.805321468341413, "car_v_std": 3.411468232515472}, "datetime": {"datetime": "2024-08-07 01:01:08", "elapsed": 194.929585, "delta": 1.330926}}
{"target": -0.30012979574763576, "params": {"bus_acc": 2.4691700281007414, "bus_dcc": 2.922422872137624, "bus_lcAssertive": 72.58624656693496, "bus_lcCooperative": 0.05111090382611627, "bus_lcLookaheadLeft": 92.16444973015194, "bus_lcPushy": 0.9268412179022415, "bus_lcSigma": 0.5519950271541971, "bus_lcSublane": 0.963915888684551, "bus_sigma": 0.28095553699036746, "bus_tau_mean": 2.6075131949779085, "bus_tau_std": 3.9646269005262393, "bus_v_mean": 18.04837170808365, "bus_v_std": 3.0063228852374815, "car_acc": 2.6387167693120404, "car_dcc": 1.2093579355126256, "car_lcAssertive": 5.145879459699632, "car_lcCooperative": 0.049396384633314305, "car_lcLookaheadLeft": 16.74459278003102, "car_lcPushy": 0.39535047379469035, "car_lcSigma": 0.9553899892571747, "car_lcSublane": 0.11079543969595618, "car_sigma": 0.6475529858164272, "car_tau_mean": 2.346675279597222, "car_tau_std": 3.53242405983059, "car_v_mean": 11.17118766912307, "car_v_std": 2.2059408184733575}, "datetime": {"datetime": "2024-08-07 01:01:13", "elapsed": 200.492789, "delta": 5.563204}}
{"target": -0.2924426804376164, "params": {"bus_acc": 2.758397121073191, "bus_dcc": 1.5064005702327807, "bus_lcAssertive": 70.65122548794142, "bus_lcCooperative": 0.9172601590800086, "bus_lcLookaheadLeft": 16.772486592099703, "bus_lcPushy": 0.24376397739618116, "bus_lcSigma": 0.5466845720908042, "bus_lcSublane": 0.3441193369759975, "bus_sigma": 0.6906390807823941, "bus_tau_mean": 0.7014866644878762, "bus_tau_std": 1.6076414232345981, "bus_v_mean": 19.459812903673942, "bus_v_std": 9.706186984339439, "car_acc": 2.8591007530246815, "car_dcc": 3.7032009802684414, "car_lcAssertive": 13.646588076455735, "car_lcCooperative": 0.14592891807160346, "car_lcLookaheadLeft": 9.08194616785752, "car_lcPushy": 0.5425402331447909, "car_lcSigma": 0.8824861729023715, "car_lcSublane": 0.5317919000668885, "car_sigma": 0.7817152853959399, "car_tau_mean": 1.1595882541894156, "car_tau_std": 8.63111260166335, "car_v_mean": 10.998796331605623, "car_v_std": 0.5476412606652326}, "datetime": {"datetime": "2024-08-07 01:01:14", "elapsed": 201.48865, "delta": 0.995861}}
{"target": -0.3008418008937658, "params": {"bus_acc": 1.5561700972259656, "bus_dcc": 1.0113810172280278, "bus_lcAssertive": 93.4563582231739, "bus_lcCooperative": 0.8578971045378938, "bus_lcLookaheadLeft": 73.42738599688708, "bus_lcPushy": 0.5166887829215384, "bus_lcSigma": 0.706956245248761, "bus_lcSublane": 0.7805295568767427, "bus_sigma": 0.3748759435368594, "bus_tau_mean": 3.1961288386548516, "bus_tau_std": 7.506243191751754, "bus_v_mean": 17.811379384708154, "bus_v_std": 4.018659239678374, "car_acc": 2.3946160385286817, "car_dcc": 1.0093385734755764, "car_lcAssertive": 77.71476802573518, "car_lcCooperative": 0.896416602456847, "car_lcLookaheadLeft": 25.452939328875456, "car_lcPushy": 0.12076718430922972, "car_lcSigma": 0.2202839877937276, "car_lcSublane": 0.3020967312900983, "car_sigma": 0.8830285085638342, "car_tau_mean": 2.401082505833331, "car_tau_std": 2.867116496064306, "car_v_mean": 10.213675036687144, "car_v_std": 2.9014446310454165}, "datetime": {"datetime": "2024-08-07 01:01:20", "elapsed": 207.430453, "delta": 5.941803}}
{"target": -0.3767047489721795, "params": {"bus_acc": 1.9351001061306792, "bus_dcc": 3.0008276295819254, "bus_lcAssertive": 45.884365225697636, "bus_lcCooperative": 0.5257115913414097, "bus_lcLookaheadLeft": 66.53966807271946, "bus_lcPushy": 0.18119538195386165, "bus_lcSigma": 0.7880495511723071, "bus_lcSublane": 0.6028653375383973, "bus_sigma": 0.9803328851373277, "bus_tau_mean": 1.2783411773591151, "bus_tau_std": 4.662664741665735, "bus_v_mean": 22.330268841591145, "bus_v_std": 6.014334096987881, "car_acc": 2.4519176916976297, "car_dcc": 2.241010492604081, "car_lcAssertive": 68.74665256130066, "car_lcCooperative": 0.9460550298475632, "car_lcLookaheadLeft": 21.618234442453563, "car_lcPushy": 0.8073652638773204, "car_lcSigma": 0.9695380120998964, "car_lcSublane": 0.014568731763331733, "car_sigma": 0.21520958659442757, "car_tau_mean": 0.910819221095954, "car_tau_std": 7.674235177414532, "car_v_mean": 9.299465375083733, "car_v_std": 9.984135585909076}, "datetime": {"datetime": "2024-08-07 01:01:21", "elapsed": 208.543928, "delta": 1.113475}}
{"target": -0.3273958548133203, "params": {"bus_acc": 1.8352646936283665, "bus_dcc": 1.5076425540810716, "bus_lcAssertive": 65.34021415587931, "bus_lcCooperative": 0.03697506835935782, "bus_lcLookaheadLeft": 32.53816351914905, "bus_lcPushy": 0.32347919698907535, "bus_lcSigma": 0.6074418935145536, "bus_lcSublane": 0.6508312566756971, "bus_sigma": 0.8460545992364693, "bus_tau_mean": 3.7465332990914018, "bus_tau_std": 6.604577276110996, "bus_v_mean": 17.25078269453661, "bus_v_std": 3.987155436290084, "car_acc": 2.933224985284284, "car_dcc": 1.4622375154970721, "car_lcAssertive": 89.6135940562162, "car_lcCooperative": 0.3110130678848415, "car_lcLookaheadLeft": 55.75193078727819, "car_lcPushy": 0.6820662584328149, "car_lcSigma": 0.23646965132615538, "car_lcSublane": 0.16773668505027162, "car_sigma": 0.508482013429616, "car_tau_mean": 3.2715235645463507, "car_tau_std": 6.924144621670756, "car_v_mean": 9.903573394768237, "car_v_std": 9.00742215071733}, "datetime": {"datetime": "2024-08-07 01:01:23", "elapsed": 209.891468, "delta": 1.34754}}
{"target": -0.3453844404228076, "params": {"bus_acc": 2.1715185429165755, "bus_dcc": 3.9087872449590235, "bus_lcAssertive": 56.54199170631529, "bus_lcCooperative": 0.01864728937294302, "bus_lcLookaheadLeft": 80.4620019227004, "bus_lcPushy": 0.23297427384102043, "bus_lcSigma": 0.8071051956187791, "bus_lcSublane": 0.38786064406417176, "bus_sigma": 0.8635418545594287, "bus_tau_mean": 3.1149257495801463, "bus_tau_std": 5.562402339904189, "bus_v_mean": 10.18328361057096, "bus_v_std": 0.5991768951221166, "car_acc": 1.2426869114814747, "car_dcc": 1.1336556356342853, "car_lcAssertive": 11.641918781503197, "car_lcCooperative": 0.2257093386078547, "car_lcLookaheadLeft": 71.87292007750231, "car_lcPushy": 0.5597169820541424, "car_lcSigma": 0.012555980159115854, "car_lcSublane": 0.07197427968948678, "car_sigma": 0.967276330000272, "car_tau_mean": 2.4883516167197977, "car_tau_std": 2.032932346609905, "car_v_mean": 12.037211913125175, "car_v_std": 7.43825854075093}, "datetime": {"datetime": "2024-08-07 01:01:24", "elapsed": 210.84986, "delta": 0.958392}}
{"target": -0.3436873435053811, "params": {"bus_acc": 2.508611901152597, "bus_dcc": 1.6321971762499623, "bus_lcAssertive": 60.49447056265636, "bus_lcCooperative": 0.7489283752458364, "bus_lcLookaheadLeft": 64.54543364079268, "bus_lcPushy": 0.5971273029466491, "bus_lcSigma": 0.29548228565549706, "bus_lcSublane": 0.7316064712415088, "bus_sigma": 0.9453084399999497, "bus_tau_mean": 1.9894648659154144, "bus_tau_std": 7.821818168314053, "bus_v_mean": 8.898256634590645, "bus_v_std": 8.352716024899658, "car_acc": 1.3845000336442954, "car_dcc": 2.18529060666992, "car_lcAssertive": 30.70802354661029, "car_lcCooperative": 0.08010364380604929, "car_lcLookaheadLeft": 90.6538382877518, "car_lcPushy": 0.37015417755373825, "car_lcSigma": 0.5306974384761395, "car_lcSublane": 0.49411626589632507, "car_sigma": 0.13216114194293815, "car_tau_mean": 1.2225892061130157, "car_tau_std": 0.7618880903232117, "car_v_mean": 16.1267471991246, "car_v_std": 2.615495518329871}, "datetime": {"datetime": "2024-08-07 01:01:25", "elapsed": 212.217811, "delta": 1.367951}}
{"target": -0.3245626403758086, "params": {"bus_acc": 1.691358426592051, "bus_dcc": 2.786875294404849, "bus_lcAssertive": 60.29954360836855, "bus_lcCooperative": 0.6157042872039488, "bus_lcLookaheadLeft": 7.799366304200794, "bus_lcPushy": 0.7503171845746859, "bus_lcSigma": 0.9482094981876252, "bus_lcSublane": 0.5346790571795887, "bus_sigma": 0.1925560209550684, "bus_tau_mean": 3.135240702429798, "bus_tau_std": 0.073189693278638, "bus_v_mean": 13.252097658412493, "bus_v_std": 9.176063476443932, "car_acc": 2.1767346657877535, "car_dcc": 3.565570851712406, "car_lcAssertive": 60.862533182569585, "car_lcCooperative": 0.822578152523871, "car_lcLookaheadLeft": 88.18938529607306, "car_lcPushy": 0.3209863745244532, "car_lcSigma": 0.12295477155217849, "car_lcSublane": 0.7213033441865708, "car_sigma": 0.44034708683123824, "car_tau_mean": 0.94357498199703, "car_tau_std": 5.898236481098892, "car_v_mean": 8.577093033117759, "car_v_std": 2.0018211641098693}, "datetime": {"datetime": "2024-08-07 01:01:31", "elapsed": 217.815712, "delta": 5.597901}}
{"target": -0.6364396541998599, "params": {"bus_acc": 1.891, "bus_dcc": 3.5765, "bus_lcAssertive": 6.9936, "bus_lcCooperative": 0.4851, "bus_lcLookaheadLeft": 8.1661, "bus_lcPushy": 0.5905, "bus_lcSigma": 0.4995, "bus_lcSublane": 0.3326, "bus_sigma": 0.831, "bus_tau_mean": 1.49, "bus_tau_std": 7.6554, "bus_v_mean": 18.2313, "bus_v_std": 2.6292, "car_acc": 1.4065, "car_dcc": 1.9979, "car_lcAssertive": 82.8078, "car_lcCooperative": 0.7049, "car_lcLookaheadLeft": 70.3218, "car_lcPushy": 0.7455, "car_lcSigma": 0.4758, "car_lcSublane": 0.4721, "car_sigma": 0.2113, "car_tau_mean": 3.5315, "car_tau_std": 6.4779, "car_v_mean": 17.7661, "car_v_std": 2.6976}, "datetime": {"datetime": "2024-08-07 01:01:32", "elapsed": 218.857086, "delta": 1.041374}}
{"target": -0.35175285485984786, "params": {"bus_acc": 1.1700884227395558, "bus_dcc": 1.1171643496986472, "bus_lcAssertive": 17.81321153689232, "bus_lcCooperative": 0.8781425034294131, "bus_lcLookaheadLeft": 11.63798971563891, "bus_lcPushy": 0.42110762500505217, "bus_lcSigma": 0.9578895301505019, "bus_lcSublane": 0.5331652849730171, "bus_sigma": 0.6918771139504734, "bus_tau_mean": 1.6043047085212203, "bus_tau_std": 6.865009276815837, "bus_v_mean": 21.354010750357965, "bus_v_std": 0.18288277344191806, "car_acc": 2.500288629889935, "car_dcc": 3.9665832667194842, "car_lcAssertive": 75.0683997836041, "car_lcCooperative": 0.2804439920644052, "car_lcLookaheadLeft": 79.34937418824587, "car_lcPushy": 0.10322600657764203, "car_lcSigma": 0.44789352617590517, "car_lcSublane": 0.9085955030930956, "car_sigma": 0.2936141483736795, "car_tau_mean": 1.5072136850522206, "car_tau_std": 1.3002857211827767, "car_v_mean": 8.309871325924753, "car_v_std": 6.788355329398909}, "datetime": {"datetime": "2024-08-07 01:01:37", "elapsed": 223.964531, "delta": 5.107445}}
