{"target": -0.15074208904975286, "params": {"bus_acc": 1.4158487182675272, "bus_dcc": 2.8500552014657083, "bus_lcAssertive": 24.132947784685754, "bus_lcCooperative": 0.10196725942579743, "bus_lcLookaheadLeft": 52.55398766291592, "bus_lcPushy": 0.47714098704978236, "bus_lcSublane": 0.15267164409316325, "bus_max_v": 18.083481012625402, "bus_tau_mean": 1.8600252970348454, "bus_tau_std": 9.812060204561165, "car_acc": 1.2890910802493196, "car_dcc": 4.006111268540975, "car_lcAssertive": 22.982864840192345, "car_lcCooperative": 0.519351824366033, "car_lcLookaheadLeft": 78.95901076571866, "car_lcPushy": 0.02233042799180618, "car_lcSublane": 0.3243624597261865, "car_max_v": 30.077214657202553, "car_tau_mean": 2.611774019005174, "car_tau_std": 8.076608888918155}, "datetime": {"datetime": "2024-08-03 11:13:13", "elapsed": 0.0, "delta": 0.0}}
{"target": -0.10202765116997625, "params": {"bus_acc": 1.326644901772096, "bus_dcc": 2.581174306772828, "bus_lcAssertive": 88.70826783176668, "bus_lcCooperative": 0.35726976000249977, "bus_lcLookaheadLeft": 91.03644479014032, "bus_lcPushy": 0.6233601157918027, "bus_lcSublane": 0.015821242846556283, "bus_max_v": 22.082684038668898, "bus_tau_mean": 2.22724229379231, "bus_tau_std": 14.959842756772208, "car_acc": 1.344681016690657, "car_dcc": 1.548542998515511, "car_lcAssertive": 93.32695084067919, "car_lcCooperative": 0.6968181614899002, "car_lcLookaheadLeft": 8.468016926762123, "car_lcPushy": 0.7554630526024664, "car_lcSublane": 0.7538761884612464, "car_max_v": 31.229564317569118, "car_tau_mean": 2.278811896571179, "car_tau_std": 1.8640644295824704}, "datetime": {"datetime": "2024-08-03 11:13:13", "elapsed": 0.300749, "delta": 0.300749}}
{"target": -0.0624380902936803, "params": {"bus_acc": 1.6185135669120854, "bus_dcc": 1.0310927840056958, "bus_lcAssertive": 54.32410097505835, "bus_lcCooperative": 0.0030179566195963625, "bus_lcLookaheadLeft": 95.21699097804004, "bus_lcPushy": 0.905402033702778, "bus_lcSublane": 0.7959669419422694, "bus_max_v": 21.898566158892237, "bus_tau_mean": 0.8638955778959927, "bus_tau_std": 2.3659510480579993, "car_acc": 1.375263345804868, "car_dcc": 3.4899836091996845, "car_lcAssertive": 90.67514010482188, "car_lcCooperative": 0.9899551783590737, "car_lcLookaheadLeft": 71.69000095904995, "car_lcPushy": 0.7318004091422953, "car_lcSublane": 0.9092932045442544, "car_max_v": 19.22009584453578, "car_tau_mean": 1.1246267005625918, "car_tau_std": 2.601452561806843}, "datetime": {"datetime": "2024-08-03 11:13:15", "elapsed": 2.24739, "delta": 1.946641}}
{"target": -0.05503484126461917, "params": {"bus_acc": 1.9888610889064946, "bus_dcc": 3.244496963139518, "bus_lcAssertive": 28.763955214376114, "bus_lcCooperative": 0.7892793284514885, "bus_lcLookaheadLeft": 12.116148644608918, "bus_lcPushy": 0.44789352617590517, "bus_lcSublane": 0.9085955030930956, "bus_max_v": 13.816983928857834, "bus_tau_mean": 1.2194383464658718, "bus_tau_std": 1.9504285817741651, "car_acc": 1.0387339157405941, "car_dcc": 3.715342131759564, "car_lcAssertive": 21.951183484005846, "car_lcCooperative": 0.2655466593722262, "car_lcLookaheadLeft": 50.174169609473154, "car_lcPushy": 0.053362545117080384, "car_lcSublane": 0.5741176054920131, "car_max_v": 13.374757222833633, "car_tau_mean": 1.9732638422582105, "car_tau_std": 10.496375400313967}, "datetime": {"datetime": "2024-08-03 11:13:16", "elapsed": 2.521439, "delta": 0.274049}}
{"target": -0.20949078628190768, "params": {"bus_acc": 1.315244803095373, "bus_dcc": 3.678666125575454, "bus_lcAssertive": 58.20786431316901, "bus_lcCooperative": 0.18401020162746506, "bus_lcLookaheadLeft": 79.21706491489942, "bus_lcPushy": 0.6120311770449339, "bus_lcSublane": 0.053909272073752956, "bus_max_v": 15.46251784001472, "bus_tau_mean": 2.197672091413574, "bus_tau_std": 13.779026669662887, "car_acc": 1.0008040497827149, "car_dcc": 4.907036596124239, "car_lcAssertive": 38.281451159831676, "car_lcCooperative": 0.9737835383583225, "car_lcLookaheadLeft": 61.2621778954572, "car_lcPushy": 0.828845807980693, "car_lcSublane": 0.5747115047081023, "car_max_v": 24.445752561069057, "car_tau_mean": 1.213940704239235, "car_tau_std": 8.802500109841244}, "datetime": {"datetime": "2024-08-03 11:13:16", "elapsed": 2.718124, "delta": 0.196685}}
