{"target": -0.3067088111228434, "params": {"bus_acc": 4.1051, "bus_dcc": 2.4024, "bus_lcAssertive": 86.5444, "bus_lcCooperative": 0.4137, "bus_lcLookaheadLeft": 3.3946, "bus_lcPushy": 0.825, "bus_lcSigma": 0.5427, "bus_lcSpeedGainRight": 0.965, "bus_lcSublane": 0.5428, "bus_sigma": 0.4897, "bus_tau_mean": 1.0397, "bus_tau_std": 6.6149, "bus_v_mean": 14.3698, "bus_v_std": 8.8957, "car_acc": 4.5066, "car_dcc": 1.3849, "car_lcAssertive": 64.3485, "car_lcCooperative": 0.5279, "car_lcLookaheadLeft": 68.7394, "car_lcPushy": 0.0408, "car_lcSigma": 0.5781, "car_lcSpeedGainRight": 4.46, "car_lcSublane": 0.1547, "car_sigma": 0.5506, "car_tau_mean": 2.0525, "car_tau_std": 0.6064, "car_v_mean": 16.8872, "car_v_std": 0.4389}, "datetime": {"datetime": "2024-08-08 18:16:23", "elapsed": 3168.513862, "delta": 10.371966}}
{"target": -0.3176244580111538, "params": {"bus_acc": 1.6143, "bus_dcc": 2.8141, "bus_lcAssertive": 70.5014, "bus_lcCooperative": 0.6217, "bus_lcLookaheadLeft": 83.696, "bus_lcPushy": 0.459, "bus_lcSigma": 0.6197, "bus_lcSpeedGainRight": 2.1285, "bus_lcSublane": 0.1073, "bus_sigma": 0.9355, "bus_tau_mean": 3.3507, "bus_tau_std": 0.2538, "bus_v_mean": 13.8996, "bus_v_std": 16.8996, "car_acc": 2.7943, "car_dcc": 1.2815, "car_lcAssertive": 69.9496, "car_lcCooperative": 0.0626, "car_lcLookaheadLeft": 44.1697, "car_lcPushy": 0.897, "car_lcSigma": 0.5276, "car_lcSpeedGainRight": 0.2086, "car_lcSublane": 0.3456, "car_sigma": 0.0668, "car_tau_mean": 2.838, "car_tau_std": 5.5489, "car_v_mean": 15.5552, "car_v_std": 1.6958}, "datetime": {"datetime": "2024-08-08 18:16:30", "elapsed": 3175.899217, "delta": 7.385355}}
{"target": -0.21216211570092136, "params": {"bus_acc": 1.0663, "bus_dcc": 1.7493, "bus_lcAssertive": 79.4416, "bus_lcCooperative": 0.7218, "bus_lcLookaheadLeft": 26.1087, "bus_lcPushy": 0.5575, "bus_lcSigma": 0.5882, "bus_lcSpeedGainRight": 3.6095, "bus_lcSublane": 0.4663, "bus_sigma": 0.4075, "bus_tau_mean": 1.5807, "bus_tau_std": 2.3857, "bus_v_mean": 9.4827, "bus_v_std": 12.9203, "car_acc": 3.6809, "car_dcc": 3.0646, "car_lcAssertive": 1.314, "car_lcCooperative": 0.4409, "car_lcLookaheadLeft": 14.0128, "car_lcPushy": 0.5292, "car_lcSigma": 0.9824, "car_lcSpeedGainRight": 2.499, "car_lcSublane": 0.3773, "car_sigma": 0.8165, "car_tau_mean": 3.8913, "car_tau_std": 2.8739, "car_v_mean": 20.8506, "car_v_std": 19.9254}, "datetime": {"datetime": "2024-08-08 18:16:40", "elapsed": 3185.121002, "delta": 9.221785}}
{"target": -0.21216211570092136, "params": {"bus_acc": 1.0663, "bus_dcc": 1.7493, "bus_lcAssertive": 79.4416, "bus_lcCooperative": 0.7218, "bus_lcLookaheadLeft": 26.1087, "bus_lcPushy": 0.5575, "bus_lcSigma": 0.5882, "bus_lcSpeedGainRight": 3.6095, "bus_lcSublane": 0.4663, "bus_sigma": 0.4075, "bus_tau_mean": 1.5807, "bus_tau_std": 2.3857, "bus_v_mean": 9.4827, "bus_v_std": 12.9203, "car_acc": 3.6809, "car_dcc": 3.0647, "car_lcAssertive": 1.314, "car_lcCooperative": 0.4409, "car_lcLookaheadLeft": 14.0129, "car_lcPushy": 0.5292, "car_lcSigma": 0.9824, "car_lcSpeedGainRight": 2.499, "car_lcSublane": 0.3773, "car_sigma": 0.8165, "car_tau_mean": 3.8913, "car_tau_std": 2.8739, "car_v_mean": 20.8506, "car_v_std": 19.9254}, "datetime": {"datetime": "2024-08-08 18:16:48", "elapsed": 3194.082163, "delta": 8.961161}}
{"target": -0.2479201105593254, "params": {"bus_acc": 1.0663, "bus_dcc": 1.7493, "bus_lcAssertive": 79.4416, "bus_lcCooperative": 0.7218, "bus_lcLookaheadLeft": 26.1087, "bus_lcPushy": 0.5575, "bus_lcSigma": 0.5882, "bus_lcSpeedGainRight": 3.6096, "bus_lcSublane": 0.4663, "bus_sigma": 0.4075, "bus_tau_mean": 1.5807, "bus_tau_std": 2.3857, "bus_v_mean": 9.4827, "bus_v_std": 12.9203, "car_acc": 3.6809, "car_dcc": 3.0647, "car_lcAssertive": 1.3141, "car_lcCooperative": 0.4409, "car_lcLookaheadLeft": 14.0129, "car_lcPushy": 0.5293, "car_lcSigma": 0.9824, "car_lcSpeedGainRight": 2.499, "car_lcSublane": 0.3773, "car_sigma": 0.8165, "car_tau_mean": 3.8913, "car_tau_std": 2.8739, "car_v_mean": 20.8506, "car_v_std": 19.9255}, "datetime": {"datetime": "2024-08-08 18:17:01", "elapsed": 3206.537661, "delta": 12.455498}}
{"target": -0.28589922640193716, "params": {"bus_acc": 1.2039, "bus_dcc": 2.3087, "bus_lcAssertive": 87.4269, "bus_lcCooperative": 0.1511, "bus_lcLookaheadLeft": 99.756, "bus_lcPushy": 0.7107, "bus_lcSigma": 0.6118, "bus_lcSpeedGainRight": 4.6034, "bus_lcSublane": 0.4814, "bus_sigma": 0.7503, "bus_tau_mean": 0.5684, "bus_tau_std": 5.392, "bus_v_mean": 22.6127, "bus_v_std": 12.567, "car_acc": 1.4916, "car_dcc": 1.4498, "car_lcAssertive": 41.9955, "car_lcCooperative": 0.7343, "car_lcLookaheadLeft": 76.0278, "car_lcPushy": 0.3569, "car_lcSigma": 0.4176, "car_lcSpeedGainRight": 1.1038, "car_lcSublane": 0.4949, "car_sigma": 0.1046, "car_tau_mean": 3.4865, "car_tau_std": 8.4735, "car_v_mean": 17.7002, "car_v_std": 16.5946}, "datetime": {"datetime": "2024-08-08 18:17:10", "elapsed": 3215.81775, "delta": 9.280089}}
{"target": -0.2669666704086018, "params": {"bus_acc": 1.0663, "bus_dcc": 1.7494, "bus_lcAssertive": 79.4416, "bus_lcCooperative": 0.7218, "bus_lcLookaheadLeft": 26.1087, "bus_lcPushy": 0.5575, "bus_lcSigma": 0.5882, "bus_lcSpeedGainRight": 3.6096, "bus_lcSublane": 0.4663, "bus_sigma": 0.4075, "bus_tau_mean": 1.5807, "bus_tau_std": 2.3857, "bus_v_mean": 9.4827, "bus_v_std": 12.9203, "car_acc": 3.6809, "car_dcc": 3.0647, "car_lcAssertive": 1.3141, "car_lcCooperative": 0.4409, "car_lcLookaheadLeft": 14.0129, "car_lcPushy": 0.5293, "car_lcSigma": 0.9824, "car_lcSpeedGainRight": 2.499, "car_lcSublane": 0.3773, "car_sigma": 0.8165, "car_tau_mean": 3.8914, "car_tau_std": 2.8739, "car_v_mean": 20.8507, "car_v_std": 19.9255}, "datetime": {"datetime": "2024-08-08 18:17:20", "elapsed": 3225.14533, "delta": 9.32758}}
{"target": -0.2479201105593254, "params": {"bus_acc": 1.0663, "bus_dcc": 1.7493, "bus_lcAssertive": 79.4416, "bus_lcCooperative": 0.7218, "bus_lcLookaheadLeft": 26.1087, "bus_lcPushy": 0.5575, "bus_lcSigma": 0.5882, "bus_lcSpeedGainRight": 3.6096, "bus_lcSublane": 0.4663, "bus_sigma": 0.4075, "bus_tau_mean": 1.5807, "bus_tau_std": 2.3857, "bus_v_mean": 9.4827, "bus_v_std": 12.9203, "car_acc": 3.6809, "car_dcc": 3.0647, "car_lcAssertive": 1.3141, "car_lcCooperative": 0.4409, "car_lcLookaheadLeft": 14.0129, "car_lcPushy": 0.5292, "car_lcSigma": 0.9824, "car_lcSpeedGainRight": 2.499, "car_lcSublane": 0.3773, "car_sigma": 0.8165, "car_tau_mean": 3.8913, "car_tau_std": 2.8739, "car_v_mean": 20.8506, "car_v_std": 19.9255}, "datetime": {"datetime": "2024-08-08 18:17:29", "elapsed": 3234.650945, "delta": 9.505615}}
{"target": -0.2586194045638948, "params": {"bus_acc": 1.0663, "bus_dcc": 1.7493, "bus_lcAssertive": 79.4416, "bus_lcCooperative": 0.7218, "bus_lcLookaheadLeft": 26.1087, "bus_lcPushy": 0.5575, "bus_lcSigma": 0.5882, "bus_lcSpeedGainRight": 3.6096, "bus_lcSublane": 0.4663, "bus_sigma": 0.4075, "bus_tau_mean": 1.5807, "bus_tau_std": 2.3857, "bus_v_mean": 9.4827, "bus_v_std": 12.9203, "car_acc": 3.6809, "car_dcc": 3.0647, "car_lcAssertive": 1.3141, "car_lcCooperative": 0.4409, "car_lcLookaheadLeft": 14.0129, "car_lcPushy": 0.5293, "car_lcSigma": 0.9824, "car_lcSpeedGainRight": 2.499, "car_lcSublane": 0.3773, "car_sigma": 0.8165, "car_tau_mean": 3.8914, "car_tau_std": 2.8739, "car_v_mean": 20.8506, "car_v_std": 19.9255}, "datetime": {"datetime": "2024-08-08 18:17:38", "elapsed": 3243.857877, "delta": 9.206932}}
{"target": -0.2967786216502328, "params": {"bus_acc": 2.3533, "bus_dcc": 2.731, "bus_lcAssertive": 63.5438, "bus_lcCooperative": 0.6352, "bus_lcLookaheadLeft": 51.9207, "bus_lcPushy": 0.7563, "bus_lcSigma": 0.2407, "bus_lcSpeedGainRight": 0.7513, "bus_lcSublane": 0.3123, "bus_sigma": 0.7288, "bus_tau_mean": 2.7899, "bus_tau_std": 8.3249, "bus_v_mean": 22.5491, "bus_v_std": 13.8187, "car_acc": 4.0501, "car_dcc": 3.067, "car_lcAssertive": 15.8236, "car_lcCooperative": 0.4414, "car_lcLookaheadLeft": 6.4699, "car_lcPushy": 0.6268, "car_lcSigma": 0.286, "car_lcSpeedGainRight": 3.7274, "car_lcSublane": 0.685, "car_sigma": 0.2774, "car_tau_mean": 0.9582, "car_tau_std": 9.684, "car_v_mean": 13.9318, "car_v_std": 5.8204}, "datetime": {"datetime": "2024-08-08 18:17:47", "elapsed": 3252.479568, "delta": 8.621691}}
{"target": -0.28728082602051125, "params": {"bus_acc": 4.8214, "bus_dcc": 2.9662, "bus_lcAssertive": 37.6338, "bus_lcCooperative": 0.3691, "bus_lcLookaheadLeft": 78.9094, "bus_lcPushy": 0.2665, "bus_lcSigma": 0.6925, "bus_lcSpeedGainRight": 0.5123, "bus_lcSublane": 0.5638, "bus_sigma": 0.1186, "bus_tau_mean": 0.8115, "bus_tau_std": 4.0056, "bus_v_mean": 18.6671, "bus_v_std": 7.8454, "car_acc": 4.1885, "car_dcc": 3.9136, "car_lcAssertive": 85.5465, "car_lcCooperative": 0.1246, "car_lcLookaheadLeft": 66.7076, "car_lcPushy": 0.4733, "car_lcSigma": 0.5459, "car_lcSpeedGainRight": 2.2024, "car_lcSublane": 0.7644, "car_sigma": 0.7863, "car_tau_mean": 0.9984, "car_tau_std": 2.1238, "car_v_mean": 18.4541, "car_v_std": 10.123}, "datetime": {"datetime": "2024-08-08 18:17:56", "elapsed": 3261.607076, "delta": 9.127508}}
{"target": -0.46069458929565316, "params": {"bus_acc": 2.7073, "bus_dcc": 2.3121, "bus_lcAssertive": 38.6415, "bus_lcCooperative": 0.4456, "bus_lcLookaheadLeft": 77.0328, "bus_lcPushy": 0.187, "bus_lcSigma": 0.9917, "bus_lcSpeedGainRight": 3.8835, "bus_lcSublane": 0.4113, "bus_sigma": 0.7296, "bus_tau_mean": 1.3324, "bus_tau_std": 0.666, "bus_v_mean": 13.7267, "bus_v_std": 15.3832, "car_acc": 3.1609, "car_dcc": 1.3475, "car_lcAssertive": 59.9837, "car_lcCooperative": 0.5023, "car_lcLookaheadLeft": 51.3606, "car_lcPushy": 0.4858, "car_lcSigma": 0.7737, "car_lcSpeedGainRight": 1.5646, "car_lcSublane": 0.2173, "car_sigma": 0.8797, "car_tau_mean": 2.6683, "car_tau_std": 9.6419, "car_v_mean": 16.3961, "car_v_std": 0.0477}, "datetime": {"datetime": "2024-08-08 18:18:04", "elapsed": 3269.144291, "delta": 7.537215}}
{"target": -0.2479201105593254, "params": {"bus_acc": 1.0663, "bus_dcc": 1.7493, "bus_lcAssertive": 79.4416, "bus_lcCooperative": 0.7218, "bus_lcLookaheadLeft": 26.1087, "bus_lcPushy": 0.5575, "bus_lcSigma": 0.5882, "bus_lcSpeedGainRight": 3.6095, "bus_lcSublane": 0.4663, "bus_sigma": 0.4075, "bus_tau_mean": 1.5807, "bus_tau_std": 2.3857, "bus_v_mean": 9.4827, "bus_v_std": 12.9203, "car_acc": 3.6809, "car_dcc": 3.0647, "car_lcAssertive": 1.3141, "car_lcCooperative": 0.4409, "car_lcLookaheadLeft": 14.0129, "car_lcPushy": 0.5292, "car_lcSigma": 0.9824, "car_lcSpeedGainRight": 2.499, "car_lcSublane": 0.3773, "car_sigma": 0.8165, "car_tau_mean": 3.8913, "car_tau_std": 2.8739, "car_v_mean": 20.8506, "car_v_std": 19.9255}, "datetime": {"datetime": "2024-08-08 18:18:13", "elapsed": 3279.059283, "delta": 9.914992}}
{"target": -0.24573516287400266, "params": {"bus_acc": 3.7385, "bus_dcc": 2.7464, "bus_lcAssertive": 13.0416, "bus_lcCooperative": 0.7012, "bus_lcLookaheadLeft": 41.8853, "bus_lcPushy": 0.4166, "bus_lcSigma": 0.7934, "bus_lcSpeedGainRight": 0.6304, "bus_lcSublane": 0.1743, "bus_sigma": 0.8173, "bus_tau_mean": 2.4527, "bus_tau_std": 6.5513, "bus_v_mean": 11.4507, "bus_v_std": 5.8761, "car_acc": 2.8954, "car_dcc": 1.4958, "car_lcAssertive": 5.4039, "car_lcCooperative": 0.4785, "car_lcLookaheadLeft": 10.2672, "car_lcPushy": 0.3507, "car_lcSigma": 0.53, "car_lcSpeedGainRight": 3.1123, "car_lcSublane": 0.8711, "car_sigma": 0.8423, "car_tau_mean": 2.1472, "car_tau_std": 0.8211, "car_v_mean": 16.9377, "car_v_std": 1.5248}, "datetime": {"datetime": "2024-08-08 18:18:23", "elapsed": 3288.975954, "delta": 9.916671}}
{"target": -0.2754807304013349, "params": {"bus_acc": 4.0187, "bus_dcc": 3.1632, "bus_lcAssertive": 45.3792, "bus_lcCooperative": 0.452, "bus_lcLookaheadLeft": 32.3024, "bus_lcPushy": 0.2793, "bus_lcSigma": 0.6069, "bus_lcSpeedGainRight": 3.0147, "bus_lcSublane": 0.5893, "bus_sigma": 0.008, "bus_tau_mean": 2.0676, "bus_tau_std": 8.8718, "bus_v_mean": 8.2617, "bus_v_std": 7.1415, "car_acc": 2.3768, "car_dcc": 1.2121, "car_lcAssertive": 45.8696, "car_lcCooperative": 0.7994, "car_lcLookaheadLeft": 43.0298, "car_lcPushy": 0.7178, "car_lcSigma": 0.1538, "car_lcSpeedGainRight": 3.1022, "car_lcSublane": 0.678, "car_sigma": 0.8293, "car_tau_mean": 1.7427, "car_tau_std": 7.5858, "car_v_mean": 21.4592, "car_v_std": 13.3207}, "datetime": {"datetime": "2024-08-08 18:18:34", "elapsed": 3299.427982, "delta": 10.452028}}
{"target": -0.3852680385067127, "params": {"bus_acc": 4.0931, "bus_dcc": 2.4843, "bus_lcAssertive": 93.5214, "bus_lcCooperative": 0.4767, "bus_lcLookaheadLeft": 79.9609, "bus_lcPushy": 0.3752, "bus_lcSigma": 0.2694, "bus_lcSpeedGainRight": 0.9168, "bus_lcSublane": 0.1338, "bus_sigma": 0.3492, "bus_tau_mean": 3.2962, "bus_tau_std": 5.284, "bus_v_mean": 17.3516, "bus_v_std": 16.3207, "car_acc": 2.1346, "car_dcc": 2.9098, "car_lcAssertive": 52.7387, "car_lcCooperative": 0.6374, "car_lcLookaheadLeft": 77.8571, "car_lcPushy": 0.0801, "car_lcSigma": 0.2884, "car_lcSpeedGainRight": 3.9019, "car_lcSublane": 0.0597, "car_sigma": 0.3866, "car_tau_mean": 0.5467, "car_tau_std": 0.5797, "car_v_mean": 17.2897, "car_v_std": 18.1395}, "datetime": {"datetime": "2024-08-08 18:18:45", "elapsed": 3310.475819, "delta": 11.047837}}
{"target": -0.31382569852962455, "params": {"bus_acc": 2.7684, "bus_dcc": 1.4896, "bus_lcAssertive": 60.6899, "bus_lcCooperative": 0.7957, "bus_lcLookaheadLeft": 73.8347, "bus_lcPushy": 0.5334, "bus_lcSigma": 0.4924, "bus_lcSpeedGainRight": 2.8984, "bus_lcSublane": 0.9503, "bus_sigma": 0.0315, "bus_tau_mean": 2.4032, "bus_tau_std": 8.357, "bus_v_mean": 16.2425, "bus_v_std": 10.2963, "car_acc": 1.1932, "car_dcc": 2.5958, "car_lcAssertive": 21.1822, "car_lcCooperative": 0.1477, "car_lcLookaheadLeft": 93.0008, "car_lcPushy": 0.4593, "car_lcSigma": 0.9322, "car_lcSpeedGainRight": 2.8141, "car_lcSublane": 0.1962, "car_sigma": 0.9753, "car_tau_mean": 3.8865, "car_tau_std": 6.5848, "car_v_mean": 15.3349, "car_v_std": 13.9402}, "datetime": {"datetime": "2024-08-08 18:18:56", "elapsed": 3321.678949, "delta": 11.20313}}
{"target": -0.33436819164244175, "params": {"bus_acc": 2.7174, "bus_dcc": 2.3671, "bus_lcAssertive": 86.6008, "bus_lcCooperative": 0.7554, "bus_lcLookaheadLeft": 22.4726, "bus_lcPushy": 0.7768, "bus_lcSigma": 0.5257, "bus_lcSpeedGainRight": 4.3362, "bus_lcSublane": 0.5539, "bus_sigma": 0.0184, "bus_tau_mean": 0.7835, "bus_tau_std": 1.2105, "bus_v_mean": 12.8679, "bus_v_std": 0.8122, "car_acc": 2.7349, "car_dcc": 3.762, "car_lcAssertive": 55.5789, "car_lcCooperative": 0.6142, "car_lcLookaheadLeft": 38.4619, "car_lcPushy": 0.3091, "car_lcSigma": 0.8825, "car_lcSpeedGainRight": 4.5861, "car_lcSublane": 0.8071, "car_sigma": 0.9378, "car_tau_mean": 3.6151, "car_tau_std": 1.4175, "car_v_mean": 17.2704, "car_v_std": 11.9035}, "datetime": {"datetime": "2024-08-08 18:19:06", "elapsed": 3331.321294, "delta": 9.642345}}
{"target": -0.3208644949745309, "params": {"bus_acc": 1.2981, "bus_dcc": 2.0528, "bus_lcAssertive": 21.997, "bus_lcCooperative": 0.3912, "bus_lcLookaheadLeft": 32.2327, "bus_lcPushy": 0.9683, "bus_lcSigma": 0.2886, "bus_lcSpeedGainRight": 2.3213, "bus_lcSublane": 0.425, "bus_sigma": 0.7912, "bus_tau_mean": 2.988, "bus_tau_std": 0.7667, "bus_v_mean": 23.4466, "bus_v_std": 1.6421, "car_acc": 2.2245, "car_dcc": 3.0286, "car_lcAssertive": 73.0864, "car_lcCooperative": 0.4985, "car_lcLookaheadLeft": 62.3766, "car_lcPushy": 0.618, "car_lcSigma": 0.5411, "car_lcSpeedGainRight": 0.7601, "car_lcSublane": 0.6234, "car_sigma": 0.0191, "car_tau_mean": 2.5091, "car_tau_std": 9.3429, "car_v_mean": 15.0811, "car_v_std": 15.1313}, "datetime": {"datetime": "2024-08-08 18:19:20", "elapsed": 3345.394108, "delta": 14.072814}}
{"target": -0.23479175524920856, "params": {"bus_acc": 1.0663, "bus_dcc": 1.7493, "bus_lcAssertive": 79.4416, "bus_lcCooperative": 0.7218, "bus_lcLookaheadLeft": 26.1086, "bus_lcPushy": 0.5575, "bus_lcSigma": 0.5882, "bus_lcSpeedGainRight": 3.6095, "bus_lcSublane": 0.4663, "bus_sigma": 0.4075, "bus_tau_mean": 1.5806, "bus_tau_std": 2.3857, "bus_v_mean": 9.4827, "bus_v_std": 12.9203, "car_acc": 3.6809, "car_dcc": 3.0646, "car_lcAssertive": 1.314, "car_lcCooperative": 0.4409, "car_lcLookaheadLeft": 14.0128, "car_lcPushy": 0.5292, "car_lcSigma": 0.9824, "car_lcSpeedGainRight": 2.499, "car_lcSublane": 0.3773, "car_sigma": 0.8165, "car_tau_mean": 3.8913, "car_tau_std": 2.8738, "car_v_mean": 20.8506, "car_v_std": 19.9254}, "datetime": {"datetime": "2024-08-08 18:19:31", "elapsed": 3356.197896, "delta": 10.803788}}
{"target": -0.23479175524920856, "params": {"bus_acc": 1.0663, "bus_dcc": 1.7493, "bus_lcAssertive": 79.4416, "bus_lcCooperative": 0.7218, "bus_lcLookaheadLeft": 26.1086, "bus_lcPushy": 0.5575, "bus_lcSigma": 0.5882, "bus_lcSpeedGainRight": 3.6095, "bus_lcSublane": 0.4663, "bus_sigma": 0.4075, "bus_tau_mean": 1.5806, "bus_tau_std": 2.3857, "bus_v_mean": 9.4827, "bus_v_std": 12.9203, "car_acc": 3.6809, "car_dcc": 3.0646, "car_lcAssertive": 1.314, "car_lcCooperative": 0.4409, "car_lcLookaheadLeft": 14.0128, "car_lcPushy": 0.5292, "car_lcSigma": 0.9823, "car_lcSpeedGainRight": 2.499, "car_lcSublane": 0.3773, "car_sigma": 0.8165, "car_tau_mean": 3.8913, "car_tau_std": 2.8738, "car_v_mean": 20.8506, "car_v_std": 19.9254}, "datetime": {"datetime": "2024-08-08 18:19:37", "elapsed": 3363.060662, "delta": 6.862766}}
{"target": -0.2400045873987052, "params": {"bus_acc": 1.0662, "bus_dcc": 1.7493, "bus_lcAssertive": 79.4416, "bus_lcCooperative": 0.7218, "bus_lcLookaheadLeft": 26.1086, "bus_lcPushy": 0.5575, "bus_lcSigma": 0.5882, "bus_lcSpeedGainRight": 3.6095, "bus_lcSublane": 0.4663, "bus_sigma": 0.4074, "bus_tau_mean": 1.5806, "bus_tau_std": 2.3857, "bus_v_mean": 9.4826, "bus_v_std": 12.9203, "car_acc": 3.6809, "car_dcc": 3.0646, "car_lcAssertive": 1.314, "car_lcCooperative": 0.4408, "car_lcLookaheadLeft": 14.0128, "car_lcPushy": 0.5292, "car_lcSigma": 0.9823, "car_lcSpeedGainRight": 2.499, "car_lcSublane": 0.3772, "car_sigma": 0.8164, "car_tau_mean": 3.8913, "car_tau_std": 2.8738, "car_v_mean": 20.8506, "car_v_std": 19.9254}, "datetime": {"datetime": "2024-08-08 18:19:48", "elapsed": 3373.656519, "delta": 10.595857}}
{"target": -0.3154868914726364, "params": {"bus_acc": 2.4169, "bus_dcc": 2.9856, "bus_lcAssertive": 23.8554, "bus_lcCooperative": 0.8626, "bus_lcLookaheadLeft": 65.6698, "bus_lcPushy": 0.704, "bus_lcSigma": 0.1973, "bus_lcSpeedGainRight": 1.2563, "bus_lcSublane": 0.8675, "bus_sigma": 0.8866, "bus_tau_mean": 3.8093, "bus_tau_std": 7.3556, "bus_v_mean": 21.5186, "bus_v_std": 6.2475, "car_acc": 4.4766, "car_dcc": 1.6996, "car_lcAssertive": 45.1111, "car_lcCooperative": 0.3305, "car_lcLookaheadLeft": 49.0796, "car_lcPushy": 0.3533, "car_lcSigma": 0.8237, "car_lcSpeedGainRight": 3.6043, "car_lcSublane": 0.3531, "car_sigma": 0.4359, "car_tau_mean": 3.3208, "car_tau_std": 7.6501, "car_v_mean": 15.2291, "car_v_std": 11.6285}, "datetime": {"datetime": "2024-08-08 18:19:58", "elapsed": 3384.04915, "delta": 10.392631}}
{"target": -0.23479175524920856, "params": {"bus_acc": 1.0662, "bus_dcc": 1.7493, "bus_lcAssertive": 79.4416, "bus_lcCooperative": 0.7218, "bus_lcLookaheadLeft": 26.1086, "bus_lcPushy": 0.5575, "bus_lcSigma": 0.5882, "bus_lcSpeedGainRight": 3.6095, "bus_lcSublane": 0.4663, "bus_sigma": 0.4075, "bus_tau_mean": 1.5806, "bus_tau_std": 2.3857, "bus_v_mean": 9.4827, "bus_v_std": 12.9203, "car_acc": 3.6809, "car_dcc": 3.0646, "car_lcAssertive": 1.314, "car_lcCooperative": 0.4409, "car_lcLookaheadLeft": 14.0128, "car_lcPushy": 0.5292, "car_lcSigma": 0.9823, "car_lcSpeedGainRight": 2.499, "car_lcSublane": 0.3773, "car_sigma": 0.8164, "car_tau_mean": 3.8913, "car_tau_std": 2.8738, "car_v_mean": 20.8506, "car_v_std": 19.9254}, "datetime": {"datetime": "2024-08-08 18:20:09", "elapsed": 3394.333446, "delta": 10.284296}}
{"target": -0.23479175524920856, "params": {"bus_acc": 1.0662, "bus_dcc": 1.7493, "bus_lcAssertive": 79.4416, "bus_lcCooperative": 0.7218, "bus_lcLookaheadLeft": 26.1086, "bus_lcPushy": 0.5575, "bus_lcSigma": 0.5882, "bus_lcSpeedGainRight": 3.6095, "bus_lcSublane": 0.4663, "bus_sigma": 0.4074, "bus_tau_mean": 1.5806, "bus_tau_std": 2.3857, "bus_v_mean": 9.4827, "bus_v_std": 12.9203, "car_acc": 3.6809, "car_dcc": 3.0646, "car_lcAssertive": 1.314, "car_lcCooperative": 0.4409, "car_lcLookaheadLeft": 14.0128, "car_lcPushy": 0.5292, "car_lcSigma": 0.9823, "car_lcSpeedGainRight": 2.499, "car_lcSublane": 0.3772, "car_sigma": 0.8164, "car_tau_mean": 3.8913, "car_tau_std": 2.8738, "car_v_mean": 20.8506, "car_v_std": 19.9254}, "datetime": {"datetime": "2024-08-08 18:20:20", "elapsed": 3405.219833, "delta": 10.886387}}
{"target": -0.2400045873987052, "params": {"bus_acc": 1.0662, "bus_dcc": 1.7493, "bus_lcAssertive": 79.4416, "bus_lcCooperative": 0.7217, "bus_lcLookaheadLeft": 26.1086, "bus_lcPushy": 0.5575, "bus_lcSigma": 0.5882, "bus_lcSpeedGainRight": 3.6095, "bus_lcSublane": 0.4663, "bus_sigma": 0.4074, "bus_tau_mean": 1.5806, "bus_tau_std": 2.3857, "bus_v_mean": 9.4826, "bus_v_std": 12.9203, "car_acc": 3.6809, "car_dcc": 3.0646, "car_lcAssertive": 1.314, "car_lcCooperative": 0.4408, "car_lcLookaheadLeft": 14.0128, "car_lcPushy": 0.5292, "car_lcSigma": 0.9823, "car_lcSpeedGainRight": 2.499, "car_lcSublane": 0.3772, "car_sigma": 0.8164, "car_tau_mean": 3.8913, "car_tau_std": 2.8738, "car_v_mean": 20.8506, "car_v_std": 19.9254}, "datetime": {"datetime": "2024-08-08 18:20:35", "elapsed": 3420.160243, "delta": 14.94041}}
