{"target": -0.3026030027546485, "params": {"bus_acc": 4.4755777782164285, "bus_dcc": 1.8502439736429124, "bus_lcAssertive": 20.56614281516753, "bus_lcCooperative": 0.3096328566269947, "bus_lcLookaheadLeft": 53.8649297007469, "bus_lcPushy": 0.4826852516650004, "bus_lcSigma": 0.6298717945275636, "bus_lcSpeedGainRight": 0.8338556480171, "bus_lcSublane": 0.37429583628418317, "bus_sigma": 0.5824876874559756, "bus_tau_mean": 3.337735678711166, "bus_tau_std": 3.684455733237365, "bus_v_mean": 21.430116404953996, "bus_v_std": 8.336183745140833, "car_acc": 4.769952384632591, "car_dcc": 1.8890882007499403, "car_lcAssertive": 37.49165307082719, "car_lcCooperative": 0.6527300715843841, "car_lcLookaheadLeft": 59.17477178261795, "car_lcPushy": 0.35416976576484127, "car_lcSigma": 0.4843053704543141, "car_lcSpeedGainRight": 3.321606352249157, "car_lcSublane": 0.056339726051993444, "car_sigma": 0.606402372274341, "car_tau_mean": 3.1137397189789615, "car_tau_std": 7.939704655939427, "car_v_mean": 11.420547432294939, "car_v_std": 12.822100692552743}, "datetime": {"datetime": "2024-08-08 17:30:56", "elapsed": 442.031098, "delta": 1.170464}}
{"target": -0.27308947624103436, "params": {"bus_acc": 3.7727782335135522, "bus_dcc": 2.7624534380512276, "bus_lcAssertive": 64.53316890252607, "bus_lcCooperative": 0.37408018773825613, "bus_lcLookaheadLeft": 28.9952786117102, "bus_lcPushy": 0.5094085814387623, "bus_lcSigma": 0.8858231171497215, "bus_lcSpeedGainRight": 2.8264483518278416, "bus_lcSublane": 0.6631488914643168, "bus_sigma": 0.44137923095350085, "bus_tau_mean": 3.9024868049250827, "bus_tau_std": 7.425224523517098, "bus_v_mean": 13.678440173612374, "bus_v_std": 13.070620653273188, "car_acc": 3.1704656474868815, "car_dcc": 3.652168637136058, "car_lcAssertive": 28.230351055475758, "car_lcCooperative": 0.10806748517233733, "car_lcLookaheadLeft": 20.74466107063467, "car_lcPushy": 0.38704623260508586, "car_lcSigma": 0.8540597949343145, "car_lcSpeedGainRight": 1.354224569179583, "car_lcSublane": 0.6263588032086836, "car_sigma": 0.6235518010455583, "car_tau_mean": 1.9281649737177504, "car_tau_std": 0.5033512965945175, "car_v_mean": 19.917341968519885, "car_v_std": 5.914510688477623}, "datetime": {"datetime": "2024-08-08 17:30:57", "elapsed": 442.818612, "delta": 0.787514}}
{"target": -0.33265620863216466, "params": {"bus_acc": 1.3527545822860403, "bus_dcc": 3.051131007464914, "bus_lcAssertive": 12.919686808914616, "bus_lcCooperative": 0.010699003144174157, "bus_lcLookaheadLeft": 56.61228654734155, "bus_lcPushy": 0.9071090552203707, "bus_lcSigma": 0.8604566673368852, "bus_lcSpeedGainRight": 1.6922569205912503, "bus_lcSublane": 0.02715882932586222, "bus_sigma": 0.8008593551300331, "bus_tau_mean": 3.3209472630138306, "bus_tau_std": 8.684881163027722, "bus_v_mean": 18.714345598008528, "bus_v_std": 16.15557724630153, "car_acc": 4.589993129211281, "car_dcc": 2.361489851470037, "car_lcAssertive": 56.224705067776135, "car_lcCooperative": 0.5061311288282347, "car_lcLookaheadLeft": 69.81442264337343, "car_lcPushy": 0.6829068676298748, "car_lcSigma": 0.5203136358633165, "car_lcSpeedGainRight": 4.142340740427357, "car_lcSublane": 0.5057793867898664, "car_sigma": 0.8248585623852319, "car_tau_mean": 1.4864578085013502, "car_tau_std": 1.7849483297748825, "car_v_mean": 23.517929125515423, "car_v_std": 14.838790509121536}, "datetime": {"datetime": "2024-08-08 17:30:58", "elapsed": 443.798457, "delta": 0.979845}}
{"target": -0.35537258154624407, "params": {"bus_acc": 1.9237668332884965, "bus_dcc": 1.8591313946121473, "bus_lcAssertive": 83.24438532353815, "bus_lcCooperative": 0.15342094116241234, "bus_lcLookaheadLeft": 56.109603140241184, "bus_lcPushy": 0.5681397176921924, "bus_lcSigma": 0.3434200931086723, "bus_lcSpeedGainRight": 1.7530859465347681, "bus_lcSublane": 0.9591120175192023, "bus_sigma": 0.5533439494595207, "bus_tau_mean": 2.7845592031533415, "bus_tau_std": 4.907401164444133, "bus_v_mean": 18.34639970674865, "bus_v_std": 12.10501571014124, "car_acc": 1.5806931716803825, "car_dcc": 2.00404159865378, "car_lcAssertive": 46.58296535243441, "car_lcCooperative": 0.12782166160638486, "car_lcLookaheadLeft": 37.58118571324082, "car_lcPushy": 0.22814163429292222, "car_lcSigma": 0.847502602270402, "car_lcSpeedGainRight": 1.7073704001064933, "car_lcSublane": 0.2267893206662649, "car_sigma": 0.4081814028522822, "car_tau_mean": 2.890724166677864, "car_tau_std": 0.6562199896142484, "car_v_mean": 10.891667417647836, "car_v_std": 13.886138778474573}, "datetime": {"datetime": "2024-08-08 17:30:59", "elapsed": 444.806413, "delta": 1.007956}}
{"target": -0.3062761010823553, "params": {"bus_acc": 3.8000245477911916, "bus_dcc": 3.8856772448255614, "bus_lcAssertive": 77.11499873718994, "bus_lcCooperative": 0.977922591143854, "bus_lcLookaheadLeft": 59.847092069978835, "bus_lcPushy": 0.6192590906865287, "bus_lcSigma": 0.6390532170869906, "bus_lcSpeedGainRight": 1.6318569347560086, "bus_lcSublane": 0.033029018061537796, "bus_sigma": 0.7881763786137156, "bus_tau_mean": 2.985657477048307, "bus_tau_std": 0.790316916668774, "bus_v_mean": 10.377309382991523, "bus_v_std": 13.726804883924897, "car_acc": 3.14014950925495, "car_dcc": 1.573643328276992, "car_lcAssertive": 6.539381737611052, "car_lcCooperative": 0.6114123003073613, "car_lcLookaheadLeft": 7.253939434121916, "car_lcPushy": 0.21357531195227275, "car_lcSigma": 0.5026626703120288, "car_lcSpeedGainRight": 0.47015554810201365, "car_lcSublane": 0.4089061107150217, "car_sigma": 0.020115798083067515, "car_tau_mean": 0.9181231103204437, "car_tau_std": 9.400625138171678, "car_v_mean": 16.941777423968766, "car_v_std": 13.729227519760702}, "datetime": {"datetime": "2024-08-08 17:31:00", "elapsed": 445.800953, "delta": 0.99454}}
{"target": -0.32094587925492785, "params": {"bus_acc": 3.060858784648295, "bus_dcc": 2.436470203556415, "bus_lcAssertive": 75.19480460446479, "bus_lcCooperative": 0.5726882932924154, "bus_lcLookaheadLeft": 37.52160109540249, "bus_lcPushy": 0.48924478546014216, "bus_lcSigma": 0.18913837493884977, "bus_lcSpeedGainRight": 1.9679170714843097, "bus_lcSublane": 0.029961752524048535, "bus_sigma": 0.46252906034220287, "bus_tau_mean": 1.460659394812498, "bus_tau_std": 5.267158603586157, "bus_v_mean": 8.4683539424498, "bus_v_std": 11.10173533044349, "car_acc": 2.171991534513429, "car_dcc": 2.732472043040642, "car_lcAssertive": 73.5442154728753, "car_lcCooperative": 0.44033782679643774, "car_lcLookaheadLeft": 66.98936864243262, "car_lcPushy": 0.23890995487021205, "car_lcSigma": 0.9985990885864799, "car_lcSpeedGainRight": 1.2143926080988376, "car_lcSublane": 0.9408284143815248, "car_sigma": 0.21721975039101793, "car_tau_mean": 2.241475346117736, "car_tau_std": 8.211769648927358, "car_v_mean": 19.465408748715745, "car_v_std": 14.11160824241338}, "datetime": {"datetime": "2024-08-08 17:31:01", "elapsed": 446.684339, "delta": 0.883386}}
{"target": -0.3429651728195013, "params": {"bus_acc": 1.8547729505183246, "bus_dcc": 3.3018535252652996, "bus_lcAssertive": 31.55555281543446, "bus_lcCooperative": 0.7332450677264275, "bus_lcLookaheadLeft": 74.95836900161774, "bus_lcPushy": 0.22139670090820107, "bus_lcSigma": 0.21411213682064845, "bus_lcSpeedGainRight": 0.9947396171353334, "bus_lcSublane": 0.14251833776584466, "bus_sigma": 0.3770825992073341, "bus_tau_mean": 0.5931975964206752, "bus_tau_std": 1.1092036903424063, "bus_v_mean": 18.79302438021457, "bus_v_std": 15.995530737947725, "car_acc": 1.3221181085135436, "car_dcc": 1.6951069314573761, "car_lcAssertive": 21.554940518577624, "car_lcCooperative": 0.9173335630816306, "car_lcLookaheadLeft": 71.7088227773757, "car_lcPushy": 0.5538846110514143, "car_lcSigma": 0.30451798792062024, "car_lcSpeedGainRight": 4.174270238158993, "car_lcSublane": 0.43530595762951996, "car_sigma": 0.9234562151187752, "car_tau_mean": 2.971181315175766, "car_tau_std": 4.780313079652833, "car_v_mean": 10.01936165998974, "car_v_std": 19.520871009354952}, "datetime": {"datetime": "2024-08-08 17:31:02", "elapsed": 447.993868, "delta": 1.309529}}
{"target": -0.27787211069019674, "params": {"bus_acc": 3.6603951133432826, "bus_dcc": 1.6746249399020972, "bus_lcAssertive": 11.84463000441058, "bus_lcCooperative": 0.9790089375741902, "bus_lcLookaheadLeft": 81.86947665118652, "bus_lcPushy": 0.28538353244953096, "bus_lcSigma": 0.5858283844279211, "bus_lcSpeedGainRight": 1.9003560263939563, "bus_lcSublane": 0.1763380407698657, "bus_sigma": 0.4188351430524928, "bus_tau_mean": 1.5401572796885465, "bus_tau_std": 0.16624106532905913, "bus_v_mean": 14.197892911980952, "bus_v_std": 18.418260076095045, "car_acc": 4.3128010348297945, "car_dcc": 2.7222242655896527, "car_lcAssertive": 32.54603961325787, "car_lcCooperative": 0.23126429488543754, "car_lcLookaheadLeft": 95.68991919583152, "car_lcPushy": 0.5646100990687117, "car_lcSigma": 0.2176053035591231, "car_lcSpeedGainRight": 1.2474102554931144, "car_lcSublane": 0.9595962025309192, "car_sigma": 0.238814133296392, "car_tau_mean": 0.8734993092443826, "car_tau_std": 1.8396193975266917, "car_v_mean": 20.259596910686703, "car_v_std": 14.175285118625228}, "datetime": {"datetime": "2024-08-08 17:31:04", "elapsed": 449.9342, "delta": 1.940332}}
{"target": -0.34593390570947985, "params": {"bus_acc": 1.9065479126714, "bus_dcc": 2.0049212267587984, "bus_lcAssertive": 76.61371739793161, "bus_lcCooperative": 0.8534229165541922, "bus_lcLookaheadLeft": 44.838138754882145, "bus_lcPushy": 0.9303323300063634, "bus_lcSigma": 0.5796142988403586, "bus_lcSpeedGainRight": 0.245487407154526, "bus_lcSublane": 0.4528613379550066, "bus_sigma": 0.160400046327681, "bus_tau_mean": 3.06488556422507, "bus_tau_std": 3.4735266793066844, "bus_v_mean": 11.218842235298442, "bus_v_std": 16.855760681286462, "car_acc": 4.271185327209131, "car_dcc": 2.0309400725667377, "car_lcAssertive": 40.95865633289407, "car_lcCooperative": 0.06059981017907001, "car_lcLookaheadLeft": 19.530702302919654, "car_lcPushy": 0.7359188438468761, "car_lcSigma": 0.566130348490864, "car_lcSpeedGainRight": 4.116184850506533, "car_lcSublane": 0.5011500981247835, "car_sigma": 0.7678624156754708, "car_tau_mean": 2.2847130016697363, "car_tau_std": 5.680690305779442, "car_v_mean": 10.953887428754971, "car_v_std": 10.888020490335737}, "datetime": {"datetime": "2024-08-08 17:31:07", "elapsed": 452.268219, "delta": 2.334019}}
{"target": -0.2815746447958453, "params": {"bus_acc": 3.6342721662334476, "bus_dcc": 1.543586145861585, "bus_lcAssertive": 79.01690556605841, "bus_lcCooperative": 0.6028653375383973, "bus_lcLookaheadLeft": 98.07262274345813, "bus_lcPushy": 0.22238319353117575, "bus_lcSigma": 0.4662664741665735, "bus_lcSpeedGainRight": 4.478209012997233, "bus_lcSublane": 0.6014334096987881, "bus_sigma": 0.725958845848815, "bus_tau_mean": 1.947845574704761, "bus_tau_std": 6.843096218313198, "bus_v_mean": 23.13688047756101, "bus_v_std": 4.003721314786441, "car_acc": 4.229461055509281, "car_dcc": 3.9086140362996895, "car_lcAssertive": 2.4423044445698414, "car_lcCooperative": 0.21520958659442757, "car_lcLookaheadLeft": 13.502938190686715, "car_lcPushy": 0.7674235177414532, "car_lcSigma": 0.08121658594273329, "car_lcSpeedGainRight": 4.992067792954538, "car_lcSublane": 0.38961201587930516, "car_sigma": 0.9052027659330404, "car_tau_mean": 1.1600216122481375, "car_tau_std": 4.408721998222909, "car_v_mean": 21.516989104099256, "car_v_std": 11.905395613465124}, "datetime": {"datetime": "2024-08-08 17:31:08", "elapsed": 453.516324, "delta": 1.248105}}
{"target": -0.3176156958293712, "params": {"bus_acc": 1.8122395122395054, "bus_dcc": 3.519662021995397, "bus_lcAssertive": 17.458576605066426, "bus_lcCooperative": 0.8890870796898103, "bus_lcLookaheadLeft": 35.180820001594384, "bus_lcPushy": 0.28794466390675777, "bus_lcSigma": 0.6062229999118651, "bus_lcSpeedGainRight": 0.3030577323700956, "bus_lcSublane": 0.9070881746034647, "bus_sigma": 0.38107069836536567, "bus_tau_mean": 3.264941098157372, "bus_tau_std": 7.105474351529599, "bus_v_mean": 19.2663700801171, "bus_v_std": 10.65252333780619, "car_acc": 2.8667020417806013, "car_dcc": 2.936193796405268, "car_lcAssertive": 69.4661435074687, "car_lcCooperative": 0.23581819527828218, "car_lcLookaheadLeft": 75.8732044129195, "car_lcPushy": 0.9366171681857524, "car_lcSigma": 0.8150976476385567, "car_lcSpeedGainRight": 3.6530483441756467, "car_lcSublane": 0.821710938832267, "car_sigma": 0.00695491753946309, "car_tau_mean": 1.1118841631166745, "car_tau_std": 3.419792015163703, "car_v_mean": 19.736290142485753, "car_v_std": 19.567465783712823}, "datetime": {"datetime": "2024-08-08 17:31:10", "elapsed": 455.291558, "delta": 1.775234}}
{"target": -0.3182316685097442, "params": {"bus_acc": 2.7240427512648697, "bus_dcc": 3.2394314514899154, "bus_lcAssertive": 60.00161900798046, "bus_lcCooperative": 0.25907098659432237, "bus_lcLookaheadLeft": 49.35066639268726, "bus_lcPushy": 0.8901083766800943, "bus_lcSigma": 0.6815540918195304, "bus_lcSpeedGainRight": 2.8156326414444175, "bus_lcSublane": 0.8767539244259733, "bus_sigma": 0.27627638266452226, "bus_tau_mean": 3.988966163899141, "bus_tau_std": 1.9983983332308586, "bus_v_mean": 21.43669644667234, "bus_v_std": 14.846839215833365, "car_acc": 4.456215669620608, "car_dcc": 2.7547527234450078, "car_lcAssertive": 24.005745123817206, "car_lcCooperative": 0.4835199313147117, "car_lcLookaheadLeft": 86.51277093109064, "car_lcPushy": 0.7978045046781688, "car_lcSigma": 0.17351053685227324, "car_lcSpeedGainRight": 4.961049644418275, "car_lcSublane": 0.03041224118736663, "car_sigma": 0.3926484632796582, "car_tau_mean": 3.1404046036472786, "car_tau_std": 9.737396828979248, "car_v_mean": 10.274026274144632, "car_v_std": 18.4808109730646}, "datetime": {"datetime": "2024-08-08 17:31:11", "elapsed": 456.533949, "delta": 1.242391}}
{"target": -0.280301402664532, "params": {"bus_acc": 3.92453894472036, "bus_dcc": 1.285185967582147, "bus_lcAssertive": 7.937219454816093, "bus_lcCooperative": 0.8859549744127954, "bus_lcLookaheadLeft": 37.40980430635259, "bus_lcPushy": 0.7034321595546701, "bus_lcSigma": 0.5601478615240139, "bus_lcSpeedGainRight": 1.6887320812366713, "bus_lcSublane": 0.3456527646232399, "bus_sigma": 0.9054626405838365, "bus_tau_mean": 2.087190998744817, "bus_tau_std": 4.8252987989736065, "bus_v_mean": 23.666346089227964, "bus_v_std": 8.23378087306139, "car_acc": 2.477786720667454, "car_dcc": 1.2398892670638793, "car_lcAssertive": 39.39045597704918, "car_lcCooperative": 0.17793146081476008, "car_lcLookaheadLeft": 14.871496251949686, "car_lcPushy": 0.36767362538658166, "car_lcSigma": 0.15881002678261258, "car_lcSpeedGainRight": 1.5378173928528422, "car_lcSublane": 0.6879789143747679, "car_sigma": 0.8384400412801243, "car_tau_mean": 1.5668787243496274, "car_tau_std": 3.5309770800082854, "car_v_mean": 19.690261614167532, "car_v_std": 15.55665399424548}, "datetime": {"datetime": "2024-08-08 17:31:14", "elapsed": 459.435511, "delta": 2.901562}}
{"target": -0.38974199045714625, "params": {"bus_acc": 2.0797115670601043, "bus_dcc": 3.6876586545882004, "bus_lcAssertive": 43.3810277972582, "bus_lcCooperative": 0.9648400471483856, "bus_lcLookaheadLeft": 67.01726678620791, "bus_lcPushy": 0.6216957202091218, "bus_lcSigma": 0.11474597295337519, "bus_lcSpeedGainRight": 4.747446293535356, "bus_lcSublane": 0.4499121334799405, "bus_sigma": 0.5783896143871318, "bus_tau_mean": 1.928478809664484, "bus_tau_std": 2.3702698024302773, "bus_v_mean": 22.454072328996062, "bus_v_std": 11.473589733445717, "car_acc": 1.0114813081246359, "car_dcc": 2.851434740862172, "car_lcAssertive": 33.337845275437516, "car_lcCooperative": 0.5270581022576093, "car_lcLookaheadLeft": 88.8223257324559, "car_lcPushy": 0.35726976000249977, "car_lcSigma": 0.9085351509197992, "car_lcSpeedGainRight": 3.1168005789590136, "car_lcSublane": 0.015821242846556283, "car_sigma": 0.9294372337437613, "car_tau_mean": 2.9181392113092337, "car_tau_std": 9.973228504514806, "car_v_mean": 10.757448133525257, "car_v_std": 2.742714992577555}, "datetime": {"datetime": "2024-08-08 17:31:15", "elapsed": 460.502487, "delta": 1.066976}}
{"target": -0.3389792213934797, "params": {"bus_acc": 2.6859640417123924, "bus_dcc": 2.665313290025315, "bus_lcAssertive": 97.10345894261806, "bus_lcCooperative": 0.09175383344119148, "bus_lcLookaheadLeft": 28.843973136496388, "bus_lcPushy": 0.10510706908204948, "bus_lcSigma": 0.3904396367376164, "bus_lcSpeedGainRight": 1.4450554159388485, "bus_lcSublane": 0.5133003494679066, "bus_sigma": 0.348256681750747, "bus_tau_mean": 3.7487980638753537, "bus_tau_std": 7.899477963830403, "bus_v_mean": 21.77618189782361, "bus_v_std": 2.590018918857917, "car_acc": 3.3002806679548558, "car_dcc": 1.6443476076545762, "car_lcAssertive": 86.955618572648, "car_lcCooperative": 0.015019421753424078, "car_lcLookaheadLeft": 12.362933082745112, "car_lcPushy": 0.3760570755473156, "car_lcSigma": 0.4020939060931935, "car_lcSpeedGainRight": 1.386100414893413, "car_lcSublane": 0.09606299875993918, "car_sigma": 0.11873040511259358, "car_tau_mean": 1.6128066384656687, "car_tau_std": 9.507928340777205, "car_v_mean": 11.318505037109183, "car_v_std": 14.94560642118445}, "datetime": {"datetime": "2024-08-08 17:31:16", "elapsed": 461.405315, "delta": 0.902828}}
{"target": -0.3711345578616252, "params": {"bus_acc": 1.876095818212403, "bus_dcc": 2.657915640442689, "bus_lcAssertive": 43.847939505681964, "bus_lcCooperative": 0.8080551045114243, "bus_lcLookaheadLeft": 15.579818929382006, "bus_lcPushy": 0.1908699211658358, "bus_lcSigma": 0.5675125045623979, "bus_lcSpeedGainRight": 1.0497584169107343, "bus_lcSublane": 0.8799926485544707, "bus_sigma": 0.5783530045146132, "bus_tau_mean": 3.691142867411994, "bus_tau_std": 7.6434158236064835, "bus_v_mean": 15.59909022581743, "bus_v_std": 13.848165968699831, "car_acc": 1.2392088050319345, "car_dcc": 2.8937755937690652, "car_lcAssertive": 98.42067917397048, "car_lcCooperative": 0.11938448022986414, "car_lcLookaheadLeft": 46.253534047303354, "car_lcPushy": 0.018533944700378835, "car_lcSigma": 0.6881278584235981, "car_lcSpeedGainRight": 0.09711315722339797, "car_lcSublane": 0.4552722202285313, "car_sigma": 0.21915041016568249, "car_tau_mean": 3.3252542363392843, "car_tau_std": 6.456374067585068, "car_v_mean": 18.66030126230499, "car_v_std": 10.997822125160974}, "datetime": {"datetime": "2024-08-08 17:31:18", "elapsed": 463.999879, "delta": 2.594564}}
{"target": -0.2518050306958403, "params": {"bus_acc": 2.842719609437264, "bus_dcc": 1.0738219616014661, "bus_lcAssertive": 10.61599734768194, "bus_lcCooperative": 0.101454845358938, "bus_lcLookaheadLeft": 40.14368041890784, "bus_lcPushy": 0.7159658738810409, "bus_lcSigma": 0.05288207279200652, "bus_lcSpeedGainRight": 0.06243973187949725, "bus_lcSublane": 0.147469963279117, "bus_sigma": 0.9366752836417755, "bus_tau_mean": 3.530072665228087, "bus_tau_std": 4.025197248486858, "bus_v_mean": 10.580704478061904, "bus_v_std": 7.096485909668829, "car_acc": 4.739330371037627, "car_dcc": 2.9306453100081415, "car_lcAssertive": 47.63577303333347, "car_lcCooperative": 0.4023677648340115, "car_lcLookaheadLeft": 89.86228581877504, "car_lcPushy": 0.9734727729483547, "car_lcSigma": 0.7786754026144235, "car_lcSpeedGainRight": 4.166716596303286, "car_lcSublane": 0.3070893413654556, "car_sigma": 0.9395175787171641, "car_tau_mean": 2.0844454384762336, "car_tau_std": 1.7930569307309296, "car_v_mean": 17.540836153534862, "car_v_std": 13.682067724368931}, "datetime": {"datetime": "2024-08-08 17:31:20", "elapsed": 466.069794, "delta": 2.069915}}
{"target": -0.33175830165422965, "params": {"bus_acc": 2.378946610733174, "bus_dcc": 3.8203224470001014, "bus_lcAssertive": 58.61940381476092, "bus_lcCooperative": 0.8788319844118441, "bus_lcLookaheadLeft": 84.78397564843775, "bus_lcPushy": 0.9053923187086492, "bus_lcSigma": 0.45988026581680697, "bus_lcSpeedGainRight": 2.7317340801018664, "bus_lcSublane": 0.7986035911520394, "bus_sigma": 0.28571885173414757, "bus_tau_mean": 2.215887329169747, "bus_tau_std": 5.991103076458783, "bus_v_mean": 8.248532408813372, "bus_v_std": 11.869628163932743, "car_acc": 2.734705395957833, "car_dcc": 3.4220815866545244, "car_lcAssertive": 32.20923550644192, "car_lcCooperative": 0.8928887085251513, "car_lcLookaheadLeft": 58.63000709788448, "car_lcPushy": 0.18401020162746506, "car_lcSigma": 0.7879292338255043, "car_lcSpeedGainRight": 3.0601558852246695, "car_lcSublane": 0.053909272073752956, "car_sigma": 0.4201936800011322, "car_tau_mean": 2.8767409279790037, "car_tau_std": 9.18601777977526, "car_v_mean": 8.006432398261719, "car_v_std": 19.535182980621194}, "datetime": {"datetime": "2024-08-08 17:31:22", "elapsed": 467.415389, "delta": 1.345595}}
{"target": -0.31635322518672354, "params": {"bus_acc": 3.6942196827884284, "bus_dcc": 3.6545093568015314, "bus_lcAssertive": 93.8757064162672, "bus_lcCooperative": 0.9847376482413631, "bus_lcLookaheadLeft": 88.5885778665534, "bus_lcPushy": 0.24358012153518216, "bus_lcSigma": 0.4083047293371109, "bus_lcSpeedGainRight": 1.8740289950537647, "bus_lcSublane": 0.1522287082119994, "bus_sigma": 0.07045586354997146, "bus_tau_mean": 1.5351023883897155, "bus_tau_std": 8.599617396132155, "bus_v_mean": 8.623734664550557, "bus_v_std": 4.309315809264795, "car_acc": 2.38619111287971, "car_dcc": 2.9444797777974525, "car_lcAssertive": 56.75347637583461, "car_lcCooperative": 0.7961829526610231, "car_lcLookaheadLeft": 69.32244287632557, "car_lcPushy": 0.8895035660916912, "car_lcSigma": 0.4869019728966567, "car_lcSpeedGainRight": 2.679600186480317, "car_lcSublane": 0.8376461726319256, "car_sigma": 0.005693175929407879, "car_tau_mean": 1.348999566289175, "car_tau_std": 2.215069739791887, "car_v_mean": 16.984740718873788, "car_v_std": 14.352247068455934}, "datetime": {"datetime": "2024-08-08 17:31:23", "elapsed": 468.684577, "delta": 1.269188}}
