{"target": -0.3520301513272013, "params": {"bus_acc": 1.0321, "bus_dcc": 1.343, "bus_lcAssertive": 87.0251, "bus_lcCooperative": 0.5634, "bus_lcLookaheadLeft": 91.8324, "bus_lcPushy": 0.8033, "bus_lcSigma": 0.1213, "bus_lcSpeedGainRight": 2.0503, "bus_lcSublane": 0.1379, "bus_sigma": 0.2121, "bus_tau_mean": 1.6873, "bus_tau_std": 4.0376, "bus_v_mean": 14.7833, "bus_v_std": 5.1292, "car_acc": 2.1311, "car_dcc": 3.1335, "car_lcAssertive": 71.0954, "car_lcCooperative": 0.4549, "car_lcLookaheadLeft": 11.7306, "car_lcPushy": 0.326, "car_lcSigma": 0.6743, "car_lcSpeedGainRight": 3.4225, "car_lcSublane": 0.8375, "car_sigma": 0.3817, "car_tau_mean": 2.6163, "car_tau_std": 3.815, "car_v_mean": 9.1395, "car_v_std": 6.8954}, "datetime": {"datetime": "2024-08-08 12:13:31", "elapsed": 821.644602, "delta": 3.863594}}
{"target": -0.3275152995822086, "params": {"bus_acc": 1.6448, "bus_dcc": 2.7471, "bus_lcAssertive": 35.302, "bus_lcCooperative": 0.6533, "bus_lcLookaheadLeft": 30.2336, "bus_lcPushy": 0.9494, "bus_lcSigma": 0.2468, "bus_lcSpeedGainRight": 1.9895, "bus_lcSublane": 0.5726, "bus_sigma": 0.1505, "bus_tau_mean": 2.4634, "bus_tau_std": 4.6796, "bus_v_mean": 13.5475, "bus_v_std": 1.0091, "car_acc": 3.0895, "car_dcc": 3.109, "car_lcAssertive": 22.278, "car_lcCooperative": 0.1663, "car_lcLookaheadLeft": 86.5695, "car_lcPushy": 0.7053, "car_lcSigma": 0.2416, "car_lcSpeedGainRight": 3.3148, "car_lcSublane": 0.9841, "car_sigma": 0.4288, "car_tau_mean": 2.7239, "car_tau_std": 2.5069, "car_v_mean": 11.896, "car_v_std": 2.944}, "datetime": {"datetime": "2024-08-08 12:13:35", "elapsed": 825.569665, "delta": 3.925063}}
{"target": -0.5623608166186896, "params": {"bus_acc": 1.0, "bus_dcc": 1.0, "bus_lcAssertive": 85.3891, "bus_lcCooperative": 0.6507, "bus_lcLookaheadLeft": 27.4423, "bus_lcPushy": 0.1585, "bus_lcSigma": 1.0, "bus_lcSpeedGainRight": 5.0, "bus_lcSublane": 1.0, "bus_sigma": 1.0, "bus_tau_mean": 3.6063, "bus_tau_std": 0.0, "bus_v_mean": 8.0, "bus_v_std": 18.0513, "car_acc": 4.4461, "car_dcc": 4.0, "car_lcAssertive": 11.7706, "car_lcCooperative": 0.0, "car_lcLookaheadLeft": 21.1412, "car_lcPushy": 0.9771, "car_lcSigma": 0.1597, "car_lcSpeedGainRight": 0.0, "car_lcSublane": 0.0285, "car_sigma": 1.0, "car_tau_mean": 4.0, "car_tau_std": 0.0, "car_v_mean": 8.0933, "car_v_std": 20.0}, "datetime": {"datetime": "2024-08-08 12:13:38", "elapsed": 828.37094, "delta": 2.801275}}
{"target": -0.3645892830572628, "params": {"bus_acc": 1.832, "bus_dcc": 2.3632, "bus_lcAssertive": 84.7373, "bus_lcCooperative": 0.8977, "bus_lcLookaheadLeft": 95.4332, "bus_lcPushy": 0.1397, "bus_lcSigma": 0.9385, "bus_lcSpeedGainRight": 0.3606, "bus_lcSublane": 0.822, "bus_sigma": 0.3774, "bus_tau_mean": 1.4834, "bus_tau_std": 3.4328, "bus_v_mean": 14.461, "bus_v_std": 3.3241, "car_acc": 1.367, "car_dcc": 3.3684, "car_lcAssertive": 69.8817, "car_lcCooperative": 0.3379, "car_lcLookaheadLeft": 15.6912, "car_lcPushy": 0.0549, "car_lcSigma": 0.7581, "car_lcSpeedGainRight": 4.5774, "car_lcSublane": 0.1348, "car_sigma": 0.4709, "car_tau_mean": 1.4894, "car_tau_std": 2.8492, "car_v_mean": 15.1974, "car_v_std": 12.627}, "datetime": {"datetime": "2024-08-08 12:13:39", "elapsed": 829.74104, "delta": 1.3701}}
{"target": -0.32904669098824035, "params": {"bus_acc": 1.8777, "bus_dcc": 2.155, "bus_lcAssertive": 78.4864, "bus_lcCooperative": 0.3566, "bus_lcLookaheadLeft": 96.0629, "bus_lcPushy": 0.3363, "bus_lcSigma": 0.7965, "bus_lcSpeedGainRight": 2.6741, "bus_lcSublane": 0.2171, "bus_sigma": 0.8369, "bus_tau_mean": 1.0108, "bus_tau_std": 4.0682, "bus_v_mean": 14.0578, "bus_v_std": 5.6586, "car_acc": 3.0996, "car_dcc": 3.3184, "car_lcAssertive": 66.345, "car_lcCooperative": 0.5689, "car_lcLookaheadLeft": 13.4781, "car_lcPushy": 0.2521, "car_lcSigma": 0.6022, "car_lcSpeedGainRight": 0.0692, "car_lcSublane": 0.1405, "car_sigma": 0.7231, "car_tau_mean": 3.2697, "car_tau_std": 6.0801, "car_v_mean": 17.595, "car_v_std": 7.6239}, "datetime": {"datetime": "2024-08-08 12:13:40", "elapsed": 830.651213, "delta": 0.910173}}
{"target": -0.5614679755249888, "params": {"bus_acc": 1.0, "bus_dcc": 1.0, "bus_lcAssertive": 86.1579, "bus_lcCooperative": 0.7523, "bus_lcLookaheadLeft": 26.8536, "bus_lcPushy": 0.0975, "bus_lcSigma": 1.0, "bus_lcSpeedGainRight": 5.0, "bus_lcSublane": 0.8326, "bus_sigma": 1.0, "bus_tau_mean": 3.7467, "bus_tau_std": 0.0, "bus_v_mean": 8.0, "bus_v_std": 18.6669, "car_acc": 4.3822, "car_dcc": 4.0, "car_lcAssertive": 11.647, "car_lcCooperative": 0.0, "car_lcLookaheadLeft": 20.9349, "car_lcPushy": 1.0, "car_lcSigma": 0.15, "car_lcSpeedGainRight": 0.0, "car_lcSublane": 0.3553, "car_sigma": 1.0, "car_tau_mean": 4.0, "car_tau_std": 0.0, "car_v_mean": 8.0, "car_v_std": 20.0}, "datetime": {"datetime": "2024-08-08 12:13:43", "elapsed": 833.099356, "delta": 2.448143}}
{"target": -0.32738773668039844, "params": {"bus_acc": 3.619, "bus_dcc": 2.6859, "bus_lcAssertive": 34.9809, "bus_lcCooperative": 0.6495, "bus_lcLookaheadLeft": 48.8992, "bus_lcPushy": 0.7612, "bus_lcSigma": 0.6479, "bus_lcSpeedGainRight": 1.216, "bus_lcSublane": 0.1911, "bus_sigma": 0.3825, "bus_tau_mean": 2.5234, "bus_tau_std": 2.7419, "bus_v_mean": 16.3702, "bus_v_std": 17.7621, "car_acc": 2.9995, "car_dcc": 2.6219, "car_lcAssertive": 5.5161, "car_lcCooperative": 0.9231, "car_lcLookaheadLeft": 26.4127, "car_lcPushy": 0.1262, "car_lcSigma": 0.5863, "car_lcSpeedGainRight": 1.572, "car_lcSublane": 0.3937, "car_sigma": 0.4179, "car_tau_mean": 2.7252, "car_tau_std": 8.6534, "car_v_mean": 17.4277, "car_v_std": 14.0949}, "datetime": {"datetime": "2024-08-08 12:13:44", "elapsed": 834.739494, "delta": 1.640138}}
{"target": -0.587419616853338, "params": {"bus_acc": 1.0, "bus_dcc": 1.0, "bus_lcAssertive": 85.8371, "bus_lcCooperative": 1.0, "bus_lcLookaheadLeft": 26.3528, "bus_lcPushy": 0.1436, "bus_lcSigma": 1.0, "bus_lcSpeedGainRight": 5.0, "bus_lcSublane": 1.0, "bus_sigma": 1.0, "bus_tau_mean": 3.6116, "bus_tau_std": 0.0, "bus_v_mean": 8.0, "bus_v_std": 17.003, "car_acc": 4.0855, "car_dcc": 4.0, "car_lcAssertive": 11.7586, "car_lcCooperative": 0.0, "car_lcLookaheadLeft": 21.1486, "car_lcPushy": 1.0, "car_lcSigma": 0.0138, "car_lcSpeedGainRight": 0.0, "car_lcSublane": 0.0266, "car_sigma": 1.0, "car_tau_mean": 4.0, "car_tau_std": 0.0, "car_v_mean": 8.0, "car_v_std": 20.0}, "datetime": {"datetime": "2024-08-08 12:13:45", "elapsed": 835.8563, "delta": 1.116806}}
{"target": -0.3075351090255114, "params": {"bus_acc": 4.5627, "bus_dcc": 1.9265, "bus_lcAssertive": 81.0801, "bus_lcCooperative": 0.1863, "bus_lcLookaheadLeft": 32.9918, "bus_lcPushy": 0.9065, "bus_lcSigma": 0.5929, "bus_lcSpeedGainRight": 3.675, "bus_lcSublane": 0.1856, "bus_sigma": 0.4967, "bus_tau_mean": 1.6876, "bus_tau_std": 4.4841, "bus_v_mean": 15.9204, "bus_v_std": 12.4331, "car_acc": 2.2788, "car_dcc": 1.404, "car_lcAssertive": 67.3843, "car_lcCooperative": 0.6007, "car_lcLookaheadLeft": 58.0798, "car_lcPushy": 0.967, "car_lcSigma": 0.904, "car_lcSpeedGainRight": 1.1215, "car_lcSublane": 0.1541, "car_sigma": 0.0373, "car_tau_mean": 2.1469, "car_tau_std": 8.4361, "car_v_mean": 11.9651, "car_v_std": 14.7898}, "datetime": {"datetime": "2024-08-08 12:13:47", "elapsed": 837.264516, "delta": 1.408216}}
{"target": -0.3354661126288648, "params": {"bus_acc": 2.7577, "bus_dcc": 1.8884, "bus_lcAssertive": 60.9333, "bus_lcCooperative": 0.8024, "bus_lcLookaheadLeft": 35.0864, "bus_lcPushy": 0.3616, "bus_lcSigma": 0.4551, "bus_lcSpeedGainRight": 0.1336, "bus_lcSublane": 0.0303, "bus_sigma": 0.3647, "bus_tau_mean": 3.139, "bus_tau_std": 8.1846, "bus_v_mean": 11.666, "bus_v_std": 19.1047, "car_acc": 1.4809, "car_dcc": 2.3931, "car_lcAssertive": 9.5844, "car_lcCooperative": 0.1753, "car_lcLookaheadLeft": 17.1743, "car_lcPushy": 0.0367, "car_lcSigma": 0.1008, "car_lcSpeedGainRight": 4.4208, "car_lcSublane": 0.2098, "car_sigma": 0.8359, "car_tau_mean": 1.8103, "car_tau_std": 5.7794, "car_v_mean": 21.0088, "car_v_std": 11.5838}, "datetime": {"datetime": "2024-08-08 12:13:50", "elapsed": 840.232576, "delta": 2.96806}}
{"target": -0.5116219893758164, "params": {"bus_acc": 1.0, "bus_dcc": 1.0, "bus_lcAssertive": 85.5772, "bus_lcCooperative": 0.8464, "bus_lcLookaheadLeft": 27.2393, "bus_lcPushy": 0.0844, "bus_lcSigma": 1.0, "bus_lcSpeedGainRight": 5.0, "bus_lcSublane": 1.0, "bus_sigma": 1.0, "bus_tau_mean": 3.4742, "bus_tau_std": 0.0, "bus_v_mean": 8.0, "bus_v_std": 17.9993, "car_acc": 3.4334, "car_dcc": 4.0, "car_lcAssertive": 11.88, "car_lcCooperative": 0.0, "car_lcLookaheadLeft": 21.2023, "car_lcPushy": 1.0, "car_lcSigma": 0.2601, "car_lcSpeedGainRight": 0.0, "car_lcSublane": 0.2085, "car_sigma": 1.0, "car_tau_mean": 4.0, "car_tau_std": 0.0, "car_v_mean": 8.0365, "car_v_std": 20.0}, "datetime": {"datetime": "2024-08-08 12:13:51", "elapsed": 841.807845, "delta": 1.575269}}
{"target": -0.34104352614428884, "params": {"bus_acc": 1.172, "bus_dcc": 2.3705, "bus_lcAssertive": 52.218, "bus_lcCooperative": 0.7684, "bus_lcLookaheadLeft": 33.4554, "bus_lcPushy": 0.6462, "bus_lcSigma": 0.8552, "bus_lcSpeedGainRight": 0.7397, "bus_lcSublane": 0.9679, "bus_sigma": 0.3575, "bus_tau_mean": 0.6718, "bus_tau_std": 3.0854, "bus_v_mean": 16.042, "bus_v_std": 7.22, "car_acc": 3.2967, "car_dcc": 2.2129, "car_lcAssertive": 55.3545, "car_lcCooperative": 0.5399, "car_lcLookaheadLeft": 50.0672, "car_lcPushy": 0.8847, "car_lcSigma": 0.3711, "car_lcSpeedGainRight": 2.6738, "car_lcSublane": 0.2525, "car_sigma": 0.5079, "car_tau_mean": 3.472, "car_tau_std": 8.4555, "car_v_mean": 21.4449, "car_v_std": 11.7557}, "datetime": {"datetime": "2024-08-08 12:13:53", "elapsed": 843.849949, "delta": 2.042104}}
{"target": -0.5909113038540966, "params": {"bus_acc": 1.0, "bus_dcc": 1.0, "bus_lcAssertive": 85.7768, "bus_lcCooperative": 1.0, "bus_lcLookaheadLeft": 26.6702, "bus_lcPushy": 0.0, "bus_lcSigma": 1.0, "bus_lcSpeedGainRight": 5.0, "bus_lcSublane": 1.0, "bus_sigma": 1.0, "bus_tau_mean": 3.7647, "bus_tau_std": 0.0, "bus_v_mean": 8.0, "bus_v_std": 17.2053, "car_acc": 4.6714, "car_dcc": 4.0, "car_lcAssertive": 11.801, "car_lcCooperative": 0.0177, "car_lcLookaheadLeft": 20.8969, "car_lcPushy": 1.0, "car_lcSigma": 0.1207, "car_lcSpeedGainRight": 0.0, "car_lcSublane": 0.103, "car_sigma": 1.0, "car_tau_mean": 4.0, "car_tau_std": 0.0, "car_v_mean": 8.0989, "car_v_std": 20.0}, "datetime": {"datetime": "2024-08-08 12:13:55", "elapsed": 846.010908, "delta": 2.160959}}
{"target": -0.33197098271121717, "params": {"bus_acc": 2.9926, "bus_dcc": 2.383, "bus_lcAssertive": 76.4192, "bus_lcCooperative": 0.7393, "bus_lcLookaheadLeft": 35.3149, "bus_lcPushy": 0.176, "bus_lcSigma": 0.5203, "bus_lcSpeedGainRight": 1.6344, "bus_lcSublane": 0.4053, "bus_sigma": 0.218, "bus_tau_mean": 1.4646, "bus_tau_std": 2.5729, "bus_v_mean": 15.0587, "bus_v_std": 7.0208, "car_acc": 4.0987, "car_dcc": 2.6477, "car_lcAssertive": 66.7647, "car_lcCooperative": 0.8116, "car_lcLookaheadLeft": 62.5843, "car_lcPushy": 0.7489, "car_lcSigma": 0.0843, "car_lcSpeedGainRight": 2.5392, "car_lcSublane": 0.4444, "car_sigma": 0.2242, "car_tau_mean": 3.881, "car_tau_std": 8.665, "car_v_mean": 15.8617, "car_v_std": 15.2279}, "datetime": {"datetime": "2024-08-08 12:13:58", "elapsed": 848.565972, "delta": 2.555064}}
{"target": -0.540835054692331, "params": {"bus_acc": 1.0, "bus_dcc": 1.0, "bus_lcAssertive": 86.1146, "bus_lcCooperative": 0.805, "bus_lcLookaheadLeft": 26.5942, "bus_lcPushy": 0.0212, "bus_lcSigma": 1.0, "bus_lcSpeedGainRight": 5.0, "bus_lcSublane": 1.0, "bus_sigma": 1.0, "bus_tau_mean": 2.8029, "bus_tau_std": 0.0, "bus_v_mean": 8.0, "bus_v_std": 18.5321, "car_acc": 2.6834, "car_dcc": 4.0, "car_lcAssertive": 11.5616, "car_lcCooperative": 0.0428, "car_lcLookaheadLeft": 21.2621, "car_lcPushy": 1.0, "car_lcSigma": 0.239, "car_lcSpeedGainRight": 0.0, "car_lcSublane": 0.1491, "car_sigma": 1.0, "car_tau_mean": 4.0, "car_tau_std": 0.0, "car_v_mean": 8.0, "car_v_std": 20.0}, "datetime": {"datetime": "2024-08-08 12:14:03", "elapsed": 853.225202, "delta": 4.65923}}
{"target": -0.3133573838853941, "params": {"bus_acc": 3.1124, "bus_dcc": 3.4341, "bus_lcAssertive": 29.4712, "bus_lcCooperative": 0.082, "bus_lcLookaheadLeft": 47.3637, "bus_lcPushy": 0.438, "bus_lcSigma": 0.0558, "bus_lcSpeedGainRight": 0.9743, "bus_lcSublane": 0.2361, "bus_sigma": 0.3069, "bus_tau_mean": 3.6376, "bus_tau_std": 8.1388, "bus_v_mean": 21.1424, "bus_v_std": 13.4685, "car_acc": 3.0263, "car_dcc": 1.0085, "car_lcAssertive": 80.64, "car_lcCooperative": 0.6969, "car_lcLookaheadLeft": 49.8147, "car_lcPushy": 0.3817, "car_lcSigma": 0.4979, "car_lcSpeedGainRight": 4.6699, "car_lcSublane": 0.3903, "car_sigma": 0.6999, "car_tau_mean": 2.2377, "car_tau_std": 9.0102, "car_v_mean": 13.2927, "car_v_std": 6.1214}, "datetime": {"datetime": "2024-08-08 12:14:05", "elapsed": 855.574548, "delta": 2.349346}}
{"target": -0.3414785421979645, "params": {"bus_acc": 3.0201, "bus_dcc": 1.7838, "bus_lcAssertive": 57.826, "bus_lcCooperative": 0.745, "bus_lcLookaheadLeft": 33.8524, "bus_lcPushy": 0.5723, "bus_lcSigma": 0.8641, "bus_lcSpeedGainRight": 0.8735, "bus_lcSublane": 0.6998, "bus_sigma": 0.3323, "bus_tau_mean": 2.1933, "bus_tau_std": 4.0647, "bus_v_mean": 18.5618, "bus_v_std": 18.9356, "car_acc": 4.8577, "car_dcc": 3.4003, "car_lcAssertive": 8.8907, "car_lcCooperative": 0.4095, "car_lcLookaheadLeft": 14.7361, "car_lcPushy": 0.9097, "car_lcSigma": 0.2659, "car_lcSpeedGainRight": 2.76, "car_lcSublane": 0.1387, "car_sigma": 0.7588, "car_tau_mean": 3.066, "car_tau_std": 7.1399, "car_v_mean": 21.1931, "car_v_std": 10.488}, "datetime": {"datetime": "2024-08-08 12:14:08", "elapsed": 858.424805, "delta": 2.850257}}
{"target": -0.5313554207859719, "params": {"bus_acc": 1.0, "bus_dcc": 1.0, "bus_lcAssertive": 85.7878, "bus_lcCooperative": 0.5582, "bus_lcLookaheadLeft": 26.3612, "bus_lcPushy": 0.3433, "bus_lcSigma": 1.0, "bus_lcSpeedGainRight": 5.0, "bus_lcSublane": 1.0, "bus_sigma": 1.0, "bus_tau_mean": 2.8347, "bus_tau_std": 0.0, "bus_v_mean": 8.0, "bus_v_std": 16.7542, "car_acc": 2.87, "car_dcc": 4.0, "car_lcAssertive": 12.0885, "car_lcCooperative": 0.0408, "car_lcLookaheadLeft": 21.3292, "car_lcPushy": 1.0, "car_lcSigma": 0.1113, "car_lcSpeedGainRight": 0.0, "car_lcSublane": 0.2104, "car_sigma": 1.0, "car_tau_mean": 4.0, "car_tau_std": 0.0, "car_v_mean": 8.2125, "car_v_std": 20.0}, "datetime": {"datetime": "2024-08-08 12:14:11", "elapsed": 861.642051, "delta": 3.217246}}
{"target": -0.3601282938248669, "params": {"bus_acc": 3.4576, "bus_dcc": 3.0195, "bus_lcAssertive": 82.7185, "bus_lcCooperative": 0.5958, "bus_lcLookaheadLeft": 7.4586, "bus_lcPushy": 0.5539, "bus_lcSigma": 0.5811, "bus_lcSpeedGainRight": 3.9356, "bus_lcSublane": 0.9478, "bus_sigma": 0.0899, "bus_tau_mean": 1.6236, "bus_tau_std": 2.7829, "bus_v_mean": 16.3923, "bus_v_std": 14.9535, "car_acc": 4.2596, "car_dcc": 1.7976, "car_lcAssertive": 59.7696, "car_lcCooperative": 0.2866, "car_lcLookaheadLeft": 5.435, "car_lcPushy": 0.6844, "car_lcSigma": 0.679, "car_lcSpeedGainRight": 0.9886, "car_lcSublane": 0.88, "car_sigma": 0.9097, "car_tau_mean": 1.1647, "car_tau_std": 1.5639, "car_v_mean": 18.3085, "car_v_std": 5.6889}, "datetime": {"datetime": "2024-08-08 12:14:13", "elapsed": 863.65294, "delta": 2.010889}}
{"target": -0.27155311684234157, "params": {"bus_acc": 3.9629, "bus_dcc": 4.0, "bus_lcAssertive": 53.0954, "bus_lcCooperative": 0.0107, "bus_lcLookaheadLeft": 51.8491, "bus_lcPushy": 0.7642, "bus_lcSigma": 1.0, "bus_lcSpeedGainRight": 3.0866, "bus_lcSublane": 0.4357, "bus_sigma": 0.6539, "bus_tau_mean": 3.4032, "bus_tau_std": 4.1002, "bus_v_mean": 17.4922, "bus_v_std": 18.3331, "car_acc": 1.7453, "car_dcc": 3.2079, "car_lcAssertive": 10.7933, "car_lcCooperative": 0.0613, "car_lcLookaheadLeft": 27.3247, "car_lcPushy": 0.4388, "car_lcSigma": 0.8244, "car_lcSpeedGainRight": 0.0, "car_lcSublane": 0.1171, "car_sigma": 1.0, "car_tau_mean": 1.2918, "car_tau_std": 1.5589, "car_v_mean": 19.4742, "car_v_std": 11.0172}, "datetime": {"datetime": "2024-08-08 12:14:15", "elapsed": 865.467531, "delta": 1.814591}}
{"target": -0.44162650189102826, "params": {"bus_acc": 4.4099, "bus_dcc": 2.3683, "bus_lcAssertive": 74.3646, "bus_lcCooperative": 0.409, "bus_lcLookaheadLeft": 17.2467, "bus_lcPushy": 0.0, "bus_lcSigma": 0.3516, "bus_lcSpeedGainRight": 5.0, "bus_lcSublane": 0.5569, "bus_sigma": 0.8978, "bus_tau_mean": 3.9043, "bus_tau_std": 5.828, "bus_v_mean": 12.345, "bus_v_std": 5.8266, "car_acc": 2.4693, "car_dcc": 1.0, "car_lcAssertive": 46.6455, "car_lcCooperative": 0.0121, "car_lcLookaheadLeft": 79.4704, "car_lcPushy": 0.8333, "car_lcSigma": 0.0, "car_lcSpeedGainRight": 1.5586, "car_lcSublane": 0.0958, "car_sigma": 0.3573, "car_tau_mean": 2.1547, "car_tau_std": 3.7241, "car_v_mean": 8.0, "car_v_std": 20.0}, "datetime": {"datetime": "2024-08-08 12:14:17", "elapsed": 867.28015, "delta": 1.812619}}
{"target": -0.3417451843401612, "params": {"bus_acc": 2.4459, "bus_dcc": 1.0326, "bus_lcAssertive": 26.0766, "bus_lcCooperative": 0.0852, "bus_lcLookaheadLeft": 91.2493, "bus_lcPushy": 0.5593, "bus_lcSigma": 0.5288, "bus_lcSpeedGainRight": 0.4901, "bus_lcSublane": 0.7267, "bus_sigma": 0.9537, "bus_tau_mean": 2.4314, "bus_tau_std": 2.381, "bus_v_mean": 9.8297, "bus_v_std": 4.0686, "car_acc": 3.8504, "car_dcc": 3.46, "car_lcAssertive": 83.9141, "car_lcCooperative": 0.1556, "car_lcLookaheadLeft": 93.9475, "car_lcPushy": 0.7418, "car_lcSigma": 0.4812, "car_lcSpeedGainRight": 3.7494, "car_lcSublane": 0.9529, "car_sigma": 0.781, "car_tau_mean": 2.249, "car_tau_std": 8.06, "car_v_mean": 20.039, "car_v_std": 3.0757}, "datetime": {"datetime": "2024-08-08 12:14:19", "elapsed": 869.659535, "delta": 2.379385}}
{"target": -0.35229036164852745, "params": {"bus_acc": 2.8086, "bus_dcc": 1.5522, "bus_lcAssertive": 83.3401, "bus_lcCooperative": 0.4541, "bus_lcLookaheadLeft": 56.9718, "bus_lcPushy": 0.6378, "bus_lcSigma": 0.5754, "bus_lcSpeedGainRight": 2.2732, "bus_lcSublane": 0.8137, "bus_sigma": 0.4968, "bus_tau_mean": 2.4337, "bus_tau_std": 5.2795, "bus_v_mean": 18.5588, "bus_v_std": 10.3146, "car_acc": 1.9321, "car_dcc": 2.1727, "car_lcAssertive": 46.4141, "car_lcCooperative": 0.4411, "car_lcLookaheadLeft": 37.0843, "car_lcPushy": 0.2627, "car_lcSigma": 0.4968, "car_lcSpeedGainRight": 2.3586, "car_lcSublane": 0.4861, "car_sigma": 0.4036, "car_tau_mean": 2.6834, "car_tau_std": 0.6655, "car_v_mean": 12.9908, "car_v_std": 14.7911}, "datetime": {"datetime": "2024-08-08 12:14:22", "elapsed": 872.352429, "delta": 2.692894}}
{"target": -0.32647871929591776, "params": {"bus_acc": 4.2275, "bus_dcc": 2.1643, "bus_lcAssertive": 66.3425, "bus_lcCooperative": 0.6883, "bus_lcLookaheadLeft": 19.6953, "bus_lcPushy": 0.3687, "bus_lcSigma": 0.4023, "bus_lcSpeedGainRight": 4.4348, "bus_lcSublane": 0.3916, "bus_sigma": 0.5942, "bus_tau_mean": 2.5225, "bus_tau_std": 6.0849, "bus_v_mean": 10.2015, "bus_v_std": 0.7782, "car_acc": 3.9035, "car_dcc": 2.1961, "car_lcAssertive": 48.9822, "car_lcCooperative": 0.2117, "car_lcLookaheadLeft": 72.5489, "car_lcPushy": 0.4609, "car_lcSigma": 0.1027, "car_lcSpeedGainRight": 1.0078, "car_lcSublane": 0.4362, "car_sigma": 0.5596, "car_tau_mean": 2.8233, "car_tau_std": 7.2943, "car_v_mean": 15.8523, "car_v_std": 16.3207}, "datetime": {"datetime": "2024-08-08 12:14:23", "elapsed": 873.745343, "delta": 1.392914}}
{"target": -0.3408956555301592, "params": {"bus_acc": 2.5886, "bus_dcc": 2.9016, "bus_lcAssertive": 45.2191, "bus_lcCooperative": 0.0941, "bus_lcLookaheadLeft": 25.1199, "bus_lcPushy": 0.6254, "bus_lcSigma": 0.9036, "bus_lcSpeedGainRight": 4.4563, "bus_lcSublane": 0.8837, "bus_sigma": 0.8515, "bus_tau_mean": 0.8317, "bus_tau_std": 8.154, "bus_v_mean": 18.729, "bus_v_std": 3.408, "car_acc": 4.2974, "car_dcc": 2.435, "car_lcAssertive": 70.6306, "car_lcCooperative": 0.0578, "car_lcLookaheadLeft": 52.9841, "car_lcPushy": 0.5142, "car_lcSigma": 0.5773, "car_lcSpeedGainRight": 3.6268, "car_lcSublane": 0.2603, "car_sigma": 0.8393, "car_tau_mean": 3.0151, "car_tau_std": 3.653, "car_v_mean": 14.2465, "car_v_std": 13.8914}, "datetime": {"datetime": "2024-08-08 12:14:26", "elapsed": 876.763553, "delta": 3.01821}}
{"target": -0.33118588844269026, "params": {"bus_acc": 1.0, "bus_dcc": 1.0, "bus_lcAssertive": 80.5331, "bus_lcCooperative": 0.8775, "bus_lcLookaheadLeft": 29.4986, "bus_lcPushy": 0.387, "bus_lcSigma": 0.638, "bus_lcSpeedGainRight": 4.5482, "bus_lcSublane": 0.8591, "bus_sigma": 0.7497, "bus_tau_mean": 2.2596, "bus_tau_std": 0.0, "bus_v_mean": 8.0, "bus_v_std": 12.1769, "car_acc": 3.5779, "car_dcc": 4.0, "car_lcAssertive": 14.0109, "car_lcCooperative": 0.504, "car_lcLookaheadLeft": 18.5911, "car_lcPushy": 0.8024, "car_lcSigma": 0.5676, "car_lcSpeedGainRight": 1.4191, "car_lcSublane": 0.4867, "car_sigma": 1.0, "car_tau_mean": 4.0, "car_tau_std": 0.0, "car_v_mean": 13.0986, "car_v_std": 20.0}, "datetime": {"datetime": "2024-08-08 12:14:28", "elapsed": 878.939288, "delta": 2.175735}}
{"target": -0.3060901811100743, "params": {"bus_acc": 4.7669, "bus_dcc": 3.291, "bus_lcAssertive": 49.4489, "bus_lcCooperative": 0.8592, "bus_lcLookaheadLeft": 8.981, "bus_lcPushy": 0.7763, "bus_lcSigma": 0.5468, "bus_lcSpeedGainRight": 4.991, "bus_lcSublane": 0.4734, "bus_sigma": 0.8514, "bus_tau_mean": 0.6723, "bus_tau_std": 1.3781, "bus_v_mean": 10.1665, "bus_v_std": 12.8283, "car_acc": 2.4297, "car_dcc": 2.1216, "car_lcAssertive": 75.7633, "car_lcCooperative": 0.7257, "car_lcLookaheadLeft": 91.3119, "car_lcPushy": 0.9418, "car_lcSigma": 0.7948, "car_lcSpeedGainRight": 2.818, "car_lcSublane": 0.7801, "car_sigma": 0.4288, "car_tau_mean": 3.0971, "car_tau_std": 6.543, "car_v_mean": 12.9281, "car_v_std": 16.452}, "datetime": {"datetime": "2024-08-08 12:14:30", "elapsed": 880.276717, "delta": 1.337429}}
