{"target": -0.3527752579771474, "params": {"bus_acc": 4.2471, "bus_dcc": 2.762, "bus_lcAssertive": 36.8277, "bus_lcCooperative": 0.0275, "bus_lcLookaheadLeft": 91.3715, "bus_lcPushy": 0.8385, "bus_lcSigma": 0.512, "bus_lcSpeedGainRight": 4.1065, "bus_lcSublane": 0.7499, "bus_sigma": 0.4368, "bus_tau_mean": 3.6987, "bus_tau_std": 5.6153, "bus_v_mean": 23.2453, "bus_v_std": 0.7795, "car_acc": 3.5854, "car_dcc": 1.9132, "car_lcAssertive": 12.5606, "car_lcCooperative": 0.8918, "car_lcLookaheadLeft": 98.6424, "car_lcPushy": 0.2387, "car_lcSigma": 0.6688, "car_lcSpeedGainRight": 4.1851, "car_lcSublane": 0.7003, "car_sigma": 0.8757, "car_tau_mean": 2.0313, "car_tau_std": 8.2654, "car_v_mean": 8.5508, "car_v_std": 5.867}, "datetime": {"datetime": "2024-08-08 12:16:18", "elapsed": 988.839217, "delta": 0.954522}}
{"target": -0.34682985790780485, "params": {"bus_acc": 1.8373, "bus_dcc": 2.7453, "bus_lcAssertive": 76.4145, "bus_lcCooperative": 0.6893, "bus_lcLookaheadLeft": 28.1165, "bus_lcPushy": 0.1725, "bus_lcSigma": 0.8724, "bus_lcSpeedGainRight": 4.5895, "bus_lcSublane": 0.9898, "bus_sigma": 0.2893, "bus_tau_mean": 3.2942, "bus_tau_std": 4.5772, "bus_v_mean": 10.9816, "bus_v_std": 6.013, "car_acc": 3.2088, "car_dcc": 3.3875, "car_lcAssertive": 14.0229, "car_lcCooperative": 0.2658, "car_lcLookaheadLeft": 9.1485, "car_lcPushy": 0.2168, "car_lcSigma": 0.3415, "car_lcSpeedGainRight": 2.2948, "car_lcSublane": 0.8514, "car_sigma": 0.0022, "car_tau_mean": 2.1275, "car_tau_std": 9.177, "car_v_mean": 12.8842, "car_v_std": 4.8124}, "datetime": {"datetime": "2024-08-08 12:16:24", "elapsed": 994.686907, "delta": 5.84769}}
{"target": -0.3492542782927046, "params": {"bus_acc": 1.754, "bus_dcc": 1.5835, "bus_lcAssertive": 83.4931, "bus_lcCooperative": 0.2533, "bus_lcLookaheadLeft": 5.431, "bus_lcPushy": 0.2183, "bus_lcSigma": 0.8829, "bus_lcSpeedGainRight": 3.7735, "bus_lcSublane": 0.3853, "bus_sigma": 0.084, "bus_tau_mean": 0.9043, "bus_tau_std": 5.6419, "bus_v_mean": 13.7982, "bus_v_std": 8.7318, "car_acc": 2.3879, "car_dcc": 2.131, "car_lcAssertive": 24.4511, "car_lcCooperative": 0.7884, "car_lcLookaheadLeft": 69.6672, "car_lcPushy": 0.6747, "car_lcSigma": 0.0198, "car_lcSpeedGainRight": 3.4348, "car_lcSublane": 0.735, "car_sigma": 0.042, "car_tau_mean": 1.139, "car_tau_std": 1.0595, "car_v_mean": 13.7764, "car_v_std": 11.3495}, "datetime": {"datetime": "2024-08-08 12:16:29", "elapsed": 999.384522, "delta": 4.697615}}
{"target": -0.3539549466906564, "params": {"bus_acc": 1.745, "bus_dcc": 1.5615, "bus_lcAssertive": 83.0761, "bus_lcCooperative": 0.7132, "bus_lcLookaheadLeft": 30.0443, "bus_lcPushy": 0.4254, "bus_lcSigma": 0.9347, "bus_lcSpeedGainRight": 4.6375, "bus_lcSublane": 0.7811, "bus_sigma": 0.3703, "bus_tau_mean": 3.328, "bus_tau_std": 3.9764, "bus_v_mean": 13.7284, "bus_v_std": 4.8661, "car_acc": 3.5004, "car_dcc": 2.6741, "car_lcAssertive": 68.2678, "car_lcCooperative": 0.4393, "car_lcLookaheadLeft": 64.3191, "car_lcPushy": 0.0817, "car_lcSigma": 0.269, "car_lcSpeedGainRight": 1.8055, "car_lcSublane": 0.4853, "car_sigma": 0.8476, "car_tau_mean": 0.9174, "car_tau_std": 4.7019, "car_v_mean": 12.6922, "car_v_std": 6.4899}, "datetime": {"datetime": "2024-08-08 12:16:30", "elapsed": 1000.90761, "delta": 1.523088}}
{"target": -0.34203429550241105, "params": {"bus_acc": 3.8922, "bus_dcc": 4.0, "bus_lcAssertive": 53.6176, "bus_lcCooperative": 0.0326, "bus_lcLookaheadLeft": 52.8187, "bus_lcPushy": 0.6953, "bus_lcSigma": 1.0, "bus_lcSpeedGainRight": 2.9797, "bus_lcSublane": 0.4584, "bus_sigma": 0.667, "bus_tau_mean": 3.9947, "bus_tau_std": 4.5492, "bus_v_mean": 16.2505, "bus_v_std": 17.7986, "car_acc": 1.6806, "car_dcc": 3.5591, "car_lcAssertive": 10.8662, "car_lcCooperative": 0.0, "car_lcLookaheadLeft": 28.8606, "car_lcPushy": 0.3784, "car_lcSigma": 0.8779, "car_lcSpeedGainRight": 0.0, "car_lcSublane": 0.1503, "car_sigma": 1.0, "car_tau_mean": 1.2521, "car_tau_std": 0.408, "car_v_mean": 17.9978, "car_v_std": 10.2823}, "datetime": {"datetime": "2024-08-08 12:16:32", "elapsed": 1002.235287, "delta": 1.327677}}
{"target": -0.3452645515593071, "params": {"bus_acc": 1.0, "bus_dcc": 1.0, "bus_lcAssertive": 77.9218, "bus_lcCooperative": 0.7923, "bus_lcLookaheadLeft": 29.8588, "bus_lcPushy": 0.5049, "bus_lcSigma": 0.5897, "bus_lcSpeedGainRight": 3.5201, "bus_lcSublane": 0.7582, "bus_sigma": 0.4768, "bus_tau_mean": 1.9863, "bus_tau_std": 0.8899, "bus_v_mean": 8.0, "bus_v_std": 10.7828, "car_acc": 3.5572, "car_dcc": 3.7015, "car_lcAssertive": 14.6267, "car_lcCooperative": 0.607, "car_lcLookaheadLeft": 12.9356, "car_lcPushy": 0.5738, "car_lcSigma": 0.8553, "car_lcSpeedGainRight": 1.691, "car_lcSublane": 0.4951, "car_sigma": 1.0, "car_tau_mean": 3.7765, "car_tau_std": 0.6515, "car_v_mean": 17.7482, "car_v_std": 19.5544}, "datetime": {"datetime": "2024-08-08 12:16:33", "elapsed": 1003.120885, "delta": 0.885598}}
{"target": -0.3502059701681845, "params": {"bus_acc": 2.6855, "bus_dcc": 3.5374, "bus_lcAssertive": 43.8228, "bus_lcCooperative": 0.0535, "bus_lcLookaheadLeft": 89.0971, "bus_lcPushy": 0.7028, "bus_lcSigma": 0.9153, "bus_lcSpeedGainRight": 4.3859, "bus_lcSublane": 0.9109, "bus_sigma": 0.2284, "bus_tau_mean": 3.2383, "bus_tau_std": 5.6069, "bus_v_mean": 17.272, "bus_v_std": 8.2918, "car_acc": 3.8182, "car_dcc": 1.5122, "car_lcAssertive": 27.6919, "car_lcCooperative": 0.1747, "car_lcLookaheadLeft": 24.7591, "car_lcPushy": 0.4694, "car_lcSigma": 0.0657, "car_lcSpeedGainRight": 1.0187, "car_lcSublane": 0.1977, "car_sigma": 0.7184, "car_tau_mean": 0.8975, "car_tau_std": 3.0569, "car_v_mean": 9.3257, "car_v_std": 17.7562}, "datetime": {"datetime": "2024-08-08 12:16:33", "elapsed": 1003.814652, "delta": 0.693767}}
{"target": -0.3498763251744337, "params": {"bus_acc": 3.8566, "bus_dcc": 2.5391, "bus_lcAssertive": 78.5371, "bus_lcCooperative": 0.2349, "bus_lcLookaheadLeft": 36.5514, "bus_lcPushy": 0.1944, "bus_lcSigma": 0.5763, "bus_lcSpeedGainRight": 2.6908, "bus_lcSublane": 0.4241, "bus_sigma": 0.4273, "bus_tau_mean": 2.2507, "bus_tau_std": 3.6232, "bus_v_mean": 13.5757, "bus_v_std": 8.5419, "car_acc": 2.177, "car_dcc": 2.0058, "car_lcAssertive": 63.4257, "car_lcCooperative": 0.8305, "car_lcLookaheadLeft": 64.5917, "car_lcPushy": 0.4454, "car_lcSigma": 0.3288, "car_lcSpeedGainRight": 1.6158, "car_lcSublane": 0.6808, "car_sigma": 0.8578, "car_tau_mean": 2.21, "car_tau_std": 3.8538, "car_v_mean": 15.2422, "car_v_std": 9.1089}, "datetime": {"datetime": "2024-08-08 12:16:36", "elapsed": 1006.903789, "delta": 3.089137}}
{"target": -0.3750933351822876, "params": {"bus_acc": 3.7089, "bus_dcc": 1.1483, "bus_lcAssertive": 53.9711, "bus_lcCooperative": 0.748, "bus_lcLookaheadLeft": 37.5547, "bus_lcPushy": 0.7906, "bus_lcSigma": 0.4765, "bus_lcSpeedGainRight": 1.6186, "bus_lcSublane": 0.7357, "bus_sigma": 0.9721, "bus_tau_mean": 1.7397, "bus_tau_std": 5.6438, "bus_v_mean": 15.3698, "bus_v_std": 19.387, "car_acc": 1.6681, "car_dcc": 3.5581, "car_lcAssertive": 6.2256, "car_lcCooperative": 0.4601, "car_lcLookaheadLeft": 18.2466, "car_lcPushy": 0.1047, "car_lcSigma": 0.7804, "car_lcSpeedGainRight": 3.8199, "car_lcSublane": 0.3145, "car_sigma": 0.8222, "car_tau_mean": 2.386, "car_tau_std": 4.0416, "car_v_mean": 22.3194, "car_v_std": 14.7514}, "datetime": {"datetime": "2024-08-08 12:16:38", "elapsed": 1008.212785, "delta": 1.308996}}
{"target": -0.3324737953175043, "params": {"bus_acc": 3.6824, "bus_dcc": 2.0026, "bus_lcAssertive": 88.4503, "bus_lcCooperative": 0.7162, "bus_lcLookaheadLeft": 55.8846, "bus_lcPushy": 0.8734, "bus_lcSigma": 0.6529, "bus_lcSpeedGainRight": 4.3546, "bus_lcSublane": 0.7329, "bus_sigma": 0.6803, "bus_tau_mean": 1.0243, "bus_tau_std": 8.8153, "bus_v_mean": 20.1591, "bus_v_std": 13.8197, "car_acc": 4.26, "car_dcc": 3.6185, "car_lcAssertive": 29.727, "car_lcCooperative": 0.6665, "car_lcLookaheadLeft": 97.7296, "car_lcPushy": 0.1468, "car_lcSigma": 0.9033, "car_lcSpeedGainRight": 2.8622, "car_lcSublane": 0.1113, "car_sigma": 0.3924, "car_tau_mean": 1.4143, "car_tau_std": 2.7451, "car_v_mean": 11.5446, "car_v_std": 8.4339}, "datetime": {"datetime": "2024-08-08 12:16:40", "elapsed": 1010.05716, "delta": 1.844375}}
{"target": -0.34339000965701383, "params": {"bus_acc": 1.0, "bus_dcc": 1.0, "bus_lcAssertive": 77.8407, "bus_lcCooperative": 0.8949, "bus_lcLookaheadLeft": 29.722, "bus_lcPushy": 0.4862, "bus_lcSigma": 0.6818, "bus_lcSpeedGainRight": 3.7809, "bus_lcSublane": 0.8377, "bus_sigma": 0.522, "bus_tau_mean": 1.9884, "bus_tau_std": 0.0, "bus_v_mean": 8.0, "bus_v_std": 9.3256, "car_acc": 3.9995, "car_dcc": 4.0, "car_lcAssertive": 14.2734, "car_lcCooperative": 0.6936, "car_lcLookaheadLeft": 13.3251, "car_lcPushy": 0.6293, "car_lcSigma": 0.8066, "car_lcSpeedGainRight": 1.0418, "car_lcSublane": 0.5614, "car_sigma": 1.0, "car_tau_mean": 4.0, "car_tau_std": 0.0, "car_v_mean": 16.5483, "car_v_std": 20.0}, "datetime": {"datetime": "2024-08-08 12:16:53", "elapsed": 1023.492714, "delta": 13.435554}}
{"target": -0.33444109358581137, "params": {"bus_acc": 1.5236, "bus_dcc": 2.3825, "bus_lcAssertive": 58.6299, "bus_lcCooperative": 0.8577, "bus_lcLookaheadLeft": 36.1609, "bus_lcPushy": 0.8166, "bus_lcSigma": 0.2206, "bus_lcSpeedGainRight": 1.3718, "bus_lcSublane": 0.8772, "bus_sigma": 0.2523, "bus_tau_mean": 3.3658, "bus_tau_std": 2.0359, "bus_v_mean": 13.9181, "bus_v_std": 15.4081, "car_acc": 3.0974, "car_dcc": 1.5809, "car_lcAssertive": 11.034, "car_lcCooperative": 0.2937, "car_lcLookaheadLeft": 11.8843, "car_lcPushy": 0.3255, "car_lcSigma": 0.881, "car_lcSpeedGainRight": 4.7112, "car_lcSublane": 0.2129, "car_sigma": 0.4318, "car_tau_mean": 1.5334, "car_tau_std": 1.1136, "car_v_mean": 21.2395, "car_v_std": 12.7293}, "datetime": {"datetime": "2024-08-08 12:17:00", "elapsed": 1030.787291, "delta": 7.294577}}
{"target": -0.3334796624921841, "params": {"bus_acc": 1.0, "bus_dcc": 1.0, "bus_lcAssertive": 78.6397, "bus_lcCooperative": 0.8973, "bus_lcLookaheadLeft": 29.8284, "bus_lcPushy": 0.4867, "bus_lcSigma": 0.6692, "bus_lcSpeedGainRight": 4.0757, "bus_lcSublane": 0.9256, "bus_sigma": 0.4645, "bus_tau_mean": 2.0882, "bus_tau_std": 0.0, "bus_v_mean": 8.0, "bus_v_std": 10.4038, "car_acc": 3.8905, "car_dcc": 4.0, "car_lcAssertive": 14.5334, "car_lcCooperative": 0.6964, "car_lcLookaheadLeft": 12.0528, "car_lcPushy": 0.5892, "car_lcSigma": 0.9041, "car_lcSpeedGainRight": 0.9539, "car_lcSublane": 0.5246, "car_sigma": 1.0, "car_tau_mean": 4.0, "car_tau_std": 0.0, "car_v_mean": 17.1251, "car_v_std": 20.0}, "datetime": {"datetime": "2024-08-08 12:17:02", "elapsed": 1032.190578, "delta": 1.403287}}
{"target": -0.3374331407042618, "params": {"bus_acc": 1.0, "bus_dcc": 1.0, "bus_lcAssertive": 77.9535, "bus_lcCooperative": 0.7961, "bus_lcLookaheadLeft": 29.8332, "bus_lcPushy": 0.516, "bus_lcSigma": 0.5962, "bus_lcSpeedGainRight": 3.5428, "bus_lcSublane": 0.7543, "bus_sigma": 0.4686, "bus_tau_mean": 1.9972, "bus_tau_std": 0.8661, "bus_v_mean": 8.0, "bus_v_std": 10.7896, "car_acc": 3.5834, "car_dcc": 3.7219, "car_lcAssertive": 14.6393, "car_lcCooperative": 0.6149, "car_lcLookaheadLeft": 12.8853, "car_lcPushy": 0.578, "car_lcSigma": 0.8623, "car_lcSpeedGainRight": 1.6582, "car_lcSublane": 0.5018, "car_sigma": 1.0, "car_tau_mean": 3.788, "car_tau_std": 0.5905, "car_v_mean": 17.7345, "car_v_std": 19.5925}, "datetime": {"datetime": "2024-08-08 12:18:12", "elapsed": 1102.897357, "delta": 70.706779}}
{"target": -0.3440404660547041, "params": {"bus_acc": 1.0, "bus_dcc": 1.0, "bus_lcAssertive": 77.8525, "bus_lcCooperative": 0.7892, "bus_lcLookaheadLeft": 29.8238, "bus_lcPushy": 0.5009, "bus_lcSigma": 0.5817, "bus_lcSpeedGainRight": 3.4998, "bus_lcSublane": 0.741, "bus_sigma": 0.4564, "bus_tau_mean": 1.9548, "bus_tau_std": 0.9873, "bus_v_mean": 8.0, "bus_v_std": 10.6715, "car_acc": 3.5805, "car_dcc": 3.6355, "car_lcAssertive": 14.5909, "car_lcCooperative": 0.6085, "car_lcLookaheadLeft": 12.8037, "car_lcPushy": 0.565, "car_lcSigma": 0.8528, "car_lcSpeedGainRight": 1.648, "car_lcSublane": 0.5036, "car_sigma": 1.0, "car_tau_mean": 3.7347, "car_tau_std": 0.6775, "car_v_mean": 17.8644, "car_v_std": 19.6233}, "datetime": {"datetime": "2024-08-08 12:18:43", "elapsed": 1133.228133, "delta": 30.330776}}
{"target": -0.32252642119450303, "params": {"bus_acc": 2.6984, "bus_dcc": 3.3121, "bus_lcAssertive": 98.7482, "bus_lcCooperative": 0.7804, "bus_lcLookaheadLeft": 32.1291, "bus_lcPushy": 0.884, "bus_lcSigma": 0.4783, "bus_lcSpeedGainRight": 0.8681, "bus_lcSublane": 0.0277, "bus_sigma": 0.4338, "bus_tau_mean": 3.3154, "bus_tau_std": 1.8818, "bus_v_mean": 22.8621, "bus_v_std": 12.2971, "car_acc": 4.627, "car_dcc": 1.7918, "car_lcAssertive": 11.5224, "car_lcCooperative": 0.6305, "car_lcLookaheadLeft": 63.9193, "car_lcPushy": 0.7611, "car_lcSigma": 0.4386, "car_lcSpeedGainRight": 1.9015, "car_lcSublane": 0.3883, "car_sigma": 0.0948, "car_tau_mean": 3.6664, "car_tau_std": 3.5951, "car_v_mean": 12.1651, "car_v_std": 12.08}, "datetime": {"datetime": "2024-08-08 12:19:10", "elapsed": 1160.63422, "delta": 27.406087}}
{"target": -0.30555283247210485, "params": {"bus_acc": 2.797, "bus_dcc": 1.7903, "bus_lcAssertive": 80.9674, "bus_lcCooperative": 0.691, "bus_lcLookaheadLeft": 91.1754, "bus_lcPushy": 0.1011, "bus_lcSigma": 0.9748, "bus_lcSpeedGainRight": 1.6839, "bus_lcSublane": 0.4387, "bus_sigma": 0.1848, "bus_tau_mean": 1.8649, "bus_tau_std": 4.7721, "bus_v_mean": 15.7095, "bus_v_std": 9.4547, "car_acc": 1.8497, "car_dcc": 1.8331, "car_lcAssertive": 68.941, "car_lcCooperative": 0.6278, "car_lcLookaheadLeft": 15.3464, "car_lcPushy": 0.951, "car_lcSigma": 0.1937, "car_lcSpeedGainRight": 0.0189, "car_lcSublane": 0.6144, "car_sigma": 0.3125, "car_tau_mean": 2.7788, "car_tau_std": 2.2956, "car_v_mean": 12.6735, "car_v_std": 12.0298}, "datetime": {"datetime": "2024-08-08 12:20:00", "elapsed": 1210.763467, "delta": 50.129247}}
{"target": -0.30367436441647405, "params": {"bus_acc": 2.6736, "bus_dcc": 3.9684, "bus_lcAssertive": 36.3674, "bus_lcCooperative": 0.1265, "bus_lcLookaheadLeft": 35.6437, "bus_lcPushy": 0.1814, "bus_lcSigma": 0.1714, "bus_lcSpeedGainRight": 4.6303, "bus_lcSublane": 0.5572, "bus_sigma": 0.4058, "bus_tau_mean": 0.5944, "bus_tau_std": 7.883, "bus_v_mean": 17.3816, "bus_v_std": 19.1496, "car_acc": 2.7445, "car_dcc": 2.2751, "car_lcAssertive": 39.3092, "car_lcCooperative": 0.4398, "car_lcLookaheadLeft": 53.7795, "car_lcPushy": 0.1868, "car_lcSigma": 0.382, "car_lcSpeedGainRight": 0.7336, "car_lcSublane": 0.4322, "car_sigma": 0.4676, "car_tau_mean": 3.084, "car_tau_std": 8.1837, "car_v_mean": 9.8042, "car_v_std": 9.9343}, "datetime": {"datetime": "2024-08-08 12:20:05", "elapsed": 1215.885914, "delta": 5.122447}}
{"target": -0.36792439041905234, "params": {"bus_acc": 1.3348, "bus_dcc": 2.8559, "bus_lcAssertive": 73.0533, "bus_lcCooperative": 0.5451, "bus_lcLookaheadLeft": 31.236, "bus_lcPushy": 0.469, "bus_lcSigma": 0.1696, "bus_lcSpeedGainRight": 0.6689, "bus_lcSublane": 0.8493, "bus_sigma": 0.1556, "bus_tau_mean": 1.9058, "bus_tau_std": 6.3165, "bus_v_mean": 8.3433, "bus_v_std": 11.4932, "car_acc": 3.8509, "car_dcc": 2.1729, "car_lcAssertive": 11.2884, "car_lcCooperative": 0.5861, "car_lcLookaheadLeft": 15.9283, "car_lcPushy": 0.0497, "car_lcSigma": 0.4212, "car_lcSpeedGainRight": 0.9603, "car_lcSublane": 0.4909, "car_sigma": 0.8414, "car_tau_mean": 3.7621, "car_tau_std": 3.082, "car_v_mean": 20.3189, "car_v_std": 17.4311}, "datetime": {"datetime": "2024-08-08 12:20:11", "elapsed": 1221.7433, "delta": 5.857386}}
{"target": -0.31200231027205216, "params": {"bus_acc": 1.0, "bus_dcc": 1.0753, "bus_lcAssertive": 77.5524, "bus_lcCooperative": 0.7602, "bus_lcLookaheadLeft": 30.7862, "bus_lcPushy": 0.4929, "bus_lcSigma": 0.5375, "bus_lcSpeedGainRight": 3.3871, "bus_lcSublane": 0.7484, "bus_sigma": 0.4612, "bus_tau_mean": 1.9763, "bus_tau_std": 1.5231, "bus_v_mean": 9.0389, "bus_v_std": 10.7247, "car_acc": 3.4065, "car_dcc": 3.5008, "car_lcAssertive": 15.1191, "car_lcCooperative": 0.6132, "car_lcLookaheadLeft": 14.6038, "car_lcPushy": 0.611, "car_lcSigma": 0.8267, "car_lcSpeedGainRight": 2.0148, "car_lcSublane": 0.4669, "car_sigma": 1.0, "car_tau_mean": 3.4769, "car_tau_std": 1.4169, "car_v_mean": 17.8694, "car_v_std": 19.0368}, "datetime": {"datetime": "2024-08-08 12:20:30", "elapsed": 1240.165613, "delta": 18.422313}}
{"target": -0.38187839487821906, "params": {"bus_acc": 1.3683, "bus_dcc": 2.8745, "bus_lcAssertive": 21.415, "bus_lcCooperative": 0.1192, "bus_lcLookaheadLeft": 59.8091, "bus_lcPushy": 0.6186, "bus_lcSigma": 0.533, "bus_lcSpeedGainRight": 4.2097, "bus_lcSublane": 0.9729, "bus_sigma": 0.8454, "bus_tau_mean": 2.5143, "bus_tau_std": 8.3985, "bus_v_mean": 8.8247, "bus_v_std": 13.8083, "car_acc": 3.5249, "car_dcc": 2.1108, "car_lcAssertive": 96.8369, "car_lcCooperative": 0.5467, "car_lcLookaheadLeft": 47.513, "car_lcPushy": 0.1331, "car_lcSigma": 0.6108, "car_lcSpeedGainRight": 0.1654, "car_lcSublane": 0.4067, "car_sigma": 0.0315, "car_tau_mean": 2.3239, "car_tau_std": 8.9582, "car_v_mean": 21.2795, "car_v_std": 1.8322}, "datetime": {"datetime": "2024-08-08 12:20:46", "elapsed": 1256.175021, "delta": 16.009408}}
{"target": -0.33921960418339014, "params": {"bus_acc": 1.1903, "bus_dcc": 1.1746, "bus_lcAssertive": 77.5101, "bus_lcCooperative": 0.7335, "bus_lcLookaheadLeft": 30.6097, "bus_lcPushy": 0.4855, "bus_lcSigma": 0.5543, "bus_lcSpeedGainRight": 3.2977, "bus_lcSublane": 0.7318, "bus_sigma": 0.451, "bus_tau_mean": 1.9379, "bus_tau_std": 1.8682, "bus_v_mean": 9.519, "bus_v_std": 11.0489, "car_acc": 3.3983, "car_dcc": 3.4635, "car_lcAssertive": 14.8489, "car_lcCooperative": 0.5932, "car_lcLookaheadLeft": 14.627, "car_lcPushy": 0.5954, "car_lcSigma": 0.8005, "car_lcSpeedGainRight": 2.1019, "car_lcSublane": 0.4739, "car_sigma": 0.9221, "car_tau_mean": 3.3738, "car_tau_std": 1.601, "car_v_mean": 18.302, "car_v_std": 18.6003}, "datetime": {"datetime": "2024-08-08 12:20:51", "elapsed": 1261.265262, "delta": 5.090241}}
{"target": -0.3195436169487478, "params": {"bus_acc": 1.0963, "bus_dcc": 1.1817, "bus_lcAssertive": 77.415, "bus_lcCooperative": 0.7537, "bus_lcLookaheadLeft": 30.773, "bus_lcPushy": 0.5019, "bus_lcSigma": 0.5479, "bus_lcSpeedGainRight": 3.3565, "bus_lcSublane": 0.7384, "bus_sigma": 0.4528, "bus_tau_mean": 1.9697, "bus_tau_std": 1.9079, "bus_v_mean": 9.352, "bus_v_std": 10.9828, "car_acc": 3.3579, "car_dcc": 3.4579, "car_lcAssertive": 14.7468, "car_lcCooperative": 0.5835, "car_lcLookaheadLeft": 14.7963, "car_lcPushy": 0.5996, "car_lcSigma": 0.8278, "car_lcSpeedGainRight": 2.0698, "car_lcSublane": 0.459, "car_sigma": 1.0, "car_tau_mean": 3.4092, "car_tau_std": 1.6275, "car_v_mean": 18.2482, "car_v_std": 18.514}, "datetime": {"datetime": "2024-08-08 12:20:57", "elapsed": 1267.777651, "delta": 6.512389}}
{"target": -0.3123756208602877, "params": {"bus_acc": 1.0548, "bus_dcc": 1.2342, "bus_lcAssertive": 77.523, "bus_lcCooperative": 0.7804, "bus_lcLookaheadLeft": 30.6653, "bus_lcPushy": 0.5114, "bus_lcSigma": 0.5699, "bus_lcSpeedGainRight": 3.4082, "bus_lcSublane": 0.699, "bus_sigma": 0.4476, "bus_tau_mean": 2.0384, "bus_tau_std": 1.5128, "bus_v_mean": 9.0462, "bus_v_std": 10.7712, "car_acc": 3.4291, "car_dcc": 3.5243, "car_lcAssertive": 15.2046, "car_lcCooperative": 0.601, "car_lcLookaheadLeft": 14.5443, "car_lcPushy": 0.5748, "car_lcSigma": 0.8087, "car_lcSpeedGainRight": 2.0447, "car_lcSublane": 0.4686, "car_sigma": 1.0, "car_tau_mean": 3.442, "car_tau_std": 1.5268, "car_v_mean": 17.8985, "car_v_std": 19.16}, "datetime": {"datetime": "2024-08-08 12:21:07", "elapsed": 1277.066569, "delta": 9.288918}}
{"target": -0.3048288321891886, "params": {"bus_acc": 1.0054, "bus_dcc": 1.0471, "bus_lcAssertive": 77.4378, "bus_lcCooperative": 0.7877, "bus_lcLookaheadLeft": 30.8772, "bus_lcPushy": 0.4661, "bus_lcSigma": 0.5455, "bus_lcSpeedGainRight": 3.3807, "bus_lcSublane": 0.7913, "bus_sigma": 0.41, "bus_tau_mean": 2.1079, "bus_tau_std": 1.5638, "bus_v_mean": 8.7564, "bus_v_std": 10.7112, "car_acc": 3.3902, "car_dcc": 3.5958, "car_lcAssertive": 15.41, "car_lcCooperative": 0.6128, "car_lcLookaheadLeft": 14.1732, "car_lcPushy": 0.6218, "car_lcSigma": 0.8221, "car_lcSpeedGainRight": 1.9458, "car_lcSublane": 0.4928, "car_sigma": 1.0, "car_tau_mean": 3.4001, "car_tau_std": 1.4962, "car_v_mean": 17.8634, "car_v_std": 19.3999}, "datetime": {"datetime": "2024-08-08 12:21:23", "elapsed": 1293.705305, "delta": 16.638736}}
{"target": -0.3434172738534912, "params": {"bus_acc": 4.2545, "bus_dcc": 2.324, "bus_lcAssertive": 3.6134, "bus_lcCooperative": 0.56, "bus_lcLookaheadLeft": 46.3816, "bus_lcPushy": 0.6079, "bus_lcSigma": 0.4008, "bus_lcSpeedGainRight": 2.7907, "bus_lcSublane": 0.813, "bus_sigma": 0.7024, "bus_tau_mean": 2.7194, "bus_tau_std": 5.4953, "bus_v_mean": 14.1888, "bus_v_std": 2.028, "car_acc": 3.7194, "car_dcc": 2.0003, "car_lcAssertive": 53.7501, "car_lcCooperative": 0.2872, "car_lcLookaheadLeft": 87.8333, "car_lcPushy": 0.9434, "car_lcSigma": 0.7562, "car_lcSpeedGainRight": 3.6984, "car_lcSublane": 0.3725, "car_sigma": 0.5896, "car_tau_mean": 3.8267, "car_tau_std": 4.4792, "car_v_mean": 12.4898, "car_v_std": 1.5747}, "datetime": {"datetime": "2024-08-08 12:21:26", "elapsed": 1296.422128, "delta": 2.716823}}
{"target": -0.31436220930497505, "params": {"bus_acc": 2.4741, "bus_dcc": 2.5798, "bus_lcAssertive": 29.7012, "bus_lcCooperative": 0.8845, "bus_lcLookaheadLeft": 73.729, "bus_lcPushy": 0.8537, "bus_lcSigma": 0.7921, "bus_lcSpeedGainRight": 1.8993, "bus_lcSublane": 0.8204, "bus_sigma": 0.3008, "bus_tau_mean": 3.4657, "bus_tau_std": 1.5547, "bus_v_mean": 20.7248, "bus_v_std": 18.3989, "car_acc": 4.0676, "car_dcc": 3.8537, "car_lcAssertive": 21.3233, "car_lcCooperative": 0.8223, "car_lcLookaheadLeft": 66.5966, "car_lcPushy": 0.3879, "car_lcSigma": 0.3002, "car_lcSpeedGainRight": 3.5189, "car_lcSublane": 0.8223, "car_sigma": 0.0234, "car_tau_mean": 3.1043, "car_tau_std": 2.6814, "car_v_mean": 9.379, "car_v_std": 19.9784}, "datetime": {"datetime": "2024-08-08 12:21:46", "elapsed": 1316.686685, "delta": 20.264557}}
