{"target": -0.33114855079057265, "params": {"bus_acc": 2.3792787981591155, "bus_dcc": 2.7964626718702656, "bus_lcAssertive": 74.9190897401775, "bus_lcCooperative": 0.5419710617714415, "bus_lcLookaheadLeft": 70.65224111671125, "bus_lcPushy": 0.9305598192498451, "bus_lcSigma": 0.8626166945052219, "bus_lcSpeedGainRight": 0.8372092875326065, "bus_lcSublane": 0.2631390239238742, "bus_sigma": 0.07161027944180454, "bus_tau_mean": 3.9253548180542146, "bus_tau_std": 2.3638409866037557, "bus_v_mean": 18.56957369485758, "bus_v_std": 1.79261397854924, "car_acc": 1.4215418841740375, "car_dcc": 2.5084731505552136, "car_lcAssertive": 11.390413164662874, "car_lcCooperative": 0.38887340269472437, "car_lcLookaheadLeft": 54.722796573688726, "car_lcPushy": 0.33920418488509996, "car_lcSigma": 0.5559002111265755, "car_lcSpeedGainRight": 2.6838416097123203, "car_lcSublane": 0.3906104987369058, "car_sigma": 0.6962700831011029, "car_tau_mean": 2.874688588992734, "car_tau_std": 6.873031493743898, "car_v_mean": 16.983860140789986, "car_v_std": 7.161598280258716}, "datetime": {"datetime": "2024-08-08 09:58:25", "elapsed": 185.59959, "delta": 2.884323}}
{"target": -0.36675698252383987, "params": {"bus_acc": 1.1294799668830977, "bus_dcc": 3.974039526195427, "bus_lcAssertive": 6.246459724130964, "bus_lcCooperative": 0.19949554613856135, "bus_lcLookaheadLeft": 43.429760841166974, "bus_lcPushy": 0.10750887618516769, "bus_lcSigma": 0.6236704109977018, "bus_lcSpeedGainRight": 0.23996282024433657, "bus_lcSublane": 0.28462388100694214, "bus_sigma": 0.06103668111967109, "bus_tau_mean": 2.962317658867784, "bus_tau_std": 6.68456167589482, "bus_v_mean": 14.057289492009636, "bus_v_std": 3.763885200596424, "car_acc": 2.4940096580598903, "car_dcc": 2.0211378722964017, "car_lcAssertive": 79.73481557315864, "car_lcCooperative": 0.4879009391796203, "car_lcLookaheadLeft": 53.51560554639598, "car_lcPushy": 0.028490849491567216, "car_lcSigma": 0.6442320198790318, "car_lcSpeedGainRight": 1.7532825121608369, "car_lcSublane": 0.2292050272920657, "car_sigma": 0.4338833762117006, "car_tau_mean": 1.8386361004482115, "car_tau_std": 4.697890400863603, "car_v_mean": 23.671733666876904, "car_v_std": 7.287561407364609}, "datetime": {"datetime": "2024-08-08 09:58:31", "elapsed": 191.515366, "delta": 5.915776}}
{"target": -0.3350404949066827, "params": {"bus_acc": 1.0117619628892565, "bus_dcc": 3.2048260560518846, "bus_lcAssertive": 44.90688034848957, "bus_lcCooperative": 0.6978416560498484, "bus_lcLookaheadLeft": 20.134248264423647, "bus_lcPushy": 0.06261980198391548, "bus_lcSigma": 0.3781085867830213, "bus_lcSpeedGainRight": 3.47998255222747, "bus_lcSublane": 0.10281836745431583, "bus_sigma": 0.19583423367499242, "bus_tau_mean": 2.0888342764228196, "bus_tau_std": 6.211491896936461, "bus_v_mean": 20.00198796910376, "bus_v_std": 2.194700425713132, "car_acc": 2.249247214311282, "car_dcc": 2.1620815664334425, "car_lcAssertive": 67.3389465060329, "car_lcCooperative": 0.2035603776619016, "car_lcLookaheadLeft": 53.73604215801165, "car_lcPushy": 0.1721625549559327, "car_lcSigma": 0.018681005996375344, "car_lcSpeedGainRight": 2.4347512321197855, "car_lcSublane": 0.18417777656089307, "car_sigma": 0.6383433300033875, "car_tau_mean": 2.3780118676915154, "car_tau_std": 7.7494537999774575, "car_v_mean": 14.287358442147251, "car_v_std": 19.78904261672506}, "datetime": {"datetime": "2024-08-08 09:58:33", "elapsed": 193.975619, "delta": 2.460253}}
{"target": -0.37567111933033315, "params": {"bus_acc": 2.9455751838653104, "bus_dcc": 3.3024246065890392, "bus_lcAssertive": 82.59954612282529, "bus_lcCooperative": 0.6326158167779973, "bus_lcLookaheadLeft": 67.53581148025974, "bus_lcPushy": 0.47688233352119336, "bus_lcSigma": 0.013136356923072245, "bus_lcSpeedGainRight": 1.765030427709124, "bus_lcSublane": 0.49207180149355845, "bus_sigma": 0.7300912110901043, "bus_tau_mean": 2.1401991996113825, "bus_tau_std": 4.574049160894317, "bus_v_mean": 10.20260385512965, "bus_v_std": 0.2177746760695798, "car_acc": 2.5165565209539924, "car_dcc": 1.9598585142330351, "car_lcAssertive": 98.45396156915756, "car_lcCooperative": 0.220234226159156, "car_lcLookaheadLeft": 35.19338649720461, "car_lcPushy": 0.5238961356661317, "car_lcSigma": 0.7548914570605327, "car_lcSpeedGainRight": 2.3192889195014783, "car_lcSublane": 0.12482254311167629, "car_sigma": 0.3125013784920495, "car_tau_mean": 2.265817093953481, "car_tau_std": 6.738490080168677, "car_v_mean": 20.322399300993474, "car_v_std": 2.6067156190870855}, "datetime": {"datetime": "2024-08-08 09:58:35", "elapsed": 195.806476, "delta": 1.830857}}
{"target": -0.2987932491571594, "params": {"bus_acc": 1.1410840894873984, "bus_dcc": 1.2203999630803701, "bus_lcAssertive": 2.459635299094746, "bus_lcCooperative": 0.971820072977926, "bus_lcLookaheadLeft": 11.287157812808454, "bus_lcPushy": 0.8417368261858497, "bus_lcSigma": 0.6851729969076996, "bus_lcSpeedGainRight": 2.4377858374145904, "bus_lcSublane": 0.3466948813585782, "bus_sigma": 0.35364778706700506, "bus_tau_mean": 1.3884360882151552, "bus_tau_std": 9.110179736986264, "bus_v_mean": 19.610280727917903, "bus_v_std": 0.5185158556853975, "car_acc": 1.9230425064942291, "car_dcc": 1.843903817610434, "car_lcAssertive": 3.8676524316119494, "car_lcCooperative": 0.8846818943092944, "car_lcLookaheadLeft": 77.55852507955886, "car_lcPushy": 0.32973507924426093, "car_lcSigma": 0.796558587536711, "car_lcSpeedGainRight": 1.6231916110149829, "car_lcSublane": 0.30788244381764673, "car_sigma": 0.9281090785007262, "car_tau_mean": 3.919206566810476, "car_tau_std": 5.235553047168928, "car_v_mean": 23.2309626810868, "car_v_std": 17.75992987852929}, "datetime": {"datetime": "2024-08-08 09:58:36", "elapsed": 196.902681, "delta": 1.096205}}
{"target": -0.36084294439659814, "params": {"bus_acc": 1.3230215409720238, "bus_dcc": 2.0273219234044317, "bus_lcAssertive": 26.9261600062485, "bus_lcCooperative": 0.844526943229479, "bus_lcLookaheadLeft": 80.43256008608736, "bus_lcPushy": 0.4266391582681436, "bus_lcSigma": 0.6070154607890389, "bus_lcSpeedGainRight": 0.7273280513310998, "bus_lcSublane": 0.5096132942175586, "bus_sigma": 0.29694708578690454, "bus_tau_mean": 3.508778337492204, "bus_tau_std": 6.715983809063899, "bus_v_mean": 18.135584201958736, "bus_v_std": 2.4950260013835845, "car_acc": 1.9411757589977714, "car_dcc": 3.9597183387606445, "car_lcAssertive": 94.88161823319385, "car_lcCooperative": 0.6450856402604436, "car_lcLookaheadLeft": 16.869037361133415, "car_lcPushy": 0.639126848719905, "car_lcSigma": 0.5656621125439275, "car_lcSpeedGainRight": 2.34332918830626, "car_lcSublane": 0.42803746946827015, "car_sigma": 0.5992697556580301, "car_tau_mean": 3.474894609805879, "car_tau_std": 7.511210403719374, "car_v_mean": 17.26976864475573, "car_v_std": 18.49408363072056}, "datetime": {"datetime": "2024-08-08 09:58:39", "elapsed": 199.233805, "delta": 2.331124}}
{"target": -0.3654236406331709, "params": {"bus_acc": 1.9243161933827142, "bus_dcc": 2.537949240271353, "bus_lcAssertive": 57.814667162342396, "bus_lcCooperative": 0.4403192075855932, "bus_lcLookaheadLeft": 20.96877785693343, "bus_lcPushy": 0.11396576145918635, "bus_lcSigma": 0.151227927370148, "bus_lcSpeedGainRight": 0.2624548192656695, "bus_lcSublane": 0.5586764110636315, "bus_sigma": 0.8477210140360106, "bus_tau_mean": 1.7569176862343876, "bus_tau_std": 0.7531087263581782, "bus_v_mean": 14.81159059176186, "bus_v_std": 12.040156769440028, "car_acc": 1.8508069311512751, "car_dcc": 3.43216370082211, "car_lcAssertive": 94.24673837248382, "car_lcCooperative": 0.8699107732683544, "car_lcLookaheadLeft": 70.99195083142908, "car_lcPushy": 0.4702989247821753, "car_lcSigma": 0.6826980429032513, "car_lcSpeedGainRight": 0.06709155278264767, "car_lcSublane": 0.9824781185020439, "car_sigma": 0.17207733182889595, "car_tau_mean": 3.6719113858658865, "car_tau_std": 8.07109901666106, "car_v_mean": 20.802234950191803, "car_v_std": 5.378721155701298}, "datetime": {"datetime": "2024-08-08 09:58:41", "elapsed": 201.178584, "delta": 1.944779}}
{"target": -0.33534964930712297, "params": {"bus_acc": 2.5944396147174764, "bus_dcc": 1.040633040517383, "bus_lcAssertive": 71.71525587400897, "bus_lcCooperative": 0.2953139661018992, "bus_lcLookaheadLeft": 98.66745241246686, "bus_lcPushy": 0.8462417305877817, "bus_lcSigma": 0.5604011810847819, "bus_lcSpeedGainRight": 2.9888284268841963, "bus_lcSublane": 0.1920756730045573, "bus_sigma": 0.2262515885870655, "bus_tau_mean": 1.039046124182829, "bus_tau_std": 3.7781354746444173, "bus_v_mean": 9.791287109465298, "bus_v_std": 10.225457872685237, "car_acc": 2.276955910803095, "car_dcc": 1.3666371347109498, "car_lcAssertive": 35.075439534096546, "car_lcCooperative": 0.07034787968520784, "car_lcLookaheadLeft": 53.52459635266278, "car_lcPushy": 0.6502897692030054, "car_lcSigma": 0.6154721413751028, "car_lcSpeedGainRight": 4.0693478140474255, "car_lcSublane": 0.23556623650242037, "car_sigma": 0.6181818418404456, "car_tau_mean": 1.5598998173142422, "car_tau_std": 0.8876770607914231, "car_v_mean": 12.884183545053011, "car_v_std": 1.4271294988923233}, "datetime": {"datetime": "2024-08-08 09:58:43", "elapsed": 203.324591, "delta": 2.146007}}
{"target": -0.35145767992108284, "params": {"bus_acc": 1.0458302626447635, "bus_dcc": 2.5572469666359683, "bus_lcAssertive": 81.18888235557921, "bus_lcCooperative": 0.012603767029876312, "bus_lcLookaheadLeft": 67.90204477606592, "bus_lcPushy": 0.6868082266569918, "bus_lcSigma": 0.44924675358663757, "bus_lcSpeedGainRight": 4.573943433709672, "bus_lcSublane": 0.6443610847569929, "bus_sigma": 0.005239837651465851, "bus_tau_mean": 2.1954995593003144, "bus_tau_std": 8.593178060976, "bus_v_mean": 21.28639312059743, "bus_v_std": 12.983083942249557, "car_acc": 2.3473968477972633, "car_dcc": 2.7354987393676016, "car_lcAssertive": 28.137857741518363, "car_lcCooperative": 0.5605299905360588, "car_lcLookaheadLeft": 67.82951891210719, "car_lcPushy": 0.35242963021640883, "car_lcSigma": 0.8558283672539277, "car_lcSpeedGainRight": 0.9751874300435365, "car_lcSublane": 0.7473208103319232, "car_sigma": 0.2896027461868774, "car_tau_mean": 3.208297505354637, "car_tau_std": 4.277373293360762, "car_v_mean": 20.92317454579535, "car_v_std": 7.070697253359808}, "datetime": {"datetime": "2024-08-08 09:58:45", "elapsed": 205.229771, "delta": 1.90518}}
{"target": -0.35619229010228165, "params": {"bus_acc": 1.3396608391291378, "bus_dcc": 3.6344275102882393, "bus_lcAssertive": 10.73633654947196, "bus_lcCooperative": 0.42110762500505217, "bus_lcLookaheadLeft": 95.87317395474919, "bus_lcPushy": 0.5331652849730171, "bus_lcSigma": 0.6918771139504734, "bus_lcSpeedGainRight": 1.5775781550303147, "bus_lcSublane": 0.6865009276815837, "bus_sigma": 0.8346256718973729, "bus_tau_mean": 0.5640089707046714, "bus_tau_std": 7.501443149449675, "bus_v_mean": 23.821777422503914, "bus_v_std": 14.963313087596788, "car_acc": 1.5608879841288104, "car_dcc": 3.3678379853544653, "car_lcAssertive": 11.21937465118656, "car_lcCooperative": 0.44789352617590517, "car_lcLookaheadLeft": 91.04235930312336, "car_lcPushy": 0.2936141483736795, "car_lcSigma": 0.28777533858634874, "car_lcSpeedGainRight": 0.6501428605913884, "car_lcSublane": 0.019366957870297075, "car_sigma": 0.678835532939891, "car_tau_mean": 1.2406984060002066, "car_tau_std": 2.655466593722262, "car_v_mean": 15.865170548485413, "car_v_std": 1.0672509023416077}, "datetime": {"datetime": "2024-08-08 09:58:46", "elapsed": 206.121121, "delta": 0.89135}}
{"target": -0.2996913111213432, "params": {"bus_acc": 2.979766906674231, "bus_dcc": 1.5322886106047857, "bus_lcAssertive": 82.32322728240342, "bus_lcCooperative": 0.2309885592816333, "bus_lcLookaheadLeft": 7.681629710531169, "bus_lcPushy": 0.13881651804567363, "bus_lcSigma": 0.9351531155423887, "bus_lcSpeedGainRight": 4.4427105167811405, "bus_lcSublane": 0.28926049548291, "bus_sigma": 0.9477640661016069, "bus_tau_mean": 3.4747568733099663, "bus_tau_std": 4.346547940716735, "bus_v_mean": 15.488792877863565, "bus_v_std": 12.597060431668455, "car_acc": 1.3160636699276254, "car_dcc": 1.0443462602262787, "car_lcAssertive": 27.285689729766197, "car_lcCooperative": 0.015443631942760883, "car_lcLookaheadLeft": 68.10088672790123, "car_lcPushy": 0.5514688358127765, "car_lcSigma": 0.32164814560277766, "car_lcSpeedGainRight": 3.9010116855987933, "car_lcSublane": 0.14578543121477705, "car_sigma": 0.2448806387618836, "car_tau_mean": 1.523098167137493, "car_tau_std": 1.9593194649899215, "car_v_mean": 9.407018940329653, "car_v_std": 17.39952360543215}, "datetime": {"datetime": "2024-08-08 09:58:46", "elapsed": 206.733802, "delta": 0.612681}}
{"target": -0.3312996848180515, "params": {"bus_acc": 2.6242311359162924, "bus_dcc": 1.3094403477503926, "bus_lcAssertive": 52.115288522275364, "bus_lcCooperative": 0.1555778979920741, "bus_lcLookaheadLeft": 29.324042032027158, "bus_lcPushy": 0.8826020025030701, "bus_lcSigma": 0.6315937651309106, "bus_lcSpeedGainRight": 4.81831355106535, "bus_lcSublane": 0.599714365615993, "bus_sigma": 0.009519716216558005, "bus_tau_mean": 1.9547435193214757, "bus_tau_std": 0.22441754358679789, "bus_v_mean": 13.023749248751143, "bus_v_std": 9.632498614414835, "car_acc": 2.150918682247616, "car_dcc": 1.7159506087867897, "car_lcAssertive": 56.27037126631753, "car_lcCooperative": 0.3949201341072339, "car_lcLookaheadLeft": 51.64505437567884, "car_lcPushy": 0.19596701454252152, "car_lcSigma": 0.1567516100034313, "car_lcSpeedGainRight": 3.7725850380119317, "car_lcSublane": 0.3299732288055194, "car_sigma": 0.6441956925382164, "car_tau_mean": 2.4790945880668964, "car_tau_std": 8.99530915886071, "car_v_mean": 22.09093788651224, "car_v_std": 8.862228006535668}, "datetime": {"datetime": "2024-08-08 09:58:50", "elapsed": 210.614883, "delta": 3.881081}}
{"target": -0.3365636702181354, "params": {"bus_acc": 1.1808194313895972, "bus_dcc": 1.386927952426828, "bus_lcAssertive": 11.420990139615903, "bus_lcCooperative": 0.17272746332288003, "bus_lcLookaheadLeft": 14.390227248389131, "bus_lcPushy": 0.7783008900676276, "bus_lcSigma": 0.039411512184444275, "bus_lcSpeedGainRight": 1.2077920867043201, "bus_lcSublane": 0.8790664013584655, "bus_sigma": 0.9735188608362936, "bus_tau_mean": 2.6189770270446684, "bus_tau_std": 9.762382645603884, "bus_v_mean": 8.695224667439629, "bus_v_std": 18.97145536752015, "car_acc": 1.6225921649123343, "car_dcc": 3.396918521084779, "car_lcAssertive": 81.25228124124325, "car_lcCooperative": 0.8599985915803449, "car_lcLookaheadLeft": 46.9379794684451, "car_lcPushy": 0.9306443921654484, "car_lcSigma": 0.2578929844270399, "car_lcSpeedGainRight": 4.672227462647923, "car_lcSublane": 0.6191196332516605, "car_sigma": 0.9854449149448306, "car_tau_mean": 0.6142535308690733, "car_tau_std": 7.251666588327083, "car_v_mean": 17.048867766086097, "car_v_std": 9.848480947966392}, "datetime": {"datetime": "2024-08-08 09:58:51", "elapsed": 211.200504, "delta": 0.585621}}
{"target": -0.38338592590659426, "params": {"bus_acc": 1.7104187786792875, "bus_dcc": 3.922637883685274, "bus_lcAssertive": 13.154440815492576, "bus_lcCooperative": 0.18756989261723955, "bus_lcLookaheadLeft": 89.16536259551893, "bus_lcPushy": 0.5834063146082279, "bus_lcSigma": 0.3092463846587796, "bus_lcSpeedGainRight": 0.0038219273909401164, "bus_lcSublane": 0.22759773832225305, "bus_sigma": 0.1454036341712357, "bus_tau_mean": 1.212018385295317, "bus_tau_std": 8.963225568040047, "bus_v_mean": 21.96951005231425, "bus_v_std": 14.005788752668995, "car_acc": 1.940995352304418, "car_dcc": 3.481408006996865, "car_lcAssertive": 50.086813311436025, "car_lcCooperative": 0.36348868328490525, "car_lcLookaheadLeft": 29.009104070564156, "car_lcPushy": 0.9247408135383717, "car_lcSigma": 0.38698923425629217, "car_lcSpeedGainRight": 2.464404367156601, "car_lcSublane": 0.2544381023144221, "car_sigma": 0.8849665188380633, "car_tau_mean": 1.8414220988185035, "car_tau_std": 2.9757471531387525, "car_v_mean": 19.48151939511607, "car_v_std": 3.8173988634461486}, "datetime": {"datetime": "2024-08-08 09:58:52", "elapsed": 212.209933, "delta": 1.009429}}
{"target": -0.3094556990691302, "params": {"bus_acc": 1.2707087817241465, "bus_dcc": 1.0919160942726092, "bus_lcAssertive": 46.77120500937646, "bus_lcCooperative": 0.9606566952869964, "bus_lcLookaheadLeft": 11.174196349471044, "bus_lcPushy": 0.0655985161350432, "bus_lcSigma": 0.8799355762219236, "bus_lcSpeedGainRight": 4.1068602077164424, "bus_lcSublane": 0.8199694222450838, "bus_sigma": 0.46781804781537173, "bus_tau_mean": 1.9962223309618568, "bus_tau_std": 4.010683054344961, "bus_v_mean": 17.315440674228913, "bus_v_std": 14.579413387522225, "car_acc": 2.568584004699252, "car_dcc": 2.9643975626812535, "car_lcAssertive": 56.6841503029253, "car_lcCooperative": 0.412392608220297, "car_lcLookaheadLeft": 33.35167608029775, "car_lcPushy": 0.2862477928261852, "car_lcSigma": 0.29617671840307525, "car_lcSpeedGainRight": 3.413764330822216, "car_lcSublane": 0.7624411821595793, "car_sigma": 0.5976197869899762, "car_tau_mean": 1.2800236228874629, "car_tau_std": 1.943950205047229, "car_v_mean": 20.25097790033206, "car_v_std": 19.57387637950091}, "datetime": {"datetime": "2024-08-08 09:58:52", "elapsed": 212.342152, "delta": 0.132219}}
{"target": -0.3293842675774604, "params": {"bus_acc": 1.7969163930980803, "bus_dcc": 2.1317187025915283, "bus_lcAssertive": 66.69666053543827, "bus_lcCooperative": 0.08633328681516406, "bus_lcLookaheadLeft": 55.88921220625415, "bus_lcPushy": 0.015421822343255842, "bus_lcSigma": 0.9830389835394168, "bus_lcSpeedGainRight": 2.992136111940074, "bus_lcSublane": 0.38411422799622663, "bus_sigma": 0.1467479307274827, "bus_tau_mean": 2.939074142528818, "bus_tau_std": 9.058084167065523, "bus_v_mean": 13.089740037513868, "bus_v_std": 15.329842893124594, "car_acc": 1.5749962040823753, "car_dcc": 3.87167602712318, "car_lcAssertive": 70.52925972468594, "car_lcCooperative": 0.6250155931933211, "car_lcLookaheadLeft": 93.21200384871447, "car_lcPushy": 0.26904238725191854, "car_lcSigma": 0.9236157463407607, "car_lcSpeedGainRight": 3.3904146706199123, "car_lcSublane": 0.7713625072014619, "car_sigma": 0.5716353364349513, "car_tau_mean": 3.4186663712473164, "car_tau_std": 6.982817992918626, "car_v_mean": 10.345739228430544, "car_v_std": 12.249222572561498}, "datetime": {"datetime": "2024-08-08 09:58:53", "elapsed": 213.592767, "delta": 1.250615}}
{"target": -0.3475758081230763, "params": {"bus_acc": 2.1482352109840264, "bus_dcc": 1.4401857247174306, "bus_lcAssertive": 59.34124815342514, "bus_lcCooperative": 0.6997583600209312, "bus_lcLookaheadLeft": 12.028774025126932, "bus_lcPushy": 0.4140559878195683, "bus_lcSigma": 0.6944001577277451, "bus_lcSpeedGainRight": 2.0708963476345135, "bus_lcSublane": 0.04995345894608716, "bus_sigma": 0.5358964059155116, "bus_tau_mean": 2.823281258269261, "bus_tau_std": 5.148891120583086, "bus_v_mean": 23.113516095853015, "bus_v_std": 11.731100810039859, "car_acc": 2.8068038305757668, "car_dcc": 1.4124241124387127, "car_lcAssertive": 14.788358377825096, "car_lcCooperative": 0.8073912887095238, "car_lcLookaheadLeft": 40.97233002458229, "car_lcPushy": 0.16535419711693278, "car_lcSigma": 0.9275085803960339, "car_lcSpeedGainRight": 1.738829298727533, "car_lcSublane": 0.7508121031361555, "car_sigma": 0.7259979853504515, "car_tau_mean": 3.5915713192203342, "car_tau_std": 6.236722070556089, "car_v_mean": 20.015078944437395, "car_v_std": 6.977966839556851}, "datetime": {"datetime": "2024-08-08 09:58:58", "elapsed": 218.243276, "delta": 4.650509}}
{"target": -0.35105425076000385, "params": {"bus_acc": 2.4143752195683645, "bus_dcc": 2.7727017984712203, "bus_lcAssertive": 81.92084476931544, "bus_lcCooperative": 0.907644646099839, "bus_lcLookaheadLeft": 2.245740847456469, "bus_lcPushy": 0.39722776623376177, "bus_lcSigma": 0.5614096837184815, "bus_lcSpeedGainRight": 3.669615681424383, "bus_lcSublane": 0.08747276218504352, "bus_sigma": 0.3997549876808645, "bus_tau_mean": 1.478674128074471, "bus_tau_std": 4.235100531051829, "bus_v_mean": 15.967658122772614, "bus_v_std": 13.20030447052102, "car_acc": 1.9924722779405584, "car_dcc": 2.8614046018155714, "car_lcAssertive": 58.66154632703304, "car_lcCooperative": 0.42833239803885637, "car_lcLookaheadLeft": 2.487683741704008, "car_lcPushy": 0.19451641385960183, "car_lcSigma": 0.3202066542862888, "car_lcSpeedGainRight": 0.7348906292746565, "car_lcSublane": 0.5986638816064357, "car_sigma": 0.6114994766596024, "car_tau_mean": 2.2503264085892534, "car_tau_std": 3.2084890160086452, "car_v_mean": 18.45212883239127, "car_v_std": 3.8056696535808743}, "datetime": {"datetime": "2024-08-08 09:59:00", "elapsed": 220.621394, "delta": 2.378118}}
{"target": -0.3681819108826543, "params": {"bus_acc": 2.0435624184681167, "bus_dcc": 3.3654374001205456, "bus_lcAssertive": 94.31724512520901, "bus_lcCooperative": 0.49728979211666346, "bus_lcLookaheadLeft": 60.18787811883346, "bus_lcPushy": 0.2908599378104706, "bus_lcSigma": 0.1491595089201888, "bus_lcSpeedGainRight": 0.6593584536422054, "bus_lcSublane": 0.7323607758695577, "bus_sigma": 0.7344694353499344, "bus_tau_mean": 1.1277250582282232, "bus_tau_std": 4.135603797757918, "bus_v_mean": 17.50630924626463, "bus_v_std": 2.505638923722975, "car_acc": 2.5707378997377317, "car_dcc": 2.859976609960717, "car_lcAssertive": 61.906947459337, "car_lcCooperative": 0.7012080919186323, "car_lcLookaheadLeft": 98.74394204250468, "car_lcPushy": 0.5623944559571782, "car_lcSigma": 0.864416261698348, "car_lcSpeedGainRight": 2.0935433752858295, "car_lcSublane": 0.6544693512274343, "car_sigma": 0.9252611878587662, "car_tau_mean": 2.8245278547542636, "car_tau_std": 3.030806759430662, "car_v_mean": 17.91913110178608, "car_v_std": 7.0263664071638505}, "datetime": {"datetime": "2024-08-08 09:59:03", "elapsed": 223.525985, "delta": 2.904591}}
