{"target": 57.66127526255249, "params": {"bus_acc": 1.34, "bus_dcc": 2.62, "bus_lcCooperative": 0.89, "bus_lcPushy": 0.63, "bus_lcSublane": 0.61, "bus_max_v": 10.61, "bus_tau_mean": 2.66, "bus_tau_std": 2.51, "car_acc": 1.26, "car_dcc": 1.19, "car_lcCooperative": 0.29, "car_lcPushy": 0.16, "car_lcSublane": 0.3, "car_max_v": 8.16, "car_tau_mean": 2.12, "car_tau_std": 8.19}, "datetime": {"datetime": "2024-07-31 23:12:18", "elapsed": 39209.561541, "delta": 79.726764}}
{"target": 58.54693406895388, "params": {"bus_acc": 1.45, "bus_dcc": 1.78, "bus_lcCooperative": 0.65, "bus_lcPushy": 0.83, "bus_lcSublane": 0.35, "bus_max_v": 9.99, "bus_tau_mean": 1.51, "bus_tau_std": 1.16, "car_acc": 1.41, "car_dcc": 2.07, "car_lcCooperative": 0.74, "car_lcPushy": 0.98, "car_lcSublane": 0.11, "car_max_v": 8.22, "car_tau_mean": 2.42, "car_tau_std": 7.96}, "datetime": {"datetime": "2024-07-31 23:12:39", "elapsed": 39230.883196, "delta": 21.321655}}
{"target": 58.55563453474936, "params": {"bus_acc": 1.58, "bus_dcc": 2.08, "bus_lcCooperative": 0.66, "bus_lcPushy": 0.17, "bus_lcSublane": 0.55, "bus_max_v": 10.6, "bus_tau_mean": 1.78, "bus_tau_std": 1.92, "car_acc": 1.61, "car_dcc": 2.22, "car_lcCooperative": 0.29, "car_lcPushy": 0.08, "car_lcSublane": 0.73, "car_max_v": 8.23, "car_tau_mean": 2.48, "car_tau_std": 7.96}, "datetime": {"datetime": "2024-07-31 23:13:35", "elapsed": 39286.554115, "delta": 55.670919}}
{"target": 58.05683677616298, "params": {"bus_acc": 1.45, "bus_dcc": 3.11, "bus_lcCooperative": 0.26, "bus_lcPushy": 0.36, "bus_lcSublane": 0.2, "bus_max_v": 13.65, "bus_tau_mean": 2.39, "bus_tau_std": 0.72, "car_acc": 1.99, "car_dcc": 2.18, "car_lcCooperative": 0.68, "car_lcPushy": 0.34, "car_lcSublane": 0.23, "car_max_v": 8.82, "car_tau_mean": 2.59, "car_tau_std": 9.66}, "datetime": {"datetime": "2024-07-31 23:17:16", "elapsed": 39507.572927, "delta": 221.018812}}
{"target": 57.653212594961985, "params": {"bus_acc": 1.2, "bus_dcc": 2.05, "bus_lcCooperative": 0.19, "bus_lcPushy": 0.8, "bus_lcSublane": 0.35, "bus_max_v": 9.91, "bus_tau_mean": 1.02, "bus_tau_std": 1.47, "car_acc": 2.72, "car_dcc": 2.63, "car_lcCooperative": 0.69, "car_lcPushy": 0.8, "car_lcSublane": 0.13, "car_max_v": 9.18, "car_tau_mean": 1.61, "car_tau_std": 8.89}, "datetime": {"datetime": "2024-07-31 23:19:28", "elapsed": 39640.129186, "delta": 132.556259}}
{"target": 58.29583495779897, "params": {"bus_acc": 1.02, "bus_dcc": 1.59, "bus_lcCooperative": 0.45, "bus_lcPushy": 0.36, "bus_lcSublane": 0.88, "bus_max_v": 14.73, "bus_tau_mean": 2.3, "bus_tau_std": 1.12, "car_acc": 1.76, "car_dcc": 3.03, "car_lcCooperative": 0.45, "car_lcPushy": 0.36, "car_lcSublane": 0.52, "car_max_v": 8.52, "car_tau_mean": 1.61, "car_tau_std": 10.02}, "datetime": {"datetime": "2024-07-31 23:21:37", "elapsed": 39769.166889, "delta": 129.037703}}
{"target": 58.394218849793255, "params": {"bus_acc": 1.86, "bus_dcc": 2.17, "bus_lcCooperative": 0.7, "bus_lcPushy": 0.47, "bus_lcSublane": 0.52, "bus_max_v": 11.19, "bus_tau_mean": 2.75, "bus_tau_std": 1.73, "car_acc": 1.36, "car_dcc": 2.7, "car_lcCooperative": 0.19, "car_lcPushy": 0.84, "car_lcSublane": 0.26, "car_max_v": 8.76, "car_tau_mean": 2.6, "car_tau_std": 8.2}, "datetime": {"datetime": "2024-07-31 23:21:46", "elapsed": 39777.812547, "delta": 8.645658}}
{"target": 58.382636652240215, "params": {"bus_acc": 1.69, "bus_dcc": 3.2, "bus_lcCooperative": 0.35, "bus_lcPushy": 0.14, "bus_lcSublane": 0.6, "bus_max_v": 9.4, "bus_tau_mean": 2.2, "bus_tau_std": 11.46, "car_acc": 1.17, "car_dcc": 1.77, "car_lcCooperative": 0.66, "car_lcPushy": 0.03, "car_lcSublane": 0.34, "car_max_v": 9.56, "car_tau_mean": 1.69, "car_tau_std": 9.99}, "datetime": {"datetime": "2024-07-31 23:23:13", "elapsed": 39865.17318, "delta": 87.360633}}
{"target": 57.91157217657563, "params": {"bus_acc": 1.1, "bus_dcc": 3.82, "bus_lcCooperative": 0.54, "bus_lcPushy": 0.58, "bus_lcSublane": 0.87, "bus_max_v": 10.48, "bus_tau_mean": 1.15, "bus_tau_std": 1.33, "car_acc": 2.87, "car_dcc": 2.57, "car_lcCooperative": 0.3, "car_lcPushy": 0.08, "car_lcSublane": 0.63, "car_max_v": 8.98, "car_tau_mean": 1.91, "car_tau_std": 8.35}, "datetime": {"datetime": "2024-07-31 23:26:02", "elapsed": 40034.097824, "delta": 168.924644}}
{"target": 58.46039314639084, "params": {"bus_acc": 1.89, "bus_dcc": 3.33, "bus_lcCooperative": 0.03, "bus_lcPushy": 0.31, "bus_lcSublane": 0.23, "bus_max_v": 11.79, "bus_tau_mean": 2.71, "bus_tau_std": 3.65, "car_acc": 1.21, "car_dcc": 3.27, "car_lcCooperative": 0.93, "car_lcPushy": 0.59, "car_lcSublane": 0.96, "car_max_v": 8.56, "car_tau_mean": 2.08, "car_tau_std": 14.12}, "datetime": {"datetime": "2024-07-31 23:28:46", "elapsed": 40197.868044, "delta": 163.77022}}
{"target": 58.63488770527264, "params": {"bus_acc": 1.81, "bus_dcc": 3.47, "bus_lcCooperative": 0.05, "bus_lcPushy": 0.97, "bus_lcSublane": 0.12, "bus_max_v": 13.55, "bus_tau_mean": 2.03, "bus_tau_std": 1.4, "car_acc": 2.15, "car_dcc": 2.05, "car_lcCooperative": 0.28, "car_lcPushy": 0.34, "car_lcSublane": 0.47, "car_max_v": 8.08, "car_tau_mean": 2.72, "car_tau_std": 9.92}, "datetime": {"datetime": "2024-07-31 23:30:41", "elapsed": 40313.04482, "delta": 115.176776}}
{"target": 58.8182236415041, "params": {"bus_acc": 1.53, "bus_dcc": 1.24, "bus_lcCooperative": 0.1, "bus_lcPushy": 0.54, "bus_lcSublane": 0.35, "bus_max_v": 10.22, "bus_tau_mean": 1.52, "bus_tau_std": 0.28, "car_acc": 1.32, "car_dcc": 1.62, "car_lcCooperative": 0.96, "car_lcPushy": 0.72, "car_lcSublane": 0.42, "car_max_v": 8.15, "car_tau_mean": 2.17, "car_tau_std": 9.34}, "datetime": {"datetime": "2024-07-31 23:31:14", "elapsed": 40345.678234, "delta": 32.633414}}
{"target": 58.58284168852972, "params": {"bus_acc": 1.53, "bus_dcc": 1.02, "bus_lcCooperative": 0.01, "bus_lcPushy": 0.47, "bus_lcSublane": 0.17, "bus_max_v": 10.23, "bus_tau_mean": 1.54, "bus_tau_std": 0.79, "car_acc": 2.58, "car_dcc": 1.76, "car_lcCooperative": 0.49, "car_lcPushy": 0.36, "car_lcSublane": 0.1, "car_max_v": 8.09, "car_tau_mean": 2.3, "car_tau_std": 8.69}, "datetime": {"datetime": "2024-07-31 23:32:02", "elapsed": 40394.061462, "delta": 48.383228}}
{"target": 57.60823131727199, "params": {"bus_acc": 1.37, "bus_dcc": 3.07, "bus_lcCooperative": 0.73, "bus_lcPushy": 0.13, "bus_lcSublane": 0.56, "bus_max_v": 14.25, "bus_tau_mean": 1.72, "bus_tau_std": 1.18, "car_acc": 2.5, "car_dcc": 1.05, "car_lcCooperative": 0.88, "car_lcPushy": 0.76, "car_lcSublane": 0.77, "car_max_v": 9.3, "car_tau_mean": 2.52, "car_tau_std": 10.0}, "datetime": {"datetime": "2024-07-31 23:33:54", "elapsed": 40506.061643, "delta": 112.000181}}
{"target": 58.00559431162583, "params": {"bus_acc": 1.59, "bus_dcc": 1.29, "bus_lcCooperative": 0.64, "bus_lcPushy": 0.77, "bus_lcSublane": 0.29, "bus_max_v": 9.34, "bus_tau_mean": 2.26, "bus_tau_std": 1.56, "car_acc": 2.07, "car_dcc": 3.22, "car_lcCooperative": 0.21, "car_lcPushy": 0.15, "car_lcSublane": 0.54, "car_max_v": 8.54, "car_tau_mean": 1.93, "car_tau_std": 6.49}, "datetime": {"datetime": "2024-07-31 23:37:31", "elapsed": 40722.933757, "delta": 216.872114}}
{"target": 56.80644028195577, "params": {"bus_acc": 1.26, "bus_dcc": 2.44, "bus_lcCooperative": 0.49, "bus_lcPushy": 0.02, "bus_lcSublane": 0.16, "bus_max_v": 9.56, "bus_tau_mean": 2.27, "bus_tau_std": 11.44, "car_acc": 1.95, "car_dcc": 2.66, "car_lcCooperative": 0.36, "car_lcPushy": 0.3, "car_lcSublane": 0.89, "car_max_v": 10.48, "car_tau_mean": 1.55, "car_tau_std": 4.31}, "datetime": {"datetime": "2024-07-31 23:39:29", "elapsed": 40840.915731, "delta": 117.981974}}
{"target": 57.09136573047516, "params": {"bus_acc": 1.07, "bus_dcc": 1.22, "bus_lcCooperative": 0.8, "bus_lcPushy": 0.34, "bus_lcSublane": 0.02, "bus_max_v": 10.15, "bus_tau_mean": 1.51, "bus_tau_std": 6.45, "car_acc": 2.51, "car_dcc": 3.69, "car_lcCooperative": 0.14, "car_lcPushy": 0.05, "car_lcSublane": 0.74, "car_max_v": 13.31, "car_tau_mean": 2.08, "car_tau_std": 14.22}, "datetime": {"datetime": "2024-07-31 23:40:13", "elapsed": 40884.613276, "delta": 43.697545}}
{"target": 58.46402763538108, "params": {"bus_acc": 1.12, "bus_dcc": 3.34, "bus_lcCooperative": 0.08, "bus_lcPushy": 0.12, "bus_lcSublane": 0.52, "bus_max_v": 11.39, "bus_tau_mean": 2.12, "bus_tau_std": 1.49, "car_acc": 1.19, "car_dcc": 2.45, "car_lcCooperative": 0.31, "car_lcPushy": 0.01, "car_lcSublane": 0.08, "car_max_v": 8.39, "car_tau_mean": 2.11, "car_tau_std": 8.96}, "datetime": {"datetime": "2024-07-31 23:40:44", "elapsed": 40916.212866, "delta": 31.59959}}
{"target": 58.24401762248047, "params": {"bus_acc": 1.32, "bus_dcc": 3.66, "bus_lcCooperative": 0.59, "bus_lcPushy": 0.7, "bus_lcSublane": 0.65, "bus_max_v": 12.69, "bus_tau_mean": 1.51, "bus_tau_std": 5.26, "car_acc": 1.3, "car_dcc": 2.28, "car_lcCooperative": 0.52, "car_lcPushy": 0.88, "car_lcSublane": 0.27, "car_max_v": 11.09, "car_tau_mean": 1.58, "car_tau_std": 14.43}, "datetime": {"datetime": "2024-07-31 23:43:21", "elapsed": 41073.235282, "delta": 157.022416}}
{"target": 57.69094704727533, "params": {"bus_acc": 1.73, "bus_dcc": 3.54, "bus_lcCooperative": 0.77, "bus_lcPushy": 0.47, "bus_lcSublane": 0.11, "bus_max_v": 11.67, "bus_tau_mean": 1.87, "bus_tau_std": 4.8, "car_acc": 2.15, "car_dcc": 1.59, "car_lcCooperative": 0.23, "car_lcPushy": 0.85, "car_lcSublane": 0.84, "car_max_v": 10.31, "car_tau_mean": 2.05, "car_tau_std": 13.43}, "datetime": {"datetime": "2024-07-31 23:45:27", "elapsed": 41198.983005, "delta": 125.747723}}
{"target": 58.71331241270843, "params": {"bus_acc": 1.26, "bus_dcc": 1.18, "bus_lcCooperative": 0.94, "bus_lcPushy": 0.45, "bus_lcSublane": 0.36, "bus_max_v": 9.15, "bus_tau_mean": 2.67, "bus_tau_std": 0.45, "car_acc": 1.58, "car_dcc": 1.96, "car_lcCooperative": 0.35, "car_lcPushy": 0.4, "car_lcSublane": 0.96, "car_max_v": 8.04, "car_tau_mean": 1.76, "car_tau_std": 7.19}, "datetime": {"datetime": "2024-07-31 23:48:31", "elapsed": 41382.594304, "delta": 183.611299}}
{"target": 58.19127456232152, "params": {"bus_acc": 1.3, "bus_dcc": 2.01, "bus_lcCooperative": 0.98, "bus_lcPushy": 0.24, "bus_lcSublane": 0.44, "bus_max_v": 11.13, "bus_tau_mean": 1.94, "bus_tau_std": 7.64, "car_acc": 1.71, "car_dcc": 3.93, "car_lcCooperative": 0.23, "car_lcPushy": 0.94, "car_lcSublane": 0.16, "car_max_v": 8.24, "car_tau_mean": 1.56, "car_tau_std": 1.54}, "datetime": {"datetime": "2024-07-31 23:50:01", "elapsed": 41473.297858, "delta": 90.703554}}
{"target": 58.61940871610387, "params": {"bus_acc": 1.36, "bus_dcc": 1.93, "bus_lcCooperative": 0.45, "bus_lcPushy": 0.54, "bus_lcSublane": 0.48, "bus_max_v": 10.05, "bus_tau_mean": 2.39, "bus_tau_std": 0.18, "car_acc": 1.42, "car_dcc": 3.03, "car_lcCooperative": 0.74, "car_lcPushy": 0.49, "car_lcSublane": 0.01, "car_max_v": 8.11, "car_tau_mean": 2.71, "car_tau_std": 8.29}, "datetime": {"datetime": "2024-07-31 23:50:17", "elapsed": 41488.813493, "delta": 15.515635}}
{"target": 58.24886188827665, "params": {"bus_acc": 1.3, "bus_dcc": 2.67, "bus_lcCooperative": 0.29, "bus_lcPushy": 0.29, "bus_lcSublane": 0.64, "bus_max_v": 11.13, "bus_tau_mean": 2.59, "bus_tau_std": 8.4, "car_acc": 2.2, "car_dcc": 4.08, "car_lcCooperative": 0.1, "car_lcPushy": 0.82, "car_lcSublane": 0.25, "car_max_v": 8.05, "car_tau_mean": 1.77, "car_tau_std": 1.6}, "datetime": {"datetime": "2024-07-31 23:54:34", "elapsed": 41745.884109, "delta": 257.070616}}
{"target": 56.82000303447858, "params": {"bus_acc": 1.31, "bus_dcc": 2.91, "bus_lcCooperative": 0.33, "bus_lcPushy": 0.77, "bus_lcSublane": 0.29, "bus_max_v": 13.62, "bus_tau_mean": 1.88, "bus_tau_std": 12.72, "car_acc": 1.62, "car_dcc": 2.9, "car_lcCooperative": 0.24, "car_lcPushy": 0.07, "car_lcSublane": 0.48, "car_max_v": 10.13, "car_tau_mean": 1.45, "car_tau_std": 5.28}, "datetime": {"datetime": "2024-07-31 23:57:04", "elapsed": 41896.130111, "delta": 150.246002}}
{"target": 57.43011747201009, "params": {"bus_acc": 1.72, "bus_dcc": 3.87, "bus_lcCooperative": 0.31, "bus_lcPushy": 0.81, "bus_lcSublane": 0.71, "bus_max_v": 12.75, "bus_tau_mean": 1.39, "bus_tau_std": 4.71, "car_acc": 1.22, "car_dcc": 2.36, "car_lcCooperative": 0.27, "car_lcPushy": 0.41, "car_lcSublane": 0.76, "car_max_v": 11.28, "car_tau_mean": 1.16, "car_tau_std": 14.3}, "datetime": {"datetime": "2024-07-31 23:59:00", "elapsed": 42011.649293, "delta": 115.519182}}
{"target": 58.18710243822145, "params": {"bus_acc": 1.99, "bus_dcc": 3.12, "bus_lcCooperative": 0.69, "bus_lcPushy": 0.04, "bus_lcSublane": 0.87, "bus_max_v": 12.73, "bus_tau_mean": 1.92, "bus_tau_std": 8.31, "car_acc": 1.41, "car_dcc": 3.07, "car_lcCooperative": 0.13, "car_lcPushy": 0.2, "car_lcSublane": 0.49, "car_max_v": 9.13, "car_tau_mean": 2.72, "car_tau_std": 12.55}, "datetime": {"datetime": "2024-07-31 23:59:23", "elapsed": 42034.629392, "delta": 22.980099}}
{"target": 57.366709321574035, "params": {"bus_acc": 1.21, "bus_dcc": 3.18, "bus_lcCooperative": 0.0, "bus_lcPushy": 0.81, "bus_lcSublane": 0.45, "bus_max_v": 10.98, "bus_tau_mean": 1.68, "bus_tau_std": 7.02, "car_acc": 1.36, "car_dcc": 4.74, "car_lcCooperative": 0.15, "car_lcPushy": 0.02, "car_lcSublane": 0.29, "car_max_v": 11.24, "car_tau_mean": 1.94, "car_tau_std": 4.02}, "datetime": {"datetime": "2024-08-01 00:03:39", "elapsed": 42291.034489, "delta": 256.405097}}
{"target": 56.96983765482574, "params": {"bus_acc": 1.62, "bus_dcc": 1.8, "bus_lcCooperative": 0.28, "bus_lcPushy": 0.76, "bus_lcSublane": 0.15, "bus_max_v": 9.71, "bus_tau_mean": 2.65, "bus_tau_std": 2.61, "car_acc": 1.13, "car_dcc": 2.99, "car_lcCooperative": 0.53, "car_lcPushy": 0.41, "car_lcSublane": 0.48, "car_max_v": 14.12, "car_tau_mean": 2.29, "car_tau_std": 0.55}, "datetime": {"datetime": "2024-08-01 00:06:11", "elapsed": 42443.487609, "delta": 152.45312}}
{"target": 58.21180813520144, "params": {"bus_acc": 1.41, "bus_dcc": 1.29, "bus_lcCooperative": 0.31, "bus_lcPushy": 0.82, "bus_lcSublane": 0.27, "bus_max_v": 9.56, "bus_tau_mean": 1.99, "bus_tau_std": 0.86, "car_acc": 1.45, "car_dcc": 3.32, "car_lcCooperative": 0.65, "car_lcPushy": 0.34, "car_lcSublane": 0.52, "car_max_v": 8.36, "car_tau_mean": 1.62, "car_tau_std": 6.21}, "datetime": {"datetime": "2024-08-01 00:08:15", "elapsed": 42567.391976, "delta": 123.904367}}
{"target": 58.55604647498313, "params": {"bus_acc": 1.76, "bus_dcc": 2.13, "bus_lcCooperative": 0.69, "bus_lcPushy": 0.43, "bus_lcSublane": 0.21, "bus_max_v": 10.25, "bus_tau_mean": 1.94, "bus_tau_std": 0.61, "car_acc": 1.53, "car_dcc": 1.41, "car_lcCooperative": 0.31, "car_lcPushy": 0.77, "car_lcSublane": 0.04, "car_max_v": 8.72, "car_tau_mean": 2.57, "car_tau_std": 10.07}, "datetime": {"datetime": "2024-08-01 00:08:21", "elapsed": 42573.458548, "delta": 6.066572}}
{"target": 57.3314873690381, "params": {"bus_acc": 1.72, "bus_dcc": 2.81, "bus_lcCooperative": 0.67, "bus_lcPushy": 0.08, "bus_lcSublane": 0.94, "bus_max_v": 13.85, "bus_tau_mean": 2.91, "bus_tau_std": 13.6, "car_acc": 1.55, "car_dcc": 3.8, "car_lcCooperative": 0.42, "car_lcPushy": 0.85, "car_lcSublane": 0.83, "car_max_v": 12.35, "car_tau_mean": 1.44, "car_tau_std": 5.7}, "datetime": {"datetime": "2024-08-01 00:12:24", "elapsed": 42816.082371, "delta": 242.623823}}
{"target": 57.968561551922825, "params": {"bus_acc": 1.56, "bus_dcc": 2.69, "bus_lcCooperative": 0.76, "bus_lcPushy": 0.08, "bus_lcSublane": 0.8, "bus_max_v": 10.69, "bus_tau_mean": 1.45, "bus_tau_std": 1.91, "car_acc": 1.75, "car_dcc": 1.15, "car_lcCooperative": 0.19, "car_lcPushy": 0.49, "car_lcSublane": 0.41, "car_max_v": 8.13, "car_tau_mean": 2.83, "car_tau_std": 8.48}, "datetime": {"datetime": "2024-08-01 00:15:58", "elapsed": 43029.846284, "delta": 213.763913}}
{"target": 56.48037447916183, "params": {"bus_acc": 1.43, "bus_dcc": 2.51, "bus_lcCooperative": 0.48, "bus_lcPushy": 0.02, "bus_lcSublane": 0.46, "bus_max_v": 8.83, "bus_tau_mean": 1.74, "bus_tau_std": 7.61, "car_acc": 1.39, "car_dcc": 2.48, "car_lcCooperative": 0.33, "car_lcPushy": 0.53, "car_lcSublane": 0.03, "car_max_v": 12.52, "car_tau_mean": 1.65, "car_tau_std": 6.82}, "datetime": {"datetime": "2024-08-01 00:16:00", "elapsed": 43032.285753, "delta": 2.439469}}
{"target": 58.50786048806912, "params": {"bus_acc": 1.46, "bus_dcc": 1.91, "bus_lcCooperative": 0.39, "bus_lcPushy": 0.36, "bus_lcSublane": 0.81, "bus_max_v": 12.2, "bus_tau_mean": 2.56, "bus_tau_std": 3.99, "car_acc": 1.86, "car_dcc": 2.03, "car_lcCooperative": 0.19, "car_lcPushy": 1.0, "car_lcSublane": 0.41, "car_max_v": 9.03, "car_tau_mean": 2.97, "car_tau_std": 14.08}, "datetime": {"datetime": "2024-08-01 00:21:24", "elapsed": 43356.518793, "delta": 324.23304}}
{"target": 57.99773222924187, "params": {"bus_acc": 1.32, "bus_dcc": 2.66, "bus_lcCooperative": 0.25, "bus_lcPushy": 0.98, "bus_lcSublane": 0.48, "bus_max_v": 8.66, "bus_tau_mean": 1.9, "bus_tau_std": 13.72, "car_acc": 1.96, "car_dcc": 1.33, "car_lcCooperative": 0.92, "car_lcPushy": 0.53, "car_lcSublane": 0.04, "car_max_v": 9.96, "car_tau_mean": 1.77, "car_tau_std": 10.65}, "datetime": {"datetime": "2024-08-01 00:24:28", "elapsed": 43539.877793, "delta": 183.359}}
{"target": 57.451045884179074, "params": {"bus_acc": 1.29, "bus_dcc": 3.72, "bus_lcCooperative": 0.38, "bus_lcPushy": 0.59, "bus_lcSublane": 0.47, "bus_max_v": 12.35, "bus_tau_mean": 2.02, "bus_tau_std": 4.15, "car_acc": 1.64, "car_dcc": 2.22, "car_lcCooperative": 0.8, "car_lcPushy": 0.93, "car_lcSublane": 0.28, "car_max_v": 10.03, "car_tau_mean": 2.72, "car_tau_std": 12.95}, "datetime": {"datetime": "2024-08-01 00:24:38", "elapsed": 43549.684961, "delta": 9.807168}}
{"target": 57.942096438779814, "params": {"bus_acc": 1.62, "bus_dcc": 1.52, "bus_lcCooperative": 0.22, "bus_lcPushy": 0.66, "bus_lcSublane": 0.54, "bus_max_v": 13.79, "bus_tau_mean": 1.2, "bus_tau_std": 5.7, "car_acc": 1.38, "car_dcc": 3.43, "car_lcCooperative": 0.72, "car_lcPushy": 0.76, "car_lcSublane": 0.6, "car_max_v": 8.98, "car_tau_mean": 2.22, "car_tau_std": 6.64}, "datetime": {"datetime": "2024-08-01 00:30:23", "elapsed": 43894.963851, "delta": 345.27889}}
{"target": 58.519903713157184, "params": {"bus_acc": 1.35, "bus_dcc": 1.12, "bus_lcCooperative": 0.38, "bus_lcPushy": 0.04, "bus_lcSublane": 0.85, "bus_max_v": 9.9, "bus_tau_mean": 2.15, "bus_tau_std": 0.53, "car_acc": 1.4, "car_dcc": 2.29, "car_lcCooperative": 0.22, "car_lcPushy": 0.7, "car_lcSublane": 0.68, "car_max_v": 8.51, "car_tau_mean": 1.53, "car_tau_std": 9.8}, "datetime": {"datetime": "2024-08-01 00:33:56", "elapsed": 44108.302417, "delta": 213.338566}}
{"target": 56.96338091433431, "params": {"bus_acc": 1.86, "bus_dcc": 1.47, "bus_lcCooperative": 0.87, "bus_lcPushy": 0.93, "bus_lcSublane": 0.73, "bus_max_v": 14.51, "bus_tau_mean": 1.48, "bus_tau_std": 3.65, "car_acc": 1.57, "car_dcc": 1.05, "car_lcCooperative": 0.71, "car_lcPushy": 0.06, "car_lcSublane": 0.88, "car_max_v": 11.34, "car_tau_mean": 2.18, "car_tau_std": 6.68}, "datetime": {"datetime": "2024-08-01 00:37:56", "elapsed": 44348.261419, "delta": 239.959002}}
{"target": 58.17037004742686, "params": {"bus_acc": 1.59, "bus_dcc": 2.95, "bus_lcCooperative": 0.45, "bus_lcPushy": 0.65, "bus_lcSublane": 0.68, "bus_max_v": 12.52, "bus_tau_mean": 1.95, "bus_tau_std": 4.35, "car_acc": 1.4, "car_dcc": 1.91, "car_lcCooperative": 0.23, "car_lcPushy": 0.36, "car_lcSublane": 0.65, "car_max_v": 11.7, "car_tau_mean": 2.02, "car_tau_std": 13.3}, "datetime": {"datetime": "2024-08-01 00:42:57", "elapsed": 44649.125718, "delta": 300.864299}}
{"target": 58.431940340429676, "params": {"bus_acc": 1.83, "bus_dcc": 1.39, "bus_lcCooperative": 0.42, "bus_lcPushy": 0.94, "bus_lcSublane": 0.3, "bus_max_v": 11.1, "bus_tau_mean": 2.51, "bus_tau_std": 0.27, "car_acc": 1.49, "car_dcc": 1.69, "car_lcCooperative": 0.0, "car_lcPushy": 0.66, "car_lcSublane": 0.24, "car_max_v": 8.81, "car_tau_mean": 2.47, "car_tau_std": 9.57}, "datetime": {"datetime": "2024-08-01 00:47:24", "elapsed": 44916.18153, "delta": 267.055812}}
{"target": 58.28429891630417, "params": {"bus_acc": 1.48, "bus_dcc": 1.5, "bus_lcCooperative": 0.58, "bus_lcPushy": 0.61, "bus_lcSublane": 0.25, "bus_max_v": 10.18, "bus_tau_mean": 1.3, "bus_tau_std": 0.87, "car_acc": 2.05, "car_dcc": 2.03, "car_lcCooperative": 0.2, "car_lcPushy": 0.9, "car_lcSublane": 0.67, "car_max_v": 8.69, "car_tau_mean": 1.94, "car_tau_std": 10.31}, "datetime": {"datetime": "2024-08-01 00:51:56", "elapsed": 45188.218191, "delta": 272.036661}}
{"target": 55.83480167179824, "params": {"bus_acc": 1.94, "bus_dcc": 3.58, "bus_lcCooperative": 0.97, "bus_lcPushy": 0.91, "bus_lcSublane": 0.61, "bus_max_v": 13.58, "bus_tau_mean": 1.27, "bus_tau_std": 12.14, "car_acc": 2.97, "car_dcc": 2.27, "car_lcCooperative": 0.54, "car_lcPushy": 0.04, "car_lcSublane": 0.68, "car_max_v": 12.94, "car_tau_mean": 1.98, "car_tau_std": 10.48}, "datetime": {"datetime": "2024-08-01 00:54:19", "elapsed": 45330.930707, "delta": 142.712516}}
{"target": 57.926363018570605, "params": {"bus_acc": 1.16, "bus_dcc": 2.82, "bus_lcCooperative": 0.39, "bus_lcPushy": 0.92, "bus_lcSublane": 0.77, "bus_max_v": 14.4, "bus_tau_mean": 2.09, "bus_tau_std": 2.87, "car_acc": 1.76, "car_dcc": 2.19, "car_lcCooperative": 0.54, "car_lcPushy": 0.34, "car_lcSublane": 0.58, "car_max_v": 9.02, "car_tau_mean": 1.1, "car_tau_std": 12.3}, "datetime": {"datetime": "2024-08-01 01:01:06", "elapsed": 45737.895283, "delta": 406.964576}}
{"target": 57.821852845984566, "params": {"bus_acc": 1.0, "bus_dcc": 1.3, "bus_lcCooperative": 0.97, "bus_lcPushy": 0.77, "bus_lcSublane": 0.6, "bus_max_v": 13.89, "bus_tau_mean": 1.22, "bus_tau_std": 11.03, "car_acc": 2.41, "car_dcc": 3.64, "car_lcCooperative": 0.65, "car_lcPushy": 0.64, "car_lcSublane": 0.95, "car_max_v": 8.42, "car_tau_mean": 1.53, "car_tau_std": 9.47}, "datetime": {"datetime": "2024-08-01 01:03:02", "elapsed": 45853.595232, "delta": 115.699949}}
