{"target": -0.3354989066999185, "params": {"bus_acc": 1.516377328014968, "bus_dcc": 1.1117207668323545, "bus_lcAssertive": 2.589168707539145, "bus_lcCooperative": 0.15270593118117648, "bus_lcLookaheadLeft": 47.284250913778735, "bus_lcPushy": 0.7559010975378051, "bus_lcSigma": 0.7288149319451539, "bus_lcSpeedGainRight": 1.7619472124151836, "bus_lcSublane": 0.4791392787629136, "bus_sigma": 0.8140737533756652, "bus_tau_mean": 3.4344101723264266, "bus_tau_std": 3.199167004179855, "bus_v_mean": 8.068240294513714, "bus_v_std": 0.9386168645246529, "car_acc": 2.4756147552079684, "car_dcc": 1.817896843217524, "car_lcAssertive": 48.667095406478566, "car_lcCooperative": 0.1920312660311443, "car_lcLookaheadLeft": 85.01706577605505, "car_lcPushy": 0.5033776096365531, "car_lcSigma": 0.5271601757222614, "car_lcSpeedGainRight": 1.4403979404287743, "car_lcSublane": 0.5119992306639229, "car_sigma": 0.0019636453825200295, "car_tau_mean": 1.4705326412012352, "car_tau_std": 3.487629835384359, "car_v_mean": 12.543214180624576, "car_v_std": 1.7190445515483566}, "datetime": {"datetime": "2024-08-08 00:10:30", "elapsed": 449.789504, "delta": 2.327656}}
{"target": -0.3771376063173887, "params": {"bus_acc": 2.036065123188817, "bus_dcc": 2.1182464062924566, "bus_lcAssertive": 71.32510325364133, "bus_lcCooperative": 0.455643424642054, "bus_lcLookaheadLeft": 61.31086372207486, "bus_lcPushy": 0.9904061968899467, "bus_lcSigma": 0.7739162499564685, "bus_lcSpeedGainRight": 1.6713820249691314, "bus_lcSublane": 0.08899822082237796, "bus_sigma": 0.18490559027840836, "bus_tau_mean": 2.3439815656214202, "bus_tau_std": 4.17102418106858, "bus_v_mean": 20.810554530067833, "bus_v_std": 18.664046763733634, "car_acc": 1.355729495902697, "car_dcc": 3.580200312628649, "car_lcAssertive": 95.78209770634021, "car_lcCooperative": 0.9594706068497821, "car_lcLookaheadLeft": 5.710533596602189, "car_lcPushy": 0.05758350560817371, "car_lcSigma": 0.005797392917688993, "car_lcSpeedGainRight": 1.5634057807773822, "car_lcSublane": 0.05569841271210463, "car_sigma": 0.29386248547054417, "car_tau_mean": 1.746057701109153, "car_tau_std": 9.536770184739218, "car_v_mean": 15.631214759788447, "car_v_std": 5.564768848426606}, "datetime": {"datetime": "2024-08-08 00:10:31", "elapsed": 450.310349, "delta": 0.520845}}
{"target": -0.35888908548118537, "params": {"bus_acc": 2.7599965771268637, "bus_dcc": 3.711525867479116, "bus_lcAssertive": 66.60926142515096, "bus_lcCooperative": 0.2702082620297578, "bus_lcLookaheadLeft": 26.731936747449794, "bus_lcPushy": 0.8548979426974024, "bus_lcSigma": 0.5277146463087466, "bus_lcSpeedGainRight": 4.01080542002299, "bus_lcSublane": 0.5724885171916063, "bus_sigma": 0.7331425252875111, "bus_tau_mean": 2.3165406961241954, "bus_tau_std": 7.70883910501888, "bus_v_mean": 17.10172785127545, "bus_v_std": 9.314197571839617, "car_acc": 1.6853778159065635, "car_dcc": 1.2046280452501124, "car_lcAssertive": 38.414493753481885, "car_lcCooperative": 0.07962607769825236, "car_lcLookaheadLeft": 98.3160771455836, "car_lcPushy": 0.18161285133076377, "car_lcSigma": 0.8118586977205398, "car_lcSpeedGainRight": 4.374808224779491, "car_lcSublane": 0.6884132523859433, "car_sigma": 0.5694944127453757, "car_tau_mean": 1.0634000288546308, "car_tau_std": 4.668800227633064, "car_v_mean": 13.52275281848344, "car_v_std": 4.500799156281692}, "datetime": {"datetime": "2024-08-08 00:10:31", "elapsed": 450.9104, "delta": 0.600051}}
{"target": -0.41612441930225663, "params": {"bus_acc": 1.2021957791954905, "bus_dcc": 1.7345450773967874, "bus_lcAssertive": 9.281838482143119, "bus_lcCooperative": 0.7447417757596947, "bus_lcLookaheadLeft": 17.63838032679015, "bus_lcPushy": 0.8816595339350156, "bus_lcSigma": 0.4914795265388975, "bus_lcSpeedGainRight": 2.6308463133425652, "bus_lcSublane": 0.042520288791004224, "bus_sigma": 0.614053635731627, "bus_tau_mean": 1.2966517618327353, "bus_tau_std": 2.1350408934701557, "bus_v_mean": 22.325097102787065, "bus_v_std": 17.760266979939836, "car_acc": 1.010530368652639, "car_dcc": 3.496911878758306, "car_lcAssertive": 90.32758516193604, "car_lcCooperative": 0.5119476580924737, "car_lcLookaheadLeft": 66.30503416903593, "car_lcPushy": 0.7677856839334473, "car_lcSigma": 0.6854399747525683, "car_lcSpeedGainRight": 2.295582098213396, "car_lcSublane": 0.5734522319827082, "car_sigma": 0.5740594317304389, "car_tau_mean": 3.4474568200848914, "car_tau_std": 2.4044170761914385, "car_v_mean": 20.115623460251264, "car_v_std": 16.246742194366675}, "datetime": {"datetime": "2024-08-08 00:10:32", "elapsed": 451.293444, "delta": 0.383044}}
{"target": -0.3595689415831822, "params": {"bus_acc": 1.9330828597917664, "bus_dcc": 2.8698334046247997, "bus_lcAssertive": 82.14743517243357, "bus_lcCooperative": 0.4148056144153559, "bus_lcLookaheadLeft": 92.83170521184299, "bus_lcPushy": 0.597383245707438, "bus_lcSigma": 0.0018307971193968209, "bus_lcSpeedGainRight": 3.4001896280125807, "bus_lcSublane": 0.21277364503799268, "bus_sigma": 0.015255832231660937, "bus_tau_mean": 3.0751188107242284, "bus_tau_std": 5.519103823134891, "bus_v_mean": 20.537937428327396, "bus_v_std": 1.763381459054878, "car_acc": 1.7113993668048357, "car_dcc": 1.8991049162848428, "car_lcAssertive": 57.33129677407974, "car_lcCooperative": 0.5101532052376175, "car_lcLookaheadLeft": 78.64837250211872, "car_lcPushy": 0.18705790830807079, "car_lcSigma": 0.5764955065612383, "car_lcSpeedGainRight": 3.221887041733784, "car_lcSublane": 0.4598679872862814, "car_sigma": 0.5579772299699466, "car_tau_mean": 3.910141221685204, "car_tau_std": 7.516724175522118, "car_v_mean": 14.095781776013247, "car_v_std": 8.680325709369164}, "datetime": {"datetime": "2024-08-08 00:10:32", "elapsed": 451.941392, "delta": 0.647948}}
{"target": -0.33781107110960495, "params": {"bus_acc": 2.7377888891082143, "bus_dcc": 1.8502439736429124, "bus_lcAssertive": 20.56614281516753, "bus_lcCooperative": 0.3096328566269947, "bus_lcLookaheadLeft": 53.8649297007469, "bus_lcPushy": 0.4826852516650004, "bus_lcSigma": 0.6298717945275636, "bus_lcSpeedGainRight": 0.8338556480171, "bus_lcSublane": 0.37429583628418317, "bus_sigma": 0.5824876874559756, "bus_tau_mean": 3.337735678711166, "bus_tau_std": 3.684455733237365, "bus_v_mean": 21.430116404953996, "bus_v_std": 8.336183745140833, "car_acc": 2.8849761923162953, "car_dcc": 1.8890882007499403, "car_lcAssertive": 37.49165307082719, "car_lcCooperative": 0.6527300715843841, "car_lcLookaheadLeft": 59.17477178261795, "car_lcPushy": 0.35416976576484127, "car_lcSigma": 0.4843053704543141, "car_lcSpeedGainRight": 3.321606352249157, "car_lcSublane": 0.056339726051993444, "car_sigma": 0.606402372274341, "car_tau_mean": 3.1137397189789615, "car_tau_std": 7.939704655939427, "car_v_mean": 11.420547432294939, "car_v_std": 12.822100692552743}, "datetime": {"datetime": "2024-08-08 00:10:33", "elapsed": 452.518414, "delta": 0.577022}}
{"target": -0.3854985770203917, "params": {"bus_acc": 1.1676024538407577, "bus_dcc": 2.5390018420893656, "bus_lcAssertive": 1.0968030077364777, "bus_lcCooperative": 0.7081130395586114, "bus_lcLookaheadLeft": 74.42780636390297, "bus_lcPushy": 0.9733195963038493, "bus_lcSigma": 0.6631646068687582, "bus_lcSpeedGainRight": 2.4710836296511896, "bus_lcSublane": 0.07362331711648329, "bus_sigma": 0.5342950271226653, "bus_tau_mean": 0.9964063791323792, "bus_tau_std": 8.023887623876488, "bus_v_mean": 17.21838160858792, "bus_v_std": 4.25828475301246, "car_acc": 2.414110357349627, "car_dcc": 1.9990254307479742, "car_lcAssertive": 67.24072302037399, "car_lcCooperative": 0.7795510881468012, "car_lcLookaheadLeft": 10.484459632218991, "car_lcPushy": 0.5106564625707463, "car_lcSigma": 0.10367436206390568, "car_lcSpeedGainRight": 3.2473075287509094, "car_lcSublane": 0.3154978825073803, "car_sigma": 0.643501190424533, "car_tau_mean": 0.6699382372394633, "car_tau_std": 8.669963970200289, "car_v_mean": 15.650548080193058, "car_v_std": 15.871063772551047}, "datetime": {"datetime": "2024-08-08 00:10:34", "elapsed": 453.266099, "delta": 0.747685}}
{"target": -0.3277030256270214, "params": {"bus_acc": 2.9494807417101647, "bus_dcc": 2.9098132000056918, "bus_lcAssertive": 99.39738943643741, "bus_lcCooperative": 0.5460708041429516, "bus_lcLookaheadLeft": 53.589741522741086, "bus_lcPushy": 0.1354279030721699, "bus_lcSigma": 0.3557051709838811, "bus_lcSpeedGainRight": 0.13109283648186643, "bus_lcSublane": 0.1603951795196491, "bus_sigma": 0.7456371927074961, "bus_tau_mean": 0.6063989147507609, "bus_tau_std": 3.665430972437443, "bus_v_mean": 21.797540045408706, "bus_v_std": 13.853554350147085, "car_acc": 2.381884284132337, "car_dcc": 1.5659104028659327, "car_lcAssertive": 44.74852379409391, "car_lcCooperative": 0.5815774073442912, "car_lcLookaheadLeft": 98.99566735104311, "car_lcPushy": 0.20390622523312185, "car_lcSigma": 0.24773290176235485, "car_lcSpeedGainRight": 1.3108654188645597, "car_lcSublane": 0.7501724132979928, "car_sigma": 0.4569753274356928, "car_tau_mean": 0.6992530344388325, "car_tau_std": 5.085162406102396, "car_v_mean": 11.391362634298815, "car_v_std": 15.972084895204205}, "datetime": {"datetime": "2024-08-08 00:10:35", "elapsed": 454.190506, "delta": 0.924407}}
{"target": -0.3631271369308753, "params": {"bus_acc": 1.648724919452373, "bus_dcc": 3.618767129200333, "bus_lcAssertive": 84.6262511526049, "bus_lcCooperative": 0.5384405925945437, "bus_lcLookaheadLeft": 86.92761086831827, "bus_lcPushy": 0.9498059913536265, "bus_lcSigma": 0.8264069976293413, "bus_lcSpeedGainRight": 4.270577219182694, "bus_lcSublane": 0.09874340182034835, "bus_sigma": 0.651304332340991, "bus_tau_mean": 2.9623094585342855, "bus_tau_std": 6.102408126466297, "bus_v_mean": 20.79384418777645, "bus_v_std": 0.691424397432685, "car_acc": 2.54047746910996, "car_dcc": 3.195185802218581, "car_lcAssertive": 26.710140936536956, "car_lcCooperative": 0.2570692988221467, "car_lcLookaheadLeft": 63.965725108152526, "car_lcPushy": 0.34529746159108154, "car_lcSigma": 0.7965886780072875, "car_lcSpeedGainRight": 2.230731160017286, "car_lcSublane": 0.7827494147841719, "car_sigma": 0.9904717836238407, "car_tau_mean": 1.5508691883686503, "car_tau_std": 1.4300582825809938, "car_v_mean": 22.42093498158838, "car_v_std": 10.831187577747466}, "datetime": {"datetime": "2024-08-08 00:10:35", "elapsed": 454.954456, "delta": 0.76395}}
{"target": -0.31208926377762247, "params": {"bus_acc": 1.3432213884938484, "bus_dcc": 1.8845050147626223, "bus_lcAssertive": 10.279930931389577, "bus_lcCooperative": 0.3179810316787127, "bus_lcLookaheadLeft": 39.35648414716073, "bus_lcPushy": 0.6327125396187535, "bus_lcSigma": 0.47151993834858275, "bus_lcSpeedGainRight": 3.588344903885235, "bus_lcSublane": 0.26922353350171446, "bus_sigma": 0.17305671918218446, "bus_tau_mean": 1.8269291097137783, "bus_tau_std": 4.380814374278545, "bus_v_mean": 14.754025085053337, "bus_v_std": 18.2713937332305, "car_acc": 1.5391340366939086, "car_dcc": 2.0561302080854706, "car_lcAssertive": 22.305756356169372, "car_lcCooperative": 0.37192301140427286, "car_lcLookaheadLeft": 40.20582830144868, "car_lcPushy": 0.5754270571118745, "car_lcSigma": 0.278364978622443, "car_lcSpeedGainRight": 1.2974615425392404, "car_lcSublane": 0.7190613950565239, "car_sigma": 0.9101787075725445, "car_tau_mean": 0.9273388684720454, "car_tau_std": 1.8228897074998485, "car_v_mean": 10.12975431801445, "car_v_std": 13.672153656089943}, "datetime": {"datetime": "2024-08-08 00:10:39", "elapsed": 458.43831, "delta": 3.483854}}
{"target": -0.4045579567031009, "params": {"bus_acc": 1.744974813873889, "bus_dcc": 2.6752537633705904, "bus_lcAssertive": 38.72384078878505, "bus_lcCooperative": 0.4557468620624855, "bus_lcLookaheadLeft": 79.76554252353385, "bus_lcPushy": 0.10394013211011521, "bus_lcSigma": 0.9729965782271728, "bus_lcSpeedGainRight": 3.523095331055193, "bus_lcSublane": 0.8647278683763254, "bus_sigma": 0.7816800539428734, "bus_tau_mean": 2.012642997281083, "bus_tau_std": 9.425111433832146, "bus_v_mean": 12.04937947373651, "bus_v_std": 0.9249684637910471, "car_acc": 1.1937564605296065, "car_dcc": 1.6022098657662343, "car_lcAssertive": 54.36897309839671, "car_lcCooperative": 0.22360255256593708, "car_lcLookaheadLeft": 83.86144034543766, "car_lcPushy": 0.009338687242805621, "car_lcSigma": 0.7459009287946741, "car_lcSpeedGainRight": 4.845039111210176, "car_lcSublane": 0.26718321108499254, "car_sigma": 0.6238155064284149, "car_tau_mean": 3.001728722309618, "car_tau_std": 3.269574179296341, "car_v_mean": 14.930025150605402, "car_v_std": 14.688176922295764}, "datetime": {"datetime": "2024-08-08 00:10:39", "elapsed": 458.953063, "delta": 0.514753}}
{"target": -0.34950811990364095, "params": {"bus_acc": 2.4722759340804137, "bus_dcc": 2.777273175660121, "bus_lcAssertive": 16.724494427686516, "bus_lcCooperative": 0.9173117720217062, "bus_lcLookaheadLeft": 55.28514419082726, "bus_lcPushy": 0.9977626724769947, "bus_lcSigma": 0.042324338665631345, "bus_lcSpeedGainRight": 4.064732387645806, "bus_lcSublane": 0.0773806866977319, "bus_sigma": 0.9402469590356723, "bus_tau_mean": 1.7650260427958757, "bus_tau_std": 6.666122685250695, "bus_v_mean": 19.433709186085913, "bus_v_std": 14.26197674699479, "car_acc": 2.387903055944037, "car_dcc": 1.034949046341052, "car_lcAssertive": 22.827086805368978, "car_lcCooperative": 0.7972718722454357, "car_lcLookaheadLeft": 79.12308664548529, "car_lcPushy": 0.8016620581186015, "car_lcSigma": 0.00782859412378445, "car_lcSpeedGainRight": 0.20673063258441038, "car_lcSublane": 0.07382610621756747, "car_sigma": 0.8737476483459298, "car_tau_mean": 2.1710366047819747, "car_tau_std": 7.3172320801767015, "car_v_mean": 11.493068047736013, "car_v_std": 13.396600028510823}, "datetime": {"datetime": "2024-08-08 00:10:40", "elapsed": 459.459299, "delta": 0.506236}}
{"target": -0.3859723023380771, "params": {"bus_acc": 1.7263251899062597, "bus_dcc": 3.9031822273241827, "bus_lcAssertive": 69.85564596510581, "bus_lcCooperative": 0.36973977954151527, "bus_lcLookaheadLeft": 67.81936256302868, "bus_lcPushy": 0.26510969397346273, "bus_lcSigma": 0.07747756400296191, "bus_lcSpeedGainRight": 2.640335696278041, "bus_lcSublane": 0.28976912585189274, "bus_sigma": 0.48165189565416366, "bus_tau_mean": 3.6569810809226313, "bus_tau_std": 6.5174036674872395, "bus_v_mean": 19.57310617001515, "bus_v_std": 2.051730504542708, "car_acc": 1.9593161715854153, "car_dcc": 2.2130256711683725, "car_lcAssertive": 65.0388670324168, "car_lcCooperative": 0.287735134554958, "car_lcLookaheadLeft": 39.540341797321524, "car_lcPushy": 0.981016791950987, "car_lcSigma": 0.11481056778526666, "car_lcSpeedGainRight": 0.9995393153068793, "car_lcSublane": 0.23904616434577042, "car_sigma": 0.6966542004402304, "car_tau_mean": 2.997908319621755, "car_tau_std": 7.8475493657566915, "car_v_mean": 14.096709997245615, "car_v_std": 17.048065753151086}, "datetime": {"datetime": "2024-08-08 00:10:44", "elapsed": 463.782461, "delta": 4.323162}}
{"target": -0.3946074496509488, "params": {"bus_acc": 1.3196673006881867, "bus_dcc": 1.6078063756589878, "bus_lcAssertive": 43.686993760876724, "bus_lcCooperative": 0.40420190577514725, "bus_lcLookaheadLeft": 16.381645114900824, "bus_lcPushy": 0.7293189193611234, "bus_lcSigma": 0.18874506687718595, "bus_lcSpeedGainRight": 3.219478221558314, "bus_lcSublane": 0.7543059505762987, "bus_sigma": 0.21073239208332073, "bus_tau_mean": 2.60333986837674, "bus_tau_std": 7.489283752458364, "bus_v_mean": 18.211499369925335, "bus_v_std": 11.942546058932981, "car_acc": 1.5909645713109941, "car_dcc": 3.1948194137245265, "car_lcAssertive": 94.58553555999502, "car_lcCooperative": 0.42556139026154693, "car_lcLookaheadLeft": 78.65381804947772, "car_lcPushy": 0.056141039661915304, "car_lcSigma": 0.8352716024899659, "car_lcSpeedGainRight": 0.9612500841107385, "car_lcSublane": 0.3950968688899732, "car_sigma": 0.30008104592535645, "car_tau_mean": 0.7803627533211726, "car_tau_std": 9.046310029362429, "car_v_mean": 13.922466840859812, "car_v_std": 10.61394876952279}, "datetime": {"datetime": "2024-08-08 00:10:45", "elapsed": 464.607216, "delta": 0.824755}}
{"target": -0.3337239221674825, "params": {"bus_acc": 2.400012273895596, "bus_dcc": 3.8856772448255614, "bus_lcAssertive": 77.11499873718994, "bus_lcCooperative": 0.977922591143854, "bus_lcLookaheadLeft": 59.847092069978835, "bus_lcPushy": 0.6192590906865287, "bus_lcSigma": 0.6390532170869906, "bus_lcSpeedGainRight": 1.6318569347560086, "bus_lcSublane": 0.033029018061537796, "bus_sigma": 0.7881763786137156, "bus_tau_mean": 2.985657477048307, "bus_tau_std": 0.790316916668774, "bus_v_mean": 10.377309382991523, "bus_v_std": 13.726804883924897, "car_acc": 2.070074754627475, "car_dcc": 1.573643328276992, "car_lcAssertive": 6.539381737611052, "car_lcCooperative": 0.6114123003073613, "car_lcLookaheadLeft": 7.253939434121916, "car_lcPushy": 0.21357531195227275, "car_lcSigma": 0.5026626703120288, "car_lcSpeedGainRight": 0.47015554810201365, "car_lcSublane": 0.4089061107150217, "car_sigma": 0.020115798083067515, "car_tau_mean": 0.9181231103204437, "car_tau_std": 9.400625138171678, "car_v_mean": 16.941777423968766, "car_v_std": 13.729227519760702}, "datetime": {"datetime": "2024-08-08 00:10:48", "elapsed": 467.640969, "delta": 3.033753}}
{"target": -0.37030228134895105, "params": {"bus_acc": 2.6573908964358024, "bus_dcc": 3.8422586625781054, "bus_lcAssertive": 63.61334167652157, "bus_lcCooperative": 0.1347391364802225, "bus_lcLookaheadLeft": 43.1593583629708, "bus_lcPushy": 0.9361853889098445, "bus_lcSigma": 0.3205442753283897, "bus_lcSpeedGainRight": 3.0964049302389327, "bus_lcSublane": 0.935133647276181, "bus_sigma": 0.4606823360458484, "bus_tau_mean": 2.251396689408955, "bus_tau_std": 9.186937097536678, "bus_v_mean": 22.877177136154806, "bus_v_std": 18.089737467791437, "car_acc": 2.027269061355688, "car_dcc": 2.919433751785611, "car_lcAssertive": 59.31161141193701, "car_lcCooperative": 0.15849481992782133, "car_lcLookaheadLeft": 63.098002429383975, "car_lcPushy": 0.31914432287823047, "car_lcSigma": 0.1307355006001497, "car_lcSpeedGainRight": 1.0750150228452209, "car_lcSublane": 0.3136602971825204, "car_sigma": 0.9514518007767209, "car_tau_mean": 3.9676850659444196, "car_tau_std": 8.668863637915473, "car_v_mean": 15.38977566411921, "car_v_std": 9.312345051564359}, "datetime": {"datetime": "2024-08-08 00:10:49", "elapsed": 468.244045, "delta": 0.603076}}
{"target": -0.3753608187903874, "params": {"bus_acc": 2.7636669615035934, "bus_dcc": 3.621008108070815, "bus_lcAssertive": 98.76437196173971, "bus_lcCooperative": 0.7158319690725937, "bus_lcLookaheadLeft": 87.93460258124786, "bus_lcPushy": 0.3196501118620526, "bus_lcSigma": 0.11117695191980603, "bus_lcSpeedGainRight": 4.326820528911899, "bus_lcSublane": 0.30347259796152504, "bus_sigma": 0.4193322981668862, "bus_tau_mean": 2.7611058997505045, "bus_tau_std": 6.050991341555126, "bus_v_mean": 14.734769352238079, "bus_v_std": 7.723010237411872, "car_acc": 1.2453620837180126, "car_dcc": 2.60158565291025, "car_lcAssertive": 24.052555627155602, "car_lcCooperative": 0.7548078511004613, "car_lcLookaheadLeft": 68.13731724812101, "car_lcPushy": 0.07192696480921446, "car_lcSigma": 0.9892646847358003, "car_lcSpeedGainRight": 3.902284677871706, "car_lcSublane": 0.22782588689059757, "car_sigma": 0.030742818349697054, "car_tau_mean": 2.174301408750945, "car_tau_std": 3.5274243750107406, "car_v_mean": 16.744183989827647, "car_v_std": 13.193279108498421}, "datetime": {"datetime": "2024-08-08 00:10:49", "elapsed": 469.063403, "delta": 0.819358}}
{"target": -0.36607862914705147, "params": {"bus_acc": 1.3091511166997278, "bus_dcc": 3.2265175937664345, "bus_lcAssertive": 36.649176114997736, "bus_lcCooperative": 0.6046740203819879, "bus_lcLookaheadLeft": 2.636311313087952, "bus_lcPushy": 0.5905153664209507, "bus_lcSigma": 0.7334260110546541, "bus_lcSpeedGainRight": 1.7283716884538158, "bus_lcSublane": 0.7593298235379096, "bus_sigma": 0.42697012115466537, "bus_tau_mean": 1.9812002038471968, "bus_tau_std": 2.993526375962332, "bus_v_mean": 19.856942701250365, "bus_v_std": 18.34169727754157, "car_acc": 1.8862024775763988, "car_dcc": 3.9609539466944814, "car_lcAssertive": 80.14928593431807, "car_lcCooperative": 0.3112352492736875, "car_lcLookaheadLeft": 24.844319222044746, "car_lcPushy": 0.3589360040376469, "car_lcSigma": 0.4046692860273702, "car_lcSpeedGainRight": 2.4794914521918483, "car_lcSublane": 0.7015337423351009, "car_sigma": 0.8409983347570872, "car_tau_mean": 0.7067590761107718, "car_tau_std": 4.53072012007164, "car_v_mean": 14.840894238868843, "car_v_std": 8.480648290011212}, "datetime": {"datetime": "2024-08-08 00:10:50", "elapsed": 469.82867, "delta": 0.765267}}
{"target": -0.33563977298679093, "params": {"bus_acc": 2.5703305259046134, "bus_dcc": 3.2941785905362524, "bus_lcAssertive": 67.86930405212397, "bus_lcCooperative": 0.7955027102986651, "bus_lcLookaheadLeft": 5.9217429959190815, "bus_lcPushy": 0.264681631716854, "bus_lcSigma": 0.6953975359715524, "bus_lcSpeedGainRight": 4.334941648038719, "bus_lcSublane": 0.6746068718168242, "bus_sigma": 0.17627612798343162, "bus_tau_mean": 3.7770796098099257, "bus_tau_std": 9.033787001108529, "bus_v_mean": 9.386860258241702, "bus_v_std": 3.86000075148506, "car_acc": 1.5503860612210534, "car_dcc": 3.2152356118138203, "car_lcAssertive": 86.07795950178485, "car_lcCooperative": 0.5783223874515512, "car_lcLookaheadLeft": 21.565265923862896, "car_lcPushy": 0.41508988762136245, "car_lcSigma": 0.13785920026410714, "car_lcSpeedGainRight": 4.5869809342921215, "car_lcSublane": 0.7645309404104735, "car_sigma": 0.5102138338060775, "car_tau_mean": 2.087512651097933, "car_tau_std": 0.978420783455699, "car_v_mean": 13.098805700805237, "car_v_std": 2.412655907147929}, "datetime": {"datetime": "2024-08-08 00:10:54", "elapsed": 473.689345, "delta": 3.860675}}
