{"target": -0.3054251852744537, "params": {"bus_acc": 1.1108, "bus_dcc": 1.5688, "bus_lcAssertive": 91.6086, "bus_lcCooperative": 0.0593, "bus_lcLookaheadLeft": 62.2774, "bus_lcPushy": 0.8527, "bus_lcSigma": 0.2281, "bus_lcSpeedGainRight": 0.4642, "bus_lcSublane": 0.1085, "bus_sigma": 0.3397, "bus_tau_mean": 3.343, "bus_tau_std": 4.6585, "bus_v_mean": 11.4825, "bus_v_std": 5.5358, "car_acc": 1.9926, "car_dcc": 2.4224, "car_lcAssertive": 37.2219, "car_lcCooperative": 0.619, "car_lcLookaheadLeft": 47.4086, "car_lcPushy": 0.4117, "car_lcSigma": 0.0155, "car_lcSpeedGainRight": 1.1179, "car_lcSublane": 0.2357, "car_sigma": 0.6254, "car_tau_mean": 1.8397, "car_tau_std": 6.6207, "car_v_mean": 13.452, "car_v_std": 9.9501}, "datetime": {"datetime": "2024-08-08 11:16:04", "elapsed": 4844.579622, "delta": 4.007049}}
{"target": -0.3624430896243503, "params": {"bus_acc": 2.4657, "bus_dcc": 3.5411, "bus_lcAssertive": 97.2302, "bus_lcCooperative": 0.366, "bus_lcLookaheadLeft": 66.8219, "bus_lcPushy": 0.3322, "bus_lcSigma": 0.4151, "bus_lcSpeedGainRight": 1.7583, "bus_lcSublane": 0.5178, "bus_sigma": 0.9028, "bus_tau_mean": 1.4467, "bus_tau_std": 2.301, "bus_v_mean": 22.7148, "bus_v_std": 4.927, "car_acc": 1.5709, "car_dcc": 1.4979, "car_lcAssertive": 21.0785, "car_lcCooperative": 0.0134, "car_lcLookaheadLeft": 33.6739, "car_lcPushy": 0.9848, "car_lcSigma": 0.7329, "car_lcSpeedGainRight": 4.3636, "car_lcSublane": 0.8166, "car_sigma": 0.2236, "car_tau_mean": 3.3712, "car_tau_std": 2.1984, "car_v_mean": 17.846, "car_v_std": 15.0147}, "datetime": {"datetime": "2024-08-08 11:16:07", "elapsed": 4847.388829, "delta": 2.809207}}
{"target": -0.32763944983812915, "params": {"bus_acc": 1.404, "bus_dcc": 1.6046, "bus_lcAssertive": 22.8347, "bus_lcCooperative": 0.4141, "bus_lcLookaheadLeft": 94.4025, "bus_lcPushy": 0.0055, "bus_lcSigma": 0.3893, "bus_lcSpeedGainRight": 4.9328, "bus_lcSublane": 0.4286, "bus_sigma": 0.5981, "bus_tau_mean": 3.8462, "bus_tau_std": 0.4922, "bus_v_mean": 14.9469, "bus_v_std": 19.5772, "car_acc": 2.5088, "car_dcc": 3.4028, "car_lcAssertive": 76.4383, "car_lcCooperative": 0.7246, "car_lcLookaheadLeft": 90.5754, "car_lcPushy": 0.1761, "car_lcSigma": 0.0035, "car_lcSpeedGainRight": 0.0267, "car_lcSublane": 0.2619, "car_sigma": 0.5852, "car_tau_mean": 2.9458, "car_tau_std": 8.4493, "car_v_mean": 20.7268, "car_v_std": 13.37}, "datetime": {"datetime": "2024-08-08 11:16:12", "elapsed": 4852.974119, "delta": 5.58529}}
{"target": -0.34943295060811574, "params": {"bus_acc": 2.2257, "bus_dcc": 1.9441, "bus_lcAssertive": 97.4228, "bus_lcCooperative": 0.0949, "bus_lcLookaheadLeft": 17.6273, "bus_lcPushy": 0.5358, "bus_lcSigma": 0.6921, "bus_lcSpeedGainRight": 2.2119, "bus_lcSublane": 0.6642, "bus_sigma": 0.707, "bus_tau_mean": 3.2098, "bus_tau_std": 0.8094, "bus_v_mean": 9.278, "bus_v_std": 18.6455, "car_acc": 1.3897, "car_dcc": 3.9756, "car_lcAssertive": 28.9645, "car_lcCooperative": 0.6919, "car_lcLookaheadLeft": 63.1461, "car_lcPushy": 0.5741, "car_lcSigma": 0.8909, "car_lcSpeedGainRight": 4.6169, "car_lcSublane": 0.8036, "car_sigma": 0.5561, "car_tau_mean": 0.5723, "car_tau_std": 5.1698, "car_v_mean": 13.7164, "car_v_std": 1.5688}, "datetime": {"datetime": "2024-08-08 11:16:16", "elapsed": 4856.68112, "delta": 3.707001}}
{"target": -0.44464988880922934, "params": {"bus_acc": 1.6099, "bus_dcc": 1.0785, "bus_lcAssertive": 79.4566, "bus_lcCooperative": 0.6196, "bus_lcLookaheadLeft": 47.6556, "bus_lcPushy": 0.9588, "bus_lcSigma": 0.9341, "bus_lcSpeedGainRight": 0.4519, "bus_lcSublane": 0.8319, "bus_sigma": 0.8911, "bus_tau_mean": 3.4222, "bus_tau_std": 6.0673, "bus_v_mean": 17.3934, "bus_v_std": 17.5766, "car_acc": 1.0417, "car_dcc": 1.91, "car_lcAssertive": 98.3332, "car_lcCooperative": 0.8487, "car_lcLookaheadLeft": 81.6411, "car_lcPushy": 0.3209, "car_lcSigma": 0.3071, "car_lcSpeedGainRight": 4.5616, "car_lcSublane": 0.1081, "car_sigma": 0.0331, "car_tau_mean": 2.2905, "car_tau_std": 4.3073, "car_v_mean": 10.1536, "car_v_std": 15.0724}, "datetime": {"datetime": "2024-08-08 11:16:23", "elapsed": 4863.333627, "delta": 6.652507}}
{"target": -0.3866272052419012, "params": {"bus_acc": 2.4587, "bus_dcc": 1.9196, "bus_lcAssertive": 93.4069, "bus_lcCooperative": 0.3263, "bus_lcLookaheadLeft": 52.7127, "bus_lcPushy": 0.5399, "bus_lcSigma": 0.7238, "bus_lcSpeedGainRight": 2.8809, "bus_lcSublane": 0.5143, "bus_sigma": 0.9733, "bus_tau_mean": 3.7341, "bus_tau_std": 1.9444, "bus_v_mean": 17.4556, "bus_v_std": 6.2949, "car_acc": 2.4845, "car_dcc": 1.7163, "car_lcAssertive": 18.5821, "car_lcCooperative": 0.4049, "car_lcLookaheadLeft": 52.7153, "car_lcPushy": 0.0062, "car_lcSigma": 0.0811, "car_lcSpeedGainRight": 0.0735, "car_lcSublane": 0.7386, "car_sigma": 0.7746, "car_tau_mean": 1.5148, "car_tau_std": 5.5202, "car_v_mean": 8.5645, "car_v_std": 4.5901}, "datetime": {"datetime": "2024-08-08 11:16:36", "elapsed": 4876.213261, "delta": 12.879634}}
{"target": -0.3212475408797139, "params": {"bus_acc": 1.4658, "bus_dcc": 3.7687, "bus_lcAssertive": 32.7862, "bus_lcCooperative": 0.6797, "bus_lcLookaheadLeft": 70.299, "bus_lcPushy": 0.2595, "bus_lcSigma": 0.804, "bus_lcSpeedGainRight": 1.4601, "bus_lcSublane": 0.2656, "bus_sigma": 0.7609, "bus_tau_mean": 0.5258, "bus_tau_std": 4.6257, "bus_v_mean": 9.4346, "bus_v_std": 10.7667, "car_acc": 2.5582, "car_dcc": 1.859, "car_lcAssertive": 11.6931, "car_lcCooperative": 0.1669, "car_lcLookaheadLeft": 46.1996, "car_lcPushy": 0.8931, "car_lcSigma": 0.0414, "car_lcSpeedGainRight": 4.9796, "car_lcSublane": 0.4286, "car_sigma": 0.6504, "car_tau_mean": 1.0543, "car_tau_std": 1.3689, "car_v_mean": 21.1352, "car_v_std": 12.6274}, "datetime": {"datetime": "2024-08-08 11:16:46", "elapsed": 4886.722313, "delta": 10.509052}}
{"target": -0.48361264049112807, "params": {"bus_acc": 2.8961, "bus_dcc": 1.821, "bus_lcAssertive": 85.5741, "bus_lcCooperative": 0.9257, "bus_lcLookaheadLeft": 25.5149, "bus_lcPushy": 0.233, "bus_lcSigma": 0.6623, "bus_lcSpeedGainRight": 2.7523, "bus_lcSublane": 0.3056, "bus_sigma": 0.108, "bus_tau_mean": 2.9778, "bus_tau_std": 6.7822, "bus_v_mean": 15.3165, "bus_v_std": 5.5615, "car_acc": 1.9036, "car_dcc": 2.0771, "car_lcAssertive": 49.0984, "car_lcCooperative": 0.481, "car_lcLookaheadLeft": 25.7569, "car_lcPushy": 0.2595, "car_lcSigma": 0.5642, "car_lcSpeedGainRight": 0.4685, "car_lcSublane": 0.9699, "car_sigma": 0.1795, "car_tau_mean": 3.5934, "car_tau_std": 4.5878, "car_v_mean": 18.2786, "car_v_std": 0.8338}, "datetime": {"datetime": "2024-08-08 11:16:54", "elapsed": 4894.737, "delta": 8.014687}}
{"target": -0.3674046121058452, "params": {"bus_acc": 1.806, "bus_dcc": 2.3811, "bus_lcAssertive": 13.3742, "bus_lcCooperative": 0.3051, "bus_lcLookaheadLeft": 98.2603, "bus_lcPushy": 0.6181, "bus_lcSigma": 0.9638, "bus_lcSpeedGainRight": 0.5236, "bus_lcSublane": 0.6327, "bus_sigma": 0.9945, "bus_tau_mean": 2.8165, "bus_tau_std": 9.9899, "bus_v_mean": 8.8891, "bus_v_std": 19.7707, "car_acc": 2.0433, "car_dcc": 2.5961, "car_lcAssertive": 99.3694, "car_lcCooperative": 0.2767, "car_lcLookaheadLeft": 56.9893, "car_lcPushy": 0.3243, "car_lcSigma": 0.1411, "car_lcSpeedGainRight": 1.7246, "car_lcSublane": 0.0616, "car_sigma": 0.8804, "car_tau_mean": 3.7635, "car_tau_std": 7.0693, "car_v_mean": 22.5314, "car_v_std": 7.7559}, "datetime": {"datetime": "2024-08-08 11:17:06", "elapsed": 4906.318815, "delta": 11.581815}}
{"target": -0.42056695831605284, "params": {"bus_acc": 2.4567, "bus_dcc": 1.245, "bus_lcAssertive": 79.6474, "bus_lcCooperative": 0.3431, "bus_lcLookaheadLeft": 46.7771, "bus_lcPushy": 0.6789, "bus_lcSigma": 0.2968, "bus_lcSpeedGainRight": 1.6034, "bus_lcSublane": 0.8561, "bus_sigma": 0.9447, "bus_tau_mean": 1.5195, "bus_tau_std": 3.9306, "bus_v_mean": 20.6317, "bus_v_std": 7.1134, "car_acc": 1.4136, "car_dcc": 3.911, "car_lcAssertive": 43.5487, "car_lcCooperative": 0.047, "car_lcLookaheadLeft": 75.2691, "car_lcPushy": 0.3247, "car_lcSigma": 0.5384, "car_lcSpeedGainRight": 2.9933, "car_lcSublane": 0.2879, "car_sigma": 0.4239, "car_tau_mean": 2.3043, "car_tau_std": 8.524, "car_v_mean": 17.2902, "car_v_std": 19.3319}, "datetime": {"datetime": "2024-08-08 11:17:13", "elapsed": 4913.190481, "delta": 6.871666}}
{"target": -0.3201880529532844, "params": {"bus_acc": 1.4054, "bus_dcc": 2.9002, "bus_lcAssertive": 43.1283, "bus_lcCooperative": 0.5812, "bus_lcLookaheadLeft": 8.7068, "bus_lcPushy": 0.0287, "bus_lcSigma": 0.2494, "bus_lcSpeedGainRight": 0.3824, "bus_lcSublane": 0.4235, "bus_sigma": 0.5104, "bus_tau_mean": 2.9991, "bus_tau_std": 9.4431, "bus_v_mean": 12.3842, "bus_v_std": 13.6885, "car_acc": 1.7774, "car_dcc": 3.7464, "car_lcAssertive": 68.1066, "car_lcCooperative": 0.522, "car_lcLookaheadLeft": 41.1875, "car_lcPushy": 0.393, "car_lcSigma": 0.9449, "car_lcSpeedGainRight": 0.2633, "car_lcSublane": 0.3512, "car_sigma": 0.1516, "car_tau_mean": 2.137, "car_tau_std": 1.8043, "car_v_mean": 12.6999, "car_v_std": 6.6264}, "datetime": {"datetime": "2024-08-08 11:17:20", "elapsed": 4920.013093, "delta": 6.822612}}
{"target": -0.35379421696885077, "params": {"bus_acc": 2.9099, "bus_dcc": 3.4243, "bus_lcAssertive": 47.2111, "bus_lcCooperative": 0.5071, "bus_lcLookaheadLeft": 79.1481, "bus_lcPushy": 0.1007, "bus_lcSigma": 0.2069, "bus_lcSpeedGainRight": 2.3267, "bus_lcSublane": 0.1672, "bus_sigma": 0.0873, "bus_tau_mean": 0.6517, "bus_tau_std": 1.9269, "bus_v_mean": 21.6635, "bus_v_std": 7.5899, "car_acc": 2.6426, "car_dcc": 2.7628, "car_lcAssertive": 68.0556, "car_lcCooperative": 0.8233, "car_lcLookaheadLeft": 55.0756, "car_lcPushy": 0.7244, "car_lcSigma": 0.696, "car_lcSpeedGainRight": 0.8831, "car_lcSublane": 0.1518, "car_sigma": 0.3043, "car_tau_mean": 2.3392, "car_tau_std": 9.0662, "car_v_mean": 18.9448, "car_v_std": 11.6734}, "datetime": {"datetime": "2024-08-08 11:17:26", "elapsed": 4926.269458, "delta": 6.256365}}
{"target": -0.34810711289393576, "params": {"bus_acc": 2.7887, "bus_dcc": 2.5743, "bus_lcAssertive": 83.319, "bus_lcCooperative": 0.8717, "bus_lcLookaheadLeft": 68.0239, "bus_lcPushy": 0.2962, "bus_lcSigma": 0.6426, "bus_lcSpeedGainRight": 2.2837, "bus_lcSublane": 0.7266, "bus_sigma": 0.8904, "bus_tau_mean": 1.8906, "bus_tau_std": 0.4293, "bus_v_mean": 20.4666, "bus_v_std": 1.1784, "car_acc": 1.752, "car_dcc": 3.2392, "car_lcAssertive": 7.3267, "car_lcCooperative": 0.7881, "car_lcLookaheadLeft": 21.346, "car_lcPushy": 0.6165, "car_lcSigma": 0.7193, "car_lcSpeedGainRight": 3.7596, "car_lcSublane": 0.9687, "car_sigma": 0.2481, "car_tau_mean": 2.6454, "car_tau_std": 4.535, "car_v_mean": 14.0845, "car_v_std": 3.1192}, "datetime": {"datetime": "2024-08-08 11:17:31", "elapsed": 4931.95181, "delta": 5.682352}}
{"target": -0.3434652917721268, "params": {"bus_acc": 2.1454, "bus_dcc": 2.4161, "bus_lcAssertive": 72.2024, "bus_lcCooperative": 0.942, "bus_lcLookaheadLeft": 96.0737, "bus_lcPushy": 0.201, "bus_lcSigma": 0.6538, "bus_lcSpeedGainRight": 3.6624, "bus_lcSublane": 0.7866, "bus_sigma": 0.6799, "bus_tau_mean": 1.7253, "bus_tau_std": 9.7038, "bus_v_mean": 12.7016, "bus_v_std": 10.2458, "car_acc": 2.7754, "car_dcc": 3.0466, "car_lcAssertive": 8.1825, "car_lcCooperative": 0.3378, "car_lcLookaheadLeft": 35.9132, "car_lcPushy": 0.1474, "car_lcSigma": 0.3681, "car_lcSpeedGainRight": 3.2805, "car_lcSublane": 0.1014, "car_sigma": 0.5456, "car_tau_mean": 2.2952, "car_tau_std": 2.2381, "car_v_mean": 22.2269, "car_v_std": 18.4003}, "datetime": {"datetime": "2024-08-08 11:17:39", "elapsed": 4939.67764, "delta": 7.72583}}
{"target": -0.3355080501306563, "params": {"bus_acc": 1.2808, "bus_dcc": 2.2458, "bus_lcAssertive": 82.4783, "bus_lcCooperative": 0.2765, "bus_lcLookaheadLeft": 26.3216, "bus_lcPushy": 0.6555, "bus_lcSigma": 0.7481, "bus_lcSpeedGainRight": 0.8563, "bus_lcSublane": 0.2011, "bus_sigma": 0.6908, "bus_tau_mean": 3.6993, "bus_tau_std": 2.7921, "bus_v_mean": 10.4642, "bus_v_std": 2.004, "car_acc": 2.9535, "car_dcc": 1.6925, "car_lcAssertive": 14.9798, "car_lcCooperative": 0.827, "car_lcLookaheadLeft": 45.1477, "car_lcPushy": 0.4427, "car_lcSigma": 0.8637, "car_lcSpeedGainRight": 0.8821, "car_lcSublane": 0.153, "car_sigma": 0.3716, "car_tau_mean": 1.1057, "car_tau_std": 5.6123, "car_v_mean": 13.9575, "car_v_std": 15.278}, "datetime": {"datetime": "2024-08-08 11:17:43", "elapsed": 4943.383389, "delta": 3.705749}}
{"target": -0.3373340959219079, "params": {"bus_acc": 1.139, "bus_dcc": 1.1561, "bus_lcAssertive": 50.3133, "bus_lcCooperative": 0.8539, "bus_lcLookaheadLeft": 94.928, "bus_lcPushy": 0.0175, "bus_lcSigma": 0.6463, "bus_lcSpeedGainRight": 4.5302, "bus_lcSublane": 0.8682, "bus_sigma": 0.9448, "bus_tau_mean": 1.1015, "bus_tau_std": 5.7771, "bus_v_mean": 23.4846, "bus_v_std": 17.1169, "car_acc": 1.452, "car_dcc": 3.254, "car_lcAssertive": 14.9755, "car_lcCooperative": 0.0393, "car_lcLookaheadLeft": 85.8879, "car_lcPushy": 0.8636, "car_lcSigma": 0.4449, "car_lcSpeedGainRight": 2.8106, "car_lcSublane": 0.6623, "car_sigma": 0.9036, "car_tau_mean": 3.1769, "car_tau_std": 9.0785, "car_v_mean": 19.7161, "car_v_std": 7.9736}, "datetime": {"datetime": "2024-08-08 11:17:49", "elapsed": 4949.188679, "delta": 5.80529}}
{"target": -0.36866708276839133, "params": {"bus_acc": 2.0414, "bus_dcc": 2.8269, "bus_lcAssertive": 68.1186, "bus_lcCooperative": 0.8084, "bus_lcLookaheadLeft": 93.0429, "bus_lcPushy": 0.513, "bus_lcSigma": 0.1225, "bus_lcSpeedGainRight": 4.6085, "bus_lcSublane": 0.0865, "bus_sigma": 0.7381, "bus_tau_mean": 2.9499, "bus_tau_std": 1.6389, "bus_v_mean": 18.6331, "bus_v_std": 15.3304, "car_acc": 2.0078, "car_dcc": 3.2166, "car_lcAssertive": 10.1932, "car_lcCooperative": 0.2439, "car_lcLookaheadLeft": 96.7019, "car_lcPushy": 0.5045, "car_lcSigma": 0.8465, "car_lcSpeedGainRight": 4.0044, "car_lcSublane": 0.6079, "car_sigma": 0.6165, "car_tau_mean": 1.8257, "car_tau_std": 6.6414, "car_v_mean": 23.5778, "car_v_std": 9.1825}, "datetime": {"datetime": "2024-08-08 11:17:53", "elapsed": 4953.518284, "delta": 4.329605}}
{"target": -0.36008905366313715, "params": {"bus_acc": 1.4767, "bus_dcc": 3.9597, "bus_lcAssertive": 80.2085, "bus_lcCooperative": 0.0445, "bus_lcLookaheadLeft": 63.1838, "bus_lcPushy": 0.3245, "bus_lcSigma": 0.7044, "bus_lcSpeedGainRight": 1.5038, "bus_lcSublane": 0.2391, "bus_sigma": 0.8251, "bus_tau_mean": 1.6635, "bus_tau_std": 8.9146, "bus_v_mean": 23.1631, "bus_v_std": 19.7279, "car_acc": 2.9125, "car_dcc": 2.6204, "car_lcAssertive": 62.0793, "car_lcCooperative": 0.5966, "car_lcLookaheadLeft": 68.8211, "car_lcPushy": 0.9233, "car_lcSigma": 0.7451, "car_lcSpeedGainRight": 2.1188, "car_lcSublane": 0.2943, "car_sigma": 0.3891, "car_tau_mean": 2.7162, "car_tau_std": 9.6089, "car_v_mean": 20.5792, "car_v_std": 8.1034}, "datetime": {"datetime": "2024-08-08 11:17:56", "elapsed": 4956.873871, "delta": 3.355587}}
{"target": -0.3560476252105601, "params": {"bus_acc": 2.9355, "bus_dcc": 1.6903, "bus_lcAssertive": 13.1297, "bus_lcCooperative": 0.2901, "bus_lcLookaheadLeft": 14.919, "bus_lcPushy": 0.3278, "bus_lcSigma": 0.5655, "bus_lcSpeedGainRight": 1.6901, "bus_lcSublane": 0.133, "bus_sigma": 0.0469, "bus_tau_mean": 2.7777, "bus_tau_std": 8.4941, "bus_v_mean": 18.1058, "bus_v_std": 6.6087, "car_acc": 2.3202, "car_dcc": 3.9359, "car_lcAssertive": 39.9644, "car_lcCooperative": 0.7049, "car_lcLookaheadLeft": 75.0763, "car_lcPushy": 0.6339, "car_lcSigma": 0.5913, "car_lcSpeedGainRight": 0.9405, "car_lcSublane": 0.5345, "car_sigma": 0.0032, "car_tau_mean": 1.2785, "car_tau_std": 3.2532, "car_v_mean": 14.7515, "car_v_std": 7.5035}, "datetime": {"datetime": "2024-08-08 11:18:01", "elapsed": 4961.825254, "delta": 4.951383}}
{"target": -0.3713845371266008, "params": {"bus_acc": 1.2944, "bus_dcc": 2.7364, "bus_lcAssertive": 54.3415, "bus_lcCooperative": 0.7825, "bus_lcLookaheadLeft": 49.6152, "bus_lcPushy": 0.872, "bus_lcSigma": 0.001, "bus_lcSpeedGainRight": 2.1778, "bus_lcSublane": 0.1594, "bus_sigma": 0.7395, "bus_tau_mean": 2.1254, "bus_tau_std": 9.9834, "bus_v_mean": 16.9955, "bus_v_std": 18.8598, "car_acc": 1.6399, "car_dcc": 3.7662, "car_lcAssertive": 11.9958, "car_lcCooperative": 0.0538, "car_lcLookaheadLeft": 91.6497, "car_lcPushy": 0.1476, "car_lcSigma": 0.5198, "car_lcSpeedGainRight": 3.6064, "car_lcSublane": 0.1752, "car_sigma": 0.9755, "car_tau_mean": 2.3206, "car_tau_std": 7.9012, "car_v_mean": 17.4997, "car_v_std": 0.3871}, "datetime": {"datetime": "2024-08-08 11:18:12", "elapsed": 4972.880126, "delta": 11.054872}}
{"target": -0.2933354532007212, "params": {"bus_acc": 2.0143, "bus_dcc": 1.9532, "bus_lcAssertive": 74.0924, "bus_lcCooperative": 0.433, "bus_lcLookaheadLeft": 62.271, "bus_lcPushy": 0.881, "bus_lcSigma": 0.881, "bus_lcSpeedGainRight": 1.7403, "bus_lcSublane": 0.2811, "bus_sigma": 0.9123, "bus_tau_mean": 2.8158, "bus_tau_std": 3.7437, "bus_v_mean": 19.3542, "bus_v_std": 16.8443, "car_acc": 2.4301, "car_dcc": 2.8624, "car_lcAssertive": 14.4135, "car_lcCooperative": 0.3618, "car_lcLookaheadLeft": 83.2461, "car_lcPushy": 0.2457, "car_lcSigma": 0.1825, "car_lcSpeedGainRight": 0.2783, "car_lcSublane": 0.4408, "car_sigma": 0.7173, "car_tau_mean": 2.6282, "car_tau_std": 3.9901, "car_v_mean": 9.6502, "car_v_std": 7.6735}, "datetime": {"datetime": "2024-08-08 11:18:16", "elapsed": 4976.906991, "delta": 4.026865}}
{"target": -0.35906467632761124, "params": {"bus_acc": 2.2686, "bus_dcc": 1.4224, "bus_lcAssertive": 79.2511, "bus_lcCooperative": 0.7069, "bus_lcLookaheadLeft": 89.6239, "bus_lcPushy": 0.2122, "bus_lcSigma": 0.8051, "bus_lcSpeedGainRight": 4.1405, "bus_lcSublane": 0.212, "bus_sigma": 0.8801, "bus_tau_mean": 2.7868, "bus_tau_std": 1.3238, "bus_v_mean": 11.4209, "bus_v_std": 19.3882, "car_acc": 1.3304, "car_dcc": 3.1837, "car_lcAssertive": 29.871, "car_lcCooperative": 0.8121, "car_lcLookaheadLeft": 77.4549, "car_lcPushy": 0.7537, "car_lcSigma": 0.9306, "car_lcSpeedGainRight": 1.5475, "car_lcSublane": 0.4593, "car_sigma": 0.0721, "car_tau_mean": 0.6867, "car_tau_std": 7.2144, "car_v_mean": 19.8407, "car_v_std": 3.1396}, "datetime": {"datetime": "2024-08-08 11:18:24", "elapsed": 4984.019538, "delta": 7.112547}}
{"target": -0.3768436726612956, "params": {"bus_acc": 1.5498, "bus_dcc": 1.1269, "bus_lcAssertive": 33.7056, "bus_lcCooperative": 0.1869, "bus_lcLookaheadLeft": 26.714, "bus_lcPushy": 0.5529, "bus_lcSigma": 0.8335, "bus_lcSpeedGainRight": 3.1086, "bus_lcSublane": 0.3168, "bus_sigma": 0.7965, "bus_tau_mean": 3.8746, "bus_tau_std": 3.8209, "bus_v_mean": 19.6141, "bus_v_std": 15.3301, "car_acc": 2.0503, "car_dcc": 1.8098, "car_lcAssertive": 39.047, "car_lcCooperative": 0.5343, "car_lcLookaheadLeft": 90.3271, "car_lcPushy": 0.7697, "car_lcSigma": 0.9953, "car_lcSpeedGainRight": 0.2203, "car_lcSublane": 0.9394, "car_sigma": 0.4513, "car_tau_mean": 3.3394, "car_tau_std": 2.0592, "car_v_mean": 11.2658, "car_v_std": 4.4825}, "datetime": {"datetime": "2024-08-08 11:18:29", "elapsed": 4989.488519, "delta": 5.468981}}
{"target": -0.3593022315542801, "params": {"bus_acc": 1.3011, "bus_dcc": 2.9762, "bus_lcAssertive": 82.0582, "bus_lcCooperative": 0.0264, "bus_lcLookaheadLeft": 82.4972, "bus_lcPushy": 0.1379, "bus_lcSigma": 0.8869, "bus_lcSpeedGainRight": 2.8228, "bus_lcSublane": 0.4779, "bus_sigma": 0.8569, "bus_tau_mean": 3.1644, "bus_tau_std": 5.1057, "bus_v_mean": 23.2799, "bus_v_std": 11.3689, "car_acc": 2.5434, "car_dcc": 3.5106, "car_lcAssertive": 53.824, "car_lcCooperative": 0.2441, "car_lcLookaheadLeft": 87.4784, "car_lcPushy": 0.5889, "car_lcSigma": 0.106, "car_lcSpeedGainRight": 4.3836, "car_lcSublane": 0.7572, "car_sigma": 0.6825, "car_tau_mean": 3.811, "car_tau_std": 8.464, "car_v_mean": 10.6261, "car_v_std": 17.5703}, "datetime": {"datetime": "2024-08-08 11:18:34", "elapsed": 4994.478767, "delta": 4.990248}}
{"target": -0.3442174043254701, "params": {"bus_acc": 1.9504, "bus_dcc": 2.7815, "bus_lcAssertive": 84.217, "bus_lcCooperative": 0.2616, "bus_lcLookaheadLeft": 59.0632, "bus_lcPushy": 0.4243, "bus_lcSigma": 0.6839, "bus_lcSpeedGainRight": 4.8722, "bus_lcSublane": 0.4088, "bus_sigma": 0.4175, "bus_tau_mean": 3.1413, "bus_tau_std": 0.9128, "bus_v_mean": 8.5575, "bus_v_std": 3.741, "car_acc": 1.1588, "car_dcc": 3.1248, "car_lcAssertive": 76.8076, "car_lcCooperative": 0.8529, "car_lcLookaheadLeft": 56.1228, "car_lcPushy": 0.1529, "car_lcSigma": 0.6976, "car_lcSpeedGainRight": 0.092, "car_lcSublane": 0.2439, "car_sigma": 0.982, "car_tau_mean": 3.092, "car_tau_std": 0.7327, "car_v_mean": 12.2739, "car_v_std": 1.9735}, "datetime": {"datetime": "2024-08-08 11:18:37", "elapsed": 4997.312206, "delta": 2.833439}}
{"target": -0.3924814916193018, "params": {"bus_acc": 1.8959, "bus_dcc": 2.624, "bus_lcAssertive": 93.4348, "bus_lcCooperative": 0.6128, "bus_lcLookaheadLeft": 15.9182, "bus_lcPushy": 0.1592, "bus_lcSigma": 0.5082, "bus_lcSpeedGainRight": 0.1247, "bus_lcSublane": 0.6086, "bus_sigma": 0.2443, "bus_tau_mean": 2.1623, "bus_tau_std": 7.7532, "bus_v_mean": 20.7834, "bus_v_std": 2.0979, "car_acc": 1.6622, "car_dcc": 3.2943, "car_lcAssertive": 79.1655, "car_lcCooperative": 0.9637, "car_lcLookaheadLeft": 86.614, "car_lcPushy": 0.3614, "car_lcSigma": 0.8671, "car_lcSpeedGainRight": 2.7232, "car_lcSublane": 0.0976, "car_sigma": 0.3314, "car_tau_mean": 1.3962, "car_tau_std": 7.4759, "car_v_mean": 21.5868, "car_v_std": 8.5225}, "datetime": {"datetime": "2024-08-08 11:18:44", "elapsed": 5004.098274, "delta": 6.786068}}
