{"target": -0.36661352993540225, "params": {"bus_acc": 4.814, "bus_dcc": 1.155, "bus_lcAssertive": 3.7566, "bus_lcCooperative": 0.8987, "bus_lcLookaheadLeft": 11.9996, "bus_lcPushy": 0.0587, "bus_lcSigma": 0.6001, "bus_lcSpeedGainRight": 3.3608, "bus_lcSublane": 0.9933, "bus_sigma": 0.4469, "bus_tau_mean": 1.6005, "bus_tau_std": 5.6934, "bus_v_mean": 18.3505, "bus_v_std": 0.2459, "car_acc": 4.2944, "car_dcc": 3.6911, "car_lcAssertive": 7.0001, "car_lcCooperative": 0.5699, "car_lcLookaheadLeft": 75.3621, "car_lcPushy": 0.8624, "car_lcSigma": 0.5994, "car_lcSpeedGainRight": 3.5009, "car_lcSublane": 0.184, "car_sigma": 0.0342, "car_tau_mean": 3.5716, "car_tau_std": 7.7628, "car_v_mean": 21.6543, "car_v_std": 16.7429}, "datetime": {"datetime": "2024-08-08 13:02:26", "elapsed": 934.09627, "delta": 2.377353}}
{"target": -0.38088847956296257, "params": {"bus_acc": 2.4659, "bus_dcc": 3.7467, "bus_lcAssertive": 85.1217, "bus_lcCooperative": 0.8628, "bus_lcLookaheadLeft": 79.0362, "bus_lcPushy": 0.8247, "bus_lcSigma": 0.0974, "bus_lcSpeedGainRight": 3.1373, "bus_lcSublane": 0.6003, "bus_sigma": 0.361, "bus_tau_mean": 1.3529, "bus_tau_std": 4.4052, "bus_v_mean": 20.8286, "bus_v_std": 5.9879, "car_acc": 2.4957, "car_dcc": 2.2703, "car_lcAssertive": 28.5894, "car_lcCooperative": 0.5282, "car_lcLookaheadLeft": 56.2068, "car_lcPushy": 0.2456, "car_lcSigma": 0.9244, "car_lcSpeedGainRight": 4.3316, "car_lcSublane": 0.0983, "car_sigma": 0.6446, "car_tau_mean": 1.868, "car_tau_std": 3.5136, "car_v_mean": 16.5328, "car_v_std": 17.2025}, "datetime": {"datetime": "2024-08-08 13:02:29", "elapsed": 936.686263, "delta": 2.589993}}
{"target": -0.38407702368076335, "params": {"bus_acc": 3.3401, "bus_dcc": 3.3882, "bus_lcAssertive": 5.8746, "bus_lcCooperative": 0.5028, "bus_lcLookaheadLeft": 20.2708, "bus_lcPushy": 0.8077, "bus_lcSigma": 0.4147, "bus_lcSpeedGainRight": 2.5597, "bus_lcSublane": 0.1643, "bus_sigma": 0.9067, "bus_tau_mean": 2.7224, "bus_tau_std": 2.8279, "bus_v_mean": 12.2905, "bus_v_std": 3.0593, "car_acc": 1.1504, "car_dcc": 1.4996, "car_lcAssertive": 37.1365, "car_lcCooperative": 0.5186, "car_lcLookaheadLeft": 94.6984, "car_lcPushy": 0.1869, "car_lcSigma": 0.1712, "car_lcSpeedGainRight": 3.1132, "car_lcSublane": 0.6728, "car_sigma": 0.3513, "car_tau_mean": 2.3549, "car_tau_std": 3.5264, "car_v_mean": 10.1608, "car_v_std": 14.0262}, "datetime": {"datetime": "2024-08-08 13:02:31", "elapsed": 939.107487, "delta": 2.421224}}
{"target": -0.36747349534963425, "params": {"bus_acc": 3.1928, "bus_dcc": 2.5475, "bus_lcAssertive": 73.2633, "bus_lcCooperative": 0.5468, "bus_lcLookaheadLeft": 72.9208, "bus_lcPushy": 0.4152, "bus_lcSigma": 0.1187, "bus_lcSpeedGainRight": 2.8349, "bus_lcSublane": 0.5613, "bus_sigma": 0.8247, "bus_tau_mean": 2.0627, "bus_tau_std": 2.0934, "bus_v_mean": 13.0887, "bus_v_std": 6.2022, "car_acc": 1.8044, "car_dcc": 2.9672, "car_lcAssertive": 70.0011, "car_lcCooperative": 0.2151, "car_lcLookaheadLeft": 48.7753, "car_lcPushy": 0.206, "car_lcSigma": 0.1245, "car_lcSpeedGainRight": 1.4082, "car_lcSublane": 0.7522, "car_sigma": 0.589, "car_tau_mean": 3.429, "car_tau_std": 5.083, "car_v_mean": 22.4654, "car_v_std": 17.2067}, "datetime": {"datetime": "2024-08-08 13:02:33", "elapsed": 941.354731, "delta": 2.247244}}
{"target": -0.3878035979997884, "params": {"bus_acc": 1.2987, "bus_dcc": 3.0096, "bus_lcAssertive": 72.4396, "bus_lcCooperative": 0.4474, "bus_lcLookaheadLeft": 69.1529, "bus_lcPushy": 0.0094, "bus_lcSigma": 0.5028, "bus_lcSpeedGainRight": 0.3994, "bus_lcSublane": 0.1019, "bus_sigma": 0.2634, "bus_tau_mean": 1.0239, "bus_tau_std": 3.4071, "bus_v_mean": 22.7714, "bus_v_std": 5.4053, "car_acc": 1.8171, "car_dcc": 3.6176, "car_lcAssertive": 13.3129, "car_lcCooperative": 0.1598, "car_lcLookaheadLeft": 55.0379, "car_lcPushy": 0.4775, "car_lcSigma": 0.0935, "car_lcSpeedGainRight": 1.2319, "car_lcSublane": 0.6383, "car_sigma": 0.7695, "car_tau_mean": 1.75, "car_tau_std": 7.1295, "car_v_mean": 15.3156, "car_v_std": 11.611}, "datetime": {"datetime": "2024-08-08 13:02:36", "elapsed": 943.588305, "delta": 2.233574}}
{"target": -0.31606080000540343, "params": {"bus_acc": 4.2114, "bus_dcc": 1.0992, "bus_lcAssertive": 46.1099, "bus_lcCooperative": 0.1225, "bus_lcLookaheadLeft": 39.7278, "bus_lcPushy": 0.3557, "bus_lcSigma": 0.5241, "bus_lcSpeedGainRight": 4.2443, "bus_lcSublane": 0.3554, "bus_sigma": 0.1957, "bus_tau_mean": 2.383, "bus_tau_std": 8.5981, "bus_v_mean": 17.7775, "bus_v_std": 14.0608, "car_acc": 2.3613, "car_dcc": 1.0329, "car_lcAssertive": 81.5957, "car_lcCooperative": 0.682, "car_lcLookaheadLeft": 93.0619, "car_lcPushy": 0.1332, "car_lcSigma": 0.6706, "car_lcSpeedGainRight": 4.0232, "car_lcSublane": 0.0649, "car_sigma": 0.6766, "car_tau_mean": 1.9279, "car_tau_std": 2.8145, "car_v_mean": 12.0314, "car_v_std": 4.8374}, "datetime": {"datetime": "2024-08-08 13:02:39", "elapsed": 946.658368, "delta": 3.070063}}
{"target": -0.3429944791198195, "params": {"bus_acc": 3.0728, "bus_dcc": 2.5228, "bus_lcAssertive": 87.3534, "bus_lcCooperative": 0.3481, "bus_lcLookaheadLeft": 70.9904, "bus_lcPushy": 0.4488, "bus_lcSigma": 0.4639, "bus_lcSpeedGainRight": 4.9782, "bus_lcSublane": 0.7781, "bus_sigma": 0.2345, "bus_tau_mean": 3.577, "bus_tau_std": 1.0434, "bus_v_mean": 13.1483, "bus_v_std": 16.6845, "car_acc": 4.9224, "car_dcc": 2.9213, "car_lcAssertive": 86.0717, "car_lcCooperative": 0.674, "car_lcLookaheadLeft": 14.1276, "car_lcPushy": 0.1672, "car_lcSigma": 0.697, "car_lcSpeedGainRight": 4.4154, "car_lcSublane": 0.8821, "car_sigma": 0.526, "car_tau_mean": 1.1384, "car_tau_std": 8.7272, "car_v_mean": 14.8723, "car_v_std": 3.8312}, "datetime": {"datetime": "2024-08-08 13:02:41", "elapsed": 948.868252, "delta": 2.209884}}
{"target": -0.34713460738657664, "params": {"bus_acc": 2.4901, "bus_dcc": 2.8156, "bus_lcAssertive": 39.168, "bus_lcCooperative": 0.2591, "bus_lcLookaheadLeft": 85.657, "bus_lcPushy": 0.5522, "bus_lcSigma": 0.6633, "bus_lcSpeedGainRight": 1.1954, "bus_lcSublane": 0.3599, "bus_sigma": 0.7459, "bus_tau_mean": 2.6134, "bus_tau_std": 7.9793, "bus_v_mean": 21.099, "bus_v_std": 13.3331, "car_acc": 3.0719, "car_dcc": 2.1768, "car_lcAssertive": 25.4113, "car_lcCooperative": 0.5629, "car_lcLookaheadLeft": 4.4508, "car_lcPushy": 0.4374, "car_lcSigma": 0.5064, "car_lcSpeedGainRight": 2.3425, "car_lcSublane": 0.4187, "car_sigma": 0.6193, "car_tau_mean": 2.2595, "car_tau_std": 2.2661, "car_v_mean": 20.984, "car_v_std": 11.1843}, "datetime": {"datetime": "2024-08-08 13:02:43", "elapsed": 950.848092, "delta": 1.97984}}
{"target": -0.36058267777180275, "params": {"bus_acc": 1.1365, "bus_dcc": 3.312, "bus_lcAssertive": 80.5338, "bus_lcCooperative": 0.5232, "bus_lcLookaheadLeft": 3.0131, "bus_lcPushy": 0.742, "bus_lcSigma": 0.7852, "bus_lcSpeedGainRight": 4.5016, "bus_lcSublane": 0.8766, "bus_sigma": 0.2746, "bus_tau_mean": 0.6673, "bus_tau_std": 4.4825, "bus_v_mean": 19.478, "bus_v_std": 7.7343, "car_acc": 2.7938, "car_dcc": 1.2507, "car_lcAssertive": 25.7315, "car_lcCooperative": 0.9033, "car_lcLookaheadLeft": 67.9223, "car_lcPushy": 0.9882, "car_lcSigma": 0.1159, "car_lcSpeedGainRight": 0.8753, "car_lcSublane": 0.2615, "car_sigma": 0.0039, "car_tau_mean": 1.498, "car_tau_std": 5.1325, "car_v_mean": 13.6303, "car_v_std": 16.7662}, "datetime": {"datetime": "2024-08-08 13:02:46", "elapsed": 953.582646, "delta": 2.734554}}
{"target": -0.36080561352239837, "params": {"bus_acc": 2.271, "bus_dcc": 3.1943, "bus_lcAssertive": 44.0932, "bus_lcCooperative": 0.6343, "bus_lcLookaheadLeft": 9.9672, "bus_lcPushy": 0.4212, "bus_lcSigma": 0.1639, "bus_lcSpeedGainRight": 4.5825, "bus_lcSublane": 0.5417, "bus_sigma": 0.0889, "bus_tau_mean": 1.3702, "bus_tau_std": 3.6515, "bus_v_mean": 17.4575, "bus_v_std": 10.4405, "car_acc": 3.1849, "car_dcc": 3.4136, "car_lcAssertive": 58.1925, "car_lcCooperative": 0.3942, "car_lcLookaheadLeft": 36.0898, "car_lcPushy": 0.1611, "car_lcSigma": 0.5348, "car_lcSpeedGainRight": 1.4857, "car_lcSublane": 0.2793, "car_sigma": 0.1101, "car_tau_mean": 1.1991, "car_tau_std": 6.753, "car_v_mean": 18.2218, "car_v_std": 16.9005}, "datetime": {"datetime": "2024-08-08 13:02:47", "elapsed": 955.315405, "delta": 1.732759}}
{"target": -0.341226919763969, "params": {"bus_acc": 3.607, "bus_dcc": 2.418, "bus_lcAssertive": 77.1996, "bus_lcCooperative": 0.9377, "bus_lcLookaheadLeft": 48.3957, "bus_lcPushy": 0.7485, "bus_lcSigma": 0.4501, "bus_lcSpeedGainRight": 2.0959, "bus_lcSublane": 0.0623, "bus_sigma": 0.5258, "bus_tau_mean": 3.1573, "bus_tau_std": 6.4804, "bus_v_mean": 14.5368, "bus_v_std": 5.0532, "car_acc": 4.3013, "car_dcc": 1.9395, "car_lcAssertive": 53.9639, "car_lcCooperative": 0.7179, "car_lcLookaheadLeft": 6.642, "car_lcPushy": 0.3545, "car_lcSigma": 0.0365, "car_lcSpeedGainRight": 1.8786, "car_lcSublane": 0.4662, "car_sigma": 0.7611, "car_tau_mean": 1.5061, "car_tau_std": 6.2711, "car_v_mean": 10.8369, "car_v_std": 2.684}, "datetime": {"datetime": "2024-08-08 13:02:50", "elapsed": 957.671863, "delta": 2.356458}}
{"target": -0.3681537891495266, "params": {"bus_acc": 1.1981, "bus_dcc": 1.6947, "bus_lcAssertive": 90.5956, "bus_lcCooperative": 0.7965, "bus_lcLookaheadLeft": 29.0994, "bus_lcPushy": 0.5594, "bus_lcSigma": 0.7866, "bus_lcSpeedGainRight": 1.9223, "bus_lcSublane": 0.8439, "bus_sigma": 0.0377, "bus_tau_mean": 0.945, "bus_tau_std": 1.0414, "bus_v_mean": 16.8076, "bus_v_std": 4.3341, "car_acc": 3.3161, "car_dcc": 2.2171, "car_lcAssertive": 68.488, "car_lcCooperative": 0.5944, "car_lcLookaheadLeft": 90.2526, "car_lcPushy": 0.1345, "car_lcSigma": 0.9045, "car_lcSpeedGainRight": 3.3781, "car_lcSublane": 0.5704, "car_sigma": 0.7191, "car_tau_mean": 3.3971, "car_tau_std": 6.2457, "car_v_mean": 11.4782, "car_v_std": 18.1391}, "datetime": {"datetime": "2024-08-08 13:02:52", "elapsed": 959.666443, "delta": 1.99458}}
{"target": -0.3524825483511971, "params": {"bus_acc": 2.4898, "bus_dcc": 3.2211, "bus_lcAssertive": 94.8295, "bus_lcCooperative": 0.831, "bus_lcLookaheadLeft": 30.352, "bus_lcPushy": 0.9469, "bus_lcSigma": 0.8159, "bus_lcSpeedGainRight": 2.1846, "bus_lcSublane": 0.468, "bus_sigma": 0.2435, "bus_tau_mean": 3.2397, "bus_tau_std": 5.2359, "bus_v_mean": 17.2791, "bus_v_std": 9.7483, "car_acc": 4.6296, "car_dcc": 1.8544, "car_lcAssertive": 96.458, "car_lcCooperative": 0.2162, "car_lcLookaheadLeft": 82.7202, "car_lcPushy": 0.6077, "car_lcSigma": 0.596, "car_lcSpeedGainRight": 2.1027, "car_lcSublane": 0.1287, "car_sigma": 0.5972, "car_tau_mean": 2.9562, "car_tau_std": 9.8326, "car_v_mean": 18.5232, "car_v_std": 11.0822}, "datetime": {"datetime": "2024-08-08 13:02:54", "elapsed": 962.342199, "delta": 2.675756}}
{"target": -0.3444250627007046, "params": {"bus_acc": 3.8838, "bus_dcc": 2.5238, "bus_lcAssertive": 78.5259, "bus_lcCooperative": 0.2334, "bus_lcLookaheadLeft": 36.5201, "bus_lcPushy": 0.1931, "bus_lcSigma": 0.5807, "bus_lcSpeedGainRight": 2.7151, "bus_lcSublane": 0.4321, "bus_sigma": 0.4222, "bus_tau_mean": 2.2708, "bus_tau_std": 3.583, "bus_v_mean": 13.6112, "bus_v_std": 8.5094, "car_acc": 2.1847, "car_dcc": 1.9808, "car_lcAssertive": 63.4318, "car_lcCooperative": 0.8268, "car_lcLookaheadLeft": 64.5179, "car_lcPushy": 0.4516, "car_lcSigma": 0.3242, "car_lcSpeedGainRight": 1.5896, "car_lcSublane": 0.676, "car_sigma": 0.8583, "car_tau_mean": 2.1779, "car_tau_std": 3.8785, "car_v_mean": 15.2321, "car_v_std": 9.1359}, "datetime": {"datetime": "2024-08-08 13:02:58", "elapsed": 965.831505, "delta": 3.489306}}
{"target": -0.35331325784254597, "params": {"bus_acc": 3.9943, "bus_dcc": 3.2175, "bus_lcAssertive": 97.0294, "bus_lcCooperative": 0.5605, "bus_lcLookaheadLeft": 32.4747, "bus_lcPushy": 0.1342, "bus_lcSigma": 0.9696, "bus_lcSpeedGainRight": 0.7679, "bus_lcSublane": 0.995, "bus_sigma": 0.7691, "bus_tau_mean": 3.0429, "bus_tau_std": 9.5766, "bus_v_mean": 16.3615, "bus_v_std": 7.907, "car_acc": 3.36, "car_dcc": 2.3329, "car_lcAssertive": 92.9535, "car_lcCooperative": 0.7968, "car_lcLookaheadLeft": 82.2789, "car_lcPushy": 0.5723, "car_lcSigma": 0.1768, "car_lcSpeedGainRight": 4.6575, "car_lcSublane": 0.8401, "car_sigma": 0.0626, "car_tau_mean": 3.0436, "car_tau_std": 8.6071, "car_v_mean": 17.9355, "car_v_std": 12.2619}, "datetime": {"datetime": "2024-08-08 13:03:00", "elapsed": 968.037631, "delta": 2.206126}}
{"target": -0.3654505285910835, "params": {"bus_acc": 4.0981, "bus_dcc": 3.5139, "bus_lcAssertive": 93.0415, "bus_lcCooperative": 0.4432, "bus_lcLookaheadLeft": 65.5524, "bus_lcPushy": 0.4369, "bus_lcSigma": 0.9888, "bus_lcSpeedGainRight": 0.5502, "bus_lcSublane": 0.0212, "bus_sigma": 0.0533, "bus_tau_mean": 1.9913, "bus_tau_std": 2.9025, "bus_v_mean": 13.2416, "bus_v_std": 13.8787, "car_acc": 3.3905, "car_dcc": 3.9492, "car_lcAssertive": 90.8659, "car_lcCooperative": 0.3146, "car_lcLookaheadLeft": 16.8407, "car_lcPushy": 0.0142, "car_lcSigma": 0.7227, "car_lcSpeedGainRight": 3.7377, "car_lcSublane": 0.1529, "car_sigma": 0.7879, "car_tau_mean": 1.3133, "car_tau_std": 6.2486, "car_v_mean": 11.3226, "car_v_std": 6.5222}, "datetime": {"datetime": "2024-08-08 13:03:03", "elapsed": 970.560066, "delta": 2.522435}}
{"target": -0.35451151471367626, "params": {"bus_acc": 2.266, "bus_dcc": 3.8348, "bus_lcAssertive": 20.1727, "bus_lcCooperative": 0.1952, "bus_lcLookaheadLeft": 34.7425, "bus_lcPushy": 0.8575, "bus_lcSigma": 0.538, "bus_lcSpeedGainRight": 0.8524, "bus_lcSublane": 0.4872, "bus_sigma": 0.7287, "bus_tau_mean": 1.4429, "bus_tau_std": 7.052, "bus_v_mean": 9.7722, "bus_v_std": 17.1789, "car_acc": 2.2114, "car_dcc": 2.2981, "car_lcAssertive": 52.4102, "car_lcCooperative": 0.7054, "car_lcLookaheadLeft": 27.0476, "car_lcPushy": 0.5522, "car_lcSigma": 0.6921, "car_lcSpeedGainRight": 3.554, "car_lcSublane": 0.7301, "car_sigma": 0.4975, "car_tau_mean": 1.3121, "car_tau_std": 3.3107, "car_v_mean": 14.3168, "car_v_std": 4.4667}, "datetime": {"datetime": "2024-08-08 13:03:06", "elapsed": 973.690624, "delta": 3.130558}}
{"target": -0.40842193489386674, "params": {"bus_acc": 4.7698, "bus_dcc": 1.0261, "bus_lcAssertive": 7.1464, "bus_lcCooperative": 0.5738, "bus_lcLookaheadLeft": 76.9103, "bus_lcPushy": 0.6423, "bus_lcSigma": 0.5151, "bus_lcSpeedGainRight": 2.5562, "bus_lcSublane": 0.6714, "bus_sigma": 0.0656, "bus_tau_mean": 1.9184, "bus_tau_std": 3.1829, "bus_v_mean": 21.2837, "bus_v_std": 3.5749, "car_acc": 1.4502, "car_dcc": 2.9667, "car_lcAssertive": 62.1835, "car_lcCooperative": 0.0763, "car_lcLookaheadLeft": 74.7388, "car_lcPushy": 0.9214, "car_lcSigma": 0.2187, "car_lcSpeedGainRight": 4.7635, "car_lcSublane": 0.6624, "car_sigma": 0.3998, "car_tau_mean": 0.8221, "car_tau_std": 7.4264, "car_v_mean": 20.6969, "car_v_std": 17.7345}, "datetime": {"datetime": "2024-08-08 13:03:08", "elapsed": 975.749327, "delta": 2.058703}}
{"target": -0.3640000405021221, "params": {"bus_acc": 2.6819, "bus_dcc": 1.051, "bus_lcAssertive": 35.2683, "bus_lcCooperative": 0.9218, "bus_lcLookaheadLeft": 98.8454, "bus_lcPushy": 0.1885, "bus_lcSigma": 0.1796, "bus_lcSpeedGainRight": 4.2312, "bus_lcSublane": 0.9113, "bus_sigma": 0.5241, "bus_tau_mean": 3.8611, "bus_tau_std": 6.8577, "bus_v_mean": 14.7839, "bus_v_std": 16.4063, "car_acc": 2.8549, "car_dcc": 2.6646, "car_lcAssertive": 42.0953, "car_lcCooperative": 0.5122, "car_lcLookaheadLeft": 27.6739, "car_lcPushy": 0.0982, "car_lcSigma": 0.9658, "car_lcSpeedGainRight": 2.7467, "car_lcSublane": 0.7109, "car_sigma": 0.7765, "car_tau_mean": 0.653, "car_tau_std": 8.4153, "car_v_mean": 9.2411, "car_v_std": 9.805}, "datetime": {"datetime": "2024-08-08 13:03:10", "elapsed": 977.937961, "delta": 2.188634}}
{"target": -0.3653419925794945, "params": {"bus_acc": 4.1145, "bus_dcc": 1.03, "bus_lcAssertive": 83.2975, "bus_lcCooperative": 0.3529, "bus_lcLookaheadLeft": 77.6608, "bus_lcPushy": 0.6515, "bus_lcSigma": 0.9963, "bus_lcSpeedGainRight": 0.2491, "bus_lcSublane": 0.3896, "bus_sigma": 0.5543, "bus_tau_mean": 1.4951, "bus_tau_std": 6.3976, "bus_v_mean": 19.2069, "bus_v_std": 3.9266, "car_acc": 1.323, "car_dcc": 1.3198, "car_lcAssertive": 37.6196, "car_lcCooperative": 0.0378, "car_lcLookaheadLeft": 65.4668, "car_lcPushy": 0.1896, "car_lcSigma": 0.0942, "car_lcSpeedGainRight": 2.0758, "car_lcSublane": 0.6714, "car_sigma": 0.9827, "car_tau_mean": 2.6744, "car_tau_std": 6.8236, "car_v_mean": 14.0857, "car_v_std": 14.6411}, "datetime": {"datetime": "2024-08-08 13:03:12", "elapsed": 980.194077, "delta": 2.256116}}
{"target": -0.4031293047570738, "params": {"bus_acc": 2.1726, "bus_dcc": 2.586, "bus_lcAssertive": 71.6342, "bus_lcCooperative": 0.6836, "bus_lcLookaheadLeft": 38.5, "bus_lcPushy": 0.5622, "bus_lcSigma": 0.8451, "bus_lcSpeedGainRight": 4.3087, "bus_lcSublane": 0.6131, "bus_sigma": 0.7475, "bus_tau_mean": 0.8831, "bus_tau_std": 2.7867, "bus_v_mean": 12.9654, "bus_v_std": 4.5825, "car_acc": 1.383, "car_dcc": 2.4376, "car_lcAssertive": 62.0297, "car_lcCooperative": 0.3373, "car_lcLookaheadLeft": 65.4036, "car_lcPushy": 0.6404, "car_lcSigma": 0.5784, "car_lcSpeedGainRight": 0.7528, "car_lcSublane": 0.0666, "car_sigma": 0.5569, "car_tau_mean": 1.0896, "car_tau_std": 4.1331, "car_v_mean": 12.4656, "car_v_std": 15.5587}, "datetime": {"datetime": "2024-08-08 13:03:15", "elapsed": 983.374742, "delta": 3.180665}}
{"target": -0.3661722823729408, "params": {"bus_acc": 1.274, "bus_dcc": 1.3815, "bus_lcAssertive": 59.2807, "bus_lcCooperative": 0.2073, "bus_lcLookaheadLeft": 88.7656, "bus_lcPushy": 0.1653, "bus_lcSigma": 0.2172, "bus_lcSpeedGainRight": 0.8528, "bus_lcSublane": 0.9082, "bus_sigma": 0.6415, "bus_tau_mean": 2.5785, "bus_tau_std": 8.1021, "bus_v_mean": 23.0229, "bus_v_std": 13.013, "car_acc": 1.3203, "car_dcc": 2.0084, "car_lcAssertive": 99.8864, "car_lcCooperative": 0.6301, "car_lcLookaheadLeft": 85.393, "car_lcPushy": 0.4448, "car_lcSigma": 0.6677, "car_lcSpeedGainRight": 2.4159, "car_lcSublane": 0.1954, "car_sigma": 0.4812, "car_tau_mean": 1.7474, "car_tau_std": 4.8776, "car_v_mean": 10.8017, "car_v_std": 18.5895}, "datetime": {"datetime": "2024-08-08 13:03:18", "elapsed": 985.851689, "delta": 2.476947}}
{"target": -0.3491319060811073, "params": {"bus_acc": 1.8668, "bus_dcc": 3.6749, "bus_lcAssertive": 8.7302, "bus_lcCooperative": 0.0451, "bus_lcLookaheadLeft": 77.6307, "bus_lcPushy": 0.9129, "bus_lcSigma": 0.6925, "bus_lcSpeedGainRight": 2.128, "bus_lcSublane": 0.9785, "bus_sigma": 0.5086, "bus_tau_mean": 1.6838, "bus_tau_std": 4.2547, "bus_v_mean": 20.2915, "bus_v_std": 6.559, "car_acc": 3.1342, "car_dcc": 1.5334, "car_lcAssertive": 14.842, "car_lcCooperative": 0.622, "car_lcLookaheadLeft": 62.2377, "car_lcPushy": 0.5365, "car_lcSigma": 0.5892, "car_lcSpeedGainRight": 1.2285, "car_lcSublane": 0.6341, "car_sigma": 0.8213, "car_tau_mean": 2.4696, "car_tau_std": 1.3718, "car_v_mean": 16.4982, "car_v_std": 12.2269}, "datetime": {"datetime": "2024-08-08 13:03:20", "elapsed": 988.178084, "delta": 2.326395}}
{"target": -0.36943306986176605, "params": {"bus_acc": 4.6094, "bus_dcc": 3.6349, "bus_lcAssertive": 85.8497, "bus_lcCooperative": 0.8567, "bus_lcLookaheadLeft": 83.5392, "bus_lcPushy": 0.4966, "bus_lcSigma": 0.254, "bus_lcSpeedGainRight": 2.4318, "bus_lcSublane": 0.5891, "bus_sigma": 0.2972, "bus_tau_mean": 2.1017, "bus_tau_std": 2.8263, "bus_v_mean": 22.8828, "bus_v_std": 1.8792, "car_acc": 3.4945, "car_dcc": 2.6384, "car_lcAssertive": 35.4467, "car_lcCooperative": 0.3239, "car_lcLookaheadLeft": 59.8652, "car_lcPushy": 0.7025, "car_lcSigma": 0.893, "car_lcSpeedGainRight": 4.254, "car_lcSublane": 0.2154, "car_sigma": 0.6097, "car_tau_mean": 0.6635, "car_tau_std": 9.0166, "car_v_mean": 11.9349, "car_v_std": 11.0502}, "datetime": {"datetime": "2024-08-08 13:03:23", "elapsed": 990.717591, "delta": 2.539507}}
{"target": -0.36349021484415794, "params": {"bus_acc": 1.387, "bus_dcc": 1.7244, "bus_lcAssertive": 81.8284, "bus_lcCooperative": 0.4629, "bus_lcLookaheadLeft": 34.1527, "bus_lcPushy": 0.5859, "bus_lcSigma": 0.4834, "bus_lcSpeedGainRight": 2.5289, "bus_lcSublane": 0.7343, "bus_sigma": 0.016, "bus_tau_mean": 1.8785, "bus_tau_std": 2.1301, "bus_v_mean": 8.981, "bus_v_std": 4.1287, "car_acc": 4.0684, "car_dcc": 3.042, "car_lcAssertive": 9.8262, "car_lcCooperative": 0.7657, "car_lcLookaheadLeft": 15.7447, "car_lcPushy": 0.5182, "car_lcSigma": 1.0, "car_lcSpeedGainRight": 2.2364, "car_lcSublane": 0.3302, "car_sigma": 0.9799, "car_tau_mean": 2.4608, "car_tau_std": 3.1722, "car_v_mean": 24.0, "car_v_std": 20.0}, "datetime": {"datetime": "2024-08-08 13:03:25", "elapsed": 993.268701, "delta": 2.55111}}
{"target": -0.45169402113506946, "params": {"bus_acc": 2.8856, "bus_dcc": 1.4243, "bus_lcAssertive": 68.6264, "bus_lcCooperative": 0.1964, "bus_lcLookaheadLeft": 26.8795, "bus_lcPushy": 0.0877, "bus_lcSigma": 0.8924, "bus_lcSpeedGainRight": 3.4047, "bus_lcSublane": 0.5201, "bus_sigma": 0.6204, "bus_tau_mean": 2.3405, "bus_tau_std": 6.9962, "bus_v_mean": 16.3331, "bus_v_std": 6.1845, "car_acc": 3.2997, "car_dcc": 2.0448, "car_lcAssertive": 39.8066, "car_lcCooperative": 0.5089, "car_lcLookaheadLeft": 98.8421, "car_lcPushy": 0.3117, "car_lcSigma": 0.0008, "car_lcSpeedGainRight": 0.3973, "car_lcSublane": 0.3564, "car_sigma": 0.5973, "car_tau_mean": 0.7144, "car_tau_std": 3.9288, "car_v_mean": 8.0141, "car_v_std": 2.6505}, "datetime": {"datetime": "2024-08-08 13:03:28", "elapsed": 996.029885, "delta": 2.761184}}
