{"target": -0.05156638444166021, "params": {"bus_acc": 2.8987, "bus_dcc": 1.6438, "bus_lcAssertive": 54.9497, "bus_lcCooperative": 0.787, "bus_lcLookaheadLeft": 20.4595, "bus_lcPushy": 0.1237, "bus_lcSublane": 0.3856, "bus_tau_mean": 2.6768, "bus_tau_std": 8.5766, "bus_v_mean": 9.4437, "bus_v_std": 2.9831, "car_acc": 1.1087, "car_dcc": 2.5601, "car_lcAssertive": 11.7667, "car_lcCooperative": 0.321, "car_lcLookaheadLeft": 59.0068, "car_lcPushy": 0.9416, "car_lcSublane": 0.8318, "car_tau_mean": 3.9417, "car_tau_std": 6.0629, "car_v_mean": 12.2552, "car_v_std": 6.1061}, "datetime": {"datetime": "2024-08-05 18:06:17", "elapsed": 1201.084861, "delta": 12.897531}}
{"target": -0.06370844116850874, "params": {"bus_acc": 1.4431, "bus_dcc": 3.7313, "bus_lcAssertive": 9.0414, "bus_lcCooperative": 0.8699, "bus_lcLookaheadLeft": 47.8604, "bus_lcPushy": 0.5422, "bus_lcSublane": 0.9099, "bus_tau_mean": 3.2723, "bus_tau_std": 7.81, "bus_v_mean": 18.634, "bus_v_std": 3.6811, "car_acc": 1.0484, "car_dcc": 2.9956, "car_lcAssertive": 93.1879, "car_lcCooperative": 0.9567, "car_lcLookaheadLeft": 24.966, "car_lcPushy": 0.7262, "car_lcSublane": 0.3341, "car_tau_mean": 1.6602, "car_tau_std": 2.1497, "car_v_mean": 21.8927, "car_v_std": 5.6891}, "datetime": {"datetime": "2024-08-05 18:06:25", "elapsed": 1208.485332, "delta": 7.400471}}
{"target": -0.04908278791118927, "params": {"bus_acc": 1.4083, "bus_dcc": 1.7906, "bus_lcAssertive": 70.6948, "bus_lcCooperative": 0.3054, "bus_lcLookaheadLeft": 99.0975, "bus_lcPushy": 0.3238, "bus_lcSublane": 0.3683, "bus_tau_mean": 1.2241, "bus_tau_std": 3.4274, "bus_v_mean": 12.1724, "bus_v_std": 0.3208, "car_acc": 1.1217, "car_dcc": 2.5315, "car_lcAssertive": 74.1621, "car_lcCooperative": 0.833, "car_lcLookaheadLeft": 42.7873, "car_lcPushy": 0.7061, "car_lcSublane": 0.1056, "car_tau_mean": 3.249, "car_tau_std": 3.4863, "car_v_mean": 21.6105, "car_v_std": 6.5056}, "datetime": {"datetime": "2024-08-05 18:06:26", "elapsed": 1209.562269, "delta": 1.076937}}
{"target": -0.059407619988675234, "params": {"bus_acc": 2.7475, "bus_dcc": 3.4709, "bus_lcAssertive": 21.4709, "bus_lcCooperative": 0.1977, "bus_lcLookaheadLeft": 87.6422, "bus_lcPushy": 0.9617, "bus_lcSublane": 0.2274, "bus_tau_mean": 3.8509, "bus_tau_std": 9.8925, "bus_v_mean": 19.8212, "bus_v_std": 7.1748, "car_acc": 2.2776, "car_dcc": 3.4196, "car_lcAssertive": 17.2211, "car_lcCooperative": 0.9553, "car_lcLookaheadLeft": 43.4836, "car_lcPushy": 0.1942, "car_lcSublane": 0.6564, "car_tau_mean": 0.8521, "car_tau_std": 2.8227, "car_v_mean": 16.7727, "car_v_std": 8.908}, "datetime": {"datetime": "2024-08-05 18:06:28", "elapsed": 1212.324317, "delta": 2.762048}}
{"target": -0.059711604843305406, "params": {"bus_acc": 1.7785, "bus_dcc": 2.1553, "bus_lcAssertive": 65.0651, "bus_lcCooperative": 0.1734, "bus_lcLookaheadLeft": 22.3416, "bus_lcPushy": 0.515, "bus_lcSublane": 0.3215, "bus_tau_mean": 0.5012, "bus_tau_std": 5.072, "bus_v_mean": 10.0399, "bus_v_std": 6.0707, "car_acc": 1.264, "car_dcc": 2.344, "car_lcAssertive": 35.8674, "car_lcCooperative": 0.9629, "car_lcLookaheadLeft": 86.084, "car_lcPushy": 0.241, "car_lcSublane": 0.801, "car_tau_mean": 1.7434, "car_tau_std": 9.7786, "car_v_mean": 14.3486, "car_v_std": 3.5644}, "datetime": {"datetime": "2024-08-05 18:06:33", "elapsed": 1216.9915, "delta": 4.667183}}
{"target": -0.05564414448874851, "params": {"bus_acc": 2.453, "bus_dcc": 1.6425, "bus_lcAssertive": 98.0109, "bus_lcCooperative": 0.1652, "bus_lcLookaheadLeft": 12.5076, "bus_lcPushy": 0.3793, "bus_lcSublane": 0.7489, "bus_tau_mean": 2.9769, "bus_tau_std": 3.3443, "bus_v_mean": 8.9879, "bus_v_std": 0.9338, "car_acc": 2.6885, "car_dcc": 1.8576, "car_lcAssertive": 20.0888, "car_lcCooperative": 0.6282, "car_lcLookaheadLeft": 48.0861, "car_lcPushy": 0.526, "car_lcSublane": 0.1155, "car_tau_mean": 3.4977, "car_tau_std": 8.2977, "car_v_mean": 20.3017, "car_v_std": 6.6718}, "datetime": {"datetime": "2024-08-05 18:06:39", "elapsed": 1222.443893, "delta": 5.452393}}
{"target": -0.05332796130207815, "params": {"bus_acc": 1.3201, "bus_dcc": 2.7914, "bus_lcAssertive": 82.7183, "bus_lcCooperative": 0.3518, "bus_lcLookaheadLeft": 87.0426, "bus_lcPushy": 0.9944, "bus_lcSublane": 0.5971, "bus_tau_mean": 0.9979, "bus_tau_std": 8.2111, "bus_v_mean": 21.1826, "bus_v_std": 1.2399, "car_acc": 2.9321, "car_dcc": 2.5941, "car_lcAssertive": 49.7546, "car_lcCooperative": 0.8695, "car_lcLookaheadLeft": 96.1628, "car_lcPushy": 0.3427, "car_lcSublane": 0.4887, "car_tau_mean": 3.3722, "car_tau_std": 3.9038, "car_v_mean": 8.3737, "car_v_std": 6.8045}, "datetime": {"datetime": "2024-08-05 18:06:41", "elapsed": 1224.376616, "delta": 1.932723}}
{"target": -0.05977723801183444, "params": {"bus_acc": 2.8038, "bus_dcc": 3.0216, "bus_lcAssertive": 68.9485, "bus_lcCooperative": 0.5056, "bus_lcLookaheadLeft": 60.8827, "bus_lcPushy": 0.6692, "bus_lcSublane": 0.8072, "bus_tau_mean": 0.9187, "bus_tau_std": 5.8939, "bus_v_mean": 18.9444, "bus_v_std": 9.9083, "car_acc": 2.9076, "car_dcc": 1.9142, "car_lcAssertive": 33.6497, "car_lcCooperative": 0.6483, "car_lcLookaheadLeft": 71.1912, "car_lcPushy": 0.8633, "car_lcSublane": 0.7648, "car_tau_mean": 1.4014, "car_tau_std": 6.9047, "car_v_mean": 16.7897, "car_v_std": 0.6971}, "datetime": {"datetime": "2024-08-05 18:06:43", "elapsed": 1226.80229, "delta": 2.425674}}
{"target": -0.06274665562064656, "params": {"bus_acc": 2.9351, "bus_dcc": 3.5453, "bus_lcAssertive": 4.0515, "bus_lcCooperative": 0.3449, "bus_lcLookaheadLeft": 98.2356, "bus_lcPushy": 0.019, "bus_lcSublane": 0.6502, "bus_tau_mean": 0.5389, "bus_tau_std": 0.1014, "bus_v_mean": 21.4396, "bus_v_std": 3.1597, "car_acc": 2.1122, "car_dcc": 3.8095, "car_lcAssertive": 96.1477, "car_lcCooperative": 0.6164, "car_lcLookaheadLeft": 73.6468, "car_lcPushy": 0.2557, "car_lcSublane": 0.9273, "car_tau_mean": 2.8411, "car_tau_std": 2.4395, "car_v_mean": 16.5077, "car_v_std": 5.2201}, "datetime": {"datetime": "2024-08-05 18:06:44", "elapsed": 1227.809841, "delta": 1.007551}}
{"target": -0.06432919045757898, "params": {"bus_acc": 2.2502, "bus_dcc": 3.1329, "bus_lcAssertive": 2.158, "bus_lcCooperative": 0.5343, "bus_lcLookaheadLeft": 39.3499, "bus_lcPushy": 0.0831, "bus_lcSublane": 0.3349, "bus_tau_mean": 0.727, "bus_tau_std": 1.5974, "bus_v_mean": 14.3191, "bus_v_std": 6.6273, "car_acc": 2.2988, "car_dcc": 3.4036, "car_lcAssertive": 49.689, "car_lcCooperative": 0.7892, "car_lcLookaheadLeft": 60.4796, "car_lcPushy": 0.8273, "car_lcSublane": 0.6712, "car_tau_mean": 0.6015, "car_tau_std": 1.4729, "car_v_mean": 13.2006, "car_v_std": 9.5667}, "datetime": {"datetime": "2024-08-05 18:06:49", "elapsed": 1233.160385, "delta": 5.350544}}
{"target": -0.06611947446164881, "params": {"bus_acc": 1.9889, "bus_dcc": 2.504, "bus_lcAssertive": 84.6465, "bus_lcCooperative": 0.8659, "bus_lcLookaheadLeft": 16.058, "bus_lcPushy": 0.0463, "bus_lcSublane": 0.5713, "bus_tau_mean": 1.0186, "bus_tau_std": 6.2694, "bus_v_mean": 11.2035, "bus_v_std": 7.2384, "car_acc": 2.4297, "car_dcc": 2.3344, "car_lcAssertive": 67.0938, "car_lcCooperative": 0.0938, "car_lcLookaheadLeft": 64.331, "car_lcPushy": 0.3585, "car_lcSublane": 0.5271, "car_tau_mean": 3.1873, "car_tau_std": 3.4258, "car_v_mean": 20.7313, "car_v_std": 7.648}, "datetime": {"datetime": "2024-08-05 18:06:50", "elapsed": 1234.186318, "delta": 1.025933}}
{"target": -0.06846770179343725, "params": {"bus_acc": 2.8167, "bus_dcc": 2.2251, "bus_lcAssertive": 76.6089, "bus_lcCooperative": 0.2647, "bus_lcLookaheadLeft": 52.5603, "bus_lcPushy": 0.3824, "bus_lcSublane": 0.2017, "bus_tau_mean": 0.839, "bus_tau_std": 0.9717, "bus_v_mean": 17.0424, "bus_v_std": 1.1054, "car_acc": 2.3083, "car_dcc": 1.0792, "car_lcAssertive": 42.6468, "car_lcCooperative": 0.9444, "car_lcLookaheadLeft": 99.6034, "car_lcPushy": 0.2544, "car_lcSublane": 0.5857, "car_tau_mean": 1.6429, "car_tau_std": 4.3367, "car_v_mean": 23.8405, "car_v_std": 4.0935}, "datetime": {"datetime": "2024-08-05 18:06:53", "elapsed": 1236.981756, "delta": 2.795438}}
{"target": -0.05677639374690301, "params": {"bus_acc": 1.5039, "bus_dcc": 1.0124, "bus_lcAssertive": 18.7658, "bus_lcCooperative": 0.2586, "bus_lcLookaheadLeft": 39.3541, "bus_lcPushy": 0.0443, "bus_lcSublane": 0.515, "bus_tau_mean": 2.965, "bus_tau_std": 1.2521, "bus_v_mean": 14.9134, "bus_v_std": 1.4887, "car_acc": 1.8884, "car_dcc": 3.1266, "car_lcAssertive": 68.5734, "car_lcCooperative": 0.8087, "car_lcLookaheadLeft": 39.5269, "car_lcPushy": 0.5882, "car_lcSublane": 0.3038, "car_tau_mean": 1.6943, "car_tau_std": 2.7972, "car_v_mean": 11.5084, "car_v_std": 4.779}, "datetime": {"datetime": "2024-08-05 18:06:55", "elapsed": 1238.531405, "delta": 1.549649}}
{"target": -0.05904301426303218, "params": {"bus_acc": 2.61, "bus_dcc": 2.6158, "bus_lcAssertive": 47.9984, "bus_lcCooperative": 0.6094, "bus_lcLookaheadLeft": 74.8196, "bus_lcPushy": 0.3639, "bus_lcSublane": 0.2192, "bus_tau_mean": 3.301, "bus_tau_std": 0.8555, "bus_v_mean": 14.7425, "bus_v_std": 3.2268, "car_acc": 2.0462, "car_dcc": 2.8989, "car_lcAssertive": 33.6697, "car_lcCooperative": 0.5262, "car_lcLookaheadLeft": 40.6159, "car_lcPushy": 0.4637, "car_lcSublane": 0.7925, "car_tau_mean": 2.9226, "car_tau_std": 9.0095, "car_v_mean": 12.0132, "car_v_std": 9.76}, "datetime": {"datetime": "2024-08-05 18:06:57", "elapsed": 1240.464023, "delta": 1.932618}}
{"target": -0.05584217935299317, "params": {"bus_acc": 2.2198, "bus_dcc": 3.0904, "bus_lcAssertive": 78.589, "bus_lcCooperative": 0.0641, "bus_lcLookaheadLeft": 89.9511, "bus_lcPushy": 0.5071, "bus_lcSublane": 0.9561, "bus_tau_mean": 1.3514, "bus_tau_std": 6.8747, "bus_v_mean": 9.5227, "bus_v_std": 8.9908, "car_acc": 1.349, "car_dcc": 1.652, "car_lcAssertive": 49.4037, "car_lcCooperative": 0.2921, "car_lcLookaheadLeft": 45.2457, "car_lcPushy": 0.64, "car_lcSublane": 0.872, "car_tau_mean": 2.337, "car_tau_std": 3.0746, "car_v_mean": 16.3846, "car_v_std": 9.2745}, "datetime": {"datetime": "2024-08-05 18:07:02", "elapsed": 1246.048872, "delta": 5.584849}}
