{"target": -0.4081984291731086, "params": {"bus_acc": 1.1606, "bus_dcc": 3.9994, "bus_lcAssertive": 45.4299, "bus_lcCooperative": 0.3087, "bus_lcLookaheadLeft": 93.8593, "bus_lcPushy": 0.6952, "bus_lcSigma": 0.4525, "bus_lcSpeedGainRight": 2.9429, "bus_lcSublane": 0.3905, "bus_sigma": 0.8683, "bus_tau_mean": 0.9351, "bus_tau_std": 1.7077, "bus_v_mean": 19.5833, "bus_v_std": 4.0911, "car_acc": 2.9521, "car_dcc": 3.8727, "car_lcAssertive": 63.9832, "car_lcCooperative": 0.5583, "car_lcLookaheadLeft": 97.8196, "car_lcPushy": 0.4145, "car_lcSigma": 0.3846, "car_lcSpeedGainRight": 3.5704, "car_lcSublane": 0.9802, "car_sigma": 0.923, "car_tau_mean": 3.8457, "car_tau_std": 4.0818, "car_v_mean": 23.194, "car_v_std": 6.9244}, "datetime": {"datetime": "2024-08-08 11:09:09", "elapsed": 4429.772395, "delta": 4.18542}}
{"target": -0.33136481628952186, "params": {"bus_acc": 2.1636, "bus_dcc": 2.0834, "bus_lcAssertive": 43.4762, "bus_lcCooperative": 0.0244, "bus_lcLookaheadLeft": 78.181, "bus_lcPushy": 0.1377, "bus_lcSigma": 0.0439, "bus_lcSpeedGainRight": 0.006, "bus_lcSublane": 0.9707, "bus_sigma": 0.6793, "bus_tau_mean": 1.3413, "bus_tau_std": 2.7159, "bus_v_mean": 8.0269, "bus_v_std": 11.1375, "car_acc": 2.5348, "car_dcc": 3.573, "car_lcAssertive": 18.9741, "car_lcCooperative": 0.7306, "car_lcLookaheadLeft": 41.48, "car_lcPushy": 0.6762, "car_lcSigma": 0.4189, "car_lcSpeedGainRight": 0.5177, "car_lcSublane": 0.859, "car_sigma": 0.9316, "car_tau_mean": 1.3939, "car_tau_std": 9.9217, "car_v_mean": 23.4142, "car_v_std": 15.0755}, "datetime": {"datetime": "2024-08-08 11:09:16", "elapsed": 4436.485824, "delta": 6.713429}}
{"target": -0.36521086125118696, "params": {"bus_acc": 2.9483, "bus_dcc": 3.4606, "bus_lcAssertive": 94.6505, "bus_lcCooperative": 0.218, "bus_lcLookaheadLeft": 16.668, "bus_lcPushy": 0.9818, "bus_lcSigma": 0.8909, "bus_lcSpeedGainRight": 0.6436, "bus_lcSublane": 0.9297, "bus_sigma": 0.5506, "bus_tau_mean": 0.7583, "bus_tau_std": 8.0957, "bus_v_mean": 13.2396, "bus_v_std": 18.4675, "car_acc": 1.4398, "car_dcc": 3.0236, "car_lcAssertive": 69.3602, "car_lcCooperative": 0.6587, "car_lcLookaheadLeft": 35.8832, "car_lcPushy": 0.2572, "car_lcSigma": 0.2718, "car_lcSpeedGainRight": 2.499, "car_lcSublane": 0.0997, "car_sigma": 0.8394, "car_tau_mean": 1.1903, "car_tau_std": 0.848, "car_v_mean": 21.0336, "car_v_std": 17.1873}, "datetime": {"datetime": "2024-08-08 11:09:20", "elapsed": 4440.945473, "delta": 4.459649}}
{"target": -0.3327629584968726, "params": {"bus_acc": 2.2999, "bus_dcc": 3.5039, "bus_lcAssertive": 37.8734, "bus_lcCooperative": 0.7411, "bus_lcLookaheadLeft": 6.9127, "bus_lcPushy": 0.3505, "bus_lcSigma": 0.2976, "bus_lcSpeedGainRight": 0.3077, "bus_lcSublane": 0.0001, "bus_sigma": 0.5176, "bus_tau_mean": 3.7601, "bus_tau_std": 3.8995, "bus_v_mean": 23.6621, "bus_v_std": 14.4024, "car_acc": 2.8164, "car_dcc": 2.2831, "car_lcAssertive": 57.2938, "car_lcCooperative": 0.0623, "car_lcLookaheadLeft": 14.7415, "car_lcPushy": 0.6102, "car_lcSigma": 0.4092, "car_lcSpeedGainRight": 1.3566, "car_lcSublane": 0.9191, "car_sigma": 0.3058, "car_tau_mean": 3.1802, "car_tau_std": 1.7857, "car_v_mean": 21.6375, "car_v_std": 19.8731}, "datetime": {"datetime": "2024-08-08 11:09:26", "elapsed": 4446.258254, "delta": 5.312781}}
{"target": -0.32077633605159656, "params": {"bus_acc": 1.2232, "bus_dcc": 2.0443, "bus_lcAssertive": 24.6737, "bus_lcCooperative": 0.4581, "bus_lcLookaheadLeft": 22.5312, "bus_lcPushy": 0.7241, "bus_lcSigma": 0.1504, "bus_lcSpeedGainRight": 0.5898, "bus_lcSublane": 0.9509, "bus_sigma": 0.6163, "bus_tau_mean": 1.3143, "bus_tau_std": 2.3079, "bus_v_mean": 11.3075, "bus_v_std": 2.5698, "car_acc": 1.7941, "car_dcc": 1.229, "car_lcAssertive": 4.533, "car_lcCooperative": 0.9884, "car_lcLookaheadLeft": 89.2309, "car_lcPushy": 0.7277, "car_lcSigma": 0.9416, "car_lcSpeedGainRight": 0.8153, "car_lcSublane": 0.3625, "car_sigma": 0.961, "car_tau_mean": 3.8467, "car_tau_std": 4.242, "car_v_mean": 22.1392, "car_v_std": 2.0405}, "datetime": {"datetime": "2024-08-08 11:09:29", "elapsed": 4449.776424, "delta": 3.51817}}
{"target": -0.3557724619569853, "params": {"bus_acc": 1.9729, "bus_dcc": 3.0971, "bus_lcAssertive": 30.3809, "bus_lcCooperative": 0.5954, "bus_lcLookaheadLeft": 77.6354, "bus_lcPushy": 0.5193, "bus_lcSigma": 0.9316, "bus_lcSpeedGainRight": 4.7943, "bus_lcSublane": 0.8942, "bus_sigma": 0.7006, "bus_tau_mean": 0.7214, "bus_tau_std": 9.8725, "bus_v_mean": 18.8513, "bus_v_std": 2.8639, "car_acc": 2.4215, "car_dcc": 1.0227, "car_lcAssertive": 17.7239, "car_lcCooperative": 0.2863, "car_lcLookaheadLeft": 35.3625, "car_lcPushy": 0.6211, "car_lcSigma": 0.3632, "car_lcSpeedGainRight": 1.4171, "car_lcSublane": 0.6015, "car_sigma": 0.9519, "car_tau_mean": 3.3827, "car_tau_std": 0.2559, "car_v_mean": 19.2812, "car_v_std": 6.0055}, "datetime": {"datetime": "2024-08-08 11:09:33", "elapsed": 4453.664206, "delta": 3.887782}}
{"target": -0.35742428536246823, "params": {"bus_acc": 2.8604, "bus_dcc": 1.9676, "bus_lcAssertive": 45.4709, "bus_lcCooperative": 0.7771, "bus_lcLookaheadLeft": 66.0237, "bus_lcPushy": 0.078, "bus_lcSigma": 0.9857, "bus_lcSpeedGainRight": 1.2687, "bus_lcSublane": 0.935, "bus_sigma": 0.6279, "bus_tau_mean": 2.6881, "bus_tau_std": 2.3697, "bus_v_mean": 16.7195, "bus_v_std": 8.8798, "car_acc": 2.5741, "car_dcc": 3.756, "car_lcAssertive": 59.8614, "car_lcCooperative": 0.9385, "car_lcLookaheadLeft": 38.5761, "car_lcPushy": 0.2944, "car_lcSigma": 0.5086, "car_lcSpeedGainRight": 3.2252, "car_lcSublane": 0.8683, "car_sigma": 0.0196, "car_tau_mean": 1.6874, "car_tau_std": 1.818, "car_v_mean": 16.222, "car_v_std": 2.702}, "datetime": {"datetime": "2024-08-08 11:09:37", "elapsed": 4457.613351, "delta": 3.949145}}
{"target": -0.31886904765936464, "params": {"bus_acc": 1.1808, "bus_dcc": 1.3565, "bus_lcAssertive": 23.0626, "bus_lcCooperative": 0.3907, "bus_lcLookaheadLeft": 90.5577, "bus_lcPushy": 0.5373, "bus_lcSigma": 0.1222, "bus_lcSpeedGainRight": 0.2179, "bus_lcSublane": 0.3647, "bus_sigma": 0.2055, "bus_tau_mean": 1.6678, "bus_tau_std": 5.9238, "bus_v_mean": 21.3516, "bus_v_std": 14.0899, "car_acc": 2.9629, "car_dcc": 1.3884, "car_lcAssertive": 96.8194, "car_lcCooperative": 0.6077, "car_lcLookaheadLeft": 61.2199, "car_lcPushy": 0.2588, "car_lcSigma": 0.5686, "car_lcSpeedGainRight": 2.2705, "car_lcSublane": 0.3013, "car_sigma": 0.216, "car_tau_mean": 1.9467, "car_tau_std": 3.2011, "car_v_mean": 18.2196, "car_v_std": 16.7349}, "datetime": {"datetime": "2024-08-08 11:09:41", "elapsed": 4461.803594, "delta": 4.190243}}
{"target": -0.324029178455682, "params": {"bus_acc": 2.55, "bus_dcc": 2.444, "bus_lcAssertive": 45.3553, "bus_lcCooperative": 0.0843, "bus_lcLookaheadLeft": 45.5838, "bus_lcPushy": 0.0072, "bus_lcSigma": 0.2065, "bus_lcSpeedGainRight": 0.1094, "bus_lcSublane": 0.7582, "bus_sigma": 0.6928, "bus_tau_mean": 1.5119, "bus_tau_std": 8.2825, "bus_v_mean": 20.6772, "bus_v_std": 4.9978, "car_acc": 1.7361, "car_dcc": 1.9858, "car_lcAssertive": 48.5916, "car_lcCooperative": 0.4888, "car_lcLookaheadLeft": 15.9045, "car_lcPushy": 0.0623, "car_lcSigma": 0.1696, "car_lcSpeedGainRight": 3.9993, "car_lcSublane": 0.0076, "car_sigma": 0.9681, "car_tau_mean": 1.6693, "car_tau_std": 3.0449, "car_v_mean": 13.3153, "car_v_std": 7.6658}, "datetime": {"datetime": "2024-08-08 11:09:47", "elapsed": 4467.130056, "delta": 5.326462}}
{"target": -0.34828248932222805, "params": {"bus_acc": 1.8234, "bus_dcc": 2.4305, "bus_lcAssertive": 57.4341, "bus_lcCooperative": 0.7907, "bus_lcLookaheadLeft": 93.6498, "bus_lcPushy": 0.1415, "bus_lcSigma": 0.9874, "bus_lcSpeedGainRight": 0.6596, "bus_lcSublane": 0.5942, "bus_sigma": 0.8633, "bus_tau_mean": 1.4703, "bus_tau_std": 6.7708, "bus_v_mean": 18.2274, "bus_v_std": 7.2928, "car_acc": 1.8224, "car_dcc": 3.2647, "car_lcAssertive": 56.9203, "car_lcCooperative": 0.1902, "car_lcLookaheadLeft": 66.32, "car_lcPushy": 0.7239, "car_lcSigma": 0.8022, "car_lcSpeedGainRight": 3.9191, "car_lcSublane": 0.3087, "car_sigma": 0.2636, "car_tau_mean": 3.2599, "car_tau_std": 5.2971, "car_v_mean": 9.617, "car_v_std": 12.9457}, "datetime": {"datetime": "2024-08-08 11:09:50", "elapsed": 4470.794011, "delta": 3.663955}}
{"target": -0.5067304460121567, "params": {"bus_acc": 1.3966, "bus_dcc": 3.0572, "bus_lcAssertive": 61.4126, "bus_lcCooperative": 0.475, "bus_lcLookaheadLeft": 83.2276, "bus_lcPushy": 0.7439, "bus_lcSigma": 0.1981, "bus_lcSpeedGainRight": 3.0599, "bus_lcSublane": 0.5235, "bus_sigma": 0.8087, "bus_tau_mean": 0.9676, "bus_tau_std": 4.8484, "bus_v_mean": 21.6649, "bus_v_std": 0.9994, "car_acc": 1.3667, "car_dcc": 2.5151, "car_lcAssertive": 32.4817, "car_lcCooperative": 0.0737, "car_lcLookaheadLeft": 40.3362, "car_lcPushy": 0.9122, "car_lcSigma": 0.0798, "car_lcSpeedGainRight": 0.9781, "car_lcSublane": 0.333, "car_sigma": 0.3553, "car_tau_mean": 2.1983, "car_tau_std": 4.8554, "car_v_mean": 23.5446, "car_v_std": 3.5025}, "datetime": {"datetime": "2024-08-08 11:09:54", "elapsed": 4474.108361, "delta": 3.31435}}
{"target": -0.3413585328447307, "params": {"bus_acc": 2.834, "bus_dcc": 2.4083, "bus_lcAssertive": 81.0662, "bus_lcCooperative": 0.0771, "bus_lcLookaheadLeft": 66.0832, "bus_lcPushy": 0.3189, "bus_lcSigma": 0.7594, "bus_lcSpeedGainRight": 1.1878, "bus_lcSublane": 0.8277, "bus_sigma": 0.2484, "bus_tau_mean": 3.6718, "bus_tau_std": 0.8162, "bus_v_mean": 15.8255, "bus_v_std": 13.3091, "car_acc": 2.4862, "car_dcc": 1.1084, "car_lcAssertive": 15.0458, "car_lcCooperative": 0.256, "car_lcLookaheadLeft": 13.8107, "car_lcPushy": 0.6091, "car_lcSigma": 0.9866, "car_lcSpeedGainRight": 2.3962, "car_lcSublane": 0.67, "car_sigma": 0.0928, "car_tau_mean": 2.7924, "car_tau_std": 8.9987, "car_v_mean": 13.1752, "car_v_std": 13.2189}, "datetime": {"datetime": "2024-08-08 11:09:58", "elapsed": 4478.207758, "delta": 4.099397}}
{"target": -0.3754266643157348, "params": {"bus_acc": 2.8461, "bus_dcc": 2.9316, "bus_lcAssertive": 71.3372, "bus_lcCooperative": 0.9226, "bus_lcLookaheadLeft": 68.0058, "bus_lcPushy": 0.7042, "bus_lcSigma": 0.8384, "bus_lcSpeedGainRight": 2.201, "bus_lcSublane": 0.8784, "bus_sigma": 0.7473, "bus_tau_mean": 0.9053, "bus_tau_std": 3.0759, "bus_v_mean": 12.2748, "bus_v_std": 13.7236, "car_acc": 1.0202, "car_dcc": 1.2523, "car_lcAssertive": 37.352, "car_lcCooperative": 0.1561, "car_lcLookaheadLeft": 53.4805, "car_lcPushy": 0.5188, "car_lcSigma": 0.914, "car_lcSpeedGainRight": 3.2338, "car_lcSublane": 0.676, "car_sigma": 0.6394, "car_tau_mean": 2.0735, "car_tau_std": 2.6881, "car_v_mean": 14.803, "car_v_std": 4.2454}, "datetime": {"datetime": "2024-08-08 11:10:03", "elapsed": 4483.045177, "delta": 4.837419}}
{"target": -0.3541614334638453, "params": {"bus_acc": 2.8061, "bus_dcc": 2.3247, "bus_lcAssertive": 39.109, "bus_lcCooperative": 0.4994, "bus_lcLookaheadLeft": 28.5572, "bus_lcPushy": 0.527, "bus_lcSigma": 0.1127, "bus_lcSpeedGainRight": 2.8764, "bus_lcSublane": 0.5262, "bus_sigma": 0.566, "bus_tau_mean": 0.9161, "bus_tau_std": 8.5441, "bus_v_mean": 19.326, "bus_v_std": 17.1584, "car_acc": 1.5246, "car_dcc": 1.5029, "car_lcAssertive": 87.5397, "car_lcCooperative": 0.7057, "car_lcLookaheadLeft": 83.441, "car_lcPushy": 0.299, "car_lcSigma": 0.0207, "car_lcSpeedGainRight": 4.5407, "car_lcSublane": 0.1847, "car_sigma": 0.6832, "car_tau_mean": 2.2034, "car_tau_std": 2.1182, "car_v_mean": 20.1568, "car_v_std": 8.4753}, "datetime": {"datetime": "2024-08-08 11:10:09", "elapsed": 4489.498794, "delta": 6.453617}}
{"target": -0.3529497341066322, "params": {"bus_acc": 2.0726, "bus_dcc": 2.4455, "bus_lcAssertive": 73.6274, "bus_lcCooperative": 0.1694, "bus_lcLookaheadLeft": 34.0994, "bus_lcPushy": 0.4292, "bus_lcSigma": 0.6346, "bus_lcSpeedGainRight": 0.4601, "bus_lcSublane": 0.5177, "bus_sigma": 0.304, "bus_tau_mean": 2.0579, "bus_tau_std": 3.0112, "bus_v_mean": 9.5182, "bus_v_std": 9.9331, "car_acc": 2.8587, "car_dcc": 2.2258, "car_lcAssertive": 54.9546, "car_lcCooperative": 0.8817, "car_lcLookaheadLeft": 74.4073, "car_lcPushy": 0.1098, "car_lcSigma": 0.776, "car_lcSpeedGainRight": 2.9273, "car_lcSublane": 0.4529, "car_sigma": 0.695, "car_tau_mean": 2.1968, "car_tau_std": 9.4213, "car_v_mean": 16.7362, "car_v_std": 11.0974}, "datetime": {"datetime": "2024-08-08 11:10:12", "elapsed": 4492.255975, "delta": 2.757181}}
{"target": -0.31518488076327844, "params": {"bus_acc": 1.6604, "bus_dcc": 1.2583, "bus_lcAssertive": 93.1201, "bus_lcCooperative": 0.4202, "bus_lcLookaheadLeft": 85.5191, "bus_lcPushy": 0.0441, "bus_lcSigma": 0.207, "bus_lcSpeedGainRight": 0.8245, "bus_lcSublane": 0.9474, "bus_sigma": 0.4808, "bus_tau_mean": 1.1917, "bus_tau_std": 1.7559, "bus_v_mean": 19.3256, "bus_v_std": 4.8554, "car_acc": 2.2159, "car_dcc": 1.8171, "car_lcAssertive": 10.8465, "car_lcCooperative": 0.9176, "car_lcLookaheadLeft": 4.3657, "car_lcPushy": 0.3751, "car_lcSigma": 0.8066, "car_lcSpeedGainRight": 3.7559, "car_lcSublane": 0.6073, "car_sigma": 0.1164, "car_tau_mean": 2.7633, "car_tau_std": 8.9275, "car_v_mean": 11.529, "car_v_std": 15.8144}, "datetime": {"datetime": "2024-08-08 11:10:14", "elapsed": 4494.596612, "delta": 2.340637}}
{"target": -0.36751847518244474, "params": {"bus_acc": 2.1052, "bus_dcc": 3.4132, "bus_lcAssertive": 66.3228, "bus_lcCooperative": 0.9923, "bus_lcLookaheadLeft": 91.289, "bus_lcPushy": 0.0484, "bus_lcSigma": 0.1151, "bus_lcSpeedGainRight": 3.655, "bus_lcSublane": 0.5887, "bus_sigma": 0.8409, "bus_tau_mean": 1.6767, "bus_tau_std": 5.5753, "bus_v_mean": 14.99, "bus_v_std": 16.2799, "car_acc": 1.7204, "car_dcc": 3.1806, "car_lcAssertive": 24.3538, "car_lcCooperative": 0.423, "car_lcLookaheadLeft": 9.0282, "car_lcPushy": 0.7806, "car_lcSigma": 0.7915, "car_lcSpeedGainRight": 4.7045, "car_lcSublane": 0.7094, "car_sigma": 0.7345, "car_tau_mean": 1.0419, "car_tau_std": 1.4668, "car_v_mean": 23.7122, "car_v_std": 18.1051}, "datetime": {"datetime": "2024-08-08 11:10:21", "elapsed": 4501.162068, "delta": 6.565456}}
{"target": -0.34539676495915833, "params": {"bus_acc": 1.1044, "bus_dcc": 2.1992, "bus_lcAssertive": 56.2, "bus_lcCooperative": 0.7725, "bus_lcLookaheadLeft": 24.8946, "bus_lcPushy": 0.4416, "bus_lcSigma": 0.0982, "bus_lcSpeedGainRight": 2.8355, "bus_lcSublane": 0.0872, "bus_sigma": 0.6388, "bus_tau_mean": 2.4888, "bus_tau_std": 3.2822, "bus_v_mean": 8.5002, "bus_v_std": 17.8283, "car_acc": 1.7859, "car_dcc": 2.7384, "car_lcAssertive": 50.633, "car_lcCooperative": 0.3736, "car_lcLookaheadLeft": 31.714, "car_lcPushy": 0.7321, "car_lcSigma": 0.4578, "car_lcSpeedGainRight": 0.0437, "car_lcSublane": 0.3308, "car_sigma": 0.3114, "car_tau_mean": 3.8865, "car_tau_std": 4.4031, "car_v_mean": 13.3501, "car_v_std": 17.0996}, "datetime": {"datetime": "2024-08-08 11:10:23", "elapsed": 4503.648743, "delta": 2.486675}}
{"target": -0.32709591195906573, "params": {"bus_acc": 2.424, "bus_dcc": 1.7857, "bus_lcAssertive": 39.05, "bus_lcCooperative": 0.712, "bus_lcLookaheadLeft": 99.8718, "bus_lcPushy": 0.9381, "bus_lcSigma": 0.661, "bus_lcSpeedGainRight": 2.663, "bus_lcSublane": 0.7704, "bus_sigma": 0.7561, "bus_tau_mean": 3.5588, "bus_tau_std": 1.8298, "bus_v_mean": 20.9855, "bus_v_std": 11.3889, "car_acc": 2.5072, "car_dcc": 1.4722, "car_lcAssertive": 71.3326, "car_lcCooperative": 0.3992, "car_lcLookaheadLeft": 75.7434, "car_lcPushy": 0.5785, "car_lcSigma": 0.7746, "car_lcSpeedGainRight": 1.3803, "car_lcSublane": 0.8763, "car_sigma": 0.7934, "car_tau_mean": 3.8928, "car_tau_std": 9.215, "car_v_mean": 15.9448, "car_v_std": 5.2943}, "datetime": {"datetime": "2024-08-08 11:10:27", "elapsed": 4507.295061, "delta": 3.646318}}
{"target": -0.33053536241674547, "params": {"bus_acc": 1.7468, "bus_dcc": 2.4446, "bus_lcAssertive": 30.5324, "bus_lcCooperative": 0.27, "bus_lcLookaheadLeft": 71.9064, "bus_lcPushy": 0.3947, "bus_lcSigma": 0.767, "bus_lcSpeedGainRight": 4.5307, "bus_lcSublane": 0.0007, "bus_sigma": 0.3032, "bus_tau_mean": 2.5314, "bus_tau_std": 5.4328, "bus_v_mean": 20.8733, "bus_v_std": 17.3403, "car_acc": 1.8402, "car_dcc": 2.6418, "car_lcAssertive": 26.2557, "car_lcCooperative": 0.1481, "car_lcLookaheadLeft": 45.8318, "car_lcPushy": 0.5507, "car_lcSigma": 0.9748, "car_lcSpeedGainRight": 4.7039, "car_lcSublane": 0.2655, "car_sigma": 0.2617, "car_tau_mean": 2.1922, "car_tau_std": 2.5631, "car_v_mean": 20.0049, "car_v_std": 16.4816}, "datetime": {"datetime": "2024-08-08 11:10:31", "elapsed": 4511.531451, "delta": 4.23639}}
{"target": -0.35756829046986754, "params": {"bus_acc": 1.0939, "bus_dcc": 3.3463, "bus_lcAssertive": 79.7502, "bus_lcCooperative": 0.8849, "bus_lcLookaheadLeft": 11.8769, "bus_lcPushy": 0.7961, "bus_lcSigma": 0.2761, "bus_lcSpeedGainRight": 4.5523, "bus_lcSublane": 0.4685, "bus_sigma": 0.9452, "bus_tau_mean": 1.1572, "bus_tau_std": 0.7714, "bus_v_mean": 21.5974, "bus_v_std": 7.0302, "car_acc": 1.2114, "car_dcc": 2.9482, "car_lcAssertive": 76.777, "car_lcCooperative": 0.6144, "car_lcLookaheadLeft": 41.8263, "car_lcPushy": 0.8351, "car_lcSigma": 0.3951, "car_lcSpeedGainRight": 0.8826, "car_lcSublane": 0.8765, "car_sigma": 0.7128, "car_tau_mean": 3.2107, "car_tau_std": 7.0301, "car_v_mean": 17.5336, "car_v_std": 3.1404}, "datetime": {"datetime": "2024-08-08 11:10:33", "elapsed": 4513.485726, "delta": 1.954275}}
{"target": -0.3201732726174197, "params": {"bus_acc": 2.8779, "bus_dcc": 2.1424, "bus_lcAssertive": 76.7602, "bus_lcCooperative": 0.1044, "bus_lcLookaheadLeft": 81.0832, "bus_lcPushy": 0.3517, "bus_lcSigma": 0.124, "bus_lcSpeedGainRight": 1.9673, "bus_lcSublane": 0.0044, "bus_sigma": 0.2938, "bus_tau_mean": 3.7209, "bus_tau_std": 7.7187, "bus_v_mean": 18.3574, "bus_v_std": 1.6226, "car_acc": 1.0133, "car_dcc": 1.9489, "car_lcAssertive": 29.2325, "car_lcCooperative": 0.6846, "car_lcLookaheadLeft": 32.6025, "car_lcPushy": 0.8491, "car_lcSigma": 0.2383, "car_lcSpeedGainRight": 2.1149, "car_lcSublane": 0.9762, "car_sigma": 0.7794, "car_tau_mean": 0.7973, "car_tau_std": 6.9948, "car_v_mean": 11.0868, "car_v_std": 4.8813}, "datetime": {"datetime": "2024-08-08 11:10:35", "elapsed": 4515.548779, "delta": 2.063053}}
{"target": -0.36911588882425106, "params": {"bus_acc": 1.7188, "bus_dcc": 1.8128, "bus_lcAssertive": 36.3207, "bus_lcCooperative": 0.4699, "bus_lcLookaheadLeft": 58.2272, "bus_lcPushy": 0.9024, "bus_lcSigma": 0.0339, "bus_lcSpeedGainRight": 0.8496, "bus_lcSublane": 0.5781, "bus_sigma": 0.2724, "bus_tau_mean": 2.3374, "bus_tau_std": 6.8959, "bus_v_mean": 15.3689, "bus_v_std": 9.0837, "car_acc": 2.7747, "car_dcc": 2.9678, "car_lcAssertive": 55.7069, "car_lcCooperative": 0.4393, "car_lcLookaheadLeft": 84.8969, "car_lcPushy": 0.263, "car_lcSigma": 0.643, "car_lcSpeedGainRight": 1.7442, "car_lcSublane": 0.1368, "car_sigma": 0.3254, "car_tau_mean": 3.6197, "car_tau_std": 6.1247, "car_v_mean": 9.9153, "car_v_std": 14.0121}, "datetime": {"datetime": "2024-08-08 11:10:41", "elapsed": 4521.60257, "delta": 6.053791}}
{"target": -0.3859785515289612, "params": {"bus_acc": 2.6149, "bus_dcc": 3.9868, "bus_lcAssertive": 58.9507, "bus_lcCooperative": 0.0317, "bus_lcLookaheadLeft": 42.4825, "bus_lcPushy": 0.1793, "bus_lcSigma": 0.3771, "bus_lcSpeedGainRight": 1.5026, "bus_lcSublane": 0.322, "bus_sigma": 0.7155, "bus_tau_mean": 0.9761, "bus_tau_std": 9.5666, "bus_v_mean": 13.6226, "bus_v_std": 1.5878, "car_acc": 1.653, "car_dcc": 2.9168, "car_lcAssertive": 92.1928, "car_lcCooperative": 0.9, "car_lcLookaheadLeft": 7.3463, "car_lcPushy": 0.3221, "car_lcSigma": 0.2117, "car_lcSpeedGainRight": 2.6875, "car_lcSublane": 0.3451, "car_sigma": 0.3693, "car_tau_mean": 3.5109, "car_tau_std": 1.9808, "car_v_mean": 15.9409, "car_v_std": 11.5125}, "datetime": {"datetime": "2024-08-08 11:10:46", "elapsed": 4526.24318, "delta": 4.64061}}
{"target": -0.34527864218556875, "params": {"bus_acc": 2.7599, "bus_dcc": 1.7663, "bus_lcAssertive": 21.2093, "bus_lcCooperative": 0.0535, "bus_lcLookaheadLeft": 57.7277, "bus_lcPushy": 0.3473, "bus_lcSigma": 0.2401, "bus_lcSpeedGainRight": 0.2278, "bus_lcSublane": 0.277, "bus_sigma": 0.7804, "bus_tau_mean": 1.3922, "bus_tau_std": 3.7351, "bus_v_mean": 20.4151, "bus_v_std": 13.02, "car_acc": 2.4452, "car_dcc": 3.0108, "car_lcAssertive": 50.8699, "car_lcCooperative": 0.6653, "car_lcLookaheadLeft": 64.2098, "car_lcPushy": 0.6618, "car_lcSigma": 0.0411, "car_lcSpeedGainRight": 1.6739, "car_lcSublane": 0.4706, "car_sigma": 0.6828, "car_tau_mean": 1.0155, "car_tau_std": 4.9981, "car_v_mean": 17.5402, "car_v_std": 14.8178}, "datetime": {"datetime": "2024-08-08 11:10:48", "elapsed": 4528.79184, "delta": 2.54866}}
{"target": -0.37726347617851386, "params": {"bus_acc": 2.1638, "bus_dcc": 1.1594, "bus_lcAssertive": 91.1128, "bus_lcCooperative": 0.9754, "bus_lcLookaheadLeft": 54.9546, "bus_lcPushy": 0.3634, "bus_lcSigma": 0.8115, "bus_lcSpeedGainRight": 0.6669, "bus_lcSublane": 0.0453, "bus_sigma": 0.8263, "bus_tau_mean": 3.0866, "bus_tau_std": 8.4351, "bus_v_mean": 11.0402, "bus_v_std": 7.9288, "car_acc": 1.1532, "car_dcc": 1.8475, "car_lcAssertive": 7.9324, "car_lcCooperative": 0.4268, "car_lcLookaheadLeft": 19.8373, "car_lcPushy": 0.1532, "car_lcSigma": 0.154, "car_lcSpeedGainRight": 0.1357, "car_lcSublane": 0.7883, "car_sigma": 0.0317, "car_tau_mean": 3.5693, "car_tau_std": 7.2449, "car_v_mean": 11.5776, "car_v_std": 5.598}, "datetime": {"datetime": "2024-08-08 11:10:54", "elapsed": 4534.158041, "delta": 5.366201}}
