{"target": -0.38632625612462435, "params": {"bus_acc": 2.0376, "bus_dcc": 2.6177, "bus_lcAssertive": 8.0062, "bus_lcCooperative": 0.5695, "bus_lcLookaheadLeft": 38.8815, "bus_lcPushy": 0.8312, "bus_lcSigma": 0.4996, "bus_lcSpeedGainRight": 4.1928, "bus_lcSublane": 0.216, "bus_sigma": 0.3424, "bus_tau_mean": 1.776, "bus_tau_std": 1.8519, "bus_v_mean": 13.4016, "bus_v_std": 14.567, "car_acc": 1.7954, "car_dcc": 3.0435, "car_lcAssertive": 28.0932, "car_lcCooperative": 0.2842, "car_lcLookaheadLeft": 39.0359, "car_lcPushy": 0.5951, "car_lcSigma": 0.3386, "car_lcSpeedGainRight": 1.6867, "car_lcSublane": 0.8434, "car_sigma": 0.5953, "car_tau_mean": 1.6351, "car_tau_std": 1.1369, "car_v_mean": 8.9104, "car_v_std": 8.3804}, "datetime": {"datetime": "2024-08-08 10:15:41", "elapsed": 1221.209021, "delta": 14.233156}}
{"target": -0.3495758161037887, "params": {"bus_acc": 2.6701, "bus_dcc": 1.017, "bus_lcAssertive": 47.5071, "bus_lcCooperative": 0.42, "bus_lcLookaheadLeft": 73.7923, "bus_lcPushy": 0.4949, "bus_lcSigma": 0.8818, "bus_lcSpeedGainRight": 0.2093, "bus_lcSublane": 0.7358, "bus_sigma": 0.2823, "bus_tau_mean": 2.3286, "bus_tau_std": 3.3853, "bus_v_mean": 20.5701, "bus_v_std": 5.6918, "car_acc": 2.3404, "car_dcc": 3.594, "car_lcAssertive": 20.2831, "car_lcCooperative": 0.5664, "car_lcLookaheadLeft": 74.9368, "car_lcPushy": 0.7046, "car_lcSigma": 0.0373, "car_lcSpeedGainRight": 3.2493, "car_lcSublane": 0.1525, "car_sigma": 0.8945, "car_tau_mean": 3.836, "car_tau_std": 7.3625, "car_v_mean": 22.0336, "car_v_std": 13.6416}, "datetime": {"datetime": "2024-08-08 10:16:08", "elapsed": 1248.564383, "delta": 27.355362}}
{"target": -0.36601587822517634, "params": {"bus_acc": 2.2341, "bus_dcc": 3.5973, "bus_lcAssertive": 85.5246, "bus_lcCooperative": 0.9, "bus_lcLookaheadLeft": 56.7841, "bus_lcPushy": 0.3044, "bus_lcSigma": 0.1104, "bus_lcSpeedGainRight": 2.0659, "bus_lcSublane": 0.2748, "bus_sigma": 0.6366, "bus_tau_mean": 3.9909, "bus_tau_std": 5.6431, "bus_v_mean": 12.9812, "bus_v_std": 12.5729, "car_acc": 1.4022, "car_dcc": 2.6234, "car_lcAssertive": 59.1525, "car_lcCooperative": 0.8187, "car_lcLookaheadLeft": 5.5493, "car_lcPushy": 0.8201, "car_lcSigma": 0.6652, "car_lcSpeedGainRight": 1.5773, "car_lcSublane": 0.5827, "car_sigma": 0.9764, "car_tau_mean": 2.0774, "car_tau_std": 9.3712, "car_v_mean": 8.914, "car_v_std": 12.6922}, "datetime": {"datetime": "2024-08-08 10:16:20", "elapsed": 1260.335305, "delta": 11.770922}}
{"target": -0.32345643598906404, "params": {"bus_acc": 1.2907, "bus_dcc": 1.7299, "bus_lcAssertive": 14.195, "bus_lcCooperative": 0.1404, "bus_lcLookaheadLeft": 79.9234, "bus_lcPushy": 0.5004, "bus_lcSigma": 0.0758, "bus_lcSpeedGainRight": 1.8127, "bus_lcSublane": 0.8055, "bus_sigma": 0.5808, "bus_tau_mean": 1.15, "bus_tau_std": 9.1965, "bus_v_mean": 19.1486, "bus_v_std": 3.0231, "car_acc": 1.2806, "car_dcc": 1.8638, "car_lcAssertive": 85.3703, "car_lcCooperative": 0.7176, "car_lcLookaheadLeft": 76.5938, "car_lcPushy": 0.1032, "car_lcSigma": 0.8097, "car_lcSpeedGainRight": 0.8306, "car_lcSublane": 0.3414, "car_sigma": 0.1674, "car_tau_mean": 2.6077, "car_tau_std": 4.9577, "car_v_mean": 15.2477, "car_v_std": 17.1939}, "datetime": {"datetime": "2024-08-08 10:16:43", "elapsed": 1283.080933, "delta": 22.745628}}
{"target": -0.38552755868891997, "params": {"bus_acc": 2.8281, "bus_dcc": 3.2521, "bus_lcAssertive": 34.0378, "bus_lcCooperative": 0.4424, "bus_lcLookaheadLeft": 71.4601, "bus_lcPushy": 0.7144, "bus_lcSigma": 0.6927, "bus_lcSpeedGainRight": 3.8242, "bus_lcSublane": 0.162, "bus_sigma": 0.0029, "bus_tau_mean": 3.5381, "bus_tau_std": 5.5383, "bus_v_mean": 21.1748, "bus_v_std": 0.6024, "car_acc": 2.4825, "car_dcc": 3.9908, "car_lcAssertive": 99.1199, "car_lcCooperative": 0.4072, "car_lcLookaheadLeft": 77.9381, "car_lcPushy": 0.7177, "car_lcSigma": 0.5514, "car_lcSpeedGainRight": 4.0762, "car_lcSublane": 0.6101, "car_sigma": 0.8582, "car_tau_mean": 3.0153, "car_tau_std": 7.9444, "car_v_mean": 18.1261, "car_v_std": 4.9332}, "datetime": {"datetime": "2024-08-08 10:16:47", "elapsed": 1287.688054, "delta": 4.607121}}
{"target": -0.4729544988786627, "params": {"bus_acc": 2.4339, "bus_dcc": 1.0238, "bus_lcAssertive": 52.099, "bus_lcCooperative": 0.6399, "bus_lcLookaheadLeft": 98.334, "bus_lcPushy": 0.0814, "bus_lcSigma": 0.5523, "bus_lcSpeedGainRight": 2.8643, "bus_lcSublane": 0.686, "bus_sigma": 0.4322, "bus_tau_mean": 1.5378, "bus_tau_std": 8.7572, "bus_v_mean": 15.3983, "bus_v_std": 0.4489, "car_acc": 1.0708, "car_dcc": 1.0174, "car_lcAssertive": 23.6263, "car_lcCooperative": 0.9451, "car_lcLookaheadLeft": 27.4352, "car_lcPushy": 0.1923, "car_lcSigma": 0.4768, "car_lcSpeedGainRight": 2.1149, "car_lcSublane": 0.5431, "car_sigma": 0.7776, "car_tau_mean": 1.4884, "car_tau_std": 4.497, "car_v_mean": 23.919, "car_v_std": 0.7113}, "datetime": {"datetime": "2024-08-08 10:16:50", "elapsed": 1290.560559, "delta": 2.872505}}
{"target": -0.3637227244934205, "params": {"bus_acc": 1.6953, "bus_dcc": 2.5713, "bus_lcAssertive": 62.8099, "bus_lcCooperative": 0.9155, "bus_lcLookaheadLeft": 62.6596, "bus_lcPushy": 0.3527, "bus_lcSigma": 0.5263, "bus_lcSpeedGainRight": 4.5091, "bus_lcSublane": 0.4695, "bus_sigma": 0.3856, "bus_tau_mean": 2.8866, "bus_tau_std": 6.5432, "bus_v_mean": 8.318, "bus_v_std": 17.7891, "car_acc": 2.0682, "car_dcc": 2.3111, "car_lcAssertive": 36.3518, "car_lcCooperative": 0.3274, "car_lcLookaheadLeft": 16.6041, "car_lcPushy": 0.3925, "car_lcSigma": 0.9898, "car_lcSpeedGainRight": 4.041, "car_lcSublane": 0.86, "car_sigma": 0.5926, "car_tau_mean": 1.8564, "car_tau_std": 9.8649, "car_v_mean": 10.3529, "car_v_std": 15.0377}, "datetime": {"datetime": "2024-08-08 10:17:02", "elapsed": 1302.401617, "delta": 11.841058}}
{"target": -0.35807028123024753, "params": {"bus_acc": 1.1842, "bus_dcc": 2.8745, "bus_lcAssertive": 21.415, "bus_lcCooperative": 0.1192, "bus_lcLookaheadLeft": 59.8091, "bus_lcPushy": 0.6186, "bus_lcSigma": 0.533, "bus_lcSpeedGainRight": 4.2097, "bus_lcSublane": 0.9729, "bus_sigma": 0.8454, "bus_tau_mean": 2.5143, "bus_tau_std": 8.3985, "bus_v_mean": 8.8247, "bus_v_std": 13.8083, "car_acc": 2.2625, "car_dcc": 2.1108, "car_lcAssertive": 96.8369, "car_lcCooperative": 0.5467, "car_lcLookaheadLeft": 47.513, "car_lcPushy": 0.1331, "car_lcSigma": 0.6108, "car_lcSpeedGainRight": 0.1654, "car_lcSublane": 0.4067, "car_sigma": 0.0315, "car_tau_mean": 2.3239, "car_tau_std": 8.9582, "car_v_mean": 21.2795, "car_v_std": 1.8322}, "datetime": {"datetime": "2024-08-08 10:17:06", "elapsed": 1306.366582, "delta": 3.964965}}
{"target": -0.2909318562520836, "params": {"bus_acc": 1.6929, "bus_dcc": 1.3556, "bus_lcAssertive": 28.9103, "bus_lcCooperative": 1.0, "bus_lcLookaheadLeft": 34.9386, "bus_lcPushy": 0.7884, "bus_lcSigma": 0.705, "bus_lcSpeedGainRight": 4.3103, "bus_lcSublane": 0.5897, "bus_sigma": 0.2152, "bus_tau_mean": 1.8062, "bus_tau_std": 4.0527, "bus_v_mean": 8.044, "bus_v_std": 8.4521, "car_acc": 1.8524, "car_dcc": 1.0987, "car_lcAssertive": 26.5609, "car_lcCooperative": 0.3639, "car_lcLookaheadLeft": 86.6979, "car_lcPushy": 0.4837, "car_lcSigma": 0.7739, "car_lcSpeedGainRight": 1.4495, "car_lcSublane": 0.5376, "car_sigma": 1.0, "car_tau_mean": 2.758, "car_tau_std": 4.7887, "car_v_mean": 12.9641, "car_v_std": 3.4819}, "datetime": {"datetime": "2024-08-08 10:17:09", "elapsed": 1309.197445, "delta": 2.830863}}
{"target": -0.37063406739326993, "params": {"bus_acc": 1.6425, "bus_dcc": 3.3418, "bus_lcAssertive": 55.1684, "bus_lcCooperative": 0.8614, "bus_lcLookaheadLeft": 30.738, "bus_lcPushy": 0.1559, "bus_lcSigma": 0.0554, "bus_lcSpeedGainRight": 0.9558, "bus_lcSublane": 0.858, "bus_sigma": 0.2339, "bus_tau_mean": 1.4264, "bus_tau_std": 8.3648, "bus_v_mean": 22.2789, "bus_v_std": 6.5757, "car_acc": 2.7858, "car_dcc": 1.2628, "car_lcAssertive": 63.5563, "car_lcCooperative": 0.0098, "car_lcLookaheadLeft": 4.5392, "car_lcPushy": 0.3605, "car_lcSigma": 0.0601, "car_lcSpeedGainRight": 0.6278, "car_lcSublane": 0.8369, "car_sigma": 0.9067, "car_tau_mean": 3.7155, "car_tau_std": 8.3959, "car_v_mean": 13.9915, "car_v_std": 2.1274}, "datetime": {"datetime": "2024-08-08 10:17:17", "elapsed": 1317.443807, "delta": 8.246362}}
{"target": -0.3482398574002613, "params": {"bus_acc": 1.2597, "bus_dcc": 1.7599, "bus_lcAssertive": 3.1358, "bus_lcCooperative": 0.6297, "bus_lcLookaheadLeft": 6.0645, "bus_lcPushy": 0.4527, "bus_lcSigma": 0.6672, "bus_lcSpeedGainRight": 1.4315, "bus_lcSublane": 0.1839, "bus_sigma": 0.3859, "bus_tau_mean": 3.2832, "bus_tau_std": 2.8143, "bus_v_mean": 9.4332, "bus_v_std": 9.8486, "car_acc": 1.5955, "car_dcc": 3.6644, "car_lcAssertive": 90.1406, "car_lcCooperative": 0.8267, "car_lcLookaheadLeft": 96.281, "car_lcPushy": 0.473, "car_lcSigma": 0.2316, "car_lcSpeedGainRight": 2.8369, "car_lcSublane": 0.2457, "car_sigma": 0.4963, "car_tau_mean": 3.6511, "car_tau_std": 4.4093, "car_v_mean": 23.3724, "car_v_std": 1.0262}, "datetime": {"datetime": "2024-08-08 10:17:21", "elapsed": 1321.504891, "delta": 4.061084}}
{"target": -0.27975789526214334, "params": {"bus_acc": 1.6936, "bus_dcc": 1.3563, "bus_lcAssertive": 28.911, "bus_lcCooperative": 1.0, "bus_lcLookaheadLeft": 34.9393, "bus_lcPushy": 0.7891, "bus_lcSigma": 0.704, "bus_lcSpeedGainRight": 4.311, "bus_lcSublane": 0.5904, "bus_sigma": 0.2108, "bus_tau_mean": 1.8069, "bus_tau_std": 4.0534, "bus_v_mean": 8.0413, "bus_v_std": 8.4494, "car_acc": 1.8531, "car_dcc": 1.0994, "car_lcAssertive": 26.5616, "car_lcCooperative": 0.3646, "car_lcLookaheadLeft": 86.7003, "car_lcPushy": 0.4827, "car_lcSigma": 0.7746, "car_lcSpeedGainRight": 1.4502, "car_lcSublane": 0.5349, "car_sigma": 0.9997, "car_tau_mean": 2.7587, "car_tau_std": 4.7894, "car_v_mean": 12.9631, "car_v_std": 3.4826}, "datetime": {"datetime": "2024-08-08 10:17:30", "elapsed": 1330.690967, "delta": 9.186076}}
{"target": -0.33905522247795605, "params": {"bus_acc": 1.1804, "bus_dcc": 1.2598, "bus_lcAssertive": 2.499, "bus_lcCooperative": 1.0, "bus_lcLookaheadLeft": 11.3265, "bus_lcPushy": 0.9064, "bus_lcSigma": 0.7263, "bus_lcSpeedGainRight": 2.4771, "bus_lcSublane": 0.3861, "bus_sigma": 0.393, "bus_tau_mean": 1.4278, "bus_tau_std": 9.1495, "bus_v_mean": 19.6496, "bus_v_std": 0.5597, "car_acc": 1.9624, "car_dcc": 1.8833, "car_lcAssertive": 3.907, "car_lcCooperative": 0.9698, "car_lcLookaheadLeft": 77.6015, "car_lcPushy": 0.3691, "car_lcSigma": 0.8396, "car_lcSpeedGainRight": 1.6626, "car_lcSublane": 0.3472, "car_sigma": 1.0, "car_tau_mean": 4.0, "car_tau_std": 5.2749, "car_v_mean": 23.2703, "car_v_std": 17.7993}, "datetime": {"datetime": "2024-08-08 10:17:33", "elapsed": 1333.74132, "delta": 3.050353}}
{"target": -0.3360449878283167, "params": {"bus_acc": 1.4335, "bus_dcc": 3.0055, "bus_lcAssertive": 42.6586, "bus_lcCooperative": 0.2393, "bus_lcLookaheadLeft": 77.3173, "bus_lcPushy": 0.8951, "bus_lcSigma": 0.1837, "bus_lcSpeedGainRight": 3.502, "bus_lcSublane": 0.7893, "bus_sigma": 0.6618, "bus_tau_mean": 1.2908, "bus_tau_std": 2.6233, "bus_v_mean": 15.0448, "bus_v_std": 13.6447, "car_acc": 1.7893, "car_dcc": 1.3913, "car_lcAssertive": 12.5906, "car_lcCooperative": 0.0616, "car_lcLookaheadLeft": 3.4028, "car_lcPushy": 0.6875, "car_lcSigma": 0.0841, "car_lcSpeedGainRight": 0.5555, "car_lcSublane": 0.0226, "car_sigma": 0.3195, "car_tau_mean": 3.4706, "car_tau_std": 1.3576, "car_v_mean": 20.6534, "car_v_std": 7.2359}, "datetime": {"datetime": "2024-08-08 10:17:41", "elapsed": 1341.983125, "delta": 8.241805}}
{"target": -0.3264866132330865, "params": {"bus_acc": 1.1792, "bus_dcc": 1.2585, "bus_lcAssertive": 2.4978, "bus_lcCooperative": 1.0, "bus_lcLookaheadLeft": 11.3236, "bus_lcPushy": 0.9043, "bus_lcSigma": 0.7233, "bus_lcSpeedGainRight": 2.4759, "bus_lcSublane": 0.3848, "bus_sigma": 0.3935, "bus_tau_mean": 1.4266, "bus_tau_std": 9.1467, "bus_v_mean": 19.6484, "bus_v_std": 0.5583, "car_acc": 1.9612, "car_dcc": 1.882, "car_lcAssertive": 3.9058, "car_lcCooperative": 0.968, "car_lcLookaheadLeft": 77.595, "car_lcPushy": 0.3695, "car_lcSigma": 0.8372, "car_lcSpeedGainRight": 1.6613, "car_lcSublane": 0.3477, "car_sigma": 1.0, "car_tau_mean": 4.0, "car_tau_std": 5.2737, "car_v_mean": 23.2691, "car_v_std": 17.7981}, "datetime": {"datetime": "2024-08-08 10:17:52", "elapsed": 1352.958022, "delta": 10.974897}}
{"target": -0.31684501781520147, "params": {"bus_acc": 1.694, "bus_dcc": 1.3567, "bus_lcAssertive": 28.9079, "bus_lcCooperative": 1.0, "bus_lcLookaheadLeft": 34.9362, "bus_lcPushy": 0.7895, "bus_lcSigma": 0.7079, "bus_lcSpeedGainRight": 4.3114, "bus_lcSublane": 0.5926, "bus_sigma": 0.2129, "bus_tau_mean": 1.8073, "bus_tau_std": 4.0538, "bus_v_mean": 8.0434, "bus_v_std": 8.4515, "car_acc": 1.8535, "car_dcc": 1.0998, "car_lcAssertive": 26.5603, "car_lcCooperative": 0.3633, "car_lcLookaheadLeft": 86.7008, "car_lcPushy": 0.4848, "car_lcSigma": 0.775, "car_lcSpeedGainRight": 1.4506, "car_lcSublane": 0.537, "car_sigma": 1.0, "car_tau_mean": 2.7591, "car_tau_std": 4.7898, "car_v_mean": 12.9635, "car_v_std": 3.483}, "datetime": {"datetime": "2024-08-08 10:18:01", "elapsed": 1361.438456, "delta": 8.480434}}
{"target": -0.2837456183824403, "params": {"bus_acc": 1.6949, "bus_dcc": 1.3576, "bus_lcAssertive": 28.9106, "bus_lcCooperative": 1.0, "bus_lcLookaheadLeft": 34.9354, "bus_lcPushy": 0.7887, "bus_lcSigma": 0.7035, "bus_lcSpeedGainRight": 4.3123, "bus_lcSublane": 0.5882, "bus_sigma": 0.2121, "bus_tau_mean": 1.8082, "bus_tau_std": 4.0547, "bus_v_mean": 8.0426, "bus_v_std": 8.4524, "car_acc": 1.8544, "car_dcc": 1.099, "car_lcAssertive": 26.5577, "car_lcCooperative": 0.3625, "car_lcLookaheadLeft": 86.6999, "car_lcPushy": 0.484, "car_lcSigma": 0.7742, "car_lcSpeedGainRight": 1.4498, "car_lcSublane": 0.5362, "car_sigma": 1.0, "car_tau_mean": 2.76, "car_tau_std": 4.7907, "car_v_mean": 12.9644, "car_v_std": 3.4839}, "datetime": {"datetime": "2024-08-08 10:18:06", "elapsed": 1366.162357, "delta": 4.723901}}
{"target": -0.2688755023989398, "params": {"bus_acc": 1.6931, "bus_dcc": 1.3558, "bus_lcAssertive": 28.9105, "bus_lcCooperative": 1.0, "bus_lcLookaheadLeft": 34.9388, "bus_lcPushy": 0.7886, "bus_lcSigma": 0.707, "bus_lcSpeedGainRight": 4.3105, "bus_lcSublane": 0.5917, "bus_sigma": 0.212, "bus_tau_mean": 1.8064, "bus_tau_std": 4.0529, "bus_v_mean": 8.0442, "bus_v_std": 8.4523, "car_acc": 1.8526, "car_dcc": 1.0989, "car_lcAssertive": 26.5611, "car_lcCooperative": 0.3624, "car_lcLookaheadLeft": 86.6981, "car_lcPushy": 0.4839, "car_lcSigma": 0.7741, "car_lcSpeedGainRight": 1.4497, "car_lcSublane": 0.5361, "car_sigma": 1.0, "car_tau_mean": 2.7582, "car_tau_std": 4.7889, "car_v_mean": 12.9643, "car_v_std": 3.4821}, "datetime": {"datetime": "2024-08-08 10:18:12", "elapsed": 1372.620008, "delta": 6.457651}}
{"target": -0.31953073588994596, "params": {"bus_acc": 1.693, "bus_dcc": 1.3557, "bus_lcAssertive": 28.9104, "bus_lcCooperative": 1.0, "bus_lcLookaheadLeft": 34.9387, "bus_lcPushy": 0.7885, "bus_lcSigma": 0.7068, "bus_lcSpeedGainRight": 4.3104, "bus_lcSublane": 0.5915, "bus_sigma": 0.2119, "bus_tau_mean": 1.8063, "bus_tau_std": 4.0528, "bus_v_mean": 8.0424, "bus_v_std": 8.4522, "car_acc": 1.8525, "car_dcc": 1.0988, "car_lcAssertive": 26.561, "car_lcCooperative": 0.3623, "car_lcLookaheadLeft": 86.6997, "car_lcPushy": 0.4838, "car_lcSigma": 0.774, "car_lcSpeedGainRight": 1.4496, "car_lcSublane": 0.536, "car_sigma": 0.9999, "car_tau_mean": 2.7581, "car_tau_std": 4.7888, "car_v_mean": 12.9642, "car_v_std": 3.482}, "datetime": {"datetime": "2024-08-08 10:18:16", "elapsed": 1376.521013, "delta": 3.901005}}
{"target": -0.38276272977685555, "params": {"bus_acc": 1.1098, "bus_dcc": 1.9747, "bus_lcAssertive": 83.8266, "bus_lcCooperative": 0.136, "bus_lcLookaheadLeft": 52.6929, "bus_lcPushy": 0.0735, "bus_lcSigma": 0.6773, "bus_lcSpeedGainRight": 2.9465, "bus_lcSublane": 0.3172, "bus_sigma": 0.1322, "bus_tau_mean": 3.6207, "bus_tau_std": 6.2615, "bus_v_mean": 10.6077, "bus_v_std": 11.6024, "car_acc": 2.0632, "car_dcc": 2.9098, "car_lcAssertive": 32.2277, "car_lcCooperative": 0.5428, "car_lcLookaheadLeft": 44.6531, "car_lcPushy": 0.4918, "car_lcSigma": 0.7011, "car_lcSpeedGainRight": 1.6827, "car_lcSublane": 0.8381, "car_sigma": 0.3069, "car_tau_mean": 0.7703, "car_tau_std": 8.4632, "car_v_mean": 16.8917, "car_v_std": 10.3871}, "datetime": {"datetime": "2024-08-08 10:18:21", "elapsed": 1381.078323, "delta": 4.55731}}
{"target": -0.32977715697614196, "params": {"bus_acc": 1.18, "bus_dcc": 1.2593, "bus_lcAssertive": 2.4985, "bus_lcCooperative": 1.0, "bus_lcLookaheadLeft": 11.3278, "bus_lcPushy": 0.9051, "bus_lcSigma": 0.7241, "bus_lcSpeedGainRight": 2.4767, "bus_lcSublane": 0.3856, "bus_sigma": 0.3925, "bus_tau_mean": 1.4273, "bus_tau_std": 9.1508, "bus_v_mean": 19.6492, "bus_v_std": 0.5592, "car_acc": 1.9619, "car_dcc": 1.8828, "car_lcAssertive": 3.9065, "car_lcCooperative": 0.9685, "car_lcLookaheadLeft": 77.5992, "car_lcPushy": 0.3686, "car_lcSigma": 0.8383, "car_lcSpeedGainRight": 1.6621, "car_lcSublane": 0.3468, "car_sigma": 0.9999, "car_tau_mean": 3.9999, "car_tau_std": 5.2744, "car_v_mean": 23.2698, "car_v_std": 17.7988}, "datetime": {"datetime": "2024-08-08 10:18:28", "elapsed": 1388.02989, "delta": 6.951567}}
{"target": -0.34447360537264393, "params": {"bus_acc": 2.965, "bus_dcc": 2.3869, "bus_lcAssertive": 79.8675, "bus_lcCooperative": 0.6196, "bus_lcLookaheadLeft": 64.9919, "bus_lcPushy": 0.0885, "bus_lcSigma": 0.8038, "bus_lcSpeedGainRight": 4.3219, "bus_lcSublane": 0.7157, "bus_sigma": 0.1448, "bus_tau_mean": 0.5006, "bus_tau_std": 6.7115, "bus_v_mean": 13.9722, "bus_v_std": 10.0472, "car_acc": 2.3249, "car_dcc": 2.2087, "car_lcAssertive": 1.9203, "car_lcCooperative": 0.2729, "car_lcLookaheadLeft": 22.4679, "car_lcPushy": 0.6374, "car_lcSigma": 0.894, "car_lcSpeedGainRight": 1.8101, "car_lcSublane": 0.8171, "car_sigma": 0.8771, "car_tau_mean": 3.4472, "car_tau_std": 2.9591, "car_v_mean": 8.2808, "car_v_std": 10.6466}, "datetime": {"datetime": "2024-08-08 10:18:31", "elapsed": 1391.629177, "delta": 3.599287}}
{"target": -0.3593876685361302, "params": {"bus_acc": 1.3368, "bus_dcc": 2.717, "bus_lcAssertive": 40.8004, "bus_lcCooperative": 0.6934, "bus_lcLookaheadLeft": 95.7789, "bus_lcPushy": 0.8771, "bus_lcSigma": 0.5525, "bus_lcSpeedGainRight": 2.6937, "bus_lcSublane": 0.6394, "bus_sigma": 0.4201, "bus_tau_mean": 1.4856, "bus_tau_std": 2.0812, "bus_v_mean": 8.324, "bus_v_std": 19.6613, "car_acc": 2.027, "car_dcc": 3.2203, "car_lcAssertive": 53.3262, "car_lcCooperative": 0.5755, "car_lcLookaheadLeft": 67.7022, "car_lcPushy": 0.1044, "car_lcSigma": 0.7307, "car_lcSpeedGainRight": 2.5489, "car_lcSublane": 0.4178, "car_sigma": 0.2078, "car_tau_mean": 3.6581, "car_tau_std": 3.041, "car_v_mean": 14.355, "car_v_std": 19.9893}, "datetime": {"datetime": "2024-08-08 10:18:34", "elapsed": 1394.307967, "delta": 2.67879}}
{"target": -0.34464152370071405, "params": {"bus_acc": 1.1786, "bus_dcc": 1.2579, "bus_lcAssertive": 2.4971, "bus_lcCooperative": 1.0, "bus_lcLookaheadLeft": 11.3247, "bus_lcPushy": 0.9136, "bus_lcSigma": 0.7245, "bus_lcSpeedGainRight": 2.4753, "bus_lcSublane": 0.3842, "bus_sigma": 0.3912, "bus_tau_mean": 1.4259, "bus_tau_std": 9.1495, "bus_v_mean": 19.6496, "bus_v_std": 0.5578, "car_acc": 1.9606, "car_dcc": 1.885, "car_lcAssertive": 3.9052, "car_lcCooperative": 0.9641, "car_lcLookaheadLeft": 77.596, "car_lcPushy": 0.3672, "car_lcSigma": 0.847, "car_lcSpeedGainRight": 1.6607, "car_lcSublane": 0.3454, "car_sigma": 1.0, "car_tau_mean": 4.0, "car_tau_std": 5.2731, "car_v_mean": 23.2703, "car_v_std": 17.7992}, "datetime": {"datetime": "2024-08-08 10:18:37", "elapsed": 1397.876935, "delta": 3.568968}}
{"target": -0.3538825792842345, "params": {"bus_acc": 1.1801, "bus_dcc": 1.2594, "bus_lcAssertive": 2.4986, "bus_lcCooperative": 1.0, "bus_lcLookaheadLeft": 11.3245, "bus_lcPushy": 0.9087, "bus_lcSigma": 0.7242, "bus_lcSpeedGainRight": 2.4768, "bus_lcSublane": 0.3857, "bus_sigma": 0.3926, "bus_tau_mean": 1.4274, "bus_tau_std": 9.1492, "bus_v_mean": 19.6493, "bus_v_std": 0.5575, "car_acc": 1.962, "car_dcc": 1.8829, "car_lcAssertive": 3.9066, "car_lcCooperative": 0.9724, "car_lcLookaheadLeft": 77.5959, "car_lcPushy": 0.3687, "car_lcSigma": 0.8418, "car_lcSpeedGainRight": 1.6622, "car_lcSublane": 0.3469, "car_sigma": 1.0, "car_tau_mean": 4.0, "car_tau_std": 5.2745, "car_v_mean": 23.27, "car_v_std": 17.7989}, "datetime": {"datetime": "2024-08-08 10:18:41", "elapsed": 1401.806278, "delta": 3.929343}}
{"target": -0.3712904294988818, "params": {"bus_acc": 1.1807, "bus_dcc": 1.26, "bus_lcAssertive": 2.4993, "bus_lcCooperative": 1.0, "bus_lcLookaheadLeft": 11.3251, "bus_lcPushy": 0.912, "bus_lcSigma": 0.7232, "bus_lcSpeedGainRight": 2.4774, "bus_lcSublane": 0.3847, "bus_sigma": 0.3916, "bus_tau_mean": 1.4281, "bus_tau_std": 9.1482, "bus_v_mean": 19.6483, "bus_v_std": 0.5565, "car_acc": 1.9627, "car_dcc": 1.8835, "car_lcAssertive": 3.9073, "car_lcCooperative": 0.9756, "car_lcLookaheadLeft": 77.5965, "car_lcPushy": 0.3677, "car_lcSigma": 0.845, "car_lcSpeedGainRight": 1.6628, "car_lcSublane": 0.3475, "car_sigma": 1.0, "car_tau_mean": 4.0, "car_tau_std": 5.2719, "car_v_mean": 23.2689, "car_v_std": 17.7979}, "datetime": {"datetime": "2024-08-08 10:18:44", "elapsed": 1404.86079, "delta": 3.054512}}
{"target": -0.2935512099742682, "params": {"bus_acc": 1.6933, "bus_dcc": 1.356, "bus_lcAssertive": 28.909, "bus_lcCooperative": 1.0, "bus_lcLookaheadLeft": 34.9373, "bus_lcPushy": 0.7888, "bus_lcSigma": 0.7072, "bus_lcSpeedGainRight": 4.3107, "bus_lcSublane": 0.5901, "bus_sigma": 0.214, "bus_tau_mean": 1.8066, "bus_tau_std": 4.0531, "bus_v_mean": 8.0445, "bus_v_std": 8.4526, "car_acc": 1.8528, "car_dcc": 1.0991, "car_lcAssertive": 26.5596, "car_lcCooperative": 0.3626, "car_lcLookaheadLeft": 86.6983, "car_lcPushy": 0.4859, "car_lcSigma": 0.7743, "car_lcSpeedGainRight": 1.4499, "car_lcSublane": 0.5381, "car_sigma": 1.0, "car_tau_mean": 2.7584, "car_tau_std": 4.7891, "car_v_mean": 12.9628, "car_v_std": 3.4823}, "datetime": {"datetime": "2024-08-08 10:18:49", "elapsed": 1409.017217, "delta": 4.156427}}
