{"target": -0.039601339702529735, "params": {"bus_acc": 1.5157859688540798, "bus_dcc": 3.803336477588754, "bus_lcAssertive": 62.29284369191439, "bus_lcCooperative": 0.9854449149448306, "bus_lcLookaheadLeft": 5.199098864334054, "bus_lcPushy": 0.7251666588327084, "bus_lcSublane": 0.5655542353803811, "bus_max_v": 14.848480947966392, "bus_tau_mean": 1.4072634397775794, "bus_tau_std": 3.268306848663751, "car_acc": 1.4989244134027755, "car_dcc": 1.6578037309751823, "car_lcAssertive": 80.16642291495904, "car_lcCooperative": 0.5023950058982584, "car_lcLookaheadLeft": 10.152609092305777, "car_lcPushy": 0.7769841920273803, "car_lcSublane": 0.5336490760837309, "car_max_v": 19.78775574692764, "car_tau_mean": 2.303877926000925, "car_tau_std": 3.9994592398513173}, "datetime": {"datetime": "2024-08-03 21:29:27", "elapsed": 0.0, "delta": 0.0}}
{"target": -0.04636069668279893, "params": {"bus_acc": 1.6004966790678001, "bus_dcc": 1.429017484774298, "bus_lcAssertive": 90.2295351985781, "bus_lcCooperative": 0.5415593788873733, "bus_lcLookaheadLeft": 97.52455634379805, "bus_lcPushy": 0.6366044000018972, "bus_lcSublane": 0.9939130246104789, "bus_max_v": 15.921416082859032, "bus_tau_mean": 2.3424907686693244, "bus_tau_std": 1.354279030721699, "car_acc": 1.7114103419677622, "car_dcc": 1.0786557018891199, "car_lcAssertive": 16.87912277244526, "car_lcCooperative": 0.7456371927074961, "car_lcLookaheadLeft": 4.9791696130213055, "car_lcPushy": 0.36654309724374434, "car_lcSublane": 0.8623462528380441, "car_max_v": 18.853554350147085, "car_tau_mean": 2.91829749723159, "car_tau_std": 1.8863680095531088}, "datetime": {"datetime": "2024-08-03 21:29:51", "elapsed": 23.698995, "delta": 23.698995}}
{"target": -0.05469449780259846, "params": {"bus_acc": 2.643698749528021, "bus_dcc": 2.8847187913919736, "bus_lcAssertive": 95.67384946576797, "bus_lcCooperative": 0.5899231270757698, "bus_lcLookaheadLeft": 21.387612895496094, "bus_lcPushy": 0.4293307226164923, "bus_lcSublane": 0.3367459987011673, "bus_max_v": 24.83890023814562, "bus_tau_mean": 1.8308277364104266, "bus_tau_std": 9.92700873664818, "car_acc": 2.0376085014668286, "car_dcc": 1.5168391044313765, "car_lcAssertive": 8.382833053896505, "car_lcCooperative": 0.37030569377388767, "car_lcLookaheadLeft": 14.095048261843528, "car_lcPushy": 0.6345187162918416, "car_lcSublane": 0.4139198457294089, "car_max_v": 24.818312650509004, "car_tau_mean": 3.7548446827866124, "car_tau_std": 1.4923603230975002}, "datetime": {"datetime": "2024-08-03 21:30:36", "elapsed": 68.938971, "delta": 45.239976}}
{"target": -0.079141646315195, "params": {"bus_acc": 1.3021490369428639, "bus_dcc": 2.5690255952033927, "bus_lcAssertive": 94.407429007197, "bus_lcCooperative": 0.865686014006334, "bus_lcLookaheadLeft": 40.422455155177914, "bus_lcPushy": 0.28386751597340265, "bus_lcSublane": 0.7617298626927418, "bus_max_v": 9.809686496061756, "bus_tau_mean": 1.3898132413007334, "bus_tau_std": 0.8408635417992949, "car_acc": 2.7282881895280537, "car_dcc": 2.3436967468608394, "car_lcAssertive": 56.61683980038739, "car_lcCooperative": 0.7367109576935199, "car_lcLookaheadLeft": 80.05590897885718, "car_lcPushy": 0.44750813899031383, "car_lcSublane": 0.18412755617579835, "car_max_v": 21.574657030566037, "car_tau_mean": 0.6084928593988954, "car_tau_std": 9.467282696079524}, "datetime": {"datetime": "2024-08-03 21:30:45", "elapsed": 77.580669, "delta": 8.641698}}
{"target": -0.058343702211008645, "params": {"bus_acc": 2.8705675400136013, "bus_dcc": 3.590778864754308, "bus_lcAssertive": 48.31446107243938, "bus_lcCooperative": 0.554518498278167, "bus_lcLookaheadLeft": 87.78957850337353, "bus_lcPushy": 0.9492644337722901, "bus_lcSublane": 0.639184755868246, "bus_max_v": 19.970406401795074, "bus_tau_mean": 1.7306871722615491, "bus_tau_std": 9.1802831908618, "car_acc": 2.6735040997076625, "car_dcc": 2.6561676436742885, "car_lcAssertive": 86.8950937519022, "car_lcCooperative": 0.8498718814403323, "car_lcLookaheadLeft": 81.2243129474019, "car_lcPushy": 0.13069282439738805, "car_lcSublane": 0.5360025748218121, "car_max_v": 23.01566229413832, "car_tau_mean": 3.197911406938406, "car_tau_std": 4.207131990251918}, "datetime": {"datetime": "2024-08-03 21:30:57", "elapsed": 90.130891, "delta": 12.550222}}
{"target": -0.05472004417908405, "params": {"bus_acc": 2.692109198472939, "bus_dcc": 3.7827428277926303, "bus_lcAssertive": 66.38531503349887, "bus_lcCooperative": 0.5781739184085382, "bus_lcLookaheadLeft": 41.074123275642826, "bus_lcPushy": 0.966612492642142, "bus_lcSublane": 0.15407917183235742, "bus_max_v": 22.901736172972967, "bus_tau_mean": 1.5885457375969452, "bus_tau_std": 5.48489089666104, "car_acc": 2.36413251686563, "car_dcc": 1.7094089539784663, "car_lcAssertive": 17.60593181997689, "car_lcCooperative": 0.508482013429616, "car_lcLookaheadLeft": 79.60265980729783, "car_lcPushy": 0.6924144621670756, "car_lcSublane": 0.11897333717301484, "car_max_v": 23.01484430143466, "car_tau_mean": 2.1790814846720425, "car_tau_std": 9.466766792396475}, "datetime": {"datetime": "2024-08-03 21:31:13", "elapsed": 106.367468, "delta": 16.236577}}
{"target": -0.05554021432333368, "params": {"bus_acc": 2.299166109756958, "bus_dcc": 3.794341044978732, "bus_lcAssertive": 8.398413056461354, "bus_lcCooperative": 0.2768064626005866, "bus_lcLookaheadLeft": 92.0852754171049, "bus_lcPushy": 0.7650051482981429, "bus_lcSublane": 0.5997403444720987, "bus_max_v": 21.659362876741408, "bus_tau_mean": 3.636152220512507, "bus_tau_std": 9.727203528528248, "car_acc": 2.9970410141796116, "car_dcc": 1.4189480010523106, "car_lcAssertive": 7.983662429626219, "car_lcCooperative": 0.07346665436012334, "car_lcLookaheadLeft": 3.4448915081947993, "car_lcPushy": 0.971820072977926, "car_lcSublane": 0.09476691645722912, "car_max_v": 21.834736523716995, "car_tau_mean": 2.898105489176949, "car_tau_std": 4.875571674829181}, "datetime": {"datetime": "2024-08-03 21:31:16", "elapsed": 109.177637, "delta": 2.810169}}
{"target": -0.04960788303060121, "params": {"bus_acc": 2.9869209261996996, "bus_dcc": 3.503459542054089, "bus_lcAssertive": 70.2626950575588, "bus_lcCooperative": 0.9182585891320579, "bus_lcLookaheadLeft": 5.8934132549423115, "bus_lcPushy": 0.07033344161552524, "bus_lcSublane": 0.4740062899880546, "bus_max_v": 11.983348259141547, "bus_tau_mean": 3.780382217449571, "bus_tau_std": 4.895649611451685, "car_acc": 2.0792982201867014, "car_dcc": 3.6857810971936624, "car_lcAssertive": 45.21686953654536, "car_lcCooperative": 0.8770343892703519, "car_lcLookaheadLeft": 26.85101143841958, "car_lcPushy": 0.27380970415810857, "car_lcSublane": 0.32836139008759013, "car_max_v": 15.95128540961907, "car_tau_mean": 1.2704503590944343, "car_tau_std": 6.714291710812733}, "datetime": {"datetime": "2024-08-03 21:31:38", "elapsed": 130.619009, "delta": 21.441372}}
{"target": -0.04924163299005416, "params": {"bus_acc": 2.50004352740532, "bus_dcc": 3.574941509287127, "bus_lcAssertive": 75.75313665830033, "bus_lcCooperative": 0.698057248447303, "bus_lcLookaheadLeft": 86.71898414535079, "bus_lcPushy": 0.32268099683674645, "bus_lcSublane": 0.6707887907875872, "bus_max_v": 14.017478728266983, "bus_tau_mean": 1.8373596321103103, "bus_tau_std": 4.108113499221856, "car_acc": 1.8029591669390812, "car_dcc": 1.9521518378748306, "car_lcAssertive": 62.57001742410984, "car_lcCooperative": 0.43024727082126435, "car_lcLookaheadLeft": 97.43260363687072, "car_lcPushy": 0.6778008914343111, "car_lcSublane": 0.19856988842711087, "car_max_v": 13.534020186960657, "car_tau_mean": 1.7017118392104806, "car_tau_std": 7.9763880395856654}, "datetime": {"datetime": "2024-08-03 21:31:43", "elapsed": 136.173807, "delta": 5.554798}}
{"target": -0.05130728872414217, "params": {"bus_acc": 1.3523925111501105, "bus_dcc": 1.996190723100511, "bus_lcAssertive": 13.968687636280773, "bus_lcCooperative": 0.8094906921265821, "bus_lcLookaheadLeft": 35.78419196296276, "bus_lcPushy": 0.9401074823333672, "bus_lcSublane": 0.58201417994708, "bus_max_v": 22.57663968823688, "bus_tau_mean": 3.4565705588727766, "bus_tau_std": 9.053923187086493, "car_acc": 1.919760531633614, "car_dcc": 2.63904044806112, "car_lcAssertive": 80.0617555240519, "car_lcCooperative": 0.28571885173414757, "car_lcLookaheadLeft": 50.04484521675292, "car_lcPushy": 0.5991103076458784, "car_lcSublane": 0.015533275550835723, "car_max_v": 16.869628163932745, "car_tau_mean": 2.0178672214631037, "car_tau_std": 8.073605288848414}, "datetime": {"datetime": "2024-08-03 21:31:45", "elapsed": 137.545667, "delta": 1.37186}}
{"target": -0.05095271597784251, "params": {"bus_acc": 1.6532898035441923, "bus_dcc": 2.581174306772828, "bus_lcAssertive": 88.70826783176668, "bus_lcCooperative": 0.35726976000249977, "bus_lcLookaheadLeft": 91.03644479014032, "bus_lcPushy": 0.6233601157918027, "bus_lcSublane": 0.015821242846556283, "bus_max_v": 23.588744674875226, "bus_tau_mean": 2.9181392113092337, "bus_tau_std": 9.973228504514806, "car_acc": 1.344681016690657, "car_dcc": 1.4114072488866332, "car_lcAssertive": 93.32695084067919, "car_lcCooperative": 0.6968181614899002, "car_lcLookaheadLeft": 8.468016926762123, "car_lcPushy": 0.7554630526024664, "car_lcSublane": 0.7538761884612464, "car_max_v": 23.460490710929665, "car_tau_mean": 2.990336655199651, "car_tau_std": 1.242709619721647}, "datetime": {"datetime": "2024-08-03 21:31:45", "elapsed": 138.166118, "delta": 0.620451}}
{"target": -0.050205088616991835, "params": {"bus_acc": 2.9003522384941594, "bus_dcc": 2.6699595645854695, "bus_lcAssertive": 91.64502862686118, "bus_lcCooperative": 0.6415662089463375, "bus_lcLookaheadLeft": 40.22075598584213, "bus_lcPushy": 0.48599066709690975, "bus_lcSublane": 0.6043104829199732, "bus_max_v": 15.99095843017125, "bus_tau_mean": 3.7416349934725877, "bus_tau_std": 9.187334356336061, "car_acc": 1.7897512258471098, "car_dcc": 3.8897875853221353, "car_lcAssertive": 18.22161100136597, "car_lcCooperative": 0.12632951943963733, "car_lcLookaheadLeft": 15.23775748857967, "car_lcPushy": 0.5056621656768967, "car_lcSublane": 0.021524805274197978, "car_max_v": 23.95940422435362, "car_tau_mean": 3.3949041490975636, "car_tau_std": 0.1501898074212238}, "datetime": {"datetime": "2024-08-03 21:31:55", "elapsed": 148.142964, "delta": 9.976846}}
{"target": -0.052452004396950004, "params": {"bus_acc": 1.8138439882587158, "bus_dcc": 3.9256670273119365, "bus_lcAssertive": 32.7116132563811, "bus_lcCooperative": 0.9824909449748953, "bus_lcLookaheadLeft": 64.3580003338864, "bus_lcPushy": 0.375091018393911, "bus_lcSublane": 0.8574844990835966, "bus_max_v": 17.391734787371476, "bus_tau_mean": 1.3821157804579378, "bus_tau_std": 7.928556779768876, "car_acc": 1.8658770174683261, "car_dcc": 2.072533501991324, "car_lcAssertive": 33.69741671598301, "car_lcCooperative": 0.6973688756131394, "car_lcLookaheadLeft": 28.327712142810203, "car_lcPushy": 0.8082780137053801, "car_lcSublane": 0.2952887943998478, "car_max_v": 15.882427671707145, "car_tau_mean": 2.207725221318208, "car_tau_std": 8.553564125953697}, "datetime": {"datetime": "2024-08-03 21:32:03", "elapsed": 155.923009, "delta": 7.780045}}
{"target": -0.05209643693409168, "params": {"bus_acc": 1.1601219545424346, "bus_dcc": 2.445088849063531, "bus_lcAssertive": 45.12162268376395, "bus_lcCooperative": 0.6724726505249299, "bus_lcLookaheadLeft": 45.97625136478355, "bus_lcPushy": 0.7043133983839096, "bus_lcSublane": 0.6816453376026229, "bus_max_v": 18.942970575055124, "bus_tau_mean": 2.6651025989653774, "bus_tau_std": 1.5098073327964578, "car_acc": 2.521604912611512, "car_dcc": 3.343137466581871, "car_lcAssertive": 90.50619560546669, "car_lcCooperative": 0.23376869260410593, "car_lcLookaheadLeft": 19.31453152108946, "car_lcPushy": 0.3910991231067624, "car_lcSublane": 0.3205646539951602, "car_max_v": 21.309538580112523, "car_tau_mean": 2.647340648839511, "car_tau_std": 7.600017523497488}, "datetime": {"datetime": "2024-08-03 21:32:07", "elapsed": 159.867083, "delta": 3.944074}}
{"target": -0.05374766419673042, "params": {"bus_acc": 2.0740142336810816, "bus_dcc": 2.097950040008963, "bus_lcAssertive": 60.82637752321835, "bus_lcCooperative": 0.9588025156370005, "bus_lcLookaheadLeft": 40.49664860970232, "bus_lcPushy": 0.39297299794161644, "bus_lcSublane": 0.7906369935895988, "bus_max_v": 17.901567981708528, "bus_tau_mean": 1.8785940274938175, "bus_tau_std": 6.889550482302514, "car_acc": 1.808003218108758, "car_dcc": 1.4083394627443662, "car_lcAssertive": 45.61368359854131, "car_lcCooperative": 0.3344193926972726, "car_lcLookaheadLeft": 23.360955145994456, "car_lcPushy": 0.9257748016364399, "car_lcSublane": 0.6896393990795577, "car_max_v": 16.97641781246844, "car_tau_mean": 3.113301152430518, "car_tau_std": 5.419710617714415}, "datetime": {"datetime": "2024-08-03 21:32:13", "elapsed": 166.299204, "delta": 6.432121}}
{"target": -0.05120787990162686, "params": {"bus_acc": 1.834044009405148, "bus_dcc": 3.1609734803264744, "bus_lcAssertive": 1.0113231069171438, "bus_lcCooperative": 0.30233257263183977, "bus_lcLookaheadLeft": 16.38207730007708, "bus_lcPushy": 0.0923385947687978, "bus_lcSublane": 0.1862602113776709, "bus_max_v": 11.911214540860955, "bus_tau_mean": 1.8886861598073448, "bus_tau_std": 5.3881673400335695, "car_acc": 1.8383890288065896, "car_dcc": 3.0556585011902784, "car_lcAssertive": 21.240772723420225, "car_lcCooperative": 0.8781174363909454, "car_lcLookaheadLeft": 4.6839841333967644, "car_lcPushy": 0.6704675101784022, "car_lcSublane": 0.41730480236712697, "car_max_v": 16.173796568915034, "car_tau_mean": 0.9913542850833181, "car_tau_std": 1.981014890848788}, "datetime": {"datetime": "2024-08-03 21:32:20", "elapsed": 172.768246, "delta": 6.469042}}
{"target": -0.04166309680040365, "params": {"bus_acc": 2.457701755038512, "bus_dcc": 2.550066348764615, "bus_lcAssertive": 70.98866827962733, "bus_lcCooperative": 0.7805295568767427, "bus_lcLookaheadLeft": 38.73784246661222, "bus_lcPushy": 0.7703225253299576, "bus_lcSublane": 0.7506243191751754, "bus_max_v": 17.264224230885194, "bus_tau_mean": 1.9065307338874309, "bus_tau_std": 6.973080192643409, "car_acc": 1.0062257156503842, "car_dcc": 3.3246899401737933, "car_lcAssertive": 89.74524364322785, "car_lcCooperative": 0.23931570743750463, "car_lcLookaheadLeft": 13.835184062304513, "car_lcPushy": 0.2202839877937276, "car_lcSublane": 0.3020967312900983, "car_max_v": 22.660570171276685, "car_tau_mean": 2.401082505833331, "car_tau_std": 2.867116496064306}, "datetime": {"datetime": "2024-08-03 21:32:21", "elapsed": 173.720253, "delta": 0.952007}}
{"target": -0.05297125831938818, "params": {"bus_acc": 1.6066913434171382, "bus_dcc": 1.064127883264212, "bus_lcAssertive": 99.75101428010461, "bus_lcCooperative": 0.5820299763434618, "bus_lcLookaheadLeft": 30.750875291633548, "bus_lcPushy": 0.9289494618931157, "bus_lcSublane": 0.5071194235482045, "bus_max_v": 14.093844551048138, "bus_tau_mean": 2.5575502720366527, "bus_tau_std": 2.641376442105696, "car_acc": 1.6105765986948666, "car_dcc": 2.1149637301725472, "car_lcAssertive": 25.200351937789478, "car_lcCooperative": 0.5845472661166298, "car_lcLookaheadLeft": 70.19292112536799, "car_lcPushy": 0.07194722016400112, "car_lcSublane": 0.9710833196254638, "car_max_v": 20.061413117389097, "car_tau_mean": 3.3215710703369288, "car_tau_std": 7.516404040812905}, "datetime": {"datetime": "2024-08-03 21:32:32", "elapsed": 184.984895, "delta": 11.264642}}
{"target": -0.05088593437226463, "params": {"bus_acc": 2.978680112333276, "bus_dcc": 1.2331437109971595, "bus_lcAssertive": 32.89082184786219, "bus_lcCooperative": 0.9461523954567653, "bus_lcLookaheadLeft": 2.8760320323820165, "bus_lcPushy": 0.8227300054219355, "bus_lcSublane": 0.8612116383667944, "bus_max_v": 13.79661628417145, "bus_tau_mean": 1.395108178320759, "bus_tau_std": 8.026895196332987, "car_acc": 1.9557240088644423, "car_dcc": 1.4030158259670884, "car_lcAssertive": 92.85705028967607, "car_lcCooperative": 0.8959699670066484, "car_lcLookaheadLeft": 50.17142470165966, "car_lcPushy": 0.8567024965177922, "car_lcSublane": 0.41857802576409864, "car_max_v": 18.669298003326023, "car_tau_mean": 1.8929672379277287, "car_tau_std": 5.0574201745081035}, "datetime": {"datetime": "2024-08-03 21:32:47", "elapsed": 199.479909, "delta": 14.495014}}
{"target": -0.0531666202915651, "params": {"bus_acc": 1.5740878923110173, "bus_dcc": 1.3996213412533058, "bus_lcAssertive": 93.77095809509747, "bus_lcCooperative": 0.8048358460157946, "bus_lcLookaheadLeft": 93.92679722932253, "bus_lcPushy": 0.1853805246478023, "bus_lcSublane": 0.9331557628232255, "bus_max_v": 23.71506415384266, "bus_tau_mean": 1.4924057976127907, "bus_tau_std": 2.74634248423863, "car_acc": 2.1028631473467447, "car_dcc": 1.555867718105657, "car_lcAssertive": 44.768009952049816, "car_lcCooperative": 0.1853176459376844, "car_lcLookaheadLeft": 94.842839959488, "car_lcPushy": 0.4938246574910856, "car_lcSublane": 0.9639177674239978, "car_max_v": 17.898833450244236, "car_tau_mean": 2.1951052056133493, "car_tau_std": 9.676952459611975}, "datetime": {"datetime": "2024-08-03 21:32:47", "elapsed": 199.862623, "delta": 0.382714}}
{"target": -0.04594996929925676, "params": {"bus_acc": 1.276709379585893, "bus_dcc": 1.8704333893136251, "bus_lcAssertive": 61.77323788438401, "bus_lcCooperative": 0.3241385298974466, "bus_lcLookaheadLeft": 46.82129780571785, "bus_lcPushy": 0.44411710701661444, "bus_lcSublane": 0.8281353607315121, "bus_max_v": 13.526963084724613, "bus_tau_mean": 1.7099458741142581, "bus_tau_std": 6.749716048091052, "car_acc": 1.4429641114670575, "car_dcc": 2.4017374717796613, "car_lcAssertive": 32.161803045077626, "car_lcCooperative": 0.6268556021628346, "car_lcLookaheadLeft": 87.98132652009163, "car_lcPushy": 0.4476890001456285, "car_lcSublane": 0.7844574187919231, "car_max_v": 14.139314011231008, "car_tau_mean": 2.7968026610099597, "car_tau_std": 1.3184097502750214}, "datetime": {"datetime": "2024-08-03 21:32:51", "elapsed": 203.903318, "delta": 4.040695}}
{"target": -0.05291614672735224, "params": {"bus_acc": 1.8553301993939284, "bus_dcc": 1.2983216887467677, "bus_lcAssertive": 12.388466192974379, "bus_lcCooperative": 0.3734071317371953, "bus_lcLookaheadLeft": 20.9970812159317, "bus_lcPushy": 0.8207464986229382, "bus_lcSublane": 0.5996360084237168, "bus_max_v": 18.776905180373298, "bus_tau_mean": 2.2188848645650365, "bus_tau_std": 0.8817368124218106, "car_acc": 1.4701552733723406, "car_dcc": 2.384806242674866, "car_lcAssertive": 20.6605588023387, "car_lcCooperative": 0.0254762357788203, "car_lcLookaheadLeft": 73.48097442910296, "car_lcPushy": 0.7249167472191191, "car_lcSublane": 0.33039174636170277, "car_max_v": 21.86988252127311, "car_tau_mean": 1.999548665828757, "car_tau_std": 8.646861447635343}, "datetime": {"datetime": "2024-08-03 21:32:52", "elapsed": 204.891561, "delta": 0.988243}}
{"target": -0.049110230278012944, "params": {"bus_acc": 1.3771552069989357, "bus_dcc": 2.3226165994668726, "bus_lcAssertive": 84.63637008161415, "bus_lcCooperative": 0.5952697806732562, "bus_lcLookaheadLeft": 47.29149347575299, "bus_lcPushy": 0.5126497467571176, "bus_lcSublane": 0.5738855268923474, "bus_max_v": 13.806384151711864, "bus_tau_mean": 1.1774563520333368, "bus_tau_std": 1.1396576145918635, "car_acc": 1.302455854740296, "car_dcc": 1.1574728915594017, "car_lcAssertive": 56.30896469529952, "car_lcCooperative": 0.8477210140360106, "car_lcLookaheadLeft": 37.19369521456285, "car_lcPushy": 0.07531087263581782, "car_lcSublane": 0.42572441198511624, "car_max_v": 17.040156769440028, "car_tau_mean": 1.9889121295147314, "car_tau_std": 8.107212336073701}, "datetime": {"datetime": "2024-08-03 21:32:54", "elapsed": 206.873073, "delta": 1.981512}}
{"target": -0.04624524501290445, "params": {"bus_acc": 1.0458302626447635, "bus_dcc": 2.5572469666359683, "bus_lcAssertive": 81.18888235557921, "bus_lcCooperative": 0.012603767029876312, "bus_lcLookaheadLeft": 67.90204477606592, "bus_lcPushy": 0.6868082266569918, "bus_lcSublane": 0.44924675358663757, "bus_max_v": 23.295773734838686, "bus_tau_mean": 2.7552637966494755, "bus_tau_std": 0.05239837651465851, "car_acc": 1.9688568910287512, "car_dcc": 3.5779534182928, "car_lcAssertive": 83.2095574336966, "car_lcCooperative": 0.6491541971124779, "car_lcLookaheadLeft": 68.0224455420659, "car_lcPushy": 0.5784995797892005, "car_lcSublane": 0.27411977516685215, "car_max_v": 16.210599810721178, "car_tau_mean": 2.851054246860971, "car_tau_std": 3.524296302164088}, "datetime": {"datetime": "2024-08-03 21:33:02", "elapsed": 215.343721, "delta": 8.470648}}
{"target": -0.0535889355539538, "params": {"bus_acc": 2.9557607867199316, "bus_dcc": 1.7523194700190068, "bus_lcAssertive": 34.02741265594187, "bus_lcCooperative": 0.954200507429589, "bus_lcLookaheadLeft": 81.25410412215838, "bus_lcPushy": 0.9003400045106619, "bus_lcSublane": 0.011589589409895185, "bus_max_v": 12.595288660679895, "bus_tau_mean": 1.3243268481345425, "bus_tau_std": 2.959350518874113, "car_acc": 2.4759909928076818, "car_dcc": 3.172254534592222, "car_lcAssertive": 46.71814160970708, "car_lcCooperative": 0.3652744612070937, "car_lcLookaheadLeft": 59.29977807444352, "car_lcPushy": 0.5337077546342763, "car_lcSublane": 0.550579559007862, "car_max_v": 17.309541422293155, "car_tau_mean": 1.8847689529364209, "car_tau_std": 7.717184824154584}, "datetime": {"datetime": "2024-08-03 21:33:03", "elapsed": 215.731253, "delta": 0.387532}}
