{"target": -0.33433221268660906, "params": {"bus_acc": 2.2588, "bus_dcc": 3.0768, "bus_lcAssertive": 68.6112, "bus_lcCooperative": 0.2247, "bus_lcLookaheadLeft": 18.8076, "bus_lcPushy": 0.4849, "bus_lcSigma": 0.1021, "bus_lcSpeedGainRight": 1.1309, "bus_lcSublane": 0.7066, "bus_sigma": 0.6308, "bus_tau_mean": 2.5573, "bus_tau_std": 8.7022, "bus_v_mean": 13.9312, "bus_v_std": 9.0713, "car_acc": 1.632, "car_dcc": 1.1358, "car_lcAssertive": 85.3771, "car_lcCooperative": 0.8952, "car_lcLookaheadLeft": 86.5378, "car_lcPushy": 0.1349, "car_lcSigma": 0.2162, "car_lcSpeedGainRight": 4.2478, "car_lcSublane": 0.6974, "car_sigma": 0.5582, "car_tau_mean": 3.2523, "car_tau_std": 4.8342, "car_v_mean": 14.2306, "car_v_std": 0.0724}, "datetime": {"datetime": "2024-08-08 00:23:59", "elapsed": 1258.762427, "delta": 1.715196}}
{"target": -0.32941051224959855, "params": {"bus_acc": 1.0, "bus_dcc": 1.0, "bus_lcAssertive": 33.4034, "bus_lcCooperative": 1.0, "bus_lcLookaheadLeft": 31.2167, "bus_lcPushy": 0.937, "bus_lcSigma": 0.7803, "bus_lcSpeedGainRight": 2.1424, "bus_lcSublane": 0.3284, "bus_sigma": 0.2244, "bus_tau_mean": 2.858, "bus_tau_std": 1.1186, "bus_v_mean": 9.8945, "bus_v_std": 12.6874, "car_acc": 3.0, "car_dcc": 2.9379, "car_lcAssertive": 33.9004, "car_lcCooperative": 0.0, "car_lcLookaheadLeft": 71.502, "car_lcPushy": 1.0, "car_lcSigma": 0.171, "car_lcSpeedGainRight": 4.4867, "car_lcSublane": 0.41, "car_sigma": 0.5543, "car_tau_mean": 2.2001, "car_tau_std": 3.5953, "car_v_mean": 10.5391, "car_v_std": 8.1465}, "datetime": {"datetime": "2024-08-08 00:24:00", "elapsed": 1259.958184, "delta": 1.195757}}
{"target": -0.3763681209855064, "params": {"bus_acc": 2.1902, "bus_dcc": 1.5704, "bus_lcAssertive": 7.0135, "bus_lcCooperative": 0.9465, "bus_lcLookaheadLeft": 69.8701, "bus_lcPushy": 0.6447, "bus_lcSigma": 0.6964, "bus_lcSpeedGainRight": 0.659, "bus_lcSublane": 0.9723, "bus_sigma": 0.0267, "bus_tau_mean": 3.8606, "bus_tau_std": 9.8081, "bus_v_mean": 20.5226, "bus_v_std": 5.4958, "car_acc": 1.6176, "car_dcc": 1.4129, "car_lcAssertive": 49.3164, "car_lcCooperative": 0.8833, "car_lcLookaheadLeft": 18.9873, "car_lcPushy": 0.1807, "car_lcSigma": 0.4762, "car_lcSpeedGainRight": 2.0197, "car_lcSublane": 0.562, "car_sigma": 0.0494, "car_tau_mean": 3.8592, "car_tau_std": 8.7409, "car_v_mean": 12.1457, "car_v_std": 15.0625}, "datetime": {"datetime": "2024-08-08 00:24:01", "elapsed": 1260.840328, "delta": 0.882144}}
{"target": -0.3536159763273703, "params": {"bus_acc": 1.0, "bus_dcc": 1.0, "bus_lcAssertive": 33.5549, "bus_lcCooperative": 1.0, "bus_lcLookaheadLeft": 29.8923, "bus_lcPushy": 1.0, "bus_lcSigma": 0.9098, "bus_lcSpeedGainRight": 2.5069, "bus_lcSublane": 0.3799, "bus_sigma": 0.1469, "bus_tau_mean": 3.1063, "bus_tau_std": 0.0, "bus_v_mean": 8.0, "bus_v_std": 12.552, "car_acc": 3.0, "car_dcc": 3.2548, "car_lcAssertive": 33.5987, "car_lcCooperative": 0.0, "car_lcLookaheadLeft": 71.7576, "car_lcPushy": 1.0, "car_lcSigma": 0.1043, "car_lcSpeedGainRight": 5.0, "car_lcSublane": 0.3966, "car_sigma": 0.5805, "car_tau_mean": 2.2622, "car_tau_std": 3.0196, "car_v_mean": 9.4537, "car_v_std": 8.8145}, "datetime": {"datetime": "2024-08-08 00:24:03", "elapsed": 1262.150102, "delta": 1.309774}}
{"target": -0.3394104068345219, "params": {"bus_acc": 2.981, "bus_dcc": 2.8491, "bus_lcAssertive": 86.849, "bus_lcCooperative": 0.6952, "bus_lcLookaheadLeft": 24.4113, "bus_lcPushy": 0.9013, "bus_lcSigma": 0.0852, "bus_lcSpeedGainRight": 1.3879, "bus_lcSublane": 0.3593, "bus_sigma": 0.3518, "bus_tau_mean": 2.0008, "bus_tau_std": 5.5536, "bus_v_mean": 15.7849, "bus_v_std": 19.5435, "car_acc": 2.572, "car_dcc": 3.1282, "car_lcAssertive": 85.3503, "car_lcCooperative": 0.7842, "car_lcLookaheadLeft": 54.5994, "car_lcPushy": 0.3505, "car_lcSigma": 0.1101, "car_lcSpeedGainRight": 4.8579, "car_lcSublane": 0.6304, "car_sigma": 0.3472, "car_tau_mean": 3.1967, "car_tau_std": 0.5464, "car_v_mean": 21.7251, "car_v_std": 16.7062}, "datetime": {"datetime": "2024-08-08 00:24:04", "elapsed": 1263.151825, "delta": 1.001723}}
{"target": -0.3435608147886407, "params": {"bus_acc": 1.6554, "bus_dcc": 2.1487, "bus_lcAssertive": 76.4023, "bus_lcCooperative": 0.2355, "bus_lcLookaheadLeft": 90.277, "bus_lcPushy": 0.8768, "bus_lcSigma": 0.724, "bus_lcSpeedGainRight": 2.0673, "bus_lcSublane": 0.2047, "bus_sigma": 0.3709, "bus_tau_mean": 1.6123, "bus_tau_std": 1.4373, "bus_v_mean": 14.6955, "bus_v_std": 11.8972, "car_acc": 2.3035, "car_dcc": 1.2827, "car_lcAssertive": 12.1175, "car_lcCooperative": 0.3237, "car_lcLookaheadLeft": 62.5093, "car_lcPushy": 0.3393, "car_lcSigma": 0.7075, "car_lcSpeedGainRight": 2.9978, "car_lcSublane": 0.1564, "car_sigma": 0.7203, "car_tau_mean": 0.5, "car_tau_std": 5.0667, "car_v_mean": 17.8253, "car_v_std": 9.7496}, "datetime": {"datetime": "2024-08-08 00:24:04", "elapsed": 1264.137117, "delta": 0.985292}}
{"target": -0.3194403618866163, "params": {"bus_acc": 2.4804, "bus_dcc": 1.8145, "bus_lcAssertive": 77.7966, "bus_lcCooperative": 0.3154, "bus_lcLookaheadLeft": 13.3808, "bus_lcPushy": 0.15, "bus_lcSigma": 0.5444, "bus_lcSpeedGainRight": 4.3981, "bus_lcSublane": 0.4227, "bus_sigma": 0.4626, "bus_tau_mean": 3.976, "bus_tau_std": 3.7989, "bus_v_mean": 9.6269, "bus_v_std": 14.4227, "car_acc": 2.4472, "car_dcc": 2.7603, "car_lcAssertive": 70.4827, "car_lcCooperative": 0.6293, "car_lcLookaheadLeft": 56.1895, "car_lcPushy": 0.4278, "car_lcSigma": 0.359, "car_lcSpeedGainRight": 1.5188, "car_lcSublane": 0.7274, "car_sigma": 0.7764, "car_tau_mean": 3.7407, "car_tau_std": 2.1357, "car_v_mean": 17.2356, "car_v_std": 11.5276}, "datetime": {"datetime": "2024-08-08 00:24:06", "elapsed": 1265.444435, "delta": 1.307318}}
{"target": -0.306805282794272, "params": {"bus_acc": 1.1746, "bus_dcc": 1.2497, "bus_lcAssertive": 9.5697, "bus_lcCooperative": 0.178, "bus_lcLookaheadLeft": 82.9364, "bus_lcPushy": 0.8105, "bus_lcSigma": 0.4825, "bus_lcSpeedGainRight": 3.3249, "bus_lcSublane": 0.4719, "bus_sigma": 0.1169, "bus_tau_mean": 3.719, "bus_tau_std": 8.568, "bus_v_mean": 11.7639, "bus_v_std": 2.561, "car_acc": 2.5306, "car_dcc": 1.8114, "car_lcAssertive": 64.2449, "car_lcCooperative": 0.1324, "car_lcLookaheadLeft": 13.3331, "car_lcPushy": 0.1376, "car_lcSigma": 0.6411, "car_lcSpeedGainRight": 1.0821, "car_lcSublane": 0.9109, "car_sigma": 0.3791, "car_tau_mean": 3.3567, "car_tau_std": 9.1948, "car_v_mean": 16.0994, "car_v_std": 19.9934}, "datetime": {"datetime": "2024-08-08 00:24:07", "elapsed": 1266.72817, "delta": 1.283735}}
{"target": -0.35860464155669236, "params": {"bus_acc": 2.4379, "bus_dcc": 1.5702, "bus_lcAssertive": 23.7443, "bus_lcCooperative": 0.0196, "bus_lcLookaheadLeft": 9.5809, "bus_lcPushy": 0.8909, "bus_lcSigma": 0.0393, "bus_lcSpeedGainRight": 3.0506, "bus_lcSublane": 0.1336, "bus_sigma": 0.4875, "bus_tau_mean": 3.4862, "bus_tau_std": 8.8202, "bus_v_mean": 16.4408, "bus_v_std": 4.3016, "car_acc": 2.3791, "car_dcc": 1.927, "car_lcAssertive": 44.8768, "car_lcCooperative": 0.8377, "car_lcLookaheadLeft": 90.1887, "car_lcPushy": 0.5285, "car_lcSigma": 0.2506, "car_lcSpeedGainRight": 0.8831, "car_lcSublane": 0.9813, "car_sigma": 0.37, "car_tau_mean": 2.4392, "car_tau_std": 6.2636, "car_v_mean": 15.9309, "car_v_std": 4.2135}, "datetime": {"datetime": "2024-08-08 00:24:09", "elapsed": 1268.187995, "delta": 1.459825}}
{"target": -0.33961210827433574, "params": {"bus_acc": 1.4961, "bus_dcc": 3.0024, "bus_lcAssertive": 6.9134, "bus_lcCooperative": 0.3525, "bus_lcLookaheadLeft": 34.8293, "bus_lcPushy": 0.9321, "bus_lcSigma": 0.2987, "bus_lcSpeedGainRight": 1.946, "bus_lcSublane": 0.3715, "bus_sigma": 0.7064, "bus_tau_mean": 0.8744, "bus_tau_std": 6.8764, "bus_v_mean": 14.5245, "bus_v_std": 3.5874, "car_acc": 2.682, "car_dcc": 1.2032, "car_lcAssertive": 65.2212, "car_lcCooperative": 0.5081, "car_lcLookaheadLeft": 97.7144, "car_lcPushy": 0.43, "car_lcSigma": 0.7065, "car_lcSpeedGainRight": 4.8178, "car_lcSublane": 0.639, "car_sigma": 0.2877, "car_tau_mean": 3.7388, "car_tau_std": 2.9122, "car_v_mean": 13.9985, "car_v_std": 18.7598}, "datetime": {"datetime": "2024-08-08 00:24:10", "elapsed": 1269.224739, "delta": 1.036744}}
{"target": -0.3329529359552616, "params": {"bus_acc": 1.9969, "bus_dcc": 2.6297, "bus_lcAssertive": 52.0381, "bus_lcCooperative": 0.3876, "bus_lcLookaheadLeft": 10.43, "bus_lcPushy": 0.5924, "bus_lcSigma": 0.4297, "bus_lcSpeedGainRight": 2.8583, "bus_lcSublane": 0.0608, "bus_sigma": 0.66, "bus_tau_mean": 3.5534, "bus_tau_std": 8.215, "bus_v_mean": 19.6229, "bus_v_std": 9.1419, "car_acc": 2.5811, "car_dcc": 2.9823, "car_lcAssertive": 47.4323, "car_lcCooperative": 0.2495, "car_lcLookaheadLeft": 33.6552, "car_lcPushy": 0.3059, "car_lcSigma": 0.1906, "car_lcSpeedGainRight": 1.3061, "car_lcSublane": 0.1863, "car_sigma": 0.3067, "car_tau_mean": 0.9418, "car_tau_std": 5.0018, "car_v_mean": 16.3107, "car_v_std": 13.9027}, "datetime": {"datetime": "2024-08-08 00:24:10", "elapsed": 1269.901369, "delta": 0.67663}}
{"target": -0.36601587822517634, "params": {"bus_acc": 2.2341, "bus_dcc": 3.5973, "bus_lcAssertive": 85.5246, "bus_lcCooperative": 0.9, "bus_lcLookaheadLeft": 56.7841, "bus_lcPushy": 0.3044, "bus_lcSigma": 0.1104, "bus_lcSpeedGainRight": 2.0659, "bus_lcSublane": 0.2748, "bus_sigma": 0.6366, "bus_tau_mean": 3.9909, "bus_tau_std": 5.6431, "bus_v_mean": 12.9812, "bus_v_std": 12.5729, "car_acc": 1.4022, "car_dcc": 2.6234, "car_lcAssertive": 59.1525, "car_lcCooperative": 0.8187, "car_lcLookaheadLeft": 5.5493, "car_lcPushy": 0.8201, "car_lcSigma": 0.6652, "car_lcSpeedGainRight": 1.5773, "car_lcSublane": 0.5827, "car_sigma": 0.9764, "car_tau_mean": 2.0774, "car_tau_std": 9.3712, "car_v_mean": 8.914, "car_v_std": 12.6922}, "datetime": {"datetime": "2024-08-08 00:24:11", "elapsed": 1270.688232, "delta": 0.786863}}
{"target": -0.3566655898391597, "params": {"bus_acc": 1.0, "bus_dcc": 1.0, "bus_lcAssertive": 33.0811, "bus_lcCooperative": 1.0, "bus_lcLookaheadLeft": 31.173, "bus_lcPushy": 0.9436, "bus_lcSigma": 0.8288, "bus_lcSpeedGainRight": 2.3286, "bus_lcSublane": 0.3656, "bus_sigma": 0.1984, "bus_tau_mean": 2.9155, "bus_tau_std": 0.6703, "bus_v_mean": 8.9004, "bus_v_std": 12.3838, "car_acc": 3.0, "car_dcc": 2.9972, "car_lcAssertive": 34.6842, "car_lcCooperative": 0.0, "car_lcLookaheadLeft": 71.5775, "car_lcPushy": 1.0, "car_lcSigma": 0.1618, "car_lcSpeedGainRight": 4.7197, "car_lcSublane": 0.3717, "car_sigma": 0.5961, "car_tau_mean": 2.1204, "car_tau_std": 3.2885, "car_v_mean": 10.4616, "car_v_std": 8.2275}, "datetime": {"datetime": "2024-08-08 00:24:12", "elapsed": 1271.348582, "delta": 0.66035}}
{"target": -0.3783500895947924, "params": {"bus_acc": 2.0228, "bus_dcc": 3.3506, "bus_lcAssertive": 49.4754, "bus_lcCooperative": 0.5931, "bus_lcLookaheadLeft": 16.8075, "bus_lcPushy": 0.4431, "bus_lcSigma": 0.7006, "bus_lcSpeedGainRight": 2.5603, "bus_lcSublane": 0.8206, "bus_sigma": 0.9065, "bus_tau_mean": 3.2542, "bus_tau_std": 1.4606, "bus_v_mean": 12.3078, "bus_v_std": 10.7864, "car_acc": 2.5561, "car_dcc": 2.7961, "car_lcAssertive": 11.9803, "car_lcCooperative": 0.267, "car_lcLookaheadLeft": 32.4983, "car_lcPushy": 0.9941, "car_lcSigma": 0.1631, "car_lcSpeedGainRight": 0.5562, "car_lcSublane": 0.5546, "car_sigma": 0.1962, "car_tau_mean": 2.9046, "car_tau_std": 4.3512, "car_v_mean": 18.7382, "car_v_std": 16.073}, "datetime": {"datetime": "2024-08-08 00:24:13", "elapsed": 1272.153174, "delta": 0.804592}}
{"target": -0.30361489222222104, "params": {"bus_acc": 2.3401, "bus_dcc": 1.2409, "bus_lcAssertive": 55.3676, "bus_lcCooperative": 0.5186, "bus_lcLookaheadLeft": 48.3707, "bus_lcPushy": 0.7379, "bus_lcSigma": 0.274, "bus_lcSpeedGainRight": 2.8333, "bus_lcSublane": 0.9326, "bus_sigma": 0.5872, "bus_tau_mean": 1.7606, "bus_tau_std": 5.9855, "bus_v_mean": 9.3742, "bus_v_std": 0.2278, "car_acc": 1.8408, "car_dcc": 1.6178, "car_lcAssertive": 25.5705, "car_lcCooperative": 0.6425, "car_lcLookaheadLeft": 2.0, "car_lcPushy": 0.3806, "car_lcSigma": 0.9315, "car_lcSpeedGainRight": 2.9141, "car_lcSublane": 0.3387, "car_sigma": 0.6258, "car_tau_mean": 1.1722, "car_tau_std": 1.1379, "car_v_mean": 15.5692, "car_v_std": 15.9296}, "datetime": {"datetime": "2024-08-08 00:24:14", "elapsed": 1273.513285, "delta": 1.360111}}
{"target": -0.3554809199761023, "params": {"bus_acc": 1.9191, "bus_dcc": 1.0804, "bus_lcAssertive": 53.6323, "bus_lcCooperative": 0.8536, "bus_lcLookaheadLeft": 72.9861, "bus_lcPushy": 0.7352, "bus_lcSigma": 0.1142, "bus_lcSpeedGainRight": 1.2809, "bus_lcSublane": 0.4461, "bus_sigma": 0.8768, "bus_tau_mean": 2.5254, "bus_tau_std": 4.7417, "bus_v_mean": 10.8215, "bus_v_std": 10.3925, "car_acc": 1.6014, "car_dcc": 1.3227, "car_lcAssertive": 9.771, "car_lcCooperative": 0.6267, "car_lcLookaheadLeft": 49.8854, "car_lcPushy": 0.5664, "car_lcSigma": 0.4326, "car_lcSpeedGainRight": 2.9349, "car_lcSublane": 0.857, "car_sigma": 0.5432, "car_tau_mean": 3.9084, "car_tau_std": 6.442, "car_v_mean": 19.7355, "car_v_std": 14.2338}, "datetime": {"datetime": "2024-08-08 00:24:15", "elapsed": 1274.863932, "delta": 1.350647}}
{"target": -0.30223332714392326, "params": {"bus_acc": 3.0, "bus_dcc": 1.7293, "bus_lcAssertive": 42.7004, "bus_lcCooperative": 0.5557, "bus_lcLookaheadLeft": 58.8414, "bus_lcPushy": 0.8338, "bus_lcSigma": 0.6126, "bus_lcSpeedGainRight": 5.0, "bus_lcSublane": 1.0, "bus_sigma": 1.0, "bus_tau_mean": 2.3681, "bus_tau_std": 6.2683, "bus_v_mean": 14.8894, "bus_v_std": 6.3593, "car_acc": 2.3251, "car_dcc": 1.8471, "car_lcAssertive": 22.4703, "car_lcCooperative": 0.785, "car_lcLookaheadLeft": 3.6317, "car_lcPushy": 0.706, "car_lcSigma": 1.0, "car_lcSpeedGainRight": 4.3876, "car_lcSublane": 0.3439, "car_sigma": 0.9301, "car_tau_mean": 1.5631, "car_tau_std": 1.4538, "car_v_mean": 13.853, "car_v_std": 13.8175}, "datetime": {"datetime": "2024-08-08 00:24:16", "elapsed": 1275.996558, "delta": 1.132626}}
{"target": -0.35278390025491807, "params": {"bus_acc": 1.564, "bus_dcc": 2.1687, "bus_lcAssertive": 10.5449, "bus_lcCooperative": 0.7001, "bus_lcLookaheadLeft": 81.5364, "bus_lcPushy": 0.8021, "bus_lcSigma": 0.4715, "bus_lcSpeedGainRight": 1.2552, "bus_lcSublane": 0.5811, "bus_sigma": 0.3238, "bus_tau_mean": 3.362, "bus_tau_std": 6.7632, "bus_v_mean": 10.8641, "bus_v_std": 6.9866, "car_acc": 2.151, "car_dcc": 2.158, "car_lcAssertive": 10.6211, "car_lcCooperative": 0.533, "car_lcLookaheadLeft": 47.8673, "car_lcPushy": 0.7598, "car_lcSigma": 0.5299, "car_lcSpeedGainRight": 1.8871, "car_lcSublane": 0.4073, "car_sigma": 0.5485, "car_tau_mean": 1.1549, "car_tau_std": 4.012, "car_v_mean": 19.0406, "car_v_std": 4.7391}, "datetime": {"datetime": "2024-08-08 00:24:18", "elapsed": 1277.225831, "delta": 1.229273}}
{"target": -0.35649578821829053, "params": {"bus_acc": 1.6755, "bus_dcc": 2.269, "bus_lcAssertive": 76.4908, "bus_lcCooperative": 0.2536, "bus_lcLookaheadLeft": 87.0776, "bus_lcPushy": 0.7917, "bus_lcSigma": 0.6526, "bus_lcSpeedGainRight": 2.2517, "bus_lcSublane": 0.1869, "bus_sigma": 0.4501, "bus_tau_mean": 1.7793, "bus_tau_std": 1.6108, "bus_v_mean": 14.9242, "bus_v_std": 12.5108, "car_acc": 2.2463, "car_dcc": 1.6521, "car_lcAssertive": 12.8474, "car_lcCooperative": 0.2938, "car_lcLookaheadLeft": 64.3297, "car_lcPushy": 0.3545, "car_lcSigma": 0.6167, "car_lcSpeedGainRight": 2.5339, "car_lcSublane": 0.1141, "car_sigma": 0.6279, "car_tau_mean": 0.7592, "car_tau_std": 4.4797, "car_v_mean": 17.8711, "car_v_std": 9.8887}, "datetime": {"datetime": "2024-08-08 00:24:18", "elapsed": 1278.127214, "delta": 0.901383}}
{"target": -0.3349559814545303, "params": {"bus_acc": 1.0, "bus_dcc": 1.0, "bus_lcAssertive": 33.4571, "bus_lcCooperative": 1.0, "bus_lcLookaheadLeft": 31.4118, "bus_lcPushy": 0.943, "bus_lcSigma": 0.781, "bus_lcSpeedGainRight": 2.1894, "bus_lcSublane": 0.3315, "bus_sigma": 0.2165, "bus_tau_mean": 2.795, "bus_tau_std": 1.2516, "bus_v_mean": 9.831, "bus_v_std": 12.6374, "car_acc": 3.0, "car_dcc": 2.9052, "car_lcAssertive": 34.015, "car_lcCooperative": 0.001, "car_lcLookaheadLeft": 71.4319, "car_lcPushy": 0.9948, "car_lcSigma": 0.1745, "car_lcSpeedGainRight": 4.4113, "car_lcSublane": 0.3869, "car_sigma": 0.604, "car_tau_mean": 2.0724, "car_tau_std": 3.4924, "car_v_mean": 10.6917, "car_v_std": 8.1193}, "datetime": {"datetime": "2024-08-08 00:24:20", "elapsed": 1279.964053, "delta": 1.836839}}
{"target": -0.32683666152082136, "params": {"bus_acc": 1.5564, "bus_dcc": 3.106, "bus_lcAssertive": 82.0994, "bus_lcCooperative": 0.2388, "bus_lcLookaheadLeft": 65.7041, "bus_lcPushy": 0.4373, "bus_lcSigma": 0.7377, "bus_lcSpeedGainRight": 1.0594, "bus_lcSublane": 0.6086, "bus_sigma": 0.9479, "bus_tau_mean": 2.9748, "bus_tau_std": 9.9544, "bus_v_mean": 14.2499, "bus_v_std": 4.832, "car_acc": 2.5732, "car_dcc": 1.0158, "car_lcAssertive": 84.3754, "car_lcCooperative": 0.6727, "car_lcLookaheadLeft": 46.8499, "car_lcPushy": 0.1649, "car_lcSigma": 0.2985, "car_lcSpeedGainRight": 1.8472, "car_lcSublane": 0.9999, "car_sigma": 0.7359, "car_tau_mean": 2.2099, "car_tau_std": 1.3099, "car_v_mean": 13.6978, "car_v_std": 5.0451}, "datetime": {"datetime": "2024-08-08 00:24:21", "elapsed": 1280.896657, "delta": 0.932604}}
{"target": -0.3676308920626938, "params": {"bus_acc": 1.44, "bus_dcc": 3.7248, "bus_lcAssertive": 51.5257, "bus_lcCooperative": 0.1667, "bus_lcLookaheadLeft": 12.6664, "bus_lcPushy": 0.5545, "bus_lcSigma": 0.8026, "bus_lcSpeedGainRight": 2.9558, "bus_lcSublane": 0.9569, "bus_sigma": 0.7339, "bus_tau_mean": 2.3821, "bus_tau_std": 3.0618, "bus_v_mean": 14.9217, "bus_v_std": 14.61, "car_acc": 2.3203, "car_dcc": 3.2656, "car_lcAssertive": 10.2964, "car_lcCooperative": 0.041, "car_lcLookaheadLeft": 36.7221, "car_lcPushy": 0.6267, "car_lcSigma": 0.7641, "car_lcSpeedGainRight": 3.9236, "car_lcSublane": 0.0557, "car_sigma": 0.3483, "car_tau_mean": 2.4547, "car_tau_std": 2.5938, "car_v_mean": 8.746, "car_v_std": 11.1824}, "datetime": {"datetime": "2024-08-08 00:24:22", "elapsed": 1281.694581, "delta": 0.797924}}
{"target": -0.2887803024220969, "params": {"bus_acc": 1.0, "bus_dcc": 1.0, "bus_lcAssertive": 33.5452, "bus_lcCooperative": 1.0, "bus_lcLookaheadLeft": 30.6371, "bus_lcPushy": 0.9756, "bus_lcSigma": 0.8433, "bus_lcSpeedGainRight": 2.3909, "bus_lcSublane": 0.3684, "bus_sigma": 0.1926, "bus_tau_mean": 2.9874, "bus_tau_std": 0.4685, "bus_v_mean": 9.1847, "bus_v_std": 12.4699, "car_acc": 3.0, "car_dcc": 3.097, "car_lcAssertive": 33.281, "car_lcCooperative": 0.0, "car_lcLookaheadLeft": 71.5729, "car_lcPushy": 1.0, "car_lcSigma": 0.1269, "car_lcSpeedGainRight": 4.7615, "car_lcSublane": 0.4143, "car_sigma": 0.6053, "car_tau_mean": 2.2244, "car_tau_std": 3.1219, "car_v_mean": 10.3495, "car_v_std": 8.3313}, "datetime": {"datetime": "2024-08-08 00:24:23", "elapsed": 1282.388249, "delta": 0.693668}}
{"target": -0.36652318654967664, "params": {"bus_acc": 2.2701, "bus_dcc": 2.7641, "bus_lcAssertive": 13.1608, "bus_lcCooperative": 0.3224, "bus_lcLookaheadLeft": 18.4072, "bus_lcPushy": 0.4381, "bus_lcSigma": 0.4015, "bus_lcSpeedGainRight": 0.4501, "bus_lcSublane": 0.0979, "bus_sigma": 0.0587, "bus_tau_mean": 3.7016, "bus_tau_std": 9.0002, "bus_v_mean": 12.5939, "bus_v_std": 9.7197, "car_acc": 1.4991, "car_dcc": 3.0205, "car_lcAssertive": 20.8365, "car_lcCooperative": 0.6619, "car_lcLookaheadLeft": 88.3892, "car_lcPushy": 0.5723, "car_lcSigma": 0.3541, "car_lcSpeedGainRight": 3.2755, "car_lcSublane": 0.4172, "car_sigma": 0.8469, "car_tau_mean": 3.0015, "car_tau_std": 4.1661, "car_v_mean": 20.7578, "car_v_std": 0.1768}, "datetime": {"datetime": "2024-08-08 00:24:24", "elapsed": 1283.415674, "delta": 1.027425}}
{"target": -0.32395203779095894, "params": {"bus_acc": 1.3758, "bus_dcc": 1.794, "bus_lcAssertive": 11.5888, "bus_lcCooperative": 0.7447, "bus_lcLookaheadLeft": 80.5499, "bus_lcPushy": 0.71, "bus_lcSigma": 0.3877, "bus_lcSpeedGainRight": 1.8648, "bus_lcSublane": 0.4001, "bus_sigma": 0.4493, "bus_tau_mean": 2.9067, "bus_tau_std": 6.91, "bus_v_mean": 9.766, "bus_v_std": 5.8766, "car_acc": 1.9012, "car_dcc": 2.0836, "car_lcAssertive": 11.268, "car_lcCooperative": 0.6128, "car_lcLookaheadLeft": 45.171, "car_lcPushy": 0.7785, "car_lcSigma": 0.7428, "car_lcSpeedGainRight": 2.2078, "car_lcSublane": 0.2923, "car_sigma": 0.6123, "car_tau_mean": 0.9244, "car_tau_std": 3.7373, "car_v_mean": 20.3703, "car_v_std": 5.6505}, "datetime": {"datetime": "2024-08-08 00:24:24", "elapsed": 1284.055345, "delta": 0.639671}}
{"target": -0.3637227244934205, "params": {"bus_acc": 1.6953, "bus_dcc": 2.5713, "bus_lcAssertive": 62.8099, "bus_lcCooperative": 0.9155, "bus_lcLookaheadLeft": 62.6596, "bus_lcPushy": 0.3527, "bus_lcSigma": 0.5263, "bus_lcSpeedGainRight": 4.5091, "bus_lcSublane": 0.4695, "bus_sigma": 0.3856, "bus_tau_mean": 2.8866, "bus_tau_std": 6.5432, "bus_v_mean": 8.318, "bus_v_std": 17.7891, "car_acc": 2.0682, "car_dcc": 2.3111, "car_lcAssertive": 36.3518, "car_lcCooperative": 0.3274, "car_lcLookaheadLeft": 16.6041, "car_lcPushy": 0.3925, "car_lcSigma": 0.9898, "car_lcSpeedGainRight": 4.041, "car_lcSublane": 0.86, "car_sigma": 0.5926, "car_tau_mean": 1.8564, "car_tau_std": 9.8649, "car_v_mean": 10.3529, "car_v_std": 15.0377}, "datetime": {"datetime": "2024-08-08 00:24:25", "elapsed": 1284.936848, "delta": 0.881503}}
{"target": -0.39723190604587477, "params": {"bus_acc": 2.4853, "bus_dcc": 3.6818, "bus_lcAssertive": 21.0611, "bus_lcCooperative": 0.0805, "bus_lcLookaheadLeft": 11.3967, "bus_lcPushy": 0.4374, "bus_lcSigma": 0.8902, "bus_lcSpeedGainRight": 3.5407, "bus_lcSublane": 0.3783, "bus_sigma": 0.4585, "bus_tau_mean": 1.8576, "bus_tau_std": 4.6379, "bus_v_mean": 22.8833, "bus_v_std": 4.486, "car_acc": 1.8975, "car_dcc": 3.8073, "car_lcAssertive": 62.2294, "car_lcCooperative": 0.1171, "car_lcLookaheadLeft": 75.368, "car_lcPushy": 0.3505, "car_lcSigma": 0.1511, "car_lcSpeedGainRight": 1.9087, "car_lcSublane": 0.3144, "car_sigma": 0.6557, "car_tau_mean": 1.5878, "car_tau_std": 9.447, "car_v_mean": 9.2645, "car_v_std": 0.7215}, "datetime": {"datetime": "2024-08-08 00:24:26", "elapsed": 1285.714207, "delta": 0.777359}}
