{"target": -0.35604020155478705, "params": {"bus_acc": 1.5163, "bus_dcc": 1.8532, "bus_lcAssertive": 35.2125, "bus_lcCooperative": 0.4369, "bus_lcLookaheadLeft": 37.3232, "bus_lcPushy": 0.8152, "bus_lcSigma": 0.7837, "bus_lcSpeedGainRight": 0.596, "bus_lcSublane": 0.8982, "bus_sigma": 0.8748, "bus_tau_mean": 1.5096, "bus_tau_std": 0.0406, "bus_v_mean": 22.5814, "bus_v_std": 14.6209, "car_acc": 1.2658, "car_dcc": 1.0638, "car_lcAssertive": 31.4406, "car_lcCooperative": 0.1788, "car_lcLookaheadLeft": 72.8982, "car_lcPushy": 0.1256, "car_lcSigma": 0.3417, "car_lcSpeedGainRight": 0.388, "car_lcSublane": 0.2737, "car_sigma": 0.2542, "car_tau_mean": 3.8538, "car_tau_std": 3.4654, "car_v_mean": 20.7243, "car_v_std": 12.1347}, "datetime": {"datetime": "2024-08-08 10:29:49", "elapsed": 2069.102431, "delta": 18.577763}}
{"target": -0.32797300020159736, "params": {"bus_acc": 1.1279, "bus_dcc": 2.7394, "bus_lcAssertive": 12.2918, "bus_lcCooperative": 0.2298, "bus_lcLookaheadLeft": 4.3687, "bus_lcPushy": 0.8792, "bus_lcSigma": 0.1305, "bus_lcSpeedGainRight": 1.8281, "bus_lcSublane": 0.3397, "bus_sigma": 0.7288, "bus_tau_mean": 1.0583, "bus_tau_std": 6.8144, "bus_v_mean": 21.5545, "bus_v_std": 17.1809, "car_acc": 2.8477, "car_dcc": 1.6597, "car_lcAssertive": 26.3459, "car_lcCooperative": 0.9768, "car_lcLookaheadLeft": 61.5151, "car_lcPushy": 0.9475, "car_lcSigma": 0.0865, "car_lcSpeedGainRight": 3.4011, "car_lcSublane": 0.3815, "car_sigma": 0.857, "car_tau_mean": 2.6106, "car_tau_std": 4.1319, "car_v_mean": 20.9698, "car_v_std": 12.6321}, "datetime": {"datetime": "2024-08-08 10:30:04", "elapsed": 2084.730328, "delta": 15.627897}}
{"target": -0.3483499691849845, "params": {"bus_acc": 1.31, "bus_dcc": 3.1947, "bus_lcAssertive": 42.2797, "bus_lcCooperative": 0.2922, "bus_lcLookaheadLeft": 78.0311, "bus_lcPushy": 0.062, "bus_lcSigma": 0.4502, "bus_lcSpeedGainRight": 0.468, "bus_lcSublane": 0.9294, "bus_sigma": 0.522, "bus_tau_mean": 3.0746, "bus_tau_std": 4.2595, "bus_v_mean": 10.5157, "bus_v_std": 10.4194, "car_acc": 2.532, "car_dcc": 3.0936, "car_lcAssertive": 7.0351, "car_lcCooperative": 0.0642, "car_lcLookaheadLeft": 3.493, "car_lcPushy": 0.9833, "car_lcSigma": 0.8906, "car_lcSpeedGainRight": 2.3212, "car_lcSublane": 0.8535, "car_sigma": 0.9884, "car_tau_mean": 3.4487, "car_tau_std": 5.8769, "car_v_mean": 17.6765, "car_v_std": 4.5266}, "datetime": {"datetime": "2024-08-08 10:30:08", "elapsed": 2088.888642, "delta": 4.158314}}
{"target": -0.34988381799844515, "params": {"bus_acc": 1.5264, "bus_dcc": 3.7041, "bus_lcAssertive": 15.3669, "bus_lcCooperative": 0.6118, "bus_lcLookaheadLeft": 82.6831, "bus_lcPushy": 0.6141, "bus_lcSigma": 0.4487, "bus_lcSpeedGainRight": 3.0698, "bus_lcSublane": 0.7043, "bus_sigma": 0.141, "bus_tau_mean": 3.7108, "bus_tau_std": 7.0295, "bus_v_mean": 10.2742, "bus_v_std": 8.791, "car_acc": 2.6435, "car_dcc": 3.8537, "car_lcAssertive": 66.7734, "car_lcCooperative": 0.4042, "car_lcLookaheadLeft": 58.8068, "car_lcPushy": 0.277, "car_lcSigma": 0.7507, "car_lcSpeedGainRight": 2.033, "car_lcSublane": 0.9699, "car_sigma": 0.8455, "car_tau_mean": 2.8682, "car_tau_std": 4.2396, "car_v_mean": 11.6223, "car_v_std": 2.9293}, "datetime": {"datetime": "2024-08-08 10:30:15", "elapsed": 2095.447165, "delta": 6.558523}}
{"target": -0.3258206785444008, "params": {"bus_acc": 1.2532, "bus_dcc": 3.3568, "bus_lcAssertive": 26.5371, "bus_lcCooperative": 0.7525, "bus_lcLookaheadLeft": 47.9942, "bus_lcPushy": 0.482, "bus_lcSigma": 0.8041, "bus_lcSpeedGainRight": 3.6719, "bus_lcSublane": 0.3452, "bus_sigma": 0.9458, "bus_tau_mean": 2.9216, "bus_tau_std": 0.3668, "bus_v_mean": 14.8311, "bus_v_std": 2.8769, "car_acc": 2.3663, "car_dcc": 3.8112, "car_lcAssertive": 37.4997, "car_lcCooperative": 0.2511, "car_lcLookaheadLeft": 27.7387, "car_lcPushy": 0.1453, "car_lcSigma": 0.2249, "car_lcSpeedGainRight": 4.9279, "car_lcSublane": 0.3083, "car_sigma": 0.0568, "car_tau_mean": 1.3119, "car_tau_std": 0.9918, "car_v_mean": 15.8526, "car_v_std": 15.0916}, "datetime": {"datetime": "2024-08-08 10:30:24", "elapsed": 2104.755348, "delta": 9.308183}}
{"target": -0.34154503336156, "params": {"bus_acc": 2.6702, "bus_dcc": 2.0352, "bus_lcAssertive": 2.2631, "bus_lcCooperative": 0.1668, "bus_lcLookaheadLeft": 50.0862, "bus_lcPushy": 0.5687, "bus_lcSigma": 0.4469, "bus_lcSpeedGainRight": 1.0567, "bus_lcSublane": 0.7106, "bus_sigma": 0.0761, "bus_tau_mean": 1.6073, "bus_tau_std": 9.0881, "bus_v_mean": 18.6761, "bus_v_std": 15.2857, "car_acc": 2.3437, "car_dcc": 1.5781, "car_lcAssertive": 24.6336, "car_lcCooperative": 0.2871, "car_lcLookaheadLeft": 18.5296, "car_lcPushy": 0.9936, "car_lcSigma": 0.2309, "car_lcSpeedGainRight": 0.6788, "car_lcSublane": 0.5337, "car_sigma": 0.2384, "car_tau_mean": 2.3938, "car_tau_std": 3.6204, "car_v_mean": 22.6447, "car_v_std": 16.8222}, "datetime": {"datetime": "2024-08-08 10:30:29", "elapsed": 2109.823084, "delta": 5.067736}}
{"target": -0.33074679656351014, "params": {"bus_acc": 2.3473, "bus_dcc": 2.2429, "bus_lcAssertive": 85.799, "bus_lcCooperative": 0.5839, "bus_lcLookaheadLeft": 37.5638, "bus_lcPushy": 0.6547, "bus_lcSigma": 0.3792, "bus_lcSpeedGainRight": 4.5363, "bus_lcSublane": 0.4934, "bus_sigma": 0.1777, "bus_tau_mean": 2.6903, "bus_tau_std": 3.4864, "bus_v_mean": 13.6354, "bus_v_std": 8.9325, "car_acc": 1.34, "car_dcc": 1.479, "car_lcAssertive": 73.2646, "car_lcCooperative": 0.7811, "car_lcLookaheadLeft": 57.4372, "car_lcPushy": 0.2166, "car_lcSigma": 0.7967, "car_lcSpeedGainRight": 3.0034, "car_lcSublane": 0.0253, "car_sigma": 0.7441, "car_tau_mean": 0.617, "car_tau_std": 6.288, "car_v_mean": 15.8807, "car_v_std": 2.0655}, "datetime": {"datetime": "2024-08-08 10:30:35", "elapsed": 2115.314603, "delta": 5.491519}}
{"target": -0.35374475456246357, "params": {"bus_acc": 1.6893, "bus_dcc": 3.3131, "bus_lcAssertive": 13.1567, "bus_lcCooperative": 0.5039, "bus_lcLookaheadLeft": 94.1555, "bus_lcPushy": 0.2496, "bus_lcSigma": 0.1517, "bus_lcSpeedGainRight": 3.9108, "bus_lcSublane": 0.2127, "bus_sigma": 0.8297, "bus_tau_mean": 0.9649, "bus_tau_std": 9.5304, "bus_v_mean": 9.041, "bus_v_std": 14.9357, "car_acc": 1.7054, "car_dcc": 3.9595, "car_lcAssertive": 76.7049, "car_lcCooperative": 0.1581, "car_lcLookaheadLeft": 33.668, "car_lcPushy": 0.0718, "car_lcSigma": 0.5653, "car_lcSpeedGainRight": 4.3214, "car_lcSublane": 0.2909, "car_sigma": 0.2647, "car_tau_mean": 2.9838, "car_tau_std": 3.6395, "car_v_mean": 18.6586, "car_v_std": 1.1801}, "datetime": {"datetime": "2024-08-08 10:30:40", "elapsed": 2120.270682, "delta": 4.956079}}
{"target": -0.3539449769736712, "params": {"bus_acc": 2.0787, "bus_dcc": 3.5971, "bus_lcAssertive": 86.776, "bus_lcCooperative": 0.1292, "bus_lcLookaheadLeft": 15.4107, "bus_lcPushy": 0.9148, "bus_lcSigma": 0.8862, "bus_lcSpeedGainRight": 2.2636, "bus_lcSublane": 0.8347, "bus_sigma": 0.6176, "bus_tau_mean": 0.965, "bus_tau_std": 4.5898, "bus_v_mean": 19.7594, "bus_v_std": 2.7946, "car_acc": 2.0701, "car_dcc": 1.7004, "car_lcAssertive": 16.7219, "car_lcCooperative": 0.2725, "car_lcLookaheadLeft": 52.4555, "car_lcPushy": 0.9733, "car_lcSigma": 0.8823, "car_lcSpeedGainRight": 4.0074, "car_lcSublane": 0.9641, "car_sigma": 0.0278, "car_tau_mean": 0.8727, "car_tau_std": 2.1837, "car_v_mean": 17.0129, "car_v_std": 13.8494}, "datetime": {"datetime": "2024-08-08 10:30:43", "elapsed": 2123.820929, "delta": 3.550247}}
{"target": -0.39204305028927755, "params": {"bus_acc": 1.2823, "bus_dcc": 3.8176, "bus_lcAssertive": 87.1221, "bus_lcCooperative": 0.0801, "bus_lcLookaheadLeft": 82.8679, "bus_lcPushy": 0.3311, "bus_lcSigma": 0.011, "bus_lcSpeedGainRight": 1.851, "bus_lcSublane": 0.5963, "bus_sigma": 0.97, "bus_tau_mean": 3.2979, "bus_tau_std": 6.4763, "bus_v_mean": 22.0927, "bus_v_std": 0.2115, "car_acc": 1.6767, "car_dcc": 1.2086, "car_lcAssertive": 43.0405, "car_lcCooperative": 0.2517, "car_lcLookaheadLeft": 34.8053, "car_lcPushy": 0.3361, "car_lcSigma": 0.8548, "car_lcSpeedGainRight": 0.1826, "car_lcSublane": 0.0667, "car_sigma": 0.7439, "car_tau_mean": 3.3059, "car_tau_std": 6.7826, "car_v_mean": 15.9916, "car_v_std": 1.8159}, "datetime": {"datetime": "2024-08-08 10:30:52", "elapsed": 2132.077266, "delta": 8.256337}}
{"target": -0.3649064306499836, "params": {"bus_acc": 1.9417, "bus_dcc": 2.6381, "bus_lcAssertive": 84.2599, "bus_lcCooperative": 0.1226, "bus_lcLookaheadLeft": 62.5001, "bus_lcPushy": 0.1926, "bus_lcSigma": 0.3066, "bus_lcSpeedGainRight": 1.6991, "bus_lcSublane": 0.2103, "bus_sigma": 0.6942, "bus_tau_mean": 2.6769, "bus_tau_std": 4.3753, "bus_v_mean": 8.2604, "bus_v_std": 8.9754, "car_acc": 1.4761, "car_dcc": 2.811, "car_lcAssertive": 35.7625, "car_lcCooperative": 0.761, "car_lcLookaheadLeft": 45.8819, "car_lcPushy": 0.5615, "car_lcSigma": 0.3986, "car_lcSpeedGainRight": 3.4847, "car_lcSublane": 0.0039, "car_sigma": 0.5163, "car_tau_mean": 1.9405, "car_tau_std": 5.2371, "car_v_mean": 9.0383, "car_v_std": 6.8649}, "datetime": {"datetime": "2024-08-08 10:30:55", "elapsed": 2135.666563, "delta": 3.589297}}
{"target": -0.36702000254973516, "params": {"bus_acc": 1.8741, "bus_dcc": 3.4333, "bus_lcAssertive": 14.6073, "bus_lcCooperative": 0.1213, "bus_lcLookaheadLeft": 25.4121, "bus_lcPushy": 0.9512, "bus_lcSigma": 0.7327, "bus_lcSpeedGainRight": 4.8934, "bus_lcSublane": 0.374, "bus_sigma": 0.8868, "bus_tau_mean": 3.2608, "bus_tau_std": 5.2972, "bus_v_mean": 19.5039, "bus_v_std": 14.1804, "car_acc": 1.9748, "car_dcc": 3.4069, "car_lcAssertive": 82.9064, "car_lcCooperative": 0.2279, "car_lcLookaheadLeft": 28.4405, "car_lcPushy": 0.2327, "car_lcSigma": 0.2413, "car_lcSpeedGainRight": 1.3786, "car_lcSublane": 0.6205, "car_sigma": 0.357, "car_tau_mean": 3.1301, "car_tau_std": 3.7765, "car_v_mean": 10.1179, "car_v_std": 13.1183}, "datetime": {"datetime": "2024-08-08 10:31:04", "elapsed": 2144.826215, "delta": 9.159652}}
{"target": -0.3813456043215074, "params": {"bus_acc": 2.4467, "bus_dcc": 3.0371, "bus_lcAssertive": 30.4462, "bus_lcCooperative": 0.6417, "bus_lcLookaheadLeft": 61.5026, "bus_lcPushy": 0.7847, "bus_lcSigma": 0.416, "bus_lcSpeedGainRight": 1.9269, "bus_lcSublane": 0.4942, "bus_sigma": 0.1044, "bus_tau_mean": 2.4237, "bus_tau_std": 1.8581, "bus_v_mean": 23.4816, "bus_v_std": 13.3634, "car_acc": 1.561, "car_dcc": 3.9198, "car_lcAssertive": 43.52, "car_lcCooperative": 0.9988, "car_lcLookaheadLeft": 47.5457, "car_lcPushy": 0.7999, "car_lcSigma": 0.7542, "car_lcSpeedGainRight": 0.6038, "car_lcSublane": 0.3818, "car_sigma": 0.7473, "car_tau_mean": 3.7033, "car_tau_std": 7.7115, "car_v_mean": 23.8337, "car_v_std": 6.7462}, "datetime": {"datetime": "2024-08-08 10:31:07", "elapsed": 2147.993568, "delta": 3.167353}}
{"target": -0.3528701910065236, "params": {"bus_acc": 2.863, "bus_dcc": 2.0393, "bus_lcAssertive": 77.353, "bus_lcCooperative": 0.5419, "bus_lcLookaheadLeft": 76.9768, "bus_lcPushy": 0.4719, "bus_lcSigma": 0.8677, "bus_lcSpeedGainRight": 0.2025, "bus_lcSublane": 0.5036, "bus_sigma": 0.8082, "bus_tau_mean": 0.7412, "bus_tau_std": 3.2384, "bus_v_mean": 21.1397, "bus_v_std": 17.1899, "car_acc": 1.99, "car_dcc": 2.3409, "car_lcAssertive": 30.1943, "car_lcCooperative": 0.7873, "car_lcLookaheadLeft": 91.5332, "car_lcPushy": 0.4123, "car_lcSigma": 0.1866, "car_lcSpeedGainRight": 4.4901, "car_lcSublane": 0.208, "car_sigma": 0.6415, "car_tau_mean": 3.0921, "car_tau_std": 7.15, "car_v_mean": 22.4219, "car_v_std": 5.894}, "datetime": {"datetime": "2024-08-08 10:31:18", "elapsed": 2158.542259, "delta": 10.548691}}
{"target": -0.29694223013521737, "params": {"bus_acc": 2.6691, "bus_dcc": 1.7057, "bus_lcAssertive": 96.2224, "bus_lcCooperative": 0.365, "bus_lcLookaheadLeft": 14.6327, "bus_lcPushy": 0.962, "bus_lcSigma": 0.4683, "bus_lcSpeedGainRight": 3.0116, "bus_lcSublane": 0.8738, "bus_sigma": 0.3773, "bus_tau_mean": 2.6679, "bus_tau_std": 6.3472, "bus_v_mean": 12.6683, "bus_v_std": 1.2961, "car_acc": 1.6295, "car_dcc": 1.1577, "car_lcAssertive": 25.1991, "car_lcCooperative": 0.5196, "car_lcLookaheadLeft": 62.4499, "car_lcPushy": 0.5978, "car_lcSigma": 0.2689, "car_lcSpeedGainRight": 1.0242, "car_lcSublane": 0.9717, "car_sigma": 0.452, "car_tau_mean": 3.2116, "car_tau_std": 2.7903, "car_v_mean": 9.5395, "car_v_std": 1.219}, "datetime": {"datetime": "2024-08-08 10:31:23", "elapsed": 2163.23802, "delta": 4.695761}}
{"target": -0.34511673999940734, "params": {"bus_acc": 1.6456, "bus_dcc": 3.8493, "bus_lcAssertive": 82.529, "bus_lcCooperative": 0.3956, "bus_lcLookaheadLeft": 51.0991, "bus_lcPushy": 0.177, "bus_lcSigma": 0.7172, "bus_lcSpeedGainRight": 1.5938, "bus_lcSublane": 0.2899, "bus_sigma": 0.8588, "bus_tau_mean": 3.3393, "bus_tau_std": 1.6075, "bus_v_mean": 17.6315, "bus_v_std": 11.0176, "car_acc": 2.651, "car_dcc": 3.5884, "car_lcAssertive": 90.7712, "car_lcCooperative": 0.3954, "car_lcLookaheadLeft": 70.7602, "car_lcPushy": 0.8965, "car_lcSigma": 0.2874, "car_lcSpeedGainRight": 0.4444, "car_lcSublane": 0.8383, "car_sigma": 0.6661, "car_tau_mean": 3.585, "car_tau_std": 9.4205, "car_v_mean": 16.671, "car_v_std": 15.3027}, "datetime": {"datetime": "2024-08-08 10:31:30", "elapsed": 2170.343633, "delta": 7.105613}}
{"target": -0.40034508117508083, "params": {"bus_acc": 2.8739, "bus_dcc": 2.9013, "bus_lcAssertive": 15.2638, "bus_lcCooperative": 0.0774, "bus_lcLookaheadLeft": 51.466, "bus_lcPushy": 0.5936, "bus_lcSigma": 0.6574, "bus_lcSpeedGainRight": 2.3588, "bus_lcSublane": 0.9727, "bus_sigma": 0.8833, "bus_tau_mean": 2.3698, "bus_tau_std": 4.6991, "bus_v_mean": 21.8364, "bus_v_std": 19.6491, "car_acc": 2.5723, "car_dcc": 3.5062, "car_lcAssertive": 27.4549, "car_lcCooperative": 0.3056, "car_lcLookaheadLeft": 71.306, "car_lcPushy": 0.8998, "car_lcSigma": 0.8758, "car_lcSpeedGainRight": 0.9994, "car_lcSublane": 0.8781, "car_sigma": 0.0006, "car_tau_mean": 1.7433, "car_tau_std": 2.7737, "car_v_mean": 21.6057, "car_v_std": 0.3595}, "datetime": {"datetime": "2024-08-08 10:31:35", "elapsed": 2175.096677, "delta": 4.753044}}
{"target": -0.35955481032227476, "params": {"bus_acc": 2.4623, "bus_dcc": 2.2198, "bus_lcAssertive": 86.9059, "bus_lcCooperative": 0.9022, "bus_lcLookaheadLeft": 30.4759, "bus_lcPushy": 0.4907, "bus_lcSigma": 0.2705, "bus_lcSpeedGainRight": 2.418, "bus_lcSublane": 0.8666, "bus_sigma": 0.4473, "bus_tau_mean": 2.7197, "bus_tau_std": 1.536, "bus_v_mean": 15.9229, "bus_v_std": 2.3884, "car_acc": 1.7111, "car_dcc": 1.8432, "car_lcAssertive": 10.0772, "car_lcCooperative": 0.8122, "car_lcLookaheadLeft": 65.9897, "car_lcPushy": 0.1557, "car_lcSigma": 0.0677, "car_lcSpeedGainRight": 4.1823, "car_lcSublane": 0.7757, "car_sigma": 0.4841, "car_tau_mean": 1.3365, "car_tau_std": 6.0898, "car_v_mean": 10.6606, "car_v_std": 7.4225}, "datetime": {"datetime": "2024-08-08 10:31:43", "elapsed": 2183.996856, "delta": 8.900179}}
{"target": -0.37609527967380185, "params": {"bus_acc": 2.521, "bus_dcc": 2.864, "bus_lcAssertive": 89.1397, "bus_lcCooperative": 0.5412, "bus_lcLookaheadLeft": 42.1735, "bus_lcPushy": 0.0477, "bus_lcSigma": 0.5384, "bus_lcSpeedGainRight": 0.8642, "bus_lcSublane": 0.3938, "bus_sigma": 0.7827, "bus_tau_mean": 2.1219, "bus_tau_std": 8.5577, "bus_v_mean": 18.7271, "bus_v_std": 13.972, "car_acc": 1.1334, "car_dcc": 3.7855, "car_lcAssertive": 78.4402, "car_lcCooperative": 0.0958, "car_lcLookaheadLeft": 40.9666, "car_lcPushy": 0.6423, "car_lcSigma": 0.6112, "car_lcSpeedGainRight": 1.4362, "car_lcSublane": 0.8833, "car_sigma": 0.8502, "car_tau_mean": 2.7018, "car_tau_std": 2.8481, "car_v_mean": 23.8707, "car_v_std": 14.5229}, "datetime": {"datetime": "2024-08-08 10:31:49", "elapsed": 2189.962116, "delta": 5.96526}}
{"target": -0.32880432292817924, "params": {"bus_acc": 1.1254, "bus_dcc": 3.9627, "bus_lcAssertive": 80.9313, "bus_lcCooperative": 0.0282, "bus_lcLookaheadLeft": 78.6996, "bus_lcPushy": 0.1468, "bus_lcSigma": 0.1463, "bus_lcSpeedGainRight": 0.9987, "bus_lcSublane": 0.666, "bus_sigma": 0.0611, "bus_tau_mean": 1.1285, "bus_tau_std": 8.9447, "bus_v_mean": 11.6754, "bus_v_std": 6.2943, "car_acc": 2.4356, "car_dcc": 1.5208, "car_lcAssertive": 13.2751, "car_lcCooperative": 0.8875, "car_lcLookaheadLeft": 24.9374, "car_lcPushy": 0.3736, "car_lcSigma": 0.5075, "car_lcSpeedGainRight": 3.6876, "car_lcSublane": 0.1756, "car_sigma": 0.5606, "car_tau_mean": 3.6926, "car_tau_std": 9.163, "car_v_mean": 18.7552, "car_v_std": 5.6187}, "datetime": {"datetime": "2024-08-08 10:31:53", "elapsed": 2193.832516, "delta": 3.8704}}
{"target": -0.3233060410475329, "params": {"bus_acc": 2.3282, "bus_dcc": 2.9457, "bus_lcAssertive": 49.3232, "bus_lcCooperative": 0.6753, "bus_lcLookaheadLeft": 39.7552, "bus_lcPushy": 0.9462, "bus_lcSigma": 0.6526, "bus_lcSpeedGainRight": 0.7749, "bus_lcSublane": 0.1213, "bus_sigma": 0.9491, "bus_tau_mean": 2.2205, "bus_tau_std": 8.0093, "bus_v_mean": 8.0136, "bus_v_std": 6.7668, "car_acc": 2.0544, "car_dcc": 1.2481, "car_lcAssertive": 54.178, "car_lcCooperative": 0.1782, "car_lcLookaheadLeft": 31.4535, "car_lcPushy": 0.1377, "car_lcSigma": 0.6929, "car_lcSpeedGainRight": 1.1361, "car_lcSublane": 0.4232, "car_sigma": 0.4315, "car_tau_mean": 2.1013, "car_tau_std": 6.0885, "car_v_mean": 21.2332, "car_v_std": 10.6094}, "datetime": {"datetime": "2024-08-08 10:31:59", "elapsed": 2199.422315, "delta": 5.589799}}
{"target": -0.37355247104269296, "params": {"bus_acc": 1.122, "bus_dcc": 2.8323, "bus_lcAssertive": 51.8984, "bus_lcCooperative": 0.2676, "bus_lcLookaheadLeft": 53.3311, "bus_lcPushy": 0.6904, "bus_lcSigma": 0.5583, "bus_lcSpeedGainRight": 1.5301, "bus_lcSublane": 0.9719, "bus_sigma": 0.913, "bus_tau_mean": 3.4973, "bus_tau_std": 1.7809, "bus_v_mean": 17.4821, "bus_v_std": 14.4482, "car_acc": 1.3823, "car_dcc": 3.5146, "car_lcAssertive": 73.7786, "car_lcCooperative": 0.8888, "car_lcLookaheadLeft": 78.3783, "car_lcPushy": 0.7283, "car_lcSigma": 0.402, "car_lcSpeedGainRight": 2.4209, "car_lcSublane": 0.3508, "car_sigma": 0.8782, "car_tau_mean": 2.2416, "car_tau_std": 2.2675, "car_v_mean": 22.0777, "car_v_std": 4.5294}, "datetime": {"datetime": "2024-08-08 10:32:08", "elapsed": 2208.905577, "delta": 9.483262}}
{"target": -0.31497172553250863, "params": {"bus_acc": 1.1096, "bus_dcc": 3.1229, "bus_lcAssertive": 35.3862, "bus_lcCooperative": 0.998, "bus_lcLookaheadLeft": 57.7114, "bus_lcPushy": 0.6581, "bus_lcSigma": 0.0661, "bus_lcSpeedGainRight": 3.9558, "bus_lcSublane": 0.944, "bus_sigma": 0.1059, "bus_tau_mean": 0.5876, "bus_tau_std": 2.1925, "bus_v_mean": 16.8668, "bus_v_std": 15.8065, "car_acc": 1.4533, "car_dcc": 2.0591, "car_lcAssertive": 88.9419, "car_lcCooperative": 0.0093, "car_lcLookaheadLeft": 77.6132, "car_lcPushy": 0.5586, "car_lcSigma": 0.8962, "car_lcSpeedGainRight": 4.2879, "car_lcSublane": 0.0629, "car_sigma": 0.8298, "car_tau_mean": 1.7781, "car_tau_std": 3.8559, "car_v_mean": 10.1586, "car_v_std": 4.3857}, "datetime": {"datetime": "2024-08-08 10:32:14", "elapsed": 2214.865005, "delta": 5.959428}}
{"target": -0.3413917920280124, "params": {"bus_acc": 1.4299, "bus_dcc": 1.2261, "bus_lcAssertive": 27.2232, "bus_lcCooperative": 0.001, "bus_lcLookaheadLeft": 21.7078, "bus_lcPushy": 0.9593, "bus_lcSigma": 0.9421, "bus_lcSpeedGainRight": 0.7804, "bus_lcSublane": 0.8382, "bus_sigma": 0.3134, "bus_tau_mean": 1.894, "bus_tau_std": 6.1671, "bus_v_mean": 17.6691, "bus_v_std": 3.3852, "car_acc": 2.1045, "car_dcc": 1.8319, "car_lcAssertive": 88.9357, "car_lcCooperative": 0.071, "car_lcLookaheadLeft": 77.4611, "car_lcPushy": 0.8384, "car_lcSigma": 0.2956, "car_lcSpeedGainRight": 0.7288, "car_lcSublane": 0.8784, "car_sigma": 0.794, "car_tau_mean": 2.4269, "car_tau_std": 8.1362, "car_v_mean": 12.6261, "car_v_std": 16.2077}, "datetime": {"datetime": "2024-08-08 10:32:20", "elapsed": 2220.84427, "delta": 5.979265}}
{"target": -0.36140874643665144, "params": {"bus_acc": 1.3567, "bus_dcc": 3.5602, "bus_lcAssertive": 38.5131, "bus_lcCooperative": 0.4994, "bus_lcLookaheadLeft": 67.9675, "bus_lcPushy": 0.4393, "bus_lcSigma": 0.3005, "bus_lcSpeedGainRight": 0.8212, "bus_lcSublane": 0.0038, "bus_sigma": 0.0285, "bus_tau_mean": 3.4366, "bus_tau_std": 2.5517, "bus_v_mean": 15.6891, "bus_v_std": 12.4821, "car_acc": 1.2152, "car_dcc": 3.7874, "car_lcAssertive": 42.6892, "car_lcCooperative": 0.5977, "car_lcLookaheadLeft": 94.4269, "car_lcPushy": 0.1537, "car_lcSigma": 0.2447, "car_lcSpeedGainRight": 2.2872, "car_lcSublane": 0.6565, "car_sigma": 0.5962, "car_tau_mean": 2.3156, "car_tau_std": 7.9207, "car_v_mean": 21.799, "car_v_std": 8.8201}, "datetime": {"datetime": "2024-08-08 10:32:24", "elapsed": 2224.020074, "delta": 3.175804}}
{"target": -0.34802083655642485, "params": {"bus_acc": 1.25, "bus_dcc": 1.2265, "bus_lcAssertive": 33.2079, "bus_lcCooperative": 0.2584, "bus_lcLookaheadLeft": 96.161, "bus_lcPushy": 0.7841, "bus_lcSigma": 0.0949, "bus_lcSpeedGainRight": 2.8213, "bus_lcSublane": 0.9728, "bus_sigma": 0.1398, "bus_tau_mean": 3.3971, "bus_tau_std": 2.6939, "bus_v_mean": 15.034, "bus_v_std": 6.5269, "car_acc": 1.8673, "car_dcc": 2.2938, "car_lcAssertive": 72.8172, "car_lcCooperative": 0.7142, "car_lcLookaheadLeft": 32.3508, "car_lcPushy": 0.1343, "car_lcSigma": 0.1978, "car_lcSpeedGainRight": 4.4709, "car_lcSublane": 0.283, "car_sigma": 0.2996, "car_tau_mean": 1.3746, "car_tau_std": 6.6905, "car_v_mean": 23.3729, "car_v_std": 7.9512}, "datetime": {"datetime": "2024-08-08 10:32:30", "elapsed": 2230.278695, "delta": 6.258621}}
