{"target": -0.049995678522957054, "params": {"bus_acc": 2.7693, "bus_dcc": 3.2571, "bus_lcAssertive": 52.6797, "bus_lcCooperative": 0.2875, "bus_lcLookaheadLeft": 67.6391, "bus_lcPushy": 0.6585, "bus_lcSublane": 0.1839, "bus_tau_mean": 1.6971, "bus_tau_std": 3.1369, "bus_v_mean": 13.933, "bus_v_std": 1.5707, "car_acc": 2.7396, "car_dcc": 2.319, "car_lcAssertive": 44.2116, "car_lcCooperative": 0.8794, "car_lcLookaheadLeft": 57.5604, "car_lcPushy": 0.1186, "car_lcSublane": 0.4624, "car_tau_mean": 0.652, "car_tau_std": 5.2178, "car_v_mean": 8.0643, "car_v_std": 0.3953}, "datetime": {"datetime": "2024-08-05 18:00:34", "elapsed": 857.977194, "delta": 2.356723}}
{"target": -0.050654535163411216, "params": {"bus_acc": 1.616, "bus_dcc": 2.1983, "bus_lcAssertive": 83.9831, "bus_lcCooperative": 0.5264, "bus_lcLookaheadLeft": 44.8252, "bus_lcPushy": 0.6875, "bus_lcSublane": 0.8218, "bus_tau_mean": 1.7657, "bus_tau_std": 2.5995, "bus_v_mean": 8.5083, "bus_v_std": 9.7725, "car_acc": 1.2211, "car_dcc": 2.093, "car_lcAssertive": 66.3109, "car_lcCooperative": 0.4355, "car_lcLookaheadLeft": 32.4465, "car_lcPushy": 0.2952, "car_lcSublane": 0.0586, "car_tau_mean": 2.2824, "car_tau_std": 7.1638, "car_v_mean": 20.0442, "car_v_std": 4.6392}, "datetime": {"datetime": "2024-08-05 18:00:37", "elapsed": 861.085214, "delta": 3.10802}}
{"target": -0.06729966279505775, "params": {"bus_acc": 1.5859, "bus_dcc": 2.0558, "bus_lcAssertive": 78.3176, "bus_lcCooperative": 0.275, "bus_lcLookaheadLeft": 83.333, "bus_lcPushy": 0.7833, "bus_lcSublane": 0.7049, "bus_tau_mean": 1.4, "bus_tau_std": 7.8937, "bus_v_mean": 22.2916, "bus_v_std": 1.616, "car_acc": 2.5129, "car_dcc": 2.4707, "car_lcAssertive": 97.5804, "car_lcCooperative": 0.1166, "car_lcLookaheadLeft": 74.8109, "car_lcPushy": 0.5929, "car_lcSublane": 0.6653, "car_tau_mean": 3.1894, "car_tau_std": 6.3365, "car_v_mean": 20.7733, "car_v_std": 4.9728}, "datetime": {"datetime": "2024-08-05 18:00:39", "elapsed": 862.933952, "delta": 1.848738}}
{"target": -0.05584647085521958, "params": {"bus_acc": 1.2037, "bus_dcc": 2.8971, "bus_lcAssertive": 29.071, "bus_lcCooperative": 0.4085, "bus_lcLookaheadLeft": 69.8836, "bus_lcPushy": 0.6415, "bus_lcSublane": 0.3782, "bus_tau_mean": 3.5958, "bus_tau_std": 0.597, "bus_v_mean": 14.3936, "bus_v_std": 5.8476, "car_acc": 2.2998, "car_dcc": 1.1828, "car_lcAssertive": 49.2181, "car_lcCooperative": 0.6677, "car_lcLookaheadLeft": 2.6484, "car_lcPushy": 0.5255, "car_lcSublane": 0.7368, "car_tau_mean": 3.2971, "car_tau_std": 1.5342, "car_v_mean": 16.7493, "car_v_std": 7.6219}, "datetime": {"datetime": "2024-08-05 18:00:41", "elapsed": 865.337753, "delta": 2.403801}}
{"target": -0.056177933221069135, "params": {"bus_acc": 2.4265, "bus_dcc": 2.8654, "bus_lcAssertive": 56.6418, "bus_lcCooperative": 0.1966, "bus_lcLookaheadLeft": 71.7803, "bus_lcPushy": 0.9745, "bus_lcSublane": 0.4668, "bus_tau_mean": 2.1759, "bus_tau_std": 5.5535, "bus_v_mean": 17.2672, "bus_v_std": 9.4175, "car_acc": 1.4335, "car_dcc": 3.4354, "car_lcAssertive": 98.5352, "car_lcCooperative": 0.6599, "car_lcLookaheadLeft": 9.9756, "car_lcPushy": 0.0759, "car_lcSublane": 0.549, "car_tau_mean": 2.2904, "car_tau_std": 3.9116, "car_v_mean": 13.368, "car_v_std": 8.6419}, "datetime": {"datetime": "2024-08-05 18:00:44", "elapsed": 867.651127, "delta": 2.313374}}
{"target": -0.06394950785447794, "params": {"bus_acc": 2.8157, "bus_dcc": 2.1276, "bus_lcAssertive": 46.8688, "bus_lcCooperative": 0.5045, "bus_lcLookaheadLeft": 45.839, "bus_lcPushy": 0.0765, "bus_lcSublane": 0.882, "bus_tau_mean": 3.8094, "bus_tau_std": 8.0048, "bus_v_mean": 13.6881, "bus_v_std": 0.5107, "car_acc": 1.9712, "car_dcc": 2.5266, "car_lcAssertive": 68.2225, "car_lcCooperative": 0.0407, "car_lcLookaheadLeft": 2.3372, "car_lcPushy": 0.697, "car_lcSublane": 0.0233, "car_tau_mean": 3.8629, "car_tau_std": 2.5591, "car_v_mean": 23.1729, "car_v_std": 4.9683}, "datetime": {"datetime": "2024-08-05 18:00:46", "elapsed": 870.157353, "delta": 2.506226}}
{"target": -0.04071936825611057, "params": {"bus_acc": 1.4243, "bus_dcc": 2.9416, "bus_lcAssertive": 10.1588, "bus_lcCooperative": 0.3375, "bus_lcLookaheadLeft": 39.5904, "bus_lcPushy": 0.0054, "bus_lcSublane": 0.457, "bus_tau_mean": 2.5612, "bus_tau_std": 1.0121, "bus_v_mean": 18.9573, "bus_v_std": 1.548, "car_acc": 2.6342, "car_dcc": 1.0139, "car_lcAssertive": 82.2181, "car_lcCooperative": 0.2994, "car_lcLookaheadLeft": 51.3902, "car_lcPushy": 0.1011, "car_lcSublane": 0.5351, "car_tau_mean": 2.8657, "car_tau_std": 0.4009, "car_v_mean": 8.644, "car_v_std": 1.0446}, "datetime": {"datetime": "2024-08-05 18:00:49", "elapsed": 872.644999, "delta": 2.487646}}
{"target": -0.05151586101731594, "params": {"bus_acc": 1.7799, "bus_dcc": 2.8925, "bus_lcAssertive": 13.2883, "bus_lcCooperative": 0.8189, "bus_lcLookaheadLeft": 79.9084, "bus_lcPushy": 0.1498, "bus_lcSublane": 0.9618, "bus_tau_mean": 1.2516, "bus_tau_std": 9.742, "bus_v_mean": 22.0887, "bus_v_std": 1.7301, "car_acc": 1.7061, "car_dcc": 2.1265, "car_lcAssertive": 90.6217, "car_lcCooperative": 0.0623, "car_lcLookaheadLeft": 54.739, "car_lcPushy": 0.0514, "car_lcSublane": 0.2877, "car_tau_mean": 0.6037, "car_tau_std": 9.1777, "car_v_mean": 11.6511, "car_v_std": 4.2813}, "datetime": {"datetime": "2024-08-05 18:00:51", "elapsed": 875.203018, "delta": 2.558019}}
{"target": -0.052831795972234884, "params": {"bus_acc": 2.8349, "bus_dcc": 1.7583, "bus_lcAssertive": 63.0022, "bus_lcCooperative": 0.4021, "bus_lcLookaheadLeft": 54.1396, "bus_lcPushy": 0.3782, "bus_lcSublane": 0.089, "bus_tau_mean": 1.5286, "bus_tau_std": 3.6563, "bus_v_mean": 21.8977, "bus_v_std": 6.209, "car_acc": 1.2631, "car_dcc": 2.4217, "car_lcAssertive": 7.9273, "car_lcCooperative": 0.1516, "car_lcLookaheadLeft": 87.4528, "car_lcPushy": 0.3104, "car_lcSublane": 0.1459, "car_tau_mean": 3.2036, "car_tau_std": 3.1068, "car_v_mean": 17.9459, "car_v_std": 2.8253}, "datetime": {"datetime": "2024-08-05 18:00:54", "elapsed": 877.822738, "delta": 2.61972}}
{"target": -0.052176534102390267, "params": {"bus_acc": 2.9236, "bus_dcc": 1.2707, "bus_lcAssertive": 25.0368, "bus_lcCooperative": 0.3317, "bus_lcLookaheadLeft": 47.1371, "bus_lcPushy": 0.851, "bus_lcSublane": 0.1839, "bus_tau_mean": 3.9016, "bus_tau_std": 8.2314, "bus_v_mean": 12.6508, "bus_v_std": 5.8309, "car_acc": 1.1346, "car_dcc": 3.8077, "car_lcAssertive": 24.7093, "car_lcCooperative": 0.6068, "car_lcLookaheadLeft": 23.8332, "car_lcPushy": 0.8235, "car_lcSublane": 0.4923, "car_tau_mean": 3.4976, "car_tau_std": 8.0469, "car_v_mean": 17.0805, "car_v_std": 4.9398}, "datetime": {"datetime": "2024-08-05 18:00:57", "elapsed": 880.545964, "delta": 2.723226}}
{"target": -0.0538715303000062, "params": {"bus_acc": 2.6461, "bus_dcc": 3.4139, "bus_lcAssertive": 87.5254, "bus_lcCooperative": 0.739, "bus_lcLookaheadLeft": 44.3492, "bus_lcPushy": 0.1621, "bus_lcSublane": 0.1968, "bus_tau_mean": 3.5138, "bus_tau_std": 8.0349, "bus_v_mean": 21.4629, "bus_v_std": 0.2256, "car_acc": 2.1094, "car_dcc": 3.9164, "car_lcAssertive": 56.7052, "car_lcCooperative": 0.626, "car_lcLookaheadLeft": 80.6006, "car_lcPushy": 0.3541, "car_lcSublane": 0.8746, "car_tau_mean": 0.8985, "car_tau_std": 2.5207, "car_v_mean": 9.5978, "car_v_std": 1.6294}, "datetime": {"datetime": "2024-08-05 18:01:00", "elapsed": 883.53363, "delta": 2.987666}}
{"target": -0.06074145159133595, "params": {"bus_acc": 2.0057, "bus_dcc": 1.1734, "bus_lcAssertive": 82.2029, "bus_lcCooperative": 0.2305, "bus_lcLookaheadLeft": 63.9471, "bus_lcPushy": 0.4771, "bus_lcSublane": 0.1203, "bus_tau_mean": 0.8011, "bus_tau_std": 6.9572, "bus_v_mean": 12.8532, "bus_v_std": 2.7817, "car_acc": 2.0314, "car_dcc": 3.097, "car_lcAssertive": 71.9996, "car_lcCooperative": 0.8037, "car_lcLookaheadLeft": 65.4295, "car_lcPushy": 0.5331, "car_lcSublane": 0.2122, "car_tau_mean": 0.7474, "car_tau_std": 6.7148, "car_v_mean": 15.036, "car_v_std": 6.9752}, "datetime": {"datetime": "2024-08-05 18:01:02", "elapsed": 886.114098, "delta": 2.580468}}
{"target": -0.05644719968146642, "params": {"bus_acc": 2.7285, "bus_dcc": 3.5499, "bus_lcAssertive": 95.2525, "bus_lcCooperative": 0.3141, "bus_lcLookaheadLeft": 62.3052, "bus_lcPushy": 0.1924, "bus_lcSublane": 0.673, "bus_tau_mean": 2.4023, "bus_tau_std": 2.0104, "bus_v_mean": 13.2486, "bus_v_std": 1.0066, "car_acc": 1.1148, "car_dcc": 3.0877, "car_lcAssertive": 11.0049, "car_lcCooperative": 0.2297, "car_lcLookaheadLeft": 97.1014, "car_lcPushy": 0.5416, "car_lcSublane": 0.2154, "car_tau_mean": 2.2232, "car_tau_std": 7.3278, "car_v_mean": 16.9821, "car_v_std": 9.3936}, "datetime": {"datetime": "2024-08-05 18:01:06", "elapsed": 889.623838, "delta": 3.50974}}
{"target": -0.05437645702739523, "params": {"bus_acc": 2.0783, "bus_dcc": 2.9537, "bus_lcAssertive": 54.2527, "bus_lcCooperative": 0.9112, "bus_lcLookaheadLeft": 10.2029, "bus_lcPushy": 0.7521, "bus_lcSublane": 0.5232, "bus_tau_mean": 0.8703, "bus_tau_std": 0.6923, "bus_v_mean": 12.448, "bus_v_std": 0.1207, "car_acc": 1.4748, "car_dcc": 1.8152, "car_lcAssertive": 65.5625, "car_lcCooperative": 0.4832, "car_lcLookaheadLeft": 37.2138, "car_lcPushy": 0.6476, "car_lcSublane": 0.7154, "car_tau_mean": 3.1764, "car_tau_std": 5.6043, "car_v_mean": 13.6913, "car_v_std": 4.6232}, "datetime": {"datetime": "2024-08-05 18:01:08", "elapsed": 892.033731, "delta": 2.409893}}
{"target": -0.05772214294497428, "params": {"bus_acc": 1.0139, "bus_dcc": 1.3661, "bus_lcAssertive": 46.786, "bus_lcCooperative": 0.2986, "bus_lcLookaheadLeft": 47.7431, "bus_lcPushy": 0.4791, "bus_lcSublane": 0.0346, "bus_tau_mean": 2.4507, "bus_tau_std": 9.2882, "bus_v_mean": 18.312, "bus_v_std": 0.114, "car_acc": 1.5764, "car_dcc": 2.2752, "car_lcAssertive": 92.6046, "car_lcCooperative": 0.6311, "car_lcLookaheadLeft": 86.7375, "car_lcPushy": 0.0719, "car_lcSublane": 0.9563, "car_tau_mean": 2.2335, "car_tau_std": 1.1284, "car_v_mean": 12.4667, "car_v_std": 3.4764}, "datetime": {"datetime": "2024-08-05 18:01:11", "elapsed": 894.403857, "delta": 2.370126}}
{"target": -0.05198042087596438, "params": {"bus_acc": 1.6422, "bus_dcc": 2.0997, "bus_lcAssertive": 51.9011, "bus_lcCooperative": 0.6116, "bus_lcLookaheadLeft": 98.608, "bus_lcPushy": 0.1235, "bus_lcSublane": 0.6885, "bus_tau_mean": 3.7848, "bus_tau_std": 9.6771, "bus_v_mean": 17.8429, "bus_v_std": 2.098, "car_acc": 1.2941, "car_dcc": 3.7688, "car_lcAssertive": 24.5761, "car_lcCooperative": 0.2793, "car_lcLookaheadLeft": 32.7363, "car_lcPushy": 0.1678, "car_lcSublane": 0.6129, "car_tau_mean": 0.56, "car_tau_std": 5.642, "car_v_mean": 14.8925, "car_v_std": 6.7351}, "datetime": {"datetime": "2024-08-05 18:01:13", "elapsed": 897.038681, "delta": 2.634824}}
{"target": -0.06393064936056286, "params": {"bus_acc": 1.6381, "bus_dcc": 2.5672, "bus_lcAssertive": 2.4026, "bus_lcCooperative": 0.1055, "bus_lcLookaheadLeft": 63.4812, "bus_lcPushy": 0.6141, "bus_lcSublane": 0.0592, "bus_tau_mean": 3.6033, "bus_tau_std": 4.042, "bus_v_mean": 12.2131, "bus_v_std": 2.711, "car_acc": 2.6691, "car_dcc": 2.87, "car_lcAssertive": 94.9854, "car_lcCooperative": 0.2464, "car_lcLookaheadLeft": 89.0816, "car_lcPushy": 0.6156, "car_lcSublane": 0.2184, "car_tau_mean": 1.8661, "car_tau_std": 0.2991, "car_v_mean": 18.9615, "car_v_std": 3.934}, "datetime": {"datetime": "2024-08-05 18:01:17", "elapsed": 901.159583, "delta": 4.120902}}
{"target": -0.06024044962389589, "params": {"bus_acc": 2.2914, "bus_dcc": 3.5171, "bus_lcAssertive": 89.479, "bus_lcCooperative": 0.1821, "bus_lcLookaheadLeft": 20.0416, "bus_lcPushy": 0.0091, "bus_lcSublane": 0.6903, "bus_tau_mean": 2.333, "bus_tau_std": 0.2705, "bus_v_mean": 10.9407, "bus_v_std": 7.4174, "car_acc": 1.6749, "car_dcc": 1.3064, "car_lcAssertive": 65.5421, "car_lcCooperative": 0.7536, "car_lcLookaheadLeft": 39.7354, "car_lcPushy": 0.5533, "car_lcSublane": 0.976, "car_tau_mean": 1.3412, "car_tau_std": 5.8556, "car_v_mean": 12.5739, "car_v_std": 2.248}, "datetime": {"datetime": "2024-08-05 18:01:20", "elapsed": 903.700184, "delta": 2.540601}}
{"target": -0.06513348463176365, "params": {"bus_acc": 1.4664, "bus_dcc": 3.1619, "bus_lcAssertive": 76.2186, "bus_lcCooperative": 0.5018, "bus_lcLookaheadLeft": 26.7251, "bus_lcPushy": 0.4436, "bus_lcSublane": 0.2641, "bus_tau_mean": 3.2916, "bus_tau_std": 4.1197, "bus_v_mean": 14.3043, "bus_v_std": 0.7302, "car_acc": 2.2057, "car_dcc": 1.4383, "car_lcAssertive": 25.5847, "car_lcCooperative": 0.6775, "car_lcLookaheadLeft": 66.2673, "car_lcPushy": 0.7936, "car_lcSublane": 0.9621, "car_tau_mean": 1.8075, "car_tau_std": 9.0558, "car_v_mean": 22.7998, "car_v_std": 6.859}, "datetime": {"datetime": "2024-08-05 18:01:25", "elapsed": 908.728002, "delta": 5.027818}}
{"target": -0.052176116225362446, "params": {"bus_acc": 2.8785, "bus_dcc": 2.118, "bus_lcAssertive": 78.8264, "bus_lcCooperative": 0.9709, "bus_lcLookaheadLeft": 89.0088, "bus_lcPushy": 0.6204, "bus_lcSublane": 0.9944, "bus_tau_mean": 1.1561, "bus_tau_std": 1.6656, "bus_v_mean": 11.5404, "bus_v_std": 3.6027, "car_acc": 1.9142, "car_dcc": 2.2389, "car_lcAssertive": 76.0103, "car_lcCooperative": 0.9932, "car_lcLookaheadLeft": 89.05, "car_lcPushy": 0.4437, "car_lcSublane": 0.2368, "car_tau_mean": 0.8156, "car_tau_std": 4.3005, "car_v_mean": 13.0972, "car_v_std": 3.3953}, "datetime": {"datetime": "2024-08-05 18:01:27", "elapsed": 910.829196, "delta": 2.101194}}
{"target": -0.05955198507527651, "params": {"bus_acc": 1.5544, "bus_dcc": 1.1851, "bus_lcAssertive": 20.2679, "bus_lcCooperative": 0.4992, "bus_lcLookaheadLeft": 47.5894, "bus_lcPushy": 0.4024, "bus_lcSublane": 0.6591, "bus_tau_mean": 2.6436, "bus_tau_std": 6.4066, "bus_v_mean": 9.9911, "bus_v_std": 5.0021, "car_acc": 2.0937, "car_dcc": 1.8743, "car_lcAssertive": 31.2643, "car_lcCooperative": 0.4405, "car_lcLookaheadLeft": 91.1636, "car_lcPushy": 0.0734, "car_lcSublane": 0.3119, "car_tau_mean": 1.4413, "car_tau_std": 0.0564, "car_v_mean": 11.0816, "car_v_std": 8.0387}, "datetime": {"datetime": "2024-08-05 18:01:29", "elapsed": 912.868416, "delta": 2.03922}}
{"target": -0.05544003876566168, "params": {"bus_acc": 2.4413, "bus_dcc": 2.608, "bus_lcAssertive": 54.0489, "bus_lcCooperative": 0.2092, "bus_lcLookaheadLeft": 48.3022, "bus_lcPushy": 0.4953, "bus_lcSublane": 0.4826, "bus_tau_mean": 2.1757, "bus_tau_std": 2.6687, "bus_v_mean": 9.5238, "bus_v_std": 0.8562, "car_acc": 1.4798, "car_dcc": 2.5386, "car_lcAssertive": 87.2227, "car_lcCooperative": 0.0921, "car_lcLookaheadLeft": 22.1964, "car_lcPushy": 0.9692, "car_lcSublane": 0.139, "car_tau_mean": 1.3516, "car_tau_std": 5.8564, "car_v_mean": 19.6907, "car_v_std": 4.4106}, "datetime": {"datetime": "2024-08-05 18:01:32", "elapsed": 915.58691, "delta": 2.718494}}
{"target": -0.05610540676844031, "params": {"bus_acc": 1.5192, "bus_dcc": 1.1146, "bus_lcAssertive": 13.4924, "bus_lcCooperative": 0.3308, "bus_lcLookaheadLeft": 33.981, "bus_lcPushy": 0.1197, "bus_lcSublane": 0.7639, "bus_tau_mean": 3.6824, "bus_tau_std": 3.7234, "bus_v_mean": 16.9692, "bus_v_std": 8.1121, "car_acc": 1.1342, "car_dcc": 1.4417, "car_lcAssertive": 11.5927, "car_lcCooperative": 0.1063, "car_lcLookaheadLeft": 6.6105, "car_lcPushy": 0.1084, "car_lcSublane": 0.5831, "car_tau_mean": 3.5158, "car_tau_std": 8.897, "car_v_mean": 13.951, "car_v_std": 8.2628}, "datetime": {"datetime": "2024-08-05 18:01:34", "elapsed": 918.098865, "delta": 2.511955}}
{"target": -0.07035945127902546, "params": {"bus_acc": 2.4987, "bus_dcc": 2.3704, "bus_lcAssertive": 58.9757, "bus_lcCooperative": 0.7719, "bus_lcLookaheadLeft": 95.8516, "bus_lcPushy": 0.9011, "bus_lcSublane": 0.4343, "bus_tau_mean": 1.5242, "bus_tau_std": 9.0971, "bus_v_mean": 20.9388, "bus_v_std": 1.6268, "car_acc": 1.7673, "car_dcc": 2.6542, "car_lcAssertive": 83.4483, "car_lcCooperative": 0.4412, "car_lcLookaheadLeft": 45.7605, "car_lcPushy": 0.0089, "car_lcSublane": 0.0249, "car_tau_mean": 3.2135, "car_tau_std": 5.9695, "car_v_mean": 15.4147, "car_v_std": 2.5378}, "datetime": {"datetime": "2024-08-05 18:01:37", "elapsed": 920.64507, "delta": 2.546205}}
{"target": -0.06053594295903526, "params": {"bus_acc": 2.9817, "bus_dcc": 2.0102, "bus_lcAssertive": 47.4175, "bus_lcCooperative": 0.0667, "bus_lcLookaheadLeft": 36.035, "bus_lcPushy": 0.1034, "bus_lcSublane": 0.5464, "bus_tau_mean": 3.564, "bus_tau_std": 0.4498, "bus_v_mean": 20.6624, "bus_v_std": 6.2522, "car_acc": 1.8019, "car_dcc": 2.8522, "car_lcAssertive": 62.3956, "car_lcCooperative": 0.1705, "car_lcLookaheadLeft": 86.2043, "car_lcPushy": 0.4985, "car_lcSublane": 0.6343, "car_tau_mean": 2.7162, "car_tau_std": 1.1925, "car_v_mean": 21.3416, "car_v_std": 5.0404}, "datetime": {"datetime": "2024-08-05 18:01:40", "elapsed": 923.558455, "delta": 2.913385}}
{"target": -0.041661746265961024, "params": {"bus_acc": 1.1637, "bus_dcc": 1.3907, "bus_lcAssertive": 31.1713, "bus_lcCooperative": 0.8236, "bus_lcLookaheadLeft": 98.9266, "bus_lcPushy": 0.7821, "bus_lcSublane": 0.5292, "bus_tau_mean": 1.3639, "bus_tau_std": 8.1209, "bus_v_mean": 21.6883, "bus_v_std": 9.8564, "car_acc": 1.1498, "car_dcc": 2.2224, "car_lcAssertive": 65.4551, "car_lcCooperative": 0.8846, "car_lcLookaheadLeft": 92.2221, "car_lcPushy": 0.6367, "car_lcSublane": 0.8638, "car_tau_mean": 3.1443, "car_tau_std": 4.3806, "car_v_mean": 9.8817, "car_v_std": 1.5926}, "datetime": {"datetime": "2024-08-05 18:01:44", "elapsed": 927.447451, "delta": 3.888996}}
{"target": -0.05870676044433282, "params": {"bus_acc": 1.2237, "bus_dcc": 2.3327, "bus_lcAssertive": 57.503, "bus_lcCooperative": 0.1272, "bus_lcLookaheadLeft": 88.8228, "bus_lcPushy": 0.2082, "bus_lcSublane": 0.7126, "bus_tau_mean": 1.0756, "bus_tau_std": 8.3493, "bus_v_mean": 13.1727, "bus_v_std": 7.9834, "car_acc": 2.7586, "car_dcc": 1.0799, "car_lcAssertive": 33.5413, "car_lcCooperative": 0.4364, "car_lcLookaheadLeft": 15.4155, "car_lcPushy": 0.1251, "car_lcSublane": 0.3964, "car_tau_mean": 1.893, "car_tau_std": 3.473, "car_v_mean": 16.8447, "car_v_std": 0.3899}, "datetime": {"datetime": "2024-08-05 18:01:47", "elapsed": 930.594472, "delta": 3.147021}}
{"target": -0.06243202930528242, "params": {"bus_acc": 1.2801, "bus_dcc": 2.5214, "bus_lcAssertive": 32.4369, "bus_lcCooperative": 0.3048, "bus_lcLookaheadLeft": 24.1371, "bus_lcPushy": 0.9031, "bus_lcSublane": 0.2178, "bus_tau_mean": 1.4725, "bus_tau_std": 2.788, "bus_v_mean": 11.6649, "bus_v_std": 8.2081, "car_acc": 2.1925, "car_dcc": 1.6263, "car_lcAssertive": 66.4288, "car_lcCooperative": 0.7977, "car_lcLookaheadLeft": 32.885, "car_lcPushy": 0.4813, "car_lcSublane": 0.6619, "car_tau_mean": 2.0773, "car_tau_std": 0.435, "car_v_mean": 15.7407, "car_v_std": 2.2464}, "datetime": {"datetime": "2024-08-05 18:01:49", "elapsed": 932.880482, "delta": 2.28601}}
{"target": -0.0663925188878705, "params": {"bus_acc": 2.666, "bus_dcc": 2.6314, "bus_lcAssertive": 87.1379, "bus_lcCooperative": 0.0124, "bus_lcLookaheadLeft": 43.6616, "bus_lcPushy": 0.7219, "bus_lcSublane": 0.0279, "bus_tau_mean": 2.7981, "bus_tau_std": 3.9489, "bus_v_mean": 22.4615, "bus_v_std": 8.1548, "car_acc": 1.988, "car_dcc": 2.9704, "car_lcAssertive": 58.6462, "car_lcCooperative": 0.4147, "car_lcLookaheadLeft": 94.0379, "car_lcPushy": 0.7111, "car_lcSublane": 0.6274, "car_tau_mean": 0.713, "car_tau_std": 4.6098, "car_v_mean": 15.0414, "car_v_std": 1.8925}, "datetime": {"datetime": "2024-08-05 18:01:51", "elapsed": 934.852217, "delta": 1.971735}}
{"target": -0.04963136852664009, "params": {"bus_acc": 2.0649, "bus_dcc": 2.8865, "bus_lcAssertive": 54.3796, "bus_lcCooperative": 0.6171, "bus_lcLookaheadLeft": 10.4664, "bus_lcPushy": 0.5005, "bus_lcSublane": 0.486, "bus_tau_mean": 0.6047, "bus_tau_std": 2.8125, "bus_v_mean": 20.5964, "bus_v_std": 8.6484, "car_acc": 2.2955, "car_dcc": 1.1445, "car_lcAssertive": 62.3231, "car_lcCooperative": 0.8284, "car_lcLookaheadLeft": 57.2263, "car_lcPushy": 0.4776, "car_lcSublane": 0.3676, "car_tau_mean": 2.965, "car_tau_std": 8.8342, "car_v_mean": 9.1297, "car_v_std": 7.2816}, "datetime": {"datetime": "2024-08-05 18:01:53", "elapsed": 936.673314, "delta": 1.821097}}
{"target": -0.05872690669078464, "params": {"bus_acc": 2.3977, "bus_dcc": 2.8642, "bus_lcAssertive": 79.8619, "bus_lcCooperative": 0.48, "bus_lcLookaheadLeft": 66.4764, "bus_lcPushy": 0.0385, "bus_lcSublane": 0.8967, "bus_tau_mean": 1.3696, "bus_tau_std": 4.1362, "bus_v_mean": 9.7987, "bus_v_std": 3.8403, "car_acc": 1.6566, "car_dcc": 2.1399, "car_lcAssertive": 47.7176, "car_lcCooperative": 0.0236, "car_lcLookaheadLeft": 42.9691, "car_lcPushy": 0.829, "car_lcSublane": 0.4517, "car_tau_mean": 0.8627, "car_tau_std": 0.0339, "car_v_mean": 8.4842, "car_v_std": 5.5006}, "datetime": {"datetime": "2024-08-05 18:01:55", "elapsed": 938.975828, "delta": 2.302514}}
{"target": -0.0632793568616259, "params": {"bus_acc": 2.3982, "bus_dcc": 3.8972, "bus_lcAssertive": 33.7402, "bus_lcCooperative": 0.5047, "bus_lcLookaheadLeft": 80.3391, "bus_lcPushy": 0.1418, "bus_lcSublane": 0.3605, "bus_tau_mean": 2.3361, "bus_tau_std": 9.5495, "bus_v_mean": 15.6892, "bus_v_std": 8.7693, "car_acc": 2.6132, "car_dcc": 2.411, "car_lcAssertive": 61.8137, "car_lcCooperative": 0.9892, "car_lcLookaheadLeft": 11.9309, "car_lcPushy": 0.4838, "car_lcSublane": 0.4864, "car_tau_mean": 3.5327, "car_tau_std": 1.4223, "car_v_mean": 19.3709, "car_v_std": 7.9107}, "datetime": {"datetime": "2024-08-05 18:01:57", "elapsed": 941.059637, "delta": 2.083809}}
{"target": -0.07351176043948046, "params": {"bus_acc": 1.6477, "bus_dcc": 1.7793, "bus_lcAssertive": 62.4331, "bus_lcCooperative": 0.2883, "bus_lcLookaheadLeft": 4.9416, "bus_lcPushy": 0.3164, "bus_lcSublane": 0.7251, "bus_tau_mean": 1.3843, "bus_tau_std": 6.2297, "bus_v_mean": 22.3342, "bus_v_std": 0.4325, "car_acc": 1.3571, "car_dcc": 1.3994, "car_lcAssertive": 58.2409, "car_lcCooperative": 0.645, "car_lcLookaheadLeft": 52.8457, "car_lcPushy": 0.4901, "car_lcSublane": 0.0449, "car_tau_mean": 0.9924, "car_tau_std": 3.3954, "car_v_mean": 20.5598, "car_v_std": 2.8953}, "datetime": {"datetime": "2024-08-05 18:01:59", "elapsed": 943.219594, "delta": 2.159957}}
