{"target": -0.35319997150860677, "params": {"bus_acc": 2.014, "bus_dcc": 2.4205, "bus_lcAssertive": 75.3159, "bus_lcCooperative": 0.9444, "bus_lcLookaheadLeft": 79.2818, "bus_lcPushy": 0.4384, "bus_lcSigma": 0.6995, "bus_lcSpeedGainRight": 0.6393, "bus_lcSublane": 0.5368, "bus_sigma": 0.5026, "bus_tau_mean": 0.6768, "bus_tau_std": 0.9145, "bus_v_mean": 21.2304, "bus_v_std": 17.4962, "car_acc": 2.6214, "car_dcc": 2.5758, "car_lcAssertive": 8.2328, "car_lcCooperative": 0.8006, "car_lcLookaheadLeft": 80.6518, "car_lcPushy": 0.9285, "car_lcSigma": 0.159, "car_lcSpeedGainRight": 1.0941, "car_lcSublane": 0.7073, "car_sigma": 0.0533, "car_tau_mean": 2.8047, "car_tau_std": 2.6111, "car_v_mean": 14.6648, "car_v_std": 7.5292}, "datetime": {"datetime": "2024-08-08 11:07:45", "elapsed": 4345.193555, "delta": 1.67602}}
{"target": -0.3120596184461133, "params": {"bus_acc": 1.6106, "bus_dcc": 2.3791, "bus_lcAssertive": 34.2187, "bus_lcCooperative": 0.2737, "bus_lcLookaheadLeft": 42.2864, "bus_lcPushy": 0.6838, "bus_lcSigma": 0.6083, "bus_lcSpeedGainRight": 2.7393, "bus_lcSublane": 0.3523, "bus_sigma": 0.5306, "bus_tau_mean": 3.5482, "bus_tau_std": 0.2452, "bus_v_mean": 8.7994, "bus_v_std": 3.3038, "car_acc": 1.9601, "car_dcc": 1.2529, "car_lcAssertive": 37.8491, "car_lcCooperative": 0.0082, "car_lcLookaheadLeft": 56.48, "car_lcPushy": 0.9372, "car_lcSigma": 0.0975, "car_lcSpeedGainRight": 0.9614, "car_lcSublane": 0.3905, "car_sigma": 0.4281, "car_tau_mean": 0.7003, "car_tau_std": 2.0144, "car_v_mean": 12.0763, "car_v_std": 0.1875}, "datetime": {"datetime": "2024-08-08 11:07:47", "elapsed": 4347.535246, "delta": 2.341691}}
{"target": -0.3447800726093536, "params": {"bus_acc": 1.5244, "bus_dcc": 1.174, "bus_lcAssertive": 7.0201, "bus_lcCooperative": 0.1613, "bus_lcLookaheadLeft": 45.6333, "bus_lcPushy": 0.9238, "bus_lcSigma": 0.8023, "bus_lcSpeedGainRight": 0.5632, "bus_lcSublane": 0.0171, "bus_sigma": 0.0271, "bus_tau_mean": 3.9425, "bus_tau_std": 9.7989, "bus_v_mean": 18.2852, "bus_v_std": 19.1246, "car_acc": 2.2158, "car_dcc": 1.6366, "car_lcAssertive": 97.8964, "car_lcCooperative": 0.2208, "car_lcLookaheadLeft": 41.8718, "car_lcPushy": 0.2965, "car_lcSigma": 0.6199, "car_lcSpeedGainRight": 3.3201, "car_lcSublane": 0.5448, "car_sigma": 0.0788, "car_tau_mean": 3.6482, "car_tau_std": 8.2597, "car_v_mean": 11.7044, "car_v_std": 11.6984}, "datetime": {"datetime": "2024-08-08 11:07:49", "elapsed": 4349.725459, "delta": 2.190213}}
{"target": -0.3735359818212175, "params": {"bus_acc": 1.5947, "bus_dcc": 3.7426, "bus_lcAssertive": 16.3095, "bus_lcCooperative": 0.3962, "bus_lcLookaheadLeft": 53.0798, "bus_lcPushy": 0.462, "bus_lcSigma": 0.3384, "bus_lcSpeedGainRight": 0.3248, "bus_lcSublane": 0.2067, "bus_sigma": 0.7346, "bus_tau_mean": 0.9013, "bus_tau_std": 2.9729, "bus_v_mean": 21.0532, "bus_v_std": 15.9686, "car_acc": 2.1459, "car_dcc": 3.9583, "car_lcAssertive": 66.4133, "car_lcCooperative": 0.9269, "car_lcLookaheadLeft": 29.8379, "car_lcPushy": 0.4984, "car_lcSigma": 0.4803, "car_lcSpeedGainRight": 3.9013, "car_lcSublane": 0.077, "car_sigma": 0.6656, "car_tau_mean": 3.4761, "car_tau_std": 4.5771, "car_v_mean": 14.342, "car_v_std": 7.4456}, "datetime": {"datetime": "2024-08-08 11:07:54", "elapsed": 4354.278544, "delta": 4.553085}}
{"target": -0.3480394103550907, "params": {"bus_acc": 2.6151, "bus_dcc": 1.8493, "bus_lcAssertive": 23.5135, "bus_lcCooperative": 0.9217, "bus_lcLookaheadLeft": 63.8343, "bus_lcPushy": 0.3111, "bus_lcSigma": 0.3829, "bus_lcSpeedGainRight": 2.9452, "bus_lcSublane": 0.1703, "bus_sigma": 0.9591, "bus_tau_mean": 2.1684, "bus_tau_std": 8.7754, "bus_v_mean": 11.6163, "bus_v_std": 14.7746, "car_acc": 2.0395, "car_dcc": 3.4432, "car_lcAssertive": 87.5373, "car_lcCooperative": 0.5917, "car_lcLookaheadLeft": 40.4468, "car_lcPushy": 0.1353, "car_lcSigma": 0.6482, "car_lcSpeedGainRight": 4.6704, "car_lcSublane": 0.4358, "car_sigma": 0.2001, "car_tau_mean": 1.5823, "car_tau_std": 1.6833, "car_v_mean": 23.8788, "car_v_std": 11.8996}, "datetime": {"datetime": "2024-08-08 11:07:57", "elapsed": 4357.108412, "delta": 2.829868}}
{"target": -0.3473615854396179, "params": {"bus_acc": 2.2419, "bus_dcc": 3.8116, "bus_lcAssertive": 63.695, "bus_lcCooperative": 0.8974, "bus_lcLookaheadLeft": 83.388, "bus_lcPushy": 0.6407, "bus_lcSigma": 0.1346, "bus_lcSpeedGainRight": 1.0763, "bus_lcSublane": 0.1543, "bus_sigma": 0.513, "bus_tau_mean": 0.9233, "bus_tau_std": 3.1103, "bus_v_mean": 23.428, "bus_v_std": 5.9721, "car_acc": 1.8488, "car_dcc": 3.0727, "car_lcAssertive": 83.0739, "car_lcCooperative": 0.2327, "car_lcLookaheadLeft": 16.9076, "car_lcPushy": 0.888, "car_lcSigma": 0.9082, "car_lcSpeedGainRight": 0.3205, "car_lcSublane": 0.9473, "car_sigma": 0.0405, "car_tau_mean": 2.8914, "car_tau_std": 2.5118, "car_v_mean": 9.2318, "car_v_std": 18.6995}, "datetime": {"datetime": "2024-08-08 11:07:58", "elapsed": 4358.985803, "delta": 1.877391}}
{"target": -0.39336912482586917, "params": {"bus_acc": 2.757, "bus_dcc": 3.394, "bus_lcAssertive": 42.3816, "bus_lcCooperative": 0.2569, "bus_lcLookaheadLeft": 25.2039, "bus_lcPushy": 0.8686, "bus_lcSigma": 0.2791, "bus_lcSpeedGainRight": 3.0339, "bus_lcSublane": 0.4226, "bus_sigma": 0.8225, "bus_tau_mean": 3.4814, "bus_tau_std": 5.6724, "bus_v_mean": 16.5364, "bus_v_std": 10.1828, "car_acc": 2.2061, "car_dcc": 3.8877, "car_lcAssertive": 49.5089, "car_lcCooperative": 0.1281, "car_lcLookaheadLeft": 27.4447, "car_lcPushy": 0.7216, "car_lcSigma": 0.812, "car_lcSpeedGainRight": 3.5394, "car_lcSublane": 0.9224, "car_sigma": 0.2453, "car_tau_mean": 0.8827, "car_tau_std": 6.5708, "car_v_mean": 22.8271, "car_v_std": 2.469}, "datetime": {"datetime": "2024-08-08 11:08:03", "elapsed": 4363.231918, "delta": 4.246115}}
{"target": -0.3592683899893018, "params": {"bus_acc": 1.497, "bus_dcc": 1.0086, "bus_lcAssertive": 67.3517, "bus_lcCooperative": 0.5092, "bus_lcLookaheadLeft": 46.0651, "bus_lcPushy": 0.3371, "bus_lcSigma": 0.933, "bus_lcSpeedGainRight": 4.1822, "bus_lcSublane": 0.8947, "bus_sigma": 0.9599, "bus_tau_mean": 2.1566, "bus_tau_std": 6.4443, "bus_v_mean": 18.2393, "bus_v_std": 11.4223, "car_acc": 2.3818, "car_dcc": 3.4921, "car_lcAssertive": 56.1605, "car_lcCooperative": 0.6725, "car_lcLookaheadLeft": 18.5131, "car_lcPushy": 0.6116, "car_lcSigma": 0.1896, "car_lcSpeedGainRight": 4.9532, "car_lcSublane": 0.5226, "car_sigma": 0.9361, "car_tau_mean": 3.3958, "car_tau_std": 2.4537, "car_v_mean": 10.5852, "car_v_std": 9.4588}, "datetime": {"datetime": "2024-08-08 11:08:05", "elapsed": 4365.927589, "delta": 2.695671}}
{"target": -0.3629308880623967, "params": {"bus_acc": 1.9877, "bus_dcc": 3.1364, "bus_lcAssertive": 89.6085, "bus_lcCooperative": 0.2073, "bus_lcLookaheadLeft": 44.2313, "bus_lcPushy": 0.9331, "bus_lcSigma": 0.5554, "bus_lcSpeedGainRight": 0.341, "bus_lcSublane": 0.6581, "bus_sigma": 0.5936, "bus_tau_mean": 3.5508, "bus_tau_std": 7.0277, "bus_v_mean": 23.4132, "bus_v_std": 12.0012, "car_acc": 2.5693, "car_dcc": 2.2021, "car_lcAssertive": 73.0492, "car_lcCooperative": 0.9835, "car_lcLookaheadLeft": 76.717, "car_lcPushy": 0.2686, "car_lcSigma": 0.0984, "car_lcSpeedGainRight": 1.7879, "car_lcSublane": 0.1762, "car_sigma": 0.5404, "car_tau_mean": 0.5606, "car_tau_std": 4.7174, "car_v_mean": 16.6449, "car_v_std": 6.1455}, "datetime": {"datetime": "2024-08-08 11:08:08", "elapsed": 4368.748146, "delta": 2.820557}}
{"target": -0.3570234539216883, "params": {"bus_acc": 1.2786, "bus_dcc": 3.0659, "bus_lcAssertive": 44.5504, "bus_lcCooperative": 0.8967, "bus_lcLookaheadLeft": 59.416, "bus_lcPushy": 0.617, "bus_lcSigma": 0.8536, "bus_lcSpeedGainRight": 4.4294, "bus_lcSublane": 0.2303, "bus_sigma": 0.2286, "bus_tau_mean": 2.7385, "bus_tau_std": 5.9767, "bus_v_mean": 17.2257, "bus_v_std": 6.8996, "car_acc": 2.8588, "car_dcc": 1.3189, "car_lcAssertive": 97.9876, "car_lcCooperative": 0.1881, "car_lcLookaheadLeft": 86.6616, "car_lcPushy": 0.5418, "car_lcSigma": 0.9301, "car_lcSpeedGainRight": 2.6254, "car_lcSublane": 0.1422, "car_sigma": 0.3962, "car_tau_mean": 3.5074, "car_tau_std": 3.6931, "car_v_mean": 8.7396, "car_v_std": 3.559}, "datetime": {"datetime": "2024-08-08 11:08:11", "elapsed": 4371.355423, "delta": 2.607277}}
{"target": -0.329978193209776, "params": {"bus_acc": 2.8182, "bus_dcc": 2.4938, "bus_lcAssertive": 2.3359, "bus_lcCooperative": 0.8888, "bus_lcLookaheadLeft": 25.638, "bus_lcPushy": 0.3402, "bus_lcSigma": 0.8926, "bus_lcSpeedGainRight": 3.0451, "bus_lcSublane": 0.3192, "bus_sigma": 0.6541, "bus_tau_mean": 3.9797, "bus_tau_std": 4.9473, "bus_v_mean": 8.9002, "bus_v_std": 8.379, "car_acc": 2.5446, "car_dcc": 3.2343, "car_lcAssertive": 15.4868, "car_lcCooperative": 0.3744, "car_lcLookaheadLeft": 63.591, "car_lcPushy": 0.4604, "car_lcSigma": 0.6641, "car_lcSpeedGainRight": 4.8835, "car_lcSublane": 0.3346, "car_sigma": 0.7504, "car_tau_mean": 1.936, "car_tau_std": 9.3497, "car_v_mean": 9.507, "car_v_std": 0.2628}, "datetime": {"datetime": "2024-08-08 11:08:14", "elapsed": 4374.67405, "delta": 3.318627}}
{"target": -0.3732117080216043, "params": {"bus_acc": 2.2265, "bus_dcc": 2.0027, "bus_lcAssertive": 32.7871, "bus_lcCooperative": 0.3461, "bus_lcLookaheadLeft": 18.0774, "bus_lcPushy": 0.5839, "bus_lcSigma": 0.1845, "bus_lcSpeedGainRight": 4.1582, "bus_lcSublane": 0.0776, "bus_sigma": 0.4691, "bus_tau_mean": 1.1969, "bus_tau_std": 2.172, "bus_v_mean": 17.2656, "bus_v_std": 17.4744, "car_acc": 1.7755, "car_dcc": 3.8168, "car_lcAssertive": 50.3892, "car_lcCooperative": 0.6597, "car_lcLookaheadLeft": 6.2043, "car_lcPushy": 0.0192, "car_lcSigma": 0.1076, "car_lcSpeedGainRight": 2.5945, "car_lcSublane": 0.0056, "car_sigma": 0.1742, "car_tau_mean": 1.0803, "car_tau_std": 6.9561, "car_v_mean": 12.0071, "car_v_std": 12.7372}, "datetime": {"datetime": "2024-08-08 11:08:17", "elapsed": 4377.249832, "delta": 2.575782}}
{"target": -0.34510690604009187, "params": {"bus_acc": 1.2966, "bus_dcc": 1.4438, "bus_lcAssertive": 88.6122, "bus_lcCooperative": 0.6063, "bus_lcLookaheadLeft": 66.9847, "bus_lcPushy": 0.3244, "bus_lcSigma": 0.8835, "bus_lcSpeedGainRight": 0.502, "bus_lcSublane": 0.8, "bus_sigma": 0.7787, "bus_tau_mean": 3.156, "bus_tau_std": 8.9004, "bus_v_mean": 16.2742, "bus_v_std": 7.6274, "car_acc": 1.5403, "car_dcc": 2.8528, "car_lcAssertive": 50.9044, "car_lcCooperative": 0.9725, "car_lcLookaheadLeft": 39.2118, "car_lcPushy": 0.7232, "car_lcSigma": 0.7071, "car_lcSpeedGainRight": 0.4482, "car_lcSublane": 0.8951, "car_sigma": 0.522, "car_tau_mean": 1.0031, "car_tau_std": 2.2588, "car_v_mean": 11.8297, "car_v_std": 16.8117}, "datetime": {"datetime": "2024-08-08 11:08:21", "elapsed": 4381.801829, "delta": 4.551997}}
{"target": -0.36607724260032054, "params": {"bus_acc": 1.9714, "bus_dcc": 2.3956, "bus_lcAssertive": 77.1975, "bus_lcCooperative": 0.1036, "bus_lcLookaheadLeft": 33.9944, "bus_lcPushy": 0.3845, "bus_lcSigma": 0.0447, "bus_lcSpeedGainRight": 2.6076, "bus_lcSublane": 0.5059, "bus_sigma": 0.5477, "bus_tau_mean": 1.4747, "bus_tau_std": 4.1933, "bus_v_mean": 14.5865, "bus_v_std": 0.9157, "car_acc": 1.4633, "car_dcc": 1.3424, "car_lcAssertive": 91.7282, "car_lcCooperative": 0.6233, "car_lcLookaheadLeft": 3.1957, "car_lcPushy": 0.7857, "car_lcSigma": 0.8139, "car_lcSpeedGainRight": 1.6916, "car_lcSublane": 0.7947, "car_sigma": 0.8795, "car_tau_mean": 2.2846, "car_tau_std": 3.154, "car_v_mean": 21.282, "car_v_std": 5.4151}, "datetime": {"datetime": "2024-08-08 11:08:25", "elapsed": 4385.068409, "delta": 3.26658}}
{"target": -0.4183486666348487, "params": {"bus_acc": 1.6304, "bus_dcc": 1.0444, "bus_lcAssertive": 91.6988, "bus_lcCooperative": 0.4263, "bus_lcLookaheadLeft": 67.582, "bus_lcPushy": 0.7831, "bus_lcSigma": 0.9532, "bus_lcSpeedGainRight": 2.541, "bus_lcSublane": 0.1788, "bus_sigma": 0.1395, "bus_tau_mean": 0.5871, "bus_tau_std": 1.4973, "bus_v_mean": 14.8445, "bus_v_std": 0.0279, "car_acc": 1.4362, "car_dcc": 2.3689, "car_lcAssertive": 6.0338, "car_lcCooperative": 0.6029, "car_lcLookaheadLeft": 99.7754, "car_lcPushy": 0.279, "car_lcSigma": 0.5397, "car_lcSpeedGainRight": 0.2892, "car_lcSublane": 0.5423, "car_sigma": 0.5995, "car_tau_mean": 1.4452, "car_tau_std": 8.4021, "car_v_mean": 9.1659, "car_v_std": 14.684}, "datetime": {"datetime": "2024-08-08 11:08:28", "elapsed": 4388.991126, "delta": 3.922717}}
{"target": -0.34271001737282736, "params": {"bus_acc": 2.0527, "bus_dcc": 2.49, "bus_lcAssertive": 28.6493, "bus_lcCooperative": 0.4079, "bus_lcLookaheadLeft": 29.8849, "bus_lcPushy": 0.7166, "bus_lcSigma": 0.4331, "bus_lcSpeedGainRight": 1.11, "bus_lcSublane": 0.5925, "bus_sigma": 0.5832, "bus_tau_mean": 2.5226, "bus_tau_std": 3.1958, "bus_v_mean": 11.3534, "bus_v_std": 17.4427, "car_acc": 2.5948, "car_dcc": 3.8411, "car_lcAssertive": 78.9456, "car_lcCooperative": 0.8625, "car_lcLookaheadLeft": 93.4547, "car_lcPushy": 0.6666, "car_lcSigma": 0.653, "car_lcSpeedGainRight": 4.2611, "car_lcSublane": 0.8189, "car_sigma": 0.3704, "car_tau_mean": 3.1103, "car_tau_std": 9.9542, "car_v_mean": 18.5109, "car_v_std": 6.2222}, "datetime": {"datetime": "2024-08-08 11:08:31", "elapsed": 4391.322634, "delta": 2.331508}}
{"target": -0.34737450075920917, "params": {"bus_acc": 1.1515, "bus_dcc": 3.1984, "bus_lcAssertive": 83.4394, "bus_lcCooperative": 0.4314, "bus_lcLookaheadLeft": 95.1708, "bus_lcPushy": 0.1852, "bus_lcSigma": 0.786, "bus_lcSpeedGainRight": 0.8014, "bus_lcSublane": 0.3207, "bus_sigma": 0.3461, "bus_tau_mean": 1.1439, "bus_tau_std": 1.9926, "bus_v_mean": 19.1758, "bus_v_std": 1.4072, "car_acc": 1.5605, "car_dcc": 3.3504, "car_lcAssertive": 75.1054, "car_lcCooperative": 0.5853, "car_lcLookaheadLeft": 12.9869, "car_lcPushy": 0.2719, "car_lcSigma": 0.3215, "car_lcSpeedGainRight": 0.7261, "car_lcSublane": 0.5212, "car_sigma": 0.1015, "car_tau_mean": 1.2039, "car_tau_std": 4.4425, "car_v_mean": 9.5384, "car_v_std": 12.0332}, "datetime": {"datetime": "2024-08-08 11:08:34", "elapsed": 4394.561711, "delta": 3.239077}}
{"target": -0.3316172899313996, "params": {"bus_acc": 2.4432, "bus_dcc": 2.0667, "bus_lcAssertive": 70.0895, "bus_lcCooperative": 0.2295, "bus_lcLookaheadLeft": 69.7596, "bus_lcPushy": 0.9474, "bus_lcSigma": 0.2704, "bus_lcSpeedGainRight": 4.8982, "bus_lcSublane": 0.1127, "bus_sigma": 0.7385, "bus_tau_mean": 3.5846, "bus_tau_std": 1.1717, "bus_v_mean": 9.9845, "bus_v_std": 1.2958, "car_acc": 1.0809, "car_dcc": 1.8739, "car_lcAssertive": 11.8816, "car_lcCooperative": 0.4206, "car_lcLookaheadLeft": 85.262, "car_lcPushy": 0.6613, "car_lcSigma": 0.0965, "car_lcSpeedGainRight": 2.2412, "car_lcSublane": 0.4393, "car_sigma": 0.6298, "car_tau_mean": 0.9539, "car_tau_std": 9.9258, "car_v_mean": 9.9657, "car_v_std": 8.219}, "datetime": {"datetime": "2024-08-08 11:08:36", "elapsed": 4396.689305, "delta": 2.127594}}
{"target": -0.34175140282010125, "params": {"bus_acc": 1.5461, "bus_dcc": 2.2961, "bus_lcAssertive": 97.4997, "bus_lcCooperative": 0.4747, "bus_lcLookaheadLeft": 38.6289, "bus_lcPushy": 0.3675, "bus_lcSigma": 0.1128, "bus_lcSpeedGainRight": 3.088, "bus_lcSublane": 0.9831, "bus_sigma": 0.3383, "bus_tau_mean": 3.2084, "bus_tau_std": 0.063, "bus_v_mean": 11.2021, "bus_v_std": 12.74, "car_acc": 2.971, "car_dcc": 2.4131, "car_lcAssertive": 84.8587, "car_lcCooperative": 0.9887, "car_lcLookaheadLeft": 57.0512, "car_lcPushy": 0.6185, "car_lcSigma": 0.3022, "car_lcSpeedGainRight": 2.7588, "car_lcSublane": 0.5204, "car_sigma": 0.7478, "car_tau_mean": 3.4341, "car_tau_std": 4.2935, "car_v_mean": 19.3757, "car_v_std": 4.7542}, "datetime": {"datetime": "2024-08-08 11:08:39", "elapsed": 4399.782743, "delta": 3.093438}}
{"target": -0.3699231012049587, "params": {"bus_acc": 2.9907, "bus_dcc": 1.9524, "bus_lcAssertive": 80.919, "bus_lcCooperative": 0.2237, "bus_lcLookaheadLeft": 74.7461, "bus_lcPushy": 0.0702, "bus_lcSigma": 0.9801, "bus_lcSpeedGainRight": 3.6496, "bus_lcSublane": 0.9158, "bus_sigma": 0.8056, "bus_tau_mean": 1.6479, "bus_tau_std": 9.2509, "bus_v_mean": 8.0638, "bus_v_std": 15.3271, "car_acc": 1.9201, "car_dcc": 3.9533, "car_lcAssertive": 46.5919, "car_lcCooperative": 0.8655, "car_lcLookaheadLeft": 44.6357, "car_lcPushy": 0.6693, "car_lcSigma": 0.2327, "car_lcSpeedGainRight": 2.1506, "car_lcSublane": 0.1774, "car_sigma": 0.9419, "car_tau_mean": 0.7832, "car_tau_std": 9.0714, "car_v_mean": 17.5308, "car_v_std": 16.0441}, "datetime": {"datetime": "2024-08-08 11:08:43", "elapsed": 4403.457973, "delta": 3.67523}}
{"target": -0.36798487997493157, "params": {"bus_acc": 1.0246, "bus_dcc": 3.9356, "bus_lcAssertive": 73.0652, "bus_lcCooperative": 0.1179, "bus_lcLookaheadLeft": 50.2106, "bus_lcPushy": 0.5326, "bus_lcSigma": 0.0209, "bus_lcSpeedGainRight": 4.5802, "bus_lcSublane": 0.4113, "bus_sigma": 0.1158, "bus_tau_mean": 1.8527, "bus_tau_std": 3.3224, "bus_v_mean": 20.6581, "bus_v_std": 10.3188, "car_acc": 1.9294, "car_dcc": 3.3233, "car_lcAssertive": 91.8664, "car_lcCooperative": 0.6303, "car_lcLookaheadLeft": 27.6473, "car_lcPushy": 0.2461, "car_lcSigma": 0.5715, "car_lcSpeedGainRight": 2.9336, "car_lcSublane": 0.9858, "car_sigma": 0.6465, "car_tau_mean": 1.3648, "car_tau_std": 6.5269, "car_v_mean": 15.2868, "car_v_std": 16.9186}, "datetime": {"datetime": "2024-08-08 11:08:48", "elapsed": 4408.169522, "delta": 4.711549}}
{"target": -0.35506881450937267, "params": {"bus_acc": 2.77, "bus_dcc": 3.9057, "bus_lcAssertive": 57.8356, "bus_lcCooperative": 0.8656, "bus_lcLookaheadLeft": 86.8318, "bus_lcPushy": 0.4153, "bus_lcSigma": 0.1296, "bus_lcSpeedGainRight": 2.7706, "bus_lcSublane": 0.0229, "bus_sigma": 0.5138, "bus_tau_mean": 2.0154, "bus_tau_std": 0.5543, "bus_v_mean": 18.1913, "bus_v_std": 8.2525, "car_acc": 2.8806, "car_dcc": 1.414, "car_lcAssertive": 26.8993, "car_lcCooperative": 0.4253, "car_lcLookaheadLeft": 84.5579, "car_lcPushy": 0.3715, "car_lcSigma": 0.2806, "car_lcSpeedGainRight": 2.9743, "car_lcSublane": 0.4485, "car_sigma": 0.0615, "car_tau_mean": 2.2819, "car_tau_std": 6.9853, "car_v_mean": 8.589, "car_v_std": 13.5724}, "datetime": {"datetime": "2024-08-08 11:08:51", "elapsed": 4411.646463, "delta": 3.476941}}
{"target": -0.4203175100052354, "params": {"bus_acc": 1.4863, "bus_dcc": 2.8484, "bus_lcAssertive": 66.2075, "bus_lcCooperative": 0.7974, "bus_lcLookaheadLeft": 24.8462, "bus_lcPushy": 0.3884, "bus_lcSigma": 0.1198, "bus_lcSpeedGainRight": 0.4766, "bus_lcSublane": 0.2617, "bus_sigma": 0.1061, "bus_tau_mean": 3.6653, "bus_tau_std": 3.6628, "bus_v_mean": 16.3897, "bus_v_std": 17.5341, "car_acc": 1.2051, "car_dcc": 3.5334, "car_lcAssertive": 89.3186, "car_lcCooperative": 0.9584, "car_lcLookaheadLeft": 29.6964, "car_lcPushy": 0.3819, "car_lcSigma": 0.3161, "car_lcSpeedGainRight": 4.8856, "car_lcSublane": 0.5139, "car_sigma": 0.5801, "car_tau_mean": 3.5039, "car_tau_std": 6.5617, "car_v_mean": 10.4391, "car_v_std": 14.6955}, "datetime": {"datetime": "2024-08-08 11:08:54", "elapsed": 4414.858262, "delta": 3.211799}}
{"target": -0.337740882695331, "params": {"bus_acc": 1.3701, "bus_dcc": 2.5102, "bus_lcAssertive": 33.6056, "bus_lcCooperative": 0.8982, "bus_lcLookaheadLeft": 5.0735, "bus_lcPushy": 0.5689, "bus_lcSigma": 0.4125, "bus_lcSpeedGainRight": 2.44, "bus_lcSublane": 0.9337, "bus_sigma": 0.8543, "bus_tau_mean": 0.7427, "bus_tau_std": 1.9428, "bus_v_mean": 13.0369, "bus_v_std": 15.4873, "car_acc": 2.5526, "car_dcc": 2.8873, "car_lcAssertive": 79.1611, "car_lcCooperative": 0.1626, "car_lcLookaheadLeft": 95.2807, "car_lcPushy": 0.1334, "car_lcSigma": 0.2009, "car_lcSpeedGainRight": 0.1178, "car_lcSublane": 0.818, "car_sigma": 0.7423, "car_tau_mean": 1.8267, "car_tau_std": 4.8055, "car_v_mean": 15.4804, "car_v_std": 16.1157}, "datetime": {"datetime": "2024-08-08 11:08:58", "elapsed": 4418.324171, "delta": 3.465909}}
{"target": -0.3396718528870962, "params": {"bus_acc": 1.2911, "bus_dcc": 2.9246, "bus_lcAssertive": 22.0349, "bus_lcCooperative": 0.9218, "bus_lcLookaheadLeft": 71.3837, "bus_lcPushy": 0.1791, "bus_lcSigma": 0.1542, "bus_lcSpeedGainRight": 1.8819, "bus_lcSublane": 0.1327, "bus_sigma": 0.4553, "bus_tau_mean": 1.4029, "bus_tau_std": 3.8051, "bus_v_mean": 14.586, "bus_v_std": 2.3447, "car_acc": 1.9406, "car_dcc": 1.7075, "car_lcAssertive": 97.5476, "car_lcCooperative": 0.1352, "car_lcLookaheadLeft": 50.7269, "car_lcPushy": 0.4016, "car_lcSigma": 0.4133, "car_lcSpeedGainRight": 2.5405, "car_lcSublane": 0.5128, "car_sigma": 0.2819, "car_tau_mean": 3.7011, "car_tau_std": 5.4291, "car_v_mean": 13.0693, "car_v_std": 6.2165}, "datetime": {"datetime": "2024-08-08 11:09:01", "elapsed": 4421.272204, "delta": 2.948033}}
{"target": -0.3179144902449189, "params": {"bus_acc": 2.6328, "bus_dcc": 2.8836, "bus_lcAssertive": 70.8084, "bus_lcCooperative": 0.9021, "bus_lcLookaheadLeft": 19.4026, "bus_lcPushy": 0.5816, "bus_lcSigma": 0.1825, "bus_lcSpeedGainRight": 4.6636, "bus_lcSublane": 0.123, "bus_sigma": 0.3329, "bus_tau_mean": 2.4175, "bus_tau_std": 3.5012, "bus_v_mean": 16.4093, "bus_v_std": 13.7589, "car_acc": 1.1119, "car_dcc": 1.3631, "car_lcAssertive": 85.8596, "car_lcCooperative": 0.6538, "car_lcLookaheadLeft": 99.2028, "car_lcPushy": 0.0094, "car_lcSigma": 0.5912, "car_lcSpeedGainRight": 1.7639, "car_lcSublane": 0.7497, "car_sigma": 0.1871, "car_tau_mean": 0.6135, "car_tau_std": 6.5189, "car_v_mean": 18.4403, "car_v_std": 15.0171}, "datetime": {"datetime": "2024-08-08 11:09:05", "elapsed": 4425.586975, "delta": 4.314771}}
