{"target": -0.340440496198635, "params": {"bus_acc": 2.196146630887025, "bus_dcc": 3.899837477926426, "bus_lcAssertive": 16.253838011403385, "bus_lcCooperative": 0.8950868086486484, "bus_lcLookaheadLeft": 32.479280652714465, "bus_lcPushy": 0.548489089666104, "bus_lcSigma": 0.6820662584328149, "bus_lcSpeedGainRight": 1.1823482566307768, "bus_lcSublane": 0.16773668505027162, "bus_sigma": 0.508482013429616, "bus_tau_mean": 3.2715235645463507, "bus_tau_std": 6.924144621670756, "bus_v_mean": 9.903573394768237, "bus_v_std": 18.01484430143466, "car_acc": 2.439212701147465, "car_dcc": 3.8400300377189427, "car_lcAssertive": 55.789936918578306, "car_lcCooperative": 0.08480182166035288, "car_lcLookaheadLeft": 21.84137749610449, "car_lcPushy": 0.8542379729163827, "car_lcSigma": 0.7059273667647191, "car_lcSpeedGainRight": 4.474697600764621, "car_lcSublane": 0.32914600179429976, "car_sigma": 0.5280013966376261, "car_tau_mean": 2.7763934636944194, "car_tau_std": 5.9429085358666445, "car_v_mean": 11.703406968547965, "car_v_std": 8.536426988964712}, "datetime": {"datetime": "2024-08-08 18:49:16", "elapsed": 763.810899, "delta": 4.76904}}
{"target": -0.332388905882168, "params": {"bus_acc": 1.609179634179629, "bus_dcc": 3.519662021995397, "bus_lcAssertive": 17.458576605066426, "bus_lcCooperative": 0.8890870796898103, "bus_lcLookaheadLeft": 35.180820001594384, "bus_lcPushy": 0.28794466390675777, "bus_lcSigma": 0.6062229999118651, "bus_lcSpeedGainRight": 0.3030577323700956, "bus_lcSublane": 0.9070881746034647, "bus_sigma": 0.38107069836536567, "bus_tau_mean": 3.264941098157372, "bus_tau_std": 7.105474351529599, "bus_v_mean": 19.2663700801171, "bus_v_std": 10.65252333780619, "car_acc": 2.4000265313354507, "car_dcc": 2.936193796405268, "car_lcAssertive": 69.4661435074687, "car_lcCooperative": 0.23581819527828218, "car_lcLookaheadLeft": 75.8732044129195, "car_lcPushy": 0.9366171681857524, "car_lcSigma": 0.8150976476385567, "car_lcSpeedGainRight": 3.6530483441756467, "car_lcSublane": 0.821710938832267, "car_sigma": 0.00695491753946309, "car_tau_mean": 1.1118841631166745, "car_tau_std": 3.419792015163703, "car_v_mean": 19.736290142485753, "car_v_std": 19.567465783712823}, "datetime": {"datetime": "2024-08-08 18:49:19", "elapsed": 767.656252, "delta": 3.845353}}
{"target": -0.38695947410416504, "params": {"bus_acc": 3.9696503600113466, "bus_dcc": 1.5322886106047857, "bus_lcAssertive": 82.32322728240342, "bus_lcCooperative": 0.2309885592816333, "bus_lcLookaheadLeft": 7.681629710531169, "bus_lcPushy": 0.13881651804567363, "bus_lcSigma": 0.9351531155423887, "bus_lcSpeedGainRight": 4.4427105167811405, "bus_lcSublane": 0.28926049548291, "bus_sigma": 0.9477640661016069, "bus_tau_mean": 3.4747568733099663, "bus_tau_std": 4.346547940716735, "bus_v_mean": 15.488792877863565, "bus_v_std": 12.597060431668455, "car_acc": 1.4740955048914381, "car_dcc": 1.0443462602262787, "car_lcAssertive": 27.285689729766197, "car_lcCooperative": 0.015443631942760883, "car_lcLookaheadLeft": 68.10088672790123, "car_lcPushy": 0.5514688358127765, "car_lcSigma": 0.32164814560277766, "car_lcSpeedGainRight": 3.9010116855987933, "car_lcSublane": 0.14578543121477705, "car_sigma": 0.2448806387618836, "car_tau_mean": 1.523098167137493, "car_tau_std": 1.9593194649899215, "car_v_mean": 9.407018940329653, "car_v_std": 17.39952360543215}, "datetime": {"datetime": "2024-08-08 18:49:24", "elapsed": 772.336849, "delta": 4.680597}}
{"target": -0.2937944463572692, "params": {"bus_acc": 2.3513091555210153, "bus_dcc": 1.721656781709414, "bus_lcAssertive": 56.97252609178179, "bus_lcCooperative": 0.6539934828811698, "bus_lcLookaheadLeft": 91.34377655455869, "bus_lcPushy": 0.7826438676318219, "bus_lcSigma": 0.9768283308643181, "bus_lcSpeedGainRight": 2.2135915107625976, "bus_lcSublane": 0.14102143762899977, "bus_sigma": 0.40996822363818997, "bus_tau_mean": 3.2730403949992493, "bus_tau_std": 2.1103652616414568, "bus_v_mean": 10.838101015355495, "bus_v_std": 12.902043227285793, "car_acc": 3.841110439098964, "car_dcc": 2.227789946864546, "car_lcAssertive": 69.99031604787542, "car_lcCooperative": 0.4039730452366974, "car_lcLookaheadLeft": 36.28198913887601, "car_lcPushy": 0.13296890172545006, "car_lcSigma": 0.019912592971826903, "car_lcSpeedGainRight": 0.5983531451522317, "car_lcSublane": 0.4442405943678933, "car_sigma": 0.7297847499010849, "car_tau_mean": 0.6879159001763837, "car_tau_std": 2.216677870809467, "car_v_mean": 8.497031995849257, "car_v_std": 16.6664880492256}, "datetime": {"datetime": "2024-08-08 18:49:28", "elapsed": 775.840659, "delta": 3.50381}}
{"target": -0.2813970501211223, "params": {"bus_acc": 3.988364045675516, "bus_dcc": 1.4551162528584003, "bus_lcAssertive": 42.42624178680719, "bus_lcCooperative": 0.29525147014369124, "bus_lcLookaheadLeft": 58.567255621372176, "bus_lcPushy": 0.5595610234476152, "bus_lcSigma": 0.35211432425977274, "bus_lcSpeedGainRight": 4.868147319905301, "bus_lcSublane": 0.7512716390794671, "bus_sigma": 0.889841362934226, "bus_tau_mean": 2.093935683764543, "bus_tau_std": 5.99406088634455, "bus_v_mean": 14.615252412092453, "bus_v_std": 6.085103308800026, "car_acc": 2.576411712253278, "car_dcc": 1.5729019267839779, "car_lcAssertive": 22.196070669609682, "car_lcCooperative": 0.5107874183129075, "car_lcLookaheadLeft": 3.357503300658844, "car_lcPushy": 0.4454871086749813, "car_lcSigma": 0.9967006713535814, "car_lcSpeedGainRight": 4.113414905749531, "car_lcSublane": 0.08346054648688994, "car_sigma": 0.6558903170161671, "car_tau_mean": 1.2888752551077198, "car_tau_std": 1.1795585226243899, "car_v_mean": 13.578836204681805, "car_v_std": 13.543336358649814}, "datetime": {"datetime": "2024-08-08 18:49:30", "elapsed": 778.591827, "delta": 2.751168}}
{"target": -0.28999990817915927, "params": {"bus_acc": 2.9757041246750857, "bus_dcc": 1.543586145861585, "bus_lcAssertive": 79.01690556605841, "bus_lcCooperative": 0.6028653375383973, "bus_lcLookaheadLeft": 98.07262274345813, "bus_lcPushy": 0.22238319353117575, "bus_lcSigma": 0.4662664741665735, "bus_lcSpeedGainRight": 4.478209012997233, "bus_lcSublane": 0.6014334096987881, "bus_sigma": 0.725958845848815, "bus_tau_mean": 1.947845574704761, "bus_tau_std": 6.843096218313198, "bus_v_mean": 23.13688047756101, "bus_v_std": 4.003721314786441, "car_acc": 3.4220957916319614, "car_dcc": 3.9086140362996895, "car_lcAssertive": 2.4423044445698414, "car_lcCooperative": 0.21520958659442757, "car_lcLookaheadLeft": 13.502938190686715, "car_lcPushy": 0.7674235177414532, "car_lcSigma": 0.08121658594273329, "car_lcSpeedGainRight": 4.992067792954538, "car_lcSublane": 0.38961201587930516, "car_sigma": 0.9052027659330404, "car_tau_mean": 1.1600216122481375, "car_tau_std": 4.408721998222909, "car_v_mean": 21.516989104099256, "car_v_std": 11.905395613465124}, "datetime": {"datetime": "2024-08-08 18:49:34", "elapsed": 781.96786, "delta": 3.376033}}
{"target": -0.36578624722661846, "params": {"bus_acc": 3.5633991947209323, "bus_dcc": 3.513658720917304, "bus_lcAssertive": 58.821632413091365, "bus_lcCooperative": 0.06997746764914725, "bus_lcLookaheadLeft": 4.51416801999475, "bus_lcPushy": 0.22560211969898092, "bus_lcSigma": 0.09230232781551495, "bus_lcSpeedGainRight": 3.725526963888318, "bus_lcSublane": 0.8510554453727723, "bus_sigma": 0.540469999664386, "bus_tau_mean": 2.6394490729960873, "bus_tau_std": 4.7313758453238535, "bus_v_mean": 22.96301884060461, "bus_v_std": 12.256254047579061, "car_acc": 2.8610833668854054, "car_dcc": 3.5740198100035276, "car_lcAssertive": 38.99001775318119, "car_lcCooperative": 0.0641095130546635, "car_lcLookaheadLeft": 74.5344253255842, "car_lcPushy": 0.8441892804830194, "car_lcSigma": 0.5202334774668042, "car_lcSpeedGainRight": 2.338222666143887, "car_lcSublane": 0.098624116119152, "car_sigma": 0.3132581451731512, "car_tau_mean": 1.1558516012619173, "car_tau_std": 7.47424940356067, "car_v_mean": 10.565862691756767, "car_v_std": 13.692616404817809}, "datetime": {"datetime": "2024-08-08 18:49:37", "elapsed": 785.367255, "delta": 3.399395}}
{"target": -0.32790535738601884, "params": {"bus_acc": 1.7054090357007046, "bus_dcc": 2.5159175665440454, "bus_lcAssertive": 36.88933687805735, "bus_lcCooperative": 0.8086200438431687, "bus_lcLookaheadLeft": 43.09488255809043, "bus_lcPushy": 0.9411625571261576, "bus_lcSigma": 0.18245652434354098, "bus_lcSpeedGainRight": 2.4139373907884325, "bus_lcSublane": 0.8942473715874777, "bus_sigma": 0.06573604136793065, "bus_tau_mean": 1.4773108215130177, "bus_tau_std": 2.0277292541438428, "bus_v_mean": 23.757004148579604, "bus_v_std": 9.369075129362422, "car_acc": 3.6645134440982225, "car_dcc": 3.561776227825572, "car_lcAssertive": 11.292889740891985, "car_lcCooperative": 0.3499435627110252, "car_lcLookaheadLeft": 50.67616056237039, "car_lcPushy": 0.878895044167669, "car_lcSigma": 0.9818540680087512, "car_lcSpeedGainRight": 1.6847446465858447, "car_lcSublane": 0.7819485950343507, "car_sigma": 0.8587173362075939, "car_tau_mean": 1.4843725198390922, "car_tau_std": 1.9892743537769708, "car_v_mean": 18.345818866560016, "car_v_std": 11.282786660804776}, "datetime": {"datetime": "2024-08-08 18:49:43", "elapsed": 791.431855, "delta": 6.0646}}
{"target": -0.35829831933694206, "params": {"bus_acc": 1.657461417271774, "bus_dcc": 2.2864020787422663, "bus_lcAssertive": 85.08773897233483, "bus_lcCooperative": 0.45037964247172024, "bus_lcLookaheadLeft": 93.67117117269206, "bus_lcPushy": 0.352679327251738, "bus_lcSigma": 0.6193921656967597, "bus_lcSpeedGainRight": 4.903495181778901, "bus_lcSublane": 0.6434625222408049, "bus_sigma": 0.04549821604060378, "bus_tau_mean": 2.1224498183309914, "bus_tau_std": 3.3475134371366377, "bus_v_mean": 16.514904776346796, "bus_v_std": 5.694924172262628, "car_acc": 1.3667836906900084, "car_dcc": 3.0048669662524055, "car_lcAssertive": 68.45461573423933, "car_lcCooperative": 0.8671392999990885, "car_lcLookaheadLeft": 14.973386369148269, "car_lcPushy": 0.798620308278031, "car_lcSigma": 0.826768738405129, "car_lcSpeedGainRight": 3.2327496787557597, "car_lcSublane": 0.20492214578063384, "car_sigma": 0.2614207144058379, "car_tau_mean": 1.9647388613871148, "car_tau_std": 5.417990727827313, "car_v_mean": 15.639007289475472, "car_v_std": 9.349197840907388}, "datetime": {"datetime": "2024-08-08 18:49:46", "elapsed": 794.677058, "delta": 3.245203}}
{"target": -0.31948134428763886, "params": {"bus_acc": 1.6928251249663724, "bus_dcc": 1.8591313946121473, "bus_lcAssertive": 83.24438532353815, "bus_lcCooperative": 0.15342094116241234, "bus_lcLookaheadLeft": 56.109603140241184, "bus_lcPushy": 0.5681397176921924, "bus_lcSigma": 0.3434200931086723, "bus_lcSpeedGainRight": 1.7530859465347681, "bus_lcSublane": 0.9591120175192023, "bus_sigma": 0.5533439494595207, "bus_tau_mean": 2.7845592031533415, "bus_tau_std": 4.907401164444133, "bus_v_mean": 18.34639970674865, "bus_v_std": 12.10501571014124, "car_acc": 1.435519878760287, "car_dcc": 2.00404159865378, "car_lcAssertive": 46.58296535243441, "car_lcCooperative": 0.12782166160638486, "car_lcLookaheadLeft": 37.58118571324082, "car_lcPushy": 0.22814163429292222, "car_lcSigma": 0.847502602270402, "car_lcSpeedGainRight": 1.7073704001064933, "car_lcSublane": 0.2267893206662649, "car_sigma": 0.4081814028522822, "car_tau_mean": 2.890724166677864, "car_tau_std": 0.6562199896142484, "car_v_mean": 10.891667417647836, "car_v_std": 13.886138778474573}, "datetime": {"datetime": "2024-08-08 18:49:51", "elapsed": 799.367129, "delta": 4.690071}}
{"target": -0.32675336457293785, "params": {"bus_acc": 2.322226774328242, "bus_dcc": 2.384392412342687, "bus_lcAssertive": 59.99327277490859, "bus_lcCooperative": 0.6623751810848598, "bus_lcLookaheadLeft": 59.83463860603874, "bus_lcPushy": 0.7293827600961478, "bus_lcSigma": 0.5809026238628769, "bus_lcSpeedGainRight": 2.2155155430660702, "bus_lcSublane": 0.4967884445398908, "bus_sigma": 0.43008881702990587, "bus_tau_mean": 1.2352584858669924, "bus_tau_std": 2.2680111615543987, "bus_v_mean": 15.318218817445908, "bus_v_std": 8.671054252656239, "car_acc": 3.337851277205663, "car_dcc": 2.2625751288627356, "car_lcAssertive": 67.66346492090078, "car_lcCooperative": 0.16603868392790133, "car_lcLookaheadLeft": 82.75778047051267, "car_lcPushy": 0.6854067761401983, "car_lcSigma": 0.7890523985934054, "car_lcSpeedGainRight": 1.7974224381218256, "car_lcSublane": 0.6625490004394449, "car_sigma": 0.21709046387190056, "car_tau_mean": 1.2735202564878283, "car_tau_std": 2.424567724176688, "car_v_mean": 12.233413072384572, "car_v_std": 8.168239111968962}, "datetime": {"datetime": "2024-08-08 18:49:56", "elapsed": 803.948778, "delta": 4.581649}}
{"target": -0.2600377709087025, "params": {"bus_acc": 1.0477298847776875, "bus_dcc": 1.7466944259477393, "bus_lcAssertive": 79.43897430530403, "bus_lcCooperative": 0.7191652977533548, "bus_lcLookaheadLeft": 26.10603585846461, "bus_lcPushy": 0.5548923810758453, "bus_lcSigma": 0.5855857940990207, "bus_lcSpeedGainRight": 3.606921383236148, "bus_lcSublane": 0.46367371121270107, "bus_sigma": 0.40484847152272274, "bus_tau_mean": 1.5780331478731136, "bus_tau_std": 2.383089084068227, "bus_v_mean": 9.480053730409663, "bus_v_std": 12.917667748352846, "car_acc": 3.0087113456207084, "car_dcc": 3.062030421750541, "car_lcAssertive": 1.3114263259728722, "car_lcCooperative": 0.43825303252098613, "car_lcLookaheadLeft": 14.010229761313589, "car_lcPushy": 0.5266093357063074, "car_lcSigma": 0.9797396209018743, "car_lcSpeedGainRight": 2.4963850548166904, "car_lcSublane": 0.37464997927352073, "car_sigma": 0.8138399923945955, "car_tau_mean": 3.888705033856448, "car_tau_std": 2.8712337752879535, "car_v_mean": 20.848000635944015, "car_v_std": 19.922828747265395}, "datetime": {"datetime": "2024-08-08 18:50:06", "elapsed": 814.618929, "delta": 10.670151}}
{"target": -0.3265491467010018, "params": {"bus_acc": 1.6030994461350145, "bus_dcc": 2.6686575162909376, "bus_lcAssertive": 15.002682528167531, "bus_lcCooperative": 0.18600998929139123, "bus_lcLookaheadLeft": 76.94882809892174, "bus_lcPushy": 0.07088626571143097, "bus_lcSigma": 0.36931364559160906, "bus_lcSpeedGainRight": 4.389390094592739, "bus_lcSublane": 0.10433739981467072, "bus_sigma": 0.3591532152607505, "bus_tau_mean": 0.8988612865937118, "bus_tau_std": 8.765407575704614, "bus_v_mean": 10.01979380608541, "bus_v_std": 5.091110156854466, "car_acc": 2.265719057556926, "car_dcc": 2.9957680534005786, "car_lcAssertive": 35.125825645272066, "car_lcCooperative": 0.21350166529672077, "car_lcLookaheadLeft": 38.59174036511311, "car_lcPushy": 0.5710246261646967, "car_lcSigma": 0.9907513493930348, "car_lcSpeedGainRight": 1.635825879056847, "car_lcSublane": 0.3622033363809831, "car_sigma": 0.7062352536720174, "car_tau_mean": 1.5462749199359558, "car_tau_std": 3.497007210488695, "car_v_mean": 23.915323767669253, "car_v_std": 12.08534757565551}, "datetime": {"datetime": "2024-08-08 18:50:10", "elapsed": 817.986433, "delta": 3.367504}}
{"target": -0.2730565516608017, "params": {"bus_acc": 1.4060631725862196, "bus_dcc": 1.0919160942726092, "bus_lcAssertive": 46.77120500937646, "bus_lcCooperative": 0.9606566952869964, "bus_lcLookaheadLeft": 11.174196349471044, "bus_lcPushy": 0.0655985161350432, "bus_lcSigma": 0.8799355762219236, "bus_lcSpeedGainRight": 4.1068602077164424, "bus_lcSublane": 0.8199694222450838, "bus_sigma": 0.46781804781537173, "bus_tau_mean": 1.9962223309618568, "bus_tau_std": 4.010683054344961, "bus_v_mean": 17.315440674228913, "bus_v_std": 14.579413387522225, "car_acc": 3.352876007048878, "car_dcc": 2.9643975626812535, "car_lcAssertive": 56.6841503029253, "car_lcCooperative": 0.412392608220297, "car_lcLookaheadLeft": 33.35167608029775, "car_lcPushy": 0.2862477928261852, "car_lcSigma": 0.29617671840307525, "car_lcSpeedGainRight": 3.413764330822216, "car_lcSublane": 0.7624411821595793, "car_sigma": 0.5976197869899762, "car_tau_mean": 1.2800236228874629, "car_tau_std": 1.943950205047229, "car_v_mean": 20.25097790033206, "car_v_std": 19.57387637950091}, "datetime": {"datetime": "2024-08-08 18:50:14", "elapsed": 821.738987, "delta": 3.752554}}
{"target": -0.2760215479439279, "params": {"bus_acc": 2.995296335007462, "bus_dcc": 1.6746249399020972, "bus_lcAssertive": 11.84463000441058, "bus_lcCooperative": 0.9790089375741902, "bus_lcLookaheadLeft": 81.86947665118652, "bus_lcPushy": 0.28538353244953096, "bus_lcSigma": 0.5858283844279211, "bus_lcSpeedGainRight": 1.9003560263939563, "bus_lcSublane": 0.1763380407698657, "bus_sigma": 0.4188351430524928, "bus_tau_mean": 1.5401572796885465, "bus_tau_std": 0.16624106532905913, "bus_v_mean": 14.197892911980952, "bus_v_std": 18.418260076095045, "car_acc": 3.4846007761223463, "car_dcc": 2.7222242655896527, "car_lcAssertive": 32.54603961325787, "car_lcCooperative": 0.23126429488543754, "car_lcLookaheadLeft": 95.68991919583152, "car_lcPushy": 0.5646100990687117, "car_lcSigma": 0.2176053035591231, "car_lcSpeedGainRight": 1.2474102554931144, "car_lcSublane": 0.9595962025309192, "car_sigma": 0.238814133296392, "car_tau_mean": 0.8734993092443826, "car_tau_std": 1.8396193975266917, "car_v_mean": 20.259596910686703, "car_v_std": 14.175285118625228}, "datetime": {"datetime": "2024-08-08 18:50:18", "elapsed": 826.048572, "delta": 4.309585}}
{"target": -0.35506379508531477, "params": {"bus_acc": 2.1265036275269864, "bus_dcc": 1.5701761495844138, "bus_lcAssertive": 69.61184846505238, "bus_lcCooperative": 0.6621056263744552, "bus_lcLookaheadLeft": 36.60109731331454, "bus_lcPushy": 0.18060274147029498, "bus_lcSigma": 0.15666067653509164, "bus_lcSpeedGainRight": 1.1849478669634124, "bus_lcSublane": 0.32845937355538657, "bus_sigma": 0.8695956745574754, "bus_tau_mean": 0.926698811903846, "bus_tau_std": 1.6814288258653842, "bus_v_mean": 13.927281690455883, "bus_v_std": 12.086920364959717, "car_acc": 1.1674449966108766, "car_dcc": 1.7356782896822764, "car_lcAssertive": 83.56317165180398, "car_lcCooperative": 0.6628835585335622, "car_lcLookaheadLeft": 36.440205648085715, "car_lcPushy": 0.11421231449000147, "car_lcSigma": 0.3249036521735016, "car_lcSpeedGainRight": 1.222580211837872, "car_lcSublane": 0.7105651277084096, "car_sigma": 0.30054654909915157, "car_tau_mean": 2.870325498774169, "car_tau_std": 4.126560332702428, "car_v_mean": 13.599014108070904, "car_v_std": 15.716451116682112}, "datetime": {"datetime": "2024-08-08 18:50:21", "elapsed": 829.015121, "delta": 2.966549}}
{"target": -0.33998307908869335, "params": {"bus_acc": 3.64550044225539, "bus_dcc": 3.621008108070815, "bus_lcAssertive": 98.76437196173971, "bus_lcCooperative": 0.7158319690725937, "bus_lcLookaheadLeft": 87.93460258124786, "bus_lcPushy": 0.3196501118620526, "bus_lcSigma": 0.11117695191980603, "bus_lcSpeedGainRight": 4.326820528911899, "bus_lcSublane": 0.30347259796152504, "bus_sigma": 0.4193322981668862, "bus_tau_mean": 2.7611058997505045, "bus_tau_std": 6.050991341555126, "bus_v_mean": 14.734769352238079, "bus_v_std": 7.723010237411872, "car_acc": 1.368043125577019, "car_dcc": 2.60158565291025, "car_lcAssertive": 24.052555627155602, "car_lcCooperative": 0.7548078511004613, "car_lcLookaheadLeft": 68.13731724812101, "car_lcPushy": 0.07192696480921446, "car_lcSigma": 0.9892646847358003, "car_lcSpeedGainRight": 3.902284677871706, "car_lcSublane": 0.22782588689059757, "car_sigma": 0.030742818349697054, "car_tau_mean": 2.174301408750945, "car_tau_std": 3.5274243750107406, "car_v_mean": 16.744183989827647, "car_v_std": 13.193279108498421}, "datetime": {"datetime": "2024-08-08 18:50:24", "elapsed": 832.700517, "delta": 3.685396}}
{"target": -0.31340962712411174, "params": {"bus_acc": 1.7626970639720572, "bus_dcc": 1.2522590625397885, "bus_lcAssertive": 86.55026538163867, "bus_lcCooperative": 0.44789891562027984, "bus_lcLookaheadLeft": 57.05505353977741, "bus_lcPushy": 0.7367109576935199, "bus_lcSigma": 0.7964888671311956, "bus_lcSpeedGainRight": 2.2375406949515693, "bus_lcSublane": 0.18412755617579835, "bus_sigma": 0.8287328515283018, "bus_tau_mean": 0.6084928593988954, "bus_tau_std": 9.467282696079524, "bus_v_mean": 17.231645543640028, "bus_v_std": 17.50777476901374, "car_acc": 2.825696310920676, "car_dcc": 1.754978752456971, "car_lcAssertive": 30.316862426094534, "car_lcCooperative": 0.5329225590316532, "car_lcLookaheadLeft": 96.28366485901516, "car_lcPushy": 0.18449560449017766, "car_lcSigma": 0.509898378143109, "car_lcSpeedGainRight": 1.718940517184222, "car_lcSublane": 0.7697253449571857, "car_sigma": 0.802866486432424, "car_tau_mean": 1.9859596860577582, "car_tau_std": 2.0412249999433585, "car_v_mean": 9.073431365261685, "car_v_std": 3.97296528841123}, "datetime": {"datetime": "2024-08-08 18:50:28", "elapsed": 835.896519, "delta": 3.196002}}
{"target": -0.2797732525786644, "params": {"bus_acc": 2.7686498010881375, "bus_dcc": 2.167412826926906, "bus_lcAssertive": 51.091548013026035, "bus_lcCooperative": 0.5403494836606967, "bus_lcLookaheadLeft": 82.77846050733451, "bus_lcPushy": 0.7249779210258287, "bus_lcSigma": 0.6604882621268274, "bus_lcSpeedGainRight": 0.17941962927508825, "bus_lcSublane": 0.15538521132615768, "bus_sigma": 0.8865268357389526, "bus_tau_mean": 3.1801428867475425, "bus_tau_std": 1.8038441802052696, "bus_v_mean": 9.042496204076127, "bus_v_std": 3.254633976668899, "car_acc": 3.512216775322586, "car_dcc": 3.919319506234163, "car_lcAssertive": 75.75538862460479, "car_lcCooperative": 0.7846045860907594, "car_lcLookaheadLeft": 4.87966898641673, "car_lcPushy": 0.8746381814224912, "car_lcSigma": 0.6811495656854774, "car_lcSpeedGainRight": 1.7452332205458525, "car_lcSublane": 0.49958073928614743, "car_sigma": 0.9500575997279533, "car_tau_mean": 0.689307016780975, "car_tau_std": 1.9169973355419734, "car_v_mean": 10.402413452591505, "car_v_std": 10.764938195436757}, "datetime": {"datetime": "2024-08-08 18:50:33", "elapsed": 841.288557, "delta": 5.392038}}
