{"target": -0.3501873240950469, "params": {"bus_acc": 1.2242, "bus_dcc": 1.8394, "bus_lcAssertive": 79.5595, "bus_lcCooperative": 0.7089, "bus_lcLookaheadLeft": 25.8244, "bus_lcPushy": 0.5479, "bus_lcSigma": 0.6068, "bus_lcSpeedGainRight": 3.5945, "bus_lcSublane": 0.479, "bus_sigma": 0.4273, "bus_tau_mean": 1.5825, "bus_tau_std": 2.2667, "bus_v_mean": 9.7532, "bus_v_std": 13.1083, "car_acc": 3.719, "car_dcc": 3.0706, "car_lcAssertive": 1.3556, "car_lcCooperative": 0.4264, "car_lcLookaheadLeft": 14.0238, "car_lcPushy": 0.5095, "car_lcSigma": 0.9361, "car_lcSpeedGainRight": 2.4899, "car_lcSublane": 0.3716, "car_sigma": 0.7988, "car_tau_mean": 3.8739, "car_tau_std": 2.8085, "car_v_mean": 20.9206, "car_v_std": 19.7476}, "datetime": {"datetime": "2024-08-08 13:14:17", "elapsed": 1645.192328, "delta": 6.063636}}
{"target": -0.3456421817949165, "params": {"bus_acc": 1.2227, "bus_dcc": 1.8385, "bus_lcAssertive": 79.5583, "bus_lcCooperative": 0.7091, "bus_lcLookaheadLeft": 25.827, "bus_lcPushy": 0.548, "bus_lcSigma": 0.6067, "bus_lcSpeedGainRight": 3.5946, "bus_lcSublane": 0.4789, "bus_sigma": 0.4271, "bus_tau_mean": 1.5825, "bus_tau_std": 2.2678, "bus_v_mean": 9.7507, "bus_v_std": 13.1066, "car_acc": 3.7187, "car_dcc": 3.0705, "car_lcAssertive": 1.3552, "car_lcCooperative": 0.4265, "car_lcLookaheadLeft": 14.0237, "car_lcPushy": 0.5097, "car_lcSigma": 0.9365, "car_lcSpeedGainRight": 2.49, "car_lcSublane": 0.3717, "car_sigma": 0.799, "car_tau_mean": 3.8741, "car_tau_std": 2.8091, "car_v_mean": 20.9199, "car_v_std": 19.7492}, "datetime": {"datetime": "2024-08-08 13:14:24", "elapsed": 1652.396095, "delta": 7.203767}}
{"target": -0.3456607193289326, "params": {"bus_acc": 1.4248, "bus_dcc": 1.9547, "bus_lcAssertive": 79.7101, "bus_lcCooperative": 0.6961, "bus_lcLookaheadLeft": 25.472, "bus_lcPushy": 0.5392, "bus_lcSigma": 0.6334, "bus_lcSpeedGainRight": 3.5784, "bus_lcSublane": 0.4981, "bus_sigma": 0.4553, "bus_tau_mean": 1.5881, "bus_tau_std": 2.1211, "bus_v_mean": 10.0942, "bus_v_std": 13.3462, "car_acc": 3.7694, "car_dcc": 3.0806, "car_lcAssertive": 1.4108, "car_lcCooperative": 0.4115, "car_lcLookaheadLeft": 14.0402, "car_lcPushy": 0.4881, "car_lcSigma": 0.8814, "car_lcSpeedGainRight": 2.4812, "car_lcSublane": 0.3679, "car_sigma": 0.7799, "car_tau_mean": 3.8549, "car_tau_std": 2.7294, "car_v_mean": 21.0113, "car_v_std": 19.5284}, "datetime": {"datetime": "2024-08-08 13:14:37", "elapsed": 1665.426381, "delta": 13.030286}}
{"target": -0.3473019411036072, "params": {"bus_acc": 1.4226, "bus_dcc": 1.9538, "bus_lcAssertive": 79.7086, "bus_lcCooperative": 0.6963, "bus_lcLookaheadLeft": 25.4763, "bus_lcPushy": 0.5396, "bus_lcSigma": 0.633, "bus_lcSpeedGainRight": 3.5791, "bus_lcSublane": 0.4981, "bus_sigma": 0.4552, "bus_tau_mean": 1.588, "bus_tau_std": 2.123, "bus_v_mean": 10.0908, "bus_v_std": 13.344, "car_acc": 3.7689, "car_dcc": 3.0805, "car_lcAssertive": 1.4102, "car_lcCooperative": 0.4119, "car_lcLookaheadLeft": 14.0405, "car_lcPushy": 0.4883, "car_lcSigma": 0.8822, "car_lcSpeedGainRight": 2.4819, "car_lcSublane": 0.3682, "car_sigma": 0.7801, "car_tau_mean": 3.8551, "car_tau_std": 2.7305, "car_v_mean": 21.0102, "car_v_std": 19.5311}, "datetime": {"datetime": "2024-08-08 13:14:49", "elapsed": 1676.697915, "delta": 11.271534}}
{"target": -0.3799253135652503, "params": {"bus_acc": 1.2237, "bus_dcc": 1.8391, "bus_lcAssertive": 79.5593, "bus_lcCooperative": 0.7091, "bus_lcLookaheadLeft": 25.8255, "bus_lcPushy": 0.548, "bus_lcSigma": 0.6068, "bus_lcSpeedGainRight": 3.5946, "bus_lcSublane": 0.479, "bus_sigma": 0.4273, "bus_tau_mean": 1.5826, "bus_tau_std": 2.2672, "bus_v_mean": 9.7525, "bus_v_std": 13.108, "car_acc": 3.719, "car_dcc": 3.0706, "car_lcAssertive": 1.3555, "car_lcCooperative": 0.4265, "car_lcLookaheadLeft": 14.024, "car_lcPushy": 0.5096, "car_lcSigma": 0.9364, "car_lcSpeedGainRight": 2.49, "car_lcSublane": 0.3717, "car_sigma": 0.7989, "car_tau_mean": 3.8741, "car_tau_std": 2.8088, "car_v_mean": 20.9206, "car_v_std": 19.7484}, "datetime": {"datetime": "2024-08-08 13:14:55", "elapsed": 1683.14432, "delta": 6.446405}}
{"target": -0.35677808756730656, "params": {"bus_acc": 1.0, "bus_dcc": 1.0, "bus_lcAssertive": 80.3631, "bus_lcCooperative": 0.9985, "bus_lcLookaheadLeft": 29.3594, "bus_lcPushy": 0.5892, "bus_lcSigma": 0.2291, "bus_lcSpeedGainRight": 4.8124, "bus_lcSublane": 0.0, "bus_sigma": 0.2223, "bus_tau_mean": 1.1221, "bus_tau_std": 5.3681, "bus_v_mean": 8.0, "bus_v_std": 12.2097, "car_acc": 2.8787, "car_dcc": 2.4074, "car_lcAssertive": 1.0, "car_lcCooperative": 0.5343, "car_lcLookaheadLeft": 21.3441, "car_lcPushy": 0.9738, "car_lcSigma": 1.0, "car_lcSpeedGainRight": 3.1748, "car_lcSublane": 0.3583, "car_sigma": 1.0, "car_tau_mean": 4.0, "car_tau_std": 4.2175, "car_v_mean": 16.126, "car_v_std": 20.0}, "datetime": {"datetime": "2024-08-08 13:15:05", "elapsed": 1693.151365, "delta": 10.007045}}
{"target": -0.35590496546919337, "params": {"bus_acc": 1.4219, "bus_dcc": 1.9535, "bus_lcAssertive": 79.7081, "bus_lcCooperative": 0.6963, "bus_lcLookaheadLeft": 25.4774, "bus_lcPushy": 0.5396, "bus_lcSigma": 0.633, "bus_lcSpeedGainRight": 3.5791, "bus_lcSublane": 0.4978, "bus_sigma": 0.4548, "bus_tau_mean": 1.588, "bus_tau_std": 2.1233, "bus_v_mean": 10.0897, "bus_v_std": 13.3432, "car_acc": 3.7692, "car_dcc": 3.081, "car_lcAssertive": 1.41, "car_lcCooperative": 0.4117, "car_lcLookaheadLeft": 14.0405, "car_lcPushy": 0.4887, "car_lcSigma": 0.8823, "car_lcSpeedGainRight": 2.4822, "car_lcSublane": 0.3682, "car_sigma": 0.7802, "car_tau_mean": 3.8557, "car_tau_std": 2.7314, "car_v_mean": 21.0099, "car_v_std": 19.5317}, "datetime": {"datetime": "2024-08-08 13:15:08", "elapsed": 1696.353844, "delta": 3.202479}}
{"target": -0.28042453847535065, "params": {"bus_acc": 1.5158, "bus_dcc": 2.0422, "bus_lcAssertive": 79.7973, "bus_lcCooperative": 0.8527, "bus_lcLookaheadLeft": 25.8415, "bus_lcPushy": 0.6974, "bus_lcSigma": 0.7937, "bus_lcSpeedGainRight": 3.7336, "bus_lcSublane": 0.6598, "bus_sigma": 0.616, "bus_tau_mean": 1.7453, "bus_tau_std": 2.3474, "bus_v_mean": 10.2721, "bus_v_std": 13.5993, "car_acc": 3.931, "car_dcc": 3.398, "car_lcAssertive": 1.5735, "car_lcCooperative": 0.57, "car_lcLookaheadLeft": 14.3573, "car_lcPushy": 0.6462, "car_lcSigma": 1.0, "car_lcSpeedGainRight": 2.6405, "car_lcSublane": 0.3676, "car_sigma": 0.9371, "car_tau_mean": 4.0, "car_tau_std": 2.9604, "car_v_mean": 21.3341, "car_v_std": 19.9855}, "datetime": {"datetime": "2024-08-08 13:15:12", "elapsed": 1699.574932, "delta": 3.221088}}
{"target": -0.3442069233786802, "params": {"bus_acc": 1.4211, "bus_dcc": 1.9524, "bus_lcAssertive": 79.7075, "bus_lcCooperative": 0.6963, "bus_lcLookaheadLeft": 25.4784, "bus_lcPushy": 0.5396, "bus_lcSigma": 0.6329, "bus_lcSpeedGainRight": 3.5795, "bus_lcSublane": 0.4978, "bus_sigma": 0.4547, "bus_tau_mean": 1.5874, "bus_tau_std": 2.1241, "bus_v_mean": 10.0885, "bus_v_std": 13.3423, "car_acc": 3.7693, "car_dcc": 3.0812, "car_lcAssertive": 1.4093, "car_lcCooperative": 0.4117, "car_lcLookaheadLeft": 14.0404, "car_lcPushy": 0.4888, "car_lcSigma": 0.8824, "car_lcSpeedGainRight": 2.4819, "car_lcSublane": 0.3679, "car_sigma": 0.7802, "car_tau_mean": 3.8558, "car_tau_std": 2.7314, "car_v_mean": 21.0095, "car_v_std": 19.5324}, "datetime": {"datetime": "2024-08-08 13:15:14", "elapsed": 1702.285831, "delta": 2.710899}}
{"target": -0.3317003319693904, "params": {"bus_acc": 1.42, "bus_dcc": 1.9529, "bus_lcAssertive": 79.7068, "bus_lcCooperative": 0.6958, "bus_lcLookaheadLeft": 25.4799, "bus_lcPushy": 0.5397, "bus_lcSigma": 0.6328, "bus_lcSpeedGainRight": 3.5795, "bus_lcSublane": 0.4977, "bus_sigma": 0.4546, "bus_tau_mean": 1.5874, "bus_tau_std": 2.1246, "bus_v_mean": 10.0873, "bus_v_std": 13.3416, "car_acc": 3.7689, "car_dcc": 3.0812, "car_lcAssertive": 1.4091, "car_lcCooperative": 0.4112, "car_lcLookaheadLeft": 14.0403, "car_lcPushy": 0.4888, "car_lcSigma": 0.8827, "car_lcSpeedGainRight": 2.4822, "car_lcSublane": 0.3674, "car_sigma": 0.7798, "car_tau_mean": 3.8561, "car_tau_std": 2.732, "car_v_mean": 21.0093, "car_v_std": 19.5332}, "datetime": {"datetime": "2024-08-08 13:15:18", "elapsed": 1706.022512, "delta": 3.736681}}
{"target": -0.321249104531642, "params": {"bus_acc": 1.4265, "bus_dcc": 1.956, "bus_lcAssertive": 79.7112, "bus_lcCooperative": 0.696, "bus_lcLookaheadLeft": 25.4691, "bus_lcPushy": 0.5391, "bus_lcSigma": 0.6336, "bus_lcSpeedGainRight": 3.5788, "bus_lcSublane": 0.4983, "bus_sigma": 0.4555, "bus_tau_mean": 1.5881, "bus_tau_std": 2.12, "bus_v_mean": 10.0969, "bus_v_std": 13.3487, "car_acc": 3.7704, "car_dcc": 3.0813, "car_lcAssertive": 1.4113, "car_lcCooperative": 0.4113, "car_lcLookaheadLeft": 14.0403, "car_lcPushy": 0.4879, "car_lcSigma": 0.881, "car_lcSpeedGainRight": 2.4817, "car_lcSublane": 0.3678, "car_sigma": 0.7797, "car_tau_mean": 3.8553, "car_tau_std": 2.7293, "car_v_mean": 21.0119, "car_v_std": 19.5266}, "datetime": {"datetime": "2024-08-08 13:15:20", "elapsed": 1708.260044, "delta": 2.237532}}
{"target": -0.36914098413389873, "params": {"bus_acc": 1.4197, "bus_dcc": 1.9522, "bus_lcAssertive": 79.7056, "bus_lcCooperative": 0.6964, "bus_lcLookaheadLeft": 25.4813, "bus_lcPushy": 0.5394, "bus_lcSigma": 0.6327, "bus_lcSpeedGainRight": 3.5793, "bus_lcSublane": 0.4971, "bus_sigma": 0.4545, "bus_tau_mean": 1.5879, "bus_tau_std": 2.1253, "bus_v_mean": 10.0859, "bus_v_std": 13.3406, "car_acc": 3.7687, "car_dcc": 3.0809, "car_lcAssertive": 1.4094, "car_lcCooperative": 0.4118, "car_lcLookaheadLeft": 14.0403, "car_lcPushy": 0.4888, "car_lcSigma": 0.883, "car_lcSpeedGainRight": 2.482, "car_lcSublane": 0.3674, "car_sigma": 0.7804, "car_tau_mean": 3.8559, "car_tau_std": 2.7322, "car_v_mean": 21.0089, "car_v_std": 19.5342}, "datetime": {"datetime": "2024-08-08 13:15:50", "elapsed": 1737.696046, "delta": 29.436002}}
{"target": -0.32169232786485036, "params": {"bus_acc": 1.52, "bus_dcc": 2.1058, "bus_lcAssertive": 79.6609, "bus_lcCooperative": 0.8332, "bus_lcLookaheadLeft": 25.8415, "bus_lcPushy": 0.5378, "bus_lcSigma": 0.6353, "bus_lcSpeedGainRight": 3.8525, "bus_lcSublane": 0.5007, "bus_sigma": 0.5954, "bus_tau_mean": 1.7269, "bus_tau_std": 2.3081, "bus_v_mean": 10.2734, "bus_v_std": 13.5824, "car_acc": 3.912, "car_dcc": 3.3557, "car_lcAssertive": 1.5539, "car_lcCooperative": 0.4101, "car_lcLookaheadLeft": 14.18, "car_lcPushy": 0.6242, "car_lcSigma": 0.9932, "car_lcSpeedGainRight": 2.6189, "car_lcSublane": 0.3681, "car_sigma": 0.9157, "car_tau_mean": 3.9836, "car_tau_std": 2.8577, "car_v_mean": 21.1602, "car_v_std": 19.7085}, "datetime": {"datetime": "2024-08-08 13:16:08", "elapsed": 1756.091737, "delta": 18.395691}}
{"target": -0.28749549462047563, "params": {"bus_acc": 1.4248, "bus_dcc": 1.9551, "bus_lcAssertive": 79.7098, "bus_lcCooperative": 0.6961, "bus_lcLookaheadLeft": 25.4721, "bus_lcPushy": 0.5392, "bus_lcSigma": 0.6334, "bus_lcSpeedGainRight": 3.5789, "bus_lcSublane": 0.4981, "bus_sigma": 0.4553, "bus_tau_mean": 1.5881, "bus_tau_std": 2.1213, "bus_v_mean": 10.0947, "bus_v_std": 13.3467, "car_acc": 3.77, "car_dcc": 3.0811, "car_lcAssertive": 1.4111, "car_lcCooperative": 0.4114, "car_lcLookaheadLeft": 14.0406, "car_lcPushy": 0.4881, "car_lcSigma": 0.8814, "car_lcSpeedGainRight": 2.4818, "car_lcSublane": 0.3679, "car_sigma": 0.7799, "car_tau_mean": 3.8554, "car_tau_std": 2.73, "car_v_mean": 21.0111, "car_v_std": 19.5281}, "datetime": {"datetime": "2024-08-08 13:16:35", "elapsed": 1783.323468, "delta": 27.231731}}
{"target": -0.3242624638246171, "params": {"bus_acc": 1.5772, "bus_dcc": 2.1667, "bus_lcAssertive": 79.8453, "bus_lcCooperative": 1.0, "bus_lcLookaheadLeft": 25.7833, "bus_lcPushy": 0.7097, "bus_lcSigma": 0.8147, "bus_lcSpeedGainRight": 3.9973, "bus_lcSublane": 0.678, "bus_sigma": 0.6345, "bus_tau_mean": 1.7603, "bus_tau_std": 2.4156, "bus_v_mean": 10.0393, "bus_v_std": 13.5116, "car_acc": 3.9599, "car_dcc": 3.2562, "car_lcAssertive": 1.6006, "car_lcCooperative": 0.6627, "car_lcLookaheadLeft": 14.2165, "car_lcPushy": 0.7372, "car_lcSigma": 1.0, "car_lcSpeedGainRight": 2.6538, "car_lcSublane": 0.5365, "car_sigma": 0.9999, "car_tau_mean": 4.0, "car_tau_std": 2.9585, "car_v_mean": 21.2118, "car_v_std": 19.63}, "datetime": {"datetime": "2024-08-08 13:16:48", "elapsed": 1796.495069, "delta": 13.171601}}
{"target": -0.3330626955702174, "params": {"bus_acc": 1.6811, "bus_dcc": 2.1991, "bus_lcAssertive": 79.8101, "bus_lcCooperative": 0.8435, "bus_lcLookaheadLeft": 25.6379, "bus_lcPushy": 0.6872, "bus_lcSigma": 0.789, "bus_lcSpeedGainRight": 3.7232, "bus_lcSublane": 0.6486, "bus_sigma": 0.762, "bus_tau_mean": 1.7382, "bus_tau_std": 2.4709, "bus_v_mean": 10.002, "bus_v_std": 13.2362, "car_acc": 3.9256, "car_dcc": 3.2318, "car_lcAssertive": 1.719, "car_lcCooperative": 0.558, "car_lcLookaheadLeft": 14.3437, "car_lcPushy": 0.6388, "car_lcSigma": 1.0, "car_lcSpeedGainRight": 2.7806, "car_lcSublane": 0.3663, "car_sigma": 1.0, "car_tau_mean": 3.9947, "car_tau_std": 3.0905, "car_v_mean": 21.3234, "car_v_std": 19.6411}, "datetime": {"datetime": "2024-08-08 13:17:11", "elapsed": 1819.502398, "delta": 23.007329}}
{"target": -0.34891611816071794, "params": {"bus_acc": 1.5251, "bus_dcc": 1.8822, "bus_lcAssertive": 79.7962, "bus_lcCooperative": 0.8328, "bus_lcLookaheadLeft": 26.0462, "bus_lcPushy": 0.7082, "bus_lcSigma": 0.7904, "bus_lcSpeedGainRight": 3.7496, "bus_lcSublane": 0.6697, "bus_sigma": 0.6291, "bus_tau_mean": 1.5928, "bus_tau_std": 2.2024, "bus_v_mean": 10.2928, "bus_v_std": 13.6148, "car_acc": 3.9448, "car_dcc": 3.2519, "car_lcAssertive": 1.602, "car_lcCooperative": 0.5803, "car_lcLookaheadLeft": 14.3923, "car_lcPushy": 0.657, "car_lcSigma": 0.9729, "car_lcSpeedGainRight": 2.6532, "car_lcSublane": 0.5386, "car_sigma": 0.7806, "car_tau_mean": 3.9796, "car_tau_std": 2.8099, "car_v_mean": 21.3582, "car_v_std": 19.7987}, "datetime": {"datetime": "2024-08-08 13:17:24", "elapsed": 1831.545464, "delta": 12.043066}}
{"target": -0.333934901835779, "params": {"bus_acc": 1.5331, "bus_dcc": 2.133, "bus_lcAssertive": 79.7508, "bus_lcCooperative": 0.8972, "bus_lcLookaheadLeft": 25.6385, "bus_lcPushy": 0.7921, "bus_lcSigma": 0.8836, "bus_lcSpeedGainRight": 3.8337, "bus_lcSublane": 0.6224, "bus_sigma": 0.581, "bus_tau_mean": 1.8418, "bus_tau_std": 2.4532, "bus_v_mean": 10.126, "bus_v_std": 13.4458, "car_acc": 4.0171, "car_dcc": 3.332, "car_lcAssertive": 1.6685, "car_lcCooperative": 0.6645, "car_lcLookaheadLeft": 14.2999, "car_lcPushy": 0.7431, "car_lcSigma": 0.95, "car_lcSpeedGainRight": 2.7341, "car_lcSublane": 0.4967, "car_sigma": 0.9159, "car_tau_mean": 3.9326, "car_tau_std": 2.9873, "car_v_mean": 21.1899, "car_v_std": 19.8322}, "datetime": {"datetime": "2024-08-08 13:17:34", "elapsed": 1841.800526, "delta": 10.255062}}
{"target": -0.3198523328187872, "params": {"bus_acc": 1.4246, "bus_dcc": 1.9551, "bus_lcAssertive": 79.7098, "bus_lcCooperative": 0.6961, "bus_lcLookaheadLeft": 25.4724, "bus_lcPushy": 0.5392, "bus_lcSigma": 0.6333, "bus_lcSpeedGainRight": 3.5789, "bus_lcSublane": 0.4981, "bus_sigma": 0.4552, "bus_tau_mean": 1.5881, "bus_tau_std": 2.1214, "bus_v_mean": 10.0944, "bus_v_std": 13.3465, "car_acc": 3.7699, "car_dcc": 3.0811, "car_lcAssertive": 1.411, "car_lcCooperative": 0.4115, "car_lcLookaheadLeft": 14.0406, "car_lcPushy": 0.4881, "car_lcSigma": 0.8815, "car_lcSpeedGainRight": 2.4818, "car_lcSublane": 0.3679, "car_sigma": 0.7799, "car_tau_mean": 3.8554, "car_tau_std": 2.7301, "car_v_mean": 21.011, "car_v_std": 19.5283}, "datetime": {"datetime": "2024-08-08 13:17:54", "elapsed": 1862.383296, "delta": 20.58277}}
{"target": -0.34274429138560397, "params": {"bus_acc": 1.4043, "bus_dcc": 1.9432, "bus_lcAssertive": 79.6946, "bus_lcCooperative": 0.6976, "bus_lcLookaheadLeft": 25.508, "bus_lcPushy": 0.5403, "bus_lcSigma": 0.6306, "bus_lcSpeedGainRight": 3.5805, "bus_lcSublane": 0.4961, "bus_sigma": 0.4524, "bus_tau_mean": 1.5875, "bus_tau_std": 2.136, "bus_v_mean": 10.0598, "bus_v_std": 13.3223, "car_acc": 3.7648, "car_dcc": 3.0801, "car_lcAssertive": 1.4052, "car_lcCooperative": 0.413, "car_lcLookaheadLeft": 14.039, "car_lcPushy": 0.4905, "car_lcSigma": 0.8873, "car_lcSpeedGainRight": 2.4826, "car_lcSublane": 0.3683, "car_sigma": 0.782, "car_tau_mean": 3.8573, "car_tau_std": 2.738, "car_v_mean": 21.002, "car_v_std": 19.5508}, "datetime": {"datetime": "2024-08-08 13:18:00", "elapsed": 1868.296168, "delta": 5.912872}}
{"target": -0.3032878904106948, "params": {"bus_acc": 1.425, "bus_dcc": 1.9553, "bus_lcAssertive": 79.71, "bus_lcCooperative": 0.6961, "bus_lcLookaheadLeft": 25.4715, "bus_lcPushy": 0.5392, "bus_lcSigma": 0.6334, "bus_lcSpeedGainRight": 3.5789, "bus_lcSublane": 0.4981, "bus_sigma": 0.4553, "bus_tau_mean": 1.5881, "bus_tau_std": 2.1214, "bus_v_mean": 10.0945, "bus_v_std": 13.3464, "car_acc": 3.77, "car_dcc": 3.0812, "car_lcAssertive": 1.4111, "car_lcCooperative": 0.4114, "car_lcLookaheadLeft": 14.0401, "car_lcPushy": 0.4881, "car_lcSigma": 0.8814, "car_lcSpeedGainRight": 2.4818, "car_lcSublane": 0.3679, "car_sigma": 0.7799, "car_tau_mean": 3.8554, "car_tau_std": 2.73, "car_v_mean": 21.0106, "car_v_std": 19.5276}, "datetime": {"datetime": "2024-08-08 13:18:02", "elapsed": 1869.595572, "delta": 1.299404}}
{"target": -0.3282167048190897, "params": {"bus_acc": 1.4032, "bus_dcc": 1.9427, "bus_lcAssertive": 79.6937, "bus_lcCooperative": 0.6975, "bus_lcLookaheadLeft": 25.5102, "bus_lcPushy": 0.5401, "bus_lcSigma": 0.6305, "bus_lcSpeedGainRight": 3.5806, "bus_lcSublane": 0.496, "bus_sigma": 0.4522, "bus_tau_mean": 1.5875, "bus_tau_std": 2.137, "bus_v_mean": 10.0578, "bus_v_std": 13.321, "car_acc": 3.7644, "car_dcc": 3.08, "car_lcAssertive": 1.405, "car_lcCooperative": 0.4131, "car_lcLookaheadLeft": 14.0388, "car_lcPushy": 0.4904, "car_lcSigma": 0.8874, "car_lcSpeedGainRight": 2.4827, "car_lcSublane": 0.3683, "car_sigma": 0.7819, "car_tau_mean": 3.8574, "car_tau_std": 2.7385, "car_v_mean": 21.0014, "car_v_std": 19.552}, "datetime": {"datetime": "2024-08-08 13:18:10", "elapsed": 1877.64874, "delta": 8.053168}}
{"target": -0.405303399180845, "params": {"bus_acc": 2.9742, "bus_dcc": 2.5604, "bus_lcAssertive": 80.4031, "bus_lcCooperative": 0.4368, "bus_lcLookaheadLeft": 33.3981, "bus_lcPushy": 0.8081, "bus_lcSigma": 0.6402, "bus_lcSpeedGainRight": 1.515, "bus_lcSublane": 0.8733, "bus_sigma": 0.9587, "bus_tau_mean": 3.447, "bus_tau_std": 6.6861, "bus_v_mean": 12.0799, "bus_v_std": 2.7194, "car_acc": 1.9292, "car_dcc": 1.1781, "car_lcAssertive": 83.1311, "car_lcCooperative": 0.7286, "car_lcLookaheadLeft": 3.4391, "car_lcPushy": 0.9002, "car_lcSigma": 0.7357, "car_lcSpeedGainRight": 3.7032, "car_lcSublane": 0.2576, "car_sigma": 0.7489, "car_tau_mean": 3.8992, "car_tau_std": 6.0112, "car_v_mean": 23.7987, "car_v_std": 6.0878}, "datetime": {"datetime": "2024-08-08 13:18:32", "elapsed": 1900.342202, "delta": 22.693462}}
{"target": -0.32310487317855535, "params": {"bus_acc": 1.4243, "bus_dcc": 1.9549, "bus_lcAssertive": 79.7095, "bus_lcCooperative": 0.6961, "bus_lcLookaheadLeft": 25.4732, "bus_lcPushy": 0.5392, "bus_lcSigma": 0.6333, "bus_lcSpeedGainRight": 3.5791, "bus_lcSublane": 0.498, "bus_sigma": 0.4552, "bus_tau_mean": 1.588, "bus_tau_std": 2.1218, "bus_v_mean": 10.0939, "bus_v_std": 13.3461, "car_acc": 3.7698, "car_dcc": 3.0811, "car_lcAssertive": 1.4109, "car_lcCooperative": 0.4116, "car_lcLookaheadLeft": 14.0406, "car_lcPushy": 0.4883, "car_lcSigma": 0.8817, "car_lcSpeedGainRight": 2.4818, "car_lcSublane": 0.3679, "car_sigma": 0.7801, "car_tau_mean": 3.8556, "car_tau_std": 2.7304, "car_v_mean": 21.0108, "car_v_std": 19.5289}, "datetime": {"datetime": "2024-08-08 13:18:34", "elapsed": 1901.660924, "delta": 1.318722}}
{"target": -0.33259348488507534, "params": {"bus_acc": 1.4051, "bus_dcc": 1.9438, "bus_lcAssertive": 79.6951, "bus_lcCooperative": 0.6974, "bus_lcLookaheadLeft": 25.5068, "bus_lcPushy": 0.5401, "bus_lcSigma": 0.6307, "bus_lcSpeedGainRight": 3.5804, "bus_lcSublane": 0.4962, "bus_sigma": 0.4525, "bus_tau_mean": 1.5875, "bus_tau_std": 2.1358, "bus_v_mean": 10.0611, "bus_v_std": 13.3233, "car_acc": 3.7652, "car_dcc": 3.0803, "car_lcAssertive": 1.4055, "car_lcCooperative": 0.4129, "car_lcLookaheadLeft": 14.039, "car_lcPushy": 0.4902, "car_lcSigma": 0.8868, "car_lcSpeedGainRight": 2.4828, "car_lcSublane": 0.3682, "car_sigma": 0.7817, "car_tau_mean": 3.8572, "car_tau_std": 2.7378, "car_v_mean": 21.0022, "car_v_std": 19.5499}, "datetime": {"datetime": "2024-08-08 13:18:35", "elapsed": 1902.530474, "delta": 0.86955}}
{"target": -0.3079694081316663, "params": {"bus_acc": 1.4252, "bus_dcc": 1.9554, "bus_lcAssertive": 79.7101, "bus_lcCooperative": 0.6961, "bus_lcLookaheadLeft": 25.4718, "bus_lcPushy": 0.5392, "bus_lcSigma": 0.6334, "bus_lcSpeedGainRight": 3.5788, "bus_lcSublane": 0.4981, "bus_sigma": 0.4553, "bus_tau_mean": 1.5881, "bus_tau_std": 2.1211, "bus_v_mean": 10.0952, "bus_v_std": 13.347, "car_acc": 3.77, "car_dcc": 3.0812, "car_lcAssertive": 1.4112, "car_lcCooperative": 0.4114, "car_lcLookaheadLeft": 14.0407, "car_lcPushy": 0.4881, "car_lcSigma": 0.8814, "car_lcSpeedGainRight": 2.4818, "car_lcSublane": 0.3679, "car_sigma": 0.7798, "car_tau_mean": 3.8554, "car_tau_std": 2.7299, "car_v_mean": 21.0112, "car_v_std": 19.5278}, "datetime": {"datetime": "2024-08-08 13:18:56", "elapsed": 1923.565183, "delta": 21.034709}}
