{"target": -0.03168283997228564, "params": {"bus_acc": 2.06, "bus_dcc": 1.25, "bus_lcAssertive": 68.22, "bus_lcCooperative": 0.92, "bus_lcLookaheadLeft": 7.73, "bus_lcPushy": 0.98, "bus_lcSublane": 0.68, "bus_max_v": 17.04, "bus_tau_mean": 2.01, "bus_tau_std": 1.36, "car_acc": 2.54, "car_dcc": 1.9, "car_lcAssertive": 76.12, "car_lcCooperative": 0.91, "car_lcLookaheadLeft": 13.63, "car_lcPushy": 0.12, "car_lcSublane": 0.65, "car_max_v": 19.65, "car_tau_mean": 3.11, "car_tau_std": 3.44}, "datetime": {"datetime": "2024-08-03 21:40:24", "elapsed": 657.004388, "delta": 11.497159}}
{"target": -0.049598737968090216, "params": {"bus_acc": 2.0558079568162535, "bus_dcc": 3.2202326294772146, "bus_lcAssertive": 15.843217006808338, "bus_lcCooperative": 0.5510871741869717, "bus_lcLookaheadLeft": 23.22848641622038, "bus_lcPushy": 0.7591960493171447, "bus_lcSublane": 0.7229151935562137, "bus_max_v": 8.53098068554166, "bus_tau_mean": 3.516882951834757, "bus_tau_std": 0.19775099516344263, "car_acc": 2.7204739948462304, "car_dcc": 2.676711433482815, "car_lcAssertive": 40.91882673847907, "car_lcCooperative": 0.7587469310223366, "car_lcLookaheadLeft": 72.25904216586204, "car_lcPushy": 0.9873261748084265, "car_lcSublane": 0.2780850486129828, "car_max_v": 5.075873448186852, "car_tau_mean": 3.768659129102107, "car_tau_std": 8.578971045378939}, "datetime": {"datetime": "2024-08-03 21:40:25", "elapsed": 658.12886, "delta": 1.124472}}
{"target": -0.055828034922619785, "params": {"bus_acc": 2.9, "bus_dcc": 1.28, "bus_lcAssertive": 59.17, "bus_lcCooperative": 0.42, "bus_lcLookaheadLeft": 7.0, "bus_lcPushy": 0.57, "bus_lcSublane": 0.48, "bus_max_v": 17.08, "bus_tau_mean": 3.11, "bus_tau_std": 3.66, "car_acc": 2.81, "car_dcc": 2.2, "car_lcAssertive": 72.5, "car_lcCooperative": 0.76, "car_lcLookaheadLeft": 5.76, "car_lcPushy": 0.7, "car_lcSublane": 0.52, "car_max_v": 18.85, "car_tau_mean": 1.29, "car_tau_std": 4.84}, "datetime": {"datetime": "2024-08-03 21:41:42", "elapsed": 735.335805, "delta": 77.206945}}
{"target": -0.05486290749694898, "params": {"bus_acc": 1.51, "bus_dcc": 1.98, "bus_lcAssertive": 58.53, "bus_lcCooperative": 0.99, "bus_lcLookaheadLeft": 4.18, "bus_lcPushy": 0.39, "bus_lcSublane": 0.18, "bus_max_v": 16.04, "bus_tau_mean": 1.26, "bus_tau_std": 8.19, "car_acc": 1.91, "car_dcc": 2.24, "car_lcAssertive": 82.68, "car_lcCooperative": 0.18, "car_lcLookaheadLeft": 8.61, "car_lcPushy": 0.27, "car_lcSublane": 0.61, "car_max_v": 17.66, "car_tau_mean": 2.24, "car_tau_std": 1.4}, "datetime": {"datetime": "2024-08-03 21:41:59", "elapsed": 752.081048, "delta": 16.745243}}
{"target": -0.05665831811785486, "params": {"bus_acc": 3.0, "bus_dcc": 1.61, "bus_lcAssertive": 58.32, "bus_lcCooperative": 0.23, "bus_lcLookaheadLeft": 2.13, "bus_lcPushy": 0.76, "bus_lcSublane": 0.66, "bus_max_v": 19.26, "bus_tau_mean": 1.78, "bus_tau_std": 3.44, "car_acc": 2.93, "car_dcc": 2.2, "car_lcAssertive": 76.91, "car_lcCooperative": 0.25, "car_lcLookaheadLeft": 16.19, "car_lcPushy": 0.78, "car_lcSublane": 0.06, "car_max_v": 19.51, "car_tau_mean": 2.23, "car_tau_std": 4.84}, "datetime": {"datetime": "2024-08-03 21:42:01", "elapsed": 754.039721, "delta": 1.958673}}
{"target": -0.047160628686967014, "params": {"bus_acc": 1.06, "bus_dcc": 1.51, "bus_lcAssertive": 84.3, "bus_lcCooperative": 0.0, "bus_lcLookaheadLeft": 96.66, "bus_lcPushy": 0.39, "bus_lcSublane": 0.3, "bus_max_v": 16.19, "bus_tau_mean": 3.19, "bus_tau_std": 6.32, "car_acc": 2.21, "car_dcc": 1.4, "car_lcAssertive": 13.08, "car_lcCooperative": 0.98, "car_lcLookaheadLeft": 4.9, "car_lcPushy": 0.38, "car_lcSublane": 0.89, "car_max_v": 16.43, "car_tau_mean": 3.61, "car_tau_std": 1.26}, "datetime": {"datetime": "2024-08-03 21:42:21", "elapsed": 773.667903, "delta": 19.628182}}
{"target": -0.04672821586047974, "params": {"bus_acc": 2.29, "bus_dcc": 1.67, "bus_lcAssertive": 93.94, "bus_lcCooperative": 0.89, "bus_lcLookaheadLeft": 97.39, "bus_lcPushy": 0.11, "bus_lcSublane": 0.65, "bus_max_v": 15.07, "bus_tau_mean": 3.02, "bus_tau_std": 3.27, "car_acc": 2.02, "car_dcc": 2.86, "car_lcAssertive": 9.78, "car_lcCooperative": 0.97, "car_lcLookaheadLeft": 5.37, "car_lcPushy": 0.03, "car_lcSublane": 0.12, "car_max_v": 20.7, "car_tau_mean": 1.03, "car_tau_std": 0.78}, "datetime": {"datetime": "2024-08-03 21:42:25", "elapsed": 778.280108, "delta": 4.612205}}
{"target": -0.044987652239096794, "params": {"bus_acc": 2.29, "bus_dcc": 2.59, "bus_lcAssertive": 62.75, "bus_lcCooperative": 0.93, "bus_lcLookaheadLeft": 46.98, "bus_lcPushy": 0.4, "bus_lcSublane": 0.57, "bus_max_v": 17.1, "bus_tau_mean": 3.52, "bus_tau_std": 9.65, "car_acc": 1.5, "car_dcc": 3.1, "car_lcAssertive": 33.33, "car_lcCooperative": 0.69, "car_lcLookaheadLeft": 86.82, "car_lcPushy": 0.38, "car_lcSublane": 0.18, "car_max_v": 18.73, "car_tau_mean": 1.46, "car_tau_std": 1.48}, "datetime": {"datetime": "2024-08-03 21:42:39", "elapsed": 791.733674, "delta": 13.453566}}
{"target": -0.04894604156766027, "params": {"bus_acc": 1.79, "bus_dcc": 3.2, "bus_lcAssertive": 55.03, "bus_lcCooperative": 0.77, "bus_lcLookaheadLeft": 24.0, "bus_lcPushy": 0.85, "bus_lcSublane": 0.31, "bus_max_v": 15.93, "bus_tau_mean": 1.7, "bus_tau_std": 3.84, "car_acc": 1.63, "car_dcc": 2.14, "car_lcAssertive": 68.2, "car_lcCooperative": 0.38, "car_lcLookaheadLeft": 15.06, "car_lcPushy": 0.48, "car_lcSublane": 0.4, "car_max_v": 15.0, "car_tau_mean": 2.13, "car_tau_std": 5.4}, "datetime": {"datetime": "2024-08-03 21:42:42", "elapsed": 795.243707, "delta": 3.510033}}
{"target": -0.05655715894664565, "params": {"bus_acc": 1.96, "bus_dcc": 1.75, "bus_lcAssertive": 18.64, "bus_lcCooperative": 0.78, "bus_lcLookaheadLeft": 32.94, "bus_lcPushy": 0.94, "bus_lcSublane": 0.32, "bus_max_v": 20.05, "bus_tau_mean": 2.27, "bus_tau_std": 8.19, "car_acc": 2.08, "car_dcc": 1.91, "car_lcAssertive": 78.95, "car_lcCooperative": 0.44, "car_lcLookaheadLeft": 46.9, "car_lcPushy": 0.64, "car_lcSublane": 0.39, "car_max_v": 18.55, "car_tau_mean": 1.71, "car_tau_std": 6.59}, "datetime": {"datetime": "2024-08-03 21:42:44", "elapsed": 797.152296, "delta": 1.908589}}
{"target": -0.052903887481599014, "params": {"bus_acc": 1.23, "bus_dcc": 1.18, "bus_lcAssertive": 71.9, "bus_lcCooperative": 0.59, "bus_lcLookaheadLeft": 32.48, "bus_lcPushy": 0.18, "bus_lcSublane": 0.85, "bus_max_v": 15.63, "bus_tau_mean": 3.16, "bus_tau_std": 6.65, "car_acc": 1.83, "car_dcc": 3.85, "car_lcAssertive": 87.58, "car_lcCooperative": 0.11, "car_lcLookaheadLeft": 12.18, "car_lcPushy": 0.08, "car_lcSublane": 0.99, "car_max_v": 21.6, "car_tau_mean": 3.52, "car_tau_std": 7.53}, "datetime": {"datetime": "2024-08-03 21:42:57", "elapsed": 809.808269, "delta": 12.655973}}
{"target": -0.062259958300936426, "params": {"bus_acc": 2.9794139075734836, "bus_dcc": 2.394662892735467, "bus_lcAssertive": 73.7239163909867, "bus_lcCooperative": 0.6408076240458747, "bus_lcLookaheadLeft": 72.86315316726895, "bus_lcPushy": 0.05111090382611627, "bus_lcSublane": 0.9200454054097137, "bus_max_v": 23.53682435804483, "bus_tau_mean": 2.43198259503969, "bus_tau_std": 9.639158886845511, "car_acc": 1.561911073980735, "car_dcc": 2.8064398814096356, "car_lcAssertive": 40.24980631520977, "car_lcCooperative": 0.6280232317552282, "car_lcLookaheadLeft": 31.461964275327315, "car_lcPushy": 0.8193583846560202, "car_lcSublane": 0.06978597850420853, "car_max_v": 5.837551405999926, "car_tau_mean": 0.6728873462166001, "car_tau_std": 1.5045502836766345}, "datetime": {"datetime": "2024-08-03 21:43:02", "elapsed": 814.424771, "delta": 4.616502}}
{"target": -0.05272470155093495, "params": {"bus_acc": 1.16, "bus_dcc": 1.18, "bus_lcAssertive": 66.31, "bus_lcCooperative": 0.07, "bus_lcLookaheadLeft": 5.46, "bus_lcPushy": 0.6, "bus_lcSublane": 0.22, "bus_max_v": 17.38, "bus_tau_mean": 3.76, "bus_tau_std": 9.9, "car_acc": 1.86, "car_dcc": 2.86, "car_lcAssertive": 82.29, "car_lcCooperative": 0.25, "car_lcLookaheadLeft": 9.48, "car_lcPushy": 0.83, "car_lcSublane": 0.37, "car_max_v": 17.61, "car_tau_mean": 0.8, "car_tau_std": 5.42}, "datetime": {"datetime": "2024-08-03 21:43:04", "elapsed": 817.039163, "delta": 2.614392}}
{"target": -0.05299288214969585, "params": {"bus_acc": 2.36, "bus_dcc": 2.97, "bus_lcAssertive": 73.85, "bus_lcCooperative": 0.29, "bus_lcLookaheadLeft": 35.72, "bus_lcPushy": 0.8, "bus_lcSublane": 0.43, "bus_max_v": 19.68, "bus_tau_mean": 3.75, "bus_tau_std": 7.64, "car_acc": 1.81, "car_dcc": 1.24, "car_lcAssertive": 86.7, "car_lcCooperative": 0.51, "car_lcLookaheadLeft": 15.91, "car_lcPushy": 0.57, "car_lcSublane": 0.69, "car_max_v": 19.48, "car_tau_mean": 3.86, "car_tau_std": 5.02}, "datetime": {"datetime": "2024-08-03 21:43:09", "elapsed": 822.046619, "delta": 5.007456}}
{"target": -0.04960242057022635, "params": {"bus_acc": 1.46, "bus_dcc": 2.74, "bus_lcAssertive": 62.69, "bus_lcCooperative": 0.63, "bus_lcLookaheadLeft": 6.36, "bus_lcPushy": 0.73, "bus_lcSublane": 0.69, "bus_max_v": 14.88, "bus_tau_mean": 1.05, "bus_tau_std": 3.94, "car_acc": 1.7, "car_dcc": 1.53, "car_lcAssertive": 83.29, "car_lcCooperative": 0.6, "car_lcLookaheadLeft": 10.51, "car_lcPushy": 0.5, "car_lcSublane": 0.72, "car_max_v": 16.53, "car_tau_mean": 2.02, "car_tau_std": 5.7}, "datetime": {"datetime": "2024-08-03 21:43:19", "elapsed": 831.470744, "delta": 9.424125}}
{"target": -0.04895451320564955, "params": {"bus_acc": 1.56, "bus_dcc": 3.12, "bus_lcAssertive": 58.24, "bus_lcCooperative": 0.39, "bus_lcLookaheadLeft": 6.0, "bus_lcPushy": 0.95, "bus_lcSublane": 0.85, "bus_max_v": 13.71, "bus_tau_mean": 1.3, "bus_tau_std": 6.02, "car_acc": 2.32, "car_dcc": 1.47, "car_lcAssertive": 75.87, "car_lcCooperative": 0.91, "car_lcLookaheadLeft": 11.54, "car_lcPushy": 0.02, "car_lcSublane": 0.99, "car_max_v": 21.95, "car_tau_mean": 1.67, "car_tau_std": 2.62}, "datetime": {"datetime": "2024-08-03 21:43:22", "elapsed": 835.348113, "delta": 3.877369}}
{"target": -0.045884928485634476, "params": {"bus_acc": 2.0, "bus_dcc": 3.18, "bus_lcAssertive": 67.34, "bus_lcCooperative": 0.88, "bus_lcLookaheadLeft": 20.05, "bus_lcPushy": 0.77, "bus_lcSublane": 0.72, "bus_max_v": 16.08, "bus_tau_mean": 1.74, "bus_tau_std": 5.08, "car_acc": 1.26, "car_dcc": 2.51, "car_lcAssertive": 85.06, "car_lcCooperative": 0.65, "car_lcLookaheadLeft": 12.15, "car_lcPushy": 0.55, "car_lcSublane": 0.51, "car_max_v": 21.08, "car_tau_mean": 2.25, "car_tau_std": 3.63}, "datetime": {"datetime": "2024-08-03 21:43:34", "elapsed": 846.631259, "delta": 11.283146}}
{"target": -0.05438981156159763, "params": {"bus_acc": 1.9, "bus_dcc": 2.98, "bus_lcAssertive": 67.76, "bus_lcCooperative": 0.71, "bus_lcLookaheadLeft": 19.84, "bus_lcPushy": 0.79, "bus_lcSublane": 0.87, "bus_max_v": 16.5, "bus_tau_mean": 1.39, "bus_tau_std": 5.46, "car_acc": 1.58, "car_dcc": 2.35, "car_lcAssertive": 84.8, "car_lcCooperative": 0.39, "car_lcLookaheadLeft": 11.12, "car_lcPushy": 0.79, "car_lcSublane": 0.44, "car_max_v": 21.12, "car_tau_mean": 2.25, "car_tau_std": 3.73}, "datetime": {"datetime": "2024-08-03 21:43:37", "elapsed": 850.268563, "delta": 3.637304}}
{"target": -0.08133499453832528, "params": {"bus_acc": 1.72, "bus_dcc": 3.09, "bus_lcAssertive": 59.86, "bus_lcCooperative": 0.76, "bus_lcLookaheadLeft": 9.76, "bus_lcPushy": 0.76, "bus_lcSublane": 0.05, "bus_max_v": 6.81, "bus_tau_mean": 2.54, "bus_tau_std": 9.94, "car_acc": 2.37, "car_dcc": 2.26, "car_lcAssertive": 49.73, "car_lcCooperative": 0.11, "car_lcLookaheadLeft": 43.01, "car_lcPushy": 0.02, "car_lcSublane": 0.68, "car_max_v": 14.85, "car_tau_mean": 2.2, "car_tau_std": 5.77}, "datetime": {"datetime": "2024-08-03 21:43:49", "elapsed": 861.848865, "delta": 11.580302}}
{"target": -0.049945506729416916, "params": {"bus_acc": 2.74, "bus_dcc": 2.34, "bus_lcAssertive": 83.82, "bus_lcCooperative": 0.66, "bus_lcLookaheadLeft": 46.7, "bus_lcPushy": 0.39, "bus_lcSublane": 0.29, "bus_max_v": 16.02, "bus_tau_mean": 2.15, "bus_tau_std": 3.65, "car_acc": 2.18, "car_dcc": 1.09, "car_lcAssertive": 56.49, "car_lcCooperative": 0.89, "car_lcLookaheadLeft": 41.63, "car_lcPushy": 0.88, "car_lcSublane": 0.59, "car_max_v": 15.64, "car_tau_mean": 1.85, "car_tau_std": 9.75}, "datetime": {"datetime": "2024-08-03 21:43:52", "elapsed": 865.052825, "delta": 3.20396}}
{"target": -0.056805536332842334, "params": {"bus_acc": 2.48, "bus_dcc": 3.55, "bus_lcAssertive": 93.19, "bus_lcCooperative": 0.58, "bus_lcLookaheadLeft": 37.43, "bus_lcPushy": 0.6, "bus_lcSublane": 0.29, "bus_max_v": 16.29, "bus_tau_mean": 3.9, "bus_tau_std": 6.32, "car_acc": 1.72, "car_dcc": 3.06, "car_lcAssertive": 21.69, "car_lcCooperative": 0.35, "car_lcLookaheadLeft": 19.78, "car_lcPushy": 0.08, "car_lcSublane": 0.3, "car_max_v": 24.35, "car_tau_mean": 2.8, "car_tau_std": 3.23}, "datetime": {"datetime": "2024-08-03 21:43:55", "elapsed": 867.486368, "delta": 2.433543}}
{"target": -0.046197504924181065, "params": {"bus_acc": 1.65, "bus_dcc": 1.35, "bus_lcAssertive": 75.13, "bus_lcCooperative": 0.34, "bus_lcLookaheadLeft": 26.42, "bus_lcPushy": 0.74, "bus_lcSublane": 0.87, "bus_max_v": 19.94, "bus_tau_mean": 0.84, "bus_tau_std": 6.2, "car_acc": 2.93, "car_dcc": 1.33, "car_lcAssertive": 44.59, "car_lcCooperative": 0.42, "car_lcLookaheadLeft": 38.41, "car_lcPushy": 0.39, "car_lcSublane": 0.57, "car_max_v": 17.59, "car_tau_mean": 1.06, "car_tau_std": 5.96}, "datetime": {"datetime": "2024-08-03 21:43:58", "elapsed": 870.860765, "delta": 3.374397}}
{"target": -0.053679409753612926, "params": {"bus_acc": 2.29, "bus_dcc": 3.78, "bus_lcAssertive": 90.75, "bus_lcCooperative": 0.31, "bus_lcLookaheadLeft": 92.48, "bus_lcPushy": 0.01, "bus_lcSublane": 0.41, "bus_max_v": 9.93, "bus_tau_mean": 1.96, "bus_tau_std": 1.51, "car_acc": 1.81, "car_dcc": 3.8, "car_lcAssertive": 14.84, "car_lcCooperative": 0.53, "car_lcLookaheadLeft": 6.97, "car_lcPushy": 0.9, "car_lcSublane": 0.3, "car_max_v": 21.76, "car_tau_mean": 1.44, "car_tau_std": 2.42}, "datetime": {"datetime": "2024-08-03 21:44:01", "elapsed": 874.238052, "delta": 3.377287}}
{"target": -0.05163133377267637, "params": {"bus_acc": 1.28, "bus_dcc": 2.05, "bus_lcAssertive": 52.5, "bus_lcCooperative": 0.63, "bus_lcLookaheadLeft": 29.36, "bus_lcPushy": 0.67, "bus_lcSublane": 0.26, "bus_max_v": 20.9, "bus_tau_mean": 3.18, "bus_tau_std": 8.44, "car_acc": 2.0, "car_dcc": 2.45, "car_lcAssertive": 51.76, "car_lcCooperative": 0.38, "car_lcLookaheadLeft": 83.58, "car_lcPushy": 0.69, "car_lcSublane": 0.38, "car_max_v": 19.62, "car_tau_mean": 0.58, "car_tau_std": 4.58}, "datetime": {"datetime": "2024-08-03 21:44:05", "elapsed": 877.794169, "delta": 3.556117}}
{"target": -0.054756042938283116, "params": {"bus_acc": 2.57, "bus_dcc": 3.09, "bus_lcAssertive": 74.9, "bus_lcCooperative": 0.53, "bus_lcLookaheadLeft": 2.77, "bus_lcPushy": 0.64, "bus_lcSublane": 0.24, "bus_max_v": 11.75, "bus_tau_mean": 3.17, "bus_tau_std": 4.24, "car_acc": 2.01, "car_dcc": 2.26, "car_lcAssertive": 45.57, "car_lcCooperative": 0.55, "car_lcLookaheadLeft": 33.29, "car_lcPushy": 0.72, "car_lcSublane": 0.28, "car_max_v": 17.49, "car_tau_mean": 1.06, "car_tau_std": 7.66}, "datetime": {"datetime": "2024-08-03 21:44:08", "elapsed": 881.284364, "delta": 3.490195}}
{"target": -0.05387816799583084, "params": {"bus_acc": 1.87, "bus_dcc": 2.25, "bus_lcAssertive": 73.7, "bus_lcCooperative": 0.14, "bus_lcLookaheadLeft": 85.82, "bus_lcPushy": 0.87, "bus_lcSublane": 0.59, "bus_max_v": 12.17, "bus_tau_mean": 2.93, "bus_tau_std": 8.73, "car_acc": 1.71, "car_dcc": 1.69, "car_lcAssertive": 64.78, "car_lcCooperative": 0.69, "car_lcLookaheadLeft": 99.97, "car_lcPushy": 0.71, "car_lcSublane": 0.19, "car_max_v": 17.87, "car_tau_mean": 1.68, "car_tau_std": 9.42}, "datetime": {"datetime": "2024-08-03 21:44:16", "elapsed": 888.707954, "delta": 7.42359}}
{"target": -0.05619396330248499, "params": {"bus_acc": 1.69, "bus_dcc": 2.06, "bus_lcAssertive": 44.15, "bus_lcCooperative": 0.09, "bus_lcLookaheadLeft": 5.87, "bus_lcPushy": 0.97, "bus_lcSublane": 0.37, "bus_max_v": 9.06, "bus_tau_mean": 1.97, "bus_tau_std": 3.54, "car_acc": 1.76, "car_dcc": 1.65, "car_lcAssertive": 65.93, "car_lcCooperative": 0.72, "car_lcLookaheadLeft": 8.15, "car_lcPushy": 0.24, "car_lcSublane": 0.46, "car_max_v": 24.82, "car_tau_mean": 0.92, "car_tau_std": 6.53}, "datetime": {"datetime": "2024-08-03 21:44:19", "elapsed": 891.998508, "delta": 3.290554}}
{"target": -0.05467348771486488, "params": {"bus_acc": 2.33, "bus_dcc": 3.04, "bus_lcAssertive": 4.44, "bus_lcCooperative": 0.15, "bus_lcLookaheadLeft": 13.56, "bus_lcPushy": 0.22, "bus_lcSublane": 0.29, "bus_max_v": 12.46, "bus_tau_mean": 3.48, "bus_tau_std": 4.66, "car_acc": 2.1, "car_dcc": 3.15, "car_lcAssertive": 20.41, "car_lcCooperative": 0.74, "car_lcLookaheadLeft": 4.16, "car_lcPushy": 0.73, "car_lcSublane": 0.7, "car_max_v": 17.11, "car_tau_mean": 1.28, "car_tau_std": 3.44}, "datetime": {"datetime": "2024-08-03 21:44:22", "elapsed": 894.975968, "delta": 2.97746}}
{"target": -0.05259894241789354, "params": {"bus_acc": 1.35, "bus_dcc": 3.84, "bus_lcAssertive": 86.68, "bus_lcCooperative": 0.94, "bus_lcLookaheadLeft": 93.27, "bus_lcPushy": 0.41, "bus_lcSublane": 0.76, "bus_max_v": 23.11, "bus_tau_mean": 0.89, "bus_tau_std": 8.27, "car_acc": 2.76, "car_dcc": 2.18, "car_lcAssertive": 88.64, "car_lcCooperative": 0.43, "car_lcLookaheadLeft": 5.2, "car_lcPushy": 0.92, "car_lcSublane": 0.23, "car_max_v": 24.09, "car_tau_mean": 0.57, "car_tau_std": 1.46}, "datetime": {"datetime": "2024-08-03 21:44:34", "elapsed": 906.428741, "delta": 11.452773}}
{"target": -0.05155859995608486, "params": {"bus_acc": 1.31, "bus_dcc": 3.96, "bus_lcAssertive": 63.03, "bus_lcCooperative": 1.0, "bus_lcLookaheadLeft": 9.3, "bus_lcPushy": 0.87, "bus_lcSublane": 0.04, "bus_max_v": 20.94, "bus_tau_mean": 0.79, "bus_tau_std": 7.12, "car_acc": 1.9, "car_dcc": 3.01, "car_lcAssertive": 71.14, "car_lcCooperative": 0.35, "car_lcLookaheadLeft": 12.07, "car_lcPushy": 0.01, "car_lcSublane": 0.88, "car_max_v": 22.45, "car_tau_mean": 3.95, "car_tau_std": 7.53}, "datetime": {"datetime": "2024-08-03 21:44:43", "elapsed": 915.829026, "delta": 9.400285}}
{"target": -0.04813613980065736, "params": {"bus_acc": 2.68, "bus_dcc": 2.51, "bus_lcAssertive": 93.68, "bus_lcCooperative": 0.54, "bus_lcLookaheadLeft": 23.26, "bus_lcPushy": 0.31, "bus_lcSublane": 0.59, "bus_max_v": 23.24, "bus_tau_mean": 3.51, "bus_tau_std": 0.82, "car_acc": 1.88, "car_dcc": 1.61, "car_lcAssertive": 69.36, "car_lcCooperative": 0.53, "car_lcLookaheadLeft": 46.75, "car_lcPushy": 0.55, "car_lcSublane": 0.2, "car_max_v": 15.22, "car_tau_mean": 1.14, "car_tau_std": 8.28}, "datetime": {"datetime": "2024-08-03 21:44:54", "elapsed": 927.232782, "delta": 11.403756}}
{"target": -0.05564099226341334, "params": {"bus_acc": 1.44, "bus_dcc": 2.95, "bus_lcAssertive": 58.15, "bus_lcCooperative": 0.32, "bus_lcLookaheadLeft": 38.8, "bus_lcPushy": 0.19, "bus_lcSublane": 0.46, "bus_max_v": 18.19, "bus_tau_mean": 1.74, "bus_tau_std": 4.09, "car_acc": 2.12, "car_dcc": 2.83, "car_lcAssertive": 48.04, "car_lcCooperative": 0.75, "car_lcLookaheadLeft": 61.32, "car_lcPushy": 0.28, "car_lcSublane": 0.64, "car_max_v": 20.83, "car_tau_mean": 3.17, "car_tau_std": 1.03}, "datetime": {"datetime": "2024-08-03 21:44:59", "elapsed": 931.463886, "delta": 4.231104}}
{"target": -0.05373013702915433, "params": {"bus_acc": 1.52, "bus_dcc": 3.81, "bus_lcAssertive": 62.3, "bus_lcCooperative": 0.99, "bus_lcLookaheadLeft": 5.2, "bus_lcPushy": 0.73, "bus_lcSublane": 0.57, "bus_max_v": 14.85, "bus_tau_mean": 1.41, "bus_tau_std": 3.27, "car_acc": 1.5, "car_dcc": 1.66, "car_lcAssertive": 80.17, "car_lcCooperative": 0.51, "car_lcLookaheadLeft": 10.16, "car_lcPushy": 0.78, "car_lcSublane": 0.54, "car_max_v": 19.79, "car_tau_mean": 2.31, "car_tau_std": 4.0}, "datetime": {"datetime": "2024-08-03 21:45:03", "elapsed": 936.268731, "delta": 4.804845}}
{"target": -0.04907086955292955, "params": {"bus_acc": 1.08, "bus_dcc": 1.03, "bus_lcAssertive": 22.45, "bus_lcCooperative": 0.22, "bus_lcLookaheadLeft": 91.75, "bus_lcPushy": 0.95, "bus_lcSublane": 0.49, "bus_max_v": 24.96, "bus_tau_mean": 3.91, "bus_tau_std": 9.16, "car_acc": 2.12, "car_dcc": 2.02, "car_lcAssertive": 73.75, "car_lcCooperative": 0.62, "car_lcLookaheadLeft": 11.79, "car_lcPushy": 0.02, "car_lcSublane": 0.76, "car_max_v": 23.02, "car_tau_mean": 3.33, "car_tau_std": 0.6}, "datetime": {"datetime": "2024-08-03 21:45:05", "elapsed": 937.721221, "delta": 1.45249}}
{"target": -0.04634302643267457, "params": {"bus_acc": 1.95, "bus_dcc": 3.41, "bus_lcAssertive": 67.03, "bus_lcCooperative": 0.95, "bus_lcLookaheadLeft": 18.28, "bus_lcPushy": 0.88, "bus_lcSublane": 0.56, "bus_max_v": 15.98, "bus_tau_mean": 1.5, "bus_tau_std": 4.98, "car_acc": 1.2, "car_dcc": 2.35, "car_lcAssertive": 84.43, "car_lcCooperative": 0.4, "car_lcLookaheadLeft": 11.42, "car_lcPushy": 0.66, "car_lcSublane": 0.45, "car_max_v": 21.12, "car_tau_mean": 2.29, "car_tau_std": 3.83}, "datetime": {"datetime": "2024-08-03 21:45:20", "elapsed": 952.66912, "delta": 14.947899}}
{"target": -0.04508976856623098, "params": {"bus_acc": 2.59, "bus_dcc": 1.76, "bus_lcAssertive": 61.37, "bus_lcCooperative": 0.81, "bus_lcLookaheadLeft": 4.73, "bus_lcPushy": 0.85, "bus_lcSublane": 0.63, "bus_max_v": 15.57, "bus_tau_mean": 1.08, "bus_tau_std": 4.65, "car_acc": 2.61, "car_dcc": 1.9, "car_lcAssertive": 85.12, "car_lcCooperative": 0.09, "car_lcLookaheadLeft": 9.14, "car_lcPushy": 0.53, "car_lcSublane": 0.14, "car_max_v": 18.57, "car_tau_mean": 1.37, "car_tau_std": 1.21}, "datetime": {"datetime": "2024-08-03 21:45:28", "elapsed": 961.167565, "delta": 8.498445}}
