{"target": -0.20949078628190768, "params": {"bus_acc": 1.315244803095373, "bus_dcc": 3.678666125575454, "bus_lcAssertive": 58.20786431316901, "bus_lcCooperative": 0.18401020162746506, "bus_lcLookaheadLeft": 79.21706491489942, "bus_lcPushy": 0.6120311770449339, "bus_lcSublane": 0.053909272073752956, "bus_max_v": 15.46251784001472, "bus_tau_mean": 2.197672091413574, "bus_tau_std": 13.779026669662887, "car_acc": 1.0008040497827149, "car_dcc": 4.907036596124239, "car_lcAssertive": 38.281451159831676, "car_lcCooperative": 0.9737835383583225, "car_lcLookaheadLeft": 61.2621778954572, "car_lcPushy": 0.828845807980693, "car_lcSublane": 0.5747115047081023, "car_max_v": 24.445752561069057, "car_tau_mean": 1.213940704239235, "car_tau_std": 8.802500109841244}, "datetime": {"datetime": "2024-08-03 11:11:25", "elapsed": 0.0, "delta": 0.0}}
{"target": -0.06730246805085933, "params": {"bus_acc": 1.9501761192470797, "bus_dcc": 2.6699595645854695, "bus_lcAssertive": 91.64502862686118, "bus_lcCooperative": 0.6415662089463375, "bus_lcLookaheadLeft": 40.22075598584213, "bus_lcPushy": 0.48599066709690975, "bus_lcSublane": 0.6043104829199732, "bus_max_v": 17.144122979611314, "bus_tau_mean": 2.8154535667661342, "bus_tau_std": 13.781001534504092, "car_acc": 1.7897512258471098, "car_dcc": 4.853050113762848, "car_lcAssertive": 18.22161100136597, "car_lcCooperative": 0.12632951943963733, "car_lcLookaheadLeft": 15.23775748857967, "car_lcPushy": 0.5056621656768967, "car_lcSublane": 0.021524805274197978, "car_max_v": 31.80331485800666, "car_tau_mean": 2.5677886779268313, "car_tau_std": 0.22528471113183568}, "datetime": {"datetime": "2024-08-03 11:11:27", "elapsed": 1.360534, "delta": 1.360534}}
{"target": -0.10202765116997625, "params": {"bus_acc": 1.326644901772096, "bus_dcc": 2.581174306772828, "bus_lcAssertive": 88.70826783176668, "bus_lcCooperative": 0.35726976000249977, "bus_lcLookaheadLeft": 91.03644479014032, "bus_lcPushy": 0.6233601157918027, "bus_lcSublane": 0.015821242846556283, "bus_max_v": 22.082684038668898, "bus_tau_mean": 2.22724229379231, "bus_tau_std": 14.959842756772208, "car_acc": 1.344681016690657, "car_dcc": 1.548542998515511, "car_lcAssertive": 93.32695084067919, "car_lcCooperative": 0.6968181614899002, "car_lcLookaheadLeft": 8.468016926762123, "car_lcPushy": 0.7554630526024664, "car_lcSublane": 0.7538761884612464, "car_max_v": 31.229564317569118, "car_tau_mean": 2.278811896571179, "car_tau_std": 1.8640644295824704}, "datetime": {"datetime": "2024-08-03 11:11:28", "elapsed": 2.508777, "delta": 1.148243}}
{"target": -0.06773162497219966, "params": {"bus_acc": 1.4170220047025741, "bus_dcc": 3.1609734803264744, "bus_lcAssertive": 1.0113231069171438, "bus_lcCooperative": 0.30233257263183977, "bus_lcLookaheadLeft": 16.38207730007708, "bus_lcPushy": 0.0923385947687978, "bus_lcSublane": 0.1862602113776709, "bus_max_v": 14.492289451559621, "bus_tau_mean": 1.4919186855766748, "bus_tau_std": 8.082251010050355, "car_acc": 1.8383890288065896, "car_dcc": 3.740878001587038, "car_lcAssertive": 21.240772723420225, "car_lcCooperative": 0.8781174363909454, "car_lcLookaheadLeft": 4.6839841333967644, "car_lcPushy": 0.6704675101784022, "car_lcSublane": 0.41730480236712697, "car_max_v": 22.84986605425229, "car_tau_mean": 0.8509673464880845, "car_tau_std": 2.971522336273182}, "datetime": {"datetime": "2024-08-03 11:11:28", "elapsed": 3.183054, "delta": 0.674277}}
{"target": -0.15074208904975286, "params": {"bus_acc": 1.4158487182675272, "bus_dcc": 2.8500552014657083, "bus_lcAssertive": 24.132947784685754, "bus_lcCooperative": 0.10196725942579743, "bus_lcLookaheadLeft": 52.55398766291592, "bus_lcPushy": 0.47714098704978236, "bus_lcSublane": 0.15267164409316325, "bus_max_v": 18.083481012625402, "bus_tau_mean": 1.8600252970348454, "bus_tau_std": 9.812060204561165, "car_acc": 1.2890910802493196, "car_dcc": 4.006111268540975, "car_lcAssertive": 22.982864840192345, "car_lcCooperative": 0.519351824366033, "car_lcLookaheadLeft": 78.95901076571866, "car_lcPushy": 0.02233042799180618, "car_lcSublane": 0.3243624597261865, "car_max_v": 30.077214657202553, "car_tau_mean": 2.611774019005174, "car_tau_std": 8.076608888918155}, "datetime": {"datetime": "2024-08-03 11:11:29", "elapsed": 3.47519, "delta": 0.292136}}
{"target": -0.2511827405148906, "params": {"bus_acc": 1.8666082741665129, "bus_dcc": 3.84941797406088, "bus_lcAssertive": 82.8142927653048, "bus_lcCooperative": 0.8541154438365387, "bus_lcLookaheadLeft": 11.676853378394139, "bus_lcPushy": 0.651304332340991, "bus_lcSublane": 0.703516988152653, "bus_max_v": 17.933130564406184, "bus_tau_mean": 2.49903815434007, "bus_tau_std": 0.5185682980745138, "car_acc": 2.54047746910996, "car_dcc": 3.926914402958108, "car_lcAssertive": 26.710140936536956, "car_lcCooperative": 0.2570692988221467, "car_lcLookaheadLeft": 63.965725108152526, "car_lcPushy": 0.34529746159108154, "car_lcSublane": 0.7965886780072875, "car_max_v": 20.26136333607952, "car_tau_mean": 2.4568735369604298, "car_tau_std": 14.85707675435761}, "datetime": {"datetime": "2024-08-03 11:11:29", "elapsed": 3.625656, "delta": 0.150466}}
{"target": -0.07299201745855362, "params": {"bus_acc": 1.75002176370266, "bus_dcc": 3.574941509287127, "bus_lcAssertive": 75.75313665830033, "bus_lcCooperative": 0.698057248447303, "bus_lcLookaheadLeft": 86.71898414535079, "bus_lcPushy": 0.32268099683674645, "bus_lcSublane": 0.6707887907875872, "bus_max_v": 15.861361173373538, "bus_tau_mean": 1.455256880078793, "bus_tau_std": 6.162170248832784, "car_acc": 1.8029591669390812, "car_dcc": 2.2695357838331076, "car_lcAssertive": 62.57001742410984, "car_lcCooperative": 0.43024727082126435, "car_lcLookaheadLeft": 97.43260363687072, "car_lcPushy": 0.6778008914343111, "car_lcSublane": 0.19856988842711087, "car_max_v": 19.814123215004756, "car_tau_mean": 1.3583655994360575, "car_tau_std": 11.964582059378499}, "datetime": {"datetime": "2024-08-03 11:11:30", "elapsed": 4.382972, "delta": 0.757316}}
{"target": -0.3069659710081574, "params": {"bus_acc": 1.2398477591475863, "bus_dcc": 2.48130914280619, "bus_lcAssertive": 62.37561611975659, "bus_lcCooperative": 0.8289808995501787, "bus_lcLookaheadLeft": 17.365556675316256, "bus_lcPushy": 0.018576202177409518, "bus_lcSublane": 0.07002214371922233, "bus_max_v": 16.322486442181415, "bus_tau_mean": 2.015823654133326, "bus_tau_std": 8.53277155629722, "car_acc": 1.6347248186443215, "car_dcc": 4.954464617649796, "car_lcAssertive": 58.394776705333896, "car_lcCooperative": 0.3801411726235504, "car_lcLookaheadLeft": 55.99292547355389, "car_lcPushy": 0.7453344309065021, "car_lcSublane": 0.6692328934531846, "car_max_v": 16.093149826244616, "car_tau_mean": 0.6658370860711039, "car_tau_std": 5.551262968711594}, "datetime": {"datetime": "2024-08-03 11:11:30", "elapsed": 5.04182, "delta": 0.658848}}
{"target": -0.27206761160772225, "params": {"bus_acc": 1.3002483395339, "bus_dcc": 1.429017484774298, "bus_lcAssertive": 90.2295351985781, "bus_lcCooperative": 0.5415593788873733, "bus_lcLookaheadLeft": 97.52455634379805, "bus_lcPushy": 0.6366044000018972, "bus_lcSublane": 0.9939130246104789, "bus_max_v": 17.09892045385837, "bus_tau_mean": 1.8160648347638033, "bus_tau_std": 2.0314185460825485, "car_acc": 1.7114103419677622, "car_dcc": 1.1048742691854931, "car_lcAssertive": 16.87912277244526, "car_lcCooperative": 0.7456371927074961, "car_lcLookaheadLeft": 4.9791696130213055, "car_lcPushy": 0.36654309724374434, "car_lcSublane": 0.8623462528380441, "car_max_v": 25.93158750266915, "car_tau_mean": 2.2273553551654213, "car_tau_std": 2.8295520143296633}, "datetime": {"datetime": "2024-08-03 11:11:31", "elapsed": 6.134941, "delta": 1.093121}}
{"target": -0.0624380902936803, "params": {"bus_acc": 1.6185135669120854, "bus_dcc": 1.0310927840056958, "bus_lcAssertive": 54.32410097505835, "bus_lcCooperative": 0.0030179566195963625, "bus_lcLookaheadLeft": 95.21699097804004, "bus_lcPushy": 0.905402033702778, "bus_lcSublane": 0.7959669419422694, "bus_max_v": 21.898566158892237, "bus_tau_mean": 0.8638955778959927, "bus_tau_std": 2.3659510480579993, "car_acc": 1.375263345804868, "car_dcc": 3.4899836091996845, "car_lcAssertive": 90.67514010482188, "car_lcCooperative": 0.9899551783590737, "car_lcLookaheadLeft": 71.69000095904995, "car_lcPushy": 0.7318004091422953, "car_lcSublane": 0.9092932045442544, "car_max_v": 19.22009584453578, "car_tau_mean": 1.1246267005625918, "car_tau_std": 2.601452561806843}, "datetime": {"datetime": "2024-08-03 11:11:33", "elapsed": 7.520509, "delta": 1.385568}}
{"target": -0.10995737597461626, "params": {"bus_acc": 1.6297175070215646, "bus_dcc": 1.6305220297445189, "bus_lcAssertive": 75.52279982014257, "bus_lcCooperative": 0.06653648135411494, "bus_lcLookaheadLeft": 27.510879660697015, "bus_lcPushy": 0.8047545637433454, "bus_lcSublane": 0.19343428262332774, "bus_max_v": 18.312991451439224, "bus_tau_mean": 1.8116757728093342, "bus_tau_std": 13.87211955599026, "car_acc": 1.526593540974222, "car_dcc": 1.2638443627360951, "car_lcAssertive": 73.77153036557827, "car_lcCooperative": 0.7721780295432468, "car_lcLookaheadLeft": 90.96595354534536, "car_lcPushy": 0.9319720691968373, "car_lcSublane": 0.013951572975597015, "car_max_v": 15.390327980792673, "car_tau_mean": 2.041945892504144, "car_tau_std": 14.235244810314246}, "datetime": {"datetime": "2024-08-03 11:11:34", "elapsed": 8.803002, "delta": 1.282493}}
{"target": -0.05980469534261034, "params": {"bus_acc": 1.1761962555750554, "bus_dcc": 1.996190723100511, "bus_lcAssertive": 13.968687636280773, "bus_lcCooperative": 0.8094906921265821, "bus_lcLookaheadLeft": 35.78419196296276, "bus_lcPushy": 0.9401074823333672, "bus_lcSublane": 0.58201417994708, "bus_max_v": 21.424815797353972, "bus_tau_mean": 2.6118361134805546, "bus_tau_std": 13.580884780629738, "car_acc": 1.919760531633614, "car_dcc": 3.185387264081493, "car_lcAssertive": 80.0617555240519, "car_lcCooperative": 0.28571885173414757, "car_lcLookaheadLeft": 50.04484521675292, "car_lcPushy": 0.5991103076458784, "car_lcSublane": 0.015533275550835723, "car_max_v": 23.650072388522656, "car_tau_mean": 1.5841908724736458, "car_tau_std": 12.110407933272622}, "datetime": {"datetime": "2024-08-03 11:11:36", "elapsed": 10.910102, "delta": 2.1071}}
{"target": -0.10505755876516477, "params": {"bus_acc": 1.5562402339904189, "bus_dcc": 1.409365676982055, "bus_lcAssertive": 6.931851261708954, "bus_lcCooperative": 0.12134345574073735, "bus_lcLookaheadLeft": 6.366084097386649, "bus_lcPushy": 0.1074941291060929, "bus_lcSublane": 0.2257093386078547, "bus_max_v": 19.268856744974798, "bus_tau_mean": 1.899292455135356, "bus_tau_std": 0.1883397023867378, "car_acc": 1.1439485593789736, "car_dcc": 4.869105320001088, "car_lcAssertive": 57.24194573007427, "car_lcCooperative": 0.20329323466099047, "car_lcLookaheadLeft": 26.727922967891693, "car_lcPushy": 0.7438258540750929, "car_lcSublane": 0.1954294811093188, "car_max_v": 23.371255327284928, "car_tau_mean": 2.925049972720781, "car_tau_std": 12.702432022350528}, "datetime": {"datetime": "2024-08-03 11:11:36", "elapsed": 11.018165, "delta": 0.108063}}
{"target": -0.0884302929353274, "params": {"bus_acc": 1.8833060912058097, "bus_dcc": 2.8710166211668264, "bus_lcAssertive": 75.34330096870639, "bus_lcCooperative": 0.34889834197784253, "bus_lcLookaheadLeft": 28.452933392972554, "bus_lcPushy": 0.8958862181960668, "bus_lcSublane": 0.4280911898712949, "bus_max_v": 22.542920612929013, "bus_tau_mean": 2.15860374454612, "bus_tau_std": 9.325435803136827, "car_acc": 1.2294919459067504, "car_dcc": 4.7979570348282845, "car_lcAssertive": 45.541301214514114, "car_lcCooperative": 0.5783896143871318, "car_lcLookaheadLeft": 41.99740667060556, "car_lcPushy": 0.2370269802430277, "car_lcSublane": 0.9033795205622538, "car_max_v": 23.194628193462574, "car_tau_mean": 0.5071758175778974, "car_tau_std": 9.257173704310858}, "datetime": {"datetime": "2024-08-03 11:11:36", "elapsed": 11.148957, "delta": 0.130792}}
{"target": -0.07321474603148975, "params": {"bus_acc": 1.8799982885634319, "bus_dcc": 3.711525867479116, "bus_lcAssertive": 66.60926142515096, "bus_lcCooperative": 0.2702082620297578, "bus_lcLookaheadLeft": 26.731936747449794, "bus_lcPushy": 0.8548979426974024, "bus_lcSublane": 0.5277146463087466, "bus_max_v": 20.428094092059773, "bus_tau_mean": 1.9312212929790158, "bus_tau_std": 10.997137879312668, "car_acc": 2.0380232549281114, "car_dcc": 4.083535642007552, "car_lcAssertive": 57.31694107976684, "car_lcCooperative": 0.4657098785919809, "car_lcLookaheadLeft": 35.58351297942161, "car_lcPushy": 0.06820934841670412, "car_lcSublane": 0.37792417932809985, "car_max_v": 11.831399787059805, "car_tau_mean": 2.9570427843261125, "car_tau_std": 2.7241927699614568}, "datetime": {"datetime": "2024-08-03 11:11:37", "elapsed": 11.300085, "delta": 0.151128}}
{"target": -0.12290715595534862, "params": {"bus_acc": 1.143423048670245, "bus_dcc": 1.2351606995648439, "bus_lcAssertive": 2.814931648387722, "bus_lcCooperative": 0.06672499763935646, "bus_lcLookaheadLeft": 46.94121374342632, "bus_lcPushy": 0.11334192276759048, "bus_lcSublane": 0.027783348848669953, "bus_max_v": 19.813199258076075, "bus_tau_mean": 1.4871262011515984, "bus_tau_std": 11.204077434112877, "car_acc": 1.904809653492903, "car_dcc": 2.8003469880030445, "car_lcAssertive": 48.329178165065265, "car_lcCooperative": 0.47400392656219403, "car_lcLookaheadLeft": 80.71000752718862, "car_lcPushy": 0.40239251985773583, "car_lcSublane": 0.904686160343623, "car_max_v": 10.852404102942824, "car_tau_mean": 2.4346858568010465, "car_tau_std": 1.8846207170660823}, "datetime": {"datetime": "2024-08-03 11:11:37", "elapsed": 11.370335, "delta": 0.07025}}
{"target": -0.0779221000814788, "params": {"bus_acc": 1.8118586977205398, "bus_dcc": 3.624884934867694, "bus_lcAssertive": 69.1529119862084, "bus_lcCooperative": 0.5694944127453757, "bus_lcLookaheadLeft": 17.775200807929657, "bus_lcPushy": 0.4668800227633063, "bus_lcSublane": 0.345172051155215, "bus_max_v": 12.9255194515831, "bus_tau_mean": 1.9812796719144918, "bus_tau_std": 4.684047565528754, "car_acc": 2.8326111069367013, "car_dcc": 4.638542099806228, "car_lcAssertive": 26.454711084437424, "car_lcCooperative": 0.1108913007440292, "car_lcLookaheadLeft": 20.91034773787306, "car_lcPushy": 0.49958417067888605, "car_lcSublane": 0.7285856679745962, "car_max_v": 14.788472083402205, "car_tau_mean": 1.1200838959430768, "car_tau_std": 12.775078124045505}, "datetime": {"datetime": "2024-08-03 11:11:37", "elapsed": 11.434477, "delta": 0.064142}}
{"target": -0.05503484126461917, "params": {"bus_acc": 1.9888610889064946, "bus_dcc": 3.244496963139518, "bus_lcAssertive": 28.763955214376114, "bus_lcCooperative": 0.7892793284514885, "bus_lcLookaheadLeft": 12.116148644608918, "bus_lcPushy": 0.44789352617590517, "bus_lcSublane": 0.9085955030930956, "bus_max_v": 13.816983928857834, "bus_tau_mean": 1.2194383464658718, "bus_tau_std": 1.9504285817741651, "car_acc": 1.0387339157405941, "car_dcc": 3.715342131759564, "car_lcAssertive": 21.951183484005846, "car_lcCooperative": 0.2655466593722262, "car_lcLookaheadLeft": 50.174169609473154, "car_lcPushy": 0.053362545117080384, "car_lcSublane": 0.5741176054920131, "car_max_v": 13.374757222833633, "car_tau_mean": 1.9732638422582105, "car_tau_std": 10.496375400313967}, "datetime": {"datetime": "2024-08-03 11:11:37", "elapsed": 11.508284, "delta": 0.073807}}
{"target": -0.10274144182042973, "params": {"bus_acc": 1.1023344288278258, "bus_dcc": 2.242167963458705, "bus_lcAssertive": 69.74561561504676, "bus_lcCooperative": 0.41417926952690265, "bus_lcLookaheadLeft": 6.895438976716542, "bus_lcPushy": 0.5358964059155116, "bus_lcSublane": 0.6637946452197888, "bus_max_v": 16.693558456758012, "bus_tau_mean": 2.861486889977033, "bus_tau_std": 8.798325607529893, "car_acc": 2.8068038305757668, "car_dcc": 1.54989881658495, "car_lcAssertive": 14.788358377825096, "car_lcCooperative": 0.8073912887095238, "car_lcLookaheadLeft": 40.97233002458229, "car_lcPushy": 0.16535419711693278, "car_lcSublane": 0.9275085803960339, "car_max_v": 17.998614774146652, "car_tau_mean": 2.3770302578403886, "car_tau_std": 10.889969780256772}, "datetime": {"datetime": "2024-08-03 11:11:38", "elapsed": 13.10167, "delta": 1.593386}}
{"target": -0.10082715854234055, "params": {"bus_acc": 1.4, "bus_dcc": 3.1, "bus_lcAssertive": 59.9, "bus_lcCooperative": 0.8, "bus_lcLookaheadLeft": 9.8, "bus_lcPushy": 0.8, "bus_lcSublane": 0.1, "bus_max_v": 11.2, "bus_tau_mean": 2.0, "bus_tau_std": 14.9, "car_acc": 2.4, "car_dcc": 2.7, "car_lcAssertive": 49.7, "car_lcCooperative": 0.1, "car_lcLookaheadLeft": 43.0, "car_lcPushy": 0.0, "car_lcSublane": 0.7, "car_max_v": 21.3, "car_tau_mean": 1.7, "car_tau_std": 8.7}, "datetime": {"datetime": "2024-08-03 11:11:48", "elapsed": 22.931883, "delta": 9.830213}}
{"target": -0.0888277585124323, "params": {"bus_acc": 1.8, "bus_dcc": 1.7, "bus_lcAssertive": 93.7, "bus_lcCooperative": 0.2, "bus_lcLookaheadLeft": 87.2, "bus_lcPushy": 0.5, "bus_lcSublane": 0.2, "bus_max_v": 22.9, "bus_tau_mean": 2.2, "bus_tau_std": 10.3, "car_acc": 2.8, "car_dcc": 2.2, "car_lcAssertive": 97.0, "car_lcCooperative": 0.9, "car_lcLookaheadLeft": 8.9, "car_lcPushy": 0.4, "car_lcSublane": 0.8, "car_max_v": 28.3, "car_tau_mean": 2.5, "car_tau_std": 2.8}, "datetime": {"datetime": "2024-08-03 11:11:50", "elapsed": 24.271097, "delta": 1.339214}}
{"target": -0.2660563839561869, "params": {"bus_acc": 1.1, "bus_dcc": 3.0, "bus_lcAssertive": 1.6, "bus_lcCooperative": 0.0, "bus_lcLookaheadLeft": 18.7, "bus_lcPushy": 0.6, "bus_lcSublane": 0.9, "bus_max_v": 12.8, "bus_tau_mean": 2.4, "bus_tau_std": 11.3, "car_acc": 2.7, "car_dcc": 2.1, "car_lcAssertive": 29.2, "car_lcCooperative": 0.3, "car_lcLookaheadLeft": 6.8, "car_lcPushy": 0.8, "car_lcSublane": 0.2, "car_max_v": 20.9, "car_tau_mean": 2.7, "car_tau_std": 3.7}, "datetime": {"datetime": "2024-08-03 11:11:50", "elapsed": 24.839826, "delta": 0.568729}}
{"target": -0.3944061606628422, "params": {"bus_acc": 1.8, "bus_dcc": 2.7, "bus_lcAssertive": 2.5, "bus_lcCooperative": 0.4, "bus_lcLookaheadLeft": 13.6, "bus_lcPushy": 0.2, "bus_lcSublane": 0.4, "bus_max_v": 19.5, "bus_tau_mean": 2.2, "bus_tau_std": 12.6, "car_acc": 2.6, "car_dcc": 2.8, "car_lcAssertive": 24.8, "car_lcCooperative": 0.6, "car_lcLookaheadLeft": 4.7, "car_lcPushy": 0.9, "car_lcSublane": 0.5, "car_max_v": 25.7, "car_tau_mean": 1.4, "car_tau_std": 2.1}, "datetime": {"datetime": "2024-08-03 11:11:51", "elapsed": 25.346861, "delta": 0.507035}}
{"target": -0.12994699428139528, "params": {"bus_acc": 1.1, "bus_dcc": 2.7, "bus_lcAssertive": 95.0, "bus_lcCooperative": 1.0, "bus_lcLookaheadLeft": 45.9, "bus_lcPushy": 0.7, "bus_lcSublane": 0.4, "bus_max_v": 21.1, "bus_tau_mean": 1.2, "bus_tau_std": 10.2, "car_acc": 1.5, "car_dcc": 1.2, "car_lcAssertive": 15.6, "car_lcCooperative": 0.9, "car_lcLookaheadLeft": 9.5, "car_lcPushy": 0.4, "car_lcSublane": 0.2, "car_max_v": 32.4, "car_tau_mean": 2.2, "car_tau_std": 0.6}, "datetime": {"datetime": "2024-08-03 11:11:51", "elapsed": 26.08082, "delta": 0.733959}}
{"target": -0.12191128459773554, "params": {"bus_acc": 1.9, "bus_dcc": 3.2, "bus_lcAssertive": 91.9, "bus_lcCooperative": 0.7, "bus_lcLookaheadLeft": 100.0, "bus_lcPushy": 0.3, "bus_lcSublane": 0.9, "bus_max_v": 19.0, "bus_tau_mean": 1.0, "bus_tau_std": 3.6, "car_acc": 2.1, "car_dcc": 1.2, "car_lcAssertive": 99.6, "car_lcCooperative": 0.3, "car_lcLookaheadLeft": 85.2, "car_lcPushy": 0.6, "car_lcSublane": 0.3, "car_max_v": 21.7, "car_tau_mean": 1.9, "car_tau_std": 10.1}, "datetime": {"datetime": "2024-08-03 11:11:52", "elapsed": 27.173538, "delta": 1.092718}}
{"target": -0.07288427567910184, "params": {"bus_acc": 1.4, "bus_dcc": 3.0, "bus_lcAssertive": 4.8, "bus_lcCooperative": 0.1, "bus_lcLookaheadLeft": 23.4, "bus_lcPushy": 0.9, "bus_lcSublane": 0.9, "bus_max_v": 13.6, "bus_tau_mean": 2.9, "bus_tau_std": 6.7, "car_acc": 1.3, "car_dcc": 2.1, "car_lcAssertive": 14.0, "car_lcCooperative": 0.6, "car_lcLookaheadLeft": 2.9, "car_lcPushy": 0.9, "car_lcSublane": 0.4, "car_max_v": 21.3, "car_tau_mean": 0.5, "car_tau_std": 3.6}, "datetime": {"datetime": "2024-08-03 11:11:53", "elapsed": 27.662741, "delta": 0.489203}}
{"target": -0.06382703004564513, "params": {"bus_acc": 1.8, "bus_dcc": 3.1, "bus_lcAssertive": 31.9, "bus_lcCooperative": 0.4, "bus_lcLookaheadLeft": 26.1, "bus_lcPushy": 0.4, "bus_lcSublane": 0.4, "bus_max_v": 15.4, "bus_tau_mean": 2.1, "bus_tau_std": 11.5, "car_acc": 2.0, "car_dcc": 4.2, "car_lcAssertive": 14.2, "car_lcCooperative": 0.6, "car_lcLookaheadLeft": 2.0, "car_lcPushy": 0.8, "car_lcSublane": 0.2, "car_max_v": 28.5, "car_tau_mean": 1.8, "car_tau_std": 0.7}, "datetime": {"datetime": "2024-08-03 11:11:54", "elapsed": 28.658814, "delta": 0.996073}}
{"target": -0.1937860680522608, "params": {"bus_acc": 1.5, "bus_dcc": 1.8, "bus_lcAssertive": 18.6, "bus_lcCooperative": 0.8, "bus_lcLookaheadLeft": 32.9, "bus_lcPushy": 0.9, "bus_lcSublane": 0.3, "bus_max_v": 19.8, "bus_tau_mean": 1.8, "bus_tau_std": 12.3, "car_acc": 2.1, "car_dcc": 2.2, "car_lcAssertive": 79.0, "car_lcCooperative": 0.4, "car_lcLookaheadLeft": 46.9, "car_lcPushy": 0.6, "car_lcSublane": 0.4, "car_max_v": 25.6, "car_tau_mean": 1.4, "car_tau_std": 9.9}, "datetime": {"datetime": "2024-08-03 11:11:55", "elapsed": 29.814483, "delta": 1.155669}}
{"target": -0.15484040224422793, "params": {"bus_acc": 1.7, "bus_dcc": 2.9, "bus_lcAssertive": 73.1, "bus_lcCooperative": 0.9, "bus_lcLookaheadLeft": 86.5, "bus_lcPushy": 0.9, "bus_lcSublane": 0.0, "bus_max_v": 11.7, "bus_tau_mean": 2.8, "bus_tau_std": 8.6, "car_acc": 1.1, "car_dcc": 1.2, "car_lcAssertive": 62.8, "car_lcCooperative": 0.3, "car_lcLookaheadLeft": 94.7, "car_lcPushy": 0.1, "car_lcSublane": 0.6, "car_max_v": 25.5, "car_tau_mean": 0.8, "car_tau_std": 10.8}, "datetime": {"datetime": "2024-08-03 11:11:57", "elapsed": 31.248811, "delta": 1.434328}}
