{"target": -0.2818768438783883, "params": {"bus_acc": 3.0, "bus_dcc": 2.1611, "bus_lcAssertive": 88.0191, "bus_lcCooperative": 0.2708, "bus_lcLookaheadLeft": 65.8504, "bus_lcPushy": 0.6236, "bus_lcSigma": 0.408, "bus_lcSublane": 0.0503, "bus_sigma": 0.7448, "bus_tau_mean": 4.0, "bus_tau_std": 3.9846, "bus_v_mean": 16.503, "bus_v_std": 6.636, "car_acc": 1.1727, "car_dcc": 2.6497, "car_lcAssertive": 2.5507, "car_lcCooperative": 0.983, "car_lcLookaheadLeft": 63.0891, "car_lcPushy": 0.3841, "car_lcSigma": 0.1467, "car_lcSublane": 0.6969, "car_sigma": 0.9058, "car_tau_mean": 4.0, "car_tau_std": 7.6649, "car_v_mean": 15.0672, "car_v_std": 10.0}, "datetime": {"datetime": "2024-08-07 01:03:02", "elapsed": 309.589993, "delta": 2.874668}}
{"target": -0.3990780251587258, "params": {"bus_acc": 2.2004, "bus_dcc": 1.308, "bus_lcAssertive": 17.8372, "bus_lcCooperative": 0.4294, "bus_lcLookaheadLeft": 53.9963, "bus_lcPushy": 0.8231, "bus_lcSigma": 0.6383, "bus_lcSublane": 0.0075, "bus_sigma": 0.0623, "bus_tau_mean": 0.6642, "bus_tau_std": 4.1351, "bus_v_mean": 13.6805, "bus_v_std": 8.3892, "car_acc": 2.906, "car_dcc": 2.824, "car_lcAssertive": 28.5485, "car_lcCooperative": 0.3892, "car_lcLookaheadLeft": 58.5251, "car_lcPushy": 0.4374, "car_lcSigma": 0.7693, "car_lcSublane": 0.7806, "car_sigma": 0.2138, "car_tau_mean": 1.0868, "car_tau_std": 4.8079, "car_v_mean": 22.8796, "car_v_std": 5.5281}, "datetime": {"datetime": "2024-08-07 01:03:05", "elapsed": 311.991476, "delta": 2.401483}}
{"target": -0.2963873980279659, "params": {"bus_acc": 1.7425, "bus_dcc": 2.1856, "bus_lcAssertive": 30.39, "bus_lcCooperative": 0.4215, "bus_lcLookaheadLeft": 11.069, "bus_lcPushy": 0.87, "bus_lcSigma": 0.3137, "bus_lcSublane": 0.6837, "bus_sigma": 0.3459, "bus_tau_mean": 0.5374, "bus_tau_std": 6.0236, "bus_v_mean": 22.9647, "bus_v_std": 9.0555, "car_acc": 2.1279, "car_dcc": 1.5324, "car_lcAssertive": 80.5106, "car_lcCooperative": 0.806, "car_lcLookaheadLeft": 87.3374, "car_lcPushy": 0.6696, "car_lcSigma": 0.8078, "car_lcSublane": 0.8975, "car_sigma": 0.6794, "car_tau_mean": 2.9033, "car_tau_std": 5.5123, "car_v_mean": 19.5227, "car_v_std": 7.28}, "datetime": {"datetime": "2024-08-07 01:03:11", "elapsed": 318.363092, "delta": 6.371616}}
{"target": -0.3027532400833417, "params": {"bus_acc": 1.81, "bus_dcc": 2.5886, "bus_lcAssertive": 85.7662, "bus_lcCooperative": 0.4851, "bus_lcLookaheadLeft": 63.8106, "bus_lcPushy": 0.6238, "bus_lcSigma": 0.6223, "bus_lcSublane": 0.2646, "bus_sigma": 0.7451, "bus_tau_mean": 1.9625, "bus_tau_std": 4.412, "bus_v_mean": 14.4633, "bus_v_std": 7.0635, "car_acc": 1.6001, "car_dcc": 3.0771, "car_lcAssertive": 2.9542, "car_lcCooperative": 0.9833, "car_lcLookaheadLeft": 61.0733, "car_lcPushy": 0.5984, "car_lcSigma": 0.361, "car_lcSublane": 0.6972, "car_sigma": 0.9061, "car_tau_mean": 2.0408, "car_tau_std": 8.0923, "car_v_mean": 13.0274, "car_v_std": 9.9997}, "datetime": {"datetime": "2024-08-07 01:03:14", "elapsed": 321.653746, "delta": 3.290654}}
{"target": -0.28562458897690046, "params": {"bus_acc": 1.4466, "bus_dcc": 2.458, "bus_lcAssertive": 88.7807, "bus_lcCooperative": 0.1933, "bus_lcLookaheadLeft": 68.2896, "bus_lcPushy": 0.4128, "bus_lcSigma": 0.4971, "bus_lcSublane": 0.3203, "bus_sigma": 0.5118, "bus_tau_mean": 2.4422, "bus_tau_std": 4.8648, "bus_v_mean": 13.5509, "bus_v_std": 6.9323, "car_acc": 1.2812, "car_dcc": 2.6491, "car_lcAssertive": 6.4697, "car_lcCooperative": 0.7744, "car_lcLookaheadLeft": 45.715, "car_lcPushy": 0.4853, "car_lcSigma": 0.4046, "car_lcSublane": 0.6165, "car_sigma": 0.8121, "car_tau_mean": 2.4322, "car_tau_std": 7.5367, "car_v_mean": 14.8439, "car_v_std": 7.256}, "datetime": {"datetime": "2024-08-07 01:03:18", "elapsed": 325.008928, "delta": 3.355182}}
{"target": -0.36835908166428954, "params": {"bus_acc": 2.3453, "bus_dcc": 3.4489, "bus_lcAssertive": 73.1582, "bus_lcCooperative": 0.4647, "bus_lcLookaheadLeft": 38.7161, "bus_lcPushy": 0.8652, "bus_lcSigma": 0.5708, "bus_lcSublane": 0.9236, "bus_sigma": 0.285, "bus_tau_mean": 2.2049, "bus_tau_std": 1.9829, "bus_v_mean": 16.563, "bus_v_std": 4.0235, "car_acc": 2.6536, "car_dcc": 3.2208, "car_lcAssertive": 57.6735, "car_lcCooperative": 0.7246, "car_lcLookaheadLeft": 46.7149, "car_lcPushy": 0.8008, "car_lcSigma": 0.5628, "car_lcSublane": 0.7553, "car_sigma": 0.0686, "car_tau_mean": 3.5716, "car_tau_std": 2.5887, "car_v_mean": 21.7064, "car_v_std": 8.3008}, "datetime": {"datetime": "2024-08-07 01:03:19", "elapsed": 326.61351, "delta": 1.604582}}
{"target": -0.2802800689300289, "params": {"bus_acc": 1.0, "bus_dcc": 1.0, "bus_lcAssertive": 14.6486, "bus_lcCooperative": 0.0, "bus_lcLookaheadLeft": 2.0, "bus_lcPushy": 1.0, "bus_lcSigma": 0.0182, "bus_lcSublane": 0.9997, "bus_sigma": 0.2941, "bus_tau_mean": 0.5, "bus_tau_std": 0.8928, "bus_v_mean": 24.0, "bus_v_std": 10.0, "car_acc": 1.7945, "car_dcc": 1.0, "car_lcAssertive": 75.627, "car_lcCooperative": 1.0, "car_lcLookaheadLeft": 73.1053, "car_lcPushy": 0.7806, "car_lcSigma": 0.6399, "car_lcSublane": 0.9455, "car_sigma": 0.0, "car_tau_mean": 3.0298, "car_tau_std": 4.4013, "car_v_mean": 15.9734, "car_v_std": 10.0}, "datetime": {"datetime": "2024-08-07 01:03:22", "elapsed": 329.371744, "delta": 2.758234}}
{"target": -0.285109513609654, "params": {"bus_acc": 1.0, "bus_dcc": 1.0, "bus_lcAssertive": 12.512, "bus_lcCooperative": 0.0, "bus_lcLookaheadLeft": 9.7884, "bus_lcPushy": 1.0, "bus_lcSigma": 0.1526, "bus_lcSublane": 0.9664, "bus_sigma": 0.3657, "bus_tau_mean": 0.5, "bus_tau_std": 1.1757, "bus_v_mean": 24.0, "bus_v_std": 10.0, "car_acc": 1.9414, "car_dcc": 1.0, "car_lcAssertive": 67.2365, "car_lcCooperative": 1.0, "car_lcLookaheadLeft": 71.9278, "car_lcPushy": 0.6521, "car_lcSigma": 0.5409, "car_lcSublane": 0.8422, "car_sigma": 0.0, "car_tau_mean": 2.8629, "car_tau_std": 4.9616, "car_v_mean": 16.293, "car_v_std": 10.0}, "datetime": {"datetime": "2024-08-07 01:03:25", "elapsed": 331.899795, "delta": 2.528051}}
{"target": -0.3253796856713794, "params": {"bus_acc": 1.8063, "bus_dcc": 2.5849, "bus_lcAssertive": 85.7639, "bus_lcCooperative": 0.4828, "bus_lcLookaheadLeft": 63.8069, "bus_lcPushy": 0.6238, "bus_lcSigma": 0.62, "bus_lcSublane": 0.2623, "bus_sigma": 0.7451, "bus_tau_mean": 1.9588, "bus_tau_std": 4.4083, "bus_v_mean": 14.4596, "bus_v_std": 7.0598, "car_acc": 1.5964, "car_dcc": 3.0734, "car_lcAssertive": 2.9505, "car_lcCooperative": 0.9833, "car_lcLookaheadLeft": 61.0696, "car_lcPushy": 0.5961, "car_lcSigma": 0.3587, "car_lcSublane": 0.6972, "car_sigma": 0.9061, "car_tau_mean": 2.0371, "car_tau_std": 8.0887, "car_v_mean": 13.0237, "car_v_std": 9.996}, "datetime": {"datetime": "2024-08-07 01:03:27", "elapsed": 334.430472, "delta": 2.530677}}
{"target": -0.3499581072298332, "params": {"bus_acc": 1.7734, "bus_dcc": 2.7232, "bus_lcAssertive": 86.4527, "bus_lcCooperative": 0.6073, "bus_lcLookaheadLeft": 6.8958, "bus_lcPushy": 0.5349, "bus_lcSigma": 0.51, "bus_lcSublane": 0.6802, "bus_sigma": 0.7638, "bus_tau_mean": 3.2432, "bus_tau_std": 7.7071, "bus_v_mean": 18.252, "bus_v_std": 7.1244, "car_acc": 2.5349, "car_dcc": 1.9427, "car_lcAssertive": 87.2213, "car_lcCooperative": 0.498, "car_lcLookaheadLeft": 9.5717, "car_lcPushy": 0.4451, "car_lcSigma": 0.691, "car_lcSublane": 0.5694, "car_sigma": 0.7298, "car_tau_mean": 2.9893, "car_tau_std": 7.9486, "car_v_mean": 14.6509, "car_v_std": 9.757}, "datetime": {"datetime": "2024-08-07 01:03:29", "elapsed": 336.527863, "delta": 2.097391}}
{"target": -0.3102210602729149, "params": {"bus_acc": 1.7767, "bus_dcc": 2.5553, "bus_lcAssertive": 85.7488, "bus_lcCooperative": 0.4677, "bus_lcLookaheadLeft": 63.7773, "bus_lcPushy": 0.6236, "bus_lcSigma": 0.6049, "bus_lcSublane": 0.2472, "bus_sigma": 0.7448, "bus_tau_mean": 1.9292, "bus_tau_std": 4.3788, "bus_v_mean": 14.43, "bus_v_std": 7.0302, "car_acc": 1.5669, "car_dcc": 3.0439, "car_lcAssertive": 2.9209, "car_lcCooperative": 0.983, "car_lcLookaheadLeft": 61.0401, "car_lcPushy": 0.581, "car_lcSigma": 0.3436, "car_lcSublane": 0.6969, "car_sigma": 0.9058, "car_tau_mean": 2.0076, "car_tau_std": 8.0591, "car_v_mean": 12.9942, "car_v_std": 9.9664}, "datetime": {"datetime": "2024-08-07 01:03:37", "elapsed": 344.189741, "delta": 7.661878}}
{"target": -0.28053007593821666, "params": {"bus_acc": 1.7895, "bus_dcc": 2.5681, "bus_lcAssertive": 85.7553, "bus_lcCooperative": 0.4743, "bus_lcLookaheadLeft": 63.7901, "bus_lcPushy": 0.6237, "bus_lcSigma": 0.6115, "bus_lcSublane": 0.2538, "bus_sigma": 0.745, "bus_tau_mean": 1.942, "bus_tau_std": 4.3916, "bus_v_mean": 14.4428, "bus_v_std": 7.043, "car_acc": 1.5796, "car_dcc": 3.0566, "car_lcAssertive": 2.9337, "car_lcCooperative": 0.9832, "car_lcLookaheadLeft": 61.0528, "car_lcPushy": 0.5875, "car_lcSigma": 0.3502, "car_lcSublane": 0.697, "car_sigma": 0.9059, "car_tau_mean": 2.0204, "car_tau_std": 8.0719, "car_v_mean": 13.0069, "car_v_std": 9.9358}, "datetime": {"datetime": "2024-08-07 01:03:40", "elapsed": 347.496256, "delta": 3.306515}}
{"target": -0.2668163018972973, "params": {"bus_acc": 1.8153, "bus_dcc": 2.5939, "bus_lcAssertive": 85.7684, "bus_lcCooperative": 0.4874, "bus_lcLookaheadLeft": 63.8159, "bus_lcPushy": 0.6236, "bus_lcSigma": 0.6246, "bus_lcSublane": 0.2668, "bus_sigma": 0.7448, "bus_tau_mean": 1.9678, "bus_tau_std": 4.4173, "bus_v_mean": 14.4686, "bus_v_std": 7.0688, "car_acc": 1.6054, "car_dcc": 3.0824, "car_lcAssertive": 2.9595, "car_lcCooperative": 0.983, "car_lcLookaheadLeft": 61.0786, "car_lcPushy": 0.6006, "car_lcSigma": 0.3633, "car_lcSublane": 0.6969, "car_sigma": 0.9058, "car_tau_mean": 2.0461, "car_tau_std": 8.0976, "car_v_mean": 13.0327, "car_v_std": 10.0}, "datetime": {"datetime": "2024-08-07 01:03:44", "elapsed": 350.944662, "delta": 3.448406}}
{"target": -0.35043754436624663, "params": {"bus_acc": 1.7815, "bus_dcc": 2.5601, "bus_lcAssertive": 85.7514, "bus_lcCooperative": 0.4703, "bus_lcLookaheadLeft": 63.7821, "bus_lcPushy": 0.6237, "bus_lcSigma": 0.6075, "bus_lcSublane": 0.2498, "bus_sigma": 0.745, "bus_tau_mean": 1.934, "bus_tau_std": 4.3835, "bus_v_mean": 14.4348, "bus_v_std": 7.035, "car_acc": 1.5716, "car_dcc": 3.0486, "car_lcAssertive": 2.9257, "car_lcCooperative": 0.9832, "car_lcLookaheadLeft": 61.0448, "car_lcPushy": 0.5836, "car_lcSigma": 0.3462, "car_lcSublane": 0.697, "car_sigma": 0.9059, "car_tau_mean": 2.0123, "car_tau_std": 8.0639, "car_v_mean": 12.9989, "car_v_std": 9.9712}, "datetime": {"datetime": "2024-08-07 01:03:45", "elapsed": 352.618911, "delta": 1.674249}}
{"target": -0.27843009461165336, "params": {"bus_acc": 2.8563, "bus_dcc": 2.5509, "bus_lcAssertive": 89.8966, "bus_lcCooperative": 0.7451, "bus_lcLookaheadLeft": 65.1762, "bus_lcPushy": 0.5352, "bus_lcSigma": 0.421, "bus_lcSublane": 0.031, "bus_sigma": 0.758, "bus_tau_mean": 1.0916, "bus_tau_std": 1.8476, "bus_v_mean": 11.1401, "bus_v_std": 9.5462, "car_acc": 1.4287, "car_dcc": 2.4198, "car_lcAssertive": 6.7582, "car_lcCooperative": 0.9889, "car_lcLookaheadLeft": 58.3653, "car_lcPushy": 0.7799, "car_lcSigma": 0.1147, "car_lcSublane": 0.9878, "car_sigma": 0.2832, "car_tau_mean": 3.899, "car_tau_std": 6.6481, "car_v_mean": 11.29, "car_v_std": 8.6714}, "datetime": {"datetime": "2024-08-07 01:03:49", "elapsed": 356.731308, "delta": 4.112397}}
{"target": -0.3395614805885641, "params": {"bus_acc": 1.8543, "bus_dcc": 2.1611, "bus_lcAssertive": 85.5519, "bus_lcCooperative": 0.2708, "bus_lcLookaheadLeft": 63.8552, "bus_lcPushy": 0.6236, "bus_lcSigma": 0.0, "bus_lcSublane": 0.0503, "bus_sigma": 0.7448, "bus_tau_mean": 2.0067, "bus_tau_std": 3.9846, "bus_v_mean": 14.5079, "bus_v_std": 7.1077, "car_acc": 1.6447, "car_dcc": 3.1214, "car_lcAssertive": 2.9985, "car_lcCooperative": 0.983, "car_lcLookaheadLeft": 61.1179, "car_lcPushy": 0.0, "car_lcSigma": 0.1467, "car_lcSublane": 0.6969, "car_sigma": 0.9058, "car_tau_mean": 2.0854, "car_tau_std": 8.1366, "car_v_mean": 13.072, "car_v_std": 10.0}, "datetime": {"datetime": "2024-08-07 01:03:52", "elapsed": 359.244314, "delta": 2.513006}}
{"target": -0.27810476923514127, "params": {"bus_acc": 1.8034, "bus_dcc": 2.5819, "bus_lcAssertive": 85.7624, "bus_lcCooperative": 0.4813, "bus_lcLookaheadLeft": 63.804, "bus_lcPushy": 0.6234, "bus_lcSigma": 0.6185, "bus_lcSublane": 0.2608, "bus_sigma": 0.7447, "bus_tau_mean": 1.9558, "bus_tau_std": 4.4054, "bus_v_mean": 14.4566, "bus_v_std": 7.0568, "car_acc": 1.5935, "car_dcc": 3.0705, "car_lcAssertive": 2.9476, "car_lcCooperative": 0.9829, "car_lcLookaheadLeft": 61.0667, "car_lcPushy": 0.5946, "car_lcSigma": 0.3572, "car_lcSublane": 0.6967, "car_sigma": 0.9057, "car_tau_mean": 2.0342, "car_tau_std": 8.0857, "car_v_mean": 13.0208, "car_v_std": 9.9931}, "datetime": {"datetime": "2024-08-07 01:03:55", "elapsed": 362.307674, "delta": 3.06336}}
{"target": -0.312802442138123, "params": {"bus_acc": 1.7861, "bus_dcc": 2.5647, "bus_lcAssertive": 85.7536, "bus_lcCooperative": 0.4725, "bus_lcLookaheadLeft": 63.7867, "bus_lcPushy": 0.6237, "bus_lcSigma": 0.6097, "bus_lcSublane": 0.252, "bus_sigma": 0.745, "bus_tau_mean": 1.9386, "bus_tau_std": 4.3881, "bus_v_mean": 14.4394, "bus_v_std": 7.0396, "car_acc": 1.5762, "car_dcc": 3.0532, "car_lcAssertive": 2.9303, "car_lcCooperative": 0.9832, "car_lcLookaheadLeft": 61.0494, "car_lcPushy": 0.5858, "car_lcSigma": 0.3484, "car_lcSublane": 0.697, "car_sigma": 0.9059, "car_tau_mean": 2.0169, "car_tau_std": 8.0685, "car_v_mean": 13.0035, "car_v_std": 9.9623}, "datetime": {"datetime": "2024-08-07 01:03:59", "elapsed": 365.815909, "delta": 3.508235}}
{"target": -0.2823676167595058, "params": {"bus_acc": 1.808, "bus_dcc": 2.5866, "bus_lcAssertive": 85.7651, "bus_lcCooperative": 0.484, "bus_lcLookaheadLeft": 63.8086, "bus_lcPushy": 0.6237, "bus_lcSigma": 0.6212, "bus_lcSublane": 0.2635, "bus_sigma": 0.745, "bus_tau_mean": 1.9605, "bus_tau_std": 4.41, "bus_v_mean": 14.4612, "bus_v_std": 7.0614, "car_acc": 1.5981, "car_dcc": 3.0751, "car_lcAssertive": 2.9522, "car_lcCooperative": 0.9832, "car_lcLookaheadLeft": 61.0713, "car_lcPushy": 0.5973, "car_lcSigma": 0.3599, "car_lcSublane": 0.697, "car_sigma": 0.906, "car_tau_mean": 2.0388, "car_tau_std": 8.0903, "car_v_mean": 13.0254, "car_v_std": 9.9977}, "datetime": {"datetime": "2024-08-07 01:04:01", "elapsed": 368.554184, "delta": 2.738275}}
{"target": -0.33281261811386154, "params": {"bus_acc": 1.3964, "bus_dcc": 2.175, "bus_lcAssertive": 85.5658, "bus_lcCooperative": 0.2847, "bus_lcLookaheadLeft": 66.3855, "bus_lcPushy": 0.6374, "bus_lcSigma": 0.4219, "bus_lcSublane": 0.0642, "bus_sigma": 0.7587, "bus_tau_mean": 1.5489, "bus_tau_std": 3.9985, "bus_v_mean": 14.0497, "bus_v_std": 8.1441, "car_acc": 1.1866, "car_dcc": 2.6636, "car_lcAssertive": 2.5407, "car_lcCooperative": 0.9969, "car_lcLookaheadLeft": 63.6482, "car_lcPushy": 0.398, "car_lcSigma": 0.1606, "car_lcSublane": 0.7108, "car_sigma": 0.9197, "car_tau_mean": 1.6273, "car_tau_std": 7.6788, "car_v_mean": 12.6139, "car_v_std": 10.0}, "datetime": {"datetime": "2024-08-07 01:04:03", "elapsed": 370.256324, "delta": 1.70214}}
{"target": -0.33599565395629355, "params": {"bus_acc": 1.6702, "bus_dcc": 3.1016, "bus_lcAssertive": 97.2706, "bus_lcCooperative": 0.3339, "bus_lcLookaheadLeft": 17.062, "bus_lcPushy": 0.5555, "bus_lcSigma": 0.3928, "bus_lcSublane": 0.6058, "bus_sigma": 0.5566, "bus_tau_mean": 3.0636, "bus_tau_std": 6.8368, "bus_v_mean": 9.7302, "bus_v_std": 1.0395, "car_acc": 1.5907, "car_dcc": 2.1254, "car_lcAssertive": 41.6433, "car_lcCooperative": 0.6355, "car_lcLookaheadLeft": 75.2236, "car_lcPushy": 0.5834, "car_lcSigma": 0.4707, "car_lcSublane": 0.58, "car_sigma": 0.8448, "car_tau_mean": 1.3915, "car_tau_std": 7.2768, "car_v_mean": 16.0819, "car_v_std": 6.9731}, "datetime": {"datetime": "2024-08-07 01:04:06", "elapsed": 373.600396, "delta": 3.344072}}
{"target": -0.27730707717322123, "params": {"bus_acc": 3.0, "bus_dcc": 2.1381, "bus_lcAssertive": 88.0192, "bus_lcCooperative": 0.2478, "bus_lcLookaheadLeft": 65.8505, "bus_lcPushy": 0.6005, "bus_lcSigma": 0.385, "bus_lcSublane": 0.0273, "bus_sigma": 0.7218, "bus_tau_mean": 3.9793, "bus_tau_std": 3.9615, "bus_v_mean": 14.0128, "bus_v_std": 6.613, "car_acc": 3.0, "car_dcc": 2.6266, "car_lcAssertive": 2.5037, "car_lcCooperative": 0.96, "car_lcLookaheadLeft": 63.1132, "car_lcPushy": 0.3611, "car_lcSigma": 0.1237, "car_lcSublane": 0.6738, "car_sigma": 0.8828, "car_tau_mean": 4.0, "car_tau_std": 7.6419, "car_v_mean": 15.0442, "car_v_std": 9.5492}, "datetime": {"datetime": "2024-08-07 01:04:08", "elapsed": 375.472382, "delta": 1.871986}}
{"target": -0.3207699759661619, "params": {"bus_acc": 1.8053, "bus_dcc": 2.5838, "bus_lcAssertive": 85.7635, "bus_lcCooperative": 0.4824, "bus_lcLookaheadLeft": 63.8059, "bus_lcPushy": 0.6236, "bus_lcSigma": 0.6196, "bus_lcSublane": 0.2619, "bus_sigma": 0.7448, "bus_tau_mean": 1.9578, "bus_tau_std": 4.4073, "bus_v_mean": 14.4585, "bus_v_std": 7.0587, "car_acc": 1.5954, "car_dcc": 3.0724, "car_lcAssertive": 2.9495, "car_lcCooperative": 0.983, "car_lcLookaheadLeft": 61.0686, "car_lcPushy": 0.5957, "car_lcSigma": 0.3583, "car_lcSublane": 0.6969, "car_sigma": 0.9058, "car_tau_mean": 2.0361, "car_tau_std": 8.0876, "car_v_mean": 13.0227, "car_v_std": 9.995}, "datetime": {"datetime": "2024-08-07 01:04:12", "elapsed": 379.354984, "delta": 3.882602}}
{"target": -0.30467045139901644, "params": {"bus_acc": 1.7893, "bus_dcc": 2.5679, "bus_lcAssertive": 85.7552, "bus_lcCooperative": 0.4743, "bus_lcLookaheadLeft": 63.7899, "bus_lcPushy": 0.6236, "bus_lcSigma": 0.6115, "bus_lcSublane": 0.2538, "bus_sigma": 0.7448, "bus_tau_mean": 1.9418, "bus_tau_std": 4.3913, "bus_v_mean": 14.4426, "bus_v_std": 7.0428, "car_acc": 1.5794, "car_dcc": 3.0564, "car_lcAssertive": 2.9335, "car_lcCooperative": 0.983, "car_lcLookaheadLeft": 61.0526, "car_lcPushy": 0.5876, "car_lcSigma": 0.3502, "car_lcSublane": 0.6969, "car_sigma": 0.9058, "car_tau_mean": 2.0201, "car_tau_std": 8.0717, "car_v_mean": 13.0067, "car_v_std": 9.9457}, "datetime": {"datetime": "2024-08-07 01:04:16", "elapsed": 382.829881, "delta": 3.474897}}
{"target": -0.29932135433555157, "params": {"bus_acc": 1.8179, "bus_dcc": 2.584, "bus_lcAssertive": 85.7566, "bus_lcCooperative": 0.4931, "bus_lcLookaheadLeft": 63.7925, "bus_lcPushy": 0.6234, "bus_lcSigma": 0.638, "bus_lcSublane": 0.26, "bus_sigma": 0.7447, "bus_tau_mean": 1.9444, "bus_tau_std": 4.394, "bus_v_mean": 14.4452, "bus_v_std": 7.0454, "car_acc": 1.5962, "car_dcc": 3.1002, "car_lcAssertive": 2.9361, "car_lcCooperative": 0.9829, "car_lcLookaheadLeft": 61.0552, "car_lcPushy": 0.6127, "car_lcSigma": 0.3619, "car_lcSublane": 0.6967, "car_sigma": 0.9057, "car_tau_mean": 2.0228, "car_tau_std": 8.0743, "car_v_mean": 13.0093, "car_v_std": 9.9994}, "datetime": {"datetime": "2024-08-07 01:04:18", "elapsed": 385.065613, "delta": 2.235732}}
{"target": -0.2857547515568542, "params": {"bus_acc": 2.1565, "bus_dcc": 2.6176, "bus_lcAssertive": 92.5973, "bus_lcCooperative": 0.4017, "bus_lcLookaheadLeft": 62.0318, "bus_lcPushy": 0.3769, "bus_lcSigma": 0.3963, "bus_lcSublane": 0.1379, "bus_sigma": 0.4438, "bus_tau_mean": 2.4707, "bus_tau_std": 2.7108, "bus_v_mean": 13.6749, "bus_v_std": 7.5277, "car_acc": 1.8183, "car_dcc": 2.7664, "car_lcAssertive": 12.596, "car_lcCooperative": 0.665, "car_lcLookaheadLeft": 55.333, "car_lcPushy": 0.6882, "car_lcSigma": 0.2456, "car_lcSublane": 0.4983, "car_sigma": 0.5914, "car_tau_mean": 2.4331, "car_tau_std": 6.0417, "car_v_mean": 12.0234, "car_v_std": 6.9252}, "datetime": {"datetime": "2024-08-07 01:04:20", "elapsed": 387.160378, "delta": 2.094765}}
{"target": -0.29504943000609707, "params": {"bus_acc": 1.6481, "bus_dcc": 2.4266, "bus_lcAssertive": 85.8174, "bus_lcCooperative": 0.5364, "bus_lcLookaheadLeft": 63.9135, "bus_lcPushy": 0.8891, "bus_lcSigma": 0.9384, "bus_lcSublane": 0.5807, "bus_sigma": 1.0, "bus_tau_mean": 1.8005, "bus_tau_std": 4.2501, "bus_v_mean": 14.5662, "bus_v_std": 7.1663, "car_acc": 1.4382, "car_dcc": 2.9152, "car_lcAssertive": 2.7923, "car_lcCooperative": 1.0, "car_lcLookaheadLeft": 61.1762, "car_lcPushy": 0.9144, "car_lcSigma": 0.6771, "car_lcSublane": 0.9624, "car_sigma": 1.0, "car_tau_mean": 1.8789, "car_tau_std": 8.1955, "car_v_mean": 13.1303, "car_v_std": 10.0}, "datetime": {"datetime": "2024-08-07 01:04:22", "elapsed": 389.297898, "delta": 2.13752}}
{"target": -0.3082522634682523, "params": {"bus_acc": 1.8026, "bus_dcc": 2.5812, "bus_lcAssertive": 85.7619, "bus_lcCooperative": 0.4808, "bus_lcLookaheadLeft": 63.8032, "bus_lcPushy": 0.6234, "bus_lcSigma": 0.618, "bus_lcSublane": 0.2603, "bus_sigma": 0.7447, "bus_tau_mean": 1.9551, "bus_tau_std": 4.4046, "bus_v_mean": 14.4559, "bus_v_std": 7.0561, "car_acc": 1.5927, "car_dcc": 3.0697, "car_lcAssertive": 2.9468, "car_lcCooperative": 0.9829, "car_lcLookaheadLeft": 61.0659, "car_lcPushy": 0.5941, "car_lcSigma": 0.3567, "car_lcSublane": 0.6967, "car_sigma": 0.9057, "car_tau_mean": 2.0334, "car_tau_std": 8.085, "car_v_mean": 13.02, "car_v_std": 9.9923}, "datetime": {"datetime": "2024-08-07 01:04:33", "elapsed": 400.15766, "delta": 10.859762}}
{"target": -0.30659594577271254, "params": {"bus_acc": 1.9243, "bus_dcc": 2.7032, "bus_lcAssertive": 86.0933, "bus_lcCooperative": 0.5419, "bus_lcLookaheadLeft": 63.9252, "bus_lcPushy": 1.0, "bus_lcSigma": 0.9495, "bus_lcSublane": 0.5917, "bus_sigma": 1.0, "bus_tau_mean": 2.0771, "bus_tau_std": 4.5263, "bus_v_mean": 14.3068, "bus_v_std": 6.9067, "car_acc": 1.7147, "car_dcc": 3.1914, "car_lcAssertive": 3.0685, "car_lcCooperative": 1.0, "car_lcLookaheadLeft": 60.9166, "car_lcPushy": 0.9255, "car_lcSigma": 0.6882, "car_lcSublane": 1.0, "car_sigma": 1.0, "car_tau_mean": 2.1554, "car_tau_std": 7.9356, "car_v_mean": 12.871, "car_v_std": 9.8433}, "datetime": {"datetime": "2024-08-07 01:04:35", "elapsed": 402.394314, "delta": 2.236654}}
