{"target": -0.040179883041931964, "params": {"bus_acc": 2.28, "bus_dcc": 1.32, "bus_lcAssertive": 71.73, "bus_lcCooperative": 0.59, "bus_lcLookaheadLeft": 71.31, "bus_lcPushy": 0.09, "bus_lcSublane": 0.78, "bus_max_v": 13.69, "bus_tau_mean": 1.77, "bus_tau_std": 6.48, "car_acc": 1.09, "car_dcc": 2.15, "car_lcAssertive": 63.13, "car_lcCooperative": 0.9, "car_lcLookaheadLeft": 20.67, "car_lcPushy": 0.8, "car_lcSublane": 0.06, "car_max_v": 16.94, "car_tau_mean": 0.91, "car_tau_std": 4.89}, "datetime": {"datetime": "2024-08-03 22:05:26", "elapsed": 2158.513232, "delta": 15.796186}}
{"target": -0.045181047112756494, "params": {"bus_acc": 1.96, "bus_dcc": 3.49, "bus_lcAssertive": 71.87, "bus_lcCooperative": 0.64, "bus_lcLookaheadLeft": 82.48, "bus_lcPushy": 0.63, "bus_lcSublane": 0.25, "bus_max_v": 16.08, "bus_tau_mean": 1.29, "bus_tau_std": 8.41, "car_acc": 2.12, "car_dcc": 1.4, "car_lcAssertive": 7.32, "car_lcCooperative": 0.32, "car_lcLookaheadLeft": 84.59, "car_lcPushy": 0.58, "car_lcSublane": 0.54, "car_max_v": 14.26, "car_tau_mean": 3.37, "car_tau_std": 0.92}, "datetime": {"datetime": "2024-08-03 22:05:28", "elapsed": 2160.651014, "delta": 2.137782}}
{"target": -0.049086421068490725, "params": {"bus_acc": 1.2, "bus_dcc": 1.46, "bus_lcAssertive": 3.43, "bus_lcCooperative": 0.99, "bus_lcLookaheadLeft": 75.77, "bus_lcPushy": 0.1, "bus_lcSublane": 0.96, "bus_max_v": 19.88, "bus_tau_mean": 2.81, "bus_tau_std": 6.88, "car_acc": 2.63, "car_dcc": 2.89, "car_lcAssertive": 28.68, "car_lcCooperative": 0.79, "car_lcLookaheadLeft": 76.67, "car_lcPushy": 0.39, "car_lcSublane": 0.02, "car_max_v": 21.33, "car_tau_mean": 3.55, "car_tau_std": 0.64}, "datetime": {"datetime": "2024-08-03 22:05:31", "elapsed": 2163.65155, "delta": 3.000536}}
{"target": -0.0518862204143524, "params": {"bus_acc": 2.44, "bus_dcc": 3.47, "bus_lcAssertive": 88.22, "bus_lcCooperative": 1.0, "bus_lcLookaheadLeft": 26.83, "bus_lcPushy": 0.43, "bus_lcSublane": 0.62, "bus_max_v": 10.71, "bus_tau_mean": 2.14, "bus_tau_std": 5.94, "car_acc": 1.88, "car_dcc": 2.27, "car_lcAssertive": 24.23, "car_lcCooperative": 0.25, "car_lcLookaheadLeft": 55.12, "car_lcPushy": 0.17, "car_lcSublane": 0.04, "car_max_v": 24.51, "car_tau_mean": 2.37, "car_tau_std": 7.31}, "datetime": {"datetime": "2024-08-03 22:05:33", "elapsed": 2165.825113, "delta": 2.173563}}
{"target": -0.04092584068672678, "params": {"bus_acc": 2.34, "bus_dcc": 3.96, "bus_lcAssertive": 39.83, "bus_lcCooperative": 0.05, "bus_lcLookaheadLeft": 40.81, "bus_lcPushy": 0.87, "bus_lcSublane": 0.59, "bus_max_v": 19.37, "bus_tau_mean": 0.9, "bus_tau_std": 1.76, "car_acc": 1.58, "car_dcc": 1.63, "car_lcAssertive": 85.81, "car_lcCooperative": 0.21, "car_lcLookaheadLeft": 95.63, "car_lcPushy": 0.05, "car_lcSublane": 0.69, "car_max_v": 7.87, "car_tau_mean": 2.24, "car_tau_std": 7.47}, "datetime": {"datetime": "2024-08-03 22:05:36", "elapsed": 2169.304293, "delta": 3.47918}}
{"target": -0.05646024006940237, "params": {"bus_acc": 1.92, "bus_dcc": 2.08, "bus_lcAssertive": 53.26, "bus_lcCooperative": 0.6, "bus_lcLookaheadLeft": 61.52, "bus_lcPushy": 0.24, "bus_lcSublane": 0.99, "bus_max_v": 12.59, "bus_tau_mean": 1.99, "bus_tau_std": 5.94, "car_acc": 2.8, "car_dcc": 3.6, "car_lcAssertive": 34.28, "car_lcCooperative": 0.01, "car_lcLookaheadLeft": 33.49, "car_lcPushy": 0.85, "car_lcSublane": 0.2, "car_max_v": 24.92, "car_tau_mean": 1.04, "car_tau_std": 9.53}, "datetime": {"datetime": "2024-08-03 22:05:40", "elapsed": 2172.567631, "delta": 3.263338}}
{"target": -0.0495409409454357, "params": {"bus_acc": 1.78, "bus_dcc": 3.23, "bus_lcAssertive": 21.59, "bus_lcCooperative": 0.63, "bus_lcLookaheadLeft": 9.28, "bus_lcPushy": 0.58, "bus_lcSublane": 0.78, "bus_max_v": 22.23, "bus_tau_mean": 2.33, "bus_tau_std": 0.83, "car_acc": 2.59, "car_dcc": 1.59, "car_lcAssertive": 62.0, "car_lcCooperative": 0.06, "car_lcLookaheadLeft": 47.51, "car_lcPushy": 0.97, "car_lcSublane": 0.08, "car_max_v": 13.98, "car_tau_mean": 3.26, "car_tau_std": 9.57}, "datetime": {"datetime": "2024-08-03 22:05:43", "elapsed": 2176.129347, "delta": 3.561716}}
{"target": -0.04313214508153657, "params": {"bus_acc": 2.0, "bus_dcc": 3.88, "bus_lcAssertive": 57.77, "bus_lcCooperative": 0.67, "bus_lcLookaheadLeft": 65.38, "bus_lcPushy": 0.91, "bus_lcSublane": 0.63, "bus_max_v": 16.26, "bus_tau_mean": 2.9, "bus_tau_std": 4.12, "car_acc": 1.89, "car_dcc": 3.83, "car_lcAssertive": 27.07, "car_lcCooperative": 0.32, "car_lcLookaheadLeft": 74.24, "car_lcPushy": 0.64, "car_lcSublane": 0.45, "car_max_v": 6.15, "car_tau_mean": 0.82, "car_tau_std": 8.59}, "datetime": {"datetime": "2024-08-03 22:05:47", "elapsed": 2180.355482, "delta": 4.226135}}
{"target": -0.07206288029991295, "params": {"bus_acc": 2.64, "bus_dcc": 3.04, "bus_lcAssertive": 97.94, "bus_lcCooperative": 0.16, "bus_lcLookaheadLeft": 90.47, "bus_lcPushy": 0.24, "bus_lcSublane": 0.71, "bus_max_v": 6.74, "bus_tau_mean": 3.91, "bus_tau_std": 7.61, "car_acc": 1.31, "car_dcc": 3.53, "car_lcAssertive": 67.45, "car_lcCooperative": 0.07, "car_lcLookaheadLeft": 85.18, "car_lcPushy": 1.0, "car_lcSublane": 0.77, "car_max_v": 10.97, "car_tau_mean": 2.3, "car_tau_std": 7.17}, "datetime": {"datetime": "2024-08-03 22:05:49", "elapsed": 2182.148168, "delta": 1.792686}}
{"target": -0.04457026933684646, "params": {"bus_acc": 1.73, "bus_dcc": 3.32, "bus_lcAssertive": 12.17, "bus_lcCooperative": 0.21, "bus_lcLookaheadLeft": 48.59, "bus_lcPushy": 0.31, "bus_lcSublane": 0.8, "bus_max_v": 9.49, "bus_tau_mean": 2.51, "bus_tau_std": 8.22, "car_acc": 2.77, "car_dcc": 2.58, "car_lcAssertive": 12.29, "car_lcCooperative": 0.1, "car_lcLookaheadLeft": 45.94, "car_lcPushy": 0.88, "car_lcSublane": 0.91, "car_max_v": 5.88, "car_tau_mean": 1.12, "car_tau_std": 4.64}, "datetime": {"datetime": "2024-08-03 22:05:52", "elapsed": 2185.38468, "delta": 3.236512}}
{"target": -0.06571162200990971, "params": {"bus_acc": 1.99, "bus_dcc": 3.6, "bus_lcAssertive": 40.76, "bus_lcCooperative": 0.65, "bus_lcLookaheadLeft": 70.5, "bus_lcPushy": 0.97, "bus_lcSublane": 0.9, "bus_max_v": 9.56, "bus_tau_mean": 2.82, "bus_tau_std": 5.93, "car_acc": 2.34, "car_dcc": 1.12, "car_lcAssertive": 97.33, "car_lcCooperative": 0.04, "car_lcLookaheadLeft": 26.5, "car_lcPushy": 0.55, "car_lcSublane": 0.75, "car_max_v": 16.35, "car_tau_mean": 1.39, "car_tau_std": 2.74}, "datetime": {"datetime": "2024-08-03 22:05:55", "elapsed": 2187.519937, "delta": 2.135257}}
{"target": -0.0400640600507439, "params": {"bus_acc": 1.09, "bus_dcc": 3.59, "bus_lcAssertive": 16.23, "bus_lcCooperative": 0.4, "bus_lcLookaheadLeft": 35.22, "bus_lcPushy": 0.66, "bus_lcSublane": 0.18, "bus_max_v": 10.84, "bus_tau_mean": 3.62, "bus_tau_std": 0.19, "car_acc": 1.63, "car_dcc": 1.68, "car_lcAssertive": 96.96, "car_lcCooperative": 0.61, "car_lcLookaheadLeft": 87.7, "car_lcPushy": 0.04, "car_lcSublane": 0.8, "car_max_v": 9.7, "car_tau_mean": 3.07, "car_tau_std": 1.49}, "datetime": {"datetime": "2024-08-03 22:06:06", "elapsed": 2198.915934, "delta": 11.395997}}
{"target": -0.030169713618496755, "params": {"bus_acc": 2.78, "bus_dcc": 2.08, "bus_lcAssertive": 10.26, "bus_lcCooperative": 0.48, "bus_lcLookaheadLeft": 40.19, "bus_lcPushy": 0.78, "bus_lcSublane": 0.3, "bus_max_v": 22.36, "bus_tau_mean": 0.97, "bus_tau_std": 8.63, "car_acc": 1.13, "car_dcc": 2.47, "car_lcAssertive": 51.55, "car_lcCooperative": 0.53, "car_lcLookaheadLeft": 11.31, "car_lcPushy": 0.18, "car_lcSublane": 0.96, "car_max_v": 10.33, "car_tau_mean": 3.5, "car_tau_std": 0.15}, "datetime": {"datetime": "2024-08-03 22:06:11", "elapsed": 2203.461318, "delta": 4.545384}}
{"target": -0.05386885648713328, "params": {"bus_acc": 1.9, "bus_dcc": 2.5, "bus_lcAssertive": 88.82, "bus_lcCooperative": 0.9, "bus_lcLookaheadLeft": 46.99, "bus_lcPushy": 0.51, "bus_lcSublane": 0.93, "bus_max_v": 18.73, "bus_tau_mean": 0.86, "bus_tau_std": 6.12, "car_acc": 2.43, "car_dcc": 2.24, "car_lcAssertive": 74.88, "car_lcCooperative": 0.45, "car_lcLookaheadLeft": 3.33, "car_lcPushy": 0.14, "car_lcSublane": 0.68, "car_max_v": 17.19, "car_tau_mean": 3.02, "car_tau_std": 3.13}, "datetime": {"datetime": "2024-08-03 22:06:36", "elapsed": 2228.926011, "delta": 25.464693}}
{"target": -0.06826082501725525, "params": {"bus_acc": 2.02, "bus_dcc": 2.13, "bus_lcAssertive": 13.51, "bus_lcCooperative": 0.94, "bus_lcLookaheadLeft": 87.62, "bus_lcPushy": 0.02, "bus_lcSublane": 0.89, "bus_max_v": 7.5, "bus_tau_mean": 0.71, "bus_tau_std": 8.62, "car_acc": 2.66, "car_dcc": 3.7, "car_lcAssertive": 36.29, "car_lcCooperative": 1.0, "car_lcLookaheadLeft": 71.06, "car_lcPushy": 0.4, "car_lcSublane": 0.3, "car_max_v": 16.21, "car_tau_mean": 2.18, "car_tau_std": 2.56}, "datetime": {"datetime": "2024-08-03 22:06:40", "elapsed": 2232.569874, "delta": 3.643863}}
{"target": -0.1548302786043191, "params": {"bus_acc": 2.5, "bus_dcc": 3.76, "bus_lcAssertive": 65.56, "bus_lcCooperative": 0.84, "bus_lcLookaheadLeft": 9.46, "bus_lcPushy": 0.03, "bus_lcSublane": 0.24, "bus_max_v": 5.89, "bus_tau_mean": 1.91, "bus_tau_std": 1.06, "car_acc": 2.81, "car_dcc": 2.2, "car_lcAssertive": 95.74, "car_lcCooperative": 0.49, "car_lcLookaheadLeft": 42.94, "car_lcPushy": 0.95, "car_lcSublane": 0.7, "car_max_v": 21.97, "car_tau_mean": 0.69, "car_tau_std": 2.57}, "datetime": {"datetime": "2024-08-03 22:06:53", "elapsed": 2245.99097, "delta": 13.421096}}
{"target": -0.057004991667524645, "params": {"bus_acc": 1.83, "bus_dcc": 2.99, "bus_lcAssertive": 52.36, "bus_lcCooperative": 0.42, "bus_lcLookaheadLeft": 98.42, "bus_lcPushy": 0.77, "bus_lcSublane": 0.81, "bus_max_v": 23.09, "bus_tau_mean": 1.79, "bus_tau_std": 1.9, "car_acc": 1.95, "car_dcc": 2.65, "car_lcAssertive": 73.74, "car_lcCooperative": 0.84, "car_lcLookaheadLeft": 73.13, "car_lcPushy": 0.7, "car_lcSublane": 0.98, "car_max_v": 23.92, "car_tau_mean": 2.28, "car_tau_std": 9.25}, "datetime": {"datetime": "2024-08-03 22:07:01", "elapsed": 2253.792408, "delta": 7.801438}}
{"target": -0.04398261505356541, "params": {"bus_acc": 1.73, "bus_dcc": 2.87, "bus_lcAssertive": 45.29, "bus_lcCooperative": 0.87, "bus_lcLookaheadLeft": 52.33, "bus_lcPushy": 0.97, "bus_lcSublane": 0.58, "bus_max_v": 20.75, "bus_tau_mean": 2.77, "bus_tau_std": 3.75, "car_acc": 2.99, "car_dcc": 2.05, "car_lcAssertive": 28.94, "car_lcCooperative": 0.07, "car_lcLookaheadLeft": 98.52, "car_lcPushy": 0.41, "car_lcSublane": 0.01, "car_max_v": 7.09, "car_tau_mean": 3.38, "car_tau_std": 6.83}, "datetime": {"datetime": "2024-08-03 22:07:03", "elapsed": 2256.064029, "delta": 2.271621}}
{"target": -0.06231321956707935, "params": {"bus_acc": 1.49, "bus_dcc": 2.0, "bus_lcAssertive": 7.95, "bus_lcCooperative": 0.1, "bus_lcLookaheadLeft": 66.34, "bus_lcPushy": 0.53, "bus_lcSublane": 0.28, "bus_max_v": 9.55, "bus_tau_mean": 2.62, "bus_tau_std": 4.75, "car_acc": 2.35, "car_dcc": 3.83, "car_lcAssertive": 77.5, "car_lcCooperative": 0.43, "car_lcLookaheadLeft": 40.24, "car_lcPushy": 0.07, "car_lcSublane": 0.46, "car_max_v": 20.66, "car_tau_mean": 3.97, "car_tau_std": 9.87}, "datetime": {"datetime": "2024-08-03 22:07:08", "elapsed": 2261.006927, "delta": 4.942898}}
{"target": -0.05116772294716138, "params": {"bus_acc": 1.45, "bus_dcc": 3.35, "bus_lcAssertive": 63.82, "bus_lcCooperative": 0.84, "bus_lcLookaheadLeft": 78.23, "bus_lcPushy": 0.7, "bus_lcSublane": 0.18, "bus_max_v": 12.12, "bus_tau_mean": 3.88, "bus_tau_std": 5.54, "car_acc": 2.33, "car_dcc": 1.57, "car_lcAssertive": 27.55, "car_lcCooperative": 0.91, "car_lcLookaheadLeft": 81.35, "car_lcPushy": 0.12, "car_lcSublane": 0.95, "car_max_v": 17.78, "car_tau_mean": 3.24, "car_tau_std": 2.49}, "datetime": {"datetime": "2024-08-03 22:07:15", "elapsed": 2268.056695, "delta": 7.049768}}
{"target": -0.055945158097555236, "params": {"bus_acc": 1.91, "bus_dcc": 3.36, "bus_lcAssertive": 70.82, "bus_lcCooperative": 0.62, "bus_lcLookaheadLeft": 15.9, "bus_lcPushy": 0.2, "bus_lcSublane": 0.34, "bus_max_v": 14.78, "bus_tau_mean": 3.98, "bus_tau_std": 6.69, "car_acc": 1.53, "car_dcc": 1.38, "car_lcAssertive": 45.04, "car_lcCooperative": 0.84, "car_lcLookaheadLeft": 34.36, "car_lcPushy": 0.61, "car_lcSublane": 0.91, "car_max_v": 11.7, "car_tau_mean": 0.63, "car_tau_std": 0.49}, "datetime": {"datetime": "2024-08-03 22:07:18", "elapsed": 2270.501421, "delta": 2.444726}}
{"target": -0.0505309083364097, "params": {"bus_acc": 1.48, "bus_dcc": 1.62, "bus_lcAssertive": 72.23, "bus_lcCooperative": 0.19, "bus_lcLookaheadLeft": 87.48, "bus_lcPushy": 0.39, "bus_lcSublane": 0.08, "bus_max_v": 13.65, "bus_tau_mean": 3.93, "bus_tau_std": 9.02, "car_acc": 2.09, "car_dcc": 1.36, "car_lcAssertive": 29.09, "car_lcCooperative": 0.6, "car_lcLookaheadLeft": 60.23, "car_lcPushy": 0.92, "car_lcSublane": 0.6, "car_max_v": 15.07, "car_tau_mean": 2.33, "car_tau_std": 5.54}, "datetime": {"datetime": "2024-08-03 22:07:30", "elapsed": 2282.84759, "delta": 12.346169}}
{"target": -0.03397706665278792, "params": {"bus_acc": 2.14, "bus_dcc": 2.22, "bus_lcAssertive": 74.2, "bus_lcCooperative": 0.6, "bus_lcLookaheadLeft": 50.03, "bus_lcPushy": 0.31, "bus_lcSublane": 0.52, "bus_max_v": 18.28, "bus_tau_mean": 1.64, "bus_tau_std": 3.23, "car_acc": 1.04, "car_dcc": 3.25, "car_lcAssertive": 46.02, "car_lcCooperative": 0.07, "car_lcLookaheadLeft": 75.63, "car_lcPushy": 0.83, "car_lcSublane": 0.6, "car_max_v": 11.25, "car_tau_mean": 3.68, "car_tau_std": 3.88}, "datetime": {"datetime": "2024-08-03 22:07:45", "elapsed": 2297.614106, "delta": 14.766516}}
{"target": -0.046156027377947155, "params": {"bus_acc": 2.29, "bus_dcc": 1.75, "bus_lcAssertive": 50.41, "bus_lcCooperative": 0.55, "bus_lcLookaheadLeft": 94.57, "bus_lcPushy": 0.82, "bus_lcSublane": 0.62, "bus_max_v": 20.45, "bus_tau_mean": 3.95, "bus_tau_std": 8.37, "car_acc": 1.39, "car_dcc": 1.99, "car_lcAssertive": 68.39, "car_lcCooperative": 0.54, "car_lcLookaheadLeft": 80.46, "car_lcPushy": 0.28, "car_lcSublane": 0.68, "car_max_v": 17.24, "car_tau_mean": 0.97, "car_tau_std": 4.91}, "datetime": {"datetime": "2024-08-03 22:07:53", "elapsed": 2305.484222, "delta": 7.870116}}
{"target": -0.06832016730456979, "params": {"bus_acc": 1.32, "bus_dcc": 2.11, "bus_lcAssertive": 52.3, "bus_lcCooperative": 0.38, "bus_lcLookaheadLeft": 29.99, "bus_lcPushy": 0.75, "bus_lcSublane": 0.31, "bus_max_v": 8.68, "bus_tau_mean": 3.5, "bus_tau_std": 9.77, "car_acc": 2.12, "car_dcc": 3.54, "car_lcAssertive": 64.59, "car_lcCooperative": 0.15, "car_lcLookaheadLeft": 28.26, "car_lcPushy": 0.97, "car_lcSublane": 0.46, "car_max_v": 15.13, "car_tau_mean": 1.36, "car_tau_std": 7.54}, "datetime": {"datetime": "2024-08-03 22:07:57", "elapsed": 2310.082679, "delta": 4.598457}}
{"target": -0.046894688573637704, "params": {"bus_acc": 1.63, "bus_dcc": 2.48, "bus_lcAssertive": 95.79, "bus_lcCooperative": 0.08, "bus_lcLookaheadLeft": 64.65, "bus_lcPushy": 0.24, "bus_lcSublane": 0.06, "bus_max_v": 20.44, "bus_tau_mean": 2.27, "bus_tau_std": 3.91, "car_acc": 1.25, "car_dcc": 3.29, "car_lcAssertive": 79.02, "car_lcCooperative": 0.58, "car_lcLookaheadLeft": 48.76, "car_lcPushy": 0.18, "car_lcSublane": 0.18, "car_max_v": 10.26, "car_tau_mean": 2.46, "car_tau_std": 4.31}, "datetime": {"datetime": "2024-08-03 22:08:19", "elapsed": 2332.156297, "delta": 22.073618}}
{"target": -0.06858421574652067, "params": {"bus_acc": 1.17, "bus_dcc": 1.39, "bus_lcAssertive": 79.65, "bus_lcCooperative": 0.91, "bus_lcLookaheadLeft": 61.47, "bus_lcPushy": 0.35, "bus_lcSublane": 0.91, "bus_max_v": 5.82, "bus_tau_mean": 2.1, "bus_tau_std": 1.25, "car_acc": 1.12, "car_dcc": 2.53, "car_lcAssertive": 9.61, "car_lcCooperative": 0.88, "car_lcLookaheadLeft": 81.83, "car_lcPushy": 0.55, "car_lcSublane": 0.85, "car_max_v": 18.14, "car_tau_mean": 3.28, "car_tau_std": 2.06}, "datetime": {"datetime": "2024-08-03 22:08:25", "elapsed": 2337.894916, "delta": 5.738619}}
{"target": -0.037272184727018785, "params": {"bus_acc": 2.72, "bus_dcc": 1.06, "bus_lcAssertive": 7.66, "bus_lcCooperative": 0.44, "bus_lcLookaheadLeft": 52.33, "bus_lcPushy": 0.07, "bus_lcSublane": 0.75, "bus_max_v": 23.81, "bus_tau_mean": 0.85, "bus_tau_std": 7.25, "car_acc": 1.04, "car_dcc": 3.17, "car_lcAssertive": 72.84, "car_lcCooperative": 0.28, "car_lcLookaheadLeft": 66.02, "car_lcPushy": 0.23, "car_lcSublane": 0.56, "car_max_v": 19.78, "car_tau_mean": 0.69, "car_tau_std": 8.56}, "datetime": {"datetime": "2024-08-03 22:08:31", "elapsed": 2343.474057, "delta": 5.579141}}
{"target": -0.04609918484887115, "params": {"bus_acc": 1.74, "bus_dcc": 2.44, "bus_lcAssertive": 96.27, "bus_lcCooperative": 0.76, "bus_lcLookaheadLeft": 54.67, "bus_lcPushy": 0.13, "bus_lcSublane": 0.25, "bus_max_v": 21.43, "bus_tau_mean": 1.59, "bus_tau_std": 6.89, "car_acc": 2.8, "car_dcc": 1.33, "car_lcAssertive": 69.21, "car_lcCooperative": 0.7, "car_lcLookaheadLeft": 72.69, "car_lcPushy": 0.38, "car_lcSublane": 0.42, "car_max_v": 11.78, "car_tau_mean": 0.59, "car_tau_std": 6.49}, "datetime": {"datetime": "2024-08-03 22:08:33", "elapsed": 2345.935052, "delta": 2.460995}}
{"target": -0.08982470015264073, "params": {"bus_acc": 2.97, "bus_dcc": 3.87, "bus_lcAssertive": 10.24, "bus_lcCooperative": 0.17, "bus_lcLookaheadLeft": 88.41, "bus_lcPushy": 0.49, "bus_lcSublane": 0.71, "bus_max_v": 5.6, "bus_tau_mean": 1.87, "bus_tau_std": 5.64, "car_acc": 1.73, "car_dcc": 2.88, "car_lcAssertive": 74.75, "car_lcCooperative": 0.88, "car_lcLookaheadLeft": 11.91, "car_lcPushy": 0.03, "car_lcSublane": 0.73, "car_max_v": 7.44, "car_tau_mean": 0.79, "car_tau_std": 3.09}, "datetime": {"datetime": "2024-08-03 22:08:35", "elapsed": 2347.884432, "delta": 1.94938}}
{"target": -0.07542081670512191, "params": {"bus_acc": 2.43, "bus_dcc": 3.19, "bus_lcAssertive": 28.35, "bus_lcCooperative": 0.51, "bus_lcLookaheadLeft": 26.59, "bus_lcPushy": 0.22, "bus_lcSublane": 0.9, "bus_max_v": 6.07, "bus_tau_mean": 2.37, "bus_tau_std": 8.8, "car_acc": 1.51, "car_dcc": 3.16, "car_lcAssertive": 16.67, "car_lcCooperative": 0.51, "car_lcLookaheadLeft": 20.57, "car_lcPushy": 0.55, "car_lcSublane": 0.51, "car_max_v": 11.27, "car_tau_mean": 2.97, "car_tau_std": 7.09}, "datetime": {"datetime": "2024-08-03 22:08:54", "elapsed": 2366.648286, "delta": 18.763854}}
{"target": -0.05273405860165873, "params": {"bus_acc": 1.19, "bus_dcc": 1.59, "bus_lcAssertive": 34.6, "bus_lcCooperative": 0.8, "bus_lcLookaheadLeft": 63.9, "bus_lcPushy": 0.02, "bus_lcSublane": 0.83, "bus_max_v": 11.31, "bus_tau_mean": 1.68, "bus_tau_std": 8.48, "car_acc": 2.31, "car_dcc": 2.42, "car_lcAssertive": 34.4, "car_lcCooperative": 0.34, "car_lcLookaheadLeft": 36.94, "car_lcPushy": 0.43, "car_lcSublane": 0.29, "car_max_v": 24.09, "car_tau_mean": 2.97, "car_tau_std": 9.65}, "datetime": {"datetime": "2024-08-03 22:08:57", "elapsed": 2370.352528, "delta": 3.704242}}
{"target": -0.048093953968781335, "params": {"bus_acc": 2.11, "bus_dcc": 2.92, "bus_lcAssertive": 82.12, "bus_lcCooperative": 0.66, "bus_lcLookaheadLeft": 26.83, "bus_lcPushy": 0.85, "bus_lcSublane": 0.96, "bus_max_v": 13.45, "bus_tau_mean": 1.65, "bus_tau_std": 2.24, "car_acc": 2.44, "car_dcc": 1.33, "car_lcAssertive": 94.9, "car_lcCooperative": 0.15, "car_lcLookaheadLeft": 94.53, "car_lcPushy": 0.21, "car_lcSublane": 0.03, "car_max_v": 21.32, "car_tau_mean": 2.53, "car_tau_std": 3.9}, "datetime": {"datetime": "2024-08-03 22:09:15", "elapsed": 2387.47356, "delta": 17.121032}}
{"target": -0.04780397519106499, "params": {"bus_acc": 2.59, "bus_dcc": 3.64, "bus_lcAssertive": 96.47, "bus_lcCooperative": 0.03, "bus_lcLookaheadLeft": 51.53, "bus_lcPushy": 0.48, "bus_lcSublane": 0.78, "bus_max_v": 23.19, "bus_tau_mean": 3.59, "bus_tau_std": 4.61, "car_acc": 1.32, "car_dcc": 2.08, "car_lcAssertive": 89.15, "car_lcCooperative": 0.21, "car_lcLookaheadLeft": 83.4, "car_lcPushy": 0.38, "car_lcSublane": 0.75, "car_max_v": 18.62, "car_tau_mean": 2.89, "car_tau_std": 2.06}, "datetime": {"datetime": "2024-08-03 22:09:18", "elapsed": 2391.184774, "delta": 3.711214}}
{"target": -0.05018528551063801, "params": {"bus_acc": 2.89, "bus_dcc": 3.89, "bus_lcAssertive": 11.7, "bus_lcCooperative": 0.8, "bus_lcLookaheadLeft": 37.26, "bus_lcPushy": 0.95, "bus_lcSublane": 0.78, "bus_max_v": 24.42, "bus_tau_mean": 1.48, "bus_tau_std": 9.13, "car_acc": 2.18, "car_dcc": 3.96, "car_lcAssertive": 32.61, "car_lcCooperative": 0.47, "car_lcLookaheadLeft": 16.47, "car_lcPushy": 0.4, "car_lcSublane": 0.63, "car_max_v": 11.68, "car_tau_mean": 0.97, "car_tau_std": 5.88}, "datetime": {"datetime": "2024-08-03 22:09:22", "elapsed": 2395.010825, "delta": 3.826051}}
{"target": -0.11109406747189443, "params": {"bus_acc": 2.42, "bus_dcc": 2.22, "bus_lcAssertive": 38.18, "bus_lcCooperative": 0.14, "bus_lcLookaheadLeft": 48.65, "bus_lcPushy": 0.29, "bus_lcSublane": 0.84, "bus_max_v": 5.05, "bus_tau_mean": 1.59, "bus_tau_std": 8.43, "car_acc": 1.14, "car_dcc": 3.76, "car_lcAssertive": 27.94, "car_lcCooperative": 0.7, "car_lcLookaheadLeft": 18.11, "car_lcPushy": 0.29, "car_lcSublane": 0.06, "car_max_v": 20.19, "car_tau_mean": 3.76, "car_tau_std": 0.2}, "datetime": {"datetime": "2024-08-03 22:09:38", "elapsed": 2411.12397, "delta": 16.113145}}
{"target": -0.0753553340351178, "params": {"bus_acc": 1.81, "bus_dcc": 3.0, "bus_lcAssertive": 91.89, "bus_lcCooperative": 0.13, "bus_lcLookaheadLeft": 91.56, "bus_lcPushy": 0.13, "bus_lcSublane": 0.59, "bus_max_v": 7.74, "bus_tau_mean": 1.47, "bus_tau_std": 9.96, "car_acc": 1.79, "car_dcc": 1.82, "car_lcAssertive": 49.62, "car_lcCooperative": 0.32, "car_lcLookaheadLeft": 98.28, "car_lcPushy": 0.12, "car_lcSublane": 0.97, "car_max_v": 24.18, "car_tau_mean": 1.74, "car_tau_std": 8.1}, "datetime": {"datetime": "2024-08-03 22:09:52", "elapsed": 2424.761538, "delta": 13.637568}}
