{"target": -0.054384606078061726, "params": {"bus_acc": 2.8, "bus_dcc": 1.98, "bus_lcAssertive": 94.44, "bus_lcCooperative": 0.1, "bus_lcLookaheadLeft": 11.35, "bus_lcPushy": 0.64, "bus_lcSublane": 0.9, "bus_max_v": 9.61, "bus_tau_mean": 3.1, "bus_tau_std": 7.77, "car_acc": 2.61, "car_dcc": 1.3, "car_lcAssertive": 74.98, "car_lcCooperative": 0.23, "car_lcLookaheadLeft": 31.97, "car_lcPushy": 0.25, "car_lcSublane": 0.14, "car_max_v": 18.97, "car_tau_mean": 2.67, "car_tau_std": 4.19}, "datetime": {"datetime": "2024-08-04 12:51:17", "elapsed": 4551.759297, "delta": 12.580287}}
{"target": -0.05770849176869699, "params": {"bus_acc": 1.58, "bus_dcc": 1.57, "bus_lcAssertive": 28.41, "bus_lcCooperative": 0.45, "bus_lcLookaheadLeft": 94.21, "bus_lcPushy": 0.75, "bus_lcSublane": 0.4, "bus_max_v": 26.53, "bus_tau_mean": 3.96, "bus_tau_std": 5.47, "car_acc": 1.81, "car_dcc": 2.77, "car_lcAssertive": 61.09, "car_lcCooperative": 0.6, "car_lcLookaheadLeft": 24.18, "car_lcPushy": 0.12, "car_lcSublane": 0.39, "car_max_v": 27.43, "car_tau_mean": 2.46, "car_tau_std": 4.9}, "datetime": {"datetime": "2024-08-04 12:51:20", "elapsed": 4554.821717, "delta": 3.06242}}
{"target": -0.05300630910680385, "params": {"bus_acc": 1.29, "bus_dcc": 3.54, "bus_lcAssertive": 72.93, "bus_lcCooperative": 0.24, "bus_lcLookaheadLeft": 93.02, "bus_lcPushy": 0.42, "bus_lcSublane": 0.34, "bus_max_v": 16.99, "bus_tau_mean": 1.15, "bus_tau_std": 2.21, "car_acc": 1.85, "car_dcc": 2.25, "car_lcAssertive": 6.94, "car_lcCooperative": 0.09, "car_lcLookaheadLeft": 88.56, "car_lcPushy": 0.57, "car_lcSublane": 0.86, "car_max_v": 27.17, "car_tau_mean": 3.01, "car_tau_std": 9.71}, "datetime": {"datetime": "2024-08-04 12:51:23", "elapsed": 4557.62989, "delta": 2.808173}}
{"target": -0.05512344309104774, "params": {"bus_acc": 1.71, "bus_dcc": 3.91, "bus_lcAssertive": 42.94, "bus_lcCooperative": 0.38, "bus_lcLookaheadLeft": 11.39, "bus_lcPushy": 0.12, "bus_lcSublane": 0.32, "bus_max_v": 19.82, "bus_tau_mean": 0.64, "bus_tau_std": 1.84, "car_acc": 1.84, "car_dcc": 1.4, "car_lcAssertive": 69.05, "car_lcCooperative": 0.73, "car_lcLookaheadLeft": 98.62, "car_lcPushy": 0.56, "car_lcSublane": 0.55, "car_max_v": 17.43, "car_tau_mean": 1.33, "car_tau_std": 7.93}, "datetime": {"datetime": "2024-08-04 12:51:26", "elapsed": 4560.420306, "delta": 2.790416}}
{"target": -0.05758350521327665, "params": {"bus_acc": 2.38, "bus_dcc": 2.65, "bus_lcAssertive": 73.55, "bus_lcCooperative": 0.86, "bus_lcLookaheadLeft": 47.68, "bus_lcPushy": 1.0, "bus_lcSublane": 0.1, "bus_max_v": 29.59, "bus_tau_mean": 0.95, "bus_tau_std": 1.67, "car_acc": 2.99, "car_dcc": 2.54, "car_lcAssertive": 69.43, "car_lcCooperative": 0.23, "car_lcLookaheadLeft": 6.19, "car_lcPushy": 0.72, "car_lcSublane": 0.6, "car_max_v": 21.17, "car_tau_mean": 3.15, "car_tau_std": 3.78}, "datetime": {"datetime": "2024-08-04 12:51:29", "elapsed": 4563.963104, "delta": 3.542798}}
{"target": -0.05281541431240765, "params": {"bus_acc": 2.78, "bus_dcc": 3.93, "bus_lcAssertive": 24.18, "bus_lcCooperative": 0.69, "bus_lcLookaheadLeft": 86.46, "bus_lcPushy": 0.04, "bus_lcSublane": 0.63, "bus_max_v": 13.52, "bus_tau_mean": 1.2, "bus_tau_std": 0.91, "car_acc": 1.76, "car_dcc": 2.95, "car_lcAssertive": 7.46, "car_lcCooperative": 0.52, "car_lcLookaheadLeft": 16.36, "car_lcPushy": 0.95, "car_lcSublane": 0.4, "car_max_v": 19.69, "car_tau_mean": 3.73, "car_tau_std": 8.84}, "datetime": {"datetime": "2024-08-04 12:51:39", "elapsed": 4573.953573, "delta": 9.990469}}
{"target": -0.0491162045055488, "params": {"bus_acc": 1.05, "bus_dcc": 1.79, "bus_lcAssertive": 79.16, "bus_lcCooperative": 0.46, "bus_lcLookaheadLeft": 42.34, "bus_lcPushy": 0.01, "bus_lcSublane": 0.6, "bus_max_v": 8.53, "bus_tau_mean": 0.88, "bus_tau_std": 3.63, "car_acc": 1.4, "car_dcc": 1.65, "car_lcAssertive": 75.57, "car_lcCooperative": 0.95, "car_lcLookaheadLeft": 68.03, "car_lcPushy": 0.56, "car_lcSublane": 0.59, "car_max_v": 29.09, "car_tau_mean": 1.9, "car_tau_std": 1.05}, "datetime": {"datetime": "2024-08-04 12:51:43", "elapsed": 4577.613142, "delta": 3.659569}}
{"target": -0.05171656766139704, "params": {"bus_acc": 2.57, "bus_dcc": 3.78, "bus_lcAssertive": 85.33, "bus_lcCooperative": 0.29, "bus_lcLookaheadLeft": 8.31, "bus_lcPushy": 0.61, "bus_lcSublane": 0.58, "bus_max_v": 25.62, "bus_tau_mean": 0.55, "bus_tau_std": 0.42, "car_acc": 2.94, "car_dcc": 2.34, "car_lcAssertive": 23.75, "car_lcCooperative": 0.38, "car_lcLookaheadLeft": 58.0, "car_lcPushy": 0.7, "car_lcSublane": 0.69, "car_max_v": 11.86, "car_tau_mean": 1.82, "car_tau_std": 4.24}, "datetime": {"datetime": "2024-08-04 12:51:47", "elapsed": 4581.285436, "delta": 3.672294}}
{"target": -0.04744290742255423, "params": {"bus_acc": 1.38, "bus_dcc": 3.25, "bus_lcAssertive": 9.06, "bus_lcCooperative": 0.6, "bus_lcLookaheadLeft": 34.75, "bus_lcPushy": 0.3, "bus_lcSublane": 0.01, "bus_max_v": 20.06, "bus_tau_mean": 2.91, "bus_tau_std": 3.13, "car_acc": 1.24, "car_dcc": 2.37, "car_lcAssertive": 18.42, "car_lcCooperative": 0.05, "car_lcLookaheadLeft": 95.9, "car_lcPushy": 0.01, "car_lcSublane": 0.78, "car_max_v": 26.3, "car_tau_mean": 1.91, "car_tau_std": 9.29}, "datetime": {"datetime": "2024-08-04 12:52:15", "elapsed": 4609.852269, "delta": 28.566833}}
{"target": -0.05087411949192732, "params": {"bus_acc": 2.04, "bus_dcc": 2.59, "bus_lcAssertive": 66.91, "bus_lcCooperative": 0.47, "bus_lcLookaheadLeft": 72.02, "bus_lcPushy": 0.33, "bus_lcSublane": 0.28, "bus_max_v": 21.89, "bus_tau_mean": 0.86, "bus_tau_std": 3.77, "car_acc": 1.88, "car_dcc": 2.06, "car_lcAssertive": 31.59, "car_lcCooperative": 0.22, "car_lcLookaheadLeft": 12.34, "car_lcPushy": 0.93, "car_lcSublane": 0.64, "car_max_v": 29.91, "car_tau_mean": 1.45, "car_tau_std": 2.37}, "datetime": {"datetime": "2024-08-04 12:52:47", "elapsed": 4642.073062, "delta": 32.220793}}
{"target": -0.05453769934544631, "params": {"bus_acc": 1.67, "bus_dcc": 3.43, "bus_lcAssertive": 59.13, "bus_lcCooperative": 0.64, "bus_lcLookaheadLeft": 62.02, "bus_lcPushy": 0.41, "bus_lcSublane": 0.14, "bus_max_v": 27.19, "bus_tau_mean": 0.7, "bus_tau_std": 5.15, "car_acc": 2.74, "car_dcc": 1.58, "car_lcAssertive": 29.77, "car_lcCooperative": 0.44, "car_lcLookaheadLeft": 87.0, "car_lcPushy": 0.67, "car_lcSublane": 0.41, "car_max_v": 13.29, "car_tau_mean": 1.09, "car_tau_std": 2.23}, "datetime": {"datetime": "2024-08-04 12:53:01", "elapsed": 4655.580944, "delta": 13.507882}}
{"target": -0.053584853601767825, "params": {"bus_acc": 2.78, "bus_dcc": 3.56, "bus_lcAssertive": 19.17, "bus_lcCooperative": 0.97, "bus_lcLookaheadLeft": 40.88, "bus_lcPushy": 0.85, "bus_lcSublane": 0.89, "bus_max_v": 14.37, "bus_tau_mean": 3.98, "bus_tau_std": 8.4, "car_acc": 2.11, "car_dcc": 3.54, "car_lcAssertive": 97.56, "car_lcCooperative": 0.15, "car_lcLookaheadLeft": 74.86, "car_lcPushy": 0.74, "car_lcSublane": 0.44, "car_max_v": 20.11, "car_tau_mean": 0.63, "car_tau_std": 4.03}, "datetime": {"datetime": "2024-08-04 12:53:05", "elapsed": 4660.010759, "delta": 4.429815}}
{"target": -0.05006959845432179, "params": {"bus_acc": 2.31, "bus_dcc": 3.79, "bus_lcAssertive": 99.94, "bus_lcCooperative": 0.11, "bus_lcLookaheadLeft": 51.65, "bus_lcPushy": 0.82, "bus_lcSublane": 0.63, "bus_max_v": 22.68, "bus_tau_mean": 2.53, "bus_tau_std": 9.97, "car_acc": 1.46, "car_dcc": 1.79, "car_lcAssertive": 65.67, "car_lcCooperative": 0.01, "car_lcLookaheadLeft": 27.26, "car_lcPushy": 0.42, "car_lcSublane": 0.94, "car_max_v": 25.7, "car_tau_mean": 2.41, "car_tau_std": 7.15}, "datetime": {"datetime": "2024-08-04 12:53:23", "elapsed": 4677.809285, "delta": 17.798526}}
{"target": -0.04734545663075911, "params": {"bus_acc": 2.67, "bus_dcc": 1.07, "bus_lcAssertive": 72.59, "bus_lcCooperative": 0.21, "bus_lcLookaheadLeft": 13.64, "bus_lcPushy": 0.48, "bus_lcSublane": 0.67, "bus_max_v": 25.79, "bus_tau_mean": 1.84, "bus_tau_std": 6.9, "car_acc": 1.87, "car_dcc": 2.75, "car_lcAssertive": 59.59, "car_lcCooperative": 0.47, "car_lcLookaheadLeft": 87.06, "car_lcPushy": 0.09, "car_lcSublane": 0.73, "car_max_v": 8.01, "car_tau_mean": 2.68, "car_tau_std": 9.82}, "datetime": {"datetime": "2024-08-04 12:53:27", "elapsed": 4681.414497, "delta": 3.605212}}
{"target": -0.04796628986221543, "params": {"bus_acc": 1.59, "bus_dcc": 1.17, "bus_lcAssertive": 22.21, "bus_lcCooperative": 0.24, "bus_lcLookaheadLeft": 97.58, "bus_lcPushy": 0.64, "bus_lcSublane": 0.78, "bus_max_v": 20.59, "bus_tau_mean": 0.79, "bus_tau_std": 1.45, "car_acc": 1.25, "car_dcc": 1.28, "car_lcAssertive": 6.31, "car_lcCooperative": 0.01, "car_lcLookaheadLeft": 28.16, "car_lcPushy": 0.71, "car_lcSublane": 0.13, "car_max_v": 22.53, "car_tau_mean": 2.21, "car_tau_std": 5.55}, "datetime": {"datetime": "2024-08-04 12:53:31", "elapsed": 4685.451593, "delta": 4.037096}}
{"target": -0.05005427480051785, "params": {"bus_acc": 2.77, "bus_dcc": 1.16, "bus_lcAssertive": 10.76, "bus_lcCooperative": 0.35, "bus_lcLookaheadLeft": 48.53, "bus_lcPushy": 0.1, "bus_lcSublane": 0.48, "bus_max_v": 23.37, "bus_tau_mean": 3.84, "bus_tau_std": 1.39, "car_acc": 2.92, "car_dcc": 3.74, "car_lcAssertive": 76.5, "car_lcCooperative": 0.47, "car_lcLookaheadLeft": 84.03, "car_lcPushy": 0.29, "car_lcSublane": 0.43, "car_max_v": 15.22, "car_tau_mean": 3.41, "car_tau_std": 2.46}, "datetime": {"datetime": "2024-08-04 12:53:34", "elapsed": 4688.486739, "delta": 3.035146}}
{"target": -0.05447978048894245, "params": {"bus_acc": 2.6, "bus_dcc": 2.36, "bus_lcAssertive": 26.34, "bus_lcCooperative": 0.22, "bus_lcLookaheadLeft": 29.77, "bus_lcPushy": 0.52, "bus_lcSublane": 0.8, "bus_max_v": 13.82, "bus_tau_mean": 1.61, "bus_tau_std": 5.42, "car_acc": 1.82, "car_dcc": 1.33, "car_lcAssertive": 11.76, "car_lcCooperative": 0.53, "car_lcLookaheadLeft": 34.91, "car_lcPushy": 0.28, "car_lcSublane": 0.46, "car_max_v": 19.1, "car_tau_mean": 3.94, "car_tau_std": 9.07}, "datetime": {"datetime": "2024-08-04 12:53:38", "elapsed": 4692.39621, "delta": 3.909471}}
{"target": -0.04805175536842667, "params": {"bus_acc": 1.47, "bus_dcc": 1.92, "bus_lcAssertive": 67.66, "bus_lcCooperative": 0.71, "bus_lcLookaheadLeft": 86.33, "bus_lcPushy": 0.19, "bus_lcSublane": 0.41, "bus_max_v": 21.58, "bus_tau_mean": 2.97, "bus_tau_std": 2.81, "car_acc": 1.58, "car_dcc": 2.31, "car_lcAssertive": 59.6, "car_lcCooperative": 0.83, "car_lcLookaheadLeft": 48.73, "car_lcPushy": 0.66, "car_lcSublane": 0.27, "car_max_v": 14.47, "car_tau_mean": 3.29, "car_tau_std": 6.04}, "datetime": {"datetime": "2024-08-04 12:53:41", "elapsed": 4695.211367, "delta": 2.815157}}
{"target": -0.04070314256035265, "params": {"bus_acc": 2.09, "bus_dcc": 2.16, "bus_lcAssertive": 98.92, "bus_lcCooperative": 0.57, "bus_lcLookaheadLeft": 93.35, "bus_lcPushy": 0.85, "bus_lcSublane": 0.44, "bus_max_v": 11.63, "bus_tau_mean": 1.67, "bus_tau_std": 7.12, "car_acc": 1.51, "car_dcc": 3.49, "car_lcAssertive": 48.66, "car_lcCooperative": 0.14, "car_lcLookaheadLeft": 49.08, "car_lcPushy": 0.79, "car_lcSublane": 0.5, "car_max_v": 9.05, "car_tau_mean": 2.07, "car_tau_std": 4.58}, "datetime": {"datetime": "2024-08-04 12:53:44", "elapsed": 4698.539771, "delta": 3.328404}}
{"target": -0.05666643034285095, "params": {"bus_acc": 2.31, "bus_dcc": 1.89, "bus_lcAssertive": 13.04, "bus_lcCooperative": 0.86, "bus_lcLookaheadLeft": 59.57, "bus_lcPushy": 0.8, "bus_lcSublane": 0.87, "bus_max_v": 27.04, "bus_tau_mean": 1.93, "bus_tau_std": 9.85, "car_acc": 2.49, "car_dcc": 3.4, "car_lcAssertive": 86.53, "car_lcCooperative": 0.16, "car_lcLookaheadLeft": 62.95, "car_lcPushy": 0.19, "car_lcSublane": 0.64, "car_max_v": 18.95, "car_tau_mean": 0.85, "car_tau_std": 6.34}, "datetime": {"datetime": "2024-08-04 12:53:48", "elapsed": 4702.133953, "delta": 3.594182}}
{"target": -0.05824518475493939, "params": {"bus_acc": 2.65, "bus_dcc": 2.07, "bus_lcAssertive": 81.0, "bus_lcCooperative": 0.16, "bus_lcLookaheadLeft": 74.9, "bus_lcPushy": 0.83, "bus_lcSublane": 0.35, "bus_max_v": 22.28, "bus_tau_mean": 0.51, "bus_tau_std": 6.94, "car_acc": 2.56, "car_dcc": 1.91, "car_lcAssertive": 87.22, "car_lcCooperative": 0.85, "car_lcLookaheadLeft": 34.37, "car_lcPushy": 0.52, "car_lcSublane": 0.94, "car_max_v": 26.3, "car_tau_mean": 3.41, "car_tau_std": 6.47}, "datetime": {"datetime": "2024-08-04 12:53:59", "elapsed": 4713.601412, "delta": 11.467459}}
{"target": -0.0460680197719907, "params": {"bus_acc": 2.13, "bus_dcc": 3.86, "bus_lcAssertive": 6.61, "bus_lcCooperative": 0.97, "bus_lcLookaheadLeft": 35.77, "bus_lcPushy": 0.34, "bus_lcSublane": 0.79, "bus_max_v": 29.6, "bus_tau_mean": 3.02, "bus_tau_std": 6.32, "car_acc": 1.49, "car_dcc": 1.65, "car_lcAssertive": 5.01, "car_lcCooperative": 0.67, "car_lcLookaheadLeft": 83.53, "car_lcPushy": 0.35, "car_lcSublane": 0.82, "car_max_v": 9.32, "car_tau_mean": 1.57, "car_tau_std": 1.58}, "datetime": {"datetime": "2024-08-04 12:54:08", "elapsed": 4722.938323, "delta": 9.336911}}
{"target": -0.04765455567437931, "params": {"bus_acc": 1.84, "bus_dcc": 1.12, "bus_lcAssertive": 88.12, "bus_lcCooperative": 0.82, "bus_lcLookaheadLeft": 9.92, "bus_lcPushy": 0.73, "bus_lcSublane": 0.01, "bus_max_v": 16.43, "bus_tau_mean": 0.81, "bus_tau_std": 9.99, "car_acc": 2.24, "car_dcc": 3.91, "car_lcAssertive": 86.73, "car_lcCooperative": 0.29, "car_lcLookaheadLeft": 96.33, "car_lcPushy": 0.55, "car_lcSublane": 0.13, "car_max_v": 11.95, "car_tau_mean": 1.7, "car_tau_std": 5.64}, "datetime": {"datetime": "2024-08-04 12:54:25", "elapsed": 4739.491442, "delta": 16.553119}}
{"target": -0.06272125084082424, "params": {"bus_acc": 1.14, "bus_dcc": 1.45, "bus_lcAssertive": 46.13, "bus_lcCooperative": 0.92, "bus_lcLookaheadLeft": 5.16, "bus_lcPushy": 0.21, "bus_lcSublane": 0.69, "bus_max_v": 8.34, "bus_tau_mean": 1.61, "bus_tau_std": 2.64, "car_acc": 3.0, "car_dcc": 3.71, "car_lcAssertive": 51.76, "car_lcCooperative": 0.26, "car_lcLookaheadLeft": 66.98, "car_lcPushy": 0.06, "car_lcSublane": 0.54, "car_max_v": 22.2, "car_tau_mean": 1.82, "car_tau_std": 2.97}, "datetime": {"datetime": "2024-08-04 12:54:29", "elapsed": 4743.52779, "delta": 4.036348}}
{"target": -0.05370980222392757, "params": {"bus_acc": 1.8, "bus_dcc": 3.35, "bus_lcAssertive": 13.17, "bus_lcCooperative": 0.74, "bus_lcLookaheadLeft": 27.49, "bus_lcPushy": 0.22, "bus_lcSublane": 0.51, "bus_max_v": 16.62, "bus_tau_mean": 3.54, "bus_tau_std": 2.26, "car_acc": 2.71, "car_dcc": 3.68, "car_lcAssertive": 27.68, "car_lcCooperative": 0.99, "car_lcLookaheadLeft": 19.25, "car_lcPushy": 0.77, "car_lcSublane": 0.38, "car_max_v": 14.51, "car_tau_mean": 1.43, "car_tau_std": 9.29}, "datetime": {"datetime": "2024-08-04 12:54:33", "elapsed": 4747.507419, "delta": 3.979629}}
{"target": -0.05062427432135258, "params": {"bus_acc": 1.53, "bus_dcc": 3.72, "bus_lcAssertive": 92.47, "bus_lcCooperative": 0.15, "bus_lcLookaheadLeft": 9.99, "bus_lcPushy": 0.74, "bus_lcSublane": 0.73, "bus_max_v": 15.41, "bus_tau_mean": 0.58, "bus_tau_std": 3.14, "car_acc": 2.03, "car_dcc": 3.63, "car_lcAssertive": 83.81, "car_lcCooperative": 0.19, "car_lcLookaheadLeft": 59.62, "car_lcPushy": 0.45, "car_lcSublane": 0.95, "car_max_v": 13.11, "car_tau_mean": 1.8, "car_tau_std": 1.54}, "datetime": {"datetime": "2024-08-04 12:55:00", "elapsed": 4774.727701, "delta": 27.220282}}
{"target": -0.03600371024783103, "params": {"bus_acc": 2.62, "bus_dcc": 2.73, "bus_lcAssertive": 81.21, "bus_lcCooperative": 0.89, "bus_lcLookaheadLeft": 70.18, "bus_lcPushy": 0.34, "bus_lcSublane": 0.57, "bus_max_v": 29.21, "bus_tau_mean": 2.64, "bus_tau_std": 8.35, "car_acc": 1.5, "car_dcc": 3.68, "car_lcAssertive": 91.18, "car_lcCooperative": 0.27, "car_lcLookaheadLeft": 32.62, "car_lcPushy": 0.14, "car_lcSublane": 0.05, "car_max_v": 23.45, "car_tau_mean": 0.68, "car_tau_std": 6.35}, "datetime": {"datetime": "2024-08-04 12:55:04", "elapsed": 4779.076001, "delta": 4.3483}}
{"target": -0.052134820079689746, "params": {"bus_acc": 1.55, "bus_dcc": 1.61, "bus_lcAssertive": 10.58, "bus_lcCooperative": 0.79, "bus_lcLookaheadLeft": 96.55, "bus_lcPushy": 0.37, "bus_lcSublane": 0.42, "bus_max_v": 22.71, "bus_tau_mean": 1.56, "bus_tau_std": 8.51, "car_acc": 2.67, "car_dcc": 3.76, "car_lcAssertive": 59.3, "car_lcCooperative": 0.32, "car_lcLookaheadLeft": 45.32, "car_lcPushy": 0.24, "car_lcSublane": 0.73, "car_max_v": 16.0, "car_tau_mean": 1.79, "car_tau_std": 7.38}, "datetime": {"datetime": "2024-08-04 12:55:22", "elapsed": 4796.230808, "delta": 17.154807}}
{"target": -0.04943843944724205, "params": {"bus_acc": 1.12, "bus_dcc": 1.97, "bus_lcAssertive": 95.79, "bus_lcCooperative": 0.85, "bus_lcLookaheadLeft": 17.32, "bus_lcPushy": 0.21, "bus_lcSublane": 0.73, "bus_max_v": 11.47, "bus_tau_mean": 3.47, "bus_tau_std": 5.23, "car_acc": 1.38, "car_dcc": 1.55, "car_lcAssertive": 54.06, "car_lcCooperative": 0.64, "car_lcLookaheadLeft": 32.46, "car_lcPushy": 0.94, "car_lcSublane": 0.61, "car_max_v": 25.83, "car_tau_mean": 2.83, "car_tau_std": 9.14}, "datetime": {"datetime": "2024-08-04 12:55:31", "elapsed": 4805.799558, "delta": 9.56875}}
{"target": -0.057979314043396894, "params": {"bus_acc": 2.63, "bus_dcc": 3.29, "bus_lcAssertive": 14.17, "bus_lcCooperative": 0.16, "bus_lcLookaheadLeft": 39.68, "bus_lcPushy": 0.01, "bus_lcSublane": 0.71, "bus_max_v": 18.82, "bus_tau_mean": 2.07, "bus_tau_std": 3.27, "car_acc": 2.88, "car_dcc": 3.01, "car_lcAssertive": 76.96, "car_lcCooperative": 0.57, "car_lcLookaheadLeft": 4.44, "car_lcPushy": 0.85, "car_lcSublane": 0.56, "car_max_v": 27.95, "car_tau_mean": 2.22, "car_tau_std": 6.0}, "datetime": {"datetime": "2024-08-04 12:55:41", "elapsed": 4815.647799, "delta": 9.848241}}
{"target": -0.04922181287538857, "params": {"bus_acc": 1.87, "bus_dcc": 1.01, "bus_lcAssertive": 14.23, "bus_lcCooperative": 0.9, "bus_lcLookaheadLeft": 28.08, "bus_lcPushy": 0.23, "bus_lcSublane": 0.87, "bus_max_v": 10.68, "bus_tau_mean": 1.49, "bus_tau_std": 4.39, "car_acc": 1.16, "car_dcc": 1.95, "car_lcAssertive": 64.28, "car_lcCooperative": 0.51, "car_lcLookaheadLeft": 7.12, "car_lcPushy": 0.7, "car_lcSublane": 0.74, "car_max_v": 19.57, "car_tau_mean": 3.61, "car_tau_std": 8.16}, "datetime": {"datetime": "2024-08-04 12:55:47", "elapsed": 4821.91408, "delta": 6.266281}}
{"target": -0.05955616089526722, "params": {"bus_acc": 1.75, "bus_dcc": 2.82, "bus_lcAssertive": 57.56, "bus_lcCooperative": 0.82, "bus_lcLookaheadLeft": 83.47, "bus_lcPushy": 0.92, "bus_lcSublane": 0.78, "bus_max_v": 19.45, "bus_tau_mean": 0.93, "bus_tau_std": 0.63, "car_acc": 2.75, "car_dcc": 2.11, "car_lcAssertive": 34.1, "car_lcCooperative": 0.83, "car_lcLookaheadLeft": 53.99, "car_lcPushy": 0.9, "car_lcSublane": 0.4, "car_max_v": 29.49, "car_tau_mean": 1.94, "car_tau_std": 5.78}, "datetime": {"datetime": "2024-08-04 12:55:51", "elapsed": 4826.005541, "delta": 4.091461}}
{"target": -0.047214427914101686, "params": {"bus_acc": 1.51, "bus_dcc": 2.25, "bus_lcAssertive": 70.69, "bus_lcCooperative": 0.95, "bus_lcLookaheadLeft": 33.08, "bus_lcPushy": 0.82, "bus_lcSublane": 0.62, "bus_max_v": 10.91, "bus_tau_mean": 2.93, "bus_tau_std": 4.04, "car_acc": 1.05, "car_dcc": 1.14, "car_lcAssertive": 43.63, "car_lcCooperative": 0.72, "car_lcLookaheadLeft": 97.75, "car_lcPushy": 0.4, "car_lcSublane": 0.8, "car_max_v": 24.76, "car_tau_mean": 1.5, "car_tau_std": 1.37}, "datetime": {"datetime": "2024-08-04 12:56:02", "elapsed": 4836.495133, "delta": 10.489592}}
{"target": -0.04106280083254571, "params": {"bus_acc": 2.82, "bus_dcc": 2.46, "bus_lcAssertive": 46.73, "bus_lcCooperative": 0.51, "bus_lcLookaheadLeft": 83.45, "bus_lcPushy": 0.9, "bus_lcSublane": 0.42, "bus_max_v": 11.44, "bus_tau_mean": 3.89, "bus_tau_std": 6.46, "car_acc": 1.47, "car_dcc": 2.68, "car_lcAssertive": 19.93, "car_lcCooperative": 0.19, "car_lcLookaheadLeft": 75.57, "car_lcPushy": 0.51, "car_lcSublane": 0.34, "car_max_v": 11.44, "car_tau_mean": 3.56, "car_tau_std": 5.99}, "datetime": {"datetime": "2024-08-04 12:56:05", "elapsed": 4839.829221, "delta": 3.334088}}
{"target": -0.04066906373851592, "params": {"bus_acc": 1.64, "bus_dcc": 3.54, "bus_lcAssertive": 86.33, "bus_lcCooperative": 0.42, "bus_lcLookaheadLeft": 79.84, "bus_lcPushy": 0.49, "bus_lcSublane": 0.02, "bus_max_v": 23.33, "bus_tau_mean": 2.59, "bus_tau_std": 7.2, "car_acc": 1.71, "car_dcc": 2.8, "car_lcAssertive": 14.92, "car_lcCooperative": 0.71, "car_lcLookaheadLeft": 24.07, "car_lcPushy": 0.8, "car_lcSublane": 0.9, "car_max_v": 11.29, "car_tau_mean": 3.0, "car_tau_std": 0.28}, "datetime": {"datetime": "2024-08-04 12:56:09", "elapsed": 4843.872885, "delta": 4.043664}}
{"target": -0.05460793040429723, "params": {"bus_acc": 1.34, "bus_dcc": 1.79, "bus_lcAssertive": 13.87, "bus_lcCooperative": 0.83, "bus_lcLookaheadLeft": 99.02, "bus_lcPushy": 0.39, "bus_lcSublane": 0.07, "bus_max_v": 21.89, "bus_tau_mean": 3.83, "bus_tau_std": 6.1, "car_acc": 1.8, "car_dcc": 1.83, "car_lcAssertive": 79.87, "car_lcCooperative": 0.46, "car_lcLookaheadLeft": 84.6, "car_lcPushy": 0.15, "car_lcSublane": 0.85, "car_max_v": 19.49, "car_tau_mean": 3.17, "car_tau_std": 5.4}, "datetime": {"datetime": "2024-08-04 12:56:14", "elapsed": 4848.567513, "delta": 4.694628}}
{"target": -0.05222261821318532, "params": {"bus_acc": 1.6, "bus_dcc": 1.9, "bus_lcAssertive": 68.27, "bus_lcCooperative": 0.1, "bus_lcLookaheadLeft": 50.2, "bus_lcPushy": 0.74, "bus_lcSublane": 0.79, "bus_max_v": 9.74, "bus_tau_mean": 1.2, "bus_tau_std": 9.89, "car_acc": 2.3, "car_dcc": 1.53, "car_lcAssertive": 91.43, "car_lcCooperative": 0.12, "car_lcLookaheadLeft": 36.1, "car_lcPushy": 0.03, "car_lcSublane": 0.85, "car_max_v": 19.39, "car_tau_mean": 3.68, "car_tau_std": 3.29}, "datetime": {"datetime": "2024-08-04 12:56:18", "elapsed": 4852.980054, "delta": 4.412541}}
