{"target": -0.33141069525496447, "params": {"bus_acc": 1.7001, "bus_dcc": 1.8316, "bus_lcAssertive": 97.2672, "bus_lcCooperative": 0.0718, "bus_lcLookaheadLeft": 67.2257, "bus_lcPushy": 0.8261, "bus_lcSigma": 0.8713, "bus_lcSpeedGainRight": 0.8857, "bus_lcSublane": 0.7007, "bus_sigma": 0.7239, "bus_tau_mean": 3.7588, "bus_tau_std": 2.5996, "bus_v_mean": 17.1831, "bus_v_std": 7.2958, "car_acc": 2.8729, "car_dcc": 1.4693, "car_lcAssertive": 41.0344, "car_lcCooperative": 0.195, "car_lcLookaheadLeft": 28.8731, "car_lcPushy": 0.2391, "car_lcSigma": 0.3962, "car_lcSpeedGainRight": 1.3596, "car_lcSublane": 0.6474, "car_sigma": 0.9622, "car_tau_mean": 2.6434, "car_tau_std": 1.1451, "car_v_mean": 9.1477, "car_v_std": 18.6425}, "datetime": {"datetime": "2024-08-08 14:00:14", "elapsed": 4402.062364, "delta": 5.526494}}
{"target": -0.39805025685020834, "params": {"bus_acc": 4.3863, "bus_dcc": 1.8484, "bus_lcAssertive": 77.283, "bus_lcCooperative": 0.0963, "bus_lcLookaheadLeft": 83.9888, "bus_lcPushy": 0.2009, "bus_lcSigma": 0.8089, "bus_lcSpeedGainRight": 2.7066, "bus_lcSublane": 0.1771, "bus_sigma": 0.5592, "bus_tau_mean": 2.9639, "bus_tau_std": 9.1232, "bus_v_mean": 10.7084, "bus_v_std": 15.8699, "car_acc": 1.5407, "car_dcc": 2.8947, "car_lcAssertive": 9.0727, "car_lcCooperative": 0.1006, "car_lcLookaheadLeft": 92.8739, "car_lcPushy": 0.1774, "car_lcSigma": 0.4163, "car_lcSpeedGainRight": 4.0856, "car_lcSublane": 0.0829, "car_sigma": 0.5618, "car_tau_mean": 1.2894, "car_tau_std": 5.4741, "car_v_mean": 17.3085, "car_v_std": 12.1191}, "datetime": {"datetime": "2024-08-08 14:00:17", "elapsed": 4404.581222, "delta": 2.518858}}
{"target": -0.35085012436841223, "params": {"bus_acc": 4.2205, "bus_dcc": 3.3923, "bus_lcAssertive": 41.7202, "bus_lcCooperative": 0.1498, "bus_lcLookaheadLeft": 53.9365, "bus_lcPushy": 0.5858, "bus_lcSigma": 0.6872, "bus_lcSpeedGainRight": 1.339, "bus_lcSublane": 0.4319, "bus_sigma": 0.811, "bus_tau_mean": 3.7908, "bus_tau_std": 1.791, "bus_v_mean": 8.3207, "bus_v_std": 0.4913, "car_acc": 2.9794, "car_dcc": 3.8888, "car_lcAssertive": 23.7295, "car_lcCooperative": 0.0307, "car_lcLookaheadLeft": 17.4408, "car_lcPushy": 0.9037, "car_lcSigma": 0.9359, "car_lcSpeedGainRight": 1.2162, "car_lcSublane": 0.4203, "car_sigma": 0.4686, "car_tau_mean": 2.1105, "car_tau_std": 4.4878, "car_v_mean": 23.884, "car_v_std": 13.8564}, "datetime": {"datetime": "2024-08-08 14:00:22", "elapsed": 4409.904173, "delta": 5.322951}}
{"target": -0.38515253731872456, "params": {"bus_acc": 1.1917, "bus_dcc": 3.0706, "bus_lcAssertive": 60.2154, "bus_lcCooperative": 0.5024, "bus_lcLookaheadLeft": 60.3243, "bus_lcPushy": 0.7023, "bus_lcSigma": 0.8522, "bus_lcSpeedGainRight": 1.3875, "bus_lcSublane": 0.294, "bus_sigma": 0.7676, "bus_tau_mean": 2.3243, "bus_tau_std": 4.0648, "bus_v_mean": 9.771, "bus_v_std": 18.2551, "car_acc": 1.5011, "car_dcc": 3.7005, "car_lcAssertive": 56.0929, "car_lcCooperative": 0.9825, "car_lcLookaheadLeft": 92.4483, "car_lcPushy": 0.9303, "car_lcSigma": 0.6343, "car_lcSpeedGainRight": 0.9, "car_lcSublane": 0.7881, "car_sigma": 0.4417, "car_tau_mean": 2.3228, "car_tau_std": 4.3205, "car_v_mean": 18.8667, "car_v_std": 16.6184}, "datetime": {"datetime": "2024-08-08 14:00:28", "elapsed": 4415.927147, "delta": 6.022974}}
{"target": -0.3439855774953232, "params": {"bus_acc": 1.4923, "bus_dcc": 2.5098, "bus_lcAssertive": 13.7155, "bus_lcCooperative": 0.4578, "bus_lcLookaheadLeft": 94.562, "bus_lcPushy": 0.9586, "bus_lcSigma": 0.4405, "bus_lcSpeedGainRight": 0.3536, "bus_lcSublane": 0.2351, "bus_sigma": 0.5369, "bus_tau_mean": 0.9698, "bus_tau_std": 3.0774, "bus_v_mean": 16.122, "bus_v_std": 17.4292, "car_acc": 2.5981, "car_dcc": 2.7987, "car_lcAssertive": 24.3694, "car_lcCooperative": 0.3418, "car_lcLookaheadLeft": 51.4056, "car_lcPushy": 0.4894, "car_lcSigma": 0.1225, "car_lcSpeedGainRight": 4.2759, "car_lcSublane": 0.1965, "car_sigma": 0.1422, "car_tau_mean": 2.647, "car_tau_std": 4.8637, "car_v_mean": 22.892, "car_v_std": 13.4729}, "datetime": {"datetime": "2024-08-08 14:00:33", "elapsed": 4420.759212, "delta": 4.832065}}
{"target": -0.35406166973468667, "params": {"bus_acc": 4.2946, "bus_dcc": 2.5638, "bus_lcAssertive": 77.8635, "bus_lcCooperative": 0.1972, "bus_lcLookaheadLeft": 46.6028, "bus_lcPushy": 0.4003, "bus_lcSigma": 0.6867, "bus_lcSpeedGainRight": 1.9988, "bus_lcSublane": 0.6927, "bus_sigma": 0.7216, "bus_tau_mean": 3.0176, "bus_tau_std": 9.9093, "bus_v_mean": 12.0951, "bus_v_std": 12.3669, "car_acc": 2.3754, "car_dcc": 3.6276, "car_lcAssertive": 39.357, "car_lcCooperative": 0.3902, "car_lcLookaheadLeft": 26.5755, "car_lcPushy": 0.0617, "car_lcSigma": 0.7972, "car_lcSpeedGainRight": 2.6328, "car_lcSublane": 0.9197, "car_sigma": 0.6638, "car_tau_mean": 2.3168, "car_tau_std": 9.667, "car_v_mean": 17.6763, "car_v_std": 11.7286}, "datetime": {"datetime": "2024-08-08 14:00:38", "elapsed": 4426.292277, "delta": 5.533065}}
{"target": -0.3255866996237248, "params": {"bus_acc": 4.9603, "bus_dcc": 2.0215, "bus_lcAssertive": 35.3486, "bus_lcCooperative": 0.964, "bus_lcLookaheadLeft": 11.3527, "bus_lcPushy": 0.8282, "bus_lcSigma": 0.2855, "bus_lcSpeedGainRight": 0.8706, "bus_lcSublane": 0.8346, "bus_sigma": 0.4995, "bus_tau_mean": 2.7317, "bus_tau_std": 9.7959, "bus_v_mean": 11.3622, "bus_v_std": 3.405, "car_acc": 3.2015, "car_dcc": 3.338, "car_lcAssertive": 51.7883, "car_lcCooperative": 0.6249, "car_lcLookaheadLeft": 17.4519, "car_lcPushy": 0.8785, "car_lcSigma": 0.8416, "car_lcSpeedGainRight": 2.0268, "car_lcSublane": 0.936, "car_sigma": 0.7492, "car_tau_mean": 2.8851, "car_tau_std": 3.8369, "car_v_mean": 21.3439, "car_v_std": 19.142}, "datetime": {"datetime": "2024-08-08 14:00:43", "elapsed": 4431.090244, "delta": 4.797967}}
{"target": -0.3681279968280863, "params": {"bus_acc": 3.5198, "bus_dcc": 1.1749, "bus_lcAssertive": 99.9275, "bus_lcCooperative": 0.7758, "bus_lcLookaheadLeft": 17.577, "bus_lcPushy": 0.6497, "bus_lcSigma": 0.8499, "bus_lcSpeedGainRight": 3.7095, "bus_lcSublane": 0.4794, "bus_sigma": 0.064, "bus_tau_mean": 2.8813, "bus_tau_std": 8.9787, "bus_v_mean": 11.3948, "bus_v_std": 6.32, "car_acc": 2.2329, "car_dcc": 2.7022, "car_lcAssertive": 97.6571, "car_lcCooperative": 0.0665, "car_lcLookaheadLeft": 43.8389, "car_lcPushy": 0.4106, "car_lcSigma": 0.0969, "car_lcSpeedGainRight": 2.8467, "car_lcSublane": 0.9596, "car_sigma": 0.8285, "car_tau_mean": 1.3968, "car_tau_std": 2.475, "car_v_mean": 16.6188, "car_v_std": 13.691}, "datetime": {"datetime": "2024-08-08 14:00:47", "elapsed": 4435.46604, "delta": 4.375796}}
{"target": -0.3919215673884918, "params": {"bus_acc": 3.3604, "bus_dcc": 2.6121, "bus_lcAssertive": 72.845, "bus_lcCooperative": 0.9485, "bus_lcLookaheadLeft": 88.409, "bus_lcPushy": 0.8211, "bus_lcSigma": 0.735, "bus_lcSpeedGainRight": 2.5595, "bus_lcSublane": 0.4191, "bus_sigma": 0.1341, "bus_tau_mean": 3.3658, "bus_tau_std": 5.0559, "bus_v_mean": 19.7757, "bus_v_std": 13.6226, "car_acc": 1.1698, "car_dcc": 3.5511, "car_lcAssertive": 24.0147, "car_lcCooperative": 0.9694, "car_lcLookaheadLeft": 62.7263, "car_lcPushy": 0.5889, "car_lcSigma": 0.5644, "car_lcSpeedGainRight": 3.1954, "car_lcSublane": 0.747, "car_sigma": 0.5239, "car_tau_mean": 2.8778, "car_tau_std": 8.8921, "car_v_mean": 16.1095, "car_v_std": 15.234}, "datetime": {"datetime": "2024-08-08 14:00:50", "elapsed": 4438.082994, "delta": 2.616954}}
{"target": -0.3731504379757748, "params": {"bus_acc": 4.3809, "bus_dcc": 3.4548, "bus_lcAssertive": 78.9562, "bus_lcCooperative": 0.3184, "bus_lcLookaheadLeft": 66.2073, "bus_lcPushy": 0.273, "bus_lcSigma": 0.761, "bus_lcSpeedGainRight": 4.6499, "bus_lcSublane": 0.7104, "bus_sigma": 0.7361, "bus_tau_mean": 3.979, "bus_tau_std": 7.5574, "bus_v_mean": 10.2572, "bus_v_std": 18.9371, "car_acc": 1.7896, "car_dcc": 2.6416, "car_lcAssertive": 95.8354, "car_lcCooperative": 0.9589, "car_lcLookaheadLeft": 49.705, "car_lcPushy": 0.1459, "car_lcSigma": 0.3157, "car_lcSpeedGainRight": 4.0475, "car_lcSublane": 0.3445, "car_sigma": 0.9751, "car_tau_mean": 1.9061, "car_tau_std": 6.2525, "car_v_mean": 15.3362, "car_v_std": 9.4795}, "datetime": {"datetime": "2024-08-08 14:00:55", "elapsed": 4442.994699, "delta": 4.911705}}
{"target": -0.3737709000737375, "params": {"bus_acc": 4.8701, "bus_dcc": 1.4662, "bus_lcAssertive": 92.1025, "bus_lcCooperative": 0.7658, "bus_lcLookaheadLeft": 37.1854, "bus_lcPushy": 0.0831, "bus_lcSigma": 0.2615, "bus_lcSpeedGainRight": 2.8711, "bus_lcSublane": 0.3988, "bus_sigma": 0.1956, "bus_tau_mean": 1.6581, "bus_tau_std": 1.9367, "bus_v_mean": 17.8442, "bus_v_std": 4.8995, "car_acc": 3.2016, "car_dcc": 1.363, "car_lcAssertive": 25.3614, "car_lcCooperative": 0.283, "car_lcLookaheadLeft": 53.7738, "car_lcPushy": 0.7966, "car_lcSigma": 0.4104, "car_lcSpeedGainRight": 4.5386, "car_lcSublane": 0.5984, "car_sigma": 0.5117, "car_tau_mean": 1.188, "car_tau_std": 4.7993, "car_v_mean": 22.812, "car_v_std": 7.7099}, "datetime": {"datetime": "2024-08-08 14:01:00", "elapsed": 4448.470337, "delta": 5.475638}}
{"target": -0.3393961329700085, "params": {"bus_acc": 3.7992, "bus_dcc": 1.5671, "bus_lcAssertive": 49.1269, "bus_lcCooperative": 0.9746, "bus_lcLookaheadLeft": 47.6178, "bus_lcPushy": 0.6022, "bus_lcSigma": 0.7046, "bus_lcSpeedGainRight": 0.7698, "bus_lcSublane": 0.4253, "bus_sigma": 0.0427, "bus_tau_mean": 3.7179, "bus_tau_std": 0.528, "bus_v_mean": 15.9929, "bus_v_std": 18.1443, "car_acc": 4.9284, "car_dcc": 1.7638, "car_lcAssertive": 94.6459, "car_lcCooperative": 0.5926, "car_lcLookaheadLeft": 47.3177, "car_lcPushy": 0.1439, "car_lcSigma": 0.7156, "car_lcSpeedGainRight": 3.8723, "car_lcSublane": 0.8196, "car_sigma": 0.8189, "car_tau_mean": 2.3937, "car_tau_std": 2.8228, "car_v_mean": 13.4394, "car_v_std": 7.7247}, "datetime": {"datetime": "2024-08-08 14:01:03", "elapsed": 4450.830734, "delta": 2.360397}}
{"target": -0.35820668298297, "params": {"bus_acc": 3.0108, "bus_dcc": 1.9326, "bus_lcAssertive": 4.3976, "bus_lcCooperative": 0.7964, "bus_lcLookaheadLeft": 17.3293, "bus_lcPushy": 0.8998, "bus_lcSigma": 0.7815, "bus_lcSpeedGainRight": 1.039, "bus_lcSublane": 0.6492, "bus_sigma": 0.2354, "bus_tau_mean": 2.012, "bus_tau_std": 6.6773, "bus_v_mean": 11.9381, "bus_v_std": 18.3994, "car_acc": 4.6729, "car_dcc": 2.6826, "car_lcAssertive": 28.6161, "car_lcCooperative": 0.4761, "car_lcLookaheadLeft": 62.9075, "car_lcPushy": 0.2781, "car_lcSigma": 0.622, "car_lcSpeedGainRight": 1.6476, "car_lcSublane": 0.5247, "car_sigma": 0.9961, "car_tau_mean": 0.7796, "car_tau_std": 6.6064, "car_v_mean": 13.5045, "car_v_std": 7.4342}, "datetime": {"datetime": "2024-08-08 14:01:05", "elapsed": 4453.227787, "delta": 2.397053}}
{"target": -0.35065063656641776, "params": {"bus_acc": 2.1093, "bus_dcc": 2.6365, "bus_lcAssertive": 61.2751, "bus_lcCooperative": 0.0915, "bus_lcLookaheadLeft": 20.9646, "bus_lcPushy": 0.0264, "bus_lcSigma": 0.8327, "bus_lcSpeedGainRight": 3.5152, "bus_lcSublane": 0.4592, "bus_sigma": 0.8292, "bus_tau_mean": 2.361, "bus_tau_std": 0.5496, "bus_v_mean": 19.191, "bus_v_std": 5.5863, "car_acc": 1.8218, "car_dcc": 2.6411, "car_lcAssertive": 24.5216, "car_lcCooperative": 0.7432, "car_lcLookaheadLeft": 38.363, "car_lcPushy": 0.2774, "car_lcSigma": 0.469, "car_lcSpeedGainRight": 2.8141, "car_lcSublane": 0.9536, "car_sigma": 0.7062, "car_tau_mean": 3.884, "car_tau_std": 1.8968, "car_v_mean": 16.7751, "car_v_std": 7.5935}, "datetime": {"datetime": "2024-08-08 14:01:09", "elapsed": 4456.656476, "delta": 3.428689}}
{"target": -0.36726250226037804, "params": {"bus_acc": 2.4936, "bus_dcc": 2.4446, "bus_lcAssertive": 30.5324, "bus_lcCooperative": 0.27, "bus_lcLookaheadLeft": 71.9064, "bus_lcPushy": 0.3947, "bus_lcSigma": 0.767, "bus_lcSpeedGainRight": 4.5307, "bus_lcSublane": 0.0007, "bus_sigma": 0.3032, "bus_tau_mean": 2.5314, "bus_tau_std": 5.4328, "bus_v_mean": 20.8733, "bus_v_std": 17.3403, "car_acc": 2.6804, "car_dcc": 2.6418, "car_lcAssertive": 26.2557, "car_lcCooperative": 0.1481, "car_lcLookaheadLeft": 45.8318, "car_lcPushy": 0.5507, "car_lcSigma": 0.9748, "car_lcSpeedGainRight": 4.7039, "car_lcSublane": 0.2655, "car_sigma": 0.2617, "car_tau_mean": 2.1922, "car_tau_std": 2.5631, "car_v_mean": 20.0049, "car_v_std": 16.4816}, "datetime": {"datetime": "2024-08-08 14:01:11", "elapsed": 4458.9877, "delta": 2.331224}}
{"target": -0.34042087454613773, "params": {"bus_acc": 2.7277, "bus_dcc": 1.9935, "bus_lcAssertive": 27.7765, "bus_lcCooperative": 0.5586, "bus_lcLookaheadLeft": 19.8221, "bus_lcPushy": 0.4613, "bus_lcSigma": 0.8936, "bus_lcSpeedGainRight": 2.4207, "bus_lcSublane": 0.6467, "bus_sigma": 0.3755, "bus_tau_mean": 1.0874, "bus_tau_std": 9.3221, "bus_v_mean": 19.3088, "bus_v_std": 8.6413, "car_acc": 4.104, "car_dcc": 3.6196, "car_lcAssertive": 33.3264, "car_lcCooperative": 0.9317, "car_lcLookaheadLeft": 55.162, "car_lcPushy": 0.2743, "car_lcSigma": 0.4996, "car_lcSpeedGainRight": 3.5354, "car_lcSublane": 0.0973, "car_sigma": 0.1937, "car_tau_mean": 3.7121, "car_tau_std": 2.1408, "car_v_mean": 14.1033, "car_v_std": 7.4498}, "datetime": {"datetime": "2024-08-08 14:01:14", "elapsed": 4462.111506, "delta": 3.123806}}
{"target": -0.42686416980141484, "params": {"bus_acc": 4.7557, "bus_dcc": 2.1424, "bus_lcAssertive": 76.7602, "bus_lcCooperative": 0.1044, "bus_lcLookaheadLeft": 81.0832, "bus_lcPushy": 0.3517, "bus_lcSigma": 0.124, "bus_lcSpeedGainRight": 1.9673, "bus_lcSublane": 0.0044, "bus_sigma": 0.2938, "bus_tau_mean": 3.7209, "bus_tau_std": 7.7187, "bus_v_mean": 18.3574, "bus_v_std": 1.6226, "car_acc": 1.0265, "car_dcc": 1.9489, "car_lcAssertive": 29.2325, "car_lcCooperative": 0.6846, "car_lcLookaheadLeft": 32.6025, "car_lcPushy": 0.8491, "car_lcSigma": 0.2383, "car_lcSpeedGainRight": 2.1149, "car_lcSublane": 0.9762, "car_sigma": 0.7794, "car_tau_mean": 0.7973, "car_tau_std": 6.9948, "car_v_mean": 11.0868, "car_v_std": 4.8813}, "datetime": {"datetime": "2024-08-08 14:01:20", "elapsed": 4467.992346, "delta": 5.88084}}
{"target": -0.3302704712489521, "params": {"bus_acc": 1.8168, "bus_dcc": 1.0325, "bus_lcAssertive": 16.1729, "bus_lcCooperative": 0.126, "bus_lcLookaheadLeft": 68.3702, "bus_lcPushy": 0.3482, "bus_lcSigma": 0.929, "bus_lcSpeedGainRight": 3.9755, "bus_lcSublane": 0.8232, "bus_sigma": 0.8163, "bus_tau_mean": 3.1453, "bus_tau_std": 8.8254, "bus_v_mean": 9.6224, "bus_v_std": 8.4717, "car_acc": 1.8554, "car_dcc": 1.1243, "car_lcAssertive": 35.7833, "car_lcCooperative": 0.9318, "car_lcLookaheadLeft": 34.4763, "car_lcPushy": 0.0932, "car_lcSigma": 0.7148, "car_lcSpeedGainRight": 0.5478, "car_lcSublane": 0.5475, "car_sigma": 0.0068, "car_tau_mean": 3.1935, "car_tau_std": 8.8817, "car_v_mean": 17.808, "car_v_std": 3.0494}, "datetime": {"datetime": "2024-08-08 14:01:25", "elapsed": 4472.598309, "delta": 4.605963}}
{"target": -0.3533632716251386, "params": {"bus_acc": 2.3075, "bus_dcc": 3.5879, "bus_lcAssertive": 4.8178, "bus_lcCooperative": 0.6603, "bus_lcLookaheadLeft": 80.0057, "bus_lcPushy": 0.7247, "bus_lcSigma": 0.3777, "bus_lcSpeedGainRight": 4.6294, "bus_lcSublane": 0.3201, "bus_sigma": 0.4216, "bus_tau_mean": 3.7981, "bus_tau_std": 3.6482, "bus_v_mean": 13.5833, "bus_v_std": 15.0516, "car_acc": 2.5679, "car_dcc": 1.8427, "car_lcAssertive": 37.8464, "car_lcCooperative": 0.4408, "car_lcLookaheadLeft": 52.7905, "car_lcPushy": 0.8224, "car_lcSigma": 0.3641, "car_lcSpeedGainRight": 0.3807, "car_lcSublane": 0.1002, "car_sigma": 0.233, "car_tau_mean": 2.1887, "car_tau_std": 7.7834, "car_v_mean": 23.3414, "car_v_std": 0.926}, "datetime": {"datetime": "2024-08-08 14:01:29", "elapsed": 4476.64017, "delta": 4.041861}}
{"target": -0.3298918892372837, "params": {"bus_acc": 4.7899, "bus_dcc": 3.8352, "bus_lcAssertive": 82.0426, "bus_lcCooperative": 0.4451, "bus_lcLookaheadLeft": 59.7974, "bus_lcPushy": 0.0329, "bus_lcSigma": 0.0688, "bus_lcSpeedGainRight": 2.2442, "bus_lcSublane": 0.0353, "bus_sigma": 0.4453, "bus_tau_mean": 3.4369, "bus_tau_std": 5.2582, "bus_v_mean": 10.0733, "bus_v_std": 15.4501, "car_acc": 4.5263, "car_dcc": 1.369, "car_lcAssertive": 81.8183, "car_lcCooperative": 0.5026, "car_lcLookaheadLeft": 87.4418, "car_lcPushy": 0.2803, "car_lcSigma": 0.8643, "car_lcSpeedGainRight": 1.2199, "car_lcSublane": 0.9392, "car_sigma": 0.0074, "car_tau_mean": 3.9506, "car_tau_std": 7.5823, "car_v_mean": 19.5315, "car_v_std": 12.1496}, "datetime": {"datetime": "2024-08-08 14:01:34", "elapsed": 4481.956077, "delta": 5.315907}}
{"target": -0.37360509174113454, "params": {"bus_acc": 4.0383, "bus_dcc": 2.6967, "bus_lcAssertive": 37.618, "bus_lcCooperative": 0.879, "bus_lcLookaheadLeft": 98.5891, "bus_lcPushy": 0.9175, "bus_lcSigma": 0.2588, "bus_lcSpeedGainRight": 3.1698, "bus_lcSublane": 0.9721, "bus_sigma": 0.2616, "bus_tau_mean": 3.3778, "bus_tau_std": 1.0297, "bus_v_mean": 18.4478, "bus_v_std": 6.0298, "car_acc": 1.3494, "car_dcc": 1.2044, "car_lcAssertive": 33.2434, "car_lcCooperative": 0.7395, "car_lcLookaheadLeft": 82.3795, "car_lcPushy": 0.7777, "car_lcSigma": 0.3291, "car_lcSpeedGainRight": 2.1759, "car_lcSublane": 0.1639, "car_sigma": 0.6887, "car_tau_mean": 3.3718, "car_tau_std": 3.6248, "car_v_mean": 15.0437, "car_v_std": 5.0971}, "datetime": {"datetime": "2024-08-08 14:01:37", "elapsed": 4485.471821, "delta": 3.515744}}
{"target": -0.3514696390165639, "params": {"bus_acc": 2.6837, "bus_dcc": 2.366, "bus_lcAssertive": 73.844, "bus_lcCooperative": 0.9621, "bus_lcLookaheadLeft": 9.4394, "bus_lcPushy": 0.8466, "bus_lcSigma": 0.6162, "bus_lcSpeedGainRight": 1.4942, "bus_lcSublane": 0.2607, "bus_sigma": 0.378, "bus_tau_mean": 3.7159, "bus_tau_std": 3.64, "bus_v_mean": 21.4315, "bus_v_std": 7.1769, "car_acc": 2.6673, "car_dcc": 3.2535, "car_lcAssertive": 65.3463, "car_lcCooperative": 0.2837, "car_lcLookaheadLeft": 23.7435, "car_lcPushy": 0.1628, "car_lcSigma": 0.9462, "car_lcSpeedGainRight": 3.462, "car_lcSublane": 0.8397, "car_sigma": 0.9398, "car_tau_mean": 3.9706, "car_tau_std": 1.8759, "car_v_mean": 15.4398, "car_v_std": 12.5961}, "datetime": {"datetime": "2024-08-08 14:01:41", "elapsed": 4489.507491, "delta": 4.03567}}
{"target": -0.3355653320531448, "params": {"bus_acc": 4.5734, "bus_dcc": 3.8384, "bus_lcAssertive": 62.1263, "bus_lcCooperative": 0.8065, "bus_lcLookaheadLeft": 67.2777, "bus_lcPushy": 0.7358, "bus_lcSigma": 0.3966, "bus_lcSpeedGainRight": 3.6507, "bus_lcSublane": 0.9254, "bus_sigma": 0.5575, "bus_tau_mean": 3.8219, "bus_tau_std": 1.4003, "bus_v_mean": 12.7695, "bus_v_std": 9.9978, "car_acc": 4.9053, "car_dcc": 3.0167, "car_lcAssertive": 12.7644, "car_lcCooperative": 0.3154, "car_lcLookaheadLeft": 64.9484, "car_lcPushy": 0.5316, "car_lcSigma": 0.2539, "car_lcSpeedGainRight": 2.6312, "car_lcSublane": 0.2459, "car_sigma": 0.1587, "car_tau_mean": 3.9492, "car_tau_std": 2.2017, "car_v_mean": 9.7591, "car_v_std": 14.8305}, "datetime": {"datetime": "2024-08-08 14:01:44", "elapsed": 4492.283914, "delta": 2.776423}}
{"target": -0.4073465136120822, "params": {"bus_acc": 2.9088, "bus_dcc": 2.4502, "bus_lcAssertive": 70.8147, "bus_lcCooperative": 0.6207, "bus_lcLookaheadLeft": 12.3447, "bus_lcPushy": 0.8736, "bus_lcSigma": 0.7689, "bus_lcSpeedGainRight": 2.1314, "bus_lcSublane": 0.0951, "bus_sigma": 0.546, "bus_tau_mean": 1.0552, "bus_tau_std": 5.6715, "bus_v_mean": 22.0145, "bus_v_std": 7.652, "car_acc": 3.6336, "car_dcc": 2.3815, "car_lcAssertive": 70.0872, "car_lcCooperative": 0.2704, "car_lcLookaheadLeft": 20.5499, "car_lcPushy": 0.6716, "car_lcSigma": 0.1572, "car_lcSpeedGainRight": 3.6588, "car_lcSublane": 0.3645, "car_sigma": 0.1264, "car_tau_mean": 0.5195, "car_tau_std": 1.319, "car_v_mean": 17.3037, "car_v_std": 2.8202}, "datetime": {"datetime": "2024-08-08 14:01:47", "elapsed": 4495.086, "delta": 2.802086}}
{"target": -0.33318057903067194, "params": {"bus_acc": 2.612, "bus_dcc": 2.3811, "bus_lcAssertive": 13.3742, "bus_lcCooperative": 0.3051, "bus_lcLookaheadLeft": 98.2603, "bus_lcPushy": 0.6181, "bus_lcSigma": 0.9638, "bus_lcSpeedGainRight": 0.5236, "bus_lcSublane": 0.6327, "bus_sigma": 0.9945, "bus_tau_mean": 2.8165, "bus_tau_std": 9.9899, "bus_v_mean": 8.8891, "bus_v_std": 19.7707, "car_acc": 3.0866, "car_dcc": 2.5961, "car_lcAssertive": 99.3694, "car_lcCooperative": 0.2767, "car_lcLookaheadLeft": 56.9893, "car_lcPushy": 0.3243, "car_lcSigma": 0.1411, "car_lcSpeedGainRight": 1.7246, "car_lcSublane": 0.0616, "car_sigma": 0.8804, "car_tau_mean": 3.7635, "car_tau_std": 7.0693, "car_v_mean": 22.5314, "car_v_std": 7.7559}, "datetime": {"datetime": "2024-08-08 14:01:50", "elapsed": 4498.39824, "delta": 3.31224}}
{"target": -0.36040244761183376, "params": {"bus_acc": 2.2507, "bus_dcc": 2.5052, "bus_lcAssertive": 44.4363, "bus_lcCooperative": 0.3005, "bus_lcLookaheadLeft": 76.0008, "bus_lcPushy": 0.1444, "bus_lcSigma": 0.1675, "bus_lcSpeedGainRight": 1.7129, "bus_lcSublane": 0.0066, "bus_sigma": 0.2521, "bus_tau_mean": 1.0385, "bus_tau_std": 3.649, "bus_v_mean": 20.6854, "bus_v_std": 9.9258, "car_acc": 1.0221, "car_dcc": 1.6172, "car_lcAssertive": 22.9389, "car_lcCooperative": 0.9956, "car_lcLookaheadLeft": 7.9135, "car_lcPushy": 0.6607, "car_lcSigma": 0.2541, "car_lcSpeedGainRight": 0.0679, "car_lcSublane": 0.9444, "car_sigma": 0.9506, "car_tau_mean": 3.3627, "car_tau_std": 9.7096, "car_v_mean": 9.1241, "car_v_std": 3.5739}, "datetime": {"datetime": "2024-08-08 14:01:53", "elapsed": 4501.408385, "delta": 3.010145}}
