{"target": -0.03385400934681348, "params": {"bus_acc": 1.7287309597140559, "bus_dcc": 3.6768217878285174, "bus_lcAssertive": 3.743462272114134, "bus_lcCooperative": 0.08539013912317062, "bus_lcLookaheadLeft": 98.17822564390302, "bus_lcPushy": 0.6095019257734966, "bus_lcSublane": 0.41763234681418326, "bus_tau_mean": 1.0922496464279168, "bus_tau_std": 6.4990115308969, "bus_v_mean": 8.591601093749725, "bus_v_std": 3.116139134607047, "car_acc": 1.6469583939781507, "car_dcc": 2.8223256805436607, "car_lcAssertive": 65.43229441089402, "car_lcCooperative": 0.8460545992364693, "car_lcLookaheadLeft": 92.90293237455926, "car_lcPushy": 0.6604577276110997, "car_lcSublane": 0.5781739184085382, "car_tau_mean": 1.8955044027015293, "car_tau_std": 9.66612492642142, "car_v_mean": 10.465266749317719, "car_v_std": 8.950868086486484}, "datetime": {"datetime": "2024-08-04 14:28:20", "elapsed": 443.414613, "delta": 4.215515}}
{"target": -0.030598654178095246, "params": {"bus_acc": 2.4622752063979334, "bus_dcc": 2.6364135056461584, "bus_lcAssertive": 61.0470076211378, "bus_lcCooperative": 0.029782944129560285, "bus_lcLookaheadLeft": 16.3812432165564, "bus_lcPushy": 0.28398322546618515, "bus_lcSublane": 0.0048720479536060735, "bus_tau_mean": 2.8420522922899787, "bus_tau_std": 8.702579489225982, "bus_v_mean": 16.751492948339852, "bus_v_std": 5.4316404751920375, "car_acc": 2.231451857226075, "car_dcc": 1.9065445012474125, "car_lcAssertive": 37.306466184433226, "car_lcCooperative": 0.5749397272777665, "car_lcLookaheadLeft": 81.30322520429976, "car_lcPushy": 0.2015966344081711, "car_lcSublane": 0.32752405584828914, "car_tau_mean": 3.1002243763639394, "car_tau_std": 3.4092024913234207, "car_v_mean": 8.76177485930488, "car_v_std": 1.5635692867625162}, "datetime": {"datetime": "2024-08-04 14:28:22", "elapsed": 445.013125, "delta": 1.598512}}
{"target": -0.04544533195475201, "params": {"bus_acc": 1.6447149782654213, "bus_dcc": 1.745272738990597, "bus_lcAssertive": 50.05400315475811, "bus_lcCooperative": 0.8244596107976835, "bus_lcLookaheadLeft": 85.68929666433324, "bus_lcPushy": 0.5958299420587015, "bus_lcSublane": 0.24017373383106666, "bus_tau_mean": 1.1527244089543984, "bus_tau_std": 7.43390512402039, "bus_v_mean": 11.795424922296762, "bus_v_std": 5.394908909265497, "car_acc": 2.4985615742543836, "car_dcc": 1.6847473138461577, "car_lcAssertive": 18.27561756970166, "car_lcCooperative": 0.03973568657585125, "car_lcLookaheadLeft": 16.461746094594858, "car_lcPushy": 0.8514389069469908, "car_lcSublane": 0.10463591174495857, "car_tau_mean": 1.2827576593456123, "car_tau_std": 0.3275719974597713, "car_v_mean": 18.821706167220455, "car_v_std": 2.3170314146471958}, "datetime": {"datetime": "2024-08-04 14:28:26", "elapsed": 448.94365, "delta": 3.930525}}
{"target": -0.033813708923453194, "params": {"bus_acc": 1.6774160509633593, "bus_dcc": 2.571688406998395, "bus_lcAssertive": 75.73425424899274, "bus_lcCooperative": 0.46385778390029564, "bus_lcLookaheadLeft": 14.232609224944277, "bus_lcPushy": 0.3125013784920495, "bus_lcSublane": 0.5045191697009946, "bus_tau_mean": 2.8584715280590367, "bus_tau_std": 7.7014995631209215, "bus_v_mean": 10.085372495269668, "bus_v_std": 0.22915131322381765, "car_acc": 2.038164644423979, "car_dcc": 3.429966131987249, "car_lcAssertive": 2.2477729359577547, "car_lcCooperative": 0.6724698446537339, "car_lcLookaheadLeft": 69.3072062123852, "car_lcPushy": 0.44924675358663757, "car_lcSublane": 0.9147886867419343, "car_tau_mean": 2.7552637966494755, "car_tau_std": 0.05239837651465851, "car_v_mean": 15.75085512823001, "car_v_std": 8.593178060976}, "datetime": {"datetime": "2024-08-04 14:28:27", "elapsed": 450.232844, "delta": 1.289194}}
{"target": -0.03379912378900642, "params": {"bus_acc": 1.0117619628892565, "bus_dcc": 3.2048260560518846, "bus_lcAssertive": 44.90688034848957, "bus_lcCooperative": 0.6978416560498484, "bus_lcLookaheadLeft": 20.134248264423647, "bus_lcPushy": 0.06261980198391548, "bus_lcSublane": 0.3781085867830213, "bus_tau_mean": 2.935987786559229, "bus_tau_std": 1.0281836745431583, "bus_v_mean": 11.133347738799879, "bus_v_std": 4.539526504065199, "car_acc": 2.242298379387292, "car_dcc": 3.250372744206955, "car_lcAssertive": 11.863767107280003, "car_lcCooperative": 0.6246236071556411, "car_lcLookaheadLeft": 39.96133117015912, "car_lcPushy": 0.670090368747807, "car_lcSublane": 0.2035603776619016, "car_tau_mean": 2.347715791357559, "car_tau_std": 1.721625549559327, "car_v_mean": 8.298896095942006, "car_v_std": 4.869502464239571}, "datetime": {"datetime": "2024-08-04 14:28:30", "elapsed": 453.644037, "delta": 3.411193}}
{"target": -0.03118099332187893, "params": {"bus_acc": 2.338465786906369, "bus_dcc": 1.7947586729884282, "bus_lcAssertive": 7.567148608415716, "bus_lcCooperative": 0.3700841979141063, "bus_lcLookaheadLeft": 63.71231568811332, "bus_lcPushy": 0.2101740099148396, "bus_lcSublane": 0.7527555537388139, "bus_tau_mean": 0.7328776847394023, "bus_tau_std": 2.6031509857854096, "bus_v_mean": 20.876073019893525, "bus_v_std": 1.9343428262332774, "car_acc": 2.2789217617598805, "car_dcc": 2.574010927371201, "car_lcAssertive": 92.55598906953571, "car_lcCooperative": 0.263296770487111, "car_lcLookaheadLeft": 8.46418688703433, "car_lcPushy": 0.7350659632886695, "car_lcSublane": 0.7721780295432468, "car_tau_mean": 3.677355483762334, "car_tau_std": 9.319720691968373, "car_v_mean": 8.223225167609552, "car_v_std": 2.3436208612142053}, "datetime": {"datetime": "2024-08-04 14:28:56", "elapsed": 479.12445, "delta": 25.480413}}
{"target": -0.05058183734182031, "params": {"bus_acc": 1.5805959941237364, "bus_dcc": 1.650674462835386, "bus_lcAssertive": 2.654843318623637, "bus_lcCooperative": 0.3986590599223787, "bus_lcLookaheadLeft": 39.345986146758335, "bus_lcPushy": 0.6593449361953647, "bus_lcSublane": 0.07091840047038722, "bus_tau_mean": 1.0341139546479514, "bus_tau_std": 0.16575882900934147, "bus_v_mean": 9.82074170315851, "bus_v_std": 6.517892760100904, "car_acc": 1.8053137043498384, "car_dcc": 1.9630789425019475, "car_lcAssertive": 56.23328743013347, "car_lcCooperative": 0.9934604630998499, "car_lcLookaheadLeft": 83.7796783737669, "car_lcPushy": 0.6996231823995839, "car_lcSublane": 0.9182585891320579, "car_tau_mean": 0.6390504733907969, "car_tau_std": 0.7033344161552524, "car_v_mean": 15.584100639808874, "car_v_std": 3.4916741295707734}, "datetime": {"datetime": "2024-08-04 14:30:04", "elapsed": 547.635252, "delta": 68.510802}}
{"target": -0.0391108226392828, "params": {"bus_acc": 1.0607993798575777, "bus_dcc": 2.099629291731233, "bus_lcAssertive": 86.37227903096637, "bus_lcCooperative": 0.6926777175073543, "bus_lcLookaheadLeft": 69.71232992248451, "bus_lcPushy": 0.18863680095531088, "bus_lcSublane": 0.44190428074842336, "bus_tau_mean": 2.5355209257050193, "bus_tau_std": 9.897517076637053, "bus_v_mean": 11.26249960372995, "bus_v_std": 2.4773290176235485, "car_acc": 1.5243461675458239, "car_dcc": 3.2505172398939783, "car_lcAssertive": 46.24055741613359, "car_lcCooperative": 0.05692943841109499, "car_lcLookaheadLeft": 51.83459157980348, "car_lcPushy": 0.21196016464367595, "car_lcSublane": 0.7986042447602102, "car_tau_mean": 1.5406598352754528, "car_tau_std": 0.2760601195450363, "car_v_mean": 17.494919191433937, "car_v_std": 8.438404289311888}, "datetime": {"datetime": "2024-08-04 14:30:28", "elapsed": 571.312534, "delta": 23.677282}}
{"target": -0.02889471228378709, "params": {"bus_acc": 2.535577955316346, "bus_dcc": 2.608025484218691, "bus_lcAssertive": 4.946132736909805, "bus_lcCooperative": 0.13479311796067905, "bus_lcLookaheadLeft": 20.954807103462, "bus_lcPushy": 0.3356638011646498, "bus_lcSublane": 0.05231294643747675, "bus_tau_mean": 2.6179087317512817, "bus_tau_std": 5.120610275239188, "bus_v_mean": 17.8793761922745, "bus_v_std": 4.32355594764344, "car_acc": 2.6954009364748757, "car_dcc": 2.362177168177454, "car_lcAssertive": 2.5249484594001688, "car_lcCooperative": 0.8730681484470995, "car_lcLookaheadLeft": 66.30775167892169, "car_lcPushy": 0.823003040648471, "car_lcSublane": 0.9517756930338517, "car_tau_mean": 0.6781933423091052, "car_tau_std": 2.3507186409101455, "car_v_mean": 9.013495095301437, "car_v_std": 4.216578860324509}, "datetime": {"datetime": "2024-08-04 14:30:47", "elapsed": 590.183934, "delta": 18.8714}}
{"target": -0.036016239397827686, "params": {"bus_acc": 1.5193967865967062, "bus_dcc": 1.7712078964664402, "bus_lcAssertive": 63.598028425582655, "bus_lcCooperative": 0.34529746159108154, "bus_lcLookaheadLeft": 80.06569044471418, "bus_lcPushy": 0.44614623200345727, "bus_lcSublane": 0.7827494147841719, "bus_tau_mean": 3.9666512426834424, "bus_tau_std": 3.0024833953390004, "bus_v_mean": 10.28809325212959, "bus_v_std": 9.013084363492737, "car_acc": 2.0831187577747468, "car_dcc": 3.9242211125652466, "car_lcAssertive": 64.02383560018782, "car_lcCooperative": 0.9939130246104789, "car_lcLookaheadLeft": 55.514938806009255, "car_lcPushy": 0.5264259339055213, "car_lcSublane": 0.1354279030721699, "car_tau_mean": 1.7449680984435838, "car_tau_std": 0.26218567296373285, "car_v_mean": 10.566322872314386, "car_v_std": 7.456371927074961}, "datetime": {"datetime": "2024-08-04 14:30:59", "elapsed": 602.275605, "delta": 12.091671}}
{"target": -0.04032796631767884, "params": {"bus_acc": 1.5896240235969907, "bus_dcc": 1.1247227018475017, "bus_lcAssertive": 98.98098842488744, "bus_lcCooperative": 0.4648876309118224, "bus_lcLookaheadLeft": 73.98933137693632, "bus_lcPushy": 0.6408076240458747, "bus_lcSublane": 0.7230933996660097, "bus_tau_mean": 0.678888163391407, "bus_tau_std": 9.200454054097136, "bus_v_mean": 22.829459486435866, "bus_v_std": 5.519950271541971, "car_acc": 2.927831777369102, "car_dcc": 1.8428666109711025, "car_lcAssertive": 60.61251608651798, "car_lcCooperative": 0.3964626900526239, "car_lcLookaheadLeft": 63.546276712012364, "car_lcPushy": 0.3006322885237481, "car_lcSublane": 0.8193583846560202, "car_tau_mean": 0.7442509247647299, "car_tau_std": 0.4187757029999628, "car_v_mean": 8.790342154133029, "car_v_std": 1.5045502836766345}, "datetime": {"datetime": "2024-08-04 14:32:29", "elapsed": 692.533502, "delta": 90.257897}}
{"target": -0.05469888924443309, "params": {"bus_acc": 2.14, "bus_dcc": 1.21, "bus_lcAssertive": 7.93, "bus_lcCooperative": 0.63, "bus_lcLookaheadLeft": 23.68, "bus_lcPushy": 0.88, "bus_lcSublane": 0.24, "bus_tau_mean": 2.32, "bus_tau_std": 6.88, "bus_v_mean": 17.15, "bus_v_std": 1.38, "car_acc": 2.69, "car_dcc": 2.47, "car_lcAssertive": 61.57, "car_lcCooperative": 0.6, "car_lcLookaheadLeft": 79.66, "car_lcPushy": 0.52, "car_lcSublane": 0.76, "car_tau_mean": 1.84, "car_tau_std": 7.74, "car_v_mean": 23.99, "car_v_std": 0.4}, "datetime": {"datetime": "2024-08-04 14:32:38", "elapsed": 701.154801, "delta": 8.621299}}
{"target": -0.056869128032456494, "params": {"bus_acc": 2.67, "bus_dcc": 1.27, "bus_lcAssertive": 49.67, "bus_lcCooperative": 0.63, "bus_lcLookaheadLeft": 22.0, "bus_lcPushy": 0.33, "bus_lcSublane": 0.58, "bus_tau_mean": 3.83, "bus_tau_std": 8.49, "bus_v_mean": 17.48, "bus_v_std": 3.01, "car_acc": 2.65, "car_dcc": 2.32, "car_lcAssertive": 62.81, "car_lcCooperative": 1.0, "car_lcLookaheadLeft": 72.11, "car_lcPushy": 0.31, "car_lcSublane": 0.95, "car_tau_mean": 1.9, "car_tau_std": 2.99, "car_v_mean": 20.7, "car_v_std": 0.61}, "datetime": {"datetime": "2024-08-04 14:33:49", "elapsed": 772.624385, "delta": 71.469584}}
{"target": -0.0398795072663752, "params": {"bus_acc": 2.24, "bus_dcc": 1.79, "bus_lcAssertive": 36.4, "bus_lcCooperative": 0.48, "bus_lcLookaheadLeft": 22.03, "bus_lcPushy": 0.78, "bus_lcSublane": 0.12, "bus_tau_mean": 2.01, "bus_tau_std": 7.28, "bus_v_mean": 9.41, "bus_v_std": 7.1, "car_acc": 2.09, "car_dcc": 1.37, "car_lcAssertive": 64.67, "car_lcCooperative": 0.4, "car_lcLookaheadLeft": 76.67, "car_lcPushy": 0.97, "car_lcSublane": 0.0, "car_tau_mean": 3.25, "car_tau_std": 5.96, "car_v_mean": 18.5, "car_v_std": 3.45}, "datetime": {"datetime": "2024-08-04 14:34:04", "elapsed": 787.619184, "delta": 14.994799}}
{"target": -0.048440149756837976, "params": {"bus_acc": 2.61, "bus_dcc": 2.78, "bus_lcAssertive": 9.0, "bus_lcCooperative": 0.84, "bus_lcLookaheadLeft": 34.2, "bus_lcPushy": 1.0, "bus_lcSublane": 0.25, "bus_tau_mean": 0.5, "bus_tau_std": 8.58, "bus_v_mean": 20.55, "bus_v_std": 8.58, "car_acc": 1.6, "car_dcc": 2.28, "car_lcAssertive": 22.92, "car_lcCooperative": 0.26, "car_lcLookaheadLeft": 17.26, "car_lcPushy": 0.1, "car_lcSublane": 0.51, "car_tau_mean": 2.14, "car_tau_std": 1.17, "car_v_mean": 20.77, "car_v_std": 1.64}, "datetime": {"datetime": "2024-08-04 14:34:05", "elapsed": 788.70445, "delta": 1.085266}}
{"target": -0.0477056451675777, "params": {"bus_acc": 1.64, "bus_dcc": 1.22, "bus_lcAssertive": 46.14, "bus_lcCooperative": 0.96, "bus_lcLookaheadLeft": 86.46, "bus_lcPushy": 0.07, "bus_lcSublane": 0.42, "bus_tau_mean": 3.3, "bus_tau_std": 2.33, "bus_v_mean": 22.24, "bus_v_std": 4.27, "car_acc": 2.5, "car_dcc": 1.15, "car_lcAssertive": 99.55, "car_lcCooperative": 0.3, "car_lcLookaheadLeft": 4.93, "car_lcPushy": 0.22, "car_lcSublane": 0.5, "car_tau_mean": 2.03, "car_tau_std": 4.85, "car_v_mean": 21.21, "car_v_std": 7.1}, "datetime": {"datetime": "2024-08-04 14:34:12", "elapsed": 795.087934, "delta": 6.383484}}
{"target": -0.0454054779377778, "params": {"bus_acc": 1.84, "bus_dcc": 1.07, "bus_lcAssertive": 12.72, "bus_lcCooperative": 0.4, "bus_lcLookaheadLeft": 24.1, "bus_lcPushy": 0.92, "bus_lcSublane": 0.25, "bus_tau_mean": 1.66, "bus_tau_std": 6.27, "bus_v_mean": 16.96, "bus_v_std": 6.73, "car_acc": 2.47, "car_dcc": 1.48, "car_lcAssertive": 17.09, "car_lcCooperative": 0.09, "car_lcLookaheadLeft": 13.07, "car_lcPushy": 0.79, "car_lcSublane": 0.16, "car_tau_mean": 2.97, "car_tau_std": 9.36, "car_v_mean": 17.88, "car_v_std": 3.74}, "datetime": {"datetime": "2024-08-04 14:34:39", "elapsed": 822.362864, "delta": 27.27493}}
{"target": -0.04340589723589808, "params": {"bus_acc": 1.38, "bus_dcc": 2.38, "bus_lcAssertive": 90.42, "bus_lcCooperative": 0.07, "bus_lcLookaheadLeft": 5.58, "bus_lcPushy": 0.2, "bus_lcSublane": 0.81, "bus_tau_mean": 2.04, "bus_tau_std": 2.99, "bus_v_mean": 17.6, "bus_v_std": 5.37, "car_acc": 2.4, "car_dcc": 1.2, "car_lcAssertive": 13.05, "car_lcCooperative": 0.34, "car_lcLookaheadLeft": 65.07, "car_lcPushy": 0.89, "car_lcSublane": 0.99, "car_tau_mean": 3.85, "car_tau_std": 7.9, "car_v_mean": 22.21, "car_v_std": 9.21}, "datetime": {"datetime": "2024-08-04 14:34:41", "elapsed": 823.909076, "delta": 1.546212}}
{"target": -0.05581123512607494, "params": {"bus_acc": 2.61, "bus_dcc": 2.27, "bus_lcAssertive": 73.31, "bus_lcCooperative": 0.95, "bus_lcLookaheadLeft": 40.22, "bus_lcPushy": 0.04, "bus_lcSublane": 0.07, "bus_tau_mean": 2.65, "bus_tau_std": 1.7, "bus_v_mean": 17.81, "bus_v_std": 0.69, "car_acc": 2.3, "car_dcc": 2.13, "car_lcAssertive": 53.17, "car_lcCooperative": 0.56, "car_lcLookaheadLeft": 66.77, "car_lcPushy": 0.15, "car_lcSublane": 0.75, "car_tau_mean": 3.66, "car_tau_std": 7.79, "car_v_mean": 22.99, "car_v_std": 4.07}, "datetime": {"datetime": "2024-08-04 14:34:44", "elapsed": 827.505466, "delta": 3.59639}}
{"target": -0.042401324796610934, "params": {"bus_acc": 2.43, "bus_dcc": 2.62, "bus_lcAssertive": 54.15, "bus_lcCooperative": 0.22, "bus_lcLookaheadLeft": 92.36, "bus_lcPushy": 0.28, "bus_lcSublane": 0.62, "bus_tau_mean": 3.55, "bus_tau_std": 3.83, "bus_v_mean": 21.94, "bus_v_std": 4.94, "car_acc": 1.91, "car_dcc": 3.36, "car_lcAssertive": 92.41, "car_lcCooperative": 0.89, "car_lcLookaheadLeft": 13.54, "car_lcPushy": 0.03, "car_lcSublane": 0.56, "car_tau_mean": 1.97, "car_tau_std": 8.07, "car_v_mean": 15.56, "car_v_std": 9.39}, "datetime": {"datetime": "2024-08-04 14:34:53", "elapsed": 836.603747, "delta": 9.098281}}
{"target": -0.05199597913011453, "params": {"bus_acc": 2.57, "bus_dcc": 2.57, "bus_lcAssertive": 15.03, "bus_lcCooperative": 0.8, "bus_lcLookaheadLeft": 31.99, "bus_lcPushy": 0.85, "bus_lcSublane": 0.88, "bus_tau_mean": 2.68, "bus_tau_std": 4.52, "bus_v_mean": 21.04, "bus_v_std": 5.0, "car_acc": 2.4, "car_dcc": 1.05, "car_lcAssertive": 24.41, "car_lcCooperative": 0.32, "car_lcLookaheadLeft": 15.68, "car_lcPushy": 0.86, "car_lcSublane": 0.29, "car_tau_mean": 1.41, "car_tau_std": 3.12, "car_v_mean": 20.32, "car_v_std": 1.76}, "datetime": {"datetime": "2024-08-04 14:34:57", "elapsed": 840.247477, "delta": 3.64373}}
{"target": -0.048626537403326286, "params": {"bus_acc": 2.53, "bus_dcc": 3.79, "bus_lcAssertive": 75.2, "bus_lcCooperative": 0.35, "bus_lcLookaheadLeft": 6.0, "bus_lcPushy": 0.6, "bus_lcSublane": 0.17, "bus_tau_mean": 2.66, "bus_tau_std": 5.01, "bus_v_mean": 21.48, "bus_v_std": 3.86, "car_acc": 1.45, "car_dcc": 1.26, "car_lcAssertive": 84.49, "car_lcCooperative": 0.65, "car_lcLookaheadLeft": 58.51, "car_lcPushy": 0.58, "car_lcSublane": 0.0, "car_tau_mean": 0.88, "car_tau_std": 6.31, "car_v_mean": 20.18, "car_v_std": 3.6}, "datetime": {"datetime": "2024-08-04 14:35:07", "elapsed": 850.128047, "delta": 9.88057}}
{"target": -0.05567350992666565, "params": {"bus_acc": 1.54, "bus_dcc": 1.88, "bus_lcAssertive": 12.18, "bus_lcCooperative": 0.22, "bus_lcLookaheadLeft": 29.95, "bus_lcPushy": 0.25, "bus_lcSublane": 0.9, "bus_tau_mean": 0.91, "bus_tau_std": 3.17, "bus_v_mean": 17.08, "bus_v_std": 2.47, "car_acc": 2.99, "car_dcc": 3.65, "car_lcAssertive": 14.14, "car_lcCooperative": 0.99, "car_lcLookaheadLeft": 19.74, "car_lcPushy": 0.37, "car_lcSublane": 0.95, "car_tau_mean": 1.61, "car_tau_std": 9.26, "car_v_mean": 22.55, "car_v_std": 1.21}, "datetime": {"datetime": "2024-08-04 14:35:21", "elapsed": 864.246528, "delta": 14.118481}}
{"target": -0.042715031873970265, "params": {"bus_acc": 1.18, "bus_dcc": 3.75, "bus_lcAssertive": 7.57, "bus_lcCooperative": 0.97, "bus_lcLookaheadLeft": 33.76, "bus_lcPushy": 0.32, "bus_lcSublane": 0.45, "bus_tau_mean": 2.84, "bus_tau_std": 5.25, "bus_v_mean": 18.41, "bus_v_std": 6.68, "car_acc": 1.7, "car_dcc": 1.73, "car_lcAssertive": 16.69, "car_lcCooperative": 0.68, "car_lcLookaheadLeft": 12.11, "car_lcPushy": 0.11, "car_lcSublane": 0.07, "car_tau_mean": 2.6, "car_tau_std": 3.29, "car_v_mean": 15.47, "car_v_std": 2.51}, "datetime": {"datetime": "2024-08-04 14:35:25", "elapsed": 868.297786, "delta": 4.051258}}
{"target": -0.04404482387056729, "params": {"bus_acc": 1.05, "bus_dcc": 2.64, "bus_lcAssertive": 68.07, "bus_lcCooperative": 0.02, "bus_lcLookaheadLeft": 30.51, "bus_lcPushy": 0.42, "bus_lcSublane": 0.81, "bus_tau_mean": 1.17, "bus_tau_std": 8.85, "bus_v_mean": 10.55, "bus_v_std": 5.73, "car_acc": 2.57, "car_dcc": 3.38, "car_lcAssertive": 42.47, "car_lcCooperative": 0.67, "car_lcLookaheadLeft": 38.52, "car_lcPushy": 0.65, "car_lcSublane": 0.84, "car_tau_mean": 2.06, "car_tau_std": 8.88, "car_v_mean": 20.01, "car_v_std": 2.62}, "datetime": {"datetime": "2024-08-04 14:35:28", "elapsed": 871.309063, "delta": 3.011277}}
{"target": -0.03482957281345319, "params": {"bus_acc": 2.87, "bus_dcc": 1.5, "bus_lcAssertive": 7.69, "bus_lcCooperative": 0.8, "bus_lcLookaheadLeft": 22.05, "bus_lcPushy": 0.12, "bus_lcSublane": 0.43, "bus_tau_mean": 1.49, "bus_tau_std": 7.27, "bus_v_mean": 16.98, "bus_v_std": 1.65, "car_acc": 1.03, "car_dcc": 2.66, "car_lcAssertive": 62.81, "car_lcCooperative": 0.17, "car_lcLookaheadLeft": 72.21, "car_lcPushy": 0.89, "car_lcSublane": 0.02, "car_tau_mean": 2.96, "car_tau_std": 3.22, "car_v_mean": 16.78, "car_v_std": 1.8}, "datetime": {"datetime": "2024-08-04 14:35:34", "elapsed": 877.068365, "delta": 5.759302}}
{"target": -0.0469348295216462, "params": {"bus_acc": 2.11, "bus_dcc": 2.24, "bus_lcAssertive": 43.27, "bus_lcCooperative": 0.74, "bus_lcLookaheadLeft": 19.43, "bus_lcPushy": 0.41, "bus_lcSublane": 0.11, "bus_tau_mean": 3.29, "bus_tau_std": 6.25, "bus_v_mean": 12.37, "bus_v_std": 6.84, "car_acc": 2.68, "car_dcc": 1.93, "car_lcAssertive": 66.69, "car_lcCooperative": 0.48, "car_lcLookaheadLeft": 75.68, "car_lcPushy": 0.62, "car_lcSublane": 0.45, "car_tau_mean": 2.42, "car_tau_std": 1.16, "car_v_mean": 22.62, "car_v_std": 2.83}, "datetime": {"datetime": "2024-08-04 14:35:39", "elapsed": 882.112801, "delta": 5.044436}}
{"target": -0.0549600075056969, "params": {"bus_acc": 2.07, "bus_dcc": 2.44, "bus_lcAssertive": 8.13, "bus_lcCooperative": 0.97, "bus_lcLookaheadLeft": 28.15, "bus_lcPushy": 0.39, "bus_lcSublane": 0.41, "bus_tau_mean": 3.46, "bus_tau_std": 9.3, "bus_v_mean": 19.28, "bus_v_std": 1.44, "car_acc": 1.97, "car_dcc": 3.38, "car_lcAssertive": 19.52, "car_lcCooperative": 0.78, "car_lcLookaheadLeft": 16.52, "car_lcPushy": 0.62, "car_lcSublane": 0.28, "car_tau_mean": 0.87, "car_tau_std": 3.83, "car_v_mean": 22.19, "car_v_std": 4.01}, "datetime": {"datetime": "2024-08-04 14:35:51", "elapsed": 894.063205, "delta": 11.950404}}
{"target": -0.04658174069921143, "params": {"bus_acc": 1.17, "bus_dcc": 1.16, "bus_lcAssertive": 32.14, "bus_lcCooperative": 0.75, "bus_lcLookaheadLeft": 97.74, "bus_lcPushy": 0.68, "bus_lcSublane": 0.22, "bus_tau_mean": 0.96, "bus_tau_std": 9.61, "bus_v_mean": 19.33, "bus_v_std": 0.53, "car_acc": 2.96, "car_dcc": 3.28, "car_lcAssertive": 17.13, "car_lcCooperative": 0.56, "car_lcLookaheadLeft": 65.05, "car_lcPushy": 0.94, "car_lcSublane": 0.83, "car_tau_mean": 3.77, "car_tau_std": 4.28, "car_v_mean": 22.62, "car_v_std": 7.68}, "datetime": {"datetime": "2024-08-04 14:36:03", "elapsed": 906.612672, "delta": 12.549467}}
{"target": -0.04533299468145491, "params": {"bus_acc": 1.49, "bus_dcc": 1.6, "bus_lcAssertive": 7.97, "bus_lcCooperative": 0.25, "bus_lcLookaheadLeft": 35.36, "bus_lcPushy": 0.13, "bus_lcSublane": 0.63, "bus_tau_mean": 2.73, "bus_tau_std": 4.14, "bus_v_mean": 20.03, "bus_v_std": 0.6, "car_acc": 2.29, "car_dcc": 1.18, "car_lcAssertive": 17.91, "car_lcCooperative": 0.04, "car_lcLookaheadLeft": 15.1, "car_lcPushy": 0.29, "car_lcSublane": 0.19, "car_tau_mean": 1.16, "car_tau_std": 4.65, "car_v_mean": 15.29, "car_v_std": 3.03}, "datetime": {"datetime": "2024-08-04 14:36:30", "elapsed": 933.211426, "delta": 26.598754}}
