{"target": -0.3332014064932034, "params": {"bus_acc": 4.4132, "bus_dcc": 2.836, "bus_lcAssertive": 86.2383, "bus_lcCooperative": 0.5916, "bus_lcLookaheadLeft": 12.8542, "bus_lcPushy": 0.9477, "bus_lcSigma": 0.221, "bus_lcSpeedGainRight": 0.5572, "bus_lcSublane": 0.5334, "bus_sigma": 0.9175, "bus_tau_mean": 1.229, "bus_tau_std": 6.1023, "bus_v_mean": 23.242, "bus_v_std": 11.269, "car_acc": 1.475, "car_dcc": 2.5637, "car_lcAssertive": 80.4425, "car_lcCooperative": 0.0796, "car_lcLookaheadLeft": 83.2566, "car_lcPushy": 0.4365, "car_lcSigma": 0.9407, "car_lcSpeedGainRight": 0.3505, "car_lcSublane": 0.3248, "car_sigma": 0.5596, "car_tau_mean": 1.3246, "car_tau_std": 6.6482, "car_v_mean": 12.8206, "car_v_std": 13.6414}, "datetime": {"datetime": "2024-08-08 13:28:28", "elapsed": 2496.49583, "delta": 1.411337}}
{"target": -0.41798900020524593, "params": {"bus_acc": 4.3807, "bus_dcc": 1.6211, "bus_lcAssertive": 83.8829, "bus_lcCooperative": 0.5664, "bus_lcLookaheadLeft": 44.7726, "bus_lcPushy": 0.608, "bus_lcSigma": 0.8846, "bus_lcSpeedGainRight": 1.2806, "bus_lcSublane": 0.4188, "bus_sigma": 0.5465, "bus_tau_mean": 3.1583, "bus_tau_std": 5.0751, "bus_v_mean": 23.3315, "bus_v_std": 9.7495, "car_acc": 4.6728, "car_dcc": 1.9352, "car_lcAssertive": 87.7841, "car_lcCooperative": 0.0809, "car_lcLookaheadLeft": 15.6897, "car_lcPushy": 0.0961, "car_lcSigma": 0.063, "car_lcSpeedGainRight": 3.9804, "car_lcSublane": 0.0809, "car_sigma": 0.9752, "car_tau_mean": 0.7383, "car_tau_std": 1.2288, "car_v_mean": 20.9835, "car_v_std": 3.7829}, "datetime": {"datetime": "2024-08-08 13:28:34", "elapsed": 2502.436034, "delta": 5.940204}}
{"target": -0.3811840561260706, "params": {"bus_acc": 3.9408, "bus_dcc": 1.4627, "bus_lcAssertive": 28.1771, "bus_lcCooperative": 0.3276, "bus_lcLookaheadLeft": 28.4634, "bus_lcPushy": 0.0328, "bus_lcSigma": 0.44, "bus_lcSpeedGainRight": 1.2209, "bus_lcSublane": 0.6662, "bus_sigma": 0.3343, "bus_tau_mean": 3.8333, "bus_tau_std": 6.462, "bus_v_mean": 21.596, "bus_v_std": 4.5257, "car_acc": 3.436, "car_dcc": 3.0499, "car_lcAssertive": 41.9068, "car_lcCooperative": 0.4594, "car_lcLookaheadLeft": 57.2057, "car_lcPushy": 0.4089, "car_lcSigma": 0.3191, "car_lcSpeedGainRight": 1.7595, "car_lcSublane": 0.1278, "car_sigma": 0.3062, "car_tau_mean": 3.9521, "car_tau_std": 9.187, "car_v_mean": 9.0421, "car_v_std": 18.9734}, "datetime": {"datetime": "2024-08-08 13:28:46", "elapsed": 2513.664392, "delta": 11.228358}}
{"target": -0.3176691329001581, "params": {"bus_acc": 3.5335, "bus_dcc": 2.3006, "bus_lcAssertive": 59.812, "bus_lcCooperative": 0.0481, "bus_lcLookaheadLeft": 87.8373, "bus_lcPushy": 0.5916, "bus_lcSigma": 0.2972, "bus_lcSpeedGainRight": 3.1804, "bus_lcSublane": 0.6788, "bus_sigma": 0.5094, "bus_tau_mean": 2.3018, "bus_tau_std": 0.5686, "bus_v_mean": 8.7666, "bus_v_std": 3.4904, "car_acc": 4.5524, "car_dcc": 2.9244, "car_lcAssertive": 33.1084, "car_lcCooperative": 0.3281, "car_lcLookaheadLeft": 5.2073, "car_lcPushy": 0.4639, "car_lcSigma": 0.8707, "car_lcSpeedGainRight": 0.0259, "car_lcSublane": 0.9751, "car_sigma": 0.4685, "car_tau_mean": 3.4269, "car_tau_std": 8.0118, "car_v_mean": 8.4222, "car_v_std": 13.0008}, "datetime": {"datetime": "2024-08-08 13:28:48", "elapsed": 2515.982306, "delta": 2.317914}}
{"target": -0.39836200910613817, "params": {"bus_acc": 3.9394, "bus_dcc": 2.0469, "bus_lcAssertive": 76.2864, "bus_lcCooperative": 0.2303, "bus_lcLookaheadLeft": 35.1424, "bus_lcPushy": 0.7514, "bus_lcSigma": 0.7091, "bus_lcSpeedGainRight": 0.5559, "bus_lcSublane": 0.2253, "bus_sigma": 0.788, "bus_tau_mean": 2.2582, "bus_tau_std": 9.1014, "bus_v_mean": 20.196, "bus_v_std": 17.9543, "car_acc": 3.413, "car_dcc": 3.7581, "car_lcAssertive": 66.3934, "car_lcCooperative": 0.1856, "car_lcLookaheadLeft": 31.7445, "car_lcPushy": 0.135, "car_lcSigma": 0.2993, "car_lcSpeedGainRight": 1.0473, "car_lcSublane": 0.7893, "car_sigma": 0.3858, "car_tau_mean": 3.8575, "car_tau_std": 5.667, "car_v_mean": 16.9566, "car_v_std": 1.7633}, "datetime": {"datetime": "2024-08-08 13:28:50", "elapsed": 2517.754433, "delta": 1.772127}}
{"target": -0.3237721169053539, "params": {"bus_acc": 3.7718, "bus_dcc": 3.0024, "bus_lcAssertive": 19.1635, "bus_lcCooperative": 0.6, "bus_lcLookaheadLeft": 43.5164, "bus_lcPushy": 0.8549, "bus_lcSigma": 0.7951, "bus_lcSpeedGainRight": 2.4801, "bus_lcSublane": 0.7574, "bus_sigma": 0.5892, "bus_tau_mean": 0.8595, "bus_tau_std": 5.1672, "bus_v_mean": 8.4571, "bus_v_std": 7.2068, "car_acc": 4.2908, "car_dcc": 2.2169, "car_lcAssertive": 71.6231, "car_lcCooperative": 0.9068, "car_lcLookaheadLeft": 66.9733, "car_lcPushy": 0.6166, "car_lcSigma": 0.1089, "car_lcSpeedGainRight": 3.1553, "car_lcSublane": 0.3464, "car_sigma": 0.9429, "car_tau_mean": 2.9739, "car_tau_std": 5.4881, "car_v_mean": 15.3643, "car_v_std": 3.2217}, "datetime": {"datetime": "2024-08-08 13:28:51", "elapsed": 2518.695379, "delta": 0.940946}}
{"target": -0.3621561367737335, "params": {"bus_acc": 1.7758, "bus_dcc": 2.7727, "bus_lcAssertive": 70.2308, "bus_lcCooperative": 0.0964, "bus_lcLookaheadLeft": 94.9654, "bus_lcPushy": 0.1133, "bus_lcSigma": 0.4556, "bus_lcSpeedGainRight": 0.7305, "bus_lcSublane": 0.2079, "bus_sigma": 0.4392, "bus_tau_mean": 3.3707, "bus_tau_std": 5.6047, "bus_v_mean": 11.7802, "bus_v_std": 0.4417, "car_acc": 1.6011, "car_dcc": 3.8285, "car_lcAssertive": 15.5804, "car_lcCooperative": 0.7986, "car_lcLookaheadLeft": 51.6244, "car_lcPushy": 0.9804, "car_lcSigma": 0.901, "car_lcSpeedGainRight": 1.0515, "car_lcSublane": 0.5487, "car_sigma": 0.7707, "car_tau_mean": 3.9739, "car_tau_std": 2.2182, "car_v_mean": 23.519, "car_v_std": 6.0166}, "datetime": {"datetime": "2024-08-08 13:28:55", "elapsed": 2523.106035, "delta": 4.410656}}
{"target": -0.36038637415986247, "params": {"bus_acc": 1.6148, "bus_dcc": 2.6663, "bus_lcAssertive": 53.6627, "bus_lcCooperative": 0.9012, "bus_lcLookaheadLeft": 62.0268, "bus_lcPushy": 0.3016, "bus_lcSigma": 0.3485, "bus_lcSpeedGainRight": 3.8313, "bus_lcSublane": 0.0087, "bus_sigma": 0.5872, "bus_tau_mean": 3.8355, "bus_tau_std": 3.8917, "bus_v_mean": 13.544, "bus_v_std": 8.6441, "car_acc": 3.2675, "car_dcc": 1.2016, "car_lcAssertive": 19.5656, "car_lcCooperative": 0.1872, "car_lcLookaheadLeft": 50.9043, "car_lcPushy": 0.7651, "car_lcSigma": 0.8758, "car_lcSpeedGainRight": 3.4835, "car_lcSublane": 0.788, "car_sigma": 0.1658, "car_tau_mean": 0.5259, "car_tau_std": 6.4505, "car_v_mean": 14.0614, "car_v_std": 2.4724}, "datetime": {"datetime": "2024-08-08 13:28:56", "elapsed": 2524.507184, "delta": 1.401149}}
{"target": -0.40373879202064433, "params": {"bus_acc": 3.931, "bus_dcc": 3.9593, "bus_lcAssertive": 98.8737, "bus_lcCooperative": 0.5221, "bus_lcLookaheadLeft": 16.8596, "bus_lcPushy": 0.5884, "bus_lcSigma": 0.6424, "bus_lcSpeedGainRight": 4.4648, "bus_lcSublane": 0.4236, "bus_sigma": 0.3362, "bus_tau_mean": 2.1353, "bus_tau_std": 5.2162, "bus_v_mean": 9.5568, "bus_v_std": 9.0994, "car_acc": 1.162, "car_dcc": 1.2949, "car_lcAssertive": 28.8465, "car_lcCooperative": 0.102, "car_lcLookaheadLeft": 14.5215, "car_lcPushy": 0.5979, "car_lcSigma": 0.9369, "car_lcSpeedGainRight": 3.045, "car_lcSublane": 0.8948, "car_sigma": 0.31, "car_tau_mean": 1.9245, "car_tau_std": 2.3557, "car_v_mean": 9.9862, "car_v_std": 13.5319}, "datetime": {"datetime": "2024-08-08 13:29:01", "elapsed": 2528.620209, "delta": 4.113025}}
{"target": -0.35682212362132365, "params": {"bus_acc": 1.1361, "bus_dcc": 3.1704, "bus_lcAssertive": 2.6562, "bus_lcCooperative": 0.5728, "bus_lcLookaheadLeft": 72.7008, "bus_lcPushy": 0.2933, "bus_lcSigma": 0.4078, "bus_lcSpeedGainRight": 4.0182, "bus_lcSublane": 0.6742, "bus_sigma": 0.0133, "bus_tau_mean": 2.2486, "bus_tau_std": 3.8321, "bus_v_mean": 22.8808, "bus_v_std": 9.257, "car_acc": 1.2962, "car_dcc": 2.6302, "car_lcAssertive": 47.526, "car_lcCooperative": 0.3608, "car_lcLookaheadLeft": 9.7486, "car_lcPushy": 0.7915, "car_lcSigma": 0.4979, "car_lcSpeedGainRight": 1.1227, "car_lcSublane": 0.4958, "car_sigma": 0.8235, "car_tau_mean": 2.8737, "car_tau_std": 2.215, "car_v_mean": 17.0036, "car_v_std": 3.8574}, "datetime": {"datetime": "2024-08-08 13:29:04", "elapsed": 2532.177301, "delta": 3.557092}}
{"target": -0.3520579939184471, "params": {"bus_acc": 2.382, "bus_dcc": 2.8009, "bus_lcAssertive": 75.2927, "bus_lcCooperative": 0.1849, "bus_lcLookaheadLeft": 9.9223, "bus_lcPushy": 0.3615, "bus_lcSigma": 0.7284, "bus_lcSpeedGainRight": 0.4779, "bus_lcSublane": 0.6935, "bus_sigma": 0.8225, "bus_tau_mean": 3.571, "bus_tau_std": 9.222, "bus_v_mean": 13.4268, "bus_v_std": 13.6019, "car_acc": 3.1375, "car_dcc": 3.5486, "car_lcAssertive": 52.9352, "car_lcCooperative": 0.7829, "car_lcLookaheadLeft": 67.4158, "car_lcPushy": 0.3789, "car_lcSigma": 0.0487, "car_lcSpeedGainRight": 3.256, "car_lcSublane": 0.3331, "car_sigma": 0.4926, "car_tau_mean": 3.1776, "car_tau_std": 5.4807, "car_v_mean": 20.7833, "car_v_std": 19.6095}, "datetime": {"datetime": "2024-08-08 13:29:06", "elapsed": 2533.940309, "delta": 1.763008}}
{"target": -0.3627747930179744, "params": {"bus_acc": 4.5016, "bus_dcc": 3.7697, "bus_lcAssertive": 83.1257, "bus_lcCooperative": 0.0964, "bus_lcLookaheadLeft": 75.4664, "bus_lcPushy": 0.5082, "bus_lcSigma": 0.0166, "bus_lcSpeedGainRight": 3.5642, "bus_lcSublane": 0.1615, "bus_sigma": 0.6203, "bus_tau_mean": 3.5016, "bus_tau_std": 8.8313, "bus_v_mean": 13.6102, "bus_v_std": 11.9977, "car_acc": 2.378, "car_dcc": 1.8413, "car_lcAssertive": 84.6948, "car_lcCooperative": 0.7522, "car_lcLookaheadLeft": 28.5512, "car_lcPushy": 0.2114, "car_lcSigma": 0.7346, "car_lcSpeedGainRight": 2.3275, "car_lcSublane": 0.2156, "car_sigma": 0.5053, "car_tau_mean": 1.8761, "car_tau_std": 3.022, "car_v_mean": 23.9434, "car_v_std": 11.6065}, "datetime": {"datetime": "2024-08-08 13:29:15", "elapsed": 2542.957542, "delta": 9.017233}}
{"target": -0.3434569370358584, "params": {"bus_acc": 1.0001, "bus_dcc": 1.2983, "bus_lcAssertive": 58.2406, "bus_lcCooperative": 0.2387, "bus_lcLookaheadLeft": 34.7844, "bus_lcPushy": 0.836, "bus_lcSigma": 0.7146, "bus_lcSpeedGainRight": 3.5535, "bus_lcSublane": 0.7218, "bus_sigma": 0.8495, "bus_tau_mean": 3.4453, "bus_tau_std": 5.8904, "bus_v_mean": 11.9719, "bus_v_std": 2.4635, "car_acc": 2.1877, "car_dcc": 2.5694, "car_lcAssertive": 18.1481, "car_lcCooperative": 0.0617, "car_lcLookaheadLeft": 88.0527, "car_lcPushy": 0.7789, "car_lcSigma": 0.6322, "car_lcSpeedGainRight": 0.907, "car_lcSublane": 0.317, "car_sigma": 0.9251, "car_tau_mean": 1.5354, "car_tau_std": 4.9501, "car_v_mean": 18.4346, "car_v_std": 0.4085}, "datetime": {"datetime": "2024-08-08 13:29:32", "elapsed": 2560.348751, "delta": 17.391209}}
{"target": -0.39997325987690735, "params": {"bus_acc": 1.6434, "bus_dcc": 3.5982, "bus_lcAssertive": 48.84, "bus_lcCooperative": 0.5882, "bus_lcLookaheadLeft": 70.3953, "bus_lcPushy": 0.7046, "bus_lcSigma": 0.4262, "bus_lcSpeedGainRight": 0.163, "bus_lcSublane": 0.2663, "bus_sigma": 0.0362, "bus_tau_mean": 1.5588, "bus_tau_std": 8.214, "bus_v_mean": 12.2947, "bus_v_std": 14.7321, "car_acc": 1.1426, "car_dcc": 1.3153, "car_lcAssertive": 70.2543, "car_lcCooperative": 0.2017, "car_lcLookaheadLeft": 85.1864, "car_lcPushy": 0.4711, "car_lcSigma": 0.1798, "car_lcSpeedGainRight": 1.7982, "car_lcSublane": 0.2639, "car_sigma": 0.323, "car_tau_mean": 2.8459, "car_tau_std": 9.749, "car_v_mean": 15.9617, "car_v_std": 10.4848}, "datetime": {"datetime": "2024-08-08 13:29:38", "elapsed": 2566.120761, "delta": 5.77201}}
{"target": -0.33564523175214334, "params": {"bus_acc": 3.1797, "bus_dcc": 1.1348, "bus_lcAssertive": 68.7772, "bus_lcCooperative": 0.5472, "bus_lcLookaheadLeft": 92.2503, "bus_lcPushy": 0.7747, "bus_lcSigma": 0.8615, "bus_lcSpeedGainRight": 1.3629, "bus_lcSublane": 0.6587, "bus_sigma": 0.5796, "bus_tau_mean": 0.5076, "bus_tau_std": 3.6424, "bus_v_mean": 8.6715, "bus_v_std": 16.6175, "car_acc": 2.0932, "car_dcc": 1.6012, "car_lcAssertive": 37.5423, "car_lcCooperative": 0.3794, "car_lcLookaheadLeft": 77.5018, "car_lcPushy": 0.3493, "car_lcSigma": 0.9745, "car_lcSpeedGainRight": 1.6778, "car_lcSublane": 0.561, "car_sigma": 0.7427, "car_tau_mean": 1.6687, "car_tau_std": 5.1203, "car_v_mean": 13.3801, "car_v_std": 12.0826}, "datetime": {"datetime": "2024-08-08 13:29:40", "elapsed": 2567.548538, "delta": 1.427777}}
{"target": -0.37172739411503936, "params": {"bus_acc": 1.1352, "bus_dcc": 2.2679, "bus_lcAssertive": 57.5725, "bus_lcCooperative": 0.4968, "bus_lcLookaheadLeft": 52.0632, "bus_lcPushy": 0.5929, "bus_lcSigma": 0.7138, "bus_lcSpeedGainRight": 2.0359, "bus_lcSublane": 0.3751, "bus_sigma": 0.39, "bus_tau_mean": 3.6168, "bus_tau_std": 7.3431, "bus_v_mean": 20.4047, "bus_v_std": 3.0945, "car_acc": 2.102, "car_dcc": 2.935, "car_lcAssertive": 49.5729, "car_lcCooperative": 0.2232, "car_lcLookaheadLeft": 28.6914, "car_lcPushy": 0.7658, "car_lcSigma": 0.1732, "car_lcSpeedGainRight": 2.0383, "car_lcSublane": 0.3873, "car_sigma": 0.1492, "car_tau_mean": 3.2896, "car_tau_std": 8.365, "car_v_mean": 22.6908, "car_v_std": 6.2473}, "datetime": {"datetime": "2024-08-08 13:29:49", "elapsed": 2576.66337, "delta": 9.114832}}
{"target": -0.3714432636739653, "params": {"bus_acc": 4.7556, "bus_dcc": 3.1985, "bus_lcAssertive": 28.0702, "bus_lcCooperative": 0.8468, "bus_lcLookaheadLeft": 98.0023, "bus_lcPushy": 0.7536, "bus_lcSigma": 0.4845, "bus_lcSpeedGainRight": 2.1082, "bus_lcSublane": 0.9879, "bus_sigma": 0.1811, "bus_tau_mean": 2.2042, "bus_tau_std": 1.4863, "bus_v_mean": 11.5555, "bus_v_std": 0.8096, "car_acc": 2.4615, "car_dcc": 3.3797, "car_lcAssertive": 43.9307, "car_lcCooperative": 0.0574, "car_lcLookaheadLeft": 33.4382, "car_lcPushy": 0.0548, "car_lcSigma": 0.04, "car_lcSpeedGainRight": 2.6363, "car_lcSublane": 0.4452, "car_sigma": 0.5678, "car_tau_mean": 1.0141, "car_tau_std": 7.8689, "car_v_mean": 19.8252, "car_v_std": 7.5352}, "datetime": {"datetime": "2024-08-08 13:29:56", "elapsed": 2583.68759, "delta": 7.02422}}
{"target": -0.34952542029975286, "params": {"bus_acc": 1.1815, "bus_dcc": 1.5079, "bus_lcAssertive": 19.9754, "bus_lcCooperative": 0.7122, "bus_lcLookaheadLeft": 68.3384, "bus_lcPushy": 0.2776, "bus_lcSigma": 0.6739, "bus_lcSpeedGainRight": 4.5744, "bus_lcSublane": 0.8655, "bus_sigma": 0.3441, "bus_tau_mean": 2.8163, "bus_tau_std": 4.1273, "bus_v_mean": 19.1525, "bus_v_std": 7.2256, "car_acc": 1.1053, "car_dcc": 2.5607, "car_lcAssertive": 13.8025, "car_lcCooperative": 0.7829, "car_lcLookaheadLeft": 47.1479, "car_lcPushy": 0.1527, "car_lcSigma": 0.2903, "car_lcSpeedGainRight": 4.0337, "car_lcSublane": 0.608, "car_sigma": 0.3069, "car_tau_mean": 3.3525, "car_tau_std": 1.2849, "car_v_mean": 19.0609, "car_v_std": 3.0678}, "datetime": {"datetime": "2024-08-08 13:29:59", "elapsed": 2586.742386, "delta": 3.054796}}
{"target": -0.3533767757715593, "params": {"bus_acc": 1.383, "bus_dcc": 2.3056, "bus_lcAssertive": 22.316, "bus_lcCooperative": 0.1531, "bus_lcLookaheadLeft": 54.3104, "bus_lcPushy": 0.816, "bus_lcSigma": 0.2659, "bus_lcSpeedGainRight": 3.3694, "bus_lcSublane": 0.9784, "bus_sigma": 0.6143, "bus_tau_mean": 2.0433, "bus_tau_std": 8.8212, "bus_v_mean": 12.7066, "bus_v_std": 1.4223, "car_acc": 2.5404, "car_dcc": 1.3219, "car_lcAssertive": 89.1782, "car_lcCooperative": 0.7709, "car_lcLookaheadLeft": 17.4591, "car_lcPushy": 0.9887, "car_lcSigma": 0.7819, "car_lcSpeedGainRight": 1.9492, "car_lcSublane": 0.4847, "car_sigma": 0.217, "car_tau_mean": 2.623, "car_tau_std": 2.6833, "car_v_mean": 19.4171, "car_v_std": 8.4986}, "datetime": {"datetime": "2024-08-08 13:30:01", "elapsed": 2588.729555, "delta": 1.987169}}
{"target": -0.33983743881002626, "params": {"bus_acc": 2.9022, "bus_dcc": 2.3695, "bus_lcAssertive": 76.378, "bus_lcCooperative": 0.072, "bus_lcLookaheadLeft": 12.9973, "bus_lcPushy": 0.2128, "bus_lcSigma": 0.6922, "bus_lcSpeedGainRight": 1.7697, "bus_lcSublane": 0.3671, "bus_sigma": 0.5352, "bus_tau_mean": 1.7283, "bus_tau_std": 0.6536, "bus_v_mean": 20.5474, "bus_v_std": 5.691, "car_acc": 3.236, "car_dcc": 1.2295, "car_lcAssertive": 26.9661, "car_lcCooperative": 0.4924, "car_lcLookaheadLeft": 55.6241, "car_lcPushy": 0.4543, "car_lcSigma": 0.8627, "car_lcSpeedGainRight": 2.4066, "car_lcSublane": 0.0966, "car_sigma": 0.2995, "car_tau_mean": 0.8459, "car_tau_std": 4.4769, "car_v_mean": 11.994, "car_v_std": 13.6273}, "datetime": {"datetime": "2024-08-08 13:30:07", "elapsed": 2594.686803, "delta": 5.957248}}
{"target": -0.3298729661705226, "params": {"bus_acc": 1.3056, "bus_dcc": 2.0797, "bus_lcAssertive": 27.4215, "bus_lcCooperative": 0.7406, "bus_lcLookaheadLeft": 67.1137, "bus_lcPushy": 0.0911, "bus_lcSigma": 0.9709, "bus_lcSpeedGainRight": 2.4247, "bus_lcSublane": 0.7341, "bus_sigma": 0.2697, "bus_tau_mean": 1.9024, "bus_tau_std": 1.6303, "bus_v_mean": 13.9385, "bus_v_std": 1.1549, "car_acc": 3.9035, "car_dcc": 2.014, "car_lcAssertive": 59.9614, "car_lcCooperative": 0.4007, "car_lcLookaheadLeft": 17.961, "car_lcPushy": 0.6798, "car_lcSigma": 0.6688, "car_lcSpeedGainRight": 3.6858, "car_lcSublane": 0.2012, "car_sigma": 0.0699, "car_tau_mean": 2.2439, "car_tau_std": 1.2741, "car_v_mean": 17.1927, "car_v_std": 5.9173}, "datetime": {"datetime": "2024-08-08 13:30:09", "elapsed": 2597.143112, "delta": 2.456309}}
{"target": -0.34691768870576384, "params": {"bus_acc": 1.7832, "bus_dcc": 1.4514, "bus_lcAssertive": 41.491, "bus_lcCooperative": 0.6365, "bus_lcLookaheadLeft": 24.0693, "bus_lcPushy": 0.6752, "bus_lcSigma": 0.2192, "bus_lcSpeedGainRight": 4.5185, "bus_lcSublane": 0.8506, "bus_sigma": 0.1634, "bus_tau_mean": 2.935, "bus_tau_std": 2.3296, "bus_v_mean": 18.1618, "bus_v_std": 5.3759, "car_acc": 3.649, "car_dcc": 1.2816, "car_lcAssertive": 11.2463, "car_lcCooperative": 0.3167, "car_lcLookaheadLeft": 67.0983, "car_lcPushy": 0.5425, "car_lcSigma": 0.1313, "car_lcSpeedGainRight": 4.4923, "car_lcSublane": 0.0255, "car_sigma": 0.159, "car_tau_mean": 3.4699, "car_tau_std": 6.3168, "car_v_mean": 13.2154, "car_v_std": 19.6544}, "datetime": {"datetime": "2024-08-08 13:30:11", "elapsed": 2598.931414, "delta": 1.788302}}
{"target": -0.36490453396334177, "params": {"bus_acc": 4.4105, "bus_dcc": 1.3604, "bus_lcAssertive": 33.0602, "bus_lcCooperative": 0.9367, "bus_lcLookaheadLeft": 32.3253, "bus_lcPushy": 0.007, "bus_lcSigma": 0.1097, "bus_lcSpeedGainRight": 1.5269, "bus_lcSublane": 0.4031, "bus_sigma": 0.4414, "bus_tau_mean": 3.9352, "bus_tau_std": 8.4679, "bus_v_mean": 16.7138, "bus_v_std": 19.3968, "car_acc": 1.2876, "car_dcc": 3.8105, "car_lcAssertive": 17.0046, "car_lcCooperative": 0.9212, "car_lcLookaheadLeft": 40.8455, "car_lcPushy": 0.6113, "car_lcSigma": 0.6373, "car_lcSpeedGainRight": 3.3361, "car_lcSublane": 0.2979, "car_sigma": 0.5003, "car_tau_mean": 3.8575, "car_tau_std": 1.0074, "car_v_mean": 15.409, "car_v_std": 12.6158}, "datetime": {"datetime": "2024-08-08 13:30:13", "elapsed": 2601.055737, "delta": 2.124323}}
{"target": -0.406493396934132, "params": {"bus_acc": 3.2143, "bus_dcc": 2.5211, "bus_lcAssertive": 13.1032, "bus_lcCooperative": 0.702, "bus_lcLookaheadLeft": 60.9224, "bus_lcPushy": 0.9883, "bus_lcSigma": 0.6227, "bus_lcSpeedGainRight": 2.8142, "bus_lcSublane": 0.0464, "bus_sigma": 0.5018, "bus_tau_mean": 1.4806, "bus_tau_std": 6.9529, "bus_v_mean": 10.7205, "bus_v_std": 1.4465, "car_acc": 3.3942, "car_dcc": 3.2892, "car_lcAssertive": 11.6979, "car_lcCooperative": 0.6304, "car_lcLookaheadLeft": 9.1731, "car_lcPushy": 0.9934, "car_lcSigma": 0.3354, "car_lcSpeedGainRight": 2.1812, "car_lcSublane": 0.9717, "car_sigma": 0.9435, "car_tau_mean": 1.9096, "car_tau_std": 5.0595, "car_v_mean": 8.1705, "car_v_std": 2.189}, "datetime": {"datetime": "2024-08-08 13:30:22", "elapsed": 2609.682056, "delta": 8.626319}}
{"target": -0.34045984008314034, "params": {"bus_acc": 2.4063, "bus_dcc": 2.8932, "bus_lcAssertive": 62.3955, "bus_lcCooperative": 0.2237, "bus_lcLookaheadLeft": 35.858, "bus_lcPushy": 0.1933, "bus_lcSigma": 0.913, "bus_lcSpeedGainRight": 1.4314, "bus_lcSublane": 0.3637, "bus_sigma": 0.3312, "bus_tau_mean": 1.2356, "bus_tau_std": 7.6078, "bus_v_mean": 8.133, "bus_v_std": 18.5577, "car_acc": 4.4505, "car_dcc": 3.9219, "car_lcAssertive": 52.4244, "car_lcCooperative": 0.9325, "car_lcLookaheadLeft": 57.8478, "car_lcPushy": 0.5355, "car_lcSigma": 0.3125, "car_lcSpeedGainRight": 2.8109, "car_lcSublane": 0.5473, "car_sigma": 0.2693, "car_tau_mean": 3.5486, "car_tau_std": 0.7737, "car_v_mean": 11.7611, "car_v_std": 1.3862}, "datetime": {"datetime": "2024-08-08 13:30:28", "elapsed": 2615.837979, "delta": 6.155923}}
{"target": -0.32951362823979413, "params": {"bus_acc": 4.0572, "bus_dcc": 1.6519, "bus_lcAssertive": 79.3626, "bus_lcCooperative": 0.3591, "bus_lcLookaheadLeft": 83.682, "bus_lcPushy": 0.3111, "bus_lcSigma": 0.9102, "bus_lcSpeedGainRight": 2.0541, "bus_lcSublane": 0.2189, "bus_sigma": 0.2448, "bus_tau_mean": 1.5322, "bus_tau_std": 8.3483, "bus_v_mean": 15.3959, "bus_v_std": 2.8748, "car_acc": 4.467, "car_dcc": 1.7453, "car_lcAssertive": 94.6503, "car_lcCooperative": 0.0011, "car_lcLookaheadLeft": 13.4687, "car_lcPushy": 0.15, "car_lcSigma": 0.6721, "car_lcSpeedGainRight": 4.6268, "car_lcSublane": 0.0581, "car_sigma": 0.6464, "car_tau_mean": 2.1872, "car_tau_std": 2.6969, "car_v_mean": 12.1113, "car_v_std": 6.5783}, "datetime": {"datetime": "2024-08-08 13:30:30", "elapsed": 2618.45283, "delta": 2.614851}}
