{"target": -0.43147059636411744, "params": {"bus_acc": 1.7569903585036746, "bus_dcc": 2.5140392516213854, "bus_lcAssertive": 47.794749227909655, "bus_lcCooperative": 0.2858682626866563, "bus_lcLookaheadLeft": 87.50367008628324, "bus_lcPushy": 0.047160228234060075, "bus_lcSigma": 0.3643106572746351, "bus_lcSpeedGainRight": 3.870177072493228, "bus_lcSublane": 0.48551388156354014, "bus_sigma": 0.7862791636413168, "bus_tau_mean": 2.1891228213091543, "bus_tau_std": 9.894641961698872, "bus_v_mean": 22.144686737478814, "bus_v_std": 0.15463971954790212, "car_acc": 1.9501014814945756, "car_dcc": 3.5722415357347614, "car_lcAssertive": 35.00904568823607, "car_lcCooperative": 0.7289931289505442, "car_lcLookaheadLeft": 42.99499820923341, "car_lcPushy": 0.09576350593522287, "car_lcSigma": 0.3152558647640553, "car_lcSpeedGainRight": 1.5650830940775489, "car_lcSublane": 0.654550444357687, "car_sigma": 0.9268714390031203, "car_tau_mean": 2.9629165032957157, "car_tau_std": 3.230340480504635, "car_v_mean": 18.929913317254105, "car_v_std": 1.6820466310730575}, "datetime": {"datetime": "2024-08-08 00:05:53", "elapsed": 172.301808, "delta": 0.699456}}
{"target": -0.3753181577581005, "params": {"bus_acc": 2.847223729404397, "bus_dcc": 2.2500534581819855, "bus_lcAssertive": 29.50050321706176, "bus_lcCooperative": 0.8452465332465563, "bus_lcLookaheadLeft": 32.08108700231048, "bus_lcPushy": 0.9155840224499852, "bus_lcSigma": 0.8634118432842225, "bus_lcSpeedGainRight": 3.194095940840533, "bus_lcSublane": 0.7476751935737458, "bus_sigma": 0.15732279553013173, "bus_tau_mean": 2.610059945390097, "bus_tau_std": 3.2703728386624586, "bus_v_mean": 15.818848856990826, "bus_v_std": 4.507709161958122, "car_acc": 2.8039153553364464, "car_dcc": 2.23460133155388, "car_lcAssertive": 48.19667126648793, "car_lcCooperative": 0.7214027529342648, "car_lcLookaheadLeft": 13.97528766642508, "car_lcPushy": 0.5030650485510998, "car_lcSigma": 0.8131476632864285, "car_lcSpeedGainRight": 3.3867092996027774, "car_lcSublane": 0.3216507260246346, "car_sigma": 0.7106653966661972, "car_tau_mean": 3.770538595378185, "car_tau_std": 8.947762383513414, "car_v_mean": 19.87575661080203, "car_v_std": 5.3220233770032515}, "datetime": {"datetime": "2024-08-08 00:05:57", "elapsed": 176.805242, "delta": 4.503434}}
{"target": -0.32087689669752884, "params": {"bus_acc": 1.4672470185719373, "bus_dcc": 2.997254188875242, "bus_lcAssertive": 35.75099524657136, "bus_lcCooperative": 0.8197201954510278, "bus_lcLookaheadLeft": 66.79318027915772, "bus_lcPushy": 0.6243511027441567, "bus_lcSigma": 0.420277839786501, "bus_lcSpeedGainRight": 3.2250114143225987, "bus_lcSublane": 0.8748306547397094, "bus_sigma": 0.3112726535383379, "bus_tau_mean": 1.6996320953086408, "bus_tau_std": 8.48679156518333, "bus_v_mean": 16.47830580552794, "bus_v_std": 18.473761744145413, "car_acc": 1.3751058954687803, "car_dcc": 1.644619783971387, "car_lcAssertive": 86.38341582747344, "car_lcCooperative": 0.09949038095416929, "car_lcLookaheadLeft": 48.222912778470885, "car_lcPushy": 0.8394035592751208, "car_lcSigma": 0.6937366035772592, "car_lcSpeedGainRight": 2.3112074225096753, "car_lcSublane": 0.16519849415031096, "car_sigma": 0.5508158918373094, "car_tau_mean": 3.9579253410720945, "car_tau_std": 8.051575446656331, "car_v_mean": 8.878861344916135, "car_v_std": 14.218567523893704}, "datetime": {"datetime": "2024-08-08 00:05:59", "elapsed": 178.692654, "delta": 1.887412}}
{"target": -0.3438378755582377, "params": {"bus_acc": 1.029086639151126, "bus_dcc": 1.1260726616339234, "bus_lcAssertive": 18.916095083680847, "bus_lcCooperative": 0.9720306709820733, "bus_lcLookaheadLeft": 26.950818515198538, "bus_lcPushy": 0.7510088258632285, "bus_lcSigma": 0.28123520956586334, "bus_lcSpeedGainRight": 1.2775930876818176, "bus_lcSublane": 0.2578637359786262, "bus_sigma": 0.2970529955101251, "bus_tau_mean": 0.5313061172799802, "bus_tau_std": 9.871761820679248, "bus_v_mean": 17.06337017315701, "bus_v_std": 12.036848225735843, "car_acc": 2.0765201417188917, "car_dcc": 1.1315126441158294, "car_lcAssertive": 47.680528400976975, "car_lcCooperative": 0.5396765012085889, "car_lcLookaheadLeft": 67.94966749368216, "car_lcPushy": 0.5341680027167658, "car_lcSigma": 0.055072308986628626, "car_lcSpeedGainRight": 3.1004949496818828, "car_lcSublane": 0.5811752027766969, "car_sigma": 0.545596325824134, "car_tau_mean": 3.451484480746384, "car_tau_std": 4.473867597038817, "car_v_mean": 17.657047140931738, "car_v_std": 2.472257727976823}, "datetime": {"datetime": "2024-08-08 00:06:03", "elapsed": 182.996221, "delta": 4.303567}}
{"target": -0.36129299348004973, "params": {"bus_acc": 1.5047585059859956, "bus_dcc": 3.551062977262902, "bus_lcAssertive": 2.606211886160219, "bus_lcCooperative": 0.15625097810290178, "bus_lcLookaheadLeft": 82.69172752644693, "bus_lcPushy": 0.22933768147934985, "bus_lcSigma": 0.25919495533811776, "bus_lcSpeedGainRight": 3.5039530333633677, "bus_lcSublane": 0.9665252791289367, "bus_sigma": 0.1982798199644802, "bus_tau_mean": 3.116240507628462, "bus_tau_std": 1.4050624498175213, "bus_v_mean": 14.119961140468927, "bus_v_std": 6.465785028067663, "car_acc": 2.767571037968074, "car_dcc": 2.9661441887219744, "car_lcAssertive": 34.0239606401218, "car_lcCooperative": 0.02160795914792346, "car_lcLookaheadLeft": 38.16284859456154, "car_lcPushy": 0.9721806718439246, "car_lcSigma": 0.5290990867820917, "car_lcSpeedGainRight": 3.7107241160280373, "car_lcSublane": 0.345388836894019, "car_sigma": 0.46058986532522916, "car_tau_mean": 1.2407249437629293, "car_tau_std": 8.369597301372854, "car_v_mean": 13.756941750401928, "car_v_std": 0.7417626590136939}, "datetime": {"datetime": "2024-08-08 00:06:05", "elapsed": 184.838142, "delta": 1.841921}}
{"target": -0.3600551560471512, "params": {"bus_acc": 1.9882325317926501, "bus_dcc": 1.3964834258288144, "bus_lcAssertive": 21.43895183005387, "bus_lcCooperative": 0.07618880903232117, "bus_lcLookaheadLeft": 51.77632659463817, "bus_lcPushy": 0.2615495518329871, "bus_lcSigma": 0.3570616088827919, "bus_lcSpeedGainRight": 0.5403266434861842, "bus_lcSublane": 0.7875518396525072, "bus_sigma": 0.1065838767888011, "bus_tau_mean": 3.949980882996157, "bus_tau_std": 1.7716116443841734, "bus_v_mean": 17.15848179895439, "bus_v_std": 0.8969066917817625, "car_acc": 2.5742325793116683, "car_dcc": 1.5688178434548896, "car_lcAssertive": 53.26249386240454, "car_lcCooperative": 0.7400775431590716, "car_lcLookaheadLeft": 16.693285521891084, "car_lcPushy": 0.5510871741869717, "car_lcSigma": 0.2166172083287794, "car_lcSpeedGainRight": 3.7959802465857235, "car_lcSublane": 0.7229151935562137, "car_sigma": 0.17654903427708302, "car_tau_mean": 3.516882951834757, "car_tau_std": 0.19775099516344263, "car_v_mean": 21.763791958769843, "car_v_std": 11.178076223218767}, "datetime": {"datetime": "2024-08-08 00:06:06", "elapsed": 185.497457, "delta": 0.659315}}
{"target": -0.432204040595051, "params": {"bus_acc": 2.4436452628068546, "bus_dcc": 2.785921313582018, "bus_lcAssertive": 74.64395516387164, "bus_lcCooperative": 0.9010940837915135, "bus_lcLookaheadLeft": 70.02087521030457, "bus_lcPushy": 0.5907563171285277, "bus_lcSigma": 0.12425924362545104, "bus_lcSpeedGainRight": 2.0229132576109388, "bus_lcSublane": 0.5789512482609072, "bus_sigma": 0.6028443658191326, "bus_tau_mean": 3.8627224287434982, "bus_tau_std": 2.0550032107552516, "bus_v_mean": 18.61042124100801, "bus_v_std": 5.128582813229007, "car_acc": 1.835522485020894, "car_dcc": 3.9158513863285993, "car_lcAssertive": 33.77666562851436, "car_lcCooperative": 0.36202316537554013, "car_lcLookaheadLeft": 45.07770794956444, "car_lcPushy": 0.04066778988915665, "car_lcSigma": 0.3985702385044282, "car_lcSpeedGainRight": 3.094925497853844, "car_lcSublane": 0.5780799868502333, "car_sigma": 0.8734127277887768, "car_tau_mean": 2.744152952353119, "car_tau_std": 5.56955944679331, "car_v_mean": 18.25035451315365, "car_v_std": 0.9523356682127804}, "datetime": {"datetime": "2024-08-08 00:06:06", "elapsed": 185.880013, "delta": 0.382556}}
{"target": -0.3285464738954547, "params": {"bus_acc": 1.5345452270397777, "bus_dcc": 3.670171911322274, "bus_lcAssertive": 29.73971373876551, "bus_lcCooperative": 0.7990074981966317, "bus_lcLookaheadLeft": 47.06602206392515, "bus_lcPushy": 0.59760864887687, "bus_lcSigma": 0.2366673767651024, "bus_lcSpeedGainRight": 3.438074810804075, "bus_lcSublane": 0.1486848661132304, "bus_sigma": 0.5596864990017729, "bus_tau_mean": 2.230151256904046, "bus_tau_std": 8.372059959494196, "bus_v_mean": 15.703496245979728, "bus_v_std": 15.694619199734586, "car_acc": 1.8005886134715514, "car_dcc": 1.9237178002927156, "car_lcAssertive": 78.93548650138311, "car_lcCooperative": 0.4184642639114249, "car_lcLookaheadLeft": 50.68307399890683, "car_lcPushy": 0.577322531324329, "car_lcSigma": 0.8196657378893285, "car_lcSpeedGainRight": 2.906599873133597, "car_lcSublane": 0.4061429026808099, "car_sigma": 0.16058682850924277, "car_tau_mean": 2.9573895671993813, "car_tau_std": 8.832328216518347, "car_v_mean": 9.734062206466435, "car_v_std": 9.324279516261631}, "datetime": {"datetime": "2024-08-08 00:06:08", "elapsed": 187.784675, "delta": 1.904662}}
{"target": -0.3371506545851845, "params": {"bus_acc": 1.5024063666987733, "bus_dcc": 2.967282303710098, "bus_lcAssertive": 96.07931767378179, "bus_lcCooperative": 0.0035547604644260433, "bus_lcLookaheadLeft": 72.88938235064201, "bus_lcPushy": 0.10899503392964371, "bus_lcSigma": 0.5437874916638252, "bus_lcSpeedGainRight": 3.134580083401673, "bus_lcSublane": 0.24294712577080113, "bus_sigma": 0.9138438752466082, "bus_tau_mean": 2.6780938504206624, "bus_tau_std": 2.3169469139485988, "bus_v_mean": 20.32211500159692, "bus_v_std": 2.1101415999466955, "car_acc": 2.110450637062689, "car_dcc": 1.2848682094074744, "car_lcAssertive": 58.51742319482693, "car_lcCooperative": 0.2529801127201884, "car_lcLookaheadLeft": 65.64774717956513, "car_lcPushy": 0.71582695285818, "car_lcSigma": 0.5241856145686612, "car_lcSpeedGainRight": 3.2876070385155503, "car_lcSublane": 0.8132938453250557, "car_sigma": 0.8075122716430321, "car_tau_mean": 2.6688869721885196, "car_tau_std": 4.511024621207749, "car_v_mean": 14.52719982475788, "car_v_std": 17.494952398087268}, "datetime": {"datetime": "2024-08-08 00:06:11", "elapsed": 190.419106, "delta": 2.634431}}
{"target": -0.37842647647833927, "params": {"bus_acc": 1.0742253289879888, "bus_dcc": 3.0815662341216994, "bus_lcAssertive": 67.36465316168066, "bus_lcCooperative": 0.430471782744975, "bus_lcLookaheadLeft": 77.24331981050095, "bus_lcPushy": 0.5360084947395637, "bus_lcSigma": 0.03985992663545257, "bus_lcSpeedGainRight": 0.6739655898033953, "bus_lcSublane": 0.19341639901491836, "bus_sigma": 0.3356638011646498, "bus_tau_mean": 0.6830953125311686, "bus_tau_std": 6.051167805003662, "bus_v_mean": 16.1929764403827, "bus_v_std": 12.349220240343122, "car_acc": 1.864711189528688, "car_dcc": 3.543101404712313, "car_lcAssertive": 45.95184654985598, "car_lcCooperative": 0.015403519791920894, "car_lcLookaheadLeft": 87.56067854781574, "car_lcPushy": 0.6562015477440989, "car_lcSigma": 0.823003040648471, "car_lcSpeedGainRight": 4.758878465169259, "car_lcSublane": 0.050912383516887205, "car_sigma": 0.23507186409101455, "car_tau_mean": 0.7217020520971893, "car_tau_std": 4.216578860324509, "car_v_mean": 21.82126632802323, "car_v_std": 1.632479654301362}, "datetime": {"datetime": "2024-08-08 00:06:12", "elapsed": 192.053342, "delta": 1.634236}}
{"target": -0.3765951740622713, "params": {"bus_acc": 1.2187353110137074, "bus_dcc": 1.5206279405275045, "bus_lcAssertive": 58.11907672232824, "bus_lcCooperative": 0.25165697350014493, "bus_lcLookaheadLeft": 31.416839657132748, "bus_lcPushy": 0.17098734894301837, "bus_lcSigma": 0.18959171907276484, "bus_lcSpeedGainRight": 2.317105771952257, "bus_lcSublane": 0.5098739726284359, "bus_sigma": 0.5115798896647326, "bus_tau_mean": 3.989985797784223, "bus_tau_std": 1.295958172701398, "bus_v_mean": 20.098718214203764, "bus_v_std": 15.875134944497852, "car_acc": 2.1697651975410412, "car_dcc": 2.388214540807976, "car_lcAssertive": 89.44923709767765, "car_lcCooperative": 0.8281802190731247, "car_lcLookaheadLeft": 6.928511730812964, "car_lcPushy": 0.962983753087854, "car_lcSigma": 0.007339891753643801, "car_lcSpeedGainRight": 2.8656610234197095, "car_lcSublane": 0.5724308169270726, "car_sigma": 0.8343796647905168, "car_tau_mean": 1.8465062377388146, "car_tau_std": 0.9104086904598219, "car_v_mean": 17.306996309902797, "car_v_std": 0.4969172072746253}, "datetime": {"datetime": "2024-08-08 00:06:15", "elapsed": 194.276709, "delta": 2.223367}}
{"target": -0.32777514791859197, "params": {"bus_acc": 1.2911164623167941, "bus_dcc": 1.4731902096115999, "bus_lcAssertive": 19.575535617340964, "bus_lcCooperative": 0.6224959022999211, "bus_lcLookaheadLeft": 90.76933060881358, "bus_lcPushy": 0.9899551783590737, "bus_lcSigma": 0.7111224587658159, "bus_lcSpeedGainRight": 3.6590020457114765, "bus_lcSublane": 0.9092932045442544, "bus_sigma": 0.4008737323711209, "bus_tau_mean": 1.3744773807876287, "bus_tau_std": 1.7343017078712286, "bus_v_mean": 9.911312805339664, "bus_v_std": 16.252211760656575, "car_acc": 1.2935847468344863, "car_dcc": 1.792892448180702, "car_lcAssertive": 82.08982868471955, "car_lcCooperative": 0.31058725179421, "car_lcLookaheadLeft": 98.2769100307084, "car_lcPushy": 0.2666387021516352, "car_lcSigma": 0.5336533449712114, "car_lcSpeedGainRight": 1.5723350559292482, "car_lcSublane": 0.9107728311738374, "car_sigma": 0.36655664385123443, "car_tau_mean": 2.017573145456076, "car_tau_std": 5.122926922783614, "car_v_mean": 23.02218363791541, "car_v_std": 0.6189801254230143}, "datetime": {"datetime": "2024-08-08 00:06:21", "elapsed": 201.067608, "delta": 6.790899}}
{"target": -0.3175014533692063, "params": {"bus_acc": 1.233783454196785, "bus_dcc": 1.0614437461552058, "bus_lcAssertive": 34.153994148848334, "bus_lcCooperative": 0.9928761567590365, "bus_lcLookaheadLeft": 32.657511301746126, "bus_lcPushy": 0.7375077987941283, "bus_lcSigma": 0.7165293765913929, "bus_lcSpeedGainRight": 2.8627879884764065, "bus_lcSublane": 0.367646057669637, "bus_sigma": 0.2082656940300881, "bus_tau_mean": 3.929997257552725, "bus_tau_std": 0.6589377000512553, "bus_v_mean": 11.7796440309936, "bus_v_std": 6.177989410202334, "car_acc": 2.8190067069646103, "car_dcc": 3.140107789057295, "car_lcAssertive": 27.271813173563256, "car_lcCooperative": 0.16450130293866305, "car_lcLookaheadLeft": 88.28874652560006, "car_lcPushy": 0.7937831324318396, "car_lcSigma": 0.038387431976404374, "car_lcSpeedGainRight": 4.3965042179829235, "car_lcSublane": 0.5879397452104611, "car_sigma": 0.4575371969863721, "car_tau_mean": 2.8584815690913965, "car_tau_std": 0.3944279853538757, "car_v_mean": 13.285139255514585, "car_v_std": 1.7609683561870404}, "datetime": {"datetime": "2024-08-08 00:06:23", "elapsed": 202.705725, "delta": 1.638117}}
{"target": -0.3210671964643759, "params": {"bus_acc": 2.374357046972805, "bus_dcc": 3.541922247325729, "bus_lcAssertive": 48.885174714705656, "bus_lcCooperative": 0.10135173334614866, "bus_lcLookaheadLeft": 12.089887916219372, "bus_lcPushy": 0.11562770532822819, "bus_lcSigma": 0.4949111458607981, "bus_lcSpeedGainRight": 3.110124914954982, "bus_lcSublane": 0.03326181742095513, "bus_sigma": 0.0625834756203224, "bus_tau_mean": 3.9529221181276206, "bus_tau_std": 2.911037491258799, "bus_v_mean": 15.62770623975253, "bus_v_std": 12.612686392420098, "car_acc": 2.42979803963546, "car_dcc": 1.3283388927224875, "car_lcAssertive": 11.855802702080242, "car_lcCooperative": 0.912062540307169, "car_lcLookaheadLeft": 33.760964413462084, "car_lcPushy": 0.7238607870503495, "car_lcSigma": 0.7096210725823635, "car_lcSpeedGainRight": 2.344044158148429, "car_lcSublane": 0.09131085349838863, "car_sigma": 0.8898322658922575, "car_tau_mean": 3.4208157327427164, "car_tau_std": 4.316728789409242, "car_v_mean": 15.29437077237576, "car_v_std": 10.91803505626341}, "datetime": {"datetime": "2024-08-08 00:06:24", "elapsed": 203.555137, "delta": 0.849412}}
{"target": -0.3836179028426749, "params": {"bus_acc": 1.518436251301474, "bus_dcc": 1.9804920545991254, "bus_lcAssertive": 25.696758463437387, "bus_lcCooperative": 0.21926791032506077, "bus_lcLookaheadLeft": 80.3667620774342, "bus_lcPushy": 0.5023950058982584, "bus_lcSigma": 0.08318988869699773, "bus_lcSpeedGainRight": 3.8849209601369017, "bus_lcSublane": 0.5336490760837309, "bus_sigma": 0.739387787346382, "bus_tau_mean": 2.303877926000925, "bus_tau_std": 3.9994592398513173, "bus_v_mean": 23.77994851898072, "bus_v_std": 0.5648524032582536, "car_acc": 2.865527815929717, "car_dcc": 3.792564903279904, "car_lcAssertive": 39.70095243864435, "car_lcCooperative": 0.2144648711333198, "car_lcLookaheadLeft": 62.68290319745742, "car_lcPushy": 0.17797233547016944, "car_lcSigma": 0.8032081943280084, "car_lcSpeedGainRight": 1.2696692793886761, "car_lcSublane": 0.2908061550326779, "car_sigma": 0.915915790009957, "car_tau_mean": 3.6602089171604315, "car_tau_std": 5.3538089173052175, "car_v_mean": 21.80542368925785, "car_v_std": 7.050651376101236}, "datetime": {"datetime": "2024-08-08 00:06:25", "elapsed": 204.845853, "delta": 1.290716}}
{"target": -0.36503102572995183, "params": {"bus_acc": 1.8828343999067128, "bus_dcc": 3.816412310901941, "bus_lcAssertive": 24.50393284380015, "bus_lcCooperative": 0.0495143119387923, "bus_lcLookaheadLeft": 56.611879298347034, "bus_lcPushy": 0.31332023512450924, "bus_lcSigma": 0.5320773163972055, "bus_lcSpeedGainRight": 2.3580428472678703, "bus_lcSublane": 0.48313240951578573, "bus_sigma": 0.5700775293549659, "bus_tau_mean": 3.7320479717928405, "bus_tau_std": 2.3619249355925245, "bus_v_mean": 22.0172823855884, "bus_v_std": 14.67670866517286, "car_acc": 1.1584215260062016, "car_dcc": 3.506162458009178, "car_lcAssertive": 40.366757835978056, "car_lcCooperative": 0.3357381098211646, "car_lcLookaheadLeft": 2.038514312831926, "car_lcPushy": 0.24580518598619006, "car_lcSigma": 0.6879463498675434, "car_lcSpeedGainRight": 4.255863175568421, "car_lcSublane": 0.24104946936951954, "car_sigma": 0.3709397705100095, "car_tau_mean": 1.0264816821783271, "car_tau_std": 8.035001641072595, "car_v_mean": 19.472379574471933, "car_v_std": 14.009563747590487}, "datetime": {"datetime": "2024-08-08 00:06:28", "elapsed": 207.420855, "delta": 2.575002}}
{"target": -0.35248553194370746, "params": {"bus_acc": 2.4584932288907906, "bus_dcc": 1.9469623953494826, "bus_lcAssertive": 88.49794140975366, "bus_lcCooperative": 0.18023352523222202, "bus_lcLookaheadLeft": 93.97796412003048, "bus_lcPushy": 0.9707501480531616, "bus_lcSigma": 0.3044852440523308, "bus_lcSpeedGainRight": 4.312431998521504, "bus_lcSublane": 0.8421791188670099, "bus_sigma": 0.4246127100946028, "bus_tau_mean": 1.7728954274847468, "bus_tau_std": 2.82437473235045, "bus_v_mean": 23.89178855144873, "bus_v_std": 5.115020539037993, "car_acc": 2.8413511955182447, "car_dcc": 2.2850056412791675, "car_lcAssertive": 93.60727422179946, "car_lcCooperative": 0.8388448341981828, "car_lcLookaheadLeft": 17.26617791032026, "car_lcPushy": 0.5742833543508832, "car_lcSigma": 0.6735030146856861, "car_lcSpeedGainRight": 2.029102029995226, "car_lcSublane": 0.004877044482226589, "car_sigma": 0.3253313297689604, "car_tau_mean": 3.4363073179063703, "car_tau_std": 0.6282398021726943, "car_v_mean": 9.686715943029075, "car_v_std": 14.035746930238318}, "datetime": {"datetime": "2024-08-08 00:06:29", "elapsed": 208.162837, "delta": 0.741982}}
{"target": -0.37567111933033315, "params": {"bus_acc": 2.9455751838653104, "bus_dcc": 3.3024246065890392, "bus_lcAssertive": 82.59954612282529, "bus_lcCooperative": 0.6326158167779973, "bus_lcLookaheadLeft": 67.53581148025974, "bus_lcPushy": 0.47688233352119336, "bus_lcSigma": 0.013136356923072245, "bus_lcSpeedGainRight": 1.765030427709124, "bus_lcSublane": 0.49207180149355845, "bus_sigma": 0.7300912110901043, "bus_tau_mean": 2.1401991996113825, "bus_tau_std": 4.574049160894317, "bus_v_mean": 10.20260385512965, "bus_v_std": 0.2177746760695798, "car_acc": 2.5165565209539924, "car_dcc": 1.9598585142330351, "car_lcAssertive": 98.45396156915756, "car_lcCooperative": 0.220234226159156, "car_lcLookaheadLeft": 35.19338649720461, "car_lcPushy": 0.5238961356661317, "car_lcSigma": 0.7548914570605327, "car_lcSpeedGainRight": 2.3192889195014783, "car_lcSublane": 0.12482254311167629, "car_sigma": 0.3125013784920495, "car_tau_mean": 2.265817093953481, "car_tau_std": 6.738490080168677, "car_v_mean": 20.322399300993474, "car_v_std": 2.6067156190870855}, "datetime": {"datetime": "2024-08-08 00:06:30", "elapsed": 209.928831, "delta": 1.765994}}
{"target": -0.34450372779865485, "params": {"bus_acc": 1.644733350268839, "bus_dcc": 2.8306151762391107, "bus_lcAssertive": 16.871999966850318, "bus_lcCooperative": 0.4867389357577533, "bus_lcLookaheadLeft": 94.67215992866635, "bus_lcPushy": 0.38391424197853796, "bus_lcSigma": 0.18896259324581144, "bus_lcSpeedGainRight": 2.3441947482109047, "bus_lcSublane": 0.8409078314535324, "bus_sigma": 0.8426677225950326, "bus_tau_mean": 3.3973113381072775, "bus_tau_std": 0.11475512605813365, "bus_v_mean": 12.272644958852723, "bus_v_std": 19.99751575148525, "car_acc": 1.239366554384973, "car_dcc": 2.4702684882629, "car_lcAssertive": 79.21258890966585, "car_lcCooperative": 0.12221391009385618, "car_lcLookaheadLeft": 66.91609970774229, "car_lcPushy": 0.4880804455213241, "car_lcSigma": 0.19428998208618675, "car_lcSpeedGainRight": 4.393150132913602, "car_lcSublane": 0.18148739755773036, "car_sigma": 0.6390528592947753, "car_tau_mean": 3.092894073692752, "car_tau_std": 5.626728865932282, "car_v_mean": 18.061465097555057, "car_v_std": 2.379307932440089}, "datetime": {"datetime": "2024-08-08 00:06:32", "elapsed": 211.481601, "delta": 1.55277}}
