{"target": -0.3443908777520649, "params": {"bus_acc": 3.5287, "bus_dcc": 3.259, "bus_lcAssertive": 76.3805, "bus_lcCooperative": 0.4605, "bus_lcLookaheadLeft": 26.0981, "bus_lcPushy": 0.5774, "bus_lcSigma": 0.2129, "bus_lcSpeedGainRight": 2.4675, "bus_lcSublane": 0.938, "bus_sigma": 0.8052, "bus_tau_mean": 2.1854, "bus_tau_std": 4.2791, "bus_v_mean": 17.2358, "bus_v_std": 10.677, "car_acc": 2.6402, "car_dcc": 1.4103, "car_lcAssertive": 70.7008, "car_lcCooperative": 0.398, "car_lcLookaheadLeft": 85.4136, "car_lcPushy": 0.0992, "car_lcSigma": 0.6164, "car_lcSpeedGainRight": 4.2527, "car_lcSublane": 0.2547, "car_sigma": 0.4149, "car_tau_mean": 2.6334, "car_tau_std": 3.5815, "car_v_mean": 18.6136, "car_v_std": 6.308}, "datetime": {"datetime": "2024-08-08 13:35:24", "elapsed": 2912.508032, "delta": 12.412774}}
{"target": -0.3357069582573825, "params": {"bus_acc": 1.9124, "bus_dcc": 3.3883, "bus_lcAssertive": 56.2532, "bus_lcCooperative": 0.9134, "bus_lcLookaheadLeft": 22.8739, "bus_lcPushy": 0.7061, "bus_lcSigma": 0.9051, "bus_lcSpeedGainRight": 0.4029, "bus_lcSublane": 0.8702, "bus_sigma": 0.5626, "bus_tau_mean": 0.9158, "bus_tau_std": 3.7835, "bus_v_mean": 14.57, "bus_v_std": 16.7345, "car_acc": 4.1603, "car_dcc": 1.9822, "car_lcAssertive": 7.0439, "car_lcCooperative": 0.2064, "car_lcLookaheadLeft": 26.0689, "car_lcPushy": 0.1331, "car_lcSigma": 0.3314, "car_lcSpeedGainRight": 2.7113, "car_lcSublane": 0.6834, "car_sigma": 0.6825, "car_tau_mean": 3.7494, "car_tau_std": 1.4069, "car_v_mean": 18.4066, "car_v_std": 12.0704}, "datetime": {"datetime": "2024-08-08 13:35:34", "elapsed": 2921.658755, "delta": 9.150723}}
{"target": -0.3627646114382951, "params": {"bus_acc": 4.7893, "bus_dcc": 2.658, "bus_lcAssertive": 87.3075, "bus_lcCooperative": 0.353, "bus_lcLookaheadLeft": 9.116, "bus_lcPushy": 0.6496, "bus_lcSigma": 0.614, "bus_lcSpeedGainRight": 1.0445, "bus_lcSublane": 0.5531, "bus_sigma": 0.8973, "bus_tau_mean": 3.9549, "bus_tau_std": 7.851, "bus_v_mean": 18.6643, "bus_v_std": 10.5803, "car_acc": 2.3577, "car_dcc": 2.4347, "car_lcAssertive": 85.6293, "car_lcCooperative": 0.7556, "car_lcLookaheadLeft": 67.2019, "car_lcPushy": 0.2618, "car_lcSigma": 0.2191, "car_lcSpeedGainRight": 2.9045, "car_lcSublane": 0.8369, "car_sigma": 0.6137, "car_tau_mean": 2.7361, "car_tau_std": 7.3654, "car_v_mean": 11.1906, "car_v_std": 3.4353}, "datetime": {"datetime": "2024-08-08 13:35:36", "elapsed": 2924.290255, "delta": 2.6315}}
{"target": -0.3662859532067003, "params": {"bus_acc": 4.8492, "bus_dcc": 1.9827, "bus_lcAssertive": 29.0336, "bus_lcCooperative": 0.0028, "bus_lcLookaheadLeft": 61.9018, "bus_lcPushy": 0.3423, "bus_lcSigma": 0.8874, "bus_lcSpeedGainRight": 3.5124, "bus_lcSublane": 0.6643, "bus_sigma": 0.0337, "bus_tau_mean": 3.2961, "bus_tau_std": 2.7783, "bus_v_mean": 10.1576, "bus_v_std": 16.6284, "car_acc": 2.2444, "car_dcc": 2.4128, "car_lcAssertive": 6.1291, "car_lcCooperative": 0.8685, "car_lcLookaheadLeft": 46.6922, "car_lcPushy": 0.3883, "car_lcSigma": 0.5361, "car_lcSpeedGainRight": 1.4603, "car_lcSublane": 0.7173, "car_sigma": 0.4581, "car_tau_mean": 3.0288, "car_tau_std": 6.7918, "car_v_mean": 13.6859, "car_v_std": 14.2007}, "datetime": {"datetime": "2024-08-08 13:35:41", "elapsed": 2928.954657, "delta": 4.664402}}
{"target": -0.41307307748106953, "params": {"bus_acc": 3.4249, "bus_dcc": 1.784, "bus_lcAssertive": 30.0204, "bus_lcCooperative": 0.1012, "bus_lcLookaheadLeft": 52.2456, "bus_lcPushy": 0.907, "bus_lcSigma": 0.9215, "bus_lcSpeedGainRight": 4.1778, "bus_lcSublane": 0.8838, "bus_sigma": 0.6035, "bus_tau_mean": 2.9577, "bus_tau_std": 8.5847, "bus_v_mean": 16.7249, "bus_v_std": 5.4189, "car_acc": 2.0279, "car_dcc": 3.6719, "car_lcAssertive": 37.9374, "car_lcCooperative": 0.3825, "car_lcLookaheadLeft": 22.0128, "car_lcPushy": 0.5752, "car_lcSigma": 0.8535, "car_lcSpeedGainRight": 0.5236, "car_lcSublane": 0.2052, "car_sigma": 0.4617, "car_tau_mean": 1.2689, "car_tau_std": 0.8983, "car_v_mean": 12.2061, "car_v_std": 9.278}, "datetime": {"datetime": "2024-08-08 13:35:43", "elapsed": 2930.91794, "delta": 1.963283}}
{"target": -0.3896334233645593, "params": {"bus_acc": 1.2065, "bus_dcc": 2.9993, "bus_lcAssertive": 36.897, "bus_lcCooperative": 0.256, "bus_lcLookaheadLeft": 32.9995, "bus_lcPushy": 0.252, "bus_lcSigma": 0.5295, "bus_lcSpeedGainRight": 3.2391, "bus_lcSublane": 0.9119, "bus_sigma": 0.8213, "bus_tau_mean": 2.2395, "bus_tau_std": 4.2506, "bus_v_mean": 23.1337, "bus_v_std": 4.1265, "car_acc": 1.7902, "car_dcc": 3.759, "car_lcAssertive": 84.1278, "car_lcCooperative": 0.2864, "car_lcLookaheadLeft": 72.2606, "car_lcPushy": 0.8402, "car_lcSigma": 0.7498, "car_lcSpeedGainRight": 4.5067, "car_lcSublane": 0.8644, "car_sigma": 0.0624, "car_tau_mean": 1.8404, "car_tau_std": 5.6549, "car_v_mean": 14.6883, "car_v_std": 9.324}, "datetime": {"datetime": "2024-08-08 13:35:45", "elapsed": 2933.414313, "delta": 2.496373}}
{"target": -0.34804355253027064, "params": {"bus_acc": 1.9813, "bus_dcc": 2.2305, "bus_lcAssertive": 16.4219, "bus_lcCooperative": 0.203, "bus_lcLookaheadLeft": 74.3841, "bus_lcPushy": 0.0911, "bus_lcSigma": 0.6696, "bus_lcSpeedGainRight": 4.7118, "bus_lcSublane": 0.8035, "bus_sigma": 0.5535, "bus_tau_mean": 3.9929, "bus_tau_std": 3.3831, "bus_v_mean": 22.7432, "bus_v_std": 9.7195, "car_acc": 3.0709, "car_dcc": 3.7237, "car_lcAssertive": 10.4945, "car_lcCooperative": 0.421, "car_lcLookaheadLeft": 52.1207, "car_lcPushy": 0.602, "car_lcSigma": 0.309, "car_lcSpeedGainRight": 4.2525, "car_lcSublane": 0.7687, "car_sigma": 0.5359, "car_tau_mean": 2.263, "car_tau_std": 0.9744, "car_v_mean": 17.7269, "car_v_std": 18.7167}, "datetime": {"datetime": "2024-08-08 13:36:00", "elapsed": 2948.111393, "delta": 14.69708}}
{"target": -0.3971266462767099, "params": {"bus_acc": 4.0169, "bus_dcc": 2.9596, "bus_lcAssertive": 9.3, "bus_lcCooperative": 0.6405, "bus_lcLookaheadLeft": 8.8033, "bus_lcPushy": 0.3423, "bus_lcSigma": 0.6249, "bus_lcSpeedGainRight": 3.5586, "bus_lcSublane": 0.1245, "bus_sigma": 0.6398, "bus_tau_mean": 1.9245, "bus_tau_std": 9.2149, "bus_v_mean": 23.3264, "bus_v_std": 18.3514, "car_acc": 1.1896, "car_dcc": 2.9586, "car_lcAssertive": 73.3994, "car_lcCooperative": 0.403, "car_lcLookaheadLeft": 10.1169, "car_lcPushy": 0.0006, "car_lcSigma": 0.0274, "car_lcSpeedGainRight": 1.0267, "car_lcSublane": 0.4277, "car_sigma": 0.3911, "car_tau_mean": 2.8083, "car_tau_std": 5.397, "car_v_mean": 16.1984, "car_v_std": 12.5815}, "datetime": {"datetime": "2024-08-08 13:36:09", "elapsed": 2957.123983, "delta": 9.01259}}
{"target": -0.4178318761041474, "params": {"bus_acc": 1.4485, "bus_dcc": 2.6626, "bus_lcAssertive": 31.0743, "bus_lcCooperative": 0.7533, "bus_lcLookaheadLeft": 15.3464, "bus_lcPushy": 0.4276, "bus_lcSigma": 0.8775, "bus_lcSpeedGainRight": 1.6567, "bus_lcSublane": 0.1643, "bus_sigma": 0.8277, "bus_tau_mean": 2.0619, "bus_tau_std": 9.1746, "bus_v_mean": 15.4049, "bus_v_std": 9.4112, "car_acc": 4.4437, "car_dcc": 3.3002, "car_lcAssertive": 17.3998, "car_lcCooperative": 0.046, "car_lcLookaheadLeft": 87.6691, "car_lcPushy": 0.9729, "car_lcSigma": 0.5627, "car_lcSpeedGainRight": 4.7317, "car_lcSublane": 0.1365, "car_sigma": 0.4737, "car_tau_mean": 3.7334, "car_tau_std": 1.7129, "car_v_mean": 8.2102, "car_v_std": 1.8534}, "datetime": {"datetime": "2024-08-08 13:36:28", "elapsed": 2975.762632, "delta": 18.638649}}
{"target": -0.342740991736286, "params": {"bus_acc": 2.916, "bus_dcc": 3.9442, "bus_lcAssertive": 50.5225, "bus_lcCooperative": 0.0195, "bus_lcLookaheadLeft": 48.5648, "bus_lcPushy": 0.1917, "bus_lcSigma": 0.823, "bus_lcSpeedGainRight": 1.1304, "bus_lcSublane": 0.7876, "bus_sigma": 0.2883, "bus_tau_mean": 1.5907, "bus_tau_std": 1.7681, "bus_v_mean": 10.9156, "bus_v_std": 14.8868, "car_acc": 4.509, "car_dcc": 1.7918, "car_lcAssertive": 13.7125, "car_lcCooperative": 0.6393, "car_lcLookaheadLeft": 99.0531, "car_lcPushy": 0.96, "car_lcSigma": 0.7404, "car_lcSpeedGainRight": 1.6298, "car_lcSublane": 0.1752, "car_sigma": 0.757, "car_tau_mean": 1.5195, "car_tau_std": 0.0369, "car_v_mean": 23.5413, "car_v_std": 0.8919}, "datetime": {"datetime": "2024-08-08 13:36:30", "elapsed": 2978.023121, "delta": 2.260489}}
{"target": -0.3381657206764095, "params": {"bus_acc": 2.7849, "bus_dcc": 2.5306, "bus_lcAssertive": 24.4919, "bus_lcCooperative": 0.9812, "bus_lcLookaheadLeft": 45.0407, "bus_lcPushy": 0.3841, "bus_lcSigma": 0.3324, "bus_lcSpeedGainRight": 2.0793, "bus_lcSublane": 0.6192, "bus_sigma": 0.5069, "bus_tau_mean": 1.8431, "bus_tau_std": 0.6425, "bus_v_mean": 21.2473, "bus_v_std": 18.9972, "car_acc": 3.5945, "car_dcc": 3.858, "car_lcAssertive": 5.7311, "car_lcCooperative": 0.818, "car_lcLookaheadLeft": 44.1122, "car_lcPushy": 0.412, "car_lcSigma": 0.0493, "car_lcSpeedGainRight": 2.2027, "car_lcSublane": 0.6801, "car_sigma": 0.4723, "car_tau_mean": 2.7717, "car_tau_std": 0.845, "car_v_mean": 13.1899, "car_v_std": 6.8106}, "datetime": {"datetime": "2024-08-08 13:36:45", "elapsed": 2993.335534, "delta": 15.312413}}
{"target": -0.3370783407553739, "params": {"bus_acc": 3.7855, "bus_dcc": 3.1196, "bus_lcAssertive": 35.4767, "bus_lcCooperative": 0.8056, "bus_lcLookaheadLeft": 85.793, "bus_lcPushy": 0.4339, "bus_lcSigma": 0.6581, "bus_lcSpeedGainRight": 3.5038, "bus_lcSublane": 0.1248, "bus_sigma": 0.869, "bus_tau_mean": 1.8402, "bus_tau_std": 4.2171, "bus_v_mean": 11.3977, "bus_v_std": 2.2713, "car_acc": 1.4565, "car_dcc": 1.6046, "car_lcAssertive": 71.4164, "car_lcCooperative": 0.4807, "car_lcLookaheadLeft": 92.4169, "car_lcPushy": 0.9544, "car_lcSigma": 0.1311, "car_lcSpeedGainRight": 2.4187, "car_lcSublane": 0.2927, "car_sigma": 0.4997, "car_tau_mean": 3.3615, "car_tau_std": 7.4843, "car_v_mean": 13.8484, "car_v_std": 3.0775}, "datetime": {"datetime": "2024-08-08 13:36:51", "elapsed": 2999.226925, "delta": 5.891391}}
{"target": -0.3483422962161815, "params": {"bus_acc": 1.3156, "bus_dcc": 3.7384, "bus_lcAssertive": 65.4142, "bus_lcCooperative": 0.0125, "bus_lcLookaheadLeft": 95.7436, "bus_lcPushy": 0.9712, "bus_lcSigma": 0.9192, "bus_lcSpeedGainRight": 4.3654, "bus_lcSublane": 0.6498, "bus_sigma": 0.3878, "bus_tau_mean": 0.7827, "bus_tau_std": 3.6395, "bus_v_mean": 10.5072, "bus_v_std": 12.1493, "car_acc": 1.4515, "car_dcc": 2.5437, "car_lcAssertive": 85.8112, "car_lcCooperative": 0.9854, "car_lcLookaheadLeft": 69.0733, "car_lcPushy": 0.3354, "car_lcSigma": 0.3974, "car_lcSpeedGainRight": 1.8438, "car_lcSublane": 0.8815, "car_sigma": 0.7122, "car_tau_mean": 2.4902, "car_tau_std": 1.4389, "car_v_mean": 13.5936, "car_v_std": 0.936}, "datetime": {"datetime": "2024-08-08 13:37:05", "elapsed": 3013.103107, "delta": 13.876182}}
{"target": -0.3161061205257518, "params": {"bus_acc": 3.9078, "bus_dcc": 1.3864, "bus_lcAssertive": 42.0998, "bus_lcCooperative": 0.5792, "bus_lcLookaheadLeft": 99.6996, "bus_lcPushy": 0.4459, "bus_lcSigma": 0.2085, "bus_lcSpeedGainRight": 1.9179, "bus_lcSublane": 0.8129, "bus_sigma": 0.2417, "bus_tau_mean": 2.1629, "bus_tau_std": 0.1957, "bus_v_mean": 11.5573, "bus_v_std": 15.3139, "car_acc": 3.1277, "car_dcc": 2.6481, "car_lcAssertive": 14.0627, "car_lcCooperative": 0.1167, "car_lcLookaheadLeft": 68.5662, "car_lcPushy": 0.3986, "car_lcSigma": 0.809, "car_lcSpeedGainRight": 1.5288, "car_lcSublane": 0.818, "car_sigma": 0.7478, "car_tau_mean": 3.7682, "car_tau_std": 4.4888, "car_v_mean": 15.8959, "car_v_std": 12.8244}, "datetime": {"datetime": "2024-08-08 13:37:07", "elapsed": 3014.885049, "delta": 1.781942}}
{"target": -0.3410862971447378, "params": {"bus_acc": 3.1382, "bus_dcc": 2.7726, "bus_lcAssertive": 82.1472, "bus_lcCooperative": 0.0595, "bus_lcLookaheadLeft": 80.6778, "bus_lcPushy": 0.2611, "bus_lcSigma": 0.1203, "bus_lcSpeedGainRight": 0.2375, "bus_lcSublane": 0.5381, "bus_sigma": 0.7171, "bus_tau_mean": 3.4909, "bus_tau_std": 8.3286, "bus_v_mean": 11.8484, "bus_v_std": 10.6328, "car_acc": 4.0329, "car_dcc": 2.7871, "car_lcAssertive": 46.6138, "car_lcCooperative": 0.0035, "car_lcLookaheadLeft": 3.7163, "car_lcPushy": 0.5042, "car_lcSigma": 0.7806, "car_lcSpeedGainRight": 3.8893, "car_lcSublane": 0.5022, "car_sigma": 0.5929, "car_tau_mean": 3.5055, "car_tau_std": 4.9643, "car_v_mean": 14.6353, "car_v_std": 2.4716}, "datetime": {"datetime": "2024-08-08 13:37:08", "elapsed": 3016.473397, "delta": 1.588348}}
{"target": -0.3417821300844817, "params": {"bus_acc": 2.5101, "bus_dcc": 1.7699, "bus_lcAssertive": 65.6102, "bus_lcCooperative": 0.5872, "bus_lcLookaheadLeft": 46.6956, "bus_lcPushy": 0.2122, "bus_lcSigma": 0.7515, "bus_lcSpeedGainRight": 3.8212, "bus_lcSublane": 0.7525, "bus_sigma": 0.9279, "bus_tau_mean": 2.33, "bus_tau_std": 7.0654, "bus_v_mean": 19.0913, "bus_v_std": 16.7431, "car_acc": 4.7299, "car_dcc": 2.8969, "car_lcAssertive": 12.1902, "car_lcCooperative": 0.259, "car_lcLookaheadLeft": 30.1282, "car_lcPushy": 0.6077, "car_lcSigma": 0.0757, "car_lcSpeedGainRight": 0.6568, "car_lcSublane": 0.7564, "car_sigma": 0.5495, "car_tau_mean": 2.2045, "car_tau_std": 6.7, "car_v_mean": 16.2657, "car_v_std": 3.7993}, "datetime": {"datetime": "2024-08-08 13:37:27", "elapsed": 3034.825161, "delta": 18.351764}}
{"target": -0.3444310898109369, "params": {"bus_acc": 4.222, "bus_dcc": 1.7873, "bus_lcAssertive": 9.8851, "bus_lcCooperative": 0.4187, "bus_lcLookaheadLeft": 4.8587, "bus_lcPushy": 0.7622, "bus_lcSigma": 0.5017, "bus_lcSpeedGainRight": 2.3105, "bus_lcSublane": 0.1696, "bus_sigma": 0.4691, "bus_tau_mean": 1.4962, "bus_tau_std": 1.7455, "bus_v_mean": 17.7581, "bus_v_std": 17.3422, "car_acc": 3.2948, "car_dcc": 1.5946, "car_lcAssertive": 39.2395, "car_lcCooperative": 0.8093, "car_lcLookaheadLeft": 49.2185, "car_lcPushy": 0.953, "car_lcSigma": 0.2965, "car_lcSpeedGainRight": 0.5309, "car_lcSublane": 0.6067, "car_sigma": 0.0875, "car_tau_mean": 3.4654, "car_tau_std": 5.0331, "car_v_mean": 10.0971, "car_v_std": 19.0377}, "datetime": {"datetime": "2024-08-08 13:37:37", "elapsed": 3044.559985, "delta": 9.734824}}
{"target": -0.39389553492198853, "params": {"bus_acc": 3.7028, "bus_dcc": 2.4154, "bus_lcAssertive": 18.8345, "bus_lcCooperative": 0.4672, "bus_lcLookaheadLeft": 91.5517, "bus_lcPushy": 0.3893, "bus_lcSigma": 0.5369, "bus_lcSpeedGainRight": 1.1218, "bus_lcSublane": 0.2389, "bus_sigma": 0.2942, "bus_tau_mean": 1.7701, "bus_tau_std": 9.0011, "bus_v_mean": 18.1401, "bus_v_std": 8.746, "car_acc": 3.5523, "car_dcc": 2.4152, "car_lcAssertive": 15.7344, "car_lcCooperative": 0.0051, "car_lcLookaheadLeft": 81.9786, "car_lcPushy": 0.549, "car_lcSigma": 0.6668, "car_lcSpeedGainRight": 3.9286, "car_lcSublane": 0.7131, "car_sigma": 0.6026, "car_tau_mean": 3.81, "car_tau_std": 7.949, "car_v_mean": 15.7341, "car_v_std": 1.025}, "datetime": {"datetime": "2024-08-08 13:37:51", "elapsed": 3058.552342, "delta": 13.992357}}
{"target": -0.4438521123366247, "params": {"bus_acc": 1.9094, "bus_dcc": 1.1745, "bus_lcAssertive": 22.4899, "bus_lcCooperative": 0.6931, "bus_lcLookaheadLeft": 13.8243, "bus_lcPushy": 0.6251, "bus_lcSigma": 0.1036, "bus_lcSpeedGainRight": 1.604, "bus_lcSublane": 0.9378, "bus_sigma": 0.0437, "bus_tau_mean": 0.9871, "bus_tau_std": 5.0235, "bus_v_mean": 21.4769, "bus_v_std": 13.616, "car_acc": 1.222, "car_dcc": 1.3895, "car_lcAssertive": 14.3459, "car_lcCooperative": 0.6849, "car_lcLookaheadLeft": 67.4907, "car_lcPushy": 0.4128, "car_lcSigma": 0.4608, "car_lcSpeedGainRight": 2.6219, "car_lcSublane": 0.0599, "car_sigma": 0.9099, "car_tau_mean": 3.3828, "car_tau_std": 6.2118, "car_v_mean": 17.7984, "car_v_std": 1.9899}, "datetime": {"datetime": "2024-08-08 13:37:57", "elapsed": 3065.039794, "delta": 6.487452}}
{"target": -0.3775237786456067, "params": {"bus_acc": 1.897, "bus_dcc": 2.7189, "bus_lcAssertive": 16.7113, "bus_lcCooperative": 0.6067, "bus_lcLookaheadLeft": 86.5723, "bus_lcPushy": 0.7958, "bus_lcSigma": 0.2008, "bus_lcSpeedGainRight": 0.6925, "bus_lcSublane": 0.087, "bus_sigma": 0.4001, "bus_tau_mean": 3.8733, "bus_tau_std": 2.4949, "bus_v_mean": 15.0397, "bus_v_std": 4.4997, "car_acc": 1.7074, "car_dcc": 3.8316, "car_lcAssertive": 78.893, "car_lcCooperative": 0.5965, "car_lcLookaheadLeft": 87.0626, "car_lcPushy": 0.3626, "car_lcSigma": 0.7869, "car_lcSpeedGainRight": 3.1687, "car_lcSublane": 0.2976, "car_sigma": 0.2164, "car_tau_mean": 2.4535, "car_tau_std": 9.6618, "car_v_mean": 14.6833, "car_v_std": 3.6304}, "datetime": {"datetime": "2024-08-08 13:38:03", "elapsed": 3070.774443, "delta": 5.734649}}
{"target": -0.4179706416819372, "params": {"bus_acc": 4.0931, "bus_dcc": 2.4843, "bus_lcAssertive": 93.5214, "bus_lcCooperative": 0.4767, "bus_lcLookaheadLeft": 79.9609, "bus_lcPushy": 0.3752, "bus_lcSigma": 0.2694, "bus_lcSpeedGainRight": 0.9168, "bus_lcSublane": 0.1338, "bus_sigma": 0.3492, "bus_tau_mean": 3.2962, "bus_tau_std": 5.284, "bus_v_mean": 17.3516, "bus_v_std": 16.3207, "car_acc": 2.1346, "car_dcc": 2.9098, "car_lcAssertive": 52.7387, "car_lcCooperative": 0.6374, "car_lcLookaheadLeft": 77.8571, "car_lcPushy": 0.0801, "car_lcSigma": 0.2884, "car_lcSpeedGainRight": 3.9019, "car_lcSublane": 0.0597, "car_sigma": 0.3866, "car_tau_mean": 0.5467, "car_tau_std": 0.5797, "car_v_mean": 17.2897, "car_v_std": 18.1395}, "datetime": {"datetime": "2024-08-08 13:38:08", "elapsed": 3075.708694, "delta": 4.934251}}
{"target": -0.35733605594317086, "params": {"bus_acc": 1.4312, "bus_dcc": 3.4717, "bus_lcAssertive": 22.6597, "bus_lcCooperative": 0.3395, "bus_lcLookaheadLeft": 54.0043, "bus_lcPushy": 0.057, "bus_lcSigma": 0.311, "bus_lcSpeedGainRight": 0.2338, "bus_lcSublane": 0.846, "bus_sigma": 0.9793, "bus_tau_mean": 2.6266, "bus_tau_std": 8.3942, "bus_v_mean": 23.8086, "bus_v_std": 8.0205, "car_acc": 2.4084, "car_dcc": 1.3027, "car_lcAssertive": 61.9891, "car_lcCooperative": 0.2609, "car_lcLookaheadLeft": 66.2292, "car_lcPushy": 0.9495, "car_lcSigma": 0.2319, "car_lcSpeedGainRight": 2.8347, "car_lcSublane": 0.8479, "car_sigma": 0.0113, "car_tau_mean": 2.6257, "car_tau_std": 4.0949, "car_v_mean": 8.9453, "car_v_std": 16.3412}, "datetime": {"datetime": "2024-08-08 13:38:28", "elapsed": 3095.732982, "delta": 20.024288}}
{"target": -0.33697214263871345, "params": {"bus_acc": 2.8356, "bus_dcc": 3.0583, "bus_lcAssertive": 60.6388, "bus_lcCooperative": 0.1151, "bus_lcLookaheadLeft": 61.0731, "bus_lcPushy": 0.7973, "bus_lcSigma": 0.8088, "bus_lcSpeedGainRight": 1.1683, "bus_lcSublane": 0.0048, "bus_sigma": 0.1024, "bus_tau_mean": 1.4552, "bus_tau_std": 5.6381, "bus_v_mean": 13.3196, "bus_v_std": 9.1249, "car_acc": 2.5783, "car_dcc": 2.6613, "car_lcAssertive": 53.1512, "car_lcCooperative": 0.1304, "car_lcLookaheadLeft": 9.2932, "car_lcPushy": 0.0983, "car_lcSigma": 0.7147, "car_lcSpeedGainRight": 1.2803, "car_lcSublane": 0.1663, "car_sigma": 0.4659, "car_tau_mean": 3.2084, "car_tau_std": 3.5091, "car_v_mean": 14.8013, "car_v_std": 1.6865}, "datetime": {"datetime": "2024-08-08 13:38:29", "elapsed": 3097.283806, "delta": 1.550824}}
{"target": -0.37297884978561857, "params": {"bus_acc": 3.0145, "bus_dcc": 2.8324, "bus_lcAssertive": 94.102, "bus_lcCooperative": 0.0455, "bus_lcLookaheadLeft": 20.7276, "bus_lcPushy": 0.7021, "bus_lcSigma": 0.587, "bus_lcSpeedGainRight": 0.6013, "bus_lcSublane": 0.3437, "bus_sigma": 0.6738, "bus_tau_mean": 2.8491, "bus_tau_std": 3.5389, "bus_v_mean": 13.9581, "bus_v_std": 8.9789, "car_acc": 3.1342, "car_dcc": 3.9019, "car_lcAssertive": 37.273, "car_lcCooperative": 0.3786, "car_lcLookaheadLeft": 73.8915, "car_lcPushy": 0.2926, "car_lcSigma": 0.226, "car_lcSpeedGainRight": 4.2328, "car_lcSublane": 0.3271, "car_sigma": 0.7277, "car_tau_mean": 0.6849, "car_tau_std": 8.4331, "car_v_mean": 14.497, "car_v_std": 8.5685}, "datetime": {"datetime": "2024-08-08 13:38:37", "elapsed": 3105.18276, "delta": 7.898954}}
{"target": -0.3698549143504898, "params": {"bus_acc": 3.8318, "bus_dcc": 3.8844, "bus_lcAssertive": 14.6587, "bus_lcCooperative": 0.4994, "bus_lcLookaheadLeft": 84.8186, "bus_lcPushy": 0.0699, "bus_lcSigma": 0.4517, "bus_lcSpeedGainRight": 0.606, "bus_lcSublane": 0.6902, "bus_sigma": 0.3899, "bus_tau_mean": 0.6513, "bus_tau_std": 8.2227, "bus_v_mean": 17.9621, "bus_v_std": 0.0225, "car_acc": 3.0049, "car_dcc": 3.0652, "car_lcAssertive": 28.1648, "car_lcCooperative": 0.8088, "car_lcLookaheadLeft": 94.4757, "car_lcPushy": 0.4237, "car_lcSigma": 0.7908, "car_lcSpeedGainRight": 0.7694, "car_lcSublane": 0.6304, "car_sigma": 0.3742, "car_tau_mean": 1.4418, "car_tau_std": 7.142, "car_v_mean": 22.018, "car_v_std": 16.7863}, "datetime": {"datetime": "2024-08-08 13:38:43", "elapsed": 3110.843654, "delta": 5.660894}}
{"target": -0.2976462435454093, "params": {"bus_acc": 1.126, "bus_dcc": 1.0419, "bus_lcAssertive": 67.0671, "bus_lcCooperative": 0.8806, "bus_lcLookaheadLeft": 9.9062, "bus_lcPushy": 0.1161, "bus_lcSigma": 0.1119, "bus_lcSpeedGainRight": 4.3865, "bus_lcSublane": 0.2233, "bus_sigma": 0.307, "bus_tau_mean": 2.4098, "bus_tau_std": 1.28, "bus_v_mean": 13.612, "bus_v_std": 7.8868, "car_acc": 2.9577, "car_dcc": 1.1637, "car_lcAssertive": 6.4244, "car_lcCooperative": 0.531, "car_lcLookaheadLeft": 43.2406, "car_lcPushy": 0.8821, "car_lcSigma": 0.4918, "car_lcSpeedGainRight": 4.4074, "car_lcSublane": 0.9142, "car_sigma": 0.8413, "car_tau_mean": 0.5198, "car_tau_std": 4.2268, "car_v_mean": 20.7436, "car_v_std": 10.9911}, "datetime": {"datetime": "2024-08-08 13:38:46", "elapsed": 3113.535472, "delta": 2.691818}}
