{"target": -0.32546171085556097, "params": {"bus_acc": 2.5094, "bus_dcc": 3.1632, "bus_lcAssertive": 45.3792, "bus_lcCooperative": 0.452, "bus_lcLookaheadLeft": 32.3024, "bus_lcPushy": 0.2793, "bus_lcSigma": 0.6069, "bus_lcSpeedGainRight": 3.0147, "bus_lcSublane": 0.5893, "bus_sigma": 0.008, "bus_tau_mean": 2.0676, "bus_tau_std": 8.8718, "bus_v_mean": 8.2617, "bus_v_std": 7.1415, "car_acc": 1.6884, "car_dcc": 1.2121, "car_lcAssertive": 45.8696, "car_lcCooperative": 0.7994, "car_lcLookaheadLeft": 43.0298, "car_lcPushy": 0.7178, "car_lcSigma": 0.1538, "car_lcSpeedGainRight": 3.1022, "car_lcSublane": 0.678, "car_sigma": 0.8293, "car_tau_mean": 1.7427, "car_tau_std": 7.5858, "car_v_mean": 21.4592, "car_v_std": 13.3207}, "datetime": {"datetime": "2024-08-08 10:50:40", "elapsed": 3320.773431, "delta": 2.789401}}
{"target": -0.6896984420827428, "params": {"bus_acc": 2.3751, "bus_dcc": 1.3228, "bus_lcAssertive": 85.038, "bus_lcCooperative": 0.8915, "bus_lcLookaheadLeft": 88.0735, "bus_lcPushy": 0.7673, "bus_lcSigma": 0.9029, "bus_lcSpeedGainRight": 2.7897, "bus_lcSublane": 0.6784, "bus_sigma": 0.2663, "bus_tau_mean": 3.8618, "bus_tau_std": 4.3433, "bus_v_mean": 9.7138, "bus_v_std": 6.1768, "car_acc": 2.0294, "car_dcc": 2.4836, "car_lcAssertive": 68.431, "car_lcCooperative": 0.8505, "car_lcLookaheadLeft": 90.1537, "car_lcPushy": 0.8159, "car_lcSigma": 0.9403, "car_lcSpeedGainRight": 2.9845, "car_lcSublane": 0.7564, "car_sigma": 0.8466, "car_tau_mean": 2.4682, "car_tau_std": 3.3968, "car_v_mean": 17.405, "car_v_std": 7.9744}, "datetime": {"datetime": "2024-08-08 10:50:43", "elapsed": 3323.293702, "delta": 2.520271}}
{"target": -0.31880973866482326, "params": {"bus_acc": 1.6587, "bus_dcc": 1.5953, "bus_lcAssertive": 2.2842, "bus_lcCooperative": 0.1479, "bus_lcLookaheadLeft": 90.2495, "bus_lcPushy": 0.5244, "bus_lcSigma": 0.2079, "bus_lcSpeedGainRight": 1.279, "bus_lcSublane": 0.6975, "bus_sigma": 0.3578, "bus_tau_mean": 1.6695, "bus_tau_std": 6.0759, "bus_v_mean": 18.1791, "bus_v_std": 9.4282, "car_acc": 1.7144, "car_dcc": 3.8606, "car_lcAssertive": 54.231, "car_lcCooperative": 0.66, "car_lcLookaheadLeft": 70.7176, "car_lcPushy": 0.1217, "car_lcSigma": 0.6687, "car_lcSpeedGainRight": 4.9678, "car_lcSublane": 0.8193, "car_sigma": 0.4504, "car_tau_mean": 2.4095, "car_tau_std": 0.792, "car_v_mean": 9.6582, "car_v_std": 0.6732}, "datetime": {"datetime": "2024-08-08 10:50:47", "elapsed": 3327.732382, "delta": 4.43868}}
{"target": -0.3427283560831498, "params": {"bus_acc": 2.5085, "bus_dcc": 3.2894, "bus_lcAssertive": 69.5562, "bus_lcCooperative": 0.7444, "bus_lcLookaheadLeft": 13.844, "bus_lcPushy": 0.6841, "bus_lcSigma": 0.7966, "bus_lcSpeedGainRight": 0.6359, "bus_lcSublane": 0.6026, "bus_sigma": 0.2084, "bus_tau_mean": 0.8353, "bus_tau_std": 1.5582, "bus_v_mean": 12.5048, "bus_v_std": 10.7958, "car_acc": 2.9506, "car_dcc": 2.6779, "car_lcAssertive": 1.1989, "car_lcCooperative": 0.3527, "car_lcLookaheadLeft": 74.4804, "car_lcPushy": 0.9193, "car_lcSigma": 0.7, "car_lcSpeedGainRight": 2.2318, "car_lcSublane": 0.1985, "car_sigma": 0.0751, "car_tau_mean": 2.4578, "car_tau_std": 2.9359, "car_v_mean": 23.8676, "car_v_std": 16.4639}, "datetime": {"datetime": "2024-08-08 10:50:51", "elapsed": 3331.632339, "delta": 3.899957}}
{"target": -0.3605158401011207, "params": {"bus_acc": 1.2123, "bus_dcc": 3.5277, "bus_lcAssertive": 56.2518, "bus_lcCooperative": 0.1933, "bus_lcLookaheadLeft": 61.6323, "bus_lcPushy": 0.8468, "bus_lcSigma": 0.2306, "bus_lcSpeedGainRight": 0.7558, "bus_lcSublane": 0.5754, "bus_sigma": 0.2742, "bus_tau_mean": 0.9552, "bus_tau_std": 1.914, "bus_v_mean": 17.3556, "bus_v_std": 2.9726, "car_acc": 2.475, "car_dcc": 2.9927, "car_lcAssertive": 73.9662, "car_lcCooperative": 0.411, "car_lcLookaheadLeft": 32.2331, "car_lcPushy": 0.4936, "car_lcSigma": 0.9687, "car_lcSpeedGainRight": 3.8773, "car_lcSublane": 0.9808, "car_sigma": 0.4655, "car_tau_mean": 3.5247, "car_tau_std": 5.332, "car_v_mean": 15.1217, "car_v_std": 9.4269}, "datetime": {"datetime": "2024-08-08 10:50:54", "elapsed": 3334.645298, "delta": 3.012959}}
{"target": -0.3302789095687361, "params": {"bus_acc": 1.9988, "bus_dcc": 2.3385, "bus_lcAssertive": 20.1391, "bus_lcCooperative": 0.5413, "bus_lcLookaheadLeft": 17.6681, "bus_lcPushy": 0.3898, "bus_lcSigma": 0.2644, "bus_lcSpeedGainRight": 2.5267, "bus_lcSublane": 0.1082, "bus_sigma": 0.6809, "bus_tau_mean": 3.8773, "bus_tau_std": 8.8787, "bus_v_mean": 9.3744, "bus_v_std": 3.0899, "car_acc": 2.6826, "car_dcc": 2.4614, "car_lcAssertive": 51.9357, "car_lcCooperative": 0.4124, "car_lcLookaheadLeft": 16.9057, "car_lcPushy": 0.306, "car_lcSigma": 0.4037, "car_lcSpeedGainRight": 4.8605, "car_lcSublane": 0.0318, "car_sigma": 0.3799, "car_tau_mean": 2.4274, "car_tau_std": 6.3001, "car_v_mean": 20.2377, "car_v_std": 18.5173}, "datetime": {"datetime": "2024-08-08 10:50:57", "elapsed": 3337.375042, "delta": 2.729744}}
{"target": -0.39888101206124715, "params": {"bus_acc": 2.2616, "bus_dcc": 2.9833, "bus_lcAssertive": 70.1263, "bus_lcCooperative": 0.6368, "bus_lcLookaheadLeft": 65.3192, "bus_lcPushy": 0.5121, "bus_lcSigma": 0.3375, "bus_lcSpeedGainRight": 2.3606, "bus_lcSublane": 0.3788, "bus_sigma": 0.5087, "bus_tau_mean": 2.1428, "bus_tau_std": 5.2073, "bus_v_mean": 17.5982, "bus_v_std": 3.8913, "car_acc": 2.4164, "car_dcc": 2.0646, "car_lcAssertive": 79.4429, "car_lcCooperative": 0.5555, "car_lcLookaheadLeft": 45.5328, "car_lcPushy": 0.4196, "car_lcSigma": 0.9198, "car_lcSpeedGainRight": 3.6417, "car_lcSublane": 0.0029, "car_sigma": 0.5135, "car_tau_mean": 2.8684, "car_tau_std": 7.1636, "car_v_mean": 14.0254, "car_v_std": 14.1236}, "datetime": {"datetime": "2024-08-08 10:51:01", "elapsed": 3341.020403, "delta": 3.645361}}
{"target": -0.3905638645123794, "params": {"bus_acc": 1.4935, "bus_dcc": 3.8912, "bus_lcAssertive": 8.8657, "bus_lcCooperative": 0.2107, "bus_lcLookaheadLeft": 6.754, "bus_lcPushy": 0.3456, "bus_lcSigma": 0.2612, "bus_lcSpeedGainRight": 3.5311, "bus_lcSublane": 0.8439, "bus_sigma": 0.8126, "bus_tau_mean": 0.9971, "bus_tau_std": 3.8744, "bus_v_mean": 12.5835, "bus_v_std": 5.408, "car_acc": 2.6772, "car_dcc": 1.1143, "car_lcAssertive": 80.1897, "car_lcCooperative": 0.7047, "car_lcLookaheadLeft": 26.4628, "car_lcPushy": 0.7535, "car_lcSigma": 0.9786, "car_lcSpeedGainRight": 2.5393, "car_lcSublane": 0.4417, "car_sigma": 0.4902, "car_tau_mean": 3.1872, "car_tau_std": 7.0772, "car_v_mean": 23.3922, "car_v_std": 1.2067}, "datetime": {"datetime": "2024-08-08 10:51:06", "elapsed": 3346.191991, "delta": 5.171588}}
{"target": -0.347527789664232, "params": {"bus_acc": 2.777, "bus_dcc": 3.932, "bus_lcAssertive": 40.8555, "bus_lcCooperative": 0.9183, "bus_lcLookaheadLeft": 13.106, "bus_lcPushy": 0.1766, "bus_lcSigma": 0.8298, "bus_lcSpeedGainRight": 3.7978, "bus_lcSublane": 0.4442, "bus_sigma": 0.5563, "bus_tau_mean": 2.3286, "bus_tau_std": 1.2323, "bus_v_mean": 11.9025, "bus_v_std": 5.2966, "car_acc": 1.863, "car_dcc": 1.464, "car_lcAssertive": 21.6964, "car_lcCooperative": 0.369, "car_lcLookaheadLeft": 24.0768, "car_lcPushy": 0.0743, "car_lcSigma": 0.3224, "car_lcSpeedGainRight": 3.2265, "car_lcSublane": 0.3776, "car_sigma": 0.9315, "car_tau_mean": 3.5451, "car_tau_std": 1.0676, "car_v_mean": 14.3588, "car_v_std": 8.1236}, "datetime": {"datetime": "2024-08-08 10:51:12", "elapsed": 3352.612348, "delta": 6.420357}}
{"target": -0.31533541977000756, "params": {"bus_acc": 1.7433, "bus_dcc": 1.6265, "bus_lcAssertive": 93.8896, "bus_lcCooperative": 0.5201, "bus_lcLookaheadLeft": 93.0335, "bus_lcPushy": 0.7954, "bus_lcSigma": 0.8091, "bus_lcSpeedGainRight": 1.6163, "bus_lcSublane": 0.9202, "bus_sigma": 0.7778, "bus_tau_mean": 3.3822, "bus_tau_std": 4.0476, "bus_v_mean": 23.424, "bus_v_std": 9.8628, "car_acc": 1.312, "car_dcc": 2.5642, "car_lcAssertive": 91.1407, "car_lcCooperative": 0.8285, "car_lcLookaheadLeft": 8.3667, "car_lcPushy": 0.4739, "car_lcSigma": 0.1607, "car_lcSpeedGainRight": 4.7, "car_lcSublane": 0.8732, "car_sigma": 0.7508, "car_tau_mean": 1.0439, "car_tau_std": 2.3939, "car_v_mean": 13.0022, "car_v_std": 18.1589}, "datetime": {"datetime": "2024-08-08 10:51:16", "elapsed": 3356.619445, "delta": 4.007097}}
{"target": -0.3611656664006464, "params": {"bus_acc": 1.6624, "bus_dcc": 3.3452, "bus_lcAssertive": 82.3784, "bus_lcCooperative": 0.7293, "bus_lcLookaheadLeft": 13.5001, "bus_lcPushy": 0.5569, "bus_lcSigma": 0.0685, "bus_lcSpeedGainRight": 2.881, "bus_lcSublane": 0.5689, "bus_sigma": 0.4559, "bus_tau_mean": 3.3398, "bus_tau_std": 7.4532, "bus_v_mean": 12.8143, "bus_v_std": 16.4198, "car_acc": 1.3297, "car_dcc": 2.4343, "car_lcAssertive": 93.8589, "car_lcCooperative": 0.373, "car_lcLookaheadLeft": 66.7854, "car_lcPushy": 0.7399, "car_lcSigma": 0.0306, "car_lcSpeedGainRight": 1.6531, "car_lcSublane": 0.7357, "car_sigma": 0.66, "car_tau_mean": 3.6394, "car_tau_std": 1.1767, "car_v_mean": 17.5233, "car_v_std": 5.4729}, "datetime": {"datetime": "2024-08-08 10:51:20", "elapsed": 3360.979887, "delta": 4.360442}}
{"target": -0.34574884156559216, "params": {"bus_acc": 2.7488, "bus_dcc": 2.3082, "bus_lcAssertive": 18.9472, "bus_lcCooperative": 0.0152, "bus_lcLookaheadLeft": 70.4566, "bus_lcPushy": 0.951, "bus_lcSigma": 0.4788, "bus_lcSpeedGainRight": 2.7104, "bus_lcSublane": 0.4102, "bus_sigma": 0.125, "bus_tau_mean": 2.8824, "bus_tau_std": 6.805, "bus_v_mean": 22.6572, "bus_v_std": 4.2264, "car_acc": 2.7475, "car_dcc": 1.2524, "car_lcAssertive": 30.2778, "car_lcCooperative": 0.0449, "car_lcLookaheadLeft": 17.421, "car_lcPushy": 0.6289, "car_lcSigma": 0.2476, "car_lcSpeedGainRight": 3.5242, "car_lcSublane": 0.5695, "car_sigma": 0.203, "car_tau_mean": 2.7577, "car_tau_std": 6.9744, "car_v_mean": 13.2056, "car_v_std": 11.131}, "datetime": {"datetime": "2024-08-08 10:51:25", "elapsed": 3365.440799, "delta": 4.460912}}
{"target": -0.3649599401193542, "params": {"bus_acc": 1.6355, "bus_dcc": 3.919, "bus_lcAssertive": 58.7065, "bus_lcCooperative": 0.9871, "bus_lcLookaheadLeft": 88.5375, "bus_lcPushy": 0.716, "bus_lcSigma": 0.3971, "bus_lcSpeedGainRight": 4.734, "bus_lcSublane": 0.4639, "bus_sigma": 0.2997, "bus_tau_mean": 2.8212, "bus_tau_std": 4.0049, "bus_v_mean": 22.8172, "bus_v_std": 11.2735, "car_acc": 1.7805, "car_dcc": 2.5558, "car_lcAssertive": 15.8753, "car_lcCooperative": 0.0313, "car_lcLookaheadLeft": 54.1572, "car_lcPushy": 0.7618, "car_lcSigma": 0.7986, "car_lcSpeedGainRight": 4.852, "car_lcSublane": 0.8607, "car_sigma": 0.3331, "car_tau_mean": 3.9016, "car_tau_std": 7.0053, "car_v_mean": 16.3484, "car_v_std": 14.6283}, "datetime": {"datetime": "2024-08-08 10:51:28", "elapsed": 3368.87282, "delta": 3.432021}}
{"target": -0.37040218505476397, "params": {"bus_acc": 2.0768, "bus_dcc": 3.9836, "bus_lcAssertive": 89.7144, "bus_lcCooperative": 0.6354, "bus_lcLookaheadLeft": 33.4935, "bus_lcPushy": 0.6945, "bus_lcSigma": 0.612, "bus_lcSpeedGainRight": 0.2917, "bus_lcSublane": 0.0066, "bus_sigma": 0.7765, "bus_tau_mean": 2.8898, "bus_tau_std": 3.8632, "bus_v_mean": 15.3897, "bus_v_std": 8.2274, "car_acc": 1.3901, "car_dcc": 1.1565, "car_lcAssertive": 11.7344, "car_lcCooperative": 0.5456, "car_lcLookaheadLeft": 98.073, "car_lcPushy": 0.0514, "car_lcSigma": 0.5963, "car_lcSpeedGainRight": 2.4172, "car_lcSublane": 0.7003, "car_sigma": 0.0221, "car_tau_mean": 1.5752, "car_tau_std": 3.1075, "car_v_mean": 23.3664, "car_v_std": 4.3996}, "datetime": {"datetime": "2024-08-08 10:51:32", "elapsed": 3372.411565, "delta": 3.538745}}
{"target": -0.4039813532977742, "params": {"bus_acc": 2.0903, "bus_dcc": 2.5668, "bus_lcAssertive": 69.8475, "bus_lcCooperative": 0.5321, "bus_lcLookaheadLeft": 4.3051, "bus_lcPushy": 0.0741, "bus_lcSigma": 0.6907, "bus_lcSpeedGainRight": 3.3363, "bus_lcSublane": 0.7235, "bus_sigma": 0.7596, "bus_tau_mean": 1.7939, "bus_tau_std": 7.5812, "bus_v_mean": 14.0751, "bus_v_std": 8.1035, "car_acc": 1.7275, "car_dcc": 1.7142, "car_lcAssertive": 31.1666, "car_lcCooperative": 0.7722, "car_lcLookaheadLeft": 12.9365, "car_lcPushy": 0.4592, "car_lcSigma": 0.2028, "car_lcSpeedGainRight": 4.1207, "car_lcSublane": 0.881, "car_sigma": 0.192, "car_tau_mean": 3.5741, "car_tau_std": 4.0691, "car_v_mean": 20.3576, "car_v_std": 19.1535}, "datetime": {"datetime": "2024-08-08 10:51:35", "elapsed": 3375.453749, "delta": 3.042184}}
{"target": -0.30862911231381585, "params": {"bus_acc": 1.3791, "bus_dcc": 1.4472, "bus_lcAssertive": 58.068, "bus_lcCooperative": 0.3669, "bus_lcLookaheadLeft": 82.8491, "bus_lcPushy": 0.7674, "bus_lcSigma": 0.0377, "bus_lcSpeedGainRight": 2.6927, "bus_lcSublane": 0.1194, "bus_sigma": 0.7648, "bus_tau_mean": 2.7529, "bus_tau_std": 9.0704, "bus_v_mean": 22.7247, "bus_v_std": 11.9012, "car_acc": 1.6898, "car_dcc": 2.5393, "car_lcAssertive": 38.9318, "car_lcCooperative": 0.1656, "car_lcLookaheadLeft": 16.4683, "car_lcPushy": 0.9606, "car_lcSigma": 0.6074, "car_lcSpeedGainRight": 2.8472, "car_lcSublane": 0.8266, "car_sigma": 0.4886, "car_tau_mean": 1.6517, "car_tau_std": 8.3318, "car_v_mean": 9.4243, "car_v_std": 0.2165}, "datetime": {"datetime": "2024-08-08 10:51:37", "elapsed": 3377.556579, "delta": 2.10283}}
{"target": -0.35520042715975, "params": {"bus_acc": 1.3233, "bus_dcc": 3.9513, "bus_lcAssertive": 6.798, "bus_lcCooperative": 0.1087, "bus_lcLookaheadLeft": 70.9184, "bus_lcPushy": 0.1093, "bus_lcSigma": 0.4737, "bus_lcSpeedGainRight": 0.3199, "bus_lcSublane": 0.5444, "bus_sigma": 0.3283, "bus_tau_mean": 2.0645, "bus_tau_std": 4.9759, "bus_v_mean": 17.1308, "bus_v_std": 6.931, "car_acc": 1.796, "car_dcc": 2.0165, "car_lcAssertive": 54.4942, "car_lcCooperative": 0.6767, "car_lcLookaheadLeft": 97.3986, "car_lcPushy": 0.9451, "car_lcSigma": 0.7718, "car_lcSpeedGainRight": 4.7936, "car_lcSublane": 0.049, "car_sigma": 0.9345, "car_tau_mean": 0.577, "car_tau_std": 6.8639, "car_v_mean": 21.9624, "car_v_std": 9.7512}, "datetime": {"datetime": "2024-08-08 10:51:40", "elapsed": 3380.928468, "delta": 3.371889}}
{"target": -0.34123380201786224, "params": {"bus_acc": 1.946, "bus_dcc": 1.1473, "bus_lcAssertive": 24.3659, "bus_lcCooperative": 0.2243, "bus_lcLookaheadLeft": 51.9872, "bus_lcPushy": 0.1972, "bus_lcSigma": 0.9206, "bus_lcSpeedGainRight": 4.8578, "bus_lcSublane": 0.771, "bus_sigma": 0.5734, "bus_tau_mean": 1.9876, "bus_tau_std": 3.2419, "bus_v_mean": 12.736, "bus_v_std": 8.8194, "car_acc": 1.2894, "car_dcc": 3.6298, "car_lcAssertive": 78.3441, "car_lcCooperative": 0.4685, "car_lcLookaheadLeft": 48.0079, "car_lcPushy": 0.4572, "car_lcSigma": 0.1282, "car_lcSpeedGainRight": 0.7976, "car_lcSublane": 0.9744, "car_sigma": 0.9235, "car_tau_mean": 3.8854, "car_tau_std": 6.0771, "car_v_mean": 10.337, "car_v_std": 3.2156}, "datetime": {"datetime": "2024-08-08 10:51:43", "elapsed": 3383.183293, "delta": 2.254825}}
{"target": -0.364738681269766, "params": {"bus_acc": 2.6551, "bus_dcc": 1.2868, "bus_lcAssertive": 72.1626, "bus_lcCooperative": 0.3095, "bus_lcLookaheadLeft": 23.8237, "bus_lcPushy": 0.4987, "bus_lcSigma": 0.183, "bus_lcSpeedGainRight": 0.7019, "bus_lcSublane": 0.8416, "bus_sigma": 0.6679, "bus_tau_mean": 3.4467, "bus_tau_std": 7.5223, "bus_v_mean": 12.0431, "bus_v_std": 3.2867, "car_acc": 1.9668, "car_dcc": 3.4942, "car_lcAssertive": 41.4938, "car_lcCooperative": 0.2082, "car_lcLookaheadLeft": 99.1019, "car_lcPushy": 0.5394, "car_lcSigma": 0.899, "car_lcSpeedGainRight": 4.392, "car_lcSublane": 0.632, "car_sigma": 0.0778, "car_tau_mean": 3.0527, "car_tau_std": 5.6896, "car_v_mean": 21.868, "car_v_std": 3.0521}, "datetime": {"datetime": "2024-08-08 10:51:48", "elapsed": 3388.473572, "delta": 5.290279}}
{"target": -0.3069354442267013, "params": {"bus_acc": 2.217, "bus_dcc": 2.8474, "bus_lcAssertive": 55.0534, "bus_lcCooperative": 0.936, "bus_lcLookaheadLeft": 92.7357, "bus_lcPushy": 0.4456, "bus_lcSigma": 0.4933, "bus_lcSpeedGainRight": 2.268, "bus_lcSublane": 0.685, "bus_sigma": 0.5916, "bus_tau_mean": 3.6595, "bus_tau_std": 5.5861, "bus_v_mean": 10.9543, "bus_v_std": 6.7378, "car_acc": 2.7109, "car_dcc": 1.4544, "car_lcAssertive": 14.2937, "car_lcCooperative": 0.5632, "car_lcLookaheadLeft": 74.5892, "car_lcPushy": 0.5267, "car_lcSigma": 0.9947, "car_lcSpeedGainRight": 0.0255, "car_lcSublane": 0.7908, "car_sigma": 0.2096, "car_tau_mean": 3.1106, "car_tau_std": 7.5512, "car_v_mean": 17.7443, "car_v_std": 5.5546}, "datetime": {"datetime": "2024-08-08 10:51:53", "elapsed": 3393.580374, "delta": 5.106802}}
{"target": -0.3443445879553537, "params": {"bus_acc": 1.7463, "bus_dcc": 2.9157, "bus_lcAssertive": 7.2053, "bus_lcCooperative": 0.2344, "bus_lcLookaheadLeft": 28.1866, "bus_lcPushy": 0.1513, "bus_lcSigma": 0.3412, "bus_lcSpeedGainRight": 3.8395, "bus_lcSublane": 0.6397, "bus_sigma": 0.4015, "bus_tau_mean": 0.5826, "bus_tau_std": 1.0942, "bus_v_mean": 10.0141, "bus_v_std": 6.6684, "car_acc": 1.6646, "car_dcc": 1.5262, "car_lcAssertive": 22.1356, "car_lcCooperative": 0.2994, "car_lcLookaheadLeft": 94.4888, "car_lcPushy": 0.1119, "car_lcSigma": 0.4451, "car_lcSpeedGainRight": 4.7892, "car_lcSublane": 0.8077, "car_sigma": 0.3469, "car_tau_mean": 3.411, "car_tau_std": 4.0895, "car_v_mean": 18.6281, "car_v_std": 5.6101}, "datetime": {"datetime": "2024-08-08 10:51:56", "elapsed": 3396.500001, "delta": 2.919627}}
{"target": -0.3578522603143463, "params": {"bus_acc": 1.2714, "bus_dcc": 2.4679, "bus_lcAssertive": 81.891, "bus_lcCooperative": 0.4039, "bus_lcLookaheadLeft": 78.8021, "bus_lcPushy": 0.0725, "bus_lcSigma": 0.3338, "bus_lcSpeedGainRight": 1.9353, "bus_lcSublane": 0.5116, "bus_sigma": 0.3314, "bus_tau_mean": 2.2492, "bus_tau_std": 9.625, "bus_v_mean": 16.406, "bus_v_std": 9.1958, "car_acc": 1.451, "car_dcc": 1.477, "car_lcAssertive": 67.7661, "car_lcCooperative": 0.5634, "car_lcLookaheadLeft": 15.7988, "car_lcPushy": 0.6752, "car_lcSigma": 0.4485, "car_lcSpeedGainRight": 1.2816, "car_lcSublane": 0.8414, "car_sigma": 0.8118, "car_tau_mean": 1.7083, "car_tau_std": 9.352, "car_v_mean": 14.618, "car_v_std": 16.142}, "datetime": {"datetime": "2024-08-08 10:51:58", "elapsed": 3398.850003, "delta": 2.350002}}
{"target": -0.3363991043632736, "params": {"bus_acc": 1.889, "bus_dcc": 1.0665, "bus_lcAssertive": 71.5128, "bus_lcCooperative": 0.3786, "bus_lcLookaheadLeft": 32.8015, "bus_lcPushy": 0.3693, "bus_lcSigma": 0.8728, "bus_lcSpeedGainRight": 0.7609, "bus_lcSublane": 0.7163, "bus_sigma": 0.8368, "bus_tau_mean": 2.2181, "bus_tau_std": 9.4489, "bus_v_mean": 8.8735, "bus_v_std": 1.839, "car_acc": 1.6548, "car_dcc": 1.9175, "car_lcAssertive": 91.9777, "car_lcCooperative": 0.0936, "car_lcLookaheadLeft": 37.2586, "car_lcPushy": 0.211, "car_lcSigma": 0.8861, "car_lcSpeedGainRight": 4.2233, "car_lcSublane": 0.634, "car_sigma": 0.8016, "car_tau_mean": 3.4432, "car_tau_std": 3.4722, "car_v_mean": 8.1572, "car_v_std": 4.1211}, "datetime": {"datetime": "2024-08-08 10:52:11", "elapsed": 3411.93096, "delta": 13.080957}}
{"target": -0.32439172697266344, "params": {"bus_acc": 1.3008, "bus_dcc": 2.687, "bus_lcAssertive": 30.9926, "bus_lcCooperative": 0.5817, "bus_lcLookaheadLeft": 97.1134, "bus_lcPushy": 0.9489, "bus_lcSigma": 0.1474, "bus_lcSpeedGainRight": 2.0831, "bus_lcSublane": 0.9457, "bus_sigma": 0.6295, "bus_tau_mean": 1.8151, "bus_tau_std": 4.6012, "bus_v_mean": 15.9263, "bus_v_std": 9.9921, "car_acc": 1.7429, "car_dcc": 3.3262, "car_lcAssertive": 38.6079, "car_lcCooperative": 0.7489, "car_lcLookaheadLeft": 68.3676, "car_lcPushy": 0.2335, "car_lcSigma": 0.1289, "car_lcSpeedGainRight": 1.3295, "car_lcSublane": 0.166, "car_sigma": 0.7303, "car_tau_mean": 3.3405, "car_tau_std": 5.4708, "car_v_mean": 12.8006, "car_v_std": 9.2277}, "datetime": {"datetime": "2024-08-08 10:52:15", "elapsed": 3415.6964, "delta": 3.76544}}
{"target": -0.344298828829689, "params": {"bus_acc": 1.2466, "bus_dcc": 1.4829, "bus_lcAssertive": 26.5247, "bus_lcCooperative": 0.4083, "bus_lcLookaheadLeft": 52.5397, "bus_lcPushy": 0.4324, "bus_lcSigma": 0.6132, "bus_lcSpeedGainRight": 0.8795, "bus_lcSublane": 0.7303, "bus_sigma": 0.9753, "bus_tau_mean": 2.0993, "bus_tau_std": 9.3538, "bus_v_mean": 17.5362, "bus_v_std": 14.0004, "car_acc": 2.7424, "car_dcc": 1.1402, "car_lcAssertive": 50.3945, "car_lcCooperative": 0.6838, "car_lcLookaheadLeft": 69.5722, "car_lcPushy": 0.6308, "car_lcSigma": 0.9936, "car_lcSpeedGainRight": 4.8401, "car_lcSublane": 0.1585, "car_sigma": 0.5806, "car_tau_mean": 1.387, "car_tau_std": 9.1238, "car_v_mean": 11.4366, "car_v_std": 19.6117}, "datetime": {"datetime": "2024-08-08 10:52:32", "elapsed": 3432.189096, "delta": 16.492696}}
{"target": -0.3653229239716771, "params": {"bus_acc": 2.8782, "bus_dcc": 3.7411, "bus_lcAssertive": 36.9444, "bus_lcCooperative": 0.8583, "bus_lcLookaheadLeft": 9.312, "bus_lcPushy": 0.8452, "bus_lcSigma": 0.6128, "bus_lcSpeedGainRight": 3.5226, "bus_lcSublane": 0.591, "bus_sigma": 0.0565, "bus_tau_mean": 0.6501, "bus_tau_std": 6.6501, "bus_v_mean": 12.8863, "bus_v_std": 8.3319, "car_acc": 1.8382, "car_dcc": 2.4225, "car_lcAssertive": 26.5067, "car_lcCooperative": 0.5696, "car_lcLookaheadLeft": 63.4582, "car_lcPushy": 0.9027, "car_lcSigma": 0.0924, "car_lcSpeedGainRight": 0.2484, "car_lcSublane": 0.7856, "car_sigma": 0.4438, "car_tau_mean": 3.6109, "car_tau_std": 3.401, "car_v_mean": 8.3623, "car_v_std": 16.5312}, "datetime": {"datetime": "2024-08-08 10:52:41", "elapsed": 3441.764979, "delta": 9.575883}}
