{"target": -0.32656491515875563, "params": {"bus_acc": 3.3271, "bus_dcc": 2.0834, "bus_lcAssertive": 43.4762, "bus_lcCooperative": 0.0244, "bus_lcLookaheadLeft": 78.181, "bus_lcPushy": 0.1377, "bus_lcSigma": 0.0439, "bus_lcSpeedGainRight": 0.006, "bus_lcSublane": 0.9707, "bus_sigma": 0.6793, "bus_tau_mean": 1.3413, "bus_tau_std": 2.7159, "bus_v_mean": 8.0269, "bus_v_std": 11.1375, "car_acc": 4.0696, "car_dcc": 3.573, "car_lcAssertive": 18.9741, "car_lcCooperative": 0.7306, "car_lcLookaheadLeft": 41.48, "car_lcPushy": 0.6762, "car_lcSigma": 0.4189, "car_lcSpeedGainRight": 0.5177, "car_lcSublane": 0.859, "car_sigma": 0.9316, "car_tau_mean": 1.3939, "car_tau_std": 9.9217, "car_v_mean": 23.4142, "car_v_std": 15.0755}, "datetime": {"datetime": "2024-08-08 13:54:37", "elapsed": 4065.501342, "delta": 3.681237}}
{"target": -0.3828739548204951, "params": {"bus_acc": 2.0922, "bus_dcc": 2.2961, "bus_lcAssertive": 97.4997, "bus_lcCooperative": 0.4747, "bus_lcLookaheadLeft": 38.6289, "bus_lcPushy": 0.3675, "bus_lcSigma": 0.1128, "bus_lcSpeedGainRight": 3.088, "bus_lcSublane": 0.9831, "bus_sigma": 0.3383, "bus_tau_mean": 3.2084, "bus_tau_std": 0.063, "bus_v_mean": 11.2021, "bus_v_std": 12.74, "car_acc": 4.942, "car_dcc": 2.4131, "car_lcAssertive": 84.8587, "car_lcCooperative": 0.9887, "car_lcLookaheadLeft": 57.0512, "car_lcPushy": 0.6185, "car_lcSigma": 0.3022, "car_lcSpeedGainRight": 2.7588, "car_lcSublane": 0.5204, "car_sigma": 0.7478, "car_tau_mean": 3.4341, "car_tau_std": 4.2935, "car_v_mean": 19.3757, "car_v_std": 4.7542}, "datetime": {"datetime": "2024-08-08 13:54:41", "elapsed": 4068.880386, "delta": 3.379044}}
{"target": -0.3508055700810501, "params": {"bus_acc": 1.7402, "bus_dcc": 2.5102, "bus_lcAssertive": 33.6056, "bus_lcCooperative": 0.8982, "bus_lcLookaheadLeft": 5.0735, "bus_lcPushy": 0.5689, "bus_lcSigma": 0.4125, "bus_lcSpeedGainRight": 2.44, "bus_lcSublane": 0.9337, "bus_sigma": 0.8543, "bus_tau_mean": 0.7427, "bus_tau_std": 1.9428, "bus_v_mean": 13.0369, "bus_v_std": 15.4873, "car_acc": 4.1051, "car_dcc": 2.8873, "car_lcAssertive": 79.1611, "car_lcCooperative": 0.1626, "car_lcLookaheadLeft": 95.2807, "car_lcPushy": 0.1334, "car_lcSigma": 0.2009, "car_lcSpeedGainRight": 0.1178, "car_lcSublane": 0.818, "car_sigma": 0.7423, "car_tau_mean": 1.8267, "car_tau_std": 4.8055, "car_v_mean": 15.4804, "car_v_std": 16.1157}, "datetime": {"datetime": "2024-08-08 13:54:50", "elapsed": 4077.870041, "delta": 8.989655}}
{"target": -0.3676469558216604, "params": {"bus_acc": 2.9429, "bus_dcc": 2.3956, "bus_lcAssertive": 77.1975, "bus_lcCooperative": 0.1036, "bus_lcLookaheadLeft": 33.9944, "bus_lcPushy": 0.3845, "bus_lcSigma": 0.0447, "bus_lcSpeedGainRight": 2.6076, "bus_lcSublane": 0.5059, "bus_sigma": 0.5477, "bus_tau_mean": 1.4747, "bus_tau_std": 4.1933, "bus_v_mean": 14.5865, "bus_v_std": 0.9157, "car_acc": 1.9267, "car_dcc": 1.3424, "car_lcAssertive": 91.7282, "car_lcCooperative": 0.6233, "car_lcLookaheadLeft": 3.1957, "car_lcPushy": 0.7857, "car_lcSigma": 0.8139, "car_lcSpeedGainRight": 1.6916, "car_lcSublane": 0.7947, "car_sigma": 0.8795, "car_tau_mean": 2.2846, "car_tau_std": 3.154, "car_v_mean": 21.282, "car_v_std": 5.4151}, "datetime": {"datetime": "2024-08-08 13:54:53", "elapsed": 4081.050063, "delta": 3.180022}}
{"target": -0.3405449141390855, "params": {"bus_acc": 4.5401, "bus_dcc": 3.9057, "bus_lcAssertive": 57.8356, "bus_lcCooperative": 0.8656, "bus_lcLookaheadLeft": 86.8318, "bus_lcPushy": 0.4153, "bus_lcSigma": 0.1296, "bus_lcSpeedGainRight": 2.7706, "bus_lcSublane": 0.0229, "bus_sigma": 0.5138, "bus_tau_mean": 2.0154, "bus_tau_std": 0.5543, "bus_v_mean": 18.1913, "bus_v_std": 8.2525, "car_acc": 4.7613, "car_dcc": 1.414, "car_lcAssertive": 26.8993, "car_lcCooperative": 0.4253, "car_lcLookaheadLeft": 84.5579, "car_lcPushy": 0.3715, "car_lcSigma": 0.2806, "car_lcSpeedGainRight": 2.9743, "car_lcSublane": 0.4485, "car_sigma": 0.0615, "car_tau_mean": 2.2819, "car_tau_std": 6.9853, "car_v_mean": 8.589, "car_v_std": 13.5724}, "datetime": {"datetime": "2024-08-08 13:55:11", "elapsed": 4099.360695, "delta": 18.310632}}
{"target": -0.30553958708788914, "params": {"bus_acc": 3.8863, "bus_dcc": 2.0667, "bus_lcAssertive": 70.0895, "bus_lcCooperative": 0.2295, "bus_lcLookaheadLeft": 69.7596, "bus_lcPushy": 0.9474, "bus_lcSigma": 0.2704, "bus_lcSpeedGainRight": 4.8982, "bus_lcSublane": 0.1127, "bus_sigma": 0.7385, "bus_tau_mean": 3.5846, "bus_tau_std": 1.1717, "bus_v_mean": 9.9845, "bus_v_std": 1.2958, "car_acc": 1.1619, "car_dcc": 1.8739, "car_lcAssertive": 11.8816, "car_lcCooperative": 0.4206, "car_lcLookaheadLeft": 85.262, "car_lcPushy": 0.6613, "car_lcSigma": 0.0965, "car_lcSpeedGainRight": 2.2412, "car_lcSublane": 0.4393, "car_sigma": 0.6298, "car_tau_mean": 0.9539, "car_tau_std": 9.9258, "car_v_mean": 9.9657, "car_v_std": 8.219}, "datetime": {"datetime": "2024-08-08 13:55:14", "elapsed": 4101.652817, "delta": 2.292122}}
{"target": -0.3885113860021202, "params": {"bus_acc": 4.8966, "bus_dcc": 3.4606, "bus_lcAssertive": 94.6505, "bus_lcCooperative": 0.218, "bus_lcLookaheadLeft": 16.668, "bus_lcPushy": 0.9818, "bus_lcSigma": 0.8909, "bus_lcSpeedGainRight": 0.6436, "bus_lcSublane": 0.9297, "bus_sigma": 0.5506, "bus_tau_mean": 0.7583, "bus_tau_std": 8.0957, "bus_v_mean": 13.2396, "bus_v_std": 18.4675, "car_acc": 1.8796, "car_dcc": 3.0236, "car_lcAssertive": 69.3602, "car_lcCooperative": 0.6587, "car_lcLookaheadLeft": 35.8832, "car_lcPushy": 0.2572, "car_lcSigma": 0.2718, "car_lcSpeedGainRight": 2.499, "car_lcSublane": 0.0997, "car_sigma": 0.8394, "car_tau_mean": 1.1903, "car_tau_std": 0.848, "car_v_mean": 21.0336, "car_v_std": 17.1873}, "datetime": {"datetime": "2024-08-08 13:55:17", "elapsed": 4104.809847, "delta": 3.15703}}
{"target": -0.4121346194747883, "params": {"bus_acc": 1.0493, "bus_dcc": 3.9356, "bus_lcAssertive": 73.0652, "bus_lcCooperative": 0.1179, "bus_lcLookaheadLeft": 50.2106, "bus_lcPushy": 0.5326, "bus_lcSigma": 0.0209, "bus_lcSpeedGainRight": 4.5802, "bus_lcSublane": 0.4113, "bus_sigma": 0.1158, "bus_tau_mean": 1.8527, "bus_tau_std": 3.3224, "bus_v_mean": 20.6581, "bus_v_std": 10.3188, "car_acc": 2.8588, "car_dcc": 3.3233, "car_lcAssertive": 91.8664, "car_lcCooperative": 0.6303, "car_lcLookaheadLeft": 27.6473, "car_lcPushy": 0.2461, "car_lcSigma": 0.5715, "car_lcSpeedGainRight": 2.9336, "car_lcSublane": 0.9858, "car_sigma": 0.6465, "car_tau_mean": 1.3648, "car_tau_std": 6.5269, "car_v_mean": 15.2868, "car_v_std": 16.9186}, "datetime": {"datetime": "2024-08-08 13:55:19", "elapsed": 4107.186, "delta": 2.376153}}
{"target": -0.4127538761030516, "params": {"bus_acc": 1.9727, "bus_dcc": 2.8484, "bus_lcAssertive": 66.2075, "bus_lcCooperative": 0.7974, "bus_lcLookaheadLeft": 24.8462, "bus_lcPushy": 0.3884, "bus_lcSigma": 0.1198, "bus_lcSpeedGainRight": 0.4766, "bus_lcSublane": 0.2617, "bus_sigma": 0.1061, "bus_tau_mean": 3.6653, "bus_tau_std": 3.6628, "bus_v_mean": 16.3897, "bus_v_std": 17.5341, "car_acc": 1.4102, "car_dcc": 3.5334, "car_lcAssertive": 89.3186, "car_lcCooperative": 0.9584, "car_lcLookaheadLeft": 29.6964, "car_lcPushy": 0.3819, "car_lcSigma": 0.3161, "car_lcSpeedGainRight": 4.8856, "car_lcSublane": 0.5139, "car_sigma": 0.5801, "car_tau_mean": 3.5039, "car_tau_std": 6.5617, "car_v_mean": 10.4391, "car_v_std": 14.6955}, "datetime": {"datetime": "2024-08-08 13:55:24", "elapsed": 4112.265752, "delta": 5.079752}}
{"target": -0.45482683970290666, "params": {"bus_acc": 1.5572, "bus_dcc": 3.0659, "bus_lcAssertive": 44.5504, "bus_lcCooperative": 0.8967, "bus_lcLookaheadLeft": 59.416, "bus_lcPushy": 0.617, "bus_lcSigma": 0.8536, "bus_lcSpeedGainRight": 4.4294, "bus_lcSublane": 0.2303, "bus_sigma": 0.2286, "bus_tau_mean": 2.7385, "bus_tau_std": 5.9767, "bus_v_mean": 17.2257, "bus_v_std": 6.8996, "car_acc": 4.7176, "car_dcc": 1.3189, "car_lcAssertive": 97.9876, "car_lcCooperative": 0.1881, "car_lcLookaheadLeft": 86.6616, "car_lcPushy": 0.5418, "car_lcSigma": 0.9301, "car_lcSpeedGainRight": 2.6254, "car_lcSublane": 0.1422, "car_sigma": 0.3962, "car_tau_mean": 3.5074, "car_tau_std": 3.6931, "car_v_mean": 8.7396, "car_v_std": 3.559}, "datetime": {"datetime": "2024-08-08 13:55:51", "elapsed": 4138.764261, "delta": 26.498509}}
{"target": -0.34765341922319887, "params": {"bus_acc": 3.5998, "bus_dcc": 3.5039, "bus_lcAssertive": 37.8734, "bus_lcCooperative": 0.7411, "bus_lcLookaheadLeft": 6.9127, "bus_lcPushy": 0.3505, "bus_lcSigma": 0.2976, "bus_lcSpeedGainRight": 0.3077, "bus_lcSublane": 0.0001, "bus_sigma": 0.5176, "bus_tau_mean": 3.7601, "bus_tau_std": 3.8995, "bus_v_mean": 23.6621, "bus_v_std": 14.4024, "car_acc": 4.6327, "car_dcc": 2.2831, "car_lcAssertive": 57.2938, "car_lcCooperative": 0.0623, "car_lcLookaheadLeft": 14.7415, "car_lcPushy": 0.6102, "car_lcSigma": 0.4092, "car_lcSpeedGainRight": 1.3566, "car_lcSublane": 0.9191, "car_sigma": 0.3058, "car_tau_mean": 3.1802, "car_tau_std": 1.7857, "car_v_mean": 21.6375, "car_v_std": 19.8731}, "datetime": {"datetime": "2024-08-08 13:55:54", "elapsed": 4141.533144, "delta": 2.768883}}
{"target": -0.33959711255800307, "params": {"bus_acc": 4.6122, "bus_dcc": 2.3247, "bus_lcAssertive": 39.109, "bus_lcCooperative": 0.4994, "bus_lcLookaheadLeft": 28.5572, "bus_lcPushy": 0.527, "bus_lcSigma": 0.1127, "bus_lcSpeedGainRight": 2.8764, "bus_lcSublane": 0.5262, "bus_sigma": 0.566, "bus_tau_mean": 0.9161, "bus_tau_std": 8.5441, "bus_v_mean": 19.326, "bus_v_std": 17.1584, "car_acc": 2.0492, "car_dcc": 1.5029, "car_lcAssertive": 87.5397, "car_lcCooperative": 0.7057, "car_lcLookaheadLeft": 83.441, "car_lcPushy": 0.299, "car_lcSigma": 0.0207, "car_lcSpeedGainRight": 4.5407, "car_lcSublane": 0.1847, "car_sigma": 0.6832, "car_tau_mean": 2.2034, "car_tau_std": 2.1182, "car_v_mean": 20.1568, "car_v_std": 8.4753}, "datetime": {"datetime": "2024-08-08 13:55:58", "elapsed": 4146.328028, "delta": 4.794884}}
{"target": -0.35680670467456577, "params": {"bus_acc": 4.7207, "bus_dcc": 1.9676, "bus_lcAssertive": 45.4709, "bus_lcCooperative": 0.7771, "bus_lcLookaheadLeft": 66.0237, "bus_lcPushy": 0.078, "bus_lcSigma": 0.9857, "bus_lcSpeedGainRight": 1.2687, "bus_lcSublane": 0.935, "bus_sigma": 0.6279, "bus_tau_mean": 2.6881, "bus_tau_std": 2.3697, "bus_v_mean": 16.7195, "bus_v_std": 8.8798, "car_acc": 4.1481, "car_dcc": 3.756, "car_lcAssertive": 59.8614, "car_lcCooperative": 0.9385, "car_lcLookaheadLeft": 38.5761, "car_lcPushy": 0.2944, "car_lcSigma": 0.5086, "car_lcSpeedGainRight": 3.2252, "car_lcSublane": 0.8683, "car_sigma": 0.0196, "car_tau_mean": 1.6874, "car_tau_std": 1.818, "car_v_mean": 16.222, "car_v_std": 2.702}, "datetime": {"datetime": "2024-08-08 13:56:03", "elapsed": 4150.939223, "delta": 4.611195}}
{"target": -0.3438911625875652, "params": {"bus_acc": 4.6921, "bus_dcc": 2.9316, "bus_lcAssertive": 71.3372, "bus_lcCooperative": 0.9226, "bus_lcLookaheadLeft": 68.0058, "bus_lcPushy": 0.7042, "bus_lcSigma": 0.8384, "bus_lcSpeedGainRight": 2.201, "bus_lcSublane": 0.8784, "bus_sigma": 0.7473, "bus_tau_mean": 0.9053, "bus_tau_std": 3.0759, "bus_v_mean": 12.2748, "bus_v_std": 13.7236, "car_acc": 1.0404, "car_dcc": 1.2523, "car_lcAssertive": 37.352, "car_lcCooperative": 0.1561, "car_lcLookaheadLeft": 53.4805, "car_lcPushy": 0.5188, "car_lcSigma": 0.914, "car_lcSpeedGainRight": 3.2338, "car_lcSublane": 0.676, "car_sigma": 0.6394, "car_tau_mean": 2.0735, "car_tau_std": 2.6881, "car_v_mean": 14.803, "car_v_std": 4.2454}, "datetime": {"datetime": "2024-08-08 13:56:06", "elapsed": 4153.614085, "delta": 2.674862}}
{"target": -0.39207572057319784, "params": {"bus_acc": 1.3212, "bus_dcc": 3.9994, "bus_lcAssertive": 45.4299, "bus_lcCooperative": 0.3087, "bus_lcLookaheadLeft": 93.8593, "bus_lcPushy": 0.6952, "bus_lcSigma": 0.4525, "bus_lcSpeedGainRight": 2.9429, "bus_lcSublane": 0.3905, "bus_sigma": 0.8683, "bus_tau_mean": 0.9351, "bus_tau_std": 1.7077, "bus_v_mean": 19.5833, "bus_v_std": 4.0911, "car_acc": 4.9041, "car_dcc": 3.8727, "car_lcAssertive": 63.9832, "car_lcCooperative": 0.5583, "car_lcLookaheadLeft": 97.8196, "car_lcPushy": 0.4145, "car_lcSigma": 0.3846, "car_lcSpeedGainRight": 3.5704, "car_lcSublane": 0.9802, "car_sigma": 0.923, "car_tau_mean": 3.8457, "car_tau_std": 4.0818, "car_v_mean": 23.194, "car_v_std": 6.9244}, "datetime": {"datetime": "2024-08-08 13:56:14", "elapsed": 4161.843106, "delta": 8.229021}}
{"target": -0.346881003242211, "params": {"bus_acc": 2.9458, "bus_dcc": 3.0971, "bus_lcAssertive": 30.3809, "bus_lcCooperative": 0.5954, "bus_lcLookaheadLeft": 77.6354, "bus_lcPushy": 0.5193, "bus_lcSigma": 0.9316, "bus_lcSpeedGainRight": 4.7943, "bus_lcSublane": 0.8942, "bus_sigma": 0.7006, "bus_tau_mean": 0.7214, "bus_tau_std": 9.8725, "bus_v_mean": 18.8513, "bus_v_std": 2.8639, "car_acc": 3.8429, "car_dcc": 1.0227, "car_lcAssertive": 17.7239, "car_lcCooperative": 0.2863, "car_lcLookaheadLeft": 35.3625, "car_lcPushy": 0.6211, "car_lcSigma": 0.3632, "car_lcSpeedGainRight": 1.4171, "car_lcSublane": 0.6015, "car_sigma": 0.9519, "car_tau_mean": 3.3827, "car_tau_std": 0.2559, "car_v_mean": 19.2812, "car_v_std": 6.0055}, "datetime": {"datetime": "2024-08-08 13:56:17", "elapsed": 4164.892467, "delta": 3.049361}}
{"target": -0.3237626343630387, "params": {"bus_acc": 1.4463, "bus_dcc": 2.0443, "bus_lcAssertive": 24.6737, "bus_lcCooperative": 0.4581, "bus_lcLookaheadLeft": 22.5312, "bus_lcPushy": 0.7241, "bus_lcSigma": 0.1504, "bus_lcSpeedGainRight": 0.5898, "bus_lcSublane": 0.9509, "bus_sigma": 0.6163, "bus_tau_mean": 1.3143, "bus_tau_std": 2.3079, "bus_v_mean": 11.3075, "bus_v_std": 2.5698, "car_acc": 2.5881, "car_dcc": 1.229, "car_lcAssertive": 4.533, "car_lcCooperative": 0.9884, "car_lcLookaheadLeft": 89.2309, "car_lcPushy": 0.7277, "car_lcSigma": 0.9416, "car_lcSpeedGainRight": 0.8153, "car_lcSublane": 0.3625, "car_sigma": 0.961, "car_tau_mean": 3.8467, "car_tau_std": 4.242, "car_v_mean": 22.1392, "car_v_std": 2.0405}, "datetime": {"datetime": "2024-08-08 13:56:40", "elapsed": 4188.364278, "delta": 23.471811}}
{"target": -0.32033743242500834, "params": {"bus_acc": 4.6681, "bus_dcc": 2.4083, "bus_lcAssertive": 81.0662, "bus_lcCooperative": 0.0771, "bus_lcLookaheadLeft": 66.0832, "bus_lcPushy": 0.3189, "bus_lcSigma": 0.7594, "bus_lcSpeedGainRight": 1.1878, "bus_lcSublane": 0.8277, "bus_sigma": 0.2484, "bus_tau_mean": 3.6718, "bus_tau_std": 0.8162, "bus_v_mean": 15.8255, "bus_v_std": 13.3091, "car_acc": 3.9724, "car_dcc": 1.1084, "car_lcAssertive": 15.0458, "car_lcCooperative": 0.256, "car_lcLookaheadLeft": 13.8107, "car_lcPushy": 0.6091, "car_lcSigma": 0.9866, "car_lcSpeedGainRight": 2.3962, "car_lcSublane": 0.67, "car_sigma": 0.0928, "car_tau_mean": 2.7924, "car_tau_std": 8.9987, "car_v_mean": 13.1752, "car_v_std": 13.2189}, "datetime": {"datetime": "2024-08-08 13:56:55", "elapsed": 4202.85003, "delta": 14.485752}}
{"target": -0.3514122880837398, "params": {"bus_acc": 3.2104, "bus_dcc": 3.4132, "bus_lcAssertive": 66.3228, "bus_lcCooperative": 0.9923, "bus_lcLookaheadLeft": 91.289, "bus_lcPushy": 0.0484, "bus_lcSigma": 0.1151, "bus_lcSpeedGainRight": 3.655, "bus_lcSublane": 0.5887, "bus_sigma": 0.8409, "bus_tau_mean": 1.6767, "bus_tau_std": 5.5753, "bus_v_mean": 14.99, "bus_v_std": 16.2799, "car_acc": 2.4409, "car_dcc": 3.1806, "car_lcAssertive": 24.3538, "car_lcCooperative": 0.423, "car_lcLookaheadLeft": 9.0282, "car_lcPushy": 0.7806, "car_lcSigma": 0.7915, "car_lcSpeedGainRight": 4.7045, "car_lcSublane": 0.7094, "car_sigma": 0.7345, "car_tau_mean": 1.0419, "car_tau_std": 1.4668, "car_v_mean": 23.7122, "car_v_std": 18.1051}, "datetime": {"datetime": "2024-08-08 13:57:00", "elapsed": 4207.864905, "delta": 5.014875}}
{"target": -0.30887895475266564, "params": {"bus_acc": 2.4376, "bus_dcc": 1.8128, "bus_lcAssertive": 36.3207, "bus_lcCooperative": 0.4699, "bus_lcLookaheadLeft": 58.2272, "bus_lcPushy": 0.9024, "bus_lcSigma": 0.0339, "bus_lcSpeedGainRight": 0.8496, "bus_lcSublane": 0.5781, "bus_sigma": 0.2724, "bus_tau_mean": 2.3374, "bus_tau_std": 6.8959, "bus_v_mean": 15.3689, "bus_v_std": 9.0837, "car_acc": 4.5493, "car_dcc": 2.9678, "car_lcAssertive": 55.7069, "car_lcCooperative": 0.4393, "car_lcLookaheadLeft": 84.8969, "car_lcPushy": 0.263, "car_lcSigma": 0.643, "car_lcSpeedGainRight": 1.7442, "car_lcSublane": 0.1368, "car_sigma": 0.3254, "car_tau_mean": 3.6197, "car_tau_std": 6.1247, "car_v_mean": 9.9153, "car_v_std": 14.0121}, "datetime": {"datetime": "2024-08-08 13:57:07", "elapsed": 4215.335033, "delta": 7.470128}}
{"target": -0.3525775427514807, "params": {"bus_acc": 1.5822, "bus_dcc": 2.9246, "bus_lcAssertive": 22.0349, "bus_lcCooperative": 0.9218, "bus_lcLookaheadLeft": 71.3837, "bus_lcPushy": 0.1791, "bus_lcSigma": 0.1542, "bus_lcSpeedGainRight": 1.8819, "bus_lcSublane": 0.1327, "bus_sigma": 0.4553, "bus_tau_mean": 1.4029, "bus_tau_std": 3.8051, "bus_v_mean": 14.586, "bus_v_std": 2.3447, "car_acc": 2.8813, "car_dcc": 1.7075, "car_lcAssertive": 97.5476, "car_lcCooperative": 0.1352, "car_lcLookaheadLeft": 50.7269, "car_lcPushy": 0.4016, "car_lcSigma": 0.4133, "car_lcSpeedGainRight": 2.5405, "car_lcSublane": 0.5128, "car_sigma": 0.2819, "car_tau_mean": 3.7011, "car_tau_std": 5.4291, "car_v_mean": 13.0693, "car_v_std": 6.2165}, "datetime": {"datetime": "2024-08-08 13:57:12", "elapsed": 4219.652475, "delta": 4.317442}}
{"target": -0.36746190971726156, "params": {"bus_acc": 1.3253, "bus_dcc": 2.265, "bus_lcAssertive": 82.9049, "bus_lcCooperative": 0.5497, "bus_lcLookaheadLeft": 81.168, "bus_lcPushy": 0.5543, "bus_lcSigma": 0.6401, "bus_lcSpeedGainRight": 1.6664, "bus_lcSublane": 0.8837, "bus_sigma": 0.8837, "bus_tau_mean": 1.7883, "bus_tau_std": 2.7267, "bus_v_mean": 21.9658, "bus_v_std": 6.4959, "car_acc": 3.5113, "car_dcc": 1.3546, "car_lcAssertive": 43.3471, "car_lcCooperative": 0.7872, "car_lcLookaheadLeft": 34.6148, "car_lcPushy": 0.233, "car_lcSigma": 0.3843, "car_lcSpeedGainRight": 0.2014, "car_lcSublane": 0.328, "car_sigma": 0.0726, "car_tau_mean": 1.6612, "car_tau_std": 1.1924, "car_v_mean": 23.7452, "car_v_std": 6.2066}, "datetime": {"datetime": "2024-08-08 13:57:15", "elapsed": 4223.188467, "delta": 3.535992}}
{"target": -0.3307627686131878, "params": {"bus_acc": 3.1452, "bus_dcc": 2.4455, "bus_lcAssertive": 73.6274, "bus_lcCooperative": 0.1694, "bus_lcLookaheadLeft": 34.0994, "bus_lcPushy": 0.4292, "bus_lcSigma": 0.6346, "bus_lcSpeedGainRight": 0.4601, "bus_lcSublane": 0.5177, "bus_sigma": 0.304, "bus_tau_mean": 2.0579, "bus_tau_std": 3.0112, "bus_v_mean": 9.5182, "bus_v_std": 9.9331, "car_acc": 4.7174, "car_dcc": 2.2258, "car_lcAssertive": 54.9546, "car_lcCooperative": 0.8817, "car_lcLookaheadLeft": 74.4073, "car_lcPushy": 0.1098, "car_lcSigma": 0.776, "car_lcSpeedGainRight": 2.9273, "car_lcSublane": 0.4529, "car_sigma": 0.695, "car_tau_mean": 2.1968, "car_tau_std": 9.4213, "car_v_mean": 16.7362, "car_v_std": 11.0974}, "datetime": {"datetime": "2024-08-08 13:57:18", "elapsed": 4226.093966, "delta": 2.905499}}
{"target": -0.3289212855039456, "params": {"bus_acc": 1.3616, "bus_dcc": 1.3565, "bus_lcAssertive": 23.0626, "bus_lcCooperative": 0.3907, "bus_lcLookaheadLeft": 90.5577, "bus_lcPushy": 0.5373, "bus_lcSigma": 0.1222, "bus_lcSpeedGainRight": 0.2179, "bus_lcSublane": 0.3647, "bus_sigma": 0.2055, "bus_tau_mean": 1.6678, "bus_tau_std": 5.9238, "bus_v_mean": 21.3516, "bus_v_std": 14.0899, "car_acc": 4.9257, "car_dcc": 1.3884, "car_lcAssertive": 96.8194, "car_lcCooperative": 0.6077, "car_lcLookaheadLeft": 61.2199, "car_lcPushy": 0.2588, "car_lcSigma": 0.5686, "car_lcSpeedGainRight": 2.2705, "car_lcSublane": 0.3013, "car_sigma": 0.216, "car_tau_mean": 1.9467, "car_tau_std": 3.2011, "car_v_mean": 18.2196, "car_v_std": 16.7349}, "datetime": {"datetime": "2024-08-08 13:57:20", "elapsed": 4228.13807, "delta": 2.044104}}
{"target": -0.36675351173256876, "params": {"bus_acc": 4.2299, "bus_dcc": 3.9868, "bus_lcAssertive": 58.9507, "bus_lcCooperative": 0.0317, "bus_lcLookaheadLeft": 42.4825, "bus_lcPushy": 0.1793, "bus_lcSigma": 0.3771, "bus_lcSpeedGainRight": 1.5026, "bus_lcSublane": 0.322, "bus_sigma": 0.7155, "bus_tau_mean": 0.9761, "bus_tau_std": 9.5666, "bus_v_mean": 13.6226, "bus_v_std": 1.5878, "car_acc": 2.306, "car_dcc": 2.9168, "car_lcAssertive": 92.1928, "car_lcCooperative": 0.9, "car_lcLookaheadLeft": 7.3463, "car_lcPushy": 0.3221, "car_lcSigma": 0.2117, "car_lcSpeedGainRight": 2.6875, "car_lcSublane": 0.3451, "car_sigma": 0.3693, "car_tau_mean": 3.5109, "car_tau_std": 1.9808, "car_v_mean": 15.9409, "car_v_std": 11.5125}, "datetime": {"datetime": "2024-08-08 13:57:35", "elapsed": 4243.111268, "delta": 14.973198}}
{"target": -0.35109884949470394, "params": {"bus_acc": 3.8123, "bus_dcc": 2.1617, "bus_lcAssertive": 25.7626, "bus_lcCooperative": 0.396, "bus_lcLookaheadLeft": 50.4566, "bus_lcPushy": 0.6763, "bus_lcSigma": 0.371, "bus_lcSpeedGainRight": 2.9285, "bus_lcSublane": 0.1935, "bus_sigma": 0.2617, "bus_tau_mean": 2.3856, "bus_tau_std": 3.887, "bus_v_mean": 19.9578, "bus_v_std": 6.8359, "car_acc": 2.3074, "car_dcc": 1.9568, "car_lcAssertive": 12.2714, "car_lcCooperative": 0.6543, "car_lcLookaheadLeft": 12.147, "car_lcPushy": 0.3522, "car_lcSigma": 0.1508, "car_lcSpeedGainRight": 4.4357, "car_lcSublane": 0.9808, "car_sigma": 0.044, "car_tau_mean": 3.3001, "car_tau_std": 4.6063, "car_v_mean": 18.0945, "car_v_std": 5.0256}, "datetime": {"datetime": "2024-08-08 13:57:38", "elapsed": 4246.350089, "delta": 3.238821}}
