{"target": -0.30960607198132717, "params": {"bus_acc": 2.802, "bus_dcc": 3.7505, "bus_lcAssertive": 43.352, "bus_lcCooperative": 0.8165, "bus_lcLookaheadLeft": 54.0369, "bus_lcPushy": 0.3928, "bus_lcSigma": 0.3668, "bus_lcSpeedGainRight": 3.9527, "bus_lcSublane": 0.0968, "bus_sigma": 0.4619, "bus_tau_mean": 1.1888, "bus_tau_std": 1.4272, "bus_v_mean": 16.6062, "bus_v_std": 18.2874, "car_acc": 4.7284, "car_dcc": 1.3555, "car_lcAssertive": 2.3002, "car_lcCooperative": 0.2259, "car_lcLookaheadLeft": 20.0538, "car_lcPushy": 0.8529, "car_lcSigma": 0.168, "car_lcSpeedGainRight": 0.825, "car_lcSublane": 0.5724, "car_sigma": 0.2263, "car_tau_mean": 2.102, "car_tau_std": 1.7657, "car_v_mean": 21.8394, "car_v_std": 17.7537}, "datetime": {"datetime": "2024-08-08 12:31:11", "elapsed": 1881.943863, "delta": 7.391973}}
{"target": -0.3553782718742633, "params": {"bus_acc": 2.16, "bus_dcc": 3.1526, "bus_lcAssertive": 13.7432, "bus_lcCooperative": 0.4158, "bus_lcLookaheadLeft": 56.0251, "bus_lcPushy": 0.6175, "bus_lcSigma": 0.3869, "bus_lcSpeedGainRight": 3.1037, "bus_lcSublane": 0.4323, "bus_sigma": 0.3525, "bus_tau_mean": 2.9113, "bus_tau_std": 5.3387, "bus_v_mean": 23.2446, "bus_v_std": 14.2582, "car_acc": 4.2562, "car_dcc": 2.9111, "car_lcAssertive": 52.8892, "car_lcCooperative": 0.5451, "car_lcLookaheadLeft": 68.0198, "car_lcPushy": 0.3933, "car_lcSigma": 0.3337, "car_lcSpeedGainRight": 3.4068, "car_lcSublane": 0.7915, "car_sigma": 0.4839, "car_tau_mean": 0.8005, "car_tau_std": 4.4134, "car_v_mean": 23.6985, "car_v_std": 15.7709}, "datetime": {"datetime": "2024-08-08 12:31:12", "elapsed": 1882.693293, "delta": 0.74943}}
{"target": -0.33620483943383994, "params": {"bus_acc": 3.73, "bus_dcc": 1.6021, "bus_lcAssertive": 77.9053, "bus_lcCooperative": 0.9749, "bus_lcLookaheadLeft": 30.0293, "bus_lcPushy": 0.4476, "bus_lcSigma": 0.8656, "bus_lcSpeedGainRight": 3.21, "bus_lcSublane": 0.7797, "bus_sigma": 0.9505, "bus_tau_mean": 3.0776, "bus_tau_std": 5.4598, "bus_v_mean": 15.8417, "bus_v_std": 5.8653, "car_acc": 1.5668, "car_dcc": 2.4241, "car_lcAssertive": 64.3383, "car_lcCooperative": 0.6901, "car_lcLookaheadLeft": 65.3866, "car_lcPushy": 0.9536, "car_lcSigma": 0.4743, "car_lcSpeedGainRight": 1.3434, "car_lcSublane": 0.9932, "car_sigma": 0.8499, "car_tau_mean": 1.3025, "car_tau_std": 7.4912, "car_v_mean": 12.164, "car_v_std": 15.2202}, "datetime": {"datetime": "2024-08-08 12:31:16", "elapsed": 1886.767356, "delta": 4.074063}}
{"target": -0.32329949126113855, "params": {"bus_acc": 1.3503, "bus_dcc": 1.2109, "bus_lcAssertive": 35.579, "bus_lcCooperative": 0.1896, "bus_lcLookaheadLeft": 47.3994, "bus_lcPushy": 0.1917, "bus_lcSigma": 0.5911, "bus_lcSpeedGainRight": 1.4292, "bus_lcSublane": 0.4875, "bus_sigma": 0.2641, "bus_tau_mean": 1.7173, "bus_tau_std": 9.6901, "bus_v_mean": 16.8123, "bus_v_std": 15.8354, "car_acc": 3.8378, "car_dcc": 1.0559, "car_lcAssertive": 81.2674, "car_lcCooperative": 0.8313, "car_lcLookaheadLeft": 47.7859, "car_lcPushy": 0.4574, "car_lcSigma": 0.352, "car_lcSpeedGainRight": 4.8376, "car_lcSublane": 0.6784, "car_sigma": 0.5289, "car_tau_mean": 3.586, "car_tau_std": 7.5122, "car_v_mean": 14.2683, "car_v_std": 10.6935}, "datetime": {"datetime": "2024-08-08 12:31:18", "elapsed": 1888.154513, "delta": 1.387157}}
{"target": -0.3392338019972786, "params": {"bus_acc": 2.1179, "bus_dcc": 2.2267, "bus_lcAssertive": 79.6999, "bus_lcCooperative": 0.907, "bus_lcLookaheadLeft": 93.3967, "bus_lcPushy": 0.9873, "bus_lcSigma": 0.831, "bus_lcSpeedGainRight": 2.4753, "bus_lcSublane": 0.2971, "bus_sigma": 0.76, "bus_tau_mean": 1.6215, "bus_tau_std": 5.0014, "bus_v_mean": 17.7023, "bus_v_std": 11.8551, "car_acc": 1.3625, "car_dcc": 3.0957, "car_lcAssertive": 68.9943, "car_lcCooperative": 0.203, "car_lcLookaheadLeft": 17.3621, "car_lcPushy": 0.307, "car_lcSigma": 0.8916, "car_lcSpeedGainRight": 4.5393, "car_lcSublane": 0.2131, "car_sigma": 0.8295, "car_tau_mean": 3.7826, "car_tau_std": 5.5501, "car_v_mean": 16.0721, "car_v_std": 10.7479}, "datetime": {"datetime": "2024-08-08 12:31:21", "elapsed": 1891.808092, "delta": 3.653579}}
{"target": -0.31647572913151395, "params": {"bus_acc": 4.592, "bus_dcc": 1.3823, "bus_lcAssertive": 51.0444, "bus_lcCooperative": 0.9452, "bus_lcLookaheadLeft": 8.7139, "bus_lcPushy": 0.9964, "bus_lcSigma": 0.9622, "bus_lcSpeedGainRight": 2.8235, "bus_lcSublane": 0.7021, "bus_sigma": 0.9495, "bus_tau_mean": 3.72, "bus_tau_std": 3.6787, "bus_v_mean": 11.0206, "bus_v_std": 8.7452, "car_acc": 3.6685, "car_dcc": 1.6795, "car_lcAssertive": 75.972, "car_lcCooperative": 0.7298, "car_lcLookaheadLeft": 93.4189, "car_lcPushy": 0.7192, "car_lcSigma": 0.7888, "car_lcSpeedGainRight": 0.2545, "car_lcSublane": 0.5759, "car_sigma": 0.6822, "car_tau_mean": 2.3911, "car_tau_std": 5.4422, "car_v_mean": 17.2966, "car_v_std": 18.7897}, "datetime": {"datetime": "2024-08-08 12:31:53", "elapsed": 1923.148386, "delta": 31.340294}}
{"target": -0.348074309179507, "params": {"bus_acc": 2.3362, "bus_dcc": 3.4314, "bus_lcAssertive": 85.4223, "bus_lcCooperative": 0.4273, "bus_lcLookaheadLeft": 56.1941, "bus_lcPushy": 0.5973, "bus_lcSigma": 0.8702, "bus_lcSpeedGainRight": 0.6075, "bus_lcSublane": 0.2409, "bus_sigma": 0.5547, "bus_tau_mean": 1.7249, "bus_tau_std": 6.3209, "bus_v_mean": 14.0113, "bus_v_std": 10.6746, "car_acc": 3.6786, "car_dcc": 1.9124, "car_lcAssertive": 42.8605, "car_lcCooperative": 0.2443, "car_lcLookaheadLeft": 30.4046, "car_lcPushy": 0.7337, "car_lcSigma": 0.8565, "car_lcSpeedGainRight": 4.974, "car_lcSublane": 0.167, "car_sigma": 0.8477, "car_tau_mean": 3.6382, "car_tau_std": 0.9594, "car_v_mean": 15.667, "car_v_std": 17.092}, "datetime": {"datetime": "2024-08-08 12:32:03", "elapsed": 1934.046063, "delta": 10.897677}}
{"target": -0.3078062316988401, "params": {"bus_acc": 4.0646, "bus_dcc": 1.8123, "bus_lcAssertive": 78.7703, "bus_lcCooperative": 0.548, "bus_lcLookaheadLeft": 36.5017, "bus_lcPushy": 0.0147, "bus_lcSigma": 0.6369, "bus_lcSpeedGainRight": 0.3113, "bus_lcSublane": 0.8072, "bus_sigma": 0.4483, "bus_tau_mean": 1.5738, "bus_tau_std": 8.4241, "bus_v_mean": 10.4775, "bus_v_std": 8.8517, "car_acc": 2.569, "car_dcc": 2.4872, "car_lcAssertive": 66.3604, "car_lcCooperative": 0.6704, "car_lcLookaheadLeft": 64.5312, "car_lcPushy": 0.1128, "car_lcSigma": 0.4607, "car_lcSpeedGainRight": 1.5146, "car_lcSublane": 0.0467, "car_sigma": 0.4177, "car_tau_mean": 1.7361, "car_tau_std": 2.9377, "car_v_mean": 19.0514, "car_v_std": 10.3233}, "datetime": {"datetime": "2024-08-08 12:32:06", "elapsed": 1936.633418, "delta": 2.587355}}
{"target": -0.3339595365458476, "params": {"bus_acc": 4.3007, "bus_dcc": 1.0438, "bus_lcAssertive": 11.9244, "bus_lcCooperative": 0.3553, "bus_lcLookaheadLeft": 33.5029, "bus_lcPushy": 0.0633, "bus_lcSigma": 0.4607, "bus_lcSpeedGainRight": 1.1974, "bus_lcSublane": 0.4699, "bus_sigma": 0.6931, "bus_tau_mean": 1.4373, "bus_tau_std": 3.6912, "bus_v_mean": 19.3001, "bus_v_std": 0.8144, "car_acc": 2.8041, "car_dcc": 1.0035, "car_lcAssertive": 49.7713, "car_lcCooperative": 0.4227, "car_lcLookaheadLeft": 8.6694, "car_lcPushy": 0.3579, "car_lcSigma": 0.623, "car_lcSpeedGainRight": 0.462, "car_lcSublane": 0.5902, "car_sigma": 0.2572, "car_tau_mean": 0.9517, "car_tau_std": 3.5687, "car_v_mean": 12.3537, "car_v_std": 12.4388}, "datetime": {"datetime": "2024-08-08 12:32:10", "elapsed": 1940.880116, "delta": 4.246698}}
{"target": -0.3297676860285977, "params": {"bus_acc": 4.2424, "bus_dcc": 3.7251, "bus_lcAssertive": 73.9738, "bus_lcCooperative": 0.4227, "bus_lcLookaheadLeft": 32.732, "bus_lcPushy": 0.8942, "bus_lcSigma": 0.0148, "bus_lcSpeedGainRight": 3.7605, "bus_lcSublane": 0.8093, "bus_sigma": 0.2022, "bus_tau_mean": 2.1416, "bus_tau_std": 0.7991, "bus_v_mean": 12.4406, "bus_v_std": 8.3779, "car_acc": 2.229, "car_dcc": 1.995, "car_lcAssertive": 63.3151, "car_lcCooperative": 0.7477, "car_lcLookaheadLeft": 59.0551, "car_lcPushy": 0.4092, "car_lcSigma": 0.6695, "car_lcSpeedGainRight": 0.6466, "car_lcSublane": 0.7553, "car_sigma": 0.8167, "car_tau_mean": 3.3981, "car_tau_std": 8.5736, "car_v_mean": 13.8766, "car_v_std": 17.6641}, "datetime": {"datetime": "2024-08-08 12:32:18", "elapsed": 1948.367186, "delta": 7.48707}}
{"target": -0.3575574934127272, "params": {"bus_acc": 2.0249, "bus_dcc": 3.0637, "bus_lcAssertive": 84.9152, "bus_lcCooperative": 0.1716, "bus_lcLookaheadLeft": 58.6738, "bus_lcPushy": 0.2845, "bus_lcSigma": 0.696, "bus_lcSpeedGainRight": 1.8984, "bus_lcSublane": 0.5859, "bus_sigma": 0.0958, "bus_tau_mean": 2.5671, "bus_tau_std": 0.7931, "bus_v_mean": 13.4851, "bus_v_std": 13.2125, "car_acc": 1.9479, "car_dcc": 2.7992, "car_lcAssertive": 8.8873, "car_lcCooperative": 0.8999, "car_lcLookaheadLeft": 98.6958, "car_lcPushy": 0.4897, "car_lcSigma": 0.5969, "car_lcSpeedGainRight": 2.9591, "car_lcSublane": 0.5177, "car_sigma": 0.334, "car_tau_mean": 0.5896, "car_tau_std": 4.397, "car_v_mean": 20.7794, "car_v_std": 3.816}, "datetime": {"datetime": "2024-08-08 12:32:21", "elapsed": 1951.83647, "delta": 3.469284}}
{"target": -0.33873760004282577, "params": {"bus_acc": 1.2121, "bus_dcc": 2.9582, "bus_lcAssertive": 55.3002, "bus_lcCooperative": 0.0421, "bus_lcLookaheadLeft": 10.547, "bus_lcPushy": 0.7255, "bus_lcSigma": 0.7489, "bus_lcSpeedGainRight": 0.803, "bus_lcSublane": 0.6349, "bus_sigma": 0.299, "bus_tau_mean": 1.6625, "bus_tau_std": 6.1275, "bus_v_mean": 21.3125, "bus_v_std": 3.2176, "car_acc": 4.0123, "car_dcc": 2.0596, "car_lcAssertive": 94.8344, "car_lcCooperative": 0.6332, "car_lcLookaheadLeft": 9.4028, "car_lcPushy": 0.4225, "car_lcSigma": 0.9776, "car_lcSpeedGainRight": 3.2051, "car_lcSublane": 0.5087, "car_sigma": 0.3257, "car_tau_mean": 1.673, "car_tau_std": 0.6067, "car_v_mean": 15.6911, "car_v_std": 7.3693}, "datetime": {"datetime": "2024-08-08 12:32:24", "elapsed": 1954.336303, "delta": 2.499833}}
{"target": -0.34633633356292026, "params": {"bus_acc": 2.4063, "bus_dcc": 1.836, "bus_lcAssertive": 54.5966, "bus_lcCooperative": 0.5659, "bus_lcLookaheadLeft": 51.5096, "bus_lcPushy": 0.1997, "bus_lcSigma": 0.1588, "bus_lcSpeedGainRight": 2.8605, "bus_lcSublane": 0.5384, "bus_sigma": 0.6002, "bus_tau_mean": 1.6262, "bus_tau_std": 3.3702, "bus_v_mean": 17.2269, "bus_v_std": 14.3197, "car_acc": 1.6043, "car_dcc": 2.6655, "car_lcAssertive": 13.751, "car_lcCooperative": 0.4784, "car_lcLookaheadLeft": 25.59, "car_lcPushy": 0.8157, "car_lcSigma": 0.073, "car_lcSpeedGainRight": 0.0947, "car_lcSublane": 0.9902, "car_sigma": 0.1757, "car_tau_mean": 3.9245, "car_tau_std": 3.2384, "car_v_mean": 17.5984, "car_v_std": 17.1091}, "datetime": {"datetime": "2024-08-08 12:32:25", "elapsed": 1955.699651, "delta": 1.363348}}
{"target": -0.48763371527245714, "params": {"bus_acc": 4.7478, "bus_dcc": 2.9013, "bus_lcAssertive": 15.2638, "bus_lcCooperative": 0.0774, "bus_lcLookaheadLeft": 51.466, "bus_lcPushy": 0.5936, "bus_lcSigma": 0.6574, "bus_lcSpeedGainRight": 2.3588, "bus_lcSublane": 0.9727, "bus_sigma": 0.8833, "bus_tau_mean": 2.3698, "bus_tau_std": 4.6991, "bus_v_mean": 21.8364, "bus_v_std": 19.6491, "car_acc": 4.1447, "car_dcc": 3.5062, "car_lcAssertive": 27.4549, "car_lcCooperative": 0.3056, "car_lcLookaheadLeft": 71.306, "car_lcPushy": 0.8998, "car_lcSigma": 0.8758, "car_lcSpeedGainRight": 0.9994, "car_lcSublane": 0.8781, "car_sigma": 0.0006, "car_tau_mean": 1.7433, "car_tau_std": 2.7737, "car_v_mean": 21.6057, "car_v_std": 0.3595}, "datetime": {"datetime": "2024-08-08 12:32:35", "elapsed": 1965.072654, "delta": 9.373003}}
{"target": -0.28236441294734277, "params": {"bus_acc": 4.0859, "bus_dcc": 2.8253, "bus_lcAssertive": 68.8104, "bus_lcCooperative": 0.0723, "bus_lcLookaheadLeft": 19.6999, "bus_lcPushy": 0.7703, "bus_lcSigma": 0.5404, "bus_lcSpeedGainRight": 3.3583, "bus_lcSublane": 0.5628, "bus_sigma": 0.7615, "bus_tau_mean": 3.731, "bus_tau_std": 8.7734, "bus_v_mean": 8.3311, "bus_v_std": 2.5389, "car_acc": 2.7568, "car_dcc": 1.9819, "car_lcAssertive": 45.5559, "car_lcCooperative": 0.5623, "car_lcLookaheadLeft": 67.8274, "car_lcPushy": 0.8987, "car_lcSigma": 0.2474, "car_lcSpeedGainRight": 4.5317, "car_lcSublane": 0.396, "car_sigma": 0.6453, "car_tau_mean": 1.9236, "car_tau_std": 8.1239, "car_v_mean": 13.077, "car_v_std": 15.383}, "datetime": {"datetime": "2024-08-08 12:32:37", "elapsed": 1967.210421, "delta": 2.137767}}
{"target": -0.30425963140884216, "params": {"bus_acc": 4.6335, "bus_dcc": 3.2117, "bus_lcAssertive": 7.0683, "bus_lcCooperative": 0.1293, "bus_lcLookaheadLeft": 75.1103, "bus_lcPushy": 0.3077, "bus_lcSigma": 0.9869, "bus_lcSpeedGainRight": 3.8081, "bus_lcSublane": 0.3367, "bus_sigma": 0.2342, "bus_tau_mean": 2.6494, "bus_tau_std": 4.2749, "bus_v_mean": 20.5195, "bus_v_std": 9.7527, "car_acc": 2.1952, "car_dcc": 2.314, "car_lcAssertive": 14.7544, "car_lcCooperative": 0.6728, "car_lcLookaheadLeft": 61.5252, "car_lcPushy": 0.0003, "car_lcSigma": 0.2173, "car_lcSpeedGainRight": 3.3249, "car_lcSublane": 0.6756, "car_sigma": 0.3914, "car_tau_mean": 2.7686, "car_tau_std": 3.2694, "car_v_mean": 22.9363, "car_v_std": 18.0205}, "datetime": {"datetime": "2024-08-08 12:32:39", "elapsed": 1969.310481, "delta": 2.10006}}
{"target": -0.34696706331856825, "params": {"bus_acc": 4.3197, "bus_dcc": 2.0782, "bus_lcAssertive": 42.3134, "bus_lcCooperative": 0.8341, "bus_lcLookaheadLeft": 28.5713, "bus_lcPushy": 0.2938, "bus_lcSigma": 0.1438, "bus_lcSpeedGainRight": 2.4835, "bus_lcSublane": 0.9932, "bus_sigma": 0.3244, "bus_tau_mean": 2.167, "bus_tau_std": 3.9897, "bus_v_mean": 19.5207, "bus_v_std": 5.0647, "car_acc": 1.7597, "car_dcc": 2.272, "car_lcAssertive": 72.0633, "car_lcCooperative": 0.1482, "car_lcLookaheadLeft": 53.6255, "car_lcPushy": 0.1648, "car_lcSigma": 0.7073, "car_lcSpeedGainRight": 3.2508, "car_lcSublane": 0.7032, "car_sigma": 0.8151, "car_tau_mean": 3.2935, "car_tau_std": 6.1775, "car_v_mean": 15.0079, "car_v_std": 12.9268}, "datetime": {"datetime": "2024-08-08 12:32:42", "elapsed": 1972.947532, "delta": 3.637051}}
{"target": -0.34837613105809373, "params": {"bus_acc": 1.5392, "bus_dcc": 3.38, "bus_lcAssertive": 34.9834, "bus_lcCooperative": 0.4256, "bus_lcLookaheadLeft": 48.9071, "bus_lcPushy": 0.8935, "bus_lcSigma": 0.1977, "bus_lcSpeedGainRight": 0.6702, "bus_lcSublane": 0.2376, "bus_sigma": 0.1927, "bus_tau_mean": 1.5154, "bus_tau_std": 3.2759, "bus_v_mean": 12.1905, "bus_v_std": 13.4486, "car_acc": 3.3157, "car_dcc": 3.2344, "car_lcAssertive": 4.4743, "car_lcCooperative": 0.3619, "car_lcLookaheadLeft": 23.5598, "car_lcPushy": 0.4001, "car_lcSigma": 0.5879, "car_lcSpeedGainRight": 1.7314, "car_lcSublane": 0.0043, "car_sigma": 0.5884, "car_tau_mean": 3.5634, "car_tau_std": 7.1347, "car_v_mean": 20.6004, "car_v_std": 16.2104}, "datetime": {"datetime": "2024-08-08 12:32:45", "elapsed": 1975.776775, "delta": 2.829243}}
{"target": -0.32960678803422144, "params": {"bus_acc": 1.8491, "bus_dcc": 3.4634, "bus_lcAssertive": 81.8196, "bus_lcCooperative": 0.4903, "bus_lcLookaheadLeft": 30.4777, "bus_lcPushy": 0.2824, "bus_lcSigma": 0.9166, "bus_lcSpeedGainRight": 4.4863, "bus_lcSublane": 0.9696, "bus_sigma": 0.6337, "bus_tau_mean": 2.0217, "bus_tau_std": 6.5263, "bus_v_mean": 20.354, "bus_v_std": 16.1074, "car_acc": 3.8544, "car_dcc": 2.5591, "car_lcAssertive": 65.4597, "car_lcCooperative": 0.9779, "car_lcLookaheadLeft": 56.9113, "car_lcPushy": 0.9254, "car_lcSigma": 0.8463, "car_lcSpeedGainRight": 0.8525, "car_lcSublane": 0.4137, "car_sigma": 0.3079, "car_tau_mean": 2.0128, "car_tau_std": 7.7874, "car_v_mean": 9.124, "car_v_std": 13.5523}, "datetime": {"datetime": "2024-08-08 12:32:48", "elapsed": 1978.406857, "delta": 2.630082}}
{"target": -0.34648532361269513, "params": {"bus_acc": 1.393, "bus_dcc": 1.5664, "bus_lcAssertive": 75.5509, "bus_lcCooperative": 0.8471, "bus_lcLookaheadLeft": 30.0976, "bus_lcPushy": 0.752, "bus_lcSigma": 0.5471, "bus_lcSpeedGainRight": 3.7125, "bus_lcSublane": 0.5005, "bus_sigma": 0.4203, "bus_tau_mean": 2.1199, "bus_tau_std": 3.6135, "bus_v_mean": 11.4731, "bus_v_std": 11.9872, "car_acc": 3.2918, "car_dcc": 3.3004, "car_lcAssertive": 11.5008, "car_lcCooperative": 0.3171, "car_lcLookaheadLeft": 15.9544, "car_lcPushy": 0.6811, "car_lcSigma": 1.0, "car_lcSpeedGainRight": 2.782, "car_lcSublane": 0.4971, "car_sigma": 0.9027, "car_tau_mean": 2.9045, "car_tau_std": 2.4861, "car_v_mean": 20.0781, "car_v_std": 14.9322}, "datetime": {"datetime": "2024-08-08 12:32:53", "elapsed": 1983.604681, "delta": 5.197824}}
{"target": -0.3252341544364231, "params": {"bus_acc": 2.555, "bus_dcc": 2.9407, "bus_lcAssertive": 34.4472, "bus_lcCooperative": 0.5883, "bus_lcLookaheadLeft": 30.0338, "bus_lcPushy": 0.6014, "bus_lcSigma": 0.318, "bus_lcSpeedGainRight": 1.764, "bus_lcSublane": 0.3812, "bus_sigma": 0.1872, "bus_tau_mean": 2.1929, "bus_tau_std": 6.6695, "bus_v_mean": 13.4025, "bus_v_std": 0.7691, "car_acc": 2.6003, "car_dcc": 3.3812, "car_lcAssertive": 21.9297, "car_lcCooperative": 0.4607, "car_lcLookaheadLeft": 87.7176, "car_lcPushy": 0.4065, "car_lcSigma": 0.2398, "car_lcSpeedGainRight": 3.8331, "car_lcSublane": 0.9616, "car_sigma": 0.3405, "car_tau_mean": 1.8023, "car_tau_std": 1.9974, "car_v_mean": 11.8029, "car_v_std": 1.9461}, "datetime": {"datetime": "2024-08-08 12:32:57", "elapsed": 1987.245243, "delta": 3.640562}}
{"target": -0.33031249984827143, "params": {"bus_acc": 1.9162, "bus_dcc": 1.3243, "bus_lcAssertive": 75.4187, "bus_lcCooperative": 0.6234, "bus_lcLookaheadLeft": 73.6087, "bus_lcPushy": 0.074, "bus_lcSigma": 0.6587, "bus_lcSpeedGainRight": 0.5178, "bus_lcSublane": 0.0436, "bus_sigma": 0.8724, "bus_tau_mean": 1.9516, "bus_tau_std": 3.2161, "bus_v_mean": 19.8989, "bus_v_std": 0.2483, "car_acc": 3.9228, "car_dcc": 1.5827, "car_lcAssertive": 18.2253, "car_lcCooperative": 0.4579, "car_lcLookaheadLeft": 56.964, "car_lcPushy": 0.5665, "car_lcSigma": 0.756, "car_lcSpeedGainRight": 2.954, "car_lcSublane": 0.0593, "car_sigma": 0.6076, "car_tau_mean": 2.7943, "car_tau_std": 9.0629, "car_v_mean": 10.2668, "car_v_std": 5.9184}, "datetime": {"datetime": "2024-08-08 12:33:08", "elapsed": 1998.098134, "delta": 10.852891}}
{"target": -0.35020495429498444, "params": {"bus_acc": 1.5748, "bus_dcc": 2.2873, "bus_lcAssertive": 44.9522, "bus_lcCooperative": 0.6622, "bus_lcLookaheadLeft": 24.4556, "bus_lcPushy": 0.7981, "bus_lcSigma": 0.3216, "bus_lcSpeedGainRight": 4.5334, "bus_lcSublane": 0.2481, "bus_sigma": 0.2083, "bus_tau_mean": 3.8719, "bus_tau_std": 4.7421, "bus_v_mean": 19.9255, "bus_v_std": 2.6645, "car_acc": 2.5905, "car_dcc": 3.9252, "car_lcAssertive": 71.6415, "car_lcCooperative": 0.3409, "car_lcLookaheadLeft": 50.6744, "car_lcPushy": 0.1782, "car_lcSigma": 0.8561, "car_lcSpeedGainRight": 2.8448, "car_lcSublane": 0.7497, "car_sigma": 0.8445, "car_tau_mean": 2.2739, "car_tau_std": 7.6526, "car_v_mean": 17.7445, "car_v_std": 19.0695}, "datetime": {"datetime": "2024-08-08 12:33:10", "elapsed": 2000.867236, "delta": 2.769102}}
{"target": -0.34210391504521137, "params": {"bus_acc": 1.9105, "bus_dcc": 2.2575, "bus_lcAssertive": 2.3847, "bus_lcCooperative": 0.1687, "bus_lcLookaheadLeft": 65.4437, "bus_lcPushy": 0.4537, "bus_lcSigma": 0.3424, "bus_lcSpeedGainRight": 2.7679, "bus_lcSublane": 0.5754, "bus_sigma": 0.5976, "bus_tau_mean": 2.1437, "bus_tau_std": 9.2873, "bus_v_mean": 9.4798, "bus_v_std": 0.9124, "car_acc": 3.7936, "car_dcc": 2.662, "car_lcAssertive": 91.6696, "car_lcCooperative": 0.5588, "car_lcLookaheadLeft": 55.336, "car_lcPushy": 0.5867, "car_lcSigma": 0.5606, "car_lcSpeedGainRight": 4.3427, "car_lcSublane": 0.3711, "car_sigma": 0.4723, "car_tau_mean": 2.3836, "car_tau_std": 5.0798, "car_v_mean": 11.23, "car_v_std": 13.8804}, "datetime": {"datetime": "2024-08-08 12:33:12", "elapsed": 2002.403187, "delta": 1.535951}}
{"target": -0.36829113489138904, "params": {"bus_acc": 1.7132, "bus_dcc": 1.3522, "bus_lcAssertive": 81.4738, "bus_lcCooperative": 0.9506, "bus_lcLookaheadLeft": 89.6227, "bus_lcPushy": 0.3185, "bus_lcSigma": 0.6016, "bus_lcSpeedGainRight": 1.2834, "bus_lcSublane": 0.336, "bus_sigma": 0.4346, "bus_tau_mean": 1.9556, "bus_tau_std": 3.365, "bus_v_mean": 17.3174, "bus_v_std": 8.8899, "car_acc": 2.549, "car_dcc": 3.4227, "car_lcAssertive": 71.1491, "car_lcCooperative": 0.5255, "car_lcLookaheadLeft": 20.9996, "car_lcPushy": 0.9003, "car_lcSigma": 0.586, "car_lcSpeedGainRight": 3.4516, "car_lcSublane": 0.0331, "car_sigma": 0.3717, "car_tau_mean": 2.2926, "car_tau_std": 3.5117, "car_v_mean": 15.4183, "car_v_std": 13.2742}, "datetime": {"datetime": "2024-08-08 12:33:14", "elapsed": 2004.517877, "delta": 2.11469}}
{"target": -0.31529479491624457, "params": {"bus_acc": 2.6699, "bus_dcc": 3.6048, "bus_lcAssertive": 35.9681, "bus_lcCooperative": 0.5857, "bus_lcLookaheadLeft": 46.2729, "bus_lcPushy": 0.4944, "bus_lcSigma": 0.8735, "bus_lcSpeedGainRight": 0.8403, "bus_lcSublane": 0.3348, "bus_sigma": 0.756, "bus_tau_mean": 3.3032, "bus_tau_std": 8.5746, "bus_v_mean": 17.0055, "bus_v_std": 14.4734, "car_acc": 3.7096, "car_dcc": 1.9469, "car_lcAssertive": 81.0514, "car_lcCooperative": 0.3588, "car_lcLookaheadLeft": 46.6944, "car_lcPushy": 0.3368, "car_lcSigma": 0.528, "car_lcSpeedGainRight": 1.9618, "car_lcSublane": 0.2225, "car_sigma": 0.5229, "car_tau_mean": 2.6382, "car_tau_std": 5.4201, "car_v_mean": 11.5612, "car_v_std": 4.275}, "datetime": {"datetime": "2024-08-08 12:33:25", "elapsed": 2015.391738, "delta": 10.873861}}
