{"target": -0.3359051025967384, "params": {"bus_acc": 2.7247, "bus_dcc": 2.252, "bus_lcAssertive": 55.7342, "bus_lcCooperative": 0.7964, "bus_lcLookaheadLeft": 27.0503, "bus_lcPushy": 0.2252, "bus_lcSigma": 0.4406, "bus_lcSublane": 0.014, "bus_sigma": 0.9674, "bus_tau_mean": 0.9079, "bus_tau_std": 6.326, "bus_v_mean": 18.9664, "bus_v_std": 3.0459, "car_acc": 2.8421, "car_dcc": 1.0153, "car_lcAssertive": 73.3375, "car_lcCooperative": 0.0038, "car_lcLookaheadLeft": 75.6412, "car_lcPushy": 0.9696, "car_lcSigma": 0.8943, "car_lcSublane": 0.6766, "car_sigma": 0.8518, "car_tau_mean": 0.5355, "car_tau_std": 7.507, "car_v_mean": 17.9159, "car_v_std": 5.4329}, "datetime": {"datetime": "2024-08-07 10:07:08", "elapsed": 2330.673206, "delta": 108.773216}}
{"target": -0.3232118003729917, "params": {"bus_acc": 1.1672, "bus_dcc": 2.8761, "bus_lcAssertive": 2.3138, "bus_lcCooperative": 0.3247, "bus_lcLookaheadLeft": 27.3576, "bus_lcPushy": 0.0504, "bus_lcSigma": 0.4133, "bus_lcSublane": 0.032, "bus_sigma": 0.5303, "bus_tau_mean": 1.0781, "bus_tau_std": 7.8231, "bus_v_mean": 19.171, "bus_v_std": 8.0879, "car_acc": 2.0172, "car_dcc": 3.0228, "car_lcAssertive": 48.6761, "car_lcCooperative": 0.2144, "car_lcLookaheadLeft": 11.7801, "car_lcPushy": 0.0586, "car_lcSigma": 0.8946, "car_lcSublane": 0.0913, "car_sigma": 0.7661, "car_tau_mean": 3.3355, "car_tau_std": 0.903, "car_v_mean": 15.5096, "car_v_std": 5.2287}, "datetime": {"datetime": "2024-08-07 10:07:39", "elapsed": 2362.073374, "delta": 31.400168}}
{"target": -0.33219730324966146, "params": {"bus_acc": 1.5001, "bus_dcc": 3.1764, "bus_lcAssertive": 75.0556, "bus_lcCooperative": 0.8569, "bus_lcLookaheadLeft": 2.2615, "bus_lcPushy": 0.0325, "bus_lcSigma": 0.6891, "bus_lcSublane": 0.1196, "bus_sigma": 0.1957, "bus_tau_mean": 3.2719, "bus_tau_std": 6.6318, "bus_v_mean": 11.9566, "bus_v_std": 6.9078, "car_acc": 1.5421, "car_dcc": 2.7067, "car_lcAssertive": 5.3762, "car_lcCooperative": 0.4901, "car_lcLookaheadLeft": 62.4308, "car_lcPushy": 0.0697, "car_lcSigma": 0.3432, "car_lcSublane": 0.5186, "car_sigma": 0.7012, "car_tau_mean": 1.071, "car_tau_std": 1.731, "car_v_mean": 14.7408, "car_v_std": 2.9791}, "datetime": {"datetime": "2024-08-07 10:07:53", "elapsed": 2375.517211, "delta": 13.443837}}
{"target": -0.3164862173006721, "params": {"bus_acc": 1.7861, "bus_dcc": 2.0286, "bus_lcAssertive": 56.108, "bus_lcCooperative": 0.5338, "bus_lcLookaheadLeft": 36.0412, "bus_lcPushy": 0.7574, "bus_lcSigma": 0.7882, "bus_lcSublane": 0.0019, "bus_sigma": 0.2053, "bus_tau_mean": 3.9926, "bus_tau_std": 9.2058, "bus_v_mean": 8.1888, "bus_v_std": 8.8125, "car_acc": 2.619, "car_dcc": 3.7732, "car_lcAssertive": 56.1536, "car_lcCooperative": 0.5344, "car_lcLookaheadLeft": 14.5863, "car_lcPushy": 0.6822, "car_lcSigma": 0.6555, "car_lcSublane": 0.963, "car_sigma": 0.3411, "car_tau_mean": 0.6923, "car_tau_std": 7.2001, "car_v_mean": 17.8755, "car_v_std": 5.9596}, "datetime": {"datetime": "2024-08-07 10:08:49", "elapsed": 2432.452905, "delta": 56.935694}}
{"target": -0.3466807096858942, "params": {"bus_acc": 2.5948, "bus_dcc": 2.169, "bus_lcAssertive": 77.283, "bus_lcCooperative": 0.0653, "bus_lcLookaheadLeft": 16.7929, "bus_lcPushy": 0.9211, "bus_lcSigma": 0.7651, "bus_lcSublane": 0.8751, "bus_sigma": 0.1725, "bus_tau_mean": 3.0589, "bus_tau_std": 8.5628, "bus_v_mean": 11.9119, "bus_v_std": 1.3367, "car_acc": 2.0544, "car_dcc": 3.8765, "car_lcAssertive": 31.4971, "car_lcCooperative": 0.8819, "car_lcLookaheadLeft": 55.5344, "car_lcPushy": 0.2699, "car_lcSigma": 0.8652, "car_lcSublane": 0.8041, "car_sigma": 0.685, "car_tau_mean": 1.0781, "car_tau_std": 0.6443, "car_v_mean": 19.531, "car_v_std": 9.9071}, "datetime": {"datetime": "2024-08-07 10:08:51", "elapsed": 2433.828278, "delta": 1.375373}}
{"target": -0.38101323311497726, "params": {"bus_acc": 1.8588, "bus_dcc": 1.815, "bus_lcAssertive": 95.8028, "bus_lcCooperative": 0.2377, "bus_lcLookaheadLeft": 21.4061, "bus_lcPushy": 0.5915, "bus_lcSigma": 0.9971, "bus_lcSublane": 0.634, "bus_sigma": 0.0141, "bus_tau_mean": 1.205, "bus_tau_std": 4.8348, "bus_v_mean": 14.847, "bus_v_std": 8.949, "car_acc": 1.0029, "car_dcc": 1.0029, "car_lcAssertive": 68.4807, "car_lcCooperative": 0.8276, "car_lcLookaheadLeft": 2.0029, "car_lcPushy": 0.4202, "car_lcSigma": 0.7229, "car_lcSublane": 0.5222, "car_sigma": 0.9971, "car_tau_mean": 2.1311, "car_tau_std": 0.5381, "car_v_mean": 14.5392, "car_v_std": 9.9971}, "datetime": {"datetime": "2024-08-07 10:09:47", "elapsed": 2489.727678, "delta": 55.8994}}
{"target": -0.3191423929375424, "params": {"bus_acc": 1.1267, "bus_dcc": 1.0881, "bus_lcAssertive": 47.3107, "bus_lcCooperative": 0.1073, "bus_lcLookaheadLeft": 32.1467, "bus_lcPushy": 0.404, "bus_lcSigma": 0.2711, "bus_lcSublane": 0.5681, "bus_sigma": 0.165, "bus_tau_mean": 3.9267, "bus_tau_std": 7.2048, "bus_v_mean": 11.841, "bus_v_std": 3.0918, "car_acc": 2.9576, "car_dcc": 1.7961, "car_lcAssertive": 91.9015, "car_lcCooperative": 0.776, "car_lcLookaheadLeft": 39.9979, "car_lcPushy": 0.9126, "car_lcSigma": 0.0845, "car_lcSublane": 0.1489, "car_sigma": 0.1379, "car_tau_mean": 3.6961, "car_tau_std": 0.8647, "car_v_mean": 21.5534, "car_v_std": 7.5139}, "datetime": {"datetime": "2024-08-07 10:09:59", "elapsed": 2502.030786, "delta": 12.303108}}
{"target": -0.3260643650407259, "params": {"bus_acc": 2.9213, "bus_dcc": 3.0574, "bus_lcAssertive": 1.6564, "bus_lcCooperative": 0.323, "bus_lcLookaheadLeft": 29.6884, "bus_lcPushy": 0.3763, "bus_lcSigma": 0.8052, "bus_lcSublane": 0.4761, "bus_sigma": 0.5467, "bus_tau_mean": 1.4026, "bus_tau_std": 3.3479, "bus_v_mean": 9.2967, "bus_v_std": 2.1445, "car_acc": 2.96, "car_dcc": 3.135, "car_lcAssertive": 12.2441, "car_lcCooperative": 0.0167, "car_lcLookaheadLeft": 97.7195, "car_lcPushy": 0.5833, "car_lcSigma": 0.3414, "car_lcSublane": 0.3748, "car_sigma": 0.3908, "car_tau_mean": 3.8579, "car_tau_std": 2.7874, "car_v_mean": 23.936, "car_v_std": 5.4281}, "datetime": {"datetime": "2024-08-07 10:10:01", "elapsed": 2504.063029, "delta": 2.032243}}
{"target": -0.3119571097006796, "params": {"bus_acc": 2.5101, "bus_dcc": 1.4678, "bus_lcAssertive": 3.7761, "bus_lcCooperative": 0.7951, "bus_lcLookaheadLeft": 85.9497, "bus_lcPushy": 0.9821, "bus_lcSigma": 0.71, "bus_lcSublane": 0.351, "bus_sigma": 0.661, "bus_tau_mean": 0.8883, "bus_tau_std": 2.1906, "bus_v_mean": 16.4428, "bus_v_std": 8.6156, "car_acc": 1.6489, "car_dcc": 2.8882, "car_lcAssertive": 95.7157, "car_lcCooperative": 0.2651, "car_lcLookaheadLeft": 43.4864, "car_lcPushy": 0.9424, "car_lcSigma": 0.6328, "car_lcSublane": 0.8663, "car_sigma": 0.5974, "car_tau_mean": 2.0822, "car_tau_std": 2.003, "car_v_mean": 21.279, "car_v_std": 6.8458}, "datetime": {"datetime": "2024-08-07 10:10:16", "elapsed": 2519.369941, "delta": 15.306912}}
{"target": -0.328935382504966, "params": {"bus_acc": 2.0435, "bus_dcc": 2.6707, "bus_lcAssertive": 63.3733, "bus_lcCooperative": 0.6897, "bus_lcLookaheadLeft": 53.0418, "bus_lcPushy": 0.6413, "bus_lcSigma": 0.8919, "bus_lcSublane": 0.8801, "bus_sigma": 0.8097, "bus_tau_mean": 3.3062, "bus_tau_std": 6.0149, "bus_v_mean": 19.3681, "bus_v_std": 4.1449, "car_acc": 1.731, "car_dcc": 1.3855, "car_lcAssertive": 10.7648, "car_lcCooperative": 0.9339, "car_lcLookaheadLeft": 92.9939, "car_lcPushy": 0.8548, "car_lcSigma": 0.2122, "car_lcSublane": 0.986, "car_sigma": 0.3131, "car_tau_mean": 3.6192, "car_tau_std": 7.3452, "car_v_mean": 13.4675, "car_v_std": 6.383}, "datetime": {"datetime": "2024-08-07 10:10:25", "elapsed": 2528.473768, "delta": 9.103827}}
{"target": -0.3439600404521569, "params": {"bus_acc": 1.9292, "bus_dcc": 3.0494, "bus_lcAssertive": 69.0065, "bus_lcCooperative": 0.5439, "bus_lcLookaheadLeft": 10.8366, "bus_lcPushy": 0.772, "bus_lcSigma": 0.5993, "bus_lcSublane": 0.6897, "bus_sigma": 0.6935, "bus_tau_mean": 3.7605, "bus_tau_std": 2.3166, "bus_v_mean": 20.6259, "bus_v_std": 1.0266, "car_acc": 2.9212, "car_dcc": 2.7184, "car_lcAssertive": 75.9126, "car_lcCooperative": 0.7685, "car_lcLookaheadLeft": 63.2667, "car_lcPushy": 0.0919, "car_lcSigma": 0.9954, "car_lcSublane": 0.6119, "car_sigma": 0.0236, "car_tau_mean": 3.3777, "car_tau_std": 9.7396, "car_v_mean": 19.9377, "car_v_std": 9.0515}, "datetime": {"datetime": "2024-08-07 10:10:53", "elapsed": 2555.96409, "delta": 27.490322}}
{"target": -0.35402314098074644, "params": {"bus_acc": 1.3574, "bus_dcc": 1.1404, "bus_lcAssertive": 52.6029, "bus_lcCooperative": 0.8686, "bus_lcLookaheadLeft": 55.7239, "bus_lcPushy": 0.1509, "bus_lcSigma": 0.2753, "bus_lcSublane": 0.8122, "bus_sigma": 0.4843, "bus_tau_mean": 2.0711, "bus_tau_std": 9.7464, "bus_v_mean": 20.4593, "bus_v_std": 8.3842, "car_acc": 1.6994, "car_dcc": 2.7184, "car_lcAssertive": 21.7628, "car_lcCooperative": 0.4786, "car_lcLookaheadLeft": 21.7576, "car_lcPushy": 0.9077, "car_lcSigma": 0.376, "car_lcSublane": 0.1752, "car_sigma": 0.8826, "car_tau_mean": 0.7877, "car_tau_std": 9.7012, "car_v_mean": 14.466, "car_v_std": 0.1635}, "datetime": {"datetime": "2024-08-07 10:11:25", "elapsed": 2588.293819, "delta": 32.329729}}
{"target": -0.37522805650907837, "params": {"bus_acc": 1.859, "bus_dcc": 1.8152, "bus_lcAssertive": 95.803, "bus_lcCooperative": 0.2379, "bus_lcLookaheadLeft": 21.4063, "bus_lcPushy": 0.5917, "bus_lcSigma": 0.9976, "bus_lcSublane": 0.6342, "bus_sigma": 0.0136, "bus_tau_mean": 1.2052, "bus_tau_std": 4.835, "bus_v_mean": 14.8472, "bus_v_std": 8.9492, "car_acc": 1.0024, "car_dcc": 1.0024, "car_lcAssertive": 68.4809, "car_lcCooperative": 0.8278, "car_lcLookaheadLeft": 2.0024, "car_lcPushy": 0.4204, "car_lcSigma": 0.7231, "car_lcSublane": 0.5224, "car_sigma": 0.9976, "car_tau_mean": 2.1313, "car_tau_std": 0.5383, "car_v_mean": 14.5394, "car_v_std": 9.9976}, "datetime": {"datetime": "2024-08-07 10:11:30", "elapsed": 2592.88361, "delta": 4.589791}}
{"target": -0.41231465078138124, "params": {"bus_acc": 2.5214, "bus_dcc": 1.8026, "bus_lcAssertive": 54.7344, "bus_lcCooperative": 0.1288, "bus_lcLookaheadLeft": 75.7336, "bus_lcPushy": 0.0388, "bus_lcSigma": 0.6057, "bus_lcSublane": 0.4727, "bus_sigma": 0.7282, "bus_tau_mean": 2.7031, "bus_tau_std": 1.061, "bus_v_mean": 14.4607, "bus_v_std": 4.7636, "car_acc": 2.8701, "car_dcc": 1.3525, "car_lcAssertive": 86.926, "car_lcCooperative": 0.3514, "car_lcLookaheadLeft": 89.2489, "car_lcPushy": 0.0627, "car_lcSigma": 0.6098, "car_lcSublane": 0.2576, "car_sigma": 0.4402, "car_tau_mean": 1.7662, "car_tau_std": 3.1925, "car_v_mean": 15.9538, "car_v_std": 2.6783}, "datetime": {"datetime": "2024-08-07 10:11:40", "elapsed": 2603.184653, "delta": 10.301043}}
{"target": -0.35586939349012997, "params": {"bus_acc": 1.2886, "bus_dcc": 2.848, "bus_lcAssertive": 26.2234, "bus_lcCooperative": 0.8116, "bus_lcLookaheadLeft": 9.3534, "bus_lcPushy": 0.4422, "bus_lcSigma": 0.0146, "bus_lcSublane": 0.7139, "bus_sigma": 0.3182, "bus_tau_mean": 3.2601, "bus_tau_std": 9.0167, "bus_v_mean": 12.5806, "bus_v_std": 6.8813, "car_acc": 1.6074, "car_dcc": 1.6695, "car_lcAssertive": 98.0793, "car_lcCooperative": 0.5607, "car_lcLookaheadLeft": 29.6635, "car_lcPushy": 0.9631, "car_lcSigma": 0.8679, "car_lcSublane": 0.431, "car_sigma": 0.6884, "car_tau_mean": 3.2921, "car_tau_std": 0.4337, "car_v_mean": 22.1135, "car_v_std": 1.2555}, "datetime": {"datetime": "2024-08-07 10:12:21", "elapsed": 2644.445811, "delta": 41.261158}}
{"target": -0.3653124876057533, "params": {"bus_acc": 1.4462, "bus_dcc": 3.0327, "bus_lcAssertive": 18.7707, "bus_lcCooperative": 0.4802, "bus_lcLookaheadLeft": 27.2558, "bus_lcPushy": 0.5082, "bus_lcSigma": 0.4682, "bus_lcSublane": 0.9384, "bus_sigma": 0.2686, "bus_tau_mean": 0.7494, "bus_tau_std": 2.3303, "bus_v_mean": 18.3783, "bus_v_std": 5.7668, "car_acc": 1.9122, "car_dcc": 3.5523, "car_lcAssertive": 38.3588, "car_lcCooperative": 0.9055, "car_lcLookaheadLeft": 35.9013, "car_lcPushy": 0.1945, "car_lcSigma": 0.8917, "car_lcSublane": 0.4236, "car_sigma": 0.9357, "car_tau_mean": 2.513, "car_tau_std": 6.368, "car_v_mean": 10.2291, "car_v_std": 5.9965}, "datetime": {"datetime": "2024-08-07 10:12:38", "elapsed": 2661.107511, "delta": 16.6617}}
{"target": -0.34409459354977234, "params": {"bus_acc": 1.1618, "bus_dcc": 3.2978, "bus_lcAssertive": 82.5141, "bus_lcCooperative": 0.8969, "bus_lcLookaheadLeft": 33.1662, "bus_lcPushy": 0.1367, "bus_lcSigma": 0.3425, "bus_lcSublane": 0.7086, "bus_sigma": 0.6305, "bus_tau_mean": 3.8375, "bus_tau_std": 3.9353, "bus_v_mean": 21.5537, "bus_v_std": 6.4847, "car_acc": 1.019, "car_dcc": 3.1403, "car_lcAssertive": 9.923, "car_lcCooperative": 0.4581, "car_lcLookaheadLeft": 4.2732, "car_lcPushy": 0.8371, "car_lcSigma": 0.3964, "car_lcSublane": 0.1893, "car_sigma": 0.1599, "car_tau_mean": 0.8798, "car_tau_std": 9.309, "car_v_mean": 12.2265, "car_v_std": 0.4784}, "datetime": {"datetime": "2024-08-07 10:12:58", "elapsed": 2681.120378, "delta": 20.012867}}
{"target": -0.3523394925078456, "params": {"bus_acc": 2.1471, "bus_dcc": 1.8836, "bus_lcAssertive": 32.3952, "bus_lcCooperative": 0.0505, "bus_lcLookaheadLeft": 30.1124, "bus_lcPushy": 0.3479, "bus_lcSigma": 0.7778, "bus_lcSublane": 0.4254, "bus_sigma": 0.5145, "bus_tau_mean": 1.8611, "bus_tau_std": 8.904, "bus_v_mean": 16.0221, "bus_v_std": 5.0711, "car_acc": 1.7528, "car_dcc": 1.6446, "car_lcAssertive": 87.5323, "car_lcCooperative": 0.7886, "car_lcLookaheadLeft": 91.6562, "car_lcPushy": 0.7975, "car_lcSigma": 0.5063, "car_lcSublane": 0.3646, "car_sigma": 0.1162, "car_tau_mean": 1.4574, "car_tau_std": 0.0685, "car_v_mean": 13.0574, "car_v_std": 6.743}, "datetime": {"datetime": "2024-08-07 10:13:12", "elapsed": 2694.734984, "delta": 13.614606}}
{"target": -0.27711910432694536, "params": {"bus_acc": 1.859, "bus_dcc": 1.8152, "bus_lcAssertive": 95.803, "bus_lcCooperative": 0.2379, "bus_lcLookaheadLeft": 21.4063, "bus_lcPushy": 0.5917, "bus_lcSigma": 0.9969, "bus_lcSublane": 0.6342, "bus_sigma": 0.0143, "bus_tau_mean": 1.2052, "bus_tau_std": 4.835, "bus_v_mean": 14.8472, "bus_v_std": 8.9492, "car_acc": 1.0031, "car_dcc": 1.0031, "car_lcAssertive": 68.4809, "car_lcCooperative": 0.8278, "car_lcLookaheadLeft": 2.0031, "car_lcPushy": 0.4204, "car_lcSigma": 0.7231, "car_lcSublane": 0.5224, "car_sigma": 0.9969, "car_tau_mean": 2.1313, "car_tau_std": 0.5383, "car_v_mean": 14.5394, "car_v_std": 9.9969}, "datetime": {"datetime": "2024-08-07 10:13:14", "elapsed": 2697.048262, "delta": 2.313278}}
{"target": -0.3315437692681881, "params": {"bus_acc": 1.0608, "bus_dcc": 2.6541, "bus_lcAssertive": 26.6351, "bus_lcCooperative": 0.7242, "bus_lcLookaheadLeft": 3.8169, "bus_lcPushy": 0.1981, "bus_lcSigma": 0.8531, "bus_lcSublane": 0.7723, "bus_sigma": 0.7849, "bus_tau_mean": 0.7317, "bus_tau_std": 6.3123, "bus_v_mean": 10.228, "bus_v_std": 9.7632, "car_acc": 1.5063, "car_dcc": 1.554, "car_lcAssertive": 42.7722, "car_lcCooperative": 0.3078, "car_lcLookaheadLeft": 97.9945, "car_lcPushy": 0.2649, "car_lcSigma": 0.4077, "car_lcSublane": 0.5925, "car_sigma": 0.6188, "car_tau_mean": 3.6553, "car_tau_std": 1.5867, "car_v_mean": 17.508, "car_v_std": 0.7924}, "datetime": {"datetime": "2024-08-07 10:13:43", "elapsed": 2726.316505, "delta": 29.268243}}
{"target": -0.3410521020746099, "params": {"bus_acc": 2.0151, "bus_dcc": 2.9476, "bus_lcAssertive": 45.8333, "bus_lcCooperative": 0.2862, "bus_lcLookaheadLeft": 61.1492, "bus_lcPushy": 0.3075, "bus_lcSigma": 0.0334, "bus_lcSublane": 0.7768, "bus_sigma": 0.9761, "bus_tau_mean": 2.454, "bus_tau_std": 3.5669, "bus_v_mean": 9.8308, "bus_v_std": 5.009, "car_acc": 2.8923, "car_dcc": 1.4397, "car_lcAssertive": 21.1081, "car_lcCooperative": 0.7382, "car_lcLookaheadLeft": 56.582, "car_lcPushy": 0.6907, "car_lcSigma": 0.7859, "car_lcSublane": 0.2, "car_sigma": 0.4881, "car_tau_mean": 3.7487, "car_tau_std": 2.2806, "car_v_mean": 10.0316, "car_v_std": 1.7718}, "datetime": {"datetime": "2024-08-07 10:13:54", "elapsed": 2736.486034, "delta": 10.169529}}
{"target": -0.34585933372323785, "params": {"bus_acc": 1.6421, "bus_dcc": 3.6512, "bus_lcAssertive": 15.8876, "bus_lcCooperative": 0.5864, "bus_lcLookaheadLeft": 10.1606, "bus_lcPushy": 0.3872, "bus_lcSigma": 0.9795, "bus_lcSublane": 0.1771, "bus_sigma": 0.6146, "bus_tau_mean": 0.9795, "bus_tau_std": 3.1692, "bus_v_mean": 13.5414, "bus_v_std": 7.7494, "car_acc": 1.062, "car_dcc": 3.3443, "car_lcAssertive": 6.1607, "car_lcCooperative": 0.3883, "car_lcLookaheadLeft": 58.2617, "car_lcPushy": 0.7167, "car_lcSigma": 0.2837, "car_lcSublane": 0.8752, "car_sigma": 0.8734, "car_tau_mean": 3.1734, "car_tau_std": 1.9419, "car_v_mean": 17.1847, "car_v_std": 0.7143}, "datetime": {"datetime": "2024-08-07 10:13:56", "elapsed": 2738.744386, "delta": 2.258352}}
{"target": -0.3216362003798898, "params": {"bus_acc": 2.8234, "bus_dcc": 1.1143, "bus_lcAssertive": 76.7981, "bus_lcCooperative": 0.0293, "bus_lcLookaheadLeft": 68.2856, "bus_lcPushy": 0.8692, "bus_lcSigma": 0.1746, "bus_lcSublane": 0.8215, "bus_sigma": 0.7898, "bus_tau_mean": 1.9802, "bus_tau_std": 4.0268, "bus_v_mean": 9.2927, "bus_v_std": 6.9085, "car_acc": 2.0787, "car_dcc": 2.8657, "car_lcAssertive": 73.0175, "car_lcCooperative": 0.013, "car_lcLookaheadLeft": 63.1089, "car_lcPushy": 0.9226, "car_lcSigma": 0.3664, "car_lcSublane": 0.8632, "car_sigma": 0.0335, "car_tau_mean": 3.8564, "car_tau_std": 7.0377, "car_v_mean": 18.441, "car_v_std": 2.4546}, "datetime": {"datetime": "2024-08-07 10:14:01", "elapsed": 2744.21748, "delta": 5.473094}}
{"target": -0.33296488661104856, "params": {"bus_acc": 1.0569, "bus_dcc": 1.4642, "bus_lcAssertive": 3.0056, "bus_lcCooperative": 0.0512, "bus_lcLookaheadLeft": 17.4505, "bus_lcPushy": 0.3442, "bus_lcSigma": 0.6907, "bus_lcSublane": 0.3199, "bus_sigma": 0.8994, "bus_tau_mean": 1.0181, "bus_tau_std": 1.4434, "bus_v_mean": 10.3499, "bus_v_std": 8.9697, "car_acc": 1.4762, "car_dcc": 1.4234, "car_lcAssertive": 4.8898, "car_lcCooperative": 0.7855, "car_lcLookaheadLeft": 2.1412, "car_lcPushy": 0.6468, "car_lcSigma": 0.2924, "car_lcSublane": 0.9244, "car_sigma": 0.7392, "car_tau_mean": 2.4522, "car_tau_std": 2.9759, "car_v_mean": 22.3875, "car_v_std": 7.1772}, "datetime": {"datetime": "2024-08-07 10:14:03", "elapsed": 2745.995048, "delta": 1.777568}}
{"target": -0.35839839068604795, "params": {"bus_acc": 1.8053, "bus_dcc": 2.3612, "bus_lcAssertive": 35.3052, "bus_lcCooperative": 0.0896, "bus_lcLookaheadLeft": 33.2286, "bus_lcPushy": 0.6301, "bus_lcSigma": 0.3042, "bus_lcSublane": 0.0593, "bus_sigma": 0.0668, "bus_tau_mean": 0.816, "bus_tau_std": 6.0359, "bus_v_mean": 22.8938, "bus_v_std": 9.6915, "car_acc": 1.9504, "car_dcc": 2.8845, "car_lcAssertive": 51.4837, "car_lcCooperative": 0.9456, "car_lcLookaheadLeft": 31.0183, "car_lcPushy": 0.3531, "car_lcSigma": 0.3439, "car_lcSublane": 0.6492, "car_sigma": 0.9342, "car_tau_mean": 3.3085, "car_tau_std": 6.8852, "car_v_mean": 18.6929, "car_v_std": 4.9621}, "datetime": {"datetime": "2024-08-07 10:14:05", "elapsed": 2748.24415, "delta": 2.249102}}
{"target": -0.374790318600582, "params": {"bus_acc": 2.8681, "bus_dcc": 1.5953, "bus_lcAssertive": 87.6484, "bus_lcCooperative": 0.8199, "bus_lcLookaheadLeft": 67.1426, "bus_lcPushy": 0.881, "bus_lcSigma": 0.2934, "bus_lcSublane": 0.5232, "bus_sigma": 0.3126, "bus_tau_mean": 3.1921, "bus_tau_std": 3.5177, "bus_v_mean": 23.2321, "bus_v_std": 6.7842, "car_acc": 1.4466, "car_dcc": 2.9328, "car_lcAssertive": 44.128, "car_lcCooperative": 0.7649, "car_lcLookaheadLeft": 78.181, "car_lcPushy": 0.774, "car_lcSigma": 0.5512, "car_lcSublane": 0.809, "car_sigma": 0.8114, "car_tau_mean": 1.4136, "car_tau_std": 1.2147, "car_v_mean": 18.8681, "car_v_std": 0.8853}, "datetime": {"datetime": "2024-08-07 10:14:09", "elapsed": 2752.213393, "delta": 3.969243}}
{"target": -0.2823072061035966, "params": {"bus_acc": 1.859, "bus_dcc": 1.8152, "bus_lcAssertive": 95.803, "bus_lcCooperative": 0.2379, "bus_lcLookaheadLeft": 21.4062, "bus_lcPushy": 0.5917, "bus_lcSigma": 0.9969, "bus_lcSublane": 0.6342, "bus_sigma": 0.0143, "bus_tau_mean": 1.2052, "bus_tau_std": 4.835, "bus_v_mean": 14.8471, "bus_v_std": 8.9491, "car_acc": 1.0031, "car_dcc": 1.0031, "car_lcAssertive": 68.4809, "car_lcCooperative": 0.8278, "car_lcLookaheadLeft": 2.0031, "car_lcPushy": 0.4204, "car_lcSigma": 0.7231, "car_lcSublane": 0.5224, "car_sigma": 0.9969, "car_tau_mean": 2.1313, "car_tau_std": 0.5383, "car_v_mean": 14.5393, "car_v_std": 9.9969}, "datetime": {"datetime": "2024-08-07 10:14:18", "elapsed": 2760.894391, "delta": 8.680998}}
{"target": -0.37747391452582724, "params": {"bus_acc": 1.9169, "bus_dcc": 3.5473, "bus_lcAssertive": 47.0803, "bus_lcCooperative": 0.1515, "bus_lcLookaheadLeft": 28.2503, "bus_lcPushy": 0.6897, "bus_lcSigma": 0.5081, "bus_lcSublane": 0.8061, "bus_sigma": 0.3326, "bus_tau_mean": 0.7354, "bus_tau_std": 1.0975, "bus_v_mean": 9.0771, "bus_v_std": 5.0574, "car_acc": 1.5025, "car_dcc": 1.5113, "car_lcAssertive": 65.9571, "car_lcCooperative": 0.6303, "car_lcLookaheadLeft": 14.6529, "car_lcPushy": 0.508, "car_lcSigma": 0.0741, "car_lcSublane": 0.2334, "car_sigma": 0.1423, "car_tau_mean": 3.4191, "car_tau_std": 0.2134, "car_v_mean": 8.6035, "car_v_std": 4.3451}, "datetime": {"datetime": "2024-08-07 10:14:25", "elapsed": 2768.220878, "delta": 7.326487}}
{"target": -0.37175939212530684, "params": {"bus_acc": 1.4132, "bus_dcc": 2.6759, "bus_lcAssertive": 93.8508, "bus_lcCooperative": 0.7788, "bus_lcLookaheadLeft": 24.6951, "bus_lcPushy": 0.4706, "bus_lcSigma": 0.4653, "bus_lcSublane": 0.5397, "bus_sigma": 0.7021, "bus_tau_mean": 1.3254, "bus_tau_std": 2.7064, "bus_v_mean": 17.0338, "bus_v_std": 2.9681, "car_acc": 1.1042, "car_dcc": 2.1552, "car_lcAssertive": 7.8635, "car_lcCooperative": 0.7316, "car_lcLookaheadLeft": 83.738, "car_lcPushy": 0.6673, "car_lcSigma": 0.3082, "car_lcSublane": 0.1961, "car_sigma": 0.1566, "car_tau_mean": 2.4513, "car_tau_std": 9.2305, "car_v_mean": 23.6894, "car_v_std": 5.3225}, "datetime": {"datetime": "2024-08-07 10:14:30", "elapsed": 2773.083948, "delta": 4.86307}}
