{"target": -0.043535645468903726, "params": {"bus_acc": 2.5532, "bus_dcc": 2.6256, "bus_lcAssertive": 4.9637, "bus_lcCooperative": 0.1525, "bus_lcLookaheadLeft": 20.9722, "bus_lcPushy": 0.3533, "bus_lcSublane": 0.0698, "bus_tau_mean": 2.6355, "bus_tau_std": 5.138, "bus_v_mean": 17.8968, "bus_v_std": 4.341, "car_acc": 2.713, "car_dcc": 2.3798, "car_lcAssertive": 2.5426, "car_lcCooperative": 0.8907, "car_lcLookaheadLeft": 66.3252, "car_lcPushy": 0.8406, "car_lcSublane": 0.9812, "car_tau_mean": 0.6958, "car_tau_std": 2.3683, "car_v_mean": 9.0309, "car_v_std": 4.2342}, "datetime": {"datetime": "2024-08-05 18:35:32", "elapsed": 784.655676, "delta": 1.143231}}
{"target": -0.0520017842651788, "params": {"bus_acc": 2.5553, "bus_dcc": 2.6277, "bus_lcAssertive": 4.9658, "bus_lcCooperative": 0.1542, "bus_lcLookaheadLeft": 20.9745, "bus_lcPushy": 0.3551, "bus_lcSublane": 0.072, "bus_tau_mean": 2.6376, "bus_tau_std": 5.1401, "bus_v_mean": 17.8991, "bus_v_std": 4.343, "car_acc": 2.7151, "car_dcc": 2.3819, "car_lcAssertive": 2.5447, "car_lcCooperative": 0.8928, "car_lcLookaheadLeft": 66.3275, "car_lcPushy": 0.8427, "car_lcSublane": 0.976, "car_tau_mean": 0.6979, "car_tau_std": 2.3704, "car_v_mean": 9.0332, "car_v_std": 4.236}, "datetime": {"datetime": "2024-08-05 18:35:36", "elapsed": 787.928237, "delta": 3.272561}}
{"target": -0.0494998708782638, "params": {"bus_acc": 1.7016, "bus_dcc": 2.5842, "bus_lcAssertive": 66.2423, "bus_lcCooperative": 0.8477, "bus_lcLookaheadLeft": 24.0643, "bus_lcPushy": 0.2085, "bus_lcSublane": 0.3922, "bus_tau_mean": 2.6855, "bus_tau_std": 2.6931, "bus_v_mean": 14.1122, "bus_v_std": 9.2173, "car_acc": 2.9032, "car_dcc": 3.9244, "car_lcAssertive": 97.3163, "car_lcCooperative": 0.4084, "car_lcLookaheadLeft": 86.0416, "car_lcPushy": 0.9753, "car_lcSublane": 0.809, "car_tau_mean": 3.0006, "car_tau_std": 4.7135, "car_v_mean": 8.6053, "car_v_std": 1.1497}, "datetime": {"datetime": "2024-08-05 18:35:47", "elapsed": 799.328747, "delta": 11.40051}}
{"target": -0.055230022718895926, "params": {"bus_acc": 2.1827, "bus_dcc": 1.6613, "bus_lcAssertive": 80.4854, "bus_lcCooperative": 0.6845, "bus_lcLookaheadLeft": 9.1007, "bus_lcPushy": 0.431, "bus_lcSublane": 0.9825, "bus_tau_mean": 1.4244, "bus_tau_std": 7.6501, "bus_v_mean": 19.9619, "bus_v_std": 5.8136, "car_acc": 2.2243, "car_dcc": 1.2742, "car_lcAssertive": 75.9472, "car_lcCooperative": 0.47, "car_lcLookaheadLeft": 92.624, "car_lcPushy": 0.0954, "car_lcSublane": 0.661, "car_tau_mean": 3.3033, "car_tau_std": 5.8773, "car_v_mean": 14.9913, "car_v_std": 7.4487}, "datetime": {"datetime": "2024-08-05 18:35:49", "elapsed": 800.745864, "delta": 1.417117}}
{"target": -0.04547614355914242, "params": {"bus_acc": 2.6035, "bus_dcc": 1.2551, "bus_lcAssertive": 58.087, "bus_lcCooperative": 0.0653, "bus_lcLookaheadLeft": 15.3867, "bus_lcPushy": 0.4737, "bus_lcSublane": 0.5134, "bus_tau_mean": 1.2064, "bus_tau_std": 2.8617, "bus_v_mean": 11.1178, "bus_v_std": 6.4386, "car_acc": 1.5339, "car_dcc": 2.9763, "car_lcAssertive": 73.2104, "car_lcCooperative": 0.3257, "car_lcLookaheadLeft": 94.6239, "car_lcPushy": 0.5926, "car_lcSublane": 0.9909, "car_tau_mean": 2.0754, "car_tau_std": 0.0503, "car_v_mean": 8.8194, "car_v_std": 2.882}, "datetime": {"datetime": "2024-08-05 18:35:50", "elapsed": 801.965947, "delta": 1.220083}}
{"target": -0.043007880062113556, "params": {"bus_acc": 2.5552, "bus_dcc": 2.6277, "bus_lcAssertive": 4.9658, "bus_lcCooperative": 0.1547, "bus_lcLookaheadLeft": 20.9745, "bus_lcPushy": 0.3553, "bus_lcSublane": 0.0727, "bus_tau_mean": 2.6376, "bus_tau_std": 5.1408, "bus_v_mean": 17.899, "bus_v_std": 4.3432, "car_acc": 2.7151, "car_dcc": 2.3818, "car_lcAssertive": 2.5446, "car_lcCooperative": 0.8927, "car_lcLookaheadLeft": 66.3274, "car_lcPushy": 0.8427, "car_lcSublane": 0.9746, "car_tau_mean": 0.6979, "car_tau_std": 2.3704, "car_v_mean": 9.0332, "car_v_std": 4.2368}, "datetime": {"datetime": "2024-08-05 18:35:51", "elapsed": 803.011594, "delta": 1.045647}}
{"target": -0.04402177795599627, "params": {"bus_acc": 2.5533, "bus_dcc": 2.6257, "bus_lcAssertive": 4.9636, "bus_lcCooperative": 0.1525, "bus_lcLookaheadLeft": 20.9727, "bus_lcPushy": 0.3534, "bus_lcSublane": 0.07, "bus_tau_mean": 2.6356, "bus_tau_std": 5.1381, "bus_v_mean": 17.8973, "bus_v_std": 4.3413, "car_acc": 2.7131, "car_dcc": 2.3799, "car_lcAssertive": 2.5424, "car_lcCooperative": 0.8908, "car_lcLookaheadLeft": 66.3253, "car_lcPushy": 0.8407, "car_lcSublane": 0.9809, "car_tau_mean": 0.6959, "car_tau_std": 2.3684, "car_v_mean": 9.0314, "car_v_std": 4.2343}, "datetime": {"datetime": "2024-08-05 18:35:52", "elapsed": 804.558785, "delta": 1.547191}}
{"target": -0.04320384849261957, "params": {"bus_acc": 2.5552, "bus_dcc": 2.6277, "bus_lcAssertive": 4.9658, "bus_lcCooperative": 0.1545, "bus_lcLookaheadLeft": 20.9745, "bus_lcPushy": 0.3553, "bus_lcSublane": 0.072, "bus_tau_mean": 2.6376, "bus_tau_std": 5.1403, "bus_v_mean": 17.899, "bus_v_std": 4.3432, "car_acc": 2.7151, "car_dcc": 2.3818, "car_lcAssertive": 2.5446, "car_lcCooperative": 0.8927, "car_lcLookaheadLeft": 66.3274, "car_lcPushy": 0.8427, "car_lcSublane": 0.9762, "car_tau_mean": 0.6979, "car_tau_std": 2.3704, "car_v_mean": 9.0332, "car_v_std": 4.2362}, "datetime": {"datetime": "2024-08-05 18:35:55", "elapsed": 807.340766, "delta": 2.781981}}
{"target": -0.05484543707319414, "params": {"bus_acc": 1.568, "bus_dcc": 2.3843, "bus_lcAssertive": 78.7543, "bus_lcCooperative": 0.0039, "bus_lcLookaheadLeft": 58.8905, "bus_lcPushy": 0.0442, "bus_lcSublane": 0.9288, "bus_tau_mean": 1.4261, "bus_tau_std": 7.4058, "bus_v_mean": 17.1111, "bus_v_std": 4.1917, "car_acc": 1.7198, "car_dcc": 1.7423, "car_lcAssertive": 67.8031, "car_lcCooperative": 0.8044, "car_lcLookaheadLeft": 42.0112, "car_lcPushy": 0.8694, "car_lcSublane": 0.8222, "car_tau_mean": 2.187, "car_tau_std": 7.5159, "car_v_mean": 9.4634, "car_v_std": 7.7323}, "datetime": {"datetime": "2024-08-05 18:35:58", "elapsed": 810.670025, "delta": 3.329259}}
{"target": -0.05896266394937689, "params": {"bus_acc": 1.1717, "bus_dcc": 2.4298, "bus_lcAssertive": 13.9884, "bus_lcCooperative": 0.6033, "bus_lcLookaheadLeft": 90.4906, "bus_lcPushy": 0.8665, "bus_lcSublane": 0.1796, "bus_tau_mean": 3.8965, "bus_tau_std": 3.486, "bus_v_mean": 22.606, "bus_v_std": 6.5566, "car_acc": 1.0867, "car_dcc": 1.3472, "car_lcAssertive": 23.1988, "car_lcCooperative": 0.6424, "car_lcLookaheadLeft": 65.4488, "car_lcPushy": 0.0351, "car_lcSublane": 0.28, "car_tau_mean": 1.6237, "car_tau_std": 7.2607, "car_v_mean": 18.4703, "car_v_std": 3.064}, "datetime": {"datetime": "2024-08-05 18:36:00", "elapsed": 812.064714, "delta": 1.394689}}
{"target": -0.07084682791075768, "params": {"bus_acc": 1.7685, "bus_dcc": 1.9911, "bus_lcAssertive": 24.1467, "bus_lcCooperative": 0.9366, "bus_lcLookaheadLeft": 41.8905, "bus_lcPushy": 0.6389, "bus_lcSublane": 0.2855, "bus_tau_mean": 1.3114, "bus_tau_std": 2.8884, "bus_v_mean": 17.1878, "bus_v_std": 8.5005, "car_acc": 2.6846, "car_dcc": 3.3322, "car_lcAssertive": 76.6165, "car_lcCooperative": 0.3116, "car_lcLookaheadLeft": 13.4329, "car_lcPushy": 0.7727, "car_lcSublane": 0.1632, "car_tau_mean": 1.2028, "car_tau_std": 9.1088, "car_v_mean": 21.6355, "car_v_std": 5.1046}, "datetime": {"datetime": "2024-08-05 18:36:01", "elapsed": 813.656255, "delta": 1.591541}}
{"target": -0.04867874944667909, "params": {"bus_acc": 2.5532, "bus_dcc": 2.6257, "bus_lcAssertive": 4.9638, "bus_lcCooperative": 0.1522, "bus_lcLookaheadLeft": 20.9722, "bus_lcPushy": 0.3531, "bus_lcSublane": 0.0697, "bus_tau_mean": 2.6355, "bus_tau_std": 5.1382, "bus_v_mean": 17.8968, "bus_v_std": 4.3412, "car_acc": 2.713, "car_dcc": 2.3798, "car_lcAssertive": 2.5426, "car_lcCooperative": 0.8907, "car_lcLookaheadLeft": 66.3252, "car_lcPushy": 0.8406, "car_lcSublane": 0.9816, "car_tau_mean": 0.6958, "car_tau_std": 2.3683, "car_v_mean": 9.0309, "car_v_std": 4.2342}, "datetime": {"datetime": "2024-08-05 18:36:03", "elapsed": 815.555032, "delta": 1.898777}}
{"target": -0.04544701262117024, "params": {"bus_acc": 2.5531, "bus_dcc": 2.6256, "bus_lcAssertive": 4.9639, "bus_lcCooperative": 0.1523, "bus_lcLookaheadLeft": 20.9726, "bus_lcPushy": 0.3532, "bus_lcSublane": 0.0699, "bus_tau_mean": 2.6355, "bus_tau_std": 5.1384, "bus_v_mean": 17.8973, "bus_v_std": 4.3415, "car_acc": 2.7132, "car_dcc": 2.3797, "car_lcAssertive": 2.5427, "car_lcCooperative": 0.8906, "car_lcLookaheadLeft": 66.3253, "car_lcPushy": 0.8405, "car_lcSublane": 0.9811, "car_tau_mean": 0.6957, "car_tau_std": 2.3685, "car_v_mean": 9.0315, "car_v_std": 4.2343}, "datetime": {"datetime": "2024-08-05 18:36:05", "elapsed": 817.708105, "delta": 2.153073}}
{"target": -0.04545593775106822, "params": {"bus_acc": 2.5547, "bus_dcc": 2.6277, "bus_lcAssertive": 4.9658, "bus_lcCooperative": 0.1542, "bus_lcLookaheadLeft": 20.9742, "bus_lcPushy": 0.3554, "bus_lcSublane": 0.0715, "bus_tau_mean": 2.6371, "bus_tau_std": 5.1403, "bus_v_mean": 17.8988, "bus_v_std": 4.343, "car_acc": 2.7146, "car_dcc": 2.3819, "car_lcAssertive": 2.5441, "car_lcCooperative": 0.8928, "car_lcLookaheadLeft": 66.3272, "car_lcPushy": 0.8427, "car_lcSublane": 0.9762, "car_tau_mean": 0.6979, "car_tau_std": 2.3704, "car_v_mean": 9.0329, "car_v_std": 4.236}, "datetime": {"datetime": "2024-08-05 18:36:08", "elapsed": 820.452411, "delta": 2.744306}}
{"target": -0.04703510086795408, "params": {"bus_acc": 2.6948, "bus_dcc": 2.7673, "bus_lcAssertive": 5.1054, "bus_lcCooperative": 0.294, "bus_lcLookaheadLeft": 21.114, "bus_lcPushy": 0.4949, "bus_lcSublane": 0.2115, "bus_tau_mean": 2.7771, "bus_tau_std": 5.2798, "bus_v_mean": 18.0386, "bus_v_std": 4.4828, "car_acc": 2.8546, "car_dcc": 2.5214, "car_lcAssertive": 2.6842, "car_lcCooperative": 1.0, "car_lcLookaheadLeft": 66.467, "car_lcPushy": 0.9822, "car_lcSublane": 1.0, "car_tau_mean": 0.8369, "car_tau_std": 2.5099, "car_v_mean": 9.1727, "car_v_std": 4.3758}, "datetime": {"datetime": "2024-08-05 18:36:10", "elapsed": 822.320937, "delta": 1.868526}}
{"target": -0.03381126858743308, "params": {"bus_acc": 2.8982, "bus_dcc": 3.5406, "bus_lcAssertive": 1.4605, "bus_lcCooperative": 0.1086, "bus_lcLookaheadLeft": 20.7564, "bus_lcPushy": 0.0356, "bus_lcSublane": 0.0035, "bus_tau_mean": 2.3844, "bus_tau_std": 5.7868, "bus_v_mean": 18.3193, "bus_v_std": 4.1385, "car_acc": 2.9664, "car_dcc": 2.1878, "car_lcAssertive": 1.159, "car_lcCooperative": 0.9879, "car_lcLookaheadLeft": 70.3956, "car_lcPushy": 0.9823, "car_lcSublane": 0.9966, "car_tau_mean": 0.5014, "car_tau_std": 2.1845, "car_v_mean": 8.4151, "car_v_std": 1.7724}, "datetime": {"datetime": "2024-08-05 18:36:12", "elapsed": 824.216358, "delta": 1.895421}}
{"target": -0.04146693376763505, "params": {"bus_acc": 2.5531, "bus_dcc": 2.6255, "bus_lcAssertive": 4.9636, "bus_lcCooperative": 0.1523, "bus_lcLookaheadLeft": 20.9725, "bus_lcPushy": 0.3532, "bus_lcSublane": 0.0698, "bus_tau_mean": 2.6354, "bus_tau_std": 5.1381, "bus_v_mean": 17.8971, "bus_v_std": 4.3411, "car_acc": 2.7129, "car_dcc": 2.3797, "car_lcAssertive": 2.5425, "car_lcCooperative": 0.8906, "car_lcLookaheadLeft": 66.3253, "car_lcPushy": 0.8405, "car_lcSublane": 0.981, "car_tau_mean": 0.6957, "car_tau_std": 2.3682, "car_v_mean": 9.0312, "car_v_std": 4.2341}, "datetime": {"datetime": "2024-08-05 18:36:14", "elapsed": 826.314285, "delta": 2.097927}}
{"target": -0.05000310342359765, "params": {"bus_acc": 2.5552, "bus_dcc": 2.6277, "bus_lcAssertive": 4.9658, "bus_lcCooperative": 0.1542, "bus_lcLookaheadLeft": 20.9744, "bus_lcPushy": 0.3553, "bus_lcSublane": 0.0719, "bus_tau_mean": 2.6375, "bus_tau_std": 5.1405, "bus_v_mean": 17.899, "bus_v_std": 4.3432, "car_acc": 2.715, "car_dcc": 2.3818, "car_lcAssertive": 2.5446, "car_lcCooperative": 0.8924, "car_lcLookaheadLeft": 66.3274, "car_lcPushy": 0.8424, "car_lcSublane": 0.9759, "car_tau_mean": 0.6976, "car_tau_std": 2.3703, "car_v_mean": 9.0331, "car_v_std": 4.2365}, "datetime": {"datetime": "2024-08-05 18:36:16", "elapsed": 827.913555, "delta": 1.59927}}
{"target": -0.06639536867403256, "params": {"bus_acc": 1.8811, "bus_dcc": 3.0724, "bus_lcAssertive": 84.2839, "bus_lcCooperative": 0.0166, "bus_lcLookaheadLeft": 57.3646, "bus_lcPushy": 0.4861, "bus_lcSublane": 0.3914, "bus_tau_mean": 3.8615, "bus_tau_std": 1.2787, "bus_v_mean": 15.4873, "bus_v_std": 0.7669, "car_acc": 2.5823, "car_dcc": 2.9557, "car_lcAssertive": 3.6273, "car_lcCooperative": 0.1154, "car_lcLookaheadLeft": 56.3732, "car_lcPushy": 0.415, "car_lcSublane": 0.0982, "car_tau_mean": 1.9749, "car_tau_std": 9.3891, "car_v_mean": 20.965, "car_v_std": 1.7152}, "datetime": {"datetime": "2024-08-05 18:36:18", "elapsed": 830.48679, "delta": 2.573235}}
{"target": -0.07168001241812838, "params": {"bus_acc": 2.4616, "bus_dcc": 2.4089, "bus_lcAssertive": 44.3945, "bus_lcCooperative": 0.0106, "bus_lcLookaheadLeft": 96.2297, "bus_lcPushy": 0.6255, "bus_lcSublane": 0.709, "bus_tau_mean": 1.2198, "bus_tau_std": 5.3838, "bus_v_mean": 20.697, "bus_v_std": 2.093, "car_acc": 2.8487, "car_dcc": 2.3259, "car_lcAssertive": 76.2563, "car_lcCooperative": 0.6506, "car_lcLookaheadLeft": 44.9004, "car_lcPushy": 0.2637, "car_lcSublane": 0.3032, "car_tau_mean": 1.9944, "car_tau_std": 1.2068, "car_v_mean": 16.6822, "car_v_std": 2.9889}, "datetime": {"datetime": "2024-08-05 18:36:20", "elapsed": 831.90999, "delta": 1.4232}}
{"target": -0.04695979861141734, "params": {"bus_acc": 2.5552, "bus_dcc": 2.6277, "bus_lcAssertive": 4.9658, "bus_lcCooperative": 0.1545, "bus_lcLookaheadLeft": 20.9745, "bus_lcPushy": 0.3551, "bus_lcSublane": 0.0714, "bus_tau_mean": 2.6376, "bus_tau_std": 5.1403, "bus_v_mean": 17.8988, "bus_v_std": 4.3432, "car_acc": 2.7151, "car_dcc": 2.3818, "car_lcAssertive": 2.5446, "car_lcCooperative": 0.8927, "car_lcLookaheadLeft": 66.3272, "car_lcPushy": 0.8427, "car_lcSublane": 0.9764, "car_tau_mean": 0.6979, "car_tau_std": 2.3704, "car_v_mean": 9.0329, "car_v_std": 4.2362}, "datetime": {"datetime": "2024-08-05 18:36:22", "elapsed": 834.514836, "delta": 2.604846}}
{"target": -0.06916057762252052, "params": {"bus_acc": 1.5935, "bus_dcc": 3.5501, "bus_lcAssertive": 17.0386, "bus_lcCooperative": 0.2713, "bus_lcLookaheadLeft": 86.0736, "bus_lcPushy": 0.4207, "bus_lcSublane": 0.5887, "bus_tau_mean": 2.6168, "bus_tau_std": 2.5922, "bus_v_mean": 18.5822, "bus_v_std": 2.2151, "car_acc": 1.5192, "car_dcc": 3.7431, "car_lcAssertive": 35.6551, "car_lcCooperative": 0.5294, "car_lcLookaheadLeft": 94.1685, "car_lcPushy": 0.81, "car_lcSublane": 0.7991, "car_tau_mean": 1.9539, "car_tau_std": 3.4844, "car_v_mean": 23.3783, "car_v_std": 6.9588}, "datetime": {"datetime": "2024-08-05 18:36:24", "elapsed": 836.677215, "delta": 2.162379}}
{"target": -0.038795328165207574, "params": {"bus_acc": 2.6959, "bus_dcc": 2.7683, "bus_lcAssertive": 5.1059, "bus_lcCooperative": 0.2951, "bus_lcLookaheadLeft": 21.1151, "bus_lcPushy": 0.496, "bus_lcSublane": 0.2121, "bus_tau_mean": 2.7782, "bus_tau_std": 5.2804, "bus_v_mean": 18.0397, "bus_v_std": 4.4834, "car_acc": 2.8552, "car_dcc": 2.5225, "car_lcAssertive": 2.6853, "car_lcCooperative": 1.0, "car_lcLookaheadLeft": 66.4681, "car_lcPushy": 0.9833, "car_lcSublane": 1.0, "car_tau_mean": 0.8385, "car_tau_std": 2.5105, "car_v_mean": 9.1733, "car_v_std": 4.3764}, "datetime": {"datetime": "2024-08-05 18:36:27", "elapsed": 839.201234, "delta": 2.524019}}
{"target": -0.06451197924252651, "params": {"bus_acc": 1.5429, "bus_dcc": 1.4724, "bus_lcAssertive": 15.7124, "bus_lcCooperative": 0.0862, "bus_lcLookaheadLeft": 44.2218, "bus_lcPushy": 0.5647, "bus_lcSublane": 0.1836, "bus_tau_mean": 2.7016, "bus_tau_std": 1.4024, "bus_v_mean": 18.8724, "bus_v_std": 7.4928, "car_acc": 1.701, "car_dcc": 2.3898, "car_lcAssertive": 5.6552, "car_lcCooperative": 0.9086, "car_lcLookaheadLeft": 44.2155, "car_lcPushy": 0.7948, "car_lcSublane": 0.071, "car_tau_mean": 3.0288, "car_tau_std": 1.5487, "car_v_mean": 16.6407, "car_v_std": 4.3098}, "datetime": {"datetime": "2024-08-05 18:36:30", "elapsed": 842.610412, "delta": 3.409178}}
{"target": -0.04213963021585853, "params": {"bus_acc": 2.6966, "bus_dcc": 2.7696, "bus_lcAssertive": 5.1072, "bus_lcCooperative": 0.2959, "bus_lcLookaheadLeft": 21.1159, "bus_lcPushy": 0.4967, "bus_lcSublane": 0.2139, "bus_tau_mean": 2.779, "bus_tau_std": 5.2817, "bus_v_mean": 18.0404, "bus_v_std": 4.4846, "car_acc": 2.8565, "car_dcc": 2.5232, "car_lcAssertive": 2.686, "car_lcCooperative": 1.0, "car_lcLookaheadLeft": 66.4683, "car_lcPushy": 0.9841, "car_lcSublane": 1.0, "car_tau_mean": 0.8393, "car_tau_std": 2.5118, "car_v_mean": 9.1746, "car_v_std": 4.3776}, "datetime": {"datetime": "2024-08-05 18:36:32", "elapsed": 844.02485, "delta": 1.414438}}
{"target": -0.06461207666040177, "params": {"bus_acc": 2.9198, "bus_dcc": 1.2675, "bus_lcAssertive": 18.7976, "bus_lcCooperative": 0.066, "bus_lcLookaheadLeft": 43.2708, "bus_lcPushy": 0.2722, "bus_lcSublane": 0.0889, "bus_tau_mean": 0.9712, "bus_tau_std": 7.3709, "bus_v_mean": 10.0367, "bus_v_std": 0.1212, "car_acc": 2.2884, "car_dcc": 3.2112, "car_lcAssertive": 20.3623, "car_lcCooperative": 0.5948, "car_lcLookaheadLeft": 57.4578, "car_lcPushy": 0.6644, "car_lcSublane": 0.6124, "car_tau_mean": 2.1651, "car_tau_std": 8.0603, "car_v_mean": 18.9734, "car_v_std": 0.9263}, "datetime": {"datetime": "2024-08-05 18:36:34", "elapsed": 846.020645, "delta": 1.995795}}
{"target": -0.04356165786782948, "params": {"bus_acc": 2.695, "bus_dcc": 2.7674, "bus_lcAssertive": 5.1055, "bus_lcCooperative": 0.2937, "bus_lcLookaheadLeft": 21.1142, "bus_lcPushy": 0.495, "bus_lcSublane": 0.2117, "bus_tau_mean": 2.7778, "bus_tau_std": 5.28, "bus_v_mean": 18.0388, "bus_v_std": 4.4829, "car_acc": 2.8553, "car_dcc": 2.5221, "car_lcAssertive": 2.6848, "car_lcCooperative": 1.0, "car_lcLookaheadLeft": 66.4676, "car_lcPushy": 0.9824, "car_lcSublane": 1.0, "car_tau_mean": 0.8376, "car_tau_std": 2.5106, "car_v_mean": 9.1729, "car_v_std": 4.376}, "datetime": {"datetime": "2024-08-05 18:36:36", "elapsed": 848.504855, "delta": 2.48421}}
{"target": -0.053674696281230005, "params": {"bus_acc": 1.828, "bus_dcc": 2.7249, "bus_lcAssertive": 77.0246, "bus_lcCooperative": 0.4782, "bus_lcLookaheadLeft": 60.6577, "bus_lcPushy": 0.8903, "bus_lcSublane": 0.2674, "bus_tau_mean": 2.606, "bus_tau_std": 7.2878, "bus_v_mean": 8.1946, "bus_v_std": 7.8293, "car_acc": 2.7624, "car_dcc": 2.9439, "car_lcAssertive": 48.9417, "car_lcCooperative": 0.9465, "car_lcLookaheadLeft": 84.6777, "car_lcPushy": 0.002, "car_lcSublane": 0.4978, "car_tau_mean": 3.6286, "car_tau_std": 5.9175, "car_v_mean": 14.6821, "car_v_std": 9.92}, "datetime": {"datetime": "2024-08-05 18:36:39", "elapsed": 851.097973, "delta": 2.593118}}
{"target": -0.045356173652505424, "params": {"bus_acc": 2.6946, "bus_dcc": 2.7671, "bus_lcAssertive": 5.1052, "bus_lcCooperative": 0.2933, "bus_lcLookaheadLeft": 21.1139, "bus_lcPushy": 0.4942, "bus_lcSublane": 0.2114, "bus_tau_mean": 2.777, "bus_tau_std": 5.2797, "bus_v_mean": 18.0384, "bus_v_std": 4.4826, "car_acc": 2.8545, "car_dcc": 2.5212, "car_lcAssertive": 2.684, "car_lcCooperative": 1.0, "car_lcLookaheadLeft": 66.4668, "car_lcPushy": 0.9816, "car_lcSublane": 1.0, "car_tau_mean": 0.8367, "car_tau_std": 2.5098, "car_v_mean": 9.1726, "car_v_std": 4.3756}, "datetime": {"datetime": "2024-08-05 18:36:40", "elapsed": 852.62457, "delta": 1.526597}}
{"target": -0.04462984551155273, "params": {"bus_acc": 2.538, "bus_dcc": 2.6105, "bus_lcAssertive": 4.9486, "bus_lcCooperative": 0.1373, "bus_lcLookaheadLeft": 20.9573, "bus_lcPushy": 0.3381, "bus_lcSublane": 0.0548, "bus_tau_mean": 2.6204, "bus_tau_std": 5.1231, "bus_v_mean": 17.8818, "bus_v_std": 4.326, "car_acc": 2.6979, "car_dcc": 2.3646, "car_lcAssertive": 2.5274, "car_lcCooperative": 0.8755, "car_lcLookaheadLeft": 66.3102, "car_lcPushy": 0.8255, "car_lcSublane": 0.9537, "car_tau_mean": 0.6807, "car_tau_std": 2.3532, "car_v_mean": 9.016, "car_v_std": 4.219}, "datetime": {"datetime": "2024-08-05 18:36:42", "elapsed": 854.238394, "delta": 1.613824}}
{"target": -0.052636138267802744, "params": {"bus_acc": 1.7592, "bus_dcc": 1.6619, "bus_lcAssertive": 79.1279, "bus_lcCooperative": 0.6109, "bus_lcLookaheadLeft": 31.6189, "bus_lcPushy": 0.6336, "bus_lcSublane": 0.1357, "bus_tau_mean": 2.704, "bus_tau_std": 2.9056, "bus_v_mean": 23.0773, "bus_v_std": 8.8643, "car_acc": 1.219, "car_dcc": 1.5641, "car_lcAssertive": 32.9113, "car_lcCooperative": 0.0331, "car_lcLookaheadLeft": 16.9275, "car_lcPushy": 0.5473, "car_lcSublane": 0.3883, "car_tau_mean": 2.9988, "car_tau_std": 4.8625, "car_v_mean": 13.5169, "car_v_std": 5.7572}, "datetime": {"datetime": "2024-08-05 18:36:45", "elapsed": 856.742633, "delta": 2.504239}}
{"target": -0.04687592116874186, "params": {"bus_acc": 2.6954, "bus_dcc": 2.7679, "bus_lcAssertive": 5.106, "bus_lcCooperative": 0.2941, "bus_lcLookaheadLeft": 21.1146, "bus_lcPushy": 0.4955, "bus_lcSublane": 0.2116, "bus_tau_mean": 2.7777, "bus_tau_std": 5.2804, "bus_v_mean": 18.0392, "bus_v_std": 4.4834, "car_acc": 2.8552, "car_dcc": 2.522, "car_lcAssertive": 2.6848, "car_lcCooperative": 1.0, "car_lcLookaheadLeft": 66.4676, "car_lcPushy": 0.9823, "car_lcSublane": 1.0, "car_tau_mean": 0.8375, "car_tau_std": 2.5106, "car_v_mean": 9.1733, "car_v_std": 4.3764}, "datetime": {"datetime": "2024-08-05 18:36:47", "elapsed": 859.040727, "delta": 2.298094}}
{"target": -0.0414076706409127, "params": {"bus_acc": 2.5381, "bus_dcc": 2.6105, "bus_lcAssertive": 4.9486, "bus_lcCooperative": 0.1373, "bus_lcLookaheadLeft": 20.9573, "bus_lcPushy": 0.3381, "bus_lcSublane": 0.0548, "bus_tau_mean": 2.6204, "bus_tau_std": 5.1231, "bus_v_mean": 17.8818, "bus_v_std": 4.326, "car_acc": 2.6979, "car_dcc": 2.3647, "car_lcAssertive": 2.5274, "car_lcCooperative": 0.8755, "car_lcLookaheadLeft": 66.3102, "car_lcPushy": 0.8255, "car_lcSublane": 0.9537, "car_tau_mean": 0.6807, "car_tau_std": 2.3532, "car_v_mean": 9.016, "car_v_std": 4.2191}, "datetime": {"datetime": "2024-08-05 18:36:48", "elapsed": 860.590098, "delta": 1.549371}}
