{"target": 58.362749327152265, "params": {"bus_acc": 1.91, "bus_dcc": 1.9, "bus_lcCooperative": 0.8, "bus_lcPushy": 0.44, "bus_lcSublane": 0.91, "bus_max_v": 11.11, "bus_tau_mean": 2.93, "bus_tau_std": 1.74, "car_acc": 1.17, "car_dcc": 2.23, "car_lcCooperative": 0.42, "car_lcPushy": 0.68, "car_lcSublane": 0.39, "car_max_v": 8.98, "car_tau_mean": 1.89, "car_tau_std": 8.18}, "datetime": {"datetime": "2024-07-31 20:23:46", "elapsed": 29097.714195, "delta": 72.966987}}
{"target": 57.63854727486544, "params": {"bus_acc": 1.65, "bus_dcc": 3.18, "bus_lcCooperative": 0.66, "bus_lcPushy": 0.5, "bus_lcSublane": 0.33, "bus_max_v": 9.8, "bus_tau_mean": 1.02, "bus_tau_std": 0.9, "car_acc": 1.55, "car_dcc": 1.9, "car_lcCooperative": 0.76, "car_lcPushy": 0.24, "car_lcSublane": 0.74, "car_max_v": 11.3, "car_tau_mean": 2.49, "car_tau_std": 14.54}, "datetime": {"datetime": "2024-07-31 20:28:08", "elapsed": 29359.912231, "delta": 262.198036}}
{"target": 58.11413007258802, "params": {"bus_acc": 1.36, "bus_dcc": 1.25, "bus_lcCooperative": 0.28, "bus_lcPushy": 0.17, "bus_lcSublane": 0.42, "bus_max_v": 8.91, "bus_tau_mean": 2.7, "bus_tau_std": 0.99, "car_acc": 1.88, "car_dcc": 3.07, "car_lcCooperative": 0.55, "car_lcPushy": 0.39, "car_lcSublane": 0.21, "car_max_v": 8.64, "car_tau_mean": 1.26, "car_tau_std": 6.93}, "datetime": {"datetime": "2024-07-31 20:30:42", "elapsed": 29514.320826, "delta": 154.408595}}
{"target": 58.02965233942488, "params": {"bus_acc": 1.9, "bus_dcc": 2.55, "bus_lcCooperative": 0.16, "bus_lcPushy": 0.9, "bus_lcSublane": 0.48, "bus_max_v": 12.33, "bus_tau_mean": 1.1, "bus_tau_std": 13.45, "car_acc": 1.59, "car_dcc": 1.27, "car_lcCooperative": 0.42, "car_lcPushy": 0.17, "car_lcSublane": 0.16, "car_max_v": 10.97, "car_tau_mean": 2.8, "car_tau_std": 8.94}, "datetime": {"datetime": "2024-07-31 20:31:10", "elapsed": 29542.493157, "delta": 28.172331}}
{"target": 58.56763259577884, "params": {"bus_acc": 1.27, "bus_dcc": 1.47, "bus_lcCooperative": 0.85, "bus_lcPushy": 0.85, "bus_lcSublane": 0.49, "bus_max_v": 10.83, "bus_tau_mean": 1.72, "bus_tau_std": 1.99, "car_acc": 1.2, "car_dcc": 2.21, "car_lcCooperative": 0.55, "car_lcPushy": 0.72, "car_lcSublane": 0.49, "car_max_v": 8.95, "car_tau_mean": 2.44, "car_tau_std": 7.15}, "datetime": {"datetime": "2024-07-31 20:31:33", "elapsed": 29564.64252, "delta": 22.149363}}
{"target": 58.366313038949805, "params": {"bus_acc": 1.61, "bus_dcc": 3.24, "bus_lcCooperative": 0.18, "bus_lcPushy": 0.1, "bus_lcSublane": 0.27, "bus_max_v": 14.79, "bus_tau_mean": 2.51, "bus_tau_std": 1.96, "car_acc": 2.66, "car_dcc": 1.37, "car_lcCooperative": 0.01, "car_lcPushy": 0.63, "car_lcSublane": 0.98, "car_max_v": 8.72, "car_tau_mean": 1.74, "car_tau_std": 10.62}, "datetime": {"datetime": "2024-07-31 20:32:27", "elapsed": 29618.765739, "delta": 54.123219}}
{"target": 56.07022595409963, "params": {"bus_acc": 1.38, "bus_dcc": 1.49, "bus_lcCooperative": 0.91, "bus_lcPushy": 0.23, "bus_lcSublane": 0.09, "bus_max_v": 8.83, "bus_tau_mean": 2.53, "bus_tau_std": 5.36, "car_acc": 2.68, "car_dcc": 3.13, "car_lcCooperative": 0.41, "car_lcPushy": 0.51, "car_lcSublane": 0.96, "car_max_v": 11.92, "car_tau_mean": 1.28, "car_tau_std": 0.06}, "datetime": {"datetime": "2024-07-31 20:38:18", "elapsed": 29969.961441, "delta": 351.195702}}
{"target": 56.67030308257765, "params": {"bus_acc": 1.63, "bus_dcc": 2.67, "bus_lcCooperative": 0.81, "bus_lcPushy": 0.72, "bus_lcSublane": 0.61, "bus_max_v": 9.97, "bus_tau_mean": 1.92, "bus_tau_std": 4.89, "car_acc": 2.34, "car_dcc": 2.09, "car_lcCooperative": 0.95, "car_lcPushy": 0.44, "car_lcSublane": 0.39, "car_max_v": 14.38, "car_tau_mean": 1.4, "car_tau_std": 4.49}, "datetime": {"datetime": "2024-07-31 20:38:28", "elapsed": 29979.880238, "delta": 9.918797}}
{"target": 58.041606857744, "params": {"bus_acc": 1.47, "bus_dcc": 1.9, "bus_lcCooperative": 0.39, "bus_lcPushy": 0.71, "bus_lcSublane": 0.67, "bus_max_v": 14.42, "bus_tau_mean": 2.69, "bus_tau_std": 11.14, "car_acc": 2.15, "car_dcc": 2.55, "car_lcCooperative": 0.03, "car_lcPushy": 0.31, "car_lcSublane": 0.95, "car_max_v": 8.63, "car_tau_mean": 2.39, "car_tau_std": 14.53}, "datetime": {"datetime": "2024-07-31 20:41:17", "elapsed": 30149.234137, "delta": 169.353899}}
{"target": 58.429944535885724, "params": {"bus_acc": 1.47, "bus_dcc": 1.64, "bus_lcCooperative": 0.84, "bus_lcPushy": 0.45, "bus_lcSublane": 0.11, "bus_max_v": 10.79, "bus_tau_mean": 2.57, "bus_tau_std": 2.14, "car_acc": 1.17, "car_dcc": 2.53, "car_lcCooperative": 0.3, "car_lcPushy": 0.65, "car_lcSublane": 0.46, "car_max_v": 9.25, "car_tau_mean": 2.86, "car_tau_std": 7.07}, "datetime": {"datetime": "2024-07-31 20:41:20", "elapsed": 30152.499686, "delta": 3.265549}}
{"target": 58.35854676023189, "params": {"bus_acc": 1.26, "bus_dcc": 2.67, "bus_lcCooperative": 0.13, "bus_lcPushy": 0.26, "bus_lcSublane": 0.86, "bus_max_v": 8.95, "bus_tau_mean": 1.22, "bus_tau_std": 1.05, "car_acc": 1.05, "car_dcc": 2.65, "car_lcCooperative": 0.69, "car_lcPushy": 0.53, "car_lcSublane": 0.25, "car_max_v": 9.26, "car_tau_mean": 2.81, "car_tau_std": 7.81}, "datetime": {"datetime": "2024-07-31 20:41:33", "elapsed": 30164.57226, "delta": 12.072574}}
{"target": 57.65297927469184, "params": {"bus_acc": 1.4, "bus_dcc": 2.54, "bus_lcCooperative": 0.7, "bus_lcPushy": 0.6, "bus_lcSublane": 0.44, "bus_max_v": 9.88, "bus_tau_mean": 2.81, "bus_tau_std": 14.42, "car_acc": 2.88, "car_dcc": 2.76, "car_lcCooperative": 0.53, "car_lcPushy": 0.96, "car_lcSublane": 0.94, "car_max_v": 9.53, "car_tau_mean": 1.95, "car_tau_std": 3.58}, "datetime": {"datetime": "2024-07-31 20:46:51", "elapsed": 30482.834203, "delta": 318.261943}}
{"target": 58.34890298640811, "params": {"bus_acc": 1.43, "bus_dcc": 2.65, "bus_lcCooperative": 0.58, "bus_lcPushy": 0.4, "bus_lcSublane": 0.15, "bus_max_v": 14.46, "bus_tau_mean": 2.6, "bus_tau_std": 1.75, "car_acc": 2.45, "car_dcc": 2.97, "car_lcCooperative": 0.02, "car_lcPushy": 0.87, "car_lcSublane": 0.05, "car_max_v": 8.67, "car_tau_mean": 1.11, "car_tau_std": 9.22}, "datetime": {"datetime": "2024-07-31 20:47:24", "elapsed": 30516.484759, "delta": 33.650556}}
{"target": 56.97964055177644, "params": {"bus_acc": 1.52, "bus_dcc": 2.31, "bus_lcCooperative": 0.94, "bus_lcPushy": 0.56, "bus_lcSublane": 0.74, "bus_max_v": 14.4, "bus_tau_mean": 1.31, "bus_tau_std": 1.16, "car_acc": 2.69, "car_dcc": 1.4, "car_lcCooperative": 0.51, "car_lcPushy": 0.32, "car_lcSublane": 0.23, "car_max_v": 10.46, "car_tau_mean": 1.47, "car_tau_std": 12.44}, "datetime": {"datetime": "2024-07-31 20:49:04", "elapsed": 30615.554594, "delta": 99.069835}}
{"target": 58.281245490804146, "params": {"bus_acc": 1.71, "bus_dcc": 2.26, "bus_lcCooperative": 0.77, "bus_lcPushy": 0.15, "bus_lcSublane": 0.11, "bus_max_v": 14.52, "bus_tau_mean": 1.71, "bus_tau_std": 1.5, "car_acc": 2.51, "car_dcc": 2.04, "car_lcCooperative": 0.01, "car_lcPushy": 0.91, "car_lcSublane": 0.48, "car_max_v": 8.32, "car_tau_mean": 2.11, "car_tau_std": 9.51}, "datetime": {"datetime": "2024-07-31 20:49:58", "elapsed": 30669.609889, "delta": 54.055295}}
{"target": 57.513854552794044, "params": {"bus_acc": 1.48, "bus_dcc": 3.44, "bus_lcCooperative": 0.09, "bus_lcPushy": 0.88, "bus_lcSublane": 0.85, "bus_max_v": 9.84, "bus_tau_mean": 1.31, "bus_tau_std": 5.48, "car_acc": 1.78, "car_dcc": 3.82, "car_lcCooperative": 0.39, "car_lcPushy": 0.55, "car_lcSublane": 0.52, "car_max_v": 9.72, "car_tau_mean": 2.05, "car_tau_std": 10.88}, "datetime": {"datetime": "2024-07-31 20:50:44", "elapsed": 30716.533369, "delta": 46.92348}}
{"target": 56.7654810772385, "params": {"bus_acc": 1.6, "bus_dcc": 2.4, "bus_lcCooperative": 0.45, "bus_lcPushy": 0.09, "bus_lcSublane": 0.79, "bus_max_v": 14.48, "bus_tau_mean": 2.16, "bus_tau_std": 1.56, "car_acc": 2.54, "car_dcc": 4.62, "car_lcCooperative": 0.87, "car_lcPushy": 0.62, "car_lcSublane": 0.93, "car_max_v": 11.84, "car_tau_mean": 2.61, "car_tau_std": 1.44}, "datetime": {"datetime": "2024-07-31 20:54:46", "elapsed": 30957.747787, "delta": 241.214418}}
{"target": 57.991905614409475, "params": {"bus_acc": 1.27, "bus_dcc": 3.24, "bus_lcCooperative": 0.74, "bus_lcPushy": 0.05, "bus_lcSublane": 0.51, "bus_max_v": 14.32, "bus_tau_mean": 1.66, "bus_tau_std": 1.54, "car_acc": 2.53, "car_dcc": 1.19, "car_lcCooperative": 0.16, "car_lcPushy": 0.81, "car_lcSublane": 0.66, "car_max_v": 8.88, "car_tau_mean": 2.82, "car_tau_std": 9.75}, "datetime": {"datetime": "2024-07-31 20:55:35", "elapsed": 31006.667137, "delta": 48.91935}}
{"target": 56.6817421582393, "params": {"bus_acc": 1.68, "bus_dcc": 2.71, "bus_lcCooperative": 0.41, "bus_lcPushy": 0.51, "bus_lcSublane": 0.45, "bus_max_v": 9.68, "bus_tau_mean": 1.36, "bus_tau_std": 6.47, "car_acc": 1.31, "car_dcc": 4.88, "car_lcCooperative": 0.98, "car_lcPushy": 0.51, "car_lcSublane": 0.85, "car_max_v": 12.84, "car_tau_mean": 2.11, "car_tau_std": 14.21}, "datetime": {"datetime": "2024-07-31 20:57:24", "elapsed": 31115.67948, "delta": 109.012343}}
{"target": 58.508199270743155, "params": {"bus_acc": 1.76, "bus_dcc": 2.86, "bus_lcCooperative": 0.67, "bus_lcPushy": 0.02, "bus_lcSublane": 0.38, "bus_max_v": 14.89, "bus_tau_mean": 2.59, "bus_tau_std": 1.39, "car_acc": 2.93, "car_dcc": 1.83, "car_lcCooperative": 0.17, "car_lcPushy": 0.79, "car_lcSublane": 0.89, "car_max_v": 8.07, "car_tau_mean": 1.94, "car_tau_std": 9.55}, "datetime": {"datetime": "2024-07-31 20:58:46", "elapsed": 31198.538884, "delta": 82.859404}}
{"target": 58.5156600571206, "params": {"bus_acc": 1.75, "bus_dcc": 3.1, "bus_lcCooperative": 0.42, "bus_lcPushy": 0.43, "bus_lcSublane": 0.94, "bus_max_v": 12.64, "bus_tau_mean": 2.96, "bus_tau_std": 3.94, "car_acc": 1.26, "car_dcc": 2.41, "car_lcCooperative": 0.48, "car_lcPushy": 0.36, "car_lcSublane": 0.07, "car_max_v": 8.97, "car_tau_mean": 2.7, "car_tau_std": 12.96}, "datetime": {"datetime": "2024-07-31 21:00:17", "elapsed": 31288.619831, "delta": 90.080947}}
{"target": 57.254695004038794, "params": {"bus_acc": 1.86, "bus_dcc": 3.64, "bus_lcCooperative": 0.64, "bus_lcPushy": 0.63, "bus_lcSublane": 0.48, "bus_max_v": 12.88, "bus_tau_mean": 1.79, "bus_tau_std": 5.6, "car_acc": 1.57, "car_dcc": 2.67, "car_lcCooperative": 0.49, "car_lcPushy": 0.21, "car_lcSublane": 0.38, "car_max_v": 10.33, "car_tau_mean": 2.75, "car_tau_std": 14.0}, "datetime": {"datetime": "2024-07-31 21:03:30", "elapsed": 31481.63095, "delta": 193.011119}}
{"target": 58.453331352781625, "params": {"bus_acc": 1.38, "bus_dcc": 2.01, "bus_lcCooperative": 0.29, "bus_lcPushy": 0.76, "bus_lcSublane": 0.41, "bus_max_v": 9.97, "bus_tau_mean": 1.75, "bus_tau_std": 1.22, "car_acc": 1.44, "car_dcc": 2.39, "car_lcCooperative": 0.33, "car_lcPushy": 0.39, "car_lcSublane": 0.21, "car_max_v": 8.11, "car_tau_mean": 2.3, "car_tau_std": 8.35}, "datetime": {"datetime": "2024-07-31 21:05:24", "elapsed": 31595.609565, "delta": 113.978615}}
{"target": 58.56402066632009, "params": {"bus_acc": 1.28, "bus_dcc": 2.7, "bus_lcCooperative": 0.39, "bus_lcPushy": 0.47, "bus_lcSublane": 0.4, "bus_max_v": 11.26, "bus_tau_mean": 1.79, "bus_tau_std": 1.34, "car_acc": 1.65, "car_dcc": 1.81, "car_lcCooperative": 0.5, "car_lcPushy": 0.45, "car_lcSublane": 0.17, "car_max_v": 8.12, "car_tau_mean": 2.25, "car_tau_std": 8.83}, "datetime": {"datetime": "2024-07-31 21:06:30", "elapsed": 31661.720502, "delta": 66.110937}}
{"target": 56.245250883539825, "params": {"bus_acc": 1.99, "bus_dcc": 2.52, "bus_lcCooperative": 0.14, "bus_lcPushy": 0.25, "bus_lcSublane": 0.81, "bus_max_v": 13.83, "bus_tau_mean": 1.67, "bus_tau_std": 0.57, "car_acc": 1.35, "car_dcc": 4.81, "car_lcCooperative": 0.9, "car_lcPushy": 0.37, "car_lcSublane": 0.97, "car_max_v": 14.14, "car_tau_mean": 2.36, "car_tau_std": 0.36}, "datetime": {"datetime": "2024-07-31 21:07:31", "elapsed": 31723.24861, "delta": 61.528108}}
{"target": 58.72646707341619, "params": {"bus_acc": 1.14, "bus_dcc": 3.73, "bus_lcCooperative": 0.72, "bus_lcPushy": 0.43, "bus_lcSublane": 0.27, "bus_max_v": 13.92, "bus_tau_mean": 2.79, "bus_tau_std": 2.4, "car_acc": 2.21, "car_dcc": 1.09, "car_lcCooperative": 0.19, "car_lcPushy": 0.48, "car_lcSublane": 0.27, "car_max_v": 8.39, "car_tau_mean": 2.93, "car_tau_std": 10.34}, "datetime": {"datetime": "2024-07-31 21:08:58", "elapsed": 31810.068347, "delta": 86.819737}}
{"target": 55.786473072934974, "params": {"bus_acc": 1.73, "bus_dcc": 3.74, "bus_lcCooperative": 0.6, "bus_lcPushy": 0.86, "bus_lcSublane": 0.7, "bus_max_v": 10.21, "bus_tau_mean": 1.71, "bus_tau_std": 5.11, "car_acc": 2.82, "car_dcc": 4.85, "car_lcCooperative": 0.27, "car_lcPushy": 0.95, "car_lcSublane": 0.28, "car_max_v": 13.06, "car_tau_mean": 1.02, "car_tau_std": 0.16}, "datetime": {"datetime": "2024-07-31 21:13:49", "elapsed": 32101.275091, "delta": 291.206744}}
{"target": 58.25728048743295, "params": {"bus_acc": 1.54, "bus_dcc": 2.07, "bus_lcCooperative": 0.06, "bus_lcPushy": 0.37, "bus_lcSublane": 0.17, "bus_max_v": 8.43, "bus_tau_mean": 2.31, "bus_tau_std": 0.87, "car_acc": 1.59, "car_dcc": 2.69, "car_lcCooperative": 0.45, "car_lcPushy": 0.23, "car_lcSublane": 0.99, "car_max_v": 8.18, "car_tau_mean": 2.93, "car_tau_std": 8.85}, "datetime": {"datetime": "2024-07-31 21:14:31", "elapsed": 32142.948929, "delta": 41.673838}}
{"target": 58.1691733401145, "params": {"bus_acc": 1.71, "bus_dcc": 2.78, "bus_lcCooperative": 0.28, "bus_lcPushy": 0.12, "bus_lcSublane": 0.82, "bus_max_v": 8.75, "bus_tau_mean": 1.38, "bus_tau_std": 1.57, "car_acc": 2.52, "car_dcc": 1.09, "car_lcCooperative": 0.87, "car_lcPushy": 0.14, "car_lcSublane": 0.03, "car_max_v": 8.44, "car_tau_mean": 2.63, "car_tau_std": 8.19}, "datetime": {"datetime": "2024-07-31 21:14:49", "elapsed": 32161.201707, "delta": 18.252778}}
{"target": 56.740410951409515, "params": {"bus_acc": 1.48, "bus_dcc": 2.42, "bus_lcCooperative": 0.44, "bus_lcPushy": 0.25, "bus_lcSublane": 0.87, "bus_max_v": 8.45, "bus_tau_mean": 1.21, "bus_tau_std": 4.16, "car_acc": 2.4, "car_dcc": 3.15, "car_lcCooperative": 0.81, "car_lcPushy": 0.32, "car_lcSublane": 0.88, "car_max_v": 13.56, "car_tau_mean": 2.85, "car_tau_std": 12.42}, "datetime": {"datetime": "2024-07-31 21:15:32", "elapsed": 32204.123945, "delta": 42.922238}}
{"target": 56.95813131032449, "params": {"bus_acc": 1.2, "bus_dcc": 3.03, "bus_lcCooperative": 0.24, "bus_lcPushy": 0.75, "bus_lcSublane": 0.95, "bus_max_v": 11.56, "bus_tau_mean": 1.56, "bus_tau_std": 9.4, "car_acc": 2.02, "car_dcc": 4.5, "car_lcCooperative": 0.22, "car_lcPushy": 0.01, "car_lcSublane": 0.36, "car_max_v": 11.03, "car_tau_mean": 2.06, "car_tau_std": 6.69}, "datetime": {"datetime": "2024-07-31 21:17:41", "elapsed": 32333.016341, "delta": 128.892396}}
{"target": 57.020321872874604, "params": {"bus_acc": 1.24, "bus_dcc": 3.68, "bus_lcCooperative": 0.36, "bus_lcPushy": 0.58, "bus_lcSublane": 0.74, "bus_max_v": 10.49, "bus_tau_mean": 2.63, "bus_tau_std": 0.92, "car_acc": 2.47, "car_dcc": 1.36, "car_lcCooperative": 0.36, "car_lcPushy": 0.15, "car_lcSublane": 0.55, "car_max_v": 10.65, "car_tau_mean": 2.55, "car_tau_std": 12.85}, "datetime": {"datetime": "2024-07-31 21:22:41", "elapsed": 32633.482534, "delta": 300.466193}}
{"target": 56.80601107593676, "params": {"bus_acc": 1.69, "bus_dcc": 3.88, "bus_lcCooperative": 0.13, "bus_lcPushy": 0.75, "bus_lcSublane": 0.72, "bus_max_v": 8.5, "bus_tau_mean": 2.28, "bus_tau_std": 3.38, "car_acc": 1.82, "car_dcc": 2.71, "car_lcCooperative": 0.26, "car_lcPushy": 0.1, "car_lcSublane": 0.76, "car_max_v": 12.87, "car_tau_mean": 2.97, "car_tau_std": 3.46}, "datetime": {"datetime": "2024-07-31 21:22:57", "elapsed": 32649.469638, "delta": 15.987104}}
{"target": 56.539338306990686, "params": {"bus_acc": 1.01, "bus_dcc": 2.08, "bus_lcCooperative": 0.47, "bus_lcPushy": 0.19, "bus_lcSublane": 0.13, "bus_max_v": 15.0, "bus_tau_mean": 1.83, "bus_tau_std": 13.24, "car_acc": 2.7, "car_dcc": 2.39, "car_lcCooperative": 0.46, "car_lcPushy": 0.11, "car_lcSublane": 0.15, "car_max_v": 14.32, "car_tau_mean": 1.87, "car_tau_std": 11.76}, "datetime": {"datetime": "2024-07-31 21:23:03", "elapsed": 32654.712275, "delta": 5.242637}}
{"target": 58.48353436719959, "params": {"bus_acc": 1.95, "bus_dcc": 2.79, "bus_lcCooperative": 0.99, "bus_lcPushy": 0.56, "bus_lcSublane": 0.74, "bus_max_v": 11.16, "bus_tau_mean": 1.07, "bus_tau_std": 12.26, "car_acc": 1.55, "car_dcc": 2.58, "car_lcCooperative": 0.05, "car_lcPushy": 0.98, "car_lcSublane": 0.69, "car_max_v": 10.13, "car_tau_mean": 1.12, "car_tau_std": 5.76}, "datetime": {"datetime": "2024-07-31 21:23:18", "elapsed": 32669.692305, "delta": 14.98003}}
{"target": 58.63306774530548, "params": {"bus_acc": 1.43, "bus_dcc": 2.18, "bus_lcCooperative": 0.37, "bus_lcPushy": 0.19, "bus_lcSublane": 0.31, "bus_max_v": 9.89, "bus_tau_mean": 1.87, "bus_tau_std": 0.06, "car_acc": 2.37, "car_dcc": 1.38, "car_lcCooperative": 0.82, "car_lcPushy": 0.89, "car_lcSublane": 0.55, "car_max_v": 8.03, "car_tau_mean": 2.66, "car_tau_std": 8.98}, "datetime": {"datetime": "2024-07-31 21:27:00", "elapsed": 32891.894421, "delta": 222.202116}}
{"target": 58.35065559015496, "params": {"bus_acc": 1.48, "bus_dcc": 1.91, "bus_lcCooperative": 0.81, "bus_lcPushy": 0.14, "bus_lcSublane": 0.69, "bus_max_v": 9.92, "bus_tau_mean": 1.07, "bus_tau_std": 0.27, "car_acc": 2.14, "car_dcc": 1.55, "car_lcCooperative": 0.61, "car_lcPushy": 0.9, "car_lcSublane": 0.88, "car_max_v": 8.26, "car_tau_mean": 1.14, "car_tau_std": 8.93}, "datetime": {"datetime": "2024-07-31 21:32:04", "elapsed": 33196.23675, "delta": 304.342329}}
{"target": 57.85049469442251, "params": {"bus_acc": 1.41, "bus_dcc": 3.8, "bus_lcCooperative": 0.76, "bus_lcPushy": 0.77, "bus_lcSublane": 0.52, "bus_max_v": 13.58, "bus_tau_mean": 2.18, "bus_tau_std": 8.6, "car_acc": 1.94, "car_dcc": 3.21, "car_lcCooperative": 0.65, "car_lcPushy": 0.12, "car_lcSublane": 0.54, "car_max_v": 8.92, "car_tau_mean": 2.69, "car_tau_std": 12.29}, "datetime": {"datetime": "2024-07-31 21:32:20", "elapsed": 33211.793369, "delta": 15.556619}}
{"target": 58.531301332232644, "params": {"bus_acc": 1.56, "bus_dcc": 1.73, "bus_lcCooperative": 0.86, "bus_lcPushy": 0.11, "bus_lcSublane": 0.44, "bus_max_v": 10.25, "bus_tau_mean": 2.76, "bus_tau_std": 0.06, "car_acc": 1.46, "car_dcc": 2.04, "car_lcCooperative": 0.76, "car_lcPushy": 0.38, "car_lcSublane": 0.66, "car_max_v": 8.6, "car_tau_mean": 2.35, "car_tau_std": 7.24}, "datetime": {"datetime": "2024-07-31 21:32:43", "elapsed": 33234.810858, "delta": 23.017489}}
{"target": 57.07071969395605, "params": {"bus_acc": 1.14, "bus_dcc": 3.89, "bus_lcCooperative": 0.08, "bus_lcPushy": 0.38, "bus_lcSublane": 0.17, "bus_max_v": 10.11, "bus_tau_mean": 1.77, "bus_tau_std": 11.68, "car_acc": 2.68, "car_dcc": 1.71, "car_lcCooperative": 0.27, "car_lcPushy": 0.07, "car_lcSublane": 0.74, "car_max_v": 8.56, "car_tau_mean": 1.31, "car_tau_std": 0.29}, "datetime": {"datetime": "2024-07-31 21:33:14", "elapsed": 33266.34028, "delta": 31.529422}}
{"target": 57.9876071085462, "params": {"bus_acc": 1.6, "bus_dcc": 1.6, "bus_lcCooperative": 0.65, "bus_lcPushy": 0.6, "bus_lcSublane": 0.51, "bus_max_v": 12.85, "bus_tau_mean": 2.33, "bus_tau_std": 6.06, "car_acc": 1.12, "car_dcc": 4.15, "car_lcCooperative": 0.38, "car_lcPushy": 0.74, "car_lcSublane": 0.04, "car_max_v": 10.3, "car_tau_mean": 1.6, "car_tau_std": 2.37}, "datetime": {"datetime": "2024-07-31 21:36:16", "elapsed": 33447.640925, "delta": 181.300645}}
{"target": 58.586837397514444, "params": {"bus_acc": 1.95, "bus_dcc": 2.32, "bus_lcCooperative": 0.77, "bus_lcPushy": 0.19, "bus_lcSublane": 0.45, "bus_max_v": 9.55, "bus_tau_mean": 1.95, "bus_tau_std": 0.17, "car_acc": 2.46, "car_dcc": 1.19, "car_lcCooperative": 0.07, "car_lcPushy": 0.95, "car_lcSublane": 0.49, "car_max_v": 8.1, "car_tau_mean": 2.95, "car_tau_std": 9.13}, "datetime": {"datetime": "2024-07-31 21:40:55", "elapsed": 33727.440018, "delta": 279.799093}}
{"target": 57.845035874728836, "params": {"bus_acc": 1.12, "bus_dcc": 3.13, "bus_lcCooperative": 0.3, "bus_lcPushy": 0.15, "bus_lcSublane": 0.23, "bus_max_v": 14.1, "bus_tau_mean": 2.1, "bus_tau_std": 13.64, "car_acc": 1.45, "car_dcc": 2.86, "car_lcCooperative": 0.55, "car_lcPushy": 0.76, "car_lcSublane": 0.26, "car_max_v": 9.79, "car_tau_mean": 1.2, "car_tau_std": 13.51}, "datetime": {"datetime": "2024-07-31 21:41:18", "elapsed": 33749.543374, "delta": 22.103356}}
{"target": 58.50550309430025, "params": {"bus_acc": 1.64, "bus_dcc": 1.65, "bus_lcCooperative": 0.38, "bus_lcPushy": 0.28, "bus_lcSublane": 0.51, "bus_max_v": 10.81, "bus_tau_mean": 2.21, "bus_tau_std": 0.69, "car_acc": 1.99, "car_dcc": 2.26, "car_lcCooperative": 0.58, "car_lcPushy": 0.88, "car_lcSublane": 0.72, "car_max_v": 8.18, "car_tau_mean": 2.82, "car_tau_std": 9.01}, "datetime": {"datetime": "2024-07-31 21:42:30", "elapsed": 33821.566467, "delta": 72.023093}}
{"target": 58.637170001462145, "params": {"bus_acc": 1.58, "bus_dcc": 1.7, "bus_lcCooperative": 0.05, "bus_lcPushy": 0.48, "bus_lcSublane": 0.76, "bus_max_v": 10.33, "bus_tau_mean": 1.82, "bus_tau_std": 1.54, "car_acc": 1.4, "car_dcc": 2.0, "car_lcCooperative": 0.24, "car_lcPushy": 0.35, "car_lcSublane": 0.28, "car_max_v": 8.52, "car_tau_mean": 2.6, "car_tau_std": 7.9}, "datetime": {"datetime": "2024-07-31 21:42:32", "elapsed": 33823.744994, "delta": 2.178527}}
{"target": 58.07868783323427, "params": {"bus_acc": 1.04, "bus_dcc": 2.25, "bus_lcCooperative": 0.22, "bus_lcPushy": 0.35, "bus_lcSublane": 0.34, "bus_max_v": 10.61, "bus_tau_mean": 1.56, "bus_tau_std": 2.13, "car_acc": 1.64, "car_dcc": 4.76, "car_lcCooperative": 0.53, "car_lcPushy": 0.57, "car_lcSublane": 0.94, "car_max_v": 8.29, "car_tau_mean": 1.13, "car_tau_std": 1.71}, "datetime": {"datetime": "2024-07-31 21:46:15", "elapsed": 34047.139357, "delta": 223.394363}}
