{"target": -0.37102543365376195, "params": {"bus_acc": 2.0048127333975465, "bus_dcc": 2.967282303710098, "bus_lcAssertive": 96.07931767378179, "bus_lcCooperative": 0.0035547604644260433, "bus_lcLookaheadLeft": 72.88938235064201, "bus_lcPushy": 0.10899503392964371, "bus_lcSigma": 0.5437874916638252, "bus_lcSpeedGainRight": 3.134580083401673, "bus_lcSublane": 0.24294712577080113, "bus_sigma": 0.9138438752466082, "bus_tau_mean": 2.6780938504206624, "bus_tau_std": 2.3169469139485988, "bus_v_mean": 20.32211500159692, "bus_v_std": 2.1101415999466955, "car_acc": 3.220901274125378, "car_dcc": 1.2848682094074744, "car_lcAssertive": 58.51742319482693, "car_lcCooperative": 0.2529801127201884, "car_lcLookaheadLeft": 65.64774717956513, "car_lcPushy": 0.71582695285818, "car_lcSigma": 0.5241856145686612, "car_lcSpeedGainRight": 3.2876070385155503, "car_lcSublane": 0.8132938453250557, "car_sigma": 0.8075122716430321, "car_tau_mean": 2.6688869721885196, "car_tau_std": 4.511024621207749, "car_v_mean": 14.52719982475788, "car_v_std": 17.494952398087268}, "datetime": {"datetime": "2024-08-08 12:52:00", "elapsed": 307.887767, "delta": 2.900404}}
{"target": -0.36946995258163723, "params": {"bus_acc": 2.089603400517529, "bus_dcc": 2.7963667537276313, "bus_lcAssertive": 87.43526623016912, "bus_lcCooperative": 0.1282309388454863, "bus_lcLookaheadLeft": 95.90249668805981, "bus_lcPushy": 0.6831708438541465, "bus_lcSigma": 0.7419642356783802, "bus_lcSpeedGainRight": 4.914403929604953, "bus_lcSublane": 0.41610077261814205, "bus_sigma": 0.5315834658959018, "bus_tau_mean": 2.8772453256850152, "bus_tau_std": 5.128751425899914, "bus_v_mean": 12.78579751457337, "bus_v_std": 2.1076934546007853, "car_acc": 2.139728582888579, "car_dcc": 3.3065585448632735, "car_lcAssertive": 64.43748774073276, "car_lcCooperative": 0.8013307032031926, "car_lcLookaheadLeft": 52.67781213310181, "car_lcPushy": 0.23210002184633505, "car_lcSigma": 0.6279619269819027, "car_lcSpeedGainRight": 1.5200274501115159, "car_lcSublane": 0.029528744942020957, "car_sigma": 0.9033311768168756, "car_tau_mean": 1.9712934908097477, "car_tau_std": 4.261307804247122, "car_v_mean": 19.860027765309745, "car_v_std": 18.96916808611587}, "datetime": {"datetime": "2024-08-08 12:52:02", "elapsed": 310.287902, "delta": 2.400135}}
{"target": -0.38025694491541995, "params": {"bus_acc": 3.8117269284574853, "bus_dcc": 1.554805067120205, "bus_lcAssertive": 57.00748251629707, "bus_lcCooperative": 0.9088080323000569, "bus_lcLookaheadLeft": 16.767619240330575, "bus_lcPushy": 0.8455176755307064, "bus_lcSigma": 0.8202024663153499, "bus_lcSpeedGainRight": 2.4967055064891723, "bus_lcSublane": 0.0375838514857032, "bus_sigma": 0.14750250539693543, "bus_tau_mean": 3.7292354314103493, "bus_tau_std": 0.44154796031862453, "bus_v_mean": 13.959980262485752, "bus_v_std": 12.380792694509417, "car_acc": 1.7877921556560668, "car_dcc": 3.9432392717208917, "car_lcAssertive": 16.44154807129882, "car_lcCooperative": 0.5396791951612744, "car_lcLookaheadLeft": 62.565109785971174, "car_lcPushy": 0.2309899486697039, "car_lcSigma": 0.4663089892093414, "car_lcSpeedGainRight": 2.4550426456646464, "car_lcSublane": 0.766862376326542, "car_sigma": 0.6342807527738734, "car_tau_mean": 2.1364251857286884, "car_tau_std": 6.669425431939752, "car_v_mean": 15.254038824355174, "car_v_std": 10.514231826828194}, "datetime": {"datetime": "2024-08-08 12:52:04", "elapsed": 312.266527, "delta": 1.978625}}
{"target": -0.27256876750717873, "params": {"bus_acc": 1.06363984637025, "bus_dcc": 1.7466944259477393, "bus_lcAssertive": 79.43897430530403, "bus_lcCooperative": 0.7191652977533548, "bus_lcLookaheadLeft": 26.10603585846461, "bus_lcPushy": 0.5548923810758453, "bus_lcSigma": 0.5855857940990207, "bus_lcSpeedGainRight": 3.606921383236148, "bus_lcSublane": 0.46367371121270107, "bus_sigma": 0.40484847152272274, "bus_tau_mean": 1.5780331478731136, "bus_tau_std": 2.383089084068227, "bus_v_mean": 9.480053730409663, "bus_v_std": 12.917667748352846, "car_acc": 3.6782817941609447, "car_dcc": 3.062030421750541, "car_lcAssertive": 1.3114263259728722, "car_lcCooperative": 0.43825303252098613, "car_lcLookaheadLeft": 14.010229761313589, "car_lcPushy": 0.5266093357063074, "car_lcSigma": 0.9797396209018743, "car_lcSpeedGainRight": 2.4963850548166904, "car_lcSublane": 0.37464997927352073, "car_sigma": 0.8138399923945955, "car_tau_mean": 3.888705033856448, "car_tau_std": 2.8712337752879535, "car_v_mean": 20.848000635944015, "car_v_std": 19.922828747265395}, "datetime": {"datetime": "2024-08-08 12:52:06", "elapsed": 314.494012, "delta": 2.227485}}
{"target": -0.35713169913105264, "params": {"bus_acc": 2.506321258983098, "bus_dcc": 3.9213506150749677, "bus_lcAssertive": 60.86689399643125, "bus_lcCooperative": 0.828845807980693, "bus_lcLookaheadLeft": 58.321727461394026, "bus_lcPushy": 0.6280761983073504, "bus_lcSigma": 0.28557628169569393, "bus_lcSpeedGainRight": 2.9341667032804146, "bus_lcSublane": 0.7500217637026599, "bus_sigma": 0.8583138364290424, "bus_tau_mean": 3.1427876596368804, "bus_tau_std": 6.98057248447303, "bus_v_mean": 21.831670880873595, "bus_v_std": 6.453619936734929, "car_acc": 3.683155163150349, "car_dcc": 2.3526218092400475, "car_lcAssertive": 38.8281724511202, "car_lcCooperative": 0.4108113499221856, "car_lcLookaheadLeft": 41.34499918001498, "car_lcPushy": 0.3173839459582769, "car_lcSigma": 0.6219193679203014, "car_lcSpeedGainRight": 2.151236354106322, "car_lcSublane": 0.9738020779272523, "car_sigma": 0.6778008914343111, "car_tau_mean": 1.194994609494888, "car_tau_std": 4.267010093480328, "car_v_mean": 13.493539836390768, "car_v_std": 15.952776079171331}, "datetime": {"datetime": "2024-08-08 12:52:08", "elapsed": 316.443126, "delta": 1.949114}}
{"target": -0.34128910153708625, "params": {"bus_acc": 2.032754656029936, "bus_dcc": 1.1117207668323545, "bus_lcAssertive": 2.589168707539145, "bus_lcCooperative": 0.15270593118117648, "bus_lcLookaheadLeft": 47.284250913778735, "bus_lcPushy": 0.7559010975378051, "bus_lcSigma": 0.7288149319451539, "bus_lcSpeedGainRight": 1.7619472124151836, "bus_lcSublane": 0.4791392787629136, "bus_sigma": 0.8140737533756652, "bus_tau_mean": 3.4344101723264266, "bus_tau_std": 3.199167004179855, "bus_v_mean": 8.068240294513714, "bus_v_std": 0.9386168645246529, "car_acc": 3.9512295104159363, "car_dcc": 1.817896843217524, "car_lcAssertive": 48.667095406478566, "car_lcCooperative": 0.1920312660311443, "car_lcLookaheadLeft": 85.01706577605505, "car_lcPushy": 0.5033776096365531, "car_lcSigma": 0.5271601757222614, "car_lcSpeedGainRight": 1.4403979404287743, "car_lcSublane": 0.5119992306639229, "car_sigma": 0.0019636453825200295, "car_tau_mean": 1.4705326412012352, "car_tau_std": 3.487629835384359, "car_v_mean": 12.543214180624576, "car_v_std": 1.7190445515483566}, "datetime": {"datetime": "2024-08-08 12:52:12", "elapsed": 319.884694, "delta": 3.441568}}
{"target": -0.34502046587904345, "params": {"bus_acc": 3.6342721662334476, "bus_dcc": 1.543586145861585, "bus_lcAssertive": 79.01690556605841, "bus_lcCooperative": 0.6028653375383973, "bus_lcLookaheadLeft": 98.07262274345813, "bus_lcPushy": 0.22238319353117575, "bus_lcSigma": 0.4662664741665735, "bus_lcSpeedGainRight": 4.478209012997233, "bus_lcSublane": 0.6014334096987881, "bus_sigma": 0.725958845848815, "bus_tau_mean": 1.947845574704761, "bus_tau_std": 6.843096218313198, "bus_v_mean": 23.13688047756101, "bus_v_std": 4.003721314786441, "car_acc": 4.229461055509281, "car_dcc": 3.9086140362996895, "car_lcAssertive": 2.4423044445698414, "car_lcCooperative": 0.21520958659442757, "car_lcLookaheadLeft": 13.502938190686715, "car_lcPushy": 0.7674235177414532, "car_lcSigma": 0.08121658594273329, "car_lcSpeedGainRight": 4.992067792954538, "car_lcSublane": 0.38961201587930516, "car_sigma": 0.9052027659330404, "car_tau_mean": 1.1600216122481375, "car_tau_std": 4.408721998222909, "car_v_mean": 21.516989104099256, "car_v_std": 11.905395613465124}, "datetime": {"datetime": "2024-08-08 12:52:13", "elapsed": 321.215626, "delta": 1.330932}}
{"target": -0.3772939522091049, "params": {"bus_acc": 2.5938327861961605, "bus_dcc": 2.1317187025915283, "bus_lcAssertive": 66.69666053543827, "bus_lcCooperative": 0.08633328681516406, "bus_lcLookaheadLeft": 55.88921220625415, "bus_lcPushy": 0.015421822343255842, "bus_lcSigma": 0.9830389835394168, "bus_lcSpeedGainRight": 2.992136111940074, "bus_lcSublane": 0.38411422799622663, "bus_sigma": 0.1467479307274827, "bus_tau_mean": 2.939074142528818, "bus_tau_std": 9.058084167065523, "bus_v_mean": 13.089740037513868, "bus_v_std": 15.329842893124594, "car_acc": 2.1499924081647506, "car_dcc": 3.87167602712318, "car_lcAssertive": 70.52925972468594, "car_lcCooperative": 0.6250155931933211, "car_lcLookaheadLeft": 93.21200384871447, "car_lcPushy": 0.26904238725191854, "car_lcSigma": 0.9236157463407607, "car_lcSpeedGainRight": 3.3904146706199123, "car_lcSublane": 0.7713625072014619, "car_sigma": 0.5716353364349513, "car_tau_mean": 3.4186663712473164, "car_tau_std": 6.982817992918626, "car_v_mean": 10.345739228430544, "car_v_std": 12.249222572561498}, "datetime": {"datetime": "2024-08-08 12:52:17", "elapsed": 325.24883, "delta": 4.033204}}
{"target": -0.3279863754027924, "params": {"bus_acc": 1.2821681789747967, "bus_dcc": 1.2203999630803701, "bus_lcAssertive": 2.459635299094746, "bus_lcCooperative": 0.971820072977926, "bus_lcLookaheadLeft": 11.287157812808454, "bus_lcPushy": 0.8417368261858497, "bus_lcSigma": 0.6851729969076996, "bus_lcSpeedGainRight": 2.4377858374145904, "bus_lcSublane": 0.3466948813585782, "bus_sigma": 0.35364778706700506, "bus_tau_mean": 1.3884360882151552, "bus_tau_std": 9.110179736986264, "bus_v_mean": 19.610280727917903, "bus_v_std": 0.5185158556853975, "car_acc": 2.8460850129884583, "car_dcc": 1.843903817610434, "car_lcAssertive": 3.8676524316119494, "car_lcCooperative": 0.8846818943092944, "car_lcLookaheadLeft": 77.55852507955886, "car_lcPushy": 0.32973507924426093, "car_lcSigma": 0.796558587536711, "car_lcSpeedGainRight": 1.6231916110149829, "car_lcSublane": 0.30788244381764673, "car_sigma": 0.9281090785007262, "car_tau_mean": 3.919206566810476, "car_tau_std": 5.235553047168928, "car_v_mean": 23.2309626810868, "car_v_std": 17.75992987852929}, "datetime": {"datetime": "2024-08-08 12:52:21", "elapsed": 328.736056, "delta": 3.487226}}
{"target": -0.3490802655111821, "params": {"bus_acc": 4.097640533344158, "bus_dcc": 2.6583027896496776, "bus_lcAssertive": 89.0239778216408, "bus_lcCooperative": 0.354952851149572, "bus_lcLookaheadLeft": 26.06083065827773, "bus_lcPushy": 0.9110192396569683, "bus_lcSigma": 0.04353426375776537, "bus_lcSpeedGainRight": 4.753767140305011, "bus_lcSublane": 0.5564069156709253, "bus_sigma": 0.3763632166870875, "bus_tau_mean": 3.982683128186889, "bus_tau_std": 0.5836264614763165, "bus_v_mean": 16.267301756281796, "bus_v_std": 0.621941509110957, "car_acc": 3.2847029567449337, "car_dcc": 1.5414055269853466, "car_lcAssertive": 63.46496083361352, "car_lcCooperative": 0.9809236757505815, "car_lcLookaheadLeft": 87.74045001881333, "car_lcPushy": 0.45183624942087064, "car_lcSigma": 0.7084608700517172, "car_lcSpeedGainRight": 3.8873437500159462, "car_lcSublane": 0.4948430841825636, "car_sigma": 0.5285334901775651, "car_tau_mean": 1.027745394302674, "car_tau_std": 3.6939992561190627, "car_v_mean": 10.275540049164587, "car_v_std": 14.537875066891253}, "datetime": {"datetime": "2024-08-08 12:52:22", "elapsed": 329.684637, "delta": 0.948581}}
{"target": -0.3655712810812366, "params": {"bus_acc": 1.7913311385916773, "bus_dcc": 2.287992167849477, "bus_lcAssertive": 34.33785387141556, "bus_lcCooperative": 0.991945011907281, "bus_lcLookaheadLeft": 39.263176619491944, "bus_lcPushy": 0.992700873664818, "bus_lcSigma": 0.5188042507334142, "bus_lcSpeedGainRight": 0.8613985073856273, "bus_lcSublane": 0.07457407125147986, "bus_sigma": 0.37030569377388767, "bus_tau_mean": 0.9319660093515546, "bus_tau_std": 6.345187162918417, "bus_v_mean": 14.622717531670542, "bus_v_std": 19.818312650509004, "car_acc": 4.719822494613272, "car_dcc": 1.44770809692925, "car_lcAssertive": 40.09334399114325, "car_lcCooperative": 0.46157971096238615, "car_lcLookaheadLeft": 56.97297800195063, "car_lcPushy": 0.7803635232892685, "car_lcSigma": 0.48719390907342375, "car_lcSpeedGainRight": 2.099967760051204, "car_lcSublane": 0.26199970471933565, "car_sigma": 0.9108061390867584, "car_tau_mean": 0.5779502903648146, "car_tau_std": 8.211218982189646, "car_v_mean": 11.015494394662696, "car_v_std": 13.715137983450944}, "datetime": {"datetime": "2024-08-08 12:52:23", "elapsed": 330.848804, "delta": 1.164167}}
{"target": -0.36699099295833115, "params": {"bus_acc": 1.8766152230290323, "bus_dcc": 2.2864020787422663, "bus_lcAssertive": 85.08773897233483, "bus_lcCooperative": 0.45037964247172024, "bus_lcLookaheadLeft": 93.67117117269206, "bus_lcPushy": 0.352679327251738, "bus_lcSigma": 0.6193921656967597, "bus_lcSpeedGainRight": 4.903495181778901, "bus_lcSublane": 0.6434625222408049, "bus_sigma": 0.04549821604060378, "bus_tau_mean": 2.1224498183309914, "bus_tau_std": 3.3475134371366377, "bus_v_mean": 16.514904776346796, "bus_v_std": 5.694924172262628, "car_acc": 1.4890449209200112, "car_dcc": 3.0048669662524055, "car_lcAssertive": 68.45461573423933, "car_lcCooperative": 0.8671392999990885, "car_lcLookaheadLeft": 14.973386369148269, "car_lcPushy": 0.798620308278031, "car_lcSigma": 0.826768738405129, "car_lcSpeedGainRight": 3.2327496787557597, "car_lcSublane": 0.20492214578063384, "car_sigma": 0.2614207144058379, "car_tau_mean": 1.9647388613871148, "car_tau_std": 5.417990727827313, "car_v_mean": 15.639007289475472, "car_v_std": 9.349197840907388}, "datetime": {"datetime": "2024-08-08 12:52:24", "elapsed": 332.148591, "delta": 1.299787}}
{"target": -0.34633941533431234, "params": {"bus_acc": 3.7288825618958024, "bus_dcc": 1.9319880881915676, "bus_lcAssertive": 47.76497077930874, "bus_lcCooperative": 0.5992558738787634, "bus_lcLookaheadLeft": 38.639120062403535, "bus_lcPushy": 0.874487796621177, "bus_lcSigma": 0.7261725883076274, "bus_lcSpeedGainRight": 4.771703523121056, "bus_lcSublane": 0.3510655228482117, "bus_sigma": 0.9371740887217811, "bus_tau_mean": 2.176852009790104, "bus_tau_std": 6.423226386484714, "bus_v_mean": 19.786355276078197, "bus_v_std": 16.186759380113603, "car_acc": 2.5850374691307754, "car_dcc": 2.3438379355443133, "car_lcAssertive": 81.91042558516232, "car_lcCooperative": 0.7175572030909549, "car_lcLookaheadLeft": 94.20322251871511, "car_lcPushy": 0.9795978714178412, "car_lcSigma": 0.1789133363658466, "car_lcSpeedGainRight": 1.139597059063776, "car_lcSublane": 0.7159864472790468, "car_sigma": 0.7473827346542434, "car_tau_mean": 2.611128439813839, "car_tau_std": 8.772997642215113, "car_v_mean": 12.031847393771816, "car_v_std": 6.789747885935848}, "datetime": {"datetime": "2024-08-08 12:52:27", "elapsed": 335.183129, "delta": 3.034538}}
{"target": -0.3676452764215974, "params": {"bus_acc": 3.5452245034239342, "bus_dcc": 2.125273055181733, "bus_lcAssertive": 85.89096540927606, "bus_lcCooperative": 0.6195867393685738, "bus_lcLookaheadLeft": 26.699241852822258, "bus_lcPushy": 0.7928556779768876, "bus_lcSigma": 0.43293850873416306, "bus_lcSpeedGainRight": 1.787555836652207, "bus_lcSublane": 0.33027693652508094, "bus_sigma": 0.6973688756131394, "bus_tau_mean": 1.440275433671793, "bus_tau_std": 8.0827801370538, "bus_v_mean": 12.724620710397565, "bus_v_std": 10.882427671707145, "car_acc": 2.9516859672208096, "car_dcc": 3.566069237786109, "car_lcAssertive": 88.9502570051432, "car_lcCooperative": 0.18438444236776674, "car_lcLookaheadLeft": 59.3641489759486, "car_lcPushy": 0.8982050460171371, "car_lcSigma": 0.4461172190344297, "car_lcSpeedGainRight": 4.609341527419077, "car_lcSublane": 0.2789908904569709, "car_sigma": 0.6088311741937957, "car_tau_mean": 2.8885879841838538, "car_tau_std": 2.282057333504841, "car_v_mean": 8.220280200923469, "car_v_std": 8.334479247413922}, "datetime": {"datetime": "2024-08-08 12:52:28", "elapsed": 336.204719, "delta": 1.02159}}
{"target": -0.37451347447220595, "params": {"bus_acc": 1.6393346013763734, "bus_dcc": 1.6078063756589878, "bus_lcAssertive": 43.686993760876724, "bus_lcCooperative": 0.40420190577514725, "bus_lcLookaheadLeft": 16.381645114900824, "bus_lcPushy": 0.7293189193611234, "bus_lcSigma": 0.18874506687718595, "bus_lcSpeedGainRight": 3.219478221558314, "bus_lcSublane": 0.7543059505762987, "bus_sigma": 0.21073239208332073, "bus_tau_mean": 2.60333986837674, "bus_tau_std": 7.489283752458364, "bus_v_mean": 18.211499369925335, "bus_v_std": 11.942546058932981, "car_acc": 2.1819291426219882, "car_dcc": 3.1948194137245265, "car_lcAssertive": 94.58553555999502, "car_lcCooperative": 0.42556139026154693, "car_lcLookaheadLeft": 78.65381804947772, "car_lcPushy": 0.056141039661915304, "car_lcSigma": 0.8352716024899659, "car_lcSpeedGainRight": 0.9612500841107385, "car_lcSublane": 0.3950968688899732, "car_sigma": 0.30008104592535645, "car_tau_mean": 0.7803627533211726, "car_tau_std": 9.046310029362429, "car_v_mean": 13.922466840859812, "car_v_std": 10.61394876952279}, "datetime": {"datetime": "2024-08-08 12:52:30", "elapsed": 337.798744, "delta": 1.594025}}
{"target": -0.3333873759766619, "params": {"bus_acc": 4.140661051809227, "bus_dcc": 3.2941785905362524, "bus_lcAssertive": 67.86930405212397, "bus_lcCooperative": 0.7955027102986651, "bus_lcLookaheadLeft": 5.9217429959190815, "bus_lcPushy": 0.264681631716854, "bus_lcSigma": 0.6953975359715524, "bus_lcSpeedGainRight": 4.334941648038719, "bus_lcSublane": 0.6746068718168242, "bus_sigma": 0.17627612798343162, "bus_tau_mean": 3.7770796098099257, "bus_tau_std": 9.033787001108529, "bus_v_mean": 9.386860258241702, "bus_v_std": 3.86000075148506, "car_acc": 2.1007721224421068, "car_dcc": 3.2152356118138203, "car_lcAssertive": 86.07795950178485, "car_lcCooperative": 0.5783223874515512, "car_lcLookaheadLeft": 21.565265923862896, "car_lcPushy": 0.41508988762136245, "car_lcSigma": 0.13785920026410714, "car_lcSpeedGainRight": 4.5869809342921215, "car_lcSublane": 0.7645309404104735, "car_sigma": 0.5102138338060775, "car_tau_mean": 2.087512651097933, "car_tau_std": 0.978420783455699, "car_v_mean": 13.098805700805237, "car_v_std": 2.412655907147929}, "datetime": {"datetime": "2024-08-08 12:52:31", "elapsed": 339.258902, "delta": 1.460158}}
{"target": -0.32572491831761297, "params": {"bus_acc": 2.0400758878267693, "bus_dcc": 1.6041755611411608, "bus_lcAssertive": 59.30196162730165, "bus_lcCooperative": 0.8425182098415589, "bus_lcLookaheadLeft": 34.99866679501538, "bus_lcPushy": 0.5864294214642616, "bus_lcSigma": 0.16224499947880777, "bus_lcSpeedGainRight": 0.9729686761907091, "bus_lcSublane": 0.7613352159920956, "bus_sigma": 0.15009846135204996, "bus_tau_mean": 1.430674643667396, "bus_tau_std": 6.894948631776694, "bus_v_mean": 8.241428922127666, "bus_v_std": 0.6438880773714106, "car_acc": 2.1501037600961146, "car_dcc": 2.0098695415368972, "car_lcAssertive": 36.859394447471104, "car_lcCooperative": 0.8071905755135196, "car_lcLookaheadLeft": 5.526134830546906, "car_lcPushy": 0.3583952446253251, "car_lcSigma": 0.6382781332668243, "car_lcSpeedGainRight": 0.7150205475916133, "car_lcSublane": 0.8577386145114406, "car_sigma": 0.6455644082734328, "car_tau_mean": 0.9035269891800948, "car_tau_std": 2.080974099989472, "car_v_mean": 19.927973291970634, "car_v_std": 8.068132566683456}, "datetime": {"datetime": "2024-08-08 12:52:32", "elapsed": 340.276612, "delta": 1.01771}}
{"target": -0.3848188083426034, "params": {"bus_acc": 1.055806291902388, "bus_dcc": 1.7030862583642614, "bus_lcAssertive": 62.0610573431641, "bus_lcCooperative": 0.9490163206876164, "bus_lcLookaheadLeft": 95.11725968621381, "bus_lcPushy": 0.5566531881951564, "bus_lcSigma": 0.9156063497662745, "bus_lcSpeedGainRight": 3.207831044731688, "bus_lcSublane": 0.39000771414124624, "bus_sigma": 0.48599066709690975, "bus_tau_mean": 2.6150866902199064, "bus_tau_std": 5.495479215085625, "bus_v_mean": 22.81890282730326, "bus_v_std": 18.374668712672122, "car_acc": 2.5795024516942195, "car_dcc": 3.8897875853221353, "car_lcAssertive": 18.22161100136597, "car_lcCooperative": 0.12632951943963733, "car_lcLookaheadLeft": 15.23775748857967, "car_lcPushy": 0.5056621656768967, "car_lcSigma": 0.021524805274197978, "car_lcSpeedGainRight": 4.739851056088405, "car_lcSublane": 0.8271154711707325, "car_sigma": 0.015018980742122379, "car_tau_mean": 1.1166868945126933, "car_tau_std": 3.3206357436683698, "car_v_mean": 10.09594951697467, "car_v_std": 16.189813842531642}, "datetime": {"datetime": "2024-08-08 12:52:33", "elapsed": 341.434109, "delta": 1.157497}}
{"target": -0.3508276891908324, "params": {"bus_acc": 2.302161190395958, "bus_dcc": 1.2575479033608805, "bus_lcAssertive": 54.066377652152696, "bus_lcCooperative": 0.33612544293733115, "bus_lcLookaheadLeft": 4.125169643557987, "bus_lcPushy": 0.7711523332537787, "bus_lcSigma": 0.38490912985398285, "bus_lcSpeedGainRight": 2.8566057502936775, "bus_lcSublane": 0.7557428557962304, "bus_sigma": 0.9408474199010457, "bus_tau_mean": 2.643128185396179, "bus_tau_std": 3.1539617878014314, "bus_v_mean": 9.761224125552287, "bus_v_std": 1.4783777582254443, "car_acc": 2.278763095490918, "car_dcc": 2.982517416868015, "car_lcAssertive": 69.82005440804134, "car_lcCooperative": 0.20771804006298766, "car_lcLookaheadLeft": 10.114001981658049, "car_lcPushy": 0.3055106612860311, "car_lcSigma": 0.5475745598545727, "car_lcSpeedGainRight": 3.7733483723743233, "car_lcSublane": 0.5296573205700426, "car_sigma": 0.28698375274707455, "car_tau_mean": 2.6846290314236883, "car_tau_std": 2.648366551761958, "car_v_mean": 18.44308662935237, "car_v_std": 16.837960156534756}, "datetime": {"datetime": "2024-08-08 12:52:34", "elapsed": 342.227742, "delta": 0.793633}}
