{"target": -0.03811769024008893, "params": {"bus_acc": 1.0, "bus_dcc": 4.0, "bus_lcAssertive": 57.04, "bus_lcCooperative": 0.0, "bus_lcLookaheadLeft": 79.857, "bus_lcPushy": 0.671, "bus_lcSublane": 0.0, "bus_max_v": 16.325, "bus_tau_mean": 2.62, "bus_tau_std": 15.0, "car_acc": 1.0, "car_dcc": 5.0, "car_lcAssertive": 40.543, "car_lcCooperative": 1.0, "car_lcLookaheadLeft": 58.994, "car_lcPushy": 1.0, "car_lcSublane": 0.697, "car_max_v": 24.845, "car_tau_mean": 0.5, "car_tau_std": 9.05}, "datetime": {"datetime": "2024-08-02 22:46:37", "elapsed": 598.785906, "delta": 13.105083}}
{"target": -0.03909634121534834, "params": {"bus_acc": 1.0, "bus_dcc": 4.0, "bus_lcAssertive": 57.071, "bus_lcCooperative": 0.0, "bus_lcLookaheadLeft": 79.772, "bus_lcPushy": 0.658, "bus_lcSublane": 0.0, "bus_max_v": 16.222, "bus_tau_mean": 2.601, "bus_tau_std": 15.0, "car_acc": 1.0, "car_dcc": 5.0, "car_lcAssertive": 40.205, "car_lcCooperative": 1.0, "car_lcLookaheadLeft": 59.164, "car_lcPushy": 1.0, "car_lcSublane": 0.683, "car_max_v": 24.785, "car_tau_mean": 0.576, "car_tau_std": 9.163}, "datetime": {"datetime": "2024-08-02 22:46:46", "elapsed": 607.063986, "delta": 8.27808}}
{"target": -0.050158432647605444, "params": {"bus_acc": 1.229, "bus_dcc": 2.148, "bus_lcAssertive": 28.279, "bus_lcCooperative": 0.172, "bus_lcLookaheadLeft": 5.319, "bus_lcPushy": 0.584, "bus_lcSublane": 0.694, "bus_max_v": 22.749, "bus_tau_mean": 1.913, "bus_tau_std": 8.521, "car_acc": 1.8, "car_dcc": 2.424, "car_lcAssertive": 8.916, "car_lcCooperative": 0.486, "car_lcLookaheadLeft": 43.834, "car_lcPushy": 0.828, "car_lcSublane": 0.563, "car_max_v": 27.01, "car_tau_mean": 1.607, "car_tau_std": 10.233}, "datetime": {"datetime": "2024-08-02 22:46:53", "elapsed": 614.178495, "delta": 7.114509}}
{"target": -0.03822387877145585, "params": {"bus_acc": 1.0, "bus_dcc": 4.0, "bus_lcAssertive": 56.865, "bus_lcCooperative": 0.0, "bus_lcLookaheadLeft": 79.759, "bus_lcPushy": 0.664, "bus_lcSublane": 0.0, "bus_max_v": 16.365, "bus_tau_mean": 2.662, "bus_tau_std": 15.0, "car_acc": 1.0, "car_dcc": 5.0, "car_lcAssertive": 40.444, "car_lcCooperative": 1.0, "car_lcLookaheadLeft": 58.905, "car_lcPushy": 1.0, "car_lcSublane": 0.696, "car_max_v": 24.884, "car_tau_mean": 0.541, "car_tau_std": 9.237}, "datetime": {"datetime": "2024-08-02 22:47:24", "elapsed": 645.633038, "delta": 31.454543}}
{"target": -0.055029699672686616, "params": {"bus_acc": 1.93, "bus_dcc": 2.366, "bus_lcAssertive": 65.086, "bus_lcCooperative": 0.141, "bus_lcLookaheadLeft": 22.072, "bus_lcPushy": 0.822, "bus_lcSublane": 0.277, "bus_max_v": 15.517, "bus_tau_mean": 2.368, "bus_tau_std": 13.03, "car_acc": 1.774, "car_dcc": 4.345, "car_lcAssertive": 55.43, "car_lcCooperative": 0.818, "car_lcLookaheadLeft": 52.866, "car_lcPushy": 0.865, "car_lcSublane": 0.829, "car_max_v": 16.613, "car_tau_mean": 1.79, "car_tau_std": 10.094}, "datetime": {"datetime": "2024-08-02 22:47:43", "elapsed": 664.692101, "delta": 19.059063}}
{"target": -0.03839381658774132, "params": {"bus_acc": 1.0, "bus_dcc": 4.0, "bus_lcAssertive": 56.969, "bus_lcCooperative": 0.0, "bus_lcLookaheadLeft": 79.508, "bus_lcPushy": 0.6, "bus_lcSublane": 0.0, "bus_max_v": 16.736, "bus_tau_mean": 2.357, "bus_tau_std": 15.0, "car_acc": 1.0, "car_dcc": 5.0, "car_lcAssertive": 40.371, "car_lcCooperative": 1.0, "car_lcLookaheadLeft": 58.996, "car_lcPushy": 0.886, "car_lcSublane": 0.622, "car_max_v": 23.959, "car_tau_mean": 0.752, "car_tau_std": 8.798}, "datetime": {"datetime": "2024-08-02 22:47:45", "elapsed": 666.006008, "delta": 1.313907}}
{"target": -0.05029511126056608, "params": {"bus_acc": 1.487, "bus_dcc": 2.247, "bus_lcAssertive": 27.485, "bus_lcCooperative": 0.442, "bus_lcLookaheadLeft": 5.464, "bus_lcPushy": 0.599, "bus_lcSublane": 0.407, "bus_max_v": 21.426, "bus_tau_mean": 1.078, "bus_tau_std": 9.515, "car_acc": 1.705, "car_dcc": 1.647, "car_lcAssertive": 8.73, "car_lcCooperative": 0.539, "car_lcLookaheadLeft": 44.31, "car_lcPushy": 0.789, "car_lcSublane": 0.366, "car_max_v": 23.927, "car_tau_mean": 1.404, "car_tau_std": 11.734}, "datetime": {"datetime": "2024-08-02 22:48:05", "elapsed": 685.962256, "delta": 19.956248}}
{"target": -0.052455084953469316, "params": {"bus_acc": 1.603, "bus_dcc": 2.583, "bus_lcAssertive": 74.522, "bus_lcCooperative": 0.575, "bus_lcLookaheadLeft": 92.938, "bus_lcPushy": 0.546, "bus_lcSublane": 1.0, "bus_max_v": 19.802, "bus_tau_mean": 0.689, "bus_tau_std": 2.849, "car_acc": 2.368, "car_dcc": 3.645, "car_lcAssertive": 61.754, "car_lcCooperative": 0.756, "car_lcLookaheadLeft": 97.522, "car_lcPushy": 0.819, "car_lcSublane": 0.083, "car_max_v": 19.132, "car_tau_mean": 1.236, "car_tau_std": 10.068}, "datetime": {"datetime": "2024-08-02 22:48:10", "elapsed": 691.20189, "delta": 5.239634}}
{"target": -0.052080928697248834, "params": {"bus_acc": 1.498, "bus_dcc": 1.555, "bus_lcAssertive": 63.347, "bus_lcCooperative": 0.359, "bus_lcLookaheadLeft": 17.523, "bus_lcPushy": 0.165, "bus_lcSublane": 0.186, "bus_max_v": 16.803, "bus_tau_mean": 2.083, "bus_tau_std": 8.712, "car_acc": 1.597, "car_dcc": 5.0, "car_lcAssertive": 54.797, "car_lcCooperative": 0.366, "car_lcLookaheadLeft": 53.108, "car_lcPushy": 0.433, "car_lcSublane": 0.753, "car_max_v": 18.141, "car_tau_mean": 1.772, "car_tau_std": 6.123}, "datetime": {"datetime": "2024-08-02 22:48:32", "elapsed": 713.858096, "delta": 22.656206}}
{"target": -0.042900303412492985, "params": {"bus_acc": 1.435, "bus_dcc": 2.71, "bus_lcAssertive": 53.173, "bus_lcCooperative": 0.055, "bus_lcLookaheadLeft": 66.649, "bus_lcPushy": 0.493, "bus_lcSublane": 0.897, "bus_max_v": 14.589, "bus_tau_mean": 1.245, "bus_tau_std": 14.043, "car_acc": 1.148, "car_dcc": 3.211, "car_lcAssertive": 33.48, "car_lcCooperative": 0.406, "car_lcLookaheadLeft": 62.159, "car_lcPushy": 0.421, "car_lcSublane": 0.817, "car_max_v": 29.227, "car_tau_mean": 1.208, "car_tau_std": 9.714}, "datetime": {"datetime": "2024-08-02 22:48:39", "elapsed": 720.910456, "delta": 7.05236}}
{"target": -0.04793952754844058, "params": {"bus_acc": 1.083, "bus_dcc": 2.673, "bus_lcAssertive": 29.646, "bus_lcCooperative": 0.553, "bus_lcLookaheadLeft": 5.594, "bus_lcPushy": 0.66, "bus_lcSublane": 0.635, "bus_max_v": 22.832, "bus_tau_mean": 2.049, "bus_tau_std": 8.264, "car_acc": 1.721, "car_dcc": 3.008, "car_lcAssertive": 11.233, "car_lcCooperative": 0.488, "car_lcLookaheadLeft": 44.163, "car_lcPushy": 0.816, "car_lcSublane": 0.638, "car_max_v": 23.685, "car_tau_mean": 1.232, "car_tau_std": 7.762}, "datetime": {"datetime": "2024-08-02 22:48:49", "elapsed": 730.348968, "delta": 9.438512}}
{"target": -0.05967470664979426, "params": {"bus_acc": 1.897, "bus_dcc": 2.723, "bus_lcAssertive": 78.402, "bus_lcCooperative": 0.485, "bus_lcLookaheadLeft": 9.211, "bus_lcPushy": 0.513, "bus_lcSublane": 0.737, "bus_max_v": 11.201, "bus_tau_mean": 2.568, "bus_tau_std": 3.378, "car_acc": 2.614, "car_dcc": 1.359, "car_lcAssertive": 70.712, "car_lcCooperative": 0.986, "car_lcLookaheadLeft": 65.976, "car_lcPushy": 0.858, "car_lcSublane": 0.028, "car_max_v": 32.426, "car_tau_mean": 0.783, "car_tau_std": 6.355}, "datetime": {"datetime": "2024-08-02 22:49:06", "elapsed": 747.837483, "delta": 17.488515}}
{"target": -0.047033966034177456, "params": {"bus_acc": 1.058, "bus_dcc": 1.796, "bus_lcAssertive": 29.059, "bus_lcCooperative": 0.261, "bus_lcLookaheadLeft": 3.81, "bus_lcPushy": 0.534, "bus_lcSublane": 0.648, "bus_max_v": 22.755, "bus_tau_mean": 1.709, "bus_tau_std": 8.915, "car_acc": 1.575, "car_dcc": 1.667, "car_lcAssertive": 10.132, "car_lcCooperative": 0.606, "car_lcLookaheadLeft": 45.469, "car_lcPushy": 1.0, "car_lcSublane": 0.796, "car_max_v": 26.109, "car_tau_mean": 1.544, "car_tau_std": 10.507}, "datetime": {"datetime": "2024-08-02 22:49:13", "elapsed": 754.848252, "delta": 7.010769}}
{"target": -0.042026818743798766, "params": {"bus_acc": 1.938, "bus_dcc": 1.296, "bus_lcAssertive": 75.178, "bus_lcCooperative": 0.982, "bus_lcLookaheadLeft": 85.717, "bus_lcPushy": 0.221, "bus_lcSublane": 0.8, "bus_max_v": 15.157, "bus_tau_mean": 1.928, "bus_tau_std": 8.285, "car_acc": 1.566, "car_dcc": 4.425, "car_lcAssertive": 95.148, "car_lcCooperative": 0.004, "car_lcLookaheadLeft": 9.739, "car_lcPushy": 0.082, "car_lcSublane": 0.016, "car_max_v": 24.235, "car_tau_mean": 0.904, "car_tau_std": 12.234}, "datetime": {"datetime": "2024-08-02 22:49:27", "elapsed": 768.616304, "delta": 13.768052}}
{"target": -0.04793522953658707, "params": {"bus_acc": 1.06, "bus_dcc": 1.798, "bus_lcAssertive": 29.061, "bus_lcCooperative": 0.263, "bus_lcLookaheadLeft": 3.812, "bus_lcPushy": 0.536, "bus_lcSublane": 0.65, "bus_max_v": 22.757, "bus_tau_mean": 1.711, "bus_tau_std": 8.917, "car_acc": 1.577, "car_dcc": 1.669, "car_lcAssertive": 10.134, "car_lcCooperative": 0.608, "car_lcLookaheadLeft": 45.471, "car_lcPushy": 1.0, "car_lcSublane": 0.798, "car_max_v": 26.111, "car_tau_mean": 1.546, "car_tau_std": 10.509}, "datetime": {"datetime": "2024-08-02 22:49:49", "elapsed": 790.627533, "delta": 22.011229}}
{"target": -0.050337359993314325, "params": {"bus_acc": 1.08, "bus_dcc": 2.147, "bus_lcAssertive": 47.09, "bus_lcCooperative": 0.911, "bus_lcLookaheadLeft": 8.579, "bus_lcPushy": 0.726, "bus_lcSublane": 0.373, "bus_max_v": 21.753, "bus_tau_mean": 2.081, "bus_tau_std": 0.052, "car_acc": 1.517, "car_dcc": 1.733, "car_lcAssertive": 40.608, "car_lcCooperative": 0.644, "car_lcLookaheadLeft": 96.272, "car_lcPushy": 0.659, "car_lcSublane": 0.172, "car_max_v": 15.125, "car_tau_mean": 2.885, "car_tau_std": 10.759}, "datetime": {"datetime": "2024-08-02 22:50:02", "elapsed": 803.550798, "delta": 12.923265}}
{"target": -0.04291848834131593, "params": {"bus_acc": 1.008, "bus_dcc": 1.746, "bus_lcAssertive": 29.009, "bus_lcCooperative": 0.211, "bus_lcLookaheadLeft": 3.76, "bus_lcPushy": 0.484, "bus_lcSublane": 0.598, "bus_max_v": 22.705, "bus_tau_mean": 1.659, "bus_tau_std": 8.865, "car_acc": 1.525, "car_dcc": 1.617, "car_lcAssertive": 10.082, "car_lcCooperative": 0.556, "car_lcLookaheadLeft": 45.419, "car_lcPushy": 0.95, "car_lcSublane": 0.746, "car_max_v": 26.059, "car_tau_mean": 1.494, "car_tau_std": 10.457}, "datetime": {"datetime": "2024-08-02 22:50:06", "elapsed": 807.193122, "delta": 3.642324}}
{"target": -0.05376880736453108, "params": {"bus_acc": 1.462, "bus_dcc": 1.755, "bus_lcAssertive": 55.547, "bus_lcCooperative": 0.117, "bus_lcLookaheadLeft": 53.495, "bus_lcPushy": 0.303, "bus_lcSublane": 0.05, "bus_max_v": 18.125, "bus_tau_mean": 1.172, "bus_tau_std": 4.501, "car_acc": 1.786, "car_dcc": 4.647, "car_lcAssertive": 52.229, "car_lcCooperative": 0.489, "car_lcLookaheadLeft": 71.49, "car_lcPushy": 0.006, "car_lcSublane": 0.049, "car_max_v": 24.103, "car_tau_mean": 2.437, "car_tau_std": 0.444}, "datetime": {"datetime": "2024-08-02 22:50:08", "elapsed": 809.285577, "delta": 2.092455}}
{"target": -0.03693021210426654, "params": {"bus_acc": 1.066, "bus_dcc": 1.804, "bus_lcAssertive": 29.067, "bus_lcCooperative": 0.269, "bus_lcLookaheadLeft": 3.818, "bus_lcPushy": 0.542, "bus_lcSublane": 0.656, "bus_max_v": 22.763, "bus_tau_mean": 1.717, "bus_tau_std": 8.923, "car_acc": 1.583, "car_dcc": 1.675, "car_lcAssertive": 10.14, "car_lcCooperative": 0.614, "car_lcLookaheadLeft": 45.477, "car_lcPushy": 1.0, "car_lcSublane": 0.804, "car_max_v": 26.117, "car_tau_mean": 1.552, "car_tau_std": 10.515}, "datetime": {"datetime": "2024-08-02 22:50:27", "elapsed": 828.179903, "delta": 18.894326}}
