{"target": 57.55767753285298, "params": {"bus_acc": 1.99, "bus_dcc": 3.66, "bus_lcCooperative": 0.55, "bus_lcPushy": 0.32, "bus_lcSublane": 0.51, "bus_max_v": 11.04, "bus_tau_mean": 2.42, "bus_tau_std": 5.64, "car_acc": 2.19, "car_dcc": 4.35, "car_lcCooperative": 0.77, "car_lcPushy": 0.98, "car_lcSublane": 0.01, "car_max_v": 9.15, "car_tau_mean": 1.8, "car_tau_std": 11.34}, "datetime": {"datetime": "2024-07-31 17:49:14", "elapsed": 19825.727212, "delta": 26.971872}}
{"target": 57.04319772122828, "params": {"bus_acc": 1.23, "bus_dcc": 3.77, "bus_lcCooperative": 0.36, "bus_lcPushy": 0.05, "bus_lcSublane": 0.67, "bus_max_v": 12.55, "bus_tau_mean": 2.75, "bus_tau_std": 1.22, "car_acc": 2.76, "car_dcc": 4.19, "car_lcCooperative": 0.11, "car_lcPushy": 0.32, "car_lcSublane": 0.55, "car_max_v": 10.51, "car_tau_mean": 1.15, "car_tau_std": 11.5}, "datetime": {"datetime": "2024-07-31 17:51:09", "elapsed": 19941.005294, "delta": 115.278082}}
{"target": 57.81847298508439, "params": {"bus_acc": 1.38, "bus_dcc": 1.95, "bus_lcCooperative": 0.53, "bus_lcPushy": 0.17, "bus_lcSublane": 0.07, "bus_max_v": 11.5, "bus_tau_mean": 2.56, "bus_tau_std": 0.17, "car_acc": 1.5, "car_dcc": 2.23, "car_lcCooperative": 0.94, "car_lcPushy": 0.65, "car_lcSublane": 0.62, "car_max_v": 9.01, "car_tau_mean": 2.33, "car_tau_std": 8.28}, "datetime": {"datetime": "2024-07-31 17:53:58", "elapsed": 20110.42356, "delta": 169.418266}}
{"target": 58.24449664637612, "params": {"bus_acc": 1.41, "bus_dcc": 2.42, "bus_lcCooperative": 0.32, "bus_lcPushy": 0.26, "bus_lcSublane": 0.21, "bus_max_v": 14.23, "bus_tau_mean": 2.82, "bus_tau_std": 1.67, "car_acc": 2.92, "car_dcc": 2.77, "car_lcCooperative": 0.52, "car_lcPushy": 0.19, "car_lcSublane": 0.68, "car_max_v": 8.37, "car_tau_mean": 1.31, "car_tau_std": 9.23}, "datetime": {"datetime": "2024-07-31 17:54:51", "elapsed": 20162.542786, "delta": 52.119226}}
{"target": 57.6670503716786, "params": {"bus_acc": 1.56, "bus_dcc": 3.91, "bus_lcCooperative": 0.06, "bus_lcPushy": 0.38, "bus_lcSublane": 0.77, "bus_max_v": 9.82, "bus_tau_mean": 1.26, "bus_tau_std": 11.63, "car_acc": 2.79, "car_dcc": 2.14, "car_lcCooperative": 0.29, "car_lcPushy": 0.48, "car_lcSublane": 0.54, "car_max_v": 9.73, "car_tau_mean": 2.39, "car_tau_std": 6.83}, "datetime": {"datetime": "2024-07-31 17:55:25", "elapsed": 20197.262661, "delta": 34.719875}}
{"target": 56.38264967505676, "params": {"bus_acc": 1.03, "bus_dcc": 1.19, "bus_lcCooperative": 0.62, "bus_lcPushy": 0.86, "bus_lcSublane": 0.28, "bus_max_v": 12.37, "bus_tau_mean": 2.33, "bus_tau_std": 14.22, "car_acc": 2.32, "car_dcc": 1.68, "car_lcCooperative": 0.72, "car_lcPushy": 0.74, "car_lcSublane": 0.72, "car_max_v": 14.01, "car_tau_mean": 2.78, "car_tau_std": 9.03}, "datetime": {"datetime": "2024-07-31 17:56:09", "elapsed": 20241.353954, "delta": 44.091293}}
{"target": 58.48907706242543, "params": {"bus_acc": 1.32, "bus_dcc": 2.56, "bus_lcCooperative": 0.27, "bus_lcPushy": 0.78, "bus_lcSublane": 0.52, "bus_max_v": 10.81, "bus_tau_mean": 1.67, "bus_tau_std": 1.06, "car_acc": 1.61, "car_dcc": 1.63, "car_lcCooperative": 0.93, "car_lcPushy": 0.59, "car_lcSublane": 0.2, "car_max_v": 8.57, "car_tau_mean": 2.55, "car_tau_std": 8.64}, "datetime": {"datetime": "2024-07-31 17:56:34", "elapsed": 20265.715522, "delta": 24.361568}}
{"target": 58.89095734425437, "params": {"bus_acc": 1.45, "bus_dcc": 1.2, "bus_lcCooperative": 0.34, "bus_lcPushy": 0.25, "bus_lcSublane": 0.85, "bus_max_v": 9.74, "bus_tau_mean": 2.16, "bus_tau_std": 1.11, "car_acc": 1.0, "car_dcc": 1.12, "car_lcCooperative": 0.6, "car_lcPushy": 0.69, "car_lcSublane": 0.32, "car_max_v": 8.93, "car_tau_mean": 2.83, "car_tau_std": 6.33}, "datetime": {"datetime": "2024-07-31 17:59:44", "elapsed": 20455.925483, "delta": 190.209961}}
{"target": 58.40126185805864, "params": {"bus_acc": 1.33, "bus_dcc": 1.49, "bus_lcCooperative": 0.36, "bus_lcPushy": 0.32, "bus_lcSublane": 0.61, "bus_max_v": 9.56, "bus_tau_mean": 1.78, "bus_tau_std": 0.82, "car_acc": 1.69, "car_dcc": 1.13, "car_lcCooperative": 0.75, "car_lcPushy": 0.18, "car_lcSublane": 0.17, "car_max_v": 8.66, "car_tau_mean": 2.38, "car_tau_std": 9.43}, "datetime": {"datetime": "2024-07-31 18:00:32", "elapsed": 20504.073882, "delta": 48.148399}}
{"target": 58.20474249027598, "params": {"bus_acc": 1.13, "bus_dcc": 2.94, "bus_lcCooperative": 0.1, "bus_lcPushy": 0.38, "bus_lcSublane": 0.19, "bus_max_v": 8.96, "bus_tau_mean": 2.08, "bus_tau_std": 2.19, "car_acc": 2.81, "car_dcc": 3.51, "car_lcCooperative": 0.15, "car_lcPushy": 0.16, "car_lcSublane": 0.16, "car_max_v": 8.34, "car_tau_mean": 1.77, "car_tau_std": 6.17}, "datetime": {"datetime": "2024-07-31 18:03:30", "elapsed": 20682.444372, "delta": 178.37049}}
{"target": 58.10378938055641, "params": {"bus_acc": 1.34, "bus_dcc": 2.88, "bus_lcCooperative": 0.42, "bus_lcPushy": 0.53, "bus_lcSublane": 0.97, "bus_max_v": 14.58, "bus_tau_mean": 1.9, "bus_tau_std": 0.96, "car_acc": 2.54, "car_dcc": 1.83, "car_lcCooperative": 0.19, "car_lcPushy": 0.59, "car_lcSublane": 0.01, "car_max_v": 8.84, "car_tau_mean": 2.89, "car_tau_std": 9.07}, "datetime": {"datetime": "2024-07-31 18:03:55", "elapsed": 20706.653879, "delta": 24.209507}}
{"target": 57.06264845578506, "params": {"bus_acc": 1.74, "bus_dcc": 3.3, "bus_lcCooperative": 0.41, "bus_lcPushy": 0.01, "bus_lcSublane": 0.42, "bus_max_v": 8.84, "bus_tau_mean": 2.47, "bus_tau_std": 6.81, "car_acc": 2.56, "car_dcc": 4.05, "car_lcCooperative": 0.94, "car_lcPushy": 0.5, "car_lcSublane": 0.23, "car_max_v": 11.74, "car_tau_mean": 2.42, "car_tau_std": 4.53}, "datetime": {"datetime": "2024-07-31 18:04:15", "elapsed": 20727.490523, "delta": 20.836644}}
{"target": 56.307170052487876, "params": {"bus_acc": 1.66, "bus_dcc": 1.18, "bus_lcCooperative": 0.81, "bus_lcPushy": 0.47, "bus_lcSublane": 0.72, "bus_max_v": 10.53, "bus_tau_mean": 1.43, "bus_tau_std": 9.6, "car_acc": 2.19, "car_dcc": 4.19, "car_lcCooperative": 0.04, "car_lcPushy": 0.64, "car_lcSublane": 0.25, "car_max_v": 14.07, "car_tau_mean": 1.06, "car_tau_std": 1.29}, "datetime": {"datetime": "2024-07-31 18:05:07", "elapsed": 20779.517651, "delta": 52.027128}}
{"target": 58.721487205262534, "params": {"bus_acc": 1.22, "bus_dcc": 2.52, "bus_lcCooperative": 0.07, "bus_lcPushy": 0.72, "bus_lcSublane": 0.43, "bus_max_v": 9.48, "bus_tau_mean": 2.33, "bus_tau_std": 1.28, "car_acc": 1.37, "car_dcc": 1.61, "car_lcCooperative": 0.44, "car_lcPushy": 0.83, "car_lcSublane": 0.39, "car_max_v": 8.81, "car_tau_mean": 2.24, "car_tau_std": 9.28}, "datetime": {"datetime": "2024-07-31 18:06:00", "elapsed": 20831.719092, "delta": 52.201441}}
{"target": 57.658085259569894, "params": {"bus_acc": 1.81, "bus_dcc": 3.75, "bus_lcCooperative": 0.3, "bus_lcPushy": 0.26, "bus_lcSublane": 0.57, "bus_max_v": 9.59, "bus_tau_mean": 2.63, "bus_tau_std": 10.1, "car_acc": 1.38, "car_dcc": 2.03, "car_lcCooperative": 0.27, "car_lcPushy": 0.37, "car_lcSublane": 0.88, "car_max_v": 13.58, "car_tau_mean": 1.97, "car_tau_std": 11.89}, "datetime": {"datetime": "2024-07-31 18:08:50", "elapsed": 21001.989472, "delta": 170.27038}}
{"target": 57.80931574196037, "params": {"bus_acc": 1.52, "bus_dcc": 1.8, "bus_lcCooperative": 0.42, "bus_lcPushy": 0.56, "bus_lcSublane": 0.22, "bus_max_v": 10.74, "bus_tau_mean": 2.39, "bus_tau_std": 0.92, "car_acc": 1.94, "car_dcc": 2.34, "car_lcCooperative": 0.62, "car_lcPushy": 0.84, "car_lcSublane": 0.67, "car_max_v": 8.75, "car_tau_mean": 2.69, "car_tau_std": 7.63}, "datetime": {"datetime": "2024-07-31 18:09:36", "elapsed": 21048.424396, "delta": 46.434924}}
{"target": 55.88950945614242, "params": {"bus_acc": 1.5, "bus_dcc": 1.88, "bus_lcCooperative": 0.55, "bus_lcPushy": 0.24, "bus_lcSublane": 0.93, "bus_max_v": 9.58, "bus_tau_mean": 1.1, "bus_tau_std": 12.19, "car_acc": 2.98, "car_dcc": 3.77, "car_lcCooperative": 0.6, "car_lcPushy": 0.31, "car_lcSublane": 0.29, "car_max_v": 14.87, "car_tau_mean": 1.04, "car_tau_std": 7.15}, "datetime": {"datetime": "2024-07-31 18:12:34", "elapsed": 21226.509864, "delta": 178.085468}}
{"target": 56.772280534573405, "params": {"bus_acc": 1.13, "bus_dcc": 2.98, "bus_lcCooperative": 0.41, "bus_lcPushy": 0.45, "bus_lcSublane": 0.18, "bus_max_v": 12.11, "bus_tau_mean": 1.53, "bus_tau_std": 14.85, "car_acc": 1.38, "car_dcc": 3.14, "car_lcCooperative": 0.63, "car_lcPushy": 0.93, "car_lcSublane": 0.86, "car_max_v": 13.86, "car_tau_mean": 2.21, "car_tau_std": 1.85}, "datetime": {"datetime": "2024-07-31 18:12:38", "elapsed": 21229.636166, "delta": 3.126302}}
{"target": 58.19538453094347, "params": {"bus_acc": 1.38, "bus_dcc": 3.71, "bus_lcCooperative": 0.2, "bus_lcPushy": 0.52, "bus_lcSublane": 0.26, "bus_max_v": 13.46, "bus_tau_mean": 2.69, "bus_tau_std": 13.15, "car_acc": 1.74, "car_dcc": 2.94, "car_lcCooperative": 0.33, "car_lcPushy": 0.04, "car_lcSublane": 0.34, "car_max_v": 9.41, "car_tau_mean": 1.23, "car_tau_std": 12.89}, "datetime": {"datetime": "2024-07-31 18:13:30", "elapsed": 21281.993865, "delta": 52.357699}}
{"target": 57.683028103987645, "params": {"bus_acc": 1.14, "bus_dcc": 1.9, "bus_lcCooperative": 0.85, "bus_lcPushy": 0.06, "bus_lcSublane": 0.98, "bus_max_v": 11.19, "bus_tau_mean": 2.25, "bus_tau_std": 1.49, "car_acc": 1.89, "car_dcc": 2.38, "car_lcCooperative": 0.61, "car_lcPushy": 0.36, "car_lcSublane": 0.2, "car_max_v": 9.86, "car_tau_mean": 2.23, "car_tau_std": 8.61}, "datetime": {"datetime": "2024-07-31 18:13:39", "elapsed": 21291.363643, "delta": 9.369778}}
{"target": 58.15245040555968, "params": {"bus_acc": 1.53, "bus_dcc": 2.85, "bus_lcCooperative": 0.48, "bus_lcPushy": 0.87, "bus_lcSublane": 0.39, "bus_max_v": 13.93, "bus_tau_mean": 2.46, "bus_tau_std": 6.68, "car_acc": 2.87, "car_dcc": 3.53, "car_lcCooperative": 0.72, "car_lcPushy": 0.84, "car_lcSublane": 0.38, "car_max_v": 8.52, "car_tau_mean": 1.99, "car_tau_std": 1.33}, "datetime": {"datetime": "2024-07-31 18:16:02", "elapsed": 21434.540013, "delta": 143.17637}}
{"target": 57.66585065823242, "params": {"bus_acc": 1.35, "bus_dcc": 3.59, "bus_lcCooperative": 0.02, "bus_lcPushy": 0.73, "bus_lcSublane": 0.57, "bus_max_v": 11.99, "bus_tau_mean": 2.65, "bus_tau_std": 4.23, "car_acc": 1.56, "car_dcc": 2.65, "car_lcCooperative": 0.22, "car_lcPushy": 0.41, "car_lcSublane": 0.44, "car_max_v": 11.13, "car_tau_mean": 1.9, "car_tau_std": 14.48}, "datetime": {"datetime": "2024-07-31 18:18:26", "elapsed": 21578.307287, "delta": 143.767274}}
{"target": 56.61702566024215, "params": {"bus_acc": 1.5, "bus_dcc": 1.92, "bus_lcCooperative": 0.12, "bus_lcPushy": 0.86, "bus_lcSublane": 0.62, "bus_max_v": 8.34, "bus_tau_mean": 2.63, "bus_tau_std": 10.07, "car_acc": 2.02, "car_dcc": 1.05, "car_lcCooperative": 0.77, "car_lcPushy": 0.03, "car_lcSublane": 0.97, "car_max_v": 13.99, "car_tau_mean": 1.87, "car_tau_std": 9.51}, "datetime": {"datetime": "2024-07-31 18:20:20", "elapsed": 21692.530548, "delta": 114.223261}}
{"target": 57.51509222415335, "params": {"bus_acc": 1.41, "bus_dcc": 1.79, "bus_lcCooperative": 0.94, "bus_lcPushy": 0.61, "bus_lcSublane": 0.54, "bus_max_v": 11.22, "bus_tau_mean": 2.52, "bus_tau_std": 11.74, "car_acc": 1.96, "car_dcc": 2.27, "car_lcCooperative": 0.88, "car_lcPushy": 0.89, "car_lcSublane": 0.73, "car_max_v": 9.87, "car_tau_mean": 2.25, "car_tau_std": 2.78}, "datetime": {"datetime": "2024-07-31 18:21:47", "elapsed": 21779.312369, "delta": 86.781821}}
{"target": 56.65965163084441, "params": {"bus_acc": 1.25, "bus_dcc": 3.01, "bus_lcCooperative": 0.35, "bus_lcPushy": 0.95, "bus_lcSublane": 0.37, "bus_max_v": 12.06, "bus_tau_mean": 1.76, "bus_tau_std": 11.71, "car_acc": 1.94, "car_dcc": 1.68, "car_lcCooperative": 0.12, "car_lcPushy": 0.11, "car_lcSublane": 0.75, "car_max_v": 11.32, "car_tau_mean": 2.6, "car_tau_std": 7.28}, "datetime": {"datetime": "2024-07-31 18:21:58", "elapsed": 21789.567432, "delta": 10.255063}}
{"target": 57.3103298915127, "params": {"bus_acc": 1.42, "bus_dcc": 3.58, "bus_lcCooperative": 0.51, "bus_lcPushy": 0.26, "bus_lcSublane": 0.74, "bus_max_v": 8.32, "bus_tau_mean": 2.02, "bus_tau_std": 11.13, "car_acc": 1.49, "car_dcc": 1.31, "car_lcCooperative": 0.81, "car_lcPushy": 0.77, "car_lcSublane": 0.63, "car_max_v": 10.01, "car_tau_mean": 1.65, "car_tau_std": 10.41}, "datetime": {"datetime": "2024-07-31 18:22:09", "elapsed": 21800.670032, "delta": 11.1026}}
{"target": 57.078028785927835, "params": {"bus_acc": 1.42, "bus_dcc": 1.71, "bus_lcCooperative": 0.49, "bus_lcPushy": 0.96, "bus_lcSublane": 0.55, "bus_max_v": 14.18, "bus_tau_mean": 1.85, "bus_tau_std": 10.4, "car_acc": 2.41, "car_dcc": 1.76, "car_lcCooperative": 0.07, "car_lcPushy": 0.29, "car_lcSublane": 0.79, "car_max_v": 9.77, "car_tau_mean": 2.58, "car_tau_std": 14.01}, "datetime": {"datetime": "2024-07-31 18:24:34", "elapsed": 21945.631133, "delta": 144.961101}}
{"target": 57.903025062031155, "params": {"bus_acc": 1.39, "bus_dcc": 2.55, "bus_lcCooperative": 0.09, "bus_lcPushy": 0.24, "bus_lcSublane": 0.62, "bus_max_v": 9.96, "bus_tau_mean": 2.8, "bus_tau_std": 14.02, "car_acc": 2.74, "car_dcc": 2.47, "car_lcCooperative": 0.28, "car_lcPushy": 0.86, "car_lcSublane": 0.71, "car_max_v": 9.18, "car_tau_mean": 1.49, "car_tau_std": 3.19}, "datetime": {"datetime": "2024-07-31 18:27:18", "elapsed": 22110.164755, "delta": 164.533622}}
{"target": 56.10116821620264, "params": {"bus_acc": 1.08, "bus_dcc": 3.37, "bus_lcCooperative": 0.11, "bus_lcPushy": 0.65, "bus_lcSublane": 0.48, "bus_max_v": 13.88, "bus_tau_mean": 2.07, "bus_tau_std": 12.52, "car_acc": 2.77, "car_dcc": 1.38, "car_lcCooperative": 0.75, "car_lcPushy": 0.9, "car_lcSublane": 0.24, "car_max_v": 14.05, "car_tau_mean": 2.53, "car_tau_std": 6.28}, "datetime": {"datetime": "2024-07-31 18:28:47", "elapsed": 22198.856263, "delta": 88.691508}}
{"target": 57.692569743773326, "params": {"bus_acc": 1.91, "bus_dcc": 2.23, "bus_lcCooperative": 0.05, "bus_lcPushy": 0.8, "bus_lcSublane": 0.35, "bus_max_v": 12.13, "bus_tau_mean": 2.5, "bus_tau_std": 4.0, "car_acc": 1.13, "car_dcc": 1.79, "car_lcCooperative": 0.48, "car_lcPushy": 0.55, "car_lcSublane": 0.51, "car_max_v": 10.04, "car_tau_mean": 2.58, "car_tau_std": 14.44}, "datetime": {"datetime": "2024-07-31 18:29:29", "elapsed": 22241.52405, "delta": 42.667787}}
{"target": 57.894278494352925, "params": {"bus_acc": 1.14, "bus_dcc": 3.43, "bus_lcCooperative": 0.18, "bus_lcPushy": 0.74, "bus_lcSublane": 0.03, "bus_max_v": 11.04, "bus_tau_mean": 1.51, "bus_tau_std": 10.25, "car_acc": 1.14, "car_dcc": 4.27, "car_lcCooperative": 0.42, "car_lcPushy": 0.95, "car_lcSublane": 0.3, "car_max_v": 13.71, "car_tau_mean": 1.39, "car_tau_std": 13.73}, "datetime": {"datetime": "2024-07-31 18:31:22", "elapsed": 22354.049679, "delta": 112.525629}}
{"target": 56.76035529073998, "params": {"bus_acc": 1.7, "bus_dcc": 3.37, "bus_lcCooperative": 0.89, "bus_lcPushy": 0.13, "bus_lcSublane": 0.92, "bus_max_v": 8.65, "bus_tau_mean": 2.74, "bus_tau_std": 14.42, "car_acc": 2.58, "car_dcc": 1.83, "car_lcCooperative": 0.37, "car_lcPushy": 0.3, "car_lcSublane": 0.17, "car_max_v": 13.88, "car_tau_mean": 1.41, "car_tau_std": 3.13}, "datetime": {"datetime": "2024-07-31 18:32:28", "elapsed": 22419.786538, "delta": 65.736859}}
{"target": 58.60916780107566, "params": {"bus_acc": 1.02, "bus_dcc": 3.77, "bus_lcCooperative": 0.63, "bus_lcPushy": 0.58, "bus_lcSublane": 0.6, "bus_max_v": 13.74, "bus_tau_mean": 2.25, "bus_tau_std": 13.72, "car_acc": 1.04, "car_dcc": 2.18, "car_lcCooperative": 0.02, "car_lcPushy": 0.5, "car_lcSublane": 1.0, "car_max_v": 8.32, "car_tau_mean": 1.26, "car_tau_std": 13.1}, "datetime": {"datetime": "2024-07-31 18:37:28", "elapsed": 22720.12912, "delta": 300.342582}}
{"target": 58.619783424852876, "params": {"bus_acc": 1.49, "bus_dcc": 3.0, "bus_lcCooperative": 0.93, "bus_lcPushy": 0.2, "bus_lcSublane": 0.27, "bus_max_v": 10.89, "bus_tau_mean": 1.99, "bus_tau_std": 1.04, "car_acc": 1.59, "car_dcc": 1.31, "car_lcCooperative": 0.24, "car_lcPushy": 0.12, "car_lcSublane": 0.76, "car_max_v": 8.2, "car_tau_mean": 2.69, "car_tau_std": 9.0}, "datetime": {"datetime": "2024-07-31 18:37:49", "elapsed": 22741.521519, "delta": 21.392399}}
{"target": 55.67107298991193, "params": {"bus_acc": 1.88, "bus_dcc": 2.38, "bus_lcCooperative": 0.72, "bus_lcPushy": 0.43, "bus_lcSublane": 0.9, "bus_max_v": 13.53, "bus_tau_mean": 1.12, "bus_tau_std": 4.21, "car_acc": 1.94, "car_dcc": 4.74, "car_lcCooperative": 0.72, "car_lcPushy": 1.0, "car_lcSublane": 0.78, "car_max_v": 14.56, "car_tau_mean": 1.6, "car_tau_std": 2.95}, "datetime": {"datetime": "2024-07-31 18:39:03", "elapsed": 22815.349432, "delta": 73.827913}}
{"target": 57.95682955828423, "params": {"bus_acc": 1.68, "bus_dcc": 3.29, "bus_lcCooperative": 0.21, "bus_lcPushy": 0.45, "bus_lcSublane": 0.04, "bus_max_v": 11.88, "bus_tau_mean": 2.2, "bus_tau_std": 3.24, "car_acc": 1.08, "car_dcc": 3.13, "car_lcCooperative": 0.37, "car_lcPushy": 1.0, "car_lcSublane": 0.29, "car_max_v": 9.16, "car_tau_mean": 2.05, "car_tau_std": 13.82}, "datetime": {"datetime": "2024-07-31 18:39:52", "elapsed": 22864.15465, "delta": 48.805218}}
{"target": 57.82315112916295, "params": {"bus_acc": 1.71, "bus_dcc": 2.6, "bus_lcCooperative": 0.33, "bus_lcPushy": 0.57, "bus_lcSublane": 0.47, "bus_max_v": 10.79, "bus_tau_mean": 2.37, "bus_tau_std": 1.35, "car_acc": 2.01, "car_dcc": 1.82, "car_lcCooperative": 0.11, "car_lcPushy": 0.82, "car_lcSublane": 0.61, "car_max_v": 9.38, "car_tau_mean": 1.51, "car_tau_std": 8.62}, "datetime": {"datetime": "2024-07-31 18:41:27", "elapsed": 22959.206682, "delta": 95.052032}}
{"target": 57.02313981710565, "params": {"bus_acc": 1.22, "bus_dcc": 1.16, "bus_lcCooperative": 0.67, "bus_lcPushy": 0.86, "bus_lcSublane": 0.66, "bus_max_v": 12.66, "bus_tau_mean": 2.07, "bus_tau_std": 10.7, "car_acc": 2.78, "car_dcc": 3.66, "car_lcCooperative": 0.06, "car_lcPushy": 0.74, "car_lcSublane": 0.01, "car_max_v": 12.38, "car_tau_mean": 1.01, "car_tau_std": 8.57}, "datetime": {"datetime": "2024-07-31 18:46:11", "elapsed": 23242.653209, "delta": 283.446527}}
{"target": 58.037794000746544, "params": {"bus_acc": 1.24, "bus_dcc": 1.48, "bus_lcCooperative": 0.32, "bus_lcPushy": 0.5, "bus_lcSublane": 0.21, "bus_max_v": 10.39, "bus_tau_mean": 1.45, "bus_tau_std": 0.48, "car_acc": 1.1, "car_dcc": 2.68, "car_lcCooperative": 0.09, "car_lcPushy": 0.58, "car_lcSublane": 0.24, "car_max_v": 8.23, "car_tau_mean": 1.64, "car_tau_std": 9.14}, "datetime": {"datetime": "2024-07-31 18:48:09", "elapsed": 23360.939516, "delta": 118.286307}}
{"target": 58.21516141725578, "params": {"bus_acc": 2.0, "bus_dcc": 3.51, "bus_lcCooperative": 0.88, "bus_lcPushy": 0.05, "bus_lcSublane": 0.74, "bus_max_v": 9.32, "bus_tau_mean": 2.64, "bus_tau_std": 3.52, "car_acc": 2.6, "car_dcc": 2.59, "car_lcCooperative": 0.32, "car_lcPushy": 0.02, "car_lcSublane": 0.81, "car_max_v": 8.11, "car_tau_mean": 1.74, "car_tau_std": 12.5}, "datetime": {"datetime": "2024-07-31 18:49:08", "elapsed": 23419.938573, "delta": 58.999057}}
{"target": 58.5310028893681, "params": {"bus_acc": 1.24, "bus_dcc": 2.08, "bus_lcCooperative": 0.11, "bus_lcPushy": 0.25, "bus_lcSublane": 0.26, "bus_max_v": 14.05, "bus_tau_mean": 1.1, "bus_tau_std": 5.44, "car_acc": 1.05, "car_dcc": 3.9, "car_lcCooperative": 0.1, "car_lcPushy": 0.39, "car_lcSublane": 0.29, "car_max_v": 8.77, "car_tau_mean": 1.68, "car_tau_std": 5.79}, "datetime": {"datetime": "2024-07-31 18:49:23", "elapsed": 23435.156062, "delta": 15.217489}}
{"target": 57.2350051614776, "params": {"bus_acc": 1.16, "bus_dcc": 3.97, "bus_lcCooperative": 0.42, "bus_lcPushy": 0.27, "bus_lcSublane": 0.62, "bus_max_v": 11.8, "bus_tau_mean": 1.99, "bus_tau_std": 3.81, "car_acc": 1.48, "car_dcc": 3.11, "car_lcCooperative": 0.11, "car_lcPushy": 0.43, "car_lcSublane": 0.05, "car_max_v": 11.19, "car_tau_mean": 1.32, "car_tau_std": 14.47}, "datetime": {"datetime": "2024-07-31 18:50:25", "elapsed": 23497.378945, "delta": 62.222883}}
{"target": 58.2962002792075, "params": {"bus_acc": 1.84, "bus_dcc": 2.48, "bus_lcCooperative": 0.57, "bus_lcPushy": 0.65, "bus_lcSublane": 0.53, "bus_max_v": 8.05, "bus_tau_mean": 2.14, "bus_tau_std": 11.15, "car_acc": 2.21, "car_dcc": 1.7, "car_lcCooperative": 0.5, "car_lcPushy": 0.87, "car_lcSublane": 0.72, "car_max_v": 9.38, "car_tau_mean": 2.59, "car_tau_std": 12.94}, "datetime": {"datetime": "2024-07-31 18:55:11", "elapsed": 23783.189344, "delta": 285.810399}}
{"target": 57.72978008916494, "params": {"bus_acc": 1.92, "bus_dcc": 2.02, "bus_lcCooperative": 0.44, "bus_lcPushy": 0.48, "bus_lcSublane": 0.52, "bus_max_v": 14.5, "bus_tau_mean": 1.19, "bus_tau_std": 5.67, "car_acc": 1.55, "car_dcc": 2.95, "car_lcCooperative": 0.76, "car_lcPushy": 0.88, "car_lcSublane": 0.71, "car_max_v": 9.03, "car_tau_mean": 2.55, "car_tau_std": 5.15}, "datetime": {"datetime": "2024-07-31 18:57:21", "elapsed": 23913.058067, "delta": 129.868723}}
{"target": 57.00915061681637, "params": {"bus_acc": 1.27, "bus_dcc": 3.25, "bus_lcCooperative": 0.05, "bus_lcPushy": 0.27, "bus_lcSublane": 0.77, "bus_max_v": 12.06, "bus_tau_mean": 1.55, "bus_tau_std": 4.66, "car_acc": 2.92, "car_dcc": 3.54, "car_lcCooperative": 0.79, "car_lcPushy": 0.79, "car_lcSublane": 0.87, "car_max_v": 11.03, "car_tau_mean": 1.42, "car_tau_std": 5.03}, "datetime": {"datetime": "2024-07-31 18:57:42", "elapsed": 23934.433208, "delta": 21.375141}}
{"target": 57.74164462385835, "params": {"bus_acc": 1.73, "bus_dcc": 2.29, "bus_lcCooperative": 0.32, "bus_lcPushy": 0.93, "bus_lcSublane": 0.01, "bus_max_v": 10.1, "bus_tau_mean": 1.55, "bus_tau_std": 1.06, "car_acc": 1.46, "car_dcc": 1.54, "car_lcCooperative": 0.39, "car_lcPushy": 0.5, "car_lcSublane": 0.48, "car_max_v": 8.29, "car_tau_mean": 2.25, "car_tau_std": 8.65}, "datetime": {"datetime": "2024-07-31 18:59:22", "elapsed": 24034.421128, "delta": 99.98792}}
