{"target": -0.06898639432503295, "params": {"bus_acc": 1.9601, "bus_dcc": 1.6068, "bus_lcAssertive": 51.2802, "bus_lcCooperative": 0.3979, "bus_lcLookaheadLeft": 20.8108, "bus_lcPushy": 0.0408, "bus_lcSublane": 0.7234, "bus_tau_mean": 0.7286, "bus_tau_std": 3.3192, "bus_v_mean": 18.3938, "bus_v_std": 4.1868, "car_acc": 1.3796, "car_dcc": 3.614, "car_lcAssertive": 4.0782, "car_lcCooperative": 0.2745, "car_lcLookaheadLeft": 7.2055, "car_lcPushy": 0.7757, "car_lcSublane": 0.9597, "car_tau_mean": 3.2704, "car_tau_std": 9.5643, "car_v_mean": 21.3612, "car_v_std": 6.2575}, "datetime": {"datetime": "2024-08-05 17:55:11", "elapsed": 534.781297, "delta": 2.195807}}
{"target": -0.06081608706612358, "params": {"bus_acc": 1.4365, "bus_dcc": 1.9125, "bus_lcAssertive": 21.7382, "bus_lcCooperative": 0.4643, "bus_lcLookaheadLeft": 14.9718, "bus_lcPushy": 0.2451, "bus_lcSublane": 0.3799, "bus_tau_mean": 2.8516, "bus_tau_std": 3.928, "bus_v_mean": 12.363, "bus_v_std": 7.499, "car_acc": 1.9517, "car_dcc": 1.7303, "car_lcAssertive": 48.0264, "car_lcCooperative": 0.8057, "car_lcLookaheadLeft": 21.3273, "car_lcPushy": 0.9598, "car_lcSublane": 0.1931, "car_tau_mean": 3.9895, "car_tau_std": 3.4452, "car_v_mean": 21.0666, "car_v_std": 6.9953}, "datetime": {"datetime": "2024-08-05 17:55:13", "elapsed": 536.659587, "delta": 1.87829}}
{"target": -0.0574367142926358, "params": {"bus_acc": 1.1221, "bus_dcc": 3.3099, "bus_lcAssertive": 87.3295, "bus_lcCooperative": 0.656, "bus_lcLookaheadLeft": 30.6954, "bus_lcPushy": 0.7393, "bus_lcSublane": 0.4663, "bus_tau_mean": 1.1183, "bus_tau_std": 6.1454, "bus_v_mean": 21.6628, "bus_v_std": 8.8618, "car_acc": 2.1267, "car_dcc": 3.2695, "car_lcAssertive": 77.2997, "car_lcCooperative": 0.5268, "car_lcLookaheadLeft": 56.3058, "car_lcPushy": 0.9045, "car_lcSublane": 0.4534, "car_tau_mean": 0.5573, "car_tau_std": 7.5765, "car_v_mean": 16.5114, "car_v_std": 6.2597}, "datetime": {"datetime": "2024-08-05 17:55:15", "elapsed": 538.961058, "delta": 2.301471}}
{"target": -0.06150531728574384, "params": {"bus_acc": 1.3681, "bus_dcc": 2.6591, "bus_lcAssertive": 75.8928, "bus_lcCooperative": 0.7415, "bus_lcLookaheadLeft": 19.2053, "bus_lcPushy": 0.6864, "bus_lcSublane": 0.6625, "bus_tau_mean": 3.2739, "bus_tau_std": 0.8576, "bus_v_mean": 20.3019, "bus_v_std": 3.4349, "car_acc": 2.972, "car_dcc": 2.2524, "car_lcAssertive": 68.4403, "car_lcCooperative": 0.3191, "car_lcLookaheadLeft": 25.8563, "car_lcPushy": 0.2242, "car_lcSublane": 0.8163, "car_tau_mean": 3.0456, "car_tau_std": 8.2755, "car_v_mean": 23.9887, "car_v_std": 6.9662}, "datetime": {"datetime": "2024-08-05 17:55:18", "elapsed": 541.460552, "delta": 2.499494}}
{"target": -0.05381529425416997, "params": {"bus_acc": 1.6025, "bus_dcc": 2.328, "bus_lcAssertive": 19.6751, "bus_lcCooperative": 0.5633, "bus_lcLookaheadLeft": 35.5746, "bus_lcPushy": 0.7649, "bus_lcSublane": 0.6101, "bus_tau_mean": 2.9698, "bus_tau_std": 4.4783, "bus_v_mean": 14.5384, "bus_v_std": 2.8749, "car_acc": 2.4153, "car_dcc": 3.7566, "car_lcAssertive": 99.7404, "car_lcCooperative": 0.1516, "car_lcLookaheadLeft": 37.5241, "car_lcPushy": 0.0995, "car_lcSublane": 0.07, "car_tau_mean": 1.5162, "car_tau_std": 2.1161, "car_v_mean": 8.0343, "car_v_std": 6.1195}, "datetime": {"datetime": "2024-08-05 17:55:20", "elapsed": 543.781112, "delta": 2.32056}}
{"target": -0.06328302990610508, "params": {"bus_acc": 2.4161, "bus_dcc": 1.6197, "bus_lcAssertive": 28.2916, "bus_lcCooperative": 0.9872, "bus_lcLookaheadLeft": 54.6521, "bus_lcPushy": 0.5988, "bus_lcSublane": 0.5039, "bus_tau_mean": 1.7146, "bus_tau_std": 5.3729, "bus_v_mean": 18.9201, "bus_v_std": 4.3605, "car_acc": 2.4631, "car_dcc": 3.4843, "car_lcAssertive": 39.3301, "car_lcCooperative": 0.9628, "car_lcLookaheadLeft": 77.214, "car_lcPushy": 0.6345, "car_lcSublane": 0.0904, "car_tau_mean": 3.6029, "car_tau_std": 5.1268, "car_v_mean": 14.292, "car_v_std": 2.5653}, "datetime": {"datetime": "2024-08-05 17:55:22", "elapsed": 545.97544, "delta": 2.194328}}
{"target": -0.05752997523284948, "params": {"bus_acc": 1.182, "bus_dcc": 1.2597, "bus_lcAssertive": 92.2909, "bus_lcCooperative": 0.1923, "bus_lcLookaheadLeft": 81.3695, "bus_lcPushy": 0.0503, "bus_lcSublane": 0.474, "bus_tau_mean": 3.1363, "bus_tau_std": 9.4774, "bus_v_mean": 22.8357, "bus_v_std": 6.2209, "car_acc": 1.4163, "car_dcc": 3.2004, "car_lcAssertive": 89.7188, "car_lcCooperative": 0.3191, "car_lcLookaheadLeft": 12.8452, "car_lcPushy": 0.9268, "car_lcSublane": 0.3534, "car_tau_mean": 1.9416, "car_tau_std": 0.9232, "car_v_mean": 23.9146, "car_v_std": 9.8529}, "datetime": {"datetime": "2024-08-05 17:55:24", "elapsed": 548.211447, "delta": 2.236007}}
{"target": -0.04939475730477368, "params": {"bus_acc": 1.9837, "bus_dcc": 3.574, "bus_lcAssertive": 2.9507, "bus_lcCooperative": 0.9134, "bus_lcLookaheadLeft": 37.2596, "bus_lcPushy": 0.2986, "bus_lcSublane": 0.0085, "bus_tau_mean": 3.7804, "bus_tau_std": 6.5771, "bus_v_mean": 10.1705, "bus_v_std": 6.2812, "car_acc": 1.9629, "car_dcc": 2.2955, "car_lcAssertive": 20.8366, "car_lcCooperative": 0.1241, "car_lcLookaheadLeft": 95.8827, "car_lcPushy": 0.9809, "car_lcSublane": 0.868, "car_tau_mean": 1.5081, "car_tau_std": 8.7642, "car_v_mean": 12.9342, "car_v_std": 5.6393}, "datetime": {"datetime": "2024-08-05 17:55:26", "elapsed": 549.876667, "delta": 1.66522}}
{"target": -0.06067976362602161, "params": {"bus_acc": 2.1322, "bus_dcc": 2.6605, "bus_lcAssertive": 94.023, "bus_lcCooperative": 0.1787, "bus_lcLookaheadLeft": 88.3106, "bus_lcPushy": 0.4858, "bus_lcSublane": 0.5977, "bus_tau_mean": 1.7807, "bus_tau_std": 4.8199, "bus_v_mean": 21.1289, "bus_v_std": 5.4849, "car_acc": 1.6246, "car_dcc": 3.164, "car_lcAssertive": 1.7672, "car_lcCooperative": 0.0965, "car_lcLookaheadLeft": 48.3419, "car_lcPushy": 0.0008, "car_lcSublane": 0.2885, "car_tau_mean": 3.7587, "car_tau_std": 6.3838, "car_v_mean": 14.6582, "car_v_std": 3.1311}, "datetime": {"datetime": "2024-08-05 17:55:29", "elapsed": 552.76382, "delta": 2.887153}}
{"target": -0.0643163799192618, "params": {"bus_acc": 1.2175, "bus_dcc": 2.4671, "bus_lcAssertive": 94.8713, "bus_lcCooperative": 0.1167, "bus_lcLookaheadLeft": 93.6776, "bus_lcPushy": 0.9076, "bus_lcSublane": 0.0282, "bus_tau_mean": 3.9394, "bus_tau_std": 1.004, "bus_v_mean": 17.0201, "bus_v_std": 1.9772, "car_acc": 2.0834, "car_dcc": 1.3101, "car_lcAssertive": 36.1252, "car_lcCooperative": 0.5478, "car_lcLookaheadLeft": 33.5283, "car_lcPushy": 0.9808, "car_lcSublane": 0.0099, "car_tau_mean": 2.1948, "car_tau_std": 3.7317, "car_v_mean": 22.385, "car_v_std": 9.4447}, "datetime": {"datetime": "2024-08-05 17:55:31", "elapsed": 554.721341, "delta": 1.957521}}
{"target": -0.0567881596871317, "params": {"bus_acc": 1.1656, "bus_dcc": 1.5696, "bus_lcAssertive": 46.7339, "bus_lcCooperative": 0.0719, "bus_lcLookaheadLeft": 80.4722, "bus_lcPushy": 0.9658, "bus_lcSublane": 0.0724, "bus_tau_mean": 1.9217, "bus_tau_std": 5.3999, "bus_v_mean": 23.1765, "bus_v_std": 4.5287, "car_acc": 1.0988, "car_dcc": 3.2009, "car_lcAssertive": 59.4672, "car_lcCooperative": 0.5637, "car_lcLookaheadLeft": 88.0923, "car_lcPushy": 0.3149, "car_lcSublane": 0.0706, "car_tau_mean": 3.3124, "car_tau_std": 1.0487, "car_v_mean": 17.6006, "car_v_std": 0.6551}, "datetime": {"datetime": "2024-08-05 17:55:33", "elapsed": 556.63412, "delta": 1.912779}}
{"target": -0.062332431287049794, "params": {"bus_acc": 2.122, "bus_dcc": 3.0765, "bus_lcAssertive": 96.1487, "bus_lcCooperative": 0.0221, "bus_lcLookaheadLeft": 78.9029, "bus_lcPushy": 0.0504, "bus_lcSublane": 0.2412, "bus_tau_mean": 0.6996, "bus_tau_std": 0.0755, "bus_v_mean": 18.7371, "bus_v_std": 8.5292, "car_acc": 1.4181, "car_dcc": 1.0756, "car_lcAssertive": 93.7718, "car_lcCooperative": 0.6629, "car_lcLookaheadLeft": 41.0558, "car_lcPushy": 0.6999, "car_lcSublane": 0.0239, "car_tau_mean": 2.8542, "car_tau_std": 6.3033, "car_v_mean": 13.6905, "car_v_std": 8.8926}, "datetime": {"datetime": "2024-08-05 17:55:35", "elapsed": 558.663618, "delta": 2.029498}}
{"target": -0.044227597588485566, "params": {"bus_acc": 1.9942, "bus_dcc": 2.7007, "bus_lcAssertive": 28.795, "bus_lcCooperative": 0.1507, "bus_lcLookaheadLeft": 11.1548, "bus_lcPushy": 0.0951, "bus_lcSublane": 0.0754, "bus_tau_mean": 1.2234, "bus_tau_std": 9.6455, "bus_v_mean": 21.5931, "bus_v_std": 0.0295, "car_acc": 2.9445, "car_dcc": 2.4845, "car_lcAssertive": 88.3705, "car_lcCooperative": 0.4112, "car_lcLookaheadLeft": 61.2611, "car_lcPushy": 0.3053, "car_lcSublane": 0.8799, "car_tau_mean": 1.3147, "car_tau_std": 6.0746, "car_v_mean": 9.7338, "car_v_std": 1.8793}, "datetime": {"datetime": "2024-08-05 17:55:38", "elapsed": 561.417418, "delta": 2.7538}}
{"target": -0.07185747436404269, "params": {"bus_acc": 2.1668, "bus_dcc": 2.9881, "bus_lcAssertive": 77.8548, "bus_lcCooperative": 0.4273, "bus_lcLookaheadLeft": 22.5673, "bus_lcPushy": 0.2109, "bus_lcSublane": 0.9176, "bus_tau_mean": 3.9379, "bus_tau_std": 2.4029, "bus_v_mean": 14.2031, "bus_v_std": 6.7552, "car_acc": 2.4641, "car_dcc": 3.1299, "car_lcAssertive": 25.9068, "car_lcCooperative": 0.7884, "car_lcLookaheadLeft": 40.8584, "car_lcPushy": 0.5661, "car_lcSublane": 0.1416, "car_tau_mean": 1.1128, "car_tau_std": 4.0173, "car_v_mean": 18.4244, "car_v_std": 2.3995}, "datetime": {"datetime": "2024-08-05 17:55:39", "elapsed": 563.117548, "delta": 1.70013}}
{"target": -0.05404883077485606, "params": {"bus_acc": 2.6557, "bus_dcc": 3.5801, "bus_lcAssertive": 80.4987, "bus_lcCooperative": 0.3858, "bus_lcLookaheadLeft": 25.0673, "bus_lcPushy": 0.4819, "bus_lcSublane": 0.5365, "bus_tau_mean": 1.532, "bus_tau_std": 6.9929, "bus_v_mean": 14.8492, "bus_v_std": 4.893, "car_acc": 1.6968, "car_dcc": 3.5932, "car_lcAssertive": 86.0177, "car_lcCooperative": 0.9142, "car_lcLookaheadLeft": 78.4539, "car_lcPushy": 0.941, "car_lcSublane": 0.8285, "car_tau_mean": 3.3502, "car_tau_std": 3.6841, "car_v_mean": 17.2006, "car_v_std": 6.9519}, "datetime": {"datetime": "2024-08-05 17:55:42", "elapsed": 565.626469, "delta": 2.508921}}
{"target": -0.060005459434072456, "params": {"bus_acc": 1.2701, "bus_dcc": 1.6008, "bus_lcAssertive": 40.8272, "bus_lcCooperative": 0.4805, "bus_lcLookaheadLeft": 57.216, "bus_lcPushy": 0.1088, "bus_lcSublane": 0.9039, "bus_tau_mean": 2.5523, "bus_tau_std": 3.5738, "bus_v_mean": 15.8228, "bus_v_std": 0.2184, "car_acc": 2.4388, "car_dcc": 2.5497, "car_lcAssertive": 70.7359, "car_lcCooperative": 0.8171, "car_lcLookaheadLeft": 93.2873, "car_lcPushy": 0.7865, "car_lcSublane": 0.9074, "car_tau_mean": 3.3364, "car_tau_std": 0.8783, "car_v_mean": 17.752, "car_v_std": 9.5222}, "datetime": {"datetime": "2024-08-05 17:55:44", "elapsed": 568.277002, "delta": 2.650533}}
{"target": -0.057455783617034566, "params": {"bus_acc": 1.9216, "bus_dcc": 3.6625, "bus_lcAssertive": 4.1056, "bus_lcCooperative": 0.4714, "bus_lcLookaheadLeft": 62.2749, "bus_lcPushy": 0.6252, "bus_lcSublane": 0.4915, "bus_tau_mean": 2.4322, "bus_tau_std": 3.055, "bus_v_mean": 21.6371, "bus_v_std": 6.724, "car_acc": 1.2857, "car_dcc": 2.3543, "car_lcAssertive": 37.0944, "car_lcCooperative": 0.6666, "car_lcLookaheadLeft": 58.7005, "car_lcPushy": 0.2891, "car_lcSublane": 0.2784, "car_tau_mean": 3.8398, "car_tau_std": 2.4851, "car_v_mean": 22.9493, "car_v_std": 9.4523}, "datetime": {"datetime": "2024-08-05 17:55:47", "elapsed": 570.51506, "delta": 2.238058}}
{"target": -0.050486066345962574, "params": {"bus_acc": 2.1673, "bus_dcc": 3.9131, "bus_lcAssertive": 67.69, "bus_lcCooperative": 0.9073, "bus_lcLookaheadLeft": 37.3758, "bus_lcPushy": 0.3325, "bus_lcSublane": 0.9843, "bus_tau_mean": 3.5215, "bus_tau_std": 4.9453, "bus_v_mean": 21.7383, "bus_v_std": 0.9574, "car_acc": 1.937, "car_dcc": 3.3528, "car_lcAssertive": 99.1714, "car_lcCooperative": 0.7043, "car_lcLookaheadLeft": 21.0792, "car_lcPushy": 0.9229, "car_lcSublane": 0.2936, "car_tau_mean": 1.2102, "car_tau_std": 3.7724, "car_v_mean": 8.6464, "car_v_std": 0.8844}, "datetime": {"datetime": "2024-08-05 17:55:49", "elapsed": 572.634145, "delta": 2.119085}}
{"target": -0.0623687245912501, "params": {"bus_acc": 2.3147, "bus_dcc": 3.1703, "bus_lcAssertive": 43.2202, "bus_lcCooperative": 0.7261, "bus_lcLookaheadLeft": 89.2065, "bus_lcPushy": 0.9415, "bus_lcSublane": 0.6139, "bus_tau_mean": 3.7141, "bus_tau_std": 8.2543, "bus_v_mean": 15.4183, "bus_v_std": 4.6854, "car_acc": 2.2684, "car_dcc": 3.0706, "car_lcAssertive": 88.138, "car_lcCooperative": 0.4883, "car_lcLookaheadLeft": 6.1835, "car_lcPushy": 0.9438, "car_lcSublane": 0.9249, "car_tau_mean": 2.0355, "car_tau_std": 7.8854, "car_v_mean": 13.8734, "car_v_std": 1.2631}, "datetime": {"datetime": "2024-08-05 17:55:51", "elapsed": 574.732929, "delta": 2.098784}}
{"target": -0.06156028308423286, "params": {"bus_acc": 2.5557, "bus_dcc": 1.2952, "bus_lcAssertive": 92.9101, "bus_lcCooperative": 0.7165, "bus_lcLookaheadLeft": 33.3164, "bus_lcPushy": 0.7748, "bus_lcSublane": 0.6461, "bus_tau_mean": 3.8101, "bus_tau_std": 1.4894, "bus_v_mean": 14.2037, "bus_v_std": 1.7656, "car_acc": 1.3385, "car_dcc": 3.4289, "car_lcAssertive": 43.6939, "car_lcCooperative": 0.7512, "car_lcLookaheadLeft": 87.2084, "car_lcPushy": 0.25, "car_lcSublane": 0.2855, "car_tau_mean": 3.3525, "car_tau_std": 8.3768, "car_v_mean": 23.3251, "car_v_std": 5.375}, "datetime": {"datetime": "2024-08-05 17:55:54", "elapsed": 577.600621, "delta": 2.867692}}
{"target": -0.06100207604344339, "params": {"bus_acc": 1.17, "bus_dcc": 1.46, "bus_lcAssertive": 93.3406, "bus_lcCooperative": 0.8281, "bus_lcLookaheadLeft": 13.7073, "bus_lcPushy": 0.6601, "bus_lcSublane": 0.7142, "bus_tau_mean": 2.4971, "bus_tau_std": 6.3283, "bus_v_mean": 16.9413, "bus_v_std": 2.0012, "car_acc": 1.5961, "car_dcc": 1.0353, "car_lcAssertive": 59.252, "car_lcCooperative": 0.9883, "car_lcLookaheadLeft": 16.8603, "car_lcPushy": 0.3032, "car_lcSublane": 0.4222, "car_tau_mean": 3.4841, "car_tau_std": 7.6242, "car_v_mean": 16.0023, "car_v_std": 0.8625}, "datetime": {"datetime": "2024-08-05 17:55:58", "elapsed": 581.860529, "delta": 4.259908}}
{"target": -0.06802345731186406, "params": {"bus_acc": 2.8756, "bus_dcc": 3.7967, "bus_lcAssertive": 47.2322, "bus_lcCooperative": 0.918, "bus_lcLookaheadLeft": 15.1991, "bus_lcPushy": 0.4532, "bus_lcSublane": 0.6345, "bus_tau_mean": 1.6683, "bus_tau_std": 5.8196, "bus_v_mean": 19.6919, "bus_v_std": 5.3189, "car_acc": 1.764, "car_dcc": 2.7178, "car_lcAssertive": 14.2243, "car_lcCooperative": 0.1771, "car_lcLookaheadLeft": 3.3702, "car_lcPushy": 0.7865, "car_lcSublane": 0.3335, "car_tau_mean": 2.3155, "car_tau_std": 1.3073, "car_v_mean": 22.2198, "car_v_std": 5.9378}, "datetime": {"datetime": "2024-08-05 17:56:00", "elapsed": 583.976727, "delta": 2.116198}}
{"target": -0.06324648993380726, "params": {"bus_acc": 2.6301, "bus_dcc": 1.353, "bus_lcAssertive": 34.6018, "bus_lcCooperative": 0.602, "bus_lcLookaheadLeft": 72.1965, "bus_lcPushy": 0.8041, "bus_lcSublane": 0.5113, "bus_tau_mean": 3.2137, "bus_tau_std": 8.1721, "bus_v_mean": 17.2733, "bus_v_std": 2.0499, "car_acc": 1.7201, "car_dcc": 3.6097, "car_lcAssertive": 28.1372, "car_lcCooperative": 0.7759, "car_lcLookaheadLeft": 19.6172, "car_lcPushy": 0.9077, "car_lcSublane": 0.2184, "car_tau_mean": 1.1224, "car_tau_std": 0.6133, "car_v_mean": 18.6512, "car_v_std": 2.9848}, "datetime": {"datetime": "2024-08-05 17:56:02", "elapsed": 586.228382, "delta": 2.251655}}
{"target": -0.055333138663269874, "params": {"bus_acc": 2.9278, "bus_dcc": 3.2579, "bus_lcAssertive": 92.0972, "bus_lcCooperative": 0.0912, "bus_lcLookaheadLeft": 24.2057, "bus_lcPushy": 0.0118, "bus_lcSublane": 0.9765, "bus_tau_mean": 1.8362, "bus_tau_std": 6.812, "bus_v_mean": 8.9889, "bus_v_std": 8.2188, "car_acc": 1.1956, "car_dcc": 1.8941, "car_lcAssertive": 34.9138, "car_lcCooperative": 0.7229, "car_lcLookaheadLeft": 86.7607, "car_lcPushy": 0.245, "car_lcSublane": 0.7944, "car_tau_mean": 1.0814, "car_tau_std": 5.0524, "car_v_mean": 22.592, "car_v_std": 0.5306}, "datetime": {"datetime": "2024-08-05 17:56:05", "elapsed": 588.346089, "delta": 2.117707}}
{"target": -0.055706401861384744, "params": {"bus_acc": 2.4063, "bus_dcc": 1.3604, "bus_lcAssertive": 69.6403, "bus_lcCooperative": 0.7795, "bus_lcLookaheadLeft": 82.2605, "bus_lcPushy": 0.8818, "bus_lcSublane": 0.8557, "bus_tau_mean": 3.9838, "bus_tau_std": 2.1516, "bus_v_mean": 19.1467, "bus_v_std": 0.7751, "car_acc": 1.7974, "car_dcc": 3.7139, "car_lcAssertive": 87.7771, "car_lcCooperative": 0.111, "car_lcLookaheadLeft": 89.3711, "car_lcPushy": 0.1566, "car_lcSublane": 0.8985, "car_tau_mean": 0.6272, "car_tau_std": 1.6848, "car_v_mean": 10.0941, "car_v_std": 7.5354}, "datetime": {"datetime": "2024-08-05 17:56:07", "elapsed": 590.44345, "delta": 2.097361}}
{"target": -0.07028056507432139, "params": {"bus_acc": 1.7685, "bus_dcc": 1.9911, "bus_lcAssertive": 24.1467, "bus_lcCooperative": 0.9366, "bus_lcLookaheadLeft": 41.8905, "bus_lcPushy": 0.6389, "bus_lcSublane": 0.2855, "bus_tau_mean": 1.3114, "bus_tau_std": 2.8884, "bus_v_mean": 17.1878, "bus_v_std": 8.5005, "car_acc": 2.6846, "car_dcc": 3.3322, "car_lcAssertive": 76.6165, "car_lcCooperative": 0.3116, "car_lcLookaheadLeft": 13.4329, "car_lcPushy": 0.7727, "car_lcSublane": 0.1632, "car_tau_mean": 1.2028, "car_tau_std": 9.1088, "car_v_mean": 21.6355, "car_v_std": 5.1046}, "datetime": {"datetime": "2024-08-05 17:56:09", "elapsed": 592.487265, "delta": 2.043815}}
{"target": -0.05105563536382279, "params": {"bus_acc": 2.6033, "bus_dcc": 2.0597, "bus_lcAssertive": 76.5928, "bus_lcCooperative": 0.5036, "bus_lcLookaheadLeft": 12.6402, "bus_lcPushy": 0.7235, "bus_lcSublane": 0.7811, "bus_tau_mean": 3.7627, "bus_tau_std": 6.8163, "bus_v_mean": 11.063, "bus_v_std": 4.0399, "car_acc": 2.7294, "car_dcc": 3.6317, "car_lcAssertive": 49.6473, "car_lcCooperative": 0.3172, "car_lcLookaheadLeft": 28.3013, "car_lcPushy": 0.6778, "car_lcSublane": 0.7895, "car_tau_mean": 0.5797, "car_tau_std": 9.0546, "car_v_mean": 10.5727, "car_v_std": 4.6201}, "datetime": {"datetime": "2024-08-05 17:56:11", "elapsed": 594.489125, "delta": 2.00186}}
{"target": -0.061700425215908926, "params": {"bus_acc": 2.1827, "bus_dcc": 1.6613, "bus_lcAssertive": 80.4854, "bus_lcCooperative": 0.6845, "bus_lcLookaheadLeft": 9.1007, "bus_lcPushy": 0.431, "bus_lcSublane": 0.9825, "bus_tau_mean": 1.4244, "bus_tau_std": 7.6501, "bus_v_mean": 19.9619, "bus_v_std": 5.8136, "car_acc": 2.2243, "car_dcc": 1.2742, "car_lcAssertive": 75.9472, "car_lcCooperative": 0.47, "car_lcLookaheadLeft": 92.624, "car_lcPushy": 0.0954, "car_lcSublane": 0.661, "car_tau_mean": 3.3033, "car_tau_std": 5.8773, "car_v_mean": 14.9913, "car_v_std": 7.4487}, "datetime": {"datetime": "2024-08-05 17:56:14", "elapsed": 597.385155, "delta": 2.89603}}
{"target": -0.05757043535264972, "params": {"bus_acc": 1.1717, "bus_dcc": 2.4298, "bus_lcAssertive": 13.9884, "bus_lcCooperative": 0.6033, "bus_lcLookaheadLeft": 90.4906, "bus_lcPushy": 0.8665, "bus_lcSublane": 0.1796, "bus_tau_mean": 3.8965, "bus_tau_std": 3.486, "bus_v_mean": 22.606, "bus_v_std": 6.5566, "car_acc": 1.0867, "car_dcc": 1.3472, "car_lcAssertive": 23.1988, "car_lcCooperative": 0.6424, "car_lcLookaheadLeft": 65.4488, "car_lcPushy": 0.0351, "car_lcSublane": 0.28, "car_tau_mean": 1.6237, "car_tau_std": 7.2607, "car_v_mean": 18.4703, "car_v_std": 3.064}, "datetime": {"datetime": "2024-08-05 17:56:16", "elapsed": 599.472577, "delta": 2.087422}}
{"target": -0.05170246118081709, "params": {"bus_acc": 2.6035, "bus_dcc": 1.2551, "bus_lcAssertive": 58.087, "bus_lcCooperative": 0.0653, "bus_lcLookaheadLeft": 15.3867, "bus_lcPushy": 0.4737, "bus_lcSublane": 0.5134, "bus_tau_mean": 1.2064, "bus_tau_std": 2.8617, "bus_v_mean": 11.1178, "bus_v_std": 6.4386, "car_acc": 1.5339, "car_dcc": 2.9763, "car_lcAssertive": 73.2104, "car_lcCooperative": 0.3257, "car_lcLookaheadLeft": 94.6239, "car_lcPushy": 0.5926, "car_lcSublane": 0.9909, "car_tau_mean": 2.0754, "car_tau_std": 0.0503, "car_v_mean": 8.8194, "car_v_std": 2.882}, "datetime": {"datetime": "2024-08-05 17:56:18", "elapsed": 601.419143, "delta": 1.946566}}
{"target": -0.05301071850904586, "params": {"bus_acc": 1.568, "bus_dcc": 2.3843, "bus_lcAssertive": 78.7543, "bus_lcCooperative": 0.0039, "bus_lcLookaheadLeft": 58.8905, "bus_lcPushy": 0.0442, "bus_lcSublane": 0.9288, "bus_tau_mean": 1.4261, "bus_tau_std": 7.4058, "bus_v_mean": 17.1111, "bus_v_std": 4.1917, "car_acc": 1.7198, "car_dcc": 1.7423, "car_lcAssertive": 67.8031, "car_lcCooperative": 0.8044, "car_lcLookaheadLeft": 42.0112, "car_lcPushy": 0.8694, "car_lcSublane": 0.8222, "car_tau_mean": 2.187, "car_tau_std": 7.5159, "car_v_mean": 9.4634, "car_v_std": 7.7323}, "datetime": {"datetime": "2024-08-05 17:56:20", "elapsed": 603.811792, "delta": 2.392649}}
{"target": -0.06499187846105245, "params": {"bus_acc": 1.2522, "bus_dcc": 3.9596, "bus_lcAssertive": 58.899, "bus_lcCooperative": 0.0334, "bus_lcLookaheadLeft": 73.145, "bus_lcPushy": 0.5612, "bus_lcSublane": 0.5316, "bus_tau_mean": 1.8185, "bus_tau_std": 1.3076, "bus_v_mean": 12.4835, "bus_v_std": 9.6741, "car_acc": 2.9877, "car_dcc": 2.3953, "car_lcAssertive": 61.3008, "car_lcCooperative": 0.3882, "car_lcLookaheadLeft": 57.3324, "car_lcPushy": 0.9202, "car_lcSublane": 0.3676, "car_tau_mean": 3.9005, "car_tau_std": 1.2846, "car_v_mean": 18.8383, "car_v_std": 3.1014}, "datetime": {"datetime": "2024-08-05 17:56:22", "elapsed": 606.191874, "delta": 2.380082}}
{"target": -0.0689517053592677, "params": {"bus_acc": 1.7191, "bus_dcc": 3.7635, "bus_lcAssertive": 1.3484, "bus_lcCooperative": 0.653, "bus_lcLookaheadLeft": 48.5745, "bus_lcPushy": 0.4463, "bus_lcSublane": 0.211, "bus_tau_mean": 2.6104, "bus_tau_std": 4.7773, "bus_v_mean": 18.211, "bus_v_std": 5.813, "car_acc": 1.8761, "car_dcc": 1.3982, "car_lcAssertive": 87.5295, "car_lcCooperative": 0.4656, "car_lcLookaheadLeft": 84.851, "car_lcPushy": 0.353, "car_lcSublane": 0.3385, "car_tau_mean": 3.8046, "car_tau_std": 6.2858, "car_v_mean": 22.4983, "car_v_std": 2.0219}, "datetime": {"datetime": "2024-08-05 17:56:25", "elapsed": 608.432707, "delta": 2.240833}}
