{"target": -0.2391959360505702, "params": {"bus_acc": 1.0668, "bus_dcc": 1.7498, "bus_lcAssertive": 79.4421, "bus_lcCooperative": 0.7223, "bus_lcLookaheadLeft": 26.1091, "bus_lcPushy": 0.558, "bus_lcSigma": 0.5887, "bus_lcSpeedGainRight": 3.61, "bus_lcSublane": 0.4668, "bus_sigma": 0.408, "bus_tau_mean": 1.5811, "bus_tau_std": 2.3862, "bus_v_mean": 9.4832, "bus_v_std": 12.9208, "car_acc": 3.6814, "car_dcc": 3.0651, "car_lcAssertive": 1.3145, "car_lcCooperative": 0.4414, "car_lcLookaheadLeft": 14.0133, "car_lcPushy": 0.5297, "car_lcSigma": 0.9828, "car_lcSpeedGainRight": 2.4995, "car_lcSublane": 0.3778, "car_sigma": 0.817, "car_tau_mean": 3.8918, "car_tau_std": 2.8743, "car_v_mean": 20.8511, "car_v_std": 19.9259}, "datetime": {"datetime": "2024-08-08 17:59:11", "elapsed": 2136.759519, "delta": 2.145906}}
{"target": -0.28006461764374646, "params": {"bus_acc": 1.6199, "bus_dcc": 3.1947, "bus_lcAssertive": 42.2797, "bus_lcCooperative": 0.2922, "bus_lcLookaheadLeft": 78.0311, "bus_lcPushy": 0.062, "bus_lcSigma": 0.4502, "bus_lcSpeedGainRight": 0.468, "bus_lcSublane": 0.9294, "bus_sigma": 0.522, "bus_tau_mean": 3.0746, "bus_tau_std": 4.2595, "bus_v_mean": 10.5157, "bus_v_std": 10.4194, "car_acc": 4.064, "car_dcc": 3.0936, "car_lcAssertive": 7.0351, "car_lcCooperative": 0.0642, "car_lcLookaheadLeft": 3.493, "car_lcPushy": 0.9833, "car_lcSigma": 0.8906, "car_lcSpeedGainRight": 2.3212, "car_lcSublane": 0.8535, "car_sigma": 0.9884, "car_tau_mean": 3.4487, "car_tau_std": 5.8769, "car_v_mean": 17.6765, "car_v_std": 4.5266}, "datetime": {"datetime": "2024-08-08 17:59:13", "elapsed": 2138.162699, "delta": 1.40318}}
{"target": -0.2785737842019679, "params": {"bus_acc": 2.6088, "bus_dcc": 2.2714, "bus_lcAssertive": 50.5569, "bus_lcCooperative": 0.4581, "bus_lcLookaheadLeft": 8.8309, "bus_lcPushy": 0.3839, "bus_lcSigma": 0.9948, "bus_lcSpeedGainRight": 2.7303, "bus_lcSublane": 0.1339, "bus_sigma": 0.2763, "bus_tau_mean": 0.9569, "bus_tau_std": 6.429, "bus_v_mean": 20.5971, "bus_v_std": 8.6435, "car_acc": 3.8715, "car_dcc": 2.8298, "car_lcAssertive": 63.9096, "car_lcCooperative": 0.2658, "car_lcLookaheadLeft": 54.5803, "car_lcPushy": 0.31, "car_lcSigma": 0.7395, "car_lcSpeedGainRight": 4.5123, "car_lcSublane": 0.8324, "car_sigma": 0.4354, "car_tau_mean": 1.9535, "car_tau_std": 9.4274, "car_v_mean": 8.2843, "car_v_std": 9.7218}, "datetime": {"datetime": "2024-08-08 17:59:16", "elapsed": 2141.890368, "delta": 3.727669}}
{"target": -0.39946108426793664, "params": {"bus_acc": 4.7478, "bus_dcc": 2.9013, "bus_lcAssertive": 15.2638, "bus_lcCooperative": 0.0774, "bus_lcLookaheadLeft": 51.466, "bus_lcPushy": 0.5936, "bus_lcSigma": 0.6574, "bus_lcSpeedGainRight": 2.3588, "bus_lcSublane": 0.9727, "bus_sigma": 0.8833, "bus_tau_mean": 2.3698, "bus_tau_std": 4.6991, "bus_v_mean": 21.8364, "bus_v_std": 19.6491, "car_acc": 4.1447, "car_dcc": 3.5062, "car_lcAssertive": 27.4549, "car_lcCooperative": 0.3056, "car_lcLookaheadLeft": 71.306, "car_lcPushy": 0.8998, "car_lcSigma": 0.8758, "car_lcSpeedGainRight": 0.9994, "car_lcSublane": 0.8781, "car_sigma": 0.0006, "car_tau_mean": 1.7433, "car_tau_std": 2.7737, "car_v_mean": 21.6057, "car_v_std": 0.3595}, "datetime": {"datetime": "2024-08-08 17:59:22", "elapsed": 2147.29258, "delta": 5.402212}}
{"target": -0.24486130048120677, "params": {"bus_acc": 1.0668, "bus_dcc": 1.7498, "bus_lcAssertive": 79.4421, "bus_lcCooperative": 0.7223, "bus_lcLookaheadLeft": 26.1092, "bus_lcPushy": 0.558, "bus_lcSigma": 0.5887, "bus_lcSpeedGainRight": 3.6101, "bus_lcSublane": 0.4668, "bus_sigma": 0.408, "bus_tau_mean": 1.5812, "bus_tau_std": 2.3862, "bus_v_mean": 9.4832, "bus_v_std": 12.9208, "car_acc": 3.6814, "car_dcc": 3.0652, "car_lcAssertive": 1.3146, "car_lcCooperative": 0.4414, "car_lcLookaheadLeft": 14.0134, "car_lcPushy": 0.5298, "car_lcSigma": 0.9829, "car_lcSpeedGainRight": 2.4995, "car_lcSublane": 0.3778, "car_sigma": 0.817, "car_tau_mean": 3.8918, "car_tau_std": 2.8744, "car_v_mean": 20.8511, "car_v_std": 19.926}, "datetime": {"datetime": "2024-08-08 17:59:24", "elapsed": 2149.728662, "delta": 2.436082}}
{"target": -0.2391959360505702, "params": {"bus_acc": 1.0667, "bus_dcc": 1.7498, "bus_lcAssertive": 79.4421, "bus_lcCooperative": 0.7223, "bus_lcLookaheadLeft": 26.1091, "bus_lcPushy": 0.558, "bus_lcSigma": 0.5887, "bus_lcSpeedGainRight": 3.61, "bus_lcSublane": 0.4668, "bus_sigma": 0.408, "bus_tau_mean": 1.5811, "bus_tau_std": 2.3862, "bus_v_mean": 9.4832, "bus_v_std": 12.9208, "car_acc": 3.6814, "car_dcc": 3.0651, "car_lcAssertive": 1.3145, "car_lcCooperative": 0.4414, "car_lcLookaheadLeft": 14.0133, "car_lcPushy": 0.5297, "car_lcSigma": 0.9828, "car_lcSpeedGainRight": 2.4995, "car_lcSublane": 0.3778, "car_sigma": 0.8169, "car_tau_mean": 3.8918, "car_tau_std": 2.8743, "car_v_mean": 20.8511, "car_v_std": 19.9259}, "datetime": {"datetime": "2024-08-08 17:59:26", "elapsed": 2151.475649, "delta": 1.746987}}
{"target": -0.2633830885514026, "params": {"bus_acc": 1.0666, "bus_dcc": 1.7497, "bus_lcAssertive": 79.442, "bus_lcCooperative": 0.7221, "bus_lcLookaheadLeft": 26.109, "bus_lcPushy": 0.5579, "bus_lcSigma": 0.5886, "bus_lcSpeedGainRight": 3.6099, "bus_lcSublane": 0.4667, "bus_sigma": 0.4078, "bus_tau_mean": 1.581, "bus_tau_std": 2.3861, "bus_v_mean": 9.483, "bus_v_std": 12.9207, "car_acc": 3.6813, "car_dcc": 3.065, "car_lcAssertive": 1.3144, "car_lcCooperative": 0.4412, "car_lcLookaheadLeft": 14.0132, "car_lcPushy": 0.5296, "car_lcSigma": 0.9827, "car_lcSpeedGainRight": 2.4994, "car_lcSublane": 0.3776, "car_sigma": 0.8168, "car_tau_mean": 3.8917, "car_tau_std": 2.8742, "car_v_mean": 20.851, "car_v_std": 19.9258}, "datetime": {"datetime": "2024-08-08 17:59:27", "elapsed": 2152.881157, "delta": 1.405508}}
{"target": -0.2749877345328182, "params": {"bus_acc": 1.067, "bus_dcc": 1.7501, "bus_lcAssertive": 79.4424, "bus_lcCooperative": 0.7226, "bus_lcLookaheadLeft": 26.1094, "bus_lcPushy": 0.5583, "bus_lcSigma": 0.589, "bus_lcSpeedGainRight": 3.6103, "bus_lcSublane": 0.4671, "bus_sigma": 0.4083, "bus_tau_mean": 1.5814, "bus_tau_std": 2.3865, "bus_v_mean": 9.4835, "bus_v_std": 12.9211, "car_acc": 3.6817, "car_dcc": 3.0654, "car_lcAssertive": 1.3148, "car_lcCooperative": 0.4417, "car_lcLookaheadLeft": 14.0136, "car_lcPushy": 0.53, "car_lcSigma": 0.9831, "car_lcSpeedGainRight": 2.4998, "car_lcSublane": 0.3781, "car_sigma": 0.8172, "car_tau_mean": 3.8921, "car_tau_std": 2.8746, "car_v_mean": 20.8514, "car_v_std": 19.9262}, "datetime": {"datetime": "2024-08-08 17:59:29", "elapsed": 2154.38609, "delta": 1.504933}}
{"target": -0.31353546464620613, "params": {"bus_acc": 2.7482, "bus_dcc": 3.4333, "bus_lcAssertive": 14.6073, "bus_lcCooperative": 0.1213, "bus_lcLookaheadLeft": 25.4121, "bus_lcPushy": 0.9512, "bus_lcSigma": 0.7327, "bus_lcSpeedGainRight": 4.8934, "bus_lcSublane": 0.374, "bus_sigma": 0.8868, "bus_tau_mean": 3.2608, "bus_tau_std": 5.2972, "bus_v_mean": 19.5039, "bus_v_std": 14.1804, "car_acc": 2.9496, "car_dcc": 3.4069, "car_lcAssertive": 82.9064, "car_lcCooperative": 0.2279, "car_lcLookaheadLeft": 28.4405, "car_lcPushy": 0.2327, "car_lcSigma": 0.2413, "car_lcSpeedGainRight": 1.3786, "car_lcSublane": 0.6205, "car_sigma": 0.357, "car_tau_mean": 3.1301, "car_tau_std": 3.7765, "car_v_mean": 10.1179, "car_v_std": 13.1183}, "datetime": {"datetime": "2024-08-08 17:59:31", "elapsed": 2156.863304, "delta": 2.477214}}
{"target": -0.2391959360505702, "params": {"bus_acc": 1.0668, "bus_dcc": 1.7498, "bus_lcAssertive": 79.4421, "bus_lcCooperative": 0.7223, "bus_lcLookaheadLeft": 26.1091, "bus_lcPushy": 0.558, "bus_lcSigma": 0.5887, "bus_lcSpeedGainRight": 3.61, "bus_lcSublane": 0.4668, "bus_sigma": 0.408, "bus_tau_mean": 1.5811, "bus_tau_std": 2.3862, "bus_v_mean": 9.4832, "bus_v_std": 12.9208, "car_acc": 3.6814, "car_dcc": 3.0651, "car_lcAssertive": 1.3145, "car_lcCooperative": 0.4414, "car_lcLookaheadLeft": 14.0133, "car_lcPushy": 0.5297, "car_lcSigma": 0.9829, "car_lcSpeedGainRight": 2.4995, "car_lcSublane": 0.3778, "car_sigma": 0.817, "car_tau_mean": 3.8918, "car_tau_std": 2.8743, "car_v_mean": 20.8511, "car_v_std": 19.9259}, "datetime": {"datetime": "2024-08-08 17:59:35", "elapsed": 2160.583696, "delta": 3.720392}}
{"target": -0.30437756583154457, "params": {"bus_acc": 4.1154, "bus_dcc": 2.6912, "bus_lcAssertive": 11.6322, "bus_lcCooperative": 0.5992, "bus_lcLookaheadLeft": 9.2117, "bus_lcPushy": 0.2301, "bus_lcSigma": 0.4998, "bus_lcSpeedGainRight": 2.9501, "bus_lcSublane": 0.5261, "bus_sigma": 0.7522, "bus_tau_mean": 3.2219, "bus_tau_std": 4.5183, "bus_v_mean": 15.4042, "bus_v_std": 16.0336, "car_acc": 4.8172, "car_dcc": 3.8583, "car_lcAssertive": 32.08, "car_lcCooperative": 0.4378, "car_lcLookaheadLeft": 61.6517, "car_lcPushy": 0.2799, "car_lcSigma": 0.3278, "car_lcSpeedGainRight": 3.3405, "car_lcSublane": 0.8382, "car_sigma": 0.3935, "car_tau_mean": 0.7675, "car_tau_std": 6.9118, "car_v_mean": 13.7183, "car_v_std": 11.5432}, "datetime": {"datetime": "2024-08-08 17:59:39", "elapsed": 2164.531183, "delta": 3.947487}}
{"target": -0.2779405265210283, "params": {"bus_acc": 4.3404, "bus_dcc": 2.0352, "bus_lcAssertive": 2.2631, "bus_lcCooperative": 0.1668, "bus_lcLookaheadLeft": 50.0862, "bus_lcPushy": 0.5687, "bus_lcSigma": 0.4469, "bus_lcSpeedGainRight": 1.0567, "bus_lcSublane": 0.7106, "bus_sigma": 0.0761, "bus_tau_mean": 1.6073, "bus_tau_std": 9.0881, "bus_v_mean": 18.6761, "bus_v_std": 15.2857, "car_acc": 3.6874, "car_dcc": 1.5781, "car_lcAssertive": 24.6336, "car_lcCooperative": 0.2871, "car_lcLookaheadLeft": 18.5296, "car_lcPushy": 0.9936, "car_lcSigma": 0.2309, "car_lcSpeedGainRight": 0.6788, "car_lcSublane": 0.5337, "car_sigma": 0.2384, "car_tau_mean": 2.3938, "car_tau_std": 3.6204, "car_v_mean": 22.6447, "car_v_std": 16.8222}, "datetime": {"datetime": "2024-08-08 17:59:42", "elapsed": 2167.334891, "delta": 2.803708}}
{"target": -0.3183222387276559, "params": {"bus_acc": 3.9246, "bus_dcc": 2.2198, "bus_lcAssertive": 86.9059, "bus_lcCooperative": 0.9022, "bus_lcLookaheadLeft": 30.4759, "bus_lcPushy": 0.4907, "bus_lcSigma": 0.2705, "bus_lcSpeedGainRight": 2.418, "bus_lcSublane": 0.8666, "bus_sigma": 0.4473, "bus_tau_mean": 2.7197, "bus_tau_std": 1.536, "bus_v_mean": 15.9229, "bus_v_std": 2.3884, "car_acc": 2.4222, "car_dcc": 1.8432, "car_lcAssertive": 10.0772, "car_lcCooperative": 0.8122, "car_lcLookaheadLeft": 65.9897, "car_lcPushy": 0.1557, "car_lcSigma": 0.0677, "car_lcSpeedGainRight": 4.1823, "car_lcSublane": 0.7757, "car_sigma": 0.4841, "car_tau_mean": 1.3365, "car_tau_std": 6.0898, "car_v_mean": 10.6606, "car_v_std": 7.4225}, "datetime": {"datetime": "2024-08-08 17:59:44", "elapsed": 2169.248918, "delta": 1.914027}}
{"target": -0.37993622290661827, "params": {"bus_acc": 2.8835, "bus_dcc": 2.6381, "bus_lcAssertive": 84.2599, "bus_lcCooperative": 0.1226, "bus_lcLookaheadLeft": 62.5001, "bus_lcPushy": 0.1926, "bus_lcSigma": 0.3066, "bus_lcSpeedGainRight": 1.6991, "bus_lcSublane": 0.2103, "bus_sigma": 0.6942, "bus_tau_mean": 2.6769, "bus_tau_std": 4.3753, "bus_v_mean": 8.2604, "bus_v_std": 8.9754, "car_acc": 1.9521, "car_dcc": 2.811, "car_lcAssertive": 35.7625, "car_lcCooperative": 0.761, "car_lcLookaheadLeft": 45.8819, "car_lcPushy": 0.5615, "car_lcSigma": 0.3986, "car_lcSpeedGainRight": 3.4847, "car_lcSublane": 0.0039, "car_sigma": 0.5163, "car_tau_mean": 1.9405, "car_tau_std": 5.2371, "car_v_mean": 9.0383, "car_v_std": 6.8649}, "datetime": {"datetime": "2024-08-08 17:59:46", "elapsed": 2171.570442, "delta": 2.321524}}
{"target": -0.30138135990546505, "params": {"bus_acc": 4.5915, "bus_dcc": 1.3343, "bus_lcAssertive": 96.4075, "bus_lcCooperative": 0.504, "bus_lcLookaheadLeft": 46.8436, "bus_lcPushy": 0.4921, "bus_lcSigma": 0.4016, "bus_lcSpeedGainRight": 2.2888, "bus_lcSublane": 0.2397, "bus_sigma": 0.0652, "bus_tau_mean": 1.9102, "bus_tau_std": 0.142, "bus_v_mean": 22.9648, "bus_v_std": 10.6595, "car_acc": 2.9303, "car_dcc": 1.6902, "car_lcAssertive": 3.3591, "car_lcCooperative": 0.9725, "car_lcLookaheadLeft": 62.3519, "car_lcPushy": 0.7402, "car_lcSigma": 0.0218, "car_lcSpeedGainRight": 4.5301, "car_lcSublane": 0.0293, "car_sigma": 0.4243, "car_tau_mean": 3.4497, "car_tau_std": 4.1983, "car_v_mean": 15.5788, "car_v_std": 2.0397}, "datetime": {"datetime": "2024-08-08 17:59:50", "elapsed": 2175.577942, "delta": 4.0075}}
{"target": -0.302168027659788, "params": {"bus_acc": 1.5, "bus_dcc": 1.2265, "bus_lcAssertive": 33.2079, "bus_lcCooperative": 0.2584, "bus_lcLookaheadLeft": 96.161, "bus_lcPushy": 0.7841, "bus_lcSigma": 0.0949, "bus_lcSpeedGainRight": 2.8213, "bus_lcSublane": 0.9728, "bus_sigma": 0.1398, "bus_tau_mean": 3.3971, "bus_tau_std": 2.6939, "bus_v_mean": 15.034, "bus_v_std": 6.5269, "car_acc": 2.7346, "car_dcc": 2.2938, "car_lcAssertive": 72.8172, "car_lcCooperative": 0.7142, "car_lcLookaheadLeft": 32.3508, "car_lcPushy": 0.1343, "car_lcSigma": 0.1978, "car_lcSpeedGainRight": 4.4709, "car_lcSublane": 0.283, "car_sigma": 0.2996, "car_tau_mean": 1.3746, "car_tau_std": 6.6905, "car_v_mean": 23.3729, "car_v_std": 7.9512}, "datetime": {"datetime": "2024-08-08 17:59:53", "elapsed": 2178.524422, "delta": 2.94648}}
{"target": -0.29399067774894744, "params": {"bus_acc": 1.8598, "bus_dcc": 1.2261, "bus_lcAssertive": 27.2232, "bus_lcCooperative": 0.001, "bus_lcLookaheadLeft": 21.7078, "bus_lcPushy": 0.9593, "bus_lcSigma": 0.9421, "bus_lcSpeedGainRight": 0.7804, "bus_lcSublane": 0.8382, "bus_sigma": 0.3134, "bus_tau_mean": 1.894, "bus_tau_std": 6.1671, "bus_v_mean": 17.6691, "bus_v_std": 3.3852, "car_acc": 3.2091, "car_dcc": 1.8319, "car_lcAssertive": 88.9357, "car_lcCooperative": 0.071, "car_lcLookaheadLeft": 77.4611, "car_lcPushy": 0.8384, "car_lcSigma": 0.2956, "car_lcSpeedGainRight": 0.7288, "car_lcSublane": 0.8784, "car_sigma": 0.794, "car_tau_mean": 2.4269, "car_tau_std": 8.1362, "car_v_mean": 12.6261, "car_v_std": 16.2077}, "datetime": {"datetime": "2024-08-08 17:59:56", "elapsed": 2181.098565, "delta": 2.574143}}
{"target": -0.3038223598898289, "params": {"bus_acc": 1.0668, "bus_dcc": 1.7498, "bus_lcAssertive": 79.4421, "bus_lcCooperative": 0.7223, "bus_lcLookaheadLeft": 26.1092, "bus_lcPushy": 0.558, "bus_lcSigma": 0.5887, "bus_lcSpeedGainRight": 3.61, "bus_lcSublane": 0.4668, "bus_sigma": 0.408, "bus_tau_mean": 1.5812, "bus_tau_std": 2.3862, "bus_v_mean": 9.4832, "bus_v_std": 12.9208, "car_acc": 3.6814, "car_dcc": 3.0651, "car_lcAssertive": 1.3145, "car_lcCooperative": 0.4414, "car_lcLookaheadLeft": 14.0133, "car_lcPushy": 0.5297, "car_lcSigma": 0.9829, "car_lcSpeedGainRight": 2.4995, "car_lcSublane": 0.3778, "car_sigma": 0.817, "car_tau_mean": 3.8918, "car_tau_std": 2.8743, "car_v_mean": 20.8511, "car_v_std": 19.9259}, "datetime": {"datetime": "2024-08-08 18:00:00", "elapsed": 2185.150462, "delta": 4.051897}}
{"target": -0.2480313123829617, "params": {"bus_acc": 4.3383, "bus_dcc": 1.7057, "bus_lcAssertive": 96.2224, "bus_lcCooperative": 0.365, "bus_lcLookaheadLeft": 14.6327, "bus_lcPushy": 0.962, "bus_lcSigma": 0.4683, "bus_lcSpeedGainRight": 3.0116, "bus_lcSublane": 0.8738, "bus_sigma": 0.3773, "bus_tau_mean": 2.6679, "bus_tau_std": 6.3472, "bus_v_mean": 12.6683, "bus_v_std": 1.2961, "car_acc": 2.2589, "car_dcc": 1.1577, "car_lcAssertive": 25.1991, "car_lcCooperative": 0.5196, "car_lcLookaheadLeft": 62.4499, "car_lcPushy": 0.5978, "car_lcSigma": 0.2689, "car_lcSpeedGainRight": 1.0242, "car_lcSublane": 0.9717, "car_sigma": 0.452, "car_tau_mean": 3.2116, "car_tau_std": 2.7903, "car_v_mean": 9.5395, "car_v_std": 1.219}, "datetime": {"datetime": "2024-08-08 18:00:01", "elapsed": 2186.700898, "delta": 1.550436}}
{"target": -0.32684482488939337, "params": {"bus_acc": 1.0707, "bus_dcc": 3.423, "bus_lcAssertive": 34.9888, "bus_lcCooperative": 0.8668, "bus_lcLookaheadLeft": 60.342, "bus_lcPushy": 0.5635, "bus_lcSigma": 0.99, "bus_lcSpeedGainRight": 1.2912, "bus_lcSublane": 0.164, "bus_sigma": 0.3541, "bus_tau_mean": 3.3799, "bus_tau_std": 2.3937, "bus_v_mean": 17.5078, "bus_v_std": 15.5346, "car_acc": 3.5125, "car_dcc": 2.4822, "car_lcAssertive": 70.891, "car_lcCooperative": 0.8937, "car_lcLookaheadLeft": 2.9727, "car_lcPushy": 0.3741, "car_lcSigma": 0.2762, "car_lcSpeedGainRight": 4.7149, "car_lcSublane": 0.3414, "car_sigma": 0.1464, "car_tau_mean": 2.2958, "car_tau_std": 8.0955, "car_v_mean": 21.5445, "car_v_std": 7.415}, "datetime": {"datetime": "2024-08-08 18:00:03", "elapsed": 2188.120922, "delta": 1.420024}}
{"target": -0.28318348778587393, "params": {"bus_acc": 1.8796, "bus_dcc": 3.2492, "bus_lcAssertive": 17.7984, "bus_lcCooperative": 0.2371, "bus_lcLookaheadLeft": 82.6504, "bus_lcPushy": 0.0876, "bus_lcSigma": 0.3034, "bus_lcSpeedGainRight": 0.5431, "bus_lcSublane": 0.2794, "bus_sigma": 0.0057, "bus_tau_mean": 2.866, "bus_tau_std": 9.7134, "bus_v_mean": 16.0656, "bus_v_std": 9.9059, "car_acc": 4.1051, "car_dcc": 2.8581, "car_lcAssertive": 70.8114, "car_lcCooperative": 0.1686, "car_lcLookaheadLeft": 60.1993, "car_lcPushy": 0.7401, "car_lcSigma": 0.255, "car_lcSpeedGainRight": 1.287, "car_lcSublane": 0.1325, "car_sigma": 0.2648, "car_tau_mean": 3.9416, "car_tau_std": 9.5177, "car_v_mean": 18.1789, "car_v_std": 11.6884}, "datetime": {"datetime": "2024-08-08 18:00:04", "elapsed": 2189.985806, "delta": 1.864884}}
{"target": -0.33080365875452417, "params": {"bus_acc": 1.0243, "bus_dcc": 3.4147, "bus_lcAssertive": 2.4017, "bus_lcCooperative": 0.0046, "bus_lcLookaheadLeft": 46.5799, "bus_lcPushy": 0.6691, "bus_lcSigma": 0.0029, "bus_lcSpeedGainRight": 3.3942, "bus_lcSublane": 0.5886, "bus_sigma": 0.8818, "bus_tau_mean": 1.2218, "bus_tau_std": 4.1148, "bus_v_mean": 15.9924, "bus_v_std": 17.4301, "car_acc": 1.6162, "car_dcc": 1.3653, "car_lcAssertive": 76.2552, "car_lcCooperative": 0.8607, "car_lcLookaheadLeft": 60.704, "car_lcPushy": 0.483, "car_lcSigma": 0.5196, "car_lcSpeedGainRight": 0.4026, "car_lcSublane": 0.4207, "car_sigma": 0.8867, "car_tau_mean": 2.7358, "car_tau_std": 5.2051, "car_v_mean": 10.0626, "car_v_std": 11.2676}, "datetime": {"datetime": "2024-08-08 18:00:07", "elapsed": 2192.601108, "delta": 2.615302}}
{"target": -0.31458508378684996, "params": {"bus_acc": 2.2536, "bus_dcc": 1.9197, "bus_lcAssertive": 50.7791, "bus_lcCooperative": 0.2285, "bus_lcLookaheadLeft": 72.7441, "bus_lcPushy": 0.2262, "bus_lcSigma": 0.7669, "bus_lcSpeedGainRight": 0.6226, "bus_lcSublane": 0.1404, "bus_sigma": 0.7112, "bus_tau_mean": 2.0328, "bus_tau_std": 4.1781, "bus_v_mean": 19.1122, "bus_v_std": 0.8314, "car_acc": 2.0057, "car_dcc": 2.5146, "car_lcAssertive": 83.1227, "car_lcCooperative": 0.1716, "car_lcLookaheadLeft": 41.9715, "car_lcPushy": 0.1636, "car_lcSigma": 0.1839, "car_lcSpeedGainRight": 3.3468, "car_lcSublane": 0.4713, "car_sigma": 0.7718, "car_tau_mean": 1.7123, "car_tau_std": 8.0577, "car_v_mean": 9.6641, "car_v_std": 18.9136}, "datetime": {"datetime": "2024-08-08 18:00:09", "elapsed": 2194.393606, "delta": 1.792498}}
{"target": -0.3282367587007052, "params": {"bus_acc": 1.1685, "bus_dcc": 3.992, "bus_lcAssertive": 69.2953, "bus_lcCooperative": 0.0358, "bus_lcLookaheadLeft": 40.2563, "bus_lcPushy": 0.1844, "bus_lcSigma": 0.7262, "bus_lcSpeedGainRight": 1.1115, "bus_lcSublane": 0.6529, "bus_sigma": 0.5005, "bus_tau_mean": 2.351, "bus_tau_std": 0.0815, "bus_v_mean": 23.7588, "bus_v_std": 7.1865, "car_acc": 3.5622, "car_dcc": 3.8594, "car_lcAssertive": 13.5794, "car_lcCooperative": 0.9311, "car_lcLookaheadLeft": 37.1611, "car_lcPushy": 0.7, "car_lcSigma": 0.5121, "car_lcSpeedGainRight": 0.63, "car_lcSublane": 0.4215, "car_sigma": 0.1497, "car_tau_mean": 1.1212, "car_tau_std": 5.7989, "car_v_mean": 14.3867, "car_v_std": 10.7607}, "datetime": {"datetime": "2024-08-08 18:00:11", "elapsed": 2196.785394, "delta": 2.391788}}
{"target": -0.24486130048120677, "params": {"bus_acc": 1.0668, "bus_dcc": 1.7498, "bus_lcAssertive": 79.4421, "bus_lcCooperative": 0.7223, "bus_lcLookaheadLeft": 26.1092, "bus_lcPushy": 0.558, "bus_lcSigma": 0.5887, "bus_lcSpeedGainRight": 3.61, "bus_lcSublane": 0.4668, "bus_sigma": 0.408, "bus_tau_mean": 1.5812, "bus_tau_std": 2.3862, "bus_v_mean": 9.4832, "bus_v_std": 12.9208, "car_acc": 3.6814, "car_dcc": 3.0652, "car_lcAssertive": 1.3146, "car_lcCooperative": 0.4414, "car_lcLookaheadLeft": 14.0134, "car_lcPushy": 0.5297, "car_lcSigma": 0.9829, "car_lcSpeedGainRight": 2.4995, "car_lcSublane": 0.3778, "car_sigma": 0.817, "car_tau_mean": 3.8918, "car_tau_std": 2.8744, "car_v_mean": 20.8511, "car_v_std": 19.926}, "datetime": {"datetime": "2024-08-08 18:00:13", "elapsed": 2198.295503, "delta": 1.510109}}
{"target": -0.2639189153879244, "params": {"bus_acc": 4.0144, "bus_dcc": 1.8027, "bus_lcAssertive": 81.5478, "bus_lcCooperative": 0.3681, "bus_lcLookaheadLeft": 83.134, "bus_lcPushy": 0.7768, "bus_lcSigma": 0.6331, "bus_lcSpeedGainRight": 4.8184, "bus_lcSublane": 0.4864, "bus_sigma": 0.2424, "bus_tau_mean": 3.1982, "bus_tau_std": 8.1964, "bus_v_mean": 9.7794, "bus_v_std": 6.9133, "car_acc": 4.0421, "car_dcc": 2.0364, "car_lcAssertive": 86.903, "car_lcCooperative": 0.1032, "car_lcLookaheadLeft": 21.7199, "car_lcPushy": 0.9957, "car_lcSigma": 0.0807, "car_lcSpeedGainRight": 4.9595, "car_lcSublane": 0.4118, "car_sigma": 0.7697, "car_tau_mean": 2.6323, "car_tau_std": 0.6249, "car_v_mean": 10.512, "car_v_std": 13.5141}, "datetime": {"datetime": "2024-08-08 18:00:14", "elapsed": 2199.673471, "delta": 1.377968}}
