{"target": -0.4031976939976323, "params": {"bus_acc": 1.805, "bus_dcc": 3.3972, "bus_lcAssertive": 23.7667, "bus_lcCooperative": 0.2531, "bus_lcLookaheadLeft": 92.1034, "bus_lcPushy": 0.8869, "bus_lcSigma": 0.5336, "bus_lcSpeedGainRight": 1.4814, "bus_lcSublane": 0.5284, "bus_sigma": 0.8212, "bus_tau_mean": 2.204, "bus_tau_std": 1.1699, "bus_v_mean": 12.4417, "bus_v_std": 18.4568, "car_acc": 2.3617, "car_dcc": 1.1845, "car_lcAssertive": 78.9299, "car_lcCooperative": 0.7214, "car_lcLookaheadLeft": 98.408, "car_lcPushy": 0.1193, "car_lcSigma": 0.0596, "car_lcSpeedGainRight": 3.8936, "car_lcSublane": 0.7018, "car_sigma": 0.705, "car_tau_mean": 0.8377, "car_tau_std": 5.7319, "car_v_mean": 14.8181, "car_v_std": 1.9023}, "datetime": {"datetime": "2024-08-08 10:05:46", "elapsed": 626.517987, "delta": 12.332395}}
{"target": -0.3411253574300821, "params": {"bus_acc": 2.1982, "bus_dcc": 3.3251, "bus_lcAssertive": 59.7775, "bus_lcCooperative": 0.3095, "bus_lcLookaheadLeft": 52.4294, "bus_lcPushy": 0.9303, "bus_lcSigma": 0.2845, "bus_lcSpeedGainRight": 3.123, "bus_lcSublane": 0.9773, "bus_sigma": 0.6638, "bus_tau_mean": 0.5825, "bus_tau_std": 6.8417, "bus_v_mean": 9.3462, "bus_v_std": 8.9434, "car_acc": 1.856, "car_dcc": 1.0532, "car_lcAssertive": 74.5268, "car_lcCooperative": 0.2642, "car_lcLookaheadLeft": 59.9633, "car_lcPushy": 0.6717, "car_lcSigma": 0.7033, "car_lcSpeedGainRight": 0.4424, "car_lcSublane": 0.7237, "car_sigma": 0.6899, "car_tau_mean": 3.809, "car_tau_std": 6.1165, "car_v_mean": 21.1394, "car_v_std": 2.4035}, "datetime": {"datetime": "2024-08-08 10:05:53", "elapsed": 633.663885, "delta": 7.145898}}
{"target": -0.3640965800702971, "params": {"bus_acc": 1.8924, "bus_dcc": 2.3474, "bus_lcAssertive": 58.3292, "bus_lcCooperative": 0.3176, "bus_lcLookaheadLeft": 46.09, "bus_lcPushy": 0.816, "bus_lcSigma": 0.635, "bus_lcSpeedGainRight": 3.0221, "bus_lcSublane": 0.4548, "bus_sigma": 0.4651, "bus_tau_mean": 0.8844, "bus_tau_std": 4.2915, "bus_v_mean": 13.9455, "bus_v_std": 14.691, "car_acc": 1.9236, "car_dcc": 3.533, "car_lcAssertive": 77.8742, "car_lcCooperative": 0.2173, "car_lcLookaheadLeft": 70.8002, "car_lcPushy": 0.7382, "car_lcSigma": 0.2463, "car_lcSpeedGainRight": 1.4921, "car_lcSublane": 0.4516, "car_sigma": 0.3083, "car_tau_mean": 1.8718, "car_tau_std": 4.0894, "car_v_mean": 22.1933, "car_v_std": 4.69}, "datetime": {"datetime": "2024-08-08 10:06:08", "elapsed": 648.192765, "delta": 14.52888}}
{"target": -0.36963860491031797, "params": {"bus_acc": 2.4594, "bus_dcc": 3.6394, "bus_lcAssertive": 95.7925, "bus_lcCooperative": 0.5001, "bus_lcLookaheadLeft": 72.0972, "bus_lcPushy": 0.217, "bus_lcSigma": 0.4337, "bus_lcSpeedGainRight": 1.6453, "bus_lcSublane": 0.0257, "bus_sigma": 0.833, "bus_tau_mean": 2.9669, "bus_tau_std": 6.1223, "bus_v_mean": 16.9016, "bus_v_std": 3.7981, "car_acc": 2.5717, "car_dcc": 3.7936, "car_lcAssertive": 57.8195, "car_lcCooperative": 0.5776, "car_lcLookaheadLeft": 69.8943, "car_lcPushy": 0.1497, "car_lcSigma": 0.9706, "car_lcSpeedGainRight": 1.502, "car_lcSublane": 0.9883, "car_sigma": 0.9908, "car_tau_mean": 3.7593, "car_tau_std": 0.0192, "car_v_mean": 16.2148, "car_v_std": 13.6945}, "datetime": {"datetime": "2024-08-08 10:06:20", "elapsed": 660.69013, "delta": 12.497365}}
{"target": -0.32320355641448767, "params": {"bus_acc": 1.7302, "bus_dcc": 1.0614, "bus_lcAssertive": 29.7784, "bus_lcCooperative": 0.952, "bus_lcLookaheadLeft": 46.3304, "bus_lcPushy": 0.3456, "bus_lcSigma": 0.4121, "bus_lcSpeedGainRight": 2.6239, "bus_lcSublane": 0.0248, "bus_sigma": 0.7709, "bus_tau_mean": 2.6605, "bus_tau_std": 4.369, "bus_v_mean": 16.966, "bus_v_std": 17.0218, "car_acc": 1.5225, "car_dcc": 3.9956, "car_lcAssertive": 77.9127, "car_lcCooperative": 0.4331, "car_lcLookaheadLeft": 42.0013, "car_lcPushy": 0.6599, "car_lcSigma": 0.2377, "car_lcSpeedGainRight": 0.7387, "car_lcSublane": 0.7521, "car_sigma": 0.3997, "car_tau_mean": 3.5403, "car_tau_std": 7.0206, "car_v_mean": 13.4728, "car_v_std": 8.2947}, "datetime": {"datetime": "2024-08-08 10:06:21", "elapsed": 661.461306, "delta": 0.771176}}
{"target": -0.38546187095625617, "params": {"bus_acc": 1.6966, "bus_dcc": 2.0215, "bus_lcAssertive": 85.9846, "bus_lcCooperative": 0.4564, "bus_lcLookaheadLeft": 69.0744, "bus_lcPushy": 0.5498, "bus_lcSigma": 0.7105, "bus_lcSpeedGainRight": 2.0567, "bus_lcSublane": 0.3637, "bus_sigma": 0.8357, "bus_tau_mean": 2.3275, "bus_tau_std": 2.7217, "bus_v_mean": 22.7308, "bus_v_std": 11.5673, "car_acc": 2.4097, "car_dcc": 2.5061, "car_lcAssertive": 28.9161, "car_lcCooperative": 0.7527, "car_lcLookaheadLeft": 64.4218, "car_lcPushy": 0.5599, "car_lcSigma": 0.1146, "car_lcSpeedGainRight": 1.5453, "car_lcSublane": 0.2474, "car_sigma": 0.1357, "car_tau_mean": 2.0673, "car_tau_std": 1.1496, "car_v_mean": 17.85, "car_v_std": 3.3909}, "datetime": {"datetime": "2024-08-08 10:06:24", "elapsed": 664.138552, "delta": 2.677246}}
{"target": -0.35997259689680067, "params": {"bus_acc": 2.5805, "bus_dcc": 1.1701, "bus_lcAssertive": 58.2293, "bus_lcCooperative": 0.8662, "bus_lcLookaheadLeft": 10.5959, "bus_lcPushy": 0.9997, "bus_lcSigma": 0.0619, "bus_lcSpeedGainRight": 3.3218, "bus_lcSublane": 0.2019, "bus_sigma": 0.6147, "bus_tau_mean": 3.5821, "bus_tau_std": 0.5155, "bus_v_mean": 17.6788, "bus_v_std": 9.8601, "car_acc": 2.8848, "car_dcc": 2.1314, "car_lcAssertive": 88.1305, "car_lcCooperative": 0.2108, "car_lcLookaheadLeft": 29.2721, "car_lcPushy": 0.923, "car_lcSigma": 0.0093, "car_lcSpeedGainRight": 3.8199, "car_lcSublane": 0.4604, "car_sigma": 0.293, "car_tau_mean": 1.4463, "car_tau_std": 4.9303, "car_v_mean": 14.3614, "car_v_std": 9.2099}, "datetime": {"datetime": "2024-08-08 10:06:26", "elapsed": 666.977907, "delta": 2.839355}}
{"target": -0.36995513905714217, "params": {"bus_acc": 1.9376, "bus_dcc": 1.8519, "bus_lcAssertive": 96.159, "bus_lcCooperative": 0.3089, "bus_lcLookaheadLeft": 70.4157, "bus_lcPushy": 0.9184, "bus_lcSigma": 0.161, "bus_lcSpeedGainRight": 1.8917, "bus_lcSublane": 0.039, "bus_sigma": 0.0748, "bus_tau_mean": 1.9932, "bus_tau_std": 2.1074, "bus_v_mean": 23.2191, "bus_v_std": 2.6984, "car_acc": 2.6111, "car_dcc": 1.7316, "car_lcAssertive": 59.6489, "car_lcCooperative": 0.4679, "car_lcLookaheadLeft": 66.3701, "car_lcPushy": 0.527, "car_lcSigma": 0.7146, "car_lcSpeedGainRight": 1.2363, "car_lcSublane": 0.1748, "car_sigma": 0.3981, "car_tau_mean": 3.8409, "car_tau_std": 1.4132, "car_v_mean": 22.157, "car_v_std": 13.9982}, "datetime": {"datetime": "2024-08-08 10:06:29", "elapsed": 669.116216, "delta": 2.138309}}
{"target": -0.34316272354679, "params": {"bus_acc": 1.5271, "bus_dcc": 2.4649, "bus_lcAssertive": 41.9861, "bus_lcCooperative": 0.0912, "bus_lcLookaheadLeft": 19.334, "bus_lcPushy": 0.6833, "bus_lcSigma": 0.6127, "bus_lcSpeedGainRight": 0.2762, "bus_lcSublane": 0.5695, "bus_sigma": 0.2159, "bus_tau_mean": 3.6932, "bus_tau_std": 1.451, "bus_v_mean": 16.0277, "bus_v_std": 1.5781, "car_acc": 2.4895, "car_dcc": 1.7851, "car_lcAssertive": 72.5996, "car_lcCooperative": 0.2369, "car_lcLookaheadLeft": 58.8019, "car_lcPushy": 0.9018, "car_lcSigma": 0.503, "car_lcSpeedGainRight": 2.9156, "car_lcSublane": 0.5365, "car_sigma": 0.577, "car_tau_mean": 1.6543, "car_tau_std": 9.5504, "car_v_mean": 14.4003, "car_v_std": 15.6163}, "datetime": {"datetime": "2024-08-08 10:06:36", "elapsed": 676.136958, "delta": 7.020742}}
{"target": -0.36480937164644633, "params": {"bus_acc": 1.8483, "bus_dcc": 3.8425, "bus_lcAssertive": 65.0675, "bus_lcCooperative": 0.2579, "bus_lcLookaheadLeft": 48.2976, "bus_lcPushy": 0.5487, "bus_lcSigma": 0.6148, "bus_lcSpeedGainRight": 0.5562, "bus_lcSublane": 0.8352, "bus_sigma": 0.0961, "bus_tau_mean": 0.7283, "bus_tau_std": 2.3349, "bus_v_mean": 15.1978, "bus_v_std": 11.8848, "car_acc": 1.3091, "car_dcc": 2.8875, "car_lcAssertive": 76.6744, "car_lcCooperative": 0.9537, "car_lcLookaheadLeft": 70.8727, "car_lcPushy": 0.5933, "car_lcSigma": 0.2022, "car_lcSpeedGainRight": 3.5141, "car_lcSublane": 0.711, "car_sigma": 0.0895, "car_tau_mean": 2.7554, "car_tau_std": 7.5033, "car_v_mean": 17.3399, "car_v_std": 1.61}, "datetime": {"datetime": "2024-08-08 10:06:41", "elapsed": 681.359245, "delta": 5.222287}}
{"target": -0.37576946209074163, "params": {"bus_acc": 1.557, "bus_dcc": 2.4775, "bus_lcAssertive": 30.5111, "bus_lcCooperative": 0.1378, "bus_lcLookaheadLeft": 31.2827, "bus_lcPushy": 0.6919, "bus_lcSigma": 0.2183, "bus_lcSpeedGainRight": 0.6686, "bus_lcSublane": 0.073, "bus_sigma": 0.8788, "bus_tau_mean": 2.7589, "bus_tau_std": 4.6032, "bus_v_mean": 12.5867, "bus_v_std": 0.5568, "car_acc": 2.1576, "car_dcc": 3.7608, "car_lcAssertive": 26.5994, "car_lcCooperative": 0.6227, "car_lcLookaheadLeft": 84.8091, "car_lcPushy": 0.4372, "car_lcSigma": 0.4933, "car_lcSpeedGainRight": 4.8625, "car_lcSublane": 0.7685, "car_sigma": 0.085, "car_tau_mean": 3.9787, "car_tau_std": 0.0802, "car_v_mean": 13.569, "car_v_std": 7.7622}, "datetime": {"datetime": "2024-08-08 10:06:50", "elapsed": 690.737105, "delta": 9.37786}}
{"target": -0.3805200565557143, "params": {"bus_acc": 2.0903, "bus_dcc": 3.5602, "bus_lcAssertive": 24.2404, "bus_lcCooperative": 0.4147, "bus_lcLookaheadLeft": 93.3909, "bus_lcPushy": 0.6237, "bus_lcSigma": 0.9641, "bus_lcSpeedGainRight": 4.1511, "bus_lcSublane": 0.7101, "bus_sigma": 0.0629, "bus_tau_mean": 1.2959, "bus_tau_std": 3.7081, "bus_v_mean": 8.8061, "bus_v_std": 11.8504, "car_acc": 2.025, "car_dcc": 3.913, "car_lcAssertive": 86.1269, "car_lcCooperative": 0.2587, "car_lcLookaheadLeft": 95.097, "car_lcPushy": 0.4084, "car_lcSigma": 0.9673, "car_lcSpeedGainRight": 4.7299, "car_lcSublane": 0.2761, "car_sigma": 0.3682, "car_tau_mean": 1.3652, "car_tau_std": 8.0898, "car_v_mean": 20.7644, "car_v_std": 3.2409}, "datetime": {"datetime": "2024-08-08 10:06:55", "elapsed": 695.275692, "delta": 4.538587}}
{"target": -0.376543380901882, "params": {"bus_acc": 1.7943, "bus_dcc": 2.9016, "bus_lcAssertive": 45.2191, "bus_lcCooperative": 0.0941, "bus_lcLookaheadLeft": 25.1199, "bus_lcPushy": 0.6254, "bus_lcSigma": 0.9036, "bus_lcSpeedGainRight": 4.4563, "bus_lcSublane": 0.8837, "bus_sigma": 0.8515, "bus_tau_mean": 0.8317, "bus_tau_std": 8.154, "bus_v_mean": 18.729, "bus_v_std": 3.408, "car_acc": 2.6487, "car_dcc": 2.435, "car_lcAssertive": 70.6306, "car_lcCooperative": 0.0578, "car_lcLookaheadLeft": 52.9841, "car_lcPushy": 0.5142, "car_lcSigma": 0.5773, "car_lcSpeedGainRight": 3.6268, "car_lcSublane": 0.2603, "car_sigma": 0.8393, "car_tau_mean": 3.0151, "car_tau_std": 3.653, "car_v_mean": 14.2465, "car_v_std": 13.8914}, "datetime": {"datetime": "2024-08-08 10:06:57", "elapsed": 697.242147, "delta": 1.966455}}
{"target": -0.36912286809588735, "params": {"bus_acc": 2.7058, "bus_dcc": 3.5501, "bus_lcAssertive": 87.6137, "bus_lcCooperative": 0.3706, "bus_lcLookaheadLeft": 26.9726, "bus_lcPushy": 0.2244, "bus_lcSigma": 0.3435, "bus_lcSpeedGainRight": 0.2808, "bus_lcSublane": 0.1208, "bus_sigma": 0.9579, "bus_tau_mean": 2.7263, "bus_tau_std": 5.8331, "bus_v_mean": 15.3456, "bus_v_std": 15.636, "car_acc": 1.586, "car_dcc": 1.303, "car_lcAssertive": 47.1972, "car_lcCooperative": 0.4804, "car_lcLookaheadLeft": 21.6128, "car_lcPushy": 0.7672, "car_lcSigma": 0.5686, "car_lcSpeedGainRight": 1.2254, "car_lcSublane": 0.1966, "car_sigma": 0.7061, "car_tau_mean": 1.3628, "car_tau_std": 7.1783, "car_v_mean": 23.0366, "car_v_std": 4.2155}, "datetime": {"datetime": "2024-08-08 10:07:02", "elapsed": 702.624809, "delta": 5.382662}}
{"target": -0.33382113052580165, "params": {"bus_acc": 2.9121, "bus_dcc": 3.2161, "bus_lcAssertive": 12.5039, "bus_lcCooperative": 0.1661, "bus_lcLookaheadLeft": 83.9733, "bus_lcPushy": 0.2091, "bus_lcSigma": 0.7599, "bus_lcSpeedGainRight": 0.8877, "bus_lcSublane": 0.0344, "bus_sigma": 0.2212, "bus_tau_mean": 2.8698, "bus_tau_std": 5.0422, "bus_v_mean": 8.9622, "bus_v_std": 2.1158, "car_acc": 1.318, "car_dcc": 1.4768, "car_lcAssertive": 5.0242, "car_lcCooperative": 0.0634, "car_lcLookaheadLeft": 18.3666, "car_lcPushy": 0.4187, "car_lcSigma": 0.8502, "car_lcSpeedGainRight": 3.2626, "car_lcSublane": 0.4405, "car_sigma": 0.369, "car_tau_mean": 3.2015, "car_tau_std": 9.6929, "car_v_mean": 19.1571, "car_v_std": 3.136}, "datetime": {"datetime": "2024-08-08 10:07:03", "elapsed": 703.084206, "delta": 0.459397}}
{"target": -0.3431866442449412, "params": {"bus_acc": 1.3432, "bus_dcc": 3.6175, "bus_lcAssertive": 64.882, "bus_lcCooperative": 0.9191, "bus_lcLookaheadLeft": 74.2657, "bus_lcPushy": 0.7228, "bus_lcSigma": 0.0314, "bus_lcSpeedGainRight": 2.2215, "bus_lcSublane": 0.3423, "bus_sigma": 0.4046, "bus_tau_mean": 0.9907, "bus_tau_std": 5.2463, "bus_v_mean": 22.1186, "bus_v_std": 13.185, "car_acc": 1.6439, "car_dcc": 3.1751, "car_lcAssertive": 40.5392, "car_lcCooperative": 0.8722, "car_lcLookaheadLeft": 90.95, "car_lcPushy": 0.144, "car_lcSigma": 0.9164, "car_lcSpeedGainRight": 1.6104, "car_lcSublane": 0.1992, "car_sigma": 0.2099, "car_tau_mean": 2.0182, "car_tau_std": 0.0971, "car_v_mean": 22.66, "car_v_std": 3.9822}, "datetime": {"datetime": "2024-08-08 10:07:06", "elapsed": 706.886545, "delta": 3.802339}}
{"target": -0.3304911402542088, "params": {"bus_acc": 1.3683, "bus_dcc": 2.4875, "bus_lcAssertive": 19.8938, "bus_lcCooperative": 0.5937, "bus_lcLookaheadLeft": 50.9961, "bus_lcPushy": 0.5091, "bus_lcSigma": 0.2009, "bus_lcSpeedGainRight": 1.7511, "bus_lcSublane": 0.3731, "bus_sigma": 0.5877, "bus_tau_mean": 3.5551, "bus_tau_std": 5.9665, "bus_v_mean": 11.6693, "bus_v_std": 11.6637, "car_acc": 2.3515, "car_dcc": 2.0306, "car_lcAssertive": 75.2769, "car_lcCooperative": 0.213, "car_lcLookaheadLeft": 32.5843, "car_lcPushy": 0.5136, "car_lcSigma": 0.5755, "car_lcSpeedGainRight": 2.857, "car_lcSublane": 0.4545, "car_sigma": 0.1914, "car_tau_mean": 3.9712, "car_tau_std": 2.6957, "car_v_mean": 15.9252, "car_v_std": 16.3245}, "datetime": {"datetime": "2024-08-08 10:07:10", "elapsed": 710.027752, "delta": 3.141207}}
{"target": -0.3506079591114205, "params": {"bus_acc": 1.5641, "bus_dcc": 2.5741, "bus_lcAssertive": 95.2791, "bus_lcCooperative": 0.7473, "bus_lcLookaheadLeft": 69.0353, "bus_lcPushy": 0.1685, "bus_lcSigma": 0.7761, "bus_lcSpeedGainRight": 2.578, "bus_lcSublane": 0.2328, "bus_sigma": 0.7881, "bus_tau_mean": 0.5739, "bus_tau_std": 5.7661, "bus_v_mean": 18.6913, "bus_v_std": 4.0685, "car_acc": 2.8498, "car_dcc": 2.1438, "car_lcAssertive": 61.2633, "car_lcCooperative": 0.3278, "car_lcLookaheadLeft": 64.3514, "car_lcPushy": 0.2315, "car_lcSigma": 0.5995, "car_lcSpeedGainRight": 4.3842, "car_lcSublane": 0.0361, "car_sigma": 0.6175, "car_tau_mean": 2.4093, "car_tau_std": 6.066, "car_v_mean": 18.1131, "car_v_std": 15.7633}, "datetime": {"datetime": "2024-08-08 10:07:12", "elapsed": 712.601348, "delta": 2.573596}}
{"target": -0.35281110924060277, "params": {"bus_acc": 1.606, "bus_dcc": 1.5776, "bus_lcAssertive": 20.5591, "bus_lcCooperative": 0.5623, "bus_lcLookaheadLeft": 85.9558, "bus_lcPushy": 0.6531, "bus_lcSigma": 0.7975, "bus_lcSpeedGainRight": 2.096, "bus_lcSublane": 0.7317, "bus_sigma": 0.4587, "bus_tau_mean": 3.1358, "bus_tau_std": 3.5494, "bus_v_mean": 9.6748, "bus_v_std": 11.5597, "car_acc": 2.0853, "car_dcc": 2.2052, "car_lcAssertive": 83.9466, "car_lcCooperative": 0.1896, "car_lcLookaheadLeft": 97.8177, "car_lcPushy": 0.9616, "car_lcSigma": 0.6119, "car_lcSpeedGainRight": 2.1498, "car_lcSublane": 0.877, "car_sigma": 0.8828, "car_tau_mean": 3.4159, "car_tau_std": 6.4452, "car_v_mean": 21.588, "car_v_std": 6.4844}, "datetime": {"datetime": "2024-08-08 10:07:15", "elapsed": 715.617485, "delta": 3.016137}}
{"target": -0.37105519080356586, "params": {"bus_acc": 1.0135, "bus_dcc": 1.6712, "bus_lcAssertive": 62.4444, "bus_lcCooperative": 1.0, "bus_lcLookaheadLeft": 81.7873, "bus_lcPushy": 0.7004, "bus_lcSigma": 0.0566, "bus_lcSpeedGainRight": 0.8452, "bus_lcSublane": 0.4219, "bus_sigma": 0.1198, "bus_tau_mean": 1.5129, "bus_tau_std": 9.1186, "bus_v_mean": 18.355, "bus_v_std": 14.3084, "car_acc": 1.4878, "car_dcc": 3.4562, "car_lcAssertive": 48.0463, "car_lcCooperative": 0.8143, "car_lcLookaheadLeft": 94.9902, "car_lcPushy": 0.6022, "car_lcSigma": 0.1197, "car_lcSpeedGainRight": 2.8926, "car_lcSublane": 0.1165, "car_sigma": 0.1937, "car_tau_mean": 1.1157, "car_tau_std": 1.5373, "car_v_mean": 21.4795, "car_v_std": 3.4807}, "datetime": {"datetime": "2024-08-08 10:07:16", "elapsed": 716.45056, "delta": 0.833075}}
{"target": -0.3224831789824286, "params": {"bus_acc": 1.2325, "bus_dcc": 1.518, "bus_lcAssertive": 45.3289, "bus_lcCooperative": 0.7244, "bus_lcLookaheadLeft": 29.5513, "bus_lcPushy": 0.1597, "bus_lcSigma": 0.7156, "bus_lcSpeedGainRight": 3.624, "bus_lcSublane": 0.6412, "bus_sigma": 0.6588, "bus_tau_mean": 3.8776, "bus_tau_std": 1.5441, "bus_v_mean": 13.5926, "bus_v_std": 8.1587, "car_acc": 1.9199, "car_dcc": 1.2043, "car_lcAssertive": 58.6267, "car_lcCooperative": 0.7539, "car_lcLookaheadLeft": 54.8731, "car_lcPushy": 0.5956, "car_lcSigma": 0.9387, "car_lcSpeedGainRight": 4.0545, "car_lcSublane": 0.526, "car_sigma": 0.4124, "car_tau_mean": 1.7146, "car_tau_std": 9.445, "car_v_mean": 23.0675, "car_v_std": 12.0722}, "datetime": {"datetime": "2024-08-08 10:07:30", "elapsed": 730.247461, "delta": 13.796901}}
{"target": -0.37859006716932375, "params": {"bus_acc": 2.5883, "bus_dcc": 1.6943, "bus_lcAssertive": 55.7055, "bus_lcCooperative": 0.7792, "bus_lcLookaheadLeft": 33.5624, "bus_lcPushy": 0.8808, "bus_lcSigma": 0.1294, "bus_lcSpeedGainRight": 1.0925, "bus_lcSublane": 0.3621, "bus_sigma": 0.275, "bus_tau_mean": 2.209, "bus_tau_std": 2.717, "bus_v_mean": 15.8557, "bus_v_std": 15.692, "car_acc": 1.4714, "car_dcc": 3.2184, "car_lcAssertive": 84.9504, "car_lcCooperative": 0.0537, "car_lcLookaheadLeft": 11.061, "car_lcPushy": 0.0922, "car_lcSigma": 0.58, "car_lcSpeedGainRight": 3.3829, "car_lcSublane": 0.5387, "car_sigma": 0.372, "car_tau_mean": 2.2561, "car_tau_std": 2.3994, "car_v_mean": 17.7578, "car_v_std": 4.1539}, "datetime": {"datetime": "2024-08-08 10:07:36", "elapsed": 736.90467, "delta": 6.657209}}
{"target": -0.3405310668942997, "params": {"bus_acc": 1.431, "bus_dcc": 1.3772, "bus_lcAssertive": 15.5824, "bus_lcCooperative": 0.5757, "bus_lcLookaheadLeft": 19.6428, "bus_lcPushy": 0.9793, "bus_lcSigma": 0.7515, "bus_lcSpeedGainRight": 2.2382, "bus_lcSublane": 0.2635, "bus_sigma": 0.1314, "bus_tau_mean": 3.1332, "bus_tau_std": 4.6004, "bus_v_mean": 14.9838, "bus_v_std": 0.5159, "car_acc": 2.4852, "car_dcc": 2.557, "car_lcAssertive": 14.1252, "car_lcCooperative": 0.5115, "car_lcLookaheadLeft": 92.6508, "car_lcPushy": 0.7477, "car_lcSigma": 0.5107, "car_lcSpeedGainRight": 3.2689, "car_lcSublane": 0.3419, "car_sigma": 0.7284, "car_tau_mean": 4.0, "car_tau_std": 3.1352, "car_v_mean": 17.712, "car_v_std": 11.8839}, "datetime": {"datetime": "2024-08-08 10:07:38", "elapsed": 738.372746, "delta": 1.468076}}
{"target": -0.3377024070754051, "params": {"bus_acc": 2.0964, "bus_dcc": 3.248, "bus_lcAssertive": 31.5148, "bus_lcCooperative": 0.5303, "bus_lcLookaheadLeft": 97.3412, "bus_lcPushy": 0.8873, "bus_lcSigma": 0.135, "bus_lcSpeedGainRight": 1.2107, "bus_lcSublane": 0.3684, "bus_sigma": 0.1382, "bus_tau_mean": 2.5026, "bus_tau_std": 5.4493, "bus_v_mean": 14.6159, "bus_v_std": 2.2058, "car_acc": 2.7115, "car_dcc": 1.7685, "car_lcAssertive": 30.4695, "car_lcCooperative": 0.6008, "car_lcLookaheadLeft": 46.8355, "car_lcPushy": 0.2954, "car_lcSigma": 0.6174, "car_lcSpeedGainRight": 0.5436, "car_lcSublane": 0.964, "car_sigma": 0.6935, "car_tau_mean": 1.5305, "car_tau_std": 1.3293, "car_v_mean": 23.4042, "car_v_std": 10.5244}, "datetime": {"datetime": "2024-08-08 10:07:38", "elapsed": 738.740966, "delta": 0.36822}}
{"target": -0.3574238397665079, "params": {"bus_acc": 1.5831, "bus_dcc": 2.754, "bus_lcAssertive": 49.1109, "bus_lcCooperative": 0.4287, "bus_lcLookaheadLeft": 16.3686, "bus_lcPushy": 0.9392, "bus_lcSigma": 0.7968, "bus_lcSpeedGainRight": 1.418, "bus_lcSublane": 0.3271, "bus_sigma": 0.1578, "bus_tau_mean": 0.7974, "bus_tau_std": 2.1937, "bus_v_mean": 23.6508, "bus_v_std": 4.2653, "car_acc": 2.1581, "car_dcc": 2.5979, "car_lcAssertive": 70.733, "car_lcCooperative": 0.6154, "car_lcLookaheadLeft": 49.4435, "car_lcPushy": 0.9127, "car_lcSigma": 0.3169, "car_lcSpeedGainRight": 4.1708, "car_lcSublane": 0.4705, "car_sigma": 0.4775, "car_tau_mean": 1.533, "car_tau_std": 7.7253, "car_v_mean": 16.4494, "car_v_std": 19.8358}, "datetime": {"datetime": "2024-08-08 10:07:43", "elapsed": 743.052942, "delta": 4.311976}}
{"target": -0.38002996264760097, "params": {"bus_acc": 1.959, "bus_dcc": 1.9141, "bus_lcAssertive": 92.2093, "bus_lcCooperative": 0.5953, "bus_lcLookaheadLeft": 74.6505, "bus_lcPushy": 0.6226, "bus_lcSigma": 0.5336, "bus_lcSpeedGainRight": 0.1239, "bus_lcSublane": 0.2037, "bus_sigma": 0.5797, "bus_tau_mean": 2.9968, "bus_tau_std": 3.76, "bus_v_mean": 22.4566, "bus_v_std": 4.5166, "car_acc": 1.5542, "car_dcc": 3.7882, "car_lcAssertive": 61.0559, "car_lcCooperative": 0.9062, "car_lcLookaheadLeft": 63.2982, "car_lcPushy": 0.2106, "car_lcSigma": 0.0761, "car_lcSpeedGainRight": 0.2666, "car_lcSublane": 0.7703, "car_sigma": 0.8813, "car_tau_mean": 3.8823, "car_tau_std": 2.573, "car_v_mean": 19.7015, "car_v_std": 18.9809}, "datetime": {"datetime": "2024-08-08 10:07:45", "elapsed": 745.824465, "delta": 2.771523}}
