{"target": -0.04220902784148006, "params": {"bus_acc": 1.22, "bus_dcc": 3.8, "bus_lcAssertive": 38.95, "bus_lcCooperative": 0.14, "bus_lcLookaheadLeft": 54.79, "bus_lcPushy": 0.37, "bus_lcSublane": 0.44, "bus_max_v": 25.83, "bus_tau_mean": 3.04, "bus_tau_std": 9.75, "car_acc": 1.73, "car_dcc": 3.91, "car_lcAssertive": 45.26, "car_lcCooperative": 0.07, "car_lcLookaheadLeft": 61.73, "car_lcPushy": 0.79, "car_lcSublane": 0.05, "car_max_v": 9.07, "car_tau_mean": 3.83, "car_tau_std": 4.21}, "datetime": {"datetime": "2024-08-04 12:46:34", "elapsed": 4268.308543, "delta": 8.49341}}
{"target": -0.041797014005349985, "params": {"bus_acc": 2.15, "bus_dcc": 2.58, "bus_lcAssertive": 78.11, "bus_lcCooperative": 0.23, "bus_lcLookaheadLeft": 17.55, "bus_lcPushy": 0.3, "bus_lcSublane": 0.16, "bus_max_v": 19.51, "bus_tau_mean": 3.81, "bus_tau_std": 2.3, "car_acc": 1.74, "car_dcc": 3.46, "car_lcAssertive": 98.76, "car_lcCooperative": 0.62, "car_lcLookaheadLeft": 44.15, "car_lcPushy": 0.59, "car_lcSublane": 0.07, "car_max_v": 24.84, "car_tau_mean": 2.4, "car_tau_std": 7.36}, "datetime": {"datetime": "2024-08-04 12:46:41", "elapsed": 4275.734886, "delta": 7.426343}}
{"target": -0.05049797496385113, "params": {"bus_acc": 1.58, "bus_dcc": 2.85, "bus_lcAssertive": 58.15, "bus_lcCooperative": 0.85, "bus_lcLookaheadLeft": 93.53, "bus_lcPushy": 0.16, "bus_lcSublane": 0.45, "bus_max_v": 14.4, "bus_tau_mean": 1.87, "bus_tau_std": 6.26, "car_acc": 2.43, "car_dcc": 2.7, "car_lcAssertive": 26.74, "car_lcCooperative": 0.61, "car_lcLookaheadLeft": 57.54, "car_lcPushy": 0.36, "car_lcSublane": 0.32, "car_max_v": 21.82, "car_tau_mean": 1.13, "car_tau_std": 9.72}, "datetime": {"datetime": "2024-08-04 12:46:50", "elapsed": 4284.538496, "delta": 8.80361}}
{"target": -0.04893465517026927, "params": {"bus_acc": 1.16, "bus_dcc": 1.85, "bus_lcAssertive": 10.43, "bus_lcCooperative": 0.4, "bus_lcLookaheadLeft": 35.15, "bus_lcPushy": 0.77, "bus_lcSublane": 0.4, "bus_max_v": 29.15, "bus_tau_mean": 0.96, "bus_tau_std": 5.26, "car_acc": 2.72, "car_dcc": 2.06, "car_lcAssertive": 84.96, "car_lcCooperative": 0.33, "car_lcLookaheadLeft": 23.88, "car_lcPushy": 0.9, "car_lcSublane": 0.3, "car_max_v": 28.72, "car_tau_mean": 1.24, "car_tau_std": 9.29}, "datetime": {"datetime": "2024-08-04 12:46:59", "elapsed": 4293.693448, "delta": 9.154952}}
{"target": -0.05818896241976964, "params": {"bus_acc": 1.98, "bus_dcc": 3.38, "bus_lcAssertive": 33.3, "bus_lcCooperative": 0.95, "bus_lcLookaheadLeft": 99.9, "bus_lcPushy": 0.83, "bus_lcSublane": 0.8, "bus_max_v": 8.84, "bus_tau_mean": 2.51, "bus_tau_std": 8.99, "car_acc": 1.93, "car_dcc": 2.8, "car_lcAssertive": 26.36, "car_lcCooperative": 0.04, "car_lcLookaheadLeft": 24.57, "car_lcPushy": 0.21, "car_lcSublane": 0.58, "car_max_v": 27.19, "car_tau_mean": 0.52, "car_tau_std": 3.43}, "datetime": {"datetime": "2024-08-04 12:47:02", "elapsed": 4296.747059, "delta": 3.053611}}
{"target": -0.06963872463318439, "params": {"bus_acc": 1.48, "bus_dcc": 1.08, "bus_lcAssertive": 53.24, "bus_lcCooperative": 0.69, "bus_lcLookaheadLeft": 96.93, "bus_lcPushy": 0.67, "bus_lcSublane": 0.75, "bus_max_v": 24.14, "bus_tau_mean": 0.51, "bus_tau_std": 0.41, "car_acc": 1.58, "car_dcc": 2.29, "car_lcAssertive": 81.98, "car_lcCooperative": 0.98, "car_lcLookaheadLeft": 86.33, "car_lcPushy": 0.2, "car_lcSublane": 0.49, "car_max_v": 10.04, "car_tau_mean": 2.39, "car_tau_std": 8.31}, "datetime": {"datetime": "2024-08-04 12:47:11", "elapsed": 4305.234795, "delta": 8.487736}}
{"target": -0.059281393956312316, "params": {"bus_acc": 1.33, "bus_dcc": 3.63, "bus_lcAssertive": 34.45, "bus_lcCooperative": 0.2, "bus_lcLookaheadLeft": 34.16, "bus_lcPushy": 0.6, "bus_lcSublane": 0.69, "bus_max_v": 20.7, "bus_tau_mean": 1.15, "bus_tau_std": 4.54, "car_acc": 1.14, "car_dcc": 3.19, "car_lcAssertive": 39.26, "car_lcCooperative": 0.83, "car_lcLookaheadLeft": 41.92, "car_lcPushy": 0.25, "car_lcSublane": 0.13, "car_max_v": 8.73, "car_tau_mean": 2.07, "car_tau_std": 9.53}, "datetime": {"datetime": "2024-08-04 12:47:25", "elapsed": 4320.061571, "delta": 14.826776}}
{"target": -0.051576287091486726, "params": {"bus_acc": 2.55, "bus_dcc": 1.31, "bus_lcAssertive": 61.55, "bus_lcCooperative": 0.5, "bus_lcLookaheadLeft": 66.78, "bus_lcPushy": 0.47, "bus_lcSublane": 0.02, "bus_max_v": 12.07, "bus_tau_mean": 1.32, "bus_tau_std": 1.65, "car_acc": 2.51, "car_dcc": 2.18, "car_lcAssertive": 29.54, "car_lcCooperative": 0.85, "car_lcLookaheadLeft": 5.22, "car_lcPushy": 0.52, "car_lcSublane": 0.55, "car_max_v": 24.1, "car_tau_mean": 3.29, "car_tau_std": 9.96}, "datetime": {"datetime": "2024-08-04 12:47:29", "elapsed": 4323.750299, "delta": 3.688728}}
{"target": -0.03977449056253076, "params": {"bus_acc": 1.9, "bus_dcc": 1.2, "bus_lcAssertive": 33.08, "bus_lcCooperative": 0.35, "bus_lcLookaheadLeft": 29.82, "bus_lcPushy": 0.2, "bus_lcSublane": 0.69, "bus_max_v": 18.74, "bus_tau_mean": 0.67, "bus_tau_std": 6.25, "car_acc": 2.8, "car_dcc": 1.32, "car_lcAssertive": 12.71, "car_lcCooperative": 0.6, "car_lcLookaheadLeft": 16.83, "car_lcPushy": 0.33, "car_lcSublane": 0.92, "car_max_v": 8.79, "car_tau_mean": 0.87, "car_tau_std": 5.29}, "datetime": {"datetime": "2024-08-04 12:47:42", "elapsed": 4336.240156, "delta": 12.489857}}
{"target": -0.04413382368120917, "params": {"bus_acc": 2.93, "bus_dcc": 1.57, "bus_lcAssertive": 82.59, "bus_lcCooperative": 0.9, "bus_lcLookaheadLeft": 81.38, "bus_lcPushy": 0.37, "bus_lcSublane": 0.76, "bus_max_v": 12.63, "bus_tau_mean": 1.64, "bus_tau_std": 8.66, "car_acc": 1.53, "car_dcc": 2.91, "car_lcAssertive": 55.88, "car_lcCooperative": 0.85, "car_lcLookaheadLeft": 52.23, "car_lcPushy": 0.33, "car_lcSublane": 0.55, "car_max_v": 11.49, "car_tau_mean": 3.57, "car_tau_std": 3.95}, "datetime": {"datetime": "2024-08-04 12:47:46", "elapsed": 4340.145232, "delta": 3.905076}}
{"target": -0.05329512505619913, "params": {"bus_acc": 2.13, "bus_dcc": 3.5, "bus_lcAssertive": 15.56, "bus_lcCooperative": 0.66, "bus_lcLookaheadLeft": 93.85, "bus_lcPushy": 0.76, "bus_lcSublane": 1.0, "bus_max_v": 17.76, "bus_tau_mean": 1.55, "bus_tau_std": 3.19, "car_acc": 1.55, "car_dcc": 1.89, "car_lcAssertive": 98.49, "car_lcCooperative": 0.1, "car_lcLookaheadLeft": 47.27, "car_lcPushy": 0.76, "car_lcSublane": 0.63, "car_max_v": 17.96, "car_tau_mean": 1.92, "car_tau_std": 4.11}, "datetime": {"datetime": "2024-08-04 12:47:49", "elapsed": 4343.706502, "delta": 3.56127}}
{"target": -0.054224035519166096, "params": {"bus_acc": 2.09, "bus_dcc": 1.8, "bus_lcAssertive": 14.88, "bus_lcCooperative": 0.42, "bus_lcLookaheadLeft": 35.83, "bus_lcPushy": 0.05, "bus_lcSublane": 0.4, "bus_max_v": 23.84, "bus_tau_mean": 0.85, "bus_tau_std": 6.48, "car_acc": 1.89, "car_dcc": 1.03, "car_lcAssertive": 7.93, "car_lcCooperative": 0.63, "car_lcLookaheadLeft": 69.54, "car_lcPushy": 0.43, "car_lcSublane": 0.9, "car_max_v": 27.11, "car_tau_mean": 1.65, "car_tau_std": 7.66}, "datetime": {"datetime": "2024-08-04 12:47:53", "elapsed": 4347.354403, "delta": 3.647901}}
{"target": -0.04912214364198031, "params": {"bus_acc": 1.24, "bus_dcc": 2.71, "bus_lcAssertive": 66.48, "bus_lcCooperative": 0.73, "bus_lcLookaheadLeft": 10.1, "bus_lcPushy": 0.38, "bus_lcSublane": 0.31, "bus_max_v": 24.3, "bus_tau_mean": 2.1, "bus_tau_std": 2.59, "car_acc": 1.49, "car_dcc": 2.44, "car_lcAssertive": 37.59, "car_lcCooperative": 0.98, "car_lcLookaheadLeft": 57.75, "car_lcPushy": 0.38, "car_lcSublane": 0.34, "car_max_v": 29.02, "car_tau_mean": 3.58, "car_tau_std": 9.75}, "datetime": {"datetime": "2024-08-04 12:47:56", "elapsed": 4350.552162, "delta": 3.197759}}
{"target": -0.05641658719042899, "params": {"bus_acc": 1.45, "bus_dcc": 2.82, "bus_lcAssertive": 83.48, "bus_lcCooperative": 0.05, "bus_lcLookaheadLeft": 46.17, "bus_lcPushy": 0.59, "bus_lcSublane": 0.78, "bus_max_v": 8.53, "bus_tau_mean": 2.22, "bus_tau_std": 6.51, "car_acc": 2.04, "car_dcc": 3.75, "car_lcAssertive": 75.73, "car_lcCooperative": 0.19, "car_lcLookaheadLeft": 86.68, "car_lcPushy": 0.91, "car_lcSublane": 0.04, "car_max_v": 22.29, "car_tau_mean": 3.39, "car_tau_std": 3.67}, "datetime": {"datetime": "2024-08-04 12:48:00", "elapsed": 4354.591578, "delta": 4.039416}}
{"target": -0.04503166144302284, "params": {"bus_acc": 2.35, "bus_dcc": 1.92, "bus_lcAssertive": 75.18, "bus_lcCooperative": 0.15, "bus_lcLookaheadLeft": 74.86, "bus_lcPushy": 0.23, "bus_lcSublane": 0.92, "bus_max_v": 23.65, "bus_tau_mean": 3.03, "bus_tau_std": 0.83, "car_acc": 1.54, "car_dcc": 2.97, "car_lcAssertive": 78.69, "car_lcCooperative": 0.24, "car_lcLookaheadLeft": 48.12, "car_lcPushy": 0.66, "car_lcSublane": 0.43, "car_max_v": 13.74, "car_tau_mean": 2.75, "car_tau_std": 2.41}, "datetime": {"datetime": "2024-08-04 12:48:05", "elapsed": 4359.366187, "delta": 4.774609}}
{"target": -0.044177474483726144, "params": {"bus_acc": 2.13, "bus_dcc": 3.57, "bus_lcAssertive": 34.13, "bus_lcCooperative": 0.76, "bus_lcLookaheadLeft": 77.42, "bus_lcPushy": 0.37, "bus_lcSublane": 0.99, "bus_max_v": 12.86, "bus_tau_mean": 0.99, "bus_tau_std": 8.17, "car_acc": 1.57, "car_dcc": 3.56, "car_lcAssertive": 26.33, "car_lcCooperative": 0.05, "car_lcLookaheadLeft": 9.84, "car_lcPushy": 0.59, "car_lcSublane": 0.76, "car_max_v": 13.63, "car_tau_mean": 2.73, "car_tau_std": 0.3}, "datetime": {"datetime": "2024-08-04 12:48:09", "elapsed": 4363.783066, "delta": 4.416879}}
{"target": -0.05677530811149345, "params": {"bus_acc": 1.68, "bus_dcc": 2.61, "bus_lcAssertive": 74.27, "bus_lcCooperative": 0.61, "bus_lcLookaheadLeft": 71.28, "bus_lcPushy": 0.03, "bus_lcSublane": 0.18, "bus_max_v": 27.21, "bus_tau_mean": 1.91, "bus_tau_std": 0.33, "car_acc": 1.93, "car_dcc": 2.11, "car_lcAssertive": 94.19, "car_lcCooperative": 0.09, "car_lcLookaheadLeft": 77.42, "car_lcPushy": 0.64, "car_lcSublane": 0.28, "car_max_v": 26.31, "car_tau_mean": 0.86, "car_tau_std": 1.35}, "datetime": {"datetime": "2024-08-04 12:48:13", "elapsed": 4367.4591, "delta": 3.676034}}
{"target": -0.055821746890351014, "params": {"bus_acc": 2.08, "bus_dcc": 1.34, "bus_lcAssertive": 86.14, "bus_lcCooperative": 0.39, "bus_lcLookaheadLeft": 23.43, "bus_lcPushy": 0.63, "bus_lcSublane": 0.23, "bus_max_v": 20.42, "bus_tau_mean": 2.02, "bus_tau_std": 2.97, "car_acc": 1.96, "car_dcc": 3.61, "car_lcAssertive": 36.81, "car_lcCooperative": 0.85, "car_lcLookaheadLeft": 7.68, "car_lcPushy": 0.98, "car_lcSublane": 0.48, "car_max_v": 19.5, "car_tau_mean": 3.24, "car_tau_std": 4.47}, "datetime": {"datetime": "2024-08-04 12:48:23", "elapsed": 4378.00821, "delta": 10.54911}}
{"target": -0.05344189025043192, "params": {"bus_acc": 1.78, "bus_dcc": 1.91, "bus_lcAssertive": 88.75, "bus_lcCooperative": 0.17, "bus_lcLookaheadLeft": 86.63, "bus_lcPushy": 0.34, "bus_lcSublane": 0.73, "bus_max_v": 14.73, "bus_tau_mean": 2.13, "bus_tau_std": 6.17, "car_acc": 2.15, "car_dcc": 2.87, "car_lcAssertive": 77.1, "car_lcCooperative": 0.65, "car_lcLookaheadLeft": 57.88, "car_lcPushy": 0.9, "car_lcSublane": 0.03, "car_max_v": 11.55, "car_tau_mean": 2.8, "car_tau_std": 8.5}, "datetime": {"datetime": "2024-08-04 12:48:28", "elapsed": 4382.341223, "delta": 4.333013}}
{"target": -0.045523595660449806, "params": {"bus_acc": 1.76, "bus_dcc": 2.19, "bus_lcAssertive": 20.49, "bus_lcCooperative": 0.73, "bus_lcLookaheadLeft": 69.9, "bus_lcPushy": 0.24, "bus_lcSublane": 0.96, "bus_max_v": 15.41, "bus_tau_mean": 3.42, "bus_tau_std": 3.44, "car_acc": 2.11, "car_dcc": 2.99, "car_lcAssertive": 88.32, "car_lcCooperative": 0.6, "car_lcLookaheadLeft": 25.49, "car_lcPushy": 0.43, "car_lcSublane": 0.22, "car_max_v": 10.12, "car_tau_mean": 0.96, "car_tau_std": 3.93}, "datetime": {"datetime": "2024-08-04 12:48:32", "elapsed": 4386.644222, "delta": 4.302999}}
{"target": -0.0367220633780719, "params": {"bus_acc": 2.66, "bus_dcc": 2.36, "bus_lcAssertive": 94.35, "bus_lcCooperative": 0.19, "bus_lcLookaheadLeft": 62.28, "bus_lcPushy": 0.12, "bus_lcSublane": 0.51, "bus_max_v": 17.04, "bus_tau_mean": 1.61, "bus_tau_std": 3.73, "car_acc": 1.63, "car_dcc": 1.11, "car_lcAssertive": 2.61, "car_lcCooperative": 0.42, "car_lcLookaheadLeft": 83.13, "car_lcPushy": 0.25, "car_lcSublane": 0.4, "car_max_v": 11.35, "car_tau_mean": 2.97, "car_tau_std": 5.62}, "datetime": {"datetime": "2024-08-04 12:48:35", "elapsed": 4389.118503, "delta": 2.474281}}
{"target": -0.05699864626043457, "params": {"bus_acc": 1.33, "bus_dcc": 3.25, "bus_lcAssertive": 45.9, "bus_lcCooperative": 0.33, "bus_lcLookaheadLeft": 61.25, "bus_lcPushy": 0.42, "bus_lcSublane": 0.57, "bus_max_v": 21.05, "bus_tau_mean": 2.01, "bus_tau_std": 7.39, "car_acc": 1.12, "car_dcc": 3.32, "car_lcAssertive": 59.77, "car_lcCooperative": 0.88, "car_lcLookaheadLeft": 41.03, "car_lcPushy": 0.85, "car_lcSublane": 0.57, "car_max_v": 9.63, "car_tau_mean": 1.24, "car_tau_std": 3.05}, "datetime": {"datetime": "2024-08-04 12:48:44", "elapsed": 4398.537779, "delta": 9.419276}}
{"target": -0.045203492837689506, "params": {"bus_acc": 1.65, "bus_dcc": 3.01, "bus_lcAssertive": 59.8, "bus_lcCooperative": 0.89, "bus_lcLookaheadLeft": 2.32, "bus_lcPushy": 0.62, "bus_lcSublane": 0.93, "bus_max_v": 23.52, "bus_tau_mean": 3.64, "bus_tau_std": 9.05, "car_acc": 1.21, "car_dcc": 1.96, "car_lcAssertive": 50.0, "car_lcCooperative": 0.09, "car_lcLookaheadLeft": 20.5, "car_lcPushy": 0.84, "car_lcSublane": 0.41, "car_max_v": 18.47, "car_tau_mean": 3.64, "car_tau_std": 6.79}, "datetime": {"datetime": "2024-08-04 12:48:48", "elapsed": 4402.657534, "delta": 4.119755}}
{"target": -0.04723681549120651, "params": {"bus_acc": 2.95, "bus_dcc": 2.2, "bus_lcAssertive": 19.47, "bus_lcCooperative": 0.69, "bus_lcLookaheadLeft": 72.79, "bus_lcPushy": 0.5, "bus_lcSublane": 0.96, "bus_max_v": 20.75, "bus_tau_mean": 3.73, "bus_tau_std": 1.77, "car_acc": 2.81, "car_dcc": 1.99, "car_lcAssertive": 93.77, "car_lcCooperative": 0.68, "car_lcLookaheadLeft": 42.13, "car_lcPushy": 0.89, "car_lcSublane": 0.52, "car_max_v": 12.59, "car_tau_mean": 3.11, "car_tau_std": 9.11}, "datetime": {"datetime": "2024-08-04 12:48:55", "elapsed": 4409.151945, "delta": 6.494411}}
{"target": -0.06061929683066481, "params": {"bus_acc": 2.58, "bus_dcc": 3.65, "bus_lcAssertive": 88.2, "bus_lcCooperative": 1.0, "bus_lcLookaheadLeft": 45.37, "bus_lcPushy": 0.82, "bus_lcSublane": 0.23, "bus_max_v": 8.75, "bus_tau_mean": 3.76, "bus_tau_std": 4.39, "car_acc": 2.46, "car_dcc": 2.64, "car_lcAssertive": 73.98, "car_lcCooperative": 0.21, "car_lcLookaheadLeft": 25.01, "car_lcPushy": 0.85, "car_lcSublane": 0.37, "car_max_v": 17.13, "car_tau_mean": 1.91, "car_tau_std": 6.74}, "datetime": {"datetime": "2024-08-04 12:48:59", "elapsed": 4413.373406, "delta": 4.221461}}
{"target": -0.0577779085455187, "params": {"bus_acc": 2.66, "bus_dcc": 1.95, "bus_lcAssertive": 88.82, "bus_lcCooperative": 0.15, "bus_lcLookaheadLeft": 99.01, "bus_lcPushy": 0.04, "bus_lcSublane": 0.73, "bus_max_v": 13.13, "bus_tau_mean": 3.95, "bus_tau_std": 5.99, "car_acc": 2.07, "car_dcc": 2.12, "car_lcAssertive": 18.05, "car_lcCooperative": 0.61, "car_lcLookaheadLeft": 94.88, "car_lcPushy": 0.72, "car_lcSublane": 0.18, "car_max_v": 27.21, "car_tau_mean": 3.1, "car_tau_std": 6.81}, "datetime": {"datetime": "2024-08-04 12:49:03", "elapsed": 4417.546306, "delta": 4.1729}}
{"target": -0.049283234114386655, "params": {"bus_acc": 2.97, "bus_dcc": 2.05, "bus_lcAssertive": 63.76, "bus_lcCooperative": 0.47, "bus_lcLookaheadLeft": 61.58, "bus_lcPushy": 0.85, "bus_lcSublane": 0.83, "bus_max_v": 9.03, "bus_tau_mean": 0.68, "bus_tau_std": 0.55, "car_acc": 2.24, "car_dcc": 2.94, "car_lcAssertive": 77.61, "car_lcCooperative": 0.99, "car_lcLookaheadLeft": 91.09, "car_lcPushy": 0.87, "car_lcSublane": 0.73, "car_max_v": 9.07, "car_tau_mean": 3.49, "car_tau_std": 7.85}, "datetime": {"datetime": "2024-08-04 12:49:14", "elapsed": 4428.143915, "delta": 10.597609}}
{"target": -0.03209193786185283, "params": {"bus_acc": 2.49, "bus_dcc": 1.88, "bus_lcAssertive": 24.41, "bus_lcCooperative": 0.8, "bus_lcLookaheadLeft": 37.51, "bus_lcPushy": 0.35, "bus_lcSublane": 0.93, "bus_max_v": 16.8, "bus_tau_mean": 1.13, "bus_tau_std": 9.82, "car_acc": 2.92, "car_dcc": 1.11, "car_lcAssertive": 4.3, "car_lcCooperative": 0.35, "car_lcLookaheadLeft": 23.47, "car_lcPushy": 0.73, "car_lcSublane": 0.94, "car_max_v": 10.02, "car_tau_mean": 3.5, "car_tau_std": 1.65}, "datetime": {"datetime": "2024-08-04 12:49:17", "elapsed": 4431.483839, "delta": 3.339924}}
{"target": -0.050698511505903904, "params": {"bus_acc": 1.78, "bus_dcc": 2.04, "bus_lcAssertive": 66.6, "bus_lcCooperative": 0.24, "bus_lcLookaheadLeft": 45.93, "bus_lcPushy": 0.86, "bus_lcSublane": 0.03, "bus_max_v": 12.57, "bus_tau_mean": 2.3, "bus_tau_std": 9.44, "car_acc": 1.81, "car_dcc": 1.17, "car_lcAssertive": 5.74, "car_lcCooperative": 0.63, "car_lcLookaheadLeft": 27.55, "car_lcPushy": 0.87, "car_lcSublane": 0.71, "car_max_v": 19.89, "car_tau_mean": 0.9, "car_tau_std": 0.84}, "datetime": {"datetime": "2024-08-04 12:49:21", "elapsed": 4435.987644, "delta": 4.503805}}
{"target": -0.04925852989567001, "params": {"bus_acc": 2.15, "bus_dcc": 2.56, "bus_lcAssertive": 6.7, "bus_lcCooperative": 0.1, "bus_lcLookaheadLeft": 67.84, "bus_lcPushy": 0.61, "bus_lcSublane": 0.11, "bus_max_v": 26.78, "bus_tau_mean": 3.29, "bus_tau_std": 7.52, "car_acc": 2.58, "car_dcc": 3.3, "car_lcAssertive": 4.94, "car_lcCooperative": 0.47, "car_lcLookaheadLeft": 15.94, "car_lcPushy": 0.21, "car_lcSublane": 0.72, "car_max_v": 14.73, "car_tau_mean": 1.96, "car_tau_std": 2.57}, "datetime": {"datetime": "2024-08-04 12:49:29", "elapsed": 4443.490765, "delta": 7.503121}}
{"target": -0.049838353458983936, "params": {"bus_acc": 2.25, "bus_dcc": 1.03, "bus_lcAssertive": 17.58, "bus_lcCooperative": 0.4, "bus_lcLookaheadLeft": 85.93, "bus_lcPushy": 0.76, "bus_lcSublane": 0.3, "bus_max_v": 17.26, "bus_tau_mean": 3.71, "bus_tau_std": 3.88, "car_acc": 1.98, "car_dcc": 2.8, "car_lcAssertive": 97.41, "car_lcCooperative": 0.96, "car_lcLookaheadLeft": 32.09, "car_lcPushy": 0.72, "car_lcSublane": 0.69, "car_max_v": 28.61, "car_tau_mean": 3.29, "car_tau_std": 0.96}, "datetime": {"datetime": "2024-08-04 12:49:56", "elapsed": 4470.864826, "delta": 27.374061}}
{"target": -0.05329090998571915, "params": {"bus_acc": 1.46, "bus_dcc": 1.38, "bus_lcAssertive": 19.88, "bus_lcCooperative": 0.1, "bus_lcLookaheadLeft": 29.96, "bus_lcPushy": 0.44, "bus_lcSublane": 0.02, "bus_max_v": 15.95, "bus_tau_mean": 2.21, "bus_tau_std": 5.82, "car_acc": 1.52, "car_dcc": 3.46, "car_lcAssertive": 63.43, "car_lcCooperative": 0.42, "car_lcLookaheadLeft": 11.54, "car_lcPushy": 0.04, "car_lcSublane": 0.9, "car_max_v": 29.8, "car_tau_mean": 0.98, "car_tau_std": 6.17}, "datetime": {"datetime": "2024-08-04 12:49:59", "elapsed": 4473.901159, "delta": 3.036333}}
{"target": -0.05510689028803415, "params": {"bus_acc": 2.4, "bus_dcc": 3.71, "bus_lcAssertive": 39.72, "bus_lcCooperative": 0.52, "bus_lcLookaheadLeft": 44.8, "bus_lcPushy": 0.79, "bus_lcSublane": 0.08, "bus_max_v": 26.36, "bus_tau_mean": 3.92, "bus_tau_std": 1.96, "car_acc": 2.16, "car_dcc": 2.83, "car_lcAssertive": 77.48, "car_lcCooperative": 0.56, "car_lcLookaheadLeft": 38.94, "car_lcPushy": 0.28, "car_lcSublane": 0.04, "car_max_v": 14.64, "car_tau_mean": 0.78, "car_tau_std": 0.64}, "datetime": {"datetime": "2024-08-04 12:50:12", "elapsed": 4486.85836, "delta": 12.957201}}
{"target": -0.050481104511744396, "params": {"bus_acc": 2.68, "bus_dcc": 1.73, "bus_lcAssertive": 57.48, "bus_lcCooperative": 0.32, "bus_lcLookaheadLeft": 92.15, "bus_lcPushy": 0.77, "bus_lcSublane": 0.32, "bus_max_v": 10.51, "bus_tau_mean": 3.42, "bus_tau_std": 0.76, "car_acc": 1.79, "car_dcc": 3.15, "car_lcAssertive": 43.37, "car_lcCooperative": 0.81, "car_lcLookaheadLeft": 82.7, "car_lcPushy": 0.57, "car_lcSublane": 0.8, "car_max_v": 20.54, "car_tau_mean": 3.52, "car_tau_std": 0.39}, "datetime": {"datetime": "2024-08-04 12:50:22", "elapsed": 4496.94709, "delta": 10.08873}}
{"target": -0.0476607133047399, "params": {"bus_acc": 1.55, "bus_dcc": 2.61, "bus_lcAssertive": 34.19, "bus_lcCooperative": 0.66, "bus_lcLookaheadLeft": 62.44, "bus_lcPushy": 0.44, "bus_lcSublane": 0.43, "bus_max_v": 11.85, "bus_tau_mean": 1.37, "bus_tau_std": 7.99, "car_acc": 1.42, "car_dcc": 2.7, "car_lcAssertive": 78.75, "car_lcCooperative": 0.47, "car_lcLookaheadLeft": 10.76, "car_lcPushy": 0.1, "car_lcSublane": 0.42, "car_max_v": 27.5, "car_tau_mean": 3.13, "car_tau_std": 3.11}, "datetime": {"datetime": "2024-08-04 12:50:46", "elapsed": 4521.06342, "delta": 24.11633}}
{"target": -0.05089254645146856, "params": {"bus_acc": 1.13, "bus_dcc": 1.17, "bus_lcAssertive": 16.79, "bus_lcCooperative": 0.97, "bus_lcLookaheadLeft": 96.71, "bus_lcPushy": 0.01, "bus_lcSublane": 0.49, "bus_max_v": 29.11, "bus_tau_mean": 0.56, "bus_tau_std": 1.05, "car_acc": 1.77, "car_dcc": 2.23, "car_lcAssertive": 25.67, "car_lcCooperative": 0.55, "car_lcLookaheadLeft": 85.2, "car_lcPushy": 0.8, "car_lcSublane": 0.66, "car_max_v": 24.27, "car_tau_mean": 1.44, "car_tau_std": 5.87}, "datetime": {"datetime": "2024-08-04 12:50:51", "elapsed": 4525.790784, "delta": 4.727364}}
{"target": -0.05258214765299312, "params": {"bus_acc": 2.05, "bus_dcc": 3.73, "bus_lcAssertive": 24.27, "bus_lcCooperative": 0.65, "bus_lcLookaheadLeft": 21.82, "bus_lcPushy": 0.68, "bus_lcSublane": 0.97, "bus_max_v": 22.69, "bus_tau_mean": 1.35, "bus_tau_std": 9.57, "car_acc": 2.39, "car_dcc": 1.93, "car_lcAssertive": 95.2, "car_lcCooperative": 0.44, "car_lcLookaheadLeft": 99.17, "car_lcPushy": 0.68, "car_lcSublane": 0.1, "car_max_v": 17.4, "car_tau_mean": 3.29, "car_tau_std": 4.02}, "datetime": {"datetime": "2024-08-04 12:51:05", "elapsed": 4539.17901, "delta": 13.388226}}
