{"target": -0.35130266948518074, "params": {"bus_acc": 4.5227, "bus_dcc": 1.3882, "bus_lcAssertive": 43.8053, "bus_lcCooperative": 0.6484, "bus_lcLookaheadLeft": 75.7188, "bus_lcPushy": 0.2562, "bus_lcSigma": 0.292, "bus_lcSpeedGainRight": 4.8586, "bus_lcSublane": 0.4196, "bus_sigma": 0.573, "bus_tau_mean": 2.9299, "bus_tau_std": 9.3459, "bus_v_mean": 11.2406, "bus_v_std": 9.3918, "car_acc": 2.725, "car_dcc": 3.4929, "car_lcAssertive": 88.4673, "car_lcCooperative": 0.4895, "car_lcLookaheadLeft": 95.854, "car_lcPushy": 0.3696, "car_lcSigma": 0.0766, "car_lcSpeedGainRight": 4.7084, "car_lcSublane": 0.7793, "car_sigma": 0.274, "car_tau_mean": 2.2958, "car_tau_std": 1.5101, "car_v_mean": 21.1924, "car_v_std": 13.9181}, "datetime": {"datetime": "2024-08-08 12:26:56", "elapsed": 1626.665308, "delta": 1.34237}}
{"target": -0.3261702728556888, "params": {"bus_acc": 2.6579, "bus_dcc": 1.9717, "bus_lcAssertive": 89.2851, "bus_lcCooperative": 0.5728, "bus_lcLookaheadLeft": 39.0683, "bus_lcPushy": 0.9982, "bus_lcSigma": 0.0871, "bus_lcSpeedGainRight": 1.9795, "bus_lcSublane": 0.2195, "bus_sigma": 0.3731, "bus_tau_mean": 3.9097, "bus_tau_std": 8.0465, "bus_v_mean": 14.2707, "bus_v_std": 12.7988, "car_acc": 1.4533, "car_dcc": 2.0769, "car_lcAssertive": 16.9505, "car_lcCooperative": 0.5369, "car_lcLookaheadLeft": 43.2021, "car_lcPushy": 0.5431, "car_lcSigma": 0.9846, "car_lcSpeedGainRight": 4.2772, "car_lcSublane": 0.5732, "car_sigma": 0.5148, "car_tau_mean": 1.8977, "car_tau_std": 3.4683, "car_v_mean": 15.6056, "car_v_std": 12.4895}, "datetime": {"datetime": "2024-08-08 12:27:26", "elapsed": 1656.758007, "delta": 30.092699}}
{"target": -0.3373569856216416, "params": {"bus_acc": 2.0562, "bus_dcc": 3.0971, "bus_lcAssertive": 37.5352, "bus_lcCooperative": 0.2702, "bus_lcLookaheadLeft": 48.2765, "bus_lcPushy": 0.5492, "bus_lcSigma": 0.4565, "bus_lcSpeedGainRight": 0.2016, "bus_lcSublane": 0.6795, "bus_sigma": 0.6637, "bus_tau_mean": 1.491, "bus_tau_std": 2.064, "bus_v_mean": 21.6638, "bus_v_std": 18.0544, "car_acc": 1.971, "car_dcc": 1.5207, "car_lcAssertive": 2.3885, "car_lcCooperative": 0.9184, "car_lcLookaheadLeft": 28.0599, "car_lcPushy": 0.3953, "car_lcSigma": 0.5514, "car_lcSpeedGainRight": 4.5344, "car_lcSublane": 0.9219, "car_sigma": 0.9669, "car_tau_mean": 2.7279, "car_tau_std": 8.3315, "car_v_mean": 17.8711, "car_v_std": 10.8207}, "datetime": {"datetime": "2024-08-08 12:27:31", "elapsed": 1661.253429, "delta": 4.495422}}
{"target": -0.3406102941514327, "params": {"bus_acc": 4.6219, "bus_dcc": 3.0015, "bus_lcAssertive": 56.3096, "bus_lcCooperative": 0.132, "bus_lcLookaheadLeft": 55.6827, "bus_lcPushy": 0.414, "bus_lcSigma": 0.4102, "bus_lcSpeedGainRight": 4.5547, "bus_lcSublane": 0.184, "bus_sigma": 0.5461, "bus_tau_mean": 1.2658, "bus_tau_std": 1.4793, "bus_v_mean": 11.5218, "bus_v_std": 6.5239, "car_acc": 2.6719, "car_dcc": 1.709, "car_lcAssertive": 73.4782, "car_lcCooperative": 0.8556, "car_lcLookaheadLeft": 80.4797, "car_lcPushy": 0.704, "car_lcSigma": 0.483, "car_lcSpeedGainRight": 2.6003, "car_lcSublane": 0.2643, "car_sigma": 0.3784, "car_tau_mean": 1.5004, "car_tau_std": 6.6551, "car_v_mean": 23.2198, "car_v_std": 13.9869}, "datetime": {"datetime": "2024-08-08 12:27:36", "elapsed": 1667.057007, "delta": 5.803578}}
{"target": -0.3419860568235138, "params": {"bus_acc": 4.179, "bus_dcc": 3.9891, "bus_lcAssertive": 27.5164, "bus_lcCooperative": 0.1242, "bus_lcLookaheadLeft": 47.9536, "bus_lcPushy": 0.0737, "bus_lcSigma": 0.6587, "bus_lcSpeedGainRight": 3.0086, "bus_lcSublane": 0.8076, "bus_sigma": 0.6346, "bus_tau_mean": 3.2132, "bus_tau_std": 5.6095, "bus_v_mean": 16.4476, "bus_v_std": 11.3845, "car_acc": 4.0377, "car_dcc": 3.0828, "car_lcAssertive": 79.2864, "car_lcCooperative": 0.3943, "car_lcLookaheadLeft": 52.3733, "car_lcPushy": 0.2548, "car_lcSigma": 0.2368, "car_lcSpeedGainRight": 2.1223, "car_lcSublane": 0.9195, "car_sigma": 0.1936, "car_tau_mean": 2.5803, "car_tau_std": 6.7303, "car_v_mean": 15.8296, "car_v_std": 8.2838}, "datetime": {"datetime": "2024-08-08 12:27:38", "elapsed": 1668.10937, "delta": 1.052363}}
{"target": -0.35555638846065146, "params": {"bus_acc": 1.9191, "bus_dcc": 3.047, "bus_lcAssertive": 5.6108, "bus_lcCooperative": 0.7259, "bus_lcLookaheadLeft": 38.77, "bus_lcPushy": 0.0291, "bus_lcSigma": 0.1006, "bus_lcSpeedGainRight": 1.2054, "bus_lcSublane": 0.3996, "bus_sigma": 0.6962, "bus_tau_mean": 2.1913, "bus_tau_std": 5.6372, "bus_v_mean": 23.3019, "bus_v_std": 6.6112, "car_acc": 2.5406, "car_dcc": 1.2182, "car_lcAssertive": 98.3712, "car_lcCooperative": 0.1623, "car_lcLookaheadLeft": 39.8095, "car_lcPushy": 0.5977, "car_lcSigma": 0.5325, "car_lcSpeedGainRight": 1.6196, "car_lcSublane": 0.7884, "car_sigma": 0.6277, "car_tau_mean": 0.9726, "car_tau_std": 7.9146, "car_v_mean": 13.7632, "car_v_std": 6.2898}, "datetime": {"datetime": "2024-08-08 12:27:50", "elapsed": 1680.074727, "delta": 11.965357}}
{"target": -0.35426092522776464, "params": {"bus_acc": 4.1501, "bus_dcc": 3.8037, "bus_lcAssertive": 53.4326, "bus_lcCooperative": 0.0634, "bus_lcLookaheadLeft": 51.2359, "bus_lcPushy": 0.5953, "bus_lcSigma": 0.9348, "bus_lcSpeedGainRight": 2.4853, "bus_lcSublane": 0.4216, "bus_sigma": 0.5638, "bus_tau_mean": 3.5798, "bus_tau_std": 4.9943, "bus_v_mean": 18.4076, "bus_v_std": 18.2246, "car_acc": 2.1583, "car_dcc": 3.0901, "car_lcAssertive": 11.2018, "car_lcCooperative": 0.2675, "car_lcLookaheadLeft": 27.3723, "car_lcPushy": 0.3256, "car_lcSigma": 0.7794, "car_lcSpeedGainRight": 0.9965, "car_lcSublane": 0.1422, "car_sigma": 0.8478, "car_tau_mean": 1.1214, "car_tau_std": 1.966, "car_v_mean": 19.2857, "car_v_std": 10.9521}, "datetime": {"datetime": "2024-08-08 12:27:55", "elapsed": 1685.136697, "delta": 5.06197}}
{"target": -0.32776792181519177, "params": {"bus_acc": 2.2421, "bus_dcc": 2.3813, "bus_lcAssertive": 39.5417, "bus_lcCooperative": 0.9319, "bus_lcLookaheadLeft": 27.3767, "bus_lcPushy": 0.8769, "bus_lcSigma": 0.7545, "bus_lcSpeedGainRight": 1.2832, "bus_lcSublane": 0.0348, "bus_sigma": 0.4554, "bus_tau_mean": 3.1203, "bus_tau_std": 5.2419, "bus_v_mean": 12.6957, "bus_v_std": 8.3463, "car_acc": 4.9084, "car_dcc": 2.9039, "car_lcAssertive": 28.9192, "car_lcCooperative": 0.2957, "car_lcLookaheadLeft": 84.3228, "car_lcPushy": 0.9216, "car_lcSigma": 0.4175, "car_lcSpeedGainRight": 0.5603, "car_lcSublane": 0.5108, "car_sigma": 0.8066, "car_tau_mean": 1.2299, "car_tau_std": 1.0328, "car_v_mean": 12.7883, "car_v_std": 2.9001}, "datetime": {"datetime": "2024-08-08 12:28:03", "elapsed": 1693.383453, "delta": 8.246756}}
{"target": -0.5010045572296571, "params": {"bus_acc": 4.2763, "bus_dcc": 2.5219, "bus_lcAssertive": 79.3363, "bus_lcCooperative": 0.7907, "bus_lcLookaheadLeft": 95.15, "bus_lcPushy": 0.0062, "bus_lcSigma": 0.9134, "bus_lcSpeedGainRight": 1.4977, "bus_lcSublane": 0.2992, "bus_sigma": 0.8053, "bus_tau_mean": 2.9619, "bus_tau_std": 7.3833, "bus_v_mean": 15.427, "bus_v_std": 7.8326, "car_acc": 2.4742, "car_dcc": 1.6999, "car_lcAssertive": 67.4596, "car_lcCooperative": 0.2162, "car_lcLookaheadLeft": 15.0873, "car_lcPushy": 0.7861, "car_lcSigma": 0.5304, "car_lcSpeedGainRight": 3.2352, "car_lcSublane": 0.2731, "car_sigma": 0.3935, "car_tau_mean": 3.1808, "car_tau_std": 7.6811, "car_v_mean": 18.8601, "car_v_std": 2.8782}, "datetime": {"datetime": "2024-08-08 12:28:08", "elapsed": 1698.34922, "delta": 4.965767}}
{"target": -0.3767532222095905, "params": {"bus_acc": 2.2921, "bus_dcc": 3.7339, "bus_lcAssertive": 32.4072, "bus_lcCooperative": 0.1617, "bus_lcLookaheadLeft": 47.5406, "bus_lcPushy": 0.2313, "bus_lcSigma": 0.0699, "bus_lcSpeedGainRight": 1.349, "bus_lcSublane": 0.3244, "bus_sigma": 0.2839, "bus_tau_mean": 2.2714, "bus_tau_std": 8.6917, "bus_v_mean": 15.9593, "bus_v_std": 18.0973, "car_acc": 1.5269, "car_dcc": 1.4523, "car_lcAssertive": 8.4593, "car_lcCooperative": 0.5185, "car_lcLookaheadLeft": 25.0493, "car_lcPushy": 0.5637, "car_lcSigma": 0.5928, "car_lcSpeedGainRight": 2.9718, "car_lcSublane": 0.9989, "car_sigma": 0.4488, "car_tau_mean": 1.9995, "car_tau_std": 7.6336, "car_v_mean": 17.2468, "car_v_std": 14.1107}, "datetime": {"datetime": "2024-08-08 12:28:13", "elapsed": 1703.483828, "delta": 5.134608}}
{"target": -0.4225556354976687, "params": {"bus_acc": 3.5286, "bus_dcc": 1.2805, "bus_lcAssertive": 83.5098, "bus_lcCooperative": 0.5719, "bus_lcLookaheadLeft": 56.0751, "bus_lcPushy": 0.599, "bus_lcSigma": 0.2182, "bus_lcSpeedGainRight": 2.208, "bus_lcSublane": 0.733, "bus_sigma": 0.6168, "bus_tau_mean": 1.4945, "bus_tau_std": 0.4455, "bus_v_mean": 20.584, "bus_v_std": 13.2089, "car_acc": 3.8739, "car_dcc": 3.9347, "car_lcAssertive": 48.7735, "car_lcCooperative": 0.6011, "car_lcLookaheadLeft": 35.9858, "car_lcPushy": 0.3415, "car_lcSigma": 0.4711, "car_lcSpeedGainRight": 1.4698, "car_lcSublane": 0.0462, "car_sigma": 0.0963, "car_tau_mean": 2.6964, "car_tau_std": 5.8045, "car_v_mean": 14.9654, "car_v_std": 11.5789}, "datetime": {"datetime": "2024-08-08 12:28:15", "elapsed": 1705.861317, "delta": 2.377489}}
{"target": -0.3470743731435769, "params": {"bus_acc": 3.8114, "bus_dcc": 1.0957, "bus_lcAssertive": 58.6642, "bus_lcCooperative": 0.8726, "bus_lcLookaheadLeft": 15.8056, "bus_lcPushy": 0.3392, "bus_lcSigma": 0.736, "bus_lcSpeedGainRight": 3.8744, "bus_lcSublane": 0.2445, "bus_sigma": 0.7026, "bus_tau_mean": 3.9506, "bus_tau_std": 1.092, "bus_v_mean": 14.4841, "bus_v_std": 8.2226, "car_acc": 4.3877, "car_dcc": 3.0364, "car_lcAssertive": 71.0851, "car_lcCooperative": 0.1576, "car_lcLookaheadLeft": 91.3004, "car_lcPushy": 0.6129, "car_lcSigma": 0.9808, "car_lcSpeedGainRight": 2.0412, "car_lcSublane": 0.6536, "car_sigma": 0.5124, "car_tau_mean": 2.322, "car_tau_std": 2.6585, "car_v_mean": 20.669, "car_v_std": 14.8231}, "datetime": {"datetime": "2024-08-08 12:28:45", "elapsed": 1735.291021, "delta": 29.429704}}
{"target": -0.31143121470434054, "params": {"bus_acc": 4.509, "bus_dcc": 1.4169, "bus_lcAssertive": 82.2665, "bus_lcCooperative": 0.2639, "bus_lcLookaheadLeft": 6.3947, "bus_lcPushy": 0.1449, "bus_lcSigma": 0.8519, "bus_lcSpeedGainRight": 3.9437, "bus_lcSublane": 0.2957, "bus_sigma": 0.8638, "bus_tau_mean": 2.5364, "bus_tau_std": 4.619, "bus_v_mean": 16.1957, "bus_v_std": 12.2187, "car_acc": 1.4634, "car_dcc": 1.2638, "car_lcAssertive": 27.9571, "car_lcCooperative": 0.2329, "car_lcLookaheadLeft": 67.5481, "car_lcPushy": 0.6893, "car_lcSigma": 0.3358, "car_lcSpeedGainRight": 2.8433, "car_lcSublane": 0.2664, "car_sigma": 0.296, "car_tau_mean": 2.0333, "car_tau_std": 1.8691, "car_v_mean": 9.0475, "car_v_std": 17.6156}, "datetime": {"datetime": "2024-08-08 12:29:16", "elapsed": 1766.72883, "delta": 31.437809}}
{"target": -0.3093230626895831, "params": {"bus_acc": 4.013, "bus_dcc": 1.2952, "bus_lcAssertive": 64.4683, "bus_lcCooperative": 0.2713, "bus_lcLookaheadLeft": 32.6648, "bus_lcPushy": 0.3601, "bus_lcSigma": 0.8609, "bus_lcSpeedGainRight": 2.1876, "bus_lcSublane": 0.5327, "bus_sigma": 0.3034, "bus_tau_mean": 1.8323, "bus_tau_std": 4.7453, "bus_v_mean": 8.1477, "bus_v_std": 1.3565, "car_acc": 1.0905, "car_dcc": 3.5674, "car_lcAssertive": 36.1259, "car_lcCooperative": 0.5503, "car_lcLookaheadLeft": 5.8352, "car_lcPushy": 0.0483, "car_lcSigma": 0.7089, "car_lcSpeedGainRight": 2.1736, "car_lcSublane": 0.775, "car_sigma": 0.9968, "car_tau_mean": 2.791, "car_tau_std": 3.4365, "car_v_mean": 21.3819, "car_v_std": 9.7995}, "datetime": {"datetime": "2024-08-08 12:29:21", "elapsed": 1771.69755, "delta": 4.96872}}
{"target": -0.33459957803988144, "params": {"bus_acc": 3.8243, "bus_dcc": 2.3844, "bus_lcAssertive": 36.7415, "bus_lcCooperative": 0.1338, "bus_lcLookaheadLeft": 38.791, "bus_lcPushy": 0.4507, "bus_lcSigma": 0.7753, "bus_lcSpeedGainRight": 3.3006, "bus_lcSublane": 0.4291, "bus_sigma": 0.0371, "bus_tau_mean": 2.5653, "bus_tau_std": 6.7702, "bus_v_mean": 17.1091, "bus_v_std": 8.111, "car_acc": 1.1445, "car_dcc": 1.5775, "car_lcAssertive": 21.2973, "car_lcCooperative": 0.8088, "car_lcLookaheadLeft": 84.5359, "car_lcPushy": 0.5054, "car_lcSigma": 0.5983, "car_lcSpeedGainRight": 4.104, "car_lcSublane": 0.703, "car_sigma": 0.1, "car_tau_mean": 2.1733, "car_tau_std": 1.3805, "car_v_mean": 16.2825, "car_v_std": 9.4603}, "datetime": {"datetime": "2024-08-08 12:29:31", "elapsed": 1781.366966, "delta": 9.669416}}
{"target": -0.34922155148755146, "params": {"bus_acc": 1.544, "bus_dcc": 2.1182, "bus_lcAssertive": 63.3478, "bus_lcCooperative": 0.9844, "bus_lcLookaheadLeft": 61.3203, "bus_lcPushy": 0.2998, "bus_lcSigma": 0.5611, "bus_lcSpeedGainRight": 1.9757, "bus_lcSublane": 0.0664, "bus_sigma": 0.7177, "bus_tau_mean": 3.7313, "bus_tau_std": 8.7447, "bus_v_mean": 21.2646, "bus_v_std": 4.8247, "car_acc": 4.2227, "car_dcc": 3.4718, "car_lcAssertive": 35.5425, "car_lcCooperative": 0.9694, "car_lcLookaheadLeft": 41.1981, "car_lcPushy": 0.5096, "car_lcSigma": 0.9134, "car_lcSpeedGainRight": 4.0509, "car_lcSublane": 0.9192, "car_sigma": 0.5131, "car_tau_mean": 3.86, "car_tau_std": 3.3107, "car_v_mean": 11.29, "car_v_std": 19.1445}, "datetime": {"datetime": "2024-08-08 12:29:43", "elapsed": 1793.516045, "delta": 12.149079}}
{"target": -0.32182741839527695, "params": {"bus_acc": 4.5802, "bus_dcc": 2.8839, "bus_lcAssertive": 85.8342, "bus_lcCooperative": 0.0182, "bus_lcLookaheadLeft": 55.6887, "bus_lcPushy": 0.2911, "bus_lcSigma": 0.3599, "bus_lcSpeedGainRight": 0.7378, "bus_lcSublane": 0.2429, "bus_sigma": 0.9907, "bus_tau_mean": 2.7669, "bus_tau_std": 9.1935, "bus_v_mean": 21.0791, "bus_v_std": 13.4076, "car_acc": 3.0066, "car_dcc": 2.4171, "car_lcAssertive": 29.3064, "car_lcCooperative": 0.6665, "car_lcLookaheadLeft": 96.4574, "car_lcPushy": 0.5314, "car_lcSigma": 0.416, "car_lcSpeedGainRight": 0.8262, "car_lcSublane": 0.6713, "car_sigma": 0.6583, "car_tau_mean": 3.6021, "car_tau_std": 6.6393, "car_v_mean": 10.5867, "car_v_std": 10.8286}, "datetime": {"datetime": "2024-08-08 12:29:50", "elapsed": 1800.778363, "delta": 7.262318}}
{"target": -0.33761187630853495, "params": {"bus_acc": 1.0249, "bus_dcc": 1.8587, "bus_lcAssertive": 96.156, "bus_lcCooperative": 0.9348, "bus_lcLookaheadLeft": 31.3258, "bus_lcPushy": 0.7029, "bus_lcSigma": 0.7454, "bus_lcSpeedGainRight": 1.2372, "bus_lcSublane": 0.616, "bus_sigma": 0.8848, "bus_tau_mean": 3.0115, "bus_tau_std": 1.0005, "bus_v_mean": 20.4521, "bus_v_std": 10.1912, "car_acc": 4.7989, "car_dcc": 3.9642, "car_lcAssertive": 6.8103, "car_lcCooperative": 0.8752, "car_lcLookaheadLeft": 60.8823, "car_lcPushy": 0.9074, "car_lcSigma": 0.9592, "car_lcSpeedGainRight": 1.6135, "car_lcSublane": 0.0117, "car_sigma": 0.087, "car_tau_mean": 0.7158, "car_tau_std": 5.5316, "car_v_mean": 10.981, "car_v_std": 12.2166}, "datetime": {"datetime": "2024-08-08 12:30:00", "elapsed": 1810.696073, "delta": 9.91771}}
{"target": -0.3550591398790762, "params": {"bus_acc": 3.2537, "bus_dcc": 2.1358, "bus_lcAssertive": 45.2249, "bus_lcCooperative": 0.8556, "bus_lcLookaheadLeft": 70.915, "bus_lcPushy": 0.44, "bus_lcSigma": 0.8687, "bus_lcSpeedGainRight": 2.0215, "bus_lcSublane": 0.715, "bus_sigma": 0.2872, "bus_tau_mean": 3.9919, "bus_tau_std": 6.1843, "bus_v_mean": 14.5725, "bus_v_std": 11.4386, "car_acc": 2.6542, "car_dcc": 3.9697, "car_lcAssertive": 91.2308, "car_lcCooperative": 0.6234, "car_lcLookaheadLeft": 96.4305, "car_lcPushy": 0.8515, "car_lcSigma": 0.4092, "car_lcSpeedGainRight": 3.7933, "car_lcSublane": 0.2201, "car_sigma": 0.282, "car_tau_mean": 1.9704, "car_tau_std": 6.3298, "car_v_mean": 16.9134, "car_v_std": 14.7231}, "datetime": {"datetime": "2024-08-08 12:30:26", "elapsed": 1837.015759, "delta": 26.319686}}
{"target": -0.3552506347761202, "params": {"bus_acc": 1.9999, "bus_dcc": 3.5357, "bus_lcAssertive": 62.7546, "bus_lcCooperative": 0.9004, "bus_lcLookaheadLeft": 35.2254, "bus_lcPushy": 0.0965, "bus_lcSigma": 0.4389, "bus_lcSpeedGainRight": 3.2649, "bus_lcSublane": 0.5607, "bus_sigma": 0.7622, "bus_tau_mean": 1.9681, "bus_tau_std": 5.4332, "bus_v_mean": 12.8549, "bus_v_std": 15.2811, "car_acc": 3.1708, "car_dcc": 2.7774, "car_lcAssertive": 25.6914, "car_lcCooperative": 0.8824, "car_lcLookaheadLeft": 18.9702, "car_lcPushy": 0.2567, "car_lcSigma": 0.1404, "car_lcSpeedGainRight": 1.1834, "car_lcSublane": 0.8407, "car_sigma": 0.9423, "car_tau_mean": 3.1466, "car_tau_std": 0.7752, "car_v_mean": 21.6418, "car_v_std": 2.5667}, "datetime": {"datetime": "2024-08-08 12:30:30", "elapsed": 1840.105352, "delta": 3.089593}}
{"target": -0.3519362768695681, "params": {"bus_acc": 2.8607, "bus_dcc": 1.1696, "bus_lcAssertive": 12.5329, "bus_lcCooperative": 0.7497, "bus_lcLookaheadLeft": 82.4174, "bus_lcPushy": 0.5005, "bus_lcSigma": 0.5859, "bus_lcSpeedGainRight": 3.9785, "bus_lcSublane": 0.6084, "bus_sigma": 0.5634, "bus_tau_mean": 2.6855, "bus_tau_std": 1.5147, "bus_v_mean": 14.3018, "bus_v_std": 8.0621, "car_acc": 3.2866, "car_dcc": 2.1052, "car_lcAssertive": 6.936, "car_lcCooperative": 0.4408, "car_lcLookaheadLeft": 24.3858, "car_lcPushy": 0.8106, "car_lcSigma": 0.0164, "car_lcSpeedGainRight": 3.5406, "car_lcSublane": 0.3177, "car_sigma": 0.2023, "car_tau_mean": 3.3424, "car_tau_std": 7.978, "car_v_mean": 17.2819, "car_v_std": 2.8575}, "datetime": {"datetime": "2024-08-08 12:30:31", "elapsed": 1841.879966, "delta": 1.774614}}
{"target": -0.3652538427252152, "params": {"bus_acc": 3.8762, "bus_dcc": 1.1252, "bus_lcAssertive": 7.041, "bus_lcCooperative": 0.5596, "bus_lcLookaheadLeft": 47.2584, "bus_lcPushy": 0.9904, "bus_lcSigma": 0.8579, "bus_lcSpeedGainRight": 2.4049, "bus_lcSublane": 0.3582, "bus_sigma": 0.7676, "bus_tau_mean": 3.5847, "bus_tau_std": 7.2208, "bus_v_mean": 10.684, "bus_v_std": 2.0523, "car_acc": 1.8468, "car_dcc": 1.216, "car_lcAssertive": 56.968, "car_lcCooperative": 0.0317, "car_lcLookaheadLeft": 91.6318, "car_lcPushy": 0.5734, "car_lcSigma": 0.9737, "car_lcSpeedGainRight": 3.68, "car_lcSublane": 0.4231, "car_sigma": 0.2478, "car_tau_mean": 3.9939, "car_tau_std": 5.6861, "car_v_mean": 11.2004, "car_v_std": 0.6765}, "datetime": {"datetime": "2024-08-08 12:30:54", "elapsed": 1864.784041, "delta": 22.904075}}
{"target": -0.3620824758671233, "params": {"bus_acc": 1.8555, "bus_dcc": 2.1274, "bus_lcAssertive": 75.705, "bus_lcCooperative": 0.8204, "bus_lcLookaheadLeft": 68.8696, "bus_lcPushy": 0.3913, "bus_lcSigma": 0.9521, "bus_lcSpeedGainRight": 2.4656, "bus_lcSublane": 0.3658, "bus_sigma": 0.3336, "bus_tau_mean": 3.391, "bus_tau_std": 5.6465, "bus_v_mean": 15.0437, "bus_v_std": 3.295, "car_acc": 1.6246, "car_dcc": 3.9628, "car_lcAssertive": 9.7757, "car_lcCooperative": 0.7539, "car_lcLookaheadLeft": 56.7942, "car_lcPushy": 0.4605, "car_lcSigma": 0.5261, "car_lcSpeedGainRight": 1.9039, "car_lcSublane": 0.7868, "car_sigma": 0.7014, "car_tau_mean": 3.589, "car_tau_std": 6.2522, "car_v_mean": 16.5107, "car_v_std": 11.1273}, "datetime": {"datetime": "2024-08-08 12:30:55", "elapsed": 1865.670447, "delta": 0.886406}}
{"target": -0.29723980425640806, "params": {"bus_acc": 3.106, "bus_dcc": 1.1071, "bus_lcAssertive": 33.2579, "bus_lcCooperative": 0.3684, "bus_lcLookaheadLeft": 49.0376, "bus_lcPushy": 0.2154, "bus_lcSigma": 0.9243, "bus_lcSpeedGainRight": 0.6035, "bus_lcSublane": 0.3829, "bus_sigma": 0.3779, "bus_tau_mean": 2.2442, "bus_tau_std": 2.3885, "bus_v_mean": 16.7682, "bus_v_std": 15.8435, "car_acc": 4.292, "car_dcc": 3.1432, "car_lcAssertive": 4.8486, "car_lcCooperative": 0.3726, "car_lcLookaheadLeft": 30.1066, "car_lcPushy": 0.7358, "car_lcSigma": 0.2855, "car_lcSpeedGainRight": 0.5676, "car_lcSublane": 0.4768, "car_sigma": 0.007, "car_tau_mean": 3.4306, "car_tau_std": 4.8595, "car_v_mean": 18.1537, "car_v_std": 9.6351}, "datetime": {"datetime": "2024-08-08 12:30:56", "elapsed": 1866.35624, "delta": 0.685793}}
{"target": -0.3064875839137135, "params": {"bus_acc": 1.3062, "bus_dcc": 2.8536, "bus_lcAssertive": 75.5196, "bus_lcCooperative": 0.3731, "bus_lcLookaheadLeft": 29.9647, "bus_lcPushy": 0.6809, "bus_lcSigma": 0.8771, "bus_lcSpeedGainRight": 1.8761, "bus_lcSublane": 0.4803, "bus_sigma": 0.8985, "bus_tau_mean": 2.5253, "bus_tau_std": 1.2968, "bus_v_mean": 12.7765, "bus_v_std": 13.702, "car_acc": 1.0099, "car_dcc": 3.084, "car_lcAssertive": 17.8033, "car_lcCooperative": 0.083, "car_lcLookaheadLeft": 19.3739, "car_lcPushy": 0.122, "car_lcSigma": 0.203, "car_lcSpeedGainRight": 3.4472, "car_lcSublane": 0.7546, "car_sigma": 0.9414, "car_tau_mean": 3.3431, "car_tau_std": 4.6078, "car_v_mean": 15.522, "car_v_std": 19.1352}, "datetime": {"datetime": "2024-08-08 12:30:57", "elapsed": 1867.775715, "delta": 1.419475}}
{"target": -0.3513403991045033, "params": {"bus_acc": 2.2667, "bus_dcc": 3.1998, "bus_lcAssertive": 3.6909, "bus_lcCooperative": 0.7048, "bus_lcLookaheadLeft": 75.6537, "bus_lcPushy": 0.7634, "bus_lcSigma": 0.5128, "bus_lcSpeedGainRight": 3.5518, "bus_lcSublane": 0.4704, "bus_sigma": 0.85, "bus_tau_mean": 1.3453, "bus_tau_std": 4.0279, "bus_v_mean": 23.0253, "bus_v_std": 4.6319, "car_acc": 4.4279, "car_dcc": 3.8829, "car_lcAssertive": 59.0144, "car_lcCooperative": 0.5773, "car_lcLookaheadLeft": 76.0181, "car_lcPushy": 0.3026, "car_lcSigma": 0.4254, "car_lcSpeedGainRight": 1.0185, "car_lcSublane": 0.4018, "car_sigma": 0.7864, "car_tau_mean": 1.9767, "car_tau_std": 5.2643, "car_v_mean": 15.4314, "car_v_std": 16.4252}, "datetime": {"datetime": "2024-08-08 12:31:04", "elapsed": 1874.55189, "delta": 6.776175}}
