{"target": -0.06168204327596107, "params": {"bus_acc": 2.055429292617493, "bus_dcc": 3.4064832520137944, "bus_lcAssertive": 57.676363201969025, "bus_lcCooperative": 0.7331425252875111, "bus_lcLookaheadLeft": 52.86313949147747, "bus_lcPushy": 0.770883910501888, "bus_lcSublane": 0.5688579907047155, "bus_tau_mean": 2.129984575071933, "bus_tau_std": 3.4268890795328177, "bus_v_mean": 9.091349574667266, "bus_v_std": 3.7792417932809985, "car_acc": 1.1592521553965047, "car_dcc": 3.948451341191335, "car_lcAssertive": 18.979672281745614, "car_lcCooperative": 0.8118586977205398, "car_lcLookaheadLeft": 87.74624120567802, "car_lcPushy": 0.6884132523859433, "car_lcSublane": 0.5694944127453757, "car_tau_mean": 1.0634000288546308, "car_tau_std": 4.668800227633064, "car_v_mean": 13.52275281848344, "car_v_std": 2.250399578140846}, "datetime": {"datetime": "2024-08-05 18:23:35", "elapsed": 66.928588, "delta": 2.049377}}
{"target": -0.06716658511570212, "params": {"bus_acc": 1.8271834356035286, "bus_dcc": 1.4179035139711802, "bus_lcAssertive": 38.34451147353914, "bus_lcCooperative": 0.4244374662396153, "bus_lcLookaheadLeft": 48.35056528228128, "bus_lcPushy": 0.4228418130386131, "bus_lcSublane": 0.10275656387416432, "bus_tau_mean": 3.204030933210404, "bus_tau_std": 1.372060034899114, "bus_v_mean": 14.788677989212992, "bus_v_std": 2.719561124527795, "car_acc": 1.6020158861598126, "car_dcc": 3.0172623177592977, "car_lcAssertive": 52.260885657528036, "car_lcCooperative": 0.19008705047994057, "car_lcLookaheadLeft": 47.975175103670956, "car_lcPushy": 0.3395408687963035, "car_lcSublane": 0.7044971982481261, "car_tau_mean": 1.2913332085139215, "car_tau_std": 8.449881373583452, "car_v_mean": 16.419674638266088, "car_v_std": 5.006195729230891}, "datetime": {"datetime": "2024-08-05 18:23:35", "elapsed": 67.293436, "delta": 0.364848}}
{"target": -0.06137681431395541, "params": {"bus_acc": 1.3877297193190936, "bus_dcc": 2.4853370876835346, "bus_lcAssertive": 63.877371148042485, "bus_lcCooperative": 0.880219977218583, "bus_lcLookaheadLeft": 90.44858252938002, "bus_lcPushy": 0.307160768485095, "bus_lcSublane": 0.7533800731255857, "bus_tau_mean": 1.488498106956404, "bus_tau_std": 3.685768697652759, "bus_v_mean": 12.683624993490083, "bus_v_std": 4.136907361991014, "car_acc": 1.4294313913367611, "car_dcc": 1.9569580194105671, "car_lcAssertive": 13.070061575118679, "car_lcCooperative": 0.9630182395955346, "car_lcLookaheadLeft": 51.390334921080715, "car_lcPushy": 0.9231006825886638, "car_lcSublane": 0.7461601407734211, "car_tau_mean": 2.101968506881467, "car_tau_std": 7.546222253081317, "car_v_mean": 18.048369257710814, "car_v_std": 3.0375843415186865}, "datetime": {"datetime": "2024-08-05 18:23:36", "elapsed": 68.360881, "delta": 1.067445}}
{"target": -0.06360265914274421, "params": {"bus_acc": 2.1992720168474333, "bus_dcc": 3.066535777055995, "bus_lcAssertive": 49.61988616912532, "bus_lcCooperative": 0.08817368124218106, "bus_lcLookaheadLeft": 25.037608395244693, "bus_lcPushy": 0.461602080891622, "bus_lcSublane": 0.19859150305392625, "bus_tau_mean": 0.589166825225871, "bus_tau_std": 7.293976982561526, "bus_v_mean": 19.598667955505906, "bus_v_std": 3.3039174636170277, "car_acc": 2.686988252127311, "car_dcc": 2.28532742785322, "car_lcAssertive": 86.6039283315899, "car_lcCooperative": 0.6570654246228895, "car_lcLookaheadLeft": 58.94149442697284, "car_lcPushy": 0.200727488035091, "car_lcSublane": 0.5295466104783949, "car_tau_mean": 3.630513464496503, "car_tau_std": 3.0499397583521604, "car_v_mean": 21.935129746576855, "car_v_std": 9.087452728583882}, "datetime": {"datetime": "2024-08-05 18:23:39", "elapsed": 71.479344, "delta": 3.118463}}
{"target": -0.05895118486953268, "params": {"bus_acc": 1.9558476984331188, "bus_dcc": 2.663555494834501, "bus_lcAssertive": 87.66498236565286, "bus_lcCooperative": 0.9492644337722901, "bus_lcLookaheadLeft": 64.64010607508811, "bus_lcPushy": 0.7485203200897537, "bus_lcSublane": 0.35162490636044264, "bus_tau_mean": 3.71309911680163, "bus_tau_std": 8.367520498538312, "bus_v_mean": 16.832894099596203, "bus_v_std": 8.676272096151736, "car_acc": 2.6997437628806646, "car_dcc": 3.4252340698184254, "car_lcAssertive": 13.938589615341417, "car_lcCooperative": 0.5360025748218121, "car_lcLookaheadLeft": 90.27674524127777, "car_lcPushy": 0.7708318305538303, "car_lcSublane": 0.4207131990251918, "car_tau_mean": 3.9225813767598803, "car_tau_std": 2.5077315667300226, "car_v_mean": 13.337763661566363, "car_v_std": 9.54200507429589}, "datetime": {"datetime": "2024-08-05 18:23:40", "elapsed": 71.796256, "delta": 0.316912}}
{"target": -0.06639571540190176, "params": {"bus_acc": 2.1228193674369633, "bus_dcc": 3.20176940885463, "bus_lcAssertive": 9.659803456319308, "bus_lcCooperative": 0.3997549876808645, "bus_lcLookaheadLeft": 29.40287558608519, "bus_lcPushy": 0.42351005310518297, "bus_lcSublane": 0.49797863267328835, "bus_tau_mean": 2.810053282341179, "bus_tau_std": 4.962361389702792, "bus_v_mean": 17.927491209683048, "bus_v_std": 5.824398618892226, "car_acc": 1.8566647960777127, "car_dcc": 1.0149290941337963, "car_lcAssertive": 20.25712497210058, "car_lcCooperative": 0.3202066542862888, "car_lcLookaheadLeft": 16.403856333783267, "car_lcPushy": 0.5986638816064357, "car_lcSublane": 0.6114994766596024, "car_tau_mean": 2.2503264085892534, "car_tau_std": 3.2084890160086452, "car_v_mean": 18.45212883239127, "car_v_std": 1.9028348267904371}, "datetime": {"datetime": "2024-08-05 18:23:40", "elapsed": 72.148226, "delta": 0.35197}}
{"target": -0.05840382894893867, "params": {"bus_acc": 2.1557144305690707, "bus_dcc": 1.552030604882395, "bus_lcAssertive": 79.00499414872492, "bus_lcCooperative": 0.6120311770449339, "bus_lcLookaheadLeft": 7.2831086632277895, "bus_lcPushy": 0.4201936800011322, "bus_lcSublane": 0.6790688365654296, "bus_tau_mean": 3.7151062229213405, "bus_tau_std": 0.004020248913574331, "bus_v_mean": 23.628146384496954, "bus_v_std": 3.7658031474577447, "car_acc": 2.947567076716645, "car_dcc": 2.8141483029221592, "car_lcAssertive": 83.05573499008861, "car_lcCooperative": 0.5747115047081023, "car_lcLookaheadLeft": 63.55146743412034, "car_lcPushy": 0.28557628169569393, "car_lcSublane": 0.586833340656083, "car_tau_mean": 3.12507617295931, "car_tau_std": 8.583138364290424, "car_v_mean": 20.081315015482883, "car_v_std": 6.98057248447303}, "datetime": {"datetime": "2024-08-05 18:23:43", "elapsed": 74.889901, "delta": 2.741675}}
{"target": -0.07219668013148967, "params": {"bus_acc": 1.954875911184434, "bus_dcc": 2.4023796761361083, "bus_lcAssertive": 84.14423030956907, "bus_lcCooperative": 0.8701023653075677, "bus_lcLookaheadLeft": 82.04188850892314, "bus_lcPushy": 0.8778014186346996, "bus_lcSublane": 0.5710087619370731, "bus_tau_mean": 3.874126466686786, "bus_tau_std": 6.065443482504676, "bus_v_mean": 17.663163857274903, "bus_v_std": 3.1929773707461884, "car_acc": 2.362408368234038, "car_dcc": 1.155897065516083, "car_lcAssertive": 14.320095680182282, "car_lcCooperative": 0.13024216757276508, "car_lcLookaheadLeft": 66.2097261480241, "car_lcPushy": 0.1753325917713383, "car_lcSublane": 0.3411468232515472, "car_tau_mean": 0.655090795415866, "car_tau_std": 2.337343601165106, "car_v_mean": 23.427589197588706, "car_v_std": 5.091394025163677}, "datetime": {"datetime": "2024-08-05 18:23:45", "elapsed": 77.07393, "delta": 2.184029}}
{"target": -0.05074230610896481, "params": {"bus_acc": 2.1229825175987482, "bus_dcc": 2.0742397420388077, "bus_lcAssertive": 61.69812120133422, "bus_lcCooperative": 0.9357362666081998, "bus_lcLookaheadLeft": 60.495075444705364, "bus_lcPushy": 0.9795901743594252, "bus_lcSublane": 0.4410066204088712, "bus_tau_mean": 3.0886418687764134, "bus_tau_std": 0.3760387864960013, "bus_v_mean": 20.235626224007778, "bus_v_std": 5.182815803268124, "car_acc": 1.0106330659222065, "car_dcc": 1.8316003143477955, "car_lcAssertive": 53.94839101946134, "car_lcCooperative": 0.7679628782813116, "car_lcLookaheadLeft": 7.203074354347459, "car_lcPushy": 0.5490534438505197, "car_lcSublane": 0.800994555798356, "car_tau_mean": 2.7735406920746764, "car_tau_std": 9.314470149929107, "car_v_mean": 9.195703120236178, "car_v_std": 2.768064626005866}, "datetime": {"datetime": "2024-08-05 18:23:48", "elapsed": 79.997174, "delta": 2.923244}}
{"target": -0.06428923929644625, "params": {"bus_acc": 1.622026135769683, "bus_dcc": 2.645467268998312, "bus_lcAssertive": 68.52455958484867, "bus_lcCooperative": 0.23646965132615538, "bus_lcLookaheadLeft": 18.43819513492662, "bus_lcPushy": 0.508482013429616, "bus_lcSublane": 0.7918638755846716, "bus_tau_mean": 2.9234506175847645, "bus_tau_std": 1.1897333717301484, "bus_v_mean": 22.41187544114773, "bus_v_std": 4.797375670491551, "car_acc": 2.8933533584792954, "car_dcc": 2.660301118744797, "car_lcAssertive": 9.395380344374935, "car_lcCooperative": 0.2024630356745356, "car_lcLookaheadLeft": 85.7153213458055, "car_lcPushy": 0.7059273667647191, "car_lcSublane": 0.8949395201529242, "car_tau_mean": 1.6520110062800493, "car_tau_std": 5.280013966376261, "car_v_mean": 18.406370119745915, "car_v_std": 5.9429085358666445}, "datetime": {"datetime": "2024-08-05 18:23:52", "elapsed": 84.061903, "delta": 4.064729}}
{"target": -0.05089125572428209, "params": {"bus_acc": 2.838475008512345, "bus_dcc": 3.2950154448944287, "bus_lcAssertive": 60.37429410273777, "bus_lcCooperative": 0.8329681438370704, "bus_lcLookaheadLeft": 89.8122621743502, "bus_lcPushy": 0.9727203528528249, "bus_lcSublane": 0.9985205070898059, "bus_tau_mean": 0.9887726678943622, "bus_tau_std": 0.7054204474369918, "bus_v_mean": 9.175466469761973, "bus_v_std": 0.1474379089994693, "car_acc": 2.943640145955852, "car_dcc": 1.2843007493716874, "car_lcAssertive": 84.33194579239911, "car_lcCooperative": 0.6851729969076996, "car_lcLookaheadLeft": 49.78060241332597, "car_lcPushy": 0.3466948813585782, "car_lcSublane": 0.35364778706700506, "car_tau_mean": 1.3884360882151552, "car_tau_std": 9.110179736986264, "car_v_mean": 19.610280727917903, "car_v_std": 0.25925792784269874}, "datetime": {"datetime": "2024-08-05 18:23:53", "elapsed": 85.31564, "delta": 1.253737}}
{"target": -0.06514707827657562, "params": {"bus_acc": 2.6250146083493435, "bus_dcc": 1.8514055048406228, "bus_lcAssertive": 53.25683281567799, "bus_lcCooperative": 0.3394167240176095, "bus_lcLookaheadLeft": 56.35739645719134, "bus_lcPushy": 0.9744034689130026, "bus_lcSublane": 0.3117029177189814, "bus_tau_mean": 2.840788120730044, "bus_tau_std": 3.2596720730898587, "bus_v_mean": 20.391636256241274, "bus_v_std": 3.2580996661320483, "car_acc": 2.77965468289475, "car_dcc": 3.2551231627578003, "car_lcAssertive": 76.50057744906596, "car_lcCooperative": 0.46947902855992574, "car_lcLookaheadLeft": 22.654921241933128, "car_lcPushy": 0.041475079576498874, "car_lcSublane": 0.3218287999702445, "car_tau_mean": 0.6298943257289804, "car_tau_std": 6.938554113738997, "car_v_mean": 18.725600510978694, "car_v_std": 4.30471782744975}, "datetime": {"datetime": "2024-08-05 18:23:54", "elapsed": 86.395646, "delta": 1.080006}}
{"target": -0.05485581985012275, "params": {"bus_acc": 2.12206043851142, "bus_dcc": 1.055941868118829, "bus_lcAssertive": 80.26263459538102, "bus_lcCooperative": 0.23297427384102043, "bus_lcLookaheadLeft": 81.09630917064035, "bus_lcPushy": 0.38786064406417176, "bus_lcSublane": 0.8635418545594287, "bus_tau_mean": 3.1149257495801463, "bus_tau_std": 5.562402339904189, "bus_v_mean": 10.18328361057096, "bus_v_std": 0.5991768951221166, "car_acc": 1.2426869114814747, "car_dcc": 1.1336556356342853, "car_lcAssertive": 11.641918781503197, "car_lcCooperative": 0.2257093386078547, "car_lcLookaheadLeft": 71.87292007750231, "car_lcPushy": 0.5597169820541424, "car_lcSublane": 0.012555980159115854, "car_tau_mean": 0.7519099789132038, "car_tau_std": 9.672763300002721, "car_v_mean": 17.089607390719074, "car_v_std": 2.032932346609905}, "datetime": {"datetime": "2024-08-05 18:23:55", "elapsed": 87.209, "delta": 0.813354}}
{"target": -0.0593434341953212, "params": {"bus_acc": 2.3442888193136975, "bus_dcc": 1.5687622005747572, "bus_lcAssertive": 89.67718174434171, "bus_lcCooperative": 0.9498463888800873, "bus_lcLookaheadLeft": 96.23410915858432, "bus_lcPushy": 0.7300825577402602, "bus_lcSublane": 0.4062884276883151, "bus_tau_mean": 3.1031221872292685, "bus_tau_std": 2.8798687927475153, "bus_v_mean": 13.03067555825194, "bus_v_std": 6.058963612178579, "car_acc": 2.1896942668158355, "car_dcc": 3.635982928947433, "car_lcAssertive": 26.205474810397117, "car_lcCooperative": 0.7661883652028217, "car_lcLookaheadLeft": 94.21930014825233, "car_lcPushy": 0.001032932657734631, "car_lcSublane": 0.47608911800210485, "car_tau_mean": 2.7996411515865525, "car_tau_std": 8.433232139195225, "car_v_mean": 10.939830590016028, "car_v_std": 8.561592379873717}, "datetime": {"datetime": "2024-08-05 18:23:56", "elapsed": 88.227035, "delta": 1.018035}}
{"target": -0.06228775775778006, "params": {"bus_acc": 1.7901937377799464, "bus_dcc": 1.9002431377760693, "bus_lcAssertive": 8.930260736798878, "bus_lcCooperative": 0.9046310029362429, "bus_lcLookaheadLeft": 38.275109400266345, "bus_lcPushy": 0.5306974384761395, "bus_lcSublane": 0.49411626589632507, "bus_tau_mean": 0.9625639968002835, "bus_tau_std": 2.0645405888943302, "bus_v_mean": 9.219020944517139, "bus_v_std": 5.079216999452875, "car_acc": 1.5230991036659742, "car_dcc": 2.0711848266483757, "car_lcAssertive": 11.698467541026448, "car_lcCooperative": 0.7875518396525072, "car_lcLookaheadLeft": 12.445219925302508, "car_lcPushy": 0.9857088237131878, "car_lcSublane": 0.17716116443841734, "car_tau_mean": 2.5034178935212728, "car_tau_std": 0.44845334589088126, "car_v_mean": 20.593860634493346, "car_v_std": 1.8960594781829654}, "datetime": {"datetime": "2024-08-05 18:23:57", "elapsed": 89.355423, "delta": 1.128388}}
{"target": -0.06005163841759942, "params": {"bus_acc": 1.914720363381997, "bus_dcc": 2.332351321049843, "bus_lcAssertive": 82.98540071241969, "bus_lcCooperative": 0.4263481542362306, "bus_lcLookaheadLeft": 35.87848447519923, "bus_lcPushy": 0.6749716048091052, "bus_lcSublane": 0.22148205573352875, "bus_tau_mean": 2.1353603837429382, "bus_tau_std": 3.147656873240164, "bus_v_mean": 18.029689634605354, "bus_v_std": 8.773604746948125, "car_acc": 1.895378000291257, "car_dcc": 3.3533722563757693, "car_lcAssertive": 46.239604355593485, "car_lcCooperative": 0.6562293317171314, "car_lcLookaheadLeft": 14.920415552695209, "car_lcPushy": 0.43298150696764814, "car_lcSublane": 0.9093119886549367, "car_tau_mean": 2.6191765036082715, "car_tau_std": 7.667745872371022, "car_v_mean": 16.075209729534308, "car_v_std": 4.980556248280075}, "datetime": {"datetime": "2024-08-05 18:23:58", "elapsed": 90.274649, "delta": 0.919226}}
{"target": -0.05576007454792677, "params": {"bus_acc": 1.3306369809604797, "bus_dcc": 1.5915890394000078, "bus_lcAssertive": 69.41170681411371, "bus_lcCooperative": 0.573802869165353, "bus_lcLookaheadLeft": 87.58566713559975, "bus_lcPushy": 0.2446340657192081, "bus_lcSublane": 0.6296079567189131, "bus_tau_mean": 0.6205094285748347, "bus_tau_std": 5.16198461077069, "bus_v_mean": 21.811623707421592, "bus_v_std": 9.841265438849168, "car_acc": 1.019745950717837, "car_dcc": 1.7585244462304455, "car_lcAssertive": 23.16111736242501, "car_lcCooperative": 0.047537594227760493, "car_lcLookaheadLeft": 2.9969007136540142, "car_lcPushy": 0.49019531224423174, "car_lcSublane": 0.04548214567029407, "car_tau_mean": 1.474148457964157, "car_tau_std": 6.399745691089123, "car_v_mean": 12.715072664974468, "car_v_std": 2.696547011590514}, "datetime": {"datetime": "2024-08-05 18:24:00", "elapsed": 92.014735, "delta": 1.740086}}
{"target": -0.05868644494665011, "params": {"bus_acc": 1.6596891253637647, "bus_dcc": 3.0492230990096925, "bus_lcAssertive": 90.02287400703091, "bus_lcCooperative": 0.07569688175830336, "bus_lcLookaheadLeft": 88.10161059406751, "bus_lcPushy": 0.1908393632684806, "bus_lcSublane": 0.8497689100179306, "bus_tau_mean": 2.8349157604472137, "bus_tau_std": 3.4433919545005387, "bus_v_mean": 10.422009119884784, "bus_v_std": 6.353709614884534, "car_acc": 2.695576087429483, "car_dcc": 3.465548124292032, "car_lcAssertive": 63.195720115935124, "car_lcCooperative": 0.9563015097552321, "car_lcLookaheadLeft": 59.812466453425436, "car_lcPushy": 0.1978327846479193, "car_lcSublane": 0.4293307226164923, "car_tau_mean": 1.6786109954540855, "car_tau_std": 9.91945011907281, "car_v_mean": 14.083783937876236, "car_v_std": 9.92700873664818}, "datetime": {"datetime": "2024-08-05 18:24:01", "elapsed": 93.281686, "delta": 1.266951}}
{"target": -0.06365415487891658, "params": {"bus_acc": 1.5088762046288442, "bus_dcc": 3.6548995565141897, "bus_lcAssertive": 38.94308222372339, "bus_lcCooperative": 0.29757471531387525, "bus_lcLookaheadLeft": 72.32430629508593, "bus_lcPushy": 0.19086994317230743, "bus_lcSublane": 0.11819262934703845, "bus_tau_mean": 3.4294922377472927, "bus_tau_std": 7.441359213695352, "bus_v_mean": 17.448328762353874, "bus_v_std": 2.4289157496487066, "car_acc": 2.246494290375168, "car_dcc": 2.915065962223519, "car_lcAssertive": 33.42937496712019, "car_lcCooperative": 0.06748934306754228, "car_lcLookaheadLeft": 88.29278256130402, "car_lcPushy": 0.4599567310742584, "car_lcSublane": 0.7638727180664299, "car_tau_mean": 1.3886101732995888, "car_tau_std": 5.913871822675168, "car_v_mean": 14.860722565580764, "car_v_std": 3.8210064254913956}, "datetime": {"datetime": "2024-08-05 18:24:03", "elapsed": 94.949249, "delta": 1.667563}}
{"target": -0.06001890151571814, "params": {"bus_acc": 1.2935847468344863, "bus_dcc": 1.792892448180702, "bus_lcAssertive": 82.08982868471955, "bus_lcCooperative": 0.31058725179421, "bus_lcLookaheadLeft": 98.2769100307084, "bus_lcPushy": 0.2666387021516352, "bus_lcSublane": 0.5336533449712114, "bus_tau_mean": 1.6006345391504737, "bus_tau_std": 9.107728311738374, "bus_v_mean": 13.864906301619751, "bus_v_std": 4.3359232727316455, "car_acc": 2.0245853845567225, "car_dcc": 3.81665943210914, "car_lcAssertive": 4.063951620843921, "car_lcCooperative": 0.7168786636316892, "car_lcLookaheadLeft": 89.31985752064921, "car_lcPushy": 0.027287223517468817, "car_lcSublane": 0.5220512472525107, "car_tau_mean": 1.6409643411950885, "car_tau_std": 8.594893208655858, "car_v_mean": 16.936264814760285, "car_v_std": 6.902278681627479}, "datetime": {"datetime": "2024-08-05 18:24:05", "elapsed": 96.877982, "delta": 1.928733}}
{"target": -0.061313368640829105, "params": {"bus_acc": 2.413912490497522, "bus_dcc": 3.3415886706302285, "bus_lcAssertive": 38.11271841014908, "bus_lcCooperative": 0.7703225253299576, "bus_lcLookaheadLeft": 75.56118327916718, "bus_lcPushy": 0.6132112115442597, "bus_lcSublane": 0.4018659239678374, "bus_tau_mean": 2.9405780674251933, "bus_tau_std": 0.031128578251921057, "bus_v_mean": 20.398346347593566, "bus_v_std": 8.96416602456847, "car_acc": 1.4786314148750093, "car_dcc": 1.3623015529276892, "car_lcAssertive": 22.808114791579033, "car_lcCooperative": 0.3020967312900983, "car_lcLookaheadLeft": 88.53679383925575, "car_lcPushy": 0.5431664302380945, "car_lcSublane": 0.2867116496064306, "car_tau_mean": 0.9842414142753129, "car_tau_std": 2.9014446310454165, "car_v_mean": 17.821937435860043, "car_v_std": 3.2413852989744663}, "datetime": {"datetime": "2024-08-05 18:24:06", "elapsed": 98.241614, "delta": 1.363632}}
{"target": -0.07195785856075591, "params": {"bus_acc": 1.7907009475893807, "bus_dcc": 3.866169967771524, "bus_lcAssertive": 11.968748529899662, "bus_lcCooperative": 0.6475529858164272, "bus_lcLookaheadLeft": 53.70690782872223, "bus_lcPushy": 0.353242405983059, "bus_lcSublane": 0.19819922932019185, "bus_tau_mean": 1.2720792864656751, "bus_tau_std": 0.43821509727146934, "bus_v_mean": 19.410623570557032, "bus_v_std": 6.538401991962549, "car_acc": 1.8875395854494448, "car_dcc": 3.1568184642695307, "car_lcAssertive": 11.887621272086722, "car_lcCooperative": 0.9387191733689311, "car_lcLookaheadLeft": 85.06741750545999, "car_lcPushy": 0.6590356596658833, "car_lcSublane": 0.37883116866173183, "car_tau_mean": 1.957983551551616, "car_tau_std": 4.821539221574675, "car_v_mean": 22.96454032010881, "car_v_std": 8.635929549181027}, "datetime": {"datetime": "2024-08-05 18:24:08", "elapsed": 99.902892, "delta": 1.661278}}
{"target": -0.06806813451509836, "params": {"bus_acc": 2.6857996803857, "bus_dcc": 1.2034208030228613, "bus_lcAssertive": 57.75395488341878, "bus_lcCooperative": 0.9427625754329493, "bus_lcLookaheadLeft": 52.75028472088755, "bus_lcPushy": 0.1944658095278845, "bus_lcSublane": 0.8479393924434762, "bus_tau_mean": 1.380736998245485, "bus_tau_std": 7.007260364825379, "bus_v_mean": 16.644175046350398, "bus_v_std": 9.488362882802196, "car_acc": 2.248673404805352, "car_dcc": 3.513933886143188, "car_lcAssertive": 1.7853547432577868, "car_lcCooperative": 0.989340056166638, "car_lcLookaheadLeft": 9.616027892573875, "car_lcPushy": 0.3221295136147696, "car_lcSublane": 0.9461523954567653, "car_tau_mean": 0.5312868582993577, "car_tau_std": 8.227300054219356, "car_v_mean": 21.77938621386871, "car_v_std": 4.398308142085725}, "datetime": {"datetime": "2024-08-05 18:24:09", "elapsed": 101.558972, "delta": 1.65608}}
