{"target": -0.06823584750129966, "params": {"bus_acc": 1.5226, "bus_dcc": 1.9699, "bus_lcAssertive": 58.4938, "bus_lcCooperative": 0.4516, "bus_lcLookaheadLeft": 16.9633, "bus_lcPushy": 0.4341, "bus_lcSublane": 0.7734, "bus_tau_mean": 1.8198, "bus_tau_std": 7.3889, "bus_v_mean": 19.4773, "bus_v_std": 1.5333, "car_acc": 2.5107, "car_dcc": 3.7417, "car_lcAssertive": 16.0033, "car_lcCooperative": 0.8477, "car_lcLookaheadLeft": 84.7615, "car_lcPushy": 0.0967, "car_lcSublane": 0.3482, "car_tau_mean": 1.8301, "car_tau_std": 3.212, "car_v_mean": 12.2688, "car_v_std": 1.5155}, "datetime": {"datetime": "2024-08-05 17:57:50", "elapsed": 693.967956, "delta": 3.457342}}
{"target": -0.06547823640837931, "params": {"bus_acc": 1.1679, "bus_dcc": 3.1994, "bus_lcAssertive": 13.4607, "bus_lcCooperative": 0.3928, "bus_lcLookaheadLeft": 98.93, "bus_lcPushy": 0.4696, "bus_lcSublane": 0.5179, "bus_tau_mean": 3.9238, "bus_tau_std": 8.6143, "bus_v_mean": 22.6638, "bus_v_std": 1.8326, "car_acc": 2.657, "car_dcc": 3.5126, "car_lcAssertive": 75.6632, "car_lcCooperative": 0.8982, "car_lcLookaheadLeft": 39.0175, "car_lcPushy": 0.8567, "car_lcSublane": 0.8932, "car_tau_mean": 3.7003, "car_tau_std": 8.987, "car_v_mean": 21.5744, "car_v_std": 3.3558}, "datetime": {"datetime": "2024-08-05 17:57:53", "elapsed": 696.503734, "delta": 2.535778}}
{"target": -0.07712757773359413, "params": {"bus_acc": 2.9496, "bus_dcc": 3.72, "bus_lcAssertive": 97.9273, "bus_lcCooperative": 0.3738, "bus_lcLookaheadLeft": 62.4459, "bus_lcPushy": 0.293, "bus_lcSublane": 0.2787, "bus_tau_mean": 3.4803, "bus_tau_std": 9.7278, "bus_v_mean": 20.7564, "bus_v_std": 0.7177, "car_acc": 2.1566, "car_dcc": 3.498, "car_lcAssertive": 52.0529, "car_lcCooperative": 0.4181, "car_lcLookaheadLeft": 33.4266, "car_lcPushy": 0.472, "car_lcSublane": 0.8557, "car_tau_mean": 3.2406, "car_tau_std": 3.5066, "car_v_mean": 20.5443, "car_v_std": 0.5228}, "datetime": {"datetime": "2024-08-05 17:57:54", "elapsed": 698.297619, "delta": 1.793885}}
{"target": -0.05892781285485838, "params": {"bus_acc": 2.6982, "bus_dcc": 3.2335, "bus_lcAssertive": 56.0895, "bus_lcCooperative": 0.0524, "bus_lcLookaheadLeft": 6.7931, "bus_lcPushy": 0.7759, "bus_lcSublane": 0.644, "bus_tau_mean": 2.269, "bus_tau_std": 3.7201, "bus_v_mean": 13.8108, "bus_v_std": 1.0569, "car_acc": 1.2918, "car_dcc": 1.1068, "car_lcAssertive": 30.9975, "car_lcCooperative": 0.3768, "car_lcLookaheadLeft": 64.6031, "car_lcPushy": 0.1626, "car_lcSublane": 0.8285, "car_tau_mean": 2.9058, "car_tau_std": 1.6423, "car_v_mean": 16.1021, "car_v_std": 3.722}, "datetime": {"datetime": "2024-08-05 17:57:57", "elapsed": 701.339083, "delta": 3.041464}}
{"target": -0.03868941773724667, "params": {"bus_acc": 2.4902, "bus_dcc": 1.3039, "bus_lcAssertive": 7.9393, "bus_lcCooperative": 0.6824, "bus_lcLookaheadLeft": 89.5634, "bus_lcPushy": 0.9086, "bus_lcSublane": 0.4358, "bus_tau_mean": 1.578, "bus_tau_std": 1.2007, "bus_v_mean": 17.1412, "bus_v_std": 5.6547, "car_acc": 2.6739, "car_dcc": 2.0249, "car_lcAssertive": 2.0749, "car_lcCooperative": 0.2522, "car_lcLookaheadLeft": 36.7696, "car_lcPushy": 0.294, "car_lcSublane": 0.1404, "car_tau_mean": 2.3735, "car_tau_std": 8.0073, "car_v_mean": 8.7925, "car_v_std": 3.5064}, "datetime": {"datetime": "2024-08-05 17:58:01", "elapsed": 704.476175, "delta": 3.137092}}
{"target": -0.04828350080807642, "params": {"bus_acc": 2.0102, "bus_dcc": 3.5213, "bus_lcAssertive": 60.529, "bus_lcCooperative": 0.5055, "bus_lcLookaheadLeft": 50.488, "bus_lcPushy": 0.1862, "bus_lcSublane": 0.2342, "bus_tau_mean": 3.8107, "bus_tau_std": 6.6892, "bus_v_mean": 17.0585, "bus_v_std": 5.6042, "car_acc": 2.67, "car_dcc": 3.2512, "car_lcAssertive": 77.4362, "car_lcCooperative": 0.6258, "car_lcLookaheadLeft": 53.0588, "car_lcPushy": 0.7459, "car_lcSublane": 0.4608, "car_tau_mean": 3.63, "car_tau_std": 4.4126, "car_v_mean": 11.132, "car_v_std": 2.9896}, "datetime": {"datetime": "2024-08-05 17:58:03", "elapsed": 707.026765, "delta": 2.55059}}
{"target": -0.044975857262648085, "params": {"bus_acc": 2.8663, "bus_dcc": 3.6281, "bus_lcAssertive": 71.9093, "bus_lcCooperative": 0.5004, "bus_lcLookaheadLeft": 16.1051, "bus_lcPushy": 0.4754, "bus_lcSublane": 0.7172, "bus_tau_mean": 0.9651, "bus_tau_std": 4.8694, "bus_v_mean": 13.837, "bus_v_std": 7.9835, "car_acc": 2.4956, "car_dcc": 1.6788, "car_lcAssertive": 49.4782, "car_lcCooperative": 0.328, "car_lcLookaheadLeft": 3.8793, "car_lcPushy": 0.0092, "car_lcSublane": 0.7954, "car_tau_mean": 1.7483, "car_tau_std": 7.0359, "car_v_mean": 8.5027, "car_v_std": 6.9878}, "datetime": {"datetime": "2024-08-05 17:58:07", "elapsed": 710.690567, "delta": 3.663802}}
{"target": -0.06823566760874529, "params": {"bus_acc": 1.5294, "bus_dcc": 2.539, "bus_lcAssertive": 93.7644, "bus_lcCooperative": 0.5223, "bus_lcLookaheadLeft": 63.1882, "bus_lcPushy": 0.3396, "bus_lcSublane": 0.1553, "bus_tau_mean": 3.0968, "bus_tau_std": 8.197, "bus_v_mean": 17.6327, "bus_v_std": 9.1738, "car_acc": 1.9385, "car_dcc": 1.0655, "car_lcAssertive": 52.2618, "car_lcCooperative": 0.4834, "car_lcLookaheadLeft": 9.5813, "car_lcPushy": 0.0407, "car_lcSublane": 0.2697, "car_tau_mean": 1.5327, "car_tau_std": 0.8293, "car_v_mean": 23.2153, "car_v_std": 9.0937}, "datetime": {"datetime": "2024-08-05 17:58:09", "elapsed": 713.31359, "delta": 2.623023}}
{"target": -0.06566017626267485, "params": {"bus_acc": 1.4559, "bus_dcc": 2.8745, "bus_lcAssertive": 61.6592, "bus_lcCooperative": 0.1418, "bus_lcLookaheadLeft": 62.6052, "bus_lcPushy": 0.1227, "bus_lcSublane": 0.8965, "bus_tau_mean": 2.0231, "bus_tau_std": 4.2733, "bus_v_mean": 10.1416, "bus_v_std": 5.5004, "car_acc": 1.7293, "car_dcc": 1.8032, "car_lcAssertive": 30.1275, "car_lcCooperative": 0.9096, "car_lcLookaheadLeft": 94.7794, "car_lcPushy": 0.0379, "car_lcSublane": 0.0987, "car_tau_mean": 1.2882, "car_tau_std": 0.2396, "car_v_mean": 20.8479, "car_v_std": 0.3094}, "datetime": {"datetime": "2024-08-05 17:58:12", "elapsed": 716.272148, "delta": 2.958558}}
{"target": -0.05381947482596977, "params": {"bus_acc": 2.1362, "bus_dcc": 2.7175, "bus_lcAssertive": 86.3094, "bus_lcCooperative": 0.3955, "bus_lcLookaheadLeft": 21.417, "bus_lcPushy": 0.32, "bus_lcSublane": 0.8361, "bus_tau_mean": 3.6894, "bus_tau_std": 0.894, "bus_v_mean": 20.511, "bus_v_std": 3.2726, "car_acc": 1.5921, "car_dcc": 2.7253, "car_lcAssertive": 43.1346, "car_lcCooperative": 0.8554, "car_lcLookaheadLeft": 39.415, "car_lcPushy": 0.8183, "car_lcSublane": 0.3412, "car_tau_mean": 1.822, "car_tau_std": 4.0485, "car_v_mean": 9.9355, "car_v_std": 0.2966}, "datetime": {"datetime": "2024-08-05 17:58:15", "elapsed": 718.642128, "delta": 2.36998}}
{"target": -0.05800660192709028, "params": {"bus_acc": 1.3377, "bus_dcc": 1.1188, "bus_lcAssertive": 89.4837, "bus_lcCooperative": 0.1789, "bus_lcLookaheadLeft": 84.0121, "bus_lcPushy": 0.7354, "bus_lcSublane": 0.0397, "bus_tau_mean": 1.3876, "bus_tau_std": 6.2957, "bus_v_mean": 23.2841, "bus_v_std": 8.7796, "car_acc": 1.2508, "car_dcc": 2.5289, "car_lcAssertive": 60.8386, "car_lcCooperative": 0.4479, "car_lcLookaheadLeft": 27.1165, "car_lcPushy": 0.8868, "car_lcSublane": 0.5862, "car_tau_mean": 2.1913, "car_tau_std": 9.3716, "car_v_mean": 17.832, "car_v_std": 5.5642}, "datetime": {"datetime": "2024-08-05 17:58:17", "elapsed": 720.750258, "delta": 2.10813}}
{"target": -0.05662973765088072, "params": {"bus_acc": 2.1565, "bus_dcc": 3.2284, "bus_lcAssertive": 90.9492, "bus_lcCooperative": 0.3595, "bus_lcLookaheadLeft": 89.7641, "bus_lcPushy": 0.7254, "bus_lcSublane": 0.8785, "bus_tau_mean": 0.6082, "bus_tau_std": 4.3788, "bus_v_mean": 13.1679, "bus_v_std": 4.6844, "car_acc": 1.7445, "car_dcc": 1.3896, "car_lcAssertive": 10.0294, "car_lcCooperative": 0.008, "car_lcLookaheadLeft": 34.3998, "car_lcPushy": 0.4907, "car_lcSublane": 0.1371, "car_tau_mean": 0.6283, "car_tau_std": 6.3602, "car_v_mean": 14.1462, "car_v_std": 3.4517}, "datetime": {"datetime": "2024-08-05 17:58:21", "elapsed": 724.476473, "delta": 3.726215}}
{"target": -0.0587826409911965, "params": {"bus_acc": 2.4966, "bus_dcc": 1.4449, "bus_lcAssertive": 78.2738, "bus_lcCooperative": 0.3981, "bus_lcLookaheadLeft": 10.3388, "bus_lcPushy": 0.1803, "bus_lcSublane": 0.4019, "bus_tau_mean": 2.8748, "bus_tau_std": 5.6589, "bus_v_mean": 21.6202, "bus_v_std": 1.9124, "car_acc": 2.9252, "car_dcc": 2.6896, "car_lcAssertive": 34.76, "car_lcCooperative": 0.3646, "car_lcLookaheadLeft": 85.7636, "car_lcPushy": 0.124, "car_lcSublane": 0.7945, "car_tau_mean": 3.6795, "car_tau_std": 7.6707, "car_v_mean": 14.3131, "car_v_std": 4.265}, "datetime": {"datetime": "2024-08-05 17:58:23", "elapsed": 727.258108, "delta": 2.781635}}
{"target": -0.06423361440304856, "params": {"bus_acc": 2.9992, "bus_dcc": 1.1378, "bus_lcAssertive": 51.8804, "bus_lcCooperative": 0.7194, "bus_lcLookaheadLeft": 70.8124, "bus_lcPushy": 0.6676, "bus_lcSublane": 0.2391, "bus_tau_mean": 1.555, "bus_tau_std": 3.3231, "bus_v_mean": 23.9517, "bus_v_std": 7.2247, "car_acc": 2.9867, "car_dcc": 1.6199, "car_lcAssertive": 39.9151, "car_lcCooperative": 0.6636, "car_lcLookaheadLeft": 64.7454, "car_lcPushy": 0.1554, "car_lcSublane": 0.0645, "car_tau_mean": 3.6652, "car_tau_std": 8.7154, "car_v_mean": 23.8599, "car_v_std": 8.7194}, "datetime": {"datetime": "2024-08-05 17:58:27", "elapsed": 730.5086, "delta": 3.250492}}
{"target": -0.06047237003767742, "params": {"bus_acc": 1.0596, "bus_dcc": 2.8087, "bus_lcAssertive": 30.3408, "bus_lcCooperative": 0.5939, "bus_lcLookaheadLeft": 77.71, "bus_lcPushy": 0.589, "bus_lcSublane": 0.1775, "bus_tau_mean": 3.042, "bus_tau_std": 0.6279, "bus_v_mean": 8.1327, "bus_v_std": 9.4161, "car_acc": 1.3374, "car_dcc": 3.6342, "car_lcAssertive": 59.3575, "car_lcCooperative": 0.6687, "car_lcLookaheadLeft": 32.2213, "car_lcPushy": 0.5373, "car_lcSublane": 0.671, "car_tau_mean": 0.7674, "car_tau_std": 4.4031, "car_v_mean": 20.6067, "car_v_std": 3.4298}, "datetime": {"datetime": "2024-08-05 17:58:29", "elapsed": 733.176152, "delta": 2.667552}}
{"target": -0.06435842977714089, "params": {"bus_acc": 2.1986, "bus_dcc": 1.989, "bus_lcAssertive": 83.0931, "bus_lcCooperative": 0.0102, "bus_lcLookaheadLeft": 47.8593, "bus_lcPushy": 0.9328, "bus_lcSublane": 0.5836, "bus_tau_mean": 1.2783, "bus_tau_std": 5.0606, "bus_v_mean": 23.9337, "bus_v_std": 5.991, "car_acc": 2.9355, "car_dcc": 1.261, "car_lcAssertive": 79.1939, "car_lcCooperative": 0.6885, "car_lcLookaheadLeft": 47.2321, "car_lcPushy": 0.8257, "car_lcSublane": 0.7824, "car_tau_mean": 2.2333, "car_tau_std": 6.7315, "car_v_mean": 19.0192, "car_v_std": 9.731}, "datetime": {"datetime": "2024-08-05 17:58:32", "elapsed": 736.137805, "delta": 2.961653}}
{"target": -0.061624662987234624, "params": {"bus_acc": 2.0954, "bus_dcc": 1.2356, "bus_lcAssertive": 99.8581, "bus_lcCooperative": 0.1839, "bus_lcLookaheadLeft": 30.6137, "bus_lcPushy": 0.4553, "bus_lcSublane": 0.7383, "bus_tau_mean": 3.229, "bus_tau_std": 5.7737, "bus_v_mean": 15.6119, "bus_v_std": 8.32, "car_acc": 1.6981, "car_dcc": 1.5384, "car_lcAssertive": 42.4963, "car_lcCooperative": 0.3554, "car_lcLookaheadLeft": 2.8651, "car_lcPushy": 0.031, "car_lcSublane": 0.0559, "car_tau_mean": 1.6241, "car_tau_std": 6.4695, "car_v_mean": 14.916, "car_v_std": 0.4568}, "datetime": {"datetime": "2024-08-05 17:58:34", "elapsed": 737.768358, "delta": 1.630553}}
{"target": -0.06511315760108634, "params": {"bus_acc": 1.1004, "bus_dcc": 3.2953, "bus_lcAssertive": 8.4304, "bus_lcCooperative": 0.5606, "bus_lcLookaheadLeft": 85.4017, "bus_lcPushy": 0.1541, "bus_lcSublane": 0.1099, "bus_tau_mean": 2.8735, "bus_tau_std": 8.1789, "bus_v_mean": 20.3761, "bus_v_std": 1.2826, "car_acc": 2.3294, "car_dcc": 2.0517, "car_lcAssertive": 15.8407, "car_lcCooperative": 0.6816, "car_lcLookaheadLeft": 40.5536, "car_lcPushy": 0.7438, "car_lcSublane": 0.1018, "car_tau_mean": 2.7812, "car_tau_std": 5.4085, "car_v_mean": 21.5404, "car_v_std": 1.6112}, "datetime": {"datetime": "2024-08-05 17:58:36", "elapsed": 740.196921, "delta": 2.428563}}
{"target": -0.05480885173792815, "params": {"bus_acc": 1.2117, "bus_dcc": 2.2814, "bus_lcAssertive": 80.3506, "bus_lcCooperative": 0.5387, "bus_lcLookaheadLeft": 3.5854, "bus_lcPushy": 0.189, "bus_lcSublane": 0.9754, "bus_tau_mean": 2.1345, "bus_tau_std": 7.6425, "bus_v_mean": 15.6605, "bus_v_std": 2.7031, "car_acc": 2.2071, "car_dcc": 2.8737, "car_lcAssertive": 39.0897, "car_lcCooperative": 0.0809, "car_lcLookaheadLeft": 66.19, "car_lcPushy": 0.0087, "car_lcSublane": 0.5325, "car_tau_mean": 1.5004, "car_tau_std": 6.8764, "car_v_mean": 8.9696, "car_v_std": 0.0859}, "datetime": {"datetime": "2024-08-05 17:58:39", "elapsed": 742.585072, "delta": 2.388151}}
{"target": -0.0625213918557336, "params": {"bus_acc": 2.6749, "bus_dcc": 1.5654, "bus_lcAssertive": 87.6634, "bus_lcCooperative": 0.872, "bus_lcLookaheadLeft": 35.8806, "bus_lcPushy": 0.2639, "bus_lcSublane": 0.0441, "bus_tau_mean": 1.4735, "bus_tau_std": 6.6018, "bus_v_mean": 18.9505, "bus_v_std": 2.1904, "car_acc": 1.7053, "car_dcc": 1.2849, "car_lcAssertive": 50.8941, "car_lcCooperative": 0.1382, "car_lcLookaheadLeft": 12.1274, "car_lcPushy": 0.3845, "car_lcSublane": 0.981, "car_tau_mean": 3.9163, "car_tau_std": 0.4748, "car_v_mean": 18.9133, "car_v_std": 2.9688}, "datetime": {"datetime": "2024-08-05 17:58:41", "elapsed": 744.546606, "delta": 1.961534}}
{"target": -0.06953587800035305, "params": {"bus_acc": 2.024, "bus_dcc": 1.5469, "bus_lcAssertive": 48.777, "bus_lcCooperative": 0.8045, "bus_lcLookaheadLeft": 57.3864, "bus_lcPushy": 0.3762, "bus_lcSublane": 0.2792, "bus_tau_mean": 2.7766, "bus_tau_std": 1.2372, "bus_v_mean": 11.5559, "bus_v_std": 6.7505, "car_acc": 2.5417, "car_dcc": 2.4372, "car_lcAssertive": 10.6355, "car_lcCooperative": 0.9146, "car_lcLookaheadLeft": 47.9086, "car_lcPushy": 0.9047, "car_lcSublane": 0.265, "car_tau_mean": 1.3502, "car_tau_std": 9.872, "car_v_mean": 22.5509, "car_v_std": 4.8866}, "datetime": {"datetime": "2024-08-05 17:58:43", "elapsed": 746.961519, "delta": 2.414913}}
{"target": -0.05800626942503592, "params": {"bus_acc": 2.9737, "bus_dcc": 3.5955, "bus_lcAssertive": 70.1434, "bus_lcCooperative": 0.6667, "bus_lcLookaheadLeft": 38.3438, "bus_lcPushy": 0.2782, "bus_lcSublane": 0.1199, "bus_tau_mean": 3.3725, "bus_tau_std": 1.0116, "bus_v_mean": 21.3275, "bus_v_std": 8.4454, "car_acc": 1.8869, "car_dcc": 1.6803, "car_lcAssertive": 27.3117, "car_lcCooperative": 0.519, "car_lcLookaheadLeft": 93.1786, "car_lcPushy": 0.0746, "car_lcSublane": 0.0156, "car_tau_mean": 3.896, "car_tau_std": 9.6565, "car_v_mean": 11.6423, "car_v_std": 8.0597}, "datetime": {"datetime": "2024-08-05 17:58:45", "elapsed": 749.230096, "delta": 2.268577}}
{"target": -0.06886146609253388, "params": {"bus_acc": 1.4726, "bus_dcc": 2.4312, "bus_lcAssertive": 86.3877, "bus_lcCooperative": 0.7485, "bus_lcLookaheadLeft": 25.922, "bus_lcPushy": 0.9782, "bus_lcSublane": 0.1543, "bus_tau_mean": 3.7839, "bus_tau_std": 6.9395, "bus_v_mean": 16.7796, "bus_v_std": 4.2785, "car_acc": 2.4063, "car_dcc": 3.7856, "car_lcAssertive": 79.9281, "car_lcCooperative": 0.3868, "car_lcLookaheadLeft": 39.01, "car_lcPushy": 0.9377, "car_lcSublane": 0.9384, "car_tau_mean": 2.8789, "car_tau_std": 4.9911, "car_v_mean": 15.1558, "car_v_std": 7.9849}, "datetime": {"datetime": "2024-08-05 17:58:48", "elapsed": 751.797639, "delta": 2.567543}}
{"target": -0.03811341540892178, "params": {"bus_acc": 2.5216, "bus_dcc": 3.8772, "bus_lcAssertive": 49.0326, "bus_lcCooperative": 0.5968, "bus_lcLookaheadLeft": 70.7977, "bus_lcPushy": 0.8678, "bus_lcSublane": 0.6624, "bus_tau_mean": 3.6697, "bus_tau_std": 6.2803, "bus_v_mean": 14.1487, "bus_v_std": 4.8585, "car_acc": 1.1575, "car_dcc": 2.0157, "car_lcAssertive": 88.5305, "car_lcCooperative": 0.0133, "car_lcLookaheadLeft": 32.39, "car_lcPushy": 0.1539, "car_lcSublane": 0.5784, "car_tau_mean": 2.736, "car_tau_std": 8.4741, "car_v_mean": 18.9029, "car_v_std": 3.982}, "datetime": {"datetime": "2024-08-05 17:58:50", "elapsed": 753.593549, "delta": 1.79591}}
{"target": -0.06437473567369272, "params": {"bus_acc": 1.9882, "bus_dcc": 3.4794, "bus_lcAssertive": 30.1218, "bus_lcCooperative": 0.9066, "bus_lcLookaheadLeft": 24.6308, "bus_lcPushy": 0.3977, "bus_lcSublane": 0.1404, "bus_tau_mean": 1.2683, "bus_tau_std": 9.6055, "bus_v_mean": 12.4676, "bus_v_std": 2.9225, "car_acc": 2.4393, "car_dcc": 3.2937, "car_lcAssertive": 17.3124, "car_lcCooperative": 0.5167, "car_lcLookaheadLeft": 87.6033, "car_lcPushy": 0.0448, "car_lcSublane": 0.0138, "car_tau_mean": 1.2629, "car_tau_std": 3.6968, "car_v_mean": 22.8675, "car_v_std": 1.0338}, "datetime": {"datetime": "2024-08-05 17:58:52", "elapsed": 755.964104, "delta": 2.370555}}
{"target": -0.060865656677176666, "params": {"bus_acc": 1.1004, "bus_dcc": 3.8898, "bus_lcAssertive": 28.2294, "bus_lcCooperative": 0.6904, "bus_lcLookaheadLeft": 80.6782, "bus_lcPushy": 0.794, "bus_lcSublane": 0.1623, "bus_tau_mean": 3.5781, "bus_tau_std": 4.8809, "bus_v_mean": 23.3047, "bus_v_std": 5.3973, "car_acc": 1.5917, "car_dcc": 2.9967, "car_lcAssertive": 20.7906, "car_lcCooperative": 0.2444, "car_lcLookaheadLeft": 4.689, "car_lcPushy": 0.6766, "car_lcSublane": 0.0859, "car_tau_mean": 0.9738, "car_tau_std": 3.5216, "car_v_mean": 8.6957, "car_v_std": 7.8189}, "datetime": {"datetime": "2024-08-05 17:58:54", "elapsed": 758.164729, "delta": 2.200625}}
{"target": -0.05882491724129995, "params": {"bus_acc": 2.9035, "bus_dcc": 1.5045, "bus_lcAssertive": 17.258, "bus_lcCooperative": 0.9873, "bus_lcLookaheadLeft": 40.3986, "bus_lcPushy": 0.768, "bus_lcSublane": 0.3787, "bus_tau_mean": 1.8376, "bus_tau_std": 4.4304, "bus_v_mean": 8.8672, "bus_v_std": 3.2171, "car_acc": 2.1995, "car_dcc": 2.7729, "car_lcAssertive": 31.7663, "car_lcCooperative": 0.2834, "car_lcLookaheadLeft": 14.5815, "car_lcPushy": 0.8011, "car_lcSublane": 0.5381, "car_tau_mean": 3.5118, "car_tau_std": 0.279, "car_v_mean": 18.3351, "car_v_std": 8.7399}, "datetime": {"datetime": "2024-08-05 17:58:56", "elapsed": 759.974674, "delta": 1.809945}}
{"target": -0.06812237351423896, "params": {"bus_acc": 2.3926, "bus_dcc": 1.3327, "bus_lcAssertive": 77.1745, "bus_lcCooperative": 0.2225, "bus_lcLookaheadLeft": 68.9709, "bus_lcPushy": 0.0926, "bus_lcSublane": 0.9827, "bus_tau_mean": 2.2511, "bus_tau_std": 0.804, "bus_v_mean": 20.1946, "bus_v_std": 6.0298, "car_acc": 2.0668, "car_dcc": 2.3636, "car_lcAssertive": 17.0277, "car_lcCooperative": 0.3979, "car_lcLookaheadLeft": 52.8381, "car_lcPushy": 0.4259, "car_lcSublane": 0.2163, "car_tau_mean": 1.0976, "car_tau_std": 7.801, "car_v_mean": 20.0399, "car_v_std": 4.2497}, "datetime": {"datetime": "2024-08-05 17:58:58", "elapsed": 762.19776, "delta": 2.223086}}
{"target": -0.058949592010165155, "params": {"bus_acc": 2.5323, "bus_dcc": 3.5982, "bus_lcAssertive": 82.4865, "bus_lcCooperative": 0.4709, "bus_lcLookaheadLeft": 53.4085, "bus_lcPushy": 0.1458, "bus_lcSublane": 0.1215, "bus_tau_mean": 3.3143, "bus_tau_std": 3.2873, "bus_v_mean": 20.1039, "bus_v_std": 8.8266, "car_acc": 1.2347, "car_dcc": 1.772, "car_lcAssertive": 16.1332, "car_lcCooperative": 0.3505, "car_lcLookaheadLeft": 18.4985, "car_lcPushy": 0.6414, "car_lcSublane": 0.4598, "car_tau_mean": 3.5068, "car_tau_std": 5.2687, "car_v_mean": 17.4468, "car_v_std": 7.3969}, "datetime": {"datetime": "2024-08-05 17:59:01", "elapsed": 764.615458, "delta": 2.417698}}
{"target": -0.05491974672807597, "params": {"bus_acc": 1.0518, "bus_dcc": 3.4138, "bus_lcAssertive": 11.2295, "bus_lcCooperative": 0.1842, "bus_lcLookaheadLeft": 74.6506, "bus_lcPushy": 0.123, "bus_lcSublane": 0.171, "bus_tau_mean": 2.3716, "bus_tau_std": 4.0735, "bus_v_mean": 13.2618, "bus_v_std": 7.816, "car_acc": 1.1852, "car_dcc": 2.4889, "car_lcAssertive": 35.5447, "car_lcCooperative": 0.7524, "car_lcLookaheadLeft": 29.532, "car_lcPushy": 0.3401, "car_lcSublane": 0.5588, "car_tau_mean": 1.6434, "car_tau_std": 2.0855, "car_v_mean": 22.8476, "car_v_std": 2.4083}, "datetime": {"datetime": "2024-08-05 17:59:04", "elapsed": 767.704061, "delta": 3.088603}}
{"target": -0.06872316608561703, "params": {"bus_acc": 1.4888, "bus_dcc": 1.6889, "bus_lcAssertive": 49.2957, "bus_lcCooperative": 0.6886, "bus_lcLookaheadLeft": 31.1483, "bus_lcPushy": 0.2173, "bus_lcSublane": 0.6781, "bus_tau_mean": 0.7853, "bus_tau_std": 3.3575, "bus_v_mean": 11.3424, "bus_v_std": 3.2238, "car_acc": 1.5976, "car_dcc": 3.089, "car_lcAssertive": 84.1519, "car_lcCooperative": 0.4407, "car_lcLookaheadLeft": 45.0569, "car_lcPushy": 0.6262, "car_lcSublane": 0.0726, "car_tau_mean": 0.9593, "car_tau_std": 6.0814, "car_v_mean": 20.1145, "car_v_std": 6.8872}, "datetime": {"datetime": "2024-08-05 17:59:06", "elapsed": 770.046229, "delta": 2.342168}}
{"target": -0.053315282371948804, "params": {"bus_acc": 2.6694, "bus_dcc": 2.6624, "bus_lcAssertive": 40.9685, "bus_lcCooperative": 0.3912, "bus_lcLookaheadLeft": 64.18, "bus_lcPushy": 0.5984, "bus_lcSublane": 0.0221, "bus_tau_mean": 0.522, "bus_tau_std": 4.4544, "bus_v_mean": 10.9417, "bus_v_std": 6.0216, "car_acc": 1.6567, "car_dcc": 3.576, "car_lcAssertive": 40.0963, "car_lcCooperative": 0.6945, "car_lcLookaheadLeft": 54.1747, "car_lcPushy": 0.5093, "car_lcSublane": 0.7691, "car_tau_mean": 1.0589, "car_tau_std": 3.2652, "car_v_mean": 22.2818, "car_v_std": 9.8537}, "datetime": {"datetime": "2024-08-05 17:59:09", "elapsed": 772.880962, "delta": 2.834733}}
{"target": -0.05611851839348914, "params": {"bus_acc": 2.6387, "bus_dcc": 2.2056, "bus_lcAssertive": 15.8626, "bus_lcCooperative": 0.3089, "bus_lcLookaheadLeft": 57.1166, "bus_lcPushy": 0.1753, "bus_lcSublane": 0.2197, "bus_tau_mean": 2.7193, "bus_tau_std": 1.5388, "bus_v_mean": 13.7052, "bus_v_std": 9.781, "car_acc": 1.3765, "car_dcc": 2.1041, "car_lcAssertive": 70.5572, "car_lcCooperative": 0.9289, "car_lcLookaheadLeft": 50.0362, "car_lcPushy": 0.4638, "car_lcSublane": 0.0457, "car_tau_mean": 3.7146, "car_tau_std": 9.7065, "car_v_mean": 10.8444, "car_v_std": 8.3957}, "datetime": {"datetime": "2024-08-05 17:59:11", "elapsed": 774.950523, "delta": 2.069561}}
