{"target": -0.04973671058382214, "params": {"bus_acc": 1.6066913434171382, "bus_dcc": 1.064127883264212, "bus_lcAssertive": 99.75101428010461, "bus_lcCooperative": 0.5820299763434618, "bus_lcLookaheadLeft": 30.750875291633548, "bus_lcPushy": 0.9289494618931157, "bus_lcSublane": 0.5071194235482045, "bus_max_v": 18.00322900615295, "bus_tau_mean": 2.5575502720366527, "bus_tau_std": 2.641376442105696, "car_acc": 1.6105765986948666, "car_dcc": 2.1149637301725472, "car_lcAssertive": 25.200351937789478, "car_lcCooperative": 0.5845472661166298, "car_lcLookaheadLeft": 70.19292112536799, "car_lcPushy": 0.07194722016400112, "car_lcSublane": 0.9710833196254638, "car_max_v": 24.56755442912801, "car_tau_mean": 3.3215710703369288, "car_tau_std": 7.516404040812905}, "datetime": {"datetime": "2024-08-04 11:35:25", "elapsed": 0.0, "delta": 0.0}}
{"target": -0.031939367639810284, "params": {"bus_acc": 2.2370271338241707, "bus_dcc": 1.0310927840056958, "bus_lcAssertive": 54.32410097505835, "bus_lcCooperative": 0.0030179566195963625, "bus_lcLookaheadLeft": 95.21699097804004, "bus_lcPushy": 0.905402033702778, "bus_lcSublane": 0.7959669419422694, "bus_max_v": 28.136035038125325, "bus_tau_mean": 1.0094538090543896, "bus_tau_std": 1.5773006987053328, "car_acc": 1.375263345804868, "car_dcc": 2.8674877068997633, "car_lcAssertive": 90.67514010482188, "car_lcCooperative": 0.9899551783590737, "car_lcLookaheadLeft": 71.69000095904995, "car_lcPushy": 0.7318004091422953, "car_lcSublane": 0.9092932045442544, "car_max_v": 16.81922211216466, "car_tau_mean": 1.3744773807876287, "car_tau_std": 1.7343017078712286}, "datetime": {"datetime": "2024-08-04 11:35:48", "elapsed": 22.877488, "delta": 22.877488}}
{"target": -0.04521105126290544, "params": {"bus_acc": 2.2869250444816096, "bus_dcc": 1.1364946481218112, "bus_lcAssertive": 46.89215200421947, "bus_lcCooperative": 0.3347513437136638, "bus_lcLookaheadLeft": 54.15379175512412, "bus_lcPushy": 0.2847462086131314, "bus_lcSublane": 0.1222612302300028, "bus_max_v": 22.70235775251764, "bus_tau_mean": 2.884759142119572, "bus_tau_std": 8.671392999990884, "car_acc": 1.2647629871254749, "car_dcc": 3.3958609248340927, "car_lcAssertive": 82.85010510210778, "car_lcCooperative": 0.6465499357511519, "car_lcLookaheadLeft": 22.082370286502115, "car_lcPushy": 0.2614207144058379, "car_lcSublane": 0.41849681753917567, "car_max_v": 19.91957960122009, "car_tau_mean": 2.1710328445727596, "car_tau_std": 4.674598920453694}, "datetime": {"datetime": "2024-08-04 11:35:56", "elapsed": 31.047505, "delta": 8.170017}}
{"target": -0.056831353662689606, "params": {"bus_acc": 2.643698749528021, "bus_dcc": 2.8847187913919736, "bus_lcAssertive": 95.67384946576797, "bus_lcCooperative": 0.5899231270757698, "bus_lcLookaheadLeft": 21.387612895496094, "bus_lcPushy": 0.4293307226164923, "bus_lcSublane": 0.3367459987011673, "bus_max_v": 29.822790261960183, "bus_tau_mean": 1.8308277364104266, "bus_tau_std": 9.92700873664818, "car_acc": 2.0376085014668286, "car_dcc": 1.5168391044313765, "car_lcAssertive": 8.382833053896505, "car_lcCooperative": 0.37030569377388767, "car_lcLookaheadLeft": 14.095048261843528, "car_lcPushy": 0.6345187162918416, "car_lcSublane": 0.4139198457294089, "car_max_v": 29.800143915559904, "car_tau_mean": 3.7548446827866124, "car_tau_std": 1.4923603230975002}, "datetime": {"datetime": "2024-08-04 11:36:05", "elapsed": 40.000426, "delta": 8.952921}}
{"target": -0.05644686772973934, "params": {"bus_acc": 2.692109198472939, "bus_dcc": 3.7827428277926303, "bus_lcAssertive": 66.38531503349887, "bus_lcCooperative": 0.5781739184085382, "bus_lcLookaheadLeft": 41.074123275642826, "bus_lcPushy": 0.966612492642142, "bus_lcSublane": 0.15407917183235742, "bus_max_v": 27.691909790270266, "bus_tau_mean": 1.5885457375969452, "bus_tau_std": 5.48489089666104, "car_acc": 2.36413251686563, "car_dcc": 1.7094089539784663, "car_lcAssertive": 17.60593181997689, "car_lcCooperative": 0.508482013429616, "car_lcLookaheadLeft": 79.60265980729783, "car_lcPushy": 0.6924144621670756, "car_lcSublane": 0.11897333717301484, "car_max_v": 27.816328731578125, "car_tau_mean": 2.1790814846720425, "car_tau_std": 9.466766792396475}, "datetime": {"datetime": "2024-08-04 11:36:08", "elapsed": 42.142802, "delta": 2.142376}}
{"target": -0.05623801378336827, "params": {"bus_acc": 2.299166109756958, "bus_dcc": 3.794341044978732, "bus_lcAssertive": 8.398413056461354, "bus_lcCooperative": 0.2768064626005866, "bus_lcLookaheadLeft": 92.0852754171049, "bus_lcPushy": 0.7650051482981429, "bus_lcSublane": 0.5997403444720987, "bus_max_v": 26.325299164415547, "bus_tau_mean": 3.636152220512507, "bus_tau_std": 9.727203528528248, "car_acc": 2.9970410141796116, "car_dcc": 1.4189480010523106, "car_lcAssertive": 7.983662429626219, "car_lcCooperative": 0.07346665436012334, "car_lcLookaheadLeft": 3.4448915081947993, "car_lcPushy": 0.971820072977926, "car_lcSublane": 0.09476691645722912, "car_max_v": 26.518210176088694, "car_tau_mean": 2.898105489176949, "car_tau_std": 4.875571674829181}, "datetime": {"datetime": "2024-08-04 11:36:13", "elapsed": 47.419245, "delta": 5.276443}}
{"target": -0.054484414889797446, "params": {"bus_acc": 1.5024063666987733, "bus_dcc": 2.967282303710098, "bus_lcAssertive": 96.07931767378179, "bus_lcCooperative": 0.0035547604644260433, "bus_lcLookaheadLeft": 72.88938235064201, "bus_lcPushy": 0.10899503392964371, "bus_lcSublane": 0.5437874916638252, "bus_max_v": 21.79215236696736, "bus_tau_mean": 1.350314940197804, "bus_tau_std": 9.138438752466081, "car_acc": 2.2446250573832356, "car_dcc": 1.6950840741845796, "car_lcAssertive": 77.24308657238095, "car_lcCooperative": 0.10550707999733477, "car_lcLookaheadLeft": 56.41208121607176, "car_lcPushy": 0.0949560698024915, "car_lcSublane": 0.5809840726750195, "car_max_v": 13.565562479844145, "car_tau_mean": 2.773133827841612, "car_tau_std": 7.158269528581799}, "datetime": {"datetime": "2024-08-04 11:36:16", "elapsed": 50.455408, "delta": 3.036163}}
{"target": -0.05153101287575227, "params": {"bus_acc": 2.4834096004631108, "bus_dcc": 2.8450471749131463, "bus_lcAssertive": 67.56869879445865, "bus_lcCooperative": 0.00838307952503159, "bus_lcLookaheadLeft": 68.48094328062935, "bus_lcPushy": 0.503180690542887, "bus_lcSublane": 0.23090845048417918, "bus_max_v": 11.847723197602289, "bus_tau_mean": 1.1474403794279044, "bus_tau_std": 8.442600050750984, "car_acc": 2.9651795786101705, "car_dcc": 3.741218874524895, "car_lcAssertive": 35.38957261690847, "car_lcCooperative": 0.7802245796913637, "car_lcLookaheadLeft": 55.5525498887402, "car_lcPushy": 0.8164423975559377, "car_lcSublane": 0.48372695118890585, "car_max_v": 20.97892856258688, "car_tau_mean": 3.255422066334915, "car_tau_std": 1.0023464310313235}, "datetime": {"datetime": "2024-08-04 11:36:33", "elapsed": 67.779659, "delta": 17.324251}}
{"target": -0.05797681079641225, "params": {"bus_acc": 2.8705675400136013, "bus_dcc": 3.590778864754308, "bus_lcAssertive": 48.31446107243938, "bus_lcCooperative": 0.554518498278167, "bus_lcLookaheadLeft": 87.78957850337353, "bus_lcPushy": 0.9492644337722901, "bus_lcSublane": 0.639184755868246, "bus_max_v": 24.46744704197458, "bus_tau_mean": 1.7306871722615491, "bus_tau_std": 9.1802831908618, "car_acc": 2.6735040997076625, "car_dcc": 2.6561676436742885, "car_lcAssertive": 86.8950937519022, "car_lcCooperative": 0.8498718814403323, "car_lcLookaheadLeft": 81.2243129474019, "car_lcPushy": 0.13069282439738805, "car_lcSublane": 0.5360025748218121, "car_max_v": 27.817228523552153, "car_tau_mean": 3.197911406938406, "car_tau_std": 4.207131990251918}, "datetime": {"datetime": "2024-08-04 11:36:42", "elapsed": 76.186868, "delta": 8.407209}}
{"target": -0.05409634733743079, "params": {"bus_acc": 2.0740142336810816, "bus_dcc": 2.097950040008963, "bus_lcAssertive": 60.82637752321835, "bus_lcCooperative": 0.9588025156370005, "bus_lcLookaheadLeft": 40.49664860970232, "bus_lcPushy": 0.39297299794161644, "bus_lcSublane": 0.7906369935895988, "bus_max_v": 22.19172477987938, "bus_tau_mean": 1.8785940274938175, "bus_tau_std": 6.889550482302514, "car_acc": 1.808003218108758, "car_dcc": 1.4083394627443662, "car_lcAssertive": 45.61368359854131, "car_lcCooperative": 0.3344193926972726, "car_lcLookaheadLeft": 23.360955145994456, "car_lcPushy": 0.9257748016364399, "car_lcSublane": 0.6896393990795577, "car_max_v": 21.174059593715285, "car_tau_mean": 3.113301152430518, "car_tau_std": 5.419710617714415}, "datetime": {"datetime": "2024-08-04 11:36:46", "elapsed": 80.383304, "delta": 4.196436}}
{"target": -0.05122123255084169, "params": {"bus_acc": 1.238914100667458, "bus_dcc": 3.437831764098486, "bus_lcAssertive": 15.532444968307074, "bus_lcCooperative": 0.2642974827269007, "bus_lcLookaheadLeft": 82.27073950608602, "bus_lcPushy": 0.31058725179421, "bus_lcSublane": 0.9824174492929428, "bus_max_v": 13.866051447335975, "bus_tau_mean": 2.3677867073992402, "bus_tau_std": 3.1446701118584963, "car_acc": 2.821545662347675, "car_dcc": 2.099669931553703, "car_lcAssertive": 43.92564040004329, "car_lcCooperative": 0.5122926922783614, "car_lcLookaheadLeft": 94.01087478223191, "car_lcPushy": 0.030949006271150714, "car_lcSublane": 0.7168786636316892, "car_max_v": 27.602416994431454, "car_tau_mean": 0.5955052823111409, "car_tau_std": 5.220512472525107}, "datetime": {"datetime": "2024-08-04 11:36:59", "elapsed": 93.97176, "delta": 13.588456}}
{"target": -0.05604441000047272, "params": {"bus_acc": 2.9606657702746553, "bus_dcc": 1.6671495805935272, "bus_lcAssertive": 47.160380942490775, "bus_lcCooperative": 0.8956418025994466, "bus_lcLookaheadLeft": 60.940474150481236, "bus_lcPushy": 0.725958845848815, "bus_lcSublane": 0.41367016420136027, "bus_max_v": 23.054811680289035, "bus_tau_mean": 3.8111926044664712, "bus_tau_std": 2.0018606573932205, "car_acc": 2.6147305277546407, "car_dcc": 3.9086140362996895, "car_lcAssertive": 2.4423044445698414, "car_lcCooperative": 0.21520958659442757, "car_lcLookaheadLeft": 13.502938190686715, "car_lcPushy": 0.7674235177414532, "car_lcSublane": 0.08121658594273329, "car_max_v": 29.965098288999965, "car_tau_mean": 1.8636420555775681, "car_tau_std": 9.052027659330404}, "datetime": {"datetime": "2024-08-04 11:37:05", "elapsed": 99.766229, "delta": 5.794469}}
{"target": -0.05639417960978501, "params": {"bus_acc": 1.6004966790678001, "bus_dcc": 1.429017484774298, "bus_lcAssertive": 90.2295351985781, "bus_lcCooperative": 0.5415593788873733, "bus_lcLookaheadLeft": 97.52455634379805, "bus_lcPushy": 0.6366044000018972, "bus_lcSublane": 0.9939130246104789, "bus_max_v": 20.013557691144936, "bus_tau_mean": 2.3424907686693244, "bus_tau_std": 1.354279030721699, "car_acc": 1.7114103419677622, "car_dcc": 1.0786557018891199, "car_lcAssertive": 16.87912277244526, "car_lcCooperative": 0.7456371927074961, "car_lcLookaheadLeft": 4.9791696130213055, "car_lcPushy": 0.36654309724374434, "car_lcSublane": 0.8623462528380441, "car_max_v": 23.238909785161795, "car_tau_mean": 2.91829749723159, "car_tau_std": 1.8863680095531088}, "datetime": {"datetime": "2024-08-04 11:37:08", "elapsed": 102.291588, "delta": 2.525359}}
{"target": -0.05303422790814063, "params": {"bus_acc": 1.8138439882587158, "bus_dcc": 3.9256670273119365, "bus_lcAssertive": 32.7116132563811, "bus_lcCooperative": 0.9824909449748953, "bus_lcLookaheadLeft": 64.3580003338864, "bus_lcPushy": 0.375091018393911, "bus_lcSublane": 0.8574844990835966, "bus_max_v": 21.630908266108623, "bus_tau_mean": 1.3821157804579378, "bus_tau_std": 7.928556779768876, "car_acc": 1.8658770174683261, "car_dcc": 2.072533501991324, "car_lcAssertive": 33.69741671598301, "car_lcCooperative": 0.6973688756131394, "car_lcLookaheadLeft": 28.327712142810203, "car_lcPushy": 0.8082780137053801, "car_lcSublane": 0.2952887943998478, "car_max_v": 19.97067043887786, "car_tau_mean": 2.207725221318208, "car_tau_std": 8.553564125953697}, "datetime": {"datetime": "2024-08-04 11:37:08", "elapsed": 103.043686, "delta": 0.752098}}
{"target": -0.05157419569077157, "params": {"bus_acc": 1.1763772911430201, "bus_dcc": 3.051131007464914, "bus_lcAssertive": 12.919686808914616, "bus_lcCooperative": 0.010699003144174157, "bus_lcLookaheadLeft": 56.61228654734155, "bus_lcPushy": 0.9071090552203707, "bus_lcSublane": 0.8604566673368852, "bus_max_v": 15.445930450601502, "bus_tau_mean": 0.5950559026405178, "bus_tau_std": 8.008593551300331, "car_acc": 2.611969864579332, "car_dcc": 3.6054643489083165, "car_lcAssertive": 67.29501338767777, "car_lcCooperative": 0.8077788623150765, "car_lcLookaheadLeft": 89.95483166567638, "car_lcPushy": 0.4538299504900123, "car_lcSublane": 0.5578253037149105, "car_max_v": 19.134884834221165, "car_tau_mean": 2.9219436658347657, "car_tau_std": 6.829068676298748}, "datetime": {"datetime": "2024-08-04 11:37:17", "elapsed": 111.721387, "delta": 8.677701}}
{"target": -0.05408602918107442, "params": {"bus_acc": 1.6532898035441923, "bus_dcc": 2.581174306772828, "bus_lcAssertive": 88.70826783176668, "bus_lcCooperative": 0.35726976000249977, "bus_lcLookaheadLeft": 91.03644479014032, "bus_lcPushy": 0.6233601157918027, "bus_lcSublane": 0.015821242846556283, "bus_max_v": 28.447619142362747, "bus_tau_mean": 2.9181392113092337, "bus_tau_std": 9.973228504514806, "car_acc": 1.344681016690657, "car_dcc": 1.4114072488866332, "car_lcAssertive": 93.32695084067919, "car_lcCooperative": 0.6968181614899002, "car_lcLookaheadLeft": 8.468016926762123, "car_lcPushy": 0.7554630526024664, "car_lcSublane": 0.7538761884612464, "car_max_v": 28.306539782022632, "car_tau_mean": 2.990336655199651, "car_tau_std": 1.242709619721647}, "datetime": {"datetime": "2024-08-04 11:37:19", "elapsed": 113.910425, "delta": 2.189038}}
{"target": -0.04395321627926013, "params": {"bus_acc": 2.259435014043129, "bus_dcc": 1.6305220297445189, "bus_lcAssertive": 75.52279982014257, "bus_lcCooperative": 0.06653648135411494, "bus_lcLookaheadLeft": 27.510879660697015, "bus_lcPushy": 0.8047545637433454, "bus_lcSublane": 0.19343428262332774, "bus_max_v": 22.068139379358684, "bus_tau_mean": 2.336346081933068, "bus_tau_std": 9.248079703993508, "car_acc": 1.526593540974222, "car_dcc": 1.1978832720520713, "car_lcAssertive": 73.77153036557827, "car_lcCooperative": 0.7721780295432468, "car_lcLookaheadLeft": 90.96595354534536, "car_lcPushy": 0.9319720691968373, "car_lcSublane": 0.013951572975597015, "car_max_v": 13.155965894671251, "car_tau_mean": 2.6587242495058017, "car_tau_std": 9.490163206876165}, "datetime": {"datetime": "2024-08-04 11:37:20", "elapsed": 114.159481, "delta": 0.249056}}
{"target": -0.05026917025851905, "params": {"bus_acc": 1.1601219545424346, "bus_dcc": 2.445088849063531, "bus_lcAssertive": 45.12162268376395, "bus_lcCooperative": 0.6724726505249299, "bus_lcLookaheadLeft": 45.97625136478355, "bus_lcPushy": 0.7043133983839096, "bus_lcSublane": 0.6816453376026229, "bus_max_v": 23.33726763256064, "bus_tau_mean": 2.6651025989653774, "bus_tau_std": 1.5098073327964578, "car_acc": 2.521604912611512, "car_dcc": 3.343137466581871, "car_lcAssertive": 90.50619560546669, "car_lcCooperative": 0.23376869260410593, "car_lcLookaheadLeft": 19.31453152108946, "car_lcPushy": 0.3910991231067624, "car_lcSublane": 0.3205646539951602, "car_max_v": 25.940492438123776, "car_tau_mean": 2.647340648839511, "car_tau_std": 7.600017523497488}, "datetime": {"datetime": "2024-08-04 11:37:20", "elapsed": 114.476112, "delta": 0.316631}}
{"target": -0.05631348770335071, "params": {"bus_acc": 2.978680112333276, "bus_dcc": 1.2331437109971595, "bus_lcAssertive": 32.89082184786219, "bus_lcCooperative": 0.9461523954567653, "bus_lcLookaheadLeft": 2.8760320323820165, "bus_lcPushy": 0.8227300054219355, "bus_lcSublane": 0.8612116383667944, "bus_max_v": 17.676277912588596, "bus_tau_mean": 1.395108178320759, "bus_tau_std": 8.026895196332987, "car_acc": 1.9557240088644423, "car_dcc": 1.4030158259670884, "car_lcAssertive": 92.85705028967607, "car_lcCooperative": 0.8959699670066484, "car_lcLookaheadLeft": 50.17142470165966, "car_lcPushy": 0.8567024965177922, "car_lcSublane": 0.41857802576409864, "car_max_v": 23.036227803658626, "car_tau_mean": 1.8929672379277287, "car_tau_std": 5.0574201745081035}, "datetime": {"datetime": "2024-08-04 11:37:27", "elapsed": 121.353408, "delta": 6.877296}}
{"target": -0.05544569696715853, "params": {"bus_acc": 1.5740878923110173, "bus_dcc": 1.3996213412533058, "bus_lcAssertive": 93.77095809509747, "bus_lcCooperative": 0.8048358460157946, "bus_lcLookaheadLeft": 93.92679722932253, "bus_lcPushy": 0.1853805246478023, "bus_lcSublane": 0.9331557628232255, "bus_max_v": 28.58657056922693, "bus_tau_mean": 1.4924057976127907, "bus_tau_std": 2.74634248423863, "car_acc": 2.1028631473467447, "car_dcc": 1.555867718105657, "car_lcAssertive": 44.768009952049816, "car_lcCooperative": 0.1853176459376844, "car_lcLookaheadLeft": 94.842839959488, "car_lcPushy": 0.4938246574910856, "car_lcSublane": 0.9639177674239978, "car_max_v": 22.18871679526866, "car_tau_mean": 2.1951052056133493, "car_tau_std": 9.676952459611975}, "datetime": {"datetime": "2024-08-04 11:37:29", "elapsed": 123.987427, "delta": 2.634019}}
{"target": -0.07243471326388952, "params": {"bus_acc": 1.6519796235400506, "bus_dcc": 3.5784679625967577, "bus_lcAssertive": 56.29313854132926, "bus_lcCooperative": 0.6902278681627478, "bus_lcLookaheadLeft": 46.37964299525067, "bus_lcPushy": 0.6283090375213571, "bus_lcSublane": 0.2900968516874258, "bus_max_v": 8.205668715263347, "bus_tau_mean": 2.5186457724548177, "bus_tau_std": 3.114442141324628, "car_acc": 2.03453519700226, "car_dcc": 3.749217559161693, "car_lcAssertive": 43.221004061638205, "car_lcCooperative": 0.2473960366023854, "car_lcLookaheadLeft": 38.386788605347334, "car_lcPushy": 0.9318611166365406, "car_lcSublane": 0.9368683813090937, "car_max_v": 26.57525886844569, "car_tau_mean": 3.7207228000698116, "car_tau_std": 2.2790028995131695}, "datetime": {"datetime": "2024-08-04 11:37:34", "elapsed": 128.19972, "delta": 4.212293}}
{"target": -0.04339721251346388, "params": {"bus_acc": 2.040627271726633, "bus_dcc": 3.485404444256414, "bus_lcAssertive": 51.07215929219678, "bus_lcCooperative": 0.8248585623852319, "bus_lcLookaheadLeft": 29.620818638037807, "bus_lcPushy": 0.17849483297748825, "bus_lcSublane": 0.969870570344714, "bus_max_v": 24.322669560033688, "bus_tau_mean": 1.4092709265654508, "bus_tau_std": 5.812353422911717, "car_acc": 2.9105245070763734, "car_dcc": 1.2422617234362363, "car_lcAssertive": 9.269886499112367, "car_lcCooperative": 0.6191348314199072, "car_lcLookaheadLeft": 24.000360925923857, "car_lcPushy": 0.7651839567335081, "car_lcSublane": 0.5681525429491051, "car_max_v": 22.656137984916896, "car_tau_mean": 0.8773486527810734, "car_tau_std": 0.8428305143655679}, "datetime": {"datetime": "2024-08-04 11:37:38", "elapsed": 132.169818, "delta": 3.970098}}
{"target": -0.08216593704853793, "params": {"bus_acc": 2.1313242250878552, "bus_dcc": 2.405997512983756, "bus_lcAssertive": 43.37570947735875, "bus_lcCooperative": 0.5992697556580301, "bus_lcLookaheadLeft": 85.29704907456461, "bus_lcPushy": 0.7511210403719374, "bus_lcSublane": 0.579360540297233, "bus_max_v": 28.343491993792618, "bus_tau_mean": 0.7265899420454209, "bus_tau_std": 9.913465087318091, "car_acc": 1.105989085335979, "car_dcc": 1.5984866384156842, "car_lcAssertive": 42.85251350281153, "car_lcCooperative": 0.10750887618516769, "car_lcLookaheadLeft": 63.119700277774776, "car_lcPushy": 0.047992564048867314, "car_lcSublane": 0.28462388100694214, "car_max_v": 9.342806984632764, "car_tau_mean": 2.962317658867784, "car_tau_std": 6.68456167589482}, "datetime": {"datetime": "2024-08-04 11:37:38", "elapsed": 132.594957, "delta": 0.425139}}
{"target": -0.048432783424305535, "params": {"bus_acc": 1.2046688576556517, "bus_dcc": 2.242167963458705, "bus_lcAssertive": 69.74561561504676, "bus_lcCooperative": 0.41417926952690265, "bus_lcLookaheadLeft": 6.895438976716542, "bus_lcPushy": 0.5358964059155116, "bus_lcSublane": 0.6637946452197888, "bus_max_v": 19.327560465282787, "bus_tau_mean": 3.8060816459678466, "bus_tau_std": 5.865550405019929, "car_acc": 2.8068038305757668, "car_dcc": 1.4124241124387127, "car_lcAssertive": 14.788358377825096, "car_lcCooperative": 0.8073912887095238, "car_lcLookaheadLeft": 40.97233002458229, "car_lcPushy": 0.16535419711693278, "car_lcSublane": 0.9275085803960339, "car_max_v": 15.650848914401145, "car_tau_mean": 3.1278423609765444, "car_tau_std": 7.259979853504515}, "datetime": {"datetime": "2024-08-04 11:37:38", "elapsed": 133.091389, "delta": 0.496432}}
{"target": -0.04825786364857095, "params": {"bus_acc": 1.4796955182951723, "bus_dcc": 2.48130914280619, "bus_lcAssertive": 62.37561611975659, "bus_lcCooperative": 0.8289808995501787, "bus_lcLookaheadLeft": 17.365556675316256, "bus_lcPushy": 0.018576202177409518, "bus_lcSublane": 0.07002214371922233, "bus_max_v": 18.6995924406147, "bus_tau_mean": 2.622153115786656, "bus_tau_std": 5.688514370864813, "car_acc": 1.6347248186443215, "car_dcc": 3.9658484632373465, "car_lcAssertive": 58.394776705333896, "car_lcCooperative": 0.3801411726235504, "car_lcLookaheadLeft": 55.99292547355389, "car_lcPushy": 0.7453344309065021, "car_lcSublane": 0.6692328934531846, "car_max_v": 13.828230268581807, "car_tau_mean": 0.7321719204995455, "car_tau_std": 3.700841979141063}, "datetime": {"datetime": "2024-08-04 11:37:40", "elapsed": 134.511697, "delta": 1.420308}}
