{"target": -0.052790527843548325, "params": {"bus_acc": 1.87, "bus_dcc": 1.69, "bus_lcAssertive": 84.62, "bus_lcCooperative": 0.85, "bus_lcLookaheadLeft": 52.76, "bus_lcPushy": 0.61, "bus_lcSublane": 0.8, "bus_max_v": 10.32, "bus_tau_mean": 3.3, "bus_tau_std": 5.35, "car_acc": 2.75, "car_dcc": 3.58, "car_lcAssertive": 70.51, "car_lcCooperative": 0.37, "car_lcLookaheadLeft": 88.61, "car_lcPushy": 0.87, "car_lcSublane": 0.58, "car_max_v": 28.23, "car_tau_mean": 0.58, "car_tau_std": 7.44}, "datetime": {"datetime": "2024-08-04 12:03:15", "elapsed": 1669.995727, "delta": 12.95909}}
{"target": -0.0572284901719603, "params": {"bus_acc": 1.17, "bus_dcc": 1.39, "bus_lcAssertive": 79.65, "bus_lcCooperative": 0.91, "bus_lcLookaheadLeft": 61.47, "bus_lcPushy": 0.35, "bus_lcSublane": 0.91, "bus_max_v": 8.9, "bus_tau_mean": 2.1, "bus_tau_std": 1.25, "car_acc": 1.12, "car_dcc": 2.53, "car_lcAssertive": 9.61, "car_lcCooperative": 0.88, "car_lcLookaheadLeft": 81.83, "car_lcPushy": 0.55, "car_lcSublane": 0.85, "car_max_v": 22.45, "car_tau_mean": 3.28, "car_tau_std": 2.06}, "datetime": {"datetime": "2024-08-04 12:03:19", "elapsed": 1674.088102, "delta": 4.092375}}
{"target": -0.055110463803861705, "params": {"bus_acc": 2.71, "bus_dcc": 2.77, "bus_lcAssertive": 94.41, "bus_lcCooperative": 0.22, "bus_lcLookaheadLeft": 50.03, "bus_lcPushy": 0.66, "bus_lcSublane": 0.99, "bus_max_v": 14.91, "bus_tau_mean": 0.7, "bus_tau_std": 6.07, "car_acc": 2.01, "car_dcc": 3.81, "car_lcAssertive": 21.34, "car_lcCooperative": 0.25, "car_lcLookaheadLeft": 9.67, "car_lcPushy": 0.43, "car_lcSublane": 0.81, "car_max_v": 18.86, "car_tau_mean": 2.66, "car_tau_std": 7.47}, "datetime": {"datetime": "2024-08-04 12:03:21", "elapsed": 1676.019034, "delta": 1.930932}}
{"target": -0.054856532010526086, "params": {"bus_acc": 1.63, "bus_dcc": 2.08, "bus_lcAssertive": 1.9, "bus_lcCooperative": 0.47, "bus_lcLookaheadLeft": 75.49, "bus_lcPushy": 0.7, "bus_lcSublane": 0.66, "bus_max_v": 26.56, "bus_tau_mean": 1.87, "bus_tau_std": 3.75, "car_acc": 1.62, "car_dcc": 2.69, "car_lcAssertive": 26.63, "car_lcCooperative": 0.51, "car_lcLookaheadLeft": 68.81, "car_lcPushy": 0.45, "car_lcSublane": 0.83, "car_max_v": 23.19, "car_tau_mean": 1.13, "car_tau_std": 5.95}, "datetime": {"datetime": "2024-08-04 12:03:27", "elapsed": 1681.144173, "delta": 5.125139}}
{"target": -0.040378959331938524, "params": {"bus_acc": 2.68, "bus_dcc": 3.28, "bus_lcAssertive": 68.98, "bus_lcCooperative": 0.04, "bus_lcLookaheadLeft": 63.17, "bus_lcPushy": 0.84, "bus_lcSublane": 0.84, "bus_max_v": 26.66, "bus_tau_mean": 1.05, "bus_tau_std": 3.96, "car_acc": 1.03, "car_dcc": 1.48, "car_lcAssertive": 88.62, "car_lcCooperative": 0.59, "car_lcLookaheadLeft": 67.38, "car_lcPushy": 0.04, "car_lcSublane": 0.58, "car_max_v": 19.19, "car_tau_mean": 1.56, "car_tau_std": 7.32}, "datetime": {"datetime": "2024-08-04 12:03:39", "elapsed": 1693.872778, "delta": 12.728605}}
{"target": -0.04282268239182896, "params": {"bus_acc": 2.29, "bus_dcc": 1.89, "bus_lcAssertive": 38.54, "bus_lcCooperative": 0.5, "bus_lcLookaheadLeft": 20.42, "bus_lcPushy": 0.86, "bus_lcSublane": 0.17, "bus_max_v": 16.92, "bus_tau_mean": 0.99, "bus_tau_std": 9.27, "car_acc": 1.15, "car_dcc": 3.7, "car_lcAssertive": 53.62, "car_lcCooperative": 0.94, "car_lcLookaheadLeft": 54.37, "car_lcPushy": 0.74, "car_lcSublane": 0.37, "car_max_v": 15.98, "car_tau_mean": 1.68, "car_tau_std": 1.99}, "datetime": {"datetime": "2024-08-04 12:03:41", "elapsed": 1695.656625, "delta": 1.783847}}
{"target": -0.04205383297980655, "params": {"bus_acc": 1.86, "bus_dcc": 2.04, "bus_lcAssertive": 21.55, "bus_lcCooperative": 0.89, "bus_lcLookaheadLeft": 93.49, "bus_lcPushy": 0.64, "bus_lcSublane": 0.24, "bus_max_v": 27.56, "bus_tau_mean": 2.0, "bus_tau_std": 4.43, "car_acc": 1.51, "car_dcc": 2.9, "car_lcAssertive": 91.57, "car_lcCooperative": 0.28, "car_lcLookaheadLeft": 83.6, "car_lcPushy": 0.88, "car_lcSublane": 0.75, "car_max_v": 9.4, "car_tau_mean": 2.65, "car_tau_std": 5.03}, "datetime": {"datetime": "2024-08-04 12:03:43", "elapsed": 1698.097354, "delta": 2.440729}}
{"target": -0.05319290463628584, "params": {"bus_acc": 1.74, "bus_dcc": 2.86, "bus_lcAssertive": 82.63, "bus_lcCooperative": 0.5, "bus_lcLookaheadLeft": 22.85, "bus_lcPushy": 0.11, "bus_lcSublane": 0.97, "bus_max_v": 9.34, "bus_tau_mean": 3.64, "bus_tau_std": 6.08, "car_acc": 2.92, "car_dcc": 3.1, "car_lcAssertive": 20.03, "car_lcCooperative": 0.2, "car_lcLookaheadLeft": 63.63, "car_lcPushy": 0.8, "car_lcSublane": 0.78, "car_max_v": 25.1, "car_tau_mean": 2.6, "car_tau_std": 4.19}, "datetime": {"datetime": "2024-08-04 12:03:51", "elapsed": 1705.146729, "delta": 7.049375}}
{"target": -0.04729748844176617, "params": {"bus_acc": 2.76, "bus_dcc": 2.43, "bus_lcAssertive": 29.71, "bus_lcCooperative": 0.48, "bus_lcLookaheadLeft": 35.29, "bus_lcPushy": 0.78, "bus_lcSublane": 0.97, "bus_max_v": 26.3, "bus_tau_mean": 0.66, "bus_tau_std": 2.91, "car_acc": 1.32, "car_dcc": 2.05, "car_lcAssertive": 71.54, "car_lcCooperative": 0.86, "car_lcLookaheadLeft": 53.52, "car_lcPushy": 0.47, "car_lcSublane": 0.34, "car_max_v": 17.01, "car_tau_mean": 1.11, "car_tau_std": 8.32}, "datetime": {"datetime": "2024-08-04 12:03:53", "elapsed": 1707.280813, "delta": 2.134084}}
{"target": -0.05752772087788318, "params": {"bus_acc": 1.96, "bus_dcc": 2.94, "bus_lcAssertive": 16.08, "bus_lcCooperative": 0.73, "bus_lcLookaheadLeft": 41.88, "bus_lcPushy": 0.79, "bus_lcSublane": 0.7, "bus_max_v": 21.54, "bus_tau_mean": 3.96, "bus_tau_std": 8.61, "car_acc": 2.62, "car_dcc": 2.76, "car_lcAssertive": 20.81, "car_lcCooperative": 0.3, "car_lcLookaheadLeft": 18.84, "car_lcPushy": 0.42, "car_lcSublane": 0.95, "car_max_v": 27.09, "car_tau_mean": 1.48, "car_tau_std": 2.4}, "datetime": {"datetime": "2024-08-04 12:04:03", "elapsed": 1717.151901, "delta": 9.871088}}
{"target": -0.05121307435282546, "params": {"bus_acc": 1.2, "bus_dcc": 1.46, "bus_lcAssertive": 3.43, "bus_lcCooperative": 0.99, "bus_lcLookaheadLeft": 75.77, "bus_lcPushy": 0.1, "bus_lcSublane": 0.96, "bus_max_v": 24.37, "bus_tau_mean": 2.81, "bus_tau_std": 6.88, "car_acc": 2.63, "car_dcc": 2.89, "car_lcAssertive": 28.68, "car_lcCooperative": 0.79, "car_lcLookaheadLeft": 76.67, "car_lcPushy": 0.39, "car_lcSublane": 0.02, "car_max_v": 25.96, "car_tau_mean": 3.55, "car_tau_std": 0.64}, "datetime": {"datetime": "2024-08-04 12:04:09", "elapsed": 1723.967091, "delta": 6.81519}}
{"target": -0.04865459687714479, "params": {"bus_acc": 2.16, "bus_dcc": 3.4, "bus_lcAssertive": 72.57, "bus_lcCooperative": 0.93, "bus_lcLookaheadLeft": 84.04, "bus_lcPushy": 0.78, "bus_lcSublane": 0.62, "bus_max_v": 15.99, "bus_tau_mean": 1.87, "bus_tau_std": 8.66, "car_acc": 1.3, "car_dcc": 2.69, "car_lcAssertive": 56.74, "car_lcCooperative": 0.27, "car_lcLookaheadLeft": 64.42, "car_lcPushy": 0.42, "car_lcSublane": 0.83, "car_max_v": 25.02, "car_tau_mean": 3.14, "car_tau_std": 2.32}, "datetime": {"datetime": "2024-08-04 12:04:14", "elapsed": 1728.15335, "delta": 4.186259}}
{"target": -0.04008561613548171, "params": {"bus_acc": 2.7, "bus_dcc": 1.76, "bus_lcAssertive": 34.09, "bus_lcCooperative": 0.2, "bus_lcLookaheadLeft": 98.24, "bus_lcPushy": 0.39, "bus_lcSublane": 0.41, "bus_max_v": 22.29, "bus_tau_mean": 3.49, "bus_tau_std": 3.26, "car_acc": 1.77, "car_dcc": 1.05, "car_lcAssertive": 85.65, "car_lcCooperative": 0.44, "car_lcLookaheadLeft": 32.48, "car_lcPushy": 0.94, "car_lcSublane": 0.41, "car_max_v": 21.69, "car_tau_mean": 2.13, "car_tau_std": 1.86}, "datetime": {"datetime": "2024-08-04 12:04:16", "elapsed": 1730.9672, "delta": 2.81385}}
{"target": -0.05380421996478729, "params": {"bus_acc": 1.45, "bus_dcc": 3.35, "bus_lcAssertive": 63.82, "bus_lcCooperative": 0.84, "bus_lcLookaheadLeft": 78.23, "bus_lcPushy": 0.7, "bus_lcSublane": 0.18, "bus_max_v": 15.83, "bus_tau_mean": 3.88, "bus_tau_std": 5.54, "car_acc": 2.33, "car_dcc": 1.57, "car_lcAssertive": 27.55, "car_lcCooperative": 0.91, "car_lcLookaheadLeft": 81.35, "car_lcPushy": 0.12, "car_lcSublane": 0.95, "car_max_v": 22.06, "car_tau_mean": 3.24, "car_tau_std": 2.49}, "datetime": {"datetime": "2024-08-04 12:04:20", "elapsed": 1735.07888, "delta": 4.11168}}
{"target": -0.050081043734780305, "params": {"bus_acc": 1.48, "bus_dcc": 1.62, "bus_lcAssertive": 72.23, "bus_lcCooperative": 0.19, "bus_lcLookaheadLeft": 87.48, "bus_lcPushy": 0.39, "bus_lcSublane": 0.08, "bus_max_v": 17.52, "bus_tau_mean": 3.93, "bus_tau_std": 9.02, "car_acc": 2.09, "car_dcc": 1.36, "car_lcAssertive": 29.09, "car_lcCooperative": 0.6, "car_lcLookaheadLeft": 60.23, "car_lcPushy": 0.92, "car_lcSublane": 0.6, "car_max_v": 19.07, "car_tau_mean": 2.33, "car_tau_std": 5.54}, "datetime": {"datetime": "2024-08-04 12:04:22", "elapsed": 1736.98843, "delta": 1.90955}}
{"target": -0.03859867654777296, "params": {"bus_acc": 1.58, "bus_dcc": 2.13, "bus_lcAssertive": 87.57, "bus_lcCooperative": 0.61, "bus_lcLookaheadLeft": 42.02, "bus_lcPushy": 0.77, "bus_lcSublane": 0.83, "bus_max_v": 29.42, "bus_tau_mean": 2.25, "bus_tau_std": 9.2, "car_acc": 1.23, "car_dcc": 1.78, "car_lcAssertive": 12.57, "car_lcCooperative": 0.89, "car_lcLookaheadLeft": 37.33, "car_lcPushy": 0.73, "car_lcSublane": 0.63, "car_max_v": 8.77, "car_tau_mean": 1.94, "car_tau_std": 8.04}, "datetime": {"datetime": "2024-08-04 12:04:33", "elapsed": 1747.432911, "delta": 10.444481}}
{"target": -0.040080992238325626, "params": {"bus_acc": 1.09, "bus_dcc": 3.59, "bus_lcAssertive": 16.23, "bus_lcCooperative": 0.4, "bus_lcLookaheadLeft": 35.22, "bus_lcPushy": 0.66, "bus_lcSublane": 0.18, "bus_max_v": 14.43, "bus_tau_mean": 3.62, "bus_tau_std": 0.19, "car_acc": 1.63, "car_dcc": 1.68, "car_lcAssertive": 96.96, "car_lcCooperative": 0.61, "car_lcLookaheadLeft": 87.7, "car_lcPushy": 0.04, "car_lcSublane": 0.8, "car_max_v": 13.17, "car_tau_mean": 3.07, "car_tau_std": 1.49}, "datetime": {"datetime": "2024-08-04 12:04:39", "elapsed": 1753.42368, "delta": 5.990769}}
{"target": -0.04643267552277527, "params": {"bus_acc": 2.94, "bus_dcc": 1.75, "bus_lcAssertive": 44.48, "bus_lcCooperative": 0.49, "bus_lcLookaheadLeft": 38.39, "bus_lcPushy": 0.06, "bus_lcSublane": 0.0, "bus_max_v": 13.04, "bus_tau_mean": 3.2, "bus_tau_std": 9.56, "car_acc": 1.56, "car_dcc": 3.42, "car_lcAssertive": 79.2, "car_lcCooperative": 0.38, "car_lcLookaheadLeft": 23.76, "car_lcPushy": 0.33, "car_lcSublane": 0.61, "car_max_v": 12.48, "car_tau_mean": 2.07, "car_tau_std": 3.34}, "datetime": {"datetime": "2024-08-04 12:04:42", "elapsed": 1756.255704, "delta": 2.832024}}
{"target": -0.05551426201970195, "params": {"bus_acc": 2.41, "bus_dcc": 2.67, "bus_lcAssertive": 47.25, "bus_lcCooperative": 0.75, "bus_lcLookaheadLeft": 88.04, "bus_lcPushy": 0.68, "bus_lcSublane": 0.37, "bus_max_v": 13.45, "bus_tau_mean": 1.28, "bus_tau_std": 8.82, "car_acc": 2.97, "car_dcc": 1.38, "car_lcAssertive": 77.77, "car_lcCooperative": 0.32, "car_lcLookaheadLeft": 70.44, "car_lcPushy": 0.87, "car_lcSublane": 0.04, "car_max_v": 26.85, "car_tau_mean": 1.45, "car_tau_std": 1.81}, "datetime": {"datetime": "2024-08-04 12:04:51", "elapsed": 1766.063974, "delta": 9.80827}}
{"target": -0.05039570252894939, "params": {"bus_acc": 2.35, "bus_dcc": 3.89, "bus_lcAssertive": 82.07, "bus_lcCooperative": 0.25, "bus_lcLookaheadLeft": 46.72, "bus_lcPushy": 0.11, "bus_lcSublane": 0.38, "bus_max_v": 12.45, "bus_tau_mean": 3.71, "bus_tau_std": 6.99, "car_acc": 1.89, "car_dcc": 2.43, "car_lcAssertive": 98.61, "car_lcCooperative": 0.04, "car_lcLookaheadLeft": 78.86, "car_lcPushy": 0.93, "car_lcSublane": 0.36, "car_max_v": 10.02, "car_tau_mean": 3.46, "car_tau_std": 8.92}, "datetime": {"datetime": "2024-08-04 12:04:54", "elapsed": 1768.204917, "delta": 2.140943}}
{"target": -0.04211777243468143, "params": {"bus_acc": 2.2, "bus_dcc": 1.51, "bus_lcAssertive": 79.92, "bus_lcCooperative": 0.65, "bus_lcLookaheadLeft": 59.12, "bus_lcPushy": 0.87, "bus_lcSublane": 0.37, "bus_max_v": 21.68, "bus_tau_mean": 1.0, "bus_tau_std": 3.99, "car_acc": 1.28, "car_dcc": 3.66, "car_lcAssertive": 15.47, "car_lcCooperative": 0.43, "car_lcLookaheadLeft": 19.77, "car_lcPushy": 0.19, "car_lcSublane": 0.86, "car_max_v": 9.42, "car_tau_mean": 2.55, "car_tau_std": 6.73}, "datetime": {"datetime": "2024-08-04 12:04:59", "elapsed": 1773.124103, "delta": 4.919186}}
{"target": -0.049940143316683, "params": {"bus_acc": 1.88, "bus_dcc": 3.48, "bus_lcAssertive": 14.24, "bus_lcCooperative": 0.82, "bus_lcLookaheadLeft": 96.62, "bus_lcPushy": 0.71, "bus_lcSublane": 0.62, "bus_max_v": 23.02, "bus_tau_mean": 1.68, "bus_tau_std": 3.06, "car_acc": 2.02, "car_dcc": 3.18, "car_lcAssertive": 77.41, "car_lcCooperative": 0.48, "car_lcLookaheadLeft": 91.8, "car_lcPushy": 0.38, "car_lcSublane": 0.92, "car_max_v": 12.98, "car_tau_mean": 0.98, "car_tau_std": 2.72}, "datetime": {"datetime": "2024-08-04 12:05:01", "elapsed": 1775.644832, "delta": 2.520729}}
{"target": -0.041719142942775594, "params": {"bus_acc": 2.28, "bus_dcc": 1.32, "bus_lcAssertive": 71.73, "bus_lcCooperative": 0.59, "bus_lcLookaheadLeft": 71.31, "bus_lcPushy": 0.09, "bus_lcSublane": 0.78, "bus_max_v": 17.56, "bus_tau_mean": 1.77, "bus_tau_std": 6.48, "car_acc": 1.09, "car_dcc": 2.15, "car_lcAssertive": 63.13, "car_lcCooperative": 0.9, "car_lcLookaheadLeft": 20.67, "car_lcPushy": 0.8, "car_lcSublane": 0.06, "car_max_v": 21.14, "car_tau_mean": 0.91, "car_tau_std": 4.89}, "datetime": {"datetime": "2024-08-04 12:05:03", "elapsed": 1777.61574, "delta": 1.970908}}
{"target": -0.046354732847915366, "params": {"bus_acc": 1.08, "bus_dcc": 2.36, "bus_lcAssertive": 14.85, "bus_lcCooperative": 0.73, "bus_lcLookaheadLeft": 66.41, "bus_lcPushy": 0.54, "bus_lcSublane": 0.06, "bus_max_v": 16.95, "bus_tau_mean": 2.97, "bus_tau_std": 4.22, "car_acc": 1.66, "car_dcc": 2.73, "car_lcAssertive": 30.2, "car_lcCooperative": 0.24, "car_lcLookaheadLeft": 24.95, "car_lcPushy": 0.85, "car_lcSublane": 0.62, "car_max_v": 17.51, "car_tau_mean": 1.85, "car_tau_std": 3.78}, "datetime": {"datetime": "2024-08-04 12:05:06", "elapsed": 1780.561946, "delta": 2.946206}}
{"target": -0.0546971142038665, "params": {"bus_acc": 2.02, "bus_dcc": 2.13, "bus_lcAssertive": 13.51, "bus_lcCooperative": 0.94, "bus_lcLookaheadLeft": 87.62, "bus_lcPushy": 0.02, "bus_lcSublane": 0.89, "bus_max_v": 10.76, "bus_tau_mean": 0.71, "bus_tau_std": 8.62, "car_acc": 2.66, "car_dcc": 3.7, "car_lcAssertive": 36.29, "car_lcCooperative": 1.0, "car_lcLookaheadLeft": 71.06, "car_lcPushy": 0.4, "car_lcSublane": 0.3, "car_max_v": 20.33, "car_tau_mean": 2.18, "car_tau_std": 2.56}, "datetime": {"datetime": "2024-08-04 12:05:08", "elapsed": 1782.564612, "delta": 2.002666}}
{"target": -0.05526157799137787, "params": {"bus_acc": 2.44, "bus_dcc": 3.47, "bus_lcAssertive": 88.22, "bus_lcCooperative": 1.0, "bus_lcLookaheadLeft": 26.83, "bus_lcPushy": 0.43, "bus_lcSublane": 0.62, "bus_max_v": 14.28, "bus_tau_mean": 2.14, "bus_tau_std": 5.94, "car_acc": 1.88, "car_dcc": 2.27, "car_lcAssertive": 24.23, "car_lcCooperative": 0.25, "car_lcLookaheadLeft": 55.12, "car_lcPushy": 0.17, "car_lcSublane": 0.04, "car_max_v": 29.46, "car_tau_mean": 2.37, "car_tau_std": 7.31}, "datetime": {"datetime": "2024-08-04 12:05:17", "elapsed": 1791.613568, "delta": 9.048956}}
{"target": -0.04621248883790097, "params": {"bus_acc": 2.64, "bus_dcc": 3.04, "bus_lcAssertive": 97.94, "bus_lcCooperative": 0.16, "bus_lcLookaheadLeft": 90.47, "bus_lcPushy": 0.24, "bus_lcSublane": 0.71, "bus_max_v": 9.91, "bus_tau_mean": 3.91, "bus_tau_std": 7.61, "car_acc": 1.31, "car_dcc": 3.53, "car_lcAssertive": 67.45, "car_lcCooperative": 0.07, "car_lcLookaheadLeft": 85.18, "car_lcPushy": 1.0, "car_lcSublane": 0.77, "car_max_v": 14.56, "car_tau_mean": 2.3, "car_tau_std": 7.17}, "datetime": {"datetime": "2024-08-04 12:05:25", "elapsed": 1799.109987, "delta": 7.496419}}
{"target": -0.04876238122538948, "params": {"bus_acc": 1.96, "bus_dcc": 3.49, "bus_lcAssertive": 71.87, "bus_lcCooperative": 0.64, "bus_lcLookaheadLeft": 82.48, "bus_lcPushy": 0.63, "bus_lcSublane": 0.25, "bus_max_v": 20.18, "bus_tau_mean": 1.29, "bus_tau_std": 8.41, "car_acc": 2.12, "car_dcc": 1.4, "car_lcAssertive": 7.32, "car_lcCooperative": 0.32, "car_lcLookaheadLeft": 84.59, "car_lcPushy": 0.58, "car_lcSublane": 0.54, "car_max_v": 18.19, "car_tau_mean": 3.37, "car_tau_std": 0.92}, "datetime": {"datetime": "2024-08-04 12:05:33", "elapsed": 1807.853834, "delta": 8.743847}}
{"target": -0.049300186911163175, "params": {"bus_acc": 1.73, "bus_dcc": 2.87, "bus_lcAssertive": 45.29, "bus_lcCooperative": 0.87, "bus_lcLookaheadLeft": 52.33, "bus_lcPushy": 0.97, "bus_lcSublane": 0.58, "bus_max_v": 25.33, "bus_tau_mean": 2.77, "bus_tau_std": 3.75, "car_acc": 2.99, "car_dcc": 2.05, "car_lcAssertive": 28.94, "car_lcCooperative": 0.07, "car_lcLookaheadLeft": 98.52, "car_lcPushy": 0.41, "car_lcSublane": 0.01, "car_max_v": 10.3, "car_tau_mean": 3.38, "car_tau_std": 6.83}, "datetime": {"datetime": "2024-08-04 12:05:37", "elapsed": 1811.60403, "delta": 3.750196}}
{"target": -0.04724097410257694, "params": {"bus_acc": 1.92, "bus_dcc": 2.08, "bus_lcAssertive": 53.26, "bus_lcCooperative": 0.6, "bus_lcLookaheadLeft": 61.52, "bus_lcPushy": 0.24, "bus_lcSublane": 0.99, "bus_max_v": 16.35, "bus_tau_mean": 1.99, "bus_tau_std": 5.94, "car_acc": 2.8, "car_dcc": 3.6, "car_lcAssertive": 34.28, "car_lcCooperative": 0.01, "car_lcLookaheadLeft": 33.49, "car_lcPushy": 0.85, "car_lcSublane": 0.2, "car_max_v": 29.92, "car_tau_mean": 1.04, "car_tau_std": 9.53}, "datetime": {"datetime": "2024-08-04 12:05:44", "elapsed": 1818.339262, "delta": 6.735232}}
{"target": -0.048341987216261956, "params": {"bus_acc": 1.91, "bus_dcc": 2.02, "bus_lcAssertive": 80.89, "bus_lcCooperative": 0.79, "bus_lcLookaheadLeft": 16.67, "bus_lcPushy": 0.36, "bus_lcSublane": 0.42, "bus_max_v": 22.06, "bus_tau_mean": 3.07, "bus_tau_std": 0.51, "car_acc": 1.73, "car_dcc": 3.13, "car_lcAssertive": 6.86, "car_lcCooperative": 0.93, "car_lcLookaheadLeft": 51.64, "car_lcPushy": 0.7, "car_lcSublane": 0.19, "car_max_v": 28.36, "car_tau_mean": 3.88, "car_tau_std": 1.4}, "datetime": {"datetime": "2024-08-04 12:05:53", "elapsed": 1827.674861, "delta": 9.335599}}
{"target": -0.05808167873198886, "params": {"bus_acc": 1.83, "bus_dcc": 2.99, "bus_lcAssertive": 52.36, "bus_lcCooperative": 0.42, "bus_lcLookaheadLeft": 98.42, "bus_lcPushy": 0.77, "bus_lcSublane": 0.81, "bus_max_v": 27.9, "bus_tau_mean": 1.79, "bus_tau_std": 1.9, "car_acc": 1.95, "car_dcc": 2.65, "car_lcAssertive": 73.74, "car_lcCooperative": 0.84, "car_lcLookaheadLeft": 73.13, "car_lcPushy": 0.7, "car_lcSublane": 0.98, "car_max_v": 28.81, "car_tau_mean": 2.28, "car_tau_std": 9.25}, "datetime": {"datetime": "2024-08-04 12:06:12", "elapsed": 1846.998364, "delta": 19.323503}}
{"target": -0.05494839010407024, "params": {"bus_acc": 1.78, "bus_dcc": 3.23, "bus_lcAssertive": 21.59, "bus_lcCooperative": 0.63, "bus_lcLookaheadLeft": 9.28, "bus_lcPushy": 0.58, "bus_lcSublane": 0.78, "bus_max_v": 26.95, "bus_tau_mean": 2.33, "bus_tau_std": 0.83, "car_acc": 2.59, "car_dcc": 1.59, "car_lcAssertive": 62.0, "car_lcCooperative": 0.06, "car_lcLookaheadLeft": 47.51, "car_lcPushy": 0.97, "car_lcSublane": 0.08, "car_max_v": 17.88, "car_tau_mean": 3.26, "car_tau_std": 9.57}, "datetime": {"datetime": "2024-08-04 12:06:24", "elapsed": 1858.215324, "delta": 11.21696}}
{"target": -0.054896409303899274, "params": {"bus_acc": 1.99, "bus_dcc": 3.6, "bus_lcAssertive": 40.76, "bus_lcCooperative": 0.65, "bus_lcLookaheadLeft": 70.5, "bus_lcPushy": 0.97, "bus_lcSublane": 0.9, "bus_max_v": 13.02, "bus_tau_mean": 2.82, "bus_tau_std": 5.93, "car_acc": 2.34, "car_dcc": 1.12, "car_lcAssertive": 97.33, "car_lcCooperative": 0.04, "car_lcLookaheadLeft": 26.5, "car_lcPushy": 0.55, "car_lcSublane": 0.75, "car_max_v": 20.48, "car_tau_mean": 1.39, "car_tau_std": 2.74}, "datetime": {"datetime": "2024-08-04 12:06:29", "elapsed": 1863.200997, "delta": 4.985673}}
{"target": -0.04026810550382572, "params": {"bus_acc": 2.56, "bus_dcc": 1.55, "bus_lcAssertive": 8.55, "bus_lcCooperative": 0.56, "bus_lcLookaheadLeft": 61.72, "bus_lcPushy": 0.89, "bus_lcSublane": 0.38, "bus_max_v": 16.74, "bus_tau_mean": 0.85, "bus_tau_std": 5.03, "car_acc": 1.18, "car_dcc": 2.44, "car_lcAssertive": 16.46, "car_lcCooperative": 0.77, "car_lcLookaheadLeft": 5.62, "car_lcPushy": 0.26, "car_lcSublane": 0.85, "car_max_v": 9.54, "car_tau_mean": 3.93, "car_tau_std": 5.1}, "datetime": {"datetime": "2024-08-04 12:06:31", "elapsed": 1865.463105, "delta": 2.262108}}
{"target": -0.041602375273895896, "params": {"bus_acc": 1.63, "bus_dcc": 2.48, "bus_lcAssertive": 95.79, "bus_lcCooperative": 0.08, "bus_lcLookaheadLeft": 64.65, "bus_lcPushy": 0.24, "bus_lcSublane": 0.06, "bus_max_v": 24.98, "bus_tau_mean": 2.27, "bus_tau_std": 3.91, "car_acc": 1.25, "car_dcc": 3.29, "car_lcAssertive": 79.02, "car_lcCooperative": 0.58, "car_lcLookaheadLeft": 48.76, "car_lcPushy": 0.18, "car_lcSublane": 0.18, "car_max_v": 13.78, "car_tau_mean": 2.46, "car_tau_std": 4.31}, "datetime": {"datetime": "2024-08-04 12:06:49", "elapsed": 1883.63696, "delta": 18.173855}}
{"target": -0.05190363445377575, "params": {"bus_acc": 2.75, "bus_dcc": 3.01, "bus_lcAssertive": 74.71, "bus_lcCooperative": 0.77, "bus_lcLookaheadLeft": 69.84, "bus_lcPushy": 0.82, "bus_lcSublane": 0.83, "bus_max_v": 8.68, "bus_tau_mean": 1.69, "bus_tau_std": 2.94, "car_acc": 1.19, "car_dcc": 3.09, "car_lcAssertive": 78.3, "car_lcCooperative": 0.38, "car_lcLookaheadLeft": 44.5, "car_lcPushy": 0.7, "car_lcSublane": 0.71, "car_max_v": 28.28, "car_tau_mean": 1.04, "car_tau_std": 3.06}, "datetime": {"datetime": "2024-08-04 12:06:54", "elapsed": 1888.866418, "delta": 5.229458}}
