{"target": -0.34676236800910654, "params": {"bus_acc": 2.6379, "bus_dcc": 1.0604, "bus_lcAssertive": 69.6284, "bus_lcCooperative": 0.678, "bus_lcLookaheadLeft": 37.3735, "bus_lcPushy": 0.1732, "bus_lcSigma": 0.0326, "bus_lcSpeedGainRight": 2.7768, "bus_lcSublane": 0.9018, "bus_sigma": 0.6824, "bus_tau_mean": 2.3352, "bus_tau_std": 0.4582, "bus_v_mean": 16.0871, "bus_v_std": 16.785, "car_acc": 2.7432, "car_dcc": 1.7633, "car_lcAssertive": 56.4685, "car_lcCooperative": 0.6939, "car_lcLookaheadLeft": 94.8036, "car_lcPushy": 0.4173, "car_lcSigma": 0.2699, "car_lcSpeedGainRight": 0.3349, "car_lcSublane": 0.5478, "car_sigma": 0.8672, "car_tau_mean": 1.5528, "car_tau_std": 3.0305, "car_v_mean": 17.2066, "car_v_std": 13.0495}, "datetime": {"datetime": "2024-08-08 13:30:39", "elapsed": 2627.036059, "delta": 8.583229}}
{"target": -0.32334261085197336, "params": {"bus_acc": 2.3282, "bus_dcc": 1.8667, "bus_lcAssertive": 18.5961, "bus_lcCooperative": 0.5031, "bus_lcLookaheadLeft": 83.2845, "bus_lcPushy": 0.3062, "bus_lcSigma": 0.8449, "bus_lcSpeedGainRight": 1.2825, "bus_lcSublane": 0.344, "bus_sigma": 0.5072, "bus_tau_mean": 1.7628, "bus_tau_std": 0.9221, "bus_v_mean": 13.4935, "bus_v_std": 14.4183, "car_acc": 1.8149, "car_dcc": 1.286, "car_lcAssertive": 89.6924, "car_lcCooperative": 0.0738, "car_lcLookaheadLeft": 79.2753, "car_lcPushy": 0.4256, "car_lcSigma": 0.6585, "car_lcSpeedGainRight": 2.7415, "car_lcSublane": 0.4608, "car_sigma": 0.1441, "car_tau_mean": 1.2953, "car_tau_std": 8.5659, "car_v_mean": 11.1205, "car_v_std": 18.598}, "datetime": {"datetime": "2024-08-08 13:30:43", "elapsed": 2630.627299, "delta": 3.59124}}
{"target": -0.35675346473053904, "params": {"bus_acc": 3.6058, "bus_dcc": 2.4965, "bus_lcAssertive": 37.8334, "bus_lcCooperative": 0.4111, "bus_lcLookaheadLeft": 81.0691, "bus_lcPushy": 0.0938, "bus_lcSigma": 0.8525, "bus_lcSpeedGainRight": 2.6654, "bus_lcSublane": 0.5803, "bus_sigma": 0.185, "bus_tau_mean": 1.6164, "bus_tau_std": 0.7806, "bus_v_mean": 21.1645, "bus_v_std": 3.9826, "car_acc": 3.0766, "car_dcc": 2.1767, "car_lcAssertive": 49.0945, "car_lcCooperative": 0.3315, "car_lcLookaheadLeft": 3.8209, "car_lcPushy": 0.1488, "car_lcSigma": 0.0744, "car_lcSpeedGainRight": 0.8452, "car_lcSublane": 0.0743, "car_sigma": 0.3429, "car_tau_mean": 1.5024, "car_tau_std": 4.6475, "car_v_mean": 19.4652, "car_v_std": 7.8698}, "datetime": {"datetime": "2024-08-08 13:30:45", "elapsed": 2632.602505, "delta": 1.975206}}
{"target": -0.35704816453335114, "params": {"bus_acc": 4.3085, "bus_dcc": 3.7023, "bus_lcAssertive": 67.2507, "bus_lcCooperative": 0.8283, "bus_lcLookaheadLeft": 59.293, "bus_lcPushy": 0.6121, "bus_lcSigma": 0.4149, "bus_lcSpeedGainRight": 3.8568, "bus_lcSublane": 0.8564, "bus_sigma": 0.1096, "bus_tau_mean": 2.7702, "bus_tau_std": 7.6415, "bus_v_mean": 22.1545, "bus_v_std": 4.6868, "car_acc": 2.7222, "car_dcc": 1.9167, "car_lcAssertive": 2.164, "car_lcCooperative": 0.5919, "car_lcLookaheadLeft": 6.3078, "car_lcPushy": 0.5348, "car_lcSigma": 0.6813, "car_lcSpeedGainRight": 2.3278, "car_lcSublane": 0.9667, "car_sigma": 0.9078, "car_tau_mean": 1.4752, "car_tau_std": 0.369, "car_v_mean": 18.7907, "car_v_std": 9.2294}, "datetime": {"datetime": "2024-08-08 13:30:50", "elapsed": 2637.65015, "delta": 5.047645}}
{"target": -0.33359899837712087, "params": {"bus_acc": 3.5925, "bus_dcc": 1.5115, "bus_lcAssertive": 9.8732, "bus_lcCooperative": 0.6098, "bus_lcLookaheadLeft": 47.4017, "bus_lcPushy": 0.6, "bus_lcSigma": 0.488, "bus_lcSpeedGainRight": 4.6435, "bus_lcSublane": 0.8417, "bus_sigma": 0.4998, "bus_tau_mean": 1.7918, "bus_tau_std": 9.1821, "bus_v_mean": 13.4972, "bus_v_std": 9.1343, "car_acc": 3.5451, "car_dcc": 3.405, "car_lcAssertive": 87.7612, "car_lcCooperative": 0.2008, "car_lcLookaheadLeft": 25.7743, "car_lcPushy": 0.552, "car_lcSigma": 0.7669, "car_lcSpeedGainRight": 0.056, "car_lcSublane": 0.6825, "car_sigma": 0.3361, "car_tau_mean": 1.8544, "car_tau_std": 9.7177, "car_v_mean": 15.785, "car_v_std": 18.5741}, "datetime": {"datetime": "2024-08-08 13:30:53", "elapsed": 2641.163074, "delta": 3.512924}}
{"target": -0.35137012381982097, "params": {"bus_acc": 3.1842, "bus_dcc": 3.6891, "bus_lcAssertive": 73.0848, "bus_lcCooperative": 0.1311, "bus_lcLookaheadLeft": 44.0165, "bus_lcPushy": 0.1794, "bus_lcSigma": 0.393, "bus_lcSpeedGainRight": 4.1788, "bus_lcSublane": 0.2696, "bus_sigma": 0.4996, "bus_tau_mean": 3.963, "bus_tau_std": 9.8693, "bus_v_mean": 17.1873, "bus_v_std": 18.1704, "car_acc": 2.857, "car_dcc": 3.0355, "car_lcAssertive": 34.2396, "car_lcCooperative": 0.9002, "car_lcLookaheadLeft": 6.4364, "car_lcPushy": 0.3403, "car_lcSigma": 0.366, "car_lcSpeedGainRight": 3.4518, "car_lcSublane": 0.8892, "car_sigma": 0.3425, "car_tau_mean": 1.7864, "car_tau_std": 5.4599, "car_v_mean": 13.4012, "car_v_std": 4.1294}, "datetime": {"datetime": "2024-08-08 13:30:55", "elapsed": 2643.091176, "delta": 1.928102}}
{"target": -0.3300574578030153, "params": {"bus_acc": 1.4824, "bus_dcc": 2.1905, "bus_lcAssertive": 76.3964, "bus_lcCooperative": 0.1443, "bus_lcLookaheadLeft": 93.3623, "bus_lcPushy": 0.4591, "bus_lcSigma": 0.7423, "bus_lcSpeedGainRight": 1.3135, "bus_lcSublane": 0.4106, "bus_sigma": 0.8672, "bus_tau_mean": 2.3541, "bus_tau_std": 0.0059, "bus_v_mean": 19.3729, "bus_v_std": 13.7331, "car_acc": 4.2905, "car_dcc": 1.5807, "car_lcAssertive": 77.0334, "car_lcCooperative": 0.4925, "car_lcLookaheadLeft": 71.9827, "car_lcPushy": 0.6844, "car_lcSigma": 0.0766, "car_lcSpeedGainRight": 3.7363, "car_lcSublane": 0.3436, "car_sigma": 0.3425, "car_tau_mean": 1.6329, "car_tau_std": 9.8797, "car_v_mean": 21.5664, "car_v_std": 7.3628}, "datetime": {"datetime": "2024-08-08 13:30:59", "elapsed": 2647.217166, "delta": 4.12599}}
{"target": -0.3760705723285369, "params": {"bus_acc": 2.655, "bus_dcc": 3.9702, "bus_lcAssertive": 8.845, "bus_lcCooperative": 0.0184, "bus_lcLookaheadLeft": 33.5656, "bus_lcPushy": 0.4295, "bus_lcSigma": 0.5446, "bus_lcSpeedGainRight": 4.686, "bus_lcSublane": 0.8616, "bus_sigma": 0.8494, "bus_tau_mean": 1.9276, "bus_tau_std": 8.696, "bus_v_mean": 15.2501, "bus_v_std": 1.4117, "car_acc": 1.783, "car_dcc": 1.8993, "car_lcAssertive": 81.0039, "car_lcCooperative": 0.7604, "car_lcLookaheadLeft": 54.1943, "car_lcPushy": 0.5943, "car_lcSigma": 0.119, "car_lcSpeedGainRight": 0.4606, "car_lcSublane": 0.9052, "car_sigma": 0.4446, "car_tau_mean": 3.8778, "car_tau_std": 9.3177, "car_v_mean": 15.9573, "car_v_std": 14.9173}, "datetime": {"datetime": "2024-08-08 13:31:02", "elapsed": 2650.292285, "delta": 3.075119}}
{"target": -0.34717359431864503, "params": {"bus_acc": 3.7438, "bus_dcc": 1.3005, "bus_lcAssertive": 64.9676, "bus_lcCooperative": 0.6213, "bus_lcLookaheadLeft": 88.6044, "bus_lcPushy": 0.4205, "bus_lcSigma": 0.8298, "bus_lcSpeedGainRight": 3.7597, "bus_lcSublane": 0.1383, "bus_sigma": 0.0963, "bus_tau_mean": 3.6833, "bus_tau_std": 6.5879, "bus_v_mean": 9.9234, "bus_v_std": 0.3217, "car_acc": 1.6504, "car_dcc": 3.8187, "car_lcAssertive": 96.1385, "car_lcCooperative": 0.3435, "car_lcLookaheadLeft": 30.9986, "car_lcPushy": 0.102, "car_lcSigma": 0.1698, "car_lcSpeedGainRight": 2.6788, "car_lcSublane": 0.6584, "car_sigma": 0.0135, "car_tau_mean": 1.7632, "car_tau_std": 9.4801, "car_v_mean": 13.4201, "car_v_std": 14.2929}, "datetime": {"datetime": "2024-08-08 13:31:05", "elapsed": 2652.64457, "delta": 2.352285}}
{"target": -0.32607191411595204, "params": {"bus_acc": 2.8557, "bus_dcc": 1.2985, "bus_lcAssertive": 37.3933, "bus_lcCooperative": 0.8078, "bus_lcLookaheadLeft": 25.27, "bus_lcPushy": 0.2375, "bus_lcSigma": 0.3619, "bus_lcSpeedGainRight": 4.5891, "bus_lcSublane": 0.4876, "bus_sigma": 0.5257, "bus_tau_mean": 3.191, "bus_tau_std": 0.0434, "bus_v_mean": 11.2291, "bus_v_std": 8.3235, "car_acc": 4.8371, "car_dcc": 2.4984, "car_lcAssertive": 44.5635, "car_lcCooperative": 0.3165, "car_lcLookaheadLeft": 96.5885, "car_lcPushy": 0.3673, "car_lcSigma": 0.0277, "car_lcSpeedGainRight": 0.0107, "car_lcSublane": 0.1055, "car_sigma": 0.0786, "car_tau_mean": 3.0644, "car_tau_std": 9.2934, "car_v_mean": 15.3098, "car_v_std": 17.2978}, "datetime": {"datetime": "2024-08-08 13:31:06", "elapsed": 2654.385516, "delta": 1.740946}}
{"target": -0.35058274786953747, "params": {"bus_acc": 4.8268, "bus_dcc": 2.3175, "bus_lcAssertive": 59.9265, "bus_lcCooperative": 0.8774, "bus_lcLookaheadLeft": 76.9219, "bus_lcPushy": 0.8009, "bus_lcSigma": 0.0457, "bus_lcSpeedGainRight": 1.7781, "bus_lcSublane": 0.2047, "bus_sigma": 0.0854, "bus_tau_mean": 3.707, "bus_tau_std": 6.7379, "bus_v_mean": 16.7235, "bus_v_std": 0.6139, "car_acc": 4.8518, "car_dcc": 3.3826, "car_lcAssertive": 31.6479, "car_lcCooperative": 0.7961, "car_lcLookaheadLeft": 4.6383, "car_lcPushy": 0.7862, "car_lcSigma": 0.1116, "car_lcSpeedGainRight": 2.4551, "car_lcSublane": 0.9262, "car_sigma": 0.3717, "car_tau_mean": 2.9105, "car_tau_std": 2.0637, "car_v_mean": 8.6443, "car_v_std": 17.6689}, "datetime": {"datetime": "2024-08-08 13:31:10", "elapsed": 2657.657016, "delta": 3.2715}}
{"target": -0.3385505893924789, "params": {"bus_acc": 1.2696, "bus_dcc": 2.341, "bus_lcAssertive": 20.1135, "bus_lcCooperative": 0.5975, "bus_lcLookaheadLeft": 62.7987, "bus_lcPushy": 0.0053, "bus_lcSigma": 0.2265, "bus_lcSpeedGainRight": 2.6012, "bus_lcSublane": 0.3029, "bus_sigma": 0.7918, "bus_tau_mean": 3.7456, "bus_tau_std": 3.0438, "bus_v_mean": 17.0001, "bus_v_std": 15.5468, "car_acc": 2.4234, "car_dcc": 1.8931, "car_lcAssertive": 83.3132, "car_lcCooperative": 0.7071, "car_lcLookaheadLeft": 59.8637, "car_lcPushy": 0.8581, "car_lcSigma": 0.4049, "car_lcSpeedGainRight": 4.0778, "car_lcSublane": 0.4962, "car_sigma": 0.4242, "car_tau_mean": 2.7607, "car_tau_std": 2.9884, "car_v_mean": 15.8443, "car_v_std": 11.4679}, "datetime": {"datetime": "2024-08-08 13:31:12", "elapsed": 2659.55396, "delta": 1.896944}}
{"target": -0.3706773944677127, "params": {"bus_acc": 3.4305, "bus_dcc": 1.5747, "bus_lcAssertive": 36.4326, "bus_lcCooperative": 0.8496, "bus_lcLookaheadLeft": 3.4823, "bus_lcPushy": 0.349, "bus_lcSigma": 0.2584, "bus_lcSpeedGainRight": 3.2339, "bus_lcSublane": 0.4218, "bus_sigma": 0.1655, "bus_tau_mean": 1.6183, "bus_tau_std": 6.9036, "bus_v_mean": 20.7692, "bus_v_std": 15.7575, "car_acc": 1.765, "car_dcc": 2.7332, "car_lcAssertive": 71.6837, "car_lcCooperative": 0.7252, "car_lcLookaheadLeft": 18.6341, "car_lcPushy": 0.9834, "car_lcSigma": 0.576, "car_lcSpeedGainRight": 1.3428, "car_lcSublane": 0.847, "car_sigma": 0.7367, "car_tau_mean": 1.6932, "car_tau_std": 9.399, "car_v_mean": 9.8315, "car_v_std": 5.6568}, "datetime": {"datetime": "2024-08-08 13:31:14", "elapsed": 2662.35368, "delta": 2.79972}}
{"target": -0.31008197919717717, "params": {"bus_acc": 1.2475, "bus_dcc": 1.5635, "bus_lcAssertive": 30.3353, "bus_lcCooperative": 0.5704, "bus_lcLookaheadLeft": 89.788, "bus_lcPushy": 0.7633, "bus_lcSigma": 0.4303, "bus_lcSpeedGainRight": 2.562, "bus_lcSublane": 0.7297, "bus_sigma": 0.4295, "bus_tau_mean": 3.7879, "bus_tau_std": 2.5706, "bus_v_mean": 9.3912, "bus_v_std": 2.4391, "car_acc": 4.2268, "car_dcc": 1.6753, "car_lcAssertive": 48.7583, "car_lcCooperative": 0.7706, "car_lcLookaheadLeft": 38.3009, "car_lcPushy": 0.4007, "car_lcSigma": 0.6731, "car_lcSpeedGainRight": 1.6511, "car_lcSublane": 0.3741, "car_sigma": 0.7825, "car_tau_mean": 3.9445, "car_tau_std": 2.8438, "car_v_mean": 21.4221, "car_v_std": 19.8936}, "datetime": {"datetime": "2024-08-08 13:31:18", "elapsed": 2665.824258, "delta": 3.470578}}
{"target": -0.39158833398427684, "params": {"bus_acc": 1.1139, "bus_dcc": 3.8729, "bus_lcAssertive": 66.2199, "bus_lcCooperative": 0.6161, "bus_lcLookaheadLeft": 92.5265, "bus_lcPushy": 0.9711, "bus_lcSigma": 0.2391, "bus_lcSpeedGainRight": 0.9776, "bus_lcSublane": 0.4999, "bus_sigma": 0.641, "bus_tau_mean": 1.6027, "bus_tau_std": 9.2112, "bus_v_mean": 12.8628, "bus_v_std": 15.5723, "car_acc": 1.5847, "car_dcc": 1.418, "car_lcAssertive": 42.1439, "car_lcCooperative": 0.3388, "car_lcLookaheadLeft": 78.8352, "car_lcPushy": 0.8235, "car_lcSigma": 0.6101, "car_lcSpeedGainRight": 0.2115, "car_lcSublane": 0.3969, "car_sigma": 0.8274, "car_tau_mean": 2.2834, "car_tau_std": 5.2019, "car_v_mean": 8.9652, "car_v_std": 3.7275}, "datetime": {"datetime": "2024-08-08 13:31:20", "elapsed": 2667.864899, "delta": 2.040641}}
{"target": -0.344981080274324, "params": {"bus_acc": 1.1673, "bus_dcc": 3.2832, "bus_lcAssertive": 41.8195, "bus_lcCooperative": 0.3203, "bus_lcLookaheadLeft": 13.1464, "bus_lcPushy": 0.5685, "bus_lcSigma": 0.8361, "bus_lcSpeedGainRight": 0.0818, "bus_lcSublane": 0.1098, "bus_sigma": 0.6043, "bus_tau_mean": 3.5536, "bus_tau_std": 4.3369, "bus_v_mean": 10.3702, "bus_v_std": 14.6269, "car_acc": 3.5832, "car_dcc": 3.5304, "car_lcAssertive": 90.0237, "car_lcCooperative": 0.425, "car_lcLookaheadLeft": 61.1038, "car_lcPushy": 0.6687, "car_lcSigma": 0.4483, "car_lcSpeedGainRight": 2.4612, "car_lcSublane": 0.4783, "car_sigma": 0.3841, "car_tau_mean": 1.081, "car_tau_std": 4.6864, "car_v_mean": 12.8732, "car_v_std": 14.4993}, "datetime": {"datetime": "2024-08-08 13:31:21", "elapsed": 2668.941221, "delta": 1.076322}}
{"target": -0.38939911706214514, "params": {"bus_acc": 2.0655, "bus_dcc": 1.5107, "bus_lcAssertive": 59.6815, "bus_lcCooperative": 0.713, "bus_lcLookaheadLeft": 87.6797, "bus_lcPushy": 0.8034, "bus_lcSigma": 0.8633, "bus_lcSpeedGainRight": 4.9626, "bus_lcSublane": 0.2019, "bus_sigma": 0.3527, "bus_tau_mean": 2.2889, "bus_tau_std": 5.8642, "bus_v_mean": 14.8978, "bus_v_std": 5.8435, "car_acc": 1.1931, "car_dcc": 3.1938, "car_lcAssertive": 84.8453, "car_lcCooperative": 0.4387, "car_lcLookaheadLeft": 57.7783, "car_lcPushy": 0.8604, "car_lcSigma": 0.1056, "car_lcSpeedGainRight": 3.8155, "car_lcSublane": 0.0536, "car_sigma": 0.9969, "car_tau_mean": 3.4279, "car_tau_std": 1.3532, "car_v_mean": 12.4443, "car_v_std": 15.1642}, "datetime": {"datetime": "2024-08-08 13:31:24", "elapsed": 2672.129925, "delta": 3.188704}}
{"target": -0.337151967679617, "params": {"bus_acc": 4.3113, "bus_dcc": 2.3522, "bus_lcAssertive": 9.8453, "bus_lcCooperative": 0.1762, "bus_lcLookaheadLeft": 88.9501, "bus_lcPushy": 0.9976, "bus_lcSigma": 0.8644, "bus_lcSpeedGainRight": 1.8751, "bus_lcSublane": 0.4265, "bus_sigma": 0.3647, "bus_tau_mean": 2.2821, "bus_tau_std": 4.2733, "bus_v_mean": 9.4127, "bus_v_std": 8.6556, "car_acc": 4.1335, "car_dcc": 1.938, "car_lcAssertive": 39.9215, "car_lcCooperative": 0.0366, "car_lcLookaheadLeft": 65.5907, "car_lcPushy": 0.4481, "car_lcSigma": 0.8928, "car_lcSpeedGainRight": 1.998, "car_lcSublane": 0.0546, "car_sigma": 0.5984, "car_tau_mean": 2.3505, "car_tau_std": 4.8755, "car_v_mean": 8.9446, "car_v_std": 18.5626}, "datetime": {"datetime": "2024-08-08 13:31:26", "elapsed": 2674.363943, "delta": 2.234018}}
{"target": -0.4380080393005089, "params": {"bus_acc": 4.8137, "bus_dcc": 1.5879, "bus_lcAssertive": 63.5044, "bus_lcCooperative": 0.0117, "bus_lcLookaheadLeft": 17.2205, "bus_lcPushy": 0.4119, "bus_lcSigma": 0.7201, "bus_lcSpeedGainRight": 3.4426, "bus_lcSublane": 0.1391, "bus_sigma": 0.4955, "bus_tau_mean": 3.853, "bus_tau_std": 6.1843, "bus_v_mean": 17.9681, "bus_v_std": 16.4897, "car_acc": 4.0394, "car_dcc": 1.6199, "car_lcAssertive": 77.6864, "car_lcCooperative": 0.3393, "car_lcLookaheadLeft": 77.7238, "car_lcPushy": 0.782, "car_lcSigma": 0.4584, "car_lcSpeedGainRight": 4.3992, "car_lcSublane": 0.8686, "car_sigma": 0.1822, "car_tau_mean": 3.2055, "car_tau_std": 3.034, "car_v_mean": 23.49, "car_v_std": 4.1257}, "datetime": {"datetime": "2024-08-08 13:31:28", "elapsed": 2676.337147, "delta": 1.973204}}
{"target": -0.36797135178315943, "params": {"bus_acc": 3.7561, "bus_dcc": 1.6043, "bus_lcAssertive": 34.3074, "bus_lcCooperative": 0.8617, "bus_lcLookaheadLeft": 32.3454, "bus_lcPushy": 0.2837, "bus_lcSigma": 0.5543, "bus_lcSpeedGainRight": 3.3725, "bus_lcSublane": 0.0921, "bus_sigma": 0.8876, "bus_tau_mean": 1.3323, "bus_tau_std": 1.4782, "bus_v_mean": 15.2949, "bus_v_std": 11.6128, "car_acc": 2.5536, "car_dcc": 3.599, "car_lcAssertive": 54.7716, "car_lcCooperative": 0.4251, "car_lcLookaheadLeft": 96.9515, "car_lcPushy": 0.2015, "car_lcSigma": 0.7775, "car_lcSpeedGainRight": 2.8525, "car_lcSublane": 0.6615, "car_sigma": 0.0077, "car_tau_mean": 3.8858, "car_tau_std": 0.3798, "car_v_mean": 12.9309, "car_v_std": 9.7536}, "datetime": {"datetime": "2024-08-08 13:31:33", "elapsed": 2680.824914, "delta": 4.487767}}
{"target": -0.3426883657548363, "params": {"bus_acc": 4.5173, "bus_dcc": 1.5326, "bus_lcAssertive": 48.3634, "bus_lcCooperative": 0.2354, "bus_lcLookaheadLeft": 61.8866, "bus_lcPushy": 0.9436, "bus_lcSigma": 0.6629, "bus_lcSpeedGainRight": 3.145, "bus_lcSublane": 0.3676, "bus_sigma": 0.2916, "bus_tau_mean": 3.0826, "bus_tau_std": 6.7065, "bus_v_mean": 23.8204, "bus_v_std": 19.9223, "car_acc": 3.9675, "car_dcc": 3.42, "car_lcAssertive": 52.0961, "car_lcCooperative": 0.776, "car_lcLookaheadLeft": 26.507, "car_lcPushy": 0.8442, "car_lcSigma": 0.1463, "car_lcSpeedGainRight": 4.3972, "car_lcSublane": 0.977, "car_sigma": 0.0201, "car_tau_mean": 3.6021, "car_tau_std": 9.8008, "car_v_mean": 21.1738, "car_v_std": 13.657}, "datetime": {"datetime": "2024-08-08 13:31:38", "elapsed": 2685.789518, "delta": 4.964604}}
{"target": -0.3250834820058942, "params": {"bus_acc": 3.2802, "bus_dcc": 3.5537, "bus_lcAssertive": 45.1091, "bus_lcCooperative": 0.1271, "bus_lcLookaheadLeft": 4.8429, "bus_lcPushy": 0.4535, "bus_lcSigma": 0.1995, "bus_lcSpeedGainRight": 2.4506, "bus_lcSublane": 0.5544, "bus_sigma": 0.2867, "bus_tau_mean": 3.5006, "bus_tau_std": 9.7897, "bus_v_mean": 10.094, "bus_v_std": 0.1053, "car_acc": 4.2817, "car_dcc": 1.2002, "car_lcAssertive": 19.5028, "car_lcCooperative": 0.5056, "car_lcLookaheadLeft": 93.0467, "car_lcPushy": 0.2467, "car_lcSigma": 0.893, "car_lcSpeedGainRight": 0.6251, "car_lcSublane": 0.3661, "car_sigma": 0.1448, "car_tau_mean": 3.7218, "car_tau_std": 1.6887, "car_v_mean": 13.6258, "car_v_std": 5.7713}, "datetime": {"datetime": "2024-08-08 13:31:39", "elapsed": 2687.478268, "delta": 1.68875}}
{"target": -0.3837456417762374, "params": {"bus_acc": 2.4869, "bus_dcc": 1.0716, "bus_lcAssertive": 9.9799, "bus_lcCooperative": 0.6814, "bus_lcLookaheadLeft": 12.9751, "bus_lcPushy": 0.8602, "bus_lcSigma": 0.5876, "bus_lcSpeedGainRight": 2.2268, "bus_lcSublane": 0.8677, "bus_sigma": 0.4119, "bus_tau_mean": 3.564, "bus_tau_std": 5.2468, "bus_v_mean": 13.8559, "bus_v_std": 13.413, "car_acc": 1.0147, "car_dcc": 2.6463, "car_lcAssertive": 54.7728, "car_lcCooperative": 0.268, "car_lcLookaheadLeft": 53.2268, "car_lcPushy": 0.3403, "car_lcSigma": 0.3493, "car_lcSpeedGainRight": 1.4902, "car_lcSublane": 0.9044, "car_sigma": 0.223, "car_tau_mean": 1.8863, "car_tau_std": 6.8194, "car_v_mean": 18.141, "car_v_std": 4.2899}, "datetime": {"datetime": "2024-08-08 13:31:42", "elapsed": 2690.11348, "delta": 2.635212}}
{"target": -0.3434306092404012, "params": {"bus_acc": 4.3954, "bus_dcc": 3.1272, "bus_lcAssertive": 15.9836, "bus_lcCooperative": 0.9657, "bus_lcLookaheadLeft": 90.023, "bus_lcPushy": 0.4221, "bus_lcSigma": 0.7147, "bus_lcSpeedGainRight": 1.156, "bus_lcSublane": 0.9899, "bus_sigma": 0.358, "bus_tau_mean": 3.5434, "bus_tau_std": 9.6252, "bus_v_mean": 16.4325, "bus_v_std": 14.3867, "car_acc": 3.8079, "car_dcc": 3.9474, "car_lcAssertive": 33.4312, "car_lcCooperative": 0.5814, "car_lcLookaheadLeft": 33.988, "car_lcPushy": 0.6001, "car_lcSigma": 0.568, "car_lcSpeedGainRight": 0.6879, "car_lcSublane": 0.8834, "car_sigma": 0.1489, "car_tau_mean": 0.5597, "car_tau_std": 3.8594, "car_v_mean": 19.3683, "car_v_std": 18.311}, "datetime": {"datetime": "2024-08-08 13:31:44", "elapsed": 2691.538514, "delta": 1.425034}}
{"target": -0.3743412864371106, "params": {"bus_acc": 2.7021, "bus_dcc": 2.4302, "bus_lcAssertive": 79.5032, "bus_lcCooperative": 0.5578, "bus_lcLookaheadLeft": 13.8297, "bus_lcPushy": 0.1599, "bus_lcSigma": 0.1077, "bus_lcSpeedGainRight": 1.6334, "bus_lcSublane": 0.2531, "bus_sigma": 0.9752, "bus_tau_mean": 2.4248, "bus_tau_std": 4.8911, "bus_v_mean": 17.8134, "bus_v_std": 2.267, "car_acc": 1.6955, "car_dcc": 3.5043, "car_lcAssertive": 24.5704, "car_lcCooperative": 0.1323, "car_lcLookaheadLeft": 93.5171, "car_lcPushy": 0.5614, "car_lcSigma": 0.9943, "car_lcSpeedGainRight": 3.8149, "car_lcSublane": 0.8083, "car_sigma": 0.6727, "car_tau_mean": 1.9938, "car_tau_std": 3.4439, "car_v_mean": 13.1663, "car_v_std": 15.9027}, "datetime": {"datetime": "2024-08-08 13:31:49", "elapsed": 2697.207263, "delta": 5.668749}}
{"target": -0.34060934830692025, "params": {"bus_acc": 1.8522, "bus_dcc": 1.9162, "bus_lcAssertive": 88.9755, "bus_lcCooperative": 0.9253, "bus_lcLookaheadLeft": 3.5003, "bus_lcPushy": 0.1681, "bus_lcSigma": 0.1451, "bus_lcSpeedGainRight": 4.7725, "bus_lcSublane": 0.526, "bus_sigma": 0.5988, "bus_tau_mean": 1.5106, "bus_tau_std": 3.3887, "bus_v_mean": 9.4168, "bus_v_std": 18.9143, "car_acc": 2.7417, "car_dcc": 1.9427, "car_lcAssertive": 32.1244, "car_lcCooperative": 0.9994, "car_lcLookaheadLeft": 70.0836, "car_lcPushy": 0.3386, "car_lcSigma": 0.6026, "car_lcSpeedGainRight": 2.7347, "car_lcSublane": 0.9127, "car_sigma": 0.8512, "car_tau_mean": 1.615, "car_tau_std": 7.3343, "car_v_mean": 22.304, "car_v_std": 18.4719}, "datetime": {"datetime": "2024-08-08 13:31:53", "elapsed": 2700.698012, "delta": 3.490749}}
