{"target": -0.04197941533718142, "params": {"bus_acc": 2.7666121824116194, "bus_dcc": 2.8710166211668264, "bus_lcAssertive": 75.34330096870639, "bus_lcCooperative": 0.34889834197784253, "bus_lcLookaheadLeft": 28.452933392972554, "bus_lcPushy": 0.8958862181960668, "bus_lcSublane": 0.4280911898712949, "bus_max_v": 24.29680094296771, "bus_tau_mean": 2.822045242364568, "bus_tau_std": 6.216957202091217, "car_acc": 1.2294919459067504, "car_dcc": 3.848467776121214, "car_lcAssertive": 45.541301214514114, "car_lcCooperative": 0.5783896143871318, "car_lcLookaheadLeft": 41.99740667060556, "car_lcPushy": 0.2370269802430277, "car_lcSublane": 0.9033795205622538, "car_max_v": 16.473589733445717, "car_tau_mean": 0.5100461446090564, "car_tau_std": 6.171449136207238}, "datetime": {"datetime": "2024-08-03 21:33:03", "elapsed": 216.036759, "delta": 0.305506}}
{"target": -0.053894478216984155, "params": {"bus_acc": 1.238914100667458, "bus_dcc": 3.437831764098486, "bus_lcAssertive": 15.532444968307074, "bus_lcCooperative": 0.2642974827269007, "bus_lcLookaheadLeft": 82.27073950608602, "bus_lcPushy": 0.31058725179421, "bus_lcSublane": 0.9824174492929428, "bus_max_v": 10.332774043032703, "bus_tau_mean": 2.3677867073992402, "bus_tau_std": 3.1446701118584963, "car_acc": 2.821545662347675, "car_dcc": 2.099669931553703, "car_lcAssertive": 43.92564040004329, "car_lcCooperative": 0.5122926922783614, "car_lcLookaheadLeft": 94.01087478223191, "car_lcPushy": 0.030949006271150714, "car_lcSublane": 0.7168786636316892, "car_max_v": 22.820379085846778, "car_tau_mean": 0.5955052823111409, "car_tau_std": 5.220512472525107}, "datetime": {"datetime": "2024-08-03 21:33:04", "elapsed": 216.759074, "delta": 0.722315}}
{"target": -0.05291521044371964, "params": {"bus_acc": 2.9606657702746553, "bus_dcc": 1.6671495805935272, "bus_lcAssertive": 47.160380942490775, "bus_lcCooperative": 0.8956418025994466, "bus_lcLookaheadLeft": 60.940474150481236, "bus_lcPushy": 0.725958845848815, "bus_lcSublane": 0.41367016420136027, "bus_max_v": 18.686192436626396, "bus_tau_mean": 3.8111926044664712, "bus_tau_std": 2.0018606573932205, "car_acc": 2.6147305277546407, "car_dcc": 3.9086140362996895, "car_lcAssertive": 2.4423044445698414, "car_lcCooperative": 0.21520958659442757, "car_lcLookaheadLeft": 13.502938190686715, "car_lcPushy": 0.7674235177414532, "car_lcSublane": 0.08121658594273329, "car_max_v": 24.968271171818152, "car_tau_mean": 1.8636420555775681, "car_tau_std": 9.052027659330404}, "datetime": {"datetime": "2024-08-03 21:33:07", "elapsed": 220.096336, "delta": 3.337262}}
{"target": -0.049477375240430534, "params": {"bus_acc": 1.984143602987117, "bus_dcc": 3.190273633270313, "bus_lcAssertive": 47.39420593186481, "bus_lcCooperative": 0.4574049160894317, "bus_lcLookaheadLeft": 15.49094861266911, "bus_lcPushy": 0.01088873380347899, "bus_lcSublane": 0.7582782604769962, "bus_max_v": 11.399056761553567, "bus_tau_mean": 3.9453420756772877, "bus_tau_std": 2.2023422615915598, "car_acc": 1.6774160509633593, "car_dcc": 2.571688406998395, "car_lcAssertive": 75.73425424899274, "car_lcCooperative": 0.46385778390029564, "car_lcLookaheadLeft": 14.232609224944277, "car_lcPushy": 0.3125013784920495, "car_lcSublane": 0.5045191697009946, "car_max_v": 18.476980160337355, "car_tau_mean": 3.1955248470923223, "car_tau_std": 1.3033578095435427}, "datetime": {"datetime": "2024-08-03 21:33:10", "elapsed": 222.475185, "delta": 2.378849}}
{"target": -0.044126273501540796, "params": {"bus_acc": 2.040627271726633, "bus_dcc": 3.485404444256414, "bus_lcAssertive": 51.07215929219678, "bus_lcCooperative": 0.8248585623852319, "bus_lcLookaheadLeft": 29.620818638037807, "bus_lcPushy": 0.17849483297748825, "bus_lcSublane": 0.969870570344714, "bus_max_v": 19.838790509121537, "bus_tau_mean": 1.4092709265654508, "bus_tau_std": 5.812353422911717, "car_acc": 2.9105245070763734, "car_dcc": 1.2422617234362363, "car_lcAssertive": 9.269886499112367, "car_lcCooperative": 0.6191348314199072, "car_lcLookaheadLeft": 24.000360925923857, "car_lcPushy": 0.7651839567335081, "car_lcSublane": 0.5681525429491051, "car_max_v": 18.323761804469903, "car_tau_mean": 0.8773486527810734, "car_tau_std": 0.8428305143655679}, "datetime": {"datetime": "2024-08-03 21:33:10", "elapsed": 223.173434, "delta": 0.698249}}
{"target": -0.048578600203093215, "params": {"bus_acc": 1.8838085614968467, "bus_dcc": 2.744732222032874, "bus_lcAssertive": 98.98541905870682, "bus_lcCooperative": 0.20390622523312185, "bus_lcLookaheadLeft": 26.277824372710775, "bus_lcPushy": 0.26217308377291193, "bus_lcSublane": 0.7501724132979928, "bus_max_v": 14.139506548713856, "bus_tau_mean": 0.6992530344388325, "bus_tau_std": 5.085162406102396, "car_acc": 1.423920329287352, "car_dcc": 3.3958127342806304, "car_lcAssertive": 30.43580676921995, "car_lcCooperative": 0.02760601195450363, "car_lcLookaheadLeft": 60.15638004753286, "car_lcPushy": 0.8438404289311888, "car_lcSublane": 0.3810161240622142, "car_max_v": 19.997166214522867, "car_tau_mean": 2.2889951740399486, "car_tau_std": 5.409518049621886}, "datetime": {"datetime": "2024-08-03 21:33:16", "elapsed": 229.196109, "delta": 6.022675}}
{"target": -0.053195369971126914, "params": {"bus_acc": 2.1539556929550034, "bus_dcc": 3.626166215352061, "bus_lcAssertive": 61.24797826038231, "bus_lcCooperative": 0.2516595841523237, "bus_lcLookaheadLeft": 31.02073250259863, "bus_lcPushy": 0.5329225590316532, "bus_lcSublane": 0.9620782128470935, "bus_max_v": 8.689912089803553, "bus_tau_mean": 2.2846443235008813, "bus_tau_std": 3.437881034368444, "car_acc": 2.5394506899143714, "car_dcc": 3.408599459297272, "car_lcAssertive": 43.031431119919446, "car_lcCooperative": 0.20412249999433585, "car_lcLookaheadLeft": 8.574767112227821, "car_lcPushy": 0.1986482644205615, "car_lcSublane": 0.2724008501293822, "car_max_v": 16.975778358184208, "car_tau_mean": 3.5557922404605247, "car_tau_std": 1.282309388454863}, "datetime": {"datetime": "2024-08-03 21:33:17", "elapsed": 230.063671, "delta": 0.867562}}
{"target": -0.04962730131279034, "params": {"bus_acc": 2.30201521861699, "bus_dcc": 2.1134415533881885, "bus_lcAssertive": 30.187267074159404, "bus_lcCooperative": 0.9117631736977988, "bus_lcLookaheadLeft": 94.36488967416834, "bus_lcPushy": 0.6135500265601355, "bus_lcSublane": 0.21446778083069262, "bus_max_v": 23.788377418123186, "bus_tau_mean": 3.1265874135316345, "bus_tau_std": 7.510898073228061, "car_acc": 1.4234426696969724, "car_dcc": 3.490469578486898, "car_lcAssertive": 24.769420261959798, "car_lcCooperative": 0.6316207452501602, "car_lcLookaheadLeft": 71.65247785015946, "car_lcPushy": 0.7423834297071017, "car_lcSublane": 0.39026470459958096, "car_max_v": 20.19650793432195, "car_tau_mean": 3.6602756574259847, "car_tau_std": 5.874200192375769}, "datetime": {"datetime": "2024-08-03 21:33:26", "elapsed": 239.06828, "delta": 9.004609}}
{"target": -0.04844231604165352, "params": {"bus_acc": 1.1763772911430201, "bus_dcc": 3.051131007464914, "bus_lcAssertive": 12.919686808914616, "bus_lcCooperative": 0.010699003144174157, "bus_lcLookaheadLeft": 56.61228654734155, "bus_lcPushy": 0.9071090552203707, "bus_lcSublane": 0.8604566673368852, "bus_max_v": 11.769027682365001, "bus_tau_mean": 0.5950559026405178, "bus_tau_std": 8.008593551300331, "car_acc": 2.611969864579332, "car_dcc": 3.6054643489083165, "car_lcAssertive": 67.29501338767777, "car_lcCooperative": 0.8077788623150765, "car_lcLookaheadLeft": 89.95483166567638, "car_lcPushy": 0.4538299504900123, "car_lcSublane": 0.5578253037149105, "car_max_v": 15.122622576564694, "car_tau_mean": 2.9219436658347657, "car_tau_std": 6.829068676298748}, "datetime": {"datetime": "2024-08-03 21:33:29", "elapsed": 241.674889, "delta": 2.606609}}
{"target": -0.05077965240230289, "params": {"bus_acc": 1.1808194313895972, "bus_dcc": 1.386927952426828, "bus_lcAssertive": 11.420990139615903, "bus_lcCooperative": 0.17272746332288003, "bus_lcLookaheadLeft": 14.390227248389131, "bus_lcPushy": 0.7783008900676276, "bus_lcSublane": 0.039411512184444275, "bus_max_v": 9.83116834681728, "bus_tau_mean": 3.576732404754629, "bus_tau_std": 9.735188608362936, "car_acc": 2.2108440154540965, "car_dcc": 3.9287147936811655, "car_lcAssertive": 5.301702629782701, "car_lcCooperative": 0.9485727683760076, "car_lcLookaheadLeft": 32.507016080704375, "car_lcPushy": 0.798972840361593, "car_lcSublane": 0.8106291034469015, "car_max_v": 22.1999718316069, "car_tau_mean": 2.104927838158754, "car_tau_std": 9.306443921654484}, "datetime": {"datetime": "2024-08-03 21:33:32", "elapsed": 244.554559, "delta": 2.87967}}
{"target": -0.05262555703833426, "params": {"bus_acc": 1.6933897627171564, "bus_dcc": 2.0609433612010153, "bus_lcAssertive": 26.130049352371532, "bus_lcCooperative": 0.9110179736986265, "bus_lcLookaheadLeft": 73.11296945849716, "bus_lcPushy": 0.025925792784269874, "bus_lcSublane": 0.46152125324711457, "bus_max_v": 10.626025450736227, "bus_tau_mean": 0.6013816516226447, "bus_tau_std": 8.846818943092945, "car_acc": 2.5420107159093646, "car_dcc": 1.989205237732783, "car_lcAssertive": 79.85930016613439, "car_lcCooperative": 0.3246383222029966, "car_lcLookaheadLeft": 32.17247949412938, "car_lcPushy": 0.9281090785007262, "car_lcSublane": 0.9769161619458502, "car_max_v": 15.471106094337856, "car_tau_mean": 3.8317730864877375, "car_tau_std": 8.879964939264646}, "datetime": {"datetime": "2024-08-03 21:33:33", "elapsed": 245.75444, "delta": 1.199881}}
{"target": -0.048726952274233126, "params": {"bus_acc": 1.8316974365350547, "bus_dcc": 2.8500552014657083, "bus_lcAssertive": 24.132947784685754, "bus_lcCooperative": 0.10196725942579743, "bus_lcLookaheadLeft": 52.55398766291592, "bus_lcPushy": 0.47714098704978236, "bus_lcSublane": 0.15267164409316325, "bus_max_v": 17.43612463480831, "bus_tau_mean": 2.4040354158487833, "bus_tau_std": 6.541373469707443, "car_acc": 1.2890910802493196, "car_dcc": 3.2545834514057317, "car_lcAssertive": 22.982864840192345, "car_lcCooperative": 0.519351824366033, "car_lcLookaheadLeft": 78.95901076571866, "car_lcPushy": 0.02233042799180618, "car_lcSublane": 0.3243624597261865, "car_max_v": 22.45844752800222, "car_tau_mean": 3.4564836266072434, "car_tau_std": 5.384405925945437}, "datetime": {"datetime": "2024-08-03 21:33:35", "elapsed": 247.676169, "delta": 1.921729}}
{"target": -0.04292103124801431, "params": {"bus_acc": 1.3015687967443852, "bus_dcc": 2.108199776835719, "bus_lcAssertive": 15.07990405420588, "bus_lcCooperative": 0.7268937533445626, "bus_lcLookaheadLeft": 48.74727345142179, "bus_lcPushy": 0.44887883670676554, "bus_lcSublane": 0.8859979711653513, "bus_max_v": 15.552375446231228, "bus_tau_mean": 1.9318179117090097, "bus_tau_std": 2.6889202221264585, "car_acc": 1.14402407033954, "car_dcc": 2.2544084011759473, "car_lcAssertive": 3.5495947582517537, "car_lcCooperative": 0.29115394055242805, "car_lcLookaheadLeft": 51.34393196514286, "car_lcPushy": 0.9659330650197223, "car_lcSublane": 0.10938291419358459, "car_max_v": 18.460821084332437, "car_tau_mean": 2.2497632988472, "car_tau_std": 7.77098229275783}, "datetime": {"datetime": "2024-08-03 21:33:36", "elapsed": 249.368422, "delta": 1.692253}}
{"target": -0.10698990046646704, "params": {"bus_acc": 1.491037360373015, "bus_dcc": 3.7330577189709047, "bus_lcAssertive": 5.309892112018772, "bus_lcCooperative": 0.9507534280610023, "bus_lcLookaheadLeft": 56.52787773575068, "bus_lcPushy": 0.3763632166870875, "bus_lcSublane": 0.9950523223391111, "bus_max_v": 6.167252922952633, "bus_tau_mean": 2.3084722591866425, "bus_tau_std": 0.3109707545554785, "car_acc": 2.1423514783724666, "car_dcc": 1.5414055269853466, "car_lcAssertive": 63.46496083361352, "car_lcCooperative": 0.9809236757505815, "car_lcLookaheadLeft": 87.74045001881333, "car_lcPushy": 0.45183624942087064, "car_lcSublane": 0.7084608700517172, "car_max_v": 20.549375000063783, "car_tau_mean": 2.2319507946389727, "car_tau_std": 5.285334901775651}, "datetime": {"datetime": "2024-08-03 21:33:38", "elapsed": 250.648625, "delta": 1.280203}}
{"target": -0.04712002067131981, "params": {"bus_acc": 2.629238362523311, "bus_dcc": 1.1623409809719996, "bus_lcAssertive": 13.920556462587331, "bus_lcCooperative": 0.8424458099564136, "bus_lcLookaheadLeft": 62.597895194132775, "bus_lcPushy": 0.531287810481058, "bus_lcSublane": 0.2482907289970986, "bus_max_v": 10.901571504989917, "bus_tau_mean": 3.554401577218117, "bus_tau_std": 4.2166593484970925, "car_acc": 1.1288605111592136, "car_dcc": 3.6909552085227473, "car_lcAssertive": 21.134702449581056, "car_lcCooperative": 0.8262275354923914, "car_lcLookaheadLeft": 88.41352106211511, "car_lcPushy": 0.48675074481833813, "car_lcSublane": 0.5984646931046363, "car_max_v": 15.545349129708338, "car_tau_mean": 2.6868745296492467, "car_tau_std": 8.550417213473514}, "datetime": {"datetime": "2024-08-03 21:33:40", "elapsed": 253.016257, "delta": 2.367632}}
{"target": -0.051791676530962776, "params": {"bus_acc": 2.4834096004631108, "bus_dcc": 2.8450471749131463, "bus_lcAssertive": 67.56869879445865, "bus_lcCooperative": 0.00838307952503159, "bus_lcLookaheadLeft": 68.48094328062935, "bus_lcPushy": 0.503180690542887, "bus_lcSublane": 0.23090845048417918, "bus_max_v": 8.497930179638445, "bus_tau_mean": 1.1474403794279044, "bus_tau_std": 8.442600050750984, "car_acc": 2.9651795786101705, "car_dcc": 3.741218874524895, "car_lcAssertive": 35.38957261690847, "car_lcCooperative": 0.7802245796913637, "car_lcLookaheadLeft": 55.5525498887402, "car_lcPushy": 0.8164423975559377, "car_lcSublane": 0.48372695118890585, "car_max_v": 16.799025965988076, "car_tau_mean": 3.255422066334915, "car_tau_std": 1.0023464310313235}, "datetime": {"datetime": "2024-08-03 21:33:41", "elapsed": 253.739775, "delta": 0.723518}}
{"target": -0.04197122031563627, "params": {"bus_acc": 1.630489606190746, "bus_dcc": 3.678666125575454, "bus_lcAssertive": 58.20786431316901, "bus_lcCooperative": 0.18401020162746506, "bus_lcLookaheadLeft": 79.21706491489942, "bus_lcPushy": 0.6120311770449339, "bus_lcSublane": 0.053909272073752956, "bus_max_v": 13.403873600022644, "bus_tau_mean": 2.8767409279790037, "bus_tau_std": 9.18601777977526, "car_acc": 1.0008040497827149, "car_dcc": 3.9302774470931787, "car_lcAssertive": 38.281451159831676, "car_lcCooperative": 0.9737835383583225, "car_lcLookaheadLeft": 61.2621778954572, "car_lcPushy": 0.828845807980693, "car_lcSublane": 0.5747115047081023, "car_max_v": 17.561523966147007, "car_tau_mean": 1.4995169859349287, "car_tau_std": 5.868333406560829}, "datetime": {"datetime": "2024-08-03 21:33:42", "elapsed": 254.560825, "delta": 0.82105}}
{"target": -0.04749507205686868, "params": {"bus_acc": 2.7332165483330257, "bus_dcc": 3.84941797406088, "bus_lcAssertive": 82.8142927653048, "bus_lcCooperative": 0.8541154438365387, "bus_lcLookaheadLeft": 11.676853378394139, "bus_lcPushy": 0.651304332340991, "bus_lcSublane": 0.703516988152653, "bus_max_v": 17.204816252932595, "bus_tau_mean": 3.2986534160760983, "bus_tau_std": 0.3457121987163425, "car_acc": 2.54047746910996, "car_dcc": 3.195185802218581, "car_lcAssertive": 26.710140936536956, "car_lcCooperative": 0.2570692988221467, "car_lcLookaheadLeft": 63.965725108152526, "car_lcPushy": 0.34529746159108154, "car_lcSublane": 0.7965886780072875, "car_max_v": 13.922924640069144, "car_tau_mean": 3.2396229517446016, "car_tau_std": 9.904717836238406}, "datetime": {"datetime": "2024-08-03 21:33:44", "elapsed": 257.283551, "delta": 2.722726}}
{"target": -0.04734950696064388, "params": {"bus_acc": 2.401066145239005, "bus_dcc": 3.7916794577495354, "bus_lcAssertive": 86.39905275601697, "bus_lcCooperative": 0.1674418575065213, "bus_lcLookaheadLeft": 27.787624344539672, "bus_lcPushy": 0.07161027944180454, "bus_lcSublane": 0.978672805158347, "bus_max_v": 9.727681973207511, "bus_tau_mean": 2.8120942457500955, "bus_tau_std": 0.89630698927462, "car_acc": 1.4215418841740375, "car_dcc": 2.5084731505552136, "car_lcAssertive": 11.390413164662874, "car_lcCooperative": 0.38887340269472437, "car_lcLookaheadLeft": 54.722796573688726, "car_lcPushy": 0.33920418488509996, "car_lcSublane": 0.5559002111265755, "car_max_v": 15.735366438849281, "car_tau_mean": 1.8671367455791703, "car_tau_std": 6.96270083101103}, "datetime": {"datetime": "2024-08-03 21:33:47", "elapsed": 260.031618, "delta": 2.748067}}
{"target": -0.05033311552201669, "params": {"bus_acc": 1.6516199332264097, "bus_dcc": 3.669482024342125, "bus_lcAssertive": 75.41906437100742, "bus_lcCooperative": 0.7626320954451107, "bus_lcLookaheadLeft": 48.00894479887272, "bus_lcPushy": 0.21076450246870537, "bus_lcSublane": 0.041475079576498874, "bus_max_v": 11.43657599940489, "bus_tau_mean": 0.6298943257289804, "bus_tau_std": 6.938554113738997, "car_acc": 2.3407000638723368, "car_dcc": 2.291415348234925, "car_lcAssertive": 77.01110878815912, "car_lcCooperative": 0.5360084947395637, "car_lcLookaheadLeft": 5.906272810274352, "car_lcPushy": 0.13479311796067905, "car_lcSublane": 0.19341639901491836, "car_max_v": 11.713276023292995, "car_tau_mean": 0.6830953125311686, "car_tau_std": 6.051167805003662}, "datetime": {"datetime": "2024-08-03 21:33:54", "elapsed": 266.564859, "delta": 6.533241}}
{"target": -0.047321842448333255, "params": {"bus_acc": 1.0865818763723172, "bus_dcc": 2.4593222295111845, "bus_lcAssertive": 24.701693369637837, "bus_lcCooperative": 0.9524737816932592, "bus_lcLookaheadLeft": 94.50147752281202, "bus_lcPushy": 0.6139340023847009, "bus_lcSublane": 0.9734873973251963, "bus_max_v": 11.89722687432502, "bus_tau_mean": 3.642477511836886, "bus_tau_std": 4.345949734085095, "car_acc": 1.4716292742950274, "car_dcc": 3.8224838896041984, "car_lcAssertive": 68.73758704733953, "car_lcCooperative": 0.06491158533912933, "car_lcLookaheadLeft": 87.30163596866048, "car_lcPushy": 0.7013802946333463, "car_lcSublane": 0.6049268729742817, "car_max_v": 19.64749798358661, "car_tau_mean": 1.3870366487492327, "car_tau_std": 6.004889552745444}, "datetime": {"datetime": "2024-08-03 21:33:58", "elapsed": 270.759215, "delta": 4.194356}}
{"target": -0.04497156817236992, "params": {"bus_acc": 2.2869250444816096, "bus_dcc": 1.1364946481218112, "bus_lcAssertive": 46.89215200421947, "bus_lcCooperative": 0.3347513437136638, "bus_lcLookaheadLeft": 54.15379175512412, "bus_lcPushy": 0.2847462086131314, "bus_lcSublane": 0.1222612302300028, "bus_max_v": 18.365779775016037, "bus_tau_mean": 2.884759142119572, "bus_tau_std": 8.671392999990884, "car_acc": 1.2647629871254749, "car_dcc": 3.3958609248340927, "car_lcAssertive": 82.85010510210778, "car_lcCooperative": 0.6465499357511519, "car_lcLookaheadLeft": 22.082370286502115, "car_lcPushy": 0.2614207144058379, "car_lcSublane": 0.41849681753917567, "car_max_v": 15.835981455654625, "car_tau_mean": 2.1710328445727596, "car_tau_std": 4.674598920453694}, "datetime": {"datetime": "2024-08-03 21:34:00", "elapsed": 272.706589, "delta": 1.947374}}
{"target": -0.05084079683732686, "params": {"bus_acc": 1.0397602676795912, "bus_dcc": 1.0786329606331577, "bus_lcAssertive": 3.802342314058666, "bus_lcCooperative": 0.2462110676030459, "bus_lcLookaheadLeft": 86.28273897092302, "bus_lcPushy": 0.5388310643416528, "bus_lcSublane": 0.5528219786857659, "bus_max_v": 21.840617847192114, "bus_tau_mean": 0.934606602919689, "bus_tau_std": 2.791836790111395, "car_acc": 2.1715185429165755, "car_dcc": 3.9087872449590235, "car_lcAssertive": 56.54199170631529, "car_lcCooperative": 0.01864728937294302, "car_lcLookaheadLeft": 80.4620019227004, "car_lcPushy": 0.23297427384102043, "car_lcSublane": 0.8071051956187791, "car_max_v": 12.757212881283435, "car_tau_mean": 3.522396490958, "car_tau_std": 7.471216427371846}, "datetime": {"datetime": "2024-08-03 21:34:02", "elapsed": 274.47484, "delta": 1.768251}}
{"target": -0.04464131505680311, "params": {"bus_acc": 1.455195476644506, "bus_dcc": 1.436210902513707, "bus_lcAssertive": 21.13994861263897, "bus_lcCooperative": 0.8963225568040046, "bus_lcLookaheadLeft": 87.56324907042477, "bus_lcPushy": 0.7002894376334498, "bus_lcSublane": 0.47049767615220905, "bus_max_v": 21.542720046645766, "bus_tau_mean": 2.2353923897982435, "bus_tau_std": 3.6348868328490527, "car_acc": 1.5512062055217175, "car_dcc": 3.774222440615115, "car_lcAssertive": 39.31193419137293, "car_lcCooperative": 0.49288087343132025, "car_lcLookaheadLeft": 26.934934026813366, "car_lcPushy": 0.8849665188380633, "car_lcSublane": 0.38326345680528673, "car_max_v": 10.951494306277505, "car_tau_mean": 3.0115823676816404, "car_tau_std": 1.9086994317230743}, "datetime": {"datetime": "2024-08-03 21:34:06", "elapsed": 279.293782, "delta": 4.818942}}
{"target": -0.05199756856786671, "params": {"bus_acc": 1.7907009475893807, "bus_dcc": 3.866169967771524, "bus_lcAssertive": 11.968748529899662, "bus_lcCooperative": 0.6475529858164272, "bus_lcLookaheadLeft": 53.70690782872223, "bus_lcPushy": 0.353242405983059, "bus_lcSublane": 0.19819922932019185, "bus_max_v": 9.411881636946715, "bus_tau_mean": 0.6533752840450142, "bus_tau_std": 7.1316397315981455, "car_acc": 2.3076803983925096, "car_dcc": 2.331309378174167, "car_lcAssertive": 72.17500932089452, "car_lcCooperative": 0.10997597244532042, "car_lcLookaheadLeft": 93.99447899015524, "car_lcPushy": 0.8476267092393875, "car_lcSublane": 0.6590356596658833, "car_max_v": 12.576623373234636, "car_tau_mean": 1.957983551551616, "car_tau_std": 4.821539221574675}, "datetime": {"datetime": "2024-08-03 21:34:15", "elapsed": 287.429489, "delta": 8.135707}}
