{"target": -0.04443322766007463, "params": {"bus_acc": 1.1761962555750554, "bus_dcc": 1.996190723100511, "bus_lcAssertive": 13.968687636280773, "bus_lcCooperative": 0.8094906921265821, "bus_lcLookaheadLeft": 35.78419196296276, "bus_lcPushy": 0.9401074823333672, "bus_lcSublane": 0.58201417994708, "bus_max_v": 21.424815797353972, "bus_tau_mean": 2.6118361134805546, "bus_tau_std": 13.580884780629738, "car_acc": 1.919760531633614, "car_dcc": 3.185387264081493, "car_lcAssertive": 80.0617555240519, "car_lcCooperative": 0.28571885173414757, "car_lcLookaheadLeft": 50.04484521675292, "car_lcPushy": 0.5991103076458784, "car_lcSublane": 0.015533275550835723, "car_max_v": 23.650072388522656, "car_tau_mean": 1.5841908724736458, "car_tau_std": 12.110407933272622}, "datetime": {"datetime": "2024-08-02 22:36:39", "elapsed": 0.0, "delta": 0.0}}
{"target": -0.03134238545006039, "params": {"bus_acc": 1.315244803095373, "bus_dcc": 3.678666125575454, "bus_lcAssertive": 58.20786431316901, "bus_lcCooperative": 0.18401020162746506, "bus_lcLookaheadLeft": 79.21706491489942, "bus_lcPushy": 0.6120311770449339, "bus_lcSublane": 0.053909272073752956, "bus_max_v": 15.46251784001472, "bus_tau_mean": 2.197672091413574, "bus_tau_std": 13.779026669662887, "car_acc": 1.0008040497827149, "car_dcc": 4.907036596124239, "car_lcAssertive": 38.281451159831676, "car_lcCooperative": 0.9737835383583225, "car_lcLookaheadLeft": 61.2621778954572, "car_lcPushy": 0.828845807980693, "car_lcSublane": 0.5747115047081023, "car_max_v": 24.445752561069057, "car_tau_mean": 1.213940704239235, "car_tau_std": 8.802500109841244}, "datetime": {"datetime": "2024-08-02 22:36:45", "elapsed": 6.433271, "delta": 6.433271}}
{"target": -0.03627054146327415, "params": {"bus_acc": 1.0198801338397956, "bus_dcc": 1.0786329606331577, "bus_lcAssertive": 3.802342314058666, "bus_lcCooperative": 0.2462110676030459, "bus_lcLookaheadLeft": 86.28273897092302, "bus_lcPushy": 0.5388310643416528, "bus_lcSublane": 0.5528219786857659, "bus_max_v": 20.946401600674875, "bus_tau_mean": 0.8104332877997779, "bus_tau_std": 4.187755185167092, "car_acc": 2.1715185429165755, "car_dcc": 4.878382993278699, "car_lcAssertive": 56.54199170631529, "car_lcCooperative": 0.01864728937294302, "car_lcLookaheadLeft": 80.4620019227004, "car_lcPushy": 0.23297427384102043, "car_lcSublane": 0.8071051956187791, "car_max_v": 18.92079481347595, "car_tau_mean": 2.658854636398572, "car_tau_std": 11.20682464105777}, "datetime": {"datetime": "2024-08-02 22:36:51", "elapsed": 12.67183, "delta": 6.238559}}
{"target": -0.041037070914010154, "params": {"bus_acc": 1.3002483395339, "bus_dcc": 1.429017484774298, "bus_lcAssertive": 90.2295351985781, "bus_lcCooperative": 0.5415593788873733, "bus_lcLookaheadLeft": 97.52455634379805, "bus_lcPushy": 0.6366044000018972, "bus_lcSublane": 0.9939130246104789, "bus_max_v": 17.09892045385837, "bus_tau_mean": 1.8160648347638033, "bus_tau_std": 2.0314185460825485, "car_acc": 1.7114103419677622, "car_dcc": 1.1048742691854931, "car_lcAssertive": 16.87912277244526, "car_lcCooperative": 0.7456371927074961, "car_lcLookaheadLeft": 4.9791696130213055, "car_lcPushy": 0.36654309724374434, "car_lcSublane": 0.8623462528380441, "car_max_v": 25.93158750266915, "car_tau_mean": 2.2273553551654213, "car_tau_std": 2.8295520143296633}, "datetime": {"datetime": "2024-08-02 22:36:54", "elapsed": 15.856442, "delta": 3.184612}}
{"target": -0.04019428125768869, "params": {"bus_acc": 1.75002176370266, "bus_dcc": 3.574941509287127, "bus_lcAssertive": 75.75313665830033, "bus_lcCooperative": 0.698057248447303, "bus_lcLookaheadLeft": 86.71898414535079, "bus_lcPushy": 0.32268099683674645, "bus_lcSublane": 0.6707887907875872, "bus_max_v": 15.861361173373538, "bus_tau_mean": 1.455256880078793, "bus_tau_std": 6.162170248832784, "car_acc": 1.8029591669390812, "car_dcc": 2.2695357838331076, "car_lcAssertive": 62.57001742410984, "car_lcCooperative": 0.43024727082126435, "car_lcLookaheadLeft": 97.43260363687072, "car_lcPushy": 0.6778008914343111, "car_lcSublane": 0.19856988842711087, "car_max_v": 19.814123215004756, "car_tau_mean": 1.3583655994360575, "car_tau_std": 11.964582059378499}, "datetime": {"datetime": "2024-08-02 22:36:55", "elapsed": 16.004393, "delta": 0.147951}}
{"target": -0.041047823108112565, "params": {"bus_acc": 1.2398477591475863, "bus_dcc": 2.48130914280619, "bus_lcAssertive": 62.37561611975659, "bus_lcCooperative": 0.8289808995501787, "bus_lcLookaheadLeft": 17.365556675316256, "bus_lcPushy": 0.018576202177409518, "bus_lcSublane": 0.07002214371922233, "bus_max_v": 16.322486442181415, "bus_tau_mean": 2.015823654133326, "bus_tau_std": 8.53277155629722, "car_acc": 1.6347248186443215, "car_dcc": 4.954464617649796, "car_lcAssertive": 58.394776705333896, "car_lcCooperative": 0.3801411726235504, "car_lcLookaheadLeft": 55.99292547355389, "car_lcPushy": 0.7453344309065021, "car_lcSublane": 0.6692328934531846, "car_max_v": 16.093149826244616, "car_tau_mean": 0.6658370860711039, "car_tau_std": 5.551262968711594}, "datetime": {"datetime": "2024-08-02 22:37:02", "elapsed": 23.536669, "delta": 7.532276}}
{"target": -0.059468114437553586, "params": {"bus_acc": 1.8007445686755368, "bus_dcc": 3.9047847271581926, "bus_lcAssertive": 32.02899363776504, "bus_lcCooperative": 0.6923226156693141, "bus_lcLookaheadLeft": 87.88613692501175, "bus_lcPushy": 0.8946066635038473, "bus_lcSublane": 0.08504421136977791, "bus_max_v": 10.50771218202747, "bus_tau_mean": 0.9245760489114223, "bus_tau_std": 13.172137551441198, "car_acc": 1.1966936676661002, "car_dcc": 2.6844305000202087, "car_lcAssertive": 95.83106348489969, "car_lcCooperative": 0.5331652849730171, "car_lcLookaheadLeft": 69.8039571671464, "car_lcPushy": 0.31551563100606295, "car_lcSublane": 0.6865009276815837, "car_max_v": 29.196390453639577, "car_tau_mean": 0.5457206933604795, "car_tau_std": 11.252164724174513}, "datetime": {"datetime": "2024-08-02 22:37:08", "elapsed": 29.50103, "delta": 5.964361}}
{"target": -0.042371153892265125, "params": {"bus_acc": 1.6297175070215646, "bus_dcc": 1.6305220297445189, "bus_lcAssertive": 75.52279982014257, "bus_lcCooperative": 0.06653648135411494, "bus_lcLookaheadLeft": 27.510879660697015, "bus_lcPushy": 0.8047545637433454, "bus_lcSublane": 0.19343428262332774, "bus_max_v": 18.312991451439224, "bus_tau_mean": 1.8116757728093342, "bus_tau_std": 13.87211955599026, "car_acc": 1.526593540974222, "car_dcc": 1.2638443627360951, "car_lcAssertive": 73.77153036557827, "car_lcCooperative": 0.7721780295432468, "car_lcLookaheadLeft": 90.96595354534536, "car_lcPushy": 0.9319720691968373, "car_lcSublane": 0.013951572975597015, "car_max_v": 15.390327980792673, "car_tau_mean": 2.041945892504144, "car_tau_std": 14.235244810314246}, "datetime": {"datetime": "2024-08-02 22:37:16", "elapsed": 37.762415, "delta": 8.261385}}
{"target": -0.039893770234124805, "params": {"bus_acc": 1.9888610889064946, "bus_dcc": 3.244496963139518, "bus_lcAssertive": 28.763955214376114, "bus_lcCooperative": 0.7892793284514885, "bus_lcLookaheadLeft": 12.116148644608918, "bus_lcPushy": 0.44789352617590517, "bus_lcSublane": 0.9085955030930956, "bus_max_v": 13.816983928857834, "bus_tau_mean": 1.2194383464658718, "bus_tau_std": 1.9504285817741651, "car_acc": 1.0387339157405941, "car_dcc": 3.715342131759564, "car_lcAssertive": 21.951183484005846, "car_lcCooperative": 0.2655466593722262, "car_lcLookaheadLeft": 50.174169609473154, "car_lcPushy": 0.053362545117080384, "car_lcSublane": 0.5741176054920131, "car_max_v": 13.374757222833633, "car_tau_mean": 1.9732638422582105, "car_tau_std": 10.496375400313967}, "datetime": {"datetime": "2024-08-02 22:37:21", "elapsed": 42.460474, "delta": 4.698059}}
{"target": -0.044465120018230365, "params": {"bus_acc": 1.4158487182675272, "bus_dcc": 2.8500552014657083, "bus_lcAssertive": 24.132947784685754, "bus_lcCooperative": 0.10196725942579743, "bus_lcLookaheadLeft": 52.55398766291592, "bus_lcPushy": 0.47714098704978236, "bus_lcSublane": 0.15267164409316325, "bus_max_v": 18.083481012625402, "bus_tau_mean": 1.8600252970348454, "bus_tau_std": 9.812060204561165, "car_acc": 1.2890910802493196, "car_dcc": 4.006111268540975, "car_lcAssertive": 22.982864840192345, "car_lcCooperative": 0.519351824366033, "car_lcLookaheadLeft": 78.95901076571866, "car_lcPushy": 0.02233042799180618, "car_lcSublane": 0.3243624597261865, "car_max_v": 30.077214657202553, "car_tau_mean": 2.611774019005174, "car_tau_std": 8.076608888918155}, "datetime": {"datetime": "2024-08-02 22:37:22", "elapsed": 43.221341, "delta": 0.760867}}
{"target": -0.05136535086871192, "params": {"bus_acc": 1.4170220047025741, "bus_dcc": 3.1609734803264744, "bus_lcAssertive": 1.0113231069171438, "bus_lcCooperative": 0.30233257263183977, "bus_lcLookaheadLeft": 16.38207730007708, "bus_lcPushy": 0.0923385947687978, "bus_lcSublane": 0.1862602113776709, "bus_max_v": 14.492289451559621, "bus_tau_mean": 1.4919186855766748, "bus_tau_std": 8.082251010050355, "car_acc": 1.8383890288065896, "car_dcc": 3.740878001587038, "car_lcAssertive": 21.240772723420225, "car_lcCooperative": 0.8781174363909454, "car_lcLookaheadLeft": 4.6839841333967644, "car_lcPushy": 0.6704675101784022, "car_lcSublane": 0.41730480236712697, "car_max_v": 22.84986605425229, "car_tau_mean": 0.8509673464880845, "car_tau_std": 2.971522336273182}, "datetime": {"datetime": "2024-08-02 22:37:29", "elapsed": 50.683955, "delta": 7.462614}}
{"target": -0.048097916043451906, "params": {"bus_acc": 1.8118586977205398, "bus_dcc": 3.624884934867694, "bus_lcAssertive": 69.1529119862084, "bus_lcCooperative": 0.5694944127453757, "bus_lcLookaheadLeft": 17.775200807929657, "bus_lcPushy": 0.4668800227633063, "bus_lcSublane": 0.345172051155215, "bus_max_v": 12.9255194515831, "bus_tau_mean": 1.9812796719144918, "bus_tau_std": 4.684047565528754, "car_acc": 2.8326111069367013, "car_dcc": 4.638542099806228, "car_lcAssertive": 26.454711084437424, "car_lcCooperative": 0.1108913007440292, "car_lcLookaheadLeft": 20.91034773787306, "car_lcPushy": 0.49958417067888605, "car_lcSublane": 0.7285856679745962, "car_max_v": 14.788472083402205, "car_tau_mean": 1.1200838959430768, "car_tau_std": 12.775078124045505}, "datetime": {"datetime": "2024-08-02 22:37:42", "elapsed": 63.27038, "delta": 12.586425}}
{"target": -0.04949124723041171, "params": {"bus_acc": 1.6185135669120854, "bus_dcc": 1.0310927840056958, "bus_lcAssertive": 54.32410097505835, "bus_lcCooperative": 0.0030179566195963625, "bus_lcLookaheadLeft": 95.21699097804004, "bus_lcPushy": 0.905402033702778, "bus_lcSublane": 0.7959669419422694, "bus_max_v": 21.898566158892237, "bus_tau_mean": 0.8638955778959927, "bus_tau_std": 2.3659510480579993, "car_acc": 1.375263345804868, "car_dcc": 3.4899836091996845, "car_lcAssertive": 90.67514010482188, "car_lcCooperative": 0.9899551783590737, "car_lcLookaheadLeft": 71.69000095904995, "car_lcPushy": 0.7318004091422953, "car_lcSublane": 0.9092932045442544, "car_max_v": 19.22009584453578, "car_tau_mean": 1.1246267005625918, "car_tau_std": 2.601452561806843}, "datetime": {"datetime": "2024-08-02 22:37:46", "elapsed": 67.620829, "delta": 4.350449}}
{"target": -0.04368976553638396, "params": {"bus_acc": 1.9594343210617524, "bus_dcc": 3.4118826744959403, "bus_lcAssertive": 4.1999835957338245, "bus_lcCooperative": 0.7093872512312951, "bus_lcLookaheadLeft": 47.570145193223595, "bus_lcPushy": 0.9475489413950998, "bus_lcSublane": 0.2214327343234883, "bus_max_v": 13.471936255896756, "bus_tau_mean": 0.703684912193155, "bus_tau_std": 6.429282429956798, "car_acc": 1.2180375280381366, "car_dcc": 3.5351470424476714, "car_lcAssertive": 80.49336050000005, "car_lcCooperative": 0.6968004961201785, "car_lcLookaheadLeft": 77.08871534542551, "car_lcPushy": 0.3424541198435198, "car_lcSublane": 0.8458514830276777, "car_max_v": 19.86168182498718, "car_tau_mean": 2.560024676030797, "car_tau_std": 9.397442379364406}, "datetime": {"datetime": "2024-08-02 22:37:52", "elapsed": 72.990589, "delta": 5.36976}}
{"target": -0.049504948105270584, "params": {"bus_acc": 1.1023344288278258, "bus_dcc": 2.242167963458705, "bus_lcAssertive": 69.74561561504676, "bus_lcCooperative": 0.41417926952690265, "bus_lcLookaheadLeft": 6.895438976716542, "bus_lcPushy": 0.5358964059155116, "bus_lcSublane": 0.6637946452197888, "bus_max_v": 16.693558456758012, "bus_tau_mean": 2.861486889977033, "bus_tau_std": 8.798325607529893, "car_acc": 2.8068038305757668, "car_dcc": 1.54989881658495, "car_lcAssertive": 14.788358377825096, "car_lcCooperative": 0.8073912887095238, "car_lcLookaheadLeft": 40.97233002458229, "car_lcPushy": 0.16535419711693278, "car_lcSublane": 0.9275085803960339, "car_max_v": 17.998614774146652, "car_tau_mean": 2.3770302578403886, "car_tau_std": 10.889969780256772}, "datetime": {"datetime": "2024-08-02 22:37:54", "elapsed": 75.239539, "delta": 2.24895}}
{"target": -0.04972081735934553, "params": {"bus_acc": 1.326644901772096, "bus_dcc": 2.581174306772828, "bus_lcAssertive": 88.70826783176668, "bus_lcCooperative": 0.35726976000249977, "bus_lcLookaheadLeft": 91.03644479014032, "bus_lcPushy": 0.6233601157918027, "bus_lcSublane": 0.015821242846556283, "bus_max_v": 22.082684038668898, "bus_tau_mean": 2.22724229379231, "bus_tau_std": 14.959842756772208, "car_acc": 1.344681016690657, "car_dcc": 1.548542998515511, "car_lcAssertive": 93.32695084067919, "car_lcCooperative": 0.6968181614899002, "car_lcLookaheadLeft": 8.468016926762123, "car_lcPushy": 0.7554630526024664, "car_lcSublane": 0.7538761884612464, "car_max_v": 31.229564317569118, "car_tau_mean": 2.278811896571179, "car_tau_std": 1.8640644295824704}, "datetime": {"datetime": "2024-08-02 22:38:08", "elapsed": 89.225286, "delta": 13.985747}}
{"target": -0.06348636153675792, "params": {"bus_acc": 1.8799982885634319, "bus_dcc": 3.711525867479116, "bus_lcAssertive": 66.60926142515096, "bus_lcCooperative": 0.2702082620297578, "bus_lcLookaheadLeft": 26.731936747449794, "bus_lcPushy": 0.8548979426974024, "bus_lcSublane": 0.5277146463087466, "bus_max_v": 20.428094092059773, "bus_tau_mean": 1.9312212929790158, "bus_tau_std": 10.997137879312668, "car_acc": 2.0380232549281114, "car_dcc": 4.083535642007552, "car_lcAssertive": 57.31694107976684, "car_lcCooperative": 0.4657098785919809, "car_lcLookaheadLeft": 35.58351297942161, "car_lcPushy": 0.06820934841670412, "car_lcSublane": 0.37792417932809985, "car_max_v": 11.831399787059805, "car_tau_mean": 2.9570427843261125, "car_tau_std": 2.7241927699614568}, "datetime": {"datetime": "2024-08-02 22:38:08", "elapsed": 89.872081, "delta": 0.646795}}
{"target": -0.04675822181946906, "params": {"bus_acc": 1.5562402339904189, "bus_dcc": 1.409365676982055, "bus_lcAssertive": 6.931851261708954, "bus_lcCooperative": 0.12134345574073735, "bus_lcLookaheadLeft": 6.366084097386649, "bus_lcPushy": 0.1074941291060929, "bus_lcSublane": 0.2257093386078547, "bus_max_v": 19.268856744974798, "bus_tau_mean": 1.899292455135356, "bus_tau_std": 0.1883397023867378, "car_acc": 1.1439485593789736, "car_dcc": 4.869105320001088, "car_lcAssertive": 57.24194573007427, "car_lcCooperative": 0.20329323466099047, "car_lcLookaheadLeft": 26.727922967891693, "car_lcPushy": 0.7438258540750929, "car_lcSublane": 0.1954294811093188, "car_max_v": 23.371255327284928, "car_tau_mean": 2.925049972720781, "car_tau_std": 12.702432022350528}, "datetime": {"datetime": "2024-08-02 22:38:09", "elapsed": 90.100598, "delta": 0.228517}}
{"target": -0.0529731960670218, "params": {"bus_acc": 1.9501761192470797, "bus_dcc": 2.6699595645854695, "bus_lcAssertive": 91.64502862686118, "bus_lcCooperative": 0.6415662089463375, "bus_lcLookaheadLeft": 40.22075598584213, "bus_lcPushy": 0.48599066709690975, "bus_lcSublane": 0.6043104829199732, "bus_max_v": 17.144122979611314, "bus_tau_mean": 2.8154535667661342, "bus_tau_std": 13.781001534504092, "car_acc": 1.7897512258471098, "car_dcc": 4.853050113762848, "car_lcAssertive": 18.22161100136597, "car_lcCooperative": 0.12632951943963733, "car_lcLookaheadLeft": 15.23775748857967, "car_lcPushy": 0.5056621656768967, "car_lcSublane": 0.021524805274197978, "car_max_v": 31.80331485800666, "car_tau_mean": 2.5677886779268313, "car_tau_std": 0.22528471113183568}, "datetime": {"datetime": "2024-08-02 22:38:23", "elapsed": 103.92848, "delta": 13.827882}}
{"target": -0.052463056200203306, "params": {"bus_acc": 1.4419042807484233, "bus_dcc": 2.744732222032874, "bus_lcAssertive": 98.98541905870682, "bus_lcCooperative": 0.20390622523312185, "bus_lcLookaheadLeft": 26.277824372710775, "bus_lcPushy": 0.26217308377291193, "bus_lcSublane": 0.7501724132979928, "bus_max_v": 15.940679256664007, "bus_tau_mean": 0.6423235960277375, "bus_tau_std": 7.627743609153594, "car_acc": 1.423920329287352, "car_dcc": 4.194416979040841, "car_lcAssertive": 30.43580676921995, "car_lcCooperative": 0.02760601195450363, "car_lcLookaheadLeft": 60.15638004753286, "car_lcPushy": 0.8438404289311888, "car_lcSublane": 0.3810161240622142, "car_max_v": 27.246741146701297, "car_tau_mean": 1.7778536957428206, "car_tau_std": 8.11427707443283}, "datetime": {"datetime": "2024-08-02 22:38:40", "elapsed": 121.246811, "delta": 17.318331}}
{"target": -0.05163043794213701, "params": {"bus_acc": 1.143423048670245, "bus_dcc": 1.2351606995648439, "bus_lcAssertive": 2.814931648387722, "bus_lcCooperative": 0.06672499763935646, "bus_lcLookaheadLeft": 46.94121374342632, "bus_lcPushy": 0.11334192276759048, "bus_lcSublane": 0.027783348848669953, "bus_max_v": 19.813199258076075, "bus_tau_mean": 1.4871262011515984, "bus_tau_std": 11.204077434112877, "car_acc": 1.904809653492903, "car_dcc": 2.8003469880030445, "car_lcAssertive": 48.329178165065265, "car_lcCooperative": 0.47400392656219403, "car_lcLookaheadLeft": 80.71000752718862, "car_lcPushy": 0.40239251985773583, "car_lcSublane": 0.904686160343623, "car_max_v": 10.852404102942824, "car_tau_mean": 2.4346858568010465, "car_tau_std": 1.8846207170660823}, "datetime": {"datetime": "2024-08-02 22:38:56", "elapsed": 137.920234, "delta": 16.673423}}
{"target": -0.04746924600688401, "params": {"bus_acc": 1.8833060912058097, "bus_dcc": 2.8710166211668264, "bus_lcAssertive": 75.34330096870639, "bus_lcCooperative": 0.34889834197784253, "bus_lcLookaheadLeft": 28.452933392972554, "bus_lcPushy": 0.8958862181960668, "bus_lcSublane": 0.4280911898712949, "bus_max_v": 22.542920612929013, "bus_tau_mean": 2.15860374454612, "bus_tau_std": 9.325435803136827, "car_acc": 1.2294919459067504, "car_dcc": 4.7979570348282845, "car_lcAssertive": 45.541301214514114, "car_lcCooperative": 0.5783896143871318, "car_lcLookaheadLeft": 41.99740667060556, "car_lcPushy": 0.2370269802430277, "car_lcSublane": 0.9033795205622538, "car_max_v": 23.194628193462574, "car_tau_mean": 0.5071758175778974, "car_tau_std": 9.257173704310858}, "datetime": {"datetime": "2024-08-02 22:39:09", "elapsed": 150.505604, "delta": 12.58537}}
{"target": -0.08198684640322564, "params": {"bus_acc": 1.358, "bus_dcc": 3.093, "bus_lcAssertive": 59.858, "bus_lcCooperative": 0.762, "bus_lcLookaheadLeft": 9.764, "bus_lcPushy": 0.758, "bus_lcSublane": 0.052, "bus_max_v": 11.177, "bus_tau_mean": 1.954, "bus_tau_std": 14.916, "car_acc": 2.367, "car_dcc": 2.687, "car_lcAssertive": 49.735, "car_lcCooperative": 0.115, "car_lcLookaheadLeft": 43.011, "car_lcPushy": 0.025, "car_lcSublane": 0.681, "car_max_v": 21.327, "car_tau_mean": 1.715, "car_tau_std": 8.652}, "datetime": {"datetime": "2024-08-02 22:39:37", "elapsed": 178.884776, "delta": 28.379172}}
{"target": -0.06725719918555823, "params": {"bus_acc": 1.145, "bus_dcc": 1.923, "bus_lcAssertive": 55.315, "bus_lcCooperative": 0.321, "bus_lcLookaheadLeft": 75.592, "bus_lcPushy": 0.049, "bus_lcSublane": 0.114, "bus_max_v": 10.907, "bus_tau_mean": 2.985, "bus_tau_std": 11.046, "car_acc": 2.232, "car_dcc": 2.599, "car_lcAssertive": 33.737, "car_lcCooperative": 0.697, "car_lcLookaheadLeft": 56.866, "car_lcPushy": 0.656, "car_lcSublane": 0.753, "car_max_v": 23.34, "car_tau_mean": 1.738, "car_tau_std": 12.735}, "datetime": {"datetime": "2024-08-02 22:39:52", "elapsed": 193.760956, "delta": 14.87618}}
{"target": -0.047271017709007906, "params": {"bus_acc": 1.385, "bus_dcc": 1.242, "bus_lcAssertive": 58.672, "bus_lcCooperative": 0.915, "bus_lcLookaheadLeft": 75.206, "bus_lcPushy": 0.463, "bus_lcSublane": 0.093, "bus_max_v": 12.938, "bus_tau_mean": 2.915, "bus_tau_std": 12.035, "car_acc": 2.047, "car_dcc": 2.121, "car_lcAssertive": 44.032, "car_lcCooperative": 0.216, "car_lcLookaheadLeft": 62.021, "car_lcPushy": 0.259, "car_lcSublane": 0.526, "car_max_v": 31.474, "car_tau_mean": 2.218, "car_tau_std": 5.624}, "datetime": {"datetime": "2024-08-02 22:40:04", "elapsed": 205.296394, "delta": 11.535438}}
{"target": -0.058500485768048116, "params": {"bus_acc": 1.369, "bus_dcc": 3.397, "bus_lcAssertive": 64.545, "bus_lcCooperative": 0.168, "bus_lcLookaheadLeft": 89.05, "bus_lcPushy": 0.187, "bus_lcSublane": 0.577, "bus_max_v": 10.237, "bus_tau_mean": 2.853, "bus_tau_std": 14.043, "car_acc": 1.382, "car_dcc": 4.357, "car_lcAssertive": 33.912, "car_lcCooperative": 0.074, "car_lcLookaheadLeft": 55.879, "car_lcPushy": 0.377, "car_lcSublane": 0.274, "car_max_v": 23.235, "car_tau_mean": 2.484, "car_tau_std": 14.557}, "datetime": {"datetime": "2024-08-02 22:40:07", "elapsed": 208.41691, "delta": 3.120516}}
{"target": -0.04982036900570217, "params": {"bus_acc": 1.648, "bus_dcc": 3.688, "bus_lcAssertive": 58.025, "bus_lcCooperative": 0.395, "bus_lcLookaheadLeft": 78.14, "bus_lcPushy": 0.738, "bus_lcSublane": 0.422, "bus_max_v": 17.707, "bus_tau_mean": 2.1, "bus_tau_std": 12.903, "car_acc": 1.643, "car_dcc": 3.762, "car_lcAssertive": 36.301, "car_lcCooperative": 0.965, "car_lcLookaheadLeft": 64.269, "car_lcPushy": 0.786, "car_lcSublane": 0.42, "car_max_v": 25.856, "car_tau_mean": 1.708, "car_tau_std": 9.594}, "datetime": {"datetime": "2024-08-02 22:40:17", "elapsed": 218.685023, "delta": 10.268113}}
