{"target": -0.055024130141468015, "params": {"bus_acc": 1.71, "bus_dcc": 1.3, "bus_lcAssertive": 51.64, "bus_lcCooperative": 0.04, "bus_lcLookaheadLeft": 53.19, "bus_lcPushy": 0.96, "bus_lcSublane": 0.89, "bus_tau_mean": 2.58, "bus_tau_std": 6.28, "bus_v_mean": 19.27, "bus_v_std": 4.59, "car_acc": 2.21, "car_dcc": 1.45, "car_lcAssertive": 49.24, "car_lcCooperative": 0.28, "car_lcLookaheadLeft": 50.19, "car_lcPushy": 0.4, "car_lcSublane": 0.42, "car_tau_mean": 1.78, "car_tau_std": 0.9, "car_v_mean": 19.51, "car_v_std": 0.26}, "datetime": {"datetime": "2024-08-04 15:26:31", "elapsed": 3934.154369, "delta": 2.684614}}
{"target": -0.02470431305758629, "params": {"bus_acc": 2.86, "bus_dcc": 3.19, "bus_lcAssertive": 66.31, "bus_lcCooperative": 0.7, "bus_lcLookaheadLeft": 17.08, "bus_lcPushy": 0.98, "bus_lcSublane": 0.86, "bus_tau_mean": 2.05, "bus_tau_std": 0.16, "bus_v_mean": 15.41, "bus_v_std": 5.41, "car_acc": 2.1, "car_dcc": 1.59, "car_lcAssertive": 43.59, "car_lcCooperative": 0.15, "car_lcLookaheadLeft": 79.54, "car_lcPushy": 0.95, "car_lcSublane": 0.85, "car_tau_mean": 3.54, "car_tau_std": 0.16, "car_v_mean": 8.17, "car_v_std": 3.84}, "datetime": {"datetime": "2024-08-04 15:26:34", "elapsed": 3937.093805, "delta": 2.939436}}
{"target": -0.03318075531348579, "params": {"bus_acc": 1.06, "bus_dcc": 3.94, "bus_lcAssertive": 29.81, "bus_lcCooperative": 0.57, "bus_lcLookaheadLeft": 85.06, "bus_lcPushy": 0.31, "bus_lcSublane": 0.94, "bus_tau_mean": 2.67, "bus_tau_std": 2.29, "bus_v_mean": 13.52, "bus_v_std": 8.05, "car_acc": 1.27, "car_dcc": 2.13, "car_lcAssertive": 56.29, "car_lcCooperative": 0.72, "car_lcLookaheadLeft": 5.29, "car_lcPushy": 0.1, "car_lcSublane": 0.34, "car_tau_mean": 0.51, "car_tau_std": 6.13, "car_v_mean": 9.77, "car_v_std": 3.74}, "datetime": {"datetime": "2024-08-04 15:26:40", "elapsed": 3943.207966, "delta": 6.114161}}
{"target": -0.0419490318692749, "params": {"bus_acc": 2.07, "bus_dcc": 3.76, "bus_lcAssertive": 59.69, "bus_lcCooperative": 0.66, "bus_lcLookaheadLeft": 6.42, "bus_lcPushy": 0.25, "bus_lcSublane": 0.52, "bus_tau_mean": 1.69, "bus_tau_std": 1.79, "bus_v_mean": 16.34, "bus_v_std": 0.6, "car_acc": 2.7, "car_dcc": 2.89, "car_lcAssertive": 50.15, "car_lcCooperative": 0.83, "car_lcLookaheadLeft": 49.82, "car_lcPushy": 0.41, "car_lcSublane": 0.29, "car_tau_mean": 0.94, "car_tau_std": 8.78, "car_v_mean": 13.81, "car_v_std": 7.49}, "datetime": {"datetime": "2024-08-04 15:26:43", "elapsed": 3946.015139, "delta": 2.807173}}
{"target": -0.03949650516844337, "params": {"bus_acc": 1.67, "bus_dcc": 1.34, "bus_lcAssertive": 34.61, "bus_lcCooperative": 0.43, "bus_lcLookaheadLeft": 92.47, "bus_lcPushy": 0.55, "bus_lcSublane": 0.02, "bus_tau_mean": 2.25, "bus_tau_std": 3.71, "bus_v_mean": 21.09, "bus_v_std": 0.52, "car_acc": 1.6, "car_dcc": 2.88, "car_lcAssertive": 91.78, "car_lcCooperative": 0.28, "car_lcLookaheadLeft": 29.14, "car_lcPushy": 0.03, "car_lcSublane": 0.74, "car_tau_mean": 2.17, "car_tau_std": 7.48, "car_v_mean": 10.81, "car_v_std": 7.93}, "datetime": {"datetime": "2024-08-04 15:27:08", "elapsed": 3971.335499, "delta": 25.32036}}
{"target": -0.035544756365268444, "params": {"bus_acc": 2.83, "bus_dcc": 2.2, "bus_lcAssertive": 69.83, "bus_lcCooperative": 0.89, "bus_lcLookaheadLeft": 2.19, "bus_lcPushy": 0.46, "bus_lcSublane": 0.49, "bus_tau_mean": 2.97, "bus_tau_std": 7.28, "bus_v_mean": 15.7, "bus_v_std": 5.85, "car_acc": 2.51, "car_dcc": 2.66, "car_lcAssertive": 47.46, "car_lcCooperative": 0.69, "car_lcLookaheadLeft": 81.0, "car_lcPushy": 0.59, "car_lcSublane": 0.74, "car_tau_mean": 3.27, "car_tau_std": 3.78, "car_v_mean": 14.25, "car_v_std": 5.04}, "datetime": {"datetime": "2024-08-04 15:27:16", "elapsed": 3979.24114, "delta": 7.905641}}
{"target": -0.0343420786760173, "params": {"bus_acc": 2.47, "bus_dcc": 3.33, "bus_lcAssertive": 85.49, "bus_lcCooperative": 0.04, "bus_lcLookaheadLeft": 6.06, "bus_lcPushy": 0.6, "bus_lcSublane": 0.82, "bus_tau_mean": 2.87, "bus_tau_std": 7.3, "bus_v_mean": 8.3, "bus_v_std": 0.57, "car_acc": 2.24, "car_dcc": 1.55, "car_lcAssertive": 52.22, "car_lcCooperative": 0.54, "car_lcLookaheadLeft": 41.84, "car_lcPushy": 0.42, "car_lcSublane": 0.24, "car_tau_mean": 3.97, "car_tau_std": 1.7, "car_v_mean": 11.96, "car_v_std": 1.55}, "datetime": {"datetime": "2024-08-04 15:27:27", "elapsed": 3990.69981, "delta": 11.45867}}
{"target": -0.024460295945493624, "params": {"bus_acc": 2.89, "bus_dcc": 3.2, "bus_lcAssertive": 66.28, "bus_lcCooperative": 0.72, "bus_lcLookaheadLeft": 17.05, "bus_lcPushy": 0.97, "bus_lcSublane": 0.89, "bus_tau_mean": 2.06, "bus_tau_std": 0.16, "bus_v_mean": 15.41, "bus_v_std": 5.42, "car_acc": 2.11, "car_dcc": 1.6, "car_lcAssertive": 43.56, "car_lcCooperative": 0.16, "car_lcLookaheadLeft": 79.52, "car_lcPushy": 0.91, "car_lcSublane": 0.88, "car_tau_mean": 3.55, "car_tau_std": 0.16, "car_v_mean": 8.16, "car_v_std": 3.84}, "datetime": {"datetime": "2024-08-04 15:27:40", "elapsed": 4003.540553, "delta": 12.840743}}
{"target": -0.04034826576567275, "params": {"bus_acc": 1.16, "bus_dcc": 2.8, "bus_lcAssertive": 67.28, "bus_lcCooperative": 0.51, "bus_lcLookaheadLeft": 13.63, "bus_lcPushy": 0.9, "bus_lcSublane": 0.66, "bus_tau_mean": 1.05, "bus_tau_std": 9.18, "bus_v_mean": 18.18, "bus_v_std": 6.06, "car_acc": 1.17, "car_dcc": 2.1, "car_lcAssertive": 91.77, "car_lcCooperative": 0.45, "car_lcLookaheadLeft": 91.04, "car_lcPushy": 0.46, "car_lcSublane": 0.23, "car_tau_mean": 0.76, "car_tau_std": 5.14, "car_v_mean": 21.59, "car_v_std": 0.06}, "datetime": {"datetime": "2024-08-04 15:27:43", "elapsed": 4006.170312, "delta": 2.629759}}
{"target": -0.04858948950950121, "params": {"bus_acc": 1.62, "bus_dcc": 1.86, "bus_lcAssertive": 41.71, "bus_lcCooperative": 0.73, "bus_lcLookaheadLeft": 14.74, "bus_lcPushy": 0.41, "bus_lcSublane": 0.43, "bus_tau_mean": 3.61, "bus_tau_std": 2.3, "bus_v_mean": 22.54, "bus_v_std": 4.84, "car_acc": 2.22, "car_dcc": 2.15, "car_lcAssertive": 75.61, "car_lcCooperative": 0.82, "car_lcLookaheadLeft": 44.57, "car_lcPushy": 0.37, "car_lcSublane": 0.7, "car_tau_mean": 2.21, "car_tau_std": 4.3, "car_v_mean": 21.04, "car_v_std": 7.13}, "datetime": {"datetime": "2024-08-04 15:27:48", "elapsed": 4011.734362, "delta": 5.56405}}
{"target": -0.024731062131000223, "params": {"bus_acc": 2.88, "bus_dcc": 3.2, "bus_lcAssertive": 66.28, "bus_lcCooperative": 0.72, "bus_lcLookaheadLeft": 17.05, "bus_lcPushy": 0.97, "bus_lcSublane": 0.88, "bus_tau_mean": 2.06, "bus_tau_std": 0.16, "bus_v_mean": 15.41, "bus_v_std": 5.42, "car_acc": 2.11, "car_dcc": 1.6, "car_lcAssertive": 43.56, "car_lcCooperative": 0.16, "car_lcLookaheadLeft": 79.52, "car_lcPushy": 0.9, "car_lcSublane": 0.88, "car_tau_mean": 3.55, "car_tau_std": 0.16, "car_v_mean": 8.16, "car_v_std": 3.84}, "datetime": {"datetime": "2024-08-04 15:27:51", "elapsed": 4014.54629, "delta": 2.811928}}
{"target": -0.05510208036137192, "params": {"bus_acc": 2.61, "bus_dcc": 3.98, "bus_lcAssertive": 85.52, "bus_lcCooperative": 0.56, "bus_lcLookaheadLeft": 66.04, "bus_lcPushy": 0.32, "bus_lcSublane": 0.95, "bus_tau_mean": 3.11, "bus_tau_std": 3.78, "bus_v_mean": 16.27, "bus_v_std": 0.28, "car_acc": 2.65, "car_dcc": 1.89, "car_lcAssertive": 35.36, "car_lcCooperative": 0.15, "car_lcLookaheadLeft": 40.53, "car_lcPushy": 0.96, "car_lcSublane": 0.56, "car_tau_mean": 1.57, "car_tau_std": 6.93, "car_v_mean": 22.91, "car_v_std": 3.62}, "datetime": {"datetime": "2024-08-04 15:27:54", "elapsed": 4017.284563, "delta": 2.738273}}
{"target": -0.0361441277472473, "params": {"bus_acc": 1.87, "bus_dcc": 3.79, "bus_lcAssertive": 66.16, "bus_lcCooperative": 0.27, "bus_lcLookaheadLeft": 92.79, "bus_lcPushy": 0.55, "bus_lcSublane": 0.31, "bus_tau_mean": 1.78, "bus_tau_std": 2.37, "bus_v_mean": 17.38, "bus_v_std": 6.57, "car_acc": 1.72, "car_dcc": 3.23, "car_lcAssertive": 7.48, "car_lcCooperative": 0.35, "car_lcLookaheadLeft": 24.69, "car_lcPushy": 0.67, "car_lcSublane": 0.83, "car_tau_mean": 3.34, "car_tau_std": 5.75, "car_v_mean": 12.43, "car_v_std": 3.28}, "datetime": {"datetime": "2024-08-04 15:27:58", "elapsed": 4021.145004, "delta": 3.860441}}
{"target": -0.04074175291870428, "params": {"bus_acc": 1.61, "bus_dcc": 3.49, "bus_lcAssertive": 4.45, "bus_lcCooperative": 0.62, "bus_lcLookaheadLeft": 96.69, "bus_lcPushy": 0.3, "bus_lcSublane": 0.68, "bus_tau_mean": 2.37, "bus_tau_std": 2.23, "bus_v_mean": 14.93, "bus_v_std": 0.18, "car_acc": 2.66, "car_dcc": 2.24, "car_lcAssertive": 42.13, "car_lcCooperative": 0.89, "car_lcLookaheadLeft": 10.26, "car_lcPushy": 0.77, "car_lcSublane": 0.41, "car_tau_mean": 2.08, "car_tau_std": 4.45, "car_v_mean": 14.43, "car_v_std": 6.66}, "datetime": {"datetime": "2024-08-04 15:28:31", "elapsed": 4053.889423, "delta": 32.744419}}
{"target": -0.025525259293312324, "params": {"bus_acc": 2.9, "bus_dcc": 3.2, "bus_lcAssertive": 66.28, "bus_lcCooperative": 0.72, "bus_lcLookaheadLeft": 17.05, "bus_lcPushy": 0.97, "bus_lcSublane": 0.9, "bus_tau_mean": 2.06, "bus_tau_std": 0.16, "bus_v_mean": 15.41, "bus_v_std": 5.42, "car_acc": 2.11, "car_dcc": 1.6, "car_lcAssertive": 43.56, "car_lcCooperative": 0.16, "car_lcLookaheadLeft": 79.52, "car_lcPushy": 0.92, "car_lcSublane": 0.88, "car_tau_mean": 3.55, "car_tau_std": 0.16, "car_v_mean": 8.16, "car_v_std": 3.84}, "datetime": {"datetime": "2024-08-04 15:28:35", "elapsed": 4058.079451, "delta": 4.190028}}
{"target": -0.0301559177520445, "params": {"bus_acc": 2.73, "bus_dcc": 3.1, "bus_lcAssertive": 29.5, "bus_lcCooperative": 0.36, "bus_lcLookaheadLeft": 48.44, "bus_lcPushy": 0.87, "bus_lcSublane": 0.83, "bus_tau_mean": 1.95, "bus_tau_std": 7.78, "bus_v_mean": 10.56, "bus_v_std": 2.92, "car_acc": 1.57, "car_dcc": 1.47, "car_lcAssertive": 1.35, "car_lcCooperative": 0.69, "car_lcLookaheadLeft": 42.94, "car_lcPushy": 0.55, "car_lcSublane": 0.91, "car_tau_mean": 3.33, "car_tau_std": 7.19, "car_v_mean": 17.18, "car_v_std": 8.45}, "datetime": {"datetime": "2024-08-04 15:28:38", "elapsed": 4060.808027, "delta": 2.728576}}
{"target": -0.03830793949872005, "params": {"bus_acc": 2.45, "bus_dcc": 1.61, "bus_lcAssertive": 20.33, "bus_lcCooperative": 0.75, "bus_lcLookaheadLeft": 44.02, "bus_lcPushy": 0.41, "bus_lcSublane": 0.88, "bus_tau_mean": 1.25, "bus_tau_std": 8.97, "bus_v_mean": 11.37, "bus_v_std": 6.78, "car_acc": 2.21, "car_dcc": 2.11, "car_lcAssertive": 53.78, "car_lcCooperative": 0.24, "car_lcLookaheadLeft": 73.98, "car_lcPushy": 0.4, "car_lcSublane": 0.83, "car_tau_mean": 2.73, "car_tau_std": 5.59, "car_v_mean": 17.38, "car_v_std": 8.82}, "datetime": {"datetime": "2024-08-04 15:28:46", "elapsed": 4069.111854, "delta": 8.303827}}
{"target": -0.025285840068162837, "params": {"bus_acc": 2.86, "bus_dcc": 3.2, "bus_lcAssertive": 66.28, "bus_lcCooperative": 0.72, "bus_lcLookaheadLeft": 17.05, "bus_lcPushy": 0.96, "bus_lcSublane": 0.86, "bus_tau_mean": 2.06, "bus_tau_std": 0.16, "bus_v_mean": 15.41, "bus_v_std": 5.42, "car_acc": 2.11, "car_dcc": 1.6, "car_lcAssertive": 43.56, "car_lcCooperative": 0.16, "car_lcLookaheadLeft": 79.52, "car_lcPushy": 0.9, "car_lcSublane": 0.88, "car_tau_mean": 3.55, "car_tau_std": 0.16, "car_v_mean": 8.16, "car_v_std": 3.84}, "datetime": {"datetime": "2024-08-04 15:28:57", "elapsed": 4080.392303, "delta": 11.280449}}
{"target": -0.04760222382121906, "params": {"bus_acc": 2.48, "bus_dcc": 2.84, "bus_lcAssertive": 6.29, "bus_lcCooperative": 0.91, "bus_lcLookaheadLeft": 68.21, "bus_lcPushy": 0.79, "bus_lcSublane": 0.92, "bus_tau_mean": 3.24, "bus_tau_std": 5.44, "bus_v_mean": 21.07, "bus_v_std": 7.87, "car_acc": 2.91, "car_dcc": 2.51, "car_lcAssertive": 23.52, "car_lcCooperative": 0.93, "car_lcLookaheadLeft": 74.45, "car_lcPushy": 0.11, "car_lcSublane": 0.13, "car_tau_mean": 2.83, "car_tau_std": 5.64, "car_v_mean": 14.89, "car_v_std": 0.6}, "datetime": {"datetime": "2024-08-04 15:29:01", "elapsed": 4083.834522, "delta": 3.442219}}
{"target": -0.02577668867672749, "params": {"bus_acc": 2.9, "bus_dcc": 3.2, "bus_lcAssertive": 66.28, "bus_lcCooperative": 0.72, "bus_lcLookaheadLeft": 17.05, "bus_lcPushy": 0.97, "bus_lcSublane": 0.89, "bus_tau_mean": 2.06, "bus_tau_std": 0.16, "bus_v_mean": 15.41, "bus_v_std": 5.42, "car_acc": 2.11, "car_dcc": 1.6, "car_lcAssertive": 43.56, "car_lcCooperative": 0.16, "car_lcLookaheadLeft": 79.52, "car_lcPushy": 0.92, "car_lcSublane": 0.88, "car_tau_mean": 3.55, "car_tau_std": 0.16, "car_v_mean": 8.16, "car_v_std": 3.84}, "datetime": {"datetime": "2024-08-04 15:29:06", "elapsed": 4088.900357, "delta": 5.065835}}
{"target": -0.024372467006988332, "params": {"bus_acc": 2.89, "bus_dcc": 3.2, "bus_lcAssertive": 66.28, "bus_lcCooperative": 0.72, "bus_lcLookaheadLeft": 17.05, "bus_lcPushy": 0.97, "bus_lcSublane": 0.9, "bus_tau_mean": 2.06, "bus_tau_std": 0.16, "bus_v_mean": 15.41, "bus_v_std": 5.42, "car_acc": 2.11, "car_dcc": 1.6, "car_lcAssertive": 43.56, "car_lcCooperative": 0.16, "car_lcLookaheadLeft": 79.52, "car_lcPushy": 0.92, "car_lcSublane": 0.88, "car_tau_mean": 3.55, "car_tau_std": 0.16, "car_v_mean": 8.16, "car_v_std": 3.84}, "datetime": {"datetime": "2024-08-04 15:29:12", "elapsed": 4095.312544, "delta": 6.412187}}
{"target": -0.04147436816276904, "params": {"bus_acc": 1.78, "bus_dcc": 2.18, "bus_lcAssertive": 17.83, "bus_lcCooperative": 0.81, "bus_lcLookaheadLeft": 14.53, "bus_lcPushy": 0.52, "bus_lcSublane": 0.17, "bus_tau_mean": 3.35, "bus_tau_std": 1.98, "bus_v_mean": 10.78, "bus_v_std": 2.25, "car_acc": 1.69, "car_dcc": 1.26, "car_lcAssertive": 43.75, "car_lcCooperative": 0.89, "car_lcLookaheadLeft": 37.61, "car_lcPushy": 0.41, "car_lcSublane": 0.5, "car_tau_mean": 0.98, "car_tau_std": 5.5, "car_v_mean": 20.97, "car_v_std": 8.47}, "datetime": {"datetime": "2024-08-04 15:29:17", "elapsed": 4100.116533, "delta": 4.803989}}
{"target": -0.03892845595913504, "params": {"bus_acc": 1.21, "bus_dcc": 2.25, "bus_lcAssertive": 71.16, "bus_lcCooperative": 0.29, "bus_lcLookaheadLeft": 14.36, "bus_lcPushy": 0.47, "bus_lcSublane": 0.83, "bus_tau_mean": 3.29, "bus_tau_std": 4.81, "bus_v_mean": 18.07, "bus_v_std": 4.08, "car_acc": 1.93, "car_dcc": 2.46, "car_lcAssertive": 32.7, "car_lcCooperative": 0.31, "car_lcLookaheadLeft": 21.05, "car_lcPushy": 0.5, "car_lcSublane": 0.47, "car_tau_mean": 2.86, "car_tau_std": 2.67, "car_v_mean": 18.24, "car_v_std": 6.9}, "datetime": {"datetime": "2024-08-04 15:29:40", "elapsed": 4123.271863, "delta": 23.15533}}
{"target": -0.04406553458957124, "params": {"bus_acc": 2.5, "bus_dcc": 2.84, "bus_lcAssertive": 63.7, "bus_lcCooperative": 0.21, "bus_lcLookaheadLeft": 79.01, "bus_lcPushy": 0.28, "bus_lcSublane": 0.01, "bus_tau_mean": 2.02, "bus_tau_std": 9.11, "bus_v_mean": 22.02, "bus_v_std": 3.14, "car_acc": 2.99, "car_dcc": 3.17, "car_lcAssertive": 41.1, "car_lcCooperative": 0.65, "car_lcLookaheadLeft": 28.58, "car_lcPushy": 0.55, "car_lcSublane": 0.22, "car_tau_mean": 3.19, "car_tau_std": 6.86, "car_v_mean": 17.99, "car_v_std": 7.1}, "datetime": {"datetime": "2024-08-04 15:29:55", "elapsed": 4138.703873, "delta": 15.43201}}
{"target": -0.04311496704121414, "params": {"bus_acc": 1.19, "bus_dcc": 2.95, "bus_lcAssertive": 79.31, "bus_lcCooperative": 0.01, "bus_lcLookaheadLeft": 80.1, "bus_lcPushy": 0.51, "bus_lcSublane": 0.11, "bus_tau_mean": 0.64, "bus_tau_std": 4.56, "bus_v_mean": 11.44, "bus_v_std": 1.08, "car_acc": 1.55, "car_dcc": 2.65, "car_lcAssertive": 29.02, "car_lcCooperative": 0.22, "car_lcLookaheadLeft": 8.71, "car_lcPushy": 0.9, "car_lcSublane": 0.43, "car_tau_mean": 3.4, "car_tau_std": 5.67, "car_v_mean": 16.39, "car_v_std": 0.17}, "datetime": {"datetime": "2024-08-04 15:30:22", "elapsed": 4165.415491, "delta": 26.711618}}
{"target": -0.049554140466725884, "params": {"bus_acc": 2.34, "bus_dcc": 3.48, "bus_lcAssertive": 19.6, "bus_lcCooperative": 0.3, "bus_lcLookaheadLeft": 39.11, "bus_lcPushy": 0.32, "bus_lcSublane": 0.59, "bus_tau_mean": 3.31, "bus_tau_std": 4.96, "bus_v_mean": 18.67, "bus_v_std": 9.12, "car_acc": 1.78, "car_dcc": 1.5, "car_lcAssertive": 33.82, "car_lcCooperative": 0.75, "car_lcLookaheadLeft": 7.73, "car_lcPushy": 0.67, "car_lcSublane": 0.54, "car_tau_mean": 3.87, "car_tau_std": 6.42, "car_v_mean": 20.23, "car_v_std": 3.08}, "datetime": {"datetime": "2024-08-04 15:30:32", "elapsed": 4175.580798, "delta": 10.165307}}
{"target": -0.024890176621218032, "params": {"bus_acc": 2.9, "bus_dcc": 3.2, "bus_lcAssertive": 66.28, "bus_lcCooperative": 0.72, "bus_lcLookaheadLeft": 17.05, "bus_lcPushy": 0.97, "bus_lcSublane": 0.9, "bus_tau_mean": 2.06, "bus_tau_std": 0.16, "bus_v_mean": 15.41, "bus_v_std": 5.42, "car_acc": 2.11, "car_dcc": 1.6, "car_lcAssertive": 43.56, "car_lcCooperative": 0.16, "car_lcLookaheadLeft": 79.52, "car_lcPushy": 0.93, "car_lcSublane": 0.88, "car_tau_mean": 3.55, "car_tau_std": 0.16, "car_v_mean": 8.16, "car_v_std": 3.84}, "datetime": {"datetime": "2024-08-04 15:30:50", "elapsed": 4193.502112, "delta": 17.921314}}
{"target": -0.03979011104384806, "params": {"bus_acc": 2.39, "bus_dcc": 1.6, "bus_lcAssertive": 45.22, "bus_lcCooperative": 0.64, "bus_lcLookaheadLeft": 29.55, "bus_lcPushy": 0.63, "bus_lcSublane": 0.55, "bus_tau_mean": 1.47, "bus_tau_std": 6.17, "bus_v_mean": 14.28, "bus_v_std": 8.1, "car_acc": 1.81, "car_dcc": 3.85, "car_lcAssertive": 35.93, "car_lcCooperative": 0.04, "car_lcLookaheadLeft": 43.45, "car_lcPushy": 0.77, "car_lcSublane": 0.79, "car_tau_mean": 3.44, "car_tau_std": 7.79, "car_v_mean": 23.41, "car_v_std": 9.96}, "datetime": {"datetime": "2024-08-04 15:30:53", "elapsed": 4196.763927, "delta": 3.261815}}
{"target": -0.02581547333719557, "params": {"bus_acc": 2.91, "bus_dcc": 3.2, "bus_lcAssertive": 66.28, "bus_lcCooperative": 0.72, "bus_lcLookaheadLeft": 17.05, "bus_lcPushy": 0.99, "bus_lcSublane": 0.91, "bus_tau_mean": 2.06, "bus_tau_std": 0.16, "bus_v_mean": 15.41, "bus_v_std": 5.42, "car_acc": 2.11, "car_dcc": 1.6, "car_lcAssertive": 43.56, "car_lcCooperative": 0.16, "car_lcLookaheadLeft": 79.52, "car_lcPushy": 0.98, "car_lcSublane": 0.88, "car_tau_mean": 3.55, "car_tau_std": 0.16, "car_v_mean": 8.16, "car_v_std": 3.84}, "datetime": {"datetime": "2024-08-04 15:30:59", "elapsed": 4202.197875, "delta": 5.433948}}
{"target": -0.024245398087509154, "params": {"bus_acc": 2.91, "bus_dcc": 3.2, "bus_lcAssertive": 66.28, "bus_lcCooperative": 0.72, "bus_lcLookaheadLeft": 17.05, "bus_lcPushy": 0.98, "bus_lcSublane": 0.91, "bus_tau_mean": 2.06, "bus_tau_std": 0.16, "bus_v_mean": 15.41, "bus_v_std": 5.42, "car_acc": 2.11, "car_dcc": 1.6, "car_lcAssertive": 43.56, "car_lcCooperative": 0.16, "car_lcLookaheadLeft": 79.52, "car_lcPushy": 0.95, "car_lcSublane": 0.88, "car_tau_mean": 3.55, "car_tau_std": 0.16, "car_v_mean": 8.16, "car_v_std": 3.84}, "datetime": {"datetime": "2024-08-04 15:31:02", "elapsed": 4205.631346, "delta": 3.433471}}
{"target": -0.03714070875109803, "params": {"bus_acc": 1.21, "bus_dcc": 2.03, "bus_lcAssertive": 84.84, "bus_lcCooperative": 0.91, "bus_lcLookaheadLeft": 81.71, "bus_lcPushy": 0.5, "bus_lcSublane": 0.94, "bus_tau_mean": 1.15, "bus_tau_std": 3.77, "bus_v_mean": 16.07, "bus_v_std": 8.38, "car_acc": 1.76, "car_dcc": 1.78, "car_lcAssertive": 51.64, "car_lcCooperative": 0.32, "car_lcLookaheadLeft": 75.9, "car_lcPushy": 0.41, "car_lcSublane": 0.27, "car_tau_mean": 3.92, "car_tau_std": 6.31, "car_v_mean": 10.16, "car_v_std": 4.19}, "datetime": {"datetime": "2024-08-04 15:31:06", "elapsed": 4208.850342, "delta": 3.218996}}
{"target": -0.025722780053346276, "params": {"bus_acc": 2.81, "bus_dcc": 3.19, "bus_lcAssertive": 66.27, "bus_lcCooperative": 0.71, "bus_lcLookaheadLeft": 17.04, "bus_lcPushy": 0.98, "bus_lcSublane": 0.88, "bus_tau_mean": 2.05, "bus_tau_std": 0.17, "bus_v_mean": 15.4, "bus_v_std": 5.41, "car_acc": 2.1, "car_dcc": 1.59, "car_lcAssertive": 43.55, "car_lcCooperative": 0.17, "car_lcLookaheadLeft": 79.51, "car_lcPushy": 0.91, "car_lcSublane": 0.87, "car_tau_mean": 3.54, "car_tau_std": 0.17, "car_v_mean": 8.17, "car_v_std": 3.83}, "datetime": {"datetime": "2024-08-04 15:31:08", "elapsed": 4211.79237, "delta": 2.942028}}
{"target": -0.03532262904085277, "params": {"bus_acc": 2.25, "bus_dcc": 1.88, "bus_lcAssertive": 2.86, "bus_lcCooperative": 0.65, "bus_lcLookaheadLeft": 24.91, "bus_lcPushy": 0.71, "bus_lcSublane": 0.41, "bus_tau_mean": 2.72, "bus_tau_std": 1.92, "bus_v_mean": 18.18, "bus_v_std": 5.2, "car_acc": 2.02, "car_dcc": 2.06, "car_lcAssertive": 34.22, "car_lcCooperative": 0.15, "car_lcLookaheadLeft": 23.94, "car_lcPushy": 0.05, "car_lcSublane": 0.44, "car_tau_mean": 2.01, "car_tau_std": 1.18, "car_v_mean": 12.83, "car_v_std": 4.7}, "datetime": {"datetime": "2024-08-04 15:31:19", "elapsed": 4222.579138, "delta": 10.786768}}
{"target": -0.03731762986655059, "params": {"bus_acc": 1.3, "bus_dcc": 2.08, "bus_lcAssertive": 85.52, "bus_lcCooperative": 0.17, "bus_lcLookaheadLeft": 93.89, "bus_lcPushy": 0.78, "bus_lcSublane": 0.86, "bus_tau_mean": 2.76, "bus_tau_std": 5.22, "bus_v_mean": 18.51, "bus_v_std": 8.55, "car_acc": 1.75, "car_dcc": 2.19, "car_lcAssertive": 82.76, "car_lcCooperative": 0.01, "car_lcLookaheadLeft": 41.5, "car_lcPushy": 0.16, "car_lcSublane": 0.07, "car_tau_mean": 3.55, "car_tau_std": 8.8, "car_v_mean": 13.07, "car_v_std": 9.98}, "datetime": {"datetime": "2024-08-04 15:31:34", "elapsed": 4237.221339, "delta": 14.642201}}
{"target": -0.04913119607032709, "params": {"bus_acc": 2.96, "bus_dcc": 1.2, "bus_lcAssertive": 52.32, "bus_lcCooperative": 0.28, "bus_lcLookaheadLeft": 5.95, "bus_lcPushy": 0.85, "bus_lcSublane": 0.77, "bus_tau_mean": 3.95, "bus_tau_std": 7.55, "bus_v_mean": 14.58, "bus_v_std": 2.42, "car_acc": 2.46, "car_dcc": 2.96, "car_lcAssertive": 64.31, "car_lcCooperative": 0.06, "car_lcLookaheadLeft": 39.58, "car_lcPushy": 0.04, "car_lcSublane": 1.0, "car_tau_mean": 0.73, "car_tau_std": 3.13, "car_v_mean": 17.53, "car_v_std": 3.24}, "datetime": {"datetime": "2024-08-04 15:31:37", "elapsed": 4239.871764, "delta": 2.650425}}
