{"target": -0.29989363594147267, "params": {"bus_acc": 1.0, "bus_dcc": 1.0, "bus_lcAssertive": 80.3522, "bus_lcCooperative": 0.7714, "bus_lcLookaheadLeft": 33.94, "bus_lcPushy": 0.6248, "bus_lcSigma": 0.2631, "bus_lcSpeedGainRight": 3.4821, "bus_lcSublane": 0.248, "bus_sigma": 0.028, "bus_tau_mean": 1.4918, "bus_tau_std": 4.679, "bus_v_mean": 8.0, "bus_v_std": 7.2963, "car_acc": 3.2551, "car_dcc": 2.6782, "car_lcAssertive": 3.7324, "car_lcCooperative": 0.6932, "car_lcLookaheadLeft": 17.5796, "car_lcPushy": 0.8202, "car_lcSigma": 1.0, "car_lcSpeedGainRight": 2.8014, "car_lcSublane": 0.3776, "car_sigma": 0.9991, "car_tau_mean": 3.6256, "car_tau_std": 4.271, "car_v_mean": 19.6051, "car_v_std": 20.0}, "datetime": {"datetime": "2024-08-08 13:12:34", "elapsed": 1541.898059, "delta": 5.037707}}
{"target": -0.3372396805911331, "params": {"bus_acc": 2.1165, "bus_dcc": 2.8419, "bus_lcAssertive": 68.1089, "bus_lcCooperative": 0.1943, "bus_lcLookaheadLeft": 26.7176, "bus_lcPushy": 0.7431, "bus_lcSigma": 0.0179, "bus_lcSpeedGainRight": 1.6668, "bus_lcSublane": 0.7018, "bus_sigma": 0.6092, "bus_tau_mean": 1.9101, "bus_tau_std": 5.9699, "bus_v_mean": 14.0546, "bus_v_std": 14.7971, "car_acc": 3.0316, "car_dcc": 2.458, "car_lcAssertive": 29.8402, "car_lcCooperative": 0.5103, "car_lcLookaheadLeft": 17.5604, "car_lcPushy": 0.7412, "car_lcSigma": 0.4613, "car_lcSpeedGainRight": 4.5534, "car_lcSublane": 0.9388, "car_sigma": 0.7508, "car_tau_mean": 1.4616, "car_tau_std": 0.3539, "car_v_mean": 17.1563, "car_v_std": 7.8987}, "datetime": {"datetime": "2024-08-08 13:12:37", "elapsed": 1544.780711, "delta": 2.882652}}
{"target": -0.3469449435076449, "params": {"bus_acc": 1.0, "bus_dcc": 1.0, "bus_lcAssertive": 80.2401, "bus_lcCooperative": 0.7838, "bus_lcLookaheadLeft": 34.4466, "bus_lcPushy": 0.6322, "bus_lcSigma": 0.239, "bus_lcSpeedGainRight": 3.4447, "bus_lcSublane": 0.2294, "bus_sigma": 0.0, "bus_tau_mean": 1.4911, "bus_tau_std": 4.8327, "bus_v_mean": 8.0, "bus_v_std": 6.9691, "car_acc": 3.2265, "car_dcc": 2.6886, "car_lcAssertive": 3.7779, "car_lcCooperative": 0.7094, "car_lcLookaheadLeft": 17.222, "car_lcPushy": 0.839, "car_lcSigma": 1.0, "car_lcSpeedGainRight": 2.8003, "car_lcSublane": 0.3832, "car_sigma": 1.0, "car_tau_mean": 3.6024, "car_tau_std": 4.3791, "car_v_mean": 19.6104, "car_v_std": 20.0}, "datetime": {"datetime": "2024-08-08 13:12:38", "elapsed": 1545.90481, "delta": 1.124099}}
{"target": -0.36293874412662325, "params": {"bus_acc": 5.0, "bus_dcc": 1.0349, "bus_lcAssertive": 84.3762, "bus_lcCooperative": 0.0, "bus_lcLookaheadLeft": 3.6308, "bus_lcPushy": 0.0, "bus_lcSigma": 0.9767, "bus_lcSpeedGainRight": 5.0, "bus_lcSublane": 0.4358, "bus_sigma": 1.0, "bus_tau_mean": 3.9135, "bus_tau_std": 6.2943, "bus_v_mean": 13.179, "bus_v_std": 8.4259, "car_acc": 2.6041, "car_dcc": 1.0, "car_lcAssertive": 36.9511, "car_lcCooperative": 0.0, "car_lcLookaheadLeft": 59.3864, "car_lcPushy": 0.9869, "car_lcSigma": 0.2419, "car_lcSpeedGainRight": 4.4578, "car_lcSublane": 0.4237, "car_sigma": 0.3064, "car_tau_mean": 1.5009, "car_tau_std": 3.0969, "car_v_mean": 10.8411, "car_v_std": 13.8852}, "datetime": {"datetime": "2024-08-08 13:12:39", "elapsed": 1547.12694, "delta": 1.22213}}
{"target": -0.28984876517810665, "params": {"bus_acc": 1.0, "bus_dcc": 1.0, "bus_lcAssertive": 80.3872, "bus_lcCooperative": 0.7664, "bus_lcLookaheadLeft": 33.8385, "bus_lcPushy": 0.6248, "bus_lcSigma": 0.2691, "bus_lcSpeedGainRight": 3.486, "bus_lcSublane": 0.2563, "bus_sigma": 0.0325, "bus_tau_mean": 1.4925, "bus_tau_std": 4.6416, "bus_v_mean": 8.0, "bus_v_std": 7.3762, "car_acc": 3.2711, "car_dcc": 2.6777, "car_lcAssertive": 3.7513, "car_lcCooperative": 0.6919, "car_lcLookaheadLeft": 17.6429, "car_lcPushy": 0.8167, "car_lcSigma": 1.0, "car_lcSpeedGainRight": 2.8043, "car_lcSublane": 0.3781, "car_sigma": 0.9947, "car_tau_mean": 3.6285, "car_tau_std": 4.2576, "car_v_mean": 19.6163, "car_v_std": 20.0}, "datetime": {"datetime": "2024-08-08 13:12:41", "elapsed": 1548.646313, "delta": 1.519373}}
{"target": -0.2765612108252755, "params": {"bus_acc": 1.2231, "bus_dcc": 1.8388, "bus_lcAssertive": 79.5587, "bus_lcCooperative": 0.709, "bus_lcLookaheadLeft": 25.8263, "bus_lcPushy": 0.548, "bus_lcSigma": 0.6067, "bus_lcSpeedGainRight": 3.5946, "bus_lcSublane": 0.479, "bus_sigma": 0.4271, "bus_tau_mean": 1.5826, "bus_tau_std": 2.2676, "bus_v_mean": 9.7514, "bus_v_std": 13.1071, "car_acc": 3.7188, "car_dcc": 3.0705, "car_lcAssertive": 1.3554, "car_lcCooperative": 0.4265, "car_lcLookaheadLeft": 14.0237, "car_lcPushy": 0.5096, "car_lcSigma": 0.9364, "car_lcSpeedGainRight": 2.49, "car_lcSublane": 0.3717, "car_sigma": 0.7989, "car_tau_mean": 3.8741, "car_tau_std": 2.809, "car_v_mean": 20.9201, "car_v_std": 19.7488}, "datetime": {"datetime": "2024-08-08 13:12:42", "elapsed": 1549.882605, "delta": 1.236292}}
{"target": -0.3086849502291574, "params": {"bus_acc": 1.0, "bus_dcc": 1.0, "bus_lcAssertive": 80.2714, "bus_lcCooperative": 0.7839, "bus_lcLookaheadLeft": 34.3098, "bus_lcPushy": 0.6316, "bus_lcSigma": 0.2423, "bus_lcSpeedGainRight": 3.4648, "bus_lcSublane": 0.2307, "bus_sigma": 0.0, "bus_tau_mean": 1.4899, "bus_tau_std": 4.7965, "bus_v_mean": 8.0, "bus_v_std": 7.0321, "car_acc": 3.2325, "car_dcc": 2.6873, "car_lcAssertive": 3.6851, "car_lcCooperative": 0.7077, "car_lcLookaheadLeft": 17.2769, "car_lcPushy": 0.8371, "car_lcSigma": 1.0, "car_lcSpeedGainRight": 2.8008, "car_lcSublane": 0.3816, "car_sigma": 1.0, "car_tau_mean": 3.6206, "car_tau_std": 4.3498, "car_v_mean": 19.6143, "car_v_std": 20.0}, "datetime": {"datetime": "2024-08-08 13:12:44", "elapsed": 1551.522451, "delta": 1.639846}}
{"target": -0.35868281036859107, "params": {"bus_acc": 1.0, "bus_dcc": 1.0, "bus_lcAssertive": 80.2272, "bus_lcCooperative": 0.7856, "bus_lcLookaheadLeft": 34.4752, "bus_lcPushy": 0.6328, "bus_lcSigma": 0.2371, "bus_lcSpeedGainRight": 3.4445, "bus_lcSublane": 0.2276, "bus_sigma": 0.0, "bus_tau_mean": 1.4911, "bus_tau_std": 4.8423, "bus_v_mean": 8.0, "bus_v_std": 6.946, "car_acc": 3.2247, "car_dcc": 2.6902, "car_lcAssertive": 3.7699, "car_lcCooperative": 0.7107, "car_lcLookaheadLeft": 17.1939, "car_lcPushy": 0.8407, "car_lcSigma": 1.0, "car_lcSpeedGainRight": 2.7992, "car_lcSublane": 0.3837, "car_sigma": 1.0, "car_tau_mean": 3.6026, "car_tau_std": 4.3842, "car_v_mean": 19.6104, "car_v_std": 20.0}, "datetime": {"datetime": "2024-08-08 13:12:46", "elapsed": 1553.666046, "delta": 2.143595}}
{"target": -0.3082091195940059, "params": {"bus_acc": 1.0, "bus_dcc": 1.0, "bus_lcAssertive": 80.1362, "bus_lcCooperative": 0.8064, "bus_lcLookaheadLeft": 34.9482, "bus_lcPushy": 0.6408, "bus_lcSigma": 0.2068, "bus_lcSpeedGainRight": 3.4373, "bus_lcSublane": 0.1975, "bus_sigma": 0.0, "bus_tau_mean": 1.4864, "bus_tau_std": 4.9883, "bus_v_mean": 8.0, "bus_v_std": 6.5305, "car_acc": 3.2027, "car_dcc": 2.7096, "car_lcAssertive": 3.6223, "car_lcCooperative": 0.732, "car_lcLookaheadLeft": 16.7798, "car_lcPushy": 0.8665, "car_lcSigma": 1.0, "car_lcSpeedGainRight": 2.7874, "car_lcSublane": 0.388, "car_sigma": 1.0, "car_tau_mean": 3.607, "car_tau_std": 4.4738, "car_v_mean": 19.6249, "car_v_std": 20.0}, "datetime": {"datetime": "2024-08-08 13:12:47", "elapsed": 1554.533899, "delta": 0.867853}}
{"target": -0.34200529961729215, "params": {"bus_acc": 1.0, "bus_dcc": 1.0, "bus_lcAssertive": 80.305, "bus_lcCooperative": 0.7778, "bus_lcLookaheadLeft": 34.213, "bus_lcPushy": 0.6293, "bus_lcSigma": 0.2497, "bus_lcSpeedGainRight": 3.4616, "bus_lcSublane": 0.2385, "bus_sigma": 0.0099, "bus_tau_mean": 1.4919, "bus_tau_std": 4.7626, "bus_v_mean": 8.0, "bus_v_std": 7.1206, "car_acc": 3.2389, "car_dcc": 2.6822, "car_lcAssertive": 3.7533, "car_lcCooperative": 0.7023, "car_lcLookaheadLeft": 17.3834, "car_lcPushy": 0.8302, "car_lcSigma": 1.0, "car_lcSpeedGainRight": 2.8038, "car_lcSublane": 0.3803, "car_sigma": 1.0, "car_tau_mean": 3.6139, "car_tau_std": 4.3312, "car_v_mean": 19.6109, "car_v_std": 20.0}, "datetime": {"datetime": "2024-08-08 13:12:49", "elapsed": 1557.272853, "delta": 2.738954}}
{"target": -0.3255053361022652, "params": {"bus_acc": 1.0, "bus_dcc": 1.0, "bus_lcAssertive": 80.245, "bus_lcCooperative": 0.7847, "bus_lcLookaheadLeft": 34.4432, "bus_lcPushy": 0.6332, "bus_lcSigma": 0.2381, "bus_lcSpeedGainRight": 3.4472, "bus_lcSublane": 0.2287, "bus_sigma": 0.0, "bus_tau_mean": 1.493, "bus_tau_std": 4.837, "bus_v_mean": 8.0, "bus_v_std": 6.9624, "car_acc": 3.2262, "car_dcc": 2.6879, "car_lcAssertive": 3.768, "car_lcCooperative": 0.7102, "car_lcLookaheadLeft": 17.2102, "car_lcPushy": 0.8398, "car_lcSigma": 1.0, "car_lcSpeedGainRight": 2.8021, "car_lcSublane": 0.3829, "car_sigma": 1.0, "car_tau_mean": 3.6044, "car_tau_std": 4.3787, "car_v_mean": 19.6111, "car_v_std": 20.0}, "datetime": {"datetime": "2024-08-08 13:12:53", "elapsed": 1560.960052, "delta": 3.687199}}
{"target": -0.33074309167581684, "params": {"bus_acc": 1.0, "bus_dcc": 1.0, "bus_lcAssertive": 80.217, "bus_lcCooperative": 0.7905, "bus_lcLookaheadLeft": 34.5549, "bus_lcPushy": 0.6354, "bus_lcSigma": 0.2303, "bus_lcSpeedGainRight": 3.448, "bus_lcSublane": 0.2208, "bus_sigma": 0.0, "bus_tau_mean": 1.4915, "bus_tau_std": 4.874, "bus_v_mean": 8.0, "bus_v_std": 6.8623, "car_acc": 3.2198, "car_dcc": 2.6928, "car_lcAssertive": 3.7138, "car_lcCooperative": 0.7155, "car_lcLookaheadLeft": 17.1013, "car_lcPushy": 0.8466, "car_lcSigma": 1.0, "car_lcSpeedGainRight": 2.7992, "car_lcSublane": 0.3841, "car_sigma": 1.0, "car_tau_mean": 3.6084, "car_tau_std": 4.4002, "car_v_mean": 19.6142, "car_v_std": 20.0}, "datetime": {"datetime": "2024-08-08 13:12:55", "elapsed": 1562.684326, "delta": 1.724274}}
{"target": -0.326983993627351, "params": {"bus_acc": 1.0, "bus_dcc": 1.0, "bus_lcAssertive": 80.2584, "bus_lcCooperative": 0.7785, "bus_lcLookaheadLeft": 34.2461, "bus_lcPushy": 0.629, "bus_lcSigma": 0.2443, "bus_lcSpeedGainRight": 3.5024, "bus_lcSublane": 0.2363, "bus_sigma": 0.0021, "bus_tau_mean": 1.4935, "bus_tau_std": 4.7989, "bus_v_mean": 8.0, "bus_v_std": 7.1288, "car_acc": 3.2304, "car_dcc": 2.6827, "car_lcAssertive": 3.7003, "car_lcCooperative": 0.706, "car_lcLookaheadLeft": 17.367, "car_lcPushy": 0.8374, "car_lcSigma": 1.0, "car_lcSpeedGainRight": 2.8021, "car_lcSublane": 0.3822, "car_sigma": 1.0, "car_tau_mean": 3.6352, "car_tau_std": 4.3206, "car_v_mean": 19.5845, "car_v_std": 20.0}, "datetime": {"datetime": "2024-08-08 13:12:56", "elapsed": 1563.743828, "delta": 1.059502}}
{"target": -0.3299072082752722, "params": {"bus_acc": 1.0, "bus_dcc": 1.0, "bus_lcAssertive": 80.2287, "bus_lcCooperative": 0.785, "bus_lcLookaheadLeft": 34.463, "bus_lcPushy": 0.6334, "bus_lcSigma": 0.2376, "bus_lcSpeedGainRight": 3.4441, "bus_lcSublane": 0.2283, "bus_sigma": 0.0, "bus_tau_mean": 1.4943, "bus_tau_std": 4.8439, "bus_v_mean": 8.0, "bus_v_std": 6.955, "car_acc": 3.225, "car_dcc": 2.6887, "car_lcAssertive": 3.7889, "car_lcCooperative": 0.7104, "car_lcLookaheadLeft": 17.1963, "car_lcPushy": 0.8403, "car_lcSigma": 1.0, "car_lcSpeedGainRight": 2.8014, "car_lcSublane": 0.3834, "car_sigma": 1.0, "car_tau_mean": 3.6005, "car_tau_std": 4.3819, "car_v_mean": 19.6098, "car_v_std": 20.0}, "datetime": {"datetime": "2024-08-08 13:13:03", "elapsed": 1570.886036, "delta": 7.142208}}
{"target": -0.30544630856503147, "params": {"bus_acc": 1.0, "bus_dcc": 1.0, "bus_lcAssertive": 80.2784, "bus_lcCooperative": 0.7819, "bus_lcLookaheadLeft": 34.2225, "bus_lcPushy": 0.6302, "bus_lcSigma": 0.2459, "bus_lcSpeedGainRight": 3.4727, "bus_lcSublane": 0.2337, "bus_sigma": 0.0064, "bus_tau_mean": 1.4804, "bus_tau_std": 4.7496, "bus_v_mean": 8.0, "bus_v_std": 7.0761, "car_acc": 3.2387, "car_dcc": 2.674, "car_lcAssertive": 3.6975, "car_lcCooperative": 0.7059, "car_lcLookaheadLeft": 17.3432, "car_lcPushy": 0.8335, "car_lcSigma": 1.0, "car_lcSpeedGainRight": 2.8038, "car_lcSublane": 0.3837, "car_sigma": 1.0, "car_tau_mean": 3.6202, "car_tau_std": 4.347, "car_v_mean": 19.6305, "car_v_std": 20.0}, "datetime": {"datetime": "2024-08-08 13:13:08", "elapsed": 1575.552669, "delta": 4.666633}}
{"target": -0.3125340639262032, "params": {"bus_acc": 1.0, "bus_dcc": 1.0, "bus_lcAssertive": 80.3798, "bus_lcCooperative": 0.7676, "bus_lcLookaheadLeft": 33.818, "bus_lcPushy": 0.6226, "bus_lcSigma": 0.2693, "bus_lcSpeedGainRight": 3.4876, "bus_lcSublane": 0.2535, "bus_sigma": 0.0365, "bus_tau_mean": 1.4927, "bus_tau_std": 4.638, "bus_v_mean": 8.0, "bus_v_std": 7.3798, "car_acc": 3.2626, "car_dcc": 2.6767, "car_lcAssertive": 3.7422, "car_lcCooperative": 0.6887, "car_lcLookaheadLeft": 17.6639, "car_lcPushy": 0.8148, "car_lcSigma": 1.0, "car_lcSpeedGainRight": 2.8006, "car_lcSublane": 0.3763, "car_sigma": 0.9944, "car_tau_mean": 3.627, "car_tau_std": 4.2455, "car_v_mean": 19.6082, "car_v_std": 20.0}, "datetime": {"datetime": "2024-08-08 13:13:10", "elapsed": 1577.726224, "delta": 2.173555}}
{"target": -0.3328731444623881, "params": {"bus_acc": 1.0, "bus_dcc": 1.0, "bus_lcAssertive": 80.2858, "bus_lcCooperative": 0.7817, "bus_lcLookaheadLeft": 34.2641, "bus_lcPushy": 0.6306, "bus_lcSigma": 0.2452, "bus_lcSpeedGainRight": 3.4651, "bus_lcSublane": 0.2337, "bus_sigma": 0.0028, "bus_tau_mean": 1.4902, "bus_tau_std": 4.7812, "bus_v_mean": 8.0, "bus_v_std": 7.0698, "car_acc": 3.2353, "car_dcc": 2.6852, "car_lcAssertive": 3.7024, "car_lcCooperative": 0.7054, "car_lcLookaheadLeft": 17.321, "car_lcPushy": 0.8344, "car_lcSigma": 1.0, "car_lcSpeedGainRight": 2.8019, "car_lcSublane": 0.381, "car_sigma": 1.0, "car_tau_mean": 3.6193, "car_tau_std": 4.3409, "car_v_mean": 19.6131, "car_v_std": 20.0}, "datetime": {"datetime": "2024-08-08 13:13:12", "elapsed": 1580.169182, "delta": 2.442958}}
{"target": -0.3775502764728208, "params": {"bus_acc": 1.0, "bus_dcc": 1.0, "bus_lcAssertive": 80.1606, "bus_lcCooperative": 0.8003, "bus_lcLookaheadLeft": 34.8057, "bus_lcPushy": 0.6392, "bus_lcSigma": 0.2192, "bus_lcSpeedGainRight": 3.4343, "bus_lcSublane": 0.2098, "bus_sigma": 0.0, "bus_tau_mean": 1.4878, "bus_tau_std": 4.9459, "bus_v_mean": 8.0, "bus_v_std": 6.6672, "car_acc": 3.2085, "car_dcc": 2.7055, "car_lcAssertive": 3.6827, "car_lcCooperative": 0.7229, "car_lcLookaheadLeft": 16.9055, "car_lcPushy": 0.8576, "car_lcSigma": 1.0, "car_lcSpeedGainRight": 2.7912, "car_lcSublane": 0.3868, "car_sigma": 1.0, "car_tau_mean": 3.6039, "car_tau_std": 4.4497, "car_v_mean": 19.6232, "car_v_std": 20.0}, "datetime": {"datetime": "2024-08-08 13:13:14", "elapsed": 1581.978661, "delta": 1.809479}}
{"target": -0.3320688573076208, "params": {"bus_acc": 1.0, "bus_dcc": 1.0, "bus_lcAssertive": 80.3393, "bus_lcCooperative": 0.7727, "bus_lcLookaheadLeft": 33.9851, "bus_lcPushy": 0.6246, "bus_lcSigma": 0.2594, "bus_lcSpeedGainRight": 3.4726, "bus_lcSublane": 0.2466, "bus_sigma": 0.0233, "bus_tau_mean": 1.4867, "bus_tau_std": 4.6921, "bus_v_mean": 8.0, "bus_v_std": 7.271, "car_acc": 3.2466, "car_dcc": 2.6765, "car_lcAssertive": 3.72, "car_lcCooperative": 0.6955, "car_lcLookaheadLeft": 17.5406, "car_lcPushy": 0.8218, "car_lcSigma": 1.0, "car_lcSpeedGainRight": 2.7961, "car_lcSublane": 0.3797, "car_sigma": 1.0, "car_tau_mean": 3.6222, "car_tau_std": 4.2891, "car_v_mean": 19.6085, "car_v_std": 20.0}, "datetime": {"datetime": "2024-08-08 13:13:16", "elapsed": 1583.952827, "delta": 1.974166}}
{"target": -0.3320048065227911, "params": {"bus_acc": 1.0, "bus_dcc": 1.0, "bus_lcAssertive": 80.2852, "bus_lcCooperative": 0.7808, "bus_lcLookaheadLeft": 34.2715, "bus_lcPushy": 0.6306, "bus_lcSigma": 0.2459, "bus_lcSpeedGainRight": 3.4617, "bus_lcSublane": 0.2346, "bus_sigma": 0.0039, "bus_tau_mean": 1.4911, "bus_tau_std": 4.783, "bus_v_mean": 8.0, "bus_v_std": 7.0725, "car_acc": 3.2353, "car_dcc": 2.6849, "car_lcAssertive": 3.728, "car_lcCooperative": 0.7051, "car_lcLookaheadLeft": 17.3255, "car_lcPushy": 0.8338, "car_lcSigma": 1.0, "car_lcSpeedGainRight": 2.8027, "car_lcSublane": 0.3812, "car_sigma": 1.0, "car_tau_mean": 3.6157, "car_tau_std": 4.3428, "car_v_mean": 19.612, "car_v_std": 20.0}, "datetime": {"datetime": "2024-08-08 13:13:17", "elapsed": 1585.483653, "delta": 1.530826}}
{"target": -0.26493746738701246, "params": {"bus_acc": 1.2211, "bus_dcc": 1.8376, "bus_lcAssertive": 79.5572, "bus_lcCooperative": 0.7092, "bus_lcLookaheadLeft": 25.83, "bus_lcPushy": 0.5481, "bus_lcSigma": 0.6065, "bus_lcSpeedGainRight": 3.5948, "bus_lcSublane": 0.4787, "bus_sigma": 0.4269, "bus_tau_mean": 1.5824, "bus_tau_std": 2.2691, "bus_v_mean": 9.7479, "bus_v_std": 13.1047, "car_acc": 3.7183, "car_dcc": 3.0704, "car_lcAssertive": 1.3548, "car_lcCooperative": 0.4267, "car_lcLookaheadLeft": 14.0236, "car_lcPushy": 0.5099, "car_lcSigma": 0.937, "car_lcSpeedGainRight": 2.4901, "car_lcSublane": 0.3718, "car_sigma": 0.7991, "car_tau_mean": 3.8743, "car_tau_std": 2.8098, "car_v_mean": 20.9192, "car_v_std": 19.7511}, "datetime": {"datetime": "2024-08-08 13:13:19", "elapsed": 1586.861771, "delta": 1.378118}}
{"target": -0.3381533873284001, "params": {"bus_acc": 1.0, "bus_dcc": 1.0, "bus_lcAssertive": 80.3466, "bus_lcCooperative": 0.772, "bus_lcLookaheadLeft": 33.9431, "bus_lcPushy": 0.625, "bus_lcSigma": 0.2628, "bus_lcSpeedGainRight": 3.4827, "bus_lcSublane": 0.2475, "bus_sigma": 0.0273, "bus_tau_mean": 1.4919, "bus_tau_std": 4.681, "bus_v_mean": 8.0, "bus_v_std": 7.2934, "car_acc": 3.2548, "car_dcc": 2.6787, "car_lcAssertive": 3.7286, "car_lcCooperative": 0.6936, "car_lcLookaheadLeft": 17.5729, "car_lcPushy": 0.8207, "car_lcSigma": 1.0, "car_lcSpeedGainRight": 2.801, "car_lcSublane": 0.378, "car_sigma": 0.9992, "car_tau_mean": 3.6261, "car_tau_std": 4.2714, "car_v_mean": 19.6047, "car_v_std": 20.0}, "datetime": {"datetime": "2024-08-08 13:13:20", "elapsed": 1587.76282, "delta": 0.901049}}
{"target": -0.287722974749071, "params": {"bus_acc": 1.2233, "bus_dcc": 1.8389, "bus_lcAssertive": 79.5588, "bus_lcCooperative": 0.7091, "bus_lcLookaheadLeft": 25.8261, "bus_lcPushy": 0.5481, "bus_lcSigma": 0.6068, "bus_lcSpeedGainRight": 3.5947, "bus_lcSublane": 0.4789, "bus_sigma": 0.4272, "bus_tau_mean": 1.5826, "bus_tau_std": 2.2675, "bus_v_mean": 9.7517, "bus_v_std": 13.1073, "car_acc": 3.7189, "car_dcc": 3.0706, "car_lcAssertive": 1.3554, "car_lcCooperative": 0.4265, "car_lcLookaheadLeft": 14.0238, "car_lcPushy": 0.5097, "car_lcSigma": 0.9364, "car_lcSpeedGainRight": 2.4901, "car_lcSublane": 0.3717, "car_sigma": 0.7989, "car_tau_mean": 3.8742, "car_tau_std": 2.809, "car_v_mean": 20.9203, "car_v_std": 19.7488}, "datetime": {"datetime": "2024-08-08 13:13:47", "elapsed": 1615.011116, "delta": 27.248296}}
{"target": -0.38217148690221625, "params": {"bus_acc": 1.0, "bus_dcc": 1.0, "bus_lcAssertive": 80.3923, "bus_lcCooperative": 0.7661, "bus_lcLookaheadLeft": 33.7834, "bus_lcPushy": 0.622, "bus_lcSigma": 0.2716, "bus_lcSpeedGainRight": 3.4883, "bus_lcSublane": 0.2558, "bus_sigma": 0.0399, "bus_tau_mean": 1.4935, "bus_tau_std": 4.6262, "bus_v_mean": 8.0, "bus_v_std": 7.4052, "car_acc": 3.265, "car_dcc": 2.6758, "car_lcAssertive": 3.7528, "car_lcCooperative": 0.6873, "car_lcLookaheadLeft": 17.6962, "car_lcPushy": 0.813, "car_lcSigma": 1.0, "car_lcSpeedGainRight": 2.801, "car_lcSublane": 0.376, "car_sigma": 0.9924, "car_tau_mean": 3.6265, "car_tau_std": 4.2384, "car_v_mean": 19.6081, "car_v_std": 20.0}, "datetime": {"datetime": "2024-08-08 13:13:48", "elapsed": 1616.421531, "delta": 1.410415}}
{"target": -0.3644693579311107, "params": {"bus_acc": 1.0, "bus_dcc": 1.0, "bus_lcAssertive": 80.4215, "bus_lcCooperative": 0.7652, "bus_lcLookaheadLeft": 33.7517, "bus_lcPushy": 0.6261, "bus_lcSigma": 0.2706, "bus_lcSpeedGainRight": 3.4966, "bus_lcSublane": 0.2561, "bus_sigma": 0.0406, "bus_tau_mean": 1.4954, "bus_tau_std": 4.6091, "bus_v_mean": 8.0, "bus_v_std": 7.4231, "car_acc": 3.271, "car_dcc": 2.6766, "car_lcAssertive": 3.7582, "car_lcCooperative": 0.686, "car_lcLookaheadLeft": 17.7301, "car_lcPushy": 0.814, "car_lcSigma": 1.0, "car_lcSpeedGainRight": 2.7995, "car_lcSublane": 0.3759, "car_sigma": 0.9919, "car_tau_mean": 3.6326, "car_tau_std": 4.2272, "car_v_mean": 19.6245, "car_v_std": 20.0}, "datetime": {"datetime": "2024-08-08 13:13:57", "elapsed": 1625.227202, "delta": 8.805671}}
{"target": -0.3173756674179534, "params": {"bus_acc": 1.4241, "bus_dcc": 1.9548, "bus_lcAssertive": 79.7095, "bus_lcCooperative": 0.6962, "bus_lcLookaheadLeft": 25.473, "bus_lcPushy": 0.5392, "bus_lcSigma": 0.6333, "bus_lcSpeedGainRight": 3.579, "bus_lcSublane": 0.498, "bus_sigma": 0.4551, "bus_tau_mean": 1.588, "bus_tau_std": 2.1217, "bus_v_mean": 10.0935, "bus_v_std": 13.3459, "car_acc": 3.7698, "car_dcc": 3.0811, "car_lcAssertive": 1.4106, "car_lcCooperative": 0.4115, "car_lcLookaheadLeft": 14.0406, "car_lcPushy": 0.4882, "car_lcSigma": 0.8817, "car_lcSpeedGainRight": 2.4818, "car_lcSublane": 0.3679, "car_sigma": 0.78, "car_tau_mean": 3.8555, "car_tau_std": 2.7303, "car_v_mean": 21.0104, "car_v_std": 19.5294}, "datetime": {"datetime": "2024-08-08 13:14:06", "elapsed": 1633.582037, "delta": 8.354835}}
{"target": -0.3524727409918559, "params": {"bus_acc": 1.2236, "bus_dcc": 1.839, "bus_lcAssertive": 79.559, "bus_lcCooperative": 0.7089, "bus_lcLookaheadLeft": 25.825, "bus_lcPushy": 0.5479, "bus_lcSigma": 0.6067, "bus_lcSpeedGainRight": 3.5944, "bus_lcSublane": 0.4789, "bus_sigma": 0.4271, "bus_tau_mean": 1.5824, "bus_tau_std": 2.2669, "bus_v_mean": 9.7524, "bus_v_std": 13.1077, "car_acc": 3.7188, "car_dcc": 3.0704, "car_lcAssertive": 1.3554, "car_lcCooperative": 0.4263, "car_lcLookaheadLeft": 14.0236, "car_lcPushy": 0.5095, "car_lcSigma": 0.9361, "car_lcSpeedGainRight": 2.4898, "car_lcSublane": 0.3716, "car_sigma": 0.7987, "car_tau_mean": 3.8739, "car_tau_std": 2.8086, "car_v_mean": 20.9203, "car_v_std": 19.7479}, "datetime": {"datetime": "2024-08-08 13:14:11", "elapsed": 1639.128692, "delta": 5.546655}}
