{"target": -0.3379966620827992, "params": {"bus_acc": 1.8049, "bus_dcc": 2.5835, "bus_lcAssertive": 85.7632, "bus_lcCooperative": 0.4821, "bus_lcLookaheadLeft": 63.8055, "bus_lcPushy": 0.6234, "bus_lcSigma": 0.6193, "bus_lcSublane": 0.2616, "bus_sigma": 0.7447, "bus_tau_mean": 1.9574, "bus_tau_std": 4.4069, "bus_v_mean": 14.4582, "bus_v_std": 7.0584, "car_acc": 1.595, "car_dcc": 3.072, "car_lcAssertive": 2.9491, "car_lcCooperative": 0.9829, "car_lcLookaheadLeft": 61.0682, "car_lcPushy": 0.5954, "car_lcSigma": 0.358, "car_lcSublane": 0.6967, "car_sigma": 0.9057, "car_tau_mean": 2.0357, "car_tau_std": 8.0873, "car_v_mean": 13.0223, "car_v_std": 9.9946}, "datetime": {"datetime": "2024-08-07 01:04:37", "elapsed": 404.628278, "delta": 2.233964}}
{"target": -0.28205741355253966, "params": {"bus_acc": 1.8162, "bus_dcc": 2.5948, "bus_lcAssertive": 85.7691, "bus_lcCooperative": 0.4881, "bus_lcLookaheadLeft": 63.8168, "bus_lcPushy": 0.6237, "bus_lcSigma": 0.6253, "bus_lcSublane": 0.2675, "bus_sigma": 0.745, "bus_tau_mean": 1.9687, "bus_tau_std": 4.4182, "bus_v_mean": 14.4695, "bus_v_std": 7.0697, "car_acc": 1.6063, "car_dcc": 3.0833, "car_lcAssertive": 2.9604, "car_lcCooperative": 0.9832, "car_lcLookaheadLeft": 61.0795, "car_lcPushy": 0.6013, "car_lcSigma": 0.364, "car_lcSublane": 0.697, "car_sigma": 0.906, "car_tau_mean": 2.047, "car_tau_std": 8.0985, "car_v_mean": 13.0336, "car_v_std": 10.0}, "datetime": {"datetime": "2024-08-07 01:04:40", "elapsed": 406.995983, "delta": 2.367705}}
{"target": -0.30185490729771003, "params": {"bus_acc": 1.8166, "bus_dcc": 2.5952, "bus_lcAssertive": 85.769, "bus_lcCooperative": 0.488, "bus_lcLookaheadLeft": 63.8172, "bus_lcPushy": 0.6236, "bus_lcSigma": 0.6252, "bus_lcSublane": 0.2674, "bus_sigma": 0.7448, "bus_tau_mean": 1.9691, "bus_tau_std": 4.4186, "bus_v_mean": 14.4699, "bus_v_std": 7.0701, "car_acc": 1.6067, "car_dcc": 3.0837, "car_lcAssertive": 2.9608, "car_lcCooperative": 0.983, "car_lcLookaheadLeft": 61.0799, "car_lcPushy": 0.6012, "car_lcSigma": 0.3639, "car_lcSublane": 0.6969, "car_sigma": 0.9058, "car_tau_mean": 2.0474, "car_tau_std": 8.099, "car_v_mean": 13.034, "car_v_std": 10.0}, "datetime": {"datetime": "2024-08-07 01:04:44", "elapsed": 411.136086, "delta": 4.140103}}
{"target": -0.2939705306098122, "params": {"bus_acc": 2.1153, "bus_dcc": 2.5113, "bus_lcAssertive": 92.0286, "bus_lcCooperative": 0.3995, "bus_lcLookaheadLeft": 58.8054, "bus_lcPushy": 0.3951, "bus_lcSigma": 0.3835, "bus_lcSublane": 0.0391, "bus_sigma": 0.4714, "bus_tau_mean": 2.2717, "bus_tau_std": 2.2634, "bus_v_mean": 13.9556, "bus_v_std": 7.5654, "car_acc": 1.7399, "car_dcc": 2.8474, "car_lcAssertive": 10.5486, "car_lcCooperative": 0.7299, "car_lcLookaheadLeft": 59.8688, "car_lcPushy": 0.6674, "car_lcSigma": 0.1735, "car_lcSublane": 0.4868, "car_sigma": 0.6047, "car_tau_mean": 2.3208, "car_tau_std": 6.2173, "car_v_mean": 10.8755, "car_v_std": 7.473}, "datetime": {"datetime": "2024-08-07 01:04:47", "elapsed": 414.380351, "delta": 3.244265}}
{"target": -0.345195735547294, "params": {"bus_acc": 1.4894, "bus_dcc": 2.2916, "bus_lcAssertive": 96.0613, "bus_lcCooperative": 0.0611, "bus_lcLookaheadLeft": 74.4301, "bus_lcPushy": 0.6087, "bus_lcSigma": 0.3811, "bus_lcSublane": 0.2783, "bus_sigma": 0.3062, "bus_tau_mean": 2.9787, "bus_tau_std": 4.0659, "bus_v_mean": 12.3919, "bus_v_std": 8.8984, "car_acc": 1.9954, "car_dcc": 2.0891, "car_lcAssertive": 7.7432, "car_lcCooperative": 0.7816, "car_lcLookaheadLeft": 27.1266, "car_lcPushy": 0.4438, "car_lcSigma": 0.8655, "car_lcSublane": 0.3454, "car_sigma": 0.3206, "car_tau_mean": 3.1096, "car_tau_std": 7.1707, "car_v_mean": 17.4862, "car_v_std": 5.3683}, "datetime": {"datetime": "2024-08-07 01:04:52", "elapsed": 419.165547, "delta": 4.785196}}
{"target": -0.2755197555570147, "params": {"bus_acc": 1.8172, "bus_dcc": 2.5958, "bus_lcAssertive": 85.7694, "bus_lcCooperative": 0.4883, "bus_lcLookaheadLeft": 63.8178, "bus_lcPushy": 0.6236, "bus_lcSigma": 0.6255, "bus_lcSublane": 0.2678, "bus_sigma": 0.7448, "bus_tau_mean": 1.9697, "bus_tau_std": 4.4192, "bus_v_mean": 14.4705, "bus_v_std": 7.0707, "car_acc": 1.6073, "car_dcc": 3.0843, "car_lcAssertive": 2.9614, "car_lcCooperative": 0.983, "car_lcLookaheadLeft": 61.0805, "car_lcPushy": 0.6016, "car_lcSigma": 0.3642, "car_lcSublane": 0.6969, "car_sigma": 0.9058, "car_tau_mean": 2.048, "car_tau_std": 8.0996, "car_v_mean": 13.0346, "car_v_std": 10.0}, "datetime": {"datetime": "2024-08-07 01:04:55", "elapsed": 422.222027, "delta": 3.05648}}
{"target": -0.3412355460346767, "params": {"bus_acc": 1.8147, "bus_dcc": 2.5933, "bus_lcAssertive": 85.768, "bus_lcCooperative": 0.4869, "bus_lcLookaheadLeft": 63.8153, "bus_lcPushy": 0.6239, "bus_lcSigma": 0.6241, "bus_lcSublane": 0.2664, "bus_sigma": 0.7451, "bus_tau_mean": 1.9672, "bus_tau_std": 4.4168, "bus_v_mean": 14.468, "bus_v_std": 7.0682, "car_acc": 1.6048, "car_dcc": 3.0818, "car_lcAssertive": 2.9589, "car_lcCooperative": 0.9833, "car_lcLookaheadLeft": 61.078, "car_lcPushy": 0.6002, "car_lcSigma": 0.3628, "car_lcSublane": 0.6972, "car_sigma": 0.9061, "car_tau_mean": 2.0456, "car_tau_std": 8.0971, "car_v_mean": 13.0321, "car_v_std": 10.0}, "datetime": {"datetime": "2024-08-07 01:04:58", "elapsed": 425.458924, "delta": 3.236897}}
{"target": -0.2950048419800365, "params": {"bus_acc": 2.1644, "bus_dcc": 2.6337, "bus_lcAssertive": 92.6091, "bus_lcCooperative": 0.4031, "bus_lcLookaheadLeft": 63.6932, "bus_lcPushy": 0.3528, "bus_lcSigma": 0.4014, "bus_lcSublane": 0.1664, "bus_sigma": 0.4552, "bus_tau_mean": 2.5347, "bus_tau_std": 2.8996, "bus_v_mean": 13.6037, "bus_v_std": 7.4158, "car_acc": 1.8367, "car_dcc": 2.7167, "car_lcAssertive": 13.4305, "car_lcCooperative": 0.6435, "car_lcLookaheadLeft": 53.7681, "car_lcPushy": 0.6788, "car_lcSigma": 0.2657, "car_lcSublane": 0.5138, "car_sigma": 0.5777, "car_tau_mean": 2.4384, "car_tau_std": 6.0222, "car_v_mean": 12.5966, "car_v_std": 6.8435}, "datetime": {"datetime": "2024-08-07 01:05:00", "elapsed": 427.137662, "delta": 1.678738}}
{"target": -0.27902674519218085, "params": {"bus_acc": 1.8166, "bus_dcc": 2.5952, "bus_lcAssertive": 85.7689, "bus_lcCooperative": 0.4878, "bus_lcLookaheadLeft": 63.8172, "bus_lcPushy": 0.6242, "bus_lcSigma": 0.625, "bus_lcSublane": 0.2673, "bus_sigma": 0.7455, "bus_tau_mean": 1.9691, "bus_tau_std": 4.4186, "bus_v_mean": 14.4699, "bus_v_std": 7.0701, "car_acc": 1.6067, "car_dcc": 3.0837, "car_lcAssertive": 2.9608, "car_lcCooperative": 0.9837, "car_lcLookaheadLeft": 61.0799, "car_lcPushy": 0.601, "car_lcSigma": 0.3637, "car_lcSublane": 0.6975, "car_sigma": 0.9064, "car_tau_mean": 2.0474, "car_tau_std": 8.0989, "car_v_mean": 13.034, "car_v_std": 10.0}, "datetime": {"datetime": "2024-08-07 01:05:01", "elapsed": 428.760047, "delta": 1.622385}}
{"target": -0.2999866538404552, "params": {"bus_acc": 2.2727, "bus_dcc": 3.0491, "bus_lcAssertive": 85.5476, "bus_lcCooperative": 1.0, "bus_lcLookaheadLeft": 63.3788, "bus_lcPushy": 1.0, "bus_lcSigma": 1.0, "bus_lcSublane": 0.9405, "bus_sigma": 1.0, "bus_tau_mean": 2.4252, "bus_tau_std": 4.8703, "bus_v_mean": 14.0315, "bus_v_std": 7.5218, "car_acc": 2.0606, "car_dcc": 3.5376, "car_lcAssertive": 3.4125, "car_lcCooperative": 1.0, "car_lcLookaheadLeft": 60.6415, "car_lcPushy": 1.0, "car_lcSigma": 1.0, "car_lcSublane": 1.0, "car_sigma": 1.0, "car_tau_mean": 2.5035, "car_tau_std": 8.5507, "car_v_mean": 12.5956, "car_v_std": 9.5679}, "datetime": {"datetime": "2024-08-07 01:05:03", "elapsed": 430.765423, "delta": 2.005376}}
{"target": -0.2900104308324617, "params": {"bus_acc": 1.8189, "bus_dcc": 2.5975, "bus_lcAssertive": 85.7704, "bus_lcCooperative": 0.4895, "bus_lcLookaheadLeft": 63.8196, "bus_lcPushy": 0.6239, "bus_lcSigma": 0.6267, "bus_lcSublane": 0.269, "bus_sigma": 0.7452, "bus_tau_mean": 1.9714, "bus_tau_std": 4.421, "bus_v_mean": 14.4722, "bus_v_std": 7.0724, "car_acc": 1.6091, "car_dcc": 3.0861, "car_lcAssertive": 2.9632, "car_lcCooperative": 0.9834, "car_lcLookaheadLeft": 61.0823, "car_lcPushy": 0.6028, "car_lcSigma": 0.3654, "car_lcSublane": 0.6972, "car_sigma": 0.9061, "car_tau_mean": 2.0498, "car_tau_std": 8.1013, "car_v_mean": 13.0364, "car_v_std": 10.0}, "datetime": {"datetime": "2024-08-07 01:05:05", "elapsed": 432.348446, "delta": 1.583023}}
{"target": -0.28110075672427715, "params": {"bus_acc": 1.8184, "bus_dcc": 2.597, "bus_lcAssertive": 85.7699, "bus_lcCooperative": 0.4888, "bus_lcLookaheadLeft": 63.819, "bus_lcPushy": 0.6234, "bus_lcSigma": 0.626, "bus_lcSublane": 0.2683, "bus_sigma": 0.7447, "bus_tau_mean": 1.9709, "bus_tau_std": 4.4204, "bus_v_mean": 14.4717, "bus_v_std": 7.0719, "car_acc": 1.6085, "car_dcc": 3.0855, "car_lcAssertive": 2.9626, "car_lcCooperative": 0.9829, "car_lcLookaheadLeft": 61.0817, "car_lcPushy": 0.6021, "car_lcSigma": 0.3647, "car_lcSublane": 0.6967, "car_sigma": 0.9056, "car_tau_mean": 2.0492, "car_tau_std": 8.1008, "car_v_mean": 13.0358, "car_v_std": 10.0}, "datetime": {"datetime": "2024-08-07 01:05:10", "elapsed": 437.323433, "delta": 4.974987}}
{"target": -0.31001672359476135, "params": {"bus_acc": 1.8139, "bus_dcc": 2.5925, "bus_lcAssertive": 85.768, "bus_lcCooperative": 0.4869, "bus_lcLookaheadLeft": 63.8145, "bus_lcPushy": 0.6238, "bus_lcSigma": 0.6241, "bus_lcSublane": 0.2664, "bus_sigma": 0.7451, "bus_tau_mean": 1.9664, "bus_tau_std": 4.4159, "bus_v_mean": 14.4672, "bus_v_std": 7.0674, "car_acc": 1.604, "car_dcc": 3.081, "car_lcAssertive": 2.9581, "car_lcCooperative": 0.9833, "car_lcLookaheadLeft": 61.0772, "car_lcPushy": 0.6002, "car_lcSigma": 0.3628, "car_lcSublane": 0.6972, "car_sigma": 0.9061, "car_tau_mean": 2.0447, "car_tau_std": 8.0963, "car_v_mean": 13.0313, "car_v_std": 10.0}, "datetime": {"datetime": "2024-08-07 01:05:12", "elapsed": 439.049415, "delta": 1.725982}}
{"target": -0.3112067461384877, "params": {"bus_acc": 2.1388, "bus_dcc": 2.6001, "bus_lcAssertive": 92.6264, "bus_lcCooperative": 0.3973, "bus_lcLookaheadLeft": 61.8954, "bus_lcPushy": 0.3703, "bus_lcSigma": 0.3969, "bus_lcSublane": 0.1193, "bus_sigma": 0.444, "bus_tau_mean": 2.4751, "bus_tau_std": 2.6704, "bus_v_mean": 13.7014, "bus_v_std": 7.4918, "car_acc": 1.7931, "car_dcc": 2.7574, "car_lcAssertive": 12.5358, "car_lcCooperative": 0.672, "car_lcLookaheadLeft": 55.4725, "car_lcPushy": 0.6868, "car_lcSigma": 0.2491, "car_lcSublane": 0.4961, "car_sigma": 0.5893, "car_tau_mean": 2.429, "car_tau_std": 6.0896, "car_v_mean": 11.9915, "car_v_std": 6.9666}, "datetime": {"datetime": "2024-08-07 01:05:14", "elapsed": 440.852499, "delta": 1.803084}}
{"target": -0.3055056855138741, "params": {"bus_acc": 1.8166, "bus_dcc": 2.5951, "bus_lcAssertive": 85.7691, "bus_lcCooperative": 0.488, "bus_lcLookaheadLeft": 63.8172, "bus_lcPushy": 0.6236, "bus_lcSigma": 0.6252, "bus_lcSublane": 0.2675, "bus_sigma": 0.7448, "bus_tau_mean": 1.969, "bus_tau_std": 4.4186, "bus_v_mean": 14.4698, "bus_v_std": 7.07, "car_acc": 1.6067, "car_dcc": 3.0837, "car_lcAssertive": 2.9608, "car_lcCooperative": 0.983, "car_lcLookaheadLeft": 61.0799, "car_lcPushy": 0.6013, "car_lcSigma": 0.3639, "car_lcSublane": 0.6969, "car_sigma": 0.9058, "car_tau_mean": 2.0474, "car_tau_std": 8.0989, "car_v_mean": 13.034, "car_v_std": 10.0}, "datetime": {"datetime": "2024-08-07 01:05:15", "elapsed": 442.444429, "delta": 1.59193}}
{"target": -0.2958225521910395, "params": {"bus_acc": 1.8175, "bus_dcc": 2.5961, "bus_lcAssertive": 85.7696, "bus_lcCooperative": 0.4886, "bus_lcLookaheadLeft": 63.8181, "bus_lcPushy": 0.6236, "bus_lcSigma": 0.6258, "bus_lcSublane": 0.268, "bus_sigma": 0.7448, "bus_tau_mean": 1.97, "bus_tau_std": 4.4195, "bus_v_mean": 14.4708, "bus_v_std": 7.071, "car_acc": 1.6076, "car_dcc": 3.0846, "car_lcAssertive": 2.9617, "car_lcCooperative": 0.983, "car_lcLookaheadLeft": 61.0808, "car_lcPushy": 0.6018, "car_lcSigma": 0.3645, "car_lcSublane": 0.6969, "car_sigma": 0.9058, "car_tau_mean": 2.0483, "car_tau_std": 8.0999, "car_v_mean": 13.0349, "car_v_std": 10.0}, "datetime": {"datetime": "2024-08-07 01:05:17", "elapsed": 444.552503, "delta": 2.108074}}
{"target": -0.29140854857200793, "params": {"bus_acc": 1.8163, "bus_dcc": 2.5949, "bus_lcAssertive": 85.7688, "bus_lcCooperative": 0.4877, "bus_lcLookaheadLeft": 63.8169, "bus_lcPushy": 0.6236, "bus_lcSigma": 0.6249, "bus_lcSublane": 0.2672, "bus_sigma": 0.7448, "bus_tau_mean": 1.9688, "bus_tau_std": 4.4183, "bus_v_mean": 14.4696, "bus_v_std": 7.0697, "car_acc": 1.6064, "car_dcc": 3.0834, "car_lcAssertive": 2.9605, "car_lcCooperative": 0.983, "car_lcLookaheadLeft": 61.0796, "car_lcPushy": 0.601, "car_lcSigma": 0.3636, "car_lcSublane": 0.6969, "car_sigma": 0.9058, "car_tau_mean": 2.0471, "car_tau_std": 8.0986, "car_v_mean": 13.0337, "car_v_std": 10.0}, "datetime": {"datetime": "2024-08-07 01:05:20", "elapsed": 446.87908, "delta": 2.326577}}
{"target": -0.33708731394995217, "params": {"bus_acc": 2.1783, "bus_dcc": 2.6419, "bus_lcAssertive": 92.7731, "bus_lcCooperative": 0.452, "bus_lcLookaheadLeft": 63.1094, "bus_lcPushy": 0.3882, "bus_lcSigma": 0.418, "bus_lcSublane": 0.1823, "bus_sigma": 0.4642, "bus_tau_mean": 2.5747, "bus_tau_std": 2.7992, "bus_v_mean": 13.6867, "bus_v_std": 7.5288, "car_acc": 1.8142, "car_dcc": 2.7279, "car_lcAssertive": 12.9917, "car_lcCooperative": 0.6886, "car_lcLookaheadLeft": 54.2562, "car_lcPushy": 0.7323, "car_lcSigma": 0.2592, "car_lcSublane": 0.5171, "car_sigma": 0.6364, "car_tau_mean": 2.4745, "car_tau_std": 6.0006, "car_v_mean": 12.3623, "car_v_std": 6.9649}, "datetime": {"datetime": "2024-08-07 01:05:23", "elapsed": 449.814577, "delta": 2.935497}}
{"target": -0.27461976184041936, "params": {"bus_acc": 2.1723, "bus_dcc": 2.6109, "bus_lcAssertive": 92.6675, "bus_lcCooperative": 0.4402, "bus_lcLookaheadLeft": 62.569, "bus_lcPushy": 0.3795, "bus_lcSigma": 0.4335, "bus_lcSublane": 0.1655, "bus_sigma": 0.46, "bus_tau_mean": 2.4817, "bus_tau_std": 2.7828, "bus_v_mean": 13.6039, "bus_v_std": 7.4599, "car_acc": 1.8121, "car_dcc": 2.7752, "car_lcAssertive": 12.8036, "car_lcCooperative": 0.6857, "car_lcLookaheadLeft": 54.736, "car_lcPushy": 0.7441, "car_lcSigma": 0.2683, "car_lcSublane": 0.5893, "car_sigma": 0.6421, "car_tau_mean": 2.4374, "car_tau_std": 6.0449, "car_v_mean": 12.2436, "car_v_std": 6.8876}, "datetime": {"datetime": "2024-08-07 01:05:25", "elapsed": 451.851186, "delta": 2.036609}}
{"target": -0.4172179126383428, "params": {"bus_acc": 1.1911, "bus_dcc": 2.2391, "bus_lcAssertive": 3.9502, "bus_lcCooperative": 0.5682, "bus_lcLookaheadLeft": 13.1734, "bus_lcPushy": 0.3415, "bus_lcSigma": 0.3495, "bus_lcSublane": 0.1454, "bus_sigma": 0.825, "bus_tau_mean": 2.451, "bus_tau_std": 3.7697, "bus_v_mean": 17.8424, "bus_v_std": 6.8445, "car_acc": 1.7566, "car_dcc": 1.3812, "car_lcAssertive": 88.271, "car_lcCooperative": 0.1593, "car_lcLookaheadLeft": 34.4554, "car_lcPushy": 0.2573, "car_lcSigma": 0.8162, "car_lcSublane": 0.1687, "car_sigma": 0.937, "car_tau_mean": 0.7042, "car_tau_std": 7.7839, "car_v_mean": 20.7449, "car_v_std": 2.0784}, "datetime": {"datetime": "2024-08-07 01:05:27", "elapsed": 453.793398, "delta": 1.942212}}
{"target": -0.35834158257248544, "params": {"bus_acc": 1.8207, "bus_dcc": 2.5993, "bus_lcAssertive": 85.7713, "bus_lcCooperative": 0.4902, "bus_lcLookaheadLeft": 63.8213, "bus_lcPushy": 0.6237, "bus_lcSigma": 0.6274, "bus_lcSublane": 0.2697, "bus_sigma": 0.745, "bus_tau_mean": 1.9732, "bus_tau_std": 4.4227, "bus_v_mean": 14.4739, "bus_v_std": 7.0741, "car_acc": 1.6108, "car_dcc": 3.0878, "car_lcAssertive": 2.9649, "car_lcCooperative": 0.9832, "car_lcLookaheadLeft": 61.084, "car_lcPushy": 0.6035, "car_lcSigma": 0.3661, "car_lcSublane": 0.697, "car_sigma": 0.906, "car_tau_mean": 2.0515, "car_tau_std": 8.103, "car_v_mean": 13.0381, "car_v_std": 10.0}, "datetime": {"datetime": "2024-08-07 01:05:31", "elapsed": 458.496299, "delta": 4.702901}}
{"target": -0.297463697072039, "params": {"bus_acc": 1.8233, "bus_dcc": 2.6019, "bus_lcAssertive": 85.7722, "bus_lcCooperative": 0.4911, "bus_lcLookaheadLeft": 63.8239, "bus_lcPushy": 0.6234, "bus_lcSigma": 0.6283, "bus_lcSublane": 0.2706, "bus_sigma": 0.7447, "bus_tau_mean": 1.9758, "bus_tau_std": 4.4253, "bus_v_mean": 14.4766, "bus_v_std": 7.0767, "car_acc": 1.6134, "car_dcc": 3.0904, "car_lcAssertive": 2.9675, "car_lcCooperative": 0.9829, "car_lcLookaheadLeft": 61.0866, "car_lcPushy": 0.6044, "car_lcSigma": 0.367, "car_lcSublane": 0.6967, "car_sigma": 0.9056, "car_tau_mean": 2.0541, "car_tau_std": 8.1056, "car_v_mean": 13.0407, "car_v_std": 10.0}, "datetime": {"datetime": "2024-08-07 01:05:35", "elapsed": 462.109765, "delta": 3.613466}}
{"target": -0.3051330998032856, "params": {"bus_acc": 1.8208, "bus_dcc": 2.5994, "bus_lcAssertive": 85.7712, "bus_lcCooperative": 0.4902, "bus_lcLookaheadLeft": 63.8214, "bus_lcPushy": 0.6236, "bus_lcSigma": 0.6274, "bus_lcSublane": 0.2696, "bus_sigma": 0.7448, "bus_tau_mean": 1.9733, "bus_tau_std": 4.4228, "bus_v_mean": 14.4741, "bus_v_std": 7.0743, "car_acc": 1.6109, "car_dcc": 3.0879, "car_lcAssertive": 2.965, "car_lcCooperative": 0.983, "car_lcLookaheadLeft": 61.0841, "car_lcPushy": 0.6034, "car_lcSigma": 0.3661, "car_lcSublane": 0.6969, "car_sigma": 0.9058, "car_tau_mean": 2.0516, "car_tau_std": 8.1032, "car_v_mean": 13.0382, "car_v_std": 10.0}, "datetime": {"datetime": "2024-08-07 01:05:37", "elapsed": 464.100588, "delta": 1.990823}}
{"target": -0.31922306854736904, "params": {"bus_acc": 1.8214, "bus_dcc": 2.6, "bus_lcAssertive": 85.7712, "bus_lcCooperative": 0.4901, "bus_lcLookaheadLeft": 63.822, "bus_lcPushy": 0.6234, "bus_lcSigma": 0.6273, "bus_lcSublane": 0.2696, "bus_sigma": 0.7447, "bus_tau_mean": 1.9739, "bus_tau_std": 4.4234, "bus_v_mean": 14.4747, "bus_v_std": 7.0749, "car_acc": 1.6115, "car_dcc": 3.0885, "car_lcAssertive": 2.9656, "car_lcCooperative": 0.9829, "car_lcLookaheadLeft": 61.0847, "car_lcPushy": 0.6034, "car_lcSigma": 0.366, "car_lcSublane": 0.6967, "car_sigma": 0.9056, "car_tau_mean": 2.0522, "car_tau_std": 8.1038, "car_v_mean": 13.0388, "car_v_std": 10.0}, "datetime": {"datetime": "2024-08-07 01:05:41", "elapsed": 468.099446, "delta": 3.998858}}
{"target": -0.26643061160238846, "params": {"bus_acc": 2.2277, "bus_dcc": 2.6979, "bus_lcAssertive": 92.1743, "bus_lcCooperative": 0.431, "bus_lcLookaheadLeft": 68.1798, "bus_lcPushy": 0.4321, "bus_lcSigma": 0.4164, "bus_lcSublane": 0.2481, "bus_sigma": 0.5077, "bus_tau_mean": 2.555, "bus_tau_std": 3.1334, "bus_v_mean": 13.4965, "bus_v_std": 7.0065, "car_acc": 1.9765, "car_dcc": 2.5371, "car_lcAssertive": 15.9522, "car_lcCooperative": 0.5955, "car_lcLookaheadLeft": 51.8575, "car_lcPushy": 0.6877, "car_lcSigma": 0.3115, "car_lcSublane": 0.5819, "car_sigma": 0.6039, "car_tau_mean": 2.3258, "car_tau_std": 5.8871, "car_v_mean": 13.6635, "car_v_std": 6.8022}, "datetime": {"datetime": "2024-08-07 01:05:43", "elapsed": 470.367874, "delta": 2.268428}}
{"target": -0.30835924653093816, "params": {"bus_acc": 1.8213, "bus_dcc": 2.5999, "bus_lcAssertive": 85.7715, "bus_lcCooperative": 0.4904, "bus_lcLookaheadLeft": 63.8219, "bus_lcPushy": 0.6241, "bus_lcSigma": 0.6276, "bus_lcSublane": 0.2699, "bus_sigma": 0.7453, "bus_tau_mean": 1.9738, "bus_tau_std": 4.4233, "bus_v_mean": 14.4746, "bus_v_std": 7.0748, "car_acc": 1.6114, "car_dcc": 3.0884, "car_lcAssertive": 2.9655, "car_lcCooperative": 0.9836, "car_lcLookaheadLeft": 61.0846, "car_lcPushy": 0.6037, "car_lcSigma": 0.3663, "car_lcSublane": 0.6974, "car_sigma": 0.9063, "car_tau_mean": 2.0521, "car_tau_std": 8.1037, "car_v_mean": 13.0387, "car_v_std": 10.0}, "datetime": {"datetime": "2024-08-07 01:05:46", "elapsed": 473.574215, "delta": 3.206341}}
{"target": -0.3300023529584153, "params": {"bus_acc": 1.1672, "bus_dcc": 2.8761, "bus_lcAssertive": 2.3138, "bus_lcCooperative": 0.3247, "bus_lcLookaheadLeft": 27.3576, "bus_lcPushy": 0.0504, "bus_lcSigma": 0.4133, "bus_lcSublane": 0.032, "bus_sigma": 0.5303, "bus_tau_mean": 1.0781, "bus_tau_std": 7.8231, "bus_v_mean": 19.171, "bus_v_std": 8.0879, "car_acc": 2.0172, "car_dcc": 3.0228, "car_lcAssertive": 48.6761, "car_lcCooperative": 0.2144, "car_lcLookaheadLeft": 11.7801, "car_lcPushy": 0.0586, "car_lcSigma": 0.8946, "car_lcSublane": 0.0913, "car_sigma": 0.7661, "car_tau_mean": 3.3355, "car_tau_std": 0.903, "car_v_mean": 15.5096, "car_v_std": 5.2287}, "datetime": {"datetime": "2024-08-07 01:05:48", "elapsed": 475.727937, "delta": 2.153722}}
{"target": -0.33891716708821595, "params": {"bus_acc": 2.1489, "bus_dcc": 2.5739, "bus_lcAssertive": 92.5166, "bus_lcCooperative": 0.4039, "bus_lcLookaheadLeft": 61.0473, "bus_lcPushy": 0.3813, "bus_lcSigma": 0.3928, "bus_lcSublane": 0.1044, "bus_sigma": 0.4529, "bus_tau_mean": 2.4182, "bus_tau_std": 2.5156, "bus_v_mean": 13.7804, "bus_v_std": 7.5028, "car_acc": 1.7924, "car_dcc": 2.79, "car_lcAssertive": 12.1968, "car_lcCooperative": 0.6813, "car_lcLookaheadLeft": 56.79, "car_lcPushy": 0.6837, "car_lcSigma": 0.2248, "car_lcSublane": 0.4939, "car_sigma": 0.5902, "car_tau_mean": 2.3874, "car_tau_std": 6.0965, "car_v_mean": 11.6418, "car_v_std": 7.0807}, "datetime": {"datetime": "2024-08-07 01:05:54", "elapsed": 481.193515, "delta": 5.465578}}
{"target": -0.3633525222149272, "params": {"bus_acc": 2.1672, "bus_dcc": 2.5728, "bus_lcAssertive": 92.4839, "bus_lcCooperative": 0.4109, "bus_lcLookaheadLeft": 60.9149, "bus_lcPushy": 0.3887, "bus_lcSigma": 0.3945, "bus_lcSublane": 0.1002, "bus_sigma": 0.4586, "bus_tau_mean": 2.3866, "bus_tau_std": 2.4798, "bus_v_mean": 13.723, "bus_v_std": 7.5141, "car_acc": 1.8017, "car_dcc": 2.7884, "car_lcAssertive": 12.1475, "car_lcCooperative": 0.685, "car_lcLookaheadLeft": 56.998, "car_lcPushy": 0.6901, "car_lcSigma": 0.2245, "car_lcSublane": 0.494, "car_sigma": 0.5907, "car_tau_mean": 2.3907, "car_tau_std": 6.0187, "car_v_mean": 11.5901, "car_v_std": 7.1406}, "datetime": {"datetime": "2024-08-07 01:05:57", "elapsed": 483.87559, "delta": 2.682075}}
