{"target": -0.3532580250451265, "params": {"bus_acc": 3.9024, "bus_dcc": 3.3746, "bus_lcAssertive": 83.5946, "bus_lcCooperative": 0.6374, "bus_lcLookaheadLeft": 5.8932, "bus_lcPushy": 0.322, "bus_lcSigma": 0.4123, "bus_lcSpeedGainRight": 3.4841, "bus_lcSublane": 0.8904, "bus_sigma": 0.7765, "bus_tau_mean": 1.4247, "bus_tau_std": 9.512, "bus_v_mean": 19.3102, "bus_v_std": 14.3336, "car_acc": 4.1084, "car_dcc": 3.7493, "car_lcAssertive": 56.7962, "car_lcCooperative": 0.1753, "car_lcLookaheadLeft": 2.1022, "car_lcPushy": 0.8095, "car_lcSigma": 0.913, "car_lcSpeedGainRight": 0.6927, "car_lcSublane": 0.2543, "car_sigma": 0.4985, "car_tau_mean": 3.105, "car_tau_std": 2.8609, "car_v_mean": 21.4485, "car_v_std": 8.4633}, "datetime": {"datetime": "2024-08-08 13:00:26", "elapsed": 814.168379, "delta": 3.274953}}
{"target": -0.3428128696015591, "params": {"bus_acc": 2.8327, "bus_dcc": 1.7863, "bus_lcAssertive": 97.8422, "bus_lcCooperative": 0.4314, "bus_lcLookaheadLeft": 56.9218, "bus_lcPushy": 0.8471, "bus_lcSigma": 0.0511, "bus_lcSpeedGainRight": 2.876, "bus_lcSublane": 0.629, "bus_sigma": 0.4775, "bus_tau_mean": 2.9752, "bus_tau_std": 5.6877, "bus_v_mean": 13.8434, "bus_v_std": 5.5935, "car_acc": 2.9573, "car_dcc": 2.7836, "car_lcAssertive": 18.9891, "car_lcCooperative": 0.5871, "car_lcLookaheadLeft": 23.1882, "car_lcPushy": 0.816, "car_lcSigma": 0.9824, "car_lcSpeedGainRight": 4.0651, "car_lcSublane": 0.6714, "car_sigma": 0.379, "car_tau_mean": 1.4335, "car_tau_std": 8.7971, "car_v_mean": 23.0828, "car_v_std": 13.6176}, "datetime": {"datetime": "2024-08-08 13:00:28", "elapsed": 816.116438, "delta": 1.948059}}
{"target": -0.338830321582065, "params": {"bus_acc": 2.42, "bus_dcc": 3.2152, "bus_lcAssertive": 8.3144, "bus_lcCooperative": 0.6301, "bus_lcLookaheadLeft": 15.444, "bus_lcPushy": 0.619, "bus_lcSigma": 0.9502, "bus_lcSpeedGainRight": 4.508, "bus_lcSublane": 0.3466, "bus_sigma": 0.5225, "bus_tau_mean": 1.9975, "bus_tau_std": 3.4933, "bus_v_mean": 12.5092, "bus_v_std": 3.7321, "car_acc": 3.4249, "car_dcc": 1.2723, "car_lcAssertive": 27.3013, "car_lcCooperative": 0.981, "car_lcLookaheadLeft": 90.1296, "car_lcPushy": 0.1113, "car_lcSigma": 0.4964, "car_lcSpeedGainRight": 4.535, "car_lcSublane": 0.2903, "car_sigma": 0.4832, "car_tau_mean": 1.7543, "car_tau_std": 8.5168, "car_v_mean": 16.0572, "car_v_std": 13.4211}, "datetime": {"datetime": "2024-08-08 13:00:28", "elapsed": 816.459623, "delta": 0.343185}}
{"target": -0.363197487598797, "params": {"bus_acc": 1.6612, "bus_dcc": 1.4446, "bus_lcAssertive": 82.2632, "bus_lcCooperative": 0.3456, "bus_lcLookaheadLeft": 64.2717, "bus_lcPushy": 0.6706, "bus_lcSigma": 0.3383, "bus_lcSpeedGainRight": 3.2337, "bus_lcSublane": 0.8957, "bus_sigma": 0.3371, "bus_tau_mean": 2.3064, "bus_tau_std": 7.6009, "bus_v_mean": 14.0829, "bus_v_std": 14.6952, "car_acc": 3.7594, "car_dcc": 1.8855, "car_lcAssertive": 28.0747, "car_lcCooperative": 0.2076, "car_lcLookaheadLeft": 67.2892, "car_lcPushy": 0.6646, "car_lcSigma": 0.0493, "car_lcSpeedGainRight": 0.7061, "car_lcSublane": 0.7542, "car_sigma": 0.1702, "car_tau_mean": 3.5637, "car_tau_std": 0.5056, "car_v_mean": 21.813, "car_v_std": 7.1719}, "datetime": {"datetime": "2024-08-08 13:00:32", "elapsed": 820.301913, "delta": 3.84229}}
{"target": -0.36881965849037446, "params": {"bus_acc": 1.1548, "bus_dcc": 3.3485, "bus_lcAssertive": 54.4288, "bus_lcCooperative": 0.2082, "bus_lcLookaheadLeft": 50.9476, "bus_lcPushy": 0.0568, "bus_lcSigma": 0.3868, "bus_lcSpeedGainRight": 3.174, "bus_lcSublane": 0.5971, "bus_sigma": 0.7067, "bus_tau_mean": 2.3916, "bus_tau_std": 1.3217, "bus_v_mean": 13.1002, "bus_v_std": 4.6175, "car_acc": 1.5816, "car_dcc": 3.0718, "car_lcAssertive": 68.7552, "car_lcCooperative": 0.2247, "car_lcLookaheadLeft": 84.4735, "car_lcPushy": 0.0553, "car_lcSigma": 0.6559, "car_lcSpeedGainRight": 3.6564, "car_lcSublane": 0.7046, "car_sigma": 0.258, "car_tau_mean": 0.5314, "car_tau_std": 8.7131, "car_v_mean": 21.3129, "car_v_std": 12.5834}, "datetime": {"datetime": "2024-08-08 13:00:35", "elapsed": 822.673514, "delta": 2.371601}}
{"target": -0.36772947778838605, "params": {"bus_acc": 1.3432, "bus_dcc": 2.5934, "bus_lcAssertive": 81.2719, "bus_lcCooperative": 0.2087, "bus_lcLookaheadLeft": 84.5812, "bus_lcPushy": 0.8283, "bus_lcSigma": 0.8813, "bus_lcSpeedGainRight": 2.6626, "bus_lcSublane": 0.086, "bus_sigma": 0.3663, "bus_tau_mean": 3.2564, "bus_tau_std": 9.8547, "bus_v_mean": 18.8539, "bus_v_std": 5.578, "car_acc": 1.9786, "car_dcc": 3.5499, "car_lcAssertive": 32.5498, "car_lcCooperative": 0.842, "car_lcLookaheadLeft": 64.5922, "car_lcPushy": 0.1077, "car_lcSigma": 0.5176, "car_lcSpeedGainRight": 1.8711, "car_lcSublane": 0.4163, "car_sigma": 0.7256, "car_tau_mean": 2.3695, "car_tau_std": 7.6574, "car_v_mean": 16.8727, "car_v_std": 14.06}, "datetime": {"datetime": "2024-08-08 13:00:39", "elapsed": 826.584983, "delta": 3.911469}}
{"target": -0.3552797710236409, "params": {"bus_acc": 3.5419, "bus_dcc": 3.7523, "bus_lcAssertive": 87.5234, "bus_lcCooperative": 0.0136, "bus_lcLookaheadLeft": 75.5794, "bus_lcPushy": 0.3677, "bus_lcSigma": 0.3864, "bus_lcSpeedGainRight": 0.2265, "bus_lcSublane": 0.2869, "bus_sigma": 0.3983, "bus_tau_mean": 1.7364, "bus_tau_std": 6.5107, "bus_v_mean": 11.8073, "bus_v_std": 6.0232, "car_acc": 2.0299, "car_dcc": 2.764, "car_lcAssertive": 33.6242, "car_lcCooperative": 0.2037, "car_lcLookaheadLeft": 59.663, "car_lcPushy": 0.974, "car_lcSigma": 0.4113, "car_lcSpeedGainRight": 2.7495, "car_lcSublane": 0.3294, "car_sigma": 0.8852, "car_tau_mean": 2.2332, "car_tau_std": 4.2294, "car_v_mean": 13.5616, "car_v_std": 15.4172}, "datetime": {"datetime": "2024-08-08 13:00:41", "elapsed": 829.128535, "delta": 2.543552}}
{"target": -0.3528273629804589, "params": {"bus_acc": 1.6448, "bus_dcc": 2.7471, "bus_lcAssertive": 35.302, "bus_lcCooperative": 0.6533, "bus_lcLookaheadLeft": 30.2336, "bus_lcPushy": 0.9494, "bus_lcSigma": 0.2468, "bus_lcSpeedGainRight": 1.9895, "bus_lcSublane": 0.5726, "bus_sigma": 0.1505, "bus_tau_mean": 2.4634, "bus_tau_std": 4.6796, "bus_v_mean": 13.5475, "bus_v_std": 1.0091, "car_acc": 3.0895, "car_dcc": 3.109, "car_lcAssertive": 22.278, "car_lcCooperative": 0.1663, "car_lcLookaheadLeft": 86.5695, "car_lcPushy": 0.7053, "car_lcSigma": 0.2416, "car_lcSpeedGainRight": 3.3148, "car_lcSublane": 0.9841, "car_sigma": 0.4288, "car_tau_mean": 2.7239, "car_tau_std": 2.5069, "car_v_mean": 11.896, "car_v_std": 2.944}, "datetime": {"datetime": "2024-08-08 13:00:53", "elapsed": 841.11736, "delta": 11.988825}}
{"target": -0.3366315258556928, "params": {"bus_acc": 4.9547, "bus_dcc": 2.1464, "bus_lcAssertive": 82.7133, "bus_lcCooperative": 0.6513, "bus_lcLookaheadLeft": 16.6983, "bus_lcPushy": 0.9628, "bus_lcSigma": 0.2176, "bus_lcSpeedGainRight": 4.6822, "bus_lcSublane": 0.458, "bus_sigma": 0.6183, "bus_tau_mean": 1.5509, "bus_tau_std": 4.8984, "bus_v_mean": 9.3794, "bus_v_std": 5.1855, "car_acc": 3.2293, "car_dcc": 1.1026, "car_lcAssertive": 60.29, "car_lcCooperative": 0.5409, "car_lcLookaheadLeft": 80.8848, "car_lcPushy": 0.5748, "car_lcSigma": 0.1313, "car_lcSpeedGainRight": 1.1534, "car_lcSublane": 0.421, "car_sigma": 0.5633, "car_tau_mean": 1.8932, "car_tau_std": 9.542, "car_v_mean": 17.9762, "car_v_std": 20.0}, "datetime": {"datetime": "2024-08-08 13:00:55", "elapsed": 843.261573, "delta": 2.144213}}
{"target": -0.336564663639467, "params": {"bus_acc": 1.5334, "bus_dcc": 1.4901, "bus_lcAssertive": 60.2646, "bus_lcCooperative": 0.7515, "bus_lcLookaheadLeft": 29.1111, "bus_lcPushy": 0.8984, "bus_lcSigma": 0.462, "bus_lcSpeedGainRight": 3.8169, "bus_lcSublane": 0.318, "bus_sigma": 0.4751, "bus_tau_mean": 0.6077, "bus_tau_std": 6.2592, "bus_v_mean": 9.661, "bus_v_std": 6.4383, "car_acc": 3.7909, "car_dcc": 1.7534, "car_lcAssertive": 41.8992, "car_lcCooperative": 0.7718, "car_lcLookaheadLeft": 4.1266, "car_lcPushy": 0.9554, "car_lcSigma": 0.0948, "car_lcSpeedGainRight": 4.325, "car_lcSublane": 0.4367, "car_sigma": 0.5103, "car_tau_mean": 3.2615, "car_tau_std": 0.4318, "car_v_mean": 21.5672, "car_v_std": 6.0865}, "datetime": {"datetime": "2024-08-08 13:00:56", "elapsed": 844.094355, "delta": 0.832782}}
{"target": -0.3192826674900428, "params": {"bus_acc": 3.291, "bus_dcc": 1.2036, "bus_lcAssertive": 51.3614, "bus_lcCooperative": 0.8744, "bus_lcLookaheadLeft": 11.9666, "bus_lcPushy": 0.516, "bus_lcSigma": 0.5753, "bus_lcSpeedGainRight": 3.8277, "bus_lcSublane": 0.3031, "bus_sigma": 0.4883, "bus_tau_mean": 2.5887, "bus_tau_std": 3.0247, "bus_v_mean": 8.0103, "bus_v_std": 2.9722, "car_acc": 4.383, "car_dcc": 2.9054, "car_lcAssertive": 40.8712, "car_lcCooperative": 0.2827, "car_lcLookaheadLeft": 76.0592, "car_lcPushy": 0.5976, "car_lcSigma": 0.185, "car_lcSpeedGainRight": 1.9555, "car_lcSublane": 0.4828, "car_sigma": 0.5414, "car_tau_mean": 3.3227, "car_tau_std": 5.5858, "car_v_mean": 17.8351, "car_v_std": 13.0633}, "datetime": {"datetime": "2024-08-08 13:00:58", "elapsed": 846.449607, "delta": 2.355252}}
{"target": -0.3462642029187296, "params": {"bus_acc": 1.1976, "bus_dcc": 1.2641, "bus_lcAssertive": 8.9447, "bus_lcCooperative": 0.8306, "bus_lcLookaheadLeft": 19.5491, "bus_lcPushy": 0.4215, "bus_lcSigma": 0.3669, "bus_lcSpeedGainRight": 2.3817, "bus_lcSublane": 0.1393, "bus_sigma": 0.8743, "bus_tau_mean": 0.5615, "bus_tau_std": 1.5774, "bus_v_mean": 14.536, "bus_v_std": 5.5606, "car_acc": 3.7946, "car_dcc": 2.2706, "car_lcAssertive": 34.5064, "car_lcCooperative": 0.5005, "car_lcLookaheadLeft": 88.7884, "car_lcPushy": 0.6168, "car_lcSigma": 0.0695, "car_lcSpeedGainRight": 4.068, "car_lcSublane": 0.7335, "car_sigma": 0.6845, "car_tau_mean": 2.9175, "car_tau_std": 2.2512, "car_v_mean": 20.2276, "car_v_std": 13.2619}, "datetime": {"datetime": "2024-08-08 13:00:59", "elapsed": 847.030073, "delta": 0.580466}}
{"target": -0.3500073767100556, "params": {"bus_acc": 1.9473, "bus_dcc": 2.0553, "bus_lcAssertive": 83.5724, "bus_lcCooperative": 0.5705, "bus_lcLookaheadLeft": 67.1315, "bus_lcPushy": 0.3846, "bus_lcSigma": 0.7916, "bus_lcSpeedGainRight": 3.9398, "bus_lcSublane": 0.0662, "bus_sigma": 0.9109, "bus_tau_mean": 2.1837, "bus_tau_std": 5.2165, "bus_v_mean": 21.3395, "bus_v_std": 15.7899, "car_acc": 1.8031, "car_dcc": 1.6196, "car_lcAssertive": 24.7117, "car_lcCooperative": 0.6218, "car_lcLookaheadLeft": 66.6064, "car_lcPushy": 0.4078, "car_lcSigma": 0.369, "car_lcSpeedGainRight": 4.6612, "car_lcSublane": 0.5842, "car_sigma": 0.9288, "car_tau_mean": 2.588, "car_tau_std": 3.8445, "car_v_mean": 14.4158, "car_v_std": 5.3353}, "datetime": {"datetime": "2024-08-08 13:00:59", "elapsed": 847.424686, "delta": 0.394613}}
{"target": -0.31880055451632117, "params": {"bus_acc": 3.8296, "bus_dcc": 3.8441, "bus_lcAssertive": 1.4641, "bus_lcCooperative": 0.9997, "bus_lcLookaheadLeft": 21.7456, "bus_lcPushy": 0.9764, "bus_lcSigma": 0.9912, "bus_lcSpeedGainRight": 1.625, "bus_lcSublane": 0.5259, "bus_sigma": 0.1359, "bus_tau_mean": 2.4995, "bus_tau_std": 5.4779, "bus_v_mean": 10.5629, "bus_v_std": 10.159, "car_acc": 3.6669, "car_dcc": 1.8264, "car_lcAssertive": 31.3801, "car_lcCooperative": 0.9073, "car_lcLookaheadLeft": 99.8327, "car_lcPushy": 0.6994, "car_lcSigma": 0.8321, "car_lcSpeedGainRight": 0.0204, "car_lcSublane": 0.0101, "car_sigma": 0.5306, "car_tau_mean": 3.4268, "car_tau_std": 5.902, "car_v_mean": 16.3389, "car_v_std": 12.7}, "datetime": {"datetime": "2024-08-08 13:01:02", "elapsed": 850.138737, "delta": 2.714051}}
{"target": -0.32592047325447926, "params": {"bus_acc": 3.0389, "bus_dcc": 1.4851, "bus_lcAssertive": 53.4479, "bus_lcCooperative": 0.8833, "bus_lcLookaheadLeft": 13.7304, "bus_lcPushy": 0.4955, "bus_lcSigma": 0.6564, "bus_lcSpeedGainRight": 3.9718, "bus_lcSublane": 0.4375, "bus_sigma": 0.51, "bus_tau_mean": 2.5516, "bus_tau_std": 4.1514, "bus_v_mean": 11.185, "bus_v_std": 6.0303, "car_acc": 4.1945, "car_dcc": 2.7626, "car_lcAssertive": 41.5211, "car_lcCooperative": 0.2573, "car_lcLookaheadLeft": 70.7086, "car_lcPushy": 0.4775, "car_lcSigma": 0.2616, "car_lcSpeedGainRight": 2.8043, "car_lcSublane": 0.5953, "car_sigma": 0.5255, "car_tau_mean": 2.6075, "car_tau_std": 4.6761, "car_v_mean": 17.315, "car_v_std": 12.897}, "datetime": {"datetime": "2024-08-08 13:01:05", "elapsed": 852.92092, "delta": 2.782183}}
{"target": -0.3381000954341485, "params": {"bus_acc": 2.4459, "bus_dcc": 1.0326, "bus_lcAssertive": 26.0766, "bus_lcCooperative": 0.0852, "bus_lcLookaheadLeft": 91.2493, "bus_lcPushy": 0.5593, "bus_lcSigma": 0.5288, "bus_lcSpeedGainRight": 0.4901, "bus_lcSublane": 0.7267, "bus_sigma": 0.9537, "bus_tau_mean": 2.4314, "bus_tau_std": 2.381, "bus_v_mean": 9.8297, "bus_v_std": 4.0686, "car_acc": 3.8504, "car_dcc": 3.46, "car_lcAssertive": 83.9141, "car_lcCooperative": 0.1556, "car_lcLookaheadLeft": 93.9475, "car_lcPushy": 0.7418, "car_lcSigma": 0.4812, "car_lcSpeedGainRight": 3.7494, "car_lcSublane": 0.9529, "car_sigma": 0.781, "car_tau_mean": 2.249, "car_tau_std": 8.06, "car_v_mean": 20.039, "car_v_std": 3.0757}, "datetime": {"datetime": "2024-08-08 13:01:06", "elapsed": 853.627803, "delta": 0.706883}}
{"target": -0.3454978362151546, "params": {"bus_acc": 4.29, "bus_dcc": 1.5898, "bus_lcAssertive": 14.7156, "bus_lcCooperative": 0.0453, "bus_lcLookaheadLeft": 84.5204, "bus_lcPushy": 0.1531, "bus_lcSigma": 0.6927, "bus_lcSpeedGainRight": 0.4552, "bus_lcSublane": 0.4047, "bus_sigma": 0.3615, "bus_tau_mean": 0.7389, "bus_tau_std": 1.0143, "bus_v_mean": 22.8376, "bus_v_std": 13.3465, "car_acc": 2.4112, "car_dcc": 1.7499, "car_lcAssertive": 82.0002, "car_lcCooperative": 0.6846, "car_lcLookaheadLeft": 67.4056, "car_lcPushy": 0.3736, "car_lcSigma": 0.8616, "car_lcSpeedGainRight": 2.2379, "car_lcSublane": 0.8416, "car_sigma": 0.5381, "car_tau_mean": 2.0366, "car_tau_std": 7.8754, "car_v_mean": 18.59, "car_v_std": 5.6954}, "datetime": {"datetime": "2024-08-08 13:01:07", "elapsed": 854.526153, "delta": 0.89835}}
{"target": -0.37451553826233586, "params": {"bus_acc": 3.9026, "bus_dcc": 3.8505, "bus_lcAssertive": 90.1767, "bus_lcCooperative": 0.4284, "bus_lcLookaheadLeft": 80.5783, "bus_lcPushy": 0.2047, "bus_lcSigma": 0.5127, "bus_lcSpeedGainRight": 3.3505, "bus_lcSublane": 0.752, "bus_sigma": 0.7056, "bus_tau_mean": 2.5652, "bus_tau_std": 8.6834, "bus_v_mean": 13.5234, "bus_v_std": 7.4521, "car_acc": 2.124, "car_dcc": 3.8429, "car_lcAssertive": 35.9762, "car_lcCooperative": 0.2382, "car_lcLookaheadLeft": 56.5614, "car_lcPushy": 0.5529, "car_lcSigma": 0.9816, "car_lcSpeedGainRight": 1.0641, "car_lcSublane": 0.1227, "car_sigma": 0.5028, "car_tau_mean": 0.5283, "car_tau_std": 8.0985, "car_v_mean": 17.3637, "car_v_std": 11.8013}, "datetime": {"datetime": "2024-08-08 13:01:08", "elapsed": 855.693341, "delta": 1.167188}}
{"target": -0.34217137164924766, "params": {"bus_acc": 4.787, "bus_dcc": 3.5992, "bus_lcAssertive": 29.822, "bus_lcCooperative": 0.558, "bus_lcLookaheadLeft": 81.7744, "bus_lcPushy": 0.1133, "bus_lcSigma": 0.176, "bus_lcSpeedGainRight": 0.5123, "bus_lcSublane": 0.2676, "bus_sigma": 0.712, "bus_tau_mean": 1.8717, "bus_tau_std": 3.6922, "bus_v_mean": 18.6638, "bus_v_std": 7.762, "car_acc": 2.4992, "car_dcc": 1.8254, "car_lcAssertive": 95.5052, "car_lcCooperative": 0.9721, "car_lcLookaheadLeft": 13.0646, "car_lcPushy": 0.4143, "car_lcSigma": 0.07, "car_lcSpeedGainRight": 0.0769, "car_lcSublane": 0.6701, "car_sigma": 0.5526, "car_tau_mean": 3.3736, "car_tau_std": 5.7298, "car_v_mean": 19.406, "car_v_std": 17.4908}, "datetime": {"datetime": "2024-08-08 13:01:08", "elapsed": 856.29753, "delta": 0.604189}}
{"target": -0.34531424058845883, "params": {"bus_acc": 4.4394, "bus_dcc": 2.4586, "bus_lcAssertive": 6.1219, "bus_lcCooperative": 0.2344, "bus_lcLookaheadLeft": 89.6411, "bus_lcPushy": 0.4559, "bus_lcSigma": 0.7508, "bus_lcSpeedGainRight": 4.5102, "bus_lcSublane": 0.7129, "bus_sigma": 0.0517, "bus_tau_mean": 2.6595, "bus_tau_std": 3.1385, "bus_v_mean": 11.7686, "bus_v_std": 5.8267, "car_acc": 1.6077, "car_dcc": 2.3425, "car_lcAssertive": 1.8138, "car_lcCooperative": 0.0111, "car_lcLookaheadLeft": 23.5362, "car_lcPushy": 0.361, "car_lcSigma": 0.7895, "car_lcSpeedGainRight": 3.9494, "car_lcSublane": 0.7871, "car_sigma": 0.3848, "car_tau_mean": 1.1916, "car_tau_std": 8.2737, "car_v_mean": 19.0555, "car_v_std": 6.0078}, "datetime": {"datetime": "2024-08-08 13:01:11", "elapsed": 858.600652, "delta": 2.303122}}
{"target": -0.34614200681917096, "params": {"bus_acc": 3.4576, "bus_dcc": 3.0195, "bus_lcAssertive": 82.7185, "bus_lcCooperative": 0.5958, "bus_lcLookaheadLeft": 7.4586, "bus_lcPushy": 0.5539, "bus_lcSigma": 0.5811, "bus_lcSpeedGainRight": 3.9356, "bus_lcSublane": 0.9478, "bus_sigma": 0.0899, "bus_tau_mean": 1.6236, "bus_tau_std": 2.7829, "bus_v_mean": 16.3923, "bus_v_std": 14.9535, "car_acc": 4.2596, "car_dcc": 1.7976, "car_lcAssertive": 59.7696, "car_lcCooperative": 0.2866, "car_lcLookaheadLeft": 5.435, "car_lcPushy": 0.6844, "car_lcSigma": 0.679, "car_lcSpeedGainRight": 0.9886, "car_lcSublane": 0.88, "car_sigma": 0.9097, "car_tau_mean": 1.1647, "car_tau_std": 1.5639, "car_v_mean": 18.3085, "car_v_std": 5.6889}, "datetime": {"datetime": "2024-08-08 13:01:12", "elapsed": 859.80665, "delta": 1.205998}}
{"target": -0.321997578527097, "params": {"bus_acc": 4.5779, "bus_dcc": 3.8223, "bus_lcAssertive": 99.3776, "bus_lcCooperative": 0.2316, "bus_lcLookaheadLeft": 27.7197, "bus_lcPushy": 0.3871, "bus_lcSigma": 0.2132, "bus_lcSpeedGainRight": 1.2651, "bus_lcSublane": 0.2026, "bus_sigma": 0.7706, "bus_tau_mean": 2.3823, "bus_tau_std": 0.154, "bus_v_mean": 9.9703, "bus_v_std": 12.2267, "car_acc": 4.5621, "car_dcc": 1.2619, "car_lcAssertive": 94.7072, "car_lcCooperative": 0.4511, "car_lcLookaheadLeft": 79.8165, "car_lcPushy": 0.994, "car_lcSigma": 0.6344, "car_lcSpeedGainRight": 0.7832, "car_lcSublane": 0.474, "car_sigma": 0.3407, "car_tau_mean": 0.6296, "car_tau_std": 2.7254, "car_v_mean": 21.9104, "car_v_std": 11.8906}, "datetime": {"datetime": "2024-08-08 13:01:12", "elapsed": 860.348893, "delta": 0.542243}}
{"target": -0.3667331281977569, "params": {"bus_acc": 3.2155, "bus_dcc": 3.3048, "bus_lcAssertive": 14.3645, "bus_lcCooperative": 0.6128, "bus_lcLookaheadLeft": 14.6636, "bus_lcPushy": 0.0091, "bus_lcSigma": 0.7801, "bus_lcSpeedGainRight": 1.2837, "bus_lcSublane": 0.9784, "bus_sigma": 0.9877, "bus_tau_mean": 1.8308, "bus_tau_std": 9.3209, "bus_v_mean": 11.3701, "bus_v_std": 14.5325, "car_acc": 1.8127, "car_dcc": 2.5626, "car_lcAssertive": 80.2769, "car_lcCooperative": 0.0216, "car_lcLookaheadLeft": 44.1881, "car_lcPushy": 0.1563, "car_lcSigma": 0.2361, "car_lcSpeedGainRight": 4.8954, "car_lcSublane": 0.0441, "car_sigma": 0.7592, "car_tau_mean": 3.9145, "car_tau_std": 0.8741, "car_v_mean": 18.1739, "car_v_std": 9.2521}, "datetime": {"datetime": "2024-08-08 13:01:16", "elapsed": 863.978033, "delta": 3.62914}}
{"target": -0.4034103231757432, "params": {"bus_acc": 4.8708, "bus_dcc": 3.6715, "bus_lcAssertive": 50.2635, "bus_lcCooperative": 0.9071, "bus_lcLookaheadLeft": 63.4804, "bus_lcPushy": 0.3481, "bus_lcSigma": 0.5266, "bus_lcSpeedGainRight": 1.095, "bus_lcSublane": 0.9155, "bus_sigma": 0.0956, "bus_tau_mean": 2.8465, "bus_tau_std": 9.4762, "bus_v_mean": 14.3675, "bus_v_std": 17.7097, "car_acc": 1.4585, "car_dcc": 3.1987, "car_lcAssertive": 86.5946, "car_lcCooperative": 0.1739, "car_lcLookaheadLeft": 82.1097, "car_lcPushy": 0.4438, "car_lcSigma": 0.981, "car_lcSpeedGainRight": 4.9533, "car_lcSublane": 0.0643, "car_sigma": 0.5133, "car_tau_mean": 1.3781, "car_tau_std": 2.351, "car_v_mean": 19.9545, "car_v_std": 13.4873}, "datetime": {"datetime": "2024-08-08 13:01:19", "elapsed": 866.574481, "delta": 2.596448}}
{"target": -0.34757169552807765, "params": {"bus_acc": 1.5079, "bus_dcc": 3.7191, "bus_lcAssertive": 75.1638, "bus_lcCooperative": 0.4315, "bus_lcLookaheadLeft": 65.016, "bus_lcPushy": 0.4662, "bus_lcSigma": 0.3412, "bus_lcSpeedGainRight": 0.9509, "bus_lcSublane": 0.9977, "bus_sigma": 0.5615, "bus_tau_mean": 1.725, "bus_tau_std": 9.4161, "bus_v_mean": 19.8958, "bus_v_std": 18.4196, "car_acc": 3.3162, "car_dcc": 1.8084, "car_lcAssertive": 26.0885, "car_lcCooperative": 0.4471, "car_lcLookaheadLeft": 69.4961, "car_lcPushy": 0.0823, "car_lcSigma": 0.9909, "car_lcSpeedGainRight": 1.5087, "car_lcSublane": 0.2598, "car_sigma": 0.7931, "car_tau_mean": 2.4861, "car_tau_std": 2.163, "car_v_mean": 17.7193, "car_v_std": 8.7644}, "datetime": {"datetime": "2024-08-08 13:01:21", "elapsed": 868.883084, "delta": 2.308603}}
{"target": -0.35448524597533704, "params": {"bus_acc": 4.3491, "bus_dcc": 1.3813, "bus_lcAssertive": 71.2944, "bus_lcCooperative": 0.2722, "bus_lcLookaheadLeft": 64.9686, "bus_lcPushy": 0.1336, "bus_lcSigma": 0.7766, "bus_lcSpeedGainRight": 2.6761, "bus_lcSublane": 0.0745, "bus_sigma": 0.3408, "bus_tau_mean": 3.0652, "bus_tau_std": 8.7152, "bus_v_mean": 18.7975, "bus_v_std": 19.1727, "car_acc": 4.0306, "car_dcc": 3.3296, "car_lcAssertive": 96.3214, "car_lcCooperative": 0.4798, "car_lcLookaheadLeft": 3.3792, "car_lcPushy": 0.7132, "car_lcSigma": 0.5287, "car_lcSpeedGainRight": 3.6087, "car_lcSublane": 0.4479, "car_sigma": 0.0963, "car_tau_mean": 3.3157, "car_tau_std": 2.5604, "car_v_mean": 14.7881, "car_v_std": 6.2635}, "datetime": {"datetime": "2024-08-08 13:01:22", "elapsed": 869.636638, "delta": 0.753554}}
