{"target": -0.29205039942143485, "params": {"bus_acc": 3.5932, "bus_dcc": 1.4273, "bus_lcAssertive": 59.7264, "bus_lcCooperative": 0.0012, "bus_lcLookaheadLeft": 20.5974, "bus_lcPushy": 0.9998, "bus_lcSigma": 0.3806, "bus_lcSpeedGainRight": 5.0, "bus_lcSublane": 0.7894, "bus_sigma": 0.0836, "bus_tau_mean": 1.7131, "bus_tau_std": 0.0, "bus_v_mean": 12.5002, "bus_v_std": 9.5624, "car_acc": 2.5953, "car_dcc": 1.7982, "car_lcAssertive": 58.9176, "car_lcCooperative": 0.3907, "car_lcLookaheadLeft": 52.5985, "car_lcPushy": 0.4189, "car_lcSigma": 0.0, "car_lcSpeedGainRight": 3.6387, "car_lcSublane": 0.2462, "car_sigma": 0.6748, "car_tau_mean": 2.2201, "car_tau_std": 10.0, "car_v_mean": 21.7299, "car_v_std": 10.6812}, "datetime": {"datetime": "2024-08-08 18:53:17", "elapsed": 1005.32902, "delta": 17.871473}}
{"target": -0.3130429745057906, "params": {"bus_acc": 3.1124, "bus_dcc": 2.5311, "bus_lcAssertive": 48.5704, "bus_lcCooperative": 0.2605, "bus_lcLookaheadLeft": 30.978, "bus_lcPushy": 0.363, "bus_lcSigma": 0.3609, "bus_lcSpeedGainRight": 0.9718, "bus_lcSublane": 0.3699, "bus_sigma": 0.2926, "bus_tau_mean": 2.8016, "bus_tau_std": 4.2332, "bus_v_mean": 8.0342, "bus_v_std": 9.4486, "car_acc": 1.0505, "car_dcc": 1.269, "car_lcAssertive": 60.0637, "car_lcCooperative": 0.4323, "car_lcLookaheadLeft": 51.8604, "car_lcPushy": 0.3722, "car_lcSigma": 0.2332, "car_lcSpeedGainRight": 1.555, "car_lcSublane": 0.6259, "car_sigma": 0.0801, "car_tau_mean": 1.6087, "car_tau_std": 6.7738, "car_v_mean": 23.4979, "car_v_std": 2.206}, "datetime": {"datetime": "2024-08-08 18:53:26", "elapsed": 1014.6772, "delta": 9.34818}}
{"target": -0.2813720227564997, "params": {"bus_acc": 1.0974, "bus_dcc": 3.4624, "bus_lcAssertive": 47.1214, "bus_lcCooperative": 0.7897, "bus_lcLookaheadLeft": 33.3919, "bus_lcPushy": 0.2577, "bus_lcSigma": 0.9414, "bus_lcSpeedGainRight": 3.933, "bus_lcSublane": 0.756, "bus_sigma": 0.4607, "bus_tau_mean": 2.1237, "bus_tau_std": 0.2001, "bus_v_mean": 11.2703, "bus_v_std": 7.0413, "car_acc": 3.4613, "car_dcc": 2.7465, "car_lcAssertive": 61.652, "car_lcCooperative": 0.8226, "car_lcLookaheadLeft": 47.1652, "car_lcPushy": 0.1343, "car_lcSigma": 0.0329, "car_lcSpeedGainRight": 4.6674, "car_lcSublane": 0.7311, "car_sigma": 0.7443, "car_tau_mean": 2.9099, "car_tau_std": 0.4451, "car_v_mean": 20.5471, "car_v_std": 4.1261}, "datetime": {"datetime": "2024-08-08 18:53:41", "elapsed": 1028.921002, "delta": 14.243802}}
{"target": -0.43635397085011934, "params": {"bus_acc": 1.6625, "bus_dcc": 2.4021, "bus_lcAssertive": 18.7547, "bus_lcCooperative": 0.1583, "bus_lcLookaheadLeft": 94.3954, "bus_lcPushy": 0.8142, "bus_lcSigma": 0.476, "bus_lcSpeedGainRight": 2.5463, "bus_lcSublane": 0.4605, "bus_sigma": 0.8949, "bus_tau_mean": 1.9196, "bus_tau_std": 6.1118, "bus_v_mean": 13.8002, "bus_v_std": 19.848, "car_acc": 3.1032, "car_dcc": 1.203, "car_lcAssertive": 74.5237, "car_lcCooperative": 0.113, "car_lcLookaheadLeft": 64.087, "car_lcPushy": 0.4574, "car_lcSigma": 0.7619, "car_lcSpeedGainRight": 1.896, "car_lcSublane": 0.9023, "car_sigma": 0.5368, "car_tau_mean": 1.6854, "car_tau_std": 3.1655, "car_v_mean": 16.4567, "car_v_std": 3.0614}, "datetime": {"datetime": "2024-08-08 18:53:50", "elapsed": 1038.230578, "delta": 9.309576}}
{"target": -0.350830641900517, "params": {"bus_acc": 3.5742, "bus_dcc": 3.304, "bus_lcAssertive": 69.6739, "bus_lcCooperative": 0.6556, "bus_lcLookaheadLeft": 52.9133, "bus_lcPushy": 0.7145, "bus_lcSigma": 0.9081, "bus_lcSpeedGainRight": 1.1804, "bus_lcSublane": 0.1611, "bus_sigma": 0.9407, "bus_tau_mean": 3.858, "bus_tau_std": 8.7534, "bus_v_mean": 14.8785, "bus_v_std": 6.8283, "car_acc": 3.0088, "car_dcc": 3.0532, "car_lcAssertive": 58.6318, "car_lcCooperative": 0.7917, "car_lcLookaheadLeft": 4.323, "car_lcPushy": 0.3333, "car_lcSigma": 0.2097, "car_lcSpeedGainRight": 3.7336, "car_lcSublane": 0.2686, "car_sigma": 0.2287, "car_tau_mean": 2.6776, "car_tau_std": 4.0827, "car_v_mean": 15.3478, "car_v_std": 0.9763}, "datetime": {"datetime": "2024-08-08 18:54:08", "elapsed": 1055.741193, "delta": 17.510615}}
{"target": -0.297262747586228, "params": {"bus_acc": 3.4356, "bus_dcc": 1.3911, "bus_lcAssertive": 68.0742, "bus_lcCooperative": 0.6012, "bus_lcLookaheadLeft": 23.0337, "bus_lcPushy": 0.5735, "bus_lcSigma": 0.635, "bus_lcSpeedGainRight": 5.0, "bus_lcSublane": 0.7116, "bus_sigma": 0.0, "bus_tau_mean": 1.4249, "bus_tau_std": 0.93, "bus_v_mean": 8.0, "bus_v_std": 12.6924, "car_acc": 1.8682, "car_dcc": 1.0, "car_lcAssertive": 59.5425, "car_lcCooperative": 0.4555, "car_lcLookaheadLeft": 22.9811, "car_lcPushy": 0.183, "car_lcSigma": 0.4797, "car_lcSpeedGainRight": 3.9231, "car_lcSublane": 0.0828, "car_sigma": 0.9163, "car_tau_mean": 1.2684, "car_tau_std": 8.4564, "car_v_mean": 22.7383, "car_v_std": 10.7967}, "datetime": {"datetime": "2024-08-08 18:54:16", "elapsed": 1064.421089, "delta": 8.679896}}
{"target": -0.35935456341799116, "params": {"bus_acc": 3.4838, "bus_dcc": 2.162, "bus_lcAssertive": 15.8155, "bus_lcCooperative": 0.3693, "bus_lcLookaheadLeft": 43.157, "bus_lcPushy": 0.8213, "bus_lcSigma": 0.6872, "bus_lcSpeedGainRight": 1.1429, "bus_lcSublane": 0.8917, "bus_sigma": 0.6748, "bus_tau_mean": 2.8274, "bus_tau_std": 6.4595, "bus_v_mean": 14.1326, "bus_v_std": 12.5515, "car_acc": 3.8997, "car_dcc": 1.9334, "car_lcAssertive": 38.552, "car_lcCooperative": 0.9078, "car_lcLookaheadLeft": 53.3928, "car_lcPushy": 0.2473, "car_lcSigma": 0.2175, "car_lcSpeedGainRight": 2.674, "car_lcSublane": 0.8311, "car_sigma": 0.7292, "car_tau_mean": 1.0265, "car_tau_std": 8.9029, "car_v_mean": 17.0546, "car_v_std": 2.3179}, "datetime": {"datetime": "2024-08-08 18:54:32", "elapsed": 1080.173022, "delta": 15.751933}}
{"target": -0.3572346181194863, "params": {"bus_acc": 2.8206, "bus_dcc": 1.8032, "bus_lcAssertive": 77.9126, "bus_lcCooperative": 0.7433, "bus_lcLookaheadLeft": 78.1094, "bus_lcPushy": 0.2387, "bus_lcSigma": 0.0369, "bus_lcSpeedGainRight": 0.3183, "bus_lcSublane": 0.1603, "bus_sigma": 0.2523, "bus_tau_mean": 2.2383, "bus_tau_std": 7.3762, "bus_v_mean": 20.6312, "bus_v_std": 14.1081, "car_acc": 1.7006, "car_dcc": 2.4674, "car_lcAssertive": 8.3384, "car_lcCooperative": 0.9213, "car_lcLookaheadLeft": 97.7625, "car_lcPushy": 0.6538, "car_lcSigma": 0.2233, "car_lcSpeedGainRight": 1.1113, "car_lcSublane": 0.3554, "car_sigma": 0.2715, "car_tau_mean": 2.4044, "car_tau_std": 8.3368, "car_v_mean": 17.4759, "car_v_std": 0.6635}, "datetime": {"datetime": "2024-08-08 18:54:47", "elapsed": 1095.236982, "delta": 15.06396}}
{"target": -0.29489886411413285, "params": {"bus_acc": 3.7051, "bus_dcc": 3.0065, "bus_lcAssertive": 69.2548, "bus_lcCooperative": 0.2052, "bus_lcLookaheadLeft": 28.0804, "bus_lcPushy": 0.5869, "bus_lcSigma": 0.604, "bus_lcSpeedGainRight": 3.7318, "bus_lcSublane": 0.3071, "bus_sigma": 0.8397, "bus_tau_mean": 3.3082, "bus_tau_std": 8.6321, "bus_v_mean": 15.3087, "bus_v_std": 18.2876, "car_acc": 1.6639, "car_dcc": 2.5258, "car_lcAssertive": 38.9285, "car_lcCooperative": 0.2257, "car_lcLookaheadLeft": 3.9312, "car_lcPushy": 0.4474, "car_lcSigma": 0.3025, "car_lcSpeedGainRight": 2.336, "car_lcSublane": 0.4242, "car_sigma": 0.5173, "car_tau_mean": 1.2561, "car_tau_std": 7.0018, "car_v_mean": 14.3743, "car_v_std": 13.7237}, "datetime": {"datetime": "2024-08-08 18:55:11", "elapsed": 1119.468404, "delta": 24.231422}}
{"target": -0.34906992997593617, "params": {"bus_acc": 1.977, "bus_dcc": 2.4775, "bus_lcAssertive": 53.4028, "bus_lcCooperative": 0.6925, "bus_lcLookaheadLeft": 29.6443, "bus_lcPushy": 0.3911, "bus_lcSigma": 0.736, "bus_lcSpeedGainRight": 3.1728, "bus_lcSublane": 0.5289, "bus_sigma": 0.9021, "bus_tau_mean": 2.9513, "bus_tau_std": 4.8849, "bus_v_mean": 9.5148, "bus_v_std": 10.8372, "car_acc": 2.3139, "car_dcc": 2.8754, "car_lcAssertive": 51.2909, "car_lcCooperative": 0.9085, "car_lcLookaheadLeft": 54.8087, "car_lcPushy": 0.3252, "car_lcSigma": 0.9643, "car_lcSpeedGainRight": 3.6293, "car_lcSublane": 0.3636, "car_sigma": 0.189, "car_tau_mean": 3.6008, "car_tau_std": 8.1176, "car_v_mean": 21.6743, "car_v_std": 4.701}, "datetime": {"datetime": "2024-08-08 18:55:20", "elapsed": 1128.173209, "delta": 8.704805}}
{"target": -0.3320740180927179, "params": {"bus_acc": 3.8573, "bus_dcc": 1.8068, "bus_lcAssertive": 96.3151, "bus_lcCooperative": 0.0563, "bus_lcLookaheadLeft": 32.4028, "bus_lcPushy": 0.4604, "bus_lcSigma": 0.5387, "bus_lcSpeedGainRight": 3.3917, "bus_lcSublane": 0.6041, "bus_sigma": 0.2126, "bus_tau_mean": 0.9407, "bus_tau_std": 9.7273, "bus_v_mean": 16.5031, "bus_v_std": 14.3386, "car_acc": 1.3231, "car_dcc": 1.8998, "car_lcAssertive": 56.0142, "car_lcCooperative": 0.9378, "car_lcLookaheadLeft": 19.1768, "car_lcPushy": 0.2027, "car_lcSigma": 0.5946, "car_lcSpeedGainRight": 3.3619, "car_lcSublane": 0.4408, "car_sigma": 0.2166, "car_tau_mean": 3.6168, "car_tau_std": 7.72, "car_v_mean": 23.3842, "car_v_std": 4.6004}, "datetime": {"datetime": "2024-08-08 18:55:27", "elapsed": 1135.132971, "delta": 6.959762}}
{"target": -0.31675737224541384, "params": {"bus_acc": 3.2798, "bus_dcc": 1.0134, "bus_lcAssertive": 74.4278, "bus_lcCooperative": 0.4273, "bus_lcLookaheadLeft": 47.9119, "bus_lcPushy": 0.8267, "bus_lcSigma": 0.338, "bus_lcSpeedGainRight": 3.877, "bus_lcSublane": 0.5995, "bus_sigma": 0.3944, "bus_tau_mean": 0.918, "bus_tau_std": 7.678, "bus_v_mean": 17.2837, "bus_v_std": 8.015, "car_acc": 3.3038, "car_dcc": 3.5133, "car_lcAssertive": 45.6897, "car_lcCooperative": 0.3304, "car_lcLookaheadLeft": 7.0057, "car_lcPushy": 0.6356, "car_lcSigma": 0.7992, "car_lcSpeedGainRight": 4.2211, "car_lcSublane": 0.5991, "car_sigma": 0.4296, "car_tau_mean": 2.8959, "car_tau_std": 5.1425, "car_v_mean": 13.8389, "car_v_std": 2.5442}, "datetime": {"datetime": "2024-08-08 18:55:37", "elapsed": 1145.494406, "delta": 10.361435}}
{"target": -0.5765392966530684, "params": {"bus_acc": 2.25, "bus_dcc": 3.107, "bus_lcAssertive": 84.4509, "bus_lcCooperative": 0.9445, "bus_lcLookaheadLeft": 30.7185, "bus_lcPushy": 0.5075, "bus_lcSigma": 0.8863, "bus_lcSpeedGainRight": 3.5703, "bus_lcSublane": 0.8033, "bus_sigma": 0.4903, "bus_tau_mean": 2.8112, "bus_tau_std": 9.2734, "bus_v_mean": 13.3964, "bus_v_std": 11.4122, "car_acc": 1.7483, "car_dcc": 2.7887, "car_lcAssertive": 54.5034, "car_lcCooperative": 0.9813, "car_lcLookaheadLeft": 19.4862, "car_lcPushy": 0.9306, "car_lcSigma": 0.9119, "car_lcSpeedGainRight": 4.0873, "car_lcSublane": 0.6011, "car_sigma": 0.4329, "car_tau_mean": 0.8025, "car_tau_std": 4.3147, "car_v_mean": 18.2351, "car_v_std": 1.2096}, "datetime": {"datetime": "2024-08-08 18:55:43", "elapsed": 1151.618978, "delta": 6.124572}}
{"target": -0.32659942530026326, "params": {"bus_acc": 2.9446, "bus_dcc": 2.9071, "bus_lcAssertive": 37.3445, "bus_lcCooperative": 0.0489, "bus_lcLookaheadLeft": 94.6684, "bus_lcPushy": 0.7717, "bus_lcSigma": 0.4427, "bus_lcSpeedGainRight": 2.2605, "bus_lcSublane": 0.3489, "bus_sigma": 0.2864, "bus_tau_mean": 3.6716, "bus_tau_std": 4.4171, "bus_v_mean": 14.0655, "bus_v_std": 7.6805, "car_acc": 1.416, "car_dcc": 3.2313, "car_lcAssertive": 27.3377, "car_lcCooperative": 0.0663, "car_lcLookaheadLeft": 27.8149, "car_lcPushy": 0.5819, "car_lcSigma": 0.9899, "car_lcSpeedGainRight": 1.7283, "car_lcSublane": 0.3164, "car_sigma": 0.7731, "car_tau_mean": 1.4407, "car_tau_std": 3.8249, "car_v_mean": 16.1203, "car_v_std": 1.0505}, "datetime": {"datetime": "2024-08-08 18:55:54", "elapsed": 1161.891378, "delta": 10.2724}}
{"target": -0.4189021368991254, "params": {"bus_acc": 1.1984, "bus_dcc": 2.1594, "bus_lcAssertive": 80.4503, "bus_lcCooperative": 0.6809, "bus_lcLookaheadLeft": 66.5406, "bus_lcPushy": 0.4446, "bus_lcSigma": 0.1191, "bus_lcSpeedGainRight": 1.3117, "bus_lcSublane": 0.1032, "bus_sigma": 0.4455, "bus_tau_mean": 1.825, "bus_tau_std": 8.9024, "bus_v_mean": 21.9436, "bus_v_std": 15.3861, "car_acc": 2.2725, "car_dcc": 3.7997, "car_lcAssertive": 27.361, "car_lcCooperative": 0.9466, "car_lcLookaheadLeft": 68.0383, "car_lcPushy": 0.9346, "car_lcSigma": 0.6165, "car_lcSpeedGainRight": 0.0131, "car_lcSublane": 0.1474, "car_sigma": 0.7758, "car_tau_mean": 3.5771, "car_tau_std": 4.0963, "car_v_mean": 20.8909, "car_v_std": 0.2304}, "datetime": {"datetime": "2024-08-08 18:55:58", "elapsed": 1165.789079, "delta": 3.897701}}
{"target": -0.3515746093904042, "params": {"bus_acc": 1.7327, "bus_dcc": 3.5273, "bus_lcAssertive": 19.6241, "bus_lcCooperative": 0.1088, "bus_lcLookaheadLeft": 90.6099, "bus_lcPushy": 0.7755, "bus_lcSigma": 0.576, "bus_lcSpeedGainRight": 3.1912, "bus_lcSublane": 0.8892, "bus_sigma": 0.6959, "bus_tau_mean": 1.2844, "bus_tau_std": 1.2623, "bus_v_mean": 9.902, "bus_v_std": 13.223, "car_acc": 2.887, "car_dcc": 2.146, "car_lcAssertive": 83.8384, "car_lcCooperative": 0.1283, "car_lcLookaheadLeft": 98.2778, "car_lcPushy": 0.7765, "car_lcSigma": 0.5869, "car_lcSpeedGainRight": 4.4059, "car_lcSublane": 0.106, "car_sigma": 0.9438, "car_tau_mean": 1.7865, "car_tau_std": 1.4781, "car_v_mean": 21.3785, "car_v_std": 1.8345}, "datetime": {"datetime": "2024-08-08 18:56:04", "elapsed": 1172.700941, "delta": 6.911862}}
{"target": -0.35541494629551934, "params": {"bus_acc": 2.633, "bus_dcc": 1.0866, "bus_lcAssertive": 78.683, "bus_lcCooperative": 0.2127, "bus_lcLookaheadLeft": 3.9645, "bus_lcPushy": 0.2878, "bus_lcSigma": 0.9717, "bus_lcSpeedGainRight": 2.3693, "bus_lcSublane": 0.3758, "bus_sigma": 0.3237, "bus_tau_mean": 2.4173, "bus_tau_std": 6.6255, "bus_v_mean": 21.8905, "bus_v_std": 7.8528, "car_acc": 3.7449, "car_dcc": 2.0841, "car_lcAssertive": 99.7464, "car_lcCooperative": 0.4419, "car_lcLookaheadLeft": 77.0444, "car_lcPushy": 0.8081, "car_lcSigma": 0.9731, "car_lcSpeedGainRight": 4.8851, "car_lcSublane": 0.1333, "car_sigma": 0.6617, "car_tau_mean": 3.3852, "car_tau_std": 5.0898, "car_v_mean": 12.4675, "car_v_std": 3.8342}, "datetime": {"datetime": "2024-08-08 18:56:10", "elapsed": 1178.642752, "delta": 5.941811}}
{"target": -0.34906592488211735, "params": {"bus_acc": 3.3814, "bus_dcc": 3.7827, "bus_lcAssertive": 70.3065, "bus_lcCooperative": 0.1286, "bus_lcLookaheadLeft": 62.8762, "bus_lcPushy": 0.1696, "bus_lcSigma": 0.4537, "bus_lcSpeedGainRight": 2.0202, "bus_lcSublane": 0.8061, "bus_sigma": 0.1536, "bus_tau_mean": 3.9139, "bus_tau_std": 0.5026, "bus_v_mean": 22.1574, "bus_v_std": 4.6737, "car_acc": 1.4816, "car_dcc": 3.0023, "car_lcAssertive": 78.3349, "car_lcCooperative": 0.9816, "car_lcLookaheadLeft": 50.6419, "car_lcPushy": 0.5767, "car_lcSigma": 0.6978, "car_lcSpeedGainRight": 4.5625, "car_lcSublane": 0.5224, "car_sigma": 0.1381, "car_tau_mean": 1.2082, "car_tau_std": 5.3575, "car_v_mean": 22.1161, "car_v_std": 19.6967}, "datetime": {"datetime": "2024-08-08 18:56:16", "elapsed": 1184.458185, "delta": 5.815433}}
{"target": -0.2900529567957194, "params": {"bus_acc": 2.7866, "bus_dcc": 1.5072, "bus_lcAssertive": 9.1786, "bus_lcCooperative": 0.2042, "bus_lcLookaheadLeft": 6.6749, "bus_lcPushy": 0.5206, "bus_lcSigma": 0.7732, "bus_lcSpeedGainRight": 0.2808, "bus_lcSublane": 0.4023, "bus_sigma": 0.3235, "bus_tau_mean": 2.1024, "bus_tau_std": 5.4193, "bus_v_mean": 13.3925, "bus_v_std": 10.6535, "car_acc": 3.1675, "car_dcc": 1.0466, "car_lcAssertive": 66.0522, "car_lcCooperative": 0.9103, "car_lcLookaheadLeft": 96.6316, "car_lcPushy": 0.5997, "car_lcSigma": 0.4094, "car_lcSpeedGainRight": 3.679, "car_lcSublane": 0.5578, "car_sigma": 0.1409, "car_tau_mean": 2.145, "car_tau_std": 4.3729, "car_v_mean": 16.5868, "car_v_std": 16.8901}, "datetime": {"datetime": "2024-08-08 18:56:21", "elapsed": 1189.549282, "delta": 5.091097}}
{"target": -0.3205963028711516, "params": {"bus_acc": 3.8144, "bus_dcc": 2.7652, "bus_lcAssertive": 42.0171, "bus_lcCooperative": 0.8903, "bus_lcLookaheadLeft": 90.5706, "bus_lcPushy": 0.8391, "bus_lcSigma": 0.9146, "bus_lcSpeedGainRight": 1.4351, "bus_lcSublane": 0.1076, "bus_sigma": 0.0143, "bus_tau_mean": 1.6276, "bus_tau_std": 6.9284, "bus_v_mean": 18.6528, "bus_v_std": 7.6401, "car_acc": 1.263, "car_dcc": 1.0878, "car_lcAssertive": 19.4043, "car_lcCooperative": 0.3633, "car_lcLookaheadLeft": 22.4489, "car_lcPushy": 0.0816, "car_lcSigma": 0.94, "car_lcSpeedGainRight": 2.113, "car_lcSublane": 0.8818, "car_sigma": 0.8694, "car_tau_mean": 1.8334, "car_tau_std": 5.4698, "car_v_mean": 17.3792, "car_v_std": 2.3455}, "datetime": {"datetime": "2024-08-08 18:56:28", "elapsed": 1196.689053, "delta": 7.139771}}
{"target": -0.3107155919694437, "params": {"bus_acc": 3.6775, "bus_dcc": 1.0387, "bus_lcAssertive": 69.0267, "bus_lcCooperative": 0.5935, "bus_lcLookaheadLeft": 70.1819, "bus_lcPushy": 0.1108, "bus_lcSigma": 0.774, "bus_lcSpeedGainRight": 0.2117, "bus_lcSublane": 0.1469, "bus_sigma": 0.6362, "bus_tau_mean": 3.8253, "bus_tau_std": 0.7757, "bus_v_mean": 19.9878, "bus_v_std": 2.5303, "car_acc": 3.9981, "car_dcc": 1.6538, "car_lcAssertive": 17.7971, "car_lcCooperative": 0.3515, "car_lcLookaheadLeft": 55.1471, "car_lcPushy": 0.6678, "car_lcSigma": 0.3596, "car_lcSpeedGainRight": 2.1985, "car_lcSublane": 0.0133, "car_sigma": 0.1591, "car_tau_mean": 1.6023, "car_tau_std": 9.8555, "car_v_mean": 17.2358, "car_v_std": 8.7035}, "datetime": {"datetime": "2024-08-08 18:56:37", "elapsed": 1205.477966, "delta": 8.788913}}
{"target": -0.30738555464334893, "params": {"bus_acc": 1.2393, "bus_dcc": 2.1632, "bus_lcAssertive": 12.7227, "bus_lcCooperative": 0.8809, "bus_lcLookaheadLeft": 12.9171, "bus_lcPushy": 0.7747, "bus_lcSigma": 0.4314, "bus_lcSpeedGainRight": 0.5491, "bus_lcSublane": 0.4531, "bus_sigma": 0.435, "bus_tau_mean": 2.6967, "bus_tau_std": 3.6313, "bus_v_mean": 8.0795, "bus_v_std": 6.8429, "car_acc": 2.6896, "car_dcc": 3.2358, "car_lcAssertive": 64.5885, "car_lcCooperative": 0.8536, "car_lcLookaheadLeft": 95.7152, "car_lcPushy": 0.2287, "car_lcSigma": 0.1191, "car_lcSpeedGainRight": 1.3593, "car_lcSublane": 0.5573, "car_sigma": 0.5494, "car_tau_mean": 1.9163, "car_tau_std": 2.1902, "car_v_mean": 17.5318, "car_v_std": 15.4547}, "datetime": {"datetime": "2024-08-08 18:56:42", "elapsed": 1210.334469, "delta": 4.856503}}
{"target": -0.3061129899557762, "params": {"bus_acc": 2.895, "bus_dcc": 1.9508, "bus_lcAssertive": 48.0705, "bus_lcCooperative": 0.3204, "bus_lcLookaheadLeft": 30.9599, "bus_lcPushy": 0.55, "bus_lcSigma": 0.1259, "bus_lcSpeedGainRight": 2.9196, "bus_lcSublane": 0.6647, "bus_sigma": 0.7186, "bus_tau_mean": 2.5196, "bus_tau_std": 2.0734, "bus_v_mean": 12.9781, "bus_v_std": 9.0378, "car_acc": 3.3429, "car_dcc": 2.126, "car_lcAssertive": 55.8632, "car_lcCooperative": 0.3288, "car_lcLookaheadLeft": 50.1365, "car_lcPushy": 0.9477, "car_lcSigma": 0.8606, "car_lcSpeedGainRight": 3.4174, "car_lcSublane": 0.8563, "car_sigma": 0.9047, "car_tau_mean": 3.229, "car_tau_std": 2.0712, "car_v_mean": 22.8114, "car_v_std": 12.6342}, "datetime": {"datetime": "2024-08-08 18:56:49", "elapsed": 1217.000299, "delta": 6.66583}}
{"target": -0.31109142846133414, "params": {"bus_acc": 2.5151, "bus_dcc": 1.7838, "bus_lcAssertive": 57.826, "bus_lcCooperative": 0.745, "bus_lcLookaheadLeft": 33.8524, "bus_lcPushy": 0.5723, "bus_lcSigma": 0.8641, "bus_lcSpeedGainRight": 0.8735, "bus_lcSublane": 0.6998, "bus_sigma": 0.3323, "bus_tau_mean": 2.1933, "bus_tau_std": 4.0647, "bus_v_mean": 18.5618, "bus_v_std": 18.9356, "car_acc": 3.8932, "car_dcc": 3.4003, "car_lcAssertive": 8.8907, "car_lcCooperative": 0.4095, "car_lcLookaheadLeft": 14.7361, "car_lcPushy": 0.9097, "car_lcSigma": 0.2659, "car_lcSpeedGainRight": 2.76, "car_lcSublane": 0.1387, "car_sigma": 0.7588, "car_tau_mean": 3.066, "car_tau_std": 7.1399, "car_v_mean": 21.1931, "car_v_std": 10.488}, "datetime": {"datetime": "2024-08-08 18:56:56", "elapsed": 1223.928952, "delta": 6.928653}}
{"target": -0.30837732197006923, "params": {"bus_acc": 2.0273, "bus_dcc": 2.2927, "bus_lcAssertive": 43.7591, "bus_lcCooperative": 0.8999, "bus_lcLookaheadLeft": 87.2743, "bus_lcPushy": 0.5745, "bus_lcSigma": 0.1429, "bus_lcSpeedGainRight": 1.4484, "bus_lcSublane": 0.0078, "bus_sigma": 0.1058, "bus_tau_mean": 1.1302, "bus_tau_std": 8.4352, "bus_v_mean": 22.3472, "bus_v_std": 10.1923, "car_acc": 3.4835, "car_dcc": 2.6921, "car_lcAssertive": 21.2471, "car_lcCooperative": 0.8467, "car_lcLookaheadLeft": 2.9034, "car_lcPushy": 0.5397, "car_lcSigma": 0.3817, "car_lcSpeedGainRight": 2.9184, "car_lcSublane": 0.8664, "car_sigma": 0.046, "car_tau_mean": 2.2508, "car_tau_std": 6.2892, "car_v_mean": 19.9306, "car_v_std": 10.8629}, "datetime": {"datetime": "2024-08-08 18:57:01", "elapsed": 1228.895119, "delta": 4.966167}}
{"target": -0.34420707207349155, "params": {"bus_acc": 1.5159, "bus_dcc": 3.0735, "bus_lcAssertive": 7.2845, "bus_lcCooperative": 0.7136, "bus_lcLookaheadLeft": 8.6922, "bus_lcPushy": 0.6592, "bus_lcSigma": 0.666, "bus_lcSpeedGainRight": 3.0418, "bus_lcSublane": 0.9308, "bus_sigma": 0.1137, "bus_tau_mean": 3.6946, "bus_tau_std": 5.0949, "bus_v_mean": 11.8229, "bus_v_std": 10.8458, "car_acc": 1.9634, "car_dcc": 3.2294, "car_lcAssertive": 69.5603, "car_lcCooperative": 0.7438, "car_lcLookaheadLeft": 97.1674, "car_lcPushy": 0.3456, "car_lcSigma": 0.0553, "car_lcSpeedGainRight": 1.1869, "car_lcSublane": 0.5394, "car_sigma": 0.1991, "car_tau_mean": 1.9553, "car_tau_std": 4.3732, "car_v_mean": 12.7346, "car_v_std": 18.7569}, "datetime": {"datetime": "2024-08-08 18:57:07", "elapsed": 1234.780165, "delta": 5.885046}}
