{"target": -0.3538402688899498, "params": {"bus_acc": 2.0004, "bus_dcc": 1.75, "bus_lcAssertive": 31.2769, "bus_lcCooperative": 0.8836, "bus_lcLookaheadLeft": 62.9712, "bus_lcPushy": 0.9652, "bus_lcSigma": 0.0514, "bus_lcSublane": 0.8991, "bus_sigma": 0.9994, "bus_tau_mean": 3.7958, "bus_tau_std": 8.5738, "bus_v_mean": 20.6941, "bus_v_std": 2.8731, "car_acc": 2.5391, "car_dcc": 3.0123, "car_lcAssertive": 4.817, "car_lcCooperative": 0.9783, "car_lcLookaheadLeft": 24.4017, "car_lcPushy": 0.8984, "car_lcSigma": 0.2765, "car_lcSublane": 0.852, "car_sigma": 0.1713, "car_tau_mean": 1.2582, "car_tau_std": 8.5186, "car_v_mean": 14.5374, "car_v_std": 8.5781}, "datetime": {"datetime": "2024-08-07 10:14:38", "elapsed": 2780.697039, "delta": 7.613091}}
{"target": -0.33768502457112426, "params": {"bus_acc": 2.2268, "bus_dcc": 2.7293, "bus_lcAssertive": 1.26, "bus_lcCooperative": 0.4722, "bus_lcLookaheadLeft": 18.3123, "bus_lcPushy": 0.8953, "bus_lcSigma": 0.9334, "bus_lcSublane": 0.1895, "bus_sigma": 0.02, "bus_tau_mean": 0.802, "bus_tau_std": 8.1227, "bus_v_mean": 19.8069, "bus_v_std": 1.251, "car_acc": 1.969, "car_dcc": 1.6846, "car_lcAssertive": 83.0105, "car_lcCooperative": 0.2588, "car_lcLookaheadLeft": 15.7626, "car_lcPushy": 0.3726, "car_lcSigma": 0.2744, "car_lcSublane": 0.2223, "car_sigma": 0.1662, "car_tau_mean": 2.4083, "car_tau_std": 8.5699, "car_v_mean": 15.3834, "car_v_std": 5.057}, "datetime": {"datetime": "2024-08-07 10:14:47", "elapsed": 2790.421745, "delta": 9.724706}}
{"target": -0.34956434860564795, "params": {"bus_acc": 1.8591, "bus_dcc": 1.8153, "bus_lcAssertive": 95.8031, "bus_lcCooperative": 0.238, "bus_lcLookaheadLeft": 21.4064, "bus_lcPushy": 0.5918, "bus_lcSigma": 0.9968, "bus_lcSublane": 0.6343, "bus_sigma": 0.0144, "bus_tau_mean": 1.2053, "bus_tau_std": 4.8351, "bus_v_mean": 14.8473, "bus_v_std": 8.9493, "car_acc": 1.0032, "car_dcc": 1.0032, "car_lcAssertive": 68.481, "car_lcCooperative": 0.8279, "car_lcLookaheadLeft": 2.0032, "car_lcPushy": 0.4205, "car_lcSigma": 0.7232, "car_lcSublane": 0.5225, "car_sigma": 0.9968, "car_tau_mean": 2.1314, "car_tau_std": 0.5384, "car_v_mean": 14.5395, "car_v_std": 9.9968}, "datetime": {"datetime": "2024-08-07 10:14:59", "elapsed": 2801.742449, "delta": 11.320704}}
{"target": -0.343888397375795, "params": {"bus_acc": 2.0289, "bus_dcc": 2.2415, "bus_lcAssertive": 48.5046, "bus_lcCooperative": 0.053, "bus_lcLookaheadLeft": 50.0825, "bus_lcPushy": 0.0161, "bus_lcSigma": 0.7033, "bus_lcSublane": 0.931, "bus_sigma": 0.3026, "bus_tau_mean": 2.1751, "bus_tau_std": 1.7374, "bus_v_mean": 15.9973, "bus_v_std": 8.145, "car_acc": 2.3069, "car_dcc": 2.8775, "car_lcAssertive": 67.6194, "car_lcCooperative": 0.5217, "car_lcLookaheadLeft": 94.1808, "car_lcPushy": 0.0503, "car_lcSigma": 0.017, "car_lcSublane": 0.4807, "car_sigma": 0.436, "car_tau_mean": 1.0571, "car_tau_std": 5.8441, "car_v_mean": 20.576, "car_v_std": 9.6239}, "datetime": {"datetime": "2024-08-07 10:15:13", "elapsed": 2816.351318, "delta": 14.608869}}
{"target": -0.3830297042283694, "params": {"bus_acc": 1.2526, "bus_dcc": 3.5298, "bus_lcAssertive": 58.325, "bus_lcCooperative": 0.4468, "bus_lcLookaheadLeft": 38.684, "bus_lcPushy": 0.2338, "bus_lcSigma": 0.4499, "bus_lcSublane": 0.4172, "bus_sigma": 0.7296, "bus_tau_mean": 2.0647, "bus_tau_std": 4.0028, "bus_v_mean": 22.1531, "bus_v_std": 6.9969, "car_acc": 2.0998, "car_dcc": 1.6104, "car_lcAssertive": 55.9973, "car_lcCooperative": 0.7179, "car_lcLookaheadLeft": 43.4312, "car_lcPushy": 0.9455, "car_lcSigma": 0.1181, "car_lcSublane": 0.6063, "car_sigma": 0.1626, "car_tau_mean": 0.7338, "car_tau_std": 4.2159, "car_v_mean": 22.1635, "car_v_std": 3.3354}, "datetime": {"datetime": "2024-08-07 10:15:20", "elapsed": 2823.141286, "delta": 6.789968}}
{"target": -0.3563574194068001, "params": {"bus_acc": 1.9678, "bus_dcc": 1.6276, "bus_lcAssertive": 35.9805, "bus_lcCooperative": 0.0695, "bus_lcLookaheadLeft": 27.334, "bus_lcPushy": 0.567, "bus_lcSigma": 0.6849, "bus_lcSublane": 0.6443, "bus_sigma": 0.2866, "bus_tau_mean": 3.8977, "bus_tau_std": 8.0309, "bus_v_mean": 9.7595, "bus_v_std": 9.9305, "car_acc": 1.3048, "car_dcc": 2.6582, "car_lcAssertive": 13.4169, "car_lcCooperative": 0.4844, "car_lcLookaheadLeft": 17.3804, "car_lcPushy": 0.3525, "car_lcSigma": 0.843, "car_lcSublane": 0.9844, "car_sigma": 0.5705, "car_tau_mean": 1.2403, "car_tau_std": 0.6586, "car_v_mean": 9.3074, "car_v_std": 7.3469}, "datetime": {"datetime": "2024-08-07 10:15:23", "elapsed": 2826.375211, "delta": 3.233925}}
{"target": -0.32263913963901447, "params": {"bus_acc": 1.4922, "bus_dcc": 1.0725, "bus_lcAssertive": 45.6121, "bus_lcCooperative": 0.1838, "bus_lcLookaheadLeft": 88.1066, "bus_lcPushy": 0.561, "bus_lcSigma": 0.0473, "bus_lcSublane": 0.5952, "bus_sigma": 0.9716, "bus_tau_mean": 1.9822, "bus_tau_std": 9.4386, "bus_v_mean": 10.3482, "bus_v_std": 5.912, "car_acc": 1.5996, "car_dcc": 1.3733, "car_lcAssertive": 78.9407, "car_lcCooperative": 0.7799, "car_lcLookaheadLeft": 54.5813, "car_lcPushy": 0.8906, "car_lcSigma": 0.8048, "car_lcSublane": 0.9664, "car_sigma": 0.4698, "car_tau_mean": 1.787, "car_tau_std": 5.3303, "car_v_mean": 20.7845, "car_v_std": 6.2718}, "datetime": {"datetime": "2024-08-07 10:15:47", "elapsed": 2850.297871, "delta": 23.92266}}
{"target": -0.30282091306834724, "params": {"bus_acc": 2.6186, "bus_dcc": 3.1469, "bus_lcAssertive": 30.2683, "bus_lcCooperative": 0.4908, "bus_lcLookaheadLeft": 79.4664, "bus_lcPushy": 0.3621, "bus_lcSigma": 0.2322, "bus_lcSublane": 0.7526, "bus_sigma": 0.0153, "bus_tau_mean": 3.6875, "bus_tau_std": 0.0534, "bus_v_mean": 8.8839, "bus_v_std": 1.7719, "car_acc": 1.2258, "car_dcc": 1.1668, "car_lcAssertive": 28.2749, "car_lcCooperative": 0.6698, "car_lcLookaheadLeft": 73.7155, "car_lcPushy": 0.8206, "car_lcSigma": 0.0001, "car_lcSublane": 0.1441, "car_sigma": 0.4349, "car_tau_mean": 1.4857, "car_tau_std": 2.4279, "car_v_mean": 18.8519, "car_v_std": 2.6789}, "datetime": {"datetime": "2024-08-07 10:15:50", "elapsed": 2853.309565, "delta": 3.011694}}
{"target": -0.40178163487961494, "params": {"bus_acc": 1.0077, "bus_dcc": 3.5173, "bus_lcAssertive": 49.1585, "bus_lcCooperative": 0.6724, "bus_lcLookaheadLeft": 58.8398, "bus_lcPushy": 0.0257, "bus_lcSigma": 0.9119, "bus_lcSublane": 0.973, "bus_sigma": 0.5626, "bus_tau_mean": 2.2892, "bus_tau_std": 1.702, "bus_v_mean": 19.4524, "bus_v_std": 1.7245, "car_acc": 1.4561, "car_dcc": 3.3022, "car_lcAssertive": 42.2419, "car_lcCooperative": 0.8461, "car_lcLookaheadLeft": 72.7744, "car_lcPushy": 0.3952, "car_lcSigma": 0.5797, "car_lcSublane": 0.606, "car_sigma": 0.7238, "car_tau_mean": 2.6384, "car_tau_std": 5.1881, "car_v_mean": 8.0509, "car_v_std": 2.8755}, "datetime": {"datetime": "2024-08-07 10:15:52", "elapsed": 2855.149253, "delta": 1.839688}}
{"target": -0.4249398460147842, "params": {"bus_acc": 1.2886, "bus_dcc": 2.5256, "bus_lcAssertive": 3.1253, "bus_lcCooperative": 0.2868, "bus_lcLookaheadLeft": 89.4486, "bus_lcPushy": 0.1158, "bus_lcSigma": 0.0132, "bus_lcSublane": 0.2426, "bus_sigma": 0.8706, "bus_tau_mean": 1.5639, "bus_tau_std": 9.578, "bus_v_mean": 22.4917, "bus_v_std": 3.3869, "car_acc": 1.6387, "car_dcc": 3.0301, "car_lcAssertive": 34.4425, "car_lcCooperative": 0.1975, "car_lcLookaheadLeft": 52.1733, "car_lcPushy": 0.2164, "car_lcSigma": 0.9673, "car_lcSublane": 0.8706, "car_sigma": 0.1318, "car_tau_mean": 1.6991, "car_tau_std": 9.7445, "car_v_mean": 12.3202, "car_v_std": 9.4621}, "datetime": {"datetime": "2024-08-07 10:16:21", "elapsed": 2883.616824, "delta": 28.467571}}
{"target": -0.36091349962000674, "params": {"bus_acc": 2.3334, "bus_dcc": 3.6412, "bus_lcAssertive": 11.5278, "bus_lcCooperative": 0.4799, "bus_lcLookaheadLeft": 53.4544, "bus_lcPushy": 0.7114, "bus_lcSigma": 0.253, "bus_lcSublane": 0.0428, "bus_sigma": 0.8639, "bus_tau_mean": 1.2003, "bus_tau_std": 2.7362, "bus_v_mean": 22.3683, "bus_v_std": 5.485, "car_acc": 2.0739, "car_dcc": 3.6287, "car_lcAssertive": 77.3951, "car_lcCooperative": 0.1273, "car_lcLookaheadLeft": 71.8963, "car_lcPushy": 0.0339, "car_lcSigma": 0.6274, "car_lcSublane": 0.7064, "car_sigma": 0.8695, "car_tau_mean": 0.7391, "car_tau_std": 6.4744, "car_v_mean": 14.2645, "car_v_std": 8.8915}, "datetime": {"datetime": "2024-08-07 10:16:45", "elapsed": 2908.239531, "delta": 24.622707}}
{"target": -0.38504568138663436, "params": {"bus_acc": 2.6185, "bus_dcc": 2.427, "bus_lcAssertive": 2.1989, "bus_lcCooperative": 0.4295, "bus_lcLookaheadLeft": 63.4539, "bus_lcPushy": 0.4801, "bus_lcSigma": 0.6238, "bus_lcSublane": 0.4314, "bus_sigma": 0.1714, "bus_tau_mean": 2.9203, "bus_tau_std": 1.5854, "bus_v_mean": 17.7675, "bus_v_std": 6.0134, "car_acc": 1.7302, "car_dcc": 1.2604, "car_lcAssertive": 18.6339, "car_lcCooperative": 0.3276, "car_lcLookaheadLeft": 93.118, "car_lcPushy": 0.1137, "car_lcSigma": 0.9379, "car_lcSublane": 0.7132, "car_sigma": 0.1813, "car_tau_mean": 3.9722, "car_tau_std": 0.3569, "car_v_mean": 8.1387, "car_v_std": 5.8962}, "datetime": {"datetime": "2024-08-07 10:16:50", "elapsed": 2913.264278, "delta": 5.024747}}
{"target": -0.4178887739069584, "params": {"bus_acc": 2.4374, "bus_dcc": 2.2229, "bus_lcAssertive": 59.6002, "bus_lcCooperative": 0.2612, "bus_lcLookaheadLeft": 40.5553, "bus_lcPushy": 0.7641, "bus_lcSigma": 0.0252, "bus_lcSublane": 0.1467, "bus_sigma": 0.7178, "bus_tau_mean": 3.0417, "bus_tau_std": 9.2149, "bus_v_mean": 23.3407, "bus_v_std": 8.7672, "car_acc": 1.0016, "car_dcc": 1.9144, "car_lcAssertive": 79.2998, "car_lcCooperative": 0.2682, "car_lcLookaheadLeft": 77.9476, "car_lcPushy": 0.0294, "car_lcSigma": 0.0563, "car_lcSublane": 0.9648, "car_sigma": 0.3785, "car_tau_mean": 1.844, "car_tau_std": 8.0576, "car_v_mean": 12.041, "car_v_std": 9.9744}, "datetime": {"datetime": "2024-08-07 10:16:55", "elapsed": 2917.91643, "delta": 4.652152}}
{"target": -0.42768258912000134, "params": {"bus_acc": 1.4324, "bus_dcc": 1.1338, "bus_lcAssertive": 52.7865, "bus_lcCooperative": 0.334, "bus_lcLookaheadLeft": 45.5665, "bus_lcPushy": 0.2979, "bus_lcSigma": 0.3795, "bus_lcSublane": 0.1978, "bus_sigma": 0.8316, "bus_tau_mean": 2.0352, "bus_tau_std": 4.72, "bus_v_mean": 12.5512, "bus_v_std": 7.1769, "car_acc": 1.6882, "car_dcc": 3.0173, "car_lcAssertive": 34.4212, "car_lcCooperative": 0.7747, "car_lcLookaheadLeft": 13.4241, "car_lcPushy": 0.9341, "car_lcSigma": 0.8341, "car_lcSublane": 0.7366, "car_sigma": 0.5446, "car_tau_mean": 1.8354, "car_tau_std": 1.9816, "car_v_mean": 10.3446, "car_v_std": 7.2362}, "datetime": {"datetime": "2024-08-07 10:17:15", "elapsed": 2937.977089, "delta": 20.060659}}
{"target": -0.3898582387624274, "params": {"bus_acc": 1.9954, "bus_dcc": 3.2508, "bus_lcAssertive": 97.3019, "bus_lcCooperative": 0.0869, "bus_lcLookaheadLeft": 77.6872, "bus_lcPushy": 0.9994, "bus_lcSigma": 0.9373, "bus_lcSublane": 0.5885, "bus_sigma": 0.7813, "bus_tau_mean": 2.5501, "bus_tau_std": 1.1437, "bus_v_mean": 21.4967, "bus_v_std": 1.876, "car_acc": 2.8329, "car_dcc": 2.7301, "car_lcAssertive": 2.7374, "car_lcCooperative": 0.633, "car_lcLookaheadLeft": 4.812, "car_lcPushy": 0.0078, "car_lcSigma": 0.6637, "car_lcSublane": 0.5501, "car_sigma": 0.0217, "car_tau_mean": 1.5094, "car_tau_std": 3.9681, "car_v_mean": 10.5313, "car_v_std": 7.4002}, "datetime": {"datetime": "2024-08-07 10:17:19", "elapsed": 2941.632168, "delta": 3.655079}}
{"target": -0.38836080415187224, "params": {"bus_acc": 1.0685, "bus_dcc": 2.9566, "bus_lcAssertive": 50.7427, "bus_lcCooperative": 0.0553, "bus_lcLookaheadLeft": 56.6424, "bus_lcPushy": 0.256, "bus_lcSigma": 0.5192, "bus_lcSublane": 0.1835, "bus_sigma": 0.2597, "bus_tau_mean": 2.4124, "bus_tau_std": 0.7569, "bus_v_mean": 21.5013, "bus_v_std": 5.2673, "car_acc": 2.0895, "car_dcc": 1.3722, "car_lcAssertive": 69.6079, "car_lcCooperative": 0.5242, "car_lcLookaheadLeft": 22.9584, "car_lcPushy": 0.2717, "car_lcSigma": 0.7396, "car_lcSublane": 0.6473, "car_sigma": 0.9778, "car_tau_mean": 3.0434, "car_tau_std": 9.4325, "car_v_mean": 9.2815, "car_v_std": 6.2569}, "datetime": {"datetime": "2024-08-07 10:17:20", "elapsed": 2943.306627, "delta": 1.674459}}
{"target": -0.4069353675820208, "params": {"bus_acc": 1.6966, "bus_dcc": 2.3631, "bus_lcAssertive": 91.9934, "bus_lcCooperative": 0.723, "bus_lcLookaheadLeft": 2.5608, "bus_lcPushy": 0.7289, "bus_lcSigma": 0.5812, "bus_lcSublane": 0.0537, "bus_sigma": 0.0495, "bus_tau_mean": 0.6879, "bus_tau_std": 0.6606, "bus_v_mean": 19.1859, "bus_v_std": 8.5284, "car_acc": 2.3341, "car_dcc": 1.019, "car_lcAssertive": 28.6052, "car_lcCooperative": 0.8593, "car_lcLookaheadLeft": 65.157, "car_lcPushy": 0.9916, "car_lcSigma": 0.4968, "car_lcSublane": 0.9796, "car_sigma": 0.2294, "car_tau_mean": 1.3239, "car_tau_std": 1.296, "car_v_mean": 21.0638, "car_v_std": 2.4135}, "datetime": {"datetime": "2024-08-07 10:17:46", "elapsed": 2969.321892, "delta": 26.015265}}
{"target": -0.41653569148837455, "params": {"bus_acc": 1.1852, "bus_dcc": 3.088, "bus_lcAssertive": 51.0274, "bus_lcCooperative": 0.4111, "bus_lcLookaheadLeft": 45.628, "bus_lcPushy": 0.3146, "bus_lcSigma": 0.7691, "bus_lcSublane": 0.4915, "bus_sigma": 0.37, "bus_tau_mean": 0.6052, "bus_tau_std": 3.9525, "bus_v_mean": 16.5383, "bus_v_std": 6.881, "car_acc": 1.0697, "car_dcc": 3.1328, "car_lcAssertive": 4.3686, "car_lcCooperative": 0.9399, "car_lcLookaheadLeft": 7.2469, "car_lcPushy": 0.1295, "car_lcSigma": 0.3215, "car_lcSublane": 0.4867, "car_sigma": 0.9171, "car_tau_mean": 2.4483, "car_tau_std": 6.6189, "car_v_mean": 9.9669, "car_v_std": 6.4332}, "datetime": {"datetime": "2024-08-07 10:18:20", "elapsed": 3002.626101, "delta": 33.304209}}
{"target": -0.38661576342290466, "params": {"bus_acc": 1.0905, "bus_dcc": 1.4842, "bus_lcAssertive": 19.6635, "bus_lcCooperative": 0.6803, "bus_lcLookaheadLeft": 69.397, "bus_lcPushy": 0.082, "bus_lcSigma": 0.6081, "bus_lcSublane": 0.2085, "bus_sigma": 0.1534, "bus_tau_mean": 1.3215, "bus_tau_std": 2.2075, "bus_v_mean": 14.0054, "bus_v_std": 1.0246, "car_acc": 2.0741, "car_dcc": 3.7803, "car_lcAssertive": 6.5556, "car_lcCooperative": 0.8577, "car_lcLookaheadLeft": 37.1393, "car_lcPushy": 0.4009, "car_lcSigma": 0.7654, "car_lcSublane": 0.3667, "car_sigma": 0.9736, "car_tau_mean": 2.3625, "car_tau_std": 6.0772, "car_v_mean": 9.3479, "car_v_std": 5.3044}, "datetime": {"datetime": "2024-08-07 10:19:08", "elapsed": 3050.9969, "delta": 48.370799}}
{"target": -0.36838584491122195, "params": {"bus_acc": 2.0828, "bus_dcc": 1.9665, "bus_lcAssertive": 67.4126, "bus_lcCooperative": 0.3576, "bus_lcLookaheadLeft": 10.7097, "bus_lcPushy": 0.874, "bus_lcSigma": 0.912, "bus_lcSublane": 0.6514, "bus_sigma": 0.8384, "bus_tau_mean": 0.634, "bus_tau_std": 6.2549, "bus_v_mean": 21.4652, "bus_v_std": 4.0183, "car_acc": 1.2223, "car_dcc": 3.0233, "car_lcAssertive": 53.3609, "car_lcCooperative": 0.2925, "car_lcLookaheadLeft": 40.7122, "car_lcPushy": 0.9443, "car_lcSigma": 0.9537, "car_lcSublane": 0.8816, "car_sigma": 0.3041, "car_tau_mean": 2.0995, "car_tau_std": 7.6669, "car_v_mean": 12.788, "car_v_std": 8.2682}, "datetime": {"datetime": "2024-08-07 10:19:29", "elapsed": 3071.947272, "delta": 20.950372}}
{"target": -0.3768337951181796, "params": {"bus_acc": 1.7244, "bus_dcc": 3.3502, "bus_lcAssertive": 40.5112, "bus_lcCooperative": 0.7478, "bus_lcLookaheadLeft": 11.2838, "bus_lcPushy": 0.6572, "bus_lcSigma": 0.3683, "bus_lcSublane": 0.3128, "bus_sigma": 0.6781, "bus_tau_mean": 2.5819, "bus_tau_std": 1.4413, "bus_v_mean": 18.8065, "bus_v_std": 7.075, "car_acc": 1.1071, "car_dcc": 2.6868, "car_lcAssertive": 82.1832, "car_lcCooperative": 0.4378, "car_lcLookaheadLeft": 99.8392, "car_lcPushy": 0.4286, "car_lcSigma": 0.751, "car_lcSublane": 0.1277, "car_sigma": 0.2932, "car_tau_mean": 2.1093, "car_tau_std": 1.3258, "car_v_mean": 12.6924, "car_v_std": 8.8766}, "datetime": {"datetime": "2024-08-07 10:19:31", "elapsed": 3073.490023, "delta": 1.542751}}
{"target": -0.4490081048488288, "params": {"bus_acc": 2.6022, "bus_dcc": 3.4812, "bus_lcAssertive": 54.2026, "bus_lcCooperative": 0.8633, "bus_lcLookaheadLeft": 41.7018, "bus_lcPushy": 0.5613, "bus_lcSigma": 0.624, "bus_lcSublane": 0.1476, "bus_sigma": 0.1864, "bus_tau_mean": 1.9724, "bus_tau_std": 6.7178, "bus_v_mean": 18.7903, "bus_v_std": 4.1824, "car_acc": 2.3823, "car_dcc": 2.8335, "car_lcAssertive": 65.3968, "car_lcCooperative": 0.424, "car_lcLookaheadLeft": 16.0378, "car_lcPushy": 0.3487, "car_lcSigma": 0.5699, "car_lcSublane": 0.3509, "car_sigma": 0.355, "car_tau_mean": 0.635, "car_tau_std": 5.1001, "car_v_mean": 20.9324, "car_v_std": 4.9076}, "datetime": {"datetime": "2024-08-07 10:20:07", "elapsed": 3109.96956, "delta": 36.479537}}
{"target": -0.38247308079261544, "params": {"bus_acc": 1.0409, "bus_dcc": 1.3413, "bus_lcAssertive": 91.9764, "bus_lcCooperative": 0.1545, "bus_lcLookaheadLeft": 36.9317, "bus_lcPushy": 0.0669, "bus_lcSigma": 0.8602, "bus_lcSublane": 0.543, "bus_sigma": 0.5805, "bus_tau_mean": 1.1214, "bus_tau_std": 1.2161, "bus_v_mean": 14.9827, "bus_v_std": 0.7741, "car_acc": 1.7919, "car_dcc": 1.5016, "car_lcAssertive": 65.0148, "car_lcCooperative": 0.4203, "car_lcLookaheadLeft": 18.9028, "car_lcPushy": 0.9903, "car_lcSigma": 0.2691, "car_lcSublane": 0.5021, "car_sigma": 0.7128, "car_tau_mean": 3.7081, "car_tau_std": 9.1199, "car_v_mean": 18.7951, "car_v_std": 5.0297}, "datetime": {"datetime": "2024-08-07 10:20:44", "elapsed": 3147.271697, "delta": 37.302137}}
{"target": -0.39174005401087564, "params": {"bus_acc": 1.5025, "bus_dcc": 3.8374, "bus_lcAssertive": 93.0054, "bus_lcCooperative": 0.8608, "bus_lcLookaheadLeft": 83.2974, "bus_lcPushy": 0.3716, "bus_lcSigma": 0.4251, "bus_lcSublane": 0.544, "bus_sigma": 0.2797, "bus_tau_mean": 1.9372, "bus_tau_std": 5.9196, "bus_v_mean": 19.3822, "bus_v_std": 9.4867, "car_acc": 2.4167, "car_dcc": 1.0515, "car_lcAssertive": 13.407, "car_lcCooperative": 0.5644, "car_lcLookaheadLeft": 14.6715, "car_lcPushy": 0.4168, "car_lcSigma": 0.8277, "car_lcSublane": 0.4722, "car_sigma": 0.8586, "car_tau_mean": 0.9301, "car_tau_std": 7.5132, "car_v_mean": 23.0803, "car_v_std": 2.846}, "datetime": {"datetime": "2024-08-07 10:21:15", "elapsed": 3178.439823, "delta": 31.168126}}
{"target": -0.32601023351830294, "params": {"bus_acc": 2.9849, "bus_dcc": 1.1503, "bus_lcAssertive": 92.8179, "bus_lcCooperative": 0.174, "bus_lcLookaheadLeft": 11.2172, "bus_lcPushy": 0.8688, "bus_lcSigma": 0.2637, "bus_lcSublane": 0.374, "bus_sigma": 0.2965, "bus_tau_mean": 1.8841, "bus_tau_std": 2.9045, "bus_v_mean": 14.5653, "bus_v_std": 4.348, "car_acc": 1.8159, "car_dcc": 2.0729, "car_lcAssertive": 79.4883, "car_lcCooperative": 0.6458, "car_lcLookaheadLeft": 3.2005, "car_lcPushy": 0.963, "car_lcSigma": 0.0755, "car_lcSublane": 0.8659, "car_sigma": 0.7323, "car_tau_mean": 2.879, "car_tau_std": 9.4437, "car_v_mean": 14.0508, "car_v_std": 7.5003}, "datetime": {"datetime": "2024-08-07 10:21:40", "elapsed": 3202.935886, "delta": 24.496063}}
{"target": -0.3360679530570767, "params": {"bus_acc": 2.2772, "bus_dcc": 3.4291, "bus_lcAssertive": 43.9166, "bus_lcCooperative": 0.5226, "bus_lcLookaheadLeft": 84.3416, "bus_lcPushy": 0.3251, "bus_lcSigma": 0.2789, "bus_lcSublane": 0.9536, "bus_sigma": 0.8194, "bus_tau_mean": 3.6776, "bus_tau_std": 5.1542, "bus_v_mean": 13.8861, "bus_v_std": 1.8716, "car_acc": 2.7874, "car_dcc": 3.5505, "car_lcAssertive": 58.3328, "car_lcCooperative": 0.2129, "car_lcLookaheadLeft": 39.2405, "car_lcPushy": 0.2117, "car_lcSigma": 0.1044, "car_lcSublane": 0.7525, "car_sigma": 0.0045, "car_tau_mean": 3.5221, "car_tau_std": 0.6508, "car_v_mean": 8.9681, "car_v_std": 0.5954}, "datetime": {"datetime": "2024-08-07 10:21:43", "elapsed": 3205.926325, "delta": 2.990439}}
{"target": -0.32803536931794297, "params": {"bus_acc": 1.8562, "bus_dcc": 3.6352, "bus_lcAssertive": 9.1828, "bus_lcCooperative": 0.1554, "bus_lcLookaheadLeft": 80.2556, "bus_lcPushy": 0.1129, "bus_lcSigma": 0.6655, "bus_lcSublane": 0.1643, "bus_sigma": 0.4167, "bus_tau_mean": 2.4822, "bus_tau_std": 2.3813, "bus_v_mean": 10.8247, "bus_v_std": 8.4441, "car_acc": 2.9327, "car_dcc": 1.2895, "car_lcAssertive": 5.4553, "car_lcCooperative": 0.9974, "car_lcLookaheadLeft": 60.1921, "car_lcPushy": 0.8442, "car_lcSigma": 0.4594, "car_lcSublane": 0.1169, "car_sigma": 0.1405, "car_tau_mean": 2.4836, "car_tau_std": 5.4467, "car_v_mean": 14.293, "car_v_std": 9.5943}, "datetime": {"datetime": "2024-08-07 10:21:59", "elapsed": 3222.190914, "delta": 16.264589}}
{"target": -0.35143746466268955, "params": {"bus_acc": 2.573, "bus_dcc": 3.3988, "bus_lcAssertive": 53.547, "bus_lcCooperative": 0.654, "bus_lcLookaheadLeft": 97.8404, "bus_lcPushy": 0.8355, "bus_lcSigma": 0.2269, "bus_lcSublane": 0.4555, "bus_sigma": 0.3936, "bus_tau_mean": 1.3495, "bus_tau_std": 7.0841, "bus_v_mean": 14.5306, "bus_v_std": 1.8341, "car_acc": 1.3541, "car_dcc": 1.3124, "car_lcAssertive": 44.5798, "car_lcCooperative": 0.5459, "car_lcLookaheadLeft": 39.5086, "car_lcPushy": 0.6768, "car_lcSigma": 0.5684, "car_lcSublane": 0.7164, "car_sigma": 0.3921, "car_tau_mean": 1.5964, "car_tau_std": 2.0454, "car_v_mean": 19.8441, "car_v_std": 4.2983}, "datetime": {"datetime": "2024-08-07 10:22:24", "elapsed": 3247.314076, "delta": 25.123162}}
{"target": -0.7777814927682732, "params": {"bus_acc": 1.352, "bus_dcc": 2.1501, "bus_lcAssertive": 40.4847, "bus_lcCooperative": 0.6011, "bus_lcLookaheadLeft": 87.7719, "bus_lcPushy": 0.2894, "bus_lcSigma": 0.076, "bus_lcSublane": 0.0494, "bus_sigma": 0.4382, "bus_tau_mean": 0.5597, "bus_tau_std": 7.4742, "bus_v_mean": 12.9342, "bus_v_std": 2.8775, "car_acc": 2.0062, "car_dcc": 1.3833, "car_lcAssertive": 23.977, "car_lcCooperative": 0.9582, "car_lcLookaheadLeft": 19.8837, "car_lcPushy": 0.7365, "car_lcSigma": 0.1794, "car_lcSublane": 0.3124, "car_sigma": 0.2388, "car_tau_mean": 2.042, "car_tau_std": 1.9805, "car_v_mean": 22.24, "car_v_std": 6.0665}, "datetime": {"datetime": "2024-08-07 10:22:34", "elapsed": 3257.027396, "delta": 9.71332}}
