{"target": -0.3657814952936226, "params": {"bus_acc": 2.040627271726633, "bus_dcc": 3.485404444256414, "bus_lcAssertive": 51.07215929219678, "bus_lcCooperative": 0.8248585623852319, "bus_lcLookaheadLeft": 29.620818638037807, "bus_lcPushy": 0.17849483297748825, "bus_lcSigma": 0.969870570344714, "bus_lcSublane": 0.7419395254560768, "bus_sigma": 0.25979169330441454, "bus_tau_mean": 2.534323698019101, "bus_tau_std": 9.552622535381868, "bus_v_mean": 9.292062524993261, "bus_v_std": 0.8353420706174108, "car_acc": 2.2382696628398144, "car_dcc": 1.673480436507873, "car_lcAssertive": 76.7532117166173, "car_lcCooperative": 0.5681525429491051, "car_lcLookaheadLeft": 67.28643284190254, "car_lcPushy": 0.10781390079459241, "car_lcSigma": 0.08428305143655679, "car_lcSublane": 0.6251210683054896, "car_sigma": 0.4097312611340205, "car_tau_mean": 0.8053838335519363, "car_tau_std": 3.7106394501618913, "car_v_mean": 18.75431055450958, "car_v_std": 1.895874001915857}, "datetime": {"datetime": "2024-08-07 01:00:05", "elapsed": 132.102163, "delta": 1.99492}}
{"target": -0.3438772037764043, "params": {"bus_acc": 2.8741607695979283, "bus_dcc": 3.414507538047384, "bus_lcAssertive": 93.8648257724789, "bus_lcCooperative": 0.1853805246478023, "bus_lcLookaheadLeft": 93.4492647566761, "bus_lcPushy": 0.9357532076921331, "bus_lcSigma": 0.2835445136036545, "bus_lcSublane": 0.27463424842386297, "bus_sigma": 0.5514315736733725, "bus_tau_mean": 1.1485123377899331, "bus_tau_std": 4.421011106267658, "bus_v_mean": 10.96508233500295, "bus_v_std": 9.473759179539593, "car_acc": 1.9876493149821712, "car_dcc": 3.8917533022719937, "car_lcAssertive": 64.84922557870897, "car_lcCooperative": 0.4843157730323856, "car_lcLookaheadLeft": 96.83413410419736, "car_lcPushy": 0.14318978170876284, "car_lcSigma": 0.6323298746664966, "car_lcSublane": 0.6618883678367976, "car_sigma": 0.43383982715272595, "car_tau_mean": 0.7077502886863511, "car_tau_std": 4.927226011660332, "car_v_mean": 15.44214309628924, "car_v_std": 8.067468107748635}, "datetime": {"datetime": "2024-08-07 01:00:06", "elapsed": 133.431374, "delta": 1.329211}}
{"target": -0.37066775330905705, "params": {"bus_acc": 1.5579817809139418, "bus_dcc": 2.826493522581387, "bus_lcAssertive": 68.56291726691472, "bus_lcCooperative": 0.2282057333504841, "bus_lcLookaheadLeft": 3.3492162306562463, "bus_lcPushy": 0.4167239623706961, "bus_lcSigma": 0.938481891856734, "bus_lcSublane": 0.34302810983040655, "bus_sigma": 0.7797442954825999, "bus_tau_mean": 1.111577094895926, "bus_tau_std": 3.4195283630245243, "bus_v_mean": 10.313563533409548, "bus_v_std": 7.16770814146376, "car_acc": 2.3986152473936286, "car_dcc": 3.0654919538467564, "car_lcAssertive": 26.086207414143665, "car_lcCooperative": 0.6923601216234089, "car_lcLookaheadLeft": 24.27515900976306, "car_lcPushy": 0.4246491159313397, "car_lcSigma": 0.37192212166768723, "car_lcSublane": 0.3553079116201222, "car_sigma": 0.05765480724125638, "car_tau_mean": 2.710763194030789, "car_tau_std": 7.073166026816995, "car_v_mean": 17.81741911204537, "car_v_std": 6.483127561631246}, "datetime": {"datetime": "2024-08-07 01:00:07", "elapsed": 134.322028, "delta": 0.890654}}
{"target": -0.3013187671840539, "params": {"bus_acc": 2.404631509589615, "bus_dcc": 2.8750467795799635, "bus_lcAssertive": 93.14273858186463, "bus_lcCooperative": 0.26904238725191854, "bus_lcLookaheadLeft": 92.51434314139455, "bus_lcPushy": 0.6780829341239825, "bus_lcSigma": 0.7713625072014619, "bus_lcSublane": 0.5716353364349513, "bus_sigma": 0.8339046774992332, "bus_tau_mean": 2.943986297521519, "bus_tau_std": 1.46608701776909, "bus_v_mean": 17.7993780580492, "bus_v_std": 2.7932033561633185, "car_acc": 2.8317574461346, "car_dcc": 1.5946968706304614, "car_lcAssertive": 29.28593304175898, "car_lcCooperative": 0.04765470496967894, "car_lcLookaheadLeft": 45.86275611696254, "car_lcPushy": 0.5575878151711118, "car_lcSigma": 0.5735610825770953, "car_lcSublane": 0.905377379959673, "car_sigma": 0.34741393280060506, "car_tau_mean": 2.0663493285693932, "car_tau_std": 8.512376625014975, "car_v_mean": 17.229268851712398, "car_v_std": 6.539929348777337}, "datetime": {"datetime": "2024-08-07 01:00:08", "elapsed": 135.477392, "delta": 1.155364}}
{"target": -0.3688349512947095, "params": {"bus_acc": 1.5133219799059525, "bus_dcc": 2.1742910889528058, "bus_lcAssertive": 24.777048514916345, "bus_lcCooperative": 0.6864434151723641, "bus_lcLookaheadLeft": 99.00857842703732, "bus_lcPushy": 0.1774295368682619, "bus_lcSigma": 0.8214467402262973, "bus_lcSublane": 0.2309885592816333, "bus_sigma": 0.05797581337276703, "bus_tau_mean": 0.9858578131598577, "bus_tau_std": 9.351531155423887, "bus_v_mean": 22.21667365369965, "bus_v_std": 2.8926049548290997, "car_acc": 2.895528132203214, "car_dcc": 3.549791605694257, "car_lcAssertive": 44.030824613095675, "car_lcCooperative": 0.4680495548664728, "car_lcLookaheadLeft": 63.72559611517543, "car_lcPushy": 0.15803183496381268, "car_lcSigma": 0.014782086742092915, "car_lcSublane": 0.26551201747238584, "car_sigma": 0.015443631942760883, "car_tau_mean": 2.8607459545679013, "car_tau_std": 5.514688358127765, "car_v_mean": 13.146370329644443, "car_v_std": 7.802023371197587}, "datetime": {"datetime": "2024-08-07 01:00:09", "elapsed": 136.672468, "delta": 1.195076}}
{"target": -0.38547371446827455, "params": {"bus_acc": 2.0365631606536247, "bus_dcc": 1.0159495988833096, "bus_lcAssertive": 28.44281037347725, "bus_lcCooperative": 0.5348322325198115, "bus_lcLookaheadLeft": 77.26036207156854, "bus_lcPushy": 0.05309259545252509, "bus_lcSigma": 0.5490534438505197, "bus_lcSublane": 0.800994555798356, "bus_sigma": 0.6495830548784789, "bus_tau_mean": 3.7600645524751877, "bus_tau_std": 0.7473144501476114, "bus_v_mean": 12.428903401609386, "bus_v_std": 9.192375042561725, "car_acc": 2.530010296596286, "car_dcc": 2.799221033416296, "car_lcAssertive": 83.46384623986997, "car_lcCooperative": 0.896043491575002, "car_lcLookaheadLeft": 97.32659457957683, "car_lcPushy": 0.9985205070898059, "car_lcSigma": 0.13964933368410348, "car_lcSublane": 0.07054204474369918, "car_sigma": 0.07346665436012334, "car_tau_mean": 0.5516032681498142, "car_tau_std": 9.71820072977926, "car_v_mean": 9.516270663315666, "car_v_std": 8.417368261858497}, "datetime": {"datetime": "2024-08-07 01:00:10", "elapsed": 137.500159, "delta": 0.827691}}
{"target": -0.3194878175443949, "params": {"bus_acc": 2.505511107477628, "bus_dcc": 1.1996094440623448, "bus_lcAssertive": 26.771194759275556, "bus_lcCooperative": 0.8047545637433454, "bus_lcLookaheadLeft": 20.956559697086117, "bus_lcPushy": 0.6394608808799401, "bus_lcSigma": 0.5246703091237337, "bus_lcSublane": 0.9248079703993507, "bus_sigma": 0.263296770487111, "bus_tau_mean": 0.7308638173940832, "bus_tau_std": 7.350659632886694, "bus_v_mean": 20.35484847269195, "bus_v_std": 9.07815852503524, "car_acc": 2.8639441383936743, "car_dcc": 1.041854718926791, "car_lcAssertive": 24.20184652602063, "car_lcCooperative": 0.6167783570016576, "car_lcLookaheadLeft": 95.0035994273864, "car_lcPushy": 0.9501761192470797, "car_lcSigma": 0.5566531881951564, "car_lcSublane": 0.9156063497662745, "car_sigma": 0.6415662089463375, "car_tau_mean": 1.8650269994943618, "car_tau_std": 4.859906670969098, "car_v_mean": 17.668967726719572, "car_v_std": 5.495479215085625}, "datetime": {"datetime": "2024-08-07 01:00:11", "elapsed": 138.147508, "delta": 0.647349}}
{"target": -0.30722909442919344, "params": {"bus_acc": 1.95947513409831, "bus_dcc": 3.8400300377189427, "bus_lcAssertive": 55.789936918578306, "bus_lcCooperative": 0.08480182166035288, "bus_lcLookaheadLeft": 21.84137749610449, "bus_lcPushy": 0.8542379729163827, "bus_lcSigma": 0.7059273667647191, "bus_lcSublane": 0.8949395201529242, "bus_sigma": 0.32914600179429976, "bus_tau_mean": 2.3480048882316913, "bus_tau_std": 6.503981324841198, "bus_v_mean": 17.50865365738663, "bus_v_std": 2.314629355342478, "car_acc": 1.8536426988964712, "car_dcc": 1.7443343921805243, "car_lcAssertive": 84.71588126088339, "car_lcCooperative": 0.9866774449680826, "car_lcLookaheadLeft": 8.52393870697317, "car_lcPushy": 0.7139280322669613, "car_lcSigma": 0.3301155521990743, "car_lcSublane": 0.6254353783114329, "car_sigma": 0.258129649281871, "car_tau_mean": 2.778526632579733, "car_tau_std": 3.7114718446272956, "car_v_mean": 12.717134072591419, "car_v_std": 9.117631736977987}, "datetime": {"datetime": "2024-08-07 01:00:14", "elapsed": 141.397514, "delta": 3.250006}}
{"target": -0.32257867877484514, "params": {"bus_acc": 2.689419215204139, "bus_dcc": 2.615321777783631, "bus_lcAssertive": 86.79421914248479, "bus_lcCooperative": 0.9498059913536265, "bus_lcLookaheadLeft": 82.98788576767545, "bus_lcPushy": 0.8541154438365387, "bus_lcSigma": 0.09874340182034835, "bus_lcSublane": 0.651304332340991, "bus_sigma": 0.703516988152653, "bus_tau_mean": 2.6358428442632036, "bus_tau_std": 7.996152617360281, "bus_v_mean": 8.553139517946148, "bus_v_std": 7.702387345549799, "car_acc": 2.463457201479054, "car_dcc": 1.7790951798950592, "car_lcAssertive": 26.44986058339252, "car_lcCooperative": 0.6323033174301278, "car_lcLookaheadLeft": 35.83915123592599, "car_lcPushy": 0.7965886780072875, "car_lcSigma": 0.44614623200345727, "car_lcSublane": 0.7827494147841719, "car_sigma": 0.9904717836238407, "car_tau_mean": 1.5508691883686503, "car_tau_std": 1.4300582825809938, "car_v_mean": 22.42093498158838, "car_v_std": 5.415593788873733}, "datetime": {"datetime": "2024-08-07 01:00:15", "elapsed": 142.28407, "delta": 0.886556}}
{"target": -0.3214170918097907, "params": {"bus_acc": 2.1423514783724666, "bus_dcc": 1.5414055269853466, "bus_lcAssertive": 63.46496083361352, "bus_lcCooperative": 0.9809236757505815, "bus_lcLookaheadLeft": 87.74045001881333, "bus_lcPushy": 0.45183624942087064, "bus_lcSigma": 0.7084608700517172, "bus_lcSublane": 0.7774687500031893, "bus_sigma": 0.4948430841825636, "bus_tau_mean": 2.3498672156214777, "bus_tau_std": 1.507843983721926, "bus_v_mean": 13.9103988097905, "bus_v_std": 1.4222125307278666, "car_acc": 2.4537875066891255, "car_dcc": 2.43103898320679, "car_lcAssertive": 45.43900483396979, "car_lcCooperative": 0.8859979711653513, "car_lcLookaheadLeft": 53.706639686533016, "car_lcPushy": 0.4090908319168599, "car_lcSigma": 0.26889202221264585, "car_lcSublane": 0.07201203516976995, "car_sigma": 0.4181361337253158, "car_tau_mean": 0.5901371884230417, "car_tau_std": 2.9115394055242803, "car_v_mean": 16.056152157574346, "car_v_std": 9.659330650197223}, "datetime": {"datetime": "2024-08-07 01:00:16", "elapsed": 143.12746, "delta": 0.84339}}
{"target": -0.3174139274364113, "params": {"bus_acc": 2.433176093589468, "bus_dcc": 3.116741236362007, "bus_lcAssertive": 44.603615437596076, "bus_lcCooperative": 0.7541750254551594, "bus_lcLookaheadLeft": 92.15545054745617, "bus_lcPushy": 0.4413517453158379, "bus_lcSigma": 0.5279654841547008, "bus_lcSublane": 0.06603558401663734, "bus_sigma": 0.3907730736706927, "bus_tau_mean": 2.1353349821663605, "bus_tau_std": 8.951377108035732, "bus_v_mean": 9.76891904408706, "bus_v_std": 7.311376031989666, "car_acc": 2.090942337097439, "car_dcc": 2.8196062915496305, "car_lcAssertive": 3.948511468826468, "car_lcCooperative": 0.14674737976077956, "car_lcLookaheadLeft": 29.830356095686145, "car_lcPushy": 0.0048720479536060735, "car_lcSigma": 0.6691577977971368, "car_lcSublane": 0.8702579489225982, "car_sigma": 0.5469683092712408, "car_tau_mean": 2.4010741663172133, "car_tau_std": 6.157259286130373, "car_v_mean": 12.834904006652867, "car_v_std": 3.6673198166094165}, "datetime": {"datetime": "2024-08-07 01:00:20", "elapsed": 147.642884, "delta": 4.515424}}
{"target": -0.3506626216569452, "params": {"bus_acc": 1.22249134513487, "bus_dcc": 3.2741849743993257, "bus_lcAssertive": 85.34263135744226, "bus_lcCooperative": 0.8442498595694283, "bus_lcLookaheadLeft": 89.26966957638477, "bus_lcPushy": 0.38184239675576115, "bus_lcSigma": 0.44380519836651855, "bus_lcSublane": 0.10158147594616618, "bus_sigma": 0.22580692243123512, "bus_tau_mean": 3.8996216424562387, "bus_tau_std": 2.846239689687354, "bus_v_mean": 22.518338275855957, "bus_v_std": 8.90552286378311, "car_acc": 2.8450089945207866, "car_dcc": 1.4684486933223844, "car_lcAssertive": 88.0924922066367, "car_lcCooperative": 0.6319949504631371, "car_lcLookaheadLeft": 22.64156148504264, "car_lcPushy": 0.3451159147800812, "car_lcSigma": 0.1599187885892832, "car_lcSublane": 0.4443481574461272, "car_sigma": 0.08377495384546052, "car_tau_mean": 1.0786147166808395, "car_tau_std": 1.9719634646666928, "car_v_mean": 19.05643746490727, "car_v_std": 5.738028691653529}, "datetime": {"datetime": "2024-08-07 01:00:25", "elapsed": 151.987442, "delta": 4.344558}}
{"target": -0.32351951240225335, "params": {"bus_acc": 1.9805070452398554, "bus_dcc": 2.7973309229376353, "bus_lcAssertive": 2.5377942795327364, "bus_lcCooperative": 0.5934814081966372, "bus_lcLookaheadLeft": 44.500282200966915, "bus_lcPushy": 0.8073605288848414, "bus_lcSigma": 0.31524480309537295, "bus_lcSublane": 0.8928887085251513, "bus_sigma": 0.5778572152845355, "bus_tau_mean": 1.1440357056961277, "bus_tau_std": 7.879292338255043, "bus_v_mean": 17.79249883271894, "bus_v_std": 0.5390927207375296, "car_acc": 1.8403873600022644, "car_dcc": 3.037206509696289, "car_lcAssertive": 91.94157601977506, "car_lcCooperative": 0.00040202489135743313, "car_lcLookaheadLeft": 97.72239660504384, "car_lcPushy": 0.37658031474577447, "car_lcSigma": 0.9737835383583225, "car_lcSublane": 0.604716100974053, "car_sigma": 0.828845807980693, "car_tau_mean": 2.511490266478358, "car_tau_std": 6.2807619830735035, "car_v_mean": 12.569220507131103, "car_v_std": 5.868333406560829}, "datetime": {"datetime": "2024-08-07 01:00:29", "elapsed": 156.061524, "delta": 4.074082}}
{"target": -0.3317091617701047, "params": {"bus_acc": 1.8870076838078702, "bus_dcc": 3.093524968149545, "bus_lcAssertive": 19.319291614060624, "bus_lcCooperative": 0.06261980198391548, "bus_lcLookaheadLeft": 39.05464150473608, "bus_lcPushy": 0.695996510445494, "bus_lcSigma": 0.10281836745431583, "bus_lcSublane": 0.19583423367499242, "bus_sigma": 0.4539526504065199, "bus_tau_mean": 2.674022163927761, "bus_tau_std": 7.50124248068985, "bus_v_mean": 9.755760340570506, "bus_v_std": 6.246236071556411, "car_acc": 1.7747210442889616, "car_dcc": 3.010271106243421, "car_lcAssertive": 21.152477388528258, "car_lcCooperative": 0.5279187975307311, "car_lcLookaheadLeft": 18.871930385681402, "car_lcPushy": 0.018681005996375344, "car_lcSigma": 0.4869502464239571, "car_lcSublane": 0.18417777656089307, "car_sigma": 0.6383433300033875, "car_tau_mean": 2.3780118676915154, "car_tau_std": 7.7494537999774575, "car_v_mean": 14.287358442147251, "car_v_std": 9.89452130836253}, "datetime": {"datetime": "2024-08-07 01:00:30", "elapsed": 157.067487, "delta": 1.005963}}
{"target": -0.33298120661342523, "params": {"bus_acc": 2.5165565209539924, "bus_dcc": 1.9598585142330351, "bus_lcAssertive": 98.45396156915756, "bus_lcCooperative": 0.220234226159156, "bus_lcLookaheadLeft": 35.19338649720461, "bus_lcPushy": 0.5238961356661317, "bus_lcSigma": 0.7548914570605327, "bus_lcSublane": 0.46385778390029564, "bus_sigma": 0.12482254311167629, "bus_tau_mean": 1.5937548247221733, "bus_tau_std": 5.045191697009947, "bus_v_mean": 18.781584128269884, "bus_v_std": 7.7014995631209215, "car_acc": 1.2606715619087085, "car_dcc": 1.0687453939671454, "car_lcAssertive": 52.38914989898696, "car_lcCooperative": 0.8099887106624163, "car_lcLookaheadLeft": 3.2351691689278788, "car_lcPushy": 0.6724698446537339, "car_lcSigma": 0.6868082266569918, "car_lcSublane": 0.44924675358663757, "car_sigma": 0.9147886867419343, "car_tau_mean": 2.7552637966494755, "car_tau_std": 0.05239837651465851, "car_v_mean": 15.75085512823001, "car_v_std": 8.593178060976}, "datetime": {"datetime": "2024-08-07 01:00:34", "elapsed": 161.593279, "delta": 4.525792}}
{"target": -0.37869585204792977, "params": {"bus_acc": 1.7792240317586103, "bus_dcc": 3.715608297799121, "bus_lcAssertive": 19.669182746447316, "bus_lcCooperative": 0.44087219982229087, "bus_lcLookaheadLeft": 84.79155826260795, "bus_lcPushy": 0.5952697806732562, "bus_lcSigma": 0.4621580966913571, "bus_lcSublane": 0.5126497467571176, "bus_sigma": 0.5738855268923474, "bus_tau_mean": 2.0411172265495763, "bus_tau_std": 1.9355895772381049, "bus_v_mean": 9.823452183346982, "bus_v_std": 1.51227927370148, "car_acc": 1.1049819277062678, "car_dcc": 2.676029233190895, "car_lcAssertive": 84.92438038956506, "car_lcCooperative": 0.35911933892411074, "car_lcLookaheadLeft": 9.380465518310146, "car_lcPushy": 0.42572441198511624, "car_lcSigma": 0.6020078384720013, "car_lcSublane": 0.4254034655756376, "car_sigma": 0.81072123360737, "car_tau_mean": 3.7966018616534685, "car_tau_std": 8.699107732683544, "car_v_mean": 19.263991972478216, "car_v_std": 4.702989247821753}, "datetime": {"datetime": "2024-08-07 01:00:36", "elapsed": 162.971506, "delta": 1.378227}}
{"target": -0.35059975809936844, "params": {"bus_acc": 2.486781024804078, "bus_dcc": 1.711642172930643, "bus_lcAssertive": 54.409598201728414, "bus_lcCooperative": 0.7492807871271918, "bus_lcLookaheadLeft": 24.368412252307824, "bus_lcPushy": 0.17450118757274402, "bus_lcSigma": 0.03973568657585125, "bus_lcSublane": 0.14756883769994755, "bus_sigma": 0.8514389069469908, "bus_tau_mean": 0.8662256911073549, "bus_tau_std": 2.236450455273178, "bus_v_mean": 8.524115195935634, "bus_v_std": 6.763566354512785, "car_acc": 1.4634062829294392, "car_dcc": 2.240775153405293, "car_lcAssertive": 14.790815961048951, "car_lcCooperative": 0.3772172876115065, "car_lcLookaheadLeft": 43.594871691482304, "car_lcPushy": 0.4729649518600131, "car_lcSigma": 0.4228418130386131, "car_lcSublane": 0.10275656387416432, "car_sigma": 0.772580266631544, "car_tau_mean": 0.9802210122146899, "car_tau_std": 4.24292374325812, "car_v_mean": 12.351297799244472, "car_v_std": 3.0100794307990633}, "datetime": {"datetime": "2024-08-07 01:00:41", "elapsed": 168.211499, "delta": 5.239993}}
{"target": -0.31162409206609915, "params": {"bus_acc": 2.633670217583244, "bus_dcc": 2.783117871492933, "bus_lcAssertive": 97.62291776475959, "bus_lcCooperative": 0.9015625846693213, "bus_lcLookaheadLeft": 60.36957749305926, "bus_lcPushy": 0.032426325314457105, "bus_lcSigma": 0.09357709581748075, "bus_lcSublane": 0.06537171504222639, "bus_sigma": 0.4517331486914753, "bus_tau_mean": 1.8140219160875022, "bus_tau_std": 9.753500342702866, "bus_v_mean": 10.687732691193839, "bus_v_std": 9.727875919326552, "car_acc": 2.534949737726026, "car_dcc": 3.472713518873493, "car_lcAssertive": 63.62896586102173, "car_lcCooperative": 0.668732770206732, "car_lcLookaheadLeft": 48.73446868507695, "car_lcPushy": 0.013136356923072245, "car_lcSigma": 0.3530060855418248, "car_lcSublane": 0.49207180149355845, "car_sigma": 0.7300912110901043, "car_tau_mean": 2.1401991996113825, "car_tau_std": 4.574049160894317, "car_v_mean": 10.20260385512965, "car_v_std": 0.1088873380347899}, "datetime": {"datetime": "2024-08-07 01:00:42", "elapsed": 169.496567, "delta": 1.285068}}
{"target": -0.3735281568931335, "params": {"bus_acc": 2.884997748452415, "bus_dcc": 2.8406500796804064, "bus_lcAssertive": 22.23231030223857, "bus_lcCooperative": 0.9394188709061594, "bus_lcLookaheadLeft": 75.54444757888577, "bus_lcPushy": 0.7510898073228061, "bus_lcSigma": 0.2117213348484862, "bus_lcSublane": 0.8301565261622993, "bus_sigma": 0.24009515416121008, "bus_tau_mean": 2.710672608375561, "bus_tau_std": 7.107395698995863, "bus_v_mean": 19.878134875313627, "bus_v_std": 3.90264704599581, "car_acc": 2.519650793432195, "car_dcc": 3.7088077063651297, "car_lcAssertive": 59.154581904520114, "car_lcCooperative": 0.09040971569479861, "car_lcLookaheadLeft": 14.639646445943054, "car_lcPushy": 0.1052625266627869, "car_lcSigma": 0.17272746332288003, "car_lcSublane": 0.12643089028968502, "car_sigma": 0.7783008900676276, "car_tau_mean": 0.637940292645555, "car_tau_std": 2.4155841734086403, "car_v_mean": 22.065062421735448, "car_v_std": 9.735188608362936}, "datetime": {"datetime": "2024-08-07 01:00:43", "elapsed": 170.476496, "delta": 0.979929}}
{"target": -0.2984994349749009, "params": {"bus_acc": 2.957345610316694, "bus_dcc": 1.7091522959811267, "bus_lcAssertive": 66.39923723693127, "bus_lcCooperative": 0.089630698927462, "bus_lcLookaheadLeft": 22.655552324527836, "bus_lcPushy": 0.5028243835184045, "bus_lcSigma": 0.10495366832992803, "bus_lcSublane": 0.38887340269472437, "bus_sigma": 0.5379877201396809, "bus_tau_mean": 1.68721464709785, "bus_tau_std": 5.559002111265755, "bus_v_mean": 16.588293151079426, "bus_v_std": 3.9061049873690576, "car_acc": 2.392540166202206, "car_dcc": 3.0354473619937723, "car_lcAssertive": 69.04301178806459, "car_lcCooperative": 0.5614912587993742, "car_lcLookaheadLeft": 37.09183157326771, "car_lcPushy": 0.6131123353670123, "car_lcSigma": 0.9357362666081998, "car_lcSublane": 0.5968885249459731, "car_sigma": 0.9795901743594252, "car_tau_mean": 2.0435231714310493, "car_tau_std": 7.396119625075467, "car_v_mean": 8.601662058393602, "car_v_std": 7.6472663900048605}, "datetime": {"datetime": "2024-08-07 01:00:44", "elapsed": 171.417642, "delta": 0.941146}}
