{"target": -0.04915537866392459, "params": {"bus_acc": 1.02, "bus_dcc": 1.5, "bus_lcAssertive": 21.69, "bus_lcCooperative": 0.1, "bus_lcLookaheadLeft": 29.08, "bus_lcPushy": 0.1, "bus_lcSublane": 0.38, "bus_max_v": 28.32, "bus_tau_mean": 0.9, "bus_tau_std": 9.95, "car_acc": 1.55, "car_dcc": 2.73, "car_lcAssertive": 87.52, "car_lcCooperative": 0.71, "car_lcLookaheadLeft": 53.98, "car_lcPushy": 0.98, "car_lcSublane": 0.25, "car_max_v": 28.21, "car_tau_mean": 1.55, "car_tau_std": 7.67}, "datetime": {"datetime": "2024-08-04 13:21:41", "elapsed": 6375.788231, "delta": 31.665269}}
{"target": -0.04231768459831856, "params": {"bus_acc": 2.92, "bus_dcc": 3.99, "bus_lcAssertive": 39.47, "bus_lcCooperative": 0.54, "bus_lcLookaheadLeft": 82.96, "bus_lcPushy": 0.07, "bus_lcSublane": 0.9, "bus_max_v": 16.1, "bus_tau_mean": 1.55, "bus_tau_std": 2.69, "car_acc": 1.37, "car_dcc": 2.04, "car_lcAssertive": 87.26, "car_lcCooperative": 0.86, "car_lcLookaheadLeft": 5.2, "car_lcPushy": 0.17, "car_lcSublane": 0.17, "car_max_v": 14.85, "car_tau_mean": 1.97, "car_tau_std": 4.06}, "datetime": {"datetime": "2024-08-04 13:21:47", "elapsed": 6381.229853, "delta": 5.441622}}
{"target": -0.07542862642247823, "params": {"bus_acc": 1.46, "bus_dcc": 3.95, "bus_lcAssertive": 21.44, "bus_lcCooperative": 0.92, "bus_lcLookaheadLeft": 73.5, "bus_lcPushy": 0.12, "bus_lcSublane": 0.42, "bus_max_v": 8.05, "bus_tau_mean": 3.46, "bus_tau_std": 3.34, "car_acc": 2.81, "car_dcc": 1.63, "car_lcAssertive": 15.69, "car_lcCooperative": 0.03, "car_lcLookaheadLeft": 54.67, "car_lcPushy": 0.9, "car_lcSublane": 0.23, "car_max_v": 29.19, "car_tau_mean": 3.35, "car_tau_std": 3.64}, "datetime": {"datetime": "2024-08-04 13:21:53", "elapsed": 6387.559544, "delta": 6.329691}}
{"target": -0.034188049588212054, "params": {"bus_acc": 2.08, "bus_dcc": 3.15, "bus_lcAssertive": 21.51, "bus_lcCooperative": 0.57, "bus_lcLookaheadLeft": 75.52, "bus_lcPushy": 0.62, "bus_lcSublane": 0.84, "bus_max_v": 22.09, "bus_tau_mean": 2.66, "bus_tau_std": 5.88, "car_acc": 1.02, "car_dcc": 3.36, "car_lcAssertive": 86.93, "car_lcCooperative": 0.57, "car_lcLookaheadLeft": 20.1, "car_lcPushy": 0.96, "car_lcSublane": 0.23, "car_max_v": 25.97, "car_tau_mean": 0.58, "car_tau_std": 1.03}, "datetime": {"datetime": "2024-08-04 13:21:57", "elapsed": 6392.08672, "delta": 4.527176}}
{"target": -0.04935977811881077, "params": {"bus_acc": 1.17, "bus_dcc": 3.85, "bus_lcAssertive": 54.42, "bus_lcCooperative": 0.69, "bus_lcLookaheadLeft": 72.99, "bus_lcPushy": 0.68, "bus_lcSublane": 0.2, "bus_max_v": 14.48, "bus_tau_mean": 3.18, "bus_tau_std": 8.28, "car_acc": 2.21, "car_dcc": 2.38, "car_lcAssertive": 18.16, "car_lcCooperative": 0.66, "car_lcLookaheadLeft": 83.15, "car_lcPushy": 0.14, "car_lcSublane": 0.6, "car_max_v": 25.0, "car_tau_mean": 1.58, "car_tau_std": 0.39}, "datetime": {"datetime": "2024-08-04 13:22:02", "elapsed": 6396.483977, "delta": 4.397257}}
{"target": -0.04528286153103761, "params": {"bus_acc": 2.58, "bus_dcc": 1.23, "bus_lcAssertive": 89.5, "bus_lcCooperative": 0.84, "bus_lcLookaheadLeft": 93.5, "bus_lcPushy": 0.08, "bus_lcSublane": 0.63, "bus_max_v": 21.96, "bus_tau_mean": 2.1, "bus_tau_std": 2.16, "car_acc": 1.11, "car_dcc": 1.75, "car_lcAssertive": 92.98, "car_lcCooperative": 0.23, "car_lcLookaheadLeft": 42.2, "car_lcPushy": 0.36, "car_lcSublane": 0.47, "car_max_v": 9.23, "car_tau_mean": 3.02, "car_tau_std": 8.63}, "datetime": {"datetime": "2024-08-04 13:22:06", "elapsed": 6400.581095, "delta": 4.097118}}
{"target": -0.039490275322772876, "params": {"bus_acc": 2.66, "bus_dcc": 2.69, "bus_lcAssertive": 59.89, "bus_lcCooperative": 0.6, "bus_lcLookaheadLeft": 33.99, "bus_lcPushy": 0.66, "bus_lcSublane": 0.15, "bus_max_v": 10.19, "bus_tau_mean": 3.28, "bus_tau_std": 8.45, "car_acc": 1.02, "car_dcc": 3.34, "car_lcAssertive": 39.03, "car_lcCooperative": 0.61, "car_lcLookaheadLeft": 74.2, "car_lcPushy": 0.16, "car_lcSublane": 0.06, "car_max_v": 28.92, "car_tau_mean": 3.27, "car_tau_std": 2.5}, "datetime": {"datetime": "2024-08-04 13:22:15", "elapsed": 6410.020253, "delta": 9.439158}}
{"target": -0.043967179662130734, "params": {"bus_acc": 2.05, "bus_dcc": 3.99, "bus_lcAssertive": 69.24, "bus_lcCooperative": 0.78, "bus_lcLookaheadLeft": 47.66, "bus_lcPushy": 0.45, "bus_lcSublane": 0.11, "bus_max_v": 13.74, "bus_tau_mean": 1.25, "bus_tau_std": 0.41, "car_acc": 1.5, "car_dcc": 3.67, "car_lcAssertive": 28.47, "car_lcCooperative": 0.15, "car_lcLookaheadLeft": 31.88, "car_lcPushy": 0.06, "car_lcSublane": 0.57, "car_max_v": 14.8, "car_tau_mean": 2.68, "car_tau_std": 1.79}, "datetime": {"datetime": "2024-08-04 13:22:19", "elapsed": 6413.994761, "delta": 3.974508}}
{"target": -0.04506146722074996, "params": {"bus_acc": 2.91, "bus_dcc": 3.95, "bus_lcAssertive": 22.78, "bus_lcCooperative": 0.37, "bus_lcLookaheadLeft": 10.12, "bus_lcPushy": 0.99, "bus_lcSublane": 0.49, "bus_max_v": 12.74, "bus_tau_mean": 3.72, "bus_tau_std": 7.61, "car_acc": 2.67, "car_dcc": 1.36, "car_lcAssertive": 19.46, "car_lcCooperative": 0.27, "car_lcLookaheadLeft": 42.48, "car_lcPushy": 0.8, "car_lcSublane": 0.67, "car_max_v": 12.29, "car_tau_mean": 2.94, "car_tau_std": 2.13}, "datetime": {"datetime": "2024-08-04 13:22:25", "elapsed": 6419.230542, "delta": 5.235781}}
{"target": -0.03836951741646472, "params": {"bus_acc": 2.88, "bus_dcc": 3.0, "bus_lcAssertive": 65.47, "bus_lcCooperative": 0.02, "bus_lcLookaheadLeft": 98.68, "bus_lcPushy": 0.73, "bus_lcSublane": 0.89, "bus_max_v": 14.53, "bus_tau_mean": 2.03, "bus_tau_std": 4.62, "car_acc": 1.49, "car_dcc": 2.36, "car_lcAssertive": 48.5, "car_lcCooperative": 0.35, "car_lcLookaheadLeft": 14.06, "car_lcPushy": 1.0, "car_lcSublane": 0.94, "car_max_v": 9.08, "car_tau_mean": 3.14, "car_tau_std": 5.96}, "datetime": {"datetime": "2024-08-04 13:22:30", "elapsed": 6424.871969, "delta": 5.641427}}
{"target": -0.05304670743582659, "params": {"bus_acc": 1.37, "bus_dcc": 3.37, "bus_lcAssertive": 61.66, "bus_lcCooperative": 0.53, "bus_lcLookaheadLeft": 47.42, "bus_lcPushy": 0.64, "bus_lcSublane": 0.01, "bus_max_v": 20.68, "bus_tau_mean": 1.8, "bus_tau_std": 7.66, "car_acc": 2.81, "car_dcc": 3.28, "car_lcAssertive": 48.26, "car_lcCooperative": 0.22, "car_lcLookaheadLeft": 50.46, "car_lcPushy": 0.27, "car_lcSublane": 0.75, "car_max_v": 21.72, "car_tau_mean": 1.0, "car_tau_std": 6.81}, "datetime": {"datetime": "2024-08-04 13:22:39", "elapsed": 6433.228288, "delta": 8.356319}}
{"target": -0.05860756244584975, "params": {"bus_acc": 2.4, "bus_dcc": 1.6, "bus_lcAssertive": 87.57, "bus_lcCooperative": 0.55, "bus_lcLookaheadLeft": 11.08, "bus_lcPushy": 0.88, "bus_lcSublane": 0.89, "bus_max_v": 27.75, "bus_tau_mean": 2.72, "bus_tau_std": 4.83, "car_acc": 2.39, "car_dcc": 3.72, "car_lcAssertive": 41.62, "car_lcCooperative": 0.22, "car_lcLookaheadLeft": 99.86, "car_lcPushy": 0.77, "car_lcSublane": 0.25, "car_max_v": 28.71, "car_tau_mean": 1.32, "car_tau_std": 8.5}, "datetime": {"datetime": "2024-08-04 13:22:49", "elapsed": 6443.194139, "delta": 9.965851}}
{"target": -0.04971624777752135, "params": {"bus_acc": 1.19, "bus_dcc": 1.83, "bus_lcAssertive": 79.43, "bus_lcCooperative": 0.55, "bus_lcLookaheadLeft": 62.76, "bus_lcPushy": 0.94, "bus_lcSublane": 0.5, "bus_max_v": 9.28, "bus_tau_mean": 1.96, "bus_tau_std": 6.55, "car_acc": 1.49, "car_dcc": 1.88, "car_lcAssertive": 11.04, "car_lcCooperative": 0.87, "car_lcLookaheadLeft": 84.25, "car_lcPushy": 0.29, "car_lcSublane": 0.37, "car_max_v": 16.48, "car_tau_mean": 2.52, "car_tau_std": 2.08}, "datetime": {"datetime": "2024-08-04 13:22:53", "elapsed": 6447.276045, "delta": 4.081906}}
{"target": -0.05695404851744044, "params": {"bus_acc": 2.84, "bus_dcc": 3.62, "bus_lcAssertive": 47.79, "bus_lcCooperative": 0.09, "bus_lcLookaheadLeft": 39.96, "bus_lcPushy": 0.13, "bus_lcSublane": 0.06, "bus_max_v": 9.33, "bus_tau_mean": 3.98, "bus_tau_std": 6.52, "car_acc": 2.67, "car_dcc": 3.75, "car_lcAssertive": 23.56, "car_lcCooperative": 0.35, "car_lcLookaheadLeft": 66.89, "car_lcPushy": 0.08, "car_lcSublane": 0.3, "car_max_v": 18.71, "car_tau_mean": 2.41, "car_tau_std": 0.39}, "datetime": {"datetime": "2024-08-04 13:23:05", "elapsed": 6459.436366, "delta": 12.160321}}
{"target": -0.05148878175564747, "params": {"bus_acc": 1.74, "bus_dcc": 1.71, "bus_lcAssertive": 33.84, "bus_lcCooperative": 0.07, "bus_lcLookaheadLeft": 98.66, "bus_lcPushy": 0.77, "bus_lcSublane": 0.46, "bus_max_v": 22.55, "bus_tau_mean": 2.49, "bus_tau_std": 0.31, "car_acc": 2.22, "car_dcc": 1.7, "car_lcAssertive": 24.64, "car_lcCooperative": 0.63, "car_lcLookaheadLeft": 94.71, "car_lcPushy": 0.88, "car_lcSublane": 0.82, "car_max_v": 15.22, "car_tau_mean": 1.77, "car_tau_std": 4.77}, "datetime": {"datetime": "2024-08-04 13:23:12", "elapsed": 6466.510844, "delta": 7.074478}}
{"target": -0.04253353031747827, "params": {"bus_acc": 1.03, "bus_dcc": 3.92, "bus_lcAssertive": 50.86, "bus_lcCooperative": 0.41, "bus_lcLookaheadLeft": 98.11, "bus_lcPushy": 0.88, "bus_lcSublane": 0.89, "bus_max_v": 29.58, "bus_tau_mean": 1.38, "bus_tau_std": 3.59, "car_acc": 1.5, "car_dcc": 2.93, "car_lcAssertive": 45.51, "car_lcCooperative": 0.09, "car_lcLookaheadLeft": 60.73, "car_lcPushy": 0.1, "car_lcSublane": 0.96, "car_max_v": 12.24, "car_tau_mean": 2.47, "car_tau_std": 0.97}, "datetime": {"datetime": "2024-08-04 13:23:18", "elapsed": 6472.987371, "delta": 6.476527}}
{"target": -0.04809783992960828, "params": {"bus_acc": 1.53, "bus_dcc": 3.0, "bus_lcAssertive": 98.02, "bus_lcCooperative": 0.08, "bus_lcLookaheadLeft": 69.94, "bus_lcPushy": 0.34, "bus_lcSublane": 0.31, "bus_max_v": 24.67, "bus_tau_mean": 2.88, "bus_tau_std": 8.63, "car_acc": 1.72, "car_dcc": 3.0, "car_lcAssertive": 95.05, "car_lcCooperative": 0.7, "car_lcLookaheadLeft": 66.36, "car_lcPushy": 0.47, "car_lcSublane": 0.16, "car_max_v": 21.0, "car_tau_mean": 0.96, "car_tau_std": 3.37}, "datetime": {"datetime": "2024-08-04 13:23:44", "elapsed": 6498.707775, "delta": 25.720404}}
{"target": -0.0574995696706331, "params": {"bus_acc": 2.42, "bus_dcc": 1.35, "bus_lcAssertive": 87.66, "bus_lcCooperative": 0.5, "bus_lcLookaheadLeft": 11.8, "bus_lcPushy": 0.38, "bus_lcSublane": 0.65, "bus_max_v": 25.74, "bus_tau_mean": 2.87, "bus_tau_std": 8.63, "car_acc": 2.53, "car_dcc": 1.62, "car_lcAssertive": 23.82, "car_lcCooperative": 0.51, "car_lcLookaheadLeft": 99.5, "car_lcPushy": 1.0, "car_lcSublane": 0.82, "car_max_v": 26.09, "car_tau_mean": 0.57, "car_tau_std": 3.86}, "datetime": {"datetime": "2024-08-04 13:24:06", "elapsed": 6521.092084, "delta": 22.384309}}
{"target": -0.045018240982478586, "params": {"bus_acc": 2.14, "bus_dcc": 1.4, "bus_lcAssertive": 97.18, "bus_lcCooperative": 0.82, "bus_lcLookaheadLeft": 91.39, "bus_lcPushy": 0.41, "bus_lcSublane": 0.78, "bus_max_v": 27.48, "bus_tau_mean": 2.08, "bus_tau_std": 8.46, "car_acc": 1.33, "car_dcc": 3.09, "car_lcAssertive": 41.84, "car_lcCooperative": 0.36, "car_lcLookaheadLeft": 58.04, "car_lcPushy": 0.48, "car_lcSublane": 0.37, "car_max_v": 23.85, "car_tau_mean": 1.51, "car_tau_std": 2.92}, "datetime": {"datetime": "2024-08-04 13:24:17", "elapsed": 6531.340047, "delta": 10.247963}}
{"target": -0.0498430694567548, "params": {"bus_acc": 1.85, "bus_dcc": 2.01, "bus_lcAssertive": 68.8, "bus_lcCooperative": 0.25, "bus_lcLookaheadLeft": 15.36, "bus_lcPushy": 0.54, "bus_lcSublane": 0.58, "bus_max_v": 27.55, "bus_tau_mean": 2.9, "bus_tau_std": 2.91, "car_acc": 1.62, "car_dcc": 1.45, "car_lcAssertive": 64.85, "car_lcCooperative": 0.96, "car_lcLookaheadLeft": 22.4, "car_lcPushy": 0.18, "car_lcSublane": 0.03, "car_max_v": 13.25, "car_tau_mean": 1.77, "car_tau_std": 9.8}, "datetime": {"datetime": "2024-08-04 13:24:22", "elapsed": 6536.248923, "delta": 4.908876}}
{"target": -0.06051332103518736, "params": {"bus_acc": 1.5, "bus_dcc": 3.47, "bus_lcAssertive": 95.28, "bus_lcCooperative": 0.28, "bus_lcLookaheadLeft": 42.5, "bus_lcPushy": 0.61, "bus_lcSublane": 0.4, "bus_max_v": 8.43, "bus_tau_mean": 3.76, "bus_tau_std": 9.88, "car_acc": 1.6, "car_dcc": 1.04, "car_lcAssertive": 50.85, "car_lcCooperative": 0.75, "car_lcLookaheadLeft": 91.37, "car_lcPushy": 0.2, "car_lcSublane": 0.97, "car_max_v": 23.8, "car_tau_mean": 3.76, "car_tau_std": 6.11}, "datetime": {"datetime": "2024-08-04 13:24:26", "elapsed": 6540.663852, "delta": 4.414929}}
{"target": -0.043107798286667755, "params": {"bus_acc": 1.75, "bus_dcc": 3.66, "bus_lcAssertive": 93.59, "bus_lcCooperative": 0.39, "bus_lcLookaheadLeft": 45.19, "bus_lcPushy": 0.06, "bus_lcSublane": 0.14, "bus_max_v": 24.99, "bus_tau_mean": 2.81, "bus_tau_std": 7.07, "car_acc": 1.0, "car_dcc": 2.0, "car_lcAssertive": 59.14, "car_lcCooperative": 0.83, "car_lcLookaheadLeft": 7.72, "car_lcPushy": 0.2, "car_lcSublane": 0.69, "car_max_v": 24.86, "car_tau_mean": 3.81, "car_tau_std": 2.08}, "datetime": {"datetime": "2024-08-04 13:24:44", "elapsed": 6558.200341, "delta": 17.536489}}
{"target": -0.04818605849491383, "params": {"bus_acc": 2.96, "bus_dcc": 2.65, "bus_lcAssertive": 4.85, "bus_lcCooperative": 0.19, "bus_lcLookaheadLeft": 30.32, "bus_lcPushy": 0.78, "bus_lcSublane": 0.31, "bus_max_v": 13.26, "bus_tau_mean": 2.64, "bus_tau_std": 6.51, "car_acc": 3.0, "car_dcc": 3.07, "car_lcAssertive": 69.28, "car_lcCooperative": 0.25, "car_lcLookaheadLeft": 34.55, "car_lcPushy": 0.93, "car_lcSublane": 0.68, "car_max_v": 26.79, "car_tau_mean": 3.32, "car_tau_std": 0.52}, "datetime": {"datetime": "2024-08-04 13:24:48", "elapsed": 6563.021192, "delta": 4.820851}}
{"target": -0.05364137528964652, "params": {"bus_acc": 1.37, "bus_dcc": 3.41, "bus_lcAssertive": 65.86, "bus_lcCooperative": 0.53, "bus_lcLookaheadLeft": 86.1, "bus_lcPushy": 0.29, "bus_lcSublane": 0.92, "bus_max_v": 17.7, "bus_tau_mean": 2.04, "bus_tau_std": 3.92, "car_acc": 2.96, "car_dcc": 2.33, "car_lcAssertive": 62.05, "car_lcCooperative": 0.15, "car_lcLookaheadLeft": 31.71, "car_lcPushy": 0.99, "car_lcSublane": 0.78, "car_max_v": 17.99, "car_tau_mean": 0.52, "car_tau_std": 2.92}, "datetime": {"datetime": "2024-08-04 13:24:53", "elapsed": 6567.549523, "delta": 4.528331}}
{"target": -0.049722519698028024, "params": {"bus_acc": 2.09, "bus_dcc": 3.6, "bus_lcAssertive": 35.2, "bus_lcCooperative": 0.64, "bus_lcLookaheadLeft": 54.23, "bus_lcPushy": 0.46, "bus_lcSublane": 0.47, "bus_max_v": 21.17, "bus_tau_mean": 2.68, "bus_tau_std": 4.75, "car_acc": 2.52, "car_dcc": 3.87, "car_lcAssertive": 1.41, "car_lcCooperative": 0.82, "car_lcLookaheadLeft": 84.86, "car_lcPushy": 0.46, "car_lcSublane": 0.98, "car_max_v": 15.24, "car_tau_mean": 3.28, "car_tau_std": 7.39}, "datetime": {"datetime": "2024-08-04 13:24:58", "elapsed": 6572.442843, "delta": 4.89332}}
{"target": -0.050401756502552346, "params": {"bus_acc": 1.56, "bus_dcc": 1.38, "bus_lcAssertive": 78.36, "bus_lcCooperative": 0.17, "bus_lcLookaheadLeft": 13.98, "bus_lcPushy": 0.08, "bus_lcSublane": 0.76, "bus_max_v": 19.24, "bus_tau_mean": 0.83, "bus_tau_std": 2.21, "car_acc": 1.95, "car_dcc": 2.57, "car_lcAssertive": 82.92, "car_lcCooperative": 0.56, "car_lcLookaheadLeft": 86.18, "car_lcPushy": 0.2, "car_lcSublane": 0.17, "car_max_v": 18.32, "car_tau_mean": 1.52, "car_tau_std": 8.91}, "datetime": {"datetime": "2024-08-04 13:25:09", "elapsed": 6584.08462, "delta": 11.641777}}
{"target": -0.05584116229647082, "params": {"bus_acc": 2.6, "bus_dcc": 2.6, "bus_lcAssertive": 45.67, "bus_lcCooperative": 0.55, "bus_lcLookaheadLeft": 99.0, "bus_lcPushy": 0.16, "bus_lcSublane": 0.76, "bus_max_v": 17.58, "bus_tau_mean": 2.3, "bus_tau_std": 5.53, "car_acc": 2.49, "car_dcc": 3.93, "car_lcAssertive": 11.88, "car_lcCooperative": 0.12, "car_lcLookaheadLeft": 96.46, "car_lcPushy": 0.02, "car_lcSublane": 0.57, "car_max_v": 26.92, "car_tau_mean": 0.85, "car_tau_std": 7.03}, "datetime": {"datetime": "2024-08-04 13:25:19", "elapsed": 6593.563971, "delta": 9.479351}}
{"target": -0.05565938390921665, "params": {"bus_acc": 1.52, "bus_dcc": 2.62, "bus_lcAssertive": 52.24, "bus_lcCooperative": 0.3, "bus_lcLookaheadLeft": 56.78, "bus_lcPushy": 0.87, "bus_lcSublane": 0.25, "bus_max_v": 26.78, "bus_tau_mean": 2.84, "bus_tau_std": 1.84, "car_acc": 2.85, "car_dcc": 3.36, "car_lcAssertive": 96.43, "car_lcCooperative": 0.49, "car_lcLookaheadLeft": 87.26, "car_lcPushy": 0.12, "car_lcSublane": 0.34, "car_max_v": 21.79, "car_tau_mean": 1.91, "car_tau_std": 1.69}, "datetime": {"datetime": "2024-08-04 13:25:34", "elapsed": 6609.104355, "delta": 15.540384}}
{"target": -0.052952909358255196, "params": {"bus_acc": 2.16, "bus_dcc": 3.19, "bus_lcAssertive": 86.84, "bus_lcCooperative": 0.08, "bus_lcLookaheadLeft": 57.52, "bus_lcPushy": 0.65, "bus_lcSublane": 0.04, "bus_max_v": 19.85, "bus_tau_mean": 0.7, "bus_tau_std": 5.68, "car_acc": 2.01, "car_dcc": 3.3, "car_lcAssertive": 35.15, "car_lcCooperative": 0.58, "car_lcLookaheadLeft": 21.43, "car_lcPushy": 0.76, "car_lcSublane": 0.39, "car_max_v": 12.2, "car_tau_mean": 1.15, "car_tau_std": 4.56}, "datetime": {"datetime": "2024-08-04 13:25:39", "elapsed": 6614.081464, "delta": 4.977109}}
{"target": -0.05085605374535138, "params": {"bus_acc": 1.18, "bus_dcc": 3.44, "bus_lcAssertive": 80.41, "bus_lcCooperative": 0.73, "bus_lcLookaheadLeft": 74.92, "bus_lcPushy": 0.62, "bus_lcSublane": 0.77, "bus_max_v": 22.32, "bus_tau_mean": 1.73, "bus_tau_std": 1.93, "car_acc": 1.93, "car_dcc": 2.92, "car_lcAssertive": 99.45, "car_lcCooperative": 0.8, "car_lcLookaheadLeft": 64.03, "car_lcPushy": 0.87, "car_lcSublane": 0.4, "car_max_v": 26.78, "car_tau_mean": 0.81, "car_tau_std": 4.96}, "datetime": {"datetime": "2024-08-04 13:25:49", "elapsed": 6623.591314, "delta": 9.50985}}
{"target": -0.048284851570440455, "params": {"bus_acc": 2.47, "bus_dcc": 3.13, "bus_lcAssertive": 27.61, "bus_lcCooperative": 0.39, "bus_lcLookaheadLeft": 18.46, "bus_lcPushy": 0.4, "bus_lcSublane": 0.22, "bus_max_v": 13.26, "bus_tau_mean": 1.62, "bus_tau_std": 5.61, "car_acc": 2.29, "car_dcc": 1.78, "car_lcAssertive": 80.21, "car_lcCooperative": 0.26, "car_lcLookaheadLeft": 27.73, "car_lcPushy": 0.74, "car_lcSublane": 0.14, "car_max_v": 23.31, "car_tau_mean": 3.94, "car_tau_std": 9.68}, "datetime": {"datetime": "2024-08-04 13:25:54", "elapsed": 6628.359394, "delta": 4.76808}}
{"target": -0.04906298942874555, "params": {"bus_acc": 1.39, "bus_dcc": 3.63, "bus_lcAssertive": 35.7, "bus_lcCooperative": 0.86, "bus_lcLookaheadLeft": 61.98, "bus_lcPushy": 0.75, "bus_lcSublane": 0.2, "bus_max_v": 13.62, "bus_tau_mean": 1.89, "bus_tau_std": 8.33, "car_acc": 1.95, "car_dcc": 2.75, "car_lcAssertive": 70.27, "car_lcCooperative": 0.54, "car_lcLookaheadLeft": 77.25, "car_lcPushy": 0.63, "car_lcSublane": 0.98, "car_max_v": 8.54, "car_tau_mean": 2.6, "car_tau_std": 4.14}, "datetime": {"datetime": "2024-08-04 13:25:58", "elapsed": 6633.077781, "delta": 4.718387}}
{"target": -0.054800737649673144, "params": {"bus_acc": 2.73, "bus_dcc": 3.02, "bus_lcAssertive": 80.91, "bus_lcCooperative": 0.64, "bus_lcLookaheadLeft": 2.74, "bus_lcPushy": 0.65, "bus_lcSublane": 0.8, "bus_max_v": 29.39, "bus_tau_mean": 3.41, "bus_tau_std": 8.43, "car_acc": 1.69, "car_dcc": 2.02, "car_lcAssertive": 63.01, "car_lcCooperative": 0.71, "car_lcLookaheadLeft": 95.01, "car_lcPushy": 0.5, "car_lcSublane": 0.23, "car_max_v": 25.8, "car_tau_mean": 3.3, "car_tau_std": 3.89}, "datetime": {"datetime": "2024-08-04 13:26:15", "elapsed": 6649.934568, "delta": 16.856787}}
{"target": -0.05730437726696012, "params": {"bus_acc": 2.96, "bus_dcc": 2.46, "bus_lcAssertive": 14.73, "bus_lcCooperative": 0.13, "bus_lcLookaheadLeft": 13.94, "bus_lcPushy": 0.69, "bus_lcSublane": 0.83, "bus_max_v": 23.91, "bus_tau_mean": 0.91, "bus_tau_std": 2.54, "car_acc": 2.37, "car_dcc": 2.85, "car_lcAssertive": 84.76, "car_lcCooperative": 0.6, "car_lcLookaheadLeft": 70.99, "car_lcPushy": 0.59, "car_lcSublane": 0.26, "car_max_v": 23.27, "car_tau_mean": 0.6, "car_tau_std": 3.7}, "datetime": {"datetime": "2024-08-04 13:26:20", "elapsed": 6654.824136, "delta": 4.889568}}
{"target": -0.04987417050826851, "params": {"bus_acc": 1.68, "bus_dcc": 1.3, "bus_lcAssertive": 94.51, "bus_lcCooperative": 0.81, "bus_lcLookaheadLeft": 25.16, "bus_lcPushy": 0.92, "bus_lcSublane": 0.13, "bus_max_v": 17.43, "bus_tau_mean": 2.3, "bus_tau_std": 3.34, "car_acc": 2.45, "car_dcc": 1.92, "car_lcAssertive": 55.4, "car_lcCooperative": 0.27, "car_lcLookaheadLeft": 65.48, "car_lcPushy": 0.51, "car_lcSublane": 0.21, "car_max_v": 13.51, "car_tau_mean": 1.99, "car_tau_std": 1.95}, "datetime": {"datetime": "2024-08-04 13:26:24", "elapsed": 6659.022705, "delta": 4.198569}}
{"target": -0.04035830547465032, "params": {"bus_acc": 2.81, "bus_dcc": 2.22, "bus_lcAssertive": 45.26, "bus_lcCooperative": 0.23, "bus_lcLookaheadLeft": 25.02, "bus_lcPushy": 0.34, "bus_lcSublane": 0.5, "bus_max_v": 12.03, "bus_tau_mean": 1.47, "bus_tau_std": 8.1, "car_acc": 1.38, "car_dcc": 1.6, "car_lcAssertive": 72.31, "car_lcCooperative": 0.42, "car_lcLookaheadLeft": 34.42, "car_lcPushy": 0.68, "car_lcSublane": 0.12, "car_max_v": 10.89, "car_tau_mean": 1.73, "car_tau_std": 8.76}, "datetime": {"datetime": "2024-08-04 13:26:29", "elapsed": 6663.672096, "delta": 4.649391}}
{"target": -0.05538881468752856, "params": {"bus_acc": 1.23, "bus_dcc": 1.72, "bus_lcAssertive": 67.57, "bus_lcCooperative": 0.68, "bus_lcLookaheadLeft": 19.31, "bus_lcPushy": 0.6, "bus_lcSublane": 0.56, "bus_max_v": 15.85, "bus_tau_mean": 1.32, "bus_tau_std": 5.96, "car_acc": 2.59, "car_dcc": 1.81, "car_lcAssertive": 5.39, "car_lcCooperative": 0.14, "car_lcLookaheadLeft": 11.62, "car_lcPushy": 0.38, "car_lcSublane": 0.22, "car_max_v": 28.9, "car_tau_mean": 1.39, "car_tau_std": 0.67}, "datetime": {"datetime": "2024-08-04 13:26:34", "elapsed": 6668.33219, "delta": 4.660094}}
