{"target": -0.379928060264036, "params": {"bus_acc": 1.5576, "bus_dcc": 3.2275, "bus_lcAssertive": 40.3307, "bus_lcCooperative": 0.2922, "bus_lcLookaheadLeft": 34.9369, "bus_lcPushy": 0.0284, "bus_lcSigma": 0.6445, "bus_lcSpeedGainRight": 2.1835, "bus_lcSublane": 0.8077, "bus_sigma": 0.9995, "bus_tau_mean": 1.839, "bus_tau_std": 6.243, "bus_v_mean": 20.2992, "bus_v_std": 5.691, "car_acc": 1.9341, "car_dcc": 3.825, "car_lcAssertive": 24.9069, "car_lcCooperative": 0.3188, "car_lcLookaheadLeft": 36.9472, "car_lcPushy": 0.3421, "car_lcSigma": 0.3165, "car_lcSpeedGainRight": 0.3933, "car_lcSublane": 0.7983, "car_sigma": 0.8743, "car_tau_mean": 2.7197, "car_tau_std": 9.1832, "car_v_mean": 21.0538, "car_v_std": 19.3473}, "datetime": {"datetime": "2024-08-08 00:24:27", "elapsed": 1286.768584, "delta": 1.054377}}
{"target": -0.3598581390328531, "params": {"bus_acc": 1.2281, "bus_dcc": 3.6929, "bus_lcAssertive": 59.0404, "bus_lcCooperative": 0.1649, "bus_lcLookaheadLeft": 52.4086, "bus_lcPushy": 0.1299, "bus_lcSigma": 0.6859, "bus_lcSpeedGainRight": 0.5803, "bus_lcSublane": 0.8293, "bus_sigma": 0.7153, "bus_tau_mean": 0.6232, "bus_tau_std": 2.3814, "bus_v_mean": 20.119, "bus_v_std": 5.4408, "car_acc": 2.3919, "car_dcc": 2.5635, "car_lcAssertive": 17.1421, "car_lcCooperative": 0.6074, "car_lcLookaheadLeft": 55.1024, "car_lcPushy": 0.6279, "car_lcSigma": 0.6575, "car_lcSpeedGainRight": 3.8278, "car_lcSublane": 0.8967, "car_sigma": 0.1323, "car_tau_mean": 3.1172, "car_tau_std": 2.4947, "car_v_mean": 10.4229, "car_v_std": 16.2994}, "datetime": {"datetime": "2024-08-08 00:24:28", "elapsed": 1287.712219, "delta": 0.943635}}
{"target": -0.36160695075920224, "params": {"bus_acc": 1.6876, "bus_dcc": 1.0755, "bus_lcAssertive": 52.2846, "bus_lcCooperative": 0.3417, "bus_lcLookaheadLeft": 95.629, "bus_lcPushy": 0.3739, "bus_lcSigma": 0.1731, "bus_lcSpeedGainRight": 2.9325, "bus_lcSublane": 0.5688, "bus_sigma": 0.7651, "bus_tau_mean": 2.9614, "bus_tau_std": 2.33, "bus_v_mean": 16.4085, "bus_v_std": 2.7308, "car_acc": 2.694, "car_dcc": 2.6949, "car_lcAssertive": 20.5952, "car_lcCooperative": 0.5913, "car_lcLookaheadLeft": 17.1171, "car_lcPushy": 0.0241, "car_lcSigma": 0.3642, "car_lcSpeedGainRight": 1.8293, "car_lcSublane": 0.9595, "car_sigma": 0.1521, "car_tau_mean": 3.3402, "car_tau_std": 4.5948, "car_v_mean": 9.2793, "car_v_std": 6.1111}, "datetime": {"datetime": "2024-08-08 00:24:29", "elapsed": 1288.203429, "delta": 0.49121}}
{"target": -0.3334501966003228, "params": {"bus_acc": 1.4303, "bus_dcc": 2.9237, "bus_lcAssertive": 22.1262, "bus_lcCooperative": 0.7477, "bus_lcLookaheadLeft": 6.3593, "bus_lcPushy": 0.6847, "bus_lcSigma": 0.7508, "bus_lcSpeedGainRight": 4.7616, "bus_lcSublane": 0.6942, "bus_sigma": 0.8117, "bus_tau_mean": 3.8402, "bus_tau_std": 9.304, "bus_v_mean": 9.566, "bus_v_std": 14.6941, "car_acc": 1.7875, "car_dcc": 1.6891, "car_lcAssertive": 23.0095, "car_lcCooperative": 0.44, "car_lcLookaheadLeft": 90.7891, "car_lcPushy": 0.5283, "car_lcSigma": 0.5729, "car_lcSpeedGainRight": 0.851, "car_lcSublane": 0.0612, "car_sigma": 0.2422, "car_tau_mean": 0.542, "car_tau_std": 6.4913, "car_v_mean": 20.7179, "car_v_std": 13.9737}, "datetime": {"datetime": "2024-08-08 00:24:30", "elapsed": 1289.542988, "delta": 1.339559}}
{"target": -0.36119515017147885, "params": {"bus_acc": 1.9574, "bus_dcc": 3.7793, "bus_lcAssertive": 58.9689, "bus_lcCooperative": 0.1375, "bus_lcLookaheadLeft": 52.9653, "bus_lcPushy": 0.8082, "bus_lcSigma": 0.7829, "bus_lcSpeedGainRight": 0.2574, "bus_lcSublane": 0.6889, "bus_sigma": 0.5312, "bus_tau_mean": 3.5827, "bus_tau_std": 0.4668, "bus_v_mean": 17.9692, "bus_v_std": 0.2383, "car_acc": 1.3911, "car_dcc": 2.7788, "car_lcAssertive": 80.8545, "car_lcCooperative": 0.9579, "car_lcLookaheadLeft": 80.6857, "car_lcPushy": 0.5419, "car_lcSigma": 0.4713, "car_lcSpeedGainRight": 1.24, "car_lcSublane": 0.735, "car_sigma": 0.2784, "car_tau_mean": 0.8425, "car_tau_std": 9.2688, "car_v_mean": 9.6864, "car_v_std": 1.1938}, "datetime": {"datetime": "2024-08-08 00:24:31", "elapsed": 1290.451386, "delta": 0.908398}}
{"target": -0.36653490172422376, "params": {"bus_acc": 1.0, "bus_dcc": 1.0, "bus_lcAssertive": 33.4792, "bus_lcCooperative": 1.0, "bus_lcLookaheadLeft": 29.9346, "bus_lcPushy": 0.9917, "bus_lcSigma": 0.8904, "bus_lcSpeedGainRight": 2.4249, "bus_lcSublane": 0.374, "bus_sigma": 0.172, "bus_tau_mean": 3.0784, "bus_tau_std": 0.0, "bus_v_mean": 8.1779, "bus_v_std": 12.4217, "car_acc": 3.0, "car_dcc": 3.2197, "car_lcAssertive": 33.6352, "car_lcCooperative": 0.0, "car_lcLookaheadLeft": 71.6718, "car_lcPushy": 1.0, "car_lcSigma": 0.1302, "car_lcSpeedGainRight": 5.0, "car_lcSublane": 0.3807, "car_sigma": 0.5842, "car_tau_mean": 2.1945, "car_tau_std": 3.1006, "car_v_mean": 9.7563, "car_v_std": 8.7268}, "datetime": {"datetime": "2024-08-08 00:24:31", "elapsed": 1290.995154, "delta": 0.543768}}
{"target": -0.3593876685361302, "params": {"bus_acc": 1.3368, "bus_dcc": 2.717, "bus_lcAssertive": 40.8004, "bus_lcCooperative": 0.6934, "bus_lcLookaheadLeft": 95.7789, "bus_lcPushy": 0.8771, "bus_lcSigma": 0.5525, "bus_lcSpeedGainRight": 2.6937, "bus_lcSublane": 0.6394, "bus_sigma": 0.4201, "bus_tau_mean": 1.4856, "bus_tau_std": 2.0812, "bus_v_mean": 8.324, "bus_v_std": 19.6613, "car_acc": 2.027, "car_dcc": 3.2203, "car_lcAssertive": 53.3262, "car_lcCooperative": 0.5755, "car_lcLookaheadLeft": 67.7022, "car_lcPushy": 0.1044, "car_lcSigma": 0.7307, "car_lcSpeedGainRight": 2.5489, "car_lcSublane": 0.4178, "car_sigma": 0.2078, "car_tau_mean": 3.6581, "car_tau_std": 3.041, "car_v_mean": 14.355, "car_v_std": 19.9893}, "datetime": {"datetime": "2024-08-08 00:24:32", "elapsed": 1291.724375, "delta": 0.729221}}
{"target": -0.38276272977685555, "params": {"bus_acc": 1.1098, "bus_dcc": 1.9747, "bus_lcAssertive": 83.8266, "bus_lcCooperative": 0.136, "bus_lcLookaheadLeft": 52.6929, "bus_lcPushy": 0.0735, "bus_lcSigma": 0.6773, "bus_lcSpeedGainRight": 2.9465, "bus_lcSublane": 0.3172, "bus_sigma": 0.1322, "bus_tau_mean": 3.6207, "bus_tau_std": 6.2615, "bus_v_mean": 10.6077, "bus_v_std": 11.6024, "car_acc": 2.0632, "car_dcc": 2.9098, "car_lcAssertive": 32.2277, "car_lcCooperative": 0.5428, "car_lcLookaheadLeft": 44.6531, "car_lcPushy": 0.4918, "car_lcSigma": 0.7011, "car_lcSpeedGainRight": 1.6827, "car_lcSublane": 0.8381, "car_sigma": 0.3069, "car_tau_mean": 0.7703, "car_tau_std": 8.4632, "car_v_mean": 16.8917, "car_v_std": 10.3871}, "datetime": {"datetime": "2024-08-08 00:24:33", "elapsed": 1292.368898, "delta": 0.644523}}
{"target": -0.36306608918330613, "params": {"bus_acc": 2.8137, "bus_dcc": 2.6256, "bus_lcAssertive": 94.7365, "bus_lcCooperative": 0.4365, "bus_lcLookaheadLeft": 25.8432, "bus_lcPushy": 0.5739, "bus_lcSigma": 0.9618, "bus_lcSpeedGainRight": 1.1256, "bus_lcSublane": 0.6774, "bus_sigma": 0.3542, "bus_tau_mean": 3.9295, "bus_tau_std": 3.3969, "bus_v_mean": 20.6859, "bus_v_std": 5.0165, "car_acc": 2.7224, "car_dcc": 3.7298, "car_lcAssertive": 15.0752, "car_lcCooperative": 0.7162, "car_lcLookaheadLeft": 19.2335, "car_lcPushy": 0.9224, "car_lcSigma": 0.9342, "car_lcSpeedGainRight": 0.3018, "car_lcSublane": 0.1474, "car_sigma": 0.0206, "car_tau_mean": 2.7038, "car_tau_std": 9.8525, "car_v_mean": 19.5107, "car_v_std": 8.06}, "datetime": {"datetime": "2024-08-08 00:24:34", "elapsed": 1293.685217, "delta": 1.316319}}
{"target": -0.36438019153648615, "params": {"bus_acc": 1.0, "bus_dcc": 1.0, "bus_lcAssertive": 33.4535, "bus_lcCooperative": 1.0, "bus_lcLookaheadLeft": 30.0515, "bus_lcPushy": 0.9847, "bus_lcSigma": 0.8842, "bus_lcSpeedGainRight": 2.481, "bus_lcSublane": 0.3782, "bus_sigma": 0.1732, "bus_tau_mean": 3.0927, "bus_tau_std": 0.0, "bus_v_mean": 8.3548, "bus_v_std": 12.397, "car_acc": 3.0, "car_dcc": 3.1945, "car_lcAssertive": 33.731, "car_lcCooperative": 0.0, "car_lcLookaheadLeft": 71.6505, "car_lcPushy": 1.0, "car_lcSigma": 0.1291, "car_lcSpeedGainRight": 5.0, "car_lcSublane": 0.3899, "car_sigma": 0.5833, "car_tau_mean": 2.2146, "car_tau_std": 3.1031, "car_v_mean": 9.9142, "car_v_std": 8.6697}, "datetime": {"datetime": "2024-08-08 00:24:36", "elapsed": 1295.233498, "delta": 1.548281}}
{"target": -0.31156123261051527, "params": {"bus_acc": 2.1733, "bus_dcc": 1.3197, "bus_lcAssertive": 22.89, "bus_lcCooperative": 0.7656, "bus_lcLookaheadLeft": 51.5756, "bus_lcPushy": 0.8222, "bus_lcSigma": 0.2341, "bus_lcSpeedGainRight": 3.7151, "bus_lcSublane": 0.6222, "bus_sigma": 0.3147, "bus_tau_mean": 3.7297, "bus_tau_std": 2.6899, "bus_v_mean": 20.6908, "bus_v_std": 10.375, "car_acc": 1.1047, "car_dcc": 2.0462, "car_lcAssertive": 99.7835, "car_lcCooperative": 0.5668, "car_lcLookaheadLeft": 30.3425, "car_lcPushy": 0.2399, "car_lcSigma": 0.7451, "car_lcSpeedGainRight": 0.5838, "car_lcSublane": 0.0484, "car_sigma": 0.8918, "car_tau_mean": 1.0573, "car_tau_std": 1.591, "car_v_mean": 9.695, "car_v_std": 11.8462}, "datetime": {"datetime": "2024-08-08 00:24:37", "elapsed": 1296.552433, "delta": 1.318935}}
{"target": -0.3967189147716033, "params": {"bus_acc": 2.502, "bus_dcc": 1.5865, "bus_lcAssertive": 51.126, "bus_lcCooperative": 0.2259, "bus_lcLookaheadLeft": 50.1592, "bus_lcPushy": 0.9187, "bus_lcSigma": 0.5139, "bus_lcSpeedGainRight": 2.3849, "bus_lcSublane": 0.1667, "bus_sigma": 0.2586, "bus_tau_mean": 2.704, "bus_tau_std": 0.0784, "bus_v_mean": 11.2673, "bus_v_std": 8.765, "car_acc": 1.3074, "car_dcc": 3.3925, "car_lcAssertive": 97.1904, "car_lcCooperative": 0.7863, "car_lcLookaheadLeft": 26.7013, "car_lcPushy": 0.4536, "car_lcSigma": 0.1858, "car_lcSpeedGainRight": 0.0386, "car_lcSublane": 0.4818, "car_sigma": 0.2839, "car_tau_mean": 1.6767, "car_tau_std": 2.6836, "car_v_mean": 9.2135, "car_v_std": 1.9356}, "datetime": {"datetime": "2024-08-08 00:24:38", "elapsed": 1298.103733, "delta": 1.5513}}
{"target": -0.38713173016325964, "params": {"bus_acc": 2.8467, "bus_dcc": 3.1866, "bus_lcAssertive": 55.2076, "bus_lcCooperative": 0.8451, "bus_lcLookaheadLeft": 12.6728, "bus_lcPushy": 0.5142, "bus_lcSigma": 0.2232, "bus_lcSpeedGainRight": 2.3757, "bus_lcSublane": 0.8389, "bus_sigma": 0.6649, "bus_tau_mean": 1.3204, "bus_tau_std": 5.3932, "bus_v_mean": 15.6207, "bus_v_std": 10.3118, "car_acc": 1.1078, "car_dcc": 3.1649, "car_lcAssertive": 8.1171, "car_lcCooperative": 0.822, "car_lcLookaheadLeft": 34.6584, "car_lcPushy": 0.3233, "car_lcSigma": 0.5871, "car_lcSpeedGainRight": 3.2666, "car_lcSublane": 0.5797, "car_sigma": 0.2139, "car_tau_mean": 2.7276, "car_tau_std": 0.4322, "car_v_mean": 17.8307, "car_v_std": 10.0798}, "datetime": {"datetime": "2024-08-08 00:24:40", "elapsed": 1299.355176, "delta": 1.251443}}
{"target": -0.3576046338387758, "params": {"bus_acc": 1.9302, "bus_dcc": 2.2017, "bus_lcAssertive": 44.9914, "bus_lcCooperative": 0.7225, "bus_lcLookaheadLeft": 21.1168, "bus_lcPushy": 0.5763, "bus_lcSigma": 0.205, "bus_lcSpeedGainRight": 0.6183, "bus_lcSublane": 0.3786, "bus_sigma": 0.5329, "bus_tau_mean": 3.3321, "bus_tau_std": 7.8039, "bus_v_mean": 21.6347, "bus_v_std": 13.307, "car_acc": 2.587, "car_dcc": 2.4079, "car_lcAssertive": 52.8031, "car_lcCooperative": 0.181, "car_lcLookaheadLeft": 89.9896, "car_lcPushy": 0.1869, "car_lcSigma": 0.5856, "car_lcSpeedGainRight": 0.7478, "car_lcSublane": 0.6352, "car_sigma": 0.4077, "car_tau_mean": 1.1616, "car_tau_std": 3.6588, "car_v_mean": 15.5028, "car_v_std": 9.2739}, "datetime": {"datetime": "2024-08-08 00:24:41", "elapsed": 1300.483712, "delta": 1.128536}}
{"target": -0.3712779995563249, "params": {"bus_acc": 1.2611, "bus_dcc": 3.9063, "bus_lcAssertive": 34.435, "bus_lcCooperative": 0.7413, "bus_lcLookaheadLeft": 58.8185, "bus_lcPushy": 0.4312, "bus_lcSigma": 0.9785, "bus_lcSpeedGainRight": 2.9524, "bus_lcSublane": 0.7335, "bus_sigma": 0.7854, "bus_tau_mean": 2.989, "bus_tau_std": 1.704, "bus_v_mean": 16.5497, "bus_v_std": 2.9798, "car_acc": 2.4593, "car_dcc": 2.4804, "car_lcAssertive": 24.7444, "car_lcCooperative": 0.1258, "car_lcLookaheadLeft": 27.9433, "car_lcPushy": 0.9165, "car_lcSigma": 0.9882, "car_lcSpeedGainRight": 4.3858, "car_lcSublane": 0.6412, "car_sigma": 0.301, "car_tau_mean": 2.6619, "car_tau_std": 7.2301, "car_v_mean": 21.4861, "car_v_std": 17.3765}, "datetime": {"datetime": "2024-08-08 00:24:42", "elapsed": 1301.348304, "delta": 0.864592}}
{"target": -0.38014026226809505, "params": {"bus_acc": 2.6517, "bus_dcc": 1.3109, "bus_lcAssertive": 58.4561, "bus_lcCooperative": 0.3717, "bus_lcLookaheadLeft": 34.8622, "bus_lcPushy": 0.4038, "bus_lcSigma": 0.9795, "bus_lcSpeedGainRight": 2.0801, "bus_lcSublane": 0.0093, "bus_sigma": 0.9842, "bus_tau_mean": 3.8635, "bus_tau_std": 3.3314, "bus_v_mean": 13.6105, "bus_v_std": 8.0726, "car_acc": 2.2519, "car_dcc": 2.3151, "car_lcAssertive": 49.7676, "car_lcCooperative": 0.7841, "car_lcLookaheadLeft": 42.8019, "car_lcPushy": 0.8009, "car_lcSigma": 0.3367, "car_lcSpeedGainRight": 2.3319, "car_lcSublane": 0.8327, "car_sigma": 0.4991, "car_tau_mean": 1.5387, "car_tau_std": 2.4511, "car_v_mean": 21.6682, "car_v_std": 1.2113}, "datetime": {"datetime": "2024-08-08 00:24:43", "elapsed": 1302.682321, "delta": 1.334017}}
{"target": -0.3221863725239288, "params": {"bus_acc": 1.2174, "bus_dcc": 1.8014, "bus_lcAssertive": 19.0532, "bus_lcCooperative": 0.7386, "bus_lcLookaheadLeft": 40.0816, "bus_lcPushy": 0.8614, "bus_lcSigma": 0.4507, "bus_lcSpeedGainRight": 1.9517, "bus_lcSublane": 0.1718, "bus_sigma": 0.3336, "bus_tau_mean": 1.4577, "bus_tau_std": 4.6412, "bus_v_mean": 12.0265, "bus_v_std": 18.6352, "car_acc": 2.1968, "car_dcc": 1.6842, "car_lcAssertive": 30.2149, "car_lcCooperative": 0.3373, "car_lcLookaheadLeft": 56.2901, "car_lcPushy": 0.7179, "car_lcSigma": 0.3358, "car_lcSpeedGainRight": 2.0389, "car_lcSublane": 0.3791, "car_sigma": 0.8967, "car_tau_mean": 1.0033, "car_tau_std": 4.9302, "car_v_mean": 8.0, "car_v_std": 15.8876}, "datetime": {"datetime": "2024-08-08 00:24:44", "elapsed": 1303.695921, "delta": 1.0136}}
{"target": -0.31529122986688785, "params": {"bus_acc": 1.0983, "bus_dcc": 1.0645, "bus_lcAssertive": 30.9462, "bus_lcCooperative": 0.9674, "bus_lcLookaheadLeft": 34.1901, "bus_lcPushy": 0.8857, "bus_lcSigma": 0.6829, "bus_lcSpeedGainRight": 1.9776, "bus_lcSublane": 0.3359, "bus_sigma": 0.3075, "bus_tau_mean": 2.6179, "bus_tau_std": 2.2493, "bus_v_mean": 11.5927, "bus_v_std": 12.6065, "car_acc": 3.0, "car_dcc": 2.6181, "car_lcAssertive": 33.6839, "car_lcCooperative": 0.1341, "car_lcLookaheadLeft": 69.9256, "car_lcPushy": 0.9476, "car_lcSigma": 0.2339, "car_lcSpeedGainRight": 3.7701, "car_lcSublane": 0.3555, "car_sigma": 0.6379, "car_tau_mean": 2.0532, "car_tau_std": 4.0953, "car_v_mean": 10.9927, "car_v_std": 9.1407}, "datetime": {"datetime": "2024-08-08 00:24:45", "elapsed": 1304.928171, "delta": 1.23225}}
{"target": -0.3251777748901338, "params": {"bus_acc": 1.9192, "bus_dcc": 2.7523, "bus_lcAssertive": 51.0759, "bus_lcCooperative": 0.7194, "bus_lcLookaheadLeft": 43.4247, "bus_lcPushy": 0.3685, "bus_lcSigma": 0.9508, "bus_lcSpeedGainRight": 4.6279, "bus_lcSublane": 0.8111, "bus_sigma": 0.1245, "bus_tau_mean": 2.0566, "bus_tau_std": 2.5422, "bus_v_mean": 15.5161, "bus_v_std": 11.1725, "car_acc": 2.8601, "car_dcc": 1.359, "car_lcAssertive": 78.1857, "car_lcCooperative": 0.4764, "car_lcLookaheadLeft": 88.7643, "car_lcPushy": 0.4583, "car_lcSigma": 0.6138, "car_lcSpeedGainRight": 1.6315, "car_lcSublane": 0.039, "car_sigma": 0.8362, "car_tau_mean": 0.5988, "car_tau_std": 5.4222, "car_v_mean": 10.3434, "car_v_std": 3.0541}, "datetime": {"datetime": "2024-08-08 00:24:46", "elapsed": 1305.593228, "delta": 0.665057}}
{"target": -0.3076340905589939, "params": {"bus_acc": 2.9963, "bus_dcc": 1.4593, "bus_lcAssertive": 42.4304, "bus_lcCooperative": 0.2994, "bus_lcLookaheadLeft": 58.5714, "bus_lcPushy": 0.5637, "bus_lcSigma": 0.3563, "bus_lcSpeedGainRight": 4.8723, "bus_lcSublane": 0.7555, "bus_sigma": 0.894, "bus_tau_mean": 2.0981, "bus_tau_std": 5.9982, "bus_v_mean": 14.6194, "bus_v_std": 6.0893, "car_acc": 2.0551, "car_dcc": 1.5771, "car_lcAssertive": 22.2003, "car_lcCooperative": 0.515, "car_lcLookaheadLeft": 3.3617, "car_lcPushy": 0.4497, "car_lcSigma": 0.9984, "car_lcSpeedGainRight": 4.1176, "car_lcSublane": 0.0876, "car_sigma": 0.6601, "car_tau_mean": 1.2931, "car_tau_std": 1.1837, "car_v_mean": 13.583, "car_v_std": 13.5475}, "datetime": {"datetime": "2024-08-08 00:24:47", "elapsed": 1306.619466, "delta": 1.026238}}
{"target": -0.3769372552969954, "params": {"bus_acc": 2.0285, "bus_dcc": 1.8116, "bus_lcAssertive": 95.8217, "bus_lcCooperative": 0.4908, "bus_lcLookaheadLeft": 17.4077, "bus_lcPushy": 0.6511, "bus_lcSigma": 0.6699, "bus_lcSpeedGainRight": 2.7398, "bus_lcSublane": 0.9704, "bus_sigma": 0.8597, "bus_tau_mean": 3.4312, "bus_tau_std": 0.3687, "bus_v_mean": 8.0046, "bus_v_std": 12.1957, "car_acc": 1.3342, "car_dcc": 3.8441, "car_lcAssertive": 27.0568, "car_lcCooperative": 0.652, "car_lcLookaheadLeft": 46.8075, "car_lcPushy": 0.4987, "car_lcSigma": 0.506, "car_lcSpeedGainRight": 3.2769, "car_lcSublane": 0.1296, "car_sigma": 0.1544, "car_tau_mean": 0.7906, "car_tau_std": 6.1124, "car_v_mean": 22.7329, "car_v_std": 0.2776}, "datetime": {"datetime": "2024-08-08 00:24:48", "elapsed": 1307.279176, "delta": 0.65971}}
{"target": -0.3089846432339882, "params": {"bus_acc": 1.6346, "bus_dcc": 2.7138, "bus_lcAssertive": 75.0405, "bus_lcCooperative": 0.4754, "bus_lcLookaheadLeft": 73.7394, "bus_lcPushy": 0.7294, "bus_lcSigma": 0.7844, "bus_lcSpeedGainRight": 2.2258, "bus_lcSublane": 0.6031, "bus_sigma": 0.6139, "bus_tau_mean": 2.7555, "bus_tau_std": 5.5961, "bus_v_mean": 11.0319, "bus_v_std": 11.5154, "car_acc": 2.4478, "car_dcc": 1.6818, "car_lcAssertive": 74.742, "car_lcCooperative": 0.433, "car_lcLookaheadLeft": 34.4393, "car_lcPushy": 0.3096, "car_lcSigma": 0.2806, "car_lcSpeedGainRight": 1.2605, "car_lcSublane": 0.7525, "car_sigma": 0.7663, "car_tau_mean": 0.9916, "car_tau_std": 2.5737, "car_v_mean": 8.0, "car_v_std": 15.9698}, "datetime": {"datetime": "2024-08-08 00:24:49", "elapsed": 1308.299847, "delta": 1.020671}}
{"target": -0.3525503103981432, "params": {"bus_acc": 1.0, "bus_dcc": 1.0, "bus_lcAssertive": 33.5668, "bus_lcCooperative": 1.0, "bus_lcLookaheadLeft": 31.2702, "bus_lcPushy": 0.9404, "bus_lcSigma": 0.7902, "bus_lcSpeedGainRight": 2.2365, "bus_lcSublane": 0.348, "bus_sigma": 0.2125, "bus_tau_mean": 2.8628, "bus_tau_std": 1.098, "bus_v_mean": 9.7878, "bus_v_std": 12.5638, "car_acc": 3.0, "car_dcc": 2.9398, "car_lcAssertive": 33.7527, "car_lcCooperative": 0.0, "car_lcLookaheadLeft": 71.4117, "car_lcPushy": 1.0, "car_lcSigma": 0.1666, "car_lcSpeedGainRight": 4.4594, "car_lcSublane": 0.4053, "car_sigma": 0.607, "car_tau_mean": 2.138, "car_tau_std": 3.3944, "car_v_mean": 10.7995, "car_v_std": 8.2026}, "datetime": {"datetime": "2024-08-08 00:24:49", "elapsed": 1309.049219, "delta": 0.749372}}
{"target": -0.3844572179655813, "params": {"bus_acc": 1.7103, "bus_dcc": 1.8525, "bus_lcAssertive": 1.4155, "bus_lcCooperative": 0.7519, "bus_lcLookaheadLeft": 97.4084, "bus_lcPushy": 0.0512, "bus_lcSigma": 0.0847, "bus_lcSpeedGainRight": 1.3318, "bus_lcSublane": 0.1222, "bus_sigma": 0.0524, "bus_tau_mean": 3.2973, "bus_tau_std": 6.3584, "bus_v_mean": 23.9786, "bus_v_std": 2.8725, "car_acc": 1.8823, "car_dcc": 2.5631, "car_lcAssertive": 17.889, "car_lcCooperative": 0.3269, "car_lcLookaheadLeft": 63.8414, "car_lcPushy": 0.8485, "car_lcSigma": 0.3411, "car_lcSpeedGainRight": 1.6696, "car_lcSublane": 0.139, "car_sigma": 0.3978, "car_tau_mean": 1.3954, "car_tau_std": 5.3627, "car_v_mean": 19.9008, "car_v_std": 3.8407}, "datetime": {"datetime": "2024-08-08 00:24:51", "elapsed": 1310.25251, "delta": 1.203291}}
{"target": -0.35851437318120183, "params": {"bus_acc": 2.5614, "bus_dcc": 1.4173, "bus_lcAssertive": 41.3551, "bus_lcCooperative": 0.2771, "bus_lcLookaheadLeft": 56.1649, "bus_lcPushy": 0.0451, "bus_lcSigma": 0.5804, "bus_lcSpeedGainRight": 1.6367, "bus_lcSublane": 0.785, "bus_sigma": 0.6182, "bus_tau_mean": 2.9464, "bus_tau_std": 9.3591, "bus_v_mean": 18.2426, "bus_v_std": 15.4817, "car_acc": 2.5407, "car_dcc": 1.0124, "car_lcAssertive": 35.648, "car_lcCooperative": 0.5404, "car_lcLookaheadLeft": 55.3144, "car_lcPushy": 0.9046, "car_lcSigma": 0.0181, "car_lcSpeedGainRight": 1.9439, "car_lcSublane": 0.0688, "car_sigma": 0.3371, "car_tau_mean": 3.3118, "car_tau_std": 0.4665, "car_v_mean": 10.8321, "car_v_std": 5.0161}, "datetime": {"datetime": "2024-08-08 00:24:52", "elapsed": 1312.080821, "delta": 1.828311}}
{"target": -0.3477741027454419, "params": {"bus_acc": 1.0, "bus_dcc": 1.0, "bus_lcAssertive": 33.5558, "bus_lcCooperative": 1.0, "bus_lcLookaheadLeft": 30.6902, "bus_lcPushy": 0.9685, "bus_lcSigma": 0.8224, "bus_lcSpeedGainRight": 2.3972, "bus_lcSublane": 0.3789, "bus_sigma": 0.1944, "bus_tau_mean": 2.9862, "bus_tau_std": 0.4729, "bus_v_mean": 9.1089, "bus_v_std": 12.4627, "car_acc": 3.0, "car_dcc": 3.083, "car_lcAssertive": 33.2518, "car_lcCooperative": 0.0, "car_lcLookaheadLeft": 71.6581, "car_lcPushy": 1.0, "car_lcSigma": 0.1313, "car_lcSpeedGainRight": 4.7652, "car_lcSublane": 0.411, "car_sigma": 0.5921, "car_tau_mean": 2.2205, "car_tau_std": 3.1174, "car_v_mean": 10.2677, "car_v_std": 8.3199}, "datetime": {"datetime": "2024-08-08 00:24:55", "elapsed": 1314.176184, "delta": 2.095363}}
{"target": -0.3843587290934245, "params": {"bus_acc": 1.4296, "bus_dcc": 2.839, "bus_lcAssertive": 12.4148, "bus_lcCooperative": 0.7331, "bus_lcLookaheadLeft": 14.8374, "bus_lcPushy": 0.6255, "bus_lcSigma": 0.8071, "bus_lcSpeedGainRight": 1.2811, "bus_lcSublane": 0.7021, "bus_sigma": 0.7214, "bus_tau_mean": 0.9046, "bus_tau_std": 4.1765, "bus_v_mean": 16.3749, "bus_v_std": 13.9497, "car_acc": 1.3774, "car_dcc": 3.8906, "car_lcAssertive": 55.6361, "car_lcCooperative": 0.7454, "car_lcLookaheadLeft": 39.3073, "car_lcPushy": 0.2054, "car_lcSigma": 0.0442, "car_lcSpeedGainRight": 1.1713, "car_lcSublane": 0.3932, "car_sigma": 0.0059, "car_tau_mean": 1.802, "car_tau_std": 4.3381, "car_v_mean": 20.6691, "car_v_std": 10.8471}, "datetime": {"datetime": "2024-08-08 00:24:56", "elapsed": 1315.968788, "delta": 1.792604}}
