{"target": -0.04680528687196486, "params": {"bus_acc": 1.13, "bus_dcc": 3.56, "bus_lcAssertive": 3.12, "bus_lcCooperative": 0.48, "bus_lcLookaheadLeft": 9.7, "bus_lcPushy": 0.05, "bus_lcSublane": 0.51, "bus_max_v": 8.68, "bus_tau_mean": 2.34, "bus_tau_std": 7.59, "car_acc": 1.7, "car_dcc": 2.42, "car_lcAssertive": 63.34, "car_lcCooperative": 0.53, "car_lcLookaheadLeft": 27.67, "car_lcPushy": 0.77, "car_lcSublane": 0.82, "car_max_v": 9.98, "car_tau_mean": 2.9, "car_tau_std": 1.5}, "datetime": {"datetime": "2024-08-03 22:10:00", "elapsed": 2433.276129, "delta": 8.514591}}
{"target": -0.0471946236186038, "params": {"bus_acc": 1.08, "bus_dcc": 1.37, "bus_lcAssertive": 62.1, "bus_lcCooperative": 0.93, "bus_lcLookaheadLeft": 36.88, "bus_lcPushy": 0.61, "bus_lcSublane": 0.83, "bus_max_v": 23.6, "bus_tau_mean": 1.77, "bus_tau_std": 7.88, "car_acc": 1.53, "car_dcc": 2.85, "car_lcAssertive": 57.52, "car_lcCooperative": 0.57, "car_lcLookaheadLeft": 47.1, "car_lcPushy": 0.15, "car_lcSublane": 0.19, "car_max_v": 16.21, "car_tau_mean": 0.93, "car_tau_std": 8.97}, "datetime": {"datetime": "2024-08-03 22:10:05", "elapsed": 2438.116418, "delta": 4.840289}}
{"target": -0.06628890526960757, "params": {"bus_acc": 1.72, "bus_dcc": 2.65, "bus_lcAssertive": 8.89, "bus_lcCooperative": 0.97, "bus_lcLookaheadLeft": 13.77, "bus_lcPushy": 0.45, "bus_lcSublane": 0.8, "bus_max_v": 6.72, "bus_tau_mean": 2.02, "bus_tau_std": 2.38, "car_acc": 1.78, "car_dcc": 1.5, "car_lcAssertive": 32.31, "car_lcCooperative": 0.46, "car_lcLookaheadLeft": 59.68, "car_lcPushy": 0.75, "car_lcSublane": 0.08, "car_max_v": 12.5, "car_tau_mean": 2.63, "car_tau_std": 5.34}, "datetime": {"datetime": "2024-08-03 22:10:08", "elapsed": 2441.224216, "delta": 3.107798}}
{"target": -0.05083625734524997, "params": {"bus_acc": 1.41, "bus_dcc": 2.41, "bus_lcAssertive": 88.71, "bus_lcCooperative": 0.0, "bus_lcLookaheadLeft": 28.33, "bus_lcPushy": 0.0, "bus_lcSublane": 0.32, "bus_max_v": 19.95, "bus_tau_mean": 2.94, "bus_tau_std": 7.63, "car_acc": 1.65, "car_dcc": 1.38, "car_lcAssertive": 39.51, "car_lcCooperative": 0.25, "car_lcLookaheadLeft": 31.54, "car_lcPushy": 0.5, "car_lcSublane": 0.85, "car_max_v": 22.92, "car_tau_mean": 2.52, "car_tau_std": 0.7}, "datetime": {"datetime": "2024-08-03 22:10:14", "elapsed": 2446.964343, "delta": 5.740127}}
{"target": -0.05556077598496135, "params": {"bus_acc": 2.25, "bus_dcc": 2.13, "bus_lcAssertive": 85.96, "bus_lcCooperative": 0.01, "bus_lcLookaheadLeft": 17.34, "bus_lcPushy": 0.04, "bus_lcSublane": 0.34, "bus_max_v": 14.68, "bus_tau_mean": 3.77, "bus_tau_std": 9.9, "car_acc": 2.06, "car_dcc": 1.3, "car_lcAssertive": 29.39, "car_lcCooperative": 0.88, "car_lcLookaheadLeft": 81.66, "car_lcPushy": 0.79, "car_lcSublane": 0.25, "car_max_v": 19.2, "car_tau_mean": 1.34, "car_tau_std": 2.97}, "datetime": {"datetime": "2024-08-03 22:10:22", "elapsed": 2455.078904, "delta": 8.114561}}
{"target": -0.0423347118650285, "params": {"bus_acc": 2.57, "bus_dcc": 2.84, "bus_lcAssertive": 93.23, "bus_lcCooperative": 0.42, "bus_lcLookaheadLeft": 58.54, "bus_lcPushy": 0.88, "bus_lcSublane": 0.29, "bus_max_v": 24.38, "bus_tau_mean": 1.1, "bus_tau_std": 2.27, "car_acc": 2.39, "car_dcc": 1.86, "car_lcAssertive": 7.18, "car_lcCooperative": 0.1, "car_lcLookaheadLeft": 52.4, "car_lcPushy": 0.99, "car_lcSublane": 0.02, "car_max_v": 10.67, "car_tau_mean": 2.91, "car_tau_std": 9.86}, "datetime": {"datetime": "2024-08-03 22:10:39", "elapsed": 2471.602686, "delta": 16.523782}}
{"target": -0.12296268672571438, "params": {"bus_acc": 1.84, "bus_dcc": 2.43, "bus_lcAssertive": 16.24, "bus_lcCooperative": 0.44, "bus_lcLookaheadLeft": 21.51, "bus_lcPushy": 0.7, "bus_lcSublane": 0.63, "bus_max_v": 5.32, "bus_tau_mean": 2.96, "bus_tau_std": 5.34, "car_acc": 2.16, "car_dcc": 1.18, "car_lcAssertive": 77.86, "car_lcCooperative": 0.55, "car_lcLookaheadLeft": 25.6, "car_lcPushy": 0.83, "car_lcSublane": 0.23, "car_max_v": 10.4, "car_tau_mean": 3.15, "car_tau_std": 5.79}, "datetime": {"datetime": "2024-08-03 22:10:41", "elapsed": 2473.718676, "delta": 2.11599}}
{"target": -0.03830269796604638, "params": {"bus_acc": 1.15, "bus_dcc": 2.44, "bus_lcAssertive": 21.98, "bus_lcCooperative": 0.65, "bus_lcLookaheadLeft": 81.48, "bus_lcPushy": 0.36, "bus_lcSublane": 0.36, "bus_max_v": 15.13, "bus_tau_mean": 2.3, "bus_tau_std": 4.11, "car_acc": 1.1, "car_dcc": 1.83, "car_lcAssertive": 53.63, "car_lcCooperative": 0.51, "car_lcLookaheadLeft": 12.86, "car_lcPushy": 0.39, "car_lcSublane": 0.85, "car_max_v": 10.32, "car_tau_mean": 2.63, "car_tau_std": 8.95}, "datetime": {"datetime": "2024-08-03 22:10:50", "elapsed": 2483.033149, "delta": 9.314473}}
{"target": -0.04379566942667348, "params": {"bus_acc": 2.65, "bus_dcc": 1.67, "bus_lcAssertive": 81.37, "bus_lcCooperative": 0.07, "bus_lcLookaheadLeft": 21.26, "bus_lcPushy": 0.97, "bus_lcSublane": 0.13, "bus_max_v": 8.79, "bus_tau_mean": 2.2, "bus_tau_std": 8.36, "car_acc": 1.09, "car_dcc": 2.95, "car_lcAssertive": 35.88, "car_lcCooperative": 0.17, "car_lcLookaheadLeft": 12.48, "car_lcPushy": 0.29, "car_lcSublane": 0.67, "car_max_v": 16.98, "car_tau_mean": 3.05, "car_tau_std": 7.64}, "datetime": {"datetime": "2024-08-03 22:10:52", "elapsed": 2485.290419, "delta": 2.25727}}
{"target": -0.05266771979731515, "params": {"bus_acc": 1.63, "bus_dcc": 2.35, "bus_lcAssertive": 75.56, "bus_lcCooperative": 0.02, "bus_lcLookaheadLeft": 41.24, "bus_lcPushy": 0.47, "bus_lcSublane": 0.64, "bus_max_v": 19.62, "bus_tau_mean": 1.77, "bus_tau_std": 5.55, "car_acc": 1.71, "car_dcc": 3.18, "car_lcAssertive": 78.12, "car_lcCooperative": 0.06, "car_lcLookaheadLeft": 16.01, "car_lcPushy": 0.02, "car_lcSublane": 0.44, "car_max_v": 19.87, "car_tau_mean": 1.91, "car_tau_std": 2.5}, "datetime": {"datetime": "2024-08-03 22:11:01", "elapsed": 2494.279881, "delta": 8.989462}}
{"target": -0.05319130378918229, "params": {"bus_acc": 1.44, "bus_dcc": 2.47, "bus_lcAssertive": 71.06, "bus_lcCooperative": 0.84, "bus_lcLookaheadLeft": 87.13, "bus_lcPushy": 0.36, "bus_lcSublane": 0.23, "bus_max_v": 23.86, "bus_tau_mean": 1.81, "bus_tau_std": 3.55, "car_acc": 2.96, "car_dcc": 1.17, "car_lcAssertive": 68.69, "car_lcCooperative": 0.56, "car_lcLookaheadLeft": 87.92, "car_lcPushy": 0.26, "car_lcSublane": 0.54, "car_max_v": 17.82, "car_tau_mean": 3.48, "car_tau_std": 1.49}, "datetime": {"datetime": "2024-08-03 22:11:06", "elapsed": 2498.702821, "delta": 4.42294}}
{"target": -0.059133142783314024, "params": {"bus_acc": 1.96, "bus_dcc": 1.86, "bus_lcAssertive": 95.86, "bus_lcCooperative": 0.44, "bus_lcLookaheadLeft": 69.42, "bus_lcPushy": 0.77, "bus_lcSublane": 0.89, "bus_max_v": 23.82, "bus_tau_mean": 2.14, "bus_tau_std": 9.57, "car_acc": 2.11, "car_dcc": 1.67, "car_lcAssertive": 85.48, "car_lcCooperative": 0.22, "car_lcLookaheadLeft": 73.72, "car_lcPushy": 0.28, "car_lcSublane": 0.9, "car_max_v": 23.61, "car_tau_mean": 1.71, "car_tau_std": 7.58}, "datetime": {"datetime": "2024-08-03 22:11:13", "elapsed": 2505.71728, "delta": 7.014459}}
{"target": -0.052924984067690944, "params": {"bus_acc": 1.49, "bus_dcc": 3.6, "bus_lcAssertive": 83.24, "bus_lcCooperative": 0.54, "bus_lcLookaheadLeft": 3.35, "bus_lcPushy": 0.16, "bus_lcSublane": 0.58, "bus_max_v": 12.24, "bus_tau_mean": 3.09, "bus_tau_std": 1.95, "car_acc": 2.43, "car_dcc": 2.03, "car_lcAssertive": 40.92, "car_lcCooperative": 0.73, "car_lcLookaheadLeft": 51.64, "car_lcPushy": 0.82, "car_lcSublane": 0.06, "car_max_v": 5.15, "car_tau_mean": 3.18, "car_tau_std": 5.24}, "datetime": {"datetime": "2024-08-03 22:11:17", "elapsed": 2509.591012, "delta": 3.873732}}
{"target": -0.059077342491960096, "params": {"bus_acc": 1.83, "bus_dcc": 3.77, "bus_lcAssertive": 31.78, "bus_lcCooperative": 0.09, "bus_lcLookaheadLeft": 57.4, "bus_lcPushy": 0.79, "bus_lcSublane": 0.93, "bus_max_v": 8.1, "bus_tau_mean": 0.53, "bus_tau_std": 4.66, "car_acc": 1.18, "car_dcc": 2.8, "car_lcAssertive": 89.28, "car_lcCooperative": 0.19, "car_lcLookaheadLeft": 44.72, "car_lcPushy": 0.61, "car_lcSublane": 0.53, "car_max_v": 14.47, "car_tau_mean": 2.15, "car_tau_std": 4.32}, "datetime": {"datetime": "2024-08-03 22:11:20", "elapsed": 2513.321168, "delta": 3.730156}}
{"target": -0.0490923274441249, "params": {"bus_acc": 1.9, "bus_dcc": 3.89, "bus_lcAssertive": 36.0, "bus_lcCooperative": 0.74, "bus_lcLookaheadLeft": 7.52, "bus_lcPushy": 0.06, "bus_lcSublane": 0.41, "bus_max_v": 18.78, "bus_tau_mean": 3.93, "bus_tau_std": 6.8, "car_acc": 2.35, "car_dcc": 2.62, "car_lcAssertive": 34.32, "car_lcCooperative": 0.79, "car_lcLookaheadLeft": 30.86, "car_lcPushy": 0.45, "car_lcSublane": 0.77, "car_max_v": 12.73, "car_tau_mean": 2.53, "car_tau_std": 7.26}, "datetime": {"datetime": "2024-08-03 22:11:24", "elapsed": 2516.857264, "delta": 3.536096}}
{"target": -0.09815508456475926, "params": {"bus_acc": 1.21, "bus_dcc": 1.79, "bus_lcAssertive": 46.8, "bus_lcCooperative": 0.66, "bus_lcLookaheadLeft": 92.71, "bus_lcPushy": 0.3, "bus_lcSublane": 0.96, "bus_max_v": 6.27, "bus_tau_mean": 1.21, "bus_tau_std": 9.34, "car_acc": 2.73, "car_dcc": 1.7, "car_lcAssertive": 17.94, "car_lcCooperative": 0.91, "car_lcLookaheadLeft": 32.96, "car_lcPushy": 0.26, "car_lcSublane": 0.48, "car_max_v": 14.86, "car_tau_mean": 0.92, "car_tau_std": 5.1}, "datetime": {"datetime": "2024-08-03 22:11:45", "elapsed": 2537.778542, "delta": 20.921278}}
{"target": -0.051008763657164245, "params": {"bus_acc": 1.42, "bus_dcc": 1.46, "bus_lcAssertive": 53.7, "bus_lcCooperative": 0.74, "bus_lcLookaheadLeft": 10.94, "bus_lcPushy": 0.81, "bus_lcSublane": 0.71, "bus_max_v": 9.69, "bus_tau_mean": 3.27, "bus_tau_std": 5.26, "car_acc": 2.36, "car_dcc": 1.31, "car_lcAssertive": 74.58, "car_lcCooperative": 0.81, "car_lcLookaheadLeft": 17.35, "car_lcPushy": 0.24, "car_lcSublane": 0.36, "car_max_v": 18.24, "car_tau_mean": 3.41, "car_tau_std": 3.24}, "datetime": {"datetime": "2024-08-03 22:11:49", "elapsed": 2541.598026, "delta": 3.819484}}
{"target": -0.09098002130666927, "params": {"bus_acc": 2.78, "bus_dcc": 3.77, "bus_lcAssertive": 84.88, "bus_lcCooperative": 0.83, "bus_lcLookaheadLeft": 91.64, "bus_lcPushy": 0.69, "bus_lcSublane": 0.42, "bus_max_v": 5.75, "bus_tau_mean": 3.51, "bus_tau_std": 4.39, "car_acc": 2.95, "car_dcc": 3.98, "car_lcAssertive": 81.48, "car_lcCooperative": 0.71, "car_lcLookaheadLeft": 43.11, "car_lcPushy": 0.8, "car_lcSublane": 0.31, "car_max_v": 21.65, "car_tau_mean": 1.64, "car_tau_std": 9.32}, "datetime": {"datetime": "2024-08-03 22:11:58", "elapsed": 2551.130709, "delta": 9.532683}}
{"target": -0.049544130782450714, "params": {"bus_acc": 2.18, "bus_dcc": 2.14, "bus_lcAssertive": 20.64, "bus_lcCooperative": 0.56, "bus_lcLookaheadLeft": 50.49, "bus_lcPushy": 0.09, "bus_lcSublane": 0.55, "bus_max_v": 16.75, "bus_tau_mean": 2.0, "bus_tau_std": 3.73, "car_acc": 2.51, "car_dcc": 3.93, "car_lcAssertive": 39.94, "car_lcCooperative": 0.24, "car_lcLookaheadLeft": 54.89, "car_lcPushy": 0.72, "car_lcSublane": 0.09, "car_max_v": 12.3, "car_tau_mean": 2.31, "car_tau_std": 8.73}, "datetime": {"datetime": "2024-08-03 22:12:00", "elapsed": 2553.175963, "delta": 2.045254}}
{"target": -0.050738741990517706, "params": {"bus_acc": 1.94, "bus_dcc": 1.12, "bus_lcAssertive": 14.77, "bus_lcCooperative": 0.18, "bus_lcLookaheadLeft": 66.38, "bus_lcPushy": 0.47, "bus_lcSublane": 0.92, "bus_max_v": 14.55, "bus_tau_mean": 3.51, "bus_tau_std": 3.09, "car_acc": 2.13, "car_dcc": 2.82, "car_lcAssertive": 74.22, "car_lcCooperative": 0.42, "car_lcLookaheadLeft": 67.62, "car_lcPushy": 0.71, "car_lcSublane": 0.75, "car_max_v": 6.54, "car_tau_mean": 0.62, "car_tau_std": 5.66}, "datetime": {"datetime": "2024-08-03 22:12:04", "elapsed": 2557.204273, "delta": 4.02831}}
{"target": -0.06598373713078438, "params": {"bus_acc": 1.49, "bus_dcc": 3.74, "bus_lcAssertive": 81.98, "bus_lcCooperative": 0.69, "bus_lcLookaheadLeft": 86.04, "bus_lcPushy": 0.84, "bus_lcSublane": 0.16, "bus_max_v": 14.81, "bus_tau_mean": 0.77, "bus_tau_std": 9.93, "car_acc": 1.99, "car_dcc": 1.09, "car_lcAssertive": 96.92, "car_lcCooperative": 0.42, "car_lcLookaheadLeft": 2.41, "car_lcPushy": 0.96, "car_lcSublane": 0.47, "car_max_v": 8.14, "car_tau_mean": 2.7, "car_tau_std": 1.84}, "datetime": {"datetime": "2024-08-03 22:12:15", "elapsed": 2567.436145, "delta": 10.231872}}
{"target": -0.072233525892464, "params": {"bus_acc": 1.63, "bus_dcc": 2.56, "bus_lcAssertive": 59.97, "bus_lcCooperative": 0.19, "bus_lcLookaheadLeft": 90.44, "bus_lcPushy": 0.11, "bus_lcSublane": 0.24, "bus_max_v": 7.27, "bus_tau_mean": 2.21, "bus_tau_std": 8.55, "car_acc": 2.73, "car_dcc": 1.2, "car_lcAssertive": 17.17, "car_lcCooperative": 0.49, "car_lcLookaheadLeft": 5.07, "car_lcPushy": 0.03, "car_lcSublane": 0.58, "car_max_v": 20.42, "car_tau_mean": 0.64, "car_tau_std": 2.98}, "datetime": {"datetime": "2024-08-03 22:12:18", "elapsed": 2570.448193, "delta": 3.012048}}
{"target": -0.04623014626928237, "params": {"bus_acc": 1.09, "bus_dcc": 2.5, "bus_lcAssertive": 28.82, "bus_lcCooperative": 0.77, "bus_lcLookaheadLeft": 30.46, "bus_lcPushy": 0.94, "bus_lcSublane": 0.7, "bus_max_v": 20.22, "bus_tau_mean": 2.64, "bus_tau_std": 7.84, "car_acc": 2.95, "car_dcc": 3.96, "car_lcAssertive": 71.61, "car_lcCooperative": 0.59, "car_lcLookaheadLeft": 68.56, "car_lcPushy": 0.19, "car_lcSublane": 0.9, "car_max_v": 15.53, "car_tau_mean": 0.73, "car_tau_std": 9.71}, "datetime": {"datetime": "2024-08-03 22:12:30", "elapsed": 2583.374139, "delta": 12.925946}}
{"target": -0.07148076763329982, "params": {"bus_acc": 1.45, "bus_dcc": 2.97, "bus_lcAssertive": 94.81, "bus_lcCooperative": 0.34, "bus_lcLookaheadLeft": 84.4, "bus_lcPushy": 0.37, "bus_lcSublane": 0.32, "bus_max_v": 6.19, "bus_tau_mean": 2.79, "bus_tau_std": 4.1, "car_acc": 2.05, "car_dcc": 1.45, "car_lcAssertive": 94.97, "car_lcCooperative": 0.92, "car_lcLookaheadLeft": 70.96, "car_lcPushy": 0.45, "car_lcSublane": 0.13, "car_max_v": 10.42, "car_tau_mean": 1.78, "car_tau_std": 4.18}, "datetime": {"datetime": "2024-08-03 22:12:38", "elapsed": 2590.886268, "delta": 7.512129}}
{"target": -0.05675691871126646, "params": {"bus_acc": 1.99, "bus_dcc": 3.98, "bus_lcAssertive": 76.93, "bus_lcCooperative": 0.61, "bus_lcLookaheadLeft": 88.08, "bus_lcPushy": 0.23, "bus_lcSublane": 0.15, "bus_max_v": 22.29, "bus_tau_mean": 2.01, "bus_tau_std": 9.97, "car_acc": 1.74, "car_dcc": 3.48, "car_lcAssertive": 38.49, "car_lcCooperative": 0.41, "car_lcLookaheadLeft": 51.76, "car_lcPushy": 0.29, "car_lcSublane": 0.84, "car_max_v": 14.48, "car_tau_mean": 0.78, "car_tau_std": 0.65}, "datetime": {"datetime": "2024-08-03 22:12:42", "elapsed": 2595.236124, "delta": 4.349856}}
{"target": -0.038181662234770625, "params": {"bus_acc": 2.81, "bus_dcc": 1.34, "bus_lcAssertive": 69.26, "bus_lcCooperative": 0.45, "bus_lcLookaheadLeft": 32.66, "bus_lcPushy": 0.9, "bus_lcSublane": 0.23, "bus_max_v": 11.58, "bus_tau_mean": 3.75, "bus_tau_std": 5.11, "car_acc": 2.96, "car_dcc": 3.09, "car_lcAssertive": 10.27, "car_lcCooperative": 0.16, "car_lcLookaheadLeft": 29.11, "car_lcPushy": 0.69, "car_lcSublane": 0.3, "car_max_v": 7.35, "car_tau_mean": 2.3, "car_tau_std": 8.24}, "datetime": {"datetime": "2024-08-03 22:12:46", "elapsed": 2598.63347, "delta": 3.397346}}
{"target": -0.06458751683035929, "params": {"bus_acc": 1.42, "bus_dcc": 1.76, "bus_lcAssertive": 34.46, "bus_lcCooperative": 0.19, "bus_lcLookaheadLeft": 92.79, "bus_lcPushy": 0.66, "bus_lcSublane": 0.52, "bus_max_v": 8.74, "bus_tau_mean": 3.3, "bus_tau_std": 1.46, "car_acc": 2.0, "car_dcc": 1.66, "car_lcAssertive": 15.27, "car_lcCooperative": 0.41, "car_lcLookaheadLeft": 59.45, "car_lcPushy": 0.01, "car_lcSublane": 0.87, "car_max_v": 17.45, "car_tau_mean": 2.8, "car_tau_std": 0.23}, "datetime": {"datetime": "2024-08-03 22:12:52", "elapsed": 2604.411085, "delta": 5.777615}}
{"target": -0.04475956501822723, "params": {"bus_acc": 2.51, "bus_dcc": 2.91, "bus_lcAssertive": 84.02, "bus_lcCooperative": 0.45, "bus_lcLookaheadLeft": 46.19, "bus_lcPushy": 0.68, "bus_lcSublane": 0.72, "bus_max_v": 24.51, "bus_tau_mean": 2.77, "bus_tau_std": 0.44, "car_acc": 2.56, "car_dcc": 1.22, "car_lcAssertive": 97.17, "car_lcCooperative": 0.56, "car_lcLookaheadLeft": 58.24, "car_lcPushy": 0.66, "car_lcSublane": 0.02, "car_max_v": 5.25, "car_tau_mean": 3.07, "car_tau_std": 1.53}, "datetime": {"datetime": "2024-08-03 22:12:56", "elapsed": 2609.354204, "delta": 4.943119}}
{"target": -0.04585279779018764, "params": {"bus_acc": 1.39, "bus_dcc": 1.78, "bus_lcAssertive": 52.89, "bus_lcCooperative": 0.23, "bus_lcLookaheadLeft": 31.14, "bus_lcPushy": 0.17, "bus_lcSublane": 0.17, "bus_max_v": 10.75, "bus_tau_mean": 3.82, "bus_tau_std": 9.55, "car_acc": 1.29, "car_dcc": 1.58, "car_lcAssertive": 69.38, "car_lcCooperative": 0.62, "car_lcLookaheadLeft": 22.86, "car_lcPushy": 0.8, "car_lcSublane": 0.88, "car_max_v": 16.24, "car_tau_mean": 2.97, "car_tau_std": 5.24}, "datetime": {"datetime": "2024-08-03 22:13:14", "elapsed": 2627.124818, "delta": 17.770614}}
{"target": -0.05341791480132233, "params": {"bus_acc": 1.51, "bus_dcc": 2.65, "bus_lcAssertive": 40.28, "bus_lcCooperative": 0.24, "bus_lcLookaheadLeft": 91.5, "bus_lcPushy": 0.01, "bus_lcSublane": 0.46, "bus_max_v": 23.31, "bus_tau_mean": 1.55, "bus_tau_std": 3.4, "car_acc": 2.03, "car_dcc": 2.27, "car_lcAssertive": 37.51, "car_lcCooperative": 0.89, "car_lcLookaheadLeft": 35.83, "car_lcPushy": 0.59, "car_lcSublane": 0.52, "car_max_v": 6.91, "car_tau_mean": 3.38, "car_tau_std": 9.88}, "datetime": {"datetime": "2024-08-03 22:13:37", "elapsed": 2650.238455, "delta": 23.113637}}
{"target": -0.04461215182078342, "params": {"bus_acc": 2.73, "bus_dcc": 2.45, "bus_lcAssertive": 7.03, "bus_lcCooperative": 0.25, "bus_lcLookaheadLeft": 37.13, "bus_lcPushy": 0.58, "bus_lcSublane": 0.45, "bus_max_v": 24.83, "bus_tau_mean": 3.12, "bus_tau_std": 6.21, "car_acc": 2.74, "car_dcc": 1.99, "car_lcAssertive": 69.27, "car_lcCooperative": 0.52, "car_lcLookaheadLeft": 70.33, "car_lcPushy": 0.88, "car_lcSublane": 0.84, "car_max_v": 5.45, "car_tau_mean": 2.78, "car_tau_std": 1.52}, "datetime": {"datetime": "2024-08-03 22:13:47", "elapsed": 2659.691671, "delta": 9.453216}}
{"target": -0.053533688410672714, "params": {"bus_acc": 1.41, "bus_dcc": 3.98, "bus_lcAssertive": 4.96, "bus_lcCooperative": 0.67, "bus_lcLookaheadLeft": 92.98, "bus_lcPushy": 0.17, "bus_lcSublane": 0.94, "bus_max_v": 16.44, "bus_tau_mean": 2.04, "bus_tau_std": 7.26, "car_acc": 1.95, "car_dcc": 1.15, "car_lcAssertive": 69.69, "car_lcCooperative": 0.15, "car_lcLookaheadLeft": 32.93, "car_lcPushy": 0.03, "car_lcSublane": 0.53, "car_max_v": 24.07, "car_tau_mean": 2.07, "car_tau_std": 7.46}, "datetime": {"datetime": "2024-08-03 22:13:50", "elapsed": 2663.194058, "delta": 3.502387}}
{"target": -0.08062488132424199, "params": {"bus_acc": 2.92, "bus_dcc": 3.28, "bus_lcAssertive": 46.19, "bus_lcCooperative": 0.89, "bus_lcLookaheadLeft": 3.12, "bus_lcPushy": 0.16, "bus_lcSublane": 0.34, "bus_max_v": 11.18, "bus_tau_mean": 2.88, "bus_tau_std": 3.25, "car_acc": 2.54, "car_dcc": 1.98, "car_lcAssertive": 31.66, "car_lcCooperative": 0.07, "car_lcLookaheadLeft": 73.71, "car_lcPushy": 0.75, "car_lcSublane": 0.17, "car_max_v": 20.32, "car_tau_mean": 1.24, "car_tau_std": 7.08}, "datetime": {"datetime": "2024-08-03 22:13:55", "elapsed": 2667.408297, "delta": 4.214239}}
{"target": -0.056325380274539504, "params": {"bus_acc": 1.99, "bus_dcc": 3.1, "bus_lcAssertive": 9.34, "bus_lcCooperative": 0.15, "bus_lcLookaheadLeft": 49.05, "bus_lcPushy": 0.3, "bus_lcSublane": 0.41, "bus_max_v": 10.7, "bus_tau_mean": 1.6, "bus_tau_std": 4.45, "car_acc": 2.19, "car_dcc": 2.48, "car_lcAssertive": 91.1, "car_lcCooperative": 0.96, "car_lcLookaheadLeft": 70.93, "car_lcPushy": 0.29, "car_lcSublane": 0.55, "car_max_v": 19.55, "car_tau_mean": 0.58, "car_tau_std": 4.52}, "datetime": {"datetime": "2024-08-03 22:13:58", "elapsed": 2670.967388, "delta": 3.559091}}
{"target": -0.05243417255298577, "params": {"bus_acc": 1.9, "bus_dcc": 3.09, "bus_lcAssertive": 60.8, "bus_lcCooperative": 0.98, "bus_lcLookaheadLeft": 97.25, "bus_lcPushy": 0.56, "bus_lcSublane": 0.01, "bus_max_v": 19.47, "bus_tau_mean": 1.59, "bus_tau_std": 8.21, "car_acc": 2.16, "car_dcc": 2.93, "car_lcAssertive": 95.22, "car_lcCooperative": 0.13, "car_lcLookaheadLeft": 58.13, "car_lcPushy": 0.05, "car_lcSublane": 0.87, "car_max_v": 16.16, "car_tau_mean": 2.56, "car_tau_std": 6.26}, "datetime": {"datetime": "2024-08-03 22:14:02", "elapsed": 2675.372417, "delta": 4.405029}}
{"target": -0.06934525883560924, "params": {"bus_acc": 2.42, "bus_dcc": 2.54, "bus_lcAssertive": 37.74, "bus_lcCooperative": 0.3, "bus_lcLookaheadLeft": 66.42, "bus_lcPushy": 0.33, "bus_lcSublane": 0.35, "bus_max_v": 7.49, "bus_tau_mean": 1.65, "bus_tau_std": 6.3, "car_acc": 1.88, "car_dcc": 3.31, "car_lcAssertive": 41.48, "car_lcCooperative": 0.38, "car_lcLookaheadLeft": 94.43, "car_lcPushy": 0.8, "car_lcSublane": 0.69, "car_max_v": 21.76, "car_tau_mean": 1.38, "car_tau_std": 3.83}, "datetime": {"datetime": "2024-08-03 22:14:11", "elapsed": 2683.549522, "delta": 8.177105}}
{"target": -0.05346428677232071, "params": {"bus_acc": 1.46, "bus_dcc": 2.93, "bus_lcAssertive": 20.52, "bus_lcCooperative": 0.54, "bus_lcLookaheadLeft": 97.61, "bus_lcPushy": 0.42, "bus_lcSublane": 0.31, "bus_max_v": 8.67, "bus_tau_mean": 0.57, "bus_tau_std": 3.18, "car_acc": 2.3, "car_dcc": 3.37, "car_lcAssertive": 98.44, "car_lcCooperative": 0.57, "car_lcLookaheadLeft": 94.5, "car_lcPushy": 0.0, "car_lcSublane": 0.28, "car_max_v": 10.45, "car_tau_mean": 1.87, "car_tau_std": 2.33}, "datetime": {"datetime": "2024-08-03 22:14:19", "elapsed": 2691.949677, "delta": 8.400155}}
