{"target": -0.3381646512748356, "params": {"bus_acc": 1.4547, "bus_dcc": 1.1745, "bus_lcAssertive": 22.4899, "bus_lcCooperative": 0.6931, "bus_lcLookaheadLeft": 13.8243, "bus_lcPushy": 0.6251, "bus_lcSigma": 0.1036, "bus_lcSpeedGainRight": 1.604, "bus_lcSublane": 0.9378, "bus_sigma": 0.0437, "bus_tau_mean": 0.9871, "bus_tau_std": 5.0235, "bus_v_mean": 21.4769, "bus_v_std": 13.616, "car_acc": 1.111, "car_dcc": 1.3895, "car_lcAssertive": 14.3459, "car_lcCooperative": 0.6849, "car_lcLookaheadLeft": 67.4907, "car_lcPushy": 0.4128, "car_lcSigma": 0.4608, "car_lcSpeedGainRight": 2.6219, "car_lcSublane": 0.0599, "car_sigma": 0.9099, "car_tau_mean": 3.3828, "car_tau_std": 6.2118, "car_v_mean": 17.7984, "car_v_std": 1.9899}, "datetime": {"datetime": "2024-08-08 10:47:36", "elapsed": 3136.828871, "delta": 16.522306}}
{"target": -0.30140121328282904, "params": {"bus_acc": 2.3693, "bus_dcc": 2.7464, "bus_lcAssertive": 13.0416, "bus_lcCooperative": 0.7012, "bus_lcLookaheadLeft": 41.8853, "bus_lcPushy": 0.4166, "bus_lcSigma": 0.7934, "bus_lcSpeedGainRight": 0.6304, "bus_lcSublane": 0.1743, "bus_sigma": 0.8173, "bus_tau_mean": 2.4527, "bus_tau_std": 6.5513, "bus_v_mean": 11.4507, "bus_v_std": 5.8761, "car_acc": 1.9477, "car_dcc": 1.4958, "car_lcAssertive": 5.4039, "car_lcCooperative": 0.4785, "car_lcLookaheadLeft": 10.2672, "car_lcPushy": 0.3507, "car_lcSigma": 0.53, "car_lcSpeedGainRight": 3.1123, "car_lcSublane": 0.8711, "car_sigma": 0.8423, "car_tau_mean": 2.1472, "car_tau_std": 0.8211, "car_v_mean": 16.9377, "car_v_std": 1.5248}, "datetime": {"datetime": "2024-08-08 10:47:39", "elapsed": 3139.07997, "delta": 2.251099}}
{"target": -0.34681565422843286, "params": {"bus_acc": 2.6607, "bus_dcc": 3.8318, "bus_lcAssertive": 86.825, "bus_lcCooperative": 0.2718, "bus_lcLookaheadLeft": 41.3082, "bus_lcPushy": 0.6319, "bus_lcSigma": 0.5912, "bus_lcSpeedGainRight": 4.0663, "bus_lcSublane": 0.4575, "bus_sigma": 0.081, "bus_tau_mean": 1.9575, "bus_tau_std": 7.0441, "bus_v_mean": 13.2211, "bus_v_std": 17.8309, "car_acc": 1.0239, "car_dcc": 2.8535, "car_lcAssertive": 2.4098, "car_lcCooperative": 0.045, "car_lcLookaheadLeft": 36.1949, "car_lcPushy": 0.4403, "car_lcSigma": 0.1936, "car_lcSpeedGainRight": 0.2848, "car_lcSublane": 0.6831, "car_sigma": 0.3568, "car_tau_mean": 3.6129, "car_tau_std": 7.3311, "car_v_mean": 15.9501, "car_v_std": 8.4742}, "datetime": {"datetime": "2024-08-08 10:47:40", "elapsed": 3140.886215, "delta": 1.806245}}
{"target": -0.34057322681091295, "params": {"bus_acc": 2.6591, "bus_dcc": 3.4827, "bus_lcAssertive": 85.3795, "bus_lcCooperative": 0.9508, "bus_lcLookaheadLeft": 3.5975, "bus_lcPushy": 0.9557, "bus_lcSigma": 0.2561, "bus_lcSpeedGainRight": 1.9949, "bus_lcSublane": 0.2132, "bus_sigma": 0.994, "bus_tau_mean": 0.6431, "bus_tau_std": 4.1525, "bus_v_mean": 10.4917, "bus_v_std": 6.3631, "car_acc": 2.1709, "car_dcc": 2.1496, "car_lcAssertive": 36.0314, "car_lcCooperative": 0.6326, "car_lcLookaheadLeft": 47.8415, "car_lcPushy": 0.5089, "car_lcSigma": 0.4062, "car_lcSpeedGainRight": 4.2452, "car_lcSublane": 0.093, "car_sigma": 0.0807, "car_tau_mean": 1.8808, "car_tau_std": 4.2938, "car_v_mean": 23.094, "car_v_std": 14.7348}, "datetime": {"datetime": "2024-08-08 10:47:48", "elapsed": 3148.418406, "delta": 7.532191}}
{"target": -0.35626435558507363, "params": {"bus_acc": 1.9165, "bus_dcc": 1.6734, "bus_lcAssertive": 52.0543, "bus_lcCooperative": 0.0832, "bus_lcLookaheadLeft": 85.8258, "bus_lcPushy": 0.3114, "bus_lcSigma": 0.2505, "bus_lcSpeedGainRight": 0.853, "bus_lcSublane": 0.6992, "bus_sigma": 0.7857, "bus_tau_mean": 2.0486, "bus_tau_std": 7.0458, "bus_v_mean": 13.472, "bus_v_std": 8.0831, "car_acc": 2.8871, "car_dcc": 3.5447, "car_lcAssertive": 72.2188, "car_lcCooperative": 0.2904, "car_lcLookaheadLeft": 59.6782, "car_lcPushy": 0.7042, "car_lcSigma": 0.5614, "car_lcSpeedGainRight": 0.7264, "car_lcSublane": 0.7037, "car_sigma": 0.6401, "car_tau_mean": 1.5429, "car_tau_std": 8.7612, "car_v_mean": 17.5677, "car_v_std": 12.1371}, "datetime": {"datetime": "2024-08-08 10:47:52", "elapsed": 3152.01434, "delta": 3.595934}}
{"target": -0.3681047840427406, "params": {"bus_acc": 2.0687, "bus_dcc": 1.6934, "bus_lcAssertive": 58.1442, "bus_lcCooperative": 0.1934, "bus_lcLookaheadLeft": 95.2434, "bus_lcPushy": 0.3332, "bus_lcSigma": 0.0413, "bus_lcSpeedGainRight": 3.2596, "bus_lcSublane": 0.7331, "bus_sigma": 0.9765, "bus_tau_mean": 0.906, "bus_tau_std": 1.8875, "bus_v_mean": 10.1106, "bus_v_std": 15.3764, "car_acc": 2.91, "car_dcc": 3.3675, "car_lcAssertive": 20.42, "car_lcCooperative": 0.9928, "car_lcLookaheadLeft": 82.3992, "car_lcPushy": 0.0226, "car_lcSigma": 0.6526, "car_lcSpeedGainRight": 1.5442, "car_lcSublane": 0.2148, "car_sigma": 0.6398, "car_tau_mean": 1.0237, "car_tau_std": 7.7221, "car_v_mean": 8.7766, "car_v_std": 6.2218}, "datetime": {"datetime": "2024-08-08 10:48:11", "elapsed": 3171.331524, "delta": 19.317184}}
{"target": -0.3554602689076316, "params": {"bus_acc": 1.1687, "bus_dcc": 1.1385, "bus_lcAssertive": 83.568, "bus_lcCooperative": 0.5978, "bus_lcLookaheadLeft": 33.9086, "bus_lcPushy": 0.5867, "bus_lcSigma": 0.8924, "bus_lcSpeedGainRight": 4.3021, "bus_lcSublane": 0.4768, "bus_sigma": 0.378, "bus_tau_mean": 3.6515, "bus_tau_std": 2.6338, "bus_v_mean": 23.4054, "bus_v_std": 3.5023, "car_acc": 2.6852, "car_dcc": 3.1619, "car_lcAssertive": 15.2254, "car_lcCooperative": 0.5551, "car_lcLookaheadLeft": 11.7764, "car_lcPushy": 0.1614, "car_lcSigma": 0.1224, "car_lcSpeedGainRight": 1.1415, "car_lcSublane": 0.0272, "car_sigma": 0.8774, "car_tau_mean": 3.7462, "car_tau_std": 1.6561, "car_v_mean": 15.0372, "car_v_std": 7.9454}, "datetime": {"datetime": "2024-08-08 10:48:15", "elapsed": 3175.251784, "delta": 3.92026}}
{"target": -0.37569414331272055, "params": {"bus_acc": 1.8587, "bus_dcc": 2.3671, "bus_lcAssertive": 86.6008, "bus_lcCooperative": 0.7554, "bus_lcLookaheadLeft": 22.4726, "bus_lcPushy": 0.7768, "bus_lcSigma": 0.5257, "bus_lcSpeedGainRight": 4.3362, "bus_lcSublane": 0.5539, "bus_sigma": 0.0184, "bus_tau_mean": 0.7835, "bus_tau_std": 1.2105, "bus_v_mean": 12.8679, "bus_v_std": 0.8122, "car_acc": 1.8674, "car_dcc": 3.762, "car_lcAssertive": 55.5789, "car_lcCooperative": 0.6142, "car_lcLookaheadLeft": 38.4619, "car_lcPushy": 0.3091, "car_lcSigma": 0.8825, "car_lcSpeedGainRight": 4.5861, "car_lcSublane": 0.8071, "car_sigma": 0.9378, "car_tau_mean": 3.6151, "car_tau_std": 1.4175, "car_v_mean": 17.2704, "car_v_std": 11.9035}, "datetime": {"datetime": "2024-08-08 10:48:18", "elapsed": 3178.75845, "delta": 3.506666}}
{"target": -0.36407828278094007, "params": {"bus_acc": 2.3002, "bus_dcc": 3.7669, "bus_lcAssertive": 1.9908, "bus_lcCooperative": 0.5703, "bus_lcLookaheadLeft": 87.0906, "bus_lcPushy": 0.3083, "bus_lcSigma": 0.9592, "bus_lcSpeedGainRight": 4.1819, "bus_lcSublane": 0.9465, "bus_sigma": 0.0527, "bus_tau_mean": 2.5824, "bus_tau_std": 4.8467, "bus_v_mean": 17.568, "bus_v_std": 11.5441, "car_acc": 2.8896, "car_dcc": 1.3722, "car_lcAssertive": 69.4906, "car_lcCooperative": 0.1168, "car_lcLookaheadLeft": 6.8323, "car_lcPushy": 0.4915, "car_lcSigma": 0.3332, "car_lcSpeedGainRight": 4.627, "car_lcSublane": 0.6895, "car_sigma": 0.192, "car_tau_mean": 1.2056, "car_tau_std": 6.9624, "car_v_mean": 22.7216, "car_v_std": 5.6241}, "datetime": {"datetime": "2024-08-08 10:48:25", "elapsed": 3185.477161, "delta": 6.718711}}
{"target": -0.3537617319323747, "params": {"bus_acc": 1.102, "bus_dcc": 2.3087, "bus_lcAssertive": 87.4269, "bus_lcCooperative": 0.1511, "bus_lcLookaheadLeft": 99.756, "bus_lcPushy": 0.7107, "bus_lcSigma": 0.6118, "bus_lcSpeedGainRight": 4.6034, "bus_lcSublane": 0.4814, "bus_sigma": 0.7503, "bus_tau_mean": 0.5684, "bus_tau_std": 5.392, "bus_v_mean": 22.6127, "bus_v_std": 12.567, "car_acc": 1.2458, "car_dcc": 1.4498, "car_lcAssertive": 41.9955, "car_lcCooperative": 0.7343, "car_lcLookaheadLeft": 76.0278, "car_lcPushy": 0.3569, "car_lcSigma": 0.4176, "car_lcSpeedGainRight": 1.1038, "car_lcSublane": 0.4949, "car_sigma": 0.1046, "car_tau_mean": 3.4865, "car_tau_std": 8.4735, "car_v_mean": 17.7002, "car_v_std": 16.5946}, "datetime": {"datetime": "2024-08-08 10:48:27", "elapsed": 3187.652394, "delta": 2.175233}}
{"target": -0.33727563806734306, "params": {"bus_acc": 2.865, "bus_dcc": 1.5078, "bus_lcAssertive": 33.0094, "bus_lcCooperative": 0.8623, "bus_lcLookaheadLeft": 59.174, "bus_lcPushy": 0.1931, "bus_lcSigma": 0.9154, "bus_lcSpeedGainRight": 3.8271, "bus_lcSublane": 0.1554, "bus_sigma": 0.4932, "bus_tau_mean": 3.0451, "bus_tau_std": 7.8564, "bus_v_mean": 9.0078, "bus_v_std": 8.0001, "car_acc": 1.0861, "car_dcc": 1.823, "car_lcAssertive": 36.4652, "car_lcCooperative": 0.6362, "car_lcLookaheadLeft": 96.8009, "car_lcPushy": 0.7709, "car_lcSigma": 0.7204, "car_lcSpeedGainRight": 4.7001, "car_lcSublane": 0.0374, "car_sigma": 0.9621, "car_tau_mean": 3.8033, "car_tau_std": 5.1161, "car_v_mean": 9.3132, "car_v_std": 17.394}, "datetime": {"datetime": "2024-08-08 10:48:30", "elapsed": 3190.748052, "delta": 3.095658}}
{"target": -0.3460173535616025, "params": {"bus_acc": 1.6991, "bus_dcc": 3.3068, "bus_lcAssertive": 12.9861, "bus_lcCooperative": 0.2214, "bus_lcLookaheadLeft": 25.5103, "bus_lcPushy": 0.4667, "bus_lcSigma": 0.1974, "bus_lcSpeedGainRight": 3.9939, "bus_lcSublane": 0.8406, "bus_sigma": 0.8059, "bus_tau_mean": 1.583, "bus_tau_std": 5.4759, "bus_v_mean": 8.8835, "bus_v_std": 16.1857, "car_acc": 1.4327, "car_dcc": 1.9949, "car_lcAssertive": 53.9577, "car_lcCooperative": 0.8454, "car_lcLookaheadLeft": 87.9848, "car_lcPushy": 0.1294, "car_lcSigma": 0.0596, "car_lcSpeedGainRight": 1.6239, "car_lcSublane": 0.3243, "car_sigma": 0.8103, "car_tau_mean": 3.6684, "car_tau_std": 6.5795, "car_v_mean": 23.2385, "car_v_std": 19.9294}, "datetime": {"datetime": "2024-08-08 10:48:38", "elapsed": 3198.50169, "delta": 7.753638}}
{"target": -0.35433478100644705, "params": {"bus_acc": 1.9057, "bus_dcc": 1.2066, "bus_lcAssertive": 66.9277, "bus_lcCooperative": 0.8597, "bus_lcLookaheadLeft": 12.0021, "bus_lcPushy": 0.7152, "bus_lcSigma": 0.546, "bus_lcSpeedGainRight": 4.4418, "bus_lcSublane": 0.4468, "bus_sigma": 0.1949, "bus_tau_mean": 2.6164, "bus_tau_std": 2.7072, "bus_v_mean": 8.9064, "bus_v_std": 9.1417, "car_acc": 1.7265, "car_dcc": 1.5492, "car_lcAssertive": 87.1079, "car_lcCooperative": 0.7054, "car_lcLookaheadLeft": 4.4872, "car_lcPushy": 0.869, "car_lcSigma": 0.9994, "car_lcSpeedGainRight": 4.3212, "car_lcSublane": 0.7347, "car_sigma": 0.8544, "car_tau_mean": 3.7148, "car_tau_std": 1.6547, "car_v_mean": 10.1309, "car_v_std": 16.2747}, "datetime": {"datetime": "2024-08-08 10:48:45", "elapsed": 3205.37382, "delta": 6.87213}}
{"target": -0.3152025166374475, "params": {"bus_acc": 1.0973, "bus_dcc": 3.3955, "bus_lcAssertive": 48.1298, "bus_lcCooperative": 0.8505, "bus_lcLookaheadLeft": 10.5461, "bus_lcPushy": 0.4934, "bus_lcSigma": 0.2469, "bus_lcSpeedGainRight": 3.2483, "bus_lcSublane": 0.9265, "bus_sigma": 0.3053, "bus_tau_mean": 1.8455, "bus_tau_std": 9.0622, "bus_v_mean": 16.2296, "bus_v_std": 0.5079, "car_acc": 2.9109, "car_dcc": 1.1519, "car_lcAssertive": 37.5542, "car_lcCooperative": 0.6927, "car_lcLookaheadLeft": 8.8105, "car_lcPushy": 0.2022, "car_lcSigma": 0.6409, "car_lcSpeedGainRight": 4.0462, "car_lcSublane": 0.8755, "car_sigma": 0.0194, "car_tau_mean": 3.7781, "car_tau_std": 5.9293, "car_v_mean": 9.4735, "car_v_std": 7.0094}, "datetime": {"datetime": "2024-08-08 10:48:51", "elapsed": 3211.005881, "delta": 5.632061}}
{"target": -0.35781076562162545, "params": {"bus_acc": 2.4754, "bus_dcc": 2.821, "bus_lcAssertive": 11.151, "bus_lcCooperative": 0.0926, "bus_lcLookaheadLeft": 96.6072, "bus_lcPushy": 0.8646, "bus_lcSigma": 0.0171, "bus_lcSpeedGainRight": 2.2657, "bus_lcSublane": 0.437, "bus_sigma": 0.2699, "bus_tau_mean": 0.7178, "bus_tau_std": 6.1214, "bus_v_mean": 14.2405, "bus_v_std": 8.825, "car_acc": 2.2358, "car_dcc": 3.9957, "car_lcAssertive": 40.4314, "car_lcCooperative": 0.7934, "car_lcLookaheadLeft": 85.2022, "car_lcPushy": 0.6382, "car_lcSigma": 0.3037, "car_lcSpeedGainRight": 1.7576, "car_lcSublane": 0.3481, "car_sigma": 0.4624, "car_tau_mean": 0.5219, "car_tau_std": 6.6953, "car_v_mean": 11.6555, "car_v_std": 19.0604}, "datetime": {"datetime": "2024-08-08 10:48:59", "elapsed": 3219.858455, "delta": 8.852574}}
{"target": -0.36528188030557135, "params": {"bus_acc": 2.0563, "bus_dcc": 2.6739, "bus_lcAssertive": 12.3605, "bus_lcCooperative": 0.4874, "bus_lcLookaheadLeft": 45.7928, "bus_lcPushy": 0.0338, "bus_lcSigma": 0.3438, "bus_lcSpeedGainRight": 3.8506, "bus_lcSublane": 0.8423, "bus_sigma": 0.0856, "bus_tau_mean": 2.0509, "bus_tau_std": 9.3127, "bus_v_mean": 14.6433, "bus_v_std": 8.763, "car_acc": 1.342, "car_dcc": 3.626, "car_lcAssertive": 22.4074, "car_lcCooperative": 0.8445, "car_lcLookaheadLeft": 17.4013, "car_lcPushy": 0.7643, "car_lcSigma": 0.2989, "car_lcSpeedGainRight": 1.4538, "car_lcSublane": 0.1668, "car_sigma": 0.0551, "car_tau_mean": 2.6903, "car_tau_std": 2.6922, "car_v_mean": 22.6181, "car_v_std": 1.573}, "datetime": {"datetime": "2024-08-08 10:49:02", "elapsed": 3222.957091, "delta": 3.098636}}
{"target": -0.33894819850835867, "params": {"bus_acc": 1.5619, "bus_dcc": 1.7309, "bus_lcAssertive": 87.215, "bus_lcCooperative": 0.395, "bus_lcLookaheadLeft": 22.0822, "bus_lcPushy": 0.8149, "bus_lcSigma": 0.6759, "bus_lcSpeedGainRight": 4.807, "bus_lcSublane": 0.0235, "bus_sigma": 0.4278, "bus_tau_mean": 2.5914, "bus_tau_std": 0.0422, "bus_v_mean": 14.0815, "bus_v_std": 4.5573, "car_acc": 2.0009, "car_dcc": 2.0474, "car_lcAssertive": 69.8633, "car_lcCooperative": 0.2338, "car_lcLookaheadLeft": 97.0995, "car_lcPushy": 0.0301, "car_lcSigma": 0.5119, "car_lcSpeedGainRight": 2.5471, "car_lcSublane": 0.4683, "car_sigma": 0.0171, "car_tau_mean": 3.5, "car_tau_std": 4.4097, "car_v_mean": 12.6138, "car_v_std": 15.6185}, "datetime": {"datetime": "2024-08-08 10:49:07", "elapsed": 3227.878221, "delta": 4.92113}}
{"target": -0.4460213001401203, "params": {"bus_acc": 2.4909, "bus_dcc": 2.8583, "bus_lcAssertive": 41.6104, "bus_lcCooperative": 0.4735, "bus_lcLookaheadLeft": 11.3521, "bus_lcPushy": 0.1605, "bus_lcSigma": 0.1716, "bus_lcSpeedGainRight": 1.7581, "bus_lcSublane": 0.0074, "bus_sigma": 0.632, "bus_tau_mean": 3.2523, "bus_tau_std": 1.476, "bus_v_mean": 12.2467, "bus_v_std": 13.851, "car_acc": 1.2865, "car_dcc": 1.5669, "car_lcAssertive": 70.8126, "car_lcCooperative": 0.5777, "car_lcLookaheadLeft": 8.8363, "car_lcPushy": 0.1291, "car_lcSigma": 0.5042, "car_lcSpeedGainRight": 1.0849, "car_lcSublane": 0.2618, "car_sigma": 0.7594, "car_tau_mean": 2.4536, "car_tau_std": 3.4313, "car_v_mean": 21.4823, "car_v_std": 3.62}, "datetime": {"datetime": "2024-08-08 10:49:10", "elapsed": 3230.554056, "delta": 2.675835}}
{"target": -0.38579792192948614, "params": {"bus_acc": 1.8842, "bus_dcc": 1.4896, "bus_lcAssertive": 60.6899, "bus_lcCooperative": 0.7957, "bus_lcLookaheadLeft": 73.8347, "bus_lcPushy": 0.5334, "bus_lcSigma": 0.4924, "bus_lcSpeedGainRight": 2.8984, "bus_lcSublane": 0.9503, "bus_sigma": 0.0315, "bus_tau_mean": 2.4032, "bus_tau_std": 8.357, "bus_v_mean": 16.2425, "bus_v_std": 10.2963, "car_acc": 1.0966, "car_dcc": 2.5958, "car_lcAssertive": 21.1822, "car_lcCooperative": 0.1477, "car_lcLookaheadLeft": 93.0008, "car_lcPushy": 0.4593, "car_lcSigma": 0.9322, "car_lcSpeedGainRight": 2.8141, "car_lcSublane": 0.1962, "car_sigma": 0.9753, "car_tau_mean": 3.8865, "car_tau_std": 6.5848, "car_v_mean": 15.3349, "car_v_std": 13.9402}, "datetime": {"datetime": "2024-08-08 10:49:15", "elapsed": 3235.245344, "delta": 4.691288}}
{"target": -0.3692516292315834, "params": {"bus_acc": 1.7448, "bus_dcc": 1.21, "bus_lcAssertive": 87.7221, "bus_lcCooperative": 0.3138, "bus_lcLookaheadLeft": 33.7026, "bus_lcPushy": 0.232, "bus_lcSigma": 0.5337, "bus_lcSpeedGainRight": 3.9329, "bus_lcSublane": 0.5555, "bus_sigma": 0.933, "bus_tau_mean": 2.293, "bus_tau_std": 1.5714, "bus_v_mean": 15.5727, "bus_v_std": 9.8997, "car_acc": 1.7038, "car_dcc": 2.6634, "car_lcAssertive": 11.4128, "car_lcCooperative": 0.4112, "car_lcLookaheadLeft": 71.2158, "car_lcPushy": 0.1844, "car_lcSigma": 0.9905, "car_lcSpeedGainRight": 2.4707, "car_lcSublane": 0.0109, "car_sigma": 0.5682, "car_tau_mean": 2.7048, "car_tau_std": 0.5386, "car_v_mean": 13.3758, "car_v_std": 8.3456}, "datetime": {"datetime": "2024-08-08 10:49:20", "elapsed": 3240.149735, "delta": 4.904391}}
{"target": -0.38173638787951575, "params": {"bus_acc": 1.7379, "bus_dcc": 3.4211, "bus_lcAssertive": 4.5038, "bus_lcCooperative": 0.4737, "bus_lcLookaheadLeft": 61.4419, "bus_lcPushy": 0.2755, "bus_lcSigma": 0.507, "bus_lcSpeedGainRight": 3.4505, "bus_lcSublane": 0.7913, "bus_sigma": 0.8012, "bus_tau_mean": 2.612, "bus_tau_std": 4.7938, "bus_v_mean": 18.8249, "bus_v_std": 15.1569, "car_acc": 2.9388, "car_dcc": 3.4202, "car_lcAssertive": 80.9804, "car_lcCooperative": 0.1366, "car_lcLookaheadLeft": 24.1165, "car_lcPushy": 0.5987, "car_lcSigma": 0.8264, "car_lcSpeedGainRight": 2.1449, "car_lcSublane": 0.3028, "car_sigma": 0.2432, "car_tau_mean": 2.2596, "car_tau_std": 6.6657, "car_v_mean": 14.67, "car_v_std": 3.8927}, "datetime": {"datetime": "2024-08-08 10:49:22", "elapsed": 3242.444893, "delta": 2.295158}}
{"target": -0.3703383839902419, "params": {"bus_acc": 1.7084, "bus_dcc": 2.9856, "bus_lcAssertive": 23.8554, "bus_lcCooperative": 0.8626, "bus_lcLookaheadLeft": 65.6698, "bus_lcPushy": 0.704, "bus_lcSigma": 0.1973, "bus_lcSpeedGainRight": 1.2563, "bus_lcSublane": 0.8675, "bus_sigma": 0.8866, "bus_tau_mean": 3.8093, "bus_tau_std": 7.3556, "bus_v_mean": 21.5186, "bus_v_std": 6.2475, "car_acc": 2.7383, "car_dcc": 1.6996, "car_lcAssertive": 45.1111, "car_lcCooperative": 0.3305, "car_lcLookaheadLeft": 49.0796, "car_lcPushy": 0.3533, "car_lcSigma": 0.8237, "car_lcSpeedGainRight": 3.6043, "car_lcSublane": 0.3531, "car_sigma": 0.4359, "car_tau_mean": 3.3208, "car_tau_std": 7.6501, "car_v_mean": 15.2291, "car_v_std": 11.6285}, "datetime": {"datetime": "2024-08-08 10:49:33", "elapsed": 3253.977062, "delta": 11.532169}}
{"target": -0.35490447936103764, "params": {"bus_acc": 1.8537, "bus_dcc": 2.3121, "bus_lcAssertive": 38.6415, "bus_lcCooperative": 0.4456, "bus_lcLookaheadLeft": 77.0328, "bus_lcPushy": 0.187, "bus_lcSigma": 0.9917, "bus_lcSpeedGainRight": 3.8835, "bus_lcSublane": 0.4113, "bus_sigma": 0.7296, "bus_tau_mean": 1.3324, "bus_tau_std": 0.666, "bus_v_mean": 13.7267, "bus_v_std": 15.3832, "car_acc": 2.0805, "car_dcc": 1.3475, "car_lcAssertive": 59.9837, "car_lcCooperative": 0.5023, "car_lcLookaheadLeft": 51.3606, "car_lcPushy": 0.4858, "car_lcSigma": 0.7737, "car_lcSpeedGainRight": 1.5646, "car_lcSublane": 0.2173, "car_sigma": 0.8797, "car_tau_mean": 2.6683, "car_tau_std": 9.6419, "car_v_mean": 16.3961, "car_v_std": 0.0477}, "datetime": {"datetime": "2024-08-08 10:49:57", "elapsed": 3277.910241, "delta": 23.933179}}
{"target": -0.3515314025024125, "params": {"bus_acc": 2.2172, "bus_dcc": 2.42, "bus_lcAssertive": 77.7439, "bus_lcCooperative": 0.4803, "bus_lcLookaheadLeft": 91.7607, "bus_lcPushy": 0.6541, "bus_lcSigma": 0.6932, "bus_lcSpeedGainRight": 3.4587, "bus_lcSublane": 0.1286, "bus_sigma": 0.7706, "bus_tau_mean": 0.9632, "bus_tau_std": 3.4855, "bus_v_mean": 14.9183, "bus_v_std": 6.1619, "car_acc": 2.565, "car_dcc": 2.8972, "car_lcAssertive": 47.8539, "car_lcCooperative": 0.8569, "car_lcLookaheadLeft": 71.6877, "car_lcPushy": 0.3681, "car_lcSigma": 0.5361, "car_lcSpeedGainRight": 3.2918, "car_lcSublane": 0.0584, "car_sigma": 0.4934, "car_tau_mean": 3.2273, "car_tau_std": 0.4174, "car_v_mean": 11.8862, "car_v_std": 16.9208}, "datetime": {"datetime": "2024-08-08 10:50:11", "elapsed": 3291.715849, "delta": 13.805608}}
{"target": -0.31316652190220584, "params": {"bus_acc": 2.6554, "bus_dcc": 3.0845, "bus_lcAssertive": 36.0321, "bus_lcCooperative": 0.2633, "bus_lcLookaheadLeft": 49.8122, "bus_lcPushy": 0.0817, "bus_lcSigma": 0.3286, "bus_lcSpeedGainRight": 3.5967, "bus_lcSublane": 0.5333, "bus_sigma": 0.6035, "bus_tau_mean": 2.7344, "bus_tau_std": 8.0114, "bus_v_mean": 13.5521, "bus_v_std": 9.5252, "car_acc": 2.8865, "car_dcc": 2.5464, "car_lcAssertive": 63.0441, "car_lcCooperative": 0.9892, "car_lcLookaheadLeft": 37.6576, "car_lcPushy": 0.3037, "car_lcSigma": 0.6582, "car_lcSpeedGainRight": 1.543, "car_lcSublane": 0.593, "car_sigma": 0.6537, "car_tau_mean": 2.4785, "car_tau_std": 0.4891, "car_v_mean": 23.5676, "car_v_std": 15.6386}, "datetime": {"datetime": "2024-08-08 10:50:23", "elapsed": 3303.891394, "delta": 12.175545}}
{"target": -0.33829287406707337, "params": {"bus_acc": 2.4087, "bus_dcc": 3.7499, "bus_lcAssertive": 26.2788, "bus_lcCooperative": 0.3234, "bus_lcLookaheadLeft": 90.632, "bus_lcPushy": 0.538, "bus_lcSigma": 0.8259, "bus_lcSpeedGainRight": 3.4666, "bus_lcSublane": 0.5354, "bus_sigma": 0.5624, "bus_tau_mean": 2.4223, "bus_tau_std": 6.0952, "bus_v_mean": 9.3612, "bus_v_std": 9.4636, "car_acc": 1.5957, "car_dcc": 2.5987, "car_lcAssertive": 82.2684, "car_lcCooperative": 0.6911, "car_lcLookaheadLeft": 33.3205, "car_lcPushy": 0.7208, "car_lcSigma": 0.4133, "car_lcSpeedGainRight": 1.8296, "car_lcSublane": 0.7742, "car_sigma": 0.7591, "car_tau_mean": 2.934, "car_tau_std": 5.1543, "car_v_mean": 10.3048, "car_v_std": 4.5921}, "datetime": {"datetime": "2024-08-08 10:50:37", "elapsed": 3317.98403, "delta": 14.092636}}
