{"target": -0.06579611749001799, "params": {"bus_acc": 1.3586, "bus_dcc": 2.697, "bus_lcAssertive": 99.8477, "bus_lcCooperative": 0.2336, "bus_lcLookaheadLeft": 94.8574, "bus_lcPushy": 0.7194, "bus_lcSublane": 0.5607, "bus_tau_mean": 1.6226, "bus_tau_std": 6.471, "bus_v_mean": 18.0108, "bus_v_std": 1.978, "car_acc": 1.2791, "car_dcc": 2.0157, "car_lcAssertive": 30.1683, "car_lcCooperative": 0.1392, "car_lcLookaheadLeft": 52.7055, "car_lcPushy": 0.372, "car_lcSublane": 0.6927, "car_tau_mean": 2.4155, "car_tau_std": 4.6268, "car_v_mean": 20.6437, "car_v_std": 2.1985}, "datetime": {"datetime": "2024-08-05 18:38:33", "elapsed": 964.769301, "delta": 5.117997}}
{"target": -0.05906307039213293, "params": {"bus_acc": 1.1004, "bus_dcc": 3.8898, "bus_lcAssertive": 28.2294, "bus_lcCooperative": 0.6904, "bus_lcLookaheadLeft": 80.6782, "bus_lcPushy": 0.794, "bus_lcSublane": 0.1623, "bus_tau_mean": 3.5781, "bus_tau_std": 4.8809, "bus_v_mean": 23.3047, "bus_v_std": 5.3973, "car_acc": 1.5917, "car_dcc": 2.9967, "car_lcAssertive": 20.7906, "car_lcCooperative": 0.2444, "car_lcLookaheadLeft": 4.689, "car_lcPushy": 0.6766, "car_lcSublane": 0.0859, "car_tau_mean": 0.9738, "car_tau_std": 3.5216, "car_v_mean": 8.6957, "car_v_std": 7.8189}, "datetime": {"datetime": "2024-08-05 18:38:34", "elapsed": 966.674627, "delta": 1.905326}}
{"target": -0.043675465169501854, "params": {"bus_acc": 2.538, "bus_dcc": 2.6105, "bus_lcAssertive": 4.9486, "bus_lcCooperative": 0.1372, "bus_lcLookaheadLeft": 20.9572, "bus_lcPushy": 0.3381, "bus_lcSublane": 0.0547, "bus_tau_mean": 2.6203, "bus_tau_std": 5.123, "bus_v_mean": 17.8818, "bus_v_std": 4.326, "car_acc": 2.6978, "car_dcc": 2.3646, "car_lcAssertive": 2.5274, "car_lcCooperative": 0.8755, "car_lcLookaheadLeft": 66.3102, "car_lcPushy": 0.8254, "car_lcSublane": 0.9537, "car_tau_mean": 0.6806, "car_tau_std": 2.3531, "car_v_mean": 9.0159, "car_v_std": 4.219}, "datetime": {"datetime": "2024-08-05 18:38:37", "elapsed": 969.125715, "delta": 2.451088}}
{"target": -0.06018545063613806, "params": {"bus_acc": 2.6699, "bus_dcc": 2.9052, "bus_lcAssertive": 79.5458, "bus_lcCooperative": 0.9146, "bus_lcLookaheadLeft": 37.7302, "bus_lcPushy": 0.6965, "bus_lcSublane": 0.6144, "bus_tau_mean": 1.0148, "bus_tau_std": 7.5894, "bus_v_mean": 22.2579, "bus_v_std": 6.1491, "car_acc": 1.926, "car_dcc": 3.8156, "car_lcAssertive": 96.7359, "car_lcCooperative": 0.1298, "car_lcLookaheadLeft": 67.5308, "car_lcPushy": 0.456, "car_lcSublane": 0.5523, "car_tau_mean": 1.1136, "car_tau_std": 5.1124, "car_v_mean": 14.9149, "car_v_std": 0.2022}, "datetime": {"datetime": "2024-08-05 18:38:39", "elapsed": 970.912667, "delta": 1.786952}}
{"target": -0.03483662910577781, "params": {"bus_acc": 2.9319, "bus_dcc": 2.4844, "bus_lcAssertive": 9.3966, "bus_lcCooperative": 0.2594, "bus_lcLookaheadLeft": 17.8307, "bus_lcPushy": 0.4696, "bus_lcSublane": 0.4751, "bus_tau_mean": 3.0934, "bus_tau_std": 3.1444, "bus_v_mean": 11.0915, "bus_v_std": 4.9897, "car_acc": 2.414, "car_dcc": 3.4586, "car_lcAssertive": 1.0021, "car_lcCooperative": 0.9601, "car_lcLookaheadLeft": 62.2985, "car_lcPushy": 0.5264, "car_lcSublane": 0.9979, "car_tau_mean": 2.8764, "car_tau_std": 1.8429, "car_v_mean": 8.0021, "car_v_std": 5.4632}, "datetime": {"datetime": "2024-08-05 18:38:41", "elapsed": 973.18257, "delta": 2.269903}}
{"target": -0.0700855597722019, "params": {"bus_acc": 2.8351, "bus_dcc": 2.744, "bus_lcAssertive": 53.3794, "bus_lcCooperative": 0.8576, "bus_lcLookaheadLeft": 53.1167, "bus_lcPushy": 0.4906, "bus_lcSublane": 0.9815, "bus_tau_mean": 2.4542, "bus_tau_std": 4.2204, "bus_v_mean": 13.3581, "bus_v_std": 6.374, "car_acc": 2.709, "car_dcc": 1.7595, "car_lcAssertive": 54.916, "car_lcCooperative": 0.7532, "car_lcLookaheadLeft": 51.4817, "car_lcPushy": 0.9119, "car_lcSublane": 0.7569, "car_tau_mean": 1.372, "car_tau_std": 6.5121, "car_v_mean": 13.996, "car_v_std": 0.0854}, "datetime": {"datetime": "2024-08-05 18:38:44", "elapsed": 976.273323, "delta": 3.090753}}
{"target": -0.06797068972367645, "params": {"bus_acc": 1.6769, "bus_dcc": 2.434, "bus_lcAssertive": 67.1783, "bus_lcCooperative": 0.4741, "bus_lcLookaheadLeft": 13.7614, "bus_lcPushy": 0.4674, "bus_lcSublane": 0.9536, "bus_tau_mean": 3.9888, "bus_tau_std": 7.9581, "bus_v_mean": 14.4474, "bus_v_std": 7.9006, "car_acc": 2.7706, "car_dcc": 1.4716, "car_lcAssertive": 56.3735, "car_lcCooperative": 0.2712, "car_lcLookaheadLeft": 86.4502, "car_lcPushy": 0.3805, "car_lcSublane": 0.4005, "car_tau_mean": 3.0468, "car_tau_std": 4.3885, "car_v_mean": 21.2165, "car_v_std": 4.0659}, "datetime": {"datetime": "2024-08-05 18:38:47", "elapsed": 979.237839, "delta": 2.964516}}
{"target": -0.0608420032251687, "params": {"bus_acc": 1.1106, "bus_dcc": 3.2405, "bus_lcAssertive": 73.3822, "bus_lcCooperative": 0.4254, "bus_lcLookaheadLeft": 5.4717, "bus_lcPushy": 0.5994, "bus_lcSublane": 0.6905, "bus_tau_mean": 1.345, "bus_tau_std": 3.5976, "bus_v_mean": 14.9645, "bus_v_std": 0.5207, "car_acc": 1.8828, "car_dcc": 2.8247, "car_lcAssertive": 2.0626, "car_lcCooperative": 0.3087, "car_lcLookaheadLeft": 90.7457, "car_lcPushy": 0.383, "car_lcSublane": 0.7328, "car_tau_mean": 1.2837, "car_tau_std": 1.2126, "car_v_mean": 16.5312, "car_v_std": 7.1848}, "datetime": {"datetime": "2024-08-05 18:38:52", "elapsed": 983.899994, "delta": 4.662155}}
{"target": -0.033967632416742784, "params": {"bus_acc": 2.9318, "bus_dcc": 2.4846, "bus_lcAssertive": 9.3968, "bus_lcCooperative": 0.2596, "bus_lcLookaheadLeft": 17.8309, "bus_lcPushy": 0.4698, "bus_lcSublane": 0.4753, "bus_tau_mean": 3.0936, "bus_tau_std": 3.1446, "bus_v_mean": 11.0917, "bus_v_std": 4.9899, "car_acc": 2.4142, "car_dcc": 3.4588, "car_lcAssertive": 1.0023, "car_lcCooperative": 0.9601, "car_lcLookaheadLeft": 62.2987, "car_lcPushy": 0.5266, "car_lcSublane": 0.9977, "car_tau_mean": 2.8766, "car_tau_std": 1.8431, "car_v_mean": 8.0023, "car_v_std": 5.4634}, "datetime": {"datetime": "2024-08-05 18:38:55", "elapsed": 986.776246, "delta": 2.876252}}
{"target": -0.05589477033695687, "params": {"bus_acc": 1.2214, "bus_dcc": 2.1021, "bus_lcAssertive": 38.0596, "bus_lcCooperative": 0.9807, "bus_lcLookaheadLeft": 98.5528, "bus_lcPushy": 0.402, "bus_lcSublane": 0.9285, "bus_tau_mean": 3.1119, "bus_tau_std": 5.0911, "bus_v_mean": 21.6558, "bus_v_std": 1.1607, "car_acc": 1.0381, "car_dcc": 3.5081, "car_lcAssertive": 65.5837, "car_lcCooperative": 0.0028, "car_lcLookaheadLeft": 78.6196, "car_lcPushy": 0.3021, "car_lcSublane": 0.1394, "car_tau_mean": 2.036, "car_tau_std": 8.0732, "car_v_mean": 8.3328, "car_v_std": 6.2342}, "datetime": {"datetime": "2024-08-05 18:38:59", "elapsed": 991.637183, "delta": 4.860937}}
{"target": -0.051871815352245755, "params": {"bus_acc": 1.3224, "bus_dcc": 2.0809, "bus_lcAssertive": 83.1274, "bus_lcCooperative": 0.4229, "bus_lcLookaheadLeft": 99.5368, "bus_lcPushy": 0.1015, "bus_lcSublane": 0.89, "bus_tau_mean": 0.5736, "bus_tau_std": 9.1583, "bus_v_mean": 12.5916, "bus_v_std": 8.5081, "car_acc": 2.4462, "car_dcc": 1.8017, "car_lcAssertive": 99.7365, "car_lcCooperative": 0.062, "car_lcLookaheadLeft": 70.6462, "car_lcPushy": 0.4416, "car_lcSublane": 0.0722, "car_tau_mean": 0.992, "car_tau_std": 7.9196, "car_v_mean": 9.728, "car_v_std": 5.404}, "datetime": {"datetime": "2024-08-05 18:39:03", "elapsed": 994.73709, "delta": 3.099907}}
{"target": -0.05925482027472648, "params": {"bus_acc": 2.4265, "bus_dcc": 2.8654, "bus_lcAssertive": 56.6418, "bus_lcCooperative": 0.1966, "bus_lcLookaheadLeft": 71.7803, "bus_lcPushy": 0.9745, "bus_lcSublane": 0.4668, "bus_tau_mean": 2.1759, "bus_tau_std": 5.5535, "bus_v_mean": 17.2672, "bus_v_std": 9.4175, "car_acc": 1.4335, "car_dcc": 3.4354, "car_lcAssertive": 98.5352, "car_lcCooperative": 0.6599, "car_lcLookaheadLeft": 9.9756, "car_lcPushy": 0.0759, "car_lcSublane": 0.549, "car_tau_mean": 2.2904, "car_tau_std": 3.9116, "car_v_mean": 13.368, "car_v_std": 8.6419}, "datetime": {"datetime": "2024-08-05 18:39:05", "elapsed": 996.963901, "delta": 2.226811}}
{"target": -0.033967632416742784, "params": {"bus_acc": 2.9319, "bus_dcc": 2.4846, "bus_lcAssertive": 9.3968, "bus_lcCooperative": 0.2596, "bus_lcLookaheadLeft": 17.8309, "bus_lcPushy": 0.4698, "bus_lcSublane": 0.4753, "bus_tau_mean": 3.0936, "bus_tau_std": 3.1446, "bus_v_mean": 11.0917, "bus_v_std": 4.9899, "car_acc": 2.4142, "car_dcc": 3.4588, "car_lcAssertive": 1.0023, "car_lcCooperative": 0.9601, "car_lcLookaheadLeft": 62.2987, "car_lcPushy": 0.5266, "car_lcSublane": 0.9977, "car_tau_mean": 2.8766, "car_tau_std": 1.8431, "car_v_mean": 8.0023, "car_v_std": 5.4634}, "datetime": {"datetime": "2024-08-05 18:39:08", "elapsed": 1000.596224, "delta": 3.632323}}
{"target": -0.054193777427168015, "params": {"bus_acc": 1.834, "bus_dcc": 1.1385, "bus_lcAssertive": 36.0177, "bus_lcCooperative": 0.063, "bus_lcLookaheadLeft": 62.1576, "bus_lcPushy": 0.8065, "bus_lcSublane": 0.4435, "bus_tau_mean": 2.7875, "bus_tau_std": 7.1824, "bus_v_mean": 15.1637, "bus_v_std": 8.259, "car_acc": 1.3426, "car_dcc": 2.7877, "car_lcAssertive": 30.9197, "car_lcCooperative": 0.0871, "car_lcLookaheadLeft": 81.1674, "car_lcPushy": 0.8106, "car_lcSublane": 0.564, "car_tau_mean": 3.7443, "car_tau_std": 3.5476, "car_v_mean": 17.6931, "car_v_std": 8.4647}, "datetime": {"datetime": "2024-08-05 18:39:12", "elapsed": 1004.238757, "delta": 3.642533}}
{"target": -0.055899410399975535, "params": {"bus_acc": 1.616, "bus_dcc": 2.1983, "bus_lcAssertive": 83.9831, "bus_lcCooperative": 0.5264, "bus_lcLookaheadLeft": 44.8252, "bus_lcPushy": 0.6875, "bus_lcSublane": 0.8218, "bus_tau_mean": 1.7657, "bus_tau_std": 2.5995, "bus_v_mean": 8.5083, "bus_v_std": 9.7725, "car_acc": 1.2211, "car_dcc": 2.093, "car_lcAssertive": 66.3109, "car_lcCooperative": 0.4355, "car_lcLookaheadLeft": 32.4465, "car_lcPushy": 0.2952, "car_lcSublane": 0.0586, "car_tau_mean": 2.2824, "car_tau_std": 7.1638, "car_v_mean": 20.0442, "car_v_std": 4.6392}, "datetime": {"datetime": "2024-08-05 18:39:15", "elapsed": 1006.819176, "delta": 2.580419}}
{"target": -0.056463304807285446, "params": {"bus_acc": 2.7285, "bus_dcc": 3.5499, "bus_lcAssertive": 95.2525, "bus_lcCooperative": 0.3141, "bus_lcLookaheadLeft": 62.3052, "bus_lcPushy": 0.1924, "bus_lcSublane": 0.673, "bus_tau_mean": 2.4023, "bus_tau_std": 2.0104, "bus_v_mean": 13.2486, "bus_v_std": 1.0066, "car_acc": 1.1148, "car_dcc": 3.0877, "car_lcAssertive": 11.0049, "car_lcCooperative": 0.2297, "car_lcLookaheadLeft": 97.1014, "car_lcPushy": 0.5416, "car_lcSublane": 0.2154, "car_tau_mean": 2.2232, "car_tau_std": 7.3278, "car_v_mean": 16.9821, "car_v_std": 9.3936}, "datetime": {"datetime": "2024-08-05 18:39:23", "elapsed": 1015.289293, "delta": 8.470117}}
{"target": -0.056513242483167414, "params": {"bus_acc": 2.9236, "bus_dcc": 1.2707, "bus_lcAssertive": 25.0368, "bus_lcCooperative": 0.3317, "bus_lcLookaheadLeft": 47.1371, "bus_lcPushy": 0.851, "bus_lcSublane": 0.1839, "bus_tau_mean": 3.9016, "bus_tau_std": 8.2314, "bus_v_mean": 12.6508, "bus_v_std": 5.8309, "car_acc": 1.1346, "car_dcc": 3.8077, "car_lcAssertive": 24.7093, "car_lcCooperative": 0.6068, "car_lcLookaheadLeft": 23.8332, "car_lcPushy": 0.8235, "car_lcSublane": 0.4923, "car_tau_mean": 3.4976, "car_tau_std": 8.0469, "car_v_mean": 17.0805, "car_v_std": 4.9398}, "datetime": {"datetime": "2024-08-05 18:39:26", "elapsed": 1018.101405, "delta": 2.812112}}
{"target": -0.07283468784328986, "params": {"bus_acc": 1.5859, "bus_dcc": 2.0558, "bus_lcAssertive": 78.3176, "bus_lcCooperative": 0.275, "bus_lcLookaheadLeft": 83.333, "bus_lcPushy": 0.7833, "bus_lcSublane": 0.7049, "bus_tau_mean": 1.4, "bus_tau_std": 7.8937, "bus_v_mean": 22.2916, "bus_v_std": 1.616, "car_acc": 2.5129, "car_dcc": 2.4707, "car_lcAssertive": 97.5804, "car_lcCooperative": 0.1166, "car_lcLookaheadLeft": 74.8109, "car_lcPushy": 0.5929, "car_lcSublane": 0.6653, "car_tau_mean": 3.1894, "car_tau_std": 6.3365, "car_v_mean": 20.7733, "car_v_std": 4.9728}, "datetime": {"datetime": "2024-08-05 18:39:29", "elapsed": 1021.247063, "delta": 3.145658}}
{"target": -0.03555703155428359, "params": {"bus_acc": 1.2801, "bus_dcc": 2.5214, "bus_lcAssertive": 32.4369, "bus_lcCooperative": 0.3048, "bus_lcLookaheadLeft": 24.1371, "bus_lcPushy": 0.9031, "bus_lcSublane": 0.2178, "bus_tau_mean": 1.4725, "bus_tau_std": 2.788, "bus_v_mean": 11.6649, "bus_v_std": 8.2081, "car_acc": 2.1925, "car_dcc": 1.6263, "car_lcAssertive": 66.4288, "car_lcCooperative": 0.7977, "car_lcLookaheadLeft": 32.885, "car_lcPushy": 0.4813, "car_lcSublane": 0.6619, "car_tau_mean": 2.0773, "car_tau_std": 0.435, "car_v_mean": 15.7407, "car_v_std": 2.2464}, "datetime": {"datetime": "2024-08-05 18:39:34", "elapsed": 1025.84095, "delta": 4.593887}}
{"target": -0.06959714031246664, "params": {"bus_acc": 1.5738, "bus_dcc": 1.7195, "bus_lcAssertive": 60.4998, "bus_lcCooperative": 0.3583, "bus_lcLookaheadLeft": 4.1555, "bus_lcPushy": 0.965, "bus_lcSublane": 0.2715, "bus_tau_mean": 0.7206, "bus_tau_std": 6.2201, "bus_v_mean": 12.0694, "bus_v_std": 0.9193, "car_acc": 2.5829, "car_dcc": 1.8504, "car_lcAssertive": 93.7847, "car_lcCooperative": 0.8532, "car_lcLookaheadLeft": 65.6285, "car_lcPushy": 0.8464, "car_lcSublane": 0.7463, "car_tau_mean": 0.6675, "car_tau_std": 0.1985, "car_v_mean": 14.4562, "car_v_std": 2.2939}, "datetime": {"datetime": "2024-08-05 18:39:36", "elapsed": 1028.667848, "delta": 2.826898}}
{"target": -0.05346888484208785, "params": {"bus_acc": 2.7893, "bus_dcc": 3.9859, "bus_lcAssertive": 3.9678, "bus_lcCooperative": 0.3792, "bus_lcLookaheadLeft": 92.5708, "bus_lcPushy": 0.2399, "bus_lcSublane": 0.9569, "bus_tau_mean": 0.6884, "bus_tau_std": 7.6047, "bus_v_mean": 9.355, "bus_v_std": 7.6786, "car_acc": 1.2763, "car_dcc": 3.8596, "car_lcAssertive": 70.7207, "car_lcCooperative": 0.6971, "car_lcLookaheadLeft": 70.995, "car_lcPushy": 0.1283, "car_lcSublane": 0.2726, "car_tau_mean": 1.9471, "car_tau_std": 1.7988, "car_v_mean": 17.8849, "car_v_std": 7.3875}, "datetime": {"datetime": "2024-08-05 18:39:39", "elapsed": 1031.404405, "delta": 2.736557}}
{"target": -0.05691729477598511, "params": {"bus_acc": 1.7799, "bus_dcc": 2.8925, "bus_lcAssertive": 13.2883, "bus_lcCooperative": 0.8189, "bus_lcLookaheadLeft": 79.9084, "bus_lcPushy": 0.1498, "bus_lcSublane": 0.9618, "bus_tau_mean": 1.2516, "bus_tau_std": 9.742, "bus_v_mean": 22.0887, "bus_v_std": 1.7301, "car_acc": 1.7061, "car_dcc": 2.1265, "car_lcAssertive": 90.6217, "car_lcCooperative": 0.0623, "car_lcLookaheadLeft": 54.739, "car_lcPushy": 0.0514, "car_lcSublane": 0.2877, "car_tau_mean": 0.6037, "car_tau_std": 9.1777, "car_v_mean": 11.6511, "car_v_std": 4.2813}, "datetime": {"datetime": "2024-08-05 18:39:42", "elapsed": 1034.602687, "delta": 3.198282}}
{"target": -0.06308838992474279, "params": {"bus_acc": 1.6422, "bus_dcc": 2.0997, "bus_lcAssertive": 51.9011, "bus_lcCooperative": 0.6116, "bus_lcLookaheadLeft": 98.608, "bus_lcPushy": 0.1235, "bus_lcSublane": 0.6885, "bus_tau_mean": 3.7848, "bus_tau_std": 9.6771, "bus_v_mean": 17.8429, "bus_v_std": 2.098, "car_acc": 1.2941, "car_dcc": 3.7688, "car_lcAssertive": 24.5761, "car_lcCooperative": 0.2793, "car_lcLookaheadLeft": 32.7363, "car_lcPushy": 0.1678, "car_lcSublane": 0.6129, "car_tau_mean": 0.56, "car_tau_std": 5.642, "car_v_mean": 14.8925, "car_v_std": 6.7351}, "datetime": {"datetime": "2024-08-05 18:39:47", "elapsed": 1039.153145, "delta": 4.550458}}
{"target": -0.04306776662687329, "params": {"bus_acc": 2.7693, "bus_dcc": 3.2571, "bus_lcAssertive": 52.6797, "bus_lcCooperative": 0.2875, "bus_lcLookaheadLeft": 67.6391, "bus_lcPushy": 0.6585, "bus_lcSublane": 0.1839, "bus_tau_mean": 1.6971, "bus_tau_std": 3.1369, "bus_v_mean": 13.933, "bus_v_std": 1.5707, "car_acc": 2.7396, "car_dcc": 2.319, "car_lcAssertive": 44.2116, "car_lcCooperative": 0.8794, "car_lcLookaheadLeft": 57.5604, "car_lcPushy": 0.1186, "car_lcSublane": 0.4624, "car_tau_mean": 0.652, "car_tau_std": 5.2178, "car_v_mean": 8.0643, "car_v_std": 0.3953}, "datetime": {"datetime": "2024-08-05 18:39:55", "elapsed": 1046.976589, "delta": 7.823444}}
{"target": -0.046580555721729054, "params": {"bus_acc": 1.4243, "bus_dcc": 2.9416, "bus_lcAssertive": 10.1588, "bus_lcCooperative": 0.3375, "bus_lcLookaheadLeft": 39.5904, "bus_lcPushy": 0.0054, "bus_lcSublane": 0.457, "bus_tau_mean": 2.5612, "bus_tau_std": 1.0121, "bus_v_mean": 18.9573, "bus_v_std": 1.548, "car_acc": 2.6342, "car_dcc": 1.0139, "car_lcAssertive": 82.2181, "car_lcCooperative": 0.2994, "car_lcLookaheadLeft": 51.3902, "car_lcPushy": 0.1011, "car_lcSublane": 0.5351, "car_tau_mean": 2.8657, "car_tau_std": 0.4009, "car_v_mean": 8.644, "car_v_std": 1.0446}, "datetime": {"datetime": "2024-08-05 18:39:58", "elapsed": 1050.596006, "delta": 3.619417}}
{"target": -0.053249506341843715, "params": {"bus_acc": 2.6461, "bus_dcc": 3.4139, "bus_lcAssertive": 87.5254, "bus_lcCooperative": 0.739, "bus_lcLookaheadLeft": 44.3492, "bus_lcPushy": 0.1621, "bus_lcSublane": 0.1968, "bus_tau_mean": 3.5138, "bus_tau_std": 8.0349, "bus_v_mean": 21.4629, "bus_v_std": 0.2256, "car_acc": 2.1094, "car_dcc": 3.9164, "car_lcAssertive": 56.7052, "car_lcCooperative": 0.626, "car_lcLookaheadLeft": 80.6006, "car_lcPushy": 0.3541, "car_lcSublane": 0.8746, "car_tau_mean": 0.8985, "car_tau_std": 2.5207, "car_v_mean": 9.5978, "car_v_std": 1.6294}, "datetime": {"datetime": "2024-08-05 18:40:00", "elapsed": 1052.649675, "delta": 2.053669}}
{"target": -0.0707016448443493, "params": {"bus_acc": 1.6381, "bus_dcc": 2.5672, "bus_lcAssertive": 2.4026, "bus_lcCooperative": 0.1055, "bus_lcLookaheadLeft": 63.4812, "bus_lcPushy": 0.6141, "bus_lcSublane": 0.0592, "bus_tau_mean": 3.6033, "bus_tau_std": 4.042, "bus_v_mean": 12.2131, "bus_v_std": 2.711, "car_acc": 2.6691, "car_dcc": 2.87, "car_lcAssertive": 94.9854, "car_lcCooperative": 0.2464, "car_lcLookaheadLeft": 89.0816, "car_lcPushy": 0.6156, "car_lcSublane": 0.2184, "car_tau_mean": 1.8661, "car_tau_std": 0.2991, "car_v_mean": 18.9615, "car_v_std": 3.934}, "datetime": {"datetime": "2024-08-05 18:40:04", "elapsed": 1055.7597, "delta": 3.110025}}
{"target": -0.06153417012143119, "params": {"bus_acc": 2.4413, "bus_dcc": 2.608, "bus_lcAssertive": 54.0489, "bus_lcCooperative": 0.2092, "bus_lcLookaheadLeft": 48.3022, "bus_lcPushy": 0.4953, "bus_lcSublane": 0.4826, "bus_tau_mean": 2.1757, "bus_tau_std": 2.6687, "bus_v_mean": 9.5238, "bus_v_std": 0.8562, "car_acc": 1.4798, "car_dcc": 2.5386, "car_lcAssertive": 87.2227, "car_lcCooperative": 0.0921, "car_lcLookaheadLeft": 22.1964, "car_lcPushy": 0.9692, "car_lcSublane": 0.139, "car_tau_mean": 1.3516, "car_tau_std": 5.8564, "car_v_mean": 19.6907, "car_v_std": 4.4106}, "datetime": {"datetime": "2024-08-05 18:40:06", "elapsed": 1058.395853, "delta": 2.636153}}
{"target": -0.06535288633684462, "params": {"bus_acc": 1.4664, "bus_dcc": 3.1619, "bus_lcAssertive": 76.2186, "bus_lcCooperative": 0.5018, "bus_lcLookaheadLeft": 26.7251, "bus_lcPushy": 0.4436, "bus_lcSublane": 0.2641, "bus_tau_mean": 3.2916, "bus_tau_std": 4.1197, "bus_v_mean": 14.3043, "bus_v_std": 0.7302, "car_acc": 2.2057, "car_dcc": 1.4383, "car_lcAssertive": 25.5847, "car_lcCooperative": 0.6775, "car_lcLookaheadLeft": 66.2673, "car_lcPushy": 0.7936, "car_lcSublane": 0.9621, "car_tau_mean": 1.8075, "car_tau_std": 9.0558, "car_v_mean": 22.7998, "car_v_std": 6.859}, "datetime": {"datetime": "2024-08-05 18:40:08", "elapsed": 1060.581029, "delta": 2.185176}}
{"target": -0.06550619662925966, "params": {"bus_acc": 2.666, "bus_dcc": 2.6314, "bus_lcAssertive": 87.1379, "bus_lcCooperative": 0.0124, "bus_lcLookaheadLeft": 43.6616, "bus_lcPushy": 0.7219, "bus_lcSublane": 0.0279, "bus_tau_mean": 2.7981, "bus_tau_std": 3.9489, "bus_v_mean": 22.4615, "bus_v_std": 8.1548, "car_acc": 1.988, "car_dcc": 2.9704, "car_lcAssertive": 58.6462, "car_lcCooperative": 0.4147, "car_lcLookaheadLeft": 94.0379, "car_lcPushy": 0.7111, "car_lcSublane": 0.6274, "car_tau_mean": 0.713, "car_tau_std": 4.6098, "car_v_mean": 15.0414, "car_v_std": 1.8925}, "datetime": {"datetime": "2024-08-05 18:40:13", "elapsed": 1065.034874, "delta": 4.453845}}
{"target": -0.06935290178893107, "params": {"bus_acc": 2.4987, "bus_dcc": 2.3704, "bus_lcAssertive": 58.9757, "bus_lcCooperative": 0.7719, "bus_lcLookaheadLeft": 95.8516, "bus_lcPushy": 0.9011, "bus_lcSublane": 0.4343, "bus_tau_mean": 1.5242, "bus_tau_std": 9.0971, "bus_v_mean": 20.9388, "bus_v_std": 1.6268, "car_acc": 1.7673, "car_dcc": 2.6542, "car_lcAssertive": 83.4483, "car_lcCooperative": 0.4412, "car_lcLookaheadLeft": 45.7605, "car_lcPushy": 0.0089, "car_lcSublane": 0.0249, "car_tau_mean": 3.2135, "car_tau_std": 5.9695, "car_v_mean": 15.4147, "car_v_std": 2.5378}, "datetime": {"datetime": "2024-08-05 18:40:16", "elapsed": 1067.777085, "delta": 2.742211}}
{"target": -0.0593997836162203, "params": {"bus_acc": 1.0139, "bus_dcc": 1.3661, "bus_lcAssertive": 46.786, "bus_lcCooperative": 0.2986, "bus_lcLookaheadLeft": 47.7431, "bus_lcPushy": 0.4791, "bus_lcSublane": 0.0346, "bus_tau_mean": 2.4507, "bus_tau_std": 9.2882, "bus_v_mean": 18.312, "bus_v_std": 0.114, "car_acc": 1.5764, "car_dcc": 2.2752, "car_lcAssertive": 92.6046, "car_lcCooperative": 0.6311, "car_lcLookaheadLeft": 86.7375, "car_lcPushy": 0.0719, "car_lcSublane": 0.9563, "car_tau_mean": 2.2335, "car_tau_std": 1.1284, "car_v_mean": 12.4667, "car_v_std": 3.4764}, "datetime": {"datetime": "2024-08-05 18:40:19", "elapsed": 1071.38675, "delta": 3.609665}}
{"target": -0.07039631535236876, "params": {"bus_acc": 2.2789, "bus_dcc": 2.551, "bus_lcAssertive": 26.5362, "bus_lcCooperative": 0.0804, "bus_lcLookaheadLeft": 39.7665, "bus_lcPushy": 0.7988, "bus_lcSublane": 0.7846, "bus_tau_mean": 2.5004, "bus_tau_std": 3.1425, "bus_v_mean": 14.3939, "bus_v_std": 5.4444, "car_acc": 2.5562, "car_dcc": 1.3452, "car_lcAssertive": 97.4448, "car_lcCooperative": 0.0921, "car_lcLookaheadLeft": 31.6586, "car_lcPushy": 0.9343, "car_lcSublane": 0.5586, "car_tau_mean": 2.9798, "car_tau_std": 5.2749, "car_v_mean": 23.4235, "car_v_std": 4.3492}, "datetime": {"datetime": "2024-08-05 18:40:21", "elapsed": 1073.422585, "delta": 2.035835}}
