{"target": -0.045187369536339506, "params": {"bus_acc": 1.52, "bus_dcc": 3.06, "bus_lcAssertive": 62.99, "bus_lcCooperative": 0.67, "bus_lcLookaheadLeft": 14.51, "bus_lcPushy": 0.6, "bus_lcSublane": 0.08, "bus_max_v": 13.58, "bus_tau_mean": 3.4, "bus_tau_std": 3.23, "car_acc": 1.09, "car_dcc": 3.51, "car_lcAssertive": 72.77, "car_lcCooperative": 0.43, "car_lcLookaheadLeft": 56.98, "car_lcPushy": 0.94, "car_lcSublane": 0.27, "car_max_v": 25.01, "car_tau_mean": 0.57, "car_tau_std": 1.81}, "datetime": {"datetime": "2024-08-04 12:36:39", "elapsed": 3673.791336, "delta": 7.632864}}
{"target": -0.049488454793144065, "params": {"bus_acc": 2.86, "bus_dcc": 1.82, "bus_lcAssertive": 55.15, "bus_lcCooperative": 0.62, "bus_lcLookaheadLeft": 51.96, "bus_lcPushy": 0.27, "bus_lcSublane": 0.05, "bus_max_v": 12.7, "bus_tau_mean": 2.88, "bus_tau_std": 0.14, "car_acc": 2.97, "car_dcc": 3.77, "car_lcAssertive": 93.39, "car_lcCooperative": 0.76, "car_lcLookaheadLeft": 17.34, "car_lcPushy": 0.39, "car_lcSublane": 0.06, "car_max_v": 29.77, "car_tau_mean": 3.28, "car_tau_std": 8.74}, "datetime": {"datetime": "2024-08-04 12:36:43", "elapsed": 3677.881122, "delta": 4.089786}}
{"target": -0.048783298320692815, "params": {"bus_acc": 2.48, "bus_dcc": 2.79, "bus_lcAssertive": 54.95, "bus_lcCooperative": 0.96, "bus_lcLookaheadLeft": 95.45, "bus_lcPushy": 0.21, "bus_lcSublane": 0.5, "bus_max_v": 19.07, "bus_tau_mean": 3.47, "bus_tau_std": 5.77, "car_acc": 1.37, "car_dcc": 2.68, "car_lcAssertive": 27.51, "car_lcCooperative": 0.73, "car_lcLookaheadLeft": 87.59, "car_lcPushy": 0.48, "car_lcSublane": 0.58, "car_max_v": 9.15, "car_tau_mean": 2.21, "car_tau_std": 9.75}, "datetime": {"datetime": "2024-08-04 12:36:47", "elapsed": 3681.478704, "delta": 3.597582}}
{"target": -0.05137680406845593, "params": {"bus_acc": 1.17, "bus_dcc": 2.16, "bus_lcAssertive": 60.63, "bus_lcCooperative": 0.04, "bus_lcLookaheadLeft": 60.47, "bus_lcPushy": 0.1, "bus_lcSublane": 0.55, "bus_max_v": 13.93, "bus_tau_mean": 2.07, "bus_tau_std": 5.53, "car_acc": 2.33, "car_dcc": 3.45, "car_lcAssertive": 54.55, "car_lcCooperative": 0.4, "car_lcLookaheadLeft": 56.27, "car_lcPushy": 0.46, "car_lcSublane": 0.03, "car_max_v": 26.75, "car_tau_mean": 2.53, "car_tau_std": 7.6}, "datetime": {"datetime": "2024-08-04 12:36:51", "elapsed": 3685.444855, "delta": 3.966151}}
{"target": -0.038989370754448686, "params": {"bus_acc": 2.01, "bus_dcc": 1.41, "bus_lcAssertive": 23.92, "bus_lcCooperative": 0.16, "bus_lcLookaheadLeft": 72.23, "bus_lcPushy": 0.11, "bus_lcSublane": 0.54, "bus_max_v": 13.81, "bus_tau_mean": 3.17, "bus_tau_std": 1.16, "car_acc": 2.66, "car_dcc": 1.06, "car_lcAssertive": 43.15, "car_lcCooperative": 0.89, "car_lcLookaheadLeft": 81.28, "car_lcPushy": 0.82, "car_lcSublane": 0.99, "car_max_v": 9.78, "car_tau_mean": 1.26, "car_tau_std": 5.55}, "datetime": {"datetime": "2024-08-04 12:36:55", "elapsed": 3689.120565, "delta": 3.67571}}
{"target": -0.0437331323926593, "params": {"bus_acc": 2.19, "bus_dcc": 2.56, "bus_lcAssertive": 13.04, "bus_lcCooperative": 0.07, "bus_lcLookaheadLeft": 27.77, "bus_lcPushy": 0.66, "bus_lcSublane": 0.79, "bus_max_v": 13.63, "bus_tau_mean": 1.26, "bus_tau_std": 8.67, "car_acc": 2.46, "car_dcc": 1.05, "car_lcAssertive": 19.35, "car_lcCooperative": 0.01, "car_lcLookaheadLeft": 98.45, "car_lcPushy": 0.98, "car_lcSublane": 0.57, "car_max_v": 11.02, "car_tau_mean": 3.12, "car_tau_std": 5.84}, "datetime": {"datetime": "2024-08-04 12:37:03", "elapsed": 3697.568743, "delta": 8.448178}}
{"target": -0.04888393613354653, "params": {"bus_acc": 1.07, "bus_dcc": 2.98, "bus_lcAssertive": 54.45, "bus_lcCooperative": 0.67, "bus_lcLookaheadLeft": 57.58, "bus_lcPushy": 0.37, "bus_lcSublane": 0.73, "bus_max_v": 21.02, "bus_tau_mean": 1.67, "bus_tau_std": 2.01, "car_acc": 1.62, "car_dcc": 1.72, "car_lcAssertive": 73.16, "car_lcCooperative": 0.05, "car_lcLookaheadLeft": 48.75, "car_lcPushy": 0.67, "car_lcSublane": 0.29, "car_max_v": 23.53, "car_tau_mean": 3.77, "car_tau_std": 3.87}, "datetime": {"datetime": "2024-08-04 12:37:06", "elapsed": 3700.487244, "delta": 2.918501}}
{"target": -0.04538444434774753, "params": {"bus_acc": 2.16, "bus_dcc": 1.65, "bus_lcAssertive": 80.77, "bus_lcCooperative": 0.99, "bus_lcLookaheadLeft": 72.38, "bus_lcPushy": 0.57, "bus_lcSublane": 0.39, "bus_max_v": 26.72, "bus_tau_mean": 0.51, "bus_tau_std": 3.62, "car_acc": 1.14, "car_dcc": 1.5, "car_lcAssertive": 55.23, "car_lcCooperative": 0.98, "car_lcLookaheadLeft": 22.69, "car_lcPushy": 0.38, "car_lcSublane": 0.21, "car_max_v": 16.49, "car_tau_mean": 1.67, "car_tau_std": 2.9}, "datetime": {"datetime": "2024-08-04 12:37:27", "elapsed": 3721.233318, "delta": 20.746074}}
{"target": -0.049705188293935616, "params": {"bus_acc": 2.51, "bus_dcc": 2.88, "bus_lcAssertive": 22.32, "bus_lcCooperative": 0.02, "bus_lcLookaheadLeft": 25.19, "bus_lcPushy": 0.74, "bus_lcSublane": 0.06, "bus_max_v": 20.47, "bus_tau_mean": 3.67, "bus_tau_std": 6.48, "car_acc": 2.91, "car_dcc": 2.41, "car_lcAssertive": 10.2, "car_lcCooperative": 0.59, "car_lcLookaheadLeft": 79.16, "car_lcPushy": 0.52, "car_lcSublane": 0.03, "car_max_v": 15.54, "car_tau_mean": 0.74, "car_tau_std": 5.19}, "datetime": {"datetime": "2024-08-04 12:37:42", "elapsed": 3736.933805, "delta": 15.700487}}
{"target": -0.04881579631160551, "params": {"bus_acc": 1.02, "bus_dcc": 3.49, "bus_lcAssertive": 57.29, "bus_lcCooperative": 0.47, "bus_lcLookaheadLeft": 86.87, "bus_lcPushy": 0.37, "bus_lcSublane": 0.71, "bus_max_v": 29.92, "bus_tau_mean": 3.59, "bus_tau_std": 1.76, "car_acc": 2.17, "car_dcc": 1.83, "car_lcAssertive": 86.98, "car_lcCooperative": 0.11, "car_lcLookaheadLeft": 55.47, "car_lcPushy": 0.09, "car_lcSublane": 0.2, "car_max_v": 13.2, "car_tau_mean": 2.91, "car_tau_std": 5.82}, "datetime": {"datetime": "2024-08-04 12:37:51", "elapsed": 3745.556018, "delta": 8.622213}}
{"target": -0.043915528431772176, "params": {"bus_acc": 1.24, "bus_dcc": 2.04, "bus_lcAssertive": 21.04, "bus_lcCooperative": 0.08, "bus_lcLookaheadLeft": 44.36, "bus_lcPushy": 0.32, "bus_lcSublane": 0.82, "bus_max_v": 22.95, "bus_tau_mean": 3.66, "bus_tau_std": 5.51, "car_acc": 1.9, "car_dcc": 1.67, "car_lcAssertive": 65.99, "car_lcCooperative": 0.07, "car_lcLookaheadLeft": 49.74, "car_lcPushy": 0.36, "car_lcSublane": 0.15, "car_max_v": 10.49, "car_tau_mean": 3.69, "car_tau_std": 2.41}, "datetime": {"datetime": "2024-08-04 12:38:02", "elapsed": 3757.023555, "delta": 11.467537}}
{"target": -0.05032548685032664, "params": {"bus_acc": 1.21, "bus_dcc": 2.27, "bus_lcAssertive": 26.39, "bus_lcCooperative": 0.39, "bus_lcLookaheadLeft": 81.66, "bus_lcPushy": 0.12, "bus_lcSublane": 0.57, "bus_max_v": 11.93, "bus_tau_mean": 1.66, "bus_tau_std": 4.18, "car_acc": 1.89, "car_dcc": 2.62, "car_lcAssertive": 78.85, "car_lcCooperative": 0.83, "car_lcLookaheadLeft": 38.11, "car_lcPushy": 0.29, "car_lcSublane": 0.99, "car_max_v": 28.98, "car_tau_mean": 3.43, "car_tau_std": 6.36}, "datetime": {"datetime": "2024-08-04 12:38:10", "elapsed": 3764.864002, "delta": 7.840447}}
{"target": -0.04933845551196825, "params": {"bus_acc": 1.91, "bus_dcc": 1.75, "bus_lcAssertive": 50.12, "bus_lcCooperative": 0.22, "bus_lcLookaheadLeft": 75.71, "bus_lcPushy": 0.19, "bus_lcSublane": 0.09, "bus_max_v": 8.49, "bus_tau_mean": 2.18, "bus_tau_std": 1.81, "car_acc": 2.58, "car_dcc": 2.57, "car_lcAssertive": 62.48, "car_lcCooperative": 0.83, "car_lcLookaheadLeft": 19.99, "car_lcPushy": 0.96, "car_lcSublane": 0.08, "car_max_v": 12.23, "car_tau_mean": 1.98, "car_tau_std": 4.72}, "datetime": {"datetime": "2024-08-04 12:38:13", "elapsed": 3767.845411, "delta": 2.981409}}
{"target": -0.04204568192756497, "params": {"bus_acc": 1.33, "bus_dcc": 2.01, "bus_lcAssertive": 7.4, "bus_lcCooperative": 0.24, "bus_lcLookaheadLeft": 79.03, "bus_lcPushy": 0.71, "bus_lcSublane": 0.52, "bus_max_v": 19.76, "bus_tau_mean": 1.41, "bus_tau_std": 6.24, "car_acc": 1.95, "car_dcc": 3.38, "car_lcAssertive": 54.58, "car_lcCooperative": 0.11, "car_lcLookaheadLeft": 51.66, "car_lcPushy": 0.89, "car_lcSublane": 0.36, "car_max_v": 9.29, "car_tau_mean": 2.87, "car_tau_std": 2.38}, "datetime": {"datetime": "2024-08-04 12:38:16", "elapsed": 3770.538049, "delta": 2.692638}}
{"target": -0.05071767971975861, "params": {"bus_acc": 2.36, "bus_dcc": 1.99, "bus_lcAssertive": 56.36, "bus_lcCooperative": 0.18, "bus_lcLookaheadLeft": 49.28, "bus_lcPushy": 0.21, "bus_lcSublane": 0.92, "bus_max_v": 16.68, "bus_tau_mean": 0.56, "bus_tau_std": 0.14, "car_acc": 2.88, "car_dcc": 1.26, "car_lcAssertive": 17.01, "car_lcCooperative": 0.58, "car_lcLookaheadLeft": 51.05, "car_lcPushy": 0.81, "car_lcSublane": 0.03, "car_max_v": 17.53, "car_tau_mean": 3.86, "car_tau_std": 6.03}, "datetime": {"datetime": "2024-08-04 12:38:19", "elapsed": 3773.420363, "delta": 2.882314}}
{"target": -0.04716843523873609, "params": {"bus_acc": 1.41, "bus_dcc": 3.06, "bus_lcAssertive": 90.95, "bus_lcCooperative": 0.06, "bus_lcLookaheadLeft": 65.16, "bus_lcPushy": 0.85, "bus_lcSublane": 0.34, "bus_max_v": 27.76, "bus_tau_mean": 3.29, "bus_tau_std": 7.29, "car_acc": 1.58, "car_dcc": 3.49, "car_lcAssertive": 54.42, "car_lcCooperative": 0.8, "car_lcLookaheadLeft": 31.66, "car_lcPushy": 0.18, "car_lcSublane": 0.17, "car_max_v": 10.14, "car_tau_mean": 1.77, "car_tau_std": 3.01}, "datetime": {"datetime": "2024-08-04 12:38:41", "elapsed": 3795.725217, "delta": 22.304854}}
{"target": -0.0553897937119863, "params": {"bus_acc": 2.85, "bus_dcc": 1.3, "bus_lcAssertive": 56.7, "bus_lcCooperative": 0.82, "bus_lcLookaheadLeft": 77.82, "bus_lcPushy": 0.04, "bus_lcSublane": 0.09, "bus_max_v": 15.22, "bus_tau_mean": 3.09, "bus_tau_std": 7.15, "car_acc": 2.66, "car_dcc": 3.76, "car_lcAssertive": 88.67, "car_lcCooperative": 0.28, "car_lcLookaheadLeft": 8.35, "car_lcPushy": 0.96, "car_lcSublane": 0.41, "car_max_v": 28.4, "car_tau_mean": 3.66, "car_tau_std": 6.77}, "datetime": {"datetime": "2024-08-04 12:39:01", "elapsed": 3815.895315, "delta": 20.170098}}
{"target": -0.052585910071488086, "params": {"bus_acc": 2.44, "bus_dcc": 1.37, "bus_lcAssertive": 10.19, "bus_lcCooperative": 0.15, "bus_lcLookaheadLeft": 4.75, "bus_lcPushy": 0.97, "bus_lcSublane": 0.11, "bus_max_v": 19.46, "bus_tau_mean": 0.72, "bus_tau_std": 7.27, "car_acc": 1.82, "car_dcc": 1.25, "car_lcAssertive": 3.23, "car_lcCooperative": 0.56, "car_lcLookaheadLeft": 53.1, "car_lcPushy": 0.34, "car_lcSublane": 0.62, "car_max_v": 27.26, "car_tau_mean": 2.62, "car_tau_std": 3.2}, "datetime": {"datetime": "2024-08-04 12:39:08", "elapsed": 3822.872653, "delta": 6.977338}}
{"target": -0.05565655613803703, "params": {"bus_acc": 2.23, "bus_dcc": 2.55, "bus_lcAssertive": 86.85, "bus_lcCooperative": 0.91, "bus_lcLookaheadLeft": 99.07, "bus_lcPushy": 0.66, "bus_lcSublane": 0.45, "bus_max_v": 9.94, "bus_tau_mean": 2.12, "bus_tau_std": 7.13, "car_acc": 1.99, "car_dcc": 1.29, "car_lcAssertive": 97.48, "car_lcCooperative": 0.24, "car_lcLookaheadLeft": 2.66, "car_lcPushy": 0.17, "car_lcSublane": 0.16, "car_max_v": 20.25, "car_tau_mean": 2.39, "car_tau_std": 7.8}, "datetime": {"datetime": "2024-08-04 12:39:12", "elapsed": 3827.076758, "delta": 4.204105}}
{"target": -0.05291442221198045, "params": {"bus_acc": 2.84, "bus_dcc": 3.79, "bus_lcAssertive": 1.74, "bus_lcCooperative": 0.63, "bus_lcLookaheadLeft": 15.0, "bus_lcPushy": 0.02, "bus_lcSublane": 0.85, "bus_max_v": 11.99, "bus_tau_mean": 1.1, "bus_tau_std": 1.23, "car_acc": 1.93, "car_dcc": 2.14, "car_lcAssertive": 75.96, "car_lcCooperative": 0.91, "car_lcLookaheadLeft": 51.58, "car_lcPushy": 0.56, "car_lcSublane": 0.33, "car_max_v": 28.6, "car_tau_mean": 3.48, "car_tau_std": 2.47}, "datetime": {"datetime": "2024-08-04 12:39:16", "elapsed": 3830.15135, "delta": 3.074592}}
{"target": -0.04530633413167998, "params": {"bus_acc": 1.63, "bus_dcc": 1.29, "bus_lcAssertive": 44.04, "bus_lcCooperative": 0.82, "bus_lcLookaheadLeft": 88.18, "bus_lcPushy": 0.2, "bus_lcSublane": 0.96, "bus_max_v": 19.6, "bus_tau_mean": 1.81, "bus_tau_std": 4.7, "car_acc": 2.39, "car_dcc": 1.84, "car_lcAssertive": 7.68, "car_lcCooperative": 0.71, "car_lcLookaheadLeft": 38.08, "car_lcPushy": 0.93, "car_lcSublane": 0.46, "car_max_v": 11.12, "car_tau_mean": 2.14, "car_tau_std": 9.12}, "datetime": {"datetime": "2024-08-04 12:39:27", "elapsed": 3841.722287, "delta": 11.570937}}
{"target": -0.05557351498076877, "params": {"bus_acc": 2.11, "bus_dcc": 2.47, "bus_lcAssertive": 91.72, "bus_lcCooperative": 0.82, "bus_lcLookaheadLeft": 35.79, "bus_lcPushy": 0.74, "bus_lcSublane": 0.01, "bus_max_v": 25.33, "bus_tau_mean": 2.45, "bus_tau_std": 1.0, "car_acc": 2.62, "car_dcc": 2.61, "car_lcAssertive": 12.65, "car_lcCooperative": 0.6, "car_lcLookaheadLeft": 44.44, "car_lcPushy": 0.72, "car_lcSublane": 0.97, "car_max_v": 15.91, "car_tau_mean": 0.93, "car_tau_std": 1.42}, "datetime": {"datetime": "2024-08-04 12:39:36", "elapsed": 3850.442363, "delta": 8.720076}}
{"target": -0.04351408867849227, "params": {"bus_acc": 1.06, "bus_dcc": 1.79, "bus_lcAssertive": 67.02, "bus_lcCooperative": 0.33, "bus_lcLookaheadLeft": 27.3, "bus_lcPushy": 0.45, "bus_lcSublane": 0.86, "bus_max_v": 27.62, "bus_tau_mean": 1.92, "bus_tau_std": 9.54, "car_acc": 2.79, "car_dcc": 2.24, "car_lcAssertive": 30.87, "car_lcCooperative": 0.78, "car_lcLookaheadLeft": 92.25, "car_lcPushy": 0.26, "car_lcSublane": 0.49, "car_max_v": 25.4, "car_tau_mean": 2.71, "car_tau_std": 8.96}, "datetime": {"datetime": "2024-08-04 12:39:47", "elapsed": 3861.770347, "delta": 11.327984}}
{"target": -0.05432916266325207, "params": {"bus_acc": 2.08, "bus_dcc": 2.25, "bus_lcAssertive": 85.36, "bus_lcCooperative": 0.43, "bus_lcLookaheadLeft": 85.74, "bus_lcPushy": 0.77, "bus_lcSublane": 0.16, "bus_max_v": 13.57, "bus_tau_mean": 1.96, "bus_tau_std": 3.24, "car_acc": 2.19, "car_dcc": 3.19, "car_lcAssertive": 28.35, "car_lcCooperative": 0.53, "car_lcLookaheadLeft": 57.27, "car_lcPushy": 0.61, "car_lcSublane": 0.28, "car_max_v": 28.17, "car_tau_mean": 1.43, "car_tau_std": 9.33}, "datetime": {"datetime": "2024-08-04 12:40:14", "elapsed": 3888.143572, "delta": 26.373225}}
{"target": -0.04319708820706741, "params": {"bus_acc": 1.75, "bus_dcc": 2.7, "bus_lcAssertive": 77.9, "bus_lcCooperative": 0.55, "bus_lcLookaheadLeft": 49.07, "bus_lcPushy": 0.5, "bus_lcSublane": 0.74, "bus_max_v": 27.35, "bus_tau_mean": 0.57, "bus_tau_std": 3.42, "car_acc": 1.18, "car_dcc": 1.31, "car_lcAssertive": 71.79, "car_lcCooperative": 0.39, "car_lcLookaheadLeft": 19.11, "car_lcPushy": 0.15, "car_lcSublane": 0.45, "car_max_v": 11.77, "car_tau_mean": 0.91, "car_tau_std": 8.6}, "datetime": {"datetime": "2024-08-04 12:40:17", "elapsed": 3891.117653, "delta": 2.974081}}
{"target": -0.04470206213874525, "params": {"bus_acc": 1.92, "bus_dcc": 2.93, "bus_lcAssertive": 40.33, "bus_lcCooperative": 0.55, "bus_lcLookaheadLeft": 74.38, "bus_lcPushy": 0.19, "bus_lcSublane": 0.09, "bus_max_v": 22.83, "bus_tau_mean": 2.64, "bus_tau_std": 2.07, "car_acc": 1.15, "car_dcc": 3.93, "car_lcAssertive": 16.01, "car_lcCooperative": 0.81, "car_lcLookaheadLeft": 79.98, "car_lcPushy": 0.06, "car_lcSublane": 0.05, "car_max_v": 29.3, "car_tau_mean": 2.23, "car_tau_std": 2.49}, "datetime": {"datetime": "2024-08-04 12:40:23", "elapsed": 3897.986194, "delta": 6.868541}}
{"target": -0.04928963372524561, "params": {"bus_acc": 1.51, "bus_dcc": 3.6, "bus_lcAssertive": 32.92, "bus_lcCooperative": 0.85, "bus_lcLookaheadLeft": 51.36, "bus_lcPushy": 0.05, "bus_lcSublane": 0.08, "bus_max_v": 24.99, "bus_tau_mean": 3.53, "bus_tau_std": 9.37, "car_acc": 1.33, "car_dcc": 3.94, "car_lcAssertive": 84.05, "car_lcCooperative": 0.58, "car_lcLookaheadLeft": 59.09, "car_lcPushy": 0.76, "car_lcSublane": 0.0, "car_max_v": 16.3, "car_tau_mean": 0.62, "car_tau_std": 1.35}, "datetime": {"datetime": "2024-08-04 12:40:27", "elapsed": 3901.702843, "delta": 3.716649}}
{"target": -0.025111069255889965, "params": {"bus_acc": 2.76, "bus_dcc": 3.45, "bus_lcAssertive": 8.83, "bus_lcCooperative": 0.57, "bus_lcLookaheadLeft": 94.46, "bus_lcPushy": 0.53, "bus_lcSublane": 0.43, "bus_max_v": 23.55, "bus_tau_mean": 2.24, "bus_tau_std": 2.96, "car_acc": 1.19, "car_dcc": 1.19, "car_lcAssertive": 2.57, "car_lcCooperative": 0.43, "car_lcLookaheadLeft": 35.3, "car_lcPushy": 0.95, "car_lcSublane": 0.94, "car_max_v": 9.65, "car_tau_mean": 2.89, "car_tau_std": 0.58}, "datetime": {"datetime": "2024-08-04 12:40:35", "elapsed": 3910.022546, "delta": 8.319703}}
{"target": -0.05229557640647723, "params": {"bus_acc": 1.05, "bus_dcc": 1.23, "bus_lcAssertive": 38.76, "bus_lcCooperative": 0.53, "bus_lcLookaheadLeft": 42.41, "bus_lcPushy": 0.33, "bus_lcSublane": 0.08, "bus_max_v": 28.84, "bus_tau_mean": 3.39, "bus_tau_std": 4.2, "car_acc": 1.67, "car_dcc": 2.52, "car_lcAssertive": 26.55, "car_lcCooperative": 0.21, "car_lcLookaheadLeft": 73.19, "car_lcPushy": 0.63, "car_lcSublane": 0.09, "car_max_v": 25.62, "car_tau_mean": 1.23, "car_tau_std": 7.07}, "datetime": {"datetime": "2024-08-04 12:40:38", "elapsed": 3913.101989, "delta": 3.079443}}
{"target": -0.0440016474122265, "params": {"bus_acc": 1.93, "bus_dcc": 1.75, "bus_lcAssertive": 40.93, "bus_lcCooperative": 0.76, "bus_lcLookaheadLeft": 98.56, "bus_lcPushy": 0.7, "bus_lcSublane": 0.68, "bus_max_v": 14.38, "bus_tau_mean": 1.45, "bus_tau_std": 7.11, "car_acc": 2.21, "car_dcc": 1.25, "car_lcAssertive": 22.84, "car_lcCooperative": 0.33, "car_lcLookaheadLeft": 87.86, "car_lcPushy": 0.87, "car_lcSublane": 0.54, "car_max_v": 29.48, "car_tau_mean": 0.93, "car_tau_std": 5.09}, "datetime": {"datetime": "2024-08-04 12:40:52", "elapsed": 3926.913611, "delta": 13.811622}}
{"target": -0.052840125057732716, "params": {"bus_acc": 2.1, "bus_dcc": 2.12, "bus_lcAssertive": 24.15, "bus_lcCooperative": 0.93, "bus_lcLookaheadLeft": 99.62, "bus_lcPushy": 0.83, "bus_lcSublane": 0.99, "bus_max_v": 22.55, "bus_tau_mean": 2.98, "bus_tau_std": 2.26, "car_acc": 1.64, "car_dcc": 1.33, "car_lcAssertive": 31.46, "car_lcCooperative": 0.35, "car_lcLookaheadLeft": 30.15, "car_lcPushy": 0.5, "car_lcSublane": 0.43, "car_max_v": 19.96, "car_tau_mean": 3.76, "car_tau_std": 9.46}, "datetime": {"datetime": "2024-08-04 12:40:55", "elapsed": 3929.948322, "delta": 3.034711}}
{"target": -0.05074500860036734, "params": {"bus_acc": 1.24, "bus_dcc": 3.02, "bus_lcAssertive": 82.73, "bus_lcCooperative": 0.76, "bus_lcLookaheadLeft": 63.59, "bus_lcPushy": 0.22, "bus_lcSublane": 0.37, "bus_max_v": 25.04, "bus_tau_mean": 0.79, "bus_tau_std": 0.34, "car_acc": 2.71, "car_dcc": 1.56, "car_lcAssertive": 60.68, "car_lcCooperative": 0.13, "car_lcLookaheadLeft": 15.84, "car_lcPushy": 0.82, "car_lcSublane": 0.42, "car_max_v": 23.49, "car_tau_mean": 0.63, "car_tau_std": 5.19}, "datetime": {"datetime": "2024-08-04 12:41:04", "elapsed": 3938.722017, "delta": 8.773695}}
{"target": -0.03730798430443982, "params": {"bus_acc": 2.4, "bus_dcc": 1.06, "bus_lcAssertive": 41.81, "bus_lcCooperative": 0.14, "bus_lcLookaheadLeft": 96.33, "bus_lcPushy": 0.82, "bus_lcSublane": 0.53, "bus_max_v": 22.0, "bus_tau_mean": 1.73, "bus_tau_std": 8.75, "car_acc": 1.01, "car_dcc": 3.33, "car_lcAssertive": 12.18, "car_lcCooperative": 0.97, "car_lcLookaheadLeft": 11.7, "car_lcPushy": 0.96, "car_lcSublane": 0.89, "car_max_v": 15.12, "car_tau_mean": 0.68, "car_tau_std": 4.73}, "datetime": {"datetime": "2024-08-04 12:41:10", "elapsed": 3944.470081, "delta": 5.748064}}
{"target": -0.050790523762052765, "params": {"bus_acc": 2.87, "bus_dcc": 2.77, "bus_lcAssertive": 59.89, "bus_lcCooperative": 0.97, "bus_lcLookaheadLeft": 9.81, "bus_lcPushy": 0.71, "bus_lcSublane": 0.02, "bus_max_v": 13.15, "bus_tau_mean": 2.3, "bus_tau_std": 6.85, "car_acc": 2.67, "car_dcc": 2.17, "car_lcAssertive": 86.29, "car_lcCooperative": 0.75, "car_lcLookaheadLeft": 49.63, "car_lcPushy": 0.02, "car_lcSublane": 0.31, "car_max_v": 27.58, "car_tau_mean": 2.56, "car_tau_std": 4.56}, "datetime": {"datetime": "2024-08-04 12:41:30", "elapsed": 3964.352249, "delta": 19.882168}}
{"target": -0.051983590834148934, "params": {"bus_acc": 2.02, "bus_dcc": 1.46, "bus_lcAssertive": 24.9, "bus_lcCooperative": 0.32, "bus_lcLookaheadLeft": 85.98, "bus_lcPushy": 0.82, "bus_lcSublane": 0.16, "bus_max_v": 11.25, "bus_tau_mean": 2.98, "bus_tau_std": 1.56, "car_acc": 2.92, "car_dcc": 1.57, "car_lcAssertive": 51.2, "car_lcCooperative": 0.62, "car_lcLookaheadLeft": 74.91, "car_lcPushy": 0.02, "car_lcSublane": 0.98, "car_max_v": 28.19, "car_tau_mean": 1.97, "car_tau_std": 7.94}, "datetime": {"datetime": "2024-08-04 12:41:53", "elapsed": 3987.735781, "delta": 23.383532}}
{"target": -0.052609757844720606, "params": {"bus_acc": 2.52, "bus_dcc": 1.15, "bus_lcAssertive": 49.12, "bus_lcCooperative": 0.6, "bus_lcLookaheadLeft": 97.84, "bus_lcPushy": 0.31, "bus_lcSublane": 0.28, "bus_max_v": 16.14, "bus_tau_mean": 1.69, "bus_tau_std": 7.35, "car_acc": 1.38, "car_dcc": 1.33, "car_lcAssertive": 60.37, "car_lcCooperative": 0.6, "car_lcLookaheadLeft": 81.83, "car_lcPushy": 0.86, "car_lcSublane": 0.8, "car_max_v": 29.56, "car_tau_mean": 1.56, "car_tau_std": 5.21}, "datetime": {"datetime": "2024-08-04 12:42:03", "elapsed": 3997.229431, "delta": 9.49365}}
{"target": -0.04668058748666012, "params": {"bus_acc": 2.98, "bus_dcc": 2.52, "bus_lcAssertive": 7.82, "bus_lcCooperative": 0.5, "bus_lcLookaheadLeft": 91.6, "bus_lcPushy": 0.88, "bus_lcSublane": 0.09, "bus_max_v": 29.15, "bus_tau_mean": 3.43, "bus_tau_std": 8.31, "car_acc": 1.4, "car_dcc": 1.26, "car_lcAssertive": 56.47, "car_lcCooperative": 0.62, "car_lcLookaheadLeft": 91.85, "car_lcPushy": 0.89, "car_lcSublane": 0.47, "car_max_v": 18.32, "car_tau_mean": 3.77, "car_tau_std": 5.33}, "datetime": {"datetime": "2024-08-04 12:42:14", "elapsed": 4008.45093, "delta": 11.221499}}
