{"target": -1.3208871309570056, "params": {"bus_acc": 1.9154105753608384, "bus_dcc": 3.2638666759243953, "bus_lcAssertive": 63.17428478208566, "bus_lcCooperative": 0.30375843415186865, "bus_lcLookaheadLeft": 53.12261271450065, "bus_lcPushy": 0.7123121956474292, "bus_lcSigma": 0.30531353144830675, "bus_lcSublane": 0.012522836886473265, "bus_sigma": 0.26826282913593635, "bus_tau_mean": 3.2886091645652944, "bus_tau_std": 9.299930889635013, "bus_v_mean": 18.005298478452083, "bus_v_std": 1.3280748458041103, "car_acc": 2.5151407184948424, "car_dcc": 2.580716038142032, "car_lcAssertive": 75.63303809050008, "car_lcCooperative": 0.8586117030700126, "car_lcLookaheadLeft": 94.85907200797878, "car_lcPushy": 0.6545375346228315, "car_lcSigma": 0.8542582098426466, "car_lcSublane": 0.7425880576965468, "car_sigma": 0.7271011884036769, "car_tau_mean": 3.505767646934377, "car_tau_std": 9.230030407536653, "car_v_mean": 22.433216024397513, "car_v_std": 3.9575026156518067}, "datetime": {"datetime": "2024-08-07 00:57:53", "elapsed": 0.0, "delta": 0.0}}
{"target": -1.0779955960677132, "params": {"bus_acc": 1.3034497420639473, "bus_dcc": 2.917380546159715, "bus_lcAssertive": 57.00054914184882, "bus_lcCooperative": 0.468665837661252, "bus_lcLookaheadLeft": 43.947672007890475, "bus_lcPushy": 0.5992697556580301, "bus_lcSigma": 0.8499698885159654, "bus_lcSublane": 0.7511210403719374, "bus_sigma": 0.579360540297233, "bus_tau_mean": 3.736464635376098, "bus_tau_std": 0.6473998344154885, "bus_v_mean": 23.861544139708947, "bus_v_std": 0.5299454266798953, "car_acc": 1.3989910922771227, "car_dcc": 2.268257984933683, "car_lcAssertive": 11.6433787423316, "car_lcCooperative": 0.6236704109977018, "car_lcLookaheadLeft": 6.703271276788997, "car_lcPushy": 0.28462388100694214, "car_lcSigma": 0.06103668111967109, "car_lcSublane": 0.7035193311050811, "car_sigma": 0.668456167589482, "car_tau_mean": 1.8250320763771077, "car_tau_std": 1.881942600298212, "car_v_mean": 19.952077264479122, "car_v_std": 3.4037929076546725}, "datetime": {"datetime": "2024-08-07 00:57:55", "elapsed": 2.723532, "delta": 2.723532}}
{"target": -0.5225881106292821, "params": {"bus_acc": 2.590602334811286, "bus_dcc": 2.463702817538861, "bus_lcAssertive": 53.04127499074696, "bus_lcCooperative": 0.028490849491567216, "bus_lcLookaheadLeft": 65.13473794814512, "bus_lcPushy": 0.3506565024321674, "bus_lcSigma": 0.2292050272920657, "bus_lcSublane": 0.4338833762117006, "bus_sigma": 0.3824674572709176, "bus_tau_mean": 2.1442616403022607, "bus_tau_std": 9.794833541798063, "bus_v_mean": 13.830049125891687, "bus_v_std": 7.744101333360395, "car_acc": 2.1055351930997848, "car_dcc": 3.6673932673224483, "car_lcAssertive": 36.14033226380763, "car_lcCooperative": 0.24551868018650747, "car_lcLookaheadLeft": 91.2798854863829, "car_lcPushy": 0.04353426375776537, "car_lcSigma": 0.9507534280610023, "car_lcSublane": 0.5564069156709253, "car_sigma": 0.3763632166870875, "car_tau_mean": 3.982683128186889, "car_tau_std": 0.5836264614763165, "car_v_mean": 16.267301756281796, "car_v_std": 0.3109707545554785}, "datetime": {"datetime": "2024-08-07 00:58:04", "elapsed": 10.991738, "delta": 8.268206}}
{"target": -0.6397589042648484, "params": {"bus_acc": 2.077254565152694, "bus_dcc": 1.0090538698587892, "bus_lcAssertive": 95.16818476353025, "bus_lcCooperative": 0.905402033702778, "bus_lcLookaheadLeft": 80.00476031034239, "bus_lcPushy": 0.9152743199147875, "bus_lcSigma": 0.14555823115839706, "bus_lcSublane": 0.15773006987053328, "bus_sigma": 0.187631672902434, "bus_tau_mean": 2.678735658049724, "bus_tau_std": 9.058094960083018, "bus_v_mean": 23.83928285374518, "bus_v_std": 7.1112245876581595, "car_acc": 2.4636008182845908, "car_dcc": 3.7278796136327634, "car_lcAssertive": 40.686499504740965, "car_lcCooperative": 0.24985068022503676, "car_lcLookaheadLeft": 18.99615673713804, "car_lcPushy": 0.119457050333729, "car_lcSigma": 0.8126105880328287, "car_lcSublane": 0.14679237341724316, "car_sigma": 0.2642974827269007, "car_tau_mean": 3.3668121252173577, "car_tau_std": 3.1058725179420996, "car_v_mean": 23.718679188687084, "car_v_std": 2.666387021516352}, "datetime": {"datetime": "2024-08-07 00:58:08", "elapsed": 15.431769, "delta": 4.440031}}
{"target": -1.0271910748002184, "params": {"bus_acc": 2.8523628534129073, "bus_dcc": 3.7562003069008183, "bus_lcAssertive": 40.09268567943193, "bus_lcCooperative": 0.9632625284407118, "bus_lcLookaheadLeft": 19.04765533468551, "bus_lcPushy": 0.12632951943963733, "bus_lcSigma": 0.13507915804673132, "bus_lcSublane": 0.5056621656768967, "bus_sigma": 0.021524805274197978, "bus_tau_mean": 3.8178957392618833, "bus_tau_std": 8.271154711707325, "bus_v_mean": 8.240303691873958, "bus_v_std": 1.7619625557505525, "car_acc": 1.664127148733674, "car_dcc": 1.3929905344327507, "car_lcAssertive": 81.13957852053163, "car_lcCooperative": 0.34473665268329345, "car_lcLookaheadLeft": 94.13053326866998, "car_lcPushy": 0.58201417994708, "car_lcSigma": 0.8788319844118441, "car_lcSublane": 0.8447344453922219, "car_sigma": 0.9053923187086492, "car_tau_mean": 2.1095809303588244, "car_tau_std": 5.463468160203733, "car_v_mean": 20.77765745843263, "car_v_std": 2.8571885173414757}, "datetime": {"datetime": "2024-08-07 00:58:14", "elapsed": 21.063102, "delta": 5.631333}}
{"target": -1.0784340669562664, "params": {"bus_acc": 1.414813129638648, "bus_dcc": 3.2418409631776672, "bus_lcAssertive": 26.560677736740914, "bus_lcCooperative": 0.03724025561078481, "bus_lcLookaheadLeft": 3.573116498372083, "bus_lcPushy": 0.15270593118117648, "bus_lcSigma": 0.46208419299774217, "bus_lcSublane": 0.7559010975378051, "bus_sigma": 0.7288149319451539, "bus_tau_mean": 1.7333630486906286, "bus_tau_std": 4.791392787629136, "bus_v_mean": 21.025180054010644, "bus_v_std": 8.384029063789791, "car_acc": 1.639833400835971, "car_dcc": 1.0127950552213214, "car_lcAssertive": 5.646153479397031, "car_lcCooperative": 0.7378073776039841, "car_lcLookaheadLeft": 28.717963545105786, "car_lcPushy": 0.4814858121866522, "car_lcSigma": 0.1920312660311443, "car_lcSublane": 0.8471129160821944, "car_sigma": 0.5033776096365531, "car_tau_mean": 2.345060615027915, "car_tau_std": 2.8807958808575487, "car_v_mean": 16.191987690622767, "car_v_std": 0.019636453825200295}, "datetime": {"datetime": "2024-08-07 00:58:15", "elapsed": 22.311512, "delta": 1.24841}}
{"target": -0.776591052458542, "params": {"bus_acc": 2.746646268073464, "bus_dcc": 1.7339021971576243, "bus_lcAssertive": 63.3311877151724, "bus_lcCooperative": 0.034431265307095615, "bus_lcLookaheadLeft": 52.587449185552764, "bus_lcPushy": 0.8632264817138495, "bus_lcSigma": 0.9841265438849168, "bus_lcSublane": 0.009872975358918512, "bus_sigma": 0.2528414820768151, "bus_tau_mean": 1.2834738461463386, "bus_tau_std": 0.47537594227760493, "bus_v_mean": 8.16275930018841, "bus_v_std": 4.901953122442317, "car_acc": 1.0909642913405881, "car_dcc": 1.834984392540706, "car_lcAssertive": 64.35748234178232, "car_lcCooperative": 0.2946920415609042, "car_lcLookaheadLeft": 28.42616071358704, "car_lcPushy": 0.5905465222435671, "car_lcSigma": 0.38053407720964005, "car_lcSublane": 0.7025230339614009, "car_sigma": 0.4961239512498611, "car_tau_mean": 2.7162324303226715, "car_tau_std": 3.533943470016294, "car_v_mean": 12.592703138488138, "car_v_std": 1.3320711375110195}, "datetime": {"datetime": "2024-08-07 00:58:17", "elapsed": 24.555589, "delta": 2.244077}}
{"target": -0.6035933262419354, "params": {"bus_acc": 1.423920329287352, "bus_dcc": 3.3958127342806304, "bus_lcAssertive": 30.43580676921995, "bus_lcCooperative": 0.02760601195450363, "bus_lcLookaheadLeft": 60.15638004753286, "bus_lcPushy": 0.8438404289311888, "bus_lcSigma": 0.3810161240622142, "bus_lcSublane": 0.7498583107261434, "bus_sigma": 0.5111414782971282, "bus_tau_mean": 2.39333131736766, "bus_tau_std": 9.594343210617524, "bus_v_mean": 20.86337426397835, "bus_v_std": 0.3232306662357398, "car_acc": 2.41877450246259, "car_dcc": 2.3950044446905183, "car_lcAssertive": 94.80734519811489, "car_lcCooperative": 0.2214327343234883, "car_lcLookaheadLeft": 28.173057929067845, "car_lcPushy": 0.081473964877262, "car_lcSigma": 0.42861882866378653, "car_lcSublane": 0.10901876401906829, "car_sigma": 0.6337867606119179, "car_tau_mean": 3.3103713308080827, "car_tau_std": 6.9680049612017845, "car_v_mean": 20.259382097212328, "car_v_std": 3.424541198435198}, "datetime": {"datetime": "2024-08-07 00:58:19", "elapsed": 26.598251, "delta": 2.042662}}
{"target": -0.505019045899939, "params": {"bus_acc": 2.501624206272311, "bus_dcc": 3.1779939560513544, "bus_lcAssertive": 88.44730302937518, "bus_lcCooperative": 0.6236722070556089, "bus_lcLookaheadLeft": 75.59235853467905, "bus_lcPushy": 0.34889834197784253, "bus_lcSigma": 0.2699278917650261, "bus_lcSublane": 0.8958862181960668, "bus_sigma": 0.4280911898712949, "bus_tau_mean": 3.8769401650193496, "bus_tau_std": 6.634414978184481, "bus_v_mean": 17.94713152334595, "bus_v_std": 1.1474597295337519, "car_acc": 2.8989785174141423, "car_dcc": 2.349736400439822, "car_lcAssertive": 58.26057182432604, "car_lcCooperative": 0.40813680276128117, "car_lcLookaheadLeft": 25.228644063816716, "car_lcPushy": 0.9033795205622538, "car_lcSigma": 0.5736794866722859, "car_lcSublane": 0.00287032703115897, "car_sigma": 0.6171449136207239, "car_tau_mean": 1.6432571562023366, "car_tau_std": 5.270581022576093, "car_v_mean": 22.175073588972392, "car_v_std": 3.5726976000249975}, "datetime": {"datetime": "2024-08-07 00:58:27", "elapsed": 33.771785, "delta": 7.173534}}
{"target": -0.5491074322913623, "params": {"bus_acc": 1.556718660788632, "bus_dcc": 2.4624139048775473, "bus_lcAssertive": 62.47428637046675, "bus_lcCooperative": 0.13339403014523998, "bus_lcLookaheadLeft": 5.225054226068378, "bus_lcPushy": 0.11341100113082614, "bus_lcSigma": 0.47746107633965307, "bus_lcSublane": 0.02402673463080851, "bus_sigma": 0.6262089291372217, "bus_tau_mean": 0.8415391629162956, "bus_tau_std": 2.5096153771624574, "bus_v_mean": 14.823887133699495, "bus_v_std": 1.1582674670624904, "car_acc": 1.5411039875949328, "car_dcc": 1.063239018506534, "car_lcAssertive": 98.51950980743648, "car_lcCooperative": 0.6115736081214106, "car_lcLookaheadLeft": 39.078676205854414, "car_lcPushy": 0.026528351110449155, "car_lcSigma": 0.3898387483749842, "car_lcSublane": 0.4525586263864343, "car_sigma": 0.9310031937645028, "car_tau_mean": 1.4747646014331983, "car_tau_std": 6.14781891083299, "car_v_mean": 18.642693673315094, "car_v_std": 1.8596096979633892}, "datetime": {"datetime": "2024-08-07 00:58:31", "elapsed": 38.088878, "delta": 4.317093}}
{"target": -0.5819958155842899, "params": {"bus_acc": 1.9728491476153722, "bus_dcc": 3.09743969623875, "bus_lcAssertive": 40.10371895007474, "bus_lcCooperative": 0.7974959842933487, "bus_lcLookaheadLeft": 79.06887406342508, "bus_lcPushy": 0.15552858387362167, "bus_lcSigma": 0.3178175503505978, "bus_lcSublane": 0.34398317678599033, "bus_sigma": 0.3641702986535258, "bus_tau_mean": 2.4832594484076456, "bus_tau_std": 0.41687442520287776, "bus_v_mean": 18.559515503422386, "bus_v_std": 2.0163175905663433, "car_acc": 1.8329251123462162, "car_dcc": 2.3526779695021, "car_lcAssertive": 35.52395018521695, "car_lcCooperative": 0.38328031012801256, "car_lcLookaheadLeft": 19.669993963080415, "car_lcPushy": 0.0681300573940744, "car_lcSigma": 0.5512566489358516, "car_lcSublane": 0.5958669456166511, "car_sigma": 0.1454997892217088, "car_tau_mean": 1.3082959791274344, "car_tau_std": 2.8637713153738242, "car_v_mean": 21.292021870470812, "car_v_std": 1.5342094116241234}, "datetime": {"datetime": "2024-08-07 00:58:34", "elapsed": 40.951535, "delta": 2.862657}}
{"target": -0.48877590812090677, "params": {"bus_acc": 2.691702966055355, "bus_dcc": 2.2863063249983275, "bus_lcAssertive": 82.57697717081956, "bus_lcCooperative": 0.6264961586242938, "bus_lcLookaheadLeft": 16.055458769684, "bus_lcPushy": 0.07838689985494796, "bus_lcSigma": 0.01833264291300729, "bus_lcSublane": 0.06672499763935646, "bus_sigma": 0.4585838137084318, "bus_tau_mean": 0.8966967296865667, "bus_tau_std": 0.27783348848669953, "bus_v_mean": 20.07778370224748, "bus_v_std": 3.948504804606394, "car_acc": 2.4938769912150502, "car_dcc": 2.357214480239355, "car_lcAssertive": 45.55858795307535, "car_lcCooperative": 0.47807250671783097, "car_lcLookaheadLeft": 48.452384803095015, "car_lcPushy": 0.8031633421141696, "car_lcSigma": 0.40239251985773583, "car_lcSublane": 0.904686160343623, "car_sigma": 0.037061047954035864, "car_tau_mean": 3.2085601995214654, "car_tau_std": 1.2564138113773882, "car_v_mean": 17.896217070593366, "car_v_std": 0.10364261335231939}, "datetime": {"datetime": "2024-08-07 00:58:34", "elapsed": 41.570606, "delta": 0.619071}}
{"target": -0.43642230892552236, "params": {"bus_acc": 2.7482518711960564, "bus_dcc": 3.8534068552560763, "bus_lcAssertive": 81.43822311329251, "bus_lcCooperative": 0.2838018349468743, "bus_lcLookaheadLeft": 53.72898601956003, "bus_lcPushy": 0.3394167240176095, "bus_lcSigma": 0.5546673107876667, "bus_lcSublane": 0.9744034689130026, "bus_sigma": 0.3117029177189814, "bus_tau_mean": 2.840788120730044, "bus_tau_std": 3.2596720730898587, "bus_v_mean": 20.391636256241274, "bus_v_std": 3.2580996661320483, "car_acc": 2.77965468289475, "car_dcc": 3.2551231627578003, "car_lcAssertive": 76.50057744906596, "car_lcCooperative": 0.46947902855992574, "car_lcLookaheadLeft": 22.654921241933128, "car_lcPushy": 0.041475079576498874, "car_lcSigma": 0.3218287999702445, "car_lcSublane": 0.03711266449399442, "car_sigma": 0.6938554113738997, "car_tau_mean": 2.8462251117765893, "car_tau_std": 4.30471782744975, "car_v_mean": 20.284623642530768, "car_v_std": 5.360084947395637}, "datetime": {"datetime": "2024-08-07 00:58:36", "elapsed": 42.80338, "delta": 1.232774}}
{"target": -0.39475228748339664, "params": {"bus_acc": 1.8575903206975954, "bus_dcc": 2.1463019276474187, "bus_lcAssertive": 13.544625000845354, "bus_lcCooperative": 0.24426666320897583, "bus_lcLookaheadLeft": 9.775475129915257, "bus_lcPushy": 0.3028583047175786, "bus_lcSigma": 0.7417048002315554, "bus_lcSublane": 0.6150157249710488, "bus_sigma": 0.6724110989339258, "bus_tau_mean": 0.5293407783376105, "bus_tau_std": 6.783769722513199, "bus_v_mean": 16.050891048686193, "bus_v_std": 2.309084504841792, "car_acc": 1.3497930179638444, "car_dcc": 1.5549488966524896, "car_lcAssertive": 84.58174050243474, "car_lcCooperative": 0.9825897893050853, "car_lcLookaheadLeft": 91.5464832344799, "car_lcPushy": 0.3473694203728128, "car_lcSigma": 0.7802245796913637, "car_lcSublane": 0.5464545907014307, "car_sigma": 0.8164423975559377, "car_tau_mean": 2.1930443291611708, "car_tau_std": 5.899512982994038, "car_v_mean": 20.596215160388184, "car_v_std": 1.0023464310313235}, "datetime": {"datetime": "2024-08-07 00:58:40", "elapsed": 47.627579, "delta": 4.824199}}
{"target": -0.3852117024939863, "params": {"bus_acc": 1.6886783909001077, "bus_dcc": 1.454126709978397, "bus_lcAssertive": 63.90172518735689, "bus_lcCooperative": 0.8477880437147416, "bus_lcLookaheadLeft": 82.54123872687303, "bus_lcPushy": 0.6282395971306578, "bus_lcSigma": 0.9563015097552321, "bus_lcSublane": 0.5899231270757698, "bus_sigma": 0.1978327846479193, "bus_tau_mean": 2.002657529157723, "bus_tau_std": 3.3674599870116726, "bus_v_mean": 23.871120190516496, "bus_v_std": 3.802364961172647, "car_acc": 2.985401747329636, "car_dcc": 2.5564127522002424, "car_lcAssertive": 18.05569044623542, "car_lcCooperative": 0.07457407125147986, "car_lcLookaheadLeft": 38.28995798984099, "car_lcPushy": 0.12341885981472989, "car_lcSigma": 0.6345187162918416, "car_lcSublane": 0.4139198457294089, "car_sigma": 0.9909156325254501, "car_tau_mean": 3.7548446827866124, "car_tau_std": 1.4923603230975002, "car_v_mean": 14.318116200588808, "car_v_std": 4.615797109623862}, "datetime": {"datetime": "2024-08-07 00:58:43", "elapsed": 49.907577, "delta": 2.279998}}
{"target": -0.37068519619125884, "params": {"bus_acc": 1.4701552733723406, "bus_dcc": 2.384806242674866, "bus_lcAssertive": 20.6605588023387, "bus_lcCooperative": 0.0254762357788203, "bus_lcLookaheadLeft": 73.48097442910296, "bus_lcPushy": 0.7249167472191191, "bus_lcSigma": 0.33039174636170277, "bus_lcSublane": 0.8434941260636555, "bus_sigma": 0.42844247595107343, "bus_tau_mean": 3.52640150667237, "bus_tau_std": 6.570654246228895, "bus_v_mean": 17.296570518689443, "bus_v_std": 2.00727488035091, "car_acc": 2.0590932209567896, "car_dcc": 3.6832972552827172, "car_lcAssertive": 31.194403607686386, "car_lcCooperative": 0.8709456091610533, "car_lcLookaheadLeft": 91.05703674012204, "car_lcPushy": 0.32984456268188234, "car_lcSigma": 0.6830743663365642, "car_lcSublane": 0.8992209495659688, "car_sigma": 0.07569688175830336, "car_tau_mean": 3.5750575212166966, "car_tau_std": 1.908393632684806, "car_v_mean": 21.59630256028689, "car_v_std": 6.67118788699204}, "datetime": {"datetime": "2024-08-07 00:58:44", "elapsed": 51.699453, "delta": 1.791876}}
{"target": -0.3276070485353276, "params": {"bus_acc": 1.291570862429554, "bus_dcc": 1.7346419162856508, "bus_lcAssertive": 29.93906244188909, "bus_lcCooperative": 0.19593194649899215, "bus_lcLookaheadLeft": 10.617991009519125, "bus_lcPushy": 0.8699761802716075, "bus_lcSigma": 0.08818864557151007, "bus_lcSublane": 0.6837103358216379, "bus_sigma": 0.12040087685772338, "bus_tau_mean": 0.5374465110046096, "bus_tau_std": 5.572682300749138, "bus_v_mean": 22.51374488352593, "bus_v_std": 8.604566673368852, "car_acc": 1.6769027682365, "car_dcc": 1.0814764879775867, "car_lcAssertive": 80.28507615787328, "car_lcCooperative": 0.805984932289666, "car_lcLookaheadLeft": 87.11183539767167, "car_lcPushy": 0.6696465998755331, "car_lcSigma": 0.8077788623150765, "car_lcSublane": 0.8974982823028202, "car_sigma": 0.4538299504900123, "car_tau_mean": 2.4523885630021867, "car_tau_std": 5.061311288282347, "car_v_mean": 19.0717424723875, "car_v_std": 6.829068676298748}, "datetime": {"datetime": "2024-08-07 00:58:49", "elapsed": 56.251455, "delta": 4.552002}}
{"target": -0.3744834201546946, "params": {"bus_acc": 1.8974745176486438, "bus_dcc": 3.1129401951517286, "bus_lcAssertive": 68.48288842265967, "bus_lcCooperative": 0.6971485287527562, "bus_lcLookaheadLeft": 62.622872771030565, "bus_lcPushy": 0.15098073327964578, "bus_lcSigma": 0.760802456305756, "bus_lcSublane": 0.781045822193957, "bus_sigma": 0.9041029859138049, "bus_tau_mean": 1.3181904241143707, "bus_tau_std": 1.7667889307234141, "bus_v_mean": 14.257585969708199, "bus_v_std": 3.2056465399516023, "car_acc": 2.630953858011252, "car_dcc": 2.840577699005295, "car_lcAssertive": 76.24017348262514, "car_lcCooperative": 0.4276650996969642, "car_lcLookaheadLeft": 11.745175165727744, "car_lcPushy": 0.11503501205024624, "car_lcSigma": 0.3734071317371953, "car_lcSublane": 0.19384776750950716, "car_sigma": 0.8207464986229382, "car_tau_mean": 2.5987260294830086, "car_tau_std": 6.88845259018665, "car_v_mean": 15.857759380868739, "car_v_std": 0.8817368124218106}, "datetime": {"datetime": "2024-08-07 00:58:51", "elapsed": 58.496839, "delta": 2.245384}}
{"target": -0.35147542087064554, "params": {"bus_acc": 2.0740142336810816, "bus_dcc": 2.097950040008963, "bus_lcAssertive": 60.82637752321835, "bus_lcCooperative": 0.9588025156370005, "bus_lcLookaheadLeft": 40.49664860970232, "bus_lcPushy": 0.39297299794161644, "bus_lcSigma": 0.7906369935895988, "bus_lcSublane": 0.6450783990854264, "bus_sigma": 0.3938840078553765, "bus_tau_mean": 2.91134266880588, "bus_tau_std": 4.04001609054379, "bus_v_mean": 10.177810467969953, "bus_v_std": 4.506432686721345, "car_acc": 1.6688387853945452, "car_dcc": 1.6539067901835036, "car_lcAssertive": 92.65170536200755, "car_lcCooperative": 0.6896393990795577, "car_lcLookaheadLeft": 60.684447281095345, "car_lcPushy": 0.746657472123005, "car_lcSigma": 0.5419710617714415, "car_lcSublane": 0.7005330726195026, "car_sigma": 0.9305598192498451, "car_tau_mean": 3.5191584307682766, "car_tau_std": 1.674418575065213, "car_v_mean": 12.210224382781988, "car_v_std": 0.7161027944180454}, "datetime": {"datetime": "2024-08-07 00:58:52", "elapsed": 59.00854, "delta": 0.511701}}
{"target": -0.3295797304912349, "params": {"bus_acc": 2.344841545172865, "bus_dcc": 2.5533601714402434, "bus_lcAssertive": 19.818617997514117, "bus_lcCooperative": 0.4691344398333771, "bus_lcLookaheadLeft": 35.27500514203774, "bus_lcPushy": 0.7044971982481261, "bus_lcSigma": 0.226095202432549, "bus_lcSublane": 0.8449881373583452, "bus_sigma": 0.5262296648916304, "bus_tau_mean": 2.252168505230812, "bus_tau_std": 2.5368580688768017, "bus_v_mean": 10.978490715786624, "bus_v_std": 4.718190627375968, "car_acc": 2.9636488356505146, "car_dcc": 1.3987187129854812, "car_lcAssertive": 29.062780810377657, "car_lcCooperative": 0.800641174283456, "car_lcLookaheadLeft": 67.14813605405398, "car_lcPushy": 0.27875840869343704, "car_lcSigma": 0.31464760677511183, "car_lcSublane": 0.41994825440192907, "car_sigma": 0.6027867622422961, "car_tau_mean": 3.017685685273764, "car_tau_std": 8.573003334512308, "car_v_mean": 18.897783527334553, "car_v_std": 2.3698206447169836}, "datetime": {"datetime": "2024-08-07 00:58:55", "elapsed": 62.262852, "delta": 3.254312}}
