{"target": -0.31331082291944323, "params": {"bus_acc": 1.9830903000338707, "bus_dcc": 3.5701074895533766, "bus_lcAssertive": 42.43922455064577, "bus_lcCooperative": 0.6834649001663011, "bus_lcLookaheadLeft": 41.0030826619764, "bus_lcPushy": 0.5057420174508104, "bus_lcSigma": 0.1895517028339273, "bus_lcSublane": 0.9649889241109139, "bus_sigma": 0.2942156882442547, "bus_tau_mean": 0.8621084464074047, "bus_tau_std": 1.443154002290481, "bus_v_mean": 8.225476707079087, "bus_v_std": 7.159456994623945, "car_acc": 2.1289966404817484, "car_dcc": 3.3837350535542567, "car_lcAssertive": 51.20091240512951, "car_lcCooperative": 0.7918210395041538, "car_lcLookaheadLeft": 70.18489299864027, "car_lcPushy": 0.7778484768591754, "car_lcSigma": 0.4064828689770863, "car_lcSublane": 0.6477706331874812, "car_sigma": 0.1797942976929744, "car_tau_mean": 1.6263698718576638, "car_tau_std": 1.726046201197925, "car_v_mean": 14.538195600212198, "car_v_std": 2.414187479655988}, "datetime": {"datetime": "2024-08-07 09:33:31", "elapsed": 314.100388, "delta": 2.108265}}
{"target": -0.34490883835297526, "params": {"bus_acc": 2.1423514783724666, "bus_dcc": 1.5414055269853466, "bus_lcAssertive": 63.46496083361352, "bus_lcCooperative": 0.9809236757505815, "bus_lcLookaheadLeft": 87.74045001881333, "bus_lcPushy": 0.45183624942087064, "bus_lcSigma": 0.7084608700517172, "bus_lcSublane": 0.7774687500031893, "bus_sigma": 0.4948430841825636, "bus_tau_mean": 2.3498672156214777, "bus_tau_std": 1.507843983721926, "bus_v_mean": 13.9103988097905, "bus_v_std": 1.4222125307278666, "car_acc": 2.4537875066891255, "car_dcc": 2.43103898320679, "car_lcAssertive": 45.43900483396979, "car_lcCooperative": 0.8859979711653513, "car_lcLookaheadLeft": 53.706639686533016, "car_lcPushy": 0.4090908319168599, "car_lcSigma": 0.26889202221264585, "car_lcSublane": 0.07201203516976995, "car_sigma": 0.4181361337253158, "car_tau_mean": 0.5901371884230417, "car_tau_std": 2.9115394055242803, "car_v_mean": 16.056152157574346, "car_v_std": 9.659330650197223}, "datetime": {"datetime": "2024-08-07 09:33:46", "elapsed": 329.440454, "delta": 15.340066}}
{"target": -0.3486514141120465, "params": {"bus_acc": 2.576602379335938, "bus_dcc": 1.0362902800460736, "bus_lcAssertive": 31.031221499148337, "bus_lcCooperative": 0.021375961088070716, "bus_lcLookaheadLeft": 99.75352928737628, "bus_lcPushy": 0.5820299763434618, "bus_lcSigma": 0.29337627848605663, "bus_lcSublane": 0.9289494618931157, "bus_sigma": 0.5071194235482045, "bus_tau_mean": 2.091422796433424, "bus_tau_std": 5.878715062961865, "bus_v_mean": 12.226202307369114, "bus_v_std": 3.052882993474333, "car_acc": 1.743309153448365, "car_dcc": 1.7333439981148326, "car_lcAssertive": 58.87017934554635, "car_lcCooperative": 0.6958461339323264, "car_lcLookaheadLeft": 9.050827576072109, "car_lcPushy": 0.9710833196254638, "car_lcSigma": 0.7530706558694549, "car_lcSublane": 0.8061631629534083, "car_sigma": 0.7516404040812905, "car_tau_mean": 0.7802134204492606, "car_tau_std": 4.816962830211771, "car_v_mean": 15.130767302426497, "car_v_std": 6.724726505249299}, "datetime": {"datetime": "2024-08-07 09:33:51", "elapsed": 334.18315, "delta": 4.742696}}
{"target": -0.3607331635292166, "params": {"bus_acc": 2.1715185429165755, "bus_dcc": 3.9087872449590235, "bus_lcAssertive": 56.54199170631529, "bus_lcCooperative": 0.01864728937294302, "bus_lcLookaheadLeft": 80.4620019227004, "bus_lcPushy": 0.23297427384102043, "bus_lcSigma": 0.8071051956187791, "bus_lcSublane": 0.38786064406417176, "bus_sigma": 0.8635418545594287, "bus_tau_mean": 3.1149257495801463, "bus_tau_std": 5.562402339904189, "bus_v_mean": 10.18328361057096, "bus_v_std": 0.5991768951221166, "car_acc": 1.2426869114814747, "car_dcc": 1.1336556356342853, "car_lcAssertive": 11.641918781503197, "car_lcCooperative": 0.2257093386078547, "car_lcLookaheadLeft": 71.87292007750231, "car_lcPushy": 0.5597169820541424, "car_lcSigma": 0.012555980159115854, "car_lcSublane": 0.07197427968948678, "car_sigma": 0.967276330000272, "car_tau_mean": 2.4883516167197977, "car_tau_std": 2.032932346609905, "car_v_mean": 12.037211913125175, "car_v_std": 7.43825854075093}, "datetime": {"datetime": "2024-08-07 09:33:58", "elapsed": 340.6561, "delta": 6.47295}}
{"target": -0.354722732454158, "params": {"bus_acc": 1.9916527941704247, "bus_dcc": 2.0904660498547156, "bus_lcAssertive": 28.284707173325017, "bus_lcCooperative": 0.9247408135383717, "bus_lcLookaheadLeft": 39.92494495711663, "bus_lcPushy": 0.49288087343132025, "bus_lcSigma": 0.2544381023144221, "bus_lcSublane": 0.8849665188380633, "bus_sigma": 0.38326345680528673, "bus_tau_mean": 1.5415115035985634, "bus_tau_std": 7.175949621947543, "bus_v_mean": 11.053919090756919, "bus_v_std": 1.1819262934703845, "car_acc": 2.6739955644270244, "car_dcc": 3.2324077641086055, "car_lcAssertive": 59.461534217064596, "car_lcCooperative": 0.24289157496487068, "car_lcLookaheadLeft": 63.07822022838324, "car_lcPushy": 0.638355320741173, "car_lcSigma": 0.32756944411232514, "car_lcSublane": 0.06748934306754228, "car_sigma": 0.8805385975643267, "car_tau_mean": 2.1098485587599045, "car_tau_std": 7.638727180664299, "car_v_mean": 12.062217935083835, "car_v_std": 5.913871822675168}, "datetime": {"datetime": "2024-08-07 09:34:05", "elapsed": 348.389476, "delta": 7.733376}}
{"target": -0.3682304727852057, "params": {"bus_acc": 1.5561700972259656, "bus_dcc": 1.0113810172280278, "bus_lcAssertive": 93.4563582231739, "bus_lcCooperative": 0.8578971045378938, "bus_lcLookaheadLeft": 73.42738599688708, "bus_lcPushy": 0.5166887829215384, "bus_lcSigma": 0.706956245248761, "bus_lcSublane": 0.7805295568767427, "bus_sigma": 0.3748759435368594, "bus_tau_mean": 3.1961288386548516, "bus_tau_std": 7.506243191751754, "bus_v_mean": 17.811379384708154, "bus_v_std": 4.018659239678374, "car_acc": 2.3946160385286817, "car_dcc": 1.0093385734755764, "car_lcAssertive": 77.71476802573518, "car_lcCooperative": 0.896416602456847, "car_lcLookaheadLeft": 25.452939328875456, "car_lcPushy": 0.12076718430922972, "car_lcSigma": 0.2202839877937276, "car_lcSublane": 0.3020967312900983, "car_sigma": 0.8830285085638342, "car_tau_mean": 2.401082505833331, "car_tau_std": 2.867116496064306, "car_v_mean": 10.213675036687144, "car_v_std": 2.9014446310454165}, "datetime": {"datetime": "2024-08-07 09:34:27", "elapsed": 369.616208, "delta": 21.226732}}
{"target": -0.36441175255113684, "params": {"bus_acc": 2.9494807417101647, "bus_dcc": 2.9098132000056918, "bus_lcAssertive": 99.39738943643741, "bus_lcCooperative": 0.5460708041429516, "bus_lcLookaheadLeft": 53.589741522741086, "bus_lcPushy": 0.1354279030721699, "bus_lcSigma": 0.3557051709838811, "bus_lcSublane": 0.026218567296373285, "bus_sigma": 0.1603951795196491, "bus_tau_mean": 3.109730174476236, "bus_tau_std": 0.3039968992878883, "bus_v_mean": 13.86468955589991, "bus_v_std": 8.623462528380442, "car_acc": 2.3853554350147084, "car_dcc": 3.072826426198506, "car_lcAssertive": 19.675043294575776, "car_lcCooperative": 0.44190428074842336, "car_lcLookaheadLeft": 58.99458591974054, "car_lcPushy": 0.9897517076637052, "car_lcSigma": 0.20390622523312185, "car_lcSublane": 0.24773290176235485, "car_sigma": 0.26217308377291193, "car_tau_mean": 3.125603446542975, "car_tau_std": 4.569753274356928, "car_v_mean": 8.91087101457752, "car_v_std": 5.085162406102396}, "datetime": {"datetime": "2024-08-07 09:34:28", "elapsed": 370.761347, "delta": 1.145139}}
{"target": -0.4058812405237443, "params": {"bus_acc": 2.8170703018395984, "bus_dcc": 2.870080347375408, "bus_lcAssertive": 2.566303041809072, "bus_lcCooperative": 0.9294372337437613, "bus_lcLookaheadLeft": 69.70789791665855, "bus_lcPushy": 0.9973228504514805, "bus_lcSigma": 0.17234050834532855, "bus_lcSublane": 0.13713574962887776, "bus_sigma": 0.9325954630371636, "bus_tau_mean": 2.9388635652146506, "bus_tau_std": 0.6600017272206249, "bus_v_mean": 20.087408841639462, "bus_v_std": 7.538761884612464, "car_acc": 2.846049071092967, "car_dcc": 3.134574275885415, "car_lcAssertive": 13.302825235244304, "car_lcCooperative": 0.01988013383979559, "car_lcLookaheadLeft": 4.5686767140164894, "car_lcPushy": 0.028306488020794607, "car_lcSigma": 0.2462110676030459, "car_lcSublane": 0.860027948682888, "car_sigma": 0.5388310643416528, "car_tau_mean": 2.4348769254001805, "car_tau_std": 8.420308923596057, "car_v_mean": 9.986773041918578, "car_v_std": 2.791836790111395}, "datetime": {"datetime": "2024-08-07 09:34:57", "elapsed": 399.907495, "delta": 29.146148}}
{"target": -0.408402750650383, "params": {"bus_acc": 1.691358426592051, "bus_dcc": 2.786875294404849, "bus_lcAssertive": 60.29954360836855, "bus_lcCooperative": 0.6157042872039488, "bus_lcLookaheadLeft": 7.799366304200794, "bus_lcPushy": 0.7503171845746859, "bus_lcSigma": 0.9482094981876252, "bus_lcSublane": 0.5346790571795887, "bus_sigma": 0.1925560209550684, "bus_tau_mean": 3.135240702429798, "bus_tau_std": 0.073189693278638, "bus_v_mean": 13.252097658412493, "bus_v_std": 9.176063476443932, "car_acc": 2.1767346657877535, "car_dcc": 3.565570851712406, "car_lcAssertive": 60.862533182569585, "car_lcCooperative": 0.822578152523871, "car_lcLookaheadLeft": 88.18938529607306, "car_lcPushy": 0.3209863745244532, "car_lcSigma": 0.12295477155217849, "car_lcSublane": 0.7213033441865708, "car_sigma": 0.44034708683123824, "car_tau_mean": 0.94357498199703, "car_tau_std": 5.898236481098892, "car_v_mean": 8.577093033117759, "car_v_std": 2.0018211641098693}, "datetime": {"datetime": "2024-08-07 09:35:04", "elapsed": 407.098731, "delta": 7.191236}}
{"target": -0.7061842492558148, "params": {"bus_acc": 1.891, "bus_dcc": 3.5765, "bus_lcAssertive": 6.9936, "bus_lcCooperative": 0.4851, "bus_lcLookaheadLeft": 8.1661, "bus_lcPushy": 0.5905, "bus_lcSigma": 0.4995, "bus_lcSublane": 0.3326, "bus_sigma": 0.831, "bus_tau_mean": 1.49, "bus_tau_std": 7.6554, "bus_v_mean": 18.2313, "bus_v_std": 2.6292, "car_acc": 1.4065, "car_dcc": 1.9979, "car_lcAssertive": 82.8078, "car_lcCooperative": 0.7049, "car_lcLookaheadLeft": 70.3218, "car_lcPushy": 0.7455, "car_lcSigma": 0.4758, "car_lcSublane": 0.4721, "car_sigma": 0.2113, "car_tau_mean": 3.5315, "car_tau_std": 6.4779, "car_v_mean": 17.7661, "car_v_std": 2.6976}, "datetime": {"datetime": "2024-08-07 09:36:27", "elapsed": 489.489508, "delta": 82.390777}}
{"target": -0.39928369539078995, "params": {"bus_acc": 1.1700884227395558, "bus_dcc": 1.1171643496986472, "bus_lcAssertive": 17.81321153689232, "bus_lcCooperative": 0.8781425034294131, "bus_lcLookaheadLeft": 11.63798971563891, "bus_lcPushy": 0.42110762500505217, "bus_lcSigma": 0.9578895301505019, "bus_lcSublane": 0.5331652849730171, "bus_sigma": 0.6918771139504734, "bus_tau_mean": 1.6043047085212203, "bus_tau_std": 6.865009276815837, "bus_v_mean": 21.354010750357965, "bus_v_std": 0.18288277344191806, "car_acc": 2.500288629889935, "car_dcc": 3.9665832667194842, "car_lcAssertive": 75.0683997836041, "car_lcCooperative": 0.2804439920644052, "car_lcLookaheadLeft": 79.34937418824587, "car_lcPushy": 0.10322600657764203, "car_lcSigma": 0.44789352617590517, "car_lcSublane": 0.9085955030930956, "car_sigma": 0.2936141483736795, "car_tau_mean": 1.5072136850522206, "car_tau_std": 1.3002857211827767, "car_v_mean": 8.309871325924753, "car_v_std": 6.788355329398909}, "datetime": {"datetime": "2024-08-07 09:36:27", "elapsed": 490.399806, "delta": 0.910298}}
{"target": -0.4677517676132375, "params": {"bus_acc": 1.4307, "bus_dcc": 3.5053, "bus_lcAssertive": 54.1736, "bus_lcCooperative": 0.6541, "bus_lcLookaheadLeft": 66.5851, "bus_lcPushy": 0.9348, "bus_lcSigma": 0.4764, "bus_lcSublane": 0.5822, "bus_sigma": 0.7089, "bus_tau_mean": 3.541, "bus_tau_std": 9.9093, "bus_v_mean": 11.6141, "bus_v_std": 1.0595, "car_acc": 2.0149, "car_dcc": 1.0003, "car_lcAssertive": 40.7478, "car_lcCooperative": 0.457, "car_lcLookaheadLeft": 97.8507, "car_lcPushy": 0.9551, "car_lcSigma": 0.4557, "car_lcSublane": 0.4402, "car_sigma": 0.56, "car_tau_mean": 3.9895, "car_tau_std": 3.6963, "car_v_mean": 15.5313, "car_v_std": 1.2682}, "datetime": {"datetime": "2024-08-07 09:38:56", "elapsed": 638.887163, "delta": 148.487357}}
{"target": -0.3351314539997582, "params": {"bus_acc": 2.0363, "bus_dcc": 3.8442, "bus_lcAssertive": 47.9035, "bus_lcCooperative": 0.7283, "bus_lcLookaheadLeft": 62.8268, "bus_lcPushy": 0.205, "bus_lcSigma": 0.3689, "bus_lcSublane": 0.4147, "bus_sigma": 0.4938, "bus_tau_mean": 1.6497, "bus_tau_std": 3.6749, "bus_v_mean": 12.1788, "bus_v_std": 5.6355, "car_acc": 1.2534, "car_dcc": 1.65, "car_lcAssertive": 29.9395, "car_lcCooperative": 0.1037, "car_lcLookaheadLeft": 95.9206, "car_lcPushy": 0.9213, "car_lcSigma": 0.545, "car_lcSublane": 0.3729, "car_sigma": 0.3113, "car_tau_mean": 3.6866, "car_tau_std": 2.8291, "car_v_mean": 18.9206, "car_v_std": 0.1786}, "datetime": {"datetime": "2024-08-07 09:39:51", "elapsed": 694.103836, "delta": 55.216673}}
{"target": -0.2948212903243529, "params": {"bus_acc": 1.7522, "bus_dcc": 1.9511, "bus_lcAssertive": 45.851, "bus_lcCooperative": 0.6013, "bus_lcLookaheadLeft": 21.0521, "bus_lcPushy": 0.5306, "bus_lcSigma": 0.6548, "bus_lcSublane": 0.6243, "bus_sigma": 0.0341, "bus_tau_mean": 2.9212, "bus_tau_std": 5.4074, "bus_v_mean": 8.0224, "bus_v_std": 4.3947, "car_acc": 1.2804, "car_dcc": 1.0268, "car_lcAssertive": 82.7452, "car_lcCooperative": 0.7536, "car_lcLookaheadLeft": 98.8638, "car_lcPushy": 0.0652, "car_lcSigma": 0.6745, "car_lcSublane": 0.4937, "car_sigma": 0.717, "car_tau_mean": 3.5962, "car_tau_std": 4.3032, "car_v_mean": 22.3991, "car_v_std": 5.0978}, "datetime": {"datetime": "2024-08-07 09:40:36", "elapsed": 738.998544, "delta": 44.894708}}
{"target": -0.3884886620535348, "params": {"bus_acc": 2.2818, "bus_dcc": 1.7315, "bus_lcAssertive": 51.0231, "bus_lcCooperative": 0.85, "bus_lcLookaheadLeft": 87.701, "bus_lcPushy": 0.4887, "bus_lcSigma": 0.0255, "bus_lcSublane": 0.1716, "bus_sigma": 0.716, "bus_tau_mean": 2.8563, "bus_tau_std": 5.351, "bus_v_mean": 14.7997, "bus_v_std": 9.69, "car_acc": 1.915, "car_dcc": 1.7713, "car_lcAssertive": 94.6707, "car_lcCooperative": 0.0266, "car_lcLookaheadLeft": 80.7849, "car_lcPushy": 0.5106, "car_lcSigma": 0.7234, "car_lcSublane": 0.2999, "car_sigma": 0.4611, "car_tau_mean": 1.6432, "car_tau_std": 3.5802, "car_v_mean": 22.2429, "car_v_std": 7.2151}, "datetime": {"datetime": "2024-08-07 09:40:50", "elapsed": 752.558036, "delta": 13.559492}}
{"target": -0.3470506871464289, "params": {"bus_acc": 2.6065, "bus_dcc": 1.403, "bus_lcAssertive": 50.0081, "bus_lcCooperative": 0.7983, "bus_lcLookaheadLeft": 72.9892, "bus_lcPushy": 0.9494, "bus_lcSigma": 0.6172, "bus_lcSublane": 0.6989, "bus_sigma": 0.7225, "bus_tau_mean": 1.4104, "bus_tau_std": 2.4126, "bus_v_mean": 15.0149, "bus_v_std": 7.5786, "car_acc": 1.3849, "car_dcc": 2.9733, "car_lcAssertive": 37.56, "car_lcCooperative": 0.7577, "car_lcLookaheadLeft": 90.0381, "car_lcPushy": 0.9672, "car_lcSigma": 0.908, "car_lcSublane": 0.0215, "car_sigma": 0.2063, "car_tau_mean": 2.5186, "car_tau_std": 6.187, "car_v_mean": 18.8916, "car_v_std": 0.5856}, "datetime": {"datetime": "2024-08-07 09:40:55", "elapsed": 757.908162, "delta": 5.350126}}
{"target": -0.398143737171582, "params": {"bus_acc": 2.7716, "bus_dcc": 2.0315, "bus_lcAssertive": 5.605, "bus_lcCooperative": 0.2211, "bus_lcLookaheadLeft": 42.2598, "bus_lcPushy": 0.7526, "bus_lcSigma": 0.2115, "bus_lcSublane": 0.2717, "bus_sigma": 0.7719, "bus_tau_mean": 2.2039, "bus_tau_std": 8.4691, "bus_v_mean": 12.2197, "bus_v_std": 0.5091, "car_acc": 1.5667, "car_dcc": 1.1109, "car_lcAssertive": 92.757, "car_lcCooperative": 0.6951, "car_lcLookaheadLeft": 97.2024, "car_lcPushy": 0.884, "car_lcSigma": 0.1663, "car_lcSublane": 0.8278, "car_sigma": 0.3546, "car_tau_mean": 3.4178, "car_tau_std": 6.0337, "car_v_mean": 17.6974, "car_v_std": 1.0973}, "datetime": {"datetime": "2024-08-07 09:41:29", "elapsed": 792.401696, "delta": 34.493534}}
{"target": -0.35661434883389254, "params": {"bus_acc": 2.7352, "bus_dcc": 1.9694, "bus_lcAssertive": 52.5772, "bus_lcCooperative": 0.1372, "bus_lcLookaheadLeft": 44.7063, "bus_lcPushy": 0.6741, "bus_lcSigma": 0.4906, "bus_lcSublane": 0.7315, "bus_sigma": 0.9356, "bus_tau_mean": 3.615, "bus_tau_std": 2.0097, "bus_v_mean": 23.7645, "bus_v_std": 5.0112, "car_acc": 1.1127, "car_dcc": 2.0694, "car_lcAssertive": 8.7884, "car_lcCooperative": 0.4852, "car_lcLookaheadLeft": 7.7458, "car_lcPushy": 0.5415, "car_lcSigma": 0.45, "car_lcSublane": 0.2458, "car_sigma": 0.8332, "car_tau_mean": 2.3133, "car_tau_std": 8.024, "car_v_mean": 19.3295, "car_v_std": 2.6726}, "datetime": {"datetime": "2024-08-07 09:41:59", "elapsed": 822.032158, "delta": 29.630462}}
{"target": -0.3830022267698667, "params": {"bus_acc": 2.4847, "bus_dcc": 3.9847, "bus_lcAssertive": 96.757, "bus_lcCooperative": 0.8545, "bus_lcLookaheadLeft": 48.0848, "bus_lcPushy": 0.1726, "bus_lcSigma": 0.9485, "bus_lcSublane": 0.0384, "bus_sigma": 0.9165, "bus_tau_mean": 2.6486, "bus_tau_std": 0.4698, "bus_v_mean": 18.1494, "bus_v_std": 0.6031, "car_acc": 2.2521, "car_dcc": 2.9556, "car_lcAssertive": 68.4936, "car_lcCooperative": 0.294, "car_lcLookaheadLeft": 58.9263, "car_lcPushy": 0.3438, "car_lcSigma": 0.5628, "car_lcSublane": 0.8905, "car_sigma": 0.4706, "car_tau_mean": 0.6815, "car_tau_std": 7.3116, "car_v_mean": 15.0709, "car_v_std": 1.6051}, "datetime": {"datetime": "2024-08-07 09:42:20", "elapsed": 843.295941, "delta": 21.263783}}
{"target": -0.3132941419360069, "params": {"bus_acc": 2.0679, "bus_dcc": 3.43, "bus_lcAssertive": 30.576, "bus_lcCooperative": 0.3965, "bus_lcLookaheadLeft": 68.9938, "bus_lcPushy": 0.5146, "bus_lcSigma": 0.5081, "bus_lcSublane": 0.707, "bus_sigma": 0.8189, "bus_tau_mean": 1.9801, "bus_tau_std": 8.2405, "bus_v_mean": 11.8323, "bus_v_std": 6.2139, "car_acc": 1.4322, "car_dcc": 2.4585, "car_lcAssertive": 96.0179, "car_lcCooperative": 0.0, "car_lcLookaheadLeft": 91.8146, "car_lcPushy": 0.6629, "car_lcSigma": 0.7185, "car_lcSublane": 0.4052, "car_sigma": 0.8356, "car_tau_mean": 2.3462, "car_tau_std": 3.4185, "car_v_mean": 18.2785, "car_v_std": 8.2891}, "datetime": {"datetime": "2024-08-07 09:42:21", "elapsed": 844.411302, "delta": 1.115361}}
{"target": -0.3272090415943122, "params": {"bus_acc": 3.0, "bus_dcc": 1.0, "bus_lcAssertive": 1.0, "bus_lcCooperative": 1.0, "bus_lcLookaheadLeft": 99.2302, "bus_lcPushy": 1.0, "bus_lcSigma": 0.0, "bus_lcSublane": 0.0, "bus_sigma": 0.0, "bus_tau_mean": 0.5, "bus_tau_std": 10.0, "bus_v_mean": 8.0, "bus_v_std": 10.0, "car_acc": 1.0, "car_dcc": 4.0, "car_lcAssertive": 100.0, "car_lcCooperative": 1.0, "car_lcLookaheadLeft": 100.0, "car_lcPushy": 0.0, "car_lcSigma": 1.0, "car_lcSublane": 0.008, "car_sigma": 1.0, "car_tau_mean": 4.0, "car_tau_std": 10.0, "car_v_mean": 8.0, "car_v_std": 10.0}, "datetime": {"datetime": "2024-08-07 09:42:23", "elapsed": 845.804559, "delta": 1.393257}}
{"target": -0.31191420348088605, "params": {"bus_acc": 2.0412, "bus_dcc": 3.3322, "bus_lcAssertive": 30.1053, "bus_lcCooperative": 0.4091, "bus_lcLookaheadLeft": 67.8799, "bus_lcPushy": 0.4783, "bus_lcSigma": 0.4547, "bus_lcSublane": 0.6793, "bus_sigma": 0.7578, "bus_tau_mean": 1.9276, "bus_tau_std": 8.1927, "bus_v_mean": 11.9829, "bus_v_std": 5.7536, "car_acc": 1.4194, "car_dcc": 2.4035, "car_lcAssertive": 95.6795, "car_lcCooperative": 0.0, "car_lcLookaheadLeft": 91.3511, "car_lcPushy": 0.6225, "car_lcSigma": 0.6681, "car_lcSublane": 0.3516, "car_sigma": 0.8734, "car_tau_mean": 2.2825, "car_tau_std": 3.4573, "car_v_mean": 18.0684, "car_v_std": 8.0837}, "datetime": {"datetime": "2024-08-07 09:43:08", "elapsed": 890.797656, "delta": 44.993097}}
{"target": -0.32876593904536666, "params": {"bus_acc": 2.0867, "bus_dcc": 1.4247, "bus_lcAssertive": 79.2949, "bus_lcCooperative": 0.2878, "bus_lcLookaheadLeft": 51.9589, "bus_lcPushy": 0.0346, "bus_lcSigma": 0.4388, "bus_lcSublane": 0.5693, "bus_sigma": 0.8605, "bus_tau_mean": 3.3803, "bus_tau_std": 1.8158, "bus_v_mean": 19.5755, "bus_v_std": 1.945, "car_acc": 1.9569, "car_dcc": 3.0659, "car_lcAssertive": 70.4077, "car_lcCooperative": 0.9334, "car_lcLookaheadLeft": 24.7617, "car_lcPushy": 0.5003, "car_lcSigma": 0.3298, "car_lcSublane": 0.9819, "car_sigma": 0.4594, "car_tau_mean": 2.4206, "car_tau_std": 1.5539, "car_v_mean": 18.3907, "car_v_std": 6.6093}, "datetime": {"datetime": "2024-08-07 09:43:29", "elapsed": 912.378166, "delta": 21.58051}}
{"target": -0.3343053302254415, "params": {"bus_acc": 2.4033, "bus_dcc": 3.1896, "bus_lcAssertive": 21.8371, "bus_lcCooperative": 0.4532, "bus_lcLookaheadLeft": 40.3087, "bus_lcPushy": 0.3373, "bus_lcSigma": 0.3357, "bus_lcSublane": 0.2221, "bus_sigma": 0.2132, "bus_tau_mean": 2.9624, "bus_tau_std": 10.0, "bus_v_mean": 9.7763, "bus_v_std": 6.1892, "car_acc": 1.2367, "car_dcc": 2.5694, "car_lcAssertive": 58.5337, "car_lcCooperative": 0.3089, "car_lcLookaheadLeft": 100.0, "car_lcPushy": 0.0569, "car_lcSigma": 0.9501, "car_lcSublane": 0.9832, "car_sigma": 0.7654, "car_tau_mean": 3.2432, "car_tau_std": 3.5096, "car_v_mean": 14.5793, "car_v_std": 2.5714}, "datetime": {"datetime": "2024-08-07 09:43:34", "elapsed": 917.027168, "delta": 4.649002}}
{"target": -0.41251125072748684, "params": {"bus_acc": 1.1337, "bus_dcc": 2.3921, "bus_lcAssertive": 67.1021, "bus_lcCooperative": 0.5858, "bus_lcLookaheadLeft": 99.6049, "bus_lcPushy": 0.8553, "bus_lcSigma": 0.8639, "bus_lcSublane": 0.4116, "bus_sigma": 0.6122, "bus_tau_mean": 0.9142, "bus_tau_std": 0.6969, "bus_v_mean": 14.0372, "bus_v_std": 1.4892, "car_acc": 2.7564, "car_dcc": 2.9692, "car_lcAssertive": 25.1144, "car_lcCooperative": 0.1595, "car_lcLookaheadLeft": 44.4485, "car_lcPushy": 0.1054, "car_lcSigma": 0.1512, "car_lcSublane": 0.0058, "car_sigma": 0.8225, "car_tau_mean": 2.9642, "car_tau_std": 2.329, "car_v_mean": 16.5392, "car_v_std": 3.3717}, "datetime": {"datetime": "2024-08-07 09:43:52", "elapsed": 935.399334, "delta": 18.372166}}
