{"target": -0.3438094073340995, "params": {"bus_acc": 1.7551, "bus_dcc": 1.7699, "bus_lcAssertive": 65.6102, "bus_lcCooperative": 0.5872, "bus_lcLookaheadLeft": 46.6956, "bus_lcPushy": 0.2122, "bus_lcSigma": 0.7515, "bus_lcSpeedGainRight": 3.8212, "bus_lcSublane": 0.7525, "bus_sigma": 0.9279, "bus_tau_mean": 2.33, "bus_tau_std": 7.0654, "bus_v_mean": 19.0913, "bus_v_std": 16.7431, "car_acc": 2.865, "car_dcc": 2.8969, "car_lcAssertive": 12.1902, "car_lcCooperative": 0.259, "car_lcLookaheadLeft": 30.1282, "car_lcPushy": 0.6077, "car_lcSigma": 0.0757, "car_lcSpeedGainRight": 0.6568, "car_lcSublane": 0.7564, "car_sigma": 0.5495, "car_tau_mean": 2.2045, "car_tau_std": 6.7, "car_v_mean": 16.2657, "car_v_std": 3.7993}, "datetime": {"datetime": "2024-08-08 10:45:30", "elapsed": 3010.41369, "delta": 2.315951}}
{"target": -0.37073790858527644, "params": {"bus_acc": 1.3072, "bus_dcc": 2.8141, "bus_lcAssertive": 70.5014, "bus_lcCooperative": 0.6217, "bus_lcLookaheadLeft": 83.696, "bus_lcPushy": 0.459, "bus_lcSigma": 0.6197, "bus_lcSpeedGainRight": 2.1285, "bus_lcSublane": 0.1073, "bus_sigma": 0.9355, "bus_tau_mean": 3.3507, "bus_tau_std": 0.2538, "bus_v_mean": 13.8996, "bus_v_std": 16.8996, "car_acc": 1.8971, "car_dcc": 1.2815, "car_lcAssertive": 69.9496, "car_lcCooperative": 0.0626, "car_lcLookaheadLeft": 44.1697, "car_lcPushy": 0.897, "car_lcSigma": 0.5276, "car_lcSpeedGainRight": 0.2086, "car_lcSublane": 0.3456, "car_sigma": 0.0668, "car_tau_mean": 2.838, "car_tau_std": 5.5489, "car_v_mean": 15.5552, "car_v_std": 1.6958}, "datetime": {"datetime": "2024-08-08 10:45:32", "elapsed": 3012.743895, "delta": 2.330205}}
{"target": -0.334430941933646, "params": {"bus_acc": 1.1578, "bus_dcc": 3.7384, "bus_lcAssertive": 65.4142, "bus_lcCooperative": 0.0125, "bus_lcLookaheadLeft": 95.7436, "bus_lcPushy": 0.9712, "bus_lcSigma": 0.9192, "bus_lcSpeedGainRight": 4.3654, "bus_lcSublane": 0.6498, "bus_sigma": 0.3878, "bus_tau_mean": 0.7827, "bus_tau_std": 3.6395, "bus_v_mean": 10.5072, "bus_v_std": 12.1493, "car_acc": 1.2258, "car_dcc": 2.5437, "car_lcAssertive": 85.8112, "car_lcCooperative": 0.9854, "car_lcLookaheadLeft": 69.0733, "car_lcPushy": 0.3354, "car_lcSigma": 0.3974, "car_lcSpeedGainRight": 1.8438, "car_lcSublane": 0.8815, "car_sigma": 0.7122, "car_tau_mean": 2.4902, "car_tau_std": 1.4389, "car_v_mean": 13.5936, "car_v_std": 0.936}, "datetime": {"datetime": "2024-08-08 10:45:34", "elapsed": 3014.325858, "delta": 1.581963}}
{"target": -0.3475206846251064, "params": {"bus_acc": 1.4485, "bus_dcc": 2.7189, "bus_lcAssertive": 16.7113, "bus_lcCooperative": 0.6067, "bus_lcLookaheadLeft": 86.5723, "bus_lcPushy": 0.7958, "bus_lcSigma": 0.2008, "bus_lcSpeedGainRight": 0.6925, "bus_lcSublane": 0.087, "bus_sigma": 0.4001, "bus_tau_mean": 3.8733, "bus_tau_std": 2.4949, "bus_v_mean": 15.0397, "bus_v_std": 4.4997, "car_acc": 1.3537, "car_dcc": 3.8316, "car_lcAssertive": 78.893, "car_lcCooperative": 0.5965, "car_lcLookaheadLeft": 87.0626, "car_lcPushy": 0.3626, "car_lcSigma": 0.7869, "car_lcSpeedGainRight": 3.1687, "car_lcSublane": 0.2976, "car_sigma": 0.2164, "car_tau_mean": 2.4535, "car_tau_std": 9.6618, "car_v_mean": 14.6833, "car_v_std": 3.6304}, "datetime": {"datetime": "2024-08-08 10:45:35", "elapsed": 3015.640302, "delta": 1.314444}}
{"target": -0.37415091237140186, "params": {"bus_acc": 1.2242, "bus_dcc": 2.6626, "bus_lcAssertive": 31.0743, "bus_lcCooperative": 0.7533, "bus_lcLookaheadLeft": 15.3464, "bus_lcPushy": 0.4276, "bus_lcSigma": 0.8775, "bus_lcSpeedGainRight": 1.6567, "bus_lcSublane": 0.1643, "bus_sigma": 0.8277, "bus_tau_mean": 2.0619, "bus_tau_std": 9.1746, "bus_v_mean": 15.4049, "bus_v_std": 9.4112, "car_acc": 2.7218, "car_dcc": 3.3002, "car_lcAssertive": 17.3998, "car_lcCooperative": 0.046, "car_lcLookaheadLeft": 87.6691, "car_lcPushy": 0.9729, "car_lcSigma": 0.5627, "car_lcSpeedGainRight": 4.7317, "car_lcSublane": 0.1365, "car_sigma": 0.4737, "car_tau_mean": 3.7334, "car_tau_std": 1.7129, "car_v_mean": 8.2102, "car_v_std": 1.8534}, "datetime": {"datetime": "2024-08-08 10:45:36", "elapsed": 3016.535258, "delta": 0.894956}}
{"target": -0.3396377304685516, "params": {"bus_acc": 1.9178, "bus_dcc": 3.0583, "bus_lcAssertive": 60.6388, "bus_lcCooperative": 0.1151, "bus_lcLookaheadLeft": 61.0731, "bus_lcPushy": 0.7973, "bus_lcSigma": 0.8088, "bus_lcSpeedGainRight": 1.1683, "bus_lcSublane": 0.0048, "bus_sigma": 0.1024, "bus_tau_mean": 1.4552, "bus_tau_std": 5.6381, "bus_v_mean": 13.3196, "bus_v_std": 9.1249, "car_acc": 1.7892, "car_dcc": 2.6613, "car_lcAssertive": 53.1512, "car_lcCooperative": 0.1304, "car_lcLookaheadLeft": 9.2932, "car_lcPushy": 0.0983, "car_lcSigma": 0.7147, "car_lcSpeedGainRight": 1.2803, "car_lcSublane": 0.1663, "car_sigma": 0.4659, "car_tau_mean": 3.2084, "car_tau_std": 3.5091, "car_v_mean": 14.8013, "car_v_std": 1.6865}, "datetime": {"datetime": "2024-08-08 10:45:37", "elapsed": 3017.73578, "delta": 1.200522}}
{"target": -0.360898119217267, "params": {"bus_acc": 1.4907, "bus_dcc": 2.2305, "bus_lcAssertive": 16.4219, "bus_lcCooperative": 0.203, "bus_lcLookaheadLeft": 74.3841, "bus_lcPushy": 0.0911, "bus_lcSigma": 0.6696, "bus_lcSpeedGainRight": 4.7118, "bus_lcSublane": 0.8035, "bus_sigma": 0.5535, "bus_tau_mean": 3.9929, "bus_tau_std": 3.3831, "bus_v_mean": 22.7432, "bus_v_std": 9.7195, "car_acc": 2.0355, "car_dcc": 3.7237, "car_lcAssertive": 10.4945, "car_lcCooperative": 0.421, "car_lcLookaheadLeft": 52.1207, "car_lcPushy": 0.602, "car_lcSigma": 0.309, "car_lcSpeedGainRight": 4.2525, "car_lcSublane": 0.7687, "car_sigma": 0.5359, "car_tau_mean": 2.263, "car_tau_std": 0.9744, "car_v_mean": 17.7269, "car_v_std": 18.7167}, "datetime": {"datetime": "2024-08-08 10:45:39", "elapsed": 3019.016344, "delta": 1.280564}}
{"target": -0.3390719875503264, "params": {"bus_acc": 1.958, "bus_dcc": 3.9442, "bus_lcAssertive": 50.5225, "bus_lcCooperative": 0.0195, "bus_lcLookaheadLeft": 48.5648, "bus_lcPushy": 0.1917, "bus_lcSigma": 0.823, "bus_lcSpeedGainRight": 1.1304, "bus_lcSublane": 0.7876, "bus_sigma": 0.2883, "bus_tau_mean": 1.5907, "bus_tau_std": 1.7681, "bus_v_mean": 10.9156, "bus_v_std": 14.8868, "car_acc": 2.7545, "car_dcc": 1.7918, "car_lcAssertive": 13.7125, "car_lcCooperative": 0.6393, "car_lcLookaheadLeft": 99.0531, "car_lcPushy": 0.96, "car_lcSigma": 0.7404, "car_lcSpeedGainRight": 1.6298, "car_lcSublane": 0.1752, "car_sigma": 0.757, "car_tau_mean": 1.5195, "car_tau_std": 0.0369, "car_v_mean": 23.5413, "car_v_std": 0.8919}, "datetime": {"datetime": "2024-08-08 10:45:43", "elapsed": 3023.383571, "delta": 4.367227}}
{"target": -0.3735760539459609, "params": {"bus_acc": 2.3928, "bus_dcc": 3.1196, "bus_lcAssertive": 35.4767, "bus_lcCooperative": 0.8056, "bus_lcLookaheadLeft": 85.793, "bus_lcPushy": 0.4339, "bus_lcSigma": 0.6581, "bus_lcSpeedGainRight": 3.5038, "bus_lcSublane": 0.1248, "bus_sigma": 0.869, "bus_tau_mean": 1.8402, "bus_tau_std": 4.2171, "bus_v_mean": 11.3977, "bus_v_std": 2.2713, "car_acc": 1.2283, "car_dcc": 1.6046, "car_lcAssertive": 71.4164, "car_lcCooperative": 0.4807, "car_lcLookaheadLeft": 92.4169, "car_lcPushy": 0.9544, "car_lcSigma": 0.1311, "car_lcSpeedGainRight": 2.4187, "car_lcSublane": 0.2927, "car_sigma": 0.4997, "car_tau_mean": 3.3615, "car_tau_std": 7.4843, "car_v_mean": 13.8484, "car_v_std": 3.0775}, "datetime": {"datetime": "2024-08-08 10:45:45", "elapsed": 3025.24543, "delta": 1.861859}}
{"target": -0.42141874100602844, "params": {"bus_acc": 1.0748, "bus_dcc": 2.5791, "bus_lcAssertive": 7.7121, "bus_lcCooperative": 0.3423, "bus_lcLookaheadLeft": 83.3767, "bus_lcPushy": 0.7723, "bus_lcSigma": 0.6949, "bus_lcSpeedGainRight": 1.4917, "bus_lcSublane": 0.6889, "bus_sigma": 0.2944, "bus_tau_mean": 3.6135, "bus_tau_std": 2.4368, "bus_v_mean": 17.1671, "bus_v_std": 16.6498, "car_acc": 1.1461, "car_dcc": 1.2715, "car_lcAssertive": 19.587, "car_lcCooperative": 0.4447, "car_lcLookaheadLeft": 63.6253, "car_lcPushy": 0.3211, "car_lcSigma": 0.9674, "car_lcSpeedGainRight": 2.6623, "car_lcSublane": 0.1349, "car_sigma": 0.5404, "car_tau_mean": 1.6871, "car_tau_std": 2.1849, "car_v_mean": 8.5636, "car_v_std": 11.346}, "datetime": {"datetime": "2024-08-08 10:45:48", "elapsed": 3028.923378, "delta": 3.677948}}
{"target": -0.3349321198314602, "params": {"bus_acc": 2.0874, "bus_dcc": 2.5815, "bus_lcAssertive": 29.7943, "bus_lcCooperative": 0.2995, "bus_lcLookaheadLeft": 88.0887, "bus_lcPushy": 0.5572, "bus_lcSigma": 0.1885, "bus_lcSpeedGainRight": 0.7724, "bus_lcSublane": 0.086, "bus_sigma": 0.9972, "bus_tau_mean": 2.5989, "bus_tau_std": 1.4696, "bus_v_mean": 11.4191, "bus_v_std": 8.9073, "car_acc": 1.4691, "car_dcc": 2.1578, "car_lcAssertive": 47.3622, "car_lcCooperative": 0.4478, "car_lcLookaheadLeft": 76.7761, "car_lcPushy": 0.3297, "car_lcSigma": 0.0913, "car_lcSpeedGainRight": 0.8321, "car_lcSublane": 0.4193, "car_sigma": 0.3734, "car_tau_mean": 1.9523, "car_tau_std": 3.063, "car_v_mean": 18.4267, "car_v_std": 12.0542}, "datetime": {"datetime": "2024-08-08 10:45:51", "elapsed": 3031.030734, "delta": 2.107356}}
{"target": -0.3670532200334544, "params": {"bus_acc": 1.2156, "bus_dcc": 3.4717, "bus_lcAssertive": 22.6597, "bus_lcCooperative": 0.3395, "bus_lcLookaheadLeft": 54.0043, "bus_lcPushy": 0.057, "bus_lcSigma": 0.311, "bus_lcSpeedGainRight": 0.2338, "bus_lcSublane": 0.846, "bus_sigma": 0.9793, "bus_tau_mean": 2.6266, "bus_tau_std": 8.3942, "bus_v_mean": 23.8086, "bus_v_std": 8.0205, "car_acc": 1.7042, "car_dcc": 1.3027, "car_lcAssertive": 61.9891, "car_lcCooperative": 0.2609, "car_lcLookaheadLeft": 66.2292, "car_lcPushy": 0.9495, "car_lcSigma": 0.2319, "car_lcSpeedGainRight": 2.8347, "car_lcSublane": 0.8479, "car_sigma": 0.0113, "car_tau_mean": 2.6257, "car_tau_std": 4.0949, "car_v_mean": 8.9453, "car_v_std": 16.3412}, "datetime": {"datetime": "2024-08-08 10:46:27", "elapsed": 3067.434321, "delta": 36.403587}}
{"target": -0.36146584816674543, "params": {"bus_acc": 1.8267, "bus_dcc": 3.4779, "bus_lcAssertive": 95.5001, "bus_lcCooperative": 0.3024, "bus_lcLookaheadLeft": 13.9019, "bus_lcPushy": 0.8547, "bus_lcSigma": 0.8671, "bus_lcSpeedGainRight": 4.1292, "bus_lcSublane": 0.7895, "bus_sigma": 0.2198, "bus_tau_mean": 1.0553, "bus_tau_std": 8.2861, "bus_v_mean": 18.306, "bus_v_std": 3.478, "car_acc": 1.6275, "car_dcc": 2.298, "car_lcAssertive": 24.8989, "car_lcCooperative": 0.7581, "car_lcLookaheadLeft": 21.4533, "car_lcPushy": 0.353, "car_lcSigma": 0.7544, "car_lcSpeedGainRight": 0.2473, "car_lcSublane": 0.7671, "car_sigma": 0.3788, "car_tau_mean": 2.0453, "car_tau_std": 8.2191, "car_v_mean": 14.9803, "car_v_std": 8.5896}, "datetime": {"datetime": "2024-08-08 10:46:31", "elapsed": 3071.449048, "delta": 4.014727}}
{"target": -0.36715838386720834, "params": {"bus_acc": 2.0072, "bus_dcc": 2.8324, "bus_lcAssertive": 94.102, "bus_lcCooperative": 0.0455, "bus_lcLookaheadLeft": 20.7276, "bus_lcPushy": 0.7021, "bus_lcSigma": 0.587, "bus_lcSpeedGainRight": 0.6013, "bus_lcSublane": 0.3437, "bus_sigma": 0.6738, "bus_tau_mean": 2.8491, "bus_tau_std": 3.5389, "bus_v_mean": 13.9581, "bus_v_std": 8.9789, "car_acc": 2.0671, "car_dcc": 3.9019, "car_lcAssertive": 37.273, "car_lcCooperative": 0.3786, "car_lcLookaheadLeft": 73.8915, "car_lcPushy": 0.2926, "car_lcSigma": 0.226, "car_lcSpeedGainRight": 4.2328, "car_lcSublane": 0.3271, "car_sigma": 0.7277, "car_tau_mean": 0.6849, "car_tau_std": 8.4331, "car_v_mean": 14.497, "car_v_std": 8.5685}, "datetime": {"datetime": "2024-08-08 10:46:33", "elapsed": 3073.145907, "delta": 1.696859}}
{"target": -0.32567788834233086, "params": {"bus_acc": 1.149, "bus_dcc": 2.0528, "bus_lcAssertive": 21.997, "bus_lcCooperative": 0.3912, "bus_lcLookaheadLeft": 32.2327, "bus_lcPushy": 0.9683, "bus_lcSigma": 0.2886, "bus_lcSpeedGainRight": 2.3213, "bus_lcSublane": 0.425, "bus_sigma": 0.7912, "bus_tau_mean": 2.988, "bus_tau_std": 0.7667, "bus_v_mean": 23.4466, "bus_v_std": 1.6421, "car_acc": 1.6122, "car_dcc": 3.0286, "car_lcAssertive": 73.0864, "car_lcCooperative": 0.4985, "car_lcLookaheadLeft": 62.3766, "car_lcPushy": 0.618, "car_lcSigma": 0.5411, "car_lcSpeedGainRight": 0.7601, "car_lcSublane": 0.6234, "car_sigma": 0.0191, "car_tau_mean": 2.5091, "car_tau_std": 9.3429, "car_v_mean": 15.0811, "car_v_std": 15.1313}, "datetime": {"datetime": "2024-08-08 10:46:36", "elapsed": 3076.514789, "delta": 3.368882}}
{"target": -0.33963209834891084, "params": {"bus_acc": 2.4539, "bus_dcc": 1.3864, "bus_lcAssertive": 42.0998, "bus_lcCooperative": 0.5792, "bus_lcLookaheadLeft": 99.6996, "bus_lcPushy": 0.4459, "bus_lcSigma": 0.2085, "bus_lcSpeedGainRight": 1.9179, "bus_lcSublane": 0.8129, "bus_sigma": 0.2417, "bus_tau_mean": 2.1629, "bus_tau_std": 0.1957, "bus_v_mean": 11.5573, "bus_v_std": 15.3139, "car_acc": 2.0638, "car_dcc": 2.6481, "car_lcAssertive": 14.0627, "car_lcCooperative": 0.1167, "car_lcLookaheadLeft": 68.5662, "car_lcPushy": 0.3986, "car_lcSigma": 0.809, "car_lcSpeedGainRight": 1.5288, "car_lcSublane": 0.818, "car_sigma": 0.7478, "car_tau_mean": 3.7682, "car_tau_std": 4.4888, "car_v_mean": 15.8959, "car_v_std": 12.8244}, "datetime": {"datetime": "2024-08-08 10:46:39", "elapsed": 3079.55021, "delta": 3.035421}}
{"target": -0.3735492057240064, "params": {"bus_acc": 2.4159, "bus_dcc": 3.8844, "bus_lcAssertive": 14.6587, "bus_lcCooperative": 0.4994, "bus_lcLookaheadLeft": 84.8186, "bus_lcPushy": 0.0699, "bus_lcSigma": 0.4517, "bus_lcSpeedGainRight": 0.606, "bus_lcSublane": 0.6902, "bus_sigma": 0.3899, "bus_tau_mean": 0.6513, "bus_tau_std": 8.2227, "bus_v_mean": 17.9621, "bus_v_std": 0.0225, "car_acc": 2.0025, "car_dcc": 3.0652, "car_lcAssertive": 28.1648, "car_lcCooperative": 0.8088, "car_lcLookaheadLeft": 94.4757, "car_lcPushy": 0.4237, "car_lcSigma": 0.7908, "car_lcSpeedGainRight": 0.7694, "car_lcSublane": 0.6304, "car_sigma": 0.3742, "car_tau_mean": 1.4418, "car_tau_std": 7.142, "car_v_mean": 22.018, "car_v_std": 16.7863}, "datetime": {"datetime": "2024-08-08 10:46:41", "elapsed": 3081.191925, "delta": 1.641715}}
{"target": -0.3775350220693533, "params": {"bus_acc": 2.3514, "bus_dcc": 2.4154, "bus_lcAssertive": 18.8345, "bus_lcCooperative": 0.4672, "bus_lcLookaheadLeft": 91.5517, "bus_lcPushy": 0.3893, "bus_lcSigma": 0.5369, "bus_lcSpeedGainRight": 1.1218, "bus_lcSublane": 0.2389, "bus_sigma": 0.2942, "bus_tau_mean": 1.7701, "bus_tau_std": 9.0011, "bus_v_mean": 18.1401, "bus_v_std": 8.746, "car_acc": 2.2762, "car_dcc": 2.4152, "car_lcAssertive": 15.7344, "car_lcCooperative": 0.0051, "car_lcLookaheadLeft": 81.9786, "car_lcPushy": 0.549, "car_lcSigma": 0.6668, "car_lcSpeedGainRight": 3.9286, "car_lcSublane": 0.7131, "car_sigma": 0.6026, "car_tau_mean": 3.81, "car_tau_std": 7.949, "car_v_mean": 15.7341, "car_v_std": 1.025}, "datetime": {"datetime": "2024-08-08 10:46:44", "elapsed": 3084.169477, "delta": 2.977552}}
{"target": -0.3462708048904097, "params": {"bus_acc": 2.0193, "bus_dcc": 2.1263, "bus_lcAssertive": 50.0666, "bus_lcCooperative": 0.9553, "bus_lcLookaheadLeft": 31.2707, "bus_lcPushy": 0.3924, "bus_lcSigma": 0.0895, "bus_lcSpeedGainRight": 4.9153, "bus_lcSublane": 0.2231, "bus_sigma": 0.8416, "bus_tau_mean": 2.8606, "bus_tau_std": 7.0508, "bus_v_mean": 19.3102, "bus_v_std": 14.0054, "car_acc": 2.2698, "car_dcc": 1.7132, "car_lcAssertive": 94.2604, "car_lcCooperative": 0.0859, "car_lcLookaheadLeft": 26.0743, "car_lcPushy": 0.1928, "car_lcSigma": 0.2434, "car_lcSpeedGainRight": 4.3072, "car_lcSublane": 0.9478, "car_sigma": 0.6565, "car_tau_mean": 3.8448, "car_tau_std": 1.8044, "car_v_mean": 18.8438, "car_v_std": 17.3366}, "datetime": {"datetime": "2024-08-08 10:46:50", "elapsed": 3090.296153, "delta": 6.126676}}
{"target": -0.34006386601646255, "params": {"bus_acc": 1.0553, "bus_dcc": 1.2771, "bus_lcAssertive": 38.2481, "bus_lcCooperative": 0.3969, "bus_lcLookaheadLeft": 59.4718, "bus_lcPushy": 0.8586, "bus_lcSigma": 0.7054, "bus_lcSpeedGainRight": 3.778, "bus_lcSublane": 0.49, "bus_sigma": 0.6713, "bus_tau_mean": 0.5318, "bus_tau_std": 6.5052, "bus_v_mean": 10.995, "bus_v_std": 2.2045, "car_acc": 2.5726, "car_dcc": 2.5081, "car_lcAssertive": 41.7871, "car_lcCooperative": 0.3408, "car_lcLookaheadLeft": 55.3993, "car_lcPushy": 0.6771, "car_lcSigma": 0.8844, "car_lcSpeedGainRight": 4.9296, "car_lcSublane": 0.8558, "car_sigma": 0.9274, "car_tau_mean": 3.0482, "car_tau_std": 5.1417, "car_v_mean": 17.5016, "car_v_std": 19.3756}, "datetime": {"datetime": "2024-08-08 10:46:51", "elapsed": 3091.68778, "delta": 1.391627}}
{"target": -0.3444231975260455, "params": {"bus_acc": 1.817, "bus_dcc": 3.1304, "bus_lcAssertive": 12.931, "bus_lcCooperative": 0.3262, "bus_lcLookaheadLeft": 28.5414, "bus_lcPushy": 0.9668, "bus_lcSigma": 0.0462, "bus_lcSpeedGainRight": 4.2091, "bus_lcSublane": 0.7721, "bus_sigma": 0.0317, "bus_tau_mean": 3.3955, "bus_tau_std": 8.0661, "bus_v_mean": 19.904, "bus_v_std": 3.3449, "car_acc": 1.4775, "car_dcc": 1.1208, "car_lcAssertive": 50.1139, "car_lcCooperative": 0.3606, "car_lcLookaheadLeft": 51.5503, "car_lcPushy": 0.8249, "car_lcSigma": 0.2961, "car_lcSpeedGainRight": 3.1769, "car_lcSublane": 0.5529, "car_sigma": 0.576, "car_tau_mean": 2.6416, "car_tau_std": 7.5122, "car_v_mean": 14.148, "car_v_std": 3.8981}, "datetime": {"datetime": "2024-08-08 10:46:53", "elapsed": 3093.296961, "delta": 1.609181}}
{"target": -0.35818237644634565, "params": {"bus_acc": 2.9107, "bus_dcc": 2.9662, "bus_lcAssertive": 37.6338, "bus_lcCooperative": 0.3691, "bus_lcLookaheadLeft": 78.9094, "bus_lcPushy": 0.2665, "bus_lcSigma": 0.6925, "bus_lcSpeedGainRight": 0.5123, "bus_lcSublane": 0.5638, "bus_sigma": 0.1186, "bus_tau_mean": 0.8115, "bus_tau_std": 4.0056, "bus_v_mean": 18.6671, "bus_v_std": 7.8454, "car_acc": 2.5942, "car_dcc": 3.9136, "car_lcAssertive": 85.5465, "car_lcCooperative": 0.1246, "car_lcLookaheadLeft": 66.7076, "car_lcPushy": 0.4733, "car_lcSigma": 0.5459, "car_lcSpeedGainRight": 2.2024, "car_lcSublane": 0.7644, "car_sigma": 0.7863, "car_tau_mean": 0.9984, "car_tau_std": 2.1238, "car_v_mean": 18.4541, "car_v_std": 10.123}, "datetime": {"datetime": "2024-08-08 10:47:00", "elapsed": 3100.641308, "delta": 7.344347}}
{"target": -0.3463215644104242, "params": {"bus_acc": 1.3758, "bus_dcc": 2.9188, "bus_lcAssertive": 82.2089, "bus_lcCooperative": 0.6299, "bus_lcLookaheadLeft": 84.1772, "bus_lcPushy": 0.3075, "bus_lcSigma": 0.4584, "bus_lcSpeedGainRight": 2.3573, "bus_lcSublane": 0.5682, "bus_sigma": 0.035, "bus_tau_mean": 2.386, "bus_tau_std": 9.3173, "bus_v_mean": 11.6469, "bus_v_std": 4.0281, "car_acc": 2.3504, "car_dcc": 3.652, "car_lcAssertive": 86.577, "car_lcCooperative": 0.5709, "car_lcLookaheadLeft": 36.1996, "car_lcPushy": 0.1207, "car_lcSigma": 0.4568, "car_lcSpeedGainRight": 2.5303, "car_lcSublane": 0.8504, "car_sigma": 0.4267, "car_tau_mean": 3.4943, "car_tau_std": 8.0363, "car_v_mean": 11.9576, "car_v_std": 16.4993}, "datetime": {"datetime": "2024-08-08 10:47:02", "elapsed": 3102.400046, "delta": 1.758738}}
{"target": -0.3742551508728491, "params": {"bus_acc": 1.6767, "bus_dcc": 2.731, "bus_lcAssertive": 63.5438, "bus_lcCooperative": 0.6352, "bus_lcLookaheadLeft": 51.9207, "bus_lcPushy": 0.7563, "bus_lcSigma": 0.2407, "bus_lcSpeedGainRight": 0.7513, "bus_lcSublane": 0.3123, "bus_sigma": 0.7288, "bus_tau_mean": 2.7899, "bus_tau_std": 8.3249, "bus_v_mean": 22.5491, "bus_v_std": 13.8187, "car_acc": 2.5251, "car_dcc": 3.067, "car_lcAssertive": 15.8236, "car_lcCooperative": 0.4414, "car_lcLookaheadLeft": 6.4699, "car_lcPushy": 0.6268, "car_lcSigma": 0.286, "car_lcSpeedGainRight": 3.7274, "car_lcSublane": 0.685, "car_sigma": 0.2774, "car_tau_mean": 0.9582, "car_tau_std": 9.684, "car_v_mean": 13.9318, "car_v_std": 5.8204}, "datetime": {"datetime": "2024-08-08 10:47:04", "elapsed": 3104.722384, "delta": 2.322338}}
{"target": -0.3465445795567511, "params": {"bus_acc": 2.5984, "bus_dcc": 1.662, "bus_lcAssertive": 51.9388, "bus_lcCooperative": 0.7688, "bus_lcLookaheadLeft": 21.2488, "bus_lcPushy": 0.1996, "bus_lcSigma": 0.4277, "bus_lcSpeedGainRight": 1.4238, "bus_lcSublane": 0.1835, "bus_sigma": 0.1109, "bus_tau_mean": 1.3006, "bus_tau_std": 6.0657, "bus_v_mean": 17.9782, "bus_v_std": 11.7451, "car_acc": 1.7842, "car_dcc": 1.4149, "car_lcAssertive": 72.8815, "car_lcCooperative": 0.841, "car_lcLookaheadLeft": 9.0473, "car_lcPushy": 0.2121, "car_lcSigma": 0.5398, "car_lcSpeedGainRight": 0.3674, "car_lcSublane": 0.802, "car_sigma": 0.0909, "car_tau_mean": 0.5118, "car_tau_std": 9.5544, "car_v_mean": 17.19, "car_v_std": 12.17}, "datetime": {"datetime": "2024-08-08 10:47:05", "elapsed": 3105.854983, "delta": 1.132599}}
{"target": -0.3701431720920261, "params": {"bus_acc": 1.5934, "bus_dcc": 2.7374, "bus_lcAssertive": 90.6943, "bus_lcCooperative": 0.7297, "bus_lcLookaheadLeft": 58.0071, "bus_lcPushy": 0.6919, "bus_lcSigma": 0.6498, "bus_lcSpeedGainRight": 4.4153, "bus_lcSublane": 0.751, "bus_sigma": 0.271, "bus_tau_mean": 1.295, "bus_tau_std": 8.2073, "bus_v_mean": 10.5991, "bus_v_std": 17.767, "car_acc": 1.407, "car_dcc": 3.885, "car_lcAssertive": 94.3994, "car_lcCooperative": 0.0603, "car_lcLookaheadLeft": 88.6135, "car_lcPushy": 0.9647, "car_lcSigma": 0.9077, "car_lcSpeedGainRight": 4.114, "car_lcSublane": 0.1609, "car_sigma": 0.9003, "car_tau_mean": 3.0521, "car_tau_std": 8.6841, "car_v_mean": 13.2421, "car_v_std": 5.1229}, "datetime": {"datetime": "2024-08-08 10:47:20", "elapsed": 3120.306565, "delta": 14.451582}}
