{"target": -0.09038697813289259, "params": {"bus_acc": 1.5, "bus_dcc": 2.1, "bus_lcAssertive": 66.4, "bus_lcCooperative": 0.3, "bus_lcLookaheadLeft": 23.0, "bus_lcPushy": 0.7, "bus_lcSublane": 0.6, "bus_max_v": 18.4, "bus_tau_mean": 0.7, "bus_tau_std": 13.4, "car_acc": 2.7, "car_dcc": 4.2, "car_lcAssertive": 62.1, "car_lcCooperative": 0.5, "car_lcLookaheadLeft": 34.5, "car_lcPushy": 0.3, "car_lcSublane": 0.9, "car_max_v": 10.8, "car_tau_mean": 1.7, "car_tau_std": 4.7}, "datetime": {"datetime": "2024-08-03 11:07:39", "elapsed": 29.331233, "delta": 1.221098}}
{"target": -0.06884190607988029, "params": {"bus_acc": 1.5, "bus_dcc": 1.8, "bus_lcAssertive": 30.7, "bus_lcCooperative": 0.4, "bus_lcLookaheadLeft": 7.6, "bus_lcPushy": 0.3, "bus_lcSublane": 0.6, "bus_max_v": 13.6, "bus_tau_mean": 1.8, "bus_tau_std": 3.0, "car_acc": 1.4, "car_dcc": 4.0, "car_lcAssertive": 22.4, "car_lcCooperative": 0.6, "car_lcLookaheadLeft": 51.0, "car_lcPushy": 0.5, "car_lcSublane": 0.4, "car_max_v": 11.8, "car_tau_mean": 2.4, "car_tau_std": 12.7}, "datetime": {"datetime": "2024-08-03 11:07:40", "elapsed": 29.911336, "delta": 0.580103}}
{"target": -0.07834461901313026, "params": {"bus_acc": 1.2, "bus_dcc": 3.9, "bus_lcAssertive": 63.5, "bus_lcCooperative": 0.3, "bus_lcLookaheadLeft": 23.3, "bus_lcPushy": 0.2, "bus_lcSublane": 0.0, "bus_max_v": 20.7, "bus_tau_mean": 1.1, "bus_tau_std": 10.0, "car_acc": 2.5, "car_dcc": 3.5, "car_lcAssertive": 55.9, "car_lcCooperative": 1.0, "car_lcLookaheadLeft": 31.4, "car_lcPushy": 1.0, "car_lcSublane": 1.0, "car_max_v": 15.3, "car_tau_mean": 1.0, "car_tau_std": 2.2}, "datetime": {"datetime": "2024-08-03 11:07:40", "elapsed": 30.123519, "delta": 0.212183}}
{"target": -0.09255548022765743, "params": {"bus_acc": 1.5, "bus_dcc": 1.8, "bus_lcAssertive": 80.4, "bus_lcCooperative": 0.8, "bus_lcLookaheadLeft": 84.4, "bus_lcPushy": 0.4, "bus_lcSublane": 0.5, "bus_max_v": 17.7, "bus_tau_mean": 1.5, "bus_tau_std": 4.8, "car_acc": 2.3, "car_dcc": 4.7, "car_lcAssertive": 68.8, "car_lcCooperative": 0.5, "car_lcLookaheadLeft": 94.5, "car_lcPushy": 0.4, "car_lcSublane": 0.3, "car_max_v": 21.5, "car_tau_mean": 1.1, "car_tau_std": 12.9}, "datetime": {"datetime": "2024-08-03 11:07:42", "elapsed": 32.079164, "delta": 1.955645}}
{"target": -0.06379161377968727, "params": {"bus_acc": 1.7, "bus_dcc": 3.0, "bus_lcAssertive": 4.4, "bus_lcCooperative": 0.1, "bus_lcLookaheadLeft": 13.6, "bus_lcPushy": 0.2, "bus_lcSublane": 0.3, "bus_max_v": 14.8, "bus_tau_mean": 2.6, "bus_tau_std": 7.0, "car_acc": 2.1, "car_dcc": 3.9, "car_lcAssertive": 20.4, "car_lcCooperative": 0.7, "car_lcLookaheadLeft": 4.2, "car_lcPushy": 0.7, "car_lcSublane": 0.7, "car_max_v": 23.9, "car_tau_mean": 1.1, "car_tau_std": 5.2}, "datetime": {"datetime": "2024-08-03 11:07:43", "elapsed": 33.543121, "delta": 1.463957}}
{"target": -0.09006894424711448, "params": {"bus_acc": 1.9, "bus_dcc": 3.1, "bus_lcAssertive": 26.3, "bus_lcCooperative": 0.5, "bus_lcLookaheadLeft": 7.1, "bus_lcPushy": 0.3, "bus_lcSublane": 0.2, "bus_max_v": 14.1, "bus_tau_mean": 0.5, "bus_tau_std": 5.7, "car_acc": 2.7, "car_dcc": 2.8, "car_lcAssertive": 24.1, "car_lcCooperative": 0.6, "car_lcLookaheadLeft": 46.5, "car_lcPushy": 0.4, "car_lcSublane": 0.7, "car_max_v": 10.3, "car_tau_mean": 0.9, "car_tau_std": 10.1}, "datetime": {"datetime": "2024-08-03 11:07:47", "elapsed": 36.799299, "delta": 3.256178}}
{"target": -0.0547517233460116, "params": {"bus_acc": 1.5, "bus_dcc": 3.8, "bus_lcAssertive": 16.6, "bus_lcCooperative": 0.5, "bus_lcLookaheadLeft": 41.9, "bus_lcPushy": 0.5, "bus_lcSublane": 0.6, "bus_max_v": 22.0, "bus_tau_mean": 2.2, "bus_tau_std": 5.6, "car_acc": 1.7, "car_dcc": 4.3, "car_lcAssertive": 68.7, "car_lcCooperative": 0.0, "car_lcLookaheadLeft": 76.6, "car_lcPushy": 0.1, "car_lcSublane": 0.4, "car_max_v": 27.1, "car_tau_mean": 2.3, "car_tau_std": 1.7}, "datetime": {"datetime": "2024-08-03 11:07:52", "elapsed": 42.07832, "delta": 5.279021}}
{"target": -0.08307419467113786, "params": {"bus_acc": 1.7, "bus_dcc": 2.3, "bus_lcAssertive": 72.6, "bus_lcCooperative": 0.9, "bus_lcLookaheadLeft": 92.8, "bus_lcPushy": 0.0, "bus_lcSublane": 0.3, "bus_max_v": 14.2, "bus_tau_mean": 2.6, "bus_tau_std": 2.5, "car_acc": 1.2, "car_dcc": 1.4, "car_lcAssertive": 62.6, "car_lcCooperative": 0.5, "car_lcLookaheadLeft": 97.3, "car_lcPushy": 0.9, "car_lcSublane": 0.6, "car_max_v": 17.8, "car_tau_mean": 1.6, "car_tau_std": 12.9}, "datetime": {"datetime": "2024-08-03 11:07:54", "elapsed": 43.772322, "delta": 1.694002}}
{"target": -0.07533209601133832, "params": {"bus_acc": 1.6, "bus_dcc": 2.2, "bus_lcAssertive": 98.0, "bus_lcCooperative": 0.8, "bus_lcLookaheadLeft": 53.2, "bus_lcPushy": 0.7, "bus_lcSublane": 0.5, "bus_max_v": 18.7, "bus_tau_mean": 2.6, "bus_tau_std": 8.3, "car_acc": 1.7, "car_dcc": 1.7, "car_lcAssertive": 74.4, "car_lcCooperative": 0.4, "car_lcLookaheadLeft": 46.8, "car_lcPushy": 0.1, "car_lcSublane": 0.8, "car_max_v": 25.6, "car_tau_mean": 0.9, "car_tau_std": 14.7}, "datetime": {"datetime": "2024-08-03 11:07:55", "elapsed": 45.056001, "delta": 1.283679}}
{"target": -0.08002336373382417, "params": {"bus_acc": 1.0, "bus_dcc": 2.2, "bus_lcAssertive": 9.5, "bus_lcCooperative": 0.8, "bus_lcLookaheadLeft": 38.6, "bus_lcPushy": 1.0, "bus_lcSublane": 0.8, "bus_max_v": 22.9, "bus_tau_mean": 3.0, "bus_tau_std": 14.8, "car_acc": 1.8, "car_dcc": 4.1, "car_lcAssertive": 81.1, "car_lcCooperative": 0.2, "car_lcLookaheadLeft": 52.9, "car_lcPushy": 0.6, "car_lcSublane": 0.0, "car_max_v": 21.8, "car_tau_mean": 1.8, "car_tau_std": 14.2}, "datetime": {"datetime": "2024-08-03 11:07:58", "elapsed": 47.891231, "delta": 2.83523}}
{"target": -0.0717386249964791, "params": {"bus_acc": 1.8, "bus_dcc": 3.2, "bus_lcAssertive": 30.6, "bus_lcCooperative": 0.6, "bus_lcLookaheadLeft": 14.7, "bus_lcPushy": 0.0, "bus_lcSublane": 0.8, "bus_max_v": 13.3, "bus_tau_mean": 0.5, "bus_tau_std": 6.4, "car_acc": 2.3, "car_dcc": 3.6, "car_lcAssertive": 21.7, "car_lcCooperative": 0.2, "car_lcLookaheadLeft": 49.6, "car_lcPushy": 1.0, "car_lcSublane": 0.6, "car_max_v": 15.3, "car_tau_mean": 1.6, "car_tau_std": 9.9}, "datetime": {"datetime": "2024-08-03 11:08:00", "elapsed": 49.591267, "delta": 1.700036}}
{"target": -0.2126924368327933, "params": {"bus_acc": 1.5, "bus_dcc": 2.3, "bus_lcAssertive": 31.0, "bus_lcCooperative": 0.4, "bus_lcLookaheadLeft": 12.7, "bus_lcPushy": 0.6, "bus_lcSublane": 0.5, "bus_max_v": 13.2, "bus_tau_mean": 2.7, "bus_tau_std": 4.6, "car_acc": 1.6, "car_dcc": 3.4, "car_lcAssertive": 22.3, "car_lcCooperative": 0.2, "car_lcLookaheadLeft": 48.7, "car_lcPushy": 0.9, "car_lcSublane": 0.5, "car_max_v": 16.1, "car_tau_mean": 1.1, "car_tau_std": 7.6}, "datetime": {"datetime": "2024-08-03 11:08:02", "elapsed": 51.939144, "delta": 2.347877}}
{"target": -0.06174002747709507, "params": {"bus_acc": 1.8, "bus_dcc": 2.2, "bus_lcAssertive": 31.6, "bus_lcCooperative": 0.5, "bus_lcLookaheadLeft": 13.3, "bus_lcPushy": 0.5, "bus_lcSublane": 0.4, "bus_max_v": 15.7, "bus_tau_mean": 2.0, "bus_tau_std": 3.8, "car_acc": 1.6, "car_dcc": 2.2, "car_lcAssertive": 22.2, "car_lcCooperative": 0.5, "car_lcLookaheadLeft": 47.5, "car_lcPushy": 0.8, "car_lcSublane": 0.8, "car_max_v": 17.3, "car_tau_mean": 2.0, "car_tau_std": 11.5}, "datetime": {"datetime": "2024-08-03 11:08:03", "elapsed": 53.496153, "delta": 1.557009}}
{"target": -0.1091016958355996, "params": {"bus_acc": 1.6, "bus_dcc": 2.2, "bus_lcAssertive": 34.4, "bus_lcCooperative": 0.4, "bus_lcLookaheadLeft": 11.5, "bus_lcPushy": 0.7, "bus_lcSublane": 0.5, "bus_max_v": 13.6, "bus_tau_mean": 0.6, "bus_tau_std": 0.8, "car_acc": 1.0, "car_dcc": 3.2, "car_lcAssertive": 20.6, "car_lcCooperative": 0.3, "car_lcLookaheadLeft": 50.5, "car_lcPushy": 0.0, "car_lcSublane": 0.5, "car_max_v": 17.3, "car_tau_mean": 1.7, "car_tau_std": 9.3}, "datetime": {"datetime": "2024-08-03 11:08:05", "elapsed": 55.047599, "delta": 1.551446}}
{"target": -0.06407840312799716, "params": {"bus_acc": 1.0, "bus_dcc": 1.0, "bus_lcAssertive": 35.3, "bus_lcCooperative": 0.1, "bus_lcLookaheadLeft": 15.2, "bus_lcPushy": 0.0, "bus_lcSublane": 0.0, "bus_max_v": 12.3, "bus_tau_mean": 2.1, "bus_tau_std": 2.5, "car_acc": 1.0, "car_dcc": 4.3, "car_lcAssertive": 26.3, "car_lcCooperative": 0.5, "car_lcLookaheadLeft": 48.3, "car_lcPushy": 1.0, "car_lcSublane": 0.5, "car_max_v": 12.5, "car_tau_mean": 1.6, "car_tau_std": 12.7}, "datetime": {"datetime": "2024-08-03 11:08:06", "elapsed": 56.479357, "delta": 1.431758}}
{"target": -0.2058594798509483, "params": {"bus_acc": 1.0, "bus_dcc": 1.0, "bus_lcAssertive": 34.3, "bus_lcCooperative": 0.0, "bus_lcLookaheadLeft": 13.6, "bus_lcPushy": 0.0, "bus_lcSublane": 0.1, "bus_max_v": 14.3, "bus_tau_mean": 3.0, "bus_tau_std": 1.4, "car_acc": 1.0, "car_dcc": 3.9, "car_lcAssertive": 25.7, "car_lcCooperative": 0.8, "car_lcLookaheadLeft": 49.2, "car_lcPushy": 1.0, "car_lcSublane": 0.5, "car_max_v": 16.4, "car_tau_mean": 1.5, "car_tau_std": 13.9}, "datetime": {"datetime": "2024-08-03 11:08:08", "elapsed": 58.293736, "delta": 1.814379}}
{"target": -0.09027886881328244, "params": {"bus_acc": 1.7, "bus_dcc": 3.4, "bus_lcAssertive": 30.6, "bus_lcCooperative": 0.8, "bus_lcLookaheadLeft": 16.4, "bus_lcPushy": 0.2, "bus_lcSublane": 0.7, "bus_max_v": 14.8, "bus_tau_mean": 1.5, "bus_tau_std": 2.1, "car_acc": 3.0, "car_dcc": 4.5, "car_lcAssertive": 15.3, "car_lcCooperative": 0.4, "car_lcLookaheadLeft": 45.6, "car_lcPushy": 0.6, "car_lcSublane": 0.3, "car_max_v": 13.9, "car_tau_mean": 2.6, "car_tau_std": 6.9}, "datetime": {"datetime": "2024-08-03 11:08:09", "elapsed": 58.937669, "delta": 0.643933}}
{"target": -0.07109749619158759, "params": {"bus_acc": 2.0, "bus_dcc": 3.3, "bus_lcAssertive": 28.3, "bus_lcCooperative": 0.9, "bus_lcLookaheadLeft": 18.4, "bus_lcPushy": 0.3, "bus_lcSublane": 0.9, "bus_max_v": 12.9, "bus_tau_mean": 0.8, "bus_tau_std": 7.5, "car_acc": 3.0, "car_dcc": 3.9, "car_lcAssertive": 22.4, "car_lcCooperative": 0.1, "car_lcLookaheadLeft": 48.6, "car_lcPushy": 0.1, "car_lcSublane": 0.7, "car_max_v": 14.1, "car_tau_mean": 1.4, "car_tau_std": 10.1}, "datetime": {"datetime": "2024-08-03 11:08:10", "elapsed": 59.987622, "delta": 1.049953}}
{"target": -0.08364992072164733, "params": {"bus_acc": 1.7, "bus_dcc": 2.9, "bus_lcAssertive": 30.1, "bus_lcCooperative": 0.6, "bus_lcLookaheadLeft": 15.7, "bus_lcPushy": 0.4, "bus_lcSublane": 0.6, "bus_max_v": 13.5, "bus_tau_mean": 1.4, "bus_tau_std": 6.6, "car_acc": 2.7, "car_dcc": 3.5, "car_lcAssertive": 20.8, "car_lcCooperative": 0.2, "car_lcLookaheadLeft": 50.0, "car_lcPushy": 0.4, "car_lcSublane": 0.6, "car_max_v": 14.7, "car_tau_mean": 1.7, "car_tau_std": 10.2}, "datetime": {"datetime": "2024-08-03 11:08:12", "elapsed": 62.098622, "delta": 2.111}}
{"target": -0.06504627911343269, "params": {"bus_acc": 1.0, "bus_dcc": 1.0, "bus_lcAssertive": 35.1, "bus_lcCooperative": 0.0, "bus_lcLookaheadLeft": 14.2, "bus_lcPushy": 0.0, "bus_lcSublane": 0.0, "bus_max_v": 10.3, "bus_tau_mean": 2.1, "bus_tau_std": 0.6, "car_acc": 1.0, "car_dcc": 3.6, "car_lcAssertive": 25.7, "car_lcCooperative": 0.7, "car_lcLookaheadLeft": 43.8, "car_lcPushy": 1.0, "car_lcSublane": 0.6, "car_max_v": 12.3, "car_tau_mean": 0.5, "car_tau_std": 11.9}, "datetime": {"datetime": "2024-08-03 11:08:17", "elapsed": 67.071011, "delta": 4.972389}}
{"target": -0.06864789216225228, "params": {"bus_acc": 1.0, "bus_dcc": 1.0, "bus_lcAssertive": 35.0, "bus_lcCooperative": 0.0, "bus_lcLookaheadLeft": 14.4, "bus_lcPushy": 0.0, "bus_lcSublane": 0.0, "bus_max_v": 10.1, "bus_tau_mean": 1.7, "bus_tau_std": 0.0, "car_acc": 1.0, "car_dcc": 3.6, "car_lcAssertive": 23.8, "car_lcCooperative": 0.7, "car_lcLookaheadLeft": 42.9, "car_lcPushy": 1.0, "car_lcSublane": 0.2, "car_max_v": 12.4, "car_tau_mean": 0.5, "car_tau_std": 13.2}, "datetime": {"datetime": "2024-08-03 11:08:20", "elapsed": 70.266382, "delta": 3.195371}}
