{"target": -0.37446384563195856, "params": {"bus_acc": 2.4287, "bus_dcc": 3.1583, "bus_lcAssertive": 5.9279, "bus_lcCooperative": 0.3659, "bus_lcLookaheadLeft": 75.2456, "bus_lcPushy": 0.064, "bus_lcSigma": 0.5422, "bus_lcSublane": 0.1332, "bus_sigma": 0.2175, "bus_tau_mean": 0.5772, "bus_tau_std": 0.6574, "bus_v_mean": 18.6303, "bus_v_std": 9.3338, "car_acc": 1.6972, "car_dcc": 3.6844, "car_lcAssertive": 91.3348, "car_lcCooperative": 0.4794, "car_lcLookaheadLeft": 60.2294, "car_lcPushy": 0.6197, "car_lcSigma": 0.445, "car_lcSublane": 0.624, "car_sigma": 0.0343, "car_tau_mean": 3.5914, "car_tau_std": 7.1294, "car_v_mean": 21.2728, "car_v_std": 2.9581}, "datetime": {"datetime": "2024-08-07 11:26:04", "elapsed": 7066.722922, "delta": 6.029651}}
{"target": -0.3241892784461255, "params": {"bus_acc": 1.9048, "bus_dcc": 3.292, "bus_lcAssertive": 1.5817, "bus_lcCooperative": 0.3677, "bus_lcLookaheadLeft": 20.8194, "bus_lcPushy": 0.3145, "bus_lcSigma": 0.225, "bus_lcSublane": 0.9114, "bus_sigma": 0.5782, "bus_tau_mean": 3.0567, "bus_tau_std": 7.538, "bus_v_mean": 23.2475, "bus_v_std": 9.8591, "car_acc": 1.9986, "car_dcc": 2.0311, "car_lcAssertive": 11.7579, "car_lcCooperative": 0.1318, "car_lcLookaheadLeft": 57.0371, "car_lcPushy": 0.698, "car_lcSigma": 0.2625, "car_lcSublane": 0.7375, "car_sigma": 0.2119, "car_tau_mean": 2.3933, "car_tau_std": 0.661, "car_v_mean": 17.882, "car_v_std": 5.1288}, "datetime": {"datetime": "2024-08-07 11:26:40", "elapsed": 7103.396225, "delta": 36.673303}}
{"target": -0.3695744072995812, "params": {"bus_acc": 1.1469, "bus_dcc": 2.9959, "bus_lcAssertive": 31.8282, "bus_lcCooperative": 0.8107, "bus_lcLookaheadLeft": 33.8351, "bus_lcPushy": 0.2539, "bus_lcSigma": 0.1524, "bus_lcSublane": 0.7431, "bus_sigma": 0.6844, "bus_tau_mean": 1.6811, "bus_tau_std": 1.4919, "bus_v_mean": 11.7034, "bus_v_std": 1.6774, "car_acc": 2.674, "car_dcc": 3.6702, "car_lcAssertive": 69.4259, "car_lcCooperative": 0.0786, "car_lcLookaheadLeft": 61.6516, "car_lcPushy": 0.5979, "car_lcSigma": 0.5599, "car_lcSublane": 0.7038, "car_sigma": 0.3589, "car_tau_mean": 2.7473, "car_tau_std": 8.9756, "car_v_mean": 18.8875, "car_v_std": 2.186}, "datetime": {"datetime": "2024-08-07 11:26:44", "elapsed": 7106.712857, "delta": 3.316632}}
{"target": -0.3704382615770201, "params": {"bus_acc": 2.2053, "bus_dcc": 2.3394, "bus_lcAssertive": 61.8456, "bus_lcCooperative": 0.9264, "bus_lcLookaheadLeft": 93.3341, "bus_lcPushy": 0.1688, "bus_lcSigma": 0.2842, "bus_lcSublane": 0.337, "bus_sigma": 0.3007, "bus_tau_mean": 1.5736, "bus_tau_std": 1.8595, "bus_v_mean": 18.262, "bus_v_std": 9.3848, "car_acc": 2.5968, "car_dcc": 2.211, "car_lcAssertive": 32.7917, "car_lcCooperative": 0.0638, "car_lcLookaheadLeft": 64.3905, "car_lcPushy": 0.5636, "car_lcSigma": 0.0596, "car_lcSublane": 0.3863, "car_sigma": 0.8861, "car_tau_mean": 1.5653, "car_tau_std": 2.6646, "car_v_mean": 17.7893, "car_v_std": 3.1426}, "datetime": {"datetime": "2024-08-07 11:26:49", "elapsed": 7112.281936, "delta": 5.569079}}
{"target": -0.33114272645527465, "params": {"bus_acc": 1.9584, "bus_dcc": 3.5156, "bus_lcAssertive": 24.792, "bus_lcCooperative": 0.9144, "bus_lcLookaheadLeft": 77.918, "bus_lcPushy": 0.0975, "bus_lcSigma": 0.5125, "bus_lcSublane": 0.0521, "bus_sigma": 0.3647, "bus_tau_mean": 2.3227, "bus_tau_std": 5.9291, "bus_v_mean": 21.5224, "bus_v_std": 5.6764, "car_acc": 1.1686, "car_dcc": 1.0345, "car_lcAssertive": 28.2969, "car_lcCooperative": 0.9493, "car_lcLookaheadLeft": 83.9984, "car_lcPushy": 0.0637, "car_lcSigma": 0.8137, "car_lcSublane": 0.4844, "car_sigma": 0.2954, "car_tau_mean": 3.8463, "car_tau_std": 7.0652, "car_v_mean": 20.9498, "car_v_std": 5.8785}, "datetime": {"datetime": "2024-08-07 11:27:06", "elapsed": 7129.263045, "delta": 16.981109}}
{"target": -0.3375021615033983, "params": {"bus_acc": 1.0406, "bus_dcc": 1.6994, "bus_lcAssertive": 35.0811, "bus_lcCooperative": 0.9503, "bus_lcLookaheadLeft": 92.9145, "bus_lcPushy": 0.8392, "bus_lcSigma": 0.8949, "bus_lcSublane": 0.6173, "bus_sigma": 0.4361, "bus_tau_mean": 0.7869, "bus_tau_std": 1.4666, "bus_v_mean": 11.6104, "bus_v_std": 9.9461, "car_acc": 1.4455, "car_dcc": 1.573, "car_lcAssertive": 29.8407, "car_lcCooperative": 0.0207, "car_lcLookaheadLeft": 37.7598, "car_lcPushy": 0.0978, "car_lcSigma": 0.4341, "car_lcSublane": 0.7193, "car_sigma": 0.3514, "car_tau_mean": 1.7734, "car_tau_std": 9.6258, "car_v_mean": 11.1093, "car_v_std": 2.1656}, "datetime": {"datetime": "2024-08-07 11:27:12", "elapsed": 7135.116299, "delta": 5.853254}}
{"target": -0.5906033349242377, "params": {"bus_acc": 2.4703, "bus_dcc": 1.7795, "bus_lcAssertive": 2.5433, "bus_lcCooperative": 0.0974, "bus_lcLookaheadLeft": 55.292, "bus_lcPushy": 0.4923, "bus_lcSigma": 0.6534, "bus_lcSublane": 0.9038, "bus_sigma": 0.3003, "bus_tau_mean": 2.0751, "bus_tau_std": 5.8981, "bus_v_mean": 14.5548, "bus_v_std": 8.6285, "car_acc": 2.0158, "car_dcc": 1.9337, "car_lcAssertive": 49.4677, "car_lcCooperative": 0.1449, "car_lcLookaheadLeft": 25.3444, "car_lcPushy": 0.3241, "car_lcSigma": 0.0734, "car_lcSublane": 0.0073, "car_sigma": 0.2628, "car_tau_mean": 1.416, "car_tau_std": 7.9757, "car_v_mean": 20.115, "car_v_std": 1.4145}, "datetime": {"datetime": "2024-08-07 11:27:48", "elapsed": 7170.573677, "delta": 35.457378}}
{"target": -0.33884444775139766, "params": {"bus_acc": 2.4046, "bus_dcc": 1.0266, "bus_lcAssertive": 81.0258, "bus_lcCooperative": 0.1295, "bus_lcLookaheadLeft": 94.6283, "bus_lcPushy": 0.2916, "bus_lcSigma": 0.6637, "bus_lcSublane": 0.2758, "bus_sigma": 0.6622, "bus_tau_mean": 3.6977, "bus_tau_std": 7.0081, "bus_v_mean": 13.0973, "bus_v_std": 0.5552, "car_acc": 1.0897, "car_dcc": 1.1436, "car_lcAssertive": 60.3143, "car_lcCooperative": 0.2529, "car_lcLookaheadLeft": 59.4678, "car_lcPushy": 0.1774, "car_lcSigma": 0.0495, "car_lcSublane": 0.6292, "car_sigma": 0.922, "car_tau_mean": 2.6798, "car_tau_std": 6.4911, "car_v_mean": 18.7306, "car_v_std": 7.5282}, "datetime": {"datetime": "2024-08-07 11:27:55", "elapsed": 7177.573228, "delta": 6.999551}}
{"target": -0.3327561704460428, "params": {"bus_acc": 1.3317, "bus_dcc": 1.1426, "bus_lcAssertive": 38.9505, "bus_lcCooperative": 0.1139, "bus_lcLookaheadLeft": 7.4503, "bus_lcPushy": 0.7035, "bus_lcSigma": 0.9429, "bus_lcSublane": 0.2609, "bus_sigma": 0.5183, "bus_tau_mean": 3.961, "bus_tau_std": 2.3008, "bus_v_mean": 17.1862, "bus_v_std": 0.2056, "car_acc": 1.7467, "car_dcc": 1.9767, "car_lcAssertive": 61.0366, "car_lcCooperative": 0.681, "car_lcLookaheadLeft": 19.5577, "car_lcPushy": 0.3322, "car_lcSigma": 0.0245, "car_lcSublane": 0.6531, "car_sigma": 0.7509, "car_tau_mean": 2.5035, "car_tau_std": 3.0004, "car_v_mean": 14.6942, "car_v_std": 2.9724}, "datetime": {"datetime": "2024-08-07 11:27:58", "elapsed": 7180.628013, "delta": 3.054785}}
{"target": -0.34549553582862247, "params": {"bus_acc": 1.6075, "bus_dcc": 3.5288, "bus_lcAssertive": 2.776, "bus_lcCooperative": 0.1896, "bus_lcLookaheadLeft": 59.8383, "bus_lcPushy": 0.7625, "bus_lcSigma": 0.9911, "bus_lcSublane": 0.994, "bus_sigma": 0.6434, "bus_tau_mean": 3.3336, "bus_tau_std": 3.4232, "bus_v_mean": 13.1359, "bus_v_std": 8.4752, "car_acc": 2.2787, "car_dcc": 3.1171, "car_lcAssertive": 16.6058, "car_lcCooperative": 0.2595, "car_lcLookaheadLeft": 26.3234, "car_lcPushy": 0.2162, "car_lcSigma": 0.9846, "car_lcSublane": 0.5574, "car_sigma": 0.8641, "car_tau_mean": 0.5141, "car_tau_std": 7.7357, "car_v_mean": 19.8609, "car_v_std": 5.6469}, "datetime": {"datetime": "2024-08-07 11:28:12", "elapsed": 7194.599589, "delta": 13.971576}}
{"target": -0.35661222396923425, "params": {"bus_acc": 2.1036, "bus_dcc": 2.5604, "bus_lcAssertive": 96.8352, "bus_lcCooperative": 0.1913, "bus_lcLookaheadLeft": 30.3157, "bus_lcPushy": 0.04, "bus_lcSigma": 0.5278, "bus_lcSublane": 0.9838, "bus_sigma": 0.4556, "bus_tau_mean": 3.2602, "bus_tau_std": 1.1683, "bus_v_mean": 8.7836, "bus_v_std": 1.294, "car_acc": 1.8005, "car_dcc": 3.0025, "car_lcAssertive": 1.1627, "car_lcCooperative": 0.5576, "car_lcLookaheadLeft": 92.752, "car_lcPushy": 0.5491, "car_lcSigma": 0.8447, "car_lcSublane": 0.609, "car_sigma": 0.5188, "car_tau_mean": 3.4189, "car_tau_std": 7.1946, "car_v_mean": 15.9711, "car_v_std": 5.6175}, "datetime": {"datetime": "2024-08-07 11:28:34", "elapsed": 7216.850206, "delta": 22.250617}}
{"target": -0.3500799416615, "params": {"bus_acc": 1.1735, "bus_dcc": 2.6355, "bus_lcAssertive": 80.8316, "bus_lcCooperative": 0.9275, "bus_lcLookaheadLeft": 66.86, "bus_lcPushy": 0.4084, "bus_lcSigma": 0.7638, "bus_lcSublane": 0.6346, "bus_sigma": 0.4523, "bus_tau_mean": 2.7948, "bus_tau_std": 9.1401, "bus_v_mean": 11.5187, "bus_v_std": 9.9781, "car_acc": 1.5983, "car_dcc": 1.9323, "car_lcAssertive": 12.204, "car_lcCooperative": 0.047, "car_lcLookaheadLeft": 33.0514, "car_lcPushy": 0.3259, "car_lcSigma": 0.6926, "car_lcSublane": 0.8434, "car_sigma": 0.8492, "car_tau_mean": 0.881, "car_tau_std": 1.6189, "car_v_mean": 11.122, "car_v_std": 2.0517}, "datetime": {"datetime": "2024-08-07 11:28:38", "elapsed": 7221.262579, "delta": 4.412373}}
{"target": -0.3204631350499191, "params": {"bus_acc": 2.8754, "bus_dcc": 1.3714, "bus_lcAssertive": 41.4174, "bus_lcCooperative": 0.2721, "bus_lcLookaheadLeft": 6.7997, "bus_lcPushy": 0.4285, "bus_lcSigma": 0.6451, "bus_lcSublane": 0.8521, "bus_sigma": 0.9457, "bus_tau_mean": 1.88, "bus_tau_std": 6.9529, "bus_v_mean": 10.3306, "bus_v_std": 1.97, "car_acc": 1.713, "car_dcc": 2.2674, "car_lcAssertive": 76.0175, "car_lcCooperative": 0.728, "car_lcLookaheadLeft": 70.2552, "car_lcPushy": 0.0796, "car_lcSigma": 0.0128, "car_lcSublane": 0.3845, "car_sigma": 0.4923, "car_tau_mean": 1.6425, "car_tau_std": 8.9423, "car_v_mean": 15.2308, "car_v_std": 7.0619}, "datetime": {"datetime": "2024-08-07 11:29:11", "elapsed": 7254.242003, "delta": 32.979424}}
{"target": -0.3252899384369608, "params": {"bus_acc": 1.6538, "bus_dcc": 2.0132, "bus_lcAssertive": 9.6412, "bus_lcCooperative": 0.2957, "bus_lcLookaheadLeft": 52.3199, "bus_lcPushy": 0.3416, "bus_lcSigma": 0.3517, "bus_lcSublane": 0.5505, "bus_sigma": 0.8136, "bus_tau_mean": 0.6732, "bus_tau_std": 7.4451, "bus_v_mean": 9.6864, "bus_v_std": 9.131, "car_acc": 2.3828, "car_dcc": 2.3342, "car_lcAssertive": 34.5526, "car_lcCooperative": 0.6257, "car_lcLookaheadLeft": 55.4377, "car_lcPushy": 0.1355, "car_lcSigma": 0.3529, "car_lcSublane": 0.9396, "car_sigma": 0.1026, "car_tau_mean": 3.6321, "car_tau_std": 5.6412, "car_v_mean": 23.7881, "car_v_std": 6.1761}, "datetime": {"datetime": "2024-08-07 11:29:24", "elapsed": 7267.410094, "delta": 13.168091}}
{"target": -0.35966267194359164, "params": {"bus_acc": 2.0259, "bus_dcc": 3.7412, "bus_lcAssertive": 98.1984, "bus_lcCooperative": 0.4459, "bus_lcLookaheadLeft": 70.5012, "bus_lcPushy": 0.423, "bus_lcSigma": 0.2645, "bus_lcSublane": 0.1328, "bus_sigma": 0.9309, "bus_tau_mean": 2.0372, "bus_tau_std": 7.3342, "bus_v_mean": 22.4271, "bus_v_std": 7.5941, "car_acc": 2.029, "car_dcc": 2.4964, "car_lcAssertive": 27.9456, "car_lcCooperative": 0.3057, "car_lcLookaheadLeft": 92.9517, "car_lcPushy": 0.5871, "car_lcSigma": 0.2878, "car_lcSublane": 0.1769, "car_sigma": 0.4928, "car_tau_mean": 0.7299, "car_tau_std": 1.7342, "car_v_mean": 19.6004, "car_v_std": 6.4427}, "datetime": {"datetime": "2024-08-07 11:29:36", "elapsed": 7278.930929, "delta": 11.520835}}
{"target": -0.31352992663697954, "params": {"bus_acc": 1.8661, "bus_dcc": 3.3057, "bus_lcAssertive": 83.897, "bus_lcCooperative": 0.2026, "bus_lcLookaheadLeft": 85.0225, "bus_lcPushy": 0.6497, "bus_lcSigma": 0.0982, "bus_lcSublane": 0.7572, "bus_sigma": 0.5034, "bus_tau_mean": 1.0339, "bus_tau_std": 5.0147, "bus_v_mean": 9.7638, "bus_v_std": 1.9036, "car_acc": 2.4656, "car_dcc": 3.2532, "car_lcAssertive": 19.2736, "car_lcCooperative": 0.3774, "car_lcLookaheadLeft": 81.0273, "car_lcPushy": 0.212, "car_lcSigma": 0.7869, "car_lcSublane": 0.6347, "car_sigma": 0.7423, "car_tau_mean": 2.4397, "car_tau_std": 7.0815, "car_v_mean": 12.5027, "car_v_std": 1.2476}, "datetime": {"datetime": "2024-08-07 11:30:08", "elapsed": 7310.969348, "delta": 32.038419}}
{"target": -0.32751375708039077, "params": {"bus_acc": 2.5253, "bus_dcc": 2.1646, "bus_lcAssertive": 60.7795, "bus_lcCooperative": 0.252, "bus_lcLookaheadLeft": 36.9662, "bus_lcPushy": 0.4316, "bus_lcSigma": 0.0724, "bus_lcSublane": 0.4864, "bus_sigma": 0.5443, "bus_tau_mean": 2.0094, "bus_tau_std": 0.5541, "bus_v_mean": 15.0297, "bus_v_std": 5.4034, "car_acc": 2.1303, "car_dcc": 3.8575, "car_lcAssertive": 38.8305, "car_lcCooperative": 0.3553, "car_lcLookaheadLeft": 67.0101, "car_lcPushy": 0.2037, "car_lcSigma": 0.5199, "car_lcSublane": 0.2446, "car_sigma": 0.2041, "car_tau_mean": 3.0249, "car_tau_std": 0.4392, "car_v_mean": 22.0928, "car_v_std": 8.9147}, "datetime": {"datetime": "2024-08-07 11:30:30", "elapsed": 7333.174806, "delta": 22.205458}}
{"target": -0.4029656791901466, "params": {"bus_acc": 1.4476, "bus_dcc": 1.9822, "bus_lcAssertive": 52.9529, "bus_lcCooperative": 0.1685, "bus_lcLookaheadLeft": 8.19, "bus_lcPushy": 0.6848, "bus_lcSigma": 0.6623, "bus_lcSublane": 0.5834, "bus_sigma": 0.467, "bus_tau_mean": 1.5408, "bus_tau_std": 7.5097, "bus_v_mean": 17.9759, "bus_v_std": 5.8575, "car_acc": 1.0621, "car_dcc": 3.2728, "car_lcAssertive": 11.8855, "car_lcCooperative": 0.4919, "car_lcLookaheadLeft": 31.6636, "car_lcPushy": 0.3406, "car_lcSigma": 0.5084, "car_lcSublane": 0.6373, "car_sigma": 0.7038, "car_tau_mean": 0.6617, "car_tau_std": 1.761, "car_v_mean": 10.7351, "car_v_std": 2.4666}, "datetime": {"datetime": "2024-08-07 11:30:43", "elapsed": 7345.778144, "delta": 12.603338}}
{"target": -0.39988198260359464, "params": {"bus_acc": 1.0391, "bus_dcc": 2.8062, "bus_lcAssertive": 52.0402, "bus_lcCooperative": 0.9025, "bus_lcLookaheadLeft": 54.6172, "bus_lcPushy": 0.9431, "bus_lcSigma": 0.5978, "bus_lcSublane": 0.4221, "bus_sigma": 0.6615, "bus_tau_mean": 2.8803, "bus_tau_std": 5.9499, "bus_v_mean": 12.7265, "bus_v_std": 2.8317, "car_acc": 1.0467, "car_dcc": 1.929, "car_lcAssertive": 98.2825, "car_lcCooperative": 0.68, "car_lcLookaheadLeft": 73.3646, "car_lcPushy": 0.5363, "car_lcSigma": 0.8043, "car_lcSublane": 0.2752, "car_sigma": 0.6429, "car_tau_mean": 3.5497, "car_tau_std": 5.5441, "car_v_mean": 13.9311, "car_v_std": 3.9135}, "datetime": {"datetime": "2024-08-07 11:31:27", "elapsed": 7389.980282, "delta": 44.202138}}
{"target": -0.41553867368323605, "params": {"bus_acc": 1.3653, "bus_dcc": 3.5994, "bus_lcAssertive": 70.6094, "bus_lcCooperative": 0.5853, "bus_lcLookaheadLeft": 60.5099, "bus_lcPushy": 0.5989, "bus_lcSigma": 0.9378, "bus_lcSublane": 0.9597, "bus_sigma": 0.1148, "bus_tau_mean": 2.242, "bus_tau_std": 3.6714, "bus_v_mean": 16.6177, "bus_v_std": 7.4929, "car_acc": 2.286, "car_dcc": 2.4604, "car_lcAssertive": 31.0637, "car_lcCooperative": 0.2156, "car_lcLookaheadLeft": 3.987, "car_lcPushy": 0.7763, "car_lcSigma": 0.2414, "car_lcSublane": 0.1902, "car_sigma": 0.0509, "car_tau_mean": 2.8838, "car_tau_std": 5.0213, "car_v_mean": 21.003, "car_v_std": 0.7727}, "datetime": {"datetime": "2024-08-07 11:31:31", "elapsed": 7393.970952, "delta": 3.99067}}
{"target": -0.3454100763683875, "params": {"bus_acc": 2.8194, "bus_dcc": 3.6929, "bus_lcAssertive": 36.3826, "bus_lcCooperative": 0.4757, "bus_lcLookaheadLeft": 90.0505, "bus_lcPushy": 0.4972, "bus_lcSigma": 0.1425, "bus_lcSublane": 0.8112, "bus_sigma": 0.049, "bus_tau_mean": 1.0003, "bus_tau_std": 8.7037, "bus_v_mean": 23.9996, "bus_v_std": 8.1512, "car_acc": 2.5586, "car_dcc": 3.7492, "car_lcAssertive": 49.1637, "car_lcCooperative": 0.6233, "car_lcLookaheadLeft": 87.8826, "car_lcPushy": 0.667, "car_lcSigma": 0.7041, "car_lcSublane": 0.3772, "car_sigma": 0.4489, "car_tau_mean": 3.779, "car_tau_std": 5.8017, "car_v_mean": 17.0529, "car_v_std": 3.422}, "datetime": {"datetime": "2024-08-07 11:31:57", "elapsed": 7420.001818, "delta": 26.030866}}
{"target": -0.3151054368580831, "params": {"bus_acc": 2.6958, "bus_dcc": 1.2159, "bus_lcAssertive": 66.6984, "bus_lcCooperative": 0.2661, "bus_lcLookaheadLeft": 38.4826, "bus_lcPushy": 0.5719, "bus_lcSigma": 0.746, "bus_lcSublane": 0.4206, "bus_sigma": 0.592, "bus_tau_mean": 2.4161, "bus_tau_std": 4.9088, "bus_v_mean": 15.0101, "bus_v_std": 6.7737, "car_acc": 1.2925, "car_dcc": 2.021, "car_lcAssertive": 3.4781, "car_lcCooperative": 0.0179, "car_lcLookaheadLeft": 13.8728, "car_lcPushy": 0.7035, "car_lcSigma": 0.6002, "car_lcSublane": 0.5668, "car_sigma": 0.044, "car_tau_mean": 2.2708, "car_tau_std": 4.2473, "car_v_mean": 21.5479, "car_v_std": 4.8431}, "datetime": {"datetime": "2024-08-07 11:32:00", "elapsed": 7423.32055, "delta": 3.318732}}
{"target": -0.4110454504345757, "params": {"bus_acc": 2.8425, "bus_dcc": 3.5638, "bus_lcAssertive": 27.9518, "bus_lcCooperative": 0.8951, "bus_lcLookaheadLeft": 49.7663, "bus_lcPushy": 0.6167, "bus_lcSigma": 0.9333, "bus_lcSublane": 0.6802, "bus_sigma": 0.5297, "bus_tau_mean": 1.6687, "bus_tau_std": 4.1159, "bus_v_mean": 16.0192, "bus_v_std": 1.71, "car_acc": 2.1364, "car_dcc": 3.5195, "car_lcAssertive": 46.5845, "car_lcCooperative": 0.0585, "car_lcLookaheadLeft": 96.1586, "car_lcPushy": 0.4289, "car_lcSigma": 0.4828, "car_lcSublane": 0.2064, "car_sigma": 0.5382, "car_tau_mean": 3.5791, "car_tau_std": 2.8631, "car_v_mean": 8.7614, "car_v_std": 1.3068}, "datetime": {"datetime": "2024-08-07 11:32:16", "elapsed": 7439.314213, "delta": 15.993663}}
{"target": -0.3573573605564436, "params": {"bus_acc": 2.0292, "bus_dcc": 3.799, "bus_lcAssertive": 32.6913, "bus_lcCooperative": 0.0589, "bus_lcLookaheadLeft": 57.3548, "bus_lcPushy": 0.1287, "bus_lcSigma": 0.2585, "bus_lcSublane": 0.2013, "bus_sigma": 0.1807, "bus_tau_mean": 3.4627, "bus_tau_std": 2.7124, "bus_v_mean": 15.197, "bus_v_std": 7.2628, "car_acc": 2.3424, "car_dcc": 2.5155, "car_lcAssertive": 13.0728, "car_lcCooperative": 0.4013, "car_lcLookaheadLeft": 6.3617, "car_lcPushy": 0.4421, "car_lcSigma": 0.4034, "car_lcSublane": 0.9397, "car_sigma": 0.6859, "car_tau_mean": 2.3261, "car_tau_std": 2.3306, "car_v_mean": 9.2251, "car_v_std": 2.9762}, "datetime": {"datetime": "2024-08-07 11:32:24", "elapsed": 7446.569989, "delta": 7.255776}}
{"target": -0.32548192720425906, "params": {"bus_acc": 2.3713, "bus_dcc": 2.0412, "bus_lcAssertive": 5.8739, "bus_lcCooperative": 0.3341, "bus_lcLookaheadLeft": 23.214, "bus_lcPushy": 0.8141, "bus_lcSigma": 0.6255, "bus_lcSublane": 0.9562, "bus_sigma": 0.3248, "bus_tau_mean": 3.8386, "bus_tau_std": 0.0698, "bus_v_mean": 23.1322, "bus_v_std": 7.4183, "car_acc": 2.7142, "car_dcc": 1.5838, "car_lcAssertive": 31.9635, "car_lcCooperative": 0.519, "car_lcLookaheadLeft": 78.6053, "car_lcPushy": 0.9627, "car_lcSigma": 0.5285, "car_lcSublane": 0.9327, "car_sigma": 0.4861, "car_tau_mean": 3.8822, "car_tau_std": 2.9338, "car_v_mean": 12.7919, "car_v_std": 0.5507}, "datetime": {"datetime": "2024-08-07 11:32:49", "elapsed": 7472.212438, "delta": 25.642449}}
{"target": -0.3436789894995924, "params": {"bus_acc": 1.893, "bus_dcc": 3.3836, "bus_lcAssertive": 25.8895, "bus_lcCooperative": 0.4757, "bus_lcLookaheadLeft": 52.8744, "bus_lcPushy": 0.7067, "bus_lcSigma": 0.3669, "bus_lcSublane": 0.5939, "bus_sigma": 0.3708, "bus_tau_mean": 3.2204, "bus_tau_std": 2.5087, "bus_v_mean": 15.6955, "bus_v_std": 0.8409, "car_acc": 1.0554, "car_dcc": 1.2646, "car_lcAssertive": 60.3265, "car_lcCooperative": 0.8621, "car_lcLookaheadLeft": 98.65, "car_lcPushy": 0.6214, "car_lcSigma": 0.6793, "car_lcSublane": 0.9208, "car_sigma": 0.3438, "car_tau_mean": 0.841, "car_tau_std": 4.5083, "car_v_mean": 18.9807, "car_v_std": 7.902}, "datetime": {"datetime": "2024-08-07 11:32:52", "elapsed": 7474.623332, "delta": 2.410894}}
{"target": -0.34102236464632085, "params": {"bus_acc": 1.1362, "bus_dcc": 1.9495, "bus_lcAssertive": 88.5831, "bus_lcCooperative": 0.084, "bus_lcLookaheadLeft": 9.7028, "bus_lcPushy": 0.1266, "bus_lcSigma": 0.7814, "bus_lcSublane": 0.613, "bus_sigma": 0.5912, "bus_tau_mean": 2.4967, "bus_tau_std": 9.1384, "bus_v_mean": 8.3963, "bus_v_std": 1.7007, "car_acc": 1.2099, "car_dcc": 3.4581, "car_lcAssertive": 78.9063, "car_lcCooperative": 0.9523, "car_lcLookaheadLeft": 71.1177, "car_lcPushy": 0.3262, "car_lcSigma": 0.3649, "car_lcSublane": 0.7307, "car_sigma": 0.0427, "car_tau_mean": 3.9984, "car_tau_std": 2.7655, "car_v_mean": 12.8246, "car_v_std": 8.1595}, "datetime": {"datetime": "2024-08-07 11:33:05", "elapsed": 7487.619096, "delta": 12.995764}}
{"target": -0.3018357048671244, "params": {"bus_acc": 1.9531, "bus_dcc": 2.8164, "bus_lcAssertive": 31.3459, "bus_lcCooperative": 0.8231, "bus_lcLookaheadLeft": 90.0726, "bus_lcPushy": 0.9605, "bus_lcSigma": 0.8548, "bus_lcSublane": 0.8455, "bus_sigma": 0.3526, "bus_tau_mean": 3.4896, "bus_tau_std": 8.7451, "bus_v_mean": 19.9068, "bus_v_std": 7.5482, "car_acc": 1.8986, "car_dcc": 2.4819, "car_lcAssertive": 73.6058, "car_lcCooperative": 0.2613, "car_lcLookaheadLeft": 75.6899, "car_lcPushy": 0.1659, "car_lcSigma": 0.5115, "car_lcSublane": 0.8432, "car_sigma": 0.6519, "car_tau_mean": 3.1889, "car_tau_std": 6.6461, "car_v_mean": 9.8374, "car_v_std": 1.4054}, "datetime": {"datetime": "2024-08-07 11:33:43", "elapsed": 7525.69268, "delta": 38.073584}}
{"target": -0.37248274974903073, "params": {"bus_acc": 2.008, "bus_dcc": 1.0091, "bus_lcAssertive": 94.6765, "bus_lcCooperative": 0.168, "bus_lcLookaheadLeft": 37.4366, "bus_lcPushy": 0.5853, "bus_lcSigma": 0.0608, "bus_lcSublane": 0.7987, "bus_sigma": 0.1668, "bus_tau_mean": 1.1745, "bus_tau_std": 4.6735, "bus_v_mean": 11.1294, "bus_v_std": 8.94, "car_acc": 1.8585, "car_dcc": 3.6103, "car_lcAssertive": 92.0293, "car_lcCooperative": 0.0598, "car_lcLookaheadLeft": 41.7398, "car_lcPushy": 0.1429, "car_lcSigma": 0.0556, "car_lcSublane": 0.7337, "car_sigma": 0.0688, "car_tau_mean": 2.8168, "car_tau_std": 7.719, "car_v_mean": 22.8291, "car_v_std": 1.956}, "datetime": {"datetime": "2024-08-07 11:33:44", "elapsed": 7527.194107, "delta": 1.501427}}
