{"target": -0.2891075658581117, "params": {"bus_acc": 1.8386, "bus_dcc": 1.4639, "bus_lcAssertive": 6.1262, "bus_lcCooperative": 0.6493, "bus_lcLookaheadLeft": 91.8576, "bus_lcPushy": 0.3918, "bus_lcSigma": 0.3173, "bus_lcSublane": 0.4425, "bus_sigma": 0.1392, "bus_tau_mean": 1.5932, "bus_tau_std": 3.4409, "bus_v_mean": 12.5543, "bus_v_std": 1.1787, "car_acc": 1.5136, "car_dcc": 1.1748, "car_lcAssertive": 26.3235, "car_lcCooperative": 0.3827, "car_lcLookaheadLeft": 86.5047, "car_lcPushy": 0.8978, "car_lcSigma": 0.4337, "car_lcSublane": 0.9863, "car_sigma": 0.2463, "car_tau_mean": 1.55, "car_tau_std": 6.9705, "car_v_mean": 14.0841, "car_v_std": 4.413}, "datetime": {"datetime": "2024-08-07 11:34:16", "elapsed": 7558.999799, "delta": 31.805692}}
{"target": -0.4562832500989209, "params": {"bus_acc": 1.1891, "bus_dcc": 3.5215, "bus_lcAssertive": 74.082, "bus_lcCooperative": 0.6011, "bus_lcLookaheadLeft": 92.4626, "bus_lcPushy": 0.9767, "bus_lcSigma": 0.5281, "bus_lcSublane": 0.8439, "bus_sigma": 0.695, "bus_tau_mean": 1.8984, "bus_tau_std": 3.6395, "bus_v_mean": 18.3302, "bus_v_std": 6.5316, "car_acc": 2.2338, "car_dcc": 1.697, "car_lcAssertive": 70.4587, "car_lcCooperative": 0.197, "car_lcLookaheadLeft": 59.0254, "car_lcPushy": 0.5059, "car_lcSigma": 0.5783, "car_lcSublane": 0.9352, "car_sigma": 0.4658, "car_tau_mean": 0.8809, "car_tau_std": 0.4289, "car_v_mean": 10.5009, "car_v_std": 8.0709}, "datetime": {"datetime": "2024-08-07 11:34:22", "elapsed": 7565.099797, "delta": 6.099998}}
{"target": -0.3424072850640695, "params": {"bus_acc": 2.616, "bus_dcc": 3.8306, "bus_lcAssertive": 68.4075, "bus_lcCooperative": 0.0027, "bus_lcLookaheadLeft": 83.3309, "bus_lcPushy": 0.4635, "bus_lcSigma": 0.1869, "bus_lcSublane": 0.2539, "bus_sigma": 0.6118, "bus_tau_mean": 1.918, "bus_tau_std": 8.0584, "bus_v_mean": 16.7353, "bus_v_std": 5.3941, "car_acc": 1.2285, "car_dcc": 1.711, "car_lcAssertive": 46.9135, "car_lcCooperative": 0.8488, "car_lcLookaheadLeft": 21.8892, "car_lcPushy": 0.7032, "car_lcSigma": 0.6314, "car_lcSublane": 0.7913, "car_sigma": 0.5262, "car_tau_mean": 3.8173, "car_tau_std": 4.3192, "car_v_mean": 13.4931, "car_v_std": 0.8846}, "datetime": {"datetime": "2024-08-07 11:34:36", "elapsed": 7579.16694, "delta": 14.067143}}
{"target": -0.3098844759297853, "params": {"bus_acc": 1.4695, "bus_dcc": 1.8228, "bus_lcAssertive": 45.5958, "bus_lcCooperative": 0.1862, "bus_lcLookaheadLeft": 16.2032, "bus_lcPushy": 0.8536, "bus_lcSigma": 0.4402, "bus_lcSublane": 0.6061, "bus_sigma": 0.3926, "bus_tau_mean": 1.5109, "bus_tau_std": 2.5094, "bus_v_mean": 11.5617, "bus_v_std": 2.6874, "car_acc": 1.3947, "car_dcc": 1.5248, "car_lcAssertive": 41.1361, "car_lcCooperative": 0.5577, "car_lcLookaheadLeft": 24.3851, "car_lcPushy": 0.2297, "car_lcSigma": 0.4753, "car_lcSublane": 0.9319, "car_sigma": 0.9728, "car_tau_mean": 1.9573, "car_tau_std": 6.5786, "car_v_mean": 15.0598, "car_v_std": 2.037}, "datetime": {"datetime": "2024-08-07 11:35:02", "elapsed": 7604.647852, "delta": 25.480912}}
{"target": -0.32476832545412615, "params": {"bus_acc": 2.3196, "bus_dcc": 3.824, "bus_lcAssertive": 72.1896, "bus_lcCooperative": 0.4413, "bus_lcLookaheadLeft": 19.2547, "bus_lcPushy": 0.1922, "bus_lcSigma": 0.5294, "bus_lcSublane": 0.4241, "bus_sigma": 0.2417, "bus_tau_mean": 3.4794, "bus_tau_std": 9.8244, "bus_v_mean": 10.941, "bus_v_std": 6.2467, "car_acc": 1.0188, "car_dcc": 1.9479, "car_lcAssertive": 43.8807, "car_lcCooperative": 0.2818, "car_lcLookaheadLeft": 5.5007, "car_lcPushy": 0.2444, "car_lcSigma": 0.0976, "car_lcSublane": 0.0372, "car_sigma": 0.324, "car_tau_mean": 1.7314, "car_tau_std": 9.2092, "car_v_mean": 9.5062, "car_v_std": 0.2324}, "datetime": {"datetime": "2024-08-07 11:35:43", "elapsed": 7645.777577, "delta": 41.129725}}
{"target": -0.3585560074481241, "params": {"bus_acc": 1.3229, "bus_dcc": 1.1622, "bus_lcAssertive": 27.7313, "bus_lcCooperative": 0.8443, "bus_lcLookaheadLeft": 66.2081, "bus_lcPushy": 0.4815, "bus_lcSigma": 0.1484, "bus_lcSublane": 0.4982, "bus_sigma": 0.2297, "bus_tau_mean": 3.8988, "bus_tau_std": 2.6489, "bus_v_mean": 13.0643, "bus_v_std": 9.671, "car_acc": 2.7441, "car_dcc": 3.6428, "car_lcAssertive": 93.5834, "car_lcCooperative": 0.0194, "car_lcLookaheadLeft": 95.4574, "car_lcPushy": 0.0728, "car_lcSigma": 0.4194, "car_lcSublane": 0.0201, "car_sigma": 0.4849, "car_tau_mean": 3.4197, "car_tau_std": 1.7835, "car_v_mean": 17.7276, "car_v_std": 2.2262}, "datetime": {"datetime": "2024-08-07 11:35:48", "elapsed": 7651.042396, "delta": 5.264819}}
{"target": -0.34489348603435743, "params": {"bus_acc": 1.2789, "bus_dcc": 1.6562, "bus_lcAssertive": 15.363, "bus_lcCooperative": 0.8422, "bus_lcLookaheadLeft": 68.4335, "bus_lcPushy": 0.5537, "bus_lcSigma": 0.2697, "bus_lcSublane": 0.0278, "bus_sigma": 0.8585, "bus_tau_mean": 1.0043, "bus_tau_std": 2.8144, "bus_v_mean": 17.6392, "bus_v_std": 4.879, "car_acc": 2.6103, "car_dcc": 2.3182, "car_lcAssertive": 41.0646, "car_lcCooperative": 0.6962, "car_lcLookaheadLeft": 89.8515, "car_lcPushy": 0.083, "car_lcSigma": 0.3968, "car_lcSublane": 0.971, "car_sigma": 0.3706, "car_tau_mean": 2.4607, "car_tau_std": 6.2092, "car_v_mean": 13.3229, "car_v_std": 1.7728}, "datetime": {"datetime": "2024-08-07 11:36:33", "elapsed": 7696.170098, "delta": 45.127702}}
{"target": -0.3447058126486144, "params": {"bus_acc": 2.6549, "bus_dcc": 1.1844, "bus_lcAssertive": 92.7727, "bus_lcCooperative": 0.9987, "bus_lcLookaheadLeft": 78.87, "bus_lcPushy": 0.4534, "bus_lcSigma": 0.4791, "bus_lcSublane": 0.0116, "bus_sigma": 0.8377, "bus_tau_mean": 3.9078, "bus_tau_std": 4.6619, "bus_v_mean": 9.1784, "bus_v_std": 0.1935, "car_acc": 1.7367, "car_dcc": 3.4397, "car_lcAssertive": 39.7121, "car_lcCooperative": 0.2114, "car_lcLookaheadLeft": 47.9843, "car_lcPushy": 0.019, "car_lcSigma": 0.8013, "car_lcSublane": 0.5843, "car_sigma": 0.1929, "car_tau_mean": 3.4559, "car_tau_std": 6.8075, "car_v_mean": 16.6246, "car_v_std": 1.324}, "datetime": {"datetime": "2024-08-07 11:36:37", "elapsed": 7700.194503, "delta": 4.024405}}
{"target": -0.37979798556250804, "params": {"bus_acc": 2.5606, "bus_dcc": 2.2588, "bus_lcAssertive": 10.5486, "bus_lcCooperative": 0.0762, "bus_lcLookaheadLeft": 59.2677, "bus_lcPushy": 0.201, "bus_lcSigma": 0.438, "bus_lcSublane": 0.2163, "bus_sigma": 0.0585, "bus_tau_mean": 0.8484, "bus_tau_std": 8.636, "bus_v_mean": 15.5977, "bus_v_std": 1.9561, "car_acc": 2.8286, "car_dcc": 2.9576, "car_lcAssertive": 32.3471, "car_lcCooperative": 0.8819, "car_lcLookaheadLeft": 71.997, "car_lcPushy": 0.1486, "car_lcSigma": 0.6574, "car_lcSublane": 0.4858, "car_sigma": 0.8121, "car_tau_mean": 3.8954, "car_tau_std": 3.8614, "car_v_mean": 9.1903, "car_v_std": 3.672}, "datetime": {"datetime": "2024-08-07 11:36:45", "elapsed": 7707.890817, "delta": 7.696314}}
{"target": -0.28202073220080415, "params": {"bus_acc": 2.2612, "bus_dcc": 2.9864, "bus_lcAssertive": 6.1707, "bus_lcCooperative": 0.6031, "bus_lcLookaheadLeft": 69.9329, "bus_lcPushy": 0.6887, "bus_lcSigma": 0.6175, "bus_lcSublane": 0.5502, "bus_sigma": 0.3833, "bus_tau_mean": 1.1508, "bus_tau_std": 9.0334, "bus_v_mean": 11.568, "bus_v_std": 5.0848, "car_acc": 1.4962, "car_dcc": 1.4404, "car_lcAssertive": 63.378, "car_lcCooperative": 0.1701, "car_lcLookaheadLeft": 64.5112, "car_lcPushy": 0.4933, "car_lcSigma": 0.5178, "car_lcSublane": 0.5184, "car_sigma": 0.8481, "car_tau_mean": 1.4601, "car_tau_std": 1.7823, "car_v_mean": 12.4228, "car_v_std": 8.5058}, "datetime": {"datetime": "2024-08-07 11:36:49", "elapsed": 7711.802324, "delta": 3.911507}}
{"target": -0.3687848130156806, "params": {"bus_acc": 1.7644, "bus_dcc": 3.7074, "bus_lcAssertive": 91.871, "bus_lcCooperative": 0.5407, "bus_lcLookaheadLeft": 62.5685, "bus_lcPushy": 0.0317, "bus_lcSigma": 0.0269, "bus_lcSublane": 0.6736, "bus_sigma": 0.1946, "bus_tau_mean": 2.6657, "bus_tau_std": 2.7548, "bus_v_mean": 23.5158, "bus_v_std": 8.8458, "car_acc": 2.9595, "car_dcc": 3.6912, "car_lcAssertive": 61.7027, "car_lcCooperative": 0.8862, "car_lcLookaheadLeft": 74.009, "car_lcPushy": 0.6634, "car_lcSigma": 0.3342, "car_lcSublane": 0.7135, "car_sigma": 0.2859, "car_tau_mean": 0.5627, "car_tau_std": 2.4977, "car_v_mean": 13.7351, "car_v_std": 7.8711}, "datetime": {"datetime": "2024-08-07 11:37:14", "elapsed": 7737.279381, "delta": 25.477057}}
{"target": -0.3549472404705074, "params": {"bus_acc": 2.2222, "bus_dcc": 3.8172, "bus_lcAssertive": 1.9988, "bus_lcCooperative": 0.6545, "bus_lcLookaheadLeft": 58.673, "bus_lcPushy": 0.9717, "bus_lcSigma": 0.2354, "bus_lcSublane": 0.5862, "bus_sigma": 0.1688, "bus_tau_mean": 3.8429, "bus_tau_std": 9.5859, "bus_v_mean": 22.6978, "bus_v_std": 0.4333, "car_acc": 1.4007, "car_dcc": 2.2684, "car_lcAssertive": 32.2743, "car_lcCooperative": 0.6626, "car_lcLookaheadLeft": 83.4824, "car_lcPushy": 0.0952, "car_lcSigma": 0.9844, "car_lcSublane": 0.2841, "car_sigma": 0.2184, "car_tau_mean": 3.3653, "car_tau_std": 9.1825, "car_v_mean": 15.2011, "car_v_std": 5.6305}, "datetime": {"datetime": "2024-08-07 11:37:23", "elapsed": 7746.38038, "delta": 9.100999}}
{"target": -0.33412357127722525, "params": {"bus_acc": 2.7179, "bus_dcc": 2.2688, "bus_lcAssertive": 10.9865, "bus_lcCooperative": 0.7792, "bus_lcLookaheadLeft": 26.8164, "bus_lcPushy": 0.3279, "bus_lcSigma": 0.5567, "bus_lcSublane": 0.6346, "bus_sigma": 0.0148, "bus_tau_mean": 3.6939, "bus_tau_std": 6.8095, "bus_v_mean": 15.2401, "bus_v_std": 9.326, "car_acc": 2.3978, "car_dcc": 1.3744, "car_lcAssertive": 11.1036, "car_lcCooperative": 0.5868, "car_lcLookaheadLeft": 39.4561, "car_lcPushy": 0.4363, "car_lcSigma": 0.5579, "car_lcSublane": 0.4508, "car_sigma": 0.758, "car_tau_mean": 0.6648, "car_tau_std": 4.4439, "car_v_mean": 12.8806, "car_v_std": 5.2501}, "datetime": {"datetime": "2024-08-07 11:37:28", "elapsed": 7750.673665, "delta": 4.293285}}
{"target": -0.37876384811035246, "params": {"bus_acc": 1.2486, "bus_dcc": 3.5328, "bus_lcAssertive": 98.2484, "bus_lcCooperative": 0.9312, "bus_lcLookaheadLeft": 96.8485, "bus_lcPushy": 0.6848, "bus_lcSigma": 0.4966, "bus_lcSublane": 0.7734, "bus_sigma": 0.3628, "bus_tau_mean": 0.9866, "bus_tau_std": 6.5504, "bus_v_mean": 17.1068, "bus_v_std": 5.269, "car_acc": 1.9409, "car_dcc": 1.4604, "car_lcAssertive": 12.902, "car_lcCooperative": 0.7329, "car_lcLookaheadLeft": 21.8602, "car_lcPushy": 0.4293, "car_lcSigma": 0.7946, "car_lcSublane": 0.3435, "car_sigma": 0.8466, "car_tau_mean": 1.1979, "car_tau_std": 2.7047, "car_v_mean": 10.9189, "car_v_std": 5.6248}, "datetime": {"datetime": "2024-08-07 11:37:56", "elapsed": 7778.666903, "delta": 27.993238}}
{"target": -0.36702861796774977, "params": {"bus_acc": 1.5324, "bus_dcc": 3.3677, "bus_lcAssertive": 49.0861, "bus_lcCooperative": 0.2202, "bus_lcLookaheadLeft": 49.5681, "bus_lcPushy": 0.5969, "bus_lcSigma": 0.9781, "bus_lcSublane": 0.0672, "bus_sigma": 0.9661, "bus_tau_mean": 2.155, "bus_tau_std": 5.0486, "bus_v_mean": 9.6587, "bus_v_std": 2.1512, "car_acc": 1.0248, "car_dcc": 1.4224, "car_lcAssertive": 55.6117, "car_lcCooperative": 0.1972, "car_lcLookaheadLeft": 16.4808, "car_lcPushy": 0.961, "car_lcSigma": 0.6643, "car_lcSublane": 0.7935, "car_sigma": 0.2832, "car_tau_mean": 3.7071, "car_tau_std": 8.8776, "car_v_mean": 15.8031, "car_v_std": 8.8094}, "datetime": {"datetime": "2024-08-07 11:38:10", "elapsed": 7793.434507, "delta": 14.767604}}
{"target": -0.33889288580141574, "params": {"bus_acc": 2.7531, "bus_dcc": 3.9262, "bus_lcAssertive": 6.8072, "bus_lcCooperative": 0.0862, "bus_lcLookaheadLeft": 24.8924, "bus_lcPushy": 0.1602, "bus_lcSigma": 0.5394, "bus_lcSublane": 0.2627, "bus_sigma": 0.5024, "bus_tau_mean": 3.3221, "bus_tau_std": 3.6091, "bus_v_mean": 11.306, "bus_v_std": 8.9857, "car_acc": 2.9175, "car_dcc": 2.7493, "car_lcAssertive": 65.8172, "car_lcCooperative": 0.6222, "car_lcLookaheadLeft": 61.7845, "car_lcPushy": 0.6361, "car_lcSigma": 0.3693, "car_lcSublane": 0.4092, "car_sigma": 0.6652, "car_tau_mean": 3.5929, "car_tau_std": 7.0878, "car_v_mean": 13.6608, "car_v_std": 0.8124}, "datetime": {"datetime": "2024-08-07 11:38:23", "elapsed": 7805.872387, "delta": 12.43788}}
{"target": -0.3280928553274182, "params": {"bus_acc": 2.0176, "bus_dcc": 2.1386, "bus_lcAssertive": 10.3473, "bus_lcCooperative": 0.5069, "bus_lcLookaheadLeft": 26.4417, "bus_lcPushy": 0.3826, "bus_lcSigma": 0.3466, "bus_lcSublane": 0.4477, "bus_sigma": 0.2716, "bus_tau_mean": 1.1327, "bus_tau_std": 2.7686, "bus_v_mean": 10.5541, "bus_v_std": 2.9043, "car_acc": 2.3592, "car_dcc": 1.0116, "car_lcAssertive": 39.9514, "car_lcCooperative": 0.6702, "car_lcLookaheadLeft": 98.7058, "car_lcPushy": 0.7102, "car_lcSigma": 0.4424, "car_lcSublane": 0.4054, "car_sigma": 0.2728, "car_tau_mean": 1.8005, "car_tau_std": 6.7528, "car_v_mean": 21.2632, "car_v_std": 4.6996}, "datetime": {"datetime": "2024-08-07 11:38:31", "elapsed": 7813.692294, "delta": 7.819907}}
{"target": -0.33217113349362204, "params": {"bus_acc": 2.9295, "bus_dcc": 3.0974, "bus_lcAssertive": 93.5911, "bus_lcCooperative": 0.5826, "bus_lcLookaheadLeft": 16.7492, "bus_lcPushy": 0.4507, "bus_lcSigma": 0.1724, "bus_lcSublane": 0.8554, "bus_sigma": 0.6743, "bus_tau_mean": 1.3146, "bus_tau_std": 3.9655, "bus_v_mean": 21.6214, "bus_v_std": 9.5153, "car_acc": 2.8997, "car_dcc": 2.6493, "car_lcAssertive": 3.7525, "car_lcCooperative": 0.0744, "car_lcLookaheadLeft": 38.7669, "car_lcPushy": 0.2329, "car_lcSigma": 0.8549, "car_lcSublane": 0.7433, "car_sigma": 0.6529, "car_tau_mean": 2.3288, "car_tau_std": 3.8373, "car_v_mean": 15.0715, "car_v_std": 4.9479}, "datetime": {"datetime": "2024-08-07 11:38:45", "elapsed": 7828.411704, "delta": 14.71941}}
{"target": -0.35219022730771243, "params": {"bus_acc": 2.0015, "bus_dcc": 3.9849, "bus_lcAssertive": 76.8282, "bus_lcCooperative": 0.9149, "bus_lcLookaheadLeft": 21.9229, "bus_lcPushy": 0.0485, "bus_lcSigma": 0.9975, "bus_lcSublane": 0.2126, "bus_sigma": 0.7325, "bus_tau_mean": 1.9323, "bus_tau_std": 3.2341, "bus_v_mean": 10.8569, "bus_v_std": 0.396, "car_acc": 2.5078, "car_dcc": 2.2951, "car_lcAssertive": 51.5721, "car_lcCooperative": 0.5808, "car_lcLookaheadLeft": 15.2546, "car_lcPushy": 0.3639, "car_lcSigma": 0.6547, "car_lcSublane": 0.8612, "car_sigma": 0.3674, "car_tau_mean": 3.3439, "car_tau_std": 1.9874, "car_v_mean": 19.5219, "car_v_std": 5.8248}, "datetime": {"datetime": "2024-08-07 11:38:51", "elapsed": 7833.845222, "delta": 5.433518}}
{"target": -0.3539637834556971, "params": {"bus_acc": 1.247, "bus_dcc": 1.2902, "bus_lcAssertive": 11.2212, "bus_lcCooperative": 0.0753, "bus_lcLookaheadLeft": 80.2029, "bus_lcPushy": 0.7016, "bus_lcSigma": 0.1463, "bus_lcSublane": 0.7699, "bus_sigma": 0.5754, "bus_tau_mean": 1.8245, "bus_tau_std": 4.901, "bus_v_mean": 11.9854, "bus_v_std": 1.0418, "car_acc": 1.065, "car_dcc": 1.7428, "car_lcAssertive": 23.455, "car_lcCooperative": 0.2903, "car_lcLookaheadLeft": 88.4108, "car_lcPushy": 0.111, "car_lcSigma": 0.466, "car_lcSublane": 0.394, "car_sigma": 0.2631, "car_tau_mean": 3.8724, "car_tau_std": 1.0372, "car_v_mean": 22.4936, "car_v_std": 9.5836}, "datetime": {"datetime": "2024-08-07 11:39:02", "elapsed": 7844.670152, "delta": 10.82493}}
{"target": -0.357363914547819, "params": {"bus_acc": 1.7569, "bus_dcc": 3.0391, "bus_lcAssertive": 70.9462, "bus_lcCooperative": 0.1159, "bus_lcLookaheadLeft": 23.2957, "bus_lcPushy": 0.3755, "bus_lcSigma": 0.5988, "bus_lcSublane": 0.7314, "bus_sigma": 0.4124, "bus_tau_mean": 3.6989, "bus_tau_std": 3.6061, "bus_v_mean": 19.6339, "bus_v_std": 4.8113, "car_acc": 2.3382, "car_dcc": 3.6757, "car_lcAssertive": 57.3511, "car_lcCooperative": 0.9972, "car_lcLookaheadLeft": 46.5289, "car_lcPushy": 0.6511, "car_lcSigma": 0.2915, "car_lcSublane": 0.8305, "car_sigma": 0.2222, "car_tau_mean": 1.9829, "car_tau_std": 7.4818, "car_v_mean": 19.4704, "car_v_std": 7.5567}, "datetime": {"datetime": "2024-08-07 11:39:06", "elapsed": 7848.916232, "delta": 4.24608}}
{"target": -0.3354193775683636, "params": {"bus_acc": 2.4033, "bus_dcc": 2.9453, "bus_lcAssertive": 98.8212, "bus_lcCooperative": 0.6818, "bus_lcLookaheadLeft": 30.1856, "bus_lcPushy": 0.918, "bus_lcSigma": 0.4628, "bus_lcSublane": 0.8774, "bus_sigma": 0.7618, "bus_tau_mean": 3.1609, "bus_tau_std": 3.9446, "bus_v_mean": 14.9371, "bus_v_std": 4.0592, "car_acc": 1.281, "car_dcc": 2.6595, "car_lcAssertive": 22.6026, "car_lcCooperative": 0.8393, "car_lcLookaheadLeft": 77.8209, "car_lcPushy": 0.5127, "car_lcSigma": 0.6558, "car_lcSublane": 0.9451, "car_sigma": 0.2214, "car_tau_mean": 0.9654, "car_tau_std": 4.3526, "car_v_mean": 13.6382, "car_v_std": 5.1805}, "datetime": {"datetime": "2024-08-07 11:39:26", "elapsed": 7869.3302, "delta": 20.413968}}
{"target": -0.35142255763686586, "params": {"bus_acc": 2.0873, "bus_dcc": 1.8445, "bus_lcAssertive": 96.4954, "bus_lcCooperative": 0.3198, "bus_lcLookaheadLeft": 86.4694, "bus_lcPushy": 0.3773, "bus_lcSigma": 0.4917, "bus_lcSublane": 0.714, "bus_sigma": 0.5307, "bus_tau_mean": 0.8888, "bus_tau_std": 2.2552, "bus_v_mean": 12.5885, "bus_v_std": 1.4526, "car_acc": 2.449, "car_dcc": 3.934, "car_lcAssertive": 77.0108, "car_lcCooperative": 0.0981, "car_lcLookaheadLeft": 90.2309, "car_lcPushy": 0.5645, "car_lcSigma": 0.0349, "car_lcSublane": 0.5892, "car_sigma": 0.8662, "car_tau_mean": 0.5976, "car_tau_std": 9.9983, "car_v_mean": 14.0035, "car_v_std": 1.7221}, "datetime": {"datetime": "2024-08-07 11:39:34", "elapsed": 7877.435712, "delta": 8.105512}}
{"target": -0.39731185189321166, "params": {"bus_acc": 1.2832, "bus_dcc": 3.3982, "bus_lcAssertive": 85.3879, "bus_lcCooperative": 0.6742, "bus_lcLookaheadLeft": 60.1617, "bus_lcPushy": 0.315, "bus_lcSigma": 0.567, "bus_lcSublane": 0.6415, "bus_sigma": 0.5199, "bus_tau_mean": 3.7814, "bus_tau_std": 0.8628, "bus_v_mean": 22.9952, "bus_v_std": 2.2804, "car_acc": 1.517, "car_dcc": 3.7675, "car_lcAssertive": 24.3982, "car_lcCooperative": 0.7401, "car_lcLookaheadLeft": 33.1395, "car_lcPushy": 0.554, "car_lcSigma": 0.8719, "car_lcSublane": 0.0289, "car_sigma": 0.1166, "car_tau_mean": 1.6277, "car_tau_std": 4.3374, "car_v_mean": 11.5238, "car_v_std": 4.7728}, "datetime": {"datetime": "2024-08-07 11:39:58", "elapsed": 7900.723456, "delta": 23.287744}}
{"target": -0.37724429371669865, "params": {"bus_acc": 1.0656, "bus_dcc": 2.2377, "bus_lcAssertive": 8.9678, "bus_lcCooperative": 0.9656, "bus_lcLookaheadLeft": 64.7289, "bus_lcPushy": 0.6266, "bus_lcSigma": 0.2321, "bus_lcSublane": 0.9166, "bus_sigma": 0.3067, "bus_tau_mean": 3.5669, "bus_tau_std": 5.014, "bus_v_mean": 18.0322, "bus_v_std": 7.0773, "car_acc": 2.4493, "car_dcc": 3.274, "car_lcAssertive": 48.48, "car_lcCooperative": 0.4484, "car_lcLookaheadLeft": 77.9819, "car_lcPushy": 0.3816, "car_lcSigma": 0.2221, "car_lcSublane": 0.9067, "car_sigma": 0.1611, "car_tau_mean": 0.6772, "car_tau_std": 1.6101, "car_v_mean": 12.8957, "car_v_std": 6.8645}, "datetime": {"datetime": "2024-08-07 11:40:22", "elapsed": 7924.62923, "delta": 23.905774}}
{"target": -0.3615791063625158, "params": {"bus_acc": 1.3447, "bus_dcc": 3.7204, "bus_lcAssertive": 87.757, "bus_lcCooperative": 0.6443, "bus_lcLookaheadLeft": 57.6111, "bus_lcPushy": 0.4534, "bus_lcSigma": 0.3388, "bus_lcSublane": 0.0866, "bus_sigma": 0.5451, "bus_tau_mean": 0.5163, "bus_tau_std": 6.851, "bus_v_mean": 20.1667, "bus_v_std": 2.8976, "car_acc": 1.4567, "car_dcc": 2.5287, "car_lcAssertive": 9.376, "car_lcCooperative": 0.7468, "car_lcLookaheadLeft": 7.4521, "car_lcPushy": 0.1103, "car_lcSigma": 0.0982, "car_lcSublane": 0.5781, "car_sigma": 0.127, "car_tau_mean": 1.8085, "car_tau_std": 8.1812, "car_v_mean": 14.198, "car_v_std": 0.175}, "datetime": {"datetime": "2024-08-07 11:40:29", "elapsed": 7932.31223, "delta": 7.683}}
{"target": -0.3365296370725943, "params": {"bus_acc": 1.9636, "bus_dcc": 3.3063, "bus_lcAssertive": 57.1812, "bus_lcCooperative": 0.8003, "bus_lcLookaheadLeft": 50.4125, "bus_lcPushy": 0.1823, "bus_lcSigma": 0.4264, "bus_lcSublane": 0.9015, "bus_sigma": 0.2882, "bus_tau_mean": 2.4538, "bus_tau_std": 4.6916, "bus_v_mean": 14.815, "bus_v_std": 7.6474, "car_acc": 2.5872, "car_dcc": 2.4973, "car_lcAssertive": 87.1875, "car_lcCooperative": 0.1142, "car_lcLookaheadLeft": 29.6504, "car_lcPushy": 0.9988, "car_lcSigma": 0.4741, "car_lcSublane": 0.8106, "car_sigma": 0.5568, "car_tau_mean": 2.3279, "car_tau_std": 7.1067, "car_v_mean": 20.124, "car_v_std": 7.2512}, "datetime": {"datetime": "2024-08-07 11:40:48", "elapsed": 7950.613318, "delta": 18.301088}}
{"target": -0.3413156777269408, "params": {"bus_acc": 1.7549, "bus_dcc": 1.7283, "bus_lcAssertive": 51.521, "bus_lcCooperative": 0.78, "bus_lcLookaheadLeft": 73.6825, "bus_lcPushy": 0.2136, "bus_lcSigma": 0.4807, "bus_lcSublane": 0.9221, "bus_sigma": 0.026, "bus_tau_mean": 2.4217, "bus_tau_std": 0.8495, "bus_v_mean": 14.8275, "bus_v_std": 7.4145, "car_acc": 1.3455, "car_dcc": 1.6439, "car_lcAssertive": 6.8997, "car_lcCooperative": 0.6926, "car_lcLookaheadLeft": 68.7791, "car_lcPushy": 0.7926, "car_lcSigma": 0.3089, "car_lcSublane": 0.7214, "car_sigma": 0.4095, "car_tau_mean": 2.7552, "car_tau_std": 9.2251, "car_v_mean": 17.048, "car_v_std": 7.4675}, "datetime": {"datetime": "2024-08-07 11:41:37", "elapsed": 8000.02096, "delta": 49.407642}}
{"target": -0.3483497803907536, "params": {"bus_acc": 1.3456, "bus_dcc": 1.2512, "bus_lcAssertive": 56.5341, "bus_lcCooperative": 0.3396, "bus_lcLookaheadLeft": 78.4673, "bus_lcPushy": 0.5477, "bus_lcSigma": 0.1055, "bus_lcSublane": 0.1091, "bus_sigma": 0.9646, "bus_tau_mean": 3.2308, "bus_tau_std": 6.6824, "bus_v_mean": 15.3206, "bus_v_std": 8.4218, "car_acc": 1.8806, "car_dcc": 3.7144, "car_lcAssertive": 24.7152, "car_lcCooperative": 0.3542, "car_lcLookaheadLeft": 63.6304, "car_lcPushy": 0.5202, "car_lcSigma": 0.0323, "car_lcSublane": 0.6842, "car_sigma": 0.0863, "car_tau_mean": 2.734, "car_tau_std": 1.0929, "car_v_mean": 17.8327, "car_v_std": 8.4957}, "datetime": {"datetime": "2024-08-07 11:41:55", "elapsed": 8018.188145, "delta": 18.167185}}
