{"target": -0.05214185788573914, "params": {"bus_acc": 2.1, "bus_dcc": 2.41, "bus_lcAssertive": 54.28, "bus_lcCooperative": 0.32, "bus_lcLookaheadLeft": 92.61, "bus_lcPushy": 0.68, "bus_lcSublane": 0.66, "bus_max_v": 28.36, "bus_tau_mean": 1.17, "bus_tau_std": 1.32, "car_acc": 1.74, "car_dcc": 2.31, "car_lcAssertive": 87.83, "car_lcCooperative": 0.56, "car_lcLookaheadLeft": 71.43, "car_lcPushy": 0.49, "car_lcSublane": 0.72, "car_max_v": 13.69, "car_tau_mean": 1.9, "car_tau_std": 0.99}, "datetime": {"datetime": "2024-08-04 11:49:38", "elapsed": 852.463529, "delta": 4.737804}}
{"target": -0.04698548532850052, "params": {"bus_acc": 1.53, "bus_dcc": 1.86, "bus_lcAssertive": 53.55, "bus_lcCooperative": 0.28, "bus_lcLookaheadLeft": 96.41, "bus_lcPushy": 0.64, "bus_lcSublane": 0.5, "bus_max_v": 24.86, "bus_tau_mean": 1.03, "bus_tau_std": 0.0, "car_acc": 1.27, "car_dcc": 2.69, "car_lcAssertive": 88.9, "car_lcCooperative": 0.49, "car_lcLookaheadLeft": 74.19, "car_lcPushy": 0.8, "car_lcSublane": 0.91, "car_max_v": 16.5, "car_tau_mean": 1.19, "car_tau_std": 1.63}, "datetime": {"datetime": "2024-08-04 11:49:41", "elapsed": 856.042042, "delta": 3.578513}}
{"target": -0.04882478022592877, "params": {"bus_acc": 1.75, "bus_dcc": 3.38, "bus_lcAssertive": 50.36, "bus_lcCooperative": 0.47, "bus_lcLookaheadLeft": 54.57, "bus_lcPushy": 0.75, "bus_lcSublane": 0.18, "bus_max_v": 21.61, "bus_tau_mean": 2.59, "bus_tau_std": 9.06, "car_acc": 1.41, "car_dcc": 2.65, "car_lcAssertive": 83.12, "car_lcCooperative": 0.4, "car_lcLookaheadLeft": 24.46, "car_lcPushy": 0.26, "car_lcSublane": 0.09, "car_max_v": 23.93, "car_tau_mean": 2.77, "car_tau_std": 0.48}, "datetime": {"datetime": "2024-08-04 11:49:46", "elapsed": 860.765768, "delta": 4.723726}}
{"target": -0.05740951353390706, "params": {"bus_acc": 1.7, "bus_dcc": 3.34, "bus_lcAssertive": 52.12, "bus_lcCooperative": 0.83, "bus_lcLookaheadLeft": 93.42, "bus_lcPushy": 0.28, "bus_lcSublane": 0.86, "bus_max_v": 17.92, "bus_tau_mean": 1.97, "bus_tau_std": 9.92, "car_acc": 2.1, "car_dcc": 1.38, "car_lcAssertive": 30.58, "car_lcCooperative": 0.22, "car_lcLookaheadLeft": 59.43, "car_lcPushy": 0.98, "car_lcSublane": 0.94, "car_max_v": 27.76, "car_tau_mean": 3.69, "car_tau_std": 8.18}, "datetime": {"datetime": "2024-08-04 11:50:10", "elapsed": 884.475077, "delta": 23.709309}}
{"target": -0.053352918794586646, "params": {"bus_acc": 2.92, "bus_dcc": 1.51, "bus_lcAssertive": 31.58, "bus_lcCooperative": 0.19, "bus_lcLookaheadLeft": 96.3, "bus_lcPushy": 0.26, "bus_lcSublane": 0.35, "bus_max_v": 29.39, "bus_tau_mean": 3.25, "bus_tau_std": 4.48, "car_acc": 2.06, "car_dcc": 3.81, "car_lcAssertive": 24.53, "car_lcCooperative": 0.99, "car_lcLookaheadLeft": 73.74, "car_lcPushy": 0.45, "car_lcSublane": 0.1, "car_max_v": 22.32, "car_tau_mean": 0.7, "car_tau_std": 3.59}, "datetime": {"datetime": "2024-08-04 11:50:12", "elapsed": 886.984897, "delta": 2.50982}}
{"target": -0.054040005419851746, "params": {"bus_acc": 2.05, "bus_dcc": 1.07, "bus_lcAssertive": 59.36, "bus_lcCooperative": 0.34, "bus_lcLookaheadLeft": 96.22, "bus_lcPushy": 0.58, "bus_lcSublane": 0.51, "bus_max_v": 24.99, "bus_tau_mean": 1.46, "bus_tau_std": 0.96, "car_acc": 1.76, "car_dcc": 3.28, "car_lcAssertive": 89.83, "car_lcCooperative": 0.8, "car_lcLookaheadLeft": 70.12, "car_lcPushy": 0.61, "car_lcSublane": 0.63, "car_max_v": 17.88, "car_tau_mean": 2.6, "car_tau_std": 2.07}, "datetime": {"datetime": "2024-08-04 11:50:16", "elapsed": 891.034208, "delta": 4.049311}}
{"target": -0.048447345045681676, "params": {"bus_acc": 2.57, "bus_dcc": 3.09, "bus_lcAssertive": 6.31, "bus_lcCooperative": 0.88, "bus_lcLookaheadLeft": 52.04, "bus_lcPushy": 0.47, "bus_lcSublane": 0.38, "bus_max_v": 12.57, "bus_tau_mean": 1.55, "bus_tau_std": 5.71, "car_acc": 2.29, "car_dcc": 1.81, "car_lcAssertive": 81.78, "car_lcCooperative": 0.76, "car_lcLookaheadLeft": 76.76, "car_lcPushy": 0.61, "car_lcSublane": 0.44, "car_max_v": 16.94, "car_tau_mean": 3.67, "car_tau_std": 7.64}, "datetime": {"datetime": "2024-08-04 11:50:20", "elapsed": 894.273097, "delta": 3.238889}}
{"target": -0.05478642079804293, "params": {"bus_acc": 1.81, "bus_dcc": 2.75, "bus_lcAssertive": 55.45, "bus_lcCooperative": 0.0, "bus_lcLookaheadLeft": 95.27, "bus_lcPushy": 0.77, "bus_lcSublane": 0.42, "bus_max_v": 26.51, "bus_tau_mean": 1.0, "bus_tau_std": 3.59, "car_acc": 1.84, "car_dcc": 2.46, "car_lcAssertive": 96.59, "car_lcCooperative": 0.74, "car_lcLookaheadLeft": 70.76, "car_lcPushy": 0.77, "car_lcSublane": 0.74, "car_max_v": 17.62, "car_tau_mean": 1.03, "car_tau_std": 2.75}, "datetime": {"datetime": "2024-08-04 11:50:26", "elapsed": 900.92834, "delta": 6.655243}}
{"target": -0.04506979731059243, "params": {"bus_acc": 2.37, "bus_dcc": 1.11, "bus_lcAssertive": 46.81, "bus_lcCooperative": 0.04, "bus_lcLookaheadLeft": 25.34, "bus_lcPushy": 0.24, "bus_lcSublane": 0.51, "bus_max_v": 21.02, "bus_tau_mean": 2.37, "bus_tau_std": 8.0, "car_acc": 1.16, "car_dcc": 1.46, "car_lcAssertive": 4.76, "car_lcCooperative": 0.45, "car_lcLookaheadLeft": 23.27, "car_lcPushy": 0.6, "car_lcSublane": 0.63, "car_max_v": 23.35, "car_tau_mean": 2.75, "car_tau_std": 3.34}, "datetime": {"datetime": "2024-08-04 11:50:28", "elapsed": 902.251081, "delta": 1.322741}}
{"target": -0.05204705809423658, "params": {"bus_acc": 2.88, "bus_dcc": 1.3, "bus_lcAssertive": 75.18, "bus_lcCooperative": 0.98, "bus_lcLookaheadLeft": 85.72, "bus_lcPushy": 0.22, "bus_lcSublane": 0.8, "bus_max_v": 16.73, "bus_tau_mean": 2.5, "bus_tau_std": 5.52, "car_acc": 1.57, "car_dcc": 3.57, "car_lcAssertive": 95.15, "car_lcCooperative": 0.0, "car_lcLookaheadLeft": 9.74, "car_lcPushy": 0.08, "car_lcSublane": 0.02, "car_max_v": 21.62, "car_tau_mean": 1.07, "car_tau_std": 8.16}, "datetime": {"datetime": "2024-08-04 11:50:31", "elapsed": 905.98801, "delta": 3.736929}}
{"target": -0.04149098371130876, "params": {"bus_acc": 2.6, "bus_dcc": 2.88, "bus_lcAssertive": 66.83, "bus_lcCooperative": 0.47, "bus_lcLookaheadLeft": 40.48, "bus_lcPushy": 0.57, "bus_lcSublane": 0.72, "bus_max_v": 23.24, "bus_tau_mean": 2.7, "bus_tau_std": 6.57, "car_acc": 1.11, "car_dcc": 3.24, "car_lcAssertive": 91.8, "car_lcCooperative": 0.28, "car_lcLookaheadLeft": 13.83, "car_lcPushy": 0.54, "car_lcSublane": 0.26, "car_max_v": 28.41, "car_tau_mean": 2.35, "car_tau_std": 5.93}, "datetime": {"datetime": "2024-08-04 11:50:43", "elapsed": 917.344712, "delta": 11.356702}}
{"target": -0.05154355359562771, "params": {"bus_acc": 1.89, "bus_dcc": 3.33, "bus_lcAssertive": 56.65, "bus_lcCooperative": 0.11, "bus_lcLookaheadLeft": 96.66, "bus_lcPushy": 0.7, "bus_lcSublane": 0.94, "bus_max_v": 25.43, "bus_tau_mean": 2.93, "bus_tau_std": 1.28, "car_acc": 2.8, "car_dcc": 1.68, "car_lcAssertive": 88.73, "car_lcCooperative": 0.44, "car_lcLookaheadLeft": 73.19, "car_lcPushy": 0.68, "car_lcSublane": 0.43, "car_max_v": 18.17, "car_tau_mean": 3.8, "car_tau_std": 1.45}, "datetime": {"datetime": "2024-08-04 11:50:51", "elapsed": 925.245402, "delta": 7.90069}}
{"target": -0.046722023045666, "params": {"bus_acc": 2.56, "bus_dcc": 2.13, "bus_lcAssertive": 56.35, "bus_lcCooperative": 0.42, "bus_lcLookaheadLeft": 96.95, "bus_lcPushy": 0.62, "bus_lcSublane": 0.66, "bus_max_v": 29.03, "bus_tau_mean": 0.91, "bus_tau_std": 2.73, "car_acc": 1.32, "car_dcc": 3.16, "car_lcAssertive": 90.59, "car_lcCooperative": 0.61, "car_lcLookaheadLeft": 68.16, "car_lcPushy": 0.81, "car_lcSublane": 0.69, "car_max_v": 13.55, "car_tau_mean": 1.03, "car_tau_std": 1.4}, "datetime": {"datetime": "2024-08-04 11:50:55", "elapsed": 930.080049, "delta": 4.834647}}
{"target": -0.05447440706459903, "params": {"bus_acc": 2.25, "bus_dcc": 3.0, "bus_lcAssertive": 64.23, "bus_lcCooperative": 0.25, "bus_lcLookaheadLeft": 42.65, "bus_lcPushy": 0.67, "bus_lcSublane": 0.66, "bus_max_v": 17.04, "bus_tau_mean": 2.53, "bus_tau_std": 6.47, "car_acc": 1.76, "car_dcc": 3.99, "car_lcAssertive": 28.47, "car_lcCooperative": 0.02, "car_lcLookaheadLeft": 88.06, "car_lcPushy": 0.29, "car_lcSublane": 0.35, "car_max_v": 20.3, "car_tau_mean": 3.8, "car_tau_std": 5.11}, "datetime": {"datetime": "2024-08-04 11:50:59", "elapsed": 933.510563, "delta": 3.430514}}
{"target": -0.05306397721950351, "params": {"bus_acc": 2.79, "bus_dcc": 2.72, "bus_lcAssertive": 78.4, "bus_lcCooperative": 0.48, "bus_lcLookaheadLeft": 9.21, "bus_lcPushy": 0.51, "bus_lcSublane": 0.74, "bus_max_v": 10.03, "bus_tau_mean": 3.4, "bus_tau_std": 2.25, "car_acc": 2.61, "car_dcc": 1.27, "car_lcAssertive": 70.71, "car_lcCooperative": 0.99, "car_lcLookaheadLeft": 65.98, "car_lcPushy": 0.86, "car_lcSublane": 0.03, "car_max_v": 29.45, "car_tau_mean": 0.9, "car_tau_std": 4.24}, "datetime": {"datetime": "2024-08-04 11:51:11", "elapsed": 945.326445, "delta": 11.815882}}
{"target": -0.03962775293945728, "params": {"bus_acc": 2.16, "bus_dcc": 1.17, "bus_lcAssertive": 88.6, "bus_lcCooperative": 0.21, "bus_lcLookaheadLeft": 27.74, "bus_lcPushy": 0.83, "bus_lcSublane": 0.08, "bus_max_v": 14.89, "bus_tau_mean": 0.92, "bus_tau_std": 8.96, "car_acc": 1.03, "car_dcc": 3.0, "car_lcAssertive": 42.01, "car_lcCooperative": 0.83, "car_lcLookaheadLeft": 87.35, "car_lcPushy": 0.04, "car_lcSublane": 0.74, "car_max_v": 17.41, "car_tau_mean": 1.99, "car_tau_std": 4.46}, "datetime": {"datetime": "2024-08-04 11:51:12", "elapsed": 947.064942, "delta": 1.738497}}
{"target": -0.048434743464570634, "params": {"bus_acc": 2.71, "bus_dcc": 1.08, "bus_lcAssertive": 62.11, "bus_lcCooperative": 0.93, "bus_lcLookaheadLeft": 40.95, "bus_lcPushy": 0.33, "bus_lcSublane": 0.15, "bus_max_v": 24.17, "bus_tau_mean": 2.45, "bus_tau_std": 9.27, "car_acc": 2.53, "car_dcc": 1.4, "car_lcAssertive": 44.81, "car_lcCooperative": 0.87, "car_lcLookaheadLeft": 23.33, "car_lcPushy": 0.55, "car_lcSublane": 0.34, "car_max_v": 13.88, "car_tau_mean": 0.98, "car_tau_std": 6.93}, "datetime": {"datetime": "2024-08-04 11:51:16", "elapsed": 950.997538, "delta": 3.932596}}
{"target": -0.05291763705309752, "params": {"bus_acc": 2.96, "bus_dcc": 3.72, "bus_lcAssertive": 2.88, "bus_lcCooperative": 0.29, "bus_lcLookaheadLeft": 51.73, "bus_lcPushy": 0.95, "bus_lcSublane": 0.35, "bus_max_v": 13.78, "bus_tau_mean": 1.76, "bus_tau_std": 2.46, "car_acc": 2.18, "car_dcc": 3.29, "car_lcAssertive": 78.27, "car_lcCooperative": 0.54, "car_lcLookaheadLeft": 79.38, "car_lcPushy": 0.11, "car_lcSublane": 0.52, "car_max_v": 17.16, "car_tau_mean": 2.22, "car_tau_std": 5.68}, "datetime": {"datetime": "2024-08-04 11:51:26", "elapsed": 960.367463, "delta": 9.369925}}
{"target": -0.05346046826876269, "params": {"bus_acc": 2.08, "bus_dcc": 2.33, "bus_lcAssertive": 34.79, "bus_lcCooperative": 0.19, "bus_lcLookaheadLeft": 6.43, "bus_lcPushy": 0.28, "bus_lcSublane": 0.94, "bus_max_v": 11.1, "bus_tau_mean": 2.35, "bus_tau_std": 8.79, "car_acc": 2.84, "car_dcc": 1.79, "car_lcAssertive": 46.57, "car_lcCooperative": 0.13, "car_lcLookaheadLeft": 34.12, "car_lcPushy": 0.49, "car_lcSublane": 0.62, "car_max_v": 21.94, "car_tau_mean": 0.68, "car_tau_std": 8.05}, "datetime": {"datetime": "2024-08-04 11:51:29", "elapsed": 963.350436, "delta": 2.982973}}
{"target": -0.051405208232191496, "params": {"bus_acc": 2.54, "bus_dcc": 1.09, "bus_lcAssertive": 51.21, "bus_lcCooperative": 0.05, "bus_lcLookaheadLeft": 96.32, "bus_lcPushy": 0.82, "bus_lcSublane": 0.8, "bus_max_v": 27.47, "bus_tau_mean": 2.2, "bus_tau_std": 1.1, "car_acc": 1.95, "car_dcc": 2.21, "car_lcAssertive": 92.43, "car_lcCooperative": 0.97, "car_lcLookaheadLeft": 71.89, "car_lcPushy": 0.66, "car_lcSublane": 0.66, "car_max_v": 15.56, "car_tau_mean": 1.58, "car_tau_std": 1.74}, "datetime": {"datetime": "2024-08-04 11:51:37", "elapsed": 971.680886, "delta": 8.33045}}
{"target": -0.042019683509836314, "params": {"bus_acc": 2.88, "bus_dcc": 2.36, "bus_lcAssertive": 52.15, "bus_lcCooperative": 0.51, "bus_lcLookaheadLeft": 50.4, "bus_lcPushy": 0.9, "bus_lcSublane": 0.28, "bus_max_v": 24.98, "bus_tau_mean": 2.09, "bus_tau_std": 5.73, "car_acc": 1.22, "car_dcc": 3.89, "car_lcAssertive": 85.26, "car_lcCooperative": 0.25, "car_lcLookaheadLeft": 27.25, "car_lcPushy": 0.41, "car_lcSublane": 0.42, "car_max_v": 20.31, "car_tau_mean": 2.42, "car_tau_std": 0.31}, "datetime": {"datetime": "2024-08-04 11:51:39", "elapsed": 973.577942, "delta": 1.897056}}
{"target": -0.0545501262511118, "params": {"bus_acc": 2.98, "bus_dcc": 1.74, "bus_lcAssertive": 5.07, "bus_lcCooperative": 0.34, "bus_lcLookaheadLeft": 45.6, "bus_lcPushy": 0.12, "bus_lcSublane": 0.69, "bus_max_v": 14.33, "bus_tau_mean": 1.13, "bus_tau_std": 3.82, "car_acc": 1.89, "car_dcc": 3.1, "car_lcAssertive": 83.04, "car_lcCooperative": 0.8, "car_lcLookaheadLeft": 76.09, "car_lcPushy": 0.21, "car_lcSublane": 0.91, "car_max_v": 20.84, "car_tau_mean": 2.49, "car_tau_std": 4.12}, "datetime": {"datetime": "2024-08-04 11:51:40", "elapsed": 974.989394, "delta": 1.411452}}
{"target": -0.05172846718168884, "params": {"bus_acc": 2.06, "bus_dcc": 2.79, "bus_lcAssertive": 83.67, "bus_lcCooperative": 0.61, "bus_lcLookaheadLeft": 16.72, "bus_lcPushy": 0.63, "bus_lcSublane": 0.64, "bus_max_v": 29.37, "bus_tau_mean": 2.07, "bus_tau_std": 5.11, "car_acc": 2.05, "car_dcc": 2.53, "car_lcAssertive": 1.46, "car_lcCooperative": 0.91, "car_lcLookaheadLeft": 40.01, "car_lcPushy": 0.51, "car_lcSublane": 0.44, "car_max_v": 17.13, "car_tau_mean": 2.6, "car_tau_std": 8.82}, "datetime": {"datetime": "2024-08-04 11:51:46", "elapsed": 980.586345, "delta": 5.596951}}
{"target": -0.04856347857056789, "params": {"bus_acc": 2.66, "bus_dcc": 1.72, "bus_lcAssertive": 62.71, "bus_lcCooperative": 0.86, "bus_lcLookaheadLeft": 7.3, "bus_lcPushy": 0.69, "bus_lcSublane": 0.06, "bus_max_v": 21.69, "bus_tau_mean": 2.35, "bus_tau_std": 8.0, "car_acc": 2.66, "car_dcc": 2.45, "car_lcAssertive": 14.4, "car_lcCooperative": 0.55, "car_lcLookaheadLeft": 39.22, "car_lcPushy": 0.98, "car_lcSublane": 0.27, "car_max_v": 12.5, "car_tau_mean": 0.99, "car_tau_std": 4.22}, "datetime": {"datetime": "2024-08-04 11:51:49", "elapsed": 983.380744, "delta": 2.794399}}
{"target": -0.05055787116658861, "params": {"bus_acc": 2.91, "bus_dcc": 2.08, "bus_lcAssertive": 75.81, "bus_lcCooperative": 0.56, "bus_lcLookaheadLeft": 27.22, "bus_lcPushy": 0.23, "bus_lcSublane": 0.15, "bus_max_v": 27.94, "bus_tau_mean": 1.73, "bus_tau_std": 7.29, "car_acc": 1.72, "car_dcc": 1.8, "car_lcAssertive": 44.92, "car_lcCooperative": 0.72, "car_lcLookaheadLeft": 46.2, "car_lcPushy": 0.21, "car_lcSublane": 0.99, "car_max_v": 19.7, "car_tau_mean": 0.66, "car_tau_std": 7.92}, "datetime": {"datetime": "2024-08-04 11:51:55", "elapsed": 989.402079, "delta": 6.021335}}
{"target": -0.049129745432202436, "params": {"bus_acc": 1.27, "bus_dcc": 3.55, "bus_lcAssertive": 84.0, "bus_lcCooperative": 0.83, "bus_lcLookaheadLeft": 58.93, "bus_lcPushy": 0.87, "bus_lcSublane": 0.61, "bus_max_v": 21.89, "bus_tau_mean": 2.43, "bus_tau_std": 7.77, "car_acc": 1.41, "car_dcc": 2.39, "car_lcAssertive": 10.91, "car_lcCooperative": 0.55, "car_lcLookaheadLeft": 21.08, "car_lcPushy": 0.18, "car_lcSublane": 0.58, "car_max_v": 11.38, "car_tau_mean": 1.69, "car_tau_std": 6.83}, "datetime": {"datetime": "2024-08-04 11:52:00", "elapsed": 994.182847, "delta": 4.780768}}
{"target": -0.05192964862482808, "params": {"bus_acc": 1.41, "bus_dcc": 2.4, "bus_lcAssertive": 88.02, "bus_lcCooperative": 0.2, "bus_lcLookaheadLeft": 26.38, "bus_lcPushy": 0.09, "bus_lcSublane": 0.21, "bus_max_v": 11.44, "bus_tau_mean": 1.18, "bus_tau_std": 3.41, "car_acc": 2.84, "car_dcc": 1.67, "car_lcAssertive": 46.95, "car_lcCooperative": 0.67, "car_lcLookaheadLeft": 95.85, "car_lcPushy": 0.72, "car_lcSublane": 0.16, "car_max_v": 21.81, "car_tau_mean": 2.95, "car_tau_std": 3.74}, "datetime": {"datetime": "2024-08-04 11:52:03", "elapsed": 997.650385, "delta": 3.467538}}
{"target": -0.04899369804921536, "params": {"bus_acc": 2.2, "bus_dcc": 2.83, "bus_lcAssertive": 62.31, "bus_lcCooperative": 0.44, "bus_lcLookaheadLeft": 4.73, "bus_lcPushy": 0.71, "bus_lcSublane": 0.47, "bus_max_v": 11.01, "bus_tau_mean": 1.68, "bus_tau_std": 9.55, "car_acc": 2.48, "car_dcc": 3.66, "car_lcAssertive": 93.77, "car_lcCooperative": 0.92, "car_lcLookaheadLeft": 53.02, "car_lcPushy": 0.11, "car_lcSublane": 0.63, "car_max_v": 10.97, "car_tau_mean": 1.48, "car_tau_std": 8.6}, "datetime": {"datetime": "2024-08-04 11:52:09", "elapsed": 1003.954299, "delta": 6.303914}}
{"target": -0.04722129359264298, "params": {"bus_acc": 1.37, "bus_dcc": 2.29, "bus_lcAssertive": 80.86, "bus_lcCooperative": 0.85, "bus_lcLookaheadLeft": 32.65, "bus_lcPushy": 0.32, "bus_lcSublane": 0.97, "bus_max_v": 22.17, "bus_tau_mean": 3.68, "bus_tau_std": 5.68, "car_acc": 2.16, "car_dcc": 3.77, "car_lcAssertive": 69.27, "car_lcCooperative": 0.84, "car_lcLookaheadLeft": 91.62, "car_lcPushy": 0.64, "car_lcSublane": 0.63, "car_max_v": 11.2, "car_tau_mean": 3.74, "car_tau_std": 8.47}, "datetime": {"datetime": "2024-08-04 11:52:14", "elapsed": 1008.381989, "delta": 4.42769}}
{"target": -0.04708926659102822, "params": {"bus_acc": 1.12, "bus_dcc": 2.94, "bus_lcAssertive": 74.13, "bus_lcCooperative": 0.6, "bus_lcLookaheadLeft": 47.86, "bus_lcPushy": 0.36, "bus_lcSublane": 0.32, "bus_max_v": 29.17, "bus_tau_mean": 0.75, "bus_tau_std": 2.18, "car_acc": 1.28, "car_dcc": 2.42, "car_lcAssertive": 26.85, "car_lcCooperative": 0.23, "car_lcLookaheadLeft": 79.06, "car_lcPushy": 0.2, "car_lcSublane": 0.58, "car_max_v": 22.57, "car_tau_mean": 1.34, "car_tau_std": 3.83}, "datetime": {"datetime": "2024-08-04 11:52:15", "elapsed": 1009.922521, "delta": 1.540532}}
{"target": -0.049326713570461415, "params": {"bus_acc": 1.11, "bus_dcc": 3.24, "bus_lcAssertive": 56.61, "bus_lcCooperative": 0.1, "bus_lcLookaheadLeft": 91.68, "bus_lcPushy": 0.07, "bus_lcSublane": 0.3, "bus_max_v": 26.85, "bus_tau_mean": 1.73, "bus_tau_std": 0.28, "car_acc": 2.88, "car_dcc": 2.97, "car_lcAssertive": 94.28, "car_lcCooperative": 0.28, "car_lcLookaheadLeft": 65.66, "car_lcPushy": 0.18, "car_lcSublane": 0.56, "car_max_v": 20.65, "car_tau_mean": 0.97, "car_tau_std": 4.1}, "datetime": {"datetime": "2024-08-04 11:52:17", "elapsed": 1011.531873, "delta": 1.609352}}
{"target": -0.05306382211937172, "params": {"bus_acc": 2.19, "bus_dcc": 3.26, "bus_lcAssertive": 4.76, "bus_lcCooperative": 0.9, "bus_lcLookaheadLeft": 50.89, "bus_lcPushy": 0.9, "bus_lcSublane": 0.41, "bus_max_v": 12.58, "bus_tau_mean": 1.25, "bus_tau_std": 0.86, "car_acc": 1.68, "car_dcc": 2.33, "car_lcAssertive": 78.76, "car_lcCooperative": 0.43, "car_lcLookaheadLeft": 78.42, "car_lcPushy": 0.35, "car_lcSublane": 0.09, "car_max_v": 17.26, "car_tau_mean": 2.56, "car_tau_std": 5.79}, "datetime": {"datetime": "2024-08-04 11:52:19", "elapsed": 1013.611526, "delta": 2.079653}}
{"target": -0.05023778407609359, "params": {"bus_acc": 1.9, "bus_dcc": 2.92, "bus_lcAssertive": 46.7, "bus_lcCooperative": 0.5, "bus_lcLookaheadLeft": 8.67, "bus_lcPushy": 0.6, "bus_lcSublane": 0.92, "bus_max_v": 24.58, "bus_tau_mean": 2.86, "bus_tau_std": 2.65, "car_acc": 2.7, "car_dcc": 1.41, "car_lcAssertive": 50.43, "car_lcCooperative": 0.88, "car_lcLookaheadLeft": 44.81, "car_lcPushy": 0.21, "car_lcSublane": 0.41, "car_max_v": 13.23, "car_tau_mean": 1.7, "car_tau_std": 6.18}, "datetime": {"datetime": "2024-08-04 11:52:28", "elapsed": 1022.289997, "delta": 8.678471}}
{"target": -0.052845516967144034, "params": {"bus_acc": 1.38, "bus_dcc": 2.99, "bus_lcAssertive": 28.63, "bus_lcCooperative": 0.72, "bus_lcLookaheadLeft": 8.95, "bus_lcPushy": 0.49, "bus_lcSublane": 0.37, "bus_max_v": 17.89, "bus_tau_mean": 1.0, "bus_tau_std": 6.79, "car_acc": 2.67, "car_dcc": 3.97, "car_lcAssertive": 11.02, "car_lcCooperative": 0.54, "car_lcLookaheadLeft": 82.15, "car_lcPushy": 0.79, "car_lcSublane": 0.1, "car_max_v": 13.45, "car_tau_mean": 1.13, "car_tau_std": 9.81}, "datetime": {"datetime": "2024-08-04 11:52:33", "elapsed": 1027.115169, "delta": 4.825172}}
{"target": -0.04774118671591964, "params": {"bus_acc": 2.26, "bus_dcc": 1.06, "bus_lcAssertive": 54.35, "bus_lcCooperative": 0.03, "bus_lcLookaheadLeft": 95.24, "bus_lcPushy": 0.93, "bus_lcSublane": 0.82, "bus_max_v": 28.16, "bus_tau_mean": 1.04, "bus_tau_std": 1.6, "car_acc": 1.4, "car_dcc": 2.89, "car_lcAssertive": 90.7, "car_lcCooperative": 1.0, "car_lcLookaheadLeft": 71.72, "car_lcPushy": 0.76, "car_lcSublane": 0.94, "car_max_v": 16.85, "car_tau_mean": 1.4, "car_tau_std": 1.76}, "datetime": {"datetime": "2024-08-04 11:52:39", "elapsed": 1033.539961, "delta": 6.424792}}
{"target": -0.04799454754197674, "params": {"bus_acc": 2.39, "bus_dcc": 2.13, "bus_lcAssertive": 23.31, "bus_lcCooperative": 0.52, "bus_lcLookaheadLeft": 26.53, "bus_lcPushy": 0.54, "bus_lcSublane": 0.78, "bus_max_v": 10.5, "bus_tau_mean": 0.99, "bus_tau_std": 3.66, "car_acc": 1.3, "car_dcc": 3.24, "car_lcAssertive": 32.88, "car_lcCooperative": 0.82, "car_lcLookaheadLeft": 25.2, "car_lcPushy": 0.82, "car_lcSublane": 0.78, "car_max_v": 25.76, "car_tau_mean": 1.29, "car_tau_std": 7.76}, "datetime": {"datetime": "2024-08-04 11:52:43", "elapsed": 1037.789087, "delta": 4.249126}}
{"target": -0.05069754108097174, "params": {"bus_acc": 1.94, "bus_dcc": 2.98, "bus_lcAssertive": 15.57, "bus_lcCooperative": 0.37, "bus_lcLookaheadLeft": 46.65, "bus_lcPushy": 0.17, "bus_lcSublane": 0.82, "bus_max_v": 16.97, "bus_tau_mean": 1.42, "bus_tau_std": 5.88, "car_acc": 1.66, "car_dcc": 2.63, "car_lcAssertive": 2.79, "car_lcCooperative": 0.75, "car_lcLookaheadLeft": 50.03, "car_lcPushy": 0.4, "car_lcSublane": 0.53, "car_max_v": 26.0, "car_tau_mean": 2.25, "car_tau_std": 7.32}, "datetime": {"datetime": "2024-08-04 11:52:46", "elapsed": 1040.648142, "delta": 2.859055}}
