{"target": 58.09158834570462, "params": {"bus_acc": 1.06, "bus_dcc": 1.28, "bus_lcCooperative": 0.93, "bus_lcPushy": 0.89, "bus_lcSublane": 0.97, "bus_max_v": 12.1, "bus_tau_mean": 2.57, "bus_tau_std": 0.18, "car_acc": 1.47, "car_dcc": 1.8, "car_lcCooperative": 0.53, "car_lcPushy": 0.93, "car_lcSublane": 0.43, "car_max_v": 9.92, "car_tau_mean": 2.85, "car_tau_std": 7.75}, "datetime": {"datetime": "2024-08-01 14:25:33", "elapsed": 94004.775899, "delta": 534.154232}}
{"target": 58.22901366274872, "params": {"bus_acc": 1.34, "bus_dcc": 2.66, "bus_lcCooperative": 0.44, "bus_lcPushy": 0.32, "bus_lcSublane": 0.29, "bus_max_v": 11.96, "bus_tau_mean": 1.93, "bus_tau_std": 0.59, "car_acc": 2.38, "car_dcc": 1.97, "car_lcCooperative": 0.3, "car_lcPushy": 0.46, "car_lcSublane": 0.56, "car_max_v": 8.73, "car_tau_mean": 2.61, "car_tau_std": 8.67}, "datetime": {"datetime": "2024-08-01 14:34:26", "elapsed": 94538.130584, "delta": 533.354685}}
{"target": 58.38190070037768, "params": {"bus_acc": 1.79, "bus_dcc": 1.59, "bus_lcCooperative": 0.65, "bus_lcPushy": 0.81, "bus_lcSublane": 0.9, "bus_max_v": 10.06, "bus_tau_mean": 1.53, "bus_tau_std": 0.43, "car_acc": 1.62, "car_dcc": 2.18, "car_lcCooperative": 0.96, "car_lcPushy": 0.54, "car_lcSublane": 0.56, "car_max_v": 8.26, "car_tau_mean": 2.57, "car_tau_std": 9.28}, "datetime": {"datetime": "2024-08-01 14:43:48", "elapsed": 95100.056466, "delta": 561.925882}}
{"target": 58.30160742263706, "params": {"bus_acc": 1.16, "bus_dcc": 3.34, "bus_lcCooperative": 0.27, "bus_lcPushy": 0.29, "bus_lcSublane": 0.15, "bus_max_v": 9.44, "bus_tau_mean": 2.06, "bus_tau_std": 2.37, "car_acc": 2.62, "car_dcc": 3.87, "car_lcCooperative": 0.8, "car_lcPushy": 0.37, "car_lcSublane": 0.23, "car_max_v": 8.05, "car_tau_mean": 1.87, "car_tau_std": 5.63}, "datetime": {"datetime": "2024-08-01 14:52:59", "elapsed": 95650.753451, "delta": 550.696985}}
{"target": 57.80021560494847, "params": {"bus_acc": 1.1, "bus_dcc": 1.25, "bus_lcCooperative": 0.82, "bus_lcPushy": 0.13, "bus_lcSublane": 0.97, "bus_max_v": 14.68, "bus_tau_mean": 2.57, "bus_tau_std": 11.14, "car_acc": 2.59, "car_dcc": 2.37, "car_lcCooperative": 0.85, "car_lcPushy": 0.1, "car_lcSublane": 0.19, "car_max_v": 8.67, "car_tau_mean": 2.34, "car_tau_std": 13.66}, "datetime": {"datetime": "2024-08-01 15:01:08", "elapsed": 96140.30416, "delta": 489.550709}}
{"target": 58.63711821224016, "params": {"bus_acc": 1.73, "bus_dcc": 2.44, "bus_lcCooperative": 0.97, "bus_lcPushy": 0.26, "bus_lcSublane": 0.44, "bus_max_v": 14.54, "bus_tau_mean": 2.46, "bus_tau_std": 0.8, "car_acc": 2.76, "car_dcc": 1.45, "car_lcCooperative": 0.1, "car_lcPushy": 0.29, "car_lcSublane": 0.85, "car_max_v": 8.02, "car_tau_mean": 1.74, "car_tau_std": 10.05}, "datetime": {"datetime": "2024-08-01 15:09:52", "elapsed": 96664.160719, "delta": 523.856559}}
{"target": 56.816462111767976, "params": {"bus_acc": 1.72, "bus_dcc": 2.86, "bus_lcCooperative": 0.03, "bus_lcPushy": 0.86, "bus_lcSublane": 0.17, "bus_max_v": 10.71, "bus_tau_mean": 1.19, "bus_tau_std": 4.36, "car_acc": 2.38, "car_dcc": 1.43, "car_lcCooperative": 0.78, "car_lcPushy": 0.31, "car_lcSublane": 0.0, "car_max_v": 11.12, "car_tau_mean": 2.24, "car_tau_std": 2.6}, "datetime": {"datetime": "2024-08-01 15:17:34", "elapsed": 97126.527465, "delta": 462.366746}}
{"target": 58.040923917348216, "params": {"bus_acc": 1.44, "bus_dcc": 1.37, "bus_lcCooperative": 0.55, "bus_lcPushy": 0.85, "bus_lcSublane": 0.41, "bus_max_v": 12.26, "bus_tau_mean": 1.55, "bus_tau_std": 8.19, "car_acc": 1.66, "car_dcc": 2.76, "car_lcCooperative": 0.43, "car_lcPushy": 0.92, "car_lcSublane": 0.95, "car_max_v": 9.92, "car_tau_mean": 2.38, "car_tau_std": 4.68}, "datetime": {"datetime": "2024-08-01 15:26:51", "elapsed": 97683.215504, "delta": 556.688039}}
{"target": 58.51851046140075, "params": {"bus_acc": 1.7, "bus_dcc": 2.85, "bus_lcCooperative": 0.04, "bus_lcPushy": 0.11, "bus_lcSublane": 0.56, "bus_max_v": 10.82, "bus_tau_mean": 2.51, "bus_tau_std": 0.86, "car_acc": 1.22, "car_dcc": 2.06, "car_lcCooperative": 0.71, "car_lcPushy": 0.78, "car_lcSublane": 0.29, "car_max_v": 8.47, "car_tau_mean": 1.68, "car_tau_std": 7.75}, "datetime": {"datetime": "2024-08-01 15:35:57", "elapsed": 98228.738522, "delta": 545.523018}}
{"target": 56.27705214401899, "params": {"bus_acc": 1.03, "bus_dcc": 2.79, "bus_lcCooperative": 0.54, "bus_lcPushy": 0.42, "bus_lcSublane": 0.88, "bus_max_v": 12.3, "bus_tau_mean": 1.48, "bus_tau_std": 2.71, "car_acc": 2.23, "car_dcc": 1.22, "car_lcCooperative": 0.62, "car_lcPushy": 0.56, "car_lcSublane": 0.18, "car_max_v": 13.59, "car_tau_mean": 2.14, "car_tau_std": 9.73}, "datetime": {"datetime": "2024-08-01 15:42:47", "elapsed": 98639.443544, "delta": 410.705022}}
{"target": 57.831710130937516, "params": {"bus_acc": 1.88, "bus_dcc": 2.14, "bus_lcCooperative": 0.34, "bus_lcPushy": 0.83, "bus_lcSublane": 0.33, "bus_max_v": 10.3, "bus_tau_mean": 1.93, "bus_tau_std": 0.66, "car_acc": 2.02, "car_dcc": 1.84, "car_lcCooperative": 0.72, "car_lcPushy": 0.34, "car_lcSublane": 0.67, "car_max_v": 8.47, "car_tau_mean": 2.8, "car_tau_std": 8.03}, "datetime": {"datetime": "2024-08-01 15:51:15", "elapsed": 99146.848762, "delta": 507.405218}}
