{"target": -0.34522275815068676, "params": {"bus_acc": 1.0569, "bus_dcc": 3.8729, "bus_lcAssertive": 66.2199, "bus_lcCooperative": 0.6161, "bus_lcLookaheadLeft": 92.5265, "bus_lcPushy": 0.9711, "bus_lcSigma": 0.2391, "bus_lcSpeedGainRight": 0.9776, "bus_lcSublane": 0.4999, "bus_sigma": 0.641, "bus_tau_mean": 1.6027, "bus_tau_std": 9.2112, "bus_v_mean": 12.8628, "bus_v_std": 15.5723, "car_acc": 1.2924, "car_dcc": 1.418, "car_lcAssertive": 42.1439, "car_lcCooperative": 0.3388, "car_lcLookaheadLeft": 78.8352, "car_lcPushy": 0.8235, "car_lcSigma": 0.6101, "car_lcSpeedGainRight": 0.2115, "car_lcSublane": 0.3969, "car_sigma": 0.8274, "car_tau_mean": 2.2834, "car_tau_std": 5.2019, "car_v_mean": 8.9652, "car_v_std": 3.7275}, "datetime": {"datetime": "2024-08-08 10:37:56", "elapsed": 2556.930328, "delta": 17.415469}}
{"target": -0.3535100107214577, "params": {"bus_acc": 1.068, "bus_dcc": 3.1704, "bus_lcAssertive": 2.6562, "bus_lcCooperative": 0.5728, "bus_lcLookaheadLeft": 72.7008, "bus_lcPushy": 0.2933, "bus_lcSigma": 0.4078, "bus_lcSpeedGainRight": 4.0182, "bus_lcSublane": 0.6742, "bus_sigma": 0.0133, "bus_tau_mean": 2.2486, "bus_tau_std": 3.8321, "bus_v_mean": 22.8808, "bus_v_std": 9.257, "car_acc": 1.1481, "car_dcc": 2.6302, "car_lcAssertive": 47.526, "car_lcCooperative": 0.3608, "car_lcLookaheadLeft": 9.7486, "car_lcPushy": 0.7915, "car_lcSigma": 0.4979, "car_lcSpeedGainRight": 1.1227, "car_lcSublane": 0.4958, "car_sigma": 0.8235, "car_tau_mean": 2.8737, "car_tau_std": 2.215, "car_v_mean": 17.0036, "car_v_std": 3.8574}, "datetime": {"datetime": "2024-08-08 10:38:08", "elapsed": 2568.930933, "delta": 12.000605}}
{"target": -0.3285771139343059, "params": {"bus_acc": 1.0, "bus_dcc": 1.2983, "bus_lcAssertive": 58.2406, "bus_lcCooperative": 0.2387, "bus_lcLookaheadLeft": 34.7844, "bus_lcPushy": 0.836, "bus_lcSigma": 0.7146, "bus_lcSpeedGainRight": 3.5535, "bus_lcSublane": 0.7218, "bus_sigma": 0.8495, "bus_tau_mean": 3.4453, "bus_tau_std": 5.8904, "bus_v_mean": 11.9719, "bus_v_std": 2.4635, "car_acc": 1.5939, "car_dcc": 2.5694, "car_lcAssertive": 18.1481, "car_lcCooperative": 0.0617, "car_lcLookaheadLeft": 88.0527, "car_lcPushy": 0.7789, "car_lcSigma": 0.6322, "car_lcSpeedGainRight": 0.907, "car_lcSublane": 0.317, "car_sigma": 0.9251, "car_tau_mean": 1.5354, "car_tau_std": 4.9501, "car_v_mean": 18.4346, "car_v_std": 0.4085}, "datetime": {"datetime": "2024-08-08 10:38:10", "elapsed": 2570.697369, "delta": 1.766436}}
{"target": -0.34577922676591033, "params": {"bus_acc": 1.3916, "bus_dcc": 1.4514, "bus_lcAssertive": 41.491, "bus_lcCooperative": 0.6365, "bus_lcLookaheadLeft": 24.0693, "bus_lcPushy": 0.6752, "bus_lcSigma": 0.2192, "bus_lcSpeedGainRight": 4.5185, "bus_lcSublane": 0.8506, "bus_sigma": 0.1634, "bus_tau_mean": 2.935, "bus_tau_std": 2.3296, "bus_v_mean": 18.1618, "bus_v_std": 5.3759, "car_acc": 2.3245, "car_dcc": 1.2816, "car_lcAssertive": 11.2463, "car_lcCooperative": 0.3167, "car_lcLookaheadLeft": 67.0983, "car_lcPushy": 0.5425, "car_lcSigma": 0.1313, "car_lcSpeedGainRight": 4.4923, "car_lcSublane": 0.0255, "car_sigma": 0.159, "car_tau_mean": 3.4699, "car_tau_std": 6.3168, "car_v_mean": 13.2154, "car_v_std": 19.6544}, "datetime": {"datetime": "2024-08-08 10:38:17", "elapsed": 2577.518429, "delta": 6.82106}}
{"target": -0.36763900889011764, "params": {"bus_acc": 2.6542, "bus_dcc": 3.7023, "bus_lcAssertive": 67.2507, "bus_lcCooperative": 0.8283, "bus_lcLookaheadLeft": 59.293, "bus_lcPushy": 0.6121, "bus_lcSigma": 0.4149, "bus_lcSpeedGainRight": 3.8568, "bus_lcSublane": 0.8564, "bus_sigma": 0.1096, "bus_tau_mean": 2.7702, "bus_tau_std": 7.6415, "bus_v_mean": 22.1545, "bus_v_std": 4.6868, "car_acc": 1.8611, "car_dcc": 1.9167, "car_lcAssertive": 2.164, "car_lcCooperative": 0.5919, "car_lcLookaheadLeft": 6.3078, "car_lcPushy": 0.5348, "car_lcSigma": 0.6813, "car_lcSpeedGainRight": 2.3278, "car_lcSublane": 0.9667, "car_sigma": 0.9078, "car_tau_mean": 1.4752, "car_tau_std": 0.369, "car_v_mean": 18.7907, "car_v_std": 9.2294}, "datetime": {"datetime": "2024-08-08 10:38:27", "elapsed": 2587.198447, "delta": 9.680018}}
{"target": -0.3799245918842957, "params": {"bus_acc": 2.0898, "bus_dcc": 1.1348, "bus_lcAssertive": 68.7772, "bus_lcCooperative": 0.5472, "bus_lcLookaheadLeft": 92.2503, "bus_lcPushy": 0.7747, "bus_lcSigma": 0.8615, "bus_lcSpeedGainRight": 1.3629, "bus_lcSublane": 0.6587, "bus_sigma": 0.5796, "bus_tau_mean": 0.5076, "bus_tau_std": 3.6424, "bus_v_mean": 8.6715, "bus_v_std": 16.6175, "car_acc": 1.5466, "car_dcc": 1.6012, "car_lcAssertive": 37.5423, "car_lcCooperative": 0.3794, "car_lcLookaheadLeft": 77.5018, "car_lcPushy": 0.3493, "car_lcSigma": 0.9745, "car_lcSpeedGainRight": 1.6778, "car_lcSublane": 0.561, "car_sigma": 0.7427, "car_tau_mean": 1.6687, "car_tau_std": 5.1203, "car_v_mean": 13.3801, "car_v_std": 12.0826}, "datetime": {"datetime": "2024-08-08 10:38:29", "elapsed": 2589.638132, "delta": 2.439685}}
{"target": -0.38942357836658476, "params": {"bus_acc": 2.1071, "bus_dcc": 2.5211, "bus_lcAssertive": 13.1032, "bus_lcCooperative": 0.702, "bus_lcLookaheadLeft": 60.9224, "bus_lcPushy": 0.9883, "bus_lcSigma": 0.6227, "bus_lcSpeedGainRight": 2.8142, "bus_lcSublane": 0.0464, "bus_sigma": 0.5018, "bus_tau_mean": 1.4806, "bus_tau_std": 6.9529, "bus_v_mean": 10.7205, "bus_v_std": 1.4465, "car_acc": 2.1971, "car_dcc": 3.2892, "car_lcAssertive": 11.6979, "car_lcCooperative": 0.6304, "car_lcLookaheadLeft": 9.1731, "car_lcPushy": 0.9934, "car_lcSigma": 0.3354, "car_lcSpeedGainRight": 2.1812, "car_lcSublane": 0.9717, "car_sigma": 0.9435, "car_tau_mean": 1.9096, "car_tau_std": 5.0595, "car_v_mean": 8.1705, "car_v_std": 2.189}, "datetime": {"datetime": "2024-08-08 10:38:38", "elapsed": 2598.505471, "delta": 8.867339}}
{"target": -0.38969289785842126, "params": {"bus_acc": 1.6268, "bus_dcc": 1.9197, "bus_lcAssertive": 50.7791, "bus_lcCooperative": 0.2285, "bus_lcLookaheadLeft": 72.7441, "bus_lcPushy": 0.2262, "bus_lcSigma": 0.7669, "bus_lcSpeedGainRight": 0.6226, "bus_lcSublane": 0.1404, "bus_sigma": 0.7112, "bus_tau_mean": 2.0328, "bus_tau_std": 4.1781, "bus_v_mean": 19.1122, "bus_v_std": 0.8314, "car_acc": 1.5028, "car_dcc": 2.5146, "car_lcAssertive": 83.1227, "car_lcCooperative": 0.1716, "car_lcLookaheadLeft": 41.9715, "car_lcPushy": 0.1636, "car_lcSigma": 0.1839, "car_lcSpeedGainRight": 3.3468, "car_lcSublane": 0.4713, "car_sigma": 0.7718, "car_tau_mean": 1.7123, "car_tau_std": 8.0577, "car_v_mean": 9.6641, "car_v_std": 18.9136}, "datetime": {"datetime": "2024-08-08 10:38:44", "elapsed": 2604.714507, "delta": 6.209036}}
{"target": -0.35153683474520725, "params": {"bus_acc": 1.9511, "bus_dcc": 2.3695, "bus_lcAssertive": 76.378, "bus_lcCooperative": 0.072, "bus_lcLookaheadLeft": 12.9973, "bus_lcPushy": 0.2128, "bus_lcSigma": 0.6922, "bus_lcSpeedGainRight": 1.7697, "bus_lcSublane": 0.3671, "bus_sigma": 0.5352, "bus_tau_mean": 1.7283, "bus_tau_std": 0.6536, "bus_v_mean": 20.5474, "bus_v_std": 5.691, "car_acc": 2.118, "car_dcc": 1.2295, "car_lcAssertive": 26.9661, "car_lcCooperative": 0.4924, "car_lcLookaheadLeft": 55.6241, "car_lcPushy": 0.4543, "car_lcSigma": 0.8627, "car_lcSpeedGainRight": 2.4066, "car_lcSublane": 0.0966, "car_sigma": 0.2995, "car_tau_mean": 0.8459, "car_tau_std": 4.4769, "car_v_mean": 11.994, "car_v_std": 13.6273}, "datetime": {"datetime": "2024-08-08 10:38:47", "elapsed": 2607.695978, "delta": 2.981471}}
{"target": -0.3537721689535115, "params": {"bus_acc": 1.1528, "bus_dcc": 2.0797, "bus_lcAssertive": 27.4215, "bus_lcCooperative": 0.7406, "bus_lcLookaheadLeft": 67.1137, "bus_lcPushy": 0.0911, "bus_lcSigma": 0.9709, "bus_lcSpeedGainRight": 2.4247, "bus_lcSublane": 0.7341, "bus_sigma": 0.2697, "bus_tau_mean": 1.9024, "bus_tau_std": 1.6303, "bus_v_mean": 13.9385, "bus_v_std": 1.1549, "car_acc": 2.4517, "car_dcc": 2.014, "car_lcAssertive": 59.9614, "car_lcCooperative": 0.4007, "car_lcLookaheadLeft": 17.961, "car_lcPushy": 0.6798, "car_lcSigma": 0.6688, "car_lcSpeedGainRight": 3.6858, "car_lcSublane": 0.2012, "car_sigma": 0.0699, "car_tau_mean": 2.2439, "car_tau_std": 1.2741, "car_v_mean": 17.1927, "car_v_std": 5.9173}, "datetime": {"datetime": "2024-08-08 10:38:48", "elapsed": 2608.821627, "delta": 1.125649}}
{"target": -0.3648081028780039, "params": {"bus_acc": 2.8778, "bus_dcc": 3.1985, "bus_lcAssertive": 28.0702, "bus_lcCooperative": 0.8468, "bus_lcLookaheadLeft": 98.0023, "bus_lcPushy": 0.7536, "bus_lcSigma": 0.4845, "bus_lcSpeedGainRight": 2.1082, "bus_lcSublane": 0.9879, "bus_sigma": 0.1811, "bus_tau_mean": 2.2042, "bus_tau_std": 1.4863, "bus_v_mean": 11.5555, "bus_v_std": 0.8096, "car_acc": 1.7308, "car_dcc": 3.3797, "car_lcAssertive": 43.9307, "car_lcCooperative": 0.0574, "car_lcLookaheadLeft": 33.4382, "car_lcPushy": 0.0548, "car_lcSigma": 0.04, "car_lcSpeedGainRight": 2.6363, "car_lcSublane": 0.4452, "car_sigma": 0.5678, "car_tau_mean": 1.0141, "car_tau_std": 7.8689, "car_v_mean": 19.8252, "car_v_std": 7.5352}, "datetime": {"datetime": "2024-08-08 10:38:54", "elapsed": 2614.238854, "delta": 5.417227}}
{"target": -0.38181579307244784, "params": {"bus_acc": 2.3029, "bus_dcc": 2.4965, "bus_lcAssertive": 37.8334, "bus_lcCooperative": 0.4111, "bus_lcLookaheadLeft": 81.0691, "bus_lcPushy": 0.0938, "bus_lcSigma": 0.8525, "bus_lcSpeedGainRight": 2.6654, "bus_lcSublane": 0.5803, "bus_sigma": 0.185, "bus_tau_mean": 1.6164, "bus_tau_std": 0.7806, "bus_v_mean": 21.1645, "bus_v_std": 3.9826, "car_acc": 2.0383, "car_dcc": 2.1767, "car_lcAssertive": 49.0945, "car_lcCooperative": 0.3315, "car_lcLookaheadLeft": 3.8209, "car_lcPushy": 0.1488, "car_lcSigma": 0.0744, "car_lcSpeedGainRight": 0.8452, "car_lcSublane": 0.0743, "car_sigma": 0.3429, "car_tau_mean": 1.5024, "car_tau_std": 4.6475, "car_v_mean": 19.4652, "car_v_std": 7.8698}, "datetime": {"datetime": "2024-08-08 10:39:00", "elapsed": 2620.953267, "delta": 6.714413}}
{"target": -0.3630229252344024, "params": {"bus_acc": 2.0921, "bus_dcc": 3.6891, "bus_lcAssertive": 73.0848, "bus_lcCooperative": 0.1311, "bus_lcLookaheadLeft": 44.0165, "bus_lcPushy": 0.1794, "bus_lcSigma": 0.393, "bus_lcSpeedGainRight": 4.1788, "bus_lcSublane": 0.2696, "bus_sigma": 0.4996, "bus_tau_mean": 3.963, "bus_tau_std": 9.8693, "bus_v_mean": 17.1873, "bus_v_std": 18.1704, "car_acc": 1.9285, "car_dcc": 3.0355, "car_lcAssertive": 34.2396, "car_lcCooperative": 0.9002, "car_lcLookaheadLeft": 6.4364, "car_lcPushy": 0.3403, "car_lcSigma": 0.366, "car_lcSpeedGainRight": 3.4518, "car_lcSublane": 0.8892, "car_sigma": 0.3425, "car_tau_mean": 1.7864, "car_tau_std": 5.4599, "car_v_mean": 13.4012, "car_v_std": 4.1294}, "datetime": {"datetime": "2024-08-08 10:39:08", "elapsed": 2628.526105, "delta": 7.572838}}
{"target": -0.352767766853719, "params": {"bus_acc": 2.9134, "bus_dcc": 2.3175, "bus_lcAssertive": 59.9265, "bus_lcCooperative": 0.8774, "bus_lcLookaheadLeft": 76.9219, "bus_lcPushy": 0.8009, "bus_lcSigma": 0.0457, "bus_lcSpeedGainRight": 1.7781, "bus_lcSublane": 0.2047, "bus_sigma": 0.0854, "bus_tau_mean": 3.707, "bus_tau_std": 6.7379, "bus_v_mean": 16.7235, "bus_v_std": 0.6139, "car_acc": 2.9259, "car_dcc": 3.3826, "car_lcAssertive": 31.6479, "car_lcCooperative": 0.7961, "car_lcLookaheadLeft": 4.6383, "car_lcPushy": 0.7862, "car_lcSigma": 0.1116, "car_lcSpeedGainRight": 2.4551, "car_lcSublane": 0.9262, "car_sigma": 0.3717, "car_tau_mean": 2.9105, "car_tau_std": 2.0637, "car_v_mean": 8.6443, "car_v_std": 17.6689}, "datetime": {"datetime": "2024-08-08 10:39:17", "elapsed": 2637.142529, "delta": 8.616424}}
{"target": -0.3790191286325486, "params": {"bus_acc": 1.8275, "bus_dcc": 3.9702, "bus_lcAssertive": 8.845, "bus_lcCooperative": 0.0184, "bus_lcLookaheadLeft": 33.5656, "bus_lcPushy": 0.4295, "bus_lcSigma": 0.5446, "bus_lcSpeedGainRight": 4.686, "bus_lcSublane": 0.8616, "bus_sigma": 0.8494, "bus_tau_mean": 1.9276, "bus_tau_std": 8.696, "bus_v_mean": 15.2501, "bus_v_std": 1.4117, "car_acc": 1.3915, "car_dcc": 1.8993, "car_lcAssertive": 81.0039, "car_lcCooperative": 0.7604, "car_lcLookaheadLeft": 54.1943, "car_lcPushy": 0.5943, "car_lcSigma": 0.119, "car_lcSpeedGainRight": 0.4606, "car_lcSublane": 0.9052, "car_sigma": 0.4446, "car_tau_mean": 3.8778, "car_tau_std": 9.3177, "car_v_mean": 15.9573, "car_v_std": 14.9173}, "datetime": {"datetime": "2024-08-08 10:39:20", "elapsed": 2640.866546, "delta": 3.724017}}
{"target": -0.3375465635735592, "params": {"bus_acc": 2.5286, "bus_dcc": 1.6519, "bus_lcAssertive": 79.3626, "bus_lcCooperative": 0.3591, "bus_lcLookaheadLeft": 83.682, "bus_lcPushy": 0.3111, "bus_lcSigma": 0.9102, "bus_lcSpeedGainRight": 2.0541, "bus_lcSublane": 0.2189, "bus_sigma": 0.2448, "bus_tau_mean": 1.5322, "bus_tau_std": 8.3483, "bus_v_mean": 15.3959, "bus_v_std": 2.8748, "car_acc": 2.7335, "car_dcc": 1.7453, "car_lcAssertive": 94.6503, "car_lcCooperative": 0.0011, "car_lcLookaheadLeft": 13.4687, "car_lcPushy": 0.15, "car_lcSigma": 0.6721, "car_lcSpeedGainRight": 4.6268, "car_lcSublane": 0.0581, "car_sigma": 0.6464, "car_tau_mean": 2.1872, "car_tau_std": 2.6969, "car_v_mean": 12.1113, "car_v_std": 6.5783}, "datetime": {"datetime": "2024-08-08 10:39:25", "elapsed": 2645.363492, "delta": 4.496946}}
{"target": -0.3412211822586535, "params": {"bus_acc": 1.1915, "bus_dcc": 2.3056, "bus_lcAssertive": 22.316, "bus_lcCooperative": 0.1531, "bus_lcLookaheadLeft": 54.3104, "bus_lcPushy": 0.816, "bus_lcSigma": 0.2659, "bus_lcSpeedGainRight": 3.3694, "bus_lcSublane": 0.9784, "bus_sigma": 0.6143, "bus_tau_mean": 2.0433, "bus_tau_std": 8.8212, "bus_v_mean": 12.7066, "bus_v_std": 1.4223, "car_acc": 1.7702, "car_dcc": 1.3219, "car_lcAssertive": 89.1782, "car_lcCooperative": 0.7709, "car_lcLookaheadLeft": 17.4591, "car_lcPushy": 0.9887, "car_lcSigma": 0.7819, "car_lcSpeedGainRight": 1.9492, "car_lcSublane": 0.4847, "car_sigma": 0.217, "car_tau_mean": 2.623, "car_tau_std": 2.6833, "car_v_mean": 19.4171, "car_v_std": 8.4986}, "datetime": {"datetime": "2024-08-08 10:39:30", "elapsed": 2650.92484, "delta": 5.561348}}
{"target": -0.3090783944403505, "params": {"bus_acc": 1.6641, "bus_dcc": 1.8667, "bus_lcAssertive": 18.5961, "bus_lcCooperative": 0.5031, "bus_lcLookaheadLeft": 83.2845, "bus_lcPushy": 0.3062, "bus_lcSigma": 0.8449, "bus_lcSpeedGainRight": 1.2825, "bus_lcSublane": 0.344, "bus_sigma": 0.5072, "bus_tau_mean": 1.7628, "bus_tau_std": 0.9221, "bus_v_mean": 13.4935, "bus_v_std": 14.4183, "car_acc": 1.4075, "car_dcc": 1.286, "car_lcAssertive": 89.6924, "car_lcCooperative": 0.0738, "car_lcLookaheadLeft": 79.2753, "car_lcPushy": 0.4256, "car_lcSigma": 0.6585, "car_lcSpeedGainRight": 2.7415, "car_lcSublane": 0.4608, "car_sigma": 0.1441, "car_tau_mean": 1.2953, "car_tau_std": 8.5659, "car_v_mean": 11.1205, "car_v_std": 18.598}, "datetime": {"datetime": "2024-08-08 10:39:38", "elapsed": 2658.351629, "delta": 7.426789}}
{"target": -0.37128677915508496, "params": {"bus_acc": 1.0908, "bus_dcc": 1.5079, "bus_lcAssertive": 19.9754, "bus_lcCooperative": 0.7122, "bus_lcLookaheadLeft": 68.3384, "bus_lcPushy": 0.2776, "bus_lcSigma": 0.6739, "bus_lcSpeedGainRight": 4.5744, "bus_lcSublane": 0.8655, "bus_sigma": 0.3441, "bus_tau_mean": 2.8163, "bus_tau_std": 4.1273, "bus_v_mean": 19.1525, "bus_v_std": 7.2256, "car_acc": 1.0527, "car_dcc": 2.5607, "car_lcAssertive": 13.8025, "car_lcCooperative": 0.7829, "car_lcLookaheadLeft": 47.1479, "car_lcPushy": 0.1527, "car_lcSigma": 0.2903, "car_lcSpeedGainRight": 4.0337, "car_lcSublane": 0.608, "car_sigma": 0.3069, "car_tau_mean": 3.3525, "car_tau_std": 1.2849, "car_v_mean": 19.0609, "car_v_std": 3.0678}, "datetime": {"datetime": "2024-08-08 10:39:48", "elapsed": 2668.045794, "delta": 9.694165}}
{"target": -0.39799029551506443, "params": {"bus_acc": 2.7052, "bus_dcc": 1.3604, "bus_lcAssertive": 33.0602, "bus_lcCooperative": 0.9367, "bus_lcLookaheadLeft": 32.3253, "bus_lcPushy": 0.007, "bus_lcSigma": 0.1097, "bus_lcSpeedGainRight": 1.5269, "bus_lcSublane": 0.4031, "bus_sigma": 0.4414, "bus_tau_mean": 3.9352, "bus_tau_std": 8.4679, "bus_v_mean": 16.7138, "bus_v_std": 19.3968, "car_acc": 1.1438, "car_dcc": 3.8105, "car_lcAssertive": 17.0046, "car_lcCooperative": 0.9212, "car_lcLookaheadLeft": 40.8455, "car_lcPushy": 0.6113, "car_lcSigma": 0.6373, "car_lcSpeedGainRight": 3.3361, "car_lcSublane": 0.2979, "car_sigma": 0.5003, "car_tau_mean": 3.8575, "car_tau_std": 1.0074, "car_v_mean": 15.409, "car_v_std": 12.6158}, "datetime": {"datetime": "2024-08-08 10:39:52", "elapsed": 2672.807501, "delta": 4.761707}}
{"target": -0.42306780296951685, "params": {"bus_acc": 2.2153, "bus_dcc": 1.5747, "bus_lcAssertive": 36.4326, "bus_lcCooperative": 0.8496, "bus_lcLookaheadLeft": 3.4823, "bus_lcPushy": 0.349, "bus_lcSigma": 0.2584, "bus_lcSpeedGainRight": 3.2339, "bus_lcSublane": 0.4218, "bus_sigma": 0.1655, "bus_tau_mean": 1.6183, "bus_tau_std": 6.9036, "bus_v_mean": 20.7692, "bus_v_std": 15.7575, "car_acc": 1.3825, "car_dcc": 2.7332, "car_lcAssertive": 71.6837, "car_lcCooperative": 0.7252, "car_lcLookaheadLeft": 18.6341, "car_lcPushy": 0.9834, "car_lcSigma": 0.576, "car_lcSpeedGainRight": 1.3428, "car_lcSublane": 0.847, "car_sigma": 0.7367, "car_tau_mean": 1.6932, "car_tau_std": 9.399, "car_v_mean": 9.8315, "car_v_std": 5.6568}, "datetime": {"datetime": "2024-08-08 10:40:04", "elapsed": 2684.76616, "delta": 11.958659}}
{"target": -0.34434462481687544, "params": {"bus_acc": 2.2962, "bus_dcc": 1.5115, "bus_lcAssertive": 9.8732, "bus_lcCooperative": 0.6098, "bus_lcLookaheadLeft": 47.4017, "bus_lcPushy": 0.6, "bus_lcSigma": 0.488, "bus_lcSpeedGainRight": 4.6435, "bus_lcSublane": 0.8417, "bus_sigma": 0.4998, "bus_tau_mean": 1.7918, "bus_tau_std": 9.1821, "bus_v_mean": 13.4972, "bus_v_std": 9.1343, "car_acc": 2.2725, "car_dcc": 3.405, "car_lcAssertive": 87.7612, "car_lcCooperative": 0.2008, "car_lcLookaheadLeft": 25.7743, "car_lcPushy": 0.552, "car_lcSigma": 0.7669, "car_lcSpeedGainRight": 0.056, "car_lcSublane": 0.6825, "car_sigma": 0.3361, "car_tau_mean": 1.8544, "car_tau_std": 9.7177, "car_v_mean": 15.785, "car_v_std": 18.5741}, "datetime": {"datetime": "2024-08-08 10:40:05", "elapsed": 2685.913234, "delta": 1.147074}}
{"target": -0.3677809724606912, "params": {"bus_acc": 2.6557, "bus_dcc": 2.3522, "bus_lcAssertive": 9.8453, "bus_lcCooperative": 0.1762, "bus_lcLookaheadLeft": 88.9501, "bus_lcPushy": 0.9976, "bus_lcSigma": 0.8644, "bus_lcSpeedGainRight": 1.8751, "bus_lcSublane": 0.4265, "bus_sigma": 0.3647, "bus_tau_mean": 2.2821, "bus_tau_std": 4.2733, "bus_v_mean": 9.4127, "bus_v_std": 8.6556, "car_acc": 2.5667, "car_dcc": 1.938, "car_lcAssertive": 39.9215, "car_lcCooperative": 0.0366, "car_lcLookaheadLeft": 65.5907, "car_lcPushy": 0.4481, "car_lcSigma": 0.8928, "car_lcSpeedGainRight": 1.998, "car_lcSublane": 0.0546, "car_sigma": 0.5984, "car_tau_mean": 2.3505, "car_tau_std": 4.8755, "car_v_mean": 8.9446, "car_v_std": 18.5626}, "datetime": {"datetime": "2024-08-08 10:40:21", "elapsed": 2701.021756, "delta": 15.108522}}
{"target": -0.32130665545560344, "params": {"bus_acc": 1.1936, "bus_dcc": 1.0735, "bus_lcAssertive": 11.1299, "bus_lcCooperative": 0.65, "bus_lcLookaheadLeft": 82.3518, "bus_lcPushy": 0.6622, "bus_lcSigma": 0.0567, "bus_lcSpeedGainRight": 4.7015, "bus_lcSublane": 0.7103, "bus_sigma": 0.9073, "bus_tau_mean": 3.1438, "bus_tau_std": 4.9723, "bus_v_mean": 10.806, "bus_v_std": 13.7066, "car_acc": 2.6414, "car_dcc": 1.501, "car_lcAssertive": 76.5019, "car_lcCooperative": 0.1933, "car_lcLookaheadLeft": 5.8375, "car_lcPushy": 0.4411, "car_lcSigma": 0.672, "car_lcSpeedGainRight": 1.6872, "car_lcSublane": 0.7549, "car_sigma": 0.327, "car_tau_mean": 3.0192, "car_tau_std": 6.415, "car_v_mean": 12.6158, "car_v_std": 14.3994}, "datetime": {"datetime": "2024-08-08 10:40:30", "elapsed": 2710.814242, "delta": 9.792486}}
{"target": -0.3532264874021648, "params": {"bus_acc": 2.6977, "bus_dcc": 3.1272, "bus_lcAssertive": 15.9836, "bus_lcCooperative": 0.9657, "bus_lcLookaheadLeft": 90.023, "bus_lcPushy": 0.4221, "bus_lcSigma": 0.7147, "bus_lcSpeedGainRight": 1.156, "bus_lcSublane": 0.9899, "bus_sigma": 0.358, "bus_tau_mean": 3.5434, "bus_tau_std": 9.6252, "bus_v_mean": 16.4325, "bus_v_std": 14.3867, "car_acc": 2.404, "car_dcc": 3.9474, "car_lcAssertive": 33.4312, "car_lcCooperative": 0.5814, "car_lcLookaheadLeft": 33.988, "car_lcPushy": 0.6001, "car_lcSigma": 0.568, "car_lcSpeedGainRight": 0.6879, "car_lcSublane": 0.8834, "car_sigma": 0.1489, "car_tau_mean": 0.5597, "car_tau_std": 3.8594, "car_v_mean": 19.3683, "car_v_std": 18.311}, "datetime": {"datetime": "2024-08-08 10:40:45", "elapsed": 2725.618979, "delta": 14.804737}}
{"target": -0.35000917723117314, "params": {"bus_acc": 1.7435, "bus_dcc": 1.0716, "bus_lcAssertive": 9.9799, "bus_lcCooperative": 0.6814, "bus_lcLookaheadLeft": 12.9751, "bus_lcPushy": 0.8602, "bus_lcSigma": 0.5876, "bus_lcSpeedGainRight": 2.2268, "bus_lcSublane": 0.8677, "bus_sigma": 0.4119, "bus_tau_mean": 3.564, "bus_tau_std": 5.2468, "bus_v_mean": 13.8559, "bus_v_std": 13.413, "car_acc": 1.0073, "car_dcc": 2.6463, "car_lcAssertive": 54.7728, "car_lcCooperative": 0.268, "car_lcLookaheadLeft": 53.2268, "car_lcPushy": 0.3403, "car_lcSigma": 0.3493, "car_lcSpeedGainRight": 1.4902, "car_lcSublane": 0.9044, "car_sigma": 0.223, "car_tau_mean": 1.8863, "car_tau_std": 6.8194, "car_v_mean": 18.141, "car_v_std": 4.2899}, "datetime": {"datetime": "2024-08-08 10:40:47", "elapsed": 2727.179738, "delta": 1.560759}}
