{"target": -0.0532966833981394, "params": {"bus_acc": 1.189, "bus_dcc": 1.455, "bus_lcAssertive": 58.14, "bus_lcCooperative": 0.113, "bus_lcLookaheadLeft": 81.652, "bus_lcPushy": 0.44, "bus_lcSublane": 0.643, "bus_max_v": 12.457, "bus_tau_mean": 1.1, "bus_tau_std": 12.574, "car_acc": 2.091, "car_dcc": 2.037, "car_lcAssertive": 32.193, "car_lcCooperative": 0.569, "car_lcLookaheadLeft": 62.351, "car_lcPushy": 0.436, "car_lcSublane": 0.404, "car_max_v": 20.212, "car_tau_mean": 0.936, "car_tau_std": 13.239}, "datetime": {"datetime": "2024-08-02 22:40:19", "elapsed": 220.553876, "delta": 1.868853}}
{"target": -0.04245747506273876, "params": {"bus_acc": 1.642, "bus_dcc": 3.55, "bus_lcAssertive": 55.682, "bus_lcCooperative": 0.038, "bus_lcLookaheadLeft": 69.056, "bus_lcPushy": 0.302, "bus_lcSublane": 0.979, "bus_max_v": 13.416, "bus_tau_mean": 1.233, "bus_tau_std": 12.808, "car_acc": 1.292, "car_dcc": 3.218, "car_lcAssertive": 32.043, "car_lcCooperative": 0.115, "car_lcLookaheadLeft": 60.343, "car_lcPushy": 0.727, "car_lcSublane": 0.684, "car_max_v": 26.683, "car_tau_mean": 1.194, "car_tau_std": 11.946}, "datetime": {"datetime": "2024-08-02 22:40:20", "elapsed": 220.941978, "delta": 0.388102}}
{"target": -0.03747228997760527, "params": {"bus_acc": 1.674, "bus_dcc": 2.55, "bus_lcAssertive": 74.24, "bus_lcCooperative": 0.384, "bus_lcLookaheadLeft": 91.493, "bus_lcPushy": 0.543, "bus_lcSublane": 0.245, "bus_max_v": 17.207, "bus_tau_mean": 1.31, "bus_tau_std": 6.503, "car_acc": 1.969, "car_dcc": 1.937, "car_lcAssertive": 57.103, "car_lcCooperative": 0.859, "car_lcLookaheadLeft": 94.218, "car_lcPushy": 0.688, "car_lcSublane": 0.858, "car_max_v": 18.68, "car_tau_mean": 0.979, "car_tau_std": 9.015}, "datetime": {"datetime": "2024-08-02 22:40:28", "elapsed": 229.318809, "delta": 8.376831}}
{"target": -0.054097426747796724, "params": {"bus_acc": 1.507, "bus_dcc": 1.886, "bus_lcAssertive": 59.799, "bus_lcCooperative": 0.785, "bus_lcLookaheadLeft": 81.958, "bus_lcPushy": 0.35, "bus_lcSublane": 0.909, "bus_max_v": 11.814, "bus_tau_mean": 1.673, "bus_tau_std": 9.431, "car_acc": 2.137, "car_dcc": 2.17, "car_lcAssertive": 41.492, "car_lcCooperative": 0.046, "car_lcLookaheadLeft": 62.665, "car_lcPushy": 0.632, "car_lcSublane": 0.113, "car_max_v": 20.645, "car_tau_mean": 0.786, "car_tau_std": 6.273}, "datetime": {"datetime": "2024-08-02 22:40:36", "elapsed": 237.457357, "delta": 8.138548}}
{"target": -0.05136626730124264, "params": {"bus_acc": 1.829, "bus_dcc": 2.369, "bus_lcAssertive": 27.376, "bus_lcCooperative": 0.546, "bus_lcLookaheadLeft": 13.419, "bus_lcPushy": 0.277, "bus_lcSublane": 0.216, "bus_max_v": 12.318, "bus_tau_mean": 1.697, "bus_tau_std": 2.973, "car_acc": 2.732, "car_dcc": 4.22, "car_lcAssertive": 24.451, "car_lcCooperative": 0.764, "car_lcLookaheadLeft": 50.899, "car_lcPushy": 0.171, "car_lcSublane": 0.202, "car_max_v": 18.295, "car_tau_mean": 1.991, "car_tau_std": 7.473}, "datetime": {"datetime": "2024-08-02 22:40:50", "elapsed": 251.068101, "delta": 13.610744}}
{"target": -0.03640986058599712, "params": {"bus_acc": 1.483, "bus_dcc": 1.701, "bus_lcAssertive": 2.09, "bus_lcCooperative": 0.876, "bus_lcLookaheadLeft": 85.144, "bus_lcPushy": 0.576, "bus_lcSublane": 0.448, "bus_max_v": 21.878, "bus_tau_mean": 1.304, "bus_tau_std": 7.883, "car_acc": 1.121, "car_dcc": 3.607, "car_lcAssertive": 61.126, "car_lcCooperative": 0.089, "car_lcLookaheadLeft": 85.821, "car_lcPushy": 0.063, "car_lcSublane": 0.379, "car_max_v": 18.58, "car_tau_mean": 2.145, "car_tau_std": 10.688}, "datetime": {"datetime": "2024-08-02 22:41:31", "elapsed": 291.966074, "delta": 40.897973}}
{"target": -0.054910482550823814, "params": {"bus_acc": 1.158, "bus_dcc": 2.105, "bus_lcAssertive": 58.288, "bus_lcCooperative": 0.647, "bus_lcLookaheadLeft": 19.897, "bus_lcPushy": 0.408, "bus_lcSublane": 0.173, "bus_max_v": 11.05, "bus_tau_mean": 1.558, "bus_tau_std": 6.498, "car_acc": 1.421, "car_dcc": 1.14, "car_lcAssertive": 57.322, "car_lcCooperative": 0.834, "car_lcLookaheadLeft": 54.017, "car_lcPushy": 0.918, "car_lcSublane": 0.228, "car_max_v": 15.065, "car_tau_mean": 0.54, "car_tau_std": 0.847}, "datetime": {"datetime": "2024-08-02 22:41:33", "elapsed": 294.280303, "delta": 2.314229}}
{"target": -0.04838763429534205, "params": {"bus_acc": 1.672, "bus_dcc": 2.916, "bus_lcAssertive": 73.147, "bus_lcCooperative": 0.922, "bus_lcLookaheadLeft": 86.502, "bus_lcPushy": 0.903, "bus_lcSublane": 0.012, "bus_max_v": 11.687, "bus_tau_mean": 2.772, "bus_tau_std": 8.582, "car_acc": 1.133, "car_dcc": 1.238, "car_lcAssertive": 62.768, "car_lcCooperative": 0.276, "car_lcLookaheadLeft": 94.689, "car_lcPushy": 0.091, "car_lcSublane": 0.617, "car_max_v": 25.479, "car_tau_mean": 0.816, "car_tau_std": 10.82}, "datetime": {"datetime": "2024-08-02 22:41:34", "elapsed": 295.695162, "delta": 1.414859}}
{"target": -0.045704796211958144, "params": {"bus_acc": 1.798, "bus_dcc": 2.013, "bus_lcAssertive": 62.733, "bus_lcCooperative": 0.893, "bus_lcLookaheadLeft": 16.531, "bus_lcPushy": 0.015, "bus_lcSublane": 0.595, "bus_max_v": 14.03, "bus_tau_mean": 2.157, "bus_tau_std": 9.931, "car_acc": 1.525, "car_dcc": 4.472, "car_lcAssertive": 59.128, "car_lcCooperative": 0.734, "car_lcLookaheadLeft": 54.444, "car_lcPushy": 0.64, "car_lcSublane": 0.187, "car_max_v": 14.505, "car_tau_mean": 0.512, "car_tau_std": 7.689}, "datetime": {"datetime": "2024-08-02 22:41:38", "elapsed": 299.829631, "delta": 4.134469}}
{"target": -0.04735286907585026, "params": {"bus_acc": 1.623, "bus_dcc": 3.894, "bus_lcAssertive": 26.59, "bus_lcCooperative": 0.799, "bus_lcLookaheadLeft": 50.934, "bus_lcPushy": 0.854, "bus_lcSublane": 0.341, "bus_max_v": 17.521, "bus_tau_mean": 2.338, "bus_tau_std": 10.545, "car_acc": 1.167, "car_dcc": 1.651, "car_lcAssertive": 18.409, "car_lcCooperative": 0.275, "car_lcLookaheadLeft": 77.621, "car_lcPushy": 0.834, "car_lcSublane": 0.174, "car_max_v": 30.955, "car_tau_mean": 1.201, "car_tau_std": 7.303}, "datetime": {"datetime": "2024-08-02 22:41:43", "elapsed": 304.537934, "delta": 4.708303}}
{"target": -0.05628986227547244, "params": {"bus_acc": 1.441, "bus_dcc": 2.548, "bus_lcAssertive": 19.48, "bus_lcCooperative": 0.979, "bus_lcLookaheadLeft": 56.24, "bus_lcPushy": 0.202, "bus_lcSublane": 0.347, "bus_max_v": 14.698, "bus_tau_mean": 0.82, "bus_tau_std": 11.105, "car_acc": 2.717, "car_dcc": 4.114, "car_lcAssertive": 27.613, "car_lcCooperative": 0.88, "car_lcLookaheadLeft": 80.7, "car_lcPushy": 0.587, "car_lcSublane": 0.988, "car_max_v": 32.619, "car_tau_mean": 1.765, "car_tau_std": 5.981}, "datetime": {"datetime": "2024-08-02 22:42:03", "elapsed": 324.417592, "delta": 19.879658}}
{"target": -0.05829964456554729, "params": {"bus_acc": 1.791, "bus_dcc": 2.927, "bus_lcAssertive": 62.954, "bus_lcCooperative": 0.512, "bus_lcLookaheadLeft": 81.126, "bus_lcPushy": 0.595, "bus_lcSublane": 0.138, "bus_max_v": 11.649, "bus_tau_mean": 1.162, "bus_tau_std": 11.889, "car_acc": 2.218, "car_dcc": 3.648, "car_lcAssertive": 40.626, "car_lcCooperative": 0.955, "car_lcLookaheadLeft": 61.081, "car_lcPushy": 0.301, "car_lcSublane": 0.774, "car_max_v": 22.484, "car_tau_mean": 1.869, "car_tau_std": 3.637}, "datetime": {"datetime": "2024-08-02 22:42:04", "elapsed": 325.654245, "delta": 1.236653}}
{"target": -0.037840645588329724, "params": {"bus_acc": 1.114, "bus_dcc": 2.711, "bus_lcAssertive": 3.661, "bus_lcCooperative": 0.504, "bus_lcLookaheadLeft": 81.378, "bus_lcPushy": 0.225, "bus_lcSublane": 0.9, "bus_max_v": 22.952, "bus_tau_mean": 2.514, "bus_tau_std": 3.614, "car_acc": 2.214, "car_dcc": 1.058, "car_lcAssertive": 61.488, "car_lcCooperative": 0.646, "car_lcLookaheadLeft": 80.256, "car_lcPushy": 0.49, "car_lcSublane": 0.543, "car_max_v": 17.991, "car_tau_mean": 0.83, "car_tau_std": 13.312}, "datetime": {"datetime": "2024-08-02 22:42:12", "elapsed": 332.94745, "delta": 7.293205}}
{"target": -0.04633791026659046, "params": {"bus_acc": 1.31, "bus_dcc": 3.442, "bus_lcAssertive": 87.594, "bus_lcCooperative": 0.485, "bus_lcLookaheadLeft": 60.242, "bus_lcPushy": 0.366, "bus_lcSublane": 0.502, "bus_max_v": 16.765, "bus_tau_mean": 2.652, "bus_tau_std": 1.011, "car_acc": 2.596, "car_dcc": 2.146, "car_lcAssertive": 86.297, "car_lcCooperative": 0.184, "car_lcLookaheadLeft": 41.891, "car_lcPushy": 0.065, "car_lcSublane": 0.625, "car_max_v": 28.339, "car_tau_mean": 0.634, "car_tau_std": 13.257}, "datetime": {"datetime": "2024-08-02 22:42:40", "elapsed": 361.722943, "delta": 28.775493}}
{"target": -0.06279516943282744, "params": {"bus_acc": 1.873, "bus_dcc": 3.108, "bus_lcAssertive": 26.271, "bus_lcCooperative": 0.462, "bus_lcLookaheadLeft": 7.097, "bus_lcPushy": 0.337, "bus_lcSublane": 0.171, "bus_max_v": 14.071, "bus_tau_mean": 0.528, "bus_tau_std": 5.719, "car_acc": 2.658, "car_dcc": 2.76, "car_lcAssertive": 24.059, "car_lcCooperative": 0.591, "car_lcLookaheadLeft": 46.457, "car_lcPushy": 0.432, "car_lcSublane": 0.678, "car_max_v": 10.313, "car_tau_mean": 0.899, "car_tau_std": 10.093}, "datetime": {"datetime": "2024-08-02 22:42:43", "elapsed": 364.285304, "delta": 2.562361}}
{"target": -0.04214841388121731, "params": {"bus_acc": 1.446, "bus_dcc": 2.341, "bus_lcAssertive": 4.097, "bus_lcCooperative": 0.139, "bus_lcLookaheadLeft": 48.592, "bus_lcPushy": 0.563, "bus_lcSublane": 0.339, "bus_max_v": 16.164, "bus_tau_mean": 1.136, "bus_tau_std": 9.129, "car_acc": 1.037, "car_dcc": 3.217, "car_lcAssertive": 78.805, "car_lcCooperative": 0.639, "car_lcLookaheadLeft": 79.774, "car_lcPushy": 0.571, "car_lcSublane": 0.271, "car_max_v": 15.469, "car_tau_mean": 2.406, "car_tau_std": 5.99}, "datetime": {"datetime": "2024-08-02 22:42:48", "elapsed": 369.318868, "delta": 5.033564}}
{"target": -0.038328089110447584, "params": {"bus_acc": 1.129, "bus_dcc": 2.19, "bus_lcAssertive": 75.713, "bus_lcCooperative": 0.874, "bus_lcLookaheadLeft": 30.623, "bus_lcPushy": 0.493, "bus_lcSublane": 0.648, "bus_max_v": 18.481, "bus_tau_mean": 2.093, "bus_tau_std": 5.429, "car_acc": 1.676, "car_dcc": 3.637, "car_lcAssertive": 44.437, "car_lcCooperative": 0.455, "car_lcLookaheadLeft": 40.086, "car_lcPushy": 0.129, "car_lcSublane": 0.436, "car_max_v": 19.635, "car_tau_mean": 0.576, "car_tau_std": 7.452}, "datetime": {"datetime": "2024-08-02 22:42:51", "elapsed": 372.212247, "delta": 2.893379}}
{"target": -0.05770953539916047, "params": {"bus_acc": 1.608, "bus_dcc": 3.73, "bus_lcAssertive": 13.612, "bus_lcCooperative": 0.989, "bus_lcLookaheadLeft": 38.486, "bus_lcPushy": 0.017, "bus_lcSublane": 0.587, "bus_max_v": 19.472, "bus_tau_mean": 0.575, "bus_tau_std": 14.615, "car_acc": 1.866, "car_dcc": 4.634, "car_lcAssertive": 77.006, "car_lcCooperative": 0.289, "car_lcLookaheadLeft": 45.21, "car_lcPushy": 0.884, "car_lcSublane": 0.324, "car_max_v": 23.735, "car_tau_mean": 1.716, "car_tau_std": 13.323}, "datetime": {"datetime": "2024-08-02 22:43:00", "elapsed": 381.479296, "delta": 9.267049}}
{"target": -0.02022179009291517, "params": {"bus_acc": 1.007, "bus_dcc": 1.745, "bus_lcAssertive": 29.008, "bus_lcCooperative": 0.21, "bus_lcLookaheadLeft": 3.759, "bus_lcPushy": 0.483, "bus_lcSublane": 0.597, "bus_max_v": 22.704, "bus_tau_mean": 1.658, "bus_tau_std": 8.864, "car_acc": 1.524, "car_dcc": 1.616, "car_lcAssertive": 10.081, "car_lcCooperative": 0.555, "car_lcLookaheadLeft": 45.418, "car_lcPushy": 0.949, "car_lcSublane": 0.745, "car_max_v": 26.058, "car_tau_mean": 1.493, "car_tau_std": 10.456}, "datetime": {"datetime": "2024-08-02 22:43:07", "elapsed": 388.076504, "delta": 6.597208}}
{"target": -0.05231673773393434, "params": {"bus_acc": 1.353, "bus_dcc": 2.815, "bus_lcAssertive": 70.238, "bus_lcCooperative": 0.127, "bus_lcLookaheadLeft": 36.289, "bus_lcPushy": 0.736, "bus_lcSublane": 0.757, "bus_max_v": 19.077, "bus_tau_mean": 2.032, "bus_tau_std": 0.621, "car_acc": 2.93, "car_dcc": 2.113, "car_lcAssertive": 14.038, "car_lcCooperative": 0.482, "car_lcLookaheadLeft": 40.21, "car_lcPushy": 0.993, "car_lcSublane": 0.03, "car_max_v": 31.663, "car_tau_mean": 2.826, "car_tau_std": 7.671}, "datetime": {"datetime": "2024-08-02 22:43:12", "elapsed": 393.837601, "delta": 5.761097}}
{"target": -0.04323350439533127, "params": {"bus_acc": 1.101, "bus_dcc": 1.522, "bus_lcAssertive": 4.999, "bus_lcCooperative": 0.533, "bus_lcLookaheadLeft": 52.265, "bus_lcPushy": 0.272, "bus_lcSublane": 0.528, "bus_max_v": 13.202, "bus_tau_mean": 2.303, "bus_tau_std": 5.864, "car_acc": 1.042, "car_dcc": 2.543, "car_lcAssertive": 84.495, "car_lcCooperative": 0.883, "car_lcLookaheadLeft": 74.64, "car_lcPushy": 0.804, "car_lcSublane": 0.279, "car_max_v": 24.591, "car_tau_mean": 0.655, "car_tau_std": 6.918}, "datetime": {"datetime": "2024-08-02 22:43:17", "elapsed": 398.273196, "delta": 4.435595}}
{"target": -0.04526579985363537, "params": {"bus_acc": 1.043, "bus_dcc": 1.667, "bus_lcAssertive": 38.022, "bus_lcCooperative": 0.575, "bus_lcLookaheadLeft": 50.675, "bus_lcPushy": 0.2, "bus_lcSublane": 0.497, "bus_max_v": 19.363, "bus_tau_mean": 1.82, "bus_tau_std": 3.681, "car_acc": 2.856, "car_dcc": 4.433, "car_lcAssertive": 5.368, "car_lcCooperative": 0.987, "car_lcLookaheadLeft": 42.469, "car_lcPushy": 0.175, "car_lcSublane": 0.666, "car_max_v": 22.466, "car_tau_mean": 1.542, "car_tau_std": 11.534}, "datetime": {"datetime": "2024-08-02 22:43:36", "elapsed": 417.912306, "delta": 19.63911}}
{"target": -0.05471220961277338, "params": {"bus_acc": 1.234, "bus_dcc": 3.898, "bus_lcAssertive": 58.3, "bus_lcCooperative": 0.413, "bus_lcLookaheadLeft": 92.273, "bus_lcPushy": 0.759, "bus_lcSublane": 0.285, "bus_max_v": 14.103, "bus_tau_mean": 1.782, "bus_tau_std": 4.9, "car_acc": 2.729, "car_dcc": 4.433, "car_lcAssertive": 80.709, "car_lcCooperative": 0.454, "car_lcLookaheadLeft": 55.738, "car_lcPushy": 0.341, "car_lcSublane": 0.381, "car_max_v": 24.727, "car_tau_mean": 2.684, "car_tau_std": 0.903}, "datetime": {"datetime": "2024-08-02 22:43:46", "elapsed": 427.270688, "delta": 9.358382}}
{"target": -0.05243351552014023, "params": {"bus_acc": 1.716, "bus_dcc": 2.43, "bus_lcAssertive": 89.94, "bus_lcCooperative": 0.891, "bus_lcLookaheadLeft": 19.963, "bus_lcPushy": 0.547, "bus_lcSublane": 0.926, "bus_max_v": 18.4, "bus_tau_mean": 2.611, "bus_tau_std": 9.221, "car_acc": 2.048, "car_dcc": 2.342, "car_lcAssertive": 57.163, "car_lcCooperative": 0.978, "car_lcLookaheadLeft": 97.934, "car_lcPushy": 0.504, "car_lcSublane": 0.083, "car_max_v": 19.572, "car_tau_mean": 0.686, "car_tau_std": 7.339}, "datetime": {"datetime": "2024-08-02 22:44:10", "elapsed": 451.439632, "delta": 24.168944}}
{"target": -0.04152115780142521, "params": {"bus_acc": 1.959, "bus_dcc": 1.808, "bus_lcAssertive": 24.856, "bus_lcCooperative": 0.974, "bus_lcLookaheadLeft": 15.883, "bus_lcPushy": 0.654, "bus_lcSublane": 0.267, "bus_max_v": 13.815, "bus_tau_mean": 2.551, "bus_tau_std": 4.463, "car_acc": 2.581, "car_dcc": 3.865, "car_lcAssertive": 85.638, "car_lcCooperative": 0.002, "car_lcLookaheadLeft": 35.378, "car_lcPushy": 0.111, "car_lcSublane": 0.411, "car_max_v": 14.137, "car_tau_mean": 2.089, "car_tau_std": 0.811}, "datetime": {"datetime": "2024-08-02 22:44:20", "elapsed": 461.712762, "delta": 10.27313}}
{"target": -0.05197656861700886, "params": {"bus_acc": 1.498, "bus_dcc": 3.989, "bus_lcAssertive": 16.529, "bus_lcCooperative": 0.583, "bus_lcLookaheadLeft": 2.792, "bus_lcPushy": 0.219, "bus_lcSublane": 0.486, "bus_max_v": 15.939, "bus_tau_mean": 1.748, "bus_tau_std": 1.621, "car_acc": 2.195, "car_dcc": 4.654, "car_lcAssertive": 70.047, "car_lcCooperative": 0.164, "car_lcLookaheadLeft": 27.039, "car_lcPushy": 0.038, "car_lcSublane": 0.216, "car_max_v": 18.458, "car_tau_mean": 2.944, "car_tau_std": 3.722}, "datetime": {"datetime": "2024-08-02 22:44:54", "elapsed": 495.144132, "delta": 33.43137}}
{"target": -0.03500976879689592, "params": {"bus_acc": 1.101, "bus_dcc": 3.767, "bus_lcAssertive": 58.346, "bus_lcCooperative": 0.032, "bus_lcLookaheadLeft": 79.892, "bus_lcPushy": 0.55, "bus_lcSublane": 0.0, "bus_max_v": 14.218, "bus_tau_mean": 2.265, "bus_tau_std": 14.512, "car_acc": 1.0, "car_dcc": 5.0, "car_lcAssertive": 39.622, "car_lcCooperative": 1.0, "car_lcLookaheadLeft": 59.374, "car_lcPushy": 0.867, "car_lcSublane": 0.683, "car_max_v": 23.689, "car_tau_mean": 0.898, "car_tau_std": 8.237}, "datetime": {"datetime": "2024-08-02 22:44:56", "elapsed": 497.079534, "delta": 1.935402}}
{"target": -0.034627144612969625, "params": {"bus_acc": 1.079, "bus_dcc": 3.991, "bus_lcAssertive": 58.332, "bus_lcCooperative": 0.005, "bus_lcLookaheadLeft": 79.819, "bus_lcPushy": 0.588, "bus_lcSublane": 0.0, "bus_max_v": 14.612, "bus_tau_mean": 2.291, "bus_tau_std": 15.0, "car_acc": 1.0, "car_dcc": 5.0, "car_lcAssertive": 39.669, "car_lcCooperative": 1.0, "car_lcLookaheadLeft": 59.297, "car_lcPushy": 0.894, "car_lcSublane": 0.722, "car_max_v": 24.023, "car_tau_mean": 0.895, "car_tau_std": 8.222}, "datetime": {"datetime": "2024-08-02 22:44:58", "elapsed": 499.191646, "delta": 2.112112}}
{"target": -0.044779421704612764, "params": {"bus_acc": 1.69, "bus_dcc": 1.427, "bus_lcAssertive": 32.523, "bus_lcCooperative": 0.207, "bus_lcLookaheadLeft": 52.558, "bus_lcPushy": 0.477, "bus_lcSublane": 0.071, "bus_max_v": 21.227, "bus_tau_mean": 1.834, "bus_tau_std": 7.404, "car_acc": 1.76, "car_dcc": 1.672, "car_lcAssertive": 62.222, "car_lcCooperative": 0.851, "car_lcLookaheadLeft": 71.73, "car_lcPushy": 0.107, "car_lcSublane": 0.554, "car_max_v": 16.621, "car_tau_mean": 2.083, "car_tau_std": 10.771}, "datetime": {"datetime": "2024-08-02 22:45:04", "elapsed": 505.616603, "delta": 6.424957}}
{"target": -0.03984396206195766, "params": {"bus_acc": 1.32, "bus_dcc": 3.684, "bus_lcAssertive": 58.213, "bus_lcCooperative": 0.189, "bus_lcLookaheadLeft": 79.222, "bus_lcPushy": 0.617, "bus_lcSublane": 0.059, "bus_max_v": 15.467, "bus_tau_mean": 2.203, "bus_tau_std": 13.784, "car_acc": 1.006, "car_dcc": 4.912, "car_lcAssertive": 38.286, "car_lcCooperative": 0.979, "car_lcLookaheadLeft": 61.267, "car_lcPushy": 0.834, "car_lcSublane": 0.58, "car_max_v": 24.451, "car_tau_mean": 1.219, "car_tau_std": 8.807}, "datetime": {"datetime": "2024-08-02 22:45:14", "elapsed": 515.449682, "delta": 9.833079}}
{"target": -0.03775727590783287, "params": {"bus_acc": 1.0, "bus_dcc": 4.0, "bus_lcAssertive": 56.787, "bus_lcCooperative": 0.0, "bus_lcLookaheadLeft": 79.827, "bus_lcPushy": 0.682, "bus_lcSublane": 0.0, "bus_max_v": 16.534, "bus_tau_mean": 2.69, "bus_tau_std": 15.0, "car_acc": 1.0, "car_dcc": 5.0, "car_lcAssertive": 40.832, "car_lcCooperative": 1.0, "car_lcLookaheadLeft": 58.705, "car_lcPushy": 1.0, "car_lcSublane": 0.713, "car_max_v": 24.971, "car_tau_mean": 0.5, "car_tau_std": 9.126}, "datetime": {"datetime": "2024-08-02 22:45:32", "elapsed": 533.468966, "delta": 18.019284}}
{"target": -0.034732813421332685, "params": {"bus_acc": 1.044, "bus_dcc": 4.0, "bus_lcAssertive": 58.364, "bus_lcCooperative": 0.0, "bus_lcLookaheadLeft": 79.8, "bus_lcPushy": 0.638, "bus_lcSublane": 0.0, "bus_max_v": 15.073, "bus_tau_mean": 2.315, "bus_tau_std": 15.0, "car_acc": 1.0, "car_dcc": 5.0, "car_lcAssertive": 39.903, "car_lcCooperative": 1.0, "car_lcLookaheadLeft": 59.158, "car_lcPushy": 0.93, "car_lcSublane": 0.772, "car_max_v": 24.421, "car_tau_mean": 0.867, "car_tau_std": 8.09}, "datetime": {"datetime": "2024-08-02 22:45:44", "elapsed": 545.097889, "delta": 11.628923}}
{"target": -0.04443335291833425, "params": {"bus_acc": 1.209, "bus_dcc": 1.838, "bus_lcAssertive": 3.174, "bus_lcCooperative": 0.547, "bus_lcLookaheadLeft": 84.253, "bus_lcPushy": 0.446, "bus_lcSublane": 0.634, "bus_max_v": 21.942, "bus_tau_mean": 1.55, "bus_tau_std": 5.253, "car_acc": 1.828, "car_dcc": 3.165, "car_lcAssertive": 59.759, "car_lcCooperative": 0.253, "car_lcLookaheadLeft": 82.216, "car_lcPushy": 0.261, "car_lcSublane": 0.573, "car_max_v": 18.493, "car_tau_mean": 1.871, "car_tau_std": 11.737}, "datetime": {"datetime": "2024-08-02 22:46:00", "elapsed": 561.301519, "delta": 16.20363}}
{"target": -0.03190122730646955, "params": {"bus_acc": 1.0, "bus_dcc": 4.0, "bus_lcAssertive": 56.925, "bus_lcCooperative": 0.0, "bus_lcLookaheadLeft": 79.834, "bus_lcPushy": 0.687, "bus_lcSublane": 0.0, "bus_max_v": 16.553, "bus_tau_mean": 2.65, "bus_tau_std": 15.0, "car_acc": 1.0, "car_dcc": 5.0, "car_lcAssertive": 40.695, "car_lcCooperative": 1.0, "car_lcLookaheadLeft": 58.974, "car_lcPushy": 1.0, "car_lcSublane": 0.699, "car_max_v": 24.992, "car_tau_mean": 0.5, "car_tau_std": 9.075}, "datetime": {"datetime": "2024-08-02 22:46:01", "elapsed": 562.368314, "delta": 1.066795}}
{"target": -0.035482475989799, "params": {"bus_acc": 1.0, "bus_dcc": 4.0, "bus_lcAssertive": 56.788, "bus_lcCooperative": 0.0, "bus_lcLookaheadLeft": 79.803, "bus_lcPushy": 0.684, "bus_lcSublane": 0.0, "bus_max_v": 16.58, "bus_tau_mean": 2.687, "bus_tau_std": 15.0, "car_acc": 1.0, "car_dcc": 5.0, "car_lcAssertive": 40.739, "car_lcCooperative": 1.0, "car_lcLookaheadLeft": 58.788, "car_lcPushy": 1.0, "car_lcSublane": 0.709, "car_max_v": 24.994, "car_tau_mean": 0.5, "car_tau_std": 9.165}, "datetime": {"datetime": "2024-08-02 22:46:15", "elapsed": 576.632986, "delta": 14.264672}}
{"target": -0.04658623346070539, "params": {"bus_acc": 1.219, "bus_dcc": 1.828, "bus_lcAssertive": 3.207, "bus_lcCooperative": 0.546, "bus_lcLookaheadLeft": 84.288, "bus_lcPushy": 0.452, "bus_lcSublane": 0.629, "bus_max_v": 21.908, "bus_tau_mean": 1.527, "bus_tau_std": 5.338, "car_acc": 1.825, "car_dcc": 3.196, "car_lcAssertive": 59.681, "car_lcCooperative": 0.248, "car_lcLookaheadLeft": 82.233, "car_lcPushy": 0.259, "car_lcSublane": 0.572, "car_max_v": 18.472, "car_tau_mean": 1.883, "car_tau_std": 11.681}, "datetime": {"datetime": "2024-08-02 22:46:24", "elapsed": 585.680823, "delta": 9.047837}}
