{"target": -0.3143648621344992, "params": {"bus_acc": 1.531093163798824, "bus_dcc": 2.205269290621098, "bus_lcAssertive": 1.2912028982081587, "bus_lcCooperative": 0.40059708820784834, "bus_lcLookaheadLeft": 89.5338447256021, "bus_lcPushy": 0.05746338391679073, "bus_lcSigma": 0.38962954342623424, "bus_lcSpeedGainRight": 1.3267198541557768, "bus_lcSublane": 0.03677662541521298, "bus_sigma": 0.40050356297323864, "bus_tau_mean": 1.3323303133277498, "bus_tau_std": 8.309695544439432, "bus_v_mean": 18.29800570369656, "bus_v_std": 9.531372329064052, "car_acc": 3.1264200097892307, "car_dcc": 1.2981508441187817, "car_lcAssertive": 75.94084505778405, "car_lcCooperative": 0.2985921155557305, "car_lcLookaheadLeft": 51.27182268131549, "car_lcPushy": 0.0941776642754053, "car_lcSigma": 0.8145554388176344, "car_lcSpeedGainRight": 2.5523339453324736, "car_lcSublane": 0.441970905465081, "car_sigma": 0.13489151962676016, "car_tau_mean": 2.722064680505218, "car_tau_std": 3.523098610118187, "car_v_mean": 18.923341848901146, "car_v_std": 15.249141909926989}, "datetime": {"datetime": "2024-08-08 18:41:39", "elapsed": 306.782054, "delta": 3.241256}}
{"target": -0.3201728267475291, "params": {"bus_acc": 3.1187897336539487, "bus_dcc": 2.9840384031447087, "bus_lcAssertive": 5.2857259265168395, "bus_lcCooperative": 0.3614875846417379, "bus_lcLookaheadLeft": 77.82534237342479, "bus_lcPushy": 0.07852291483410356, "bus_lcSigma": 0.8843841167758716, "bus_lcSpeedGainRight": 4.654341481272791, "bus_lcSublane": 0.8530855123898898, "bus_sigma": 0.117377604100948, "bus_tau_mean": 2.4781071859566914, "bus_tau_std": 7.075599478322232, "bus_v_mean": 22.207681439042815, "bus_v_std": 1.9155205859962576, "car_acc": 3.447311753647985, "car_dcc": 1.834048995006346, "car_lcAssertive": 59.63645119082546, "car_lcCooperative": 0.7197957093739197, "car_lcLookaheadLeft": 78.14787663732092, "car_lcPushy": 0.29466484899886947, "car_lcSigma": 0.6073765389488749, "car_lcSpeedGainRight": 1.4373643710116524, "car_lcSublane": 0.9983167502844696, "car_sigma": 0.8145056079423507, "car_tau_mean": 1.948922706942786, "car_tau_std": 8.791421856642359, "car_v_mean": 19.72001784173526, "car_v_std": 18.574938614555123}, "datetime": {"datetime": "2024-08-08 18:41:41", "elapsed": 309.124985, "delta": 2.342931}}
{"target": -0.364106901266037, "params": {"bus_acc": 3.5664231685179435, "bus_dcc": 1.8064920916546352, "bus_lcAssertive": 35.36732073322599, "bus_lcCooperative": 0.4095519896996612, "bus_lcLookaheadLeft": 83.08971725193341, "bus_lcPushy": 0.7499212514067775, "bus_lcSigma": 0.20942087626406658, "bus_lcSpeedGainRight": 2.7142726664903987, "bus_lcSublane": 0.7667393012277475, "bus_sigma": 0.4787417094665899, "bus_tau_mean": 2.4442487821387893, "bus_tau_std": 2.125139219016019, "bus_v_mean": 18.549375235973184, "bus_v_std": 1.4415356887930675, "car_acc": 2.085199731033436, "car_dcc": 2.2012089386103484, "car_lcAssertive": 61.269165200009965, "car_lcCooperative": 0.9486697305005499, "car_lcLookaheadLeft": 23.473979451226207, "car_lcPushy": 0.544157260621743, "car_lcSigma": 0.8022404409713815, "car_lcSpeedGainRight": 3.0147800312808295, "car_lcSublane": 0.7388283437440198, "car_sigma": 0.11645374629739036, "car_tau_mean": 3.4252554143179244, "car_tau_std": 3.11299075805354, "car_v_mean": 14.993764762153413, "car_v_std": 1.6975981648729466}, "datetime": {"datetime": "2024-08-08 18:41:43", "elapsed": 311.301002, "delta": 2.176017}}
{"target": -0.327855026005267, "params": {"bus_acc": 2.5653436277021755, "bus_dcc": 3.3654374001205456, "bus_lcAssertive": 94.31724512520901, "bus_lcCooperative": 0.49728979211666346, "bus_lcLookaheadLeft": 60.18787811883346, "bus_lcPushy": 0.2908599378104706, "bus_lcSigma": 0.1491595089201888, "bus_lcSpeedGainRight": 0.6593584536422054, "bus_lcSublane": 0.7323607758695577, "bus_sigma": 0.7344694353499344, "bus_tau_mean": 1.1277250582282232, "bus_tau_std": 4.135603797757918, "bus_v_mean": 17.50630924626463, "bus_v_std": 2.505638923722975, "car_acc": 3.3561068496065976, "car_dcc": 2.859976609960717, "car_lcAssertive": 61.906947459337, "car_lcCooperative": 0.7012080919186323, "car_lcLookaheadLeft": 98.74394204250468, "car_lcPushy": 0.5623944559571782, "car_lcSigma": 0.864416261698348, "car_lcSpeedGainRight": 2.0935433752858295, "car_lcSublane": 0.6544693512274343, "car_sigma": 0.9252611878587662, "car_tau_mean": 2.8245278547542636, "car_tau_std": 3.030806759430662, "car_v_mean": 17.91913110178608, "car_v_std": 7.0263664071638505}, "datetime": {"datetime": "2024-08-08 18:41:46", "elapsed": 313.830779, "delta": 2.529777}}
{"target": -0.3245313948653142, "params": {"bus_acc": 1.5549488966524896, "bus_dcc": 3.5327800152252955, "bus_lcAssertive": 98.27638914120345, "bus_lcCooperative": 0.9137396248416316, "bus_lcLookaheadLeft": 36.04220319653566, "bus_lcPushy": 0.7802245796913637, "bus_lcSigma": 0.5464545907014307, "bus_lcSpeedGainRight": 4.082211987779688, "bus_lcSublane": 0.48372695118890585, "bus_sigma": 0.5899512982994037, "bus_tau_mean": 3.255422066334915, "bus_tau_std": 1.0023464310313235, "bus_v_mean": 16.592113869448653, "bus_v_std": 7.319666933393085, "car_acc": 2.8129205310066165, "car_dcc": 3.8764075469110013, "car_lcAssertive": 39.889471554699284, "car_lcCooperative": 0.39297299794161644, "car_lcLookaheadLeft": 79.48242537178068, "car_lcPushy": 0.6450783990854264, "car_lcSigma": 0.3938840078553765, "car_lcSpeedGainRight": 3.444775241151257, "car_lcSublane": 0.404001609054379, "car_sigma": 0.1361131542481221, "car_tau_mean": 2.0772514403524704, "car_tau_std": 3.344193926972726, "car_v_mean": 11.487502880978687, "car_v_std": 18.515496032728798}, "datetime": {"datetime": "2024-08-08 18:41:48", "elapsed": 316.01135, "delta": 2.180571}}
{"target": -0.2987436028848671, "params": {"bus_acc": 2.8976057690324284, "bus_dcc": 1.5611822655263878, "bus_lcAssertive": 75.27415112713251, "bus_lcCooperative": 0.5488594004307864, "bus_lcLookaheadLeft": 12.01269521477021, "bus_lcPushy": 0.024827029187908023, "bus_lcSigma": 0.29874619238334477, "bus_lcSpeedGainRight": 3.4500751463246253, "bus_lcSublane": 0.9327883504441357, "bus_sigma": 0.9664972006802195, "bus_tau_mean": 3.1759183126712633, "bus_tau_std": 2.9324918570689453, "bus_v_mean": 17.95310600436747, "bus_v_std": 4.621922550736512, "car_acc": 3.252071114955015, "car_dcc": 1.4976010884385837, "car_lcAssertive": 75.89056816688615, "car_lcCooperative": 0.8685889989304815, "car_lcLookaheadLeft": 52.91162265147279, "car_lcPushy": 0.06563483825850425, "car_lcSigma": 0.4488920207457957, "car_lcSpeedGainRight": 4.189143056899088, "car_lcSublane": 0.17975265343005398, "car_sigma": 0.03855906126279496, "car_tau_mean": 3.064427510677138, "car_tau_std": 5.6304072357339505, "car_v_mean": 8.672970023187723, "car_v_std": 19.69770528116603}, "datetime": {"datetime": "2024-08-08 18:41:51", "elapsed": 319.237715, "delta": 3.226365}}
{"target": -0.3012821023393314, "params": {"bus_acc": 3.1877398433361854, "bus_dcc": 1.9469623953494826, "bus_lcAssertive": 88.49794140975366, "bus_lcCooperative": 0.18023352523222202, "bus_lcLookaheadLeft": 93.97796412003048, "bus_lcPushy": 0.9707501480531616, "bus_lcSigma": 0.3044852440523308, "bus_lcSpeedGainRight": 4.312431998521504, "bus_lcSublane": 0.8421791188670099, "bus_sigma": 0.4246127100946028, "bus_tau_mean": 1.7728954274847468, "bus_tau_std": 2.82437473235045, "bus_v_mean": 23.89178855144873, "bus_v_std": 5.115020539037993, "car_acc": 3.7620267932773666, "car_dcc": 2.2850056412791675, "car_lcAssertive": 93.60727422179946, "car_lcCooperative": 0.8388448341981828, "car_lcLookaheadLeft": 17.26617791032026, "car_lcPushy": 0.5742833543508832, "car_lcSigma": 0.6735030146856861, "car_lcSpeedGainRight": 2.029102029995226, "car_lcSublane": 0.004877044482226589, "car_sigma": 0.3253313297689604, "car_tau_mean": 3.4363073179063703, "car_tau_std": 0.6282398021726943, "car_v_mean": 9.686715943029075, "car_v_std": 14.035746930238318}, "datetime": {"datetime": "2024-08-08 18:41:53", "elapsed": 321.338557, "delta": 2.100842}}
{"target": -0.32508926221825596, "params": {"bus_acc": 2.9089183775679506, "bus_dcc": 2.125273055181733, "bus_lcAssertive": 85.89096540927606, "bus_lcCooperative": 0.6195867393685738, "bus_lcLookaheadLeft": 26.699241852822258, "bus_lcPushy": 0.7928556779768876, "bus_lcSigma": 0.43293850873416306, "bus_lcSpeedGainRight": 1.787555836652207, "bus_lcSublane": 0.33027693652508094, "bus_sigma": 0.6973688756131394, "bus_tau_mean": 1.440275433671793, "bus_tau_std": 8.0827801370538, "bus_v_mean": 12.724620710397565, "bus_v_std": 10.882427671707145, "car_acc": 2.463764475415607, "car_dcc": 3.566069237786109, "car_lcAssertive": 88.9502570051432, "car_lcCooperative": 0.18438444236776674, "car_lcLookaheadLeft": 59.3641489759486, "car_lcPushy": 0.8982050460171371, "car_lcSigma": 0.4461172190344297, "car_lcSpeedGainRight": 4.609341527419077, "car_lcSublane": 0.2789908904569709, "car_sigma": 0.6088311741937957, "car_tau_mean": 2.8885879841838538, "car_tau_std": 2.282057333504841, "car_v_mean": 8.220280200923469, "car_v_std": 8.334479247413922}, "datetime": {"datetime": "2024-08-08 18:41:57", "elapsed": 325.051871, "delta": 3.713314}}
{"target": -0.3459872865463092, "params": {"bus_acc": 3.108795196343114, "bus_dcc": 1.554805067120205, "bus_lcAssertive": 57.00748251629707, "bus_lcCooperative": 0.9088080323000569, "bus_lcLookaheadLeft": 16.767619240330575, "bus_lcPushy": 0.8455176755307064, "bus_lcSigma": 0.8202024663153499, "bus_lcSpeedGainRight": 2.4967055064891723, "bus_lcSublane": 0.0375838514857032, "bus_sigma": 0.14750250539693543, "bus_tau_mean": 3.7292354314103493, "bus_tau_std": 0.44154796031862453, "bus_v_mean": 13.959980262485752, "bus_v_std": 12.380792694509417, "car_acc": 1.59084411674205, "car_dcc": 3.9432392717208917, "car_lcAssertive": 16.44154807129882, "car_lcCooperative": 0.5396791951612744, "car_lcLookaheadLeft": 62.565109785971174, "car_lcPushy": 0.2309899486697039, "car_lcSigma": 0.4663089892093414, "car_lcSpeedGainRight": 2.4550426456646464, "car_lcSublane": 0.766862376326542, "car_sigma": 0.6342807527738734, "car_tau_mean": 2.1364251857286884, "car_tau_std": 6.669425431939752, "car_v_mean": 15.254038824355174, "car_v_std": 10.514231826828194}, "datetime": {"datetime": "2024-08-08 18:41:59", "elapsed": 326.98035, "delta": 1.928479}}
{"target": -0.30477650908230225, "params": {"bus_acc": 1.7897411767005686, "bus_dcc": 1.0023596245889093, "bus_lcAssertive": 24.314278368691447, "bus_lcCooperative": 0.673566697976032, "bus_lcLookaheadLeft": 88.07537956873259, "bus_lcPushy": 0.8307025692405677, "bus_lcSigma": 0.10810738558851041, "bus_lcSpeedGainRight": 0.35562489761419125, "bus_lcSublane": 0.7615923118790051, "bus_sigma": 0.2848333721183067, "bus_tau_mean": 1.4513106837381744, "bus_tau_std": 0.020003006084317043, "bus_v_mean": 9.576624170248849, "bus_v_std": 2.7119409478470624, "car_acc": 1.4780806186875897, "car_dcc": 2.3359408078460957, "car_lcAssertive": 81.59944565765821, "car_lcCooperative": 0.8122981153684475, "car_lcLookaheadLeft": 91.17898292487992, "car_lcPushy": 0.4435920386203337, "car_lcSigma": 0.7087105079450133, "car_lcSpeedGainRight": 2.4416705906022433, "car_lcSublane": 0.04984255813452099, "car_sigma": 0.0804314339695471, "car_tau_mean": 1.3607981732564867, "car_tau_std": 9.816217286230167, "car_v_mean": 19.070675668428557, "car_v_std": 5.360151637146409}, "datetime": {"datetime": "2024-08-08 18:42:01", "elapsed": 329.573664, "delta": 2.593314}}
{"target": -0.3372860656861258, "params": {"bus_acc": 1.041854718926791, "bus_dcc": 1.7030862583642614, "bus_lcAssertive": 62.0610573431641, "bus_lcCooperative": 0.9490163206876164, "bus_lcLookaheadLeft": 95.11725968621381, "bus_lcPushy": 0.5566531881951564, "bus_lcSigma": 0.9156063497662745, "bus_lcSpeedGainRight": 3.207831044731688, "bus_lcSublane": 0.39000771414124624, "bus_sigma": 0.48599066709690975, "bus_tau_mean": 2.6150866902199064, "bus_tau_std": 5.495479215085625, "bus_v_mean": 22.81890282730326, "bus_v_std": 18.374668712672122, "car_acc": 2.1846268387706647, "car_dcc": 3.8897875853221353, "car_lcAssertive": 18.22161100136597, "car_lcCooperative": 0.12632951943963733, "car_lcLookaheadLeft": 15.23775748857967, "car_lcPushy": 0.5056621656768967, "car_lcSigma": 0.021524805274197978, "car_lcSpeedGainRight": 4.739851056088405, "car_lcSublane": 0.8271154711707325, "car_sigma": 0.015018980742122379, "car_tau_mean": 1.1166868945126933, "car_tau_std": 3.3206357436683698, "car_v_mean": 10.09594951697467, "car_v_std": 16.189813842531642}, "datetime": {"datetime": "2024-08-08 18:42:04", "elapsed": 332.043702, "delta": 2.470038}}
{"target": -0.3261186291657922, "params": {"bus_acc": 3.797786389111491, "bus_dcc": 3.0904544844697006, "bus_lcAssertive": 7.534017099484187, "bus_lcCooperative": 0.7554630526024664, "bus_lcLookaheadLeft": 75.87986646920214, "bus_lcPushy": 0.9230245355464833, "bus_lcSigma": 0.7115247586284718, "bus_lcSpeedGainRight": 0.6213548098608235, "bus_lcSublane": 0.01988013383979559, "bus_sigma": 0.026210986877719278, "bus_tau_mean": 0.5990727080727811, "bus_tau_std": 2.462110676030459, "bus_v_mean": 21.760447178926206, "bus_v_std": 10.776621286833057, "car_acc": 2.6584659360572975, "car_dcc": 3.5260926770788172, "car_lcAssertive": 13.293158196871204, "car_lcCooperative": 0.2791836790111395, "car_lcLookaheadLeft": 59.40440860291221, "car_lcPushy": 0.9695957483196745, "car_lcSigma": 0.56103021925571, "car_lcSpeedGainRight": 0.0932364468647151, "car_lcSublane": 0.8006326726806163, "car_sigma": 0.23297427384102043, "car_tau_mean": 3.324868184665727, "car_tau_std": 3.8786064406417173, "car_v_mean": 21.81666967295086, "car_v_std": 14.942432854743693}, "datetime": {"datetime": "2024-08-08 18:42:07", "elapsed": 335.705099, "delta": 3.661397}}
{"target": -0.3197187819366068, "params": {"bus_acc": 2.9791784205514977, "bus_dcc": 1.8555145192858777, "bus_lcAssertive": 41.13932145628147, "bus_lcCooperative": 0.8496945344599989, "bus_lcLookaheadLeft": 13.929491527041387, "bus_lcPushy": 0.8429710736013803, "bus_lcSigma": 0.4042427443633172, "bus_lcSpeedGainRight": 4.919437393660502, "bus_lcSublane": 0.9180156615052889, "bus_sigma": 0.4076743827384076, "bus_tau_mean": 1.542721078320484, "bus_tau_std": 2.2094638316433235, "bus_v_mean": 11.483775033911957, "bus_v_std": 15.374761284932044, "car_acc": 3.266327445588914, "car_dcc": 3.9347596941133167, "car_lcAssertive": 9.247667416835515, "car_lcCooperative": 0.2201833803550045, "car_lcLookaheadLeft": 98.40367172136277, "car_lcPushy": 0.5463743788511821, "car_lcSigma": 0.5536704155665585, "car_lcSpeedGainRight": 1.7438549764888966, "car_lcSublane": 0.7037864359453778, "car_sigma": 0.4997637813382626, "car_tau_mean": 2.14322641395348, "car_tau_std": 5.497728445803042, "car_v_mean": 8.402883223561524, "car_v_std": 10.625212787435093}, "datetime": {"datetime": "2024-08-08 18:42:10", "elapsed": 337.79973, "delta": 2.094631}}
{"target": -0.35108151674953136, "params": {"bus_acc": 1.8097836752950782, "bus_dcc": 3.6876586545882004, "bus_lcAssertive": 43.3810277972582, "bus_lcCooperative": 0.9648400471483856, "bus_lcLookaheadLeft": 67.01726678620791, "bus_lcPushy": 0.6216957202091218, "bus_lcSigma": 0.11474597295337519, "bus_lcSpeedGainRight": 4.747446293535356, "bus_lcSublane": 0.4499121334799405, "bus_sigma": 0.5783896143871318, "bus_tau_mean": 1.928478809664484, "bus_tau_std": 2.3702698024302773, "bus_v_mean": 22.454072328996062, "bus_v_std": 11.473589733445717, "car_acc": 1.008610981093477, "car_dcc": 2.851434740862172, "car_lcAssertive": 33.337845275437516, "car_lcCooperative": 0.5270581022576093, "car_lcLookaheadLeft": 88.8223257324559, "car_lcPushy": 0.35726976000249977, "car_lcSigma": 0.9085351509197992, "car_lcSpeedGainRight": 3.1168005789590136, "car_lcSublane": 0.015821242846556283, "car_sigma": 0.9294372337437613, "car_tau_mean": 2.9181392113092337, "car_tau_std": 9.973228504514806, "car_v_mean": 10.757448133525257, "car_v_std": 2.742714992577555}, "datetime": {"datetime": "2024-08-08 18:42:12", "elapsed": 339.844086, "delta": 2.044356}}
{"target": -0.3496885413038964, "params": {"bus_acc": 3.0669675699721815, "bus_dcc": 1.4673666523269118, "bus_lcAssertive": 80.07636576173772, "bus_lcCooperative": 0.01526245262533199, "bus_lcLookaheadLeft": 59.391068436696735, "bus_lcPushy": 0.4955162770256144, "bus_lcSigma": 0.9974617337584916, "bus_lcSpeedGainRight": 0.6718536821313326, "bus_lcSublane": 0.6725536822244123, "bus_sigma": 0.09494547529971986, "bus_tau_mean": 1.0661894501165778, "bus_tau_std": 9.883312916279946, "bus_v_mean": 20.906641079382233, "bus_v_std": 4.892805773342048, "car_acc": 3.538901337102376, "car_dcc": 1.1068007771047794, "car_lcAssertive": 54.02509806700135, "car_lcCooperative": 0.09147475560820062, "car_lcLookaheadLeft": 97.1487553309246, "car_lcPushy": 0.5831009367246858, "car_lcSigma": 0.5557412746375598, "car_lcSpeedGainRight": 1.589865365120332, "car_lcSublane": 0.8499045421492847, "car_sigma": 0.530154513465718, "car_tau_mean": 0.5598437845310438, "car_tau_std": 1.8489489054732733, "car_v_mean": 14.935492957316328, "car_v_std": 1.5995282221022977}, "datetime": {"datetime": "2024-08-08 18:42:15", "elapsed": 343.483818, "delta": 3.639732}}
{"target": -0.35172010242282054, "params": {"bus_acc": 2.5456440884862213, "bus_dcc": 2.436470203556415, "bus_lcAssertive": 75.19480460446479, "bus_lcCooperative": 0.5726882932924154, "bus_lcLookaheadLeft": 37.52160109540249, "bus_lcPushy": 0.48924478546014216, "bus_lcSigma": 0.18913837493884977, "bus_lcSpeedGainRight": 1.9679170714843097, "bus_lcSublane": 0.029961752524048535, "bus_sigma": 0.46252906034220287, "bus_tau_mean": 1.460659394812498, "bus_tau_std": 5.267158603586157, "bus_v_mean": 8.4683539424498, "bus_v_std": 11.10173533044349, "car_acc": 1.8789936508850715, "car_dcc": 2.732472043040642, "car_lcAssertive": 73.5442154728753, "car_lcCooperative": 0.44033782679643774, "car_lcLookaheadLeft": 66.98936864243262, "car_lcPushy": 0.23890995487021205, "car_lcSigma": 0.9985990885864799, "car_lcSpeedGainRight": 1.2143926080988376, "car_lcSublane": 0.9408284143815248, "car_sigma": 0.21721975039101793, "car_tau_mean": 2.241475346117736, "car_tau_std": 8.211769648927358, "car_v_mean": 19.465408748715745, "car_v_std": 14.11160824241338}, "datetime": {"datetime": "2024-08-08 18:42:17", "elapsed": 345.4952, "delta": 2.011382}}
{"target": -0.30785467054969395, "params": {"bus_acc": 1.6420293181229808, "bus_dcc": 2.813714809919121, "bus_lcAssertive": 20.966194745495322, "bus_lcCooperative": 0.8177571936931245, "bus_lcLookaheadLeft": 32.978498961303416, "bus_lcPushy": 0.6696167646858762, "bus_lcSigma": 0.1487335628025609, "bus_lcSpeedGainRight": 1.5297272354308022, "bus_lcSublane": 0.2972414453016764, "bus_sigma": 0.6350799325450489, "bus_tau_mean": 2.883081844931678, "bus_tau_std": 8.452486465038238, "bus_v_mean": 10.933550508302773, "bus_v_std": 15.20859528612877, "car_acc": 3.1358182068380787, "car_dcc": 2.6726317422324177, "car_lcAssertive": 65.36613564525277, "car_lcCooperative": 0.0899951030326972, "car_lcLookaheadLeft": 16.393829940811994, "car_lcPushy": 0.41557172071663584, "car_lcSigma": 0.7113706883010249, "car_lcSpeedGainRight": 0.8391058181179717, "car_lcSublane": 0.3889791392243084, "car_sigma": 0.49794595388742613, "car_tau_mean": 3.7726600441962304, "car_tau_std": 0.5519624865450556, "car_v_mean": 21.264119855177544, "car_v_std": 19.683196917975692}, "datetime": {"datetime": "2024-08-08 18:42:20", "elapsed": 348.215482, "delta": 2.720282}}
{"target": -0.3468812267768058, "params": {"bus_acc": 3.6819329950490594, "bus_dcc": 2.9332323921929637, "bus_lcAssertive": 10.359882161315866, "bus_lcCooperative": 0.5513749856881907, "bus_lcLookaheadLeft": 14.639483472115067, "bus_lcPushy": 0.11882084014218852, "bus_lcSigma": 0.26554890159213385, "bus_lcSpeedGainRight": 3.8145415078578493, "bus_lcSublane": 0.6982209458758758, "bus_sigma": 0.5588521344343241, "bus_tau_mean": 1.3932931657714454, "bus_tau_std": 5.178687670230947, "bus_v_mean": 22.876015897736135, "bus_v_std": 3.7063840616388144, "car_acc": 3.202622221449718, "car_dcc": 3.616548690250117, "car_lcAssertive": 67.2761646306554, "car_lcCooperative": 0.20369566865585875, "car_lcLookaheadLeft": 14.658267644424262, "car_lcPushy": 0.5150329913726867, "car_lcSigma": 0.1303081811738389, "car_lcSpeedGainRight": 4.128500004174141, "car_lcSublane": 0.5236445287137309, "car_sigma": 0.2914236874448831, "car_tau_mean": 2.488443567072241, "car_tau_std": 2.6063738044561147, "car_v_mean": 17.351523274909564, "car_v_std": 4.642448545061127}, "datetime": {"datetime": "2024-08-08 18:42:22", "elapsed": 350.713313, "delta": 2.497831}}
{"target": -0.3311020369241508, "params": {"bus_acc": 1.9766208927969684, "bus_dcc": 1.2575479033608805, "bus_lcAssertive": 54.066377652152696, "bus_lcCooperative": 0.33612544293733115, "bus_lcLookaheadLeft": 4.125169643557987, "bus_lcPushy": 0.7711523332537787, "bus_lcSigma": 0.38490912985398285, "bus_lcSpeedGainRight": 2.8566057502936775, "bus_lcSublane": 0.7557428557962304, "bus_sigma": 0.9408474199010457, "bus_tau_mean": 2.643128185396179, "bus_tau_std": 3.1539617878014314, "bus_v_mean": 9.761224125552287, "bus_v_std": 1.4783777582254443, "car_acc": 1.9590723216181885, "car_dcc": 2.982517416868015, "car_lcAssertive": 69.82005440804134, "car_lcCooperative": 0.20771804006298766, "car_lcLookaheadLeft": 10.114001981658049, "car_lcPushy": 0.3055106612860311, "car_lcSigma": 0.5475745598545727, "car_lcSpeedGainRight": 3.7733483723743233, "car_lcSublane": 0.5296573205700426, "car_sigma": 0.28698375274707455, "car_tau_mean": 2.6846290314236883, "car_tau_std": 2.648366551761958, "car_v_mean": 18.44308662935237, "car_v_std": 16.837960156534756}, "datetime": {"datetime": "2024-08-08 18:42:25", "elapsed": 353.495625, "delta": 2.782312}}
