{"target": -0.3142286768753093, "params": {"bus_acc": 1.2187, "bus_dcc": 2.9844, "bus_lcAssertive": 42.6748, "bus_lcCooperative": 0.1461, "bus_lcLookaheadLeft": 47.8529, "bus_lcPushy": 0.4504, "bus_lcSigma": 0.9089, "bus_lcSublane": 0.5172, "bus_sigma": 0.289, "bus_tau_mean": 1.5034, "bus_tau_std": 5.6211, "bus_v_mean": 12.2761, "bus_v_std": 3.892, "car_acc": 2.3952, "car_dcc": 2.9364, "car_lcAssertive": 99.6394, "car_lcCooperative": 0.3052, "car_lcLookaheadLeft": 69.7588, "car_lcPushy": 0.2327, "car_lcSigma": 0.6348, "car_lcSublane": 0.3516, "car_sigma": 0.3223, "car_tau_mean": 2.5101, "car_tau_std": 0.6527, "car_v_mean": 23.4078, "car_v_std": 9.6722}, "datetime": {"datetime": "2024-08-07 10:39:16", "elapsed": 4258.849619, "delta": 24.161372}}
{"target": -0.3191803825169336, "params": {"bus_acc": 2.2579, "bus_dcc": 3.4101, "bus_lcAssertive": 48.6115, "bus_lcCooperative": 0.831, "bus_lcLookaheadLeft": 36.9771, "bus_lcPushy": 0.2494, "bus_lcSigma": 0.4222, "bus_lcSublane": 0.2468, "bus_sigma": 0.1109, "bus_tau_mean": 1.6046, "bus_tau_std": 3.184, "bus_v_mean": 16.1745, "bus_v_std": 9.1615, "car_acc": 1.7234, "car_dcc": 1.2196, "car_lcAssertive": 12.2135, "car_lcCooperative": 0.499, "car_lcLookaheadLeft": 34.8097, "car_lcPushy": 0.4099, "car_lcSigma": 0.4741, "car_lcSublane": 0.4354, "car_sigma": 0.706, "car_tau_mean": 2.2506, "car_tau_std": 9.7562, "car_v_mean": 16.3519, "car_v_std": 9.2219}, "datetime": {"datetime": "2024-08-07 10:39:34", "elapsed": 4277.024168, "delta": 18.174549}}
{"target": -0.35202859820929244, "params": {"bus_acc": 1.9337, "bus_dcc": 3.0495, "bus_lcAssertive": 76.6785, "bus_lcCooperative": 0.9833, "bus_lcLookaheadLeft": 70.4076, "bus_lcPushy": 0.5343, "bus_lcSigma": 0.0645, "bus_lcSublane": 0.8719, "bus_sigma": 0.5233, "bus_tau_mean": 3.5003, "bus_tau_std": 0.7352, "bus_v_mean": 22.5829, "bus_v_std": 0.5106, "car_acc": 2.681, "car_dcc": 2.7712, "car_lcAssertive": 46.6215, "car_lcCooperative": 0.4771, "car_lcLookaheadLeft": 51.8368, "car_lcPushy": 0.5554, "car_lcSigma": 0.1241, "car_lcSublane": 0.1186, "car_sigma": 0.779, "car_tau_mean": 2.2384, "car_tau_std": 1.9248, "car_v_mean": 20.3641, "car_v_std": 5.6595}, "datetime": {"datetime": "2024-08-07 10:39:54", "elapsed": 4297.00072, "delta": 19.976552}}
{"target": -0.6272309007148313, "params": {"bus_acc": 2.3554, "bus_dcc": 3.5772, "bus_lcAssertive": 4.95, "bus_lcCooperative": 0.3046, "bus_lcLookaheadLeft": 98.4803, "bus_lcPushy": 0.834, "bus_lcSigma": 0.9851, "bus_lcSublane": 0.2253, "bus_sigma": 0.8667, "bus_tau_mean": 2.0969, "bus_tau_std": 1.1744, "bus_v_mean": 14.3805, "bus_v_std": 3.4218, "car_acc": 1.7238, "car_dcc": 1.8857, "car_lcAssertive": 8.3132, "car_lcCooperative": 0.6735, "car_lcLookaheadLeft": 87.2844, "car_lcPushy": 0.3573, "car_lcSigma": 0.0191, "car_lcSublane": 0.8902, "car_sigma": 0.1273, "car_tau_mean": 2.0735, "car_tau_std": 4.3495, "car_v_mean": 11.9459, "car_v_std": 1.5104}, "datetime": {"datetime": "2024-08-07 10:40:01", "elapsed": 4303.897032, "delta": 6.896312}}
{"target": -0.36048287174667026, "params": {"bus_acc": 1.9178, "bus_dcc": 2.5901, "bus_lcAssertive": 79.5866, "bus_lcCooperative": 0.9309, "bus_lcLookaheadLeft": 35.0939, "bus_lcPushy": 0.874, "bus_lcSigma": 0.2753, "bus_lcSublane": 0.2201, "bus_sigma": 0.664, "bus_tau_mean": 2.8267, "bus_tau_std": 3.0288, "bus_v_mean": 21.3786, "bus_v_std": 9.0847, "car_acc": 1.9301, "car_dcc": 3.2815, "car_lcAssertive": 12.4345, "car_lcCooperative": 0.2569, "car_lcLookaheadLeft": 67.309, "car_lcPushy": 0.9254, "car_lcSigma": 0.2074, "car_lcSublane": 0.3323, "car_sigma": 0.0717, "car_tau_mean": 0.638, "car_tau_std": 3.7829, "car_v_mean": 19.3209, "car_v_std": 3.7354}, "datetime": {"datetime": "2024-08-07 10:40:03", "elapsed": 4306.159962, "delta": 2.26293}}
{"target": -0.3365058748665515, "params": {"bus_acc": 2.6828, "bus_dcc": 2.9882, "bus_lcAssertive": 79.3279, "bus_lcCooperative": 0.0779, "bus_lcLookaheadLeft": 29.8391, "bus_lcPushy": 0.1195, "bus_lcSigma": 0.5553, "bus_lcSublane": 0.304, "bus_sigma": 0.6906, "bus_tau_mean": 2.4269, "bus_tau_std": 3.1171, "bus_v_mean": 17.8342, "bus_v_std": 0.1711, "car_acc": 2.645, "car_dcc": 3.5427, "car_lcAssertive": 38.2346, "car_lcCooperative": 0.636, "car_lcLookaheadLeft": 16.0434, "car_lcPushy": 0.5295, "car_lcSigma": 0.6968, "car_lcSublane": 0.8721, "car_sigma": 0.9343, "car_tau_mean": 2.1387, "car_tau_std": 6.662, "car_v_mean": 12.7424, "car_v_std": 7.8494}, "datetime": {"datetime": "2024-08-07 10:40:19", "elapsed": 4322.065658, "delta": 15.905696}}
{"target": -0.3599540915995609, "params": {"bus_acc": 2.1789, "bus_dcc": 1.1733, "bus_lcAssertive": 60.4296, "bus_lcCooperative": 0.0961, "bus_lcLookaheadLeft": 28.9699, "bus_lcPushy": 0.2234, "bus_lcSigma": 0.8762, "bus_lcSublane": 0.7527, "bus_sigma": 0.8739, "bus_tau_mean": 0.8705, "bus_tau_std": 9.1291, "bus_v_mean": 11.8663, "bus_v_std": 8.615, "car_acc": 2.6742, "car_dcc": 3.3397, "car_lcAssertive": 16.8078, "car_lcCooperative": 0.6075, "car_lcLookaheadLeft": 46.1319, "car_lcPushy": 0.2174, "car_lcSigma": 0.746, "car_lcSublane": 0.3322, "car_sigma": 0.083, "car_tau_mean": 2.303, "car_tau_std": 4.8079, "car_v_mean": 21.1331, "car_v_std": 4.8102}, "datetime": {"datetime": "2024-08-07 10:40:26", "elapsed": 4328.761232, "delta": 6.695574}}
{"target": -0.341072933801961, "params": {"bus_acc": 2.3002, "bus_dcc": 1.2554, "bus_lcAssertive": 83.6369, "bus_lcCooperative": 0.7578, "bus_lcLookaheadLeft": 84.7655, "bus_lcPushy": 0.3431, "bus_lcSigma": 0.7879, "bus_lcSublane": 0.4377, "bus_sigma": 0.4099, "bus_tau_mean": 1.8092, "bus_tau_std": 3.5653, "bus_v_mean": 23.1109, "bus_v_std": 9.4392, "car_acc": 2.3024, "car_dcc": 2.0796, "car_lcAssertive": 29.4385, "car_lcCooperative": 0.3825, "car_lcLookaheadLeft": 69.6358, "car_lcPushy": 0.9752, "car_lcSigma": 0.4452, "car_lcSublane": 0.6951, "car_sigma": 0.2658, "car_tau_mean": 1.0236, "car_tau_std": 1.8113, "car_v_mean": 18.0914, "car_v_std": 5.4036}, "datetime": {"datetime": "2024-08-07 10:40:32", "elapsed": 4334.648357, "delta": 5.887125}}
{"target": -0.4063917345765084, "params": {"bus_acc": 2.9442, "bus_dcc": 1.1848, "bus_lcAssertive": 16.7313, "bus_lcCooperative": 0.6604, "bus_lcLookaheadLeft": 83.6129, "bus_lcPushy": 0.0372, "bus_lcSigma": 0.4063, "bus_lcSublane": 0.566, "bus_sigma": 0.7295, "bus_tau_mean": 1.0589, "bus_tau_std": 1.8224, "bus_v_mean": 15.5771, "bus_v_std": 4.5349, "car_acc": 2.5241, "car_dcc": 2.2769, "car_lcAssertive": 31.963, "car_lcCooperative": 0.3948, "car_lcLookaheadLeft": 69.2178, "car_lcPushy": 0.4454, "car_lcSigma": 0.5949, "car_lcSublane": 0.3924, "car_sigma": 0.5582, "car_tau_mean": 1.644, "car_tau_std": 0.166, "car_v_mean": 9.2164, "car_v_std": 5.1134}, "datetime": {"datetime": "2024-08-07 10:41:17", "elapsed": 4380.268605, "delta": 45.620248}}
{"target": -0.3323941036483935, "params": {"bus_acc": 1.8292, "bus_dcc": 2.2589, "bus_lcAssertive": 11.3247, "bus_lcCooperative": 0.8913, "bus_lcLookaheadLeft": 77.5574, "bus_lcPushy": 0.7029, "bus_lcSigma": 0.5163, "bus_lcSublane": 0.6232, "bus_sigma": 0.3341, "bus_tau_mean": 3.1701, "bus_tau_std": 5.8096, "bus_v_mean": 22.598, "bus_v_std": 5.0751, "car_acc": 2.1661, "car_dcc": 1.286, "car_lcAssertive": 13.0632, "car_lcCooperative": 0.3875, "car_lcLookaheadLeft": 71.8151, "car_lcPushy": 0.011, "car_lcSigma": 0.4252, "car_lcSublane": 0.5166, "car_sigma": 0.7684, "car_tau_mean": 2.3033, "car_tau_std": 3.7454, "car_v_mean": 12.7203, "car_v_std": 4.1951}, "datetime": {"datetime": "2024-08-07 10:41:44", "elapsed": 4407.267475, "delta": 26.99887}}
{"target": -0.2932071493033291, "params": {"bus_acc": 1.9276, "bus_dcc": 1.9986, "bus_lcAssertive": 46.166, "bus_lcCooperative": 0.1834, "bus_lcLookaheadLeft": 89.5871, "bus_lcPushy": 0.0863, "bus_lcSigma": 0.6026, "bus_lcSublane": 0.7051, "bus_sigma": 0.3112, "bus_tau_mean": 2.9642, "bus_tau_std": 8.7465, "bus_v_mean": 19.4852, "bus_v_std": 3.3195, "car_acc": 1.4487, "car_dcc": 1.3416, "car_lcAssertive": 18.7233, "car_lcCooperative": 0.1059, "car_lcLookaheadLeft": 20.0609, "car_lcPushy": 0.2157, "car_lcSigma": 0.797, "car_lcSublane": 0.5898, "car_sigma": 0.6712, "car_tau_mean": 2.8562, "car_tau_std": 4.0851, "car_v_mean": 10.9426, "car_v_std": 0.8296}, "datetime": {"datetime": "2024-08-07 10:41:51", "elapsed": 4413.775299, "delta": 6.507824}}
{"target": -0.33230768906667973, "params": {"bus_acc": 2.1718, "bus_dcc": 1.9406, "bus_lcAssertive": 91.0844, "bus_lcCooperative": 0.7656, "bus_lcLookaheadLeft": 10.1439, "bus_lcPushy": 0.4915, "bus_lcSigma": 0.2998, "bus_lcSublane": 0.7464, "bus_sigma": 0.6273, "bus_tau_mean": 3.0617, "bus_tau_std": 1.1709, "bus_v_mean": 14.0593, "bus_v_std": 3.9865, "car_acc": 2.4023, "car_dcc": 3.0839, "car_lcAssertive": 48.2489, "car_lcCooperative": 0.9529, "car_lcLookaheadLeft": 48.8807, "car_lcPushy": 0.2577, "car_lcSigma": 0.1915, "car_lcSublane": 0.8123, "car_sigma": 0.5288, "car_tau_mean": 3.4522, "car_tau_std": 8.6041, "car_v_mean": 23.0215, "car_v_std": 7.4273}, "datetime": {"datetime": "2024-08-07 10:42:12", "elapsed": 4434.846965, "delta": 21.071666}}
{"target": -0.34857621115776666, "params": {"bus_acc": 2.7858, "bus_dcc": 3.8744, "bus_lcAssertive": 8.1872, "bus_lcCooperative": 0.9248, "bus_lcLookaheadLeft": 43.6315, "bus_lcPushy": 0.6961, "bus_lcSigma": 0.9964, "bus_lcSublane": 0.6182, "bus_sigma": 0.3825, "bus_tau_mean": 0.5962, "bus_tau_std": 9.7148, "bus_v_mean": 11.7529, "bus_v_std": 3.7432, "car_acc": 1.2976, "car_dcc": 2.7338, "car_lcAssertive": 66.3899, "car_lcCooperative": 0.1254, "car_lcLookaheadLeft": 38.667, "car_lcPushy": 0.6634, "car_lcSigma": 0.3224, "car_lcSublane": 0.7075, "car_sigma": 0.2837, "car_tau_mean": 1.1301, "car_tau_std": 7.1793, "car_v_mean": 15.1475, "car_v_std": 2.6316}, "datetime": {"datetime": "2024-08-07 10:42:30", "elapsed": 4452.485694, "delta": 17.638729}}
{"target": -0.34602526697092917, "params": {"bus_acc": 1.3229, "bus_dcc": 1.4925, "bus_lcAssertive": 62.8256, "bus_lcCooperative": 0.3269, "bus_lcLookaheadLeft": 86.2567, "bus_lcPushy": 0.8024, "bus_lcSigma": 0.7899, "bus_lcSublane": 0.7258, "bus_sigma": 0.1811, "bus_tau_mean": 1.5509, "bus_tau_std": 8.7496, "bus_v_mean": 20.3284, "bus_v_std": 8.8416, "car_acc": 1.5004, "car_dcc": 3.3864, "car_lcAssertive": 36.3362, "car_lcCooperative": 0.5969, "car_lcLookaheadLeft": 5.5329, "car_lcPushy": 0.8877, "car_lcSigma": 0.6796, "car_lcSublane": 0.5453, "car_sigma": 0.1255, "car_tau_mean": 2.1398, "car_tau_std": 4.0079, "car_v_mean": 17.3223, "car_v_std": 5.2488}, "datetime": {"datetime": "2024-08-07 10:42:32", "elapsed": 4454.90834, "delta": 2.422646}}
{"target": -0.40513673383663906, "params": {"bus_acc": 1.8621, "bus_dcc": 3.9814, "bus_lcAssertive": 94.9639, "bus_lcCooperative": 0.1667, "bus_lcLookaheadLeft": 12.3228, "bus_lcPushy": 0.6029, "bus_lcSigma": 0.881, "bus_lcSublane": 0.2578, "bus_sigma": 0.4894, "bus_tau_mean": 1.1388, "bus_tau_std": 6.8308, "bus_v_mean": 19.2077, "bus_v_std": 0.3725, "car_acc": 1.6324, "car_dcc": 3.1007, "car_lcAssertive": 7.8725, "car_lcCooperative": 0.5535, "car_lcLookaheadLeft": 58.5631, "car_lcPushy": 0.7028, "car_lcSigma": 0.656, "car_lcSublane": 0.832, "car_sigma": 0.0596, "car_tau_mean": 1.6137, "car_tau_std": 7.3113, "car_v_mean": 21.2914, "car_v_std": 2.1363}, "datetime": {"datetime": "2024-08-07 10:42:38", "elapsed": 4460.894766, "delta": 5.986426}}
{"target": -0.47055145774060586, "params": {"bus_acc": 2.9744, "bus_dcc": 3.513, "bus_lcAssertive": 96.3555, "bus_lcCooperative": 0.0947, "bus_lcLookaheadLeft": 91.2415, "bus_lcPushy": 0.9345, "bus_lcSigma": 0.8441, "bus_lcSublane": 0.0259, "bus_sigma": 0.1127, "bus_tau_mean": 0.7995, "bus_tau_std": 6.755, "bus_v_mean": 20.1411, "bus_v_std": 8.014, "car_acc": 2.5964, "car_dcc": 2.7035, "car_lcAssertive": 60.2381, "car_lcCooperative": 0.5133, "car_lcLookaheadLeft": 40.8431, "car_lcPushy": 0.0713, "car_lcSigma": 0.2226, "car_lcSublane": 0.833, "car_sigma": 0.7236, "car_tau_mean": 3.8707, "car_tau_std": 2.2297, "car_v_mean": 19.7365, "car_v_std": 1.2944}, "datetime": {"datetime": "2024-08-07 10:42:48", "elapsed": 4471.067215, "delta": 10.172449}}
{"target": -0.35957303416408115, "params": {"bus_acc": 2.844, "bus_dcc": 3.6538, "bus_lcAssertive": 91.2003, "bus_lcCooperative": 0.5104, "bus_lcLookaheadLeft": 15.7895, "bus_lcPushy": 0.8684, "bus_lcSigma": 0.9873, "bus_lcSublane": 0.2446, "bus_sigma": 0.3305, "bus_tau_mean": 1.4267, "bus_tau_std": 6.5927, "bus_v_mean": 19.6244, "bus_v_std": 0.0388, "car_acc": 1.813, "car_dcc": 2.902, "car_lcAssertive": 96.8205, "car_lcCooperative": 0.3365, "car_lcLookaheadLeft": 23.7395, "car_lcPushy": 0.2627, "car_lcSigma": 0.1245, "car_lcSublane": 0.8438, "car_sigma": 0.156, "car_tau_mean": 1.5292, "car_tau_std": 2.7732, "car_v_mean": 13.1752, "car_v_std": 8.8714}, "datetime": {"datetime": "2024-08-07 10:42:52", "elapsed": 4475.142614, "delta": 4.075399}}
{"target": -0.3733792822724928, "params": {"bus_acc": 1.0256, "bus_dcc": 3.7527, "bus_lcAssertive": 57.5999, "bus_lcCooperative": 0.5901, "bus_lcLookaheadLeft": 71.6061, "bus_lcPushy": 0.8403, "bus_lcSigma": 0.8396, "bus_lcSublane": 0.1276, "bus_sigma": 0.7834, "bus_tau_mean": 1.2579, "bus_tau_std": 6.2444, "bus_v_mean": 14.9007, "bus_v_std": 8.3404, "car_acc": 1.8905, "car_dcc": 1.9751, "car_lcAssertive": 77.3749, "car_lcCooperative": 0.8382, "car_lcLookaheadLeft": 75.8123, "car_lcPushy": 0.6172, "car_lcSigma": 0.1654, "car_lcSublane": 0.9684, "car_sigma": 0.4404, "car_tau_mean": 0.8362, "car_tau_std": 3.269, "car_v_mean": 9.0492, "car_v_std": 9.1285}, "datetime": {"datetime": "2024-08-07 10:43:02", "elapsed": 4485.081641, "delta": 9.939027}}
{"target": -0.28451034780310414, "params": {"bus_acc": 2.6792, "bus_dcc": 1.0732, "bus_lcAssertive": 12.6859, "bus_lcCooperative": 0.9993, "bus_lcLookaheadLeft": 34.4434, "bus_lcPushy": 0.2297, "bus_lcSigma": 0.7078, "bus_lcSublane": 0.5555, "bus_sigma": 0.1433, "bus_tau_mean": 3.1599, "bus_tau_std": 9.484, "bus_v_mean": 21.483, "bus_v_std": 7.8965, "car_acc": 1.1181, "car_dcc": 1.0002, "car_lcAssertive": 34.6, "car_lcCooperative": 0.0813, "car_lcLookaheadLeft": 99.036, "car_lcPushy": 0.5986, "car_lcSigma": 0.2638, "car_lcSublane": 0.9035, "car_sigma": 0.8361, "car_tau_mean": 1.2159, "car_tau_std": 3.4817, "car_v_mean": 10.8778, "car_v_std": 1.865}, "datetime": {"datetime": "2024-08-07 10:43:11", "elapsed": 4494.161566, "delta": 9.079925}}
{"target": -0.3461263924783838, "params": {"bus_acc": 1.6286, "bus_dcc": 3.9732, "bus_lcAssertive": 58.4207, "bus_lcCooperative": 0.5963, "bus_lcLookaheadLeft": 58.707, "bus_lcPushy": 0.2013, "bus_lcSigma": 0.9822, "bus_lcSublane": 0.2401, "bus_sigma": 0.4975, "bus_tau_mean": 3.4363, "bus_tau_std": 3.9048, "bus_v_mean": 23.7712, "bus_v_std": 2.979, "car_acc": 1.4443, "car_dcc": 2.2409, "car_lcAssertive": 87.5243, "car_lcCooperative": 0.1902, "car_lcLookaheadLeft": 11.5519, "car_lcPushy": 0.592, "car_lcSigma": 0.6015, "car_lcSublane": 0.569, "car_sigma": 0.5396, "car_tau_mean": 1.9435, "car_tau_std": 0.1149, "car_v_mean": 20.4092, "car_v_std": 8.228}, "datetime": {"datetime": "2024-08-07 10:43:14", "elapsed": 4497.153344, "delta": 2.991778}}
{"target": -0.33518330573392774, "params": {"bus_acc": 2.6712, "bus_dcc": 1.0239, "bus_lcAssertive": 15.1254, "bus_lcCooperative": 0.0519, "bus_lcLookaheadLeft": 76.5019, "bus_lcPushy": 0.8691, "bus_lcSigma": 0.0376, "bus_lcSublane": 0.76, "bus_sigma": 0.6332, "bus_tau_mean": 2.0009, "bus_tau_std": 5.6779, "bus_v_mean": 9.775, "bus_v_std": 4.5826, "car_acc": 2.0652, "car_dcc": 3.9178, "car_lcAssertive": 97.1392, "car_lcCooperative": 0.8524, "car_lcLookaheadLeft": 79.3107, "car_lcPushy": 0.6034, "car_lcSigma": 0.8846, "car_lcSublane": 0.4541, "car_sigma": 0.2316, "car_tau_mean": 1.771, "car_tau_std": 1.9568, "car_v_mean": 18.7805, "car_v_std": 1.2009}, "datetime": {"datetime": "2024-08-07 10:43:23", "elapsed": 4506.173741, "delta": 9.020397}}
{"target": -0.3786635632572706, "params": {"bus_acc": 2.2769, "bus_dcc": 3.1468, "bus_lcAssertive": 18.5719, "bus_lcCooperative": 0.644, "bus_lcLookaheadLeft": 94.7196, "bus_lcPushy": 0.6574, "bus_lcSigma": 0.3157, "bus_lcSublane": 0.6511, "bus_sigma": 0.4301, "bus_tau_mean": 2.7312, "bus_tau_std": 7.9561, "bus_v_mean": 18.7173, "bus_v_std": 0.4047, "car_acc": 1.7045, "car_dcc": 1.4417, "car_lcAssertive": 79.7129, "car_lcCooperative": 0.1611, "car_lcLookaheadLeft": 92.0774, "car_lcPushy": 0.3452, "car_lcSigma": 0.8928, "car_lcSublane": 0.973, "car_sigma": 0.9079, "car_tau_mean": 2.9585, "car_tau_std": 8.2492, "car_v_mean": 10.7312, "car_v_std": 5.6441}, "datetime": {"datetime": "2024-08-07 10:43:32", "elapsed": 4514.528794, "delta": 8.355053}}
{"target": -0.33695056541858986, "params": {"bus_acc": 1.8169, "bus_dcc": 2.1525, "bus_lcAssertive": 51.1304, "bus_lcCooperative": 0.8278, "bus_lcLookaheadLeft": 33.5912, "bus_lcPushy": 0.9013, "bus_lcSigma": 0.5935, "bus_lcSublane": 0.6763, "bus_sigma": 0.8162, "bus_tau_mean": 1.3943, "bus_tau_std": 8.6077, "bus_v_mean": 11.5928, "bus_v_std": 4.7826, "car_acc": 1.6679, "car_dcc": 2.5215, "car_lcAssertive": 39.6671, "car_lcCooperative": 0.2252, "car_lcLookaheadLeft": 28.6683, "car_lcPushy": 0.1512, "car_lcSigma": 0.5564, "car_lcSublane": 0.8224, "car_sigma": 0.6591, "car_tau_mean": 2.5351, "car_tau_std": 9.7503, "car_v_mean": 20.6599, "car_v_std": 5.7253}, "datetime": {"datetime": "2024-08-07 10:43:37", "elapsed": 4520.213115, "delta": 5.684321}}
{"target": -0.3293463001656113, "params": {"bus_acc": 2.3804, "bus_dcc": 1.3213, "bus_lcAssertive": 78.286, "bus_lcCooperative": 0.4241, "bus_lcLookaheadLeft": 41.7942, "bus_lcPushy": 0.8152, "bus_lcSigma": 0.3409, "bus_lcSublane": 0.3259, "bus_sigma": 0.4381, "bus_tau_mean": 1.688, "bus_tau_std": 6.1558, "bus_v_mean": 23.9249, "bus_v_std": 2.4167, "car_acc": 1.7041, "car_dcc": 2.865, "car_lcAssertive": 6.5262, "car_lcCooperative": 0.8825, "car_lcLookaheadLeft": 6.2313, "car_lcPushy": 0.1117, "car_lcSigma": 0.3084, "car_lcSublane": 0.4424, "car_sigma": 0.528, "car_tau_mean": 1.277, "car_tau_std": 4.9787, "car_v_mean": 14.4647, "car_v_std": 9.5193}, "datetime": {"datetime": "2024-08-07 10:44:16", "elapsed": 4558.862181, "delta": 38.649066}}
{"target": -0.4254203237434459, "params": {"bus_acc": 2.9613, "bus_dcc": 1.787, "bus_lcAssertive": 9.821, "bus_lcCooperative": 0.833, "bus_lcLookaheadLeft": 94.5596, "bus_lcPushy": 0.8446, "bus_lcSigma": 0.6204, "bus_lcSublane": 0.8142, "bus_sigma": 0.6073, "bus_tau_mean": 3.0869, "bus_tau_std": 1.7697, "bus_v_mean": 14.3074, "bus_v_std": 8.8326, "car_acc": 2.3645, "car_dcc": 2.3622, "car_lcAssertive": 23.2987, "car_lcCooperative": 0.508, "car_lcLookaheadLeft": 20.7598, "car_lcPushy": 0.5568, "car_lcSigma": 0.2555, "car_lcSublane": 0.8363, "car_sigma": 0.3307, "car_tau_mean": 0.6208, "car_tau_std": 9.1015, "car_v_mean": 8.4926, "car_v_std": 4.1313}, "datetime": {"datetime": "2024-08-07 10:44:43", "elapsed": 4585.86246, "delta": 27.000279}}
{"target": -0.3273928544041577, "params": {"bus_acc": 2.7714, "bus_dcc": 2.056, "bus_lcAssertive": 7.3139, "bus_lcCooperative": 0.1669, "bus_lcLookaheadLeft": 72.9857, "bus_lcPushy": 0.1223, "bus_lcSigma": 0.3343, "bus_lcSublane": 0.8956, "bus_sigma": 0.1911, "bus_tau_mean": 1.079, "bus_tau_std": 0.0108, "bus_v_mean": 8.2807, "bus_v_std": 4.3636, "car_acc": 1.9751, "car_dcc": 2.1225, "car_lcAssertive": 53.7684, "car_lcCooperative": 0.0127, "car_lcLookaheadLeft": 98.3381, "car_lcPushy": 0.9253, "car_lcSigma": 0.4613, "car_lcSublane": 0.1569, "car_sigma": 0.0943, "car_tau_mean": 1.8886, "car_tau_std": 6.5031, "car_v_mean": 14.7412, "car_v_std": 2.7738}, "datetime": {"datetime": "2024-08-07 10:45:02", "elapsed": 4605.295344, "delta": 19.432884}}
{"target": -0.3078401309513498, "params": {"bus_acc": 1.3995, "bus_dcc": 2.5211, "bus_lcAssertive": 64.0913, "bus_lcCooperative": 0.995, "bus_lcLookaheadLeft": 81.1465, "bus_lcPushy": 0.4812, "bus_lcSigma": 0.7864, "bus_lcSublane": 0.8997, "bus_sigma": 0.7904, "bus_tau_mean": 3.2287, "bus_tau_std": 8.5832, "bus_v_mean": 8.8567, "bus_v_std": 0.8274, "car_acc": 1.3686, "car_dcc": 3.7749, "car_lcAssertive": 74.8145, "car_lcCooperative": 0.753, "car_lcLookaheadLeft": 49.301, "car_lcPushy": 0.7309, "car_lcSigma": 0.3802, "car_lcSublane": 0.934, "car_sigma": 0.2797, "car_tau_mean": 3.0459, "car_tau_std": 5.6374, "car_v_mean": 17.1815, "car_v_std": 0.1175}, "datetime": {"datetime": "2024-08-07 10:45:26", "elapsed": 4629.032874, "delta": 23.73753}}
{"target": -0.31436387076149314, "params": {"bus_acc": 1.8673, "bus_dcc": 1.2005, "bus_lcAssertive": 98.1672, "bus_lcCooperative": 0.6432, "bus_lcLookaheadLeft": 78.1633, "bus_lcPushy": 0.166, "bus_lcSigma": 0.3464, "bus_lcSublane": 0.5443, "bus_sigma": 0.9894, "bus_tau_mean": 3.5193, "bus_tau_std": 9.5598, "bus_v_mean": 14.3523, "bus_v_std": 6.643, "car_acc": 1.0881, "car_dcc": 1.7114, "car_lcAssertive": 31.9164, "car_lcCooperative": 0.2025, "car_lcLookaheadLeft": 56.8707, "car_lcPushy": 0.2608, "car_lcSigma": 0.3956, "car_lcSublane": 0.078, "car_sigma": 0.1493, "car_tau_mean": 3.0489, "car_tau_std": 2.1548, "car_v_mean": 14.8334, "car_v_std": 1.5517}, "datetime": {"datetime": "2024-08-07 10:45:37", "elapsed": 4639.863949, "delta": 10.831075}}
{"target": -0.38783245514833026, "params": {"bus_acc": 1.2823, "bus_dcc": 2.0636, "bus_lcAssertive": 85.3903, "bus_lcCooperative": 0.3401, "bus_lcLookaheadLeft": 4.6487, "bus_lcPushy": 0.9587, "bus_lcSigma": 0.8046, "bus_lcSublane": 0.1362, "bus_sigma": 0.7862, "bus_tau_mean": 2.4286, "bus_tau_std": 9.3728, "bus_v_mean": 19.6844, "bus_v_std": 3.5623, "car_acc": 2.6092, "car_dcc": 2.666, "car_lcAssertive": 20.6589, "car_lcCooperative": 0.0761, "car_lcLookaheadLeft": 75.623, "car_lcPushy": 0.729, "car_lcSigma": 0.8952, "car_lcSublane": 0.5634, "car_sigma": 0.7776, "car_tau_mean": 1.3382, "car_tau_std": 2.0234, "car_v_mean": 14.1832, "car_v_std": 9.3034}, "datetime": {"datetime": "2024-08-07 10:45:42", "elapsed": 4644.761582, "delta": 4.897633}}
