{"target": -0.03524146972493561, "params": {"bus_acc": 2.85, "bus_dcc": 1.68, "bus_lcAssertive": 95.04, "bus_lcCooperative": 0.46, "bus_lcLookaheadLeft": 27.69, "bus_lcPushy": 0.45, "bus_lcSublane": 0.05, "bus_max_v": 25.84, "bus_tau_mean": 3.09, "bus_tau_std": 6.39, "car_acc": 1.16, "car_dcc": 1.46, "car_lcAssertive": 68.87, "car_lcCooperative": 0.41, "car_lcLookaheadLeft": 54.08, "car_lcPushy": 0.05, "car_lcSublane": 0.77, "car_max_v": 8.82, "car_tau_mean": 1.28, "car_tau_std": 6.57}, "datetime": {"datetime": "2024-08-04 12:42:17", "elapsed": 4012.049438, "delta": 3.598508}}
{"target": -0.03933705919951707, "params": {"bus_acc": 2.98, "bus_dcc": 3.05, "bus_lcAssertive": 16.66, "bus_lcCooperative": 0.99, "bus_lcLookaheadLeft": 63.85, "bus_lcPushy": 0.93, "bus_lcSublane": 0.2, "bus_max_v": 22.74, "bus_tau_mean": 0.96, "bus_tau_std": 8.03, "car_acc": 1.54, "car_dcc": 2.28, "car_lcAssertive": 82.81, "car_lcCooperative": 0.83, "car_lcLookaheadLeft": 37.09, "car_lcPushy": 0.25, "car_lcSublane": 0.35, "car_max_v": 28.28, "car_tau_mean": 3.79, "car_tau_std": 9.6}, "datetime": {"datetime": "2024-08-04 12:42:22", "elapsed": 4016.176026, "delta": 4.126588}}
{"target": -0.0517866814471303, "params": {"bus_acc": 1.21, "bus_dcc": 1.68, "bus_lcAssertive": 57.92, "bus_lcCooperative": 0.14, "bus_lcLookaheadLeft": 2.71, "bus_lcPushy": 0.95, "bus_lcSublane": 0.52, "bus_max_v": 20.24, "bus_tau_mean": 2.57, "bus_tau_std": 6.2, "car_acc": 1.74, "car_dcc": 2.48, "car_lcAssertive": 51.3, "car_lcCooperative": 0.51, "car_lcLookaheadLeft": 7.6, "car_lcPushy": 0.81, "car_lcSublane": 0.33, "car_max_v": 25.1, "car_tau_mean": 0.89, "car_tau_std": 9.5}, "datetime": {"datetime": "2024-08-04 12:42:25", "elapsed": 4019.816733, "delta": 3.640707}}
{"target": -0.07695998311687342, "params": {"bus_acc": 2.34, "bus_dcc": 1.32, "bus_lcAssertive": 9.0, "bus_lcCooperative": 0.82, "bus_lcLookaheadLeft": 14.28, "bus_lcPushy": 1.0, "bus_lcSublane": 0.13, "bus_max_v": 8.54, "bus_tau_mean": 3.13, "bus_tau_std": 3.33, "car_acc": 2.8, "car_dcc": 1.74, "car_lcAssertive": 87.85, "car_lcCooperative": 0.8, "car_lcLookaheadLeft": 94.8, "car_lcPushy": 0.28, "car_lcSublane": 0.65, "car_max_v": 26.58, "car_tau_mean": 2.36, "car_tau_std": 6.56}, "datetime": {"datetime": "2024-08-04 12:42:37", "elapsed": 4031.674765, "delta": 11.858032}}
{"target": -0.04587949575269728, "params": {"bus_acc": 1.34, "bus_dcc": 3.69, "bus_lcAssertive": 4.68, "bus_lcCooperative": 0.33, "bus_lcLookaheadLeft": 65.62, "bus_lcPushy": 0.88, "bus_lcSublane": 0.64, "bus_max_v": 12.14, "bus_tau_mean": 2.13, "bus_tau_std": 2.84, "car_acc": 1.23, "car_dcc": 2.23, "car_lcAssertive": 12.32, "car_lcCooperative": 0.68, "car_lcLookaheadLeft": 47.08, "car_lcPushy": 0.47, "car_lcSublane": 0.35, "car_max_v": 21.48, "car_tau_mean": 3.71, "car_tau_std": 6.6}, "datetime": {"datetime": "2024-08-04 12:42:41", "elapsed": 4035.502101, "delta": 3.827336}}
{"target": -0.04862407409142056, "params": {"bus_acc": 1.38, "bus_dcc": 3.02, "bus_lcAssertive": 1.22, "bus_lcCooperative": 0.68, "bus_lcLookaheadLeft": 42.74, "bus_lcPushy": 0.37, "bus_lcSublane": 0.52, "bus_max_v": 22.35, "bus_tau_mean": 2.78, "bus_tau_std": 8.4, "car_acc": 1.38, "car_dcc": 3.56, "car_lcAssertive": 11.85, "car_lcCooperative": 0.53, "car_lcLookaheadLeft": 16.61, "car_lcPushy": 0.91, "car_lcSublane": 0.83, "car_max_v": 25.8, "car_tau_mean": 1.63, "car_tau_std": 2.8}, "datetime": {"datetime": "2024-08-04 12:42:45", "elapsed": 4039.183702, "delta": 3.681601}}
{"target": -0.051048749539170095, "params": {"bus_acc": 1.51, "bus_dcc": 3.04, "bus_lcAssertive": 89.83, "bus_lcCooperative": 0.68, "bus_lcLookaheadLeft": 75.29, "bus_lcPushy": 0.12, "bus_lcSublane": 0.43, "bus_max_v": 27.05, "bus_tau_mean": 2.87, "bus_tau_std": 0.07, "car_acc": 1.43, "car_dcc": 1.75, "car_lcAssertive": 93.37, "car_lcCooperative": 0.38, "car_lcLookaheadLeft": 26.23, "car_lcPushy": 0.85, "car_lcSublane": 0.88, "car_max_v": 25.06, "car_tau_mean": 2.8, "car_tau_std": 3.16}, "datetime": {"datetime": "2024-08-04 12:42:54", "elapsed": 4048.769244, "delta": 9.585542}}
{"target": -0.04976219609543703, "params": {"bus_acc": 2.7, "bus_dcc": 3.13, "bus_lcAssertive": 23.38, "bus_lcCooperative": 0.54, "bus_lcLookaheadLeft": 82.96, "bus_lcPushy": 0.37, "bus_lcSublane": 0.17, "bus_max_v": 21.46, "bus_tau_mean": 3.2, "bus_tau_std": 6.41, "car_acc": 2.3, "car_dcc": 1.0, "car_lcAssertive": 42.75, "car_lcCooperative": 0.55, "car_lcLookaheadLeft": 30.65, "car_lcPushy": 0.39, "car_lcSublane": 0.2, "car_max_v": 22.94, "car_tau_mean": 3.21, "car_tau_std": 7.23}, "datetime": {"datetime": "2024-08-04 12:43:07", "elapsed": 4061.703079, "delta": 12.933835}}
{"target": -0.049451776426790876, "params": {"bus_acc": 2.76, "bus_dcc": 1.32, "bus_lcAssertive": 80.86, "bus_lcCooperative": 0.03, "bus_lcLookaheadLeft": 5.46, "bus_lcPushy": 0.67, "bus_lcSublane": 0.66, "bus_max_v": 19.28, "bus_tau_mean": 1.46, "bus_tau_std": 2.71, "car_acc": 1.65, "car_dcc": 3.02, "car_lcAssertive": 63.26, "car_lcCooperative": 0.23, "car_lcLookaheadLeft": 62.32, "car_lcPushy": 0.01, "car_lcSublane": 0.72, "car_max_v": 13.95, "car_tau_mean": 3.61, "car_tau_std": 9.09}, "datetime": {"datetime": "2024-08-04 12:43:11", "elapsed": 4065.971127, "delta": 4.268048}}
{"target": -0.033856881454268226, "params": {"bus_acc": 2.46, "bus_dcc": 2.24, "bus_lcAssertive": 27.23, "bus_lcCooperative": 0.12, "bus_lcLookaheadLeft": 59.47, "bus_lcPushy": 0.89, "bus_lcSublane": 0.7, "bus_max_v": 28.45, "bus_tau_mean": 3.81, "bus_tau_std": 4.26, "car_acc": 1.38, "car_dcc": 1.31, "car_lcAssertive": 5.61, "car_lcCooperative": 0.86, "car_lcLookaheadLeft": 99.04, "car_lcPushy": 0.4, "car_lcSublane": 0.98, "car_max_v": 9.6, "car_tau_mean": 0.62, "car_tau_std": 9.13}, "datetime": {"datetime": "2024-08-04 12:43:28", "elapsed": 4082.173783, "delta": 16.202656}}
{"target": -0.0451511989648496, "params": {"bus_acc": 1.9, "bus_dcc": 2.98, "bus_lcAssertive": 17.59, "bus_lcCooperative": 0.91, "bus_lcLookaheadLeft": 91.57, "bus_lcPushy": 0.44, "bus_lcSublane": 0.64, "bus_max_v": 28.69, "bus_tau_mean": 0.87, "bus_tau_std": 5.41, "car_acc": 2.31, "car_dcc": 1.42, "car_lcAssertive": 59.81, "car_lcCooperative": 0.14, "car_lcLookaheadLeft": 11.14, "car_lcPushy": 0.76, "car_lcSublane": 0.66, "car_max_v": 10.52, "car_tau_mean": 1.49, "car_tau_std": 2.11}, "datetime": {"datetime": "2024-08-04 12:43:31", "elapsed": 4085.685454, "delta": 3.511671}}
{"target": -0.0475524367774157, "params": {"bus_acc": 2.12, "bus_dcc": 1.69, "bus_lcAssertive": 80.07, "bus_lcCooperative": 0.72, "bus_lcLookaheadLeft": 67.6, "bus_lcPushy": 0.29, "bus_lcSublane": 0.64, "bus_max_v": 16.37, "bus_tau_mean": 0.88, "bus_tau_std": 9.48, "car_acc": 1.41, "car_dcc": 1.98, "car_lcAssertive": 83.23, "car_lcCooperative": 0.59, "car_lcLookaheadLeft": 71.59, "car_lcPushy": 0.3, "car_lcSublane": 0.16, "car_max_v": 15.0, "car_tau_mean": 0.98, "car_tau_std": 8.28}, "datetime": {"datetime": "2024-08-04 12:43:35", "elapsed": 4089.671804, "delta": 3.98635}}
{"target": -0.03892526928554398, "params": {"bus_acc": 1.43, "bus_dcc": 2.27, "bus_lcAssertive": 89.13, "bus_lcCooperative": 0.49, "bus_lcLookaheadLeft": 52.76, "bus_lcPushy": 0.68, "bus_lcSublane": 0.8, "bus_max_v": 27.14, "bus_tau_mean": 3.75, "bus_tau_std": 0.23, "car_acc": 1.37, "car_dcc": 3.33, "car_lcAssertive": 2.52, "car_lcCooperative": 0.73, "car_lcLookaheadLeft": 86.34, "car_lcPushy": 0.77, "car_lcSublane": 0.07, "car_max_v": 20.17, "car_tau_mean": 1.66, "car_tau_std": 1.94}, "datetime": {"datetime": "2024-08-04 12:43:38", "elapsed": 4092.721062, "delta": 3.049258}}
{"target": -0.05079523290049701, "params": {"bus_acc": 1.48, "bus_dcc": 3.23, "bus_lcAssertive": 88.37, "bus_lcCooperative": 0.93, "bus_lcLookaheadLeft": 9.45, "bus_lcPushy": 0.45, "bus_lcSublane": 0.31, "bus_max_v": 26.64, "bus_tau_mean": 0.99, "bus_tau_std": 5.52, "car_acc": 1.61, "car_dcc": 1.16, "car_lcAssertive": 59.26, "car_lcCooperative": 0.85, "car_lcLookaheadLeft": 50.41, "car_lcPushy": 0.5, "car_lcSublane": 0.79, "car_max_v": 18.09, "car_tau_mean": 3.21, "car_tau_std": 8.08}, "datetime": {"datetime": "2024-08-04 12:43:49", "elapsed": 4103.580384, "delta": 10.859322}}
{"target": -0.043172846196020936, "params": {"bus_acc": 1.6, "bus_dcc": 2.58, "bus_lcAssertive": 89.77, "bus_lcCooperative": 0.74, "bus_lcLookaheadLeft": 50.14, "bus_lcPushy": 0.35, "bus_lcSublane": 0.96, "bus_max_v": 22.05, "bus_tau_mean": 1.73, "bus_tau_std": 1.78, "car_acc": 1.09, "car_dcc": 3.44, "car_lcAssertive": 42.67, "car_lcCooperative": 0.36, "car_lcLookaheadLeft": 26.43, "car_lcPushy": 0.12, "car_lcSublane": 0.61, "car_max_v": 15.22, "car_tau_mean": 3.22, "car_tau_std": 2.07}, "datetime": {"datetime": "2024-08-04 12:44:00", "elapsed": 4114.498393, "delta": 10.918009}}
{"target": -0.044853616004790826, "params": {"bus_acc": 2.16, "bus_dcc": 2.59, "bus_lcAssertive": 72.52, "bus_lcCooperative": 0.11, "bus_lcLookaheadLeft": 51.55, "bus_lcPushy": 0.48, "bus_lcSublane": 0.91, "bus_max_v": 14.93, "bus_tau_mean": 1.66, "bus_tau_std": 5.96, "car_acc": 2.29, "car_dcc": 2.32, "car_lcAssertive": 12.25, "car_lcCooperative": 0.93, "car_lcLookaheadLeft": 38.62, "car_lcPushy": 0.64, "car_lcSublane": 0.13, "car_max_v": 10.33, "car_tau_mean": 3.59, "car_tau_std": 9.55}, "datetime": {"datetime": "2024-08-04 12:44:08", "elapsed": 4122.362455, "delta": 7.864062}}
{"target": -0.05242860397638464, "params": {"bus_acc": 2.13, "bus_dcc": 1.44, "bus_lcAssertive": 79.35, "bus_lcCooperative": 0.56, "bus_lcLookaheadLeft": 82.38, "bus_lcPushy": 0.81, "bus_lcSublane": 0.32, "bus_max_v": 28.15, "bus_tau_mean": 3.86, "bus_tau_std": 0.21, "car_acc": 1.69, "car_dcc": 3.07, "car_lcAssertive": 25.63, "car_lcCooperative": 0.65, "car_lcLookaheadLeft": 40.59, "car_lcPushy": 0.14, "car_lcSublane": 0.44, "car_max_v": 23.7, "car_tau_mean": 2.18, "car_tau_std": 5.21}, "datetime": {"datetime": "2024-08-04 12:44:12", "elapsed": 4126.44694, "delta": 4.084485}}
{"target": -0.05918237568236895, "params": {"bus_acc": 1.84, "bus_dcc": 1.81, "bus_lcAssertive": 54.15, "bus_lcCooperative": 0.97, "bus_lcLookaheadLeft": 58.14, "bus_lcPushy": 0.38, "bus_lcSublane": 0.66, "bus_max_v": 22.0, "bus_tau_mean": 1.32, "bus_tau_std": 6.63, "car_acc": 2.81, "car_dcc": 3.89, "car_lcAssertive": 91.12, "car_lcCooperative": 0.2, "car_lcLookaheadLeft": 53.28, "car_lcPushy": 0.8, "car_lcSublane": 0.01, "car_max_v": 13.75, "car_tau_mean": 0.92, "car_tau_std": 0.8}, "datetime": {"datetime": "2024-08-04 12:44:20", "elapsed": 4134.124591, "delta": 7.677651}}
{"target": -0.05580259336589616, "params": {"bus_acc": 2.97, "bus_dcc": 1.24, "bus_lcAssertive": 82.12, "bus_lcCooperative": 0.12, "bus_lcLookaheadLeft": 64.0, "bus_lcPushy": 0.83, "bus_lcSublane": 0.81, "bus_max_v": 28.0, "bus_tau_mean": 2.86, "bus_tau_std": 6.03, "car_acc": 2.67, "car_dcc": 1.65, "car_lcAssertive": 84.0, "car_lcCooperative": 0.83, "car_lcLookaheadLeft": 10.06, "car_lcPushy": 0.49, "car_lcSublane": 0.53, "car_max_v": 24.66, "car_tau_mean": 3.4, "car_tau_std": 2.11}, "datetime": {"datetime": "2024-08-04 12:44:23", "elapsed": 4137.946449, "delta": 3.821858}}
{"target": -0.05465023790200078, "params": {"bus_acc": 1.68, "bus_dcc": 2.14, "bus_lcAssertive": 92.9, "bus_lcCooperative": 0.24, "bus_lcLookaheadLeft": 49.11, "bus_lcPushy": 0.19, "bus_lcSublane": 0.51, "bus_max_v": 29.07, "bus_tau_mean": 2.44, "bus_tau_std": 7.2, "car_acc": 1.71, "car_dcc": 3.93, "car_lcAssertive": 83.26, "car_lcCooperative": 0.58, "car_lcLookaheadLeft": 82.15, "car_lcPushy": 0.37, "car_lcSublane": 0.42, "car_max_v": 18.63, "car_tau_mean": 3.79, "car_tau_std": 3.0}, "datetime": {"datetime": "2024-08-04 12:44:28", "elapsed": 4142.47427, "delta": 4.527821}}
{"target": -0.051012898469017104, "params": {"bus_acc": 1.13, "bus_dcc": 2.39, "bus_lcAssertive": 25.87, "bus_lcCooperative": 0.09, "bus_lcLookaheadLeft": 44.5, "bus_lcPushy": 0.08, "bus_lcSublane": 0.57, "bus_max_v": 21.42, "bus_tau_mean": 0.91, "bus_tau_std": 9.21, "car_acc": 2.32, "car_dcc": 3.59, "car_lcAssertive": 12.09, "car_lcCooperative": 0.49, "car_lcLookaheadLeft": 59.65, "car_lcPushy": 0.1, "car_lcSublane": 0.6, "car_max_v": 21.94, "car_tau_mean": 3.15, "car_tau_std": 2.4}, "datetime": {"datetime": "2024-08-04 12:44:35", "elapsed": 4150.092524, "delta": 7.618254}}
{"target": -0.0592682966917396, "params": {"bus_acc": 2.3, "bus_dcc": 3.2, "bus_lcAssertive": 91.77, "bus_lcCooperative": 0.73, "bus_lcLookaheadLeft": 43.12, "bus_lcPushy": 0.69, "bus_lcSublane": 0.36, "bus_max_v": 17.57, "bus_tau_mean": 0.94, "bus_tau_std": 4.07, "car_acc": 2.67, "car_dcc": 2.82, "car_lcAssertive": 14.46, "car_lcCooperative": 0.37, "car_lcLookaheadLeft": 64.37, "car_lcPushy": 0.05, "car_lcSublane": 0.61, "car_max_v": 27.04, "car_tau_mean": 2.68, "car_tau_std": 0.74}, "datetime": {"datetime": "2024-08-04 12:44:49", "elapsed": 4164.03315, "delta": 13.940626}}
{"target": -0.04710404349389483, "params": {"bus_acc": 1.44, "bus_dcc": 2.28, "bus_lcAssertive": 3.25, "bus_lcCooperative": 0.64, "bus_lcLookaheadLeft": 83.76, "bus_lcPushy": 0.69, "bus_lcSublane": 0.5, "bus_max_v": 26.06, "bus_tau_mean": 2.5, "bus_tau_std": 5.29, "car_acc": 2.71, "car_dcc": 3.61, "car_lcAssertive": 63.08, "car_lcCooperative": 0.2, "car_lcLookaheadLeft": 46.57, "car_lcPushy": 0.61, "car_lcSublane": 0.6, "car_max_v": 11.55, "car_tau_mean": 3.87, "car_tau_std": 9.96}, "datetime": {"datetime": "2024-08-04 12:44:53", "elapsed": 4167.938421, "delta": 3.905271}}
{"target": -0.05394295011722474, "params": {"bus_acc": 2.37, "bus_dcc": 1.61, "bus_lcAssertive": 70.83, "bus_lcCooperative": 0.46, "bus_lcLookaheadLeft": 54.22, "bus_lcPushy": 0.01, "bus_lcSublane": 0.93, "bus_max_v": 12.71, "bus_tau_mean": 3.58, "bus_tau_std": 3.31, "car_acc": 1.51, "car_dcc": 2.4, "car_lcAssertive": 91.13, "car_lcCooperative": 0.24, "car_lcLookaheadLeft": 58.48, "car_lcPushy": 1.0, "car_lcSublane": 0.89, "car_max_v": 28.04, "car_tau_mean": 3.57, "car_tau_std": 5.28}, "datetime": {"datetime": "2024-08-04 12:45:00", "elapsed": 4174.856018, "delta": 6.917597}}
{"target": -0.04978443822457476, "params": {"bus_acc": 1.67, "bus_dcc": 3.81, "bus_lcAssertive": 60.94, "bus_lcCooperative": 0.44, "bus_lcLookaheadLeft": 85.2, "bus_lcPushy": 0.5, "bus_lcSublane": 0.82, "bus_max_v": 14.88, "bus_tau_mean": 3.81, "bus_tau_std": 5.79, "car_acc": 1.31, "car_dcc": 3.27, "car_lcAssertive": 94.65, "car_lcCooperative": 0.14, "car_lcLookaheadLeft": 21.4, "car_lcPushy": 0.26, "car_lcSublane": 0.46, "car_max_v": 28.88, "car_tau_mean": 3.11, "car_tau_std": 8.33}, "datetime": {"datetime": "2024-08-04 12:45:04", "elapsed": 4178.668431, "delta": 3.812413}}
{"target": -0.05207350091316058, "params": {"bus_acc": 1.34, "bus_dcc": 3.0, "bus_lcAssertive": 11.44, "bus_lcCooperative": 0.11, "bus_lcLookaheadLeft": 19.93, "bus_lcPushy": 0.01, "bus_lcSublane": 0.41, "bus_max_v": 23.19, "bus_tau_mean": 1.21, "bus_tau_std": 9.03, "car_acc": 2.22, "car_dcc": 2.72, "car_lcAssertive": 97.99, "car_lcCooperative": 0.84, "car_lcLookaheadLeft": 4.08, "car_lcPushy": 0.4, "car_lcSublane": 0.19, "car_max_v": 17.26, "car_tau_mean": 3.69, "car_tau_std": 5.26}, "datetime": {"datetime": "2024-08-04 12:45:21", "elapsed": 4195.877497, "delta": 17.209066}}
{"target": -0.05268317342564329, "params": {"bus_acc": 1.67, "bus_dcc": 3.55, "bus_lcAssertive": 59.31, "bus_lcCooperative": 0.9, "bus_lcLookaheadLeft": 64.27, "bus_lcPushy": 0.1, "bus_lcSublane": 0.69, "bus_max_v": 28.74, "bus_tau_mean": 0.73, "bus_tau_std": 2.5, "car_acc": 1.81, "car_dcc": 1.26, "car_lcAssertive": 45.85, "car_lcCooperative": 0.42, "car_lcLookaheadLeft": 45.53, "car_lcPushy": 0.42, "car_lcSublane": 0.81, "car_max_v": 26.44, "car_tau_mean": 1.81, "car_tau_std": 6.36}, "datetime": {"datetime": "2024-08-04 12:45:30", "elapsed": 4204.34679, "delta": 8.469293}}
{"target": -0.04896261444968855, "params": {"bus_acc": 2.12, "bus_dcc": 2.96, "bus_lcAssertive": 76.23, "bus_lcCooperative": 0.55, "bus_lcLookaheadLeft": 59.51, "bus_lcPushy": 0.22, "bus_lcSublane": 0.85, "bus_max_v": 27.69, "bus_tau_mean": 3.96, "bus_tau_std": 5.62, "car_acc": 1.25, "car_dcc": 2.36, "car_lcAssertive": 63.94, "car_lcCooperative": 0.94, "car_lcLookaheadLeft": 57.81, "car_lcPushy": 0.05, "car_lcSublane": 0.33, "car_max_v": 24.72, "car_tau_mean": 3.23, "car_tau_std": 7.99}, "datetime": {"datetime": "2024-08-04 12:45:34", "elapsed": 4208.229084, "delta": 3.882294}}
{"target": -0.05343690020510936, "params": {"bus_acc": 2.32, "bus_dcc": 1.94, "bus_lcAssertive": 40.38, "bus_lcCooperative": 0.06, "bus_lcLookaheadLeft": 60.01, "bus_lcPushy": 0.69, "bus_lcSublane": 0.47, "bus_max_v": 15.37, "bus_tau_mean": 3.29, "bus_tau_std": 0.03, "car_acc": 2.79, "car_dcc": 3.8, "car_lcAssertive": 14.19, "car_lcCooperative": 0.46, "car_lcLookaheadLeft": 69.87, "car_lcPushy": 0.23, "car_lcSublane": 0.87, "car_max_v": 28.77, "car_tau_mean": 2.23, "car_tau_std": 8.46}, "datetime": {"datetime": "2024-08-04 12:45:37", "elapsed": 4211.114051, "delta": 2.884967}}
{"target": -0.059449044649756776, "params": {"bus_acc": 1.87, "bus_dcc": 3.65, "bus_lcAssertive": 28.68, "bus_lcCooperative": 0.8, "bus_lcLookaheadLeft": 96.69, "bus_lcPushy": 0.19, "bus_lcSublane": 0.94, "bus_max_v": 26.07, "bus_tau_mean": 1.94, "bus_tau_std": 6.33, "car_acc": 2.82, "car_dcc": 3.39, "car_lcAssertive": 5.75, "car_lcCooperative": 0.88, "car_lcLookaheadLeft": 73.73, "car_lcPushy": 0.71, "car_lcSublane": 0.58, "car_max_v": 17.33, "car_tau_mean": 0.98, "car_tau_std": 0.31}, "datetime": {"datetime": "2024-08-04 12:45:41", "elapsed": 4215.25507, "delta": 4.141019}}
{"target": -0.06874475576639287, "params": {"bus_acc": 2.55, "bus_dcc": 1.13, "bus_lcAssertive": 83.48, "bus_lcCooperative": 0.72, "bus_lcLookaheadLeft": 93.41, "bus_lcPushy": 0.1, "bus_lcSublane": 0.27, "bus_max_v": 28.23, "bus_tau_mean": 3.06, "bus_tau_std": 9.31, "car_acc": 1.4, "car_dcc": 1.8, "car_lcAssertive": 16.19, "car_lcCooperative": 0.76, "car_lcLookaheadLeft": 19.35, "car_lcPushy": 0.26, "car_lcSublane": 0.68, "car_max_v": 8.83, "car_tau_mean": 2.06, "car_tau_std": 2.02}, "datetime": {"datetime": "2024-08-04 12:45:44", "elapsed": 4218.375255, "delta": 3.120185}}
{"target": -0.04499994882398586, "params": {"bus_acc": 2.4, "bus_dcc": 3.22, "bus_lcAssertive": 94.58, "bus_lcCooperative": 0.48, "bus_lcLookaheadLeft": 3.44, "bus_lcPushy": 0.2, "bus_lcSublane": 0.76, "bus_max_v": 16.55, "bus_tau_mean": 2.35, "bus_tau_std": 1.57, "car_acc": 1.38, "car_dcc": 3.21, "car_lcAssertive": 10.98, "car_lcCooperative": 0.07, "car_lcLookaheadLeft": 4.44, "car_lcPushy": 0.15, "car_lcSublane": 0.61, "car_max_v": 14.47, "car_tau_mean": 3.95, "car_tau_std": 5.37}, "datetime": {"datetime": "2024-08-04 12:45:47", "elapsed": 4221.88605, "delta": 3.510795}}
{"target": -0.04995715111346357, "params": {"bus_acc": 1.62, "bus_dcc": 1.19, "bus_lcAssertive": 87.6, "bus_lcCooperative": 0.57, "bus_lcLookaheadLeft": 52.54, "bus_lcPushy": 0.53, "bus_lcSublane": 0.21, "bus_max_v": 12.22, "bus_tau_mean": 1.73, "bus_tau_std": 1.1, "car_acc": 2.49, "car_dcc": 2.13, "car_lcAssertive": 60.22, "car_lcCooperative": 0.42, "car_lcLookaheadLeft": 79.42, "car_lcPushy": 0.5, "car_lcSublane": 0.91, "car_max_v": 13.61, "car_tau_mean": 0.92, "car_tau_std": 4.54}, "datetime": {"datetime": "2024-08-04 12:45:51", "elapsed": 4225.110373, "delta": 3.224323}}
{"target": -0.054237027370475054, "params": {"bus_acc": 1.92, "bus_dcc": 1.54, "bus_lcAssertive": 82.76, "bus_lcCooperative": 0.45, "bus_lcLookaheadLeft": 78.81, "bus_lcPushy": 0.91, "bus_lcSublane": 0.62, "bus_max_v": 29.97, "bus_tau_mean": 3.14, "bus_tau_std": 2.14, "car_acc": 1.92, "car_dcc": 1.91, "car_lcAssertive": 12.44, "car_lcCooperative": 0.43, "car_lcLookaheadLeft": 60.78, "car_lcPushy": 0.4, "car_lcSublane": 0.83, "car_max_v": 22.18, "car_tau_mean": 3.48, "car_tau_std": 10.0}, "datetime": {"datetime": "2024-08-04 12:45:54", "elapsed": 4228.74564, "delta": 3.635267}}
{"target": -0.06200150151711126, "params": {"bus_acc": 2.08, "bus_dcc": 1.6, "bus_lcAssertive": 37.71, "bus_lcCooperative": 0.95, "bus_lcLookaheadLeft": 60.52, "bus_lcPushy": 0.23, "bus_lcSublane": 0.22, "bus_max_v": 8.79, "bus_tau_mean": 3.05, "bus_tau_std": 0.98, "car_acc": 2.22, "car_dcc": 1.21, "car_lcAssertive": 57.17, "car_lcCooperative": 0.01, "car_lcLookaheadLeft": 36.43, "car_lcPushy": 0.81, "car_lcSublane": 0.08, "car_max_v": 8.02, "car_tau_mean": 2.74, "car_tau_std": 2.98}, "datetime": {"datetime": "2024-08-04 12:45:57", "elapsed": 4231.543823, "delta": 2.798183}}
{"target": -0.05438868149769571, "params": {"bus_acc": 2.24, "bus_dcc": 3.16, "bus_lcAssertive": 41.72, "bus_lcCooperative": 0.58, "bus_lcLookaheadLeft": 32.18, "bus_lcPushy": 0.82, "bus_lcSublane": 0.33, "bus_max_v": 16.52, "bus_tau_mean": 2.29, "bus_tau_std": 0.18, "car_acc": 1.77, "car_dcc": 2.4, "car_lcAssertive": 10.36, "car_lcCooperative": 0.11, "car_lcLookaheadLeft": 92.45, "car_lcPushy": 0.97, "car_lcSublane": 0.28, "car_max_v": 29.96, "car_tau_mean": 3.97, "car_tau_std": 4.78}, "datetime": {"datetime": "2024-08-04 12:46:17", "elapsed": 4251.70376, "delta": 20.159937}}
{"target": -0.0482478115622825, "params": {"bus_acc": 2.86, "bus_dcc": 2.79, "bus_lcAssertive": 10.18, "bus_lcCooperative": 0.5, "bus_lcLookaheadLeft": 83.41, "bus_lcPushy": 0.19, "bus_lcSublane": 0.45, "bus_max_v": 9.18, "bus_tau_mean": 0.55, "bus_tau_std": 7.05, "car_acc": 2.22, "car_dcc": 3.16, "car_lcAssertive": 53.42, "car_lcCooperative": 0.55, "car_lcLookaheadLeft": 76.71, "car_lcPushy": 0.74, "car_lcSublane": 0.06, "car_max_v": 10.34, "car_tau_mean": 4.0, "car_tau_std": 6.49}, "datetime": {"datetime": "2024-08-04 12:46:25", "elapsed": 4259.815133, "delta": 8.111373}}
