{"target": -0.35195936337098677, "params": {"bus_acc": 1.8639, "bus_dcc": 1.9935, "bus_lcAssertive": 27.7765, "bus_lcCooperative": 0.5586, "bus_lcLookaheadLeft": 19.8221, "bus_lcPushy": 0.4613, "bus_lcSigma": 0.8936, "bus_lcSpeedGainRight": 2.4207, "bus_lcSublane": 0.6467, "bus_sigma": 0.3755, "bus_tau_mean": 1.0874, "bus_tau_std": 9.3221, "bus_v_mean": 19.3088, "bus_v_std": 8.6413, "car_acc": 2.552, "car_dcc": 3.6196, "car_lcAssertive": 33.3264, "car_lcCooperative": 0.9317, "car_lcLookaheadLeft": 55.162, "car_lcPushy": 0.2743, "car_lcSigma": 0.4996, "car_lcSpeedGainRight": 3.5354, "car_lcSublane": 0.0973, "car_sigma": 0.1937, "car_tau_mean": 3.7121, "car_tau_std": 2.1408, "car_v_mean": 14.1033, "car_v_std": 7.4498}, "datetime": {"datetime": "2024-08-08 11:13:26", "elapsed": 4686.067352, "delta": 5.39859}}
{"target": -0.34434004668450635, "params": {"bus_acc": 2.3996, "bus_dcc": 1.5671, "bus_lcAssertive": 49.1269, "bus_lcCooperative": 0.9746, "bus_lcLookaheadLeft": 47.6178, "bus_lcPushy": 0.6022, "bus_lcSigma": 0.7046, "bus_lcSpeedGainRight": 0.7698, "bus_lcSublane": 0.4253, "bus_sigma": 0.0427, "bus_tau_mean": 3.7179, "bus_tau_std": 0.528, "bus_v_mean": 15.9929, "bus_v_std": 18.1443, "car_acc": 2.9642, "car_dcc": 1.7638, "car_lcAssertive": 94.6459, "car_lcCooperative": 0.5926, "car_lcLookaheadLeft": 47.3177, "car_lcPushy": 0.1439, "car_lcSigma": 0.7156, "car_lcSpeedGainRight": 3.8723, "car_lcSublane": 0.8196, "car_sigma": 0.8189, "car_tau_mean": 2.3937, "car_tau_std": 2.8228, "car_v_mean": 13.4394, "car_v_std": 7.7247}, "datetime": {"datetime": "2024-08-08 11:13:29", "elapsed": 4689.312944, "delta": 3.245592}}
{"target": -0.30854626773331284, "params": {"bus_acc": 1.1922, "bus_dcc": 2.792, "bus_lcAssertive": 2.4937, "bus_lcCooperative": 0.0551, "bus_lcLookaheadLeft": 73.414, "bus_lcPushy": 0.8111, "bus_lcSigma": 0.479, "bus_lcSpeedGainRight": 3.268, "bus_lcSublane": 0.8583, "bus_sigma": 0.5005, "bus_tau_mean": 1.9339, "bus_tau_std": 4.3145, "bus_v_mean": 19.8252, "bus_v_std": 7.3254, "car_acc": 2.7414, "car_dcc": 1.4253, "car_lcAssertive": 34.7089, "car_lcCooperative": 0.5656, "car_lcLookaheadLeft": 54.4097, "car_lcPushy": 0.2568, "car_lcSigma": 0.9073, "car_lcSpeedGainRight": 0.6316, "car_lcSublane": 0.3445, "car_sigma": 0.3516, "car_tau_mean": 2.6541, "car_tau_std": 5.3787, "car_v_mean": 10.0492, "car_v_std": 19.738}, "datetime": {"datetime": "2024-08-08 11:13:34", "elapsed": 4694.868688, "delta": 5.555744}}
{"target": -0.37310969318651677, "params": {"bus_acc": 2.6782, "bus_dcc": 1.7866, "bus_lcAssertive": 13.1322, "bus_lcCooperative": 0.7069, "bus_lcLookaheadLeft": 72.6805, "bus_lcPushy": 0.7815, "bus_lcSigma": 0.4594, "bus_lcSpeedGainRight": 1.0344, "bus_lcSublane": 0.7857, "bus_sigma": 0.6013, "bus_tau_mean": 2.4698, "bus_tau_std": 2.2843, "bus_v_mean": 22.9538, "bus_v_std": 14.4493, "car_acc": 1.5812, "car_dcc": 3.3814, "car_lcAssertive": 51.9641, "car_lcCooperative": 0.1978, "car_lcLookaheadLeft": 11.1793, "car_lcPushy": 0.4702, "car_lcSigma": 0.4445, "car_lcSpeedGainRight": 1.0959, "car_lcSublane": 0.1281, "car_sigma": 0.5968, "car_tau_mean": 3.4199, "car_tau_std": 1.6139, "car_v_mean": 23.8178, "car_v_std": 1.9639}, "datetime": {"datetime": "2024-08-08 11:13:44", "elapsed": 4704.813254, "delta": 9.944566}}
{"target": -0.35512856512994634, "params": {"bus_acc": 1.5516, "bus_dcc": 2.5002, "bus_lcAssertive": 79.9759, "bus_lcCooperative": 0.9617, "bus_lcLookaheadLeft": 22.7178, "bus_lcPushy": 0.5832, "bus_lcSigma": 0.7042, "bus_lcSpeedGainRight": 2.736, "bus_lcSublane": 0.5784, "bus_sigma": 0.4961, "bus_tau_mean": 0.6764, "bus_tau_std": 3.6753, "bus_v_mean": 16.5419, "bus_v_std": 18.0259, "car_acc": 2.0092, "car_dcc": 1.3207, "car_lcAssertive": 93.3394, "car_lcCooperative": 0.4945, "car_lcLookaheadLeft": 74.6421, "car_lcPushy": 0.1898, "car_lcSigma": 0.8383, "car_lcSpeedGainRight": 2.6982, "car_lcSublane": 0.3284, "car_sigma": 0.9018, "car_tau_mean": 1.8759, "car_tau_std": 4.0214, "car_v_mean": 12.5793, "car_v_std": 8.535}, "datetime": {"datetime": "2024-08-08 11:13:52", "elapsed": 4712.913769, "delta": 8.100515}}
{"target": -0.37946693882266813, "params": {"bus_acc": 1.6253, "bus_dcc": 2.5052, "bus_lcAssertive": 44.4363, "bus_lcCooperative": 0.3005, "bus_lcLookaheadLeft": 76.0008, "bus_lcPushy": 0.1444, "bus_lcSigma": 0.1675, "bus_lcSpeedGainRight": 1.7129, "bus_lcSublane": 0.0066, "bus_sigma": 0.2521, "bus_tau_mean": 1.0385, "bus_tau_std": 3.649, "bus_v_mean": 20.6854, "bus_v_std": 9.9258, "car_acc": 1.011, "car_dcc": 1.6172, "car_lcAssertive": 22.9389, "car_lcCooperative": 0.9956, "car_lcLookaheadLeft": 7.9135, "car_lcPushy": 0.6607, "car_lcSigma": 0.2541, "car_lcSpeedGainRight": 0.0679, "car_lcSublane": 0.9444, "car_sigma": 0.9506, "car_tau_mean": 3.3627, "car_tau_std": 9.7096, "car_v_mean": 9.1241, "car_v_std": 3.5739}, "datetime": {"datetime": "2024-08-08 11:14:01", "elapsed": 4721.447113, "delta": 8.533344}}
{"target": -0.3273529246668153, "params": {"bus_acc": 2.6369, "bus_dcc": 2.4397, "bus_lcAssertive": 60.6829, "bus_lcCooperative": 0.1126, "bus_lcLookaheadLeft": 99.5502, "bus_lcPushy": 0.8604, "bus_lcSigma": 0.0225, "bus_lcSpeedGainRight": 3.8029, "bus_lcSublane": 0.1494, "bus_sigma": 0.4578, "bus_tau_mean": 3.1006, "bus_tau_std": 6.2565, "bus_v_mean": 17.3399, "bus_v_std": 3.9782, "car_acc": 2.4931, "car_dcc": 1.3837, "car_lcAssertive": 41.0085, "car_lcCooperative": 0.0518, "car_lcLookaheadLeft": 36.1726, "car_lcPushy": 0.7795, "car_lcSigma": 0.624, "car_lcSpeedGainRight": 3.0762, "car_lcSublane": 0.1878, "car_sigma": 0.7468, "car_tau_mean": 3.2308, "car_tau_std": 7.0823, "car_v_mean": 16.4865, "car_v_std": 17.4539}, "datetime": {"datetime": "2024-08-08 11:14:04", "elapsed": 4724.457369, "delta": 3.010256}}
{"target": -0.3098864648451141, "params": {"bus_acc": 1.4084, "bus_dcc": 1.0325, "bus_lcAssertive": 16.1729, "bus_lcCooperative": 0.126, "bus_lcLookaheadLeft": 68.3702, "bus_lcPushy": 0.3482, "bus_lcSigma": 0.929, "bus_lcSpeedGainRight": 3.9755, "bus_lcSublane": 0.8232, "bus_sigma": 0.8163, "bus_tau_mean": 3.1453, "bus_tau_std": 8.8254, "bus_v_mean": 9.6224, "bus_v_std": 8.4717, "car_acc": 1.4277, "car_dcc": 1.1243, "car_lcAssertive": 35.7833, "car_lcCooperative": 0.9318, "car_lcLookaheadLeft": 34.4763, "car_lcPushy": 0.0932, "car_lcSigma": 0.7148, "car_lcSpeedGainRight": 0.5478, "car_lcSublane": 0.5475, "car_sigma": 0.0068, "car_tau_mean": 3.1935, "car_tau_std": 8.8817, "car_v_mean": 17.808, "car_v_std": 3.0494}, "datetime": {"datetime": "2024-08-08 11:14:19", "elapsed": 4739.744767, "delta": 15.287398}}
{"target": -0.34459272592952206, "params": {"bus_acc": 1.4047, "bus_dcc": 3.5092, "bus_lcAssertive": 12.5898, "bus_lcCooperative": 0.7616, "bus_lcLookaheadLeft": 20.8101, "bus_lcPushy": 0.3399, "bus_lcSigma": 0.6385, "bus_lcSpeedGainRight": 1.9568, "bus_lcSublane": 0.3566, "bus_sigma": 0.7387, "bus_tau_mean": 1.3778, "bus_tau_std": 9.5035, "bus_v_mean": 18.4993, "bus_v_std": 10.8277, "car_acc": 1.4249, "car_dcc": 2.5054, "car_lcAssertive": 93.2526, "car_lcCooperative": 0.5347, "car_lcLookaheadLeft": 57.9743, "car_lcPushy": 0.0565, "car_lcSigma": 0.8329, "car_lcSpeedGainRight": 2.0821, "car_lcSublane": 0.4849, "car_sigma": 0.3848, "car_tau_mean": 3.1704, "car_tau_std": 1.2732, "car_v_mean": 14.2418, "car_v_std": 13.5078}, "datetime": {"datetime": "2024-08-08 11:14:31", "elapsed": 4751.931719, "delta": 12.186952}}
{"target": -0.39063065342902503, "params": {"bus_acc": 2.0839, "bus_dcc": 1.7692, "bus_lcAssertive": 27.9239, "bus_lcCooperative": 0.1675, "bus_lcLookaheadLeft": 12.0013, "bus_lcPushy": 0.3171, "bus_lcSigma": 0.3914, "bus_lcSpeedGainRight": 0.4718, "bus_lcSublane": 0.6493, "bus_sigma": 0.8617, "bus_tau_mean": 2.0064, "bus_tau_std": 2.4044, "bus_v_mean": 22.6628, "bus_v_std": 10.8225, "car_acc": 1.1308, "car_dcc": 2.4847, "car_lcAssertive": 94.0557, "car_lcCooperative": 0.7963, "car_lcLookaheadLeft": 78.2119, "car_lcPushy": 0.406, "car_lcSigma": 0.8881, "car_lcSpeedGainRight": 0.653, "car_lcSublane": 0.1063, "car_sigma": 0.1366, "car_tau_mean": 2.5175, "car_tau_std": 0.9354, "car_v_mean": 18.5153, "car_v_std": 17.1671}, "datetime": {"datetime": "2024-08-08 11:14:34", "elapsed": 4754.660927, "delta": 2.729208}}
{"target": -0.3832821664605229, "params": {"bus_acc": 2.9068, "bus_dcc": 2.0435, "bus_lcAssertive": 54.9265, "bus_lcCooperative": 0.5627, "bus_lcLookaheadLeft": 91.5959, "bus_lcPushy": 0.2255, "bus_lcSigma": 0.7506, "bus_lcSpeedGainRight": 4.0285, "bus_lcSublane": 0.6872, "bus_sigma": 0.327, "bus_tau_mean": 3.1151, "bus_tau_std": 9.6345, "bus_v_mean": 20.4632, "bus_v_std": 6.5748, "car_acc": 1.8951, "car_dcc": 3.2678, "car_lcAssertive": 26.5002, "car_lcCooperative": 0.1345, "car_lcLookaheadLeft": 32.8411, "car_lcPushy": 0.4389, "car_lcSigma": 0.0302, "car_lcSpeedGainRight": 3.4519, "car_lcSublane": 0.9898, "car_sigma": 0.2533, "car_tau_mean": 2.3878, "car_tau_std": 5.7211, "car_v_mean": 20.0501, "car_v_std": 2.0145}, "datetime": {"datetime": "2024-08-08 11:14:37", "elapsed": 4757.783836, "delta": 3.122909}}
{"target": -0.3152491102756162, "params": {"bus_acc": 1.0058, "bus_dcc": 1.1707, "bus_lcAssertive": 30.1121, "bus_lcCooperative": 0.7301, "bus_lcLookaheadLeft": 54.3304, "bus_lcPushy": 0.112, "bus_lcSigma": 0.6741, "bus_lcSpeedGainRight": 1.9367, "bus_lcSublane": 0.2047, "bus_sigma": 0.4851, "bus_tau_mean": 3.1263, "bus_tau_std": 4.4136, "bus_v_mean": 9.1852, "bus_v_std": 11.7824, "car_acc": 2.9327, "car_dcc": 3.4451, "car_lcAssertive": 46.032, "car_lcCooperative": 0.1857, "car_lcLookaheadLeft": 72.4586, "car_lcPushy": 0.7922, "car_lcSigma": 0.3885, "car_lcSpeedGainRight": 4.3234, "car_lcSublane": 0.567, "car_sigma": 0.085, "car_tau_mean": 1.1225, "car_tau_std": 8.4232, "car_v_mean": 10.3206, "car_v_std": 11.8302}, "datetime": {"datetime": "2024-08-08 11:14:40", "elapsed": 4760.960954, "delta": 3.177118}}
{"target": -0.3722293063209531, "params": {"bus_acc": 1.9847, "bus_dcc": 3.4423, "bus_lcAssertive": 66.6011, "bus_lcCooperative": 0.8336, "bus_lcLookaheadLeft": 89.7286, "bus_lcPushy": 0.1984, "bus_lcSigma": 0.1309, "bus_lcSpeedGainRight": 3.6436, "bus_lcSublane": 0.8039, "bus_sigma": 0.4707, "bus_tau_mean": 2.8765, "bus_tau_std": 9.2783, "bus_v_mean": 20.9373, "bus_v_std": 3.5433, "car_acc": 1.5153, "car_dcc": 2.76, "car_lcAssertive": 98.929, "car_lcCooperative": 0.7982, "car_lcLookaheadLeft": 17.1309, "car_lcPushy": 0.6515, "car_lcSigma": 0.0297, "car_lcSpeedGainRight": 0.5975, "car_lcSublane": 0.9769, "car_sigma": 0.727, "car_tau_mean": 3.2363, "car_tau_std": 7.377, "car_v_mean": 16.3552, "car_v_std": 10.5368}, "datetime": {"datetime": "2024-08-08 11:14:47", "elapsed": 4767.194546, "delta": 6.233592}}
{"target": -0.3341599118708708, "params": {"bus_acc": 2.8949, "bus_dcc": 3.8352, "bus_lcAssertive": 82.0426, "bus_lcCooperative": 0.4451, "bus_lcLookaheadLeft": 59.7974, "bus_lcPushy": 0.0329, "bus_lcSigma": 0.0688, "bus_lcSpeedGainRight": 2.2442, "bus_lcSublane": 0.0353, "bus_sigma": 0.4453, "bus_tau_mean": 3.4369, "bus_tau_std": 5.2582, "bus_v_mean": 10.0733, "bus_v_std": 15.4501, "car_acc": 2.7632, "car_dcc": 1.369, "car_lcAssertive": 81.8183, "car_lcCooperative": 0.5026, "car_lcLookaheadLeft": 87.4418, "car_lcPushy": 0.2803, "car_lcSigma": 0.8643, "car_lcSpeedGainRight": 1.2199, "car_lcSublane": 0.9392, "car_sigma": 0.0074, "car_tau_mean": 3.9506, "car_tau_std": 7.5823, "car_v_mean": 19.5315, "car_v_std": 12.1496}, "datetime": {"datetime": "2024-08-08 11:14:51", "elapsed": 4771.585382, "delta": 4.390836}}
{"target": -0.372654173860316, "params": {"bus_acc": 1.8418, "bus_dcc": 2.366, "bus_lcAssertive": 73.844, "bus_lcCooperative": 0.9621, "bus_lcLookaheadLeft": 9.4394, "bus_lcPushy": 0.8466, "bus_lcSigma": 0.6162, "bus_lcSpeedGainRight": 1.4942, "bus_lcSublane": 0.2607, "bus_sigma": 0.378, "bus_tau_mean": 3.7159, "bus_tau_std": 3.64, "bus_v_mean": 21.4315, "bus_v_std": 7.1769, "car_acc": 1.8336, "car_dcc": 3.2535, "car_lcAssertive": 65.3463, "car_lcCooperative": 0.2837, "car_lcLookaheadLeft": 23.7435, "car_lcPushy": 0.1628, "car_lcSigma": 0.9462, "car_lcSpeedGainRight": 3.462, "car_lcSublane": 0.8397, "car_sigma": 0.9398, "car_tau_mean": 3.9706, "car_tau_std": 1.8759, "car_v_mean": 15.4398, "car_v_std": 12.5961}, "datetime": {"datetime": "2024-08-08 11:14:55", "elapsed": 4775.50481, "delta": 3.919428}}
{"target": -0.3621299799792537, "params": {"bus_acc": 2.1424, "bus_dcc": 1.1488, "bus_lcAssertive": 45.6288, "bus_lcCooperative": 0.9755, "bus_lcLookaheadLeft": 27.3597, "bus_lcPushy": 0.1185, "bus_lcSigma": 0.8892, "bus_lcSpeedGainRight": 2.4521, "bus_lcSublane": 0.3701, "bus_sigma": 0.1533, "bus_tau_mean": 1.2299, "bus_tau_std": 0.3785, "bus_v_mean": 22.7409, "bus_v_std": 9.3136, "car_acc": 2.583, "car_dcc": 2.5787, "car_lcAssertive": 88.874, "car_lcCooperative": 0.8761, "car_lcLookaheadLeft": 53.2422, "car_lcPushy": 0.7433, "car_lcSigma": 0.0578, "car_lcSpeedGainRight": 0.8018, "car_lcSublane": 0.3611, "car_sigma": 0.1163, "car_tau_mean": 0.9962, "car_tau_std": 6.6674, "car_v_mean": 20.7701, "car_v_std": 12.6684}, "datetime": {"datetime": "2024-08-08 11:14:59", "elapsed": 4779.370933, "delta": 3.866123}}
{"target": -0.3721720129657079, "params": {"bus_acc": 1.6538, "bus_dcc": 3.5879, "bus_lcAssertive": 4.8178, "bus_lcCooperative": 0.6603, "bus_lcLookaheadLeft": 80.0057, "bus_lcPushy": 0.7247, "bus_lcSigma": 0.3777, "bus_lcSpeedGainRight": 4.6294, "bus_lcSublane": 0.3201, "bus_sigma": 0.4216, "bus_tau_mean": 3.7981, "bus_tau_std": 3.6482, "bus_v_mean": 13.5833, "bus_v_std": 15.0516, "car_acc": 1.784, "car_dcc": 1.8427, "car_lcAssertive": 37.8464, "car_lcCooperative": 0.4408, "car_lcLookaheadLeft": 52.7905, "car_lcPushy": 0.8224, "car_lcSigma": 0.3641, "car_lcSpeedGainRight": 0.3807, "car_lcSublane": 0.1002, "car_sigma": 0.233, "car_tau_mean": 2.1887, "car_tau_std": 7.7834, "car_v_mean": 23.3414, "car_v_std": 0.926}, "datetime": {"datetime": "2024-08-08 11:15:04", "elapsed": 4784.792497, "delta": 5.421564}}
{"target": -0.35007662998931216, "params": {"bus_acc": 1.5546, "bus_dcc": 2.6365, "bus_lcAssertive": 61.2751, "bus_lcCooperative": 0.0915, "bus_lcLookaheadLeft": 20.9646, "bus_lcPushy": 0.0264, "bus_lcSigma": 0.8327, "bus_lcSpeedGainRight": 3.5152, "bus_lcSublane": 0.4592, "bus_sigma": 0.8292, "bus_tau_mean": 2.361, "bus_tau_std": 0.5496, "bus_v_mean": 19.191, "bus_v_std": 5.5863, "car_acc": 1.4109, "car_dcc": 2.6411, "car_lcAssertive": 24.5216, "car_lcCooperative": 0.7432, "car_lcLookaheadLeft": 38.363, "car_lcPushy": 0.2774, "car_lcSigma": 0.469, "car_lcSpeedGainRight": 2.8141, "car_lcSublane": 0.9536, "car_sigma": 0.7062, "car_tau_mean": 3.884, "car_tau_std": 1.8968, "car_v_mean": 16.7751, "car_v_std": 7.5935}, "datetime": {"datetime": "2024-08-08 11:15:09", "elapsed": 4789.427746, "delta": 4.635249}}
{"target": -0.48202681834735706, "params": {"bus_acc": 1.9544, "bus_dcc": 2.4502, "bus_lcAssertive": 70.8147, "bus_lcCooperative": 0.6207, "bus_lcLookaheadLeft": 12.3447, "bus_lcPushy": 0.8736, "bus_lcSigma": 0.7689, "bus_lcSpeedGainRight": 2.1314, "bus_lcSublane": 0.0951, "bus_sigma": 0.546, "bus_tau_mean": 1.0552, "bus_tau_std": 5.6715, "bus_v_mean": 22.0145, "bus_v_std": 7.652, "car_acc": 2.3168, "car_dcc": 2.3815, "car_lcAssertive": 70.0872, "car_lcCooperative": 0.2704, "car_lcLookaheadLeft": 20.5499, "car_lcPushy": 0.6716, "car_lcSigma": 0.1572, "car_lcSpeedGainRight": 3.6588, "car_lcSublane": 0.3645, "car_sigma": 0.1264, "car_tau_mean": 0.5195, "car_tau_std": 1.319, "car_v_mean": 17.3037, "car_v_std": 2.8202}, "datetime": {"datetime": "2024-08-08 11:15:18", "elapsed": 4798.037379, "delta": 8.609633}}
{"target": -0.45131493293645064, "params": {"bus_acc": 1.712, "bus_dcc": 1.1559, "bus_lcAssertive": 41.5968, "bus_lcCooperative": 0.5807, "bus_lcLookaheadLeft": 42.6574, "bus_lcPushy": 0.9281, "bus_lcSigma": 0.8337, "bus_lcSpeedGainRight": 2.5369, "bus_lcSublane": 0.7964, "bus_sigma": 0.8358, "bus_tau_mean": 2.3885, "bus_tau_std": 6.6145, "bus_v_mean": 20.952, "bus_v_std": 19.0035, "car_acc": 1.0597, "car_dcc": 3.7612, "car_lcAssertive": 7.8894, "car_lcCooperative": 0.3306, "car_lcLookaheadLeft": 57.9504, "car_lcPushy": 0.1524, "car_lcSigma": 0.4392, "car_lcSpeedGainRight": 1.4904, "car_lcSublane": 0.655, "car_sigma": 0.8519, "car_tau_mean": 3.0294, "car_tau_std": 2.5451, "car_v_mean": 8.0748, "car_v_std": 9.2836}, "datetime": {"datetime": "2024-08-08 11:15:22", "elapsed": 4802.607076, "delta": 4.569697}}
{"target": -0.3700498219092815, "params": {"bus_acc": 2.123, "bus_dcc": 2.0104, "bus_lcAssertive": 77.9245, "bus_lcCooperative": 0.5461, "bus_lcLookaheadLeft": 55.8134, "bus_lcPushy": 0.5601, "bus_lcSigma": 0.9137, "bus_lcSpeedGainRight": 2.982, "bus_lcSublane": 0.1847, "bus_sigma": 0.155, "bus_tau_mean": 0.9547, "bus_tau_std": 8.3387, "bus_v_mean": 20.4523, "bus_v_std": 1.7731, "car_acc": 1.1872, "car_dcc": 1.2379, "car_lcAssertive": 96.4388, "car_lcCooperative": 0.5689, "car_lcLookaheadLeft": 10.6812, "car_lcPushy": 0.8461, "car_lcSigma": 0.1047, "car_lcSpeedGainRight": 1.2612, "car_lcSublane": 0.9244, "car_sigma": 0.3349, "car_tau_mean": 1.1524, "car_tau_std": 8.0608, "car_v_mean": 9.7024, "car_v_std": 2.5317}, "datetime": {"datetime": "2024-08-08 11:15:32", "elapsed": 4812.648869, "delta": 10.041793}}
{"target": -0.3590234120823757, "params": {"bus_acc": 2.7867, "bus_dcc": 3.8384, "bus_lcAssertive": 62.1263, "bus_lcCooperative": 0.8065, "bus_lcLookaheadLeft": 67.2777, "bus_lcPushy": 0.7358, "bus_lcSigma": 0.3966, "bus_lcSpeedGainRight": 3.6507, "bus_lcSublane": 0.9254, "bus_sigma": 0.5575, "bus_tau_mean": 3.8219, "bus_tau_std": 1.4003, "bus_v_mean": 12.7695, "bus_v_std": 9.9978, "car_acc": 2.9526, "car_dcc": 3.0167, "car_lcAssertive": 12.7644, "car_lcCooperative": 0.3154, "car_lcLookaheadLeft": 64.9484, "car_lcPushy": 0.5316, "car_lcSigma": 0.2539, "car_lcSpeedGainRight": 2.6312, "car_lcSublane": 0.2459, "car_sigma": 0.1587, "car_tau_mean": 3.9492, "car_tau_std": 2.2017, "car_v_mean": 9.7591, "car_v_std": 14.8305}, "datetime": {"datetime": "2024-08-08 11:15:37", "elapsed": 4817.676976, "delta": 5.028107}}
{"target": -0.34391549451257564, "params": {"bus_acc": 2.5512, "bus_dcc": 2.885, "bus_lcAssertive": 26.569, "bus_lcCooperative": 0.3548, "bus_lcLookaheadLeft": 33.1222, "bus_lcPushy": 0.4396, "bus_lcSigma": 0.0326, "bus_lcSpeedGainRight": 0.2576, "bus_lcSublane": 0.1047, "bus_sigma": 0.7877, "bus_tau_mean": 2.996, "bus_tau_std": 7.323, "bus_v_mean": 23.548, "bus_v_std": 13.2481, "car_acc": 1.0317, "car_dcc": 1.2504, "car_lcAssertive": 63.5939, "car_lcCooperative": 0.2169, "car_lcLookaheadLeft": 87.8307, "car_lcPushy": 0.6934, "car_lcSigma": 0.9782, "car_lcSpeedGainRight": 4.6245, "car_lcSublane": 0.3442, "car_sigma": 0.4443, "car_tau_mean": 0.8805, "car_tau_std": 6.3089, "car_v_mean": 8.8043, "car_v_std": 15.1237}, "datetime": {"datetime": "2024-08-08 11:15:45", "elapsed": 4825.542515, "delta": 7.865539}}
{"target": -0.39562592138060465, "params": {"bus_acc": 2.5818, "bus_dcc": 1.2952, "bus_lcAssertive": 27.8566, "bus_lcCooperative": 0.8578, "bus_lcLookaheadLeft": 21.2782, "bus_lcPushy": 0.8098, "bus_lcSigma": 0.3314, "bus_lcSpeedGainRight": 2.5537, "bus_lcSublane": 0.8029, "bus_sigma": 0.2502, "bus_tau_mean": 2.8945, "bus_tau_std": 3.6133, "bus_v_mean": 11.1084, "bus_v_std": 4.06, "car_acc": 2.807, "car_dcc": 1.2142, "car_lcAssertive": 42.4563, "car_lcCooperative": 0.8244, "car_lcLookaheadLeft": 44.8444, "car_lcPushy": 0.9407, "car_lcSigma": 0.2525, "car_lcSpeedGainRight": 2.4452, "car_lcSublane": 0.6949, "car_sigma": 0.1214, "car_tau_mean": 3.4386, "car_tau_std": 5.7009, "car_v_mean": 22.807, "car_v_std": 2.9278}, "datetime": {"datetime": "2024-08-08 11:15:50", "elapsed": 4830.845201, "delta": 5.302686}}
{"target": -0.3413020495532713, "params": {"bus_acc": 2.935, "bus_dcc": 1.4662, "bus_lcAssertive": 92.1025, "bus_lcCooperative": 0.7658, "bus_lcLookaheadLeft": 37.1854, "bus_lcPushy": 0.0831, "bus_lcSigma": 0.2615, "bus_lcSpeedGainRight": 2.8711, "bus_lcSublane": 0.3988, "bus_sigma": 0.1956, "bus_tau_mean": 1.6581, "bus_tau_std": 1.9367, "bus_v_mean": 17.8442, "bus_v_std": 4.8995, "car_acc": 2.1008, "car_dcc": 1.363, "car_lcAssertive": 25.3614, "car_lcCooperative": 0.283, "car_lcLookaheadLeft": 53.7738, "car_lcPushy": 0.7966, "car_lcSigma": 0.4104, "car_lcSpeedGainRight": 4.5386, "car_lcSublane": 0.5984, "car_sigma": 0.5117, "car_tau_mean": 1.188, "car_tau_std": 4.7993, "car_v_mean": 22.812, "car_v_std": 7.7099}, "datetime": {"datetime": "2024-08-08 11:15:57", "elapsed": 4837.167987, "delta": 6.322786}}
{"target": -0.34374410672334876, "params": {"bus_acc": 2.9802, "bus_dcc": 2.0215, "bus_lcAssertive": 35.3486, "bus_lcCooperative": 0.964, "bus_lcLookaheadLeft": 11.3527, "bus_lcPushy": 0.8282, "bus_lcSigma": 0.2855, "bus_lcSpeedGainRight": 0.8706, "bus_lcSublane": 0.8346, "bus_sigma": 0.4995, "bus_tau_mean": 2.7317, "bus_tau_std": 9.7959, "bus_v_mean": 11.3622, "bus_v_std": 3.405, "car_acc": 2.1007, "car_dcc": 3.338, "car_lcAssertive": 51.7883, "car_lcCooperative": 0.6249, "car_lcLookaheadLeft": 17.4519, "car_lcPushy": 0.8785, "car_lcSigma": 0.8416, "car_lcSpeedGainRight": 2.0268, "car_lcSublane": 0.936, "car_sigma": 0.7492, "car_tau_mean": 2.8851, "car_tau_std": 3.8369, "car_v_mean": 21.3439, "car_v_std": 19.142}, "datetime": {"datetime": "2024-08-08 11:16:00", "elapsed": 4840.572573, "delta": 3.404586}}
