{"target": -0.2931072480853038, "params": {"bus_acc": 4.2337, "bus_dcc": 3.3245, "bus_lcAssertive": 82.045, "bus_lcCooperative": 0.4899, "bus_lcLookaheadLeft": 42.4741, "bus_lcPushy": 0.9859, "bus_lcSigma": 0.2573, "bus_lcSpeedGainRight": 2.5608, "bus_lcSublane": 0.9199, "bus_sigma": 0.5817, "bus_tau_mean": 3.8568, "bus_tau_std": 3.4968, "bus_v_mean": 12.5772, "bus_v_std": 0.0397, "car_acc": 4.0557, "car_dcc": 2.4065, "car_lcAssertive": 36.1649, "car_lcCooperative": 0.3744, "car_lcLookaheadLeft": 45.6146, "car_lcPushy": 0.0161, "car_lcSigma": 0.5265, "car_lcSpeedGainRight": 1.0341, "car_lcSublane": 0.2329, "car_sigma": 0.0529, "car_tau_mean": 3.533, "car_tau_std": 7.7272, "car_v_mean": 16.868, "car_v_std": 6.907}, "datetime": {"datetime": "2024-08-08 17:50:01", "elapsed": 1586.542977, "delta": 5.07025}}
{"target": -0.3276903069525004, "params": {"bus_acc": 2.1736, "bus_dcc": 1.621, "bus_lcAssertive": 79.4298, "bus_lcCooperative": 0.471, "bus_lcLookaheadLeft": 23.8398, "bus_lcPushy": 0.1398, "bus_lcSigma": 0.3917, "bus_lcSpeedGainRight": 0.6963, "bus_lcSublane": 0.7165, "bus_sigma": 0.6258, "bus_tau_mean": 2.9871, "bus_tau_std": 7.2415, "bus_v_mean": 8.8438, "bus_v_std": 12.2768, "car_acc": 1.5698, "car_dcc": 3.4629, "car_lcAssertive": 88.2892, "car_lcCooperative": 0.3894, "car_lcLookaheadLeft": 28.2715, "car_lcPushy": 0.509, "car_lcSigma": 0.4359, "car_lcSpeedGainRight": 1.6466, "car_lcSublane": 0.1433, "car_sigma": 0.8177, "car_tau_mean": 1.0236, "car_tau_std": 4.4301, "car_v_mean": 15.7771, "car_v_std": 9.89}, "datetime": {"datetime": "2024-08-08 17:50:08", "elapsed": 1593.947847, "delta": 7.40487}}
{"target": -0.31799066386232383, "params": {"bus_acc": 4.9088, "bus_dcc": 1.6378, "bus_lcAssertive": 56.804, "bus_lcCooperative": 0.4671, "bus_lcLookaheadLeft": 17.8117, "bus_lcPushy": 0.5741, "bus_lcSigma": 0.8773, "bus_lcSpeedGainRight": 4.8641, "bus_lcSublane": 0.3208, "bus_sigma": 0.2024, "bus_tau_mean": 3.7704, "bus_tau_std": 7.9013, "bus_v_mean": 22.8657, "bus_v_std": 11.6774, "car_acc": 2.846, "car_dcc": 1.6453, "car_lcAssertive": 15.5535, "car_lcCooperative": 0.0196, "car_lcLookaheadLeft": 38.2363, "car_lcPushy": 0.8069, "car_lcSigma": 0.9382, "car_lcSpeedGainRight": 3.0918, "car_lcSublane": 0.0456, "car_sigma": 0.4662, "car_tau_mean": 2.1641, "car_tau_std": 6.9881, "car_v_mean": 17.1643, "car_v_std": 7.5646}, "datetime": {"datetime": "2024-08-08 17:50:13", "elapsed": 1598.247946, "delta": 4.300099}}
{"target": -0.324700487313367, "params": {"bus_acc": 4.4324, "bus_dcc": 1.7116, "bus_lcAssertive": 96.1086, "bus_lcCooperative": 0.2554, "bus_lcLookaheadLeft": 45.8869, "bus_lcPushy": 0.4242, "bus_lcSigma": 0.6977, "bus_lcSpeedGainRight": 3.997, "bus_lcSublane": 0.4026, "bus_sigma": 0.4834, "bus_tau_mean": 3.926, "bus_tau_std": 2.2653, "bus_v_mean": 16.8819, "bus_v_std": 1.7734, "car_acc": 1.8881, "car_dcc": 3.9488, "car_lcAssertive": 15.8284, "car_lcCooperative": 0.7235, "car_lcLookaheadLeft": 19.2729, "car_lcPushy": 0.8236, "car_lcSigma": 0.7392, "car_lcSpeedGainRight": 0.7119, "car_lcSublane": 0.4598, "car_sigma": 0.6138, "car_tau_mean": 2.2951, "car_tau_std": 6.4744, "car_v_mean": 8.5619, "car_v_std": 8.6081}, "datetime": {"datetime": "2024-08-08 17:50:22", "elapsed": 1607.896691, "delta": 9.648745}}
{"target": -0.31728317403522316, "params": {"bus_acc": 1.3464, "bus_dcc": 3.0607, "bus_lcAssertive": 85.8279, "bus_lcCooperative": 0.4899, "bus_lcLookaheadLeft": 81.2533, "bus_lcPushy": 0.8908, "bus_lcSigma": 0.4208, "bus_lcSpeedGainRight": 2.2318, "bus_lcSublane": 0.8202, "bus_sigma": 0.1319, "bus_tau_mean": 1.9122, "bus_tau_std": 8.1233, "bus_v_mean": 15.5329, "bus_v_std": 6.5385, "car_acc": 3.7051, "car_dcc": 2.2413, "car_lcAssertive": 34.343, "car_lcCooperative": 0.812, "car_lcLookaheadLeft": 67.5111, "car_lcPushy": 0.8977, "car_lcSigma": 0.8646, "car_lcSpeedGainRight": 3.9627, "car_lcSublane": 0.4317, "car_sigma": 0.9571, "car_tau_mean": 1.5473, "car_tau_std": 4.9644, "car_v_mean": 14.5942, "car_v_std": 11.7418}, "datetime": {"datetime": "2024-08-08 17:50:31", "elapsed": 1616.490812, "delta": 8.594121}}
{"target": -0.30223966104111616, "params": {"bus_acc": 3.7013, "bus_dcc": 2.6112, "bus_lcAssertive": 40.1446, "bus_lcCooperative": 0.0699, "bus_lcLookaheadLeft": 64.6761, "bus_lcPushy": 0.5701, "bus_lcSigma": 0.4477, "bus_lcSpeedGainRight": 1.2479, "bus_lcSublane": 0.6157, "bus_sigma": 0.6826, "bus_tau_mean": 1.8549, "bus_tau_std": 1.1722, "bus_v_mean": 13.8525, "bus_v_std": 17.4175, "car_acc": 2.6026, "car_dcc": 1.9329, "car_lcAssertive": 78.4114, "car_lcCooperative": 0.8835, "car_lcLookaheadLeft": 52.4237, "car_lcPushy": 0.4099, "car_lcSigma": 0.885, "car_lcSpeedGainRight": 4.7953, "car_lcSublane": 0.4667, "car_sigma": 0.9063, "car_tau_mean": 3.508, "car_tau_std": 1.7449, "car_v_mean": 10.0087, "car_v_std": 19.1269}, "datetime": {"datetime": "2024-08-08 17:50:37", "elapsed": 1622.759552, "delta": 6.26874}}
{"target": -0.2857656289249292, "params": {"bus_acc": 1.5327, "bus_dcc": 1.502, "bus_lcAssertive": 80.766, "bus_lcCooperative": 0.1174, "bus_lcLookaheadLeft": 67.2308, "bus_lcPushy": 0.6936, "bus_lcSigma": 0.8086, "bus_lcSpeedGainRight": 3.6547, "bus_lcSublane": 0.0418, "bus_sigma": 0.7643, "bus_tau_mean": 1.1649, "bus_tau_std": 5.2719, "bus_v_mean": 23.0802, "bus_v_std": 18.6069, "car_acc": 4.6066, "car_dcc": 3.6837, "car_lcAssertive": 31.0912, "car_lcCooperative": 0.6005, "car_lcLookaheadLeft": 71.6551, "car_lcPushy": 0.5251, "car_lcSigma": 0.2236, "car_lcSpeedGainRight": 0.5172, "car_lcSublane": 0.0898, "car_sigma": 0.8359, "car_tau_mean": 1.4717, "car_tau_std": 0.8493, "car_v_mean": 18.6881, "car_v_std": 10.3011}, "datetime": {"datetime": "2024-08-08 17:50:40", "elapsed": 1626.051361, "delta": 3.291809}}
{"target": -0.2694899180724615, "params": {"bus_acc": 3.9607, "bus_dcc": 1.8145, "bus_lcAssertive": 77.7966, "bus_lcCooperative": 0.3154, "bus_lcLookaheadLeft": 13.3808, "bus_lcPushy": 0.15, "bus_lcSigma": 0.5444, "bus_lcSpeedGainRight": 4.3981, "bus_lcSublane": 0.4227, "bus_sigma": 0.4626, "bus_tau_mean": 3.976, "bus_tau_std": 3.7989, "bus_v_mean": 9.6269, "bus_v_std": 14.4227, "car_acc": 3.8944, "car_dcc": 2.7603, "car_lcAssertive": 70.4827, "car_lcCooperative": 0.6293, "car_lcLookaheadLeft": 56.1895, "car_lcPushy": 0.4278, "car_lcSigma": 0.359, "car_lcSpeedGainRight": 1.5188, "car_lcSublane": 0.7274, "car_sigma": 0.7764, "car_tau_mean": 3.7407, "car_tau_std": 2.1357, "car_v_mean": 17.2356, "car_v_std": 11.5276}, "datetime": {"datetime": "2024-08-08 17:50:45", "elapsed": 1630.306421, "delta": 4.25506}}
{"target": -0.30924187345982007, "params": {"bus_acc": 4.6274, "bus_dcc": 2.6256, "bus_lcAssertive": 94.7365, "bus_lcCooperative": 0.4365, "bus_lcLookaheadLeft": 25.8432, "bus_lcPushy": 0.5739, "bus_lcSigma": 0.9618, "bus_lcSpeedGainRight": 1.1256, "bus_lcSublane": 0.6774, "bus_sigma": 0.3542, "bus_tau_mean": 3.9295, "bus_tau_std": 3.3969, "bus_v_mean": 20.6859, "bus_v_std": 5.0165, "car_acc": 4.4449, "car_dcc": 3.7298, "car_lcAssertive": 15.0752, "car_lcCooperative": 0.7162, "car_lcLookaheadLeft": 19.2335, "car_lcPushy": 0.9224, "car_lcSigma": 0.9342, "car_lcSpeedGainRight": 0.3018, "car_lcSublane": 0.1474, "car_sigma": 0.0206, "car_tau_mean": 2.7038, "car_tau_std": 9.8525, "car_v_mean": 19.5107, "car_v_std": 8.06}, "datetime": {"datetime": "2024-08-08 17:50:50", "elapsed": 1635.359032, "delta": 5.052611}}
{"target": -0.2946409091216156, "params": {"bus_acc": 4.5101, "bus_dcc": 1.2022, "bus_lcAssertive": 66.2667, "bus_lcCooperative": 0.1026, "bus_lcLookaheadLeft": 39.9323, "bus_lcPushy": 0.9528, "bus_lcSigma": 0.9097, "bus_lcSpeedGainRight": 4.7304, "bus_lcSublane": 0.4401, "bus_sigma": 0.3499, "bus_tau_mean": 3.4562, "bus_tau_std": 8.3634, "bus_v_mean": 13.3995, "bus_v_std": 6.5089, "car_acc": 4.9201, "car_dcc": 3.7861, "car_lcAssertive": 67.8041, "car_lcCooperative": 0.6488, "car_lcLookaheadLeft": 13.8674, "car_lcPushy": 0.0335, "car_lcSigma": 0.6184, "car_lcSpeedGainRight": 3.8692, "car_lcSublane": 0.8966, "car_sigma": 0.6174, "car_tau_mean": 2.6016, "car_tau_std": 3.113, "car_v_mean": 12.8548, "car_v_std": 14.5569}, "datetime": {"datetime": "2024-08-08 17:50:55", "elapsed": 1640.718728, "delta": 5.359696}}
{"target": -0.27846893468637884, "params": {"bus_acc": 3.8023, "bus_dcc": 1.6951, "bus_lcAssertive": 44.1194, "bus_lcCooperative": 0.2489, "bus_lcLookaheadLeft": 21.09, "bus_lcPushy": 0.622, "bus_lcSigma": 0.7218, "bus_lcSpeedGainRight": 2.3201, "bus_lcSublane": 0.8124, "bus_sigma": 0.9265, "bus_tau_mean": 1.8832, "bus_tau_std": 5.4178, "bus_v_mean": 16.8156, "bus_v_std": 14.572, "car_acc": 3.7003, "car_dcc": 1.2909, "car_lcAssertive": 60.5607, "car_lcCooperative": 0.1147, "car_lcLookaheadLeft": 54.1205, "car_lcPushy": 0.4809, "car_lcSigma": 0.275, "car_lcSpeedGainRight": 2.5749, "car_lcSublane": 0.7724, "car_sigma": 0.329, "car_tau_mean": 1.7939, "car_tau_std": 9.962, "car_v_mean": 9.1159, "car_v_std": 19.6103}, "datetime": {"datetime": "2024-08-08 17:50:59", "elapsed": 1644.597372, "delta": 3.878644}}
{"target": -0.3018984267747251, "params": {"bus_acc": 2.3128, "bus_dcc": 1.9682, "bus_lcAssertive": 11.225, "bus_lcCooperative": 0.8645, "bus_lcLookaheadLeft": 10.7703, "bus_lcPushy": 0.7256, "bus_lcSigma": 0.0828, "bus_lcSpeedGainRight": 3.9612, "bus_lcSublane": 0.2946, "bus_sigma": 0.355, "bus_tau_mean": 2.3396, "bus_tau_std": 9.1612, "bus_v_mean": 16.5227, "bus_v_std": 19.8754, "car_acc": 3.9442, "car_dcc": 3.3967, "car_lcAssertive": 52.8777, "car_lcCooperative": 0.1133, "car_lcLookaheadLeft": 80.0419, "car_lcPushy": 0.5811, "car_lcSigma": 0.2677, "car_lcSpeedGainRight": 1.0376, "car_lcSublane": 0.1107, "car_sigma": 0.9397, "car_tau_mean": 2.6715, "car_tau_std": 4.583, "car_v_mean": 19.2879, "car_v_std": 8.9825}, "datetime": {"datetime": "2024-08-08 17:51:05", "elapsed": 1650.761453, "delta": 6.164081}}
{"target": -0.27827841224080424, "params": {"bus_acc": 2.8753, "bus_dcc": 2.5161, "bus_lcAssertive": 91.1945, "bus_lcCooperative": 0.8661, "bus_lcLookaheadLeft": 67.2219, "bus_lcPushy": 0.8524, "bus_lcSigma": 0.5742, "bus_lcSpeedGainRight": 1.6075, "bus_lcSublane": 0.3181, "bus_sigma": 0.7028, "bus_tau_mean": 3.5348, "bus_tau_std": 8.9652, "bus_v_mean": 8.8828, "bus_v_std": 13.5314, "car_acc": 2.3254, "car_dcc": 1.4158, "car_lcAssertive": 72.2149, "car_lcCooperative": 0.3283, "car_lcLookaheadLeft": 69.5215, "car_lcPushy": 0.9702, "car_lcSigma": 0.9583, "car_lcSpeedGainRight": 1.5866, "car_lcSublane": 0.3169, "car_sigma": 0.97, "car_tau_mean": 3.3803, "car_tau_std": 3.7378, "car_v_mean": 15.5969, "car_v_std": 6.1059}, "datetime": {"datetime": "2024-08-08 17:51:17", "elapsed": 1662.863582, "delta": 12.102129}}
{"target": -0.27918972246444684, "params": {"bus_acc": 3.4793, "bus_dcc": 2.3958, "bus_lcAssertive": 3.2288, "bus_lcCooperative": 0.1636, "bus_lcLookaheadLeft": 17.0936, "bus_lcPushy": 0.5591, "bus_lcSigma": 0.2045, "bus_lcSpeedGainRight": 0.5503, "bus_lcSublane": 0.0654, "bus_sigma": 0.1015, "bus_tau_mean": 1.0858, "bus_tau_std": 7.4494, "bus_v_mean": 9.3509, "bus_v_std": 9.6747, "car_acc": 3.9693, "car_dcc": 3.2157, "car_lcAssertive": 27.0876, "car_lcCooperative": 0.1107, "car_lcLookaheadLeft": 57.9077, "car_lcPushy": 0.294, "car_lcSigma": 0.6028, "car_lcSpeedGainRight": 1.4191, "car_lcSublane": 0.9092, "car_sigma": 0.2595, "car_tau_mean": 2.1653, "car_tau_std": 4.514, "car_v_mean": 21.234, "car_v_std": 10.8205}, "datetime": {"datetime": "2024-08-08 17:51:25", "elapsed": 1670.890788, "delta": 8.027206}}
{"target": -0.3170087226023926, "params": {"bus_acc": 3.81, "bus_dcc": 1.5593, "bus_lcAssertive": 69.6518, "bus_lcCooperative": 0.7003, "bus_lcLookaheadLeft": 5.8947, "bus_lcPushy": 0.8547, "bus_lcSigma": 0.9902, "bus_lcSpeedGainRight": 0.4209, "bus_lcSublane": 0.1314, "bus_sigma": 0.1562, "bus_tau_mean": 1.4224, "bus_tau_std": 0.7046, "bus_v_mean": 19.3882, "bus_v_std": 4.8316, "car_acc": 1.6936, "car_dcc": 2.657, "car_lcAssertive": 83.6277, "car_lcCooperative": 0.9651, "car_lcLookaheadLeft": 68.4186, "car_lcPushy": 0.6502, "car_lcSigma": 0.3156, "car_lcSpeedGainRight": 1.8925, "car_lcSublane": 0.8195, "car_sigma": 0.6161, "car_tau_mean": 2.0097, "car_tau_std": 3.5003, "car_v_mean": 14.3248, "car_v_std": 15.7358}, "datetime": {"datetime": "2024-08-08 17:51:30", "elapsed": 1675.202015, "delta": 4.311227}}
{"target": -0.2987251984129835, "params": {"bus_acc": 4.8797, "bus_dcc": 2.3514, "bus_lcAssertive": 10.9236, "bus_lcCooperative": 0.9819, "bus_lcLookaheadLeft": 24.8268, "bus_lcPushy": 0.327, "bus_lcSigma": 0.7123, "bus_lcSpeedGainRight": 4.5502, "bus_lcSublane": 0.4977, "bus_sigma": 0.783, "bus_tau_mean": 2.0706, "bus_tau_std": 3.3317, "bus_v_mean": 13.9114, "bus_v_std": 2.0199, "car_acc": 4.3171, "car_dcc": 3.5184, "car_lcAssertive": 21.6456, "car_lcCooperative": 0.1647, "car_lcLookaheadLeft": 20.0091, "car_lcPushy": 0.3159, "car_lcSigma": 0.1223, "car_lcSpeedGainRight": 3.7534, "car_lcSublane": 0.7396, "car_sigma": 0.1619, "car_tau_mean": 3.0876, "car_tau_std": 2.006, "car_v_mean": 11.3866, "car_v_std": 6.3091}, "datetime": {"datetime": "2024-08-08 17:51:34", "elapsed": 1679.542975, "delta": 4.34096}}
{"target": -0.3913359648455863, "params": {"bus_acc": 1.704, "bus_dcc": 3.8362, "bus_lcAssertive": 72.6221, "bus_lcCooperative": 0.1896, "bus_lcLookaheadLeft": 24.0711, "bus_lcPushy": 0.198, "bus_lcSigma": 0.4843, "bus_lcSpeedGainRight": 0.4341, "bus_lcSublane": 0.5122, "bus_sigma": 0.9153, "bus_tau_mean": 1.5053, "bus_tau_std": 3.0943, "bus_v_mean": 22.6675, "bus_v_std": 9.6576, "car_acc": 1.0788, "car_dcc": 1.6084, "car_lcAssertive": 32.0583, "car_lcCooperative": 0.3451, "car_lcLookaheadLeft": 99.3637, "car_lcPushy": 0.7651, "car_lcSigma": 0.7018, "car_lcSpeedGainRight": 0.3778, "car_lcSublane": 0.4894, "car_sigma": 0.2802, "car_tau_mean": 3.3761, "car_tau_std": 8.6361, "car_v_mean": 12.5485, "car_v_std": 7.0524}, "datetime": {"datetime": "2024-08-08 17:51:37", "elapsed": 1682.720498, "delta": 3.177523}}
{"target": -0.3568942663446175, "params": {"bus_acc": 1.7708, "bus_dcc": 3.2283, "bus_lcAssertive": 90.4853, "bus_lcCooperative": 0.9648, "bus_lcLookaheadLeft": 77.0248, "bus_lcPushy": 0.1202, "bus_lcSigma": 0.724, "bus_lcSpeedGainRight": 2.7462, "bus_lcSublane": 0.9011, "bus_sigma": 0.9115, "bus_tau_mean": 2.1788, "bus_tau_std": 5.1301, "bus_v_mean": 15.867, "bus_v_std": 2.364, "car_acc": 3.6233, "car_dcc": 2.506, "car_lcAssertive": 96.0975, "car_lcCooperative": 0.7305, "car_lcLookaheadLeft": 83.3394, "car_lcPushy": 0.9135, "car_lcSigma": 0.3839, "car_lcSpeedGainRight": 4.2852, "car_lcSublane": 0.5604, "car_sigma": 0.1963, "car_tau_mean": 1.4774, "car_tau_std": 5.2855, "car_v_mean": 9.2919, "car_v_std": 1.6206}, "datetime": {"datetime": "2024-08-08 17:51:48", "elapsed": 1693.104605, "delta": 10.384107}}
{"target": -0.3368323114490035, "params": {"bus_acc": 4.2458, "bus_dcc": 2.6277, "bus_lcAssertive": 54.0869, "bus_lcCooperative": 0.0732, "bus_lcLookaheadLeft": 69.6091, "bus_lcPushy": 0.4646, "bus_lcSigma": 0.0775, "bus_lcSpeedGainRight": 2.9424, "bus_lcSublane": 0.4204, "bus_sigma": 0.3673, "bus_tau_mean": 3.996, "bus_tau_std": 5.0031, "bus_v_mean": 18.5841, "bus_v_std": 10.6367, "car_acc": 2.1161, "car_dcc": 2.4061, "car_lcAssertive": 75.2906, "car_lcCooperative": 0.7928, "car_lcLookaheadLeft": 29.4166, "car_lcPushy": 0.7578, "car_lcSigma": 0.9429, "car_lcSpeedGainRight": 1.6972, "car_lcSublane": 0.5738, "car_sigma": 0.3807, "car_tau_mean": 1.8703, "car_tau_std": 9.1749, "car_v_mean": 21.5498, "car_v_std": 12.4036}, "datetime": {"datetime": "2024-08-08 17:51:54", "elapsed": 1699.581213, "delta": 6.476608}}
{"target": -0.34043194811103894, "params": {"bus_acc": 3.1922, "bus_dcc": 1.759, "bus_lcAssertive": 85.2226, "bus_lcCooperative": 0.0052, "bus_lcLookaheadLeft": 74.6858, "bus_lcPushy": 0.5007, "bus_lcSigma": 0.6631, "bus_lcSpeedGainRight": 0.874, "bus_lcSublane": 0.85, "bus_sigma": 0.8846, "bus_tau_mean": 2.8296, "bus_tau_std": 5.6252, "bus_v_mean": 16.9955, "bus_v_std": 5.9692, "car_acc": 2.2072, "car_dcc": 2.755, "car_lcAssertive": 92.8023, "car_lcCooperative": 0.4173, "car_lcLookaheadLeft": 19.1079, "car_lcPushy": 0.3796, "car_lcSigma": 0.9893, "car_lcSpeedGainRight": 1.5143, "car_lcSublane": 0.4717, "car_sigma": 0.6558, "car_tau_mean": 1.6358, "car_tau_std": 4.3386, "car_v_mean": 13.3671, "car_v_std": 15.2876}, "datetime": {"datetime": "2024-08-08 17:52:00", "elapsed": 1705.588603, "delta": 6.00739}}
{"target": -0.3657934808878999, "params": {"bus_acc": 1.2152, "bus_dcc": 3.9887, "bus_lcAssertive": 89.0619, "bus_lcCooperative": 0.9073, "bus_lcLookaheadLeft": 96.8074, "bus_lcPushy": 0.2634, "bus_lcSigma": 0.1053, "bus_lcSpeedGainRight": 0.4342, "bus_lcSublane": 0.5072, "bus_sigma": 0.9551, "bus_tau_mean": 0.5794, "bus_tau_std": 7.4945, "bus_v_mean": 20.8187, "bus_v_std": 19.4728, "car_acc": 3.7211, "car_dcc": 3.9609, "car_lcAssertive": 78.5151, "car_lcCooperative": 0.7911, "car_lcLookaheadLeft": 58.0669, "car_lcPushy": 0.5468, "car_lcSigma": 0.5747, "car_lcSpeedGainRight": 0.4957, "car_lcSublane": 0.6734, "car_sigma": 0.507, "car_tau_mean": 2.122, "car_tau_std": 5.6112, "car_v_mean": 11.3725, "car_v_std": 12.3647}, "datetime": {"datetime": "2024-08-08 17:52:24", "elapsed": 1729.212673, "delta": 23.62407}}
{"target": -0.3267630307497425, "params": {"bus_acc": 2.9992, "bus_dcc": 3.1655, "bus_lcAssertive": 75.9133, "bus_lcCooperative": 0.7694, "bus_lcLookaheadLeft": 94.013, "bus_lcPushy": 0.83, "bus_lcSigma": 0.4453, "bus_lcSpeedGainRight": 0.947, "bus_lcSublane": 0.833, "bus_sigma": 0.3373, "bus_tau_mean": 1.712, "bus_tau_std": 3.3582, "bus_v_mean": 22.5584, "bus_v_std": 14.2499, "car_acc": 3.9353, "car_dcc": 2.9564, "car_lcAssertive": 21.5815, "car_lcCooperative": 0.5566, "car_lcLookaheadLeft": 74.5105, "car_lcPushy": 0.8142, "car_lcSigma": 0.1292, "car_lcSpeedGainRight": 3.4643, "car_lcSublane": 0.5603, "car_sigma": 0.3, "car_tau_mean": 1.5514, "car_tau_std": 4.4063, "car_v_mean": 20.039, "car_v_std": 13.1986}, "datetime": {"datetime": "2024-08-08 17:52:34", "elapsed": 1739.16796, "delta": 9.955287}}
{"target": -0.31604192890641886, "params": {"bus_acc": 4.1352, "bus_dcc": 2.6683, "bus_lcAssertive": 47.4506, "bus_lcCooperative": 0.4419, "bus_lcLookaheadLeft": 96.9351, "bus_lcPushy": 0.0352, "bus_lcSigma": 0.4617, "bus_lcSpeedGainRight": 0.4662, "bus_lcSublane": 0.2703, "bus_sigma": 0.2918, "bus_tau_mean": 2.829, "bus_tau_std": 0.5832, "bus_v_mean": 22.0601, "bus_v_std": 16.5543, "car_acc": 3.6883, "car_dcc": 1.8783, "car_lcAssertive": 74.1457, "car_lcCooperative": 0.6691, "car_lcLookaheadLeft": 76.8607, "car_lcPushy": 0.3765, "car_lcSigma": 0.7308, "car_lcSpeedGainRight": 3.216, "car_lcSublane": 0.37, "car_sigma": 0.3023, "car_tau_mean": 2.5106, "car_tau_std": 3.9345, "car_v_mean": 16.2711, "car_v_std": 14.4681}, "datetime": {"datetime": "2024-08-08 17:52:36", "elapsed": 1741.703732, "delta": 2.535772}}
{"target": -0.2556275781042486, "params": {"bus_acc": 1.0115, "bus_dcc": 1.6943, "bus_lcAssertive": 79.3818, "bus_lcCooperative": 0.6668, "bus_lcLookaheadLeft": 26.0489, "bus_lcPushy": 0.5025, "bus_lcSigma": 0.5332, "bus_lcSpeedGainRight": 3.5545, "bus_lcSublane": 0.4018, "bus_sigma": 0.3429, "bus_tau_mean": 1.5256, "bus_tau_std": 2.3307, "bus_v_mean": 9.4229, "bus_v_std": 12.8653, "car_acc": 3.6259, "car_dcc": 3.0096, "car_lcAssertive": 1.259, "car_lcCooperative": 0.3763, "car_lcLookaheadLeft": 13.9531, "car_lcPushy": 0.4695, "car_lcSigma": 1.0, "car_lcSpeedGainRight": 2.444, "car_lcSublane": 0.3175, "car_sigma": 0.7615, "car_tau_mean": 3.9347, "car_tau_std": 2.8189, "car_v_mean": 20.7909, "car_v_std": 20.0}, "datetime": {"datetime": "2024-08-08 17:52:42", "elapsed": 1747.158322, "delta": 5.45459}}
{"target": -0.28565019429163296, "params": {"bus_acc": 2.4255, "bus_dcc": 3.2279, "bus_lcAssertive": 5.2044, "bus_lcCooperative": 0.1331, "bus_lcLookaheadLeft": 20.3622, "bus_lcPushy": 0.3295, "bus_lcSigma": 0.6769, "bus_lcSpeedGainRight": 3.7045, "bus_lcSublane": 0.3638, "bus_sigma": 0.0233, "bus_tau_mean": 1.0671, "bus_tau_std": 1.5041, "bus_v_mean": 9.1587, "bus_v_std": 7.2462, "car_acc": 4.7082, "car_dcc": 3.0675, "car_lcAssertive": 38.7027, "car_lcCooperative": 0.4702, "car_lcLookaheadLeft": 11.6364, "car_lcPushy": 0.3349, "car_lcSigma": 0.8197, "car_lcSpeedGainRight": 2.3133, "car_lcSublane": 0.0569, "car_sigma": 0.2248, "car_tau_mean": 3.9377, "car_tau_std": 3.2745, "car_v_mean": 20.3609, "car_v_std": 13.5708}, "datetime": {"datetime": "2024-08-08 17:52:46", "elapsed": 1751.134471, "delta": 3.976149}}
{"target": -0.2973727038660111, "params": {"bus_acc": 2.5679, "bus_dcc": 1.3029, "bus_lcAssertive": 43.0007, "bus_lcCooperative": 0.3964, "bus_lcLookaheadLeft": 11.5487, "bus_lcPushy": 0.7279, "bus_lcSigma": 0.9611, "bus_lcSpeedGainRight": 4.8058, "bus_lcSublane": 0.7217, "bus_sigma": 0.9461, "bus_tau_mean": 2.9535, "bus_tau_std": 0.7202, "bus_v_mean": 15.6788, "bus_v_std": 12.8526, "car_acc": 2.6583, "car_dcc": 2.216, "car_lcAssertive": 10.4512, "car_lcCooperative": 0.2897, "car_lcLookaheadLeft": 38.1326, "car_lcPushy": 0.4138, "car_lcSigma": 0.8875, "car_lcSpeedGainRight": 1.5835, "car_lcSublane": 0.9665, "car_sigma": 0.0981, "car_tau_mean": 3.751, "car_tau_std": 5.4434, "car_v_mean": 16.3977, "car_v_std": 10.6385}, "datetime": {"datetime": "2024-08-08 17:53:10", "elapsed": 1776.029495, "delta": 24.895024}}
