{"target": -0.042731622562186676, "params": {"bus_acc": 2.31, "bus_dcc": 1.83, "bus_lcAssertive": 57.0, "bus_lcCooperative": 0.36, "bus_lcLookaheadLeft": 37.9, "bus_lcPushy": 0.82, "bus_lcSublane": 0.34, "bus_max_v": 15.44, "bus_tau_mean": 2.59, "bus_tau_std": 7.21, "car_acc": 1.09, "car_dcc": 2.01, "car_lcAssertive": 35.17, "car_lcCooperative": 0.97, "car_lcLookaheadLeft": 72.01, "car_lcPushy": 0.27, "car_lcSublane": 0.39, "car_max_v": 13.77, "car_tau_mean": 2.45, "car_tau_std": 5.68}, "datetime": {"datetime": "2024-08-03 22:14:25", "elapsed": 2698.117395, "delta": 6.167718}}
{"target": -0.056859016748672865, "params": {"bus_acc": 1.74, "bus_dcc": 1.53, "bus_lcAssertive": 87.91, "bus_lcCooperative": 0.17, "bus_lcLookaheadLeft": 72.87, "bus_lcPushy": 0.72, "bus_lcSublane": 0.09, "bus_max_v": 21.17, "bus_tau_mean": 0.76, "bus_tau_std": 5.81, "car_acc": 2.64, "car_dcc": 3.41, "car_lcAssertive": 83.17, "car_lcCooperative": 0.16, "car_lcLookaheadLeft": 76.51, "car_lcPushy": 0.13, "car_lcSublane": 0.96, "car_max_v": 19.22, "car_tau_mean": 1.99, "car_tau_std": 2.92}, "datetime": {"datetime": "2024-08-03 22:14:41", "elapsed": 2713.401512, "delta": 15.284117}}
{"target": -0.04762359984907424, "params": {"bus_acc": 2.14, "bus_dcc": 3.32, "bus_lcAssertive": 32.37, "bus_lcCooperative": 0.7, "bus_lcLookaheadLeft": 74.88, "bus_lcPushy": 0.07, "bus_lcSublane": 0.59, "bus_max_v": 20.05, "bus_tau_mean": 1.84, "bus_tau_std": 1.01, "car_acc": 1.19, "car_dcc": 3.47, "car_lcAssertive": 95.81, "car_lcCooperative": 0.33, "car_lcLookaheadLeft": 69.77, "car_lcPushy": 0.74, "car_lcSublane": 0.56, "car_max_v": 20.11, "car_tau_mean": 2.2, "car_tau_std": 7.07}, "datetime": {"datetime": "2024-08-03 22:14:43", "elapsed": 2715.693277, "delta": 2.291765}}
{"target": -0.05036172052657373, "params": {"bus_acc": 1.63, "bus_dcc": 1.29, "bus_lcAssertive": 36.45, "bus_lcCooperative": 0.64, "bus_lcLookaheadLeft": 71.89, "bus_lcPushy": 0.96, "bus_lcSublane": 0.86, "bus_max_v": 10.58, "bus_tau_mean": 3.36, "bus_tau_std": 9.91, "car_acc": 1.92, "car_dcc": 3.39, "car_lcAssertive": 23.18, "car_lcCooperative": 0.5, "car_lcLookaheadLeft": 37.23, "car_lcPushy": 0.46, "car_lcSublane": 0.08, "car_max_v": 15.64, "car_tau_mean": 1.96, "car_tau_std": 6.56}, "datetime": {"datetime": "2024-08-03 22:14:51", "elapsed": 2723.913967, "delta": 8.22069}}
{"target": -0.04604425577825632, "params": {"bus_acc": 2.29, "bus_dcc": 1.92, "bus_lcAssertive": 46.43, "bus_lcCooperative": 0.84, "bus_lcLookaheadLeft": 29.98, "bus_lcPushy": 0.34, "bus_lcSublane": 0.96, "bus_max_v": 21.12, "bus_tau_mean": 3.31, "bus_tau_std": 9.53, "car_acc": 1.1, "car_dcc": 1.38, "car_lcAssertive": 83.28, "car_lcCooperative": 0.24, "car_lcLookaheadLeft": 6.72, "car_lcPushy": 0.04, "car_lcSublane": 0.01, "car_max_v": 13.09, "car_tau_mean": 1.48, "car_tau_std": 0.17}, "datetime": {"datetime": "2024-08-03 22:15:07", "elapsed": 2740.211547, "delta": 16.29758}}
{"target": -0.029673115127265157, "params": {"bus_acc": 1.16, "bus_dcc": 1.91, "bus_lcAssertive": 92.52, "bus_lcCooperative": 0.79, "bus_lcLookaheadLeft": 13.95, "bus_lcPushy": 0.95, "bus_lcSublane": 0.05, "bus_max_v": 15.86, "bus_tau_mean": 2.17, "bus_tau_std": 5.9, "car_acc": 1.74, "car_dcc": 2.48, "car_lcAssertive": 69.42, "car_lcCooperative": 0.69, "car_lcLookaheadLeft": 17.44, "car_lcPushy": 0.88, "car_lcSublane": 0.5, "car_max_v": 15.26, "car_tau_mean": 2.55, "car_tau_std": 0.04}, "datetime": {"datetime": "2024-08-03 22:15:19", "elapsed": 2751.445303, "delta": 11.233756}}
{"target": -0.05541821225310195, "params": {"bus_acc": 2.54, "bus_dcc": 3.96, "bus_lcAssertive": 3.59, "bus_lcCooperative": 0.59, "bus_lcLookaheadLeft": 97.36, "bus_lcPushy": 0.79, "bus_lcSublane": 0.81, "bus_max_v": 12.11, "bus_tau_mean": 1.21, "bus_tau_std": 9.87, "car_acc": 2.66, "car_dcc": 1.44, "car_lcAssertive": 98.1, "car_lcCooperative": 0.14, "car_lcLookaheadLeft": 69.17, "car_lcPushy": 0.76, "car_lcSublane": 0.74, "car_max_v": 21.04, "car_tau_mean": 1.23, "car_tau_std": 9.8}, "datetime": {"datetime": "2024-08-03 22:15:25", "elapsed": 2758.215031, "delta": 6.769728}}
{"target": -0.048637491069607325, "params": {"bus_acc": 1.0, "bus_dcc": 2.48, "bus_lcAssertive": 56.32, "bus_lcCooperative": 0.4, "bus_lcLookaheadLeft": 38.27, "bus_lcPushy": 0.68, "bus_lcSublane": 0.96, "bus_max_v": 10.92, "bus_tau_mean": 3.56, "bus_tau_std": 3.76, "car_acc": 1.34, "car_dcc": 2.67, "car_lcAssertive": 76.74, "car_lcCooperative": 0.86, "car_lcLookaheadLeft": 20.09, "car_lcPushy": 0.84, "car_lcSublane": 0.61, "car_max_v": 16.04, "car_tau_mean": 1.65, "car_tau_std": 3.18}, "datetime": {"datetime": "2024-08-03 22:15:31", "elapsed": 2764.014075, "delta": 5.799044}}
{"target": -0.038543198090643466, "params": {"bus_acc": 1.61, "bus_dcc": 3.65, "bus_lcAssertive": 95.08, "bus_lcCooperative": 0.35, "bus_lcLookaheadLeft": 10.07, "bus_lcPushy": 0.08, "bus_lcSublane": 0.6, "bus_max_v": 23.4, "bus_tau_mean": 2.46, "bus_tau_std": 5.52, "car_acc": 2.63, "car_dcc": 2.89, "car_lcAssertive": 15.44, "car_lcCooperative": 0.18, "car_lcLookaheadLeft": 87.09, "car_lcPushy": 0.2, "car_lcSublane": 0.95, "car_max_v": 7.72, "car_tau_mean": 3.59, "car_tau_std": 1.72}, "datetime": {"datetime": "2024-08-03 22:15:44", "elapsed": 2776.606358, "delta": 12.592283}}
{"target": -0.050874518229785524, "params": {"bus_acc": 2.81, "bus_dcc": 2.89, "bus_lcAssertive": 96.06, "bus_lcCooperative": 0.27, "bus_lcLookaheadLeft": 4.97, "bus_lcPushy": 0.21, "bus_lcSublane": 0.24, "bus_max_v": 24.33, "bus_tau_mean": 3.93, "bus_tau_std": 1.2, "car_acc": 1.75, "car_dcc": 1.23, "car_lcAssertive": 85.51, "car_lcCooperative": 0.03, "car_lcLookaheadLeft": 17.72, "car_lcPushy": 0.53, "car_lcSublane": 0.87, "car_max_v": 21.0, "car_tau_mean": 2.01, "car_tau_std": 4.37}, "datetime": {"datetime": "2024-08-03 22:15:47", "elapsed": 2780.289578, "delta": 3.68322}}
{"target": -0.052684184915043085, "params": {"bus_acc": 2.65, "bus_dcc": 3.62, "bus_lcAssertive": 60.63, "bus_lcCooperative": 0.75, "bus_lcLookaheadLeft": 61.54, "bus_lcPushy": 0.03, "bus_lcSublane": 0.89, "bus_max_v": 13.14, "bus_tau_mean": 1.76, "bus_tau_std": 8.84, "car_acc": 1.86, "car_dcc": 1.41, "car_lcAssertive": 34.66, "car_lcCooperative": 0.23, "car_lcLookaheadLeft": 24.94, "car_lcPushy": 0.81, "car_lcSublane": 0.38, "car_max_v": 16.42, "car_tau_mean": 2.1, "car_tau_std": 2.89}, "datetime": {"datetime": "2024-08-03 22:16:23", "elapsed": 2815.957875, "delta": 35.668297}}
{"target": -0.05427766536706375, "params": {"bus_acc": 1.21, "bus_dcc": 1.13, "bus_lcAssertive": 33.82, "bus_lcCooperative": 0.46, "bus_lcLookaheadLeft": 41.46, "bus_lcPushy": 0.71, "bus_lcSublane": 0.71, "bus_max_v": 13.48, "bus_tau_mean": 2.3, "bus_tau_std": 9.09, "car_acc": 1.89, "car_dcc": 1.77, "car_lcAssertive": 89.38, "car_lcCooperative": 0.72, "car_lcLookaheadLeft": 47.43, "car_lcPushy": 0.75, "car_lcSublane": 0.12, "car_max_v": 21.8, "car_tau_mean": 2.54, "car_tau_std": 1.38}, "datetime": {"datetime": "2024-08-03 22:16:29", "elapsed": 2822.153746, "delta": 6.195871}}
{"target": -0.04986357057750348, "params": {"bus_acc": 2.41, "bus_dcc": 1.67, "bus_lcAssertive": 36.6, "bus_lcCooperative": 0.6, "bus_lcLookaheadLeft": 42.25, "bus_lcPushy": 0.51, "bus_lcSublane": 0.57, "bus_max_v": 18.24, "bus_tau_mean": 2.05, "bus_tau_std": 3.29, "car_acc": 2.7, "car_dcc": 2.5, "car_lcAssertive": 97.89, "car_lcCooperative": 0.64, "car_lcLookaheadLeft": 63.6, "car_lcPushy": 0.82, "car_lcSublane": 0.22, "car_max_v": 13.79, "car_tau_mean": 2.25, "car_tau_std": 5.77}, "datetime": {"datetime": "2024-08-03 22:16:33", "elapsed": 2826.008555, "delta": 3.854809}}
{"target": -0.04937311039125938, "params": {"bus_acc": 2.66, "bus_dcc": 3.11, "bus_lcAssertive": 82.62, "bus_lcCooperative": 0.41, "bus_lcLookaheadLeft": 84.02, "bus_lcPushy": 0.62, "bus_lcSublane": 0.56, "bus_max_v": 24.48, "bus_tau_mean": 3.33, "bus_tau_std": 5.76, "car_acc": 2.81, "car_dcc": 1.1, "car_lcAssertive": 36.37, "car_lcCooperative": 0.97, "car_lcLookaheadLeft": 81.81, "car_lcPushy": 0.83, "car_lcSublane": 0.05, "car_max_v": 15.32, "car_tau_mean": 3.22, "car_tau_std": 0.97}, "datetime": {"datetime": "2024-08-03 22:16:41", "elapsed": 2833.854008, "delta": 7.845453}}
{"target": -0.05133159467671308, "params": {"bus_acc": 2.56, "bus_dcc": 1.57, "bus_lcAssertive": 81.34, "bus_lcCooperative": 0.11, "bus_lcLookaheadLeft": 41.94, "bus_lcPushy": 0.15, "bus_lcSublane": 0.65, "bus_max_v": 24.7, "bus_tau_mean": 2.65, "bus_tau_std": 9.97, "car_acc": 1.53, "car_dcc": 2.62, "car_lcAssertive": 11.78, "car_lcCooperative": 0.86, "car_lcLookaheadLeft": 59.16, "car_lcPushy": 0.64, "car_lcSublane": 0.24, "car_max_v": 21.22, "car_tau_mean": 2.64, "car_tau_std": 9.85}, "datetime": {"datetime": "2024-08-03 22:17:02", "elapsed": 2855.236472, "delta": 21.382464}}
{"target": -0.05650610540542139, "params": {"bus_acc": 2.67, "bus_dcc": 3.19, "bus_lcAssertive": 39.39, "bus_lcCooperative": 0.08, "bus_lcLookaheadLeft": 99.88, "bus_lcPushy": 0.22, "bus_lcSublane": 0.03, "bus_max_v": 6.45, "bus_tau_mean": 1.69, "bus_tau_std": 7.89, "car_acc": 1.62, "car_dcc": 1.89, "car_lcAssertive": 65.38, "car_lcCooperative": 0.31, "car_lcLookaheadLeft": 46.52, "car_lcPushy": 0.83, "car_lcSublane": 0.23, "car_max_v": 9.91, "car_tau_mean": 3.61, "car_tau_std": 1.67}, "datetime": {"datetime": "2024-08-03 22:17:05", "elapsed": 2857.496993, "delta": 2.260521}}
{"target": -0.047918468355124554, "params": {"bus_acc": 2.1, "bus_dcc": 3.43, "bus_lcAssertive": 28.03, "bus_lcCooperative": 0.18, "bus_lcLookaheadLeft": 51.41, "bus_lcPushy": 0.18, "bus_lcSublane": 0.23, "bus_max_v": 17.42, "bus_tau_mean": 1.9, "bus_tau_std": 9.1, "car_acc": 2.16, "car_dcc": 3.36, "car_lcAssertive": 7.1, "car_lcCooperative": 0.17, "car_lcLookaheadLeft": 57.21, "car_lcPushy": 0.47, "car_lcSublane": 0.91, "car_max_v": 15.09, "car_tau_mean": 1.44, "car_tau_std": 6.13}, "datetime": {"datetime": "2024-08-03 22:17:11", "elapsed": 2864.240268, "delta": 6.743275}}
{"target": -0.04944053578814036, "params": {"bus_acc": 1.63, "bus_dcc": 3.28, "bus_lcAssertive": 69.97, "bus_lcCooperative": 0.69, "bus_lcLookaheadLeft": 87.46, "bus_lcPushy": 0.51, "bus_lcSublane": 0.4, "bus_max_v": 24.27, "bus_tau_mean": 3.49, "bus_tau_std": 4.62, "car_acc": 1.76, "car_dcc": 1.85, "car_lcAssertive": 95.89, "car_lcCooperative": 0.77, "car_lcLookaheadLeft": 86.28, "car_lcPushy": 0.35, "car_lcSublane": 0.79, "car_max_v": 13.11, "car_tau_mean": 2.93, "car_tau_std": 9.15}, "datetime": {"datetime": "2024-08-03 22:17:17", "elapsed": 2869.909707, "delta": 5.669439}}
{"target": -0.05753611875947895, "params": {"bus_acc": 1.61, "bus_dcc": 2.31, "bus_lcAssertive": 10.32, "bus_lcCooperative": 0.91, "bus_lcLookaheadLeft": 46.73, "bus_lcPushy": 0.34, "bus_lcSublane": 0.31, "bus_max_v": 15.15, "bus_tau_mean": 3.97, "bus_tau_std": 3.3, "car_acc": 2.08, "car_dcc": 2.21, "car_lcAssertive": 77.68, "car_lcCooperative": 0.57, "car_lcLookaheadLeft": 84.66, "car_lcPushy": 0.24, "car_lcSublane": 0.42, "car_max_v": 21.43, "car_tau_mean": 1.27, "car_tau_std": 9.35}, "datetime": {"datetime": "2024-08-03 22:17:43", "elapsed": 2895.442805, "delta": 25.533098}}
{"target": -0.11576405941564889, "params": {"bus_acc": 1.71, "bus_dcc": 2.01, "bus_lcAssertive": 46.25, "bus_lcCooperative": 0.67, "bus_lcLookaheadLeft": 48.33, "bus_lcPushy": 0.14, "bus_lcSublane": 0.29, "bus_max_v": 5.1, "bus_tau_mean": 3.05, "bus_tau_std": 0.37, "car_acc": 2.28, "car_dcc": 2.86, "car_lcAssertive": 3.88, "car_lcCooperative": 0.13, "car_lcLookaheadLeft": 42.38, "car_lcPushy": 0.57, "car_lcSublane": 0.67, "car_max_v": 15.39, "car_tau_mean": 2.86, "car_tau_std": 4.38}, "datetime": {"datetime": "2024-08-03 22:17:51", "elapsed": 2903.96721, "delta": 8.524405}}
{"target": -0.055256830331145666, "params": {"bus_acc": 2.94, "bus_dcc": 1.39, "bus_lcAssertive": 13.21, "bus_lcCooperative": 0.9, "bus_lcLookaheadLeft": 66.55, "bus_lcPushy": 0.37, "bus_lcSublane": 0.63, "bus_max_v": 8.87, "bus_tau_mean": 3.39, "bus_tau_std": 5.43, "car_acc": 1.92, "car_dcc": 1.99, "car_lcAssertive": 77.75, "car_lcCooperative": 0.61, "car_lcLookaheadLeft": 53.25, "car_lcPushy": 0.08, "car_lcSublane": 0.42, "car_max_v": 19.03, "car_tau_mean": 3.82, "car_tau_std": 5.29}, "datetime": {"datetime": "2024-08-03 22:18:01", "elapsed": 2913.896313, "delta": 9.929103}}
{"target": -0.04015437961692354, "params": {"bus_acc": 2.48, "bus_dcc": 2.7, "bus_lcAssertive": 61.22, "bus_lcCooperative": 0.28, "bus_lcLookaheadLeft": 46.95, "bus_lcPushy": 0.88, "bus_lcSublane": 0.62, "bus_max_v": 20.28, "bus_tau_mean": 2.33, "bus_tau_std": 5.12, "car_acc": 1.31, "car_dcc": 1.29, "car_lcAssertive": 16.72, "car_lcCooperative": 0.81, "car_lcLookaheadLeft": 34.23, "car_lcPushy": 0.38, "car_lcSublane": 0.71, "car_max_v": 10.31, "car_tau_mean": 1.41, "car_tau_std": 4.38}, "datetime": {"datetime": "2024-08-03 22:18:16", "elapsed": 2928.400921, "delta": 14.504608}}
{"target": -0.04088996894244983, "params": {"bus_acc": 2.1, "bus_dcc": 2.49, "bus_lcAssertive": 22.76, "bus_lcCooperative": 0.21, "bus_lcLookaheadLeft": 55.4, "bus_lcPushy": 0.04, "bus_lcSublane": 0.31, "bus_max_v": 23.3, "bus_tau_mean": 3.43, "bus_tau_std": 2.51, "car_acc": 1.41, "car_dcc": 2.17, "car_lcAssertive": 6.61, "car_lcCooperative": 0.23, "car_lcLookaheadLeft": 75.6, "car_lcPushy": 0.11, "car_lcSublane": 0.15, "car_max_v": 7.44, "car_tau_mean": 0.92, "car_tau_std": 9.36}, "datetime": {"datetime": "2024-08-03 22:18:29", "elapsed": 2941.962568, "delta": 13.561647}}
{"target": -0.04856731257468825, "params": {"bus_acc": 2.02, "bus_dcc": 3.54, "bus_lcAssertive": 72.64, "bus_lcCooperative": 0.74, "bus_lcLookaheadLeft": 21.96, "bus_lcPushy": 0.64, "bus_lcSublane": 0.77, "bus_max_v": 24.35, "bus_tau_mean": 3.18, "bus_tau_std": 7.19, "car_acc": 1.52, "car_dcc": 1.1, "car_lcAssertive": 67.18, "car_lcCooperative": 0.06, "car_lcLookaheadLeft": 4.84, "car_lcPushy": 0.72, "car_lcSublane": 0.05, "car_max_v": 17.19, "car_tau_mean": 3.88, "car_tau_std": 6.22}, "datetime": {"datetime": "2024-08-03 22:18:42", "elapsed": 2954.594613, "delta": 12.632045}}
{"target": -0.049824684429927706, "params": {"bus_acc": 1.02, "bus_dcc": 1.14, "bus_lcAssertive": 76.85, "bus_lcCooperative": 0.24, "bus_lcLookaheadLeft": 52.83, "bus_lcPushy": 0.86, "bus_lcSublane": 0.77, "bus_max_v": 14.47, "bus_tau_mean": 3.55, "bus_tau_std": 3.54, "car_acc": 2.51, "car_dcc": 3.37, "car_lcAssertive": 16.65, "car_lcCooperative": 0.53, "car_lcLookaheadLeft": 76.22, "car_lcPushy": 0.03, "car_lcSublane": 0.38, "car_max_v": 14.55, "car_tau_mean": 2.4, "car_tau_std": 9.21}, "datetime": {"datetime": "2024-08-03 22:18:47", "elapsed": 2960.282699, "delta": 5.688086}}
{"target": -0.04411520386352428, "params": {"bus_acc": 2.85, "bus_dcc": 2.34, "bus_lcAssertive": 48.37, "bus_lcCooperative": 0.49, "bus_lcLookaheadLeft": 60.97, "bus_lcPushy": 0.82, "bus_lcSublane": 0.65, "bus_max_v": 22.41, "bus_tau_mean": 3.17, "bus_tau_std": 3.92, "car_acc": 1.2, "car_dcc": 3.45, "car_lcAssertive": 34.95, "car_lcCooperative": 0.8, "car_lcLookaheadLeft": 7.55, "car_lcPushy": 0.79, "car_lcSublane": 0.31, "car_max_v": 18.05, "car_tau_mean": 2.25, "car_tau_std": 7.36}, "datetime": {"datetime": "2024-08-03 22:18:51", "elapsed": 2963.672593, "delta": 3.389894}}
{"target": -0.056085014821034194, "params": {"bus_acc": 1.93, "bus_dcc": 2.15, "bus_lcAssertive": 79.59, "bus_lcCooperative": 0.87, "bus_lcLookaheadLeft": 4.54, "bus_lcPushy": 0.55, "bus_lcSublane": 0.65, "bus_max_v": 21.99, "bus_tau_mean": 1.09, "bus_tau_std": 5.33, "car_acc": 1.78, "car_dcc": 3.21, "car_lcAssertive": 55.58, "car_lcCooperative": 0.12, "car_lcLookaheadLeft": 89.9, "car_lcPushy": 0.64, "car_lcSublane": 0.56, "car_max_v": 17.99, "car_tau_mean": 1.0, "car_tau_std": 8.19}, "datetime": {"datetime": "2024-08-03 22:18:55", "elapsed": 2968.103143, "delta": 4.43055}}
{"target": -0.050450517800437245, "params": {"bus_acc": 2.15, "bus_dcc": 2.97, "bus_lcAssertive": 29.5, "bus_lcCooperative": 0.22, "bus_lcLookaheadLeft": 4.78, "bus_lcPushy": 0.85, "bus_lcSublane": 0.53, "bus_max_v": 22.07, "bus_tau_mean": 1.69, "bus_tau_std": 8.07, "car_acc": 2.35, "car_dcc": 2.84, "car_lcAssertive": 84.83, "car_lcCooperative": 0.61, "car_lcLookaheadLeft": 95.55, "car_lcPushy": 0.13, "car_lcSublane": 0.96, "car_max_v": 6.5, "car_tau_mean": 2.92, "car_tau_std": 4.39}, "datetime": {"datetime": "2024-08-03 22:18:59", "elapsed": 2971.585706, "delta": 3.482563}}
{"target": -0.047791148532236205, "params": {"bus_acc": 1.43, "bus_dcc": 3.61, "bus_lcAssertive": 89.82, "bus_lcCooperative": 0.06, "bus_lcLookaheadLeft": 15.4, "bus_lcPushy": 0.23, "bus_lcSublane": 0.28, "bus_max_v": 17.84, "bus_tau_mean": 0.54, "bus_tau_std": 2.88, "car_acc": 2.21, "car_dcc": 1.16, "car_lcAssertive": 22.53, "car_lcCooperative": 0.03, "car_lcLookaheadLeft": 51.68, "car_lcPushy": 0.36, "car_lcSublane": 0.5, "car_max_v": 7.74, "car_tau_mean": 1.11, "car_tau_std": 0.81}, "datetime": {"datetime": "2024-08-03 22:19:01", "elapsed": 2973.976924, "delta": 2.391218}}
{"target": -0.04255685747857595, "params": {"bus_acc": 1.76, "bus_dcc": 3.16, "bus_lcAssertive": 92.48, "bus_lcCooperative": 0.45, "bus_lcLookaheadLeft": 91.26, "bus_lcPushy": 0.18, "bus_lcSublane": 0.9, "bus_max_v": 11.28, "bus_tau_mean": 1.25, "bus_tau_std": 5.63, "car_acc": 1.07, "car_dcc": 2.13, "car_lcAssertive": 19.3, "car_lcCooperative": 0.84, "car_lcLookaheadLeft": 29.69, "car_lcPushy": 0.04, "car_lcSublane": 0.4, "car_max_v": 15.06, "car_tau_mean": 3.26, "car_tau_std": 4.21}, "datetime": {"datetime": "2024-08-03 22:19:05", "elapsed": 2977.786324, "delta": 3.8094}}
{"target": -0.08760997307730083, "params": {"bus_acc": 2.91, "bus_dcc": 2.98, "bus_lcAssertive": 3.24, "bus_lcCooperative": 0.55, "bus_lcLookaheadLeft": 19.02, "bus_lcPushy": 0.12, "bus_lcSublane": 0.74, "bus_max_v": 8.72, "bus_tau_mean": 3.74, "bus_tau_std": 0.63, "car_acc": 2.4, "car_dcc": 2.62, "car_lcAssertive": 71.26, "car_lcCooperative": 0.74, "car_lcLookaheadLeft": 84.67, "car_lcPushy": 0.8, "car_lcSublane": 0.07, "car_max_v": 10.85, "car_tau_mean": 1.97, "car_tau_std": 6.29}, "datetime": {"datetime": "2024-08-03 22:19:17", "elapsed": 2989.862296, "delta": 12.075972}}
{"target": -0.04299201975169777, "params": {"bus_acc": 2.14, "bus_dcc": 3.61, "bus_lcAssertive": 54.92, "bus_lcCooperative": 0.25, "bus_lcLookaheadLeft": 16.51, "bus_lcPushy": 0.24, "bus_lcSublane": 0.79, "bus_max_v": 11.91, "bus_tau_mean": 0.63, "bus_tau_std": 8.88, "car_acc": 1.0, "car_dcc": 2.67, "car_lcAssertive": 34.0, "car_lcCooperative": 0.95, "car_lcLookaheadLeft": 65.99, "car_lcPushy": 0.09, "car_lcSublane": 0.78, "car_max_v": 5.06, "car_tau_mean": 1.94, "car_tau_std": 8.63}, "datetime": {"datetime": "2024-08-03 22:19:21", "elapsed": 2993.607801, "delta": 3.745505}}
{"target": -0.046003997871429, "params": {"bus_acc": 1.45, "bus_dcc": 2.19, "bus_lcAssertive": 38.98, "bus_lcCooperative": 0.32, "bus_lcLookaheadLeft": 98.45, "bus_lcPushy": 0.49, "bus_lcSublane": 0.37, "bus_max_v": 20.88, "bus_tau_mean": 1.22, "bus_tau_std": 1.07, "car_acc": 1.18, "car_dcc": 2.01, "car_lcAssertive": 68.73, "car_lcCooperative": 1.0, "car_lcLookaheadLeft": 43.2, "car_lcPushy": 0.43, "car_lcSublane": 0.5, "car_max_v": 7.81, "car_tau_mean": 1.36, "car_tau_std": 2.55}, "datetime": {"datetime": "2024-08-03 22:19:24", "elapsed": 2996.779192, "delta": 3.171391}}
{"target": -0.056706976803937735, "params": {"bus_acc": 2.58, "bus_dcc": 1.89, "bus_lcAssertive": 53.45, "bus_lcCooperative": 0.3, "bus_lcLookaheadLeft": 42.23, "bus_lcPushy": 0.77, "bus_lcSublane": 0.66, "bus_max_v": 15.94, "bus_tau_mean": 0.87, "bus_tau_std": 7.32, "car_acc": 2.18, "car_dcc": 3.05, "car_lcAssertive": 76.6, "car_lcCooperative": 0.89, "car_lcLookaheadLeft": 73.95, "car_lcPushy": 0.05, "car_lcSublane": 0.06, "car_max_v": 24.12, "car_tau_mean": 2.15, "car_tau_std": 5.68}, "datetime": {"datetime": "2024-08-03 22:19:28", "elapsed": 3001.385563, "delta": 4.606371}}
{"target": -0.049729070914999805, "params": {"bus_acc": 2.08, "bus_dcc": 3.72, "bus_lcAssertive": 92.46, "bus_lcCooperative": 0.36, "bus_lcLookaheadLeft": 77.83, "bus_lcPushy": 0.88, "bus_lcSublane": 0.99, "bus_max_v": 17.29, "bus_tau_mean": 0.59, "bus_tau_std": 6.87, "car_acc": 2.53, "car_dcc": 2.83, "car_lcAssertive": 51.61, "car_lcCooperative": 0.29, "car_lcLookaheadLeft": 73.86, "car_lcPushy": 0.75, "car_lcSublane": 0.87, "car_max_v": 11.8, "car_tau_mean": 2.88, "car_tau_std": 5.7}, "datetime": {"datetime": "2024-08-03 22:19:31", "elapsed": 3003.789921, "delta": 2.404358}}
{"target": -0.04437419652797164, "params": {"bus_acc": 1.16, "bus_dcc": 3.66, "bus_lcAssertive": 60.43, "bus_lcCooperative": 0.98, "bus_lcLookaheadLeft": 82.64, "bus_lcPushy": 0.69, "bus_lcSublane": 0.3, "bus_max_v": 24.63, "bus_tau_mean": 1.79, "bus_tau_std": 0.74, "car_acc": 1.72, "car_dcc": 3.92, "car_lcAssertive": 17.59, "car_lcCooperative": 0.05, "car_lcLookaheadLeft": 55.49, "car_lcPushy": 0.9, "car_lcSublane": 0.1, "car_max_v": 16.04, "car_tau_mean": 0.57, "car_tau_std": 0.0}, "datetime": {"datetime": "2024-08-03 22:19:34", "elapsed": 3007.265516, "delta": 3.475595}}
{"target": -0.05560437802134788, "params": {"bus_acc": 1.91, "bus_dcc": 2.38, "bus_lcAssertive": 21.14, "bus_lcCooperative": 0.29, "bus_lcLookaheadLeft": 83.87, "bus_lcPushy": 0.9, "bus_lcSublane": 0.76, "bus_max_v": 11.13, "bus_tau_mean": 2.94, "bus_tau_std": 7.54, "car_acc": 2.23, "car_dcc": 3.22, "car_lcAssertive": 34.38, "car_lcCooperative": 0.95, "car_lcLookaheadLeft": 71.72, "car_lcPushy": 0.11, "car_lcSublane": 0.26, "car_max_v": 21.83, "car_tau_mean": 3.93, "car_tau_std": 8.2}, "datetime": {"datetime": "2024-08-03 22:19:39", "elapsed": 3012.126555, "delta": 4.861039}}
