{"target": -0.3048955867844461, "params": {"bus_acc": 1.3462, "bus_dcc": 3.1899, "bus_lcAssertive": 29.3675, "bus_lcCooperative": 0.7979, "bus_lcLookaheadLeft": 62.27, "bus_lcPushy": 0.2382, "bus_lcSigma": 0.5319, "bus_lcSpeedGainRight": 4.4678, "bus_lcSublane": 0.748, "bus_sigma": 0.9748, "bus_tau_mean": 2.0723, "bus_tau_std": 8.1838, "bus_v_mean": 15.126, "bus_v_std": 8.1205, "car_acc": 2.8186, "car_dcc": 2.4916, "car_lcAssertive": 70.3286, "car_lcCooperative": 0.2138, "car_lcLookaheadLeft": 45.3647, "car_lcPushy": 0.6091, "car_lcSigma": 0.2535, "car_lcSpeedGainRight": 1.5959, "car_lcSublane": 0.1586, "car_sigma": 0.0205, "car_tau_mean": 3.0942, "car_tau_std": 3.1936, "car_v_mean": 23.3333, "car_v_std": 7.1667}, "datetime": {"datetime": "2024-08-08 18:46:51", "elapsed": 4997.073119, "delta": 21.332852}}
{"target": -0.3374776353061546, "params": {"bus_acc": 2.4114, "bus_dcc": 2.9502, "bus_lcAssertive": 25.6712, "bus_lcCooperative": 0.3533, "bus_lcLookaheadLeft": 76.6966, "bus_lcPushy": 0.413, "bus_lcSigma": 0.283, "bus_lcSpeedGainRight": 3.4538, "bus_lcSublane": 0.7629, "bus_sigma": 0.4808, "bus_tau_mean": 3.7093, "bus_tau_std": 9.0407, "bus_v_mean": 14.1379, "bus_v_std": 5.668, "car_acc": 1.0548, "car_dcc": 2.8763, "car_lcAssertive": 22.91, "car_lcCooperative": 0.8222, "car_lcLookaheadLeft": 46.7601, "car_lcPushy": 0.6764, "car_lcSigma": 0.5411, "car_lcSpeedGainRight": 0.3319, "car_lcSublane": 0.6078, "car_sigma": 0.5042, "car_tau_mean": 1.5933, "car_tau_std": 9.7874, "car_v_mean": 16.7209, "car_v_std": 3.4572}, "datetime": {"datetime": "2024-08-08 18:47:10", "elapsed": 5015.456019, "delta": 18.3829}}
{"target": -0.3067631021098751, "params": {"bus_acc": 2.4572, "bus_dcc": 3.249, "bus_lcAssertive": 81.969, "bus_lcCooperative": 0.0338, "bus_lcLookaheadLeft": 89.1422, "bus_lcPushy": 0.5688, "bus_lcSigma": 0.6869, "bus_lcSpeedGainRight": 2.162, "bus_lcSublane": 0.1469, "bus_sigma": 0.0358, "bus_tau_mean": 2.9223, "bus_tau_std": 5.2448, "bus_v_mean": 9.0388, "bus_v_std": 13.539, "car_acc": 4.45, "car_dcc": 1.7085, "car_lcAssertive": 64.0596, "car_lcCooperative": 0.1109, "car_lcLookaheadLeft": 98.9791, "car_lcPushy": 0.4376, "car_lcSigma": 0.1756, "car_lcSpeedGainRight": 2.0599, "car_lcSublane": 0.0731, "car_sigma": 0.7232, "car_tau_mean": 0.5231, "car_tau_std": 9.6606, "car_v_mean": 16.6048, "car_v_std": 10.2244}, "datetime": {"datetime": "2024-08-08 18:47:35", "elapsed": 5040.889562, "delta": 25.433543}}
{"target": -0.31885313830194745, "params": {"bus_acc": 1.9232, "bus_dcc": 3.9022, "bus_lcAssertive": 93.9313, "bus_lcCooperative": 0.9481, "bus_lcLookaheadLeft": 77.3468, "bus_lcPushy": 0.1314, "bus_lcSigma": 0.1871, "bus_lcSpeedGainRight": 3.3475, "bus_lcSublane": 0.9704, "bus_sigma": 0.0821, "bus_tau_mean": 1.348, "bus_tau_std": 9.6289, "bus_v_mean": 15.6625, "bus_v_std": 15.314, "car_acc": 2.6347, "car_dcc": 2.4079, "car_lcAssertive": 27.302, "car_lcCooperative": 0.0865, "car_lcLookaheadLeft": 82.7447, "car_lcPushy": 0.3885, "car_lcSigma": 0.2293, "car_lcSpeedGainRight": 2.7185, "car_lcSublane": 0.8797, "car_sigma": 0.0972, "car_tau_mean": 2.0686, "car_tau_std": 6.5391, "car_v_mean": 23.254, "car_v_std": 15.0905}, "datetime": {"datetime": "2024-08-08 18:47:59", "elapsed": 5064.92624, "delta": 24.036678}}
{"target": -0.31150516703749837, "params": {"bus_acc": 1.9856, "bus_dcc": 2.57, "bus_lcAssertive": 42.608, "bus_lcCooperative": 0.0862, "bus_lcLookaheadLeft": 42.0202, "bus_lcPushy": 0.9169, "bus_lcSigma": 0.7995, "bus_lcSpeedGainRight": 2.6446, "bus_lcSublane": 0.8972, "bus_sigma": 0.3834, "bus_tau_mean": 2.5961, "bus_tau_std": 5.1628, "bus_v_mean": 17.5357, "bus_v_std": 9.3739, "car_acc": 3.646, "car_dcc": 3.4056, "car_lcAssertive": 58.8903, "car_lcCooperative": 0.6073, "car_lcLookaheadLeft": 20.4415, "car_lcPushy": 0.1329, "car_lcSigma": 0.187, "car_lcSpeedGainRight": 2.8319, "car_lcSublane": 0.973, "car_sigma": 0.2089, "car_tau_mean": 1.5129, "car_tau_std": 9.0353, "car_v_mean": 18.5947, "car_v_std": 6.1069}, "datetime": {"datetime": "2024-08-08 18:48:20", "elapsed": 5085.184622, "delta": 20.258382}}
{"target": -0.28857827690238075, "params": {"bus_acc": 3.5526, "bus_dcc": 2.5105, "bus_lcAssertive": 42.2308, "bus_lcCooperative": 0.6759, "bus_lcLookaheadLeft": 12.5673, "bus_lcPushy": 0.8383, "bus_lcSigma": 0.3666, "bus_lcSpeedGainRight": 3.7036, "bus_lcSublane": 0.8584, "bus_sigma": 0.2434, "bus_tau_mean": 1.1348, "bus_tau_std": 8.5512, "bus_v_mean": 22.8036, "bus_v_std": 10.5331, "car_acc": 4.5312, "car_dcc": 1.7378, "car_lcAssertive": 73.9909, "car_lcCooperative": 0.3139, "car_lcLookaheadLeft": 98.2744, "car_lcPushy": 0.4737, "car_lcSigma": 0.4163, "car_lcSpeedGainRight": 4.8604, "car_lcSublane": 0.677, "car_sigma": 0.2316, "car_tau_mean": 1.0479, "car_tau_std": 4.6638, "car_v_mean": 11.7212, "car_v_std": 14.4788}, "datetime": {"datetime": "2024-08-08 18:48:41", "elapsed": 5106.73531, "delta": 21.550688}}
{"target": -0.32222195221882505, "params": {"bus_acc": 1.4714, "bus_dcc": 1.5086, "bus_lcAssertive": 44.0243, "bus_lcCooperative": 0.0214, "bus_lcLookaheadLeft": 86.1937, "bus_lcPushy": 0.2062, "bus_lcSigma": 0.6938, "bus_lcSpeedGainRight": 2.8222, "bus_lcSublane": 0.8162, "bus_sigma": 0.4223, "bus_tau_mean": 3.2039, "bus_tau_std": 0.4241, "bus_v_mean": 17.3735, "bus_v_std": 7.551, "car_acc": 3.7093, "car_dcc": 3.0634, "car_lcAssertive": 68.7718, "car_lcCooperative": 0.2534, "car_lcLookaheadLeft": 24.547, "car_lcPushy": 0.4046, "car_lcSigma": 0.2934, "car_lcSpeedGainRight": 0.6484, "car_lcSublane": 0.2235, "car_sigma": 0.5822, "car_tau_mean": 1.5949, "car_tau_std": 0.1197, "car_v_mean": 12.3637, "car_v_std": 9.6628}, "datetime": {"datetime": "2024-08-08 18:49:16", "elapsed": 5141.986269, "delta": 35.250959}}
{"target": -0.30069743202597, "params": {"bus_acc": 4.7502, "bus_dcc": 2.8897, "bus_lcAssertive": 40.0467, "bus_lcCooperative": 0.3744, "bus_lcLookaheadLeft": 25.8474, "bus_lcPushy": 0.9584, "bus_lcSigma": 0.1194, "bus_lcSpeedGainRight": 2.5384, "bus_lcSublane": 0.5391, "bus_sigma": 0.1196, "bus_tau_mean": 0.5682, "bus_tau_std": 1.3647, "bus_v_mean": 14.7033, "bus_v_std": 8.2287, "car_acc": 4.6067, "car_dcc": 2.736, "car_lcAssertive": 13.6106, "car_lcCooperative": 0.0868, "car_lcLookaheadLeft": 6.6177, "car_lcPushy": 0.9393, "car_lcSigma": 0.342, "car_lcSpeedGainRight": 2.4613, "car_lcSublane": 0.6011, "car_sigma": 0.7809, "car_tau_mean": 3.6292, "car_tau_std": 7.0174, "car_v_mean": 11.2588, "car_v_std": 18.6217}, "datetime": {"datetime": "2024-08-08 18:49:56", "elapsed": 5181.624842, "delta": 39.638573}}
{"target": -0.27479745698081826, "params": {"bus_acc": 3.7814, "bus_dcc": 3.0711, "bus_lcAssertive": 83.1607, "bus_lcCooperative": 0.1216, "bus_lcLookaheadLeft": 97.0828, "bus_lcPushy": 0.9388, "bus_lcSigma": 0.6871, "bus_lcSpeedGainRight": 3.871, "bus_lcSublane": 0.7942, "bus_sigma": 0.3102, "bus_tau_mean": 3.5011, "bus_tau_std": 9.1013, "bus_v_mean": 13.4724, "bus_v_std": 18.3192, "car_acc": 3.0751, "car_dcc": 2.9562, "car_lcAssertive": 6.8215, "car_lcCooperative": 0.2654, "car_lcLookaheadLeft": 47.6135, "car_lcPushy": 0.3208, "car_lcSigma": 0.3763, "car_lcSpeedGainRight": 0.506, "car_lcSublane": 0.6766, "car_sigma": 0.1142, "car_tau_mean": 3.9654, "car_tau_std": 5.4273, "car_v_mean": 23.2303, "car_v_std": 10.7181}, "datetime": {"datetime": "2024-08-08 18:50:34", "elapsed": 5219.494035, "delta": 37.869193}}
{"target": -0.3339740574841759, "params": {"bus_acc": 3.1316, "bus_dcc": 2.061, "bus_lcAssertive": 80.709, "bus_lcCooperative": 0.1023, "bus_lcLookaheadLeft": 31.2001, "bus_lcPushy": 0.656, "bus_lcSigma": 0.4295, "bus_lcSpeedGainRight": 2.1124, "bus_lcSublane": 0.7606, "bus_sigma": 0.9888, "bus_tau_mean": 3.7489, "bus_tau_std": 6.4634, "bus_v_mean": 12.7026, "bus_v_std": 13.4653, "car_acc": 2.8255, "car_dcc": 1.4164, "car_lcAssertive": 28.2278, "car_lcCooperative": 0.0405, "car_lcLookaheadLeft": 87.9059, "car_lcPushy": 0.5959, "car_lcSigma": 0.2235, "car_lcSpeedGainRight": 3.9598, "car_lcSublane": 0.5675, "car_sigma": 0.5592, "car_tau_mean": 1.1914, "car_tau_std": 3.015, "car_v_mean": 8.2658, "car_v_std": 4.6499}, "datetime": {"datetime": "2024-08-08 18:51:11", "elapsed": 5256.88324, "delta": 37.389205}}
{"target": -0.30393351974545596, "params": {"bus_acc": 3.7199, "bus_dcc": 1.2812, "bus_lcAssertive": 63.9018, "bus_lcCooperative": 0.5983, "bus_lcLookaheadLeft": 80.0407, "bus_lcPushy": 0.8163, "bus_lcSigma": 0.5868, "bus_lcSpeedGainRight": 2.6759, "bus_lcSublane": 0.515, "bus_sigma": 0.9461, "bus_tau_mean": 3.2972, "bus_tau_std": 7.5922, "bus_v_mean": 18.6627, "bus_v_std": 16.0281, "car_acc": 3.077, "car_dcc": 2.007, "car_lcAssertive": 67.9098, "car_lcCooperative": 0.4912, "car_lcLookaheadLeft": 4.296, "car_lcPushy": 0.5071, "car_lcSigma": 0.0118, "car_lcSpeedGainRight": 1.7508, "car_lcSublane": 0.0724, "car_sigma": 0.4757, "car_tau_mean": 2.2853, "car_tau_std": 4.0502, "car_v_mean": 8.9466, "car_v_std": 18.5955}, "datetime": {"datetime": "2024-08-08 18:51:33", "elapsed": 5279.066698, "delta": 22.183458}}
{"target": -0.2706850425857184, "params": {"bus_acc": 2.5887, "bus_dcc": 2.4425, "bus_lcAssertive": 62.3375, "bus_lcCooperative": 0.5712, "bus_lcLookaheadLeft": 82.3083, "bus_lcPushy": 0.1023, "bus_lcSigma": 0.7313, "bus_lcSpeedGainRight": 2.3569, "bus_lcSublane": 0.521, "bus_sigma": 0.6092, "bus_tau_mean": 2.5965, "bus_tau_std": 1.5527, "bus_v_mean": 19.3207, "bus_v_std": 17.3548, "car_acc": 4.7102, "car_dcc": 3.3121, "car_lcAssertive": 68.1779, "car_lcCooperative": 0.0413, "car_lcLookaheadLeft": 44.4788, "car_lcPushy": 0.9509, "car_lcSigma": 0.5872, "car_lcSpeedGainRight": 4.6673, "car_lcSublane": 0.5239, "car_sigma": 0.3684, "car_tau_mean": 0.8632, "car_tau_std": 7.0362, "car_v_mean": 10.0714, "car_v_std": 7.6015}, "datetime": {"datetime": "2024-08-08 18:51:50", "elapsed": 5295.762617, "delta": 16.695919}}
{"target": -0.3299212603494699, "params": {"bus_acc": 3.3449, "bus_dcc": 1.4046, "bus_lcAssertive": 45.4645, "bus_lcCooperative": 0.7882, "bus_lcLookaheadLeft": 98.2638, "bus_lcPushy": 0.5776, "bus_lcSigma": 0.3982, "bus_lcSpeedGainRight": 0.3151, "bus_lcSublane": 0.7939, "bus_sigma": 0.6412, "bus_tau_mean": 0.8979, "bus_tau_std": 0.1384, "bus_v_mean": 14.7429, "bus_v_std": 0.3173, "car_acc": 2.1821, "car_dcc": 1.5181, "car_lcAssertive": 86.0526, "car_lcCooperative": 0.6951, "car_lcLookaheadLeft": 27.9007, "car_lcPushy": 0.7901, "car_lcSigma": 0.6561, "car_lcSpeedGainRight": 3.4449, "car_lcSublane": 0.7711, "car_sigma": 0.0184, "car_tau_mean": 2.0556, "car_tau_std": 9.743, "car_v_mean": 12.0536, "car_v_std": 8.3788}, "datetime": {"datetime": "2024-08-08 18:52:23", "elapsed": 5328.351422, "delta": 32.588805}}
{"target": -0.27273262875953047, "params": {"bus_acc": 3.2294, "bus_dcc": 2.1881, "bus_lcAssertive": 53.2182, "bus_lcCooperative": 0.5628, "bus_lcLookaheadLeft": 5.7771, "bus_lcPushy": 0.3537, "bus_lcSigma": 0.0864, "bus_lcSpeedGainRight": 4.7765, "bus_lcSublane": 0.3003, "bus_sigma": 0.0124, "bus_tau_mean": 1.492, "bus_tau_std": 6.7176, "bus_v_mean": 9.3565, "bus_v_std": 10.3378, "car_acc": 3.2638, "car_dcc": 2.0316, "car_lcAssertive": 85.2555, "car_lcCooperative": 0.2104, "car_lcLookaheadLeft": 60.5142, "car_lcPushy": 0.7378, "car_lcSigma": 0.4607, "car_lcSpeedGainRight": 4.811, "car_lcSublane": 0.1335, "car_sigma": 0.1904, "car_tau_mean": 3.5997, "car_tau_std": 2.1996, "car_v_mean": 18.1604, "car_v_std": 17.0329}, "datetime": {"datetime": "2024-08-08 18:52:50", "elapsed": 5355.369754, "delta": 27.018332}}
{"target": -0.2634037990168853, "params": {"bus_acc": 1.7243, "bus_dcc": 2.7977, "bus_lcAssertive": 37.1789, "bus_lcCooperative": 0.5615, "bus_lcLookaheadLeft": 2.5313, "bus_lcPushy": 0.076, "bus_lcSigma": 0.332, "bus_lcSpeedGainRight": 4.5842, "bus_lcSublane": 0.3817, "bus_sigma": 0.3004, "bus_tau_mean": 3.1223, "bus_tau_std": 7.933, "bus_v_mean": 10.0892, "bus_v_std": 6.3295, "car_acc": 3.2253, "car_dcc": 1.3216, "car_lcAssertive": 20.7176, "car_lcCooperative": 0.0013, "car_lcLookaheadLeft": 36.7649, "car_lcPushy": 0.5973, "car_lcSigma": 0.5175, "car_lcSpeedGainRight": 1.8501, "car_lcSublane": 0.518, "car_sigma": 0.0573, "car_tau_mean": 2.956, "car_tau_std": 6.927, "car_v_mean": 12.0636, "car_v_std": 14.1228}, "datetime": {"datetime": "2024-08-08 18:53:15", "elapsed": 5381.066941, "delta": 25.697187}}
{"target": -0.30547766809543453, "params": {"bus_acc": 4.3822, "bus_dcc": 2.3905, "bus_lcAssertive": 73.8808, "bus_lcCooperative": 0.8384, "bus_lcLookaheadLeft": 73.9345, "bus_lcPushy": 0.3311, "bus_lcSigma": 0.8189, "bus_lcSpeedGainRight": 3.8383, "bus_lcSublane": 0.3975, "bus_sigma": 0.2945, "bus_tau_mean": 0.5526, "bus_tau_std": 4.2577, "bus_v_mean": 18.9954, "bus_v_std": 10.3717, "car_acc": 4.5586, "car_dcc": 2.8959, "car_lcAssertive": 79.2761, "car_lcCooperative": 0.1127, "car_lcLookaheadLeft": 48.498, "car_lcPushy": 0.7541, "car_lcSigma": 0.3522, "car_lcSpeedGainRight": 2.5109, "car_lcSublane": 0.6501, "car_sigma": 0.3306, "car_tau_mean": 0.9619, "car_tau_std": 5.8911, "car_v_mean": 14.1549, "car_v_std": 17.6211}, "datetime": {"datetime": "2024-08-08 18:53:41", "elapsed": 5406.523879, "delta": 25.456938}}
{"target": -0.30748206505343495, "params": {"bus_acc": 4.9097, "bus_dcc": 2.5889, "bus_lcAssertive": 12.9696, "bus_lcCooperative": 0.4748, "bus_lcLookaheadLeft": 44.5635, "bus_lcPushy": 0.3798, "bus_lcSigma": 0.9747, "bus_lcSpeedGainRight": 1.4082, "bus_lcSublane": 0.6004, "bus_sigma": 0.6938, "bus_tau_mean": 3.7991, "bus_tau_std": 4.1392, "bus_v_mean": 21.2624, "bus_v_std": 11.7465, "car_acc": 4.6387, "car_dcc": 1.83, "car_lcAssertive": 87.994, "car_lcCooperative": 0.041, "car_lcLookaheadLeft": 92.3689, "car_lcPushy": 0.6481, "car_lcSigma": 0.6012, "car_lcSpeedGainRight": 2.5023, "car_lcSublane": 0.1259, "car_sigma": 0.3632, "car_tau_mean": 1.3404, "car_tau_std": 5.1565, "car_v_mean": 16.4158, "car_v_std": 5.451}, "datetime": {"datetime": "2024-08-08 18:54:04", "elapsed": 5429.735011, "delta": 23.211132}}
{"target": -0.3227799391558139, "params": {"bus_acc": 4.6798, "bus_dcc": 1.2356, "bus_lcAssertive": 1.1897, "bus_lcCooperative": 0.0063, "bus_lcLookaheadLeft": 25.1444, "bus_lcPushy": 0.3797, "bus_lcSigma": 0.327, "bus_lcSpeedGainRight": 4.9536, "bus_lcSublane": 0.2396, "bus_sigma": 0.2625, "bus_tau_mean": 3.221, "bus_tau_std": 0.9992, "bus_v_mean": 18.5754, "bus_v_std": 8.9295, "car_acc": 1.7843, "car_dcc": 3.441, "car_lcAssertive": 12.1167, "car_lcCooperative": 0.4064, "car_lcLookaheadLeft": 98.9183, "car_lcPushy": 0.8503, "car_lcSigma": 0.6974, "car_lcSpeedGainRight": 1.9614, "car_lcSublane": 0.8867, "car_sigma": 0.2703, "car_tau_mean": 3.4752, "car_tau_std": 2.3295, "car_v_mean": 18.6696, "car_v_std": 16.0866}, "datetime": {"datetime": "2024-08-08 18:54:22", "elapsed": 5447.157261, "delta": 17.42225}}
{"target": -0.306742131626133, "params": {"bus_acc": 4.0623, "bus_dcc": 1.8957, "bus_lcAssertive": 25.7641, "bus_lcCooperative": 0.0695, "bus_lcLookaheadLeft": 13.4958, "bus_lcPushy": 0.5694, "bus_lcSigma": 0.7159, "bus_lcSpeedGainRight": 2.5019, "bus_lcSublane": 0.3621, "bus_sigma": 0.4189, "bus_tau_mean": 2.1837, "bus_tau_std": 0.2525, "bus_v_mean": 13.9011, "bus_v_std": 8.3226, "car_acc": 3.7421, "car_dcc": 2.3671, "car_lcAssertive": 4.8796, "car_lcCooperative": 0.6932, "car_lcLookaheadLeft": 91.1903, "car_lcPushy": 0.413, "car_lcSigma": 0.1946, "car_lcSpeedGainRight": 2.6228, "car_lcSublane": 0.3921, "car_sigma": 0.781, "car_tau_mean": 2.8659, "car_tau_std": 2.6245, "car_v_mean": 8.0225, "car_v_std": 4.6735}, "datetime": {"datetime": "2024-08-08 18:54:44", "elapsed": 5469.7446, "delta": 22.587339}}
{"target": -0.319420221175254, "params": {"bus_acc": 3.2197, "bus_dcc": 1.5322, "bus_lcAssertive": 64.0949, "bus_lcCooperative": 0.9419, "bus_lcLookaheadLeft": 51.6711, "bus_lcPushy": 0.0434, "bus_lcSigma": 0.3172, "bus_lcSpeedGainRight": 3.2668, "bus_lcSublane": 0.2447, "bus_sigma": 0.5803, "bus_tau_mean": 2.9062, "bus_tau_std": 8.7108, "bus_v_mean": 20.296, "bus_v_std": 7.7203, "car_acc": 3.7208, "car_dcc": 1.7448, "car_lcAssertive": 15.6883, "car_lcCooperative": 0.6847, "car_lcLookaheadLeft": 45.9631, "car_lcPushy": 0.5254, "car_lcSigma": 0.6174, "car_lcSpeedGainRight": 4.5309, "car_lcSublane": 0.5483, "car_sigma": 0.2343, "car_tau_mean": 2.3634, "car_tau_std": 8.2473, "car_v_mean": 8.82, "car_v_std": 5.3481}, "datetime": {"datetime": "2024-08-08 18:55:02", "elapsed": 5487.91706, "delta": 18.17246}}
{"target": -0.3411980039120012, "params": {"bus_acc": 2.8673, "bus_dcc": 2.6043, "bus_lcAssertive": 37.3261, "bus_lcCooperative": 0.013, "bus_lcLookaheadLeft": 78.3305, "bus_lcPushy": 0.1202, "bus_lcSigma": 0.5505, "bus_lcSpeedGainRight": 0.5231, "bus_lcSublane": 0.0847, "bus_sigma": 0.096, "bus_tau_mean": 3.1521, "bus_tau_std": 2.0837, "bus_v_mean": 16.7702, "bus_v_std": 6.1014, "car_acc": 1.7306, "car_dcc": 3.7331, "car_lcAssertive": 56.0312, "car_lcCooperative": 0.0072, "car_lcLookaheadLeft": 4.5173, "car_lcPushy": 0.4029, "car_lcSigma": 0.2438, "car_lcSpeedGainRight": 1.5093, "car_lcSublane": 0.0734, "car_sigma": 0.7197, "car_tau_mean": 3.7778, "car_tau_std": 3.0171, "car_v_mean": 17.1207, "car_v_std": 12.9537}, "datetime": {"datetime": "2024-08-08 18:55:21", "elapsed": 5506.444185, "delta": 18.527125}}
{"target": -0.3701348495980675, "params": {"bus_acc": 2.3317, "bus_dcc": 2.9613, "bus_lcAssertive": 56.2608, "bus_lcCooperative": 0.9147, "bus_lcLookaheadLeft": 96.9471, "bus_lcPushy": 0.6301, "bus_lcSigma": 0.2778, "bus_lcSpeedGainRight": 3.8224, "bus_lcSublane": 0.1063, "bus_sigma": 0.8112, "bus_tau_mean": 1.2198, "bus_tau_std": 7.3825, "bus_v_mean": 12.6524, "bus_v_std": 1.6907, "car_acc": 1.74, "car_dcc": 2.9917, "car_lcAssertive": 5.2341, "car_lcCooperative": 0.2703, "car_lcLookaheadLeft": 94.9629, "car_lcPushy": 0.2736, "car_lcSigma": 0.0041, "car_lcSpeedGainRight": 1.6247, "car_lcSublane": 0.4559, "car_sigma": 0.4215, "car_tau_mean": 1.5178, "car_tau_std": 4.9066, "car_v_mean": 8.1556, "car_v_std": 2.2357}, "datetime": {"datetime": "2024-08-08 18:55:41", "elapsed": 5526.771736, "delta": 20.327551}}
{"target": -0.3048272449545746, "params": {"bus_acc": 3.9381, "bus_dcc": 1.6517, "bus_lcAssertive": 80.261, "bus_lcCooperative": 0.3904, "bus_lcLookaheadLeft": 56.6835, "bus_lcPushy": 0.3829, "bus_lcSigma": 0.3018, "bus_lcSpeedGainRight": 2.8741, "bus_lcSublane": 0.1098, "bus_sigma": 0.931, "bus_tau_mean": 1.9836, "bus_tau_std": 8.7658, "bus_v_mean": 19.8121, "bus_v_std": 9.2992, "car_acc": 4.9191, "car_dcc": 3.6086, "car_lcAssertive": 91.7064, "car_lcCooperative": 0.1437, "car_lcLookaheadLeft": 61.4711, "car_lcPushy": 0.842, "car_lcSigma": 0.6238, "car_lcSpeedGainRight": 4.0747, "car_lcSublane": 0.1163, "car_sigma": 0.8457, "car_tau_mean": 1.0017, "car_tau_std": 6.7421, "car_v_mean": 16.5032, "car_v_std": 18.18}, "datetime": {"datetime": "2024-08-08 18:55:57", "elapsed": 5542.401647, "delta": 15.629911}}
{"target": -0.35242481879118, "params": {"bus_acc": 2.9704, "bus_dcc": 2.1922, "bus_lcAssertive": 5.9485, "bus_lcCooperative": 0.9191, "bus_lcLookaheadLeft": 31.2241, "bus_lcPushy": 0.9326, "bus_lcSigma": 0.1423, "bus_lcSpeedGainRight": 3.0035, "bus_lcSublane": 0.1975, "bus_sigma": 0.7545, "bus_tau_mean": 2.5561, "bus_tau_std": 0.9003, "bus_v_mean": 10.7405, "bus_v_std": 13.8596, "car_acc": 1.4793, "car_dcc": 2.7369, "car_lcAssertive": 20.5606, "car_lcCooperative": 0.4434, "car_lcLookaheadLeft": 44.5554, "car_lcPushy": 0.5644, "car_lcSigma": 0.8905, "car_lcSpeedGainRight": 0.3836, "car_lcSublane": 0.852, "car_sigma": 0.6142, "car_tau_mean": 1.4275, "car_tau_std": 7.0106, "car_v_mean": 18.4978, "car_v_std": 15.6505}, "datetime": {"datetime": "2024-08-08 18:56:15", "elapsed": 5560.796261, "delta": 18.394614}}
{"target": -0.295408511612045, "params": {"bus_acc": 3.4001, "bus_dcc": 3.8378, "bus_lcAssertive": 25.9486, "bus_lcCooperative": 0.6287, "bus_lcLookaheadLeft": 72.913, "bus_lcPushy": 0.9558, "bus_lcSigma": 0.4066, "bus_lcSpeedGainRight": 1.1193, "bus_lcSublane": 0.4848, "bus_sigma": 0.9092, "bus_tau_mean": 0.5588, "bus_tau_std": 3.0427, "bus_v_mean": 9.0409, "bus_v_std": 0.8894, "car_acc": 3.6067, "car_dcc": 3.5312, "car_lcAssertive": 3.6136, "car_lcCooperative": 0.4635, "car_lcLookaheadLeft": 53.7114, "car_lcPushy": 0.2578, "car_lcSigma": 0.9311, "car_lcSpeedGainRight": 3.9506, "car_lcSublane": 0.6815, "car_sigma": 0.8741, "car_tau_mean": 2.1946, "car_tau_std": 9.7904, "car_v_mean": 19.6657, "car_v_std": 11.0251}, "datetime": {"datetime": "2024-08-08 18:56:39", "elapsed": 5584.2422, "delta": 23.445939}}
{"target": -0.32308160447575235, "params": {"bus_acc": 4.3363, "bus_dcc": 1.0513, "bus_lcAssertive": 25.9443, "bus_lcCooperative": 0.3278, "bus_lcLookaheadLeft": 54.9109, "bus_lcPushy": 0.4566, "bus_lcSigma": 0.7774, "bus_lcSpeedGainRight": 1.9543, "bus_lcSublane": 0.6095, "bus_sigma": 0.2604, "bus_tau_mean": 1.8474, "bus_tau_std": 3.8292, "bus_v_mean": 23.1462, "bus_v_std": 0.0689, "car_acc": 1.5302, "car_dcc": 2.3968, "car_lcAssertive": 15.5577, "car_lcCooperative": 0.1226, "car_lcLookaheadLeft": 75.2901, "car_lcPushy": 0.3679, "car_lcSigma": 0.6356, "car_lcSpeedGainRight": 0.5693, "car_lcSublane": 0.2949, "car_sigma": 0.8331, "car_tau_mean": 3.9994, "car_tau_std": 6.6595, "car_v_mean": 18.7441, "car_v_std": 19.4184}, "datetime": {"datetime": "2024-08-08 18:57:01", "elapsed": 5607.091245, "delta": 22.849045}}
