{"target": -0.04395315306089337, "params": {"bus_acc": 2.89, "bus_dcc": 3.5, "bus_lcAssertive": 40.18, "bus_lcCooperative": 0.84, "bus_lcLookaheadLeft": 17.03, "bus_lcPushy": 0.16, "bus_lcSublane": 0.27, "bus_tau_mean": 1.58, "bus_tau_std": 6.8, "bus_v_mean": 11.53, "bus_v_std": 7.36, "car_acc": 2.39, "car_dcc": 2.78, "car_lcAssertive": 25.35, "car_lcCooperative": 0.52, "car_lcLookaheadLeft": 71.96, "car_lcPushy": 0.13, "car_lcSublane": 0.72, "car_tau_mean": 3.19, "car_tau_std": 8.38, "car_v_mean": 19.71, "car_v_std": 1.49}, "datetime": {"datetime": "2024-08-04 14:36:34", "elapsed": 937.249575, "delta": 4.038149}}
{"target": -0.0393801137361957, "params": {"bus_acc": 1.0, "bus_dcc": 4.0, "bus_lcAssertive": 3.66, "bus_lcCooperative": 0.18, "bus_lcLookaheadLeft": 88.86, "bus_lcPushy": 0.38, "bus_lcSublane": 1.0, "bus_tau_mean": 3.42, "bus_tau_std": 10.0, "bus_v_mean": 10.45, "bus_v_std": 9.77, "car_acc": 2.35, "car_dcc": 2.89, "car_lcAssertive": 67.46, "car_lcCooperative": 0.72, "car_lcLookaheadLeft": 75.2, "car_lcPushy": 0.17, "car_lcSublane": 0.0, "car_tau_mean": 3.99, "car_tau_std": 0.0, "car_v_mean": 16.76, "car_v_std": 5.57}, "datetime": {"datetime": "2024-08-04 14:36:47", "elapsed": 950.096744, "delta": 12.847169}}
{"target": -0.048652000041078745, "params": {"bus_acc": 2.1, "bus_dcc": 2.3, "bus_lcAssertive": 45.78, "bus_lcCooperative": 0.46, "bus_lcLookaheadLeft": 12.77, "bus_lcPushy": 0.91, "bus_lcSublane": 0.69, "bus_tau_mean": 1.54, "bus_tau_std": 7.05, "bus_v_mean": 15.67, "bus_v_std": 2.21, "car_acc": 2.04, "car_dcc": 1.65, "car_lcAssertive": 26.54, "car_lcCooperative": 0.94, "car_lcLookaheadLeft": 69.65, "car_lcPushy": 0.87, "car_lcSublane": 0.29, "car_tau_mean": 3.85, "car_tau_std": 9.42, "car_v_mean": 23.26, "car_v_std": 9.28}, "datetime": {"datetime": "2024-08-04 14:36:51", "elapsed": 954.331147, "delta": 4.234403}}
{"target": -0.04523319919252733, "params": {"bus_acc": 1.49, "bus_dcc": 2.14, "bus_lcAssertive": 6.89, "bus_lcCooperative": 0.51, "bus_lcLookaheadLeft": 75.99, "bus_lcPushy": 0.76, "bus_lcSublane": 0.42, "bus_tau_mean": 0.91, "bus_tau_std": 6.32, "bus_v_mean": 14.2, "bus_v_std": 0.89, "car_acc": 1.66, "car_dcc": 2.6, "car_lcAssertive": 88.53, "car_lcCooperative": 0.94, "car_lcLookaheadLeft": 85.85, "car_lcPushy": 0.81, "car_lcSublane": 0.21, "car_tau_mean": 3.75, "car_tau_std": 9.41, "car_v_mean": 15.8, "car_v_std": 4.33}, "datetime": {"datetime": "2024-08-04 14:36:56", "elapsed": 959.271161, "delta": 4.940014}}
{"target": -0.04764408827584158, "params": {"bus_acc": 1.26, "bus_dcc": 2.84, "bus_lcAssertive": 11.81, "bus_lcCooperative": 0.47, "bus_lcLookaheadLeft": 25.87, "bus_lcPushy": 0.98, "bus_lcSublane": 0.04, "bus_tau_mean": 1.73, "bus_tau_std": 2.69, "bus_v_mean": 17.61, "bus_v_std": 5.23, "car_acc": 2.36, "car_dcc": 3.01, "car_lcAssertive": 16.93, "car_lcCooperative": 0.89, "car_lcLookaheadLeft": 15.42, "car_lcPushy": 0.17, "car_lcSublane": 0.62, "car_tau_mean": 2.68, "car_tau_std": 3.24, "car_v_mean": 16.05, "car_v_std": 2.21}, "datetime": {"datetime": "2024-08-04 14:37:18", "elapsed": 981.784479, "delta": 22.513318}}
{"target": -0.03883065931635578, "params": {"bus_acc": 1.85, "bus_dcc": 3.74, "bus_lcAssertive": 8.82, "bus_lcCooperative": 0.88, "bus_lcLookaheadLeft": 33.41, "bus_lcPushy": 0.09, "bus_lcSublane": 0.87, "bus_tau_mean": 2.74, "bus_tau_std": 6.68, "bus_v_mean": 16.1, "bus_v_std": 5.62, "car_acc": 1.04, "car_dcc": 3.31, "car_lcAssertive": 19.66, "car_lcCooperative": 0.19, "car_lcLookaheadLeft": 19.55, "car_lcPushy": 0.36, "car_lcSublane": 0.77, "car_tau_mean": 3.61, "car_tau_std": 7.0, "car_v_mean": 20.03, "car_v_std": 2.87}, "datetime": {"datetime": "2024-08-04 14:37:24", "elapsed": 987.200504, "delta": 5.416025}}
{"target": -0.037330452655473155, "params": {"bus_acc": 1.49, "bus_dcc": 3.01, "bus_lcAssertive": 13.04, "bus_lcCooperative": 0.53, "bus_lcLookaheadLeft": 74.89, "bus_lcPushy": 0.08, "bus_lcSublane": 0.36, "bus_tau_mean": 3.68, "bus_tau_std": 9.44, "bus_v_mean": 15.46, "bus_v_std": 5.32, "car_acc": 2.02, "car_dcc": 3.37, "car_lcAssertive": 57.68, "car_lcCooperative": 0.0, "car_lcLookaheadLeft": 71.24, "car_lcPushy": 0.31, "car_lcSublane": 0.26, "car_tau_mean": 3.47, "car_tau_std": 0.0, "car_v_mean": 15.54, "car_v_std": 6.75}, "datetime": {"datetime": "2024-08-04 14:37:36", "elapsed": 999.390045, "delta": 12.189541}}
{"target": -0.041294520604433, "params": {"bus_acc": 2.64, "bus_dcc": 2.47, "bus_lcAssertive": 67.25, "bus_lcCooperative": 0.06, "bus_lcLookaheadLeft": 30.19, "bus_lcPushy": 0.55, "bus_lcSublane": 0.02, "bus_tau_mean": 2.68, "bus_tau_std": 7.51, "bus_v_mean": 9.09, "bus_v_std": 8.87, "car_acc": 2.46, "car_dcc": 2.2, "car_lcAssertive": 42.65, "car_lcCooperative": 0.73, "car_lcLookaheadLeft": 35.37, "car_lcPushy": 0.57, "car_lcSublane": 0.27, "car_tau_mean": 3.28, "car_tau_std": 4.79, "car_v_mean": 13.2, "car_v_std": 2.11}, "datetime": {"datetime": "2024-08-04 14:37:42", "elapsed": 1004.845797, "delta": 5.455752}}
{"target": -0.04977558463797641, "params": {"bus_acc": 2.47, "bus_dcc": 3.79, "bus_lcAssertive": 21.34, "bus_lcCooperative": 0.31, "bus_lcLookaheadLeft": 83.07, "bus_lcPushy": 0.84, "bus_lcSublane": 0.54, "bus_tau_mean": 3.73, "bus_tau_std": 5.39, "bus_v_mean": 17.11, "bus_v_std": 0.42, "car_acc": 1.8, "car_dcc": 3.27, "car_lcAssertive": 41.56, "car_lcCooperative": 0.37, "car_lcLookaheadLeft": 87.45, "car_lcPushy": 0.69, "car_lcSublane": 0.11, "car_tau_mean": 2.62, "car_tau_std": 6.76, "car_v_mean": 18.26, "car_v_std": 2.74}, "datetime": {"datetime": "2024-08-04 14:37:47", "elapsed": 1010.413644, "delta": 5.567847}}
{"target": -0.048886164600313566, "params": {"bus_acc": 1.16, "bus_dcc": 1.32, "bus_lcAssertive": 56.74, "bus_lcCooperative": 0.88, "bus_lcLookaheadLeft": 34.91, "bus_lcPushy": 0.41, "bus_lcSublane": 0.82, "bus_tau_mean": 1.59, "bus_tau_std": 5.96, "bus_v_mean": 18.12, "bus_v_std": 4.66, "car_acc": 2.66, "car_dcc": 2.54, "car_lcAssertive": 28.27, "car_lcCooperative": 0.56, "car_lcLookaheadLeft": 14.77, "car_lcPushy": 0.65, "car_lcSublane": 0.87, "car_tau_mean": 3.26, "car_tau_std": 8.53, "car_v_mean": 20.47, "car_v_std": 4.82}, "datetime": {"datetime": "2024-08-04 14:37:57", "elapsed": 1020.052738, "delta": 9.639094}}
{"target": -0.029038815301489804, "params": {"bus_acc": 1.45, "bus_dcc": 2.76, "bus_lcAssertive": 1.0, "bus_lcCooperative": 0.21, "bus_lcLookaheadLeft": 92.74, "bus_lcPushy": 0.32, "bus_lcSublane": 0.93, "bus_tau_mean": 2.49, "bus_tau_std": 9.71, "bus_v_mean": 20.56, "bus_v_std": 2.71, "car_acc": 1.05, "car_dcc": 2.76, "car_lcAssertive": 22.43, "car_lcCooperative": 0.06, "car_lcLookaheadLeft": 64.38, "car_lcPushy": 0.01, "car_lcSublane": 0.03, "car_tau_mean": 3.75, "car_tau_std": 0.08, "car_v_mean": 11.58, "car_v_std": 2.7}, "datetime": {"datetime": "2024-08-04 14:38:02", "elapsed": 1025.202097, "delta": 5.149359}}
{"target": -0.03604369120545227, "params": {"bus_acc": 2.55, "bus_dcc": 2.91, "bus_lcAssertive": 47.3, "bus_lcCooperative": 0.68, "bus_lcLookaheadLeft": 46.44, "bus_lcPushy": 0.54, "bus_lcSublane": 0.67, "bus_tau_mean": 1.15, "bus_tau_std": 7.89, "bus_v_mean": 17.66, "bus_v_std": 9.81, "car_acc": 1.46, "car_dcc": 2.41, "car_lcAssertive": 89.68, "car_lcCooperative": 0.61, "car_lcLookaheadLeft": 73.16, "car_lcPushy": 0.42, "car_lcSublane": 0.7, "car_tau_mean": 3.82, "car_tau_std": 2.01, "car_v_mean": 20.93, "car_v_std": 9.71}, "datetime": {"datetime": "2024-08-04 14:38:09", "elapsed": 1031.96377, "delta": 6.761673}}
{"target": -0.041433015039410485, "params": {"bus_acc": 1.63, "bus_dcc": 3.67, "bus_lcAssertive": 10.33, "bus_lcCooperative": 0.37, "bus_lcLookaheadLeft": 27.46, "bus_lcPushy": 0.17, "bus_lcSublane": 0.01, "bus_tau_mean": 1.29, "bus_tau_std": 5.34, "bus_v_mean": 18.2, "bus_v_std": 5.61, "car_acc": 1.77, "car_dcc": 3.28, "car_lcAssertive": 16.03, "car_lcCooperative": 0.85, "car_lcLookaheadLeft": 16.9, "car_lcPushy": 0.47, "car_lcSublane": 0.48, "car_tau_mean": 0.92, "car_tau_std": 3.25, "car_v_mean": 14.75, "car_v_std": 5.2}, "datetime": {"datetime": "2024-08-04 14:38:11", "elapsed": 1033.936848, "delta": 1.973078}}
{"target": -0.03669031107239862, "params": {"bus_acc": 1.29, "bus_dcc": 1.14, "bus_lcAssertive": 31.19, "bus_lcCooperative": 0.69, "bus_lcLookaheadLeft": 98.1, "bus_lcPushy": 0.72, "bus_lcSublane": 0.9, "bus_tau_mean": 3.56, "bus_tau_std": 9.71, "bus_v_mean": 16.2, "bus_v_std": 6.81, "car_acc": 1.59, "car_dcc": 1.53, "car_lcAssertive": 23.24, "car_lcCooperative": 0.46, "car_lcLookaheadLeft": 65.79, "car_lcPushy": 0.45, "car_lcSublane": 0.62, "car_tau_mean": 3.36, "car_tau_std": 3.83, "car_v_mean": 17.51, "car_v_std": 9.51}, "datetime": {"datetime": "2024-08-04 14:38:18", "elapsed": 1040.862079, "delta": 6.925231}}
{"target": -0.05148203192504384, "params": {"bus_acc": 2.65, "bus_dcc": 3.97, "bus_lcAssertive": 33.87, "bus_lcCooperative": 0.33, "bus_lcLookaheadLeft": 53.22, "bus_lcPushy": 0.59, "bus_lcSublane": 0.38, "bus_tau_mean": 1.25, "bus_tau_std": 1.88, "bus_v_mean": 16.96, "bus_v_std": 1.78, "car_acc": 2.72, "car_dcc": 3.82, "car_lcAssertive": 64.84, "car_lcCooperative": 0.21, "car_lcLookaheadLeft": 68.02, "car_lcPushy": 0.62, "car_lcSublane": 0.64, "car_tau_mean": 2.44, "car_tau_std": 0.53, "car_v_mean": 16.54, "car_v_std": 0.83}, "datetime": {"datetime": "2024-08-04 14:38:19", "elapsed": 1042.46232, "delta": 1.600241}}
{"target": -0.028814792080436243, "params": {"bus_acc": 2.06, "bus_dcc": 1.85, "bus_lcAssertive": 36.44, "bus_lcCooperative": 0.01, "bus_lcLookaheadLeft": 59.32, "bus_lcPushy": 0.49, "bus_lcSublane": 0.94, "bus_tau_mean": 0.52, "bus_tau_std": 10.0, "bus_v_mean": 21.7, "bus_v_std": 10.0, "car_acc": 1.0, "car_dcc": 3.4, "car_lcAssertive": 83.38, "car_lcCooperative": 0.71, "car_lcLookaheadLeft": 87.86, "car_lcPushy": 0.24, "car_lcSublane": 0.96, "car_tau_mean": 4.0, "car_tau_std": 0.0, "car_v_mean": 16.52, "car_v_std": 10.0}, "datetime": {"datetime": "2024-08-04 14:38:21", "elapsed": 1044.63237, "delta": 2.17005}}
{"target": -0.04952364094437223, "params": {"bus_acc": 1.17, "bus_dcc": 1.54, "bus_lcAssertive": 37.01, "bus_lcCooperative": 0.37, "bus_lcLookaheadLeft": 15.71, "bus_lcPushy": 0.35, "bus_lcSublane": 0.39, "bus_tau_mean": 0.65, "bus_tau_std": 5.89, "bus_v_mean": 10.93, "bus_v_std": 6.91, "car_acc": 2.49, "car_dcc": 3.42, "car_lcAssertive": 58.31, "car_lcCooperative": 0.97, "car_lcLookaheadLeft": 77.83, "car_lcPushy": 0.55, "car_lcSublane": 0.35, "car_tau_mean": 1.27, "car_tau_std": 0.01, "car_v_mean": 22.02, "car_v_std": 1.27}, "datetime": {"datetime": "2024-08-04 14:38:25", "elapsed": 1047.954271, "delta": 3.321901}}
{"target": -0.04498473502823125, "params": {"bus_acc": 2.4, "bus_dcc": 3.11, "bus_lcAssertive": 29.8, "bus_lcCooperative": 0.17, "bus_lcLookaheadLeft": 41.19, "bus_lcPushy": 0.39, "bus_lcSublane": 0.46, "bus_tau_mean": 1.73, "bus_tau_std": 2.95, "bus_v_mean": 14.95, "bus_v_std": 6.89, "car_acc": 1.41, "car_dcc": 2.8, "car_lcAssertive": 33.79, "car_lcCooperative": 0.45, "car_lcLookaheadLeft": 16.86, "car_lcPushy": 0.4, "car_lcSublane": 0.08, "car_tau_mean": 1.58, "car_tau_std": 7.08, "car_v_mean": 15.14, "car_v_std": 0.26}, "datetime": {"datetime": "2024-08-04 14:38:35", "elapsed": 1058.593784, "delta": 10.639513}}
{"target": -0.03493391056857968, "params": {"bus_acc": 1.65, "bus_dcc": 2.54, "bus_lcAssertive": 13.34, "bus_lcCooperative": 0.16, "bus_lcLookaheadLeft": 74.81, "bus_lcPushy": 0.1, "bus_lcSublane": 0.61, "bus_tau_mean": 3.29, "bus_tau_std": 7.02, "bus_v_mean": 11.32, "bus_v_std": 7.0, "car_acc": 2.55, "car_dcc": 4.0, "car_lcAssertive": 54.55, "car_lcCooperative": 0.46, "car_lcLookaheadLeft": 78.22, "car_lcPushy": 0.14, "car_lcSublane": 0.51, "car_tau_mean": 3.34, "car_tau_std": 0.0, "car_v_mean": 15.78, "car_v_std": 8.12}, "datetime": {"datetime": "2024-08-04 14:38:44", "elapsed": 1067.172959, "delta": 8.579175}}
{"target": -0.03862525792995905, "params": {"bus_acc": 1.33, "bus_dcc": 1.59, "bus_lcAssertive": 69.41, "bus_lcCooperative": 0.58, "bus_lcLookaheadLeft": 87.59, "bus_lcPushy": 0.25, "bus_lcSublane": 0.63, "bus_tau_mean": 0.62, "bus_tau_std": 5.16, "bus_v_mean": 21.81, "bus_v_std": 9.84, "car_acc": 1.02, "car_dcc": 1.76, "car_lcAssertive": 23.16, "car_lcCooperative": 0.05, "car_lcLookaheadLeft": 3.0, "car_lcPushy": 0.49, "car_lcSublane": 0.05, "car_tau_mean": 1.48, "car_tau_std": 6.4, "car_v_mean": 12.72, "car_v_std": 2.7}, "datetime": {"datetime": "2024-08-04 14:38:46", "elapsed": 1069.726872, "delta": 2.553913}}
{"target": -0.04645626599113994, "params": {"bus_acc": 1.72, "bus_dcc": 1.8, "bus_lcAssertive": 55.68, "bus_lcCooperative": 0.59, "bus_lcLookaheadLeft": 37.85, "bus_lcPushy": 0.69, "bus_lcSublane": 0.1, "bus_tau_mean": 1.3, "bus_tau_std": 8.23, "bus_v_mean": 14.19, "bus_v_std": 1.66, "car_acc": 1.96, "car_dcc": 2.42, "car_lcAssertive": 38.61, "car_lcCooperative": 0.59, "car_lcLookaheadLeft": 44.08, "car_lcPushy": 0.46, "car_lcSublane": 0.81, "car_tau_mean": 0.84, "car_tau_std": 9.29, "car_v_mean": 16.77, "car_v_std": 4.07}, "datetime": {"datetime": "2024-08-04 14:38:56", "elapsed": 1079.067185, "delta": 9.340313}}
{"target": -0.03418557371911672, "params": {"bus_acc": 1.5, "bus_dcc": 3.26, "bus_lcAssertive": 91.87, "bus_lcCooperative": 0.86, "bus_lcLookaheadLeft": 29.43, "bus_lcPushy": 0.45, "bus_lcSublane": 0.73, "bus_tau_mean": 2.02, "bus_tau_std": 2.78, "bus_v_mean": 8.0, "bus_v_std": 2.18, "car_acc": 1.35, "car_dcc": 2.16, "car_lcAssertive": 42.18, "car_lcCooperative": 0.72, "car_lcLookaheadLeft": 36.24, "car_lcPushy": 0.51, "car_lcSublane": 0.59, "car_tau_mean": 0.95, "car_tau_std": 4.99, "car_v_mean": 15.38, "car_v_std": 8.18}, "datetime": {"datetime": "2024-08-04 14:39:08", "elapsed": 1091.160675, "delta": 12.09349}}
{"target": -0.04792411638273216, "params": {"bus_acc": 2.07, "bus_dcc": 3.3, "bus_lcAssertive": 5.08, "bus_lcCooperative": 0.95, "bus_lcLookaheadLeft": 35.47, "bus_lcPushy": 0.2, "bus_lcSublane": 0.07, "bus_tau_mean": 2.55, "bus_tau_std": 7.57, "bus_v_mean": 11.84, "bus_v_std": 4.92, "car_acc": 2.16, "car_dcc": 2.14, "car_lcAssertive": 74.4, "car_lcCooperative": 0.42, "car_lcLookaheadLeft": 11.4, "car_lcPushy": 0.35, "car_lcSublane": 0.51, "car_tau_mean": 1.11, "car_tau_std": 4.84, "car_v_mean": 18.9, "car_v_std": 1.34}, "datetime": {"datetime": "2024-08-04 14:39:13", "elapsed": 1096.261758, "delta": 5.101083}}
{"target": -0.04597285270895602, "params": {"bus_acc": 1.32, "bus_dcc": 3.02, "bus_lcAssertive": 97.91, "bus_lcCooperative": 0.41, "bus_lcLookaheadLeft": 8.27, "bus_lcPushy": 0.61, "bus_lcSublane": 0.18, "bus_tau_mean": 1.93, "bus_tau_std": 8.02, "bus_v_mean": 23.41, "bus_v_std": 6.18, "car_acc": 1.25, "car_dcc": 3.85, "car_lcAssertive": 17.73, "car_lcCooperative": 0.6, "car_lcLookaheadLeft": 91.97, "car_lcPushy": 0.96, "car_lcSublane": 0.37, "car_tau_mean": 1.78, "car_tau_std": 8.87, "car_v_mean": 22.58, "car_v_std": 0.55}, "datetime": {"datetime": "2024-08-04 14:39:19", "elapsed": 1102.453064, "delta": 6.191306}}
{"target": -0.044356517531700834, "params": {"bus_acc": 2.53, "bus_dcc": 3.67, "bus_lcAssertive": 91.74, "bus_lcCooperative": 0.53, "bus_lcLookaheadLeft": 16.79, "bus_lcPushy": 0.62, "bus_lcSublane": 0.34, "bus_tau_mean": 0.6, "bus_tau_std": 9.42, "bus_v_mean": 21.1, "bus_v_std": 6.28, "car_acc": 2.95, "car_dcc": 1.48, "car_lcAssertive": 44.69, "car_lcCooperative": 0.17, "car_lcLookaheadLeft": 24.6, "car_lcPushy": 0.15, "car_lcSublane": 0.16, "car_tau_mean": 3.67, "car_tau_std": 8.67, "car_v_mean": 15.27, "car_v_std": 5.59}, "datetime": {"datetime": "2024-08-04 14:39:30", "elapsed": 1113.447137, "delta": 10.994073}}
{"target": -0.04821340170604065, "params": {"bus_acc": 1.56, "bus_dcc": 3.76, "bus_lcAssertive": 40.39, "bus_lcCooperative": 0.86, "bus_lcLookaheadLeft": 46.05, "bus_lcPushy": 0.68, "bus_lcSublane": 0.4, "bus_tau_mean": 1.42, "bus_tau_std": 8.39, "bus_v_mean": 14.61, "bus_v_std": 6.54, "car_acc": 2.38, "car_dcc": 3.36, "car_lcAssertive": 17.24, "car_lcCooperative": 0.39, "car_lcLookaheadLeft": 78.77, "car_lcPushy": 0.77, "car_lcSublane": 1.0, "car_tau_mean": 3.31, "car_tau_std": 5.38, "car_v_mean": 17.89, "car_v_std": 0.52}, "datetime": {"datetime": "2024-08-04 14:39:32", "elapsed": 1114.883011, "delta": 1.435874}}
{"target": -0.02795998339056974, "params": {"bus_acc": 2.63, "bus_dcc": 1.07, "bus_lcAssertive": 83.6, "bus_lcCooperative": 0.42, "bus_lcLookaheadLeft": 75.25, "bus_lcPushy": 0.74, "bus_lcSublane": 0.85, "bus_tau_mean": 2.84, "bus_tau_std": 2.48, "bus_v_mean": 10.49, "bus_v_std": 8.64, "car_acc": 1.26, "car_dcc": 2.57, "car_lcAssertive": 82.59, "car_lcCooperative": 0.23, "car_lcLookaheadLeft": 99.7, "car_lcPushy": 0.51, "car_lcSublane": 0.67, "car_tau_mean": 3.36, "car_tau_std": 0.3, "car_v_mean": 12.7, "car_v_std": 7.21}, "datetime": {"datetime": "2024-08-04 14:39:36", "elapsed": 1119.437839, "delta": 4.554828}}
{"target": -0.043813574415302016, "params": {"bus_acc": 1.59, "bus_dcc": 3.33, "bus_lcAssertive": 95.42, "bus_lcCooperative": 0.81, "bus_lcLookaheadLeft": 16.89, "bus_lcPushy": 0.43, "bus_lcSublane": 0.96, "bus_tau_mean": 0.85, "bus_tau_std": 2.97, "bus_v_mean": 10.73, "bus_v_std": 7.8, "car_acc": 1.72, "car_dcc": 3.03, "car_lcAssertive": 18.97, "car_lcCooperative": 0.37, "car_lcLookaheadLeft": 78.78, "car_lcPushy": 0.73, "car_lcSublane": 0.2, "car_tau_mean": 2.95, "car_tau_std": 7.41, "car_v_mean": 22.23, "car_v_std": 8.94}, "datetime": {"datetime": "2024-08-04 14:39:39", "elapsed": 1122.437829, "delta": 2.99999}}
{"target": -0.04514474871614912, "params": {"bus_acc": 1.56, "bus_dcc": 2.7, "bus_lcAssertive": 33.06, "bus_lcCooperative": 0.42, "bus_lcLookaheadLeft": 62.12, "bus_lcPushy": 0.88, "bus_lcSublane": 0.08, "bus_tau_mean": 2.5, "bus_tau_std": 0.99, "bus_v_mean": 19.64, "bus_v_std": 3.43, "car_acc": 2.33, "car_dcc": 3.09, "car_lcAssertive": 59.11, "car_lcCooperative": 0.68, "car_lcLookaheadLeft": 11.79, "car_lcPushy": 0.46, "car_lcSublane": 0.8, "car_tau_mean": 2.82, "car_tau_std": 3.65, "car_v_mean": 12.6, "car_v_std": 1.74}, "datetime": {"datetime": "2024-08-04 14:39:41", "elapsed": 1123.989576, "delta": 1.551747}}
{"target": -0.03417600915945838, "params": {"bus_acc": 2.88, "bus_dcc": 1.73, "bus_lcAssertive": 44.57, "bus_lcCooperative": 0.33, "bus_lcLookaheadLeft": 18.8, "bus_lcPushy": 0.54, "bus_lcSublane": 0.34, "bus_tau_mean": 1.2, "bus_tau_std": 6.55, "bus_v_mean": 17.57, "bus_v_std": 7.62, "car_acc": 1.12, "car_dcc": 2.4, "car_lcAssertive": 57.08, "car_lcCooperative": 0.28, "car_lcLookaheadLeft": 73.73, "car_lcPushy": 0.87, "car_lcSublane": 0.0, "car_tau_mean": 2.32, "car_tau_std": 0.06, "car_v_mean": 18.24, "car_v_std": 1.01}, "datetime": {"datetime": "2024-08-04 14:39:42", "elapsed": 1125.779419, "delta": 1.789843}}
{"target": -0.044181076454733105, "params": {"bus_acc": 1.95, "bus_dcc": 2.88, "bus_lcAssertive": 80.03, "bus_lcCooperative": 0.3, "bus_lcLookaheadLeft": 68.74, "bus_lcPushy": 0.63, "bus_lcSublane": 0.09, "bus_tau_mean": 1.29, "bus_tau_std": 6.42, "bus_v_mean": 14.64, "bus_v_std": 4.61, "car_acc": 1.67, "car_dcc": 1.25, "car_lcAssertive": 99.81, "car_lcCooperative": 0.74, "car_lcLookaheadLeft": 37.68, "car_lcPushy": 0.96, "car_lcSublane": 0.04, "car_tau_mean": 0.57, "car_tau_std": 9.73, "car_v_mean": 16.12, "car_v_std": 3.89}, "datetime": {"datetime": "2024-08-04 14:39:50", "elapsed": 1133.662626, "delta": 7.883207}}
{"target": -0.0391381536829901, "params": {"bus_acc": 2.82, "bus_dcc": 2.39, "bus_lcAssertive": 86.97, "bus_lcCooperative": 0.16, "bus_lcLookaheadLeft": 24.54, "bus_lcPushy": 0.54, "bus_lcSublane": 0.27, "bus_tau_mean": 0.82, "bus_tau_std": 8.1, "bus_v_mean": 8.6, "bus_v_std": 3.2, "car_acc": 2.97, "car_dcc": 1.25, "car_lcAssertive": 38.59, "car_lcCooperative": 0.51, "car_lcLookaheadLeft": 39.39, "car_lcPushy": 0.07, "car_lcSublane": 0.77, "car_tau_mean": 1.8, "car_tau_std": 5.02, "car_v_mean": 20.41, "car_v_std": 4.91}, "datetime": {"datetime": "2024-08-04 14:39:55", "elapsed": 1138.297314, "delta": 4.634688}}
{"target": -0.044440067723685854, "params": {"bus_acc": 2.63, "bus_dcc": 2.87, "bus_lcAssertive": 70.31, "bus_lcCooperative": 0.01, "bus_lcLookaheadLeft": 85.83, "bus_lcPushy": 0.53, "bus_lcSublane": 0.15, "bus_tau_mean": 3.42, "bus_tau_std": 1.29, "bus_v_mean": 20.5, "bus_v_std": 9.02, "car_acc": 2.27, "car_dcc": 3.7, "car_lcAssertive": 20.09, "car_lcCooperative": 0.42, "car_lcLookaheadLeft": 3.79, "car_lcPushy": 0.65, "car_lcSublane": 0.68, "car_tau_mean": 0.72, "car_tau_std": 5.0, "car_v_mean": 12.37, "car_v_std": 0.11}, "datetime": {"datetime": "2024-08-04 14:40:03", "elapsed": 1145.897983, "delta": 7.600669}}
{"target": -0.03427026137748969, "params": {"bus_acc": 2.63, "bus_dcc": 1.95, "bus_lcAssertive": 60.08, "bus_lcCooperative": 0.08, "bus_lcLookaheadLeft": 58.13, "bus_lcPushy": 0.74, "bus_lcSublane": 0.24, "bus_tau_mean": 2.29, "bus_tau_std": 3.27, "bus_v_mean": 13.98, "bus_v_std": 7.9, "car_acc": 2.12, "car_dcc": 2.08, "car_lcAssertive": 65.65, "car_lcCooperative": 0.52, "car_lcLookaheadLeft": 62.1, "car_lcPushy": 0.07, "car_lcSublane": 0.21, "car_tau_mean": 3.39, "car_tau_std": 4.26, "car_v_mean": 11.96, "car_v_std": 3.21}, "datetime": {"datetime": "2024-08-04 14:40:19", "elapsed": 1162.472007, "delta": 16.574024}}
{"target": -0.0374276159314415, "params": {"bus_acc": 3.0, "bus_dcc": 3.66, "bus_lcAssertive": 69.4, "bus_lcCooperative": 1.0, "bus_lcLookaheadLeft": 21.62, "bus_lcPushy": 1.0, "bus_lcSublane": 1.0, "bus_tau_mean": 0.5, "bus_tau_std": 0.0, "bus_v_mean": 8.0, "bus_v_std": 0.2, "car_acc": 2.52, "car_dcc": 1.0, "car_lcAssertive": 38.29, "car_lcCooperative": 0.0, "car_lcLookaheadLeft": 73.88, "car_lcPushy": 0.35, "car_lcSublane": 0.0, "car_tau_mean": 4.0, "car_tau_std": 0.0, "car_v_mean": 8.0, "car_v_std": 0.0}, "datetime": {"datetime": "2024-08-04 14:40:32", "elapsed": 1175.730809, "delta": 13.258802}}
