{"target": -0.4057025210121838, "params": {"bus_acc": 2.5938327861961605, "bus_dcc": 2.1317187025915283, "bus_lcAssertive": 66.69666053543827, "bus_lcCooperative": 0.08633328681516406, "bus_lcLookaheadLeft": 55.88921220625415, "bus_lcPushy": 0.015421822343255842, "bus_lcSigma": 0.9830389835394168, "bus_lcSpeedGainRight": 2.992136111940074, "bus_lcSublane": 0.38411422799622663, "bus_sigma": 0.1467479307274827, "bus_tau_mean": 2.939074142528818, "bus_tau_std": 9.058084167065523, "bus_v_mean": 13.089740037513868, "bus_v_std": 15.329842893124594, "car_acc": 2.1499924081647506, "car_dcc": 3.87167602712318, "car_lcAssertive": 70.52925972468594, "car_lcCooperative": 0.6250155931933211, "car_lcLookaheadLeft": 93.21200384871447, "car_lcPushy": 0.26904238725191854, "car_lcSigma": 0.9236157463407607, "car_lcSpeedGainRight": 3.3904146706199123, "car_lcSublane": 0.7713625072014619, "car_sigma": 0.5716353364349513, "car_tau_mean": 3.4186663712473164, "car_tau_std": 6.982817992918626, "car_v_mean": 10.345739228430544, "car_v_std": 12.249222572561498}, "datetime": {"datetime": "2024-08-08 12:05:06", "elapsed": 316.660415, "delta": 1.299241}}
{"target": -0.39119900411300845, "params": {"bus_acc": 3.2930890861987385, "bus_dcc": 3.8282877262988477, "bus_lcAssertive": 52.268144769059866, "bus_lcCooperative": 0.1944658095278845, "bus_lcLookaheadLeft": 85.09806045946067, "bus_lcPushy": 0.25163914235585283, "bus_lcSigma": 0.700726036482538, "bus_lcSpeedGainRight": 2.7013047019844993, "bus_lcSublane": 0.9488362882802196, "bus_sigma": 0.6243367024026759, "bus_tau_mean": 3.432922867167053, "bus_tau_std": 0.07932876194523097, "bus_v_mean": 23.829440898666206, "bus_v_std": 1.5542914066477298, "car_acc": 2.2885180544590784, "car_dcc": 3.838457186370296, "car_lcAssertive": 1.8849711347532616, "car_lcCooperative": 0.8227300054219355, "car_lcLookaheadLeft": 86.39874055994585, "car_lcPushy": 0.4398308142085725, "car_lcSigma": 0.2557451938059312, "car_lcSpeedGainRight": 4.013447598166493, "car_lcSublane": 0.47786200443222115, "car_sigma": 0.13433860865569613, "car_tau_mean": 3.7474714748875377, "car_tau_std": 8.959699670066485, "car_v_mean": 15.864722400270965, "car_v_std": 17.134049930355843}, "datetime": {"datetime": "2024-08-08 12:05:10", "elapsed": 320.093587, "delta": 3.433172}}
{"target": -0.3449497331389587, "params": {"bus_acc": 4.834296844078683, "bus_dcc": 3.181496304780788, "bus_lcAssertive": 11.0446249245764, "bus_lcCooperative": 0.7862693223485936, "bus_lcLookaheadLeft": 36.511225289460114, "bus_lcPushy": 0.9114351403237924, "bus_lcSigma": 0.4954974347471134, "bus_lcSpeedGainRight": 4.363463614924361, "bus_lcSublane": 0.2205297947437237, "bus_sigma": 0.36719232590326556, "bus_tau_mean": 1.7839292975543395, "bus_tau_std": 0.9713268160328525, "bus_v_mean": 13.296230945052717, "bus_v_std": 13.19419607677599, "car_acc": 2.8661739654949625, "car_dcc": 3.6376947092332936, "car_lcAssertive": 27.69735637264448, "car_lcCooperative": 0.3548193487216488, "car_lcLookaheadLeft": 33.39472043476, "car_lcPushy": 0.5517379706217076, "car_lcSigma": 0.18821941560628785, "car_lcSpeedGainRight": 0.8662213575408645, "car_lcSublane": 0.9394819242084544, "car_sigma": 0.37664771374633, "car_tau_mean": 2.5548434720906745, "car_tau_std": 0.5515208501882385, "car_v_mean": 10.25372795038987, "car_v_std": 1.9271710372248663}, "datetime": {"datetime": "2024-08-08 12:05:11", "elapsed": 321.92561, "delta": 1.832023}}
{"target": -0.3397547666694637, "params": {"bus_acc": 4.188879229434953, "bus_dcc": 1.040633040517383, "bus_lcAssertive": 71.71525587400897, "bus_lcCooperative": 0.2953139661018992, "bus_lcLookaheadLeft": 98.66745241246686, "bus_lcPushy": 0.8462417305877817, "bus_lcSigma": 0.5604011810847819, "bus_lcSpeedGainRight": 2.9888284268841963, "bus_lcSublane": 0.1920756730045573, "bus_sigma": 0.2262515885870655, "bus_tau_mean": 1.039046124182829, "bus_tau_std": 3.7781354746444173, "bus_v_mean": 9.791287109465298, "bus_v_std": 10.225457872685237, "car_acc": 3.5539118216061896, "car_dcc": 1.3666371347109498, "car_lcAssertive": 35.075439534096546, "car_lcCooperative": 0.07034787968520784, "car_lcLookaheadLeft": 53.52459635266278, "car_lcPushy": 0.6502897692030054, "car_lcSigma": 0.6154721413751028, "car_lcSpeedGainRight": 4.0693478140474255, "car_lcSublane": 0.23556623650242037, "car_sigma": 0.6181818418404456, "car_tau_mean": 1.5598998173142422, "car_tau_std": 0.8876770607914231, "car_v_mean": 12.884183545053011, "car_v_std": 1.4271294988923233}, "datetime": {"datetime": "2024-08-08 12:05:13", "elapsed": 323.303183, "delta": 1.377573}}
{"target": -0.3413928930172532, "params": {"bus_acc": 3.6603951133432826, "bus_dcc": 1.6746249399020972, "bus_lcAssertive": 11.84463000441058, "bus_lcCooperative": 0.9790089375741902, "bus_lcLookaheadLeft": 81.86947665118652, "bus_lcPushy": 0.28538353244953096, "bus_lcSigma": 0.5858283844279211, "bus_lcSpeedGainRight": 1.9003560263939563, "bus_lcSublane": 0.1763380407698657, "bus_sigma": 0.4188351430524928, "bus_tau_mean": 1.5401572796885465, "bus_tau_std": 0.16624106532905913, "bus_v_mean": 14.197892911980952, "bus_v_std": 18.418260076095045, "car_acc": 4.3128010348297945, "car_dcc": 2.7222242655896527, "car_lcAssertive": 32.54603961325787, "car_lcCooperative": 0.23126429488543754, "car_lcLookaheadLeft": 95.68991919583152, "car_lcPushy": 0.5646100990687117, "car_lcSigma": 0.2176053035591231, "car_lcSpeedGainRight": 1.2474102554931144, "car_lcSublane": 0.9595962025309192, "car_sigma": 0.238814133296392, "car_tau_mean": 0.8734993092443826, "car_tau_std": 1.8396193975266917, "car_v_mean": 20.259596910686703, "car_v_std": 14.175285118625228}, "datetime": {"datetime": "2024-08-08 12:05:16", "elapsed": 326.471007, "delta": 3.167824}}
{"target": -0.37463805755583623, "params": {"bus_acc": 3.8675146545267567, "bus_dcc": 3.673056862877017, "bus_lcAssertive": 3.701435128229413, "bus_lcCooperative": 0.5220512472525107, "bus_lcLookaheadLeft": 33.94700155346248, "bus_lcPushy": 0.8594893208655858, "bus_lcSigma": 0.5585165509225178, "bus_lcSpeedGainRight": 3.4511393408137394, "bus_lcSublane": 0.45285349995153745, "bus_sigma": 0.6283090375213571, "bus_tau_mean": 1.5153389809059905, "bus_tau_std": 0.09348577966515781, "bus_v_mean": 17.228094959793452, "bus_v_std": 6.228884282649256, "car_acc": 3.069070394004519, "car_dcc": 3.749217559161693, "car_lcAssertive": 43.221004061638205, "car_lcCooperative": 0.2473960366023854, "car_lcLookaheadLeft": 38.386788605347334, "car_lcPushy": 0.9318611166365406, "car_lcSigma": 0.9368683813090937, "car_lcSpeedGainRight": 4.221649742828566, "car_lcSublane": 0.9202065143056605, "car_sigma": 0.22790028995131695, "car_tau_mean": 0.806187733437568, "car_tau_std": 2.2730973628468876, "car_v_mean": 13.030025857824807, "car_v_std": 3.4953175271262316}, "datetime": {"datetime": "2024-08-08 12:05:17", "elapsed": 327.416674, "delta": 0.945667}}
{"target": -0.3677018631871513, "params": {"bus_acc": 1.6864427769876968, "bus_dcc": 1.8845050147626223, "bus_lcAssertive": 10.279930931389577, "bus_lcCooperative": 0.3179810316787127, "bus_lcLookaheadLeft": 39.35648414716073, "bus_lcPushy": 0.6327125396187535, "bus_lcSigma": 0.47151993834858275, "bus_lcSpeedGainRight": 3.588344903885235, "bus_lcSublane": 0.26922353350171446, "bus_sigma": 0.17305671918218446, "bus_tau_mean": 1.8269291097137783, "bus_tau_std": 4.380814374278545, "bus_v_mean": 14.754025085053337, "bus_v_std": 18.2713937332305, "car_acc": 2.078268073387817, "car_dcc": 2.0561302080854706, "car_lcAssertive": 22.305756356169372, "car_lcCooperative": 0.37192301140427286, "car_lcLookaheadLeft": 40.20582830144868, "car_lcPushy": 0.5754270571118745, "car_lcSigma": 0.278364978622443, "car_lcSpeedGainRight": 1.2974615425392404, "car_lcSublane": 0.7190613950565239, "car_sigma": 0.9101787075725445, "car_tau_mean": 0.9273388684720454, "car_tau_std": 1.8228897074998485, "car_v_mean": 10.12975431801445, "car_v_std": 13.672153656089943}, "datetime": {"datetime": "2024-08-08 12:05:18", "elapsed": 329.042027, "delta": 1.625353}}
{"target": -0.34140935127484523, "params": {"bus_acc": 3.734549859124201, "bus_dcc": 2.194035145648892, "bus_lcAssertive": 48.41645508562015, "bus_lcCooperative": 0.2898033391923721, "bus_lcLookaheadLeft": 79.25286297100789, "bus_lcPushy": 0.046512682267751626, "bus_lcSigma": 0.2811256463638583, "bus_lcSpeedGainRight": 2.95297930879439, "bus_lcSublane": 0.7901335024345391, "bus_sigma": 0.6015993359119542, "bus_tau_mean": 3.056710340287724, "bus_tau_std": 0.23527914877828127, "bus_v_mean": 12.078777428936688, "bus_v_std": 0.8418351968474558, "car_acc": 3.000049593875157, "car_dcc": 3.9674208884223203, "car_lcAssertive": 2.339520302416675, "car_lcCooperative": 0.4408790383372555, "car_lcLookaheadLeft": 2.4690689743766847, "car_lcPushy": 0.6128886193293469, "car_lcSigma": 0.1833587261280697, "car_lcSpeedGainRight": 3.563708918952641, "car_lcSublane": 0.15964851197294794, "car_sigma": 0.8285756552303601, "car_tau_mean": 1.2216235730698106, "car_tau_std": 3.5221627383195075, "car_v_mean": 11.689255550772305, "car_v_std": 16.153689849032926}, "datetime": {"datetime": "2024-08-08 12:05:22", "elapsed": 332.92245, "delta": 3.880423}}
{"target": -0.3717462919925445, "params": {"bus_acc": 2.761762239902872, "bus_dcc": 3.262525076365478, "bus_lcAssertive": 92.07540412447102, "bus_lcCooperative": 0.4413517453158379, "bus_lcLookaheadLeft": 53.74061744716068, "bus_lcPushy": 0.06603558401663734, "bus_lcSigma": 0.3907730736706927, "bus_lcSpeedGainRight": 2.3361928316662297, "bus_lcSublane": 0.8951377108035733, "bus_sigma": 0.11055744025544123, "bus_tau_mean": 3.058981611196383, "bus_tau_std": 5.454711685487195, "bus_v_mean": 17.704566888264694, "bus_v_std": 0.5956588825912057, "car_acc": 1.5869895190431182, "car_dcc": 1.8519496763985555, "car_lcAssertive": 1.4823327474070012, "car_lcCooperative": 0.6691577977971368, "car_lcLookaheadLeft": 87.28527899441463, "car_lcPushy": 0.5469683092712408, "car_lcSigma": 0.5431640475192038, "car_lcSpeedGainRight": 3.0786296430651867, "car_lcSublane": 0.30218150041580416, "car_sigma": 0.3667319816609417, "car_tau_mean": 2.512289045472183, "car_tau_std": 8.092165837173445, "car_v_mean": 11.225546150530738, "car_v_std": 6.550481116965782}, "datetime": {"datetime": "2024-08-08 12:05:27", "elapsed": 337.421618, "delta": 4.499168}}
{"target": -0.348581364852375, "params": {"bus_acc": 3.4744029702461456, "bus_dcc": 1.4529421998389374, "bus_lcAssertive": 76.31944317426985, "bus_lcCooperative": 0.781045822193957, "bus_lcLookaheadLeft": 90.60209261955288, "bus_lcPushy": 0.23376869260410593, "bus_lcSigma": 0.17667889307234141, "bus_lcSpeedGainRight": 1.9554956155338121, "bus_lcSublane": 0.3205646539951602, "bus_sigma": 0.8154769290056262, "bus_tau_mean": 2.647340648839511, "bus_tau_std": 7.600017523497488, "bus_v_mean": 14.842641595151427, "bus_v_std": 1.9888112583117845, "car_acc": 1.460140048200985, "car_dcc": 2.120221395211586, "car_lcAssertive": 20.19092898344121, "car_lcCooperative": 0.8207464986229382, "car_lcLookaheadLeft": 60.764328825524245, "car_lcPushy": 0.688845259018665, "car_lcSigma": 0.4911099613042962, "car_lcSpeedGainRight": 0.4408684062109053, "car_lcSublane": 0.23507763668617032, "car_sigma": 0.461602080891622, "car_tau_mean": 1.195070260688742, "car_tau_std": 0.254762357788203, "car_v_mean": 19.67036317209844, "car_v_std": 14.498334944382382}, "datetime": {"datetime": "2024-08-08 12:05:53", "elapsed": 363.20537, "delta": 25.783752}}
{"target": -0.39090602083919823, "params": {"bus_acc": 3.2249609359616755, "bus_dcc": 1.409365676982055, "bus_lcAssertive": 6.931851261708954, "bus_lcCooperative": 0.12134345574073735, "bus_lcLookaheadLeft": 6.366084097386649, "bus_lcPushy": 0.1074941291060929, "bus_lcSigma": 0.2257093386078547, "bus_lcSpeedGainRight": 3.564944901913383, "bus_lcSublane": 0.5597169820541424, "bus_sigma": 0.012555980159115854, "bus_tau_mean": 0.7519099789132038, "bus_tau_std": 9.672763300002721, "bus_v_mean": 17.089607390719074, "bus_v_std": 4.06586469321981, "car_acc": 2.0093029782812937, "car_dcc": 3.2314775622252787, "car_lcAssertive": 20.34751862982256, "car_lcCooperative": 0.5813589272732578, "car_lcLookaheadLeft": 97.06195893065461, "car_lcPushy": 0.8468288014900353, "car_lcSigma": 0.23984775914758616, "car_lcSpeedGainRight": 2.4688485713436497, "car_lcSublane": 0.6199557183813798, "car_sigma": 0.8289808995501787, "car_tau_mean": 1.048769881261295, "car_tau_std": 0.18576202177409518, "car_v_mean": 9.120354299507557, "car_v_std": 9.726902218740637}, "datetime": {"datetime": "2024-08-08 12:07:15", "elapsed": 445.491058, "delta": 82.285688}}
{"target": -0.36021552010825175, "params": {"bus_acc": 2.978587392427636, "bus_dcc": 1.9450812669057027, "bus_lcAssertive": 54.99846984483864, "bus_lcCooperative": 0.6824780792979444, "bus_lcLookaheadLeft": 23.595956313062093, "bus_lcPushy": 0.48533745396838057, "bus_lcSigma": 0.9929813576374784, "bus_lcSpeedGainRight": 1.6208065159061746, "bus_lcSublane": 0.03536191949131395, "bus_sigma": 0.8173517292840132, "bus_tau_mean": 2.2615737425988183, "bus_tau_std": 0.527838561185705, "bus_v_mean": 22.24488043558786, "bus_v_std": 8.090287599607155, "car_acc": 4.717092728561587, "car_dcc": 2.2062345214016847, "car_lcAssertive": 8.606396192693403, "car_lcCooperative": 0.2453011441199927, "car_lcLookaheadLeft": 36.32552955930588, "car_lcPushy": 0.7507282923552251, "car_lcSigma": 0.18474815234928366, "car_lcSpeedGainRight": 2.1548682686293716, "car_lcSublane": 0.8732454198159687, "car_sigma": 0.5337610913727832, "car_tau_mean": 0.8610415191216982, "car_tau_std": 0.24522487054632225, "car_v_mean": 19.292956818576776, "car_v_std": 19.582549819164342}, "datetime": {"datetime": "2024-08-08 12:07:25", "elapsed": 455.461344, "delta": 9.970286}}
{"target": -0.49684553721020264, "params": {"bus_acc": 4.9772, "bus_dcc": 3.3144, "bus_lcAssertive": 71.9279, "bus_lcCooperative": 0.5998, "bus_lcLookaheadLeft": 4.6976, "bus_lcPushy": 0.7523, "bus_lcSigma": 0.9374, "bus_lcSpeedGainRight": 3.637, "bus_lcSublane": 0.9509, "bus_sigma": 0.7045, "bus_tau_mean": 1.5676, "bus_tau_std": 9.5662, "bus_v_mean": 21.1761, "bus_v_std": 6.0764, "car_acc": 2.568, "car_dcc": 3.6517, "car_lcAssertive": 79.7158, "car_lcCooperative": 0.8162, "car_lcLookaheadLeft": 3.4458, "car_lcPushy": 0.4138, "car_lcSigma": 0.2821, "car_lcSpeedGainRight": 2.7235, "car_lcSublane": 0.4511, "car_sigma": 0.6406, "car_tau_mean": 1.5684, "car_tau_std": 8.8438, "car_v_mean": 16.4282, "car_v_std": 1.4284}, "datetime": {"datetime": "2024-08-08 12:08:01", "elapsed": 491.446285, "delta": 35.984941}}
{"target": -0.3511340352808223, "params": {"bus_acc": 4.2351, "bus_dcc": 2.3397, "bus_lcAssertive": 70.0307, "bus_lcCooperative": 0.0443, "bus_lcLookaheadLeft": 54.7748, "bus_lcPushy": 0.7003, "bus_lcSigma": 0.5234, "bus_lcSpeedGainRight": 1.6715, "bus_lcSublane": 0.8033, "bus_sigma": 0.1484, "bus_tau_mean": 2.0883, "bus_tau_std": 9.3128, "bus_v_mean": 12.2039, "bus_v_std": 2.5531, "car_acc": 4.9508, "car_dcc": 3.7835, "car_lcAssertive": 55.3798, "car_lcCooperative": 0.4972, "car_lcLookaheadLeft": 60.59, "car_lcPushy": 0.4079, "car_lcSigma": 0.1289, "car_lcSpeedGainRight": 3.1618, "car_lcSublane": 0.3694, "car_sigma": 0.182, "car_tau_mean": 0.8015, "car_tau_std": 8.3235, "car_v_mean": 16.9454, "car_v_std": 3.0003}, "datetime": {"datetime": "2024-08-08 12:09:00", "elapsed": 550.109458, "delta": 58.663173}}
{"target": -0.353038902703636, "params": {"bus_acc": 3.8681, "bus_dcc": 3.4588, "bus_lcAssertive": 65.2953, "bus_lcCooperative": 0.885, "bus_lcLookaheadLeft": 78.0668, "bus_lcPushy": 0.1854, "bus_lcSigma": 0.104, "bus_lcSpeedGainRight": 1.8064, "bus_lcSublane": 0.4242, "bus_sigma": 0.7636, "bus_tau_mean": 2.9644, "bus_tau_std": 4.9285, "bus_v_mean": 23.6571, "bus_v_std": 17.3188, "car_acc": 4.857, "car_dcc": 3.0147, "car_lcAssertive": 94.5479, "car_lcCooperative": 0.685, "car_lcLookaheadLeft": 43.905, "car_lcPushy": 0.9489, "car_lcSigma": 0.8303, "car_lcSpeedGainRight": 3.6885, "car_lcSublane": 0.328, "car_sigma": 0.0243, "car_tau_mean": 3.4013, "car_tau_std": 0.9483, "car_v_mean": 20.4789, "car_v_std": 8.3059}, "datetime": {"datetime": "2024-08-08 12:09:06", "elapsed": 556.215527, "delta": 6.106069}}
{"target": -0.6202167526265334, "params": {"bus_acc": 2.0048127333975465, "bus_dcc": 2.967282303710098, "bus_lcAssertive": 96.07931767378179, "bus_lcCooperative": 0.0035547604644260433, "bus_lcLookaheadLeft": 72.88938235064201, "bus_lcPushy": 0.10899503392964371, "bus_lcSigma": 0.5437874916638252, "bus_lcSpeedGainRight": 3.134580083401673, "bus_lcSublane": 0.24294712577080113, "bus_sigma": 0.9138438752466082, "bus_tau_mean": 2.6780938504206624, "bus_tau_std": 2.3169469139485988, "bus_v_mean": 20.32211500159692, "bus_v_std": 2.1101415999466955, "car_acc": 3.220901274125378, "car_dcc": 1.2848682094074744, "car_lcAssertive": 58.51742319482693, "car_lcCooperative": 0.2529801127201884, "car_lcLookaheadLeft": 65.64774717956513, "car_lcPushy": 0.71582695285818, "car_lcSigma": 0.5241856145686612, "car_lcSpeedGainRight": 3.2876070385155503, "car_lcSublane": 0.8132938453250557, "car_sigma": 0.8075122716430321, "car_tau_mean": 2.6688869721885196, "car_tau_std": 4.511024621207749, "car_v_mean": 14.52719982475788, "car_v_std": 17.494952398087268}, "datetime": {"datetime": "2024-08-08 12:09:19", "elapsed": 569.982412, "delta": 13.766885}}
{"target": -0.3476566961016811, "params": {"bus_acc": 1.8112, "bus_dcc": 2.6862, "bus_lcAssertive": 77.279, "bus_lcCooperative": 0.1311, "bus_lcLookaheadLeft": 68.0133, "bus_lcPushy": 0.6046, "bus_lcSigma": 0.3218, "bus_lcSpeedGainRight": 4.4538, "bus_lcSublane": 0.7718, "bus_sigma": 0.1837, "bus_tau_mean": 2.603, "bus_tau_std": 7.872, "bus_v_mean": 21.5024, "bus_v_std": 12.5905, "car_acc": 4.0141, "car_dcc": 3.1541, "car_lcAssertive": 27.7833, "car_lcCooperative": 0.3517, "car_lcLookaheadLeft": 67.1252, "car_lcPushy": 0.5447, "car_lcSigma": 0.7443, "car_lcSpeedGainRight": 1.206, "car_lcSublane": 0.6978, "car_sigma": 0.3307, "car_tau_mean": 3.5035, "car_tau_std": 4.9738, "car_v_mean": 18.8746, "car_v_std": 7.6484}, "datetime": {"datetime": "2024-08-08 12:10:05", "elapsed": 615.896915, "delta": 45.914503}}
{"target": -0.45151553371729464, "params": {"bus_acc": 2.3931, "bus_dcc": 2.0215, "bus_lcAssertive": 85.9846, "bus_lcCooperative": 0.4564, "bus_lcLookaheadLeft": 69.0744, "bus_lcPushy": 0.5498, "bus_lcSigma": 0.7105, "bus_lcSpeedGainRight": 2.0567, "bus_lcSublane": 0.3637, "bus_sigma": 0.8357, "bus_tau_mean": 2.3275, "bus_tau_std": 2.7217, "bus_v_mean": 22.7308, "bus_v_std": 11.5673, "car_acc": 3.8194, "car_dcc": 2.5061, "car_lcAssertive": 28.9161, "car_lcCooperative": 0.7527, "car_lcLookaheadLeft": 64.4218, "car_lcPushy": 0.5599, "car_lcSigma": 0.1146, "car_lcSpeedGainRight": 1.5453, "car_lcSublane": 0.2474, "car_sigma": 0.1357, "car_tau_mean": 2.0673, "car_tau_std": 1.1496, "car_v_mean": 17.85, "car_v_std": 3.3909}, "datetime": {"datetime": "2024-08-08 12:10:11", "elapsed": 621.178474, "delta": 5.281559}}
{"target": -0.37357374615030337, "params": {"bus_acc": 3.8819, "bus_dcc": 2.4351, "bus_lcAssertive": 90.4333, "bus_lcCooperative": 0.5924, "bus_lcLookaheadLeft": 8.2337, "bus_lcPushy": 0.3554, "bus_lcSigma": 0.3435, "bus_lcSpeedGainRight": 0.7309, "bus_lcSublane": 0.9166, "bus_sigma": 0.6955, "bus_tau_mean": 0.5826, "bus_tau_std": 0.8023, "bus_v_mean": 13.7883, "bus_v_std": 14.08, "car_acc": 3.312, "car_dcc": 3.6134, "car_lcAssertive": 55.5971, "car_lcCooperative": 0.4481, "car_lcLookaheadLeft": 4.2813, "car_lcPushy": 0.549, "car_lcSigma": 0.8492, "car_lcSpeedGainRight": 0.3571, "car_lcSublane": 0.3638, "car_sigma": 0.4488, "car_tau_mean": 3.6297, "car_tau_std": 5.2517, "car_v_mean": 19.545, "car_v_std": 3.9664}, "datetime": {"datetime": "2024-08-08 12:10:45", "elapsed": 655.17162, "delta": 33.993146}}
{"target": -0.3790095683689549, "params": {"bus_acc": 2.6966, "bus_dcc": 3.8425, "bus_lcAssertive": 65.0675, "bus_lcCooperative": 0.2579, "bus_lcLookaheadLeft": 48.2976, "bus_lcPushy": 0.5487, "bus_lcSigma": 0.6148, "bus_lcSpeedGainRight": 0.5562, "bus_lcSublane": 0.8352, "bus_sigma": 0.0961, "bus_tau_mean": 0.7283, "bus_tau_std": 2.3349, "bus_v_mean": 15.1978, "bus_v_std": 11.8848, "car_acc": 1.6182, "car_dcc": 2.8875, "car_lcAssertive": 76.6744, "car_lcCooperative": 0.9537, "car_lcLookaheadLeft": 70.8727, "car_lcPushy": 0.5933, "car_lcSigma": 0.2022, "car_lcSpeedGainRight": 3.5141, "car_lcSublane": 0.711, "car_sigma": 0.0895, "car_tau_mean": 2.7554, "car_tau_std": 7.5033, "car_v_mean": 17.3399, "car_v_std": 1.61}, "datetime": {"datetime": "2024-08-08 12:10:49", "elapsed": 659.872632, "delta": 4.701012}}
{"target": -0.3359457265295912, "params": {"bus_acc": 3.7925, "bus_dcc": 1.443, "bus_lcAssertive": 95.8331, "bus_lcCooperative": 0.5778, "bus_lcLookaheadLeft": 94.6131, "bus_lcPushy": 0.4308, "bus_lcSigma": 0.5945, "bus_lcSpeedGainRight": 0.85, "bus_lcSublane": 0.3629, "bus_sigma": 0.92, "bus_tau_mean": 2.8748, "bus_tau_std": 8.481, "bus_v_mean": 10.307, "bus_v_std": 9.2345, "car_acc": 4.3236, "car_dcc": 3.0045, "car_lcAssertive": 24.6591, "car_lcCooperative": 0.3385, "car_lcLookaheadLeft": 67.7763, "car_lcPushy": 0.8905, "car_lcSigma": 0.1955, "car_lcSpeedGainRight": 3.5613, "car_lcSublane": 0.5549, "car_sigma": 0.4898, "car_tau_mean": 3.9091, "car_tau_std": 5.1879, "car_v_mean": 15.6861, "car_v_std": 8.589}, "datetime": {"datetime": "2024-08-08 12:10:53", "elapsed": 663.806331, "delta": 3.933699}}
