{"target": -0.04605164566197482, "params": {"bus_acc": 2.9278355348479956, "bus_dcc": 2.9348250175366353, "bus_lcAssertive": 48.94726153020618, "bus_lcCooperative": 0.9676952459611975, "bus_lcLookaheadLeft": 16.03259860745876, "bus_lcPushy": 0.6323298746664966, "bus_lcSublane": 0.6618883678367976, "bus_tau_mean": 2.018439395034541, "bus_tau_std": 0.5935722533895749, "bus_v_mean": 15.883561618656532, "bus_v_std": 4.651339435180775, "car_acc": 2.6134936215497273, "car_dcc": 1.769982969858929, "car_lcAssertive": 39.75160593544259, "car_lcCooperative": 0.24017220722137722, "car_lcLookaheadLeft": 69.27145468689167, "car_lcPushy": 0.9898834533371155, "car_lcSublane": 0.1774295368682619, "car_tau_mean": 3.3750635907920405, "car_tau_std": 2.3098855928163333, "car_v_mean": 8.927613013964272, "car_v_std": 1.3881651804567363}, "datetime": {"datetime": "2024-08-05 17:47:29", "elapsed": 72.643537, "delta": 1.488059}}
{"target": -0.056228475550030424, "params": {"bus_acc": 2.874504124256898, "bus_dcc": 2.468694883435506, "bus_lcAssertive": 54.42526189924171, "bus_lcCooperative": 0.8952603657312208, "bus_lcLookaheadLeft": 45.77023449072167, "bus_lcPushy": 0.8770343892703519, "bus_lcSublane": 0.25358174937162836, "bus_tau_mean": 1.45833396455338, "bus_tau_std": 3.2836139008759013, "bus_v_mean": 16.761028327695257, "bus_v_std": 2.201286740269812, "car_acc": 2.342858342162547, "car_dcc": 1.4283798484090013, "car_lcAssertive": 10.315927175464303, "car_lcCooperative": 0.8701917462053776, "car_lcLookaheadLeft": 25.213132948585855, "car_lcPushy": 0.3860040110225955, "car_lcSublane": 0.5715420927253323, "car_tau_mean": 2.340306894830145, "car_tau_std": 0.7602387944210687, "car_v_mean": 21.98601496956845, "car_v_std": 9.511356184186921}, "datetime": {"datetime": "2024-08-05 17:47:30", "elapsed": 73.827859, "delta": 1.184322}}
{"target": -0.06053288872990598, "params": {"bus_acc": 2.413912490497522, "bus_dcc": 3.3415886706302285, "bus_lcAssertive": 38.11271841014908, "bus_lcCooperative": 0.7703225253299576, "bus_lcLookaheadLeft": 75.56118327916718, "bus_lcPushy": 0.6132112115442597, "bus_lcSublane": 0.4018659239678374, "bus_tau_mean": 2.9405780674251933, "bus_tau_std": 0.031128578251921057, "bus_v_mean": 20.398346347593566, "bus_v_std": 8.96416602456847, "car_acc": 1.4786314148750093, "car_dcc": 1.3623015529276892, "car_lcAssertive": 22.808114791579033, "car_lcCooperative": 0.3020967312900983, "car_lcLookaheadLeft": 88.53679383925575, "car_lcPushy": 0.5431664302380945, "car_lcSublane": 0.2867116496064306, "car_tau_mean": 0.9842414142753129, "car_tau_std": 2.9014446310454165, "car_v_mean": 17.821937435860043, "car_v_std": 3.2413852989744663}, "datetime": {"datetime": "2024-08-05 17:47:33", "elapsed": 77.29941, "delta": 3.471551}}
{"target": -0.05098668755960243, "params": {"bus_acc": 1.206452013155284, "bus_dcc": 2.3436805785277155, "bus_lcAssertive": 90.95095480621646, "bus_lcCooperative": 0.2936141483736795, "bus_lcLookaheadLeft": 30.201983181462175, "bus_lcPushy": 0.13002857211827767, "bus_lcSublane": 0.019366957870297075, "bus_tau_mean": 2.8759243652896185, "bus_tau_std": 2.1162811600005904, "bus_v_mean": 12.24874654995562, "bus_v_std": 4.9157315928033825, "car_acc": 1.1067250902341608, "car_dcc": 2.722352816476039, "car_lcAssertive": 15.526128915675205, "car_lcCooperative": 0.5893055369032842, "car_lcLookaheadLeft": 70.57631928205126, "car_lcPushy": 0.10233442882782584, "car_lcSublane": 0.4140559878195683, "car_tau_mean": 2.9304005520471077, "car_tau_std": 4.141792695269027, "car_v_mean": 8.799255343137395, "car_v_std": 5.358964059155116}, "datetime": {"datetime": "2024-08-05 17:47:35", "elapsed": 78.893262, "delta": 1.593852}}
{"target": -0.06064140516720595, "params": {"bus_acc": 1.905706999903075, "bus_dcc": 2.884927112564071, "bus_lcAssertive": 29.719588317055155, "bus_lcCooperative": 0.009348577966515781, "bus_lcLookaheadLeft": 58.522081628734895, "bus_lcPushy": 0.3114442141324628, "bus_lcSublane": 0.5172675985011298, "bus_tau_mean": 3.707420485688642, "bus_tau_std": 4.26474788501396, "bus_v_mean": 11.958336585638166, "bus_v_std": 3.7129376127905447, "car_acc": 2.863722233273081, "car_dcc": 3.810605143927281, "car_lcAssertive": 84.58866490800561, "car_lcCooperative": 0.9202065143056605, "car_lcLookaheadLeft": 24.33422841522906, "car_lcPushy": 0.08748220955359087, "car_lcSublane": 0.22730973628468876, "car_tau_mean": 1.6003181563991764, "car_tau_std": 1.7476587635631158, "car_v_mean": 17.713506591559366, "car_v_std": 4.135864150011614}, "datetime": {"datetime": "2024-08-05 17:47:36", "elapsed": 80.190972, "delta": 1.29771}}
{"target": -0.0694648602036223, "params": {"bus_acc": 1.954875911184434, "bus_dcc": 2.4023796761361083, "bus_lcAssertive": 84.14423030956907, "bus_lcCooperative": 0.8701023653075677, "bus_lcLookaheadLeft": 82.04188850892314, "bus_lcPushy": 0.8778014186346996, "bus_lcSublane": 0.5710087619370731, "bus_tau_mean": 3.874126466686786, "bus_tau_std": 6.065443482504676, "bus_v_mean": 17.663163857274903, "bus_v_std": 3.1929773707461884, "car_acc": 2.362408368234038, "car_dcc": 1.155897065516083, "car_lcAssertive": 14.320095680182282, "car_lcCooperative": 0.13024216757276508, "car_lcLookaheadLeft": 66.2097261480241, "car_lcPushy": 0.1753325917713383, "car_lcSublane": 0.3411468232515472, "car_tau_mean": 0.655090795415866, "car_tau_std": 2.337343601165106, "car_v_mean": 23.427589197588706, "car_v_std": 5.091394025163677}, "datetime": {"datetime": "2024-08-05 17:47:37", "elapsed": 81.271372, "delta": 1.0804}}
{"target": -0.05440132468699493, "params": {"bus_acc": 1.4629258710684956, "bus_dcc": 2.2804640483447067, "bus_lcAssertive": 25.563034941957305, "bus_lcCooperative": 0.8456149622311454, "bus_lcLookaheadLeft": 98.6943896068721, "bus_lcPushy": 0.06657080313237929, "bus_lcSublane": 0.7139280322669613, "bus_tau_mean": 1.65540443269676, "bus_tau_std": 6.254353783114329, "bus_v_mean": 12.130074388509936, "bus_v_std": 6.510076093084951, "car_acc": 1.742294368925459, "car_dcc": 1.884462638610891, "car_lcAssertive": 91.26455419608209, "car_lcCooperative": 0.9424988742262075, "car_lcLookaheadLeft": 62.12790260289327, "car_lcPushy": 0.21446778083069262, "car_lcSublane": 0.9394188709061594, "car_tau_mean": 3.1265874135316345, "car_tau_std": 7.510898073228061, "car_v_mean": 11.38754135757578, "car_v_std": 8.301565261622994}, "datetime": {"datetime": "2024-08-05 17:47:40", "elapsed": 84.166095, "delta": 2.894723}}
{"target": -0.06356504059952404, "params": {"bus_acc": 2.1850237375315933, "bus_dcc": 1.936809513105751, "bus_lcAssertive": 91.71424979336672, "bus_lcCooperative": 0.9096355249515571, "bus_lcLookaheadLeft": 27.19759279065523, "bus_lcPushy": 0.1108913007440292, "bus_lcSublane": 0.19296273201911285, "bus_tau_mean": 2.2485445973761014, "bus_tau_std": 7.2858566797459625, "bus_v_mean": 11.331111014540664, "bus_v_std": 2.480335583772307, "car_acc": 2.703343749872734, "car_dcc": 2.247546154802582, "car_lcAssertive": 62.05182164836838, "car_lcCooperative": 0.23366613923925006, "car_lcLookaheadLeft": 11.992791423728148, "car_lcPushy": 0.5158570169685298, "car_lcSublane": 0.47714098704978236, "car_tau_mean": 1.0343507543260713, "car_tau_std": 6.218062317404155, "car_v_mean": 16.70416190102301, "car_v_std": 6.541373469707443}, "datetime": {"datetime": "2024-08-05 17:47:41", "elapsed": 85.210964, "delta": 1.044869}}
{"target": -0.05899892182346129, "params": {"bus_acc": 2.327589290439578, "bus_dcc": 2.5446673361749257, "bus_lcAssertive": 94.51488084309052, "bus_lcCooperative": 0.5865550405019929, "bus_lcLookaheadLeft": 90.53338769821258, "bus_lcPushy": 0.13747470414623753, "bus_lcSublane": 0.13927634725075855, "bus_tau_mean": 3.3258695104833333, "bus_tau_std": 3.9767683698553355, "bus_v_mean": 10.645667153870924, "bus_v_std": 9.275085803960339, "car_acc": 1.6955317194910131, "car_dcc": 3.2524363094084667, "car_lcAssertive": 72.87380054969469, "car_lcCooperative": 0.8833060912058098, "car_lcLookaheadLeft": 63.11987629144967, "car_lcPushy": 0.7509424340273372, "car_lcSublane": 0.34889834197784253, "car_tau_mean": 1.4447476211775911, "car_tau_std": 8.958862181960669, "car_v_mean": 14.849459037940719, "car_v_std": 9.648400471483855}, "datetime": {"datetime": "2024-08-05 17:47:43", "elapsed": 87.073249, "delta": 1.862285}}
{"target": -0.06094638477653633, "params": {"bus_acc": 1.2935847468344863, "bus_dcc": 1.792892448180702, "bus_lcAssertive": 82.08982868471955, "bus_lcCooperative": 0.31058725179421, "bus_lcLookaheadLeft": 98.2769100307084, "bus_lcPushy": 0.2666387021516352, "bus_lcSublane": 0.5336533449712114, "bus_tau_mean": 1.6006345391504737, "bus_tau_std": 9.107728311738374, "bus_v_mean": 13.864906301619751, "bus_v_std": 4.3359232727316455, "car_acc": 2.0245853845567225, "car_dcc": 3.81665943210914, "car_lcAssertive": 4.063951620843921, "car_lcCooperative": 0.7168786636316892, "car_lcLookaheadLeft": 89.31985752064921, "car_lcPushy": 0.027287223517468817, "car_lcSublane": 0.5220512472525107, "car_tau_mean": 1.6409643411950885, "car_tau_std": 8.594893208655858, "car_v_mean": 16.936264814760285, "car_v_std": 6.902278681627479}, "datetime": {"datetime": "2024-08-05 17:47:44", "elapsed": 88.244387, "delta": 1.171138}}
{"target": -0.05286477482225195, "params": {"bus_acc": 1.5046514891406468, "bus_dcc": 3.2314775622252787, "bus_lcAssertive": 20.34751862982256, "bus_lcCooperative": 0.5813589272732578, "bus_lcLookaheadLeft": 97.06195893065461, "bus_lcPushy": 0.8468288014900353, "bus_lcSublane": 0.23984775914758616, "bus_tau_mean": 2.228193999940555, "bus_tau_std": 6.1995571838137975, "bus_v_mean": 21.26369439280286, "bus_v_std": 1.5679139464608427, "car_acc": 1.037152404354819, "car_dcc": 1.210066431157667, "car_lcAssertive": 49.14816598276615, "car_lcCooperative": 0.6063294616533303, "car_lcLookaheadLeft": 57.74744083447517, "car_lcPushy": 0.31736240932216075, "car_lcSublane": 0.9886161544124489, "car_tau_mean": 2.5291082673602894, "car_tau_std": 3.801411726235504, "car_v_mean": 16.815171505886347, "car_v_std": 7.453344309065021}, "datetime": {"datetime": "2024-08-05 17:47:45", "elapsed": 89.002751, "delta": 0.758364}}
{"target": -0.06278339456050204, "params": {"bus_acc": 1.914720363381997, "bus_dcc": 2.332351321049843, "bus_lcAssertive": 82.98540071241969, "bus_lcCooperative": 0.4263481542362306, "bus_lcLookaheadLeft": 35.87848447519923, "bus_lcPushy": 0.6749716048091052, "bus_lcSublane": 0.22148205573352875, "bus_tau_mean": 2.1353603837429382, "bus_tau_std": 3.147656873240164, "bus_v_mean": 18.029689634605354, "bus_v_std": 8.773604746948125, "car_acc": 1.895378000291257, "car_dcc": 3.3533722563757693, "car_lcAssertive": 46.239604355593485, "car_lcCooperative": 0.6562293317171314, "car_lcLookaheadLeft": 14.920415552695209, "car_lcPushy": 0.43298150696764814, "car_lcSublane": 0.9093119886549367, "car_tau_mean": 2.6191765036082715, "car_tau_std": 7.667745872371022, "car_v_mean": 16.075209729534308, "car_v_std": 4.980556248280075}, "datetime": {"datetime": "2024-08-05 17:47:46", "elapsed": 89.825005, "delta": 0.822254}}
{"target": -0.05638194990649398, "params": {"bus_acc": 2.5836420790083077, "bus_dcc": 3.0872926428155183, "bus_lcAssertive": 78.00699920905836, "bus_lcCooperative": 0.4064828689770863, "bus_lcLookaheadLeft": 65.48152205237315, "bus_lcPushy": 0.1797942976929744, "bus_lcSublane": 0.321819963387904, "bus_tau_mean": 1.1041161704192737, "bus_tau_std": 4.086372250132624, "bus_v_mean": 11.862699967449581, "bus_v_std": 4.0692199412935794, "car_acc": 2.950444684874624, "car_dcc": 1.960957977466094, "car_lcAssertive": 98.26660355251464, "car_lcCooperative": 0.6363061258559836, "car_lcLookaheadLeft": 38.75891980260328, "car_lcPushy": 0.8574844990835966, "car_lcSublane": 0.6195867393685738, "car_tau_mean": 1.3821157804579378, "car_tau_std": 7.928556779768876, "car_v_mean": 14.927016139746609, "car_v_std": 3.575111673304414}, "datetime": {"datetime": "2024-08-05 17:47:47", "elapsed": 90.671027, "delta": 0.846022}}
{"target": -0.05689964208409754, "params": {"bus_acc": 1.7571611865012045, "bus_dcc": 1.5645827800894636, "bus_lcAssertive": 74.95347807396458, "bus_lcCooperative": 0.34037929076546725, "bus_lcLookaheadLeft": 79.939514405753, "bus_lcPushy": 0.4879009391796203, "bus_lcSublane": 0.5256694443509794, "bus_tau_mean": 0.5997179732204853, "bus_tau_std": 6.442320198790318, "bus_v_mean": 13.610504038914678, "bus_v_std": 2.2920502729206573, "car_acc": 1.8677667524234012, "car_dcc": 2.1474023718127526, "car_lcAssertive": 47.50911496854967, "car_lcCooperative": 0.9794833541798064, "car_lcLookaheadLeft": 37.70905089608658, "car_lcPushy": 0.7744101333360395, "car_lcSublane": 0.5527675965498925, "car_tau_mean": 3.61195881187619, "car_tau_std": 3.54952851149572, "car_v_mean": 11.92829888298412, "car_v_std": 9.110192396569683}, "datetime": {"datetime": "2024-08-05 17:47:48", "elapsed": 92.320753, "delta": 1.649726}}
{"target": -0.04463424516321216, "params": {"bus_acc": 2.1229825175987482, "bus_dcc": 2.0742397420388077, "bus_lcAssertive": 61.69812120133422, "bus_lcCooperative": 0.9357362666081998, "bus_lcLookaheadLeft": 60.495075444705364, "bus_lcPushy": 0.9795901743594252, "bus_lcSublane": 0.4410066204088712, "bus_tau_mean": 3.0886418687764134, "bus_tau_std": 0.3760387864960013, "bus_v_mean": 20.235626224007778, "bus_v_std": 5.182815803268124, "car_acc": 1.0106330659222065, "car_dcc": 1.8316003143477955, "car_lcAssertive": 53.94839101946134, "car_lcCooperative": 0.7679628782813116, "car_lcLookaheadLeft": 7.203074354347459, "car_lcPushy": 0.5490534438505197, "car_lcSublane": 0.800994555798356, "car_tau_mean": 2.7735406920746764, "car_tau_std": 9.314470149929107, "car_v_mean": 9.195703120236178, "car_v_std": 2.768064626005866}, "datetime": {"datetime": "2024-08-05 17:47:50", "elapsed": 93.908301, "delta": 1.587548}}
{"target": -0.06494332400332156, "params": {"bus_acc": 2.326882995636896, "bus_dcc": 2.8650871606273656, "bus_lcAssertive": 12.359851322384143, "bus_lcCooperative": 0.9494892587070712, "bus_lcLookaheadLeft": 46.09138908103417, "bus_lcPushy": 0.5783896143871318, "bus_lcSublane": 0.40813680276128117, "bus_tau_mean": 1.329594430850597, "bus_tau_std": 9.033795205622537, "bus_v_mean": 17.178871786756574, "bus_v_std": 0.0287032703115897, "car_acc": 2.2342898272414478, "car_dcc": 1.9799347053162886, "car_lcAssertive": 53.17875212350332, "car_lcCooperative": 0.8859420993107745, "car_lcLookaheadLeft": 37.01243648024498, "car_lcPushy": 0.9085351509197992, "car_lcSublane": 0.6233601157918027, "car_tau_mean": 0.555374349962947, "car_tau_std": 9.294372337437613, "car_v_mean": 19.054350680270783, "car_v_std": 9.973228504514806}, "datetime": {"datetime": "2024-08-05 17:47:51", "elapsed": 94.893255, "delta": 0.984954}}
{"target": -0.05299773539019019, "params": {"bus_acc": 1.2534267676938455, "bus_dcc": 1.7327999896269275, "bus_lcAssertive": 8.854816712873575, "bus_lcCooperative": 0.3028583047175786, "bus_lcLookaheadLeft": 74.68707042269243, "bus_lcPushy": 0.6150157249710488, "bus_lcSublane": 0.6724110989339258, "bus_tau_mean": 0.5293407783376105, "bus_tau_std": 6.783769722513199, "bus_v_mean": 16.050891048686193, "bus_v_std": 2.309084504841792, "car_acc": 1.3497930179638444, "car_dcc": 1.5549488966524896, "car_lcAssertive": 84.58174050243474, "car_lcCooperative": 0.9825897893050853, "car_lcLookaheadLeft": 91.5464832344799, "car_lcPushy": 0.3473694203728128, "car_lcSublane": 0.7802245796913637, "car_tau_mean": 2.4125910674550073, "car_tau_std": 8.164423975559377, "car_v_mean": 15.739631219022494, "car_v_std": 5.899512982994038}, "datetime": {"datetime": "2024-08-05 17:47:53", "elapsed": 97.327167, "delta": 2.433912}}
{"target": -0.047471944313775924, "params": {"bus_acc": 2.7289588601091994, "bus_dcc": 1.9680429905102392, "bus_lcAssertive": 67.40809028797113, "bus_lcCooperative": 0.45087393641334916, "bus_lcLookaheadLeft": 39.44606969908869, "bus_lcPushy": 0.4108113499221856, "bus_lcSublane": 0.4014795834695406, "bus_tau_mean": 1.610843810853969, "bus_tau_std": 6.2191936792030145, "bus_v_mean": 14.88395633314023, "bus_v_std": 9.738020779272523, "car_acc": 2.3556017828686224, "car_dcc": 1.5957096652813325, "car_lcAssertive": 43.24339992545524, "car_lcCooperative": 0.343346239774423, "car_lcLookaheadLeft": 80.16860278793952, "car_lcPushy": 0.8799982885634318, "car_lcSublane": 0.903841955826372, "car_tau_mean": 2.819519343313418, "car_tau_std": 2.7020826202975776, "car_v_mean": 12.037867224073436, "car_v_std": 8.548979426974023}, "datetime": {"datetime": "2024-08-05 17:47:54", "elapsed": 98.118605, "delta": 0.791438}}
{"target": -0.049594161972693444, "params": {"bus_acc": 2.401066145239005, "bus_dcc": 3.7916794577495354, "bus_lcAssertive": 86.39905275601697, "bus_lcCooperative": 0.1674418575065213, "bus_lcLookaheadLeft": 27.787624344539672, "bus_lcPushy": 0.07161027944180454, "bus_lcSublane": 0.978672805158347, "bus_tau_mean": 1.3273443453113145, "bus_tau_std": 6.6059835592859875, "bus_v_mean": 9.434091182839392, "bus_v_std": 2.1077094208701874, "car_acc": 2.005648767036809, "car_dcc": 1.3148610049897842, "car_lcAssertive": 39.49846686677771, "car_lcCooperative": 0.5379877201396809, "car_lcLookaheadLeft": 35.2420101187398, "car_lcPushy": 0.5559002111265755, "car_lcSublane": 0.536768321942464, "car_tau_mean": 1.8671367455791703, "car_tau_std": 6.96270083101103, "car_v_mean": 18.855719263966783, "car_v_std": 6.873031493743898}, "datetime": {"datetime": "2024-08-05 17:47:56", "elapsed": 99.435588, "delta": 1.316983}}
{"target": -0.04249694626091545, "params": {"bus_acc": 2.3442888193136975, "bus_dcc": 1.5687622005747572, "bus_lcAssertive": 89.67718174434171, "bus_lcCooperative": 0.9498463888800873, "bus_lcLookaheadLeft": 96.23410915858432, "bus_lcPushy": 0.7300825577402602, "bus_lcSublane": 0.4062884276883151, "bus_tau_mean": 3.1031221872292685, "bus_tau_std": 2.8798687927475153, "bus_v_mean": 13.03067555825194, "bus_v_std": 6.058963612178579, "car_acc": 2.1896942668158355, "car_dcc": 3.635982928947433, "car_lcAssertive": 26.205474810397117, "car_lcCooperative": 0.7661883652028217, "car_lcLookaheadLeft": 94.21930014825233, "car_lcPushy": 0.001032932657734631, "car_lcSublane": 0.47608911800210485, "car_tau_mean": 2.7996411515865525, "car_tau_std": 8.433232139195225, "car_v_mean": 10.939830590016028, "car_v_std": 8.561592379873717}, "datetime": {"datetime": "2024-08-05 17:47:57", "elapsed": 100.472088, "delta": 1.0365}}
{"target": -0.052770111163524, "params": {"bus_acc": 1.177996441644756, "bus_dcc": 1.554716770835225, "bus_lcAssertive": 53.1583357132916, "bus_lcCooperative": 0.417102418106858, "bus_lcLookaheadLeft": 80.4646464966655, "bus_lcPushy": 0.9332023381866817, "bus_lcSublane": 0.17786474795134855, "bus_tau_mean": 3.510233698066757, "bus_tau_std": 9.573949263266687, "bus_v_mean": 23.351529709596512, "bus_v_std": 0.37862587720430496, "car_acc": 1.1151670112163474, "car_dcc": 1.017392178753067, "car_lcAssertive": 31.955434459392166, "car_lcCooperative": 0.05569841271210463, "car_lcLookaheadLeft": 30.79852357611333, "car_lcPushy": 0.3560164860311865, "car_lcSublane": 0.9536770184739218, "car_tau_mean": 2.1693282287037228, "car_tau_std": 2.782384424213303, "car_v_mean": 16.048083120815278, "car_v_std": 6.433579246491355}, "datetime": {"datetime": "2024-08-05 17:47:58", "elapsed": 101.729944, "delta": 1.257856}}
{"target": -0.06600791255714573, "params": {"bus_acc": 2.6857996803857, "bus_dcc": 1.2034208030228613, "bus_lcAssertive": 57.75395488341878, "bus_lcCooperative": 0.9427625754329493, "bus_lcLookaheadLeft": 52.75028472088755, "bus_lcPushy": 0.1944658095278845, "bus_lcSublane": 0.8479393924434762, "bus_tau_mean": 1.380736998245485, "bus_tau_std": 7.007260364825379, "bus_v_mean": 16.644175046350398, "bus_v_std": 9.488362882802196, "car_acc": 2.248673404805352, "car_dcc": 3.513933886143188, "car_lcAssertive": 1.7853547432577868, "car_lcCooperative": 0.989340056166638, "car_lcLookaheadLeft": 9.616027892573875, "car_lcPushy": 0.3221295136147696, "car_lcSublane": 0.9461523954567653, "car_tau_mean": 0.5312868582993577, "car_tau_std": 8.227300054219356, "car_v_mean": 21.77938621386871, "car_v_std": 4.398308142085725}, "datetime": {"datetime": "2024-08-05 17:48:00", "elapsed": 103.431588, "delta": 1.701644}}
{"target": -0.044467013432838154, "params": {"bus_acc": 1.832201545236284, "bus_dcc": 2.5947503976877053, "bus_lcAssertive": 68.24208206937614, "bus_lcCooperative": 0.5128751425899913, "bus_lcLookaheadLeft": 31.313009776761888, "bus_lcPushy": 0.10538467273003926, "bus_lcSublane": 0.28493214572214476, "bus_tau_mean": 3.1909849690071526, "bus_tau_std": 6.407827044518461, "bus_v_mean": 20.821291251251083, "bus_v_std": 5.171205319704266, "car_acc": 1.46420004369267, "car_dcc": 2.883885780945708, "car_lcAssertive": 31.09654351220801, "car_lcCooperative": 0.029528744942020957, "car_lcLookaheadLeft": 90.52645532805381, "car_lcPushy": 0.4203695688027851, "car_lcSublane": 0.4261307804247122, "car_tau_mean": 3.0943810736615065, "car_tau_std": 9.484584043057936, "car_v_mean": 9.160248448727414, "car_v_std": 1.7270108813227492}, "datetime": {"datetime": "2024-08-05 17:48:01", "elapsed": 105.105716, "delta": 1.674128}}
{"target": -0.052273382987562886, "params": {"bus_acc": 1.6268483563184857, "bus_dcc": 3.0769678470079422, "bus_lcAssertive": 87.7625260773078, "bus_lcCooperative": 0.8946066635038473, "bus_lcLookaheadLeft": 10.334332714238235, "bus_lcPushy": 0.03905478323288236, "bus_lcSublane": 0.1698304195645689, "bus_tau_mean": 3.573498762002946, "bus_tau_std": 0.983468338330501, "bus_v_mean": 14.737722000080835, "bus_v_std": 9.57889530150502, "car_acc": 2.066330569946034, "car_dcc": 3.07563134185142, "car_lcAssertive": 32.23604746960023, "car_lcCooperative": 0.6865009276815837, "car_lcLookaheadLeft": 83.79331584594254, "car_lcPushy": 0.018288277344191806, "car_lcSublane": 0.7501443149449675, "car_tau_mean": 3.9610138111727315, "car_tau_std": 7.481656543798394, "car_v_mean": 12.487103873030483, "car_v_std": 7.892793284514886}, "datetime": {"datetime": "2024-08-05 17:48:05", "elapsed": 108.633483, "delta": 3.527767}}
