{"target": -0.4039091556967427, "params": {"bus_acc": 0.7059, "bus_dcc": 0.7134, "bus_lcAssertive": 89.8096, "bus_lcCooperative": 0.2396, "bus_lcLookaheadLeft": 32.096, "bus_lcPushy": 0.2147, "bus_lcSigma": 0.2296, "bus_lcSpeedGainRight": 4.3144, "bus_lcSublane": 0.0253, "bus_sigma": 0.4016, "bus_tau_mean": 1.0771, "bus_tau_std": 2.3857, "bus_v_mean": 9.8152, "bus_v_std": 18.016, "car_acc": 1.0934, "car_dcc": 2.1334, "car_lcAssertive": 56.0207, "car_lcCooperative": 0.1078, "car_lcLookaheadLeft": 73.8964, "car_lcPushy": 0.2901, "car_lcSigma": 0.0182, "car_lcSpeedGainRight": 4.7231, "car_lcSublane": 0.6661, "car_sigma": 0.9059, "car_tau_mean": 3.3501, "car_tau_std": 3.9634, "car_v_mean": 10.279, "car_v_std": 8.1675}, "datetime": {"datetime": "2024-08-10 14:08:34", "elapsed": 5564.851675, "delta": 5.275036}}
{"target": -0.35893496919936924, "params": {"bus_acc": 0.9703, "bus_dcc": 2.6069, "bus_lcAssertive": 43.1283, "bus_lcCooperative": 0.5812, "bus_lcLookaheadLeft": 8.7068, "bus_lcPushy": 0.0287, "bus_lcSigma": 0.2494, "bus_lcSpeedGainRight": 0.3824, "bus_lcSublane": 0.4235, "bus_sigma": 0.5104, "bus_tau_mean": 2.9991, "bus_tau_std": 9.4431, "bus_v_mean": 12.9322, "bus_v_std": 13.6885, "car_acc": 1.677, "car_dcc": 3.6788, "car_lcAssertive": 68.1066, "car_lcCooperative": 0.522, "car_lcLookaheadLeft": 41.1875, "car_lcPushy": 0.393, "car_lcSigma": 0.9449, "car_lcSpeedGainRight": 0.2633, "car_lcSublane": 0.3512, "car_sigma": 0.1516, "car_tau_mean": 2.137, "car_tau_std": 1.8043, "car_v_mean": 13.2874, "car_v_std": 6.6264}, "datetime": {"datetime": "2024-08-10 14:08:39", "elapsed": 5569.439053, "delta": 4.587378}}
{"target": -0.21649981102959906, "params": {"bus_acc": 1.6181, "bus_dcc": 0.4428, "bus_lcAssertive": 21.488, "bus_lcCooperative": 0.2563, "bus_lcLookaheadLeft": 47.3459, "bus_lcPushy": 0.7005, "bus_lcSigma": 0.7967, "bus_lcSpeedGainRight": 0.6517, "bus_lcSublane": 0.6486, "bus_sigma": 0.6575, "bus_tau_mean": 2.212, "bus_tau_std": 4.2354, "bus_v_mean": 14.0834, "bus_v_std": 10.9119, "car_acc": 0.8217, "car_dcc": 0.3865, "car_lcAssertive": 57.3753, "car_lcCooperative": 0.9413, "car_lcLookaheadLeft": 20.6933, "car_lcPushy": 0.032, "car_lcSigma": 0.5235, "car_lcSpeedGainRight": 1.4254, "car_lcSublane": 0.8502, "car_sigma": 0.9663, "car_tau_mean": 0.7765, "car_tau_std": 2.9091, "car_v_mean": 12.0799, "car_v_std": 19.8329}, "datetime": {"datetime": "2024-08-10 14:08:42", "elapsed": 5572.851208, "delta": 3.412155}}
{"target": -0.35396708994266196, "params": {"bus_acc": 1.1148, "bus_dcc": 1.6526, "bus_lcAssertive": 87.9551, "bus_lcCooperative": 0.4301, "bus_lcLookaheadLeft": 41.2501, "bus_lcPushy": 0.4426, "bus_lcSigma": 0.8954, "bus_lcSpeedGainRight": 0.6983, "bus_lcSublane": 0.471, "bus_sigma": 0.2379, "bus_tau_mean": 3.5954, "bus_tau_std": 4.9053, "bus_v_mean": 23.9765, "bus_v_std": 9.9752, "car_acc": 3.4538, "car_dcc": 3.9075, "car_lcAssertive": 68.3725, "car_lcCooperative": 0.2893, "car_lcLookaheadLeft": 70.1832, "car_lcPushy": 0.144, "car_lcSigma": 0.1743, "car_lcSpeedGainRight": 2.2719, "car_lcSublane": 0.431, "car_sigma": 0.4945, "car_tau_mean": 1.5721, "car_tau_std": 6.8988, "car_v_mean": 13.8534, "car_v_std": 18.97}, "datetime": {"datetime": "2024-08-10 14:08:48", "elapsed": 5578.290701, "delta": 5.439493}}
{"target": -0.3298221190056349, "params": {"bus_acc": 3.7674, "bus_dcc": 1.2367, "bus_lcAssertive": 98.9723, "bus_lcCooperative": 0.2234, "bus_lcLookaheadLeft": 13.3365, "bus_lcPushy": 0.4538, "bus_lcSigma": 0.6641, "bus_lcSpeedGainRight": 0.8085, "bus_lcSublane": 0.2681, "bus_sigma": 0.6975, "bus_tau_mean": 2.2398, "bus_tau_std": 8.6746, "bus_v_mean": 24.9684, "bus_v_std": 7.4987, "car_acc": 0.9639, "car_dcc": 1.2608, "car_lcAssertive": 89.3402, "car_lcCooperative": 0.0013, "car_lcLookaheadLeft": 56.0605, "car_lcPushy": 0.5676, "car_lcSigma": 0.7786, "car_lcSpeedGainRight": 4.5267, "car_lcSublane": 0.7271, "car_sigma": 0.4362, "car_tau_mean": 1.6365, "car_tau_std": 2.9896, "car_v_mean": 21.6097, "car_v_std": 12.2588}, "datetime": {"datetime": "2024-08-10 14:08:52", "elapsed": 5582.654167, "delta": 4.363466}}
{"target": -0.30784124322189427, "params": {"bus_acc": 1.8394, "bus_dcc": 1.2188, "bus_lcAssertive": 31.9863, "bus_lcCooperative": 0.4337, "bus_lcLookaheadLeft": 88.0805, "bus_lcPushy": 0.9354, "bus_lcSigma": 0.3853, "bus_lcSpeedGainRight": 4.7893, "bus_lcSublane": 0.8399, "bus_sigma": 0.3532, "bus_tau_mean": 1.7231, "bus_tau_std": 3.9345, "bus_v_mean": 16.705, "bus_v_std": 13.0496, "car_acc": 2.9179, "car_dcc": 1.3357, "car_lcAssertive": 45.5924, "car_lcCooperative": 0.38, "car_lcLookaheadLeft": 15.2298, "car_lcPushy": 0.8922, "car_lcSigma": 0.8967, "car_lcSpeedGainRight": 0.3464, "car_lcSublane": 0.102, "car_sigma": 0.3456, "car_tau_mean": 3.0661, "car_tau_std": 7.4325, "car_v_mean": 12.1106, "car_v_std": 3.1922}, "datetime": {"datetime": "2024-08-10 14:08:56", "elapsed": 5586.797161, "delta": 4.142994}}
{"target": -0.5623635642806591, "params": {"bus_acc": 0.8382, "bus_dcc": 2.0487, "bus_lcAssertive": 8.4443, "bus_lcCooperative": 0.6507, "bus_lcLookaheadLeft": 52.8492, "bus_lcPushy": 0.1496, "bus_lcSigma": 0.234, "bus_lcSpeedGainRight": 0.4251, "bus_lcSublane": 0.7299, "bus_sigma": 0.2285, "bus_tau_mean": 2.7859, "bus_tau_std": 3.6568, "bus_v_mean": 25.8806, "bus_v_std": 14.2624, "car_acc": 0.7384, "car_dcc": 1.0416, "car_lcAssertive": 41.4936, "car_lcCooperative": 0.5584, "car_lcLookaheadLeft": 37.2186, "car_lcPushy": 0.6453, "car_lcSigma": 0.2608, "car_lcSpeedGainRight": 1.6167, "car_lcSublane": 0.5893, "car_sigma": 0.1204, "car_tau_mean": 3.2562, "car_tau_std": 9.855, "car_v_mean": 25.5756, "car_v_std": 19.9616}, "datetime": {"datetime": "2024-08-10 14:09:00", "elapsed": 5590.838563, "delta": 4.041402}}
{"target": -0.2508657231367382, "params": {"bus_acc": 2.079, "bus_dcc": 2.8694, "bus_lcAssertive": 30.6479, "bus_lcCooperative": 0.9349, "bus_lcLookaheadLeft": 42.202, "bus_lcPushy": 0.6987, "bus_lcSigma": 0.5738, "bus_lcSpeedGainRight": 1.255, "bus_lcSublane": 0.5549, "bus_sigma": 0.4518, "bus_tau_mean": 0.5092, "bus_tau_std": 6.2642, "bus_v_mean": 14.5871, "bus_v_std": 14.2529, "car_acc": 0.8403, "car_dcc": 0.3982, "car_lcAssertive": 50.1643, "car_lcCooperative": 0.4564, "car_lcLookaheadLeft": 83.9297, "car_lcPushy": 0.6661, "car_lcSigma": 0.8521, "car_lcSpeedGainRight": 3.5378, "car_lcSublane": 0.3782, "car_sigma": 0.9546, "car_tau_mean": 0.6361, "car_tau_std": 3.2908, "car_v_mean": 17.7351, "car_v_std": 17.8038}, "datetime": {"datetime": "2024-08-10 14:09:05", "elapsed": 5595.475794, "delta": 4.637231}}
{"target": -0.3549493468536813, "params": {"bus_acc": 0.7593, "bus_dcc": 2.3995, "bus_lcAssertive": 54.3415, "bus_lcCooperative": 0.7825, "bus_lcLookaheadLeft": 49.6152, "bus_lcPushy": 0.872, "bus_lcSigma": 0.001, "bus_lcSpeedGainRight": 2.1778, "bus_lcSublane": 0.1594, "bus_sigma": 0.7395, "bus_tau_mean": 2.1254, "bus_tau_std": 9.9834, "bus_v_mean": 18.1199, "bus_v_std": 18.8598, "car_acc": 1.4158, "car_dcc": 3.7039, "car_lcAssertive": 11.9958, "car_lcCooperative": 0.0538, "car_lcLookaheadLeft": 91.6497, "car_lcPushy": 0.1476, "car_lcSigma": 0.5198, "car_lcSpeedGainRight": 3.6064, "car_lcSublane": 0.1752, "car_sigma": 0.9755, "car_tau_mean": 2.3206, "car_tau_std": 7.9012, "car_v_mean": 18.6872, "car_v_std": 0.3871}, "datetime": {"datetime": "2024-08-10 14:09:09", "elapsed": 5599.228759, "delta": 3.752965}}
{"target": -0.42433492740548084, "params": {"bus_acc": 2.9889, "bus_dcc": 0.6573, "bus_lcAssertive": 15.703, "bus_lcCooperative": 0.6833, "bus_lcLookaheadLeft": 17.6853, "bus_lcPushy": 0.8171, "bus_lcSigma": 0.1114, "bus_lcSpeedGainRight": 1.9209, "bus_lcSublane": 0.3312, "bus_sigma": 0.9231, "bus_tau_mean": 1.7991, "bus_tau_std": 7.0853, "bus_v_mean": 24.3344, "bus_v_std": 12.833, "car_acc": 2.852, "car_dcc": 1.2706, "car_lcAssertive": 66.9196, "car_lcCooperative": 0.7422, "car_lcLookaheadLeft": 51.1901, "car_lcPushy": 0.8017, "car_lcSigma": 0.4671, "car_lcSpeedGainRight": 1.3849, "car_lcSublane": 0.7074, "car_sigma": 0.987, "car_tau_mean": 0.5831, "car_tau_std": 4.0115, "car_v_mean": 19.0895, "car_v_std": 2.5968}, "datetime": {"datetime": "2024-08-10 14:09:13", "elapsed": 5603.920841, "delta": 4.692082}}
{"target": -0.3145084702280497, "params": {"bus_acc": 3.9248, "bus_dcc": 3.8864, "bus_lcAssertive": 74.1954, "bus_lcCooperative": 0.5488, "bus_lcLookaheadLeft": 14.0853, "bus_lcPushy": 0.6908, "bus_lcSigma": 0.7608, "bus_lcSpeedGainRight": 3.3191, "bus_lcSublane": 0.6127, "bus_sigma": 0.3213, "bus_tau_mean": 0.9167, "bus_tau_std": 6.5145, "bus_v_mean": 8.2356, "bus_v_std": 10.2551, "car_acc": 3.6215, "car_dcc": 2.9656, "car_lcAssertive": 92.4618, "car_lcCooperative": 0.09, "car_lcLookaheadLeft": 60.3745, "car_lcPushy": 0.2107, "car_lcSigma": 0.9033, "car_lcSpeedGainRight": 3.6812, "car_lcSublane": 0.8348, "car_sigma": 0.5998, "car_tau_mean": 1.797, "car_tau_std": 6.1961, "car_v_mean": 24.0166, "car_v_std": 16.7671}, "datetime": {"datetime": "2024-08-10 14:09:23", "elapsed": 5613.994288, "delta": 10.073447}}
{"target": -0.2582879726904682, "params": {"bus_acc": 0.3667, "bus_dcc": 1.0362, "bus_lcAssertive": 86.9818, "bus_lcCooperative": 0.8812, "bus_lcLookaheadLeft": 38.0991, "bus_lcPushy": 0.883, "bus_lcSigma": 0.4942, "bus_lcSpeedGainRight": 3.5595, "bus_lcSublane": 0.964, "bus_sigma": 0.8748, "bus_tau_mean": 0.676, "bus_tau_std": 9.2159, "bus_v_mean": 8.1897, "bus_v_std": 0.0707, "car_acc": 2.3317, "car_dcc": 1.5596, "car_lcAssertive": 88.8627, "car_lcCooperative": 0.5885, "car_lcLookaheadLeft": 52.6268, "car_lcPushy": 0.6268, "car_lcSigma": 0.7024, "car_lcSpeedGainRight": 2.0388, "car_lcSublane": 0.8361, "car_sigma": 0.5244, "car_tau_mean": 1.2271, "car_tau_std": 1.2124, "car_v_mean": 19.2063, "car_v_std": 5.7582}, "datetime": {"datetime": "2024-08-10 14:09:27", "elapsed": 5617.637134, "delta": 3.642846}}
{"target": -0.2777131858684156, "params": {"bus_acc": 3.9391, "bus_dcc": 1.6221, "bus_lcAssertive": 83.2636, "bus_lcCooperative": 0.8812, "bus_lcLookaheadLeft": 21.4958, "bus_lcPushy": 0.8609, "bus_lcSigma": 0.2748, "bus_lcSpeedGainRight": 0.5174, "bus_lcSublane": 0.1814, "bus_sigma": 0.8355, "bus_tau_mean": 2.8143, "bus_tau_std": 6.6602, "bus_v_mean": 22.2617, "bus_v_std": 17.6753, "car_acc": 1.8561, "car_dcc": 0.6905, "car_lcAssertive": 32.6693, "car_lcCooperative": 0.3471, "car_lcLookaheadLeft": 31.1536, "car_lcPushy": 0.3595, "car_lcSigma": 0.6362, "car_lcSpeedGainRight": 3.035, "car_lcSublane": 0.9098, "car_sigma": 0.5961, "car_tau_mean": 0.9926, "car_tau_std": 1.5453, "car_v_mean": 12.1254, "car_v_std": 12.769}, "datetime": {"datetime": "2024-08-10 14:09:31", "elapsed": 5621.750707, "delta": 4.113573}}
{"target": -0.33665478836543633, "params": {"bus_acc": 3.1704, "bus_dcc": 2.7763, "bus_lcAssertive": 3.9362, "bus_lcCooperative": 0.8982, "bus_lcLookaheadLeft": 69.6079, "bus_lcPushy": 0.7563, "bus_lcSigma": 0.2325, "bus_lcSpeedGainRight": 4.7456, "bus_lcSublane": 0.6204, "bus_sigma": 0.9431, "bus_tau_mean": 3.2329, "bus_tau_std": 3.5362, "bus_v_mean": 17.4789, "bus_v_std": 6.5792, "car_acc": 1.2902, "car_dcc": 2.9357, "car_lcAssertive": 81.4755, "car_lcCooperative": 0.7, "car_lcLookaheadLeft": 83.1735, "car_lcPushy": 0.8493, "car_lcSigma": 0.032, "car_lcSpeedGainRight": 3.3031, "car_lcSublane": 0.7166, "car_sigma": 0.3293, "car_tau_mean": 3.1301, "car_tau_std": 5.7081, "car_v_mean": 19.3923, "car_v_std": 12.6068}, "datetime": {"datetime": "2024-08-10 14:09:36", "elapsed": 5626.369206, "delta": 4.618499}}
{"target": -0.36975780591450885, "params": {"bus_acc": 3.8027, "bus_dcc": 1.2399, "bus_lcAssertive": 85.5741, "bus_lcCooperative": 0.9257, "bus_lcLookaheadLeft": 25.5149, "bus_lcPushy": 0.233, "bus_lcSigma": 0.6623, "bus_lcSpeedGainRight": 2.7523, "bus_lcSublane": 0.3056, "bus_sigma": 0.108, "bus_tau_mean": 2.9778, "bus_tau_std": 6.7822, "bus_v_mean": 16.2311, "bus_v_std": 5.5615, "car_acc": 1.9168, "car_dcc": 1.5643, "car_lcAssertive": 49.0984, "car_lcCooperative": 0.481, "car_lcLookaheadLeft": 25.7569, "car_lcPushy": 0.2595, "car_lcSigma": 0.5642, "car_lcSpeedGainRight": 0.4685, "car_lcSublane": 0.9699, "car_sigma": 0.1795, "car_tau_mean": 3.5934, "car_tau_std": 4.5878, "car_v_mean": 19.5634, "car_v_std": 0.8338}, "datetime": {"datetime": "2024-08-10 14:09:40", "elapsed": 5630.41325, "delta": 4.044044}}
{"target": -0.42279887250220827, "params": {"bus_acc": 0.9839, "bus_dcc": 3.0182, "bus_lcAssertive": 59.5479, "bus_lcCooperative": 0.5977, "bus_lcLookaheadLeft": 77.0409, "bus_lcPushy": 0.9796, "bus_lcSigma": 0.8205, "bus_lcSpeedGainRight": 2.1698, "bus_lcSublane": 0.2936, "bus_sigma": 0.6678, "bus_tau_mean": 0.8666, "bus_tau_std": 6.8604, "bus_v_mean": 10.1726, "bus_v_std": 19.5814, "car_acc": 1.3199, "car_dcc": 3.3226, "car_lcAssertive": 11.9995, "car_lcCooperative": 0.4571, "car_lcLookaheadLeft": 67.6985, "car_lcPushy": 0.8268, "car_lcSigma": 0.8937, "car_lcSpeedGainRight": 4.7608, "car_lcSublane": 0.6846, "car_sigma": 0.6245, "car_tau_mean": 2.249, "car_tau_std": 7.1808, "car_v_mean": 14.5096, "car_v_std": 18.8369}, "datetime": {"datetime": "2024-08-10 14:09:47", "elapsed": 5637.588636, "delta": 7.175386}}
{"target": -0.42904575559868036, "params": {"bus_acc": 0.2937, "bus_dcc": 1.5268, "bus_lcAssertive": 23.7844, "bus_lcCooperative": 0.508, "bus_lcLookaheadLeft": 20.1308, "bus_lcPushy": 0.148, "bus_lcSigma": 0.5334, "bus_lcSpeedGainRight": 2.5562, "bus_lcSublane": 0.9639, "bus_sigma": 0.3356, "bus_tau_mean": 3.0006, "bus_tau_std": 4.1434, "bus_v_mean": 9.9963, "bus_v_std": 3.489, "car_acc": 1.9179, "car_dcc": 1.6747, "car_lcAssertive": 14.3658, "car_lcCooperative": 0.9334, "car_lcLookaheadLeft": 77.7167, "car_lcPushy": 0.9357, "car_lcSigma": 0.4499, "car_lcSpeedGainRight": 0.9118, "car_lcSublane": 0.0011, "car_sigma": 0.1281, "car_tau_mean": 0.7907, "car_tau_std": 7.7183, "car_v_mean": 25.0408, "car_v_std": 12.5572}, "datetime": {"datetime": "2024-08-10 14:09:51", "elapsed": 5641.963057, "delta": 4.374421}}
{"target": -0.5011409056684061, "params": {"bus_acc": 3.6473, "bus_dcc": 3.1602, "bus_lcAssertive": 38.2838, "bus_lcCooperative": 0.8945, "bus_lcLookaheadLeft": 92.7651, "bus_lcPushy": 0.7207, "bus_lcSigma": 0.0138, "bus_lcSpeedGainRight": 2.7698, "bus_lcSublane": 0.9755, "bus_sigma": 0.654, "bus_tau_mean": 2.0102, "bus_tau_std": 8.7015, "bus_v_mean": 19.0459, "bus_v_std": 4.6468, "car_acc": 0.8337, "car_dcc": 3.178, "car_lcAssertive": 76.3605, "car_lcCooperative": 0.9894, "car_lcLookaheadLeft": 76.1589, "car_lcPushy": 0.0607, "car_lcSigma": 0.3302, "car_lcSpeedGainRight": 1.8435, "car_lcSublane": 0.3953, "car_sigma": 0.6078, "car_tau_mean": 3.1565, "car_tau_std": 1.5125, "car_v_mean": 21.3087, "car_v_std": 12.6142}, "datetime": {"datetime": "2024-08-10 14:09:57", "elapsed": 5647.789467, "delta": 5.82641}}
{"target": -0.3146372461900849, "params": {"bus_acc": 2.744, "bus_dcc": 2.8507, "bus_lcAssertive": 67.1749, "bus_lcCooperative": 0.0017, "bus_lcLookaheadLeft": 45.934, "bus_lcPushy": 0.0204, "bus_lcSigma": 0.0742, "bus_lcSpeedGainRight": 2.7404, "bus_lcSublane": 0.1639, "bus_sigma": 0.4098, "bus_tau_mean": 3.5129, "bus_tau_std": 5.4949, "bus_v_mean": 13.0133, "bus_v_std": 5.9683, "car_acc": 3.0869, "car_dcc": 3.7986, "car_lcAssertive": 8.2044, "car_lcCooperative": 0.2981, "car_lcLookaheadLeft": 12.6783, "car_lcPushy": 0.1073, "car_lcSigma": 0.8524, "car_lcSpeedGainRight": 1.7182, "car_lcSublane": 0.487, "car_sigma": 0.6064, "car_tau_mean": 3.7903, "car_tau_std": 8.905, "car_v_mean": 15.2103, "car_v_std": 6.3409}, "datetime": {"datetime": "2024-08-10 14:10:04", "elapsed": 5654.225519, "delta": 6.436052}}
{"target": -0.26481507355346506, "params": {"bus_acc": 1.4509, "bus_dcc": 0.3957, "bus_lcAssertive": 96.3453, "bus_lcCooperative": 0.197, "bus_lcLookaheadLeft": 38.1828, "bus_lcPushy": 0.9347, "bus_lcSigma": 0.0619, "bus_lcSpeedGainRight": 4.8996, "bus_lcSublane": 0.7059, "bus_sigma": 0.0838, "bus_tau_mean": 1.8373, "bus_tau_std": 0.2924, "bus_v_mean": 24.8997, "bus_v_std": 9.403, "car_acc": 2.564, "car_dcc": 0.5459, "car_lcAssertive": 50.5593, "car_lcCooperative": 0.5919, "car_lcLookaheadLeft": 84.421, "car_lcPushy": 0.6514, "car_lcSigma": 0.8402, "car_lcSpeedGainRight": 1.8435, "car_lcSublane": 0.0908, "car_sigma": 0.4589, "car_tau_mean": 0.6286, "car_tau_std": 3.3916, "car_v_mean": 22.205, "car_v_std": 12.3338}, "datetime": {"datetime": "2024-08-10 14:10:08", "elapsed": 5658.752173, "delta": 4.526654}}
{"target": -0.5120632486506463, "params": {"bus_acc": 3.3985, "bus_dcc": 0.7807, "bus_lcAssertive": 25.1097, "bus_lcCooperative": 0.663, "bus_lcLookaheadLeft": 26.3754, "bus_lcPushy": 0.0425, "bus_lcSigma": 0.4905, "bus_lcSpeedGainRight": 2.0191, "bus_lcSublane": 0.1711, "bus_sigma": 0.4509, "bus_tau_mean": 3.56, "bus_tau_std": 6.1355, "bus_v_mean": 24.8918, "bus_v_std": 3.3166, "car_acc": 0.3381, "car_dcc": 2.3703, "car_lcAssertive": 29.7258, "car_lcCooperative": 0.6703, "car_lcLookaheadLeft": 54.8496, "car_lcPushy": 0.6587, "car_lcSigma": 0.9419, "car_lcSpeedGainRight": 2.7071, "car_lcSublane": 0.5278, "car_sigma": 0.4247, "car_tau_mean": 1.7539, "car_tau_std": 9.6455, "car_v_mean": 19.898, "car_v_std": 4.2132}, "datetime": {"datetime": "2024-08-10 14:10:18", "elapsed": 5668.427976, "delta": 9.675803}}
{"target": -0.2760190431981288, "params": {"bus_acc": 0.8857, "bus_dcc": 2.082, "bus_lcAssertive": 69.7278, "bus_lcCooperative": 0.9703, "bus_lcLookaheadLeft": 20.5975, "bus_lcPushy": 0.4163, "bus_lcSigma": 0.5782, "bus_lcSpeedGainRight": 2.1908, "bus_lcSublane": 0.7807, "bus_sigma": 0.2793, "bus_tau_mean": 2.5635, "bus_tau_std": 4.6426, "bus_v_mean": 21.278, "bus_v_std": 19.1071, "car_acc": 2.8365, "car_dcc": 1.8235, "car_lcAssertive": 1.9904, "car_lcCooperative": 0.3091, "car_lcLookaheadLeft": 54.4871, "car_lcPushy": 0.8293, "car_lcSigma": 0.369, "car_lcSpeedGainRight": 2.5107, "car_lcSublane": 0.5251, "car_sigma": 0.0343, "car_tau_mean": 3.4748, "car_tau_std": 1.7078, "car_v_mean": 22.4605, "car_v_std": 1.2429}, "datetime": {"datetime": "2024-08-10 14:10:22", "elapsed": 5673.043159, "delta": 4.615183}}
{"target": -0.3736284422577532, "params": {"bus_acc": 3.5128, "bus_dcc": 0.8937, "bus_lcAssertive": 13.9938, "bus_lcCooperative": 0.8535, "bus_lcLookaheadLeft": 48.8266, "bus_lcPushy": 0.9813, "bus_lcSigma": 0.9467, "bus_lcSpeedGainRight": 2.8432, "bus_lcSublane": 0.2073, "bus_sigma": 0.5932, "bus_tau_mean": 1.2911, "bus_tau_std": 6.1546, "bus_v_mean": 13.6933, "bus_v_std": 8.4076, "car_acc": 1.7667, "car_dcc": 2.0425, "car_lcAssertive": 38.3893, "car_lcCooperative": 0.2629, "car_lcLookaheadLeft": 18.1435, "car_lcPushy": 0.48, "car_lcSigma": 0.348, "car_lcSpeedGainRight": 4.5941, "car_lcSublane": 0.5417, "car_sigma": 0.2047, "car_tau_mean": 0.6197, "car_tau_std": 6.2406, "car_v_mean": 16.5166, "car_v_std": 0.3525}, "datetime": {"datetime": "2024-08-10 14:10:27", "elapsed": 5677.885785, "delta": 4.842626}}
{"target": -0.308293361276012, "params": {"bus_acc": 1.5263, "bus_dcc": 1.7524, "bus_lcAssertive": 29.6829, "bus_lcCooperative": 0.3233, "bus_lcLookaheadLeft": 70.9276, "bus_lcPushy": 0.7145, "bus_lcSigma": 0.52, "bus_lcSpeedGainRight": 3.4085, "bus_lcSublane": 0.6458, "bus_sigma": 0.5312, "bus_tau_mean": 0.5033, "bus_tau_std": 3.553, "bus_v_mean": 8.0338, "bus_v_std": 5.7144, "car_acc": 2.2397, "car_dcc": 2.8103, "car_lcAssertive": 70.1076, "car_lcCooperative": 0.0141, "car_lcLookaheadLeft": 4.387, "car_lcPushy": 0.9848, "car_lcSigma": 0.4688, "car_lcSpeedGainRight": 0.07, "car_lcSublane": 0.393, "car_sigma": 0.1035, "car_tau_mean": 1.8495, "car_tau_std": 8.1565, "car_v_mean": 24.8824, "car_v_std": 19.7336}, "datetime": {"datetime": "2024-08-10 14:10:37", "elapsed": 5687.378585, "delta": 9.4928}}
{"target": -0.23796025928540065, "params": {"bus_acc": 2.4867, "bus_dcc": 2.8013, "bus_lcAssertive": 72.6424, "bus_lcCooperative": 0.3933, "bus_lcLookaheadLeft": 90.2084, "bus_lcPushy": 0.1374, "bus_lcSigma": 0.1735, "bus_lcSpeedGainRight": 0.2732, "bus_lcSublane": 0.4939, "bus_sigma": 0.7051, "bus_tau_mean": 1.4392, "bus_tau_std": 9.714, "bus_v_mean": 11.9003, "bus_v_std": 13.8668, "car_acc": 1.582, "car_dcc": 0.4562, "car_lcAssertive": 48.3231, "car_lcCooperative": 0.4879, "car_lcLookaheadLeft": 44.1204, "car_lcPushy": 0.4035, "car_lcSigma": 0.6139, "car_lcSpeedGainRight": 2.3009, "car_lcSublane": 0.7152, "car_sigma": 0.6772, "car_tau_mean": 1.646, "car_tau_std": 2.8214, "car_v_mean": 13.2476, "car_v_std": 9.4707}, "datetime": {"datetime": "2024-08-10 14:10:45", "elapsed": 5695.985119, "delta": 8.606534}}
{"target": -0.45474616384561545, "params": {"bus_acc": 2.1212, "bus_dcc": 0.4104, "bus_lcAssertive": 10.0936, "bus_lcCooperative": 0.8632, "bus_lcLookaheadLeft": 18.7256, "bus_lcPushy": 0.4493, "bus_lcSigma": 0.619, "bus_lcSpeedGainRight": 3.8848, "bus_lcSublane": 0.7684, "bus_sigma": 0.437, "bus_tau_mean": 2.9483, "bus_tau_std": 9.4819, "bus_v_mean": 13.2312, "bus_v_std": 14.6304, "car_acc": 0.7796, "car_dcc": 2.9746, "car_lcAssertive": 16.7218, "car_lcCooperative": 0.9183, "car_lcLookaheadLeft": 17.9619, "car_lcPushy": 0.0294, "car_lcSigma": 0.4556, "car_lcSpeedGainRight": 4.5823, "car_lcSublane": 0.4625, "car_sigma": 0.3141, "car_tau_mean": 3.4786, "car_tau_std": 0.9577, "car_v_mean": 12.6051, "car_v_std": 9.2699}, "datetime": {"datetime": "2024-08-10 14:10:54", "elapsed": 5704.76783, "delta": 8.782711}}
