{"target": -0.21945293882542316, "params": {"bus_acc": 3.3479, "bus_dcc": 2.2133, "bus_lcAssertive": 65.9178, "bus_lcCooperative": 0.8061, "bus_lcLookaheadLeft": 80.1639, "bus_lcPushy": 0.8253, "bus_lcSigma": 0.8136, "bus_lcSpeedGainRight": 0.8905, "bus_lcSublane": 0.7718, "bus_sigma": 0.0191, "bus_tau_mean": 3.2837, "bus_tau_std": 9.5331, "bus_v_mean": 10.9277, "bus_v_std": 8.3461, "car_acc": 1.6844, "car_dcc": 0.2407, "car_lcAssertive": 16.7799, "car_lcCooperative": 0.0797, "car_lcLookaheadLeft": 36.1259, "car_lcPushy": 0.2762, "car_lcSigma": 0.0126, "car_lcSpeedGainRight": 3.8078, "car_lcSublane": 0.708, "car_sigma": 0.1205, "car_tau_mean": 1.5811, "car_tau_std": 9.2147, "car_v_mean": 17.4575, "car_v_std": 19.7065}, "datetime": {"datetime": "2024-08-10 16:51:07", "elapsed": 15317.872568, "delta": 8.034721}}
{"target": -0.8659721652657236, "params": {"bus_acc": 1.8205, "bus_dcc": 0.2021, "bus_lcAssertive": 75.7276, "bus_lcCooperative": 0.7433, "bus_lcLookaheadLeft": 41.1256, "bus_lcPushy": 0.1309, "bus_lcSigma": 0.2274, "bus_lcSpeedGainRight": 1.8926, "bus_lcSublane": 0.1078, "bus_sigma": 0.9041, "bus_tau_mean": 2.2143, "bus_tau_std": 8.2019, "bus_v_mean": 20.1917, "bus_v_std": 9.93, "car_acc": 0.2245, "car_dcc": 3.166, "car_lcAssertive": 90.6981, "car_lcCooperative": 0.5116, "car_lcLookaheadLeft": 12.1022, "car_lcPushy": 0.4768, "car_lcSigma": 0.6785, "car_lcSpeedGainRight": 2.4504, "car_lcSublane": 0.456, "car_sigma": 0.332, "car_tau_mean": 2.9364, "car_tau_std": 3.6503, "car_v_mean": 18.0826, "car_v_std": 16.069}, "datetime": {"datetime": "2024-08-10 16:51:21", "elapsed": 15331.818861, "delta": 13.946293}}
{"target": -0.38845852637628747, "params": {"bus_acc": 0.9716, "bus_dcc": 1.457, "bus_lcAssertive": 90.8233, "bus_lcCooperative": 0.0341, "bus_lcLookaheadLeft": 22.1522, "bus_lcPushy": 0.1428, "bus_lcSigma": 0.0935, "bus_lcSpeedGainRight": 1.1493, "bus_lcSublane": 0.8073, "bus_sigma": 0.8602, "bus_tau_mean": 3.8767, "bus_tau_std": 4.5804, "bus_v_mean": 17.0311, "bus_v_std": 2.0269, "car_acc": 3.4886, "car_dcc": 3.1196, "car_lcAssertive": 63.1672, "car_lcCooperative": 0.3332, "car_lcLookaheadLeft": 54.0132, "car_lcPushy": 0.7174, "car_lcSigma": 0.7213, "car_lcSpeedGainRight": 4.1338, "car_lcSublane": 0.8453, "car_sigma": 0.445, "car_tau_mean": 0.7094, "car_tau_std": 1.3393, "car_v_mean": 11.7921, "car_v_std": 12.9596}, "datetime": {"datetime": "2024-08-10 16:51:34", "elapsed": 15344.414907, "delta": 12.596046}}
{"target": -0.35221962188387557, "params": {"bus_acc": 0.9992, "bus_dcc": 2.5729, "bus_lcAssertive": 62.2703, "bus_lcCooperative": 0.8532, "bus_lcLookaheadLeft": 89.2833, "bus_lcPushy": 0.9376, "bus_lcSigma": 0.19, "bus_lcSpeedGainRight": 0.1984, "bus_lcSublane": 0.8176, "bus_sigma": 0.6145, "bus_tau_mean": 3.2367, "bus_tau_std": 1.8953, "bus_v_mean": 12.2802, "bus_v_std": 0.3895, "car_acc": 2.6888, "car_dcc": 2.2666, "car_lcAssertive": 78.2173, "car_lcCooperative": 0.868, "car_lcLookaheadLeft": 22.6181, "car_lcPushy": 0.6438, "car_lcSigma": 0.052, "car_lcSpeedGainRight": 3.9524, "car_lcSublane": 0.2124, "car_sigma": 0.4268, "car_tau_mean": 3.7357, "car_tau_std": 2.9635, "car_v_mean": 11.6838, "car_v_std": 6.5844}, "datetime": {"datetime": "2024-08-10 16:51:44", "elapsed": 15354.602543, "delta": 10.187636}}
{"target": -0.9108973275550327, "params": {"bus_acc": 3.3869, "bus_dcc": 1.1866, "bus_lcAssertive": 4.225, "bus_lcCooperative": 0.8573, "bus_lcLookaheadLeft": 89.5931, "bus_lcPushy": 0.841, "bus_lcSigma": 0.8651, "bus_lcSpeedGainRight": 1.4811, "bus_lcSublane": 0.5617, "bus_sigma": 0.1127, "bus_tau_mean": 3.0802, "bus_tau_std": 0.1751, "bus_v_mean": 12.1434, "bus_v_std": 0.3508, "car_acc": 0.2297, "car_dcc": 1.4982, "car_lcAssertive": 49.0767, "car_lcCooperative": 0.2628, "car_lcLookaheadLeft": 98.7417, "car_lcPushy": 0.917, "car_lcSigma": 0.2416, "car_lcSpeedGainRight": 3.6666, "car_lcSublane": 0.7211, "car_sigma": 0.0494, "car_tau_mean": 0.8244, "car_tau_std": 6.8711, "car_v_mean": 14.3714, "car_v_std": 15.3419}, "datetime": {"datetime": "2024-08-10 16:51:52", "elapsed": 15362.394874, "delta": 7.792331}}
{"target": -0.36754493943701877, "params": {"bus_acc": 3.8687, "bus_dcc": 3.9345, "bus_lcAssertive": 73.6972, "bus_lcCooperative": 0.6216, "bus_lcLookaheadLeft": 56.0164, "bus_lcPushy": 0.9946, "bus_lcSigma": 0.7592, "bus_lcSpeedGainRight": 1.2183, "bus_lcSublane": 0.9409, "bus_sigma": 0.0825, "bus_tau_mean": 3.7526, "bus_tau_std": 6.7653, "bus_v_mean": 14.0569, "bus_v_std": 3.1899, "car_acc": 1.2995, "car_dcc": 3.7532, "car_lcAssertive": 32.043, "car_lcCooperative": 0.625, "car_lcLookaheadLeft": 8.0263, "car_lcPushy": 0.3016, "car_lcSigma": 0.6588, "car_lcSpeedGainRight": 3.4894, "car_lcSublane": 0.5067, "car_sigma": 0.2705, "car_tau_mean": 0.9221, "car_tau_std": 8.0728, "car_v_mean": 10.6096, "car_v_std": 17.9424}, "datetime": {"datetime": "2024-08-10 16:52:00", "elapsed": 15370.409798, "delta": 8.014924}}
{"target": -0.3283509004768337, "params": {"bus_acc": 1.7639, "bus_dcc": 0.6199, "bus_lcAssertive": 57.3164, "bus_lcCooperative": 0.7796, "bus_lcLookaheadLeft": 32.5051, "bus_lcPushy": 0.3455, "bus_lcSigma": 0.915, "bus_lcSpeedGainRight": 3.7588, "bus_lcSublane": 0.9083, "bus_sigma": 0.4716, "bus_tau_mean": 3.4446, "bus_tau_std": 4.4216, "bus_v_mean": 22.3959, "bus_v_std": 18.6759, "car_acc": 3.9211, "car_dcc": 3.3592, "car_lcAssertive": 21.7274, "car_lcCooperative": 0.4853, "car_lcLookaheadLeft": 15.4549, "car_lcPushy": 0.9042, "car_lcSigma": 0.9696, "car_lcSpeedGainRight": 3.7309, "car_lcSublane": 0.6489, "car_sigma": 0.1758, "car_tau_mean": 1.2271, "car_tau_std": 4.4188, "car_v_mean": 22.8765, "car_v_std": 12.9632}, "datetime": {"datetime": "2024-08-10 16:52:08", "elapsed": 15378.578036, "delta": 8.168238}}
{"target": -0.3029981685756672, "params": {"bus_acc": 3.2382, "bus_dcc": 1.2438, "bus_lcAssertive": 81.6807, "bus_lcCooperative": 0.7801, "bus_lcLookaheadLeft": 39.6196, "bus_lcPushy": 0.6084, "bus_lcSigma": 0.3523, "bus_lcSpeedGainRight": 0.5306, "bus_lcSublane": 0.7488, "bus_sigma": 0.1708, "bus_tau_mean": 1.572, "bus_tau_std": 4.8819, "bus_v_mean": 12.5791, "bus_v_std": 2.0957, "car_acc": 1.3493, "car_dcc": 2.0682, "car_lcAssertive": 11.7244, "car_lcCooperative": 0.9616, "car_lcLookaheadLeft": 95.3688, "car_lcPushy": 0.0198, "car_lcSigma": 0.896, "car_lcSpeedGainRight": 1.0896, "car_lcSublane": 0.9178, "car_sigma": 0.2307, "car_tau_mean": 2.3559, "car_tau_std": 0.4624, "car_v_mean": 18.2506, "car_v_std": 5.6397}, "datetime": {"datetime": "2024-08-10 16:52:16", "elapsed": 15386.546059, "delta": 7.968023}}
{"target": -0.25365268103417243, "params": {"bus_acc": 1.3681, "bus_dcc": 2.3963, "bus_lcAssertive": 64.1576, "bus_lcCooperative": 0.5377, "bus_lcLookaheadLeft": 57.4695, "bus_lcPushy": 0.1915, "bus_lcSigma": 0.9293, "bus_lcSpeedGainRight": 4.0158, "bus_lcSublane": 0.7253, "bus_sigma": 0.9311, "bus_tau_mean": 0.6734, "bus_tau_std": 9.5968, "bus_v_mean": 14.6116, "bus_v_std": 18.4766, "car_acc": 3.3323, "car_dcc": 0.2448, "car_lcAssertive": 5.4182, "car_lcCooperative": 0.5169, "car_lcLookaheadLeft": 46.1121, "car_lcPushy": 0.7969, "car_lcSigma": 0.7934, "car_lcSpeedGainRight": 1.3886, "car_lcSublane": 0.3806, "car_sigma": 0.6348, "car_tau_mean": 0.7363, "car_tau_std": 1.3767, "car_v_mean": 8.4982, "car_v_std": 6.0457}, "datetime": {"datetime": "2024-08-10 16:52:24", "elapsed": 15394.261299, "delta": 7.71524}}
{"target": -0.3103511208057555, "params": {"bus_acc": 1.5274, "bus_dcc": 0.3322, "bus_lcAssertive": 59.5504, "bus_lcCooperative": 0.688, "bus_lcLookaheadLeft": 9.9491, "bus_lcPushy": 0.2012, "bus_lcSigma": 0.0827, "bus_lcSpeedGainRight": 3.5921, "bus_lcSublane": 0.4266, "bus_sigma": 0.6081, "bus_tau_mean": 3.0857, "bus_tau_std": 1.1278, "bus_v_mean": 17.4799, "bus_v_std": 3.0936, "car_acc": 1.8503, "car_dcc": 0.8218, "car_lcAssertive": 9.6364, "car_lcCooperative": 0.9784, "car_lcLookaheadLeft": 77.8587, "car_lcPushy": 0.1604, "car_lcSigma": 0.9662, "car_lcSpeedGainRight": 3.3887, "car_lcSublane": 0.1721, "car_sigma": 0.3323, "car_tau_mean": 2.5624, "car_tau_std": 5.5672, "car_v_mean": 21.8835, "car_v_std": 16.0543}, "datetime": {"datetime": "2024-08-10 16:52:41", "elapsed": 15411.25245, "delta": 16.991151}}
{"target": -0.34431421088016273, "params": {"bus_acc": 1.6336, "bus_dcc": 1.1304, "bus_lcAssertive": 47.2324, "bus_lcCooperative": 0.6655, "bus_lcLookaheadLeft": 45.2267, "bus_lcPushy": 0.4529, "bus_lcSigma": 0.9021, "bus_lcSpeedGainRight": 3.1211, "bus_lcSublane": 0.6491, "bus_sigma": 0.8183, "bus_tau_mean": 2.0447, "bus_tau_std": 6.1695, "bus_v_mean": 13.365, "bus_v_std": 8.2323, "car_acc": 3.7015, "car_dcc": 2.2549, "car_lcAssertive": 29.2824, "car_lcCooperative": 0.9811, "car_lcLookaheadLeft": 50.7162, "car_lcPushy": 0.6614, "car_lcSigma": 0.6597, "car_lcSpeedGainRight": 3.0068, "car_lcSublane": 0.037, "car_sigma": 0.3522, "car_tau_mean": 0.6414, "car_tau_std": 5.9465, "car_v_mean": 20.2767, "car_v_std": 15.4089}, "datetime": {"datetime": "2024-08-10 16:52:48", "elapsed": 15418.762826, "delta": 7.510376}}
{"target": -0.2446459108799449, "params": {"bus_acc": 1.055, "bus_dcc": 2.7861, "bus_lcAssertive": 79.8896, "bus_lcCooperative": 0.9216, "bus_lcLookaheadLeft": 50.7715, "bus_lcPushy": 0.512, "bus_lcSigma": 0.4262, "bus_lcSpeedGainRight": 3.746, "bus_lcSublane": 0.1292, "bus_sigma": 0.5053, "bus_tau_mean": 2.0562, "bus_tau_std": 2.5831, "bus_v_mean": 19.1984, "bus_v_std": 12.289, "car_acc": 3.7922, "car_dcc": 2.4451, "car_lcAssertive": 9.9889, "car_lcCooperative": 0.5597, "car_lcLookaheadLeft": 53.7436, "car_lcPushy": 0.249, "car_lcSigma": 0.309, "car_lcSpeedGainRight": 3.8746, "car_lcSublane": 0.662, "car_sigma": 0.6755, "car_tau_mean": 1.2864, "car_tau_std": 0.7692, "car_v_mean": 8.1236, "car_v_std": 1.6745}, "datetime": {"datetime": "2024-08-10 16:52:56", "elapsed": 15426.269571, "delta": 7.506745}}
{"target": -0.249126979456311, "params": {"bus_acc": 0.548, "bus_dcc": 3.8795, "bus_lcAssertive": 52.7098, "bus_lcCooperative": 0.1455, "bus_lcLookaheadLeft": 4.5963, "bus_lcPushy": 0.7181, "bus_lcSigma": 0.7493, "bus_lcSpeedGainRight": 3.2807, "bus_lcSublane": 0.5817, "bus_sigma": 0.2265, "bus_tau_mean": 3.8934, "bus_tau_std": 3.6967, "bus_v_mean": 8.7457, "bus_v_std": 15.1302, "car_acc": 1.2814, "car_dcc": 0.3555, "car_lcAssertive": 87.3936, "car_lcCooperative": 0.0418, "car_lcLookaheadLeft": 91.8048, "car_lcPushy": 0.0555, "car_lcSigma": 0.6082, "car_lcSpeedGainRight": 1.9968, "car_lcSublane": 0.0878, "car_sigma": 0.6994, "car_tau_mean": 1.9042, "car_tau_std": 7.1206, "car_v_mean": 16.2499, "car_v_std": 12.5352}, "datetime": {"datetime": "2024-08-10 16:53:12", "elapsed": 15442.18668, "delta": 15.917109}}
{"target": -0.30151491549144577, "params": {"bus_acc": 3.4044, "bus_dcc": 1.9382, "bus_lcAssertive": 94.1253, "bus_lcCooperative": 0.8019, "bus_lcLookaheadLeft": 46.4154, "bus_lcPushy": 0.9615, "bus_lcSigma": 0.5849, "bus_lcSpeedGainRight": 3.6263, "bus_lcSublane": 0.6673, "bus_sigma": 0.3159, "bus_tau_mean": 1.1352, "bus_tau_std": 7.6771, "bus_v_mean": 15.8093, "bus_v_std": 4.6707, "car_acc": 3.3611, "car_dcc": 3.537, "car_lcAssertive": 82.8047, "car_lcCooperative": 0.5932, "car_lcLookaheadLeft": 44.8717, "car_lcPushy": 0.3406, "car_lcSigma": 0.0991, "car_lcSpeedGainRight": 0.9558, "car_lcSublane": 0.3162, "car_sigma": 0.6533, "car_tau_mean": 1.3442, "car_tau_std": 8.9375, "car_v_mean": 10.2837, "car_v_std": 18.2525}, "datetime": {"datetime": "2024-08-10 16:53:24", "elapsed": 15454.316986, "delta": 12.130306}}
{"target": -0.3498842555475928, "params": {"bus_acc": 0.8784, "bus_dcc": 1.0046, "bus_lcAssertive": 18.7504, "bus_lcCooperative": 0.3728, "bus_lcLookaheadLeft": 58.8913, "bus_lcPushy": 0.0501, "bus_lcSigma": 0.4221, "bus_lcSpeedGainRight": 0.7126, "bus_lcSublane": 0.656, "bus_sigma": 0.4589, "bus_tau_mean": 1.2121, "bus_tau_std": 3.6541, "bus_v_mean": 24.7564, "bus_v_std": 10.5116, "car_acc": 1.7999, "car_dcc": 2.6654, "car_lcAssertive": 54.568, "car_lcCooperative": 0.3312, "car_lcLookaheadLeft": 25.0343, "car_lcPushy": 0.9466, "car_lcSigma": 0.8029, "car_lcSpeedGainRight": 4.5891, "car_lcSublane": 0.7182, "car_sigma": 0.7559, "car_tau_mean": 3.165, "car_tau_std": 4.6867, "car_v_mean": 8.2884, "car_v_std": 17.7122}, "datetime": {"datetime": "2024-08-10 16:53:31", "elapsed": 15461.691854, "delta": 7.374868}}
{"target": -0.36079976411113684, "params": {"bus_acc": 3.6463, "bus_dcc": 0.3127, "bus_lcAssertive": 56.6688, "bus_lcCooperative": 0.7141, "bus_lcLookaheadLeft": 81.4269, "bus_lcPushy": 0.1397, "bus_lcSigma": 0.1732, "bus_lcSpeedGainRight": 0.3819, "bus_lcSublane": 0.7103, "bus_sigma": 0.8377, "bus_tau_mean": 1.3737, "bus_tau_std": 0.7014, "bus_v_mean": 25.9406, "bus_v_std": 1.4533, "car_acc": 2.3331, "car_dcc": 0.7302, "car_lcAssertive": 80.5923, "car_lcCooperative": 0.94, "car_lcLookaheadLeft": 53.9252, "car_lcPushy": 0.2214, "car_lcSigma": 0.2508, "car_lcSpeedGainRight": 0.5824, "car_lcSublane": 0.3188, "car_sigma": 0.5107, "car_tau_mean": 2.7299, "car_tau_std": 9.3674, "car_v_mean": 13.1196, "car_v_std": 17.409}, "datetime": {"datetime": "2024-08-10 16:53:43", "elapsed": 15473.353887, "delta": 11.662033}}
{"target": -0.3721799640087374, "params": {"bus_acc": 0.3155, "bus_dcc": 1.3066, "bus_lcAssertive": 1.4826, "bus_lcCooperative": 0.6522, "bus_lcLookaheadLeft": 31.126, "bus_lcPushy": 0.8865, "bus_lcSigma": 0.0839, "bus_lcSpeedGainRight": 1.3102, "bus_lcSublane": 0.4659, "bus_sigma": 0.9331, "bus_tau_mean": 0.6979, "bus_tau_std": 2.101, "bus_v_mean": 23.3247, "bus_v_std": 13.8287, "car_acc": 1.17, "car_dcc": 1.1543, "car_lcAssertive": 92.9664, "car_lcCooperative": 0.3421, "car_lcLookaheadLeft": 77.4453, "car_lcPushy": 0.4251, "car_lcSigma": 0.9404, "car_lcSpeedGainRight": 1.2872, "car_lcSublane": 0.7405, "car_sigma": 0.088, "car_tau_mean": 0.746, "car_tau_std": 2.1195, "car_v_mean": 19.7046, "car_v_std": 11.8625}, "datetime": {"datetime": "2024-08-10 16:53:56", "elapsed": 15486.520395, "delta": 13.166508}}
{"target": -0.3274612716319076, "params": {"bus_acc": 3.6349, "bus_dcc": 3.0572, "bus_lcAssertive": 66.7595, "bus_lcCooperative": 0.1338, "bus_lcLookaheadLeft": 31.9931, "bus_lcPushy": 0.0885, "bus_lcSigma": 0.0079, "bus_lcSpeedGainRight": 0.7571, "bus_lcSublane": 0.2954, "bus_sigma": 0.359, "bus_tau_mean": 1.6106, "bus_tau_std": 7.0097, "bus_v_mean": 25.9023, "bus_v_std": 15.0064, "car_acc": 2.6312, "car_dcc": 1.0309, "car_lcAssertive": 62.0547, "car_lcCooperative": 0.7267, "car_lcLookaheadLeft": 33.6348, "car_lcPushy": 0.2011, "car_lcSigma": 0.7737, "car_lcSpeedGainRight": 4.767, "car_lcSublane": 0.0882, "car_sigma": 0.8914, "car_tau_mean": 3.2797, "car_tau_std": 9.9713, "car_v_mean": 13.4118, "car_v_std": 5.4696}, "datetime": {"datetime": "2024-08-10 16:54:14", "elapsed": 15504.575821, "delta": 18.055426}}
{"target": -0.5303875050703758, "params": {"bus_acc": 3.4759, "bus_dcc": 2.2474, "bus_lcAssertive": 27.453, "bus_lcCooperative": 0.9021, "bus_lcLookaheadLeft": 8.49, "bus_lcPushy": 0.717, "bus_lcSigma": 0.9185, "bus_lcSpeedGainRight": 0.8104, "bus_lcSublane": 0.7269, "bus_sigma": 0.7184, "bus_tau_mean": 0.9559, "bus_tau_std": 3.6976, "bus_v_mean": 22.7918, "bus_v_std": 6.6964, "car_acc": 0.7019, "car_dcc": 3.1286, "car_lcAssertive": 88.4495, "car_lcCooperative": 0.4705, "car_lcLookaheadLeft": 96.215, "car_lcPushy": 0.4475, "car_lcSigma": 0.1544, "car_lcSpeedGainRight": 3.6077, "car_lcSublane": 0.0826, "car_sigma": 0.5239, "car_tau_mean": 1.6955, "car_tau_std": 1.3943, "car_v_mean": 15.9981, "car_v_std": 10.4281}, "datetime": {"datetime": "2024-08-10 16:54:22", "elapsed": 15512.546893, "delta": 7.971072}}
{"target": -0.2549195101856291, "params": {"bus_acc": 2.6409, "bus_dcc": 1.0137, "bus_lcAssertive": 32.1469, "bus_lcCooperative": 0.2322, "bus_lcLookaheadLeft": 83.6929, "bus_lcPushy": 0.9886, "bus_lcSigma": 0.5674, "bus_lcSpeedGainRight": 0.8329, "bus_lcSublane": 0.2326, "bus_sigma": 0.0814, "bus_tau_mean": 0.6137, "bus_tau_std": 5.4996, "bus_v_mean": 18.222, "bus_v_std": 9.1489, "car_acc": 0.8979, "car_dcc": 0.4227, "car_lcAssertive": 79.7936, "car_lcCooperative": 0.9752, "car_lcLookaheadLeft": 62.4127, "car_lcPushy": 0.3597, "car_lcSigma": 0.6207, "car_lcSpeedGainRight": 1.748, "car_lcSublane": 0.3238, "car_sigma": 0.9702, "car_tau_mean": 3.9175, "car_tau_std": 5.9756, "car_v_mean": 20.6623, "car_v_std": 15.4054}, "datetime": {"datetime": "2024-08-10 16:54:34", "elapsed": 15524.378376, "delta": 11.831483}}
{"target": -0.8679100568046332, "params": {"bus_acc": 3.0153, "bus_dcc": 1.6397, "bus_lcAssertive": 53.6342, "bus_lcCooperative": 0.9278, "bus_lcLookaheadLeft": 67.104, "bus_lcPushy": 0.0433, "bus_lcSigma": 0.3749, "bus_lcSpeedGainRight": 2.5875, "bus_lcSublane": 0.4462, "bus_sigma": 0.4049, "bus_tau_mean": 3.4087, "bus_tau_std": 7.9132, "bus_v_mean": 12.9879, "bus_v_std": 14.2661, "car_acc": 0.3946, "car_dcc": 1.8423, "car_lcAssertive": 77.7702, "car_lcCooperative": 0.961, "car_lcLookaheadLeft": 53.117, "car_lcPushy": 0.1633, "car_lcSigma": 0.2138, "car_lcSpeedGainRight": 0.4168, "car_lcSublane": 0.018, "car_sigma": 0.5585, "car_tau_mean": 2.1244, "car_tau_std": 7.5273, "car_v_mean": 16.71, "car_v_std": 18.614}, "datetime": {"datetime": "2024-08-10 16:54:42", "elapsed": 15532.416193, "delta": 8.037817}}
{"target": -0.44154746663880434, "params": {"bus_acc": 0.6568, "bus_dcc": 1.0712, "bus_lcAssertive": 18.5991, "bus_lcCooperative": 0.1115, "bus_lcLookaheadLeft": 38.9368, "bus_lcPushy": 0.1268, "bus_lcSigma": 0.8914, "bus_lcSpeedGainRight": 4.3711, "bus_lcSublane": 0.5497, "bus_sigma": 0.2599, "bus_tau_mean": 3.5049, "bus_tau_std": 8.596, "bus_v_mean": 21.9216, "bus_v_std": 7.1605, "car_acc": 2.8287, "car_dcc": 0.708, "car_lcAssertive": 34.0385, "car_lcCooperative": 0.0199, "car_lcLookaheadLeft": 50.7121, "car_lcPushy": 0.1607, "car_lcSigma": 0.5148, "car_lcSpeedGainRight": 0.4718, "car_lcSublane": 0.1351, "car_sigma": 0.2503, "car_tau_mean": 1.2931, "car_tau_std": 1.1531, "car_v_mean": 8.6824, "car_v_std": 2.3221}, "datetime": {"datetime": "2024-08-10 16:54:53", "elapsed": 15543.556834, "delta": 11.140641}}
{"target": -0.3552168531376636, "params": {"bus_acc": 1.3384, "bus_dcc": 2.5211, "bus_lcAssertive": 1.5219, "bus_lcCooperative": 0.3202, "bus_lcLookaheadLeft": 18.1019, "bus_lcPushy": 0.373, "bus_lcSigma": 0.6048, "bus_lcSpeedGainRight": 0.9334, "bus_lcSublane": 0.7363, "bus_sigma": 0.5599, "bus_tau_mean": 3.9254, "bus_tau_std": 8.3509, "bus_v_mean": 23.9455, "bus_v_std": 2.5159, "car_acc": 2.0542, "car_dcc": 2.9183, "car_lcAssertive": 35.5708, "car_lcCooperative": 0.7708, "car_lcLookaheadLeft": 71.5166, "car_lcPushy": 0.3404, "car_lcSigma": 0.4324, "car_lcSpeedGainRight": 4.9333, "car_lcSublane": 0.1523, "car_sigma": 0.6715, "car_tau_mean": 1.6056, "car_tau_std": 2.0213, "car_v_mean": 12.5255, "car_v_std": 3.8384}, "datetime": {"datetime": "2024-08-10 16:55:01", "elapsed": 15551.597083, "delta": 8.040249}}
{"target": -0.5758521812928611, "params": {"bus_acc": 1.2423, "bus_dcc": 0.576, "bus_lcAssertive": 58.4477, "bus_lcCooperative": 0.0797, "bus_lcLookaheadLeft": 92.771, "bus_lcPushy": 0.0289, "bus_lcSigma": 0.0624, "bus_lcSpeedGainRight": 1.9433, "bus_lcSublane": 0.1895, "bus_sigma": 0.7882, "bus_tau_mean": 3.2078, "bus_tau_std": 0.6353, "bus_v_mean": 8.1454, "bus_v_std": 0.6125, "car_acc": 0.5837, "car_dcc": 2.6828, "car_lcAssertive": 41.9073, "car_lcCooperative": 0.4049, "car_lcLookaheadLeft": 43.204, "car_lcPushy": 0.9382, "car_lcSigma": 0.9975, "car_lcSpeedGainRight": 0.6702, "car_lcSublane": 0.9831, "car_sigma": 0.6747, "car_tau_mean": 3.0581, "car_tau_std": 2.3267, "car_v_mean": 25.5122, "car_v_std": 4.8768}, "datetime": {"datetime": "2024-08-10 16:55:14", "elapsed": 15564.558133, "delta": 12.96105}}
{"target": -0.225573707051114, "params": {"bus_acc": 3.3897, "bus_dcc": 1.7307, "bus_lcAssertive": 92.0501, "bus_lcCooperative": 0.7066, "bus_lcLookaheadLeft": 21.1393, "bus_lcPushy": 0.1057, "bus_lcSigma": 0.764, "bus_lcSpeedGainRight": 2.3174, "bus_lcSublane": 0.5453, "bus_sigma": 0.7495, "bus_tau_mean": 1.2913, "bus_tau_std": 5.5218, "bus_v_mean": 13.1556, "bus_v_std": 6.5156, "car_acc": 1.562, "car_dcc": 0.3182, "car_lcAssertive": 9.3948, "car_lcCooperative": 0.2621, "car_lcLookaheadLeft": 64.6891, "car_lcPushy": 0.7024, "car_lcSigma": 0.2611, "car_lcSpeedGainRight": 4.5072, "car_lcSublane": 0.7628, "car_sigma": 0.9324, "car_tau_mean": 1.2052, "car_tau_std": 6.8383, "car_v_mean": 25.396, "car_v_std": 16.7008}, "datetime": {"datetime": "2024-08-10 16:55:30", "elapsed": 15580.404352, "delta": 15.846219}}
{"target": -0.31719881386514, "params": {"bus_acc": 0.226, "bus_dcc": 0.3967, "bus_lcAssertive": 67.5813, "bus_lcCooperative": 0.8283, "bus_lcLookaheadLeft": 34.7509, "bus_lcPushy": 0.1445, "bus_lcSigma": 0.1126, "bus_lcSpeedGainRight": 1.6751, "bus_lcSublane": 0.9025, "bus_sigma": 0.4841, "bus_tau_mean": 1.6431, "bus_tau_std": 4.4721, "bus_v_mean": 16.3085, "bus_v_std": 12.2126, "car_acc": 3.2076, "car_dcc": 3.5846, "car_lcAssertive": 27.2039, "car_lcCooperative": 0.8263, "car_lcLookaheadLeft": 32.7021, "car_lcPushy": 0.4065, "car_lcSigma": 0.6048, "car_lcSpeedGainRight": 3.5074, "car_lcSublane": 0.8366, "car_sigma": 0.2111, "car_tau_mean": 0.9113, "car_tau_std": 1.507, "car_v_mean": 24.9082, "car_v_std": 15.7862}, "datetime": {"datetime": "2024-08-10 16:55:38", "elapsed": 15588.819444, "delta": 8.415092}}
