{"target": -0.33774973325911833, "params": {"bus_acc": 2.9668, "bus_dcc": 3.8103, "bus_lcAssertive": 34.6648, "bus_lcCooperative": 0.0984, "bus_lcLookaheadLeft": 31.989, "bus_lcPushy": 0.0797, "bus_lcSigma": 0.6607, "bus_lcSpeedGainRight": 1.7753, "bus_lcSublane": 0.7578, "bus_sigma": 0.2688, "bus_tau_mean": 3.57, "bus_tau_std": 2.8381, "bus_v_mean": 13.7851, "bus_v_std": 8.4945, "car_acc": 3.5335, "car_dcc": 3.0314, "car_lcAssertive": 66.1158, "car_lcCooperative": 0.6869, "car_lcLookaheadLeft": 72.9903, "car_lcPushy": 0.9076, "car_lcSigma": 0.2485, "car_lcSpeedGainRight": 1.4302, "car_lcSublane": 0.5002, "car_sigma": 0.0739, "car_tau_mean": 3.0779, "car_tau_std": 7.7256, "car_v_mean": 22.2226, "car_v_std": 10.6775}, "datetime": {"datetime": "2024-08-10 15:18:17", "elapsed": 9747.782849, "delta": 5.381019}}
{"target": -0.3438517334549515, "params": {"bus_acc": 1.773, "bus_dcc": 3.8194, "bus_lcAssertive": 62.6707, "bus_lcCooperative": 0.5556, "bus_lcLookaheadLeft": 42.7967, "bus_lcPushy": 0.0243, "bus_lcSigma": 0.7571, "bus_lcSpeedGainRight": 1.8034, "bus_lcSublane": 0.0523, "bus_sigma": 0.6202, "bus_tau_mean": 3.4316, "bus_tau_std": 1.5423, "bus_v_mean": 13.9788, "bus_v_std": 4.5456, "car_acc": 3.4573, "car_dcc": 3.5837, "car_lcAssertive": 43.7709, "car_lcCooperative": 0.2715, "car_lcLookaheadLeft": 58.1549, "car_lcPushy": 0.1032, "car_lcSigma": 0.2163, "car_lcSpeedGainRight": 3.2173, "car_lcSublane": 0.5397, "car_sigma": 0.5533, "car_tau_mean": 2.918, "car_tau_std": 9.844, "car_v_mean": 17.8091, "car_v_std": 13.4539}, "datetime": {"datetime": "2024-08-10 15:18:24", "elapsed": 9754.693678, "delta": 6.910829}}
{"target": -0.2894900671777446, "params": {"bus_acc": 3.6153, "bus_dcc": 3.3749, "bus_lcAssertive": 42.0758, "bus_lcCooperative": 0.5625, "bus_lcLookaheadLeft": 36.3217, "bus_lcPushy": 0.6234, "bus_lcSigma": 0.2437, "bus_lcSpeedGainRight": 0.4092, "bus_lcSublane": 0.0474, "bus_sigma": 0.8879, "bus_tau_mean": 2.1365, "bus_tau_std": 7.9757, "bus_v_mean": 12.2023, "bus_v_std": 9.4132, "car_acc": 3.5857, "car_dcc": 0.785, "car_lcAssertive": 12.5045, "car_lcCooperative": 0.9946, "car_lcLookaheadLeft": 39.7832, "car_lcPushy": 0.138, "car_lcSigma": 0.3902, "car_lcSpeedGainRight": 2.1847, "car_lcSublane": 0.5682, "car_sigma": 0.5819, "car_tau_mean": 0.9957, "car_tau_std": 5.3657, "car_v_mean": 11.4555, "car_v_std": 19.5525}, "datetime": {"datetime": "2024-08-10 15:18:29", "elapsed": 9759.934985, "delta": 5.241307}}
{"target": -0.3182299323598403, "params": {"bus_acc": 1.2024, "bus_dcc": 1.4921, "bus_lcAssertive": 8.7311, "bus_lcCooperative": 0.1695, "bus_lcLookaheadLeft": 12.5675, "bus_lcPushy": 0.9307, "bus_lcSigma": 0.8612, "bus_lcSpeedGainRight": 3.447, "bus_lcSublane": 0.6999, "bus_sigma": 0.118, "bus_tau_mean": 3.5489, "bus_tau_std": 2.2282, "bus_v_mean": 9.384, "bus_v_std": 0.4183, "car_acc": 0.7726, "car_dcc": 2.5965, "car_lcAssertive": 62.0205, "car_lcCooperative": 0.2157, "car_lcLookaheadLeft": 42.4706, "car_lcPushy": 0.6338, "car_lcSigma": 0.038, "car_lcSpeedGainRight": 3.9569, "car_lcSublane": 0.585, "car_sigma": 0.3154, "car_tau_mean": 1.9571, "car_tau_std": 5.3887, "car_v_mean": 17.8326, "car_v_std": 0.262}, "datetime": {"datetime": "2024-08-10 15:18:35", "elapsed": 9765.25977, "delta": 5.324785}}
{"target": -0.36128775453675205, "params": {"bus_acc": 2.2031, "bus_dcc": 3.8803, "bus_lcAssertive": 30.8005, "bus_lcCooperative": 0.2193, "bus_lcLookaheadLeft": 69.5162, "bus_lcPushy": 0.3618, "bus_lcSigma": 0.9649, "bus_lcSpeedGainRight": 4.5353, "bus_lcSublane": 0.9768, "bus_sigma": 0.006, "bus_tau_mean": 2.3435, "bus_tau_std": 9.8603, "bus_v_mean": 24.4301, "bus_v_std": 3.5786, "car_acc": 3.8688, "car_dcc": 3.2444, "car_lcAssertive": 84.4854, "car_lcCooperative": 0.8573, "car_lcLookaheadLeft": 12.0286, "car_lcPushy": 0.7872, "car_lcSigma": 0.3001, "car_lcSpeedGainRight": 3.1407, "car_lcSublane": 0.1177, "car_sigma": 0.1471, "car_tau_mean": 2.4559, "car_tau_std": 5.3713, "car_v_mean": 22.1842, "car_v_std": 10.0067}, "datetime": {"datetime": "2024-08-10 15:18:40", "elapsed": 9770.718021, "delta": 5.458251}}
{"target": -0.292175220284624, "params": {"bus_acc": 2.6767, "bus_dcc": 1.859, "bus_lcAssertive": 5.9775, "bus_lcCooperative": 0.1989, "bus_lcLookaheadLeft": 11.771, "bus_lcPushy": 0.954, "bus_lcSigma": 0.5196, "bus_lcSpeedGainRight": 1.3, "bus_lcSublane": 0.2577, "bus_sigma": 0.6627, "bus_tau_mean": 3.3298, "bus_tau_std": 0.5869, "bus_v_mean": 14.5773, "bus_v_std": 19.4939, "car_acc": 2.0723, "car_dcc": 1.4107, "car_lcAssertive": 83.0834, "car_lcCooperative": 0.0388, "car_lcLookaheadLeft": 73.4504, "car_lcPushy": 0.0287, "car_lcSigma": 0.5291, "car_lcSpeedGainRight": 3.882, "car_lcSublane": 0.7266, "car_sigma": 0.1906, "car_tau_mean": 0.585, "car_tau_std": 2.5927, "car_v_mean": 16.9959, "car_v_std": 9.9374}, "datetime": {"datetime": "2024-08-10 15:18:49", "elapsed": 9779.370795, "delta": 8.652774}}
{"target": -0.33255816599039584, "params": {"bus_acc": 3.4488, "bus_dcc": 0.4862, "bus_lcAssertive": 34.2777, "bus_lcCooperative": 0.8765, "bus_lcLookaheadLeft": 76.4367, "bus_lcPushy": 0.8816, "bus_lcSigma": 0.9052, "bus_lcSpeedGainRight": 3.688, "bus_lcSublane": 0.7906, "bus_sigma": 0.5606, "bus_tau_mean": 1.8679, "bus_tau_std": 9.2677, "bus_v_mean": 15.3209, "bus_v_std": 1.3536, "car_acc": 2.706, "car_dcc": 3.3369, "car_lcAssertive": 78.7308, "car_lcCooperative": 0.9862, "car_lcLookaheadLeft": 67.234, "car_lcPushy": 0.6675, "car_lcSigma": 0.6904, "car_lcSpeedGainRight": 0.3576, "car_lcSublane": 0.801, "car_sigma": 0.431, "car_tau_mean": 0.9626, "car_tau_std": 9.7759, "car_v_mean": 12.0468, "car_v_std": 7.1483}, "datetime": {"datetime": "2024-08-10 15:18:59", "elapsed": 9789.232597, "delta": 9.861802}}
{"target": -0.4008616699583884, "params": {"bus_acc": 0.7694, "bus_dcc": 3.5374, "bus_lcAssertive": 83.5366, "bus_lcCooperative": 0.0975, "bus_lcLookaheadLeft": 68.6577, "bus_lcPushy": 0.2864, "bus_lcSigma": 0.5554, "bus_lcSpeedGainRight": 4.9759, "bus_lcSublane": 0.1967, "bus_sigma": 0.7101, "bus_tau_mean": 2.4728, "bus_tau_std": 1.3314, "bus_v_mean": 8.9479, "bus_v_std": 11.1588, "car_acc": 1.0417, "car_dcc": 2.5372, "car_lcAssertive": 82.8162, "car_lcCooperative": 0.6013, "car_lcLookaheadLeft": 3.4645, "car_lcPushy": 0.9873, "car_lcSigma": 0.6568, "car_lcSpeedGainRight": 1.0536, "car_lcSublane": 0.5855, "car_sigma": 0.4642, "car_tau_mean": 3.3081, "car_tau_std": 3.3204, "car_v_mean": 22.4136, "car_v_std": 11.2326}, "datetime": {"datetime": "2024-08-10 15:19:12", "elapsed": 9802.636691, "delta": 13.404094}}
{"target": -0.3901959832285434, "params": {"bus_acc": 2.0459, "bus_dcc": 1.157, "bus_lcAssertive": 22.1234, "bus_lcCooperative": 0.2028, "bus_lcLookaheadLeft": 65.4999, "bus_lcPushy": 0.08, "bus_lcSigma": 0.796, "bus_lcSpeedGainRight": 1.3402, "bus_lcSublane": 0.7592, "bus_sigma": 0.4923, "bus_tau_mean": 1.076, "bus_tau_std": 3.9717, "bus_v_mean": 20.5478, "bus_v_std": 10.0267, "car_acc": 3.8199, "car_dcc": 3.7746, "car_lcAssertive": 18.1511, "car_lcCooperative": 0.3192, "car_lcLookaheadLeft": 27.7723, "car_lcPushy": 0.4705, "car_lcSigma": 0.0124, "car_lcSpeedGainRight": 4.4997, "car_lcSublane": 0.1587, "car_sigma": 0.7063, "car_tau_mean": 0.8727, "car_tau_std": 2.7308, "car_v_mean": 21.0502, "car_v_std": 2.1073}, "datetime": {"datetime": "2024-08-10 15:19:20", "elapsed": 9810.199134, "delta": 7.562443}}
{"target": -0.3187601011943911, "params": {"bus_acc": 2.7615, "bus_dcc": 1.5867, "bus_lcAssertive": 66.0741, "bus_lcCooperative": 0.8059, "bus_lcLookaheadLeft": 54.8334, "bus_lcPushy": 0.9856, "bus_lcSigma": 0.1628, "bus_lcSpeedGainRight": 4.7636, "bus_lcSublane": 0.3298, "bus_sigma": 0.1881, "bus_tau_mean": 1.931, "bus_tau_std": 2.2556, "bus_v_mean": 15.5191, "bus_v_std": 1.7115, "car_acc": 3.0601, "car_dcc": 3.0752, "car_lcAssertive": 71.4797, "car_lcCooperative": 0.2021, "car_lcLookaheadLeft": 77.3045, "car_lcPushy": 0.3698, "car_lcSigma": 0.9148, "car_lcSpeedGainRight": 2.3756, "car_lcSublane": 0.8472, "car_sigma": 0.5841, "car_tau_mean": 1.1251, "car_tau_std": 3.2335, "car_v_mean": 22.2132, "car_v_std": 14.8118}, "datetime": {"datetime": "2024-08-10 15:19:24", "elapsed": 9814.91779, "delta": 4.718656}}
{"target": -0.30810233250476654, "params": {"bus_acc": 3.7672, "bus_dcc": 1.3865, "bus_lcAssertive": 33.8732, "bus_lcCooperative": 0.7116, "bus_lcLookaheadLeft": 79.2271, "bus_lcPushy": 0.0036, "bus_lcSigma": 0.8101, "bus_lcSpeedGainRight": 3.932, "bus_lcSublane": 0.1075, "bus_sigma": 0.9147, "bus_tau_mean": 3.9312, "bus_tau_std": 7.1318, "bus_v_mean": 10.764, "bus_v_std": 7.5587, "car_acc": 3.6552, "car_dcc": 0.4644, "car_lcAssertive": 26.3191, "car_lcCooperative": 0.112, "car_lcLookaheadLeft": 5.5126, "car_lcPushy": 0.2235, "car_lcSigma": 0.9023, "car_lcSpeedGainRight": 2.5155, "car_lcSublane": 0.2237, "car_sigma": 0.8444, "car_tau_mean": 1.4507, "car_tau_std": 7.712, "car_v_mean": 13.1535, "car_v_std": 0.7452}, "datetime": {"datetime": "2024-08-10 15:19:31", "elapsed": 9821.202875, "delta": 6.285085}}
{"target": -0.3408522043790188, "params": {"bus_acc": 3.2486, "bus_dcc": 2.5427, "bus_lcAssertive": 46.486, "bus_lcCooperative": 0.6617, "bus_lcLookaheadLeft": 25.3372, "bus_lcPushy": 0.4104, "bus_lcSigma": 0.4097, "bus_lcSpeedGainRight": 3.9018, "bus_lcSublane": 0.1858, "bus_sigma": 0.8114, "bus_tau_mean": 0.5029, "bus_tau_std": 4.1537, "bus_v_mean": 10.7569, "bus_v_std": 12.6135, "car_acc": 2.7021, "car_dcc": 3.5178, "car_lcAssertive": 82.2492, "car_lcCooperative": 0.0461, "car_lcLookaheadLeft": 13.074, "car_lcPushy": 0.8645, "car_lcSigma": 0.4492, "car_lcSpeedGainRight": 2.4613, "car_lcSublane": 0.7485, "car_sigma": 0.1787, "car_tau_mean": 1.8416, "car_tau_std": 5.3977, "car_v_mean": 25.7707, "car_v_std": 5.3341}, "datetime": {"datetime": "2024-08-10 15:19:36", "elapsed": 9826.314442, "delta": 5.111567}}
{"target": -0.32517496090795495, "params": {"bus_acc": 2.2919, "bus_dcc": 0.955, "bus_lcAssertive": 32.39, "bus_lcCooperative": 0.1778, "bus_lcLookaheadLeft": 4.8878, "bus_lcPushy": 0.3828, "bus_lcSigma": 0.6479, "bus_lcSpeedGainRight": 0.7516, "bus_lcSublane": 0.6626, "bus_sigma": 0.8005, "bus_tau_mean": 0.8731, "bus_tau_std": 2.3629, "bus_v_mean": 19.3954, "bus_v_std": 9.6954, "car_acc": 3.8796, "car_dcc": 3.0157, "car_lcAssertive": 62.9064, "car_lcCooperative": 0.4834, "car_lcLookaheadLeft": 67.2964, "car_lcPushy": 0.7607, "car_lcSigma": 0.7587, "car_lcSpeedGainRight": 4.3632, "car_lcSublane": 0.8666, "car_sigma": 0.2095, "car_tau_mean": 2.9187, "car_tau_std": 9.5695, "car_v_mean": 17.9963, "car_v_std": 7.4357}, "datetime": {"datetime": "2024-08-10 15:19:42", "elapsed": 9832.995427, "delta": 6.680985}}
{"target": -0.7873659564513495, "params": {"bus_acc": 2.2587, "bus_dcc": 2.4045, "bus_lcAssertive": 56.0496, "bus_lcCooperative": 0.129, "bus_lcLookaheadLeft": 83.6324, "bus_lcPushy": 0.5115, "bus_lcSigma": 0.5504, "bus_lcSpeedGainRight": 3.2175, "bus_lcSublane": 0.6296, "bus_sigma": 0.9244, "bus_tau_mean": 1.6114, "bus_tau_std": 6.0155, "bus_v_mean": 17.4112, "bus_v_std": 18.8697, "car_acc": 0.3445, "car_dcc": 1.0713, "car_lcAssertive": 26.954, "car_lcCooperative": 0.2857, "car_lcLookaheadLeft": 27.3533, "car_lcPushy": 0.2307, "car_lcSigma": 0.2561, "car_lcSpeedGainRight": 0.1621, "car_lcSublane": 0.1691, "car_sigma": 0.2703, "car_tau_mean": 0.7337, "car_tau_std": 3.7763, "car_v_mean": 14.6275, "car_v_std": 13.4214}, "datetime": {"datetime": "2024-08-10 15:19:52", "elapsed": 9842.459816, "delta": 9.464389}}
{"target": -0.34009679671433385, "params": {"bus_acc": 1.8503, "bus_dcc": 3.6711, "bus_lcAssertive": 97.523, "bus_lcCooperative": 0.8438, "bus_lcLookaheadLeft": 21.9803, "bus_lcPushy": 0.4648, "bus_lcSigma": 0.1769, "bus_lcSpeedGainRight": 1.1928, "bus_lcSublane": 0.6162, "bus_sigma": 0.8466, "bus_tau_mean": 1.2057, "bus_tau_std": 2.1442, "bus_v_mean": 8.405, "bus_v_std": 18.5995, "car_acc": 3.5943, "car_dcc": 2.2142, "car_lcAssertive": 3.7702, "car_lcCooperative": 0.8206, "car_lcLookaheadLeft": 8.7158, "car_lcPushy": 0.4509, "car_lcSigma": 0.541, "car_lcSpeedGainRight": 1.5904, "car_lcSublane": 0.0502, "car_sigma": 0.4623, "car_tau_mean": 1.4392, "car_tau_std": 1.2981, "car_v_mean": 11.6529, "car_v_std": 5.6785}, "datetime": {"datetime": "2024-08-10 15:19:57", "elapsed": 9847.594916, "delta": 5.1351}}
{"target": -0.3158628273644379, "params": {"bus_acc": 1.0899, "bus_dcc": 3.3636, "bus_lcAssertive": 28.8584, "bus_lcCooperative": 0.0056, "bus_lcLookaheadLeft": 56.2354, "bus_lcPushy": 0.456, "bus_lcSigma": 0.6926, "bus_lcSpeedGainRight": 2.8846, "bus_lcSublane": 0.3613, "bus_sigma": 0.7267, "bus_tau_mean": 1.5521, "bus_tau_std": 0.6794, "bus_v_mean": 8.0617, "bus_v_std": 9.4394, "car_acc": 2.4285, "car_dcc": 0.9726, "car_lcAssertive": 85.7636, "car_lcCooperative": 0.9979, "car_lcLookaheadLeft": 31.5094, "car_lcPushy": 0.0923, "car_lcSigma": 0.4634, "car_lcSpeedGainRight": 1.2331, "car_lcSublane": 0.0155, "car_sigma": 0.8702, "car_tau_mean": 3.2968, "car_tau_std": 6.5207, "car_v_mean": 17.6669, "car_v_std": 5.974}, "datetime": {"datetime": "2024-08-10 15:20:03", "elapsed": 9853.277152, "delta": 5.682236}}
{"target": -0.4058973203138061, "params": {"bus_acc": 2.1255, "bus_dcc": 1.8317, "bus_lcAssertive": 25.279, "bus_lcCooperative": 0.7141, "bus_lcLookaheadLeft": 19.2747, "bus_lcPushy": 0.9904, "bus_lcSigma": 0.6429, "bus_lcSpeedGainRight": 0.2928, "bus_lcSublane": 0.5871, "bus_sigma": 0.5823, "bus_tau_mean": 3.653, "bus_tau_std": 4.242, "bus_v_mean": 23.6466, "bus_v_std": 13.8722, "car_acc": 0.833, "car_dcc": 2.1477, "car_lcAssertive": 69.9375, "car_lcCooperative": 0.8571, "car_lcLookaheadLeft": 89.9911, "car_lcPushy": 0.036, "car_lcSigma": 0.2444, "car_lcSpeedGainRight": 2.5089, "car_lcSublane": 0.2791, "car_sigma": 0.1662, "car_tau_mean": 0.9098, "car_tau_std": 2.5771, "car_v_mean": 22.902, "car_v_std": 10.9157}, "datetime": {"datetime": "2024-08-10 15:20:08", "elapsed": 9858.403724, "delta": 5.126572}}
{"target": -0.2980820806413001, "params": {"bus_acc": 2.7155, "bus_dcc": 2.1388, "bus_lcAssertive": 90.9724, "bus_lcCooperative": 0.5689, "bus_lcLookaheadLeft": 28.4388, "bus_lcPushy": 0.4363, "bus_lcSigma": 0.0168, "bus_lcSpeedGainRight": 3.0515, "bus_lcSublane": 0.4154, "bus_sigma": 0.2731, "bus_tau_mean": 1.2128, "bus_tau_std": 3.3981, "bus_v_mean": 10.9362, "bus_v_std": 12.6645, "car_acc": 2.7999, "car_dcc": 2.3504, "car_lcAssertive": 8.629, "car_lcCooperative": 0.4415, "car_lcLookaheadLeft": 43.1906, "car_lcPushy": 0.3719, "car_lcSigma": 0.1386, "car_lcSpeedGainRight": 2.3368, "car_lcSublane": 0.0779, "car_sigma": 0.1934, "car_tau_mean": 1.0546, "car_tau_std": 7.5918, "car_v_mean": 12.0315, "car_v_std": 19.5368}, "datetime": {"datetime": "2024-08-10 15:20:17", "elapsed": 9867.507089, "delta": 9.103365}}
{"target": -0.34567647330727636, "params": {"bus_acc": 2.6943, "bus_dcc": 2.4523, "bus_lcAssertive": 49.6065, "bus_lcCooperative": 0.1384, "bus_lcLookaheadLeft": 35.0846, "bus_lcPushy": 0.0387, "bus_lcSigma": 0.905, "bus_lcSpeedGainRight": 0.4976, "bus_lcSublane": 0.948, "bus_sigma": 0.3922, "bus_tau_mean": 0.6388, "bus_tau_std": 5.1751, "bus_v_mean": 18.7615, "bus_v_std": 2.038, "car_acc": 1.1745, "car_dcc": 2.2999, "car_lcAssertive": 88.3588, "car_lcCooperative": 0.4861, "car_lcLookaheadLeft": 12.2116, "car_lcPushy": 0.8575, "car_lcSigma": 0.2664, "car_lcSpeedGainRight": 2.8588, "car_lcSublane": 0.5328, "car_sigma": 0.0778, "car_tau_mean": 2.9087, "car_tau_std": 5.8259, "car_v_mean": 22.149, "car_v_std": 9.5101}, "datetime": {"datetime": "2024-08-10 15:20:22", "elapsed": 9872.825379, "delta": 5.31829}}
{"target": -0.6872609260617851, "params": {"bus_acc": 2.0537, "bus_dcc": 1.1693, "bus_lcAssertive": 37.041, "bus_lcCooperative": 0.5478, "bus_lcLookaheadLeft": 35.8491, "bus_lcPushy": 0.2059, "bus_lcSigma": 0.2265, "bus_lcSpeedGainRight": 4.2804, "bus_lcSublane": 0.2285, "bus_sigma": 0.2776, "bus_tau_mean": 0.6705, "bus_tau_std": 7.1137, "bus_v_mean": 23.1966, "bus_v_std": 11.4307, "car_acc": 0.547, "car_dcc": 1.395, "car_lcAssertive": 2.8575, "car_lcCooperative": 0.7433, "car_lcLookaheadLeft": 87.7068, "car_lcPushy": 0.2753, "car_lcSigma": 0.9449, "car_lcSpeedGainRight": 2.3136, "car_lcSublane": 0.6462, "car_sigma": 0.6887, "car_tau_mean": 1.4553, "car_tau_std": 4.5509, "car_v_mean": 20.163, "car_v_std": 13.9176}, "datetime": {"datetime": "2024-08-10 15:20:30", "elapsed": 9880.567125, "delta": 7.741746}}
{"target": -0.48650047727809503, "params": {"bus_acc": 0.3421, "bus_dcc": 1.9016, "bus_lcAssertive": 66.0721, "bus_lcCooperative": 0.3083, "bus_lcLookaheadLeft": 21.3903, "bus_lcPushy": 0.1298, "bus_lcSigma": 0.2422, "bus_lcSpeedGainRight": 0.9068, "bus_lcSublane": 0.3066, "bus_sigma": 0.3971, "bus_tau_mean": 0.8138, "bus_tau_std": 9.4561, "bus_v_mean": 21.3345, "bus_v_std": 12.8982, "car_acc": 0.8936, "car_dcc": 2.0375, "car_lcAssertive": 49.8802, "car_lcCooperative": 0.8867, "car_lcLookaheadLeft": 86.3306, "car_lcPushy": 0.3642, "car_lcSigma": 0.1098, "car_lcSpeedGainRight": 0.7044, "car_lcSublane": 0.8518, "car_sigma": 0.4336, "car_tau_mean": 1.033, "car_tau_std": 4.4198, "car_v_mean": 9.624, "car_v_std": 16.6141}, "datetime": {"datetime": "2024-08-10 15:20:36", "elapsed": 9886.929151, "delta": 6.362026}}
{"target": -0.3523231509566032, "params": {"bus_acc": 2.1041, "bus_dcc": 2.7612, "bus_lcAssertive": 26.8968, "bus_lcCooperative": 0.2969, "bus_lcLookaheadLeft": 67.5257, "bus_lcPushy": 0.3863, "bus_lcSigma": 0.6551, "bus_lcSpeedGainRight": 2.7171, "bus_lcSublane": 0.022, "bus_sigma": 0.7861, "bus_tau_mean": 1.102, "bus_tau_std": 9.5616, "bus_v_mean": 25.25, "bus_v_std": 1.1441, "car_acc": 3.406, "car_dcc": 1.4591, "car_lcAssertive": 31.4562, "car_lcCooperative": 0.8709, "car_lcLookaheadLeft": 51.8675, "car_lcPushy": 0.8359, "car_lcSigma": 0.4278, "car_lcSpeedGainRight": 3.1681, "car_lcSublane": 0.7799, "car_sigma": 0.2247, "car_tau_mean": 2.1122, "car_tau_std": 8.4824, "car_v_mean": 25.3549, "car_v_std": 11.9825}, "datetime": {"datetime": "2024-08-10 15:20:42", "elapsed": 9892.941757, "delta": 6.012606}}
{"target": -0.33369936545381623, "params": {"bus_acc": 3.3247, "bus_dcc": 1.8514, "bus_lcAssertive": 93.4866, "bus_lcCooperative": 0.7896, "bus_lcLookaheadLeft": 80.1533, "bus_lcPushy": 0.6559, "bus_lcSigma": 0.3371, "bus_lcSpeedGainRight": 2.974, "bus_lcSublane": 0.0406, "bus_sigma": 0.8767, "bus_tau_mean": 3.4719, "bus_tau_std": 3.0094, "bus_v_mean": 21.9662, "bus_v_std": 16.6669, "car_acc": 3.5913, "car_dcc": 3.3761, "car_lcAssertive": 89.8777, "car_lcCooperative": 0.248, "car_lcLookaheadLeft": 42.62, "car_lcPushy": 0.2859, "car_lcSigma": 0.8009, "car_lcSpeedGainRight": 2.0215, "car_lcSublane": 0.7581, "car_sigma": 0.2906, "car_tau_mean": 1.571, "car_tau_std": 4.9262, "car_v_mean": 12.3024, "car_v_std": 17.5568}, "datetime": {"datetime": "2024-08-10 15:20:49", "elapsed": 9899.545966, "delta": 6.604209}}
{"target": -0.29728691967918447, "params": {"bus_acc": 1.9421, "bus_dcc": 2.9865, "bus_lcAssertive": 62.5011, "bus_lcCooperative": 0.67, "bus_lcLookaheadLeft": 12.8784, "bus_lcPushy": 0.9173, "bus_lcSigma": 0.6074, "bus_lcSpeedGainRight": 1.9242, "bus_lcSublane": 0.1591, "bus_sigma": 0.713, "bus_tau_mean": 1.1333, "bus_tau_std": 2.3842, "bus_v_mean": 20.6823, "bus_v_std": 14.0409, "car_acc": 1.5697, "car_dcc": 1.4908, "car_lcAssertive": 47.225, "car_lcCooperative": 0.5061, "car_lcLookaheadLeft": 73.7492, "car_lcPushy": 0.1799, "car_lcSigma": 0.6984, "car_lcSpeedGainRight": 4.8206, "car_lcSublane": 0.2316, "car_sigma": 0.6201, "car_tau_mean": 3.4299, "car_tau_std": 5.9433, "car_v_mean": 14.376, "car_v_std": 10.6145}, "datetime": {"datetime": "2024-08-10 15:21:01", "elapsed": 9911.98792, "delta": 12.441954}}
{"target": -0.6087564649929443, "params": {"bus_acc": 1.7426, "bus_dcc": 2.2306, "bus_lcAssertive": 7.5469, "bus_lcCooperative": 0.2094, "bus_lcLookaheadLeft": 87.7232, "bus_lcPushy": 0.9363, "bus_lcSigma": 0.0843, "bus_lcSpeedGainRight": 4.1928, "bus_lcSublane": 0.328, "bus_sigma": 0.876, "bus_tau_mean": 2.061, "bus_tau_std": 6.5846, "bus_v_mean": 13.3172, "bus_v_std": 14.4832, "car_acc": 0.6103, "car_dcc": 2.739, "car_lcAssertive": 4.418, "car_lcCooperative": 0.3043, "car_lcLookaheadLeft": 91.6484, "car_lcPushy": 0.6123, "car_lcSigma": 0.0229, "car_lcSpeedGainRight": 4.2285, "car_lcSublane": 0.7516, "car_sigma": 0.0551, "car_tau_mean": 3.6774, "car_tau_std": 7.7729, "car_v_mean": 24.4131, "car_v_std": 6.5107}, "datetime": {"datetime": "2024-08-10 15:21:08", "elapsed": 9918.293083, "delta": 6.305163}}
{"target": -0.4344187840474502, "params": {"bus_acc": 3.7318, "bus_dcc": 2.0377, "bus_lcAssertive": 6.2798, "bus_lcCooperative": 0.5464, "bus_lcLookaheadLeft": 59.0146, "bus_lcPushy": 0.188, "bus_lcSigma": 0.6845, "bus_lcSpeedGainRight": 3.2251, "bus_lcSublane": 0.1727, "bus_sigma": 0.4941, "bus_tau_mean": 3.9996, "bus_tau_std": 9.7624, "bus_v_mean": 20.3475, "bus_v_std": 1.3291, "car_acc": 1.0466, "car_dcc": 3.9547, "car_lcAssertive": 82.9288, "car_lcCooperative": 0.0547, "car_lcLookaheadLeft": 89.1069, "car_lcPushy": 0.8854, "car_lcSigma": 0.8793, "car_lcSpeedGainRight": 1.3021, "car_lcSublane": 0.2274, "car_sigma": 0.9636, "car_tau_mean": 3.645, "car_tau_std": 7.9947, "car_v_mean": 19.3285, "car_v_std": 1.6349}, "datetime": {"datetime": "2024-08-10 15:21:14", "elapsed": 9925.036036, "delta": 6.742953}}
