{"target": -0.3804087046034432, "params": {"bus_acc": 2.3626, "bus_dcc": 0.8064, "bus_lcAssertive": 37.9407, "bus_lcCooperative": 0.3129, "bus_lcLookaheadLeft": 49.4945, "bus_lcPushy": 0.2994, "bus_lcSigma": 0.5578, "bus_lcSpeedGainRight": 1.9598, "bus_lcSublane": 0.2003, "bus_sigma": 0.8386, "bus_tau_mean": 0.7272, "bus_tau_std": 1.4449, "bus_v_mean": 19.5803, "bus_v_std": 9.3911, "car_acc": 1.9029, "car_dcc": 3.4684, "car_lcAssertive": 27.5644, "car_lcCooperative": 0.8682, "car_lcLookaheadLeft": 4.8038, "car_lcPushy": 0.3582, "car_lcSigma": 0.6023, "car_lcSpeedGainRight": 0.6891, "car_lcSublane": 0.0076, "car_sigma": 0.8652, "car_tau_mean": 2.6894, "car_tau_std": 5.2654, "car_v_mean": 12.6508, "car_v_std": 12.6938}, "datetime": {"datetime": "2024-08-10 14:16:53", "elapsed": 6063.699788, "delta": 5.846932}}
{"target": -0.2631680842587859, "params": {"bus_acc": 2.706, "bus_dcc": 2.0913, "bus_lcAssertive": 37.8246, "bus_lcCooperative": 0.2275, "bus_lcLookaheadLeft": 70.6669, "bus_lcPushy": 0.5664, "bus_lcSigma": 0.8892, "bus_lcSpeedGainRight": 0.8055, "bus_lcSublane": 0.8755, "bus_sigma": 0.8231, "bus_tau_mean": 2.7409, "bus_tau_std": 1.6657, "bus_v_mean": 11.5886, "bus_v_std": 15.5662, "car_acc": 3.6368, "car_dcc": 0.9414, "car_lcAssertive": 6.3251, "car_lcCooperative": 0.7469, "car_lcLookaheadLeft": 28.2506, "car_lcPushy": 0.1236, "car_lcSigma": 0.693, "car_lcSpeedGainRight": 3.3511, "car_lcSublane": 0.1667, "car_sigma": 0.3873, "car_tau_mean": 2.7042, "car_tau_std": 5.2461, "car_v_mean": 12.4866, "car_v_std": 14.7728}, "datetime": {"datetime": "2024-08-10 14:16:57", "elapsed": 6068.028635, "delta": 4.328847}}
{"target": -0.32267436377157743, "params": {"bus_acc": 1.1123, "bus_dcc": 3.6313, "bus_lcAssertive": 53.7871, "bus_lcCooperative": 0.8956, "bus_lcLookaheadLeft": 18.1923, "bus_lcPushy": 0.6709, "bus_lcSigma": 0.6433, "bus_lcSpeedGainRight": 3.5657, "bus_lcSublane": 0.6777, "bus_sigma": 0.0815, "bus_tau_mean": 1.1658, "bus_tau_std": 9.6045, "bus_v_mean": 10.2911, "bus_v_std": 16.4702, "car_acc": 1.5157, "car_dcc": 1.6679, "car_lcAssertive": 90.8824, "car_lcCooperative": 0.9076, "car_lcLookaheadLeft": 31.0546, "car_lcPushy": 0.6546, "car_lcSigma": 0.3086, "car_lcSpeedGainRight": 1.891, "car_lcSublane": 0.4751, "car_sigma": 0.4036, "car_tau_mean": 2.0218, "car_tau_std": 1.8771, "car_v_mean": 23.5171, "car_v_std": 18.4121}, "datetime": {"datetime": "2024-08-10 14:17:09", "elapsed": 6079.852479, "delta": 11.823844}}
{"target": -0.3601255088680446, "params": {"bus_acc": 1.0975, "bus_dcc": 2.6892, "bus_lcAssertive": 72.7728, "bus_lcCooperative": 0.2714, "bus_lcLookaheadLeft": 42.0622, "bus_lcPushy": 0.7482, "bus_lcSigma": 0.7901, "bus_lcSpeedGainRight": 2.0566, "bus_lcSublane": 0.3973, "bus_sigma": 0.4201, "bus_tau_mean": 3.1305, "bus_tau_std": 3.529, "bus_v_mean": 23.0787, "bus_v_std": 8.987, "car_acc": 2.0318, "car_dcc": 1.6483, "car_lcAssertive": 21.8983, "car_lcCooperative": 0.7073, "car_lcLookaheadLeft": 73.419, "car_lcPushy": 0.2817, "car_lcSigma": 0.4049, "car_lcSpeedGainRight": 2.4512, "car_lcSublane": 0.6474, "car_sigma": 0.4148, "car_tau_mean": 2.0171, "car_tau_std": 9.0252, "car_v_mean": 12.0355, "car_v_std": 2.6995}, "datetime": {"datetime": "2024-08-10 14:17:14", "elapsed": 6084.443491, "delta": 4.591012}}
{"target": -0.3346901823865281, "params": {"bus_acc": 1.7744, "bus_dcc": 2.8968, "bus_lcAssertive": 20.0157, "bus_lcCooperative": 0.5746, "bus_lcLookaheadLeft": 83.4136, "bus_lcPushy": 0.702, "bus_lcSigma": 0.7981, "bus_lcSpeedGainRight": 3.8388, "bus_lcSublane": 0.7691, "bus_sigma": 0.579, "bus_tau_mean": 1.4447, "bus_tau_std": 5.9779, "bus_v_mean": 15.857, "bus_v_std": 0.9577, "car_acc": 1.2667, "car_dcc": 0.9043, "car_lcAssertive": 52.7265, "car_lcCooperative": 0.2784, "car_lcLookaheadLeft": 21.2956, "car_lcPushy": 0.4209, "car_lcSigma": 0.9186, "car_lcSpeedGainRight": 3.0329, "car_lcSublane": 0.4729, "car_sigma": 0.29, "car_tau_mean": 3.2999, "car_tau_std": 8.649, "car_v_mean": 8.8309, "car_v_std": 0.8346}, "datetime": {"datetime": "2024-08-10 14:17:22", "elapsed": 6092.530446, "delta": 8.086955}}
{"target": -0.32877790812503954, "params": {"bus_acc": 3.3428, "bus_dcc": 0.8781, "bus_lcAssertive": 4.7206, "bus_lcCooperative": 0.3426, "bus_lcLookaheadLeft": 33.3535, "bus_lcPushy": 0.4823, "bus_lcSigma": 0.5332, "bus_lcSpeedGainRight": 2.0493, "bus_lcSublane": 0.5048, "bus_sigma": 0.0326, "bus_tau_mean": 3.0545, "bus_tau_std": 1.1167, "bus_v_mean": 12.8313, "bus_v_std": 10.0915, "car_acc": 2.8549, "car_dcc": 2.7391, "car_lcAssertive": 38.1633, "car_lcCooperative": 0.0043, "car_lcLookaheadLeft": 68.4623, "car_lcPushy": 0.3329, "car_lcSigma": 0.6581, "car_lcSpeedGainRight": 3.7246, "car_lcSublane": 0.9937, "car_sigma": 0.8825, "car_tau_mean": 2.3785, "car_tau_std": 8.2886, "car_v_mean": 10.1147, "car_v_std": 17.6738}, "datetime": {"datetime": "2024-08-10 14:17:28", "elapsed": 6098.622894, "delta": 6.092448}}
{"target": -0.357520640292988, "params": {"bus_acc": 0.7319, "bus_dcc": 1.4943, "bus_lcAssertive": 64.0579, "bus_lcCooperative": 0.0715, "bus_lcLookaheadLeft": 70.279, "bus_lcPushy": 0.3692, "bus_lcSigma": 0.8112, "bus_lcSpeedGainRight": 1.2815, "bus_lcSublane": 0.2066, "bus_sigma": 0.8378, "bus_tau_mean": 1.0528, "bus_tau_std": 3.5502, "bus_v_mean": 25.538, "bus_v_std": 2.9137, "car_acc": 2.9571, "car_dcc": 3.2755, "car_lcAssertive": 57.7601, "car_lcCooperative": 0.8963, "car_lcLookaheadLeft": 39.1886, "car_lcPushy": 0.6803, "car_lcSigma": 0.4475, "car_lcSpeedGainRight": 4.7585, "car_lcSublane": 0.0148, "car_sigma": 0.6123, "car_tau_mean": 3.1613, "car_tau_std": 0.4915, "car_v_mean": 11.2817, "car_v_std": 13.1019}, "datetime": {"datetime": "2024-08-10 14:17:31", "elapsed": 6102.067634, "delta": 3.44474}}
{"target": -0.3752338938216529, "params": {"bus_acc": 0.2392, "bus_dcc": 2.028, "bus_lcAssertive": 2.7782, "bus_lcCooperative": 0.6131, "bus_lcLookaheadLeft": 84.6892, "bus_lcPushy": 0.5808, "bus_lcSigma": 0.1005, "bus_lcSpeedGainRight": 2.3468, "bus_lcSublane": 0.3224, "bus_sigma": 0.3666, "bus_tau_mean": 3.2589, "bus_tau_std": 2.6749, "bus_v_mean": 18.562, "bus_v_std": 12.0159, "car_acc": 3.0704, "car_dcc": 2.6398, "car_lcAssertive": 75.2171, "car_lcCooperative": 0.8574, "car_lcLookaheadLeft": 5.641, "car_lcPushy": 0.4953, "car_lcSigma": 0.0547, "car_lcSpeedGainRight": 0.4534, "car_lcSublane": 0.435, "car_sigma": 0.3304, "car_tau_mean": 0.6517, "car_tau_std": 1.8145, "car_v_mean": 8.7363, "car_v_std": 15.3236}, "datetime": {"datetime": "2024-08-10 14:17:40", "elapsed": 6110.873892, "delta": 8.806258}}
{"target": -0.31886977229663604, "params": {"bus_acc": 0.6711, "bus_dcc": 2.0372, "bus_lcAssertive": 33.1311, "bus_lcCooperative": 0.6221, "bus_lcLookaheadLeft": 25.5837, "bus_lcPushy": 0.0842, "bus_lcSigma": 0.3172, "bus_lcSpeedGainRight": 3.3693, "bus_lcSublane": 0.4671, "bus_sigma": 0.8353, "bus_tau_mean": 2.6214, "bus_tau_std": 9.9202, "bus_v_mean": 24.0781, "bus_v_std": 5.3743, "car_acc": 1.4662, "car_dcc": 3.4904, "car_lcAssertive": 57.9894, "car_lcCooperative": 0.4766, "car_lcLookaheadLeft": 41.8715, "car_lcPushy": 0.635, "car_lcSigma": 0.1967, "car_lcSpeedGainRight": 4.7469, "car_lcSublane": 0.4866, "car_sigma": 0.3289, "car_tau_mean": 2.2556, "car_tau_std": 0.181, "car_v_mean": 8.5876, "car_v_std": 0.4569}, "datetime": {"datetime": "2024-08-10 14:17:47", "elapsed": 6117.36473, "delta": 6.490838}}
{"target": -0.3857537003567799, "params": {"bus_acc": 3.5151, "bus_dcc": 0.6407, "bus_lcAssertive": 49.5646, "bus_lcCooperative": 0.2346, "bus_lcLookaheadLeft": 43.5597, "bus_lcPushy": 0.3922, "bus_lcSigma": 0.9556, "bus_lcSpeedGainRight": 2.402, "bus_lcSublane": 0.9763, "bus_sigma": 0.8601, "bus_tau_mean": 2.9698, "bus_tau_std": 3.6601, "bus_v_mean": 25.5711, "bus_v_std": 6.4342, "car_acc": 3.618, "car_dcc": 1.0128, "car_lcAssertive": 30.8918, "car_lcCooperative": 0.0525, "car_lcLookaheadLeft": 83.463, "car_lcPushy": 0.7178, "car_lcSigma": 0.3584, "car_lcSpeedGainRight": 3.4635, "car_lcSublane": 0.0023, "car_sigma": 0.9926, "car_tau_mean": 2.9207, "car_tau_std": 3.876, "car_v_mean": 14.9884, "car_v_std": 0.8663}, "datetime": {"datetime": "2024-08-10 14:17:52", "elapsed": 6122.750298, "delta": 5.385568}}
{"target": -0.6314110394881443, "params": {"bus_acc": 2.0028, "bus_dcc": 2.0036, "bus_lcAssertive": 33.5267, "bus_lcCooperative": 0.0861, "bus_lcLookaheadLeft": 96.1506, "bus_lcPushy": 0.0975, "bus_lcSigma": 0.4885, "bus_lcSpeedGainRight": 3.9385, "bus_lcSublane": 0.1959, "bus_sigma": 0.0138, "bus_tau_mean": 2.992, "bus_tau_std": 2.9885, "bus_v_mean": 14.9659, "bus_v_std": 7.2759, "car_acc": 0.492, "car_dcc": 3.2107, "car_lcAssertive": 59.4326, "car_lcCooperative": 0.1385, "car_lcLookaheadLeft": 9.1434, "car_lcPushy": 0.8816, "car_lcSigma": 0.3143, "car_lcSpeedGainRight": 1.4968, "car_lcSublane": 0.5102, "car_sigma": 0.1011, "car_tau_mean": 3.407, "car_tau_std": 6.6797, "car_v_mean": 20.0568, "car_v_std": 11.2332}, "datetime": {"datetime": "2024-08-10 14:17:59", "elapsed": 6129.514539, "delta": 6.764241}}
{"target": -0.32574033510995176, "params": {"bus_acc": 2.4951, "bus_dcc": 1.9914, "bus_lcAssertive": 58.6598, "bus_lcCooperative": 0.8264, "bus_lcLookaheadLeft": 87.1663, "bus_lcPushy": 0.6389, "bus_lcSigma": 0.5248, "bus_lcSpeedGainRight": 4.2527, "bus_lcSublane": 0.3501, "bus_sigma": 0.8238, "bus_tau_mean": 1.1006, "bus_tau_std": 7.0862, "bus_v_mean": 24.385, "bus_v_std": 10.541, "car_acc": 1.7419, "car_dcc": 1.7182, "car_lcAssertive": 80.457, "car_lcCooperative": 0.1479, "car_lcLookaheadLeft": 48.9583, "car_lcPushy": 0.9354, "car_lcSigma": 0.3215, "car_lcSpeedGainRight": 1.5977, "car_lcSublane": 0.8896, "car_sigma": 0.0319, "car_tau_mean": 1.4524, "car_tau_std": 5.4551, "car_v_mean": 11.281, "car_v_std": 19.5612}, "datetime": {"datetime": "2024-08-10 14:18:03", "elapsed": 6133.547484, "delta": 4.032945}}
{"target": -0.33188807283375094, "params": {"bus_acc": 3.0669, "bus_dcc": 1.6635, "bus_lcAssertive": 54.7336, "bus_lcCooperative": 0.5709, "bus_lcLookaheadLeft": 45.5766, "bus_lcPushy": 0.9889, "bus_lcSigma": 0.047, "bus_lcSpeedGainRight": 4.1439, "bus_lcSublane": 0.6272, "bus_sigma": 0.4233, "bus_tau_mean": 1.1574, "bus_tau_std": 3.2277, "bus_v_mean": 25.6059, "bus_v_std": 9.4167, "car_acc": 1.7445, "car_dcc": 3.0856, "car_lcAssertive": 37.4764, "car_lcCooperative": 0.3874, "car_lcLookaheadLeft": 10.8276, "car_lcPushy": 0.0056, "car_lcSigma": 0.214, "car_lcSpeedGainRight": 2.0488, "car_lcSublane": 0.9048, "car_sigma": 0.1226, "car_tau_mean": 3.6992, "car_tau_std": 8.1352, "car_v_mean": 12.4685, "car_v_std": 4.6793}, "datetime": {"datetime": "2024-08-10 14:18:09", "elapsed": 6139.625631, "delta": 6.078147}}
{"target": -0.3205942977016936, "params": {"bus_acc": 3.1214, "bus_dcc": 1.9917, "bus_lcAssertive": 53.9478, "bus_lcCooperative": 0.1017, "bus_lcLookaheadLeft": 15.8183, "bus_lcPushy": 0.9913, "bus_lcSigma": 0.4319, "bus_lcSpeedGainRight": 2.6212, "bus_lcSublane": 0.4159, "bus_sigma": 0.1274, "bus_tau_mean": 2.1222, "bus_tau_std": 6.0599, "bus_v_mean": 14.0412, "bus_v_std": 4.604, "car_acc": 2.4813, "car_dcc": 2.7555, "car_lcAssertive": 99.2283, "car_lcCooperative": 0.2618, "car_lcLookaheadLeft": 25.9001, "car_lcPushy": 0.7793, "car_lcSigma": 0.6449, "car_lcSpeedGainRight": 3.5924, "car_lcSublane": 0.9085, "car_sigma": 0.5595, "car_tau_mean": 0.693, "car_tau_std": 3.744, "car_v_mean": 25.2511, "car_v_std": 8.4804}, "datetime": {"datetime": "2024-08-10 14:18:16", "elapsed": 6146.602426, "delta": 6.976795}}
{"target": -0.31773811073902114, "params": {"bus_acc": 0.7725, "bus_dcc": 1.9067, "bus_lcAssertive": 21.6761, "bus_lcCooperative": 0.5747, "bus_lcLookaheadLeft": 59.6696, "bus_lcPushy": 0.5491, "bus_lcSigma": 0.3794, "bus_lcSpeedGainRight": 0.4428, "bus_lcSublane": 0.6377, "bus_sigma": 0.3333, "bus_tau_mean": 2.7046, "bus_tau_std": 8.0771, "bus_v_mean": 19.9606, "bus_v_std": 14.258, "car_acc": 3.9074, "car_dcc": 3.4362, "car_lcAssertive": 16.312, "car_lcCooperative": 0.1491, "car_lcLookaheadLeft": 3.2764, "car_lcPushy": 0.7604, "car_lcSigma": 0.7666, "car_lcSpeedGainRight": 1.6304, "car_lcSublane": 0.0511, "car_sigma": 0.9817, "car_tau_mean": 1.8764, "car_tau_std": 6.9516, "car_v_mean": 20.1383, "car_v_std": 9.678}, "datetime": {"datetime": "2024-08-10 14:18:20", "elapsed": 6150.622157, "delta": 4.019731}}
{"target": -0.3132757688454057, "params": {"bus_acc": 3.7302, "bus_dcc": 1.5773, "bus_lcAssertive": 84.0671, "bus_lcCooperative": 0.3648, "bus_lcLookaheadLeft": 64.6015, "bus_lcPushy": 0.6369, "bus_lcSigma": 0.2143, "bus_lcSpeedGainRight": 4.668, "bus_lcSublane": 0.0449, "bus_sigma": 0.9131, "bus_tau_mean": 2.3853, "bus_tau_std": 9.2661, "bus_v_mean": 19.9517, "bus_v_std": 2.8296, "car_acc": 2.491, "car_dcc": 0.5762, "car_lcAssertive": 93.1225, "car_lcCooperative": 0.4171, "car_lcLookaheadLeft": 47.646, "car_lcPushy": 0.831, "car_lcSigma": 0.1724, "car_lcSpeedGainRight": 2.4732, "car_lcSublane": 0.2375, "car_sigma": 0.49, "car_tau_mean": 3.6253, "car_tau_std": 3.3248, "car_v_mean": 19.8968, "car_v_std": 13.6573}, "datetime": {"datetime": "2024-08-10 14:18:24", "elapsed": 6154.914053, "delta": 4.291896}}
{"target": -0.2409999323140517, "params": {"bus_acc": 3.9393, "bus_dcc": 1.4757, "bus_lcAssertive": 4.9047, "bus_lcCooperative": 0.7749, "bus_lcLookaheadLeft": 24.8649, "bus_lcPushy": 0.9304, "bus_lcSigma": 0.1059, "bus_lcSpeedGainRight": 0.9295, "bus_lcSublane": 0.1215, "bus_sigma": 0.8411, "bus_tau_mean": 2.3452, "bus_tau_std": 9.3367, "bus_v_mean": 22.4758, "bus_v_std": 13.0619, "car_acc": 2.7564, "car_dcc": 1.5125, "car_lcAssertive": 16.2099, "car_lcCooperative": 0.2484, "car_lcLookaheadLeft": 90.8573, "car_lcPushy": 0.1378, "car_lcSigma": 0.9072, "car_lcSpeedGainRight": 1.0079, "car_lcSublane": 0.898, "car_sigma": 0.599, "car_tau_mean": 2.678, "car_tau_std": 2.943, "car_v_mean": 10.0231, "car_v_std": 0.3954}, "datetime": {"datetime": "2024-08-10 14:18:31", "elapsed": 6161.243335, "delta": 6.329282}}
{"target": -0.8352415411151908, "params": {"bus_acc": 0.6255, "bus_dcc": 3.0251, "bus_lcAssertive": 85.5806, "bus_lcCooperative": 0.3429, "bus_lcLookaheadLeft": 70.9084, "bus_lcPushy": 0.8954, "bus_lcSigma": 0.9078, "bus_lcSpeedGainRight": 0.6617, "bus_lcSublane": 0.3903, "bus_sigma": 0.5542, "bus_tau_mean": 2.8042, "bus_tau_std": 3.8172, "bus_v_mean": 23.7672, "bus_v_std": 2.129, "car_acc": 0.2351, "car_dcc": 2.648, "car_lcAssertive": 49.3043, "car_lcCooperative": 0.7753, "car_lcLookaheadLeft": 29.7361, "car_lcPushy": 0.1595, "car_lcSigma": 0.5611, "car_lcSpeedGainRight": 1.9308, "car_lcSublane": 0.0349, "car_sigma": 0.1074, "car_tau_mean": 1.0153, "car_tau_std": 4.7566, "car_v_mean": 12.3264, "car_v_std": 15.7364}, "datetime": {"datetime": "2024-08-10 14:18:34", "elapsed": 6164.552561, "delta": 3.309226}}
{"target": -0.6201318888533807, "params": {"bus_acc": 2.9999, "bus_dcc": 0.3171, "bus_lcAssertive": 43.1425, "bus_lcCooperative": 0.5645, "bus_lcLookaheadLeft": 90.6984, "bus_lcPushy": 0.3146, "bus_lcSigma": 0.2116, "bus_lcSpeedGainRight": 2.3716, "bus_lcSublane": 0.0085, "bus_sigma": 0.8103, "bus_tau_mean": 0.5617, "bus_tau_std": 7.7928, "bus_v_mean": 19.6971, "bus_v_std": 10.4979, "car_acc": 0.2901, "car_dcc": 2.4606, "car_lcAssertive": 94.2973, "car_lcCooperative": 0.678, "car_lcLookaheadLeft": 11.6056, "car_lcPushy": 0.0353, "car_lcSigma": 0.2449, "car_lcSpeedGainRight": 4.5727, "car_lcSublane": 0.0126, "car_sigma": 0.0139, "car_tau_mean": 2.2724, "car_tau_std": 9.8606, "car_v_mean": 24.1064, "car_v_std": 6.4801}, "datetime": {"datetime": "2024-08-10 14:18:39", "elapsed": 6169.646267, "delta": 5.093706}}
{"target": -0.3253337701687604, "params": {"bus_acc": 3.868, "bus_dcc": 1.6526, "bus_lcAssertive": 80.4889, "bus_lcCooperative": 0.7088, "bus_lcLookaheadLeft": 91.6822, "bus_lcPushy": 0.0981, "bus_lcSigma": 0.9143, "bus_lcSpeedGainRight": 1.2694, "bus_lcSublane": 0.2698, "bus_sigma": 0.0067, "bus_tau_mean": 2.368, "bus_tau_std": 2.3708, "bus_v_mean": 18.9107, "bus_v_std": 8.8891, "car_acc": 1.9796, "car_dcc": 0.3104, "car_lcAssertive": 99.2049, "car_lcCooperative": 0.394, "car_lcLookaheadLeft": 87.6116, "car_lcPushy": 0.2627, "car_lcSigma": 0.0721, "car_lcSpeedGainRight": 2.8019, "car_lcSublane": 0.0825, "car_sigma": 0.1318, "car_tau_mean": 2.1166, "car_tau_std": 4.4471, "car_v_mean": 16.4681, "car_v_std": 2.2573}, "datetime": {"datetime": "2024-08-10 14:18:47", "elapsed": 6177.941748, "delta": 8.295481}}
{"target": -0.2555443274221998, "params": {"bus_acc": 2.7724, "bus_dcc": 3.7184, "bus_lcAssertive": 45.6091, "bus_lcCooperative": 0.2898, "bus_lcLookaheadLeft": 85.0883, "bus_lcPushy": 0.7161, "bus_lcSigma": 0.8814, "bus_lcSpeedGainRight": 3.9924, "bus_lcSublane": 0.6983, "bus_sigma": 0.5853, "bus_tau_mean": 3.7679, "bus_tau_std": 8.7172, "bus_v_mean": 11.6921, "bus_v_std": 6.185, "car_acc": 0.8393, "car_dcc": 0.6981, "car_lcAssertive": 7.3175, "car_lcCooperative": 0.5766, "car_lcLookaheadLeft": 63.1505, "car_lcPushy": 0.3436, "car_lcSigma": 0.6899, "car_lcSpeedGainRight": 4.8251, "car_lcSublane": 0.6549, "car_sigma": 0.7495, "car_tau_mean": 2.6464, "car_tau_std": 9.7225, "car_v_mean": 18.5553, "car_v_std": 0.0915}, "datetime": {"datetime": "2024-08-10 14:18:51", "elapsed": 6181.951043, "delta": 4.009295}}
{"target": -0.33514570396591803, "params": {"bus_acc": 2.2915, "bus_dcc": 2.3289, "bus_lcAssertive": 62.9913, "bus_lcCooperative": 0.3937, "bus_lcLookaheadLeft": 76.5929, "bus_lcPushy": 0.9882, "bus_lcSigma": 0.5863, "bus_lcSpeedGainRight": 0.6502, "bus_lcSublane": 0.3244, "bus_sigma": 0.4447, "bus_tau_mean": 1.1954, "bus_tau_std": 1.278, "bus_v_mean": 8.4363, "bus_v_std": 11.8834, "car_acc": 2.6958, "car_dcc": 1.7294, "car_lcAssertive": 88.3622, "car_lcCooperative": 0.5064, "car_lcLookaheadLeft": 89.6154, "car_lcPushy": 0.7538, "car_lcSigma": 0.3416, "car_lcSpeedGainRight": 4.7183, "car_lcSublane": 0.7303, "car_sigma": 0.6825, "car_tau_mean": 1.5372, "car_tau_std": 8.7212, "car_v_mean": 24.8416, "car_v_std": 6.2192}, "datetime": {"datetime": "2024-08-10 14:18:55", "elapsed": 6186.003764, "delta": 4.052721}}
{"target": -0.32533463386328787, "params": {"bus_acc": 1.4577, "bus_dcc": 3.6994, "bus_lcAssertive": 82.2547, "bus_lcCooperative": 0.1098, "bus_lcLookaheadLeft": 68.1417, "bus_lcPushy": 0.2299, "bus_lcSigma": 0.0623, "bus_lcSpeedGainRight": 0.9809, "bus_lcSublane": 0.7977, "bus_sigma": 0.1139, "bus_tau_mean": 0.5355, "bus_tau_std": 3.7746, "bus_v_mean": 13.8956, "bus_v_std": 5.536, "car_acc": 2.5145, "car_dcc": 1.3072, "car_lcAssertive": 42.3005, "car_lcCooperative": 0.984, "car_lcLookaheadLeft": 98.2232, "car_lcPushy": 0.6425, "car_lcSigma": 0.722, "car_lcSpeedGainRight": 3.7565, "car_lcSublane": 0.7338, "car_sigma": 0.227, "car_tau_mean": 3.0205, "car_tau_std": 7.5878, "car_v_mean": 18.3998, "car_v_std": 3.8833}, "datetime": {"datetime": "2024-08-10 14:19:02", "elapsed": 6192.620606, "delta": 6.616842}}
{"target": -0.38168753665505806, "params": {"bus_acc": 2.7223, "bus_dcc": 0.359, "bus_lcAssertive": 75.337, "bus_lcCooperative": 0.8489, "bus_lcLookaheadLeft": 38.8883, "bus_lcPushy": 0.1681, "bus_lcSigma": 0.2512, "bus_lcSpeedGainRight": 0.5306, "bus_lcSublane": 0.576, "bus_sigma": 0.2227, "bus_tau_mean": 3.5805, "bus_tau_std": 4.5809, "bus_v_mean": 25.0439, "bus_v_std": 1.5143, "car_acc": 2.9348, "car_dcc": 2.1566, "car_lcAssertive": 1.7939, "car_lcCooperative": 0.3454, "car_lcLookaheadLeft": 72.5729, "car_lcPushy": 0.0414, "car_lcSigma": 0.1704, "car_lcSpeedGainRight": 3.6361, "car_lcSublane": 0.344, "car_sigma": 0.6687, "car_tau_mean": 1.4652, "car_tau_std": 7.4903, "car_v_mean": 24.0707, "car_v_std": 5.0915}, "datetime": {"datetime": "2024-08-10 14:19:09", "elapsed": 6199.601799, "delta": 6.981193}}
{"target": -0.852448798469465, "params": {"bus_acc": 2.822, "bus_dcc": 1.2083, "bus_lcAssertive": 35.9304, "bus_lcCooperative": 0.8805, "bus_lcLookaheadLeft": 60.1166, "bus_lcPushy": 0.3205, "bus_lcSigma": 0.308, "bus_lcSpeedGainRight": 2.0241, "bus_lcSublane": 0.226, "bus_sigma": 0.6722, "bus_tau_mean": 1.1505, "bus_tau_std": 5.5122, "bus_v_mean": 11.7682, "bus_v_std": 8.2968, "car_acc": 0.393, "car_dcc": 0.9314, "car_lcAssertive": 44.9384, "car_lcCooperative": 0.1921, "car_lcLookaheadLeft": 85.4889, "car_lcPushy": 0.2727, "car_lcSigma": 0.0513, "car_lcSpeedGainRight": 2.6519, "car_lcSublane": 0.7215, "car_sigma": 0.6865, "car_tau_mean": 2.9854, "car_tau_std": 7.1175, "car_v_mean": 13.2275, "car_v_std": 6.9908}, "datetime": {"datetime": "2024-08-10 14:19:15", "elapsed": 6205.492312, "delta": 5.890513}}
{"target": -0.5409060515959779, "params": {"bus_acc": 3.7094, "bus_dcc": 0.6105, "bus_lcAssertive": 81.278, "bus_lcCooperative": 0.5361, "bus_lcLookaheadLeft": 94.4578, "bus_lcPushy": 0.0876, "bus_lcSigma": 0.8538, "bus_lcSpeedGainRight": 3.1824, "bus_lcSublane": 0.6237, "bus_sigma": 0.7151, "bus_tau_mean": 1.4057, "bus_tau_std": 4.9252, "bus_v_mean": 15.7676, "bus_v_std": 0.3245, "car_acc": 0.5479, "car_dcc": 3.1664, "car_lcAssertive": 89.2114, "car_lcCooperative": 0.1236, "car_lcLookaheadLeft": 32.7848, "car_lcPushy": 0.9171, "car_lcSigma": 0.7508, "car_lcSpeedGainRight": 3.5703, "car_lcSublane": 0.4895, "car_sigma": 0.0251, "car_tau_mean": 1.837, "car_tau_std": 6.3716, "car_v_mean": 9.925, "car_v_std": 2.9383}, "datetime": {"datetime": "2024-08-10 14:19:24", "elapsed": 6214.523034, "delta": 9.030722}}
