{"target": -0.330788576367314, "params": {"bus_acc": 1.3091, "bus_dcc": 3.2846, "bus_lcAssertive": 20.6569, "bus_lcCooperative": 0.3069, "bus_lcLookaheadLeft": 19.958, "bus_lcPushy": 0.7826, "bus_lcSigma": 0.9163, "bus_lcSpeedGainRight": 4.2222, "bus_lcSublane": 0.1944, "bus_sigma": 0.039, "bus_tau_mean": 1.7787, "bus_tau_std": 2.9084, "bus_v_mean": 21.8273, "bus_v_std": 15.063, "car_acc": 1.6447, "car_dcc": 1.0641, "car_lcAssertive": 70.708, "car_lcCooperative": 0.5132, "car_lcLookaheadLeft": 92.9421, "car_lcPushy": 0.5053, "car_lcSigma": 0.1167, "car_lcSpeedGainRight": 4.9653, "car_lcSublane": 0.7296, "car_sigma": 0.1549, "car_tau_mean": 1.9003, "car_tau_std": 8.6744, "car_v_mean": 11.0745, "car_v_std": 4.9885}, "datetime": {"datetime": "2024-08-10 14:33:37", "elapsed": 7067.336594, "delta": 4.899991}}
{"target": -0.3415826602530849, "params": {"bus_acc": 3.3636, "bus_dcc": 2.4785, "bus_lcAssertive": 74.8166, "bus_lcCooperative": 0.9908, "bus_lcLookaheadLeft": 36.0021, "bus_lcPushy": 0.0852, "bus_lcSigma": 0.6359, "bus_lcSpeedGainRight": 1.0895, "bus_lcSublane": 0.5677, "bus_sigma": 0.0984, "bus_tau_mean": 2.9425, "bus_tau_std": 6.5669, "bus_v_mean": 18.1007, "bus_v_std": 0.0047, "car_acc": 2.94, "car_dcc": 2.3119, "car_lcAssertive": 58.6143, "car_lcCooperative": 0.9372, "car_lcLookaheadLeft": 43.7413, "car_lcPushy": 0.2211, "car_lcSigma": 0.023, "car_lcSpeedGainRight": 1.9804, "car_lcSublane": 0.1172, "car_sigma": 0.7233, "car_tau_mean": 0.5075, "car_tau_std": 1.1324, "car_v_mean": 24.0857, "car_v_std": 8.2821}, "datetime": {"datetime": "2024-08-10 14:33:44", "elapsed": 7074.543938, "delta": 7.207344}}
{"target": -0.7750552272085584, "params": {"bus_acc": 2.0124, "bus_dcc": 1.4214, "bus_lcAssertive": 22.7791, "bus_lcCooperative": 0.1831, "bus_lcLookaheadLeft": 60.2995, "bus_lcPushy": 0.5507, "bus_lcSigma": 0.6291, "bus_lcSpeedGainRight": 1.2087, "bus_lcSublane": 0.82, "bus_sigma": 0.9725, "bus_tau_mean": 3.3061, "bus_tau_std": 2.7077, "bus_v_mean": 14.0664, "bus_v_std": 13.8247, "car_acc": 0.4155, "car_dcc": 3.4199, "car_lcAssertive": 36.9176, "car_lcCooperative": 0.6704, "car_lcLookaheadLeft": 64.5948, "car_lcPushy": 0.7648, "car_lcSigma": 0.3968, "car_lcSpeedGainRight": 0.7254, "car_lcSublane": 0.3805, "car_sigma": 0.413, "car_tau_mean": 1.455, "car_tau_std": 7.8101, "car_v_mean": 14.8299, "car_v_std": 16.2259}, "datetime": {"datetime": "2024-08-10 14:33:49", "elapsed": 7080.123774, "delta": 5.579836}}
{"target": -0.34089881148234075, "params": {"bus_acc": 1.475, "bus_dcc": 3.4476, "bus_lcAssertive": 94.2972, "bus_lcCooperative": 0.8743, "bus_lcLookaheadLeft": 35.7514, "bus_lcPushy": 0.7982, "bus_lcSigma": 0.3719, "bus_lcSpeedGainRight": 4.6999, "bus_lcSublane": 0.8147, "bus_sigma": 0.5304, "bus_tau_mean": 0.5605, "bus_tau_std": 6.8091, "bus_v_mean": 17.8178, "bus_v_std": 15.261, "car_acc": 1.9616, "car_dcc": 2.4279, "car_lcAssertive": 92.9221, "car_lcCooperative": 0.5405, "car_lcLookaheadLeft": 53.6261, "car_lcPushy": 0.8222, "car_lcSigma": 0.3795, "car_lcSpeedGainRight": 0.5008, "car_lcSublane": 0.585, "car_sigma": 0.7632, "car_tau_mean": 1.778, "car_tau_std": 1.822, "car_v_mean": 19.8484, "car_v_std": 2.9678}, "datetime": {"datetime": "2024-08-10 14:33:54", "elapsed": 7084.698956, "delta": 4.575182}}
{"target": -0.3285435997794741, "params": {"bus_acc": 3.6097, "bus_dcc": 1.2449, "bus_lcAssertive": 10.4168, "bus_lcCooperative": 0.9172, "bus_lcLookaheadLeft": 73.8669, "bus_lcPushy": 0.4021, "bus_lcSigma": 0.3774, "bus_lcSpeedGainRight": 1.3016, "bus_lcSublane": 0.0928, "bus_sigma": 0.8902, "bus_tau_mean": 2.6745, "bus_tau_std": 3.5112, "bus_v_mean": 25.2627, "bus_v_std": 9.5484, "car_acc": 1.0163, "car_dcc": 3.6623, "car_lcAssertive": 24.6585, "car_lcCooperative": 0.7657, "car_lcLookaheadLeft": 88.8016, "car_lcPushy": 0.5627, "car_lcSigma": 0.5603, "car_lcSpeedGainRight": 1.8753, "car_lcSublane": 0.65, "car_sigma": 0.9217, "car_tau_mean": 0.9472, "car_tau_std": 0.9031, "car_v_mean": 15.0185, "car_v_std": 18.611}, "datetime": {"datetime": "2024-08-10 14:34:02", "elapsed": 7092.660124, "delta": 7.961168}}
{"target": -0.2535116379604983, "params": {"bus_acc": 1.6806, "bus_dcc": 1.6743, "bus_lcAssertive": 90.1682, "bus_lcCooperative": 0.1357, "bus_lcLookaheadLeft": 65.0979, "bus_lcPushy": 0.8897, "bus_lcSigma": 0.6934, "bus_lcSpeedGainRight": 4.4476, "bus_lcSublane": 0.7167, "bus_sigma": 0.4481, "bus_tau_mean": 2.465, "bus_tau_std": 3.5431, "bus_v_mean": 14.8397, "bus_v_std": 17.3844, "car_acc": 2.7971, "car_dcc": 2.3149, "car_lcAssertive": 2.6594, "car_lcCooperative": 0.915, "car_lcLookaheadLeft": 64.5742, "car_lcPushy": 0.7012, "car_lcSigma": 0.2114, "car_lcSpeedGainRight": 1.0905, "car_lcSublane": 0.915, "car_sigma": 0.4419, "car_tau_mean": 2.9682, "car_tau_std": 2.6562, "car_v_mean": 13.4333, "car_v_std": 1.8647}, "datetime": {"datetime": "2024-08-10 14:34:10", "elapsed": 7100.676292, "delta": 8.016168}}
{"target": -0.3059537340979616, "params": {"bus_acc": 0.7468, "bus_dcc": 2.2051, "bus_lcAssertive": 42.9902, "bus_lcCooperative": 0.3949, "bus_lcLookaheadLeft": 79.4344, "bus_lcPushy": 0.824, "bus_lcSigma": 0.16, "bus_lcSpeedGainRight": 2.6569, "bus_lcSublane": 0.8127, "bus_sigma": 0.1177, "bus_tau_mean": 3.8287, "bus_tau_std": 7.397, "bus_v_mean": 13.1045, "bus_v_std": 7.3626, "car_acc": 3.1002, "car_dcc": 2.021, "car_lcAssertive": 69.0675, "car_lcCooperative": 0.2435, "car_lcLookaheadLeft": 95.8075, "car_lcPushy": 0.4312, "car_lcSigma": 0.0035, "car_lcSpeedGainRight": 2.6302, "car_lcSublane": 0.9156, "car_sigma": 0.9667, "car_tau_mean": 1.0851, "car_tau_std": 4.7303, "car_v_mean": 25.4903, "car_v_std": 8.1819}, "datetime": {"datetime": "2024-08-10 14:34:14", "elapsed": 7104.901154, "delta": 4.224862}}
{"target": -0.4369060616280802, "params": {"bus_acc": 0.9818, "bus_dcc": 3.9491, "bus_lcAssertive": 11.9895, "bus_lcCooperative": 0.6811, "bus_lcLookaheadLeft": 49.1772, "bus_lcPushy": 0.3135, "bus_lcSigma": 0.5802, "bus_lcSpeedGainRight": 3.2348, "bus_lcSublane": 0.6956, "bus_sigma": 0.9327, "bus_tau_mean": 1.3841, "bus_tau_std": 6.2254, "bus_v_mean": 22.1385, "bus_v_std": 0.6652, "car_acc": 1.0576, "car_dcc": 2.2249, "car_lcAssertive": 4.3782, "car_lcCooperative": 0.6379, "car_lcLookaheadLeft": 47.7127, "car_lcPushy": 0.7257, "car_lcSigma": 0.9711, "car_lcSpeedGainRight": 4.8581, "car_lcSublane": 0.4939, "car_sigma": 0.1053, "car_tau_mean": 3.8801, "car_tau_std": 0.2004, "car_v_mean": 25.6941, "car_v_std": 13.5912}, "datetime": {"datetime": "2024-08-10 14:34:20", "elapsed": 7110.440348, "delta": 5.539194}}
{"target": -0.4215477260455762, "params": {"bus_acc": 0.376, "bus_dcc": 2.8077, "bus_lcAssertive": 46.1126, "bus_lcCooperative": 0.4994, "bus_lcLookaheadLeft": 63.8923, "bus_lcPushy": 0.5477, "bus_lcSigma": 0.3919, "bus_lcSpeedGainRight": 4.4266, "bus_lcSublane": 0.4752, "bus_sigma": 0.9542, "bus_tau_mean": 3.4343, "bus_tau_std": 7.0193, "bus_v_mean": 14.6054, "bus_v_std": 5.0909, "car_acc": 1.3784, "car_dcc": 2.4475, "car_lcAssertive": 24.6649, "car_lcCooperative": 0.994, "car_lcLookaheadLeft": 89.737, "car_lcPushy": 0.6749, "car_lcSigma": 0.8956, "car_lcSpeedGainRight": 3.9609, "car_lcSublane": 0.1608, "car_sigma": 0.5769, "car_tau_mean": 3.4812, "car_tau_std": 2.0446, "car_v_mean": 23.6029, "car_v_std": 13.0179}, "datetime": {"datetime": "2024-08-10 14:34:28", "elapsed": 7118.249089, "delta": 7.808741}}
{"target": -0.28554598391375824, "params": {"bus_acc": 0.5539, "bus_dcc": 3.6722, "bus_lcAssertive": 88.9221, "bus_lcCooperative": 0.8562, "bus_lcLookaheadLeft": 16.9757, "bus_lcPushy": 0.4005, "bus_lcSigma": 0.0245, "bus_lcSpeedGainRight": 1.4996, "bus_lcSublane": 0.7112, "bus_sigma": 0.3019, "bus_tau_mean": 2.1818, "bus_tau_std": 7.1542, "bus_v_mean": 14.0806, "bus_v_std": 4.881, "car_acc": 3.7421, "car_dcc": 2.5402, "car_lcAssertive": 12.5436, "car_lcCooperative": 0.311, "car_lcLookaheadLeft": 93.3529, "car_lcPushy": 0.208, "car_lcSigma": 0.8362, "car_lcSpeedGainRight": 0.0587, "car_lcSublane": 0.7173, "car_sigma": 0.9618, "car_tau_mean": 0.6441, "car_tau_std": 4.7373, "car_v_mean": 19.4909, "car_v_std": 10.0376}, "datetime": {"datetime": "2024-08-10 14:34:36", "elapsed": 7126.742852, "delta": 8.493763}}
{"target": -0.23513590532920095, "params": {"bus_acc": 1.4824, "bus_dcc": 1.8982, "bus_lcAssertive": 1.5103, "bus_lcCooperative": 0.0383, "bus_lcLookaheadLeft": 54.3633, "bus_lcPushy": 0.1847, "bus_lcSigma": 0.4446, "bus_lcSpeedGainRight": 0.2391, "bus_lcSublane": 0.2332, "bus_sigma": 0.483, "bus_tau_mean": 0.5822, "bus_tau_std": 2.1388, "bus_v_mean": 23.5482, "bus_v_std": 15.9405, "car_acc": 2.7442, "car_dcc": 0.3289, "car_lcAssertive": 62.0503, "car_lcCooperative": 0.7656, "car_lcLookaheadLeft": 33.0336, "car_lcPushy": 0.8113, "car_lcSigma": 0.9789, "car_lcSpeedGainRight": 0.3762, "car_lcSublane": 0.8948, "car_sigma": 0.5603, "car_tau_mean": 1.0657, "car_tau_std": 2.1188, "car_v_mean": 11.1277, "car_v_std": 11.8123}, "datetime": {"datetime": "2024-08-10 14:34:41", "elapsed": 7131.267894, "delta": 4.525042}}
{"target": -0.31726078107661765, "params": {"bus_acc": 3.6889, "bus_dcc": 1.744, "bus_lcAssertive": 16.8434, "bus_lcCooperative": 0.5158, "bus_lcLookaheadLeft": 44.0223, "bus_lcPushy": 0.8926, "bus_lcSigma": 0.9563, "bus_lcSpeedGainRight": 4.022, "bus_lcSublane": 0.3072, "bus_sigma": 0.9007, "bus_tau_mean": 0.6846, "bus_tau_std": 2.6456, "bus_v_mean": 20.1234, "bus_v_std": 10.5782, "car_acc": 2.0884, "car_dcc": 2.6363, "car_lcAssertive": 72.6905, "car_lcCooperative": 0.2582, "car_lcLookaheadLeft": 52.1143, "car_lcPushy": 0.6272, "car_lcSigma": 0.5632, "car_lcSpeedGainRight": 3.3842, "car_lcSublane": 0.2448, "car_sigma": 0.0252, "car_tau_mean": 2.932, "car_tau_std": 1.9521, "car_v_mean": 20.0941, "car_v_std": 14.7403}, "datetime": {"datetime": "2024-08-10 14:34:45", "elapsed": 7135.621863, "delta": 4.353969}}
{"target": -0.35821676006986314, "params": {"bus_acc": 1.7548, "bus_dcc": 2.5928, "bus_lcAssertive": 30.4051, "bus_lcCooperative": 0.9154, "bus_lcLookaheadLeft": 61.5199, "bus_lcPushy": 0.5762, "bus_lcSigma": 0.5721, "bus_lcSpeedGainRight": 3.5933, "bus_lcSublane": 0.9186, "bus_sigma": 0.327, "bus_tau_mean": 3.5776, "bus_tau_std": 1.322, "bus_v_mean": 25.1138, "bus_v_std": 9.4197, "car_acc": 2.8536, "car_dcc": 1.8858, "car_lcAssertive": 70.7953, "car_lcCooperative": 0.3668, "car_lcLookaheadLeft": 7.6445, "car_lcPushy": 0.369, "car_lcSigma": 0.5228, "car_lcSpeedGainRight": 2.1357, "car_lcSublane": 0.5561, "car_sigma": 0.3416, "car_tau_mean": 1.3259, "car_tau_std": 5.9149, "car_v_mean": 16.9814, "car_v_std": 11.9911}, "datetime": {"datetime": "2024-08-10 14:34:51", "elapsed": 7141.940162, "delta": 6.318299}}
{"target": -0.3239911836984101, "params": {"bus_acc": 2.9555, "bus_dcc": 2.8411, "bus_lcAssertive": 72.1613, "bus_lcCooperative": 0.5891, "bus_lcLookaheadLeft": 20.6885, "bus_lcPushy": 0.6985, "bus_lcSigma": 0.9372, "bus_lcSpeedGainRight": 0.0814, "bus_lcSublane": 0.751, "bus_sigma": 0.6524, "bus_tau_mean": 3.0983, "bus_tau_std": 6.5777, "bus_v_mean": 12.5696, "bus_v_std": 4.6224, "car_acc": 3.3799, "car_dcc": 3.7078, "car_lcAssertive": 21.7478, "car_lcCooperative": 0.7796, "car_lcLookaheadLeft": 45.9786, "car_lcPushy": 0.381, "car_lcSigma": 0.7302, "car_lcSpeedGainRight": 4.5865, "car_lcSublane": 0.1459, "car_sigma": 0.0933, "car_tau_mean": 1.9133, "car_tau_std": 6.7199, "car_v_mean": 16.8361, "car_v_std": 2.8445}, "datetime": {"datetime": "2024-08-10 14:35:01", "elapsed": 7151.152523, "delta": 9.212361}}
{"target": -0.25492283815571565, "params": {"bus_acc": 2.7954, "bus_dcc": 1.1015, "bus_lcAssertive": 62.3967, "bus_lcCooperative": 0.2185, "bus_lcLookaheadLeft": 17.4163, "bus_lcPushy": 0.6955, "bus_lcSigma": 0.9839, "bus_lcSpeedGainRight": 0.4446, "bus_lcSublane": 0.5537, "bus_sigma": 0.2197, "bus_tau_mean": 2.7332, "bus_tau_std": 3.8629, "bus_v_mean": 12.0699, "bus_v_std": 15.8721, "car_acc": 2.0705, "car_dcc": 0.562, "car_lcAssertive": 88.7693, "car_lcCooperative": 0.6096, "car_lcLookaheadLeft": 22.3344, "car_lcPushy": 0.7679, "car_lcSigma": 0.9539, "car_lcSpeedGainRight": 4.715, "car_lcSublane": 0.0969, "car_sigma": 0.5301, "car_tau_mean": 0.8593, "car_tau_std": 2.5268, "car_v_mean": 8.8144, "car_v_std": 11.7129}, "datetime": {"datetime": "2024-08-10 14:35:05", "elapsed": 7155.543083, "delta": 4.39056}}
{"target": -0.2783132881479843, "params": {"bus_acc": 0.9595, "bus_dcc": 0.3663, "bus_lcAssertive": 53.2225, "bus_lcCooperative": 0.1191, "bus_lcLookaheadLeft": 84.9855, "bus_lcPushy": 0.099, "bus_lcSigma": 0.938, "bus_lcSpeedGainRight": 1.718, "bus_lcSublane": 0.6822, "bus_sigma": 0.8379, "bus_tau_mean": 1.2809, "bus_tau_std": 9.4344, "bus_v_mean": 10.7452, "bus_v_std": 0.5277, "car_acc": 2.9213, "car_dcc": 2.2145, "car_lcAssertive": 11.5595, "car_lcCooperative": 0.4233, "car_lcLookaheadLeft": 99.2117, "car_lcPushy": 0.0146, "car_lcSigma": 0.7961, "car_lcSpeedGainRight": 3.5711, "car_lcSublane": 0.764, "car_sigma": 0.1102, "car_tau_mean": 1.566, "car_tau_std": 1.8397, "car_v_mean": 13.1446, "car_v_std": 1.0872}, "datetime": {"datetime": "2024-08-10 14:35:14", "elapsed": 7164.823077, "delta": 9.279994}}
{"target": -0.36561779645396714, "params": {"bus_acc": 1.9463, "bus_dcc": 2.7827, "bus_lcAssertive": 84.5092, "bus_lcCooperative": 0.6145, "bus_lcLookaheadLeft": 12.5533, "bus_lcPushy": 0.2327, "bus_lcSigma": 0.4671, "bus_lcSpeedGainRight": 0.4244, "bus_lcSublane": 0.0129, "bus_sigma": 0.6805, "bus_tau_mean": 2.9892, "bus_tau_std": 5.2689, "bus_v_mean": 13.3731, "bus_v_std": 13.0122, "car_acc": 3.2162, "car_dcc": 3.6234, "car_lcAssertive": 31.6139, "car_lcCooperative": 0.1806, "car_lcLookaheadLeft": 36.5731, "car_lcPushy": 0.4389, "car_lcSigma": 0.1602, "car_lcSpeedGainRight": 4.738, "car_lcSublane": 0.1252, "car_sigma": 0.4917, "car_tau_mean": 2.6848, "car_tau_std": 1.4512, "car_v_mean": 8.11, "car_v_std": 17.6293}, "datetime": {"datetime": "2024-08-10 14:35:21", "elapsed": 7171.539187, "delta": 6.71611}}
{"target": -0.2971677926756405, "params": {"bus_acc": 2.3829, "bus_dcc": 0.3922, "bus_lcAssertive": 43.1648, "bus_lcCooperative": 0.1013, "bus_lcLookaheadLeft": 19.5266, "bus_lcPushy": 0.2766, "bus_lcSigma": 0.0218, "bus_lcSpeedGainRight": 1.0791, "bus_lcSublane": 0.4896, "bus_sigma": 0.7121, "bus_tau_mean": 3.5255, "bus_tau_std": 8.095, "bus_v_mean": 19.7521, "bus_v_std": 19.1775, "car_acc": 1.1467, "car_dcc": 3.5669, "car_lcAssertive": 56.8186, "car_lcCooperative": 0.296, "car_lcLookaheadLeft": 15.4702, "car_lcPushy": 0.5883, "car_lcSigma": 0.6845, "car_lcSpeedGainRight": 4.0479, "car_lcSublane": 0.0631, "car_sigma": 0.2658, "car_tau_mean": 1.2712, "car_tau_std": 6.1102, "car_v_mean": 11.8614, "car_v_std": 17.8059}, "datetime": {"datetime": "2024-08-10 14:35:28", "elapsed": 7178.652959, "delta": 7.113772}}
{"target": -0.34871501894099594, "params": {"bus_acc": 1.2899, "bus_dcc": 3.6196, "bus_lcAssertive": 99.9657, "bus_lcCooperative": 0.4921, "bus_lcLookaheadLeft": 39.9547, "bus_lcPushy": 0.2613, "bus_lcSigma": 0.9625, "bus_lcSpeedGainRight": 3.885, "bus_lcSublane": 0.3198, "bus_sigma": 0.4756, "bus_tau_mean": 2.8657, "bus_tau_std": 7.9043, "bus_v_mean": 17.9547, "bus_v_std": 14.3896, "car_acc": 2.8415, "car_dcc": 3.1784, "car_lcAssertive": 87.2906, "car_lcCooperative": 0.3674, "car_lcLookaheadLeft": 69.1305, "car_lcPushy": 0.5533, "car_lcSigma": 0.6524, "car_lcSpeedGainRight": 1.8687, "car_lcSublane": 0.8538, "car_sigma": 0.5025, "car_tau_mean": 2.8067, "car_tau_std": 0.3604, "car_v_mean": 8.5841, "car_v_std": 15.4117}, "datetime": {"datetime": "2024-08-10 14:35:32", "elapsed": 7183.018071, "delta": 4.365112}}
{"target": -0.6287228619648303, "params": {"bus_acc": 1.0217, "bus_dcc": 0.5752, "bus_lcAssertive": 10.4318, "bus_lcCooperative": 0.9805, "bus_lcLookaheadLeft": 62.3037, "bus_lcPushy": 0.1382, "bus_lcSigma": 0.7682, "bus_lcSpeedGainRight": 1.8169, "bus_lcSublane": 0.0854, "bus_sigma": 0.1523, "bus_tau_mean": 0.6811, "bus_tau_std": 2.9209, "bus_v_mean": 15.9826, "bus_v_std": 15.27, "car_acc": 0.4714, "car_dcc": 2.1955, "car_lcAssertive": 30.6105, "car_lcCooperative": 0.5846, "car_lcLookaheadLeft": 21.7262, "car_lcPushy": 0.9779, "car_lcSigma": 0.7683, "car_lcSpeedGainRight": 2.326, "car_lcSublane": 0.7431, "car_sigma": 0.5538, "car_tau_mean": 2.5375, "car_tau_std": 9.6591, "car_v_mean": 18.7235, "car_v_std": 19.7186}, "datetime": {"datetime": "2024-08-10 14:35:44", "elapsed": 7194.78681, "delta": 11.768739}}
{"target": -0.3076133377899147, "params": {"bus_acc": 0.7527, "bus_dcc": 0.2944, "bus_lcAssertive": 15.9729, "bus_lcCooperative": 0.5583, "bus_lcLookaheadLeft": 10.5367, "bus_lcPushy": 0.861, "bus_lcSigma": 0.7082, "bus_lcSpeedGainRight": 2.878, "bus_lcSublane": 0.4397, "bus_sigma": 0.4193, "bus_tau_mean": 2.5701, "bus_tau_std": 4.5383, "bus_v_mean": 25.8067, "bus_v_std": 2.0668, "car_acc": 0.997, "car_dcc": 2.4764, "car_lcAssertive": 96.7329, "car_lcCooperative": 0.1858, "car_lcLookaheadLeft": 26.3361, "car_lcPushy": 0.5269, "car_lcSigma": 0.3289, "car_lcSpeedGainRight": 1.137, "car_lcSublane": 0.6177, "car_sigma": 0.0815, "car_tau_mean": 3.537, "car_tau_std": 9.3512, "car_v_mean": 25.3254, "car_v_std": 5.2059}, "datetime": {"datetime": "2024-08-10 14:35:51", "elapsed": 7201.635372, "delta": 6.848562}}
{"target": -0.3014934266921784, "params": {"bus_acc": 3.1581, "bus_dcc": 0.8861, "bus_lcAssertive": 15.1087, "bus_lcCooperative": 0.4002, "bus_lcLookaheadLeft": 65.8797, "bus_lcPushy": 0.4252, "bus_lcSigma": 0.8875, "bus_lcSpeedGainRight": 0.5563, "bus_lcSublane": 0.0221, "bus_sigma": 0.7058, "bus_tau_mean": 2.4844, "bus_tau_std": 5.0687, "bus_v_mean": 21.2574, "bus_v_std": 13.292, "car_acc": 2.3113, "car_dcc": 3.0339, "car_lcAssertive": 40.8712, "car_lcCooperative": 0.244, "car_lcLookaheadLeft": 51.8815, "car_lcPushy": 0.7753, "car_lcSigma": 0.1405, "car_lcSpeedGainRight": 3.7437, "car_lcSublane": 0.6886, "car_sigma": 0.2577, "car_tau_mean": 1.182, "car_tau_std": 1.5673, "car_v_mean": 15.3343, "car_v_std": 14.9156}, "datetime": {"datetime": "2024-08-10 14:35:55", "elapsed": 7205.89132, "delta": 4.255948}}
{"target": -0.3141632390105038, "params": {"bus_acc": 2.4239, "bus_dcc": 2.829, "bus_lcAssertive": 56.0619, "bus_lcCooperative": 0.0457, "bus_lcLookaheadLeft": 62.0556, "bus_lcPushy": 0.7739, "bus_lcSigma": 0.3734, "bus_lcSpeedGainRight": 2.8995, "bus_lcSublane": 0.9389, "bus_sigma": 0.2638, "bus_tau_mean": 1.7327, "bus_tau_std": 6.5274, "bus_v_mean": 12.0507, "bus_v_std": 3.203, "car_acc": 2.1009, "car_dcc": 2.438, "car_lcAssertive": 42.0633, "car_lcCooperative": 0.135, "car_lcLookaheadLeft": 98.573, "car_lcPushy": 0.2557, "car_lcSigma": 0.1797, "car_lcSpeedGainRight": 4.8266, "car_lcSublane": 0.9554, "car_sigma": 0.859, "car_tau_mean": 3.8386, "car_tau_std": 0.0006, "car_v_mean": 9.7206, "car_v_std": 3.1733}, "datetime": {"datetime": "2024-08-10 14:36:03", "elapsed": 7213.975383, "delta": 8.084063}}
{"target": -0.3604914769832139, "params": {"bus_acc": 2.7308, "bus_dcc": 3.8449, "bus_lcAssertive": 93.5805, "bus_lcCooperative": 0.0858, "bus_lcLookaheadLeft": 79.9627, "bus_lcPushy": 0.8143, "bus_lcSigma": 0.1246, "bus_lcSpeedGainRight": 3.9757, "bus_lcSublane": 0.2424, "bus_sigma": 0.0729, "bus_tau_mean": 0.6887, "bus_tau_std": 2.1589, "bus_v_mean": 15.1477, "bus_v_std": 3.0782, "car_acc": 3.9944, "car_dcc": 1.4895, "car_lcAssertive": 88.8942, "car_lcCooperative": 0.3301, "car_lcLookaheadLeft": 66.3755, "car_lcPushy": 0.8398, "car_lcSigma": 0.6417, "car_lcSpeedGainRight": 4.9573, "car_lcSublane": 0.8364, "car_sigma": 0.7656, "car_tau_mean": 0.7473, "car_tau_std": 6.8597, "car_v_mean": 25.3559, "car_v_std": 8.9321}, "datetime": {"datetime": "2024-08-10 14:36:19", "elapsed": 7229.59972, "delta": 15.624337}}
{"target": -0.2860932088028179, "params": {"bus_acc": 2.6169, "bus_dcc": 1.0124, "bus_lcAssertive": 87.0434, "bus_lcCooperative": 0.8856, "bus_lcLookaheadLeft": 56.1699, "bus_lcPushy": 0.6033, "bus_lcSigma": 0.0916, "bus_lcSpeedGainRight": 2.7418, "bus_lcSublane": 0.1799, "bus_sigma": 0.7762, "bus_tau_mean": 1.3819, "bus_tau_std": 1.2793, "bus_v_mean": 16.5576, "bus_v_std": 16.2201, "car_acc": 2.4501, "car_dcc": 1.3204, "car_lcAssertive": 64.9255, "car_lcCooperative": 0.4043, "car_lcLookaheadLeft": 34.7702, "car_lcPushy": 0.174, "car_lcSigma": 0.6928, "car_lcSpeedGainRight": 1.3418, "car_lcSublane": 0.5984, "car_sigma": 0.012, "car_tau_mean": 1.1481, "car_tau_std": 2.3806, "car_v_mean": 12.3091, "car_v_std": 19.7881}, "datetime": {"datetime": "2024-08-10 14:36:26", "elapsed": 7236.528924, "delta": 6.929204}}
{"target": -0.32082051287175684, "params": {"bus_acc": 3.266, "bus_dcc": 3.1242, "bus_lcAssertive": 16.307, "bus_lcCooperative": 0.2153, "bus_lcLookaheadLeft": 84.923, "bus_lcPushy": 0.7174, "bus_lcSigma": 0.5167, "bus_lcSpeedGainRight": 0.8598, "bus_lcSublane": 0.2151, "bus_sigma": 0.1351, "bus_tau_mean": 1.9822, "bus_tau_std": 7.9468, "bus_v_mean": 17.6357, "bus_v_std": 19.7806, "car_acc": 3.1229, "car_dcc": 2.7475, "car_lcAssertive": 6.7394, "car_lcCooperative": 0.947, "car_lcLookaheadLeft": 10.0777, "car_lcPushy": 0.1299, "car_lcSigma": 0.6556, "car_lcSpeedGainRight": 2.1036, "car_lcSublane": 0.3197, "car_sigma": 0.347, "car_tau_mean": 3.0041, "car_tau_std": 7.1619, "car_v_mean": 8.2073, "car_v_std": 6.742}, "datetime": {"datetime": "2024-08-10 14:36:34", "elapsed": 7244.231656, "delta": 7.702732}}
