{"target": -0.570206326175596, "params": {"bus_acc": 3.7436, "bus_dcc": 0.8432, "bus_lcAssertive": 33.0094, "bus_lcCooperative": 0.8623, "bus_lcLookaheadLeft": 59.174, "bus_lcPushy": 0.1931, "bus_lcSigma": 0.9154, "bus_lcSpeedGainRight": 3.8271, "bus_lcSublane": 0.1554, "bus_sigma": 0.4932, "bus_tau_mean": 3.0451, "bus_tau_std": 7.8564, "bus_v_mean": 9.1338, "bus_v_std": 8.0001, "car_acc": 0.3636, "car_dcc": 1.2425, "car_lcAssertive": 36.4652, "car_lcCooperative": 0.6362, "car_lcLookaheadLeft": 96.8009, "car_lcPushy": 0.7709, "car_lcSigma": 0.7204, "car_lcSpeedGainRight": 4.7001, "car_lcSublane": 0.0374, "car_sigma": 0.9621, "car_tau_mean": 3.8033, "car_tau_std": 5.1161, "car_v_mean": 9.4773, "car_v_std": 17.394}, "datetime": {"datetime": "2024-08-10 13:38:40", "elapsed": 3770.821862, "delta": 3.533846}}
{"target": -0.2889285419665733, "params": {"bus_acc": 3.5763, "bus_dcc": 3.9139, "bus_lcAssertive": 40.8555, "bus_lcCooperative": 0.9183, "bus_lcLookaheadLeft": 13.106, "bus_lcPushy": 0.1766, "bus_lcSigma": 0.8298, "bus_lcSpeedGainRight": 3.7978, "bus_lcSublane": 0.4442, "bus_sigma": 0.5563, "bus_tau_mean": 2.3286, "bus_tau_std": 1.2323, "bus_v_mean": 12.3903, "bus_v_std": 5.2966, "car_acc": 1.8396, "car_dcc": 0.7878, "car_lcAssertive": 21.6964, "car_lcCooperative": 0.369, "car_lcLookaheadLeft": 24.0768, "car_lcPushy": 0.0743, "car_lcSigma": 0.3224, "car_lcSpeedGainRight": 3.2265, "car_lcSublane": 0.3776, "car_sigma": 0.9315, "car_tau_mean": 3.5451, "car_tau_std": 1.0676, "car_v_mean": 15.1536, "car_v_std": 8.1236}, "datetime": {"datetime": "2024-08-10 13:38:45", "elapsed": 3775.627246, "delta": 4.805384}}
{"target": -0.3730057797117077, "params": {"bus_acc": 1.4075, "bus_dcc": 3.8974, "bus_lcAssertive": 58.7065, "bus_lcCooperative": 0.9871, "bus_lcLookaheadLeft": 88.5375, "bus_lcPushy": 0.716, "bus_lcSigma": 0.3971, "bus_lcSpeedGainRight": 4.734, "bus_lcSublane": 0.4639, "bus_sigma": 0.2997, "bus_tau_mean": 2.8212, "bus_tau_std": 4.0049, "bus_v_mean": 24.6693, "bus_v_std": 11.2735, "car_acc": 1.6829, "car_dcc": 2.1707, "car_lcAssertive": 15.8753, "car_lcCooperative": 0.0313, "car_lcLookaheadLeft": 54.1572, "car_lcPushy": 0.7618, "car_lcSigma": 0.7986, "car_lcSpeedGainRight": 4.852, "car_lcSublane": 0.8607, "car_sigma": 0.3331, "car_tau_mean": 3.9016, "car_tau_std": 7.0053, "car_v_mean": 17.392, "car_v_std": 14.6283}, "datetime": {"datetime": "2024-08-10 13:38:49", "elapsed": 3779.605597, "delta": 3.978351}}
{"target": -0.27184162407008855, "params": {"bus_acc": 1.618, "bus_dcc": 2.6266, "bus_lcAssertive": 7.2053, "bus_lcCooperative": 0.2344, "bus_lcLookaheadLeft": 28.1866, "bus_lcPushy": 0.1513, "bus_lcSigma": 0.3412, "bus_lcSpeedGainRight": 3.8395, "bus_lcSublane": 0.6397, "bus_sigma": 0.4015, "bus_tau_mean": 0.5826, "bus_tau_std": 1.0942, "bus_v_mean": 10.2659, "bus_v_std": 6.6684, "car_acc": 1.4627, "car_dcc": 0.8666, "car_lcAssertive": 22.1356, "car_lcCooperative": 0.2994, "car_lcLookaheadLeft": 94.4888, "car_lcPushy": 0.1119, "car_lcSigma": 0.4451, "car_lcSpeedGainRight": 4.7892, "car_lcSublane": 0.8077, "car_sigma": 0.3469, "car_tau_mean": 3.411, "car_tau_std": 4.0895, "car_v_mean": 19.9566, "car_v_std": 5.6101}, "datetime": {"datetime": "2024-08-10 13:38:53", "elapsed": 3783.669374, "delta": 4.063777}}
{"target": -0.27420143205950864, "params": {"bus_acc": 1.4515, "bus_dcc": 0.9541, "bus_lcAssertive": 2.2842, "bus_lcCooperative": 0.1479, "bus_lcLookaheadLeft": 90.2495, "bus_lcPushy": 0.5244, "bus_lcSigma": 0.2079, "bus_lcSpeedGainRight": 1.279, "bus_lcSublane": 0.6975, "bus_sigma": 0.3578, "bus_tau_mean": 1.6695, "bus_tau_std": 6.0759, "bus_v_mean": 19.4515, "bus_v_std": 9.4282, "car_acc": 1.5574, "car_dcc": 3.8234, "car_lcAssertive": 54.231, "car_lcCooperative": 0.66, "car_lcLookaheadLeft": 70.7176, "car_lcPushy": 0.1217, "car_lcSigma": 0.6687, "car_lcSpeedGainRight": 4.9678, "car_lcSublane": 0.8193, "car_sigma": 0.4504, "car_tau_mean": 2.4095, "car_tau_std": 0.792, "car_v_mean": 9.8655, "car_v_std": 0.6732}, "datetime": {"datetime": "2024-08-10 13:38:56", "elapsed": 3787.089084, "delta": 3.41971}}
{"target": -0.5149568123301261, "params": {"bus_acc": 1.064, "bus_dcc": 0.4211, "bus_lcAssertive": 22.4899, "bus_lcCooperative": 0.6931, "bus_lcLookaheadLeft": 13.8243, "bus_lcPushy": 0.6251, "bus_lcSigma": 0.1036, "bus_lcSpeedGainRight": 1.604, "bus_lcSublane": 0.9378, "bus_sigma": 0.0437, "bus_tau_mean": 0.9871, "bus_tau_std": 5.0235, "bus_v_mean": 23.1615, "bus_v_std": 13.616, "car_acc": 0.4109, "car_dcc": 0.6934, "car_lcAssertive": 14.3459, "car_lcCooperative": 0.6849, "car_lcLookaheadLeft": 67.4907, "car_lcPushy": 0.4128, "car_lcSigma": 0.4608, "car_lcSpeedGainRight": 2.6219, "car_lcSublane": 0.0599, "car_sigma": 0.9099, "car_tau_mean": 3.3828, "car_tau_std": 6.2118, "car_v_mean": 19.0232, "car_v_std": 1.9899}, "datetime": {"datetime": "2024-08-10 13:39:00", "elapsed": 3790.979987, "delta": 3.890903}}
{"target": -0.26927928040115556, "params": {"bus_acc": 3.3453, "bus_dcc": 2.8403, "bus_lcAssertive": 36.0321, "bus_lcCooperative": 0.2633, "bus_lcLookaheadLeft": 49.8122, "bus_lcPushy": 0.0817, "bus_lcSigma": 0.3286, "bus_lcSpeedGainRight": 3.5967, "bus_lcSublane": 0.5333, "bus_sigma": 0.6035, "bus_tau_mean": 2.7344, "bus_tau_std": 8.0114, "bus_v_mean": 14.2461, "bus_v_std": 9.5252, "car_acc": 3.7843, "car_dcc": 2.1588, "car_lcAssertive": 63.0441, "car_lcCooperative": 0.9892, "car_lcLookaheadLeft": 37.6576, "car_lcPushy": 0.3037, "car_lcSigma": 0.6582, "car_lcSpeedGainRight": 1.543, "car_lcSublane": 0.593, "car_sigma": 0.6537, "car_tau_mean": 2.4785, "car_tau_std": 0.4891, "car_v_mean": 25.5135, "car_v_std": 15.6386}, "datetime": {"datetime": "2024-08-10 13:39:05", "elapsed": 3795.889409, "delta": 4.909422}}
{"target": -0.27161377890214305, "params": {"bus_acc": 2.5123, "bus_dcc": 2.54, "bus_lcAssertive": 55.0534, "bus_lcCooperative": 0.936, "bus_lcLookaheadLeft": 92.7357, "bus_lcPushy": 0.4456, "bus_lcSigma": 0.4933, "bus_lcSpeedGainRight": 2.268, "bus_lcSublane": 0.685, "bus_sigma": 0.5916, "bus_tau_mean": 3.6595, "bus_tau_std": 5.5861, "bus_v_mean": 11.3236, "bus_v_std": 6.7378, "car_acc": 3.4508, "car_dcc": 0.7756, "car_lcAssertive": 14.2937, "car_lcCooperative": 0.5632, "car_lcLookaheadLeft": 74.5892, "car_lcPushy": 0.5267, "car_lcSigma": 0.9947, "car_lcSpeedGainRight": 0.0255, "car_lcSublane": 0.7908, "car_sigma": 0.2096, "car_tau_mean": 3.1106, "car_tau_std": 7.5512, "car_v_mean": 18.9623, "car_v_std": 5.5546}, "datetime": {"datetime": "2024-08-10 13:39:11", "elapsed": 3801.845428, "delta": 5.956019}}
{"target": -0.32939153873687205, "params": {"bus_acc": 1.6019, "bus_dcc": 3.2667, "bus_lcAssertive": 4.5038, "bus_lcCooperative": 0.4737, "bus_lcLookaheadLeft": 61.4419, "bus_lcPushy": 0.2755, "bus_lcSigma": 0.507, "bus_lcSpeedGainRight": 3.4505, "bus_lcSublane": 0.7913, "bus_sigma": 0.8012, "bus_tau_mean": 2.612, "bus_tau_std": 4.7938, "bus_v_mean": 20.1781, "bus_v_std": 15.1569, "car_acc": 3.8838, "car_dcc": 3.2656, "car_lcAssertive": 80.9804, "car_lcCooperative": 0.1366, "car_lcLookaheadLeft": 24.1165, "car_lcPushy": 0.5987, "car_lcSigma": 0.8264, "car_lcSpeedGainRight": 2.1449, "car_lcSublane": 0.3028, "car_sigma": 0.2432, "car_tau_mean": 2.2596, "car_tau_std": 6.6657, "car_v_mean": 15.5038, "car_v_std": 3.8927}, "datetime": {"datetime": "2024-08-10 13:39:16", "elapsed": 3807.115546, "delta": 5.270118}}
{"target": -0.3689821504293571, "params": {"bus_acc": 0.7156, "bus_dcc": 2.0593, "bus_lcAssertive": 81.891, "bus_lcCooperative": 0.4039, "bus_lcLookaheadLeft": 78.8021, "bus_lcPushy": 0.0725, "bus_lcSigma": 0.3338, "bus_lcSpeedGainRight": 1.9353, "bus_lcSublane": 0.5116, "bus_sigma": 0.3314, "bus_tau_mean": 2.2492, "bus_tau_std": 9.625, "bus_v_mean": 17.4568, "bus_v_std": 9.1958, "car_acc": 1.057, "car_dcc": 0.8042, "car_lcAssertive": 67.7661, "car_lcCooperative": 0.5634, "car_lcLookaheadLeft": 15.7988, "car_lcPushy": 0.6752, "car_lcSigma": 0.4485, "car_lcSpeedGainRight": 1.2816, "car_lcSublane": 0.8414, "car_sigma": 0.8118, "car_tau_mean": 1.7083, "car_tau_std": 9.352, "car_v_mean": 15.4452, "car_v_std": 16.142}, "datetime": {"datetime": "2024-08-10 13:39:26", "elapsed": 3816.275719, "delta": 9.160173}}
{"target": -0.46222312249675196, "params": {"bus_acc": 0.3849, "bus_dcc": 3.2343, "bus_lcAssertive": 48.1298, "bus_lcCooperative": 0.8505, "bus_lcLookaheadLeft": 10.5461, "bus_lcPushy": 0.4934, "bus_lcSigma": 0.2469, "bus_lcSpeedGainRight": 3.2483, "bus_lcSublane": 0.9265, "bus_sigma": 0.3053, "bus_tau_mean": 1.8455, "bus_tau_std": 9.0622, "bus_v_mean": 17.2583, "bus_v_std": 0.5079, "car_acc": 3.8308, "car_dcc": 0.3925, "car_lcAssertive": 37.5542, "car_lcCooperative": 0.6927, "car_lcLookaheadLeft": 8.8105, "car_lcPushy": 0.2022, "car_lcSigma": 0.6409, "car_lcSpeedGainRight": 4.0462, "car_lcSublane": 0.8755, "car_sigma": 0.0194, "car_tau_mean": 3.7781, "car_tau_std": 5.9293, "car_v_mean": 9.6577, "car_v_std": 7.0094}, "datetime": {"datetime": "2024-08-10 13:39:30", "elapsed": 3820.324336, "delta": 4.048617}}
{"target": -0.7675505023659493, "params": {"bus_acc": 1.88, "bus_dcc": 0.8202, "bus_lcAssertive": 60.6899, "bus_lcCooperative": 0.7957, "bus_lcLookaheadLeft": 73.8347, "bus_lcPushy": 0.5334, "bus_lcSigma": 0.4924, "bus_lcSpeedGainRight": 2.8984, "bus_lcSublane": 0.9503, "bus_sigma": 0.0315, "bus_tau_mean": 2.4032, "bus_tau_std": 8.357, "bus_v_mean": 17.2728, "bus_v_std": 10.2963, "car_acc": 0.3835, "car_dcc": 2.2214, "car_lcAssertive": 21.1822, "car_lcCooperative": 0.1477, "car_lcLookaheadLeft": 93.0008, "car_lcPushy": 0.4593, "car_lcSigma": 0.9322, "car_lcSpeedGainRight": 2.8141, "car_lcSublane": 0.1962, "car_sigma": 0.9753, "car_tau_mean": 3.8865, "car_tau_std": 6.5848, "car_v_mean": 16.2517, "car_v_std": 13.9402}, "datetime": {"datetime": "2024-08-10 13:39:37", "elapsed": 3827.370798, "delta": 7.046462}}
{"target": -0.3591248394838207, "params": {"bus_acc": 1.1377, "bus_dcc": 3.8621, "bus_lcAssertive": 8.8657, "bus_lcCooperative": 0.2107, "bus_lcLookaheadLeft": 6.754, "bus_lcPushy": 0.3456, "bus_lcSigma": 0.2612, "bus_lcSpeedGainRight": 3.5311, "bus_lcSublane": 0.8439, "bus_sigma": 0.8126, "bus_tau_mean": 0.9971, "bus_tau_std": 3.8744, "bus_v_mean": 13.1564, "bus_v_std": 5.408, "car_acc": 3.3866, "car_dcc": 0.3448, "car_lcAssertive": 80.1897, "car_lcCooperative": 0.7047, "car_lcLookaheadLeft": 26.4628, "car_lcPushy": 0.7535, "car_lcSigma": 0.9786, "car_lcSpeedGainRight": 2.5393, "car_lcSublane": 0.4417, "car_sigma": 0.4902, "car_tau_mean": 3.1872, "car_tau_std": 7.0772, "car_v_mean": 25.3162, "car_v_std": 1.2067}, "datetime": {"datetime": "2024-08-10 13:39:41", "elapsed": 3831.549803, "delta": 4.179005}}
{"target": -0.44367734620242477, "params": {"bus_acc": 1.4586, "bus_dcc": 3.1706, "bus_lcAssertive": 82.3784, "bus_lcCooperative": 0.7293, "bus_lcLookaheadLeft": 13.5001, "bus_lcPushy": 0.5569, "bus_lcSigma": 0.0685, "bus_lcSpeedGainRight": 2.881, "bus_lcSublane": 0.5689, "bus_sigma": 0.4559, "bus_tau_mean": 3.3398, "bus_tau_std": 7.4532, "bus_v_mean": 13.416, "bus_v_std": 16.4198, "car_acc": 0.8264, "car_dcc": 2.0168, "car_lcAssertive": 93.8589, "car_lcCooperative": 0.373, "car_lcLookaheadLeft": 66.7854, "car_lcPushy": 0.7399, "car_lcSigma": 0.0306, "car_lcSpeedGainRight": 1.6531, "car_lcSublane": 0.7357, "car_sigma": 0.66, "car_tau_mean": 3.6394, "car_tau_std": 1.1767, "car_v_mean": 18.7137, "car_v_std": 5.4729}, "datetime": {"datetime": "2024-08-10 13:39:47", "elapsed": 3837.217468, "delta": 5.667665}}
{"target": -0.35423334593619177, "params": {"bus_acc": 3.3448, "bus_dcc": 0.5633, "bus_lcAssertive": 72.1626, "bus_lcCooperative": 0.3095, "bus_lcLookaheadLeft": 23.8237, "bus_lcPushy": 0.4987, "bus_lcSigma": 0.183, "bus_lcSpeedGainRight": 0.7019, "bus_lcSublane": 0.8416, "bus_sigma": 0.6679, "bus_tau_mean": 3.4467, "bus_tau_std": 7.5223, "bus_v_mean": 12.5485, "bus_v_std": 3.2867, "car_acc": 2.037, "car_dcc": 3.3593, "car_lcAssertive": 41.4938, "car_lcCooperative": 0.2082, "car_lcLookaheadLeft": 99.1019, "car_lcPushy": 0.5394, "car_lcSigma": 0.899, "car_lcSpeedGainRight": 4.392, "car_lcSublane": 0.632, "car_sigma": 0.0778, "car_tau_mean": 3.0527, "car_tau_std": 5.6896, "car_v_mean": 23.6015, "car_v_std": 3.0521}, "datetime": {"datetime": "2024-08-10 13:39:52", "elapsed": 3842.739097, "delta": 5.521629}}
{"target": -0.3963717788500121, "params": {"bus_acc": 2.8765, "bus_dcc": 3.6832, "bus_lcAssertive": 26.2788, "bus_lcCooperative": 0.3234, "bus_lcLookaheadLeft": 90.632, "bus_lcPushy": 0.538, "bus_lcSigma": 0.8259, "bus_lcSpeedGainRight": 3.4666, "bus_lcSublane": 0.5354, "bus_sigma": 0.5624, "bus_tau_mean": 2.4223, "bus_tau_std": 6.0952, "bus_v_mean": 9.5313, "bus_v_std": 9.4636, "car_acc": 1.3318, "car_dcc": 2.225, "car_lcAssertive": 82.2684, "car_lcCooperative": 0.6911, "car_lcLookaheadLeft": 33.3205, "car_lcPushy": 0.7208, "car_lcSigma": 0.4133, "car_lcSpeedGainRight": 1.8296, "car_lcSublane": 0.7742, "car_sigma": 0.7591, "car_tau_mean": 2.934, "car_tau_std": 5.1543, "car_v_mean": 10.5929, "car_v_std": 4.5921}, "datetime": {"datetime": "2024-08-10 13:39:59", "elapsed": 3849.454789, "delta": 6.715692}}
{"target": -0.3479793834174725, "params": {"bus_acc": 0.8143, "bus_dcc": 3.9383, "bus_lcAssertive": 6.798, "bus_lcCooperative": 0.1087, "bus_lcLookaheadLeft": 70.9184, "bus_lcPushy": 0.1093, "bus_lcSigma": 0.4737, "bus_lcSpeedGainRight": 0.3199, "bus_lcSublane": 0.5444, "bus_sigma": 0.3283, "bus_tau_mean": 2.0645, "bus_tau_std": 4.9759, "bus_v_mean": 18.2721, "bus_v_std": 6.931, "car_acc": 1.7124, "car_dcc": 1.4876, "car_lcAssertive": 54.4942, "car_lcCooperative": 0.6767, "car_lcLookaheadLeft": 97.3986, "car_lcPushy": 0.9451, "car_lcSigma": 0.7718, "car_lcSpeedGainRight": 4.7936, "car_lcSublane": 0.049, "car_sigma": 0.9345, "car_tau_mean": 0.577, "car_tau_std": 6.8639, "car_v_mean": 23.7077, "car_v_std": 9.7512}, "datetime": {"datetime": "2024-08-10 13:40:05", "elapsed": 3855.163177, "delta": 5.708388}}
{"target": -0.5560765883648117, "params": {"bus_acc": 0.7836, "bus_dcc": 2.4979, "bus_lcAssertive": 70.5014, "bus_lcCooperative": 0.6217, "bus_lcLookaheadLeft": 83.696, "bus_lcPushy": 0.459, "bus_lcSigma": 0.6197, "bus_lcSpeedGainRight": 2.1285, "bus_lcSublane": 0.1073, "bus_sigma": 0.9355, "bus_tau_mean": 3.3507, "bus_tau_std": 0.2538, "bus_v_mean": 14.637, "bus_v_std": 16.8996, "car_acc": 1.9046, "car_dcc": 0.5566, "car_lcAssertive": 69.9496, "car_lcCooperative": 0.0626, "car_lcLookaheadLeft": 44.1697, "car_lcPushy": 0.897, "car_lcSigma": 0.5276, "car_lcSpeedGainRight": 0.2086, "car_lcSublane": 0.3456, "car_sigma": 0.0668, "car_tau_mean": 2.838, "car_tau_std": 5.5489, "car_v_mean": 16.4996, "car_v_std": 1.6958}, "datetime": {"datetime": "2024-08-10 13:40:08", "elapsed": 3858.703482, "delta": 3.540305}}
{"target": -0.28819173272825344, "params": {"bus_acc": 0.6685, "bus_dcc": 0.8117, "bus_lcAssertive": 26.5247, "bus_lcCooperative": 0.4083, "bus_lcLookaheadLeft": 52.5397, "bus_lcPushy": 0.4324, "bus_lcSigma": 0.6132, "bus_lcSpeedGainRight": 0.8795, "bus_lcSublane": 0.7303, "bus_sigma": 0.9753, "bus_tau_mean": 2.0993, "bus_tau_std": 9.3538, "bus_v_mean": 18.7282, "bus_v_std": 14.0004, "car_acc": 3.5105, "car_dcc": 0.3776, "car_lcAssertive": 50.3945, "car_lcCooperative": 0.6838, "car_lcLookaheadLeft": 69.5722, "car_lcPushy": 0.6308, "car_lcSigma": 0.9936, "car_lcSpeedGainRight": 4.8401, "car_lcSublane": 0.1585, "car_sigma": 0.5806, "car_tau_mean": 1.387, "car_tau_std": 9.1238, "car_v_mean": 11.8662, "car_v_std": 19.6117}, "datetime": {"datetime": "2024-08-10 13:40:14", "elapsed": 3864.581481, "delta": 5.877999}}
{"target": -0.3225001042137348, "params": {"bus_acc": 3.5322, "bus_dcc": 3.1991, "bus_lcAssertive": 57.5506, "bus_lcCooperative": 0.9824, "bus_lcLookaheadLeft": 23.2788, "bus_lcPushy": 0.1111, "bus_lcSigma": 0.3564, "bus_lcSpeedGainRight": 0.7676, "bus_lcSublane": 0.3301, "bus_sigma": 0.4755, "bus_tau_mean": 2.7821, "bus_tau_std": 5.1991, "bus_v_mean": 13.4602, "bus_v_std": 11.1018, "car_acc": 2.7941, "car_dcc": 2.3808, "car_lcAssertive": 25.5072, "car_lcCooperative": 0.6779, "car_lcLookaheadLeft": 86.5944, "car_lcPushy": 0.6978, "car_lcSigma": 0.5206, "car_lcSpeedGainRight": 4.2405, "car_lcSublane": 0.6178, "car_sigma": 0.1198, "car_tau_mean": 3.3926, "car_tau_std": 5.6792, "car_v_mean": 18.2787, "car_v_std": 18.8279}, "datetime": {"datetime": "2024-08-10 13:40:21", "elapsed": 3871.19992, "delta": 6.618439}}
{"target": -0.26502646461687723, "params": {"bus_acc": 2.2459, "bus_dcc": 3.9792, "bus_lcAssertive": 89.7144, "bus_lcCooperative": 0.6354, "bus_lcLookaheadLeft": 33.4935, "bus_lcPushy": 0.6945, "bus_lcSigma": 0.612, "bus_lcSpeedGainRight": 0.2917, "bus_lcSublane": 0.0066, "bus_sigma": 0.7765, "bus_tau_mean": 2.8898, "bus_tau_std": 3.8632, "bus_v_mean": 16.3134, "bus_v_std": 8.2274, "car_acc": 0.9411, "car_dcc": 0.3982, "car_lcAssertive": 11.7344, "car_lcCooperative": 0.5456, "car_lcLookaheadLeft": 98.073, "car_lcPushy": 0.0514, "car_lcSigma": 0.5963, "car_lcSpeedGainRight": 2.4172, "car_lcSublane": 0.7003, "car_sigma": 0.0221, "car_tau_mean": 1.5752, "car_tau_std": 3.1075, "car_v_mean": 25.2872, "car_v_std": 4.3996}, "datetime": {"datetime": "2024-08-10 13:40:24", "elapsed": 3874.745932, "delta": 3.546012}}
{"target": -0.34962593890554783, "params": {"bus_acc": 3.0328, "bus_dcc": 2.5539, "bus_lcAssertive": 41.6104, "bus_lcCooperative": 0.4735, "bus_lcLookaheadLeft": 11.3521, "bus_lcPushy": 0.1605, "bus_lcSigma": 0.1716, "bus_lcSpeedGainRight": 1.7581, "bus_lcSublane": 0.0074, "bus_sigma": 0.632, "bus_tau_mean": 3.2523, "bus_tau_std": 1.476, "bus_v_mean": 12.7776, "bus_v_std": 13.851, "car_acc": 0.7444, "car_dcc": 0.9181, "car_lcAssertive": 70.8126, "car_lcCooperative": 0.5777, "car_lcLookaheadLeft": 8.8363, "car_lcPushy": 0.1291, "car_lcSigma": 0.5042, "car_lcSpeedGainRight": 1.0849, "car_lcSublane": 0.2618, "car_sigma": 0.7594, "car_tau_mean": 2.4536, "car_tau_std": 3.4313, "car_v_mean": 23.1676, "car_v_std": 3.62}, "datetime": {"datetime": "2024-08-10 13:40:28", "elapsed": 3878.512068, "delta": 3.766136}}
{"target": -0.32296049439781443, "params": {"bus_acc": 3.6387, "bus_dcc": 1.9849, "bus_lcAssertive": 35.307, "bus_lcCooperative": 0.0048, "bus_lcLookaheadLeft": 57.9774, "bus_lcPushy": 0.3788, "bus_lcSigma": 0.62, "bus_lcSpeedGainRight": 4.3636, "bus_lcSublane": 0.621, "bus_sigma": 0.2732, "bus_tau_mean": 1.2575, "bus_tau_std": 9.5255, "bus_v_mean": 16.2673, "bus_v_std": 7.4943, "car_acc": 3.3553, "car_dcc": 0.9909, "car_lcAssertive": 59.5121, "car_lcCooperative": 0.8757, "car_lcLookaheadLeft": 19.8618, "car_lcPushy": 0.6791, "car_lcSigma": 0.0974, "car_lcSpeedGainRight": 1.259, "car_lcSublane": 0.2783, "car_sigma": 0.51, "car_tau_mean": 3.9491, "car_tau_std": 6.6327, "car_v_mean": 12.4747, "car_v_std": 5.4797}, "datetime": {"datetime": "2024-08-10 13:40:32", "elapsed": 3882.890531, "delta": 4.378463}}
{"target": -0.3560257965792141, "params": {"bus_acc": 3.7685, "bus_dcc": 3.6721, "bus_lcAssertive": 36.9444, "bus_lcCooperative": 0.8583, "bus_lcLookaheadLeft": 9.312, "bus_lcPushy": 0.8452, "bus_lcSigma": 0.6128, "bus_lcSpeedGainRight": 3.5226, "bus_lcSublane": 0.591, "bus_sigma": 0.0565, "bus_tau_mean": 0.6501, "bus_tau_std": 6.6501, "bus_v_mean": 13.4971, "bus_v_std": 8.3319, "car_acc": 1.7926, "car_dcc": 2.0018, "car_lcAssertive": 26.5067, "car_lcCooperative": 0.5696, "car_lcLookaheadLeft": 63.4582, "car_lcPushy": 0.9027, "car_lcSigma": 0.0924, "car_lcSpeedGainRight": 0.2484, "car_lcSublane": 0.7856, "car_sigma": 0.4438, "car_tau_mean": 3.6109, "car_tau_std": 3.401, "car_v_mean": 8.4075, "car_v_std": 16.5312}, "datetime": {"datetime": "2024-08-10 13:40:36", "elapsed": 3886.497267, "delta": 3.606736}}
{"target": -0.430351862498583, "params": {"bus_acc": 1.9975, "bus_dcc": 0.3866, "bus_lcAssertive": 24.3659, "bus_lcCooperative": 0.2243, "bus_lcLookaheadLeft": 51.9872, "bus_lcPushy": 0.1972, "bus_lcSigma": 0.9206, "bus_lcSpeedGainRight": 4.8578, "bus_lcSublane": 0.771, "bus_sigma": 0.5734, "bus_tau_mean": 1.9876, "bus_tau_std": 3.2419, "bus_v_mean": 13.328, "bus_v_std": 8.8194, "car_acc": 0.7499, "car_dcc": 3.5311, "car_lcAssertive": 78.3441, "car_lcCooperative": 0.4685, "car_lcLookaheadLeft": 48.0079, "car_lcPushy": 0.4572, "car_lcSigma": 0.1282, "car_lcSpeedGainRight": 0.7976, "car_lcSublane": 0.9744, "car_sigma": 0.9235, "car_tau_mean": 3.8854, "car_tau_std": 6.0771, "car_v_mean": 10.6291, "car_v_std": 3.2156}, "datetime": {"datetime": "2024-08-10 13:40:41", "elapsed": 3892.00966, "delta": 5.512393}}
{"target": -0.31456210409958496, "params": {"bus_acc": 0.8643, "bus_dcc": 1.9279, "bus_lcAssertive": 40.5021, "bus_lcCooperative": 0.7026, "bus_lcLookaheadLeft": 8.7352, "bus_lcPushy": 0.8854, "bus_lcSigma": 0.5133, "bus_lcSpeedGainRight": 3.4215, "bus_lcSublane": 0.001, "bus_sigma": 0.5445, "bus_tau_mean": 2.3966, "bus_tau_std": 6.9244, "bus_v_mean": 16.5352, "bus_v_std": 19.1033, "car_acc": 3.7134, "car_dcc": 3.1011, "car_lcAssertive": 10.3805, "car_lcCooperative": 0.9915, "car_lcLookaheadLeft": 82.7015, "car_lcPushy": 0.2377, "car_lcSigma": 0.2753, "car_lcSpeedGainRight": 3.6425, "car_lcSublane": 0.285, "car_sigma": 0.9085, "car_tau_mean": 3.0373, "car_tau_std": 6.3785, "car_v_mean": 15.9852, "car_v_std": 2.0496}, "datetime": {"datetime": "2024-08-10 13:40:49", "elapsed": 3899.373359, "delta": 7.363699}}
