{"target": -0.35335458995818264, "params": {"bus_acc": 1.7708, "bus_dcc": 3.3387, "bus_lcAssertive": 95.5001, "bus_lcCooperative": 0.3024, "bus_lcLookaheadLeft": 13.9019, "bus_lcPushy": 0.8547, "bus_lcSigma": 0.8671, "bus_lcSpeedGainRight": 4.1292, "bus_lcSublane": 0.7895, "bus_sigma": 0.2198, "bus_tau_mean": 1.0553, "bus_tau_std": 8.2861, "bus_v_mean": 19.5943, "bus_v_std": 3.478, "car_acc": 1.3923, "car_dcc": 1.8441, "car_lcAssertive": 24.8989, "car_lcCooperative": 0.7581, "car_lcLookaheadLeft": 21.4533, "car_lcPushy": 0.353, "car_lcSigma": 0.7544, "car_lcSpeedGainRight": 0.2473, "car_lcSublane": 0.7671, "car_sigma": 0.3788, "car_tau_mean": 2.0453, "car_tau_std": 8.2191, "car_v_mean": 15.8528, "car_v_std": 8.5896}, "datetime": {"datetime": "2024-08-10 13:34:05", "elapsed": 3495.389745, "delta": 6.005973}}
{"target": -0.2762804731268688, "params": {"bus_acc": 1.7522, "bus_dcc": 2.8985, "bus_lcAssertive": 12.931, "bus_lcCooperative": 0.3262, "bus_lcLookaheadLeft": 28.5414, "bus_lcPushy": 0.9668, "bus_lcSigma": 0.0462, "bus_lcSpeedGainRight": 4.2091, "bus_lcSublane": 0.7721, "bus_sigma": 0.0317, "bus_tau_mean": 3.3955, "bus_tau_std": 8.0661, "bus_v_mean": 21.392, "bus_v_std": 3.3449, "car_acc": 1.1072, "car_dcc": 0.353, "car_lcAssertive": 50.1139, "car_lcCooperative": 0.3606, "car_lcLookaheadLeft": 51.5503, "car_lcPushy": 0.8249, "car_lcSigma": 0.2961, "car_lcSpeedGainRight": 3.1769, "car_lcSublane": 0.5529, "car_sigma": 0.576, "car_tau_mean": 2.6416, "car_tau_std": 7.5122, "car_v_mean": 14.9165, "car_v_std": 3.8981}, "datetime": {"datetime": "2024-08-10 13:34:10", "elapsed": 3500.459176, "delta": 5.069431}}
{"target": -0.3645136350031421, "params": {"bus_acc": 0.626, "bus_dcc": 2.3059, "bus_lcAssertive": 31.0743, "bus_lcCooperative": 0.7533, "bus_lcLookaheadLeft": 15.3464, "bus_lcPushy": 0.4276, "bus_lcSigma": 0.8775, "bus_lcSpeedGainRight": 1.6567, "bus_lcSublane": 0.1643, "bus_sigma": 0.8277, "bus_tau_mean": 2.0619, "bus_tau_std": 9.1746, "bus_v_mean": 16.3305, "bus_v_std": 9.4112, "car_acc": 3.4715, "car_dcc": 3.1136, "car_lcAssertive": 17.3998, "car_lcCooperative": 0.046, "car_lcLookaheadLeft": 87.6691, "car_lcPushy": 0.9729, "car_lcSigma": 0.5627, "car_lcSpeedGainRight": 4.7317, "car_lcSublane": 0.1365, "car_sigma": 0.4737, "car_tau_mean": 3.7334, "car_tau_std": 1.7129, "car_v_mean": 8.2365, "car_v_std": 1.8534}, "datetime": {"datetime": "2024-08-10 13:34:14", "elapsed": 3504.690504, "delta": 4.231328}}
{"target": -0.3192915245631305, "params": {"bus_acc": 3.8304, "bus_dcc": 2.6905, "bus_lcAssertive": 37.6338, "bus_lcCooperative": 0.3691, "bus_lcLookaheadLeft": 78.9094, "bus_lcPushy": 0.2665, "bus_lcSigma": 0.6925, "bus_lcSpeedGainRight": 0.5123, "bus_lcSublane": 0.5638, "bus_sigma": 0.1186, "bus_tau_mean": 0.8115, "bus_tau_std": 4.0056, "bus_v_mean": 20.0005, "bus_v_std": 7.8454, "car_acc": 3.2291, "car_dcc": 3.8906, "car_lcAssertive": 85.5465, "car_lcCooperative": 0.1246, "car_lcLookaheadLeft": 66.7076, "car_lcPushy": 0.4733, "car_lcSigma": 0.5459, "car_lcSpeedGainRight": 2.2024, "car_lcSublane": 0.7644, "car_sigma": 0.7863, "car_tau_mean": 0.9984, "car_tau_std": 2.1238, "car_v_mean": 19.7608, "car_v_std": 10.123}, "datetime": {"datetime": "2024-08-10 13:34:22", "elapsed": 3512.312408, "delta": 7.621904}}
{"target": -0.3672079157007304, "params": {"bus_acc": 2.8902, "bus_dcc": 3.8535, "bus_lcAssertive": 14.6587, "bus_lcCooperative": 0.4994, "bus_lcLookaheadLeft": 84.8186, "bus_lcPushy": 0.0699, "bus_lcSigma": 0.4517, "bus_lcSpeedGainRight": 0.606, "bus_lcSublane": 0.6902, "bus_sigma": 0.3899, "bus_tau_mean": 0.6513, "bus_tau_std": 8.2227, "bus_v_mean": 19.2073, "bus_v_std": 0.0225, "car_acc": 2.1047, "car_dcc": 2.8159, "car_lcAssertive": 28.1648, "car_lcCooperative": 0.8088, "car_lcLookaheadLeft": 94.4757, "car_lcPushy": 0.4237, "car_lcSigma": 0.7908, "car_lcSpeedGainRight": 0.7694, "car_lcSublane": 0.6304, "car_sigma": 0.3742, "car_tau_mean": 1.4418, "car_tau_std": 7.142, "car_v_mean": 23.7702, "car_v_std": 16.7863}, "datetime": {"datetime": "2024-08-10 13:34:31", "elapsed": 3521.133717, "delta": 8.821309}}
{"target": -0.7179080171563922, "params": {"bus_acc": 0.3773, "bus_dcc": 1.2879, "bus_lcAssertive": 23.554, "bus_lcCooperative": 0.0301, "bus_lcLookaheadLeft": 79.2694, "bus_lcPushy": 0.2326, "bus_lcSigma": 0.4129, "bus_lcSpeedGainRight": 1.9072, "bus_lcSublane": 0.1601, "bus_sigma": 0.3488, "bus_tau_mean": 2.9415, "bus_tau_std": 8.4742, "bus_v_mean": 12.8705, "bus_v_std": 9.3395, "car_acc": 0.4435, "car_dcc": 1.4166, "car_lcAssertive": 84.9391, "car_lcCooperative": 0.6637, "car_lcLookaheadLeft": 24.3477, "car_lcPushy": 0.328, "car_lcSigma": 0.6979, "car_lcSpeedGainRight": 1.7153, "car_lcSublane": 0.6524, "car_sigma": 0.5257, "car_tau_mean": 0.9064, "car_tau_std": 3.3425, "car_v_mean": 15.2968, "car_v_std": 14.0829}, "datetime": {"datetime": "2024-08-10 13:34:38", "elapsed": 3528.539025, "delta": 7.405308}}
{"target": -0.3644173010333606, "params": {"bus_acc": 2.7676, "bus_dcc": 1.9929, "bus_lcAssertive": 18.8345, "bus_lcCooperative": 0.4672, "bus_lcLookaheadLeft": 91.5517, "bus_lcPushy": 0.3893, "bus_lcSigma": 0.5369, "bus_lcSpeedGainRight": 1.1218, "bus_lcSublane": 0.2389, "bus_sigma": 0.2942, "bus_tau_mean": 1.7701, "bus_tau_std": 9.0011, "bus_v_mean": 19.4076, "bus_v_std": 8.746, "car_acc": 2.6247, "car_dcc": 1.9926, "car_lcAssertive": 15.7344, "car_lcCooperative": 0.0051, "car_lcLookaheadLeft": 81.9786, "car_lcPushy": 0.549, "car_lcSigma": 0.6668, "car_lcSpeedGainRight": 3.9286, "car_lcSublane": 0.7131, "car_sigma": 0.6026, "car_tau_mean": 3.81, "car_tau_std": 7.949, "car_v_mean": 16.7009, "car_v_std": 1.025}, "datetime": {"datetime": "2024-08-10 13:34:44", "elapsed": 3534.149808, "delta": 5.610783}}
{"target": -0.4251051950078361, "params": {"bus_acc": 1.0522, "bus_dcc": 2.3773, "bus_lcAssertive": 16.7113, "bus_lcCooperative": 0.6067, "bus_lcLookaheadLeft": 86.5723, "bus_lcPushy": 0.7958, "bus_lcSigma": 0.2008, "bus_lcSpeedGainRight": 0.6925, "bus_lcSublane": 0.087, "bus_sigma": 0.4001, "bus_tau_mean": 3.8733, "bus_tau_std": 2.4949, "bus_v_mean": 15.9196, "bus_v_std": 4.4997, "car_acc": 0.872, "car_dcc": 3.7866, "car_lcAssertive": 78.893, "car_lcCooperative": 0.5965, "car_lcLookaheadLeft": 87.0626, "car_lcPushy": 0.3626, "car_lcSigma": 0.7869, "car_lcSpeedGainRight": 3.1687, "car_lcSublane": 0.2976, "car_sigma": 0.2164, "car_tau_mean": 2.4535, "car_tau_std": 9.6618, "car_v_mean": 15.5187, "car_v_std": 3.6304}, "datetime": {"datetime": "2024-08-10 13:34:50", "elapsed": 3540.40022, "delta": 6.250412}}
{"target": -0.3096111970875794, "params": {"bus_acc": 1.8956, "bus_dcc": 2.1388, "bus_lcAssertive": 24.4919, "bus_lcCooperative": 0.9812, "bus_lcLookaheadLeft": 45.0407, "bus_lcPushy": 0.3841, "bus_lcSigma": 0.3324, "bus_lcSpeedGainRight": 2.0793, "bus_lcSublane": 0.6192, "bus_sigma": 0.5069, "bus_tau_mean": 1.8431, "bus_tau_std": 0.6425, "bus_v_mean": 22.9033, "bus_v_std": 18.9972, "car_acc": 2.6648, "car_dcc": 3.8202, "car_lcAssertive": 5.7311, "car_lcCooperative": 0.818, "car_lcLookaheadLeft": 44.1122, "car_lcPushy": 0.412, "car_lcSigma": 0.0493, "car_lcSpeedGainRight": 2.2027, "car_lcSublane": 0.6801, "car_sigma": 0.4723, "car_tau_mean": 2.7717, "car_tau_std": 0.845, "car_v_mean": 13.8387, "car_v_std": 6.8106}, "datetime": {"datetime": "2024-08-10 13:34:57", "elapsed": 3547.985172, "delta": 7.584952}}
{"target": -0.3169862947112228, "params": {"bus_acc": 1.4857, "bus_dcc": 2.3926, "bus_lcAssertive": 63.5438, "bus_lcCooperative": 0.6352, "bus_lcLookaheadLeft": 51.9207, "bus_lcPushy": 0.7563, "bus_lcSigma": 0.2407, "bus_lcSpeedGainRight": 0.7513, "bus_lcSublane": 0.3123, "bus_sigma": 0.7288, "bus_tau_mean": 2.7899, "bus_tau_std": 8.3249, "bus_v_mean": 24.3677, "bus_v_std": 13.8187, "car_acc": 3.0976, "car_dcc": 2.8182, "car_lcAssertive": 15.8236, "car_lcCooperative": 0.4414, "car_lcLookaheadLeft": 6.4699, "car_lcPushy": 0.6268, "car_lcSigma": 0.286, "car_lcSpeedGainRight": 3.7274, "car_lcSublane": 0.685, "car_sigma": 0.2774, "car_tau_mean": 0.9582, "car_tau_std": 9.684, "car_v_mean": 14.6733, "car_v_std": 5.8204}, "datetime": {"datetime": "2024-08-10 13:35:02", "elapsed": 3552.530148, "delta": 4.544976}}
{"target": -0.32885496831631184, "params": {"bus_acc": 2.9624, "bus_dcc": 0.6895, "bus_lcAssertive": 42.0998, "bus_lcCooperative": 0.5792, "bus_lcLookaheadLeft": 99.6996, "bus_lcPushy": 0.4459, "bus_lcSigma": 0.2085, "bus_lcSpeedGainRight": 1.9179, "bus_lcSublane": 0.8129, "bus_sigma": 0.2417, "bus_tau_mean": 2.1629, "bus_tau_std": 0.1957, "bus_v_mean": 12.002, "bus_v_std": 15.3139, "car_acc": 2.2213, "car_dcc": 2.2876, "car_lcAssertive": 14.0627, "car_lcCooperative": 0.1167, "car_lcLookaheadLeft": 68.5662, "car_lcPushy": 0.3986, "car_lcSigma": 0.809, "car_lcSpeedGainRight": 1.5288, "car_lcSublane": 0.818, "car_sigma": 0.7478, "car_tau_mean": 3.7682, "car_tau_std": 4.4888, "car_v_mean": 16.8829, "car_v_std": 12.8244}, "datetime": {"datetime": "2024-08-10 13:35:07", "elapsed": 3557.539527, "delta": 5.009379}}
{"target": -0.2714421661227484, "params": {"bus_acc": 3.2369, "bus_dcc": 1.0386, "bus_lcAssertive": 51.9388, "bus_lcCooperative": 0.7688, "bus_lcLookaheadLeft": 21.2488, "bus_lcPushy": 0.1996, "bus_lcSigma": 0.4277, "bus_lcSpeedGainRight": 1.4238, "bus_lcSublane": 0.1835, "bus_sigma": 0.1109, "bus_tau_mean": 1.3006, "bus_tau_std": 6.0657, "bus_v_mean": 19.2255, "bus_v_std": 11.7451, "car_acc": 1.6899, "car_dcc": 0.7256, "car_lcAssertive": 72.8815, "car_lcCooperative": 0.841, "car_lcLookaheadLeft": 9.0473, "car_lcPushy": 0.2121, "car_lcSigma": 0.5398, "car_lcSpeedGainRight": 0.3674, "car_lcSublane": 0.802, "car_sigma": 0.0909, "car_tau_mean": 0.5118, "car_tau_std": 9.5544, "car_v_mean": 18.3388, "car_v_std": 12.17}, "datetime": {"datetime": "2024-08-10 13:35:15", "elapsed": 3565.449088, "delta": 7.909561}}
{"target": -0.3131410410858146, "params": {"bus_acc": 2.1366, "bus_dcc": 1.6267, "bus_lcAssertive": 50.0666, "bus_lcCooperative": 0.9553, "bus_lcLookaheadLeft": 31.2707, "bus_lcPushy": 0.3924, "bus_lcSigma": 0.0895, "bus_lcSpeedGainRight": 4.9153, "bus_lcSublane": 0.2231, "bus_sigma": 0.8416, "bus_tau_mean": 2.8606, "bus_tau_std": 7.0508, "bus_v_mean": 20.724, "bus_v_std": 14.0054, "car_acc": 2.6126, "car_dcc": 1.1034, "car_lcAssertive": 94.2604, "car_lcCooperative": 0.0859, "car_lcLookaheadLeft": 26.0743, "car_lcPushy": 0.1928, "car_lcSigma": 0.2434, "car_lcSpeedGainRight": 4.3072, "car_lcSublane": 0.9478, "car_sigma": 0.6565, "car_tau_mean": 3.8448, "car_tau_std": 1.8044, "car_v_mean": 20.1993, "car_v_std": 17.3366}, "datetime": {"datetime": "2024-08-10 13:35:21", "elapsed": 3571.875085, "delta": 6.425997}}
{"target": -0.3335048148118525, "params": {"bus_acc": 0.305, "bus_dcc": 0.5509, "bus_lcAssertive": 38.2481, "bus_lcCooperative": 0.3969, "bus_lcLookaheadLeft": 59.4718, "bus_lcPushy": 0.8586, "bus_lcSigma": 0.7054, "bus_lcSpeedGainRight": 3.778, "bus_lcSublane": 0.49, "bus_sigma": 0.6713, "bus_tau_mean": 0.5318, "bus_tau_std": 6.5052, "bus_v_mean": 11.3693, "bus_v_std": 2.2045, "car_acc": 3.188, "car_dcc": 2.1103, "car_lcAssertive": 41.7871, "car_lcCooperative": 0.3408, "car_lcLookaheadLeft": 55.3993, "car_lcPushy": 0.6771, "car_lcSigma": 0.8844, "car_lcSpeedGainRight": 4.9296, "car_lcSublane": 0.8558, "car_sigma": 0.9274, "car_tau_mean": 3.0482, "car_tau_std": 5.1417, "car_v_mean": 18.6892, "car_v_std": 19.3756}, "datetime": {"datetime": "2024-08-10 13:35:27", "elapsed": 3577.359231, "delta": 5.484146}}
{"target": -0.8042347118061114, "params": {"bus_acc": 0.342, "bus_dcc": 2.2002, "bus_lcAssertive": 7.7121, "bus_lcCooperative": 0.3423, "bus_lcLookaheadLeft": 83.3767, "bus_lcPushy": 0.7723, "bus_lcSigma": 0.6949, "bus_lcSpeedGainRight": 1.4917, "bus_lcSublane": 0.6889, "bus_sigma": 0.2944, "bus_tau_mean": 3.6135, "bus_tau_std": 2.4368, "bus_v_mean": 18.3129, "bus_v_std": 16.6498, "car_acc": 0.4776, "car_dcc": 0.5439, "car_lcAssertive": 19.587, "car_lcCooperative": 0.4447, "car_lcLookaheadLeft": 63.6253, "car_lcPushy": 0.3211, "car_lcSigma": 0.9674, "car_lcSpeedGainRight": 2.6623, "car_lcSublane": 0.1349, "car_sigma": 0.5404, "car_tau_mean": 1.6871, "car_tau_std": 2.1849, "car_v_mean": 8.634, "car_v_std": 11.346}, "datetime": {"datetime": "2024-08-10 13:35:34", "elapsed": 3584.396362, "delta": 7.037131}}
{"target": -0.3587875719250682, "params": {"bus_acc": 1.9438, "bus_dcc": 2.8072, "bus_lcAssertive": 60.6388, "bus_lcCooperative": 0.1151, "bus_lcLookaheadLeft": 61.0731, "bus_lcPushy": 0.7973, "bus_lcSigma": 0.8088, "bus_lcSpeedGainRight": 1.1683, "bus_lcSublane": 0.0048, "bus_sigma": 0.1024, "bus_tau_mean": 1.4552, "bus_tau_std": 5.6381, "bus_v_mean": 13.9846, "bus_v_std": 9.1249, "car_acc": 1.6994, "car_dcc": 2.3044, "car_lcAssertive": 53.1512, "car_lcCooperative": 0.1304, "car_lcLookaheadLeft": 9.2932, "car_lcPushy": 0.0983, "car_lcSigma": 0.7147, "car_lcSpeedGainRight": 1.2803, "car_lcSublane": 0.1663, "car_sigma": 0.4659, "car_tau_mean": 3.2084, "car_tau_std": 3.5091, "car_v_mean": 15.6514, "car_v_std": 1.6865}, "datetime": {"datetime": "2024-08-10 13:35:40", "elapsed": 3590.479229, "delta": 6.082867}}
{"target": -0.34276889665418847, "params": {"bus_acc": 2.1137, "bus_dcc": 2.521, "bus_lcAssertive": 94.102, "bus_lcCooperative": 0.0455, "bus_lcLookaheadLeft": 20.7276, "bus_lcPushy": 0.7021, "bus_lcSigma": 0.587, "bus_lcSpeedGainRight": 0.6013, "bus_lcSublane": 0.3437, "bus_sigma": 0.6738, "bus_tau_mean": 2.8491, "bus_tau_std": 3.5389, "bus_v_mean": 14.7028, "bus_v_std": 8.9789, "car_acc": 2.2275, "car_dcc": 3.8757, "car_lcAssertive": 37.273, "car_lcCooperative": 0.3786, "car_lcLookaheadLeft": 73.8915, "car_lcPushy": 0.2926, "car_lcSigma": 0.226, "car_lcSpeedGainRight": 4.2328, "car_lcSublane": 0.3271, "car_sigma": 0.7277, "car_tau_mean": 0.6849, "car_tau_std": 8.4331, "car_v_mean": 15.3092, "car_v_std": 8.5685}, "datetime": {"datetime": "2024-08-10 13:35:45", "elapsed": 3595.261314, "delta": 4.782085}}
{"target": -0.3618922339672592, "params": {"bus_acc": 0.4998, "bus_dcc": 3.6686, "bus_lcAssertive": 65.4142, "bus_lcCooperative": 0.0125, "bus_lcLookaheadLeft": 95.7436, "bus_lcPushy": 0.9712, "bus_lcSigma": 0.9192, "bus_lcSpeedGainRight": 4.3654, "bus_lcSublane": 0.6498, "bus_sigma": 0.3878, "bus_tau_mean": 0.7827, "bus_tau_std": 3.6395, "bus_v_mean": 10.8206, "bus_v_std": 12.1493, "car_acc": 0.6289, "car_dcc": 2.1554, "car_lcAssertive": 85.8112, "car_lcCooperative": 0.9854, "car_lcLookaheadLeft": 69.0733, "car_lcPushy": 0.3354, "car_lcSigma": 0.3974, "car_lcSpeedGainRight": 1.8438, "car_lcSublane": 0.8815, "car_sigma": 0.7122, "car_tau_mean": 2.4902, "car_tau_std": 1.4389, "car_v_mean": 14.2928, "car_v_std": 0.936}, "datetime": {"datetime": "2024-08-10 13:35:55", "elapsed": 3605.982192, "delta": 10.720878}}
{"target": -0.23950900214350987, "params": {"bus_acc": 0.3197, "bus_dcc": 0.2531, "bus_lcAssertive": 67.0671, "bus_lcCooperative": 0.8806, "bus_lcLookaheadLeft": 9.9062, "bus_lcPushy": 0.1161, "bus_lcSigma": 0.1119, "bus_lcSpeedGainRight": 4.3865, "bus_lcSublane": 0.2233, "bus_sigma": 0.307, "bus_tau_mean": 2.4098, "bus_tau_std": 1.28, "bus_v_mean": 14.3135, "bus_v_std": 7.8868, "car_acc": 2.0598, "car_dcc": 0.4074, "car_lcAssertive": 6.4244, "car_lcCooperative": 0.531, "car_lcLookaheadLeft": 43.2406, "car_lcPushy": 0.8821, "car_lcSigma": 0.4918, "car_lcSpeedGainRight": 4.4074, "car_lcSublane": 0.9142, "car_sigma": 0.8413, "car_tau_mean": 0.5198, "car_tau_std": 4.2268, "car_v_mean": 22.3365, "car_v_std": 10.9911}, "datetime": {"datetime": "2024-08-10 13:35:59", "elapsed": 3609.274345, "delta": 3.292153}}
{"target": -0.5460993886753762, "params": {"bus_acc": 0.3962, "bus_dcc": 2.7324, "bus_lcAssertive": 36.897, "bus_lcCooperative": 0.256, "bus_lcLookaheadLeft": 32.9995, "bus_lcPushy": 0.252, "bus_lcSigma": 0.5295, "bus_lcSpeedGainRight": 3.2391, "bus_lcSublane": 0.9119, "bus_sigma": 0.8213, "bus_tau_mean": 2.2395, "bus_tau_std": 4.2506, "bus_v_mean": 25.0254, "bus_v_std": 4.1265, "car_acc": 0.9506, "car_dcc": 3.6947, "car_lcAssertive": 84.1278, "car_lcCooperative": 0.2864, "car_lcLookaheadLeft": 72.2606, "car_lcPushy": 0.8402, "car_lcSigma": 0.7498, "car_lcSpeedGainRight": 4.5067, "car_lcSublane": 0.8644, "car_sigma": 0.0624, "car_tau_mean": 1.8404, "car_tau_std": 5.6549, "car_v_mean": 15.5243, "car_v_std": 9.324}, "datetime": {"datetime": "2024-08-10 13:36:03", "elapsed": 3613.17777, "delta": 3.903425}}
{"target": -0.3478410996975014, "params": {"bus_acc": 3.1498, "bus_dcc": 1.9764, "bus_lcAssertive": 86.5444, "bus_lcCooperative": 0.4137, "bus_lcLookaheadLeft": 3.3946, "bus_lcPushy": 0.825, "bus_lcSigma": 0.5427, "bus_lcSpeedGainRight": 0.965, "bus_lcSublane": 0.5428, "bus_sigma": 0.4897, "bus_tau_mean": 1.0397, "bus_tau_std": 6.6149, "bus_v_mean": 15.166, "bus_v_std": 8.8957, "car_acc": 3.5313, "car_dcc": 0.6876, "car_lcAssertive": 64.3485, "car_lcCooperative": 0.5279, "car_lcLookaheadLeft": 68.7394, "car_lcPushy": 0.0408, "car_lcSigma": 0.5781, "car_lcSpeedGainRight": 4.46, "car_lcSublane": 0.1547, "car_sigma": 0.5506, "car_tau_mean": 2.0525, "car_tau_std": 0.6064, "car_v_mean": 17.9981, "car_v_std": 0.4389}, "datetime": {"datetime": "2024-08-10 13:36:12", "elapsed": 3622.283435, "delta": 9.105665}}
{"target": -0.814511757822816, "params": {"bus_acc": 3.0661, "bus_dcc": 2.6821, "bus_lcAssertive": 9.3, "bus_lcCooperative": 0.6405, "bus_lcLookaheadLeft": 8.8033, "bus_lcPushy": 0.3423, "bus_lcSigma": 0.6249, "bus_lcSpeedGainRight": 3.5586, "bus_lcSublane": 0.1245, "bus_sigma": 0.6398, "bus_tau_mean": 1.9245, "bus_tau_std": 9.2149, "bus_v_mean": 25.2422, "bus_v_std": 18.3514, "car_acc": 0.3801, "car_dcc": 2.6809, "car_lcAssertive": 73.3994, "car_lcCooperative": 0.403, "car_lcLookaheadLeft": 10.1169, "car_lcPushy": 0.0006, "car_lcSigma": 0.0274, "car_lcSpeedGainRight": 1.0267, "car_lcSublane": 0.4277, "car_sigma": 0.3911, "car_tau_mean": 2.8083, "car_tau_std": 5.397, "car_v_mean": 17.2231, "car_v_std": 12.5815}, "datetime": {"datetime": "2024-08-10 13:36:15", "elapsed": 3625.27289, "delta": 2.989455}}
{"target": -0.32455566330450836, "params": {"bus_acc": 0.914, "bus_dcc": 2.6304, "bus_lcAssertive": 82.2089, "bus_lcCooperative": 0.6299, "bus_lcLookaheadLeft": 84.1772, "bus_lcPushy": 0.3075, "bus_lcSigma": 0.4584, "bus_lcSpeedGainRight": 2.3573, "bus_lcSublane": 0.5682, "bus_sigma": 0.035, "bus_tau_mean": 2.386, "bus_tau_std": 9.3173, "bus_v_mean": 12.1027, "bus_v_std": 4.0281, "car_acc": 2.7658, "car_dcc": 3.5591, "car_lcAssertive": 86.577, "car_lcCooperative": 0.5709, "car_lcLookaheadLeft": 36.1996, "car_lcPushy": 0.1207, "car_lcSigma": 0.4568, "car_lcSpeedGainRight": 2.5303, "car_lcSublane": 0.8504, "car_sigma": 0.4267, "car_tau_mean": 3.4943, "car_tau_std": 8.0363, "car_v_mean": 12.4523, "car_v_std": 16.4993}, "datetime": {"datetime": "2024-08-10 13:36:19", "elapsed": 3629.326472, "delta": 4.053582}}
{"target": -0.3329199338184976, "params": {"bus_acc": 1.9413, "bus_dcc": 1.053, "bus_lcAssertive": 52.0543, "bus_lcCooperative": 0.0832, "bus_lcLookaheadLeft": 85.8258, "bus_lcPushy": 0.3114, "bus_lcSigma": 0.2505, "bus_lcSpeedGainRight": 0.853, "bus_lcSublane": 0.6992, "bus_sigma": 0.7857, "bus_tau_mean": 2.0486, "bus_tau_std": 7.0458, "bus_v_mean": 14.156, "bus_v_std": 8.0831, "car_acc": 3.7855, "car_dcc": 3.4233, "car_lcAssertive": 72.2188, "car_lcCooperative": 0.2904, "car_lcLookaheadLeft": 59.6782, "car_lcPushy": 0.7042, "car_lcSigma": 0.5614, "car_lcSpeedGainRight": 0.7264, "car_lcSublane": 0.7037, "car_sigma": 0.6401, "car_tau_mean": 1.5429, "car_tau_std": 8.7612, "car_v_mean": 18.7637, "car_v_std": 12.1371}, "datetime": {"datetime": "2024-08-10 13:36:25", "elapsed": 3635.976647, "delta": 6.650175}}
{"target": -0.3797424232617641, "params": {"bus_acc": 2.6704, "bus_dcc": 3.7047, "bus_lcAssertive": 1.9908, "bus_lcCooperative": 0.5703, "bus_lcLookaheadLeft": 87.0906, "bus_lcPushy": 0.3083, "bus_lcSigma": 0.9592, "bus_lcSpeedGainRight": 4.1819, "bus_lcSublane": 0.9465, "bus_sigma": 0.0527, "bus_tau_mean": 2.5824, "bus_tau_std": 4.8467, "bus_v_mean": 18.764, "bus_v_std": 11.5441, "car_acc": 3.7902, "car_dcc": 0.6714, "car_lcAssertive": 69.4906, "car_lcCooperative": 0.1168, "car_lcLookaheadLeft": 6.8323, "car_lcPushy": 0.4915, "car_lcSigma": 0.3332, "car_lcSpeedGainRight": 4.627, "car_lcSublane": 0.6895, "car_sigma": 0.192, "car_tau_mean": 1.2056, "car_tau_std": 6.9624, "car_v_mean": 24.5618, "car_v_std": 5.6241}, "datetime": {"datetime": "2024-08-10 13:36:31", "elapsed": 3641.356189, "delta": 5.379542}}
{"target": -0.3038628673992306, "params": {"bus_acc": 3.3524, "bus_dcc": 3.3448, "bus_lcAssertive": 85.3795, "bus_lcCooperative": 0.9508, "bus_lcLookaheadLeft": 3.5975, "bus_lcPushy": 0.9557, "bus_lcSigma": 0.2561, "bus_lcSpeedGainRight": 1.9949, "bus_lcSublane": 0.2132, "bus_sigma": 0.994, "bus_tau_mean": 0.6431, "bus_tau_std": 4.1525, "bus_v_mean": 10.8032, "bus_v_std": 6.3631, "car_acc": 2.4247, "car_dcc": 1.6561, "car_lcAssertive": 36.0314, "car_lcCooperative": 0.6326, "car_lcLookaheadLeft": 47.8415, "car_lcPushy": 0.5089, "car_lcSigma": 0.4062, "car_lcSpeedGainRight": 4.2452, "car_lcSublane": 0.093, "car_sigma": 0.0807, "car_tau_mean": 1.8808, "car_tau_std": 4.2938, "car_v_mean": 24.9807, "car_v_std": 14.7348}, "datetime": {"datetime": "2024-08-10 13:36:36", "elapsed": 3647.069471, "delta": 5.713282}}
