{"target": -0.3271766648243219, "params": {"bus_acc": 3.2756, "bus_dcc": 0.8692, "bus_lcAssertive": 96.3853, "bus_lcCooperative": 0.4425, "bus_lcLookaheadLeft": 13.9015, "bus_lcPushy": 0.264, "bus_lcSigma": 0.7303, "bus_lcSpeedGainRight": 0.2264, "bus_lcSublane": 0.2655, "bus_sigma": 0.313, "bus_tau_mean": 3.9009, "bus_tau_std": 0.8041, "bus_v_mean": 9.3416, "bus_v_std": 16.7703, "car_acc": 1.4319, "car_dcc": 1.8894, "car_lcAssertive": 31.0472, "car_lcCooperative": 0.4526, "car_lcLookaheadLeft": 58.4033, "car_lcPushy": 0.9214, "car_lcSigma": 0.7115, "car_lcSpeedGainRight": 4.8165, "car_lcSublane": 0.7732, "car_sigma": 0.0279, "car_tau_mean": 1.9202, "car_tau_std": 6.524, "car_v_mean": 14.9207, "car_v_std": 1.8467}, "datetime": {"datetime": "2024-08-10 15:02:59", "elapsed": 8829.749946, "delta": 7.636929}}
{"target": -0.36305688974739336, "params": {"bus_acc": 3.4751, "bus_dcc": 1.5096, "bus_lcAssertive": 73.6777, "bus_lcCooperative": 0.5542, "bus_lcLookaheadLeft": 92.7205, "bus_lcPushy": 0.4183, "bus_lcSigma": 0.356, "bus_lcSpeedGainRight": 2.9915, "bus_lcSublane": 0.1584, "bus_sigma": 0.1523, "bus_tau_mean": 3.6554, "bus_tau_std": 4.9254, "bus_v_mean": 11.6228, "bus_v_std": 17.0042, "car_acc": 1.4073, "car_dcc": 3.6694, "car_lcAssertive": 10.9098, "car_lcCooperative": 0.0681, "car_lcLookaheadLeft": 99.4518, "car_lcPushy": 0.9752, "car_lcSigma": 0.556, "car_lcSpeedGainRight": 4.235, "car_lcSublane": 0.7934, "car_sigma": 0.1195, "car_tau_mean": 1.3578, "car_tau_std": 8.1815, "car_v_mean": 14.4863, "car_v_std": 0.8223}, "datetime": {"datetime": "2024-08-10 15:03:04", "elapsed": 8834.309926, "delta": 4.55998}}
{"target": -0.383065510192585, "params": {"bus_acc": 1.2662, "bus_dcc": 2.8362, "bus_lcAssertive": 30.3708, "bus_lcCooperative": 0.378, "bus_lcLookaheadLeft": 13.9485, "bus_lcPushy": 0.0263, "bus_lcSigma": 0.266, "bus_lcSpeedGainRight": 1.027, "bus_lcSublane": 0.8656, "bus_sigma": 0.4033, "bus_tau_mean": 0.9127, "bus_tau_std": 7.9916, "bus_v_mean": 24.3828, "bus_v_std": 11.7451, "car_acc": 2.7691, "car_dcc": 3.1708, "car_lcAssertive": 91.1479, "car_lcCooperative": 0.3983, "car_lcLookaheadLeft": 44.4442, "car_lcPushy": 0.4069, "car_lcSigma": 0.3731, "car_lcSpeedGainRight": 4.4809, "car_lcSublane": 0.5102, "car_sigma": 0.9419, "car_tau_mean": 2.2396, "car_tau_std": 4.8814, "car_v_mean": 11.11, "car_v_std": 14.9965}, "datetime": {"datetime": "2024-08-10 15:03:09", "elapsed": 8839.476561, "delta": 5.166635}}
{"target": -0.29071865446771955, "params": {"bus_acc": 2.6887, "bus_dcc": 3.4956, "bus_lcAssertive": 3.2897, "bus_lcCooperative": 0.6432, "bus_lcLookaheadLeft": 43.5463, "bus_lcPushy": 0.9575, "bus_lcSigma": 0.586, "bus_lcSpeedGainRight": 4.1313, "bus_lcSublane": 0.6702, "bus_sigma": 0.2321, "bus_tau_mean": 3.4809, "bus_tau_std": 4.2853, "bus_v_mean": 11.918, "bus_v_std": 5.9317, "car_acc": 3.3935, "car_dcc": 1.3738, "car_lcAssertive": 70.3859, "car_lcCooperative": 0.2383, "car_lcLookaheadLeft": 52.8436, "car_lcPushy": 0.3723, "car_lcSigma": 0.4497, "car_lcSpeedGainRight": 4.6196, "car_lcSublane": 0.5989, "car_sigma": 0.8097, "car_tau_mean": 2.4314, "car_tau_std": 1.4753, "car_v_mean": 11.1062, "car_v_std": 14.9627}, "datetime": {"datetime": "2024-08-10 15:03:18", "elapsed": 8848.17738, "delta": 8.700819}}
{"target": -0.393254911613929, "params": {"bus_acc": 0.3372, "bus_dcc": 2.5197, "bus_lcAssertive": 45.5416, "bus_lcCooperative": 0.0638, "bus_lcLookaheadLeft": 28.8512, "bus_lcPushy": 0.8597, "bus_lcSigma": 0.0292, "bus_lcSpeedGainRight": 0.9439, "bus_lcSublane": 0.5097, "bus_sigma": 0.6948, "bus_tau_mean": 2.6322, "bus_tau_std": 2.1858, "bus_v_mean": 19.2764, "bus_v_std": 11.999, "car_acc": 3.9224, "car_dcc": 3.514, "car_lcAssertive": 11.5594, "car_lcCooperative": 0.1919, "car_lcLookaheadLeft": 27.9308, "car_lcPushy": 0.4484, "car_lcSigma": 0.7622, "car_lcSpeedGainRight": 4.3102, "car_lcSublane": 0.9017, "car_sigma": 0.0713, "car_tau_mean": 3.0233, "car_tau_std": 3.116, "car_v_mean": 12.031, "car_v_std": 9.7515}, "datetime": {"datetime": "2024-08-10 15:03:24", "elapsed": 8854.941322, "delta": 6.763942}}
{"target": -0.27371391997057465, "params": {"bus_acc": 2.4437, "bus_dcc": 0.8841, "bus_lcAssertive": 77.3102, "bus_lcCooperative": 0.2709, "bus_lcLookaheadLeft": 49.3541, "bus_lcPushy": 0.6303, "bus_lcSigma": 0.9943, "bus_lcSpeedGainRight": 1.1524, "bus_lcSublane": 0.5828, "bus_sigma": 0.3293, "bus_tau_mean": 3.0359, "bus_tau_std": 6.6433, "bus_v_mean": 25.2816, "bus_v_std": 1.5266, "car_acc": 1.7179, "car_dcc": 0.6423, "car_lcAssertive": 9.7467, "car_lcCooperative": 0.4731, "car_lcLookaheadLeft": 33.0496, "car_lcPushy": 0.9708, "car_lcSigma": 0.1644, "car_lcSpeedGainRight": 0.6761, "car_lcSublane": 0.7397, "car_sigma": 0.9159, "car_tau_mean": 0.6286, "car_tau_std": 8.8195, "car_v_mean": 24.686, "car_v_std": 12.7741}, "datetime": {"datetime": "2024-08-10 15:03:32", "elapsed": 8863.049441, "delta": 8.108119}}
{"target": -0.27200219401643744, "params": {"bus_acc": 3.4468, "bus_dcc": 3.403, "bus_lcAssertive": 50.082, "bus_lcCooperative": 0.8237, "bus_lcLookaheadLeft": 43.0431, "bus_lcPushy": 0.7623, "bus_lcSigma": 0.3768, "bus_lcSpeedGainRight": 3.7452, "bus_lcSublane": 0.1772, "bus_sigma": 0.6167, "bus_tau_mean": 2.8658, "bus_tau_std": 0.7723, "bus_v_mean": 10.0551, "bus_v_std": 6.1962, "car_acc": 3.074, "car_dcc": 0.5306, "car_lcAssertive": 36.2496, "car_lcCooperative": 0.2584, "car_lcLookaheadLeft": 49.7488, "car_lcPushy": 0.8904, "car_lcSigma": 0.5694, "car_lcSpeedGainRight": 4.0727, "car_lcSublane": 0.9591, "car_sigma": 0.4437, "car_tau_mean": 2.2417, "car_tau_std": 1.795, "car_v_mean": 13.2482, "car_v_std": 14.2687}, "datetime": {"datetime": "2024-08-10 15:03:41", "elapsed": 8871.168979, "delta": 8.119538}}
{"target": -0.26850957972793826, "params": {"bus_acc": 0.6363, "bus_dcc": 2.8347, "bus_lcAssertive": 96.7435, "bus_lcCooperative": 0.1546, "bus_lcLookaheadLeft": 88.6967, "bus_lcPushy": 0.704, "bus_lcSigma": 0.201, "bus_lcSpeedGainRight": 0.8823, "bus_lcSublane": 0.1276, "bus_sigma": 0.2306, "bus_tau_mean": 1.5908, "bus_tau_std": 3.1802, "bus_v_mean": 10.7818, "bus_v_std": 16.4761, "car_acc": 1.6124, "car_dcc": 0.7485, "car_lcAssertive": 52.1436, "car_lcCooperative": 0.9793, "car_lcLookaheadLeft": 64.6874, "car_lcPushy": 0.7383, "car_lcSigma": 0.0338, "car_lcSpeedGainRight": 2.7936, "car_lcSublane": 0.0861, "car_sigma": 0.959, "car_tau_mean": 1.1549, "car_tau_std": 4.1218, "car_v_mean": 20.9219, "car_v_std": 17.9899}, "datetime": {"datetime": "2024-08-10 15:03:45", "elapsed": 8875.907652, "delta": 4.738673}}
{"target": -0.3787087082878123, "params": {"bus_acc": 1.394, "bus_dcc": 0.5374, "bus_lcAssertive": 86.9813, "bus_lcCooperative": 0.0322, "bus_lcLookaheadLeft": 30.5431, "bus_lcPushy": 0.0034, "bus_lcSigma": 0.3026, "bus_lcSpeedGainRight": 0.0655, "bus_lcSublane": 0.7767, "bus_sigma": 0.0892, "bus_tau_mean": 1.4884, "bus_tau_std": 6.7463, "bus_v_mean": 14.9234, "bus_v_std": 14.8043, "car_acc": 1.2163, "car_dcc": 3.9876, "car_lcAssertive": 75.5529, "car_lcCooperative": 0.7487, "car_lcLookaheadLeft": 56.9874, "car_lcPushy": 0.81, "car_lcSigma": 0.8041, "car_lcSpeedGainRight": 3.9362, "car_lcSublane": 0.6617, "car_sigma": 0.8172, "car_tau_mean": 3.0324, "car_tau_std": 4.4968, "car_v_mean": 23.7837, "car_v_std": 7.2331}, "datetime": {"datetime": "2024-08-10 15:03:53", "elapsed": 8883.493919, "delta": 7.586267}}
{"target": -0.3675538615094555, "params": {"bus_acc": 0.6642, "bus_dcc": 3.2493, "bus_lcAssertive": 54.8613, "bus_lcCooperative": 0.5645, "bus_lcLookaheadLeft": 19.5335, "bus_lcPushy": 0.7193, "bus_lcSigma": 0.7071, "bus_lcSpeedGainRight": 1.697, "bus_lcSublane": 0.8503, "bus_sigma": 0.926, "bus_tau_mean": 0.6868, "bus_tau_std": 8.0752, "bus_v_mean": 22.2585, "bus_v_std": 8.0727, "car_acc": 3.5936, "car_dcc": 3.4866, "car_lcAssertive": 99.4105, "car_lcCooperative": 0.5287, "car_lcLookaheadLeft": 31.5369, "car_lcPushy": 0.963, "car_lcSigma": 0.0018, "car_lcSpeedGainRight": 0.0898, "car_lcSublane": 0.7761, "car_sigma": 0.1019, "car_tau_mean": 3.4524, "car_tau_std": 0.6489, "car_v_mean": 18.8294, "car_v_std": 2.3867}, "datetime": {"datetime": "2024-08-10 15:03:58", "elapsed": 8888.287646, "delta": 4.793727}}
{"target": -0.35388565226245045, "params": {"bus_acc": 0.7489, "bus_dcc": 3.8101, "bus_lcAssertive": 36.2959, "bus_lcCooperative": 0.3259, "bus_lcLookaheadLeft": 71.2732, "bus_lcPushy": 0.6552, "bus_lcSigma": 0.7063, "bus_lcSpeedGainRight": 1.3701, "bus_lcSublane": 0.94, "bus_sigma": 0.7188, "bus_tau_mean": 2.2623, "bus_tau_std": 0.9552, "bus_v_mean": 21.0262, "bus_v_std": 7.0444, "car_acc": 3.5971, "car_dcc": 3.478, "car_lcAssertive": 27.3814, "car_lcCooperative": 0.0494, "car_lcLookaheadLeft": 58.6394, "car_lcPushy": 0.729, "car_lcSigma": 0.171, "car_lcSpeedGainRight": 4.2504, "car_lcSublane": 0.9704, "car_sigma": 0.2284, "car_tau_mean": 1.1405, "car_tau_std": 3.8053, "car_v_mean": 12.3479, "car_v_std": 15.6979}, "datetime": {"datetime": "2024-08-10 15:04:06", "elapsed": 8896.77265, "delta": 8.485004}}
{"target": -1.149013370766388, "params": {"bus_acc": 2.1114, "bus_dcc": 3.0177, "bus_lcAssertive": 15.8626, "bus_lcCooperative": 0.6594, "bus_lcLookaheadLeft": 7.9582, "bus_lcPushy": 0.7679, "bus_lcSigma": 0.7449, "bus_lcSpeedGainRight": 3.2388, "bus_lcSublane": 0.5706, "bus_sigma": 0.7104, "bus_tau_mean": 1.3425, "bus_tau_std": 0.6464, "bus_v_mean": 12.755, "bus_v_std": 1.2527, "car_acc": 0.2101, "car_dcc": 1.1829, "car_lcAssertive": 56.3286, "car_lcCooperative": 0.0617, "car_lcLookaheadLeft": 29.442, "car_lcPushy": 0.6224, "car_lcSigma": 0.5709, "car_lcSpeedGainRight": 0.1746, "car_lcSublane": 0.0742, "car_sigma": 0.0035, "car_tau_mean": 3.1657, "car_tau_std": 4.9569, "car_v_mean": 12.1805, "car_v_std": 9.9138}, "datetime": {"datetime": "2024-08-10 15:04:12", "elapsed": 8902.849696, "delta": 6.077046}}
{"target": -0.3597436861837659, "params": {"bus_acc": 2.0436, "bus_dcc": 3.5585, "bus_lcAssertive": 39.8634, "bus_lcCooperative": 0.817, "bus_lcLookaheadLeft": 91.3423, "bus_lcPushy": 0.5811, "bus_lcSigma": 0.7153, "bus_lcSpeedGainRight": 0.9547, "bus_lcSublane": 0.4047, "bus_sigma": 0.3358, "bus_tau_mean": 0.8277, "bus_tau_std": 9.9587, "bus_v_mean": 19.382, "bus_v_std": 10.2647, "car_acc": 2.3069, "car_dcc": 3.3674, "car_lcAssertive": 33.7993, "car_lcCooperative": 0.1904, "car_lcLookaheadLeft": 79.7319, "car_lcPushy": 0.7698, "car_lcSigma": 0.0656, "car_lcSpeedGainRight": 3.214, "car_lcSublane": 0.9626, "car_sigma": 0.4659, "car_tau_mean": 3.1897, "car_tau_std": 8.462, "car_v_mean": 8.852, "car_v_std": 15.7569}, "datetime": {"datetime": "2024-08-10 15:04:20", "elapsed": 8910.849495, "delta": 7.999799}}
{"target": -0.2860120392502738, "params": {"bus_acc": 2.9901, "bus_dcc": 1.7832, "bus_lcAssertive": 92.3698, "bus_lcCooperative": 0.9672, "bus_lcLookaheadLeft": 61.6409, "bus_lcPushy": 0.5572, "bus_lcSigma": 0.4289, "bus_lcSpeedGainRight": 0.8734, "bus_lcSublane": 0.3568, "bus_sigma": 0.7066, "bus_tau_mean": 1.2327, "bus_tau_std": 0.7441, "bus_v_mean": 23.1638, "bus_v_std": 12.1532, "car_acc": 3.8429, "car_dcc": 1.1544, "car_lcAssertive": 63.4973, "car_lcCooperative": 0.7931, "car_lcLookaheadLeft": 36.4629, "car_lcPushy": 0.0115, "car_lcSigma": 0.9781, "car_lcSpeedGainRight": 4.0803, "car_lcSublane": 0.4222, "car_sigma": 0.4303, "car_tau_mean": 2.8088, "car_tau_std": 3.0943, "car_v_mean": 20.1707, "car_v_std": 16.0208}, "datetime": {"datetime": "2024-08-10 15:04:30", "elapsed": 8920.972787, "delta": 10.123292}}
{"target": -0.38762022824316666, "params": {"bus_acc": 3.7354, "bus_dcc": 0.6521, "bus_lcAssertive": 95.8301, "bus_lcCooperative": 0.0044, "bus_lcLookaheadLeft": 89.1892, "bus_lcPushy": 0.4893, "bus_lcSigma": 0.4749, "bus_lcSpeedGainRight": 2.9628, "bus_lcSublane": 0.7104, "bus_sigma": 0.4432, "bus_tau_mean": 0.6402, "bus_tau_std": 2.5509, "bus_v_mean": 10.1456, "bus_v_std": 16.7, "car_acc": 0.5362, "car_dcc": 2.7409, "car_lcAssertive": 16.4195, "car_lcCooperative": 0.1473, "car_lcLookaheadLeft": 60.2838, "car_lcPushy": 0.7902, "car_lcSigma": 0.1102, "car_lcSpeedGainRight": 3.4428, "car_lcSublane": 0.8789, "car_sigma": 0.693, "car_tau_mean": 0.7413, "car_tau_std": 8.2275, "car_v_mean": 19.2311, "car_v_std": 0.2357}, "datetime": {"datetime": "2024-08-10 15:04:39", "elapsed": 8929.685168, "delta": 8.712381}}
{"target": -0.7935136457824644, "params": {"bus_acc": 3.4957, "bus_dcc": 2.0229, "bus_lcAssertive": 98.6432, "bus_lcCooperative": 0.8742, "bus_lcLookaheadLeft": 19.4316, "bus_lcPushy": 0.5218, "bus_lcSigma": 0.0401, "bus_lcSpeedGainRight": 4.9, "bus_lcSublane": 0.9518, "bus_sigma": 0.0483, "bus_tau_mean": 2.337, "bus_tau_std": 7.1178, "bus_v_mean": 22.9233, "bus_v_std": 4.1268, "car_acc": 0.2917, "car_dcc": 3.8398, "car_lcAssertive": 83.3901, "car_lcCooperative": 0.6991, "car_lcLookaheadLeft": 17.1369, "car_lcPushy": 0.2181, "car_lcSigma": 0.1884, "car_lcSpeedGainRight": 0.392, "car_lcSublane": 0.8266, "car_sigma": 0.523, "car_tau_mean": 3.7458, "car_tau_std": 7.1119, "car_v_mean": 24.6662, "car_v_std": 12.901}, "datetime": {"datetime": "2024-08-10 15:04:44", "elapsed": 8934.257207, "delta": 4.572039}}
{"target": -0.305825516822177, "params": {"bus_acc": 0.5761, "bus_dcc": 0.6394, "bus_lcAssertive": 53.5945, "bus_lcCooperative": 0.4279, "bus_lcLookaheadLeft": 77.3827, "bus_lcPushy": 0.5961, "bus_lcSigma": 0.6861, "bus_lcSpeedGainRight": 4.0242, "bus_lcSublane": 0.8131, "bus_sigma": 0.3408, "bus_tau_mean": 2.9303, "bus_tau_std": 8.2007, "bus_v_mean": 20.0223, "bus_v_std": 17.8594, "car_acc": 3.1674, "car_dcc": 0.9842, "car_lcAssertive": 15.821, "car_lcCooperative": 0.4223, "car_lcLookaheadLeft": 12.2088, "car_lcPushy": 0.3274, "car_lcSigma": 0.8995, "car_lcSpeedGainRight": 1.4729, "car_lcSublane": 0.24, "car_sigma": 0.3338, "car_tau_mean": 1.5147, "car_tau_std": 4.5533, "car_v_mean": 14.2327, "car_v_std": 19.3914}, "datetime": {"datetime": "2024-08-10 15:04:53", "elapsed": 8943.137311, "delta": 8.880104}}
{"target": -0.3173382550993913, "params": {"bus_acc": 3.7089, "bus_dcc": 3.2391, "bus_lcAssertive": 87.7502, "bus_lcCooperative": 0.0962, "bus_lcLookaheadLeft": 24.8346, "bus_lcPushy": 0.4532, "bus_lcSigma": 0.5331, "bus_lcSpeedGainRight": 1.9633, "bus_lcSublane": 0.5817, "bus_sigma": 0.4702, "bus_tau_mean": 0.9585, "bus_tau_std": 2.3127, "bus_v_mean": 9.7562, "bus_v_std": 4.088, "car_acc": 2.8449, "car_dcc": 3.2322, "car_lcAssertive": 84.908, "car_lcCooperative": 0.9252, "car_lcLookaheadLeft": 91.1229, "car_lcPushy": 0.5784, "car_lcSigma": 0.832, "car_lcSpeedGainRight": 3.5631, "car_lcSublane": 0.8659, "car_sigma": 0.6337, "car_tau_mean": 3.34, "car_tau_std": 7.1743, "car_v_mean": 19.1582, "car_v_std": 5.9483}, "datetime": {"datetime": "2024-08-10 15:04:59", "elapsed": 8949.923762, "delta": 6.786451}}
{"target": -0.34147709751758154, "params": {"bus_acc": 2.9575, "bus_dcc": 3.7777, "bus_lcAssertive": 55.2718, "bus_lcCooperative": 0.2332, "bus_lcLookaheadLeft": 24.2942, "bus_lcPushy": 0.7374, "bus_lcSigma": 0.266, "bus_lcSpeedGainRight": 3.3493, "bus_lcSublane": 0.1482, "bus_sigma": 0.3934, "bus_tau_mean": 2.8605, "bus_tau_std": 7.5587, "bus_v_mean": 10.9939, "bus_v_std": 0.504, "car_acc": 2.9525, "car_dcc": 3.8581, "car_lcAssertive": 14.2819, "car_lcCooperative": 0.74, "car_lcLookaheadLeft": 30.5523, "car_lcPushy": 0.2617, "car_lcSigma": 0.5992, "car_lcSpeedGainRight": 3.1566, "car_lcSublane": 0.5632, "car_sigma": 0.1967, "car_tau_mean": 1.8418, "car_tau_std": 3.7371, "car_v_mean": 8.9729, "car_v_std": 4.0614}, "datetime": {"datetime": "2024-08-10 15:05:04", "elapsed": 8954.466408, "delta": 4.542646}}
{"target": -0.7677725982793909, "params": {"bus_acc": 3.7149, "bus_dcc": 1.8063, "bus_lcAssertive": 18.3552, "bus_lcCooperative": 0.3492, "bus_lcLookaheadLeft": 72.841, "bus_lcPushy": 0.8683, "bus_lcSigma": 0.6963, "bus_lcSpeedGainRight": 3.4664, "bus_lcSublane": 0.0315, "bus_sigma": 0.1117, "bus_tau_mean": 2.4285, "bus_tau_std": 0.3294, "bus_v_mean": 17.5167, "bus_v_std": 16.0532, "car_acc": 0.4128, "car_dcc": 3.9185, "car_lcAssertive": 93.1301, "car_lcCooperative": 0.6132, "car_lcLookaheadLeft": 10.9516, "car_lcPushy": 0.571, "car_lcSigma": 0.7243, "car_lcSpeedGainRight": 3.4719, "car_lcSublane": 0.9606, "car_sigma": 0.8427, "car_tau_mean": 1.7238, "car_tau_std": 4.2664, "car_v_mean": 23.6326, "car_v_std": 4.2391}, "datetime": {"datetime": "2024-08-10 15:05:08", "elapsed": 8959.057712, "delta": 4.591304}}
{"target": -0.32073853640319927, "params": {"bus_acc": 3.5876, "bus_dcc": 3.9955, "bus_lcAssertive": 70.3093, "bus_lcCooperative": 0.8217, "bus_lcLookaheadLeft": 96.4756, "bus_lcPushy": 0.573, "bus_lcSigma": 0.5843, "bus_lcSpeedGainRight": 3.6913, "bus_lcSublane": 0.4618, "bus_sigma": 0.2197, "bus_tau_mean": 1.8375, "bus_tau_std": 5.5272, "bus_v_mean": 15.1204, "bus_v_std": 5.2186, "car_acc": 3.7687, "car_dcc": 2.5078, "car_lcAssertive": 9.775, "car_lcCooperative": 0.5536, "car_lcLookaheadLeft": 18.979, "car_lcPushy": 0.9041, "car_lcSigma": 0.9626, "car_lcSpeedGainRight": 4.9807, "car_lcSublane": 0.4178, "car_sigma": 0.0819, "car_tau_mean": 3.7421, "car_tau_std": 9.3001, "car_v_mean": 15.8361, "car_v_std": 17.3063}, "datetime": {"datetime": "2024-08-10 15:05:17", "elapsed": 8967.988559, "delta": 8.930847}}
{"target": -0.6200677560958634, "params": {"bus_acc": 1.1805, "bus_dcc": 1.5892, "bus_lcAssertive": 32.2997, "bus_lcCooperative": 0.6789, "bus_lcLookaheadLeft": 15.3692, "bus_lcPushy": 0.9244, "bus_lcSigma": 0.6806, "bus_lcSpeedGainRight": 1.4397, "bus_lcSublane": 0.6433, "bus_sigma": 0.3502, "bus_tau_mean": 3.9089, "bus_tau_std": 4.8647, "bus_v_mean": 8.7763, "bus_v_std": 16.7505, "car_acc": 0.3002, "car_dcc": 3.33, "car_lcAssertive": 92.6464, "car_lcCooperative": 0.9271, "car_lcLookaheadLeft": 60.6087, "car_lcPushy": 0.6426, "car_lcSigma": 0.2873, "car_lcSpeedGainRight": 2.9421, "car_lcSublane": 0.8844, "car_sigma": 0.3461, "car_tau_mean": 3.2722, "car_tau_std": 6.493, "car_v_mean": 25.2321, "car_v_std": 2.7823}, "datetime": {"datetime": "2024-08-10 15:05:22", "elapsed": 8972.960023, "delta": 4.971464}}
{"target": -0.41933196069526346, "params": {"bus_acc": 1.4178, "bus_dcc": 1.3664, "bus_lcAssertive": 78.3741, "bus_lcCooperative": 0.7245, "bus_lcLookaheadLeft": 13.2901, "bus_lcPushy": 0.4826, "bus_lcSigma": 0.0724, "bus_lcSpeedGainRight": 3.7482, "bus_lcSublane": 0.7744, "bus_sigma": 0.219, "bus_tau_mean": 0.523, "bus_tau_std": 7.209, "bus_v_mean": 19.8556, "bus_v_std": 11.5115, "car_acc": 3.9168, "car_dcc": 0.8506, "car_lcAssertive": 40.1732, "car_lcCooperative": 0.0374, "car_lcLookaheadLeft": 17.3304, "car_lcPushy": 0.3887, "car_lcSigma": 0.0983, "car_lcSpeedGainRight": 4.087, "car_lcSublane": 0.9481, "car_sigma": 0.8443, "car_tau_mean": 1.1685, "car_tau_std": 9.2703, "car_v_mean": 8.0136, "car_v_std": 1.5714}, "datetime": {"datetime": "2024-08-10 15:05:28", "elapsed": 8978.31874, "delta": 5.358717}}
{"target": -0.38561653959501957, "params": {"bus_acc": 3.3978, "bus_dcc": 1.543, "bus_lcAssertive": 60.9079, "bus_lcCooperative": 0.7881, "bus_lcLookaheadLeft": 36.3126, "bus_lcPushy": 0.7733, "bus_lcSigma": 0.9423, "bus_lcSpeedGainRight": 4.7827, "bus_lcSublane": 0.7324, "bus_sigma": 0.3194, "bus_tau_mean": 2.6806, "bus_tau_std": 8.0482, "bus_v_mean": 15.7062, "bus_v_std": 5.8838, "car_acc": 1.0644, "car_dcc": 3.4709, "car_lcAssertive": 19.6866, "car_lcCooperative": 0.1375, "car_lcLookaheadLeft": 37.807, "car_lcPushy": 0.2036, "car_lcSigma": 0.2883, "car_lcSpeedGainRight": 2.4143, "car_lcSublane": 0.7533, "car_sigma": 0.4334, "car_tau_mean": 0.8265, "car_tau_std": 1.4573, "car_v_mean": 12.8695, "car_v_std": 9.9786}, "datetime": {"datetime": "2024-08-10 15:05:37", "elapsed": 8987.409157, "delta": 9.090417}}
{"target": -0.2999073837023786, "params": {"bus_acc": 2.8993, "bus_dcc": 1.8631, "bus_lcAssertive": 8.3524, "bus_lcCooperative": 0.6218, "bus_lcLookaheadLeft": 8.2854, "bus_lcPushy": 0.1299, "bus_lcSigma": 0.7797, "bus_lcSpeedGainRight": 0.4028, "bus_lcSublane": 0.8993, "bus_sigma": 0.1051, "bus_tau_mean": 3.6686, "bus_tau_std": 5.6694, "bus_v_mean": 25.9523, "bus_v_std": 1.0272, "car_acc": 3.3541, "car_dcc": 0.6358, "car_lcAssertive": 56.8399, "car_lcCooperative": 0.6271, "car_lcLookaheadLeft": 86.8241, "car_lcPushy": 0.9738, "car_lcSigma": 0.5636, "car_lcSpeedGainRight": 4.2996, "car_lcSublane": 0.8334, "car_sigma": 0.5737, "car_tau_mean": 2.8582, "car_tau_std": 4.2533, "car_v_mean": 15.1263, "car_v_std": 3.8979}, "datetime": {"datetime": "2024-08-10 15:05:52", "elapsed": 9002.714931, "delta": 15.305774}}
{"target": -0.3438457205000726, "params": {"bus_acc": 1.8557, "bus_dcc": 3.6545, "bus_lcAssertive": 28.6909, "bus_lcCooperative": 0.9682, "bus_lcLookaheadLeft": 89.0397, "bus_lcPushy": 0.8928, "bus_lcSigma": 0.1901, "bus_lcSpeedGainRight": 3.4628, "bus_lcSublane": 0.6942, "bus_sigma": 0.384, "bus_tau_mean": 0.9657, "bus_tau_std": 7.3964, "bus_v_mean": 17.579, "bus_v_std": 10.9042, "car_acc": 1.3998, "car_dcc": 1.3522, "car_lcAssertive": 43.783, "car_lcCooperative": 0.4957, "car_lcLookaheadLeft": 22.0259, "car_lcPushy": 0.7415, "car_lcSigma": 0.9469, "car_lcSpeedGainRight": 2.9676, "car_lcSublane": 0.5816, "car_sigma": 0.4001, "car_tau_mean": 3.0188, "car_tau_std": 1.8751, "car_v_mean": 17.3956, "car_v_std": 9.5936}, "datetime": {"datetime": "2024-08-10 15:05:58", "elapsed": 9009.086982, "delta": 6.372051}}
