{"target": -0.2468346754668129, "params": {"bus_acc": 0.6039, "bus_dcc": 0.9025, "bus_lcAssertive": 22.8542, "bus_lcCooperative": 0.8136, "bus_lcLookaheadLeft": 36.3163, "bus_lcPushy": 0.9438, "bus_lcSigma": 0.2473, "bus_lcSpeedGainRight": 1.688, "bus_lcSublane": 0.2775, "bus_sigma": 0.6024, "bus_tau_mean": 0.9173, "bus_tau_std": 7.6301, "bus_v_mean": 14.6143, "bus_v_std": 12.8996, "car_acc": 2.8946, "car_dcc": 0.3462, "car_lcAssertive": 59.0362, "car_lcCooperative": 0.4569, "car_lcLookaheadLeft": 64.4657, "car_lcPushy": 0.8204, "car_lcSigma": 0.0, "car_lcSpeedGainRight": 2.6208, "car_lcSublane": 0.3817, "car_sigma": 0.5723, "car_tau_mean": 2.2391, "car_tau_std": 7.5114, "car_v_mean": 18.3932, "car_v_std": 16.4162}, "datetime": {"datetime": "2024-08-10 12:54:40", "elapsed": 1130.713757, "delta": 5.739447}}
{"target": -0.34473100669735496, "params": {"bus_acc": 3.4934, "bus_dcc": 2.0671, "bus_lcAssertive": 94.6629, "bus_lcCooperative": 0.312, "bus_lcLookaheadLeft": 67.4846, "bus_lcPushy": 0.1745, "bus_lcSigma": 0.4397, "bus_lcSpeedGainRight": 3.385, "bus_lcSublane": 0.5549, "bus_sigma": 0.7325, "bus_tau_mean": 2.4615, "bus_tau_std": 7.0991, "bus_v_mean": 16.9979, "bus_v_std": 8.6303, "car_acc": 2.3962, "car_dcc": 3.4721, "car_lcAssertive": 35.5371, "car_lcCooperative": 0.6478, "car_lcLookaheadLeft": 93.2428, "car_lcPushy": 0.1039, "car_lcSigma": 0.4316, "car_lcSpeedGainRight": 3.5432, "car_lcSublane": 0.2987, "car_sigma": 0.5979, "car_tau_mean": 3.5469, "car_tau_std": 4.28, "car_v_mean": 22.576, "car_v_std": 5.1042}, "datetime": {"datetime": "2024-08-10 12:54:45", "elapsed": 1135.837966, "delta": 5.124209}}
{"target": -0.2832081660478046, "params": {"bus_acc": 1.5832, "bus_dcc": 0.527, "bus_lcAssertive": 86.0936, "bus_lcCooperative": 0.8153, "bus_lcLookaheadLeft": 13.3761, "bus_lcPushy": 0.1168, "bus_lcSigma": 0.5151, "bus_lcSpeedGainRight": 1.191, "bus_lcSublane": 0.8043, "bus_sigma": 0.2412, "bus_tau_mean": 1.893, "bus_tau_std": 2.2395, "bus_v_mean": 16.2105, "bus_v_std": 2.2243, "car_acc": 1.467, "car_dcc": 0.405, "car_lcAssertive": 73.9599, "car_lcCooperative": 0.032, "car_lcLookaheadLeft": 56.2821, "car_lcPushy": 0.1503, "car_lcSigma": 0.5262, "car_lcSpeedGainRight": 2.9334, "car_lcSublane": 0.3113, "car_sigma": 0.6739, "car_tau_mean": 2.3733, "car_tau_std": 6.1975, "car_v_mean": 24.9022, "car_v_std": 15.9848}, "datetime": {"datetime": "2024-08-10 12:54:58", "elapsed": 1148.22617, "delta": 12.388204}}
{"target": -0.36554407478087847, "params": {"bus_acc": 1.4208, "bus_dcc": 3.1663, "bus_lcAssertive": 55.1684, "bus_lcCooperative": 0.8614, "bus_lcLookaheadLeft": 30.738, "bus_lcPushy": 0.1559, "bus_lcSigma": 0.0554, "bus_lcSpeedGainRight": 0.9558, "bus_lcSublane": 0.858, "bus_sigma": 0.2339, "bus_tau_mean": 1.4264, "bus_tau_std": 8.3648, "bus_v_mean": 24.0637, "bus_v_std": 6.5757, "car_acc": 3.5929, "car_dcc": 0.5329, "car_lcAssertive": 63.5563, "car_lcCooperative": 0.0098, "car_lcLookaheadLeft": 4.5392, "car_lcPushy": 0.3605, "car_lcSigma": 0.0601, "car_lcSpeedGainRight": 0.6278, "car_lcSublane": 0.8369, "car_sigma": 0.9067, "car_tau_mean": 3.7155, "car_tau_std": 8.3959, "car_v_mean": 14.7404, "car_v_std": 2.1274}, "datetime": {"datetime": "2024-08-10 12:55:07", "elapsed": 1157.489944, "delta": 9.263774}}
{"target": -0.3613422423143626, "params": {"bus_acc": 3.7566, "bus_dcc": 3.1475, "bus_lcAssertive": 48.4418, "bus_lcCooperative": 0.0705, "bus_lcLookaheadLeft": 63.7765, "bus_lcPushy": 0.8179, "bus_lcSigma": 0.7207, "bus_lcSpeedGainRight": 2.9504, "bus_lcSublane": 0.7672, "bus_sigma": 0.2857, "bus_tau_mean": 2.0137, "bus_tau_std": 6.232, "bus_v_mean": 14.2995, "bus_v_std": 15.0673, "car_acc": 1.5603, "car_dcc": 3.517, "car_lcAssertive": 86.7384, "car_lcCooperative": 0.5751, "car_lcLookaheadLeft": 81.7289, "car_lcPushy": 0.156, "car_lcSigma": 0.823, "car_lcSpeedGainRight": 0.0693, "car_lcSublane": 0.9158, "car_sigma": 0.313, "car_tau_mean": 2.783, "car_tau_std": 7.2423, "car_v_mean": 22.7428, "car_v_std": 14.2329}, "datetime": {"datetime": "2024-08-10 12:55:12", "elapsed": 1162.801748, "delta": 5.311804}}
{"target": -0.31382401441556723, "params": {"bus_acc": 0.3882, "bus_dcc": 1.08, "bus_lcAssertive": 90.5956, "bus_lcCooperative": 0.7965, "bus_lcLookaheadLeft": 29.0994, "bus_lcPushy": 0.5594, "bus_lcSigma": 0.7866, "bus_lcSpeedGainRight": 1.9223, "bus_lcSublane": 0.8439, "bus_sigma": 0.0377, "bus_tau_mean": 0.945, "bus_tau_std": 1.0414, "bus_v_mean": 17.9086, "bus_v_std": 4.3341, "car_acc": 2.4003, "car_dcc": 1.7416, "car_lcAssertive": 68.488, "car_lcCooperative": 0.5944, "car_lcLookaheadLeft": 90.2526, "car_lcPushy": 0.1345, "car_lcSigma": 0.9045, "car_lcSpeedGainRight": 3.3781, "car_lcSublane": 0.5704, "car_sigma": 0.7191, "car_tau_mean": 3.3971, "car_tau_std": 6.2457, "car_v_mean": 11.913, "car_v_std": 18.1391}, "datetime": {"datetime": "2024-08-10 12:55:18", "elapsed": 1168.772227, "delta": 5.970479}}
{"target": -0.330473009714315, "params": {"bus_acc": 3.9161, "bus_dcc": 0.4485, "bus_lcAssertive": 78.4044, "bus_lcCooperative": 0.9198, "bus_lcLookaheadLeft": 48.5192, "bus_lcPushy": 0.3796, "bus_lcSigma": 0.3198, "bus_lcSpeedGainRight": 0.207, "bus_lcSublane": 0.5424, "bus_sigma": 0.351, "bus_tau_mean": 2.8348, "bus_tau_std": 5.5174, "bus_v_mean": 22.3406, "bus_v_std": 6.5763, "car_acc": 1.5158, "car_dcc": 1.555, "car_lcAssertive": 52.3477, "car_lcCooperative": 0.0431, "car_lcLookaheadLeft": 10.3324, "car_lcPushy": 0.2618, "car_lcSigma": 0.7407, "car_lcSpeedGainRight": 0.5349, "car_lcSublane": 0.8414, "car_sigma": 0.7783, "car_tau_mean": 2.571, "car_tau_std": 8.3626, "car_v_mean": 11.0566, "car_v_std": 1.6837}, "datetime": {"datetime": "2024-08-10 12:55:27", "elapsed": 1177.797034, "delta": 9.024807}}
{"target": -0.3700838139245874, "params": {"bus_acc": 0.5963, "bus_dcc": 2.4945, "bus_lcAssertive": 85.6472, "bus_lcCooperative": 0.6437, "bus_lcLookaheadLeft": 45.1779, "bus_lcPushy": 0.9342, "bus_lcSigma": 0.9417, "bus_lcSpeedGainRight": 2.317, "bus_lcSublane": 0.4139, "bus_sigma": 0.0034, "bus_tau_mean": 1.3507, "bus_tau_std": 3.6388, "bus_v_mean": 20.4043, "bus_v_std": 2.2351, "car_acc": 1.5084, "car_dcc": 1.5541, "car_lcAssertive": 29.1322, "car_lcCooperative": 0.4002, "car_lcLookaheadLeft": 89.0644, "car_lcPushy": 0.928, "car_lcSigma": 0.895, "car_lcSpeedGainRight": 0.2067, "car_lcSublane": 0.5992, "car_sigma": 0.6369, "car_tau_mean": 3.3203, "car_tau_std": 5.6701, "car_v_mean": 19.8307, "car_v_std": 11.5977}, "datetime": {"datetime": "2024-08-10 12:55:34", "elapsed": 1184.164328, "delta": 6.367294}}
{"target": -0.34950555354787044, "params": {"bus_acc": 1.3585, "bus_dcc": 2.5971, "bus_lcAssertive": 59.187, "bus_lcCooperative": 0.2914, "bus_lcLookaheadLeft": 31.2935, "bus_lcPushy": 0.4538, "bus_lcSigma": 0.1614, "bus_lcSpeedGainRight": 3.0795, "bus_lcSublane": 0.4882, "bus_sigma": 0.9564, "bus_tau_mean": 3.0463, "bus_tau_std": 5.2709, "bus_v_mean": 11.8045, "bus_v_std": 3.8807, "car_acc": 1.3396, "car_dcc": 1.9479, "car_lcAssertive": 36.7392, "car_lcCooperative": 0.1393, "car_lcLookaheadLeft": 9.7621, "car_lcPushy": 0.8076, "car_lcSigma": 0.5534, "car_lcSpeedGainRight": 3.6473, "car_lcSublane": 0.3706, "car_sigma": 0.1935, "car_tau_mean": 3.7882, "car_tau_std": 3.8861, "car_v_mean": 21.5215, "car_v_std": 10.921}, "datetime": {"datetime": "2024-08-10 12:55:41", "elapsed": 1191.65686, "delta": 7.492532}}
{"target": -0.28912086648929264, "params": {"bus_acc": 3.1432, "bus_dcc": 3.3842, "bus_lcAssertive": 93.0415, "bus_lcCooperative": 0.4432, "bus_lcLookaheadLeft": 65.5524, "bus_lcPushy": 0.4369, "bus_lcSigma": 0.9888, "bus_lcSpeedGainRight": 0.5502, "bus_lcSublane": 0.0212, "bus_sigma": 0.0533, "bus_tau_mean": 1.9913, "bus_tau_std": 2.9025, "bus_v_mean": 13.8968, "bus_v_std": 13.8787, "car_acc": 2.4709, "car_dcc": 3.9356, "car_lcAssertive": 90.8659, "car_lcCooperative": 0.3146, "car_lcLookaheadLeft": 16.8407, "car_lcPushy": 0.0142, "car_lcSigma": 0.7227, "car_lcSpeedGainRight": 3.7377, "car_lcSublane": 0.1529, "car_sigma": 0.7879, "car_tau_mean": 1.3133, "car_tau_std": 6.2486, "car_v_mean": 11.7379, "car_v_std": 6.5222}, "datetime": {"datetime": "2024-08-10 12:55:47", "elapsed": 1197.349732, "delta": 5.692872}}
{"target": -0.3386722500825987, "params": {"bus_acc": 0.5082, "bus_dcc": 1.7147, "bus_lcAssertive": 36.5279, "bus_lcCooperative": 0.1849, "bus_lcLookaheadLeft": 76.6984, "bus_lcPushy": 0.8629, "bus_lcSigma": 0.4486, "bus_lcSpeedGainRight": 4.5048, "bus_lcSublane": 0.6112, "bus_sigma": 0.2144, "bus_tau_mean": 0.6795, "bus_tau_std": 4.7678, "bus_v_mean": 23.3689, "bus_v_std": 3.1771, "car_acc": 2.5374, "car_dcc": 1.6028, "car_lcAssertive": 34.8095, "car_lcCooperative": 0.838, "car_lcLookaheadLeft": 38.8476, "car_lcPushy": 0.9445, "car_lcSigma": 0.2183, "car_lcSpeedGainRight": 2.5906, "car_lcSublane": 0.0019, "car_sigma": 0.7551, "car_tau_mean": 1.2691, "car_tau_std": 3.846, "car_v_mean": 21.675, "car_v_std": 16.8717}, "datetime": {"datetime": "2024-08-10 12:55:56", "elapsed": 1206.551088, "delta": 9.201356}}
{"target": -0.2768484822681515, "params": {"bus_acc": 3.5812, "bus_dcc": 3.3456, "bus_lcAssertive": 23.5823, "bus_lcCooperative": 0.6078, "bus_lcLookaheadLeft": 77.5871, "bus_lcPushy": 0.9146, "bus_lcSigma": 0.0945, "bus_lcSpeedGainRight": 4.7589, "bus_lcSublane": 0.7358, "bus_sigma": 0.2236, "bus_tau_mean": 2.4511, "bus_tau_std": 4.2836, "bus_v_mean": 21.0967, "bus_v_std": 14.745, "car_acc": 2.7537, "car_dcc": 0.5811, "car_lcAssertive": 92.7811, "car_lcCooperative": 0.2575, "car_lcLookaheadLeft": 13.7023, "car_lcPushy": 0.5806, "car_lcSigma": 0.4638, "car_lcSpeedGainRight": 0.0643, "car_lcSublane": 0.6092, "car_sigma": 0.4598, "car_tau_mean": 3.5384, "car_tau_std": 2.245, "car_v_mean": 20.4139, "car_v_std": 7.6443}, "datetime": {"datetime": "2024-08-10 12:56:06", "elapsed": 1216.509905, "delta": 9.958817}}
{"target": -0.3031050452244955, "params": {"bus_acc": 0.5464, "bus_dcc": 1.5328, "bus_lcAssertive": 22.6417, "bus_lcCooperative": 0.7252, "bus_lcLookaheadLeft": 36.6556, "bus_lcPushy": 0.9262, "bus_lcSigma": 0.3742, "bus_lcSpeedGainRight": 1.2915, "bus_lcSublane": 0.2099, "bus_sigma": 0.5442, "bus_tau_mean": 1.3373, "bus_tau_std": 7.9937, "bus_v_mean": 16.0503, "bus_v_std": 13.8158, "car_acc": 3.081, "car_dcc": 0.7582, "car_lcAssertive": 56.8209, "car_lcCooperative": 0.473, "car_lcLookaheadLeft": 64.5301, "car_lcPushy": 0.7436, "car_lcSigma": 0.1101, "car_lcSpeedGainRight": 2.7009, "car_lcSublane": 0.3974, "car_sigma": 0.6309, "car_tau_mean": 1.9327, "car_tau_std": 6.5562, "car_v_mean": 18.3754, "car_v_std": 14.7167}, "datetime": {"datetime": "2024-08-10 12:56:14", "elapsed": 1224.26114, "delta": 7.751235}}
{"target": -0.42420316510740963, "params": {"bus_acc": 1.5561, "bus_dcc": 2.0251, "bus_lcAssertive": 72.3979, "bus_lcCooperative": 0.5548, "bus_lcLookaheadLeft": 76.7492, "bus_lcPushy": 0.0401, "bus_lcSigma": 0.6952, "bus_lcSpeedGainRight": 0.8391, "bus_lcSublane": 0.8322, "bus_sigma": 0.5852, "bus_tau_mean": 1.952, "bus_tau_std": 0.8985, "bus_v_mean": 15.8569, "bus_v_std": 1.6019, "car_acc": 2.085, "car_dcc": 2.4166, "car_lcAssertive": 83.5505, "car_lcCooperative": 0.6621, "car_lcLookaheadLeft": 22.1125, "car_lcPushy": 0.9087, "car_lcSigma": 0.5808, "car_lcSpeedGainRight": 4.0591, "car_lcSublane": 0.6427, "car_sigma": 0.063, "car_tau_mean": 3.2849, "car_tau_std": 9.6113, "car_v_mean": 20.0164, "car_v_std": 3.3463}, "datetime": {"datetime": "2024-08-10 12:56:23", "elapsed": 1233.925819, "delta": 9.664679}}
{"target": -0.46263737436547364, "params": {"bus_acc": 0.5526, "bus_dcc": 2.5584, "bus_lcAssertive": 7.5058, "bus_lcCooperative": 0.5446, "bus_lcLookaheadLeft": 76.7145, "bus_lcPushy": 0.4178, "bus_lcSigma": 0.2252, "bus_lcSpeedGainRight": 4.0511, "bus_lcSublane": 0.1703, "bus_sigma": 0.5659, "bus_tau_mean": 2.4045, "bus_tau_std": 9.7133, "bus_v_mean": 10.9158, "bus_v_std": 3.0339, "car_acc": 1.3562, "car_dcc": 0.8631, "car_lcAssertive": 93.0963, "car_lcCooperative": 0.1269, "car_lcLookaheadLeft": 93.5865, "car_lcPushy": 0.6718, "car_lcSigma": 0.398, "car_lcSpeedGainRight": 4.0339, "car_lcSublane": 0.2517, "car_sigma": 0.406, "car_tau_mean": 1.6091, "car_tau_std": 2.8146, "car_v_mean": 25.1511, "car_v_std": 5.0454}, "datetime": {"datetime": "2024-08-10 12:56:30", "elapsed": 1240.88719, "delta": 6.961371}}
{"target": -0.4167567096542973, "params": {"bus_acc": 0.2, "bus_dcc": 1.489, "bus_lcAssertive": 26.211, "bus_lcCooperative": 0.8037, "bus_lcLookaheadLeft": 33.2365, "bus_lcPushy": 1.0, "bus_lcSigma": 0.4897, "bus_lcSpeedGainRight": 2.408, "bus_lcSublane": 0.1535, "bus_sigma": 0.368, "bus_tau_mean": 0.5, "bus_tau_std": 8.1662, "bus_v_mean": 20.0286, "bus_v_std": 16.7792, "car_acc": 4.0, "car_dcc": 0.244, "car_lcAssertive": 59.1269, "car_lcCooperative": 0.737, "car_lcLookaheadLeft": 65.5686, "car_lcPushy": 0.8319, "car_lcSigma": 0.0, "car_lcSpeedGainRight": 2.709, "car_lcSublane": 0.7336, "car_sigma": 0.7165, "car_tau_mean": 2.4824, "car_tau_std": 5.4346, "car_v_mean": 18.9141, "car_v_std": 15.624}, "datetime": {"datetime": "2024-08-10 12:56:37", "elapsed": 1247.307757, "delta": 6.420567}}
{"target": -0.3235683326665088, "params": {"bus_acc": 3.022, "bus_dcc": 3.5969, "bus_lcAssertive": 21.0611, "bus_lcCooperative": 0.0805, "bus_lcLookaheadLeft": 11.3967, "bus_lcPushy": 0.4374, "bus_lcSigma": 0.8902, "bus_lcSpeedGainRight": 3.5407, "bus_lcSublane": 0.3783, "bus_sigma": 0.4585, "bus_tau_mean": 1.8576, "bus_tau_std": 4.6379, "bus_v_mean": 24.7437, "bus_v_std": 4.486, "car_acc": 1.9052, "car_dcc": 3.7559, "car_lcAssertive": 62.2294, "car_lcCooperative": 0.1171, "car_lcLookaheadLeft": 75.368, "car_lcPushy": 0.3505, "car_lcSigma": 0.1511, "car_lcSpeedGainRight": 1.9087, "car_lcSublane": 0.3144, "car_sigma": 0.6557, "car_tau_mean": 1.5878, "car_tau_std": 9.447, "car_v_mean": 9.4225, "car_v_std": 0.7215}, "datetime": {"datetime": "2024-08-10 12:56:43", "elapsed": 1253.982551, "delta": 6.674794}}
{"target": -0.24368534661942712, "params": {"bus_acc": 2.2536, "bus_dcc": 3.7107, "bus_lcAssertive": 14.2602, "bus_lcCooperative": 0.8807, "bus_lcLookaheadLeft": 78.6814, "bus_lcPushy": 1.0, "bus_lcSigma": 1.0, "bus_lcSpeedGainRight": 1.2967, "bus_lcSublane": 1.0, "bus_sigma": 0.4563, "bus_tau_mean": 3.5519, "bus_tau_std": 8.6594, "bus_v_mean": 18.4475, "bus_v_std": 10.2356, "car_acc": 4.0, "car_dcc": 0.5821, "car_lcAssertive": 2.1377, "car_lcCooperative": 0.6336, "car_lcLookaheadLeft": 51.9385, "car_lcPushy": 0.731, "car_lcSigma": 0.753, "car_lcSpeedGainRight": 1.6542, "car_lcSublane": 0.5841, "car_sigma": 1.0, "car_tau_mean": 1.7963, "car_tau_std": 5.1153, "car_v_mean": 22.9849, "car_v_std": 12.6289}, "datetime": {"datetime": "2024-08-10 12:56:52", "elapsed": 1262.36531, "delta": 8.382759}}
{"target": -0.3592339089830805, "params": {"bus_acc": 0.5682, "bus_dcc": 1.7039, "bus_lcAssertive": 68.4502, "bus_lcCooperative": 0.2072, "bus_lcLookaheadLeft": 41.3714, "bus_lcPushy": 0.6679, "bus_lcSigma": 0.846, "bus_lcSpeedGainRight": 0.3835, "bus_lcSublane": 0.5622, "bus_sigma": 0.6388, "bus_tau_mean": 1.0092, "bus_tau_std": 5.5709, "bus_v_mean": 8.0305, "bus_v_std": 10.3056, "car_acc": 2.5866, "car_dcc": 2.3753, "car_lcAssertive": 19.4577, "car_lcCooperative": 0.1705, "car_lcLookaheadLeft": 61.0284, "car_lcPushy": 0.9778, "car_lcSigma": 0.1184, "car_lcSpeedGainRight": 4.6292, "car_lcSublane": 0.9957, "car_sigma": 0.9767, "car_tau_mean": 1.2883, "car_tau_std": 9.0225, "car_v_mean": 18.4404, "car_v_std": 13.2372}, "datetime": {"datetime": "2024-08-10 12:56:56", "elapsed": 1266.544819, "delta": 4.179509}}
{"target": -0.43574893612036414, "params": {"bus_acc": 0.2, "bus_dcc": 1.0012, "bus_lcAssertive": 6.7425, "bus_lcCooperative": 1.0, "bus_lcLookaheadLeft": 36.9822, "bus_lcPushy": 0.3856, "bus_lcSigma": 0.0, "bus_lcSpeedGainRight": 0.4162, "bus_lcSublane": 1.0, "bus_sigma": 0.8529, "bus_tau_mean": 0.5, "bus_tau_std": 6.0239, "bus_v_mean": 24.512, "bus_v_std": 13.4687, "car_acc": 3.8916, "car_dcc": 0.2, "car_lcAssertive": 78.509, "car_lcCooperative": 0.6578, "car_lcLookaheadLeft": 64.6159, "car_lcPushy": 1.0, "car_lcSigma": 0.0, "car_lcSpeedGainRight": 1.7529, "car_lcSublane": 0.4117, "car_sigma": 0.9688, "car_tau_mean": 2.2173, "car_tau_std": 7.1283, "car_v_mean": 9.8536, "car_v_std": 20.0}, "datetime": {"datetime": "2024-08-10 12:57:10", "elapsed": 1280.569625, "delta": 14.024806}}
{"target": -0.44080343720196064, "params": {"bus_acc": 2.7702, "bus_dcc": 1.7875, "bus_lcAssertive": 51.3815, "bus_lcCooperative": 0.5029, "bus_lcLookaheadLeft": 38.8267, "bus_lcPushy": 0.2738, "bus_lcSigma": 0.6384, "bus_lcSpeedGainRight": 4.2474, "bus_lcSublane": 0.3845, "bus_sigma": 0.3137, "bus_tau_mean": 2.0476, "bus_tau_std": 0.2886, "bus_v_mean": 21.5208, "bus_v_std": 0.2865, "car_acc": 2.9696, "car_dcc": 3.1062, "car_lcAssertive": 16.1493, "car_lcCooperative": 0.5399, "car_lcLookaheadLeft": 86.8982, "car_lcPushy": 0.6902, "car_lcSigma": 0.0935, "car_lcSpeedGainRight": 1.5635, "car_lcSublane": 0.3055, "car_sigma": 0.2369, "car_tau_mean": 2.3133, "car_tau_std": 8.041, "car_v_mean": 24.7478, "car_v_std": 5.3365}, "datetime": {"datetime": "2024-08-10 12:57:16", "elapsed": 1286.20458, "delta": 5.634955}}
{"target": -0.23377776054486424, "params": {"bus_acc": 2.153, "bus_dcc": 3.6105, "bus_lcAssertive": 13.9535, "bus_lcCooperative": 0.6039, "bus_lcLookaheadLeft": 78.2131, "bus_lcPushy": 0.9994, "bus_lcSigma": 0.7783, "bus_lcSpeedGainRight": 1.02, "bus_lcSublane": 0.8647, "bus_sigma": 0.1496, "bus_tau_mean": 3.2597, "bus_tau_std": 8.3531, "bus_v_mean": 18.1557, "bus_v_std": 9.9294, "car_acc": 3.8488, "car_dcc": 0.3053, "car_lcAssertive": 2.0371, "car_lcCooperative": 0.3569, "car_lcLookaheadLeft": 51.6313, "car_lcPushy": 0.6154, "car_lcSigma": 0.4612, "car_lcSpeedGainRight": 1.5535, "car_lcSublane": 0.3073, "car_sigma": 0.9052, "car_tau_mean": 1.6957, "car_tau_std": 5.0146, "car_v_mean": 22.6782, "car_v_std": 12.3221}, "datetime": {"datetime": "2024-08-10 12:57:26", "elapsed": 1296.921111, "delta": 10.716531}}
{"target": -0.419598787374982, "params": {"bus_acc": 1.8874, "bus_dcc": 2.1606, "bus_lcAssertive": 58.1817, "bus_lcCooperative": 0.3701, "bus_lcLookaheadLeft": 51.9732, "bus_lcPushy": 0.9917, "bus_lcSigma": 0.1231, "bus_lcSpeedGainRight": 3.2102, "bus_lcSublane": 0.6631, "bus_sigma": 0.8608, "bus_tau_mean": 1.5936, "bus_tau_std": 3.5521, "bus_v_mean": 13.0462, "bus_v_std": 5.5396, "car_acc": 0.7963, "car_dcc": 1.3247, "car_lcAssertive": 70.0251, "car_lcCooperative": 0.8629, "car_lcLookaheadLeft": 82.0737, "car_lcPushy": 0.1058, "car_lcSigma": 0.2366, "car_lcSpeedGainRight": 0.6856, "car_lcSublane": 0.4995, "car_sigma": 0.9633, "car_tau_mean": 2.0425, "car_tau_std": 6.2732, "car_v_mean": 20.0935, "car_v_std": 15.3577}, "datetime": {"datetime": "2024-08-10 12:57:31", "elapsed": 1301.144519, "delta": 4.223408}}
{"target": -0.43277675361579204, "params": {"bus_acc": 0.2, "bus_dcc": 1.5436, "bus_lcAssertive": 26.5613, "bus_lcCooperative": 0.78, "bus_lcLookaheadLeft": 32.8944, "bus_lcPushy": 1.0, "bus_lcSigma": 0.4578, "bus_lcSpeedGainRight": 2.2223, "bus_lcSublane": 0.1465, "bus_sigma": 0.3477, "bus_tau_mean": 0.6485, "bus_tau_std": 8.1728, "bus_v_mean": 19.916, "bus_v_std": 16.561, "car_acc": 4.0, "car_dcc": 0.39, "car_lcAssertive": 58.7626, "car_lcCooperative": 0.7152, "car_lcLookaheadLeft": 65.4172, "car_lcPushy": 0.794, "car_lcSigma": 0.0, "car_lcSpeedGainRight": 2.6678, "car_lcSublane": 0.6993, "car_sigma": 0.7055, "car_tau_mean": 2.3775, "car_tau_std": 5.4946, "car_v_mean": 18.691, "car_v_std": 15.1479}, "datetime": {"datetime": "2024-08-10 12:57:36", "elapsed": 1306.257359, "delta": 5.11284}}
{"target": -0.34665852313238843, "params": {"bus_acc": 0.8141, "bus_dcc": 0.4596, "bus_lcAssertive": 7.6998, "bus_lcCooperative": 0.6234, "bus_lcLookaheadLeft": 41.1347, "bus_lcPushy": 0.3919, "bus_lcSigma": 0.5904, "bus_lcSpeedGainRight": 2.866, "bus_lcSublane": 0.587, "bus_sigma": 0.6831, "bus_tau_mean": 2.3817, "bus_tau_std": 8.9716, "bus_v_mean": 14.3642, "bus_v_std": 3.7248, "car_acc": 1.9384, "car_dcc": 3.7614, "car_lcAssertive": 81.811, "car_lcCooperative": 0.2584, "car_lcLookaheadLeft": 51.2684, "car_lcPushy": 0.7269, "car_lcSigma": 0.2215, "car_lcSpeedGainRight": 3.9174, "car_lcSublane": 0.2277, "car_sigma": 0.1515, "car_tau_mean": 3.6005, "car_tau_std": 4.2739, "car_v_mean": 19.8062, "car_v_std": 11.0906}, "datetime": {"datetime": "2024-08-10 12:57:43", "elapsed": 1313.307507, "delta": 7.050148}}
{"target": -0.3681511562222424, "params": {"bus_acc": 3.886, "bus_dcc": 0.2849, "bus_lcAssertive": 90.2453, "bus_lcCooperative": 0.1341, "bus_lcLookaheadLeft": 21.202, "bus_lcPushy": 0.3956, "bus_lcSigma": 0.6725, "bus_lcSpeedGainRight": 0.0718, "bus_lcSublane": 0.4507, "bus_sigma": 0.4276, "bus_tau_mean": 0.7241, "bus_tau_std": 6.3566, "bus_v_mean": 16.8279, "bus_v_std": 12.0471, "car_acc": 1.4794, "car_dcc": 3.2615, "car_lcAssertive": 85.6412, "car_lcCooperative": 0.4966, "car_lcLookaheadLeft": 58.4073, "car_lcPushy": 0.7753, "car_lcSigma": 0.6878, "car_lcSpeedGainRight": 1.2138, "car_lcSublane": 0.8256, "car_sigma": 0.7865, "car_tau_mean": 1.4603, "car_tau_std": 3.3557, "car_v_mean": 8.9259, "car_v_std": 8.6544}, "datetime": {"datetime": "2024-08-10 12:57:52", "elapsed": 1322.721163, "delta": 9.413656}}
