{"target": -0.2816457882723253, "params": {"bus_acc": 2.4324, "bus_dcc": 3.2326, "bus_lcAssertive": 66.971, "bus_lcCooperative": 0.3433, "bus_lcLookaheadLeft": 94.8954, "bus_lcPushy": 0.1442, "bus_lcSigma": 0.6079, "bus_lcSpeedGainRight": 2.6327, "bus_lcSublane": 0.1511, "bus_sigma": 0.7586, "bus_tau_mean": 0.7525, "bus_tau_std": 2.6927, "bus_v_mean": 20.4975, "bus_v_std": 17.5462, "car_acc": 3.4316, "car_dcc": 0.7904, "car_lcAssertive": 3.1196, "car_lcCooperative": 0.9771, "car_lcLookaheadLeft": 88.9016, "car_lcPushy": 0.6633, "car_lcSigma": 0.9318, "car_lcSpeedGainRight": 4.1277, "car_lcSublane": 0.5503, "car_sigma": 0.0024, "car_tau_mean": 3.0888, "car_tau_std": 4.029, "car_v_mean": 14.7555, "car_v_std": 9.7719}, "datetime": {"datetime": "2024-08-10 16:16:19", "elapsed": 13229.527195, "delta": 11.501452}}
{"target": -0.30853335862421394, "params": {"bus_acc": 0.8073, "bus_dcc": 3.7747, "bus_lcAssertive": 84.9994, "bus_lcCooperative": 0.6439, "bus_lcLookaheadLeft": 52.422, "bus_lcPushy": 0.0768, "bus_lcSigma": 0.1288, "bus_lcSpeedGainRight": 4.023, "bus_lcSublane": 0.9652, "bus_sigma": 0.3418, "bus_tau_mean": 0.9067, "bus_tau_std": 9.8049, "bus_v_mean": 12.4291, "bus_v_std": 19.6268, "car_acc": 2.4999, "car_dcc": 1.4025, "car_lcAssertive": 67.2627, "car_lcCooperative": 0.9417, "car_lcLookaheadLeft": 51.5802, "car_lcPushy": 0.1198, "car_lcSigma": 0.9639, "car_lcSpeedGainRight": 1.3577, "car_lcSublane": 0.2948, "car_sigma": 0.0269, "car_tau_mean": 1.404, "car_tau_std": 2.1836, "car_v_mean": 18.5827, "car_v_std": 14.684}, "datetime": {"datetime": "2024-08-10 16:16:33", "elapsed": 13243.205936, "delta": 13.678741}}
{"target": -0.37022239628837, "params": {"bus_acc": 3.3686, "bus_dcc": 1.7152, "bus_lcAssertive": 4.8276, "bus_lcCooperative": 0.2198, "bus_lcLookaheadLeft": 52.3156, "bus_lcPushy": 0.8504, "bus_lcSigma": 0.4217, "bus_lcSpeedGainRight": 4.5485, "bus_lcSublane": 0.1627, "bus_sigma": 0.3571, "bus_tau_mean": 0.8365, "bus_tau_std": 6.076, "bus_v_mean": 9.3171, "bus_v_std": 18.9905, "car_acc": 2.0653, "car_dcc": 3.7337, "car_lcAssertive": 40.098, "car_lcCooperative": 0.3369, "car_lcLookaheadLeft": 65.8579, "car_lcPushy": 0.1272, "car_lcSigma": 0.6515, "car_lcSpeedGainRight": 4.1501, "car_lcSublane": 0.5959, "car_sigma": 0.0376, "car_tau_mean": 2.2501, "car_tau_std": 7.8162, "car_v_mean": 17.5187, "car_v_std": 2.7251}, "datetime": {"datetime": "2024-08-10 16:16:43", "elapsed": 13253.828654, "delta": 10.622718}}
{"target": -0.7793079376715513, "params": {"bus_acc": 1.2919, "bus_dcc": 0.559, "bus_lcAssertive": 32.8581, "bus_lcCooperative": 0.2508, "bus_lcLookaheadLeft": 56.9854, "bus_lcPushy": 0.4291, "bus_lcSigma": 0.3386, "bus_lcSpeedGainRight": 2.5009, "bus_lcSublane": 0.9958, "bus_sigma": 0.6008, "bus_tau_mean": 1.4074, "bus_tau_std": 8.8917, "bus_v_mean": 19.7095, "bus_v_std": 15.4968, "car_acc": 0.3205, "car_dcc": 1.3725, "car_lcAssertive": 46.6943, "car_lcCooperative": 0.6959, "car_lcLookaheadLeft": 66.1327, "car_lcPushy": 0.2714, "car_lcSigma": 0.2065, "car_lcSpeedGainRight": 4.7066, "car_lcSublane": 0.3754, "car_sigma": 0.9398, "car_tau_mean": 2.4297, "car_tau_std": 4.477, "car_v_mean": 25.5895, "car_v_std": 8.4467}, "datetime": {"datetime": "2024-08-10 16:16:49", "elapsed": 13259.522836, "delta": 5.694182}}
{"target": -0.24826887244669307, "params": {"bus_acc": 0.6435, "bus_dcc": 0.6385, "bus_lcAssertive": 99.1649, "bus_lcCooperative": 0.6954, "bus_lcLookaheadLeft": 45.3011, "bus_lcPushy": 0.2228, "bus_lcSigma": 0.539, "bus_lcSpeedGainRight": 2.7816, "bus_lcSublane": 0.3772, "bus_sigma": 0.8821, "bus_tau_mean": 2.4607, "bus_tau_std": 9.4401, "bus_v_mean": 20.3362, "bus_v_std": 0.5539, "car_acc": 1.785, "car_dcc": 0.2814, "car_lcAssertive": 94.6156, "car_lcCooperative": 0.1911, "car_lcLookaheadLeft": 34.4184, "car_lcPushy": 0.9209, "car_lcSigma": 0.3437, "car_lcSpeedGainRight": 2.0107, "car_lcSublane": 0.3125, "car_sigma": 0.6017, "car_tau_mean": 2.7953, "car_tau_std": 9.2543, "car_v_mean": 16.4342, "car_v_std": 14.0177}, "datetime": {"datetime": "2024-08-10 16:16:56", "elapsed": 13266.21302, "delta": 6.690184}}
{"target": -0.3051191082190344, "params": {"bus_acc": 1.7082, "bus_dcc": 1.9153, "bus_lcAssertive": 64.9864, "bus_lcCooperative": 0.2906, "bus_lcLookaheadLeft": 38.1352, "bus_lcPushy": 0.3317, "bus_lcSigma": 0.7313, "bus_lcSpeedGainRight": 0.0633, "bus_lcSublane": 0.2772, "bus_sigma": 0.0608, "bus_tau_mean": 0.5599, "bus_tau_std": 8.527, "bus_v_mean": 24.5436, "bus_v_std": 13.318, "car_acc": 2.6102, "car_dcc": 0.3168, "car_lcAssertive": 30.1708, "car_lcCooperative": 0.4417, "car_lcLookaheadLeft": 12.924, "car_lcPushy": 0.0523, "car_lcSigma": 0.9434, "car_lcSpeedGainRight": 0.6133, "car_lcSublane": 0.2825, "car_sigma": 0.4191, "car_tau_mean": 3.8362, "car_tau_std": 7.2458, "car_v_mean": 15.3812, "car_v_std": 8.9901}, "datetime": {"datetime": "2024-08-10 16:17:04", "elapsed": 13274.308121, "delta": 8.095101}}
{"target": -1.116446094462135, "params": {"bus_acc": 1.2066, "bus_dcc": 1.3717, "bus_lcAssertive": 14.6492, "bus_lcCooperative": 0.7699, "bus_lcLookaheadLeft": 75.825, "bus_lcPushy": 0.7901, "bus_lcSigma": 0.3916, "bus_lcSpeedGainRight": 0.3873, "bus_lcSublane": 0.7499, "bus_sigma": 0.1726, "bus_tau_mean": 1.8074, "bus_tau_std": 8.3556, "bus_v_mean": 20.8389, "bus_v_std": 6.5418, "car_acc": 0.2384, "car_dcc": 2.3368, "car_lcAssertive": 2.8434, "car_lcCooperative": 0.6066, "car_lcLookaheadLeft": 74.5435, "car_lcPushy": 0.0155, "car_lcSigma": 0.8755, "car_lcSpeedGainRight": 1.1632, "car_lcSublane": 0.0276, "car_sigma": 0.1832, "car_tau_mean": 2.926, "car_tau_std": 5.5203, "car_v_mean": 8.2389, "car_v_std": 8.2594}, "datetime": {"datetime": "2024-08-10 16:17:14", "elapsed": 13284.306129, "delta": 9.998008}}
{"target": -0.3475345962116252, "params": {"bus_acc": 2.273, "bus_dcc": 2.6775, "bus_lcAssertive": 16.8547, "bus_lcCooperative": 0.9824, "bus_lcLookaheadLeft": 5.893, "bus_lcPushy": 0.1531, "bus_lcSigma": 0.8555, "bus_lcSpeedGainRight": 1.8775, "bus_lcSublane": 0.7382, "bus_sigma": 0.8879, "bus_tau_mean": 0.8424, "bus_tau_std": 7.4536, "bus_v_mean": 24.717, "bus_v_std": 7.0527, "car_acc": 2.4555, "car_dcc": 3.0915, "car_lcAssertive": 32.226, "car_lcCooperative": 0.2304, "car_lcLookaheadLeft": 23.0766, "car_lcPushy": 0.948, "car_lcSigma": 0.0908, "car_lcSpeedGainRight": 2.5093, "car_lcSublane": 0.4117, "car_sigma": 0.8337, "car_tau_mean": 3.7, "car_tau_std": 9.1855, "car_v_mean": 14.696, "car_v_std": 15.2753}, "datetime": {"datetime": "2024-08-10 16:17:20", "elapsed": 13290.262565, "delta": 5.956436}}
{"target": -0.53277897570048, "params": {"bus_acc": 0.2261, "bus_dcc": 2.2702, "bus_lcAssertive": 34.7154, "bus_lcCooperative": 0.7155, "bus_lcLookaheadLeft": 55.7783, "bus_lcPushy": 0.7046, "bus_lcSigma": 0.7475, "bus_lcSpeedGainRight": 4.3955, "bus_lcSublane": 0.155, "bus_sigma": 0.3351, "bus_tau_mean": 2.1927, "bus_tau_std": 6.8886, "bus_v_mean": 18.2257, "bus_v_std": 5.8108, "car_acc": 1.0798, "car_dcc": 2.3101, "car_lcAssertive": 39.4301, "car_lcCooperative": 0.7585, "car_lcLookaheadLeft": 55.3497, "car_lcPushy": 0.3829, "car_lcSigma": 0.2898, "car_lcSpeedGainRight": 0.9533, "car_lcSublane": 0.9905, "car_sigma": 0.6421, "car_tau_mean": 2.9946, "car_tau_std": 7.4881, "car_v_mean": 17.8551, "car_v_std": 14.845}, "datetime": {"datetime": "2024-08-10 16:17:26", "elapsed": 13296.70173, "delta": 6.439165}}
{"target": -0.3301027305979228, "params": {"bus_acc": 2.1241, "bus_dcc": 1.9564, "bus_lcAssertive": 69.042, "bus_lcCooperative": 0.8904, "bus_lcLookaheadLeft": 48.6638, "bus_lcPushy": 0.5301, "bus_lcSigma": 0.7889, "bus_lcSpeedGainRight": 0.3312, "bus_lcSublane": 0.3686, "bus_sigma": 0.6619, "bus_tau_mean": 1.9262, "bus_tau_std": 9.6546, "bus_v_mean": 14.2932, "bus_v_std": 0.1783, "car_acc": 3.9604, "car_dcc": 1.932, "car_lcAssertive": 88.3317, "car_lcCooperative": 0.5634, "car_lcLookaheadLeft": 30.52, "car_lcPushy": 0.4161, "car_lcSigma": 0.2806, "car_lcSpeedGainRight": 2.788, "car_lcSublane": 0.1568, "car_sigma": 0.4948, "car_tau_mean": 3.6945, "car_tau_std": 4.8148, "car_v_mean": 25.5079, "car_v_std": 17.4638}, "datetime": {"datetime": "2024-08-10 16:17:33", "elapsed": 13303.249066, "delta": 6.547336}}
{"target": -0.41860008486611183, "params": {"bus_acc": 1.2547, "bus_dcc": 2.3234, "bus_lcAssertive": 54.2678, "bus_lcCooperative": 0.0294, "bus_lcLookaheadLeft": 66.5847, "bus_lcPushy": 0.6221, "bus_lcSigma": 0.8795, "bus_lcSpeedGainRight": 4.3869, "bus_lcSublane": 0.4665, "bus_sigma": 0.2061, "bus_tau_mean": 1.0074, "bus_tau_std": 0.4931, "bus_v_mean": 19.8404, "bus_v_std": 17.2332, "car_acc": 0.8691, "car_dcc": 2.7074, "car_lcAssertive": 9.6681, "car_lcCooperative": 0.3802, "car_lcLookaheadLeft": 9.2765, "car_lcPushy": 0.0589, "car_lcSigma": 0.4672, "car_lcSpeedGainRight": 4.2451, "car_lcSublane": 0.3745, "car_sigma": 0.7889, "car_tau_mean": 2.4162, "car_tau_std": 3.8936, "car_v_mean": 22.3313, "car_v_std": 7.0876}, "datetime": {"datetime": "2024-08-10 16:17:39", "elapsed": 13310.070263, "delta": 6.821197}}
{"target": -0.36252534042129936, "params": {"bus_acc": 3.7119, "bus_dcc": 1.1336, "bus_lcAssertive": 99.9615, "bus_lcCooperative": 0.5839, "bus_lcLookaheadLeft": 99.756, "bus_lcPushy": 0.2918, "bus_lcSigma": 0.3813, "bus_lcSpeedGainRight": 4.7727, "bus_lcSublane": 0.0833, "bus_sigma": 0.8971, "bus_tau_mean": 1.5857, "bus_tau_std": 3.9593, "bus_v_mean": 11.9968, "bus_v_std": 11.587, "car_acc": 3.4026, "car_dcc": 1.0664, "car_lcAssertive": 92.6378, "car_lcCooperative": 0.61, "car_lcLookaheadLeft": 92.4228, "car_lcPushy": 0.0884, "car_lcSigma": 0.4041, "car_lcSpeedGainRight": 4.0772, "car_lcSublane": 0.0435, "car_sigma": 0.1884, "car_tau_mean": 3.4851, "car_tau_std": 4.8032, "car_v_mean": 10.8732, "car_v_std": 3.7418}, "datetime": {"datetime": "2024-08-10 16:17:54", "elapsed": 13325.08632, "delta": 15.016057}}
{"target": -0.6035080191172144, "params": {"bus_acc": 3.5381, "bus_dcc": 0.7372, "bus_lcAssertive": 72.3807, "bus_lcCooperative": 0.2697, "bus_lcLookaheadLeft": 78.5146, "bus_lcPushy": 0.643, "bus_lcSigma": 0.7768, "bus_lcSpeedGainRight": 2.0657, "bus_lcSublane": 0.4778, "bus_sigma": 0.7751, "bus_tau_mean": 2.1651, "bus_tau_std": 7.5006, "bus_v_mean": 15.8818, "bus_v_std": 4.8815, "car_acc": 0.511, "car_dcc": 2.588, "car_lcAssertive": 11.7518, "car_lcCooperative": 0.5628, "car_lcLookaheadLeft": 86.2654, "car_lcPushy": 0.6977, "car_lcSigma": 0.4213, "car_lcSpeedGainRight": 1.9781, "car_lcSublane": 0.8861, "car_sigma": 0.5353, "car_tau_mean": 1.1563, "car_tau_std": 7.5229, "car_v_mean": 20.793, "car_v_std": 9.7888}, "datetime": {"datetime": "2024-08-10 16:18:06", "elapsed": 13336.30981, "delta": 11.22349}}
{"target": -0.2982915949400679, "params": {"bus_acc": 2.2112, "bus_dcc": 0.8226, "bus_lcAssertive": 50.8851, "bus_lcCooperative": 0.7735, "bus_lcLookaheadLeft": 91.8598, "bus_lcPushy": 0.8462, "bus_lcSigma": 0.8245, "bus_lcSpeedGainRight": 0.6892, "bus_lcSublane": 0.3066, "bus_sigma": 0.4974, "bus_tau_mean": 3.3564, "bus_tau_std": 1.7497, "bus_v_mean": 17.5445, "bus_v_std": 14.6361, "car_acc": 3.9423, "car_dcc": 2.2255, "car_lcAssertive": 17.6848, "car_lcCooperative": 0.7261, "car_lcLookaheadLeft": 6.4333, "car_lcPushy": 0.6358, "car_lcSigma": 0.7392, "car_lcSpeedGainRight": 0.9162, "car_lcSublane": 0.4624, "car_sigma": 0.024, "car_tau_mean": 2.7923, "car_tau_std": 3.4062, "car_v_mean": 14.4652, "car_v_std": 6.2138}, "datetime": {"datetime": "2024-08-10 16:18:12", "elapsed": 13342.458813, "delta": 6.149003}}
{"target": -0.37041415656539317, "params": {"bus_acc": 1.366, "bus_dcc": 0.3415, "bus_lcAssertive": 30.2709, "bus_lcCooperative": 0.8265, "bus_lcLookaheadLeft": 21.6754, "bus_lcPushy": 0.914, "bus_lcSigma": 0.6973, "bus_lcSpeedGainRight": 2.7562, "bus_lcSublane": 0.1141, "bus_sigma": 0.291, "bus_tau_mean": 2.6589, "bus_tau_std": 5.3136, "bus_v_mean": 17.7709, "bus_v_std": 5.5507, "car_acc": 1.575, "car_dcc": 3.4318, "car_lcAssertive": 79.8487, "car_lcCooperative": 0.9599, "car_lcLookaheadLeft": 89.0575, "car_lcPushy": 0.378, "car_lcSigma": 0.7508, "car_lcSpeedGainRight": 0.1029, "car_lcSublane": 0.425, "car_sigma": 0.4689, "car_tau_mean": 3.1733, "car_tau_std": 3.2372, "car_v_mean": 13.8516, "car_v_std": 7.5631}, "datetime": {"datetime": "2024-08-10 16:18:22", "elapsed": 13352.728367, "delta": 10.269554}}
{"target": -0.320083353700589, "params": {"bus_acc": 1.3591, "bus_dcc": 3.0306, "bus_lcAssertive": 51.7536, "bus_lcCooperative": 0.9404, "bus_lcLookaheadLeft": 76.9138, "bus_lcPushy": 0.8237, "bus_lcSigma": 0.7506, "bus_lcSpeedGainRight": 0.9232, "bus_lcSublane": 0.2243, "bus_sigma": 0.3329, "bus_tau_mean": 3.6515, "bus_tau_std": 7.1333, "bus_v_mean": 17.5197, "bus_v_std": 11.5656, "car_acc": 3.3847, "car_dcc": 0.9158, "car_lcAssertive": 50.817, "car_lcCooperative": 0.469, "car_lcLookaheadLeft": 95.5739, "car_lcPushy": 0.5343, "car_lcSigma": 0.0089, "car_lcSpeedGainRight": 4.7758, "car_lcSublane": 0.7795, "car_sigma": 0.045, "car_tau_mean": 3.8476, "car_tau_std": 5.2939, "car_v_mean": 13.2091, "car_v_std": 17.3326}, "datetime": {"datetime": "2024-08-10 16:18:34", "elapsed": 13364.986204, "delta": 12.257837}}
{"target": -0.32142888171114836, "params": {"bus_acc": 3.7071, "bus_dcc": 2.4501, "bus_lcAssertive": 6.4738, "bus_lcCooperative": 0.2382, "bus_lcLookaheadLeft": 56.9411, "bus_lcPushy": 0.3609, "bus_lcSigma": 0.672, "bus_lcSpeedGainRight": 1.9554, "bus_lcSublane": 0.5139, "bus_sigma": 0.544, "bus_tau_mean": 2.0536, "bus_tau_std": 5.8249, "bus_v_mean": 8.223, "bus_v_std": 13.0158, "car_acc": 1.9992, "car_dcc": 1.5576, "car_lcAssertive": 61.3857, "car_lcCooperative": 0.6596, "car_lcLookaheadLeft": 79.3437, "car_lcPushy": 0.9688, "car_lcSigma": 0.4043, "car_lcSpeedGainRight": 3.7493, "car_lcSublane": 0.3621, "car_sigma": 0.4829, "car_tau_mean": 3.874, "car_tau_std": 0.7283, "car_v_mean": 11.6768, "car_v_std": 4.8937}, "datetime": {"datetime": "2024-08-10 16:18:45", "elapsed": 13375.993927, "delta": 11.007723}}
{"target": -0.367844134424623, "params": {"bus_acc": 1.5719, "bus_dcc": 0.7802, "bus_lcAssertive": 9.9373, "bus_lcCooperative": 0.9194, "bus_lcLookaheadLeft": 18.8554, "bus_lcPushy": 0.1803, "bus_lcSigma": 0.3069, "bus_lcSpeedGainRight": 2.9853, "bus_lcSublane": 0.6867, "bus_sigma": 0.928, "bus_tau_mean": 2.7114, "bus_tau_std": 2.1424, "bus_v_mean": 17.8796, "bus_v_std": 2.4461, "car_acc": 2.0789, "car_dcc": 2.96, "car_lcAssertive": 45.0539, "car_lcCooperative": 0.2221, "car_lcLookaheadLeft": 53.599, "car_lcPushy": 0.4038, "car_lcSigma": 0.1249, "car_lcSpeedGainRight": 0.7111, "car_lcSublane": 0.7467, "car_sigma": 0.3812, "car_tau_mean": 1.3193, "car_tau_std": 8.2862, "car_v_mean": 15.9629, "car_v_std": 17.7622}, "datetime": {"datetime": "2024-08-10 16:18:52", "elapsed": 13382.787509, "delta": 6.793582}}
{"target": -0.30931594790361944, "params": {"bus_acc": 0.5745, "bus_dcc": 0.3965, "bus_lcAssertive": 43.5973, "bus_lcCooperative": 0.7766, "bus_lcLookaheadLeft": 79.1757, "bus_lcPushy": 0.586, "bus_lcSigma": 0.0478, "bus_lcSpeedGainRight": 3.0447, "bus_lcSublane": 0.3598, "bus_sigma": 0.6068, "bus_tau_mean": 2.9816, "bus_tau_std": 7.8629, "bus_v_mean": 12.7315, "bus_v_std": 13.2608, "car_acc": 3.6963, "car_dcc": 1.7313, "car_lcAssertive": 36.7459, "car_lcCooperative": 0.8716, "car_lcLookaheadLeft": 8.2286, "car_lcPushy": 0.7354, "car_lcSigma": 0.2761, "car_lcSpeedGainRight": 0.2632, "car_lcSublane": 0.5598, "car_sigma": 0.2283, "car_tau_mean": 1.6802, "car_tau_std": 1.8666, "car_v_mean": 23.2654, "car_v_std": 0.4993}, "datetime": {"datetime": "2024-08-10 16:19:00", "elapsed": 13390.356771, "delta": 7.569262}}
{"target": -0.30804010250342717, "params": {"bus_acc": 0.4723, "bus_dcc": 1.4367, "bus_lcAssertive": 30.2559, "bus_lcCooperative": 0.6317, "bus_lcLookaheadLeft": 37.8457, "bus_lcPushy": 0.6597, "bus_lcSigma": 0.9531, "bus_lcSpeedGainRight": 4.8852, "bus_lcSublane": 0.6726, "bus_sigma": 0.2757, "bus_tau_mean": 3.3129, "bus_tau_std": 3.9662, "bus_v_mean": 17.7539, "bus_v_std": 6.529, "car_acc": 2.291, "car_dcc": 0.6847, "car_lcAssertive": 79.5406, "car_lcCooperative": 0.8574, "car_lcLookaheadLeft": 56.2974, "car_lcPushy": 0.1818, "car_lcSigma": 0.7637, "car_lcSpeedGainRight": 4.6183, "car_lcSublane": 0.4797, "car_sigma": 0.3555, "car_tau_mean": 1.3833, "car_tau_std": 3.1193, "car_v_mean": 9.0332, "car_v_std": 1.6302}, "datetime": {"datetime": "2024-08-10 16:19:07", "elapsed": 13397.32022, "delta": 6.963449}}
{"target": -0.3410962912087991, "params": {"bus_acc": 0.4633, "bus_dcc": 3.9527, "bus_lcAssertive": 77.1981, "bus_lcCooperative": 0.9715, "bus_lcLookaheadLeft": 73.5618, "bus_lcPushy": 0.7276, "bus_lcSigma": 0.9359, "bus_lcSpeedGainRight": 0.2368, "bus_lcSublane": 0.7623, "bus_sigma": 0.8013, "bus_tau_mean": 1.6352, "bus_tau_std": 5.1801, "bus_v_mean": 19.5219, "bus_v_std": 13.0827, "car_acc": 2.3967, "car_dcc": 1.7505, "car_lcAssertive": 39.6701, "car_lcCooperative": 0.7393, "car_lcLookaheadLeft": 44.8171, "car_lcPushy": 0.1345, "car_lcSigma": 0.5671, "car_lcSpeedGainRight": 3.5434, "car_lcSublane": 0.5328, "car_sigma": 0.898, "car_tau_mean": 2.418, "car_tau_std": 7.2404, "car_v_mean": 21.2722, "car_v_std": 8.9052}, "datetime": {"datetime": "2024-08-10 16:19:13", "elapsed": 13403.809843, "delta": 6.489623}}
{"target": -0.43764952614575225, "params": {"bus_acc": 0.2974, "bus_dcc": 1.373, "bus_lcAssertive": 55.9476, "bus_lcCooperative": 0.8598, "bus_lcLookaheadLeft": 71.3952, "bus_lcPushy": 0.9487, "bus_lcSigma": 0.3513, "bus_lcSpeedGainRight": 1.8317, "bus_lcSublane": 0.8073, "bus_sigma": 0.8799, "bus_tau_mean": 3.0266, "bus_tau_std": 1.7762, "bus_v_mean": 16.6103, "bus_v_std": 2.3619, "car_acc": 0.6498, "car_dcc": 0.9002, "car_lcAssertive": 51.4117, "car_lcCooperative": 0.1774, "car_lcLookaheadLeft": 6.1307, "car_lcPushy": 0.6698, "car_lcSigma": 0.6721, "car_lcSpeedGainRight": 1.3862, "car_lcSublane": 0.1933, "car_sigma": 0.9434, "car_tau_mean": 2.626, "car_tau_std": 3.8801, "car_v_mean": 17.186, "car_v_std": 10.9301}, "datetime": {"datetime": "2024-08-10 16:19:20", "elapsed": 13410.336112, "delta": 6.526269}}
{"target": -0.35253671411907556, "params": {"bus_acc": 3.8791, "bus_dcc": 1.0094, "bus_lcAssertive": 14.2231, "bus_lcCooperative": 0.5515, "bus_lcLookaheadLeft": 21.378, "bus_lcPushy": 0.4571, "bus_lcSigma": 0.384, "bus_lcSpeedGainRight": 3.1607, "bus_lcSublane": 0.4807, "bus_sigma": 0.2182, "bus_tau_mean": 2.2745, "bus_tau_std": 6.7053, "bus_v_mean": 10.7046, "bus_v_std": 2.6671, "car_acc": 1.231, "car_dcc": 2.6439, "car_lcAssertive": 65.0011, "car_lcCooperative": 0.5157, "car_lcLookaheadLeft": 13.7232, "car_lcPushy": 0.5409, "car_lcSigma": 0.2168, "car_lcSpeedGainRight": 1.6613, "car_lcSublane": 0.5076, "car_sigma": 0.7402, "car_tau_mean": 1.9856, "car_tau_std": 5.0268, "car_v_mean": 24.402, "car_v_std": 12.0539}, "datetime": {"datetime": "2024-08-10 16:19:27", "elapsed": 13417.653332, "delta": 7.31722}}
{"target": -0.28833397751263073, "params": {"bus_acc": 3.0117, "bus_dcc": 0.3028, "bus_lcAssertive": 63.5378, "bus_lcCooperative": 0.0818, "bus_lcLookaheadLeft": 7.7709, "bus_lcPushy": 0.5002, "bus_lcSigma": 0.6188, "bus_lcSpeedGainRight": 2.5028, "bus_lcSublane": 0.8256, "bus_sigma": 0.2259, "bus_tau_mean": 0.6461, "bus_tau_std": 5.9836, "bus_v_mean": 22.6351, "bus_v_std": 11.5005, "car_acc": 2.2797, "car_dcc": 1.212, "car_lcAssertive": 16.8484, "car_lcCooperative": 0.8659, "car_lcLookaheadLeft": 83.937, "car_lcPushy": 0.9896, "car_lcSigma": 0.0362, "car_lcSpeedGainRight": 0.3089, "car_lcSublane": 0.6381, "car_sigma": 0.1101, "car_tau_mean": 1.9473, "car_tau_std": 4.5926, "car_v_mean": 14.4192, "car_v_std": 11.1801}, "datetime": {"datetime": "2024-08-10 16:19:37", "elapsed": 13427.655068, "delta": 10.001736}}
{"target": -0.32134592486325186, "params": {"bus_acc": 1.5689, "bus_dcc": 1.634, "bus_lcAssertive": 22.4363, "bus_lcCooperative": 0.4998, "bus_lcLookaheadLeft": 81.2606, "bus_lcPushy": 0.798, "bus_lcSigma": 0.6896, "bus_lcSpeedGainRight": 3.8337, "bus_lcSublane": 0.1591, "bus_sigma": 0.7221, "bus_tau_mean": 2.5642, "bus_tau_std": 7.0241, "bus_v_mean": 15.6655, "bus_v_std": 5.738, "car_acc": 3.5952, "car_dcc": 1.9624, "car_lcAssertive": 35.2694, "car_lcCooperative": 0.4298, "car_lcLookaheadLeft": 69.4411, "car_lcPushy": 0.6234, "car_lcSigma": 0.8573, "car_lcSpeedGainRight": 2.8444, "car_lcSublane": 0.3358, "car_sigma": 0.7051, "car_tau_mean": 1.6144, "car_tau_std": 5.7655, "car_v_mean": 22.1927, "car_v_std": 17.9335}, "datetime": {"datetime": "2024-08-10 16:19:45", "elapsed": 13435.14014, "delta": 7.485072}}
{"target": -0.3433580947591852, "params": {"bus_acc": 3.6428, "bus_dcc": 1.5118, "bus_lcAssertive": 99.3353, "bus_lcCooperative": 0.4532, "bus_lcLookaheadLeft": 2.6996, "bus_lcPushy": 0.5914, "bus_lcSigma": 0.6318, "bus_lcSpeedGainRight": 4.4399, "bus_lcSublane": 0.2271, "bus_sigma": 0.6613, "bus_tau_mean": 2.9723, "bus_tau_std": 2.5567, "bus_v_mean": 21.686, "bus_v_std": 1.9459, "car_acc": 3.0726, "car_dcc": 1.8049, "car_lcAssertive": 62.6639, "car_lcCooperative": 0.3957, "car_lcLookaheadLeft": 96.8234, "car_lcPushy": 0.5591, "car_lcSigma": 0.8328, "car_lcSpeedGainRight": 1.8896, "car_lcSublane": 0.5152, "car_sigma": 0.35, "car_tau_mean": 1.569, "car_tau_std": 4.0874, "car_v_mean": 15.4886, "car_v_std": 2.6294}, "datetime": {"datetime": "2024-08-10 16:19:58", "elapsed": 13449.119521, "delta": 13.979381}}
