{"target": -0.7741217642166663, "params": {"bus_acc": 0.7276, "bus_dcc": 0.6663, "bus_lcAssertive": 14.1558, "bus_lcCooperative": 0.1346, "bus_lcLookaheadLeft": 28.1198, "bus_lcPushy": 0.5741, "bus_lcSigma": 0.1152, "bus_lcSpeedGainRight": 2.055, "bus_lcSublane": 0.2088, "bus_sigma": 0.262, "bus_tau_mean": 1.4259, "bus_tau_std": 4.1358, "bus_v_mean": 21.0013, "bus_v_std": 8.9242, "car_acc": 0.224, "car_dcc": 3.9591, "car_lcAssertive": 28.7177, "car_lcCooperative": 0.5126, "car_lcLookaheadLeft": 16.6161, "car_lcPushy": 0.1829, "car_lcSigma": 0.2794, "car_lcSpeedGainRight": 1.9465, "car_lcSublane": 0.6752, "car_sigma": 0.1422, "car_tau_mean": 3.1062, "car_tau_std": 4.674, "car_v_mean": 23.0612, "car_v_std": 4.0626}, "datetime": {"datetime": "2024-08-10 13:53:16", "elapsed": 4646.245993, "delta": 3.512766}}
{"target": -0.3847154079269777, "params": {"bus_acc": 3.6454, "bus_dcc": 3.7142, "bus_lcAssertive": 9.8768, "bus_lcCooperative": 0.7469, "bus_lcLookaheadLeft": 54.2022, "bus_lcPushy": 0.3341, "bus_lcSigma": 0.936, "bus_lcSpeedGainRight": 3.6817, "bus_lcSublane": 0.3471, "bus_sigma": 0.5374, "bus_tau_mean": 0.8836, "bus_tau_std": 9.5117, "bus_v_mean": 15.1532, "bus_v_std": 5.0795, "car_acc": 1.5656, "car_dcc": 3.1381, "car_lcAssertive": 37.7028, "car_lcCooperative": 0.2329, "car_lcLookaheadLeft": 93.5326, "car_lcPushy": 0.9288, "car_lcSigma": 0.0684, "car_lcSpeedGainRight": 4.9015, "car_lcSublane": 0.3833, "car_sigma": 0.593, "car_tau_mean": 1.7074, "car_tau_std": 9.526, "car_v_mean": 14.4492, "car_v_std": 11.4564}, "datetime": {"datetime": "2024-08-10 13:53:20", "elapsed": 4650.370755, "delta": 4.124762}}
{"target": -0.3823385616192377, "params": {"bus_acc": 1.7112, "bus_dcc": 1.2051, "bus_lcAssertive": 4.6786, "bus_lcCooperative": 0.2803, "bus_lcLookaheadLeft": 52.5344, "bus_lcPushy": 0.8532, "bus_lcSigma": 0.7343, "bus_lcSpeedGainRight": 0.3997, "bus_lcSublane": 0.1918, "bus_sigma": 0.4305, "bus_tau_mean": 2.0081, "bus_tau_std": 6.1064, "bus_v_mean": 19.4299, "bus_v_std": 1.5913, "car_acc": 3.0462, "car_dcc": 1.3129, "car_lcAssertive": 46.3918, "car_lcCooperative": 0.3291, "car_lcLookaheadLeft": 90.9486, "car_lcPushy": 0.2259, "car_lcSigma": 0.5196, "car_lcSpeedGainRight": 3.0452, "car_lcSublane": 0.8582, "car_sigma": 0.5154, "car_tau_mean": 3.3002, "car_tau_std": 9.8495, "car_v_mean": 16.3297, "car_v_std": 0.1702}, "datetime": {"datetime": "2024-08-10 13:53:24", "elapsed": 4654.424127, "delta": 4.053372}}
{"target": -0.34349241765502897, "params": {"bus_acc": 0.2957, "bus_dcc": 2.3372, "bus_lcAssertive": 38.4612, "bus_lcCooperative": 0.6826, "bus_lcLookaheadLeft": 83.1457, "bus_lcPushy": 0.1575, "bus_lcSigma": 0.5407, "bus_lcSpeedGainRight": 0.0374, "bus_lcSublane": 0.2743, "bus_sigma": 0.4349, "bus_tau_mean": 2.7393, "bus_tau_std": 7.7888, "bus_v_mean": 15.89, "bus_v_std": 17.1465, "car_acc": 2.7407, "car_dcc": 1.454, "car_lcAssertive": 80.2167, "car_lcCooperative": 0.2926, "car_lcLookaheadLeft": 33.517, "car_lcPushy": 0.4591, "car_lcSigma": 0.9389, "car_lcSpeedGainRight": 4.5149, "car_lcSublane": 0.312, "car_sigma": 0.4962, "car_tau_mean": 3.2661, "car_tau_std": 8.2019, "car_v_mean": 15.0217, "car_v_std": 2.9885}, "datetime": {"datetime": "2024-08-10 13:53:28", "elapsed": 4658.869128, "delta": 4.445001}}
{"target": -0.3497462407370797, "params": {"bus_acc": 2.2852, "bus_dcc": 2.4764, "bus_lcAssertive": 97.4723, "bus_lcCooperative": 0.198, "bus_lcLookaheadLeft": 69.6364, "bus_lcPushy": 0.5826, "bus_lcSigma": 0.3754, "bus_lcSpeedGainRight": 2.8745, "bus_lcSublane": 0.4596, "bus_sigma": 0.1258, "bus_tau_mean": 3.2913, "bus_tau_std": 7.438, "bus_v_mean": 17.8261, "bus_v_std": 14.6733, "car_acc": 1.37, "car_dcc": 2.9558, "car_lcAssertive": 51.1939, "car_lcCooperative": 0.3261, "car_lcLookaheadLeft": 25.0526, "car_lcPushy": 0.1472, "car_lcSigma": 0.0077, "car_lcSpeedGainRight": 3.4008, "car_lcSublane": 0.2873, "car_sigma": 0.5546, "car_tau_mean": 1.9572, "car_tau_std": 1.0135, "car_v_mean": 12.5086, "car_v_std": 12.8445}, "datetime": {"datetime": "2024-08-10 13:53:38", "elapsed": 4668.375242, "delta": 9.506114}}
{"target": -0.3388153140681933, "params": {"bus_acc": 3.41, "bus_dcc": 3.8005, "bus_lcAssertive": 71.2797, "bus_lcCooperative": 0.4283, "bus_lcLookaheadLeft": 38.1689, "bus_lcPushy": 0.5687, "bus_lcSigma": 0.483, "bus_lcSpeedGainRight": 0.9815, "bus_lcSublane": 0.9662, "bus_sigma": 0.1359, "bus_tau_mean": 1.6929, "bus_tau_std": 1.4309, "bus_v_mean": 21.6597, "bus_v_std": 12.0005, "car_acc": 1.5214, "car_dcc": 1.2702, "car_lcAssertive": 15.7712, "car_lcCooperative": 0.9024, "car_lcLookaheadLeft": 25.8793, "car_lcPushy": 0.1814, "car_lcSigma": 0.4713, "car_lcSpeedGainRight": 1.5169, "car_lcSublane": 0.2463, "car_sigma": 0.5601, "car_tau_mean": 0.9177, "car_tau_std": 3.9539, "car_v_mean": 18.9796, "car_v_std": 18.3561}, "datetime": {"datetime": "2024-08-10 13:53:41", "elapsed": 4671.518551, "delta": 3.143309}}
{"target": -0.34799580833730254, "params": {"bus_acc": 3.0566, "bus_dcc": 2.9292, "bus_lcAssertive": 16.077, "bus_lcCooperative": 0.577, "bus_lcLookaheadLeft": 43.8455, "bus_lcPushy": 0.2492, "bus_lcSigma": 0.1408, "bus_lcSpeedGainRight": 3.2246, "bus_lcSublane": 0.7099, "bus_sigma": 0.6708, "bus_tau_mean": 3.9556, "bus_tau_std": 2.4655, "bus_v_mean": 23.1227, "bus_v_std": 1.0961, "car_acc": 2.1683, "car_dcc": 1.1191, "car_lcAssertive": 27.7714, "car_lcCooperative": 0.252, "car_lcLookaheadLeft": 96.2219, "car_lcPushy": 0.6111, "car_lcSigma": 0.4392, "car_lcSpeedGainRight": 3.476, "car_lcSublane": 0.5139, "car_sigma": 0.4992, "car_tau_mean": 1.2925, "car_tau_std": 2.1137, "car_v_mean": 14.0587, "car_v_std": 14.9222}, "datetime": {"datetime": "2024-08-10 13:53:44", "elapsed": 4675.045853, "delta": 3.527302}}
{"target": -0.7316899728328051, "params": {"bus_acc": 1.426, "bus_dcc": 3.8145, "bus_lcAssertive": 36.8325, "bus_lcCooperative": 0.9611, "bus_lcLookaheadLeft": 71.4838, "bus_lcPushy": 0.9666, "bus_lcSigma": 0.2379, "bus_lcSpeedGainRight": 1.2481, "bus_lcSublane": 0.5169, "bus_sigma": 0.6453, "bus_tau_mean": 2.7503, "bus_tau_std": 4.2434, "bus_v_mean": 22.075, "bus_v_std": 15.5762, "car_acc": 0.4197, "car_dcc": 2.8065, "car_lcAssertive": 33.9, "car_lcCooperative": 0.7912, "car_lcLookaheadLeft": 65.4437, "car_lcPushy": 0.9762, "car_lcSigma": 0.9063, "car_lcSpeedGainRight": 3.1421, "car_lcSublane": 0.9395, "car_sigma": 0.3408, "car_tau_mean": 2.4967, "car_tau_std": 1.5054, "car_v_mean": 11.2157, "car_v_std": 18.8208}, "datetime": {"datetime": "2024-08-10 13:53:50", "elapsed": 4680.825609, "delta": 5.779756}}
{"target": -1.150928555055344, "params": {"bus_acc": 2.5532, "bus_dcc": 1.3589, "bus_lcAssertive": 46.4568, "bus_lcCooperative": 0.0409, "bus_lcLookaheadLeft": 28.4386, "bus_lcPushy": 0.7648, "bus_lcSigma": 0.8958, "bus_lcSpeedGainRight": 2.3137, "bus_lcSublane": 0.4696, "bus_sigma": 0.235, "bus_tau_mean": 2.8401, "bus_tau_std": 1.8149, "bus_v_mean": 13.6571, "bus_v_std": 6.7185, "car_acc": 0.3052, "car_dcc": 1.6573, "car_lcAssertive": 27.3189, "car_lcCooperative": 0.4295, "car_lcLookaheadLeft": 40.6208, "car_lcPushy": 0.1766, "car_lcSigma": 0.4414, "car_lcSpeedGainRight": 2.6764, "car_lcSublane": 0.4836, "car_sigma": 0.8696, "car_tau_mean": 3.9342, "car_tau_std": 6.8098, "car_v_mean": 17.4394, "car_v_std": 4.0557}, "datetime": {"datetime": "2024-08-10 13:53:54", "elapsed": 4684.709974, "delta": 3.884365}}
{"target": -0.36694345641634646, "params": {"bus_acc": 2.8706, "bus_dcc": 3.258, "bus_lcAssertive": 15.0283, "bus_lcCooperative": 0.9874, "bus_lcLookaheadLeft": 79.0085, "bus_lcPushy": 0.4521, "bus_lcSigma": 0.3153, "bus_lcSpeedGainRight": 4.2924, "bus_lcSublane": 0.7709, "bus_sigma": 0.6406, "bus_tau_mean": 0.992, "bus_tau_std": 4.9282, "bus_v_mean": 17.5906, "bus_v_std": 16.9444, "car_acc": 2.549, "car_dcc": 3.4706, "car_lcAssertive": 28.7532, "car_lcCooperative": 0.8044, "car_lcLookaheadLeft": 13.4151, "car_lcPushy": 0.1183, "car_lcSigma": 0.7162, "car_lcSpeedGainRight": 2.0977, "car_lcSublane": 0.0685, "car_sigma": 0.278, "car_tau_mean": 2.5487, "car_tau_std": 5.2229, "car_v_mean": 9.0776, "car_v_std": 18.1626}, "datetime": {"datetime": "2024-08-10 13:53:59", "elapsed": 4689.917685, "delta": 5.207711}}
{"target": -0.32509281260424544, "params": {"bus_acc": 0.629, "bus_dcc": 1.6916, "bus_lcAssertive": 21.2977, "bus_lcCooperative": 0.3341, "bus_lcLookaheadLeft": 70.5297, "bus_lcPushy": 0.2538, "bus_lcSigma": 0.6613, "bus_lcSpeedGainRight": 4.1379, "bus_lcSublane": 0.9982, "bus_sigma": 0.1129, "bus_tau_mean": 2.5235, "bus_tau_std": 3.6291, "bus_v_mean": 14.319, "bus_v_std": 4.872, "car_acc": 2.9612, "car_dcc": 1.8457, "car_lcAssertive": 70.1616, "car_lcCooperative": 0.7295, "car_lcLookaheadLeft": 48.5354, "car_lcPushy": 0.6714, "car_lcSigma": 0.9061, "car_lcSpeedGainRight": 3.0574, "car_lcSublane": 0.1131, "car_sigma": 0.3538, "car_tau_mean": 2.4226, "car_tau_std": 5.3573, "car_v_mean": 20.6867, "car_v_std": 5.066}, "datetime": {"datetime": "2024-08-10 13:54:07", "elapsed": 4697.510224, "delta": 7.592539}}
{"target": -0.4361133470776382, "params": {"bus_acc": 2.6552, "bus_dcc": 2.6118, "bus_lcAssertive": 75.017, "bus_lcCooperative": 0.9384, "bus_lcLookaheadLeft": 49.0147, "bus_lcPushy": 0.0797, "bus_lcSigma": 0.7881, "bus_lcSpeedGainRight": 1.4482, "bus_lcSublane": 0.2294, "bus_sigma": 0.2958, "bus_tau_mean": 2.8972, "bus_tau_std": 7.2315, "bus_v_mean": 22.1612, "bus_v_std": 5.1719, "car_acc": 0.8146, "car_dcc": 1.8525, "car_lcAssertive": 99.0821, "car_lcCooperative": 0.4884, "car_lcLookaheadLeft": 50.6964, "car_lcPushy": 0.9219, "car_lcSigma": 0.5297, "car_lcSpeedGainRight": 3.9451, "car_lcSublane": 0.0513, "car_sigma": 0.1411, "car_tau_mean": 1.3254, "car_tau_std": 9.0696, "car_v_mean": 21.3256, "car_v_std": 4.4771}, "datetime": {"datetime": "2024-08-10 13:54:10", "elapsed": 4700.766606, "delta": 3.256382}}
{"target": -0.26539904045930296, "params": {"bus_acc": 0.41, "bus_dcc": 2.7016, "bus_lcAssertive": 24.587, "bus_lcCooperative": 0.9042, "bus_lcLookaheadLeft": 90.5415, "bus_lcPushy": 0.3958, "bus_lcSigma": 0.5392, "bus_lcSpeedGainRight": 2.977, "bus_lcSublane": 0.7156, "bus_sigma": 0.8767, "bus_tau_mean": 2.6102, "bus_tau_std": 9.8901, "bus_v_mean": 9.9692, "bus_v_std": 7.9106, "car_acc": 1.7269, "car_dcc": 0.5248, "car_lcAssertive": 96.9992, "car_lcCooperative": 0.6773, "car_lcLookaheadLeft": 4.1594, "car_lcPushy": 0.9972, "car_lcSigma": 0.9134, "car_lcSpeedGainRight": 0.5617, "car_lcSublane": 0.7891, "car_sigma": 0.9118, "car_tau_mean": 1.6095, "car_tau_std": 4.1792, "car_v_mean": 16.658, "car_v_std": 13.302}, "datetime": {"datetime": "2024-08-10 13:54:17", "elapsed": 4707.896969, "delta": 7.130363}}
{"target": -0.6581353201474079, "params": {"bus_acc": 2.0687, "bus_dcc": 2.8896, "bus_lcAssertive": 64.223, "bus_lcCooperative": 0.4601, "bus_lcLookaheadLeft": 23.3035, "bus_lcPushy": 0.0685, "bus_lcSigma": 0.221, "bus_lcSpeedGainRight": 3.4486, "bus_lcSublane": 0.9392, "bus_sigma": 0.5129, "bus_tau_mean": 2.6132, "bus_tau_std": 9.5622, "bus_v_mean": 10.8928, "bus_v_std": 3.9856, "car_acc": 0.3014, "car_dcc": 3.9303, "car_lcAssertive": 13.3934, "car_lcCooperative": 0.4923, "car_lcLookaheadLeft": 86.8668, "car_lcPushy": 0.6007, "car_lcSigma": 0.1551, "car_lcSpeedGainRight": 4.4201, "car_lcSublane": 0.628, "car_sigma": 0.4689, "car_tau_mean": 2.6273, "car_tau_std": 9.5545, "car_v_mean": 18.441, "car_v_std": 4.0957}, "datetime": {"datetime": "2024-08-10 13:54:22", "elapsed": 4712.888354, "delta": 4.991385}}
{"target": -0.28957904192432604, "params": {"bus_acc": 2.5321, "bus_dcc": 1.1256, "bus_lcAssertive": 80.4885, "bus_lcCooperative": 0.2933, "bus_lcLookaheadLeft": 14.6956, "bus_lcPushy": 0.8773, "bus_lcSigma": 0.9805, "bus_lcSpeedGainRight": 1.1129, "bus_lcSublane": 0.4438, "bus_sigma": 0.8106, "bus_tau_mean": 3.6012, "bus_tau_std": 8.5764, "bus_v_mean": 15.7434, "bus_v_std": 12.1576, "car_acc": 3.3439, "car_dcc": 0.6664, "car_lcAssertive": 6.3476, "car_lcCooperative": 0.4584, "car_lcLookaheadLeft": 2.7634, "car_lcPushy": 0.4332, "car_lcSigma": 0.3817, "car_lcSpeedGainRight": 0.8246, "car_lcSublane": 0.2089, "car_sigma": 0.7993, "car_tau_mean": 3.3892, "car_tau_std": 3.2901, "car_v_mean": 11.9957, "car_v_std": 2.1269}, "datetime": {"datetime": "2024-08-10 13:54:28", "elapsed": 4718.237304, "delta": 5.34895}}
{"target": -0.3636085791596078, "params": {"bus_acc": 2.0766, "bus_dcc": 2.9061, "bus_lcAssertive": 89.6085, "bus_lcCooperative": 0.2073, "bus_lcLookaheadLeft": 44.2313, "bus_lcPushy": 0.9331, "bus_lcSigma": 0.5554, "bus_lcSpeedGainRight": 0.341, "bus_lcSublane": 0.6581, "bus_sigma": 0.5936, "bus_tau_mean": 3.5508, "bus_tau_std": 7.0277, "bus_v_mean": 25.3398, "bus_v_std": 12.0012, "car_acc": 3.1817, "car_dcc": 1.7227, "car_lcAssertive": 73.0492, "car_lcCooperative": 0.9835, "car_lcLookaheadLeft": 76.717, "car_lcPushy": 0.2686, "car_lcSigma": 0.0984, "car_lcSpeedGainRight": 1.7879, "car_lcSublane": 0.1762, "car_sigma": 0.5404, "car_tau_mean": 0.5606, "car_tau_std": 4.7174, "car_v_mean": 17.7255, "car_v_std": 6.1455}, "datetime": {"datetime": "2024-08-10 13:54:33", "elapsed": 4724.094068, "delta": 5.856764}}
{"target": -0.4987176380707596, "params": {"bus_acc": 2.8958, "bus_dcc": 1.8197, "bus_lcAssertive": 61.6817, "bus_lcCooperative": 0.8965, "bus_lcLookaheadLeft": 79.3143, "bus_lcPushy": 0.8983, "bus_lcSigma": 0.8812, "bus_lcSpeedGainRight": 1.7015, "bus_lcSublane": 0.9953, "bus_sigma": 0.5279, "bus_tau_mean": 2.6668, "bus_tau_std": 9.5916, "bus_v_mean": 15.2838, "bus_v_std": 0.1777, "car_acc": 0.3678, "car_dcc": 3.4561, "car_lcAssertive": 96.8473, "car_lcCooperative": 0.2716, "car_lcLookaheadLeft": 40.4638, "car_lcPushy": 0.9041, "car_lcSigma": 0.1811, "car_lcSpeedGainRight": 1.509, "car_lcSublane": 0.6391, "car_sigma": 0.4609, "car_tau_mean": 2.9651, "car_tau_std": 7.1268, "car_v_mean": 23.3764, "car_v_std": 0.6586}, "datetime": {"datetime": "2024-08-10 13:54:37", "elapsed": 4728.015934, "delta": 3.921866}}
{"target": -0.6559051453918064, "params": {"bus_acc": 1.5756, "bus_dcc": 1.5765, "bus_lcAssertive": 31.9251, "bus_lcCooperative": 0.9615, "bus_lcLookaheadLeft": 93.9426, "bus_lcPushy": 0.9131, "bus_lcSigma": 0.735, "bus_lcSpeedGainRight": 3.6785, "bus_lcSublane": 0.7234, "bus_sigma": 0.4705, "bus_tau_mean": 2.1137, "bus_tau_std": 8.2272, "bus_v_mean": 9.6519, "bus_v_std": 6.3056, "car_acc": 0.31, "car_dcc": 3.5726, "car_lcAssertive": 53.5295, "car_lcCooperative": 0.4927, "car_lcLookaheadLeft": 65.5342, "car_lcPushy": 0.0776, "car_lcSigma": 0.2672, "car_lcSpeedGainRight": 3.718, "car_lcSublane": 0.8522, "car_sigma": 0.5181, "car_tau_mean": 2.7192, "car_tau_std": 4.4743, "car_v_mean": 23.0338, "car_v_std": 18.4577}, "datetime": {"datetime": "2024-08-10 13:54:44", "elapsed": 4734.455583, "delta": 6.439649}}
{"target": -0.7468674017317091, "params": {"bus_acc": 3.7405, "bus_dcc": 3.6166, "bus_lcAssertive": 85.012, "bus_lcCooperative": 0.1007, "bus_lcLookaheadLeft": 13.9261, "bus_lcPushy": 0.1248, "bus_lcSigma": 0.9481, "bus_lcSpeedGainRight": 3.718, "bus_lcSublane": 0.0634, "bus_sigma": 0.4474, "bus_tau_mean": 1.2103, "bus_tau_std": 0.2515, "bus_v_mean": 11.3153, "bus_v_std": 0.7709, "car_acc": 0.4256, "car_dcc": 2.3161, "car_lcAssertive": 54.5921, "car_lcCooperative": 0.4922, "car_lcLookaheadLeft": 91.59, "car_lcPushy": 0.5829, "car_lcSigma": 0.5184, "car_lcSpeedGainRight": 3.6705, "car_lcSublane": 0.2002, "car_sigma": 0.7988, "car_tau_mean": 3.5271, "car_tau_std": 7.1652, "car_v_mean": 12.049, "car_v_std": 16.294}, "datetime": {"datetime": "2024-08-10 13:54:55", "elapsed": 4745.721674, "delta": 11.266091}}
{"target": -0.37621065610822396, "params": {"bus_acc": 2.1449, "bus_dcc": 3.5047, "bus_lcAssertive": 19.1533, "bus_lcCooperative": 0.4565, "bus_lcLookaheadLeft": 98.4693, "bus_lcPushy": 0.6719, "bus_lcSigma": 0.5353, "bus_lcSpeedGainRight": 4.887, "bus_lcSublane": 0.4067, "bus_sigma": 0.4169, "bus_tau_mean": 0.6524, "bus_tau_std": 7.9199, "bus_v_mean": 10.9165, "bus_v_std": 18.1296, "car_acc": 1.8108, "car_dcc": 2.6609, "car_lcAssertive": 7.7918, "car_lcCooperative": 0.1799, "car_lcLookaheadLeft": 77.0045, "car_lcPushy": 0.9044, "car_lcSigma": 0.4447, "car_lcSpeedGainRight": 2.9477, "car_lcSublane": 0.0105, "car_sigma": 0.4473, "car_tau_mean": 2.4752, "car_tau_std": 9.7727, "car_v_mean": 24.8109, "car_v_std": 12.1716}, "datetime": {"datetime": "2024-08-10 13:55:02", "elapsed": 4752.582141, "delta": 6.860467}}
{"target": -0.3288120547667678, "params": {"bus_acc": 2.5687, "bus_dcc": 1.338, "bus_lcAssertive": 94.5908, "bus_lcCooperative": 0.3998, "bus_lcLookaheadLeft": 51.6506, "bus_lcPushy": 0.6526, "bus_lcSigma": 0.5156, "bus_lcSpeedGainRight": 1.9705, "bus_lcSublane": 0.4308, "bus_sigma": 0.9402, "bus_tau_mean": 1.3676, "bus_tau_std": 9.3888, "bus_v_mean": 11.3025, "bus_v_std": 16.9945, "car_acc": 3.8332, "car_dcc": 1.0544, "car_lcAssertive": 53.4932, "car_lcCooperative": 0.4639, "car_lcLookaheadLeft": 59.1227, "car_lcPushy": 0.0077, "car_lcSigma": 0.7959, "car_lcSpeedGainRight": 0.5232, "car_lcSublane": 0.0561, "car_sigma": 0.6564, "car_tau_mean": 1.5188, "car_tau_std": 6.5452, "car_v_mean": 12.6907, "car_v_std": 0.4664}, "datetime": {"datetime": "2024-08-10 13:55:08", "elapsed": 4758.165609, "delta": 5.583468}}
{"target": -0.3497691335458568, "params": {"bus_acc": 2.5597, "bus_dcc": 3.7614, "bus_lcAssertive": 63.695, "bus_lcCooperative": 0.8974, "bus_lcLookaheadLeft": 83.388, "bus_lcPushy": 0.6407, "bus_lcSigma": 0.1346, "bus_lcSpeedGainRight": 1.0763, "bus_lcSublane": 0.1543, "bus_sigma": 0.513, "bus_tau_mean": 0.9233, "bus_tau_std": 3.1103, "bus_v_mean": 25.3565, "bus_v_std": 5.9721, "car_acc": 1.8127, "car_dcc": 2.8254, "car_lcAssertive": 83.0739, "car_lcCooperative": 0.2327, "car_lcLookaheadLeft": 16.9076, "car_lcPushy": 0.888, "car_lcSigma": 0.9082, "car_lcSpeedGainRight": 0.3205, "car_lcSublane": 0.9473, "car_sigma": 0.0405, "car_tau_mean": 2.8914, "car_tau_std": 2.5118, "car_v_mean": 9.3857, "car_v_std": 18.6995}, "datetime": {"datetime": "2024-08-10 13:55:11", "elapsed": 4761.561901, "delta": 3.396292}}
{"target": -0.2985591369974705, "params": {"bus_acc": 1.3978, "bus_dcc": 0.2562, "bus_lcAssertive": 91.6988, "bus_lcCooperative": 0.4263, "bus_lcLookaheadLeft": 67.582, "bus_lcPushy": 0.7831, "bus_lcSigma": 0.9532, "bus_lcSpeedGainRight": 2.541, "bus_lcSublane": 0.1788, "bus_sigma": 0.1395, "bus_tau_mean": 0.5871, "bus_tau_std": 1.4973, "bus_v_mean": 15.7001, "bus_v_std": 0.0279, "car_acc": 1.0288, "car_dcc": 1.9339, "car_lcAssertive": 6.0338, "car_lcCooperative": 0.6029, "car_lcLookaheadLeft": 99.7754, "car_lcPushy": 0.279, "car_lcSigma": 0.5397, "car_lcSpeedGainRight": 0.2892, "car_lcSublane": 0.5423, "car_sigma": 0.5995, "car_tau_mean": 1.4452, "car_tau_std": 8.4021, "car_v_mean": 9.3116, "car_v_std": 14.684}, "datetime": {"datetime": "2024-08-10 13:55:15", "elapsed": 4765.218755, "delta": 3.656854}}
{"target": -0.2824702069543415, "params": {"bus_acc": 3.6546, "bus_dcc": 2.0922, "bus_lcAssertive": 2.3359, "bus_lcCooperative": 0.8888, "bus_lcLookaheadLeft": 25.638, "bus_lcPushy": 0.3402, "bus_lcSigma": 0.8926, "bus_lcSpeedGainRight": 3.0451, "bus_lcSublane": 0.3192, "bus_sigma": 0.6541, "bus_tau_mean": 3.9797, "bus_tau_std": 4.9473, "bus_v_mean": 9.0127, "bus_v_std": 8.379, "car_acc": 3.1348, "car_dcc": 3.0301, "car_lcAssertive": 15.4868, "car_lcCooperative": 0.3744, "car_lcLookaheadLeft": 63.591, "car_lcPushy": 0.4604, "car_lcSigma": 0.6641, "car_lcSpeedGainRight": 4.8835, "car_lcSublane": 0.3346, "car_sigma": 0.7504, "car_tau_mean": 1.936, "car_tau_std": 9.3497, "car_v_mean": 9.6953, "car_v_std": 0.2628}, "datetime": {"datetime": "2024-08-10 13:55:19", "elapsed": 4769.544473, "delta": 4.325718}}
{"target": -0.5376971560809007, "params": {"bus_acc": 2.3606, "bus_dcc": 0.7827, "bus_lcAssertive": 29.5361, "bus_lcCooperative": 0.2831, "bus_lcLookaheadLeft": 19.8514, "bus_lcPushy": 0.9049, "bus_lcSigma": 0.6971, "bus_lcSpeedGainRight": 4.4333, "bus_lcSublane": 0.3936, "bus_sigma": 0.2192, "bus_tau_mean": 3.2589, "bus_tau_std": 1.9786, "bus_v_mean": 13.4713, "bus_v_std": 6.7913, "car_acc": 0.6774, "car_dcc": 2.9789, "car_lcAssertive": 69.7279, "car_lcCooperative": 0.8484, "car_lcLookaheadLeft": 37.7253, "car_lcPushy": 0.3545, "car_lcSigma": 0.3818, "car_lcSpeedGainRight": 2.7842, "car_lcSublane": 0.3918, "car_sigma": 0.9847, "car_tau_mean": 3.0757, "car_tau_std": 1.3363, "car_v_mean": 20.6805, "car_v_std": 17.1535}, "datetime": {"datetime": "2024-08-10 13:55:23", "elapsed": 4773.239852, "delta": 3.695379}}
{"target": -0.3849742593227701, "params": {"bus_acc": 0.2455, "bus_dcc": 3.3573, "bus_lcAssertive": 62.692, "bus_lcCooperative": 0.3061, "bus_lcLookaheadLeft": 78.1601, "bus_lcPushy": 0.2661, "bus_lcSigma": 0.0372, "bus_lcSpeedGainRight": 2.9698, "bus_lcSublane": 0.6605, "bus_sigma": 0.848, "bus_tau_mean": 3.3648, "bus_tau_std": 5.216, "bus_v_mean": 14.7781, "bus_v_std": 4.785, "car_acc": 3.5776, "car_dcc": 3.5212, "car_lcAssertive": 88.2221, "car_lcCooperative": 0.3067, "car_lcLookaheadLeft": 42.6332, "car_lcPushy": 0.1697, "car_lcSigma": 0.921, "car_lcSpeedGainRight": 1.6163, "car_lcSublane": 0.4153, "car_sigma": 0.2154, "car_tau_mean": 1.0522, "car_tau_std": 0.2999, "car_v_mean": 20.1139, "car_v_std": 0.0934}, "datetime": {"datetime": "2024-08-10 13:55:30", "elapsed": 4780.453387, "delta": 7.213535}}
