{"target": -0.33057821416734195, "params": {"bus_acc": 3.9823, "bus_dcc": 1.4063, "bus_lcAssertive": 80.919, "bus_lcCooperative": 0.2237, "bus_lcLookaheadLeft": 74.7461, "bus_lcPushy": 0.0702, "bus_lcSigma": 0.9801, "bus_lcSpeedGainRight": 3.6496, "bus_lcSublane": 0.9158, "bus_sigma": 0.8056, "bus_tau_mean": 1.6479, "bus_tau_std": 9.2509, "bus_v_mean": 8.0718, "bus_v_std": 15.3271, "car_acc": 1.9482, "car_dcc": 3.9409, "car_lcAssertive": 46.5919, "car_lcCooperative": 0.8655, "car_lcLookaheadLeft": 44.6357, "car_lcPushy": 0.6693, "car_lcSigma": 0.2327, "car_lcSpeedGainRight": 2.1506, "car_lcSublane": 0.1774, "car_sigma": 0.9419, "car_tau_mean": 0.7832, "car_tau_std": 9.0714, "car_v_mean": 18.7222, "car_v_std": 16.0441}, "datetime": {"datetime": "2024-08-10 13:55:34", "elapsed": 4784.44789, "delta": 3.994503}}
{"target": -0.30618556844440115, "params": {"bus_acc": 1.1964, "bus_dcc": 0.4204, "bus_lcAssertive": 7.0201, "bus_lcCooperative": 0.1613, "bus_lcLookaheadLeft": 45.6333, "bus_lcPushy": 0.9238, "bus_lcSigma": 0.8023, "bus_lcSpeedGainRight": 0.5632, "bus_lcSublane": 0.0171, "bus_sigma": 0.0271, "bus_tau_mean": 3.9425, "bus_tau_std": 9.7989, "bus_v_mean": 19.5708, "bus_v_std": 19.1246, "car_acc": 2.5099, "car_dcc": 1.0064, "car_lcAssertive": 97.8964, "car_lcCooperative": 0.2208, "car_lcLookaheadLeft": 41.8718, "car_lcPushy": 0.2965, "car_lcSigma": 0.6199, "car_lcSpeedGainRight": 3.3201, "car_lcSublane": 0.5448, "car_sigma": 0.0788, "car_tau_mean": 3.6482, "car_tau_std": 8.2597, "car_v_mean": 12.1674, "car_v_std": 11.6984}, "datetime": {"datetime": "2024-08-10 13:55:37", "elapsed": 4788.07118, "delta": 3.62329}}
{"target": -0.23187831110852006, "params": {"bus_acc": 1.3601, "bus_dcc": 1.9469, "bus_lcAssertive": 34.2187, "bus_lcCooperative": 0.2737, "bus_lcLookaheadLeft": 42.2864, "bus_lcPushy": 0.6838, "bus_lcSigma": 0.6083, "bus_lcSpeedGainRight": 2.7393, "bus_lcSublane": 0.3523, "bus_sigma": 0.5306, "bus_tau_mean": 3.5482, "bus_tau_std": 0.2452, "bus_v_mean": 8.8994, "bus_v_std": 3.3038, "car_acc": 2.0241, "car_dcc": 0.5203, "car_lcAssertive": 37.8491, "car_lcCooperative": 0.0082, "car_lcLookaheadLeft": 56.48, "car_lcPushy": 0.9372, "car_lcSigma": 0.0975, "car_lcSpeedGainRight": 0.9614, "car_lcSublane": 0.3905, "car_sigma": 0.4281, "car_tau_mean": 0.7003, "car_tau_std": 2.0144, "car_v_mean": 12.5858, "car_v_std": 0.1875}, "datetime": {"datetime": "2024-08-10 13:55:44", "elapsed": 4794.35997, "delta": 6.28879}}
{"target": -0.322620521867616, "params": {"bus_acc": 3.2687, "bus_dcc": 1.2758, "bus_lcAssertive": 23.5135, "bus_lcCooperative": 0.9217, "bus_lcLookaheadLeft": 63.8343, "bus_lcPushy": 0.3111, "bus_lcSigma": 0.3829, "bus_lcSpeedGainRight": 2.9452, "bus_lcSublane": 0.1703, "bus_sigma": 0.9591, "bus_tau_mean": 2.1684, "bus_tau_std": 8.7754, "bus_v_mean": 12.0683, "bus_v_std": 14.7746, "car_acc": 2.175, "car_dcc": 3.2948, "car_lcAssertive": 87.5373, "car_lcCooperative": 0.5917, "car_lcLookaheadLeft": 40.4468, "car_lcPushy": 0.1353, "car_lcSigma": 0.6482, "car_lcSpeedGainRight": 4.6704, "car_lcSublane": 0.4358, "car_sigma": 0.2001, "car_tau_mean": 1.5823, "car_tau_std": 1.6833, "car_v_mean": 25.8636, "car_v_std": 11.8996}, "datetime": {"datetime": "2024-08-10 13:55:53", "elapsed": 4803.681175, "delta": 9.321205}}
{"target": -0.3120108269764637, "params": {"bus_acc": 2.1266, "bus_dcc": 1.9993, "bus_lcAssertive": 75.3159, "bus_lcCooperative": 0.9444, "bus_lcLookaheadLeft": 79.2818, "bus_lcPushy": 0.4384, "bus_lcSigma": 0.6995, "bus_lcSpeedGainRight": 0.6393, "bus_lcSublane": 0.5368, "bus_sigma": 0.5026, "bus_tau_mean": 0.6768, "bus_tau_std": 0.9145, "bus_v_mean": 22.8842, "bus_v_std": 17.4962, "car_acc": 3.2807, "car_dcc": 2.1961, "car_lcAssertive": 8.2328, "car_lcCooperative": 0.8006, "car_lcLookaheadLeft": 80.6518, "car_lcPushy": 0.9285, "car_lcSigma": 0.159, "car_lcSpeedGainRight": 1.0941, "car_lcSublane": 0.7073, "car_sigma": 0.0533, "car_tau_mean": 2.8047, "car_tau_std": 2.6111, "car_v_mean": 15.4979, "car_v_std": 7.5292}, "datetime": {"datetime": "2024-08-10 13:56:04", "elapsed": 4815.077758, "delta": 11.396583}}
{"target": -0.38571791911588277, "params": {"bus_acc": 3.5383, "bus_dcc": 3.2324, "bus_lcAssertive": 42.3816, "bus_lcCooperative": 0.2569, "bus_lcLookaheadLeft": 25.2039, "bus_lcPushy": 0.8686, "bus_lcSigma": 0.2791, "bus_lcSpeedGainRight": 3.0339, "bus_lcSublane": 0.4226, "bus_sigma": 0.8225, "bus_tau_mean": 3.4814, "bus_tau_std": 5.6724, "bus_v_mean": 17.6034, "bus_v_std": 10.1828, "car_acc": 2.4917, "car_dcc": 3.8577, "car_lcAssertive": 49.5089, "car_lcCooperative": 0.1281, "car_lcLookaheadLeft": 27.4447, "car_lcPushy": 0.7216, "car_lcSigma": 0.812, "car_lcSpeedGainRight": 3.5394, "car_lcSublane": 0.9224, "car_sigma": 0.2453, "car_tau_mean": 0.8827, "car_tau_std": 6.5708, "car_v_mean": 24.6805, "car_v_std": 2.469}, "datetime": {"datetime": "2024-08-10 13:56:13", "elapsed": 4823.64962, "delta": 8.571862}}
{"target": -0.3530673291197257, "params": {"bus_acc": 1.33, "bus_dcc": 3.6739, "bus_lcAssertive": 16.3095, "bus_lcCooperative": 0.3962, "bus_lcLookaheadLeft": 53.0798, "bus_lcPushy": 0.462, "bus_lcSigma": 0.3384, "bus_lcSpeedGainRight": 0.3248, "bus_lcSublane": 0.2067, "bus_sigma": 0.7346, "bus_tau_mean": 0.9013, "bus_tau_std": 2.9729, "bus_v_mean": 22.6848, "bus_v_std": 15.9686, "car_acc": 2.3772, "car_dcc": 3.9472, "car_lcAssertive": 66.4133, "car_lcCooperative": 0.9269, "car_lcLookaheadLeft": 29.8379, "car_lcPushy": 0.4984, "car_lcSigma": 0.4803, "car_lcSpeedGainRight": 3.9013, "car_lcSublane": 0.077, "car_sigma": 0.6656, "car_tau_mean": 3.4761, "car_tau_std": 4.5771, "car_v_mean": 15.1347, "car_v_std": 7.4456}, "datetime": {"datetime": "2024-08-10 13:56:20", "elapsed": 4830.535669, "delta": 6.886049}}
{"target": -0.37086542079307844, "params": {"bus_acc": 2.5303, "bus_dcc": 1.4701, "bus_lcAssertive": 32.7871, "bus_lcCooperative": 0.3461, "bus_lcLookaheadLeft": 18.0774, "bus_lcPushy": 0.5839, "bus_lcSigma": 0.1845, "bus_lcSpeedGainRight": 4.1582, "bus_lcSublane": 0.0776, "bus_sigma": 0.4691, "bus_tau_mean": 1.1969, "bus_tau_std": 2.172, "bus_v_mean": 18.4238, "bus_v_std": 17.4744, "car_acc": 1.6734, "car_dcc": 3.768, "car_lcAssertive": 50.3892, "car_lcCooperative": 0.6597, "car_lcLookaheadLeft": 6.2043, "car_lcPushy": 0.0192, "car_lcSigma": 0.1076, "car_lcSpeedGainRight": 2.5945, "car_lcSublane": 0.0056, "car_sigma": 0.1742, "car_tau_mean": 1.0803, "car_tau_std": 6.9561, "car_v_mean": 12.508, "car_v_std": 12.7372}, "datetime": {"datetime": "2024-08-10 13:56:25", "elapsed": 4835.632385, "delta": 5.096716}}
{"target": -0.44493277691496314, "params": {"bus_acc": 0.4074, "bus_dcc": 2.1507, "bus_lcAssertive": 95.9114, "bus_lcCooperative": 0.1874, "bus_lcLookaheadLeft": 6.4679, "bus_lcPushy": 0.6139, "bus_lcSigma": 0.6089, "bus_lcSpeedGainRight": 4.42, "bus_lcSublane": 0.6548, "bus_sigma": 0.8066, "bus_tau_mean": 0.8972, "bus_tau_std": 5.4765, "bus_v_mean": 15.0922, "bus_v_std": 5.3524, "car_acc": 2.2364, "car_dcc": 3.9093, "car_lcAssertive": 35.5769, "car_lcCooperative": 0.2424, "car_lcLookaheadLeft": 99.1044, "car_lcPushy": 0.6083, "car_lcSigma": 0.9229, "car_lcSpeedGainRight": 1.7447, "car_lcSublane": 0.0228, "car_sigma": 0.5204, "car_tau_mean": 3.3062, "car_tau_std": 6.2395, "car_v_mean": 17.5865, "car_v_std": 10.7788}, "datetime": {"datetime": "2024-08-10 13:56:29", "elapsed": 4839.276463, "delta": 3.644078}}
{"target": -0.41704007503148244, "params": {"bus_acc": 0.7294, "bus_dcc": 2.8168, "bus_lcAssertive": 44.5504, "bus_lcCooperative": 0.8967, "bus_lcLookaheadLeft": 59.416, "bus_lcPushy": 0.617, "bus_lcSigma": 0.8536, "bus_lcSpeedGainRight": 4.4294, "bus_lcSublane": 0.2303, "bus_sigma": 0.2286, "bus_tau_mean": 2.7385, "bus_tau_std": 5.9767, "bus_v_mean": 18.3789, "bus_v_std": 6.8996, "car_acc": 3.7317, "car_dcc": 0.604, "car_lcAssertive": 97.9876, "car_lcCooperative": 0.1881, "car_lcLookaheadLeft": 86.6616, "car_lcPushy": 0.5418, "car_lcSigma": 0.9301, "car_lcSpeedGainRight": 2.6254, "car_lcSublane": 0.1422, "car_sigma": 0.3962, "car_tau_mean": 3.5074, "car_tau_std": 3.6931, "car_v_mean": 8.8321, "car_v_std": 3.559}, "datetime": {"datetime": "2024-08-10 13:56:37", "elapsed": 4847.753113, "delta": 8.47665}}
{"target": -0.4308626422043906, "params": {"bus_acc": 3.1855, "bus_dcc": 0.4793, "bus_lcAssertive": 29.6258, "bus_lcCooperative": 0.7591, "bus_lcLookaheadLeft": 76.9639, "bus_lcPushy": 0.5509, "bus_lcSigma": 0.8692, "bus_lcSpeedGainRight": 4.2191, "bus_lcSublane": 0.6383, "bus_sigma": 0.1261, "bus_tau_mean": 1.6971, "bus_tau_std": 6.2605, "bus_v_mean": 23.6961, "bus_v_std": 3.7726, "car_acc": 0.9996, "car_dcc": 3.2917, "car_lcAssertive": 46.8671, "car_lcCooperative": 0.8774, "car_lcLookaheadLeft": 58.5719, "car_lcPushy": 0.2839, "car_lcSigma": 0.5213, "car_lcSpeedGainRight": 1.9914, "car_lcSublane": 0.0979, "car_sigma": 0.7831, "car_tau_mean": 1.8889, "car_tau_std": 6.6148, "car_v_mean": 9.5242, "car_v_std": 19.6943}, "datetime": {"datetime": "2024-08-10 13:56:46", "elapsed": 4856.372792, "delta": 8.619679}}
{"target": -0.3180680549476073, "params": {"bus_acc": 1.3432, "bus_dcc": 1.4986, "bus_lcAssertive": 50.9678, "bus_lcCooperative": 0.0253, "bus_lcLookaheadLeft": 48.5441, "bus_lcPushy": 0.8775, "bus_lcSigma": 0.9114, "bus_lcSpeedGainRight": 0.9655, "bus_lcSublane": 0.3115, "bus_sigma": 0.4807, "bus_tau_mean": 0.5461, "bus_tau_std": 7.6337, "bus_v_mean": 19.0398, "bus_v_std": 11.1867, "car_acc": 2.2022, "car_dcc": 1.2708, "car_lcAssertive": 3.4069, "car_lcCooperative": 0.2469, "car_lcLookaheadLeft": 8.3541, "car_lcPushy": 0.1938, "car_lcSigma": 0.8555, "car_lcSpeedGainRight": 4.2157, "car_lcSublane": 0.441, "car_sigma": 0.3692, "car_tau_mean": 0.6024, "car_tau_std": 8.2847, "car_v_mean": 11.8716, "car_v_std": 2.4693}, "datetime": {"datetime": "2024-08-10 13:56:51", "elapsed": 4861.770666, "delta": 5.397874}}
{"target": -0.32776884401902734, "params": {"bus_acc": 2.2001, "bus_dcc": 2.0874, "bus_lcAssertive": 28.6493, "bus_lcCooperative": 0.4079, "bus_lcLookaheadLeft": 29.8849, "bus_lcPushy": 0.7166, "bus_lcSigma": 0.4331, "bus_lcSpeedGainRight": 1.11, "bus_lcSublane": 0.5925, "bus_sigma": 0.5832, "bus_tau_mean": 2.5226, "bus_tau_std": 3.1958, "bus_v_mean": 11.7726, "bus_v_std": 17.4427, "car_acc": 3.2301, "car_dcc": 3.7988, "car_lcAssertive": 78.9456, "car_lcCooperative": 0.8625, "car_lcLookaheadLeft": 93.4547, "car_lcPushy": 0.6666, "car_lcSigma": 0.653, "car_lcSpeedGainRight": 4.2611, "car_lcSublane": 0.8189, "car_sigma": 0.3704, "car_tau_mean": 3.1103, "car_tau_std": 9.9542, "car_v_mean": 19.8247, "car_v_std": 6.2222}, "datetime": {"datetime": "2024-08-10 13:56:56", "elapsed": 4866.159434, "delta": 4.388768}}
{"target": -0.3601270982200618, "params": {"bus_acc": 1.2376, "bus_dcc": 1.8418, "bus_lcAssertive": 97.4997, "bus_lcCooperative": 0.4747, "bus_lcLookaheadLeft": 38.6289, "bus_lcPushy": 0.3675, "bus_lcSigma": 0.1128, "bus_lcSpeedGainRight": 3.088, "bus_lcSublane": 0.9831, "bus_sigma": 0.3383, "bus_tau_mean": 3.2084, "bus_tau_std": 0.063, "bus_v_mean": 11.6023, "bus_v_std": 12.74, "car_acc": 3.9449, "car_dcc": 1.9899, "car_lcAssertive": 84.8587, "car_lcCooperative": 0.9887, "car_lcLookaheadLeft": 57.0512, "car_lcPushy": 0.6185, "car_lcSigma": 0.3022, "car_lcSpeedGainRight": 2.7588, "car_lcSublane": 0.5204, "car_sigma": 0.7478, "car_tau_mean": 3.4341, "car_tau_std": 4.2935, "car_v_mean": 20.7977, "car_v_std": 4.7542}, "datetime": {"datetime": "2024-08-10 13:56:59", "elapsed": 4869.239332, "delta": 3.079898}}
{"target": -0.3343231477693183, "params": {"bus_acc": 1.1443, "bus_dcc": 0.2108, "bus_lcAssertive": 67.3517, "bus_lcCooperative": 0.5092, "bus_lcLookaheadLeft": 46.0651, "bus_lcPushy": 0.3371, "bus_lcSigma": 0.933, "bus_lcSpeedGainRight": 4.1822, "bus_lcSublane": 0.8947, "bus_sigma": 0.9599, "bus_tau_mean": 2.1566, "bus_tau_std": 6.4443, "bus_v_mean": 19.5192, "bus_v_std": 11.4223, "car_acc": 2.8254, "car_dcc": 3.3567, "car_lcAssertive": 56.1605, "car_lcCooperative": 0.6725, "car_lcLookaheadLeft": 18.5131, "car_lcPushy": 0.6116, "car_lcSigma": 0.1896, "car_lcSpeedGainRight": 4.9532, "car_lcSublane": 0.5226, "car_sigma": 0.9361, "car_tau_mean": 3.3958, "car_tau_std": 2.4537, "car_v_mean": 10.9083, "car_v_std": 9.4588}, "datetime": {"datetime": "2024-08-10 13:57:03", "elapsed": 4873.454245, "delta": 4.214913}}
{"target": -0.3575208688731942, "params": {"bus_acc": 3.7347, "bus_dcc": 1.4257, "bus_lcAssertive": 45.4709, "bus_lcCooperative": 0.7771, "bus_lcLookaheadLeft": 66.0237, "bus_lcPushy": 0.078, "bus_lcSigma": 0.9857, "bus_lcSpeedGainRight": 1.2687, "bus_lcSublane": 0.935, "bus_sigma": 0.6279, "bus_tau_mean": 2.6881, "bus_tau_std": 2.3697, "bus_v_mean": 17.8095, "bus_v_std": 8.8798, "car_acc": 3.1907, "car_dcc": 3.6909, "car_lcAssertive": 59.8614, "car_lcCooperative": 0.9385, "car_lcLookaheadLeft": 38.5761, "car_lcPushy": 0.2944, "car_lcSigma": 0.5086, "car_lcSpeedGainRight": 3.2252, "car_lcSublane": 0.8683, "car_sigma": 0.0196, "car_tau_mean": 1.6874, "car_tau_std": 1.818, "car_v_mean": 17.2497, "car_v_std": 2.702}, "datetime": {"datetime": "2024-08-10 13:57:09", "elapsed": 4879.850994, "delta": 6.396749}}
{"target": -0.298393477648538, "params": {"bus_acc": 2.0457, "bus_dcc": 1.9678, "bus_lcAssertive": 77.1975, "bus_lcCooperative": 0.1036, "bus_lcLookaheadLeft": 33.9944, "bus_lcPushy": 0.3845, "bus_lcSigma": 0.0447, "bus_lcSpeedGainRight": 2.6076, "bus_lcSublane": 0.5059, "bus_sigma": 0.5477, "bus_tau_mean": 1.4747, "bus_tau_std": 4.1933, "bus_v_mean": 15.4098, "bus_v_std": 0.9157, "car_acc": 1.0804, "car_dcc": 0.6337, "car_lcAssertive": 91.7282, "car_lcCooperative": 0.6233, "car_lcLookaheadLeft": 3.1957, "car_lcPushy": 0.7857, "car_lcSigma": 0.8139, "car_lcSpeedGainRight": 1.6916, "car_lcSublane": 0.7947, "car_sigma": 0.8795, "car_tau_mean": 2.2846, "car_tau_std": 3.154, "car_v_mean": 22.9423, "car_v_std": 5.4151}, "datetime": {"datetime": "2024-08-10 13:57:14", "elapsed": 4884.977481, "delta": 5.126487}}
{"target": -0.28611342282307917, "params": {"bus_acc": 0.9032, "bus_dcc": 2.1129, "bus_lcAssertive": 33.6056, "bus_lcCooperative": 0.8982, "bus_lcLookaheadLeft": 5.0735, "bus_lcPushy": 0.5689, "bus_lcSigma": 0.4125, "bus_lcSpeedGainRight": 2.44, "bus_lcSublane": 0.9337, "bus_sigma": 0.8543, "bus_tau_mean": 0.7427, "bus_tau_std": 1.9428, "bus_v_mean": 13.6666, "bus_v_std": 15.4873, "car_acc": 3.1499, "car_dcc": 2.5906, "car_lcAssertive": 79.1611, "car_lcCooperative": 0.1626, "car_lcLookaheadLeft": 95.2807, "car_lcPushy": 0.1334, "car_lcSigma": 0.2009, "car_lcSpeedGainRight": 0.1178, "car_lcSublane": 0.818, "car_sigma": 0.7423, "car_tau_mean": 1.8267, "car_tau_std": 4.8055, "car_v_mean": 16.4155, "car_v_std": 16.1157}, "datetime": {"datetime": "2024-08-10 13:57:19", "elapsed": 4889.32598, "delta": 4.348499}}
{"target": -0.35963472510214434, "params": {"bus_acc": 2.3877, "bus_dcc": 2.58, "bus_lcAssertive": 3.636, "bus_lcCooperative": 0.864, "bus_lcLookaheadLeft": 71.1784, "bus_lcPushy": 0.5124, "bus_lcSigma": 0.7031, "bus_lcSpeedGainRight": 3.3991, "bus_lcSublane": 0.4883, "bus_sigma": 0.6218, "bus_tau_mean": 2.0377, "bus_tau_std": 9.2878, "bus_v_mean": 20.3266, "bus_v_std": 6.3457, "car_acc": 1.2669, "car_dcc": 1.7972, "car_lcAssertive": 10.9398, "car_lcCooperative": 0.526, "car_lcLookaheadLeft": 56.5708, "car_lcPushy": 0.2721, "car_lcSigma": 0.6984, "car_lcSpeedGainRight": 2.6823, "car_lcSublane": 0.2565, "car_sigma": 0.0625, "car_tau_mean": 3.7673, "car_tau_std": 0.7745, "car_v_mean": 21.3134, "car_v_std": 12.5232}, "datetime": {"datetime": "2024-08-10 13:57:23", "elapsed": 4893.19896, "delta": 3.87298}}
{"target": -0.28962798907637605, "params": {"bus_acc": 2.4108, "bus_dcc": 1.5723, "bus_lcAssertive": 43.4762, "bus_lcCooperative": 0.0244, "bus_lcLookaheadLeft": 78.181, "bus_lcPushy": 0.1377, "bus_lcSigma": 0.0439, "bus_lcSpeedGainRight": 0.006, "bus_lcSublane": 0.9707, "bus_sigma": 0.6793, "bus_tau_mean": 1.3413, "bus_tau_std": 2.7159, "bus_v_mean": 8.0302, "bus_v_std": 11.1375, "car_acc": 3.1161, "car_dcc": 3.4591, "car_lcAssertive": 18.9741, "car_lcCooperative": 0.7306, "car_lcLookaheadLeft": 41.48, "car_lcPushy": 0.6762, "car_lcSigma": 0.4189, "car_lcSpeedGainRight": 0.5177, "car_lcSublane": 0.859, "car_sigma": 0.9316, "car_tau_mean": 1.3939, "car_tau_std": 9.9217, "car_v_mean": 25.341, "car_v_std": 15.0755}, "datetime": {"datetime": "2024-08-10 13:57:26", "elapsed": 4897.085503, "delta": 3.886543}}
{"target": -0.45362092507813084, "params": {"bus_acc": 0.2468, "bus_dcc": 3.9184, "bus_lcAssertive": 73.0652, "bus_lcCooperative": 0.1179, "bus_lcLookaheadLeft": 50.2106, "bus_lcPushy": 0.5326, "bus_lcSigma": 0.0209, "bus_lcSpeedGainRight": 4.5802, "bus_lcSublane": 0.4113, "bus_sigma": 0.1158, "bus_tau_mean": 1.8527, "bus_tau_std": 3.3224, "bus_v_mean": 22.2403, "bus_v_std": 10.3188, "car_acc": 1.9659, "car_dcc": 3.1429, "car_lcAssertive": 91.8664, "car_lcCooperative": 0.6303, "car_lcLookaheadLeft": 27.6473, "car_lcPushy": 0.2461, "car_lcSigma": 0.5715, "car_lcSpeedGainRight": 2.9336, "car_lcSublane": 0.9858, "car_sigma": 0.6465, "car_tau_mean": 1.3648, "car_tau_std": 6.5269, "car_v_mean": 16.1977, "car_v_std": 16.9186}, "datetime": {"datetime": "2024-08-10 13:57:31", "elapsed": 4901.311907, "delta": 4.226404}}
{"target": -0.3142376125176319, "params": {"bus_acc": 2.6698, "bus_dcc": 3.3716, "bus_lcAssertive": 37.8734, "bus_lcCooperative": 0.7411, "bus_lcLookaheadLeft": 6.9127, "bus_lcPushy": 0.3505, "bus_lcSigma": 0.2976, "bus_lcSpeedGainRight": 0.3077, "bus_lcSublane": 0.0001, "bus_sigma": 0.5176, "bus_tau_mean": 3.7601, "bus_tau_std": 3.8995, "bus_v_mean": 25.6199, "bus_v_std": 14.4024, "car_acc": 3.6511, "car_dcc": 1.8252, "car_lcAssertive": 57.2938, "car_lcCooperative": 0.0623, "car_lcLookaheadLeft": 14.7415, "car_lcPushy": 0.6102, "car_lcSigma": 0.4092, "car_lcSpeedGainRight": 1.3566, "car_lcSublane": 0.9191, "car_sigma": 0.3058, "car_tau_mean": 3.1802, "car_tau_std": 1.7857, "car_v_mean": 23.3421, "car_v_std": 19.8731}, "datetime": {"datetime": "2024-08-10 13:57:36", "elapsed": 4906.834413, "delta": 5.522506}}
{"target": -0.23150696699176324, "params": {"bus_acc": 0.624, "bus_dcc": 1.5227, "bus_lcAssertive": 24.6737, "bus_lcCooperative": 0.4581, "bus_lcLookaheadLeft": 22.5312, "bus_lcPushy": 0.7241, "bus_lcSigma": 0.1504, "bus_lcSpeedGainRight": 0.5898, "bus_lcSublane": 0.9509, "bus_sigma": 0.6163, "bus_tau_mean": 1.3143, "bus_tau_std": 2.3079, "bus_v_mean": 11.7209, "bus_v_std": 2.5698, "car_acc": 1.7087, "car_dcc": 0.4901, "car_lcAssertive": 4.533, "car_lcCooperative": 0.9884, "car_lcLookaheadLeft": 89.2309, "car_lcPushy": 0.7277, "car_lcSigma": 0.9416, "car_lcSpeedGainRight": 0.8153, "car_lcSublane": 0.3625, "car_sigma": 0.961, "car_tau_mean": 3.8467, "car_tau_std": 4.242, "car_v_mean": 23.9066, "car_v_std": 2.0405}, "datetime": {"datetime": "2024-08-10 13:57:41", "elapsed": 4911.286011, "delta": 4.451598}}
{"target": -0.31823135824412935, "params": {"bus_acc": 3.5631, "bus_dcc": 3.8805, "bus_lcAssertive": 57.8356, "bus_lcCooperative": 0.8656, "bus_lcLookaheadLeft": 86.8318, "bus_lcPushy": 0.4153, "bus_lcSigma": 0.1296, "bus_lcSpeedGainRight": 2.7706, "bus_lcSublane": 0.0229, "bus_sigma": 0.5138, "bus_tau_mean": 2.0154, "bus_tau_std": 0.5543, "bus_v_mean": 19.4652, "bus_v_std": 8.2525, "car_acc": 3.7732, "car_dcc": 0.7245, "car_lcAssertive": 26.8993, "car_lcCooperative": 0.4253, "car_lcLookaheadLeft": 84.5579, "car_lcPushy": 0.3715, "car_lcSigma": 0.2806, "car_lcSpeedGainRight": 2.9743, "car_lcSublane": 0.4485, "car_sigma": 0.0615, "car_tau_mean": 2.2819, "car_tau_std": 6.9853, "car_v_mean": 8.6627, "car_v_std": 13.5724}, "datetime": {"datetime": "2024-08-10 13:57:49", "elapsed": 4919.684848, "delta": 8.398837}}
{"target": -0.391289063983022, "params": {"bus_acc": 0.4878, "bus_dcc": 2.9846, "bus_lcAssertive": 83.4394, "bus_lcCooperative": 0.4314, "bus_lcLookaheadLeft": 95.1708, "bus_lcPushy": 0.1852, "bus_lcSigma": 0.786, "bus_lcSpeedGainRight": 0.8014, "bus_lcSublane": 0.3207, "bus_sigma": 0.3461, "bus_tau_mean": 1.1439, "bus_tau_std": 1.9926, "bus_v_mean": 20.5728, "bus_v_std": 1.4072, "car_acc": 1.265, "car_dcc": 3.1772, "car_lcAssertive": 75.1054, "car_lcCooperative": 0.5853, "car_lcLookaheadLeft": 12.9869, "car_lcPushy": 0.2719, "car_lcSigma": 0.3215, "car_lcSpeedGainRight": 0.7261, "car_lcSublane": 0.5212, "car_sigma": 0.1015, "car_tau_mean": 1.2039, "car_tau_std": 4.4425, "car_v_mean": 9.7307, "car_v_std": 12.0332}, "datetime": {"datetime": "2024-08-10 13:57:56", "elapsed": 4926.345398, "delta": 6.66055}}
{"target": -0.2504978298208906, "params": {"bus_acc": 3.6847, "bus_dcc": 1.9838, "bus_lcAssertive": 81.0662, "bus_lcCooperative": 0.0771, "bus_lcLookaheadLeft": 66.0832, "bus_lcPushy": 0.3189, "bus_lcSigma": 0.7594, "bus_lcSpeedGainRight": 1.1878, "bus_lcSublane": 0.8277, "bus_sigma": 0.2484, "bus_tau_mean": 3.6718, "bus_tau_std": 0.8162, "bus_v_mean": 16.8037, "bus_v_std": 13.3091, "car_acc": 3.0238, "car_dcc": 0.3372, "car_lcAssertive": 15.0458, "car_lcCooperative": 0.256, "car_lcLookaheadLeft": 13.8107, "car_lcPushy": 0.6091, "car_lcSigma": 0.9866, "car_lcSpeedGainRight": 2.3962, "car_lcSublane": 0.67, "car_sigma": 0.0928, "car_tau_mean": 2.7924, "car_tau_std": 8.9987, "car_v_mean": 13.8221, "car_v_std": 13.2189}, "datetime": {"datetime": "2024-08-10 13:58:02", "elapsed": 4932.262104, "delta": 5.916706}}
