{"target": -0.4222529590990663, "params": {"bus_acc": 3.4892, "bus_dcc": 3.4194, "bus_lcAssertive": 72.0335, "bus_lcCooperative": 0.5513, "bus_lcLookaheadLeft": 11.8754, "bus_lcPushy": 0.0324, "bus_lcSigma": 0.0295, "bus_lcSpeedGainRight": 4.2526, "bus_lcSublane": 0.7963, "bus_sigma": 0.4307, "bus_tau_mean": 0.7636, "bus_tau_std": 8.1536, "bus_v_mean": 19.5815, "bus_v_std": 18.2687, "car_acc": 0.8831, "car_dcc": 1.9104, "car_lcAssertive": 9.9074, "car_lcCooperative": 0.3477, "car_lcLookaheadLeft": 72.1164, "car_lcPushy": 0.9378, "car_lcSigma": 0.9877, "car_lcSpeedGainRight": 0.109, "car_lcSublane": 0.238, "car_sigma": 0.4551, "car_tau_mean": 3.7149, "car_tau_std": 1.7377, "car_v_mean": 22.2242, "car_v_std": 1.5402}, "datetime": {"datetime": "2024-08-10 13:08:39", "elapsed": 1969.768827, "delta": 3.258848}}
{"target": -0.42414592340180945, "params": {"bus_acc": 0.2838, "bus_dcc": 1.6972, "bus_lcAssertive": 17.846, "bus_lcCooperative": 0.7439, "bus_lcLookaheadLeft": 5.3237, "bus_lcPushy": 0.592, "bus_lcSigma": 0.6782, "bus_lcSpeedGainRight": 4.5782, "bus_lcSublane": 0.04, "bus_sigma": 0.6601, "bus_tau_mean": 2.162, "bus_tau_std": 6.1082, "bus_v_mean": 19.2755, "bus_v_std": 1.9511, "car_acc": 2.9231, "car_dcc": 3.5672, "car_lcAssertive": 71.8343, "car_lcCooperative": 0.8066, "car_lcLookaheadLeft": 6.1901, "car_lcPushy": 0.3311, "car_lcSigma": 0.7421, "car_lcSpeedGainRight": 2.522, "car_lcSublane": 0.7223, "car_sigma": 0.5696, "car_tau_mean": 1.9033, "car_tau_std": 3.4641, "car_v_mean": 13.125, "car_v_std": 10.3461}, "datetime": {"datetime": "2024-08-10 13:08:43", "elapsed": 1973.724011, "delta": 3.955184}}
{"target": -0.46369433154082756, "params": {"bus_acc": 0.8132, "bus_dcc": 2.7588, "bus_lcAssertive": 75.701, "bus_lcCooperative": 0.4694, "bus_lcLookaheadLeft": 96.2317, "bus_lcPushy": 0.0267, "bus_lcSigma": 0.1789, "bus_lcSpeedGainRight": 4.154, "bus_lcSublane": 0.8399, "bus_sigma": 0.7603, "bus_tau_mean": 3.9836, "bus_tau_std": 9.6813, "bus_v_mean": 15.9589, "bus_v_std": 12.7369, "car_acc": 0.8726, "car_dcc": 3.286, "car_lcAssertive": 4.5712, "car_lcCooperative": 0.6339, "car_lcLookaheadLeft": 54.5119, "car_lcPushy": 0.9291, "car_lcSigma": 0.5912, "car_lcSpeedGainRight": 4.278, "car_lcSublane": 0.1202, "car_sigma": 0.7925, "car_tau_mean": 2.1428, "car_tau_std": 4.0861, "car_v_mean": 8.3914, "car_v_std": 7.0383}, "datetime": {"datetime": "2024-08-10 13:08:48", "elapsed": 1978.891585, "delta": 5.167574}}
{"target": -0.6855687302726933, "params": {"bus_acc": 2.4292, "bus_dcc": 0.605, "bus_lcAssertive": 22.89, "bus_lcCooperative": 0.7656, "bus_lcLookaheadLeft": 51.5756, "bus_lcPushy": 0.8222, "bus_lcSigma": 0.2341, "bus_lcSpeedGainRight": 3.7151, "bus_lcSublane": 0.6222, "bus_sigma": 0.3147, "bus_tau_mean": 3.7297, "bus_tau_std": 2.6899, "bus_v_mean": 22.2771, "bus_v_std": 10.375, "car_acc": 0.3989, "car_dcc": 1.5252, "car_lcAssertive": 99.7835, "car_lcCooperative": 0.5668, "car_lcLookaheadLeft": 30.3425, "car_lcPushy": 0.2399, "car_lcSigma": 0.7451, "car_lcSpeedGainRight": 0.5838, "car_lcSublane": 0.0484, "car_sigma": 0.8918, "car_tau_mean": 1.0573, "car_tau_std": 1.591, "car_v_mean": 9.9068, "car_v_std": 11.8462}, "datetime": {"datetime": "2024-08-10 13:08:52", "elapsed": 1982.92107, "delta": 4.029485}}
{"target": -0.3391777308877488, "params": {"bus_acc": 0.8806, "bus_dcc": 1.2301, "bus_lcAssertive": 33.2873, "bus_lcCooperative": 0.6535, "bus_lcLookaheadLeft": 50.9324, "bus_lcPushy": 1.0, "bus_lcSigma": 1.0, "bus_lcSpeedGainRight": 3.3219, "bus_lcSublane": 0.6452, "bus_sigma": 0.5915, "bus_tau_mean": 3.4446, "bus_tau_std": 2.7149, "bus_v_mean": 18.0847, "bus_v_std": 15.3283, "car_acc": 1.4101, "car_dcc": 1.2058, "car_lcAssertive": 5.2766, "car_lcCooperative": 0.5526, "car_lcLookaheadLeft": 85.8149, "car_lcPushy": 0.5097, "car_lcSigma": 0.6287, "car_lcSpeedGainRight": 0.5688, "car_lcSublane": 1.0, "car_sigma": 0.6367, "car_tau_mean": 2.2903, "car_tau_std": 1.7357, "car_v_mean": 15.1638, "car_v_std": 8.8626}, "datetime": {"datetime": "2024-08-10 13:08:56", "elapsed": 1986.919467, "delta": 3.998397}}
{"target": -0.3242795143585017, "params": {"bus_acc": 2.8438, "bus_dcc": 1.5368, "bus_lcAssertive": 67.2133, "bus_lcCooperative": 0.8478, "bus_lcLookaheadLeft": 48.2635, "bus_lcPushy": 0.289, "bus_lcSigma": 0.6548, "bus_lcSpeedGainRight": 4.3893, "bus_lcSublane": 0.8625, "bus_sigma": 0.4904, "bus_tau_mean": 2.2451, "bus_tau_std": 1.7589, "bus_v_mean": 23.7299, "bus_v_std": 8.2287, "car_acc": 2.3731, "car_dcc": 1.6543, "car_lcAssertive": 44.2259, "car_lcCooperative": 0.2474, "car_lcLookaheadLeft": 54.5568, "car_lcPushy": 0.8589, "car_lcSigma": 0.1948, "car_lcSpeedGainRight": 4.7386, "car_lcSublane": 0.8635, "car_sigma": 0.6612, "car_tau_mean": 0.6487, "car_tau_std": 9.446, "car_v_mean": 17.1076, "car_v_std": 12.3174}, "datetime": {"datetime": "2024-08-10 13:09:00", "elapsed": 1990.679142, "delta": 3.759675}}
{"target": -0.3001347025580831, "params": {"bus_acc": 1.751, "bus_dcc": 0.7646, "bus_lcAssertive": 56.055, "bus_lcCooperative": 0.715, "bus_lcLookaheadLeft": 16.1696, "bus_lcPushy": 0.2744, "bus_lcSigma": 0.6596, "bus_lcSpeedGainRight": 3.0023, "bus_lcSublane": 0.6316, "bus_sigma": 0.7195, "bus_tau_mean": 3.2522, "bus_tau_std": 1.7739, "bus_v_mean": 10.0616, "bus_v_std": 0.4771, "car_acc": 2.5929, "car_dcc": 2.2778, "car_lcAssertive": 27.2914, "car_lcCooperative": 0.9336, "car_lcLookaheadLeft": 13.3852, "car_lcPushy": 0.5332, "car_lcSigma": 0.3435, "car_lcSpeedGainRight": 4.6098, "car_lcSublane": 0.0552, "car_sigma": 0.4165, "car_tau_mean": 2.1437, "car_tau_std": 9.8768, "car_v_mean": 16.0186, "car_v_std": 15.2802}, "datetime": {"datetime": "2024-08-10 13:09:07", "elapsed": 1997.549386, "delta": 6.870244}}
{"target": -0.3281378642483029, "params": {"bus_acc": 2.7662, "bus_dcc": 2.2408, "bus_lcAssertive": 40.1446, "bus_lcCooperative": 0.0699, "bus_lcLookaheadLeft": 64.6761, "bus_lcPushy": 0.5701, "bus_lcSigma": 0.4477, "bus_lcSpeedGainRight": 1.2479, "bus_lcSublane": 0.6157, "bus_sigma": 0.6826, "bus_tau_mean": 1.8549, "bus_tau_std": 1.1722, "bus_v_mean": 14.584, "bus_v_std": 17.4175, "car_acc": 1.7224, "car_dcc": 1.3817, "car_lcAssertive": 78.4114, "car_lcCooperative": 0.8835, "car_lcLookaheadLeft": 52.4237, "car_lcPushy": 0.4099, "car_lcSigma": 0.885, "car_lcSpeedGainRight": 4.7953, "car_lcSublane": 0.4667, "car_sigma": 0.9063, "car_tau_mean": 3.508, "car_tau_std": 1.7449, "car_v_mean": 10.2598, "car_v_std": 19.1269}, "datetime": {"datetime": "2024-08-10 13:09:13", "elapsed": 2003.693467, "delta": 6.144081}}
{"target": -0.34597372651364383, "params": {"bus_acc": 3.646, "bus_dcc": 2.2591, "bus_lcAssertive": 94.7365, "bus_lcCooperative": 0.4365, "bus_lcLookaheadLeft": 25.8432, "bus_lcPushy": 0.5739, "bus_lcSigma": 0.9618, "bus_lcSpeedGainRight": 1.1256, "bus_lcSublane": 0.6774, "bus_sigma": 0.3542, "bus_tau_mean": 3.9295, "bus_tau_std": 3.3969, "bus_v_mean": 22.2717, "bus_v_std": 5.0165, "car_acc": 3.4726, "car_dcc": 3.6578, "car_lcAssertive": 15.0752, "car_lcCooperative": 0.7162, "car_lcLookaheadLeft": 19.2335, "car_lcPushy": 0.9224, "car_lcSigma": 0.9342, "car_lcSpeedGainRight": 0.3018, "car_lcSublane": 0.1474, "car_sigma": 0.0206, "car_tau_mean": 2.7038, "car_tau_std": 9.8525, "car_v_mean": 20.9496, "car_v_std": 8.06}, "datetime": {"datetime": "2024-08-10 13:09:17", "elapsed": 2007.701514, "delta": 4.008047}}
{"target": -0.2981218685557609, "params": {"bus_acc": 1.4471, "bus_dcc": 1.4264, "bus_lcAssertive": 11.225, "bus_lcCooperative": 0.8645, "bus_lcLookaheadLeft": 10.7703, "bus_lcPushy": 0.7256, "bus_lcSigma": 0.0828, "bus_lcSpeedGainRight": 3.9612, "bus_lcSublane": 0.2946, "bus_sigma": 0.355, "bus_tau_mean": 2.3396, "bus_tau_std": 9.1612, "bus_v_mean": 17.588, "bus_v_std": 19.8754, "car_acc": 2.997, "car_dcc": 3.2359, "car_lcAssertive": 52.8777, "car_lcCooperative": 0.1133, "car_lcLookaheadLeft": 80.0419, "car_lcPushy": 0.5811, "car_lcSigma": 0.2677, "car_lcSpeedGainRight": 1.0376, "car_lcSublane": 0.1107, "car_sigma": 0.9397, "car_tau_mean": 2.6715, "car_tau_std": 4.583, "car_v_mean": 20.6989, "car_v_std": 8.9825}, "datetime": {"datetime": "2024-08-10 13:09:20", "elapsed": 2010.954707, "delta": 3.253193}}
{"target": -0.23963623023910471, "params": {"bus_acc": 1.2571, "bus_dcc": 2.8676, "bus_lcAssertive": 82.0994, "bus_lcCooperative": 0.2388, "bus_lcLookaheadLeft": 65.7041, "bus_lcPushy": 0.4373, "bus_lcSigma": 0.7377, "bus_lcSpeedGainRight": 1.0594, "bus_lcSublane": 0.6086, "bus_sigma": 0.9479, "bus_tau_mean": 2.9748, "bus_tau_std": 9.9544, "bus_v_mean": 15.0312, "bus_v_std": 4.832, "car_acc": 3.1891, "car_dcc": 0.2201, "car_lcAssertive": 84.3754, "car_lcCooperative": 0.6727, "car_lcLookaheadLeft": 46.8499, "car_lcPushy": 0.1649, "car_lcSigma": 0.2985, "car_lcSpeedGainRight": 1.8472, "car_lcSublane": 0.9999, "car_sigma": 0.7359, "car_tau_mean": 2.2099, "car_tau_std": 1.3099, "car_v_mean": 14.41, "car_v_std": 5.0451}, "datetime": {"datetime": "2024-08-10 13:09:26", "elapsed": 2016.178806, "delta": 5.224099}}
{"target": -0.32709113999012734, "params": {"bus_acc": 2.9802, "bus_dcc": 2.7373, "bus_lcAssertive": 70.431, "bus_lcCooperative": 0.6466, "bus_lcLookaheadLeft": 44.2067, "bus_lcPushy": 0.5352, "bus_lcSigma": 0.298, "bus_lcSpeedGainRight": 2.261, "bus_lcSublane": 0.6112, "bus_sigma": 0.2321, "bus_tau_mean": 2.9899, "bus_tau_std": 4.5785, "bus_v_mean": 8.4061, "bus_v_std": 8.2569, "car_acc": 2.1473, "car_dcc": 3.0397, "car_lcAssertive": 5.2954, "car_lcCooperative": 0.0234, "car_lcLookaheadLeft": 4.0731, "car_lcPushy": 0.5621, "car_lcSigma": 0.7748, "car_lcSpeedGainRight": 0.4736, "car_lcSublane": 0.1507, "car_sigma": 0.9848, "car_tau_mean": 2.2384, "car_tau_std": 7.5295, "car_v_mean": 22.46, "car_v_std": 5.7854}, "datetime": {"datetime": "2024-08-10 13:09:33", "elapsed": 2023.330821, "delta": 7.152015}}
{"target": -0.4276874646149172, "params": {"bus_acc": 0.3189, "bus_dcc": 2.2387, "bus_lcAssertive": 48.4045, "bus_lcCooperative": 0.4124, "bus_lcLookaheadLeft": 85.2549, "bus_lcPushy": 0.0605, "bus_lcSigma": 0.6233, "bus_lcSpeedGainRight": 0.6277, "bus_lcSublane": 0.7529, "bus_sigma": 0.9783, "bus_tau_mean": 3.4215, "bus_tau_std": 4.1149, "bus_v_mean": 22.6297, "bus_v_std": 12.4945, "car_acc": 1.4768, "car_dcc": 3.138, "car_lcAssertive": 59.1433, "car_lcCooperative": 0.6098, "car_lcLookaheadLeft": 53.0525, "car_lcPushy": 0.4651, "car_lcSigma": 0.5352, "car_lcSpeedGainRight": 2.5804, "car_lcSublane": 0.6763, "car_sigma": 0.5583, "car_tau_mean": 0.9503, "car_tau_std": 3.7332, "car_v_mean": 21.0607, "car_v_std": 7.4194}, "datetime": {"datetime": "2024-08-10 13:09:37", "elapsed": 2027.356424, "delta": 4.025603}}
{"target": -0.3256362984593241, "params": {"bus_acc": 3.8251, "bus_dcc": 3.3131, "bus_lcAssertive": 54.4032, "bus_lcCooperative": 0.4177, "bus_lcLookaheadLeft": 55.5343, "bus_lcPushy": 0.0316, "bus_lcSigma": 0.8844, "bus_lcSpeedGainRight": 0.7074, "bus_lcSublane": 0.3693, "bus_sigma": 0.7267, "bus_tau_mean": 3.3632, "bus_tau_std": 2.5684, "bus_v_mean": 23.2177, "bus_v_std": 1.4931, "car_acc": 2.1033, "car_dcc": 0.6024, "car_lcAssertive": 97.1631, "car_lcCooperative": 0.278, "car_lcLookaheadLeft": 31.0061, "car_lcPushy": 0.4915, "car_lcSigma": 0.8711, "car_lcSpeedGainRight": 4.8235, "car_lcSublane": 0.5956, "car_sigma": 0.8696, "car_tau_mean": 0.6854, "car_tau_std": 6.949, "car_v_mean": 20.0503, "car_v_std": 14.2164}, "datetime": {"datetime": "2024-08-10 13:09:40", "elapsed": 2030.836559, "delta": 3.480135}}
{"target": -0.3485697120159981, "params": {"bus_acc": 3.8165, "bus_dcc": 3.5321, "bus_lcAssertive": 88.8989, "bus_lcCooperative": 0.7123, "bus_lcLookaheadLeft": 2.3765, "bus_lcPushy": 0.7038, "bus_lcSigma": 0.1766, "bus_lcSpeedGainRight": 4.1035, "bus_lcSublane": 0.8164, "bus_sigma": 0.3059, "bus_tau_mean": 0.9261, "bus_tau_std": 8.2997, "bus_v_mean": 9.348, "bus_v_std": 19.4416, "car_acc": 1.7347, "car_dcc": 3.6068, "car_lcAssertive": 58.7345, "car_lcCooperative": 0.5068, "car_lcLookaheadLeft": 74.6435, "car_lcPushy": 0.6698, "car_lcSigma": 0.9879, "car_lcSpeedGainRight": 0.3953, "car_lcSublane": 0.4652, "car_sigma": 0.4346, "car_tau_mean": 1.6978, "car_tau_std": 4.9604, "car_v_mean": 8.1364, "car_v_std": 5.6091}, "datetime": {"datetime": "2024-08-10 13:09:46", "elapsed": 2036.31878, "delta": 5.482221}}
{"target": -0.29594078976310634, "params": {"bus_acc": 2.5553, "bus_dcc": 1.9681, "bus_lcAssertive": 3.2288, "bus_lcCooperative": 0.1636, "bus_lcLookaheadLeft": 17.0936, "bus_lcPushy": 0.5591, "bus_lcSigma": 0.2045, "bus_lcSpeedGainRight": 0.5503, "bus_lcSublane": 0.0654, "bus_sigma": 0.1015, "bus_tau_mean": 1.0858, "bus_tau_std": 7.4494, "bus_v_mean": 9.5197, "bus_v_std": 9.6747, "car_acc": 3.0208, "car_dcc": 3.0065, "car_lcAssertive": 27.0876, "car_lcCooperative": 0.1107, "car_lcLookaheadLeft": 57.9077, "car_lcPushy": 0.294, "car_lcSigma": 0.6028, "car_lcSpeedGainRight": 1.4191, "car_lcSublane": 0.9092, "car_sigma": 0.2595, "car_tau_mean": 2.1653, "car_tau_std": 4.514, "car_v_mean": 22.8882, "car_v_std": 10.8205}, "datetime": {"datetime": "2024-08-10 13:09:51", "elapsed": 2041.912258, "delta": 5.593478}}
{"target": -0.35139064002972215, "params": {"bus_acc": 3.8857, "bus_dcc": 1.9117, "bus_lcAssertive": 10.9236, "bus_lcCooperative": 0.9819, "bus_lcLookaheadLeft": 24.8268, "bus_lcPushy": 0.327, "bus_lcSigma": 0.7123, "bus_lcSpeedGainRight": 4.5502, "bus_lcSublane": 0.4977, "bus_sigma": 0.783, "bus_tau_mean": 2.0706, "bus_tau_std": 3.3317, "bus_v_mean": 14.6503, "bus_v_std": 2.0199, "car_acc": 3.3512, "car_dcc": 3.3899, "car_lcAssertive": 21.6456, "car_lcCooperative": 0.1647, "car_lcLookaheadLeft": 20.0091, "car_lcPushy": 0.3159, "car_lcSigma": 0.1223, "car_lcSpeedGainRight": 3.7534, "car_lcSublane": 0.7396, "car_sigma": 0.1619, "car_tau_mean": 3.0876, "car_tau_std": 2.006, "car_v_mean": 11.8099, "car_v_std": 6.3091}, "datetime": {"datetime": "2024-08-10 13:09:55", "elapsed": 2045.344914, "delta": 3.432656}}
{"target": -0.37997040035934226, "params": {"bus_acc": 1.1342, "bus_dcc": 0.6951, "bus_lcAssertive": 11.1665, "bus_lcCooperative": 0.076, "bus_lcLookaheadLeft": 51.9814, "bus_lcPushy": 0.0264, "bus_lcSigma": 0.5165, "bus_lcSpeedGainRight": 2.8265, "bus_lcSublane": 0.2928, "bus_sigma": 0.9032, "bus_tau_mean": 3.93, "bus_tau_std": 6.2678, "bus_v_mean": 20.4286, "bus_v_std": 12.4894, "car_acc": 0.7029, "car_dcc": 0.7682, "car_lcAssertive": 74.7049, "car_lcCooperative": 0.8331, "car_lcLookaheadLeft": 47.9915, "car_lcPushy": 0.5568, "car_lcSigma": 0.6993, "car_lcSpeedGainRight": 0.1353, "car_lcSublane": 0.406, "car_sigma": 0.2413, "car_tau_mean": 2.4111, "car_tau_std": 2.7467, "car_v_mean": 12.4432, "car_v_std": 3.235}, "datetime": {"datetime": "2024-08-10 13:09:59", "elapsed": 2049.672325, "delta": 4.327411}}
{"target": -0.4949634475048743, "params": {"bus_acc": 2.5899, "bus_dcc": 1.3755, "bus_lcAssertive": 55.426, "bus_lcCooperative": 0.5265, "bus_lcLookaheadLeft": 30.9072, "bus_lcPushy": 0.4361, "bus_lcSigma": 0.8265, "bus_lcSpeedGainRight": 2.127, "bus_lcSublane": 0.0796, "bus_sigma": 0.3114, "bus_tau_mean": 3.5586, "bus_tau_std": 0.4185, "bus_v_mean": 17.23, "bus_v_std": 18.1681, "car_acc": 0.4043, "car_dcc": 0.2559, "car_lcAssertive": 58.974, "car_lcCooperative": 0.908, "car_lcLookaheadLeft": 61.1589, "car_lcPushy": 0.6821, "car_lcSigma": 0.0447, "car_lcSpeedGainRight": 0.3606, "car_lcSublane": 0.8666, "car_sigma": 0.5471, "car_tau_mean": 1.6344, "car_tau_std": 7.6268, "car_v_mean": 12.9105, "car_v_std": 2.1528}, "datetime": {"datetime": "2024-08-10 13:10:04", "elapsed": 2054.538874, "delta": 4.866549}}
{"target": -0.37098149725697077, "params": {"bus_acc": 0.8241, "bus_dcc": 2.1623, "bus_lcAssertive": 91.9332, "bus_lcCooperative": 0.46, "bus_lcLookaheadLeft": 24.0511, "bus_lcPushy": 0.6223, "bus_lcSigma": 0.2053, "bus_lcSpeedGainRight": 1.9528, "bus_lcSublane": 0.4684, "bus_sigma": 0.6043, "bus_tau_mean": 2.1334, "bus_tau_std": 9.0078, "bus_v_mean": 24.4599, "bus_v_std": 10.3204, "car_acc": 1.6537, "car_dcc": 0.7871, "car_lcAssertive": 90.924, "car_lcCooperative": 0.2385, "car_lcLookaheadLeft": 48.6107, "car_lcPushy": 0.8046, "car_lcSigma": 0.725, "car_lcSpeedGainRight": 0.0711, "car_lcSublane": 0.5059, "car_sigma": 0.6676, "car_tau_mean": 2.5744, "car_tau_std": 7.7835, "car_v_mean": 14.8533, "car_v_std": 9.2947}, "datetime": {"datetime": "2024-08-10 13:10:08", "elapsed": 2058.276985, "delta": 3.738111}}
{"target": -0.24327723550624283, "params": {"bus_acc": 2.0583, "bus_dcc": 3.0637, "bus_lcAssertive": 60.3672, "bus_lcCooperative": 0.8259, "bus_lcLookaheadLeft": 91.8316, "bus_lcPushy": 0.5841, "bus_lcSigma": 0.0811, "bus_lcSpeedGainRight": 0.131, "bus_lcSublane": 0.712, "bus_sigma": 0.4797, "bus_tau_mean": 1.6872, "bus_tau_std": 4.2311, "bus_v_mean": 12.014, "bus_v_std": 18.6716, "car_acc": 1.98, "car_dcc": 0.3699, "car_lcAssertive": 35.476, "car_lcCooperative": 0.3549, "car_lcLookaheadLeft": 68.1784, "car_lcPushy": 0.6244, "car_lcSigma": 0.2683, "car_lcSpeedGainRight": 2.6555, "car_lcSublane": 0.0296, "car_sigma": 0.4356, "car_tau_mean": 3.2101, "car_tau_std": 1.573, "car_v_mean": 8.053, "car_v_std": 17.6014}, "datetime": {"datetime": "2024-08-10 13:10:15", "elapsed": 2065.886209, "delta": 7.609224}}
{"target": -0.25752106474314934, "params": {"bus_acc": 0.373, "bus_dcc": 3.1537, "bus_lcAssertive": 70.0415, "bus_lcCooperative": 0.4506, "bus_lcLookaheadLeft": 92.4757, "bus_lcPushy": 0.9084, "bus_lcSigma": 0.7805, "bus_lcSpeedGainRight": 4.5324, "bus_lcSublane": 0.5623, "bus_sigma": 0.8144, "bus_tau_mean": 2.5259, "bus_tau_std": 9.2091, "bus_v_mean": 20.665, "bus_v_std": 18.5958, "car_acc": 0.883, "car_dcc": 0.4168, "car_lcAssertive": 35.7966, "car_lcCooperative": 0.9711, "car_lcLookaheadLeft": 21.2778, "car_lcPushy": 0.0465, "car_lcSigma": 0.6729, "car_lcSpeedGainRight": 1.6649, "car_lcSublane": 0.9418, "car_sigma": 0.9668, "car_tau_mean": 0.7037, "car_tau_std": 5.6516, "car_v_mean": 16.0751, "car_v_std": 3.2609}, "datetime": {"datetime": "2024-08-10 13:10:19", "elapsed": 2070.055458, "delta": 4.169249}}
{"target": -0.3536312868093654, "params": {"bus_acc": 3.2074, "bus_dcc": 3.6153, "bus_lcAssertive": 45.3645, "bus_lcCooperative": 0.776, "bus_lcLookaheadLeft": 10.1908, "bus_lcPushy": 0.8005, "bus_lcSigma": 0.4197, "bus_lcSpeedGainRight": 1.9261, "bus_lcSublane": 0.0606, "bus_sigma": 0.4319, "bus_tau_mean": 3.4181, "bus_tau_std": 3.5777, "bus_v_mean": 12.4345, "bus_v_std": 6.1714, "car_acc": 1.2203, "car_dcc": 3.9742, "car_lcAssertive": 48.7639, "car_lcCooperative": 0.0418, "car_lcLookaheadLeft": 16.3368, "car_lcPushy": 0.6902, "car_lcSigma": 0.7655, "car_lcSpeedGainRight": 0.9718, "car_lcSublane": 0.3708, "car_sigma": 0.4738, "car_tau_mean": 3.4052, "car_tau_std": 5.41, "car_v_mean": 12.6308, "car_v_std": 5.7959}, "datetime": {"datetime": "2024-08-10 13:10:27", "elapsed": 2077.424702, "delta": 7.369244}}
{"target": -0.2628673741689116, "params": {"bus_acc": 0.3165, "bus_dcc": 0.8812, "bus_lcAssertive": 59.2386, "bus_lcCooperative": 0.4151, "bus_lcLookaheadLeft": 24.8876, "bus_lcPushy": 0.0673, "bus_lcSigma": 0.3403, "bus_lcSpeedGainRight": 3.2114, "bus_lcSublane": 0.1995, "bus_sigma": 0.3092, "bus_tau_mean": 1.498, "bus_tau_std": 9.2184, "bus_v_mean": 8.4393, "bus_v_std": 3.2957, "car_acc": 2.0846, "car_dcc": 0.2227, "car_lcAssertive": 68.4439, "car_lcCooperative": 0.1763, "car_lcLookaheadLeft": 62.8816, "car_lcPushy": 0.4689, "car_lcSigma": 0.0722, "car_lcSpeedGainRight": 3.1311, "car_lcSublane": 0.8053, "car_sigma": 0.8038, "car_tau_mean": 3.6142, "car_tau_std": 3.9474, "car_v_mean": 8.7602, "car_v_std": 15.31}, "datetime": {"datetime": "2024-08-10 13:10:30", "elapsed": 2080.398958, "delta": 2.974256}}
{"target": -0.3221634383002048, "params": {"bus_acc": 0.4144, "bus_dcc": 0.7833, "bus_lcAssertive": 33.3968, "bus_lcCooperative": 0.0681, "bus_lcLookaheadLeft": 64.7414, "bus_lcPushy": 0.3179, "bus_lcSigma": 0.5902, "bus_lcSpeedGainRight": 2.2089, "bus_lcSublane": 0.775, "bus_sigma": 0.0778, "bus_tau_mean": 1.8715, "bus_tau_std": 2.8812, "bus_v_mean": 21.4515, "bus_v_std": 7.3786, "car_acc": 2.5061, "car_dcc": 1.9421, "car_lcAssertive": 51.4602, "car_lcCooperative": 0.3609, "car_lcLookaheadLeft": 65.8093, "car_lcPushy": 0.8331, "car_lcSigma": 0.8766, "car_lcSpeedGainRight": 2.1806, "car_lcSublane": 0.6255, "car_sigma": 0.8033, "car_tau_mean": 3.8709, "car_tau_std": 8.2282, "car_v_mean": 17.1129, "car_v_std": 5.9138}, "datetime": {"datetime": "2024-08-10 13:10:39", "elapsed": 2089.274913, "delta": 8.875955}}
{"target": -0.3747207673941415, "params": {"bus_acc": 1.9517, "bus_dcc": 1.3484, "bus_lcAssertive": 1.8909, "bus_lcCooperative": 0.6449, "bus_lcLookaheadLeft": 27.1544, "bus_lcPushy": 0.8595, "bus_lcSigma": 0.0462, "bus_lcSpeedGainRight": 3.5438, "bus_lcSublane": 0.6164, "bus_sigma": 0.7031, "bus_tau_mean": 0.556, "bus_tau_std": 5.134, "bus_v_mean": 9.406, "bus_v_std": 3.1264, "car_acc": 0.8364, "car_dcc": 1.4502, "car_lcAssertive": 43.8221, "car_lcCooperative": 0.4814, "car_lcLookaheadLeft": 20.2847, "car_lcPushy": 0.7518, "car_lcSigma": 0.819, "car_lcSpeedGainRight": 1.3256, "car_lcSublane": 0.9302, "car_sigma": 0.3973, "car_tau_mean": 3.3091, "car_tau_std": 1.1232, "car_v_mean": 22.5335, "car_v_std": 6.2158}, "datetime": {"datetime": "2024-08-10 13:10:44", "elapsed": 2094.550793, "delta": 5.27588}}
