{"target": -0.3198466052618399, "params": {"bus_acc": 2.182768595089422, "bus_dcc": 3.1962207068193575, "bus_lcAssertive": 94.31724512520901, "bus_lcCooperative": 0.49728979211666346, "bus_lcLookaheadLeft": 60.18787811883346, "bus_lcPushy": 0.2908599378104706, "bus_lcSigma": 0.1491595089201888, "bus_lcSpeedGainRight": 0.6593584536422054, "bus_lcSublane": 0.7323607758695577, "bus_sigma": 0.7344694353499344, "bus_tau_mean": 1.1277250582282232, "bus_tau_std": 4.135603797757918, "bus_v_mean": 18.69459790204771, "bus_v_std": 2.505638923722975, "car_acc": 3.18440200950169, "car_dcc": 2.5559703726169083, "car_lcAssertive": 61.906947459337, "car_lcCooperative": 0.7012080919186323, "car_lcLookaheadLeft": 98.74394204250468, "car_lcPushy": 0.5623944559571782, "car_lcSigma": 0.864416261698348, "car_lcSpeedGainRight": 2.0935433752858295, "car_lcSublane": 0.6544693512274343, "car_sigma": 0.9252611878587662, "car_tau_mean": 2.8245278547542636, "car_tau_std": 3.030806759430662, "car_v_mean": 19.15902248950934, "car_v_std": 7.0263664071638505}, "datetime": {"datetime": "2024-08-10 12:37:40", "elapsed": 110.44411, "delta": 3.276531}}
{"target": -0.30082713646312365, "params": {"bus_acc": 3.7662311890555893, "bus_dcc": 1.5035068173555448, "bus_lcAssertive": 78.19468525277739, "bus_lcCooperative": 0.17473631282740743, "bus_lcLookaheadLeft": 35.51137795764034, "bus_lcPushy": 0.14459772083809674, "bus_lcSigma": 0.716770814146376, "bus_lcSpeedGainRight": 3.496538118484071, "bus_lcSublane": 0.6884973179489188, "bus_sigma": 0.25339603448629966, "bus_tau_mean": 2.923260425681931, "bus_tau_std": 2.2729754091594954, "bus_v_mean": 15.643684086764114, "bus_v_std": 7.438442433353744, "car_acc": 1.5501700641564642, "car_dcc": 0.41908826751677425, "car_lcAssertive": 63.53301605972803, "car_lcCooperative": 0.7073166026816995, "car_lcLookaheadLeft": 62.13169206127789, "car_lcPushy": 0.6483127561631246, "car_lcSigma": 0.16994071421725776, "car_lcSpeedGainRight": 0.7472339946943124, "car_lcSublane": 0.5141750435258828, "car_sigma": 0.8753327263545391, "car_tau_mean": 1.143837045415277, "car_tau_std": 4.628391187082599, "car_v_mean": 15.720782012538253, "car_v_std": 9.945783718390327}, "datetime": {"datetime": "2024-08-10 12:37:42", "elapsed": 112.15211, "delta": 1.708}}
{"target": -0.33832586340617343, "params": {"bus_acc": 1.1850288774728006, "bus_dcc": 1.4419566024922255, "bus_lcAssertive": 25.696758463437387, "bus_lcCooperative": 0.21926791032506077, "bus_lcLookaheadLeft": 80.3667620774342, "bus_lcPushy": 0.5023950058982584, "bus_lcSigma": 0.08318988869699773, "bus_lcSpeedGainRight": 3.8849209601369017, "bus_lcSublane": 0.5336490760837309, "bus_sigma": 0.739387787346382, "bus_tau_mean": 2.303877926000925, "bus_tau_std": 3.9994592398513173, "bus_v_mean": 25.75244208385331, "bus_v_std": 0.5648524032582536, "car_acc": 3.7445028502664615, "car_dcc": 3.7372488774878785, "car_lcAssertive": 39.70095243864435, "car_lcCooperative": 0.2144648711333198, "car_lcLookaheadLeft": 62.68290319745742, "car_lcPushy": 0.17797233547016944, "car_lcSigma": 0.8032081943280084, "car_lcSpeedGainRight": 1.2696692793886761, "car_lcSublane": 0.2908061550326779, "car_sigma": 0.915915790009957, "car_tau_mean": 3.6602089171604315, "car_tau_std": 5.3538089173052175, "car_v_mean": 23.53110165041508, "car_v_std": 7.050651376101236}, "datetime": {"datetime": "2024-08-10 12:37:47", "elapsed": 117.690285, "delta": 5.538175}}
{"target": -0.3742102140522589, "params": {"bus_acc": 3.2944824693041457, "bus_dcc": 3.8035333073708135, "bus_lcAssertive": 29.77760736799541, "bus_lcCooperative": 0.44014655945827363, "bus_lcLookaheadLeft": 12.393635087302352, "bus_lcPushy": 0.877282123522309, "bus_lcSigma": 0.3436993279384193, "bus_lcSpeedGainRight": 4.526224401246487, "bus_lcSublane": 0.20385757159533968, "bus_sigma": 0.3496058152639734, "bus_tau_mean": 2.916677821520518, "bus_tau_std": 9.227065240960876, "bus_v_mean": 20.383028234134816, "bus_v_std": 6.801870359775089, "car_acc": 0.3521651476507669, "car_dcc": 1.4606527264421862, "car_lcAssertive": 48.13994491070535, "car_lcCooperative": 0.7304001354118015, "car_lcLookaheadLeft": 89.57560214467847, "car_lcPushy": 0.006309041039328278, "car_lcSigma": 0.0767344622459043, "car_lcSpeedGainRight": 1.408952731719344, "car_lcSublane": 0.5356189297149452, "car_sigma": 0.5357855982615345, "car_tau_mean": 1.9884221776401056, "car_tau_std": 8.836374179203876, "car_v_mean": 21.09233681061712, "car_v_std": 2.719227266596276}, "datetime": {"datetime": "2024-08-10 12:37:56", "elapsed": 126.329058, "delta": 8.638773}}
{"target": -0.48619904511611933, "params": {"bus_acc": 2.942925999333024, "bus_dcc": 2.4621669972038895, "bus_lcAssertive": 74.64395516387164, "bus_lcCooperative": 0.9010940837915135, "bus_lcLookaheadLeft": 70.02087521030457, "bus_lcPushy": 0.5907563171285277, "bus_lcSigma": 0.12425924362545104, "bus_lcSpeedGainRight": 2.0229132576109388, "bus_lcSublane": 0.5789512482609072, "bus_sigma": 0.6028443658191326, "bus_tau_mean": 3.8627224287434982, "bus_tau_std": 2.0550032107552516, "bus_v_mean": 19.936723896134012, "bus_v_std": 5.128582813229007, "car_acc": 1.7874927215396985, "car_dcc": 3.8934117560162256, "car_lcAssertive": 33.77666562851436, "car_lcCooperative": 0.36202316537554013, "car_lcLookaheadLeft": 45.07770794956444, "car_lcPushy": 0.04066778988915665, "car_lcSigma": 0.3985702385044282, "car_lcSpeedGainRight": 3.094925497853844, "car_lcSublane": 0.5780799868502333, "car_sigma": 0.8734127277887768, "car_tau_mean": 2.744152952353119, "car_tau_std": 5.56955944679331, "car_v_mean": 19.531648827297857, "car_v_std": 0.9523356682127804}, "datetime": {"datetime": "2024-08-10 12:38:00", "elapsed": 130.657075, "delta": 4.328017}}
{"target": -0.2944256190740923, "params": {"bus_acc": 2.5040519542826556, "bus_dcc": 2.361635460928629, "bus_lcAssertive": 32.41887852289392, "bus_lcCooperative": 0.9886161544124489, "bus_lcLookaheadLeft": 58.815031486088095, "bus_lcPushy": 0.3801411726235504, "bus_lcSigma": 0.5509482191178968, "bus_lcSpeedGainRight": 3.7266721545325106, "bus_lcSublane": 0.6692328934531846, "bus_sigma": 0.2649195576628094, "bus_tau_mean": 0.7321719204995455, "bus_tau_std": 3.700841979141063, "bus_v_mean": 19.33491512638816, "bus_v_std": 4.203480198296791, "car_acc": 3.0604711042074926, "car_dcc": 0.4528386291456368, "car_lcAssertive": 26.771194759275556, "car_lcCooperative": 0.8047545637433454, "car_lcLookaheadLeft": 20.956559697086117, "car_lcPushy": 0.6394608808799401, "car_lcSigma": 0.5246703091237337, "car_lcSpeedGainRight": 4.624039851996754, "car_lcSublane": 0.263296770487111, "car_sigma": 0.06596109068402378, "car_tau_mean": 3.072730871510343, "car_tau_std": 7.721780295432468, "car_v_mean": 24.340685345063434, "car_v_std": 18.639441383936745}, "datetime": {"datetime": "2024-08-10 12:38:05", "elapsed": 135.972682, "delta": 5.315607}}
{"target": -0.3678545663918052, "params": {"bus_acc": 0.6820144530151668, "bus_dcc": 2.1885830224717004, "bus_lcAssertive": 85.21049342156711, "bus_lcCooperative": 0.537609254036449, "bus_lcLookaheadLeft": 73.54455465646068, "bus_lcPushy": 0.785459646223292, "bus_lcSigma": 0.8365955447696011, "bus_lcSpeedGainRight": 3.332662135749339, "bus_lcSublane": 0.8977391897292477, "bus_sigma": 0.6477912340100236, "bus_tau_mean": 3.8062308662414805, "bus_tau_std": 6.292983819035761, "bus_v_mean": 23.703715230024528, "bus_v_std": 11.913107208563291, "car_acc": 1.5085261403043981, "car_dcc": 3.291138447979463, "car_lcAssertive": 43.80572177078845, "car_lcCooperative": 0.12654566043795878, "car_lcLookaheadLeft": 96.91973580122264, "car_lcPushy": 0.8525635238982158, "car_lcSigma": 0.5612594235880608, "car_lcSpeedGainRight": 3.353061487813396, "car_lcSublane": 0.9977242219091645, "car_sigma": 0.16130872028582732, "car_tau_mean": 2.3708898603651827, "car_tau_std": 3.909787078216136, "car_v_mean": 17.740656259965338, "car_v_std": 2.0675570655025455}, "datetime": {"datetime": "2024-08-10 12:38:08", "elapsed": 138.222492, "delta": 2.24981}}
{"target": -0.27557693675862166, "params": {"bus_acc": 1.0137583141668167, "bus_dcc": 1.8702485881904862, "bus_lcAssertive": 17.67922019299827, "bus_lcCooperative": 0.5290872104552504, "bus_lcLookaheadLeft": 79.76149806836928, "bus_lcPushy": 0.03587914896601674, "bus_lcSigma": 0.19135887753572, "bus_lcSpeedGainRight": 4.887277821965081, "bus_lcSublane": 0.9607973060206447, "bus_sigma": 0.5565916591021018, "bus_tau_mean": 2.761317525235787, "bus_tau_std": 2.720930142932744, "bus_v_mean": 25.137639542831117, "bus_v_std": 13.3954961265448, "car_acc": 2.7338703815272942, "car_dcc": 0.2421926668057069, "car_lcAssertive": 85.44401513511959, "car_lcCooperative": 0.7783262186802019, "car_lcLookaheadLeft": 69.12255169667107, "car_lcPushy": 0.740781813019585, "car_lcSigma": 0.15657242459837717, "car_lcSpeedGainRight": 3.5938752642432497, "car_lcSublane": 0.09681841069321007, "car_sigma": 0.7069494480386341, "car_tau_mean": 0.5092112864392613, "car_tau_std": 7.762057874603809, "car_v_mean": 16.84802932606771, "car_v_std": 4.087737325957297}, "datetime": {"datetime": "2024-08-10 12:38:08", "elapsed": 138.926026, "delta": 0.703534}}
{"target": -0.32166451376589383, "params": {"bus_acc": 0.44601193707788567, "bus_dcc": 3.9671167331808745, "bus_lcAssertive": 6.246459724130964, "bus_lcCooperative": 0.19949554613856135, "bus_lcLookaheadLeft": 43.429760841166974, "bus_lcPushy": 0.10750887618516769, "bus_lcSigma": 0.6236704109977018, "bus_lcSpeedGainRight": 0.23996282024433657, "bus_lcSublane": 0.28462388100694214, "bus_sigma": 0.06103668111967109, "bus_tau_mean": 2.962317658867784, "bus_tau_std": 6.68456167589482, "bus_v_mean": 14.814450678510841, "bus_v_std": 3.763885200596424, "car_acc": 3.038618350313792, "car_dcc": 1.4934413049087754, "car_lcAssertive": 79.73481557315864, "car_lcCooperative": 0.4879009391796203, "car_lcLookaheadLeft": 53.51560554639598, "car_lcPushy": 0.028490849491567216, "car_lcSigma": 0.6442320198790318, "car_lcSpeedGainRight": 1.7532825121608369, "car_lcSublane": 0.2292050272920657, "car_sigma": 0.4338833762117006, "car_tau_mean": 1.8386361004482115, "car_tau_std": 4.697890400863603, "car_v_mean": 25.630700375236515, "car_v_std": 7.287561407364609}, "datetime": {"datetime": "2024-08-10 12:38:16", "elapsed": 147.071821, "delta": 8.145795}}
{"target": -0.24909951918038756, "params": {"bus_acc": 2.1068138486400443, "bus_dcc": 1.919029741555836, "bus_lcAssertive": 73.49480274087058, "bus_lcCooperative": 0.9245101499841026, "bus_lcLookaheadLeft": 48.968598697791776, "bus_lcPushy": 0.08823015100009579, "bus_lcSigma": 0.5696535566840739, "bus_lcSpeedGainRight": 1.2247542755741718, "bus_lcSublane": 0.039577911475369154, "bus_sigma": 0.7881402066436831, "bus_tau_mean": 1.4546888283267583, "bus_tau_std": 7.770704929423839, "bus_v_mean": 16.787760975587688, "bus_v_std": 6.358717821502307, "car_acc": 1.3932967101934077, "car_dcc": 0.35969408832723493, "car_lcAssertive": 53.905583853550525, "car_lcCooperative": 0.8235515559967603, "car_lcLookaheadLeft": 10.22174454493904, "car_lcPushy": 0.10855870560871761, "car_lcSigma": 0.5292559268677169, "car_lcSpeedGainRight": 3.300709048117984, "car_lcSublane": 0.6947459923366617, "car_sigma": 0.313221695146886, "car_tau_mean": 0.6322222153215127, "car_tau_std": 4.145628796923949, "car_v_mean": 12.068795075755295, "car_v_std": 0.022296605048133245}, "datetime": {"datetime": "2024-08-10 12:38:18", "elapsed": 148.296369, "delta": 1.224548}}
{"target": -0.39879348835075085, "params": {"bus_acc": 1.5135810105248966, "bus_dcc": 2.4633753729128087, "bus_lcAssertive": 60.29954360836855, "bus_lcCooperative": 0.6157042872039488, "bus_lcLookaheadLeft": 7.799366304200794, "bus_lcPushy": 0.7503171845746859, "bus_lcSigma": 0.9482094981876252, "bus_lcSpeedGainRight": 2.6733952858979437, "bus_lcSublane": 0.1925560209550684, "bus_sigma": 0.7529259149799422, "bus_tau_mean": 0.5256163926475232, "bus_tau_std": 3.2825610365078086, "bus_v_mean": 24.516914257599076, "bus_v_std": 11.767346657877535, "car_acc": 3.449723078835714, "car_dcc": 2.4977537989269134, "car_lcAssertive": 82.43523709986323, "car_lcCooperative": 0.8794835234293169, "car_lcLookaheadLeft": 33.45666470339641, "car_lcPushy": 0.12295477155217849, "car_lcSigma": 0.7213033441865708, "car_lcSpeedGainRight": 2.201735434156191, "car_lcSublane": 0.1267357091420086, "car_sigma": 0.5898236481098892, "car_tau_mean": 0.6262391009945097, "car_tau_std": 2.0018211641098693, "car_v_mean": 22.189421414023442, "car_v_std": 0.24193520030715732}, "datetime": {"datetime": "2024-08-10 12:38:19", "elapsed": 149.996945, "delta": 1.700576}}
{"target": -0.28732088977573234, "params": {"bus_acc": 0.7531212784019088, "bus_dcc": 0.7993742655080265, "bus_lcAssertive": 19.575535617340964, "bus_lcCooperative": 0.6224959022999211, "bus_lcLookaheadLeft": 90.76933060881358, "bus_lcPushy": 0.9899551783590737, "bus_lcSigma": 0.7111224587658159, "bus_lcSpeedGainRight": 3.6590020457114765, "bus_lcSublane": 0.9092932045442544, "bus_sigma": 0.4008737323711209, "bus_tau_mean": 1.3744773807876287, "bus_tau_std": 1.7343017078712286, "bus_v_mean": 10.150226906007122, "bus_v_std": 16.252211760656575, "car_acc": 0.757811018985524, "car_dcc": 1.2043304343622225, "car_lcAssertive": 82.08982868471955, "car_lcCooperative": 0.31058725179421, "car_lcLookaheadLeft": 98.2769100307084, "car_lcPushy": 0.2666387021516352, "car_lcSigma": 0.5336533449712114, "car_lcSpeedGainRight": 1.5723350559292482, "car_lcSublane": 0.9107728311738374, "car_sigma": 0.36655664385123443, "car_tau_mean": 2.017573145456076, "car_tau_std": 5.122926922783614, "car_v_mean": 24.89995659265484, "car_v_std": 0.6189801254230143}, "datetime": {"datetime": "2024-08-10 12:38:22", "elapsed": 153.065394, "delta": 3.068449}}
{"target": -0.3606255150531299, "params": {"bus_acc": 1.9972668170680496, "bus_dcc": 1.8067988895467297, "bus_lcAssertive": 11.172899823542268, "bus_lcCooperative": 0.772580266631544, "bus_lcLookaheadLeft": 15.446188342011318, "bus_lcPushy": 0.424292374325812, "bus_lcSigma": 0.2719561124527795, "bus_lcSpeedGainRight": 1.5050397153995316, "bus_lcSublane": 0.6724207725864325, "bus_sigma": 0.5177867238134145, "bus_tau_mean": 1.165304676679792, "bus_tau_std": 4.691344398333771, "bus_v_mean": 14.111735638333464, "bus_v_std": 14.089943964962522, "car_acc": 1.059161769243686, "car_dcc": 3.4109549219617117, "car_lcAssertive": 53.0967368242714, "car_lcCooperative": 0.5006195729230891, "car_lcLookaheadLeft": 26.861209074992658, "car_lcPushy": 0.18615566973666398, "car_lcSigma": 0.4718190627375968, "car_lcSpeedGainRight": 4.909122089126287, "car_lcSublane": 0.13290623766182708, "car_sigma": 0.28346243242805713, "car_tau_mean": 3.3022441099920963, "car_tau_std": 6.647768985107549, "car_v_mean": 13.017651356481867, "car_v_std": 6.292952135502237}, "datetime": {"datetime": "2024-08-10 12:38:23", "elapsed": 153.996061, "delta": 0.930667}}
{"target": -0.37315386033165426, "params": {"bus_acc": 1.5497956794906462, "bus_dcc": 3.902007986001347, "bus_lcAssertive": 13.154440815492576, "bus_lcCooperative": 0.18756989261723955, "bus_lcLookaheadLeft": 89.16536259551893, "bus_lcPushy": 0.5834063146082279, "bus_lcSigma": 0.3092463846587796, "bus_lcSpeedGainRight": 0.0038219273909401164, "bus_lcSublane": 0.22759773832225305, "bus_sigma": 0.1454036341712357, "bus_tau_mean": 1.212018385295317, "bus_tau_std": 8.963225568040047, "bus_v_mean": 23.71569880885353, "bus_v_std": 14.005788752668995, "car_acc": 1.9878911693783943, "car_dcc": 3.3431168088626957, "car_lcAssertive": 50.086813311436025, "car_lcCooperative": 0.36348868328490525, "car_lcLookaheadLeft": 29.009104070564156, "car_lcPushy": 0.9247408135383717, "car_lcSigma": 0.38698923425629217, "car_lcSpeedGainRight": 2.464404367156601, "car_lcSublane": 0.2544381023144221, "car_sigma": 0.8849665188380633, "car_tau_mean": 1.8414220988185035, "car_tau_std": 2.9757471531387525, "car_v_mean": 20.91670931950558, "car_v_std": 3.8173988634461486}, "datetime": {"datetime": "2024-08-10 12:38:30", "elapsed": 160.164511, "delta": 6.16845}}
{"target": -0.3275626327534319, "params": {"bus_acc": 1.1872084345567753, "bus_dcc": 2.4086943007064523, "bus_lcAssertive": 95.5709631002805, "bus_lcCooperative": 0.0807539078120788, "bus_lcLookaheadLeft": 10.186352292050627, "bus_lcPushy": 0.6191348314199072, "bus_lcSigma": 0.22449347883595772, "bus_lcSpeedGainRight": 3.8259197836675405, "bus_lcSublane": 0.5681525429491051, "bus_sigma": 0.6661880902234952, "bus_tau_mean": 0.8773486527810734, "bus_tau_std": 0.8428305143655679, "bus_v_mean": 19.252179229498815, "bus_v_std": 8.19462522268041, "car_acc": 0.5315595907135309, "car_dcc": 1.6100429910615186, "car_lcAssertive": 67.54229655602802, "car_lcCooperative": 0.1895874001915857, "car_lcLookaheadLeft": 89.78145263581301, "car_lcPushy": 0.9498463888800873, "car_lcSigma": 0.9615725424345338, "car_lcSpeedGainRight": 3.650412788701301, "car_lcSublane": 0.4062884276883151, "car_sigma": 0.7437491963512196, "car_tau_mean": 1.5079540774616302, "car_tau_std": 3.144172223907462, "car_v_mean": 18.906134501921443, "car_v_std": 11.896942668158353}, "datetime": {"datetime": "2024-08-10 12:38:31", "elapsed": 161.361119, "delta": 1.196608}}
{"target": -0.26955057974500035, "params": {"bus_acc": 1.3527135524925624, "bus_dcc": 0.28122865213466874, "bus_lcAssertive": 99.75101428010461, "bus_lcCooperative": 0.5820299763434618, "bus_lcLookaheadLeft": 30.750875291633548, "bus_lcPushy": 0.9289494618931157, "bus_lcSigma": 0.5071194235482045, "bus_lcSpeedGainRight": 2.2734611377620344, "bus_lcSublane": 0.5878715062961865, "bus_sigma": 0.2641376442105696, "bus_tau_mean": 1.5685090477160166, "bus_tau_std": 3.7165457672418247, "bus_v_mean": 12.400063988688995, "bus_v_std": 11.690945322332595, "car_acc": 2.8442153089428404, "car_dcc": 0.4733994366232043, "car_lcAssertive": 97.13724864292091, "car_lcCooperative": 0.7530706558694549, "car_lcLookaheadLeft": 81.00398996943402, "car_lcPushy": 0.7516404040812905, "car_lcSigma": 0.0800609772712173, "car_lcSpeedGainRight": 2.4084814151058853, "car_lcSublane": 0.44567295640165605, "car_sigma": 0.6724726505249299, "car_tau_mean": 2.070580405885127, "car_tau_std": 7.0431339838390965, "car_v_mean": 20.269616076847214, "car_v_std": 13.942970575055124}, "datetime": {"datetime": "2024-08-10 12:38:33", "elapsed": 163.486655, "delta": 2.125536}}
{"target": -0.3009098616869257, "params": {"bus_acc": 3.751234919680333, "bus_dcc": 2.341334836405649, "bus_lcAssertive": 54.980097896596, "bus_lcCooperative": 0.06347554987814286, "bus_lcLookaheadLeft": 54.45941760362607, "bus_lcPushy": 0.654541303819938, "bus_lcSigma": 0.14659184563314454, "bus_lcSpeedGainRight": 4.781823638234233, "bus_lcSublane": 0.19615079194334273, "bus_sigma": 0.673925993557942, "bus_tau_mean": 1.4601940369286983, "bus_tau_std": 1.0843083383187457, "bus_v_mean": 12.696214466507884, "bus_v_std": 6.683036670361496, "car_acc": 1.9659811334778863, "car_dcc": 1.0905544849256517, "car_lcAssertive": 73.02288477920217, "car_lcCooperative": 0.807191102024009, "car_lcLookaheadLeft": 79.51560841260104, "car_lcPushy": 0.7157485483912336, "car_lcSigma": 0.26964324616102264, "car_lcSpeedGainRight": 1.0522889552033787, "car_lcSublane": 0.10912832824141494, "car_sigma": 0.3966811014027529, "car_tau_mean": 0.8054332406161149, "car_tau_std": 6.553896564824752, "car_v_mean": 25.09692045852353, "car_v_std": 15.11266561158304}, "datetime": {"datetime": "2024-08-10 12:38:34", "elapsed": 164.699939, "delta": 1.213284}}
{"target": -0.3459976068880728, "params": {"bus_acc": 3.5971151270621418, "bus_dcc": 2.6487610301110873, "bus_lcAssertive": 10.359882161315866, "bus_lcCooperative": 0.5513749856881907, "bus_lcLookaheadLeft": 14.639483472115067, "bus_lcPushy": 0.11882084014218852, "bus_lcSigma": 0.26554890159213385, "bus_lcSpeedGainRight": 3.8145415078578493, "bus_lcSublane": 0.6982209458758758, "bus_sigma": 0.5588521344343241, "bus_tau_mean": 1.3932931657714454, "bus_tau_std": 5.178687670230947, "bus_v_mean": 24.73551788495315, "bus_v_std": 3.7063840616388144, "car_acc": 2.989988147169643, "car_dcc": 3.5142950076501482, "car_lcAssertive": 67.2761646306554, "car_lcCooperative": 0.20369566865585875, "car_lcLookaheadLeft": 14.658267644424262, "car_lcPushy": 0.5150329913726867, "car_lcSigma": 0.1303081811738389, "car_lcSpeedGainRight": 4.128500004174141, "car_lcSublane": 0.5236445287137309, "car_sigma": 0.2914236874448831, "car_tau_mean": 2.488443567072241, "car_tau_std": 2.6063738044561147, "car_v_mean": 18.52046368427326, "car_v_std": 4.642448545061127}, "datetime": {"datetime": "2024-08-10 12:38:36", "elapsed": 166.231232, "delta": 1.531293}}
{"target": -0.3392252397089927, "params": {"bus_acc": 2.204961732134127, "bus_dcc": 1.542321142735624, "bus_lcAssertive": 20.621723702698993, "bus_lcCooperative": 0.22059408184733575, "bus_lcLookaheadLeft": 6.2945079532604, "bus_lcPushy": 0.7131639731598145, "bus_lcSigma": 0.6538401991962549, "bus_lcSpeedGainRight": 2.218848963623612, "bus_lcSublane": 0.7189394880898436, "bus_sigma": 0.10997597244532042, "bus_tau_mean": 3.785517106791259, "bus_tau_std": 8.476267092393876, "bus_v_mean": 19.8626418739859, "bus_v_std": 7.576623373234637, "car_acc": 1.7829535702560402, "car_dcc": 2.032184904198376, "car_lcAssertive": 93.59309323067326, "car_lcCooperative": 0.8635929549181026, "car_lcLookaheadLeft": 48.83653722322282, "car_lcPushy": 0.554518498278167, "car_lcSigma": 0.8754038622793218, "car_lcSpeedGainRight": 4.74632216886145, "car_lcSublane": 0.639184755868246, "car_sigma": 0.7485203200897537, "car_tau_mean": 1.7306871722615491, "car_tau_std": 9.1802831908618, "car_v_mean": 23.06153689736896, "car_v_std": 11.041117624495255}, "datetime": {"datetime": "2024-08-10 12:38:37", "elapsed": 168.06533, "delta": 1.834098}}
