{"target": -0.34279612354249084, "params": {"bus_acc": 1.1590411613733915, "bus_dcc": 3.4313464378663427, "bus_lcAssertive": 2.606211886160219, "bus_lcCooperative": 0.15625097810290178, "bus_lcLookaheadLeft": 82.69172752644693, "bus_lcPushy": 0.22933768147934985, "bus_lcSigma": 0.25919495533811776, "bus_lcSpeedGainRight": 3.5039530333633677, "bus_lcSublane": 0.9665252791289367, "bus_sigma": 0.1982798199644802, "bus_tau_mean": 3.116240507628462, "bus_tau_std": 1.4050624498175213, "bus_v_mean": 14.884956283027543, "bus_v_std": 6.465785028067663, "car_acc": 3.5583849721393404, "car_dcc": 2.690449305714501, "car_lcAssertive": 34.0239606401218, "car_lcCooperative": 0.02160795914792346, "car_lcLookaheadLeft": 38.16284859456154, "car_lcPushy": 0.9721806718439246, "car_lcSigma": 0.5290990867820917, "car_lcSpeedGainRight": 3.7107241160280373, "car_lcSublane": 0.345388836894019, "car_sigma": 0.46058986532522916, "car_tau_mean": 1.2407249437629293, "car_tau_std": 8.369597301372854, "car_v_mean": 14.476559469202169, "car_v_std": 0.7417626590136939}, "datetime": {"datetime": "2024-08-10 12:38:39", "elapsed": 169.646077, "delta": 1.580747}}
{"target": -0.3110492944536733, "params": {"bus_acc": 3.14275850667695, "bus_dcc": 2.3005168668895917, "bus_lcAssertive": 89.0239778216408, "bus_lcCooperative": 0.354952851149572, "bus_lcLookaheadLeft": 26.06083065827773, "bus_lcPushy": 0.9110192396569683, "bus_lcSigma": 0.04353426375776537, "bus_lcSpeedGainRight": 4.753767140305011, "bus_lcSublane": 0.5564069156709253, "bus_sigma": 0.3763632166870875, "bus_tau_mean": 3.982683128186889, "bus_tau_std": 0.5836264614763165, "bus_v_mean": 17.300714475817017, "bus_v_std": 0.621941509110957, "car_acc": 2.370467808907687, "car_dcc": 0.8857803341814392, "car_lcAssertive": 63.46496083361352, "car_lcCooperative": 0.9809236757505815, "car_lcLookaheadLeft": 87.74045001881333, "car_lcPushy": 0.45183624942087064, "car_lcSigma": 0.7084608700517172, "car_lcSpeedGainRight": 3.8873437500159462, "car_lcSublane": 0.4948430841825636, "car_sigma": 0.5285334901775651, "car_tau_mean": 1.027745394302674, "car_tau_std": 3.6939992561190627, "car_v_mean": 10.55998255531016, "car_v_std": 14.537875066891253}, "datetime": {"datetime": "2024-08-10 12:38:41", "elapsed": 171.6254, "delta": 1.979323}}
{"target": -0.4837850000750869, "params": {"bus_acc": 2.3634630724381633, "bus_dcc": 2.423595357258085, "bus_lcAssertive": 79.20075754477797, "bus_lcCooperative": 0.9026346706863088, "bus_lcLookaheadLeft": 7.95357216031002, "bus_lcPushy": 0.34851320938881547, "bus_lcSigma": 0.20009186306839266, "bus_lcSpeedGainRight": 2.325757658274793, "bus_lcSublane": 0.09146794196561492, "bus_sigma": 0.06808577423972362, "bus_tau_mean": 1.5531130159559934, "bus_tau_std": 9.043452577718513, "bus_v_mean": 25.55975560197493, "bus_v_std": 15.274400635667893, "car_acc": 0.20281546925008584, "car_dcc": 2.993819106097689, "car_lcAssertive": 3.177258488517453, "car_lcCooperative": 0.16856568225506097, "car_lcLookaheadLeft": 3.030372811883959, "car_lcPushy": 0.1491269987672621, "car_lcSigma": 0.687505525161023, "car_lcSpeedGainRight": 3.510084376706783, "car_lcSublane": 0.37107740662185684, "car_sigma": 0.7311908242003646, "car_tau_mean": 3.465564718986235, "car_tau_std": 1.3035751444155008, "car_v_mean": 9.573331690911392, "car_v_std": 7.438429130278054}, "datetime": {"datetime": "2024-08-10 12:38:46", "elapsed": 176.702408, "delta": 5.077008}}
{"target": -0.3106873901082264, "params": {"bus_acc": 1.7958033667273303, "bus_dcc": 2.4905896965207255, "bus_lcAssertive": 72.21453795488647, "bus_lcCooperative": 0.8573003334512307, "bus_lcLookaheadLeft": 68.74892410492416, "bus_lcPushy": 0.23698206447169834, "bus_lcSigma": 0.92572053533626, "bus_lcSpeedGainRight": 3.9059770033788306, "bus_lcSublane": 0.3073814804278443, "bus_sigma": 0.3049656416420632, "bus_tau_mean": 3.5840891145011664, "bus_tau_std": 1.260784803971985, "bus_v_mean": 19.40229501624306, "bus_v_std": 5.554254649468485, "car_acc": 3.3433612355293634, "car_dcc": 1.5851891007123753, "car_lcAssertive": 73.60324335241457, "car_lcCooperative": 0.1924178904137388, "car_lcLookaheadLeft": 49.18169795899246, "car_lcPushy": 0.8035946264310272, "car_lcSigma": 0.39698821167237397, "car_lcSpeedGainRight": 0.8078701992804493, "car_lcSublane": 0.6489822226486474, "car_sigma": 0.7533258058943924, "car_tau_mean": 1.480674223805828, "car_tau_std": 4.5136186123240165, "car_v_mean": 24.208080422949173, "car_v_std": 17.43971262381837}, "datetime": {"datetime": "2024-08-10 12:38:55", "elapsed": 185.15221, "delta": 8.449802}}
{"target": -0.314507987350841, "params": {"bus_acc": 2.9711371348925018, "bus_dcc": 1.399485700776011, "bus_lcAssertive": 88.49794140975366, "bus_lcCooperative": 0.18023352523222202, "bus_lcLookaheadLeft": 93.97796412003048, "bus_lcPushy": 0.9707501480531616, "bus_lcSigma": 0.3044852440523308, "bus_lcSpeedGainRight": 4.312431998521504, "bus_lcSublane": 0.8421791188670099, "bus_sigma": 0.4246127100946028, "bus_tau_mean": 1.7728954274847468, "bus_tau_std": 2.82437473235045, "bus_v_mean": 25.878262120379823, "bus_v_std": 5.115020539037993, "car_acc": 3.6985672714846642, "car_dcc": 1.8276738122869454, "car_lcAssertive": 93.60727422179946, "car_lcCooperative": 0.8388448341981828, "car_lcLookaheadLeft": 17.26617791032026, "car_lcPushy": 0.5742833543508832, "car_lcSigma": 0.6735030146856861, "car_lcSpeedGainRight": 2.029102029995226, "car_lcSublane": 0.004877044482226589, "car_sigma": 0.3253313297689604, "car_tau_mean": 3.4363073179063703, "car_tau_std": 0.6282398021726943, "car_v_mean": 9.897555435907709, "car_v_std": 14.035746930238318}, "datetime": {"datetime": "2024-08-10 12:38:56", "elapsed": 187.109332, "delta": 1.957122}}
{"target": -0.3963574224720155, "params": {"bus_acc": 2.50695781549535, "bus_dcc": 1.771628377004413, "bus_lcAssertive": 81.8187996708942, "bus_lcCooperative": 0.18513039826903066, "bus_lcLookaheadLeft": 70.78389991611843, "bus_lcPushy": 0.24035562484913886, "bus_lcSigma": 0.5742190888408597, "bus_lcSpeedGainRight": 1.7449379861039445, "bus_lcSublane": 0.05696439948283272, "bus_sigma": 0.22881367096037586, "bus_tau_mean": 2.8243589437417773, "bus_tau_std": 4.972500933605312, "bus_v_mean": 17.34228771332622, "bus_v_std": 3.49440300217845, "car_acc": 2.368720235875774, "car_dcc": 3.987663015791198, "car_lcAssertive": 81.86667577037056, "car_lcCooperative": 0.5943726238309778, "car_lcLookaheadLeft": 97.64692869642869, "car_lcPushy": 0.9015625846693213, "car_lcSigma": 0.5956079336026455, "car_lcSpeedGainRight": 0.16213162657228553, "car_lcSublane": 0.09357709581748075, "car_sigma": 0.06537171504222639, "car_tau_mean": 2.0810660204201636, "car_tau_std": 3.7543483316785773, "car_v_mean": 25.55630061686516, "car_v_std": 3.3596658639922983}, "datetime": {"datetime": "2024-08-10 12:38:58", "elapsed": 188.775793, "delta": 1.666461}}
{"target": -0.27382560939680844, "params": {"bus_acc": 0.9517645816620934, "bus_dcc": 1.8314567459426707, "bus_lcAssertive": 34.33785387141556, "bus_lcCooperative": 0.991945011907281, "bus_lcLookaheadLeft": 39.263176619491944, "bus_lcPushy": 0.992700873664818, "bus_lcSigma": 0.5188042507334142, "bus_lcSpeedGainRight": 0.8613985073856273, "bus_lcSublane": 0.07457407125147986, "bus_sigma": 0.37030569377388767, "bus_tau_mean": 0.9319660093515546, "bus_tau_std": 6.345187162918417, "bus_v_mean": 15.45055722312936, "bus_v_std": 19.818312650509004, "car_acc": 3.733831369882608, "car_dcc": 0.7670969227770501, "car_lcAssertive": 40.09334399114325, "car_lcCooperative": 0.46157971096238615, "car_lcLookaheadLeft": 56.97297800195063, "car_lcPushy": 0.7803635232892685, "car_lcSigma": 0.48719390907342375, "car_lcSpeedGainRight": 2.099967760051204, "car_lcSublane": 0.26199970471933565, "car_sigma": 0.9108061390867584, "car_tau_mean": 0.5779502903648146, "car_tau_std": 8.211218982189646, "car_v_mean": 11.392431193995533, "car_v_std": 13.715137983450944}, "datetime": {"datetime": "2024-08-10 12:39:02", "elapsed": 193.062873, "delta": 4.28708}}
{"target": -0.34169206741575614, "params": {"bus_acc": 1.9562007674271569, "bus_dcc": 2.148069037677047, "bus_lcAssertive": 57.814667162342396, "bus_lcCooperative": 0.4403192075855932, "bus_lcLookaheadLeft": 20.96877785693343, "bus_lcPushy": 0.11396576145918635, "bus_lcSigma": 0.151227927370148, "bus_lcSpeedGainRight": 0.2624548192656695, "bus_lcSublane": 0.5586764110636315, "bus_sigma": 0.8477210140360106, "bus_tau_mean": 1.7569176862343876, "bus_tau_std": 0.7531087263581782, "bus_v_mean": 15.663039415732092, "bus_v_std": 12.040156769440028, "car_acc": 1.8165331691874227, "car_dcc": 3.2807406877080063, "car_lcAssertive": 94.24673837248382, "car_lcCooperative": 0.8699107732683544, "car_lcLookaheadLeft": 70.99195083142908, "car_lcPushy": 0.4702989247821753, "car_lcSigma": 0.6826980429032513, "car_lcSpeedGainRight": 0.06709155278264767, "car_lcSublane": 0.9824781185020439, "car_sigma": 0.17207733182889595, "car_tau_mean": 3.6719113858658865, "car_tau_std": 8.07109901666106, "car_v_mean": 22.40251431896578, "car_v_std": 5.378721155701298}, "datetime": {"datetime": "2024-08-10 12:39:04", "elapsed": 194.707337, "delta": 1.644464}}
{"target": -0.2505555071901453, "params": {"bus_acc": 1.1880720934354307, "bus_dcc": 0.9652890441121369, "bus_lcAssertive": 59.30196162730165, "bus_lcCooperative": 0.8425182098415589, "bus_lcLookaheadLeft": 34.99866679501538, "bus_lcPushy": 0.5864294214642616, "bus_lcSigma": 0.16224499947880777, "bus_lcSpeedGainRight": 0.9729686761907091, "bus_lcSublane": 0.7613352159920956, "bus_sigma": 0.15009846135204996, "bus_tau_mean": 1.430674643667396, "bus_tau_std": 6.894948631776694, "bus_v_mean": 8.271607537393624, "bus_v_std": 0.6438880773714106, "car_acc": 1.2925985720913087, "car_dcc": 1.4791680859467364, "car_lcAssertive": 36.859394447471104, "car_lcCooperative": 0.8071905755135196, "car_lcLookaheadLeft": 5.526134830546906, "car_lcPushy": 0.3583952446253251, "car_lcSigma": 0.6382781332668243, "car_lcSpeedGainRight": 0.7150205475916133, "car_lcSublane": 0.8577386145114406, "car_sigma": 0.6455644082734328, "car_tau_mean": 0.9035269891800948, "car_tau_std": 2.080974099989472, "car_v_mean": 21.418969953466963, "car_v_std": 8.068132566683456}, "datetime": {"datetime": "2024-08-10 12:39:06", "elapsed": 196.179798, "delta": 1.472461}}
{"target": -0.3072677488307283, "params": {"bus_acc": 3.1728846407765885, "bus_dcc": 2.2705580853695393, "bus_lcAssertive": 23.500460760100726, "bus_lcCooperative": 0.22420283925593631, "bus_lcLookaheadLeft": 27.51902335654698, "bus_lcPushy": 0.308872752316256, "bus_lcSigma": 0.38770513178140986, "bus_lcSpeedGainRight": 1.487744661886186, "bus_lcSublane": 0.6795558945331504, "bus_sigma": 0.03507361930507891, "bus_tau_mean": 1.6483861022597883, "bus_tau_std": 7.452918728580155, "bus_v_mean": 24.970543731355125, "bus_v_std": 16.054651003151022, "car_acc": 1.115139596371905, "car_dcc": 1.0850787798585604, "car_lcAssertive": 19.843342677001722, "car_lcCooperative": 0.8824975348586093, "car_lcLookaheadLeft": 25.309857349639547, "car_lcPushy": 0.7581806234131274, "car_lcSigma": 0.26104973140468657, "car_lcSpeedGainRight": 0.16540921703757816, "car_lcSublane": 0.7334477000687659, "car_sigma": 0.7262018097952009, "car_tau_mean": 0.8113568883636871, "car_tau_std": 3.267012579296016, "car_v_mean": 25.070575223402408, "car_v_std": 3.2589799716436896}, "datetime": {"datetime": "2024-08-10 12:39:07", "elapsed": 197.766773, "delta": 1.586975}}
{"target": -0.3069164677789807, "params": {"bus_acc": 1.2664987028647465, "bus_dcc": 1.151502088160749, "bus_lcAssertive": 1.0602555886107112, "bus_lcCooperative": 0.6928853192293604, "bus_lcLookaheadLeft": 77.84118437515335, "bus_lcPushy": 0.8203492980213409, "bus_lcSigma": 0.8516296143866011, "bus_lcSpeedGainRight": 0.7576244049042169, "bus_lcSublane": 0.8900366384529912, "bus_sigma": 0.6582128898145322, "bus_tau_mean": 2.936467819849663, "bus_tau_std": 5.640716642088865, "bus_v_mean": 24.91427597024793, "bus_v_std": 5.0369408700224145, "car_acc": 3.1901602781464033, "car_dcc": 2.0819821722014744, "car_lcAssertive": 89.19912046787391, "car_lcCooperative": 0.2761986897941914, "car_lcLookaheadLeft": 3.4941971007035644, "car_lcPushy": 0.06489100463442987, "car_lcSigma": 0.8996350862213649, "car_lcSpeedGainRight": 3.205751116227499, "car_lcSublane": 0.7302687217068667, "car_sigma": 0.5043617045380032, "car_tau_mean": 2.451511101443811, "car_tau_std": 3.6389448265544355, "car_v_mean": 22.087441668909506, "car_v_std": 15.137305024150482}, "datetime": {"datetime": "2024-08-10 12:39:10", "elapsed": 200.660328, "delta": 2.893555}}
{"target": -0.3601234990687823, "params": {"bus_acc": 1.424993365510794, "bus_dcc": 2.5187792232362067, "bus_lcAssertive": 16.871999966850318, "bus_lcCooperative": 0.4867389357577533, "bus_lcLookaheadLeft": 94.67215992866635, "bus_lcPushy": 0.38391424197853796, "bus_lcSigma": 0.18896259324581144, "bus_lcSpeedGainRight": 2.3441947482109047, "bus_lcSublane": 0.8409078314535324, "bus_sigma": 0.8426677225950326, "bus_tau_mean": 3.3973113381072775, "bus_tau_std": 0.11475512605813365, "bus_v_mean": 12.806725578709313, "bus_v_std": 19.99751575148525, "car_acc": 0.6547964533314488, "car_dcc": 2.0623400851330067, "car_lcAssertive": 79.21258890966585, "car_lcCooperative": 0.12221391009385618, "car_lcLookaheadLeft": 66.91609970774229, "car_lcPushy": 0.4880804455213241, "car_lcSigma": 0.19428998208618675, "car_lcSpeedGainRight": 4.393150132913602, "car_lcSublane": 0.18148739755773036, "car_sigma": 0.6390528592947753, "car_tau_mean": 3.092894073692752, "car_tau_std": 5.626728865932282, "car_v_mean": 19.31914823474944, "car_v_std": 2.379307932440089}, "datetime": {"datetime": "2024-08-10 12:39:12", "elapsed": 202.548562, "delta": 1.888234}}
{"target": -0.5613098799831482, "params": {"bus_acc": 2.779647191603212, "bus_dcc": 3.589771015525728, "bus_lcAssertive": 88.42006824745238, "bus_lcCooperative": 0.6253678484792837, "bus_lcLookaheadLeft": 30.300280949909727, "bus_lcPushy": 0.40310278532155364, "bus_lcSigma": 0.028957250455217798, "bus_lcSpeedGainRight": 4.5824200700106985, "bus_lcSublane": 0.6874477338720318, "bus_sigma": 0.908170823529499, "bus_tau_mean": 1.557304979915104, "bus_tau_std": 9.44826453960881, "bus_v_mean": 23.55256109132959, "bus_v_std": 17.720255181763022, "car_acc": 0.20053705479202216, "car_dcc": 1.6335128319161754, "car_lcAssertive": 13.110203935992757, "car_lcCooperative": 0.9328079064690463, "car_lcLookaheadLeft": 52.34331074647811, "car_lcPushy": 0.48933641342690504, "car_lcSigma": 0.4869211668341662, "car_lcSpeedGainRight": 2.8514595051160754, "car_lcSublane": 0.5445075098554931, "car_sigma": 0.9171108608633298, "car_tau_mean": 3.595345912845165, "car_tau_std": 7.837192592950845, "car_v_mean": 13.809092043942275, "car_v_std": 15.688748431426829}, "datetime": {"datetime": "2024-08-10 12:39:15", "elapsed": 205.745684, "delta": 3.197122}}
{"target": -0.29845737915259135, "params": {"bus_acc": 3.2860391582409556, "bus_dcc": 0.591957773817164, "bus_lcAssertive": 52.115288522275364, "bus_lcCooperative": 0.1555778979920741, "bus_lcLookaheadLeft": 29.324042032027158, "bus_lcPushy": 0.8826020025030701, "bus_lcSigma": 0.6315937651309106, "bus_lcSpeedGainRight": 4.81831355106535, "bus_lcSublane": 0.599714365615993, "bus_sigma": 0.009519716216558005, "bus_tau_mean": 1.9547435193214757, "bus_tau_std": 0.22441754358679789, "bus_v_mean": 13.651717904845036, "bus_v_std": 9.632498614414835, "car_acc": 2.3867454962704704, "car_dcc": 1.1068707711299337, "car_lcAssertive": 56.27037126631753, "car_lcCooperative": 0.3949201341072339, "car_lcLookaheadLeft": 51.64505437567884, "car_lcPushy": 0.19596701454252152, "car_lcSigma": 0.1567516100034313, "car_lcSpeedGainRight": 3.7725850380119317, "car_lcSublane": 0.3299732288055194, "car_sigma": 0.6441956925382164, "car_tau_mean": 2.4790945880668964, "car_tau_std": 8.99530915886071, "car_v_mean": 23.85230512232627, "car_v_std": 8.862228006535668}, "datetime": {"datetime": "2024-08-10 12:39:18", "elapsed": 208.480949, "delta": 2.735265}}
{"target": -0.3370916183737182, "params": {"bus_acc": 2.8838003292950014, "bus_dcc": 2.7131153106499646, "bus_lcAssertive": 5.2857259265168395, "bus_lcCooperative": 0.3614875846417379, "bus_lcLookaheadLeft": 77.82534237342479, "bus_lcPushy": 0.07852291483410356, "bus_lcSigma": 0.8843841167758716, "bus_lcSpeedGainRight": 4.654341481272791, "bus_lcSublane": 0.8530855123898898, "bus_sigma": 0.117377604100948, "bus_tau_mean": 2.4781071859566914, "bus_tau_std": 7.075599478322232, "bus_v_mean": 23.983641618923166, "bus_v_std": 1.9155205859962576, "car_acc": 3.299928221287448, "car_dcc": 1.2564620603413716, "car_lcAssertive": 59.63645119082546, "car_lcCooperative": 0.7197957093739197, "car_lcLookaheadLeft": 78.14787663732092, "car_lcPushy": 0.29466484899886947, "car_lcSigma": 0.6073765389488749, "car_lcSpeedGainRight": 1.4373643710116524, "car_lcSublane": 0.9983167502844696, "car_sigma": 0.8145056079423507, "car_tau_mean": 1.948922706942786, "car_tau_std": 8.791421856642359, "car_v_mean": 21.185020071952167, "car_v_std": 18.574938614555123}, "datetime": {"datetime": "2024-08-10 12:39:20", "elapsed": 210.526388, "delta": 2.045439}}
{"target": -0.41552235733003523, "params": {"bus_acc": 2.818158921964763, "bus_dcc": 0.7919977596140884, "bus_lcAssertive": 80.07636576173772, "bus_lcCooperative": 0.01526245262533199, "bus_lcLookaheadLeft": 59.391068436696735, "bus_lcPushy": 0.4955162770256144, "bus_lcSigma": 0.9974617337584916, "bus_lcSpeedGainRight": 0.6718536821313326, "bus_lcSublane": 0.6725536822244123, "bus_sigma": 0.09494547529971986, "bus_tau_mean": 1.0661894501165778, "bus_tau_std": 9.883312916279946, "bus_v_mean": 22.519971214305013, "bus_v_std": 4.892805773342048, "car_acc": 3.41594169366301, "car_dcc": 0.3352809843327206, "car_lcAssertive": 54.02509806700135, "car_lcCooperative": 0.09147475560820062, "car_lcLookaheadLeft": 97.1487553309246, "car_lcPushy": 0.5831009367246858, "car_lcSigma": 0.5557412746375598, "car_lcSpeedGainRight": 1.589865365120332, "car_lcSublane": 0.8499045421492847, "car_sigma": 0.530154513465718, "car_tau_mean": 0.5598437845310438, "car_tau_std": 1.8489489054732733, "car_v_mean": 15.802429576980868, "car_v_std": 1.5995282221022977}, "datetime": {"datetime": "2024-08-10 12:39:22", "elapsed": 212.595873, "delta": 2.069485}}
{"target": -0.32529431538528114, "params": {"bus_acc": 2.849916850438159, "bus_dcc": 2.9103876107915987, "bus_lcAssertive": 82.37687578719199, "bus_lcCooperative": 0.6289244383408126, "bus_lcLookaheadLeft": 43.37830703913326, "bus_lcPushy": 0.030798811164673312, "bus_lcSigma": 0.5954556632890023, "bus_lcSpeedGainRight": 2.818817847509128, "bus_lcSublane": 0.6008080215491192, "bus_sigma": 0.3228534686765717, "bus_tau_mean": 2.4420869189564223, "bus_tau_std": 1.7165630428408674, "bus_v_mean": 19.697469671770854, "bus_v_std": 1.433469473818323, "car_acc": 3.525293108439029, "car_dcc": 1.0213242105570777, "car_lcAssertive": 30.09061248724701, "car_lcCooperative": 0.8847369186394346, "car_lcLookaheadLeft": 88.59202482251717, "car_lcPushy": 0.8362672161514131, "car_lcSigma": 0.32693561690624706, "car_lcSpeedGainRight": 4.5117231960228334, "car_lcSublane": 0.7718022957748861, "car_sigma": 0.6580829809857549, "car_tau_mean": 3.6493107583786384, "car_tau_std": 7.831314722628367, "car_v_mean": 15.645491165295589, "car_v_std": 6.485104482541777}, "datetime": {"datetime": "2024-08-10 12:39:24", "elapsed": 214.62108, "delta": 2.025207}}
{"target": -0.45966464785661015, "params": {"bus_acc": 0.6854045785217633, "bus_dcc": 3.5955256214730245, "bus_lcAssertive": 68.45808993975861, "bus_lcCooperative": 0.26689146192540614, "bus_lcLookaheadLeft": 11.05823083359017, "bus_lcPushy": 0.12349501608552904, "bus_lcSigma": 0.27643640136537917, "bus_lcSpeedGainRight": 0.24521739432754597, "bus_lcSublane": 0.14514686395701948, "bus_sigma": 0.475029547570342, "bus_tau_mean": 3.775927908802283, "bus_tau_std": 4.340689856813111, "bus_v_mean": 20.764528180732512, "bus_v_std": 11.406101482392742, "car_acc": 3.9097279052337335, "car_dcc": 0.8772025870719664, "car_lcAssertive": 74.17140324951598, "car_lcCooperative": 0.3504066948572232, "car_lcLookaheadLeft": 99.1387861508958, "car_lcPushy": 0.35281173510660024, "car_lcSigma": 0.9787831825255726, "car_lcSpeedGainRight": 4.30185723495071, "car_lcSublane": 0.5977366599771147, "car_sigma": 0.0274479567015824, "car_tau_mean": 1.149362173071875, "car_tau_std": 0.56511775487744, "car_v_mean": 22.264311708513272, "car_v_std": 1.4790216791876198}, "datetime": {"datetime": "2024-08-10 12:39:28", "elapsed": 218.921296, "delta": 4.300216}}
{"target": -0.33167350359353714, "params": {"bus_acc": 0.5293553960810584, "bus_dcc": 2.4594947748241784, "bus_lcAssertive": 93.16799666925122, "bus_lcCooperative": 0.1337783077430914, "bus_lcLookaheadLeft": 52.27520477868174, "bus_lcPushy": 0.6839992141169576, "bus_lcSigma": 0.17182975960682711, "bus_lcSpeedGainRight": 0.05629946746094738, "bus_lcSublane": 0.8876831304797248, "bus_sigma": 0.035231270653359514, "bus_tau_mean": 1.401103993326861, "bus_tau_std": 6.516840317406684, "bus_v_mean": 13.144092800403719, "bus_v_std": 0.19415193149633136, "car_acc": 2.386716970966933, "car_dcc": 1.3696106576719, "car_lcAssertive": 15.99989212336019, "car_lcCooperative": 0.9712833117325801, "car_lcLookaheadLeft": 18.167282254097344, "car_lcPushy": 0.7272354411432771, "car_lcSigma": 0.890724191493513, "car_lcSpeedGainRight": 4.2935755786347265, "car_lcSublane": 0.1842570671584468, "car_sigma": 0.23680853369423926, "car_tau_mean": 0.5642692277590035, "car_tau_std": 9.314054672648544, "car_v_mean": 23.968181179831515, "car_v_std": 11.909323379390857}, "datetime": {"datetime": "2024-08-10 12:39:30", "elapsed": 221.089727, "delta": 2.168431}}
