{"target": -0.291616073939875, "params": {"bus_acc": 3.9203, "bus_dcc": 1.0437, "bus_lcAssertive": 91.0802, "bus_lcCooperative": 0.3147, "bus_lcLookaheadLeft": 20.2249, "bus_lcPushy": 0.5481, "bus_lcSigma": 0.2931, "bus_lcSpeedGainRight": 1.6175, "bus_lcSublane": 0.8757, "bus_sigma": 0.5996, "bus_tau_mean": 2.2334, "bus_tau_std": 8.1182, "bus_v_mean": 15.199, "bus_v_std": 0.085, "car_acc": 1.2436, "car_dcc": 0.4254, "car_lcAssertive": 34.0033, "car_lcCooperative": 0.8503, "car_lcLookaheadLeft": 19.6796, "car_lcPushy": 0.8272, "car_lcSigma": 0.6091, "car_lcSpeedGainRight": 2.6032, "car_lcSublane": 0.878, "car_sigma": 0.0286, "car_tau_mean": 2.3412, "car_tau_std": 9.4571, "car_v_mean": 23.1864, "car_v_std": 15.2287}, "datetime": {"datetime": "2024-08-10 12:57:56", "elapsed": 1326.461312, "delta": 3.740149}}
{"target": -0.44200360570592173, "params": {"bus_acc": 3.7606, "bus_dcc": 2.4444, "bus_lcAssertive": 74.145, "bus_lcCooperative": 0.0088, "bus_lcLookaheadLeft": 95.2911, "bus_lcPushy": 0.3258, "bus_lcSigma": 0.1751, "bus_lcSpeedGainRight": 1.5252, "bus_lcSublane": 0.8126, "bus_sigma": 0.7437, "bus_tau_mean": 2.9992, "bus_tau_std": 6.351, "bus_v_mean": 18.252, "bus_v_std": 8.5533, "car_acc": 1.1726, "car_dcc": 2.3898, "car_lcAssertive": 65.2121, "car_lcCooperative": 0.2493, "car_lcLookaheadLeft": 85.5633, "car_lcPushy": 0.6338, "car_lcSigma": 0.6665, "car_lcSpeedGainRight": 4.6961, "car_lcSublane": 0.4412, "car_sigma": 0.7187, "car_tau_mean": 2.8087, "car_tau_std": 7.078, "car_v_mean": 18.2127, "car_v_std": 7.4537}, "datetime": {"datetime": "2024-08-10 12:58:03", "elapsed": 1333.714916, "delta": 7.253604}}
{"target": -0.33250280646353897, "params": {"bus_acc": 2.3679, "bus_dcc": 1.1701, "bus_lcAssertive": 47.4422, "bus_lcCooperative": 0.5429, "bus_lcLookaheadLeft": 3.8863, "bus_lcPushy": 0.1745, "bus_lcSigma": 0.3376, "bus_lcSpeedGainRight": 2.2881, "bus_lcSublane": 0.2673, "bus_sigma": 0.7732, "bus_tau_mean": 3.0839, "bus_tau_std": 7.3904, "bus_v_mean": 24.9607, "bus_v_std": 4.3024, "car_acc": 2.9289, "car_dcc": 2.1342, "car_lcAssertive": 73.6144, "car_lcCooperative": 0.313, "car_lcLookaheadLeft": 13.2145, "car_lcPushy": 0.3471, "car_lcSigma": 0.7964, "car_lcSpeedGainRight": 0.7924, "car_lcSublane": 0.606, "car_sigma": 0.0172, "car_tau_mean": 3.2632, "car_tau_std": 2.4818, "car_v_mean": 16.7398, "car_v_std": 8.6607}, "datetime": {"datetime": "2024-08-10 12:58:08", "elapsed": 1338.353131, "delta": 4.638215}}
{"target": -0.34534545831176394, "params": {"bus_acc": 3.4443, "bus_dcc": 3.5507, "bus_lcAssertive": 7.7152, "bus_lcCooperative": 0.0038, "bus_lcLookaheadLeft": 32.4337, "bus_lcPushy": 0.7501, "bus_lcSigma": 0.9601, "bus_lcSpeedGainRight": 4.4867, "bus_lcSublane": 0.9288, "bus_sigma": 0.8559, "bus_tau_mean": 3.6395, "bus_tau_std": 4.7767, "bus_v_mean": 9.5477, "bus_v_std": 9.3697, "car_acc": 1.9241, "car_dcc": 3.5209, "car_lcAssertive": 43.6967, "car_lcCooperative": 0.0618, "car_lcLookaheadLeft": 97.554, "car_lcPushy": 0.3942, "car_lcSigma": 0.5665, "car_lcSpeedGainRight": 2.5218, "car_lcSublane": 0.1969, "car_sigma": 0.3089, "car_tau_mean": 0.7605, "car_tau_std": 3.5141, "car_v_mean": 14.6027, "car_v_std": 11.6332}, "datetime": {"datetime": "2024-08-10 12:58:13", "elapsed": 1343.564544, "delta": 5.211413}}
{"target": -0.32149930728027093, "params": {"bus_acc": 3.8418, "bus_dcc": 2.9918, "bus_lcAssertive": 42.3116, "bus_lcCooperative": 0.4304, "bus_lcLookaheadLeft": 80.7789, "bus_lcPushy": 0.987, "bus_lcSigma": 0.6802, "bus_lcSpeedGainRight": 1.8001, "bus_lcSublane": 0.3655, "bus_sigma": 0.2224, "bus_tau_mean": 2.7841, "bus_tau_std": 1.2814, "bus_v_mean": 11.9336, "bus_v_std": 10.8174, "car_acc": 2.0148, "car_dcc": 1.3299, "car_lcAssertive": 54.0529, "car_lcCooperative": 0.0767, "car_lcLookaheadLeft": 20.5864, "car_lcPushy": 0.3655, "car_lcSigma": 0.0271, "car_lcSpeedGainRight": 2.4023, "car_lcSublane": 0.5201, "car_sigma": 0.4412, "car_tau_mean": 2.9811, "car_tau_std": 4.8706, "car_v_mean": 14.395, "car_v_std": 3.1809}, "datetime": {"datetime": "2024-08-10 12:58:19", "elapsed": 1349.130009, "delta": 5.565465}}
{"target": -0.41797824568250935, "params": {"bus_acc": 0.2414, "bus_dcc": 0.7268, "bus_lcAssertive": 74.6367, "bus_lcCooperative": 0.1634, "bus_lcLookaheadLeft": 81.1971, "bus_lcPushy": 0.4938, "bus_lcSigma": 0.8613, "bus_lcSpeedGainRight": 1.8922, "bus_lcSublane": 0.0174, "bus_sigma": 0.2538, "bus_tau_mean": 0.6094, "bus_tau_std": 1.1869, "bus_v_mean": 21.999, "bus_v_std": 13.0276, "car_acc": 1.8427, "car_dcc": 1.659, "car_lcAssertive": 70.3738, "car_lcCooperative": 0.6462, "car_lcLookaheadLeft": 75.8626, "car_lcPushy": 0.9345, "car_lcSigma": 0.5123, "car_lcSpeedGainRight": 2.4569, "car_lcSublane": 0.8878, "car_sigma": 0.8269, "car_tau_mean": 2.5697, "car_tau_std": 6.8198, "car_v_mean": 24.7655, "car_v_std": 16.0248}, "datetime": {"datetime": "2024-08-10 12:58:23", "elapsed": 1353.917573, "delta": 4.787564}}
{"target": -0.22925462802118413, "params": {"bus_acc": 2.2539, "bus_dcc": 3.7115, "bus_lcAssertive": 14.0694, "bus_lcCooperative": 0.69, "bus_lcLookaheadLeft": 78.2991, "bus_lcPushy": 1.0, "bus_lcSigma": 0.8645, "bus_lcSpeedGainRight": 1.2015, "bus_lcSublane": 1.0, "bus_sigma": 0.2656, "bus_tau_mean": 3.3606, "bus_tau_std": 8.3736, "bus_v_mean": 18.1612, "bus_v_std": 9.9498, "car_acc": 3.9497, "car_dcc": 0.2959, "car_lcAssertive": 2.2335, "car_lcCooperative": 0.443, "car_lcLookaheadLeft": 51.7473, "car_lcPushy": 0.8269, "car_lcSigma": 0.5623, "car_lcSpeedGainRight": 1.6546, "car_lcSublane": 0.3934, "car_sigma": 1.0, "car_tau_mean": 1.7966, "car_tau_std": 5.1156, "car_v_mean": 22.6987, "car_v_std": 12.3426}, "datetime": {"datetime": "2024-08-10 12:58:27", "elapsed": 1357.770075, "delta": 3.852502}}
{"target": -0.3523873931320514, "params": {"bus_acc": 0.2595, "bus_dcc": 3.7965, "bus_lcAssertive": 21.7654, "bus_lcCooperative": 0.8862, "bus_lcLookaheadLeft": 38.5715, "bus_lcPushy": 0.1295, "bus_lcSigma": 0.316, "bus_lcSpeedGainRight": 4.3524, "bus_lcSublane": 0.4158, "bus_sigma": 0.6309, "bus_tau_mean": 3.2022, "bus_tau_std": 3.6216, "bus_v_mean": 16.4284, "bus_v_std": 16.8476, "car_acc": 2.6851, "car_dcc": 1.8727, "car_lcAssertive": 22.4465, "car_lcCooperative": 0.2285, "car_lcLookaheadLeft": 41.8674, "car_lcPushy": 0.8611, "car_lcSigma": 0.3154, "car_lcSpeedGainRight": 1.1609, "car_lcSublane": 0.7488, "car_sigma": 0.4303, "car_tau_mean": 0.655, "car_tau_std": 2.4577, "car_v_mean": 19.2911, "car_v_std": 5.1994}, "datetime": {"datetime": "2024-08-10 12:58:35", "elapsed": 1365.436328, "delta": 7.666253}}
{"target": -0.358537890824105, "params": {"bus_acc": 1.2594, "bus_dcc": 3.0215, "bus_lcAssertive": 40.3307, "bus_lcCooperative": 0.2922, "bus_lcLookaheadLeft": 34.9369, "bus_lcPushy": 0.0284, "bus_lcSigma": 0.6445, "bus_lcSpeedGainRight": 2.1835, "bus_lcSublane": 0.8077, "bus_sigma": 0.9995, "bus_tau_mean": 1.839, "bus_tau_std": 6.243, "bus_v_mean": 21.8366, "bus_v_std": 5.691, "car_acc": 1.9749, "car_dcc": 3.7783, "car_lcAssertive": 24.9069, "car_lcCooperative": 0.3188, "car_lcLookaheadLeft": 36.9472, "car_lcPushy": 0.3421, "car_lcSigma": 0.3165, "car_lcSpeedGainRight": 0.3933, "car_lcSublane": 0.7983, "car_sigma": 0.8743, "car_tau_mean": 2.7197, "car_tau_std": 9.1832, "car_v_mean": 22.6856, "car_v_std": 19.3473}, "datetime": {"datetime": "2024-08-10 12:58:40", "elapsed": 1370.834691, "delta": 5.398363}}
{"target": -0.6669563572937957, "params": {"bus_acc": 3.5877, "bus_dcc": 0.8169, "bus_lcAssertive": 75.1177, "bus_lcCooperative": 0.3363, "bus_lcLookaheadLeft": 47.6684, "bus_lcPushy": 0.6905, "bus_lcSigma": 0.948, "bus_lcSpeedGainRight": 4.9489, "bus_lcSublane": 0.738, "bus_sigma": 0.2171, "bus_tau_mean": 1.9625, "bus_tau_std": 6.3257, "bus_v_mean": 21.7127, "bus_v_std": 9.0525, "car_acc": 0.3499, "car_dcc": 0.4945, "car_lcAssertive": 57.9105, "car_lcCooperative": 0.2571, "car_lcLookaheadLeft": 11.6287, "car_lcPushy": 0.2227, "car_lcSigma": 0.8648, "car_lcSpeedGainRight": 4.7091, "car_lcSublane": 0.8234, "car_sigma": 0.4495, "car_tau_mean": 3.8986, "car_tau_std": 7.6803, "car_v_mean": 12.7872, "car_v_std": 2.2662}, "datetime": {"datetime": "2024-08-10 12:58:44", "elapsed": 1374.936094, "delta": 4.101403}}
{"target": -0.34100127545247627, "params": {"bus_acc": 3.4396, "bus_dcc": 2.2338, "bus_lcAssertive": 1.5787, "bus_lcCooperative": 0.4043, "bus_lcLookaheadLeft": 60.2332, "bus_lcPushy": 0.0988, "bus_lcSigma": 0.5212, "bus_lcSpeedGainRight": 0.8591, "bus_lcSublane": 0.137, "bus_sigma": 0.4089, "bus_tau_mean": 0.5808, "bus_tau_std": 2.1403, "bus_v_mean": 15.6793, "bus_v_std": 10.5199, "car_acc": 3.4146, "car_dcc": 3.7219, "car_lcAssertive": 5.884, "car_lcCooperative": 0.0758, "car_lcLookaheadLeft": 86.1255, "car_lcPushy": 0.5804, "car_lcSigma": 0.8518, "car_lcSpeedGainRight": 1.022, "car_lcSublane": 0.9844, "car_sigma": 0.1269, "car_tau_mean": 1.0681, "car_tau_std": 8.4925, "car_v_mean": 24.152, "car_v_std": 5.3213}, "datetime": {"datetime": "2024-08-10 12:58:50", "elapsed": 1380.827269, "delta": 5.891175}}
{"target": -0.24982871373035545, "params": {"bus_acc": 1.4141, "bus_dcc": 2.8372, "bus_lcAssertive": 83.9543, "bus_lcCooperative": 0.7243, "bus_lcLookaheadLeft": 30.3743, "bus_lcPushy": 0.8224, "bus_lcSigma": 0.8147, "bus_lcSpeedGainRight": 1.6135, "bus_lcSublane": 0.7369, "bus_sigma": 0.7118, "bus_tau_mean": 1.3901, "bus_tau_std": 2.8043, "bus_v_mean": 10.8751, "bus_v_std": 12.5728, "car_acc": 2.0698, "car_dcc": 0.4997, "car_lcAssertive": 87.7624, "car_lcCooperative": 0.2078, "car_lcLookaheadLeft": 59.0465, "car_lcPushy": 0.731, "car_lcSigma": 0.0029, "car_lcSpeedGainRight": 3.5353, "car_lcSublane": 0.0986, "car_sigma": 0.9017, "car_tau_mean": 0.9207, "car_tau_std": 0.7495, "car_v_mean": 10.1299, "car_v_std": 9.8473}, "datetime": {"datetime": "2024-08-10 12:58:54", "elapsed": 1384.583222, "delta": 3.755953}}
{"target": -0.33265873366386794, "params": {"bus_acc": 0.6935, "bus_dcc": 1.1626, "bus_lcAssertive": 3.1358, "bus_lcCooperative": 0.6297, "bus_lcLookaheadLeft": 6.0645, "bus_lcPushy": 0.4527, "bus_lcSigma": 0.6672, "bus_lcSpeedGainRight": 1.4315, "bus_lcSublane": 0.1839, "bus_sigma": 0.3859, "bus_tau_mean": 3.2832, "bus_tau_std": 2.8143, "bus_v_mean": 9.6123, "bus_v_std": 9.8486, "car_acc": 1.3314, "car_dcc": 3.5749, "car_lcAssertive": 90.1406, "car_lcCooperative": 0.8267, "car_lcLookaheadLeft": 96.281, "car_lcPushy": 0.473, "car_lcSigma": 0.2316, "car_lcSpeedGainRight": 2.8369, "car_lcSublane": 0.2457, "car_sigma": 0.4963, "car_tau_mean": 3.6511, "car_tau_std": 4.4093, "car_v_mean": 25.294, "car_v_std": 1.0262}, "datetime": {"datetime": "2024-08-10 12:58:59", "elapsed": 1389.995554, "delta": 5.412332}}
{"target": -0.25893892937021484, "params": {"bus_acc": 1.3846, "bus_dcc": 0.9116, "bus_lcAssertive": 71.5009, "bus_lcCooperative": 0.8746, "bus_lcLookaheadLeft": 65.0409, "bus_lcPushy": 0.0, "bus_lcSigma": 1.0, "bus_lcSpeedGainRight": 0.0, "bus_lcSublane": 0.0, "bus_sigma": 1.0, "bus_tau_mean": 1.2129, "bus_tau_std": 9.3763, "bus_v_mean": 13.7819, "bus_v_std": 5.4609, "car_acc": 0.9147, "car_dcc": 0.2, "car_lcAssertive": 51.1155, "car_lcCooperative": 1.0, "car_lcLookaheadLeft": 2.6003, "car_lcPushy": 0.0, "car_lcSigma": 0.2802, "car_lcSpeedGainRight": 3.1117, "car_lcSublane": 1.0, "car_sigma": 0.0, "car_tau_mean": 0.5, "car_tau_std": 0.0, "car_v_mean": 8.0, "car_v_std": 0.0}, "datetime": {"datetime": "2024-08-10 12:59:03", "elapsed": 1393.616081, "delta": 3.620527}}
{"target": -0.32915872857816214, "params": {"bus_acc": 1.4068, "bus_dcc": 1.8239, "bus_lcAssertive": 41.0126, "bus_lcCooperative": 0.4854, "bus_lcLookaheadLeft": 53.5492, "bus_lcPushy": 0.7741, "bus_lcSigma": 0.5864, "bus_lcSpeedGainRight": 1.1051, "bus_lcSublane": 0.7277, "bus_sigma": 0.5534, "bus_tau_mean": 3.6757, "bus_tau_std": 2.8862, "bus_v_mean": 23.6707, "bus_v_std": 5.2613, "car_acc": 2.3102, "car_dcc": 1.2701, "car_lcAssertive": 88.1483, "car_lcCooperative": 0.4785, "car_lcLookaheadLeft": 64.8161, "car_lcPushy": 0.3862, "car_lcSigma": 0.392, "car_lcSpeedGainRight": 0.1485, "car_lcSublane": 0.0922, "car_sigma": 0.4983, "car_tau_mean": 1.4207, "car_tau_std": 8.7905, "car_v_mean": 8.2814, "car_v_std": 16.5461}, "datetime": {"datetime": "2024-08-10 12:59:07", "elapsed": 1397.269096, "delta": 3.653015}}
{"target": -0.3778004509344888, "params": {"bus_acc": 2.2832, "bus_dcc": 2.1601, "bus_lcAssertive": 73.2633, "bus_lcCooperative": 0.5468, "bus_lcLookaheadLeft": 72.9208, "bus_lcPushy": 0.4152, "bus_lcSigma": 0.1187, "bus_lcSpeedGainRight": 2.8349, "bus_lcSublane": 0.5613, "bus_sigma": 0.8247, "bus_tau_mean": 2.0627, "bus_tau_std": 2.0934, "bus_v_mean": 13.7248, "bus_v_std": 6.2022, "car_acc": 0.9641, "car_dcc": 2.6918, "car_lcAssertive": 70.0011, "car_lcCooperative": 0.2151, "car_lcLookaheadLeft": 48.7753, "car_lcPushy": 0.206, "car_lcSigma": 0.1245, "car_lcSpeedGainRight": 1.4082, "car_lcSublane": 0.7522, "car_sigma": 0.589, "car_tau_mean": 3.429, "car_tau_std": 5.083, "car_v_mean": 24.2736, "car_v_std": 17.2067}, "datetime": {"datetime": "2024-08-10 12:59:10", "elapsed": 1400.41103, "delta": 3.141934}}
{"target": -0.1967633088399218, "params": {"bus_acc": 2.0681, "bus_dcc": 3.5256, "bus_lcAssertive": 13.8835, "bus_lcCooperative": 0.504, "bus_lcLookaheadLeft": 78.1132, "bus_lcPushy": 0.9862, "bus_lcSigma": 0.6784, "bus_lcSpeedGainRight": 0.92, "bus_lcSublane": 0.7648, "bus_sigma": 0.0797, "bus_tau_mean": 3.1747, "bus_tau_std": 8.2832, "bus_v_mean": 18.0708, "bus_v_std": 9.8595, "car_acc": 3.7638, "car_dcc": 0.2054, "car_lcAssertive": 1.9522, "car_lcCooperative": 0.257, "car_lcLookaheadLeft": 51.5613, "car_lcPushy": 0.5455, "car_lcSigma": 0.3763, "car_lcSpeedGainRight": 1.4686, "car_lcSublane": 0.2074, "car_sigma": 0.8053, "car_tau_mean": 1.6108, "car_tau_std": 4.9297, "car_v_mean": 22.6083, "car_v_std": 12.2522}, "datetime": {"datetime": "2024-08-10 12:59:15", "elapsed": 1405.198329, "delta": 4.787299}}
{"target": -0.6130308607442548, "params": {"bus_acc": 3.5301, "bus_dcc": 3.5119, "bus_lcAssertive": 35.7218, "bus_lcCooperative": 0.4933, "bus_lcLookaheadLeft": 79.0281, "bus_lcPushy": 0.3031, "bus_lcSigma": 0.8388, "bus_lcSpeedGainRight": 4.3984, "bus_lcSublane": 0.9909, "bus_sigma": 0.2922, "bus_tau_mean": 0.9643, "bus_tau_std": 8.2566, "bus_v_mean": 17.7398, "bus_v_std": 4.5886, "car_acc": 0.5278, "car_dcc": 3.5342, "car_lcAssertive": 25.1979, "car_lcCooperative": 0.7048, "car_lcLookaheadLeft": 38.4956, "car_lcPushy": 0.2896, "car_lcSigma": 0.7123, "car_lcSpeedGainRight": 1.6614, "car_lcSublane": 0.0218, "car_sigma": 0.068, "car_tau_mean": 3.4527, "car_tau_std": 7.8494, "car_v_mean": 21.038, "car_v_std": 16.4458}, "datetime": {"datetime": "2024-08-10 12:59:20", "elapsed": 1410.422238, "delta": 5.223909}}
{"target": -0.50630585151074, "params": {"bus_acc": 1.456, "bus_dcc": 3.4417, "bus_lcAssertive": 94.7683, "bus_lcCooperative": 0.0315, "bus_lcLookaheadLeft": 58.4735, "bus_lcPushy": 0.3494, "bus_lcSigma": 0.751, "bus_lcSpeedGainRight": 2.951, "bus_lcSublane": 0.9244, "bus_sigma": 0.2172, "bus_tau_mean": 3.3655, "bus_tau_std": 7.3166, "bus_v_mean": 23.4599, "bus_v_std": 14.0336, "car_acc": 0.7443, "car_dcc": 3.6491, "car_lcAssertive": 39.8476, "car_lcCooperative": 0.7587, "car_lcLookaheadLeft": 97.7483, "car_lcPushy": 0.4717, "car_lcSigma": 0.7884, "car_lcSpeedGainRight": 1.5137, "car_lcSublane": 0.6447, "car_sigma": 0.8448, "car_tau_mean": 0.819, "car_tau_std": 3.8924, "car_v_mean": 13.3441, "car_v_std": 16.0748}, "datetime": {"datetime": "2024-08-10 12:59:25", "elapsed": 1415.521596, "delta": 5.099358}}
{"target": -0.7510185295598729, "params": {"bus_acc": 1.3652, "bus_dcc": 0.9606, "bus_lcAssertive": 96.0567, "bus_lcCooperative": 0.1054, "bus_lcLookaheadLeft": 29.2405, "bus_lcPushy": 0.9819, "bus_lcSigma": 0.8669, "bus_lcSpeedGainRight": 4.1492, "bus_lcSublane": 0.7378, "bus_sigma": 0.486, "bus_tau_mean": 1.0116, "bus_tau_std": 6.0711, "bus_v_mean": 15.3931, "bus_v_std": 16.7044, "car_acc": 0.4761, "car_dcc": 0.6003, "car_lcAssertive": 97.8704, "car_lcCooperative": 0.4043, "car_lcLookaheadLeft": 87.0737, "car_lcPushy": 0.177, "car_lcSigma": 0.6721, "car_lcSpeedGainRight": 4.1067, "car_lcSublane": 0.5299, "car_sigma": 0.5231, "car_tau_mean": 3.9181, "car_tau_std": 8.0049, "car_v_mean": 21.003, "car_v_std": 14.8071}, "datetime": {"datetime": "2024-08-10 12:59:28", "elapsed": 1419.04654, "delta": 3.524944}}
{"target": -0.3302749124823027, "params": {"bus_acc": 3.9679, "bus_dcc": 1.5082, "bus_lcAssertive": 96.8007, "bus_lcCooperative": 0.6385, "bus_lcLookaheadLeft": 60.5357, "bus_lcPushy": 0.0696, "bus_lcSigma": 0.742, "bus_lcSpeedGainRight": 0.9312, "bus_lcSublane": 0.809, "bus_sigma": 0.9758, "bus_tau_mean": 0.6108, "bus_tau_std": 6.2486, "bus_v_mean": 25.872, "bus_v_std": 11.8098, "car_acc": 1.325, "car_dcc": 2.1258, "car_lcAssertive": 30.5841, "car_lcCooperative": 0.2063, "car_lcLookaheadLeft": 57.7787, "car_lcPushy": 0.5002, "car_lcSigma": 0.5617, "car_lcSpeedGainRight": 1.7362, "car_lcSublane": 0.0432, "car_sigma": 0.8855, "car_tau_mean": 1.8202, "car_tau_std": 6.6996, "car_v_mean": 10.6851, "car_v_std": 2.188}, "datetime": {"datetime": "2024-08-10 12:59:34", "elapsed": 1424.773961, "delta": 5.727421}}
{"target": -0.35328716488151124, "params": {"bus_acc": 3.0508, "bus_dcc": 3.2959, "bus_lcAssertive": 75.5156, "bus_lcCooperative": 0.1965, "bus_lcLookaheadLeft": 41.9551, "bus_lcPushy": 0.1403, "bus_lcSigma": 0.1172, "bus_lcSpeedGainRight": 2.5426, "bus_lcSublane": 0.8695, "bus_sigma": 0.5027, "bus_tau_mean": 2.2541, "bus_tau_std": 3.3826, "bus_v_mean": 17.5609, "bus_v_std": 6.1128, "car_acc": 3.7273, "car_dcc": 2.3588, "car_lcAssertive": 67.8063, "car_lcCooperative": 0.9355, "car_lcLookaheadLeft": 61.2948, "car_lcPushy": 0.186, "car_lcSigma": 0.834, "car_lcSpeedGainRight": 3.286, "car_lcSublane": 0.4398, "car_sigma": 0.7113, "car_tau_mean": 0.7547, "car_tau_std": 3.5273, "car_v_mean": 12.0615, "car_v_std": 9.9666}, "datetime": {"datetime": "2024-08-10 12:59:39", "elapsed": 1430.07954, "delta": 5.305579}}
{"target": -0.25244302998537665, "params": {"bus_acc": 1.6788, "bus_dcc": 1.8933, "bus_lcAssertive": 45.7644, "bus_lcCooperative": 0.6762, "bus_lcLookaheadLeft": 29.3502, "bus_lcPushy": 0.6835, "bus_lcSigma": 0.5637, "bus_lcSpeedGainRight": 3.335, "bus_lcSublane": 0.02, "bus_sigma": 0.2287, "bus_tau_mean": 2.2366, "bus_tau_std": 6.024, "bus_v_mean": 8.6874, "bus_v_std": 12.0046, "car_acc": 1.2088, "car_dcc": 1.5028, "car_lcAssertive": 74.2476, "car_lcCooperative": 0.4043, "car_lcLookaheadLeft": 22.3933, "car_lcPushy": 0.5485, "car_lcSigma": 0.9943, "car_lcSpeedGainRight": 0.3332, "car_lcSublane": 0.7342, "car_sigma": 0.4122, "car_tau_mean": 1.0056, "car_tau_std": 0.8812, "car_v_mean": 14.9338, "car_v_std": 17.9526}, "datetime": {"datetime": "2024-08-10 12:59:45", "elapsed": 1435.964538, "delta": 5.884998}}
{"target": -0.3573895537611868, "params": {"bus_acc": 3.2322, "bus_dcc": 1.9791, "bus_lcAssertive": 79.7479, "bus_lcCooperative": 0.3231, "bus_lcLookaheadLeft": 37.284, "bus_lcPushy": 0.8478, "bus_lcSigma": 0.804, "bus_lcSpeedGainRight": 2.6705, "bus_lcSublane": 0.1002, "bus_sigma": 0.2381, "bus_tau_mean": 2.8581, "bus_tau_std": 8.6263, "bus_v_mean": 21.9813, "bus_v_std": 8.1403, "car_acc": 1.4263, "car_dcc": 1.4634, "car_lcAssertive": 61.5825, "car_lcCooperative": 0.7827, "car_lcLookaheadLeft": 61.3813, "car_lcPushy": 0.9699, "car_lcSigma": 0.8249, "car_lcSpeedGainRight": 2.3431, "car_lcSublane": 0.3664, "car_sigma": 0.996, "car_tau_mean": 1.0297, "car_tau_std": 0.553, "car_v_mean": 16.9251, "car_v_std": 10.4653}, "datetime": {"datetime": "2024-08-10 12:59:49", "elapsed": 1440.101136, "delta": 4.136598}}
{"target": -0.7192075019958061, "params": {"bus_acc": 1.7757, "bus_dcc": 2.1827, "bus_lcAssertive": 26.3726, "bus_lcCooperative": 0.6384, "bus_lcLookaheadLeft": 50.2169, "bus_lcPushy": 0.2354, "bus_lcSigma": 0.0155, "bus_lcSpeedGainRight": 2.2814, "bus_lcSublane": 0.2012, "bus_sigma": 0.1712, "bus_tau_mean": 3.0095, "bus_tau_std": 2.6144, "bus_v_mean": 19.9469, "bus_v_std": 3.6872, "car_acc": 0.3655, "car_dcc": 3.1435, "car_lcAssertive": 52.0302, "car_lcCooperative": 0.9437, "car_lcLookaheadLeft": 15.7532, "car_lcPushy": 0.6233, "car_lcSigma": 0.78, "car_lcSpeedGainRight": 3.941, "car_lcSublane": 0.7569, "car_sigma": 0.4162, "car_tau_mean": 1.8004, "car_tau_std": 2.766, "car_v_mean": 22.9197, "car_v_std": 5.666}, "datetime": {"datetime": "2024-08-10 12:59:54", "elapsed": 1444.349522, "delta": 4.248386}}
{"target": -0.3646930268953801, "params": {"bus_acc": 1.9301, "bus_dcc": 3.9422, "bus_lcAssertive": 44.1306, "bus_lcCooperative": 0.9203, "bus_lcLookaheadLeft": 97.2846, "bus_lcPushy": 0.1444, "bus_lcSigma": 0.97, "bus_lcSpeedGainRight": 3.5339, "bus_lcSublane": 0.2294, "bus_sigma": 0.0514, "bus_tau_mean": 2.0628, "bus_tau_std": 3.2974, "bus_v_mean": 24.4528, "bus_v_std": 15.8474, "car_acc": 1.4112, "car_dcc": 3.7621, "car_lcAssertive": 51.3599, "car_lcCooperative": 0.2862, "car_lcLookaheadLeft": 92.6702, "car_lcPushy": 0.9386, "car_lcSigma": 0.7234, "car_lcSpeedGainRight": 2.0403, "car_lcSublane": 0.7308, "car_sigma": 0.0046, "car_tau_mean": 1.8321, "car_tau_std": 8.1585, "car_v_mean": 25.8474, "car_v_std": 5.8043}, "datetime": {"datetime": "2024-08-10 12:59:58", "elapsed": 1448.195306, "delta": 3.845784}}
