{"target": -0.7380659087133138, "params": {"bus_acc": 1.0375, "bus_dcc": 1.3757, "bus_lcAssertive": 88.8533, "bus_lcCooperative": 0.6093, "bus_lcLookaheadLeft": 30.9849, "bus_lcPushy": 0.6392, "bus_lcSigma": 0.3607, "bus_lcSpeedGainRight": 3.6717, "bus_lcSublane": 0.8544, "bus_sigma": 0.6069, "bus_tau_mean": 3.9235, "bus_tau_std": 8.8352, "bus_v_mean": 24.4992, "bus_v_std": 10.2874, "car_acc": 0.3357, "car_dcc": 0.5817, "car_lcAssertive": 49.2046, "car_lcCooperative": 0.4295, "car_lcLookaheadLeft": 49.4824, "car_lcPushy": 0.8457, "car_lcSigma": 0.6262, "car_lcSpeedGainRight": 4.0184, "car_lcSublane": 0.7097, "car_sigma": 0.74, "car_tau_mean": 2.1859, "car_tau_std": 3.6361, "car_v_mean": 17.4024, "car_v_std": 14.8346}, "datetime": {"datetime": "2024-08-10 14:54:10", "elapsed": 8300.389112, "delta": 7.58808}}
{"target": -0.3297735370215937, "params": {"bus_acc": 3.5454, "bus_dcc": 3.0579, "bus_lcAssertive": 44.7348, "bus_lcCooperative": 0.4574, "bus_lcLookaheadLeft": 83.666, "bus_lcPushy": 0.6314, "bus_lcSigma": 0.7414, "bus_lcSpeedGainRight": 3.3215, "bus_lcSublane": 0.6036, "bus_sigma": 0.7038, "bus_tau_mean": 0.6339, "bus_tau_std": 4.9705, "bus_v_mean": 22.4689, "bus_v_std": 11.7556, "car_acc": 2.0718, "car_dcc": 1.1468, "car_lcAssertive": 84.6323, "car_lcCooperative": 0.3402, "car_lcLookaheadLeft": 90.1491, "car_lcPushy": 0.9106, "car_lcSigma": 0.1365, "car_lcSpeedGainRight": 0.4904, "car_lcSublane": 0.5899, "car_sigma": 0.0089, "car_tau_mean": 1.5687, "car_tau_std": 8.2296, "car_v_mean": 15.8375, "car_v_std": 10.0251}, "datetime": {"datetime": "2024-08-10 14:54:17", "elapsed": 8307.876014, "delta": 7.486902}}
{"target": -0.28708891516003343, "params": {"bus_acc": 1.3601, "bus_dcc": 3.4889, "bus_lcAssertive": 51.4593, "bus_lcCooperative": 0.0754, "bus_lcLookaheadLeft": 20.4275, "bus_lcPushy": 0.5167, "bus_lcSigma": 0.3973, "bus_lcSpeedGainRight": 0.6007, "bus_lcSublane": 0.2904, "bus_sigma": 0.6403, "bus_tau_mean": 3.2683, "bus_tau_std": 2.2817, "bus_v_mean": 9.8112, "bus_v_std": 0.8149, "car_acc": 2.3306, "car_dcc": 1.788, "car_lcAssertive": 45.9992, "car_lcCooperative": 0.6371, "car_lcLookaheadLeft": 63.4111, "car_lcPushy": 0.5104, "car_lcSigma": 0.3575, "car_lcSpeedGainRight": 3.4753, "car_lcSublane": 0.8885, "car_sigma": 0.7978, "car_tau_mean": 1.2006, "car_tau_std": 5.8773, "car_v_mean": 10.1609, "car_v_std": 0.5938}, "datetime": {"datetime": "2024-08-10 14:54:25", "elapsed": 8315.80143, "delta": 7.925416}}
{"target": -0.4347928420269318, "params": {"bus_acc": 0.7545, "bus_dcc": 2.065, "bus_lcAssertive": 57.8146, "bus_lcCooperative": 0.7821, "bus_lcLookaheadLeft": 34.1118, "bus_lcPushy": 0.0251, "bus_lcSigma": 0.4623, "bus_lcSpeedGainRight": 3.7613, "bus_lcSublane": 0.2239, "bus_sigma": 0.1272, "bus_tau_mean": 1.2368, "bus_tau_std": 3.1467, "bus_v_mean": 9.1396, "bus_v_std": 18.1224, "car_acc": 0.8581, "car_dcc": 1.7781, "car_lcAssertive": 27.8797, "car_lcCooperative": 0.5366, "car_lcLookaheadLeft": 96.7964, "car_lcPushy": 0.441, "car_lcSigma": 0.8658, "car_lcSpeedGainRight": 2.0228, "car_lcSublane": 0.3212, "car_sigma": 0.1941, "car_tau_mean": 3.2879, "car_tau_std": 9.3595, "car_v_mean": 18.6643, "car_v_std": 9.3207}, "datetime": {"datetime": "2024-08-10 14:54:32", "elapsed": 8322.426658, "delta": 6.625228}}
{"target": -0.3191334524677922, "params": {"bus_acc": 3.0369, "bus_dcc": 3.6804, "bus_lcAssertive": 51.4147, "bus_lcCooperative": 0.7925, "bus_lcLookaheadLeft": 45.3847, "bus_lcPushy": 0.6239, "bus_lcSigma": 0.1557, "bus_lcSpeedGainRight": 1.3675, "bus_lcSublane": 0.238, "bus_sigma": 0.152, "bus_tau_mean": 1.1204, "bus_tau_std": 2.7387, "bus_v_mean": 24.5461, "bus_v_std": 13.8683, "car_acc": 3.3808, "car_dcc": 1.3548, "car_lcAssertive": 84.1605, "car_lcCooperative": 0.5831, "car_lcLookaheadLeft": 45.3855, "car_lcPushy": 0.8341, "car_lcSigma": 0.9359, "car_lcSpeedGainRight": 2.7029, "car_lcSublane": 0.6511, "car_sigma": 0.9938, "car_tau_mean": 3.7999, "car_tau_std": 5.7567, "car_v_mean": 20.5082, "car_v_std": 13.4871}, "datetime": {"datetime": "2024-08-10 14:54:37", "elapsed": 8327.209544, "delta": 4.782886}}
{"target": -0.3308734892492283, "params": {"bus_acc": 3.6076, "bus_dcc": 0.9398, "bus_lcAssertive": 80.4469, "bus_lcCooperative": 0.4605, "bus_lcLookaheadLeft": 93.2434, "bus_lcPushy": 0.2265, "bus_lcSigma": 0.1672, "bus_lcSpeedGainRight": 2.0733, "bus_lcSublane": 0.7998, "bus_sigma": 0.1975, "bus_tau_mean": 1.2302, "bus_tau_std": 7.2175, "bus_v_mean": 8.9325, "bus_v_std": 6.9376, "car_acc": 0.9667, "car_dcc": 2.6151, "car_lcAssertive": 7.6926, "car_lcCooperative": 0.3065, "car_lcLookaheadLeft": 46.32, "car_lcPushy": 0.2815, "car_lcSigma": 0.4515, "car_lcSpeedGainRight": 2.2003, "car_lcSublane": 0.667, "car_sigma": 0.0954, "car_tau_mean": 1.2715, "car_tau_std": 7.9021, "car_v_mean": 19.925, "car_v_std": 1.3285}, "datetime": {"datetime": "2024-08-10 14:54:41", "elapsed": 8331.930916, "delta": 4.721372}}
{"target": -0.26194442879715957, "params": {"bus_acc": 2.9743, "bus_dcc": 2.1292, "bus_lcAssertive": 69.3921, "bus_lcCooperative": 0.5728, "bus_lcLookaheadLeft": 86.6213, "bus_lcPushy": 0.502, "bus_lcSigma": 0.7959, "bus_lcSpeedGainRight": 3.189, "bus_lcSublane": 0.4104, "bus_sigma": 0.3958, "bus_tau_mean": 3.7502, "bus_tau_std": 7.8997, "bus_v_mean": 14.7583, "bus_v_std": 10.5123, "car_acc": 0.9072, "car_dcc": 0.6501, "car_lcAssertive": 49.3287, "car_lcCooperative": 0.0713, "car_lcLookaheadLeft": 43.1034, "car_lcPushy": 0.587, "car_lcSigma": 0.3636, "car_lcSpeedGainRight": 0.7372, "car_lcSublane": 0.1231, "car_sigma": 0.0387, "car_tau_mean": 2.1469, "car_tau_std": 7.5504, "car_v_mean": 14.5289, "car_v_std": 0.051}, "datetime": {"datetime": "2024-08-10 14:54:47", "elapsed": 8337.611873, "delta": 5.680957}}
{"target": -0.3782548906187373, "params": {"bus_acc": 1.1276, "bus_dcc": 1.3684, "bus_lcAssertive": 57.0454, "bus_lcCooperative": 0.1861, "bus_lcLookaheadLeft": 13.4376, "bus_lcPushy": 0.5526, "bus_lcSigma": 0.7622, "bus_lcSpeedGainRight": 2.944, "bus_lcSublane": 0.5548, "bus_sigma": 0.5204, "bus_tau_mean": 2.6405, "bus_tau_std": 6.319, "bus_v_mean": 20.1765, "bus_v_std": 3.8783, "car_acc": 3.1534, "car_dcc": 3.2621, "car_lcAssertive": 80.7898, "car_lcCooperative": 0.914, "car_lcLookaheadLeft": 46.8252, "car_lcPushy": 0.6797, "car_lcSigma": 0.2106, "car_lcSpeedGainRight": 0.0591, "car_lcSublane": 0.7979, "car_sigma": 0.1306, "car_tau_mean": 1.9365, "car_tau_std": 0.7112, "car_v_mean": 23.0425, "car_v_std": 4.9293}, "datetime": {"datetime": "2024-08-10 14:54:55", "elapsed": 8345.638122, "delta": 8.026249}}
{"target": -0.2922754242111154, "params": {"bus_acc": 0.5773, "bus_dcc": 2.5525, "bus_lcAssertive": 72.0113, "bus_lcCooperative": 0.2956, "bus_lcLookaheadLeft": 13.0363, "bus_lcPushy": 0.3215, "bus_lcSigma": 0.0391, "bus_lcSpeedGainRight": 1.9452, "bus_lcSublane": 0.4072, "bus_sigma": 0.6058, "bus_tau_mean": 0.6512, "bus_tau_std": 0.0067, "bus_v_mean": 21.3425, "bus_v_std": 11.5421, "car_acc": 1.5201, "car_dcc": 2.6844, "car_lcAssertive": 83.1819, "car_lcCooperative": 0.9699, "car_lcLookaheadLeft": 70.924, "car_lcPushy": 0.9408, "car_lcSigma": 0.6271, "car_lcSpeedGainRight": 2.1062, "car_lcSublane": 0.5708, "car_sigma": 0.5682, "car_tau_mean": 2.265, "car_tau_std": 0.662, "car_v_mean": 16.2162, "car_v_std": 2.8423}, "datetime": {"datetime": "2024-08-10 14:55:06", "elapsed": 8357.013552, "delta": 11.37543}}
{"target": -0.4073471049339153, "params": {"bus_acc": 1.9457, "bus_dcc": 2.5507, "bus_lcAssertive": 19.8347, "bus_lcCooperative": 0.6977, "bus_lcLookaheadLeft": 99.1472, "bus_lcPushy": 0.6999, "bus_lcSigma": 0.2927, "bus_lcSpeedGainRight": 0.9508, "bus_lcSublane": 0.2994, "bus_sigma": 0.0042, "bus_tau_mean": 1.0573, "bus_tau_std": 3.6205, "bus_v_mean": 16.3532, "bus_v_std": 4.9209, "car_acc": 1.1822, "car_dcc": 3.8051, "car_lcAssertive": 20.779, "car_lcCooperative": 0.0998, "car_lcLookaheadLeft": 79.517, "car_lcPushy": 0.009, "car_lcSigma": 0.4551, "car_lcSpeedGainRight": 1.4055, "car_lcSublane": 0.4127, "car_sigma": 0.6295, "car_tau_mean": 1.8027, "car_tau_std": 1.4983, "car_v_mean": 17.7258, "car_v_std": 3.8742}, "datetime": {"datetime": "2024-08-10 14:55:15", "elapsed": 8365.647958, "delta": 8.634406}}
{"target": -0.3175512545880354, "params": {"bus_acc": 2.4025, "bus_dcc": 1.7981, "bus_lcAssertive": 71.674, "bus_lcCooperative": 0.9762, "bus_lcLookaheadLeft": 52.4386, "bus_lcPushy": 0.9067, "bus_lcSigma": 0.4485, "bus_lcSpeedGainRight": 3.06, "bus_lcSublane": 0.5734, "bus_sigma": 0.7717, "bus_tau_mean": 1.0659, "bus_tau_std": 8.5915, "bus_v_mean": 21.5508, "bus_v_std": 18.4471, "car_acc": 1.7411, "car_dcc": 3.7568, "car_lcAssertive": 55.6337, "car_lcCooperative": 0.9439, "car_lcLookaheadLeft": 56.6771, "car_lcPushy": 0.1991, "car_lcSigma": 0.1972, "car_lcSpeedGainRight": 1.5731, "car_lcSublane": 0.7308, "car_sigma": 0.3599, "car_tau_mean": 0.5904, "car_tau_std": 4.008, "car_v_mean": 9.2104, "car_v_std": 0.9118}, "datetime": {"datetime": "2024-08-10 14:55:22", "elapsed": 8372.490555, "delta": 6.842597}}
{"target": -0.3708664110440257, "params": {"bus_acc": 2.9342, "bus_dcc": 2.8682, "bus_lcAssertive": 3.7466, "bus_lcCooperative": 0.4963, "bus_lcLookaheadLeft": 52.5278, "bus_lcPushy": 0.0703, "bus_lcSigma": 0.9553, "bus_lcSpeedGainRight": 3.6192, "bus_lcSublane": 0.8366, "bus_sigma": 0.102, "bus_tau_mean": 3.2957, "bus_tau_std": 3.1391, "bus_v_mean": 15.3306, "bus_v_std": 5.208, "car_acc": 2.8402, "car_dcc": 1.9817, "car_lcAssertive": 28.7299, "car_lcCooperative": 0.2898, "car_lcLookaheadLeft": 32.5764, "car_lcPushy": 0.0139, "car_lcSigma": 0.8469, "car_lcSpeedGainRight": 4.8356, "car_lcSublane": 0.217, "car_sigma": 0.9832, "car_tau_mean": 1.3775, "car_tau_std": 3.7719, "car_v_mean": 20.8437, "car_v_std": 4.0456}, "datetime": {"datetime": "2024-08-10 14:55:26", "elapsed": 8376.364999, "delta": 3.874444}}
{"target": -0.27762550885392573, "params": {"bus_acc": 2.7449, "bus_dcc": 1.4123, "bus_lcAssertive": 69.5378, "bus_lcCooperative": 0.9633, "bus_lcLookaheadLeft": 83.0963, "bus_lcPushy": 0.2284, "bus_lcSigma": 0.4831, "bus_lcSpeedGainRight": 3.0282, "bus_lcSublane": 0.4785, "bus_sigma": 0.2018, "bus_tau_mean": 2.8795, "bus_tau_std": 6.9246, "bus_v_mean": 22.1153, "bus_v_std": 1.8517, "car_acc": 3.4069, "car_dcc": 0.325, "car_lcAssertive": 8.3477, "car_lcCooperative": 0.5451, "car_lcLookaheadLeft": 18.2119, "car_lcPushy": 0.3968, "car_lcSigma": 0.5847, "car_lcSpeedGainRight": 2.9665, "car_lcSublane": 0.6754, "car_sigma": 0.8774, "car_tau_mean": 2.4618, "car_tau_std": 6.2492, "car_v_mean": 17.2899, "car_v_std": 17.0596}, "datetime": {"datetime": "2024-08-10 14:55:33", "elapsed": 8383.33488, "delta": 6.969881}}
{"target": -0.3505800082446087, "params": {"bus_acc": 2.926, "bus_dcc": 0.6865, "bus_lcAssertive": 54.9841, "bus_lcCooperative": 0.3918, "bus_lcLookaheadLeft": 41.1519, "bus_lcPushy": 0.742, "bus_lcSigma": 0.1078, "bus_lcSpeedGainRight": 2.23, "bus_lcSublane": 0.2938, "bus_sigma": 0.6582, "bus_tau_mean": 2.5616, "bus_tau_std": 0.3368, "bus_v_mean": 12.1776, "bus_v_std": 10.292, "car_acc": 1.2954, "car_dcc": 3.8487, "car_lcAssertive": 81.4139, "car_lcCooperative": 0.1351, "car_lcLookaheadLeft": 63.396, "car_lcPushy": 0.8432, "car_lcSigma": 0.666, "car_lcSpeedGainRight": 1.7668, "car_lcSublane": 0.4704, "car_sigma": 0.6584, "car_tau_mean": 2.5491, "car_tau_std": 1.4959, "car_v_mean": 17.3205, "car_v_std": 9.5474}, "datetime": {"datetime": "2024-08-10 14:55:38", "elapsed": 8388.950369, "delta": 5.615489}}
{"target": -0.517049462540239, "params": {"bus_acc": 0.2043, "bus_dcc": 2.959, "bus_lcAssertive": 57.4396, "bus_lcCooperative": 0.9793, "bus_lcLookaheadLeft": 15.5918, "bus_lcPushy": 0.0694, "bus_lcSigma": 0.9203, "bus_lcSpeedGainRight": 3.4611, "bus_lcSublane": 0.1027, "bus_sigma": 0.5436, "bus_tau_mean": 3.1205, "bus_tau_std": 2.3019, "bus_v_mean": 19.5955, "bus_v_std": 10.281, "car_acc": 0.99, "car_dcc": 1.1129, "car_lcAssertive": 86.9401, "car_lcCooperative": 0.274, "car_lcLookaheadLeft": 94.5666, "car_lcPushy": 0.7266, "car_lcSigma": 0.9634, "car_lcSpeedGainRight": 0.7041, "car_lcSublane": 0.0232, "car_sigma": 0.3263, "car_tau_mean": 1.5094, "car_tau_std": 4.2809, "car_v_mean": 10.4389, "car_v_std": 16.8157}, "datetime": {"datetime": "2024-08-10 14:55:43", "elapsed": 8393.919216, "delta": 4.968847}}
{"target": -0.3632902020935847, "params": {"bus_acc": 2.5853, "bus_dcc": 2.8032, "bus_lcAssertive": 63.4627, "bus_lcCooperative": 0.1181, "bus_lcLookaheadLeft": 19.3193, "bus_lcPushy": 0.9716, "bus_lcSigma": 0.2022, "bus_lcSpeedGainRight": 2.4678, "bus_lcSublane": 0.1984, "bus_sigma": 0.7517, "bus_tau_mean": 2.9294, "bus_tau_std": 6.3737, "bus_v_mean": 20.1338, "bus_v_std": 1.2544, "car_acc": 2.1663, "car_dcc": 3.7735, "car_lcAssertive": 8.3915, "car_lcCooperative": 0.2202, "car_lcLookaheadLeft": 70.293, "car_lcPushy": 0.8322, "car_lcSigma": 0.677, "car_lcSpeedGainRight": 0.345, "car_lcSublane": 0.5016, "car_sigma": 0.392, "car_tau_mean": 1.3333, "car_tau_std": 9.6903, "car_v_mean": 12.8916, "car_v_std": 11.1882}, "datetime": {"datetime": "2024-08-10 14:55:47", "elapsed": 8397.950178, "delta": 4.030962}}
{"target": -0.330053503237529, "params": {"bus_acc": 2.9179, "bus_dcc": 0.52, "bus_lcAssertive": 96.5662, "bus_lcCooperative": 0.8867, "bus_lcLookaheadLeft": 60.8024, "bus_lcPushy": 0.6859, "bus_lcSigma": 0.3848, "bus_lcSpeedGainRight": 0.1861, "bus_lcSublane": 0.1891, "bus_sigma": 0.315, "bus_tau_mean": 1.8002, "bus_tau_std": 0.0542, "bus_v_mean": 20.3396, "bus_v_std": 12.9476, "car_acc": 2.7456, "car_dcc": 2.3799, "car_lcAssertive": 10.5183, "car_lcCooperative": 0.5294, "car_lcLookaheadLeft": 23.8388, "car_lcPushy": 0.5125, "car_lcSigma": 0.7054, "car_lcSpeedGainRight": 4.3009, "car_lcSublane": 0.0157, "car_sigma": 0.0714, "car_tau_mean": 3.6526, "car_tau_std": 8.8439, "car_v_mean": 9.8431, "car_v_std": 13.3316}, "datetime": {"datetime": "2024-08-10 14:55:53", "elapsed": 8403.35487, "delta": 5.404692}}
{"target": -0.3305867013528096, "params": {"bus_acc": 1.4458, "bus_dcc": 1.6084, "bus_lcAssertive": 77.3363, "bus_lcCooperative": 0.3535, "bus_lcLookaheadLeft": 84.4114, "bus_lcPushy": 0.0253, "bus_lcSigma": 0.3955, "bus_lcSpeedGainRight": 3.332, "bus_lcSublane": 0.0328, "bus_sigma": 0.8801, "bus_tau_mean": 3.0065, "bus_tau_std": 3.2412, "bus_v_mean": 18.5169, "bus_v_std": 5.2964, "car_acc": 2.7042, "car_dcc": 1.2937, "car_lcAssertive": 76.5595, "car_lcCooperative": 0.9314, "car_lcLookaheadLeft": 79.1965, "car_lcPushy": 0.0503, "car_lcSigma": 0.5706, "car_lcSpeedGainRight": 3.7354, "car_lcSublane": 0.9421, "car_sigma": 0.9107, "car_tau_mean": 0.9549, "car_tau_std": 1.6615, "car_v_mean": 22.1122, "car_v_std": 5.6495}, "datetime": {"datetime": "2024-08-10 14:55:57", "elapsed": 8407.948685, "delta": 4.593815}}
{"target": -0.47004174499707846, "params": {"bus_acc": 0.2006, "bus_dcc": 0.7152, "bus_lcAssertive": 28.2355, "bus_lcCooperative": 0.0162, "bus_lcLookaheadLeft": 26.0715, "bus_lcPushy": 0.0563, "bus_lcSigma": 0.1595, "bus_lcSpeedGainRight": 4.7939, "bus_lcSublane": 0.9563, "bus_sigma": 0.2061, "bus_tau_mean": 2.1234, "bus_tau_std": 5.6556, "bus_v_mean": 12.9472, "bus_v_std": 4.2036, "car_acc": 3.6793, "car_dcc": 2.4486, "car_lcAssertive": 51.1899, "car_lcCooperative": 0.2001, "car_lcLookaheadLeft": 54.0315, "car_lcPushy": 0.9431, "car_lcSigma": 0.001, "car_lcSpeedGainRight": 2.1603, "car_lcSublane": 0.9502, "car_sigma": 0.227, "car_tau_mean": 2.8954, "car_tau_std": 9.9707, "car_v_mean": 16.6399, "car_v_std": 16.8141}, "datetime": {"datetime": "2024-08-10 14:56:07", "elapsed": 8418.113781, "delta": 10.165096}}
{"target": -0.39760270617222915, "params": {"bus_acc": 3.4336, "bus_dcc": 2.5709, "bus_lcAssertive": 44.2303, "bus_lcCooperative": 0.1616, "bus_lcLookaheadLeft": 63.4633, "bus_lcPushy": 0.7616, "bus_lcSigma": 0.0873, "bus_lcSpeedGainRight": 1.4946, "bus_lcSublane": 0.3146, "bus_sigma": 0.6206, "bus_tau_mean": 3.8699, "bus_tau_std": 0.5901, "bus_v_mean": 20.9174, "bus_v_std": 3.237, "car_acc": 1.1413, "car_dcc": 2.8148, "car_lcAssertive": 61.8305, "car_lcCooperative": 0.1761, "car_lcLookaheadLeft": 29.9678, "car_lcPushy": 0.3045, "car_lcSigma": 0.1458, "car_lcSpeedGainRight": 4.9559, "car_lcSublane": 0.0958, "car_sigma": 0.6123, "car_tau_mean": 3.5204, "car_tau_std": 8.5441, "car_v_mean": 19.7482, "car_v_std": 16.4674}, "datetime": {"datetime": "2024-08-10 14:56:17", "elapsed": 8427.454555, "delta": 9.340774}}
{"target": -0.3368735565145123, "params": {"bus_acc": 0.7371, "bus_dcc": 3.3501, "bus_lcAssertive": 50.734, "bus_lcCooperative": 0.484, "bus_lcLookaheadLeft": 21.7627, "bus_lcPushy": 0.8076, "bus_lcSigma": 0.8537, "bus_lcSpeedGainRight": 2.2307, "bus_lcSublane": 0.3343, "bus_sigma": 0.5224, "bus_tau_mean": 1.1738, "bus_tau_std": 8.5627, "bus_v_mean": 24.6964, "bus_v_std": 17.9623, "car_acc": 3.4822, "car_dcc": 2.4318, "car_lcAssertive": 33.3153, "car_lcCooperative": 0.966, "car_lcLookaheadLeft": 57.2239, "car_lcPushy": 0.8727, "car_lcSigma": 0.1132, "car_lcSpeedGainRight": 2.3186, "car_lcSublane": 0.4065, "car_sigma": 0.0888, "car_tau_mean": 3.8151, "car_tau_std": 6.8041, "car_v_mean": 14.3361, "car_v_std": 1.4741}, "datetime": {"datetime": "2024-08-10 14:56:22", "elapsed": 8432.349525, "delta": 4.89497}}
{"target": -0.3409517158600163, "params": {"bus_acc": 1.1914, "bus_dcc": 3.8287, "bus_lcAssertive": 17.4783, "bus_lcCooperative": 0.0698, "bus_lcLookaheadLeft": 86.9058, "bus_lcPushy": 0.9997, "bus_lcSigma": 0.7699, "bus_lcSpeedGainRight": 3.3591, "bus_lcSublane": 0.7604, "bus_sigma": 0.6496, "bus_tau_mean": 1.3725, "bus_tau_std": 7.9803, "bus_v_mean": 18.0017, "bus_v_std": 15.2548, "car_acc": 3.266, "car_dcc": 3.3867, "car_lcAssertive": 42.3341, "car_lcCooperative": 0.806, "car_lcLookaheadLeft": 10.2476, "car_lcPushy": 0.5077, "car_lcSigma": 0.1292, "car_lcSpeedGainRight": 0.4881, "car_lcSublane": 0.0755, "car_sigma": 0.423, "car_tau_mean": 1.9565, "car_tau_std": 1.4333, "car_v_mean": 19.5391, "car_v_std": 8.6956}, "datetime": {"datetime": "2024-08-10 14:56:32", "elapsed": 8442.957012, "delta": 10.607487}}
{"target": -0.32006248169615936, "params": {"bus_acc": 3.222, "bus_dcc": 2.5873, "bus_lcAssertive": 71.0901, "bus_lcCooperative": 0.3603, "bus_lcLookaheadLeft": 78.2495, "bus_lcPushy": 0.6372, "bus_lcSigma": 0.1386, "bus_lcSpeedGainRight": 3.0029, "bus_lcSublane": 0.574, "bus_sigma": 0.9637, "bus_tau_mean": 3.3652, "bus_tau_std": 9.8064, "bus_v_mean": 22.3917, "bus_v_std": 14.0046, "car_acc": 3.0828, "car_dcc": 2.7002, "car_lcAssertive": 61.3873, "car_lcCooperative": 0.5397, "car_lcLookaheadLeft": 49.8413, "car_lcPushy": 0.5667, "car_lcSigma": 0.3005, "car_lcSpeedGainRight": 2.4534, "car_lcSublane": 0.9302, "car_sigma": 0.3855, "car_tau_mean": 3.8128, "car_tau_std": 4.0616, "car_v_mean": 12.2181, "car_v_std": 19.5285}, "datetime": {"datetime": "2024-08-10 14:56:38", "elapsed": 8448.283552, "delta": 5.32654}}
{"target": -0.28222769096995753, "params": {"bus_acc": 1.0063, "bus_dcc": 1.065, "bus_lcAssertive": 62.278, "bus_lcCooperative": 0.7422, "bus_lcLookaheadLeft": 59.1052, "bus_lcPushy": 0.9025, "bus_lcSigma": 0.8275, "bus_lcSpeedGainRight": 4.847, "bus_lcSublane": 0.4722, "bus_sigma": 0.7104, "bus_tau_mean": 2.004, "bus_tau_std": 0.7059, "bus_v_mean": 23.6386, "bus_v_std": 6.2826, "car_acc": 3.3937, "car_dcc": 1.3907, "car_lcAssertive": 94.6593, "car_lcCooperative": 0.2445, "car_lcLookaheadLeft": 13.5473, "car_lcPushy": 0.5004, "car_lcSigma": 0.0034, "car_lcSpeedGainRight": 0.987, "car_lcSublane": 0.0877, "car_sigma": 0.0865, "car_tau_mean": 1.3427, "car_tau_std": 6.3038, "car_v_mean": 12.7035, "car_v_std": 18.2999}, "datetime": {"datetime": "2024-08-10 14:56:47", "elapsed": 8457.480578, "delta": 9.197026}}
{"target": -0.40215524990867274, "params": {"bus_acc": 0.8194, "bus_dcc": 3.8064, "bus_lcAssertive": 74.5027, "bus_lcCooperative": 0.2134, "bus_lcLookaheadLeft": 70.4264, "bus_lcPushy": 0.1922, "bus_lcSigma": 0.4326, "bus_lcSpeedGainRight": 4.5571, "bus_lcSublane": 0.0079, "bus_sigma": 0.5914, "bus_tau_mean": 3.9852, "bus_tau_std": 6.5953, "bus_v_mean": 13.1892, "bus_v_std": 1.0412, "car_acc": 1.5576, "car_dcc": 3.5817, "car_lcAssertive": 33.5688, "car_lcCooperative": 0.966, "car_lcLookaheadLeft": 99.013, "car_lcPushy": 0.4011, "car_lcSigma": 0.9051, "car_lcSpeedGainRight": 1.4049, "car_lcSublane": 0.3349, "car_sigma": 0.6939, "car_tau_mean": 1.3214, "car_tau_std": 1.3489, "car_v_mean": 8.9123, "car_v_std": 5.9617}, "datetime": {"datetime": "2024-08-10 14:56:51", "elapsed": 8462.013675, "delta": 4.533097}}
{"target": -0.5797719308200014, "params": {"bus_acc": 0.9199, "bus_dcc": 2.4832, "bus_lcAssertive": 37.4984, "bus_lcCooperative": 0.6692, "bus_lcLookaheadLeft": 40.8453, "bus_lcPushy": 0.8886, "bus_lcSigma": 0.5134, "bus_lcSpeedGainRight": 0.4365, "bus_lcSublane": 0.5946, "bus_sigma": 0.3065, "bus_tau_mean": 0.6152, "bus_tau_std": 5.9916, "bus_v_mean": 23.9673, "bus_v_std": 19.5338, "car_acc": 0.391, "car_dcc": 1.3456, "car_lcAssertive": 89.1751, "car_lcCooperative": 0.8902, "car_lcLookaheadLeft": 74.0346, "car_lcPushy": 0.9047, "car_lcSigma": 0.2354, "car_lcSpeedGainRight": 1.9018, "car_lcSublane": 0.6642, "car_sigma": 0.2201, "car_tau_mean": 1.2923, "car_tau_std": 6.4512, "car_v_mean": 12.4427, "car_v_std": 15.4714}, "datetime": {"datetime": "2024-08-10 14:57:00", "elapsed": 8470.459965, "delta": 8.44629}}
