{"target": -0.49969046911090514, "params": {"bus_acc": 3.7149, "bus_dcc": 2.8628, "bus_lcAssertive": 37.0701, "bus_lcCooperative": 0.9232, "bus_lcLookaheadLeft": 80.5193, "bus_lcPushy": 0.5825, "bus_lcSigma": 0.6527, "bus_lcSpeedGainRight": 3.6733, "bus_lcSublane": 0.7435, "bus_sigma": 0.5538, "bus_tau_mean": 2.362, "bus_tau_std": 6.3995, "bus_v_mean": 11.6329, "bus_v_std": 5.292, "car_acc": 3.0766, "car_dcc": 1.2447, "car_lcAssertive": 38.0798, "car_lcCooperative": 0.3006, "car_lcLookaheadLeft": 68.2727, "car_lcPushy": 0.6211, "car_lcSigma": 0.7015, "car_lcSpeedGainRight": 3.031, "car_lcSublane": 0.6625, "car_sigma": 0.5221, "car_tau_mean": 1.7031, "car_tau_std": 1.3664, "car_v_mean": 24.3774, "car_v_std": 3.706}, "datetime": {"datetime": "2024-08-10 16:55:50", "elapsed": 15601.008572, "delta": 12.189128}}
{"target": -0.3381125335496682, "params": {"bus_acc": 1.7729, "bus_dcc": 0.7653, "bus_lcAssertive": 71.5441, "bus_lcCooperative": 0.7417, "bus_lcLookaheadLeft": 81.0288, "bus_lcPushy": 0.6264, "bus_lcSigma": 0.1128, "bus_lcSpeedGainRight": 3.1954, "bus_lcSublane": 0.4145, "bus_sigma": 0.6924, "bus_tau_mean": 2.1258, "bus_tau_std": 0.7495, "bus_v_mean": 24.6621, "bus_v_std": 4.6811, "car_acc": 2.3851, "car_dcc": 1.2032, "car_lcAssertive": 95.9193, "car_lcCooperative": 0.5182, "car_lcLookaheadLeft": 30.8909, "car_lcPushy": 0.0451, "car_lcSigma": 0.9608, "car_lcSpeedGainRight": 1.4234, "car_lcSublane": 0.1917, "car_sigma": 0.3452, "car_tau_mean": 2.6779, "car_tau_std": 9.2219, "car_v_mean": 23.5163, "car_v_std": 10.8479}, "datetime": {"datetime": "2024-08-10 16:56:06", "elapsed": 15616.651695, "delta": 15.643123}}
{"target": -0.3042255692562901, "params": {"bus_acc": 2.4511, "bus_dcc": 3.4289, "bus_lcAssertive": 13.2197, "bus_lcCooperative": 0.1575, "bus_lcLookaheadLeft": 95.291, "bus_lcPushy": 0.8902, "bus_lcSigma": 0.7722, "bus_lcSpeedGainRight": 0.1991, "bus_lcSublane": 0.2789, "bus_sigma": 0.5084, "bus_tau_mean": 0.8022, "bus_tau_std": 7.2056, "bus_v_mean": 23.1208, "bus_v_std": 17.8316, "car_acc": 0.4126, "car_dcc": 1.1588, "car_lcAssertive": 60.2928, "car_lcCooperative": 0.8483, "car_lcLookaheadLeft": 19.0294, "car_lcPushy": 0.2459, "car_lcSigma": 0.6492, "car_lcSpeedGainRight": 1.4255, "car_lcSublane": 0.37, "car_sigma": 0.1331, "car_tau_mean": 1.0167, "car_tau_std": 0.5424, "car_v_mean": 19.9153, "car_v_std": 7.2846}, "datetime": {"datetime": "2024-08-10 16:56:18", "elapsed": 15628.940312, "delta": 12.288617}}
{"target": -0.28419900101717804, "params": {"bus_acc": 2.5995, "bus_dcc": 3.8574, "bus_lcAssertive": 87.3969, "bus_lcCooperative": 0.1724, "bus_lcLookaheadLeft": 51.9636, "bus_lcPushy": 0.8053, "bus_lcSigma": 0.7562, "bus_lcSpeedGainRight": 2.4561, "bus_lcSublane": 0.4387, "bus_sigma": 0.66, "bus_tau_mean": 2.7364, "bus_tau_std": 9.9155, "bus_v_mean": 15.4591, "bus_v_std": 15.3236, "car_acc": 3.1834, "car_dcc": 1.1986, "car_lcAssertive": 97.261, "car_lcCooperative": 0.5309, "car_lcLookaheadLeft": 96.0914, "car_lcPushy": 0.4194, "car_lcSigma": 0.6356, "car_lcSpeedGainRight": 3.5172, "car_lcSublane": 0.5891, "car_sigma": 0.1612, "car_tau_mean": 2.8796, "car_tau_std": 0.7201, "car_v_mean": 24.9479, "car_v_std": 17.3145}, "datetime": {"datetime": "2024-08-10 16:56:26", "elapsed": 15636.752166, "delta": 7.811854}}
{"target": -0.35470328164507187, "params": {"bus_acc": 0.5335, "bus_dcc": 0.3766, "bus_lcAssertive": 8.0121, "bus_lcCooperative": 0.0622, "bus_lcLookaheadLeft": 21.5453, "bus_lcPushy": 0.4252, "bus_lcSigma": 0.9901, "bus_lcSpeedGainRight": 1.8053, "bus_lcSublane": 0.2062, "bus_sigma": 0.1776, "bus_tau_mean": 2.2015, "bus_tau_std": 4.6687, "bus_v_mean": 12.1677, "bus_v_std": 2.172, "car_acc": 1.2847, "car_dcc": 2.4304, "car_lcAssertive": 84.4619, "car_lcCooperative": 0.6143, "car_lcLookaheadLeft": 52.5194, "car_lcPushy": 0.7717, "car_lcSigma": 0.4808, "car_lcSpeedGainRight": 0.2056, "car_lcSublane": 0.4984, "car_sigma": 0.3419, "car_tau_mean": 0.559, "car_tau_std": 3.9253, "car_v_mean": 20.0332, "car_v_std": 5.3641}, "datetime": {"datetime": "2024-08-10 16:56:42", "elapsed": 15652.658387, "delta": 15.906221}}
{"target": -0.3227484402023526, "params": {"bus_acc": 3.835, "bus_dcc": 2.2578, "bus_lcAssertive": 72.7732, "bus_lcCooperative": 0.0534, "bus_lcLookaheadLeft": 91.747, "bus_lcPushy": 0.5583, "bus_lcSigma": 0.3854, "bus_lcSpeedGainRight": 0.0392, "bus_lcSublane": 0.1983, "bus_sigma": 0.597, "bus_tau_mean": 0.9298, "bus_tau_std": 1.6097, "bus_v_mean": 12.6432, "bus_v_std": 10.9492, "car_acc": 2.3666, "car_dcc": 3.8243, "car_lcAssertive": 16.6641, "car_lcCooperative": 0.5061, "car_lcLookaheadLeft": 86.4369, "car_lcPushy": 0.2502, "car_lcSigma": 0.1145, "car_lcSpeedGainRight": 3.7015, "car_lcSublane": 0.8126, "car_sigma": 0.3206, "car_tau_mean": 1.0657, "car_tau_std": 2.0028, "car_v_mean": 8.5825, "car_v_std": 5.3288}, "datetime": {"datetime": "2024-08-10 16:56:55", "elapsed": 15665.433647, "delta": 12.77526}}
{"target": -0.3102320649294275, "params": {"bus_acc": 2.1865, "bus_dcc": 3.4237, "bus_lcAssertive": 75.8998, "bus_lcCooperative": 0.4147, "bus_lcLookaheadLeft": 4.2926, "bus_lcPushy": 0.9986, "bus_lcSigma": 0.2569, "bus_lcSpeedGainRight": 0.9597, "bus_lcSublane": 0.8247, "bus_sigma": 0.2348, "bus_tau_mean": 0.6567, "bus_tau_std": 4.8678, "bus_v_mean": 17.2993, "bus_v_std": 17.8363, "car_acc": 2.0677, "car_dcc": 1.8977, "car_lcAssertive": 23.5619, "car_lcCooperative": 0.9914, "car_lcLookaheadLeft": 37.9933, "car_lcPushy": 0.629, "car_lcSigma": 0.8888, "car_lcSpeedGainRight": 0.1389, "car_lcSublane": 0.4193, "car_sigma": 0.5269, "car_tau_mean": 3.4249, "car_tau_std": 2.9529, "car_v_mean": 16.0844, "car_v_std": 16.0309}, "datetime": {"datetime": "2024-08-10 16:57:02", "elapsed": 15672.725868, "delta": 7.292221}}
{"target": -0.3229253590432251, "params": {"bus_acc": 1.1802, "bus_dcc": 0.8196, "bus_lcAssertive": 47.737, "bus_lcCooperative": 0.5116, "bus_lcLookaheadLeft": 46.9173, "bus_lcPushy": 0.0116, "bus_lcSigma": 0.0457, "bus_lcSpeedGainRight": 1.9135, "bus_lcSublane": 0.3515, "bus_sigma": 0.3377, "bus_tau_mean": 2.6586, "bus_tau_std": 8.1072, "bus_v_mean": 21.4767, "bus_v_std": 12.2225, "car_acc": 2.295, "car_dcc": 3.2159, "car_lcAssertive": 15.2235, "car_lcCooperative": 0.3016, "car_lcLookaheadLeft": 7.039, "car_lcPushy": 0.6285, "car_lcSigma": 0.4688, "car_lcSpeedGainRight": 2.6372, "car_lcSublane": 0.1001, "car_sigma": 0.1997, "car_tau_mean": 2.5872, "car_tau_std": 7.4167, "car_v_mean": 18.0446, "car_v_std": 6.8165}, "datetime": {"datetime": "2024-08-10 16:57:10", "elapsed": 15680.935502, "delta": 8.209634}}
{"target": -0.31189531556098155, "params": {"bus_acc": 3.0416, "bus_dcc": 3.8473, "bus_lcAssertive": 61.4128, "bus_lcCooperative": 0.1777, "bus_lcLookaheadLeft": 85.4931, "bus_lcPushy": 0.7805, "bus_lcSigma": 0.4728, "bus_lcSpeedGainRight": 3.7113, "bus_lcSublane": 0.8267, "bus_sigma": 0.3888, "bus_tau_mean": 0.7762, "bus_tau_std": 2.3204, "bus_v_mean": 19.0903, "bus_v_std": 15.5126, "car_acc": 1.8379, "car_dcc": 1.453, "car_lcAssertive": 94.0021, "car_lcCooperative": 0.7344, "car_lcLookaheadLeft": 5.63, "car_lcPushy": 0.0222, "car_lcSigma": 0.5671, "car_lcSpeedGainRight": 1.1359, "car_lcSublane": 0.4633, "car_sigma": 0.443, "car_tau_mean": 3.6058, "car_tau_std": 8.2625, "car_v_mean": 17.2947, "car_v_std": 11.514}, "datetime": {"datetime": "2024-08-10 16:57:21", "elapsed": 15691.907348, "delta": 10.971846}}
{"target": -0.32960401491569563, "params": {"bus_acc": 1.4751, "bus_dcc": 3.1466, "bus_lcAssertive": 17.1949, "bus_lcCooperative": 0.1235, "bus_lcLookaheadLeft": 34.8319, "bus_lcPushy": 0.594, "bus_lcSigma": 0.5011, "bus_lcSpeedGainRight": 0.3104, "bus_lcSublane": 0.3396, "bus_sigma": 0.9029, "bus_tau_mean": 0.5691, "bus_tau_std": 1.7737, "bus_v_mean": 23.8492, "bus_v_std": 11.5386, "car_acc": 2.2894, "car_dcc": 1.4919, "car_lcAssertive": 37.6514, "car_lcCooperative": 0.7244, "car_lcLookaheadLeft": 60.3435, "car_lcPushy": 0.7948, "car_lcSigma": 0.2188, "car_lcSpeedGainRight": 2.6996, "car_lcSublane": 0.2074, "car_sigma": 0.9135, "car_tau_mean": 2.9336, "car_tau_std": 4.6413, "car_v_mean": 14.6597, "car_v_std": 11.3142}, "datetime": {"datetime": "2024-08-10 16:57:36", "elapsed": 15706.932085, "delta": 15.024737}}
{"target": -0.31523058663616, "params": {"bus_acc": 3.6162, "bus_dcc": 0.7191, "bus_lcAssertive": 73.6848, "bus_lcCooperative": 0.647, "bus_lcLookaheadLeft": 59.8227, "bus_lcPushy": 0.3831, "bus_lcSigma": 0.0442, "bus_lcSpeedGainRight": 3.8013, "bus_lcSublane": 0.1095, "bus_sigma": 0.9201, "bus_tau_mean": 3.6574, "bus_tau_std": 8.2436, "bus_v_mean": 9.7877, "bus_v_std": 13.1142, "car_acc": 2.041, "car_dcc": 0.2781, "car_lcAssertive": 31.7104, "car_lcCooperative": 0.4573, "car_lcLookaheadLeft": 61.5049, "car_lcPushy": 0.7344, "car_lcSigma": 0.6904, "car_lcSpeedGainRight": 2.0947, "car_lcSublane": 0.6478, "car_sigma": 0.4504, "car_tau_mean": 2.3673, "car_tau_std": 6.0894, "car_v_mean": 15.8669, "car_v_std": 1.2845}, "datetime": {"datetime": "2024-08-10 16:57:45", "elapsed": 15715.135619, "delta": 8.203534}}
{"target": -0.9301137684242246, "params": {"bus_acc": 3.0656, "bus_dcc": 1.9916, "bus_lcAssertive": 91.3291, "bus_lcCooperative": 0.4796, "bus_lcLookaheadLeft": 7.5903, "bus_lcPushy": 0.2755, "bus_lcSigma": 0.5467, "bus_lcSpeedGainRight": 1.8878, "bus_lcSublane": 0.0995, "bus_sigma": 0.8696, "bus_tau_mean": 2.6546, "bus_tau_std": 2.0742, "bus_v_mean": 14.9947, "bus_v_std": 1.7694, "car_acc": 0.3099, "car_dcc": 1.3791, "car_lcAssertive": 4.1663, "car_lcCooperative": 0.7685, "car_lcLookaheadLeft": 70.47, "car_lcPushy": 0.3346, "car_lcSigma": 0.0433, "car_lcSpeedGainRight": 3.6343, "car_lcSublane": 0.0371, "car_sigma": 0.9489, "car_tau_mean": 2.3064, "car_tau_std": 2.1189, "car_v_mean": 9.2293, "car_v_std": 15.2831}, "datetime": {"datetime": "2024-08-10 16:57:58", "elapsed": 15729.083062, "delta": 13.947443}}
{"target": -0.38050691416048105, "params": {"bus_acc": 0.6448, "bus_dcc": 1.7461, "bus_lcAssertive": 28.0448, "bus_lcCooperative": 0.3485, "bus_lcLookaheadLeft": 49.0615, "bus_lcPushy": 0.5359, "bus_lcSigma": 0.0478, "bus_lcSpeedGainRight": 0.0347, "bus_lcSublane": 0.8777, "bus_sigma": 0.0222, "bus_tau_mean": 0.7499, "bus_tau_std": 8.9648, "bus_v_mean": 11.8915, "bus_v_std": 6.8312, "car_acc": 1.3961, "car_dcc": 2.9445, "car_lcAssertive": 16.5375, "car_lcCooperative": 0.4285, "car_lcLookaheadLeft": 83.7281, "car_lcPushy": 0.5847, "car_lcSigma": 0.7886, "car_lcSpeedGainRight": 1.0573, "car_lcSublane": 0.9517, "car_sigma": 0.8721, "car_tau_mean": 1.045, "car_tau_std": 2.8941, "car_v_mean": 24.7901, "car_v_std": 17.2878}, "datetime": {"datetime": "2024-08-10 16:58:06", "elapsed": 15736.90117, "delta": 7.818108}}
{"target": -0.34465541525601395, "params": {"bus_acc": 3.6014, "bus_dcc": 2.1375, "bus_lcAssertive": 16.0088, "bus_lcCooperative": 0.5673, "bus_lcLookaheadLeft": 43.0154, "bus_lcPushy": 0.3521, "bus_lcSigma": 0.5377, "bus_lcSpeedGainRight": 0.691, "bus_lcSublane": 0.8989, "bus_sigma": 0.9647, "bus_tau_mean": 3.4512, "bus_tau_std": 4.6765, "bus_v_mean": 21.5294, "bus_v_std": 15.4194, "car_acc": 1.8298, "car_dcc": 3.2014, "car_lcAssertive": 85.2412, "car_lcCooperative": 0.5464, "car_lcLookaheadLeft": 47.9863, "car_lcPushy": 0.5033, "car_lcSigma": 0.9904, "car_lcSpeedGainRight": 1.2428, "car_lcSublane": 0.8776, "car_sigma": 0.974, "car_tau_mean": 0.9185, "car_tau_std": 3.9226, "car_v_mean": 25.1539, "car_v_std": 16.7119}, "datetime": {"datetime": "2024-08-10 16:58:14", "elapsed": 15745.005737, "delta": 8.104567}}
{"target": -0.4072820881281323, "params": {"bus_acc": 1.5468, "bus_dcc": 3.7237, "bus_lcAssertive": 84.335, "bus_lcCooperative": 0.8194, "bus_lcLookaheadLeft": 90.824, "bus_lcPushy": 0.3266, "bus_lcSigma": 0.0902, "bus_lcSpeedGainRight": 3.0999, "bus_lcSublane": 0.5423, "bus_sigma": 0.4915, "bus_tau_mean": 1.1156, "bus_tau_std": 4.9497, "bus_v_mean": 16.4203, "bus_v_std": 16.7045, "car_acc": 1.0415, "car_dcc": 2.1158, "car_lcAssertive": 87.2519, "car_lcCooperative": 0.3323, "car_lcLookaheadLeft": 83.7475, "car_lcPushy": 0.1122, "car_lcSigma": 0.8791, "car_lcSpeedGainRight": 4.0671, "car_lcSublane": 0.4526, "car_sigma": 0.2418, "car_tau_mean": 1.2385, "car_tau_std": 9.5556, "car_v_mean": 17.9076, "car_v_std": 16.0056}, "datetime": {"datetime": "2024-08-10 16:58:22", "elapsed": 15752.728069, "delta": 7.722332}}
{"target": -0.3018378635046579, "params": {"bus_acc": 1.8787, "bus_dcc": 1.118, "bus_lcAssertive": 90.1764, "bus_lcCooperative": 0.1454, "bus_lcLookaheadLeft": 89.8707, "bus_lcPushy": 0.3784, "bus_lcSigma": 0.7804, "bus_lcSpeedGainRight": 2.6077, "bus_lcSublane": 0.3217, "bus_sigma": 0.8579, "bus_tau_mean": 1.2117, "bus_tau_std": 5.9862, "bus_v_mean": 9.0386, "bus_v_std": 0.7805, "car_acc": 2.9162, "car_dcc": 3.0874, "car_lcAssertive": 62.5666, "car_lcCooperative": 0.0907, "car_lcLookaheadLeft": 30.4758, "car_lcPushy": 0.4541, "car_lcSigma": 0.1652, "car_lcSpeedGainRight": 4.9621, "car_lcSublane": 0.3355, "car_sigma": 0.6745, "car_tau_mean": 1.4589, "car_tau_std": 2.9336, "car_v_mean": 10.9131, "car_v_std": 11.0422}, "datetime": {"datetime": "2024-08-10 16:58:37", "elapsed": 15767.80738, "delta": 15.079311}}
{"target": -0.333290052188795, "params": {"bus_acc": 3.29, "bus_dcc": 1.3635, "bus_lcAssertive": 82.9529, "bus_lcCooperative": 0.8127, "bus_lcLookaheadLeft": 41.548, "bus_lcPushy": 0.8092, "bus_lcSigma": 0.462, "bus_lcSpeedGainRight": 0.1716, "bus_lcSublane": 0.0281, "bus_sigma": 0.2385, "bus_tau_mean": 1.8785, "bus_tau_std": 8.8794, "bus_v_mean": 14.8443, "bus_v_std": 17.7028, "car_acc": 2.3939, "car_dcc": 2.9762, "car_lcAssertive": 72.6984, "car_lcCooperative": 0.345, "car_lcLookaheadLeft": 63.8465, "car_lcPushy": 0.0504, "car_lcSigma": 0.4666, "car_lcSpeedGainRight": 2.7299, "car_lcSublane": 0.965, "car_sigma": 0.512, "car_tau_mean": 2.6872, "car_tau_std": 7.5631, "car_v_mean": 22.2872, "car_v_std": 16.8043}, "datetime": {"datetime": "2024-08-10 16:58:49", "elapsed": 15780.068435, "delta": 12.261055}}
{"target": -0.5705686629097529, "params": {"bus_acc": 3.5874, "bus_dcc": 3.6139, "bus_lcAssertive": 61.3624, "bus_lcCooperative": 0.5348, "bus_lcLookaheadLeft": 81.3677, "bus_lcPushy": 0.3279, "bus_lcSigma": 0.8974, "bus_lcSpeedGainRight": 2.8471, "bus_lcSublane": 0.2428, "bus_sigma": 0.9088, "bus_tau_mean": 1.2677, "bus_tau_std": 9.2224, "bus_v_mean": 10.9427, "bus_v_std": 18.3334, "car_acc": 0.4846, "car_dcc": 2.2086, "car_lcAssertive": 64.588, "car_lcCooperative": 0.9963, "car_lcLookaheadLeft": 3.3532, "car_lcPushy": 0.0357, "car_lcSigma": 0.186, "car_lcSpeedGainRight": 0.929, "car_lcSublane": 0.4676, "car_sigma": 0.329, "car_tau_mean": 1.3263, "car_tau_std": 0.8642, "car_v_mean": 8.9576, "car_v_std": 16.9045}, "datetime": {"datetime": "2024-08-10 16:58:57", "elapsed": 15788.083207, "delta": 8.014772}}
{"target": -0.3044819929543554, "params": {"bus_acc": 2.1875, "bus_dcc": 0.7895, "bus_lcAssertive": 82.1422, "bus_lcCooperative": 0.3556, "bus_lcLookaheadLeft": 71.0507, "bus_lcPushy": 0.4662, "bus_lcSigma": 0.0209, "bus_lcSpeedGainRight": 4.5951, "bus_lcSublane": 0.9838, "bus_sigma": 0.5852, "bus_tau_mean": 3.9345, "bus_tau_std": 0.4141, "bus_v_mean": 9.1437, "bus_v_std": 2.5004, "car_acc": 2.387, "car_dcc": 1.0581, "car_lcAssertive": 60.3587, "car_lcCooperative": 0.2851, "car_lcLookaheadLeft": 11.1174, "car_lcPushy": 0.3399, "car_lcSigma": 0.6934, "car_lcSpeedGainRight": 1.6844, "car_lcSublane": 0.8725, "car_sigma": 0.6449, "car_tau_mean": 0.8482, "car_tau_std": 6.846, "car_v_mean": 12.334, "car_v_std": 3.0924}, "datetime": {"datetime": "2024-08-10 16:59:06", "elapsed": 15796.617119, "delta": 8.533912}}
{"target": -0.32763766659299765, "params": {"bus_acc": 1.8108, "bus_dcc": 2.3912, "bus_lcAssertive": 88.0292, "bus_lcCooperative": 0.2835, "bus_lcLookaheadLeft": 41.7952, "bus_lcPushy": 0.7813, "bus_lcSigma": 0.6898, "bus_lcSpeedGainRight": 2.0289, "bus_lcSublane": 0.2399, "bus_sigma": 0.0214, "bus_tau_mean": 1.4054, "bus_tau_std": 4.1371, "bus_v_mean": 11.4855, "bus_v_std": 3.9012, "car_acc": 3.822, "car_dcc": 2.0094, "car_lcAssertive": 98.0484, "car_lcCooperative": 0.0047, "car_lcLookaheadLeft": 58.096, "car_lcPushy": 0.6926, "car_lcSigma": 0.7926, "car_lcSpeedGainRight": 2.4987, "car_lcSublane": 0.9516, "car_sigma": 0.2193, "car_tau_mean": 3.0036, "car_tau_std": 4.9836, "car_v_mean": 22.1989, "car_v_std": 7.2004}, "datetime": {"datetime": "2024-08-10 16:59:19", "elapsed": 15809.704356, "delta": 13.087237}}
