{"target": -0.30684082768313514, "params": {"bus_acc": 0.675, "bus_dcc": 0.4869, "bus_lcAssertive": 33.2079, "bus_lcCooperative": 0.2584, "bus_lcLookaheadLeft": 96.161, "bus_lcPushy": 0.7841, "bus_lcSigma": 0.0949, "bus_lcSpeedGainRight": 2.8213, "bus_lcSublane": 0.9728, "bus_sigma": 0.1398, "bus_tau_mean": 3.3971, "bus_tau_std": 2.6939, "bus_v_mean": 15.9133, "bus_v_std": 6.5269, "car_acc": 1.8479, "car_dcc": 1.8388, "car_lcAssertive": 72.8172, "car_lcCooperative": 0.7142, "car_lcLookaheadLeft": 32.3508, "car_lcPushy": 0.1343, "car_lcSigma": 0.1978, "car_lcSpeedGainRight": 4.4709, "car_lcSublane": 0.283, "car_sigma": 0.2996, "car_tau_mean": 1.3746, "car_tau_std": 6.6905, "car_v_mean": 25.2945, "car_v_std": 7.9512}, "datetime": {"datetime": "2024-08-10 13:17:40", "elapsed": 2510.158186, "delta": 4.130195}}
{"target": -0.37586227876372075, "params": {"bus_acc": 1.9893, "bus_dcc": 2.2749, "bus_lcAssertive": 84.2599, "bus_lcCooperative": 0.1226, "bus_lcLookaheadLeft": 62.5001, "bus_lcPushy": 0.1926, "bus_lcSigma": 0.3066, "bus_lcSpeedGainRight": 1.6991, "bus_lcSublane": 0.2103, "bus_sigma": 0.6942, "bus_tau_mean": 2.6769, "bus_tau_std": 4.3753, "bus_v_mean": 8.2929, "bus_v_std": 8.9754, "car_acc": 1.1045, "car_dcc": 2.4939, "car_lcAssertive": 35.7625, "car_lcCooperative": 0.761, "car_lcLookaheadLeft": 45.8819, "car_lcPushy": 0.5615, "car_lcSigma": 0.3986, "car_lcSpeedGainRight": 3.4847, "car_lcSublane": 0.0039, "car_sigma": 0.5163, "car_tau_mean": 1.9405, "car_tau_std": 5.2371, "car_v_mean": 9.1681, "car_v_std": 6.8649}, "datetime": {"datetime": "2024-08-10 13:17:47", "elapsed": 2518.125201, "delta": 7.967015}}
{"target": -0.3165293062315187, "params": {"bus_acc": 1.0357, "bus_dcc": 3.049, "bus_lcAssertive": 17.7984, "bus_lcCooperative": 0.2371, "bus_lcLookaheadLeft": 82.6504, "bus_lcPushy": 0.0876, "bus_lcSigma": 0.3034, "bus_lcSpeedGainRight": 0.5431, "bus_lcSublane": 0.2794, "bus_sigma": 0.0057, "bus_tau_mean": 2.866, "bus_tau_std": 9.7134, "bus_v_mean": 17.0738, "bus_v_std": 9.9059, "car_acc": 3.1499, "car_dcc": 2.5536, "car_lcAssertive": 70.8114, "car_lcCooperative": 0.1686, "car_lcLookaheadLeft": 60.1993, "car_lcPushy": 0.7401, "car_lcSigma": 0.255, "car_lcSpeedGainRight": 1.287, "car_lcSublane": 0.1325, "car_sigma": 0.2648, "car_tau_mean": 3.9416, "car_tau_std": 9.5177, "car_v_mean": 19.4512, "car_v_std": 11.6884}, "datetime": {"datetime": "2024-08-10 13:17:51", "elapsed": 2521.357631, "delta": 3.23243}}
{"target": -0.3387044623869018, "params": {"bus_acc": 1.7207, "bus_dcc": 2.5139, "bus_lcAssertive": 58.9611, "bus_lcCooperative": 0.574, "bus_lcLookaheadLeft": 52.4288, "bus_lcPushy": 0.5139, "bus_lcSigma": 0.0186, "bus_lcSpeedGainRight": 1.7698, "bus_lcSublane": 0.5874, "bus_sigma": 0.0017, "bus_tau_mean": 3.8208, "bus_tau_std": 5.2073, "bus_v_mean": 12.9285, "bus_v_std": 5.5695, "car_acc": 1.8903, "car_dcc": 3.9695, "car_lcAssertive": 52.1366, "car_lcCooperative": 0.4087, "car_lcLookaheadLeft": 4.3136, "car_lcPushy": 0.5345, "car_lcSigma": 0.3892, "car_lcSpeedGainRight": 0.1096, "car_lcSublane": 0.6718, "car_sigma": 0.5365, "car_tau_mean": 2.4304, "car_tau_std": 3.4126, "car_v_mean": 16.8306, "car_v_std": 9.7569}, "datetime": {"datetime": "2024-08-10 13:17:57", "elapsed": 2527.666532, "delta": 6.308901}}
{"target": -0.296810038416864, "params": {"bus_acc": 2.6872, "bus_dcc": 1.8782, "bus_lcAssertive": 40.5697, "bus_lcCooperative": 0.7655, "bus_lcLookaheadLeft": 25.4615, "bus_lcPushy": 0.9906, "bus_lcSigma": 0.2354, "bus_lcSpeedGainRight": 3.7065, "bus_lcSublane": 0.129, "bus_sigma": 0.6648, "bus_tau_mean": 1.278, "bus_tau_std": 5.7178, "bus_v_mean": 17.7073, "bus_v_std": 3.5077, "car_acc": 3.2903, "car_dcc": 2.8189, "car_lcAssertive": 62.4805, "car_lcCooperative": 0.3506, "car_lcLookaheadLeft": 31.2717, "car_lcPushy": 0.0815, "car_lcSigma": 0.7965, "car_lcSpeedGainRight": 4.424, "car_lcSublane": 0.7288, "car_sigma": 0.2127, "car_tau_mean": 2.1563, "car_tau_std": 1.2062, "car_v_mean": 20.5613, "car_v_std": 12.8473}, "datetime": {"datetime": "2024-08-10 13:18:08", "elapsed": 2539.091572, "delta": 11.42504}}
{"target": -0.5742767607724875, "params": {"bus_acc": 0.7363, "bus_dcc": 3.769, "bus_lcAssertive": 87.1221, "bus_lcCooperative": 0.0801, "bus_lcLookaheadLeft": 82.8679, "bus_lcPushy": 0.3311, "bus_lcSigma": 0.011, "bus_lcSpeedGainRight": 1.851, "bus_lcSublane": 0.5963, "bus_sigma": 0.97, "bus_tau_mean": 3.2979, "bus_tau_std": 6.4763, "bus_v_mean": 23.8543, "bus_v_std": 0.2115, "car_acc": 1.4857, "car_dcc": 0.4643, "car_lcAssertive": 43.0405, "car_lcCooperative": 0.2517, "car_lcLookaheadLeft": 34.8053, "car_lcPushy": 0.3361, "car_lcSigma": 0.8548, "car_lcSpeedGainRight": 0.1826, "car_lcSublane": 0.0667, "car_sigma": 0.7439, "car_tau_mean": 3.3059, "car_tau_std": 6.7826, "car_v_mean": 16.9905, "car_v_std": 1.8159}, "datetime": {"datetime": "2024-08-10 13:18:16", "elapsed": 2546.523952, "delta": 7.43238}}
{"target": -0.27193771495199354, "params": {"bus_acc": 2.7235, "bus_dcc": 2.6646, "bus_lcAssertive": 49.3232, "bus_lcCooperative": 0.6753, "bus_lcLookaheadLeft": 39.7552, "bus_lcPushy": 0.9462, "bus_lcSigma": 0.6526, "bus_lcSpeedGainRight": 0.7749, "bus_lcSublane": 0.1213, "bus_sigma": 0.9491, "bus_tau_mean": 2.2205, "bus_tau_std": 8.0093, "bus_v_mean": 8.0153, "bus_v_std": 6.7668, "car_acc": 2.2035, "car_dcc": 0.5143, "car_lcAssertive": 54.178, "car_lcCooperative": 0.1782, "car_lcLookaheadLeft": 31.4535, "car_lcPushy": 0.1377, "car_lcSigma": 0.6929, "car_lcSpeedGainRight": 1.1361, "car_lcSublane": 0.4232, "car_sigma": 0.4315, "car_tau_mean": 2.1013, "car_tau_std": 6.0885, "car_v_mean": 22.8874, "car_v_std": 10.6094}, "datetime": {"datetime": "2024-08-10 13:18:21", "elapsed": 2551.470053, "delta": 4.946101}}
{"target": -0.37572115225258784, "params": {"bus_acc": 1.2485, "bus_dcc": 3.1371, "bus_lcAssertive": 52.9377, "bus_lcCooperative": 0.3945, "bus_lcLookaheadLeft": 94.8629, "bus_lcPushy": 0.0663, "bus_lcSigma": 0.8512, "bus_lcSpeedGainRight": 1.3769, "bus_lcSublane": 0.6845, "bus_sigma": 0.9776, "bus_tau_mean": 2.2044, "bus_tau_std": 5.6238, "bus_v_mean": 13.2033, "bus_v_std": 12.2042, "car_acc": 3.1633, "car_dcc": 1.653, "car_lcAssertive": 22.9191, "car_lcCooperative": 0.9087, "car_lcLookaheadLeft": 69.169, "car_lcPushy": 0.268, "car_lcSigma": 0.4806, "car_lcSpeedGainRight": 1.0782, "car_lcSublane": 0.3397, "car_sigma": 0.5099, "car_tau_mean": 3.9856, "car_tau_std": 8.1816, "car_v_mean": 24.7599, "car_v_std": 4.9346}, "datetime": {"datetime": "2024-08-10 13:18:26", "elapsed": 2556.906809, "delta": 5.436756}}
{"target": -0.2555399279387233, "params": {"bus_acc": 3.6119, "bus_dcc": 0.6235, "bus_lcAssertive": 96.4075, "bus_lcCooperative": 0.504, "bus_lcLookaheadLeft": 46.8436, "bus_lcPushy": 0.4921, "bus_lcSigma": 0.4016, "bus_lcSpeedGainRight": 2.2888, "bus_lcSublane": 0.2397, "bus_sigma": 0.0652, "bus_tau_mean": 1.9102, "bus_tau_std": 0.142, "bus_v_mean": 24.8354, "bus_v_std": 10.6595, "car_acc": 2.0338, "car_dcc": 1.0742, "car_lcAssertive": 3.3591, "car_lcCooperative": 0.9725, "car_lcLookaheadLeft": 62.3519, "car_lcPushy": 0.7402, "car_lcSigma": 0.0218, "car_lcSpeedGainRight": 4.5301, "car_lcSublane": 0.0293, "car_sigma": 0.4243, "car_tau_mean": 3.4497, "car_tau_std": 4.1983, "car_v_mean": 16.5261, "car_v_std": 2.0397}, "datetime": {"datetime": "2024-08-10 13:18:32", "elapsed": 2562.416155, "delta": 5.509346}}
{"target": -0.3105732937296029, "params": {"bus_acc": 3.9494, "bus_dcc": 1.3239, "bus_lcAssertive": 78.7336, "bus_lcCooperative": 0.6123, "bus_lcLookaheadLeft": 26.9707, "bus_lcPushy": 0.8411, "bus_lcSigma": 0.5912, "bus_lcSpeedGainRight": 4.8222, "bus_lcSublane": 0.1458, "bus_sigma": 0.7223, "bus_tau_mean": 2.0387, "bus_tau_std": 2.692, "bus_v_mean": 20.5167, "bus_v_std": 1.2849, "car_acc": 2.2638, "car_dcc": 1.9885, "car_lcAssertive": 3.5444, "car_lcCooperative": 0.2139, "car_lcLookaheadLeft": 90.5087, "car_lcPushy": 0.9575, "car_lcSigma": 0.8207, "car_lcSpeedGainRight": 1.4471, "car_lcSublane": 0.1411, "car_sigma": 0.3492, "car_tau_mean": 1.4958, "car_tau_std": 3.05, "car_v_mean": 19.2972, "car_v_std": 10.4977}, "datetime": {"datetime": "2024-08-10 13:18:38", "elapsed": 2568.528661, "delta": 6.112506}}
{"target": -0.28094970943238345, "params": {"bus_acc": 2.4671, "bus_dcc": 0.3291, "bus_lcAssertive": 80.3707, "bus_lcCooperative": 0.3883, "bus_lcLookaheadLeft": 91.978, "bus_lcPushy": 0.0579, "bus_lcSigma": 0.8578, "bus_lcSpeedGainRight": 2.6373, "bus_lcSublane": 0.8731, "bus_sigma": 0.1805, "bus_tau_mean": 1.8083, "bus_tau_std": 1.9975, "bus_v_mean": 20.6413, "bus_v_std": 18.0768, "car_acc": 0.9174, "car_dcc": 2.4657, "car_lcAssertive": 76.917, "car_lcCooperative": 0.5553, "car_lcLookaheadLeft": 93.6232, "car_lcPushy": 0.5191, "car_lcSigma": 0.0848, "car_lcSpeedGainRight": 1.2306, "car_lcSublane": 0.3148, "car_sigma": 0.8553, "car_tau_mean": 0.9173, "car_tau_std": 3.0851, "car_v_mean": 11.4129, "car_v_std": 8.0315}, "datetime": {"datetime": "2024-08-10 13:18:45", "elapsed": 2575.746526, "delta": 7.217865}}
{"target": -0.3249057528350441, "params": {"bus_acc": 3.0148, "bus_dcc": 2.5258, "bus_lcAssertive": 76.9826, "bus_lcCooperative": 0.9975, "bus_lcLookaheadLeft": 41.8432, "bus_lcPushy": 0.8137, "bus_lcSigma": 0.0135, "bus_lcSpeedGainRight": 2.435, "bus_lcSublane": 0.2142, "bus_sigma": 0.0746, "bus_tau_mean": 3.7346, "bus_tau_std": 1.2289, "bus_v_mean": 12.137, "bus_v_std": 14.8477, "car_acc": 3.2357, "car_dcc": 1.4575, "car_lcAssertive": 46.4652, "car_lcCooperative": 0.9943, "car_lcLookaheadLeft": 7.9544, "car_lcPushy": 0.8893, "car_lcSigma": 0.9304, "car_lcSpeedGainRight": 1.4594, "car_lcSublane": 0.7928, "car_sigma": 0.2657, "car_tau_mean": 1.971, "car_tau_std": 6.3913, "car_v_mean": 13.9952, "car_v_std": 9.8143}, "datetime": {"datetime": "2024-08-10 13:18:48", "elapsed": 2579.107332, "delta": 3.360806}}
{"target": -0.28656366208210643, "params": {"bus_acc": 0.442, "bus_dcc": 3.1641, "bus_lcAssertive": 99.1804, "bus_lcCooperative": 0.1294, "bus_lcLookaheadLeft": 88.3394, "bus_lcPushy": 0.1755, "bus_lcSigma": 0.3852, "bus_lcSpeedGainRight": 2.5898, "bus_lcSublane": 0.664, "bus_sigma": 0.6808, "bus_tau_mean": 3.0874, "bus_tau_std": 6.6925, "bus_v_mean": 17.1664, "bus_v_std": 18.0351, "car_acc": 3.8246, "car_dcc": 1.0989, "car_lcAssertive": 66.8923, "car_lcCooperative": 0.2983, "car_lcLookaheadLeft": 96.9089, "car_lcPushy": 0.6888, "car_lcSigma": 0.572, "car_lcSpeedGainRight": 4.9027, "car_lcSublane": 0.2708, "car_sigma": 0.8813, "car_tau_mean": 0.8786, "car_tau_std": 0.513, "car_v_mean": 20.219, "car_v_std": 7.0076}, "datetime": {"datetime": "2024-08-10 13:18:52", "elapsed": 2583.083795, "delta": 3.976463}}
{"target": -0.3118544818816814, "params": {"bus_acc": 1.0876, "bus_dcc": 2.0193, "bus_lcAssertive": 40.0551, "bus_lcCooperative": 0.6771, "bus_lcLookaheadLeft": 28.0759, "bus_lcPushy": 0.5673, "bus_lcSigma": 0.6377, "bus_lcSpeedGainRight": 3.4272, "bus_lcSublane": 0.0044, "bus_sigma": 0.1175, "bus_tau_mean": 3.4063, "bus_tau_std": 1.4091, "bus_v_mean": 22.4366, "bus_v_std": 12.5708, "car_acc": 3.8866, "car_dcc": 1.2792, "car_lcAssertive": 72.3707, "car_lcCooperative": 0.7491, "car_lcLookaheadLeft": 10.7792, "car_lcPushy": 0.7644, "car_lcSigma": 0.3618, "car_lcSpeedGainRight": 0.4059, "car_lcSublane": 0.8037, "car_sigma": 0.8949, "car_tau_mean": 3.9885, "car_tau_std": 4.4976, "car_v_mean": 18.0433, "car_v_std": 13.5393}, "datetime": {"datetime": "2024-08-10 13:19:01", "elapsed": 2591.292879, "delta": 8.209084}}
{"target": -0.31304912856278994, "params": {"bus_acc": 3.323, "bus_dcc": 2.8838, "bus_lcAssertive": 86.3146, "bus_lcCooperative": 0.737, "bus_lcLookaheadLeft": 59.3658, "bus_lcPushy": 0.5128, "bus_lcSigma": 0.349, "bus_lcSpeedGainRight": 4.553, "bus_lcSublane": 0.5517, "bus_sigma": 0.359, "bus_tau_mean": 3.299, "bus_tau_std": 7.9899, "bus_v_mean": 18.3403, "bus_v_std": 11.0983, "car_acc": 0.7983, "car_dcc": 0.5681, "car_lcAssertive": 28.885, "car_lcCooperative": 0.8283, "car_lcLookaheadLeft": 71.1268, "car_lcPushy": 0.5196, "car_lcSigma": 0.1739, "car_lcSpeedGainRight": 4.0201, "car_lcSublane": 0.8329, "car_sigma": 0.6858, "car_tau_mean": 2.9511, "car_tau_std": 7.0201, "car_v_mean": 13.5147, "car_v_std": 15.9194}, "datetime": {"datetime": "2024-08-10 13:19:04", "elapsed": 2594.436759, "delta": 3.14388}}
{"target": -0.30567059080540265, "params": {"bus_acc": 2.2737, "bus_dcc": 1.8416, "bus_lcAssertive": 52.5258, "bus_lcCooperative": 0.8801, "bus_lcLookaheadLeft": 13.5921, "bus_lcPushy": 0.4893, "bus_lcSigma": 0.5476, "bus_lcSpeedGainRight": 1.6405, "bus_lcSublane": 0.638, "bus_sigma": 0.1748, "bus_tau_mean": 1.3276, "bus_tau_std": 8.8136, "bus_v_mean": 13.4916, "bus_v_std": 11.8362, "car_acc": 0.7856, "car_dcc": 0.612, "car_lcAssertive": 13.8876, "car_lcCooperative": 0.8524, "car_lcLookaheadLeft": 80.3895, "car_lcPushy": 0.7749, "car_lcSigma": 0.834, "car_lcSpeedGainRight": 2.1339, "car_lcSublane": 0.3158, "car_sigma": 0.2835, "car_tau_mean": 3.485, "car_tau_std": 5.7686, "car_v_mean": 9.0762, "car_v_std": 16.1817}, "datetime": {"datetime": "2024-08-10 13:19:07", "elapsed": 2598.019333, "delta": 3.582574}}
{"target": -0.26745321251056803, "params": {"bus_acc": 1.2511, "bus_dcc": 0.8607, "bus_lcAssertive": 42.9114, "bus_lcCooperative": 0.3953, "bus_lcLookaheadLeft": 40.1811, "bus_lcPushy": 0.287, "bus_lcSigma": 0.5391, "bus_lcSpeedGainRight": 2.408, "bus_lcSublane": 0.9353, "bus_sigma": 0.7323, "bus_tau_mean": 1.4571, "bus_tau_std": 2.2701, "bus_v_mean": 19.9842, "bus_v_std": 11.129, "car_acc": 2.3912, "car_dcc": 0.8483, "car_lcAssertive": 20.1427, "car_lcCooperative": 0.4994, "car_lcLookaheadLeft": 10.3201, "car_lcPushy": 0.0412, "car_lcSigma": 0.8542, "car_lcSpeedGainRight": 2.2477, "car_lcSublane": 0.8155, "car_sigma": 0.7907, "car_tau_mean": 3.8169, "car_tau_std": 6.5178, "car_v_mean": 23.3218, "car_v_std": 17.025}, "datetime": {"datetime": "2024-08-10 13:19:11", "elapsed": 2601.764497, "delta": 3.745164}}
{"target": -0.36010832424193345, "params": {"bus_acc": 0.681, "bus_dcc": 3.1853, "bus_lcAssertive": 26.5371, "bus_lcCooperative": 0.7525, "bus_lcLookaheadLeft": 47.9942, "bus_lcPushy": 0.482, "bus_lcSigma": 0.8041, "bus_lcSpeedGainRight": 3.6719, "bus_lcSublane": 0.3452, "bus_sigma": 0.9458, "bus_tau_mean": 2.9216, "bus_tau_std": 0.3668, "bus_v_mean": 15.685, "bus_v_std": 2.8769, "car_acc": 2.7961, "car_dcc": 3.7609, "car_lcAssertive": 37.4997, "car_lcCooperative": 0.2511, "car_lcLookaheadLeft": 27.7387, "car_lcPushy": 0.1453, "car_lcSigma": 0.2249, "car_lcSpeedGainRight": 4.9279, "car_lcSublane": 0.3083, "car_sigma": 0.0568, "car_tau_mean": 1.3119, "car_tau_std": 0.9918, "car_v_mean": 16.8342, "car_v_std": 15.0916}, "datetime": {"datetime": "2024-08-10 13:19:16", "elapsed": 2606.338217, "delta": 4.57372}}
{"target": -0.6941979195611431, "params": {"bus_acc": 3.0898, "bus_dcc": 2.5611, "bus_lcAssertive": 89.1397, "bus_lcCooperative": 0.5412, "bus_lcLookaheadLeft": 42.1735, "bus_lcPushy": 0.0477, "bus_lcSigma": 0.5384, "bus_lcSpeedGainRight": 0.8642, "bus_lcSublane": 0.3938, "bus_sigma": 0.7827, "bus_tau_mean": 2.1219, "bus_tau_std": 8.5577, "bus_v_mean": 20.068, "bus_v_std": 13.972, "car_acc": 0.4535, "car_dcc": 3.7283, "car_lcAssertive": 78.4402, "car_lcCooperative": 0.0958, "car_lcLookaheadLeft": 40.9666, "car_lcPushy": 0.6423, "car_lcSigma": 0.6112, "car_lcSpeedGainRight": 1.4362, "car_lcSublane": 0.8833, "car_sigma": 0.8502, "car_tau_mean": 2.7018, "car_tau_std": 2.8481, "car_v_mean": 25.8545, "car_v_std": 14.5229}, "datetime": {"datetime": "2024-08-10 13:19:21", "elapsed": 2612.045738, "delta": 5.707521}}
{"target": -0.32589547912757183, "params": {"bus_acc": 3.1761, "bus_dcc": 2.7386, "bus_lcAssertive": 81.3992, "bus_lcCooperative": 0.0188, "bus_lcLookaheadLeft": 23.7671, "bus_lcPushy": 0.0565, "bus_lcSigma": 0.1133, "bus_lcSpeedGainRight": 2.6741, "bus_lcSublane": 0.4683, "bus_sigma": 0.0911, "bus_tau_mean": 2.5834, "bus_tau_std": 9.7389, "bus_v_mean": 18.2961, "bus_v_std": 19.8474, "car_acc": 3.9642, "car_dcc": 0.2368, "car_lcAssertive": 37.6284, "car_lcCooperative": 0.0902, "car_lcLookaheadLeft": 66.959, "car_lcPushy": 0.0267, "car_lcSigma": 0.1787, "car_lcSpeedGainRight": 2.4791, "car_lcSublane": 0.2626, "car_sigma": 0.3186, "car_tau_mean": 1.9267, "car_tau_std": 8.9892, "car_v_mean": 21.6096, "car_v_std": 6.9849}, "datetime": {"datetime": "2024-08-10 13:19:28", "elapsed": 2618.89555, "delta": 6.849812}}
{"target": -0.43960807689888926, "params": {"bus_acc": 0.223, "bus_dcc": 3.2586, "bus_lcAssertive": 2.4017, "bus_lcCooperative": 0.0046, "bus_lcLookaheadLeft": 46.5799, "bus_lcPushy": 0.6691, "bus_lcSigma": 0.0029, "bus_lcSpeedGainRight": 3.3942, "bus_lcSublane": 0.5886, "bus_sigma": 0.8818, "bus_tau_mean": 1.2218, "bus_tau_std": 4.1148, "bus_v_mean": 16.9915, "bus_v_std": 17.4301, "car_acc": 0.7854, "car_dcc": 0.6627, "car_lcAssertive": 76.2552, "car_lcCooperative": 0.8607, "car_lcLookaheadLeft": 60.704, "car_lcPushy": 0.483, "car_lcSigma": 0.5196, "car_lcSpeedGainRight": 0.4026, "car_lcSublane": 0.4207, "car_sigma": 0.8867, "car_tau_mean": 2.7358, "car_tau_std": 5.2051, "car_v_mean": 10.3204, "car_v_std": 11.2676}, "datetime": {"datetime": "2024-08-10 13:19:31", "elapsed": 2622.00307, "delta": 3.10752}}
{"target": -0.3676840417899028, "params": {"bus_acc": 3.1429, "bus_dcc": 3.3598, "bus_lcAssertive": 37.7274, "bus_lcCooperative": 0.5529, "bus_lcLookaheadLeft": 79.0009, "bus_lcPushy": 0.3693, "bus_lcSigma": 0.6583, "bus_lcSpeedGainRight": 0.6943, "bus_lcSublane": 0.0653, "bus_sigma": 0.7899, "bus_tau_mean": 2.2263, "bus_tau_std": 7.5919, "bus_v_mean": 23.8274, "bus_v_std": 2.5448, "car_acc": 1.8359, "car_dcc": 3.6185, "car_lcAssertive": 17.5101, "car_lcCooperative": 0.5152, "car_lcLookaheadLeft": 46.1399, "car_lcPushy": 0.0509, "car_lcSigma": 0.909, "car_lcSpeedGainRight": 0.1142, "car_lcSublane": 0.0807, "car_sigma": 0.1016, "car_tau_mean": 2.9968, "car_tau_std": 9.0583, "car_v_mean": 22.3197, "car_v_std": 16.5898}, "datetime": {"datetime": "2024-08-10 13:19:35", "elapsed": 2625.960324, "delta": 3.957254}}
{"target": -0.2577919644155096, "params": {"bus_acc": 0.7178, "bus_dcc": 3.1612, "bus_lcAssertive": 58.9697, "bus_lcCooperative": 0.4215, "bus_lcLookaheadLeft": 82.0661, "bus_lcPushy": 0.5007, "bus_lcSigma": 0.1602, "bus_lcSpeedGainRight": 4.7394, "bus_lcSublane": 0.6468, "bus_sigma": 0.7552, "bus_tau_mean": 1.6963, "bus_tau_std": 3.5904, "bus_v_mean": 13.4819, "bus_v_std": 16.2096, "car_acc": 2.9237, "car_dcc": 0.3597, "car_lcAssertive": 17.7572, "car_lcCooperative": 0.7967, "car_lcLookaheadLeft": 93.0627, "car_lcPushy": 0.8229, "car_lcSigma": 0.0864, "car_lcSpeedGainRight": 3.67, "car_lcSublane": 0.2756, "car_sigma": 0.2987, "car_tau_mean": 3.2313, "car_tau_std": 1.4958, "car_v_mean": 10.564, "car_v_std": 12.8311}, "datetime": {"datetime": "2024-08-10 13:19:40", "elapsed": 2630.717558, "delta": 4.757234}}
{"target": -0.3609410098162476, "params": {"bus_acc": 3.4938, "bus_dcc": 2.8735, "bus_lcAssertive": 63.5844, "bus_lcCooperative": 0.1312, "bus_lcLookaheadLeft": 88.3034, "bus_lcPushy": 0.0522, "bus_lcSigma": 0.4436, "bus_lcSpeedGainRight": 0.4754, "bus_lcSublane": 0.8832, "bus_sigma": 0.9828, "bus_tau_mean": 3.5564, "bus_tau_std": 6.1558, "bus_v_mean": 13.025, "bus_v_std": 19.7138, "car_acc": 3.2532, "car_dcc": 3.9865, "car_lcAssertive": 98.112, "car_lcCooperative": 0.7245, "car_lcLookaheadLeft": 20.7387, "car_lcPushy": 0.2154, "car_lcSigma": 0.2237, "car_lcSpeedGainRight": 2.7454, "car_lcSublane": 0.6878, "car_sigma": 0.5404, "car_tau_mean": 1.3555, "car_tau_std": 3.0869, "car_v_mean": 24.8484, "car_v_std": 7.1784}, "datetime": {"datetime": "2024-08-10 13:19:44", "elapsed": 2634.658637, "delta": 3.941079}}
{"target": -0.25416828084872717, "params": {"bus_acc": 3.6023, "bus_dcc": 3.2851, "bus_lcAssertive": 81.1034, "bus_lcCooperative": 0.6082, "bus_lcLookaheadLeft": 34.045, "bus_lcPushy": 0.8473, "bus_lcSigma": 0.8043, "bus_lcSpeedGainRight": 4.4163, "bus_lcSublane": 0.6351, "bus_sigma": 0.1111, "bus_tau_mean": 3.2513, "bus_tau_std": 1.8025, "bus_v_mean": 9.1263, "bus_v_std": 18.0858, "car_acc": 1.8523, "car_dcc": 0.7051, "car_lcAssertive": 45.4247, "car_lcCooperative": 0.2947, "car_lcLookaheadLeft": 28.4099, "car_lcPushy": 0.8488, "car_lcSigma": 0.0229, "car_lcSpeedGainRight": 4.768, "car_lcSublane": 0.4966, "car_sigma": 0.4706, "car_tau_mean": 3.0779, "car_tau_std": 2.562, "car_v_mean": 16.7234, "car_v_std": 18.6257}, "datetime": {"datetime": "2024-08-10 13:19:51", "elapsed": 2641.782994, "delta": 7.124357}}
{"target": -0.29725598605166653, "params": {"bus_acc": 2.2879, "bus_dcc": 2.9382, "bus_lcAssertive": 65.48, "bus_lcCooperative": 0.2733, "bus_lcLookaheadLeft": 70.3871, "bus_lcPushy": 0.199, "bus_lcSigma": 0.9887, "bus_lcSpeedGainRight": 2.8084, "bus_lcSublane": 0.8363, "bus_sigma": 0.5219, "bus_tau_mean": 2.2911, "bus_tau_std": 1.0861, "bus_v_mean": 21.1275, "bus_v_std": 6.8627, "car_acc": 1.8657, "car_dcc": 1.7043, "car_lcAssertive": 67.6456, "car_lcCooperative": 0.2958, "car_lcLookaheadLeft": 40.623, "car_lcPushy": 0.8856, "car_lcSigma": 0.1388, "car_lcSpeedGainRight": 1.0389, "car_lcSublane": 0.7763, "car_sigma": 0.3116, "car_tau_mean": 3.0377, "car_tau_std": 4.4944, "car_v_mean": 8.5487, "car_v_std": 0.1663}, "datetime": {"datetime": "2024-08-10 13:19:57", "elapsed": 2647.544911, "delta": 5.761917}}
