{"target": -0.29075979940142366, "params": {"bus_acc": 3.9018, "bus_dcc": 3.3168, "bus_lcAssertive": 94.6505, "bus_lcCooperative": 0.218, "bus_lcLookaheadLeft": 16.668, "bus_lcPushy": 0.9818, "bus_lcSigma": 0.8909, "bus_lcSpeedGainRight": 0.6436, "bus_lcSublane": 0.9297, "bus_sigma": 0.5506, "bus_tau_mean": 0.7583, "bus_tau_std": 8.0957, "bus_v_mean": 13.8945, "bus_v_std": 18.4675, "car_acc": 1.0357, "car_dcc": 2.7632, "car_lcAssertive": 69.3602, "car_lcCooperative": 0.6587, "car_lcLookaheadLeft": 35.8832, "car_lcPushy": 0.2572, "car_lcSigma": 0.2718, "car_lcSpeedGainRight": 2.499, "car_lcSublane": 0.0997, "car_sigma": 0.8394, "car_tau_mean": 1.1903, "car_tau_std": 0.848, "car_v_mean": 22.6628, "car_v_std": 17.1873}, "datetime": {"datetime": "2024-08-10 13:58:07", "elapsed": 4937.48785, "delta": 5.225746}}
{"target": -0.5814111556270447, "params": {"bus_acc": 3.7075, "bus_dcc": 2.6466, "bus_lcAssertive": 71.3372, "bus_lcCooperative": 0.9226, "bus_lcLookaheadLeft": 68.0058, "bus_lcPushy": 0.7042, "bus_lcSigma": 0.8384, "bus_lcSpeedGainRight": 2.201, "bus_lcSublane": 0.8784, "bus_sigma": 0.7473, "bus_tau_mean": 0.9053, "bus_tau_std": 3.0759, "bus_v_mean": 12.8092, "bus_v_std": 13.7236, "car_acc": 0.2384, "car_dcc": 0.5196, "car_lcAssertive": 37.352, "car_lcCooperative": 0.1561, "car_lcLookaheadLeft": 53.4805, "car_lcPushy": 0.5188, "car_lcSigma": 0.914, "car_lcSpeedGainRight": 3.2338, "car_lcSublane": 0.676, "car_sigma": 0.6394, "car_tau_mean": 2.0735, "car_tau_std": 2.6881, "car_v_mean": 15.6533, "car_v_std": 4.2454}, "datetime": {"datetime": "2024-08-10 13:58:15", "elapsed": 4945.18785, "delta": 7.7}}
{"target": -0.30206155907666177, "params": {"bus_acc": 2.2379, "bus_dcc": 2.0309, "bus_lcAssertive": 73.6274, "bus_lcCooperative": 0.1694, "bus_lcLookaheadLeft": 34.0994, "bus_lcPushy": 0.4292, "bus_lcSigma": 0.6346, "bus_lcSpeedGainRight": 0.4601, "bus_lcSublane": 0.5177, "bus_sigma": 0.304, "bus_tau_mean": 2.0579, "bus_tau_std": 3.0112, "bus_v_mean": 9.708, "bus_v_std": 9.9331, "car_acc": 3.7315, "car_dcc": 1.7527, "car_lcAssertive": 54.9546, "car_lcCooperative": 0.8817, "car_lcLookaheadLeft": 74.4073, "car_lcPushy": 0.1098, "car_lcSigma": 0.776, "car_lcSpeedGainRight": 2.9273, "car_lcSublane": 0.4529, "car_sigma": 0.695, "car_tau_mean": 2.1968, "car_tau_std": 9.4213, "car_v_mean": 17.8282, "car_v_std": 11.0974}, "datetime": {"datetime": "2024-08-10 13:58:21", "elapsed": 4951.38439, "delta": 6.19654}}
{"target": -0.3019525497376687, "params": {"bus_acc": 2.0485, "bus_dcc": 2.8563, "bus_lcAssertive": 30.3809, "bus_lcCooperative": 0.5954, "bus_lcLookaheadLeft": 77.6354, "bus_lcPushy": 0.5193, "bus_lcSigma": 0.9316, "bus_lcSpeedGainRight": 4.7943, "bus_lcSublane": 0.8942, "bus_sigma": 0.7006, "bus_tau_mean": 0.7214, "bus_tau_std": 9.8725, "bus_v_mean": 20.2078, "bus_v_std": 2.8639, "car_acc": 2.9008, "car_dcc": 0.2287, "car_lcAssertive": 17.7239, "car_lcCooperative": 0.2863, "car_lcLookaheadLeft": 35.3625, "car_lcPushy": 0.6211, "car_lcSigma": 0.3632, "car_lcSpeedGainRight": 1.4171, "car_lcSublane": 0.6015, "car_sigma": 0.9519, "car_tau_mean": 3.3827, "car_tau_std": 0.2559, "car_v_mean": 20.6913, "car_v_std": 6.0055}, "datetime": {"datetime": "2024-08-10 13:58:29", "elapsed": 4959.332568, "delta": 7.948178}}
{"target": -0.3277473953676015, "params": {"bus_acc": 0.5051, "bus_dcc": 3.9992, "bus_lcAssertive": 45.4299, "bus_lcCooperative": 0.3087, "bus_lcLookaheadLeft": 93.8593, "bus_lcPushy": 0.6952, "bus_lcSigma": 0.4525, "bus_lcSpeedGainRight": 2.9429, "bus_lcSublane": 0.3905, "bus_sigma": 0.8683, "bus_tau_mean": 0.9351, "bus_tau_std": 1.7077, "bus_v_mean": 21.0312, "bus_v_std": 4.0911, "car_acc": 3.9089, "car_dcc": 3.8387, "car_lcAssertive": 63.9832, "car_lcCooperative": 0.5583, "car_lcLookaheadLeft": 97.8196, "car_lcPushy": 0.4145, "car_lcSigma": 0.3846, "car_lcSpeedGainRight": 3.5704, "car_lcSublane": 0.9802, "car_sigma": 0.923, "car_tau_mean": 3.8457, "car_tau_std": 4.0818, "car_v_mean": 25.0933, "car_v_std": 6.9244}, "datetime": {"datetime": "2024-08-10 13:58:35", "elapsed": 4965.700484, "delta": 6.367916}}
{"target": -0.42664904703175077, "params": {"bus_acc": 0.7636, "bus_dcc": 0.7621, "bus_lcAssertive": 88.6122, "bus_lcCooperative": 0.6063, "bus_lcLookaheadLeft": 66.9847, "bus_lcPushy": 0.3244, "bus_lcSigma": 0.8835, "bus_lcSpeedGainRight": 0.502, "bus_lcSublane": 0.8, "bus_sigma": 0.7787, "bus_tau_mean": 3.156, "bus_tau_std": 8.9004, "bus_v_mean": 17.3085, "bus_v_std": 7.6274, "car_acc": 1.2265, "car_dcc": 2.5468, "car_lcAssertive": 50.9044, "car_lcCooperative": 0.9725, "car_lcLookaheadLeft": 39.2118, "car_lcPushy": 0.7232, "car_lcSigma": 0.7071, "car_lcSpeedGainRight": 0.4482, "car_lcSublane": 0.8951, "car_sigma": 0.522, "car_tau_mean": 1.0031, "car_tau_std": 2.2588, "car_v_mean": 12.3084, "car_v_std": 16.8117}, "datetime": {"datetime": "2024-08-10 13:58:45", "elapsed": 4975.898998, "delta": 10.198514}}
{"target": -0.31542418436359676, "params": {"bus_acc": 3.6316, "bus_dcc": 1.8779, "bus_lcAssertive": 39.109, "bus_lcCooperative": 0.4994, "bus_lcLookaheadLeft": 28.5572, "bus_lcPushy": 0.527, "bus_lcSigma": 0.1127, "bus_lcSpeedGainRight": 2.8764, "bus_lcSublane": 0.5262, "bus_sigma": 0.566, "bus_tau_mean": 0.9161, "bus_tau_std": 8.5441, "bus_v_mean": 20.7418, "bus_v_std": 17.1584, "car_acc": 1.1968, "car_dcc": 0.837, "car_lcAssertive": 87.5397, "car_lcCooperative": 0.7057, "car_lcLookaheadLeft": 83.441, "car_lcPushy": 0.299, "car_lcSigma": 0.0207, "car_lcSpeedGainRight": 4.5407, "car_lcSublane": 0.1847, "car_sigma": 0.6832, "car_tau_mean": 2.2034, "car_tau_std": 2.1182, "car_v_mean": 21.6764, "car_v_std": 8.4753}, "datetime": {"datetime": "2024-08-10 13:58:54", "elapsed": 4984.754092, "delta": 8.855094}}
{"target": -0.2240914320086702, "params": {"bus_acc": 1.1372, "bus_dcc": 1.5679, "bus_lcAssertive": 43.0279, "bus_lcCooperative": 0.5216, "bus_lcLookaheadLeft": 18.0395, "bus_lcPushy": 0.8451, "bus_lcSigma": 0.004, "bus_lcSpeedGainRight": 0.2001, "bus_lcSublane": 0.244, "bus_sigma": 0.1581, "bus_tau_mean": 3.3583, "bus_tau_std": 4.0874, "bus_v_mean": 10.5469, "bus_v_std": 15.0859, "car_acc": 1.6074, "car_dcc": 0.7129, "car_lcAssertive": 9.3498, "car_lcCooperative": 0.7697, "car_lcLookaheadLeft": 53.3319, "car_lcPushy": 0.1323, "car_lcSigma": 0.1833, "car_lcSpeedGainRight": 0.1392, "car_lcSublane": 0.922, "car_sigma": 0.9172, "car_tau_mean": 1.4324, "car_tau_std": 8.2647, "car_v_mean": 9.3389, "car_v_std": 3.8212}, "datetime": {"datetime": "2024-08-10 13:59:03", "elapsed": 4993.182616, "delta": 8.428524}}
{"target": -0.3253605884692694, "params": {"bus_acc": 0.7531, "bus_dcc": 2.6378, "bus_lcAssertive": 22.0349, "bus_lcCooperative": 0.9218, "bus_lcLookaheadLeft": 71.3837, "bus_lcPushy": 0.1791, "bus_lcSigma": 0.1542, "bus_lcSpeedGainRight": 1.8819, "bus_lcSublane": 0.1327, "bus_sigma": 0.4553, "bus_tau_mean": 1.4029, "bus_tau_std": 3.8051, "bus_v_mean": 15.4093, "bus_v_std": 2.3447, "car_acc": 1.9872, "car_dcc": 1.0962, "car_lcAssertive": 97.5476, "car_lcCooperative": 0.1352, "car_lcLookaheadLeft": 50.7269, "car_lcPushy": 0.4016, "car_lcSigma": 0.4133, "car_lcSpeedGainRight": 2.5405, "car_lcSublane": 0.5128, "car_sigma": 0.2819, "car_tau_mean": 3.7011, "car_tau_std": 5.4291, "car_v_mean": 13.7029, "car_v_std": 6.2165}, "datetime": {"datetime": "2024-08-10 13:59:10", "elapsed": 5000.835658, "delta": 7.653042}}
{"target": -0.31514669174985227, "params": {"bus_acc": 2.9056, "bus_dcc": 1.1952, "bus_lcAssertive": 39.05, "bus_lcCooperative": 0.712, "bus_lcLookaheadLeft": 99.8718, "bus_lcPushy": 0.9381, "bus_lcSigma": 0.661, "bus_lcSpeedGainRight": 2.663, "bus_lcSublane": 0.7704, "bus_sigma": 0.7561, "bus_tau_mean": 3.5588, "bus_tau_std": 1.8298, "bus_v_mean": 22.6087, "bus_v_std": 11.3889, "car_acc": 3.0636, "car_dcc": 0.7981, "car_lcAssertive": 71.3326, "car_lcCooperative": 0.3992, "car_lcLookaheadLeft": 75.7434, "car_lcPushy": 0.5785, "car_lcSigma": 0.7746, "car_lcSpeedGainRight": 1.3803, "car_lcSublane": 0.8763, "car_sigma": 0.7934, "car_tau_mean": 3.8928, "car_tau_std": 9.215, "car_v_mean": 16.9379, "car_v_std": 5.2943}, "datetime": {"datetime": "2024-08-10 13:59:17", "elapsed": 5007.883791, "delta": 7.048133}}
{"target": -0.3584870047918818, "params": {"bus_acc": 0.3983, "bus_dcc": 1.7189, "bus_lcAssertive": 56.2, "bus_lcCooperative": 0.7725, "bus_lcLookaheadLeft": 24.8946, "bus_lcPushy": 0.4416, "bus_lcSigma": 0.0982, "bus_lcSpeedGainRight": 2.8355, "bus_lcSublane": 0.0872, "bus_sigma": 0.6388, "bus_tau_mean": 2.4888, "bus_tau_std": 3.2822, "bus_v_mean": 8.5627, "bus_v_std": 17.8283, "car_acc": 1.6933, "car_dcc": 2.4019, "car_lcAssertive": 50.633, "car_lcCooperative": 0.3736, "car_lcLookaheadLeft": 31.714, "car_lcPushy": 0.7321, "car_lcSigma": 0.4578, "car_lcSpeedGainRight": 0.0437, "car_lcSublane": 0.3308, "car_sigma": 0.3114, "car_tau_mean": 3.8865, "car_tau_std": 4.4031, "car_v_mean": 14.0189, "car_v_std": 17.0996}, "datetime": {"datetime": "2024-08-10 13:59:24", "elapsed": 5014.133684, "delta": 6.249893}}
{"target": -0.3427118837049747, "params": {"bus_acc": 1.5657, "bus_dcc": 1.2296, "bus_lcAssertive": 36.3207, "bus_lcCooperative": 0.4699, "bus_lcLookaheadLeft": 58.2272, "bus_lcPushy": 0.9024, "bus_lcSigma": 0.0339, "bus_lcSpeedGainRight": 0.8496, "bus_lcSublane": 0.5781, "bus_sigma": 0.2724, "bus_tau_mean": 2.3374, "bus_tau_std": 6.8959, "bus_v_mean": 16.29, "bus_v_std": 9.0837, "car_acc": 3.5719, "car_dcc": 2.6925, "car_lcAssertive": 55.7069, "car_lcCooperative": 0.4393, "car_lcLookaheadLeft": 84.8969, "car_lcPushy": 0.263, "car_lcSigma": 0.643, "car_lcSpeedGainRight": 1.7442, "car_lcSublane": 0.1368, "car_sigma": 0.3254, "car_tau_mean": 3.6197, "car_tau_std": 6.1247, "car_v_mean": 10.1547, "car_v_std": 14.0121}, "datetime": {"datetime": "2024-08-10 13:59:32", "elapsed": 5022.805835, "delta": 8.672151}}
{"target": -0.3256822534838825, "params": {"bus_acc": 3.1449, "bus_dcc": 2.0291, "bus_lcAssertive": 45.3553, "bus_lcCooperative": 0.0843, "bus_lcLookaheadLeft": 45.5838, "bus_lcPushy": 0.0072, "bus_lcSigma": 0.2065, "bus_lcSpeedGainRight": 0.1094, "bus_lcSublane": 0.7582, "bus_sigma": 0.6928, "bus_tau_mean": 1.5119, "bus_tau_std": 8.2825, "bus_v_mean": 22.2619, "bus_v_std": 4.9978, "car_acc": 1.5986, "car_dcc": 1.4487, "car_lcAssertive": 48.5916, "car_lcCooperative": 0.4888, "car_lcLookaheadLeft": 15.9045, "car_lcPushy": 0.0623, "car_lcSigma": 0.1696, "car_lcSpeedGainRight": 3.9993, "car_lcSublane": 0.0076, "car_sigma": 0.9681, "car_tau_mean": 1.6693, "car_tau_std": 3.0449, "car_v_mean": 13.9797, "car_v_std": 7.6658}, "datetime": {"datetime": "2024-08-10 13:59:35", "elapsed": 5025.887216, "delta": 3.081381}}
{"target": -0.24436392385668584, "params": {"bus_acc": 0.5435, "bus_dcc": 0.6516, "bus_lcAssertive": 23.0626, "bus_lcCooperative": 0.3907, "bus_lcLookaheadLeft": 90.5577, "bus_lcPushy": 0.5373, "bus_lcSigma": 0.1222, "bus_lcSpeedGainRight": 0.2179, "bus_lcSublane": 0.3647, "bus_sigma": 0.2055, "bus_tau_mean": 1.6678, "bus_tau_std": 5.9238, "bus_v_mean": 23.0205, "bus_v_std": 14.0899, "car_acc": 3.9294, "car_dcc": 0.6919, "car_lcAssertive": 96.8194, "car_lcCooperative": 0.6077, "car_lcLookaheadLeft": 61.2199, "car_lcPushy": 0.2588, "car_lcSigma": 0.5686, "car_lcSpeedGainRight": 2.2705, "car_lcSublane": 0.3013, "car_sigma": 0.216, "car_tau_mean": 1.9467, "car_tau_std": 3.2011, "car_v_mean": 19.4971, "car_v_std": 16.7349}, "datetime": {"datetime": "2024-08-10 13:59:39", "elapsed": 5029.731482, "delta": 3.844266}}
{"target": -0.6830463048454544, "params": {"bus_acc": 1.124, "bus_dcc": 2.5413, "bus_lcAssertive": 66.2075, "bus_lcCooperative": 0.7974, "bus_lcLookaheadLeft": 24.8462, "bus_lcPushy": 0.3884, "bus_lcSigma": 0.1198, "bus_lcSpeedGainRight": 0.4766, "bus_lcSublane": 0.2617, "bus_sigma": 0.1061, "bus_tau_mean": 3.6653, "bus_tau_std": 3.6628, "bus_v_mean": 17.4384, "bus_v_std": 17.5341, "car_acc": 0.5897, "car_dcc": 3.409, "car_lcAssertive": 89.3186, "car_lcCooperative": 0.9584, "car_lcLookaheadLeft": 29.6964, "car_lcPushy": 0.3819, "car_lcSigma": 0.3161, "car_lcSpeedGainRight": 4.8856, "car_lcSublane": 0.5139, "car_sigma": 0.5801, "car_tau_mean": 3.5039, "car_tau_std": 6.5617, "car_v_mean": 10.7439, "car_v_std": 14.6955}, "datetime": {"datetime": "2024-08-10 13:59:48", "elapsed": 5038.553449, "delta": 8.821967}}
{"target": -0.29843733675459316, "params": {"bus_acc": 0.5091, "bus_dcc": 1.8023, "bus_lcAssertive": 82.9049, "bus_lcCooperative": 0.5497, "bus_lcLookaheadLeft": 81.168, "bus_lcPushy": 0.5543, "bus_lcSigma": 0.6401, "bus_lcSpeedGainRight": 1.6664, "bus_lcSublane": 0.8837, "bus_sigma": 0.8837, "bus_tau_mean": 1.7883, "bus_tau_std": 2.7267, "bus_v_mean": 23.7116, "bus_v_std": 6.4959, "car_acc": 2.5858, "car_dcc": 0.6491, "car_lcAssertive": 43.3471, "car_lcCooperative": 0.7872, "car_lcLookaheadLeft": 34.6148, "car_lcPushy": 0.233, "car_lcSigma": 0.3843, "car_lcSpeedGainRight": 0.2014, "car_lcSublane": 0.328, "car_sigma": 0.0726, "car_tau_mean": 1.6612, "car_tau_std": 1.1924, "car_v_mean": 25.7134, "car_v_std": 6.2066}, "datetime": {"datetime": "2024-08-10 13:59:51", "elapsed": 5041.808737, "delta": 3.255288}}
{"target": -0.3622823354369482, "params": {"bus_acc": 3.2684, "bus_dcc": 3.9833, "bus_lcAssertive": 58.9507, "bus_lcCooperative": 0.0317, "bus_lcLookaheadLeft": 42.4825, "bus_lcPushy": 0.1793, "bus_lcSigma": 0.3771, "bus_lcSpeedGainRight": 1.5026, "bus_lcSublane": 0.322, "bus_sigma": 0.7155, "bus_tau_mean": 0.9761, "bus_tau_std": 9.5666, "bus_v_mean": 14.3254, "bus_v_std": 1.5878, "car_acc": 1.4407, "car_dcc": 2.628, "car_lcAssertive": 92.1928, "car_lcCooperative": 0.9, "car_lcLookaheadLeft": 7.3463, "car_lcPushy": 0.3221, "car_lcSigma": 0.2117, "car_lcSpeedGainRight": 2.6875, "car_lcSublane": 0.3451, "car_sigma": 0.3693, "car_tau_mean": 3.5109, "car_tau_std": 1.9808, "car_v_mean": 16.9335, "car_v_std": 11.5125}, "datetime": {"datetime": "2024-08-10 13:59:56", "elapsed": 5046.627573, "delta": 4.818836}}
{"target": -0.2944977843304577, "params": {"bus_acc": 3.0759, "bus_dcc": 3.6654, "bus_lcAssertive": 15.0639, "bus_lcCooperative": 0.3511, "bus_lcLookaheadLeft": 49.5982, "bus_lcPushy": 0.651, "bus_lcSigma": 0.8315, "bus_lcSpeedGainRight": 1.7221, "bus_lcSublane": 0.9305, "bus_sigma": 0.1837, "bus_tau_mean": 3.8914, "bus_tau_std": 5.609, "bus_v_mean": 10.8026, "bus_v_std": 17.077, "car_acc": 3.7613, "car_dcc": 3.5739, "car_lcAssertive": 74.3928, "car_lcCooperative": 0.904, "car_lcLookaheadLeft": 35.0369, "car_lcPushy": 0.1968, "car_lcSigma": 0.1655, "car_lcSpeedGainRight": 3.2039, "car_lcSublane": 0.7329, "car_sigma": 0.462, "car_tau_mean": 1.9107, "car_tau_std": 8.5003, "car_v_mean": 12.4979, "car_v_std": 5.1655}, "datetime": {"datetime": "2024-08-10 14:00:04", "elapsed": 5054.232452, "delta": 7.604879}}
{"target": -0.30850340097063395, "params": {"bus_acc": 3.5439, "bus_dcc": 1.1707, "bus_lcAssertive": 21.2093, "bus_lcCooperative": 0.0535, "bus_lcLookaheadLeft": 57.7277, "bus_lcPushy": 0.3473, "bus_lcSigma": 0.2401, "bus_lcSpeedGainRight": 0.2278, "bus_lcSublane": 0.277, "bus_sigma": 0.7804, "bus_tau_mean": 1.3922, "bus_tau_std": 3.7351, "bus_v_mean": 21.967, "bus_v_std": 13.02, "car_acc": 2.9459, "car_dcc": 2.7471, "car_lcAssertive": 50.8699, "car_lcCooperative": 0.6653, "car_lcLookaheadLeft": 64.2098, "car_lcPushy": 0.6618, "car_lcSigma": 0.0411, "car_lcSpeedGainRight": 1.6739, "car_lcSublane": 0.4706, "car_sigma": 0.6828, "car_tau_mean": 1.0155, "car_tau_std": 4.9981, "car_v_mean": 18.7327, "car_v_std": 14.8178}, "datetime": {"datetime": "2024-08-10 14:00:12", "elapsed": 5062.584731, "delta": 8.352279}}
{"target": -0.38490657738573725, "params": {"bus_acc": 2.2999, "bus_dcc": 3.2567, "bus_lcAssertive": 66.3228, "bus_lcCooperative": 0.9923, "bus_lcLookaheadLeft": 91.289, "bus_lcPushy": 0.0484, "bus_lcSigma": 0.1151, "bus_lcSpeedGainRight": 3.655, "bus_lcSublane": 0.5887, "bus_sigma": 0.8409, "bus_tau_mean": 1.6767, "bus_tau_std": 5.5753, "bus_v_mean": 15.8638, "bus_v_std": 16.2799, "car_acc": 1.5688, "car_dcc": 2.9621, "car_lcAssertive": 24.3538, "car_lcCooperative": 0.423, "car_lcLookaheadLeft": 9.0282, "car_lcPushy": 0.7806, "car_lcSigma": 0.7915, "car_lcSpeedGainRight": 4.7045, "car_lcSublane": 0.7094, "car_sigma": 0.7345, "car_tau_mean": 1.0419, "car_tau_std": 1.4668, "car_v_mean": 25.6762, "car_v_std": 18.1051}, "datetime": {"datetime": "2024-08-10 14:00:22", "elapsed": 5072.917106, "delta": 10.332375}}
{"target": -0.624413854861405, "params": {"bus_acc": 3.3023, "bus_dcc": 2.5858, "bus_lcAssertive": 70.8084, "bus_lcCooperative": 0.9021, "bus_lcLookaheadLeft": 19.4026, "bus_lcPushy": 0.5816, "bus_lcSigma": 0.1825, "bus_lcSpeedGainRight": 4.6636, "bus_lcSublane": 0.123, "bus_sigma": 0.3329, "bus_tau_mean": 2.4175, "bus_tau_std": 3.5012, "bus_v_mean": 17.4605, "bus_v_std": 13.7589, "car_acc": 0.4125, "car_dcc": 0.6599, "car_lcAssertive": 85.8596, "car_lcCooperative": 0.6538, "car_lcLookaheadLeft": 99.2028, "car_lcPushy": 0.0094, "car_lcSigma": 0.5912, "car_lcSpeedGainRight": 1.7639, "car_lcSublane": 0.7497, "car_sigma": 0.1871, "car_tau_mean": 0.6135, "car_tau_std": 6.5189, "car_v_mean": 19.7453, "car_v_std": 15.0171}, "datetime": {"datetime": "2024-08-10 14:00:31", "elapsed": 5081.76252, "delta": 8.845414}}
{"target": -0.3597819674620622, "params": {"bus_acc": 1.7644, "bus_dcc": 2.012, "bus_lcAssertive": 57.4341, "bus_lcCooperative": 0.7907, "bus_lcLookaheadLeft": 93.6498, "bus_lcPushy": 0.1415, "bus_lcSigma": 0.9874, "bus_lcSpeedGainRight": 0.6596, "bus_lcSublane": 0.5942, "bus_sigma": 0.8633, "bus_tau_mean": 1.4703, "bus_tau_std": 6.7708, "bus_v_mean": 19.5058, "bus_v_std": 7.2928, "car_acc": 1.7626, "car_dcc": 3.0686, "car_lcAssertive": 56.9203, "car_lcCooperative": 0.1902, "car_lcLookaheadLeft": 66.32, "car_lcPushy": 0.7239, "car_lcSigma": 0.8022, "car_lcSpeedGainRight": 3.9191, "car_lcSublane": 0.3087, "car_sigma": 0.2636, "car_tau_mean": 3.2599, "car_tau_std": 5.2971, "car_v_mean": 9.8191, "car_v_std": 12.9457}, "datetime": {"datetime": "2024-08-10 14:00:40", "elapsed": 5090.552898, "delta": 8.790378}}
{"target": -0.3106140268635152, "params": {"bus_acc": 3.5162, "bus_dcc": 0.2067, "bus_lcAssertive": 22.4844, "bus_lcCooperative": 0.3758, "bus_lcLookaheadLeft": 69.2686, "bus_lcPushy": 0.9283, "bus_lcSigma": 0.0154, "bus_lcSpeedGainRight": 3.1613, "bus_lcSublane": 0.1885, "bus_sigma": 0.9776, "bus_tau_mean": 0.551, "bus_tau_std": 3.0274, "bus_v_mean": 16.8129, "bus_v_std": 1.3633, "car_acc": 3.6343, "car_dcc": 3.5041, "car_lcAssertive": 49.4009, "car_lcCooperative": 0.932, "car_lcLookaheadLeft": 80.0956, "car_lcPushy": 0.8049, "car_lcSigma": 0.5297, "car_lcSpeedGainRight": 3.8358, "car_lcSublane": 0.2644, "car_sigma": 0.1566, "car_tau_mean": 1.4832, "car_tau_std": 7.5859, "car_v_mean": 9.9002, "car_v_std": 18.8207}, "datetime": {"datetime": "2024-08-10 14:00:51", "elapsed": 5101.320869, "delta": 10.767971}}
{"target": -0.3024970860197345, "params": {"bus_acc": 2.8717, "bus_dcc": 1.6715, "bus_lcAssertive": 25.7626, "bus_lcCooperative": 0.396, "bus_lcLookaheadLeft": 50.4566, "bus_lcPushy": 0.6763, "bus_lcSigma": 0.371, "bus_lcSpeedGainRight": 2.9285, "bus_lcSublane": 0.1935, "bus_sigma": 0.2617, "bus_tau_mean": 2.3856, "bus_tau_std": 3.887, "bus_v_mean": 21.4525, "bus_v_std": 6.8359, "car_acc": 1.442, "car_dcc": 1.412, "car_lcAssertive": 12.2714, "car_lcCooperative": 0.6543, "car_lcLookaheadLeft": 12.147, "car_lcPushy": 0.3522, "car_lcSigma": 0.1508, "car_lcSpeedGainRight": 4.4357, "car_lcSublane": 0.9808, "car_sigma": 0.044, "car_tau_mean": 3.3001, "car_tau_std": 4.6063, "car_v_mean": 19.3564, "car_v_std": 5.0256}, "datetime": {"datetime": "2024-08-10 14:00:54", "elapsed": 5104.918934, "delta": 3.598065}}
{"target": -0.45672748529589224, "params": {"bus_acc": 3.0793, "bus_dcc": 3.7767, "bus_lcAssertive": 14.0091, "bus_lcCooperative": 0.9505, "bus_lcLookaheadLeft": 10.3784, "bus_lcPushy": 0.993, "bus_lcSigma": 0.5927, "bus_lcSpeedGainRight": 2.294, "bus_lcSublane": 0.9777, "bus_sigma": 0.2309, "bus_tau_mean": 1.1748, "bus_tau_std": 3.0095, "bus_v_mean": 21.801, "bus_v_std": 18.5093, "car_acc": 0.9123, "car_dcc": 3.3561, "car_lcAssertive": 54.7498, "car_lcCooperative": 0.1493, "car_lcLookaheadLeft": 94.6407, "car_lcPushy": 0.9077, "car_lcSigma": 0.6338, "car_lcSpeedGainRight": 3.2747, "car_lcSublane": 0.5015, "car_sigma": 0.3797, "car_tau_mean": 3.7446, "car_tau_std": 5.6301, "car_v_mean": 11.0341, "car_v_std": 13.0804}, "datetime": {"datetime": "2024-08-10 14:01:00", "elapsed": 5111.041232, "delta": 6.122298}}
{"target": -0.563672839995418, "params": {"bus_acc": 2.4111, "bus_dcc": 0.4019, "bus_lcAssertive": 91.1128, "bus_lcCooperative": 0.9754, "bus_lcLookaheadLeft": 54.9546, "bus_lcPushy": 0.3634, "bus_lcSigma": 0.8115, "bus_lcSpeedGainRight": 0.6669, "bus_lcSublane": 0.0453, "bus_sigma": 0.8263, "bus_tau_mean": 3.0866, "bus_tau_std": 8.4351, "bus_v_mean": 11.4202, "bus_v_std": 7.9288, "car_acc": 0.4911, "car_dcc": 1.2735, "car_lcAssertive": 7.9324, "car_lcCooperative": 0.4268, "car_lcLookaheadLeft": 19.8373, "car_lcPushy": 0.1532, "car_lcSigma": 0.154, "car_lcSpeedGainRight": 0.1357, "car_lcSublane": 0.7883, "car_sigma": 0.0317, "car_tau_mean": 3.5693, "car_tau_std": 7.2449, "car_v_mean": 12.0248, "car_v_std": 5.598}, "datetime": {"datetime": "2024-08-10 14:01:06", "elapsed": 5116.593586, "delta": 5.552354}}
