{"target": -0.3558602856735362, "params": {"bus_acc": 2.5499, "bus_dcc": 1.2391, "bus_lcAssertive": 66.4266, "bus_lcCooperative": 0.7391, "bus_lcLookaheadLeft": 44.3193, "bus_lcPushy": 0.8784, "bus_lcSigma": 0.3704, "bus_lcSpeedGainRight": 4.2953, "bus_lcSublane": 0.1131, "bus_sigma": 0.9774, "bus_tau_mean": 1.0569, "bus_tau_std": 4.1398, "bus_v_mean": 13.0081, "bus_v_std": 13.3722, "car_acc": 2.0186, "car_dcc": 1.6295, "car_lcAssertive": 68.5381, "car_lcCooperative": 0.9278, "car_lcLookaheadLeft": 35.9738, "car_lcPushy": 0.1311, "car_lcSigma": 0.2616, "car_lcSpeedGainRight": 1.8757, "car_lcSublane": 0.9001, "car_sigma": 0.4961, "car_tau_mean": 2.2142, "car_tau_std": 8.6737, "car_v_mean": 24.2461, "car_v_std": 1.6794}, "datetime": {"datetime": "2024-08-10 14:19:29", "elapsed": 6219.456659, "delta": 4.933625}}
{"target": -0.2350922477297344, "params": {"bus_acc": 3.5089, "bus_dcc": 3.6179, "bus_lcAssertive": 7.8387, "bus_lcCooperative": 0.8668, "bus_lcLookaheadLeft": 7.9693, "bus_lcPushy": 0.7471, "bus_lcSigma": 0.3253, "bus_lcSpeedGainRight": 0.321, "bus_lcSublane": 0.4003, "bus_sigma": 0.6797, "bus_tau_mean": 2.3682, "bus_tau_std": 2.3258, "bus_v_mean": 10.051, "bus_v_std": 4.9344, "car_acc": 1.5822, "car_dcc": 0.2126, "car_lcAssertive": 99.3146, "car_lcCooperative": 0.8943, "car_lcLookaheadLeft": 61.5293, "car_lcPushy": 0.1214, "car_lcSigma": 0.899, "car_lcSpeedGainRight": 4.863, "car_lcSublane": 0.3616, "car_sigma": 0.9254, "car_tau_mean": 3.7206, "car_tau_std": 5.5511, "car_v_mean": 14.2033, "car_v_std": 17.5769}, "datetime": {"datetime": "2024-08-10 14:19:37", "elapsed": 6227.966505, "delta": 8.509846}}
{"target": -0.3238103723850148, "params": {"bus_acc": 3.2365, "bus_dcc": 1.2332, "bus_lcAssertive": 37.2701, "bus_lcCooperative": 0.9331, "bus_lcLookaheadLeft": 10.5813, "bus_lcPushy": 0.833, "bus_lcSigma": 0.3711, "bus_lcSpeedGainRight": 0.0786, "bus_lcSublane": 0.6959, "bus_sigma": 0.3514, "bus_tau_mean": 3.9066, "bus_tau_std": 3.9873, "bus_v_mean": 11.4062, "bus_v_std": 11.3375, "car_acc": 3.8815, "car_dcc": 1.1801, "car_lcAssertive": 43.2774, "car_lcCooperative": 0.8622, "car_lcLookaheadLeft": 58.3183, "car_lcPushy": 0.894, "car_lcSigma": 0.1868, "car_lcSpeedGainRight": 0.974, "car_lcSublane": 0.297, "car_sigma": 0.5444, "car_tau_mean": 0.6651, "car_tau_std": 0.4713, "car_v_mean": 19.8463, "car_v_std": 5.4104}, "datetime": {"datetime": "2024-08-10 14:19:46", "elapsed": 6236.205146, "delta": 8.238641}}
{"target": -0.2898419023819971, "params": {"bus_acc": 2.2644, "bus_dcc": 1.2365, "bus_lcAssertive": 61.2922, "bus_lcCooperative": 0.116, "bus_lcLookaheadLeft": 11.9645, "bus_lcPushy": 0.3613, "bus_lcSigma": 0.8593, "bus_lcSpeedGainRight": 4.7288, "bus_lcSublane": 0.9762, "bus_sigma": 0.1313, "bus_tau_mean": 1.6777, "bus_tau_std": 3.0772, "bus_v_mean": 15.1526, "bus_v_std": 0.434, "car_acc": 1.8302, "car_dcc": 0.3244, "car_lcAssertive": 54.822, "car_lcCooperative": 0.0227, "car_lcLookaheadLeft": 46.6788, "car_lcPushy": 0.847, "car_lcSigma": 0.8348, "car_lcSpeedGainRight": 2.5339, "car_lcSublane": 0.8813, "car_sigma": 0.7309, "car_tau_mean": 3.3957, "car_tau_std": 7.2544, "car_v_mean": 12.5989, "car_v_std": 1.1878}, "datetime": {"datetime": "2024-08-10 14:19:53", "elapsed": 6243.856057, "delta": 7.650911}}
{"target": -0.34960921148379426, "params": {"bus_acc": 2.3174, "bus_dcc": 2.8411, "bus_lcAssertive": 33.8474, "bus_lcCooperative": 0.0521, "bus_lcLookaheadLeft": 94.4366, "bus_lcPushy": 0.1108, "bus_lcSigma": 0.9874, "bus_lcSpeedGainRight": 0.8459, "bus_lcSublane": 0.817, "bus_sigma": 0.1959, "bus_tau_mean": 0.8346, "bus_tau_std": 1.513, "bus_v_mean": 23.3759, "bus_v_std": 9.2479, "car_acc": 3.9103, "car_dcc": 2.461, "car_lcAssertive": 24.1916, "car_lcCooperative": 0.0744, "car_lcLookaheadLeft": 96.9421, "car_lcPushy": 0.4249, "car_lcSigma": 0.9809, "car_lcSpeedGainRight": 3.9372, "car_lcSublane": 0.4544, "car_sigma": 0.5392, "car_tau_mean": 2.4559, "car_tau_std": 7.092, "car_v_mean": 10.4292, "car_v_std": 15.6306}, "datetime": {"datetime": "2024-08-10 14:20:04", "elapsed": 6254.583182, "delta": 10.727125}}
{"target": -0.28565463728478047, "params": {"bus_acc": 3.3167, "bus_dcc": 0.2201, "bus_lcAssertive": 48.8016, "bus_lcCooperative": 0.9918, "bus_lcLookaheadLeft": 72.8605, "bus_lcPushy": 0.602, "bus_lcSigma": 0.5653, "bus_lcSpeedGainRight": 4.0494, "bus_lcSublane": 0.0597, "bus_sigma": 0.707, "bus_tau_mean": 1.2863, "bus_tau_std": 9.4994, "bus_v_mean": 23.5886, "bus_v_std": 7.5996, "car_acc": 3.7861, "car_dcc": 1.8888, "car_lcAssertive": 27.0823, "car_lcCooperative": 0.2312, "car_lcLookaheadLeft": 62.2169, "car_lcPushy": 0.275, "car_lcSigma": 0.6234, "car_lcSpeedGainRight": 3.713, "car_lcSublane": 0.7873, "car_sigma": 0.3627, "car_tau_mean": 1.653, "car_tau_std": 1.9284, "car_v_mean": 15.7091, "car_v_std": 12.71}, "datetime": {"datetime": "2024-08-10 14:20:08", "elapsed": 6258.264607, "delta": 3.681425}}
{"target": -0.3501001307024209, "params": {"bus_acc": 3.3319, "bus_dcc": 3.7517, "bus_lcAssertive": 23.049, "bus_lcCooperative": 0.634, "bus_lcLookaheadLeft": 51.6232, "bus_lcPushy": 0.3423, "bus_lcSigma": 0.5798, "bus_lcSpeedGainRight": 0.8981, "bus_lcSublane": 0.96, "bus_sigma": 0.7853, "bus_tau_mean": 3.308, "bus_tau_std": 9.9737, "bus_v_mean": 25.2146, "bus_v_std": 13.098, "car_acc": 2.7468, "car_dcc": 3.9142, "car_lcAssertive": 35.8096, "car_lcCooperative": 0.1623, "car_lcLookaheadLeft": 24.6836, "car_lcPushy": 0.7819, "car_lcSigma": 0.0622, "car_lcSpeedGainRight": 0.7518, "car_lcSublane": 0.3731, "car_sigma": 0.608, "car_tau_mean": 3.1397, "car_tau_std": 6.1305, "car_v_mean": 14.3153, "car_v_std": 15.7247}, "datetime": {"datetime": "2024-08-10 14:20:17", "elapsed": 6267.787177, "delta": 9.52257}}
{"target": -0.35510502980060693, "params": {"bus_acc": 2.1795, "bus_dcc": 3.7755, "bus_lcAssertive": 39.6918, "bus_lcCooperative": 0.9272, "bus_lcLookaheadLeft": 36.5147, "bus_lcPushy": 0.5794, "bus_lcSigma": 0.7167, "bus_lcSpeedGainRight": 2.9977, "bus_lcSublane": 0.746, "bus_sigma": 0.8756, "bus_tau_mean": 0.9896, "bus_tau_std": 5.2824, "bus_v_mean": 16.4632, "bus_v_std": 16.4725, "car_acc": 3.9877, "car_dcc": 0.723, "car_lcAssertive": 25.2495, "car_lcCooperative": 0.4452, "car_lcLookaheadLeft": 49.2169, "car_lcPushy": 0.0471, "car_lcSigma": 0.0779, "car_lcSpeedGainRight": 0.8854, "car_lcSublane": 0.3398, "car_sigma": 0.6631, "car_tau_mean": 3.839, "car_tau_std": 1.0777, "car_v_mean": 16.5946, "car_v_std": 18.2449}, "datetime": {"datetime": "2024-08-10 14:20:21", "elapsed": 6271.18778, "delta": 3.400603}}
{"target": -0.6243287807852306, "params": {"bus_acc": 0.2171, "bus_dcc": 1.66, "bus_lcAssertive": 75.847, "bus_lcCooperative": 0.4573, "bus_lcLookaheadLeft": 81.1404, "bus_lcPushy": 0.5045, "bus_lcSigma": 0.5341, "bus_lcSpeedGainRight": 4.0316, "bus_lcSublane": 0.7405, "bus_sigma": 0.1382, "bus_tau_mean": 1.9323, "bus_tau_std": 8.206, "bus_v_mean": 11.02, "bus_v_std": 18.971, "car_acc": 1.1288, "car_dcc": 3.7843, "car_lcAssertive": 2.6435, "car_lcCooperative": 0.6601, "car_lcLookaheadLeft": 43.2069, "car_lcPushy": 0.6356, "car_lcSigma": 0.4022, "car_lcSpeedGainRight": 3.1953, "car_lcSublane": 0.1055, "car_sigma": 0.4417, "car_tau_mean": 2.3822, "car_tau_std": 1.1026, "car_v_mean": 13.151, "car_v_std": 4.4502}, "datetime": {"datetime": "2024-08-10 14:20:25", "elapsed": 6275.518334, "delta": 4.330554}}
{"target": -0.38722109369121616, "params": {"bus_acc": 1.0481, "bus_dcc": 3.7037, "bus_lcAssertive": 81.1467, "bus_lcCooperative": 0.4826, "bus_lcLookaheadLeft": 58.5777, "bus_lcPushy": 0.8518, "bus_lcSigma": 0.7774, "bus_lcSpeedGainRight": 1.0697, "bus_lcSublane": 0.6318, "bus_sigma": 0.4534, "bus_tau_mean": 0.7828, "bus_tau_std": 2.4181, "bus_v_mean": 8.3047, "bus_v_std": 18.5546, "car_acc": 0.802, "car_dcc": 0.7666, "car_lcAssertive": 61.2529, "car_lcCooperative": 0.1852, "car_lcLookaheadLeft": 23.5084, "car_lcPushy": 0.9716, "car_lcSigma": 0.1689, "car_lcSpeedGainRight": 4.8534, "car_lcSublane": 0.9507, "car_sigma": 0.3452, "car_tau_mean": 2.0755, "car_tau_std": 4.4845, "car_v_mean": 21.6905, "car_v_std": 12.6808}, "datetime": {"datetime": "2024-08-10 14:20:31", "elapsed": 6282.006858, "delta": 6.488524}}
{"target": -0.32900294735145064, "params": {"bus_acc": 0.8478, "bus_dcc": 1.693, "bus_lcAssertive": 16.1164, "bus_lcCooperative": 0.7241, "bus_lcLookaheadLeft": 13.3129, "bus_lcPushy": 0.5078, "bus_lcSigma": 0.4131, "bus_lcSpeedGainRight": 1.2098, "bus_lcSublane": 0.3215, "bus_sigma": 0.4303, "bus_tau_mean": 3.7104, "bus_tau_std": 0.1451, "bus_v_mean": 9.4367, "bus_v_std": 12.9082, "car_acc": 1.8168, "car_dcc": 3.9841, "car_lcAssertive": 23.7135, "car_lcCooperative": 0.3298, "car_lcLookaheadLeft": 78.8594, "car_lcPushy": 0.0519, "car_lcSigma": 0.4787, "car_lcSpeedGainRight": 2.0712, "car_lcSublane": 0.5492, "car_sigma": 0.8835, "car_tau_mean": 3.4824, "car_tau_std": 0.4944, "car_v_mean": 19.5282, "car_v_std": 2.3664}, "datetime": {"datetime": "2024-08-10 14:20:37", "elapsed": 6288.011938, "delta": 6.00508}}
{"target": -0.2943428860954796, "params": {"bus_acc": 3.0111, "bus_dcc": 0.862, "bus_lcAssertive": 27.4283, "bus_lcCooperative": 0.5592, "bus_lcLookaheadLeft": 72.5938, "bus_lcPushy": 0.5869, "bus_lcSigma": 0.7247, "bus_lcSpeedGainRight": 4.6158, "bus_lcSublane": 0.2718, "bus_sigma": 0.1742, "bus_tau_mean": 2.5717, "bus_tau_std": 1.1187, "bus_v_mean": 17.9667, "bus_v_std": 3.163, "car_acc": 3.2798, "car_dcc": 1.3671, "car_lcAssertive": 15.4199, "car_lcCooperative": 0.7076, "car_lcLookaheadLeft": 26.1063, "car_lcPushy": 0.4211, "car_lcSigma": 0.1938, "car_lcSpeedGainRight": 2.06, "car_lcSublane": 0.0299, "car_sigma": 0.4775, "car_tau_mean": 2.3031, "car_tau_std": 3.0106, "car_v_mean": 12.2559, "car_v_std": 17.9581}, "datetime": {"datetime": "2024-08-10 14:20:48", "elapsed": 6298.870087, "delta": 10.858149}}
{"target": -0.33390705463231346, "params": {"bus_acc": 0.9224, "bus_dcc": 3.5889, "bus_lcAssertive": 15.7291, "bus_lcCooperative": 0.5842, "bus_lcLookaheadLeft": 98.8825, "bus_lcPushy": 0.9183, "bus_lcSigma": 0.5212, "bus_lcSpeedGainRight": 4.6626, "bus_lcSublane": 0.8313, "bus_sigma": 0.0836, "bus_tau_mean": 0.8648, "bus_tau_std": 6.7365, "bus_v_mean": 12.3107, "bus_v_std": 1.6602, "car_acc": 1.1649, "car_dcc": 0.6113, "car_lcAssertive": 69.7789, "car_lcCooperative": 0.4606, "car_lcLookaheadLeft": 18.3403, "car_lcPushy": 0.4584, "car_lcSigma": 0.7466, "car_lcSpeedGainRight": 1.8974, "car_lcSublane": 0.1916, "car_sigma": 0.7301, "car_tau_mean": 2.0854, "car_tau_std": 0.1315, "car_v_mean": 10.8861, "car_v_std": 11.5365}, "datetime": {"datetime": "2024-08-10 14:20:56", "elapsed": 6306.39591, "delta": 7.525823}}
{"target": -0.32918299500519194, "params": {"bus_acc": 3.106, "bus_dcc": 2.8612, "bus_lcAssertive": 12.2287, "bus_lcCooperative": 0.9218, "bus_lcLookaheadLeft": 23.8987, "bus_lcPushy": 0.9874, "bus_lcSigma": 0.1839, "bus_lcSpeedGainRight": 3.7907, "bus_lcSublane": 0.1676, "bus_sigma": 0.543, "bus_tau_mean": 3.2557, "bus_tau_std": 1.7096, "bus_v_mean": 23.1991, "bus_v_std": 9.5979, "car_acc": 3.3766, "car_dcc": 2.8339, "car_lcAssertive": 21.0941, "car_lcCooperative": 0.0947, "car_lcLookaheadLeft": 90.0766, "car_lcPushy": 0.091, "car_lcSigma": 0.8213, "car_lcSpeedGainRight": 1.165, "car_lcSublane": 0.2754, "car_sigma": 0.8492, "car_tau_mean": 3.3259, "car_tau_std": 7.6943, "car_v_mean": 20.0638, "car_v_std": 7.405}, "datetime": {"datetime": "2024-08-10 14:21:00", "elapsed": 6310.998701, "delta": 4.602791}}
{"target": -0.36962719113495196, "params": {"bus_acc": 2.6542, "bus_dcc": 2.9857, "bus_lcAssertive": 81.0502, "bus_lcCooperative": 0.7152, "bus_lcLookaheadLeft": 27.705, "bus_lcPushy": 0.3433, "bus_lcSigma": 0.2122, "bus_lcSpeedGainRight": 2.3079, "bus_lcSublane": 0.1984, "bus_sigma": 0.3838, "bus_tau_mean": 2.8324, "bus_tau_std": 8.4167, "bus_v_mean": 13.2803, "bus_v_std": 2.2774, "car_acc": 1.1567, "car_dcc": 3.8581, "car_lcAssertive": 95.5556, "car_lcCooperative": 0.3488, "car_lcLookaheadLeft": 98.142, "car_lcPushy": 0.7544, "car_lcSigma": 0.6386, "car_lcSpeedGainRight": 1.8314, "car_lcSublane": 0.9722, "car_sigma": 0.1268, "car_tau_mean": 3.2572, "car_tau_std": 4.7382, "car_v_mean": 25.9549, "car_v_std": 3.5075}, "datetime": {"datetime": "2024-08-10 14:21:06", "elapsed": 6316.451332, "delta": 5.452631}}
{"target": -0.4152082587813162, "params": {"bus_acc": 0.9683, "bus_dcc": 1.6035, "bus_lcAssertive": 44.2356, "bus_lcCooperative": 0.6417, "bus_lcLookaheadLeft": 13.6716, "bus_lcPushy": 0.6564, "bus_lcSigma": 0.2669, "bus_lcSpeedGainRight": 1.3529, "bus_lcSublane": 0.504, "bus_sigma": 0.8458, "bus_tau_mean": 1.3091, "bus_tau_std": 0.9316, "bus_v_mean": 22.8342, "bus_v_std": 1.8444, "car_acc": 1.0107, "car_dcc": 2.7371, "car_lcAssertive": 80.6622, "car_lcCooperative": 0.0812, "car_lcLookaheadLeft": 52.0388, "car_lcPushy": 0.1426, "car_lcSigma": 0.5882, "car_lcSpeedGainRight": 0.8528, "car_lcSublane": 0.5527, "car_sigma": 0.3062, "car_tau_mean": 2.6187, "car_tau_std": 4.3762, "car_v_mean": 9.9373, "car_v_std": 17.3501}, "datetime": {"datetime": "2024-08-10 14:21:14", "elapsed": 6324.594479, "delta": 8.143147}}
{"target": -0.3141188714018379, "params": {"bus_acc": 3.8068, "bus_dcc": 2.7736, "bus_lcAssertive": 12.0031, "bus_lcCooperative": 0.1686, "bus_lcLookaheadLeft": 22.5093, "bus_lcPushy": 0.5421, "bus_lcSigma": 0.5432, "bus_lcSpeedGainRight": 0.7243, "bus_lcSublane": 0.534, "bus_sigma": 0.6772, "bus_tau_mean": 2.3017, "bus_tau_std": 5.7729, "bus_v_mean": 16.1476, "bus_v_std": 11.6177, "car_acc": 2.9238, "car_dcc": 2.731, "car_lcAssertive": 99.3261, "car_lcCooperative": 0.4628, "car_lcLookaheadLeft": 65.4984, "car_lcPushy": 0.7672, "car_lcSigma": 0.0839, "car_lcSpeedGainRight": 3.0412, "car_lcSublane": 0.0447, "car_sigma": 0.8397, "car_tau_mean": 2.3099, "car_tau_std": 7.3801, "car_v_mean": 22.654, "car_v_std": 18.6035}, "datetime": {"datetime": "2024-08-10 14:21:24", "elapsed": 6334.921693, "delta": 10.327214}}
{"target": -0.3368815622910881, "params": {"bus_acc": 1.1551, "bus_dcc": 0.7707, "bus_lcAssertive": 65.4232, "bus_lcCooperative": 0.7921, "bus_lcLookaheadLeft": 46.1827, "bus_lcPushy": 0.4334, "bus_lcSigma": 0.1338, "bus_lcSpeedGainRight": 4.5829, "bus_lcSublane": 0.391, "bus_sigma": 0.1056, "bus_tau_mean": 3.2892, "bus_tau_std": 0.4176, "bus_v_mean": 23.4233, "bus_v_std": 8.3678, "car_acc": 2.5676, "car_dcc": 0.4889, "car_lcAssertive": 52.6187, "car_lcCooperative": 0.0426, "car_lcLookaheadLeft": 14.9423, "car_lcPushy": 0.8071, "car_lcSigma": 0.4553, "car_lcSpeedGainRight": 3.3187, "car_lcSublane": 0.4716, "car_sigma": 0.176, "car_tau_mean": 1.9497, "car_tau_std": 3.1816, "car_v_mean": 18.5952, "car_v_std": 5.3934}, "datetime": {"datetime": "2024-08-10 14:21:31", "elapsed": 6341.332055, "delta": 6.410362}}
{"target": -0.4466982511437307, "params": {"bus_acc": 0.3959, "bus_dcc": 3.7665, "bus_lcAssertive": 47.7221, "bus_lcCooperative": 0.3723, "bus_lcLookaheadLeft": 11.6154, "bus_lcPushy": 0.6303, "bus_lcSigma": 0.5762, "bus_lcSpeedGainRight": 3.5703, "bus_lcSublane": 0.8147, "bus_sigma": 0.7394, "bus_tau_mean": 2.8039, "bus_tau_std": 7.1348, "bus_v_mean": 9.8433, "bus_v_std": 18.3528, "car_acc": 2.0744, "car_dcc": 2.919, "car_lcAssertive": 98.0416, "car_lcCooperative": 0.5922, "car_lcLookaheadLeft": 84.1462, "car_lcPushy": 0.2811, "car_lcSigma": 0.1249, "car_lcSpeedGainRight": 4.2658, "car_lcSublane": 0.7328, "car_sigma": 0.348, "car_tau_mean": 3.57, "car_tau_std": 7.1409, "car_v_mean": 13.2174, "car_v_std": 6.2203}, "datetime": {"datetime": "2024-08-10 14:21:37", "elapsed": 6347.725556, "delta": 6.393501}}
{"target": -0.30898530590447776, "params": {"bus_acc": 1.3504, "bus_dcc": 0.4216, "bus_lcAssertive": 54.7682, "bus_lcCooperative": 0.9493, "bus_lcLookaheadLeft": 78.6762, "bus_lcPushy": 0.8142, "bus_lcSigma": 0.2502, "bus_lcSpeedGainRight": 3.5214, "bus_lcSublane": 0.6467, "bus_sigma": 0.7704, "bus_tau_mean": 3.872, "bus_tau_std": 2.7988, "bus_v_mean": 10.8092, "bus_v_std": 12.2195, "car_acc": 3.3328, "car_dcc": 2.4362, "car_lcAssertive": 74.9159, "car_lcCooperative": 0.4184, "car_lcLookaheadLeft": 11.947, "car_lcPushy": 0.524, "car_lcSigma": 0.4314, "car_lcSpeedGainRight": 3.9776, "car_lcSublane": 0.1295, "car_sigma": 0.1321, "car_tau_mean": 0.6991, "car_tau_std": 7.4853, "car_v_mean": 24.0088, "car_v_std": 18.3832}, "datetime": {"datetime": "2024-08-10 14:21:42", "elapsed": 6352.584244, "delta": 4.858688}}
{"target": -0.31990833866013674, "params": {"bus_acc": 0.4079, "bus_dcc": 0.2681, "bus_lcAssertive": 9.0098, "bus_lcCooperative": 0.6139, "bus_lcLookaheadLeft": 83.2362, "bus_lcPushy": 0.7179, "bus_lcSigma": 0.8942, "bus_lcSpeedGainRight": 2.5752, "bus_lcSublane": 0.7313, "bus_sigma": 0.4772, "bus_tau_mean": 3.527, "bus_tau_std": 0.3539, "bus_v_mean": 21.076, "bus_v_std": 17.9866, "car_acc": 2.4419, "car_dcc": 1.92, "car_lcAssertive": 55.7165, "car_lcCooperative": 0.7405, "car_lcLookaheadLeft": 55.7527, "car_lcPushy": 0.2468, "car_lcSigma": 0.9324, "car_lcSpeedGainRight": 4.5949, "car_lcSublane": 0.7184, "car_sigma": 0.0549, "car_tau_mean": 1.7772, "car_tau_std": 4.3254, "car_v_mean": 20.7107, "car_v_std": 16.3096}, "datetime": {"datetime": "2024-08-10 14:21:50", "elapsed": 6360.896327, "delta": 8.312083}}
{"target": -0.3455072341931013, "params": {"bus_acc": 3.1932, "bus_dcc": 3.9747, "bus_lcAssertive": 74.6457, "bus_lcCooperative": 0.4537, "bus_lcLookaheadLeft": 68.074, "bus_lcPushy": 0.2523, "bus_lcSigma": 0.7933, "bus_lcSpeedGainRight": 4.869, "bus_lcSublane": 0.5419, "bus_sigma": 0.3112, "bus_tau_mean": 1.5824, "bus_tau_std": 4.2933, "bus_v_mean": 16.6727, "bus_v_std": 0.7123, "car_acc": 1.9005, "car_dcc": 3.2499, "car_lcAssertive": 28.8032, "car_lcCooperative": 0.9378, "car_lcLookaheadLeft": 74.4195, "car_lcPushy": 0.4303, "car_lcSigma": 0.094, "car_lcSpeedGainRight": 3.6787, "car_lcSublane": 0.2214, "car_sigma": 0.4923, "car_tau_mean": 2.2512, "car_tau_std": 9.8221, "car_v_mean": 10.6734, "car_v_std": 10.9893}, "datetime": {"datetime": "2024-08-10 14:21:55", "elapsed": 6365.490464, "delta": 4.594137}}
{"target": -0.24324950445533935, "params": {"bus_acc": 0.6219, "bus_dcc": 3.8017, "bus_lcAssertive": 84.5647, "bus_lcCooperative": 0.2282, "bus_lcLookaheadLeft": 13.895, "bus_lcPushy": 0.1861, "bus_lcSigma": 0.1239, "bus_lcSpeedGainRight": 2.3687, "bus_lcSublane": 0.7605, "bus_sigma": 0.7545, "bus_tau_mean": 3.1903, "bus_tau_std": 4.3104, "bus_v_mean": 9.8115, "bus_v_std": 16.6161, "car_acc": 0.4883, "car_dcc": 3.369, "car_lcAssertive": 79.6974, "car_lcCooperative": 0.6176, "car_lcLookaheadLeft": 23.9755, "car_lcPushy": 0.5738, "car_lcSigma": 0.9123, "car_lcSpeedGainRight": 0.8248, "car_lcSublane": 0.4226, "car_sigma": 0.2376, "car_tau_mean": 0.9363, "car_tau_std": 0.6972, "car_v_mean": 11.1753, "car_v_std": 9.5707}, "datetime": {"datetime": "2024-08-10 14:21:59", "elapsed": 6369.774642, "delta": 4.284178}}
{"target": -0.3201006350234141, "params": {"bus_acc": 3.8347, "bus_dcc": 2.9757, "bus_lcAssertive": 29.5061, "bus_lcCooperative": 0.882, "bus_lcLookaheadLeft": 95.6946, "bus_lcPushy": 0.255, "bus_lcSigma": 0.1363, "bus_lcSpeedGainRight": 3.7824, "bus_lcSublane": 0.0412, "bus_sigma": 0.7806, "bus_tau_mean": 0.6015, "bus_tau_std": 3.3159, "bus_v_mean": 19.6489, "bus_v_std": 10.0945, "car_acc": 2.8364, "car_dcc": 0.9425, "car_lcAssertive": 74.4578, "car_lcCooperative": 0.2209, "car_lcLookaheadLeft": 60.744, "car_lcPushy": 0.0795, "car_lcSigma": 0.8331, "car_lcSpeedGainRight": 4.1798, "car_lcSublane": 0.6234, "car_sigma": 0.1019, "car_tau_mean": 1.7566, "car_tau_std": 4.1656, "car_v_mean": 14.2459, "car_v_std": 15.6947}, "datetime": {"datetime": "2024-08-10 14:22:04", "elapsed": 6374.872797, "delta": 5.098155}}
{"target": -0.38022998516671097, "params": {"bus_acc": 2.2635, "bus_dcc": 1.7412, "bus_lcAssertive": 70.309, "bus_lcCooperative": 0.9038, "bus_lcLookaheadLeft": 80.7567, "bus_lcPushy": 0.9788, "bus_lcSigma": 0.8899, "bus_lcSpeedGainRight": 0.3625, "bus_lcSublane": 0.5112, "bus_sigma": 0.2585, "bus_tau_mean": 3.5254, "bus_tau_std": 7.6059, "bus_v_mean": 11.1626, "bus_v_std": 10.4009, "car_acc": 1.2131, "car_dcc": 1.0428, "car_lcAssertive": 31.6651, "car_lcCooperative": 0.9128, "car_lcLookaheadLeft": 92.3984, "car_lcPushy": 0.8066, "car_lcSigma": 0.2802, "car_lcSpeedGainRight": 3.9006, "car_lcSublane": 0.2652, "car_sigma": 0.4542, "car_tau_mean": 0.5685, "car_tau_std": 3.8548, "car_v_mean": 8.7745, "car_v_std": 15.6734}, "datetime": {"datetime": "2024-08-10 14:22:12", "elapsed": 6382.265205, "delta": 7.392408}}
{"target": -0.5463137600277331, "params": {"bus_acc": 3.512, "bus_dcc": 2.7363, "bus_lcAssertive": 68.1799, "bus_lcCooperative": 0.2521, "bus_lcLookaheadLeft": 8.7208, "bus_lcPushy": 0.0411, "bus_lcSigma": 0.085, "bus_lcSpeedGainRight": 3.701, "bus_lcSublane": 0.3402, "bus_sigma": 0.7695, "bus_tau_mean": 0.8221, "bus_tau_std": 6.0865, "bus_v_mean": 9.1569, "bus_v_std": 13.9594, "car_acc": 0.2455, "car_dcc": 2.1577, "car_lcAssertive": 6.0747, "car_lcCooperative": 0.3746, "car_lcLookaheadLeft": 19.2643, "car_lcPushy": 0.9521, "car_lcSigma": 0.5997, "car_lcSpeedGainRight": 0.6028, "car_lcSublane": 0.9912, "car_sigma": 0.9899, "car_tau_mean": 2.1846, "car_tau_std": 3.0445, "car_v_mean": 17.2934, "car_v_std": 10.9377}, "datetime": {"datetime": "2024-08-10 14:22:17", "elapsed": 6387.925998, "delta": 5.660793}}
