{"target": -0.33958431801111494, "params": {"bus_acc": 1.1381, "bus_dcc": 2.731, "bus_lcAssertive": 88.363, "bus_lcCooperative": 0.8781, "bus_lcLookaheadLeft": 51.5202, "bus_lcPushy": 0.1426, "bus_lcSigma": 0.647, "bus_lcSpeedGainRight": 4.1586, "bus_lcSublane": 0.5009, "bus_sigma": 0.3113, "bus_tau_mean": 2.5466, "bus_tau_std": 5.1881, "bus_v_mean": 10.8583, "bus_v_std": 12.3136, "car_acc": 3.5417, "car_dcc": 1.3132, "car_lcAssertive": 94.628, "car_lcCooperative": 0.3454, "car_lcLookaheadLeft": 89.3866, "car_lcPushy": 0.7497, "car_lcSigma": 0.0288, "car_lcSpeedGainRight": 4.4738, "car_lcSublane": 0.0097, "car_sigma": 0.266, "car_tau_mean": 3.1114, "car_tau_std": 2.4446, "car_v_mean": 12.2415, "car_v_std": 6.2622}, "datetime": {"datetime": "2024-08-10 14:13:54", "elapsed": 5884.594953, "delta": 7.483705}}
{"target": -0.31907442107672196, "params": {"bus_acc": 3.4294, "bus_dcc": 2.9323, "bus_lcAssertive": 52.9846, "bus_lcCooperative": 0.5424, "bus_lcLookaheadLeft": 94.0807, "bus_lcPushy": 0.461, "bus_lcSigma": 0.525, "bus_lcSpeedGainRight": 4.916, "bus_lcSublane": 0.8141, "bus_sigma": 0.0696, "bus_tau_mean": 3.8896, "bus_tau_std": 0.9562, "bus_v_mean": 25.9589, "bus_v_std": 4.6563, "car_acc": 3.9246, "car_dcc": 2.8474, "car_lcAssertive": 61.2705, "car_lcCooperative": 0.2984, "car_lcLookaheadLeft": 95.3372, "car_lcPushy": 0.7943, "car_lcSigma": 0.6622, "car_lcSpeedGainRight": 0.2268, "car_lcSublane": 0.5903, "car_sigma": 0.0722, "car_tau_mean": 0.896, "car_tau_std": 5.8563, "car_v_mean": 13.4102, "car_v_std": 18.5943}, "datetime": {"datetime": "2024-08-10 14:14:01", "elapsed": 5892.045353, "delta": 7.4504}}
{"target": -0.3232989427863795, "params": {"bus_acc": 2.3212, "bus_dcc": 2.3049, "bus_lcAssertive": 70.9892, "bus_lcCooperative": 0.2968, "bus_lcLookaheadLeft": 73.0958, "bus_lcPushy": 0.5445, "bus_lcSigma": 0.7202, "bus_lcSpeedGainRight": 1.3556, "bus_lcSublane": 0.4969, "bus_sigma": 0.9593, "bus_tau_mean": 2.187, "bus_tau_std": 0.2185, "bus_v_mean": 11.3516, "bus_v_std": 2.1332, "car_acc": 2.0484, "car_dcc": 2.3909, "car_lcAssertive": 70.2172, "car_lcCooperative": 0.3813, "car_lcLookaheadLeft": 17.2082, "car_lcPushy": 0.7882, "car_lcSigma": 0.1197, "car_lcSpeedGainRight": 1.3924, "car_lcSublane": 0.7765, "car_sigma": 0.9169, "car_tau_mean": 2.3618, "car_tau_std": 8.9118, "car_v_mean": 20.7165, "car_v_std": 16.1065}, "datetime": {"datetime": "2024-08-10 14:14:06", "elapsed": 5896.532029, "delta": 4.486676}}
{"target": -0.3466784211025869, "params": {"bus_acc": 0.5572, "bus_dcc": 2.6162, "bus_lcAssertive": 61.351, "bus_lcCooperative": 0.4917, "bus_lcLookaheadLeft": 54.3254, "bus_lcPushy": 0.9307, "bus_lcSigma": 0.165, "bus_lcSpeedGainRight": 3.5118, "bus_lcSublane": 0.4369, "bus_sigma": 0.9359, "bus_tau_mean": 2.2583, "bus_tau_std": 5.9524, "bus_v_mean": 15.9355, "bus_v_std": 0.7172, "car_acc": 3.8915, "car_dcc": 2.9894, "car_lcAssertive": 24.0137, "car_lcCooperative": 0.4488, "car_lcLookaheadLeft": 64.2175, "car_lcPushy": 0.459, "car_lcSigma": 0.7042, "car_lcSpeedGainRight": 4.7602, "car_lcSublane": 0.605, "car_sigma": 0.3354, "car_tau_mean": 3.9179, "car_tau_std": 8.3057, "car_v_mean": 13.9343, "car_v_std": 5.9356}, "datetime": {"datetime": "2024-08-10 14:14:16", "elapsed": 5906.874548, "delta": 10.342519}}
{"target": -0.3799985442431933, "params": {"bus_acc": 1.4706, "bus_dcc": 0.9522, "bus_lcAssertive": 77.0979, "bus_lcCooperative": 0.0972, "bus_lcLookaheadLeft": 37.5172, "bus_lcPushy": 0.0648, "bus_lcSigma": 0.267, "bus_lcSpeedGainRight": 4.099, "bus_lcSublane": 0.8288, "bus_sigma": 0.6539, "bus_tau_mean": 1.804, "bus_tau_std": 3.5816, "bus_v_mean": 11.288, "bus_v_std": 12.6627, "car_acc": 3.6786, "car_dcc": 0.5613, "car_lcAssertive": 71.7583, "car_lcCooperative": 0.3544, "car_lcLookaheadLeft": 28.4054, "car_lcPushy": 0.5135, "car_lcSigma": 0.0796, "car_lcSpeedGainRight": 3.1006, "car_lcSublane": 0.9657, "car_sigma": 0.2039, "car_tau_mean": 0.5482, "car_tau_std": 0.8706, "car_v_mean": 10.2527, "car_v_std": 9.5211}, "datetime": {"datetime": "2024-08-10 14:14:28", "elapsed": 5918.563661, "delta": 11.689113}}
{"target": -0.328723380007945, "params": {"bus_acc": 3.3718, "bus_dcc": 0.9185, "bus_lcAssertive": 98.742, "bus_lcCooperative": 0.8857, "bus_lcLookaheadLeft": 45.9278, "bus_lcPushy": 0.9967, "bus_lcSigma": 0.5875, "bus_lcSpeedGainRight": 2.5184, "bus_lcSublane": 0.0121, "bus_sigma": 0.6336, "bus_tau_mean": 3.9472, "bus_tau_std": 7.0663, "bus_v_mean": 10.6797, "bus_v_std": 14.4084, "car_acc": 1.1456, "car_dcc": 2.5883, "car_lcAssertive": 62.1777, "car_lcCooperative": 0.7804, "car_lcLookaheadLeft": 71.8822, "car_lcPushy": 0.7011, "car_lcSigma": 0.8274, "car_lcSpeedGainRight": 4.8272, "car_lcSublane": 0.2283, "car_sigma": 0.6691, "car_tau_mean": 3.0795, "car_tau_std": 1.304, "car_v_mean": 24.5537, "car_v_std": 13.4953}, "datetime": {"datetime": "2024-08-10 14:14:32", "elapsed": 5922.739689, "delta": 4.176028}}
{"target": -0.38577445346267886, "params": {"bus_acc": 1.5191, "bus_dcc": 1.2718, "bus_lcAssertive": 9.5876, "bus_lcCooperative": 0.9001, "bus_lcLookaheadLeft": 78.3015, "bus_lcPushy": 0.134, "bus_lcSigma": 0.7521, "bus_lcSpeedGainRight": 3.6008, "bus_lcSublane": 0.9935, "bus_sigma": 0.1597, "bus_tau_mean": 3.8879, "bus_tau_std": 5.4506, "bus_v_mean": 19.1472, "bus_v_std": 16.7103, "car_acc": 1.8831, "car_dcc": 3.7935, "car_lcAssertive": 80.0194, "car_lcCooperative": 0.1, "car_lcLookaheadLeft": 86.617, "car_lcPushy": 0.3324, "car_lcSigma": 0.439, "car_lcSpeedGainRight": 2.8337, "car_lcSublane": 0.5151, "car_sigma": 0.1434, "car_tau_mean": 3.7892, "car_tau_std": 3.5276, "car_v_mean": 14.9493, "car_v_std": 15.6176}, "datetime": {"datetime": "2024-08-10 14:14:37", "elapsed": 5927.980595, "delta": 5.240906}}
{"target": -0.4947777676053455, "params": {"bus_acc": 3.5351, "bus_dcc": 3.595, "bus_lcAssertive": 50.3826, "bus_lcCooperative": 0.3457, "bus_lcLookaheadLeft": 21.8768, "bus_lcPushy": 0.9687, "bus_lcSigma": 0.0015, "bus_lcSpeedGainRight": 4.0862, "bus_lcSublane": 0.815, "bus_sigma": 0.138, "bus_tau_mean": 1.5884, "bus_tau_std": 5.4875, "bus_v_mean": 20.7231, "bus_v_std": 7.961, "car_acc": 0.8093, "car_dcc": 1.1681, "car_lcAssertive": 36.9773, "car_lcCooperative": 0.7975, "car_lcLookaheadLeft": 5.4275, "car_lcPushy": 0.1426, "car_lcSigma": 0.8467, "car_lcSpeedGainRight": 4.6722, "car_lcSublane": 0.6188, "car_sigma": 0.0633, "car_tau_mean": 2.8027, "car_tau_std": 2.8884, "car_v_mean": 15.3677, "car_v_std": 6.2484}, "datetime": {"datetime": "2024-08-10 14:14:42", "elapsed": 5932.172438, "delta": 4.191843}}
{"target": -0.3346718183836464, "params": {"bus_acc": 3.3718, "bus_dcc": 0.6164, "bus_lcAssertive": 87.0255, "bus_lcCooperative": 0.4788, "bus_lcLookaheadLeft": 86.2298, "bus_lcPushy": 0.3953, "bus_lcSigma": 0.7785, "bus_lcSpeedGainRight": 1.0078, "bus_lcSublane": 0.6104, "bus_sigma": 0.0075, "bus_tau_mean": 1.0992, "bus_tau_std": 9.8652, "bus_v_mean": 24.8587, "bus_v_std": 9.2794, "car_acc": 2.7072, "car_dcc": 2.1483, "car_lcAssertive": 40.3668, "car_lcCooperative": 0.6775, "car_lcLookaheadLeft": 27.8692, "car_lcPushy": 0.7812, "car_lcSigma": 0.3845, "car_lcSpeedGainRight": 1.3555, "car_lcSublane": 0.5067, "car_sigma": 0.9702, "car_tau_mean": 2.4483, "car_tau_std": 9.0949, "car_v_mean": 9.8046, "car_v_std": 12.9178}, "datetime": {"datetime": "2024-08-10 14:14:46", "elapsed": 5936.750376, "delta": 4.577938}}
{"target": -0.21022584174376083, "params": {"bus_acc": 1.0825, "bus_dcc": 3.0462, "bus_lcAssertive": 88.0635, "bus_lcCooperative": 0.0667, "bus_lcLookaheadLeft": 62.4515, "bus_lcPushy": 0.6085, "bus_lcSigma": 0.3257, "bus_lcSpeedGainRight": 1.1888, "bus_lcSublane": 0.7806, "bus_sigma": 0.8614, "bus_tau_mean": 2.9002, "bus_tau_std": 8.4659, "bus_v_mean": 8.5222, "bus_v_std": 0.1725, "car_acc": 1.2174, "car_dcc": 0.5027, "car_lcAssertive": 81.0274, "car_lcCooperative": 0.3594, "car_lcLookaheadLeft": 20.3595, "car_lcPushy": 0.8722, "car_lcSigma": 0.1346, "car_lcSpeedGainRight": 1.7079, "car_lcSublane": 0.8638, "car_sigma": 0.936, "car_tau_mean": 1.7495, "car_tau_std": 0.5651, "car_v_mean": 18.0307, "car_v_std": 9.876}, "datetime": {"datetime": "2024-08-10 14:14:51", "elapsed": 5941.200938, "delta": 4.450562}}
{"target": -0.26192124299386355, "params": {"bus_acc": 0.7743, "bus_dcc": 1.9282, "bus_lcAssertive": 82.552, "bus_lcCooperative": 0.359, "bus_lcLookaheadLeft": 42.053, "bus_lcPushy": 0.0637, "bus_lcSigma": 0.4688, "bus_lcSpeedGainRight": 2.457, "bus_lcSublane": 0.7927, "bus_sigma": 0.0655, "bus_tau_mean": 1.937, "bus_tau_std": 3.8235, "bus_v_mean": 8.6045, "bus_v_std": 7.2814, "car_acc": 3.2206, "car_dcc": 1.1707, "car_lcAssertive": 38.1582, "car_lcCooperative": 0.5642, "car_lcLookaheadLeft": 29.3846, "car_lcPushy": 0.3712, "car_lcSigma": 0.752, "car_lcSpeedGainRight": 0.9601, "car_lcSublane": 0.7415, "car_sigma": 0.5042, "car_tau_mean": 2.5725, "car_tau_std": 0.8904, "car_v_mean": 22.5984, "car_v_std": 17.8238}, "datetime": {"datetime": "2024-08-10 14:14:59", "elapsed": 5949.824151, "delta": 8.623213}}
{"target": -0.3129140040345465, "params": {"bus_acc": 0.7969, "bus_dcc": 1.6181, "bus_lcAssertive": 99.5573, "bus_lcCooperative": 0.5484, "bus_lcLookaheadLeft": 3.6491, "bus_lcPushy": 0.6839, "bus_lcSigma": 0.031, "bus_lcSpeedGainRight": 2.8881, "bus_lcSublane": 0.5067, "bus_sigma": 0.4053, "bus_tau_mean": 0.8081, "bus_tau_std": 1.8445, "bus_v_mean": 9.5634, "bus_v_std": 5.7937, "car_acc": 1.0465, "car_dcc": 3.2634, "car_lcAssertive": 76.7739, "car_lcCooperative": 0.5449, "car_lcLookaheadLeft": 21.859, "car_lcPushy": 0.6251, "car_lcSigma": 0.6195, "car_lcSpeedGainRight": 0.8586, "car_lcSublane": 0.9944, "car_sigma": 0.6508, "car_tau_mean": 1.1263, "car_tau_std": 6.0515, "car_v_mean": 24.0092, "car_v_std": 0.3121}, "datetime": {"datetime": "2024-08-10 14:15:09", "elapsed": 5959.306101, "delta": 9.48195}}
{"target": -0.3358334756941095, "params": {"bus_acc": 3.2552, "bus_dcc": 3.5866, "bus_lcAssertive": 46.4846, "bus_lcCooperative": 0.7362, "bus_lcLookaheadLeft": 87.2486, "bus_lcPushy": 0.0168, "bus_lcSigma": 0.6862, "bus_lcSpeedGainRight": 2.6425, "bus_lcSublane": 0.6785, "bus_sigma": 0.0304, "bus_tau_mean": 2.8423, "bus_tau_std": 1.9889, "bus_v_mean": 17.4956, "bus_v_std": 1.978, "car_acc": 1.6815, "car_dcc": 1.5929, "car_lcAssertive": 24.5679, "car_lcCooperative": 0.3157, "car_lcLookaheadLeft": 18.3383, "car_lcPushy": 0.5013, "car_lcSigma": 0.6791, "car_lcSpeedGainRight": 1.8501, "car_lcSublane": 0.3686, "car_sigma": 0.2398, "car_tau_mean": 3.7859, "car_tau_std": 9.1487, "car_v_mean": 13.9804, "car_v_std": 14.3598}, "datetime": {"datetime": "2024-08-10 14:15:19", "elapsed": 5969.798215, "delta": 10.492114}}
{"target": -0.41504783599551565, "params": {"bus_acc": 1.6993, "bus_dcc": 3.9407, "bus_lcAssertive": 57.3159, "bus_lcCooperative": 0.5094, "bus_lcLookaheadLeft": 47.5631, "bus_lcPushy": 0.8964, "bus_lcSigma": 0.2486, "bus_lcSpeedGainRight": 1.722, "bus_lcSublane": 0.3166, "bus_sigma": 0.0624, "bus_tau_mean": 2.1012, "bus_tau_std": 3.7245, "bus_v_mean": 11.4678, "bus_v_std": 5.6247, "car_acc": 1.1732, "car_dcc": 3.5483, "car_lcAssertive": 5.1314, "car_lcCooperative": 0.084, "car_lcLookaheadLeft": 38.6927, "car_lcPushy": 0.1754, "car_lcSigma": 0.3864, "car_lcSpeedGainRight": 1.2475, "car_lcSublane": 0.3737, "car_sigma": 0.4585, "car_tau_mean": 3.0975, "car_tau_std": 7.9149, "car_v_mean": 23.9697, "car_v_std": 12.8587}, "datetime": {"datetime": "2024-08-10 14:15:25", "elapsed": 5975.659855, "delta": 5.86164}}
{"target": -0.3463450632566332, "params": {"bus_acc": 0.4085, "bus_dcc": 1.1152, "bus_lcAssertive": 79.3357, "bus_lcCooperative": 0.8076, "bus_lcLookaheadLeft": 53.58, "bus_lcPushy": 0.562, "bus_lcSigma": 0.9862, "bus_lcSpeedGainRight": 2.5361, "bus_lcSublane": 0.7703, "bus_sigma": 0.6579, "bus_tau_mean": 3.1786, "bus_tau_std": 0.7187, "bus_v_mean": 17.7379, "bus_v_std": 1.9192, "car_acc": 3.5547, "car_dcc": 3.5059, "car_lcAssertive": 75.2396, "car_lcCooperative": 0.8225, "car_lcLookaheadLeft": 76.6553, "car_lcPushy": 0.3616, "car_lcSigma": 0.9039, "car_lcSpeedGainRight": 4.4186, "car_lcSublane": 0.9384, "car_sigma": 0.5197, "car_tau_mean": 0.5967, "car_tau_std": 9.2097, "car_v_mean": 22.9573, "car_v_std": 5.0364}, "datetime": {"datetime": "2024-08-10 14:15:38", "elapsed": 5988.434698, "delta": 12.774843}}
{"target": -0.34494432438383704, "params": {"bus_acc": 1.7384, "bus_dcc": 2.025, "bus_lcAssertive": 10.121, "bus_lcCooperative": 0.9326, "bus_lcLookaheadLeft": 49.5847, "bus_lcPushy": 0.7409, "bus_lcSigma": 0.9429, "bus_lcSpeedGainRight": 4.7367, "bus_lcSublane": 0.9132, "bus_sigma": 0.3609, "bus_tau_mean": 2.6149, "bus_tau_std": 0.6651, "bus_v_mean": 12.5254, "bus_v_std": 1.0701, "car_acc": 3.5418, "car_dcc": 0.7762, "car_lcAssertive": 89.469, "car_lcCooperative": 0.6182, "car_lcLookaheadLeft": 83.379, "car_lcPushy": 0.1504, "car_lcSigma": 0.4692, "car_lcSpeedGainRight": 1.3001, "car_lcSublane": 0.8023, "car_sigma": 0.376, "car_tau_mean": 2.2977, "car_tau_std": 8.297, "car_v_mean": 19.9962, "car_v_std": 11.1613}, "datetime": {"datetime": "2024-08-10 14:15:44", "elapsed": 5994.307627, "delta": 5.872929}}
{"target": -0.5212657822181427, "params": {"bus_acc": 3.9231, "bus_dcc": 1.4583, "bus_lcAssertive": 66.5884, "bus_lcCooperative": 0.6903, "bus_lcLookaheadLeft": 12.237, "bus_lcPushy": 0.9471, "bus_lcSigma": 0.3491, "bus_lcSpeedGainRight": 2.0691, "bus_lcSublane": 0.123, "bus_sigma": 0.1981, "bus_tau_mean": 2.1809, "bus_tau_std": 8.7828, "bus_v_mean": 12.6614, "bus_v_std": 8.0058, "car_acc": 0.6849, "car_dcc": 2.9878, "car_lcAssertive": 5.2801, "car_lcCooperative": 0.9976, "car_lcLookaheadLeft": 54.3566, "car_lcPushy": 0.1242, "car_lcSigma": 0.9008, "car_lcSpeedGainRight": 1.8186, "car_lcSublane": 0.9736, "car_sigma": 0.427, "car_tau_mean": 1.4429, "car_tau_std": 9.5335, "car_v_mean": 12.7109, "car_v_std": 11.235}, "datetime": {"datetime": "2024-08-10 14:15:48", "elapsed": 5998.981442, "delta": 4.673815}}
{"target": -0.29223670420769343, "params": {"bus_acc": 2.4612, "bus_dcc": 1.0261, "bus_lcAssertive": 40.8336, "bus_lcCooperative": 0.4092, "bus_lcLookaheadLeft": 92.6971, "bus_lcPushy": 0.7734, "bus_lcSigma": 0.458, "bus_lcSpeedGainRight": 2.7897, "bus_lcSublane": 0.5174, "bus_sigma": 0.1638, "bus_tau_mean": 1.9481, "bus_tau_std": 8.3513, "bus_v_mean": 17.3713, "bus_v_std": 12.3948, "car_acc": 2.6855, "car_dcc": 3.8972, "car_lcAssertive": 28.872, "car_lcCooperative": 0.2566, "car_lcLookaheadLeft": 79.2245, "car_lcPushy": 0.8009, "car_lcSigma": 0.9915, "car_lcSpeedGainRight": 2.7942, "car_lcSublane": 0.2745, "car_sigma": 0.0395, "car_tau_mean": 1.5429, "car_tau_std": 0.1091, "car_v_mean": 13.3735, "car_v_std": 4.3456}, "datetime": {"datetime": "2024-08-10 14:15:56", "elapsed": 6006.330385, "delta": 7.348943}}
{"target": -0.3691070248727697, "params": {"bus_acc": 3.2541, "bus_dcc": 1.1728, "bus_lcAssertive": 51.4526, "bus_lcCooperative": 0.775, "bus_lcLookaheadLeft": 36.3649, "bus_lcPushy": 0.1912, "bus_lcSigma": 0.0757, "bus_lcSpeedGainRight": 1.4892, "bus_lcSublane": 0.6414, "bus_sigma": 0.3625, "bus_tau_mean": 0.9814, "bus_tau_std": 6.8131, "bus_v_mean": 20.2603, "bus_v_std": 4.4602, "car_acc": 1.3892, "car_dcc": 1.1917, "car_lcAssertive": 55.0168, "car_lcCooperative": 0.5198, "car_lcLookaheadLeft": 48.7126, "car_lcPushy": 0.2099, "car_lcSigma": 0.763, "car_lcSpeedGainRight": 2.495, "car_lcSublane": 0.7257, "car_sigma": 0.6792, "car_tau_mean": 3.0446, "car_tau_std": 6.4219, "car_v_mean": 8.2913, "car_v_std": 6.966}, "datetime": {"datetime": "2024-08-10 14:16:01", "elapsed": 6011.967447, "delta": 5.637062}}
{"target": -0.3297466543089898, "params": {"bus_acc": 3.0581, "bus_dcc": 3.9836, "bus_lcAssertive": 13.5446, "bus_lcCooperative": 0.8995, "bus_lcLookaheadLeft": 39.4081, "bus_lcPushy": 0.7077, "bus_lcSigma": 0.8176, "bus_lcSpeedGainRight": 0.35, "bus_lcSublane": 0.5588, "bus_sigma": 0.6244, "bus_tau_mean": 1.9771, "bus_tau_std": 1.4748, "bus_v_mean": 12.5218, "bus_v_std": 15.7383, "car_acc": 2.1155, "car_dcc": 3.9563, "car_lcAssertive": 90.2431, "car_lcCooperative": 0.0441, "car_lcLookaheadLeft": 64.3835, "car_lcPushy": 0.073, "car_lcSigma": 0.1721, "car_lcSpeedGainRight": 4.0221, "car_lcSublane": 0.6041, "car_sigma": 0.1174, "car_tau_mean": 3.1789, "car_tau_std": 5.5401, "car_v_mean": 11.2247, "car_v_std": 15.2585}, "datetime": {"datetime": "2024-08-10 14:16:08", "elapsed": 6018.773004, "delta": 6.805557}}
{"target": -0.3082103936754121, "params": {"bus_acc": 3.5968, "bus_dcc": 3.355, "bus_lcAssertive": 98.9608, "bus_lcCooperative": 0.7451, "bus_lcLookaheadLeft": 20.0982, "bus_lcPushy": 0.1419, "bus_lcSigma": 0.7389, "bus_lcSpeedGainRight": 2.9751, "bus_lcSublane": 0.8582, "bus_sigma": 0.8416, "bus_tau_mean": 0.8224, "bus_tau_std": 0.2125, "bus_v_mean": 21.1792, "bus_v_std": 7.1173, "car_acc": 1.9531, "car_dcc": 0.5886, "car_lcAssertive": 97.8295, "car_lcCooperative": 0.7064, "car_lcLookaheadLeft": 20.4455, "car_lcPushy": 0.8953, "car_lcSigma": 0.5691, "car_lcSpeedGainRight": 3.1048, "car_lcSublane": 0.4628, "car_sigma": 0.1939, "car_tau_mean": 2.6215, "car_tau_std": 7.1776, "car_v_mean": 11.5387, "car_v_std": 3.45}, "datetime": {"datetime": "2024-08-10 14:16:13", "elapsed": 6023.244598, "delta": 4.471594}}
{"target": -0.2928823590681913, "params": {"bus_acc": 3.0167, "bus_dcc": 2.8557, "bus_lcAssertive": 2.1636, "bus_lcCooperative": 0.1026, "bus_lcLookaheadLeft": 26.9616, "bus_lcPushy": 0.6655, "bus_lcSigma": 0.9726, "bus_lcSpeedGainRight": 1.1471, "bus_lcSublane": 0.0484, "bus_sigma": 0.3007, "bus_tau_mean": 1.1972, "bus_tau_std": 8.7321, "bus_v_mean": 13.5573, "bus_v_std": 13.9779, "car_acc": 3.1304, "car_dcc": 2.9828, "car_lcAssertive": 77.9688, "car_lcCooperative": 0.6764, "car_lcLookaheadLeft": 50.2995, "car_lcPushy": 0.6324, "car_lcSigma": 0.9536, "car_lcSpeedGainRight": 0.6465, "car_lcSublane": 0.086, "car_sigma": 0.5286, "car_tau_mean": 2.8908, "car_tau_std": 0.8525, "car_v_mean": 15.3454, "car_v_std": 12.3376}, "datetime": {"datetime": "2024-08-10 14:16:18", "elapsed": 6028.785221, "delta": 5.540623}}
{"target": -0.35632229645231656, "params": {"bus_acc": 3.0021, "bus_dcc": 2.584, "bus_lcAssertive": 82.1081, "bus_lcCooperative": 0.0886, "bus_lcLookaheadLeft": 73.1731, "bus_lcPushy": 0.0744, "bus_lcSigma": 0.6321, "bus_lcSpeedGainRight": 1.8116, "bus_lcSublane": 0.3835, "bus_sigma": 0.4094, "bus_tau_mean": 2.8769, "bus_tau_std": 4.2816, "bus_v_mean": 22.021, "bus_v_std": 17.2762, "car_acc": 2.3387, "car_dcc": 2.2969, "car_lcAssertive": 21.5966, "car_lcCooperative": 0.8731, "car_lcLookaheadLeft": 40.0076, "car_lcPushy": 0.6411, "car_lcSigma": 0.515, "car_lcSpeedGainRight": 1.4881, "car_lcSublane": 0.9138, "car_sigma": 0.4397, "car_tau_mean": 2.0756, "car_tau_std": 6.5197, "car_v_mean": 24.3406, "car_v_std": 5.5401}, "datetime": {"datetime": "2024-08-10 14:16:27", "elapsed": 6038.120499, "delta": 9.335278}}
{"target": -0.30362451779765126, "params": {"bus_acc": 2.6877, "bus_dcc": 1.0357, "bus_lcAssertive": 44.506, "bus_lcCooperative": 0.7033, "bus_lcLookaheadLeft": 16.5866, "bus_lcPushy": 0.0193, "bus_lcSigma": 0.7687, "bus_lcSpeedGainRight": 1.77, "bus_lcSublane": 0.9388, "bus_sigma": 0.0132, "bus_tau_mean": 0.5102, "bus_tau_std": 4.6209, "bus_v_mean": 17.9006, "bus_v_std": 8.3927, "car_acc": 1.9723, "car_dcc": 1.5891, "car_lcAssertive": 29.6639, "car_lcCooperative": 0.9982, "car_lcLookaheadLeft": 36.0874, "car_lcPushy": 0.4247, "car_lcSigma": 0.5529, "car_lcSpeedGainRight": 2.7964, "car_lcSublane": 0.8484, "car_sigma": 0.7586, "car_tau_mean": 1.3745, "car_tau_std": 7.3067, "car_v_mean": 17.0591, "car_v_std": 15.5543}, "datetime": {"datetime": "2024-08-10 14:16:34", "elapsed": 6044.359892, "delta": 6.239393}}
{"target": -0.38246985297918473, "params": {"bus_acc": 2.5979, "bus_dcc": 2.7297, "bus_lcAssertive": 69.1679, "bus_lcCooperative": 0.0178, "bus_lcLookaheadLeft": 85.3085, "bus_lcPushy": 0.1983, "bus_lcSigma": 0.829, "bus_lcSpeedGainRight": 2.6652, "bus_lcSublane": 0.8424, "bus_sigma": 0.3464, "bus_tau_mean": 1.0397, "bus_tau_std": 8.9153, "bus_v_mean": 20.5427, "bus_v_std": 16.8697, "car_acc": 2.91, "car_dcc": 3.4359, "car_lcAssertive": 94.172, "car_lcCooperative": 0.2127, "car_lcLookaheadLeft": 49.0513, "car_lcPushy": 0.7932, "car_lcSigma": 0.8966, "car_lcSpeedGainRight": 0.7158, "car_lcSublane": 0.0817, "car_sigma": 0.684, "car_tau_mean": 1.3953, "car_tau_std": 4.5719, "car_v_mean": 20.1312, "car_v_std": 0.4419}, "datetime": {"datetime": "2024-08-10 14:16:43", "elapsed": 6053.244111, "delta": 8.884219}}
{"target": -0.2615373442815851, "params": {"bus_acc": 3.7661, "bus_dcc": 2.6407, "bus_lcAssertive": 3.7353, "bus_lcCooperative": 0.2985, "bus_lcLookaheadLeft": 86.9627, "bus_lcPushy": 0.4246, "bus_lcSigma": 0.8337, "bus_lcSpeedGainRight": 3.7406, "bus_lcSublane": 0.7013, "bus_sigma": 0.6785, "bus_tau_mean": 3.0459, "bus_tau_std": 7.5441, "bus_v_mean": 13.9819, "bus_v_std": 2.5443, "car_acc": 3.4509, "car_dcc": 1.5012, "car_lcAssertive": 2.4694, "car_lcCooperative": 0.1623, "car_lcLookaheadLeft": 29.0219, "car_lcPushy": 0.5181, "car_lcSigma": 0.8084, "car_lcSpeedGainRight": 0.8673, "car_lcSublane": 0.7024, "car_sigma": 0.2175, "car_tau_mean": 3.9497, "car_tau_std": 2.2221, "car_v_mean": 15.8586, "car_v_std": 17.969}, "datetime": {"datetime": "2024-08-10 14:16:47", "elapsed": 6057.852856, "delta": 4.608745}}
