{"target": -0.32918267711688415, "params": {"bus_acc": 0.4534, "bus_dcc": 0.5579, "bus_lcAssertive": 19.3124, "bus_lcCooperative": 0.9723, "bus_lcLookaheadLeft": 27.3472, "bus_lcPushy": 0.7513, "bus_lcSigma": 0.4794, "bus_lcSpeedGainRight": 1.6739, "bus_lcSublane": 0.456, "bus_sigma": 0.4952, "bus_tau_mean": 0.5316, "bus_tau_std": 10.0, "bus_v_mean": 18.5926, "bus_v_std": 12.4332, "car_acc": 2.6417, "car_dcc": 0.5647, "car_lcAssertive": 48.0769, "car_lcCooperative": 0.5399, "car_lcLookaheadLeft": 68.1478, "car_lcPushy": 0.5344, "car_lcSigma": 0.2532, "car_lcSpeedGainRight": 3.4968, "car_lcSublane": 0.5814, "car_sigma": 0.5459, "car_tau_mean": 3.8478, "car_tau_std": 4.8702, "car_v_mean": 19.2605, "car_v_std": 2.8686}, "datetime": {"datetime": "2024-08-10 12:48:29", "elapsed": 759.549539, "delta": 3.927624}}
{"target": -0.3176628041118958, "params": {"bus_acc": 3.614, "bus_dcc": 3.3965, "bus_lcAssertive": 44.4907, "bus_lcCooperative": 1.0, "bus_lcLookaheadLeft": 67.4586, "bus_lcPushy": 0.5723, "bus_lcSigma": 0.192, "bus_lcSpeedGainRight": 4.8063, "bus_lcSublane": 1.0, "bus_sigma": 0.2963, "bus_tau_mean": 4.0, "bus_tau_std": 9.0787, "bus_v_mean": 15.0034, "bus_v_std": 14.7277, "car_acc": 3.6083, "car_dcc": 0.4789, "car_lcAssertive": 89.0464, "car_lcCooperative": 0.1821, "car_lcLookaheadLeft": 86.3435, "car_lcPushy": 1.0, "car_lcSigma": 0.3356, "car_lcSpeedGainRight": 2.9154, "car_lcSublane": 1.0, "car_sigma": 1.0, "car_tau_mean": 3.3677, "car_tau_std": 7.3573, "car_v_mean": 26.0, "car_v_std": 12.8646}, "datetime": {"datetime": "2024-08-10 12:48:35", "elapsed": 766.007175, "delta": 6.457636}}
{"target": -0.5122671695496307, "params": {"bus_acc": 0.4519, "bus_dcc": 0.5563, "bus_lcAssertive": 19.3096, "bus_lcCooperative": 0.9723, "bus_lcLookaheadLeft": 27.3443, "bus_lcPushy": 0.7513, "bus_lcSigma": 0.4779, "bus_lcSpeedGainRight": 1.6711, "bus_lcSublane": 0.4545, "bus_sigma": 0.4937, "bus_tau_mean": 0.5316, "bus_tau_std": 10.0, "bus_v_mean": 18.5898, "bus_v_std": 12.4304, "car_acc": 2.6389, "car_dcc": 0.5632, "car_lcAssertive": 48.074, "car_lcCooperative": 0.5399, "car_lcLookaheadLeft": 68.1463, "car_lcPushy": 0.5344, "car_lcSigma": 0.2517, "car_lcSpeedGainRight": 3.494, "car_lcSublane": 0.5814, "car_sigma": 0.5459, "car_tau_mean": 3.845, "car_tau_std": 4.8674, "car_v_mean": 19.2577, "car_v_std": 2.8658}, "datetime": {"datetime": "2024-08-10 12:48:45", "elapsed": 775.447462, "delta": 9.440287}}
{"target": -0.28300424380733463, "params": {"bus_acc": 0.2, "bus_dcc": 0.2, "bus_lcAssertive": 58.4565, "bus_lcCooperative": 0.7231, "bus_lcLookaheadLeft": 52.445, "bus_lcPushy": 1.0, "bus_lcSigma": 0.0, "bus_lcSpeedGainRight": 0.0, "bus_lcSublane": 1.0, "bus_sigma": 0.553, "bus_tau_mean": 4.0, "bus_tau_std": 2.0412, "bus_v_mean": 13.7877, "bus_v_std": 20.0, "car_acc": 4.0, "car_dcc": 0.5546, "car_lcAssertive": 53.1946, "car_lcCooperative": 0.0, "car_lcLookaheadLeft": 93.9228, "car_lcPushy": 0.0, "car_lcSigma": 1.0, "car_lcSpeedGainRight": 4.9795, "car_lcSublane": 1.0, "car_sigma": 1.0, "car_tau_mean": 4.0, "car_tau_std": 0.0, "car_v_mean": 26.0, "car_v_std": 18.8887}, "datetime": {"datetime": "2024-08-10 12:48:51", "elapsed": 781.574939, "delta": 6.127477}}
{"target": -0.5897376009988243, "params": {"bus_acc": 1.394, "bus_dcc": 2.6386, "bus_lcAssertive": 6.0554, "bus_lcCooperative": 0.9655, "bus_lcLookaheadLeft": 44.292, "bus_lcPushy": 0.3798, "bus_lcSigma": 0.5398, "bus_lcSpeedGainRight": 0.5594, "bus_lcSublane": 0.1501, "bus_sigma": 0.8814, "bus_tau_mean": 2.8446, "bus_tau_std": 6.6601, "bus_v_mean": 22.1453, "bus_v_std": 3.0638, "car_acc": 3.6736, "car_dcc": 2.5053, "car_lcAssertive": 80.7734, "car_lcCooperative": 0.0567, "car_lcLookaheadLeft": 59.6999, "car_lcPushy": 0.7413, "car_lcSigma": 0.0326, "car_lcSpeedGainRight": 1.1041, "car_lcSublane": 0.5503, "car_sigma": 0.9449, "car_tau_mean": 1.9118, "car_tau_std": 3.6348, "car_v_mean": 25.2562, "car_v_std": 3.7204}, "datetime": {"datetime": "2024-08-10 12:48:56", "elapsed": 787.124374, "delta": 5.549435}}
{"target": -0.261513466668071, "params": {"bus_acc": 0.4484, "bus_dcc": 0.5528, "bus_lcAssertive": 19.3018, "bus_lcCooperative": 0.972, "bus_lcLookaheadLeft": 27.3365, "bus_lcPushy": 0.751, "bus_lcSigma": 0.4744, "bus_lcSpeedGainRight": 1.6633, "bus_lcSublane": 0.451, "bus_sigma": 0.4902, "bus_tau_mean": 0.5313, "bus_tau_std": 10.0, "bus_v_mean": 18.582, "bus_v_std": 12.4225, "car_acc": 2.631, "car_dcc": 0.5597, "car_lcAssertive": 48.0662, "car_lcCooperative": 0.5397, "car_lcLookaheadLeft": 68.1428, "car_lcPushy": 0.5342, "car_lcSigma": 0.2482, "car_lcSpeedGainRight": 3.4862, "car_lcSublane": 0.5812, "car_sigma": 0.5456, "car_tau_mean": 3.8371, "car_tau_std": 4.8595, "car_v_mean": 19.2498, "car_v_std": 2.8579}, "datetime": {"datetime": "2024-08-10 12:49:06", "elapsed": 796.391422, "delta": 9.267048}}
{"target": -0.26777974574723495, "params": {"bus_acc": 0.4531, "bus_dcc": 0.5575, "bus_lcAssertive": 19.3121, "bus_lcCooperative": 0.9723, "bus_lcLookaheadLeft": 27.3469, "bus_lcPushy": 0.7512, "bus_lcSigma": 0.479, "bus_lcSpeedGainRight": 1.6736, "bus_lcSublane": 0.4557, "bus_sigma": 0.4948, "bus_tau_mean": 0.5315, "bus_tau_std": 10.0, "bus_v_mean": 18.5923, "bus_v_std": 12.4329, "car_acc": 2.6414, "car_dcc": 0.5644, "car_lcAssertive": 48.0766, "car_lcCooperative": 0.5399, "car_lcLookaheadLeft": 68.1475, "car_lcPushy": 0.5344, "car_lcSigma": 0.2529, "car_lcSpeedGainRight": 3.4965, "car_lcSublane": 0.5814, "car_sigma": 0.5458, "car_tau_mean": 3.8475, "car_tau_std": 4.8699, "car_v_mean": 19.2602, "car_v_std": 2.8683}, "datetime": {"datetime": "2024-08-10 12:49:11", "elapsed": 801.195717, "delta": 4.804295}}
{"target": -0.27669935428118225, "params": {"bus_acc": 0.4471, "bus_dcc": 0.5515, "bus_lcAssertive": 19.2998, "bus_lcCooperative": 0.972, "bus_lcLookaheadLeft": 27.3345, "bus_lcPushy": 0.751, "bus_lcSigma": 0.4731, "bus_lcSpeedGainRight": 1.6613, "bus_lcSublane": 0.4497, "bus_sigma": 0.4889, "bus_tau_mean": 0.5313, "bus_tau_std": 10.0, "bus_v_mean": 18.58, "bus_v_std": 12.4205, "car_acc": 2.6291, "car_dcc": 0.5584, "car_lcAssertive": 48.0642, "car_lcCooperative": 0.5397, "car_lcLookaheadLeft": 68.1415, "car_lcPushy": 0.5342, "car_lcSigma": 0.2469, "car_lcSpeedGainRight": 3.4842, "car_lcSublane": 0.5812, "car_sigma": 0.5456, "car_tau_mean": 3.8352, "car_tau_std": 4.8576, "car_v_mean": 19.2479, "car_v_std": 2.8559}, "datetime": {"datetime": "2024-08-10 12:49:15", "elapsed": 805.652242, "delta": 4.456525}}
{"target": -0.27442768635958376, "params": {"bus_acc": 0.4487, "bus_dcc": 0.5532, "bus_lcAssertive": 19.3037, "bus_lcCooperative": 0.9725, "bus_lcLookaheadLeft": 27.3384, "bus_lcPushy": 0.7514, "bus_lcSigma": 0.4747, "bus_lcSpeedGainRight": 1.6652, "bus_lcSublane": 0.4513, "bus_sigma": 0.4905, "bus_tau_mean": 0.5317, "bus_tau_std": 10.0, "bus_v_mean": 18.5839, "bus_v_std": 12.4244, "car_acc": 2.633, "car_dcc": 0.5601, "car_lcAssertive": 48.0681, "car_lcCooperative": 0.5401, "car_lcLookaheadLeft": 68.1431, "car_lcPushy": 0.5346, "car_lcSigma": 0.2485, "car_lcSpeedGainRight": 3.4881, "car_lcSublane": 0.5816, "car_sigma": 0.546, "car_tau_mean": 3.8391, "car_tau_std": 4.8615, "car_v_mean": 19.2518, "car_v_std": 2.8598}, "datetime": {"datetime": "2024-08-10 12:49:23", "elapsed": 813.200573, "delta": 7.548331}}
{"target": -0.3481009472472907, "params": {"bus_acc": 0.454, "bus_dcc": 0.5584, "bus_lcAssertive": 19.3138, "bus_lcCooperative": 0.9725, "bus_lcLookaheadLeft": 27.3486, "bus_lcPushy": 0.7515, "bus_lcSigma": 0.48, "bus_lcSpeedGainRight": 1.6753, "bus_lcSublane": 0.4566, "bus_sigma": 0.4958, "bus_tau_mean": 0.5318, "bus_tau_std": 10.0, "bus_v_mean": 18.594, "bus_v_std": 12.4346, "car_acc": 2.6431, "car_dcc": 0.5653, "car_lcAssertive": 48.0783, "car_lcCooperative": 0.5401, "car_lcLookaheadLeft": 68.1484, "car_lcPushy": 0.5346, "car_lcSigma": 0.2538, "car_lcSpeedGainRight": 3.4982, "car_lcSublane": 0.5816, "car_sigma": 0.5461, "car_tau_mean": 3.8492, "car_tau_std": 4.8716, "car_v_mean": 19.2619, "car_v_std": 2.87}, "datetime": {"datetime": "2024-08-10 12:49:29", "elapsed": 819.266457, "delta": 6.065884}}
{"target": -0.29069336565222514, "params": {"bus_acc": 0.4479, "bus_dcc": 0.5523, "bus_lcAssertive": 19.3012, "bus_lcCooperative": 0.972, "bus_lcLookaheadLeft": 27.3359, "bus_lcPushy": 0.751, "bus_lcSigma": 0.4739, "bus_lcSpeedGainRight": 1.6627, "bus_lcSublane": 0.4505, "bus_sigma": 0.4897, "bus_tau_mean": 0.5313, "bus_tau_std": 10.0, "bus_v_mean": 18.5814, "bus_v_std": 12.4219, "car_acc": 2.6305, "car_dcc": 0.5592, "car_lcAssertive": 48.0656, "car_lcCooperative": 0.5397, "car_lcLookaheadLeft": 68.1423, "car_lcPushy": 0.5342, "car_lcSigma": 0.2477, "car_lcSpeedGainRight": 3.4856, "car_lcSublane": 0.5812, "car_sigma": 0.5456, "car_tau_mean": 3.8366, "car_tau_std": 4.859, "car_v_mean": 19.2493, "car_v_std": 2.8573}, "datetime": {"datetime": "2024-08-10 12:49:36", "elapsed": 826.46033, "delta": 7.193873}}
{"target": -0.30632685983406943, "params": {"bus_acc": 0.4539, "bus_dcc": 0.5583, "bus_lcAssertive": 19.3136, "bus_lcCooperative": 0.9725, "bus_lcLookaheadLeft": 27.3483, "bus_lcPushy": 0.7515, "bus_lcSigma": 0.4799, "bus_lcSpeedGainRight": 1.6751, "bus_lcSublane": 0.4565, "bus_sigma": 0.4957, "bus_tau_mean": 0.5318, "bus_tau_std": 10.0, "bus_v_mean": 18.5938, "bus_v_std": 12.4343, "car_acc": 2.6429, "car_dcc": 0.5652, "car_lcAssertive": 48.078, "car_lcCooperative": 0.5402, "car_lcLookaheadLeft": 68.1483, "car_lcPushy": 0.5347, "car_lcSigma": 0.2537, "car_lcSpeedGainRight": 3.498, "car_lcSublane": 0.5817, "car_sigma": 0.5461, "car_tau_mean": 3.849, "car_tau_std": 4.8713, "car_v_mean": 19.2617, "car_v_std": 2.8697}, "datetime": {"datetime": "2024-08-10 12:49:44", "elapsed": 834.667901, "delta": 8.207571}}
{"target": -0.31177925656926786, "params": {"bus_acc": 0.4519, "bus_dcc": 0.5564, "bus_lcAssertive": 19.3092, "bus_lcCooperative": 0.9725, "bus_lcLookaheadLeft": 27.3439, "bus_lcPushy": 0.7515, "bus_lcSigma": 0.4779, "bus_lcSpeedGainRight": 1.6707, "bus_lcSublane": 0.4545, "bus_sigma": 0.4937, "bus_tau_mean": 0.5318, "bus_tau_std": 10.0, "bus_v_mean": 18.5894, "bus_v_std": 12.4299, "car_acc": 2.6385, "car_dcc": 0.5633, "car_lcAssertive": 48.0736, "car_lcCooperative": 0.5402, "car_lcLookaheadLeft": 68.1463, "car_lcPushy": 0.5347, "car_lcSigma": 0.2517, "car_lcSpeedGainRight": 3.4936, "car_lcSublane": 0.5817, "car_sigma": 0.5461, "car_tau_mean": 3.8446, "car_tau_std": 4.867, "car_v_mean": 19.2573, "car_v_std": 2.8654}, "datetime": {"datetime": "2024-08-10 12:49:52", "elapsed": 842.358894, "delta": 7.690993}}
{"target": -0.3779086707063503, "params": {"bus_acc": 1.0694, "bus_dcc": 3.4371, "bus_lcAssertive": 7.3537, "bus_lcCooperative": 0.2995, "bus_lcLookaheadLeft": 37.0773, "bus_lcPushy": 0.5421, "bus_lcSigma": 0.2968, "bus_lcSpeedGainRight": 0.7676, "bus_lcSublane": 0.9503, "bus_sigma": 0.2864, "bus_tau_mean": 3.4791, "bus_tau_std": 7.6418, "bus_v_mean": 11.6227, "bus_v_std": 8.8727, "car_acc": 3.0995, "car_dcc": 3.5108, "car_lcAssertive": 80.2933, "car_lcCooperative": 0.869, "car_lcLookaheadLeft": 56.894, "car_lcPushy": 0.2436, "car_lcSigma": 0.962, "car_lcSpeedGainRight": 3.7818, "car_lcSublane": 0.2681, "car_sigma": 0.0677, "car_tau_mean": 3.655, "car_tau_std": 1.7012, "car_v_mean": 23.6375, "car_v_std": 3.7021}, "datetime": {"datetime": "2024-08-10 12:49:58", "elapsed": 848.219134, "delta": 5.86024}}
{"target": -0.519733625019792, "params": {"bus_acc": 2.8798, "bus_dcc": 0.516, "bus_lcAssertive": 79.9355, "bus_lcCooperative": 0.8844, "bus_lcLookaheadLeft": 78.187, "bus_lcPushy": 0.2582, "bus_lcSigma": 0.5132, "bus_lcSpeedGainRight": 3.4416, "bus_lcSublane": 0.6501, "bus_sigma": 0.627, "bus_tau_mean": 3.5749, "bus_tau_std": 4.4065, "bus_v_mean": 20.0957, "bus_v_std": 12.7818, "car_acc": 1.1926, "car_dcc": 2.8149, "car_lcAssertive": 43.1597, "car_lcCooperative": 0.9959, "car_lcLookaheadLeft": 94.8234, "car_lcPushy": 0.9141, "car_lcSigma": 0.0632, "car_lcSpeedGainRight": 1.5384, "car_lcSublane": 0.0144, "car_sigma": 0.4646, "car_tau_mean": 1.2285, "car_tau_std": 3.3342, "car_v_mean": 21.2827, "car_v_std": 1.6104}, "datetime": {"datetime": "2024-08-10 12:50:05", "elapsed": 855.293236, "delta": 7.074102}}
{"target": -0.33958259331855767, "params": {"bus_acc": 2.0782, "bus_dcc": 1.8194, "bus_lcAssertive": 37.298, "bus_lcCooperative": 0.9556, "bus_lcLookaheadLeft": 64.3015, "bus_lcPushy": 1.0, "bus_lcSigma": 0.0023, "bus_lcSpeedGainRight": 1.7158, "bus_lcSublane": 1.0, "bus_sigma": 0.7526, "bus_tau_mean": 4.0, "bus_tau_std": 2.5093, "bus_v_mean": 12.6683, "bus_v_std": 9.362, "car_acc": 4.0, "car_dcc": 1.7197, "car_lcAssertive": 100.0, "car_lcCooperative": 0.2199, "car_lcLookaheadLeft": 48.6069, "car_lcPushy": 0.2134, "car_lcSigma": 0.9257, "car_lcSpeedGainRight": 3.9643, "car_lcSublane": 0.5843, "car_sigma": 0.712, "car_tau_mean": 4.0, "car_tau_std": 4.6037, "car_v_mean": 26.0, "car_v_std": 10.9126}, "datetime": {"datetime": "2024-08-10 12:50:10", "elapsed": 860.767136, "delta": 5.4739}}
{"target": -0.2695908748222858, "params": {"bus_acc": 0.454, "bus_dcc": 0.5584, "bus_lcAssertive": 19.3128, "bus_lcCooperative": 0.9723, "bus_lcLookaheadLeft": 27.3475, "bus_lcPushy": 0.7513, "bus_lcSigma": 0.48, "bus_lcSpeedGainRight": 1.6743, "bus_lcSublane": 0.4566, "bus_sigma": 0.4958, "bus_tau_mean": 0.5316, "bus_tau_std": 10.0, "bus_v_mean": 18.593, "bus_v_std": 12.4335, "car_acc": 2.6421, "car_dcc": 0.5653, "car_lcAssertive": 48.0772, "car_lcCooperative": 0.5399, "car_lcLookaheadLeft": 68.1484, "car_lcPushy": 0.5344, "car_lcSigma": 0.2538, "car_lcSpeedGainRight": 3.4972, "car_lcSublane": 0.5814, "car_sigma": 0.5458, "car_tau_mean": 3.8482, "car_tau_std": 4.8706, "car_v_mean": 19.2609, "car_v_std": 2.869}, "datetime": {"datetime": "2024-08-10 12:50:15", "elapsed": 865.928505, "delta": 5.161369}}
{"target": -0.302167344736673, "params": {"bus_acc": 0.4518, "bus_dcc": 0.5562, "bus_lcAssertive": 19.3086, "bus_lcCooperative": 0.9725, "bus_lcLookaheadLeft": 27.3433, "bus_lcPushy": 0.7515, "bus_lcSigma": 0.4777, "bus_lcSpeedGainRight": 1.6701, "bus_lcSublane": 0.4544, "bus_sigma": 0.4935, "bus_tau_mean": 0.5318, "bus_tau_std": 10.0, "bus_v_mean": 18.5888, "bus_v_std": 12.4293, "car_acc": 2.6379, "car_dcc": 0.5631, "car_lcAssertive": 48.073, "car_lcCooperative": 0.5402, "car_lcLookaheadLeft": 68.1462, "car_lcPushy": 0.5347, "car_lcSigma": 0.2516, "car_lcSpeedGainRight": 3.493, "car_lcSublane": 0.5817, "car_sigma": 0.5461, "car_tau_mean": 3.844, "car_tau_std": 4.8663, "car_v_mean": 19.2567, "car_v_std": 2.8647}, "datetime": {"datetime": "2024-08-10 12:50:21", "elapsed": 871.842833, "delta": 5.914328}}
{"target": -0.3324643533301052, "params": {"bus_acc": 0.4519, "bus_dcc": 0.5564, "bus_lcAssertive": 19.3094, "bus_lcCooperative": 0.9728, "bus_lcLookaheadLeft": 27.3442, "bus_lcPushy": 0.7518, "bus_lcSigma": 0.4779, "bus_lcSpeedGainRight": 1.6709, "bus_lcSublane": 0.4545, "bus_sigma": 0.4937, "bus_tau_mean": 0.5321, "bus_tau_std": 10.0, "bus_v_mean": 18.5896, "bus_v_std": 12.4302, "car_acc": 2.6387, "car_dcc": 0.5632, "car_lcAssertive": 48.0739, "car_lcCooperative": 0.5405, "car_lcLookaheadLeft": 68.1463, "car_lcPushy": 0.5349, "car_lcSigma": 0.2517, "car_lcSpeedGainRight": 3.4938, "car_lcSublane": 0.582, "car_sigma": 0.5464, "car_tau_mean": 3.8448, "car_tau_std": 4.8672, "car_v_mean": 19.2575, "car_v_std": 2.8656}, "datetime": {"datetime": "2024-08-10 12:50:27", "elapsed": 877.539431, "delta": 5.696598}}
{"target": -0.2700459978959883, "params": {"bus_acc": 0.451, "bus_dcc": 0.5554, "bus_lcAssertive": 19.3077, "bus_lcCooperative": 0.9716, "bus_lcLookaheadLeft": 27.3425, "bus_lcPushy": 0.7506, "bus_lcSigma": 0.4769, "bus_lcSpeedGainRight": 1.6692, "bus_lcSublane": 0.4536, "bus_sigma": 0.4928, "bus_tau_mean": 0.5309, "bus_tau_std": 10.0, "bus_v_mean": 18.5879, "bus_v_std": 12.4285, "car_acc": 2.637, "car_dcc": 0.5623, "car_lcAssertive": 48.0722, "car_lcCooperative": 0.5392, "car_lcLookaheadLeft": 68.1454, "car_lcPushy": 0.5337, "car_lcSigma": 0.2508, "car_lcSpeedGainRight": 3.4921, "car_lcSublane": 0.5807, "car_sigma": 0.5451, "car_tau_mean": 3.8431, "car_tau_std": 4.8655, "car_v_mean": 19.2558, "car_v_std": 2.8639}, "datetime": {"datetime": "2024-08-10 12:50:31", "elapsed": 882.10054, "delta": 4.561109}}
{"target": -0.27605490671113725, "params": {"bus_acc": 0.4515, "bus_dcc": 0.5559, "bus_lcAssertive": 19.3077, "bus_lcCooperative": 0.9724, "bus_lcLookaheadLeft": 27.3425, "bus_lcPushy": 0.7514, "bus_lcSigma": 0.4775, "bus_lcSpeedGainRight": 1.6692, "bus_lcSublane": 0.4541, "bus_sigma": 0.4933, "bus_tau_mean": 0.5317, "bus_tau_std": 10.0, "bus_v_mean": 18.5879, "bus_v_std": 12.4285, "car_acc": 2.637, "car_dcc": 0.5628, "car_lcAssertive": 48.0722, "car_lcCooperative": 0.5401, "car_lcLookaheadLeft": 68.1459, "car_lcPushy": 0.5346, "car_lcSigma": 0.2513, "car_lcSpeedGainRight": 3.4921, "car_lcSublane": 0.5816, "car_sigma": 0.546, "car_tau_mean": 3.8431, "car_tau_std": 4.8655, "car_v_mean": 19.2558, "car_v_std": 2.8639}, "datetime": {"datetime": "2024-08-10 12:50:37", "elapsed": 887.889617, "delta": 5.789077}}
{"target": -0.27829765351086916, "params": {"bus_acc": 0.4547, "bus_dcc": 0.5591, "bus_lcAssertive": 19.3149, "bus_lcCooperative": 0.9718, "bus_lcLookaheadLeft": 27.3496, "bus_lcPushy": 0.7508, "bus_lcSigma": 0.4806, "bus_lcSpeedGainRight": 1.6764, "bus_lcSublane": 0.4573, "bus_sigma": 0.4965, "bus_tau_mean": 0.5311, "bus_tau_std": 10.0, "bus_v_mean": 18.5951, "bus_v_std": 12.4356, "car_acc": 2.6442, "car_dcc": 0.566, "car_lcAssertive": 48.0793, "car_lcCooperative": 0.5394, "car_lcLookaheadLeft": 68.1491, "car_lcPushy": 0.5339, "car_lcSigma": 0.2545, "car_lcSpeedGainRight": 3.4993, "car_lcSublane": 0.5809, "car_sigma": 0.5454, "car_tau_mean": 3.8503, "car_tau_std": 4.8727, "car_v_mean": 19.263, "car_v_std": 2.8711}, "datetime": {"datetime": "2024-08-10 12:50:44", "elapsed": 894.563071, "delta": 6.673454}}
{"target": -0.24997211712744452, "params": {"bus_acc": 0.4527, "bus_dcc": 0.5571, "bus_lcAssertive": 19.3109, "bus_lcCooperative": 0.9725, "bus_lcLookaheadLeft": 27.3456, "bus_lcPushy": 0.7515, "bus_lcSigma": 0.4786, "bus_lcSpeedGainRight": 1.6724, "bus_lcSublane": 0.4553, "bus_sigma": 0.4945, "bus_tau_mean": 0.5318, "bus_tau_std": 10.0, "bus_v_mean": 18.5911, "bus_v_std": 12.4317, "car_acc": 2.6402, "car_dcc": 0.564, "car_lcAssertive": 48.0753, "car_lcCooperative": 0.5401, "car_lcLookaheadLeft": 68.1471, "car_lcPushy": 0.5346, "car_lcSigma": 0.2525, "car_lcSpeedGainRight": 3.4953, "car_lcSublane": 0.5816, "car_sigma": 0.5461, "car_tau_mean": 3.8463, "car_tau_std": 4.8687, "car_v_mean": 19.259, "car_v_std": 2.8671}, "datetime": {"datetime": "2024-08-10 12:50:51", "elapsed": 901.250328, "delta": 6.687257}}
{"target": -0.3152817229426464, "params": {"bus_acc": 0.8206, "bus_dcc": 1.6115, "bus_lcAssertive": 83.7423, "bus_lcCooperative": 0.1885, "bus_lcLookaheadLeft": 69.7071, "bus_lcPushy": 0.8313, "bus_lcSigma": 0.4463, "bus_lcSpeedGainRight": 3.5355, "bus_lcSublane": 0.761, "bus_sigma": 0.7378, "bus_tau_mean": 0.7332, "bus_tau_std": 2.0434, "bus_v_mean": 20.1571, "bus_v_std": 13.3171, "car_acc": 2.7227, "car_dcc": 0.9538, "car_lcAssertive": 27.0438, "car_lcCooperative": 0.5517, "car_lcLookaheadLeft": 66.1282, "car_lcPushy": 0.3155, "car_lcSigma": 0.7041, "car_lcSpeedGainRight": 3.2643, "car_lcSublane": 0.6875, "car_sigma": 0.2039, "car_tau_mean": 0.6748, "car_tau_std": 4.939, "car_v_mean": 24.8787, "car_v_std": 11.6741}, "datetime": {"datetime": "2024-08-10 12:50:55", "elapsed": 905.821426, "delta": 4.571098}}
{"target": -0.3913931678428928, "params": {"bus_acc": 2.3421, "bus_dcc": 0.4192, "bus_lcAssertive": 62.9065, "bus_lcCooperative": 0.5883, "bus_lcLookaheadLeft": 45.2573, "bus_lcPushy": 0.3642, "bus_lcSigma": 0.7241, "bus_lcSpeedGainRight": 0.3933, "bus_lcSublane": 0.4851, "bus_sigma": 0.3297, "bus_tau_mean": 3.0682, "bus_tau_std": 0.7958, "bus_v_mean": 16.4152, "bus_v_std": 9.1718, "car_acc": 2.3089, "car_dcc": 0.9159, "car_lcAssertive": 76.7355, "car_lcCooperative": 0.1421, "car_lcLookaheadLeft": 67.2895, "car_lcPushy": 0.7365, "car_lcSigma": 0.1059, "car_lcSpeedGainRight": 3.3958, "car_lcSublane": 0.4901, "car_sigma": 0.9385, "car_tau_mean": 2.8826, "car_tau_std": 2.6967, "car_v_mean": 23.8312, "car_v_std": 3.0676}, "datetime": {"datetime": "2024-08-10 12:51:01", "elapsed": 911.557641, "delta": 5.736215}}
{"target": -0.3899519836318559, "params": {"bus_acc": 0.2, "bus_dcc": 2.4074, "bus_lcAssertive": 22.2176, "bus_lcCooperative": 1.0, "bus_lcLookaheadLeft": 25.281, "bus_lcPushy": 0.6277, "bus_lcSigma": 0.0294, "bus_lcSpeedGainRight": 0.233, "bus_lcSublane": 0.9991, "bus_sigma": 0.5482, "bus_tau_mean": 1.4143, "bus_tau_std": 5.6528, "bus_v_mean": 14.3804, "bus_v_std": 6.9771, "car_acc": 3.7548, "car_dcc": 0.2, "car_lcAssertive": 76.8101, "car_lcCooperative": 0.6982, "car_lcLookaheadLeft": 64.0041, "car_lcPushy": 0.8635, "car_lcSigma": 0.0225, "car_lcSpeedGainRight": 2.3834, "car_lcSublane": 0.8927, "car_sigma": 0.7926, "car_tau_mean": 3.6071, "car_tau_std": 4.9016, "car_v_mean": 21.7751, "car_v_std": 20.0}, "datetime": {"datetime": "2024-08-10 12:51:08", "elapsed": 918.626854, "delta": 7.069213}}
{"target": -0.35474531009872545, "params": {"bus_acc": 0.4693, "bus_dcc": 2.527, "bus_lcAssertive": 84.4567, "bus_lcCooperative": 0.19, "bus_lcLookaheadLeft": 68.9289, "bus_lcPushy": 0.6018, "bus_lcSigma": 0.556, "bus_lcSpeedGainRight": 4.1488, "bus_lcSublane": 0.4738, "bus_sigma": 0.3238, "bus_tau_mean": 1.7473, "bus_tau_std": 7.8964, "bus_v_mean": 20.6266, "bus_v_std": 13.4508, "car_acc": 2.3599, "car_dcc": 1.707, "car_lcAssertive": 29.6089, "car_lcCooperative": 0.607, "car_lcLookaheadLeft": 67.1782, "car_lcPushy": 0.4181, "car_lcSigma": 0.8506, "car_lcSpeedGainRight": 1.7527, "car_lcSublane": 0.4849, "car_sigma": 0.4549, "car_tau_mean": 2.5, "car_tau_std": 3.6227, "car_v_mean": 21.183, "car_v_std": 6.9164}, "datetime": {"datetime": "2024-08-10 12:51:14", "elapsed": 924.946891, "delta": 6.320037}}
