{"target": -0.4583894178717147, "params": {"bus_acc": 3.823, "bus_dcc": 0.9446, "bus_lcAssertive": 63.5044, "bus_lcCooperative": 0.0117, "bus_lcLookaheadLeft": 17.2205, "bus_lcPushy": 0.4119, "bus_lcSigma": 0.7201, "bus_lcSpeedGainRight": 3.4426, "bus_lcSublane": 0.1391, "bus_sigma": 0.4955, "bus_tau_mean": 3.853, "bus_tau_std": 6.1843, "bus_v_mean": 19.2142, "bus_v_std": 16.4897, "car_acc": 3.0874, "car_dcc": 0.9852, "car_lcAssertive": 77.6864, "car_lcCooperative": 0.3393, "car_lcLookaheadLeft": 77.7238, "car_lcPushy": 0.782, "car_lcSigma": 0.4584, "car_lcSpeedGainRight": 4.3992, "car_lcSublane": 0.8686, "car_sigma": 0.1822, "car_tau_mean": 3.2055, "car_tau_std": 3.034, "car_v_mean": 25.4262, "car_v_std": 4.1257}, "datetime": {"datetime": "2024-08-10 13:29:06", "elapsed": 3196.820083, "delta": 5.647032}}
{"target": -0.33468494118511277, "params": {"bus_acc": 1.8629, "bus_dcc": 1.9877, "bus_lcAssertive": 79.727, "bus_lcCooperative": 0.1795, "bus_lcLookaheadLeft": 41.5941, "bus_lcPushy": 0.9211, "bus_lcSigma": 0.9562, "bus_lcSpeedGainRight": 2.4957, "bus_lcSublane": 0.2008, "bus_sigma": 0.9044, "bus_tau_mean": 1.0843, "bus_tau_std": 9.3522, "bus_v_mean": 21.0603, "bus_v_std": 17.2813, "car_acc": 3.4763, "car_dcc": 2.5595, "car_lcAssertive": 37.697, "car_lcCooperative": 0.5802, "car_lcLookaheadLeft": 94.5684, "car_lcPushy": 0.3823, "car_lcSigma": 0.7107, "car_lcSpeedGainRight": 1.9985, "car_lcSublane": 0.9812, "car_sigma": 0.2686, "car_tau_mean": 2.8372, "car_tau_std": 4.9321, "car_v_mean": 13.0323, "car_v_std": 18.3108}, "datetime": {"datetime": "2024-08-10 13:29:11", "elapsed": 3202.101787, "delta": 5.281704}}
{"target": -0.32967321293216395, "params": {"bus_acc": 2.0252, "bus_dcc": 3.4299, "bus_lcAssertive": 25.1853, "bus_lcCooperative": 0.5007, "bus_lcLookaheadLeft": 56.4596, "bus_lcPushy": 0.2945, "bus_lcSigma": 0.712, "bus_lcSpeedGainRight": 1.9753, "bus_lcSublane": 0.822, "bus_sigma": 0.5022, "bus_tau_mean": 0.6262, "bus_tau_std": 7.8909, "bus_v_mean": 18.6131, "bus_v_std": 7.6015, "car_acc": 3.432, "car_dcc": 3.0636, "car_lcAssertive": 50.5356, "car_lcCooperative": 0.0494, "car_lcLookaheadLeft": 35.0769, "car_lcPushy": 0.2725, "car_lcSigma": 0.5941, "car_lcSpeedGainRight": 0.5502, "car_lcSublane": 0.2929, "car_sigma": 0.1692, "car_tau_mean": 1.6214, "car_tau_std": 4.5656, "car_v_mean": 19.0023, "car_v_std": 9.4012}, "datetime": {"datetime": "2024-08-10 13:29:16", "elapsed": 3206.553395, "delta": 4.451608}}
{"target": -0.5099765533896911, "params": {"bus_acc": 3.6871, "bus_dcc": 1.2149, "bus_lcAssertive": 8.9062, "bus_lcCooperative": 0.4869, "bus_lcLookaheadLeft": 3.8443, "bus_lcPushy": 0.2185, "bus_lcSigma": 0.3503, "bus_lcSpeedGainRight": 1.7605, "bus_lcSublane": 0.3053, "bus_sigma": 0.2248, "bus_tau_mean": 2.9909, "bus_tau_std": 0.5961, "bus_v_mean": 9.6295, "bus_v_std": 12.9067, "car_acc": 0.3783, "car_dcc": 0.731, "car_lcAssertive": 32.7434, "car_lcCooperative": 0.0458, "car_lcLookaheadLeft": 68.8049, "car_lcPushy": 0.942, "car_lcSigma": 0.7235, "car_lcSpeedGainRight": 0.1151, "car_lcSublane": 0.0577, "car_sigma": 0.0687, "car_tau_mean": 0.8761, "car_tau_std": 8.1553, "car_v_mean": 13.549, "car_v_std": 11.8945}, "datetime": {"datetime": "2024-08-10 13:29:19", "elapsed": 3210.073607, "delta": 3.520212}}
{"target": -0.2688545441474626, "params": {"bus_acc": 1.6566, "bus_dcc": 1.5448, "bus_lcAssertive": 7.6317, "bus_lcCooperative": 0.8623, "bus_lcLookaheadLeft": 18.3692, "bus_lcPushy": 0.1755, "bus_lcSigma": 0.4486, "bus_lcSpeedGainRight": 2.3438, "bus_lcSublane": 0.21, "bus_sigma": 0.6676, "bus_tau_mean": 0.5141, "bus_tau_std": 4.5222, "bus_v_mean": 18.4465, "bus_v_std": 8.9712, "car_acc": 1.3045, "car_dcc": 0.9301, "car_lcAssertive": 10.8645, "car_lcCooperative": 0.1922, "car_lcLookaheadLeft": 52.3673, "car_lcPushy": 0.2127, "car_lcSigma": 0.9784, "car_lcSpeedGainRight": 1.8111, "car_lcSublane": 0.6067, "car_sigma": 0.5917, "car_tau_mean": 3.2758, "car_tau_std": 1.0232, "car_v_mean": 12.8223, "car_v_std": 0.2665}, "datetime": {"datetime": "2024-08-10 13:29:25", "elapsed": 3215.240416, "delta": 5.166809}}
{"target": -0.29847353384256164, "params": {"bus_acc": 2.5936, "bus_dcc": 3.7687, "bus_lcAssertive": 44.5856, "bus_lcCooperative": 0.5792, "bus_lcLookaheadLeft": 28.2782, "bus_lcPushy": 0.5523, "bus_lcSigma": 0.9867, "bus_lcSpeedGainRight": 0.8633, "bus_lcSublane": 0.1704, "bus_sigma": 0.9137, "bus_tau_mean": 1.8636, "bus_tau_std": 5.628, "bus_v_mean": 12.1902, "bus_v_std": 5.042, "car_acc": 1.3722, "car_dcc": 0.7201, "car_lcAssertive": 9.7854, "car_lcCooperative": 0.0436, "car_lcLookaheadLeft": 58.3205, "car_lcPushy": 0.4952, "car_lcSigma": 0.3501, "car_lcSpeedGainRight": 2.4822, "car_lcSublane": 0.8728, "car_sigma": 0.1244, "car_tau_mean": 1.8937, "car_tau_std": 4.684, "car_v_mean": 19.267, "car_v_std": 7.0882}, "datetime": {"datetime": "2024-08-10 13:29:31", "elapsed": 3221.720959, "delta": 6.480543}}
{"target": -0.35705860298372066, "params": {"bus_acc": 2.8183, "bus_dcc": 0.9654, "bus_lcAssertive": 34.3074, "bus_lcCooperative": 0.8617, "bus_lcLookaheadLeft": 32.3454, "bus_lcPushy": 0.2837, "bus_lcSigma": 0.5543, "bus_lcSpeedGainRight": 3.3725, "bus_lcSublane": 0.0921, "bus_sigma": 0.8876, "bus_tau_mean": 1.3323, "bus_tau_std": 1.4782, "bus_v_mean": 16.2068, "bus_v_std": 11.6128, "car_acc": 1.6759, "car_dcc": 3.492, "car_lcAssertive": 54.7716, "car_lcCooperative": 0.4251, "car_lcLookaheadLeft": 96.9515, "car_lcPushy": 0.2015, "car_lcSigma": 0.7775, "car_lcSpeedGainRight": 2.8525, "car_lcSublane": 0.6615, "car_sigma": 0.0077, "car_tau_mean": 3.8858, "car_tau_std": 0.3798, "car_v_mean": 13.5472, "car_v_std": 9.7536}, "datetime": {"datetime": "2024-08-10 13:29:34", "elapsed": 3224.530742, "delta": 2.809783}}
{"target": -0.3801809758647667, "params": {"bus_acc": 3.1219, "bus_dcc": 2.1381, "bus_lcAssertive": 36.9446, "bus_lcCooperative": 0.7086, "bus_lcLookaheadLeft": 84.3488, "bus_lcPushy": 0.2223, "bus_lcSigma": 0.2785, "bus_lcSpeedGainRight": 0.8348, "bus_lcSublane": 0.0406, "bus_sigma": 0.0891, "bus_tau_mean": 2.3296, "bus_tau_std": 5.6653, "bus_v_mean": 25.9033, "bus_v_std": 1.6063, "car_acc": 3.2798, "car_dcc": 1.626, "car_lcAssertive": 90.8183, "car_lcCooperative": 0.0878, "car_lcLookaheadLeft": 78.4075, "car_lcPushy": 0.232, "car_lcSigma": 0.8008, "car_lcSpeedGainRight": 4.9704, "car_lcSublane": 0.5471, "car_sigma": 0.3817, "car_tau_mean": 1.8286, "car_tau_std": 9.6319, "car_v_mean": 9.7695, "car_v_std": 16.9849}, "datetime": {"datetime": "2024-08-10 13:29:39", "elapsed": 3229.523408, "delta": 4.992666}}
{"target": -0.32661916089475246, "params": {"bus_acc": 0.5542, "bus_dcc": 2.4412, "bus_lcAssertive": 36.0137, "bus_lcCooperative": 0.0721, "bus_lcLookaheadLeft": 16.7255, "bus_lcPushy": 0.61, "bus_lcSigma": 0.1225, "bus_lcSpeedGainRight": 2.3078, "bus_lcSublane": 0.9548, "bus_sigma": 0.7856, "bus_tau_mean": 2.7206, "bus_tau_std": 4.7494, "bus_v_mean": 22.7386, "bus_v_std": 17.2828, "car_acc": 3.9978, "car_dcc": 3.1267, "car_lcAssertive": 79.6141, "car_lcCooperative": 0.5562, "car_lcLookaheadLeft": 21.0536, "car_lcPushy": 0.6722, "car_lcSigma": 0.6791, "car_lcSpeedGainRight": 1.3934, "car_lcSublane": 0.2323, "car_sigma": 0.8512, "car_tau_mean": 1.3467, "car_tau_std": 0.4621, "car_v_mean": 23.2947, "car_v_std": 7.0853}, "datetime": {"datetime": "2024-08-10 13:29:49", "elapsed": 3239.146039, "delta": 9.622631}}
{"target": -0.30711584391055496, "params": {"bus_acc": 2.1673, "bus_dcc": 0.3075, "bus_lcAssertive": 28.2214, "bus_lcCooperative": 0.0314, "bus_lcLookaheadLeft": 81.8177, "bus_lcPushy": 0.8594, "bus_lcSigma": 0.3768, "bus_lcSpeedGainRight": 1.6131, "bus_lcSublane": 0.7429, "bus_sigma": 0.4533, "bus_tau_mean": 3.7987, "bus_tau_std": 0.5563, "bus_v_mean": 17.1843, "bus_v_std": 1.9058, "car_acc": 1.7413, "car_dcc": 1.0367, "car_lcAssertive": 32.0803, "car_lcCooperative": 0.0846, "car_lcLookaheadLeft": 96.6071, "car_lcPushy": 0.1764, "car_lcSigma": 0.1459, "car_lcSpeedGainRight": 1.0392, "car_lcSublane": 0.6967, "car_sigma": 0.7983, "car_tau_mean": 1.8288, "car_tau_std": 9.8397, "car_v_mean": 17.2654, "car_v_std": 10.5835}, "datetime": {"datetime": "2024-08-10 13:29:53", "elapsed": 3243.485235, "delta": 4.339196}}
{"target": -0.3825355999303213, "params": {"bus_acc": 1.083, "bus_dcc": 1.901, "bus_lcAssertive": 54.9419, "bus_lcCooperative": 0.2402, "bus_lcLookaheadLeft": 64.1816, "bus_lcPushy": 0.6529, "bus_lcSigma": 0.4658, "bus_lcSpeedGainRight": 3.3267, "bus_lcSublane": 0.1952, "bus_sigma": 0.8071, "bus_tau_mean": 1.3718, "bus_tau_std": 9.9781, "bus_v_mean": 9.6048, "bus_v_std": 19.2155, "car_acc": 1.5411, "car_dcc": 3.7974, "car_lcAssertive": 88.6454, "car_lcCooperative": 0.4371, "car_lcLookaheadLeft": 72.8163, "car_lcPushy": 0.0338, "car_lcSigma": 0.5712, "car_lcSpeedGainRight": 2.4423, "car_lcSublane": 0.1955, "car_sigma": 0.7551, "car_tau_mean": 3.5382, "car_tau_std": 1.199, "car_v_mean": 9.0076, "car_v_std": 15.7411}, "datetime": {"datetime": "2024-08-10 13:30:00", "elapsed": 3250.637506, "delta": 7.152271}}
{"target": -0.3500881821451476, "params": {"bus_acc": 2.1202, "bus_dcc": 1.7078, "bus_lcAssertive": 6.1655, "bus_lcCooperative": 0.7591, "bus_lcLookaheadLeft": 2.0688, "bus_lcPushy": 0.3157, "bus_lcSigma": 0.6679, "bus_lcSpeedGainRight": 2.2044, "bus_lcSublane": 0.1679, "bus_sigma": 0.8861, "bus_tau_mean": 3.5529, "bus_tau_std": 2.5722, "bus_v_mean": 15.9202, "bus_v_std": 0.6348, "car_acc": 2.6216, "car_dcc": 1.9101, "car_lcAssertive": 67.8599, "car_lcCooperative": 0.6991, "car_lcLookaheadLeft": 15.2129, "car_lcPushy": 0.4054, "car_lcSigma": 0.0571, "car_lcSpeedGainRight": 3.3, "car_lcSublane": 0.2484, "car_sigma": 0.6974, "car_tau_mean": 2.2924, "car_tau_std": 6.4349, "car_v_mean": 19.9355, "car_v_std": 5.3671}, "datetime": {"datetime": "2024-08-10 13:30:09", "elapsed": 3259.786421, "delta": 9.148915}}
{"target": -0.30413140866627725, "params": {"bus_acc": 1.0752, "bus_dcc": 1.3606, "bus_lcAssertive": 54.2706, "bus_lcCooperative": 0.0634, "bus_lcLookaheadLeft": 54.5615, "bus_lcPushy": 0.569, "bus_lcSigma": 0.4286, "bus_lcSpeedGainRight": 4.7669, "bus_lcSublane": 0.0426, "bus_sigma": 0.8772, "bus_tau_mean": 2.7932, "bus_tau_std": 8.6373, "bus_v_mean": 19.7781, "bus_v_std": 19.2424, "car_acc": 1.9318, "car_dcc": 1.8292, "car_lcAssertive": 29.535, "car_lcCooperative": 0.1058, "car_lcLookaheadLeft": 8.8387, "car_lcPushy": 0.0782, "car_lcSigma": 0.3806, "car_lcSpeedGainRight": 2.9223, "car_lcSublane": 0.5782, "car_sigma": 0.3418, "car_tau_mean": 2.1576, "car_tau_std": 8.2607, "car_v_mean": 13.3415, "car_v_std": 12.2849}, "datetime": {"datetime": "2024-08-10 13:30:17", "elapsed": 3267.144115, "delta": 7.357694}}
{"target": -0.34129648429456066, "params": {"bus_acc": 3.3727, "bus_dcc": 1.9887, "bus_lcAssertive": 39.2946, "bus_lcCooperative": 0.2839, "bus_lcLookaheadLeft": 61.128, "bus_lcPushy": 0.863, "bus_lcSigma": 0.2079, "bus_lcSpeedGainRight": 3.5774, "bus_lcSublane": 0.964, "bus_sigma": 0.4674, "bus_tau_mean": 0.904, "bus_tau_std": 0.5998, "bus_v_mean": 12.2986, "bus_v_std": 4.2172, "car_acc": 2.866, "car_dcc": 1.2536, "car_lcAssertive": 54.3251, "car_lcCooperative": 0.6914, "car_lcLookaheadLeft": 49.0451, "car_lcPushy": 0.443, "car_lcSigma": 0.1021, "car_lcSpeedGainRight": 4.0819, "car_lcSublane": 0.6972, "car_sigma": 0.4999, "car_tau_mean": 2.0845, "car_tau_std": 3.621, "car_v_mean": 13.0417, "car_v_std": 6.9473}, "datetime": {"datetime": "2024-08-10 13:30:26", "elapsed": 3276.564738, "delta": 9.420623}}
{"target": -0.4990637452969297, "params": {"bus_acc": 3.6994, "bus_dcc": 3.3665, "bus_lcAssertive": 22.6348, "bus_lcCooperative": 0.878, "bus_lcLookaheadLeft": 88.6734, "bus_lcPushy": 0.1226, "bus_lcSigma": 0.7514, "bus_lcSpeedGainRight": 2.0783, "bus_lcSublane": 0.0138, "bus_sigma": 0.1742, "bus_tau_mean": 1.051, "bus_tau_std": 2.7198, "bus_v_mean": 14.0263, "bus_v_std": 5.0018, "car_acc": 0.4862, "car_dcc": 1.6829, "car_lcAssertive": 80.187, "car_lcCooperative": 0.7892, "car_lcLookaheadLeft": 50.4445, "car_lcPushy": 0.7361, "car_lcSigma": 0.2146, "car_lcSpeedGainRight": 4.6243, "car_lcSublane": 0.9215, "car_sigma": 0.7989, "car_tau_mean": 2.4576, "car_tau_std": 5.8438, "car_v_mean": 15.3717, "car_v_std": 1.3337}, "datetime": {"datetime": "2024-08-10 13:30:30", "elapsed": 3280.60509, "delta": 4.040352}}
{"target": -0.8154990854479508, "params": {"bus_acc": 2.627, "bus_dcc": 2.5638, "bus_lcAssertive": 17.7171, "bus_lcCooperative": 0.7267, "bus_lcLookaheadLeft": 45.429, "bus_lcPushy": 0.8262, "bus_lcSigma": 0.4238, "bus_lcSpeedGainRight": 0.013, "bus_lcSublane": 0.8556, "bus_sigma": 0.834, "bus_tau_mean": 2.8888, "bus_tau_std": 2.0758, "bus_v_mean": 14.8421, "bus_v_std": 2.1532, "car_acc": 0.3024, "car_dcc": 3.4701, "car_lcAssertive": 10.4265, "car_lcCooperative": 0.6856, "car_lcLookaheadLeft": 10.5172, "car_lcPushy": 0.4101, "car_lcSigma": 0.6176, "car_lcSpeedGainRight": 3.2341, "car_lcSublane": 0.3015, "car_sigma": 0.9896, "car_tau_mean": 3.1802, "car_tau_std": 0.1283, "car_v_mean": 8.0636, "car_v_std": 16.6675}, "datetime": {"datetime": "2024-08-10 13:30:33", "elapsed": 3283.648997, "delta": 3.043907}}
{"target": -0.3453770253556496, "params": {"bus_acc": 2.0536, "bus_dcc": 2.1789, "bus_lcAssertive": 33.4708, "bus_lcCooperative": 0.6459, "bus_lcLookaheadLeft": 44.7613, "bus_lcPushy": 0.7741, "bus_lcSigma": 0.8151, "bus_lcSpeedGainRight": 0.482, "bus_lcSublane": 0.3059, "bus_sigma": 0.1261, "bus_tau_mean": 2.2939, "bus_tau_std": 5.879, "bus_v_mean": 23.4418, "bus_v_std": 5.1261, "car_acc": 1.8723, "car_dcc": 2.2155, "car_lcAssertive": 24.7536, "car_lcCooperative": 0.2396, "car_lcLookaheadLeft": 24.8117, "car_lcPushy": 0.2466, "car_lcSigma": 0.7242, "car_lcSpeedGainRight": 2.789, "car_lcSublane": 0.5822, "car_sigma": 0.0136, "car_tau_mean": 3.9754, "car_tau_std": 9.3548, "car_v_mean": 12.6518, "car_v_std": 6.5493}, "datetime": {"datetime": "2024-08-10 13:30:43", "elapsed": 3293.625002, "delta": 9.976005}}
{"target": -0.37078329383485104, "params": {"bus_acc": 0.6917, "bus_dcc": 1.0436, "bus_lcAssertive": 43.0076, "bus_lcCooperative": 0.1849, "bus_lcLookaheadLeft": 75.4881, "bus_lcPushy": 0.5373, "bus_lcSigma": 0.9018, "bus_lcSpeedGainRight": 3.394, "bus_lcSublane": 0.2937, "bus_sigma": 0.1729, "bus_tau_mean": 0.8538, "bus_tau_std": 0.4904, "bus_v_mean": 15.918, "bus_v_std": 0.3166, "car_acc": 1.9824, "car_dcc": 3.1167, "car_lcAssertive": 14.105, "car_lcCooperative": 0.4957, "car_lcLookaheadLeft": 79.911, "car_lcPushy": 0.4565, "car_lcSigma": 0.2205, "car_lcSpeedGainRight": 0.9443, "car_lcSublane": 0.8696, "car_sigma": 0.289, "car_tau_mean": 1.9151, "car_tau_std": 2.0039, "car_v_mean": 24.6956, "car_v_std": 5.4192}, "datetime": {"datetime": "2024-08-10 13:30:48", "elapsed": 3298.350053, "delta": 4.725051}}
{"target": -0.5033002692832368, "params": {"bus_acc": 1.817, "bus_dcc": 2.0116, "bus_lcAssertive": 79.5032, "bus_lcCooperative": 0.5578, "bus_lcLookaheadLeft": 13.8297, "bus_lcPushy": 0.1599, "bus_lcSigma": 0.1077, "bus_lcSpeedGainRight": 1.6334, "bus_lcSublane": 0.2531, "bus_sigma": 0.9752, "bus_tau_mean": 2.4248, "bus_tau_std": 4.8911, "bus_v_mean": 19.0401, "bus_v_std": 2.267, "car_acc": 0.8607, "car_dcc": 3.3721, "car_lcAssertive": 24.5704, "car_lcCooperative": 0.1323, "car_lcLookaheadLeft": 93.5171, "car_lcPushy": 0.5614, "car_lcSigma": 0.9943, "car_lcSpeedGainRight": 3.8149, "car_lcSublane": 0.8083, "car_sigma": 0.6727, "car_tau_mean": 1.9938, "car_tau_std": 3.4439, "car_v_mean": 13.8121, "car_v_std": 15.9027}, "datetime": {"datetime": "2024-08-10 13:30:52", "elapsed": 3302.711291, "delta": 4.361238}}
{"target": -0.3455998249346666, "params": {"bus_acc": 0.7146, "bus_dcc": 2.988, "bus_lcAssertive": 18.14, "bus_lcCooperative": 0.015, "bus_lcLookaheadLeft": 94.8464, "bus_lcPushy": 0.0767, "bus_lcSigma": 0.3317, "bus_lcSpeedGainRight": 1.3726, "bus_lcSublane": 0.0816, "bus_sigma": 0.7716, "bus_tau_mean": 1.7492, "bus_tau_std": 6.601, "bus_v_mean": 11.3985, "bus_v_std": 16.5189, "car_acc": 0.5993, "car_dcc": 2.9474, "car_lcAssertive": 34.3986, "car_lcCooperative": 0.7939, "car_lcLookaheadLeft": 99.9173, "car_lcPushy": 0.4146, "car_lcSigma": 0.7268, "car_lcSpeedGainRight": 1.5558, "car_lcSublane": 0.3003, "car_sigma": 0.4106, "car_tau_mean": 2.482, "car_tau_std": 3.499, "car_v_mean": 19.7181, "car_v_std": 4.2185}, "datetime": {"datetime": "2024-08-10 13:30:56", "elapsed": 3306.161233, "delta": 3.449942}}
{"target": -0.377163127263793, "params": {"bus_acc": 3.762, "bus_dcc": 0.7348, "bus_lcAssertive": 72.9224, "bus_lcCooperative": 0.5983, "bus_lcLookaheadLeft": 73.8042, "bus_lcPushy": 0.1557, "bus_lcSigma": 0.8898, "bus_lcSpeedGainRight": 3.499, "bus_lcSublane": 0.9447, "bus_sigma": 0.5169, "bus_tau_mean": 2.5039, "bus_tau_std": 6.8985, "bus_v_mean": 24.1951, "bus_v_std": 16.2853, "car_acc": 1.2239, "car_dcc": 1.4571, "car_lcAssertive": 17.4788, "car_lcCooperative": 0.5415, "car_lcLookaheadLeft": 23.1672, "car_lcPushy": 0.3231, "car_lcSigma": 0.817, "car_lcSpeedGainRight": 4.896, "car_lcSublane": 0.5666, "car_sigma": 0.6263, "car_tau_mean": 3.3931, "car_tau_std": 8.0268, "car_v_mean": 8.5497, "car_v_std": 14.3432}, "datetime": {"datetime": "2024-08-10 13:30:59", "elapsed": 3309.949548, "delta": 3.788315}}
{"target": -0.3640907938296012, "params": {"bus_acc": 1.4591, "bus_dcc": 2.3808, "bus_lcAssertive": 44.6782, "bus_lcCooperative": 0.8609, "bus_lcLookaheadLeft": 80.4526, "bus_lcPushy": 0.4831, "bus_lcSigma": 0.1131, "bus_lcSpeedGainRight": 4.4479, "bus_lcSublane": 0.8975, "bus_sigma": 0.6276, "bus_tau_mean": 1.2717, "bus_tau_std": 6.0746, "bus_v_mean": 12.6874, "bus_v_std": 4.878, "car_acc": 2.0482, "car_dcc": 3.3185, "car_lcAssertive": 61.7713, "car_lcCooperative": 0.6831, "car_lcLookaheadLeft": 80.2534, "car_lcPushy": 0.157, "car_lcSigma": 0.4413, "car_lcSpeedGainRight": 0.1416, "car_lcSublane": 0.8542, "car_sigma": 0.1323, "car_tau_mean": 3.8269, "car_tau_std": 9.6699, "car_v_mean": 20.6229, "car_v_std": 0.1287}, "datetime": {"datetime": "2024-08-10 13:31:03", "elapsed": 3313.71221, "delta": 3.762662}}
{"target": -0.29090820553642466, "params": {"bus_acc": 0.7074, "bus_dcc": 3.7237, "bus_lcAssertive": 84.6938, "bus_lcCooperative": 0.9171, "bus_lcLookaheadLeft": 52.2704, "bus_lcPushy": 0.258, "bus_lcSigma": 0.7992, "bus_lcSpeedGainRight": 0.9292, "bus_lcSublane": 0.0398, "bus_sigma": 0.3597, "bus_tau_mean": 0.8251, "bus_tau_std": 2.0326, "bus_v_mean": 8.8835, "bus_v_std": 14.9573, "car_acc": 2.3842, "car_dcc": 2.4079, "car_lcAssertive": 30.1276, "car_lcCooperative": 0.3966, "car_lcLookaheadLeft": 52.4215, "car_lcPushy": 0.1381, "car_lcSigma": 0.0884, "car_lcSpeedGainRight": 0.1453, "car_lcSublane": 0.0712, "car_sigma": 0.845, "car_tau_mean": 2.7397, "car_tau_std": 0.1538, "car_v_mean": 19.3896, "car_v_std": 14.6613}, "datetime": {"datetime": "2024-08-10 13:31:11", "elapsed": 3321.422244, "delta": 7.710034}}
{"target": -0.30838809241039744, "params": {"bus_acc": 2.6023, "bus_dcc": 3.0613, "bus_lcAssertive": 76.3805, "bus_lcCooperative": 0.4605, "bus_lcLookaheadLeft": 26.0981, "bus_lcPushy": 0.5774, "bus_lcSigma": 0.2129, "bus_lcSpeedGainRight": 2.4675, "bus_lcSublane": 0.938, "bus_sigma": 0.8052, "bus_tau_mean": 2.1854, "bus_tau_std": 4.2791, "bus_v_mean": 18.3903, "bus_v_std": 10.677, "car_acc": 1.7582, "car_dcc": 0.7197, "car_lcAssertive": 70.7008, "car_lcCooperative": 0.398, "car_lcLookaheadLeft": 85.4136, "car_lcPushy": 0.0992, "car_lcSigma": 0.6164, "car_lcSpeedGainRight": 4.2527, "car_lcSublane": 0.2547, "car_sigma": 0.4149, "car_tau_mean": 2.6334, "car_tau_std": 3.5815, "car_v_mean": 19.9403, "car_v_std": 6.308}, "datetime": {"datetime": "2024-08-10 13:31:15", "elapsed": 3325.304105, "delta": 3.881861}}
{"target": -0.377965858947013, "params": {"bus_acc": 0.3989, "bus_dcc": 3.5676, "bus_lcAssertive": 92.6691, "bus_lcCooperative": 0.7472, "bus_lcLookaheadLeft": 90.3898, "bus_lcPushy": 0.6445, "bus_lcSigma": 0.6785, "bus_lcSpeedGainRight": 2.2713, "bus_lcSublane": 0.8809, "bus_sigma": 0.2157, "bus_tau_mean": 1.4113, "bus_tau_std": 9.3829, "bus_v_mean": 12.8679, "bus_v_std": 6.1841, "car_acc": 2.6786, "car_dcc": 3.4607, "car_lcAssertive": 8.1193, "car_lcCooperative": 0.1603, "car_lcLookaheadLeft": 21.9272, "car_lcPushy": 0.1457, "car_lcSigma": 0.9591, "car_lcSpeedGainRight": 2.9843, "car_lcSublane": 0.8489, "car_sigma": 0.3479, "car_tau_mean": 2.7014, "car_tau_std": 5.6359, "car_v_mean": 24.3515, "car_v_std": 7.6951}, "datetime": {"datetime": "2024-08-10 13:31:20", "elapsed": 3330.355226, "delta": 5.051121}}
{"target": -0.6542698415171656, "params": {"bus_acc": 0.7679, "bus_dcc": 0.7565, "bus_lcAssertive": 30.4696, "bus_lcCooperative": 0.1638, "bus_lcLookaheadLeft": 13.3947, "bus_lcPushy": 0.0043, "bus_lcSigma": 0.4325, "bus_lcSpeedGainRight": 2.3526, "bus_lcSublane": 0.3141, "bus_sigma": 0.3279, "bus_tau_mean": 3.635, "bus_tau_std": 4.7899, "bus_v_mean": 15.2956, "bus_v_std": 8.8209, "car_acc": 0.5269, "car_dcc": 1.6814, "car_lcAssertive": 18.488, "car_lcCooperative": 0.7434, "car_lcLookaheadLeft": 32.5075, "car_lcPushy": 0.9723, "car_lcSigma": 0.8662, "car_lcSpeedGainRight": 1.6473, "car_lcSublane": 0.9142, "car_sigma": 0.3189, "car_tau_mean": 0.8809, "car_tau_std": 8.7715, "car_v_mean": 11.0403, "car_v_std": 8.5429}, "datetime": {"datetime": "2024-08-10 13:31:26", "elapsed": 3336.984446, "delta": 6.62922}}
