{"target": -0.3766158663416486, "params": {"bus_acc": 2.8043, "bus_dcc": 0.2842, "bus_lcAssertive": 94.7382, "bus_lcCooperative": 0.6315, "bus_lcLookaheadLeft": 46.6975, "bus_lcPushy": 0.4938, "bus_lcSigma": 0.5639, "bus_lcSpeedGainRight": 4.5114, "bus_lcSublane": 0.2663, "bus_sigma": 0.9655, "bus_tau_mean": 2.4159, "bus_tau_std": 9.5384, "bus_v_mean": 18.1901, "bus_v_std": 13.567, "car_acc": 2.2759, "car_dcc": 3.731, "car_lcAssertive": 13.4599, "car_lcCooperative": 0.4797, "car_lcLookaheadLeft": 10.9139, "car_lcPushy": 0.9314, "car_lcSigma": 0.932, "car_lcSpeedGainRight": 3.6577, "car_lcSublane": 0.9308, "car_sigma": 0.927, "car_tau_mean": 2.2808, "car_tau_std": 1.9259, "car_v_mean": 23.0103, "car_v_std": 1.9643}, "datetime": {"datetime": "2024-08-10 14:10:58", "elapsed": 5708.943807, "delta": 4.175977}}
{"target": -0.46863032316176695, "params": {"bus_acc": 2.0058, "bus_dcc": 2.4566, "bus_lcAssertive": 84.217, "bus_lcCooperative": 0.2616, "bus_lcLookaheadLeft": 59.0632, "bus_lcPushy": 0.4243, "bus_lcSigma": 0.6839, "bus_lcSpeedGainRight": 4.8722, "bus_lcSublane": 0.4088, "bus_sigma": 0.4175, "bus_tau_mean": 3.1413, "bus_tau_std": 0.9128, "bus_v_mean": 8.6272, "bus_v_std": 3.741, "car_acc": 0.5017, "car_dcc": 2.8914, "car_lcAssertive": 76.8076, "car_lcCooperative": 0.8529, "car_lcLookaheadLeft": 56.1228, "car_lcPushy": 0.1529, "car_lcSigma": 0.6976, "car_lcSpeedGainRight": 0.092, "car_lcSublane": 0.2439, "car_sigma": 0.982, "car_tau_mean": 3.092, "car_tau_std": 0.7327, "car_v_mean": 12.8081, "car_v_std": 1.9735}, "datetime": {"datetime": "2024-08-10 14:11:04", "elapsed": 5714.324818, "delta": 5.381011}}
{"target": -0.2997426147776312, "params": {"bus_acc": 1.4642, "bus_dcc": 3.1007, "bus_lcAssertive": 58.1679, "bus_lcCooperative": 0.8265, "bus_lcLookaheadLeft": 36.0188, "bus_lcPushy": 0.8295, "bus_lcSigma": 0.5382, "bus_lcSpeedGainRight": 4.073, "bus_lcSublane": 0.8486, "bus_sigma": 0.059, "bus_tau_mean": 3.8653, "bus_tau_std": 9.2127, "bus_v_mean": 12.5838, "bus_v_std": 13.1621, "car_acc": 2.1323, "car_dcc": 0.2977, "car_lcAssertive": 59.9602, "car_lcCooperative": 0.2146, "car_lcLookaheadLeft": 68.9392, "car_lcPushy": 0.3622, "car_lcSigma": 0.9275, "car_lcSpeedGainRight": 2.3804, "car_lcSublane": 0.4807, "car_sigma": 0.0703, "car_tau_mean": 2.9921, "car_tau_std": 5.647, "car_v_mean": 18.1976, "car_v_std": 9.4543}, "datetime": {"datetime": "2024-08-10 14:11:08", "elapsed": 5718.979425, "delta": 4.654607}}
{"target": -0.3953589316494864, "params": {"bus_acc": 2.3355, "bus_dcc": 3.1, "bus_lcAssertive": 98.4304, "bus_lcCooperative": 0.0308, "bus_lcLookaheadLeft": 38.1809, "bus_lcPushy": 0.9801, "bus_lcSigma": 0.409, "bus_lcSpeedGainRight": 4.1187, "bus_lcSublane": 0.2829, "bus_sigma": 0.5465, "bus_tau_mean": 3.6565, "bus_tau_std": 3.7592, "bus_v_mean": 22.2484, "bus_v_std": 4.7891, "car_acc": 1.6944, "car_dcc": 3.0886, "car_lcAssertive": 15.2632, "car_lcCooperative": 0.2685, "car_lcLookaheadLeft": 8.3047, "car_lcPushy": 0.4404, "car_lcSigma": 0.5348, "car_lcSpeedGainRight": 3.4317, "car_lcSublane": 0.8944, "car_sigma": 0.2701, "car_tau_mean": 3.2462, "car_tau_std": 4.3169, "car_v_mean": 25.0211, "car_v_std": 4.8216}, "datetime": {"datetime": "2024-08-10 14:11:18", "elapsed": 5728.603963, "delta": 9.624538}}
{"target": -0.33207816766414944, "params": {"bus_acc": 2.1272, "bus_dcc": 1.4074, "bus_lcAssertive": 74.0924, "bus_lcCooperative": 0.433, "bus_lcLookaheadLeft": 62.271, "bus_lcPushy": 0.881, "bus_lcSigma": 0.881, "bus_lcSpeedGainRight": 1.7403, "bus_lcSublane": 0.2811, "bus_sigma": 0.9123, "bus_tau_mean": 2.8158, "bus_tau_std": 3.7437, "bus_v_mean": 20.7735, "bus_v_std": 16.8443, "car_acc": 2.9171, "car_dcc": 2.559, "car_lcAssertive": 14.4135, "car_lcCooperative": 0.3618, "car_lcLookaheadLeft": 83.2461, "car_lcPushy": 0.2457, "car_lcSigma": 0.1825, "car_lcSpeedGainRight": 0.2783, "car_lcSublane": 0.4408, "car_sigma": 0.7173, "car_tau_mean": 2.6282, "car_tau_std": 3.9901, "car_v_mean": 9.8565, "car_v_std": 7.6735}, "datetime": {"datetime": "2024-08-10 14:11:25", "elapsed": 5736.099041, "delta": 7.495078}}
{"target": -0.28868833471699623, "params": {"bus_acc": 1.2178, "bus_dcc": 1.661, "bus_lcAssertive": 23.6741, "bus_lcCooperative": 0.1615, "bus_lcLookaheadLeft": 99.095, "bus_lcPushy": 0.9255, "bus_lcSigma": 0.305, "bus_lcSpeedGainRight": 0.6307, "bus_lcSublane": 0.7246, "bus_sigma": 0.0577, "bus_tau_mean": 3.3901, "bus_tau_std": 5.6882, "bus_v_mean": 12.4682, "bus_v_std": 7.8803, "car_acc": 0.5242, "car_dcc": 1.5358, "car_lcAssertive": 7.452, "car_lcCooperative": 0.6554, "car_lcLookaheadLeft": 17.1225, "car_lcPushy": 0.517, "car_lcSigma": 0.6797, "car_lcSpeedGainRight": 4.773, "car_lcSublane": 0.4638, "car_sigma": 0.1987, "car_tau_mean": 1.2554, "car_tau_std": 1.0386, "car_v_mean": 18.895, "car_v_std": 1.9286}, "datetime": {"datetime": "2024-08-10 14:11:31", "elapsed": 5741.657104, "delta": 5.558063}}
{"target": -0.39963234058630404, "params": {"bus_acc": 1.7223, "bus_dcc": 2.3968, "bus_lcAssertive": 88.0125, "bus_lcCooperative": 0.7388, "bus_lcLookaheadLeft": 64.8073, "bus_lcPushy": 0.7371, "bus_lcSigma": 0.0601, "bus_lcSpeedGainRight": 4.54, "bus_lcSublane": 0.5712, "bus_sigma": 0.6899, "bus_tau_mean": 2.2491, "bus_tau_std": 3.1261, "bus_v_mean": 8.3887, "bus_v_std": 9.1403, "car_acc": 1.2056, "car_dcc": 1.6375, "car_lcAssertive": 28.0955, "car_lcCooperative": 0.9922, "car_lcLookaheadLeft": 89.7462, "car_lcPushy": 0.5341, "car_lcSigma": 0.1191, "car_lcSpeedGainRight": 3.1264, "car_lcSublane": 0.3806, "car_sigma": 0.2048, "car_tau_mean": 1.8431, "car_tau_std": 6.2358, "car_v_mean": 12.6289, "car_v_std": 15.9996}, "datetime": {"datetime": "2024-08-10 14:11:39", "elapsed": 5749.85858, "delta": 8.201476}}
{"target": -0.34325400775013143, "params": {"bus_acc": 2.9642, "bus_dcc": 3.3896, "bus_lcAssertive": 64.1237, "bus_lcCooperative": 0.7942, "bus_lcLookaheadLeft": 32.2566, "bus_lcPushy": 0.0933, "bus_lcSigma": 0.3921, "bus_lcSpeedGainRight": 0.3656, "bus_lcSublane": 0.1631, "bus_sigma": 0.7725, "bus_tau_mean": 1.6737, "bus_tau_std": 8.161, "bus_v_mean": 17.9157, "bus_v_std": 10.8525, "car_acc": 3.9021, "car_dcc": 2.7265, "car_lcAssertive": 87.0414, "car_lcCooperative": 0.4622, "car_lcLookaheadLeft": 88.5366, "car_lcPushy": 0.4455, "car_lcSigma": 0.2187, "car_lcSpeedGainRight": 2.1676, "car_lcSublane": 0.8282, "car_sigma": 0.7424, "car_tau_mean": 2.401, "car_tau_std": 5.3383, "car_v_mean": 10.919, "car_v_std": 17.7443}, "datetime": {"datetime": "2024-08-10 14:11:43", "elapsed": 5753.99024, "delta": 4.13166}}
{"target": -0.37543168862651516, "params": {"bus_acc": 1.2818, "bus_dcc": 0.2577, "bus_lcAssertive": 50.1619, "bus_lcCooperative": 0.7194, "bus_lcLookaheadLeft": 51.9215, "bus_lcPushy": 0.8567, "bus_lcSigma": 0.2087, "bus_lcSpeedGainRight": 3.3661, "bus_lcSublane": 0.4674, "bus_sigma": 0.6818, "bus_tau_mean": 1.4261, "bus_tau_std": 1.4851, "bus_v_mean": 20.9709, "bus_v_std": 12.6937, "car_acc": 1.418, "car_dcc": 2.4404, "car_lcAssertive": 52.8519, "car_lcCooperative": 0.9739, "car_lcLookaheadLeft": 36.5137, "car_lcPushy": 0.0647, "car_lcSigma": 0.533, "car_lcSpeedGainRight": 2.167, "car_lcSublane": 0.1848, "car_sigma": 0.2998, "car_tau_mean": 1.0283, "car_tau_std": 4.885, "car_v_mean": 15.7186, "car_v_std": 14.2264}, "datetime": {"datetime": "2024-08-10 14:11:47", "elapsed": 5757.32461, "delta": 3.33437}}
{"target": -0.6025746550750172, "params": {"bus_acc": 3.7846, "bus_dcc": 3.1576, "bus_lcAssertive": 58.1481, "bus_lcCooperative": 0.4294, "bus_lcLookaheadLeft": 40.2507, "bus_lcPushy": 0.5873, "bus_lcSigma": 0.5751, "bus_lcSpeedGainRight": 3.1594, "bus_lcSublane": 0.1722, "bus_sigma": 0.1823, "bus_tau_mean": 3.5257, "bus_tau_std": 9.2246, "bus_v_mean": 25.0438, "bus_v_std": 18.6096, "car_acc": 0.5117, "car_dcc": 3.187, "car_lcAssertive": 63.4866, "car_lcCooperative": 0.1533, "car_lcLookaheadLeft": 29.3607, "car_lcPushy": 0.7185, "car_lcSigma": 0.4458, "car_lcSpeedGainRight": 3.2208, "car_lcSublane": 0.4698, "car_sigma": 0.9241, "car_tau_mean": 2.615, "car_tau_std": 8.3799, "car_v_mean": 24.4835, "car_v_std": 10.7295}, "datetime": {"datetime": "2024-08-10 14:11:52", "elapsed": 5762.322726, "delta": 4.998116}}
{"target": -0.7272205940182258, "params": {"bus_acc": 0.4224, "bus_dcc": 2.0941, "bus_lcAssertive": 1.6433, "bus_lcCooperative": 0.7384, "bus_lcLookaheadLeft": 65.289, "bus_lcPushy": 0.2562, "bus_lcSigma": 0.4203, "bus_lcSpeedGainRight": 3.0681, "bus_lcSublane": 0.3991, "bus_sigma": 0.2743, "bus_tau_mean": 3.11, "bus_tau_std": 4.6576, "bus_v_mean": 10.0577, "bus_v_std": 18.2743, "car_acc": 0.2375, "car_dcc": 1.939, "car_lcAssertive": 72.0911, "car_lcCooperative": 0.0505, "car_lcLookaheadLeft": 72.9086, "car_lcPushy": 0.2642, "car_lcSigma": 0.8822, "car_lcSpeedGainRight": 0.9313, "car_lcSublane": 0.0491, "car_sigma": 0.3127, "car_tau_mean": 2.8084, "car_tau_std": 7.1349, "car_v_mean": 10.4806, "car_v_std": 11.3317}, "datetime": {"datetime": "2024-08-10 14:12:01", "elapsed": 5771.294459, "delta": 8.971733}}
{"target": -0.2895896023295644, "params": {"bus_acc": 2.6176, "bus_dcc": 0.3259, "bus_lcAssertive": 53.9914, "bus_lcCooperative": 0.2695, "bus_lcLookaheadLeft": 11.878, "bus_lcPushy": 0.5247, "bus_lcSigma": 0.3979, "bus_lcSpeedGainRight": 3.8444, "bus_lcSublane": 0.2872, "bus_sigma": 0.0381, "bus_tau_mean": 2.2569, "bus_tau_std": 4.7588, "bus_v_mean": 9.8321, "bus_v_std": 0.5438, "car_acc": 1.86, "car_dcc": 2.6328, "car_lcAssertive": 54.3564, "car_lcCooperative": 0.1001, "car_lcLookaheadLeft": 75.3933, "car_lcPushy": 0.7772, "car_lcSigma": 0.0306, "car_lcSpeedGainRight": 0.7623, "car_lcSublane": 0.6324, "car_sigma": 0.2591, "car_tau_mean": 2.1205, "car_tau_std": 3.5764, "car_v_mean": 13.1871, "car_v_std": 6.0286}, "datetime": {"datetime": "2024-08-10 14:12:08", "elapsed": 5778.539367, "delta": 7.244908}}
{"target": -0.6617459309477939, "params": {"bus_acc": 2.0076, "bus_dcc": 0.8903, "bus_lcAssertive": 71.3241, "bus_lcCooperative": 0.6103, "bus_lcLookaheadLeft": 40.1927, "bus_lcPushy": 0.6409, "bus_lcSigma": 0.0056, "bus_lcSpeedGainRight": 2.0223, "bus_lcSublane": 0.8973, "bus_sigma": 0.69, "bus_tau_mean": 3.2489, "bus_tau_std": 9.0409, "bus_v_mean": 9.9336, "bus_v_std": 7.6835, "car_acc": 0.2524, "car_dcc": 3.907, "car_lcAssertive": 99.3751, "car_lcCooperative": 0.2555, "car_lcLookaheadLeft": 67.7301, "car_lcPushy": 0.7445, "car_lcSigma": 0.0976, "car_lcSpeedGainRight": 0.7923, "car_lcSublane": 0.938, "car_sigma": 0.0297, "car_tau_mean": 1.6963, "car_tau_std": 3.2557, "car_v_mean": 23.2694, "car_v_std": 15.2473}, "datetime": {"datetime": "2024-08-10 14:12:20", "elapsed": 5790.249349, "delta": 11.709982}}
{"target": -0.3673538033110883, "params": {"bus_acc": 2.9765, "bus_dcc": 1.7424, "bus_lcAssertive": 63.3981, "bus_lcCooperative": 0.9796, "bus_lcLookaheadLeft": 10.5181, "bus_lcPushy": 0.7649, "bus_lcSigma": 0.5868, "bus_lcSpeedGainRight": 3.7999, "bus_lcSublane": 0.8569, "bus_sigma": 0.0363, "bus_tau_mean": 0.8071, "bus_tau_std": 2.0624, "bus_v_mean": 24.8081, "bus_v_std": 5.6553, "car_acc": 1.6942, "car_dcc": 2.2474, "car_lcAssertive": 39.0621, "car_lcCooperative": 0.2653, "car_lcLookaheadLeft": 78.7744, "car_lcPushy": 0.5877, "car_lcSigma": 0.1243, "car_lcSpeedGainRight": 2.7675, "car_lcSublane": 0.6952, "car_sigma": 0.0432, "car_tau_mean": 3.9795, "car_tau_std": 7.3544, "car_v_mean": 25.4105, "car_v_std": 6.1945}, "datetime": {"datetime": "2024-08-10 14:12:25", "elapsed": 5795.550888, "delta": 5.301539}}
{"target": -0.2804943108134402, "params": {"bus_acc": 1.7945, "bus_dcc": 2.0422, "bus_lcAssertive": 29.6927, "bus_lcCooperative": 0.8989, "bus_lcLookaheadLeft": 84.2667, "bus_lcPushy": 0.907, "bus_lcSigma": 0.3236, "bus_lcSpeedGainRight": 4.5269, "bus_lcSublane": 0.43, "bus_sigma": 0.0376, "bus_tau_mean": 2.8662, "bus_tau_std": 3.8658, "bus_v_mean": 8.41, "bus_v_std": 1.1129, "car_acc": 3.1254, "car_dcc": 3.1459, "car_lcAssertive": 82.9434, "car_lcCooperative": 0.9853, "car_lcLookaheadLeft": 73.3041, "car_lcPushy": 0.1506, "car_lcSigma": 0.7873, "car_lcSpeedGainRight": 2.6942, "car_lcSublane": 0.4386, "car_sigma": 0.2625, "car_tau_mean": 2.7342, "car_tau_std": 6.5305, "car_v_mean": 14.6508, "car_v_std": 5.4206}, "datetime": {"datetime": "2024-08-10 14:12:32", "elapsed": 5802.996713, "delta": 7.445825}}
{"target": -0.3519302334506518, "params": {"bus_acc": 2.9044, "bus_dcc": 3.4104, "bus_lcAssertive": 94.1304, "bus_lcCooperative": 0.8389, "bus_lcLookaheadLeft": 55.1099, "bus_lcPushy": 0.9051, "bus_lcSigma": 0.3055, "bus_lcSpeedGainRight": 4.8097, "bus_lcSublane": 0.9164, "bus_sigma": 0.1179, "bus_tau_mean": 0.8543, "bus_tau_std": 2.2666, "bus_v_mean": 18.4895, "bus_v_std": 18.7011, "car_acc": 3.6656, "car_dcc": 1.7208, "car_lcAssertive": 87.9975, "car_lcCooperative": 0.4033, "car_lcLookaheadLeft": 66.7115, "car_lcPushy": 0.1771, "car_lcSigma": 0.959, "car_lcSpeedGainRight": 2.8525, "car_lcSublane": 0.373, "car_sigma": 0.4076, "car_tau_mean": 0.7677, "car_tau_std": 9.5166, "car_v_mean": 17.0075, "car_v_std": 5.4432}, "datetime": {"datetime": "2024-08-10 14:12:39", "elapsed": 5809.222998, "delta": 6.226285}}
{"target": -0.34689427132375744, "params": {"bus_acc": 2.212, "bus_dcc": 0.7843, "bus_lcAssertive": 78.5688, "bus_lcCooperative": 0.5153, "bus_lcLookaheadLeft": 97.9108, "bus_lcPushy": 0.3, "bus_lcSigma": 0.5335, "bus_lcSpeedGainRight": 1.2064, "bus_lcSublane": 0.1972, "bus_sigma": 0.3611, "bus_tau_mean": 1.8687, "bus_tau_std": 4.9536, "bus_v_mean": 18.4995, "bus_v_std": 1.7835, "car_acc": 3.7461, "car_dcc": 2.6557, "car_lcAssertive": 55.7353, "car_lcCooperative": 0.8914, "car_lcLookaheadLeft": 50.836, "car_lcPushy": 0.5472, "car_lcSigma": 0.4681, "car_lcSpeedGainRight": 0.2949, "car_lcSublane": 0.9116, "car_sigma": 0.9313, "car_tau_mean": 3.082, "car_tau_std": 6.3566, "car_v_mean": 21.7719, "car_v_std": 8.2333}, "datetime": {"datetime": "2024-08-10 14:12:49", "elapsed": 5819.942459, "delta": 10.719461}}
{"target": -0.34698956678762954, "params": {"bus_acc": 1.0411, "bus_dcc": 0.7176, "bus_lcAssertive": 19.3048, "bus_lcCooperative": 0.2131, "bus_lcLookaheadLeft": 98.0999, "bus_lcPushy": 0.5132, "bus_lcSigma": 0.8363, "bus_lcSpeedGainRight": 1.7369, "bus_lcSublane": 0.9497, "bus_sigma": 0.7434, "bus_tau_mean": 1.721, "bus_tau_std": 4.0549, "bus_v_mean": 13.816, "bus_v_std": 0.5645, "car_acc": 1.8663, "car_dcc": 3.3802, "car_lcAssertive": 80.8217, "car_lcCooperative": 0.3933, "car_lcLookaheadLeft": 14.6159, "car_lcPushy": 0.887, "car_lcSigma": 0.2432, "car_lcSpeedGainRight": 3.8022, "car_lcSublane": 0.6765, "car_sigma": 0.2765, "car_tau_mean": 1.175, "car_tau_std": 2.1933, "car_v_mean": 22.0916, "car_v_std": 4.3686}, "datetime": {"datetime": "2024-08-10 14:12:57", "elapsed": 5827.443935, "delta": 7.501476}}
{"target": -0.2666380778763248, "params": {"bus_acc": 2.652, "bus_dcc": 1.6289, "bus_lcAssertive": 96.3332, "bus_lcCooperative": 0.5735, "bus_lcLookaheadLeft": 42.2243, "bus_lcPushy": 0.5094, "bus_lcSigma": 0.4919, "bus_lcSpeedGainRight": 3.4699, "bus_lcSublane": 0.8926, "bus_sigma": 0.8229, "bus_tau_mean": 2.4619, "bus_tau_std": 3.9111, "bus_v_mean": 25.4083, "bus_v_std": 13.7685, "car_acc": 3.1101, "car_dcc": 0.2148, "car_lcAssertive": 91.9409, "car_lcCooperative": 0.5168, "car_lcLookaheadLeft": 39.5649, "car_lcPushy": 0.4453, "car_lcSigma": 0.212, "car_lcSpeedGainRight": 2.771, "car_lcSublane": 0.7449, "car_sigma": 0.1058, "car_tau_mean": 2.8729, "car_tau_std": 0.0911, "car_v_mean": 19.8558, "car_v_std": 19.9628}, "datetime": {"datetime": "2024-08-10 14:13:02", "elapsed": 5832.773384, "delta": 5.329449}}
{"target": -0.4756585691704364, "params": {"bus_acc": 2.155, "bus_dcc": 1.068, "bus_lcAssertive": 52.5096, "bus_lcCooperative": 0.0065, "bus_lcLookaheadLeft": 68.091, "bus_lcPushy": 0.489, "bus_lcSigma": 0.6745, "bus_lcSpeedGainRight": 0.4184, "bus_lcSublane": 0.4712, "bus_sigma": 0.4034, "bus_tau_mean": 3.3538, "bus_tau_std": 6.6824, "bus_v_mean": 14.1593, "bus_v_std": 7.6191, "car_acc": 0.7506, "car_dcc": 3.7626, "car_lcAssertive": 52.2598, "car_lcCooperative": 0.7717, "car_lcLookaheadLeft": 68.08, "car_lcPushy": 0.6477, "car_lcSigma": 0.6043, "car_lcSpeedGainRight": 4.7333, "car_lcSublane": 0.5708, "car_sigma": 0.745, "car_tau_mean": 1.1714, "car_tau_std": 7.6586, "car_v_mean": 17.6859, "car_v_std": 6.2687}, "datetime": {"datetime": "2024-08-10 14:13:06", "elapsed": 5836.94717, "delta": 4.173786}}
{"target": -0.2613389486868654, "params": {"bus_acc": 2.2091, "bus_dcc": 3.0213, "bus_lcAssertive": 16.1336, "bus_lcCooperative": 0.0261, "bus_lcLookaheadLeft": 64.2379, "bus_lcPushy": 0.1791, "bus_lcSigma": 0.7074, "bus_lcSpeedGainRight": 4.9962, "bus_lcSublane": 0.1896, "bus_sigma": 0.6915, "bus_tau_mean": 1.6556, "bus_tau_std": 5.1264, "bus_v_mean": 8.5532, "bus_v_std": 3.1185, "car_acc": 3.1256, "car_dcc": 0.4677, "car_lcAssertive": 13.5999, "car_lcCooperative": 0.5833, "car_lcLookaheadLeft": 34.8958, "car_lcPushy": 0.3034, "car_lcSigma": 0.8664, "car_lcSpeedGainRight": 0.4746, "car_lcSublane": 0.4119, "car_sigma": 0.6701, "car_tau_mean": 3.9633, "car_tau_std": 1.912, "car_v_mean": 15.0386, "car_v_std": 3.6022}, "datetime": {"datetime": "2024-08-10 14:13:13", "elapsed": 5843.293996, "delta": 6.346826}}
{"target": -0.5464178045400364, "params": {"bus_acc": 0.4338, "bus_dcc": 0.4055, "bus_lcAssertive": 93.1513, "bus_lcCooperative": 0.9877, "bus_lcLookaheadLeft": 35.7034, "bus_lcPushy": 0.6825, "bus_lcSigma": 0.4723, "bus_lcSpeedGainRight": 4.975, "bus_lcSublane": 0.8616, "bus_sigma": 0.5683, "bus_tau_mean": 2.5738, "bus_tau_std": 4.4992, "bus_v_mean": 12.7219, "bus_v_std": 9.0656, "car_acc": 1.1388, "car_dcc": 3.4082, "car_lcAssertive": 12.2541, "car_lcCooperative": 0.9353, "car_lcLookaheadLeft": 39.8102, "car_lcPushy": 0.4351, "car_lcSigma": 0.2088, "car_lcSpeedGainRight": 3.9512, "car_lcSublane": 0.3041, "car_sigma": 0.5254, "car_tau_mean": 1.1531, "car_tau_std": 0.2862, "car_v_mean": 19.2147, "car_v_std": 19.5948}, "datetime": {"datetime": "2024-08-10 14:13:20", "elapsed": 5850.407104, "delta": 7.113108}}
{"target": -0.7457102041691829, "params": {"bus_acc": 2.5831, "bus_dcc": 3.1698, "bus_lcAssertive": 47.6254, "bus_lcCooperative": 0.2435, "bus_lcLookaheadLeft": 73.9125, "bus_lcPushy": 0.6054, "bus_lcSigma": 0.3341, "bus_lcSpeedGainRight": 2.8614, "bus_lcSublane": 0.2552, "bus_sigma": 0.9115, "bus_tau_mean": 1.812, "bus_tau_std": 3.2424, "bus_v_mean": 22.7725, "bus_v_std": 8.7871, "car_acc": 0.423, "car_dcc": 1.4387, "car_lcAssertive": 74.3788, "car_lcCooperative": 0.9671, "car_lcLookaheadLeft": 22.4418, "car_lcPushy": 0.338, "car_lcSigma": 0.6774, "car_lcSpeedGainRight": 4.6949, "car_lcSublane": 0.6154, "car_sigma": 0.5975, "car_tau_mean": 3.0595, "car_tau_std": 1.5715, "car_v_mean": 12.7615, "car_v_std": 11.3062}, "datetime": {"datetime": "2024-08-10 14:13:25", "elapsed": 5855.889927, "delta": 5.482823}}
{"target": -0.4214819505486631, "params": {"bus_acc": 3.8361, "bus_dcc": 1.7484, "bus_lcAssertive": 76.9145, "bus_lcCooperative": 0.5195, "bus_lcLookaheadLeft": 96.1898, "bus_lcPushy": 0.7253, "bus_lcSigma": 0.5387, "bus_lcSpeedGainRight": 4.7821, "bus_lcSublane": 0.5553, "bus_sigma": 0.809, "bus_tau_mean": 3.1629, "bus_tau_std": 6.5228, "bus_v_mean": 17.4806, "bus_v_std": 4.2062, "car_acc": 1.1273, "car_dcc": 2.3684, "car_lcAssertive": 89.9068, "car_lcCooperative": 0.0143, "car_lcLookaheadLeft": 61.5852, "car_lcPushy": 0.9428, "car_lcSigma": 0.6849, "car_lcSpeedGainRight": 4.9272, "car_lcSublane": 0.4463, "car_sigma": 0.1008, "car_tau_mean": 2.2058, "car_tau_std": 8.9416, "car_v_mean": 18.5775, "car_v_std": 16.0474}, "datetime": {"datetime": "2024-08-10 14:13:34", "elapsed": 5864.975713, "delta": 9.085786}}
{"target": -0.33395751568385346, "params": {"bus_acc": 1.0876, "bus_dcc": 1.6668, "bus_lcAssertive": 45.5151, "bus_lcCooperative": 0.2499, "bus_lcLookaheadLeft": 88.2148, "bus_lcPushy": 0.6133, "bus_lcSigma": 0.1007, "bus_lcSpeedGainRight": 2.2131, "bus_lcSublane": 0.5533, "bus_sigma": 0.21, "bus_tau_mean": 3.7724, "bus_tau_std": 0.4043, "bus_v_mean": 22.8373, "bus_v_std": 9.4686, "car_acc": 3.0436, "car_dcc": 3.5745, "car_lcAssertive": 51.0685, "car_lcCooperative": 0.123, "car_lcLookaheadLeft": 77.606, "car_lcPushy": 0.8149, "car_lcSigma": 0.4701, "car_lcSpeedGainRight": 3.3063, "car_lcSublane": 0.5035, "car_sigma": 0.725, "car_tau_mean": 0.6736, "car_tau_std": 7.6779, "car_v_mean": 22.6287, "car_v_std": 13.9965}, "datetime": {"datetime": "2024-08-10 14:13:40", "elapsed": 5870.35968, "delta": 5.383967}}
{"target": -0.6249373544076066, "params": {"bus_acc": 1.0254, "bus_dcc": 0.3353, "bus_lcAssertive": 10.8624, "bus_lcCooperative": 0.5393, "bus_lcLookaheadLeft": 27.9249, "bus_lcPushy": 0.8399, "bus_lcSigma": 0.3471, "bus_lcSpeedGainRight": 3.6551, "bus_lcSublane": 0.8597, "bus_sigma": 0.0286, "bus_tau_mean": 3.2607, "bus_tau_std": 1.6535, "bus_v_mean": 23.5181, "bus_v_std": 0.8525, "car_acc": 2.3784, "car_dcc": 0.3537, "car_lcAssertive": 65.6516, "car_lcCooperative": 0.5792, "car_lcLookaheadLeft": 51.8538, "car_lcPushy": 0.118, "car_lcSigma": 0.8943, "car_lcSpeedGainRight": 3.4385, "car_lcSublane": 0.5926, "car_sigma": 0.261, "car_tau_mean": 2.9358, "car_tau_std": 6.4809, "car_v_mean": 23.2202, "car_v_std": 2.8004}, "datetime": {"datetime": "2024-08-10 14:13:46", "elapsed": 5877.111248, "delta": 6.751568}}
