{"target": -0.29586385258400333, "params": {"bus_acc": 3.5961, "bus_dcc": 3.9506, "bus_lcAssertive": 10.9568, "bus_lcCooperative": 0.7943, "bus_lcLookaheadLeft": 70.3796, "bus_lcPushy": 0.9466, "bus_lcSigma": 0.0583, "bus_lcSpeedGainRight": 1.1984, "bus_lcSublane": 0.4945, "bus_sigma": 0.5651, "bus_tau_mean": 1.7857, "bus_tau_std": 7.1184, "bus_v_mean": 9.0479, "bus_v_std": 4.91, "car_acc": 3.5978, "car_dcc": 3.6196, "car_lcAssertive": 33.0576, "car_lcCooperative": 0.2261, "car_lcLookaheadLeft": 50.315, "car_lcPushy": 0.6123, "car_lcSigma": 0.5498, "car_lcSpeedGainRight": 1.8812, "car_lcSublane": 0.5189, "car_sigma": 0.5599, "car_tau_mean": 3.6147, "car_tau_std": 2.8157, "car_v_mean": 12.4709, "car_v_std": 7.4699}, "datetime": {"datetime": "2024-08-10 13:31:29", "elapsed": 3339.825819, "delta": 2.841373}}
{"target": -0.3142826536351832, "params": {"bus_acc": 3.5522, "bus_dcc": 1.8386, "bus_lcAssertive": 94.5916, "bus_lcCooperative": 0.0345, "bus_lcLookaheadLeft": 69.2747, "bus_lcPushy": 0.1364, "bus_lcSigma": 0.1459, "bus_lcSpeedGainRight": 0.6046, "bus_lcSublane": 0.806, "bus_sigma": 0.0991, "bus_tau_mean": 1.3744, "bus_tau_std": 0.3473, "bus_v_mean": 12.5613, "bus_v_std": 3.7464, "car_acc": 2.4891, "car_dcc": 2.449, "car_lcAssertive": 3.4319, "car_lcCooperative": 0.263, "car_lcLookaheadLeft": 77.8996, "car_lcPushy": 0.3121, "car_lcSigma": 0.2117, "car_lcSpeedGainRight": 1.0118, "car_lcSublane": 0.5865, "car_sigma": 0.9222, "car_tau_mean": 2.6717, "car_tau_std": 6.5337, "car_v_mean": 20.2827, "car_v_std": 2.3869}, "datetime": {"datetime": "2024-08-10 13:31:34", "elapsed": 3344.556717, "delta": 4.730898}}
{"target": -0.26522191872888934, "params": {"bus_acc": 1.756, "bus_dcc": 0.2765, "bus_lcAssertive": 69.6284, "bus_lcCooperative": 0.678, "bus_lcLookaheadLeft": 37.3735, "bus_lcPushy": 0.1732, "bus_lcSigma": 0.0326, "bus_lcSpeedGainRight": 2.7768, "bus_lcSublane": 0.9018, "bus_sigma": 0.6824, "bus_tau_mean": 2.3352, "bus_tau_std": 0.4582, "bus_v_mean": 17.0979, "bus_v_std": 16.785, "car_acc": 1.856, "car_dcc": 1.1668, "car_lcAssertive": 56.4685, "car_lcCooperative": 0.6939, "car_lcLookaheadLeft": 94.8036, "car_lcPushy": 0.4173, "car_lcSigma": 0.2699, "car_lcSpeedGainRight": 0.3349, "car_lcSublane": 0.5478, "car_sigma": 0.8672, "car_tau_mean": 1.5528, "car_tau_std": 3.0305, "car_v_mean": 18.3574, "car_v_std": 13.0495}, "datetime": {"datetime": "2024-08-10 13:31:40", "elapsed": 3350.804905, "delta": 6.248188}}
{"target": -0.3801260660239884, "params": {"bus_acc": 0.7654, "bus_dcc": 3.9894, "bus_lcAssertive": 30.6239, "bus_lcCooperative": 0.3758, "bus_lcLookaheadLeft": 85.783, "bus_lcPushy": 0.0069, "bus_lcSigma": 0.9143, "bus_lcSpeedGainRight": 4.4261, "bus_lcSublane": 0.0461, "bus_sigma": 0.6951, "bus_tau_mean": 1.1725, "bus_tau_std": 7.2545, "bus_v_mean": 21.2378, "bus_v_std": 0.2653, "car_acc": 1.4604, "car_dcc": 3.7469, "car_lcAssertive": 59.0483, "car_lcCooperative": 0.8681, "car_lcLookaheadLeft": 66.3375, "car_lcPushy": 0.5093, "car_lcSigma": 0.9306, "car_lcSpeedGainRight": 3.1607, "car_lcSublane": 0.3049, "car_sigma": 0.1796, "car_tau_mean": 1.9549, "car_tau_std": 5.1177, "car_v_mean": 24.4025, "car_v_std": 12.4263}, "datetime": {"datetime": "2024-08-10 13:31:46", "elapsed": 3356.336942, "delta": 5.532037}}
{"target": -0.3433954847245504, "params": {"bus_acc": 0.3617, "bus_dcc": 1.6043, "bus_lcAssertive": 46.8219, "bus_lcCooperative": 0.6645, "bus_lcLookaheadLeft": 21.6568, "bus_lcPushy": 0.5767, "bus_lcSigma": 0.7521, "bus_lcSpeedGainRight": 4.3667, "bus_lcSublane": 0.4383, "bus_sigma": 0.4493, "bus_tau_mean": 0.9362, "bus_tau_std": 2.2133, "bus_v_mean": 25.5073, "bus_v_std": 5.7471, "car_acc": 2.8179, "car_dcc": 1.7658, "car_lcAssertive": 47.5069, "car_lcCooperative": 0.4579, "car_lcLookaheadLeft": 21.7417, "car_lcPushy": 0.8737, "car_lcSigma": 0.4781, "car_lcSpeedGainRight": 0.7105, "car_lcSublane": 0.771, "car_sigma": 0.7557, "car_tau_mean": 3.5962, "car_tau_std": 0.0465, "car_v_mean": 24.8864, "car_v_std": 5.2973}, "datetime": {"datetime": "2024-08-10 13:31:59", "elapsed": 3369.31089, "delta": 12.973948}}
{"target": -0.3632538875067162, "params": {"bus_acc": 3.3521, "bus_dcc": 3.0049, "bus_lcAssertive": 35.4832, "bus_lcCooperative": 0.5313, "bus_lcLookaheadLeft": 86.1131, "bus_lcPushy": 0.5546, "bus_lcSigma": 0.6544, "bus_lcSpeedGainRight": 0.9075, "bus_lcSublane": 0.9333, "bus_sigma": 0.6634, "bus_tau_mean": 1.4143, "bus_tau_std": 5.3349, "bus_v_mean": 22.0152, "bus_v_std": 1.5719, "car_acc": 1.248, "car_dcc": 3.9799, "car_lcAssertive": 74.2128, "car_lcCooperative": 0.3183, "car_lcLookaheadLeft": 96.8439, "car_lcPushy": 0.6337, "car_lcSigma": 0.5319, "car_lcSpeedGainRight": 1.469, "car_lcSublane": 0.0115, "car_sigma": 0.7614, "car_tau_mean": 3.363, "car_tau_std": 2.7532, "car_v_mean": 19.1965, "car_v_std": 8.7935}, "datetime": {"datetime": "2024-08-10 13:32:03", "elapsed": 3373.861344, "delta": 4.550454}}
{"target": -0.28829060170537807, "params": {"bus_acc": 2.82, "bus_dcc": 3.583, "bus_lcAssertive": 25.7264, "bus_lcCooperative": 0.3715, "bus_lcLookaheadLeft": 66.1346, "bus_lcPushy": 0.4101, "bus_lcSigma": 0.5901, "bus_lcSpeedGainRight": 2.4487, "bus_lcSublane": 0.9903, "bus_sigma": 0.5771, "bus_tau_mean": 2.9882, "bus_tau_std": 0.6408, "bus_v_mean": 23.6085, "bus_v_std": 10.7165, "car_acc": 2.6643, "car_dcc": 0.9099, "car_lcAssertive": 21.0956, "car_lcCooperative": 0.2169, "car_lcLookaheadLeft": 60.0636, "car_lcPushy": 0.7236, "car_lcSigma": 0.1941, "car_lcSpeedGainRight": 1.8649, "car_lcSublane": 0.5389, "car_sigma": 0.2673, "car_tau_mean": 3.0242, "car_tau_std": 3.2043, "car_v_mean": 18.2879, "car_v_std": 13.8819}, "datetime": {"datetime": "2024-08-10 13:32:10", "elapsed": 3380.417148, "delta": 6.555804}}
{"target": -0.30145218558067516, "params": {"bus_acc": 2.8126, "bus_dcc": 0.6089, "bus_lcAssertive": 85.038, "bus_lcCooperative": 0.8915, "bus_lcLookaheadLeft": 88.0735, "bus_lcPushy": 0.7673, "bus_lcSigma": 0.9029, "bus_lcSpeedGainRight": 2.7897, "bus_lcSublane": 0.6784, "bus_sigma": 0.2663, "bus_tau_mean": 3.8618, "bus_tau_std": 4.3433, "bus_v_mean": 9.928, "bus_v_std": 6.1768, "car_acc": 2.1558, "car_dcc": 2.0792, "car_lcAssertive": 68.431, "car_lcCooperative": 0.8505, "car_lcLookaheadLeft": 90.1537, "car_lcPushy": 0.8159, "car_lcSigma": 0.9403, "car_lcSpeedGainRight": 2.9845, "car_lcSublane": 0.7564, "car_sigma": 0.8466, "car_tau_mean": 2.4682, "car_tau_std": 3.3968, "car_v_mean": 18.5806, "car_v_std": 7.9744}, "datetime": {"datetime": "2024-08-10 13:32:17", "elapsed": 3387.802389, "delta": 7.385241}}
{"target": -0.32830312766173, "params": {"bus_acc": 3.1363, "bus_dcc": 1.0355, "bus_lcAssertive": 10.4707, "bus_lcCooperative": 0.0151, "bus_lcLookaheadLeft": 84.3127, "bus_lcPushy": 0.8723, "bus_lcSigma": 0.8131, "bus_lcSpeedGainRight": 2.8431, "bus_lcSublane": 0.2555, "bus_sigma": 0.1153, "bus_tau_mean": 1.4914, "bus_tau_std": 3.1182, "bus_v_mean": 14.9765, "bus_v_std": 19.7413, "car_acc": 1.9315, "car_dcc": 2.8621, "car_lcAssertive": 33.298, "car_lcCooperative": 0.1689, "car_lcLookaheadLeft": 87.6101, "car_lcPushy": 0.1625, "car_lcSigma": 0.1583, "car_lcSpeedGainRight": 2.4192, "car_lcSublane": 0.8299, "car_sigma": 0.9805, "car_tau_mean": 0.6914, "car_tau_std": 4.0398, "car_v_mean": 19.923, "car_v_std": 9.9515}, "datetime": {"datetime": "2024-08-10 13:32:29", "elapsed": 3399.380314, "delta": 11.577925}}
{"target": -0.3789409405918241, "params": {"bus_acc": 2.5037, "bus_dcc": 1.1931, "bus_lcAssertive": 30.0204, "bus_lcCooperative": 0.1012, "bus_lcLookaheadLeft": 52.2456, "bus_lcPushy": 0.907, "bus_lcSigma": 0.9215, "bus_lcSpeedGainRight": 4.1778, "bus_lcSublane": 0.8838, "bus_sigma": 0.6035, "bus_tau_mean": 2.9577, "bus_tau_std": 8.5847, "bus_v_mean": 17.8155, "bus_v_std": 5.4189, "car_acc": 1.1765, "car_dcc": 3.5844, "car_lcAssertive": 37.9374, "car_lcCooperative": 0.3825, "car_lcLookaheadLeft": 22.0128, "car_lcPushy": 0.5752, "car_lcSigma": 0.8535, "car_lcSpeedGainRight": 0.5236, "car_lcSublane": 0.2052, "car_sigma": 0.4617, "car_tau_mean": 1.2689, "car_tau_std": 0.8983, "car_v_mean": 12.7319, "car_v_std": 9.278}, "datetime": {"datetime": "2024-08-10 13:32:34", "elapsed": 3404.559141, "delta": 5.178827}}
{"target": -0.2758253771637968, "params": {"bus_acc": 3.7552, "bus_dcc": 2.6802, "bus_lcAssertive": 64.5682, "bus_lcCooperative": 0.1038, "bus_lcLookaheadLeft": 48.3541, "bus_lcPushy": 0.9591, "bus_lcSigma": 0.5128, "bus_lcSpeedGainRight": 0.0005, "bus_lcSublane": 0.3495, "bus_sigma": 0.5306, "bus_tau_mean": 1.9582, "bus_tau_std": 0.7283, "bus_v_mean": 16.8542, "bus_v_std": 14.6929, "car_acc": 3.6119, "car_dcc": 0.5582, "car_lcAssertive": 10.7436, "car_lcCooperative": 0.3254, "car_lcLookaheadLeft": 20.3139, "car_lcPushy": 0.8456, "car_lcSigma": 0.5159, "car_lcSpeedGainRight": 1.7337, "car_lcSublane": 0.8012, "car_sigma": 0.8628, "car_tau_mean": 2.5535, "car_tau_std": 5.3648, "car_v_mean": 10.3355, "car_v_std": 4.78}, "datetime": {"datetime": "2024-08-10 13:32:38", "elapsed": 3408.584041, "delta": 4.0249}}
{"target": -0.3445147437696274, "params": {"bus_acc": 2.8463, "bus_dcc": 2.8848, "bus_lcAssertive": 35.4767, "bus_lcCooperative": 0.8056, "bus_lcLookaheadLeft": 85.793, "bus_lcPushy": 0.4339, "bus_lcSigma": 0.6581, "bus_lcSpeedGainRight": 3.5038, "bus_lcSublane": 0.1248, "bus_sigma": 0.869, "bus_tau_mean": 1.8402, "bus_tau_std": 4.2171, "bus_v_mean": 11.8224, "bus_v_std": 2.2713, "car_acc": 0.6337, "car_dcc": 0.9658, "car_lcAssertive": 71.4164, "car_lcCooperative": 0.4807, "car_lcLookaheadLeft": 92.4169, "car_lcPushy": 0.9544, "car_lcSigma": 0.1311, "car_lcSpeedGainRight": 2.4187, "car_lcSublane": 0.2927, "car_sigma": 0.4997, "car_tau_mean": 3.3615, "car_tau_std": 7.4843, "car_v_mean": 14.5795, "car_v_std": 3.0775}, "datetime": {"datetime": "2024-08-10 13:32:42", "elapsed": 3412.943458, "delta": 4.359417}}
{"target": -0.3466251361181219, "params": {"bus_acc": 1.3428, "bus_dcc": 1.6099, "bus_lcAssertive": 76.8559, "bus_lcCooperative": 0.3162, "bus_lcLookaheadLeft": 72.7436, "bus_lcPushy": 0.624, "bus_lcSigma": 0.1105, "bus_lcSpeedGainRight": 4.3206, "bus_lcSublane": 0.8672, "bus_sigma": 0.0431, "bus_tau_mean": 3.7495, "bus_tau_std": 8.0433, "bus_v_mean": 10.0215, "bus_v_std": 0.3628, "car_acc": 0.7579, "car_dcc": 0.5206, "car_lcAssertive": 9.5859, "car_lcCooperative": 0.3849, "car_lcLookaheadLeft": 57.3325, "car_lcPushy": 0.8493, "car_lcSigma": 0.1189, "car_lcSpeedGainRight": 2.2834, "car_lcSublane": 0.3276, "car_sigma": 0.2356, "car_tau_mean": 0.5691, "car_tau_std": 7.1053, "car_v_mean": 9.554, "car_v_std": 15.099}, "datetime": {"datetime": "2024-08-10 13:32:48", "elapsed": 3418.306881, "delta": 5.363423}}
{"target": -0.3219765175936283, "params": {"bus_acc": 1.6302, "bus_dcc": 0.4114, "bus_lcAssertive": 14.6931, "bus_lcCooperative": 0.4213, "bus_lcLookaheadLeft": 60.2545, "bus_lcPushy": 0.6026, "bus_lcSigma": 0.7146, "bus_lcSpeedGainRight": 2.9298, "bus_lcSublane": 0.1406, "bus_sigma": 0.2403, "bus_tau_mean": 2.3991, "bus_tau_std": 6.5733, "bus_v_mean": 25.8441, "bus_v_std": 19.014, "car_acc": 2.6875, "car_dcc": 2.739, "car_lcAssertive": 66.0202, "car_lcCooperative": 0.6803, "car_lcLookaheadLeft": 91.5512, "car_lcPushy": 0.2777, "car_lcSigma": 0.9148, "car_lcSpeedGainRight": 3.275, "car_lcSublane": 0.6846, "car_sigma": 0.7711, "car_tau_mean": 1.0729, "car_tau_std": 4.3567, "car_v_mean": 11.8157, "car_v_std": 6.5737}, "datetime": {"datetime": "2024-08-10 13:32:52", "elapsed": 3422.482894, "delta": 4.176013}}
{"target": -0.3125320097905541, "params": {"bus_acc": 1.0668, "bus_dcc": 3.2252, "bus_lcAssertive": 56.2532, "bus_lcCooperative": 0.9134, "bus_lcLookaheadLeft": 22.8739, "bus_lcPushy": 0.7061, "bus_lcSigma": 0.9051, "bus_lcSpeedGainRight": 0.4029, "bus_lcSublane": 0.8702, "bus_sigma": 0.5626, "bus_tau_mean": 0.9158, "bus_tau_std": 3.7835, "bus_v_mean": 15.3913, "bus_v_std": 16.7345, "car_acc": 3.2023, "car_dcc": 1.4441, "car_lcAssertive": 7.0439, "car_lcCooperative": 0.2064, "car_lcLookaheadLeft": 26.0689, "car_lcPushy": 0.1331, "car_lcSigma": 0.3314, "car_lcSpeedGainRight": 2.7113, "car_lcSublane": 0.6834, "car_sigma": 0.6825, "car_tau_mean": 3.7494, "car_tau_std": 1.4069, "car_v_mean": 19.7075, "car_v_std": 12.0704}, "datetime": {"datetime": "2024-08-10 13:32:56", "elapsed": 3426.599879, "delta": 4.116985}}
{"target": -0.3574524397712893, "params": {"bus_acc": 3.7998, "bus_dcc": 2.3001, "bus_lcAssertive": 87.3075, "bus_lcCooperative": 0.353, "bus_lcLookaheadLeft": 9.116, "bus_lcPushy": 0.6496, "bus_lcSigma": 0.614, "bus_lcSpeedGainRight": 1.0445, "bus_lcSublane": 0.5531, "bus_sigma": 0.8973, "bus_tau_mean": 3.9549, "bus_tau_std": 7.851, "bus_v_mean": 19.9974, "bus_v_std": 10.5803, "car_acc": 1.4899, "car_dcc": 2.0172, "car_lcAssertive": 85.6293, "car_lcCooperative": 0.7556, "car_lcLookaheadLeft": 67.2019, "car_lcPushy": 0.2618, "car_lcSigma": 0.2191, "car_lcSpeedGainRight": 2.9045, "car_lcSublane": 0.8369, "car_sigma": 0.6137, "car_tau_mean": 2.7361, "car_tau_std": 7.3654, "car_v_mean": 11.5894, "car_v_std": 3.4353}, "datetime": {"datetime": "2024-08-10 13:32:59", "elapsed": 3429.147747, "delta": 2.547868}}
{"target": -0.2519285087250684, "params": {"bus_acc": 0.6097, "bus_dcc": 3.3308, "bus_lcAssertive": 22.6597, "bus_lcCooperative": 0.3395, "bus_lcLookaheadLeft": 54.0043, "bus_lcPushy": 0.057, "bus_lcSigma": 0.311, "bus_lcSpeedGainRight": 0.2338, "bus_lcSublane": 0.846, "bus_sigma": 0.9793, "bus_tau_mean": 2.6266, "bus_tau_std": 8.3942, "bus_v_mean": 25.7847, "bus_v_std": 8.0205, "car_acc": 1.538, "car_dcc": 0.5835, "car_lcAssertive": 61.9891, "car_lcCooperative": 0.2609, "car_lcLookaheadLeft": 66.2292, "car_lcPushy": 0.9495, "car_lcSigma": 0.2319, "car_lcSpeedGainRight": 2.8347, "car_lcSublane": 0.8479, "car_sigma": 0.0113, "car_tau_mean": 2.6257, "car_tau_std": 4.0949, "car_v_mean": 9.0634, "car_v_std": 16.3412}, "datetime": {"datetime": "2024-08-10 13:33:03", "elapsed": 3434.111404, "delta": 4.963657}}
{"target": -0.7306563931967265, "params": {"bus_acc": 2.0202, "bus_dcc": 3.9293, "bus_lcAssertive": 50.5225, "bus_lcCooperative": 0.0195, "bus_lcLookaheadLeft": 48.5648, "bus_lcPushy": 0.1917, "bus_lcSigma": 0.823, "bus_lcSpeedGainRight": 1.1304, "bus_lcSublane": 0.7876, "bus_sigma": 0.2883, "bus_tau_mean": 1.5907, "bus_tau_std": 1.7681, "bus_v_mean": 11.28, "bus_v_std": 14.8868, "car_acc": 3.5335, "car_dcc": 1.2029, "car_lcAssertive": 13.7125, "car_lcCooperative": 0.6393, "car_lcLookaheadLeft": 99.0531, "car_lcPushy": 0.96, "car_lcSigma": 0.7404, "car_lcSpeedGainRight": 1.6298, "car_lcSublane": 0.1752, "car_sigma": 0.757, "car_tau_mean": 1.5195, "car_tau_std": 0.0369, "car_v_mean": 25.484, "car_v_std": 0.8919}, "datetime": {"datetime": "2024-08-10 13:33:09", "elapsed": 3439.584301, "delta": 5.472897}}
{"target": -0.34201825276325576, "params": {"bus_acc": 2.9805, "bus_dcc": 3.4992, "bus_lcAssertive": 96.2391, "bus_lcCooperative": 0.8139, "bus_lcLookaheadLeft": 44.3608, "bus_lcPushy": 0.4251, "bus_lcSigma": 0.4956, "bus_lcSpeedGainRight": 2.0464, "bus_lcSublane": 0.9922, "bus_sigma": 0.2541, "bus_tau_mean": 0.8679, "bus_tau_std": 2.5302, "bus_v_mean": 25.7228, "bus_v_std": 7.0075, "car_acc": 0.9409, "car_dcc": 0.7607, "car_lcAssertive": 46.6324, "car_lcCooperative": 0.0714, "car_lcLookaheadLeft": 77.9558, "car_lcPushy": 0.2666, "car_lcSigma": 0.7034, "car_lcSpeedGainRight": 4.0503, "car_lcSublane": 0.8227, "car_sigma": 0.4315, "car_tau_mean": 3.1423, "car_tau_std": 7.7977, "car_v_mean": 25.7756, "car_v_std": 18.4347}, "datetime": {"datetime": "2024-08-10 13:33:15", "elapsed": 3445.595205, "delta": 6.010904}}
{"target": -0.7856820058568056, "params": {"bus_acc": 0.8878, "bus_dcc": 3.1669, "bus_lcAssertive": 2.2863, "bus_lcCooperative": 0.0387, "bus_lcLookaheadLeft": 97.4208, "bus_lcPushy": 0.6073, "bus_lcSigma": 0.155, "bus_lcSpeedGainRight": 2.3493, "bus_lcSublane": 0.9026, "bus_sigma": 0.592, "bus_tau_mean": 1.757, "bus_tau_std": 0.4978, "bus_v_mean": 25.115, "bus_v_std": 15.9828, "car_acc": 0.3461, "car_dcc": 3.8063, "car_lcAssertive": 67.3035, "car_lcCooperative": 0.7378, "car_lcLookaheadLeft": 20.2068, "car_lcPushy": 0.8489, "car_lcSigma": 0.4809, "car_lcSpeedGainRight": 2.5792, "car_lcSublane": 0.8012, "car_sigma": 0.9529, "car_tau_mean": 3.8332, "car_tau_std": 8.2815, "car_v_mean": 13.2187, "car_v_std": 12.9926}, "datetime": {"datetime": "2024-08-10 13:33:20", "elapsed": 3450.433403, "delta": 4.838198}}
{"target": -0.32595275515757843, "params": {"bus_acc": 2.2313, "bus_dcc": 2.4453, "bus_lcAssertive": 82.1472, "bus_lcCooperative": 0.0595, "bus_lcLookaheadLeft": 80.6778, "bus_lcPushy": 0.2611, "bus_lcSigma": 0.1203, "bus_lcSpeedGainRight": 0.2375, "bus_lcSublane": 0.5381, "bus_sigma": 0.7171, "bus_tau_mean": 3.4909, "bus_tau_std": 8.3286, "bus_v_mean": 12.3295, "bus_v_std": 10.6328, "car_acc": 3.0813, "car_dcc": 2.4636, "car_lcAssertive": 46.6138, "car_lcCooperative": 0.0035, "car_lcLookaheadLeft": 3.7163, "car_lcPushy": 0.5042, "car_lcSigma": 0.7806, "car_lcSpeedGainRight": 3.8893, "car_lcSublane": 0.5022, "car_sigma": 0.5929, "car_tau_mean": 3.5055, "car_tau_std": 4.9643, "car_v_mean": 15.4647, "car_v_std": 2.4716}, "datetime": {"datetime": "2024-08-10 13:33:26", "elapsed": 3456.450405, "delta": 6.017002}}
{"target": -0.36826272939804094, "params": {"bus_acc": 3.8568, "bus_dcc": 1.4448, "bus_lcAssertive": 29.0336, "bus_lcCooperative": 0.0028, "bus_lcLookaheadLeft": 61.9018, "bus_lcPushy": 0.3423, "bus_lcSigma": 0.8874, "bus_lcSpeedGainRight": 3.5124, "bus_lcSublane": 0.6643, "bus_sigma": 0.0337, "bus_tau_mean": 3.2961, "bus_tau_std": 2.7783, "bus_v_mean": 10.4273, "bus_v_std": 16.6284, "car_acc": 1.3822, "car_dcc": 1.9895, "car_lcAssertive": 6.1291, "car_lcCooperative": 0.8685, "car_lcLookaheadLeft": 46.6922, "car_lcPushy": 0.3883, "car_lcSigma": 0.5361, "car_lcSpeedGainRight": 1.4603, "car_lcSublane": 0.7173, "car_sigma": 0.4581, "car_tau_mean": 3.0288, "car_tau_std": 6.7918, "car_v_mean": 14.3967, "car_v_std": 14.2007}, "datetime": {"datetime": "2024-08-10 13:33:33", "elapsed": 3463.453192, "delta": 7.002787}}
{"target": -0.30909855048965673, "params": {"bus_acc": 1.6346, "bus_dcc": 1.1753, "bus_lcAssertive": 65.6102, "bus_lcCooperative": 0.5872, "bus_lcLookaheadLeft": 46.6956, "bus_lcPushy": 0.2122, "bus_lcSigma": 0.7515, "bus_lcSpeedGainRight": 3.8212, "bus_lcSublane": 0.7525, "bus_sigma": 0.9279, "bus_tau_mean": 2.33, "bus_tau_std": 7.0654, "bus_v_mean": 20.4777, "bus_v_std": 16.7431, "car_acc": 3.7434, "car_dcc": 2.6027, "car_lcAssertive": 12.1902, "car_lcCooperative": 0.259, "car_lcLookaheadLeft": 30.1282, "car_lcPushy": 0.6077, "car_lcSigma": 0.0757, "car_lcSpeedGainRight": 0.6568, "car_lcSublane": 0.7564, "car_sigma": 0.5495, "car_tau_mean": 2.2045, "car_tau_std": 6.7, "car_v_mean": 17.2989, "car_v_std": 3.7993}, "datetime": {"datetime": "2024-08-10 13:33:41", "elapsed": 3471.990566, "delta": 8.537374}}
{"target": -0.3649857888494506, "params": {"bus_acc": 2.2803, "bus_dcc": 3.8364, "bus_lcAssertive": 16.434, "bus_lcCooperative": 0.9496, "bus_lcLookaheadLeft": 98.9375, "bus_lcPushy": 0.7238, "bus_lcSigma": 0.9916, "bus_lcSpeedGainRight": 4.8652, "bus_lcSublane": 0.6988, "bus_sigma": 0.3472, "bus_tau_mean": 3.4977, "bus_tau_std": 0.8368, "bus_v_mean": 19.6036, "bus_v_std": 5.3484, "car_acc": 2.321, "car_dcc": 3.5961, "car_lcAssertive": 66.0556, "car_lcCooperative": 0.8663, "car_lcLookaheadLeft": 8.9392, "car_lcPushy": 0.6741, "car_lcSigma": 0.5781, "car_lcSpeedGainRight": 2.8449, "car_lcSublane": 0.3272, "car_sigma": 0.8899, "car_tau_mean": 3.5197, "car_tau_std": 3.776, "car_v_mean": 13.5737, "car_v_std": 18.9872}, "datetime": {"datetime": "2024-08-10 13:33:48", "elapsed": 3478.603381, "delta": 6.612815}}
{"target": -0.3111551929318151, "params": {"bus_acc": 3.2609, "bus_dcc": 1.1972, "bus_lcAssertive": 9.8851, "bus_lcCooperative": 0.4187, "bus_lcLookaheadLeft": 4.8587, "bus_lcPushy": 0.7622, "bus_lcSigma": 0.5017, "bus_lcSpeedGainRight": 2.3105, "bus_lcSublane": 0.1696, "bus_sigma": 0.4691, "bus_tau_mean": 1.4962, "bus_tau_std": 1.7455, "bus_v_mean": 18.9779, "bus_v_std": 17.3422, "car_acc": 2.3801, "car_dcc": 0.9532, "car_lcAssertive": 39.2395, "car_lcCooperative": 0.8093, "car_lcLookaheadLeft": 49.2185, "car_lcPushy": 0.953, "car_lcSigma": 0.2965, "car_lcSpeedGainRight": 0.5309, "car_lcSublane": 0.6067, "car_sigma": 0.0875, "car_tau_mean": 3.4654, "car_tau_std": 5.0331, "car_v_mean": 10.3592, "car_v_std": 19.0377}, "datetime": {"datetime": "2024-08-10 13:33:55", "elapsed": 3485.821712, "delta": 7.218331}}
{"target": -0.31190238549335253, "params": {"bus_acc": 1.1323, "bus_dcc": 1.7586, "bus_lcAssertive": 16.4219, "bus_lcCooperative": 0.203, "bus_lcLookaheadLeft": 74.3841, "bus_lcPushy": 0.0911, "bus_lcSigma": 0.6696, "bus_lcSpeedGainRight": 4.7118, "bus_lcSublane": 0.8035, "bus_sigma": 0.5535, "bus_tau_mean": 3.9929, "bus_tau_std": 3.3831, "bus_v_mean": 24.5861, "bus_v_std": 9.7195, "car_acc": 2.1674, "car_dcc": 3.65, "car_lcAssertive": 10.4945, "car_lcCooperative": 0.421, "car_lcLookaheadLeft": 52.1207, "car_lcPushy": 0.602, "car_lcSigma": 0.309, "car_lcSpeedGainRight": 4.2525, "car_lcSublane": 0.7687, "car_sigma": 0.5359, "car_tau_mean": 2.263, "car_tau_std": 0.9744, "car_v_mean": 18.9428, "car_v_std": 18.7167}, "datetime": {"datetime": "2024-08-10 13:33:59", "elapsed": 3489.383772, "delta": 3.56206}}
