{"target": -0.2783762610866111, "params": {"bus_acc": 0.5717, "bus_dcc": 2.0661, "bus_lcAssertive": 36.2838, "bus_lcCooperative": 0.4293, "bus_lcLookaheadLeft": 78.9839, "bus_lcPushy": 0.2518, "bus_lcSigma": 0.2894, "bus_lcSpeedGainRight": 4.0543, "bus_lcSublane": 0.4881, "bus_sigma": 0.7938, "bus_tau_mean": 3.0211, "bus_tau_std": 2.7656, "bus_v_mean": 25.1896, "bus_v_std": 0.694, "car_acc": 3.653, "car_dcc": 0.4429, "car_lcAssertive": 35.3466, "car_lcCooperative": 0.1304, "car_lcLookaheadLeft": 63.1747, "car_lcPushy": 0.0896, "car_lcSigma": 0.3178, "car_lcSpeedGainRight": 4.5043, "car_lcSublane": 0.7934, "car_sigma": 0.0567, "car_tau_mean": 2.1309, "car_tau_std": 4.1731, "car_v_mean": 21.4969, "car_v_std": 10.288}, "datetime": {"datetime": "2024-08-10 15:45:38", "elapsed": 11388.261963, "delta": 6.632402}}
{"target": -0.36119151505562774, "params": {"bus_acc": 3.3919, "bus_dcc": 1.9286, "bus_lcAssertive": 19.2699, "bus_lcCooperative": 0.1243, "bus_lcLookaheadLeft": 56.4585, "bus_lcPushy": 0.1913, "bus_lcSigma": 0.9813, "bus_lcSpeedGainRight": 2.7978, "bus_lcSublane": 0.6396, "bus_sigma": 0.711, "bus_tau_mean": 3.4497, "bus_tau_std": 8.6988, "bus_v_mean": 10.4562, "bus_v_std": 13.4306, "car_acc": 2.6076, "car_dcc": 1.1447, "car_lcAssertive": 13.368, "car_lcCooperative": 0.8865, "car_lcLookaheadLeft": 81.0886, "car_lcPushy": 0.7785, "car_lcSigma": 0.8593, "car_lcSpeedGainRight": 4.8826, "car_lcSublane": 0.3525, "car_sigma": 0.0243, "car_tau_mean": 1.3453, "car_tau_std": 4.4706, "car_v_mean": 19.3762, "car_v_std": 1.2785}, "datetime": {"datetime": "2024-08-10 15:45:43", "elapsed": 11394.050759, "delta": 5.788796}}
{"target": -0.3681691326784742, "params": {"bus_acc": 2.309, "bus_dcc": 1.3725, "bus_lcAssertive": 45.2607, "bus_lcCooperative": 0.7554, "bus_lcLookaheadLeft": 23.2798, "bus_lcPushy": 0.4133, "bus_lcSigma": 0.9376, "bus_lcSpeedGainRight": 2.8574, "bus_lcSublane": 0.9196, "bus_sigma": 0.0099, "bus_tau_mean": 2.9661, "bus_tau_std": 9.9759, "bus_v_mean": 24.1289, "bus_v_std": 12.2912, "car_acc": 2.0523, "car_dcc": 2.289, "car_lcAssertive": 15.813, "car_lcCooperative": 0.4948, "car_lcLookaheadLeft": 49.0167, "car_lcPushy": 0.5236, "car_lcSigma": 0.861, "car_lcSpeedGainRight": 4.1134, "car_lcSublane": 0.542, "car_sigma": 0.5082, "car_tau_mean": 3.9731, "car_tau_std": 0.9075, "car_v_mean": 20.9574, "car_v_std": 5.9625}, "datetime": {"datetime": "2024-08-10 15:45:52", "elapsed": 11403.117401, "delta": 9.066642}}
{"target": -0.3022624396611398, "params": {"bus_acc": 2.9406, "bus_dcc": 2.1146, "bus_lcAssertive": 70.5461, "bus_lcCooperative": 0.6566, "bus_lcLookaheadLeft": 61.1704, "bus_lcPushy": 0.8283, "bus_lcSigma": 0.8768, "bus_lcSpeedGainRight": 4.9385, "bus_lcSublane": 0.1402, "bus_sigma": 0.9877, "bus_tau_mean": 3.6688, "bus_tau_std": 7.4679, "bus_v_mean": 21.6491, "bus_v_std": 4.5094, "car_acc": 3.7434, "car_dcc": 0.5799, "car_lcAssertive": 17.3432, "car_lcCooperative": 0.833, "car_lcLookaheadLeft": 94.0015, "car_lcPushy": 0.1311, "car_lcSigma": 0.7911, "car_lcSpeedGainRight": 2.0893, "car_lcSublane": 0.0638, "car_sigma": 0.8522, "car_tau_mean": 2.0969, "car_tau_std": 4.0105, "car_v_mean": 9.1708, "car_v_std": 16.9299}, "datetime": {"datetime": "2024-08-10 15:45:59", "elapsed": 11409.487934, "delta": 6.370533}}
{"target": -0.32176556713849697, "params": {"bus_acc": 3.7665, "bus_dcc": 2.8823, "bus_lcAssertive": 90.4714, "bus_lcCooperative": 0.2176, "bus_lcLookaheadLeft": 99.4642, "bus_lcPushy": 0.2142, "bus_lcSigma": 0.359, "bus_lcSpeedGainRight": 2.8371, "bus_lcSublane": 0.9402, "bus_sigma": 0.38, "bus_tau_mean": 2.8922, "bus_tau_std": 5.5321, "bus_v_mean": 19.9001, "bus_v_std": 6.4298, "car_acc": 3.265, "car_dcc": 3.7764, "car_lcAssertive": 36.0939, "car_lcCooperative": 0.9173, "car_lcLookaheadLeft": 13.6981, "car_lcPushy": 0.5172, "car_lcSigma": 0.1768, "car_lcSpeedGainRight": 3.6431, "car_lcSublane": 0.3414, "car_sigma": 0.0245, "car_tau_mean": 1.7983, "car_tau_std": 6.9928, "car_v_mean": 8.127, "car_v_std": 18.8623}, "datetime": {"datetime": "2024-08-10 15:46:08", "elapsed": 11418.477841, "delta": 8.989907}}
{"target": -0.35330950738331346, "params": {"bus_acc": 2.1339, "bus_dcc": 1.3405, "bus_lcAssertive": 92.806, "bus_lcCooperative": 0.88, "bus_lcLookaheadLeft": 61.9864, "bus_lcPushy": 0.823, "bus_lcSigma": 0.1289, "bus_lcSpeedGainRight": 2.37, "bus_lcSublane": 0.1791, "bus_sigma": 0.2598, "bus_tau_mean": 0.8071, "bus_tau_std": 9.052, "bus_v_mean": 15.2675, "bus_v_std": 16.045, "car_acc": 2.8654, "car_dcc": 0.9041, "car_lcAssertive": 32.4675, "car_lcCooperative": 0.3126, "car_lcLookaheadLeft": 18.3366, "car_lcPushy": 0.7516, "car_lcSigma": 0.2385, "car_lcSpeedGainRight": 3.2883, "car_lcSublane": 0.5075, "car_sigma": 0.0013, "car_tau_mean": 0.6032, "car_tau_std": 8.6047, "car_v_mean": 20.1654, "car_v_std": 6.2958}, "datetime": {"datetime": "2024-08-10 15:46:14", "elapsed": 11424.329138, "delta": 5.851297}}
{"target": -0.3235239579701446, "params": {"bus_acc": 1.1613, "bus_dcc": 1.2676, "bus_lcAssertive": 2.7917, "bus_lcCooperative": 0.0898, "bus_lcLookaheadLeft": 13.4398, "bus_lcPushy": 0.4254, "bus_lcSigma": 0.204, "bus_lcSpeedGainRight": 1.7147, "bus_lcSublane": 0.0714, "bus_sigma": 0.8302, "bus_tau_mean": 1.8625, "bus_tau_std": 8.8141, "bus_v_mean": 25.3854, "bus_v_std": 11.8296, "car_acc": 2.1668, "car_dcc": 1.5761, "car_lcAssertive": 66.534, "car_lcCooperative": 0.2906, "car_lcLookaheadLeft": 38.4262, "car_lcPushy": 0.4544, "car_lcSigma": 0.3584, "car_lcSpeedGainRight": 0.6159, "car_lcSublane": 0.8399, "car_sigma": 0.5609, "car_tau_mean": 3.3555, "car_tau_std": 5.0321, "car_v_mean": 19.0962, "car_v_std": 9.132}, "datetime": {"datetime": "2024-08-10 15:46:20", "elapsed": 11430.341718, "delta": 6.01258}}
{"target": -0.302152822023993, "params": {"bus_acc": 2.2297, "bus_dcc": 1.4885, "bus_lcAssertive": 49.531, "bus_lcCooperative": 0.7236, "bus_lcLookaheadLeft": 58.9431, "bus_lcPushy": 0.6732, "bus_lcSigma": 0.0216, "bus_lcSpeedGainRight": 2.8376, "bus_lcSublane": 0.4671, "bus_sigma": 0.4896, "bus_tau_mean": 2.2579, "bus_tau_std": 6.2365, "bus_v_mean": 19.6137, "bus_v_std": 19.7929, "car_acc": 3.3387, "car_dcc": 0.499, "car_lcAssertive": 78.4761, "car_lcCooperative": 0.7738, "car_lcLookaheadLeft": 36.0638, "car_lcPushy": 0.0137, "car_lcSigma": 0.3535, "car_lcSpeedGainRight": 1.7632, "car_lcSublane": 0.3724, "car_sigma": 0.8806, "car_tau_mean": 3.0844, "car_tau_std": 1.0087, "car_v_mean": 21.4041, "car_v_std": 12.3127}, "datetime": {"datetime": "2024-08-10 15:46:30", "elapsed": 11440.496351, "delta": 10.154633}}
{"target": -0.37462278713331565, "params": {"bus_acc": 0.4906, "bus_dcc": 3.7972, "bus_lcAssertive": 13.5806, "bus_lcCooperative": 0.4475, "bus_lcLookaheadLeft": 40.2717, "bus_lcPushy": 0.9497, "bus_lcSigma": 0.5992, "bus_lcSpeedGainRight": 4.7463, "bus_lcSublane": 0.1234, "bus_sigma": 0.2971, "bus_tau_mean": 0.8313, "bus_tau_std": 3.1598, "bus_v_mean": 21.4914, "bus_v_std": 1.247, "car_acc": 1.7088, "car_dcc": 2.3328, "car_lcAssertive": 35.9405, "car_lcCooperative": 0.1814, "car_lcLookaheadLeft": 20.9758, "car_lcPushy": 0.906, "car_lcSigma": 0.7856, "car_lcSpeedGainRight": 2.8816, "car_lcSublane": 0.1523, "car_sigma": 0.6408, "car_tau_mean": 1.564, "car_tau_std": 3.0858, "car_v_mean": 22.1913, "car_v_std": 12.8852}, "datetime": {"datetime": "2024-08-10 15:46:40", "elapsed": 11450.589554, "delta": 10.093203}}
{"target": -0.4931487296841111, "params": {"bus_acc": 0.2481, "bus_dcc": 3.2025, "bus_lcAssertive": 41.615, "bus_lcCooperative": 0.6205, "bus_lcLookaheadLeft": 62.3562, "bus_lcPushy": 0.0433, "bus_lcSigma": 0.0604, "bus_lcSpeedGainRight": 4.0604, "bus_lcSublane": 0.9072, "bus_sigma": 0.2142, "bus_tau_mean": 1.9995, "bus_tau_std": 6.2742, "bus_v_mean": 15.8179, "bus_v_std": 19.3496, "car_acc": 1.0814, "car_dcc": 1.771, "car_lcAssertive": 1.4108, "car_lcCooperative": 0.8518, "car_lcLookaheadLeft": 50.9175, "car_lcPushy": 0.1583, "car_lcSigma": 0.4349, "car_lcSpeedGainRight": 4.7029, "car_lcSublane": 0.0436, "car_sigma": 0.1168, "car_tau_mean": 2.8003, "car_tau_std": 6.4467, "car_v_mean": 18.5409, "car_v_std": 18.5465}, "datetime": {"datetime": "2024-08-10 15:46:46", "elapsed": 11456.41806, "delta": 5.828506}}
{"target": -0.46178943004708156, "params": {"bus_acc": 1.4519, "bus_dcc": 3.4074, "bus_lcAssertive": 17.2616, "bus_lcCooperative": 0.9058, "bus_lcLookaheadLeft": 81.6087, "bus_lcPushy": 0.819, "bus_lcSigma": 0.5079, "bus_lcSpeedGainRight": 4.3447, "bus_lcSublane": 0.5428, "bus_sigma": 0.5138, "bus_tau_mean": 1.182, "bus_tau_std": 5.775, "bus_v_mean": 24.7111, "bus_v_std": 10.4932, "car_acc": 1.0276, "car_dcc": 2.0741, "car_lcAssertive": 66.3202, "car_lcCooperative": 0.0423, "car_lcLookaheadLeft": 7.0561, "car_lcPushy": 0.4049, "car_lcSigma": 0.8897, "car_lcSpeedGainRight": 4.1144, "car_lcSublane": 0.0137, "car_sigma": 0.7694, "car_tau_mean": 1.676, "car_tau_std": 4.0417, "car_v_mean": 22.0644, "car_v_std": 14.7849}, "datetime": {"datetime": "2024-08-10 15:46:52", "elapsed": 11462.416203, "delta": 5.998143}}
{"target": -0.22080598123098275, "params": {"bus_acc": 0.5128, "bus_dcc": 2.8845, "bus_lcAssertive": 42.339, "bus_lcCooperative": 0.2704, "bus_lcLookaheadLeft": 91.6938, "bus_lcPushy": 0.2151, "bus_lcSigma": 0.2946, "bus_lcSpeedGainRight": 2.4375, "bus_lcSublane": 0.398, "bus_sigma": 0.6035, "bus_tau_mean": 1.9053, "bus_tau_std": 5.1392, "bus_v_mean": 19.4391, "bus_v_std": 6.1304, "car_acc": 2.7335, "car_dcc": 0.5609, "car_lcAssertive": 47.3795, "car_lcCooperative": 0.6046, "car_lcLookaheadLeft": 71.7626, "car_lcPushy": 0.4822, "car_lcSigma": 0.9279, "car_lcSpeedGainRight": 4.4628, "car_lcSublane": 0.3784, "car_sigma": 0.2459, "car_tau_mean": 2.8051, "car_tau_std": 1.5271, "car_v_mean": 9.4951, "car_v_std": 7.1646}, "datetime": {"datetime": "2024-08-10 15:46:57", "elapsed": 11467.553342, "delta": 5.137139}}
{"target": -0.4582357211779107, "params": {"bus_acc": 1.0977, "bus_dcc": 3.8564, "bus_lcAssertive": 20.5437, "bus_lcCooperative": 0.1448, "bus_lcLookaheadLeft": 93.1791, "bus_lcPushy": 0.4623, "bus_lcSigma": 0.2698, "bus_lcSpeedGainRight": 0.829, "bus_lcSublane": 0.4062, "bus_sigma": 0.2321, "bus_tau_mean": 3.1864, "bus_tau_std": 4.8321, "bus_v_mean": 14.6435, "bus_v_std": 4.5623, "car_acc": 0.6611, "car_dcc": 1.4781, "car_lcAssertive": 59.9545, "car_lcCooperative": 0.8792, "car_lcLookaheadLeft": 43.6192, "car_lcPushy": 0.7806, "car_lcSigma": 0.1634, "car_lcSpeedGainRight": 4.9159, "car_lcSublane": 0.8134, "car_sigma": 0.2787, "car_tau_mean": 3.1777, "car_tau_std": 2.0117, "car_v_mean": 19.5989, "car_v_std": 8.2541}, "datetime": {"datetime": "2024-08-10 15:47:07", "elapsed": 11478.085163, "delta": 10.531821}}
{"target": -0.46251427481768576, "params": {"bus_acc": 0.6419, "bus_dcc": 1.9045, "bus_lcAssertive": 8.098, "bus_lcCooperative": 0.9236, "bus_lcLookaheadLeft": 10.5396, "bus_lcPushy": 0.0052, "bus_lcSigma": 0.7407, "bus_lcSpeedGainRight": 4.0894, "bus_lcSublane": 0.0719, "bus_sigma": 0.3892, "bus_tau_mean": 3.838, "bus_tau_std": 3.1201, "bus_v_mean": 22.8132, "bus_v_std": 18.0426, "car_acc": 1.0174, "car_dcc": 1.1559, "car_lcAssertive": 79.6625, "car_lcCooperative": 0.5602, "car_lcLookaheadLeft": 72.679, "car_lcPushy": 0.6936, "car_lcSigma": 0.6827, "car_lcSpeedGainRight": 3.2453, "car_lcSublane": 0.2631, "car_sigma": 0.7078, "car_tau_mean": 2.9495, "car_tau_std": 9.2503, "car_v_mean": 12.1449, "car_v_std": 14.7651}, "datetime": {"datetime": "2024-08-10 15:47:16", "elapsed": 11486.587413, "delta": 8.50225}}
{"target": -0.4826732760428419, "params": {"bus_acc": 1.3089, "bus_dcc": 1.8799, "bus_lcAssertive": 96.0094, "bus_lcCooperative": 0.2205, "bus_lcLookaheadLeft": 31.9491, "bus_lcPushy": 0.6133, "bus_lcSigma": 0.9324, "bus_lcSpeedGainRight": 0.5602, "bus_lcSublane": 0.5161, "bus_sigma": 0.1005, "bus_tau_mean": 3.9067, "bus_tau_std": 1.169, "bus_v_mean": 12.1685, "bus_v_std": 14.8244, "car_acc": 0.8133, "car_dcc": 3.5473, "car_lcAssertive": 53.3011, "car_lcCooperative": 0.5434, "car_lcLookaheadLeft": 23.6482, "car_lcPushy": 0.0902, "car_lcSigma": 0.7081, "car_lcSpeedGainRight": 4.1797, "car_lcSublane": 0.379, "car_sigma": 0.1604, "car_tau_mean": 3.7748, "car_tau_std": 3.5545, "car_v_mean": 24.6011, "car_v_std": 13.0311}, "datetime": {"datetime": "2024-08-10 15:47:24", "elapsed": 11494.643254, "delta": 8.055841}}
{"target": -0.2732247968384957, "params": {"bus_acc": 2.9956, "bus_dcc": 1.9755, "bus_lcAssertive": 90.7413, "bus_lcCooperative": 0.4652, "bus_lcLookaheadLeft": 96.9947, "bus_lcPushy": 0.0846, "bus_lcSigma": 0.7654, "bus_lcSpeedGainRight": 3.4687, "bus_lcSublane": 0.3287, "bus_sigma": 0.2576, "bus_tau_mean": 3.1446, "bus_tau_std": 2.8431, "bus_v_mean": 11.74, "bus_v_std": 14.6151, "car_acc": 3.5354, "car_dcc": 0.6739, "car_lcAssertive": 12.8391, "car_lcCooperative": 0.1003, "car_lcLookaheadLeft": 25.466, "car_lcPushy": 0.8582, "car_lcSigma": 0.813, "car_lcSpeedGainRight": 2.7469, "car_lcSublane": 0.207, "car_sigma": 0.3754, "car_tau_mean": 3.9469, "car_tau_std": 0.8612, "car_v_mean": 9.4122, "car_v_std": 14.0281}, "datetime": {"datetime": "2024-08-10 15:47:32", "elapsed": 11502.249978, "delta": 7.606724}}
{"target": -0.33539013547016383, "params": {"bus_acc": 3.656, "bus_dcc": 1.4382, "bus_lcAssertive": 95.1587, "bus_lcCooperative": 0.9849, "bus_lcLookaheadLeft": 27.0559, "bus_lcPushy": 0.7248, "bus_lcSigma": 0.8514, "bus_lcSpeedGainRight": 1.6359, "bus_lcSublane": 0.8308, "bus_sigma": 0.0369, "bus_tau_mean": 0.8169, "bus_tau_std": 3.6906, "bus_v_mean": 19.5838, "bus_v_std": 16.8238, "car_acc": 2.3848, "car_dcc": 0.6808, "car_lcAssertive": 38.3949, "car_lcCooperative": 0.8993, "car_lcLookaheadLeft": 77.2114, "car_lcPushy": 0.1911, "car_lcSigma": 0.6143, "car_lcSpeedGainRight": 0.7883, "car_lcSublane": 0.9473, "car_sigma": 0.4704, "car_tau_mean": 0.7635, "car_tau_std": 0.392, "car_v_mean": 15.7162, "car_v_std": 7.5789}, "datetime": {"datetime": "2024-08-10 15:47:38", "elapsed": 11508.490477, "delta": 6.240499}}
{"target": -0.3359163575110225, "params": {"bus_acc": 2.5324, "bus_dcc": 0.5399, "bus_lcAssertive": 87.549, "bus_lcCooperative": 0.6304, "bus_lcLookaheadLeft": 95.463, "bus_lcPushy": 0.5805, "bus_lcSigma": 0.4842, "bus_lcSpeedGainRight": 3.0235, "bus_lcSublane": 0.7996, "bus_sigma": 0.7875, "bus_tau_mean": 3.7612, "bus_tau_std": 2.796, "bus_v_mean": 10.1079, "bus_v_std": 15.844, "car_acc": 1.3082, "car_dcc": 3.7233, "car_lcAssertive": 81.5461, "car_lcCooperative": 0.573, "car_lcLookaheadLeft": 10.3003, "car_lcPushy": 0.881, "car_lcSigma": 0.7292, "car_lcSpeedGainRight": 3.7891, "car_lcSublane": 0.0356, "car_sigma": 0.0354, "car_tau_mean": 1.9231, "car_tau_std": 8.2339, "car_v_mean": 16.5153, "car_v_std": 2.7666}, "datetime": {"datetime": "2024-08-10 15:47:53", "elapsed": 11523.791349, "delta": 15.300872}}
{"target": -0.3518209361663834, "params": {"bus_acc": 3.7832, "bus_dcc": 3.903, "bus_lcAssertive": 88.3698, "bus_lcCooperative": 0.7412, "bus_lcLookaheadLeft": 38.3734, "bus_lcPushy": 0.6892, "bus_lcSigma": 0.0601, "bus_lcSpeedGainRight": 3.0432, "bus_lcSublane": 0.7682, "bus_sigma": 0.4833, "bus_tau_mean": 0.816, "bus_tau_std": 4.4266, "bus_v_mean": 20.1818, "bus_v_std": 17.5209, "car_acc": 2.4754, "car_dcc": 3.8166, "car_lcAssertive": 82.8983, "car_lcCooperative": 0.5715, "car_lcLookaheadLeft": 19.1608, "car_lcPushy": 0.2012, "car_lcSigma": 0.0209, "car_lcSpeedGainRight": 4.5752, "car_lcSublane": 0.5353, "car_sigma": 0.7851, "car_tau_mean": 1.6585, "car_tau_std": 6.4396, "car_v_mean": 23.7327, "car_v_std": 19.2009}, "datetime": {"datetime": "2024-08-10 15:47:59", "elapsed": 11529.29596, "delta": 5.504611}}
{"target": -0.28174044898835443, "params": {"bus_acc": 2.555, "bus_dcc": 2.7547, "bus_lcAssertive": 36.9598, "bus_lcCooperative": 0.808, "bus_lcLookaheadLeft": 18.7518, "bus_lcPushy": 0.3277, "bus_lcSigma": 0.7749, "bus_lcSpeedGainRight": 1.3207, "bus_lcSublane": 0.0439, "bus_sigma": 0.3659, "bus_tau_mean": 1.1837, "bus_tau_std": 7.7161, "bus_v_mean": 17.1358, "bus_v_std": 11.4203, "car_acc": 3.1296, "car_dcc": 2.452, "car_lcAssertive": 1.3226, "car_lcCooperative": 0.5136, "car_lcLookaheadLeft": 65.8691, "car_lcPushy": 0.2126, "car_lcSigma": 0.2283, "car_lcSpeedGainRight": 2.5823, "car_lcSublane": 0.9962, "car_sigma": 0.407, "car_tau_mean": 3.3846, "car_tau_std": 6.3726, "car_v_mean": 20.9439, "car_v_std": 12.0353}, "datetime": {"datetime": "2024-08-10 15:48:05", "elapsed": 11535.206982, "delta": 5.911022}}
{"target": -0.27918521626401777, "params": {"bus_acc": 2.8705, "bus_dcc": 2.3743, "bus_lcAssertive": 78.6553, "bus_lcCooperative": 0.2489, "bus_lcLookaheadLeft": 89.3492, "bus_lcPushy": 0.5238, "bus_lcSigma": 0.5466, "bus_lcSpeedGainRight": 1.0185, "bus_lcSublane": 0.05, "bus_sigma": 0.3818, "bus_tau_mean": 0.7756, "bus_tau_std": 2.9102, "bus_v_mean": 15.0685, "bus_v_std": 10.8112, "car_acc": 0.901, "car_dcc": 3.0086, "car_lcAssertive": 90.7164, "car_lcCooperative": 0.7606, "car_lcLookaheadLeft": 50.0955, "car_lcPushy": 0.8147, "car_lcSigma": 0.1769, "car_lcSpeedGainRight": 0.732, "car_lcSublane": 0.8653, "car_sigma": 0.0922, "car_tau_mean": 0.8197, "car_tau_std": 1.8376, "car_v_mean": 12.2436, "car_v_std": 8.5044}, "datetime": {"datetime": "2024-08-10 15:48:14", "elapsed": 11544.684115, "delta": 9.477133}}
{"target": -0.37544391614456485, "params": {"bus_acc": 2.6683, "bus_dcc": 1.6114, "bus_lcAssertive": 20.9243, "bus_lcCooperative": 0.8504, "bus_lcLookaheadLeft": 7.1356, "bus_lcPushy": 0.4768, "bus_lcSigma": 0.0725, "bus_lcSpeedGainRight": 2.651, "bus_lcSublane": 0.4857, "bus_sigma": 0.6704, "bus_tau_mean": 2.5298, "bus_tau_std": 5.2924, "bus_v_mean": 21.6569, "bus_v_std": 8.8663, "car_acc": 1.2837, "car_dcc": 2.4862, "car_lcAssertive": 88.4836, "car_lcCooperative": 0.6566, "car_lcLookaheadLeft": 91.9307, "car_lcPushy": 0.1074, "car_lcSigma": 0.3983, "car_lcSpeedGainRight": 2.3189, "car_lcSublane": 0.0278, "car_sigma": 0.1516, "car_tau_mean": 3.1032, "car_tau_std": 5.7358, "car_v_mean": 24.2966, "car_v_std": 4.5735}, "datetime": {"datetime": "2024-08-10 15:48:23", "elapsed": 11553.468757, "delta": 8.784642}}
{"target": -0.28554647173980885, "params": {"bus_acc": 3.8354, "bus_dcc": 0.5264, "bus_lcAssertive": 54.5446, "bus_lcCooperative": 0.5721, "bus_lcLookaheadLeft": 20.3142, "bus_lcPushy": 0.7792, "bus_lcSigma": 0.2482, "bus_lcSpeedGainRight": 2.8328, "bus_lcSublane": 0.1547, "bus_sigma": 0.5033, "bus_tau_mean": 1.2803, "bus_tau_std": 1.6331, "bus_v_mean": 19.3017, "bus_v_std": 1.4618, "car_acc": 3.9322, "car_dcc": 0.826, "car_lcAssertive": 93.9533, "car_lcCooperative": 0.7999, "car_lcLookaheadLeft": 28.1299, "car_lcPushy": 0.2178, "car_lcSigma": 0.7425, "car_lcSpeedGainRight": 3.7176, "car_lcSublane": 0.7807, "car_sigma": 0.6622, "car_tau_mean": 0.718, "car_tau_std": 2.068, "car_v_mean": 13.1934, "car_v_std": 2.0299}, "datetime": {"datetime": "2024-08-10 15:48:29", "elapsed": 11559.263115, "delta": 5.794358}}
{"target": -0.32805915810741376, "params": {"bus_acc": 2.2337, "bus_dcc": 2.8896, "bus_lcAssertive": 92.5899, "bus_lcCooperative": 0.2022, "bus_lcLookaheadLeft": 93.1171, "bus_lcPushy": 0.2436, "bus_lcSigma": 0.6853, "bus_lcSpeedGainRight": 2.3504, "bus_lcSublane": 0.5075, "bus_sigma": 0.1366, "bus_tau_mean": 3.1081, "bus_tau_std": 4.2389, "bus_v_mean": 8.5107, "bus_v_std": 13.8791, "car_acc": 3.2771, "car_dcc": 3.9826, "car_lcAssertive": 21.1087, "car_lcCooperative": 0.3286, "car_lcLookaheadLeft": 27.2753, "car_lcPushy": 0.3958, "car_lcSigma": 0.2319, "car_lcSpeedGainRight": 4.1733, "car_lcSublane": 0.1379, "car_sigma": 0.0991, "car_tau_mean": 0.569, "car_tau_std": 5.3549, "car_v_mean": 24.3892, "car_v_std": 18.1261}, "datetime": {"datetime": "2024-08-10 15:48:38", "elapsed": 11568.734212, "delta": 9.471097}}
{"target": -0.29422550781226303, "params": {"bus_acc": 2.1788, "bus_dcc": 2.2938, "bus_lcAssertive": 86.8549, "bus_lcCooperative": 0.6552, "bus_lcLookaheadLeft": 56.6066, "bus_lcPushy": 0.2981, "bus_lcSigma": 0.2513, "bus_lcSpeedGainRight": 2.666, "bus_lcSublane": 0.5489, "bus_sigma": 0.9727, "bus_tau_mean": 2.0273, "bus_tau_std": 5.4929, "bus_v_mean": 10.8187, "bus_v_std": 6.4996, "car_acc": 3.5169, "car_dcc": 0.5975, "car_lcAssertive": 5.4459, "car_lcCooperative": 0.4126, "car_lcLookaheadLeft": 55.7783, "car_lcPushy": 0.21, "car_lcSigma": 0.0059, "car_lcSpeedGainRight": 4.8409, "car_lcSublane": 0.5453, "car_sigma": 0.6964, "car_tau_mean": 3.0086, "car_tau_std": 0.531, "car_v_mean": 18.8271, "car_v_std": 0.8398}, "datetime": {"datetime": "2024-08-10 15:48:48", "elapsed": 11578.72455, "delta": 9.990338}}
{"target": -0.4167047916034747, "params": {"bus_acc": 1.0411, "bus_dcc": 3.7535, "bus_lcAssertive": 64.8668, "bus_lcCooperative": 0.7726, "bus_lcLookaheadLeft": 9.8264, "bus_lcPushy": 0.1039, "bus_lcSigma": 0.6209, "bus_lcSpeedGainRight": 3.6097, "bus_lcSublane": 0.6904, "bus_sigma": 0.2298, "bus_tau_mean": 3.2745, "bus_tau_std": 3.1714, "bus_v_mean": 8.4888, "bus_v_std": 12.1364, "car_acc": 1.2371, "car_dcc": 3.9031, "car_lcAssertive": 32.584, "car_lcCooperative": 0.2122, "car_lcLookaheadLeft": 24.6273, "car_lcPushy": 0.386, "car_lcSigma": 0.2157, "car_lcSpeedGainRight": 3.0521, "car_lcSublane": 0.4125, "car_sigma": 0.0923, "car_tau_mean": 1.5044, "car_tau_std": 2.0472, "car_v_mean": 22.229, "car_v_std": 7.1166}, "datetime": {"datetime": "2024-08-10 15:48:54", "elapsed": 11584.873077, "delta": 6.148527}}
