{"target": -0.32667328070723306, "params": {"bus_acc": 3.6825, "bus_dcc": 2.281, "bus_lcAssertive": 40.3225, "bus_lcCooperative": 0.5025, "bus_lcLookaheadLeft": 26.2185, "bus_lcPushy": 0.6704, "bus_lcSigma": 0.469, "bus_lcSpeedGainRight": 0.283, "bus_lcSublane": 0.911, "bus_sigma": 0.0955, "bus_tau_mean": 2.7055, "bus_tau_std": 8.212, "bus_v_mean": 23.4714, "bus_v_std": 5.8086, "car_acc": 2.6855, "car_dcc": 2.2461, "car_lcAssertive": 58.8795, "car_lcCooperative": 0.1897, "car_lcLookaheadLeft": 92.6489, "car_lcPushy": 0.7446, "car_lcSigma": 0.4523, "car_lcSpeedGainRight": 2.5709, "car_lcSublane": 0.0377, "car_sigma": 0.6511, "car_tau_mean": 2.1801, "car_tau_std": 6.3022, "car_v_mean": 13.0031, "car_v_std": 10.3433}, "datetime": {"datetime": "2024-08-10 13:15:06", "elapsed": 2356.263777, "delta": 6.421033}}
{"target": -0.3029017935947414, "params": {"bus_acc": 3.1596, "bus_dcc": 2.3421, "bus_lcAssertive": 11.6322, "bus_lcCooperative": 0.5992, "bus_lcLookaheadLeft": 9.2117, "bus_lcPushy": 0.2301, "bus_lcSigma": 0.4998, "bus_lcSpeedGainRight": 2.9501, "bus_lcSublane": 0.5261, "bus_sigma": 0.7522, "bus_tau_mean": 3.2219, "bus_tau_std": 4.5183, "bus_v_mean": 16.3298, "bus_v_std": 16.0336, "car_acc": 3.8264, "car_dcc": 3.8205, "car_lcAssertive": 32.08, "car_lcCooperative": 0.4378, "car_lcLookaheadLeft": 61.6517, "car_lcPushy": 0.2799, "car_lcSigma": 0.3278, "car_lcSpeedGainRight": 3.3405, "car_lcSublane": 0.8382, "car_sigma": 0.3935, "car_tau_mean": 0.7675, "car_tau_std": 6.9118, "car_v_mean": 14.433, "car_v_std": 11.5432}, "datetime": {"datetime": "2024-08-10 13:15:09", "elapsed": 2359.226569, "delta": 2.962792}}
{"target": -0.4100631601307867, "params": {"bus_acc": 1.1569, "bus_dcc": 3.1109, "bus_lcAssertive": 30.152, "bus_lcCooperative": 0.8448, "bus_lcLookaheadLeft": 27.6415, "bus_lcPushy": 0.595, "bus_lcSigma": 0.8715, "bus_lcSpeedGainRight": 1.0974, "bus_lcSublane": 0.1826, "bus_sigma": 0.9655, "bus_tau_mean": 3.7205, "bus_tau_std": 8.8245, "bus_v_mean": 10.9465, "bus_v_std": 10.7916, "car_acc": 0.8986, "car_dcc": 3.6701, "car_lcAssertive": 73.975, "car_lcCooperative": 0.6201, "car_lcLookaheadLeft": 79.486, "car_lcPushy": 0.193, "car_lcSigma": 0.5845, "car_lcSpeedGainRight": 0.5176, "car_lcSublane": 0.5546, "car_sigma": 0.0767, "car_tau_mean": 2.2999, "car_tau_std": 3.2952, "car_v_mean": 17.8043, "car_v_std": 1.6024}, "datetime": {"datetime": "2024-08-10 13:15:12", "elapsed": 2362.701906, "delta": 3.475337}}
{"target": -0.5874550524491892, "params": {"bus_acc": 3.4617, "bus_dcc": 0.6412, "bus_lcAssertive": 18.6304, "bus_lcCooperative": 0.5022, "bus_lcLookaheadLeft": 28.9988, "bus_lcPushy": 0.2499, "bus_lcSigma": 0.3409, "bus_lcSpeedGainRight": 4.8612, "bus_lcSublane": 0.2649, "bus_sigma": 0.0293, "bus_tau_mean": 0.5236, "bus_tau_std": 5.2364, "bus_v_mean": 25.0441, "bus_v_std": 16.1352, "car_acc": 0.4507, "car_dcc": 3.9625, "car_lcAssertive": 40.9177, "car_lcCooperative": 0.9436, "car_lcLookaheadLeft": 58.958, "car_lcPushy": 0.9433, "car_lcSigma": 0.7847, "car_lcSpeedGainRight": 1.0258, "car_lcSublane": 0.9832, "car_sigma": 0.9633, "car_tau_mean": 0.6511, "car_tau_std": 5.8371, "car_v_mean": 20.4516, "car_v_std": 6.7023}, "datetime": {"datetime": "2024-08-10 13:15:18", "elapsed": 2368.17177, "delta": 5.469864}}
{"target": -0.3467493991334603, "params": {"bus_acc": 2.9784, "bus_dcc": 1.7451, "bus_lcAssertive": 86.9059, "bus_lcCooperative": 0.9022, "bus_lcLookaheadLeft": 30.4759, "bus_lcPushy": 0.4907, "bus_lcSigma": 0.2705, "bus_lcSpeedGainRight": 2.418, "bus_lcSublane": 0.8666, "bus_sigma": 0.4473, "bus_tau_mean": 2.7197, "bus_tau_std": 1.536, "bus_v_mean": 16.9133, "bus_v_std": 2.3884, "car_acc": 1.5511, "car_dcc": 1.268, "car_lcAssertive": 10.0772, "car_lcCooperative": 0.8122, "car_lcLookaheadLeft": 65.9897, "car_lcPushy": 0.1557, "car_lcSigma": 0.0677, "car_lcSpeedGainRight": 4.1823, "car_lcSublane": 0.7757, "car_sigma": 0.4841, "car_tau_mean": 1.3365, "car_tau_std": 6.0898, "car_v_mean": 10.9932, "car_v_std": 7.4225}, "datetime": {"datetime": "2024-08-10 13:15:22", "elapsed": 2372.249661, "delta": 4.077891}}
{"target": -0.3758919285468214, "params": {"bus_acc": 0.3829, "bus_dcc": 1.1347, "bus_lcAssertive": 7.3482, "bus_lcCooperative": 0.767, "bus_lcLookaheadLeft": 86.5133, "bus_lcPushy": 0.9661, "bus_lcSigma": 0.8149, "bus_lcSpeedGainRight": 4.151, "bus_lcSublane": 0.338, "bus_sigma": 0.8977, "bus_tau_mean": 2.1837, "bus_tau_std": 4.5219, "bus_v_mean": 16.5557, "bus_v_std": 0.9684, "car_acc": 3.521, "car_dcc": 2.1868, "car_lcAssertive": 46.1295, "car_lcCooperative": 0.7788, "car_lcLookaheadLeft": 46.874, "car_lcPushy": 0.4234, "car_lcSigma": 0.3605, "car_lcSpeedGainRight": 1.0594, "car_lcSublane": 0.2792, "car_sigma": 0.1539, "car_tau_mean": 3.2539, "car_tau_std": 2.14, "car_v_mean": 18.9174, "car_v_std": 14.6792}, "datetime": {"datetime": "2024-08-10 13:15:27", "elapsed": 2377.798572, "delta": 5.548911}}
{"target": -0.31786205820943597, "params": {"bus_acc": 1.4266, "bus_dcc": 3.8091, "bus_lcAssertive": 82.529, "bus_lcCooperative": 0.3956, "bus_lcLookaheadLeft": 51.0991, "bus_lcPushy": 0.177, "bus_lcSigma": 0.7172, "bus_lcSpeedGainRight": 1.5938, "bus_lcSublane": 0.2899, "bus_sigma": 0.8588, "bus_tau_mean": 3.3393, "bus_tau_std": 1.6075, "bus_v_mean": 18.8355, "bus_v_std": 11.0176, "car_acc": 3.3368, "car_dcc": 3.4787, "car_lcAssertive": 90.7712, "car_lcCooperative": 0.3954, "car_lcLookaheadLeft": 70.7602, "car_lcPushy": 0.8965, "car_lcSigma": 0.2874, "car_lcSpeedGainRight": 0.4444, "car_lcSublane": 0.8383, "car_sigma": 0.6661, "car_tau_mean": 3.585, "car_tau_std": 9.4205, "car_v_mean": 17.7548, "car_v_std": 15.3027}, "datetime": {"datetime": "2024-08-10 13:15:31", "elapsed": 2382.102853, "delta": 4.304281}}
{"target": -0.3090782502706167, "params": {"bus_acc": 1.0735, "bus_dcc": 0.8718, "bus_lcAssertive": 19.1948, "bus_lcCooperative": 0.7862, "bus_lcLookaheadLeft": 59.6561, "bus_lcPushy": 0.5091, "bus_lcSigma": 0.8214, "bus_lcSpeedGainRight": 1.1704, "bus_lcSublane": 0.9255, "bus_sigma": 0.5772, "bus_tau_mean": 2.2629, "bus_tau_std": 7.0477, "bus_v_mean": 15.1926, "bus_v_std": 3.2941, "car_acc": 1.1793, "car_dcc": 0.8149, "car_lcAssertive": 19.1212, "car_lcCooperative": 0.9791, "car_lcLookaheadLeft": 79.1716, "car_lcPushy": 0.2497, "car_lcSigma": 0.3724, "car_lcSpeedGainRight": 4.6666, "car_lcSublane": 0.2929, "car_sigma": 0.0972, "car_tau_mean": 2.7901, "car_tau_std": 2.5787, "car_v_mean": 19.1812, "car_v_std": 18.5485}, "datetime": {"datetime": "2024-08-10 13:15:35", "elapsed": 2386.055181, "delta": 3.952328}}
{"target": -0.2815942426566845, "params": {"bus_acc": 0.9444, "bus_dcc": 1.9614, "bus_lcAssertive": 61.2371, "bus_lcCooperative": 0.3296, "bus_lcLookaheadLeft": 80.4166, "bus_lcPushy": 0.0289, "bus_lcSigma": 0.1211, "bus_lcSpeedGainRight": 0.0367, "bus_lcSublane": 0.2184, "bus_sigma": 0.0799, "bus_tau_mean": 2.2155, "bus_tau_std": 6.2485, "bus_v_mean": 21.9313, "bus_v_std": 16.7198, "car_acc": 3.5972, "car_dcc": 0.7622, "car_lcAssertive": 22.8989, "car_lcCooperative": 0.5579, "car_lcLookaheadLeft": 7.2147, "car_lcPushy": 0.2181, "car_lcSigma": 0.5261, "car_lcSpeedGainRight": 4.1867, "car_lcSublane": 0.8478, "car_sigma": 0.3717, "car_tau_mean": 2.4829, "car_tau_std": 6.1633, "car_v_mean": 10.9964, "car_v_std": 8.4209}, "datetime": {"datetime": "2024-08-10 13:15:41", "elapsed": 2391.244486, "delta": 5.189305}}
{"target": -0.34120840612387643, "params": {"bus_acc": 3.7398, "bus_dcc": 1.5165, "bus_lcAssertive": 77.353, "bus_lcCooperative": 0.5419, "bus_lcLookaheadLeft": 76.9768, "bus_lcPushy": 0.4719, "bus_lcSigma": 0.8677, "bus_lcSpeedGainRight": 0.2025, "bus_lcSublane": 0.5036, "bus_sigma": 0.8082, "bus_tau_mean": 0.7412, "bus_tau_std": 3.2384, "bus_v_mean": 22.7822, "bus_v_std": 17.1899, "car_acc": 2.0809, "car_dcc": 1.8985, "car_lcAssertive": 30.1943, "car_lcCooperative": 0.7873, "car_lcLookaheadLeft": 91.5332, "car_lcPushy": 0.4123, "car_lcSigma": 0.1866, "car_lcSpeedGainRight": 4.4901, "car_lcSublane": 0.208, "car_sigma": 0.6415, "car_tau_mean": 3.0921, "car_tau_std": 7.15, "car_v_mean": 24.2246, "car_v_std": 5.894}, "datetime": {"datetime": "2024-08-10 13:15:50", "elapsed": 2400.922727, "delta": 9.678241}}
{"target": -0.3227125598425451, "params": {"bus_acc": 0.4343, "bus_dcc": 2.5366, "bus_lcAssertive": 79.4823, "bus_lcCooperative": 0.1984, "bus_lcLookaheadLeft": 43.2184, "bus_lcPushy": 0.3859, "bus_lcSigma": 0.5654, "bus_lcSpeedGainRight": 2.5589, "bus_lcSublane": 0.0375, "bus_sigma": 0.7305, "bus_tau_mean": 1.2986, "bus_tau_std": 6.4894, "bus_v_mean": 17.5483, "bus_v_std": 7.8523, "car_acc": 2.3286, "car_dcc": 2.2416, "car_lcAssertive": 29.6775, "car_lcCooperative": 0.1547, "car_lcLookaheadLeft": 55.7994, "car_lcPushy": 0.0042, "car_lcSigma": 0.2588, "car_lcSpeedGainRight": 3.2132, "car_lcSublane": 0.1513, "car_sigma": 0.5888, "car_tau_mean": 1.6791, "car_tau_std": 3.1475, "car_v_mean": 21.7508, "car_v_std": 16.7269}, "datetime": {"datetime": "2024-08-10 13:15:59", "elapsed": 2409.711818, "delta": 8.789091}}
{"target": -0.3620315777990381, "params": {"bus_acc": 2.7599, "bus_dcc": 1.7743, "bus_lcAssertive": 85.799, "bus_lcCooperative": 0.5839, "bus_lcLookaheadLeft": 37.5638, "bus_lcPushy": 0.6547, "bus_lcSigma": 0.3792, "bus_lcSpeedGainRight": 4.5363, "bus_lcSublane": 0.4934, "bus_sigma": 0.1777, "bus_tau_mean": 2.6903, "bus_tau_std": 3.4864, "bus_v_mean": 14.3399, "bus_v_std": 8.9325, "car_acc": 0.846, "car_dcc": 0.8067, "car_lcAssertive": 73.2646, "car_lcCooperative": 0.7811, "car_lcLookaheadLeft": 57.4372, "car_lcPushy": 0.2166, "car_lcSigma": 0.7967, "car_lcSpeedGainRight": 3.0034, "car_lcSublane": 0.0253, "car_sigma": 0.7441, "car_tau_mean": 0.617, "car_tau_std": 6.288, "car_v_mean": 16.8658, "car_v_std": 2.0655}, "datetime": {"datetime": "2024-08-10 13:16:04", "elapsed": 2414.783136, "delta": 5.071318}}
{"target": -0.3305852172506724, "params": {"bus_acc": 0.4429, "bus_dcc": 2.4032, "bus_lcAssertive": 12.2918, "bus_lcCooperative": 0.2298, "bus_lcLookaheadLeft": 4.3687, "bus_lcPushy": 0.8792, "bus_lcSigma": 0.1305, "bus_lcSpeedGainRight": 1.8281, "bus_lcSublane": 0.3397, "bus_sigma": 0.7288, "bus_tau_mean": 1.0583, "bus_tau_std": 6.8144, "bus_v_mean": 23.2488, "bus_v_std": 17.1809, "car_acc": 3.7107, "car_dcc": 1.0356, "car_lcAssertive": 26.3459, "car_lcCooperative": 0.9768, "car_lcLookaheadLeft": 61.5151, "car_lcPushy": 0.9475, "car_lcSigma": 0.0865, "car_lcSpeedGainRight": 3.4011, "car_lcSublane": 0.3815, "car_sigma": 0.857, "car_tau_mean": 2.6106, "car_tau_std": 4.1319, "car_v_mean": 22.591, "car_v_std": 12.6321}, "datetime": {"datetime": "2024-08-10 13:16:14", "elapsed": 2424.382611, "delta": 9.599475}}
{"target": -0.3317764287945561, "params": {"bus_acc": 1.7284, "bus_dcc": 1.8104, "bus_lcAssertive": 50.5569, "bus_lcCooperative": 0.4581, "bus_lcLookaheadLeft": 8.8309, "bus_lcPushy": 0.3839, "bus_lcSigma": 0.9948, "bus_lcSpeedGainRight": 2.7303, "bus_lcSublane": 0.1339, "bus_sigma": 0.2763, "bus_tau_mean": 0.9569, "bus_tau_std": 6.429, "bus_v_mean": 22.1717, "bus_v_std": 8.6435, "car_acc": 2.9279, "car_dcc": 2.5177, "car_lcAssertive": 63.9096, "car_lcCooperative": 0.2658, "car_lcLookaheadLeft": 54.5803, "car_lcPushy": 0.31, "car_lcSigma": 0.7395, "car_lcSpeedGainRight": 4.5123, "car_lcSublane": 0.8324, "car_sigma": 0.4354, "car_tau_mean": 1.9535, "car_tau_std": 9.4274, "car_v_mean": 8.3198, "car_v_std": 9.7218}, "datetime": {"datetime": "2024-08-10 13:16:22", "elapsed": 2432.209652, "delta": 7.827041}}
{"target": -0.3196598154475459, "params": {"bus_acc": 1.0168, "bus_dcc": 0.4864, "bus_lcAssertive": 27.2232, "bus_lcCooperative": 0.001, "bus_lcLookaheadLeft": 21.7078, "bus_lcPushy": 0.9593, "bus_lcSigma": 0.9421, "bus_lcSpeedGainRight": 0.7804, "bus_lcSublane": 0.8382, "bus_sigma": 0.3134, "bus_tau_mean": 1.894, "bus_tau_std": 6.1671, "bus_v_mean": 18.8777, "bus_v_std": 3.3852, "car_acc": 2.2986, "car_dcc": 1.2538, "car_lcAssertive": 88.9357, "car_lcCooperative": 0.071, "car_lcLookaheadLeft": 77.4611, "car_lcPushy": 0.8384, "car_lcSigma": 0.2956, "car_lcSpeedGainRight": 0.7288, "car_lcSublane": 0.8784, "car_sigma": 0.794, "car_tau_mean": 2.4269, "car_tau_std": 8.1362, "car_v_mean": 13.2043, "car_v_std": 16.2077}, "datetime": {"datetime": "2024-08-10 13:16:27", "elapsed": 2437.691749, "delta": 5.482097}}
{"target": -0.332188790696251, "params": {"bus_acc": 1.8607, "bus_dcc": 3.2822, "bus_lcAssertive": 14.6073, "bus_lcCooperative": 0.1213, "bus_lcLookaheadLeft": 25.4121, "bus_lcPushy": 0.9512, "bus_lcSigma": 0.7327, "bus_lcSpeedGainRight": 4.8934, "bus_lcSublane": 0.374, "bus_sigma": 0.8868, "bus_tau_mean": 3.2608, "bus_tau_std": 5.2972, "bus_v_mean": 20.9419, "bus_v_std": 14.1804, "car_acc": 2.0521, "car_dcc": 3.2488, "car_lcAssertive": 82.9064, "car_lcCooperative": 0.2279, "car_lcLookaheadLeft": 28.4405, "car_lcPushy": 0.2327, "car_lcSigma": 0.2413, "car_lcSpeedGainRight": 1.3786, "car_lcSublane": 0.6205, "car_sigma": 0.357, "car_tau_mean": 3.1301, "car_tau_std": 3.7765, "car_v_mean": 10.3826, "car_v_std": 13.1183}, "datetime": {"datetime": "2024-08-10 13:16:32", "elapsed": 2443.063334, "delta": 5.371585}}
{"target": -0.47185734895659315, "params": {"bus_acc": 3.503, "bus_dcc": 2.1385, "bus_lcAssertive": 88.3078, "bus_lcCooperative": 0.1011, "bus_lcLookaheadLeft": 54.1751, "bus_lcPushy": 0.4111, "bus_lcSigma": 0.734, "bus_lcSpeedGainRight": 4.0502, "bus_lcSublane": 0.4907, "bus_sigma": 0.561, "bus_tau_mean": 1.4551, "bus_tau_std": 5.9435, "bus_v_mean": 24.5689, "bus_v_std": 0.5541, "car_acc": 2.328, "car_dcc": 0.5578, "car_lcAssertive": 94.2922, "car_lcCooperative": 0.8687, "car_lcLookaheadLeft": 92.4042, "car_lcPushy": 0.3697, "car_lcSigma": 0.9688, "car_lcSpeedGainRight": 0.7961, "car_lcSublane": 0.6167, "car_sigma": 0.6084, "car_tau_mean": 2.192, "car_tau_std": 8.7252, "car_v_mean": 24.2798, "car_v_std": 14.6437}, "datetime": {"datetime": "2024-08-10 13:16:37", "elapsed": 2447.14272, "delta": 4.079386}}
{"target": -0.9977454749539465, "params": {"bus_acc": 3.6584, "bus_dcc": 1.3882, "bus_lcAssertive": 85.1948, "bus_lcCooperative": 0.9641, "bus_lcLookaheadLeft": 28.0419, "bus_lcPushy": 0.066, "bus_lcSigma": 0.1078, "bus_lcSpeedGainRight": 4.0308, "bus_lcSublane": 0.5176, "bus_sigma": 0.4907, "bus_tau_mean": 2.4094, "bus_tau_std": 9.5182, "bus_v_mean": 13.0382, "bus_v_std": 16.2492, "car_acc": 0.2389, "car_dcc": 1.8652, "car_lcAssertive": 58.6134, "car_lcCooperative": 0.3961, "car_lcLookaheadLeft": 94.0026, "car_lcPushy": 0.883, "car_lcSigma": 0.1991, "car_lcSpeedGainRight": 1.6076, "car_lcSublane": 0.3071, "car_sigma": 0.6878, "car_tau_mean": 0.9813, "car_tau_std": 7.3539, "car_v_mean": 24.7825, "car_v_std": 8.0797}, "datetime": {"datetime": "2024-08-10 13:16:41", "elapsed": 2451.405683, "delta": 4.262963}}
{"target": -0.425463278709402, "params": {"bus_acc": 3.7604, "bus_dcc": 2.6083, "bus_lcAssertive": 15.2638, "bus_lcCooperative": 0.0774, "bus_lcLookaheadLeft": 51.466, "bus_lcPushy": 0.5936, "bus_lcSigma": 0.6574, "bus_lcSpeedGainRight": 2.3588, "bus_lcSublane": 0.9727, "bus_sigma": 0.8833, "bus_tau_mean": 2.3698, "bus_tau_std": 4.6991, "bus_v_mean": 23.566, "bus_v_std": 19.6491, "car_acc": 3.1875, "car_dcc": 3.3745, "car_lcAssertive": 27.4549, "car_lcCooperative": 0.3056, "car_lcLookaheadLeft": 71.306, "car_lcPushy": 0.8998, "car_lcSigma": 0.8758, "car_lcSpeedGainRight": 0.9994, "car_lcSublane": 0.8781, "car_sigma": 0.0006, "car_tau_mean": 1.7433, "car_tau_std": 2.7737, "car_v_mean": 23.3064, "car_v_std": 0.3595}, "datetime": {"datetime": "2024-08-10 13:16:48", "elapsed": 2458.263565, "delta": 6.857882}}
{"target": -0.2996226001457654, "params": {"bus_acc": 0.4382, "bus_dcc": 3.9527, "bus_lcAssertive": 80.9313, "bus_lcCooperative": 0.0282, "bus_lcLookaheadLeft": 78.6996, "bus_lcPushy": 0.1468, "bus_lcSigma": 0.1463, "bus_lcSpeedGainRight": 0.9987, "bus_lcSublane": 0.666, "bus_sigma": 0.0611, "bus_tau_mean": 1.1285, "bus_tau_std": 8.9447, "bus_v_mean": 12.1349, "bus_v_std": 6.2943, "car_acc": 2.9277, "car_dcc": 0.8597, "car_lcAssertive": 13.2751, "car_lcCooperative": 0.8875, "car_lcLookaheadLeft": 24.9374, "car_lcPushy": 0.3736, "car_lcSigma": 0.5075, "car_lcSpeedGainRight": 3.6876, "car_lcSublane": 0.1756, "car_sigma": 0.5606, "car_tau_mean": 3.6926, "car_tau_std": 9.163, "car_v_mean": 20.0996, "car_v_std": 5.6187}, "datetime": {"datetime": "2024-08-10 13:16:57", "elapsed": 2467.371755, "delta": 9.10819}}
{"target": -0.383865325295611, "params": {"bus_acc": 2.9487, "bus_dcc": 2.7803, "bus_lcAssertive": 30.4462, "bus_lcCooperative": 0.6417, "bus_lcLookaheadLeft": 61.5026, "bus_lcPushy": 0.7847, "bus_lcSigma": 0.416, "bus_lcSpeedGainRight": 1.9269, "bus_lcSublane": 0.4942, "bus_sigma": 0.1044, "bus_tau_mean": 2.4237, "bus_tau_std": 1.8581, "bus_v_mean": 25.4168, "bus_v_std": 13.3634, "car_acc": 1.266, "car_dcc": 3.8984, "car_lcAssertive": 43.52, "car_lcCooperative": 0.9988, "car_lcLookaheadLeft": 47.5457, "car_lcPushy": 0.7999, "car_lcSigma": 0.7542, "car_lcSpeedGainRight": 0.6038, "car_lcSublane": 0.3818, "car_sigma": 0.7473, "car_tau_mean": 3.7033, "car_tau_std": 7.7115, "car_v_mean": 25.813, "car_v_std": 6.7462}, "datetime": {"datetime": "2024-08-10 13:17:01", "elapsed": 2471.795167, "delta": 4.423412}}
{"target": -0.2761428813707565, "params": {"bus_acc": 2.8854, "bus_dcc": 3.7978, "bus_lcAssertive": 13.3137, "bus_lcCooperative": 0.8117, "bus_lcLookaheadLeft": 53.5531, "bus_lcPushy": 0.4166, "bus_lcSigma": 0.5497, "bus_lcSpeedGainRight": 0.7109, "bus_lcSublane": 0.1527, "bus_sigma": 0.1646, "bus_tau_mean": 2.123, "bus_tau_std": 9.7472, "bus_v_mean": 23.4766, "bus_v_std": 3.6619, "car_acc": 1.419, "car_dcc": 0.4073, "car_lcAssertive": 96.8948, "car_lcCooperative": 0.9914, "car_lcLookaheadLeft": 47.8585, "car_lcPushy": 0.7293, "car_lcSigma": 0.6683, "car_lcSpeedGainRight": 3.3013, "car_lcSublane": 0.8924, "car_sigma": 0.7004, "car_tau_mean": 1.0545, "car_tau_std": 7.2709, "car_v_mean": 19.0113, "car_v_std": 9.6531}, "datetime": {"datetime": "2024-08-10 13:17:10", "elapsed": 2480.795663, "delta": 9.000496}}
{"target": -0.31260157480392736, "params": {"bus_acc": 3.3714, "bus_dcc": 1.0939, "bus_lcAssertive": 96.2224, "bus_lcCooperative": 0.365, "bus_lcLookaheadLeft": 14.6327, "bus_lcPushy": 0.962, "bus_lcSigma": 0.4683, "bus_lcSpeedGainRight": 3.0116, "bus_lcSublane": 0.8738, "bus_sigma": 0.3773, "bus_tau_mean": 2.6679, "bus_tau_std": 6.3472, "bus_v_mean": 13.2518, "bus_v_std": 1.2961, "car_acc": 1.396, "car_dcc": 0.3997, "car_lcAssertive": 25.1991, "car_lcCooperative": 0.5196, "car_lcLookaheadLeft": 62.4499, "car_lcPushy": 0.5978, "car_lcSigma": 0.2689, "car_lcSpeedGainRight": 1.0242, "car_lcSublane": 0.9717, "car_sigma": 0.452, "car_tau_mean": 3.2116, "car_tau_std": 2.7903, "car_v_mean": 9.732, "car_v_std": 1.219}, "datetime": {"datetime": "2024-08-10 13:17:16", "elapsed": 2486.303279, "delta": 5.507616}}
{"target": -0.3052874260233382, "params": {"bus_acc": 0.4976, "bus_dcc": 3.7417, "bus_lcAssertive": 11.7295, "bus_lcCooperative": 0.4623, "bus_lcLookaheadLeft": 33.1707, "bus_lcPushy": 0.583, "bus_lcSigma": 0.5055, "bus_lcSpeedGainRight": 0.798, "bus_lcSublane": 0.0554, "bus_sigma": 0.3058, "bus_tau_mean": 0.5995, "bus_tau_std": 8.8275, "bus_v_mean": 21.8784, "bus_v_std": 10.3439, "car_acc": 3.7598, "car_dcc": 3.171, "car_lcAssertive": 86.1383, "car_lcCooperative": 0.9249, "car_lcLookaheadLeft": 29.4975, "car_lcPushy": 0.8974, "car_lcSigma": 0.7866, "car_lcSpeedGainRight": 2.2578, "car_lcSublane": 0.5114, "car_sigma": 0.5378, "car_tau_mean": 0.908, "car_tau_std": 6.001, "car_v_mean": 15.7253, "car_v_std": 4.7983}, "datetime": {"datetime": "2024-08-10 13:17:19", "elapsed": 2489.893352, "delta": 3.590073}}
{"target": -0.39093944330292013, "params": {"bus_acc": 0.36, "bus_dcc": 3.9899, "bus_lcAssertive": 69.2953, "bus_lcCooperative": 0.0358, "bus_lcLookaheadLeft": 40.2563, "bus_lcPushy": 0.1844, "bus_lcSigma": 0.7262, "bus_lcSpeedGainRight": 1.1115, "bus_lcSublane": 0.6529, "bus_sigma": 0.5005, "bus_tau_mean": 2.351, "bus_tau_std": 0.0815, "bus_v_mean": 25.7286, "bus_v_std": 7.1865, "car_acc": 2.6341, "car_dcc": 3.8219, "car_lcAssertive": 13.5794, "car_lcCooperative": 0.9311, "car_lcLookaheadLeft": 37.1611, "car_lcPushy": 0.7, "car_lcSigma": 0.5121, "car_lcSpeedGainRight": 0.63, "car_lcSublane": 0.4215, "car_sigma": 0.1497, "car_tau_mean": 1.1212, "car_tau_std": 5.7989, "car_v_mean": 15.185, "car_v_std": 10.7607}, "datetime": {"datetime": "2024-08-10 13:17:26", "elapsed": 2496.526214, "delta": 6.632862}}
{"target": -0.39249568807556695, "params": {"bus_acc": 1.2406, "bus_dcc": 3.5968, "bus_lcAssertive": 67.0435, "bus_lcCooperative": 0.8943, "bus_lcLookaheadLeft": 58.3092, "bus_lcPushy": 0.4215, "bus_lcSigma": 0.1734, "bus_lcSpeedGainRight": 1.8891, "bus_lcSublane": 0.4247, "bus_sigma": 0.7583, "bus_tau_mean": 2.9027, "bus_tau_std": 1.5257, "bus_v_mean": 11.2016, "bus_v_std": 8.5467, "car_acc": 1.2725, "car_dcc": 2.8912, "car_lcAssertive": 81.1069, "car_lcCooperative": 0.3208, "car_lcLookaheadLeft": 67.6066, "car_lcPushy": 0.435, "car_lcSigma": 0.7554, "car_lcSpeedGainRight": 3.7145, "car_lcSublane": 0.9556, "car_sigma": 0.1213, "car_tau_mean": 0.8, "car_tau_std": 0.7433, "car_v_mean": 14.0509, "car_v_std": 18.8216}, "datetime": {"datetime": "2024-08-10 13:17:35", "elapsed": 2506.027991, "delta": 9.501777}}
