{"target": -0.6119058113396957, "params": {"bus_acc": 3.1885, "bus_dcc": 1.7279, "bus_lcAssertive": 64.7396, "bus_lcCooperative": 0.1618, "bus_lcLookaheadLeft": 69.9142, "bus_lcPushy": 0.2278, "bus_lcSigma": 0.8522, "bus_lcSpeedGainRight": 1.2342, "bus_lcSublane": 0.9209, "bus_sigma": 0.8227, "bus_tau_mean": 3.2314, "bus_tau_std": 4.7859, "bus_v_mean": 10.1606, "bus_v_std": 17.8568, "car_acc": 0.5194, "car_dcc": 2.7371, "car_lcAssertive": 11.2772, "car_lcCooperative": 0.2587, "car_lcLookaheadLeft": 72.1866, "car_lcPushy": 0.1644, "car_lcSigma": 0.9333, "car_lcSpeedGainRight": 4.919, "car_lcSublane": 0.0183, "car_sigma": 0.2955, "car_tau_mean": 2.235, "car_tau_std": 2.5228, "car_v_mean": 12.9494, "car_v_std": 8.3603}, "datetime": {"datetime": "2024-08-10 15:00:06", "elapsed": 8656.20685, "delta": 4.730138}}
{"target": -0.338222994234759, "params": {"bus_acc": 3.5085, "bus_dcc": 0.6729, "bus_lcAssertive": 69.1124, "bus_lcCooperative": 0.4868, "bus_lcLookaheadLeft": 5.8316, "bus_lcPushy": 0.1432, "bus_lcSigma": 0.1243, "bus_lcSpeedGainRight": 0.1598, "bus_lcSublane": 0.3834, "bus_sigma": 0.9711, "bus_tau_mean": 3.5615, "bus_tau_std": 0.3784, "bus_v_mean": 24.773, "bus_v_std": 7.0397, "car_acc": 1.6596, "car_dcc": 3.3134, "car_lcAssertive": 44.0314, "car_lcCooperative": 0.1631, "car_lcLookaheadLeft": 6.4582, "car_lcPushy": 0.2777, "car_lcSigma": 0.3792, "car_lcSpeedGainRight": 4.8238, "car_lcSublane": 0.6915, "car_sigma": 0.8783, "car_tau_mean": 3.9508, "car_tau_std": 7.8396, "car_v_mean": 10.2792, "car_v_std": 17.0823}, "datetime": {"datetime": "2024-08-10 15:00:14", "elapsed": 8664.249046, "delta": 8.042196}}
{"target": -0.3206213811065144, "params": {"bus_acc": 1.8623, "bus_dcc": 3.6092, "bus_lcAssertive": 24.5019, "bus_lcCooperative": 0.1008, "bus_lcLookaheadLeft": 40.6821, "bus_lcPushy": 0.2662, "bus_lcSigma": 0.7497, "bus_lcSpeedGainRight": 4.358, "bus_lcSublane": 0.0142, "bus_sigma": 0.8645, "bus_tau_mean": 1.4246, "bus_tau_std": 9.4887, "bus_v_mean": 25.8939, "bus_v_std": 13.9504, "car_acc": 2.7554, "car_dcc": 1.9145, "car_lcAssertive": 40.6123, "car_lcCooperative": 0.6325, "car_lcLookaheadLeft": 87.0556, "car_lcPushy": 0.672, "car_lcSigma": 0.2134, "car_lcSpeedGainRight": 4.0575, "car_lcSublane": 0.7567, "car_sigma": 0.3389, "car_tau_mean": 3.2846, "car_tau_std": 2.0798, "car_v_mean": 18.6976, "car_v_std": 12.228}, "datetime": {"datetime": "2024-08-10 15:00:18", "elapsed": 8668.948316, "delta": 4.69927}}
{"target": -0.36785732638983787, "params": {"bus_acc": 1.743, "bus_dcc": 1.5253, "bus_lcAssertive": 65.6521, "bus_lcCooperative": 0.1555, "bus_lcLookaheadLeft": 48.5816, "bus_lcPushy": 0.4509, "bus_lcSigma": 0.9016, "bus_lcSpeedGainRight": 3.3797, "bus_lcSublane": 0.686, "bus_sigma": 0.7985, "bus_tau_mean": 1.5573, "bus_tau_std": 9.4503, "bus_v_mean": 8.7628, "bus_v_std": 12.273, "car_acc": 1.8176, "car_dcc": 2.5366, "car_lcAssertive": 85.5845, "car_lcCooperative": 0.8149, "car_lcLookaheadLeft": 58.7033, "car_lcPushy": 0.0277, "car_lcSigma": 0.032, "car_lcSpeedGainRight": 4.2607, "car_lcSublane": 0.3075, "car_sigma": 0.0517, "car_tau_mean": 2.8167, "car_tau_std": 9.0053, "car_v_mean": 23.586, "car_v_std": 8.309}, "datetime": {"datetime": "2024-08-10 15:00:26", "elapsed": 8676.348813, "delta": 7.400497}}
{"target": -0.291676944096809, "params": {"bus_acc": 0.5393, "bus_dcc": 0.9824, "bus_lcAssertive": 5.7281, "bus_lcCooperative": 0.9705, "bus_lcLookaheadLeft": 67.3798, "bus_lcPushy": 0.1686, "bus_lcSigma": 0.9111, "bus_lcSpeedGainRight": 2.3192, "bus_lcSublane": 0.177, "bus_sigma": 0.6322, "bus_tau_mean": 2.5624, "bus_tau_std": 5.2988, "bus_v_mean": 19.1196, "bus_v_std": 6.3399, "car_acc": 3.0738, "car_dcc": 3.6624, "car_lcAssertive": 67.5197, "car_lcCooperative": 0.0307, "car_lcLookaheadLeft": 66.7377, "car_lcPushy": 0.9474, "car_lcSigma": 0.542, "car_lcSpeedGainRight": 3.7471, "car_lcSublane": 0.1631, "car_sigma": 0.0051, "car_tau_mean": 1.9922, "car_tau_std": 4.9321, "car_v_mean": 20.0854, "car_v_std": 12.6054}, "datetime": {"datetime": "2024-08-10 15:00:33", "elapsed": 8683.322634, "delta": 6.973821}}
{"target": -0.2902429179089005, "params": {"bus_acc": 1.1544, "bus_dcc": 1.9498, "bus_lcAssertive": 62.8045, "bus_lcCooperative": 0.8024, "bus_lcLookaheadLeft": 33.1551, "bus_lcPushy": 0.2902, "bus_lcSigma": 0.41, "bus_lcSpeedGainRight": 2.4578, "bus_lcSublane": 0.4354, "bus_sigma": 0.3267, "bus_tau_mean": 3.4333, "bus_tau_std": 3.9711, "bus_v_mean": 24.6224, "bus_v_std": 13.4734, "car_acc": 1.517, "car_dcc": 0.8505, "car_lcAssertive": 97.6487, "car_lcCooperative": 0.4026, "car_lcLookaheadLeft": 28.1, "car_lcPushy": 0.3589, "car_lcSigma": 0.8489, "car_lcSpeedGainRight": 3.8235, "car_lcSublane": 0.2963, "car_sigma": 0.0671, "car_tau_mean": 1.1393, "car_tau_std": 8.5162, "car_v_mean": 10.4574, "car_v_std": 14.6948}, "datetime": {"datetime": "2024-08-10 15:00:37", "elapsed": 8687.665833, "delta": 4.343199}}
{"target": -0.28310768332497255, "params": {"bus_acc": 3.8933, "bus_dcc": 3.5505, "bus_lcAssertive": 5.9726, "bus_lcCooperative": 0.7561, "bus_lcLookaheadLeft": 15.2693, "bus_lcPushy": 0.3421, "bus_lcSigma": 0.9107, "bus_lcSpeedGainRight": 0.9441, "bus_lcSublane": 0.3046, "bus_sigma": 0.9631, "bus_tau_mean": 3.4874, "bus_tau_std": 9.231, "bus_v_mean": 18.3901, "bus_v_std": 19.9577, "car_acc": 2.321, "car_dcc": 0.2376, "car_lcAssertive": 74.2187, "car_lcCooperative": 0.5876, "car_lcLookaheadLeft": 91.8556, "car_lcPushy": 0.4073, "car_lcSigma": 0.8173, "car_lcSpeedGainRight": 3.6692, "car_lcSublane": 0.4589, "car_sigma": 0.9373, "car_tau_mean": 1.6696, "car_tau_std": 8.217, "car_v_mean": 13.816, "car_v_std": 0.3474}, "datetime": {"datetime": "2024-08-10 15:00:45", "elapsed": 8695.438935, "delta": 7.773102}}
{"target": -0.2743126806462481, "params": {"bus_acc": 2.9819, "bus_dcc": 3.7802, "bus_lcAssertive": 19.4915, "bus_lcCooperative": 0.585, "bus_lcLookaheadLeft": 76.5922, "bus_lcPushy": 0.9729, "bus_lcSigma": 0.8997, "bus_lcSpeedGainRight": 4.5817, "bus_lcSublane": 0.9438, "bus_sigma": 0.7211, "bus_tau_mean": 3.8802, "bus_tau_std": 3.1427, "bus_v_mean": 17.104, "bus_v_std": 0.2382, "car_acc": 3.1314, "car_dcc": 0.4526, "car_lcAssertive": 80.5919, "car_lcCooperative": 0.5895, "car_lcLookaheadLeft": 36.6567, "car_lcPushy": 0.5009, "car_lcSigma": 0.6641, "car_lcSpeedGainRight": 2.1866, "car_lcSublane": 0.3718, "car_sigma": 0.2178, "car_tau_mean": 3.8257, "car_tau_std": 9.8217, "car_v_mean": 12.0168, "car_v_std": 18.6307}, "datetime": {"datetime": "2024-08-10 15:00:53", "elapsed": 8703.921858, "delta": 8.482923}}
{"target": -0.3217912439648655, "params": {"bus_acc": 0.8401, "bus_dcc": 1.5093, "bus_lcAssertive": 42.4056, "bus_lcCooperative": 0.6414, "bus_lcLookaheadLeft": 80.3757, "bus_lcPushy": 0.5776, "bus_lcSigma": 0.5353, "bus_lcSpeedGainRight": 3.7984, "bus_lcSublane": 0.8121, "bus_sigma": 0.2278, "bus_tau_mean": 0.5403, "bus_tau_std": 3.0426, "bus_v_mean": 12.1094, "bus_v_std": 9.0931, "car_acc": 2.6867, "car_dcc": 2.276, "car_lcAssertive": 8.0838, "car_lcCooperative": 0.1493, "car_lcLookaheadLeft": 28.2697, "car_lcPushy": 0.2508, "car_lcSigma": 0.9268, "car_lcSpeedGainRight": 2.9743, "car_lcSublane": 0.4706, "car_sigma": 0.7494, "car_tau_mean": 0.7865, "car_tau_std": 5.2602, "car_v_mean": 23.3245, "car_v_std": 2.6903}, "datetime": {"datetime": "2024-08-10 15:01:01", "elapsed": 8712.014709, "delta": 8.092851}}
{"target": -0.33091995758690934, "params": {"bus_acc": 0.2279, "bus_dcc": 1.2663, "bus_lcAssertive": 81.5907, "bus_lcCooperative": 0.6958, "bus_lcLookaheadLeft": 79.2897, "bus_lcPushy": 0.0606, "bus_lcSigma": 0.9622, "bus_lcSpeedGainRight": 3.2876, "bus_lcSublane": 0.0864, "bus_sigma": 0.072, "bus_tau_mean": 0.7766, "bus_tau_std": 0.7796, "bus_v_mean": 15.547, "bus_v_std": 2.8829, "car_acc": 2.3939, "car_dcc": 1.0502, "car_lcAssertive": 66.7134, "car_lcCooperative": 0.1497, "car_lcLookaheadLeft": 7.086, "car_lcPushy": 0.6441, "car_lcSigma": 0.2714, "car_lcSpeedGainRight": 2.1694, "car_lcSublane": 0.9239, "car_sigma": 0.845, "car_tau_mean": 2.1778, "car_tau_std": 5.4246, "car_v_mean": 21.8366, "car_v_std": 9.7979}, "datetime": {"datetime": "2024-08-10 15:01:08", "elapsed": 8718.535437, "delta": 6.520728}}
{"target": -0.3175016867098954, "params": {"bus_acc": 3.8307, "bus_dcc": 3.9439, "bus_lcAssertive": 56.973, "bus_lcCooperative": 0.4836, "bus_lcLookaheadLeft": 57.1382, "bus_lcPushy": 0.3913, "bus_lcSigma": 0.1593, "bus_lcSpeedGainRight": 2.3056, "bus_lcSublane": 0.1715, "bus_sigma": 0.9419, "bus_tau_mean": 2.9869, "bus_tau_std": 4.488, "bus_v_mean": 16.037, "bus_v_std": 15.0534, "car_acc": 3.0092, "car_dcc": 3.2871, "car_lcAssertive": 47.583, "car_lcCooperative": 0.8246, "car_lcLookaheadLeft": 13.4352, "car_lcPushy": 0.7693, "car_lcSigma": 0.18, "car_lcSpeedGainRight": 2.6719, "car_lcSublane": 0.2084, "car_sigma": 0.9274, "car_tau_mean": 1.7567, "car_tau_std": 2.5361, "car_v_mean": 21.7118, "car_v_std": 15.9763}, "datetime": {"datetime": "2024-08-10 15:01:16", "elapsed": 8726.26187, "delta": 7.726433}}
{"target": -0.3326136963711324, "params": {"bus_acc": 2.3648, "bus_dcc": 3.2717, "bus_lcAssertive": 90.8115, "bus_lcCooperative": 0.8243, "bus_lcLookaheadLeft": 49.6287, "bus_lcPushy": 0.8165, "bus_lcSigma": 0.4551, "bus_lcSpeedGainRight": 0.7475, "bus_lcSublane": 0.2705, "bus_sigma": 0.4456, "bus_tau_mean": 0.5672, "bus_tau_std": 6.6908, "bus_v_mean": 24.8029, "bus_v_std": 1.014, "car_acc": 3.6426, "car_dcc": 1.5702, "car_lcAssertive": 69.3542, "car_lcCooperative": 0.4658, "car_lcLookaheadLeft": 43.2461, "car_lcPushy": 0.7651, "car_lcSigma": 0.601, "car_lcSpeedGainRight": 4.035, "car_lcSublane": 0.4686, "car_sigma": 0.4185, "car_tau_mean": 2.6257, "car_tau_std": 5.1766, "car_v_mean": 15.8289, "car_v_std": 12.5885}, "datetime": {"datetime": "2024-08-10 15:01:20", "elapsed": 8731.040438, "delta": 4.778568}}
{"target": -0.28936023878226536, "params": {"bus_acc": 2.0723, "bus_dcc": 1.5243, "bus_lcAssertive": 12.5001, "bus_lcCooperative": 0.6462, "bus_lcLookaheadLeft": 18.1353, "bus_lcPushy": 0.3597, "bus_lcSigma": 0.3463, "bus_lcSpeedGainRight": 0.6248, "bus_lcSublane": 0.7967, "bus_sigma": 0.4399, "bus_tau_mean": 1.6882, "bus_tau_std": 0.1568, "bus_v_mean": 9.7994, "bus_v_std": 5.5423, "car_acc": 2.2951, "car_dcc": 2.5783, "car_lcAssertive": 9.8829, "car_lcCooperative": 0.49, "car_lcLookaheadLeft": 31.1054, "car_lcPushy": 0.3249, "car_lcSigma": 0.0166, "car_lcSpeedGainRight": 4.4184, "car_lcSublane": 0.9058, "car_sigma": 0.8267, "car_tau_mean": 2.3095, "car_tau_std": 1.6589, "car_v_mean": 20.2699, "car_v_std": 15.9674}, "datetime": {"datetime": "2024-08-10 15:01:25", "elapsed": 8735.566509, "delta": 4.526071}}
{"target": -0.2809534552524402, "params": {"bus_acc": 2.577, "bus_dcc": 2.5394, "bus_lcAssertive": 85.4002, "bus_lcCooperative": 0.2211, "bus_lcLookaheadLeft": 52.557, "bus_lcPushy": 0.4284, "bus_lcSigma": 0.0636, "bus_lcSpeedGainRight": 1.8417, "bus_lcSublane": 0.1639, "bus_sigma": 0.2329, "bus_tau_mean": 1.0564, "bus_tau_std": 6.3947, "bus_v_mean": 9.678, "bus_v_std": 2.8743, "car_acc": 1.092, "car_dcc": 0.2021, "car_lcAssertive": 48.2795, "car_lcCooperative": 0.5194, "car_lcLookaheadLeft": 28.8161, "car_lcPushy": 0.6941, "car_lcSigma": 0.5169, "car_lcSpeedGainRight": 4.607, "car_lcSublane": 0.9022, "car_sigma": 0.3086, "car_tau_mean": 3.6683, "car_tau_std": 8.525, "car_v_mean": 13.3296, "car_v_std": 17.824}, "datetime": {"datetime": "2024-08-10 15:01:31", "elapsed": 8741.150334, "delta": 5.583825}}
{"target": -0.5167470629595784, "params": {"bus_acc": 0.7996, "bus_dcc": 2.854, "bus_lcAssertive": 4.4809, "bus_lcCooperative": 0.9486, "bus_lcLookaheadLeft": 94.1298, "bus_lcPushy": 0.4864, "bus_lcSigma": 0.7356, "bus_lcSpeedGainRight": 1.675, "bus_lcSublane": 0.9836, "bus_sigma": 0.5328, "bus_tau_mean": 2.9778, "bus_tau_std": 4.0024, "bus_v_mean": 13.509, "bus_v_std": 5.8029, "car_acc": 0.6872, "car_dcc": 2.6714, "car_lcAssertive": 30.3492, "car_lcCooperative": 0.9423, "car_lcLookaheadLeft": 24.7626, "car_lcPushy": 0.9743, "car_lcSigma": 0.3461, "car_lcSpeedGainRight": 3.3475, "car_lcSublane": 0.4483, "car_sigma": 0.9477, "car_tau_mean": 3.7995, "car_tau_std": 8.8921, "car_v_mean": 12.863, "car_v_std": 18.1771}, "datetime": {"datetime": "2024-08-10 15:01:35", "elapsed": 8745.588588, "delta": 4.438254}}
{"target": -0.32233916464228524, "params": {"bus_acc": 3.5186, "bus_dcc": 2.9543, "bus_lcAssertive": 82.8814, "bus_lcCooperative": 0.2051, "bus_lcLookaheadLeft": 77.8742, "bus_lcPushy": 0.0584, "bus_lcSigma": 0.9894, "bus_lcSpeedGainRight": 4.8984, "bus_lcSublane": 0.9548, "bus_sigma": 0.8279, "bus_tau_mean": 1.0145, "bus_tau_std": 3.6343, "bus_v_mean": 9.6182, "bus_v_std": 12.9333, "car_acc": 2.8609, "car_dcc": 3.5702, "car_lcAssertive": 36.3598, "car_lcCooperative": 0.0494, "car_lcLookaheadLeft": 6.6533, "car_lcPushy": 0.5517, "car_lcSigma": 0.7973, "car_lcSpeedGainRight": 4.6848, "car_lcSublane": 0.0537, "car_sigma": 0.1071, "car_tau_mean": 2.5359, "car_tau_std": 7.1272, "car_v_mean": 11.934, "car_v_std": 16.2442}, "datetime": {"datetime": "2024-08-10 15:01:40", "elapsed": 8750.532486, "delta": 4.943898}}
{"target": -0.25446161646812554, "params": {"bus_acc": 3.323, "bus_dcc": 1.0841, "bus_lcAssertive": 31.1204, "bus_lcCooperative": 0.5237, "bus_lcLookaheadLeft": 85.0939, "bus_lcPushy": 0.8788, "bus_lcSigma": 0.7528, "bus_lcSpeedGainRight": 4.1312, "bus_lcSublane": 0.256, "bus_sigma": 0.5088, "bus_tau_mean": 1.617, "bus_tau_std": 4.5532, "bus_v_mean": 11.3377, "bus_v_std": 18.0757, "car_acc": 2.869, "car_dcc": 0.3404, "car_lcAssertive": 23.2702, "car_lcCooperative": 0.8027, "car_lcLookaheadLeft": 49.885, "car_lcPushy": 0.3661, "car_lcSigma": 0.0119, "car_lcSpeedGainRight": 3.2767, "car_lcSublane": 0.4654, "car_sigma": 0.7858, "car_tau_mean": 1.6031, "car_tau_std": 7.0676, "car_v_mean": 22.6176, "car_v_std": 18.9325}, "datetime": {"datetime": "2024-08-10 15:01:46", "elapsed": 8756.959357, "delta": 6.426871}}
{"target": -0.42525412954659414, "params": {"bus_acc": 3.6338, "bus_dcc": 1.3863, "bus_lcAssertive": 34.0534, "bus_lcCooperative": 0.522, "bus_lcLookaheadLeft": 51.9176, "bus_lcPushy": 0.7157, "bus_lcSigma": 0.9612, "bus_lcSpeedGainRight": 2.7138, "bus_lcSublane": 0.2926, "bus_sigma": 0.4778, "bus_tau_mean": 0.9871, "bus_tau_std": 1.31, "bus_v_mean": 18.2108, "bus_v_std": 17.7896, "car_acc": 3.6045, "car_dcc": 2.6168, "car_lcAssertive": 21.418, "car_lcCooperative": 0.3022, "car_lcLookaheadLeft": 94.9224, "car_lcPushy": 0.6258, "car_lcSigma": 0.9992, "car_lcSpeedGainRight": 3.6136, "car_lcSublane": 0.945, "car_sigma": 0.3404, "car_tau_mean": 2.0219, "car_tau_std": 9.2274, "car_v_mean": 22.3729, "car_v_std": 5.1207}, "datetime": {"datetime": "2024-08-10 15:01:51", "elapsed": 8762.015733, "delta": 5.056376}}
{"target": -0.38670421694631213, "params": {"bus_acc": 1.9625, "bus_dcc": 0.9406, "bus_lcAssertive": 35.3359, "bus_lcCooperative": 0.0305, "bus_lcLookaheadLeft": 94.5977, "bus_lcPushy": 0.9788, "bus_lcSigma": 0.2908, "bus_lcSpeedGainRight": 0.0422, "bus_lcSublane": 0.5396, "bus_sigma": 0.8834, "bus_tau_mean": 1.1074, "bus_tau_std": 9.9385, "bus_v_mean": 12.4836, "bus_v_std": 9.9269, "car_acc": 1.0011, "car_dcc": 2.3926, "car_lcAssertive": 19.0462, "car_lcCooperative": 0.7331, "car_lcLookaheadLeft": 60.3489, "car_lcPushy": 0.833, "car_lcSigma": 0.2437, "car_lcSpeedGainRight": 3.7593, "car_lcSublane": 0.9524, "car_sigma": 0.004, "car_tau_mean": 2.6553, "car_tau_std": 1.5407, "car_v_mean": 18.8863, "car_v_std": 18.7237}, "datetime": {"datetime": "2024-08-10 15:01:56", "elapsed": 8766.682421, "delta": 4.666688}}
{"target": -0.30665375928348276, "params": {"bus_acc": 2.0057, "bus_dcc": 1.4017, "bus_lcAssertive": 3.4729, "bus_lcCooperative": 0.143, "bus_lcLookaheadLeft": 15.04, "bus_lcPushy": 0.1828, "bus_lcSigma": 0.7626, "bus_lcSpeedGainRight": 1.9769, "bus_lcSublane": 0.4532, "bus_sigma": 0.4035, "bus_tau_mean": 1.367, "bus_tau_std": 3.6832, "bus_v_mean": 21.7617, "bus_v_std": 8.3175, "car_acc": 1.1916, "car_dcc": 0.2591, "car_lcAssertive": 51.5624, "car_lcCooperative": 0.8368, "car_lcLookaheadLeft": 57.6135, "car_lcPushy": 0.5962, "car_lcSigma": 0.791, "car_lcSpeedGainRight": 0.9445, "car_lcSublane": 0.0241, "car_sigma": 0.0715, "car_tau_mean": 1.9449, "car_tau_std": 7.375, "car_v_mean": 8.8382, "car_v_std": 7.3751}, "datetime": {"datetime": "2024-08-10 15:02:01", "elapsed": 8771.411386, "delta": 4.728965}}
{"target": -0.3674004689263901, "params": {"bus_acc": 2.3697, "bus_dcc": 2.3676, "bus_lcAssertive": 45.446, "bus_lcCooperative": 0.5482, "bus_lcLookaheadLeft": 77.7588, "bus_lcPushy": 0.4565, "bus_lcSigma": 0.903, "bus_lcSpeedGainRight": 4.6466, "bus_lcSublane": 0.6301, "bus_sigma": 0.3245, "bus_tau_mean": 1.7785, "bus_tau_std": 3.4129, "bus_v_mean": 8.1489, "bus_v_std": 6.0264, "car_acc": 2.385, "car_dcc": 3.0962, "car_lcAssertive": 89.2953, "car_lcCooperative": 0.2019, "car_lcLookaheadLeft": 22.5256, "car_lcPushy": 0.9811, "car_lcSigma": 0.4073, "car_lcSpeedGainRight": 3.8243, "car_lcSublane": 0.2924, "car_sigma": 0.4705, "car_tau_mean": 0.6474, "car_tau_std": 5.9271, "car_v_mean": 21.553, "car_v_std": 17.448}, "datetime": {"datetime": "2024-08-10 15:02:08", "elapsed": 8779.12601, "delta": 7.714624}}
{"target": -0.46194758560218263, "params": {"bus_acc": 2.9691, "bus_dcc": 3.8643, "bus_lcAssertive": 89.0904, "bus_lcCooperative": 0.0715, "bus_lcLookaheadLeft": 28.0012, "bus_lcPushy": 0.7941, "bus_lcSigma": 0.0155, "bus_lcSpeedGainRight": 3.9079, "bus_lcSublane": 0.9955, "bus_sigma": 0.7224, "bus_tau_mean": 3.5324, "bus_tau_std": 6.3413, "bus_v_mean": 14.298, "bus_v_std": 1.57, "car_acc": 2.0694, "car_dcc": 3.5359, "car_lcAssertive": 32.3784, "car_lcCooperative": 0.8355, "car_lcLookaheadLeft": 72.3452, "car_lcPushy": 0.0721, "car_lcSigma": 0.8054, "car_lcSpeedGainRight": 0.981, "car_lcSublane": 0.7352, "car_sigma": 0.276, "car_tau_mean": 1.154, "car_tau_std": 4.2187, "car_v_mean": 22.2652, "car_v_std": 0.4329}, "datetime": {"datetime": "2024-08-10 15:02:17", "elapsed": 8787.938281, "delta": 8.812271}}
{"target": -0.21755504474772144, "params": {"bus_acc": 0.706, "bus_dcc": 1.4674, "bus_lcAssertive": 34.8374, "bus_lcCooperative": 0.8851, "bus_lcLookaheadLeft": 66.9594, "bus_lcPushy": 0.5795, "bus_lcSigma": 0.9369, "bus_lcSpeedGainRight": 3.6132, "bus_lcSublane": 0.8713, "bus_sigma": 0.4173, "bus_tau_mean": 2.39, "bus_tau_std": 0.2964, "bus_v_mean": 22.7521, "bus_v_std": 10.4277, "car_acc": 3.0421, "car_dcc": 1.4534, "car_lcAssertive": 1.0561, "car_lcCooperative": 0.9722, "car_lcLookaheadLeft": 21.9611, "car_lcPushy": 0.3503, "car_lcSigma": 0.9653, "car_lcSpeedGainRight": 1.2882, "car_lcSublane": 0.809, "car_sigma": 0.2892, "car_tau_mean": 3.6038, "car_tau_std": 1.0425, "car_v_mean": 22.4098, "car_v_std": 5.2264}, "datetime": {"datetime": "2024-08-10 15:02:28", "elapsed": 8798.891798, "delta": 10.953517}}
{"target": -0.4018886061441584, "params": {"bus_acc": 0.4555, "bus_dcc": 2.4391, "bus_lcAssertive": 66.6123, "bus_lcCooperative": 0.4668, "bus_lcLookaheadLeft": 76.694, "bus_lcPushy": 0.3204, "bus_lcSigma": 0.2141, "bus_lcSpeedGainRight": 4.6283, "bus_lcSublane": 0.7378, "bus_sigma": 0.6889, "bus_tau_mean": 1.3404, "bus_tau_std": 8.1579, "bus_v_mean": 20.7434, "bus_v_std": 2.7319, "car_acc": 3.5322, "car_dcc": 3.8274, "car_lcAssertive": 96.5039, "car_lcCooperative": 0.6265, "car_lcLookaheadLeft": 66.8884, "car_lcPushy": 0.2095, "car_lcSigma": 0.7844, "car_lcSpeedGainRight": 2.9091, "car_lcSublane": 0.3837, "car_sigma": 0.9932, "car_tau_mean": 2.8306, "car_tau_std": 5.6016, "car_v_mean": 21.2276, "car_v_std": 18.8451}, "datetime": {"datetime": "2024-08-10 15:02:39", "elapsed": 8809.248945, "delta": 10.357147}}
{"target": -0.3157833846467941, "params": {"bus_acc": 3.3072, "bus_dcc": 2.9701, "bus_lcAssertive": 3.1844, "bus_lcCooperative": 0.3211, "bus_lcLookaheadLeft": 73.0467, "bus_lcPushy": 0.2645, "bus_lcSigma": 0.3714, "bus_lcSpeedGainRight": 1.5045, "bus_lcSublane": 0.5082, "bus_sigma": 0.6312, "bus_tau_mean": 0.6197, "bus_tau_std": 3.389, "bus_v_mean": 22.1123, "bus_v_std": 4.8835, "car_acc": 0.9099, "car_dcc": 1.3247, "car_lcAssertive": 19.4227, "car_lcCooperative": 0.0203, "car_lcLookaheadLeft": 38.2848, "car_lcPushy": 0.0752, "car_lcSigma": 0.3895, "car_lcSpeedGainRight": 3.4096, "car_lcSublane": 0.1578, "car_sigma": 0.2835, "car_tau_mean": 2.7587, "car_tau_std": 4.0185, "car_v_mean": 18.2425, "car_v_std": 5.1516}, "datetime": {"datetime": "2024-08-10 15:02:44", "elapsed": 8814.971068, "delta": 5.722123}}
{"target": -0.3850278791624389, "params": {"bus_acc": 2.2605, "bus_dcc": 2.319, "bus_lcAssertive": 87.3601, "bus_lcCooperative": 0.7509, "bus_lcLookaheadLeft": 84.0142, "bus_lcPushy": 0.1808, "bus_lcSigma": 0.039, "bus_lcSpeedGainRight": 2.2494, "bus_lcSublane": 0.4092, "bus_sigma": 0.5531, "bus_tau_mean": 2.1262, "bus_tau_std": 9.7292, "bus_v_mean": 11.0267, "bus_v_std": 12.3838, "car_acc": 1.1239, "car_dcc": 2.386, "car_lcAssertive": 54.4449, "car_lcCooperative": 0.7229, "car_lcLookaheadLeft": 96.2074, "car_lcPushy": 0.37, "car_lcSigma": 0.6472, "car_lcSpeedGainRight": 3.1625, "car_lcSublane": 0.3225, "car_sigma": 0.0639, "car_tau_mean": 3.578, "car_tau_std": 7.965, "car_v_mean": 10.0037, "car_v_std": 15.8094}, "datetime": {"datetime": "2024-08-10 15:02:51", "elapsed": 8822.113017, "delta": 7.141949}}
