{"target": -0.3587912490349879, "params": {"bus_acc": 0.2870774990250507, "bus_dcc": 2.17251282440556, "bus_lcAssertive": 81.18888235557921, "bus_lcCooperative": 0.012603767029876312, "bus_lcLookaheadLeft": 67.90204477606592, "bus_lcPushy": 0.6868082266569918, "bus_lcSigma": 0.44924675358663757, "bus_lcSpeedGainRight": 4.573943433709672, "bus_lcSublane": 0.6443610847569929, "bus_sigma": 0.005239837651465851, "bus_tau_mean": 2.1954995593003144, "bus_tau_std": 8.593178060976, "bus_v_mean": 22.94719226067211, "bus_v_std": 12.983083942249557, "car_acc": 2.7600540108148004, "car_dcc": 2.3982984031989623, "car_lcAssertive": 28.137857741518363, "car_lcCooperative": 0.5605299905360588, "car_lcLookaheadLeft": 67.82951891210719, "car_lcPushy": 0.35242963021640883, "car_lcSigma": 0.8558283672539277, "car_lcSpeedGainRight": 0.9751874300435365, "car_lcSublane": 0.7473208103319232, "car_sigma": 0.2896027461868774, "car_tau_mean": 3.208297505354637, "car_tau_std": 4.277373293360762, "car_v_mean": 22.53857136401977, "car_v_std": 7.070697253359808}, "datetime": {"datetime": "2024-08-10 12:35:49", "elapsed": 0.0, "delta": 0.0}}
{"target": -0.9609184816665041, "params": {"bus_acc": 2.451545101310028, "bus_dcc": 1.3866253832672844, "bus_lcAssertive": 91.71424979336672, "bus_lcCooperative": 0.9096355249515571, "bus_lcLookaheadLeft": 27.19759279065523, "bus_lcPushy": 0.1108913007440292, "bus_lcSigma": 0.19296273201911285, "bus_lcSpeedGainRight": 2.4979208533944304, "bus_lcSublane": 0.7285856679745962, "bus_sigma": 0.20819443840879148, "bus_tau_mean": 1.3681174543203076, "bus_tau_std": 8.516718749363669, "bus_v_mean": 15.485276928815491, "bus_v_std": 12.333701343104725, "car_acc": 1.0879313291091501, "car_dcc": 0.5874755858180303, "car_lcAssertive": 52.069844679884454, "car_lcCooperative": 0.47714098704978236, "car_lcLookaheadLeft": 16.96182112113, "car_lcPushy": 0.6218062317404155, "car_lcSigma": 0.5440101188139381, "car_lcSpeedGainRight": 3.2706867348537214, "car_lcSublane": 0.1445455401246598, "car_sigma": 0.7515278171352439, "car_tau_mean": 1.2771719892997293, "car_tau_std": 5.19351824366033, "car_v_mean": 22.13532850798914, "car_v_std": 0.4466085598361236}, "datetime": {"datetime": "2024-08-10 12:36:01", "elapsed": 11.918149, "delta": 11.918149}}
{"target": -0.3526145191876484, "params": {"bus_acc": 0.7257478212131967, "bus_dcc": 1.3025489597972582, "bus_lcAssertive": 61.77323788438401, "bus_lcCooperative": 0.3241385298974466, "bus_lcLookaheadLeft": 46.82129780571785, "bus_lcPushy": 0.44411710701661444, "bus_lcSigma": 0.8281353607315121, "bus_lcSpeedGainRight": 2.1317407711811533, "bus_lcSublane": 0.3456988211755023, "bus_sigma": 0.6749716048091052, "bus_tau_mean": 1.2751871950673506, "bus_tau_std": 4.672458239265538, "bus_v_mean": 13.665782371832297, "bus_v_std": 12.537112043256693, "car_acc": 3.533969803840288, "car_dcc": 1.9012182005533882, "car_lcAssertive": 78.66128446040038, "car_lcCooperative": 0.4569657005615504, "car_lcLookaheadLeft": 66.31047450827887, "car_lcPushy": 0.13184097502750214, "car_lcSigma": 0.43298150696764814, "car_lcSpeedGainRight": 4.5465599432746835, "car_lcSublane": 0.6054790010309347, "car_sigma": 0.7667745872371021, "car_tau_mean": 2.2664521283356303, "car_tau_std": 4.980556248280075, "car_v_mean": 23.1721971234713, "car_v_std": 1.356138686819075}, "datetime": {"datetime": "2024-08-10 12:36:06", "elapsed": 16.324588, "delta": 4.406439}}
{"target": -0.48459705943952813, "params": {"bus_acc": 3.7472257416703116, "bus_dcc": 3.271642474048074, "bus_lcAssertive": 37.18636349044156, "bus_lcCooperative": 0.3307289110251447, "bus_lcLookaheadLeft": 93.91753971697403, "bus_lcPushy": 0.37489434056111615, "bus_lcSigma": 0.6358022186231704, "bus_lcSpeedGainRight": 4.926721690492867, "bus_lcSublane": 0.03673976453048744, "bus_sigma": 0.3146309781487783, "bus_tau_mean": 1.3093250267951555, "bus_tau_std": 9.223654191512637, "bus_v_mean": 17.920461149925462, "bus_v_std": 1.0742707681983354, "car_acc": 3.0699433479989082, "car_dcc": 2.7995185210715436, "car_lcAssertive": 66.55523624008194, "car_lcCooperative": 0.9557287749268826, "car_lcLookaheadLeft": 87.71095667409874, "car_lcPushy": 0.7532514851657419, "car_lcSigma": 0.2226659543716385, "car_lcSpeedGainRight": 0.6900748102160931, "car_lcSublane": 0.2208883363414058, "car_sigma": 0.2055098610936521, "car_tau_mean": 2.4878759103509527, "car_tau_std": 6.630438231677197, "car_v_mean": 17.49351536722974, "car_v_std": 1.1269878346894902}, "datetime": {"datetime": "2024-08-10 12:36:11", "elapsed": 21.208972, "delta": 4.884384}}
{"target": -0.48941949919844574, "params": {"bus_acc": 2.9087596395667044, "bus_dcc": 0.556105956215675, "bus_lcAssertive": 64.14301404132078, "bus_lcCooperative": 0.11435849587714098, "bus_lcLookaheadLeft": 11.981102814103355, "bus_lcPushy": 0.6666687791670224, "bus_lcSigma": 0.16709987753696864, "bus_lcSpeedGainRight": 3.82359234499631, "bus_lcSublane": 0.7505904110774281, "bus_sigma": 0.31202027167870805, "bus_tau_mean": 2.4980260986771476, "bus_tau_std": 6.451406450065615, "bus_v_mean": 22.606362968615265, "bus_v_std": 4.029326393606429, "car_acc": 2.7697223222790943, "car_dcc": 3.3269842172326967, "car_lcAssertive": 42.024182209637786, "car_lcCooperative": 0.4936968050183258, "car_lcLookaheadLeft": 52.396440816714865, "car_lcPushy": 0.9393286277176713, "car_lcSigma": 0.05165076136192959, "car_lcSpeedGainRight": 2.85776412047051, "car_lcSublane": 0.48976009234691764, "car_sigma": 0.343828100189723, "car_tau_mean": 2.8447085194800223, "car_tau_std": 7.694400106617776, "car_v_mean": 17.721072385258726, "car_v_std": 0.8327609423362059}, "datetime": {"datetime": "2024-08-10 12:36:15", "elapsed": 25.336767, "delta": 4.127795}}
{"target": -0.5487617089456492, "params": {"bus_acc": 2.8873129171798926, "bus_dcc": 2.4454222780635457, "bus_lcAssertive": 81.92084476931544, "bus_lcCooperative": 0.907644646099839, "bus_lcLookaheadLeft": 2.245740847456469, "bus_lcPushy": 0.39722776623376177, "bus_lcSigma": 0.5614096837184815, "bus_lcSpeedGainRight": 3.669615681424383, "bus_lcSublane": 0.08747276218504352, "bus_sigma": 0.3997549876808645, "bus_tau_mean": 1.478674128074471, "bus_tau_std": 4.235100531051829, "bus_v_mean": 16.96361538811919, "bus_v_std": 13.20030447052102, "car_acc": 2.0856973280870608, "car_dcc": 2.557779162299724, "car_lcAssertive": 58.66154632703304, "car_lcCooperative": 0.42833239803885637, "car_lcLookaheadLeft": 2.487683741704008, "car_lcPushy": 0.19451641385960183, "car_lcSigma": 0.3202066542862888, "car_lcSpeedGainRight": 0.7348906292746565, "car_lcSublane": 0.5986638816064357, "car_sigma": 0.6114994766596024, "car_tau_mean": 2.2503264085892534, "car_tau_std": 3.2084890160086452, "car_v_mean": 19.758644936440177, "car_v_std": 3.8056696535808743}, "datetime": {"datetime": "2024-08-10 12:36:17", "elapsed": 27.465094, "delta": 2.128327}}
{"target": -0.39741163386155093, "params": {"bus_acc": 2.9849358173723304, "bus_dcc": 2.0201731447470896, "bus_lcAssertive": 92.18412938056423, "bus_lcCooperative": 0.3776991400644555, "bus_lcLookaheadLeft": 64.88568198391857, "bus_lcPushy": 0.001504470185431317, "bus_lcSigma": 0.179359544437937, "bus_lcSpeedGainRight": 1.4741938444644331, "bus_lcSublane": 0.3869897984245252, "bus_sigma": 0.4598205069731719, "bus_tau_mean": 3.288515656339409, "bus_tau_std": 2.7984558397310257, "bus_v_mean": 9.487908532779363, "bus_v_std": 10.427402485907113, "car_acc": 3.928377554955175, "car_dcc": 1.722882191657135, "car_lcAssertive": 26.461917102343175, "car_lcCooperative": 0.7763414987844015, "car_lcLookaheadLeft": 62.327186603729864, "car_lcPushy": 0.007548336226465446, "car_lcSigma": 0.9862051049731199, "car_lcSpeedGainRight": 2.444592662105575, "car_lcSublane": 0.3040218708681137, "car_sigma": 0.6650770509816946, "car_tau_mean": 1.4994627342508593, "car_tau_std": 4.635439312861934, "car_v_mean": 19.732779283872656, "car_v_std": 2.4376405435215087}, "datetime": {"datetime": "2024-08-10 12:36:36", "elapsed": 46.300063, "delta": 18.834969}}
{"target": -0.41113443253973014, "params": {"bus_acc": 3.188545855546725, "bus_dcc": 0.3062170263512209, "bus_lcAssertive": 26.2654190525853, "bus_lcCooperative": 0.2975833866405353, "bus_lcLookaheadLeft": 57.33143605609866, "bus_lcPushy": 0.5620612439865807, "bus_lcSigma": 0.8874009646023955, "bus_lcSpeedGainRight": 3.1868872002166517, "bus_lcSublane": 0.1614620303618195, "bus_sigma": 0.026994792924386446, "bus_tau_mean": 3.166938742840128, "bus_tau_std": 5.355687978168319, "bus_v_mean": 18.415324691901283, "bus_v_std": 8.2821009573272, "car_acc": 2.441297334771649, "car_dcc": 1.7413992366153688, "car_lcAssertive": 45.12354814204365, "car_lcCooperative": 0.5927396360087918, "car_lcLookaheadLeft": 50.24976203246197, "car_lcPushy": 0.059103390954872936, "car_lcSigma": 0.9767897079155617, "car_lcSpeedGainRight": 4.275688200060231, "car_lcSublane": 0.3790856278281287, "car_sigma": 0.5465248427194851, "car_tau_mean": 3.765060143238588, "car_tau_std": 3.979653417007749, "car_v_mean": 25.005908588617928, "car_v_std": 0.6097255237119326}, "datetime": {"datetime": "2024-08-10 12:36:36", "elapsed": 46.996005, "delta": 0.695942}}
{"target": -0.48635137395771605, "params": {"bus_acc": 3.698638921585313, "bus_dcc": 1.644022053119421, "bus_lcAssertive": 38.560792455691626, "bus_lcCooperative": 0.846355875797671, "bus_lcLookaheadLeft": 49.45923439568777, "bus_lcPushy": 0.45106879426330315, "bus_lcSigma": 0.6398567153443468, "bus_lcSpeedGainRight": 1.0588564539441752, "bus_lcSublane": 0.5283006926972544, "bus_sigma": 0.6685685244157344, "bus_tau_mean": 2.385718449940167, "bus_tau_std": 7.087611375080664, "bus_v_mean": 18.773656855336483, "bus_v_std": 16.828110673995162, "car_acc": 3.5408488986454785, "car_dcc": 0.5717889715242933, "car_lcAssertive": 26.60080545768562, "car_lcCooperative": 0.05465615541932234, "car_lcLookaheadLeft": 24.431403041345458, "car_lcPushy": 0.7209167071121103, "car_lcSigma": 0.07854523949262249, "car_lcSpeedGainRight": 0.7755975652501823, "car_lcSublane": 0.7707683274257636, "car_sigma": 0.44432517737277866, "car_tau_mean": 1.5154225819231244, "car_tau_std": 6.43984696272966, "car_v_mean": 23.964891281870777, "car_v_std": 0.7521088075154458}, "datetime": {"datetime": "2024-08-10 12:36:42", "elapsed": 52.781381, "delta": 5.785376}}
{"target": -0.4014347062630574, "params": {"bus_acc": 1.3601914195035656, "bus_dcc": 0.24758678016859842, "bus_lcAssertive": 27.5580200844577, "bus_lcCooperative": 0.7967454755900841, "bus_lcLookaheadLeft": 93.13932271842313, "bus_lcPushy": 0.6253311549032551, "bus_lcSigma": 0.13280748458041103, "bus_lcSpeedGainRight": 3.7878517962371063, "bus_lcSublane": 0.526905346047344, "bus_sigma": 0.753869071621213, "bus_tau_mean": 3.505140960745044, "bus_tau_std": 9.475415511018243, "bus_v_mean": 19.781675623210965, "bus_v_std": 17.08516419685293, "car_acc": 3.021834619246878, "car_dcc": 2.962984515933972, "car_lcAssertive": 86.0202848704295, "car_lcCooperative": 0.9230030407536653, "car_lcLookaheadLeft": 90.40344814943477, "car_lcPushy": 0.39575026156518067, "car_lcSigma": 0.0840212797987252, "car_lcSpeedGainRight": 4.147868592290745, "car_lcSublane": 0.5389315533076343, "car_sigma": 0.542076154739123, "car_tau_mean": 3.3881136569824686, "car_tau_std": 0.31984184375773883, "car_v_mean": 23.80328753705282, "car_v_std": 0.6926800267544064}, "datetime": {"datetime": "2024-08-10 12:36:43", "elapsed": 53.413315, "delta": 0.631934}}
{"target": -0.3241546813773542, "params": {"bus_acc": 1.4554886361744703, "bus_dcc": 3.405277679041891, "bus_lcAssertive": 43.41580511915627, "bus_lcCooperative": 0.8646861447635343, "bus_lcLookaheadLeft": 66.39241161304318, "bus_lcPushy": 0.5810356574180902, "bus_lcSigma": 0.200727488035091, "bus_lcSpeedGainRight": 2.6477330523919744, "bus_lcSublane": 0.8944324184275724, "bus_sigma": 0.30499397583521604, "bus_tau_mean": 3.548309632063687, "bus_tau_std": 9.087452728583882, "bus_v_mean": 13.937202128273881, "bus_v_std": 13.661487326731283, "car_acc": 3.6170396083506815, "car_dcc": 0.48764815068155276, "car_lcAssertive": 87.98019845727228, "car_lcCooperative": 0.1908393632684806, "car_lcLookaheadLeft": 85.2773531817572, "car_lcPushy": 0.6671187886992039, "car_lcSigma": 0.34433919545005387, "car_lcSpeedGainRight": 0.756877849963995, "car_lcSublane": 0.6353709614884534, "car_sigma": 0.8477880437147416, "car_tau_mean": 3.376472811674037, "car_tau_std": 6.282395971306578, "car_v_mean": 25.213427175594177, "car_v_std": 11.798462541515395}, "datetime": {"datetime": "2024-08-10 12:36:58", "elapsed": 68.366425, "delta": 14.95311}}
{"target": -0.3467330008858087, "params": {"bus_acc": 3.709725085868354, "bus_dcc": 1.783401047030515, "bus_lcAssertive": 29.50050321706176, "bus_lcCooperative": 0.8452465332465563, "bus_lcLookaheadLeft": 32.08108700231048, "bus_lcPushy": 0.9155840224499852, "bus_lcSigma": 0.8634118432842225, "bus_lcSpeedGainRight": 3.194095940840533, "bus_lcSublane": 0.7476751935737458, "bus_sigma": 0.15732279553013173, "bus_tau_mean": 2.610059945390097, "bus_tau_std": 3.2703728386624586, "bus_v_mean": 16.79620496411468, "bus_v_std": 4.507709161958122, "car_acc": 3.627439175139248, "car_dcc": 1.7638283533015813, "car_lcAssertive": 48.19667126648793, "car_lcCooperative": 0.7214027529342648, "car_lcLookaheadLeft": 13.97528766642508, "car_lcPushy": 0.5030650485510998, "car_lcSigma": 0.8131476632864285, "car_lcSpeedGainRight": 3.3867092996027774, "car_lcSublane": 0.3216507260246346, "car_sigma": 0.7106653966661972, "car_tau_mean": 3.770538595378185, "car_tau_std": 8.947762383513414, "car_v_mean": 21.36022618715228, "car_v_std": 5.3220233770032515}, "datetime": {"datetime": "2024-08-10 12:37:04", "elapsed": 74.952331, "delta": 6.585906}}
{"target": -0.48728917037769887, "params": {"bus_acc": 2.529826874394647, "bus_dcc": 3.755797813111159, "bus_lcAssertive": 60.09196396965134, "bus_lcCooperative": 0.9795901743594252, "bus_lcLookaheadLeft": 45.218648800069374, "bus_lcPushy": 0.7396119625075467, "bus_lcSigma": 0.03760387864960013, "bus_lcSpeedGainRight": 3.8236331950024303, "bus_lcSublane": 0.5182815803268124, "bus_sigma": 0.0053165329611032375, "bus_tau_mean": 1.4702003667390948, "bus_tau_std": 5.348322325198115, "bus_v_mean": 21.82333180906361, "bus_v_std": 1.0618519090505019, "car_acc": 2.286403086631975, "car_dcc": 3.2437793120337526, "car_lcAssertive": 65.3087224329694, "car_lcCooperative": 0.9314470149929107, "car_lcLookaheadLeft": 9.323681611446592, "car_lcPushy": 0.2768064626005866, "car_lcSigma": 0.9192375042561725, "car_lcSpeedGainRight": 3.8250257414907147, "car_lcSublane": 0.5997403444720987, "car_sigma": 0.8329681438370704, "car_tau_mean": 3.636152220512507, "car_tau_std": 9.727203528528248, "car_v_mean": 25.973369127616508, "car_v_std": 2.7929866736820697}, "datetime": {"datetime": "2024-08-10 12:37:05", "elapsed": 75.609065, "delta": 0.656734}}
{"target": -0.37204657120268103, "params": {"bus_acc": 3.89659284934409, "bus_dcc": 3.1164045016794497, "bus_lcAssertive": 82.59954612282529, "bus_lcCooperative": 0.6326158167779973, "bus_lcLookaheadLeft": 67.53581148025974, "bus_lcPushy": 0.47688233352119336, "bus_lcSigma": 0.013136356923072245, "bus_lcSpeedGainRight": 1.765030427709124, "bus_lcSublane": 0.49207180149355845, "bus_sigma": 0.7300912110901043, "bus_tau_mean": 2.1401991996113825, "bus_tau_std": 4.574049160894317, "bus_v_mean": 10.477929337020857, "bus_v_std": 0.2177746760695798, "car_acc": 3.0814573898125857, "car_dcc": 1.4158207846951778, "car_lcAssertive": 98.45396156915756, "car_lcCooperative": 0.220234226159156, "car_lcLookaheadLeft": 35.19338649720461, "car_lcPushy": 0.5238961356661317, "car_lcSigma": 0.7548914570605327, "car_lcSpeedGainRight": 2.3192889195014783, "car_lcSublane": 0.12482254311167629, "car_sigma": 0.3125013784920495, "car_tau_mean": 2.265817093953481, "car_tau_std": 6.738490080168677, "car_v_mean": 21.86269921361766, "car_v_std": 2.6067156190870855}, "datetime": {"datetime": "2024-08-10 12:37:09", "elapsed": 79.460535, "delta": 3.85147}}
{"target": -0.36507211402917455, "params": {"bus_acc": 3.0231007514808486, "bus_dcc": 1.4954969467028998, "bus_lcAssertive": 5.713481941948948, "bus_lcCooperative": 0.15635692867625162, "bus_lcLookaheadLeft": 20.998756246635587, "bus_lcPushy": 0.4951123625611782, "bus_lcSigma": 0.6351249610913382, "bus_lcSpeedGainRight": 4.401099886092915, "bus_lcSublane": 0.9025365564222451, "bus_sigma": 0.307160768485095, "bus_tau_mean": 3.1368302559395502, "bus_tau_std": 2.824280305589726, "bus_v_mean": 14.634383655774966, "bus_v_std": 5.854531241862604, "car_acc": 1.772024797556585, "car_dcc": 1.015919643539846, "car_lcAssertive": 32.57961464054871, "car_lcCooperative": 0.12191981389008766, "car_lcLookaheadLeft": 96.37578748036239, "car_lcPushy": 0.5039830093987828, "car_lcSigma": 0.9231006825886638, "car_lcSpeedGainRight": 3.7308007038671054, "car_lcSublane": 0.4577052876804192, "car_sigma": 0.7546222253081317, "car_tau_mean": 2.6980807751242404, "car_tau_std": 3.0375843415186865, "car_v_mean": 17.389867641438894, "car_v_std": 14.246243912948584}, "datetime": {"datetime": "2024-08-10 12:37:15", "elapsed": 85.641609, "delta": 6.181074}}
{"target": -0.32225200269861964, "params": {"bus_acc": 2.0776418104060355, "bus_dcc": 0.702212339383165, "bus_lcAssertive": 21.43895183005387, "bus_lcCooperative": 0.07618880903232117, "bus_lcLookaheadLeft": 51.77632659463817, "bus_lcPushy": 0.2615495518329871, "bus_lcSigma": 0.3570616088827919, "bus_lcSpeedGainRight": 0.5403266434861842, "bus_lcSublane": 0.7875518396525072, "bus_sigma": 0.1065838767888011, "bus_tau_mean": 3.949980882996157, "bus_tau_std": 1.7716116443841734, "bus_v_mean": 18.303292023823687, "bus_v_std": 0.8969066917817625, "car_acc": 3.1910419006921695, "car_dcc": 0.9205026017095268, "car_lcAssertive": 53.26249386240454, "car_lcCooperative": 0.7400775431590716, "car_lcLookaheadLeft": 16.693285521891084, "car_lcPushy": 0.5510871741869717, "car_lcSigma": 0.2166172083287794, "car_lcSpeedGainRight": 3.7959802465857235, "car_lcSublane": 0.7229151935562137, "car_sigma": 0.17654903427708302, "car_tau_mean": 3.516882951834757, "car_tau_std": 0.19775099516344263, "car_v_mean": 23.484265953616074, "car_v_std": 11.178076223218767}, "datetime": {"datetime": "2024-08-10 12:37:20", "elapsed": 90.910736, "delta": 5.269127}}
{"target": -0.23510622492281516, "params": {"bus_acc": 0.2552646143871393, "bus_dcc": 0.35969203806963645, "bus_lcAssertive": 18.916095083680847, "bus_lcCooperative": 0.9720306709820733, "bus_lcLookaheadLeft": 26.950818515198538, "bus_lcPushy": 0.7510088258632285, "bus_lcSigma": 0.28123520956586334, "bus_lcSpeedGainRight": 1.2775930876818176, "bus_lcSublane": 0.2578637359786262, "bus_sigma": 0.2970529955101251, "bus_tau_mean": 0.5313061172799802, "bus_tau_std": 9.871761820679248, "bus_v_mean": 18.196291444801638, "bus_v_std": 12.036848225735843, "car_acc": 2.245388269265894, "car_dcc": 0.36658268254671744, "car_lcAssertive": 47.680528400976975, "car_lcCooperative": 0.5396765012085889, "car_lcLookaheadLeft": 67.94966749368216, "car_lcPushy": 0.5341680027167658, "car_lcSigma": 0.055072308986628626, "car_lcSpeedGainRight": 3.1004949496818828, "car_lcSublane": 0.5811752027766969, "car_sigma": 0.545596325824134, "car_tau_mean": 3.451484480746384, "car_tau_std": 4.473867597038817, "car_v_mean": 18.864178033548207, "car_v_std": 2.472257727976823}, "datetime": {"datetime": "2024-08-10 12:37:25", "elapsed": 95.80427, "delta": 4.893534}}
{"target": -0.3315444090079617, "params": {"bus_acc": 1.0323977984419055, "bus_dcc": 2.1703231100793454, "bus_lcAssertive": 83.70616254077397, "bus_lcCooperative": 0.6447707704612369, "bus_lcLookaheadLeft": 11.23069263706978, "bus_lcPushy": 0.13406832534694413, "bus_lcSigma": 0.3903005958146033, "bus_lcSpeedGainRight": 1.5978234643538998, "bus_lcSublane": 0.8912206018412917, "bus_sigma": 0.8912914879792161, "bus_tau_mean": 0.6043843535832015, "bus_tau_std": 2.1052193779097026, "bus_v_mean": 14.990348828918403, "bus_v_std": 3.5274948996989863, "car_acc": 3.6910080917657075, "car_dcc": 0.9204745032823685, "car_lcAssertive": 73.66461019023164, "car_lcCooperative": 0.9569156335362365, "car_lcLookaheadLeft": 48.81636843409138, "car_lcPushy": 0.8142192933706808, "car_lcSigma": 0.42821938187753605, "car_lcSpeedGainRight": 4.067246274596225, "car_lcSublane": 0.7616984963076888, "car_sigma": 0.9596036477349872, "car_tau_mean": 1.6781000232590186, "car_tau_std": 7.665944044640568, "car_v_mean": 24.589120468994576, "car_v_std": 16.215433658360183}, "datetime": {"datetime": "2024-08-10 12:37:28", "elapsed": 98.392003, "delta": 2.587733}}
{"target": -0.35945854298735247, "params": {"bus_acc": 0.34102812507717883, "bus_dcc": 2.836650563220819, "bus_lcAssertive": 67.36465316168066, "bus_lcCooperative": 0.430471782744975, "bus_lcLookaheadLeft": 77.24331981050095, "bus_lcPushy": 0.5360084947395637, "bus_lcSigma": 0.03985992663545257, "bus_lcSpeedGainRight": 0.6739655898033953, "bus_lcSublane": 0.19341639901491836, "bus_sigma": 0.3356638011646498, "bus_tau_mean": 0.6830953125311686, "bus_tau_std": 6.051167805003662, "bus_v_mean": 17.217098495430537, "bus_v_std": 12.349220240343122, "car_acc": 1.8429512601045073, "car_dcc": 3.4212617793022635, "car_lcAssertive": 45.95184654985598, "car_lcCooperative": 0.015403519791920894, "car_lcLookaheadLeft": 87.56067854781574, "car_lcPushy": 0.6562015477440989, "car_lcSigma": 0.823003040648471, "car_lcSpeedGainRight": 4.758878465169259, "car_lcSublane": 0.050912383516887205, "car_sigma": 0.23507186409101455, "car_tau_mean": 0.7217020520971893, "car_tau_std": 4.216578860324509, "car_v_mean": 23.548924619026135, "car_v_std": 1.632479654301362}, "datetime": {"datetime": "2024-08-10 12:37:37", "elapsed": 107.167579, "delta": 8.775576}}
