{"target": -0.3158315917645516, "params": {"bus_acc": 0.4998, "bus_dcc": 2.3339, "bus_lcAssertive": 91.2403, "bus_lcCooperative": 0.0347, "bus_lcLookaheadLeft": 5.639, "bus_lcPushy": 0.7634, "bus_lcSigma": 0.5094, "bus_lcSpeedGainRight": 4.1013, "bus_lcSublane": 0.1101, "bus_sigma": 0.8877, "bus_tau_mean": 2.0522, "bus_tau_std": 6.8992, "bus_v_mean": 13.8298, "bus_v_std": 9.5077, "car_acc": 3.0986, "car_dcc": 2.8973, "car_lcAssertive": 54.7471, "car_lcCooperative": 0.3496, "car_lcLookaheadLeft": 99.3595, "car_lcPushy": 0.5988, "car_lcSigma": 0.9311, "car_lcSpeedGainRight": 2.6588, "car_lcSublane": 0.3309, "car_sigma": 0.8118, "car_tau_mean": 1.1521, "car_tau_std": 8.9475, "car_v_mean": 21.7941, "car_v_std": 18.4387}, "datetime": {"datetime": "2024-08-10 16:00:12", "elapsed": 12262.873526, "delta": 6.654178}}
{"target": -0.37006929001978645, "params": {"bus_acc": 3.8361, "bus_dcc": 2.388, "bus_lcAssertive": 89.8245, "bus_lcCooperative": 0.2275, "bus_lcLookaheadLeft": 10.939, "bus_lcPushy": 0.6856, "bus_lcSigma": 0.102, "bus_lcSpeedGainRight": 3.8182, "bus_lcSublane": 0.192, "bus_sigma": 0.0278, "bus_tau_mean": 3.2779, "bus_tau_std": 7.3453, "bus_v_mean": 19.5167, "bus_v_std": 18.3952, "car_acc": 2.7587, "car_dcc": 0.7811, "car_lcAssertive": 34.7063, "car_lcCooperative": 0.0211, "car_lcLookaheadLeft": 63.3593, "car_lcPushy": 0.6393, "car_lcSigma": 0.2187, "car_lcSpeedGainRight": 4.5889, "car_lcSublane": 0.1808, "car_sigma": 0.1732, "car_tau_mean": 3.2959, "car_tau_std": 6.2704, "car_v_mean": 20.8083, "car_v_std": 1.734}, "datetime": {"datetime": "2024-08-10 16:00:25", "elapsed": 12275.937415, "delta": 13.063889}}
{"target": -0.4108156161521292, "params": {"bus_acc": 0.9958, "bus_dcc": 1.6544, "bus_lcAssertive": 6.7471, "bus_lcCooperative": 0.2535, "bus_lcLookaheadLeft": 63.423, "bus_lcPushy": 0.0808, "bus_lcSigma": 0.4741, "bus_lcSpeedGainRight": 2.7729, "bus_lcSublane": 0.5432, "bus_sigma": 0.2958, "bus_tau_mean": 2.1819, "bus_tau_std": 5.2467, "bus_v_mean": 16.1474, "bus_v_std": 15.062, "car_acc": 1.044, "car_dcc": 0.8286, "car_lcAssertive": 30.4868, "car_lcCooperative": 0.3914, "car_lcLookaheadLeft": 30.6782, "car_lcPushy": 0.0286, "car_lcSigma": 0.8222, "car_lcSpeedGainRight": 4.3722, "car_lcSublane": 0.4872, "car_sigma": 0.1425, "car_tau_mean": 3.3963, "car_tau_std": 4.918, "car_v_mean": 12.1622, "car_v_std": 5.6363}, "datetime": {"datetime": "2024-08-10 16:00:32", "elapsed": 12282.858929, "delta": 6.921514}}
{"target": -0.32742473946311007, "params": {"bus_acc": 2.424, "bus_dcc": 1.7692, "bus_lcAssertive": 32.3865, "bus_lcCooperative": 0.7027, "bus_lcLookaheadLeft": 72.1652, "bus_lcPushy": 0.3814, "bus_lcSigma": 0.4938, "bus_lcSpeedGainRight": 3.3782, "bus_lcSublane": 0.0904, "bus_sigma": 0.4224, "bus_tau_mean": 0.5046, "bus_tau_std": 0.9664, "bus_v_mean": 16.0005, "bus_v_std": 5.2578, "car_acc": 0.8039, "car_dcc": 3.6706, "car_lcAssertive": 71.1172, "car_lcCooperative": 0.4723, "car_lcLookaheadLeft": 25.963, "car_lcPushy": 0.3659, "car_lcSigma": 0.7223, "car_lcSpeedGainRight": 0.0122, "car_lcSublane": 0.3108, "car_sigma": 0.1381, "car_tau_mean": 1.9203, "car_tau_std": 4.0335, "car_v_mean": 13.7146, "car_v_std": 0.3392}, "datetime": {"datetime": "2024-08-10 16:00:42", "elapsed": 12292.78286, "delta": 9.923931}}
{"target": -0.5029944442226998, "params": {"bus_acc": 1.3155, "bus_dcc": 1.572, "bus_lcAssertive": 20.604, "bus_lcCooperative": 0.3738, "bus_lcLookaheadLeft": 73.4478, "bus_lcPushy": 0.3712, "bus_lcSigma": 0.0647, "bus_lcSpeedGainRight": 3.125, "bus_lcSublane": 0.3906, "bus_sigma": 0.4392, "bus_tau_mean": 1.9302, "bus_tau_std": 3.3238, "bus_v_mean": 11.047, "bus_v_std": 7.7078, "car_acc": 0.565, "car_dcc": 3.4132, "car_lcAssertive": 39.9465, "car_lcCooperative": 0.8402, "car_lcLookaheadLeft": 99.674, "car_lcPushy": 0.3728, "car_lcSigma": 0.5011, "car_lcSpeedGainRight": 4.2183, "car_lcSublane": 0.396, "car_sigma": 0.0241, "car_tau_mean": 0.512, "car_tau_std": 9.0658, "car_v_mean": 18.124, "car_v_std": 16.7039}, "datetime": {"datetime": "2024-08-10 16:00:51", "elapsed": 12302.036417, "delta": 9.253557}}
{"target": -0.3598840450251996, "params": {"bus_acc": 3.7021, "bus_dcc": 3.4758, "bus_lcAssertive": 72.8522, "bus_lcCooperative": 0.9049, "bus_lcLookaheadLeft": 53.8036, "bus_lcPushy": 0.2584, "bus_lcSigma": 0.4558, "bus_lcSpeedGainRight": 1.1299, "bus_lcSublane": 0.221, "bus_sigma": 0.3653, "bus_tau_mean": 2.1617, "bus_tau_std": 0.9072, "bus_v_mean": 11.1079, "bus_v_std": 10.1409, "car_acc": 1.8349, "car_dcc": 2.1217, "car_lcAssertive": 27.616, "car_lcCooperative": 0.3515, "car_lcLookaheadLeft": 20.0674, "car_lcPushy": 0.6341, "car_lcSigma": 0.627, "car_lcSpeedGainRight": 4.9223, "car_lcSublane": 0.2448, "car_sigma": 0.1498, "car_tau_mean": 2.1687, "car_tau_std": 9.2164, "car_v_mean": 13.2171, "car_v_std": 16.6085}, "datetime": {"datetime": "2024-08-10 16:01:02", "elapsed": 12313.083778, "delta": 11.047361}}
{"target": -0.3435921033280836, "params": {"bus_acc": 0.9422, "bus_dcc": 0.6597, "bus_lcAssertive": 93.5495, "bus_lcCooperative": 0.4814, "bus_lcLookaheadLeft": 29.9893, "bus_lcPushy": 0.9297, "bus_lcSigma": 0.0335, "bus_lcSpeedGainRight": 1.0969, "bus_lcSublane": 0.1058, "bus_sigma": 0.8284, "bus_tau_mean": 0.6362, "bus_tau_std": 7.3835, "bus_v_mean": 11.1371, "bus_v_std": 4.8679, "car_acc": 3.3588, "car_dcc": 2.2799, "car_lcAssertive": 47.6018, "car_lcCooperative": 0.3174, "car_lcLookaheadLeft": 45.9535, "car_lcPushy": 0.639, "car_lcSigma": 0.7854, "car_lcSpeedGainRight": 4.6561, "car_lcSublane": 0.6672, "car_sigma": 0.2867, "car_tau_mean": 1.5018, "car_tau_std": 5.4883, "car_v_mean": 11.1314, "car_v_std": 7.6007}, "datetime": {"datetime": "2024-08-10 16:01:11", "elapsed": 12321.869824, "delta": 8.786046}}
{"target": -0.4354223320457647, "params": {"bus_acc": 2.2879, "bus_dcc": 2.989, "bus_lcAssertive": 7.658, "bus_lcCooperative": 0.2826, "bus_lcLookaheadLeft": 14.7184, "bus_lcPushy": 0.7548, "bus_lcSigma": 0.3354, "bus_lcSpeedGainRight": 1.6717, "bus_lcSublane": 0.3549, "bus_sigma": 0.3992, "bus_tau_mean": 1.5216, "bus_tau_std": 8.0831, "bus_v_mean": 8.2687, "bus_v_std": 15.7889, "car_acc": 0.883, "car_dcc": 1.7291, "car_lcAssertive": 37.5753, "car_lcCooperative": 0.4853, "car_lcLookaheadLeft": 27.6979, "car_lcPushy": 0.3945, "car_lcSigma": 0.8666, "car_lcSpeedGainRight": 1.1012, "car_lcSublane": 0.0387, "car_sigma": 0.4761, "car_tau_mean": 2.7395, "car_tau_std": 5.4072, "car_v_mean": 25.6214, "car_v_std": 9.6361}, "datetime": {"datetime": "2024-08-10 16:01:27", "elapsed": 12337.890179, "delta": 16.020355}}
{"target": -0.7117264984393797, "params": {"bus_acc": 3.6534, "bus_dcc": 2.9954, "bus_lcAssertive": 77.0016, "bus_lcCooperative": 0.9516, "bus_lcLookaheadLeft": 21.2779, "bus_lcPushy": 0.6093, "bus_lcSigma": 0.808, "bus_lcSpeedGainRight": 2.9829, "bus_lcSublane": 0.7831, "bus_sigma": 0.6081, "bus_tau_mean": 3.8395, "bus_tau_std": 0.7169, "bus_v_mean": 8.1627, "bus_v_std": 2.4445, "car_acc": 0.3453, "car_dcc": 0.5502, "car_lcAssertive": 98.3056, "car_lcCooperative": 0.7555, "car_lcLookaheadLeft": 62.691, "car_lcPushy": 0.1539, "car_lcSigma": 0.3911, "car_lcSpeedGainRight": 0.279, "car_lcSublane": 0.7088, "car_sigma": 0.1872, "car_tau_mean": 2.7699, "car_tau_std": 8.6523, "car_v_mean": 9.8507, "car_v_std": 12.491}, "datetime": {"datetime": "2024-08-10 16:01:38", "elapsed": 12348.140597, "delta": 10.250418}}
{"target": -0.39169462560903917, "params": {"bus_acc": 0.5291, "bus_dcc": 1.8786, "bus_lcAssertive": 70.6019, "bus_lcCooperative": 0.5411, "bus_lcLookaheadLeft": 59.577, "bus_lcPushy": 0.2025, "bus_lcSigma": 0.4827, "bus_lcSpeedGainRight": 3.4478, "bus_lcSublane": 0.6874, "bus_sigma": 0.0623, "bus_tau_mean": 3.405, "bus_tau_std": 1.9618, "bus_v_mean": 25.3614, "bus_v_std": 3.2918, "car_acc": 1.6907, "car_dcc": 3.8668, "car_lcAssertive": 14.3865, "car_lcCooperative": 0.5816, "car_lcLookaheadLeft": 40.8906, "car_lcPushy": 0.3484, "car_lcSigma": 0.2367, "car_lcSpeedGainRight": 3.1618, "car_lcSublane": 0.6868, "car_sigma": 0.0497, "car_tau_mean": 3.318, "car_tau_std": 2.2467, "car_v_mean": 14.0501, "car_v_std": 19.1939}, "datetime": {"datetime": "2024-08-10 16:01:48", "elapsed": 12358.281165, "delta": 10.140568}}
{"target": -0.29169404143426997, "params": {"bus_acc": 3.3851, "bus_dcc": 0.4161, "bus_lcAssertive": 49.0556, "bus_lcCooperative": 0.8847, "bus_lcLookaheadLeft": 68.9887, "bus_lcPushy": 0.8919, "bus_lcSigma": 0.3611, "bus_lcSpeedGainRight": 3.8754, "bus_lcSublane": 0.4137, "bus_sigma": 0.397, "bus_tau_mean": 0.7268, "bus_tau_std": 8.7604, "bus_v_mean": 15.4126, "bus_v_std": 9.4827, "car_acc": 3.0914, "car_dcc": 0.9396, "car_lcAssertive": 71.4549, "car_lcCooperative": 0.2206, "car_lcLookaheadLeft": 87.5456, "car_lcPushy": 0.0512, "car_lcSigma": 0.8416, "car_lcSpeedGainRight": 4.6262, "car_lcSublane": 0.5933, "car_sigma": 0.3222, "car_tau_mean": 0.5813, "car_tau_std": 5.1693, "car_v_mean": 16.7101, "car_v_std": 15.311}, "datetime": {"datetime": "2024-08-10 16:01:54", "elapsed": 12364.581268, "delta": 6.300103}}
{"target": -0.4648216995596622, "params": {"bus_acc": 3.8504, "bus_dcc": 3.5584, "bus_lcAssertive": 21.6406, "bus_lcCooperative": 0.0787, "bus_lcLookaheadLeft": 89.6108, "bus_lcPushy": 0.2773, "bus_lcSigma": 0.4875, "bus_lcSpeedGainRight": 0.5122, "bus_lcSublane": 0.6896, "bus_sigma": 0.9259, "bus_tau_mean": 3.131, "bus_tau_std": 5.9818, "bus_v_mean": 25.8972, "bus_v_std": 2.9033, "car_acc": 0.574, "car_dcc": 0.7868, "car_lcAssertive": 27.4107, "car_lcCooperative": 0.6926, "car_lcLookaheadLeft": 79.0984, "car_lcPushy": 0.8318, "car_lcSigma": 0.7616, "car_lcSpeedGainRight": 1.8801, "car_lcSublane": 0.8241, "car_sigma": 0.2547, "car_tau_mean": 2.1219, "car_tau_std": 8.026, "car_v_mean": 8.1596, "car_v_std": 1.9111}, "datetime": {"datetime": "2024-08-10 16:02:03", "elapsed": 12373.218628, "delta": 8.63736}}
{"target": -0.34724632803035477, "params": {"bus_acc": 1.1167, "bus_dcc": 2.2257, "bus_lcAssertive": 50.4456, "bus_lcCooperative": 0.7037, "bus_lcLookaheadLeft": 96.1278, "bus_lcPushy": 0.2892, "bus_lcSigma": 0.8297, "bus_lcSpeedGainRight": 2.1071, "bus_lcSublane": 0.0334, "bus_sigma": 0.8079, "bus_tau_mean": 3.5055, "bus_tau_std": 7.8713, "bus_v_mean": 17.2718, "bus_v_std": 13.4199, "car_acc": 1.3705, "car_dcc": 3.2724, "car_lcAssertive": 37.4614, "car_lcCooperative": 0.2396, "car_lcLookaheadLeft": 6.0153, "car_lcPushy": 0.4122, "car_lcSigma": 0.2544, "car_lcSpeedGainRight": 3.2147, "car_lcSublane": 0.4544, "car_sigma": 0.0593, "car_tau_mean": 1.8114, "car_tau_std": 6.8898, "car_v_mean": 19.1574, "car_v_std": 0.9316}, "datetime": {"datetime": "2024-08-10 16:02:12", "elapsed": 12383.022036, "delta": 9.803408}}
{"target": -0.32956702889136613, "params": {"bus_acc": 2.7792, "bus_dcc": 3.1302, "bus_lcAssertive": 1.6455, "bus_lcCooperative": 0.0312, "bus_lcLookaheadLeft": 58.8186, "bus_lcPushy": 0.5192, "bus_lcSigma": 0.2471, "bus_lcSpeedGainRight": 3.2834, "bus_lcSublane": 0.4672, "bus_sigma": 0.9273, "bus_tau_mean": 2.733, "bus_tau_std": 5.8596, "bus_v_mean": 10.8634, "bus_v_std": 16.2687, "car_acc": 3.5487, "car_dcc": 2.4216, "car_lcAssertive": 74.6703, "car_lcCooperative": 0.9473, "car_lcLookaheadLeft": 70.2309, "car_lcPushy": 0.0323, "car_lcSigma": 0.976, "car_lcSpeedGainRight": 2.5221, "car_lcSublane": 0.5947, "car_sigma": 0.8613, "car_tau_mean": 2.7255, "car_tau_std": 4.1145, "car_v_mean": 12.9728, "car_v_std": 11.2056}, "datetime": {"datetime": "2024-08-10 16:02:19", "elapsed": 12389.549994, "delta": 6.527958}}
{"target": -0.34201412245093427, "params": {"bus_acc": 1.4775, "bus_dcc": 1.3724, "bus_lcAssertive": 10.717, "bus_lcCooperative": 0.3097, "bus_lcLookaheadLeft": 98.1515, "bus_lcPushy": 0.2762, "bus_lcSigma": 0.6491, "bus_lcSpeedGainRight": 2.1562, "bus_lcSublane": 0.4975, "bus_sigma": 0.4019, "bus_tau_mean": 1.1547, "bus_tau_std": 8.2703, "bus_v_mean": 20.931, "bus_v_std": 17.6026, "car_acc": 1.7633, "car_dcc": 1.362, "car_lcAssertive": 52.4429, "car_lcCooperative": 0.1433, "car_lcLookaheadLeft": 19.4068, "car_lcPushy": 0.9234, "car_lcSigma": 0.4956, "car_lcSpeedGainRight": 4.5423, "car_lcSublane": 0.4903, "car_sigma": 0.534, "car_tau_mean": 1.1311, "car_tau_std": 0.7477, "car_v_mean": 12.8599, "car_v_std": 1.0733}, "datetime": {"datetime": "2024-08-10 16:02:26", "elapsed": 12396.27, "delta": 6.720006}}
{"target": -0.27645970225808864, "params": {"bus_acc": 0.6703, "bus_dcc": 1.0718, "bus_lcAssertive": 82.362, "bus_lcCooperative": 0.5982, "bus_lcLookaheadLeft": 52.5253, "bus_lcPushy": 0.2247, "bus_lcSigma": 0.4115, "bus_lcSpeedGainRight": 2.7126, "bus_lcSublane": 0.1518, "bus_sigma": 0.8037, "bus_tau_mean": 1.4524, "bus_tau_std": 6.0562, "bus_v_mean": 9.6863, "bus_v_std": 7.9509, "car_acc": 2.6804, "car_dcc": 0.9852, "car_lcAssertive": 19.3466, "car_lcCooperative": 0.5554, "car_lcLookaheadLeft": 44.0515, "car_lcPushy": 0.6769, "car_lcSigma": 0.6181, "car_lcSpeedGainRight": 2.7464, "car_lcSublane": 0.5321, "car_sigma": 0.1672, "car_tau_mean": 0.9183, "car_tau_std": 7.466, "car_v_mean": 19.6322, "car_v_std": 4.9694}, "datetime": {"datetime": "2024-08-10 16:02:36", "elapsed": 12406.817264, "delta": 10.547264}}
{"target": -0.348622047161568, "params": {"bus_acc": 2.8339, "bus_dcc": 3.2113, "bus_lcAssertive": 40.0424, "bus_lcCooperative": 0.9371, "bus_lcLookaheadLeft": 74.7408, "bus_lcPushy": 0.9127, "bus_lcSigma": 0.6475, "bus_lcSpeedGainRight": 3.7469, "bus_lcSublane": 0.3738, "bus_sigma": 0.2896, "bus_tau_mean": 3.2589, "bus_tau_std": 5.6005, "bus_v_mean": 22.0009, "bus_v_std": 9.3881, "car_acc": 1.3097, "car_dcc": 2.7582, "car_lcAssertive": 25.0439, "car_lcCooperative": 0.1817, "car_lcLookaheadLeft": 58.597, "car_lcPushy": 0.2935, "car_lcSigma": 0.7377, "car_lcSpeedGainRight": 2.4812, "car_lcSublane": 0.8886, "car_sigma": 0.2078, "car_tau_mean": 0.641, "car_tau_std": 5.6857, "car_v_mean": 24.1404, "car_v_std": 4.0196}, "datetime": {"datetime": "2024-08-10 16:02:46", "elapsed": 12416.979017, "delta": 10.161753}}
{"target": -0.31229097645219384, "params": {"bus_acc": 2.2401, "bus_dcc": 0.4494, "bus_lcAssertive": 27.0363, "bus_lcCooperative": 0.6405, "bus_lcLookaheadLeft": 84.4083, "bus_lcPushy": 0.2988, "bus_lcSigma": 0.1548, "bus_lcSpeedGainRight": 4.377, "bus_lcSublane": 0.7684, "bus_sigma": 0.2155, "bus_tau_mean": 3.326, "bus_tau_std": 1.9575, "bus_v_mean": 11.7602, "bus_v_std": 9.9718, "car_acc": 1.262, "car_dcc": 2.8938, "car_lcAssertive": 2.7103, "car_lcCooperative": 0.9625, "car_lcLookaheadLeft": 87.3476, "car_lcPushy": 0.2892, "car_lcSigma": 0.9726, "car_lcSpeedGainRight": 2.2593, "car_lcSublane": 0.5499, "car_sigma": 0.8027, "car_tau_mean": 2.3135, "car_tau_std": 3.3616, "car_v_mean": 23.2361, "car_v_std": 1.7648}, "datetime": {"datetime": "2024-08-10 16:02:52", "elapsed": 12422.384434, "delta": 5.405417}}
{"target": -0.3324826354644516, "params": {"bus_acc": 3.3149, "bus_dcc": 3.0411, "bus_lcAssertive": 95.3089, "bus_lcCooperative": 0.4506, "bus_lcLookaheadLeft": 98.7153, "bus_lcPushy": 0.1427, "bus_lcSigma": 0.0354, "bus_lcSpeedGainRight": 1.8681, "bus_lcSublane": 0.0348, "bus_sigma": 0.2984, "bus_tau_mean": 1.1782, "bus_tau_std": 6.686, "bus_v_mean": 11.2891, "bus_v_std": 15.636, "car_acc": 1.8315, "car_dcc": 2.2348, "car_lcAssertive": 94.9599, "car_lcCooperative": 0.2059, "car_lcLookaheadLeft": 12.7282, "car_lcPushy": 0.6, "car_lcSigma": 0.1483, "car_lcSpeedGainRight": 3.275, "car_lcSublane": 0.9578, "car_sigma": 0.6668, "car_tau_mean": 1.3854, "car_tau_std": 3.0186, "car_v_mean": 8.4696, "car_v_std": 17.4992}, "datetime": {"datetime": "2024-08-10 16:02:58", "elapsed": 12428.940827, "delta": 6.556393}}
{"target": -0.34348295247594957, "params": {"bus_acc": 2.0914, "bus_dcc": 2.1638, "bus_lcAssertive": 81.9786, "bus_lcCooperative": 0.375, "bus_lcLookaheadLeft": 66.4365, "bus_lcPushy": 0.5324, "bus_lcSigma": 0.2374, "bus_lcSpeedGainRight": 1.1097, "bus_lcSublane": 0.6527, "bus_sigma": 0.2397, "bus_tau_mean": 3.5355, "bus_tau_std": 5.2202, "bus_v_mean": 9.7126, "bus_v_std": 8.5847, "car_acc": 2.2218, "car_dcc": 2.0042, "car_lcAssertive": 44.5032, "car_lcCooperative": 0.7291, "car_lcLookaheadLeft": 5.7304, "car_lcPushy": 0.1925, "car_lcSigma": 0.0868, "car_lcSpeedGainRight": 4.7667, "car_lcSublane": 0.8984, "car_sigma": 0.8021, "car_tau_mean": 3.7498, "car_tau_std": 2.492, "car_v_mean": 17.5649, "car_v_std": 9.4609}, "datetime": {"datetime": "2024-08-10 16:03:08", "elapsed": 12438.575995, "delta": 9.635168}}
{"target": -0.3680156995927763, "params": {"bus_acc": 3.1498, "bus_dcc": 3.8865, "bus_lcAssertive": 17.4733, "bus_lcCooperative": 0.1243, "bus_lcLookaheadLeft": 2.2465, "bus_lcPushy": 0.6924, "bus_lcSigma": 0.8027, "bus_lcSpeedGainRight": 3.3046, "bus_lcSublane": 0.8079, "bus_sigma": 0.2586, "bus_tau_mean": 2.6404, "bus_tau_std": 9.6933, "bus_v_mean": 14.8952, "bus_v_std": 17.8564, "car_acc": 3.3728, "car_dcc": 2.7762, "car_lcAssertive": 83.4355, "car_lcCooperative": 0.7946, "car_lcLookaheadLeft": 54.3071, "car_lcPushy": 0.9345, "car_lcSigma": 0.7162, "car_lcSpeedGainRight": 4.3996, "car_lcSublane": 0.8748, "car_sigma": 0.3432, "car_tau_mean": 1.0006, "car_tau_std": 1.5331, "car_v_mean": 23.1508, "car_v_std": 5.8868}, "datetime": {"datetime": "2024-08-10 16:03:14", "elapsed": 12444.482506, "delta": 5.906511}}
{"target": -0.3026017962119471, "params": {"bus_acc": 1.1787, "bus_dcc": 0.5524, "bus_lcAssertive": 16.6107, "bus_lcCooperative": 0.6973, "bus_lcLookaheadLeft": 31.4103, "bus_lcPushy": 0.4886, "bus_lcSigma": 0.3795, "bus_lcSpeedGainRight": 4.6079, "bus_lcSublane": 0.7025, "bus_sigma": 0.2591, "bus_tau_mean": 1.2518, "bus_tau_std": 8.5994, "bus_v_mean": 8.7611, "bus_v_std": 15.2846, "car_acc": 2.7945, "car_dcc": 2.9046, "car_lcAssertive": 64.1238, "car_lcCooperative": 0.0261, "car_lcLookaheadLeft": 62.3751, "car_lcPushy": 0.3397, "car_lcSigma": 0.4626, "car_lcSpeedGainRight": 2.1967, "car_lcSublane": 0.2147, "car_sigma": 0.8866, "car_tau_mean": 1.8013, "car_tau_std": 3.24, "car_v_mean": 23.3813, "car_v_std": 15.4564}, "datetime": {"datetime": "2024-08-10 16:03:22", "elapsed": 12452.522614, "delta": 8.040108}}
{"target": -0.32188634413701217, "params": {"bus_acc": 2.3026, "bus_dcc": 3.2117, "bus_lcAssertive": 65.9045, "bus_lcCooperative": 0.349, "bus_lcLookaheadLeft": 85.5345, "bus_lcPushy": 0.299, "bus_lcSigma": 0.9104, "bus_lcSpeedGainRight": 0.547, "bus_lcSublane": 0.944, "bus_sigma": 0.1801, "bus_tau_mean": 3.6929, "bus_tau_std": 8.1186, "bus_v_mean": 24.1703, "bus_v_std": 9.7209, "car_acc": 1.9514, "car_dcc": 3.282, "car_lcAssertive": 67.9591, "car_lcCooperative": 0.1989, "car_lcLookaheadLeft": 75.5569, "car_lcPushy": 0.4939, "car_lcSigma": 0.8749, "car_lcSpeedGainRight": 4.1838, "car_lcSublane": 0.1464, "car_sigma": 0.8336, "car_tau_mean": 2.203, "car_tau_std": 1.7547, "car_v_mean": 14.8076, "car_v_std": 11.5439}, "datetime": {"datetime": "2024-08-10 16:03:28", "elapsed": 12458.911695, "delta": 6.389081}}
{"target": -0.7277204831893389, "params": {"bus_acc": 3.6151, "bus_dcc": 3.7903, "bus_lcAssertive": 3.9347, "bus_lcCooperative": 0.7502, "bus_lcLookaheadLeft": 41.4136, "bus_lcPushy": 0.8851, "bus_lcSigma": 0.8709, "bus_lcSpeedGainRight": 4.8517, "bus_lcSublane": 0.2881, "bus_sigma": 0.7737, "bus_tau_mean": 3.2584, "bus_tau_std": 6.5438, "bus_v_mean": 24.3954, "bus_v_std": 3.1474, "car_acc": 0.4592, "car_dcc": 3.3731, "car_lcAssertive": 48.4513, "car_lcCooperative": 0.6739, "car_lcLookaheadLeft": 57.98, "car_lcPushy": 0.9841, "car_lcSigma": 0.2884, "car_lcSpeedGainRight": 4.4851, "car_lcSublane": 0.9346, "car_sigma": 0.9165, "car_tau_mean": 1.3597, "car_tau_std": 1.289, "car_v_mean": 8.4909, "car_v_std": 7.8217}, "datetime": {"datetime": "2024-08-10 16:03:34", "elapsed": 12464.491414, "delta": 5.579719}}
{"target": -0.26872839469462745, "params": {"bus_acc": 0.3065, "bus_dcc": 0.7942, "bus_lcAssertive": 58.913, "bus_lcCooperative": 0.61, "bus_lcLookaheadLeft": 4.3367, "bus_lcPushy": 0.5264, "bus_lcSigma": 0.8963, "bus_lcSpeedGainRight": 2.3986, "bus_lcSublane": 0.0269, "bus_sigma": 0.4437, "bus_tau_mean": 0.9352, "bus_tau_std": 6.1459, "bus_v_mean": 18.1424, "bus_v_std": 7.0117, "car_acc": 3.8661, "car_dcc": 2.5768, "car_lcAssertive": 85.2049, "car_lcCooperative": 0.4889, "car_lcLookaheadLeft": 42.8592, "car_lcPushy": 0.1985, "car_lcSigma": 0.7396, "car_lcSpeedGainRight": 3.9444, "car_lcSublane": 0.9215, "car_sigma": 0.5026, "car_tau_mean": 1.5381, "car_tau_std": 0.4585, "car_v_mean": 22.1488, "car_v_std": 4.9079}, "datetime": {"datetime": "2024-08-10 16:03:45", "elapsed": 12475.770786, "delta": 11.279372}}
{"target": -0.24377973045485937, "params": {"bus_acc": 0.514, "bus_dcc": 1.5883, "bus_lcAssertive": 5.8372, "bus_lcCooperative": 0.3468, "bus_lcLookaheadLeft": 61.2192, "bus_lcPushy": 0.2448, "bus_lcSigma": 0.7927, "bus_lcSpeedGainRight": 2.1958, "bus_lcSublane": 0.3008, "bus_sigma": 0.6801, "bus_tau_mean": 1.8269, "bus_tau_std": 1.6943, "bus_v_mean": 13.4234, "bus_v_std": 19.4906, "car_acc": 1.5954, "car_dcc": 0.9986, "car_lcAssertive": 64.5732, "car_lcCooperative": 0.9001, "car_lcLookaheadLeft": 79.0331, "car_lcPushy": 0.2274, "car_lcSigma": 0.1152, "car_lcSpeedGainRight": 3.7167, "car_lcSublane": 0.3242, "car_sigma": 0.7926, "car_tau_mean": 1.5016, "car_tau_std": 2.1805, "car_v_mean": 15.7822, "car_v_std": 14.1035}, "datetime": {"datetime": "2024-08-10 16:03:51", "elapsed": 12481.955866, "delta": 6.18508}}
