{"target": -0.3722787961337815, "params": {"bus_acc": 3.6265, "bus_dcc": 2.2221, "bus_lcAssertive": 42.6333, "bus_lcCooperative": 0.6437, "bus_lcLookaheadLeft": 57.363, "bus_lcPushy": 0.7191, "bus_lcSigma": 0.4242, "bus_lcSpeedGainRight": 3.7582, "bus_lcSublane": 0.5513, "bus_sigma": 0.149, "bus_tau_mean": 2.2949, "bus_tau_std": 1.2228, "bus_v_mean": 14.3133, "bus_v_std": 16.0773, "car_acc": 0.2858, "car_dcc": 3.9261, "car_lcAssertive": 61.3185, "car_lcCooperative": 0.9067, "car_lcLookaheadLeft": 49.2809, "car_lcPushy": 0.2034, "car_lcSigma": 0.2537, "car_lcSpeedGainRight": 0.5093, "car_lcSublane": 0.488, "car_sigma": 0.2655, "car_tau_mean": 2.0274, "car_tau_std": 4.9865, "car_v_mean": 12.069, "car_v_std": 2.9596}, "datetime": {"datetime": "2024-08-10 13:26:58", "elapsed": 3069.116071, "delta": 4.537297}}
{"target": -0.31263038793741005, "params": {"bus_acc": 3.1043, "bus_dcc": 1.0257, "bus_lcAssertive": 79.3626, "bus_lcCooperative": 0.3591, "bus_lcLookaheadLeft": 83.682, "bus_lcPushy": 0.3111, "bus_lcSigma": 0.9102, "bus_lcSpeedGainRight": 2.0541, "bus_lcSublane": 0.2189, "bus_sigma": 0.2448, "bus_tau_mean": 1.5322, "bus_tau_std": 8.3483, "bus_v_mean": 16.3204, "bus_v_std": 2.8748, "car_acc": 3.4936, "car_dcc": 1.144, "car_lcAssertive": 94.6503, "car_lcCooperative": 0.0011, "car_lcLookaheadLeft": 13.4687, "car_lcPushy": 0.15, "car_lcSigma": 0.6721, "car_lcSpeedGainRight": 4.6268, "car_lcSublane": 0.0581, "car_sigma": 0.6464, "car_tau_mean": 2.1872, "car_tau_std": 2.6969, "car_v_mean": 12.6252, "car_v_std": 6.5783}, "datetime": {"datetime": "2024-08-10 13:27:03", "elapsed": 3073.803157, "delta": 4.687086}}
{"target": -0.3237342078445932, "params": {"bus_acc": 3.5414, "bus_dcc": 0.8746, "bus_lcAssertive": 48.3634, "bus_lcCooperative": 0.2354, "bus_lcLookaheadLeft": 61.8866, "bus_lcPushy": 0.9436, "bus_lcSigma": 0.6629, "bus_lcSpeedGainRight": 3.145, "bus_lcSublane": 0.3676, "bus_sigma": 0.2916, "bus_tau_mean": 3.0826, "bus_tau_std": 6.7065, "bus_v_mean": 25.7979, "bus_v_std": 19.9223, "car_acc": 3.0191, "car_dcc": 3.2653, "car_lcAssertive": 52.0961, "car_lcCooperative": 0.776, "car_lcLookaheadLeft": 26.507, "car_lcPushy": 0.8442, "car_lcSigma": 0.1463, "car_lcSpeedGainRight": 4.3972, "car_lcSublane": 0.977, "car_sigma": 0.0201, "car_tau_mean": 3.6021, "car_tau_std": 9.8008, "car_v_mean": 22.8206, "car_v_std": 13.657}, "datetime": {"datetime": "2024-08-10 13:27:08", "elapsed": 3078.569723, "delta": 4.766566}}
{"target": -0.42688552877936364, "params": {"bus_acc": 0.3068, "bus_dcc": 3.5675, "bus_lcAssertive": 42.2453, "bus_lcCooperative": 0.9285, "bus_lcLookaheadLeft": 16.387, "bus_lcPushy": 0.368, "bus_lcSigma": 0.243, "bus_lcSpeedGainRight": 0.8151, "bus_lcSublane": 0.7931, "bus_sigma": 0.0985, "bus_tau_mean": 3.0967, "bus_tau_std": 8.7227, "bus_v_mean": 21.7616, "bus_v_std": 18.1783, "car_acc": 1.7509, "car_dcc": 1.7309, "car_lcAssertive": 59.751, "car_lcCooperative": 0.6249, "car_lcLookaheadLeft": 74.0918, "car_lcPushy": 0.4732, "car_lcSigma": 0.5446, "car_lcSpeedGainRight": 0.6806, "car_lcSublane": 0.0921, "car_sigma": 0.1207, "car_tau_mean": 1.564, "car_tau_std": 5.8894, "car_v_mean": 20.4754, "car_v_std": 19.1654}, "datetime": {"datetime": "2024-08-10 13:27:15", "elapsed": 3085.223281, "delta": 6.653558}}
{"target": -0.7459917066920414, "params": {"bus_acc": 0.3293, "bus_dcc": 2.9491, "bus_lcAssertive": 2.6562, "bus_lcCooperative": 0.5728, "bus_lcLookaheadLeft": 72.7008, "bus_lcPushy": 0.2933, "bus_lcSigma": 0.4078, "bus_lcSpeedGainRight": 4.0182, "bus_lcSublane": 0.6742, "bus_sigma": 0.0133, "bus_tau_mean": 2.2486, "bus_tau_std": 3.8321, "bus_v_mean": 24.7409, "bus_v_std": 9.257, "car_acc": 0.4814, "car_dcc": 2.265, "car_lcAssertive": 47.526, "car_lcCooperative": 0.3608, "car_lcLookaheadLeft": 9.7486, "car_lcPushy": 0.7915, "car_lcSigma": 0.4979, "car_lcSpeedGainRight": 1.1227, "car_lcSublane": 0.4958, "car_sigma": 0.8235, "car_tau_mean": 2.8737, "car_tau_std": 2.215, "car_v_mean": 18.1291, "car_v_std": 3.8574}, "datetime": {"datetime": "2024-08-10 13:27:20", "elapsed": 3090.174092, "delta": 4.950811}}
{"target": -0.8305315826669398, "params": {"bus_acc": 0.4984, "bus_dcc": 3.5778, "bus_lcAssertive": 10.5031, "bus_lcCooperative": 0.9497, "bus_lcLookaheadLeft": 57.1252, "bus_lcPushy": 0.9263, "bus_lcSigma": 0.6331, "bus_lcSpeedGainRight": 0.0292, "bus_lcSublane": 0.8549, "bus_sigma": 0.8199, "bus_tau_mean": 3.7647, "bus_tau_std": 8.9858, "bus_v_mean": 13.0552, "bus_v_std": 8.8623, "car_acc": 0.371, "car_dcc": 0.7344, "car_lcAssertive": 82.2272, "car_lcCooperative": 0.4582, "car_lcLookaheadLeft": 60.9316, "car_lcPushy": 0.9664, "car_lcSigma": 0.8977, "car_lcSpeedGainRight": 1.4427, "car_lcSublane": 0.7171, "car_sigma": 0.3881, "car_tau_mean": 0.592, "car_tau_std": 2.096, "car_v_mean": 22.1104, "car_v_std": 18.5176}, "datetime": {"datetime": "2024-08-10 13:27:23", "elapsed": 3093.923111, "delta": 3.749019}}
{"target": -0.29595015350708764, "params": {"bus_acc": 2.3662, "bus_dcc": 3.4347, "bus_lcAssertive": 45.1091, "bus_lcCooperative": 0.1271, "bus_lcLookaheadLeft": 4.8429, "bus_lcPushy": 0.4535, "bus_lcSigma": 0.1995, "bus_lcSpeedGainRight": 2.4506, "bus_lcSublane": 0.5544, "bus_sigma": 0.2867, "bus_tau_mean": 3.5006, "bus_tau_std": 9.7897, "bus_v_mean": 10.3558, "bus_v_std": 0.1053, "car_acc": 3.3176, "car_dcc": 0.4535, "car_lcAssertive": 19.5028, "car_lcCooperative": 0.5056, "car_lcLookaheadLeft": 93.0467, "car_lcPushy": 0.2467, "car_lcSigma": 0.893, "car_lcSpeedGainRight": 0.6251, "car_lcSublane": 0.3661, "car_sigma": 0.1448, "car_tau_mean": 3.7218, "car_tau_std": 1.6887, "car_v_mean": 14.3291, "car_v_std": 5.7713}, "datetime": {"datetime": "2024-08-10 13:27:30", "elapsed": 3100.339993, "delta": 6.416882}}
{"target": -0.30548581656457013, "params": {"bus_acc": 3.343, "bus_dcc": 3.623, "bus_lcAssertive": 67.2507, "bus_lcCooperative": 0.8283, "bus_lcLookaheadLeft": 59.293, "bus_lcPushy": 0.6121, "bus_lcSigma": 0.4149, "bus_lcSpeedGainRight": 3.8568, "bus_lcSublane": 0.8564, "bus_sigma": 0.1096, "bus_tau_mean": 2.7702, "bus_tau_std": 7.6415, "bus_v_mean": 23.9238, "bus_v_std": 4.6868, "car_acc": 1.8361, "car_dcc": 1.3611, "car_lcAssertive": 2.164, "car_lcCooperative": 0.5919, "car_lcLookaheadLeft": 6.3078, "car_lcPushy": 0.5348, "car_lcSigma": 0.6813, "car_lcSpeedGainRight": 2.3278, "car_lcSublane": 0.9667, "car_sigma": 0.9078, "car_tau_mean": 1.4752, "car_tau_std": 0.369, "car_v_mean": 20.1395, "car_v_std": 9.2294}, "datetime": {"datetime": "2024-08-10 13:27:34", "elapsed": 3104.671089, "delta": 4.331096}}
{"target": -0.26546195391235405, "params": {"bus_acc": 2.9834, "bus_dcc": 3.7656, "bus_lcAssertive": 52.9365, "bus_lcCooperative": 0.9851, "bus_lcLookaheadLeft": 84.1746, "bus_lcPushy": 0.1949, "bus_lcSigma": 0.744, "bus_lcSpeedGainRight": 3.0675, "bus_lcSublane": 0.2967, "bus_sigma": 0.1749, "bus_tau_mean": 3.4746, "bus_tau_std": 1.3018, "bus_v_mean": 25.8709, "bus_v_std": 13.4427, "car_acc": 2.2562, "car_dcc": 3.3127, "car_lcAssertive": 52.0274, "car_lcCooperative": 0.4437, "car_lcLookaheadLeft": 11.6738, "car_lcPushy": 0.4054, "car_lcSigma": 0.796, "car_lcSpeedGainRight": 4.8418, "car_lcSublane": 0.6721, "car_sigma": 0.1113, "car_tau_mean": 1.1725, "car_tau_std": 0.4416, "car_v_mean": 9.3747, "car_v_std": 16.5892}, "datetime": {"datetime": "2024-08-10 13:27:38", "elapsed": 3108.294911, "delta": 3.623822}}
{"target": -0.2697278151697859, "params": {"bus_acc": 2.605, "bus_dcc": 1.4266, "bus_lcAssertive": 65.2079, "bus_lcCooperative": 0.8147, "bus_lcLookaheadLeft": 24.5936, "bus_lcPushy": 0.4618, "bus_lcSigma": 0.5299, "bus_lcSpeedGainRight": 4.6952, "bus_lcSublane": 0.3499, "bus_sigma": 0.5383, "bus_tau_mean": 1.4309, "bus_tau_std": 2.2926, "bus_v_mean": 8.3506, "bus_v_std": 10.1718, "car_acc": 2.8729, "car_dcc": 1.246, "car_lcAssertive": 42.9995, "car_lcCooperative": 0.8318, "car_lcLookaheadLeft": 43.0516, "car_lcPushy": 0.4595, "car_lcSigma": 0.6144, "car_lcSpeedGainRight": 2.5559, "car_lcSublane": 0.7376, "car_sigma": 0.4438, "car_tau_mean": 3.1303, "car_tau_std": 7.6952, "car_v_mean": 14.3708, "car_v_std": 14.2652}, "datetime": {"datetime": "2024-08-10 13:27:42", "elapsed": 3112.25178, "delta": 3.956869}}
{"target": -0.37326120938106494, "params": {"bus_acc": 1.2028, "bus_dcc": 3.2738, "bus_lcAssertive": 82.5895, "bus_lcCooperative": 0.6882, "bus_lcLookaheadLeft": 18.2554, "bus_lcPushy": 0.1659, "bus_lcSigma": 0.0953, "bus_lcSpeedGainRight": 4.5012, "bus_lcSublane": 0.3701, "bus_sigma": 0.3707, "bus_tau_mean": 1.7215, "bus_tau_std": 4.7979, "bus_v_mean": 18.3115, "bus_v_std": 15.2203, "car_acc": 0.5572, "car_dcc": 0.4961, "car_lcAssertive": 32.2201, "car_lcCooperative": 0.984, "car_lcLookaheadLeft": 89.5026, "car_lcPushy": 0.6884, "car_lcSigma": 0.3611, "car_lcSpeedGainRight": 0.9343, "car_lcSublane": 0.8525, "car_sigma": 0.8472, "car_tau_mean": 1.3461, "car_tau_std": 9.183, "car_v_mean": 16.2198, "car_v_std": 12.8726}, "datetime": {"datetime": "2024-08-10 13:27:45", "elapsed": 3115.254994, "delta": 3.003214}}
{"target": -0.3220617337072673, "params": {"bus_acc": 2.4472, "bus_dcc": 0.8021, "bus_lcAssertive": 39.7425, "bus_lcCooperative": 0.7552, "bus_lcLookaheadLeft": 64.9433, "bus_lcPushy": 0.1461, "bus_lcSigma": 0.151, "bus_lcSpeedGainRight": 4.9339, "bus_lcSublane": 0.3681, "bus_sigma": 0.322, "bus_tau_mean": 1.9203, "bus_tau_std": 9.6241, "bus_v_mean": 18.0917, "bus_v_std": 2.6691, "car_acc": 2.7885, "car_dcc": 3.2584, "car_lcAssertive": 31.4039, "car_lcCooperative": 0.5266, "car_lcLookaheadLeft": 11.9261, "car_lcPushy": 0.0106, "car_lcSigma": 0.3186, "car_lcSpeedGainRight": 3.8563, "car_lcSublane": 0.6588, "car_sigma": 0.0915, "car_tau_mean": 0.5902, "car_tau_std": 5.2929, "car_v_mean": 8.0054, "car_v_std": 14.5728}, "datetime": {"datetime": "2024-08-10 13:27:53", "elapsed": 3123.186062, "delta": 7.931068}}
{"target": -0.9332461607580619, "params": {"bus_acc": 0.3724, "bus_dcc": 0.8433, "bus_lcAssertive": 19.9754, "bus_lcCooperative": 0.7122, "bus_lcLookaheadLeft": 68.3384, "bus_lcPushy": 0.2776, "bus_lcSigma": 0.6739, "bus_lcSpeedGainRight": 4.5744, "bus_lcSublane": 0.8655, "bus_sigma": 0.3441, "bus_tau_mean": 2.8163, "bus_tau_std": 4.1273, "bus_v_mean": 20.5465, "bus_v_std": 7.2256, "car_acc": 0.3001, "car_dcc": 2.1769, "car_lcAssertive": 13.8025, "car_lcCooperative": 0.7829, "car_lcLookaheadLeft": 47.1479, "car_lcPushy": 0.1527, "car_lcSigma": 0.2903, "car_lcSpeedGainRight": 4.0337, "car_lcSublane": 0.608, "car_sigma": 0.3069, "car_tau_mean": 3.3525, "car_tau_std": 1.2849, "car_v_mean": 20.4436, "car_v_std": 3.0678}, "datetime": {"datetime": "2024-08-10 13:27:55", "elapsed": 3125.521739, "delta": 2.335677}}
{"target": -0.3942440912695609, "params": {"bus_acc": 2.6495, "bus_dcc": 0.8788, "bus_lcAssertive": 91.4461, "bus_lcCooperative": 0.4016, "bus_lcLookaheadLeft": 9.19, "bus_lcPushy": 0.8582, "bus_lcSigma": 0.0864, "bus_lcSpeedGainRight": 2.7049, "bus_lcSublane": 0.3297, "bus_sigma": 0.5886, "bus_tau_mean": 3.4159, "bus_tau_std": 7.2647, "bus_v_mean": 15.1077, "bus_v_std": 8.405, "car_acc": 3.7403, "car_dcc": 2.9372, "car_lcAssertive": 59.4851, "car_lcCooperative": 0.9557, "car_lcLookaheadLeft": 12.1539, "car_lcPushy": 0.3103, "car_lcSigma": 0.2783, "car_lcSpeedGainRight": 0.5298, "car_lcSublane": 0.9096, "car_sigma": 0.1735, "car_tau_mean": 1.5184, "car_tau_std": 2.9167, "car_v_mean": 18.6752, "car_v_std": 3.6418}, "datetime": {"datetime": "2024-08-10 13:28:00", "elapsed": 3131.035067, "delta": 5.513328}}
{"target": -0.7302917941049287, "params": {"bus_acc": 3.44, "bus_dcc": 0.6565, "bus_lcAssertive": 33.0602, "bus_lcCooperative": 0.9367, "bus_lcLookaheadLeft": 32.3253, "bus_lcPushy": 0.007, "bus_lcSigma": 0.1097, "bus_lcSpeedGainRight": 1.5269, "bus_lcSublane": 0.4031, "bus_sigma": 0.4414, "bus_tau_mean": 3.9352, "bus_tau_std": 8.4679, "bus_v_mean": 17.8031, "bus_v_std": 19.3968, "car_acc": 0.4732, "car_dcc": 3.76, "car_lcAssertive": 17.0046, "car_lcCooperative": 0.9212, "car_lcLookaheadLeft": 40.8455, "car_lcPushy": 0.6113, "car_lcSigma": 0.6373, "car_lcSpeedGainRight": 3.3361, "car_lcSublane": 0.2979, "car_sigma": 0.5003, "car_tau_mean": 3.8575, "car_tau_std": 1.0074, "car_v_mean": 16.3351, "car_v_std": 12.6158}, "datetime": {"datetime": "2024-08-10 13:28:06", "elapsed": 3136.454776, "delta": 5.419709}}
{"target": -0.3107921442980756, "params": {"bus_acc": 0.5779, "bus_dcc": 0.7533, "bus_lcAssertive": 77.7939, "bus_lcCooperative": 0.1501, "bus_lcLookaheadLeft": 52.8735, "bus_lcPushy": 0.7273, "bus_lcSigma": 0.1312, "bus_lcSpeedGainRight": 2.1105, "bus_lcSublane": 0.5589, "bus_sigma": 0.4327, "bus_tau_mean": 2.1315, "bus_tau_std": 5.804, "bus_v_mean": 8.8718, "bus_v_std": 5.1476, "car_acc": 2.6785, "car_dcc": 1.6614, "car_lcAssertive": 85.9565, "car_lcCooperative": 0.6795, "car_lcLookaheadLeft": 5.682, "car_lcPushy": 0.2854, "car_lcSigma": 0.9274, "car_lcSpeedGainRight": 1.6071, "car_lcSublane": 0.151, "car_sigma": 0.7908, "car_tau_mean": 2.7861, "car_tau_std": 8.6204, "car_v_mean": 12.5696, "car_v_std": 8.2558}, "datetime": {"datetime": "2024-08-10 13:28:09", "elapsed": 3139.651305, "delta": 3.196529}}
{"target": -0.2801633217736112, "params": {"bus_acc": 0.4561, "bus_dcc": 1.8986, "bus_lcAssertive": 20.1135, "bus_lcCooperative": 0.5975, "bus_lcLookaheadLeft": 62.7987, "bus_lcPushy": 0.0053, "bus_lcSigma": 0.2265, "bus_lcSpeedGainRight": 2.6012, "bus_lcSublane": 0.3029, "bus_sigma": 0.7918, "bus_tau_mean": 3.7456, "bus_tau_std": 3.0438, "bus_v_mean": 18.1252, "bus_v_std": 15.5468, "car_acc": 1.5522, "car_dcc": 1.3312, "car_lcAssertive": 83.3132, "car_lcCooperative": 0.7071, "car_lcLookaheadLeft": 59.8637, "car_lcPushy": 0.8581, "car_lcSigma": 0.4049, "car_lcSpeedGainRight": 4.0778, "car_lcSublane": 0.4962, "car_sigma": 0.4242, "car_tau_mean": 2.7607, "car_tau_std": 2.9884, "car_v_mean": 16.8248, "car_v_std": 11.4679}, "datetime": {"datetime": "2024-08-10 13:28:14", "elapsed": 3144.519296, "delta": 4.867991}}
{"target": -0.3359152506136937, "params": {"bus_acc": 3.0688, "bus_dcc": 2.0214, "bus_lcAssertive": 44.0358, "bus_lcCooperative": 0.9694, "bus_lcLookaheadLeft": 78.2615, "bus_lcPushy": 0.4479, "bus_lcSigma": 0.802, "bus_lcSpeedGainRight": 0.8582, "bus_lcSublane": 0.4977, "bus_sigma": 0.3428, "bus_tau_mean": 3.5442, "bus_tau_std": 8.8257, "bus_v_mean": 24.2191, "bus_v_std": 3.9387, "car_acc": 3.8227, "car_dcc": 1.9607, "car_lcAssertive": 62.5878, "car_lcCooperative": 0.2319, "car_lcLookaheadLeft": 40.5439, "car_lcPushy": 0.1704, "car_lcSigma": 0.3005, "car_lcSpeedGainRight": 3.9714, "car_lcSublane": 0.6263, "car_sigma": 0.2491, "car_tau_mean": 2.5237, "car_tau_std": 7.4481, "car_v_mean": 9.6436, "car_v_std": 5.4284}, "datetime": {"datetime": "2024-08-10 13:28:20", "elapsed": 3150.700565, "delta": 6.181269}}
{"target": -0.5102590196446596, "params": {"bus_acc": 2.8066, "bus_dcc": 0.5806, "bus_lcAssertive": 64.9676, "bus_lcCooperative": 0.6213, "bus_lcLookaheadLeft": 88.6044, "bus_lcPushy": 0.4205, "bus_lcSigma": 0.8298, "bus_lcSpeedGainRight": 3.7597, "bus_lcSublane": 0.1383, "bus_sigma": 0.0963, "bus_tau_mean": 3.6833, "bus_tau_std": 6.5879, "bus_v_mean": 10.1638, "bus_v_std": 0.3217, "car_acc": 0.8179, "car_dcc": 3.7704, "car_lcAssertive": 96.1385, "car_lcCooperative": 0.3435, "car_lcLookaheadLeft": 30.9986, "car_lcPushy": 0.102, "car_lcSigma": 0.1698, "car_lcSpeedGainRight": 2.6788, "car_lcSublane": 0.6584, "car_sigma": 0.0135, "car_tau_mean": 1.7632, "car_tau_std": 9.4801, "car_v_mean": 14.0976, "car_v_std": 14.2929}, "datetime": {"datetime": "2024-08-10 13:28:23", "elapsed": 3153.922093, "delta": 3.221528}}
{"target": -0.790750315313466, "params": {"bus_acc": 1.2123, "bus_dcc": 0.8469, "bus_lcAssertive": 59.6815, "bus_lcCooperative": 0.713, "bus_lcLookaheadLeft": 87.6797, "bus_lcPushy": 0.8034, "bus_lcSigma": 0.8633, "bus_lcSpeedGainRight": 4.9626, "bus_lcSublane": 0.2019, "bus_sigma": 0.3527, "bus_tau_mean": 2.2889, "bus_tau_std": 5.8642, "bus_v_mean": 15.76, "bus_v_std": 5.8435, "car_acc": 0.3834, "car_dcc": 2.9789, "car_lcAssertive": 84.8453, "car_lcCooperative": 0.4387, "car_lcLookaheadLeft": 57.7783, "car_lcPushy": 0.8604, "car_lcSigma": 0.1056, "car_lcSpeedGainRight": 3.8155, "car_lcSublane": 0.0536, "car_sigma": 0.9969, "car_tau_mean": 3.4279, "car_tau_std": 1.3532, "car_v_mean": 12.9999, "car_v_std": 15.1642}, "datetime": {"datetime": "2024-08-10 13:28:32", "elapsed": 3162.53782, "delta": 8.615727}}
{"target": -0.33884309364927007, "params": {"bus_acc": 1.0096, "bus_dcc": 1.3605, "bus_lcAssertive": 88.9755, "bus_lcCooperative": 0.9253, "bus_lcLookaheadLeft": 3.5003, "bus_lcPushy": 0.1681, "bus_lcSigma": 0.1451, "bus_lcSpeedGainRight": 4.7725, "bus_lcSublane": 0.526, "bus_sigma": 0.5988, "bus_tau_mean": 1.5106, "bus_tau_std": 3.3887, "bus_v_mean": 9.5939, "bus_v_std": 18.9143, "car_acc": 1.8546, "car_dcc": 1.3941, "car_lcAssertive": 32.1244, "car_lcCooperative": 0.9994, "car_lcLookaheadLeft": 70.0836, "car_lcPushy": 0.3386, "car_lcSigma": 0.6026, "car_lcSpeedGainRight": 2.7347, "car_lcSublane": 0.9127, "car_sigma": 0.8512, "car_tau_mean": 1.615, "car_tau_std": 7.3343, "car_v_mean": 24.092, "car_v_std": 18.4719}, "datetime": {"datetime": "2024-08-10 13:28:37", "elapsed": 3167.973958, "delta": 5.436138}}
{"target": -0.3173375967349498, "params": {"bus_acc": 3.2469, "bus_dcc": 3.6899, "bus_lcAssertive": 96.7806, "bus_lcCooperative": 0.9315, "bus_lcLookaheadLeft": 20.3785, "bus_lcPushy": 0.8153, "bus_lcSigma": 0.5172, "bus_lcSpeedGainRight": 0.2925, "bus_lcSublane": 0.3686, "bus_sigma": 0.1667, "bus_tau_mean": 2.3062, "bus_tau_std": 6.0197, "bus_v_mean": 8.5937, "bus_v_std": 8.0218, "car_acc": 2.1796, "car_dcc": 1.5494, "car_lcAssertive": 78.3518, "car_lcCooperative": 0.1072, "car_lcLookaheadLeft": 16.5298, "car_lcPushy": 0.8269, "car_lcSigma": 0.2333, "car_lcSpeedGainRight": 4.1985, "car_lcSublane": 0.9883, "car_sigma": 0.681, "car_tau_mean": 0.9572, "car_tau_std": 3.89, "car_v_mean": 9.7373, "car_v_std": 14.7038}, "datetime": {"datetime": "2024-08-10 13:28:41", "elapsed": 3171.445329, "delta": 3.471371}}
{"target": -0.9668820213983734, "params": {"bus_acc": 1.6126, "bus_dcc": 0.2907, "bus_lcAssertive": 9.9799, "bus_lcCooperative": 0.6814, "bus_lcLookaheadLeft": 12.9751, "bus_lcPushy": 0.8602, "bus_lcSigma": 0.5876, "bus_lcSpeedGainRight": 2.2268, "bus_lcSublane": 0.8677, "bus_sigma": 0.4119, "bus_tau_mean": 3.564, "bus_tau_std": 5.2468, "bus_v_mean": 14.5879, "bus_v_std": 13.413, "car_acc": 0.2139, "car_dcc": 2.2853, "car_lcAssertive": 54.7728, "car_lcCooperative": 0.268, "car_lcLookaheadLeft": 53.2268, "car_lcPushy": 0.3403, "car_lcSigma": 0.3493, "car_lcSpeedGainRight": 1.4902, "car_lcSublane": 0.9044, "car_sigma": 0.223, "car_tau_mean": 1.8863, "car_tau_std": 6.8194, "car_v_mean": 19.4086, "car_v_std": 4.2899}, "datetime": {"datetime": "2024-08-10 13:28:45", "elapsed": 3175.300826, "delta": 3.855497}}
{"target": -0.6059824379761042, "params": {"bus_acc": 3.9339, "bus_dcc": 3.1197, "bus_lcAssertive": 80.2263, "bus_lcCooperative": 0.9325, "bus_lcLookaheadLeft": 61.7288, "bus_lcPushy": 0.5679, "bus_lcSigma": 0.8052, "bus_lcSpeedGainRight": 4.2171, "bus_lcSublane": 0.0293, "bus_sigma": 0.8809, "bus_tau_mean": 1.8537, "bus_tau_std": 3.6502, "bus_v_mean": 22.1567, "bus_v_std": 19.387, "car_acc": 0.3957, "car_dcc": 3.2155, "car_lcAssertive": 83.874, "car_lcCooperative": 0.423, "car_lcLookaheadLeft": 11.2579, "car_lcPushy": 0.954, "car_lcSigma": 0.0847, "car_lcSpeedGainRight": 3.112, "car_lcSublane": 0.116, "car_sigma": 0.1967, "car_tau_mean": 2.3015, "car_tau_std": 1.921, "car_v_mean": 24.1846, "car_v_std": 17.4239}, "datetime": {"datetime": "2024-08-10 13:28:50", "elapsed": 3181.036293, "delta": 5.735467}}
{"target": -0.3141357270520536, "params": {"bus_acc": 2.3576, "bus_dcc": 0.4906, "bus_lcAssertive": 46.033, "bus_lcCooperative": 0.8647, "bus_lcLookaheadLeft": 84.9985, "bus_lcPushy": 0.5699, "bus_lcSigma": 0.2028, "bus_lcSpeedGainRight": 2.2119, "bus_lcSublane": 0.5642, "bus_sigma": 0.2459, "bus_tau_mean": 2.033, "bus_tau_std": 7.0644, "bus_v_mean": 25.5255, "bus_v_std": 8.2725, "car_acc": 1.3228, "car_dcc": 0.6218, "car_lcAssertive": 26.3455, "car_lcCooperative": 0.4626, "car_lcLookaheadLeft": 27.3343, "car_lcPushy": 0.0463, "car_lcSigma": 0.3242, "car_lcSpeedGainRight": 4.8172, "car_lcSublane": 0.6748, "car_sigma": 0.7952, "car_tau_mean": 2.0894, "car_tau_std": 9.7677, "car_v_mean": 8.8988, "car_v_std": 16.3739}, "datetime": {"datetime": "2024-08-10 13:28:57", "elapsed": 3187.221526, "delta": 6.185233}}
{"target": -0.35717119340347964, "params": {"bus_acc": 3.0041, "bus_dcc": 2.2452, "bus_lcAssertive": 92.6648, "bus_lcCooperative": 0.9395, "bus_lcLookaheadLeft": 86.891, "bus_lcPushy": 0.2447, "bus_lcSigma": 0.6145, "bus_lcSpeedGainRight": 2.7369, "bus_lcSublane": 0.0986, "bus_sigma": 0.7862, "bus_tau_mean": 1.4799, "bus_tau_std": 4.8281, "bus_v_mean": 20.6041, "bus_v_std": 16.5628, "car_acc": 3.9479, "car_dcc": 1.4088, "car_lcAssertive": 37.5185, "car_lcCooperative": 0.1048, "car_lcLookaheadLeft": 41.876, "car_lcPushy": 0.445, "car_lcSigma": 0.9702, "car_lcSpeedGainRight": 1.4155, "car_lcSublane": 0.0705, "car_sigma": 0.0345, "car_tau_mean": 0.8299, "car_tau_std": 7.277, "car_v_mean": 22.2858, "car_v_std": 8.2294}, "datetime": {"datetime": "2024-08-10 13:29:01", "elapsed": 3191.173051, "delta": 3.951525}}
