{"target": -0.3653000681491983, "params": {"bus_acc": 2.806, "bus_dcc": 3.7231, "bus_lcAssertive": 41.8349, "bus_lcCooperative": 0.7468, "bus_lcLookaheadLeft": 23.023, "bus_lcPushy": 0.4581, "bus_lcSigma": 0.0592, "bus_lcSpeedGainRight": 2.0206, "bus_lcSublane": 0.1632, "bus_sigma": 0.9538, "bus_tau_mean": 1.869, "bus_tau_std": 8.3965, "bus_v_mean": 25.0346, "bus_v_std": 3.6958, "car_acc": 2.9267, "car_dcc": 1.1248, "car_lcAssertive": 83.5577, "car_lcCooperative": 0.1107, "car_lcLookaheadLeft": 24.2795, "car_lcPushy": 0.2585, "car_lcSigma": 0.0689, "car_lcSpeedGainRight": 1.4296, "car_lcSublane": 0.4463, "car_sigma": 0.2778, "car_tau_mean": 1.1421, "car_tau_std": 6.7977, "car_v_mean": 19.6358, "car_v_std": 15.3185}, "datetime": {"datetime": "2024-08-10 16:37:03", "elapsed": 14473.288895, "delta": 11.057997}}
{"target": -0.3336141939330113, "params": {"bus_acc": 0.5905, "bus_dcc": 1.0946, "bus_lcAssertive": 8.9078, "bus_lcCooperative": 0.933, "bus_lcLookaheadLeft": 48.8786, "bus_lcPushy": 0.6668, "bus_lcSigma": 0.3445, "bus_lcSpeedGainRight": 0.9558, "bus_lcSublane": 0.5204, "bus_sigma": 0.4966, "bus_tau_mean": 3.5214, "bus_tau_std": 8.8344, "bus_v_mean": 10.8521, "bus_v_std": 10.4785, "car_acc": 3.6629, "car_dcc": 3.016, "car_lcAssertive": 65.6208, "car_lcCooperative": 0.203, "car_lcLookaheadLeft": 29.1126, "car_lcPushy": 0.6635, "car_lcSigma": 0.0747, "car_lcSpeedGainRight": 4.9689, "car_lcSublane": 0.2219, "car_sigma": 0.2519, "car_tau_mean": 1.032, "car_tau_std": 8.0739, "car_v_mean": 24.9664, "car_v_std": 18.519}, "datetime": {"datetime": "2024-08-10 16:37:16", "elapsed": 14486.97431, "delta": 13.685415}}
{"target": -0.3380217297081105, "params": {"bus_acc": 1.1475, "bus_dcc": 3.0358, "bus_lcAssertive": 48.4104, "bus_lcCooperative": 0.6669, "bus_lcLookaheadLeft": 57.7571, "bus_lcPushy": 0.8624, "bus_lcSigma": 0.2782, "bus_lcSpeedGainRight": 2.1272, "bus_lcSublane": 0.8545, "bus_sigma": 0.2979, "bus_tau_mean": 0.6439, "bus_tau_std": 6.0873, "bus_v_mean": 16.0009, "bus_v_std": 10.0602, "car_acc": 2.3483, "car_dcc": 3.7823, "car_lcAssertive": 31.5808, "car_lcCooperative": 0.2455, "car_lcLookaheadLeft": 65.6411, "car_lcPushy": 0.9248, "car_lcSigma": 0.4398, "car_lcSpeedGainRight": 0.748, "car_lcSublane": 0.4138, "car_sigma": 0.9827, "car_tau_mean": 2.1103, "car_tau_std": 2.731, "car_v_mean": 8.4897, "car_v_std": 18.7399}, "datetime": {"datetime": "2024-08-10 16:37:31", "elapsed": 14501.471145, "delta": 14.496835}}
{"target": -0.3355088217475492, "params": {"bus_acc": 2.6478, "bus_dcc": 2.0657, "bus_lcAssertive": 24.7703, "bus_lcCooperative": 0.4361, "bus_lcLookaheadLeft": 72.4379, "bus_lcPushy": 0.5973, "bus_lcSigma": 0.1877, "bus_lcSpeedGainRight": 1.0813, "bus_lcSublane": 0.1981, "bus_sigma": 0.8836, "bus_tau_mean": 3.0685, "bus_tau_std": 6.3596, "bus_v_mean": 19.1158, "bus_v_std": 9.0104, "car_acc": 3.9685, "car_dcc": 2.928, "car_lcAssertive": 40.6913, "car_lcCooperative": 0.9136, "car_lcLookaheadLeft": 98.09, "car_lcPushy": 0.6002, "car_lcSigma": 0.7357, "car_lcSpeedGainRight": 1.0675, "car_lcSublane": 0.3853, "car_sigma": 0.8755, "car_tau_mean": 2.5669, "car_tau_std": 3.3982, "car_v_mean": 13.935, "car_v_std": 16.2716}, "datetime": {"datetime": "2024-08-10 16:37:39", "elapsed": 14509.961008, "delta": 8.489863}}
{"target": -0.310242278542583, "params": {"bus_acc": 3.4696, "bus_dcc": 1.3858, "bus_lcAssertive": 66.3269, "bus_lcCooperative": 0.0172, "bus_lcLookaheadLeft": 85.1186, "bus_lcPushy": 0.1766, "bus_lcSigma": 0.0639, "bus_lcSpeedGainRight": 1.1948, "bus_lcSublane": 0.3477, "bus_sigma": 0.0701, "bus_tau_mean": 1.9156, "bus_tau_std": 4.1457, "bus_v_mean": 18.4475, "bus_v_std": 5.2101, "car_acc": 1.9584, "car_dcc": 1.2271, "car_lcAssertive": 23.3346, "car_lcCooperative": 0.751, "car_lcLookaheadLeft": 82.3742, "car_lcPushy": 0.3918, "car_lcSigma": 0.6506, "car_lcSpeedGainRight": 1.0146, "car_lcSublane": 0.0967, "car_sigma": 0.5637, "car_tau_mean": 3.8407, "car_tau_std": 8.4222, "car_v_mean": 11.538, "car_v_std": 0.6054}, "datetime": {"datetime": "2024-08-10 16:37:54", "elapsed": 14524.832776, "delta": 14.871768}}
{"target": -0.33943536264174384, "params": {"bus_acc": 0.9398, "bus_dcc": 3.307, "bus_lcAssertive": 96.3738, "bus_lcCooperative": 0.1379, "bus_lcLookaheadLeft": 65.7558, "bus_lcPushy": 0.8184, "bus_lcSigma": 0.365, "bus_lcSpeedGainRight": 2.415, "bus_lcSublane": 0.49, "bus_sigma": 0.3164, "bus_tau_mean": 1.1788, "bus_tau_std": 7.449, "bus_v_mean": 19.0401, "bus_v_std": 18.9395, "car_acc": 3.4266, "car_dcc": 0.4213, "car_lcAssertive": 83.9838, "car_lcCooperative": 0.4744, "car_lcLookaheadLeft": 61.0965, "car_lcPushy": 0.7727, "car_lcSigma": 0.1745, "car_lcSpeedGainRight": 2.3497, "car_lcSublane": 0.8345, "car_sigma": 0.6362, "car_tau_mean": 2.8845, "car_tau_std": 3.5946, "car_v_mean": 13.7996, "car_v_std": 3.5441}, "datetime": {"datetime": "2024-08-10 16:38:05", "elapsed": 14535.613394, "delta": 10.780618}}
{"target": -0.32878072467282426, "params": {"bus_acc": 0.4863, "bus_dcc": 3.8653, "bus_lcAssertive": 7.639, "bus_lcCooperative": 0.425, "bus_lcLookaheadLeft": 93.8557, "bus_lcPushy": 0.5723, "bus_lcSigma": 0.0059, "bus_lcSpeedGainRight": 4.4613, "bus_lcSublane": 0.9483, "bus_sigma": 0.3379, "bus_tau_mean": 3.2276, "bus_tau_std": 2.2167, "bus_v_mean": 17.7789, "bus_v_std": 1.5518, "car_acc": 2.5559, "car_dcc": 2.5044, "car_lcAssertive": 1.3475, "car_lcCooperative": 0.0254, "car_lcLookaheadLeft": 42.6047, "car_lcPushy": 0.5196, "car_lcSigma": 0.6435, "car_lcSpeedGainRight": 3.841, "car_lcSublane": 0.665, "car_sigma": 0.352, "car_tau_mean": 2.8307, "car_tau_std": 5.0712, "car_v_mean": 21.7982, "car_v_std": 18.9577}, "datetime": {"datetime": "2024-08-10 16:38:27", "elapsed": 14557.876348, "delta": 22.262954}}
{"target": -0.37042445141871777, "params": {"bus_acc": 0.9162, "bus_dcc": 3.7497, "bus_lcAssertive": 35.7605, "bus_lcCooperative": 0.6972, "bus_lcLookaheadLeft": 88.233, "bus_lcPushy": 0.7018, "bus_lcSigma": 0.025, "bus_lcSpeedGainRight": 0.4984, "bus_lcSublane": 0.0323, "bus_sigma": 0.4889, "bus_tau_mean": 3.0327, "bus_tau_std": 8.5137, "bus_v_mean": 19.1869, "bus_v_std": 16.0418, "car_acc": 3.7035, "car_dcc": 1.5204, "car_lcAssertive": 16.5082, "car_lcCooperative": 0.5803, "car_lcLookaheadLeft": 14.9504, "car_lcPushy": 0.9784, "car_lcSigma": 0.244, "car_lcSpeedGainRight": 3.6125, "car_lcSublane": 0.7867, "car_sigma": 0.4603, "car_tau_mean": 1.5277, "car_tau_std": 1.2604, "car_v_mean": 24.9438, "car_v_std": 2.7872}, "datetime": {"datetime": "2024-08-10 16:38:40", "elapsed": 14570.761418, "delta": 12.88507}}
{"target": -0.5248586206231024, "params": {"bus_acc": 1.402, "bus_dcc": 1.3878, "bus_lcAssertive": 2.9076, "bus_lcCooperative": 0.3633, "bus_lcLookaheadLeft": 86.0476, "bus_lcPushy": 0.7111, "bus_lcSigma": 0.4198, "bus_lcSpeedGainRight": 0.8103, "bus_lcSublane": 0.6258, "bus_sigma": 0.9213, "bus_tau_mean": 3.4544, "bus_tau_std": 2.7095, "bus_v_mean": 13.8428, "bus_v_std": 12.3055, "car_acc": 3.4187, "car_dcc": 0.4656, "car_lcAssertive": 22.2559, "car_lcCooperative": 0.6661, "car_lcLookaheadLeft": 2.9565, "car_lcPushy": 0.5387, "car_lcSigma": 0.6221, "car_lcSpeedGainRight": 2.2833, "car_lcSublane": 0.3471, "car_sigma": 0.4067, "car_tau_mean": 2.7537, "car_tau_std": 6.4728, "car_v_mean": 25.5314, "car_v_std": 7.0409}, "datetime": {"datetime": "2024-08-10 16:38:47", "elapsed": 14577.431971, "delta": 6.670553}}
{"target": -0.8442530210636261, "params": {"bus_acc": 0.6019, "bus_dcc": 2.5137, "bus_lcAssertive": 50.3821, "bus_lcCooperative": 0.9964, "bus_lcLookaheadLeft": 46.8861, "bus_lcPushy": 0.2483, "bus_lcSigma": 0.5441, "bus_lcSpeedGainRight": 4.4586, "bus_lcSublane": 0.7638, "bus_sigma": 0.5956, "bus_tau_mean": 2.0799, "bus_tau_std": 9.514, "bus_v_mean": 15.6754, "bus_v_std": 17.7755, "car_acc": 0.2193, "car_dcc": 3.0761, "car_lcAssertive": 32.0071, "car_lcCooperative": 0.3215, "car_lcLookaheadLeft": 62.416, "car_lcPushy": 0.6483, "car_lcSigma": 0.8457, "car_lcSpeedGainRight": 1.4708, "car_lcSublane": 0.6909, "car_sigma": 0.6149, "car_tau_mean": 3.5084, "car_tau_std": 1.3937, "car_v_mean": 18.595, "car_v_std": 15.3125}, "datetime": {"datetime": "2024-08-10 16:38:57", "elapsed": 14587.475271, "delta": 10.0433}}
{"target": -0.33480889818865894, "params": {"bus_acc": 2.4456, "bus_dcc": 3.0684, "bus_lcAssertive": 10.2555, "bus_lcCooperative": 0.3384, "bus_lcLookaheadLeft": 43.3236, "bus_lcPushy": 0.9796, "bus_lcSigma": 0.5318, "bus_lcSpeedGainRight": 4.0948, "bus_lcSublane": 0.6949, "bus_sigma": 0.843, "bus_tau_mean": 1.375, "bus_tau_std": 5.6639, "bus_v_mean": 11.3314, "bus_v_std": 0.469, "car_acc": 2.2964, "car_dcc": 2.8385, "car_lcAssertive": 63.8871, "car_lcCooperative": 0.3841, "car_lcLookaheadLeft": 93.6869, "car_lcPushy": 0.1585, "car_lcSigma": 0.0982, "car_lcSpeedGainRight": 4.4205, "car_lcSublane": 0.8333, "car_sigma": 0.9915, "car_tau_mean": 1.1628, "car_tau_std": 5.7874, "car_v_mean": 15.7397, "car_v_std": 18.2504}, "datetime": {"datetime": "2024-08-10 16:39:12", "elapsed": 14602.417523, "delta": 14.942252}}
{"target": -0.32832742157709566, "params": {"bus_acc": 2.5643, "bus_dcc": 2.5399, "bus_lcAssertive": 42.9304, "bus_lcCooperative": 0.0931, "bus_lcLookaheadLeft": 97.011, "bus_lcPushy": 0.9065, "bus_lcSigma": 0.5863, "bus_lcSpeedGainRight": 0.7231, "bus_lcSublane": 0.6902, "bus_sigma": 0.3856, "bus_tau_mean": 3.5744, "bus_tau_std": 7.1203, "bus_v_mean": 12.8718, "bus_v_std": 13.1487, "car_acc": 3.4149, "car_dcc": 3.3238, "car_lcAssertive": 89.467, "car_lcCooperative": 0.8402, "car_lcLookaheadLeft": 58.8609, "car_lcPushy": 0.5279, "car_lcSigma": 0.6515, "car_lcSpeedGainRight": 4.9705, "car_lcSublane": 0.0529, "car_sigma": 0.6817, "car_tau_mean": 2.1913, "car_tau_std": 8.8127, "car_v_mean": 15.8468, "car_v_std": 11.5765}, "datetime": {"datetime": "2024-08-10 16:39:19", "elapsed": 14609.937259, "delta": 7.519736}}
{"target": -0.32783785770924095, "params": {"bus_acc": 2.7814, "bus_dcc": 0.527, "bus_lcAssertive": 84.7488, "bus_lcCooperative": 0.3788, "bus_lcLookaheadLeft": 15.58, "bus_lcPushy": 0.0876, "bus_lcSigma": 0.0253, "bus_lcSpeedGainRight": 0.2072, "bus_lcSublane": 0.162, "bus_sigma": 0.61, "bus_tau_mean": 2.6473, "bus_tau_std": 8.2232, "bus_v_mean": 10.1147, "bus_v_std": 5.2155, "car_acc": 1.4037, "car_dcc": 3.0096, "car_lcAssertive": 27.3824, "car_lcCooperative": 0.2428, "car_lcLookaheadLeft": 37.352, "car_lcPushy": 0.6003, "car_lcSigma": 0.8221, "car_lcSpeedGainRight": 0.6258, "car_lcSublane": 0.3682, "car_sigma": 0.8197, "car_tau_mean": 1.3331, "car_tau_std": 2.7489, "car_v_mean": 20.4919, "car_v_std": 3.0153}, "datetime": {"datetime": "2024-08-10 16:39:34", "elapsed": 14624.681495, "delta": 14.744236}}
{"target": -0.3070354729977551, "params": {"bus_acc": 2.9627, "bus_dcc": 0.963, "bus_lcAssertive": 79.4523, "bus_lcCooperative": 0.7031, "bus_lcLookaheadLeft": 47.9705, "bus_lcPushy": 0.4127, "bus_lcSigma": 0.9358, "bus_lcSpeedGainRight": 1.2199, "bus_lcSublane": 0.1383, "bus_sigma": 0.5539, "bus_tau_mean": 2.586, "bus_tau_std": 1.7488, "bus_v_mean": 11.7107, "bus_v_std": 18.7045, "car_acc": 3.3927, "car_dcc": 3.4867, "car_lcAssertive": 6.6478, "car_lcCooperative": 0.7626, "car_lcLookaheadLeft": 88.2238, "car_lcPushy": 0.3956, "car_lcSigma": 0.4502, "car_lcSpeedGainRight": 2.66, "car_lcSublane": 0.8431, "car_sigma": 0.8363, "car_tau_mean": 3.806, "car_tau_std": 5.8207, "car_v_mean": 13.5206, "car_v_std": 18.8615}, "datetime": {"datetime": "2024-08-10 16:39:47", "elapsed": 14637.656642, "delta": 12.975147}}
{"target": -0.9385726427298832, "params": {"bus_acc": 1.2383, "bus_dcc": 2.137, "bus_lcAssertive": 83.5479, "bus_lcCooperative": 0.7836, "bus_lcLookaheadLeft": 73.3592, "bus_lcPushy": 0.0409, "bus_lcSigma": 0.1836, "bus_lcSpeedGainRight": 4.7054, "bus_lcSublane": 0.9962, "bus_sigma": 0.0937, "bus_tau_mean": 0.7748, "bus_tau_std": 6.6966, "bus_v_mean": 22.4302, "bus_v_std": 13.3136, "car_acc": 0.3103, "car_dcc": 0.4174, "car_lcAssertive": 60.5981, "car_lcCooperative": 0.4182, "car_lcLookaheadLeft": 79.5529, "car_lcPushy": 0.2642, "car_lcSigma": 0.6343, "car_lcSpeedGainRight": 3.3714, "car_lcSublane": 0.2817, "car_sigma": 0.299, "car_tau_mean": 1.0666, "car_tau_std": 2.0854, "car_v_mean": 18.0158, "car_v_std": 2.7344}, "datetime": {"datetime": "2024-08-10 16:40:00", "elapsed": 14650.546281, "delta": 12.889639}}
{"target": -0.323568318822759, "params": {"bus_acc": 1.6674, "bus_dcc": 0.9475, "bus_lcAssertive": 36.7565, "bus_lcCooperative": 0.4089, "bus_lcLookaheadLeft": 23.7553, "bus_lcPushy": 0.9055, "bus_lcSigma": 0.0745, "bus_lcSpeedGainRight": 2.9687, "bus_lcSublane": 0.8464, "bus_sigma": 0.9632, "bus_tau_mean": 1.2012, "bus_tau_std": 8.8449, "bus_v_mean": 16.246, "bus_v_std": 9.8346, "car_acc": 0.7589, "car_dcc": 1.4276, "car_lcAssertive": 95.1553, "car_lcCooperative": 0.7012, "car_lcLookaheadLeft": 15.7073, "car_lcPushy": 0.7461, "car_lcSigma": 0.5879, "car_lcSpeedGainRight": 4.756, "car_lcSublane": 0.8787, "car_sigma": 0.9944, "car_tau_mean": 0.5283, "car_tau_std": 2.8615, "car_v_mean": 14.8768, "car_v_std": 1.681}, "datetime": {"datetime": "2024-08-10 16:40:13", "elapsed": 14663.872382, "delta": 13.326101}}
{"target": -0.7788297106997671, "params": {"bus_acc": 1.3555, "bus_dcc": 3.1116, "bus_lcAssertive": 70.6648, "bus_lcCooperative": 0.3461, "bus_lcLookaheadLeft": 86.1252, "bus_lcPushy": 0.426, "bus_lcSigma": 0.9672, "bus_lcSpeedGainRight": 0.5266, "bus_lcSublane": 0.2002, "bus_sigma": 0.8391, "bus_tau_mean": 3.3502, "bus_tau_std": 2.8357, "bus_v_mean": 21.1723, "bus_v_std": 4.181, "car_acc": 0.3489, "car_dcc": 2.4546, "car_lcAssertive": 60.5238, "car_lcCooperative": 0.1844, "car_lcLookaheadLeft": 54.2432, "car_lcPushy": 0.1669, "car_lcSigma": 0.677, "car_lcSpeedGainRight": 1.6383, "car_lcSublane": 0.3941, "car_sigma": 0.707, "car_tau_mean": 3.7434, "car_tau_std": 1.2323, "car_v_mean": 21.6184, "car_v_std": 17.3298}, "datetime": {"datetime": "2024-08-10 16:40:26", "elapsed": 14676.925127, "delta": 13.052745}}
{"target": -0.2961620684732738, "params": {"bus_acc": 2.7394, "bus_dcc": 1.7316, "bus_lcAssertive": 81.088, "bus_lcCooperative": 0.7392, "bus_lcLookaheadLeft": 45.0649, "bus_lcPushy": 0.5467, "bus_lcSigma": 0.6761, "bus_lcSpeedGainRight": 4.7752, "bus_lcSublane": 0.2935, "bus_sigma": 0.0695, "bus_tau_mean": 3.9308, "bus_tau_std": 7.8095, "bus_v_mean": 15.5475, "bus_v_std": 11.3965, "car_acc": 2.827, "car_dcc": 1.4484, "car_lcAssertive": 57.9108, "car_lcCooperative": 0.4205, "car_lcLookaheadLeft": 62.1472, "car_lcPushy": 0.4183, "car_lcSigma": 0.5902, "car_lcSpeedGainRight": 0.2681, "car_lcSublane": 0.4441, "car_sigma": 0.2739, "car_tau_mean": 0.7572, "car_tau_std": 2.1392, "car_v_mean": 13.5905, "car_v_std": 3.7424}, "datetime": {"datetime": "2024-08-10 16:40:49", "elapsed": 14699.638138, "delta": 22.713011}}
{"target": -0.2858878036366319, "params": {"bus_acc": 1.8616, "bus_dcc": 3.6794, "bus_lcAssertive": 47.0947, "bus_lcCooperative": 0.803, "bus_lcLookaheadLeft": 60.7445, "bus_lcPushy": 0.1098, "bus_lcSigma": 0.4317, "bus_lcSpeedGainRight": 0.6, "bus_lcSublane": 0.3941, "bus_sigma": 0.1269, "bus_tau_mean": 3.3607, "bus_tau_std": 5.8472, "bus_v_mean": 20.0114, "bus_v_std": 13.0273, "car_acc": 1.3475, "car_dcc": 0.557, "car_lcAssertive": 72.8445, "car_lcCooperative": 0.8296, "car_lcLookaheadLeft": 57.6937, "car_lcPushy": 0.4492, "car_lcSigma": 0.9453, "car_lcSpeedGainRight": 3.0031, "car_lcSublane": 0.1726, "car_sigma": 0.7382, "car_tau_mean": 0.581, "car_tau_std": 9.8143, "car_v_mean": 17.328, "car_v_std": 8.385}, "datetime": {"datetime": "2024-08-10 16:40:56", "elapsed": 14707.126347, "delta": 7.488209}}
{"target": -0.24268769355271305, "params": {"bus_acc": 1.6496, "bus_dcc": 0.4015, "bus_lcAssertive": 67.2394, "bus_lcCooperative": 0.6575, "bus_lcLookaheadLeft": 76.9072, "bus_lcPushy": 0.6526, "bus_lcSigma": 0.5409, "bus_lcSpeedGainRight": 3.5237, "bus_lcSublane": 0.8012, "bus_sigma": 0.6496, "bus_tau_mean": 3.2594, "bus_tau_std": 1.9565, "bus_v_mean": 24.1298, "bus_v_std": 8.2143, "car_acc": 3.4459, "car_dcc": 0.6943, "car_lcAssertive": 35.6158, "car_lcCooperative": 0.108, "car_lcLookaheadLeft": 35.6049, "car_lcPushy": 0.6796, "car_lcSigma": 0.6064, "car_lcSpeedGainRight": 3.2509, "car_lcSublane": 0.6873, "car_sigma": 0.8219, "car_tau_mean": 2.9042, "car_tau_std": 0.5826, "car_v_mean": 8.4931, "car_v_std": 9.5123}, "datetime": {"datetime": "2024-08-10 16:41:04", "elapsed": 14714.639833, "delta": 7.513486}}
{"target": -0.3548532856110915, "params": {"bus_acc": 3.2249, "bus_dcc": 0.3913, "bus_lcAssertive": 50.5214, "bus_lcCooperative": 0.0753, "bus_lcLookaheadLeft": 80.5583, "bus_lcPushy": 0.1234, "bus_lcSigma": 0.8323, "bus_lcSpeedGainRight": 0.1347, "bus_lcSublane": 0.7909, "bus_sigma": 0.397, "bus_tau_mean": 2.2581, "bus_tau_std": 0.6146, "bus_v_mean": 17.6735, "bus_v_std": 14.4278, "car_acc": 1.4058, "car_dcc": 3.7267, "car_lcAssertive": 55.5712, "car_lcCooperative": 0.1631, "car_lcLookaheadLeft": 16.7489, "car_lcPushy": 0.0929, "car_lcSigma": 0.3212, "car_lcSpeedGainRight": 3.3358, "car_lcSublane": 0.2332, "car_sigma": 0.4788, "car_tau_mean": 2.7166, "car_tau_std": 8.2798, "car_v_mean": 21.7071, "car_v_std": 19.8678}, "datetime": {"datetime": "2024-08-10 16:41:12", "elapsed": 14722.470534, "delta": 7.830701}}
{"target": -0.4443358278281158, "params": {"bus_acc": 0.2108, "bus_dcc": 0.9493, "bus_lcAssertive": 43.2626, "bus_lcCooperative": 0.6926, "bus_lcLookaheadLeft": 96.0629, "bus_lcPushy": 0.9125, "bus_lcSigma": 0.0017, "bus_lcSpeedGainRight": 0.2959, "bus_lcSublane": 0.275, "bus_sigma": 0.9387, "bus_tau_mean": 2.855, "bus_tau_std": 6.0489, "bus_v_mean": 19.6441, "bus_v_std": 14.0808, "car_acc": 2.3047, "car_dcc": 1.3589, "car_lcAssertive": 66.9901, "car_lcCooperative": 0.3428, "car_lcLookaheadLeft": 28.2404, "car_lcPushy": 0.8089, "car_lcSigma": 0.8127, "car_lcSpeedGainRight": 2.2793, "car_lcSublane": 0.9916, "car_sigma": 0.7574, "car_tau_mean": 3.3755, "car_tau_std": 3.8048, "car_v_mean": 24.513, "car_v_std": 8.5585}, "datetime": {"datetime": "2024-08-10 16:41:26", "elapsed": 14736.568733, "delta": 14.098199}}
{"target": -0.4990169774879325, "params": {"bus_acc": 3.5291, "bus_dcc": 3.8743, "bus_lcAssertive": 3.2469, "bus_lcCooperative": 0.0458, "bus_lcLookaheadLeft": 67.2446, "bus_lcPushy": 0.826, "bus_lcSigma": 0.3881, "bus_lcSpeedGainRight": 3.9821, "bus_lcSublane": 0.8294, "bus_sigma": 0.1086, "bus_tau_mean": 3.4155, "bus_tau_std": 0.9941, "bus_v_mean": 8.8111, "bus_v_std": 11.0862, "car_acc": 0.5195, "car_dcc": 2.4006, "car_lcAssertive": 52.3529, "car_lcCooperative": 0.7539, "car_lcLookaheadLeft": 50.3692, "car_lcPushy": 0.4767, "car_lcSigma": 0.0506, "car_lcSpeedGainRight": 4.5138, "car_lcSublane": 0.6751, "car_sigma": 0.4581, "car_tau_mean": 2.6806, "car_tau_std": 5.5604, "car_v_mean": 14.0244, "car_v_std": 1.4323}, "datetime": {"datetime": "2024-08-10 16:41:36", "elapsed": 14746.56964, "delta": 10.000907}}
{"target": -0.27749534935203973, "params": {"bus_acc": 3.3922, "bus_dcc": 0.4522, "bus_lcAssertive": 32.6102, "bus_lcCooperative": 0.3168, "bus_lcLookaheadLeft": 60.2886, "bus_lcPushy": 0.0033, "bus_lcSigma": 0.7076, "bus_lcSpeedGainRight": 0.7156, "bus_lcSublane": 0.5497, "bus_sigma": 0.2044, "bus_tau_mean": 0.8243, "bus_tau_std": 5.9726, "bus_v_mean": 21.2837, "bus_v_std": 15.0962, "car_acc": 0.9574, "car_dcc": 0.6411, "car_lcAssertive": 46.5073, "car_lcCooperative": 0.0179, "car_lcLookaheadLeft": 21.6746, "car_lcPushy": 0.0771, "car_lcSigma": 0.2297, "car_lcSpeedGainRight": 2.6028, "car_lcSublane": 0.723, "car_sigma": 0.2554, "car_tau_mean": 3.1418, "car_tau_std": 1.0668, "car_v_mean": 22.7922, "car_v_std": 10.0799}, "datetime": {"datetime": "2024-08-10 16:41:43", "elapsed": 14753.825038, "delta": 7.255398}}
{"target": -0.3721106260779589, "params": {"bus_acc": 1.2823, "bus_dcc": 0.6246, "bus_lcAssertive": 57.8886, "bus_lcCooperative": 0.4266, "bus_lcLookaheadLeft": 81.76, "bus_lcPushy": 0.6275, "bus_lcSigma": 0.5395, "bus_lcSpeedGainRight": 0.4335, "bus_lcSublane": 0.8099, "bus_sigma": 0.8514, "bus_tau_mean": 3.74, "bus_tau_std": 6.7658, "bus_v_mean": 11.8445, "bus_v_std": 13.0635, "car_acc": 1.2941, "car_dcc": 2.6284, "car_lcAssertive": 91.4683, "car_lcCooperative": 0.827, "car_lcLookaheadLeft": 80.9388, "car_lcPushy": 0.6948, "car_lcSigma": 0.6587, "car_lcSpeedGainRight": 4.2829, "car_lcSublane": 0.3797, "car_sigma": 0.4284, "car_tau_mean": 3.7094, "car_tau_std": 5.3117, "car_v_mean": 25.9738, "car_v_std": 19.074}, "datetime": {"datetime": "2024-08-10 16:41:51", "elapsed": 14761.596221, "delta": 7.771183}}
{"target": -0.8363178278285202, "params": {"bus_acc": 1.4966, "bus_dcc": 0.5536, "bus_lcAssertive": 50.0237, "bus_lcCooperative": 0.049, "bus_lcLookaheadLeft": 24.3412, "bus_lcPushy": 0.0351, "bus_lcSigma": 0.8388, "bus_lcSpeedGainRight": 2.6039, "bus_lcSublane": 0.7507, "bus_sigma": 0.5476, "bus_tau_mean": 2.8538, "bus_tau_std": 1.2002, "bus_v_mean": 9.1833, "bus_v_std": 1.6491, "car_acc": 0.3125, "car_dcc": 1.1013, "car_lcAssertive": 14.0865, "car_lcCooperative": 0.3922, "car_lcLookaheadLeft": 29.4156, "car_lcPushy": 0.015, "car_lcSigma": 0.9186, "car_lcSpeedGainRight": 0.1573, "car_lcSublane": 0.4758, "car_sigma": 0.0093, "car_tau_mean": 2.3404, "car_tau_std": 6.3332, "car_v_mean": 24.9333, "car_v_std": 18.9032}, "datetime": {"datetime": "2024-08-10 16:41:59", "elapsed": 14769.225335, "delta": 7.629114}}
