{"target": -0.7601843592072286, "params": {"bus_acc": 3.7138, "bus_dcc": 0.7137, "bus_lcAssertive": 26.4707, "bus_lcCooperative": 0.2368, "bus_lcLookaheadLeft": 90.1932, "bus_lcPushy": 0.4437, "bus_lcSigma": 0.8853, "bus_lcSpeedGainRight": 2.292, "bus_lcSublane": 0.8434, "bus_sigma": 0.8368, "bus_tau_mean": 3.373, "bus_tau_std": 8.9318, "bus_v_mean": 22.1967, "bus_v_std": 2.604, "car_acc": 0.3817, "car_dcc": 1.1863, "car_lcAssertive": 76.6239, "car_lcCooperative": 0.8472, "car_lcLookaheadLeft": 53.7684, "car_lcPushy": 0.5377, "car_lcSigma": 0.2929, "car_lcSpeedGainRight": 4.8437, "car_lcSublane": 0.6512, "car_sigma": 0.7702, "car_tau_mean": 3.0188, "car_tau_std": 4.715, "car_v_mean": 22.0095, "car_v_std": 10.0018}, "datetime": {"datetime": "2024-08-10 14:22:29", "elapsed": 6400.041288, "delta": 12.11529}}
{"target": -0.5224725311974318, "params": {"bus_acc": 1.5877, "bus_dcc": 0.7508, "bus_lcAssertive": 5.0888, "bus_lcCooperative": 0.0652, "bus_lcLookaheadLeft": 23.1731, "bus_lcPushy": 0.5894, "bus_lcSigma": 0.5864, "bus_lcSpeedGainRight": 2.4332, "bus_lcSublane": 0.9494, "bus_sigma": 0.7348, "bus_tau_mean": 3.194, "bus_tau_std": 5.4322, "bus_v_mean": 23.1157, "bus_v_std": 19.983, "car_acc": 0.3637, "car_dcc": 1.0093, "car_lcAssertive": 27.3746, "car_lcCooperative": 0.8353, "car_lcLookaheadLeft": 3.5576, "car_lcPushy": 0.1716, "car_lcSigma": 0.3788, "car_lcSpeedGainRight": 3.9419, "car_lcSublane": 0.5111, "car_sigma": 0.1082, "car_tau_mean": 1.5011, "car_tau_std": 9.8389, "car_v_mean": 16.1076, "car_v_std": 2.2078}, "datetime": {"datetime": "2024-08-10 14:22:35", "elapsed": 6405.489767, "delta": 5.448479}}
{"target": -0.3643070366718865, "params": {"bus_acc": 3.1484, "bus_dcc": 3.4322, "bus_lcAssertive": 98.1791, "bus_lcCooperative": 0.497, "bus_lcLookaheadLeft": 41.4442, "bus_lcPushy": 0.9187, "bus_lcSigma": 0.8503, "bus_lcSpeedGainRight": 0.7608, "bus_lcSublane": 0.8854, "bus_sigma": 0.925, "bus_tau_mean": 3.4581, "bus_tau_std": 7.0845, "bus_v_mean": 15.8442, "bus_v_std": 12.1177, "car_acc": 1.2742, "car_dcc": 1.372, "car_lcAssertive": 77.3155, "car_lcCooperative": 0.3157, "car_lcLookaheadLeft": 83.8475, "car_lcPushy": 0.6467, "car_lcSigma": 0.8867, "car_lcSpeedGainRight": 4.5406, "car_lcSublane": 0.0797, "car_sigma": 0.4992, "car_tau_mean": 0.7399, "car_tau_std": 8.7483, "car_v_mean": 21.4308, "car_v_std": 1.5021}, "datetime": {"datetime": "2024-08-10 14:22:43", "elapsed": 6413.673466, "delta": 8.183699}}
{"target": -0.4614451058012868, "params": {"bus_acc": 1.4075, "bus_dcc": 1.9713, "bus_lcAssertive": 69.0915, "bus_lcCooperative": 0.4536, "bus_lcLookaheadLeft": 95.0826, "bus_lcPushy": 0.9351, "bus_lcSigma": 0.1379, "bus_lcSpeedGainRight": 0.9379, "bus_lcSublane": 0.9494, "bus_sigma": 0.3299, "bus_tau_mean": 2.4919, "bus_tau_std": 0.7665, "bus_v_mean": 21.5071, "bus_v_std": 9.4668, "car_acc": 0.6479, "car_dcc": 0.551, "car_lcAssertive": 4.7296, "car_lcCooperative": 0.8062, "car_lcLookaheadLeft": 41.0483, "car_lcPushy": 0.3415, "car_lcSigma": 0.9383, "car_lcSpeedGainRight": 0.736, "car_lcSublane": 0.4836, "car_sigma": 0.177, "car_tau_mean": 1.1012, "car_tau_std": 8.0972, "car_v_mean": 11.7452, "car_v_std": 7.3028}, "datetime": {"datetime": "2024-08-10 14:22:50", "elapsed": 6420.277541, "delta": 6.604075}}
{"target": -0.5928745265947003, "params": {"bus_acc": 1.4271, "bus_dcc": 2.9194, "bus_lcAssertive": 68.94, "bus_lcCooperative": 0.3996, "bus_lcLookaheadLeft": 45.5002, "bus_lcPushy": 0.2813, "bus_lcSigma": 0.3335, "bus_lcSpeedGainRight": 3.0647, "bus_lcSublane": 0.2688, "bus_sigma": 0.3137, "bus_tau_mean": 1.1286, "bus_tau_std": 8.136, "bus_v_mean": 24.6698, "bus_v_std": 2.0604, "car_acc": 0.2246, "car_dcc": 1.6735, "car_lcAssertive": 66.8665, "car_lcCooperative": 0.6389, "car_lcLookaheadLeft": 18.7689, "car_lcPushy": 0.3196, "car_lcSigma": 0.2282, "car_lcSpeedGainRight": 3.0231, "car_lcSublane": 0.4105, "car_sigma": 0.2897, "car_tau_mean": 1.914, "car_tau_std": 2.3929, "car_v_mean": 8.2931, "car_v_std": 12.2991}, "datetime": {"datetime": "2024-08-10 14:22:58", "elapsed": 6428.429633, "delta": 8.152092}}
{"target": -0.27781247527920516, "params": {"bus_acc": 3.0729, "bus_dcc": 3.4033, "bus_lcAssertive": 99.5701, "bus_lcCooperative": 0.8555, "bus_lcLookaheadLeft": 46.999, "bus_lcPushy": 0.9247, "bus_lcSigma": 0.2274, "bus_lcSpeedGainRight": 3.7746, "bus_lcSublane": 0.2504, "bus_sigma": 0.7532, "bus_tau_mean": 3.3721, "bus_tau_std": 6.639, "bus_v_mean": 19.9781, "bus_v_std": 4.8289, "car_acc": 3.7029, "car_dcc": 2.8092, "car_lcAssertive": 27.0618, "car_lcCooperative": 0.81, "car_lcLookaheadLeft": 61.0208, "car_lcPushy": 0.3819, "car_lcSigma": 0.5169, "car_lcSpeedGainRight": 1.5797, "car_lcSublane": 0.9689, "car_sigma": 0.7255, "car_tau_mean": 0.6477, "car_tau_std": 5.9938, "car_v_mean": 8.1379, "car_v_std": 0.2545}, "datetime": {"datetime": "2024-08-10 14:23:03", "elapsed": 6433.962425, "delta": 5.532792}}
{"target": -0.36842743188972427, "params": {"bus_acc": 1.1324, "bus_dcc": 0.5637, "bus_lcAssertive": 50.3834, "bus_lcCooperative": 0.6158, "bus_lcLookaheadLeft": 31.3888, "bus_lcPushy": 0.6939, "bus_lcSigma": 0.3578, "bus_lcSpeedGainRight": 3.6005, "bus_lcSublane": 0.6712, "bus_sigma": 0.1952, "bus_tau_mean": 0.6547, "bus_tau_std": 1.301, "bus_v_mean": 16.4001, "bus_v_std": 6.8989, "car_acc": 2.8838, "car_dcc": 3.8091, "car_lcAssertive": 87.5789, "car_lcCooperative": 0.2338, "car_lcLookaheadLeft": 55.6259, "car_lcPushy": 0.8429, "car_lcSigma": 0.115, "car_lcSpeedGainRight": 2.517, "car_lcSublane": 0.8037, "car_sigma": 0.9656, "car_tau_mean": 1.3719, "car_tau_std": 9.841, "car_v_mean": 16.0219, "car_v_std": 0.3859}, "datetime": {"datetime": "2024-08-10 14:23:09", "elapsed": 6439.18535, "delta": 5.222925}}
{"target": -0.33537521320983443, "params": {"bus_acc": 1.1283, "bus_dcc": 3.5943, "bus_lcAssertive": 84.7628, "bus_lcCooperative": 0.557, "bus_lcLookaheadLeft": 42.2184, "bus_lcPushy": 0.6109, "bus_lcSigma": 0.7842, "bus_lcSpeedGainRight": 2.862, "bus_lcSublane": 0.1528, "bus_sigma": 0.7614, "bus_tau_mean": 3.6205, "bus_tau_std": 9.4754, "bus_v_mean": 8.7522, "bus_v_std": 16.6542, "car_acc": 1.6138, "car_dcc": 3.744, "car_lcAssertive": 46.363, "car_lcCooperative": 0.978, "car_lcLookaheadLeft": 70.6874, "car_lcPushy": 0.0143, "car_lcSigma": 0.5661, "car_lcSpeedGainRight": 2.6883, "car_lcSublane": 0.1864, "car_sigma": 0.341, "car_tau_mean": 3.1057, "car_tau_std": 8.6523, "car_v_mean": 13.1819, "car_v_std": 0.4905}, "datetime": {"datetime": "2024-08-10 14:23:14", "elapsed": 6444.787984, "delta": 5.602634}}
{"target": -0.4614234239179877, "params": {"bus_acc": 3.5309, "bus_dcc": 3.0477, "bus_lcAssertive": 29.3861, "bus_lcCooperative": 0.6041, "bus_lcLookaheadLeft": 75.9327, "bus_lcPushy": 0.4008, "bus_lcSigma": 0.3799, "bus_lcSpeedGainRight": 2.5607, "bus_lcSublane": 0.5756, "bus_sigma": 0.5912, "bus_tau_mean": 2.2227, "bus_tau_std": 8.7273, "bus_v_mean": 11.1123, "bus_v_std": 17.1837, "car_acc": 3.2854, "car_dcc": 1.6383, "car_lcAssertive": 75.9527, "car_lcCooperative": 0.8411, "car_lcLookaheadLeft": 49.7672, "car_lcPushy": 0.6997, "car_lcSigma": 0.7407, "car_lcSpeedGainRight": 3.4104, "car_lcSublane": 0.1055, "car_sigma": 0.0615, "car_tau_mean": 0.966, "car_tau_std": 0.7858, "car_v_mean": 24.298, "car_v_std": 0.4741}, "datetime": {"datetime": "2024-08-10 14:23:21", "elapsed": 6451.489287, "delta": 6.701303}}
{"target": -0.3854473047348102, "params": {"bus_acc": 0.4942, "bus_dcc": 1.3952, "bus_lcAssertive": 61.6371, "bus_lcCooperative": 0.9382, "bus_lcLookaheadLeft": 93.5635, "bus_lcPushy": 0.2038, "bus_lcSigma": 0.1566, "bus_lcSpeedGainRight": 3.4173, "bus_lcSublane": 0.7169, "bus_sigma": 0.1011, "bus_tau_mean": 3.7018, "bus_tau_std": 8.0805, "bus_v_mean": 13.155, "bus_v_std": 18.558, "car_acc": 3.4364, "car_dcc": 1.2973, "car_lcAssertive": 93.4261, "car_lcCooperative": 0.7586, "car_lcLookaheadLeft": 40.3032, "car_lcPushy": 0.3776, "car_lcSigma": 0.662, "car_lcSpeedGainRight": 2.8322, "car_lcSublane": 0.0693, "car_sigma": 0.0459, "car_tau_mean": 0.8158, "car_tau_std": 8.9198, "car_v_mean": 9.5889, "car_v_std": 10.3212}, "datetime": {"datetime": "2024-08-10 14:23:25", "elapsed": 6455.643932, "delta": 4.154645}}
{"target": -0.31922677494027, "params": {"bus_acc": 0.6299, "bus_dcc": 2.9008, "bus_lcAssertive": 75.899, "bus_lcCooperative": 0.5397, "bus_lcLookaheadLeft": 3.9386, "bus_lcPushy": 0.1683, "bus_lcSigma": 0.1881, "bus_lcSpeedGainRight": 4.5856, "bus_lcSublane": 0.6179, "bus_sigma": 0.8026, "bus_tau_mean": 2.6503, "bus_tau_std": 0.8047, "bus_v_mean": 22.4431, "bus_v_std": 5.8821, "car_acc": 2.834, "car_dcc": 2.2859, "car_lcAssertive": 99.0454, "car_lcCooperative": 0.6407, "car_lcLookaheadLeft": 58.8754, "car_lcPushy": 0.3533, "car_lcSigma": 0.5485, "car_lcSpeedGainRight": 0.8277, "car_lcSublane": 0.922, "car_sigma": 0.5347, "car_tau_mean": 2.5502, "car_tau_std": 8.3485, "car_v_mean": 12.1393, "car_v_std": 4.464}, "datetime": {"datetime": "2024-08-10 14:23:31", "elapsed": 6461.437638, "delta": 5.793706}}
{"target": -0.22734840885324237, "params": {"bus_acc": 3.6214, "bus_dcc": 1.2399, "bus_lcAssertive": 57.0854, "bus_lcCooperative": 0.1121, "bus_lcLookaheadLeft": 67.3504, "bus_lcPushy": 0.2304, "bus_lcSigma": 0.7337, "bus_lcSpeedGainRight": 2.0569, "bus_lcSublane": 0.3108, "bus_sigma": 0.0751, "bus_tau_mean": 2.5445, "bus_tau_std": 4.8672, "bus_v_mean": 12.8822, "bus_v_std": 12.3127, "car_acc": 0.9511, "car_dcc": 0.8642, "car_lcAssertive": 5.3088, "car_lcCooperative": 0.0991, "car_lcLookaheadLeft": 3.0058, "car_lcPushy": 0.1963, "car_lcSigma": 0.7226, "car_lcSpeedGainRight": 2.6115, "car_lcSublane": 0.2922, "car_sigma": 0.8428, "car_tau_mean": 0.5794, "car_tau_std": 2.2887, "car_v_mean": 23.7407, "car_v_std": 8.5912}, "datetime": {"datetime": "2024-08-10 14:23:38", "elapsed": 6468.248824, "delta": 6.811186}}
{"target": -0.32468006703437474, "params": {"bus_acc": 1.744, "bus_dcc": 3.3789, "bus_lcAssertive": 70.9848, "bus_lcCooperative": 0.7947, "bus_lcLookaheadLeft": 70.0362, "bus_lcPushy": 0.7084, "bus_lcSigma": 0.5762, "bus_lcSpeedGainRight": 2.5146, "bus_lcSublane": 0.17, "bus_sigma": 0.7792, "bus_tau_mean": 2.5362, "bus_tau_std": 4.6255, "bus_v_mean": 22.5436, "bus_v_std": 16.8943, "car_acc": 2.3754, "car_dcc": 2.1824, "car_lcAssertive": 40.1559, "car_lcCooperative": 0.3185, "car_lcLookaheadLeft": 44.8848, "car_lcPushy": 0.7088, "car_lcSigma": 0.7157, "car_lcSpeedGainRight": 2.5766, "car_lcSublane": 0.6755, "car_sigma": 0.908, "car_tau_mean": 3.1089, "car_tau_std": 1.7087, "car_v_mean": 13.5652, "car_v_std": 7.1139}, "datetime": {"datetime": "2024-08-10 14:23:42", "elapsed": 6472.199836, "delta": 3.951012}}
{"target": -0.34611128573452116, "params": {"bus_acc": 0.6436, "bus_dcc": 1.1272, "bus_lcAssertive": 64.4133, "bus_lcCooperative": 0.1299, "bus_lcLookaheadLeft": 37.182, "bus_lcPushy": 0.9164, "bus_lcSigma": 0.7812, "bus_lcSpeedGainRight": 1.389, "bus_lcSublane": 0.1853, "bus_sigma": 0.9963, "bus_tau_mean": 3.2811, "bus_tau_std": 8.1713, "bus_v_mean": 10.7432, "bus_v_std": 16.54, "car_acc": 2.6042, "car_dcc": 3.8995, "car_lcAssertive": 93.5921, "car_lcCooperative": 0.8672, "car_lcLookaheadLeft": 78.1371, "car_lcPushy": 0.9837, "car_lcSigma": 0.7301, "car_lcSpeedGainRight": 3.9107, "car_lcSublane": 0.6746, "car_sigma": 0.606, "car_tau_mean": 2.091, "car_tau_std": 2.6273, "car_v_mean": 12.8789, "car_v_std": 8.8543}, "datetime": {"datetime": "2024-08-10 14:23:47", "elapsed": 6477.549883, "delta": 5.350047}}
{"target": -0.34097198035078996, "params": {"bus_acc": 0.6186, "bus_dcc": 0.8318, "bus_lcAssertive": 69.8854, "bus_lcCooperative": 0.1531, "bus_lcLookaheadLeft": 85.8578, "bus_lcPushy": 0.5418, "bus_lcSigma": 0.446, "bus_lcSpeedGainRight": 3.2443, "bus_lcSublane": 0.4947, "bus_sigma": 0.5624, "bus_tau_mean": 3.3777, "bus_tau_std": 0.8554, "bus_v_mean": 16.2722, "bus_v_std": 7.9552, "car_acc": 2.4916, "car_dcc": 3.2146, "car_lcAssertive": 19.4938, "car_lcCooperative": 0.8971, "car_lcLookaheadLeft": 26.0659, "car_lcPushy": 0.1884, "car_lcSigma": 0.4061, "car_lcSpeedGainRight": 2.879, "car_lcSublane": 0.2336, "car_sigma": 0.4132, "car_tau_mean": 0.8385, "car_tau_std": 9.5061, "car_v_mean": 17.6204, "car_v_std": 13.428}, "datetime": {"datetime": "2024-08-10 14:23:54", "elapsed": 6484.670757, "delta": 7.120874}}
{"target": -0.295807560727884, "params": {"bus_acc": 3.5533, "bus_dcc": 2.3773, "bus_lcAssertive": 76.5114, "bus_lcCooperative": 0.0971, "bus_lcLookaheadLeft": 3.5402, "bus_lcPushy": 0.2931, "bus_lcSigma": 0.4021, "bus_lcSpeedGainRight": 4.3982, "bus_lcSublane": 0.1288, "bus_sigma": 0.0091, "bus_tau_mean": 2.5725, "bus_tau_std": 9.4612, "bus_v_mean": 14.0914, "bus_v_std": 6.7231, "car_acc": 1.8545, "car_dcc": 1.1201, "car_lcAssertive": 46.3144, "car_lcCooperative": 0.3465, "car_lcLookaheadLeft": 20.0578, "car_lcPushy": 0.2874, "car_lcSigma": 0.9182, "car_lcSpeedGainRight": 0.5265, "car_lcSublane": 0.0774, "car_sigma": 0.7501, "car_tau_mean": 2.7381, "car_tau_std": 4.9378, "car_v_mean": 22.7555, "car_v_std": 12.4558}, "datetime": {"datetime": "2024-08-10 14:24:01", "elapsed": 6491.657501, "delta": 6.986744}}
{"target": -0.2779657811590976, "params": {"bus_acc": 1.8685, "bus_dcc": 1.5316, "bus_lcAssertive": 99.4181, "bus_lcCooperative": 0.6003, "bus_lcLookaheadLeft": 69.5162, "bus_lcPushy": 0.5067, "bus_lcSigma": 0.6962, "bus_lcSpeedGainRight": 4.0507, "bus_lcSublane": 0.5681, "bus_sigma": 0.8098, "bus_tau_mean": 1.4158, "bus_tau_std": 1.7658, "bus_v_mean": 15.3621, "bus_v_std": 15.1549, "car_acc": 1.8119, "car_dcc": 1.079, "car_lcAssertive": 49.4899, "car_lcCooperative": 0.1403, "car_lcLookaheadLeft": 76.2104, "car_lcPushy": 0.3995, "car_lcSigma": 0.1553, "car_lcSpeedGainRight": 4.8513, "car_lcSublane": 0.3412, "car_sigma": 0.9829, "car_tau_mean": 0.7125, "car_tau_std": 8.481, "car_v_mean": 14.4192, "car_v_std": 11.5872}, "datetime": {"datetime": "2024-08-10 14:24:07", "elapsed": 6497.684238, "delta": 6.026737}}
{"target": -0.34891882744200137, "params": {"bus_acc": 3.704, "bus_dcc": 2.5957, "bus_lcAssertive": 24.7507, "bus_lcCooperative": 0.7959, "bus_lcLookaheadLeft": 82.8076, "bus_lcPushy": 0.6152, "bus_lcSigma": 0.3343, "bus_lcSpeedGainRight": 1.612, "bus_lcSublane": 0.1592, "bus_sigma": 0.474, "bus_tau_mean": 2.2158, "bus_tau_std": 7.518, "bus_v_mean": 17.6737, "bus_v_std": 1.4993, "car_acc": 1.9116, "car_dcc": 1.7989, "car_lcAssertive": 15.8976, "car_lcCooperative": 0.2309, "car_lcLookaheadLeft": 39.9738, "car_lcPushy": 0.7458, "car_lcSigma": 0.8374, "car_lcSpeedGainRight": 1.7728, "car_lcSublane": 0.2555, "car_sigma": 0.5405, "car_tau_mean": 3.3426, "car_tau_std": 6.4092, "car_v_mean": 16.5512, "car_v_std": 13.7077}, "datetime": {"datetime": "2024-08-10 14:24:13", "elapsed": 6503.196584, "delta": 5.512346}}
{"target": -0.47027462708088236, "params": {"bus_acc": 2.5264, "bus_dcc": 0.543, "bus_lcAssertive": 99.4583, "bus_lcCooperative": 0.6668, "bus_lcLookaheadLeft": 25.1784, "bus_lcPushy": 0.3367, "bus_lcSigma": 0.4285, "bus_lcSpeedGainRight": 2.8916, "bus_lcSublane": 0.4194, "bus_sigma": 0.1788, "bus_tau_mean": 0.5521, "bus_tau_std": 5.5281, "bus_v_mean": 13.161, "bus_v_std": 17.1321, "car_acc": 0.7416, "car_dcc": 1.7828, "car_lcAssertive": 82.3682, "car_lcCooperative": 0.4377, "car_lcLookaheadLeft": 59.9074, "car_lcPushy": 0.8459, "car_lcSigma": 0.3926, "car_lcSpeedGainRight": 4.2855, "car_lcSublane": 0.8051, "car_sigma": 0.7086, "car_tau_mean": 0.7319, "car_tau_std": 9.2975, "car_v_mean": 9.9497, "car_v_std": 7.2916}, "datetime": {"datetime": "2024-08-10 14:24:18", "elapsed": 6508.887694, "delta": 5.69111}}
{"target": -0.27397207459382317, "params": {"bus_acc": 3.3062, "bus_dcc": 3.9038, "bus_lcAssertive": 80.3787, "bus_lcCooperative": 0.162, "bus_lcLookaheadLeft": 36.2503, "bus_lcPushy": 0.05, "bus_lcSigma": 0.9303, "bus_lcSpeedGainRight": 4.3214, "bus_lcSublane": 0.7653, "bus_sigma": 0.8149, "bus_tau_mean": 1.8623, "bus_tau_std": 2.8074, "bus_v_mean": 14.6002, "bus_v_std": 11.7515, "car_acc": 2.3064, "car_dcc": 0.824, "car_lcAssertive": 89.8428, "car_lcCooperative": 0.0864, "car_lcLookaheadLeft": 44.9308, "car_lcPushy": 0.3808, "car_lcSigma": 0.2741, "car_lcSpeedGainRight": 4.5043, "car_lcSublane": 0.0503, "car_sigma": 0.6038, "car_tau_mean": 0.8167, "car_tau_std": 7.2891, "car_v_mean": 14.0209, "car_v_std": 6.461}, "datetime": {"datetime": "2024-08-10 14:24:24", "elapsed": 6514.678872, "delta": 5.791178}}
{"target": -0.26090204487313795, "params": {"bus_acc": 2.5268, "bus_dcc": 0.2834, "bus_lcAssertive": 69.8603, "bus_lcCooperative": 0.0227, "bus_lcLookaheadLeft": 68.9498, "bus_lcPushy": 0.6886, "bus_lcSigma": 0.6406, "bus_lcSpeedGainRight": 0.7228, "bus_lcSublane": 0.629, "bus_sigma": 0.2786, "bus_tau_mean": 0.8697, "bus_tau_std": 0.3805, "bus_v_mean": 11.3161, "bus_v_std": 3.8625, "car_acc": 1.4754, "car_dcc": 1.2146, "car_lcAssertive": 76.7241, "car_lcCooperative": 0.4558, "car_lcLookaheadLeft": 19.6328, "car_lcPushy": 0.0257, "car_lcSigma": 0.5621, "car_lcSpeedGainRight": 4.2351, "car_lcSublane": 0.5474, "car_sigma": 0.476, "car_tau_mean": 0.8804, "car_tau_std": 8.263, "car_v_mean": 11.4004, "car_v_std": 18.8542}, "datetime": {"datetime": "2024-08-10 14:24:29", "elapsed": 6519.78788, "delta": 5.109008}}
{"target": -0.37457957308537154, "params": {"bus_acc": 3.2972, "bus_dcc": 2.7134, "bus_lcAssertive": 84.7037, "bus_lcCooperative": 0.512, "bus_lcLookaheadLeft": 73.7231, "bus_lcPushy": 0.6831, "bus_lcSigma": 0.5693, "bus_lcSpeedGainRight": 3.5212, "bus_lcSublane": 0.2663, "bus_sigma": 0.7068, "bus_tau_mean": 3.1551, "bus_tau_std": 1.9082, "bus_v_mean": 18.8808, "bus_v_std": 18.3042, "car_acc": 3.2709, "car_dcc": 0.4475, "car_lcAssertive": 46.442, "car_lcCooperative": 0.3561, "car_lcLookaheadLeft": 7.0669, "car_lcPushy": 0.9857, "car_lcSigma": 0.7318, "car_lcSpeedGainRight": 2.8426, "car_lcSublane": 0.5914, "car_sigma": 0.3342, "car_tau_mean": 2.2423, "car_tau_std": 8.5023, "car_v_mean": 22.3372, "car_v_std": 4.4062}, "datetime": {"datetime": "2024-08-10 14:24:33", "elapsed": 6524.02877, "delta": 4.24089}}
{"target": -0.31996046537398426, "params": {"bus_acc": 3.8275, "bus_dcc": 3.9113, "bus_lcAssertive": 64.44, "bus_lcCooperative": 0.9682, "bus_lcLookaheadLeft": 59.6351, "bus_lcPushy": 0.9177, "bus_lcSigma": 0.2825, "bus_lcSpeedGainRight": 4.5256, "bus_lcSublane": 0.8584, "bus_sigma": 0.0824, "bus_tau_mean": 0.7462, "bus_tau_std": 2.765, "bus_v_mean": 16.8626, "bus_v_std": 15.648, "car_acc": 2.3241, "car_dcc": 1.8947, "car_lcAssertive": 57.216, "car_lcCooperative": 0.8578, "car_lcLookaheadLeft": 38.5636, "car_lcPushy": 0.2189, "car_lcSigma": 0.8053, "car_lcSpeedGainRight": 3.955, "car_lcSublane": 0.5834, "car_sigma": 0.5863, "car_tau_mean": 0.6847, "car_tau_std": 9.0033, "car_v_mean": 24.957, "car_v_std": 14.4191}, "datetime": {"datetime": "2024-08-10 14:24:40", "elapsed": 6530.929966, "delta": 6.901196}}
{"target": -0.3156662920495475, "params": {"bus_acc": 0.4665, "bus_dcc": 2.2877, "bus_lcAssertive": 13.0806, "bus_lcCooperative": 0.8437, "bus_lcLookaheadLeft": 68.0984, "bus_lcPushy": 0.3996, "bus_lcSigma": 0.0365, "bus_lcSpeedGainRight": 1.4897, "bus_lcSublane": 0.0176, "bus_sigma": 0.27, "bus_tau_mean": 1.5162, "bus_tau_std": 3.7234, "bus_v_mean": 13.8038, "bus_v_std": 8.0132, "car_acc": 2.5618, "car_dcc": 3.6216, "car_lcAssertive": 33.518, "car_lcCooperative": 0.3205, "car_lcLookaheadLeft": 79.961, "car_lcPushy": 0.0362, "car_lcSigma": 0.4271, "car_lcSpeedGainRight": 1.7857, "car_lcSublane": 0.1794, "car_sigma": 0.1708, "car_tau_mean": 2.5868, "car_tau_std": 0.6937, "car_v_mean": 23.608, "car_v_std": 7.5235}, "datetime": {"datetime": "2024-08-10 14:24:45", "elapsed": 6535.336377, "delta": 4.406411}}
{"target": -0.338024360807053, "params": {"bus_acc": 2.9957, "bus_dcc": 2.9702, "bus_lcAssertive": 92.9658, "bus_lcCooperative": 0.0682, "bus_lcLookaheadLeft": 25.805, "bus_lcPushy": 0.4733, "bus_lcSigma": 0.6388, "bus_lcSpeedGainRight": 3.2145, "bus_lcSublane": 0.6617, "bus_sigma": 0.9736, "bus_tau_mean": 3.2183, "bus_tau_std": 1.4588, "bus_v_mean": 16.5009, "bus_v_std": 13.701, "car_acc": 3.9446, "car_dcc": 0.6594, "car_lcAssertive": 95.1818, "car_lcCooperative": 0.1981, "car_lcLookaheadLeft": 18.6832, "car_lcPushy": 0.3374, "car_lcSigma": 0.817, "car_lcSpeedGainRight": 1.8967, "car_lcSublane": 0.7759, "car_sigma": 0.9042, "car_tau_mean": 2.7244, "car_tau_std": 7.8786, "car_v_mean": 18.2504, "car_v_std": 15.3978}, "datetime": {"datetime": "2024-08-10 14:24:49", "elapsed": 6540.004484, "delta": 4.668107}}
{"target": -0.32825102859984384, "params": {"bus_acc": 2.0066, "bus_dcc": 0.7826, "bus_lcAssertive": 84.744, "bus_lcCooperative": 0.4409, "bus_lcLookaheadLeft": 61.1327, "bus_lcPushy": 0.0625, "bus_lcSigma": 0.655, "bus_lcSpeedGainRight": 4.3154, "bus_lcSublane": 0.6972, "bus_sigma": 0.4774, "bus_tau_mean": 3.1658, "bus_tau_std": 3.7308, "bus_v_mean": 10.0788, "bus_v_std": 8.6928, "car_acc": 2.3899, "car_dcc": 3.6883, "car_lcAssertive": 93.4248, "car_lcCooperative": 0.1762, "car_lcLookaheadLeft": 94.7762, "car_lcPushy": 0.1393, "car_lcSigma": 0.7646, "car_lcSpeedGainRight": 1.4809, "car_lcSublane": 0.4396, "car_sigma": 0.0437, "car_tau_mean": 2.3691, "car_tau_std": 1.1155, "car_v_mean": 10.6607, "car_v_std": 12.3086}, "datetime": {"datetime": "2024-08-10 14:24:56", "elapsed": 6546.635839, "delta": 6.631355}}
