{"target": -0.43556253066857326, "params": {"bus_acc": 1.289, "bus_dcc": 3.0289, "bus_lcAssertive": 31.3696, "bus_lcCooperative": 0.2543, "bus_lcLookaheadLeft": 21.7269, "bus_lcPushy": 0.6527, "bus_lcSigma": 0.373, "bus_lcSpeedGainRight": 0.2671, "bus_lcSublane": 0.1501, "bus_sigma": 0.9425, "bus_tau_mean": 0.568, "bus_tau_std": 3.643, "bus_v_mean": 15.3906, "bus_v_std": 18.1448, "car_acc": 1.2612, "car_dcc": 2.8344, "car_lcAssertive": 69.2212, "car_lcCooperative": 0.6202, "car_lcLookaheadLeft": 78.9054, "car_lcPushy": 0.929, "car_lcSigma": 0.6769, "car_lcSpeedGainRight": 3.2629, "car_lcSublane": 0.0229, "car_sigma": 0.4982, "car_tau_mean": 2.6162, "car_tau_std": 3.8001, "car_v_mean": 9.2165, "car_v_std": 12.9067}, "datetime": {"datetime": "2024-08-10 15:28:13", "elapsed": 10344.001174, "delta": 5.276898}}
{"target": -0.3253676774982425, "params": {"bus_acc": 3.7541, "bus_dcc": 1.8812, "bus_lcAssertive": 29.7206, "bus_lcCooperative": 0.4083, "bus_lcLookaheadLeft": 62.9777, "bus_lcPushy": 0.4244, "bus_lcSigma": 0.8523, "bus_lcSpeedGainRight": 0.0623, "bus_lcSublane": 0.4364, "bus_sigma": 0.3584, "bus_tau_mean": 1.1333, "bus_tau_std": 1.6977, "bus_v_mean": 11.5672, "bus_v_std": 5.3089, "car_acc": 3.115, "car_dcc": 3.2566, "car_lcAssertive": 91.6301, "car_lcCooperative": 0.6405, "car_lcLookaheadLeft": 90.1381, "car_lcPushy": 0.9506, "car_lcSigma": 0.8122, "car_lcSpeedGainRight": 2.7157, "car_lcSublane": 0.7618, "car_sigma": 0.5787, "car_tau_mean": 1.1199, "car_tau_std": 0.1798, "car_v_mean": 9.5115, "car_v_std": 16.5307}, "datetime": {"datetime": "2024-08-10 15:28:26", "elapsed": 10356.539046, "delta": 12.537872}}
{"target": -0.3562944186096703, "params": {"bus_acc": 3.739, "bus_dcc": 1.0961, "bus_lcAssertive": 8.4475, "bus_lcCooperative": 0.7483, "bus_lcLookaheadLeft": 48.3087, "bus_lcPushy": 0.1809, "bus_lcSigma": 0.8123, "bus_lcSpeedGainRight": 0.4055, "bus_lcSublane": 0.7425, "bus_sigma": 0.0537, "bus_tau_mean": 3.1519, "bus_tau_std": 1.5441, "bus_v_mean": 25.3586, "bus_v_std": 4.6386, "car_acc": 2.0056, "car_dcc": 3.8549, "car_lcAssertive": 45.7374, "car_lcCooperative": 0.9512, "car_lcLookaheadLeft": 60.3875, "car_lcPushy": 0.0676, "car_lcSigma": 0.9691, "car_lcSpeedGainRight": 2.159, "car_lcSublane": 0.1792, "car_sigma": 0.9874, "car_tau_mean": 1.0723, "car_tau_std": 7.3384, "car_v_mean": 18.4782, "car_v_std": 9.0121}, "datetime": {"datetime": "2024-08-10 15:28:38", "elapsed": 10368.985878, "delta": 12.446832}}
{"target": -0.3300021882866182, "params": {"bus_acc": 1.455, "bus_dcc": 3.6298, "bus_lcAssertive": 28.2827, "bus_lcCooperative": 0.7749, "bus_lcLookaheadLeft": 49.6954, "bus_lcPushy": 0.6377, "bus_lcSigma": 0.4294, "bus_lcSpeedGainRight": 0.5416, "bus_lcSublane": 0.5336, "bus_sigma": 0.2483, "bus_tau_mean": 1.987, "bus_tau_std": 5.1847, "bus_v_mean": 9.5723, "bus_v_std": 14.9697, "car_acc": 3.748, "car_dcc": 3.2076, "car_lcAssertive": 91.7785, "car_lcCooperative": 0.3395, "car_lcLookaheadLeft": 57.2598, "car_lcPushy": 0.6085, "car_lcSigma": 0.4747, "car_lcSpeedGainRight": 2.5593, "car_lcSublane": 0.0705, "car_sigma": 0.1359, "car_tau_mean": 2.8246, "car_tau_std": 4.7036, "car_v_mean": 12.6244, "car_v_std": 16.5115}, "datetime": {"datetime": "2024-08-10 15:28:49", "elapsed": 10379.629867, "delta": 10.643989}}
{"target": -0.3565293656567608, "params": {"bus_acc": 1.5136, "bus_dcc": 2.1218, "bus_lcAssertive": 16.9522, "bus_lcCooperative": 0.3744, "bus_lcLookaheadLeft": 48.562, "bus_lcPushy": 0.0258, "bus_lcSigma": 0.4784, "bus_lcSpeedGainRight": 2.5813, "bus_lcSublane": 0.5685, "bus_sigma": 0.6, "bus_tau_mean": 1.2533, "bus_tau_std": 9.6176, "bus_v_mean": 25.7802, "bus_v_std": 5.1822, "car_acc": 1.8937, "car_dcc": 3.3623, "car_lcAssertive": 64.1031, "car_lcCooperative": 0.504, "car_lcLookaheadLeft": 96.4127, "car_lcPushy": 0.6718, "car_lcSigma": 0.584, "car_lcSpeedGainRight": 2.0631, "car_lcSublane": 0.5567, "car_sigma": 0.2057, "car_tau_mean": 3.9014, "car_tau_std": 1.1274, "car_v_mean": 18.0935, "car_v_std": 15.416}, "datetime": {"datetime": "2024-08-10 15:28:55", "elapsed": 10385.264458, "delta": 5.634591}}
{"target": -0.8964105202038107, "params": {"bus_acc": 0.8454, "bus_dcc": 0.5382, "bus_lcAssertive": 43.8424, "bus_lcCooperative": 0.1889, "bus_lcLookaheadLeft": 10.4732, "bus_lcPushy": 0.7919, "bus_lcSigma": 0.9524, "bus_lcSpeedGainRight": 3.7778, "bus_lcSublane": 0.3682, "bus_sigma": 0.9423, "bus_tau_mean": 3.2257, "bus_tau_std": 7.2503, "bus_v_mean": 18.3898, "bus_v_std": 15.2757, "car_acc": 0.3078, "car_dcc": 0.222, "car_lcAssertive": 41.5926, "car_lcCooperative": 0.9915, "car_lcLookaheadLeft": 92.786, "car_lcPushy": 0.8227, "car_lcSigma": 0.7465, "car_lcSpeedGainRight": 4.1711, "car_lcSublane": 0.2627, "car_sigma": 0.7208, "car_tau_mean": 2.5233, "car_tau_std": 2.2253, "car_v_mean": 12.9959, "car_v_std": 18.032}, "datetime": {"datetime": "2024-08-10 15:29:00", "elapsed": 10390.897524, "delta": 5.633066}}
{"target": -0.3097630159125382, "params": {"bus_acc": 1.8797, "bus_dcc": 2.9241, "bus_lcAssertive": 34.4213, "bus_lcCooperative": 0.2611, "bus_lcLookaheadLeft": 94.3373, "bus_lcPushy": 0.0944, "bus_lcSigma": 0.6274, "bus_lcSpeedGainRight": 2.1784, "bus_lcSublane": 0.8471, "bus_sigma": 0.2871, "bus_tau_mean": 2.4396, "bus_tau_std": 0.4295, "bus_v_mean": 12.8223, "bus_v_std": 5.3878, "car_acc": 3.1588, "car_dcc": 2.8962, "car_lcAssertive": 74.3819, "car_lcCooperative": 0.4794, "car_lcLookaheadLeft": 38.2543, "car_lcPushy": 0.6511, "car_lcSigma": 0.7148, "car_lcSpeedGainRight": 3.7564, "car_lcSublane": 0.1912, "car_sigma": 0.759, "car_tau_mean": 3.1924, "car_tau_std": 5.44, "car_v_mean": 24.0958, "car_v_std": 18.084}, "datetime": {"datetime": "2024-08-10 15:29:08", "elapsed": 10398.65626, "delta": 7.758736}}
{"target": -0.25588139085482875, "params": {"bus_acc": 1.1774, "bus_dcc": 1.9638, "bus_lcAssertive": 63.3764, "bus_lcCooperative": 0.0297, "bus_lcLookaheadLeft": 43.9056, "bus_lcPushy": 0.5398, "bus_lcSigma": 0.9225, "bus_lcSpeedGainRight": 0.1916, "bus_lcSublane": 0.0854, "bus_sigma": 0.8923, "bus_tau_mean": 1.2296, "bus_tau_std": 6.7056, "bus_v_mean": 15.5247, "bus_v_std": 18.8589, "car_acc": 3.8658, "car_dcc": 2.5895, "car_lcAssertive": 17.6048, "car_lcCooperative": 0.3276, "car_lcLookaheadLeft": 77.8397, "car_lcPushy": 0.4891, "car_lcSigma": 0.3106, "car_lcSpeedGainRight": 1.5195, "car_lcSublane": 0.8501, "car_sigma": 0.3605, "car_tau_mean": 1.3649, "car_tau_std": 0.1752, "car_v_mean": 13.9467, "car_v_std": 5.0724}, "datetime": {"datetime": "2024-08-10 15:29:16", "elapsed": 10406.873423, "delta": 8.217163}}
{"target": -0.2250286190712714, "params": {"bus_acc": 1.6231, "bus_dcc": 0.3781, "bus_lcAssertive": 41.0908, "bus_lcCooperative": 0.538, "bus_lcLookaheadLeft": 81.9026, "bus_lcPushy": 0.4154, "bus_lcSigma": 0.4935, "bus_lcSpeedGainRight": 2.6661, "bus_lcSublane": 0.8404, "bus_sigma": 0.814, "bus_tau_mean": 2.4808, "bus_tau_std": 7.524, "bus_v_mean": 13.4755, "bus_v_std": 2.6226, "car_acc": 1.955, "car_dcc": 1.8827, "car_lcAssertive": 62.9567, "car_lcCooperative": 0.9035, "car_lcLookaheadLeft": 37.5006, "car_lcPushy": 0.6491, "car_lcSigma": 0.6899, "car_lcSpeedGainRight": 0.0131, "car_lcSublane": 0.3648, "car_sigma": 0.5831, "car_tau_mean": 0.6586, "car_tau_std": 3.6011, "car_v_mean": 15.2518, "car_v_std": 3.7864}, "datetime": {"datetime": "2024-08-10 15:29:22", "elapsed": 10412.255349, "delta": 5.381926}}
{"target": -0.33582707224718716, "params": {"bus_acc": 2.488, "bus_dcc": 0.405, "bus_lcAssertive": 3.783, "bus_lcCooperative": 0.4638, "bus_lcLookaheadLeft": 88.5616, "bus_lcPushy": 0.5841, "bus_lcSigma": 0.9818, "bus_lcSpeedGainRight": 2.6901, "bus_lcSublane": 0.5653, "bus_sigma": 0.5556, "bus_tau_mean": 1.2304, "bus_tau_std": 2.0532, "bus_v_mean": 10.8709, "bus_v_std": 1.7695, "car_acc": 0.6989, "car_dcc": 2.005, "car_lcAssertive": 94.9508, "car_lcCooperative": 0.4274, "car_lcLookaheadLeft": 29.4786, "car_lcPushy": 0.6492, "car_lcSigma": 0.832, "car_lcSpeedGainRight": 4.1504, "car_lcSublane": 0.9615, "car_sigma": 0.3726, "car_tau_mean": 3.6808, "car_tau_std": 1.9705, "car_v_mean": 15.7612, "car_v_std": 0.7389}, "datetime": {"datetime": "2024-08-10 15:29:26", "elapsed": 10417.007638, "delta": 4.752289}}
{"target": -0.3129884738081779, "params": {"bus_acc": 3.791, "bus_dcc": 3.0118, "bus_lcAssertive": 37.0707, "bus_lcCooperative": 0.2466, "bus_lcLookaheadLeft": 28.3856, "bus_lcPushy": 0.4599, "bus_lcSigma": 0.178, "bus_lcSpeedGainRight": 2.7769, "bus_lcSublane": 0.4003, "bus_sigma": 0.4035, "bus_tau_mean": 3.3992, "bus_tau_std": 9.1212, "bus_v_mean": 24.2333, "bus_v_std": 6.5211, "car_acc": 2.7281, "car_dcc": 2.7916, "car_lcAssertive": 68.4916, "car_lcCooperative": 0.4818, "car_lcLookaheadLeft": 74.5143, "car_lcPushy": 0.9975, "car_lcSigma": 0.673, "car_lcSpeedGainRight": 2.3471, "car_lcSublane": 0.2195, "car_sigma": 0.6613, "car_tau_mean": 3.8009, "car_tau_std": 3.423, "car_v_mean": 22.7443, "car_v_std": 19.4014}, "datetime": {"datetime": "2024-08-10 15:29:36", "elapsed": 10426.916437, "delta": 9.908799}}
{"target": -0.2870659419473393, "params": {"bus_acc": 0.4484, "bus_dcc": 1.7714, "bus_lcAssertive": 83.0766, "bus_lcCooperative": 0.1754, "bus_lcLookaheadLeft": 22.1032, "bus_lcPushy": 0.3205, "bus_lcSigma": 0.1464, "bus_lcSpeedGainRight": 3.8344, "bus_lcSublane": 0.2719, "bus_sigma": 0.3447, "bus_tau_mean": 3.3718, "bus_tau_std": 4.4951, "bus_v_mean": 13.4624, "bus_v_std": 2.3478, "car_acc": 3.7977, "car_dcc": 2.2499, "car_lcAssertive": 87.295, "car_lcCooperative": 0.3249, "car_lcLookaheadLeft": 85.7563, "car_lcPushy": 0.7299, "car_lcSigma": 0.1167, "car_lcSpeedGainRight": 0.5446, "car_lcSublane": 0.4793, "car_sigma": 0.1269, "car_tau_mean": 2.0379, "car_tau_std": 2.1703, "car_v_mean": 10.7912, "car_v_std": 0.6683}, "datetime": {"datetime": "2024-08-10 15:29:46", "elapsed": 10436.497545, "delta": 9.581108}}
{"target": -0.4067194899226508, "params": {"bus_acc": 2.6687, "bus_dcc": 2.9714, "bus_lcAssertive": 14.9107, "bus_lcCooperative": 0.0958, "bus_lcLookaheadLeft": 54.1471, "bus_lcPushy": 0.0479, "bus_lcSigma": 0.241, "bus_lcSpeedGainRight": 4.1567, "bus_lcSublane": 0.4564, "bus_sigma": 0.5186, "bus_tau_mean": 2.4093, "bus_tau_std": 1.5721, "bus_v_mean": 8.0806, "bus_v_std": 15.6061, "car_acc": 0.8454, "car_dcc": 2.9123, "car_lcAssertive": 47.4506, "car_lcCooperative": 0.4839, "car_lcLookaheadLeft": 33.9229, "car_lcPushy": 0.1546, "car_lcSigma": 0.8429, "car_lcSpeedGainRight": 4.7317, "car_lcSublane": 0.3795, "car_sigma": 0.963, "car_tau_mean": 0.6791, "car_tau_std": 7.4251, "car_v_mean": 25.3095, "car_v_std": 7.2718}, "datetime": {"datetime": "2024-08-10 15:29:51", "elapsed": 10441.574861, "delta": 5.077316}}
{"target": -1.033423471751053, "params": {"bus_acc": 2.4535, "bus_dcc": 3.8869, "bus_lcAssertive": 12.6319, "bus_lcCooperative": 0.1212, "bus_lcLookaheadLeft": 81.6227, "bus_lcPushy": 0.8251, "bus_lcSigma": 0.7269, "bus_lcSpeedGainRight": 1.5627, "bus_lcSublane": 0.8241, "bus_sigma": 0.4394, "bus_tau_mean": 1.448, "bus_tau_std": 7.9435, "bus_v_mean": 23.0127, "bus_v_std": 0.7102, "car_acc": 2.2389, "car_dcc": 1.2256, "car_lcAssertive": 31.0357, "car_lcCooperative": 0.1323, "car_lcLookaheadLeft": 34.0429, "car_lcPushy": 0.5938, "car_lcSigma": 0.9457, "car_lcSpeedGainRight": 0.4736, "car_lcSublane": 0.6551, "car_sigma": 0.3023, "car_tau_mean": 1.4256, "car_tau_std": 2.3881, "car_v_mean": 20.1205, "car_v_std": 1.1272}, "datetime": {"datetime": "2024-08-10 15:29:56", "elapsed": 10446.689171, "delta": 5.11431}}
{"target": -0.31591540729468376, "params": {"bus_acc": 2.4589, "bus_dcc": 3.2671, "bus_lcAssertive": 49.8245, "bus_lcCooperative": 0.7538, "bus_lcLookaheadLeft": 60.7712, "bus_lcPushy": 0.7667, "bus_lcSigma": 0.4429, "bus_lcSpeedGainRight": 0.6444, "bus_lcSublane": 0.0336, "bus_sigma": 0.6184, "bus_tau_mean": 3.2918, "bus_tau_std": 9.7698, "bus_v_mean": 8.0349, "bus_v_std": 14.193, "car_acc": 2.1586, "car_dcc": 0.9186, "car_lcAssertive": 18.4914, "car_lcCooperative": 0.3744, "car_lcLookaheadLeft": 92.9424, "car_lcPushy": 0.4275, "car_lcSigma": 0.2175, "car_lcSpeedGainRight": 4.0182, "car_lcSublane": 0.2546, "car_sigma": 0.1113, "car_tau_mean": 0.8221, "car_tau_std": 1.8093, "car_v_mean": 10.1152, "car_v_std": 1.3212}, "datetime": {"datetime": "2024-08-10 15:30:01", "elapsed": 10451.783964, "delta": 5.094793}}
{"target": -0.3136692883850203, "params": {"bus_acc": 2.4227, "bus_dcc": 2.9243, "bus_lcAssertive": 99.7415, "bus_lcCooperative": 0.8852, "bus_lcLookaheadLeft": 35.6695, "bus_lcPushy": 0.3557, "bus_lcSigma": 0.2168, "bus_lcSpeedGainRight": 2.2905, "bus_lcSublane": 0.9579, "bus_sigma": 0.9069, "bus_tau_mean": 2.5653, "bus_tau_std": 1.2981, "bus_v_mean": 15.8689, "bus_v_std": 10.0221, "car_acc": 2.583, "car_dcc": 2.2773, "car_lcAssertive": 73.9133, "car_lcCooperative": 0.9584, "car_lcLookaheadLeft": 87.9983, "car_lcPushy": 0.2399, "car_lcSigma": 0.327, "car_lcSpeedGainRight": 3.9026, "car_lcSublane": 0.0371, "car_sigma": 0.7262, "car_tau_mean": 0.7304, "car_tau_std": 1.1806, "car_v_mean": 23.5042, "car_v_std": 6.9306}, "datetime": {"datetime": "2024-08-10 15:30:07", "elapsed": 10457.194833, "delta": 5.410869}}
{"target": -0.5428802094604458, "params": {"bus_acc": 2.5703, "bus_dcc": 0.8747, "bus_lcAssertive": 43.1946, "bus_lcCooperative": 0.3466, "bus_lcLookaheadLeft": 18.768, "bus_lcPushy": 0.7525, "bus_lcSigma": 0.2669, "bus_lcSpeedGainRight": 2.1949, "bus_lcSublane": 0.953, "bus_sigma": 0.4737, "bus_tau_mean": 0.6043, "bus_tau_std": 2.2292, "bus_v_mean": 21.5312, "bus_v_std": 4.3713, "car_acc": 2.0299, "car_dcc": 0.4875, "car_lcAssertive": 55.1906, "car_lcCooperative": 0.2624, "car_lcLookaheadLeft": 19.7042, "car_lcPushy": 0.006, "car_lcSigma": 0.4958, "car_lcSpeedGainRight": 0.3532, "car_lcSublane": 0.9599, "car_sigma": 0.2214, "car_tau_mean": 2.1768, "car_tau_std": 1.9278, "car_v_mean": 24.8596, "car_v_std": 5.2513}, "datetime": {"datetime": "2024-08-10 15:30:19", "elapsed": 10469.633098, "delta": 12.438265}}
{"target": -0.3202601940314045, "params": {"bus_acc": 3.0964, "bus_dcc": 0.2045, "bus_lcAssertive": 83.9668, "bus_lcCooperative": 0.1728, "bus_lcLookaheadLeft": 25.4427, "bus_lcPushy": 0.9921, "bus_lcSigma": 0.2612, "bus_lcSpeedGainRight": 0.2444, "bus_lcSublane": 0.5174, "bus_sigma": 0.7418, "bus_tau_mean": 3.85, "bus_tau_std": 4.1622, "bus_v_mean": 21.0214, "bus_v_std": 15.9795, "car_acc": 1.7652, "car_dcc": 3.2516, "car_lcAssertive": 44.4215, "car_lcCooperative": 0.3664, "car_lcLookaheadLeft": 51.8831, "car_lcPushy": 0.4591, "car_lcSigma": 0.6297, "car_lcSpeedGainRight": 1.5439, "car_lcSublane": 0.981, "car_sigma": 0.6047, "car_tau_mean": 2.9357, "car_tau_std": 1.7351, "car_v_mean": 23.9103, "car_v_std": 8.6039}, "datetime": {"datetime": "2024-08-10 15:30:32", "elapsed": 10482.181924, "delta": 12.548826}}
{"target": -0.38854859147786686, "params": {"bus_acc": 1.461, "bus_dcc": 1.8517, "bus_lcAssertive": 90.8126, "bus_lcCooperative": 0.9976, "bus_lcLookaheadLeft": 53.066, "bus_lcPushy": 0.0529, "bus_lcSigma": 0.831, "bus_lcSpeedGainRight": 0.9693, "bus_lcSublane": 0.4023, "bus_sigma": 0.289, "bus_tau_mean": 3.4732, "bus_tau_std": 5.5537, "bus_v_mean": 14.4207, "bus_v_std": 11.2632, "car_acc": 2.4647, "car_dcc": 2.7204, "car_lcAssertive": 57.8002, "car_lcCooperative": 0.511, "car_lcLookaheadLeft": 19.3099, "car_lcPushy": 0.0661, "car_lcSigma": 0.9683, "car_lcSpeedGainRight": 4.995, "car_lcSublane": 0.9803, "car_sigma": 0.7018, "car_tau_mean": 3.7671, "car_tau_std": 4.3183, "car_v_mean": 13.1437, "car_v_std": 13.3971}, "datetime": {"datetime": "2024-08-10 15:30:37", "elapsed": 10487.628552, "delta": 5.446628}}
{"target": -0.3330786077583284, "params": {"bus_acc": 2.5863, "bus_dcc": 2.8916, "bus_lcAssertive": 79.8041, "bus_lcCooperative": 0.2258, "bus_lcLookaheadLeft": 12.3698, "bus_lcPushy": 0.2445, "bus_lcSigma": 0.3708, "bus_lcSpeedGainRight": 0.3067, "bus_lcSublane": 0.8182, "bus_sigma": 0.4452, "bus_tau_mean": 3.1452, "bus_tau_std": 9.2155, "bus_v_mean": 15.9252, "bus_v_std": 3.8733, "car_acc": 2.7656, "car_dcc": 1.9561, "car_lcAssertive": 21.8415, "car_lcCooperative": 0.9982, "car_lcLookaheadLeft": 18.3616, "car_lcPushy": 0.0869, "car_lcSigma": 0.5503, "car_lcSpeedGainRight": 2.1564, "car_lcSublane": 0.6861, "car_sigma": 0.0677, "car_tau_mean": 2.3897, "car_tau_std": 1.8785, "car_v_mean": 13.1617, "car_v_std": 15.6779}, "datetime": {"datetime": "2024-08-10 15:30:49", "elapsed": 10499.152634, "delta": 11.524082}}
{"target": -0.3786889657230937, "params": {"bus_acc": 3.3154, "bus_dcc": 0.848, "bus_lcAssertive": 58.3954, "bus_lcCooperative": 0.7791, "bus_lcLookaheadLeft": 38.5906, "bus_lcPushy": 0.7858, "bus_lcSigma": 0.9219, "bus_lcSpeedGainRight": 4.1504, "bus_lcSublane": 0.6916, "bus_sigma": 0.4182, "bus_tau_mean": 1.075, "bus_tau_std": 9.9862, "bus_v_mean": 25.6614, "bus_v_std": 17.6464, "car_acc": 0.9149, "car_dcc": 1.7062, "car_lcAssertive": 13.9239, "car_lcCooperative": 0.4568, "car_lcLookaheadLeft": 90.4598, "car_lcPushy": 0.5286, "car_lcSigma": 0.6646, "car_lcSpeedGainRight": 4.6224, "car_lcSublane": 0.507, "car_sigma": 0.4101, "car_tau_mean": 3.4759, "car_tau_std": 6.8858, "car_v_mean": 22.4903, "car_v_std": 14.4141}, "datetime": {"datetime": "2024-08-10 15:31:04", "elapsed": 10515.024669, "delta": 15.872035}}
{"target": -0.33788912252165476, "params": {"bus_acc": 0.8406, "bus_dcc": 2.2915, "bus_lcAssertive": 82.2243, "bus_lcCooperative": 0.1693, "bus_lcLookaheadLeft": 22.3013, "bus_lcPushy": 0.8678, "bus_lcSigma": 0.9922, "bus_lcSpeedGainRight": 2.6573, "bus_lcSublane": 0.232, "bus_sigma": 0.8691, "bus_tau_mean": 1.6159, "bus_tau_std": 7.3188, "bus_v_mean": 17.5596, "bus_v_std": 9.5636, "car_acc": 3.2289, "car_dcc": 2.6659, "car_lcAssertive": 61.3104, "car_lcCooperative": 0.6216, "car_lcLookaheadLeft": 6.1815, "car_lcPushy": 0.3946, "car_lcSigma": 0.2675, "car_lcSpeedGainRight": 0.5789, "car_lcSublane": 0.7361, "car_sigma": 0.4197, "car_tau_mean": 0.6744, "car_tau_std": 6.5004, "car_v_mean": 24.7779, "car_v_std": 14.3765}, "datetime": {"datetime": "2024-08-10 15:31:10", "elapsed": 10520.666702, "delta": 5.642033}}
{"target": -0.35067405510656807, "params": {"bus_acc": 2.0334, "bus_dcc": 2.0265, "bus_lcAssertive": 74.8457, "bus_lcCooperative": 0.7834, "bus_lcLookaheadLeft": 92.8596, "bus_lcPushy": 0.8352, "bus_lcSigma": 0.7567, "bus_lcSpeedGainRight": 2.0497, "bus_lcSublane": 0.9415, "bus_sigma": 0.0729, "bus_tau_mean": 2.1163, "bus_tau_std": 8.8783, "bus_v_mean": 11.2662, "bus_v_std": 19.7154, "car_acc": 3.6589, "car_dcc": 0.7886, "car_lcAssertive": 73.7519, "car_lcCooperative": 0.2266, "car_lcLookaheadLeft": 58.3664, "car_lcPushy": 0.0772, "car_lcSigma": 0.8661, "car_lcSpeedGainRight": 2.3624, "car_lcSublane": 0.5193, "car_sigma": 0.7398, "car_tau_mean": 2.1481, "car_tau_std": 0.3329, "car_v_mean": 17.7362, "car_v_std": 0.3122}, "datetime": {"datetime": "2024-08-10 15:31:16", "elapsed": 10526.58265, "delta": 5.915948}}
{"target": -0.29847407470209997, "params": {"bus_acc": 2.8342, "bus_dcc": 2.1121, "bus_lcAssertive": 52.1905, "bus_lcCooperative": 0.949, "bus_lcLookaheadLeft": 78.1329, "bus_lcPushy": 0.2914, "bus_lcSigma": 0.7678, "bus_lcSpeedGainRight": 4.159, "bus_lcSublane": 0.214, "bus_sigma": 0.6492, "bus_tau_mean": 1.853, "bus_tau_std": 7.4376, "bus_v_mean": 9.8945, "bus_v_std": 12.693, "car_acc": 3.7204, "car_dcc": 0.9762, "car_lcAssertive": 40.8809, "car_lcCooperative": 0.9432, "car_lcLookaheadLeft": 13.521, "car_lcPushy": 0.1903, "car_lcSigma": 0.0394, "car_lcSpeedGainRight": 4.0271, "car_lcSublane": 0.4413, "car_sigma": 0.1031, "car_tau_mean": 3.5896, "car_tau_std": 6.9498, "car_v_mean": 8.1175, "car_v_std": 0.1597}, "datetime": {"datetime": "2024-08-10 15:31:22", "elapsed": 10532.690262, "delta": 6.107612}}
{"target": -0.3556530205681869, "params": {"bus_acc": 1.2677, "bus_dcc": 1.4652, "bus_lcAssertive": 26.2261, "bus_lcCooperative": 0.1846, "bus_lcLookaheadLeft": 33.6261, "bus_lcPushy": 0.854, "bus_lcSigma": 0.3798, "bus_lcSpeedGainRight": 4.1118, "bus_lcSublane": 0.6952, "bus_sigma": 0.949, "bus_tau_mean": 1.7358, "bus_tau_std": 7.9662, "bus_v_mean": 23.2065, "bus_v_std": 8.5086, "car_acc": 1.3106, "car_dcc": 2.3455, "car_lcAssertive": 14.0982, "car_lcCooperative": 0.737, "car_lcLookaheadLeft": 26.9172, "car_lcPushy": 0.4175, "car_lcSigma": 0.9527, "car_lcSpeedGainRight": 4.8316, "car_lcSublane": 0.6454, "car_sigma": 0.5939, "car_tau_mean": 1.8713, "car_tau_std": 5.798, "car_v_mean": 18.853, "car_v_std": 2.6812}, "datetime": {"datetime": "2024-08-10 15:31:31", "elapsed": 10541.742625, "delta": 9.052363}}
{"target": -0.35903660479459215, "params": {"bus_acc": 3.6517, "bus_dcc": 0.6622, "bus_lcAssertive": 30.9733, "bus_lcCooperative": 0.2679, "bus_lcLookaheadLeft": 87.5258, "bus_lcPushy": 0.4587, "bus_lcSigma": 0.1984, "bus_lcSpeedGainRight": 3.4686, "bus_lcSublane": 0.5213, "bus_sigma": 0.6221, "bus_tau_mean": 3.1091, "bus_tau_std": 5.5924, "bus_v_mean": 8.1863, "bus_v_std": 12.2347, "car_acc": 0.9849, "car_dcc": 1.6572, "car_lcAssertive": 92.293, "car_lcCooperative": 0.1469, "car_lcLookaheadLeft": 17.845, "car_lcPushy": 0.1026, "car_lcSigma": 0.4689, "car_lcSpeedGainRight": 1.3847, "car_lcSublane": 0.8529, "car_sigma": 0.2, "car_tau_mean": 2.7119, "car_tau_std": 8.1683, "car_v_mean": 14.8679, "car_v_std": 16.7336}, "datetime": {"datetime": "2024-08-10 15:31:44", "elapsed": 10555.087148, "delta": 13.344523}}
