{"target": -0.3677176198685245, "params": {"bus_acc": 3.1256, "bus_dcc": 0.9783, "bus_lcAssertive": 29.4276, "bus_lcCooperative": 0.7136, "bus_lcLookaheadLeft": 31.6485, "bus_lcPushy": 0.0053, "bus_lcSigma": 0.1797, "bus_lcSpeedGainRight": 0.5128, "bus_lcSublane": 0.5283, "bus_sigma": 0.2202, "bus_tau_mean": 2.9161, "bus_tau_std": 5.6547, "bus_v_mean": 22.229, "bus_v_std": 12.7409, "car_acc": 1.1951, "car_dcc": 2.9732, "car_lcAssertive": 98.7725, "car_lcCooperative": 0.7677, "car_lcLookaheadLeft": 55.0584, "car_lcPushy": 0.0969, "car_lcSigma": 0.5539, "car_lcSpeedGainRight": 1.3078, "car_lcSublane": 0.6732, "car_sigma": 0.8135, "car_tau_mean": 2.0288, "car_tau_std": 3.6009, "car_v_mean": 11.9969, "car_v_std": 13.2062}, "datetime": {"datetime": "2024-08-10 15:38:07", "elapsed": 10937.975869, "delta": 8.251385}}
{"target": -0.32991443137793086, "params": {"bus_acc": 1.1712, "bus_dcc": 1.6096, "bus_lcAssertive": 12.4599, "bus_lcCooperative": 0.6672, "bus_lcLookaheadLeft": 32.5104, "bus_lcPushy": 0.8795, "bus_lcSigma": 0.3039, "bus_lcSpeedGainRight": 4.8744, "bus_lcSublane": 0.1955, "bus_sigma": 0.4005, "bus_tau_mean": 2.7771, "bus_tau_std": 0.2386, "bus_v_mean": 21.7898, "bus_v_std": 0.1785, "car_acc": 2.1467, "car_dcc": 2.8956, "car_lcAssertive": 1.8931, "car_lcCooperative": 0.0385, "car_lcLookaheadLeft": 2.7304, "car_lcPushy": 0.9515, "car_lcSigma": 0.8009, "car_lcSpeedGainRight": 2.317, "car_lcSublane": 0.3569, "car_sigma": 0.8194, "car_tau_mean": 3.5167, "car_tau_std": 6.4371, "car_v_mean": 14.0333, "car_v_std": 7.0783}, "datetime": {"datetime": "2024-08-10 15:38:13", "elapsed": 10943.695968, "delta": 5.720099}}
{"target": -0.26807913355642427, "params": {"bus_acc": 2.5845, "bus_dcc": 3.1438, "bus_lcAssertive": 33.4853, "bus_lcCooperative": 0.4061, "bus_lcLookaheadLeft": 56.851, "bus_lcPushy": 0.8335, "bus_lcSigma": 0.9522, "bus_lcSpeedGainRight": 3.3393, "bus_lcSublane": 0.8379, "bus_sigma": 0.4315, "bus_tau_mean": 3.252, "bus_tau_std": 7.6011, "bus_v_mean": 25.7376, "bus_v_std": 9.8892, "car_acc": 3.4832, "car_dcc": 0.3561, "car_lcAssertive": 27.8694, "car_lcCooperative": 0.9791, "car_lcLookaheadLeft": 57.2153, "car_lcPushy": 0.6681, "car_lcSigma": 0.0648, "car_lcSpeedGainRight": 2.1145, "car_lcSublane": 0.5518, "car_sigma": 0.328, "car_tau_mean": 1.8501, "car_tau_std": 0.155, "car_v_mean": 17.1116, "car_v_std": 5.3975}, "datetime": {"datetime": "2024-08-10 15:38:25", "elapsed": 10955.669719, "delta": 11.973751}}
{"target": -0.36871294328145715, "params": {"bus_acc": 0.3088, "bus_dcc": 3.4554, "bus_lcAssertive": 93.1162, "bus_lcCooperative": 0.4736, "bus_lcLookaheadLeft": 66.6514, "bus_lcPushy": 0.7049, "bus_lcSigma": 0.3621, "bus_lcSpeedGainRight": 3.3607, "bus_lcSublane": 0.8127, "bus_sigma": 0.9636, "bus_tau_mean": 2.2046, "bus_tau_std": 9.5797, "bus_v_mean": 12.7305, "bus_v_std": 6.6921, "car_acc": 2.1985, "car_dcc": 1.381, "car_lcAssertive": 93.1855, "car_lcCooperative": 0.8705, "car_lcLookaheadLeft": 90.1896, "car_lcPushy": 0.5755, "car_lcSigma": 0.4621, "car_lcSpeedGainRight": 0.4699, "car_lcSublane": 0.2608, "car_sigma": 0.5078, "car_tau_mean": 3.3428, "car_tau_std": 9.9176, "car_v_mean": 17.4175, "car_v_std": 10.9924}, "datetime": {"datetime": "2024-08-10 15:38:39", "elapsed": 10969.590891, "delta": 13.921172}}
{"target": -0.375298727720212, "params": {"bus_acc": 1.9838, "bus_dcc": 1.4792, "bus_lcAssertive": 8.361, "bus_lcCooperative": 0.9149, "bus_lcLookaheadLeft": 47.3551, "bus_lcPushy": 0.6977, "bus_lcSigma": 0.6814, "bus_lcSpeedGainRight": 2.7534, "bus_lcSublane": 0.1151, "bus_sigma": 0.2536, "bus_tau_mean": 0.8916, "bus_tau_std": 2.1461, "bus_v_mean": 12.0592, "bus_v_std": 2.0377, "car_acc": 0.9261, "car_dcc": 0.8721, "car_lcAssertive": 38.823, "car_lcCooperative": 0.6966, "car_lcLookaheadLeft": 22.5678, "car_lcPushy": 0.9818, "car_lcSigma": 0.8726, "car_lcSpeedGainRight": 4.6702, "car_lcSublane": 0.9782, "car_sigma": 0.8455, "car_tau_mean": 3.2682, "car_tau_std": 7.5317, "car_v_mean": 23.1173, "car_v_std": 19.0}, "datetime": {"datetime": "2024-08-10 15:38:44", "elapsed": 10975.123989, "delta": 5.533098}}
{"target": -0.4302982385833222, "params": {"bus_acc": 3.0954, "bus_dcc": 1.1601, "bus_lcAssertive": 33.4517, "bus_lcCooperative": 0.5445, "bus_lcLookaheadLeft": 8.6152, "bus_lcPushy": 0.1555, "bus_lcSigma": 0.5051, "bus_lcSpeedGainRight": 3.21, "bus_lcSublane": 0.1105, "bus_sigma": 0.4798, "bus_tau_mean": 1.1262, "bus_tau_std": 9.6188, "bus_v_mean": 20.3964, "bus_v_std": 0.5561, "car_acc": 2.8983, "car_dcc": 0.5967, "car_lcAssertive": 90.007, "car_lcCooperative": 0.7096, "car_lcLookaheadLeft": 90.3823, "car_lcPushy": 0.6313, "car_lcSigma": 0.2421, "car_lcSpeedGainRight": 3.0175, "car_lcSublane": 0.1184, "car_sigma": 0.7642, "car_tau_mean": 0.7701, "car_tau_std": 7.5475, "car_v_mean": 19.8087, "car_v_std": 1.8075}, "datetime": {"datetime": "2024-08-10 15:38:53", "elapsed": 10983.553842, "delta": 8.429853}}
{"target": -0.3843351581864709, "params": {"bus_acc": 2.1183, "bus_dcc": 2.8392, "bus_lcAssertive": 74.2899, "bus_lcCooperative": 0.8396, "bus_lcLookaheadLeft": 38.9825, "bus_lcPushy": 0.6831, "bus_lcSigma": 0.8696, "bus_lcSpeedGainRight": 1.9375, "bus_lcSublane": 0.9016, "bus_sigma": 0.8931, "bus_tau_mean": 1.4635, "bus_tau_std": 2.9031, "bus_v_mean": 17.896, "bus_v_std": 8.3249, "car_acc": 0.9904, "car_dcc": 1.5168, "car_lcAssertive": 14.1575, "car_lcCooperative": 0.2311, "car_lcLookaheadLeft": 3.3511, "car_lcPushy": 0.5284, "car_lcSigma": 0.619, "car_lcSpeedGainRight": 2.4103, "car_lcSublane": 0.5085, "car_sigma": 0.6151, "car_tau_mean": 3.8632, "car_tau_std": 2.3169, "car_v_mean": 18.8544, "car_v_std": 5.4857}, "datetime": {"datetime": "2024-08-10 15:38:58", "elapsed": 10988.736424, "delta": 5.182582}}
{"target": -0.3054439192441054, "params": {"bus_acc": 2.4192, "bus_dcc": 2.4688, "bus_lcAssertive": 56.3162, "bus_lcCooperative": 0.294, "bus_lcLookaheadLeft": 44.0513, "bus_lcPushy": 0.4883, "bus_lcSigma": 0.4799, "bus_lcSpeedGainRight": 2.771, "bus_lcSublane": 0.0002, "bus_sigma": 0.5092, "bus_tau_mean": 3.463, "bus_tau_std": 6.7109, "bus_v_mean": 24.2488, "bus_v_std": 8.9575, "car_acc": 3.7955, "car_dcc": 2.9853, "car_lcAssertive": 30.8362, "car_lcCooperative": 0.7111, "car_lcLookaheadLeft": 45.0918, "car_lcPushy": 0.2225, "car_lcSigma": 0.8569, "car_lcSpeedGainRight": 2.3817, "car_lcSublane": 0.3288, "car_sigma": 0.5261, "car_tau_mean": 0.8409, "car_tau_std": 6.1317, "car_v_mean": 10.1688, "car_v_std": 14.6609}, "datetime": {"datetime": "2024-08-10 15:39:03", "elapsed": 10994.069695, "delta": 5.333271}}
{"target": -0.3197114404152694, "params": {"bus_acc": 0.5192, "bus_dcc": 0.4727, "bus_lcAssertive": 40.0533, "bus_lcCooperative": 0.0379, "bus_lcLookaheadLeft": 63.9535, "bus_lcPushy": 0.1081, "bus_lcSigma": 0.0079, "bus_lcSpeedGainRight": 4.9843, "bus_lcSublane": 0.8567, "bus_sigma": 0.3151, "bus_tau_mean": 0.8065, "bus_tau_std": 6.146, "bus_v_mean": 20.7419, "bus_v_std": 19.2273, "car_acc": 3.7012, "car_dcc": 3.7006, "car_lcAssertive": 4.9364, "car_lcCooperative": 0.0776, "car_lcLookaheadLeft": 4.5025, "car_lcPushy": 0.6235, "car_lcSigma": 0.0047, "car_lcSpeedGainRight": 1.6942, "car_lcSublane": 0.0451, "car_sigma": 0.2412, "car_tau_mean": 3.6891, "car_tau_std": 1.4866, "car_v_mean": 11.8542, "car_v_std": 2.9367}, "datetime": {"datetime": "2024-08-10 15:39:17", "elapsed": 11007.606437, "delta": 13.536742}}
{"target": -0.285863515754797, "params": {"bus_acc": 3.4617, "bus_dcc": 0.9944, "bus_lcAssertive": 10.2035, "bus_lcCooperative": 0.24, "bus_lcLookaheadLeft": 80.7832, "bus_lcPushy": 0.7273, "bus_lcSigma": 0.5707, "bus_lcSpeedGainRight": 2.8274, "bus_lcSublane": 0.5322, "bus_sigma": 0.1152, "bus_tau_mean": 0.8603, "bus_tau_std": 5.281, "bus_v_mean": 8.6799, "bus_v_std": 9.7569, "car_acc": 1.5362, "car_dcc": 2.7082, "car_lcAssertive": 41.8932, "car_lcCooperative": 0.5819, "car_lcLookaheadLeft": 75.2369, "car_lcPushy": 0.3188, "car_lcSigma": 0.308, "car_lcSpeedGainRight": 2.5565, "car_lcSublane": 0.448, "car_sigma": 0.0527, "car_tau_mean": 3.6506, "car_tau_std": 3.4042, "car_v_mean": 8.988, "car_v_std": 1.13}, "datetime": {"datetime": "2024-08-10 15:39:31", "elapsed": 11021.392404, "delta": 13.785967}}
{"target": -0.23925236165338826, "params": {"bus_acc": 3.1782, "bus_dcc": 0.4262, "bus_lcAssertive": 16.8679, "bus_lcCooperative": 0.8672, "bus_lcLookaheadLeft": 19.6304, "bus_lcPushy": 0.2582, "bus_lcSigma": 0.5635, "bus_lcSpeedGainRight": 3.4495, "bus_lcSublane": 0.7787, "bus_sigma": 0.6031, "bus_tau_mean": 3.0046, "bus_tau_std": 9.2363, "bus_v_mean": 14.4206, "bus_v_std": 12.6838, "car_acc": 1.4056, "car_dcc": 0.8541, "car_lcAssertive": 42.1357, "car_lcCooperative": 0.0105, "car_lcLookaheadLeft": 84.8687, "car_lcPushy": 0.5141, "car_lcSigma": 0.8186, "car_lcSpeedGainRight": 1.1952, "car_lcSublane": 0.5925, "car_sigma": 0.7746, "car_tau_mean": 0.7186, "car_tau_std": 1.1473, "car_v_mean": 20.322, "car_v_std": 11.6518}, "datetime": {"datetime": "2024-08-10 15:39:39", "elapsed": 11029.463483, "delta": 8.071079}}
{"target": -0.320686290750032, "params": {"bus_acc": 3.1927, "bus_dcc": 3.9271, "bus_lcAssertive": 94.168, "bus_lcCooperative": 0.1645, "bus_lcLookaheadLeft": 42.5478, "bus_lcPushy": 0.7205, "bus_lcSigma": 0.8384, "bus_lcSpeedGainRight": 0.3582, "bus_lcSublane": 0.5281, "bus_sigma": 0.3134, "bus_tau_mean": 1.5465, "bus_tau_std": 3.9544, "bus_v_mean": 12.0949, "bus_v_std": 2.4808, "car_acc": 2.1379, "car_dcc": 1.5691, "car_lcAssertive": 71.1196, "car_lcCooperative": 0.3881, "car_lcLookaheadLeft": 9.6896, "car_lcPushy": 0.5444, "car_lcSigma": 0.0296, "car_lcSpeedGainRight": 3.1386, "car_lcSublane": 0.4168, "car_sigma": 0.9907, "car_tau_mean": 3.9483, "car_tau_std": 0.6558, "car_v_mean": 16.4178, "car_v_std": 9.9527}, "datetime": {"datetime": "2024-08-10 15:39:51", "elapsed": 11042.10531, "delta": 12.641827}}
{"target": -0.21004357848738664, "params": {"bus_acc": 0.8196, "bus_dcc": 3.3662, "bus_lcAssertive": 69.9376, "bus_lcCooperative": 0.0311, "bus_lcLookaheadLeft": 91.4221, "bus_lcPushy": 0.7861, "bus_lcSigma": 0.8372, "bus_lcSpeedGainRight": 4.1929, "bus_lcSublane": 0.6451, "bus_sigma": 0.0006, "bus_tau_mean": 3.4578, "bus_tau_std": 8.3212, "bus_v_mean": 25.04, "bus_v_std": 1.918, "car_acc": 3.0028, "car_dcc": 0.309, "car_lcAssertive": 63.2297, "car_lcCooperative": 0.2759, "car_lcLookaheadLeft": 41.6611, "car_lcPushy": 0.0687, "car_lcSigma": 0.7789, "car_lcSpeedGainRight": 4.849, "car_lcSublane": 0.9193, "car_sigma": 0.9046, "car_tau_mean": 1.6964, "car_tau_std": 0.4479, "car_v_mean": 10.0344, "car_v_std": 10.0759}, "datetime": {"datetime": "2024-08-10 15:39:57", "elapsed": 11047.501881, "delta": 5.396571}}
{"target": -0.6877802237053826, "params": {"bus_acc": 0.3395, "bus_dcc": 2.2604, "bus_lcAssertive": 97.4763, "bus_lcCooperative": 0.0539, "bus_lcLookaheadLeft": 65.8754, "bus_lcPushy": 0.961, "bus_lcSigma": 0.7183, "bus_lcSpeedGainRight": 0.8956, "bus_lcSublane": 0.5815, "bus_sigma": 0.067, "bus_tau_mean": 3.9571, "bus_tau_std": 0.3674, "bus_v_mean": 10.15, "bus_v_std": 12.9126, "car_acc": 0.5361, "car_dcc": 0.5663, "car_lcAssertive": 17.1051, "car_lcCooperative": 0.706, "car_lcLookaheadLeft": 18.1853, "car_lcPushy": 0.4937, "car_lcSigma": 0.4289, "car_lcSpeedGainRight": 3.7643, "car_lcSublane": 0.9982, "car_sigma": 0.2492, "car_tau_mean": 2.0877, "car_tau_std": 9.0326, "car_v_mean": 23.3125, "car_v_std": 15.6445}, "datetime": {"datetime": "2024-08-10 15:40:09", "elapsed": 11059.148987, "delta": 11.647106}}
{"target": -0.49575295797912206, "params": {"bus_acc": 2.0995, "bus_dcc": 0.4503, "bus_lcAssertive": 93.2858, "bus_lcCooperative": 0.0028, "bus_lcLookaheadLeft": 93.1711, "bus_lcPushy": 0.3217, "bus_lcSigma": 0.9496, "bus_lcSpeedGainRight": 4.0551, "bus_lcSublane": 0.664, "bus_sigma": 0.9517, "bus_tau_mean": 3.0017, "bus_tau_std": 5.6825, "bus_v_mean": 8.9853, "bus_v_std": 12.8729, "car_acc": 0.7066, "car_dcc": 1.5401, "car_lcAssertive": 34.0229, "car_lcCooperative": 0.4699, "car_lcLookaheadLeft": 83.883, "car_lcPushy": 0.7323, "car_lcSigma": 0.057, "car_lcSpeedGainRight": 0.2606, "car_lcSublane": 0.7848, "car_sigma": 0.421, "car_tau_mean": 1.688, "car_tau_std": 5.9583, "car_v_mean": 25.4205, "car_v_std": 16.6776}, "datetime": {"datetime": "2024-08-10 15:40:13", "elapsed": 11064.022369, "delta": 4.873382}}
{"target": -0.35410894915159147, "params": {"bus_acc": 1.5581, "bus_dcc": 0.5423, "bus_lcAssertive": 56.9551, "bus_lcCooperative": 0.8911, "bus_lcLookaheadLeft": 15.3324, "bus_lcPushy": 0.3499, "bus_lcSigma": 0.8728, "bus_lcSpeedGainRight": 3.6065, "bus_lcSublane": 0.3159, "bus_sigma": 0.0773, "bus_tau_mean": 2.2227, "bus_tau_std": 0.5179, "bus_v_mean": 13.3004, "bus_v_std": 3.7564, "car_acc": 3.1013, "car_dcc": 2.0906, "car_lcAssertive": 29.8552, "car_lcCooperative": 0.4943, "car_lcLookaheadLeft": 79.1449, "car_lcPushy": 0.176, "car_lcSigma": 0.596, "car_lcSpeedGainRight": 4.0574, "car_lcSublane": 0.7987, "car_sigma": 0.9927, "car_tau_mean": 1.0216, "car_tau_std": 0.5832, "car_v_mean": 13.1186, "car_v_std": 7.6002}, "datetime": {"datetime": "2024-08-10 15:40:19", "elapsed": 11069.598375, "delta": 5.576006}}
{"target": -0.3163694898505271, "params": {"bus_acc": 2.3663, "bus_dcc": 3.5958, "bus_lcAssertive": 40.6746, "bus_lcCooperative": 0.8565, "bus_lcLookaheadLeft": 45.809, "bus_lcPushy": 0.9776, "bus_lcSigma": 0.302, "bus_lcSpeedGainRight": 0.8743, "bus_lcSublane": 0.4444, "bus_sigma": 0.9221, "bus_tau_mean": 1.7916, "bus_tau_std": 5.3321, "bus_v_mean": 10.6692, "bus_v_std": 12.0207, "car_acc": 2.4093, "car_dcc": 1.4154, "car_lcAssertive": 83.1344, "car_lcCooperative": 0.977, "car_lcLookaheadLeft": 67.9856, "car_lcPushy": 0.5579, "car_lcSigma": 0.5584, "car_lcSpeedGainRight": 4.9213, "car_lcSublane": 0.2729, "car_sigma": 0.0904, "car_tau_mean": 3.1108, "car_tau_std": 8.9855, "car_v_mean": 18.031, "car_v_std": 8.4224}, "datetime": {"datetime": "2024-08-10 15:40:25", "elapsed": 11075.303123, "delta": 5.704748}}
{"target": -0.3811719634655675, "params": {"bus_acc": 2.3949, "bus_dcc": 3.084, "bus_lcAssertive": 12.4783, "bus_lcCooperative": 0.1861, "bus_lcLookaheadLeft": 65.3982, "bus_lcPushy": 0.0521, "bus_lcSigma": 0.0567, "bus_lcSpeedGainRight": 1.0555, "bus_lcSublane": 0.3594, "bus_sigma": 0.8603, "bus_tau_mean": 0.8409, "bus_tau_std": 4.4139, "bus_v_mean": 14.6184, "bus_v_std": 18.3036, "car_acc": 1.5585, "car_dcc": 2.0119, "car_lcAssertive": 19.6062, "car_lcCooperative": 0.1112, "car_lcLookaheadLeft": 13.1391, "car_lcPushy": 0.067, "car_lcSigma": 0.0958, "car_lcSpeedGainRight": 3.9124, "car_lcSublane": 0.3254, "car_sigma": 0.2302, "car_tau_mean": 1.9316, "car_tau_std": 6.7961, "car_v_mean": 8.0177, "car_v_std": 15.0819}, "datetime": {"datetime": "2024-08-10 15:40:31", "elapsed": 11081.204722, "delta": 5.901599}}
{"target": -0.4577170757900351, "params": {"bus_acc": 3.3789, "bus_dcc": 1.0792, "bus_lcAssertive": 99.5015, "bus_lcCooperative": 0.9967, "bus_lcLookaheadLeft": 39.7546, "bus_lcPushy": 0.3743, "bus_lcSigma": 0.4054, "bus_lcSpeedGainRight": 4.559, "bus_lcSublane": 0.3839, "bus_sigma": 0.5144, "bus_tau_mean": 0.7721, "bus_tau_std": 9.0365, "bus_v_mean": 8.0687, "bus_v_std": 13.4477, "car_acc": 0.7576, "car_dcc": 1.3164, "car_lcAssertive": 99.8408, "car_lcCooperative": 0.6305, "car_lcLookaheadLeft": 98.766, "car_lcPushy": 0.466, "car_lcSigma": 0.6186, "car_lcSpeedGainRight": 4.823, "car_lcSublane": 0.2987, "car_sigma": 0.2553, "car_tau_mean": 2.8553, "car_tau_std": 8.6845, "car_v_mean": 19.2745, "car_v_std": 19.5528}, "datetime": {"datetime": "2024-08-10 15:40:50", "elapsed": 11101.064795, "delta": 19.860073}}
{"target": -0.22646409696043027, "params": {"bus_acc": 0.8566, "bus_dcc": 1.3302, "bus_lcAssertive": 82.2771, "bus_lcCooperative": 0.599, "bus_lcLookaheadLeft": 59.7302, "bus_lcPushy": 0.2731, "bus_lcSigma": 0.3253, "bus_lcSpeedGainRight": 2.4222, "bus_lcSublane": 0.829, "bus_sigma": 0.3112, "bus_tau_mean": 1.6631, "bus_tau_std": 2.1085, "bus_v_mean": 16.3792, "bus_v_std": 3.7275, "car_acc": 1.4982, "car_dcc": 0.4871, "car_lcAssertive": 85.3799, "car_lcCooperative": 0.8086, "car_lcLookaheadLeft": 48.1428, "car_lcPushy": 0.3405, "car_lcSigma": 0.4637, "car_lcSpeedGainRight": 2.1211, "car_lcSublane": 0.6891, "car_sigma": 0.1627, "car_tau_mean": 1.9135, "car_tau_std": 1.4959, "car_v_mean": 13.7522, "car_v_std": 12.39}, "datetime": {"datetime": "2024-08-10 15:41:00", "elapsed": 11110.665768, "delta": 9.600973}}
{"target": -0.3660932145812225, "params": {"bus_acc": 1.1021, "bus_dcc": 2.9225, "bus_lcAssertive": 17.497, "bus_lcCooperative": 0.523, "bus_lcLookaheadLeft": 27.1714, "bus_lcPushy": 0.0304, "bus_lcSigma": 0.7159, "bus_lcSpeedGainRight": 0.9487, "bus_lcSublane": 0.9797, "bus_sigma": 0.4945, "bus_tau_mean": 3.9034, "bus_tau_std": 6.6493, "bus_v_mean": 16.714, "bus_v_std": 3.4183, "car_acc": 2.5956, "car_dcc": 2.9945, "car_lcAssertive": 9.8931, "car_lcCooperative": 0.8223, "car_lcLookaheadLeft": 44.6432, "car_lcPushy": 0.3542, "car_lcSigma": 0.9064, "car_lcSpeedGainRight": 0.1605, "car_lcSublane": 0.1883, "car_sigma": 0.8647, "car_tau_mean": 0.7519, "car_tau_std": 1.2147, "car_v_mean": 16.0889, "car_v_std": 9.2246}, "datetime": {"datetime": "2024-08-10 15:41:08", "elapsed": 11118.646403, "delta": 7.980635}}
{"target": -0.3783810363511781, "params": {"bus_acc": 1.6738, "bus_dcc": 2.9838, "bus_lcAssertive": 98.2285, "bus_lcCooperative": 0.1414, "bus_lcLookaheadLeft": 66.7531, "bus_lcPushy": 0.047, "bus_lcSigma": 0.3175, "bus_lcSpeedGainRight": 4.7732, "bus_lcSublane": 0.0963, "bus_sigma": 0.9504, "bus_tau_mean": 2.5478, "bus_tau_std": 4.5696, "bus_v_mean": 10.7657, "bus_v_std": 5.9795, "car_acc": 2.6599, "car_dcc": 3.0877, "car_lcAssertive": 48.9171, "car_lcCooperative": 0.0835, "car_lcLookaheadLeft": 49.7921, "car_lcPushy": 0.024, "car_lcSigma": 0.0417, "car_lcSpeedGainRight": 4.222, "car_lcSublane": 0.3157, "car_sigma": 0.4702, "car_tau_mean": 1.6052, "car_tau_std": 4.9912, "car_v_mean": 8.763, "car_v_std": 4.9698}, "datetime": {"datetime": "2024-08-10 15:41:13", "elapsed": 11123.64901, "delta": 5.002607}}
{"target": -0.641069395328031, "params": {"bus_acc": 1.8618, "bus_dcc": 0.5488, "bus_lcAssertive": 14.4052, "bus_lcCooperative": 0.2633, "bus_lcLookaheadLeft": 41.5394, "bus_lcPushy": 0.5542, "bus_lcSigma": 0.0935, "bus_lcSpeedGainRight": 2.4618, "bus_lcSublane": 0.6281, "bus_sigma": 0.1664, "bus_tau_mean": 0.8812, "bus_tau_std": 5.809, "bus_v_mean": 17.1547, "bus_v_std": 13.9598, "car_acc": 0.8792, "car_dcc": 0.2441, "car_lcAssertive": 72.8776, "car_lcCooperative": 0.7214, "car_lcLookaheadLeft": 32.9772, "car_lcPushy": 0.372, "car_lcSigma": 0.268, "car_lcSpeedGainRight": 1.9087, "car_lcSublane": 0.8245, "car_sigma": 0.0191, "car_tau_mean": 2.7705, "car_tau_std": 5.0028, "car_v_mean": 16.3621, "car_v_std": 0.1299}, "datetime": {"datetime": "2024-08-10 15:41:19", "elapsed": 11129.341462, "delta": 5.692452}}
{"target": -0.29389348230472884, "params": {"bus_acc": 1.0217, "bus_dcc": 0.5031, "bus_lcAssertive": 23.3423, "bus_lcCooperative": 0.5179, "bus_lcLookaheadLeft": 92.5104, "bus_lcPushy": 0.7945, "bus_lcSigma": 0.1534, "bus_lcSpeedGainRight": 2.8493, "bus_lcSublane": 0.5646, "bus_sigma": 0.4611, "bus_tau_mean": 3.4255, "bus_tau_std": 6.2566, "bus_v_mean": 8.6209, "bus_v_std": 6.0688, "car_acc": 1.3894, "car_dcc": 2.7183, "car_lcAssertive": 91.0773, "car_lcCooperative": 0.6374, "car_lcLookaheadLeft": 68.1446, "car_lcPushy": 0.2113, "car_lcSigma": 0.6805, "car_lcSpeedGainRight": 3.1448, "car_lcSublane": 0.8239, "car_sigma": 0.1385, "car_tau_mean": 0.9266, "car_tau_std": 0.9587, "car_v_mean": 20.1814, "car_v_std": 3.3064}, "datetime": {"datetime": "2024-08-10 15:41:27", "elapsed": 11137.707043, "delta": 8.365581}}
{"target": -0.28156603110707196, "params": {"bus_acc": 2.5851, "bus_dcc": 0.9849, "bus_lcAssertive": 3.956, "bus_lcCooperative": 0.1689, "bus_lcLookaheadLeft": 8.857, "bus_lcPushy": 0.836, "bus_lcSigma": 0.6403, "bus_lcSpeedGainRight": 4.0157, "bus_lcSublane": 0.2129, "bus_sigma": 0.7556, "bus_tau_mean": 2.4303, "bus_tau_std": 7.8371, "bus_v_mean": 21.8871, "bus_v_std": 5.7562, "car_acc": 3.658, "car_dcc": 0.7612, "car_lcAssertive": 34.8011, "car_lcCooperative": 0.5042, "car_lcLookaheadLeft": 25.6654, "car_lcPushy": 0.2717, "car_lcSigma": 0.8382, "car_lcSpeedGainRight": 2.773, "car_lcSublane": 0.1954, "car_sigma": 0.8583, "car_tau_mean": 1.6186, "car_tau_std": 7.9375, "car_v_mean": 15.0272, "car_v_std": 16.7321}, "datetime": {"datetime": "2024-08-10 15:41:33", "elapsed": 11143.197397, "delta": 5.490354}}
{"target": -0.28293010730081974, "params": {"bus_acc": 2.7773, "bus_dcc": 3.9715, "bus_lcAssertive": 29.9886, "bus_lcCooperative": 0.7285, "bus_lcLookaheadLeft": 68.3452, "bus_lcPushy": 0.9579, "bus_lcSigma": 0.5724, "bus_lcSpeedGainRight": 2.3862, "bus_lcSublane": 0.4904, "bus_sigma": 0.382, "bus_tau_mean": 0.9195, "bus_tau_std": 7.896, "bus_v_mean": 13.6393, "bus_v_std": 14.3411, "car_acc": 2.2566, "car_dcc": 0.3111, "car_lcAssertive": 74.6864, "car_lcCooperative": 0.7669, "car_lcLookaheadLeft": 84.4543, "car_lcPushy": 0.186, "car_lcSigma": 0.0974, "car_lcSpeedGainRight": 2.1945, "car_lcSublane": 0.7045, "car_sigma": 0.6136, "car_tau_mean": 0.8365, "car_tau_std": 3.0776, "car_v_mean": 9.7233, "car_v_std": 11.4681}, "datetime": {"datetime": "2024-08-10 15:41:39", "elapsed": 11149.131963, "delta": 5.934566}}
