{"target": -0.3082712380557733, "params": {"bus_acc": 2.4523, "bus_dcc": 2.2345, "bus_lcAssertive": 24.7281, "bus_lcCooperative": 0.6069, "bus_lcLookaheadLeft": 97.6275, "bus_lcPushy": 0.7081, "bus_lcSigma": 0.6764, "bus_lcSpeedGainRight": 4.3205, "bus_lcSublane": 0.6626, "bus_sigma": 0.9757, "bus_tau_mean": 1.798, "bus_tau_std": 7.9133, "bus_v_mean": 10.815, "bus_v_std": 5.3344, "car_acc": 2.732, "car_dcc": 3.7874, "car_lcAssertive": 90.7788, "car_lcCooperative": 0.8383, "car_lcLookaheadLeft": 24.5661, "car_lcPushy": 0.2939, "car_lcSigma": 0.764, "car_lcSpeedGainRight": 3.6379, "car_lcSublane": 0.0823, "car_sigma": 0.168, "car_tau_mean": 1.2826, "car_tau_std": 4.2647, "car_v_mean": 10.2973, "car_v_std": 12.9669}, "datetime": {"datetime": "2024-08-10 15:08:58", "elapsed": 9188.390184, "delta": 5.20341}}
{"target": -0.3347166051532538, "params": {"bus_acc": 3.218, "bus_dcc": 1.2265, "bus_lcAssertive": 29.2564, "bus_lcCooperative": 0.7325, "bus_lcLookaheadLeft": 9.8158, "bus_lcPushy": 0.4782, "bus_lcSigma": 0.677, "bus_lcSpeedGainRight": 4.6979, "bus_lcSublane": 0.9177, "bus_sigma": 0.0431, "bus_tau_mean": 3.7768, "bus_tau_std": 1.8556, "bus_v_mean": 24.0509, "bus_v_std": 18.5931, "car_acc": 1.2069, "car_dcc": 1.2147, "car_lcAssertive": 88.0445, "car_lcCooperative": 0.2396, "car_lcLookaheadLeft": 43.8503, "car_lcPushy": 0.8997, "car_lcSigma": 0.4946, "car_lcSpeedGainRight": 0.9504, "car_lcSublane": 0.6476, "car_sigma": 0.7327, "car_tau_mean": 3.3579, "car_tau_std": 2.9008, "car_v_mean": 15.1627, "car_v_std": 1.3157}, "datetime": {"datetime": "2024-08-10 15:09:08", "elapsed": 9198.537258, "delta": 10.147074}}
{"target": -0.3561204324649274, "params": {"bus_acc": 1.9237, "bus_dcc": 2.0471, "bus_lcAssertive": 23.7921, "bus_lcCooperative": 0.7967, "bus_lcLookaheadLeft": 51.4917, "bus_lcPushy": 0.6457, "bus_lcSigma": 0.2491, "bus_lcSpeedGainRight": 4.4168, "bus_lcSublane": 0.5963, "bus_sigma": 0.3498, "bus_tau_mean": 2.2428, "bus_tau_std": 7.2846, "bus_v_mean": 23.1953, "bus_v_std": 7.8662, "car_acc": 1.0813, "car_dcc": 3.5088, "car_lcAssertive": 15.9798, "car_lcCooperative": 0.9233, "car_lcLookaheadLeft": 31.2016, "car_lcPushy": 0.1308, "car_lcSigma": 0.5886, "car_lcSpeedGainRight": 2.429, "car_lcSublane": 0.5498, "car_sigma": 0.291, "car_tau_mean": 3.951, "car_tau_std": 2.2464, "car_v_mean": 24.2912, "car_v_std": 0.6972}, "datetime": {"datetime": "2024-08-10 15:09:14", "elapsed": 9204.846978, "delta": 6.30972}}
{"target": -0.29727814333119745, "params": {"bus_acc": 1.566, "bus_dcc": 2.9018, "bus_lcAssertive": 39.5326, "bus_lcCooperative": 0.7117, "bus_lcLookaheadLeft": 53.7847, "bus_lcPushy": 0.6334, "bus_lcSigma": 0.4369, "bus_lcSpeedGainRight": 2.4238, "bus_lcSublane": 0.2422, "bus_sigma": 0.9491, "bus_tau_mean": 3.5667, "bus_tau_std": 3.1419, "bus_v_mean": 18.8928, "bus_v_std": 16.3131, "car_acc": 1.8084, "car_dcc": 0.5921, "car_lcAssertive": 88.0579, "car_lcCooperative": 0.595, "car_lcLookaheadLeft": 45.7138, "car_lcPushy": 0.7489, "car_lcSigma": 0.678, "car_lcSpeedGainRight": 3.0148, "car_lcSublane": 0.0754, "car_sigma": 0.755, "car_tau_mean": 3.607, "car_tau_std": 8.7699, "car_v_mean": 17.7024, "car_v_std": 5.1398}, "datetime": {"datetime": "2024-08-10 15:09:20", "elapsed": 9210.667225, "delta": 5.820247}}
{"target": -0.3088147377916192, "params": {"bus_acc": 2.4795, "bus_dcc": 2.9481, "bus_lcAssertive": 73.7726, "bus_lcCooperative": 0.125, "bus_lcLookaheadLeft": 73.7674, "bus_lcPushy": 0.3866, "bus_lcSigma": 0.745, "bus_lcSpeedGainRight": 0.0657, "bus_lcSublane": 0.5829, "bus_sigma": 0.016, "bus_tau_mean": 2.1059, "bus_tau_std": 9.879, "bus_v_mean": 22.9455, "bus_v_std": 12.7234, "car_acc": 2.4007, "car_dcc": 0.7553, "car_lcAssertive": 43.1424, "car_lcCooperative": 0.2587, "car_lcLookaheadLeft": 68.1747, "car_lcPushy": 0.4935, "car_lcSigma": 0.5593, "car_lcSpeedGainRight": 0.5245, "car_lcSublane": 0.239, "car_sigma": 0.8967, "car_tau_mean": 1.9107, "car_tau_std": 3.2651, "car_v_mean": 16.1272, "car_v_std": 8.4851}, "datetime": {"datetime": "2024-08-10 15:09:25", "elapsed": 9215.229082, "delta": 4.561857}}
{"target": -0.283321989104403, "params": {"bus_acc": 0.6692, "bus_dcc": 0.2046, "bus_lcAssertive": 4.6983, "bus_lcCooperative": 0.9737, "bus_lcLookaheadLeft": 64.0856, "bus_lcPushy": 0.789, "bus_lcSigma": 0.1761, "bus_lcSpeedGainRight": 3.0643, "bus_lcSublane": 0.1735, "bus_sigma": 0.4621, "bus_tau_mean": 0.5183, "bus_tau_std": 7.2381, "bus_v_mean": 18.6681, "bus_v_std": 11.1417, "car_acc": 1.6126, "car_dcc": 0.6234, "car_lcAssertive": 3.9805, "car_lcCooperative": 0.5894, "car_lcLookaheadLeft": 59.7339, "car_lcPushy": 0.7105, "car_lcSigma": 0.5907, "car_lcSpeedGainRight": 3.5309, "car_lcSublane": 0.1014, "car_sigma": 0.19, "car_tau_mean": 1.8649, "car_tau_std": 8.5925, "car_v_mean": 21.36, "car_v_std": 13.8571}, "datetime": {"datetime": "2024-08-10 15:09:38", "elapsed": 9228.665178, "delta": 13.436096}}
{"target": -0.727214099151455, "params": {"bus_acc": 1.4787, "bus_dcc": 3.8263, "bus_lcAssertive": 27.6517, "bus_lcCooperative": 0.0308, "bus_lcLookaheadLeft": 20.7788, "bus_lcPushy": 0.216, "bus_lcSigma": 0.5561, "bus_lcSpeedGainRight": 1.4513, "bus_lcSublane": 0.6091, "bus_sigma": 0.2378, "bus_tau_mean": 1.1178, "bus_tau_std": 6.7767, "bus_v_mean": 9.1655, "bus_v_std": 5.8041, "car_acc": 0.3952, "car_dcc": 2.5011, "car_lcAssertive": 14.0466, "car_lcCooperative": 0.9028, "car_lcLookaheadLeft": 44.2638, "car_lcPushy": 0.8274, "car_lcSigma": 0.0221, "car_lcSpeedGainRight": 2.929, "car_lcSublane": 0.8372, "car_sigma": 0.8147, "car_tau_mean": 2.0975, "car_tau_std": 4.2968, "car_v_mean": 16.9418, "car_v_std": 3.3061}, "datetime": {"datetime": "2024-08-10 15:09:43", "elapsed": 9233.913749, "delta": 5.248571}}
{"target": -0.42762199923545946, "params": {"bus_acc": 0.6365, "bus_dcc": 1.1837, "bus_lcAssertive": 31.0087, "bus_lcCooperative": 0.7929, "bus_lcLookaheadLeft": 25.8422, "bus_lcPushy": 0.0051, "bus_lcSigma": 0.8744, "bus_lcSpeedGainRight": 0.6325, "bus_lcSublane": 0.3794, "bus_sigma": 0.2004, "bus_tau_mean": 1.8569, "bus_tau_std": 8.7786, "bus_v_mean": 9.3838, "bus_v_std": 11.3263, "car_acc": 1.1851, "car_dcc": 3.416, "car_lcAssertive": 17.6127, "car_lcCooperative": 0.5491, "car_lcLookaheadLeft": 3.0787, "car_lcPushy": 0.9958, "car_lcSigma": 0.1278, "car_lcSpeedGainRight": 3.2005, "car_lcSublane": 0.0332, "car_sigma": 0.5391, "car_tau_mean": 3.8712, "car_tau_std": 0.4256, "car_v_mean": 21.9143, "car_v_std": 15.7036}, "datetime": {"datetime": "2024-08-10 15:09:52", "elapsed": 9242.219558, "delta": 8.305809}}
{"target": -0.4123861982993667, "params": {"bus_acc": 2.6084, "bus_dcc": 3.8619, "bus_lcAssertive": 57.39, "bus_lcCooperative": 0.4109, "bus_lcLookaheadLeft": 11.9058, "bus_lcPushy": 0.5719, "bus_lcSigma": 0.5273, "bus_lcSpeedGainRight": 1.5015, "bus_lcSublane": 0.6983, "bus_sigma": 0.1392, "bus_tau_mean": 3.4874, "bus_tau_std": 6.3456, "bus_v_mean": 13.8404, "bus_v_std": 6.4109, "car_acc": 1.0745, "car_dcc": 3.6713, "car_lcAssertive": 21.5671, "car_lcCooperative": 0.2582, "car_lcLookaheadLeft": 73.413, "car_lcPushy": 0.6798, "car_lcSigma": 0.3372, "car_lcSpeedGainRight": 0.518, "car_lcSublane": 0.0634, "car_sigma": 0.8689, "car_tau_mean": 2.1492, "car_tau_std": 7.8543, "car_v_mean": 22.702, "car_v_std": 18.9399}, "datetime": {"datetime": "2024-08-10 15:09:57", "elapsed": 9247.453173, "delta": 5.233615}}
{"target": -0.3516425304579663, "params": {"bus_acc": 0.7116, "bus_dcc": 2.2208, "bus_lcAssertive": 28.1061, "bus_lcCooperative": 0.2144, "bus_lcLookaheadLeft": 43.038, "bus_lcPushy": 0.782, "bus_lcSigma": 0.267, "bus_lcSpeedGainRight": 1.275, "bus_lcSublane": 0.5091, "bus_sigma": 0.1313, "bus_tau_mean": 2.2253, "bus_tau_std": 7.9909, "bus_v_mean": 12.2957, "bus_v_std": 14.7509, "car_acc": 2.5419, "car_dcc": 2.0294, "car_lcAssertive": 31.6349, "car_lcCooperative": 0.2223, "car_lcLookaheadLeft": 32.7611, "car_lcPushy": 0.3848, "car_lcSigma": 0.9239, "car_lcSpeedGainRight": 0.4217, "car_lcSublane": 0.4324, "car_sigma": 0.4592, "car_tau_mean": 0.5513, "car_tau_std": 0.5385, "car_v_mean": 24.7924, "car_v_std": 11.9539}, "datetime": {"datetime": "2024-08-10 15:10:03", "elapsed": 9253.954653, "delta": 6.50148}}
{"target": -0.4773837407547104, "params": {"bus_acc": 3.3512, "bus_dcc": 1.0168, "bus_lcAssertive": 66.8959, "bus_lcCooperative": 0.6487, "bus_lcLookaheadLeft": 33.1138, "bus_lcPushy": 0.9969, "bus_lcSigma": 0.3475, "bus_lcSpeedGainRight": 3.1838, "bus_lcSublane": 0.7886, "bus_sigma": 0.8678, "bus_tau_mean": 3.3248, "bus_tau_std": 6.5098, "bus_v_mean": 23.6873, "bus_v_std": 12.6563, "car_acc": 1.0703, "car_dcc": 2.396, "car_lcAssertive": 45.1389, "car_lcCooperative": 0.4873, "car_lcLookaheadLeft": 49.6153, "car_lcPushy": 0.4602, "car_lcSigma": 0.9352, "car_lcSpeedGainRight": 4.7677, "car_lcSublane": 0.9609, "car_sigma": 0.2818, "car_tau_mean": 2.0938, "car_tau_std": 5.085, "car_v_mean": 23.3904, "car_v_std": 0.4744}, "datetime": {"datetime": "2024-08-10 15:10:15", "elapsed": 9265.420393, "delta": 11.46574}}
{"target": -0.32209251910137354, "params": {"bus_acc": 2.2448, "bus_dcc": 0.686, "bus_lcAssertive": 20.0963, "bus_lcCooperative": 0.034, "bus_lcLookaheadLeft": 6.372, "bus_lcPushy": 0.2061, "bus_lcSigma": 0.7223, "bus_lcSpeedGainRight": 2.6416, "bus_lcSublane": 0.25, "bus_sigma": 0.9426, "bus_tau_mean": 2.9928, "bus_tau_std": 0.8684, "bus_v_mean": 15.6281, "bus_v_std": 8.4556, "car_acc": 0.8974, "car_dcc": 2.525, "car_lcAssertive": 67.7258, "car_lcCooperative": 0.2447, "car_lcLookaheadLeft": 62.9275, "car_lcPushy": 0.9943, "car_lcSigma": 0.9127, "car_lcSpeedGainRight": 4.3631, "car_lcSublane": 0.6725, "car_sigma": 0.2199, "car_tau_mean": 1.4304, "car_tau_std": 3.0788, "car_v_mean": 23.4674, "car_v_std": 1.419}, "datetime": {"datetime": "2024-08-10 15:10:27", "elapsed": 9277.44146, "delta": 12.021067}}
{"target": -0.3380620826004935, "params": {"bus_acc": 1.2716, "bus_dcc": 1.3586, "bus_lcAssertive": 4.0179, "bus_lcCooperative": 0.422, "bus_lcLookaheadLeft": 49.5374, "bus_lcPushy": 0.8403, "bus_lcSigma": 0.2689, "bus_lcSpeedGainRight": 0.1282, "bus_lcSublane": 0.562, "bus_sigma": 0.9364, "bus_tau_mean": 1.9807, "bus_tau_std": 6.4939, "bus_v_mean": 14.8855, "bus_v_std": 4.7045, "car_acc": 2.6111, "car_dcc": 3.9652, "car_lcAssertive": 62.1234, "car_lcCooperative": 0.3227, "car_lcLookaheadLeft": 96.6334, "car_lcPushy": 0.7516, "car_lcSigma": 0.5318, "car_lcSpeedGainRight": 1.8395, "car_lcSublane": 0.4646, "car_sigma": 0.4252, "car_tau_mean": 2.5974, "car_tau_std": 9.4267, "car_v_mean": 12.0138, "car_v_std": 10.4367}, "datetime": {"datetime": "2024-08-10 15:10:34", "elapsed": 9285.049365, "delta": 7.607905}}
{"target": -0.40461363189308325, "params": {"bus_acc": 1.4483, "bus_dcc": 1.1692, "bus_lcAssertive": 25.7086, "bus_lcCooperative": 0.8939, "bus_lcLookaheadLeft": 59.371, "bus_lcPushy": 0.3689, "bus_lcSigma": 0.3365, "bus_lcSpeedGainRight": 4.7442, "bus_lcSublane": 0.8089, "bus_sigma": 0.2288, "bus_tau_mean": 2.0938, "bus_tau_std": 8.207, "bus_v_mean": 20.0789, "bus_v_std": 8.6844, "car_acc": 0.8718, "car_dcc": 1.6107, "car_lcAssertive": 95.4056, "car_lcCooperative": 0.5285, "car_lcLookaheadLeft": 75.6425, "car_lcPushy": 0.8372, "car_lcSigma": 0.497, "car_lcSpeedGainRight": 0.1587, "car_lcSublane": 0.3139, "car_sigma": 0.5245, "car_tau_mean": 3.2306, "car_tau_std": 6.1186, "car_v_mean": 15.0115, "car_v_std": 10.9238}, "datetime": {"datetime": "2024-08-10 15:10:39", "elapsed": 9289.971487, "delta": 4.922122}}
{"target": -0.50338917687006, "params": {"bus_acc": 2.052, "bus_dcc": 1.2319, "bus_lcAssertive": 74.6762, "bus_lcCooperative": 0.8979, "bus_lcLookaheadLeft": 75.0104, "bus_lcPushy": 0.3223, "bus_lcSigma": 0.1699, "bus_lcSpeedGainRight": 1.1203, "bus_lcSublane": 0.8961, "bus_sigma": 0.2888, "bus_tau_mean": 3.6067, "bus_tau_std": 2.1213, "bus_v_mean": 14.0135, "bus_v_std": 13.7327, "car_acc": 0.6967, "car_dcc": 2.5593, "car_lcAssertive": 97.4286, "car_lcCooperative": 0.4697, "car_lcLookaheadLeft": 18.4957, "car_lcPushy": 0.675, "car_lcSigma": 0.6232, "car_lcSpeedGainRight": 3.2473, "car_lcSublane": 0.9243, "car_sigma": 0.4735, "car_tau_mean": 2.411, "car_tau_std": 1.0603, "car_v_mean": 10.2628, "car_v_std": 17.1634}, "datetime": {"datetime": "2024-08-10 15:10:46", "elapsed": 9296.79657, "delta": 6.825083}}
{"target": -0.5150688143107279, "params": {"bus_acc": 3.5855, "bus_dcc": 1.6085, "bus_lcAssertive": 75.8833, "bus_lcCooperative": 0.1884, "bus_lcLookaheadLeft": 87.134, "bus_lcPushy": 0.3513, "bus_lcSigma": 0.8854, "bus_lcSpeedGainRight": 3.0703, "bus_lcSublane": 0.1503, "bus_sigma": 0.5343, "bus_tau_mean": 2.4598, "bus_tau_std": 1.2175, "bus_v_mean": 17.5923, "bus_v_std": 6.9205, "car_acc": 3.7013, "car_dcc": 2.1963, "car_lcAssertive": 63.1114, "car_lcCooperative": 0.4438, "car_lcLookaheadLeft": 93.2795, "car_lcPushy": 0.829, "car_lcSigma": 0.7656, "car_lcSpeedGainRight": 0.9292, "car_lcSublane": 0.3317, "car_sigma": 0.4364, "car_tau_mean": 2.1403, "car_tau_std": 0.771, "car_v_mean": 22.7974, "car_v_std": 0.8859}, "datetime": {"datetime": "2024-08-10 15:10:57", "elapsed": 9307.306427, "delta": 10.509857}}
{"target": -0.30842288758702924, "params": {"bus_acc": 2.9353, "bus_dcc": 2.3274, "bus_lcAssertive": 68.5074, "bus_lcCooperative": 0.9675, "bus_lcLookaheadLeft": 33.2127, "bus_lcPushy": 0.2289, "bus_lcSigma": 0.3523, "bus_lcSpeedGainRight": 0.0376, "bus_lcSublane": 0.6993, "bus_sigma": 0.6358, "bus_tau_mean": 2.5751, "bus_tau_std": 4.5673, "bus_v_mean": 24.4979, "bus_v_std": 18.0565, "car_acc": 3.2273, "car_dcc": 1.3696, "car_lcAssertive": 90.5381, "car_lcCooperative": 0.226, "car_lcLookaheadLeft": 89.2244, "car_lcPushy": 0.0184, "car_lcSigma": 0.1945, "car_lcSpeedGainRight": 3.5849, "car_lcSublane": 0.7061, "car_sigma": 0.7173, "car_tau_mean": 2.8754, "car_tau_std": 2.2076, "car_v_mean": 20.7547, "car_v_std": 13.5485}, "datetime": {"datetime": "2024-08-10 15:11:07", "elapsed": 9317.186297, "delta": 9.87987}}
{"target": -0.28453517675658163, "params": {"bus_acc": 3.8776, "bus_dcc": 0.277, "bus_lcAssertive": 26.3095, "bus_lcCooperative": 0.8739, "bus_lcLookaheadLeft": 40.4917, "bus_lcPushy": 0.7995, "bus_lcSigma": 0.9268, "bus_lcSpeedGainRight": 2.9315, "bus_lcSublane": 0.4392, "bus_sigma": 0.9362, "bus_tau_mean": 0.6049, "bus_tau_std": 2.5773, "bus_v_mean": 19.1021, "bus_v_std": 14.5485, "car_acc": 3.7519, "car_dcc": 1.4551, "car_lcAssertive": 17.9023, "car_lcCooperative": 0.1563, "car_lcLookaheadLeft": 63.7856, "car_lcPushy": 0.7749, "car_lcSigma": 0.0227, "car_lcSpeedGainRight": 0.1819, "car_lcSublane": 0.6357, "car_sigma": 0.1275, "car_tau_mean": 1.8163, "car_tau_std": 4.9338, "car_v_mean": 16.8341, "car_v_std": 9.5904}, "datetime": {"datetime": "2024-08-10 15:11:16", "elapsed": 9326.374846, "delta": 9.188549}}
{"target": -0.2976093257114658, "params": {"bus_acc": 3.9146, "bus_dcc": 3.9659, "bus_lcAssertive": 58.6857, "bus_lcCooperative": 0.3328, "bus_lcLookaheadLeft": 32.8378, "bus_lcPushy": 0.6303, "bus_lcSigma": 0.0426, "bus_lcSpeedGainRight": 3.7594, "bus_lcSublane": 0.3, "bus_sigma": 0.5995, "bus_tau_mean": 3.0471, "bus_tau_std": 5.701, "bus_v_mean": 15.0115, "bus_v_std": 5.1825, "car_acc": 3.34, "car_dcc": 2.318, "car_lcAssertive": 54.7539, "car_lcCooperative": 0.9503, "car_lcLookaheadLeft": 90.4752, "car_lcPushy": 0.6536, "car_lcSigma": 0.1781, "car_lcSpeedGainRight": 0.5698, "car_lcSublane": 0.5367, "car_sigma": 0.0581, "car_tau_mean": 3.1641, "car_tau_std": 2.7619, "car_v_mean": 11.9476, "car_v_std": 16.997}, "datetime": {"datetime": "2024-08-10 15:11:21", "elapsed": 9331.287805, "delta": 4.912959}}
{"target": -0.3010517023552188, "params": {"bus_acc": 3.3276, "bus_dcc": 0.2276, "bus_lcAssertive": 65.0432, "bus_lcCooperative": 0.7313, "bus_lcLookaheadLeft": 94.8729, "bus_lcPushy": 0.2658, "bus_lcSigma": 0.207, "bus_lcSpeedGainRight": 1.0246, "bus_lcSublane": 0.852, "bus_sigma": 0.6099, "bus_tau_mean": 0.5288, "bus_tau_std": 7.8616, "bus_v_mean": 19.6815, "bus_v_std": 15.3687, "car_acc": 2.7931, "car_dcc": 3.1502, "car_lcAssertive": 3.4513, "car_lcCooperative": 0.9197, "car_lcLookaheadLeft": 11.8196, "car_lcPushy": 0.4063, "car_lcSigma": 0.9929, "car_lcSpeedGainRight": 1.1185, "car_lcSublane": 0.3086, "car_sigma": 0.5748, "car_tau_mean": 3.8777, "car_tau_std": 7.2094, "car_v_mean": 8.4419, "car_v_std": 12.8837}, "datetime": {"datetime": "2024-08-10 15:11:31", "elapsed": 9341.135754, "delta": 9.847949}}
{"target": -0.4655946370327768, "params": {"bus_acc": 0.2726, "bus_dcc": 1.0895, "bus_lcAssertive": 26.2201, "bus_lcCooperative": 0.6985, "bus_lcLookaheadLeft": 56.6136, "bus_lcPushy": 0.8951, "bus_lcSigma": 0.0518, "bus_lcSpeedGainRight": 3.6058, "bus_lcSublane": 0.9116, "bus_sigma": 0.1278, "bus_tau_mean": 1.1405, "bus_tau_std": 1.3544, "bus_v_mean": 9.4903, "bus_v_std": 13.5135, "car_acc": 3.5278, "car_dcc": 1.9971, "car_lcAssertive": 87.4093, "car_lcCooperative": 0.69, "car_lcLookaheadLeft": 83.4933, "car_lcPushy": 0.9369, "car_lcSigma": 0.7809, "car_lcSpeedGainRight": 1.683, "car_lcSublane": 0.7892, "car_sigma": 0.6523, "car_tau_mean": 0.9001, "car_tau_std": 8.569, "car_v_mean": 15.3459, "car_v_std": 12.5479}, "datetime": {"datetime": "2024-08-10 15:11:40", "elapsed": 9350.328777, "delta": 9.193023}}
{"target": -0.3260216370684829, "params": {"bus_acc": 2.1824, "bus_dcc": 1.7909, "bus_lcAssertive": 48.9495, "bus_lcCooperative": 0.025, "bus_lcLookaheadLeft": 20.3507, "bus_lcPushy": 0.5948, "bus_lcSigma": 0.5119, "bus_lcSpeedGainRight": 2.1155, "bus_lcSublane": 0.2754, "bus_sigma": 0.0799, "bus_tau_mean": 2.867, "bus_tau_std": 6.9143, "bus_v_mean": 24.2919, "bus_v_std": 0.6792, "car_acc": 2.9855, "car_dcc": 2.6831, "car_lcAssertive": 42.347, "car_lcCooperative": 0.2263, "car_lcLookaheadLeft": 50.3548, "car_lcPushy": 0.8047, "car_lcSigma": 0.0864, "car_lcSpeedGainRight": 4.2266, "car_lcSublane": 0.6811, "car_sigma": 0.4056, "car_tau_mean": 0.6159, "car_tau_std": 9.2111, "car_v_mean": 8.5075, "car_v_std": 3.5451}, "datetime": {"datetime": "2024-08-10 15:11:45", "elapsed": 9355.705013, "delta": 5.376236}}
{"target": -0.30540509539607896, "params": {"bus_acc": 3.9746, "bus_dcc": 3.6289, "bus_lcAssertive": 68.0, "bus_lcCooperative": 0.2994, "bus_lcLookaheadLeft": 79.1023, "bus_lcPushy": 0.3398, "bus_lcSigma": 0.8581, "bus_lcSpeedGainRight": 0.2105, "bus_lcSublane": 0.8808, "bus_sigma": 0.6123, "bus_tau_mean": 1.9259, "bus_tau_std": 2.6771, "bus_v_mean": 12.9572, "bus_v_std": 12.612, "car_acc": 1.7307, "car_dcc": 1.6569, "car_lcAssertive": 50.4566, "car_lcCooperative": 0.1278, "car_lcLookaheadLeft": 25.3289, "car_lcPushy": 0.1761, "car_lcSigma": 0.4678, "car_lcSpeedGainRight": 2.4861, "car_lcSublane": 0.0144, "car_sigma": 0.3837, "car_tau_mean": 1.4241, "car_tau_std": 6.2797, "car_v_mean": 19.0316, "car_v_std": 7.3703}, "datetime": {"datetime": "2024-08-10 15:11:50", "elapsed": 9360.557284, "delta": 4.852271}}
{"target": -0.37036217409700445, "params": {"bus_acc": 0.3463, "bus_dcc": 0.4809, "bus_lcAssertive": 34.3469, "bus_lcCooperative": 0.7839, "bus_lcLookaheadLeft": 90.1273, "bus_lcPushy": 0.16, "bus_lcSigma": 0.2647, "bus_lcSpeedGainRight": 2.3747, "bus_lcSublane": 0.5745, "bus_sigma": 0.7513, "bus_tau_mean": 3.9604, "bus_tau_std": 5.2621, "bus_v_mean": 11.1016, "bus_v_std": 6.2167, "car_acc": 1.8661, "car_dcc": 3.3108, "car_lcAssertive": 42.2646, "car_lcCooperative": 0.4356, "car_lcLookaheadLeft": 48.1431, "car_lcPushy": 0.5786, "car_lcSigma": 0.4704, "car_lcSpeedGainRight": 3.9738, "car_lcSublane": 0.2584, "car_sigma": 0.4246, "car_tau_mean": 1.2632, "car_tau_std": 6.964, "car_v_mean": 15.5718, "car_v_std": 8.4007}, "datetime": {"datetime": "2024-08-10 15:11:56", "elapsed": 9366.369296, "delta": 5.812012}}
{"target": -0.369210211636189, "params": {"bus_acc": 1.3886, "bus_dcc": 2.8746, "bus_lcAssertive": 56.0727, "bus_lcCooperative": 0.13, "bus_lcLookaheadLeft": 60.3394, "bus_lcPushy": 0.3503, "bus_lcSigma": 0.6708, "bus_lcSpeedGainRight": 2.3894, "bus_lcSublane": 0.7859, "bus_sigma": 0.5185, "bus_tau_mean": 2.7772, "bus_tau_std": 6.2496, "bus_v_mean": 20.9216, "bus_v_std": 5.2682, "car_acc": 3.8331, "car_dcc": 2.7989, "car_lcAssertive": 98.3038, "car_lcCooperative": 0.7302, "car_lcLookaheadLeft": 9.0558, "car_lcPushy": 0.6531, "car_lcSigma": 0.9233, "car_lcSpeedGainRight": 1.8298, "car_lcSublane": 0.9445, "car_sigma": 0.3183, "car_tau_mean": 2.322, "car_tau_std": 3.3992, "car_v_mean": 21.5823, "car_v_std": 5.6004}, "datetime": {"datetime": "2024-08-10 15:12:04", "elapsed": 9374.929019, "delta": 8.559723}}
{"target": -0.9282195838429993, "params": {"bus_acc": 2.0171, "bus_dcc": 1.6449, "bus_lcAssertive": 72.8399, "bus_lcCooperative": 0.5434, "bus_lcLookaheadLeft": 13.1487, "bus_lcPushy": 0.7033, "bus_lcSigma": 0.7489, "bus_lcSpeedGainRight": 1.8854, "bus_lcSublane": 0.3442, "bus_sigma": 0.1727, "bus_tau_mean": 1.3742, "bus_tau_std": 1.9007, "bus_v_mean": 11.9274, "bus_v_std": 1.6431, "car_acc": 0.2094, "car_dcc": 2.5414, "car_lcAssertive": 29.0841, "car_lcCooperative": 0.2595, "car_lcLookaheadLeft": 43.1684, "car_lcPushy": 0.2261, "car_lcSigma": 0.2267, "car_lcSpeedGainRight": 4.5524, "car_lcSublane": 0.6228, "car_sigma": 0.8527, "car_tau_mean": 2.3345, "car_tau_std": 9.5692, "car_v_mean": 10.1565, "car_v_std": 9.948}, "datetime": {"datetime": "2024-08-10 15:12:09", "elapsed": 9379.657312, "delta": 4.728293}}
