{"target": -0.2926922025824998, "params": {"bus_acc": 1.0862, "bus_dcc": 2.5914, "bus_lcAssertive": 28.3989, "bus_lcCooperative": 0.0096, "bus_lcLookaheadLeft": 47.7435, "bus_lcPushy": 0.636, "bus_lcSigma": 0.0253, "bus_lcSpeedGainRight": 2.043, "bus_lcSublane": 0.9037, "bus_sigma": 0.5006, "bus_tau_mean": 2.6211, "bus_tau_std": 0.4757, "bus_v_mean": 9.3804, "bus_v_std": 6.3042, "car_acc": 2.3223, "car_dcc": 1.9508, "car_lcAssertive": 32.8611, "car_lcCooperative": 0.9011, "car_lcLookaheadLeft": 59.1995, "car_lcPushy": 0.9559, "car_lcSigma": 0.7139, "car_lcSpeedGainRight": 0.6262, "car_lcSublane": 0.4642, "car_sigma": 0.2408, "car_tau_mean": 2.9799, "car_tau_std": 2.6375, "car_v_mean": 23.1906, "car_v_std": 10.4739}, "datetime": {"datetime": "2024-08-10 14:57:08", "elapsed": 8478.49327, "delta": 8.033305}}
{"target": -0.3595322343518948, "params": {"bus_acc": 1.8736, "bus_dcc": 2.8324, "bus_lcAssertive": 61.9989, "bus_lcCooperative": 0.4342, "bus_lcLookaheadLeft": 88.7089, "bus_lcPushy": 0.0606, "bus_lcSigma": 0.799, "bus_lcSpeedGainRight": 4.3292, "bus_lcSublane": 0.9432, "bus_sigma": 0.7633, "bus_tau_mean": 2.4074, "bus_tau_std": 5.8838, "bus_v_mean": 9.5316, "bus_v_std": 15.7607, "car_acc": 2.4636, "car_dcc": 3.0938, "car_lcAssertive": 87.9302, "car_lcCooperative": 0.4029, "car_lcLookaheadLeft": 75.2189, "car_lcPushy": 0.22, "car_lcSigma": 0.3703, "car_lcSpeedGainRight": 2.3629, "car_lcSublane": 0.5733, "car_sigma": 0.4107, "car_tau_mean": 2.8542, "car_tau_std": 0.8413, "car_v_mean": 9.4192, "car_v_std": 10.9079}, "datetime": {"datetime": "2024-08-10 14:57:13", "elapsed": 8483.235802, "delta": 4.742532}}
{"target": -0.4345333550221831, "params": {"bus_acc": 0.3586, "bus_dcc": 3.4542, "bus_lcAssertive": 10.3904, "bus_lcCooperative": 0.6645, "bus_lcLookaheadLeft": 65.4074, "bus_lcPushy": 0.4518, "bus_lcSigma": 0.3571, "bus_lcSpeedGainRight": 4.2885, "bus_lcSublane": 0.3348, "bus_sigma": 0.9469, "bus_tau_mean": 3.1367, "bus_tau_std": 1.3292, "bus_v_mean": 21.7879, "bus_v_std": 17.631, "car_acc": 1.3279, "car_dcc": 1.8177, "car_lcAssertive": 56.052, "car_lcCooperative": 0.0757, "car_lcLookaheadLeft": 8.4287, "car_lcPushy": 0.6099, "car_lcSigma": 0.5758, "car_lcSpeedGainRight": 0.697, "car_lcSublane": 0.858, "car_sigma": 0.216, "car_tau_mean": 3.3076, "car_tau_std": 5.7599, "car_v_mean": 9.5488, "car_v_std": 9.7202}, "datetime": {"datetime": "2024-08-10 14:57:22", "elapsed": 8492.854989, "delta": 9.619187}}
{"target": -0.3034016113769568, "params": {"bus_acc": 2.9052, "bus_dcc": 3.4816, "bus_lcAssertive": 78.4142, "bus_lcCooperative": 0.54, "bus_lcLookaheadLeft": 98.938, "bus_lcPushy": 0.4624, "bus_lcSigma": 0.868, "bus_lcSpeedGainRight": 3.9206, "bus_lcSublane": 0.9085, "bus_sigma": 0.391, "bus_tau_mean": 0.8959, "bus_tau_std": 6.942, "bus_v_mean": 21.4818, "bus_v_std": 8.6564, "car_acc": 0.8636, "car_dcc": 0.5518, "car_lcAssertive": 99.3686, "car_lcCooperative": 0.2969, "car_lcLookaheadLeft": 71.176, "car_lcPushy": 0.4587, "car_lcSigma": 0.778, "car_lcSpeedGainRight": 2.9732, "car_lcSublane": 0.2086, "car_sigma": 0.0797, "car_tau_mean": 2.7354, "car_tau_std": 3.1549, "car_v_mean": 17.4843, "car_v_std": 2.1795}, "datetime": {"datetime": "2024-08-10 14:57:31", "elapsed": 8501.419123, "delta": 8.564134}}
{"target": -0.41093974214668494, "params": {"bus_acc": 0.5636, "bus_dcc": 2.4548, "bus_lcAssertive": 30.8558, "bus_lcCooperative": 0.7871, "bus_lcLookaheadLeft": 51.9035, "bus_lcPushy": 0.0327, "bus_lcSigma": 0.4403, "bus_lcSpeedGainRight": 4.4246, "bus_lcSublane": 0.5265, "bus_sigma": 0.6644, "bus_tau_mean": 1.9353, "bus_tau_std": 6.9671, "bus_v_mean": 23.2677, "bus_v_std": 1.1329, "car_acc": 1.9701, "car_dcc": 3.4448, "car_lcAssertive": 41.7109, "car_lcCooperative": 0.7712, "car_lcLookaheadLeft": 77.0884, "car_lcPushy": 0.9374, "car_lcSigma": 0.2545, "car_lcSpeedGainRight": 2.087, "car_lcSublane": 0.136, "car_sigma": 0.3705, "car_tau_mean": 0.7411, "car_tau_std": 7.6801, "car_v_mean": 10.4756, "car_v_std": 8.5579}, "datetime": {"datetime": "2024-08-10 14:57:41", "elapsed": 8511.677559, "delta": 10.258436}}
{"target": -0.4279711609388068, "params": {"bus_acc": 0.8257, "bus_dcc": 2.5543, "bus_lcAssertive": 91.0013, "bus_lcCooperative": 0.4723, "bus_lcLookaheadLeft": 17.3652, "bus_lcPushy": 0.189, "bus_lcSigma": 0.5158, "bus_lcSpeedGainRight": 4.6495, "bus_lcSublane": 0.0351, "bus_sigma": 0.431, "bus_tau_mean": 0.6985, "bus_tau_std": 8.3801, "bus_v_mean": 11.3611, "bus_v_std": 14.5802, "car_acc": 0.8796, "car_dcc": 1.4133, "car_lcAssertive": 43.1121, "car_lcCooperative": 0.8993, "car_lcLookaheadLeft": 27.9853, "car_lcPushy": 0.3024, "car_lcSigma": 0.6667, "car_lcSpeedGainRight": 2.9807, "car_lcSublane": 0.6735, "car_sigma": 0.861, "car_tau_mean": 3.3384, "car_tau_std": 6.2999, "car_v_mean": 19.6793, "car_v_std": 11.4291}, "datetime": {"datetime": "2024-08-10 14:57:49", "elapsed": 8519.799416, "delta": 8.121857}}
{"target": -0.27194343980686386, "params": {"bus_acc": 2.7386, "bus_dcc": 2.0165, "bus_lcAssertive": 71.2741, "bus_lcCooperative": 0.7022, "bus_lcLookaheadLeft": 30.0701, "bus_lcPushy": 0.5735, "bus_lcSigma": 0.034, "bus_lcSpeedGainRight": 0.5963, "bus_lcSublane": 0.6994, "bus_sigma": 0.6214, "bus_tau_mean": 2.1837, "bus_tau_std": 7.7895, "bus_v_mean": 16.485, "bus_v_std": 0.3672, "car_acc": 1.2739, "car_dcc": 0.3982, "car_lcAssertive": 61.8444, "car_lcCooperative": 0.918, "car_lcLookaheadLeft": 43.8926, "car_lcPushy": 0.3801, "car_lcSigma": 0.4672, "car_lcSpeedGainRight": 1.9685, "car_lcSublane": 0.4537, "car_sigma": 0.7241, "car_tau_mean": 1.3787, "car_tau_std": 0.2586, "car_v_mean": 10.1529, "car_v_std": 6.0469}, "datetime": {"datetime": "2024-08-10 14:57:55", "elapsed": 8525.390655, "delta": 5.591239}}
{"target": -0.42533683796141614, "params": {"bus_acc": 0.2122, "bus_dcc": 3.9403, "bus_lcAssertive": 7.4776, "bus_lcCooperative": 0.8006, "bus_lcLookaheadLeft": 53.7352, "bus_lcPushy": 0.4235, "bus_lcSigma": 0.3647, "bus_lcSpeedGainRight": 4.5211, "bus_lcSublane": 0.313, "bus_sigma": 0.0801, "bus_tau_mean": 3.1869, "bus_tau_std": 9.1735, "bus_v_mean": 10.4495, "bus_v_std": 0.0728, "car_acc": 2.7887, "car_dcc": 3.238, "car_lcAssertive": 54.4555, "car_lcCooperative": 0.8822, "car_lcLookaheadLeft": 23.3908, "car_lcPushy": 0.9135, "car_lcSigma": 0.0494, "car_lcSpeedGainRight": 2.4615, "car_lcSublane": 0.8023, "car_sigma": 0.0065, "car_tau_mean": 2.507, "car_tau_std": 4.692, "car_v_mean": 21.8644, "car_v_std": 12.2368}, "datetime": {"datetime": "2024-08-10 14:58:05", "elapsed": 8535.808022, "delta": 10.417367}}
{"target": -0.32276739727149173, "params": {"bus_acc": 1.1263, "bus_dcc": 0.4348, "bus_lcAssertive": 55.2762, "bus_lcCooperative": 0.0006, "bus_lcLookaheadLeft": 58.5882, "bus_lcPushy": 0.3513, "bus_lcSigma": 0.3179, "bus_lcSpeedGainRight": 2.7625, "bus_lcSublane": 0.4468, "bus_sigma": 0.0573, "bus_tau_mean": 2.5042, "bus_tau_std": 3.1612, "bus_v_mean": 17.1845, "bus_v_std": 15.2558, "car_acc": 0.8929, "car_dcc": 3.9774, "car_lcAssertive": 11.2954, "car_lcCooperative": 0.0015, "car_lcLookaheadLeft": 30.0456, "car_lcPushy": 0.0124, "car_lcSigma": 0.1402, "car_lcSpeedGainRight": 0.8509, "car_lcSublane": 0.7836, "car_sigma": 0.987, "car_tau_mean": 2.8682, "car_tau_std": 4.533, "car_v_mean": 17.8849, "car_v_std": 0.1878}, "datetime": {"datetime": "2024-08-10 14:58:11", "elapsed": 8541.791345, "delta": 5.983323}}
{"target": -0.40049524646387646, "params": {"bus_acc": 3.8423, "bus_dcc": 3.7837, "bus_lcAssertive": 62.5881, "bus_lcCooperative": 0.774, "bus_lcLookaheadLeft": 99.2801, "bus_lcPushy": 0.6865, "bus_lcSigma": 0.2393, "bus_lcSpeedGainRight": 4.7407, "bus_lcSublane": 0.6905, "bus_sigma": 0.2654, "bus_tau_mean": 3.6862, "bus_tau_std": 6.3219, "bus_v_mean": 10.2908, "bus_v_std": 16.9959, "car_acc": 1.4682, "car_dcc": 0.9677, "car_lcAssertive": 16.7077, "car_lcCooperative": 0.3818, "car_lcLookaheadLeft": 74.9117, "car_lcPushy": 0.5613, "car_lcSigma": 0.1887, "car_lcSpeedGainRight": 2.3697, "car_lcSublane": 0.0446, "car_sigma": 0.4514, "car_tau_mean": 0.8191, "car_tau_std": 0.0147, "car_v_mean": 9.5081, "car_v_std": 18.2898}, "datetime": {"datetime": "2024-08-10 14:58:16", "elapsed": 8546.751526, "delta": 4.960181}}
{"target": -0.8885864690568432, "params": {"bus_acc": 2.7529, "bus_dcc": 1.0564, "bus_lcAssertive": 22.6081, "bus_lcCooperative": 0.6379, "bus_lcLookaheadLeft": 52.723, "bus_lcPushy": 0.2832, "bus_lcSigma": 0.4018, "bus_lcSpeedGainRight": 4.0043, "bus_lcSublane": 0.1548, "bus_sigma": 0.4307, "bus_tau_mean": 1.6257, "bus_tau_std": 7.4619, "bus_v_mean": 14.2947, "bus_v_std": 8.9778, "car_acc": 0.2466, "car_dcc": 2.1834, "car_lcAssertive": 78.868, "car_lcCooperative": 0.9766, "car_lcLookaheadLeft": 19.1318, "car_lcPushy": 0.4772, "car_lcSigma": 0.2466, "car_lcSpeedGainRight": 3.4943, "car_lcSublane": 0.0302, "car_sigma": 0.8149, "car_tau_mean": 1.334, "car_tau_std": 3.1664, "car_v_mean": 14.5823, "car_v_std": 10.1042}, "datetime": {"datetime": "2024-08-10 14:58:24", "elapsed": 8554.866648, "delta": 8.115122}}
{"target": -0.3371681723418381, "params": {"bus_acc": 1.0099, "bus_dcc": 3.8235, "bus_lcAssertive": 79.3862, "bus_lcCooperative": 0.0489, "bus_lcLookaheadLeft": 77.2799, "bus_lcPushy": 0.4535, "bus_lcSigma": 0.6673, "bus_lcSpeedGainRight": 0.412, "bus_lcSublane": 0.0279, "bus_sigma": 0.8949, "bus_tau_mean": 1.295, "bus_tau_std": 3.945, "bus_v_mean": 8.9541, "bus_v_std": 19.8023, "car_acc": 1.9308, "car_dcc": 1.3856, "car_lcAssertive": 60.2942, "car_lcCooperative": 0.5929, "car_lcLookaheadLeft": 84.2563, "car_lcPushy": 0.3582, "car_lcSigma": 0.8437, "car_lcSpeedGainRight": 4.0153, "car_lcSublane": 0.3917, "car_sigma": 0.7059, "car_tau_mean": 1.1524, "car_tau_std": 8.5881, "car_v_mean": 12.9322, "car_v_std": 5.52}, "datetime": {"datetime": "2024-08-10 14:58:32", "elapsed": 8562.31569, "delta": 7.449042}}
{"target": -0.28731728210928537, "params": {"bus_acc": 2.715, "bus_dcc": 3.4679, "bus_lcAssertive": 89.7012, "bus_lcCooperative": 0.288, "bus_lcLookaheadLeft": 46.9549, "bus_lcPushy": 0.5799, "bus_lcSigma": 0.473, "bus_lcSpeedGainRight": 2.538, "bus_lcSublane": 0.1002, "bus_sigma": 0.5316, "bus_tau_mean": 2.6735, "bus_tau_std": 8.5085, "bus_v_mean": 8.0797, "bus_v_std": 2.7863, "car_acc": 3.5041, "car_dcc": 2.3382, "car_lcAssertive": 7.0169, "car_lcCooperative": 0.9832, "car_lcLookaheadLeft": 32.1012, "car_lcPushy": 0.4727, "car_lcSigma": 0.8014, "car_lcSpeedGainRight": 0.6712, "car_lcSublane": 0.4181, "car_sigma": 0.5622, "car_tau_mean": 3.3305, "car_tau_std": 7.2696, "car_v_mean": 17.8968, "car_v_std": 0.6374}, "datetime": {"datetime": "2024-08-10 14:58:36", "elapsed": 8566.284918, "delta": 3.969228}}
{"target": -0.33122309825596574, "params": {"bus_acc": 0.3004, "bus_dcc": 3.4703, "bus_lcAssertive": 41.5813, "bus_lcCooperative": 0.2266, "bus_lcLookaheadLeft": 40.627, "bus_lcPushy": 0.5135, "bus_lcSigma": 0.4357, "bus_lcSpeedGainRight": 1.9837, "bus_lcSublane": 0.6733, "bus_sigma": 0.7282, "bus_tau_mean": 0.83, "bus_tau_std": 6.1977, "bus_v_mean": 19.1627, "bus_v_std": 4.7869, "car_acc": 2.8645, "car_dcc": 3.0992, "car_lcAssertive": 10.6125, "car_lcCooperative": 0.1225, "car_lcLookaheadLeft": 48.8866, "car_lcPushy": 0.629, "car_lcSigma": 0.2864, "car_lcSpeedGainRight": 1.544, "car_lcSublane": 0.8356, "car_sigma": 0.302, "car_tau_mean": 3.0886, "car_tau_std": 0.7913, "car_v_mean": 20.4221, "car_v_std": 4.0999}, "datetime": {"datetime": "2024-08-10 14:58:42", "elapsed": 8572.179276, "delta": 5.894358}}
{"target": -0.3053353733183381, "params": {"bus_acc": 1.7779, "bus_dcc": 2.2712, "bus_lcAssertive": 38.2593, "bus_lcCooperative": 0.0812, "bus_lcLookaheadLeft": 22.1099, "bus_lcPushy": 0.8461, "bus_lcSigma": 0.494, "bus_lcSpeedGainRight": 1.8939, "bus_lcSublane": 0.1485, "bus_sigma": 0.9962, "bus_tau_mean": 0.5229, "bus_tau_std": 7.4516, "bus_v_mean": 24.1717, "bus_v_std": 6.3245, "car_acc": 2.5784, "car_dcc": 2.8397, "car_lcAssertive": 66.8135, "car_lcCooperative": 0.4728, "car_lcLookaheadLeft": 15.1204, "car_lcPushy": 0.8297, "car_lcSigma": 0.29, "car_lcSpeedGainRight": 0.7901, "car_lcSublane": 0.4478, "car_sigma": 0.1414, "car_tau_mean": 1.7783, "car_tau_std": 2.7854, "car_v_mean": 12.5489, "car_v_std": 2.6707}, "datetime": {"datetime": "2024-08-10 14:58:48", "elapsed": 8578.836708, "delta": 6.657432}}
{"target": -0.30515950056552554, "params": {"bus_acc": 2.568, "bus_dcc": 2.8177, "bus_lcAssertive": 51.4048, "bus_lcCooperative": 0.7728, "bus_lcLookaheadLeft": 11.8651, "bus_lcPushy": 0.3832, "bus_lcSigma": 0.9235, "bus_lcSpeedGainRight": 1.2693, "bus_lcSublane": 0.3401, "bus_sigma": 0.3932, "bus_tau_mean": 3.3566, "bus_tau_std": 1.3408, "bus_v_mean": 9.2505, "bus_v_std": 4.5463, "car_acc": 3.353, "car_dcc": 1.565, "car_lcAssertive": 11.7571, "car_lcCooperative": 0.6803, "car_lcLookaheadLeft": 21.8937, "car_lcPushy": 0.7831, "car_lcSigma": 0.6119, "car_lcSpeedGainRight": 2.7359, "car_lcSublane": 0.4469, "car_sigma": 0.7813, "car_tau_mean": 1.8909, "car_tau_std": 9.379, "car_v_mean": 19.1628, "car_v_std": 9.5025}, "datetime": {"datetime": "2024-08-10 14:58:55", "elapsed": 8585.469507, "delta": 6.632799}}
{"target": -0.33251783074700064, "params": {"bus_acc": 3.2951, "bus_dcc": 2.6902, "bus_lcAssertive": 64.6628, "bus_lcCooperative": 0.4018, "bus_lcLookaheadLeft": 32.6798, "bus_lcPushy": 0.0799, "bus_lcSigma": 0.1091, "bus_lcSpeedGainRight": 4.466, "bus_lcSublane": 0.391, "bus_sigma": 0.2008, "bus_tau_mean": 0.6586, "bus_tau_std": 4.9488, "bus_v_mean": 11.3975, "bus_v_std": 6.3454, "car_acc": 3.6486, "car_dcc": 2.6921, "car_lcAssertive": 8.7572, "car_lcCooperative": 0.9199, "car_lcLookaheadLeft": 23.5867, "car_lcPushy": 0.8845, "car_lcSigma": 0.1633, "car_lcSpeedGainRight": 0.3122, "car_lcSublane": 0.5878, "car_sigma": 0.4681, "car_tau_mean": 0.9203, "car_tau_std": 9.824, "car_v_mean": 15.3285, "car_v_std": 0.0195}, "datetime": {"datetime": "2024-08-10 14:58:59", "elapsed": 8589.81827, "delta": 4.348763}}
{"target": -0.3453555853763895, "params": {"bus_acc": 1.7353, "bus_dcc": 3.5688, "bus_lcAssertive": 47.27, "bus_lcCooperative": 0.0431, "bus_lcLookaheadLeft": 71.884, "bus_lcPushy": 0.0477, "bus_lcSigma": 0.2998, "bus_lcSpeedGainRight": 1.747, "bus_lcSublane": 0.7567, "bus_sigma": 0.9161, "bus_tau_mean": 3.9585, "bus_tau_std": 1.8688, "bus_v_mean": 16.5286, "bus_v_std": 9.1205, "car_acc": 2.6693, "car_dcc": 1.6088, "car_lcAssertive": 49.3561, "car_lcCooperative": 0.1258, "car_lcLookaheadLeft": 53.4297, "car_lcPushy": 0.1886, "car_lcSigma": 0.5865, "car_lcSpeedGainRight": 2.8565, "car_lcSublane": 0.8654, "car_sigma": 0.5636, "car_tau_mean": 2.8314, "car_tau_std": 4.0999, "car_v_mean": 9.7358, "car_v_std": 15.2575}, "datetime": {"datetime": "2024-08-10 14:59:13", "elapsed": 8603.518541, "delta": 13.700271}}
{"target": -0.37646003562753844, "params": {"bus_acc": 0.7843, "bus_dcc": 3.6674, "bus_lcAssertive": 11.2461, "bus_lcCooperative": 0.9954, "bus_lcLookaheadLeft": 65.5277, "bus_lcPushy": 0.4601, "bus_lcSigma": 0.4267, "bus_lcSpeedGainRight": 3.6034, "bus_lcSublane": 0.8716, "bus_sigma": 0.908, "bus_tau_mean": 3.2567, "bus_tau_std": 6.3388, "bus_v_mean": 24.8883, "bus_v_std": 18.6527, "car_acc": 1.2034, "car_dcc": 3.5935, "car_lcAssertive": 90.6947, "car_lcCooperative": 0.2735, "car_lcLookaheadLeft": 97.3724, "car_lcPushy": 0.8537, "car_lcSigma": 0.7504, "car_lcSpeedGainRight": 4.0087, "car_lcSublane": 0.0046, "car_sigma": 0.5741, "car_tau_mean": 0.6407, "car_tau_std": 6.0002, "car_v_mean": 14.8417, "car_v_std": 0.6637}, "datetime": {"datetime": "2024-08-10 14:59:19", "elapsed": 8609.806496, "delta": 6.287955}}
{"target": -0.321198355249475, "params": {"bus_acc": 2.5764, "bus_dcc": 3.2865, "bus_lcAssertive": 10.6638, "bus_lcCooperative": 0.6807, "bus_lcLookaheadLeft": 99.8695, "bus_lcPushy": 0.0108, "bus_lcSigma": 0.7576, "bus_lcSpeedGainRight": 0.6411, "bus_lcSublane": 0.4675, "bus_sigma": 0.7794, "bus_tau_mean": 0.6883, "bus_tau_std": 6.5714, "bus_v_mean": 12.5548, "bus_v_std": 19.7042, "car_acc": 2.6715, "car_dcc": 1.2452, "car_lcAssertive": 95.4691, "car_lcCooperative": 0.7871, "car_lcLookaheadLeft": 27.7625, "car_lcPushy": 0.6904, "car_lcSigma": 0.819, "car_lcSpeedGainRight": 2.2887, "car_lcSublane": 0.0432, "car_sigma": 0.442, "car_tau_mean": 0.8157, "car_tau_std": 2.7326, "car_v_mean": 9.2767, "car_v_std": 11.9459}, "datetime": {"datetime": "2024-08-10 14:59:25", "elapsed": 8615.330877, "delta": 5.524381}}
{"target": -0.36127901595628487, "params": {"bus_acc": 3.8177, "bus_dcc": 1.6029, "bus_lcAssertive": 64.2146, "bus_lcCooperative": 0.0562, "bus_lcLookaheadLeft": 39.9793, "bus_lcPushy": 0.3308, "bus_lcSigma": 0.3134, "bus_lcSpeedGainRight": 4.5628, "bus_lcSublane": 0.4212, "bus_sigma": 0.4566, "bus_tau_mean": 1.5871, "bus_tau_std": 6.6278, "bus_v_mean": 8.7998, "bus_v_std": 14.6577, "car_acc": 0.9505, "car_dcc": 1.1309, "car_lcAssertive": 27.3443, "car_lcCooperative": 0.5446, "car_lcLookaheadLeft": 73.3999, "car_lcPushy": 0.1481, "car_lcSigma": 0.6323, "car_lcSpeedGainRight": 4.3226, "car_lcSublane": 0.1545, "car_sigma": 0.4006, "car_tau_mean": 0.5003, "car_tau_std": 2.3488, "car_v_mean": 20.414, "car_v_std": 11.1398}, "datetime": {"datetime": "2024-08-10 14:59:29", "elapsed": 8619.613329, "delta": 4.282452}}
{"target": -0.31779426670145783, "params": {"bus_acc": 3.0911, "bus_dcc": 2.7439, "bus_lcAssertive": 58.2267, "bus_lcCooperative": 0.9384, "bus_lcLookaheadLeft": 13.8187, "bus_lcPushy": 0.3096, "bus_lcSigma": 0.8091, "bus_lcSpeedGainRight": 4.1003, "bus_lcSublane": 0.2161, "bus_sigma": 0.137, "bus_tau_mean": 1.1532, "bus_tau_std": 1.1726, "bus_v_mean": 16.5024, "bus_v_std": 11.8859, "car_acc": 3.4452, "car_dcc": 1.4671, "car_lcAssertive": 67.9339, "car_lcCooperative": 0.4428, "car_lcLookaheadLeft": 79.2646, "car_lcPushy": 0.3944, "car_lcSigma": 0.1267, "car_lcSpeedGainRight": 0.519, "car_lcSublane": 0.2433, "car_sigma": 0.536, "car_tau_mean": 0.8959, "car_tau_std": 7.0377, "car_v_mean": 25.9029, "car_v_std": 15.4217}, "datetime": {"datetime": "2024-08-10 14:59:35", "elapsed": 8625.793325, "delta": 6.179996}}
{"target": -0.35944300005651747, "params": {"bus_acc": 3.1188, "bus_dcc": 2.7634, "bus_lcAssertive": 5.1818, "bus_lcCooperative": 0.8715, "bus_lcLookaheadLeft": 13.6496, "bus_lcPushy": 0.3679, "bus_lcSigma": 0.8718, "bus_lcSpeedGainRight": 0.3289, "bus_lcSublane": 0.5536, "bus_sigma": 0.1193, "bus_tau_mean": 2.9103, "bus_tau_std": 6.7412, "bus_v_mean": 10.3721, "bus_v_std": 14.8587, "car_acc": 0.6649, "car_dcc": 0.9832, "car_lcAssertive": 68.6638, "car_lcCooperative": 0.4305, "car_lcLookaheadLeft": 91.2125, "car_lcPushy": 0.6849, "car_lcSigma": 0.7483, "car_lcSpeedGainRight": 1.4605, "car_lcSublane": 0.502, "car_sigma": 0.1182, "car_tau_mean": 1.7625, "car_tau_std": 6.2352, "car_v_mean": 25.3558, "car_v_std": 1.5433}, "datetime": {"datetime": "2024-08-10 14:59:41", "elapsed": 8631.478078, "delta": 5.684753}}
{"target": -0.2930960492663434, "params": {"bus_acc": 3.1353, "bus_dcc": 0.8447, "bus_lcAssertive": 41.6796, "bus_lcCooperative": 0.7164, "bus_lcLookaheadLeft": 96.9212, "bus_lcPushy": 0.9698, "bus_lcSigma": 0.5307, "bus_lcSpeedGainRight": 1.4335, "bus_lcSublane": 0.3904, "bus_sigma": 0.2497, "bus_tau_mean": 3.636, "bus_tau_std": 7.8226, "bus_v_mean": 21.9975, "bus_v_std": 5.023, "car_acc": 2.3892, "car_dcc": 0.3827, "car_lcAssertive": 43.3059, "car_lcCooperative": 0.8547, "car_lcLookaheadLeft": 65.6787, "car_lcPushy": 0.5873, "car_lcSigma": 0.1627, "car_lcSpeedGainRight": 2.1266, "car_lcSublane": 0.2908, "car_sigma": 0.0592, "car_tau_mean": 2.0519, "car_tau_std": 7.985, "car_v_mean": 10.9403, "car_v_std": 13.5193}, "datetime": {"datetime": "2024-08-10 14:59:45", "elapsed": 8635.92971, "delta": 4.451632}}
{"target": -0.3242281537448175, "params": {"bus_acc": 1.5916, "bus_dcc": 2.6549, "bus_lcAssertive": 52.8176, "bus_lcCooperative": 0.4573, "bus_lcLookaheadLeft": 45.1476, "bus_lcPushy": 0.6967, "bus_lcSigma": 0.0308, "bus_lcSpeedGainRight": 2.6022, "bus_lcSublane": 0.623, "bus_sigma": 0.356, "bus_tau_mean": 1.6219, "bus_tau_std": 4.0392, "bus_v_mean": 16.7991, "bus_v_std": 16.5991, "car_acc": 0.8301, "car_dcc": 0.3049, "car_lcAssertive": 13.8154, "car_lcCooperative": 0.8532, "car_lcLookaheadLeft": 40.0291, "car_lcPushy": 0.0329, "car_lcSigma": 0.2193, "car_lcSpeedGainRight": 4.7852, "car_lcSublane": 0.0417, "car_sigma": 0.4912, "car_tau_mean": 2.1259, "car_tau_std": 8.9731, "car_v_mean": 25.5205, "car_v_std": 5.6881}, "datetime": {"datetime": "2024-08-10 14:59:56", "elapsed": 8646.917597, "delta": 10.987887}}
{"target": -0.2930288681291237, "params": {"bus_acc": 3.3443, "bus_dcc": 1.8243, "bus_lcAssertive": 22.1457, "bus_lcCooperative": 0.2805, "bus_lcLookaheadLeft": 90.3733, "bus_lcPushy": 0.4921, "bus_lcSigma": 0.2241, "bus_lcSpeedGainRight": 4.179, "bus_lcSublane": 0.0761, "bus_sigma": 0.1368, "bus_tau_mean": 2.2823, "bus_tau_std": 4.1174, "bus_v_mean": 22.0934, "bus_v_std": 17.2146, "car_acc": 2.4022, "car_dcc": 1.2831, "car_lcAssertive": 31.1338, "car_lcCooperative": 0.7225, "car_lcLookaheadLeft": 74.3267, "car_lcPushy": 0.6449, "car_lcSigma": 0.3268, "car_lcSpeedGainRight": 4.2429, "car_lcSublane": 0.6394, "car_sigma": 0.2615, "car_tau_mean": 2.8917, "car_tau_std": 1.2453, "car_v_mean": 23.1159, "car_v_std": 12.012}, "datetime": {"datetime": "2024-08-10 15:00:01", "elapsed": 8651.476712, "delta": 4.559115}}
