{"target": -0.3243207849401423, "params": {"bus_acc": 0.5109, "bus_dcc": 2.2158, "bus_lcAssertive": 21.946, "bus_lcCooperative": 0.9624, "bus_lcLookaheadLeft": 60.4426, "bus_lcPushy": 0.285, "bus_lcSigma": 0.5378, "bus_lcSpeedGainRight": 3.9248, "bus_lcSublane": 0.4637, "bus_sigma": 0.8572, "bus_tau_mean": 0.9461, "bus_tau_std": 0.9563, "bus_v_mean": 23.8202, "bus_v_std": 8.5854, "car_acc": 2.5294, "car_dcc": 2.7717, "car_lcAssertive": 55.9763, "car_lcCooperative": 0.2802, "car_lcLookaheadLeft": 72.8865, "car_lcPushy": 0.5999, "car_lcSigma": 0.8048, "car_lcSpeedGainRight": 3.8672, "car_lcSublane": 0.6666, "car_sigma": 0.1776, "car_tau_mean": 3.9465, "car_tau_std": 0.5049, "car_v_mean": 11.4163, "car_v_std": 2.2454}, "datetime": {"datetime": "2024-08-10 15:49:05", "elapsed": 11595.901879, "delta": 11.028802}}
{"target": -0.2883492668384641, "params": {"bus_acc": 0.7138, "bus_dcc": 1.4225, "bus_lcAssertive": 66.6925, "bus_lcCooperative": 0.3476, "bus_lcLookaheadLeft": 3.6477, "bus_lcPushy": 0.3834, "bus_lcSigma": 0.0636, "bus_lcSpeedGainRight": 4.8228, "bus_lcSublane": 0.0473, "bus_sigma": 0.9107, "bus_tau_mean": 0.7328, "bus_tau_std": 0.6271, "bus_v_mean": 17.6233, "bus_v_std": 18.7454, "car_acc": 2.3513, "car_dcc": 1.0313, "car_lcAssertive": 27.7532, "car_lcCooperative": 0.0557, "car_lcLookaheadLeft": 60.3663, "car_lcPushy": 0.9535, "car_lcSigma": 0.1456, "car_lcSpeedGainRight": 3.365, "car_lcSublane": 0.9828, "car_sigma": 0.6497, "car_tau_mean": 1.8543, "car_tau_std": 2.2935, "car_v_mean": 14.1363, "car_v_std": 10.9014}, "datetime": {"datetime": "2024-08-10 15:49:23", "elapsed": 11613.317907, "delta": 17.416028}}
{"target": -0.30918172600265476, "params": {"bus_acc": 1.7436, "bus_dcc": 0.9646, "bus_lcAssertive": 86.2692, "bus_lcCooperative": 0.9747, "bus_lcLookaheadLeft": 35.5367, "bus_lcPushy": 0.6089, "bus_lcSigma": 0.7434, "bus_lcSpeedGainRight": 3.2373, "bus_lcSublane": 0.1941, "bus_sigma": 0.4954, "bus_tau_mean": 3.2985, "bus_tau_std": 8.2836, "bus_v_mean": 23.5037, "bus_v_std": 0.8315, "car_acc": 2.9911, "car_dcc": 1.6328, "car_lcAssertive": 48.0556, "car_lcCooperative": 0.6456, "car_lcLookaheadLeft": 65.396, "car_lcPushy": 0.7619, "car_lcSigma": 0.8432, "car_lcSpeedGainRight": 3.8764, "car_lcSublane": 0.8276, "car_sigma": 0.8052, "car_tau_mean": 1.7443, "car_tau_std": 1.9617, "car_v_mean": 16.6729, "car_v_std": 10.774}, "datetime": {"datetime": "2024-08-10 15:49:35", "elapsed": 11625.522521, "delta": 12.204614}}
{"target": -0.48512879464471254, "params": {"bus_acc": 0.2566, "bus_dcc": 3.2448, "bus_lcAssertive": 95.9776, "bus_lcCooperative": 0.2336, "bus_lcLookaheadLeft": 85.0963, "bus_lcPushy": 0.7429, "bus_lcSigma": 0.8199, "bus_lcSpeedGainRight": 3.4969, "bus_lcSublane": 0.9512, "bus_sigma": 0.1266, "bus_tau_mean": 1.3194, "bus_tau_std": 5.5653, "bus_v_mean": 8.1852, "bus_v_std": 8.9956, "car_acc": 1.2123, "car_dcc": 1.3529, "car_lcAssertive": 42.6873, "car_lcCooperative": 0.5669, "car_lcLookaheadLeft": 24.2767, "car_lcPushy": 0.7354, "car_lcSigma": 0.7807, "car_lcSpeedGainRight": 2.1725, "car_lcSublane": 0.0747, "car_sigma": 0.5181, "car_tau_mean": 2.0344, "car_tau_std": 7.7162, "car_v_mean": 12.5701, "car_v_std": 19.404}, "datetime": {"datetime": "2024-08-10 15:49:44", "elapsed": 11634.429728, "delta": 8.907207}}
{"target": -0.45231347868030136, "params": {"bus_acc": 0.4274, "bus_dcc": 1.1374, "bus_lcAssertive": 40.2733, "bus_lcCooperative": 0.6369, "bus_lcLookaheadLeft": 73.4122, "bus_lcPushy": 0.0711, "bus_lcSigma": 0.6432, "bus_lcSpeedGainRight": 0.3712, "bus_lcSublane": 0.4311, "bus_sigma": 0.3121, "bus_tau_mean": 3.7836, "bus_tau_std": 1.7135, "bus_v_mean": 15.2756, "bus_v_std": 15.2399, "car_acc": 1.0796, "car_dcc": 3.0175, "car_lcAssertive": 58.8624, "car_lcCooperative": 0.51, "car_lcLookaheadLeft": 39.2717, "car_lcPushy": 0.9965, "car_lcSigma": 0.3462, "car_lcSpeedGainRight": 0.2942, "car_lcSublane": 0.2884, "car_sigma": 0.3335, "car_tau_mean": 2.7544, "car_tau_std": 8.5482, "car_v_mean": 15.5523, "car_v_std": 8.8757}, "datetime": {"datetime": "2024-08-10 15:49:50", "elapsed": 11640.748985, "delta": 6.319257}}
{"target": -0.3766229924372255, "params": {"bus_acc": 2.2729, "bus_dcc": 1.2462, "bus_lcAssertive": 3.2859, "bus_lcCooperative": 0.8589, "bus_lcLookaheadLeft": 86.2455, "bus_lcPushy": 0.1435, "bus_lcSigma": 0.188, "bus_lcSpeedGainRight": 2.9283, "bus_lcSublane": 0.8966, "bus_sigma": 0.9575, "bus_tau_mean": 2.522, "bus_tau_std": 9.3692, "bus_v_mean": 21.8403, "bus_v_std": 0.7777, "car_acc": 2.4674, "car_dcc": 3.4275, "car_lcAssertive": 92.6236, "car_lcCooperative": 0.0094, "car_lcLookaheadLeft": 22.3543, "car_lcPushy": 0.5952, "car_lcSigma": 0.9792, "car_lcSpeedGainRight": 3.6007, "car_lcSublane": 0.9947, "car_sigma": 0.256, "car_tau_mean": 2.8969, "car_tau_std": 7.5776, "car_v_mean": 21.7528, "car_v_std": 6.112}, "datetime": {"datetime": "2024-08-10 15:50:00", "elapsed": 11650.577212, "delta": 9.828227}}
{"target": -0.3034442821398232, "params": {"bus_acc": 1.9492, "bus_dcc": 2.3576, "bus_lcAssertive": 16.7108, "bus_lcCooperative": 0.5535, "bus_lcLookaheadLeft": 54.7952, "bus_lcPushy": 0.2, "bus_lcSigma": 0.5138, "bus_lcSpeedGainRight": 2.1233, "bus_lcSublane": 0.0618, "bus_sigma": 0.2747, "bus_tau_mean": 3.6603, "bus_tau_std": 5.0707, "bus_v_mean": 19.1296, "bus_v_std": 13.37, "car_acc": 3.143, "car_dcc": 1.2265, "car_lcAssertive": 39.7907, "car_lcCooperative": 0.993, "car_lcLookaheadLeft": 75.339, "car_lcPushy": 0.4795, "car_lcSigma": 0.8395, "car_lcSpeedGainRight": 4.0237, "car_lcSublane": 0.1557, "car_sigma": 0.9196, "car_tau_mean": 2.6153, "car_tau_std": 2.3809, "car_v_mean": 21.8132, "car_v_std": 15.5169}, "datetime": {"datetime": "2024-08-10 15:50:09", "elapsed": 11659.319795, "delta": 8.742583}}
{"target": -0.3471681456664182, "params": {"bus_acc": 2.8195, "bus_dcc": 1.6066, "bus_lcAssertive": 66.4585, "bus_lcCooperative": 0.0466, "bus_lcLookaheadLeft": 63.6435, "bus_lcPushy": 0.2082, "bus_lcSigma": 0.5845, "bus_lcSpeedGainRight": 2.414, "bus_lcSublane": 0.1657, "bus_sigma": 0.5592, "bus_tau_mean": 3.0254, "bus_tau_std": 5.7597, "bus_v_mean": 15.37, "bus_v_std": 13.9175, "car_acc": 1.6581, "car_dcc": 3.5472, "car_lcAssertive": 76.6309, "car_lcCooperative": 0.7453, "car_lcLookaheadLeft": 49.6678, "car_lcPushy": 0.8443, "car_lcSigma": 0.2671, "car_lcSpeedGainRight": 4.4714, "car_lcSublane": 0.7152, "car_sigma": 0.9746, "car_tau_mean": 2.5394, "car_tau_std": 5.1951, "car_v_mean": 19.8375, "car_v_std": 8.021}, "datetime": {"datetime": "2024-08-10 15:50:21", "elapsed": 11671.508713, "delta": 12.188918}}
{"target": -0.4142101127399873, "params": {"bus_acc": 2.4836, "bus_dcc": 3.7216, "bus_lcAssertive": 88.9671, "bus_lcCooperative": 0.8798, "bus_lcLookaheadLeft": 64.9348, "bus_lcPushy": 0.0047, "bus_lcSigma": 0.3982, "bus_lcSpeedGainRight": 1.7433, "bus_lcSublane": 0.9923, "bus_sigma": 0.3615, "bus_tau_mean": 3.2528, "bus_tau_std": 1.4704, "bus_v_mean": 16.1457, "bus_v_std": 9.8947, "car_acc": 0.8858, "car_dcc": 1.6153, "car_lcAssertive": 43.1369, "car_lcCooperative": 0.0401, "car_lcLookaheadLeft": 11.6673, "car_lcPushy": 0.2472, "car_lcSigma": 0.6144, "car_lcSpeedGainRight": 0.6166, "car_lcSublane": 0.0197, "car_sigma": 0.6738, "car_tau_mean": 2.6229, "car_tau_std": 1.6561, "car_v_mean": 10.8919, "car_v_std": 15.085}, "datetime": {"datetime": "2024-08-10 15:50:27", "elapsed": 11677.500349, "delta": 5.991636}}
{"target": -0.40275792338570743, "params": {"bus_acc": 3.3817, "bus_dcc": 1.3967, "bus_lcAssertive": 77.455, "bus_lcCooperative": 0.6241, "bus_lcLookaheadLeft": 54.1493, "bus_lcPushy": 0.5756, "bus_lcSigma": 0.4773, "bus_lcSpeedGainRight": 4.5036, "bus_lcSublane": 0.4968, "bus_sigma": 0.4755, "bus_tau_mean": 0.9313, "bus_tau_std": 1.6047, "bus_v_mean": 18.5988, "bus_v_std": 0.9063, "car_acc": 2.3544, "car_dcc": 1.6802, "car_lcAssertive": 38.3222, "car_lcCooperative": 0.5265, "car_lcLookaheadLeft": 33.6043, "car_lcPushy": 0.6224, "car_lcSigma": 0.542, "car_lcSpeedGainRight": 4.6993, "car_lcSublane": 0.0659, "car_sigma": 0.2105, "car_tau_mean": 3.0644, "car_tau_std": 4.0085, "car_v_mean": 20.2215, "car_v_std": 2.939}, "datetime": {"datetime": "2024-08-10 15:50:36", "elapsed": 11686.90123, "delta": 9.400881}}
{"target": -0.35800780351431194, "params": {"bus_acc": 2.5922, "bus_dcc": 3.409, "bus_lcAssertive": 73.3356, "bus_lcCooperative": 0.66, "bus_lcLookaheadLeft": 20.8638, "bus_lcPushy": 0.0764, "bus_lcSigma": 0.4922, "bus_lcSpeedGainRight": 3.1842, "bus_lcSublane": 0.3162, "bus_sigma": 0.5306, "bus_tau_mean": 3.7445, "bus_tau_std": 0.9468, "bus_v_mean": 19.8653, "bus_v_std": 4.8741, "car_acc": 2.1733, "car_dcc": 1.7566, "car_lcAssertive": 98.0906, "car_lcCooperative": 0.4768, "car_lcLookaheadLeft": 26.7431, "car_lcPushy": 0.5695, "car_lcSigma": 0.9895, "car_lcSpeedGainRight": 3.484, "car_lcSublane": 0.0206, "car_sigma": 0.7164, "car_tau_mean": 2.9534, "car_tau_std": 4.6011, "car_v_mean": 24.8188, "car_v_std": 12.5664}, "datetime": {"datetime": "2024-08-10 15:50:49", "elapsed": 11699.690559, "delta": 12.789329}}
{"target": -0.28573026705840804, "params": {"bus_acc": 0.6233, "bus_dcc": 1.2445, "bus_lcAssertive": 69.6785, "bus_lcCooperative": 0.5967, "bus_lcLookaheadLeft": 36.3883, "bus_lcPushy": 0.6779, "bus_lcSigma": 0.2773, "bus_lcSpeedGainRight": 3.2963, "bus_lcSublane": 0.5915, "bus_sigma": 0.5987, "bus_tau_mean": 2.9398, "bus_tau_std": 3.5162, "bus_v_mean": 24.9024, "bus_v_std": 18.7312, "car_acc": 3.8888, "car_dcc": 2.5264, "car_lcAssertive": 32.6631, "car_lcCooperative": 0.505, "car_lcLookaheadLeft": 13.0119, "car_lcPushy": 0.9388, "car_lcSigma": 0.7797, "car_lcSpeedGainRight": 0.8559, "car_lcSublane": 0.0649, "car_sigma": 0.976, "car_tau_mean": 1.0095, "car_tau_std": 4.2245, "car_v_mean": 21.3229, "car_v_std": 19.0543}, "datetime": {"datetime": "2024-08-10 15:51:01", "elapsed": 11711.48679, "delta": 11.796231}}
{"target": -0.44824296563519495, "params": {"bus_acc": 2.7334, "bus_dcc": 2.141, "bus_lcAssertive": 11.2469, "bus_lcCooperative": 0.2512, "bus_lcLookaheadLeft": 50.9312, "bus_lcPushy": 0.7446, "bus_lcSigma": 0.716, "bus_lcSpeedGainRight": 1.9162, "bus_lcSublane": 0.0173, "bus_sigma": 0.3917, "bus_tau_mean": 3.5033, "bus_tau_std": 9.5559, "bus_v_mean": 13.035, "bus_v_std": 17.337, "car_acc": 0.9605, "car_dcc": 3.6816, "car_lcAssertive": 53.6011, "car_lcCooperative": 0.2324, "car_lcLookaheadLeft": 55.1265, "car_lcPushy": 0.6382, "car_lcSigma": 0.0873, "car_lcSpeedGainRight": 3.1032, "car_lcSublane": 0.9542, "car_sigma": 0.657, "car_tau_mean": 3.4484, "car_tau_std": 1.985, "car_v_mean": 19.8769, "car_v_std": 7.5768}, "datetime": {"datetime": "2024-08-10 15:51:07", "elapsed": 11717.334014, "delta": 5.847224}}
{"target": -0.30952519188087996, "params": {"bus_acc": 1.8621, "bus_dcc": 1.0093, "bus_lcAssertive": 17.4597, "bus_lcCooperative": 0.8323, "bus_lcLookaheadLeft": 20.5162, "bus_lcPushy": 0.7177, "bus_lcSigma": 0.1047, "bus_lcSpeedGainRight": 0.9715, "bus_lcSublane": 0.1408, "bus_sigma": 0.9361, "bus_tau_mean": 2.6637, "bus_tau_std": 1.3059, "bus_v_mean": 17.7453, "bus_v_std": 1.0517, "car_acc": 3.7863, "car_dcc": 1.3296, "car_lcAssertive": 28.1867, "car_lcCooperative": 0.1408, "car_lcLookaheadLeft": 49.6695, "car_lcPushy": 0.2116, "car_lcSigma": 0.2283, "car_lcSpeedGainRight": 2.3106, "car_lcSublane": 0.4324, "car_sigma": 0.4356, "car_tau_mean": 3.8235, "car_tau_std": 2.8159, "car_v_mean": 9.5612, "car_v_std": 19.7778}, "datetime": {"datetime": "2024-08-10 15:51:18", "elapsed": 11728.679787, "delta": 11.345773}}
{"target": -0.6070229705677407, "params": {"bus_acc": 3.316, "bus_dcc": 0.7515, "bus_lcAssertive": 87.8743, "bus_lcCooperative": 0.1188, "bus_lcLookaheadLeft": 73.6635, "bus_lcPushy": 0.0393, "bus_lcSigma": 0.9412, "bus_lcSpeedGainRight": 0.3115, "bus_lcSublane": 0.3495, "bus_sigma": 0.9669, "bus_tau_mean": 2.0674, "bus_tau_std": 7.7245, "bus_v_mean": 21.3204, "bus_v_std": 16.3172, "car_acc": 0.5691, "car_dcc": 1.8309, "car_lcAssertive": 89.7505, "car_lcCooperative": 0.5518, "car_lcLookaheadLeft": 26.018, "car_lcPushy": 0.0345, "car_lcSigma": 0.0875, "car_lcSpeedGainRight": 1.1755, "car_lcSublane": 0.9274, "car_sigma": 0.3504, "car_tau_mean": 2.1382, "car_tau_std": 0.455, "car_v_mean": 13.445, "car_v_std": 13.1997}, "datetime": {"datetime": "2024-08-10 15:51:27", "elapsed": 11737.16925, "delta": 8.489463}}
{"target": -0.41105470900623536, "params": {"bus_acc": 3.8915, "bus_dcc": 0.8312, "bus_lcAssertive": 63.7246, "bus_lcCooperative": 0.2867, "bus_lcLookaheadLeft": 33.7371, "bus_lcPushy": 0.6323, "bus_lcSigma": 0.7899, "bus_lcSpeedGainRight": 2.2773, "bus_lcSublane": 0.0553, "bus_sigma": 0.1173, "bus_tau_mean": 2.7676, "bus_tau_std": 1.1341, "bus_v_mean": 19.1247, "bus_v_std": 4.9731, "car_acc": 2.1242, "car_dcc": 2.3465, "car_lcAssertive": 8.3491, "car_lcCooperative": 0.4565, "car_lcLookaheadLeft": 17.4015, "car_lcPushy": 0.1432, "car_lcSigma": 0.1446, "car_lcSpeedGainRight": 3.9555, "car_lcSublane": 0.28, "car_sigma": 0.0031, "car_tau_mean": 1.8847, "car_tau_std": 7.4271, "car_v_mean": 8.4877, "car_v_std": 3.3643}, "datetime": {"datetime": "2024-08-10 15:51:32", "elapsed": 11743.047378, "delta": 5.878128}}
{"target": -0.3538293204891662, "params": {"bus_acc": 3.8423, "bus_dcc": 2.1063, "bus_lcAssertive": 58.4125, "bus_lcCooperative": 0.4333, "bus_lcLookaheadLeft": 94.7863, "bus_lcPushy": 0.1988, "bus_lcSigma": 0.2869, "bus_lcSpeedGainRight": 2.3215, "bus_lcSublane": 0.6117, "bus_sigma": 0.7117, "bus_tau_mean": 1.3757, "bus_tau_std": 1.035, "bus_v_mean": 12.0663, "bus_v_std": 17.935, "car_acc": 2.8648, "car_dcc": 0.4554, "car_lcAssertive": 55.5851, "car_lcCooperative": 0.2917, "car_lcLookaheadLeft": 50.1191, "car_lcPushy": 0.7694, "car_lcSigma": 0.5178, "car_lcSpeedGainRight": 1.9055, "car_lcSublane": 0.2826, "car_sigma": 0.4462, "car_tau_mean": 2.9809, "car_tau_std": 1.3245, "car_v_mean": 24.9488, "car_v_std": 4.0556}, "datetime": {"datetime": "2024-08-10 15:51:42", "elapsed": 11752.542998, "delta": 9.49562}}
{"target": -0.7108222578530828, "params": {"bus_acc": 2.3512, "bus_dcc": 3.6208, "bus_lcAssertive": 19.5534, "bus_lcCooperative": 0.7741, "bus_lcLookaheadLeft": 8.8783, "bus_lcPushy": 0.3262, "bus_lcSigma": 0.096, "bus_lcSpeedGainRight": 0.1566, "bus_lcSublane": 0.7535, "bus_sigma": 0.0716, "bus_tau_mean": 3.7163, "bus_tau_std": 9.4802, "bus_v_mean": 18.5673, "bus_v_std": 13.6617, "car_acc": 0.2861, "car_dcc": 3.7494, "car_lcAssertive": 34.7327, "car_lcCooperative": 0.4526, "car_lcLookaheadLeft": 52.9275, "car_lcPushy": 0.5145, "car_lcSigma": 0.991, "car_lcSpeedGainRight": 4.5594, "car_lcSublane": 0.1146, "car_sigma": 0.6468, "car_tau_mean": 3.2914, "car_tau_std": 2.0384, "car_v_mean": 23.2168, "car_v_std": 10.2809}, "datetime": {"datetime": "2024-08-10 15:51:50", "elapsed": 11760.923009, "delta": 8.380011}}
{"target": -0.3999264349517182, "params": {"bus_acc": 2.614, "bus_dcc": 2.3924, "bus_lcAssertive": 88.5299, "bus_lcCooperative": 0.9938, "bus_lcLookaheadLeft": 12.0316, "bus_lcPushy": 0.9629, "bus_lcSigma": 0.998, "bus_lcSpeedGainRight": 0.1693, "bus_lcSublane": 0.1915, "bus_sigma": 0.3961, "bus_tau_mean": 3.2289, "bus_tau_std": 8.9633, "bus_v_mean": 22.0924, "bus_v_std": 2.5103, "car_acc": 0.7424, "car_dcc": 2.0829, "car_lcAssertive": 97.08, "car_lcCooperative": 0.2822, "car_lcLookaheadLeft": 39.0563, "car_lcPushy": 0.5794, "car_lcSigma": 0.6182, "car_lcSpeedGainRight": 1.728, "car_lcSublane": 0.0012, "car_sigma": 0.2538, "car_tau_mean": 2.407, "car_tau_std": 3.4947, "car_v_mean": 11.907, "car_v_std": 0.7802}, "datetime": {"datetime": "2024-08-10 15:52:00", "elapsed": 11770.430013, "delta": 9.507004}}
{"target": -0.33539836115099964, "params": {"bus_acc": 1.6377, "bus_dcc": 1.1229, "bus_lcAssertive": 1.1303, "bus_lcCooperative": 0.7563, "bus_lcLookaheadLeft": 36.4972, "bus_lcPushy": 0.4974, "bus_lcSigma": 0.6734, "bus_lcSpeedGainRight": 0.8261, "bus_lcSublane": 0.7206, "bus_sigma": 0.2241, "bus_tau_mean": 2.4963, "bus_tau_std": 2.6636, "bus_v_mean": 25.3893, "bus_v_std": 13.0418, "car_acc": 2.766, "car_dcc": 2.4443, "car_lcAssertive": 64.949, "car_lcCooperative": 0.8401, "car_lcLookaheadLeft": 47.0819, "car_lcPushy": 0.9768, "car_lcSigma": 0.5764, "car_lcSpeedGainRight": 2.8406, "car_lcSublane": 0.0858, "car_sigma": 0.8743, "car_tau_mean": 3.7961, "car_tau_std": 9.7629, "car_v_mean": 19.0093, "car_v_std": 17.6398}, "datetime": {"datetime": "2024-08-10 15:52:14", "elapsed": 11784.996054, "delta": 14.566041}}
{"target": -0.41122905406993987, "params": {"bus_acc": 1.6716, "bus_dcc": 2.4564, "bus_lcAssertive": 70.4273, "bus_lcCooperative": 0.2018, "bus_lcLookaheadLeft": 2.8776, "bus_lcPushy": 0.0672, "bus_lcSigma": 0.6706, "bus_lcSpeedGainRight": 4.5365, "bus_lcSublane": 0.9575, "bus_sigma": 0.1212, "bus_tau_mean": 1.1249, "bus_tau_std": 6.7532, "bus_v_mean": 16.5881, "bus_v_std": 18.3855, "car_acc": 0.6044, "car_dcc": 3.67, "car_lcAssertive": 81.9726, "car_lcCooperative": 0.5108, "car_lcLookaheadLeft": 2.4565, "car_lcPushy": 0.9922, "car_lcSigma": 0.8628, "car_lcSpeedGainRight": 3.2799, "car_lcSublane": 0.6939, "car_sigma": 0.5271, "car_tau_mean": 0.5199, "car_tau_std": 8.2772, "car_v_mean": 13.7588, "car_v_std": 16.8409}, "datetime": {"datetime": "2024-08-10 15:52:21", "elapsed": 11791.908968, "delta": 6.912914}}
{"target": -0.3190474574291517, "params": {"bus_acc": 3.4838, "bus_dcc": 2.0732, "bus_lcAssertive": 59.2929, "bus_lcCooperative": 0.7695, "bus_lcLookaheadLeft": 33.0138, "bus_lcPushy": 0.6136, "bus_lcSigma": 0.8632, "bus_lcSpeedGainRight": 2.7421, "bus_lcSublane": 0.5703, "bus_sigma": 0.9849, "bus_tau_mean": 1.8748, "bus_tau_std": 4.4908, "bus_v_mean": 23.192, "bus_v_std": 9.2415, "car_acc": 1.8452, "car_dcc": 2.5822, "car_lcAssertive": 27.1401, "car_lcCooperative": 0.9393, "car_lcLookaheadLeft": 90.6755, "car_lcPushy": 0.9402, "car_lcSigma": 0.8975, "car_lcSpeedGainRight": 4.3877, "car_lcSublane": 0.6737, "car_sigma": 0.3878, "car_tau_mean": 3.304, "car_tau_std": 0.9153, "car_v_mean": 8.2937, "car_v_std": 10.241}, "datetime": {"datetime": "2024-08-10 15:52:27", "elapsed": 11797.875781, "delta": 5.966813}}
{"target": -0.4104333315608742, "params": {"bus_acc": 1.642, "bus_dcc": 3.1892, "bus_lcAssertive": 34.1442, "bus_lcCooperative": 0.9703, "bus_lcLookaheadLeft": 39.9239, "bus_lcPushy": 0.3854, "bus_lcSigma": 0.1304, "bus_lcSpeedGainRight": 1.5567, "bus_lcSublane": 0.9589, "bus_sigma": 0.0499, "bus_tau_mean": 0.5815, "bus_tau_std": 8.0712, "bus_v_mean": 22.8269, "bus_v_std": 5.5723, "car_acc": 3.2929, "car_dcc": 2.9721, "car_lcAssertive": 69.8357, "car_lcCooperative": 0.4218, "car_lcLookaheadLeft": 60.5299, "car_lcPushy": 0.1126, "car_lcSigma": 0.0028, "car_lcSpeedGainRight": 0.7894, "car_lcSublane": 0.3533, "car_sigma": 0.8383, "car_tau_mean": 0.6767, "car_tau_std": 0.7572, "car_v_mean": 23.2791, "car_v_std": 16.787}, "datetime": {"datetime": "2024-08-10 15:52:34", "elapsed": 11804.536038, "delta": 6.660257}}
{"target": -0.3733546124003873, "params": {"bus_acc": 3.8317, "bus_dcc": 3.4249, "bus_lcAssertive": 3.5137, "bus_lcCooperative": 0.6263, "bus_lcLookaheadLeft": 89.2407, "bus_lcPushy": 0.7364, "bus_lcSigma": 0.4944, "bus_lcSpeedGainRight": 3.9871, "bus_lcSublane": 0.842, "bus_sigma": 0.7771, "bus_tau_mean": 3.5413, "bus_tau_std": 9.7322, "bus_v_mean": 13.0346, "bus_v_std": 14.1449, "car_acc": 2.7246, "car_dcc": 1.655, "car_lcAssertive": 74.955, "car_lcCooperative": 0.5636, "car_lcLookaheadLeft": 59.5197, "car_lcPushy": 0.2646, "car_lcSigma": 0.533, "car_lcSpeedGainRight": 1.9919, "car_lcSublane": 0.9991, "car_sigma": 0.7348, "car_tau_mean": 1.5375, "car_tau_std": 4.7631, "car_v_mean": 20.9753, "car_v_std": 0.1606}, "datetime": {"datetime": "2024-08-10 15:52:40", "elapsed": 11810.576744, "delta": 6.040706}}
{"target": -0.2450914062018447, "params": {"bus_acc": 3.3666, "bus_dcc": 1.1526, "bus_lcAssertive": 8.8208, "bus_lcCooperative": 0.8134, "bus_lcLookaheadLeft": 88.3982, "bus_lcPushy": 0.978, "bus_lcSigma": 0.4629, "bus_lcSpeedGainRight": 0.29, "bus_lcSublane": 0.84, "bus_sigma": 0.4681, "bus_tau_mean": 1.463, "bus_tau_std": 9.8041, "bus_v_mean": 13.8254, "bus_v_std": 10.6783, "car_acc": 3.1135, "car_dcc": 0.2419, "car_lcAssertive": 80.8244, "car_lcCooperative": 0.5694, "car_lcLookaheadLeft": 12.3702, "car_lcPushy": 0.2654, "car_lcSigma": 0.7642, "car_lcSpeedGainRight": 3.5488, "car_lcSublane": 0.3362, "car_sigma": 0.2382, "car_tau_mean": 1.8387, "car_tau_std": 6.1972, "car_v_mean": 8.6124, "car_v_std": 14.623}, "datetime": {"datetime": "2024-08-10 15:52:49", "elapsed": 11819.670517, "delta": 9.093773}}
{"target": -0.37795267745803635, "params": {"bus_acc": 2.5412, "bus_dcc": 2.4226, "bus_lcAssertive": 15.2631, "bus_lcCooperative": 0.823, "bus_lcLookaheadLeft": 35.5263, "bus_lcPushy": 0.2622, "bus_lcSigma": 0.2877, "bus_lcSpeedGainRight": 1.3399, "bus_lcSublane": 0.8313, "bus_sigma": 0.8475, "bus_tau_mean": 0.9754, "bus_tau_std": 5.4607, "bus_v_mean": 9.8436, "bus_v_std": 15.3861, "car_acc": 1.1122, "car_dcc": 2.0801, "car_lcAssertive": 86.3627, "car_lcCooperative": 0.7496, "car_lcLookaheadLeft": 77.4218, "car_lcPushy": 0.5543, "car_lcSigma": 0.858, "car_lcSpeedGainRight": 4.0312, "car_lcSublane": 0.8754, "car_sigma": 0.9687, "car_tau_mean": 1.0139, "car_tau_std": 6.3954, "car_v_mean": 20.5467, "car_v_std": 6.5574}, "datetime": {"datetime": "2024-08-10 15:52:55", "elapsed": 11825.581657, "delta": 5.91114}}
