{"target": -0.3331918412447545, "params": {"bus_acc": 1.5504, "bus_dcc": 1.2054, "bus_lcAssertive": 62.0577, "bus_lcCooperative": 0.3052, "bus_lcLookaheadLeft": 3.9082, "bus_lcPushy": 0.3005, "bus_lcSigma": 0.3012, "bus_lcSpeedGainRight": 4.8007, "bus_lcSublane": 0.2831, "bus_sigma": 0.553, "bus_tau_mean": 2.6752, "bus_tau_std": 8.2106, "bus_v_mean": 16.3752, "bus_v_std": 9.1005, "car_acc": 3.2892, "car_dcc": 1.357, "car_lcAssertive": 88.2693, "car_lcCooperative": 0.3149, "car_lcLookaheadLeft": 44.968, "car_lcPushy": 0.112, "car_lcSigma": 0.9198, "car_lcSpeedGainRight": 3.7173, "car_lcSublane": 0.7633, "car_sigma": 0.5099, "car_tau_mean": 3.0727, "car_tau_std": 9.7439, "car_v_mean": 14.7844, "car_v_std": 4.9906}, "datetime": {"datetime": "2024-08-10 14:50:56", "elapsed": 8106.556753, "delta": 6.236755}}
{"target": -0.37838829654260336, "params": {"bus_acc": 0.6616, "bus_dcc": 1.7896, "bus_lcAssertive": 26.1505, "bus_lcCooperative": 0.1757, "bus_lcLookaheadLeft": 82.2758, "bus_lcPushy": 0.619, "bus_lcSigma": 0.7565, "bus_lcSpeedGainRight": 0.2062, "bus_lcSublane": 0.7174, "bus_sigma": 0.7758, "bus_tau_mean": 1.5169, "bus_tau_std": 0.9641, "bus_v_mean": 24.4121, "bus_v_std": 18.3098, "car_acc": 0.5693, "car_dcc": 3.7717, "car_lcAssertive": 1.8431, "car_lcCooperative": 0.3264, "car_lcLookaheadLeft": 64.6877, "car_lcPushy": 0.7687, "car_lcSigma": 0.7288, "car_lcSpeedGainRight": 3.7243, "car_lcSublane": 0.867, "car_sigma": 0.6698, "car_tau_mean": 0.9073, "car_tau_std": 1.0096, "car_v_mean": 20.2233, "car_v_std": 10.9272}, "datetime": {"datetime": "2024-08-10 14:51:07", "elapsed": 8118.082881, "delta": 11.526128}}
{"target": -0.37659524634622654, "params": {"bus_acc": 3.133, "bus_dcc": 3.9676, "bus_lcAssertive": 64.607, "bus_lcCooperative": 0.3469, "bus_lcLookaheadLeft": 26.9118, "bus_lcPushy": 0.9038, "bus_lcSigma": 0.8693, "bus_lcSpeedGainRight": 4.0111, "bus_lcSublane": 0.1497, "bus_sigma": 0.7268, "bus_tau_mean": 3.8477, "bus_tau_std": 3.2336, "bus_v_mean": 18.803, "bus_v_std": 14.9552, "car_acc": 0.8642, "car_dcc": 2.194, "car_lcAssertive": 30.4192, "car_lcCooperative": 0.7213, "car_lcLookaheadLeft": 90.9439, "car_lcPushy": 0.4446, "car_lcSigma": 0.0686, "car_lcSpeedGainRight": 0.7506, "car_lcSublane": 0.5703, "car_sigma": 0.9856, "car_tau_mean": 3.8255, "car_tau_std": 2.8324, "car_v_mean": 11.1966, "car_v_std": 13.3619}, "datetime": {"datetime": "2024-08-10 14:51:12", "elapsed": 8122.350885, "delta": 4.268004}}
{"target": -0.9578182514995216, "params": {"bus_acc": 2.3381, "bus_dcc": 0.3502, "bus_lcAssertive": 98.2791, "bus_lcCooperative": 0.8472, "bus_lcLookaheadLeft": 71.147, "bus_lcPushy": 0.158, "bus_lcSigma": 0.8177, "bus_lcSpeedGainRight": 0.9376, "bus_lcSublane": 0.1043, "bus_sigma": 0.9392, "bus_tau_mean": 3.397, "bus_tau_std": 4.8405, "bus_v_mean": 23.7472, "bus_v_std": 1.3727, "car_acc": 0.2746, "car_dcc": 2.4442, "car_lcAssertive": 67.5979, "car_lcCooperative": 0.2819, "car_lcLookaheadLeft": 76.5092, "car_lcPushy": 0.6469, "car_lcSigma": 0.7863, "car_lcSpeedGainRight": 3.7156, "car_lcSublane": 0.7086, "car_sigma": 0.5033, "car_tau_mean": 0.8839, "car_tau_std": 7.4697, "car_v_mean": 14.9572, "car_v_std": 5.5303}, "datetime": {"datetime": "2024-08-10 14:51:16", "elapsed": 8126.678101, "delta": 4.327216}}
{"target": -0.2610733142004964, "params": {"bus_acc": 3.8636, "bus_dcc": 2.0051, "bus_lcAssertive": 70.7419, "bus_lcCooperative": 0.9474, "bus_lcLookaheadLeft": 15.5807, "bus_lcPushy": 0.7768, "bus_lcSigma": 0.2507, "bus_lcSpeedGainRight": 0.869, "bus_lcSublane": 0.3109, "bus_sigma": 0.5379, "bus_tau_mean": 0.6648, "bus_tau_std": 8.4884, "bus_v_mean": 10.0451, "bus_v_std": 0.3557, "car_acc": 3.6832, "car_dcc": 0.2256, "car_lcAssertive": 35.2261, "car_lcCooperative": 0.9785, "car_lcLookaheadLeft": 71.2127, "car_lcPushy": 0.304, "car_lcSigma": 0.0467, "car_lcSpeedGainRight": 4.0818, "car_lcSublane": 0.1725, "car_sigma": 0.9677, "car_tau_mean": 3.6351, "car_tau_std": 0.6394, "car_v_mean": 13.0457, "car_v_std": 1.0009}, "datetime": {"datetime": "2024-08-10 14:51:25", "elapsed": 8136.040482, "delta": 9.362381}}
{"target": -0.29739281739088047, "params": {"bus_acc": 0.9813, "bus_dcc": 3.4224, "bus_lcAssertive": 77.2266, "bus_lcCooperative": 0.0659, "bus_lcLookaheadLeft": 59.5808, "bus_lcPushy": 0.9661, "bus_lcSigma": 0.8015, "bus_lcSpeedGainRight": 0.223, "bus_lcSublane": 0.1007, "bus_sigma": 0.1277, "bus_tau_mean": 2.6263, "bus_tau_std": 9.0895, "bus_v_mean": 18.3742, "bus_v_std": 13.4512, "car_acc": 2.4481, "car_dcc": 1.9583, "car_lcAssertive": 68.4357, "car_lcCooperative": 0.3055, "car_lcLookaheadLeft": 26.7049, "car_lcPushy": 0.4972, "car_lcSigma": 0.9452, "car_lcSpeedGainRight": 0.5831, "car_lcSublane": 0.7563, "car_sigma": 0.8405, "car_tau_mean": 1.6203, "car_tau_std": 4.6379, "car_v_mean": 8.4984, "car_v_std": 0.0315}, "datetime": {"datetime": "2024-08-10 14:51:31", "elapsed": 8141.131383, "delta": 5.090901}}
{"target": -0.34110749025123904, "params": {"bus_acc": 1.0381, "bus_dcc": 3.4704, "bus_lcAssertive": 22.2401, "bus_lcCooperative": 0.3474, "bus_lcLookaheadLeft": 91.1308, "bus_lcPushy": 0.8352, "bus_lcSigma": 0.5807, "bus_lcSpeedGainRight": 0.1855, "bus_lcSublane": 0.0376, "bus_sigma": 0.6375, "bus_tau_mean": 0.5662, "bus_tau_std": 5.7792, "bus_v_mean": 21.2262, "bus_v_std": 14.3509, "car_acc": 1.4598, "car_dcc": 1.1732, "car_lcAssertive": 53.6453, "car_lcCooperative": 0.9008, "car_lcLookaheadLeft": 35.0157, "car_lcPushy": 0.5417, "car_lcSigma": 0.8159, "car_lcSpeedGainRight": 1.4682, "car_lcSublane": 0.8982, "car_sigma": 0.9298, "car_tau_mean": 2.1464, "car_tau_std": 6.6389, "car_v_mean": 21.6272, "car_v_std": 2.9852}, "datetime": {"datetime": "2024-08-10 14:51:35", "elapsed": 8146.010809, "delta": 4.879426}}
{"target": -0.37762644416295016, "params": {"bus_acc": 1.8707, "bus_dcc": 2.4141, "bus_lcAssertive": 6.6398, "bus_lcCooperative": 0.3959, "bus_lcLookaheadLeft": 46.631, "bus_lcPushy": 0.8982, "bus_lcSigma": 0.4214, "bus_lcSpeedGainRight": 0.5244, "bus_lcSublane": 0.508, "bus_sigma": 0.4051, "bus_tau_mean": 2.5627, "bus_tau_std": 9.9254, "bus_v_mean": 19.8463, "bus_v_std": 5.207, "car_acc": 1.3629, "car_dcc": 3.5784, "car_lcAssertive": 44.9836, "car_lcCooperative": 0.6164, "car_lcLookaheadLeft": 37.1395, "car_lcPushy": 0.4211, "car_lcSigma": 0.9132, "car_lcSpeedGainRight": 3.1227, "car_lcSublane": 0.0614, "car_sigma": 0.2007, "car_tau_mean": 2.5946, "car_tau_std": 3.2933, "car_v_mean": 23.4456, "car_v_std": 7.195}, "datetime": {"datetime": "2024-08-10 14:51:40", "elapsed": 8150.783295, "delta": 4.772486}}
{"target": -0.5246750415030337, "params": {"bus_acc": 0.5645, "bus_dcc": 0.378, "bus_lcAssertive": 34.1951, "bus_lcCooperative": 0.2303, "bus_lcLookaheadLeft": 62.5216, "bus_lcPushy": 0.2973, "bus_lcSigma": 0.0254, "bus_lcSpeedGainRight": 0.9363, "bus_lcSublane": 0.7141, "bus_sigma": 0.9243, "bus_tau_mean": 3.753, "bus_tau_std": 8.8228, "bus_v_mean": 14.4185, "bus_v_std": 10.8638, "car_acc": 0.4924, "car_dcc": 2.8266, "car_lcAssertive": 95.0696, "car_lcCooperative": 0.9423, "car_lcLookaheadLeft": 78.4897, "car_lcPushy": 0.0459, "car_lcSigma": 0.8066, "car_lcSpeedGainRight": 4.449, "car_lcSublane": 0.9043, "car_sigma": 0.8145, "car_tau_mean": 3.8278, "car_tau_std": 7.743, "car_v_mean": 12.0298, "car_v_std": 3.9417}, "datetime": {"datetime": "2024-08-10 14:51:47", "elapsed": 8158.09764, "delta": 7.314345}}
{"target": -0.27991247605083974, "params": {"bus_acc": 3.7943, "bus_dcc": 1.323, "bus_lcAssertive": 90.9731, "bus_lcCooperative": 0.7703, "bus_lcLookaheadLeft": 95.8599, "bus_lcPushy": 0.068, "bus_lcSigma": 0.3065, "bus_lcSpeedGainRight": 4.0725, "bus_lcSublane": 0.9565, "bus_sigma": 0.6541, "bus_tau_mean": 1.0243, "bus_tau_std": 6.0195, "bus_v_mean": 21.9156, "bus_v_std": 17.154, "car_acc": 3.6244, "car_dcc": 0.8484, "car_lcAssertive": 53.6218, "car_lcCooperative": 0.1821, "car_lcLookaheadLeft": 14.3088, "car_lcPushy": 0.9739, "car_lcSigma": 0.7043, "car_lcSpeedGainRight": 3.2728, "car_lcSublane": 0.3275, "car_sigma": 0.8196, "car_tau_mean": 2.2801, "car_tau_std": 1.3599, "car_v_mean": 17.7951, "car_v_std": 11.0403}, "datetime": {"datetime": "2024-08-10 14:52:04", "elapsed": 8174.63972, "delta": 16.54208}}
{"target": -0.4522526766861641, "params": {"bus_acc": 1.9899, "bus_dcc": 1.6538, "bus_lcAssertive": 86.6969, "bus_lcCooperative": 0.6393, "bus_lcLookaheadLeft": 21.3847, "bus_lcPushy": 0.8976, "bus_lcSigma": 0.2001, "bus_lcSpeedGainRight": 4.3751, "bus_lcSublane": 0.1327, "bus_sigma": 0.3954, "bus_tau_mean": 1.7702, "bus_tau_std": 4.6997, "bus_v_mean": 24.0585, "bus_v_std": 3.568, "car_acc": 1.7709, "car_dcc": 2.2363, "car_lcAssertive": 2.5738, "car_lcCooperative": 0.6439, "car_lcLookaheadLeft": 75.0063, "car_lcPushy": 0.4497, "car_lcSigma": 0.7405, "car_lcSpeedGainRight": 3.9024, "car_lcSublane": 0.3155, "car_sigma": 0.5425, "car_tau_mean": 3.4222, "car_tau_std": 9.6257, "car_v_mean": 24.6309, "car_v_std": 0.5702}, "datetime": {"datetime": "2024-08-10 14:52:09", "elapsed": 8179.34911, "delta": 4.70939}}
{"target": -0.526042460615443, "params": {"bus_acc": 0.3402, "bus_dcc": 1.5179, "bus_lcAssertive": 86.1996, "bus_lcCooperative": 0.9491, "bus_lcLookaheadLeft": 45.5895, "bus_lcPushy": 0.6487, "bus_lcSigma": 0.1904, "bus_lcSpeedGainRight": 2.862, "bus_lcSublane": 0.1689, "bus_sigma": 0.866, "bus_tau_mean": 3.4271, "bus_tau_std": 4.4452, "bus_v_mean": 13.2115, "bus_v_std": 12.1591, "car_acc": 0.2761, "car_dcc": 2.5127, "car_lcAssertive": 5.2249, "car_lcCooperative": 0.4994, "car_lcLookaheadLeft": 80.3703, "car_lcPushy": 0.1654, "car_lcSigma": 0.2641, "car_lcSpeedGainRight": 4.6875, "car_lcSublane": 0.1005, "car_sigma": 0.4514, "car_tau_mean": 1.9355, "car_tau_std": 0.2847, "car_v_mean": 21.9215, "car_v_std": 11.3811}, "datetime": {"datetime": "2024-08-10 14:52:18", "elapsed": 8189.040747, "delta": 9.691637}}
{"target": -0.7186391586028441, "params": {"bus_acc": 2.4184, "bus_dcc": 2.7957, "bus_lcAssertive": 28.6261, "bus_lcCooperative": 0.1611, "bus_lcLookaheadLeft": 91.3382, "bus_lcPushy": 0.0328, "bus_lcSigma": 0.4258, "bus_lcSpeedGainRight": 3.3169, "bus_lcSublane": 0.6389, "bus_sigma": 0.6823, "bus_tau_mean": 1.6132, "bus_tau_std": 2.4321, "bus_v_mean": 19.9639, "bus_v_std": 1.4215, "car_acc": 0.4508, "car_dcc": 3.3906, "car_lcAssertive": 97.9137, "car_lcCooperative": 0.6427, "car_lcLookaheadLeft": 70.4281, "car_lcPushy": 0.5157, "car_lcSigma": 0.5514, "car_lcSpeedGainRight": 3.364, "car_lcSublane": 0.9413, "car_sigma": 0.833, "car_tau_mean": 0.6999, "car_tau_std": 3.4963, "car_v_mean": 22.7679, "car_v_std": 8.9821}, "datetime": {"datetime": "2024-08-10 14:52:24", "elapsed": 8194.935912, "delta": 5.895165}}
{"target": -0.3550420531432921, "params": {"bus_acc": 0.3284, "bus_dcc": 3.5767, "bus_lcAssertive": 75.2127, "bus_lcCooperative": 0.5642, "bus_lcLookaheadLeft": 41.7783, "bus_lcPushy": 0.4773, "bus_lcSigma": 0.6764, "bus_lcSpeedGainRight": 0.1616, "bus_lcSublane": 0.8595, "bus_sigma": 0.8845, "bus_tau_mean": 0.8479, "bus_tau_std": 8.1558, "bus_v_mean": 19.9687, "bus_v_std": 6.9479, "car_acc": 1.7222, "car_dcc": 1.2526, "car_lcAssertive": 60.8303, "car_lcCooperative": 0.0621, "car_lcLookaheadLeft": 50.1263, "car_lcPushy": 0.6814, "car_lcSigma": 0.4638, "car_lcSpeedGainRight": 2.5471, "car_lcSublane": 0.8581, "car_sigma": 0.8661, "car_tau_mean": 0.8017, "car_tau_std": 9.6927, "car_v_mean": 22.001, "car_v_std": 18.4038}, "datetime": {"datetime": "2024-08-10 14:52:42", "elapsed": 8212.318086, "delta": 17.382174}}
{"target": -0.32226985608117037, "params": {"bus_acc": 3.5251, "bus_dcc": 2.94, "bus_lcAssertive": 63.1681, "bus_lcCooperative": 0.8125, "bus_lcLookaheadLeft": 38.0645, "bus_lcPushy": 0.8685, "bus_lcSigma": 0.9904, "bus_lcSpeedGainRight": 2.9932, "bus_lcSublane": 0.4725, "bus_sigma": 0.2048, "bus_tau_mean": 1.6924, "bus_tau_std": 1.9541, "bus_v_mean": 10.3673, "bus_v_std": 16.9264, "car_acc": 2.9209, "car_dcc": 3.0106, "car_lcAssertive": 74.4227, "car_lcCooperative": 0.1013, "car_lcLookaheadLeft": 84.5923, "car_lcPushy": 0.2112, "car_lcSigma": 0.1787, "car_lcSpeedGainRight": 3.789, "car_lcSublane": 0.6331, "car_sigma": 0.9182, "car_tau_mean": 0.5297, "car_tau_std": 2.3616, "car_v_mean": 9.6584, "car_v_std": 5.1519}, "datetime": {"datetime": "2024-08-10 14:52:52", "elapsed": 8223.044355, "delta": 10.726269}}
{"target": -0.32109500201997615, "params": {"bus_acc": 2.6853, "bus_dcc": 1.3075, "bus_lcAssertive": 77.8535, "bus_lcCooperative": 0.6123, "bus_lcLookaheadLeft": 47.4056, "bus_lcPushy": 0.1773, "bus_lcSigma": 0.4235, "bus_lcSpeedGainRight": 3.0077, "bus_lcSublane": 0.7918, "bus_sigma": 0.8374, "bus_tau_mean": 1.1477, "bus_tau_std": 3.4924, "bus_v_mean": 8.2125, "bus_v_std": 11.5704, "car_acc": 2.9867, "car_dcc": 3.7352, "car_lcAssertive": 51.5225, "car_lcCooperative": 0.6394, "car_lcLookaheadLeft": 51.7177, "car_lcPushy": 0.2609, "car_lcSigma": 0.582, "car_lcSpeedGainRight": 4.2777, "car_lcSublane": 0.6451, "car_sigma": 0.5828, "car_tau_mean": 2.9863, "car_tau_std": 9.3975, "car_v_mean": 17.4493, "car_v_std": 9.3185}, "datetime": {"datetime": "2024-08-10 14:53:02", "elapsed": 8232.658565, "delta": 9.61421}}
{"target": -0.32453353246305605, "params": {"bus_acc": 3.2043, "bus_dcc": 1.2831, "bus_lcAssertive": 27.4306, "bus_lcCooperative": 0.3375, "bus_lcLookaheadLeft": 44.8917, "bus_lcPushy": 0.8986, "bus_lcSigma": 0.7434, "bus_lcSpeedGainRight": 0.5371, "bus_lcSublane": 0.9607, "bus_sigma": 0.828, "bus_tau_mean": 1.5287, "bus_tau_std": 0.4075, "bus_v_mean": 23.6471, "bus_v_std": 8.5826, "car_acc": 3.2822, "car_dcc": 3.2888, "car_lcAssertive": 86.7567, "car_lcCooperative": 0.0598, "car_lcLookaheadLeft": 99.5269, "car_lcPushy": 0.8165, "car_lcSigma": 0.9548, "car_lcSpeedGainRight": 2.9698, "car_lcSublane": 0.2155, "car_sigma": 0.3908, "car_tau_mean": 1.799, "car_tau_std": 9.2714, "car_v_mean": 21.9852, "car_v_std": 13.5042}, "datetime": {"datetime": "2024-08-10 14:53:09", "elapsed": 8240.01621, "delta": 7.357645}}
{"target": -0.3633675952572231, "params": {"bus_acc": 1.3775, "bus_dcc": 2.321, "bus_lcAssertive": 65.4613, "bus_lcCooperative": 0.2865, "bus_lcLookaheadLeft": 33.7497, "bus_lcPushy": 0.9193, "bus_lcSigma": 0.4316, "bus_lcSpeedGainRight": 2.251, "bus_lcSublane": 0.1098, "bus_sigma": 0.6169, "bus_tau_mean": 3.856, "bus_tau_std": 9.7407, "bus_v_mean": 25.0411, "bus_v_std": 6.6074, "car_acc": 3.2126, "car_dcc": 3.2047, "car_lcAssertive": 79.3371, "car_lcCooperative": 0.7028, "car_lcLookaheadLeft": 31.0904, "car_lcPushy": 0.759, "car_lcSigma": 0.346, "car_lcSpeedGainRight": 2.9905, "car_lcSublane": 0.7039, "car_sigma": 0.5611, "car_tau_mean": 2.3939, "car_tau_std": 4.8399, "car_v_mean": 10.8525, "car_v_std": 2.9019}, "datetime": {"datetime": "2024-08-10 14:53:14", "elapsed": 8244.796185, "delta": 4.779975}}
{"target": -0.350123975028163, "params": {"bus_acc": 2.3862, "bus_dcc": 2.6458, "bus_lcAssertive": 34.63, "bus_lcCooperative": 0.7915, "bus_lcLookaheadLeft": 15.003, "bus_lcPushy": 0.5889, "bus_lcSigma": 0.6567, "bus_lcSpeedGainRight": 4.9283, "bus_lcSublane": 0.9633, "bus_sigma": 0.0924, "bus_tau_mean": 1.5288, "bus_tau_std": 9.3615, "bus_v_mean": 18.5243, "bus_v_std": 15.2005, "car_acc": 1.4767, "car_dcc": 2.8248, "car_lcAssertive": 11.6724, "car_lcCooperative": 0.271, "car_lcLookaheadLeft": 47.0184, "car_lcPushy": 0.6737, "car_lcSigma": 0.8759, "car_lcSpeedGainRight": 3.0834, "car_lcSublane": 0.5399, "car_sigma": 0.8724, "car_tau_mean": 2.6902, "car_tau_std": 0.8971, "car_v_mean": 15.4291, "car_v_std": 10.1159}, "datetime": {"datetime": "2024-08-10 14:53:19", "elapsed": 8249.423851, "delta": 4.627666}}
{"target": -0.2550048309043716, "params": {"bus_acc": 3.8209, "bus_dcc": 3.5831, "bus_lcAssertive": 13.7797, "bus_lcCooperative": 0.2936, "bus_lcLookaheadLeft": 72.2908, "bus_lcPushy": 0.9824, "bus_lcSigma": 0.6624, "bus_lcSpeedGainRight": 1.1, "bus_lcSublane": 0.41, "bus_sigma": 0.5651, "bus_tau_mean": 3.526, "bus_tau_std": 6.6631, "bus_v_mean": 13.2188, "bus_v_std": 10.6361, "car_acc": 1.6113, "car_dcc": 0.3282, "car_lcAssertive": 64.8929, "car_lcCooperative": 0.2378, "car_lcLookaheadLeft": 31.778, "car_lcPushy": 0.7582, "car_lcSigma": 0.6003, "car_lcSpeedGainRight": 4.8628, "car_lcSublane": 0.5244, "car_sigma": 0.6924, "car_tau_mean": 1.9931, "car_tau_std": 3.3229, "car_v_mean": 10.0393, "car_v_std": 18.1279}, "datetime": {"datetime": "2024-08-10 14:53:26", "elapsed": 8256.179148, "delta": 6.755297}}
{"target": -0.35905928277729454, "params": {"bus_acc": 3.3258, "bus_dcc": 0.7269, "bus_lcAssertive": 55.9844, "bus_lcCooperative": 0.7476, "bus_lcLookaheadLeft": 90.1746, "bus_lcPushy": 0.3558, "bus_lcSigma": 0.3395, "bus_lcSpeedGainRight": 3.793, "bus_lcSublane": 0.345, "bus_sigma": 0.3932, "bus_tau_mean": 0.5611, "bus_tau_std": 0.6991, "bus_v_mean": 25.0037, "bus_v_std": 0.5981, "car_acc": 1.7828, "car_dcc": 2.5928, "car_lcAssertive": 46.6573, "car_lcCooperative": 0.6864, "car_lcLookaheadLeft": 60.601, "car_lcPushy": 0.2447, "car_lcSigma": 0.0398, "car_lcSpeedGainRight": 4.0187, "car_lcSublane": 0.8316, "car_sigma": 0.6338, "car_tau_mean": 3.3966, "car_tau_std": 3.0446, "car_v_mean": 12.1498, "car_v_std": 0.6392}, "datetime": {"datetime": "2024-08-10 14:53:34", "elapsed": 8264.178803, "delta": 7.999655}}
{"target": -0.3166848408808651, "params": {"bus_acc": 0.3018, "bus_dcc": 2.9424, "bus_lcAssertive": 24.0553, "bus_lcCooperative": 0.7231, "bus_lcLookaheadLeft": 46.3017, "bus_lcPushy": 0.6265, "bus_lcSigma": 0.48, "bus_lcSpeedGainRight": 0.126, "bus_lcSublane": 0.3606, "bus_sigma": 0.4159, "bus_tau_mean": 1.2905, "bus_tau_std": 6.5535, "bus_v_mean": 20.3776, "bus_v_std": 9.5974, "car_acc": 3.1531, "car_dcc": 1.283, "car_lcAssertive": 45.1709, "car_lcCooperative": 0.8567, "car_lcLookaheadLeft": 79.0135, "car_lcPushy": 0.3717, "car_lcSigma": 0.2706, "car_lcSpeedGainRight": 1.6965, "car_lcSublane": 0.217, "car_sigma": 0.6603, "car_tau_mean": 0.8057, "car_tau_std": 6.3765, "car_v_mean": 20.7348, "car_v_std": 1.5483}, "datetime": {"datetime": "2024-08-10 14:53:38", "elapsed": 8268.636377, "delta": 4.457574}}
{"target": -0.3165836684633947, "params": {"bus_acc": 2.7454, "bus_dcc": 0.4199, "bus_lcAssertive": 41.6922, "bus_lcCooperative": 0.5773, "bus_lcLookaheadLeft": 91.6355, "bus_lcPushy": 0.6501, "bus_lcSigma": 0.6906, "bus_lcSpeedGainRight": 1.0524, "bus_lcSublane": 0.4891, "bus_sigma": 0.5678, "bus_tau_mean": 3.3035, "bus_tau_std": 3.474, "bus_v_mean": 16.2529, "bus_v_std": 3.8318, "car_acc": 2.1741, "car_dcc": 2.0794, "car_lcAssertive": 12.4544, "car_lcCooperative": 0.1889, "car_lcLookaheadLeft": 8.5526, "car_lcPushy": 0.46, "car_lcSigma": 0.809, "car_lcSpeedGainRight": 3.411, "car_lcSublane": 0.0646, "car_sigma": 0.182, "car_tau_mean": 2.2437, "car_tau_std": 7.4623, "car_v_mean": 21.0084, "car_v_std": 12.6013}, "datetime": {"datetime": "2024-08-10 14:53:44", "elapsed": 8274.525844, "delta": 5.889467}}
{"target": -0.31652573840252435, "params": {"bus_acc": 3.6244, "bus_dcc": 2.7956, "bus_lcAssertive": 14.4376, "bus_lcCooperative": 0.356, "bus_lcLookaheadLeft": 36.4767, "bus_lcPushy": 0.858, "bus_lcSigma": 0.0751, "bus_lcSpeedGainRight": 1.2164, "bus_lcSublane": 0.1607, "bus_sigma": 0.9377, "bus_tau_mean": 0.843, "bus_tau_std": 9.077, "bus_v_mean": 12.8339, "bus_v_std": 8.9705, "car_acc": 1.5949, "car_dcc": 0.6281, "car_lcAssertive": 35.3973, "car_lcCooperative": 0.8112, "car_lcLookaheadLeft": 18.9632, "car_lcPushy": 0.3837, "car_lcSigma": 0.7206, "car_lcSpeedGainRight": 2.0282, "car_lcSublane": 0.2423, "car_sigma": 0.0856, "car_tau_mean": 3.6439, "car_tau_std": 7.3177, "car_v_mean": 14.35, "car_v_std": 8.0893}, "datetime": {"datetime": "2024-08-10 14:53:50", "elapsed": 8280.630833, "delta": 6.104989}}
{"target": -0.5822637711478453, "params": {"bus_acc": 1.3458, "bus_dcc": 1.4214, "bus_lcAssertive": 84.4173, "bus_lcCooperative": 0.5451, "bus_lcLookaheadLeft": 3.7685, "bus_lcPushy": 0.6997, "bus_lcSigma": 0.4932, "bus_lcSpeedGainRight": 3.7701, "bus_lcSublane": 0.5275, "bus_sigma": 0.3314, "bus_tau_mean": 1.2717, "bus_tau_std": 3.706, "bus_v_mean": 18.8803, "bus_v_std": 0.0718, "car_acc": 3.0969, "car_dcc": 0.9641, "car_lcAssertive": 64.5106, "car_lcCooperative": 0.7034, "car_lcLookaheadLeft": 14.2067, "car_lcPushy": 0.3939, "car_lcSigma": 0.0091, "car_lcSpeedGainRight": 1.5535, "car_lcSublane": 0.8288, "car_sigma": 0.7742, "car_tau_mean": 3.7876, "car_tau_std": 5.1656, "car_v_mean": 24.6703, "car_v_std": 1.9422}, "datetime": {"datetime": "2024-08-10 14:53:54", "elapsed": 8284.462099, "delta": 3.831266}}
{"target": -0.33618448067320633, "params": {"bus_acc": 1.1995, "bus_dcc": 1.7775, "bus_lcAssertive": 70.8805, "bus_lcCooperative": 0.5218, "bus_lcLookaheadLeft": 17.8222, "bus_lcPushy": 0.9797, "bus_lcSigma": 0.7441, "bus_lcSpeedGainRight": 3.6454, "bus_lcSublane": 0.0932, "bus_sigma": 0.0044, "bus_tau_mean": 3.4975, "bus_tau_std": 0.8205, "bus_v_mean": 22.9563, "bus_v_std": 10.1708, "car_acc": 3.8308, "car_dcc": 1.5068, "car_lcAssertive": 27.5631, "car_lcCooperative": 0.4606, "car_lcLookaheadLeft": 2.9419, "car_lcPushy": 0.0406, "car_lcSigma": 0.3694, "car_lcSpeedGainRight": 3.5207, "car_lcSublane": 0.7249, "car_sigma": 0.2934, "car_tau_mean": 1.414, "car_tau_std": 8.1808, "car_v_mean": 14.625, "car_v_std": 12.9333}, "datetime": {"datetime": "2024-08-10 14:54:02", "elapsed": 8292.801032, "delta": 8.338933}}
