{"target": -0.5144083640106963, "params": {"bus_acc": 2.6998, "bus_dcc": 0.7375, "bus_lcAssertive": 73.4758, "bus_lcCooperative": 0.5721, "bus_lcLookaheadLeft": 43.426, "bus_lcPushy": 0.0695, "bus_lcSigma": 0.8183, "bus_lcSpeedGainRight": 2.5788, "bus_lcSublane": 0.0727, "bus_sigma": 0.1739, "bus_tau_mean": 1.8624, "bus_tau_std": 2.4378, "bus_v_mean": 14.2726, "bus_v_std": 13.5745, "car_acc": 0.3706, "car_dcc": 0.9381, "car_lcAssertive": 50.5472, "car_lcCooperative": 0.5922, "car_lcLookaheadLeft": 75.1323, "car_lcPushy": 0.2711, "car_lcSigma": 0.0499, "car_lcSpeedGainRight": 4.3745, "car_lcSublane": 0.565, "car_sigma": 0.8021, "car_tau_mean": 1.9727, "car_tau_std": 0.4442, "car_v_mean": 15.0203, "car_v_std": 1.6841}, "datetime": {"datetime": "2024-08-10 16:04:01", "elapsed": 12491.777502, "delta": 9.821636}}
{"target": -0.3826072784022429, "params": {"bus_acc": 3.5221, "bus_dcc": 2.413, "bus_lcAssertive": 29.0689, "bus_lcCooperative": 0.2225, "bus_lcLookaheadLeft": 47.3073, "bus_lcPushy": 0.244, "bus_lcSigma": 0.7142, "bus_lcSpeedGainRight": 0.2517, "bus_lcSublane": 0.624, "bus_sigma": 0.7656, "bus_tau_mean": 3.829, "bus_tau_std": 1.0584, "bus_v_mean": 25.7962, "bus_v_std": 5.344, "car_acc": 1.7084, "car_dcc": 3.9877, "car_lcAssertive": 99.1719, "car_lcCooperative": 0.8374, "car_lcLookaheadLeft": 69.7459, "car_lcPushy": 0.8471, "car_lcSigma": 0.6369, "car_lcSpeedGainRight": 1.5697, "car_lcSublane": 0.4166, "car_sigma": 0.3614, "car_tau_mean": 1.845, "car_tau_std": 3.5038, "car_v_mean": 15.6342, "car_v_std": 11.8851}, "datetime": {"datetime": "2024-08-10 16:04:12", "elapsed": 12502.495644, "delta": 10.718142}}
{"target": -0.4407777797412016, "params": {"bus_acc": 0.2508, "bus_dcc": 3.9693, "bus_lcAssertive": 1.6455, "bus_lcCooperative": 0.545, "bus_lcLookaheadLeft": 51.1563, "bus_lcPushy": 0.9543, "bus_lcSigma": 0.4072, "bus_lcSpeedGainRight": 4.1446, "bus_lcSublane": 0.6558, "bus_sigma": 0.5205, "bus_tau_mean": 3.8049, "bus_tau_std": 9.9257, "bus_v_mean": 8.5788, "bus_v_std": 4.6729, "car_acc": 3.1547, "car_dcc": 3.6223, "car_lcAssertive": 79.7366, "car_lcCooperative": 0.7384, "car_lcLookaheadLeft": 74.1165, "car_lcPushy": 0.8318, "car_lcSigma": 0.118, "car_lcSpeedGainRight": 0.1209, "car_lcSublane": 0.031, "car_sigma": 0.4491, "car_tau_mean": 3.0505, "car_tau_std": 7.1451, "car_v_mean": 22.4745, "car_v_std": 15.0684}, "datetime": {"datetime": "2024-08-10 16:04:20", "elapsed": 12510.134041, "delta": 7.638397}}
{"target": -0.33564627675141107, "params": {"bus_acc": 2.3026, "bus_dcc": 3.2757, "bus_lcAssertive": 95.3005, "bus_lcCooperative": 0.9019, "bus_lcLookaheadLeft": 30.8325, "bus_lcPushy": 0.9497, "bus_lcSigma": 0.2492, "bus_lcSpeedGainRight": 0.9032, "bus_lcSublane": 0.2527, "bus_sigma": 0.7426, "bus_tau_mean": 0.6565, "bus_tau_std": 6.5677, "bus_v_mean": 13.8418, "bus_v_std": 11.857, "car_acc": 3.789, "car_dcc": 3.8897, "car_lcAssertive": 45.6005, "car_lcCooperative": 0.2649, "car_lcLookaheadLeft": 85.7498, "car_lcPushy": 0.8453, "car_lcSigma": 0.994, "car_lcSpeedGainRight": 2.7065, "car_lcSublane": 0.1958, "car_sigma": 0.5951, "car_tau_mean": 1.2259, "car_tau_std": 4.4946, "car_v_mean": 19.8822, "car_v_std": 16.4402}, "datetime": {"datetime": "2024-08-10 16:04:30", "elapsed": 12520.723078, "delta": 10.589037}}
{"target": -0.4057101217423114, "params": {"bus_acc": 0.2712, "bus_dcc": 0.5529, "bus_lcAssertive": 88.2197, "bus_lcCooperative": 0.6466, "bus_lcLookaheadLeft": 45.2964, "bus_lcPushy": 0.3263, "bus_lcSigma": 0.5968, "bus_lcSpeedGainRight": 3.6572, "bus_lcSublane": 0.8458, "bus_sigma": 0.2082, "bus_tau_mean": 3.8556, "bus_tau_std": 3.8921, "bus_v_mean": 8.39, "bus_v_std": 17.1268, "car_acc": 2.6626, "car_dcc": 2.429, "car_lcAssertive": 52.677, "car_lcCooperative": 0.5139, "car_lcLookaheadLeft": 58.0414, "car_lcPushy": 0.841, "car_lcSigma": 0.8067, "car_lcSpeedGainRight": 1.8825, "car_lcSublane": 0.1084, "car_sigma": 0.9038, "car_tau_mean": 0.9547, "car_tau_std": 9.9526, "car_v_mean": 12.1374, "car_v_std": 1.5575}, "datetime": {"datetime": "2024-08-10 16:04:44", "elapsed": 12534.796972, "delta": 14.073894}}
{"target": -0.3297558997839973, "params": {"bus_acc": 3.8468, "bus_dcc": 3.2946, "bus_lcAssertive": 48.6364, "bus_lcCooperative": 0.2703, "bus_lcLookaheadLeft": 59.7832, "bus_lcPushy": 0.4391, "bus_lcSigma": 0.6771, "bus_lcSpeedGainRight": 3.3776, "bus_lcSublane": 0.4595, "bus_sigma": 0.3394, "bus_tau_mean": 3.6842, "bus_tau_std": 8.9873, "bus_v_mean": 23.2277, "bus_v_std": 1.5482, "car_acc": 1.2423, "car_dcc": 0.7645, "car_lcAssertive": 80.8817, "car_lcCooperative": 0.2055, "car_lcLookaheadLeft": 70.3605, "car_lcPushy": 0.7412, "car_lcSigma": 0.4429, "car_lcSpeedGainRight": 2.5776, "car_lcSublane": 0.046, "car_sigma": 0.2816, "car_tau_mean": 3.968, "car_tau_std": 0.1045, "car_v_mean": 24.8112, "car_v_std": 14.6711}, "datetime": {"datetime": "2024-08-10 16:04:50", "elapsed": 12540.136073, "delta": 5.339101}}
{"target": -0.33540355528726656, "params": {"bus_acc": 2.3577, "bus_dcc": 1.2112, "bus_lcAssertive": 51.9804, "bus_lcCooperative": 0.8675, "bus_lcLookaheadLeft": 26.1292, "bus_lcPushy": 0.061, "bus_lcSigma": 0.7571, "bus_lcSpeedGainRight": 1.6475, "bus_lcSublane": 0.3432, "bus_sigma": 0.6535, "bus_tau_mean": 1.6535, "bus_tau_std": 1.6099, "bus_v_mean": 21.3139, "bus_v_std": 13.6837, "car_acc": 3.7721, "car_dcc": 3.3425, "car_lcAssertive": 94.8042, "car_lcCooperative": 0.5081, "car_lcLookaheadLeft": 2.62, "car_lcPushy": 0.5952, "car_lcSigma": 0.5308, "car_lcSpeedGainRight": 0.2945, "car_lcSublane": 0.9994, "car_sigma": 0.3254, "car_tau_mean": 2.6896, "car_tau_std": 6.9516, "car_v_mean": 19.3899, "car_v_std": 4.537}, "datetime": {"datetime": "2024-08-10 16:05:00", "elapsed": 12550.696509, "delta": 10.560436}}
{"target": -0.31204599793988147, "params": {"bus_acc": 1.8113, "bus_dcc": 1.906, "bus_lcAssertive": 97.8476, "bus_lcCooperative": 0.9403, "bus_lcLookaheadLeft": 62.8693, "bus_lcPushy": 0.5531, "bus_lcSigma": 0.2151, "bus_lcSpeedGainRight": 4.0608, "bus_lcSublane": 0.3226, "bus_sigma": 0.4792, "bus_tau_mean": 0.5563, "bus_tau_std": 1.5354, "bus_v_mean": 15.5287, "bus_v_std": 16.823, "car_acc": 2.6609, "car_dcc": 3.5002, "car_lcAssertive": 16.7253, "car_lcCooperative": 0.3243, "car_lcLookaheadLeft": 20.8239, "car_lcPushy": 0.9733, "car_lcSigma": 0.0325, "car_lcSpeedGainRight": 0.1446, "car_lcSublane": 0.0787, "car_sigma": 0.0244, "car_tau_mean": 2.3073, "car_tau_std": 8.934, "car_v_mean": 9.2262, "car_v_std": 15.6045}, "datetime": {"datetime": "2024-08-10 16:05:06", "elapsed": 12556.750512, "delta": 6.054003}}
{"target": -0.3947845266456635, "params": {"bus_acc": 2.8261, "bus_dcc": 3.1345, "bus_lcAssertive": 95.914, "bus_lcCooperative": 0.024, "bus_lcLookaheadLeft": 85.607, "bus_lcPushy": 0.7252, "bus_lcSigma": 0.0111, "bus_lcSpeedGainRight": 3.7948, "bus_lcSublane": 0.4428, "bus_sigma": 0.9965, "bus_tau_mean": 3.2427, "bus_tau_std": 6.3662, "bus_v_mean": 13.8758, "bus_v_std": 6.6174, "car_acc": 1.3522, "car_dcc": 3.9343, "car_lcAssertive": 74.7066, "car_lcCooperative": 0.5456, "car_lcLookaheadLeft": 9.9777, "car_lcPushy": 0.7074, "car_lcSigma": 0.0313, "car_lcSpeedGainRight": 4.3809, "car_lcSublane": 0.6629, "car_sigma": 0.1946, "car_tau_mean": 0.7901, "car_tau_std": 1.7574, "car_v_mean": 11.0001, "car_v_std": 14.968}, "datetime": {"datetime": "2024-08-10 16:05:12", "elapsed": 12562.316199, "delta": 5.565687}}
{"target": -0.3665175304991295, "params": {"bus_acc": 0.6036, "bus_dcc": 3.3609, "bus_lcAssertive": 6.4465, "bus_lcCooperative": 0.0435, "bus_lcLookaheadLeft": 61.7457, "bus_lcPushy": 0.4108, "bus_lcSigma": 0.0669, "bus_lcSpeedGainRight": 3.6666, "bus_lcSublane": 0.5432, "bus_sigma": 0.8157, "bus_tau_mean": 0.5449, "bus_tau_std": 3.4888, "bus_v_mean": 15.9891, "bus_v_std": 16.0294, "car_acc": 1.7294, "car_dcc": 2.6284, "car_lcAssertive": 17.5436, "car_lcCooperative": 0.1069, "car_lcLookaheadLeft": 53.7473, "car_lcPushy": 0.9149, "car_lcSigma": 0.5436, "car_lcSpeedGainRight": 4.9315, "car_lcSublane": 0.2189, "car_sigma": 0.0324, "car_tau_mean": 3.3322, "car_tau_std": 3.3555, "car_v_mean": 23.681, "car_v_std": 12.1709}, "datetime": {"datetime": "2024-08-10 16:05:18", "elapsed": 12568.376661, "delta": 6.060462}}
{"target": -0.3429467629964205, "params": {"bus_acc": 2.6317, "bus_dcc": 2.9441, "bus_lcAssertive": 17.545, "bus_lcCooperative": 0.9007, "bus_lcLookaheadLeft": 59.2381, "bus_lcPushy": 0.539, "bus_lcSigma": 0.928, "bus_lcSpeedGainRight": 2.0665, "bus_lcSublane": 0.187, "bus_sigma": 0.8003, "bus_tau_mean": 2.737, "bus_tau_std": 5.7713, "bus_v_mean": 16.0834, "bus_v_std": 1.2433, "car_acc": 2.2041, "car_dcc": 2.6016, "car_lcAssertive": 45.2734, "car_lcCooperative": 0.8419, "car_lcLookaheadLeft": 7.963, "car_lcPushy": 0.7438, "car_lcSigma": 0.8954, "car_lcSpeedGainRight": 3.1682, "car_lcSublane": 0.0768, "car_sigma": 0.4719, "car_tau_mean": 3.1995, "car_tau_std": 3.0307, "car_v_mean": 18.2099, "car_v_std": 4.7602}, "datetime": {"datetime": "2024-08-10 16:05:31", "elapsed": 12581.626217, "delta": 13.249556}}
{"target": -0.5460836479017513, "params": {"bus_acc": 3.2207, "bus_dcc": 1.0674, "bus_lcAssertive": 68.8384, "bus_lcCooperative": 0.224, "bus_lcLookaheadLeft": 80.9829, "bus_lcPushy": 0.5821, "bus_lcSigma": 0.0463, "bus_lcSpeedGainRight": 2.141, "bus_lcSublane": 0.0969, "bus_sigma": 0.0226, "bus_tau_mean": 3.1011, "bus_tau_std": 1.3075, "bus_v_mean": 12.4361, "bus_v_std": 3.9379, "car_acc": 0.7474, "car_dcc": 2.4108, "car_lcAssertive": 1.3749, "car_lcCooperative": 0.2299, "car_lcLookaheadLeft": 97.3615, "car_lcPushy": 0.4607, "car_lcSigma": 0.9015, "car_lcSpeedGainRight": 0.2578, "car_lcSublane": 0.7554, "car_sigma": 0.352, "car_tau_mean": 0.7126, "car_tau_std": 4.5595, "car_v_mean": 18.2622, "car_v_std": 15.4279}, "datetime": {"datetime": "2024-08-10 16:05:37", "elapsed": 12587.758215, "delta": 6.131998}}
{"target": -0.34491631486690183, "params": {"bus_acc": 3.4449, "bus_dcc": 2.6961, "bus_lcAssertive": 29.5197, "bus_lcCooperative": 0.7217, "bus_lcLookaheadLeft": 41.2458, "bus_lcPushy": 0.6806, "bus_lcSigma": 0.329, "bus_lcSpeedGainRight": 0.5835, "bus_lcSublane": 0.7493, "bus_sigma": 0.7038, "bus_tau_mean": 2.2392, "bus_tau_std": 3.9245, "bus_v_mean": 14.4283, "bus_v_std": 1.945, "car_acc": 3.8721, "car_dcc": 3.9025, "car_lcAssertive": 30.0239, "car_lcCooperative": 0.5175, "car_lcLookaheadLeft": 17.7408, "car_lcPushy": 0.9586, "car_lcSigma": 0.2255, "car_lcSpeedGainRight": 4.7349, "car_lcSublane": 0.8038, "car_sigma": 0.2522, "car_tau_mean": 1.7198, "car_tau_std": 4.1186, "car_v_mean": 16.898, "car_v_std": 15.6552}, "datetime": {"datetime": "2024-08-10 16:05:46", "elapsed": 12596.613338, "delta": 8.855123}}
{"target": -0.43616166671579176, "params": {"bus_acc": 1.1654, "bus_dcc": 1.5074, "bus_lcAssertive": 92.2389, "bus_lcCooperative": 0.1644, "bus_lcLookaheadLeft": 94.4099, "bus_lcPushy": 0.9834, "bus_lcSigma": 0.7037, "bus_lcSpeedGainRight": 4.1361, "bus_lcSublane": 0.8733, "bus_sigma": 0.0338, "bus_tau_mean": 1.7522, "bus_tau_std": 2.0632, "bus_v_mean": 19.2077, "bus_v_std": 6.339, "car_acc": 0.3921, "car_dcc": 2.903, "car_lcAssertive": 56.4353, "car_lcCooperative": 0.2803, "car_lcLookaheadLeft": 3.4245, "car_lcPushy": 0.3578, "car_lcSigma": 0.0164, "car_lcSpeedGainRight": 4.0328, "car_lcSublane": 0.9726, "car_sigma": 0.8037, "car_tau_mean": 1.4912, "car_tau_std": 6.0011, "car_v_mean": 21.0908, "car_v_std": 0.2576}, "datetime": {"datetime": "2024-08-10 16:05:55", "elapsed": 12605.185799, "delta": 8.572461}}
{"target": -0.29797105275412866, "params": {"bus_acc": 2.8483, "bus_dcc": 2.7835, "bus_lcAssertive": 2.1921, "bus_lcCooperative": 0.0416, "bus_lcLookaheadLeft": 7.7466, "bus_lcPushy": 0.1274, "bus_lcSigma": 0.5198, "bus_lcSpeedGainRight": 2.2228, "bus_lcSublane": 0.5527, "bus_sigma": 0.2765, "bus_tau_mean": 1.5815, "bus_tau_std": 4.2416, "bus_v_mean": 15.7167, "bus_v_std": 15.9811, "car_acc": 3.1386, "car_dcc": 0.6769, "car_lcAssertive": 55.3542, "car_lcCooperative": 0.7595, "car_lcLookaheadLeft": 35.923, "car_lcPushy": 0.9564, "car_lcSigma": 0.0573, "car_lcSpeedGainRight": 2.9833, "car_lcSublane": 0.8351, "car_sigma": 0.7224, "car_tau_mean": 3.1573, "car_tau_std": 2.6142, "car_v_mean": 20.9901, "car_v_std": 16.0608}, "datetime": {"datetime": "2024-08-10 16:06:06", "elapsed": 12616.6545, "delta": 11.468701}}
{"target": -0.26792130413576143, "params": {"bus_acc": 1.4012, "bus_dcc": 1.4243, "bus_lcAssertive": 12.2731, "bus_lcCooperative": 0.0068, "bus_lcLookaheadLeft": 57.6957, "bus_lcPushy": 0.3405, "bus_lcSigma": 0.5569, "bus_lcSpeedGainRight": 0.5873, "bus_lcSublane": 0.4731, "bus_sigma": 0.9912, "bus_tau_mean": 2.004, "bus_tau_std": 9.6745, "bus_v_mean": 13.0525, "bus_v_std": 7.2881, "car_acc": 3.2523, "car_dcc": 0.4608, "car_lcAssertive": 99.0142, "car_lcCooperative": 0.1951, "car_lcLookaheadLeft": 31.8541, "car_lcPushy": 0.4487, "car_lcSigma": 0.9837, "car_lcSpeedGainRight": 3.9232, "car_lcSublane": 0.3383, "car_sigma": 0.6542, "car_tau_mean": 2.7974, "car_tau_std": 3.9884, "car_v_mean": 17.3348, "car_v_std": 9.6269}, "datetime": {"datetime": "2024-08-10 16:06:17", "elapsed": 12627.736551, "delta": 11.082051}}
{"target": -0.3515252762088394, "params": {"bus_acc": 1.9716, "bus_dcc": 1.8894, "bus_lcAssertive": 31.1952, "bus_lcCooperative": 0.8113, "bus_lcLookaheadLeft": 47.8022, "bus_lcPushy": 0.7049, "bus_lcSigma": 0.621, "bus_lcSpeedGainRight": 2.2255, "bus_lcSublane": 0.3137, "bus_sigma": 0.7403, "bus_tau_mean": 1.6332, "bus_tau_std": 3.1107, "bus_v_mean": 20.0207, "bus_v_std": 8.2861, "car_acc": 1.4237, "car_dcc": 2.8552, "car_lcAssertive": 31.2666, "car_lcCooperative": 0.4182, "car_lcLookaheadLeft": 58.1219, "car_lcPushy": 0.7429, "car_lcSigma": 0.6509, "car_lcSpeedGainRight": 1.094, "car_lcSublane": 0.6222, "car_sigma": 0.6446, "car_tau_mean": 2.6246, "car_tau_std": 8.0401, "car_v_mean": 12.6681, "car_v_std": 2.7776}, "datetime": {"datetime": "2024-08-10 16:06:33", "elapsed": 12643.15179, "delta": 15.415239}}
{"target": -0.4253282018485683, "params": {"bus_acc": 3.829, "bus_dcc": 1.6752, "bus_lcAssertive": 68.5791, "bus_lcCooperative": 0.5067, "bus_lcLookaheadLeft": 88.8766, "bus_lcPushy": 0.1133, "bus_lcSigma": 0.0223, "bus_lcSpeedGainRight": 1.6061, "bus_lcSublane": 0.7556, "bus_sigma": 0.5467, "bus_tau_mean": 0.6978, "bus_tau_std": 4.2844, "bus_v_mean": 21.1568, "bus_v_std": 4.7191, "car_acc": 0.924, "car_dcc": 3.2631, "car_lcAssertive": 29.6013, "car_lcCooperative": 0.7447, "car_lcLookaheadLeft": 49.6865, "car_lcPushy": 0.5632, "car_lcSigma": 0.0733, "car_lcSpeedGainRight": 3.6704, "car_lcSublane": 0.5563, "car_sigma": 0.3041, "car_tau_mean": 2.8238, "car_tau_std": 9.4021, "car_v_mean": 20.4096, "car_v_std": 16.1642}, "datetime": {"datetime": "2024-08-10 16:06:41", "elapsed": 12651.423307, "delta": 8.271517}}
{"target": -0.7468952990302798, "params": {"bus_acc": 1.2127, "bus_dcc": 1.0367, "bus_lcAssertive": 54.1434, "bus_lcCooperative": 0.7923, "bus_lcLookaheadLeft": 64.6919, "bus_lcPushy": 0.3543, "bus_lcSigma": 0.9038, "bus_lcSpeedGainRight": 1.673, "bus_lcSublane": 0.7381, "bus_sigma": 0.8357, "bus_tau_mean": 2.5601, "bus_tau_std": 5.1387, "bus_v_mean": 18.0242, "bus_v_std": 1.5331, "car_acc": 0.4019, "car_dcc": 3.7121, "car_lcAssertive": 34.4293, "car_lcCooperative": 0.6054, "car_lcLookaheadLeft": 56.7745, "car_lcPushy": 0.7088, "car_lcSigma": 0.8139, "car_lcSpeedGainRight": 4.0023, "car_lcSublane": 0.4694, "car_sigma": 0.9739, "car_tau_mean": 1.3864, "car_tau_std": 4.1989, "car_v_mean": 25.7496, "car_v_std": 13.1266}, "datetime": {"datetime": "2024-08-10 16:06:52", "elapsed": 12662.21242, "delta": 10.789113}}
{"target": -0.6992956744236697, "params": {"bus_acc": 2.7266, "bus_dcc": 2.5158, "bus_lcAssertive": 41.4968, "bus_lcCooperative": 0.0564, "bus_lcLookaheadLeft": 62.0391, "bus_lcPushy": 0.3803, "bus_lcSigma": 0.3029, "bus_lcSpeedGainRight": 1.3232, "bus_lcSublane": 0.2525, "bus_sigma": 0.5819, "bus_tau_mean": 0.7753, "bus_tau_std": 0.4871, "bus_v_mean": 11.8315, "bus_v_std": 2.0414, "car_acc": 0.3859, "car_dcc": 2.5341, "car_lcAssertive": 71.7033, "car_lcCooperative": 0.2782, "car_lcLookaheadLeft": 66.9698, "car_lcPushy": 0.9782, "car_lcSigma": 0.365, "car_lcSpeedGainRight": 1.8183, "car_lcSublane": 0.809, "car_sigma": 0.8145, "car_tau_mean": 2.112, "car_tau_std": 3.0449, "car_v_mean": 21.8151, "car_v_std": 7.4516}, "datetime": {"datetime": "2024-08-10 16:07:01", "elapsed": 12671.240032, "delta": 9.027612}}
{"target": -0.37682865866764703, "params": {"bus_acc": 3.155, "bus_dcc": 1.1981, "bus_lcAssertive": 48.926, "bus_lcCooperative": 0.0768, "bus_lcLookaheadLeft": 45.9528, "bus_lcPushy": 0.3908, "bus_lcSigma": 0.105, "bus_lcSpeedGainRight": 4.5934, "bus_lcSublane": 0.9065, "bus_sigma": 0.0983, "bus_tau_mean": 3.9256, "bus_tau_std": 8.8633, "bus_v_mean": 23.5696, "bus_v_std": 17.4141, "car_acc": 3.7379, "car_dcc": 0.3821, "car_lcAssertive": 30.476, "car_lcCooperative": 0.7376, "car_lcLookaheadLeft": 26.6764, "car_lcPushy": 0.8188, "car_lcSigma": 0.6845, "car_lcSpeedGainRight": 3.5398, "car_lcSublane": 0.039, "car_sigma": 0.6824, "car_tau_mean": 3.582, "car_tau_std": 3.6911, "car_v_mean": 19.2549, "car_v_std": 6.3287}, "datetime": {"datetime": "2024-08-10 16:07:06", "elapsed": 12677.097719, "delta": 5.857687}}
{"target": -0.31487199819508144, "params": {"bus_acc": 1.2942, "bus_dcc": 0.4589, "bus_lcAssertive": 42.985, "bus_lcCooperative": 0.7938, "bus_lcLookaheadLeft": 99.7916, "bus_lcPushy": 0.6842, "bus_lcSigma": 0.0304, "bus_lcSpeedGainRight": 4.681, "bus_lcSublane": 0.8479, "bus_sigma": 0.0721, "bus_tau_mean": 3.8136, "bus_tau_std": 5.3691, "bus_v_mean": 13.4847, "bus_v_std": 13.4005, "car_acc": 2.0682, "car_dcc": 3.9219, "car_lcAssertive": 60.4021, "car_lcCooperative": 0.2771, "car_lcLookaheadLeft": 42.0777, "car_lcPushy": 0.0727, "car_lcSigma": 0.0235, "car_lcSpeedGainRight": 4.9362, "car_lcSublane": 0.255, "car_sigma": 0.494, "car_tau_mean": 3.2998, "car_tau_std": 0.261, "car_v_mean": 25.2228, "car_v_std": 12.747}, "datetime": {"datetime": "2024-08-10 16:07:17", "elapsed": 12687.526866, "delta": 10.429147}}
{"target": -0.2971093368409547, "params": {"bus_acc": 2.1722, "bus_dcc": 0.7569, "bus_lcAssertive": 84.1808, "bus_lcCooperative": 0.9054, "bus_lcLookaheadLeft": 99.6794, "bus_lcPushy": 0.072, "bus_lcSigma": 0.0205, "bus_lcSpeedGainRight": 2.1787, "bus_lcSublane": 0.1919, "bus_sigma": 0.0509, "bus_tau_mean": 1.9792, "bus_tau_std": 7.0718, "bus_v_mean": 22.6283, "bus_v_std": 5.2078, "car_acc": 2.8369, "car_dcc": 2.4545, "car_lcAssertive": 38.2598, "car_lcCooperative": 0.5693, "car_lcLookaheadLeft": 81.5585, "car_lcPushy": 0.7439, "car_lcSigma": 0.0433, "car_lcSpeedGainRight": 2.3052, "car_lcSublane": 0.1818, "car_sigma": 0.3646, "car_tau_mean": 1.8298, "car_tau_std": 9.8096, "car_v_mean": 10.8158, "car_v_std": 0.2214}, "datetime": {"datetime": "2024-08-10 16:07:23", "elapsed": 12693.72544, "delta": 6.198574}}
{"target": -0.7250628549456762, "params": {"bus_acc": 2.2322, "bus_dcc": 0.4804, "bus_lcAssertive": 30.1733, "bus_lcCooperative": 0.3406, "bus_lcLookaheadLeft": 60.8518, "bus_lcPushy": 0.1112, "bus_lcSigma": 0.182, "bus_lcSpeedGainRight": 1.4098, "bus_lcSublane": 0.2046, "bus_sigma": 0.9186, "bus_tau_mean": 3.7228, "bus_tau_std": 5.9262, "bus_v_mean": 20.9326, "bus_v_std": 4.9942, "car_acc": 0.5961, "car_dcc": 3.2551, "car_lcAssertive": 82.8601, "car_lcCooperative": 0.6211, "car_lcLookaheadLeft": 78.1803, "car_lcPushy": 0.7428, "car_lcSigma": 0.0027, "car_lcSpeedGainRight": 2.5693, "car_lcSublane": 0.678, "car_sigma": 0.2041, "car_tau_mean": 3.7387, "car_tau_std": 1.5947, "car_v_mean": 12.8751, "car_v_std": 14.7017}, "datetime": {"datetime": "2024-08-10 16:07:29", "elapsed": 12700.00559, "delta": 6.28015}}
{"target": -0.3197376437144272, "params": {"bus_acc": 2.8536, "bus_dcc": 0.4459, "bus_lcAssertive": 63.1653, "bus_lcCooperative": 0.2784, "bus_lcLookaheadLeft": 92.2532, "bus_lcPushy": 0.6762, "bus_lcSigma": 0.5581, "bus_lcSpeedGainRight": 4.3431, "bus_lcSublane": 0.4553, "bus_sigma": 0.0254, "bus_tau_mean": 2.8778, "bus_tau_std": 8.5873, "bus_v_mean": 16.8943, "bus_v_std": 16.9917, "car_acc": 1.8357, "car_dcc": 1.4934, "car_lcAssertive": 64.0259, "car_lcCooperative": 0.7187, "car_lcLookaheadLeft": 2.6739, "car_lcPushy": 0.622, "car_lcSigma": 0.3824, "car_lcSpeedGainRight": 4.4683, "car_lcSublane": 0.0485, "car_sigma": 0.424, "car_tau_mean": 0.7376, "car_tau_std": 9.2904, "car_v_mean": 11.0358, "car_v_std": 19.657}, "datetime": {"datetime": "2024-08-10 16:07:38", "elapsed": 12708.599472, "delta": 8.593882}}
{"target": -0.37343892367714826, "params": {"bus_acc": 2.2909, "bus_dcc": 2.288, "bus_lcAssertive": 85.5058, "bus_lcCooperative": 0.085, "bus_lcLookaheadLeft": 96.3603, "bus_lcPushy": 0.9134, "bus_lcSigma": 0.5832, "bus_lcSpeedGainRight": 1.155, "bus_lcSublane": 0.5783, "bus_sigma": 0.281, "bus_tau_mean": 1.5383, "bus_tau_std": 7.686, "bus_v_mean": 11.6466, "bus_v_std": 8.1327, "car_acc": 1.0779, "car_dcc": 2.6831, "car_lcAssertive": 94.6337, "car_lcCooperative": 0.8213, "car_lcLookaheadLeft": 80.4134, "car_lcPushy": 0.1122, "car_lcSigma": 0.3011, "car_lcSpeedGainRight": 3.7161, "car_lcSublane": 0.7848, "car_sigma": 0.341, "car_tau_mean": 1.815, "car_tau_std": 4.2149, "car_v_mean": 17.9503, "car_v_std": 12.9213}, "datetime": {"datetime": "2024-08-10 16:07:44", "elapsed": 12714.648823, "delta": 6.049351}}
