{"target": -0.3369087192864475, "params": {"bus_acc": 1.5065, "bus_dcc": 0.2956, "bus_lcAssertive": 52.2846, "bus_lcCooperative": 0.3417, "bus_lcLookaheadLeft": 95.629, "bus_lcPushy": 0.3739, "bus_lcSigma": 0.1731, "bus_lcSpeedGainRight": 2.9325, "bus_lcSublane": 0.5688, "bus_sigma": 0.7651, "bus_tau_mean": 2.9614, "bus_tau_std": 2.33, "bus_v_mean": 17.4596, "bus_v_std": 2.7308, "car_acc": 3.4186, "car_dcc": 2.3469, "car_lcAssertive": 20.5952, "car_lcCooperative": 0.5913, "car_lcLookaheadLeft": 17.1171, "car_lcPushy": 0.0241, "car_lcSigma": 0.3642, "car_lcSpeedGainRight": 1.8293, "car_lcSublane": 0.9595, "car_sigma": 0.1521, "car_tau_mean": 3.3402, "car_tau_std": 4.5948, "car_v_mean": 9.4392, "car_v_std": 6.1111}, "datetime": {"datetime": "2024-08-10 13:00:04", "elapsed": 1454.903862, "delta": 6.708556}}
{"target": -0.3215548027503425, "params": {"bus_acc": 3.0538, "bus_dcc": 0.9429, "bus_lcAssertive": 51.126, "bus_lcCooperative": 0.2259, "bus_lcLookaheadLeft": 50.1592, "bus_lcPushy": 0.9187, "bus_lcSigma": 0.5139, "bus_lcSpeedGainRight": 2.3849, "bus_lcSublane": 0.1667, "bus_sigma": 0.2586, "bus_tau_mean": 2.704, "bus_tau_std": 0.0784, "bus_v_mean": 11.6757, "bus_v_std": 8.765, "car_acc": 0.7841, "car_dcc": 3.2305, "car_lcAssertive": 97.1904, "car_lcCooperative": 0.7863, "car_lcLookaheadLeft": 26.7013, "car_lcPushy": 0.4536, "car_lcSigma": 0.1858, "car_lcSpeedGainRight": 0.0386, "car_lcSublane": 0.4818, "car_sigma": 0.2839, "car_tau_mean": 1.6767, "car_tau_std": 2.6836, "car_v_mean": 9.3652, "car_v_std": 1.9356}, "datetime": {"datetime": "2024-08-10 13:00:08", "elapsed": 1459.074687, "delta": 4.170825}}
{"target": -0.25754181770765167, "params": {"bus_acc": 2.4112, "bus_dcc": 3.8687, "bus_lcAssertive": 14.2267, "bus_lcCooperative": 0.8471, "bus_lcLookaheadLeft": 78.4563, "bus_lcPushy": 1.0, "bus_lcSigma": 1.0, "bus_lcSpeedGainRight": 1.2631, "bus_lcSublane": 1.0, "bus_sigma": 0.3996, "bus_tau_mean": 3.5178, "bus_tau_std": 8.6031, "bus_v_mean": 18.4139, "bus_v_std": 10.1793, "car_acc": 4.0, "car_dcc": 0.5485, "car_lcAssertive": 2.2953, "car_lcCooperative": 0.6001, "car_lcLookaheadLeft": 51.9044, "car_lcPushy": 0.8886, "car_lcSigma": 0.7194, "car_lcSpeedGainRight": 1.8117, "car_lcSublane": 0.5505, "car_sigma": 1.0, "car_tau_mean": 1.9539, "car_tau_std": 5.2728, "car_v_mean": 22.9514, "car_v_std": 12.5721}, "datetime": {"datetime": "2024-08-10 13:00:14", "elapsed": 1464.804798, "delta": 5.730111}}
{"target": -0.4528191406377476, "params": {"bus_acc": 1.5609, "bus_dcc": 3.0598, "bus_lcAssertive": 96.2275, "bus_lcCooperative": 0.1059, "bus_lcLookaheadLeft": 28.9918, "bus_lcPushy": 0.9758, "bus_lcSigma": 0.8144, "bus_lcSpeedGainRight": 3.6432, "bus_lcSublane": 0.8146, "bus_sigma": 0.762, "bus_tau_mean": 2.4645, "bus_tau_std": 4.9116, "bus_v_mean": 16.5309, "bus_v_std": 16.6794, "car_acc": 1.439, "car_dcc": 1.9625, "car_lcAssertive": 60.4638, "car_lcCooperative": 0.6043, "car_lcLookaheadLeft": 71.9409, "car_lcPushy": 0.6785, "car_lcSigma": 0.5885, "car_lcSpeedGainRight": 1.1437, "car_lcSublane": 0.366, "car_sigma": 0.8527, "car_tau_mean": 2.5736, "car_tau_std": 5.0852, "car_v_mean": 14.246, "car_v_std": 10.9662}, "datetime": {"datetime": "2024-08-10 13:00:21", "elapsed": 1471.980695, "delta": 7.175897}}
{"target": -0.4640386776306504, "params": {"bus_acc": 0.468, "bus_dcc": 2.7058, "bus_lcAssertive": 98.3288, "bus_lcCooperative": 0.2246, "bus_lcLookaheadLeft": 37.2662, "bus_lcPushy": 0.4613, "bus_lcSigma": 0.2254, "bus_lcSpeedGainRight": 0.5925, "bus_lcSublane": 0.6476, "bus_sigma": 0.5455, "bus_tau_mean": 3.7987, "bus_tau_std": 3.3339, "bus_v_mean": 15.2676, "bus_v_std": 6.6864, "car_acc": 1.4361, "car_dcc": 3.5558, "car_lcAssertive": 34.5424, "car_lcCooperative": 0.6425, "car_lcLookaheadLeft": 75.5297, "car_lcPushy": 0.4569, "car_lcSigma": 0.0903, "car_lcSpeedGainRight": 3.3475, "car_lcSublane": 0.0684, "car_sigma": 0.4142, "car_tau_mean": 3.4782, "car_tau_std": 0.8235, "car_v_mean": 8.4123, "car_v_std": 19.4905}, "datetime": {"datetime": "2024-08-10 13:00:28", "elapsed": 1478.286289, "delta": 6.305594}}
{"target": -0.33324728692758393, "params": {"bus_acc": 2.8949, "bus_dcc": 3.7861, "bus_lcAssertive": 29.1505, "bus_lcCooperative": 0.5964, "bus_lcLookaheadLeft": 41.2773, "bus_lcPushy": 0.2717, "bus_lcSigma": 0.0058, "bus_lcSpeedGainRight": 4.5762, "bus_lcSublane": 0.9744, "bus_sigma": 0.9491, "bus_tau_mean": 2.5148, "bus_tau_std": 5.6842, "bus_v_mean": 21.3424, "bus_v_std": 19.3573, "car_acc": 1.1336, "car_dcc": 3.7108, "car_lcAssertive": 53.2067, "car_lcCooperative": 0.4291, "car_lcLookaheadLeft": 87.0573, "car_lcPushy": 0.0482, "car_lcSigma": 0.7932, "car_lcSpeedGainRight": 4.672, "car_lcSublane": 0.2463, "car_sigma": 0.1856, "car_tau_mean": 2.3495, "car_tau_std": 1.9004, "car_v_mean": 12.8273, "car_v_std": 0.3896}, "datetime": {"datetime": "2024-08-10 13:00:31", "elapsed": 1481.427279, "delta": 3.14099}}
{"target": -0.26336291529135214, "params": {"bus_acc": 1.0809, "bus_dcc": 1.9725, "bus_lcAssertive": 91.4035, "bus_lcCooperative": 0.2806, "bus_lcLookaheadLeft": 48.9387, "bus_lcPushy": 0.6378, "bus_lcSigma": 0.9253, "bus_lcSpeedGainRight": 1.6646, "bus_lcSublane": 0.3101, "bus_sigma": 0.4095, "bus_tau_mean": 1.1833, "bus_tau_std": 2.2378, "bus_v_mean": 20.8472, "bus_v_std": 19.7342, "car_acc": 3.8535, "car_dcc": 0.324, "car_lcAssertive": 53.9023, "car_lcCooperative": 0.1222, "car_lcLookaheadLeft": 94.1141, "car_lcPushy": 0.0492, "car_lcSigma": 0.4173, "car_lcSpeedGainRight": 1.4996, "car_lcSublane": 0.3761, "car_sigma": 0.0375, "car_tau_mean": 2.278, "car_tau_std": 6.3917, "car_v_mean": 19.0999, "car_v_std": 18.6089}, "datetime": {"datetime": "2024-08-10 13:00:37", "elapsed": 1487.536675, "delta": 6.109396}}
{"target": -0.3448716595821571, "params": {"bus_acc": 0.5499, "bus_dcc": 2.5744, "bus_lcAssertive": 21.415, "bus_lcCooperative": 0.1192, "bus_lcLookaheadLeft": 59.8091, "bus_lcPushy": 0.6186, "bus_lcSigma": 0.533, "bus_lcSpeedGainRight": 4.2097, "bus_lcSublane": 0.9729, "bus_sigma": 0.8454, "bus_tau_mean": 2.5143, "bus_tau_std": 8.3985, "bus_v_mean": 8.9278, "bus_v_std": 13.8083, "car_acc": 2.5987, "car_dcc": 1.607, "car_lcAssertive": 96.8369, "car_lcCooperative": 0.5467, "car_lcLookaheadLeft": 47.513, "car_lcPushy": 0.1331, "car_lcSigma": 0.6108, "car_lcSpeedGainRight": 0.1654, "car_lcSublane": 0.4067, "car_sigma": 0.0315, "car_tau_mean": 2.3239, "car_tau_std": 8.9582, "car_v_mean": 22.9395, "car_v_std": 1.8322}, "datetime": {"datetime": "2024-08-10 13:00:40", "elapsed": 1490.191249, "delta": 2.654574}}
{"target": -0.3230847140296888, "params": {"bus_acc": 3.3731, "bus_dcc": 0.2215, "bus_lcAssertive": 47.5071, "bus_lcCooperative": 0.42, "bus_lcLookaheadLeft": 73.7923, "bus_lcPushy": 0.4949, "bus_lcSigma": 0.8818, "bus_lcSpeedGainRight": 0.2093, "bus_lcSublane": 0.7358, "bus_sigma": 0.2823, "bus_tau_mean": 2.3286, "bus_tau_std": 3.3853, "bus_v_mean": 22.1413, "bus_v_std": 5.6918, "car_acc": 2.7468, "car_dcc": 3.4857, "car_lcAssertive": 20.2831, "car_lcCooperative": 0.5664, "car_lcLookaheadLeft": 74.9368, "car_lcPushy": 0.7046, "car_lcSigma": 0.0373, "car_lcSpeedGainRight": 3.2493, "car_lcSublane": 0.1525, "car_sigma": 0.8945, "car_tau_mean": 3.836, "car_tau_std": 7.3625, "car_v_mean": 23.7878, "car_v_std": 13.6416}, "datetime": {"datetime": "2024-08-10 13:00:44", "elapsed": 1494.437144, "delta": 4.245895}}
{"target": -0.3288990698077579, "params": {"bus_acc": 2.3277, "bus_dcc": 2.6583, "bus_lcAssertive": 65.3487, "bus_lcCooperative": 0.2454, "bus_lcLookaheadLeft": 34.2382, "bus_lcPushy": 0.3355, "bus_lcSigma": 0.2497, "bus_lcSpeedGainRight": 1.6489, "bus_lcSublane": 0.6659, "bus_sigma": 0.8059, "bus_tau_mean": 1.8955, "bus_tau_std": 3.0363, "bus_v_mean": 16.4737, "bus_v_std": 6.5788, "car_acc": 3.225, "car_dcc": 1.9842, "car_lcAssertive": 71.5539, "car_lcCooperative": 0.0928, "car_lcLookaheadLeft": 43.4167, "car_lcPushy": 0.79, "car_lcSigma": 0.6158, "car_lcSpeedGainRight": 2.9882, "car_lcSublane": 0.6562, "car_sigma": 0.0006, "car_tau_mean": 3.2246, "car_tau_std": 9.0006, "car_v_mean": 13.4214, "car_v_std": 13.7772}, "datetime": {"datetime": "2024-08-10 13:00:51", "elapsed": 1501.795887, "delta": 7.358743}}
{"target": -0.3565812136309441, "params": {"bus_acc": 3.2835, "bus_dcc": 2.2617, "bus_lcAssertive": 54.0869, "bus_lcCooperative": 0.0732, "bus_lcLookaheadLeft": 69.6091, "bus_lcPushy": 0.4646, "bus_lcSigma": 0.0775, "bus_lcSpeedGainRight": 2.9424, "bus_lcSublane": 0.4204, "bus_sigma": 0.3673, "bus_tau_mean": 3.996, "bus_tau_std": 5.0031, "bus_v_mean": 19.9071, "bus_v_std": 10.6367, "car_acc": 1.2603, "car_dcc": 1.9811, "car_lcAssertive": 75.2906, "car_lcCooperative": 0.7928, "car_lcLookaheadLeft": 29.4166, "car_lcPushy": 0.7578, "car_lcSigma": 0.9429, "car_lcSpeedGainRight": 1.6972, "car_lcSublane": 0.5738, "car_sigma": 0.3807, "car_tau_mean": 1.8703, "car_tau_std": 9.1749, "car_v_mean": 23.2436, "car_v_std": 12.4036}, "datetime": {"datetime": "2024-08-10 13:00:55", "elapsed": 1505.83484, "delta": 4.038953}}
{"target": -0.3303512918002841, "params": {"bus_acc": 1.2283, "bus_dcc": 2.9283, "bus_lcAssertive": 66.0077, "bus_lcCooperative": 0.0956, "bus_lcLookaheadLeft": 51.0365, "bus_lcPushy": 0.7543, "bus_lcSigma": 0.2521, "bus_lcSpeedGainRight": 4.0006, "bus_lcSublane": 0.388, "bus_sigma": 0.1993, "bus_tau_mean": 1.9748, "bus_tau_std": 4.8894, "bus_v_mean": 9.4514, "bus_v_std": 1.8635, "car_acc": 3.4899, "car_dcc": 3.0142, "car_lcAssertive": 36.5507, "car_lcCooperative": 0.7907, "car_lcLookaheadLeft": 86.56, "car_lcPushy": 0.0244, "car_lcSigma": 0.3058, "car_lcSpeedGainRight": 3.6506, "car_lcSublane": 0.0526, "car_sigma": 0.6965, "car_tau_mean": 1.4746, "car_tau_std": 6.5619, "car_v_mean": 15.2671, "car_v_std": 17.8776}, "datetime": {"datetime": "2024-08-10 13:00:59", "elapsed": 1509.326301, "delta": 3.491461}}
{"target": -0.3313058650816216, "params": {"bus_acc": 0.7524, "bus_dcc": 1.1245, "bus_lcAssertive": 14.195, "bus_lcCooperative": 0.1404, "bus_lcLookaheadLeft": 79.9234, "bus_lcPushy": 0.5004, "bus_lcSigma": 0.0758, "bus_lcSpeedGainRight": 1.8127, "bus_lcSublane": 0.8055, "bus_sigma": 0.5808, "bus_tau_mean": 1.15, "bus_tau_std": 9.1965, "bus_v_mean": 20.5422, "bus_v_std": 3.0231, "car_acc": 0.7332, "car_dcc": 1.2941, "car_lcAssertive": 85.3703, "car_lcCooperative": 0.7176, "car_lcLookaheadLeft": 76.5938, "car_lcPushy": 0.1032, "car_lcSigma": 0.8097, "car_lcSpeedGainRight": 0.8306, "car_lcSublane": 0.3414, "car_sigma": 0.1674, "car_tau_mean": 2.6077, "car_tau_std": 4.9577, "car_v_mean": 16.1537, "car_v_std": 17.1939}, "datetime": {"datetime": "2024-08-10 13:01:04", "elapsed": 1514.458496, "delta": 5.132195}}
{"target": -0.49251665900792024, "params": {"bus_acc": 0.2079, "bus_dcc": 1.4261, "bus_lcAssertive": 72.7307, "bus_lcCooperative": 0.8462, "bus_lcLookaheadLeft": 57.6162, "bus_lcPushy": 0.9053, "bus_lcSigma": 0.4988, "bus_lcSpeedGainRight": 1.4137, "bus_lcSublane": 0.6191, "bus_sigma": 0.0235, "bus_tau_mean": 3.7067, "bus_tau_std": 0.0233, "bus_v_mean": 16.6564, "bus_v_std": 14.7029, "car_acc": 1.325, "car_dcc": 3.4888, "car_lcAssertive": 32.6993, "car_lcCooperative": 0.0558, "car_lcLookaheadLeft": 8.3562, "car_lcPushy": 0.8458, "car_lcSigma": 0.4776, "car_lcSpeedGainRight": 0.587, "car_lcSublane": 0.0122, "car_sigma": 0.3738, "car_tau_mean": 1.6675, "car_tau_std": 1.4014, "car_v_mean": 22.1448, "car_v_std": 2.3972}, "datetime": {"datetime": "2024-08-10 13:01:07", "elapsed": 1517.90314, "delta": 3.444644}}
{"target": -0.2293741037139139, "params": {"bus_acc": 2.5, "bus_dcc": 3.9576, "bus_lcAssertive": 14.3155, "bus_lcCooperative": 0.936, "bus_lcLookaheadLeft": 78.5233, "bus_lcPushy": 1.0, "bus_lcSigma": 1.0, "bus_lcSpeedGainRight": 1.352, "bus_lcSublane": 1.0, "bus_sigma": 0.4898, "bus_tau_mean": 3.6067, "bus_tau_std": 8.6933, "bus_v_mean": 18.5028, "bus_v_std": 10.2696, "car_acc": 4.0, "car_dcc": 0.6155, "car_lcAssertive": 2.3841, "car_lcCooperative": 0.6671, "car_lcLookaheadLeft": 51.9933, "car_lcPushy": 0.9774, "car_lcSigma": 0.7865, "car_lcSpeedGainRight": 1.9006, "car_lcSublane": 0.6175, "car_sigma": 1.0, "car_tau_mean": 2.0427, "car_tau_std": 5.3617, "car_v_mean": 23.0402, "car_v_std": 12.6623}, "datetime": {"datetime": "2024-08-10 13:01:11", "elapsed": 1521.851122, "delta": 3.947982}}
{"target": -0.7279435106311724, "params": {"bus_acc": 1.8654, "bus_dcc": 1.3518, "bus_lcAssertive": 11.2238, "bus_lcCooperative": 0.0944, "bus_lcLookaheadLeft": 78.7986, "bus_lcPushy": 0.5976, "bus_lcSigma": 0.1952, "bus_lcSpeedGainRight": 1.5021, "bus_lcSublane": 0.7573, "bus_sigma": 0.5275, "bus_tau_mean": 1.7436, "bus_tau_std": 4.3431, "bus_v_mean": 20.9542, "bus_v_std": 8.9249, "car_acc": 0.2266, "car_dcc": 3.4352, "car_lcAssertive": 3.5041, "car_lcCooperative": 0.0571, "car_lcLookaheadLeft": 49.6689, "car_lcPushy": 0.4267, "car_lcSigma": 0.6419, "car_lcSpeedGainRight": 0.7596, "car_lcSublane": 0.8598, "car_sigma": 0.2166, "car_tau_mean": 2.4736, "car_tau_std": 3.2023, "car_v_mean": 21.8662, "car_v_std": 8.1322}, "datetime": {"datetime": "2024-08-10 13:01:16", "elapsed": 1526.162016, "delta": 4.310894}}
{"target": -0.3478934479250237, "params": {"bus_acc": 2.9321, "bus_dcc": 0.9223, "bus_lcAssertive": 23.7443, "bus_lcCooperative": 0.0196, "bus_lcLookaheadLeft": 9.5809, "bus_lcPushy": 0.8909, "bus_lcSigma": 0.0393, "bus_lcSpeedGainRight": 3.0506, "bus_lcSublane": 0.1336, "bus_sigma": 0.4875, "bus_tau_mean": 3.4862, "bus_tau_std": 8.8202, "bus_v_mean": 17.4959, "bus_v_std": 4.3016, "car_acc": 2.8204, "car_dcc": 1.3742, "car_lcAssertive": 44.8768, "car_lcCooperative": 0.8377, "car_lcLookaheadLeft": 90.1887, "car_lcPushy": 0.5285, "car_lcSigma": 0.2506, "car_lcSpeedGainRight": 0.8831, "car_lcSublane": 0.9813, "car_sigma": 0.37, "car_tau_mean": 2.4392, "car_tau_std": 6.2636, "car_v_mean": 16.9223, "car_v_std": 4.2135}, "datetime": {"datetime": "2024-08-10 13:01:22", "elapsed": 1532.769714, "delta": 6.607698}}
{"target": -0.41890912828980936, "params": {"bus_acc": 0.5363, "bus_dcc": 1.8236, "bus_lcAssertive": 76.891, "bus_lcCooperative": 0.6754, "bus_lcLookaheadLeft": 60.1065, "bus_lcPushy": 0.6239, "bus_lcSigma": 0.6915, "bus_lcSpeedGainRight": 3.2094, "bus_lcSublane": 0.8586, "bus_sigma": 0.5015, "bus_tau_mean": 1.6285, "bus_tau_std": 0.0346, "bus_v_mean": 8.1715, "bus_v_std": 18.848, "car_acc": 0.9636, "car_dcc": 1.3201, "car_lcAssertive": 87.3718, "car_lcCooperative": 0.2099, "car_lcLookaheadLeft": 6.431, "car_lcPushy": 0.656, "car_lcSigma": 0.8584, "car_lcSpeedGainRight": 4.3244, "car_lcSublane": 0.3437, "car_sigma": 0.8222, "car_tau_mean": 0.7128, "car_tau_std": 5.1165, "car_v_mean": 17.488, "car_v_std": 5.7185}, "datetime": {"datetime": "2024-08-10 13:01:28", "elapsed": 1539.073239, "delta": 6.303525}}
{"target": -0.33306331609729567, "params": {"bus_acc": 1.521, "bus_dcc": 2.1904, "bus_lcAssertive": 62.8099, "bus_lcCooperative": 0.9155, "bus_lcLookaheadLeft": 62.6596, "bus_lcPushy": 0.3527, "bus_lcSigma": 0.5263, "bus_lcSpeedGainRight": 4.5091, "bus_lcSublane": 0.4695, "bus_sigma": 0.3856, "bus_tau_mean": 2.8866, "bus_tau_std": 6.5432, "bus_v_mean": 8.3577, "bus_v_std": 17.7891, "car_acc": 2.2295, "car_dcc": 1.8607, "car_lcAssertive": 36.3518, "car_lcCooperative": 0.3274, "car_lcLookaheadLeft": 16.6041, "car_lcPushy": 0.3925, "car_lcSigma": 0.9898, "car_lcSpeedGainRight": 4.041, "car_lcSublane": 0.86, "car_sigma": 0.5926, "car_tau_mean": 1.8564, "car_tau_std": 9.8649, "car_v_mean": 10.647, "car_v_std": 15.0377}, "datetime": {"datetime": "2024-08-10 13:01:32", "elapsed": 1542.189899, "delta": 3.11666}}
{"target": -0.4865366862346132, "params": {"bus_acc": 2.5449, "bus_dcc": 3.4899, "bus_lcAssertive": 85.5246, "bus_lcCooperative": 0.9, "bus_lcLookaheadLeft": 56.7841, "bus_lcPushy": 0.3044, "bus_lcSigma": 0.1104, "bus_lcSpeedGainRight": 2.0659, "bus_lcSublane": 0.2748, "bus_sigma": 0.6366, "bus_tau_mean": 3.9909, "bus_tau_std": 5.6431, "bus_v_mean": 13.6039, "bus_v_std": 12.5729, "car_acc": 0.9642, "car_dcc": 2.2563, "car_lcAssertive": 59.1525, "car_lcCooperative": 0.8187, "car_lcLookaheadLeft": 5.5493, "car_lcPushy": 0.8201, "car_lcSigma": 0.6652, "car_lcSpeedGainRight": 1.5773, "car_lcSublane": 0.5827, "car_sigma": 0.9764, "car_tau_mean": 2.0774, "car_tau_std": 9.3712, "car_v_mean": 9.0282, "car_v_std": 12.6922}, "datetime": {"datetime": "2024-08-10 13:01:35", "elapsed": 1545.5863, "delta": 3.396401}}
{"target": -0.3636399980323402, "params": {"bus_acc": 1.8914, "bus_dcc": 1.6759, "bus_lcAssertive": 18.476, "bus_lcCooperative": 0.7044, "bus_lcLookaheadLeft": 29.4604, "bus_lcPushy": 0.3153, "bus_lcSigma": 0.3012, "bus_lcSpeedGainRight": 0.8415, "bus_lcSublane": 0.6056, "bus_sigma": 0.5817, "bus_tau_mean": 1.2635, "bus_tau_std": 9.5999, "bus_v_mean": 15.7794, "bus_v_std": 13.0075, "car_acc": 2.4372, "car_dcc": 1.9744, "car_lcAssertive": 46.5947, "car_lcCooperative": 0.8121, "car_lcLookaheadLeft": 70.6396, "car_lcPushy": 0.5533, "car_lcSigma": 0.5587, "car_lcSpeedGainRight": 2.6499, "car_lcSublane": 0.3216, "car_sigma": 0.4628, "car_tau_mean": 2.9263, "car_tau_std": 1.8799, "car_v_mean": 18.9155, "car_v_std": 3.2114}, "datetime": {"datetime": "2024-08-10 13:01:39", "elapsed": 1549.228602, "delta": 3.642302}}
{"target": -0.692731750695708, "params": {"bus_acc": 1.8408, "bus_dcc": 2.8851, "bus_lcAssertive": 20.7031, "bus_lcCooperative": 0.8535, "bus_lcLookaheadLeft": 81.3881, "bus_lcPushy": 0.9052, "bus_lcSigma": 0.6427, "bus_lcSpeedGainRight": 4.9176, "bus_lcSublane": 0.1013, "bus_sigma": 0.4932, "bus_tau_mean": 1.6756, "bus_tau_std": 0.8004, "bus_v_mean": 18.6287, "bus_v_std": 6.2885, "car_acc": 0.2642, "car_dcc": 2.873, "car_lcAssertive": 90.3068, "car_lcCooperative": 0.0961, "car_lcLookaheadLeft": 16.3384, "car_lcPushy": 0.2482, "car_lcSigma": 0.418, "car_lcSpeedGainRight": 0.4776, "car_lcSublane": 0.463, "car_sigma": 0.0191, "car_tau_mean": 3.1367, "car_tau_std": 6.4341, "car_v_mean": 22.3412, "car_v_std": 10.9325}, "datetime": {"datetime": "2024-08-10 13:01:44", "elapsed": 1554.184107, "delta": 4.955505}}
{"target": -0.301476666338277, "params": {"bus_acc": 3.8276, "bus_dcc": 2.4899, "bus_lcAssertive": 85.8939, "bus_lcCooperative": 0.8182, "bus_lcLookaheadLeft": 70.3766, "bus_lcPushy": 0.763, "bus_lcSigma": 0.1163, "bus_lcSpeedGainRight": 3.3019, "bus_lcSublane": 0.8024, "bus_sigma": 0.1128, "bus_tau_mean": 2.1651, "bus_tau_std": 5.8735, "bus_v_mean": 12.6186, "bus_v_std": 14.4794, "car_acc": 1.6035, "car_dcc": 1.1157, "car_lcAssertive": 91.5584, "car_lcCooperative": 0.339, "car_lcLookaheadLeft": 12.0795, "car_lcPushy": 0.9946, "car_lcSigma": 0.4978, "car_lcSpeedGainRight": 0.4429, "car_lcSublane": 0.9996, "car_sigma": 0.6688, "car_tau_mean": 1.5123, "car_tau_std": 6.4514, "car_v_mean": 8.0709, "car_v_std": 0.6454}, "datetime": {"datetime": "2024-08-10 13:01:48", "elapsed": 1558.230197, "delta": 4.04609}}
{"target": -0.5413428887085684, "params": {"bus_acc": 0.4228, "bus_dcc": 3.0987, "bus_lcAssertive": 89.7942, "bus_lcCooperative": 0.3435, "bus_lcLookaheadLeft": 22.0915, "bus_lcPushy": 0.1168, "bus_lcSigma": 0.4817, "bus_lcSpeedGainRight": 4.1651, "bus_lcSublane": 0.3874, "bus_sigma": 0.9973, "bus_tau_mean": 0.5373, "bus_tau_std": 0.9242, "bus_v_mean": 16.059, "bus_v_std": 9.3009, "car_acc": 0.8026, "car_dcc": 1.5203, "car_lcAssertive": 27.5006, "car_lcCooperative": 0.3598, "car_lcLookaheadLeft": 25.3683, "car_lcPushy": 0.6051, "car_lcSigma": 0.3295, "car_lcSpeedGainRight": 0.6633, "car_lcSublane": 0.8246, "car_sigma": 0.28, "car_tau_mean": 3.9674, "car_tau_std": 1.7699, "car_v_mean": 9.8318, "car_v_std": 14.9895}, "datetime": {"datetime": "2024-08-10 13:01:51", "elapsed": 1561.80288, "delta": 3.572683}}
{"target": -0.36677609146432566, "params": {"bus_acc": 3.8852, "bus_dcc": 3.6958, "bus_lcAssertive": 37.5185, "bus_lcCooperative": 0.7119, "bus_lcLookaheadLeft": 73.8707, "bus_lcPushy": 0.4125, "bus_lcSigma": 0.3483, "bus_lcSpeedGainRight": 3.9535, "bus_lcSublane": 0.2293, "bus_sigma": 0.4843, "bus_tau_mean": 2.0171, "bus_tau_std": 1.0868, "bus_v_mean": 14.2821, "bus_v_std": 7.4011, "car_acc": 2.4398, "car_dcc": 1.2054, "car_lcAssertive": 11.9159, "car_lcCooperative": 0.5145, "car_lcLookaheadLeft": 56.684, "car_lcPushy": 0.776, "car_lcSigma": 0.7645, "car_lcSpeedGainRight": 2.7183, "car_lcSublane": 0.6607, "car_sigma": 0.4745, "car_tau_mean": 3.6496, "car_tau_std": 6.0591, "car_v_mean": 9.6483, "car_v_std": 3.4285}, "datetime": {"datetime": "2024-08-10 13:01:55", "elapsed": 1566.080371, "delta": 4.277491}}
{"target": -0.3242453322149631, "params": {"bus_acc": 3.4036, "bus_dcc": 1.4612, "bus_lcAssertive": 78.6589, "bus_lcCooperative": 0.6676, "bus_lcLookaheadLeft": 57.6293, "bus_lcPushy": 0.1904, "bus_lcSigma": 0.0664, "bus_lcSpeedGainRight": 0.1414, "bus_lcSublane": 0.0625, "bus_sigma": 0.08, "bus_tau_mean": 3.9669, "bus_tau_std": 6.8323, "bus_v_mean": 10.6313, "bus_v_std": 8.0454, "car_acc": 2.4566, "car_dcc": 2.2243, "car_lcAssertive": 56.8189, "car_lcCooperative": 0.9724, "car_lcLookaheadLeft": 10.4238, "car_lcPushy": 0.9809, "car_lcSigma": 0.0685, "car_lcSpeedGainRight": 2.7273, "car_lcSublane": 0.0442, "car_sigma": 0.2358, "car_tau_mean": 1.8227, "car_tau_std": 9.0989, "car_v_mean": 14.645, "car_v_std": 18.9238}, "datetime": {"datetime": "2024-08-10 13:02:00", "elapsed": 1570.927163, "delta": 4.846792}}
