{"target": -0.38895320763938274, "params": {"bus_acc": 3.991960257254629, "bus_dcc": 1.8480210097389125, "bus_lcAssertive": 30.18638916805104, "bus_lcCooperative": 0.04157423394916726, "bus_lcLookaheadLeft": 98.99128147110069, "bus_lcPushy": 0.4648876309118224, "bus_lcSigma": 0.7345850140503707, "bus_lcSpeedGainRight": 3.2040381202293733, "bus_lcSublane": 0.7230933996660097, "bus_sigma": 0.05111090382611627, "bus_tau_mean": 3.720158918933998, "bus_tau_std": 9.268412179022414, "bus_v_mean": 17.935910488775548, "bus_v_std": 19.278317773691022, "car_acc": 1.2676310405633961, "car_dcc": 2.488157183118872, "car_lcAssertive": 40.24980631520977, "car_lcCooperative": 0.6280232317552282, "car_lcLookaheadLeft": 31.461964275327315, "car_lcPushy": 0.8193583846560202, "car_lcSigma": 0.06978597850420853, "car_lcSpeedGainRight": 0.2093878514999814, "car_lcSublane": 0.049396384633314305, "car_sigma": 0.15045502836766345, "car_tau_mean": 1.8837266582814163, "car_tau_std": 9.553899892571746, "car_v_mean": 9.994317914527212, "car_v_std": 12.951059716328544}, "datetime": {"datetime": "2024-08-10 12:41:15", "elapsed": 326.031656, "delta": 6.8592}}
{"target": -0.4958688666805138, "params": {"bus_acc": 1.7846836178697811, "bus_dcc": 2.9372330750802007, "bus_lcAssertive": 1.0113231069171438, "bus_lcCooperative": 0.30233257263183977, "bus_lcLookaheadLeft": 16.38207730007708, "bus_lcPushy": 0.0923385947687978, "bus_lcSigma": 0.1862602113776709, "bus_lcSpeedGainRight": 1.7278036352152388, "bus_lcSublane": 0.39676747423066994, "bus_sigma": 0.538816734003357, "bus_tau_mean": 1.9671808004115319, "bus_tau_std": 6.852195003967595, "bus_v_mean": 11.680140495167315, "bus_v_std": 17.562348727818907, "car_acc": 0.30407285415211943, "car_dcc": 2.7477765386779285, "car_lcAssertive": 42.31317543434557, "car_lcCooperative": 0.5586898284457517, "car_lcLookaheadLeft": 15.75791998233291, "car_lcPushy": 0.1981014890848788, "car_lcSigma": 0.8007445686755367, "car_lcSpeedGainRight": 4.841307878596988, "car_lcSublane": 0.31342417815924284, "car_sigma": 0.6923226156693141, "car_tau_mean": 3.567362033036134, "car_tau_std": 8.946066635038473, "car_v_mean": 9.530795804656002, "car_v_std": 0.7810956646576472}, "datetime": {"datetime": "2024-08-10 12:41:17", "elapsed": 327.923422, "delta": 1.891766}}
{"target": -0.399715617277877, "params": {"bus_acc": 0.25301597730726866, "bus_dcc": 1.090575927261398, "bus_lcAssertive": 62.0610573431641, "bus_lcCooperative": 0.9490163206876164, "bus_lcLookaheadLeft": 95.11725968621381, "bus_lcPushy": 0.5566531881951564, "bus_lcSigma": 0.9156063497662745, "bus_lcSpeedGainRight": 3.207831044731688, "bus_lcSublane": 0.39000771414124624, "bus_sigma": 0.48599066709690975, "bus_tau_mean": 2.6150866902199064, "bus_tau_std": 5.495479215085625, "bus_v_mean": 24.671265680716164, "bus_v_std": 18.374668712672122, "car_acc": 1.7005273291095084, "car_dcc": 3.8603976080747047, "car_lcAssertive": 18.22161100136597, "car_lcCooperative": 0.12632951943963733, "car_lcLookaheadLeft": 15.23775748857967, "car_lcPushy": 0.5056621656768967, "car_lcSigma": 0.021524805274197978, "car_lcSpeedGainRight": 4.739851056088405, "car_lcSublane": 0.8271154711707325, "car_sigma": 0.015018980742122379, "car_tau_mean": 1.1166868945126933, "car_tau_std": 3.3206357436683698, "car_v_mean": 10.357943206596504, "car_v_std": 16.189813842531642}, "datetime": {"datetime": "2024-08-10 12:41:25", "elapsed": 335.199804, "delta": 7.276382}}
{"target": -0.37666004575445905, "params": {"bus_acc": 1.20033882382072, "bus_dcc": 0.2029888578126184, "bus_lcAssertive": 24.314278368691447, "bus_lcCooperative": 0.673566697976032, "bus_lcLookaheadLeft": 88.07537956873259, "bus_lcPushy": 0.8307025692405677, "bus_lcSigma": 0.10810738558851041, "bus_lcSpeedGainRight": 0.35562489761419125, "bus_lcSublane": 0.7615923118790051, "bus_sigma": 0.2848333721183067, "bus_tau_mean": 1.4513106837381744, "bus_tau_std": 0.020003006084317043, "bus_v_mean": 9.773702191529955, "bus_v_std": 2.7119409478470624, "car_acc": 0.8055687836709469, "car_dcc": 1.8921916899383877, "car_lcAssertive": 81.59944565765821, "car_lcCooperative": 0.8122981153684475, "car_lcLookaheadLeft": 91.17898292487992, "car_lcPushy": 0.4435920386203337, "car_lcSigma": 0.7087105079450133, "car_lcSpeedGainRight": 2.4416705906022433, "car_lcSublane": 0.04984255813452099, "car_sigma": 0.0804314339695471, "car_tau_mean": 1.3607981732564867, "car_tau_std": 9.816217286230167, "car_v_mean": 20.454510126982125, "car_v_std": 5.360151637146409}, "datetime": {"datetime": "2024-08-10 12:41:33", "elapsed": 343.48487, "delta": 8.285066}}
{"target": -0.3158392047702229, "params": {"bus_acc": 1.013237136289109, "bus_dcc": 2.49737209256422, "bus_lcAssertive": 20.966194745495322, "bus_lcCooperative": 0.8177571936931245, "bus_lcLookaheadLeft": 32.978498961303416, "bus_lcPushy": 0.6696167646858762, "bus_lcSigma": 0.1487335628025609, "bus_lcSpeedGainRight": 1.5297272354308022, "bus_lcSublane": 0.2972414453016764, "bus_sigma": 0.6350799325450489, "bus_tau_mean": 2.883081844931678, "bus_tau_std": 8.452486465038238, "bus_v_mean": 11.30024432184062, "bus_v_std": 15.20859528612877, "car_acc": 2.9053697286615665, "car_dcc": 2.3186668734943954, "car_lcAssertive": 65.36613564525277, "car_lcCooperative": 0.0899951030326972, "car_lcLookaheadLeft": 16.393829940811994, "car_lcPushy": 0.41557172071663584, "car_lcSigma": 0.7113706883010249, "car_lcSpeedGainRight": 0.8391058181179717, "car_lcSublane": 0.3889791392243084, "car_sigma": 0.49794595388742613, "car_tau_mean": 3.7726600441962304, "car_tau_std": 0.5519624865450556, "car_v_mean": 22.922134837074736, "car_v_std": 19.683196917975692}, "datetime": {"datetime": "2024-08-10 12:41:42", "elapsed": 352.893921, "delta": 9.409051}}
{"target": -0.39658240704566855, "params": {"bus_acc": 0.8137409278468453, "bus_dcc": 1.5012744363122799, "bus_lcAssertive": 26.9261600062485, "bus_lcCooperative": 0.844526943229479, "bus_lcLookaheadLeft": 80.43256008608736, "bus_lcPushy": 0.4266391582681436, "bus_lcSigma": 0.6070154607890389, "bus_lcSpeedGainRight": 0.7273280513310998, "bus_lcSublane": 0.5096132942175586, "bus_sigma": 0.29694708578690454, "bus_tau_mean": 3.508778337492204, "bus_tau_std": 6.715983809063899, "bus_v_mean": 19.40253222720358, "bus_v_std": 2.4950260013835845, "car_acc": 1.9882339420957655, "car_dcc": 3.9489765624301496, "car_lcAssertive": 94.88161823319385, "car_lcCooperative": 0.6450856402604436, "car_lcLookaheadLeft": 16.869037361133415, "car_lcPushy": 0.639126848719905, "car_lcSigma": 0.5656621125439275, "car_lcSpeedGainRight": 2.34332918830626, "car_lcSublane": 0.42803746946827015, "car_sigma": 0.5992697556580301, "car_tau_mean": 3.474894609805879, "car_tau_std": 7.511210403719374, "car_v_mean": 18.428489725350197, "car_v_std": 18.49408363072056}, "datetime": {"datetime": "2024-08-10 12:41:45", "elapsed": 355.400256, "delta": 2.506335}}
{"target": -0.35687630031936046, "params": {"bus_acc": 3.7645084639941393, "bus_dcc": 0.9044459936616487, "bus_lcAssertive": 93.38242051949933, "bus_lcCooperative": 0.9357532076921331, "bus_lcLookaheadLeft": 29.787362333158143, "bus_lcPushy": 0.27463424842386297, "bus_lcSigma": 0.5514315736733725, "bus_lcSpeedGainRight": 0.9264461968427617, "bus_lcSublane": 0.4421011106267658, "bus_sigma": 0.1853176459376844, "bus_tau_mean": 3.8158157128388575, "bus_tau_std": 4.938246574910856, "bus_v_mean": 25.350519813631962, "bus_v_std": 12.898833450244236, "car_acc": 2.0403999375230653, "car_dcc": 3.8772419346525506, "car_lcAssertive": 15.175788389167522, "car_lcCooperative": 0.6323298746664966, "car_lcLookaheadLeft": 66.86506004800617, "car_lcPushy": 0.43383982715272595, "car_lcSigma": 0.05935722533895749, "car_lcSpeedGainRight": 2.463613005830166, "car_lcSublane": 0.46513394351807746, "car_sigma": 0.8067468107748635, "car_tau_mean": 1.398313464835417, "car_tau_std": 3.914303629842686, "car_v_mean": 12.32309972998479, "car_v_std": 13.728868303447282}, "datetime": {"datetime": "2024-08-10 12:41:47", "elapsed": 357.460116, "delta": 2.05986}}
{"target": -0.29138103983555746, "params": {"bus_acc": 0.615597090926044, "bus_dcc": 0.8594620580015058, "bus_lcAssertive": 58.11907672232824, "bus_lcCooperative": 0.25165697350014493, "bus_lcLookaheadLeft": 31.416839657132748, "bus_lcPushy": 0.17098734894301837, "bus_lcSigma": 0.18959171907276484, "bus_lcSpeedGainRight": 2.317105771952257, "bus_lcSublane": 0.5098739726284359, "bus_sigma": 0.5115798896647326, "bus_tau_mean": 3.989985797784223, "bus_tau_std": 1.295958172701398, "bus_v_mean": 21.611057990979237, "bus_v_std": 15.875134944497852, "car_acc": 2.4225538753279783, "car_dcc": 1.9584050850234358, "car_lcAssertive": 89.44923709767765, "car_lcCooperative": 0.8281802190731247, "car_lcLookaheadLeft": 6.928511730812964, "car_lcPushy": 0.962983753087854, "car_lcSigma": 0.007339891753643801, "car_lcSpeedGainRight": 2.8656610234197095, "car_lcSublane": 0.5724308169270726, "car_sigma": 0.8343796647905168, "car_tau_mean": 1.8465062377388146, "car_tau_std": 0.9104086904598219, "car_v_mean": 18.47037084864065, "car_v_std": 0.4969172072746253}, "datetime": {"datetime": "2024-08-10 12:41:49", "elapsed": 359.455266, "delta": 1.99515}}
{"target": -0.31704131471090474, "params": {"bus_acc": 2.6261797965932976, "bus_dcc": 2.801450113715449, "bus_lcAssertive": 79.21099829766153, "bus_lcCooperative": 0.5423258639370772, "bus_lcLookaheadLeft": 68.18507118162563, "bus_lcPushy": 0.6867516712595328, "bus_lcSigma": 0.3382298681394844, "bus_lcSpeedGainRight": 3.252581563633943, "bus_lcSublane": 0.4040960185300494, "bus_sigma": 0.6401644971550445, "bus_tau_mean": 3.7711707641720165, "bus_tau_std": 4.2997069227142415, "bus_v_mean": 17.111015813881487, "bus_v_std": 6.641296040259612, "car_acc": 2.3991380405267138, "car_dcc": 3.480997152275612, "car_lcAssertive": 29.081286245045185, "car_lcCooperative": 0.83439032219953, "car_lcLookaheadLeft": 52.90876606284471, "car_lcPushy": 0.22607626005679626, "car_lcSigma": 0.4194472284690277, "car_lcSpeedGainRight": 0.8349733692430655, "car_lcSublane": 0.9123945247299408, "car_sigma": 0.0579471474662161, "car_tau_mean": 2.6140120150730466, "car_tau_std": 1.0395166794244426, "car_v_mean": 13.642605276820689, "car_v_std": 2.8588331982286586}, "datetime": {"datetime": "2024-08-10 12:41:51", "elapsed": 361.65318, "delta": 2.197914}}
{"target": -0.3591937076243589, "params": {"bus_acc": 2.792438433801012, "bus_dcc": 1.3805182450426523, "bus_lcAssertive": 47.76497077930874, "bus_lcCooperative": 0.5992558738787634, "bus_lcLookaheadLeft": 38.639120062403535, "bus_lcPushy": 0.874487796621177, "bus_lcSigma": 0.7261725883076274, "bus_lcSpeedGainRight": 4.771703523121056, "bus_lcSublane": 0.3510655228482117, "bus_sigma": 0.9371740887217811, "bus_tau_mean": 2.176852009790104, "bus_tau_std": 6.423226386484714, "bus_v_mean": 21.259649685587974, "bus_v_std": 16.186759380113603, "car_acc": 1.7057855956742365, "car_dcc": 1.9021947183561303, "car_lcAssertive": 81.91042558516232, "car_lcCooperative": 0.7175572030909549, "car_lcLookaheadLeft": 94.20322251871511, "car_lcPushy": 0.9795978714178412, "car_lcSigma": 0.1789133363658466, "car_lcSpeedGainRight": 1.139597059063776, "car_lcSublane": 0.7159864472790468, "car_sigma": 0.7473827346542434, "car_tau_mean": 2.611128439813839, "car_tau_std": 8.772997642215113, "car_v_mean": 12.535828317993293, "car_v_std": 6.789747885935848}, "datetime": {"datetime": "2024-08-10 12:41:53", "elapsed": 363.832963, "delta": 2.179783}}
{"target": -0.39778677207732144, "params": {"bus_acc": 2.168523734058753, "bus_dcc": 1.6164454479704453, "bus_lcAssertive": 71.32510325364133, "bus_lcCooperative": 0.455643424642054, "bus_lcLookaheadLeft": 61.31086372207486, "bus_lcPushy": 0.9904061968899467, "bus_lcSigma": 0.7739162499564685, "bus_lcSpeedGainRight": 1.6713820249691314, "bus_lcSublane": 0.08899822082237796, "bus_sigma": 0.18490559027840836, "bus_tau_mean": 2.3439815656214202, "bus_tau_std": 4.17102418106858, "bus_v_mean": 22.411873846326316, "bus_v_std": 18.664046763733634, "car_acc": 0.8758860422151244, "car_dcc": 3.4682537293296214, "car_lcAssertive": 95.78209770634021, "car_lcCooperative": 0.9594706068497821, "car_lcLookaheadLeft": 5.710533596602189, "car_lcPushy": 0.05758350560817371, "car_lcSigma": 0.005797392917688993, "car_lcSpeedGainRight": 1.5634057807773822, "car_lcSublane": 0.05569841271210463, "car_sigma": 0.29386248547054417, "car_tau_mean": 1.746057701109153, "car_tau_std": 9.536770184739218, "car_v_mean": 16.585116604762003, "car_v_std": 5.564768848426606}, "datetime": {"datetime": "2024-08-10 12:41:56", "elapsed": 366.591415, "delta": 2.758452}}
{"target": -0.2853845915157734, "params": {"bus_acc": 2.6036339741077423, "bus_dcc": 0.910830869666758, "bus_lcAssertive": 75.27415112713251, "bus_lcCooperative": 0.5488594004307864, "bus_lcLookaheadLeft": 12.01269521477021, "bus_lcPushy": 0.024827029187908023, "bus_lcSigma": 0.29874619238334477, "bus_lcSpeedGainRight": 3.4500751463246253, "bus_lcSublane": 0.9327883504441357, "bus_sigma": 0.9664972006802195, "bus_tau_mean": 3.1759183126712633, "bus_tau_std": 2.9324918570689453, "bus_v_mean": 19.197244254913404, "bus_v_std": 4.621922550736512, "car_acc": 3.0526234122763527, "car_dcc": 0.8302947120222062, "car_lcAssertive": 75.89056816688615, "car_lcCooperative": 0.8685889989304815, "car_lcLookaheadLeft": 52.91162265147279, "car_lcPushy": 0.06563483825850425, "car_lcSigma": 0.4488920207457957, "car_lcSpeedGainRight": 4.189143056899088, "car_lcSublane": 0.17975265343005398, "car_sigma": 0.03855906126279496, "car_tau_mean": 3.064427510677138, "car_tau_std": 5.6304072357339505, "car_v_mean": 8.75709127608619, "car_v_std": 19.69770528116603}, "datetime": {"datetime": "2024-08-10 12:42:00", "elapsed": 370.316779, "delta": 3.725364}}
{"target": -0.32779686193946855, "params": {"bus_acc": 0.9639259651043519, "bus_dcc": 2.3136328539685214, "bus_lcAssertive": 15.002682528167531, "bus_lcCooperative": 0.18600998929139123, "bus_lcLookaheadLeft": 76.94882809892174, "bus_lcPushy": 0.07088626571143097, "bus_lcSigma": 0.36931364559160906, "bus_lcSpeedGainRight": 4.389390094592739, "bus_lcSublane": 0.10433739981467072, "bus_sigma": 0.3591532152607505, "bus_tau_mean": 0.8988612865937118, "bus_tau_std": 8.765407575704614, "bus_v_mean": 10.272268031846085, "bus_v_std": 5.091110156854466, "car_acc": 1.8032441395721062, "car_dcc": 2.727972867640733, "car_lcAssertive": 35.125825645272066, "car_lcCooperative": 0.21350166529672077, "car_lcLookaheadLeft": 38.59174036511311, "car_lcPushy": 0.5710246261646967, "car_lcSigma": 0.9907513493930348, "car_lcSpeedGainRight": 1.635825879056847, "car_lcSublane": 0.3622033363809831, "car_sigma": 0.7062352536720174, "car_tau_mean": 1.5462749199359558, "car_tau_std": 3.497007210488695, "car_v_mean": 25.90473923862791, "car_v_std": 12.08534757565551}, "datetime": {"datetime": "2024-08-10 12:42:02", "elapsed": 373.070031, "delta": 2.753252}}
{"target": -0.3734115129790709, "params": {"bus_acc": 1.509999280196515, "bus_dcc": 3.7724084328667953, "bus_lcAssertive": 58.61940381476092, "bus_lcCooperative": 0.8788319844118441, "bus_lcLookaheadLeft": 84.78397564843775, "bus_lcPushy": 0.9053923187086492, "bus_lcSigma": 0.45988026581680697, "bus_lcSpeedGainRight": 2.7317340801018664, "bus_lcSublane": 0.7986035911520394, "bus_sigma": 0.28571885173414757, "bus_tau_mean": 2.215887329169747, "bus_tau_std": 5.991103076458783, "bus_v_mean": 8.279598959915043, "bus_v_std": 11.869628163932743, "car_acc": 1.8479701261599413, "car_dcc": 3.2679700097623976, "car_lcAssertive": 32.20923550644192, "car_lcCooperative": 0.8928887085251513, "car_lcLookaheadLeft": 58.63000709788448, "car_lcPushy": 0.18401020162746506, "car_lcSigma": 0.7879292338255043, "car_lcSpeedGainRight": 3.0601558852246695, "car_lcSublane": 0.053909272073752956, "car_sigma": 0.4201936800011322, "car_tau_mean": 2.8767409279790037, "car_tau_std": 9.18601777977526, "car_v_mean": 8.007236448044434, "car_v_std": 19.535182980621194}, "datetime": {"datetime": "2024-08-10 12:42:05", "elapsed": 375.899739, "delta": 2.829708}}
{"target": -0.2866611851562128, "params": {"bus_acc": 3.5439934965410407, "bus_dcc": 3.6345994321402135, "bus_lcAssertive": 66.60926142515096, "bus_lcCooperative": 0.2702082620297578, "bus_lcLookaheadLeft": 26.731936747449794, "bus_lcPushy": 0.8548979426974024, "bus_lcSigma": 0.5277146463087466, "bus_lcSpeedGainRight": 4.01080542002299, "bus_lcSublane": 0.5724885171916063, "bus_sigma": 0.7331425252875111, "bus_tau_mean": 2.3165406961241954, "bus_tau_std": 7.70883910501888, "bus_v_mean": 18.23944383268488, "bus_v_std": 9.314197571839617, "car_acc": 1.5022178502224706, "car_dcc": 0.45919552398347563, "car_lcAssertive": 38.414493753481885, "car_lcCooperative": 0.07962607769825236, "car_lcLookaheadLeft": 98.3160771455836, "car_lcPushy": 0.18161285133076377, "car_lcSigma": 0.8118586977205398, "car_lcSpeedGainRight": 4.374808224779491, "car_lcSublane": 0.6884132523859433, "car_sigma": 0.5694944127453757, "car_tau_mean": 1.0634000288546308, "car_tau_std": 4.668800227633064, "car_v_mean": 14.21309692079387, "car_v_std": 4.500799156281692}, "datetime": {"datetime": "2024-08-10 12:42:07", "elapsed": 377.973941, "delta": 2.074202}}
{"target": -0.35871201606325126, "params": {"bus_acc": 1.2156359313755776, "bus_dcc": 3.582217754341547, "bus_lcAssertive": 29.73971373876551, "bus_lcCooperative": 0.7990074981966317, "bus_lcLookaheadLeft": 47.06602206392515, "bus_lcPushy": 0.59760864887687, "bus_lcSigma": 0.2366673767651024, "bus_lcSpeedGainRight": 3.438074810804075, "bus_lcSublane": 0.1486848661132304, "bus_sigma": 0.5596864990017729, "bus_tau_mean": 2.230151256904046, "bus_tau_std": 8.372059959494196, "bus_v_mean": 16.666433276727194, "bus_v_std": 15.694619199734586, "car_acc": 1.7211183655959477, "car_dcc": 1.3700425470374398, "car_lcAssertive": 78.93548650138311, "car_lcCooperative": 0.4184642639114249, "car_lcLookaheadLeft": 50.68307399890683, "car_lcPushy": 0.577322531324329, "car_lcSigma": 0.8196657378893285, "car_lcSpeedGainRight": 2.906599873133597, "car_lcSublane": 0.4061429026808099, "car_sigma": 0.16058682850924277, "car_tau_mean": 2.9573895671993813, "car_tau_std": 8.832328216518347, "car_v_mean": 9.950819982274739, "car_v_std": 9.324279516261631}, "datetime": {"datetime": "2024-08-10 12:42:10", "elapsed": 380.821952, "delta": 2.848011}}
{"target": -0.4042898364455311, "params": {"bus_acc": 0.8073678713075547, "bus_dcc": 0.9698880758347177, "bus_lcAssertive": 43.686993760876724, "bus_lcCooperative": 0.40420190577514725, "bus_lcLookaheadLeft": 16.381645114900824, "bus_lcPushy": 0.7293189193611234, "bus_lcSigma": 0.18874506687718595, "bus_lcSpeedGainRight": 3.219478221558314, "bus_lcSublane": 0.7543059505762987, "bus_sigma": 0.21073239208332073, "bus_tau_mean": 2.60333986837674, "bus_tau_std": 7.489283752458364, "bus_v_mean": 19.487936791166, "bus_v_std": 11.942546058932981, "car_acc": 1.3228326854908887, "car_dcc": 2.9801045907177333, "car_lcAssertive": 94.58553555999502, "car_lcCooperative": 0.42556139026154693, "car_lcLookaheadLeft": 78.65381804947772, "car_lcPushy": 0.056141039661915304, "car_lcSigma": 0.8352716024899659, "car_lcSpeedGainRight": 0.9612500841107385, "car_lcSublane": 0.3950968688899732, "car_sigma": 0.30008104592535645, "car_tau_mean": 0.7803627533211726, "car_tau_std": 9.046310029362429, "car_v_mean": 14.662775195967289, "car_v_std": 10.61394876952279}, "datetime": {"datetime": "2024-08-10 12:42:13", "elapsed": 383.23312, "delta": 2.411168}}
{"target": -0.34787103358976745, "params": {"bus_acc": 1.631005196033943, "bus_dcc": 3.9003774457616256, "bus_lcAssertive": 60.86689399643125, "bus_lcCooperative": 0.828845807980693, "bus_lcLookaheadLeft": 58.321727461394026, "bus_lcPushy": 0.6280761983073504, "bus_lcSigma": 0.28557628169569393, "bus_lcSpeedGainRight": 2.9341667032804146, "bus_lcSublane": 0.7500217637026599, "bus_sigma": 0.8583138364290424, "bus_tau_mean": 3.1427876596368804, "bus_tau_std": 6.98057248447303, "bus_v_mean": 23.560629740982797, "bus_v_std": 6.453619936734929, "car_acc": 2.7489974049928314, "car_dcc": 1.9133209583707267, "car_lcAssertive": 38.8281724511202, "car_lcCooperative": 0.4108113499221856, "car_lcLookaheadLeft": 41.34499918001498, "car_lcPushy": 0.3173839459582769, "car_lcSigma": 0.6219193679203014, "car_lcSpeedGainRight": 2.151236354106322, "car_lcSublane": 0.9738020779272523, "car_sigma": 0.6778008914343111, "car_tau_mean": 1.194994609494888, "car_tau_std": 4.267010093480328, "car_v_mean": 14.180232315939614, "car_v_std": 15.952776079171331}, "datetime": {"datetime": "2024-08-10 12:42:15", "elapsed": 385.812489, "delta": 2.579369}}
{"target": -0.3117254628349931, "params": {"bus_acc": 0.5184446622974396, "bus_dcc": 2.1494023333131964, "bus_lcAssertive": 1.0968030077364777, "bus_lcCooperative": 0.7081130395586114, "bus_lcLookaheadLeft": 74.42780636390297, "bus_lcPushy": 0.9733195963038493, "bus_lcSigma": 0.6631646068687582, "bus_lcSpeedGainRight": 2.4710836296511896, "bus_lcSublane": 0.07362331711648329, "bus_sigma": 0.5342950271226653, "bus_tau_mean": 0.9964063791323792, "bus_tau_std": 8.023887623876488, "bus_v_mean": 18.370679309661412, "bus_v_std": 4.25828475301246, "car_acc": 2.8868096789642923, "car_dcc": 1.4654322122807675, "car_lcAssertive": 67.24072302037399, "car_lcCooperative": 0.7795510881468012, "car_lcLookaheadLeft": 10.484459632218991, "car_lcPushy": 0.5106564625707463, "car_lcSigma": 0.10367436206390568, "car_lcSpeedGainRight": 3.2473075287509094, "car_lcSublane": 0.3154978825073803, "car_sigma": 0.643501190424533, "car_tau_mean": 0.6699382372394633, "car_tau_std": 8.669963970200289, "car_v_mean": 16.60686659021719, "car_v_std": 15.871063772551047}, "datetime": {"datetime": "2024-08-10 12:42:19", "elapsed": 389.679398, "delta": 3.866909}}
