{"target": -0.33291167343381534, "params": {"bus_acc": 1.7314, "bus_dcc": 1.9493, "bus_lcAssertive": 13.3742, "bus_lcCooperative": 0.3051, "bus_lcLookaheadLeft": 98.2603, "bus_lcPushy": 0.6181, "bus_lcSigma": 0.9638, "bus_lcSpeedGainRight": 0.5236, "bus_lcSublane": 0.6327, "bus_sigma": 0.9945, "bus_tau_mean": 2.8165, "bus_tau_std": 9.9899, "bus_v_mean": 9.0003, "bus_v_std": 19.7707, "car_acc": 2.1823, "car_dcc": 2.2217, "car_lcAssertive": 99.3694, "car_lcCooperative": 0.2767, "car_lcLookaheadLeft": 56.9893, "car_lcPushy": 0.3243, "car_lcSigma": 0.1411, "car_lcSpeedGainRight": 1.7246, "car_lcSublane": 0.0616, "car_sigma": 0.8804, "car_tau_mean": 3.7635, "car_tau_std": 7.0693, "car_v_mean": 24.3478, "car_v_std": 7.7559}, "datetime": {"datetime": "2024-08-10 14:06:13", "elapsed": 5423.350691, "delta": 4.72251}}
{"target": -0.38930358831242334, "params": {"bus_acc": 2.5288, "bus_dcc": 1.3959, "bus_lcAssertive": 97.4228, "bus_lcCooperative": 0.0949, "bus_lcLookaheadLeft": 17.6273, "bus_lcPushy": 0.5358, "bus_lcSigma": 0.6921, "bus_lcSpeedGainRight": 2.2119, "bus_lcSublane": 0.6642, "bus_sigma": 0.707, "bus_tau_mean": 3.2098, "bus_tau_std": 0.8094, "bus_v_mean": 9.4377, "bus_v_std": 18.6455, "car_acc": 0.9404, "car_dcc": 3.9691, "car_lcAssertive": 28.9645, "car_lcCooperative": 0.6919, "car_lcLookaheadLeft": 63.1461, "car_lcPushy": 0.5741, "car_lcSigma": 0.8909, "car_lcSpeedGainRight": 4.6169, "car_lcSublane": 0.8036, "car_sigma": 0.5561, "car_tau_mean": 0.5723, "car_tau_std": 5.1698, "car_v_mean": 14.4309, "car_v_std": 1.5688}, "datetime": {"datetime": "2024-08-10 14:06:19", "elapsed": 5429.760255, "delta": 6.409564}}
{"target": -0.29295240954869495, "params": {"bus_acc": 1.085, "bus_dcc": 3.7071, "bus_lcAssertive": 32.7862, "bus_lcCooperative": 0.6797, "bus_lcLookaheadLeft": 70.299, "bus_lcPushy": 0.2595, "bus_lcSigma": 0.804, "bus_lcSpeedGainRight": 1.4601, "bus_lcSublane": 0.2656, "bus_sigma": 0.7609, "bus_tau_mean": 0.5258, "bus_tau_std": 4.6257, "bus_v_mean": 9.6139, "bus_v_std": 10.7667, "car_acc": 3.1605, "car_dcc": 1.288, "car_lcAssertive": 11.6931, "car_lcCooperative": 0.1669, "car_lcLookaheadLeft": 46.1996, "car_lcPushy": 0.8931, "car_lcSigma": 0.0414, "car_lcSpeedGainRight": 4.9796, "car_lcSublane": 0.4286, "car_sigma": 0.6504, "car_tau_mean": 1.0543, "car_tau_std": 1.3689, "car_v_mean": 22.7771, "car_v_std": 12.6274}, "datetime": {"datetime": "2024-08-10 14:06:24", "elapsed": 5434.859728, "delta": 5.099473}}
{"target": -0.37367855048853355, "params": {"bus_acc": 0.9689, "bus_dcc": 3.3784, "bus_lcAssertive": 12.5898, "bus_lcCooperative": 0.7616, "bus_lcLookaheadLeft": 20.8101, "bus_lcPushy": 0.3399, "bus_lcSigma": 0.6385, "bus_lcSpeedGainRight": 1.9568, "bus_lcSublane": 0.3566, "bus_sigma": 0.7387, "bus_tau_mean": 1.3778, "bus_tau_std": 9.5035, "bus_v_mean": 19.8117, "bus_v_std": 10.8277, "car_acc": 1.0074, "car_dcc": 2.1068, "car_lcAssertive": 93.2526, "car_lcCooperative": 0.5347, "car_lcLookaheadLeft": 57.9743, "car_lcPushy": 0.0565, "car_lcSigma": 0.8329, "car_lcSpeedGainRight": 2.0821, "car_lcSublane": 0.4849, "car_sigma": 0.3848, "car_tau_mean": 3.1704, "car_tau_std": 1.2732, "car_v_mean": 15.022, "car_v_std": 13.5078}, "datetime": {"datetime": "2024-08-10 14:06:33", "elapsed": 5443.377897, "delta": 8.518169}}
{"target": -0.6627866168472015, "params": {"bus_acc": 2.2594, "bus_dcc": 1.1744, "bus_lcAssertive": 27.9239, "bus_lcCooperative": 0.1675, "bus_lcLookaheadLeft": 12.0013, "bus_lcPushy": 0.3171, "bus_lcSigma": 0.3914, "bus_lcSpeedGainRight": 0.4718, "bus_lcSublane": 0.6493, "bus_sigma": 0.8617, "bus_tau_mean": 2.0064, "bus_tau_std": 2.4044, "bus_v_mean": 24.4957, "bus_v_std": 10.8225, "car_acc": 0.4485, "car_dcc": 2.0807, "car_lcAssertive": 94.0557, "car_lcCooperative": 0.7963, "car_lcLookaheadLeft": 78.2119, "car_lcPushy": 0.406, "car_lcSigma": 0.8881, "car_lcSpeedGainRight": 0.653, "car_lcSublane": 0.1063, "car_sigma": 0.1366, "car_tau_mean": 2.5175, "car_tau_std": 0.9354, "car_v_mean": 19.8297, "car_v_std": 17.1671}, "datetime": {"datetime": "2024-08-10 14:06:38", "elapsed": 5448.732545, "delta": 5.354648}}
{"target": -0.3293534654794886, "params": {"bus_acc": 3.8287, "bus_dcc": 3.2707, "bus_lcAssertive": 47.2111, "bus_lcCooperative": 0.5071, "bus_lcLookaheadLeft": 79.1481, "bus_lcPushy": 0.1007, "bus_lcSigma": 0.2069, "bus_lcSpeedGainRight": 2.3267, "bus_lcSublane": 0.1672, "bus_sigma": 0.0873, "bus_tau_mean": 0.6517, "bus_tau_std": 1.9269, "bus_v_mean": 23.3715, "bus_v_std": 7.5899, "car_acc": 3.321, "car_dcc": 2.4329, "car_lcAssertive": 68.0556, "car_lcCooperative": 0.8233, "car_lcLookaheadLeft": 55.0756, "car_lcPushy": 0.7244, "car_lcSigma": 0.696, "car_lcSpeedGainRight": 0.8831, "car_lcSublane": 0.1518, "car_sigma": 0.3043, "car_tau_mean": 2.3392, "car_tau_std": 9.0662, "car_v_mean": 20.3129, "car_v_std": 11.6734}, "datetime": {"datetime": "2024-08-10 14:06:42", "elapsed": 5452.80752, "delta": 4.074975}}
{"target": -0.41580236454613057, "params": {"bus_acc": 2.9677, "bus_dcc": 0.5103, "bus_lcAssertive": 79.6474, "bus_lcCooperative": 0.3431, "bus_lcLookaheadLeft": 46.7771, "bus_lcPushy": 0.6789, "bus_lcSigma": 0.2968, "bus_lcSpeedGainRight": 1.6034, "bus_lcSublane": 0.8561, "bus_sigma": 0.9447, "bus_tau_mean": 1.5195, "bus_tau_std": 3.9306, "bus_v_mean": 22.2107, "bus_v_std": 7.1134, "car_acc": 0.9859, "car_dcc": 3.8873, "car_lcAssertive": 43.5487, "car_lcCooperative": 0.047, "car_lcLookaheadLeft": 75.2691, "car_lcPushy": 0.3247, "car_lcSigma": 0.5384, "car_lcSpeedGainRight": 2.9933, "car_lcSublane": 0.2879, "car_sigma": 0.4239, "car_tau_mean": 2.3043, "car_tau_std": 8.524, "car_v_mean": 18.4515, "car_v_std": 19.3319}, "datetime": {"datetime": "2024-08-10 14:06:52", "elapsed": 5462.559483, "delta": 9.751963}}
{"target": -0.33446465600940006, "params": {"bus_acc": 0.4104, "bus_dcc": 0.9205, "bus_lcAssertive": 91.6086, "bus_lcCooperative": 0.0593, "bus_lcLookaheadLeft": 62.2774, "bus_lcPushy": 0.8527, "bus_lcSigma": 0.2281, "bus_lcSpeedGainRight": 0.4642, "bus_lcSublane": 0.1085, "bus_sigma": 0.3397, "bus_tau_mean": 3.343, "bus_tau_std": 4.6585, "bus_v_mean": 11.9178, "bus_v_std": 5.5358, "car_acc": 2.0859, "car_dcc": 2.0018, "car_lcAssertive": 37.2219, "car_lcCooperative": 0.619, "car_lcLookaheadLeft": 47.4086, "car_lcPushy": 0.4117, "car_lcSigma": 0.0155, "car_lcSpeedGainRight": 1.1179, "car_lcSublane": 0.2357, "car_sigma": 0.6254, "car_tau_mean": 1.8397, "car_tau_std": 6.6207, "car_v_mean": 14.1335, "car_v_std": 9.9501}, "datetime": {"datetime": "2024-08-10 14:06:58", "elapsed": 5468.408362, "delta": 5.848879}}
{"target": -0.34446251931013055, "params": {"bus_acc": 2.1786, "bus_dcc": 2.514, "bus_lcAssertive": 68.1186, "bus_lcCooperative": 0.8084, "bus_lcLookaheadLeft": 93.0429, "bus_lcPushy": 0.513, "bus_lcSigma": 0.1225, "bus_lcSpeedGainRight": 4.6085, "bus_lcSublane": 0.0865, "bus_sigma": 0.7381, "bus_tau_mean": 2.9499, "bus_tau_std": 1.6389, "bus_v_mean": 19.9623, "bus_v_std": 15.3304, "car_acc": 2.1149, "car_dcc": 3.0077, "car_lcAssertive": 10.1932, "car_lcCooperative": 0.2439, "car_lcLookaheadLeft": 96.7019, "car_lcPushy": 0.5045, "car_lcSigma": 0.8465, "car_lcSpeedGainRight": 4.0044, "car_lcSublane": 0.6079, "car_sigma": 0.6165, "car_tau_mean": 1.8257, "car_tau_std": 6.6414, "car_v_mean": 25.525, "car_v_std": 9.1825}, "datetime": {"datetime": "2024-08-10 14:07:03", "elapsed": 5473.627295, "delta": 5.218933}}
{"target": -0.3061248986772227, "params": {"bus_acc": 1.2446, "bus_dcc": 0.3607, "bus_lcAssertive": 33.7056, "bus_lcCooperative": 0.1869, "bus_lcLookaheadLeft": 26.714, "bus_lcPushy": 0.5529, "bus_lcSigma": 0.8335, "bus_lcSpeedGainRight": 3.1086, "bus_lcSublane": 0.3168, "bus_sigma": 0.7965, "bus_tau_mean": 3.8746, "bus_tau_std": 3.8209, "bus_v_mean": 21.0658, "bus_v_std": 15.3301, "car_acc": 2.1955, "car_dcc": 1.2257, "car_lcAssertive": 39.047, "car_lcCooperative": 0.5343, "car_lcLookaheadLeft": 90.3271, "car_lcPushy": 0.7697, "car_lcSigma": 0.9953, "car_lcSpeedGainRight": 0.2203, "car_lcSublane": 0.9394, "car_sigma": 0.4513, "car_tau_mean": 3.3394, "car_tau_std": 2.0592, "car_v_mean": 11.6741, "car_v_std": 4.4825}, "datetime": {"datetime": "2024-08-10 14:07:08", "elapsed": 5478.517587, "delta": 4.890292}}
{"target": -0.6637953760534446, "params": {"bus_acc": 3.1472, "bus_dcc": 2.5877, "bus_lcAssertive": 26.569, "bus_lcCooperative": 0.3548, "bus_lcLookaheadLeft": 33.1222, "bus_lcPushy": 0.4396, "bus_lcSigma": 0.0326, "bus_lcSpeedGainRight": 0.2576, "bus_lcSublane": 0.1047, "bus_sigma": 0.7877, "bus_tau_mean": 2.996, "bus_tau_std": 7.323, "bus_v_mean": 25.4915, "bus_v_std": 13.2481, "car_acc": 0.2603, "car_dcc": 0.5172, "car_lcAssertive": 63.5939, "car_lcCooperative": 0.2169, "car_lcLookaheadLeft": 87.8307, "car_lcPushy": 0.6934, "car_lcSigma": 0.9782, "car_lcSpeedGainRight": 4.6245, "car_lcSublane": 0.3442, "car_sigma": 0.4443, "car_tau_mean": 0.8805, "car_tau_std": 6.3089, "car_v_mean": 8.9048, "car_v_std": 15.1237}, "datetime": {"datetime": "2024-08-10 14:07:13", "elapsed": 5483.400464, "delta": 4.882877}}
{"target": -0.28156301314319676, "params": {"bus_acc": 0.9676, "bus_dcc": 0.9658, "bus_lcAssertive": 22.8347, "bus_lcCooperative": 0.4141, "bus_lcLookaheadLeft": 94.4025, "bus_lcPushy": 0.0055, "bus_lcSigma": 0.3893, "bus_lcSpeedGainRight": 4.9328, "bus_lcSublane": 0.4286, "bus_sigma": 0.5981, "bus_tau_mean": 3.8462, "bus_tau_std": 0.4922, "bus_v_mean": 15.8152, "bus_v_std": 19.5772, "car_acc": 3.0667, "car_dcc": 3.2436, "car_lcAssertive": 76.4383, "car_lcCooperative": 0.7246, "car_lcLookaheadLeft": 90.5754, "car_lcPushy": 0.1761, "car_lcSigma": 0.0035, "car_lcSpeedGainRight": 0.0267, "car_lcSublane": 0.2619, "car_sigma": 0.5852, "car_tau_mean": 2.9458, "car_tau_std": 8.4493, "car_v_mean": 22.3177, "car_v_std": 13.37}, "datetime": {"datetime": "2024-08-10 14:07:18", "elapsed": 5488.260411, "delta": 4.859947}}
{"target": -0.2897047609823468, "params": {"bus_acc": 2.3762, "bus_dcc": 1.9938, "bus_lcAssertive": 72.2024, "bus_lcCooperative": 0.942, "bus_lcLookaheadLeft": 96.0737, "bus_lcPushy": 0.201, "bus_lcSigma": 0.6538, "bus_lcSpeedGainRight": 3.6624, "bus_lcSublane": 0.7866, "bus_sigma": 0.6799, "bus_tau_mean": 1.7253, "bus_tau_std": 9.7038, "bus_v_mean": 13.2893, "bus_v_std": 10.2458, "car_acc": 3.5733, "car_dcc": 2.7923, "car_lcAssertive": 8.1825, "car_lcCooperative": 0.3378, "car_lcLookaheadLeft": 35.9132, "car_lcPushy": 0.1474, "car_lcSigma": 0.3681, "car_lcSpeedGainRight": 3.2805, "car_lcSublane": 0.1014, "car_sigma": 0.5456, "car_tau_mean": 2.2952, "car_tau_std": 2.2381, "car_v_mean": 24.0053, "car_v_std": 18.4003}, "datetime": {"datetime": "2024-08-10 14:07:25", "elapsed": 5495.191416, "delta": 6.931005}}
{"target": -0.34943291383310454, "params": {"bus_acc": 3.5986, "bus_dcc": 2.1941, "bus_lcAssertive": 83.319, "bus_lcCooperative": 0.8717, "bus_lcLookaheadLeft": 68.0239, "bus_lcPushy": 0.2962, "bus_lcSigma": 0.6426, "bus_lcSpeedGainRight": 2.2837, "bus_lcSublane": 0.7266, "bus_sigma": 0.8904, "bus_tau_mean": 1.8906, "bus_tau_std": 0.4293, "bus_v_mean": 22.0249, "bus_v_std": 1.1784, "car_acc": 1.6288, "car_dcc": 3.0364, "car_lcAssertive": 7.3267, "car_lcCooperative": 0.7881, "car_lcLookaheadLeft": 21.346, "car_lcPushy": 0.6165, "car_lcSigma": 0.7193, "car_lcSpeedGainRight": 3.7596, "car_lcSublane": 0.9687, "car_sigma": 0.2481, "car_tau_mean": 2.6454, "car_tau_std": 4.535, "car_v_mean": 14.8451, "car_v_std": 3.1192}, "datetime": {"datetime": "2024-08-10 14:07:30", "elapsed": 5500.386378, "delta": 5.194962}}
{"target": -0.315048908868745, "params": {"bus_acc": 3.8774, "bus_dcc": 1.0743, "bus_lcAssertive": 13.1297, "bus_lcCooperative": 0.2901, "bus_lcLookaheadLeft": 14.919, "bus_lcPushy": 0.3278, "bus_lcSigma": 0.5655, "bus_lcSpeedGainRight": 1.6901, "bus_lcSublane": 0.133, "bus_sigma": 0.0469, "bus_tau_mean": 2.7777, "bus_tau_std": 8.4941, "bus_v_mean": 19.3691, "bus_v_std": 6.6087, "car_acc": 2.7084, "car_dcc": 3.9189, "car_lcAssertive": 39.9644, "car_lcCooperative": 0.7049, "car_lcLookaheadLeft": 75.0763, "car_lcPushy": 0.6339, "car_lcSigma": 0.5913, "car_lcSpeedGainRight": 0.9405, "car_lcSublane": 0.5345, "car_sigma": 0.0032, "car_tau_mean": 1.2785, "car_tau_std": 3.2532, "car_v_mean": 15.5955, "car_v_std": 7.5035}, "datetime": {"datetime": "2024-08-10 14:07:33", "elapsed": 5503.761457, "delta": 3.375079}}
{"target": -0.3185503825386204, "params": {"bus_acc": 1.1058, "bus_dcc": 3.9489, "bus_lcAssertive": 80.2085, "bus_lcCooperative": 0.0445, "bus_lcLookaheadLeft": 63.1838, "bus_lcPushy": 0.3245, "bus_lcSigma": 0.7044, "bus_lcSpeedGainRight": 1.5038, "bus_lcSublane": 0.2391, "bus_sigma": 0.8251, "bus_tau_mean": 1.6635, "bus_tau_std": 8.9146, "bus_v_mean": 25.0585, "bus_v_std": 19.7279, "car_acc": 3.8338, "car_dcc": 2.2525, "car_lcAssertive": 62.0793, "car_lcCooperative": 0.5966, "car_lcLookaheadLeft": 68.8211, "car_lcPushy": 0.9233, "car_lcSigma": 0.7451, "car_lcSpeedGainRight": 2.1188, "car_lcSublane": 0.2943, "car_sigma": 0.3891, "car_tau_mean": 2.7162, "car_tau_std": 9.6089, "car_v_mean": 22.1516, "car_v_std": 8.1034}, "datetime": {"datetime": "2024-08-10 14:07:40", "elapsed": 5510.624222, "delta": 6.862765}}
{"target": -0.3071679249333628, "params": {"bus_acc": 0.7336, "bus_dcc": 1.7781, "bus_lcAssertive": 82.4783, "bus_lcCooperative": 0.2765, "bus_lcLookaheadLeft": 26.3216, "bus_lcPushy": 0.6555, "bus_lcSigma": 0.7481, "bus_lcSpeedGainRight": 0.8563, "bus_lcSublane": 0.2011, "bus_sigma": 0.6908, "bus_tau_mean": 3.6993, "bus_tau_std": 2.7921, "bus_v_mean": 10.7722, "bus_v_std": 2.004, "car_acc": 3.9117, "car_dcc": 1.0772, "car_lcAssertive": 14.9798, "car_lcCooperative": 0.827, "car_lcLookaheadLeft": 45.1477, "car_lcPushy": 0.4427, "car_lcSigma": 0.8637, "car_lcSpeedGainRight": 0.8821, "car_lcSublane": 0.153, "car_sigma": 0.3716, "car_tau_mean": 1.1057, "car_tau_std": 5.6123, "car_v_mean": 14.7022, "car_v_std": 15.278}, "datetime": {"datetime": "2024-08-10 14:07:45", "elapsed": 5515.769818, "delta": 5.145596}}
{"target": -0.35102617742748593, "params": {"bus_acc": 0.772, "bus_dcc": 2.7032, "bus_lcAssertive": 82.0582, "bus_lcCooperative": 0.0264, "bus_lcLookaheadLeft": 82.4972, "bus_lcPushy": 0.1379, "bus_lcSigma": 0.8869, "bus_lcSpeedGainRight": 2.8228, "bus_lcSublane": 0.4779, "bus_sigma": 0.8569, "bus_tau_mean": 3.1644, "bus_tau_std": 5.1057, "bus_v_mean": 25.1899, "bus_v_std": 11.3689, "car_acc": 3.1324, "car_dcc": 3.3801, "car_lcAssertive": 53.824, "car_lcCooperative": 0.2441, "car_lcLookaheadLeft": 87.4784, "car_lcPushy": 0.5889, "car_lcSigma": 0.106, "car_lcSpeedGainRight": 4.3836, "car_lcSublane": 0.7572, "car_sigma": 0.6825, "car_tau_mean": 3.811, "car_tau_std": 8.464, "car_v_mean": 10.9544, "car_v_std": 17.5703}, "datetime": {"datetime": "2024-08-10 14:07:49", "elapsed": 5520.102959, "delta": 4.333141}}
{"target": -0.316979685668169, "params": {"bus_acc": 2.9848, "bus_dcc": 3.4187, "bus_lcAssertive": 97.2302, "bus_lcCooperative": 0.366, "bus_lcLookaheadLeft": 66.8219, "bus_lcPushy": 0.3322, "bus_lcSigma": 0.4151, "bus_lcSpeedGainRight": 1.7583, "bus_lcSublane": 0.5178, "bus_sigma": 0.9028, "bus_tau_mean": 1.4467, "bus_tau_std": 2.301, "bus_v_mean": 24.5541, "bus_v_std": 4.927, "car_acc": 1.2848, "car_dcc": 0.8307, "car_lcAssertive": 21.0785, "car_lcCooperative": 0.0134, "car_lcLookaheadLeft": 33.6739, "car_lcPushy": 0.9848, "car_lcSigma": 0.7329, "car_lcSpeedGainRight": 4.3636, "car_lcSublane": 0.8166, "car_sigma": 0.2236, "car_tau_mean": 3.3712, "car_tau_std": 2.1984, "car_v_mean": 19.0768, "car_v_std": 15.0147}, "datetime": {"datetime": "2024-08-10 14:07:54", "elapsed": 5524.955245, "delta": 4.852286}}
{"target": -0.4860155673399736, "params": {"bus_acc": 0.4641, "bus_dcc": 0.3977, "bus_lcAssertive": 50.3133, "bus_lcCooperative": 0.8539, "bus_lcLookaheadLeft": 94.928, "bus_lcPushy": 0.0175, "bus_lcSigma": 0.6463, "bus_lcSpeedGainRight": 4.5302, "bus_lcSublane": 0.8682, "bus_sigma": 0.9448, "bus_tau_mean": 1.1015, "bus_tau_std": 5.7771, "bus_v_mean": 25.4202, "bus_v_std": 17.1169, "car_acc": 1.0588, "car_dcc": 3.055, "car_lcAssertive": 14.9755, "car_lcCooperative": 0.0393, "car_lcLookaheadLeft": 85.8879, "car_lcPushy": 0.8636, "car_lcSigma": 0.4449, "car_lcSpeedGainRight": 2.8106, "car_lcSublane": 0.6623, "car_sigma": 0.9036, "car_tau_mean": 3.1769, "car_tau_std": 9.0785, "car_v_mean": 21.1807, "car_v_std": 7.9736}, "datetime": {"datetime": "2024-08-10 14:08:00", "elapsed": 5530.633815, "delta": 5.67857}}
{"target": -0.33409460907064387, "params": {"bus_acc": 1.0783, "bus_dcc": 3.4398, "bus_lcAssertive": 4.9679, "bus_lcCooperative": 0.9956, "bus_lcLookaheadLeft": 44.9143, "bus_lcPushy": 0.2121, "bus_lcSigma": 0.461, "bus_lcSpeedGainRight": 1.4536, "bus_lcSublane": 0.6748, "bus_sigma": 0.0862, "bus_tau_mean": 0.9568, "bus_tau_std": 1.8796, "bus_v_mean": 12.688, "bus_v_std": 16.4273, "car_acc": 3.4553, "car_dcc": 2.278, "car_lcAssertive": 45.625, "car_lcCooperative": 0.3954, "car_lcLookaheadLeft": 33.9396, "car_lcPushy": 0.84, "car_lcSigma": 0.1383, "car_lcSpeedGainRight": 1.4605, "car_lcSublane": 0.6599, "car_sigma": 0.6507, "car_tau_mean": 1.2012, "car_tau_std": 8.6694, "car_v_mean": 25.2434, "car_v_std": 16.5227}, "datetime": {"datetime": "2024-08-10 14:08:06", "elapsed": 5536.40645, "delta": 5.772635}}
{"target": -0.30735041415932446, "params": {"bus_acc": 2.9783, "bus_dcc": 2.7525, "bus_lcAssertive": 92.8584, "bus_lcCooperative": 0.7889, "bus_lcLookaheadLeft": 33.1468, "bus_lcPushy": 0.5358, "bus_lcSigma": 0.4917, "bus_lcSpeedGainRight": 0.6142, "bus_lcSublane": 0.8737, "bus_sigma": 0.6252, "bus_tau_mean": 2.2889, "bus_tau_std": 6.2612, "bus_v_mean": 8.095, "bus_v_std": 6.5888, "car_acc": 3.3987, "car_dcc": 3.9502, "car_lcAssertive": 86.2389, "car_lcCooperative": 0.8009, "car_lcLookaheadLeft": 4.1859, "car_lcPushy": 0.0262, "car_lcSigma": 0.7812, "car_lcSpeedGainRight": 4.7123, "car_lcSublane": 0.6269, "car_sigma": 0.564, "car_tau_mean": 0.8064, "car_tau_std": 6.5614, "car_v_mean": 17.5929, "car_v_std": 8.6711}, "datetime": {"datetime": "2024-08-10 14:08:10", "elapsed": 5540.361891, "delta": 3.955441}}
{"target": -0.3501505059290488, "params": {"bus_acc": 3.3452, "bus_dcc": 1.7018, "bus_lcAssertive": 59.5272, "bus_lcCooperative": 0.3046, "bus_lcLookaheadLeft": 29.2083, "bus_lcPushy": 0.6085, "bus_lcSigma": 0.9074, "bus_lcSpeedGainRight": 0.1432, "bus_lcSublane": 0.7098, "bus_sigma": 0.846, "bus_tau_mean": 3.557, "bus_tau_std": 1.0375, "bus_v_mean": 25.9375, "bus_v_std": 11.9195, "car_acc": 1.9282, "car_dcc": 3.3316, "car_lcAssertive": 78.1884, "car_lcCooperative": 0.268, "car_lcLookaheadLeft": 30.368, "car_lcPushy": 0.7079, "car_lcSigma": 0.5802, "car_lcSpeedGainRight": 3.6933, "car_lcSublane": 0.3483, "car_sigma": 0.5958, "car_tau_mean": 2.4711, "car_tau_std": 5.706, "car_v_mean": 21.2236, "car_v_std": 8.423}, "datetime": {"datetime": "2024-08-10 14:08:14", "elapsed": 5544.477452, "delta": 4.115561}}
{"target": -0.2853244005700435, "params": {"bus_acc": 0.3501, "bus_dcc": 1.0181, "bus_lcAssertive": 7.839, "bus_lcCooperative": 0.6278, "bus_lcLookaheadLeft": 16.0161, "bus_lcPushy": 0.2058, "bus_lcSigma": 0.7069, "bus_lcSpeedGainRight": 2.4122, "bus_lcSublane": 0.0802, "bus_sigma": 0.3189, "bus_tau_mean": 3.9946, "bus_tau_std": 2.5736, "bus_v_mean": 10.5878, "bus_v_std": 4.9474, "car_acc": 3.8223, "car_dcc": 2.799, "car_lcAssertive": 11.6617, "car_lcCooperative": 0.635, "car_lcLookaheadLeft": 35.6561, "car_lcPushy": 0.7849, "car_lcSigma": 0.6007, "car_lcSpeedGainRight": 0.8461, "car_lcSublane": 0.5681, "car_sigma": 0.8497, "car_tau_mean": 0.8654, "car_tau_std": 6.3903, "car_v_mean": 9.1272, "car_v_std": 7.449}, "datetime": {"datetime": "2024-08-10 14:08:21", "elapsed": 5551.702281, "delta": 7.224829}}
{"target": -0.3260227424086481, "params": {"bus_acc": 2.6102, "bus_dcc": 0.7351, "bus_lcAssertive": 79.2511, "bus_lcCooperative": 0.7069, "bus_lcLookaheadLeft": 89.6239, "bus_lcPushy": 0.2122, "bus_lcSigma": 0.8051, "bus_lcSpeedGainRight": 4.1405, "bus_lcSublane": 0.212, "bus_sigma": 0.8801, "bus_tau_mean": 2.7868, "bus_tau_std": 1.3238, "bus_v_mean": 11.8485, "bus_v_std": 19.3882, "car_acc": 0.8278, "car_dcc": 2.966, "car_lcAssertive": 29.871, "car_lcCooperative": 0.8121, "car_lcLookaheadLeft": 77.4549, "car_lcPushy": 0.7537, "car_lcSigma": 0.9306, "car_lcSpeedGainRight": 1.5475, "car_lcSublane": 0.4593, "car_sigma": 0.0721, "car_tau_mean": 0.6867, "car_tau_std": 7.2144, "car_v_mean": 21.3208, "car_v_std": 3.1396}, "datetime": {"datetime": "2024-08-10 14:08:25", "elapsed": 5555.977835, "delta": 4.275554}}
{"target": -0.3993588382906024, "params": {"bus_acc": 1.9023, "bus_dcc": 2.2571, "bus_lcAssertive": 93.4348, "bus_lcCooperative": 0.6128, "bus_lcLookaheadLeft": 15.9182, "bus_lcPushy": 0.1592, "bus_lcSigma": 0.5082, "bus_lcSpeedGainRight": 0.1247, "bus_lcSublane": 0.6086, "bus_sigma": 0.2443, "bus_tau_mean": 2.1623, "bus_tau_std": 7.7532, "bus_v_mean": 22.3813, "bus_v_std": 2.0979, "car_acc": 1.4582, "car_dcc": 3.1061, "car_lcAssertive": 79.1655, "car_lcCooperative": 0.9637, "car_lcLookaheadLeft": 86.614, "car_lcPushy": 0.3614, "car_lcSigma": 0.8671, "car_lcSpeedGainRight": 2.7232, "car_lcSublane": 0.0976, "car_sigma": 0.3314, "car_tau_mean": 1.3962, "car_tau_std": 7.4759, "car_v_mean": 23.2852, "car_v_std": 8.5225}, "datetime": {"datetime": "2024-08-10 14:08:29", "elapsed": 5559.576639, "delta": 3.598804}}
