{"target": -0.6076631283284164, "params": {"bus_acc": 2.0719, "bus_dcc": 1.7101, "bus_lcAssertive": 5.9485, "bus_lcCooperative": 0.9191, "bus_lcLookaheadLeft": 31.2241, "bus_lcPushy": 0.9326, "bus_lcSigma": 0.1423, "bus_lcSpeedGainRight": 3.0035, "bus_lcSublane": 0.1975, "bus_sigma": 0.7545, "bus_tau_mean": 2.5561, "bus_tau_std": 0.9003, "bus_v_mean": 11.083, "bus_v_std": 13.8596, "car_acc": 0.6553, "car_dcc": 2.4, "car_lcAssertive": 20.5606, "car_lcCooperative": 0.4434, "car_lcLookaheadLeft": 44.5554, "car_lcPushy": 0.5644, "car_lcSigma": 0.8905, "car_lcSpeedGainRight": 0.3836, "car_lcSublane": 0.852, "car_sigma": 0.6142, "car_tau_mean": 1.4275, "car_tau_std": 7.0106, "car_v_mean": 19.81, "car_v_std": 15.6505}, "datetime": {"datetime": "2024-08-10 13:48:41", "elapsed": 4371.172005, "delta": 5.632327}}
{"target": -0.28660028712028623, "params": {"bus_acc": 1.9079, "bus_dcc": 2.6762, "bus_lcAssertive": 23.9996, "bus_lcCooperative": 0.1384, "bus_lcLookaheadLeft": 19.3619, "bus_lcPushy": 0.8959, "bus_lcSigma": 0.8633, "bus_lcSpeedGainRight": 4.9454, "bus_lcSublane": 0.2558, "bus_sigma": 0.7417, "bus_tau_mean": 2.2691, "bus_tau_std": 1.2965, "bus_v_mean": 17.3064, "bus_v_std": 13.1855, "car_acc": 3.1936, "car_dcc": 0.382, "car_lcAssertive": 88.7697, "car_lcCooperative": 0.3379, "car_lcLookaheadLeft": 6.3377, "car_lcPushy": 0.7679, "car_lcSigma": 0.4475, "car_lcSpeedGainRight": 3.6541, "car_lcSublane": 0.3132, "car_sigma": 0.4714, "car_tau_mean": 1.2949, "car_tau_std": 8.1444, "car_v_mean": 10.0438, "car_v_std": 17.3312}, "datetime": {"datetime": "2024-08-10 13:48:45", "elapsed": 4375.878311, "delta": 4.706306}}
{"target": -0.33235651337055605, "params": {"bus_acc": 2.2445, "bus_dcc": 3.8805, "bus_lcAssertive": 19.5859, "bus_lcCooperative": 0.6977, "bus_lcLookaheadLeft": 55.1812, "bus_lcPushy": 0.1467, "bus_lcSigma": 0.2402, "bus_lcSpeedGainRight": 3.9704, "bus_lcSublane": 0.5514, "bus_sigma": 0.1024, "bus_tau_mean": 3.7022, "bus_tau_std": 4.6384, "bus_v_mean": 14.6742, "bus_v_std": 6.5412, "car_acc": 2.8949, "car_dcc": 1.1089, "car_lcAssertive": 97.1739, "car_lcCooperative": 0.4059, "car_lcLookaheadLeft": 55.4475, "car_lcPushy": 0.1524, "car_lcSigma": 0.0082, "car_lcSpeedGainRight": 1.2651, "car_lcSublane": 0.9815, "car_sigma": 0.5438, "car_tau_mean": 2.5287, "car_tau_std": 4.0061, "car_v_mean": 8.5438, "car_v_std": 10.2212}, "datetime": {"datetime": "2024-08-10 13:48:51", "elapsed": 4381.896692, "delta": 6.018381}}
{"target": -0.38962234526677886, "params": {"bus_acc": 3.6958, "bus_dcc": 0.4985, "bus_lcAssertive": 1.1897, "bus_lcCooperative": 0.0063, "bus_lcLookaheadLeft": 25.1444, "bus_lcPushy": 0.3797, "bus_lcSigma": 0.327, "bus_lcSpeedGainRight": 4.9536, "bus_lcSublane": 0.2396, "bus_sigma": 0.2625, "bus_tau_mean": 3.221, "bus_tau_std": 0.9992, "bus_v_mean": 19.8973, "bus_v_std": 8.9295, "car_acc": 0.9451, "car_dcc": 3.2919, "car_lcAssertive": 12.1167, "car_lcCooperative": 0.4064, "car_lcLookaheadLeft": 98.9183, "car_lcPushy": 0.8503, "car_lcSigma": 0.6974, "car_lcSpeedGainRight": 1.9614, "car_lcSublane": 0.8867, "car_sigma": 0.2703, "car_tau_mean": 3.4752, "car_tau_std": 2.3295, "car_v_mean": 20.0033, "car_v_std": 16.0866}, "datetime": {"datetime": "2024-08-10 13:48:58", "elapsed": 4388.536619, "delta": 6.639927}}
{"target": -0.34988820160478445, "params": {"bus_acc": 1.1363, "bus_dcc": 2.1886, "bus_lcAssertive": 42.608, "bus_lcCooperative": 0.0862, "bus_lcLookaheadLeft": 42.0202, "bus_lcPushy": 0.9169, "bus_lcSigma": 0.7995, "bus_lcSpeedGainRight": 2.6446, "bus_lcSublane": 0.8972, "bus_sigma": 0.3834, "bus_tau_mean": 2.5961, "bus_tau_std": 5.1628, "bus_v_mean": 18.7276, "bus_v_std": 9.3739, "car_acc": 2.7137, "car_dcc": 3.2471, "car_lcAssertive": 58.8903, "car_lcCooperative": 0.6073, "car_lcLookaheadLeft": 20.4415, "car_lcPushy": 0.1329, "car_lcSigma": 0.187, "car_lcSpeedGainRight": 2.8319, "car_lcSublane": 0.973, "car_sigma": 0.2089, "car_tau_mean": 1.5129, "car_tau_std": 9.0353, "car_v_mean": 19.919, "car_v_std": 6.1069}, "datetime": {"datetime": "2024-08-10 13:49:04", "elapsed": 4394.670371, "delta": 6.133752}}
{"target": -0.3057886710550159, "params": {"bus_acc": 3.3515, "bus_dcc": 3.581, "bus_lcAssertive": 76.9387, "bus_lcCooperative": 0.3731, "bus_lcLookaheadLeft": 99.7424, "bus_lcPushy": 0.665, "bus_lcSigma": 0.4806, "bus_lcSpeedGainRight": 2.1946, "bus_lcSublane": 0.313, "bus_sigma": 0.5178, "bus_tau_mean": 0.5667, "bus_tau_std": 5.7641, "bus_v_mean": 15.0974, "bus_v_std": 17.2879, "car_acc": 0.4163, "car_dcc": 0.2601, "car_lcAssertive": 39.3165, "car_lcCooperative": 0.601, "car_lcLookaheadLeft": 26.6561, "car_lcPushy": 0.0381, "car_lcSigma": 0.163, "car_lcSpeedGainRight": 4.9994, "car_lcSublane": 0.4273, "car_sigma": 0.4234, "car_tau_mean": 0.8762, "car_tau_std": 4.216, "car_v_mean": 14.9231, "car_v_std": 11.7776}, "datetime": {"datetime": "2024-08-10 13:49:07", "elapsed": 4398.046214, "delta": 3.375843}}
{"target": -0.346023838023, "params": {"bus_acc": 1.7093, "bus_dcc": 2.0272, "bus_lcAssertive": 62.3375, "bus_lcCooperative": 0.5712, "bus_lcLookaheadLeft": 82.3083, "bus_lcPushy": 0.1023, "bus_lcSigma": 0.7313, "bus_lcSpeedGainRight": 2.3569, "bus_lcSublane": 0.521, "bus_sigma": 0.6092, "bus_tau_mean": 2.5965, "bus_tau_std": 1.5527, "bus_v_mean": 20.7357, "bus_v_std": 17.3548, "car_acc": 3.7247, "car_dcc": 3.1286, "car_lcAssertive": 68.1779, "car_lcCooperative": 0.0413, "car_lcLookaheadLeft": 44.4788, "car_lcPushy": 0.9509, "car_lcSigma": 0.5872, "car_lcSpeedGainRight": 4.6673, "car_lcSublane": 0.5239, "car_sigma": 0.3684, "car_tau_mean": 0.8632, "car_tau_std": 7.0362, "car_v_mean": 10.3304, "car_v_std": 7.6015}, "datetime": {"datetime": "2024-08-10 13:49:12", "elapsed": 4402.134892, "delta": 4.088678}}
{"target": -0.38996352606892276, "params": {"bus_acc": 2.5601, "bus_dcc": 2.2545, "bus_lcAssertive": 67.052, "bus_lcCooperative": 0.8925, "bus_lcLookaheadLeft": 25.6949, "bus_lcPushy": 0.7723, "bus_lcSigma": 0.0906, "bus_lcSpeedGainRight": 2.7887, "bus_lcSublane": 0.1018, "bus_sigma": 0.3881, "bus_tau_mean": 3.1729, "bus_tau_std": 2.1357, "bus_v_mean": 14.9175, "bus_v_std": 11.3058, "car_acc": 0.6491, "car_dcc": 0.98, "car_lcAssertive": 44.0244, "car_lcCooperative": 0.5767, "car_lcLookaheadLeft": 82.6944, "car_lcPushy": 0.1911, "car_lcSigma": 0.4018, "car_lcSpeedGainRight": 4.7917, "car_lcSublane": 0.7041, "car_sigma": 0.87, "car_tau_mean": 3.0464, "car_tau_std": 3.5486, "car_v_mean": 11.3378, "car_v_std": 15.6667}, "datetime": {"datetime": "2024-08-10 13:49:17", "elapsed": 4407.623925, "delta": 5.489033}}
{"target": -0.2932129331199993, "params": {"bus_acc": 2.6859, "bus_dcc": 2.3467, "bus_lcAssertive": 70.9593, "bus_lcCooperative": 0.8627, "bus_lcLookaheadLeft": 60.1604, "bus_lcPushy": 0.3162, "bus_lcSigma": 0.7883, "bus_lcSpeedGainRight": 4.9557, "bus_lcSublane": 0.0644, "bus_sigma": 0.9793, "bus_tau_mean": 1.0606, "bus_tau_std": 2.8474, "bus_v_mean": 15.829, "bus_v_std": 7.2265, "car_acc": 2.443, "car_dcc": 0.6493, "car_lcAssertive": 62.5778, "car_lcCooperative": 0.4163, "car_lcLookaheadLeft": 15.0324, "car_lcPushy": 0.4112, "car_lcSigma": 0.9862, "car_lcSpeedGainRight": 2.5185, "car_lcSublane": 0.293, "car_sigma": 0.3217, "car_tau_mean": 1.4183, "car_tau_std": 8.1532, "car_v_mean": 17.634, "car_v_std": 18.5029}, "datetime": {"datetime": "2024-08-10 13:49:23", "elapsed": 4413.81079, "delta": 6.186865}}
{"target": -0.27098836698597456, "params": {"bus_acc": 0.8881, "bus_dcc": 2.4771, "bus_lcAssertive": 37.1789, "bus_lcCooperative": 0.5615, "bus_lcLookaheadLeft": 2.5313, "bus_lcPushy": 0.076, "bus_lcSigma": 0.332, "bus_lcSpeedGainRight": 4.5842, "bus_lcSublane": 0.3817, "bus_sigma": 0.3004, "bus_tau_mean": 3.1223, "bus_tau_std": 7.933, "bus_v_mean": 10.3503, "bus_v_std": 6.3295, "car_acc": 2.314, "car_dcc": 0.6073, "car_lcAssertive": 20.7176, "car_lcCooperative": 0.0013, "car_lcLookaheadLeft": 36.7649, "car_lcPushy": 0.5973, "car_lcSigma": 0.5175, "car_lcSpeedGainRight": 1.8501, "car_lcSublane": 0.518, "car_sigma": 0.0573, "car_tau_mean": 2.956, "car_tau_std": 6.927, "car_v_mean": 12.5715, "car_v_std": 14.1228}, "datetime": {"datetime": "2024-08-10 13:49:27", "elapsed": 4417.460674, "delta": 3.649884}}
{"target": -0.31754448760159626, "params": {"bus_acc": 3.9142, "bus_dcc": 2.2126, "bus_lcAssertive": 12.9696, "bus_lcCooperative": 0.4748, "bus_lcLookaheadLeft": 44.5635, "bus_lcPushy": 0.3798, "bus_lcSigma": 0.9747, "bus_lcSpeedGainRight": 1.4082, "bus_lcSublane": 0.6004, "bus_sigma": 0.6938, "bus_tau_mean": 3.7991, "bus_tau_std": 4.1392, "bus_v_mean": 22.9202, "bus_v_std": 11.7465, "car_acc": 3.6568, "car_dcc": 1.2513, "car_lcAssertive": 87.994, "car_lcCooperative": 0.041, "car_lcLookaheadLeft": 92.3689, "car_lcPushy": 0.6481, "car_lcSigma": 0.6012, "car_lcSpeedGainRight": 2.5023, "car_lcSublane": 0.1259, "car_sigma": 0.3632, "car_tau_mean": 1.3404, "car_tau_std": 5.1565, "car_v_mean": 17.4678, "car_v_std": 5.451}, "datetime": {"datetime": "2024-08-10 13:49:33", "elapsed": 4423.170852, "delta": 5.710178}}
{"target": -0.435204828493797, "params": {"bus_acc": 1.9739, "bus_dcc": 2.2322, "bus_lcAssertive": 37.3261, "bus_lcCooperative": 0.013, "bus_lcLookaheadLeft": 78.3305, "bus_lcPushy": 0.1202, "bus_lcSigma": 0.5505, "bus_lcSpeedGainRight": 0.5231, "bus_lcSublane": 0.0847, "bus_sigma": 0.096, "bus_tau_mean": 3.1521, "bus_tau_std": 2.0837, "bus_v_mean": 17.8665, "bus_v_std": 6.1014, "car_acc": 0.894, "car_dcc": 3.6619, "car_lcAssertive": 56.0312, "car_lcCooperative": 0.0072, "car_lcLookaheadLeft": 4.5173, "car_lcPushy": 0.4029, "car_lcSigma": 0.2438, "car_lcSpeedGainRight": 1.5093, "car_lcSublane": 0.0734, "car_sigma": 0.7197, "car_tau_mean": 3.7778, "car_tau_std": 3.0171, "car_v_mean": 18.2607, "car_v_std": 12.9537}, "datetime": {"datetime": "2024-08-10 13:49:36", "elapsed": 4426.596269, "delta": 3.425417}}
{"target": -0.33356610992164, "params": {"bus_acc": 3.3695, "bus_dcc": 0.265, "bus_lcAssertive": 25.9443, "bus_lcCooperative": 0.3278, "bus_lcLookaheadLeft": 54.9109, "bus_lcPushy": 0.4566, "bus_lcSigma": 0.7774, "bus_lcSpeedGainRight": 1.9543, "bus_lcSublane": 0.6095, "bus_sigma": 0.2604, "bus_tau_mean": 1.8474, "bus_tau_std": 3.8292, "bus_v_mean": 25.0395, "bus_v_std": 0.0689, "car_acc": 0.7037, "car_dcc": 1.9693, "car_lcAssertive": 15.5577, "car_lcCooperative": 0.1226, "car_lcLookaheadLeft": 75.2901, "car_lcPushy": 0.3679, "car_lcSigma": 0.6356, "car_lcSpeedGainRight": 0.5693, "car_lcSublane": 0.2949, "car_sigma": 0.8331, "car_tau_mean": 3.9994, "car_tau_std": 6.6595, "car_v_mean": 20.0871, "car_v_std": 19.4184}, "datetime": {"datetime": "2024-08-10 13:49:41", "elapsed": 4431.93713, "delta": 5.340861}}
{"target": -0.2970135251275687, "params": {"bus_acc": 0.4054, "bus_dcc": 2.1549, "bus_lcAssertive": 32.2295, "bus_lcCooperative": 0.011, "bus_lcLookaheadLeft": 8.5767, "bus_lcPushy": 0.356, "bus_lcSigma": 0.7448, "bus_lcSpeedGainRight": 0.0397, "bus_lcSublane": 0.5708, "bus_sigma": 0.4601, "bus_tau_mean": 1.5487, "bus_tau_std": 4.3222, "bus_v_mean": 24.4117, "bus_v_std": 2.5983, "car_acc": 3.2605, "car_dcc": 1.3034, "car_lcAssertive": 83.4002, "car_lcCooperative": 0.8789, "car_lcLookaheadLeft": 83.3946, "car_lcPushy": 0.6902, "car_lcSigma": 0.7096, "car_lcSpeedGainRight": 3.2036, "car_lcSublane": 0.1599, "car_sigma": 0.8176, "car_tau_mean": 1.9708, "car_tau_std": 2.8767, "car_v_mean": 9.632, "car_v_std": 1.4019}, "datetime": {"datetime": "2024-08-10 13:49:46", "elapsed": 4436.762223, "delta": 4.825093}}
{"target": -0.3678982374832093, "params": {"bus_acc": 1.8171, "bus_dcc": 1.9426, "bus_lcAssertive": 74.1404, "bus_lcCooperative": 0.9844, "bus_lcLookaheadLeft": 32.4378, "bus_lcPushy": 0.962, "bus_lcSigma": 0.9371, "bus_lcSpeedGainRight": 4.3365, "bus_lcSublane": 0.1788, "bus_sigma": 0.0451, "bus_tau_mean": 1.4396, "bus_tau_std": 5.2439, "bus_v_mean": 10.7698, "bus_v_std": 12.9268, "car_acc": 1.5895, "car_dcc": 3.9977, "car_lcAssertive": 82.4406, "car_lcCooperative": 0.1208, "car_lcLookaheadLeft": 12.7816, "car_lcPushy": 0.1764, "car_lcSigma": 0.7994, "car_lcSpeedGainRight": 1.8659, "car_lcSublane": 0.047, "car_sigma": 0.5798, "car_tau_mean": 2.6573, "car_tau_std": 5.1861, "car_v_mean": 19.0058, "car_v_std": 16.8326}, "datetime": {"datetime": "2024-08-10 13:49:50", "elapsed": 4440.807492, "delta": 4.045269}}
{"target": -0.2722761141913646, "params": {"bus_acc": 0.4237, "bus_dcc": 0.4333, "bus_lcAssertive": 89.6466, "bus_lcCooperative": 0.5988, "bus_lcLookaheadLeft": 63.9342, "bus_lcPushy": 0.9726, "bus_lcSigma": 0.7979, "bus_lcSpeedGainRight": 1.6858, "bus_lcSublane": 0.1819, "bus_sigma": 0.5693, "bus_tau_mean": 2.0959, "bus_tau_std": 4.2408, "bus_v_mean": 19.0386, "bus_v_std": 8.4314, "car_acc": 3.0926, "car_dcc": 2.0861, "car_lcAssertive": 55.3788, "car_lcCooperative": 0.8157, "car_lcLookaheadLeft": 15.6793, "car_lcPushy": 0.8465, "car_lcSigma": 0.922, "car_lcSpeedGainRight": 4.7715, "car_lcSublane": 0.8843, "car_sigma": 0.0012, "car_tau_mean": 1.568, "car_tau_std": 3.4197, "car_v_mean": 25.5769, "car_v_std": 14.1625}, "datetime": {"datetime": "2024-08-10 13:49:56", "elapsed": 4446.85556, "delta": 6.048068}}
{"target": -0.31555070416935366, "params": {"bus_acc": 2.8859, "bus_dcc": 0.9842, "bus_lcAssertive": 93.3171, "bus_lcCooperative": 0.2573, "bus_lcLookaheadLeft": 69.1489, "bus_lcPushy": 0.4718, "bus_lcSigma": 0.8134, "bus_lcSpeedGainRight": 0.4997, "bus_lcSublane": 0.1443, "bus_sigma": 0.326, "bus_tau_mean": 3.2876, "bus_tau_std": 1.7706, "bus_v_mean": 20.7206, "bus_v_std": 15.9394, "car_acc": 3.1639, "car_dcc": 0.5821, "car_lcAssertive": 70.2035, "car_lcCooperative": 0.0809, "car_lcLookaheadLeft": 33.0313, "car_lcPushy": 0.5023, "car_lcSigma": 0.0904, "car_lcSpeedGainRight": 3.479, "car_lcSublane": 0.7564, "car_sigma": 0.7166, "car_tau_mean": 3.2309, "car_tau_std": 4.4802, "car_v_mean": 13.6039, "car_v_std": 15.7229}, "datetime": {"datetime": "2024-08-10 13:50:00", "elapsed": 4450.972002, "delta": 4.116442}}
{"target": -0.33593579314317523, "params": {"bus_acc": 0.9965, "bus_dcc": 0.7035, "bus_lcAssertive": 72.2236, "bus_lcCooperative": 0.5159, "bus_lcLookaheadLeft": 90.588, "bus_lcPushy": 0.4164, "bus_lcSigma": 0.3292, "bus_lcSpeedGainRight": 4.2319, "bus_lcSublane": 0.9534, "bus_sigma": 0.8225, "bus_tau_mean": 3.1118, "bus_tau_std": 3.0585, "bus_v_mean": 8.0821, "bus_v_std": 15.6993, "car_acc": 2.3049, "car_dcc": 2.5229, "car_lcAssertive": 24.6224, "car_lcCooperative": 0.2345, "car_lcLookaheadLeft": 74.023, "car_lcPushy": 0.1697, "car_lcSigma": 0.8836, "car_lcSpeedGainRight": 2.2264, "car_lcSublane": 0.5849, "car_sigma": 0.281, "car_tau_mean": 2.051, "car_tau_std": 4.5902, "car_v_mean": 12.8305, "car_v_std": 7.5749}, "datetime": {"datetime": "2024-08-10 13:50:07", "elapsed": 4457.315061, "delta": 6.343059}}
{"target": -0.33559976151660104, "params": {"bus_acc": 1.5736, "bus_dcc": 0.2916, "bus_lcAssertive": 96.5748, "bus_lcCooperative": 0.3064, "bus_lcLookaheadLeft": 77.0478, "bus_lcPushy": 0.949, "bus_lcSigma": 0.844, "bus_lcSpeedGainRight": 1.6356, "bus_lcSublane": 0.3503, "bus_sigma": 0.4932, "bus_tau_mean": 0.8478, "bus_tau_std": 3.1084, "bus_v_mean": 25.0386, "bus_v_std": 8.1466, "car_acc": 1.8418, "car_dcc": 1.6277, "car_lcAssertive": 98.7536, "car_lcCooperative": 0.5846, "car_lcLookaheadLeft": 91.054, "car_lcPushy": 0.7024, "car_lcSigma": 0.7451, "car_lcSpeedGainRight": 1.579, "car_lcSublane": 0.5041, "car_sigma": 0.8543, "car_tau_mean": 3.9827, "car_tau_std": 7.5581, "car_v_mean": 15.5728, "car_v_std": 11.914}, "datetime": {"datetime": "2024-08-10 13:50:10", "elapsed": 4460.840915, "delta": 3.525854}}
{"target": -0.6375321323168812, "params": {"bus_acc": 1.3703, "bus_dcc": 2.3365, "bus_lcAssertive": 36.2177, "bus_lcCooperative": 0.909, "bus_lcLookaheadLeft": 61.2352, "bus_lcPushy": 0.7726, "bus_lcSigma": 0.8219, "bus_lcSpeedGainRight": 2.6897, "bus_lcSublane": 0.0104, "bus_sigma": 0.5682, "bus_tau_mean": 2.6118, "bus_tau_std": 5.2619, "bus_v_mean": 11.4302, "bus_v_std": 9.1383, "car_acc": 0.5049, "car_dcc": 0.942, "car_lcAssertive": 69.9413, "car_lcCooperative": 0.1794, "car_lcLookaheadLeft": 72.4011, "car_lcPushy": 0.0996, "car_lcSigma": 0.1445, "car_lcSpeedGainRight": 3.8903, "car_lcSublane": 0.9967, "car_sigma": 0.4588, "car_tau_mean": 2.7583, "car_tau_std": 9.8529, "car_v_mean": 11.1314, "car_v_std": 11.0157}, "datetime": {"datetime": "2024-08-10 13:50:15", "elapsed": 4465.453386, "delta": 4.612471}}
{"target": -0.30160633385375074, "params": {"bus_acc": 2.9912, "bus_dcc": 1.0255, "bus_lcAssertive": 80.261, "bus_lcCooperative": 0.3904, "bus_lcLookaheadLeft": 56.6835, "bus_lcPushy": 0.3829, "bus_lcSigma": 0.3018, "bus_lcSpeedGainRight": 2.8741, "bus_lcSublane": 0.1098, "bus_sigma": 0.931, "bus_tau_mean": 1.9836, "bus_tau_std": 8.7658, "bus_v_mean": 21.2886, "bus_v_std": 9.2992, "car_acc": 3.9232, "car_dcc": 3.5043, "car_lcAssertive": 91.7064, "car_lcCooperative": 0.1437, "car_lcLookaheadLeft": 61.4711, "car_lcPushy": 0.842, "car_lcSigma": 0.6238, "car_lcSpeedGainRight": 4.0747, "car_lcSublane": 0.1163, "car_sigma": 0.8457, "car_tau_mean": 1.0017, "car_tau_std": 6.7421, "car_v_mean": 17.5661, "car_v_std": 18.18}, "datetime": {"datetime": "2024-08-10 13:50:20", "elapsed": 4470.912782, "delta": 5.459396}}
{"target": -0.3492561200721365, "params": {"bus_acc": 0.5138, "bus_dcc": 2.6195, "bus_lcAssertive": 31.4243, "bus_lcCooperative": 0.2826, "bus_lcLookaheadLeft": 15.1173, "bus_lcPushy": 0.0994, "bus_lcSigma": 0.27, "bus_lcSpeedGainRight": 4.2327, "bus_lcSublane": 0.2664, "bus_sigma": 0.1358, "bus_tau_mean": 1.0369, "bus_tau_std": 6.8246, "bus_v_mean": 21.548, "bus_v_std": 11.1929, "car_acc": 1.7404, "car_dcc": 2.2056, "car_lcAssertive": 13.4078, "car_lcCooperative": 0.4706, "car_lcLookaheadLeft": 10.8261, "car_lcPushy": 0.3499, "car_lcSigma": 0.8053, "car_lcSpeedGainRight": 0.5596, "car_lcSublane": 0.3263, "car_sigma": 0.1296, "car_tau_mean": 3.294, "car_tau_std": 5.2727, "car_v_mean": 25.9312, "car_v_std": 18.1483}, "datetime": {"datetime": "2024-08-10 13:50:26", "elapsed": 4476.614985, "delta": 5.702203}}
{"target": -0.24798155119052004, "params": {"bus_acc": 0.6531, "bus_dcc": 3.7491, "bus_lcAssertive": 63.8285, "bus_lcCooperative": 0.3778, "bus_lcLookaheadLeft": 79.2524, "bus_lcPushy": 0.6765, "bus_lcSigma": 0.9994, "bus_lcSpeedGainRight": 0.6273, "bus_lcSublane": 0.2399, "bus_sigma": 0.3547, "bus_tau_mean": 3.7426, "bus_tau_std": 5.5936, "bus_v_mean": 12.6827, "bus_v_std": 16.3899, "car_acc": 3.3404, "car_dcc": 0.2601, "car_lcAssertive": 87.6639, "car_lcCooperative": 0.3769, "car_lcLookaheadLeft": 96.6471, "car_lcPushy": 0.8892, "car_lcSigma": 0.9115, "car_lcSpeedGainRight": 3.706, "car_lcSublane": 0.0408, "car_sigma": 0.8994, "car_tau_mean": 0.5172, "car_tau_std": 5.9404, "car_v_mean": 13.9026, "car_v_std": 13.7144}, "datetime": {"datetime": "2024-08-10 13:50:32", "elapsed": 4482.658996, "delta": 6.044011}}
{"target": -0.3038233828312358, "params": {"bus_acc": 0.7163, "bus_dcc": 2.6765, "bus_lcAssertive": 25.6091, "bus_lcCooperative": 0.4588, "bus_lcLookaheadLeft": 11.5903, "bus_lcPushy": 0.8353, "bus_lcSigma": 0.1495, "bus_lcSpeedGainRight": 4.0505, "bus_lcSublane": 0.054, "bus_sigma": 0.9405, "bus_tau_mean": 3.7896, "bus_tau_std": 0.84, "bus_v_mean": 17.5856, "bus_v_std": 15.2508, "car_acc": 3.2728, "car_dcc": 1.1005, "car_lcAssertive": 24.0336, "car_lcCooperative": 0.1134, "car_lcLookaheadLeft": 19.998, "car_lcPushy": 0.1453, "car_lcSigma": 0.8659, "car_lcSpeedGainRight": 0.7241, "car_lcSublane": 0.3375, "car_sigma": 0.243, "car_tau_mean": 2.3064, "car_tau_std": 7.3685, "car_v_mean": 13.8765, "car_v_std": 5.35}, "datetime": {"datetime": "2024-08-10 13:50:36", "elapsed": 4486.973011, "delta": 4.314015}}
{"target": -0.30219069166674495, "params": {"bus_acc": 0.6853, "bus_dcc": 2.2987, "bus_lcAssertive": 95.8641, "bus_lcCooperative": 0.7736, "bus_lcLookaheadLeft": 71.4756, "bus_lcPushy": 0.733, "bus_lcSigma": 0.1597, "bus_lcSpeedGainRight": 2.2758, "bus_lcSublane": 0.0556, "bus_sigma": 0.006, "bus_tau_mean": 2.4003, "bus_tau_std": 8.7079, "bus_v_mean": 14.7928, "bus_v_std": 12.0424, "car_acc": 1.7583, "car_dcc": 2.7535, "car_lcAssertive": 58.1694, "car_lcCooperative": 0.7961, "car_lcLookaheadLeft": 18.4313, "car_lcPushy": 0.8377, "car_lcSigma": 0.1403, "car_lcSpeedGainRight": 2.5381, "car_lcSublane": 0.3469, "car_sigma": 0.8184, "car_tau_mean": 2.9228, "car_tau_std": 6.9559, "car_v_mean": 15.2805, "car_v_std": 9.2334}, "datetime": {"datetime": "2024-08-10 13:50:43", "elapsed": 4494.042976, "delta": 7.069965}}
{"target": -0.3027456643640545, "params": {"bus_acc": 2.3179, "bus_dcc": 1.7049, "bus_lcAssertive": 53.2182, "bus_lcCooperative": 0.5628, "bus_lcLookaheadLeft": 5.7771, "bus_lcPushy": 0.3537, "bus_lcSigma": 0.0864, "bus_lcSpeedGainRight": 4.7765, "bus_lcSublane": 0.3003, "bus_sigma": 0.0124, "bus_tau_mean": 1.492, "bus_tau_std": 6.7176, "bus_v_mean": 9.5261, "bus_v_std": 10.3378, "car_acc": 2.3506, "car_dcc": 1.5067, "car_lcAssertive": 85.2555, "car_lcCooperative": 0.2104, "car_lcLookaheadLeft": 60.5142, "car_lcPushy": 0.7378, "car_lcSigma": 0.4607, "car_lcSpeedGainRight": 4.811, "car_lcSublane": 0.1335, "car_sigma": 0.1904, "car_tau_mean": 3.5997, "car_tau_std": 2.1996, "car_v_mean": 19.4305, "car_v_std": 17.0329}, "datetime": {"datetime": "2024-08-10 13:50:49", "elapsed": 4499.588936, "delta": 5.54596}}
