{"target": -0.2293477355835496, "params": {"bus_acc": 1.0398, "bus_dcc": 0.899, "bus_lcAssertive": 59.525, "bus_lcCooperative": 0.7436, "bus_lcLookaheadLeft": 9.7153, "bus_lcPushy": 0.3253, "bus_lcSigma": 0.4152, "bus_lcSpeedGainRight": 0.536, "bus_lcSublane": 0.7327, "bus_sigma": 0.2623, "bus_tau_mean": 3.5616, "bus_tau_std": 6.8958, "bus_v_mean": 23.655, "bus_v_std": 11.01, "car_acc": 1.9039, "car_dcc": 0.4138, "car_lcAssertive": 97.8039, "car_lcCooperative": 0.8422, "car_lcLookaheadLeft": 37.3093, "car_lcPushy": 0.1526, "car_lcSigma": 0.6535, "car_lcSpeedGainRight": 4.7704, "car_lcSublane": 0.8972, "car_sigma": 0.9422, "car_tau_mean": 3.1256, "car_tau_std": 7.7132, "car_v_mean": 15.1184, "car_v_std": 12.3323}, "datetime": {"datetime": "2024-08-10 15:24:51", "elapsed": 10141.342143, "delta": 9.041642}}
{"target": -0.7756986444586826, "params": {"bus_acc": 1.6683, "bus_dcc": 2.3148, "bus_lcAssertive": 80.2235, "bus_lcCooperative": 0.3701, "bus_lcLookaheadLeft": 23.324, "bus_lcPushy": 0.7623, "bus_lcSigma": 0.3666, "bus_lcSpeedGainRight": 0.1839, "bus_lcSublane": 0.8333, "bus_sigma": 0.143, "bus_tau_mean": 0.7996, "bus_tau_std": 4.442, "bus_v_mean": 12.5323, "bus_v_std": 18.45, "car_acc": 0.205, "car_dcc": 2.861, "car_lcAssertive": 25.1459, "car_lcCooperative": 0.5187, "car_lcLookaheadLeft": 87.0257, "car_lcPushy": 0.4061, "car_lcSigma": 0.5399, "car_lcSpeedGainRight": 2.5448, "car_lcSublane": 0.0019, "car_sigma": 0.5655, "car_tau_mean": 3.5845, "car_tau_std": 4.9775, "car_v_mean": 12.7985, "car_v_std": 16.6079}, "datetime": {"datetime": "2024-08-10 15:25:04", "elapsed": 10154.298574, "delta": 12.956431}}
{"target": -0.3079208721220063, "params": {"bus_acc": 3.7225, "bus_dcc": 2.1408, "bus_lcAssertive": 82.8985, "bus_lcCooperative": 0.2248, "bus_lcLookaheadLeft": 47.5369, "bus_lcPushy": 0.2318, "bus_lcSigma": 0.0999, "bus_lcSpeedGainRight": 1.3804, "bus_lcSublane": 0.3208, "bus_sigma": 0.3625, "bus_tau_mean": 1.6092, "bus_tau_std": 5.8245, "bus_v_mean": 22.4287, "bus_v_std": 13.8117, "car_acc": 2.0735, "car_dcc": 1.4816, "car_lcAssertive": 38.3926, "car_lcCooperative": 0.8838, "car_lcLookaheadLeft": 47.728, "car_lcPushy": 0.2448, "car_lcSigma": 0.052, "car_lcSpeedGainRight": 1.4339, "car_lcSublane": 0.8432, "car_sigma": 0.1211, "car_tau_mean": 3.9951, "car_tau_std": 7.9355, "car_v_mean": 12.7428, "car_v_std": 19.7337}, "datetime": {"datetime": "2024-08-10 15:25:10", "elapsed": 10160.696042, "delta": 6.397468}}
{"target": -0.35547193024498736, "params": {"bus_acc": 0.5208, "bus_dcc": 2.9253, "bus_lcAssertive": 72.9678, "bus_lcCooperative": 0.0134, "bus_lcLookaheadLeft": 62.0969, "bus_lcPushy": 0.9649, "bus_lcSigma": 0.8482, "bus_lcSpeedGainRight": 1.4861, "bus_lcSublane": 0.0679, "bus_sigma": 0.945, "bus_tau_mean": 3.6686, "bus_tau_std": 1.1913, "bus_v_mean": 18.7167, "bus_v_std": 10.3774, "car_acc": 2.4796, "car_dcc": 3.5246, "car_lcAssertive": 79.5699, "car_lcCooperative": 0.9846, "car_lcLookaheadLeft": 51.9531, "car_lcPushy": 0.0692, "car_lcSigma": 0.4082, "car_lcSpeedGainRight": 0.5868, "car_lcSublane": 0.3929, "car_sigma": 0.6031, "car_tau_mean": 3.9764, "car_tau_std": 1.3051, "car_v_mean": 13.3245, "car_v_std": 12.7213}, "datetime": {"datetime": "2024-08-10 15:25:27", "elapsed": 10177.812898, "delta": 17.116856}}
{"target": -0.40465771637593173, "params": {"bus_acc": 0.3065, "bus_dcc": 2.5872, "bus_lcAssertive": 77.2044, "bus_lcCooperative": 0.7487, "bus_lcLookaheadLeft": 92.4312, "bus_lcPushy": 0.7335, "bus_lcSigma": 0.8752, "bus_lcSpeedGainRight": 3.1765, "bus_lcSublane": 0.2928, "bus_sigma": 0.2103, "bus_tau_mean": 1.7892, "bus_tau_std": 3.0813, "bus_v_mean": 24.4305, "bus_v_std": 15.4255, "car_acc": 2.1791, "car_dcc": 1.5237, "car_lcAssertive": 89.1652, "car_lcCooperative": 0.5583, "car_lcLookaheadLeft": 77.7893, "car_lcPushy": 0.701, "car_lcSigma": 0.4624, "car_lcSpeedGainRight": 4.0544, "car_lcSublane": 0.4396, "car_sigma": 0.58, "car_tau_mean": 1.7479, "car_tau_std": 7.1684, "car_v_mean": 11.9502, "car_v_std": 7.4341}, "datetime": {"datetime": "2024-08-10 15:25:32", "elapsed": 10183.076726, "delta": 5.263828}}
{"target": -0.7512287026532528, "params": {"bus_acc": 2.5723, "bus_dcc": 0.4673, "bus_lcAssertive": 95.5753, "bus_lcCooperative": 0.4701, "bus_lcLookaheadLeft": 98.095, "bus_lcPushy": 0.4933, "bus_lcSigma": 0.4359, "bus_lcSpeedGainRight": 2.4599, "bus_lcSublane": 0.9373, "bus_sigma": 0.813, "bus_tau_mean": 1.4043, "bus_tau_std": 7.3005, "bus_v_mean": 23.5195, "bus_v_std": 16.0873, "car_acc": 0.251, "car_dcc": 0.3343, "car_lcAssertive": 76.4509, "car_lcCooperative": 0.7831, "car_lcLookaheadLeft": 94.1703, "car_lcPushy": 0.3959, "car_lcSigma": 0.3608, "car_lcSpeedGainRight": 2.23, "car_lcSublane": 0.6631, "car_sigma": 0.1693, "car_tau_mean": 2.5239, "car_tau_std": 2.7195, "car_v_mean": 14.0338, "car_v_std": 10.959}, "datetime": {"datetime": "2024-08-10 15:25:41", "elapsed": 10192.017901, "delta": 8.941175}}
{"target": -0.3792782331861764, "params": {"bus_acc": 1.6519, "bus_dcc": 2.6866, "bus_lcAssertive": 18.0854, "bus_lcCooperative": 0.1992, "bus_lcLookaheadLeft": 42.5167, "bus_lcPushy": 0.5783, "bus_lcSigma": 0.5797, "bus_lcSpeedGainRight": 2.0923, "bus_lcSublane": 0.9147, "bus_sigma": 0.0891, "bus_tau_mean": 2.3046, "bus_tau_std": 8.5507, "bus_v_mean": 18.2437, "bus_v_std": 18.3375, "car_acc": 1.6856, "car_dcc": 3.7356, "car_lcAssertive": 57.5713, "car_lcCooperative": 0.6483, "car_lcLookaheadLeft": 94.2016, "car_lcPushy": 0.2007, "car_lcSigma": 0.8639, "car_lcSpeedGainRight": 1.0508, "car_lcSublane": 0.038, "car_sigma": 0.0609, "car_tau_mean": 1.321, "car_tau_std": 9.9179, "car_v_mean": 9.6846, "car_v_std": 10.9456}, "datetime": {"datetime": "2024-08-10 15:25:47", "elapsed": 10198.084642, "delta": 6.066741}}
{"target": -0.3136180598111177, "params": {"bus_acc": 1.3621, "bus_dcc": 0.7311, "bus_lcAssertive": 49.3844, "bus_lcCooperative": 0.9838, "bus_lcLookaheadLeft": 28.4081, "bus_lcPushy": 0.3268, "bus_lcSigma": 0.3018, "bus_lcSpeedGainRight": 0.2984, "bus_lcSublane": 0.9807, "bus_sigma": 0.6319, "bus_tau_mean": 1.2769, "bus_tau_std": 1.1603, "bus_v_mean": 22.7704, "bus_v_std": 17.2794, "car_acc": 3.0357, "car_dcc": 2.077, "car_lcAssertive": 83.1702, "car_lcCooperative": 0.1766, "car_lcLookaheadLeft": 70.9338, "car_lcPushy": 0.8236, "car_lcSigma": 0.1106, "car_lcSpeedGainRight": 1.8683, "car_lcSublane": 0.8829, "car_sigma": 0.4173, "car_tau_mean": 2.9918, "car_tau_std": 9.4236, "car_v_mean": 16.2893, "car_v_std": 4.9757}, "datetime": {"datetime": "2024-08-10 15:25:59", "elapsed": 10209.643459, "delta": 11.558817}}
{"target": -0.3369513923654442, "params": {"bus_acc": 3.2011, "bus_dcc": 1.9057, "bus_lcAssertive": 81.8948, "bus_lcCooperative": 0.5466, "bus_lcLookaheadLeft": 78.9696, "bus_lcPushy": 0.1852, "bus_lcSigma": 0.8937, "bus_lcSpeedGainRight": 1.5365, "bus_lcSublane": 0.6104, "bus_sigma": 0.7424, "bus_tau_mean": 1.138, "bus_tau_std": 8.7142, "bus_v_mean": 15.1697, "bus_v_std": 12.8395, "car_acc": 2.2669, "car_dcc": 1.5562, "car_lcAssertive": 65.5371, "car_lcCooperative": 0.5773, "car_lcLookaheadLeft": 16.0071, "car_lcPushy": 0.9266, "car_lcSigma": 0.2473, "car_lcSpeedGainRight": 1.8499, "car_lcSublane": 0.7546, "car_sigma": 0.567, "car_tau_mean": 1.0207, "car_tau_std": 7.3759, "car_v_mean": 13.9109, "car_v_std": 1.4469}, "datetime": {"datetime": "2024-08-10 15:26:08", "elapsed": 10218.756936, "delta": 9.113477}}
{"target": -0.366684271932653, "params": {"bus_acc": 0.5283, "bus_dcc": 3.567, "bus_lcAssertive": 89.6036, "bus_lcCooperative": 0.0907, "bus_lcLookaheadLeft": 99.8289, "bus_lcPushy": 0.2369, "bus_lcSigma": 0.6555, "bus_lcSpeedGainRight": 4.0254, "bus_lcSublane": 0.1414, "bus_sigma": 0.8197, "bus_tau_mean": 1.927, "bus_tau_std": 8.4775, "bus_v_mean": 23.8593, "bus_v_std": 18.8457, "car_acc": 2.7122, "car_dcc": 3.4132, "car_lcAssertive": 17.7663, "car_lcCooperative": 0.1913, "car_lcLookaheadLeft": 98.0142, "car_lcPushy": 0.6514, "car_lcSigma": 0.4825, "car_lcSpeedGainRight": 4.3478, "car_lcSublane": 0.3095, "car_sigma": 0.3066, "car_tau_mean": 3.6584, "car_tau_std": 9.9951, "car_v_mean": 21.105, "car_v_std": 7.8826}, "datetime": {"datetime": "2024-08-10 15:26:13", "elapsed": 10223.842519, "delta": 5.085583}}
{"target": -0.39485551298558125, "params": {"bus_acc": 2.3513, "bus_dcc": 1.8331, "bus_lcAssertive": 69.2197, "bus_lcCooperative": 0.9663, "bus_lcLookaheadLeft": 51.628, "bus_lcPushy": 0.8359, "bus_lcSigma": 0.711, "bus_lcSpeedGainRight": 0.5635, "bus_lcSublane": 0.5771, "bus_sigma": 0.0687, "bus_tau_mean": 0.8653, "bus_tau_std": 9.6901, "bus_v_mean": 13.6031, "bus_v_std": 5.5439, "car_acc": 1.0111, "car_dcc": 1.5384, "car_lcAssertive": 96.7864, "car_lcCooperative": 0.7269, "car_lcLookaheadLeft": 52.6575, "car_lcPushy": 0.3767, "car_lcSigma": 0.7366, "car_lcSpeedGainRight": 3.564, "car_lcSublane": 0.7843, "car_sigma": 0.3449, "car_tau_mean": 2.5519, "car_tau_std": 0.6392, "car_v_mean": 19.3152, "car_v_std": 11.7983}, "datetime": {"datetime": "2024-08-10 15:26:20", "elapsed": 10231.089209, "delta": 7.24669}}
{"target": -0.7221137193786428, "params": {"bus_acc": 1.8374, "bus_dcc": 3.3083, "bus_lcAssertive": 73.1069, "bus_lcCooperative": 0.3713, "bus_lcLookaheadLeft": 49.8535, "bus_lcPushy": 0.3646, "bus_lcSigma": 0.2445, "bus_lcSpeedGainRight": 1.3478, "bus_lcSublane": 0.483, "bus_sigma": 0.2895, "bus_tau_mean": 2.1154, "bus_tau_std": 4.0781, "bus_v_mean": 9.0989, "bus_v_std": 14.0536, "car_acc": 0.3091, "car_dcc": 2.5134, "car_lcAssertive": 54.5067, "car_lcCooperative": 0.8826, "car_lcLookaheadLeft": 11.5603, "car_lcPushy": 0.3093, "car_lcSigma": 0.9314, "car_lcSpeedGainRight": 1.6007, "car_lcSublane": 0.1442, "car_sigma": 0.9063, "car_tau_mean": 2.117, "car_tau_std": 6.1892, "car_v_mean": 21.7124, "car_v_std": 12.9474}, "datetime": {"datetime": "2024-08-10 15:26:29", "elapsed": 10239.395662, "delta": 8.306453}}
{"target": -0.33938475532725215, "params": {"bus_acc": 1.1935, "bus_dcc": 1.5366, "bus_lcAssertive": 37.1865, "bus_lcCooperative": 0.0145, "bus_lcLookaheadLeft": 12.1947, "bus_lcPushy": 0.2403, "bus_lcSigma": 0.977, "bus_lcSpeedGainRight": 2.1546, "bus_lcSublane": 0.817, "bus_sigma": 0.3949, "bus_tau_mean": 1.6423, "bus_tau_std": 2.9468, "bus_v_mean": 15.58, "bus_v_std": 5.8768, "car_acc": 1.5027, "car_dcc": 2.1801, "car_lcAssertive": 17.7434, "car_lcCooperative": 0.5389, "car_lcLookaheadLeft": 23.8226, "car_lcPushy": 0.4722, "car_lcSigma": 0.358, "car_lcSpeedGainRight": 1.3357, "car_lcSublane": 0.2491, "car_sigma": 0.2914, "car_tau_mean": 0.9974, "car_tau_std": 9.3257, "car_v_mean": 23.8382, "car_v_std": 4.7571}, "datetime": {"datetime": "2024-08-10 15:26:38", "elapsed": 10249.012437, "delta": 9.616775}}
{"target": -0.34507945550782804, "params": {"bus_acc": 3.4469, "bus_dcc": 2.2975, "bus_lcAssertive": 78.7721, "bus_lcCooperative": 0.1735, "bus_lcLookaheadLeft": 32.3794, "bus_lcPushy": 0.3585, "bus_lcSigma": 0.4369, "bus_lcSpeedGainRight": 3.8718, "bus_lcSublane": 0.0603, "bus_sigma": 0.9118, "bus_tau_mean": 3.0631, "bus_tau_std": 6.6474, "bus_v_mean": 8.6155, "bus_v_std": 8.324, "car_acc": 0.4283, "car_dcc": 3.19, "car_lcAssertive": 75.6223, "car_lcCooperative": 0.7917, "car_lcLookaheadLeft": 9.7386, "car_lcPushy": 0.0086, "car_lcSigma": 0.5498, "car_lcSpeedGainRight": 2.332, "car_lcSublane": 0.4955, "car_sigma": 0.8517, "car_tau_mean": 3.2591, "car_tau_std": 1.1832, "car_v_mean": 24.8146, "car_v_std": 1.4549}, "datetime": {"datetime": "2024-08-10 15:26:47", "elapsed": 10257.274087, "delta": 8.26165}}
{"target": -0.69954343233018, "params": {"bus_acc": 0.4062, "bus_dcc": 2.4904, "bus_lcAssertive": 44.7108, "bus_lcCooperative": 0.1817, "bus_lcLookaheadLeft": 67.2106, "bus_lcPushy": 0.0015, "bus_lcSigma": 0.108, "bus_lcSpeedGainRight": 3.6836, "bus_lcSublane": 0.0235, "bus_sigma": 0.6523, "bus_tau_mean": 1.6371, "bus_tau_std": 2.3063, "bus_v_mean": 22.9051, "bus_v_std": 10.5192, "car_acc": 0.4587, "car_dcc": 0.9562, "car_lcAssertive": 48.6857, "car_lcCooperative": 0.7603, "car_lcLookaheadLeft": 53.0507, "car_lcPushy": 0.2414, "car_lcSigma": 0.2945, "car_lcSpeedGainRight": 1.9904, "car_lcSublane": 0.558, "car_sigma": 0.2827, "car_tau_mean": 3.4755, "car_tau_std": 2.38, "car_v_mean": 14.8848, "car_v_std": 12.0176}, "datetime": {"datetime": "2024-08-10 15:26:52", "elapsed": 10262.780264, "delta": 5.506177}}
{"target": -0.26278222865077266, "params": {"bus_acc": 2.7351, "bus_dcc": 2.177, "bus_lcAssertive": 69.938, "bus_lcCooperative": 0.8115, "bus_lcLookaheadLeft": 11.269, "bus_lcPushy": 0.3722, "bus_lcSigma": 0.9076, "bus_lcSpeedGainRight": 4.0643, "bus_lcSublane": 0.1928, "bus_sigma": 0.7589, "bus_tau_mean": 0.8735, "bus_tau_std": 0.0573, "bus_v_mean": 25.4437, "bus_v_std": 17.0452, "car_acc": 1.2419, "car_dcc": 0.9808, "car_lcAssertive": 45.5052, "car_lcCooperative": 0.9199, "car_lcLookaheadLeft": 80.7812, "car_lcPushy": 0.1794, "car_lcSigma": 0.539, "car_lcSpeedGainRight": 1.3037, "car_lcSublane": 0.0446, "car_sigma": 0.0269, "car_tau_mean": 2.5106, "car_tau_std": 0.3821, "car_v_mean": 16.6574, "car_v_std": 1.7294}, "datetime": {"datetime": "2024-08-10 15:27:00", "elapsed": 10270.952573, "delta": 8.172309}}
{"target": -0.36966256581202206, "params": {"bus_acc": 2.913, "bus_dcc": 1.2039, "bus_lcAssertive": 23.0554, "bus_lcCooperative": 0.0644, "bus_lcLookaheadLeft": 49.9159, "bus_lcPushy": 0.4889, "bus_lcSigma": 0.2647, "bus_lcSpeedGainRight": 2.7819, "bus_lcSublane": 0.5473, "bus_sigma": 0.4357, "bus_tau_mean": 3.4809, "bus_tau_std": 3.1852, "bus_v_mean": 13.7753, "bus_v_std": 15.3555, "car_acc": 2.0732, "car_dcc": 0.5969, "car_lcAssertive": 19.2078, "car_lcCooperative": 0.7388, "car_lcLookaheadLeft": 90.6643, "car_lcPushy": 0.4651, "car_lcSigma": 0.6523, "car_lcSpeedGainRight": 1.3883, "car_lcSublane": 0.7885, "car_sigma": 0.8316, "car_tau_mean": 1.4237, "car_tau_std": 1.811, "car_v_mean": 8.9047, "car_v_std": 1.2887}, "datetime": {"datetime": "2024-08-10 15:27:06", "elapsed": 10276.186031, "delta": 5.233458}}
{"target": -0.28748734174736956, "params": {"bus_acc": 2.0926, "bus_dcc": 1.3203, "bus_lcAssertive": 3.6437, "bus_lcCooperative": 0.9652, "bus_lcLookaheadLeft": 81.0751, "bus_lcPushy": 0.2738, "bus_lcSigma": 0.201, "bus_lcSpeedGainRight": 0.7812, "bus_lcSublane": 0.3681, "bus_sigma": 0.0007, "bus_tau_mean": 1.6912, "bus_tau_std": 0.4892, "bus_v_mean": 22.5558, "bus_v_std": 10.9808, "car_acc": 2.1268, "car_dcc": 1.0213, "car_lcAssertive": 77.559, "car_lcCooperative": 0.4821, "car_lcLookaheadLeft": 43.8598, "car_lcPushy": 0.0147, "car_lcSigma": 0.9858, "car_lcSpeedGainRight": 4.3857, "car_lcSublane": 0.7442, "car_sigma": 0.5094, "car_tau_mean": 3.8375, "car_tau_std": 9.505, "car_v_mean": 15.5338, "car_v_std": 8.0323}, "datetime": {"datetime": "2024-08-10 15:27:13", "elapsed": 10284.04939, "delta": 7.863359}}
{"target": -0.28444855395650204, "params": {"bus_acc": 0.438, "bus_dcc": 2.0538, "bus_lcAssertive": 28.6614, "bus_lcCooperative": 0.2099, "bus_lcLookaheadLeft": 15.3559, "bus_lcPushy": 0.4295, "bus_lcSigma": 0.8089, "bus_lcSpeedGainRight": 4.6579, "bus_lcSublane": 0.7048, "bus_sigma": 0.0467, "bus_tau_mean": 0.9427, "bus_tau_std": 4.0735, "bus_v_mean": 13.714, "bus_v_std": 7.3305, "car_acc": 3.6241, "car_dcc": 0.8844, "car_lcAssertive": 79.7248, "car_lcCooperative": 0.5626, "car_lcLookaheadLeft": 16.7297, "car_lcPushy": 0.3763, "car_lcSigma": 0.761, "car_lcSpeedGainRight": 1.3798, "car_lcSublane": 0.5126, "car_sigma": 0.0639, "car_tau_mean": 3.7725, "car_tau_std": 8.0802, "car_v_mean": 20.0528, "car_v_std": 5.0262}, "datetime": {"datetime": "2024-08-10 15:27:19", "elapsed": 10289.798472, "delta": 5.749082}}
{"target": -0.28506409707719027, "params": {"bus_acc": 0.5061, "bus_dcc": 3.8096, "bus_lcAssertive": 69.5032, "bus_lcCooperative": 0.2353, "bus_lcLookaheadLeft": 27.8661, "bus_lcPushy": 0.4476, "bus_lcSigma": 0.1423, "bus_lcSpeedGainRight": 2.0904, "bus_lcSublane": 0.225, "bus_sigma": 0.3655, "bus_tau_mean": 2.8641, "bus_tau_std": 8.074, "bus_v_mean": 17.8401, "bus_v_std": 2.2081, "car_acc": 1.3498, "car_dcc": 2.3385, "car_lcAssertive": 50.6409, "car_lcCooperative": 0.4954, "car_lcLookaheadLeft": 91.9448, "car_lcPushy": 0.1645, "car_lcSigma": 0.8431, "car_lcSpeedGainRight": 4.9617, "car_lcSublane": 0.4643, "car_sigma": 0.7304, "car_tau_mean": 2.5477, "car_tau_std": 1.5468, "car_v_mean": 11.8405, "car_v_std": 11.2013}, "datetime": {"datetime": "2024-08-10 15:27:26", "elapsed": 10296.874964, "delta": 7.076492}}
{"target": -0.31798698976718925, "params": {"bus_acc": 1.3983, "bus_dcc": 1.0752, "bus_lcAssertive": 85.6541, "bus_lcCooperative": 0.2523, "bus_lcLookaheadLeft": 37.1911, "bus_lcPushy": 0.2109, "bus_lcSigma": 0.5327, "bus_lcSpeedGainRight": 0.9577, "bus_lcSublane": 0.9742, "bus_sigma": 0.2688, "bus_tau_mean": 3.093, "bus_tau_std": 1.948, "bus_v_mean": 16.7226, "bus_v_std": 5.0407, "car_acc": 1.4888, "car_dcc": 2.8639, "car_lcAssertive": 92.3225, "car_lcCooperative": 0.9216, "car_lcLookaheadLeft": 6.0492, "car_lcPushy": 0.4995, "car_lcSigma": 0.7046, "car_lcSpeedGainRight": 4.9328, "car_lcSublane": 0.9613, "car_sigma": 0.7271, "car_tau_mean": 2.6353, "car_tau_std": 3.7616, "car_v_mean": 9.9056, "car_v_std": 0.9461}, "datetime": {"datetime": "2024-08-10 15:27:31", "elapsed": 10301.72155, "delta": 4.846586}}
{"target": -0.3110274171773872, "params": {"bus_acc": 3.7412, "bus_dcc": 2.0078, "bus_lcAssertive": 82.107, "bus_lcCooperative": 0.4522, "bus_lcLookaheadLeft": 31.0163, "bus_lcPushy": 0.4484, "bus_lcSigma": 0.5939, "bus_lcSpeedGainRight": 4.8161, "bus_lcSublane": 0.5984, "bus_sigma": 0.3941, "bus_tau_mean": 1.6558, "bus_tau_std": 1.3536, "bus_v_mean": 11.799, "bus_v_std": 0.5286, "car_acc": 3.7746, "car_dcc": 1.1229, "car_lcAssertive": 15.2847, "car_lcCooperative": 0.6688, "car_lcLookaheadLeft": 92.5245, "car_lcPushy": 0.4508, "car_lcSigma": 0.9758, "car_lcSpeedGainRight": 1.8982, "car_lcSublane": 0.5889, "car_sigma": 0.3079, "car_tau_mean": 1.5019, "car_tau_std": 5.4262, "car_v_mean": 18.3539, "car_v_std": 15.8973}, "datetime": {"datetime": "2024-08-10 15:27:40", "elapsed": 10310.548868, "delta": 8.827318}}
{"target": -0.3498593414579452, "params": {"bus_acc": 1.1875, "bus_dcc": 3.6146, "bus_lcAssertive": 46.7022, "bus_lcCooperative": 0.8634, "bus_lcLookaheadLeft": 41.831, "bus_lcPushy": 0.9969, "bus_lcSigma": 0.2936, "bus_lcSpeedGainRight": 3.3694, "bus_lcSublane": 0.2886, "bus_sigma": 0.516, "bus_tau_mean": 1.8295, "bus_tau_std": 7.0452, "bus_v_mean": 12.1505, "bus_v_std": 19.123, "car_acc": 2.3425, "car_dcc": 2.3817, "car_lcAssertive": 68.9881, "car_lcCooperative": 0.8479, "car_lcLookaheadLeft": 40.7404, "car_lcPushy": 0.2325, "car_lcSigma": 0.4152, "car_lcSpeedGainRight": 2.8674, "car_lcSublane": 0.5536, "car_sigma": 0.5591, "car_tau_mean": 3.6402, "car_tau_std": 6.2388, "car_v_mean": 22.6493, "car_v_std": 8.8071}, "datetime": {"datetime": "2024-08-10 15:27:49", "elapsed": 10319.663329, "delta": 9.114461}}
{"target": -0.32127272530788037, "params": {"bus_acc": 3.8285, "bus_dcc": 0.2288, "bus_lcAssertive": 83.4742, "bus_lcCooperative": 0.8359, "bus_lcLookaheadLeft": 9.4354, "bus_lcPushy": 0.9914, "bus_lcSigma": 0.5271, "bus_lcSpeedGainRight": 3.8339, "bus_lcSublane": 0.4141, "bus_sigma": 0.037, "bus_tau_mean": 3.7999, "bus_tau_std": 9.3152, "bus_v_mean": 16.2312, "bus_v_std": 4.389, "car_acc": 3.9819, "car_dcc": 1.7211, "car_lcAssertive": 42.7308, "car_lcCooperative": 0.8895, "car_lcLookaheadLeft": 39.3727, "car_lcPushy": 0.6903, "car_lcSigma": 0.7951, "car_lcSpeedGainRight": 1.6172, "car_lcSublane": 0.6091, "car_sigma": 0.0606, "car_tau_mean": 3.8619, "car_tau_std": 5.6344, "car_v_mean": 13.487, "car_v_std": 6.6429}, "datetime": {"datetime": "2024-08-10 15:27:58", "elapsed": 10328.341393, "delta": 8.678064}}
{"target": -0.2860419298431687, "params": {"bus_acc": 2.7457, "bus_dcc": 2.0701, "bus_lcAssertive": 54.3871, "bus_lcCooperative": 0.9448, "bus_lcLookaheadLeft": 5.7816, "bus_lcPushy": 0.565, "bus_lcSigma": 0.1249, "bus_lcSpeedGainRight": 0.7343, "bus_lcSublane": 0.2431, "bus_sigma": 0.6746, "bus_tau_mean": 0.698, "bus_tau_std": 9.953, "bus_v_mean": 17.5492, "bus_v_std": 13.0131, "car_acc": 3.5776, "car_dcc": 0.4333, "car_lcAssertive": 39.4585, "car_lcCooperative": 0.1744, "car_lcLookaheadLeft": 58.8327, "car_lcPushy": 0.2816, "car_lcSigma": 0.5447, "car_lcSpeedGainRight": 1.9932, "car_lcSublane": 0.9507, "car_sigma": 0.7734, "car_tau_mean": 2.3426, "car_tau_std": 5.6227, "car_v_mean": 22.3011, "car_v_std": 12.2875}, "datetime": {"datetime": "2024-08-10 15:28:03", "elapsed": 10333.315463, "delta": 4.97407}}
{"target": -0.33284776479785555, "params": {"bus_acc": 3.3824, "bus_dcc": 3.5669, "bus_lcAssertive": 76.114, "bus_lcCooperative": 0.1264, "bus_lcLookaheadLeft": 50.8271, "bus_lcPushy": 0.1243, "bus_lcSigma": 0.9847, "bus_lcSpeedGainRight": 1.7971, "bus_lcSublane": 0.6594, "bus_sigma": 0.5077, "bus_tau_mean": 2.1906, "bus_tau_std": 0.5094, "bus_v_mean": 18.5577, "bus_v_std": 3.2586, "car_acc": 2.4395, "car_dcc": 3.6699, "car_lcAssertive": 24.9294, "car_lcCooperative": 0.8839, "car_lcLookaheadLeft": 17.8272, "car_lcPushy": 0.9385, "car_lcSigma": 0.343, "car_lcSpeedGainRight": 4.8316, "car_lcSublane": 0.8814, "car_sigma": 0.4472, "car_tau_mean": 2.4006, "car_tau_std": 9.4806, "car_v_mean": 19.8595, "car_v_std": 19.8161}, "datetime": {"datetime": "2024-08-10 15:28:08", "elapsed": 10338.724276, "delta": 5.408813}}
