{"target": -0.2975312716179936, "params": {"bus_acc": 2.7025585579217752, "bus_dcc": 0.8885424514246743, "bus_lcAssertive": 79.01690556605841, "bus_lcCooperative": 0.6028653375383973, "bus_lcLookaheadLeft": 98.07262274345813, "bus_lcPushy": 0.22238319353117575, "bus_lcSigma": 0.4662664741665735, "bus_lcSpeedGainRight": 4.478209012997233, "bus_lcSublane": 0.6014334096987881, "bus_sigma": 0.725958845848815, "bus_tau_mean": 1.947845574704761, "bus_tau_std": 6.843096218313198, "bus_v_mean": 25.02899053725614, "bus_v_std": 4.003721314786441, "car_acc": 3.2679880027338175, "car_dcc": 3.8842444459796064, "car_lcAssertive": 2.4423044445698414, "car_lcCooperative": 0.21520958659442757, "car_lcLookaheadLeft": 13.502938190686715, "car_lcPushy": 0.7674235177414532, "car_lcSigma": 0.08121658594273329, "car_lcSpeedGainRight": 4.992067792954538, "car_lcSublane": 0.38961201587930516, "car_sigma": 0.9052027659330404, "car_tau_mean": 1.1600216122481375, "car_tau_std": 4.408721998222909, "car_v_mean": 23.206612742111663, "car_v_std": 11.905395613465124}, "datetime": {"datetime": "2024-08-10 12:40:15", "elapsed": 265.677368, "delta": 3.768273}}
{"target": -0.2893351511720528, "params": {"bus_acc": 2.860023320401632, "bus_dcc": 3.8551911767790448, "bus_lcAssertive": 77.11499873718994, "bus_lcCooperative": 0.977922591143854, "bus_lcLookaheadLeft": 59.847092069978835, "bus_lcPushy": 0.6192590906865287, "bus_lcSigma": 0.6390532170869906, "bus_lcSpeedGainRight": 1.6318569347560086, "bus_lcSublane": 0.033029018061537796, "bus_sigma": 0.7881763786137156, "bus_tau_mean": 2.985657477048307, "bus_tau_std": 0.790316916668774, "bus_v_mean": 10.674473055865464, "bus_v_std": 13.726804883924897, "car_acc": 2.2331420337922023, "car_dcc": 0.92661488248419, "car_lcAssertive": 6.539381737611052, "car_lcCooperative": 0.6114123003073613, "car_lcLookaheadLeft": 7.253939434121916, "car_lcPushy": 0.21357531195227275, "car_lcSigma": 0.5026626703120288, "car_lcSpeedGainRight": 0.47015554810201365, "car_lcSublane": 0.4089061107150217, "car_sigma": 0.020115798083067515, "car_tau_mean": 0.9181231103204437, "car_tau_std": 9.400625138171678, "car_v_mean": 18.059499601964866, "car_v_std": 13.729227519760702}, "datetime": {"datetime": "2024-08-10 12:40:18", "elapsed": 268.170758, "delta": 2.49339}}
{"target": -0.2829051032532129, "params": {"bus_acc": 3.538911710000082, "bus_dcc": 1.1674828715101924, "bus_lcAssertive": 76.85264815507935, "bus_lcCooperative": 0.9410132668189013, "bus_lcLookaheadLeft": 2.1012274004579936, "bus_lcPushy": 0.47608911800210485, "bus_lcSigma": 0.6570403290247293, "bus_lcSpeedGainRight": 4.216616069597612, "bus_lcSublane": 0.18373941187600173, "bus_sigma": 0.8561592379873718, "bus_tau_mean": 1.7752791794995977, "bus_tau_std": 8.922739292761724, "bus_v_mean": 8.49881132220257, "bus_v_std": 1.7078027824634123, "car_acc": 3.9293597698656275, "car_dcc": 2.516107317939287, "car_lcAssertive": 42.345602334604145, "car_lcCooperative": 0.16921418469369054, "car_lcLookaheadLeft": 65.69031300278962, "car_lcPushy": 0.03697506835935782, "car_lcSigma": 0.31161391346070466, "car_lcSpeedGainRight": 1.6173959849453767, "car_lcSublane": 0.6074418935145536, "car_sigma": 0.6508312566756971, "car_tau_mean": 3.4611910973276427, "car_tau_std": 9.275809425975435, "car_v_mean": 19.888239096999794, "car_v_std": 11.563478368170763}, "datetime": {"datetime": "2024-08-10 12:40:20", "elapsed": 270.204442, "delta": 2.033684}}
{"target": -0.3333004706446167, "params": {"bus_acc": 2.9029822183977254, "bus_dcc": 3.080902674560391, "bus_lcAssertive": 88.4569615448094, "bus_lcCooperative": 0.3669482381501168, "bus_lcLookaheadLeft": 55.169404281421414, "bus_lcPushy": 0.5347699755827457, "bus_lcSigma": 0.6475825802042952, "bus_lcSpeedGainRight": 4.475919398620639, "bus_lcSublane": 0.6008274761261335, "bus_sigma": 0.9699385377160038, "bus_tau_mean": 3.0624744416783685, "bus_tau_std": 4.152914915545825, "bus_v_mean": 18.46049228295361, "bus_v_std": 18.446415648340878, "car_acc": 2.5503014589224984, "car_dcc": 2.8977286929897756, "car_lcAssertive": 66.46791117735353, "car_lcCooperative": 0.33614643889956264, "car_lcLookaheadLeft": 21.926815802024425, "car_lcPushy": 0.4078129626004203, "car_lcSigma": 0.15076980613173374, "car_lcSpeedGainRight": 4.131667738605077, "car_lcSublane": 0.7104606135008141, "car_sigma": 0.4010561894105159, "car_tau_mean": 1.0998394363091228, "car_tau_std": 8.757993398860496, "car_v_mean": 19.50315030868449, "car_v_std": 19.93205639963093}, "datetime": {"datetime": "2024-08-10 12:40:22", "elapsed": 272.509991, "delta": 2.305549}}
{"target": -0.3518727121415124, "params": {"bus_acc": 2.153801417473513, "bus_dcc": 2.0930339349791467, "bus_lcAssertive": 37.987362173714196, "bus_lcCooperative": 0.603513616671319, "bus_lcLookaheadLeft": 85.44393915394977, "bus_lcPushy": 0.27692305646899273, "bus_lcSigma": 0.844761362843635, "bus_lcSpeedGainRight": 2.083095742860592, "bus_lcSublane": 0.5009840123939405, "bus_sigma": 0.7296233785681803, "bus_tau_mean": 1.4055259762731254, "bus_tau_std": 9.216369186561401, "bus_v_mean": 20.637250356119267, "bus_v_std": 12.378608461949781, "car_acc": 1.2374335817852873, "car_dcc": 2.8442241341658945, "car_lcAssertive": 26.464260096892083, "car_lcCooperative": 0.8164526703274775, "car_lcLookaheadLeft": 3.1243005922447935, "car_lcPushy": 0.1665376436115401, "car_lcSigma": 0.557828988762059, "car_lcSpeedGainRight": 3.5614049980125104, "car_lcSublane": 0.49248065391311036, "car_sigma": 0.8778095014799501, "car_tau_mean": 3.9155447814701976, "car_tau_std": 4.642770675442432, "car_v_mean": 21.823765630690502, "car_v_std": 9.895442676670545}, "datetime": {"datetime": "2024-08-10 12:40:24", "elapsed": 274.517163, "delta": 2.007172}}
{"target": -0.3880127706286263, "params": {"bus_acc": 1.2351232304916522, "bus_dcc": 2.475397888055, "bus_lcAssertive": 87.43526623016912, "bus_lcCooperative": 0.1282309388454863, "bus_lcLookaheadLeft": 95.90249668805981, "bus_lcPushy": 0.6831708438541465, "bus_lcSigma": 0.7419642356783802, "bus_lcSpeedGainRight": 4.914403929604953, "bus_lcSublane": 0.41610077261814205, "bus_sigma": 0.5315834658959018, "bus_tau_mean": 2.8772453256850152, "bus_tau_std": 5.128751425899914, "bus_v_mean": 13.38402220389504, "bus_v_std": 2.1076934546007853, "car_acc": 1.28274215374415, "car_dcc": 3.1216408234934803, "car_lcAssertive": 64.43748774073276, "car_lcCooperative": 0.8013307032031926, "car_lcLookaheadLeft": 52.67781213310181, "car_lcPushy": 0.23210002184633505, "car_lcSigma": 0.6279619269819027, "car_lcSpeedGainRight": 1.5200274501115159, "car_lcSublane": 0.029528744942020957, "car_sigma": 0.9033311768168756, "car_tau_mean": 1.9712934908097477, "car_tau_std": 4.261307804247122, "car_v_mean": 21.342531235973464, "car_v_std": 18.96916808611587}, "datetime": {"datetime": "2024-08-10 12:40:27", "elapsed": 277.396271, "delta": 2.879108}}
{"target": -0.27704409319388135, "params": {"bus_acc": 0.7450075849469306, "bus_dcc": 0.4978702194488022, "bus_lcAssertive": 2.814931648387722, "bus_lcCooperative": 0.06672499763935646, "bus_lcLookaheadLeft": 46.94121374342632, "bus_lcPushy": 0.11334192276759048, "bus_lcSigma": 0.027783348848669953, "bus_lcSpeedGainRight": 3.774307406952337, "bus_lcSublane": 0.3948504804606394, "bus_sigma": 0.7469384956075251, "bus_tau_mean": 2.0834168936125805, "bus_tau_std": 4.500867470007611, "bus_v_mean": 16.60530512092096, "bus_v_std": 9.48007853124388, "car_acc": 3.2520207000338446, "car_dcc": 1.729091575459396, "car_lcAssertive": 90.56392987401868, "car_lcCooperative": 0.037061047954035864, "car_lcLookaheadLeft": 77.83968558660104, "car_lcPushy": 0.12564138113773882, "car_lcSigma": 0.6185135669120855, "car_lcSpeedGainRight": 0.051821306676159695, "car_lcSublane": 0.538627282576347, "car_sigma": 0.0030179566195963625, "car_tau_mean": 3.829178249215716, "car_tau_std": 9.054020337027781, "car_v_mean": 22.327404954960848, "car_v_std": 18.30548639829575}, "datetime": {"datetime": "2024-08-10 12:40:29", "elapsed": 279.74257, "delta": 2.346299}}
{"target": -0.3397337779737644, "params": {"bus_acc": 2.0409862316043257, "bus_dcc": 3.5723292966763647, "bus_lcAssertive": 14.606911412798858, "bus_lcCooperative": 0.9643727973861176, "bus_lcLookaheadLeft": 6.177708816064829, "bus_lcPushy": 0.09944025725488481, "bus_lcSigma": 0.2232384309404435, "bus_lcSpeedGainRight": 4.03292541130257, "bus_lcSublane": 0.4558728073695024, "bus_sigma": 0.6532511422613194, "bus_tau_mean": 1.1101239813194304, "bus_tau_std": 1.6672193292652826, "bus_v_mean": 17.375270129968204, "bus_v_std": 14.805872705604433, "car_acc": 1.9574029678171079, "car_dcc": 3.504533523460229, "car_lcAssertive": 66.38078153239339, "car_lcCooperative": 0.2490900884519328, "car_lcLookaheadLeft": 25.02041763860628, "car_lcPushy": 0.3740467168670696, "car_lcSigma": 0.7566160562962172, "car_lcSpeedGainRight": 4.689688321548911, "car_lcSublane": 0.8619059993188329, "car_sigma": 0.26161079268292176, "car_tau_mean": 1.9429762479249943, "car_tau_std": 6.115440994503215, "car_v_mean": 17.84302020468455, "car_v_std": 7.785498908179314}, "datetime": {"datetime": "2024-08-10 12:40:35", "elapsed": 285.301213, "delta": 5.558643}}
{"target": -0.36456111439231265, "params": {"bus_acc": 1.7141411468863523, "bus_dcc": 1.633510356615936, "bus_lcAssertive": 66.69666053543827, "bus_lcCooperative": 0.08633328681516406, "bus_lcLookaheadLeft": 55.88921220625415, "bus_lcPushy": 0.015421822343255842, "bus_lcSigma": 0.9830389835394168, "bus_lcSpeedGainRight": 2.992136111940074, "bus_lcSublane": 0.38411422799622663, "bus_sigma": 0.1467479307274827, "bus_tau_mean": 2.939074142528818, "bus_tau_std": 9.058084167065523, "bus_v_mean": 13.725957542203101, "bus_v_std": 15.329842893124594, "car_acc": 1.2924927877565129, "car_dcc": 3.8374563010226947, "car_lcAssertive": 70.52925972468594, "car_lcCooperative": 0.6250155931933211, "car_lcLookaheadLeft": 93.21200384871447, "car_lcPushy": 0.26904238725191854, "car_lcSigma": 0.9236157463407607, "car_lcSpeedGainRight": 3.3904146706199123, "car_lcSublane": 0.7713625072014619, "car_sigma": 0.5716353364349513, "car_tau_mean": 3.4186663712473164, "car_tau_std": 6.982817992918626, "car_v_mean": 10.638956631984362, "car_v_std": 12.249222572561498}, "datetime": {"datetime": "2024-08-10 12:40:42", "elapsed": 292.182119, "delta": 6.880906}}
{"target": -0.42891872352395993, "params": {"bus_acc": 1.5662310822152694, "bus_dcc": 2.0254432274680036, "bus_lcAssertive": 61.863513500498584, "bus_lcCooperative": 0.28555714521016284, "bus_lcLookaheadLeft": 51.27179863963829, "bus_lcPushy": 0.27854611291025044, "bus_lcSigma": 0.5723898542085633, "bus_lcSpeedGainRight": 1.7114470199284737, "bus_lcSublane": 0.8391609586557156, "bus_sigma": 0.6859128057753072, "bus_tau_mean": 3.356447365712495, "bus_tau_std": 1.5424606741962144, "bus_v_mean": 11.333485729549796, "bus_v_std": 10.851895621328378, "car_acc": 0.4333133838527916, "car_dcc": 2.2446223698150902, "car_lcAssertive": 34.26370311736991, "car_lcCooperative": 0.3244543273796573, "car_lcLookaheadLeft": 24.525612535231957, "car_lcPushy": 0.004686739606387769, "car_lcSigma": 0.6870733460577697, "car_lcSpeedGainRight": 3.7639059624446847, "car_lcSublane": 0.33828341597252176, "car_sigma": 0.4698036185469243, "car_tau_mean": 3.290837958932752, "car_tau_std": 6.474677389552546, "car_v_mean": 8.413607092086732, "car_v_std": 5.67944970897194}, "datetime": {"datetime": "2024-08-10 12:40:43", "elapsed": 294.026905, "delta": 1.844786}}
{"target": -0.32512384252406945, "params": {"bus_acc": 0.6491319915187461, "bus_dcc": 3.3805915724113462, "bus_lcAssertive": 74.66945621558399, "bus_lcCooperative": 0.5905205476471171, "bus_lcLookaheadLeft": 25.803374346557327, "bus_lcPushy": 0.6232471451875841, "bus_lcSigma": 0.638355320741173, "bus_lcSpeedGainRight": 1.6378472205616257, "bus_lcSublane": 0.06748934306754228, "bus_sigma": 0.8805385975643267, "bus_tau_mean": 2.1098485587599045, "bus_tau_std": 7.638727180664299, "bus_v_mean": 12.569995176969314, "bus_v_std": 11.827743645350337, "car_acc": 1.8294216093254312, "car_dcc": 1.6519824416867301, "car_lcAssertive": 13.544625000845354, "car_lcCooperative": 0.24426666320897583, "car_lcLookaheadLeft": 9.775475129915257, "car_lcPushy": 0.3028583047175786, "car_lcSigma": 0.7417048002315554, "car_lcSpeedGainRight": 3.0750786248552444, "car_lcSublane": 0.6724110989339258, "car_sigma": 0.00838307952503159, "car_tau_mean": 2.8743194028796197, "car_tau_std": 5.031806905428871, "car_v_mean": 12.156352108715225, "car_v_std": 3.4979301796384443}, "datetime": {"datetime": "2024-08-10 12:40:46", "elapsed": 296.400798, "delta": 2.373893}}
{"target": -0.28626625121505683, "params": {"bus_acc": 1.43705313087616, "bus_dcc": 0.5262273442571155, "bus_lcAssertive": 54.066377652152696, "bus_lcCooperative": 0.33612544293733115, "bus_lcLookaheadLeft": 4.125169643557987, "bus_lcPushy": 0.7711523332537787, "bus_lcSigma": 0.38490912985398285, "bus_lcSpeedGainRight": 2.8566057502936775, "bus_lcSublane": 0.7557428557962304, "bus_sigma": 0.9408474199010457, "bus_tau_mean": 2.643128185396179, "bus_tau_std": 3.1539617878014314, "bus_v_mean": 9.981377141246323, "bus_v_std": 1.4783777582254443, "car_acc": 1.414824940716372, "car_dcc": 2.711188728032819, "car_lcAssertive": 69.82005440804134, "car_lcCooperative": 0.20771804006298766, "car_lcLookaheadLeft": 10.114001981658049, "car_lcPushy": 0.3055106612860311, "car_lcSigma": 0.5475745598545727, "car_lcSpeedGainRight": 3.7733483723743233, "car_lcSublane": 0.5296573205700426, "car_sigma": 0.28698375274707455, "car_tau_mean": 2.6846290314236883, "car_tau_std": 2.648366551761958, "car_v_mean": 19.748472458021414, "car_v_std": 16.837960156534756}, "datetime": {"datetime": "2024-08-10 12:40:48", "elapsed": 298.71718, "delta": 2.316382}}
{"target": -0.220302090562549, "params": {"bus_acc": 2.0630258312408842, "bus_dcc": 3.5205673223691716, "bus_lcAssertive": 13.878511297112336, "bus_lcCooperative": 0.4989581103650381, "bus_lcLookaheadLeft": 78.10813613024422, "bus_lcPushy": 0.9812101687911365, "bus_lcSigma": 0.6733777301945412, "bus_lcSpeedGainRight": 0.9150058989347687, "bus_lcSublane": 0.7597729555480026, "bus_sigma": 0.07463521512286109, "bus_tau_mean": 3.16970362302273, "bus_tau_std": 8.278152309219722, "bus_v_mean": 18.065774890012886, "bus_v_std": 9.854416596164556, "car_acc": 3.7588042061723863, "car_dcc": 0.2003684126131642, "car_lcAssertive": 1.9471225434725552, "car_lcCooperative": 0.25195142314544017, "car_lcLookaheadLeft": 51.556293399344575, "car_lcPushy": 0.5404166504960898, "car_lcSigma": 0.3712924240247065, "car_lcSpeedGainRight": 1.4635568759759336, "car_lcSublane": 0.20236734647394483, "car_sigma": 0.8002818943961242, "car_tau_mean": 1.6057301660367984, "car_tau_std": 4.92467985547119, "car_v_mean": 22.60323605067206, "car_v_std": 12.247178849202303}, "datetime": {"datetime": "2024-08-10 12:40:56", "elapsed": 306.440762, "delta": 7.723582}}
{"target": -0.31237295665924986, "params": {"bus_acc": 1.4765174094652425, "bus_dcc": 1.2735600118889583, "bus_lcAssertive": 67.34959878333181, "bus_lcCooperative": 0.4401735743398574, "bus_lcLookaheadLeft": 60.82440406963171, "bus_lcPushy": 0.843518432484373, "bus_lcSigma": 0.8327720048654893, "bus_lcSpeedGainRight": 2.9277867134527877, "bus_lcSublane": 0.4405364469063512, "bus_sigma": 0.4004102571655167, "bus_tau_mean": 0.7489449762715934, "bus_tau_std": 4.673819807255151, "bus_v_mean": 15.254770678452154, "bus_v_std": 4.030613855285603, "car_acc": 3.250354855630302, "car_dcc": 2.852962316105558, "car_lcAssertive": 97.56540326716156, "car_lcCooperative": 0.3855158212009935, "car_lcLookaheadLeft": 42.85890326849498, "car_lcPushy": 0.519734919504311, "car_lcSigma": 0.35328845659438957, "car_lcSpeedGainRight": 2.7262337219765613, "car_lcSublane": 0.8897525417359518, "car_sigma": 0.7305193866733154, "car_tau_mean": 1.222791824301968, "car_tau_std": 8.001528795685877, "car_v_mean": 22.315545134702788, "car_v_std": 15.981819208036667}, "datetime": {"datetime": "2024-08-10 12:40:58", "elapsed": 308.27243, "delta": 1.831668}}
{"target": -0.6258533039807915, "params": {"bus_acc": 1.225725988707099, "bus_dcc": 3.604367629145054, "bus_lcAssertive": 43.3810277972582, "bus_lcCooperative": 0.9648400471483856, "bus_lcLookaheadLeft": 67.01726678620791, "bus_lcPushy": 0.6216957202091218, "bus_lcSigma": 0.11474597295337519, "bus_lcSpeedGainRight": 4.747446293535356, "bus_lcSublane": 0.4499121334799405, "bus_sigma": 0.5783896143871318, "bus_tau_mean": 1.928478809664484, "bus_tau_std": 2.3702698024302773, "bus_v_mean": 24.260831370120567, "bus_v_std": 11.473589733445717, "car_acc": 0.2109072427184041, "car_dcc": 2.545150671758751, "car_lcAssertive": 33.337845275437516, "car_lcCooperative": 0.5270581022576093, "car_lcLookaheadLeft": 88.8223257324559, "car_lcPushy": 0.35726976000249977, "car_lcSigma": 0.9085351509197992, "car_lcSpeedGainRight": 3.1168005789590136, "car_lcSublane": 0.015821242846556283, "car_sigma": 0.9294372337437613, "car_tau_mean": 2.9181392113092337, "car_tau_std": 9.973228504514806, "car_v_mean": 11.102129150215914, "car_v_std": 2.742714992577555}, "datetime": {"datetime": "2024-08-10 12:41:00", "elapsed": 310.982595, "delta": 2.710165}}
{"target": -0.30799927613750455, "params": {"bus_acc": 3.8947498331540804, "bus_dcc": 3.116492586577548, "bus_lcAssertive": 40.96596476972415, "bus_lcCooperative": 0.7366272087072516, "bus_lcLookaheadLeft": 31.660191483777986, "bus_lcPushy": 0.5272958274321721, "bus_lcSigma": 0.207143239828657, "bus_lcSpeedGainRight": 1.2713014179286182, "bus_lcSublane": 0.4340230688193736, "bus_sigma": 0.08242585896444932, "bus_tau_mean": 3.4865078485513328, "bus_tau_std": 9.163292162919756, "bus_v_mean": 11.835941525927856, "bus_v_std": 9.474440235214256, "car_acc": 3.3975468663681423, "car_dcc": 1.2954600991436522, "car_lcAssertive": 61.46017338301501, "car_lcCooperative": 0.44204801195564236, "car_lcLookaheadLeft": 40.95416488045265, "car_lcPushy": 0.7893742213089067, "car_lcSigma": 0.4645126140061657, "car_lcSpeedGainRight": 2.324012592076374, "car_lcSublane": 0.9920285043254465, "car_sigma": 0.9622297954466864, "car_tau_mean": 1.3227831079377954, "car_tau_std": 2.2695376712138984, "car_v_mean": 19.929284315788088, "car_v_std": 8.238928704064385}, "datetime": {"datetime": "2024-08-10 12:41:02", "elapsed": 312.802899, "delta": 1.820304}}
{"target": -0.36139070752656693, "params": {"bus_acc": 0.5435569196402348, "bus_dcc": 0.6901087397406491, "bus_lcAssertive": 11.420990139615903, "bus_lcCooperative": 0.17272746332288003, "bus_lcLookaheadLeft": 14.390227248389131, "bus_lcPushy": 0.7783008900676276, "bus_lcSigma": 0.039411512184444275, "bus_lcSpeedGainRight": 1.2077920867043201, "bus_lcSublane": 0.8790664013584655, "bus_sigma": 0.9735188608362936, "bus_tau_mean": 2.6189770270446684, "bus_tau_std": 9.762382645603884, "bus_v_mean": 8.782127750869583, "bus_v_std": 18.97145536752015, "car_acc": 1.382925113333435, "car_dcc": 3.2360967933740534, "car_lcAssertive": 81.25228124124325, "car_lcCooperative": 0.8599985915803449, "car_lcLookaheadLeft": 46.9379794684451, "car_lcPushy": 0.9306443921654484, "car_lcSigma": 0.2578929844270399, "car_lcSpeedGainRight": 4.672227462647923, "car_lcSublane": 0.6191196332516605, "car_sigma": 0.9854449149448306, "car_tau_mean": 0.6142535308690733, "car_tau_std": 7.251666588327083, "car_v_mean": 18.17997623684686, "car_v_std": 9.848480947966392}, "datetime": {"datetime": "2024-08-10 12:41:04", "elapsed": 314.987627, "delta": 2.184728}}
{"target": -0.334665518885549, "params": {"bus_acc": 2.0981398526669173, "bus_dcc": 2.6171715434130904, "bus_lcAssertive": 83.09629163096432, "bus_lcCooperative": 0.45001293488112626, "bus_lcLookaheadLeft": 77.40601348233506, "bus_lcPushy": 0.5953378136788511, "bus_lcSigma": 0.9722643330460055, "bus_lcSpeedGainRight": 0.5985789765871841, "bus_lcSublane": 0.8163176825978249, "bus_sigma": 0.8351562049127252, "bus_tau_mean": 3.270501239546079, "bus_tau_std": 4.548248726627996, "bus_v_mean": 17.489769310142908, "bus_v_std": 19.7076923484256, "car_acc": 3.7896160910482273, "car_dcc": 3.099406663930039, "car_lcAssertive": 46.56587207182983, "car_lcCooperative": 0.5402355602833143, "car_lcLookaheadLeft": 80.84691246210832, "car_lcPushy": 0.2768695895548876, "car_lcSigma": 0.2565331178037924, "car_lcSpeedGainRight": 1.069306726979375, "car_lcSublane": 0.5512061607760821, "car_sigma": 0.951395602838791, "car_tau_mean": 1.3320784307138291, "car_tau_std": 8.015993547597386, "car_v_mean": 8.547380329076487, "car_v_std": 10.124400227753519}, "datetime": {"datetime": "2024-08-10 12:41:06", "elapsed": 316.947298, "delta": 1.959671}}
{"target": -0.4020512612965435, "params": {"bus_acc": 1.8065632625211479, "bus_dcc": 0.6113888800620917, "bus_lcAssertive": 17.536379664690966, "bus_lcCooperative": 0.6801945327171766, "bus_lcLookaheadLeft": 43.86894595810732, "bus_lcPushy": 0.09680828996318125, "bus_lcSigma": 0.3920096599297035, "bus_lcSpeedGainRight": 0.22377908465259777, "bus_lcSublane": 0.271026122662257, "bus_sigma": 0.5030796984475948, "bus_tau_mean": 2.101177501937947, "bus_tau_std": 7.686346042762389, "bus_v_mean": 10.88414597045166, "bus_v_std": 10.200884728259904, "car_acc": 0.7378027180148801, "car_dcc": 0.9196044440240907, "car_lcAssertive": 41.579961767198014, "car_lcCooperative": 0.14586258326241397, "car_lcLookaheadLeft": 57.10809753460236, "car_lcPushy": 0.45523181967504345, "car_lcSigma": 0.9420966577475507, "car_lcSpeedGainRight": 3.3499745241520418, "car_lcSublane": 0.10314223618592588, "car_sigma": 0.6071068554145397, "car_tau_mean": 1.971152373532294, "car_tau_std": 5.006319731114315, "car_v_mean": 19.80449974613857, "car_v_std": 3.7143619795018523}, "datetime": {"datetime": "2024-08-10 12:41:09", "elapsed": 319.172456, "delta": 2.225158}}
