{"target": -0.266181138754021, "params": {"bus_acc": 3.0637, "bus_dcc": 1.2168, "bus_lcAssertive": 81.5478, "bus_lcCooperative": 0.3681, "bus_lcLookaheadLeft": 83.134, "bus_lcPushy": 0.7768, "bus_lcSigma": 0.6331, "bus_lcSpeedGainRight": 4.8184, "bus_lcSublane": 0.4864, "bus_sigma": 0.2424, "bus_tau_mean": 3.1982, "bus_tau_std": 8.1964, "bus_v_mean": 10.0018, "bus_v_std": 6.9133, "car_acc": 3.09, "car_dcc": 1.5127, "car_lcAssertive": 86.903, "car_lcCooperative": 0.1032, "car_lcLookaheadLeft": 21.7199, "car_lcPushy": 0.9957, "car_lcSigma": 0.0807, "car_lcSpeedGainRight": 4.9595, "car_lcSublane": 0.4118, "car_sigma": 0.7697, "car_tau_mean": 2.6323, "car_tau_std": 0.6249, "car_v_mean": 10.826, "car_v_std": 13.5141}, "datetime": {"datetime": "2024-08-10 13:24:53", "elapsed": 2943.906791, "delta": 2.391935}}
{"target": -0.5760706008206214, "params": {"bus_acc": 0.8778, "bus_dcc": 3.443, "bus_lcAssertive": 38.5131, "bus_lcCooperative": 0.4994, "bus_lcLookaheadLeft": 67.9675, "bus_lcPushy": 0.4393, "bus_lcSigma": 0.3005, "bus_lcSpeedGainRight": 0.8212, "bus_lcSublane": 0.0038, "bus_sigma": 0.0285, "bus_tau_mean": 3.4366, "bus_tau_std": 2.5517, "bus_v_mean": 16.6502, "bus_v_std": 12.4821, "car_acc": 0.6089, "car_dcc": 3.7308, "car_lcAssertive": 42.6892, "car_lcCooperative": 0.5977, "car_lcLookaheadLeft": 94.4269, "car_lcPushy": 0.1537, "car_lcSigma": 0.2447, "car_lcSpeedGainRight": 2.2872, "car_lcSublane": 0.6565, "car_sigma": 0.5962, "car_tau_mean": 2.3156, "car_tau_std": 7.9207, "car_v_mean": 23.5238, "car_v_std": 8.8201}, "datetime": {"datetime": "2024-08-10 13:24:56", "elapsed": 2946.998746, "delta": 3.091955}}
{"target": -0.5576243904868782, "params": {"bus_acc": 0.9371, "bus_dcc": 2.4454, "bus_lcAssertive": 70.2308, "bus_lcCooperative": 0.0964, "bus_lcLookaheadLeft": 94.9654, "bus_lcPushy": 0.1133, "bus_lcSigma": 0.4556, "bus_lcSpeedGainRight": 0.7305, "bus_lcSublane": 0.2079, "bus_sigma": 0.4392, "bus_tau_mean": 3.3707, "bus_tau_std": 5.6047, "bus_v_mean": 12.2527, "bus_v_std": 0.4417, "car_acc": 0.771, "car_dcc": 3.7827, "car_lcAssertive": 15.5804, "car_lcCooperative": 0.7986, "car_lcLookaheadLeft": 51.6244, "car_lcPushy": 0.9804, "car_lcSigma": 0.901, "car_lcSpeedGainRight": 1.0515, "car_lcSublane": 0.5487, "car_sigma": 0.7707, "car_tau_mean": 3.9739, "car_tau_std": 2.2182, "car_v_mean": 25.4589, "car_v_std": 6.0166}, "datetime": {"datetime": "2024-08-10 13:24:59", "elapsed": 2949.872034, "delta": 2.873288}}
{"target": -0.3927159894626526, "params": {"bus_acc": 1.7722, "bus_dcc": 3.9623, "bus_lcAssertive": 8.845, "bus_lcCooperative": 0.0184, "bus_lcLookaheadLeft": 33.5656, "bus_lcPushy": 0.4295, "bus_lcSigma": 0.5446, "bus_lcSpeedGainRight": 4.686, "bus_lcSublane": 0.8616, "bus_sigma": 0.8494, "bus_tau_mean": 1.9276, "bus_tau_std": 8.696, "bus_v_mean": 16.1564, "bus_v_std": 1.4117, "car_acc": 0.9439, "car_dcc": 1.3391, "car_lcAssertive": 81.0039, "car_lcCooperative": 0.7604, "car_lcLookaheadLeft": 54.1943, "car_lcPushy": 0.5943, "car_lcSigma": 0.119, "car_lcSpeedGainRight": 0.4606, "car_lcSublane": 0.9052, "car_sigma": 0.4446, "car_tau_mean": 3.8778, "car_tau_std": 9.3177, "car_v_mean": 16.9519, "car_v_std": 14.9173}, "datetime": {"datetime": "2024-08-10 13:25:02", "elapsed": 2952.699402, "delta": 2.827368}}
{"target": -0.31103539246322714, "params": {"bus_acc": 2.6628, "bus_dcc": 0.8478, "bus_lcAssertive": 9.8732, "bus_lcCooperative": 0.6098, "bus_lcLookaheadLeft": 47.4017, "bus_lcPushy": 0.6, "bus_lcSigma": 0.488, "bus_lcSpeedGainRight": 4.6435, "bus_lcSublane": 0.8417, "bus_sigma": 0.4998, "bus_tau_mean": 1.7918, "bus_tau_std": 9.1821, "bus_v_mean": 14.1843, "bus_v_std": 9.1343, "car_acc": 2.6178, "car_dcc": 3.2463, "car_lcAssertive": 87.7612, "car_lcCooperative": 0.2008, "car_lcLookaheadLeft": 25.7743, "car_lcPushy": 0.552, "car_lcSigma": 0.7669, "car_lcSpeedGainRight": 0.056, "car_lcSublane": 0.6825, "car_sigma": 0.3361, "car_tau_mean": 1.8544, "car_tau_std": 9.7177, "car_v_mean": 16.7581, "car_v_std": 18.5741}, "datetime": {"datetime": "2024-08-10 13:25:09", "elapsed": 2959.916164, "delta": 7.216762}}
{"target": -0.2918991636862867, "params": {"bus_acc": 3.3458, "bus_dcc": 1.9128, "bus_lcAssertive": 9.8453, "bus_lcCooperative": 0.1762, "bus_lcLookaheadLeft": 88.9501, "bus_lcPushy": 0.9976, "bus_lcSigma": 0.8644, "bus_lcSpeedGainRight": 1.8751, "bus_lcSublane": 0.4265, "bus_sigma": 0.3647, "bus_tau_mean": 2.2821, "bus_tau_std": 4.2733, "bus_v_mean": 9.5893, "bus_v_std": 8.6556, "car_acc": 3.1768, "car_dcc": 1.3881, "car_lcAssertive": 39.9215, "car_lcCooperative": 0.0366, "car_lcLookaheadLeft": 65.5907, "car_lcPushy": 0.4481, "car_lcSigma": 0.8928, "car_lcSpeedGainRight": 1.998, "car_lcSublane": 0.0546, "car_sigma": 0.5984, "car_tau_mean": 2.3505, "car_tau_std": 4.8755, "car_v_mean": 9.0626, "car_v_std": 18.5626}, "datetime": {"datetime": "2024-08-10 13:25:12", "elapsed": 2962.895931, "delta": 2.979767}}
{"target": -0.272198530753317, "params": {"bus_acc": 0.5639, "bus_dcc": 1.8538, "bus_lcAssertive": 22.316, "bus_lcCooperative": 0.1531, "bus_lcLookaheadLeft": 54.3104, "bus_lcPushy": 0.816, "bus_lcSigma": 0.2659, "bus_lcSpeedGainRight": 3.3694, "bus_lcSublane": 0.9784, "bus_sigma": 0.6143, "bus_tau_mean": 2.0433, "bus_tau_std": 8.8212, "bus_v_mean": 13.2949, "bus_v_std": 1.4223, "car_acc": 1.6634, "car_dcc": 0.6078, "car_lcAssertive": 89.1782, "car_lcCooperative": 0.7709, "car_lcLookaheadLeft": 17.4591, "car_lcPushy": 0.9887, "car_lcSigma": 0.7819, "car_lcSpeedGainRight": 1.9492, "car_lcSublane": 0.4847, "car_sigma": 0.217, "car_tau_mean": 2.623, "car_tau_std": 2.6833, "car_v_mean": 20.8442, "car_v_std": 8.4986}, "datetime": {"datetime": "2024-08-10 13:25:16", "elapsed": 2966.906874, "delta": 4.010943}}
{"target": -0.38089468085274647, "params": {"bus_acc": 0.6583, "bus_dcc": 1.7079, "bus_lcAssertive": 76.3964, "bus_lcCooperative": 0.1443, "bus_lcLookaheadLeft": 93.3623, "bus_lcPushy": 0.4591, "bus_lcSigma": 0.7423, "bus_lcSpeedGainRight": 1.3135, "bus_lcSublane": 0.4106, "bus_sigma": 0.8672, "bus_tau_mean": 2.3541, "bus_tau_std": 0.0059, "bus_v_mean": 20.7945, "bus_v_std": 13.7331, "car_acc": 3.326, "car_dcc": 0.9356, "car_lcAssertive": 77.0334, "car_lcCooperative": 0.4925, "car_lcLookaheadLeft": 71.9827, "car_lcPushy": 0.6844, "car_lcSigma": 0.0766, "car_lcSpeedGainRight": 3.7363, "car_lcSublane": 0.3436, "car_sigma": 0.3425, "car_tau_mean": 1.6329, "car_tau_std": 9.8797, "car_v_mean": 23.2622, "car_v_std": 7.3628}, "datetime": {"datetime": "2024-08-10 13:25:19", "elapsed": 2969.877433, "delta": 2.970559}}
{"target": -0.3310335499622206, "params": {"bus_acc": 2.6756, "bus_dcc": 2.0955, "bus_lcAssertive": 37.8334, "bus_lcCooperative": 0.4111, "bus_lcLookaheadLeft": 81.0691, "bus_lcPushy": 0.0938, "bus_lcSigma": 0.8525, "bus_lcSpeedGainRight": 2.6654, "bus_lcSublane": 0.5803, "bus_sigma": 0.185, "bus_tau_mean": 1.6164, "bus_tau_std": 0.7806, "bus_v_mean": 22.8101, "bus_v_std": 3.9826, "car_acc": 2.1728, "car_dcc": 1.6905, "car_lcAssertive": 49.0945, "car_lcCooperative": 0.3315, "car_lcLookaheadLeft": 3.8209, "car_lcPushy": 0.1488, "car_lcSigma": 0.0744, "car_lcSpeedGainRight": 0.8452, "car_lcSublane": 0.0743, "car_sigma": 0.3429, "car_tau_mean": 1.5024, "car_tau_std": 4.6475, "car_v_mean": 20.8983, "car_v_std": 7.8698}, "datetime": {"datetime": "2024-08-10 13:25:23", "elapsed": 2973.174575, "delta": 3.297142}}
{"target": -0.33992092931877976, "params": {"bus_acc": 2.275, "bus_dcc": 3.6062, "bus_lcAssertive": 73.0848, "bus_lcCooperative": 0.1311, "bus_lcLookaheadLeft": 44.0165, "bus_lcPushy": 0.1794, "bus_lcSigma": 0.393, "bus_lcSpeedGainRight": 4.1788, "bus_lcSublane": 0.2696, "bus_sigma": 0.4996, "bus_tau_mean": 3.963, "bus_tau_std": 9.8693, "bus_v_mean": 18.3357, "bus_v_std": 18.1704, "car_acc": 1.9641, "car_dcc": 2.7784, "car_lcAssertive": 34.2396, "car_lcCooperative": 0.9002, "car_lcLookaheadLeft": 6.4364, "car_lcPushy": 0.3403, "car_lcSigma": 0.366, "car_lcSpeedGainRight": 3.4518, "car_lcSublane": 0.8892, "car_sigma": 0.3425, "car_tau_mean": 1.7864, "car_tau_std": 5.4599, "car_v_mean": 14.0764, "car_v_std": 4.1294}, "datetime": {"datetime": "2024-08-10 13:25:27", "elapsed": 2977.256392, "delta": 4.081817}}
{"target": -0.35261770358195105, "params": {"bus_acc": 3.7678, "bus_dcc": 2.9848, "bus_lcAssertive": 28.0702, "bus_lcCooperative": 0.8468, "bus_lcLookaheadLeft": 98.0023, "bus_lcPushy": 0.7536, "bus_lcSigma": 0.4845, "bus_lcSpeedGainRight": 2.1082, "bus_lcSublane": 0.9879, "bus_sigma": 0.1811, "bus_tau_mean": 2.2042, "bus_tau_std": 1.4863, "bus_v_mean": 11.9999, "bus_v_std": 0.8096, "car_acc": 1.5885, "car_dcc": 3.2143, "car_lcAssertive": 43.9307, "car_lcCooperative": 0.0574, "car_lcLookaheadLeft": 33.4382, "car_lcPushy": 0.0548, "car_lcSigma": 0.04, "car_lcSpeedGainRight": 2.6363, "car_lcSublane": 0.4452, "car_sigma": 0.5678, "car_tau_mean": 1.0141, "car_tau_std": 7.8689, "car_v_mean": 21.3033, "car_v_std": 7.5352}, "datetime": {"datetime": "2024-08-10 13:25:31", "elapsed": 2981.460608, "delta": 4.204216}}
{"target": -0.4737406626621625, "params": {"bus_acc": 2.509, "bus_dcc": 0.928, "bus_lcAssertive": 36.4326, "bus_lcCooperative": 0.8496, "bus_lcLookaheadLeft": 3.4823, "bus_lcPushy": 0.349, "bus_lcSigma": 0.2584, "bus_lcSpeedGainRight": 3.2339, "bus_lcSublane": 0.4218, "bus_sigma": 0.1655, "bus_tau_mean": 1.6183, "bus_tau_std": 6.9036, "bus_v_mean": 22.3653, "bus_v_std": 15.7575, "car_acc": 0.9268, "car_dcc": 2.3954, "car_lcAssertive": 71.6837, "car_lcCooperative": 0.7252, "car_lcLookaheadLeft": 18.6341, "car_lcPushy": 0.9834, "car_lcSigma": 0.576, "car_lcSpeedGainRight": 1.3428, "car_lcSublane": 0.847, "car_sigma": 0.7367, "car_tau_mean": 1.6932, "car_tau_std": 9.399, "car_v_mean": 10.0604, "car_v_std": 5.6568}, "datetime": {"datetime": "2024-08-10 13:25:34", "elapsed": 2985.095378, "delta": 3.63477}}
{"target": -0.4917035947211296, "params": {"bus_acc": 3.4426, "bus_dcc": 2.5256, "bus_lcAssertive": 86.2383, "bus_lcCooperative": 0.5916, "bus_lcLookaheadLeft": 12.8542, "bus_lcPushy": 0.9477, "bus_lcSigma": 0.221, "bus_lcSpeedGainRight": 0.5572, "bus_lcSublane": 0.5334, "bus_sigma": 0.9175, "bus_tau_mean": 1.229, "bus_tau_std": 6.1023, "bus_v_mean": 25.1472, "bus_v_std": 11.269, "car_acc": 0.6512, "car_dcc": 2.1807, "car_lcAssertive": 80.4425, "car_lcCooperative": 0.0796, "car_lcLookaheadLeft": 83.2566, "car_lcPushy": 0.4365, "car_lcSigma": 0.9407, "car_lcSpeedGainRight": 0.3505, "car_lcSublane": 0.3248, "car_sigma": 0.5596, "car_tau_mean": 1.3246, "car_tau_std": 6.6482, "car_v_mean": 13.4232, "car_v_std": 13.6414}, "datetime": {"datetime": "2024-08-10 13:25:40", "elapsed": 2990.811306, "delta": 5.715928}}
{"target": -0.30953237059109134, "params": {"bus_acc": 3.4256, "bus_dcc": 2.8944, "bus_lcAssertive": 15.9836, "bus_lcCooperative": 0.9657, "bus_lcLookaheadLeft": 90.023, "bus_lcPushy": 0.4221, "bus_lcSigma": 0.7147, "bus_lcSpeedGainRight": 1.156, "bus_lcSublane": 0.9899, "bus_sigma": 0.358, "bus_tau_mean": 3.5434, "bus_tau_std": 9.6252, "bus_v_mean": 17.4866, "bus_v_std": 14.3867, "car_acc": 2.8675, "car_dcc": 3.9333, "car_lcAssertive": 33.4312, "car_lcCooperative": 0.5814, "car_lcLookaheadLeft": 33.988, "car_lcPushy": 0.6001, "car_lcSigma": 0.568, "car_lcSpeedGainRight": 0.6879, "car_lcSublane": 0.8834, "car_sigma": 0.1489, "car_tau_mean": 0.5597, "car_tau_std": 3.8594, "car_v_mean": 20.7893, "car_v_std": 18.311}, "datetime": {"datetime": "2024-08-10 13:25:44", "elapsed": 2994.694248, "delta": 3.882942}}
{"target": -0.24812062720665665, "params": {"bus_acc": 0.5678, "bus_dcc": 0.2931, "bus_lcAssertive": 11.1299, "bus_lcCooperative": 0.65, "bus_lcLookaheadLeft": 82.3518, "bus_lcPushy": 0.6622, "bus_lcSigma": 0.0567, "bus_lcSpeedGainRight": 4.7015, "bus_lcSublane": 0.7103, "bus_sigma": 0.9073, "bus_tau_mean": 3.1438, "bus_tau_std": 4.9723, "bus_v_mean": 11.1568, "bus_v_std": 13.7066, "car_acc": 3.3186, "car_dcc": 0.8346, "car_lcAssertive": 76.5019, "car_lcCooperative": 0.1933, "car_lcLookaheadLeft": 5.8375, "car_lcPushy": 0.4411, "car_lcSigma": 0.672, "car_lcSpeedGainRight": 1.6872, "car_lcSublane": 0.7549, "car_sigma": 0.327, "car_tau_mean": 3.0192, "car_tau_std": 6.415, "car_v_mean": 13.1928, "car_v_std": 14.3994}, "datetime": {"datetime": "2024-08-10 13:25:48", "elapsed": 2998.627759, "delta": 3.933511}}
{"target": -0.2889123316703342, "params": {"bus_acc": 0.7841, "bus_dcc": 2.3106, "bus_lcAssertive": 53.6627, "bus_lcCooperative": 0.9012, "bus_lcLookaheadLeft": 62.0268, "bus_lcPushy": 0.3016, "bus_lcSigma": 0.3485, "bus_lcSpeedGainRight": 3.8313, "bus_lcSublane": 0.0087, "bus_sigma": 0.5872, "bus_tau_mean": 3.8355, "bus_tau_std": 3.8917, "bus_v_mean": 14.237, "bus_v_std": 8.6441, "car_acc": 2.3541, "car_dcc": 0.4554, "car_lcAssertive": 19.5656, "car_lcCooperative": 0.1872, "car_lcLookaheadLeft": 50.9043, "car_lcPushy": 0.7651, "car_lcSigma": 0.8758, "car_lcSpeedGainRight": 3.4835, "car_lcSublane": 0.788, "car_sigma": 0.1658, "car_tau_mean": 0.5259, "car_tau_std": 6.4505, "car_v_mean": 14.819, "car_v_std": 2.4724}, "datetime": {"datetime": "2024-08-10 13:25:56", "elapsed": 3006.958359, "delta": 8.3306}}
{"target": -0.326793924786657, "params": {"bus_acc": 3.8355, "bus_dcc": 1.8688, "bus_lcAssertive": 59.9265, "bus_lcCooperative": 0.8774, "bus_lcLookaheadLeft": 76.9219, "bus_lcPushy": 0.8009, "bus_lcSigma": 0.0457, "bus_lcSpeedGainRight": 1.7781, "bus_lcSublane": 0.2047, "bus_sigma": 0.0854, "bus_tau_mean": 3.707, "bus_tau_std": 6.7379, "bus_v_mean": 17.8139, "bus_v_std": 0.6139, "car_acc": 3.8592, "car_dcc": 3.2179, "car_lcAssertive": 31.6479, "car_lcCooperative": 0.7961, "car_lcLookaheadLeft": 4.6383, "car_lcPushy": 0.7862, "car_lcSigma": 0.1116, "car_lcSpeedGainRight": 2.4551, "car_lcSublane": 0.9262, "car_sigma": 0.3717, "car_tau_mean": 2.9105, "car_tau_std": 2.0637, "car_v_mean": 8.7248, "car_v_std": 17.6689}, "datetime": {"datetime": "2024-08-10 13:26:00", "elapsed": 3010.254726, "delta": 3.296367}}
{"target": -0.6085927201754077, "params": {"bus_acc": 0.3047, "bus_dcc": 3.0553, "bus_lcAssertive": 15.8537, "bus_lcCooperative": 0.8133, "bus_lcLookaheadLeft": 87.7706, "bus_lcPushy": 0.2968, "bus_lcSigma": 0.8508, "bus_lcSpeedGainRight": 1.9015, "bus_lcSublane": 0.0001, "bus_sigma": 0.0455, "bus_tau_mean": 2.1032, "bus_tau_std": 7.0941, "bus_v_mean": 22.0663, "bus_v_std": 14.0962, "car_acc": 0.7169, "car_dcc": 2.7481, "car_lcAssertive": 17.1481, "car_lcCooperative": 0.9903, "car_lcLookaheadLeft": 39.6815, "car_lcPushy": 0.2714, "car_lcSigma": 0.3409, "car_lcSpeedGainRight": 0.8895, "car_lcSublane": 0.68, "car_sigma": 0.5386, "car_tau_mean": 0.8089, "car_tau_std": 5.5628, "car_v_mean": 16.1476, "car_v_std": 6.0881}, "datetime": {"datetime": "2024-08-10 13:26:05", "elapsed": 3015.652376, "delta": 5.39765}}
{"target": -0.541774115726246, "params": {"bus_acc": 0.3082, "bus_dcc": 3.839, "bus_lcAssertive": 66.2199, "bus_lcCooperative": 0.6161, "bus_lcLookaheadLeft": 92.5265, "bus_lcPushy": 0.9711, "bus_lcSigma": 0.2391, "bus_lcSpeedGainRight": 0.9776, "bus_lcSublane": 0.4999, "bus_sigma": 0.641, "bus_tau_mean": 1.6027, "bus_tau_std": 9.2112, "bus_v_mean": 13.4707, "bus_v_std": 15.5723, "car_acc": 0.7555, "car_dcc": 0.7294, "car_lcAssertive": 42.1439, "car_lcCooperative": 0.3388, "car_lcLookaheadLeft": 78.8352, "car_lcPushy": 0.8235, "car_lcSigma": 0.6101, "car_lcSpeedGainRight": 0.2115, "car_lcSublane": 0.3969, "car_sigma": 0.8274, "car_tau_mean": 2.2834, "car_tau_std": 5.2019, "car_v_mean": 9.0858, "car_v_std": 3.7275}, "datetime": {"datetime": "2024-08-10 13:26:09", "elapsed": 3019.419079, "delta": 3.766703}}
{"target": -0.34867419003007677, "params": {"bus_acc": 2.2707, "bus_dcc": 0.3708, "bus_lcAssertive": 68.7772, "bus_lcCooperative": 0.5472, "bus_lcLookaheadLeft": 92.2503, "bus_lcPushy": 0.7747, "bus_lcSigma": 0.8615, "bus_lcSpeedGainRight": 1.3629, "bus_lcSublane": 0.6587, "bus_sigma": 0.5796, "bus_tau_mean": 0.5076, "bus_tau_std": 3.6424, "bus_v_mean": 8.7554, "bus_v_std": 16.6175, "car_acc": 1.2386, "car_dcc": 0.9616, "car_lcAssertive": 37.5423, "car_lcCooperative": 0.3794, "car_lcLookaheadLeft": 77.5018, "car_lcPushy": 0.3493, "car_lcSigma": 0.9745, "car_lcSpeedGainRight": 1.6778, "car_lcSublane": 0.561, "car_sigma": 0.7427, "car_tau_mean": 1.6687, "car_tau_std": 5.1203, "car_v_mean": 14.0526, "car_v_std": 12.0826}, "datetime": {"datetime": "2024-08-10 13:26:15", "elapsed": 3025.305916, "delta": 5.886837}}
{"target": -0.2730769751245928, "params": {"bus_acc": 0.4351, "bus_dcc": 0.9138, "bus_lcAssertive": 30.3353, "bus_lcCooperative": 0.5704, "bus_lcLookaheadLeft": 89.788, "bus_lcPushy": 0.7633, "bus_lcSigma": 0.4303, "bus_lcSpeedGainRight": 2.562, "bus_lcSublane": 0.7297, "bus_sigma": 0.4295, "bus_tau_mean": 3.7879, "bus_tau_std": 2.5706, "bus_v_mean": 9.5651, "bus_v_std": 2.4391, "car_acc": 3.2655, "car_dcc": 1.0554, "car_lcAssertive": 48.7583, "car_lcCooperative": 0.7706, "car_lcLookaheadLeft": 38.3009, "car_lcPushy": 0.4007, "car_lcSigma": 0.6731, "car_lcSpeedGainRight": 1.6511, "car_lcSublane": 0.3741, "car_sigma": 0.7825, "car_tau_mean": 3.9445, "car_tau_std": 2.8438, "car_v_mean": 23.0999, "car_v_std": 19.8936}, "datetime": {"datetime": "2024-08-10 13:26:21", "elapsed": 3031.891735, "delta": 6.585819}}
{"target": -0.24496763493559778, "params": {"bus_acc": 1.9629, "bus_dcc": 0.578, "bus_lcAssertive": 37.3933, "bus_lcCooperative": 0.8078, "bus_lcLookaheadLeft": 25.27, "bus_lcPushy": 0.2375, "bus_lcSigma": 0.3619, "bus_lcSpeedGainRight": 4.5891, "bus_lcSublane": 0.4876, "bus_sigma": 0.5257, "bus_tau_mean": 3.191, "bus_tau_std": 0.0434, "bus_v_mean": 11.6327, "bus_v_std": 8.3235, "car_acc": 3.8452, "car_dcc": 2.0979, "car_lcAssertive": 44.5635, "car_lcCooperative": 0.3165, "car_lcLookaheadLeft": 96.5885, "car_lcPushy": 0.3673, "car_lcSigma": 0.0277, "car_lcSpeedGainRight": 0.0107, "car_lcSublane": 0.1055, "car_sigma": 0.0786, "car_tau_mean": 3.0644, "car_tau_std": 9.2934, "car_v_mean": 16.2235, "car_v_std": 17.2978}, "datetime": {"datetime": "2024-08-10 13:26:27", "elapsed": 3038.10629, "delta": 6.214555}}
{"target": -0.2614575034635989, "params": {"bus_acc": 1.4618, "bus_dcc": 1.2978, "bus_lcAssertive": 18.5961, "bus_lcCooperative": 0.5031, "bus_lcLookaheadLeft": 83.2845, "bus_lcPushy": 0.3062, "bus_lcSigma": 0.8449, "bus_lcSpeedGainRight": 1.2825, "bus_lcSublane": 0.344, "bus_sigma": 0.5072, "bus_tau_mean": 1.7628, "bus_tau_std": 0.9221, "bus_v_mean": 14.1801, "bus_v_std": 14.4183, "car_acc": 0.9742, "car_dcc": 0.5623, "car_lcAssertive": 89.6924, "car_lcCooperative": 0.0738, "car_lcLookaheadLeft": 79.2753, "car_lcPushy": 0.4256, "car_lcSigma": 0.6585, "car_lcSpeedGainRight": 2.7415, "car_lcSublane": 0.4608, "car_sigma": 0.1441, "car_tau_mean": 1.2953, "car_tau_std": 8.5659, "car_v_mean": 11.5105, "car_v_std": 18.598}, "datetime": {"datetime": "2024-08-10 13:26:35", "elapsed": 3045.275176, "delta": 7.168886}}
{"target": -0.3714111072080235, "params": {"bus_acc": 0.359, "bus_dcc": 3.0921, "bus_lcAssertive": 41.8195, "bus_lcCooperative": 0.3203, "bus_lcLookaheadLeft": 13.1464, "bus_lcPushy": 0.5685, "bus_lcSigma": 0.8361, "bus_lcSpeedGainRight": 0.0818, "bus_lcSublane": 0.1098, "bus_sigma": 0.6043, "bus_tau_mean": 3.5536, "bus_tau_std": 4.3369, "bus_v_mean": 10.6664, "bus_v_std": 14.6269, "car_acc": 2.654, "car_dcc": 3.4052, "car_lcAssertive": 90.0237, "car_lcCooperative": 0.425, "car_lcLookaheadLeft": 61.1038, "car_lcPushy": 0.6687, "car_lcSigma": 0.4483, "car_lcSpeedGainRight": 2.4612, "car_lcSublane": 0.4783, "car_sigma": 0.3841, "car_tau_mean": 1.081, "car_tau_std": 4.6864, "car_v_mean": 13.4823, "car_v_std": 14.4993}, "datetime": {"datetime": "2024-08-10 13:26:44", "elapsed": 3054.695063, "delta": 9.419887}}
{"target": -0.37922911323148417, "params": {"bus_acc": 0.3284, "bus_dcc": 1.806, "bus_lcAssertive": 57.5725, "bus_lcCooperative": 0.4968, "bus_lcLookaheadLeft": 52.0632, "bus_lcPushy": 0.5929, "bus_lcSigma": 0.7138, "bus_lcSpeedGainRight": 2.0359, "bus_lcSublane": 0.3751, "bus_sigma": 0.39, "bus_tau_mean": 3.6168, "bus_tau_std": 7.3431, "bus_v_mean": 21.9552, "bus_v_std": 3.0945, "car_acc": 1.2469, "car_dcc": 2.651, "car_lcAssertive": 49.5729, "car_lcCooperative": 0.2232, "car_lcLookaheadLeft": 28.6914, "car_lcPushy": 0.7658, "car_lcSigma": 0.1732, "car_lcSpeedGainRight": 2.0383, "car_lcSublane": 0.3873, "car_sigma": 0.1492, "car_tau_mean": 3.2896, "car_tau_std": 8.365, "car_v_mean": 24.5271, "car_v_std": 6.2473}, "datetime": {"datetime": "2024-08-10 13:26:50", "elapsed": 3060.266954, "delta": 5.571891}}
{"target": -0.307064270795226, "params": {"bus_acc": 1.536, "bus_dcc": 2.5981, "bus_lcAssertive": 62.3955, "bus_lcCooperative": 0.2237, "bus_lcLookaheadLeft": 35.858, "bus_lcPushy": 0.1933, "bus_lcSigma": 0.913, "bus_lcSpeedGainRight": 1.4314, "bus_lcSublane": 0.3637, "bus_sigma": 0.3312, "bus_tau_mean": 1.2356, "bus_tau_std": 7.6078, "bus_v_mean": 8.1497, "bus_v_std": 18.5577, "car_acc": 3.478, "car_dcc": 3.9011, "car_lcAssertive": 52.4244, "car_lcCooperative": 0.9325, "car_lcLookaheadLeft": 57.8478, "car_lcPushy": 0.5355, "car_lcSigma": 0.3125, "car_lcSpeedGainRight": 2.8109, "car_lcSublane": 0.5473, "car_sigma": 0.2693, "car_tau_mean": 3.5486, "car_tau_std": 0.7737, "car_v_mean": 12.2313, "car_v_std": 1.3862}, "datetime": {"datetime": "2024-08-10 13:26:54", "elapsed": 3064.578774, "delta": 4.31182}}
