{"target": -0.8539739329992097, "params": {"bus_acc": 0.5054, "bus_dcc": 0.4033, "bus_lcAssertive": 95.2512, "bus_lcCooperative": 0.4753, "bus_lcLookaheadLeft": 45.142, "bus_lcPushy": 0.967, "bus_lcSigma": 0.8987, "bus_lcSpeedGainRight": 1.9891, "bus_lcSublane": 0.7044, "bus_sigma": 0.3418, "bus_tau_mean": 1.2844, "bus_tau_std": 3.5082, "bus_v_mean": 9.1072, "bus_v_std": 1.4589, "car_acc": 0.2564, "car_dcc": 0.4483, "car_lcAssertive": 94.0074, "car_lcCooperative": 0.6825, "car_lcLookaheadLeft": 92.4697, "car_lcPushy": 0.9263, "car_lcSigma": 0.6681, "car_lcSpeedGainRight": 3.2537, "car_lcSublane": 0.6135, "car_sigma": 0.197, "car_tau_mean": 1.5033, "car_tau_std": 6.6579, "car_v_mean": 15.0041, "car_v_std": 14.924}, "datetime": {"datetime": "2024-08-10 14:42:36", "elapsed": 7606.534081, "delta": 8.259487}}
{"target": -0.3330482749282728, "params": {"bus_acc": 1.282, "bus_dcc": 1.6027, "bus_lcAssertive": 50.0829, "bus_lcCooperative": 0.1483, "bus_lcLookaheadLeft": 68.509, "bus_lcPushy": 0.5183, "bus_lcSigma": 0.419, "bus_lcSpeedGainRight": 4.7019, "bus_lcSublane": 0.7026, "bus_sigma": 0.8933, "bus_tau_mean": 2.1636, "bus_tau_std": 3.6512, "bus_v_mean": 18.2209, "bus_v_std": 4.0933, "car_acc": 3.5357, "car_dcc": 1.1462, "car_lcAssertive": 89.9283, "car_lcCooperative": 0.6547, "car_lcLookaheadLeft": 58.7932, "car_lcPushy": 0.9256, "car_lcSigma": 0.9389, "car_lcSpeedGainRight": 1.3892, "car_lcSublane": 0.0093, "car_sigma": 0.7982, "car_tau_mean": 2.8134, "car_tau_std": 9.7044, "car_v_mean": 18.1285, "car_v_std": 13.7659}, "datetime": {"datetime": "2024-08-10 14:42:40", "elapsed": 7610.639201, "delta": 4.10512}}
{"target": -0.3854465663925873, "params": {"bus_acc": 1.9114, "bus_dcc": 3.4904, "bus_lcAssertive": 45.5903, "bus_lcCooperative": 0.8023, "bus_lcLookaheadLeft": 81.8816, "bus_lcPushy": 0.2985, "bus_lcSigma": 0.6686, "bus_lcSpeedGainRight": 3.9015, "bus_lcSublane": 0.3998, "bus_sigma": 0.811, "bus_tau_mean": 3.7268, "bus_tau_std": 8.9525, "bus_v_mean": 11.0737, "bus_v_std": 1.6402, "car_acc": 0.9188, "car_dcc": 2.1196, "car_lcAssertive": 95.0444, "car_lcCooperative": 0.525, "car_lcLookaheadLeft": 27.2796, "car_lcPushy": 0.1551, "car_lcSigma": 0.4208, "car_lcSpeedGainRight": 3.834, "car_lcSublane": 0.0594, "car_sigma": 0.5667, "car_tau_mean": 1.3758, "car_tau_std": 0.8795, "car_v_mean": 13.5581, "car_v_std": 19.9059}, "datetime": {"datetime": "2024-08-10 14:42:49", "elapsed": 7619.654662, "delta": 9.015461}}
{"target": -0.3711008029082071, "params": {"bus_acc": 0.8751, "bus_dcc": 0.2654, "bus_lcAssertive": 4.6649, "bus_lcCooperative": 0.346, "bus_lcLookaheadLeft": 33.0664, "bus_lcPushy": 0.073, "bus_lcSigma": 0.3728, "bus_lcSpeedGainRight": 1.6728, "bus_lcSublane": 0.4674, "bus_sigma": 0.4305, "bus_tau_mean": 0.535, "bus_tau_std": 7.7808, "bus_v_mean": 25.7822, "bus_v_std": 17.4285, "car_acc": 1.1768, "car_dcc": 1.4701, "car_lcAssertive": 90.2786, "car_lcCooperative": 0.835, "car_lcLookaheadLeft": 84.7381, "car_lcPushy": 0.1507, "car_lcSigma": 0.8106, "car_lcSpeedGainRight": 3.6182, "car_lcSublane": 0.822, "car_sigma": 0.1926, "car_tau_mean": 3.156, "car_tau_std": 8.7747, "car_v_mean": 16.0575, "car_v_std": 12.9873}, "datetime": {"datetime": "2024-08-10 14:42:53", "elapsed": 7624.067791, "delta": 4.413129}}
{"target": -0.28180715219523084, "params": {"bus_acc": 3.4353, "bus_dcc": 1.654, "bus_lcAssertive": 82.1909, "bus_lcCooperative": 0.8792, "bus_lcLookaheadLeft": 31.7312, "bus_lcPushy": 0.5828, "bus_lcSigma": 0.1871, "bus_lcSpeedGainRight": 2.1981, "bus_lcSublane": 0.195, "bus_sigma": 0.45, "bus_tau_mean": 1.5812, "bus_tau_std": 0.1366, "bus_v_mean": 22.8795, "bus_v_std": 15.0308, "car_acc": 2.1611, "car_dcc": 0.5353, "car_lcAssertive": 20.052, "car_lcCooperative": 0.0075, "car_lcLookaheadLeft": 70.8281, "car_lcPushy": 0.1589, "car_lcSigma": 0.4885, "car_lcSpeedGainRight": 2.4841, "car_lcSublane": 0.7243, "car_sigma": 0.5982, "car_tau_mean": 2.1955, "car_tau_std": 3.6162, "car_v_mean": 21.4068, "car_v_std": 5.2692}, "datetime": {"datetime": "2024-08-10 14:42:58", "elapsed": 7628.813741, "delta": 4.74595}}
{"target": -0.36696473244704086, "params": {"bus_acc": 1.5443, "bus_dcc": 2.8291, "bus_lcAssertive": 22.2899, "bus_lcCooperative": 0.9578, "bus_lcLookaheadLeft": 67.5848, "bus_lcPushy": 0.9276, "bus_lcSigma": 0.4996, "bus_lcSpeedGainRight": 3.9959, "bus_lcSublane": 0.0704, "bus_sigma": 0.8761, "bus_tau_mean": 2.2405, "bus_tau_std": 5.0808, "bus_v_mean": 24.5624, "bus_v_std": 16.3243, "car_acc": 2.8318, "car_dcc": 2.3173, "car_lcAssertive": 45.1193, "car_lcCooperative": 0.067, "car_lcLookaheadLeft": 45.4832, "car_lcPushy": 0.7929, "car_lcSigma": 0.921, "car_lcSpeedGainRight": 1.1433, "car_lcSublane": 0.4422, "car_sigma": 0.1422, "car_tau_mean": 0.5384, "car_tau_std": 1.0972, "car_v_mean": 17.4932, "car_v_std": 7.6008}, "datetime": {"datetime": "2024-08-10 14:43:05", "elapsed": 7636.006271, "delta": 7.19253}}
{"target": -0.34707401284088063, "params": {"bus_acc": 1.4908, "bus_dcc": 3.0927, "bus_lcAssertive": 31.0609, "bus_lcCooperative": 0.7042, "bus_lcLookaheadLeft": 31.0754, "bus_lcPushy": 0.3131, "bus_lcSigma": 0.9434, "bus_lcSpeedGainRight": 3.5904, "bus_lcSublane": 0.8873, "bus_sigma": 0.5269, "bus_tau_mean": 1.3026, "bus_tau_std": 4.6931, "bus_v_mean": 8.0236, "bus_v_std": 18.8723, "car_acc": 1.5478, "car_dcc": 3.2044, "car_lcAssertive": 9.2369, "car_lcCooperative": 0.8645, "car_lcLookaheadLeft": 59.0012, "car_lcPushy": 0.825, "car_lcSigma": 0.8838, "car_lcSpeedGainRight": 0.627, "car_lcSublane": 0.1692, "car_sigma": 0.6859, "car_tau_mean": 1.1862, "car_tau_std": 5.6254, "car_v_mean": 19.2314, "car_v_std": 4.7303}, "datetime": {"datetime": "2024-08-10 14:43:15", "elapsed": 7645.662571, "delta": 9.6563}}
{"target": -0.50721330773997, "params": {"bus_acc": 1.7923, "bus_dcc": 2.5989, "bus_lcAssertive": 90.7726, "bus_lcCooperative": 0.1544, "bus_lcLookaheadLeft": 44.7469, "bus_lcPushy": 0.0672, "bus_lcSigma": 0.0264, "bus_lcSpeedGainRight": 2.6935, "bus_lcSublane": 0.5392, "bus_sigma": 0.9703, "bus_tau_mean": 3.7321, "bus_tau_std": 1.9013, "bus_v_mean": 22.9609, "bus_v_std": 18.72, "car_acc": 2.8425, "car_dcc": 0.7248, "car_lcAssertive": 17.8837, "car_lcCooperative": 0.937, "car_lcLookaheadLeft": 92.8495, "car_lcPushy": 0.6767, "car_lcSigma": 0.7086, "car_lcSpeedGainRight": 3.0324, "car_lcSublane": 0.378, "car_sigma": 0.7724, "car_tau_mean": 2.1672, "car_tau_std": 6.2374, "car_v_mean": 25.7994, "car_v_std": 3.8372}, "datetime": {"datetime": "2024-08-10 14:43:23", "elapsed": 7653.195327, "delta": 7.532756}}
{"target": -0.30574619118328944, "params": {"bus_acc": 0.7817, "bus_dcc": 1.0454, "bus_lcAssertive": 31.9443, "bus_lcCooperative": 0.9519, "bus_lcLookaheadLeft": 86.6369, "bus_lcPushy": 0.6781, "bus_lcSigma": 0.0726, "bus_lcSpeedGainRight": 1.0883, "bus_lcSublane": 0.4168, "bus_sigma": 0.4212, "bus_tau_mean": 3.6122, "bus_tau_std": 7.9651, "bus_v_mean": 21.1954, "bus_v_std": 14.3457, "car_acc": 2.4366, "car_dcc": 1.4266, "car_lcAssertive": 59.9038, "car_lcCooperative": 0.1293, "car_lcLookaheadLeft": 63.9734, "car_lcPushy": 0.3751, "car_lcSigma": 0.2595, "car_lcSpeedGainRight": 3.5267, "car_lcSublane": 0.0343, "car_sigma": 0.9101, "car_tau_mean": 2.3684, "car_tau_std": 4.9745, "car_v_mean": 25.1559, "car_v_std": 8.5235}, "datetime": {"datetime": "2024-08-10 14:43:27", "elapsed": 7657.382414, "delta": 4.187087}}
{"target": -0.5015715564325524, "params": {"bus_acc": 3.9696, "bus_dcc": 0.7464, "bus_lcAssertive": 81.7495, "bus_lcCooperative": 0.7462, "bus_lcLookaheadLeft": 29.0805, "bus_lcPushy": 0.5193, "bus_lcSigma": 0.0883, "bus_lcSpeedGainRight": 1.5267, "bus_lcSublane": 0.4821, "bus_sigma": 0.7573, "bus_tau_mean": 2.9739, "bus_tau_std": 8.3489, "bus_v_mean": 9.4627, "bus_v_std": 10.6044, "car_acc": 0.2509, "car_dcc": 0.4783, "car_lcAssertive": 93.1762, "car_lcCooperative": 0.2272, "car_lcLookaheadLeft": 51.5584, "car_lcPushy": 0.3421, "car_lcSigma": 0.4207, "car_lcSpeedGainRight": 0.6194, "car_lcSublane": 0.7525, "car_sigma": 0.9199, "car_tau_mean": 0.8611, "car_tau_std": 4.963, "car_v_mean": 16.293, "car_v_std": 12.9414}, "datetime": {"datetime": "2024-08-10 14:43:37", "elapsed": 7668.021512, "delta": 10.639098}}
{"target": -0.8383724028095233, "params": {"bus_acc": 0.6612, "bus_dcc": 1.2349, "bus_lcAssertive": 70.9284, "bus_lcCooperative": 0.7808, "bus_lcLookaheadLeft": 34.9935, "bus_lcPushy": 0.8143, "bus_lcSigma": 0.2724, "bus_lcSpeedGainRight": 1.3262, "bus_lcSublane": 0.4039, "bus_sigma": 0.8458, "bus_tau_mean": 2.9674, "bus_tau_std": 6.9955, "bus_v_mean": 13.4295, "bus_v_std": 10.8336, "car_acc": 0.2078, "car_dcc": 3.2508, "car_lcAssertive": 32.4406, "car_lcCooperative": 0.4806, "car_lcLookaheadLeft": 17.5554, "car_lcPushy": 0.7863, "car_lcSigma": 0.3425, "car_lcSpeedGainRight": 1.1182, "car_lcSublane": 0.2424, "car_sigma": 0.0565, "car_tau_mean": 2.0792, "car_tau_std": 9.0155, "car_v_mean": 19.8001, "car_v_std": 15.1965}, "datetime": {"datetime": "2024-08-10 14:43:43", "elapsed": 7673.541484, "delta": 5.519972}}
{"target": -0.28336695998335976, "params": {"bus_acc": 2.3018, "bus_dcc": 0.5113, "bus_lcAssertive": 55.449, "bus_lcCooperative": 0.9805, "bus_lcLookaheadLeft": 92.2696, "bus_lcPushy": 0.6952, "bus_lcSigma": 0.6275, "bus_lcSpeedGainRight": 3.2495, "bus_lcSublane": 0.899, "bus_sigma": 0.2182, "bus_tau_mean": 2.9317, "bus_tau_std": 0.9474, "bus_v_mean": 21.03, "bus_v_std": 19.468, "car_acc": 3.0117, "car_dcc": 1.9345, "car_lcAssertive": 83.2204, "car_lcCooperative": 0.9423, "car_lcLookaheadLeft": 95.9784, "car_lcPushy": 0.391, "car_lcSigma": 0.3666, "car_lcSpeedGainRight": 3.7817, "car_lcSublane": 0.2492, "car_sigma": 0.7494, "car_tau_mean": 2.8749, "car_tau_std": 8.3585, "car_v_mean": 11.274, "car_v_std": 1.6488}, "datetime": {"datetime": "2024-08-10 14:43:52", "elapsed": 7682.24449, "delta": 8.703006}}
{"target": -0.31235167308944695, "params": {"bus_acc": 3.8941, "bus_dcc": 0.7075, "bus_lcAssertive": 62.2317, "bus_lcCooperative": 0.8419, "bus_lcLookaheadLeft": 47.7346, "bus_lcPushy": 0.0566, "bus_lcSigma": 0.0531, "bus_lcSpeedGainRight": 1.5199, "bus_lcSublane": 0.0319, "bus_sigma": 0.4004, "bus_tau_mean": 2.6929, "bus_tau_std": 5.4186, "bus_v_mean": 9.2328, "bus_v_std": 10.8356, "car_acc": 1.9456, "car_dcc": 1.1196, "car_lcAssertive": 71.8152, "car_lcCooperative": 0.1506, "car_lcLookaheadLeft": 31.3947, "car_lcPushy": 0.3434, "car_lcSigma": 0.5783, "car_lcSpeedGainRight": 1.9939, "car_lcSublane": 0.4305, "car_sigma": 0.9407, "car_tau_mean": 1.2779, "car_tau_std": 8.8277, "car_v_mean": 9.7178, "car_v_std": 6.9318}, "datetime": {"datetime": "2024-08-10 14:43:58", "elapsed": 7688.977912, "delta": 6.733422}}
{"target": -0.3824235860599317, "params": {"bus_acc": 3.9331, "bus_dcc": 0.6782, "bus_lcAssertive": 25.286, "bus_lcCooperative": 0.5257, "bus_lcLookaheadLeft": 94.5755, "bus_lcPushy": 0.398, "bus_lcSigma": 0.8205, "bus_lcSpeedGainRight": 0.9196, "bus_lcSublane": 0.3269, "bus_sigma": 0.2793, "bus_tau_mean": 3.7388, "bus_tau_std": 7.1393, "bus_v_mean": 25.93, "bus_v_std": 4.074, "car_acc": 1.874, "car_dcc": 3.2948, "car_lcAssertive": 65.5982, "car_lcCooperative": 0.6922, "car_lcLookaheadLeft": 89.8883, "car_lcPushy": 0.5714, "car_lcSigma": 0.9416, "car_lcSpeedGainRight": 1.9496, "car_lcSublane": 0.5314, "car_sigma": 0.8068, "car_tau_mean": 0.7366, "car_tau_std": 7.4897, "car_v_mean": 18.3222, "car_v_std": 3.3183}, "datetime": {"datetime": "2024-08-10 14:44:06", "elapsed": 7696.503083, "delta": 7.525171}}
{"target": -0.2693281849005749, "params": {"bus_acc": 3.9687, "bus_dcc": 0.5049, "bus_lcAssertive": 58.2562, "bus_lcCooperative": 0.1805, "bus_lcLookaheadLeft": 80.957, "bus_lcPushy": 0.0016, "bus_lcSigma": 0.9343, "bus_lcSpeedGainRight": 1.1764, "bus_lcSublane": 0.9006, "bus_sigma": 0.9579, "bus_tau_mean": 1.1902, "bus_tau_std": 0.2526, "bus_v_mean": 14.2621, "bus_v_std": 12.4227, "car_acc": 3.8627, "car_dcc": 0.9105, "car_lcAssertive": 5.4467, "car_lcCooperative": 0.0721, "car_lcLookaheadLeft": 2.0907, "car_lcPushy": 0.2836, "car_lcSigma": 0.2688, "car_lcSpeedGainRight": 3.8002, "car_lcSublane": 0.4427, "car_sigma": 0.4191, "car_tau_mean": 2.0051, "car_tau_std": 4.5752, "car_v_mean": 17.8466, "car_v_std": 12.774}, "datetime": {"datetime": "2024-08-10 14:44:10", "elapsed": 7700.155997, "delta": 3.652914}}
{"target": -0.2978167728408037, "params": {"bus_acc": 2.705, "bus_dcc": 1.697, "bus_lcAssertive": 84.361, "bus_lcCooperative": 0.3199, "bus_lcLookaheadLeft": 68.2606, "bus_lcPushy": 0.8589, "bus_lcSigma": 0.9713, "bus_lcSpeedGainRight": 1.8397, "bus_lcSublane": 0.8266, "bus_sigma": 0.7283, "bus_tau_mean": 3.8698, "bus_tau_std": 0.8939, "bus_v_mean": 23.1839, "bus_v_std": 10.5576, "car_acc": 3.7367, "car_dcc": 0.3929, "car_lcAssertive": 72.2591, "car_lcCooperative": 0.1585, "car_lcLookaheadLeft": 80.6887, "car_lcPushy": 0.313, "car_lcSigma": 0.3787, "car_lcSpeedGainRight": 0.948, "car_lcSublane": 0.7673, "car_sigma": 0.7655, "car_tau_mean": 0.9153, "car_tau_std": 6.2388, "car_v_mean": 16.5714, "car_v_std": 17.7523}, "datetime": {"datetime": "2024-08-10 14:44:16", "elapsed": 7706.389437, "delta": 6.23344}}
{"target": -0.31395519435390673, "params": {"bus_acc": 2.4136, "bus_dcc": 3.2793, "bus_lcAssertive": 64.2232, "bus_lcCooperative": 0.2064, "bus_lcLookaheadLeft": 47.0616, "bus_lcPushy": 0.0152, "bus_lcSigma": 0.0814, "bus_lcSpeedGainRight": 0.6529, "bus_lcSublane": 0.142, "bus_sigma": 0.7577, "bus_tau_mean": 2.7667, "bus_tau_std": 4.1911, "bus_v_mean": 16.0334, "bus_v_std": 16.4893, "car_acc": 3.9707, "car_dcc": 1.1225, "car_lcAssertive": 43.2389, "car_lcCooperative": 0.4152, "car_lcLookaheadLeft": 75.8169, "car_lcPushy": 0.3171, "car_lcSigma": 0.8947, "car_lcSpeedGainRight": 0.1601, "car_lcSublane": 0.8547, "car_sigma": 0.7512, "car_tau_mean": 3.7208, "car_tau_std": 8.295, "car_v_mean": 15.6539, "car_v_std": 10.9242}, "datetime": {"datetime": "2024-08-10 14:44:23", "elapsed": 7713.86998, "delta": 7.480543}}
{"target": -0.3596000513125255, "params": {"bus_acc": 2.6415, "bus_dcc": 2.7837, "bus_lcAssertive": 58.4626, "bus_lcCooperative": 0.4163, "bus_lcLookaheadLeft": 61.9054, "bus_lcPushy": 0.8544, "bus_lcSigma": 0.2144, "bus_lcSpeedGainRight": 0.8433, "bus_lcSublane": 0.4647, "bus_sigma": 0.6856, "bus_tau_mean": 1.7371, "bus_tau_std": 7.15, "bus_v_mean": 24.8837, "bus_v_std": 17.0855, "car_acc": 1.7699, "car_dcc": 3.5119, "car_lcAssertive": 92.9616, "car_lcCooperative": 0.8552, "car_lcLookaheadLeft": 35.7686, "car_lcPushy": 0.9396, "car_lcSigma": 0.9897, "car_lcSpeedGainRight": 0.2245, "car_lcSublane": 0.9778, "car_sigma": 0.6499, "car_tau_mean": 1.7274, "car_tau_std": 9.2879, "car_v_mean": 24.0842, "car_v_std": 10.6778}, "datetime": {"datetime": "2024-08-10 14:44:36", "elapsed": 7726.257729, "delta": 12.387749}}
{"target": -0.34959688719846427, "params": {"bus_acc": 2.3138, "bus_dcc": 3.7777, "bus_lcAssertive": 71.114, "bus_lcCooperative": 0.4476, "bus_lcLookaheadLeft": 44.8929, "bus_lcPushy": 0.9111, "bus_lcSigma": 0.1999, "bus_lcSpeedGainRight": 4.6374, "bus_lcSublane": 0.2319, "bus_sigma": 0.5162, "bus_tau_mean": 2.324, "bus_tau_std": 2.4704, "bus_v_mean": 23.7421, "bus_v_std": 4.0408, "car_acc": 2.1636, "car_dcc": 1.2421, "car_lcAssertive": 78.601, "car_lcCooperative": 0.3468, "car_lcLookaheadLeft": 35.1517, "car_lcPushy": 0.1124, "car_lcSigma": 0.0104, "car_lcSpeedGainRight": 0.4012, "car_lcSublane": 0.5664, "car_sigma": 0.6805, "car_tau_mean": 2.4004, "car_tau_std": 5.6782, "car_v_mean": 14.393, "car_v_std": 2.2662}, "datetime": {"datetime": "2024-08-10 14:44:44", "elapsed": 7734.310386, "delta": 8.052657}}
{"target": -0.5001856528511549, "params": {"bus_acc": 2.8194, "bus_dcc": 3.4819, "bus_lcAssertive": 56.3543, "bus_lcCooperative": 0.739, "bus_lcLookaheadLeft": 21.3691, "bus_lcPushy": 0.2241, "bus_lcSigma": 0.5422, "bus_lcSpeedGainRight": 3.8743, "bus_lcSublane": 0.0243, "bus_sigma": 0.0606, "bus_tau_mean": 2.8242, "bus_tau_std": 0.3543, "bus_v_mean": 11.0043, "bus_v_std": 16.3088, "car_acc": 0.6926, "car_dcc": 1.9859, "car_lcAssertive": 33.9116, "car_lcCooperative": 0.4336, "car_lcLookaheadLeft": 76.4911, "car_lcPushy": 0.5537, "car_lcSigma": 0.0429, "car_lcSpeedGainRight": 1.7897, "car_lcSublane": 0.5363, "car_sigma": 0.8785, "car_tau_mean": 3.8177, "car_tau_std": 0.5199, "car_v_mean": 11.5084, "car_v_std": 12.0756}, "datetime": {"datetime": "2024-08-10 14:44:51", "elapsed": 7741.941823, "delta": 7.631437}}
{"target": -0.30938490621064246, "params": {"bus_acc": 2.1971, "bus_dcc": 2.678, "bus_lcAssertive": 34.7064, "bus_lcCooperative": 0.9575, "bus_lcLookaheadLeft": 28.7361, "bus_lcPushy": 0.6085, "bus_lcSigma": 0.1937, "bus_lcSpeedGainRight": 4.8329, "bus_lcSublane": 0.9911, "bus_sigma": 0.9894, "bus_tau_mean": 3.5692, "bus_tau_std": 8.3587, "bus_v_mean": 18.413, "bus_v_std": 12.2096, "car_acc": 3.2194, "car_dcc": 1.8184, "car_lcAssertive": 50.7786, "car_lcCooperative": 0.4925, "car_lcLookaheadLeft": 61.247, "car_lcPushy": 0.2028, "car_lcSigma": 0.5667, "car_lcSpeedGainRight": 4.6091, "car_lcSublane": 0.2817, "car_sigma": 0.0427, "car_tau_mean": 3.7229, "car_tau_std": 5.9198, "car_v_mean": 19.2239, "car_v_std": 15.1943}, "datetime": {"datetime": "2024-08-10 14:45:00", "elapsed": 7750.158703, "delta": 8.21688}}
{"target": -0.2588939178963819, "params": {"bus_acc": 3.8718, "bus_dcc": 1.8849, "bus_lcAssertive": 70.4111, "bus_lcCooperative": 0.0109, "bus_lcLookaheadLeft": 34.0393, "bus_lcPushy": 0.3903, "bus_lcSigma": 0.9821, "bus_lcSpeedGainRight": 0.3295, "bus_lcSublane": 0.5822, "bus_sigma": 0.44, "bus_tau_mean": 1.2376, "bus_tau_std": 5.5446, "bus_v_mean": 24.7021, "bus_v_std": 10.7916, "car_acc": 1.8459, "car_dcc": 0.9998, "car_lcAssertive": 2.1833, "car_lcCooperative": 0.3641, "car_lcLookaheadLeft": 9.8023, "car_lcPushy": 0.569, "car_lcSigma": 0.9978, "car_lcSpeedGainRight": 2.4955, "car_lcSublane": 0.6236, "car_sigma": 0.0508, "car_tau_mean": 3.0944, "car_tau_std": 1.8888, "car_v_mean": 19.7627, "car_v_std": 16.4596}, "datetime": {"datetime": "2024-08-10 14:45:04", "elapsed": 7754.825943, "delta": 4.66724}}
{"target": -0.32649023976132896, "params": {"bus_acc": 1.2054, "bus_dcc": 1.9459, "bus_lcAssertive": 84.0593, "bus_lcCooperative": 0.3044, "bus_lcLookaheadLeft": 6.9689, "bus_lcPushy": 0.1077, "bus_lcSigma": 0.9463, "bus_lcSpeedGainRight": 1.6978, "bus_lcSublane": 0.6234, "bus_sigma": 0.3018, "bus_tau_mean": 3.2067, "bus_tau_std": 0.2714, "bus_v_mean": 17.2726, "bus_v_std": 1.649, "car_acc": 2.0977, "car_dcc": 1.708, "car_lcAssertive": 67.917, "car_lcCooperative": 0.6504, "car_lcLookaheadLeft": 46.4563, "car_lcPushy": 0.0771, "car_lcSigma": 0.3541, "car_lcSpeedGainRight": 0.4083, "car_lcSublane": 0.6964, "car_sigma": 0.2801, "car_tau_mean": 2.8965, "car_tau_std": 4.367, "car_v_mean": 20.8606, "car_v_std": 19.5952}, "datetime": {"datetime": "2024-08-10 14:45:09", "elapsed": 7759.369356, "delta": 4.543413}}
{"target": -0.29192819581470997, "params": {"bus_acc": 0.6808, "bus_dcc": 0.2674, "bus_lcAssertive": 84.7267, "bus_lcCooperative": 0.9693, "bus_lcLookaheadLeft": 67.6253, "bus_lcPushy": 0.3318, "bus_lcSigma": 0.4264, "bus_lcSpeedGainRight": 4.404, "bus_lcSublane": 0.9405, "bus_sigma": 0.2392, "bus_tau_mean": 1.7999, "bus_tau_std": 8.0815, "bus_v_mean": 8.2969, "bus_v_std": 14.3296, "car_acc": 3.7363, "car_dcc": 2.1607, "car_lcAssertive": 80.1675, "car_lcCooperative": 0.4577, "car_lcLookaheadLeft": 22.7861, "car_lcPushy": 0.547, "car_lcSigma": 0.2395, "car_lcSpeedGainRight": 1.0702, "car_lcSublane": 0.4523, "car_sigma": 0.2241, "car_tau_mean": 2.9167, "car_tau_std": 3.8842, "car_v_mean": 22.0105, "car_v_std": 19.674}, "datetime": {"datetime": "2024-08-10 14:45:13", "elapsed": 7763.988403, "delta": 4.619047}}
{"target": -0.8482903708053825, "params": {"bus_acc": 1.8487, "bus_dcc": 2.9944, "bus_lcAssertive": 52.8205, "bus_lcCooperative": 0.8607, "bus_lcLookaheadLeft": 72.6124, "bus_lcPushy": 0.4149, "bus_lcSigma": 0.0405, "bus_lcSpeedGainRight": 2.9911, "bus_lcSublane": 0.1191, "bus_sigma": 0.342, "bus_tau_mean": 1.1774, "bus_tau_std": 6.6985, "bus_v_mean": 25.3653, "bus_v_std": 16.3767, "car_acc": 0.3592, "car_dcc": 3.9693, "car_lcAssertive": 85.2216, "car_lcCooperative": 0.8292, "car_lcLookaheadLeft": 38.9346, "car_lcPushy": 0.5383, "car_lcSigma": 0.2988, "car_lcSpeedGainRight": 0.759, "car_lcSublane": 0.1896, "car_sigma": 0.548, "car_tau_mean": 2.7389, "car_tau_std": 1.6361, "car_v_mean": 18.0423, "car_v_std": 4.2739}, "datetime": {"datetime": "2024-08-10 14:45:20", "elapsed": 7770.985635, "delta": 6.997232}}
{"target": -0.5011755050698437, "params": {"bus_acc": 0.4842, "bus_dcc": 0.4715, "bus_lcAssertive": 5.9982, "bus_lcCooperative": 0.3264, "bus_lcLookaheadLeft": 83.809, "bus_lcPushy": 0.0575, "bus_lcSigma": 0.2466, "bus_lcSpeedGainRight": 0.708, "bus_lcSublane": 0.5552, "bus_sigma": 0.3782, "bus_tau_mean": 3.4833, "bus_tau_std": 8.8745, "bus_v_mean": 20.3383, "bus_v_std": 4.5251, "car_acc": 0.8817, "car_dcc": 3.1071, "car_lcAssertive": 25.3935, "car_lcCooperative": 0.5455, "car_lcLookaheadLeft": 40.7405, "car_lcPushy": 0.5349, "car_lcSigma": 0.571, "car_lcSpeedGainRight": 1.0925, "car_lcSublane": 0.9662, "car_sigma": 0.4507, "car_tau_mean": 3.4473, "car_tau_std": 4.485, "car_v_mean": 11.5332, "car_v_std": 3.7819}, "datetime": {"datetime": "2024-08-10 14:45:26", "elapsed": 7776.492378, "delta": 5.506743}}
