{"target": -0.33894439921186464, "params": {"bus_acc": 1.975447880438193, "bus_dcc": 2.9937818250436226, "bus_lcAssertive": 96.09128599688059, "bus_lcCooperative": 0.021389492015965184, "bus_lcLookaheadLeft": 83.58296263009827, "bus_lcPushy": 0.9391460199366686, "bus_lcSigma": 0.9858178203627183, "bus_lcSpeedGainRight": 4.68915817509452, "bus_lcSublane": 0.1292514080774897, "bus_sigma": 0.8860201939444051, "bus_tau_mean": 1.035017452885401, "bus_tau_std": 3.605163569932077, "bus_v_mean": 14.500914892666016, "bus_v_std": 5.595707845412086, "car_acc": 1.5482561266456945, "car_dcc": 2.263405946349478, "car_lcAssertive": 8.773184649116647, "car_lcCooperative": 0.37286967111119407, "car_lcLookaheadLeft": 59.155450338013644, "car_lcPushy": 0.13424940997972545, "car_lcSigma": 0.2429879452919641, "car_lcSpeedGainRight": 1.5638954127882703, "car_lcSublane": 0.0745338511835042, "car_sigma": 0.8076907953019956, "car_tau_mean": 1.4218911548914208, "car_tau_std": 4.106010091955299, "car_v_mean": 15.297431586908486, "car_v_std": 6.094712725763065}, "datetime": {"datetime": "2024-08-10 12:45:04", "elapsed": 554.186528, "delta": 2.842991}}
{"target": -0.275307024502257, "params": {"bus_acc": 0.7143466852758782, "bus_dcc": 0.3164270527453049, "bus_lcAssertive": 46.77120500937646, "bus_lcCooperative": 0.9606566952869964, "bus_lcLookaheadLeft": 11.174196349471044, "bus_lcPushy": 0.0655985161350432, "bus_lcSigma": 0.8799355762219236, "bus_lcSpeedGainRight": 4.1068602077164424, "bus_lcSublane": 0.8199694222450838, "bus_sigma": 0.46781804781537173, "bus_tau_mean": 1.9962223309618568, "bus_tau_std": 4.010683054344961, "bus_v_mean": 18.479870758507527, "bus_v_std": 14.579413387522225, "car_acc": 3.180309608928579, "car_dcc": 2.688236912729588, "car_lcAssertive": 56.6841503029253, "car_lcCooperative": 0.412392608220297, "car_lcLookaheadLeft": 33.35167608029775, "car_lcPushy": 0.2862477928261852, "car_lcSigma": 0.29617671840307525, "car_lcSpeedGainRight": 3.413764330822216, "car_lcSublane": 0.7624411821595793, "car_sigma": 0.5976197869899762, "car_tau_mean": 1.2800236228874629, "car_tau_std": 1.943950205047229, "car_v_mean": 21.78235013787357, "car_v_std": 19.57387637950091}, "datetime": {"datetime": "2024-08-10 12:45:07", "elapsed": 557.130022, "delta": 2.943494}}
{"target": -0.3455411529723515, "params": {"bus_acc": 0.2604578540517376, "bus_dcc": 1.145812939533803, "bus_lcAssertive": 79.43897430530403, "bus_lcCooperative": 0.7191652977533548, "bus_lcLookaheadLeft": 26.10603585846461, "bus_lcPushy": 0.5548923810758453, "bus_lcSigma": 0.5855857940990207, "bus_lcSpeedGainRight": 3.606921383236148, "bus_lcSublane": 0.46367371121270107, "bus_sigma": 0.40484847152272274, "bus_tau_mean": 1.5780331478731136, "bus_tau_std": 2.383089084068227, "bus_v_mean": 9.665060446710871, "bus_v_std": 12.917667748352846, "car_acc": 2.7443677044528973, "car_dcc": 2.811905200884019, "car_lcAssertive": 1.3114263259728722, "car_lcCooperative": 0.43825303252098613, "car_lcLookaheadLeft": 14.010229761313589, "car_lcPushy": 0.5266093357063074, "car_lcSigma": 0.9797396209018743, "car_lcSpeedGainRight": 2.4963850548166904, "car_lcSublane": 0.37464997927352073, "car_sigma": 0.8138399923945955, "car_tau_mean": 3.888705033856448, "car_tau_std": 2.8712337752879535, "car_v_mean": 22.45400071543702, "car_v_std": 19.922828747265395}, "datetime": {"datetime": "2024-08-10 12:45:09", "elapsed": 559.344084, "delta": 2.214062}}
{"target": -0.46741782635795714, "params": {"bus_acc": 1.0775784916240716, "bus_dcc": 1.288233099842053, "bus_lcAssertive": 83.24438532353815, "bus_lcCooperative": 0.15342094116241234, "bus_lcLookaheadLeft": 56.109603140241184, "bus_lcPushy": 0.5681397176921924, "bus_lcSigma": 0.3434200931086723, "bus_lcSpeedGainRight": 1.7530859465347681, "bus_lcSublane": 0.9591120175192023, "bus_sigma": 0.5533439494595207, "bus_tau_mean": 2.7845592031533415, "bus_tau_std": 4.907401164444133, "bus_v_mean": 19.63969967009223, "bus_v_std": 12.10501571014124, "car_acc": 0.7516585130963633, "car_dcc": 1.471786024961454, "car_lcAssertive": 46.58296535243441, "car_lcCooperative": 0.12782166160638486, "car_lcLookaheadLeft": 37.58118571324082, "car_lcPushy": 0.22814163429292222, "car_lcSigma": 0.847502602270402, "car_lcSpeedGainRight": 1.7073704001064933, "car_lcSublane": 0.2267893206662649, "car_sigma": 0.4081814028522822, "car_tau_mean": 2.890724166677864, "car_tau_std": 0.6562199896142484, "car_v_mean": 11.253125844853816, "car_v_std": 13.886138778474573}, "datetime": {"datetime": "2024-08-10 12:45:11", "elapsed": 561.696316, "delta": 2.352232}}
{"target": -0.3087552573104573, "params": {"bus_acc": 1.093518111887559, "bus_dcc": 2.120162250955791, "bus_lcAssertive": 36.88933687805735, "bus_lcCooperative": 0.8086200438431687, "bus_lcLookaheadLeft": 43.09488255809043, "bus_lcPushy": 0.9411625571261576, "bus_lcSigma": 0.18245652434354098, "bus_lcSpeedGainRight": 2.4139373907884325, "bus_lcSublane": 0.8942473715874777, "bus_sigma": 0.06573604136793065, "bus_tau_mean": 1.4773108215130177, "bus_tau_std": 2.0277292541438428, "bus_v_mean": 25.726629667152057, "bus_v_std": 9.369075129362422, "car_acc": 3.5750503625244154, "car_dcc": 3.444916555245724, "car_lcAssertive": 11.292889740891985, "car_lcCooperative": 0.3499435627110252, "car_lcLookaheadLeft": 50.67616056237039, "car_lcPushy": 0.878895044167669, "car_lcSigma": 0.9818540680087512, "car_lcSpeedGainRight": 1.6847446465858447, "car_lcSublane": 0.7819485950343507, "car_sigma": 0.8587173362075939, "car_tau_mean": 1.4843725198390922, "car_tau_std": 1.9892743537769708, "car_v_mean": 19.639046224880016, "car_v_std": 11.282786660804776}, "datetime": {"datetime": "2024-08-10 12:45:15", "elapsed": 565.751813, "delta": 4.055497}}
{"target": -0.9202840176468738, "params": {"bus_acc": 0.5841719804714318, "bus_dcc": 1.1304237647025972, "bus_lcAssertive": 9.281838482143119, "bus_lcCooperative": 0.7447417757596947, "bus_lcLookaheadLeft": 17.63838032679015, "bus_lcPushy": 0.8816595339350156, "bus_lcSigma": 0.4914795265388975, "bus_lcSpeedGainRight": 2.6308463133425652, "bus_lcSublane": 0.042520288791004224, "bus_sigma": 0.614053635731627, "bus_tau_mean": 1.2966517618327353, "bus_tau_std": 2.1350408934701557, "bus_v_mean": 24.115734240635447, "bus_v_std": 17.760266979939836, "car_acc": 0.22000770044001414, "car_dcc": 3.362755046427188, "car_lcAssertive": 90.32758516193604, "car_lcCooperative": 0.5119476580924737, "car_lcLookaheadLeft": 66.30503416903593, "car_lcPushy": 0.7677856839334473, "car_lcSigma": 0.6854399747525683, "car_lcSpeedGainRight": 2.295582098213396, "car_lcSublane": 0.5734522319827082, "car_sigma": 0.5740594317304389, "car_tau_mean": 3.4474568200848914, "car_tau_std": 2.4044170761914385, "car_v_mean": 21.63007639278267, "car_v_std": 16.246742194366675}, "datetime": {"datetime": "2024-08-10 12:45:18", "elapsed": 568.825154, "delta": 3.073341}}
{"target": -0.5899633024826821, "params": {"bus_acc": 1.6184559358863473, "bus_dcc": 3.286310507846142, "bus_lcAssertive": 53.310084975565076, "bus_lcCooperative": 0.24713082560012845, "bus_lcLookaheadLeft": 79.70301718385436, "bus_lcPushy": 0.2617510439444676, "bus_lcSigma": 0.00039838005475179017, "bus_lcSpeedGainRight": 1.1565945947786627, "bus_lcSublane": 0.9933702889624809, "bus_sigma": 0.6562008343421062, "bus_tau_mean": 1.272338427305108, "bus_tau_std": 6.861397019787448, "bus_v_mean": 20.36486416799274, "bus_v_std": 12.814855398737159, "car_acc": 0.46808436354313054, "car_dcc": 1.123263644559329, "car_lcAssertive": 87.21288208986691, "car_lcCooperative": 0.7347408193015217, "car_lcLookaheadLeft": 18.445968586440173, "car_lcPushy": 0.29858946127654595, "car_lcSigma": 0.5627220287356469, "car_lcSpeedGainRight": 4.132228830114145, "car_lcSublane": 0.2005163063645068, "car_sigma": 0.10166529365348886, "car_tau_mean": 1.8365411135672711, "car_tau_std": 9.12353469252759, "car_v_mean": 12.689243346633637, "car_v_std": 2.166087054261605}, "datetime": {"datetime": "2024-08-10 12:45:21", "elapsed": 571.346641, "delta": 2.521487}}
{"target": -0.3210952760389349, "params": {"bus_acc": 3.5186279093395822, "bus_dcc": 1.1296094497329907, "bus_lcAssertive": 63.3311877151724, "bus_lcCooperative": 0.034431265307095615, "bus_lcLookaheadLeft": 52.587449185552764, "bus_lcPushy": 0.8632264817138495, "bus_lcSigma": 0.9841265438849168, "bus_lcSpeedGainRight": 0.04936487679459256, "bus_lcSublane": 0.2528414820768151, "bus_sigma": 0.22384967032752534, "bus_tau_mean": 0.6663815797971617, "bus_tau_std": 0.10172456261775653, "bus_v_mean": 16.823515620396172, "bus_v_std": 0.9096429134058814, "car_acc": 1.2576468972182275, "car_dcc": 2.631903362613867, "car_lcAssertive": 30.17451211452952, "car_lcCooperative": 0.26965470115905144, "car_lcLookaheadLeft": 59.873559179869574, "car_lcPushy": 0.38053407720964005, "car_lcSigma": 0.7025230339614009, "car_lcSpeedGainRight": 2.4806197562493053, "car_lcSublane": 0.6332092658064775, "car_sigma": 0.3533943470016294, "car_tau_mean": 1.5046538115442802, "car_tau_std": 1.3320711375110195, "car_v_mean": 24.86744692638136, "car_v_std": 16.09671692031589}, "datetime": {"datetime": "2024-08-10 12:45:24", "elapsed": 574.402003, "delta": 3.055362}}
{"target": -0.3361602792635276, "params": {"bus_acc": 1.166082947697939, "bus_dcc": 0.5195281458837321, "bus_lcAssertive": 86.55026538163867, "bus_lcCooperative": 0.44789891562027984, "bus_lcLookaheadLeft": 57.05505353977741, "bus_lcPushy": 0.7367109576935199, "bus_lcSigma": 0.7964888671311956, "bus_lcSpeedGainRight": 2.2375406949515693, "bus_lcSublane": 0.18412755617579835, "bus_sigma": 0.8287328515283018, "bus_tau_mean": 0.6084928593988954, "bus_tau_std": 9.467282696079524, "bus_v_mean": 18.38560123659503, "bus_v_std": 17.50777476901374, "car_acc": 2.5125486604995233, "car_dcc": 1.15630641977883, "car_lcAssertive": 30.316862426094534, "car_lcCooperative": 0.5329225590316532, "car_lcLookaheadLeft": 96.28366485901516, "car_lcPushy": 0.18449560449017766, "car_lcSigma": 0.509898378143109, "car_lcSpeedGainRight": 1.718940517184222, "car_lcSublane": 0.7697253449571857, "car_sigma": 0.802866486432424, "car_tau_mean": 1.9859596860577582, "car_tau_std": 2.0412249999433585, "car_v_mean": 9.207610285919396, "car_v_std": 3.97296528841123}, "datetime": {"datetime": "2024-08-10 12:45:26", "elapsed": 576.579883, "delta": 2.17788}}
{"target": -0.46807281717006344, "params": {"bus_acc": 3.5509672268568275, "bus_dcc": 3.519943603556366, "bus_lcAssertive": 98.76437196173971, "bus_lcCooperative": 0.7158319690725937, "bus_lcLookaheadLeft": 87.93460258124786, "bus_lcPushy": 0.3196501118620526, "bus_lcSigma": 0.11117695191980603, "bus_lcSpeedGainRight": 4.326820528911899, "bus_lcSublane": 0.30347259796152504, "bus_sigma": 0.4193322981668862, "bus_tau_mean": 2.7611058997505045, "bus_tau_std": 6.050991341555126, "bus_v_mean": 15.576615521267838, "bus_v_std": 7.723010237411872, "car_acc": 0.6661879590642239, "car_dcc": 2.2286751603529833, "car_lcAssertive": 24.052555627155602, "car_lcCooperative": 0.7548078511004613, "car_lcLookaheadLeft": 68.13731724812101, "car_lcPushy": 0.07192696480921446, "car_lcSigma": 0.9892646847358003, "car_lcSpeedGainRight": 3.902284677871706, "car_lcSublane": 0.22782588689059757, "car_sigma": 0.030742818349697054, "car_tau_mean": 2.174301408750945, "car_tau_std": 3.5274243750107406, "car_v_mean": 17.837206988556105, "car_v_std": 13.193279108498421}, "datetime": {"datetime": "2024-08-10 12:45:29", "elapsed": 579.853097, "delta": 3.273214}}
{"target": -0.4164661061568122, "params": {"bus_acc": 2.3784346318888017, "bus_dcc": 3.7824977866452074, "bus_lcAssertive": 52.268144769059866, "bus_lcCooperative": 0.1944658095278845, "bus_lcLookaheadLeft": 85.09806045946067, "bus_lcPushy": 0.25163914235585283, "bus_lcSigma": 0.700726036482538, "bus_lcSpeedGainRight": 2.7013047019844993, "bus_lcSublane": 0.9488362882802196, "bus_sigma": 0.6243367024026759, "bus_tau_mean": 3.432922867167053, "bus_tau_std": 0.07932876194523097, "bus_v_mean": 25.808121010999486, "bus_v_std": 1.5542914066477298, "car_acc": 1.4240921517361245, "car_dcc": 3.7953791027357084, "car_lcAssertive": 1.8849711347532616, "car_lcCooperative": 0.8227300054219355, "car_lcLookaheadLeft": 86.39874055994585, "car_lcPushy": 0.4398308142085725, "car_lcSigma": 0.2557451938059312, "car_lcSpeedGainRight": 4.013447598166493, "car_lcSublane": 0.47786200443222115, "car_sigma": 0.13433860865569613, "car_tau_mean": 3.7474714748875377, "car_tau_std": 8.959699670066485, "car_v_mean": 16.847812700304836, "car_v_std": 17.134049930355843}, "datetime": {"datetime": "2024-08-10 12:45:32", "elapsed": 582.384045, "delta": 2.530948}}
{"target": -0.35716384351525465, "params": {"bus_acc": 3.9615571226810387, "bus_dcc": 0.8742322400993952, "bus_lcAssertive": 82.32322728240342, "bus_lcCooperative": 0.2309885592816333, "bus_lcLookaheadLeft": 7.681629710531169, "bus_lcPushy": 0.13881651804567363, "bus_lcSigma": 0.9351531155423887, "bus_lcSpeedGainRight": 4.4427105167811405, "bus_lcSublane": 0.28926049548291, "bus_sigma": 0.9477640661016069, "bus_tau_mean": 3.4747568733099663, "bus_tau_std": 4.346547940716735, "bus_v_mean": 16.42489198759651, "bus_v_std": 12.597060431668455, "car_acc": 0.8005209728624882, "car_dcc": 0.25617192961995305, "car_lcAssertive": 27.285689729766197, "car_lcCooperative": 0.015443631942760883, "car_lcLookaheadLeft": 68.10088672790123, "car_lcPushy": 0.5514688358127765, "car_lcSigma": 0.32164814560277766, "car_lcSpeedGainRight": 3.9010116855987933, "car_lcSublane": 0.14578543121477705, "car_sigma": 0.2448806387618836, "car_tau_mean": 1.523098167137493, "car_tau_std": 1.9593194649899215, "car_v_mean": 9.58289630787086, "car_v_std": 17.39952360543215}, "datetime": {"datetime": "2024-08-10 12:45:35", "elapsed": 585.213118, "delta": 2.829073}}
{"target": -0.5400946608462255, "params": {"bus_acc": 1.873674127907728, "bus_dcc": 3.0658650967296057, "bus_lcAssertive": 92.07540412447102, "bus_lcCooperative": 0.4413517453158379, "bus_lcLookaheadLeft": 53.74061744716068, "bus_lcPushy": 0.06603558401663734, "bus_lcSigma": 0.3907730736706927, "bus_lcSpeedGainRight": 2.3361928316662297, "bus_lcSublane": 0.8951377108035733, "bus_sigma": 0.11055744025544123, "bus_tau_mean": 3.058981611196383, "bus_tau_std": 5.454711685487195, "bus_v_mean": 18.917637749297782, "bus_v_std": 0.5956588825912057, "car_acc": 0.7576400430909622, "car_dcc": 1.2791362567715034, "car_lcAssertive": 1.4823327474070012, "car_lcCooperative": 0.6691577977971368, "car_lcLookaheadLeft": 87.28527899441463, "car_lcPushy": 0.5469683092712408, "car_lcSigma": 0.5431640475192038, "car_lcSpeedGainRight": 3.0786296430651867, "car_lcSublane": 0.30218150041580416, "car_sigma": 0.3667319816609417, "car_tau_mean": 2.512289045472183, "car_tau_std": 8.092165837173445, "car_v_mean": 11.628739419347081, "car_v_std": 6.550481116965782}, "datetime": {"datetime": "2024-08-10 12:45:41", "elapsed": 591.777353, "delta": 6.564235}}
{"target": -0.6944922621065027, "params": {"bus_acc": 0.2801027567749428, "bus_dcc": 3.9431731037197837, "bus_lcAssertive": 61.545787204019646, "bus_lcCooperative": 0.3783538388352491, "bus_lcLookaheadLeft": 4.599778408824017, "bus_lcPushy": 0.3898387483749842, "bus_lcSigma": 0.4525586263864343, "bus_lcSpeedGainRight": 4.655015968822514, "bus_lcSublane": 0.27850417183805665, "bus_sigma": 0.6147818910832991, "bus_tau_mean": 2.828089241037677, "bus_tau_std": 1.8596096979633892, "bus_v_mean": 17.103740281755773, "bus_v_std": 15.730015257198698, "car_acc": 0.5670003308279714, "car_dcc": 2.5029341330420563, "car_lcAssertive": 3.5799333361509307, "car_lcCooperative": 0.00704672381007565, "car_lcLookaheadLeft": 7.833803499726993, "car_lcPushy": 0.4814004591490364, "car_lcSigma": 0.9257041086902309, "car_lcSpeedGainRight": 2.027786920695121, "car_lcSublane": 0.07503263933654081, "car_sigma": 0.8613524744830288, "car_tau_mean": 2.317541549146541, "car_tau_std": 3.1893586891742407, "car_v_mean": 25.334582098124162, "car_v_std": 18.765235370047566}, "datetime": {"datetime": "2024-08-10 12:45:45", "elapsed": 595.43225, "delta": 3.654897}}
{"target": -0.32460344246080036, "params": {"bus_acc": 3.9852611245223204, "bus_dcc": 0.7764805869539737, "bus_lcAssertive": 42.42624178680719, "bus_lcCooperative": 0.29525147014369124, "bus_lcLookaheadLeft": 58.567255621372176, "bus_lcPushy": 0.5595610234476152, "bus_lcSigma": 0.35211432425977274, "bus_lcSpeedGainRight": 4.868147319905301, "bus_lcSublane": 0.7512716390794671, "bus_sigma": 0.889841362934226, "bus_tau_mean": 2.093935683764543, "bus_tau_std": 5.99406088634455, "bus_v_mean": 15.442158963604008, "bus_v_std": 6.085103308800026, "car_acc": 2.1967881688541517, "car_dcc": 0.9256757739263719, "car_lcAssertive": 22.196070669609682, "car_lcCooperative": 0.5107874183129075, "car_lcLookaheadLeft": 3.357503300658844, "car_lcPushy": 0.4454871086749813, "car_lcSigma": 0.9967006713535814, "car_lcSpeedGainRight": 4.113414905749531, "car_lcSublane": 0.08346054648688994, "car_sigma": 0.6558903170161671, "car_tau_mean": 1.2888752551077198, "car_tau_std": 1.1795585226243899, "car_v_mean": 14.27619073026703, "car_v_std": 13.543336358649814}, "datetime": {"datetime": "2024-08-10 12:45:49", "elapsed": 599.686896, "delta": 4.254646}}
{"target": -0.44248159673226056, "params": {"bus_acc": 2.805722974457799, "bus_dcc": 3.817837648407226, "bus_lcAssertive": 39.72402429296779, "bus_lcCooperative": 0.3002984293714631, "bus_lcLookaheadLeft": 56.26767763580894, "bus_lcPushy": 0.8519762580648814, "bus_lcSigma": 0.7949674246929233, "bus_lcSpeedGainRight": 3.4237835248928827, "bus_lcSublane": 0.4321070912997065, "bus_sigma": 0.6904340198543137, "bus_tau_mean": 1.2560887293806247, "bus_tau_std": 2.8394343784624674, "bus_v_mean": 22.000770996206917, "bus_v_std": 18.59960272692713, "car_acc": 0.9221881137434214, "car_dcc": 1.3250404997892837, "car_lcAssertive": 1.6148164518610932, "car_lcCooperative": 0.43156224528040166, "car_lcLookaheadLeft": 22.608917031754896, "car_lcPushy": 0.6414247825536215, "car_lcSigma": 0.7095892156781084, "car_lcSpeedGainRight": 0.5938885719924253, "car_lcSublane": 0.08214400203193162, "car_sigma": 0.9063350695803358, "car_tau_mean": 1.8623356415933738, "car_tau_std": 5.3340349726601435, "car_v_mean": 25.338348168446068, "car_v_std": 15.181080244326706}, "datetime": {"datetime": "2024-08-10 12:45:53", "elapsed": 603.880883, "delta": 4.193987}}
{"target": -0.9875638380770643, "params": {"bus_acc": 3.49698339653766, "bus_dcc": 3.4295131494732627, "bus_lcAssertive": 81.03272430400804, "bus_lcCooperative": 0.13069282439738805, "bus_lcLookaheadLeft": 54.52825233253759, "bus_lcPushy": 0.900783114706916, "bus_lcSigma": 0.7708318305538303, "bus_lcSpeedGainRight": 2.103565995125959, "bus_lcSublane": 0.9778803933599658, "bus_sigma": 0.25077315667300226, "bus_tau_mean": 1.667635800967642, "bus_tau_std": 9.54200507429589, "bus_v_mean": 22.556876267335213, "bus_v_std": 18.006800090213236, "car_acc": 0.2440404397576017, "car_dcc": 1.64310484552918, "car_lcAssertive": 24.31667370437706, "car_lcCooperative": 0.2959350518874113, "car_lcLookaheadLeft": 74.3235586475764, "car_lcPushy": 0.7240848448640741, "car_lcSigma": 0.46179941019906146, "car_lcSpeedGainRight": 1.8263723060354686, "car_lcSublane": 0.5846916130045258, "car_sigma": 0.5337077546342763, "car_tau_mean": 2.427028456527517, "car_tau_std": 6.154770711146577, "car_v_mean": 15.12166890081588, "car_v_std": 15.434369648309168}, "datetime": {"datetime": "2024-08-10 12:45:56", "elapsed": 606.927295, "delta": 3.046412}}
{"target": -0.27134505394271907, "params": {"bus_acc": 2.079658022806254, "bus_dcc": 1.3971029380805566, "bus_lcAssertive": 54.99846984483864, "bus_lcCooperative": 0.6824780792979444, "bus_lcLookaheadLeft": 23.595956313062093, "bus_lcPushy": 0.48533745396838057, "bus_lcSigma": 0.9929813576374784, "bus_lcSpeedGainRight": 1.6208065159061746, "bus_lcSublane": 0.03536191949131395, "bus_sigma": 0.8173517292840132, "bus_tau_mean": 2.2615737425988183, "bus_tau_std": 0.527838561185705, "bus_v_mean": 24.02549049003634, "bus_v_std": 8.090287599607155, "car_acc": 3.731238092133508, "car_dcc": 1.7278970604421338, "car_lcAssertive": 8.606396192693403, "car_lcCooperative": 0.2453011441199927, "car_lcLookaheadLeft": 36.32552955930588, "car_lcPushy": 0.7507282923552251, "car_lcSigma": 0.18474815234928366, "car_lcSpeedGainRight": 2.1548682686293716, "car_lcSublane": 0.8732454198159687, "car_sigma": 0.5337610913727832, "car_tau_mean": 0.8610415191216982, "car_tau_std": 0.24522487054632225, "car_v_mean": 20.704576420898874, "car_v_std": 19.582549819164342}, "datetime": {"datetime": "2024-08-10 12:46:00", "elapsed": 610.576239, "delta": 3.648944}}
{"target": -0.38935167149751687, "params": {"bus_acc": 2.833758509105243, "bus_dcc": 2.740492751286984, "bus_lcAssertive": 86.93319776116047, "bus_lcCooperative": 0.19637204002350095, "bus_lcLookaheadLeft": 71.85367769432912, "bus_lcPushy": 0.10390110825528731, "bus_lcSigma": 0.05662635679400785, "bus_lcSpeedGainRight": 3.403980171289345, "bus_lcSublane": 0.02263471413364293, "bus_sigma": 0.04429908880212374, "bus_tau_mean": 0.629335579706676, "bus_tau_std": 4.654105087333362, "bus_v_mean": 21.641649996404077, "bus_v_std": 19.84398447379875, "car_acc": 1.0611092469054368, "car_dcc": 3.211044856028004, "car_lcAssertive": 79.72934055378927, "car_lcCooperative": 0.8722427093421683, "car_lcLookaheadLeft": 32.79708704894803, "car_lcPushy": 0.13292505513721076, "car_lcSigma": 0.7967015799841431, "car_lcSpeedGainRight": 2.837316688339531, "car_lcSublane": 0.414653926800871, "car_sigma": 0.0586416771859708, "car_tau_mean": 0.5229490638507701, "car_tau_std": 3.1602346330458397, "car_v_mean": 12.886258135991865, "car_v_std": 9.514472546207388}, "datetime": {"datetime": "2024-08-10 12:46:08", "elapsed": 618.146432, "delta": 7.570193}}
