{"target": -0.30400463690859514, "params": {"bus_acc": 3.5322, "bus_dcc": 0.841, "bus_lcAssertive": 51.4443, "bus_lcCooperative": 0.5561, "bus_lcLookaheadLeft": 75.4036, "bus_lcPushy": 0.5656, "bus_lcSigma": 0.2086, "bus_lcSpeedGainRight": 4.5776, "bus_lcSublane": 0.8298, "bus_sigma": 0.1349, "bus_tau_mean": 1.7994, "bus_tau_std": 4.382, "bus_v_mean": 25.2244, "bus_v_std": 17.2486, "car_acc": 2.0628, "car_dcc": 3.3409, "car_lcAssertive": 7.2446, "car_lcCooperative": 0.7361, "car_lcLookaheadLeft": 44.0588, "car_lcPushy": 0.8732, "car_lcSigma": 0.553, "car_lcSpeedGainRight": 2.1205, "car_lcSublane": 0.6774, "car_sigma": 0.8418, "car_tau_mean": 1.4347, "car_tau_std": 8.3918, "car_v_mean": 20.6978, "car_v_std": 19.4289}, "datetime": {"datetime": "2024-08-10 13:20:03", "elapsed": 2653.311827, "delta": 5.766916}}
{"target": -0.2544334588810408, "params": {"bus_acc": 3.3843, "bus_dcc": 0.8549, "bus_lcAssertive": 3.7216, "bus_lcCooperative": 0.057, "bus_lcLookaheadLeft": 42.3816, "bus_lcPushy": 0.7588, "bus_lcSigma": 0.5506, "bus_lcSpeedGainRight": 0.2696, "bus_lcSublane": 0.1877, "bus_sigma": 0.915, "bus_tau_mean": 1.915, "bus_tau_std": 1.4014, "bus_v_mean": 22.8586, "bus_v_std": 9.5131, "car_acc": 2.6602, "car_dcc": 2.1883, "car_lcAssertive": 88.1731, "car_lcCooperative": 0.5113, "car_lcLookaheadLeft": 41.0814, "car_lcPushy": 0.7829, "car_lcSigma": 0.2661, "car_lcSpeedGainRight": 0.0073, "car_lcSublane": 0.8245, "car_sigma": 0.475, "car_tau_mean": 2.2624, "car_tau_std": 9.1376, "car_v_mean": 13.517, "car_v_std": 14.2422}, "datetime": {"datetime": "2024-08-10 13:20:11", "elapsed": 2661.756493, "delta": 8.444666}}
{"target": -0.46802561696240924, "params": {"bus_acc": 0.4318, "bus_dcc": 2.5209, "bus_lcAssertive": 51.8984, "bus_lcCooperative": 0.2676, "bus_lcLookaheadLeft": 53.3311, "bus_lcPushy": 0.6904, "bus_lcSigma": 0.5583, "bus_lcSpeedGainRight": 1.5301, "bus_lcSublane": 0.9719, "bus_sigma": 0.913, "bus_tau_mean": 3.4973, "bus_tau_std": 1.7809, "bus_v_mean": 18.6673, "bus_v_std": 14.4482, "car_acc": 0.9263, "car_dcc": 3.3851, "car_lcAssertive": 73.7786, "car_lcCooperative": 0.8888, "car_lcLookaheadLeft": 78.3783, "car_lcPushy": 0.7283, "car_lcSigma": 0.402, "car_lcSpeedGainRight": 2.4209, "car_lcSublane": 0.3508, "car_sigma": 0.8782, "car_tau_mean": 2.2416, "car_tau_std": 2.2675, "car_v_mean": 23.8374, "car_v_std": 4.5294}, "datetime": {"datetime": "2024-08-10 13:20:17", "elapsed": 2667.46871, "delta": 5.712217}}
{"target": -0.2781559991401941, "params": {"bus_acc": 0.9289, "bus_dcc": 3.9008, "bus_lcAssertive": 72.3083, "bus_lcCooperative": 0.1902, "bus_lcLookaheadLeft": 62.1438, "bus_lcPushy": 0.8972, "bus_lcSigma": 0.7512, "bus_lcSpeedGainRight": 1.2886, "bus_lcSublane": 0.2723, "bus_sigma": 0.7734, "bus_tau_mean": 3.1301, "bus_tau_std": 1.2537, "bus_v_mean": 21.1898, "bus_v_std": 6.3533, "car_acc": 1.5301, "car_dcc": 0.4222, "car_lcAssertive": 77.2421, "car_lcCooperative": 0.2953, "car_lcLookaheadLeft": 36.6181, "car_lcPushy": 0.518, "car_lcSigma": 0.3678, "car_lcSpeedGainRight": 3.2027, "car_lcSublane": 0.4696, "car_sigma": 0.2405, "car_tau_mean": 3.1231, "car_tau_std": 5.0912, "car_v_mean": 22.6663, "car_v_std": 14.8046}, "datetime": {"datetime": "2024-08-10 13:20:21", "elapsed": 2671.612217, "delta": 4.143507}}
{"target": -0.30424754794032977, "params": {"bus_acc": 3.0303, "bus_dcc": 1.8937, "bus_lcAssertive": 5.8336, "bus_lcCooperative": 0.8063, "bus_lcLookaheadLeft": 29.6003, "bus_lcPushy": 0.6806, "bus_lcSigma": 0.0644, "bus_lcSpeedGainRight": 2.4468, "bus_lcSublane": 0.7781, "bus_sigma": 0.8941, "bus_tau_mean": 1.4096, "bus_tau_std": 7.6433, "bus_v_mean": 20.0946, "bus_v_std": 9.091, "car_acc": 2.5867, "car_dcc": 1.9972, "car_lcAssertive": 92.7725, "car_lcCooperative": 0.4763, "car_lcLookaheadLeft": 75.8445, "car_lcPushy": 0.1948, "car_lcSigma": 0.8148, "car_lcSpeedGainRight": 2.2898, "car_lcSublane": 0.786, "car_sigma": 0.2434, "car_tau_mean": 3.368, "car_tau_std": 0.9218, "car_v_mean": 24.2609, "car_v_std": 14.3844}, "datetime": {"datetime": "2024-08-10 13:20:27", "elapsed": 2677.749038, "delta": 6.136821}}
{"target": -0.2874889503152004, "params": {"bus_acc": 1.9156, "bus_dcc": 2.0262, "bus_lcAssertive": 98.3594, "bus_lcCooperative": 0.1937, "bus_lcLookaheadLeft": 90.9822, "bus_lcPushy": 0.6356, "bus_lcSigma": 0.3063, "bus_lcSpeedGainRight": 3.9118, "bus_lcSublane": 0.475, "bus_sigma": 0.5976, "bus_tau_mean": 0.9878, "bus_tau_std": 2.7623, "bus_v_mean": 14.726, "bus_v_std": 15.0553, "car_acc": 2.9364, "car_dcc": 2.5512, "car_lcAssertive": 33.4064, "car_lcCooperative": 0.8507, "car_lcLookaheadLeft": 18.6131, "car_lcPushy": 0.8008, "car_lcSigma": 0.517, "car_lcSpeedGainRight": 2.5906, "car_lcSublane": 0.5038, "car_sigma": 0.9652, "car_tau_mean": 2.393, "car_tau_std": 1.7209, "car_v_mean": 16.2602, "car_v_std": 9.0203}, "datetime": {"datetime": "2024-08-10 13:20:31", "elapsed": 2681.82535, "delta": 4.076312}}
{"target": -0.5270428696182393, "params": {"bus_acc": 0.3537, "bus_dcc": 0.453, "bus_lcAssertive": 91.591, "bus_lcCooperative": 0.5159, "bus_lcLookaheadLeft": 74.4541, "bus_lcPushy": 0.8533, "bus_lcSigma": 0.8782, "bus_lcSpeedGainRight": 1.7355, "bus_lcSublane": 0.9927, "bus_sigma": 0.4133, "bus_tau_mean": 1.9778, "bus_tau_std": 5.8855, "bus_v_mean": 11.185, "bus_v_std": 15.9648, "car_acc": 1.4488, "car_dcc": 3.3127, "car_lcAssertive": 51.8503, "car_lcCooperative": 0.4027, "car_lcLookaheadLeft": 45.3954, "car_lcPushy": 0.5536, "car_lcSigma": 0.8852, "car_lcSpeedGainRight": 3.5242, "car_lcSublane": 0.4017, "car_sigma": 0.1131, "car_tau_mean": 2.9435, "car_tau_std": 7.4482, "car_v_mean": 10.2531, "car_v_std": 9.0583}, "datetime": {"datetime": "2024-08-10 13:20:37", "elapsed": 2687.593735, "delta": 5.768385}}
{"target": -0.2755917302819661, "params": {"bus_acc": 3.3305, "bus_dcc": 2.5923, "bus_lcAssertive": 6.5573, "bus_lcCooperative": 0.7163, "bus_lcLookaheadLeft": 77.4572, "bus_lcPushy": 0.7416, "bus_lcSigma": 0.7849, "bus_lcSpeedGainRight": 0.4769, "bus_lcSublane": 0.9707, "bus_sigma": 0.6987, "bus_tau_mean": 2.4826, "bus_tau_std": 8.6219, "bus_v_mean": 13.2836, "bus_v_std": 2.1865, "car_acc": 2.2125, "car_dcc": 0.6057, "car_lcAssertive": 50.6543, "car_lcCooperative": 0.2614, "car_lcLookaheadLeft": 37.6872, "car_lcPushy": 0.7355, "car_lcSigma": 0.2692, "car_lcSpeedGainRight": 1.7607, "car_lcSublane": 0.4523, "car_sigma": 0.2952, "car_tau_mean": 1.7052, "car_tau_std": 5.2083, "car_v_mean": 22.0777, "car_v_std": 15.1438}, "datetime": {"datetime": "2024-08-10 13:20:41", "elapsed": 2691.263963, "delta": 3.670228}}
{"target": -0.35571945208034345, "params": {"bus_acc": 2.7188, "bus_dcc": 0.2102, "bus_lcAssertive": 31.9485, "bus_lcCooperative": 0.177, "bus_lcLookaheadLeft": 30.6304, "bus_lcPushy": 0.3786, "bus_lcSigma": 0.6878, "bus_lcSpeedGainRight": 4.1533, "bus_lcSublane": 0.0759, "bus_sigma": 0.2326, "bus_tau_mean": 0.5703, "bus_tau_std": 7.8481, "bus_v_mean": 24.6482, "bus_v_std": 6.3845, "car_acc": 1.9691, "car_dcc": 3.8899, "car_lcAssertive": 51.5098, "car_lcCooperative": 0.3666, "car_lcLookaheadLeft": 20.355, "car_lcPushy": 0.655, "car_lcSigma": 0.8797, "car_lcSpeedGainRight": 4.6069, "car_lcSublane": 0.1177, "car_sigma": 0.5008, "car_tau_mean": 2.4407, "car_tau_std": 8.9368, "car_v_mean": 22.1654, "car_v_std": 13.9421}, "datetime": {"datetime": "2024-08-10 13:20:51", "elapsed": 2701.55285, "delta": 10.288887}}
{"target": -0.3105609330425421, "params": {"bus_acc": 2.5059, "bus_dcc": 2.8154, "bus_lcAssertive": 26.7871, "bus_lcCooperative": 0.0442, "bus_lcLookaheadLeft": 81.1832, "bus_lcPushy": 0.7526, "bus_lcSigma": 0.8794, "bus_lcSpeedGainRight": 1.1958, "bus_lcSublane": 0.6996, "bus_sigma": 0.0884, "bus_tau_mean": 0.5466, "bus_tau_std": 9.4256, "bus_v_mean": 23.7365, "bus_v_std": 19.705, "car_acc": 2.4521, "car_dcc": 0.6093, "car_lcAssertive": 49.965, "car_lcCooperative": 0.0199, "car_lcLookaheadLeft": 57.5849, "car_lcPushy": 0.6925, "car_lcSigma": 0.313, "car_lcSpeedGainRight": 4.2748, "car_lcSublane": 0.7779, "car_sigma": 0.9189, "car_tau_mean": 1.6732, "car_tau_std": 8.4588, "car_v_mean": 14.0709, "car_v_std": 19.3029}, "datetime": {"datetime": "2024-08-10 13:20:55", "elapsed": 2705.343479, "delta": 3.790629}}
{"target": -0.27984089721600985, "params": {"bus_acc": 3.4722, "bus_dcc": 0.8586, "bus_lcAssertive": 19.3316, "bus_lcCooperative": 0.464, "bus_lcLookaheadLeft": 8.9981, "bus_lcPushy": 0.3078, "bus_lcSigma": 0.3388, "bus_lcSpeedGainRight": 2.323, "bus_lcSublane": 0.1305, "bus_sigma": 0.1484, "bus_tau_mean": 3.8557, "bus_tau_std": 9.9762, "bus_v_mean": 12.1948, "bus_v_std": 19.8801, "car_acc": 2.3459, "car_dcc": 0.9853, "car_lcAssertive": 7.1345, "car_lcCooperative": 0.4563, "car_lcLookaheadLeft": 30.8494, "car_lcPushy": 0.7116, "car_lcSigma": 0.1898, "car_lcSpeedGainRight": 3.1008, "car_lcSublane": 0.4894, "car_sigma": 0.4182, "car_tau_mean": 1.5732, "car_tau_std": 3.2188, "car_v_mean": 25.9342, "car_v_std": 16.3776}, "datetime": {"datetime": "2024-08-10 13:21:00", "elapsed": 2710.324329, "delta": 4.98085}}
{"target": -0.5548370620917936, "params": {"bus_acc": 0.4083, "bus_dcc": 2.889, "bus_lcAssertive": 35.3862, "bus_lcCooperative": 0.998, "bus_lcLookaheadLeft": 57.7114, "bus_lcPushy": 0.6581, "bus_lcSigma": 0.0661, "bus_lcSpeedGainRight": 3.9558, "bus_lcSublane": 0.944, "bus_sigma": 0.1059, "bus_tau_mean": 0.5876, "bus_tau_std": 2.1925, "bus_v_mean": 17.9752, "bus_v_std": 15.8065, "car_acc": 1.0613, "car_dcc": 1.5415, "car_lcAssertive": 88.9419, "car_lcCooperative": 0.0093, "car_lcLookaheadLeft": 77.6132, "car_lcPushy": 0.5586, "car_lcSigma": 0.8962, "car_lcSpeedGainRight": 4.2879, "car_lcSublane": 0.0629, "car_sigma": 0.8298, "car_tau_mean": 1.7781, "car_tau_std": 3.8559, "car_v_mean": 10.4284, "car_v_std": 4.3857}, "datetime": {"datetime": "2024-08-10 13:21:05", "elapsed": 2715.493301, "delta": 5.168972}}
{"target": -0.3512414692246894, "params": {"bus_acc": 1.5562, "bus_dcc": 2.0499, "bus_lcAssertive": 22.3123, "bus_lcCooperative": 0.5281, "bus_lcLookaheadLeft": 15.5791, "bus_lcPushy": 0.5111, "bus_lcSigma": 0.6992, "bus_lcSpeedGainRight": 2.5967, "bus_lcSublane": 0.1208, "bus_sigma": 0.244, "bus_tau_mean": 3.8451, "bus_tau_std": 8.8821, "bus_v_mean": 14.0448, "bus_v_std": 12.4864, "car_acc": 3.3211, "car_dcc": 2.1531, "car_lcAssertive": 65.1886, "car_lcCooperative": 0.3389, "car_lcLookaheadLeft": 23.7077, "car_lcPushy": 0.1593, "car_lcSigma": 0.2504, "car_lcSpeedGainRight": 3.0177, "car_lcSublane": 0.0661, "car_sigma": 0.6235, "car_tau_mean": 3.3368, "car_tau_std": 8.4685, "car_v_mean": 12.9186, "car_v_std": 10.2825}, "datetime": {"datetime": "2024-08-10 13:21:09", "elapsed": 2719.546335, "delta": 4.053034}}
{"target": -0.28696182931335695, "params": {"bus_acc": 1.8092, "bus_dcc": 1.8631, "bus_lcAssertive": 1.2912, "bus_lcCooperative": 0.4762, "bus_lcLookaheadLeft": 86.33, "bus_lcPushy": 0.4501, "bus_lcSigma": 0.9751, "bus_lcSpeedGainRight": 4.1237, "bus_lcSublane": 0.6658, "bus_sigma": 0.336, "bus_tau_mean": 2.4376, "bus_tau_std": 1.5278, "bus_v_mean": 9.6648, "bus_v_std": 16.5841, "car_acc": 2.9534, "car_dcc": 2.3685, "car_lcAssertive": 16.76, "car_lcCooperative": 0.4187, "car_lcLookaheadLeft": 37.9716, "car_lcPushy": 0.6652, "car_lcSigma": 0.0951, "car_lcSpeedGainRight": 1.7863, "car_lcSublane": 0.0617, "car_sigma": 0.3964, "car_tau_mean": 2.2978, "car_tau_std": 8.4736, "car_v_mean": 10.8035, "car_v_std": 1.5838}, "datetime": {"datetime": "2024-08-10 13:21:14", "elapsed": 2724.580275, "delta": 5.03394}}
{"target": -0.5352602963880532, "params": {"bus_acc": 3.6829, "bus_dcc": 3.8512, "bus_lcAssertive": 22.0628, "bus_lcCooperative": 0.6392, "bus_lcLookaheadLeft": 37.238, "bus_lcPushy": 0.5986, "bus_lcSigma": 0.3704, "bus_lcSpeedGainRight": 4.2713, "bus_lcSublane": 0.7972, "bus_sigma": 0.9225, "bus_tau_mean": 2.7561, "bus_tau_std": 7.4267, "bus_v_mean": 18.2246, "bus_v_std": 7.7725, "car_acc": 0.5889, "car_dcc": 1.6916, "car_lcAssertive": 36.7872, "car_lcCooperative": 0.595, "car_lcLookaheadLeft": 96.6142, "car_lcPushy": 0.1991, "car_lcSigma": 0.6748, "car_lcSpeedGainRight": 4.9513, "car_lcSublane": 0.6542, "car_sigma": 0.7291, "car_tau_mean": 0.6991, "car_tau_std": 2.8291, "car_v_mean": 8.2789, "car_v_std": 3.5849}, "datetime": {"datetime": "2024-08-10 13:21:19", "elapsed": 2729.888418, "delta": 5.308143}}
{"target": -0.3292861890387165, "params": {"bus_acc": 1.5528, "bus_dcc": 3.44, "bus_lcAssertive": 62.9893, "bus_lcCooperative": 0.3938, "bus_lcLookaheadLeft": 25.4734, "bus_lcPushy": 0.2478, "bus_lcSigma": 0.4715, "bus_lcSpeedGainRight": 1.0663, "bus_lcSublane": 0.4829, "bus_sigma": 0.2444, "bus_tau_mean": 0.9732, "bus_tau_std": 6.89, "bus_v_mean": 21.7571, "bus_v_std": 17.0058, "car_acc": 1.4584, "car_dcc": 1.1995, "car_lcAssertive": 92.3764, "car_lcCooperative": 0.7763, "car_lcLookaheadLeft": 47.5022, "car_lcPushy": 0.8281, "car_lcSigma": 0.2352, "car_lcSpeedGainRight": 2.7502, "car_lcSublane": 0.8516, "car_sigma": 0.859, "car_tau_mean": 3.3326, "car_tau_std": 0.1433, "car_v_mean": 19.1914, "car_v_std": 17.3111}, "datetime": {"datetime": "2024-08-10 13:21:27", "elapsed": 2737.77398, "delta": 7.885562}}
{"target": -0.3817560835187903, "params": {"bus_acc": 2.1847, "bus_dcc": 3.9606, "bus_lcAssertive": 47.1376, "bus_lcCooperative": 0.3297, "bus_lcLookaheadLeft": 18.3286, "bus_lcPushy": 0.4481, "bus_lcSigma": 0.9834, "bus_lcSpeedGainRight": 3.4902, "bus_lcSublane": 0.3726, "bus_sigma": 0.7286, "bus_tau_mean": 3.7899, "bus_tau_std": 9.9192, "bus_v_mean": 22.6667, "bus_v_std": 5.8144, "car_acc": 1.4358, "car_dcc": 2.6789, "car_lcAssertive": 25.2851, "car_lcCooperative": 0.1606, "car_lcLookaheadLeft": 66.4478, "car_lcPushy": 0.7121, "car_lcSigma": 0.7689, "car_lcSpeedGainRight": 1.0288, "car_lcSublane": 0.2765, "car_sigma": 0.6844, "car_tau_mean": 1.3957, "car_tau_std": 7.4953, "car_v_mean": 14.7339, "car_v_std": 5.0167}, "datetime": {"datetime": "2024-08-10 13:21:37", "elapsed": 2748.080775, "delta": 10.306795}}
{"target": -0.2957476143233347, "params": {"bus_acc": 2.6096, "bus_dcc": 1.2817, "bus_lcAssertive": 91.7816, "bus_lcCooperative": 0.8252, "bus_lcLookaheadLeft": 18.2373, "bus_lcPushy": 0.7194, "bus_lcSigma": 0.818, "bus_lcSpeedGainRight": 2.3585, "bus_lcSublane": 0.9959, "bus_sigma": 0.8891, "bus_tau_mean": 0.9089, "bus_tau_std": 1.2881, "bus_v_mean": 16.0287, "bus_v_std": 12.8261, "car_acc": 3.2286, "car_dcc": 1.4798, "car_lcAssertive": 39.3734, "car_lcCooperative": 0.8138, "car_lcLookaheadLeft": 33.8747, "car_lcPushy": 0.8704, "car_lcSigma": 0.8551, "car_lcSpeedGainRight": 4.4466, "car_lcSublane": 0.8553, "car_sigma": 0.9536, "car_tau_mean": 0.5685, "car_tau_std": 2.4255, "car_v_mean": 17.3832, "car_v_std": 6.1983}, "datetime": {"datetime": "2024-08-10 13:21:42", "elapsed": 2752.79422, "delta": 4.713445}}
{"target": -0.4087538550091013, "params": {"bus_acc": 1.6642, "bus_dcc": 1.6792, "bus_lcAssertive": 15.6525, "bus_lcCooperative": 0.0292, "bus_lcLookaheadLeft": 53.9477, "bus_lcPushy": 0.1665, "bus_lcSigma": 0.6683, "bus_lcSpeedGainRight": 3.9794, "bus_lcSublane": 0.8708, "bus_sigma": 0.115, "bus_tau_mean": 0.9576, "bus_tau_std": 4.7987, "bus_v_mean": 22.002, "bus_v_std": 11.1033, "car_acc": 0.8411, "car_dcc": 3.4603, "car_lcAssertive": 4.2369, "car_lcCooperative": 0.5261, "car_lcLookaheadLeft": 84.9193, "car_lcPushy": 0.0857, "car_lcSigma": 0.0465, "car_lcSpeedGainRight": 4.666, "car_lcSublane": 0.9523, "car_sigma": 0.7324, "car_tau_mean": 3.3648, "car_tau_std": 1.9632, "car_v_mean": 9.6089, "car_v_std": 10.0041}, "datetime": {"datetime": "2024-08-10 13:21:47", "elapsed": 2757.531878, "delta": 4.737658}}
{"target": -0.3471583988516737, "params": {"bus_acc": 1.8027, "bus_dcc": 2.9657, "bus_lcAssertive": 9.9035, "bus_lcCooperative": 0.9735, "bus_lcLookaheadLeft": 53.0924, "bus_lcPushy": 0.4256, "bus_lcSigma": 0.5301, "bus_lcSpeedGainRight": 3.8027, "bus_lcSublane": 0.9432, "bus_sigma": 0.8611, "bus_tau_mean": 3.2162, "bus_tau_std": 9.2983, "bus_v_mean": 8.1118, "bus_v_std": 9.555, "car_acc": 2.1874, "car_dcc": 3.2145, "car_lcAssertive": 86.1477, "car_lcCooperative": 0.0275, "car_lcLookaheadLeft": 14.51, "car_lcPushy": 0.1741, "car_lcSigma": 0.4168, "car_lcSpeedGainRight": 1.2999, "car_lcSublane": 0.8252, "car_sigma": 0.2288, "car_tau_mean": 2.7369, "car_tau_std": 2.406, "car_v_mean": 25.0611, "car_v_std": 17.8248}, "datetime": {"datetime": "2024-08-10 13:21:55", "elapsed": 2765.309476, "delta": 7.777598}}
{"target": -0.37036412743882235, "params": {"bus_acc": 0.2672, "bus_dcc": 3.2692, "bus_lcAssertive": 34.9888, "bus_lcCooperative": 0.8668, "bus_lcLookaheadLeft": 60.342, "bus_lcPushy": 0.5635, "bus_lcSigma": 0.99, "bus_lcSpeedGainRight": 1.2912, "bus_lcSublane": 0.164, "bus_sigma": 0.3541, "bus_tau_mean": 3.3799, "bus_tau_std": 2.3937, "bus_v_mean": 18.6963, "bus_v_std": 15.5346, "car_acc": 2.5869, "car_dcc": 2.0775, "car_lcAssertive": 70.891, "car_lcCooperative": 0.8937, "car_lcLookaheadLeft": 2.9727, "car_lcPushy": 0.3741, "car_lcSigma": 0.2762, "car_lcSpeedGainRight": 4.7149, "car_lcSublane": 0.3414, "car_sigma": 0.1464, "car_tau_mean": 2.2958, "car_tau_std": 8.0955, "car_v_mean": 23.2375, "car_v_std": 7.415}, "datetime": {"datetime": "2024-08-10 13:22:05", "elapsed": 2775.338486, "delta": 10.02901}}
{"target": -0.4191928075335691, "params": {"bus_acc": 1.1681, "bus_dcc": 0.9609, "bus_lcAssertive": 53.3002, "bus_lcCooperative": 0.2846, "bus_lcLookaheadLeft": 19.9787, "bus_lcPushy": 0.9928, "bus_lcSigma": 0.6424, "bus_lcSpeedGainRight": 2.7422, "bus_lcSublane": 0.8614, "bus_sigma": 0.2992, "bus_tau_mean": 1.4146, "bus_tau_std": 4.4599, "bus_v_mean": 8.3226, "bus_v_std": 15.7769, "car_acc": 0.7752, "car_dcc": 0.6996, "car_lcAssertive": 76.1101, "car_lcCooperative": 0.7, "car_lcLookaheadLeft": 46.7576, "car_lcPushy": 0.4272, "car_lcSigma": 0.2923, "car_lcSpeedGainRight": 0.431, "car_lcSublane": 0.092, "car_sigma": 0.0955, "car_tau_mean": 2.0156, "car_tau_std": 6.6059, "car_v_mean": 23.8401, "car_v_std": 10.3688}, "datetime": {"datetime": "2024-08-10 13:22:12", "elapsed": 2782.937913, "delta": 7.599427}}
{"target": -0.31830650754709705, "params": {"bus_acc": 2.8332, "bus_dcc": 2.7364, "bus_lcAssertive": 19.1635, "bus_lcCooperative": 0.6, "bus_lcLookaheadLeft": 43.5164, "bus_lcPushy": 0.8549, "bus_lcSigma": 0.7951, "bus_lcSpeedGainRight": 2.4801, "bus_lcSublane": 0.7574, "bus_sigma": 0.5892, "bus_tau_mean": 0.8595, "bus_tau_std": 5.1672, "bus_v_mean": 8.5143, "bus_v_std": 7.2068, "car_acc": 3.3263, "car_dcc": 1.7414, "car_lcAssertive": 71.6231, "car_lcCooperative": 0.9068, "car_lcLookaheadLeft": 66.9733, "car_lcPushy": 0.6166, "car_lcSigma": 0.1089, "car_lcSpeedGainRight": 3.1553, "car_lcSublane": 0.3464, "car_sigma": 0.9429, "car_tau_mean": 2.9739, "car_tau_std": 5.4881, "car_v_mean": 16.2848, "car_v_std": 3.2217}, "datetime": {"datetime": "2024-08-10 13:22:19", "elapsed": 2789.581591, "delta": 6.643678}}
{"target": -0.5467386440194427, "params": {"bus_acc": 3.866, "bus_dcc": 3.1059, "bus_lcAssertive": 66.1542, "bus_lcCooperative": 0.7303, "bus_lcLookaheadLeft": 88.8463, "bus_lcPushy": 0.2456, "bus_lcSigma": 0.2323, "bus_lcSpeedGainRight": 4.5037, "bus_lcSublane": 0.6385, "bus_sigma": 0.8806, "bus_tau_mean": 0.6893, "bus_tau_std": 2.8704, "bus_v_mean": 9.1673, "bus_v_std": 0.8129, "car_acc": 0.6605, "car_dcc": 1.8446, "car_lcAssertive": 21.7779, "car_lcCooperative": 0.2508, "car_lcLookaheadLeft": 41.461, "car_lcPushy": 0.4396, "car_lcSigma": 0.1373, "car_lcSpeedGainRight": 3.8473, "car_lcSublane": 0.3944, "car_sigma": 0.7728, "car_tau_mean": 1.8453, "car_tau_std": 8.5182, "car_v_mean": 11.4187, "car_v_std": 10.5995}, "datetime": {"datetime": "2024-08-10 13:22:24", "elapsed": 2794.160375, "delta": 4.578784}}
{"target": -0.2723383308833195, "params": {"bus_acc": 0.3983, "bus_dcc": 1.1169, "bus_lcAssertive": 83.2731, "bus_lcCooperative": 0.5861, "bus_lcLookaheadLeft": 80.5809, "bus_lcPushy": 0.6242, "bus_lcSigma": 0.06, "bus_lcSpeedGainRight": 2.0105, "bus_lcSublane": 0.7271, "bus_sigma": 0.9224, "bus_tau_mean": 1.4068, "bus_tau_std": 9.0692, "bus_v_mean": 15.0245, "bus_v_std": 3.9001, "car_acc": 3.1527, "car_dcc": 0.8642, "car_lcAssertive": 97.7496, "car_lcCooperative": 0.2169, "car_lcLookaheadLeft": 39.1813, "car_lcPushy": 0.9075, "car_lcSigma": 0.3213, "car_lcSpeedGainRight": 3.4143, "car_lcSublane": 0.9639, "car_sigma": 0.6604, "car_tau_mean": 1.0585, "car_tau_std": 7.9316, "car_v_mean": 24.72, "car_v_std": 12.4388}, "datetime": {"datetime": "2024-08-10 13:22:31", "elapsed": 2802.037733, "delta": 7.877358}}
{"target": -0.32559757810360146, "params": {"bus_acc": 2.521, "bus_dcc": 3.2115, "bus_lcAssertive": 35.5978, "bus_lcCooperative": 0.8984, "bus_lcLookaheadLeft": 83.4602, "bus_lcPushy": 0.4602, "bus_lcSigma": 0.1182, "bus_lcSpeedGainRight": 0.3467, "bus_lcSublane": 0.5791, "bus_sigma": 0.9681, "bus_tau_mean": 2.311, "bus_tau_std": 8.7548, "bus_v_mean": 19.7403, "bus_v_std": 4.2415, "car_acc": 1.8098, "car_dcc": 1.4992, "car_lcAssertive": 41.2111, "car_lcCooperative": 0.7244, "car_lcLookaheadLeft": 75.6496, "car_lcPushy": 0.4923, "car_lcSigma": 0.2225, "car_lcSpeedGainRight": 3.4209, "car_lcSublane": 0.7524, "car_sigma": 0.9623, "car_tau_mean": 1.2562, "car_tau_std": 7.9562, "car_v_mean": 15.8351, "car_v_std": 18.1131}, "datetime": {"datetime": "2024-08-10 13:22:37", "elapsed": 2807.377902, "delta": 5.340169}}
