{"target": -0.24987566934225905, "params": {"bus_acc": 0.3567, "bus_dcc": 1.9848, "bus_lcAssertive": 93.8825, "bus_lcCooperative": 0.7026, "bus_lcLookaheadLeft": 35.5125, "bus_lcPushy": 0.6559, "bus_lcSigma": 0.158, "bus_lcSpeedGainRight": 4.9231, "bus_lcSublane": 0.6804, "bus_sigma": 0.2593, "bus_tau_mean": 2.5462, "bus_tau_std": 4.4546, "bus_v_mean": 15.3065, "bus_v_std": 4.4761, "car_acc": 3.0912, "car_dcc": 1.6453, "car_lcAssertive": 22.076, "car_lcCooperative": 0.564, "car_lcLookaheadLeft": 24.9255, "car_lcPushy": 0.3274, "car_lcSigma": 0.8437, "car_lcSpeedGainRight": 0.007, "car_lcSublane": 0.138, "car_sigma": 0.0108, "car_tau_mean": 1.4387, "car_tau_std": 6.2147, "car_v_mean": 13.1864, "car_v_std": 19.0504}, "datetime": {"datetime": "2024-08-10 16:24:31", "elapsed": 13721.128947, "delta": 12.970765}}
{"target": -0.20716183920958828, "params": {"bus_acc": 1.7186, "bus_dcc": 0.7134, "bus_lcAssertive": 32.3701, "bus_lcCooperative": 0.3961, "bus_lcLookaheadLeft": 69.2122, "bus_lcPushy": 0.1008, "bus_lcSigma": 0.845, "bus_lcSpeedGainRight": 3.9648, "bus_lcSublane": 0.2097, "bus_sigma": 0.5824, "bus_tau_mean": 2.135, "bus_tau_std": 1.1411, "bus_v_mean": 22.1346, "bus_v_std": 2.8065, "car_acc": 1.9511, "car_dcc": 0.903, "car_lcAssertive": 31.0495, "car_lcCooperative": 0.6258, "car_lcLookaheadLeft": 31.9661, "car_lcPushy": 0.1666, "car_lcSigma": 0.2951, "car_lcSpeedGainRight": 0.3244, "car_lcSublane": 0.9507, "car_sigma": 0.2383, "car_tau_mean": 0.5496, "car_tau_std": 3.2559, "car_v_mean": 8.25, "car_v_std": 1.5495}, "datetime": {"datetime": "2024-08-10 16:24:38", "elapsed": 13728.344856, "delta": 7.215909}}
{"target": -0.2904579413506377, "params": {"bus_acc": 3.5692, "bus_dcc": 1.8941, "bus_lcAssertive": 70.571, "bus_lcCooperative": 0.2082, "bus_lcLookaheadLeft": 4.9474, "bus_lcPushy": 0.5281, "bus_lcSigma": 0.7143, "bus_lcSpeedGainRight": 4.3688, "bus_lcSublane": 0.3961, "bus_sigma": 0.1514, "bus_tau_mean": 2.363, "bus_tau_std": 2.4582, "bus_v_mean": 24.1587, "bus_v_std": 0.2071, "car_acc": 2.3903, "car_dcc": 1.7701, "car_lcAssertive": 19.6624, "car_lcCooperative": 0.8657, "car_lcLookaheadLeft": 96.1027, "car_lcPushy": 0.6079, "car_lcSigma": 0.9253, "car_lcSpeedGainRight": 0.8903, "car_lcSublane": 0.0252, "car_sigma": 0.5888, "car_tau_mean": 1.8329, "car_tau_std": 0.4471, "car_v_mean": 8.9443, "car_v_std": 12.6528}, "datetime": {"datetime": "2024-08-10 16:24:45", "elapsed": 13735.754546, "delta": 7.40969}}
{"target": -0.2829521239577005, "params": {"bus_acc": 3.0966, "bus_dcc": 0.4975, "bus_lcAssertive": 82.7622, "bus_lcCooperative": 0.9965, "bus_lcLookaheadLeft": 50.1012, "bus_lcPushy": 0.1196, "bus_lcSigma": 0.5257, "bus_lcSpeedGainRight": 4.0349, "bus_lcSublane": 0.8743, "bus_sigma": 0.9951, "bus_tau_mean": 1.1777, "bus_tau_std": 9.4888, "bus_v_mean": 17.5383, "bus_v_std": 7.9096, "car_acc": 3.0322, "car_dcc": 0.6357, "car_lcAssertive": 57.7627, "car_lcCooperative": 0.5548, "car_lcLookaheadLeft": 70.6862, "car_lcPushy": 0.6889, "car_lcSigma": 0.676, "car_lcSpeedGainRight": 3.0714, "car_lcSublane": 0.3862, "car_sigma": 0.1366, "car_tau_mean": 0.649, "car_tau_std": 0.8842, "car_v_mean": 16.2102, "car_v_std": 14.2303}, "datetime": {"datetime": "2024-08-10 16:25:03", "elapsed": 13753.618144, "delta": 17.863598}}
{"target": -0.3625377939775369, "params": {"bus_acc": 2.2544, "bus_dcc": 2.3108, "bus_lcAssertive": 61.172, "bus_lcCooperative": 0.3738, "bus_lcLookaheadLeft": 44.2874, "bus_lcPushy": 0.2154, "bus_lcSigma": 0.1402, "bus_lcSpeedGainRight": 4.594, "bus_lcSublane": 0.3985, "bus_sigma": 0.8472, "bus_tau_mean": 1.5627, "bus_tau_std": 3.9613, "bus_v_mean": 23.933, "bus_v_std": 3.1284, "car_acc": 1.8001, "car_dcc": 2.6688, "car_lcAssertive": 72.2401, "car_lcCooperative": 0.0957, "car_lcLookaheadLeft": 35.5373, "car_lcPushy": 0.9961, "car_lcSigma": 0.2044, "car_lcSpeedGainRight": 0.4464, "car_lcSublane": 0.8788, "car_sigma": 0.5637, "car_tau_mean": 0.9016, "car_tau_std": 5.0899, "car_v_mean": 23.4468, "car_v_std": 9.73}, "datetime": {"datetime": "2024-08-10 16:25:15", "elapsed": 13765.17406, "delta": 11.555916}}
{"target": -0.2919353215308833, "params": {"bus_acc": 0.8231, "bus_dcc": 3.5588, "bus_lcAssertive": 68.7708, "bus_lcCooperative": 0.1441, "bus_lcLookaheadLeft": 41.4151, "bus_lcPushy": 0.3465, "bus_lcSigma": 0.3651, "bus_lcSpeedGainRight": 3.9976, "bus_lcSublane": 0.7017, "bus_sigma": 0.4126, "bus_tau_mean": 3.5125, "bus_tau_std": 8.1109, "bus_v_mean": 12.9433, "bus_v_std": 6.7046, "car_acc": 2.7912, "car_dcc": 1.4341, "car_lcAssertive": 15.8851, "car_lcCooperative": 0.1429, "car_lcLookaheadLeft": 28.2157, "car_lcPushy": 0.0414, "car_lcSigma": 0.3087, "car_lcSpeedGainRight": 4.6666, "car_lcSublane": 0.0647, "car_sigma": 0.9662, "car_tau_mean": 2.9199, "car_tau_std": 1.5838, "car_v_mean": 11.0008, "car_v_std": 12.8135}, "datetime": {"datetime": "2024-08-10 16:25:21", "elapsed": 13771.843141, "delta": 6.669081}}
{"target": -0.32222168275812063, "params": {"bus_acc": 0.952, "bus_dcc": 0.4229, "bus_lcAssertive": 43.7769, "bus_lcCooperative": 0.6589, "bus_lcLookaheadLeft": 11.8256, "bus_lcPushy": 0.7715, "bus_lcSigma": 0.6744, "bus_lcSpeedGainRight": 2.1506, "bus_lcSublane": 0.8579, "bus_sigma": 0.8807, "bus_tau_mean": 2.369, "bus_tau_std": 3.7693, "bus_v_mean": 15.3276, "bus_v_std": 19.7911, "car_acc": 2.2999, "car_dcc": 1.5085, "car_lcAssertive": 45.4837, "car_lcCooperative": 0.5459, "car_lcLookaheadLeft": 92.4855, "car_lcPushy": 0.2862, "car_lcSigma": 0.8933, "car_lcSpeedGainRight": 3.2108, "car_lcSublane": 0.3854, "car_sigma": 0.897, "car_tau_mean": 1.8375, "car_tau_std": 3.3859, "car_v_mean": 24.3552, "car_v_std": 17.6092}, "datetime": {"datetime": "2024-08-10 16:25:34", "elapsed": 13785.088283, "delta": 13.245142}}
{"target": -0.34037165230497907, "params": {"bus_acc": 0.7272, "bus_dcc": 3.3407, "bus_lcAssertive": 45.7093, "bus_lcCooperative": 0.8049, "bus_lcLookaheadLeft": 19.6067, "bus_lcPushy": 0.5842, "bus_lcSigma": 0.3818, "bus_lcSpeedGainRight": 1.9965, "bus_lcSublane": 0.1112, "bus_sigma": 0.5095, "bus_tau_mean": 2.106, "bus_tau_std": 3.2236, "bus_v_mean": 14.4558, "bus_v_std": 17.204, "car_acc": 2.2439, "car_dcc": 2.7547, "car_lcAssertive": 73.0666, "car_lcCooperative": 0.1265, "car_lcLookaheadLeft": 96.0203, "car_lcPushy": 0.9595, "car_lcSigma": 0.1235, "car_lcSpeedGainRight": 3.0657, "car_lcSublane": 0.4036, "car_sigma": 0.0559, "car_tau_mean": 3.7219, "car_tau_std": 3.3766, "car_v_mean": 17.0153, "car_v_std": 10.8901}, "datetime": {"datetime": "2024-08-10 16:25:41", "elapsed": 13791.493561, "delta": 6.405278}}
{"target": -0.3630604107553778, "params": {"bus_acc": 1.7914, "bus_dcc": 2.335, "bus_lcAssertive": 90.8627, "bus_lcCooperative": 0.5942, "bus_lcLookaheadLeft": 97.1891, "bus_lcPushy": 0.5006, "bus_lcSigma": 0.6093, "bus_lcSpeedGainRight": 2.1925, "bus_lcSublane": 0.7032, "bus_sigma": 0.8421, "bus_tau_mean": 0.8454, "bus_tau_std": 3.2547, "bus_v_mean": 12.0905, "bus_v_std": 18.2484, "car_acc": 0.9512, "car_dcc": 3.6564, "car_lcAssertive": 36.9791, "car_lcCooperative": 0.7527, "car_lcLookaheadLeft": 88.9171, "car_lcPushy": 0.7182, "car_lcSigma": 0.4609, "car_lcSpeedGainRight": 3.3587, "car_lcSublane": 0.4812, "car_sigma": 0.0998, "car_tau_mean": 0.8929, "car_tau_std": 7.0503, "car_v_mean": 15.6214, "car_v_std": 18.7353}, "datetime": {"datetime": "2024-08-10 16:25:50", "elapsed": 13800.192272, "delta": 8.698711}}
{"target": -0.2794412479679889, "params": {"bus_acc": 2.578, "bus_dcc": 0.2173, "bus_lcAssertive": 55.4624, "bus_lcCooperative": 0.7531, "bus_lcLookaheadLeft": 26.1903, "bus_lcPushy": 0.4849, "bus_lcSigma": 0.2714, "bus_lcSpeedGainRight": 1.7172, "bus_lcSublane": 0.7323, "bus_sigma": 0.0412, "bus_tau_mean": 2.4016, "bus_tau_std": 6.4172, "bus_v_mean": 12.9565, "bus_v_std": 3.5836, "car_acc": 3.3659, "car_dcc": 1.9252, "car_lcAssertive": 33.3686, "car_lcCooperative": 0.1256, "car_lcLookaheadLeft": 15.7222, "car_lcPushy": 0.7018, "car_lcSigma": 0.3344, "car_lcSpeedGainRight": 2.0845, "car_lcSublane": 0.6988, "car_sigma": 0.924, "car_tau_mean": 1.5803, "car_tau_std": 4.4929, "car_v_mean": 18.4183, "car_v_std": 14.9177}, "datetime": {"datetime": "2024-08-10 16:25:59", "elapsed": 13809.649608, "delta": 9.457336}}
{"target": -0.32806676350032177, "params": {"bus_acc": 3.3086, "bus_dcc": 0.8628, "bus_lcAssertive": 28.9779, "bus_lcCooperative": 0.8752, "bus_lcLookaheadLeft": 89.9841, "bus_lcPushy": 0.7042, "bus_lcSigma": 0.4889, "bus_lcSpeedGainRight": 3.9409, "bus_lcSublane": 0.059, "bus_sigma": 0.6351, "bus_tau_mean": 0.7687, "bus_tau_std": 9.3357, "bus_v_mean": 11.5383, "bus_v_std": 6.9734, "car_acc": 2.9597, "car_dcc": 2.0722, "car_lcAssertive": 20.123, "car_lcCooperative": 0.6614, "car_lcLookaheadLeft": 42.5631, "car_lcPushy": 0.0603, "car_lcSigma": 0.5771, "car_lcSpeedGainRight": 1.155, "car_lcSublane": 0.7055, "car_sigma": 0.6676, "car_tau_mean": 2.7155, "car_tau_std": 5.274, "car_v_mean": 21.4464, "car_v_std": 0.9089}, "datetime": {"datetime": "2024-08-10 16:26:08", "elapsed": 13818.64238, "delta": 8.992772}}
{"target": -0.2998743570702205, "params": {"bus_acc": 3.5423, "bus_dcc": 3.1078, "bus_lcAssertive": 98.8586, "bus_lcCooperative": 0.6109, "bus_lcLookaheadLeft": 37.9142, "bus_lcPushy": 0.5647, "bus_lcSigma": 0.3371, "bus_lcSpeedGainRight": 2.0732, "bus_lcSublane": 0.5572, "bus_sigma": 0.3091, "bus_tau_mean": 1.8037, "bus_tau_std": 2.7678, "bus_v_mean": 11.7187, "bus_v_std": 9.8601, "car_acc": 3.5588, "car_dcc": 1.3895, "car_lcAssertive": 51.1122, "car_lcCooperative": 0.5861, "car_lcLookaheadLeft": 25.9102, "car_lcPushy": 0.2796, "car_lcSigma": 0.0453, "car_lcSpeedGainRight": 2.2999, "car_lcSublane": 0.6574, "car_sigma": 0.3759, "car_tau_mean": 3.5872, "car_tau_std": 7.1417, "car_v_mean": 13.6271, "car_v_std": 18.8777}, "datetime": {"datetime": "2024-08-10 16:26:23", "elapsed": 13833.966194, "delta": 15.323814}}
{"target": -0.6209099616896806, "params": {"bus_acc": 0.6834, "bus_dcc": 3.599, "bus_lcAssertive": 40.0308, "bus_lcCooperative": 0.3138, "bus_lcLookaheadLeft": 74.4033, "bus_lcPushy": 0.1601, "bus_lcSigma": 0.3892, "bus_lcSpeedGainRight": 1.4777, "bus_lcSublane": 0.3287, "bus_sigma": 0.5154, "bus_tau_mean": 3.8526, "bus_tau_std": 1.6661, "bus_v_mean": 13.4335, "bus_v_std": 1.4553, "car_acc": 0.2637, "car_dcc": 0.6712, "car_lcAssertive": 16.7806, "car_lcCooperative": 0.8847, "car_lcLookaheadLeft": 8.9798, "car_lcPushy": 0.4259, "car_lcSigma": 0.3992, "car_lcSpeedGainRight": 2.3409, "car_lcSublane": 0.2222, "car_sigma": 0.2027, "car_tau_mean": 1.1076, "car_tau_std": 6.7267, "car_v_mean": 16.8701, "car_v_std": 12.6506}, "datetime": {"datetime": "2024-08-10 16:26:30", "elapsed": 13841.11486, "delta": 7.148666}}
{"target": -0.3100401623984599, "params": {"bus_acc": 0.6689, "bus_dcc": 1.2619, "bus_lcAssertive": 4.3178, "bus_lcCooperative": 0.8932, "bus_lcLookaheadLeft": 45.8394, "bus_lcPushy": 0.9864, "bus_lcSigma": 0.148, "bus_lcSpeedGainRight": 2.1875, "bus_lcSublane": 0.1415, "bus_sigma": 0.6782, "bus_tau_mean": 2.8063, "bus_tau_std": 8.1111, "bus_v_mean": 11.3797, "bus_v_std": 0.4581, "car_acc": 2.5653, "car_dcc": 1.1026, "car_lcAssertive": 61.7027, "car_lcCooperative": 0.3644, "car_lcLookaheadLeft": 14.5653, "car_lcPushy": 0.8417, "car_lcSigma": 0.8901, "car_lcSpeedGainRight": 1.4941, "car_lcSublane": 0.9128, "car_sigma": 0.594, "car_tau_mean": 1.6145, "car_tau_std": 6.9739, "car_v_mean": 17.7749, "car_v_std": 8.4961}, "datetime": {"datetime": "2024-08-10 16:26:37", "elapsed": 13847.633126, "delta": 6.518266}}
{"target": -0.44834607405846194, "params": {"bus_acc": 3.2681, "bus_dcc": 3.2391, "bus_lcAssertive": 9.4318, "bus_lcCooperative": 0.4101, "bus_lcLookaheadLeft": 84.4988, "bus_lcPushy": 0.2206, "bus_lcSigma": 0.3744, "bus_lcSpeedGainRight": 1.3726, "bus_lcSublane": 0.5193, "bus_sigma": 0.8625, "bus_tau_mean": 3.3959, "bus_tau_std": 5.4561, "bus_v_mean": 25.4782, "bus_v_std": 8.6168, "car_acc": 0.9258, "car_dcc": 3.2558, "car_lcAssertive": 78.1875, "car_lcCooperative": 0.7557, "car_lcLookaheadLeft": 69.9408, "car_lcPushy": 0.1978, "car_lcSigma": 0.5023, "car_lcSpeedGainRight": 0.6986, "car_lcSublane": 0.3079, "car_sigma": 0.1293, "car_tau_mean": 2.3232, "car_tau_std": 6.3275, "car_v_mean": 9.1028, "car_v_std": 16.6851}, "datetime": {"datetime": "2024-08-10 16:26:47", "elapsed": 13857.983201, "delta": 10.350075}}
{"target": -0.3624331316163283, "params": {"bus_acc": 0.7704, "bus_dcc": 1.6226, "bus_lcAssertive": 22.9446, "bus_lcCooperative": 0.458, "bus_lcLookaheadLeft": 57.6699, "bus_lcPushy": 0.9811, "bus_lcSigma": 0.8127, "bus_lcSpeedGainRight": 3.8026, "bus_lcSublane": 0.2381, "bus_sigma": 0.7407, "bus_tau_mean": 3.9685, "bus_tau_std": 0.9636, "bus_v_mean": 20.5687, "bus_v_std": 16.4103, "car_acc": 2.0503, "car_dcc": 3.5921, "car_lcAssertive": 28.9595, "car_lcCooperative": 0.4239, "car_lcLookaheadLeft": 53.1146, "car_lcPushy": 0.2098, "car_lcSigma": 0.0836, "car_lcSpeedGainRight": 2.2647, "car_lcSublane": 0.5843, "car_sigma": 0.5732, "car_tau_mean": 3.7574, "car_tau_std": 1.4377, "car_v_mean": 13.9528, "car_v_std": 4.1808}, "datetime": {"datetime": "2024-08-10 16:26:54", "elapsed": 13864.754152, "delta": 6.770951}}
{"target": -0.3190017252780708, "params": {"bus_acc": 1.3138, "bus_dcc": 1.3819, "bus_lcAssertive": 38.5231, "bus_lcCooperative": 0.7674, "bus_lcLookaheadLeft": 31.6858, "bus_lcPushy": 0.2346, "bus_lcSigma": 0.7465, "bus_lcSpeedGainRight": 4.0994, "bus_lcSublane": 0.2162, "bus_sigma": 0.7734, "bus_tau_mean": 1.6967, "bus_tau_std": 5.5935, "bus_v_mean": 14.7449, "bus_v_std": 18.3974, "car_acc": 3.2362, "car_dcc": 2.8285, "car_lcAssertive": 50.6796, "car_lcCooperative": 0.23, "car_lcLookaheadLeft": 45.6845, "car_lcPushy": 0.8601, "car_lcSigma": 0.564, "car_lcSpeedGainRight": 1.6385, "car_lcSublane": 0.0373, "car_sigma": 0.7034, "car_tau_mean": 2.1637, "car_tau_std": 7.4171, "car_v_mean": 20.5471, "car_v_std": 9.2165}, "datetime": {"datetime": "2024-08-10 16:27:09", "elapsed": 13879.333446, "delta": 14.579294}}
{"target": -0.30957167138895, "params": {"bus_acc": 3.7432, "bus_dcc": 1.9133, "bus_lcAssertive": 3.1882, "bus_lcCooperative": 0.8597, "bus_lcLookaheadLeft": 66.6861, "bus_lcPushy": 0.3091, "bus_lcSigma": 0.135, "bus_lcSpeedGainRight": 0.9796, "bus_lcSublane": 0.2909, "bus_sigma": 0.0342, "bus_tau_mean": 3.1349, "bus_tau_std": 0.7918, "bus_v_mean": 20.2016, "bus_v_std": 10.0284, "car_acc": 2.2767, "car_dcc": 2.5902, "car_lcAssertive": 10.3237, "car_lcCooperative": 0.7226, "car_lcLookaheadLeft": 76.8306, "car_lcPushy": 0.3054, "car_lcSigma": 0.2289, "car_lcSpeedGainRight": 0.7039, "car_lcSublane": 0.8072, "car_sigma": 0.4253, "car_tau_mean": 2.2366, "car_tau_std": 3.1308, "car_v_mean": 23.1509, "car_v_std": 14.9688}, "datetime": {"datetime": "2024-08-10 16:27:28", "elapsed": 13898.847652, "delta": 19.514206}}
{"target": -0.26344296812508383, "params": {"bus_acc": 2.3872, "bus_dcc": 0.6526, "bus_lcAssertive": 54.9901, "bus_lcCooperative": 0.9231, "bus_lcLookaheadLeft": 9.4484, "bus_lcPushy": 0.8564, "bus_lcSigma": 0.2613, "bus_lcSpeedGainRight": 4.8897, "bus_lcSublane": 0.0203, "bus_sigma": 0.5632, "bus_tau_mean": 1.8018, "bus_tau_std": 3.0472, "bus_v_mean": 12.8969, "bus_v_std": 13.0164, "car_acc": 0.8961, "car_dcc": 0.3639, "car_lcAssertive": 7.1334, "car_lcCooperative": 0.1222, "car_lcLookaheadLeft": 67.3711, "car_lcPushy": 0.217, "car_lcSigma": 0.0845, "car_lcSpeedGainRight": 4.8632, "car_lcSublane": 0.2265, "car_sigma": 0.5449, "car_tau_mean": 2.5976, "car_tau_std": 9.1867, "car_v_mean": 25.1479, "car_v_std": 6.2649}, "datetime": {"datetime": "2024-08-10 16:27:39", "elapsed": 13910.004592, "delta": 11.15694}}
{"target": -0.34404777768981504, "params": {"bus_acc": 1.1964, "bus_dcc": 2.1935, "bus_lcAssertive": 78.0312, "bus_lcCooperative": 0.8092, "bus_lcLookaheadLeft": 41.5698, "bus_lcPushy": 0.9063, "bus_lcSigma": 0.8289, "bus_lcSpeedGainRight": 1.2141, "bus_lcSublane": 0.1584, "bus_sigma": 0.4312, "bus_tau_mean": 1.8806, "bus_tau_std": 3.9867, "bus_v_mean": 25.9213, "bus_v_std": 8.112, "car_acc": 2.2967, "car_dcc": 3.223, "car_lcAssertive": 72.0647, "car_lcCooperative": 0.6474, "car_lcLookaheadLeft": 89.9172, "car_lcPushy": 0.6318, "car_lcSigma": 0.4704, "car_lcSpeedGainRight": 4.951, "car_lcSublane": 0.8354, "car_sigma": 0.5473, "car_tau_mean": 3.9251, "car_tau_std": 2.3184, "car_v_mean": 18.5438, "car_v_std": 7.9581}, "datetime": {"datetime": "2024-08-10 16:27:51", "elapsed": 13922.100843, "delta": 12.096251}}
{"target": -0.2780343633271874, "params": {"bus_acc": 3.1736, "bus_dcc": 3.3065, "bus_lcAssertive": 59.1007, "bus_lcCooperative": 0.2051, "bus_lcLookaheadLeft": 38.9793, "bus_lcPushy": 0.3528, "bus_lcSigma": 0.6259, "bus_lcSpeedGainRight": 4.888, "bus_lcSublane": 0.054, "bus_sigma": 0.9006, "bus_tau_mean": 1.834, "bus_tau_std": 5.8572, "bus_v_mean": 24.4449, "bus_v_std": 18.266, "car_acc": 1.3159, "car_dcc": 1.537, "car_lcAssertive": 68.5729, "car_lcCooperative": 0.0806, "car_lcLookaheadLeft": 22.628, "car_lcPushy": 0.293, "car_lcSigma": 0.4451, "car_lcSpeedGainRight": 2.4598, "car_lcSublane": 0.1962, "car_sigma": 0.7519, "car_tau_mean": 1.6689, "car_tau_std": 0.6801, "car_v_mean": 12.7471, "car_v_std": 11.8994}, "datetime": {"datetime": "2024-08-10 16:27:59", "elapsed": 13929.904954, "delta": 7.804111}}
{"target": -0.3373232729896814, "params": {"bus_acc": 1.0443, "bus_dcc": 3.6429, "bus_lcAssertive": 17.2444, "bus_lcCooperative": 0.1499, "bus_lcLookaheadLeft": 97.8974, "bus_lcPushy": 0.8184, "bus_lcSigma": 0.7366, "bus_lcSpeedGainRight": 2.3741, "bus_lcSublane": 0.053, "bus_sigma": 0.9051, "bus_tau_mean": 0.862, "bus_tau_std": 2.992, "bus_v_mean": 20.4426, "bus_v_std": 19.047, "car_acc": 3.03, "car_dcc": 2.522, "car_lcAssertive": 58.1774, "car_lcCooperative": 0.4204, "car_lcLookaheadLeft": 67.3228, "car_lcPushy": 0.7496, "car_lcSigma": 0.2534, "car_lcSpeedGainRight": 4.0436, "car_lcSublane": 0.9279, "car_sigma": 0.1779, "car_tau_mean": 1.5388, "car_tau_std": 5.1423, "car_v_mean": 12.2524, "car_v_std": 13.9509}, "datetime": {"datetime": "2024-08-10 16:28:12", "elapsed": 13943.038629, "delta": 13.133675}}
{"target": -0.5918465052900266, "params": {"bus_acc": 0.2119, "bus_dcc": 2.728, "bus_lcAssertive": 16.4757, "bus_lcCooperative": 0.671, "bus_lcLookaheadLeft": 25.5978, "bus_lcPushy": 0.9395, "bus_lcSigma": 0.6229, "bus_lcSpeedGainRight": 4.6699, "bus_lcSublane": 0.7324, "bus_sigma": 0.1919, "bus_tau_mean": 1.2508, "bus_tau_std": 5.0084, "bus_v_mean": 23.5352, "bus_v_std": 1.5658, "car_acc": 2.4552, "car_dcc": 1.8991, "car_lcAssertive": 45.2661, "car_lcCooperative": 0.2229, "car_lcLookaheadLeft": 42.3612, "car_lcPushy": 0.6505, "car_lcSigma": 0.2551, "car_lcSpeedGainRight": 3.7342, "car_lcSublane": 0.3166, "car_sigma": 0.2202, "car_tau_mean": 1.9072, "car_tau_std": 1.5731, "car_v_mean": 15.401, "car_v_std": 9.4155}, "datetime": {"datetime": "2024-08-10 16:28:20", "elapsed": 13950.89105, "delta": 7.852421}}
{"target": -0.29667795768115074, "params": {"bus_acc": 1.8725, "bus_dcc": 0.8395, "bus_lcAssertive": 7.1599, "bus_lcCooperative": 0.8325, "bus_lcLookaheadLeft": 72.885, "bus_lcPushy": 0.4832, "bus_lcSigma": 0.9984, "bus_lcSpeedGainRight": 0.4437, "bus_lcSublane": 0.8998, "bus_sigma": 0.9477, "bus_tau_mean": 1.531, "bus_tau_std": 5.403, "bus_v_mean": 24.8037, "bus_v_std": 15.8757, "car_acc": 3.3572, "car_dcc": 0.7512, "car_lcAssertive": 84.775, "car_lcCooperative": 0.9281, "car_lcLookaheadLeft": 25.6945, "car_lcPushy": 0.8271, "car_lcSigma": 0.7323, "car_lcSpeedGainRight": 4.5923, "car_lcSublane": 0.8396, "car_sigma": 0.0931, "car_tau_mean": 1.8207, "car_tau_std": 2.0758, "car_v_mean": 19.8414, "car_v_std": 10.384}, "datetime": {"datetime": "2024-08-10 16:28:26", "elapsed": 13956.974776, "delta": 6.083726}}
{"target": -0.31491049528369836, "params": {"bus_acc": 2.8655, "bus_dcc": 3.8475, "bus_lcAssertive": 36.9637, "bus_lcCooperative": 0.7701, "bus_lcLookaheadLeft": 47.0493, "bus_lcPushy": 0.0442, "bus_lcSigma": 0.7628, "bus_lcSpeedGainRight": 0.9654, "bus_lcSublane": 0.7984, "bus_sigma": 0.5411, "bus_tau_mean": 1.3396, "bus_tau_std": 0.5481, "bus_v_mean": 9.356, "bus_v_std": 3.9271, "car_acc": 3.1292, "car_dcc": 1.9438, "car_lcAssertive": 71.19, "car_lcCooperative": 0.7686, "car_lcLookaheadLeft": 90.8197, "car_lcPushy": 0.5954, "car_lcSigma": 0.7178, "car_lcSpeedGainRight": 2.0351, "car_lcSublane": 0.4197, "car_sigma": 0.2196, "car_tau_mean": 3.3799, "car_tau_std": 9.6652, "car_v_mean": 25.2572, "car_v_std": 7.678}, "datetime": {"datetime": "2024-08-10 16:28:34", "elapsed": 13964.498314, "delta": 7.523538}}
{"target": -0.3462911019959934, "params": {"bus_acc": 2.4481, "bus_dcc": 3.649, "bus_lcAssertive": 37.997, "bus_lcCooperative": 0.8261, "bus_lcLookaheadLeft": 34.4919, "bus_lcPushy": 0.9328, "bus_lcSigma": 0.2724, "bus_lcSpeedGainRight": 1.068, "bus_lcSublane": 0.0361, "bus_sigma": 0.596, "bus_tau_mean": 2.0107, "bus_tau_std": 2.3732, "bus_v_mean": 21.3714, "bus_v_std": 10.539, "car_acc": 2.4212, "car_dcc": 1.4855, "car_lcAssertive": 76.5515, "car_lcCooperative": 0.4184, "car_lcLookaheadLeft": 21.6681, "car_lcPushy": 0.9035, "car_lcSigma": 0.335, "car_lcSpeedGainRight": 1.7396, "car_lcSublane": 0.8447, "car_sigma": 0.2469, "car_tau_mean": 2.7295, "car_tau_std": 9.0217, "car_v_mean": 18.3052, "car_v_std": 19.7161}, "datetime": {"datetime": "2024-08-10 16:28:41", "elapsed": 13971.439415, "delta": 6.941101}}
