{"target": -0.3471002382951623, "params": {"bus_acc": 3.7767, "bus_dcc": 1.2367, "bus_lcAssertive": 18.7319, "bus_lcCooperative": 0.0591, "bus_lcLookaheadLeft": 23.9275, "bus_lcPushy": 0.6997, "bus_lcSigma": 0.1663, "bus_lcSpeedGainRight": 2.8069, "bus_lcSublane": 0.7085, "bus_sigma": 0.1802, "bus_tau_mean": 1.4321, "bus_tau_std": 3.853, "bus_v_mean": 22.7987, "bus_v_std": 13.7092, "car_acc": 2.2151, "car_dcc": 1.5365, "car_lcAssertive": 22.7254, "car_lcCooperative": 0.7936, "car_lcLookaheadLeft": 22.6457, "car_lcPushy": 0.4293, "car_lcSigma": 0.6147, "car_lcSpeedGainRight": 0.5838, "car_lcSublane": 0.3919, "car_sigma": 0.5803, "car_tau_mean": 1.1764, "car_tau_std": 5.1781, "car_v_mean": 23.4133, "car_v_std": 4.3339}, "datetime": {"datetime": "2024-08-10 12:51:23", "elapsed": 934.097197, "delta": 9.150306}}
{"target": -0.3677727261354536, "params": {"bus_acc": 2.6249, "bus_dcc": 0.8162, "bus_lcAssertive": 15.8611, "bus_lcCooperative": 0.6458, "bus_lcLookaheadLeft": 80.9258, "bus_lcPushy": 0.5009, "bus_lcSigma": 0.5962, "bus_lcSpeedGainRight": 2.2172, "bus_lcSublane": 0.3483, "bus_sigma": 0.1775, "bus_tau_mean": 2.0534, "bus_tau_std": 4.0353, "bus_v_mean": 25.6894, "bus_v_std": 10.3052, "car_acc": 0.6539, "car_dcc": 2.0208, "car_lcAssertive": 83.5878, "car_lcCooperative": 0.159, "car_lcLookaheadLeft": 70.1918, "car_lcPushy": 0.3674, "car_lcSigma": 0.9931, "car_lcSpeedGainRight": 2.5279, "car_lcSublane": 0.3682, "car_sigma": 0.8856, "car_tau_mean": 3.3416, "car_tau_std": 7.0119, "car_v_mean": 9.279, "car_v_std": 8.3075}, "datetime": {"datetime": "2024-08-10 12:51:28", "elapsed": 938.548531, "delta": 4.451334}}
{"target": -0.32220806598283197, "params": {"bus_acc": 1.7173, "bus_dcc": 2.8267, "bus_lcAssertive": 26.7342, "bus_lcCooperative": 0.7003, "bus_lcLookaheadLeft": 53.1056, "bus_lcPushy": 0.9339, "bus_lcSigma": 0.1708, "bus_lcSpeedGainRight": 1.3848, "bus_lcSublane": 1.0, "bus_sigma": 0.5212, "bus_tau_mean": 4.0, "bus_tau_std": 1.7004, "bus_v_mean": 13.1551, "bus_v_std": 4.2603, "car_acc": 4.0, "car_dcc": 1.196, "car_lcAssertive": 95.8831, "car_lcCooperative": 0.3964, "car_lcLookaheadLeft": 43.9192, "car_lcPushy": 0.6025, "car_lcSigma": 0.4242, "car_lcSpeedGainRight": 2.503, "car_lcSublane": 0.7479, "car_sigma": 0.5974, "car_tau_mean": 4.0, "car_tau_std": 5.106, "car_v_mean": 23.6945, "car_v_std": 16.9241}, "datetime": {"datetime": "2024-08-10 12:51:32", "elapsed": 942.334573, "delta": 3.786042}}
{"target": -0.2985541042759929, "params": {"bus_acc": 0.3641, "bus_dcc": 2.7469, "bus_lcAssertive": 40.4634, "bus_lcCooperative": 0.8755, "bus_lcLookaheadLeft": 45.4164, "bus_lcPushy": 0.8231, "bus_lcSigma": 0.4693, "bus_lcSpeedGainRight": 2.6321, "bus_lcSublane": 0.1491, "bus_sigma": 0.2802, "bus_tau_mean": 2.3205, "bus_tau_std": 6.2742, "bus_v_mean": 12.8311, "bus_v_std": 17.8055, "car_acc": 3.5155, "car_dcc": 3.998, "car_lcAssertive": 41.8233, "car_lcCooperative": 0.3629, "car_lcLookaheadLeft": 58.6285, "car_lcPushy": 0.7365, "car_lcSigma": 0.5339, "car_lcSpeedGainRight": 0.0, "car_lcSublane": 0.1311, "car_sigma": 0.8154, "car_tau_mean": 1.4769, "car_tau_std": 6.9983, "car_v_mean": 9.6634, "car_v_std": 11.7159}, "datetime": {"datetime": "2024-08-10 12:51:36", "elapsed": 947.093564, "delta": 4.758991}}
{"target": -0.3628761241642479, "params": {"bus_acc": 2.7087, "bus_dcc": 3.8067, "bus_lcAssertive": 52.1032, "bus_lcCooperative": 0.1961, "bus_lcLookaheadLeft": 21.898, "bus_lcPushy": 0.1694, "bus_lcSigma": 0.4728, "bus_lcSpeedGainRight": 0.125, "bus_lcSublane": 0.8087, "bus_sigma": 0.0935, "bus_tau_mean": 3.8868, "bus_tau_std": 3.4439, "bus_v_mean": 12.6428, "bus_v_std": 9.7963, "car_acc": 1.6972, "car_dcc": 2.0076, "car_lcAssertive": 90.7929, "car_lcCooperative": 0.8592, "car_lcLookaheadLeft": 67.8125, "car_lcPushy": 0.8223, "car_lcSigma": 0.4245, "car_lcSpeedGainRight": 0.7936, "car_lcSublane": 0.2462, "car_sigma": 0.6339, "car_tau_mean": 3.0389, "car_tau_std": 9.7988, "car_v_mean": 23.4336, "car_v_std": 2.8708}, "datetime": {"datetime": "2024-08-10 12:51:47", "elapsed": 957.4501, "delta": 10.356536}}
{"target": -0.3347990082449808, "params": {"bus_acc": 3.3255, "bus_dcc": 0.947, "bus_lcAssertive": 14.7156, "bus_lcCooperative": 0.0453, "bus_lcLookaheadLeft": 84.5204, "bus_lcPushy": 0.1531, "bus_lcSigma": 0.6927, "bus_lcSpeedGainRight": 0.4552, "bus_lcSublane": 0.4047, "bus_sigma": 0.3615, "bus_tau_mean": 0.7389, "bus_tau_std": 1.0143, "bus_v_mean": 24.6923, "bus_v_std": 13.3465, "car_acc": 1.5407, "car_dcc": 1.1498, "car_lcAssertive": 82.0002, "car_lcCooperative": 0.6846, "car_lcLookaheadLeft": 67.4056, "car_lcPushy": 0.3736, "car_lcSigma": 0.8616, "car_lcSpeedGainRight": 2.2379, "car_lcSublane": 0.8416, "car_sigma": 0.5381, "car_tau_mean": 2.0366, "car_tau_std": 7.8754, "car_v_mean": 19.9138, "car_v_std": 5.6954}, "datetime": {"datetime": "2024-08-10 12:51:57", "elapsed": 967.406045, "delta": 9.955945}}
{"target": -0.23093734805065358, "params": {"bus_acc": 0.2, "bus_dcc": 1.4452, "bus_lcAssertive": 26.0733, "bus_lcCooperative": 0.8172, "bus_lcLookaheadLeft": 33.3256, "bus_lcPushy": 1.0, "bus_lcSigma": 0.4854, "bus_lcSpeedGainRight": 2.3336, "bus_lcSublane": 0.1414, "bus_sigma": 0.365, "bus_tau_mean": 0.5, "bus_tau_std": 8.3586, "bus_v_mean": 20.1611, "bus_v_std": 17.0335, "car_acc": 4.0, "car_dcc": 0.2, "car_lcAssertive": 59.1032, "car_lcCooperative": 0.7407, "car_lcLookaheadLeft": 66.0533, "car_lcPushy": 0.8568, "car_lcSigma": 0.0, "car_lcSpeedGainRight": 2.6578, "car_lcSublane": 0.7471, "car_sigma": 0.727, "car_tau_mean": 2.4762, "car_tau_std": 5.3168, "car_v_mean": 18.9002, "car_v_std": 15.7458}, "datetime": {"datetime": "2024-08-10 12:52:03", "elapsed": 973.629505, "delta": 6.22346}}
{"target": -0.28713100180408585, "params": {"bus_acc": 2.4557, "bus_dcc": 1.3801, "bus_lcAssertive": 78.6583, "bus_lcCooperative": 0.4327, "bus_lcLookaheadLeft": 95.4951, "bus_lcPushy": 0.8381, "bus_lcSigma": 0.4287, "bus_lcSpeedGainRight": 0.6383, "bus_lcSublane": 0.9619, "bus_sigma": 0.5039, "bus_tau_mean": 1.6412, "bus_tau_std": 8.7572, "bus_v_mean": 16.8336, "bus_v_std": 4.6303, "car_acc": 2.9726, "car_dcc": 1.2364, "car_lcAssertive": 60.1333, "car_lcCooperative": 0.5139, "car_lcLookaheadLeft": 81.2592, "car_lcPushy": 0.2321, "car_lcSigma": 0.892, "car_lcSpeedGainRight": 0.0748, "car_lcSublane": 0.5243, "car_sigma": 0.9304, "car_tau_mean": 1.154, "car_tau_std": 6.3214, "car_v_mean": 15.7608, "car_v_std": 11.8022}, "datetime": {"datetime": "2024-08-10 12:52:15", "elapsed": 985.909675, "delta": 12.28017}}
{"target": -0.40160724410869914, "params": {"bus_acc": 1.1835, "bus_dcc": 3.5574, "bus_lcAssertive": 19.6675, "bus_lcCooperative": 0.1074, "bus_lcLookaheadLeft": 90.5751, "bus_lcPushy": 0.7203, "bus_lcSigma": 0.5777, "bus_lcSpeedGainRight": 3.1494, "bus_lcSublane": 0.8846, "bus_sigma": 0.739, "bus_tau_mean": 1.3048, "bus_tau_std": 1.2314, "bus_v_mean": 10.1823, "bus_v_std": 12.9878, "car_acc": 2.7398, "car_dcc": 1.693, "car_lcAssertive": 83.9621, "car_lcCooperative": 0.1055, "car_lcLookaheadLeft": 98.2419, "car_lcPushy": 0.8021, "car_lcSigma": 0.6156, "car_lcSpeedGainRight": 4.6059, "car_lcSublane": 0.0379, "car_sigma": 0.9558, "car_tau_mean": 1.7603, "car_tau_std": 1.224, "car_v_mean": 22.9435, "car_v_std": 1.9122}, "datetime": {"datetime": "2024-08-10 12:52:22", "elapsed": 992.504416, "delta": 6.594741}}
{"target": -0.382586551432174, "params": {"bus_acc": 0.2, "bus_dcc": 2.3361, "bus_lcAssertive": 11.3787, "bus_lcCooperative": 1.0, "bus_lcLookaheadLeft": 25.2662, "bus_lcPushy": 0.9572, "bus_lcSigma": 0.0, "bus_lcSpeedGainRight": 0.0943, "bus_lcSublane": 1.0, "bus_sigma": 0.494, "bus_tau_mean": 1.8281, "bus_tau_std": 5.6935, "bus_v_mean": 15.7797, "bus_v_std": 7.2633, "car_acc": 4.0, "car_dcc": 0.2809, "car_lcAssertive": 82.2932, "car_lcCooperative": 0.5613, "car_lcLookaheadLeft": 56.709, "car_lcPushy": 0.8109, "car_lcSigma": 0.0, "car_lcSpeedGainRight": 2.1631, "car_lcSublane": 0.9833, "car_sigma": 0.579, "car_tau_mean": 4.0, "car_tau_std": 4.1693, "car_v_mean": 18.8853, "car_v_std": 16.8536}, "datetime": {"datetime": "2024-08-10 12:52:27", "elapsed": 997.297446, "delta": 4.79303}}
{"target": -0.3446854679517848, "params": {"bus_acc": 2.3569, "bus_dcc": 1.4834, "bus_lcAssertive": 57.7585, "bus_lcCooperative": 0.0331, "bus_lcLookaheadLeft": 12.9085, "bus_lcPushy": 0.2378, "bus_lcSigma": 0.5732, "bus_lcSpeedGainRight": 0.2744, "bus_lcSublane": 0.6238, "bus_sigma": 0.0408, "bus_tau_mean": 3.5722, "bus_tau_std": 3.2901, "bus_v_mean": 22.0005, "bus_v_std": 14.5849, "car_acc": 2.0726, "car_dcc": 2.21, "car_lcAssertive": 19.7123, "car_lcCooperative": 0.9477, "car_lcLookaheadLeft": 41.0351, "car_lcPushy": 0.6916, "car_lcSigma": 0.9861, "car_lcSpeedGainRight": 0.8458, "car_lcSublane": 0.9446, "car_sigma": 0.7994, "car_tau_mean": 2.3153, "car_tau_std": 8.6266, "car_v_mean": 16.3261, "car_v_std": 8.6389}, "datetime": {"datetime": "2024-08-10 12:52:32", "elapsed": 1002.167466, "delta": 4.87002}}
{"target": -0.3222909946787101, "params": {"bus_acc": 3.9039, "bus_dcc": 1.0837, "bus_lcAssertive": 79.9126, "bus_lcCooperative": 0.0583, "bus_lcLookaheadLeft": 97.4305, "bus_lcPushy": 0.5907, "bus_lcSigma": 0.0082, "bus_lcSpeedGainRight": 1.8324, "bus_lcSublane": 0.7914, "bus_sigma": 0.0849, "bus_tau_mean": 1.4824, "bus_tau_std": 8.7133, "bus_v_mean": 21.3159, "bus_v_std": 9.6721, "car_acc": 2.6611, "car_dcc": 1.168, "car_lcAssertive": 66.8934, "car_lcCooperative": 0.5106, "car_lcLookaheadLeft": 84.4765, "car_lcPushy": 0.9574, "car_lcSigma": 0.2234, "car_lcSpeedGainRight": 2.6943, "car_lcSublane": 0.3892, "car_sigma": 0.537, "car_tau_mean": 2.6507, "car_tau_std": 9.5734, "car_v_mean": 17.1663, "car_v_std": 11.8004}, "datetime": {"datetime": "2024-08-10 12:52:37", "elapsed": 1008.067873, "delta": 5.900407}}
{"target": -0.2633618629804724, "params": {"bus_acc": 0.4531, "bus_dcc": 0.5575, "bus_lcAssertive": 19.3119, "bus_lcCooperative": 0.9723, "bus_lcLookaheadLeft": 27.3466, "bus_lcPushy": 0.7513, "bus_lcSigma": 0.479, "bus_lcSpeedGainRight": 1.6734, "bus_lcSublane": 0.4557, "bus_sigma": 0.4948, "bus_tau_mean": 0.5316, "bus_tau_std": 10.0, "bus_v_mean": 18.5921, "bus_v_std": 12.4327, "car_acc": 2.6412, "car_dcc": 0.5644, "car_lcAssertive": 48.0764, "car_lcCooperative": 0.5399, "car_lcLookaheadLeft": 68.1475, "car_lcPushy": 0.5344, "car_lcSigma": 0.2529, "car_lcSpeedGainRight": 3.4963, "car_lcSublane": 0.5814, "car_sigma": 0.5458, "car_tau_mean": 3.8473, "car_tau_std": 4.8697, "car_v_mean": 19.26, "car_v_std": 2.8681}, "datetime": {"datetime": "2024-08-10 12:52:42", "elapsed": 1012.952559, "delta": 4.884686}}
{"target": -0.33949831001368186, "params": {"bus_acc": 0.5331, "bus_dcc": 3.59, "bus_lcAssertive": 75.8409, "bus_lcCooperative": 0.2258, "bus_lcLookaheadLeft": 9.4538, "bus_lcPushy": 0.3522, "bus_lcSigma": 0.9562, "bus_lcSpeedGainRight": 0.0112, "bus_lcSublane": 0.1223, "bus_sigma": 0.624, "bus_tau_mean": 2.9709, "bus_tau_std": 6.8114, "bus_v_mean": 10.3989, "bus_v_std": 15.1346, "car_acc": 3.1353, "car_dcc": 2.1106, "car_lcAssertive": 13.3548, "car_lcCooperative": 0.4856, "car_lcLookaheadLeft": 43.0742, "car_lcPushy": 0.9832, "car_lcSigma": 0.9914, "car_lcSpeedGainRight": 2.5551, "car_lcSublane": 0.1231, "car_sigma": 0.9637, "car_tau_mean": 2.719, "car_tau_std": 6.8423, "car_v_mean": 23.7452, "car_v_std": 2.4817}, "datetime": {"datetime": "2024-08-10 12:53:06", "elapsed": 1036.157785, "delta": 23.205226}}
{"target": -0.2438997787064419, "params": {"bus_acc": 0.6102, "bus_dcc": 1.2371, "bus_lcAssertive": 22.8797, "bus_lcCooperative": 0.7621, "bus_lcLookaheadLeft": 36.4445, "bus_lcPushy": 0.941, "bus_lcSigma": 0.3166, "bus_lcSpeedGainRight": 1.4774, "bus_lcSublane": 0.2472, "bus_sigma": 0.5628, "bus_tau_mean": 1.1818, "bus_tau_std": 7.81, "bus_v_mean": 15.2781, "bus_v_std": 13.1065, "car_acc": 2.9808, "car_dcc": 0.5803, "car_lcAssertive": 58.3415, "car_lcCooperative": 0.4705, "car_lcLookaheadLeft": 64.37, "car_lcPushy": 0.7679, "car_lcSigma": 0.0346, "car_lcSpeedGainRight": 2.629, "car_lcSublane": 0.3809, "car_sigma": 0.5861, "car_tau_mean": 2.0974, "car_tau_std": 7.0761, "car_v_mean": 18.4103, "car_v_std": 15.6425}, "datetime": {"datetime": "2024-08-10 12:53:12", "elapsed": 1042.805638, "delta": 6.647853}}
{"target": -0.3273838863177844, "params": {"bus_acc": 2.076, "bus_dcc": 3.1366, "bus_lcAssertive": 92.8436, "bus_lcCooperative": 0.3276, "bus_lcLookaheadLeft": 57.7562, "bus_lcPushy": 0.4828, "bus_lcSigma": 0.2097, "bus_lcSpeedGainRight": 3.9115, "bus_lcSublane": 0.149, "bus_sigma": 0.4309, "bus_tau_mean": 1.6733, "bus_tau_std": 1.2331, "bus_v_mean": 13.8768, "bus_v_std": 7.3455, "car_acc": 2.5852, "car_dcc": 2.2385, "car_lcAssertive": 58.4284, "car_lcCooperative": 0.2168, "car_lcLookaheadLeft": 99.9476, "car_lcPushy": 0.3302, "car_lcSigma": 0.625, "car_lcSpeedGainRight": 1.0847, "car_lcSublane": 0.937, "car_sigma": 0.7678, "car_tau_mean": 3.7894, "car_tau_std": 0.0721, "car_v_mean": 18.4961, "car_v_std": 7.3841}, "datetime": {"datetime": "2024-08-10 12:53:20", "elapsed": 1050.855794, "delta": 8.050156}}
{"target": -0.3180660249973542, "params": {"bus_acc": 2.7015, "bus_dcc": 3.5524, "bus_lcAssertive": 87.5862, "bus_lcCooperative": 0.3983, "bus_lcLookaheadLeft": 58.0129, "bus_lcPushy": 0.7675, "bus_lcSigma": 0.2537, "bus_lcSpeedGainRight": 1.4535, "bus_lcSublane": 0.6511, "bus_sigma": 0.8088, "bus_tau_mean": 2.2538, "bus_tau_std": 2.0578, "bus_v_mean": 13.5498, "bus_v_std": 18.5027, "car_acc": 3.7553, "car_dcc": 2.989, "car_lcAssertive": 70.0033, "car_lcCooperative": 0.0622, "car_lcLookaheadLeft": 20.9526, "car_lcPushy": 0.878, "car_lcSigma": 0.5188, "car_lcSpeedGainRight": 3.518, "car_lcSublane": 0.2982, "car_sigma": 0.4114, "car_tau_mean": 3.3554, "car_tau_std": 7.0572, "car_v_mean": 19.7799, "car_v_std": 13.5552}, "datetime": {"datetime": "2024-08-10 12:53:29", "elapsed": 1059.822671, "delta": 8.966877}}
{"target": -0.3725727383555464, "params": {"bus_acc": 0.4775, "bus_dcc": 1.8428, "bus_lcAssertive": 98.6587, "bus_lcCooperative": 0.5453, "bus_lcLookaheadLeft": 76.9989, "bus_lcPushy": 0.5518, "bus_lcSigma": 0.7427, "bus_lcSpeedGainRight": 4.4241, "bus_lcSublane": 0.1474, "bus_sigma": 0.2362, "bus_tau_mean": 2.0039, "bus_tau_std": 2.8966, "bus_v_mean": 18.1193, "bus_v_std": 1.3045, "car_acc": 3.4638, "car_dcc": 2.3705, "car_lcAssertive": 55.9119, "car_lcCooperative": 0.8225, "car_lcLookaheadLeft": 64.2371, "car_lcPushy": 0.0442, "car_lcSigma": 0.077, "car_lcSpeedGainRight": 1.6485, "car_lcSublane": 0.0875, "car_sigma": 0.8738, "car_tau_mean": 1.0809, "car_tau_std": 5.5797, "car_v_mean": 14.8049, "car_v_std": 11.7897}, "datetime": {"datetime": "2024-08-10 12:53:39", "elapsed": 1070.024452, "delta": 10.201781}}
{"target": -0.3278327040780564, "params": {"bus_acc": 3.9029, "bus_dcc": 0.9408, "bus_lcAssertive": 30.3889, "bus_lcCooperative": 0.4332, "bus_lcLookaheadLeft": 29.2944, "bus_lcPushy": 0.4576, "bus_lcSigma": 0.4146, "bus_lcSpeedGainRight": 0.9336, "bus_lcSublane": 0.8994, "bus_sigma": 0.0708, "bus_tau_mean": 0.9793, "bus_tau_std": 8.7436, "bus_v_mean": 12.1938, "bus_v_std": 6.3042, "car_acc": 3.1303, "car_dcc": 2.2784, "car_lcAssertive": 49.0865, "car_lcCooperative": 0.1989, "car_lcLookaheadLeft": 15.7644, "car_lcPushy": 0.2015, "car_lcSigma": 0.4237, "car_lcSpeedGainRight": 4.4382, "car_lcSublane": 0.9735, "car_sigma": 0.9407, "car_tau_mean": 2.764, "car_tau_std": 9.9661, "car_v_mean": 23.2858, "car_v_std": 7.1084}, "datetime": {"datetime": "2024-08-10 12:53:43", "elapsed": 1074.0807, "delta": 4.056248}}
{"target": -0.3680280510700002, "params": {"bus_acc": 0.3778, "bus_dcc": 3.3769, "bus_lcAssertive": 20.8832, "bus_lcCooperative": 0.3051, "bus_lcLookaheadLeft": 78.8172, "bus_lcPushy": 0.0922, "bus_lcSigma": 0.9127, "bus_lcSpeedGainRight": 2.9054, "bus_lcSublane": 0.2549, "bus_sigma": 0.5809, "bus_tau_mean": 2.9383, "bus_tau_std": 1.3502, "bus_v_mean": 24.198, "bus_v_std": 10.9159, "car_acc": 1.8777, "car_dcc": 0.6012, "car_lcAssertive": 81.2691, "car_lcCooperative": 0.446, "car_lcLookaheadLeft": 68.4827, "car_lcPushy": 0.6922, "car_lcSigma": 0.8865, "car_lcSpeedGainRight": 3.859, "car_lcSublane": 0.5673, "car_sigma": 0.6025, "car_tau_mean": 2.658, "car_tau_std": 8.0269, "car_v_mean": 12.408, "car_v_std": 9.2162}, "datetime": {"datetime": "2024-08-10 12:53:52", "elapsed": 1082.797486, "delta": 8.716786}}
{"target": -0.3660954826398013, "params": {"bus_acc": 0.2, "bus_dcc": 1.5182, "bus_lcAssertive": 26.212, "bus_lcCooperative": 0.8131, "bus_lcLookaheadLeft": 33.1528, "bus_lcPushy": 1.0, "bus_lcSigma": 0.4954, "bus_lcSpeedGainRight": 2.3056, "bus_lcSublane": 0.1563, "bus_sigma": 0.3703, "bus_tau_mean": 0.5692, "bus_tau_std": 8.2155, "bus_v_mean": 20.0383, "bus_v_std": 16.7523, "car_acc": 4.0, "car_dcc": 0.3325, "car_lcAssertive": 59.0214, "car_lcCooperative": 0.7347, "car_lcLookaheadLeft": 65.585, "car_lcPushy": 0.8258, "car_lcSigma": 0.0, "car_lcSpeedGainRight": 2.6885, "car_lcSublane": 0.7329, "car_sigma": 0.7193, "car_tau_mean": 2.4387, "car_tau_std": 5.4529, "car_v_mean": 18.8218, "car_v_std": 15.5507}, "datetime": {"datetime": "2024-08-10 12:54:00", "elapsed": 1090.972434, "delta": 8.174948}}
{"target": -0.5143631503845602, "params": {"bus_acc": 0.4171, "bus_dcc": 3.7054, "bus_lcAssertive": 8.9192, "bus_lcCooperative": 0.1835, "bus_lcLookaheadLeft": 83.5096, "bus_lcPushy": 0.8681, "bus_lcSigma": 0.9442, "bus_lcSpeedGainRight": 4.4082, "bus_lcSublane": 0.4737, "bus_sigma": 0.3225, "bus_tau_mean": 3.768, "bus_tau_std": 6.177, "bus_v_mean": 23.3993, "bus_v_std": 1.9092, "car_acc": 1.6203, "car_dcc": 3.0636, "car_lcAssertive": 56.4759, "car_lcCooperative": 0.0464, "car_lcLookaheadLeft": 74.3384, "car_lcPushy": 0.1621, "car_lcSigma": 0.9747, "car_lcSpeedGainRight": 0.3136, "car_lcSublane": 0.7525, "car_sigma": 0.4185, "car_tau_mean": 1.0706, "car_tau_std": 9.5548, "car_v_mean": 17.8452, "car_v_std": 17.2214}, "datetime": {"datetime": "2024-08-10 12:54:09", "elapsed": 1099.942351, "delta": 8.969917}}
{"target": -0.41101647199182295, "params": {"bus_acc": 3.6733, "bus_dcc": 3.0526, "bus_lcAssertive": 34.0378, "bus_lcCooperative": 0.4424, "bus_lcLookaheadLeft": 71.4601, "bus_lcPushy": 0.7144, "bus_lcSigma": 0.6927, "bus_lcSpeedGainRight": 3.8242, "bus_lcSublane": 0.162, "bus_sigma": 0.0029, "bus_tau_mean": 3.5381, "bus_tau_std": 5.5383, "bus_v_mean": 22.8216, "bus_v_std": 0.6024, "car_acc": 3.0167, "car_dcc": 3.9883, "car_lcAssertive": 99.1199, "car_lcCooperative": 0.4072, "car_lcLookaheadLeft": 77.9381, "car_lcPushy": 0.7177, "car_lcSigma": 0.5514, "car_lcSpeedGainRight": 4.0762, "car_lcSublane": 0.6101, "car_sigma": 0.8582, "car_tau_mean": 3.0153, "car_tau_std": 7.9444, "car_v_mean": 19.3919, "car_v_std": 4.9332}, "datetime": {"datetime": "2024-08-10 12:54:15", "elapsed": 1105.537659, "delta": 5.595308}}
{"target": -0.27951602561505556, "params": {"bus_acc": 2.5058, "bus_dcc": 1.973, "bus_lcAssertive": 76.0886, "bus_lcCooperative": 0.9338, "bus_lcLookaheadLeft": 48.5676, "bus_lcPushy": 0.5505, "bus_lcSigma": 0.4859, "bus_lcSpeedGainRight": 1.8346, "bus_lcSublane": 0.0555, "bus_sigma": 0.6045, "bus_tau_mean": 2.6467, "bus_tau_std": 6.8674, "bus_v_mean": 15.7838, "bus_v_std": 5.4447, "car_acc": 2.7535, "car_dcc": 1.081, "car_lcAssertive": 53.9463, "car_lcCooperative": 0.7496, "car_lcLookaheadLeft": 7.7155, "car_lcPushy": 0.2807, "car_lcSigma": 0.1843, "car_lcSpeedGainRight": 2.3051, "car_lcSublane": 0.5348, "car_sigma": 0.6268, "car_tau_mean": 1.244, "car_tau_std": 5.6337, "car_v_mean": 11.4545, "car_v_std": 1.8857}, "datetime": {"datetime": "2024-08-10 12:54:21", "elapsed": 1111.928508, "delta": 6.390849}}
{"target": -0.3618343497518975, "params": {"bus_acc": 0.3634, "bus_dcc": 1.936, "bus_lcAssertive": 52.218, "bus_lcCooperative": 0.7684, "bus_lcLookaheadLeft": 33.4554, "bus_lcPushy": 0.6462, "bus_lcSigma": 0.8552, "bus_lcSpeedGainRight": 0.7397, "bus_lcSublane": 0.9679, "bus_sigma": 0.3575, "bus_tau_mean": 0.6718, "bus_tau_std": 3.0854, "bus_v_mean": 17.0472, "bus_v_std": 7.22, "car_acc": 2.3819, "car_dcc": 1.7363, "car_lcAssertive": 55.3545, "car_lcCooperative": 0.5399, "car_lcLookaheadLeft": 50.0672, "car_lcPushy": 0.8847, "car_lcSigma": 0.3711, "car_lcSpeedGainRight": 2.6738, "car_lcSublane": 0.2525, "car_sigma": 0.5079, "car_tau_mean": 3.472, "car_tau_std": 8.4555, "car_v_mean": 23.1255, "car_v_std": 11.7557}, "datetime": {"datetime": "2024-08-10 12:54:27", "elapsed": 1117.297336, "delta": 5.368828}}
{"target": -0.4614844536205534, "params": {"bus_acc": 3.7813, "bus_dcc": 0.2331, "bus_lcAssertive": 7.1464, "bus_lcCooperative": 0.5738, "bus_lcLookaheadLeft": 76.9103, "bus_lcPushy": 0.6423, "bus_lcSigma": 0.5151, "bus_lcSpeedGainRight": 2.5562, "bus_lcSublane": 0.6714, "bus_sigma": 0.0656, "bus_tau_mean": 1.9184, "bus_tau_std": 3.1829, "bus_v_mean": 22.9441, "bus_v_std": 3.5749, "car_acc": 0.6277, "car_dcc": 2.6912, "car_lcAssertive": 62.1835, "car_lcCooperative": 0.0763, "car_lcLookaheadLeft": 74.7388, "car_lcPushy": 0.9214, "car_lcSigma": 0.2187, "car_lcSpeedGainRight": 4.7635, "car_lcSublane": 0.6624, "car_sigma": 0.3998, "car_tau_mean": 0.8221, "car_tau_std": 7.4264, "car_v_mean": 22.284, "car_v_std": 17.7345}, "datetime": {"datetime": "2024-08-10 12:54:34", "elapsed": 1124.97431, "delta": 7.676974}}
