{"target": -0.38694578897351056, "params": {"bus_acc": 1.0314, "bus_dcc": 2.3263, "bus_lcAssertive": 51.6563, "bus_lcCooperative": 0.3451, "bus_lcLookaheadLeft": 94.5635, "bus_lcPushy": 0.2239, "bus_lcSigma": 0.7726, "bus_lcSpeedGainRight": 1.7643, "bus_lcSublane": 0.0588, "bus_sigma": 0.1906, "bus_tau_mean": 1.2059, "bus_tau_std": 3.6427, "bus_v_mean": 20.9249, "bus_v_std": 12.2561, "car_acc": 1.2961, "car_dcc": 3.4629, "car_lcAssertive": 24.1333, "car_lcCooperative": 0.6429, "car_lcLookaheadLeft": 72.7181, "car_lcPushy": 0.1739, "car_lcSigma": 0.4821, "car_lcSpeedGainRight": 3.6797, "car_lcSublane": 0.2451, "car_sigma": 0.7942, "car_tau_mean": 2.7615, "car_tau_std": 4.3794, "car_v_mean": 13.9473, "car_v_std": 17.4975}, "datetime": {"datetime": "2024-08-10 15:21:25", "elapsed": 9935.999683, "delta": 10.963647}}
{"target": -0.29871975834839765, "params": {"bus_acc": 1.4832, "bus_dcc": 0.2733, "bus_lcAssertive": 7.7747, "bus_lcCooperative": 0.0788, "bus_lcLookaheadLeft": 71.3993, "bus_lcPushy": 0.9827, "bus_lcSigma": 0.4199, "bus_lcSpeedGainRight": 1.3369, "bus_lcSublane": 0.2052, "bus_sigma": 0.7204, "bus_tau_mean": 3.6171, "bus_tau_std": 1.4723, "bus_v_mean": 12.8859, "bus_v_std": 17.606, "car_acc": 1.1225, "car_dcc": 2.5914, "car_lcAssertive": 50.0208, "car_lcCooperative": 0.1562, "car_lcLookaheadLeft": 59.0835, "car_lcPushy": 0.6366, "car_lcSigma": 0.4957, "car_lcSpeedGainRight": 0.8545, "car_lcSublane": 0.6934, "car_sigma": 0.9965, "car_tau_mean": 2.6715, "car_tau_std": 7.3964, "car_v_mean": 13.1552, "car_v_std": 13.2025}, "datetime": {"datetime": "2024-08-10 15:21:33", "elapsed": 9943.664946, "delta": 7.665263}}
{"target": -0.47658146000979223, "params": {"bus_acc": 2.0998, "bus_dcc": 1.5265, "bus_lcAssertive": 78.1222, "bus_lcCooperative": 0.8924, "bus_lcLookaheadLeft": 40.8062, "bus_lcPushy": 0.8966, "bus_lcSigma": 0.1871, "bus_lcSpeedGainRight": 0.4069, "bus_lcSublane": 0.7936, "bus_sigma": 0.238, "bus_tau_mean": 0.8965, "bus_tau_std": 8.0807, "bus_v_mean": 24.5519, "bus_v_std": 5.7216, "car_acc": 3.7426, "car_dcc": 2.2058, "car_lcAssertive": 54.8201, "car_lcCooperative": 0.7373, "car_lcLookaheadLeft": 31.3242, "car_lcPushy": 0.761, "car_lcSigma": 0.218, "car_lcSpeedGainRight": 3.3405, "car_lcSublane": 0.2661, "car_sigma": 0.3736, "car_tau_mean": 2.7578, "car_tau_std": 2.296, "car_v_mean": 20.2831, "car_v_std": 0.1684}, "datetime": {"datetime": "2024-08-10 15:21:42", "elapsed": 9952.446068, "delta": 8.781122}}
{"target": -0.318049127814701, "params": {"bus_acc": 2.9976, "bus_dcc": 1.5747, "bus_lcAssertive": 76.6567, "bus_lcCooperative": 0.363, "bus_lcLookaheadLeft": 57.774, "bus_lcPushy": 0.3207, "bus_lcSigma": 0.2537, "bus_lcSpeedGainRight": 1.7953, "bus_lcSublane": 0.803, "bus_sigma": 0.9289, "bus_tau_mean": 0.8044, "bus_tau_std": 4.7455, "bus_v_mean": 13.7327, "bus_v_std": 4.2588, "car_acc": 2.3355, "car_dcc": 1.1625, "car_lcAssertive": 30.0524, "car_lcCooperative": 0.7158, "car_lcLookaheadLeft": 10.864, "car_lcPushy": 0.7871, "car_lcSigma": 0.1255, "car_lcSpeedGainRight": 0.4146, "car_lcSublane": 0.752, "car_sigma": 0.7513, "car_tau_mean": 1.3036, "car_tau_std": 6.448, "car_v_mean": 18.2971, "car_v_std": 12.41}, "datetime": {"datetime": "2024-08-10 15:21:54", "elapsed": 9964.231919, "delta": 11.785851}}
{"target": -0.4644799292678629, "params": {"bus_acc": 3.9292, "bus_dcc": 2.5467, "bus_lcAssertive": 78.0703, "bus_lcCooperative": 0.0442, "bus_lcLookaheadLeft": 76.0703, "bus_lcPushy": 0.5397, "bus_lcSigma": 0.9268, "bus_lcSpeedGainRight": 0.4255, "bus_lcSublane": 0.0425, "bus_sigma": 0.8389, "bus_tau_mean": 1.682, "bus_tau_std": 2.0218, "bus_v_mean": 16.076, "bus_v_std": 4.5506, "car_acc": 0.644, "car_dcc": 1.1194, "car_lcAssertive": 74.0833, "car_lcCooperative": 0.0851, "car_lcLookaheadLeft": 62.6512, "car_lcPushy": 0.7734, "car_lcSigma": 0.6963, "car_lcSpeedGainRight": 4.5246, "car_lcSublane": 0.7435, "car_sigma": 0.8847, "car_tau_mean": 0.8186, "car_tau_std": 0.7126, "car_v_mean": 23.484, "car_v_std": 10.0224}, "datetime": {"datetime": "2024-08-10 15:22:04", "elapsed": 9974.85736, "delta": 10.625441}}
{"target": -0.6813954876158873, "params": {"bus_acc": 1.2413, "bus_dcc": 0.3111, "bus_lcAssertive": 47.2077, "bus_lcCooperative": 0.6393, "bus_lcLookaheadLeft": 12.0765, "bus_lcPushy": 0.0782, "bus_lcSigma": 0.0482, "bus_lcSpeedGainRight": 4.3553, "bus_lcSublane": 0.6274, "bus_sigma": 0.2381, "bus_tau_mean": 0.8631, "bus_tau_std": 2.4652, "bus_v_mean": 22.7433, "bus_v_std": 3.8531, "car_acc": 0.2982, "car_dcc": 3.5477, "car_lcAssertive": 23.3338, "car_lcCooperative": 0.2376, "car_lcLookaheadLeft": 73.6915, "car_lcPushy": 0.4254, "car_lcSigma": 0.9486, "car_lcSpeedGainRight": 0.1983, "car_lcSublane": 0.1125, "car_sigma": 0.2421, "car_tau_mean": 1.6463, "car_tau_std": 1.634, "car_v_mean": 25.7376, "car_v_std": 7.0282}, "datetime": {"datetime": "2024-08-10 15:22:13", "elapsed": 9983.98963, "delta": 9.13227}}
{"target": -0.2893098121354406, "params": {"bus_acc": 2.9673, "bus_dcc": 1.2306, "bus_lcAssertive": 1.1376, "bus_lcCooperative": 0.2608, "bus_lcLookaheadLeft": 11.3627, "bus_lcPushy": 0.2106, "bus_lcSigma": 0.016, "bus_lcSpeedGainRight": 1.8245, "bus_lcSublane": 0.4481, "bus_sigma": 0.6909, "bus_tau_mean": 2.3707, "bus_tau_std": 2.3679, "bus_v_mean": 15.417, "bus_v_std": 16.2144, "car_acc": 2.2192, "car_dcc": 0.776, "car_lcAssertive": 20.9003, "car_lcCooperative": 0.1498, "car_lcLookaheadLeft": 34.0411, "car_lcPushy": 0.796, "car_lcSigma": 0.0128, "car_lcSpeedGainRight": 0.8978, "car_lcSublane": 0.7378, "car_sigma": 0.0047, "car_tau_mean": 2.9683, "car_tau_std": 5.2263, "car_v_mean": 21.3623, "car_v_std": 15.1466}, "datetime": {"datetime": "2024-08-10 15:22:19", "elapsed": 9989.618682, "delta": 5.629052}}
{"target": -0.25065441501826274, "params": {"bus_acc": 1.4766, "bus_dcc": 3.7184, "bus_lcAssertive": 23.008, "bus_lcCooperative": 0.1376, "bus_lcLookaheadLeft": 10.9384, "bus_lcPushy": 0.2479, "bus_lcSigma": 0.2252, "bus_lcSpeedGainRight": 0.7068, "bus_lcSublane": 0.8054, "bus_sigma": 0.2573, "bus_tau_mean": 1.1838, "bus_tau_std": 0.9725, "bus_v_mean": 22.177, "bus_v_std": 10.9699, "car_acc": 1.5146, "car_dcc": 0.7969, "car_lcAssertive": 9.3951, "car_lcCooperative": 0.1039, "car_lcLookaheadLeft": 35.7746, "car_lcPushy": 0.934, "car_lcSigma": 0.1134, "car_lcSpeedGainRight": 1.7972, "car_lcSublane": 0.4932, "car_sigma": 0.5734, "car_tau_mean": 1.8951, "car_tau_std": 3.8495, "car_v_mean": 15.5131, "car_v_std": 3.8704}, "datetime": {"datetime": "2024-08-10 15:22:27", "elapsed": 9997.497628, "delta": 7.878946}}
{"target": -0.33962188540943594, "params": {"bus_acc": 1.9515, "bus_dcc": 3.3177, "bus_lcAssertive": 30.9341, "bus_lcCooperative": 0.9759, "bus_lcLookaheadLeft": 22.697, "bus_lcPushy": 0.1674, "bus_lcSigma": 0.6488, "bus_lcSpeedGainRight": 3.6346, "bus_lcSublane": 0.7858, "bus_sigma": 0.6661, "bus_tau_mean": 3.4026, "bus_tau_std": 2.6531, "bus_v_mean": 13.4302, "bus_v_std": 6.4258, "car_acc": 1.9691, "car_dcc": 1.643, "car_lcAssertive": 64.3401, "car_lcCooperative": 0.425, "car_lcLookaheadLeft": 20.3073, "car_lcPushy": 0.8883, "car_lcSigma": 0.1423, "car_lcSpeedGainRight": 4.3931, "car_lcSublane": 0.4435, "car_sigma": 0.9793, "car_tau_mean": 1.239, "car_tau_std": 9.9591, "car_v_mean": 17.2391, "car_v_std": 9.9262}, "datetime": {"datetime": "2024-08-10 15:22:32", "elapsed": 10003.103256, "delta": 5.605628}}
{"target": -0.31978355384929064, "params": {"bus_acc": 2.8856, "bus_dcc": 1.2704, "bus_lcAssertive": 38.5485, "bus_lcCooperative": 0.9179, "bus_lcLookaheadLeft": 74.775, "bus_lcPushy": 0.4026, "bus_lcSigma": 0.3536, "bus_lcSpeedGainRight": 1.5866, "bus_lcSublane": 0.3995, "bus_sigma": 0.8727, "bus_tau_mean": 1.8136, "bus_tau_std": 8.6965, "bus_v_mean": 22.5863, "bus_v_std": 2.4872, "car_acc": 3.9235, "car_dcc": 1.2562, "car_lcAssertive": 80.9602, "car_lcCooperative": 0.2035, "car_lcLookaheadLeft": 20.9466, "car_lcPushy": 0.8217, "car_lcSigma": 0.3662, "car_lcSpeedGainRight": 4.2553, "car_lcSublane": 0.7766, "car_sigma": 0.4297, "car_tau_mean": 1.3853, "car_tau_std": 5.3526, "car_v_mean": 14.9736, "car_v_std": 5.2329}, "datetime": {"datetime": "2024-08-10 15:22:39", "elapsed": 10009.973121, "delta": 6.869865}}
{"target": -0.3048928253272371, "params": {"bus_acc": 2.7333, "bus_dcc": 1.6449, "bus_lcAssertive": 4.3452, "bus_lcCooperative": 0.0941, "bus_lcLookaheadLeft": 54.1597, "bus_lcPushy": 0.9785, "bus_lcSigma": 0.8454, "bus_lcSpeedGainRight": 3.5626, "bus_lcSublane": 0.6984, "bus_sigma": 0.4846, "bus_tau_mean": 0.6116, "bus_tau_std": 5.1698, "bus_v_mean": 25.2064, "bus_v_std": 1.3387, "car_acc": 3.103, "car_dcc": 0.3925, "car_lcAssertive": 98.016, "car_lcCooperative": 0.3264, "car_lcLookaheadLeft": 53.8228, "car_lcPushy": 0.6082, "car_lcSigma": 0.8027, "car_lcSpeedGainRight": 3.5413, "car_lcSublane": 0.0643, "car_sigma": 0.3742, "car_tau_mean": 2.2582, "car_tau_std": 8.511, "car_v_mean": 13.0459, "car_v_std": 7.2765}, "datetime": {"datetime": "2024-08-10 15:22:45", "elapsed": 10015.386988, "delta": 5.413867}}
{"target": -0.2920877674568385, "params": {"bus_acc": 0.3998, "bus_dcc": 2.1662, "bus_lcAssertive": 43.6777, "bus_lcCooperative": 0.6168, "bus_lcLookaheadLeft": 52.5461, "bus_lcPushy": 0.8125, "bus_lcSigma": 0.7833, "bus_lcSpeedGainRight": 1.3054, "bus_lcSublane": 0.8106, "bus_sigma": 0.4843, "bus_tau_mean": 2.9969, "bus_tau_std": 7.593, "bus_v_mean": 19.5227, "bus_v_std": 1.084, "car_acc": 3.8954, "car_dcc": 1.5155, "car_lcAssertive": 4.3408, "car_lcCooperative": 0.2514, "car_lcLookaheadLeft": 31.2638, "car_lcPushy": 0.2322, "car_lcSigma": 0.0361, "car_lcSpeedGainRight": 0.6503, "car_lcSublane": 0.5489, "car_sigma": 0.7411, "car_tau_mean": 0.5412, "car_tau_std": 8.578, "car_v_mean": 23.124, "car_v_std": 3.5855}, "datetime": {"datetime": "2024-08-10 15:22:50", "elapsed": 10020.614043, "delta": 5.227055}}
{"target": -0.331732960369325, "params": {"bus_acc": 2.0412, "bus_dcc": 0.3144, "bus_lcAssertive": 55.5972, "bus_lcCooperative": 0.6528, "bus_lcLookaheadLeft": 74.3844, "bus_lcPushy": 0.0292, "bus_lcSigma": 0.7937, "bus_lcSpeedGainRight": 0.9672, "bus_lcSublane": 0.0089, "bus_sigma": 0.4498, "bus_tau_mean": 3.7456, "bus_tau_std": 5.6524, "bus_v_mean": 16.444, "bus_v_std": 6.2689, "car_acc": 3.6629, "car_dcc": 2.1668, "car_lcAssertive": 88.0826, "car_lcCooperative": 0.288, "car_lcLookaheadLeft": 62.5727, "car_lcPushy": 0.2038, "car_lcSigma": 0.5222, "car_lcSpeedGainRight": 3.4292, "car_lcSublane": 0.7901, "car_sigma": 0.3878, "car_tau_mean": 1.0534, "car_tau_std": 7.0629, "car_v_mean": 22.0139, "car_v_std": 11.2551}, "datetime": {"datetime": "2024-08-10 15:22:57", "elapsed": 10027.452578, "delta": 6.838535}}
{"target": -0.34678363662299416, "params": {"bus_acc": 3.221, "bus_dcc": 3.5397, "bus_lcAssertive": 80.2662, "bus_lcCooperative": 0.855, "bus_lcLookaheadLeft": 23.8528, "bus_lcPushy": 0.8281, "bus_lcSigma": 0.6306, "bus_lcSpeedGainRight": 1.1799, "bus_lcSublane": 0.7208, "bus_sigma": 0.314, "bus_tau_mean": 1.3778, "bus_tau_std": 7.2156, "bus_v_mean": 19.0015, "bus_v_std": 6.1084, "car_acc": 2.6948, "car_dcc": 3.9616, "car_lcAssertive": 55.8283, "car_lcCooperative": 0.469, "car_lcLookaheadLeft": 60.3615, "car_lcPushy": 0.9547, "car_lcSigma": 0.0166, "car_lcSpeedGainRight": 0.9604, "car_lcSublane": 0.4746, "car_sigma": 0.419, "car_tau_mean": 2.2964, "car_tau_std": 6.3458, "car_v_mean": 20.6656, "car_v_std": 12.5231}, "datetime": {"datetime": "2024-08-10 15:23:02", "elapsed": 10032.384046, "delta": 4.931468}}
{"target": -0.5259698060220243, "params": {"bus_acc": 1.8972, "bus_dcc": 3.397, "bus_lcAssertive": 66.9122, "bus_lcCooperative": 0.1901, "bus_lcLookaheadLeft": 13.9539, "bus_lcPushy": 0.9241, "bus_lcSigma": 0.754, "bus_lcSpeedGainRight": 4.9534, "bus_lcSublane": 0.374, "bus_sigma": 0.0642, "bus_tau_mean": 1.3109, "bus_tau_std": 6.4471, "bus_v_mean": 18.9271, "bus_v_std": 11.3572, "car_acc": 0.7152, "car_dcc": 3.3657, "car_lcAssertive": 69.0726, "car_lcCooperative": 0.2691, "car_lcLookaheadLeft": 33.4941, "car_lcPushy": 0.1605, "car_lcSigma": 0.3025, "car_lcSpeedGainRight": 2.1734, "car_lcSublane": 0.18, "car_sigma": 0.9836, "car_tau_mean": 1.8984, "car_tau_std": 6.7388, "car_v_mean": 17.9699, "car_v_std": 11.1725}, "datetime": {"datetime": "2024-08-10 15:23:11", "elapsed": 10042.087693, "delta": 9.703647}}
{"target": -0.3545713116386236, "params": {"bus_acc": 2.3742, "bus_dcc": 1.8522, "bus_lcAssertive": 94.5251, "bus_lcCooperative": 0.3187, "bus_lcLookaheadLeft": 40.923, "bus_lcPushy": 0.6066, "bus_lcSigma": 0.5841, "bus_lcSpeedGainRight": 0.2281, "bus_lcSublane": 0.3257, "bus_sigma": 0.4051, "bus_tau_mean": 2.3819, "bus_tau_std": 0.9373, "bus_v_mean": 21.6902, "bus_v_std": 18.029, "car_acc": 1.9799, "car_dcc": 2.6567, "car_lcAssertive": 10.4589, "car_lcCooperative": 0.8473, "car_lcLookaheadLeft": 48.7678, "car_lcPushy": 0.3123, "car_lcSigma": 0.1403, "car_lcSpeedGainRight": 3.27, "car_lcSublane": 0.7911, "car_sigma": 0.4836, "car_tau_mean": 2.8142, "car_tau_std": 1.7931, "car_v_mean": 16.2584, "car_v_std": 10.7338}, "datetime": {"datetime": "2024-08-10 15:23:20", "elapsed": 10050.37894, "delta": 8.291247}}
{"target": -0.493882528118033, "params": {"bus_acc": 1.2174, "bus_dcc": 2.7207, "bus_lcAssertive": 34.2816, "bus_lcCooperative": 0.9868, "bus_lcLookaheadLeft": 71.838, "bus_lcPushy": 0.1357, "bus_lcSigma": 0.8127, "bus_lcSpeedGainRight": 3.7839, "bus_lcSublane": 0.3906, "bus_sigma": 0.1048, "bus_tau_mean": 1.1582, "bus_tau_std": 9.7326, "bus_v_mean": 24.844, "bus_v_std": 5.6354, "car_acc": 0.7237, "car_dcc": 3.8693, "car_lcAssertive": 99.4072, "car_lcCooperative": 0.689, "car_lcLookaheadLeft": 24.091, "car_lcPushy": 0.4467, "car_lcSigma": 0.8806, "car_lcSpeedGainRight": 3.4659, "car_lcSublane": 0.5424, "car_sigma": 0.8075, "car_tau_mean": 3.1895, "car_tau_std": 9.1356, "car_v_mean": 24.4571, "car_v_std": 11.0345}, "datetime": {"datetime": "2024-08-10 15:23:28", "elapsed": 10059.114299, "delta": 8.735359}}
{"target": -0.31124259971636575, "params": {"bus_acc": 1.8868, "bus_dcc": 2.9692, "bus_lcAssertive": 61.9391, "bus_lcCooperative": 0.1013, "bus_lcLookaheadLeft": 9.3693, "bus_lcPushy": 0.522, "bus_lcSigma": 0.4698, "bus_lcSpeedGainRight": 3.1385, "bus_lcSublane": 0.9506, "bus_sigma": 0.082, "bus_tau_mean": 3.5354, "bus_tau_std": 8.431, "bus_v_mean": 8.9066, "bus_v_std": 17.4383, "car_acc": 2.1843, "car_dcc": 0.9231, "car_lcAssertive": 82.331, "car_lcCooperative": 0.9396, "car_lcLookaheadLeft": 74.2324, "car_lcPushy": 0.2221, "car_lcSigma": 0.5228, "car_lcSpeedGainRight": 3.1537, "car_lcSublane": 0.0957, "car_sigma": 0.1888, "car_tau_mean": 3.2933, "car_tau_std": 5.0087, "car_v_mean": 15.8451, "car_v_std": 15.3031}, "datetime": {"datetime": "2024-08-10 15:23:46", "elapsed": 10076.49333, "delta": 17.379031}}
{"target": -0.29851450929216533, "params": {"bus_acc": 2.5543, "bus_dcc": 1.7157, "bus_lcAssertive": 33.9244, "bus_lcCooperative": 0.7926, "bus_lcLookaheadLeft": 78.8614, "bus_lcPushy": 0.853, "bus_lcSigma": 0.4412, "bus_lcSpeedGainRight": 2.0333, "bus_lcSublane": 0.942, "bus_sigma": 0.1007, "bus_tau_mean": 3.9145, "bus_tau_std": 3.6103, "bus_v_mean": 21.2745, "bus_v_std": 18.2465, "car_acc": 1.9689, "car_dcc": 0.8346, "car_lcAssertive": 15.81, "car_lcCooperative": 0.4827, "car_lcLookaheadLeft": 93.0937, "car_lcPushy": 0.278, "car_lcSigma": 0.5669, "car_lcSpeedGainRight": 1.6611, "car_lcSublane": 0.0364, "car_sigma": 0.3072, "car_tau_mean": 1.7088, "car_tau_std": 2.1913, "car_v_mean": 20.4235, "car_v_std": 14.1606}, "datetime": {"datetime": "2024-08-10 15:23:55", "elapsed": 10085.946763, "delta": 9.453433}}
{"target": -0.2677723488644073, "params": {"bus_acc": 2.0785, "bus_dcc": 0.5121, "bus_lcAssertive": 55.4633, "bus_lcCooperative": 0.0542, "bus_lcLookaheadLeft": 70.8911, "bus_lcPushy": 0.3443, "bus_lcSigma": 0.211, "bus_lcSpeedGainRight": 2.8301, "bus_lcSublane": 0.7929, "bus_sigma": 0.827, "bus_tau_mean": 3.0812, "bus_tau_std": 8.8803, "bus_v_mean": 21.5039, "bus_v_std": 11.1094, "car_acc": 3.8148, "car_dcc": 1.4557, "car_lcAssertive": 80.1461, "car_lcCooperative": 0.3195, "car_lcLookaheadLeft": 71.2654, "car_lcPushy": 0.0394, "car_lcSigma": 0.8487, "car_lcSpeedGainRight": 1.8951, "car_lcSublane": 0.6157, "car_sigma": 0.5355, "car_tau_mean": 0.8921, "car_tau_std": 0.6024, "car_v_mean": 16.0492, "car_v_std": 8.4476}, "datetime": {"datetime": "2024-08-10 15:24:05", "elapsed": 10095.391459, "delta": 9.444696}}
{"target": -0.3075116708041004, "params": {"bus_acc": 2.9732, "bus_dcc": 3.1036, "bus_lcAssertive": 86.4089, "bus_lcCooperative": 0.375, "bus_lcLookaheadLeft": 89.7966, "bus_lcPushy": 0.7413, "bus_lcSigma": 0.0769, "bus_lcSpeedGainRight": 1.8233, "bus_lcSublane": 0.3018, "bus_sigma": 0.664, "bus_tau_mean": 1.1037, "bus_tau_std": 5.3163, "bus_v_mean": 20.3395, "bus_v_std": 10.5983, "car_acc": 2.9122, "car_dcc": 3.4545, "car_lcAssertive": 28.8038, "car_lcCooperative": 0.6647, "car_lcLookaheadLeft": 50.5574, "car_lcPushy": 0.634, "car_lcSigma": 0.0869, "car_lcSpeedGainRight": 2.9397, "car_lcSublane": 0.9537, "car_sigma": 0.9044, "car_tau_mean": 0.9236, "car_tau_std": 5.5874, "car_v_mean": 13.7083, "car_v_std": 4.5458}, "datetime": {"datetime": "2024-08-10 15:24:13", "elapsed": 10103.379229, "delta": 7.98777}}
{"target": -0.5152993674842375, "params": {"bus_acc": 2.2826, "bus_dcc": 2.0262, "bus_lcAssertive": 71.6594, "bus_lcCooperative": 0.4594, "bus_lcLookaheadLeft": 96.8613, "bus_lcPushy": 0.8514, "bus_lcSigma": 0.9858, "bus_lcSpeedGainRight": 2.2858, "bus_lcSublane": 0.3809, "bus_sigma": 0.3362, "bus_tau_mean": 3.2337, "bus_tau_std": 3.2861, "bus_v_mean": 11.026, "bus_v_std": 3.1321, "car_acc": 0.7659, "car_dcc": 3.762, "car_lcAssertive": 15.731, "car_lcCooperative": 0.5556, "car_lcLookaheadLeft": 61.2306, "car_lcPushy": 0.9262, "car_lcSigma": 0.2279, "car_lcSpeedGainRight": 4.6548, "car_lcSublane": 0.7738, "car_sigma": 0.0066, "car_tau_mean": 1.984, "car_tau_std": 1.6275, "car_v_mean": 19.1716, "car_v_std": 14.4871}, "datetime": {"datetime": "2024-08-10 15:24:18", "elapsed": 10108.744302, "delta": 5.365073}}
{"target": -0.2971967188831724, "params": {"bus_acc": 1.5117, "bus_dcc": 1.5289, "bus_lcAssertive": 17.8803, "bus_lcCooperative": 0.6599, "bus_lcLookaheadLeft": 70.1206, "bus_lcPushy": 0.5368, "bus_lcSigma": 0.5079, "bus_lcSpeedGainRight": 4.0069, "bus_lcSublane": 0.8388, "bus_sigma": 0.6939, "bus_tau_mean": 2.4505, "bus_tau_std": 7.037, "bus_v_mean": 23.5805, "bus_v_std": 18.697, "car_acc": 3.2342, "car_dcc": 2.146, "car_lcAssertive": 9.3996, "car_lcCooperative": 0.6934, "car_lcLookaheadLeft": 20.2048, "car_lcPushy": 0.8294, "car_lcSigma": 0.2547, "car_lcSpeedGainRight": 4.5078, "car_lcSublane": 0.2676, "car_sigma": 0.2987, "car_tau_mean": 3.5277, "car_tau_std": 8.8705, "car_v_mean": 21.6163, "car_v_std": 6.7787}, "datetime": {"datetime": "2024-08-10 15:24:23", "elapsed": 10114.01752, "delta": 5.273218}}
{"target": -0.42112555506455823, "params": {"bus_acc": 3.5364, "bus_dcc": 1.6175, "bus_lcAssertive": 59.9539, "bus_lcCooperative": 0.5922, "bus_lcLookaheadLeft": 98.7269, "bus_lcPushy": 0.9793, "bus_lcSigma": 0.8054, "bus_lcSpeedGainRight": 2.4061, "bus_lcSublane": 0.8191, "bus_sigma": 0.9697, "bus_tau_mean": 2.7039, "bus_tau_std": 5.617, "bus_v_mean": 18.993, "bus_v_std": 8.9463, "car_acc": 0.9476, "car_dcc": 2.4305, "car_lcAssertive": 9.8643, "car_lcCooperative": 0.5469, "car_lcLookaheadLeft": 55.3334, "car_lcPushy": 0.7882, "car_lcSigma": 0.3139, "car_lcSpeedGainRight": 1.4552, "car_lcSublane": 0.3126, "car_sigma": 0.593, "car_tau_mean": 2.7846, "car_tau_std": 2.5033, "car_v_mean": 8.968, "car_v_std": 9.7491}, "datetime": {"datetime": "2024-08-10 15:24:29", "elapsed": 10119.507773, "delta": 5.490253}}
{"target": -0.38616488066766164, "params": {"bus_acc": 1.589, "bus_dcc": 1.9016, "bus_lcAssertive": 43.5278, "bus_lcCooperative": 0.3723, "bus_lcLookaheadLeft": 6.5402, "bus_lcPushy": 0.955, "bus_lcSigma": 0.711, "bus_lcSpeedGainRight": 0.2692, "bus_lcSublane": 0.421, "bus_sigma": 0.9825, "bus_tau_mean": 3.4634, "bus_tau_std": 8.9909, "bus_v_mean": 25.4503, "bus_v_std": 6.3658, "car_acc": 1.2556, "car_dcc": 1.572, "car_lcAssertive": 53.0429, "car_lcCooperative": 0.983, "car_lcLookaheadLeft": 56.4971, "car_lcPushy": 0.3267, "car_lcSigma": 0.7844, "car_lcSpeedGainRight": 0.3179, "car_lcSublane": 0.8059, "car_sigma": 0.7454, "car_tau_mean": 3.854, "car_tau_std": 5.0752, "car_v_mean": 21.4379, "car_v_std": 15.5099}, "datetime": {"datetime": "2024-08-10 15:24:35", "elapsed": 10125.554361, "delta": 6.046588}}
{"target": -0.3402528790662615, "params": {"bus_acc": 3.798, "bus_dcc": 3.5586, "bus_lcAssertive": 7.4779, "bus_lcCooperative": 0.3319, "bus_lcLookaheadLeft": 90.3897, "bus_lcPushy": 0.4974, "bus_lcSigma": 0.2381, "bus_lcSpeedGainRight": 1.0569, "bus_lcSublane": 0.289, "bus_sigma": 0.4833, "bus_tau_mean": 2.6008, "bus_tau_std": 5.7895, "bus_v_mean": 15.3733, "bus_v_std": 16.8242, "car_acc": 1.3358, "car_dcc": 3.4838, "car_lcAssertive": 8.876, "car_lcCooperative": 0.5947, "car_lcLookaheadLeft": 54.978, "car_lcPushy": 0.4698, "car_lcSigma": 0.7965, "car_lcSpeedGainRight": 1.2323, "car_lcSublane": 0.9706, "car_sigma": 0.7773, "car_tau_mean": 3.1682, "car_tau_std": 5.6049, "car_v_mean": 23.1381, "car_v_std": 8.2291}, "datetime": {"datetime": "2024-08-10 15:24:42", "elapsed": 10132.300501, "delta": 6.74614}}
