{"target": -0.4021140813038679, "params": {"bus_acc": 1.3274, "bus_dcc": 2.4006, "bus_lcAssertive": 90.6943, "bus_lcCooperative": 0.7297, "bus_lcLookaheadLeft": 58.0071, "bus_lcPushy": 0.6919, "bus_lcSigma": 0.6498, "bus_lcSpeedGainRight": 4.4153, "bus_lcSublane": 0.751, "bus_sigma": 0.271, "bus_tau_mean": 1.295, "bus_tau_std": 8.2073, "bus_v_mean": 10.924, "bus_v_std": 17.767, "car_acc": 0.9734, "car_dcc": 3.8543, "car_lcAssertive": 94.3994, "car_lcCooperative": 0.0603, "car_lcLookaheadLeft": 88.6135, "car_lcPushy": 0.9647, "car_lcSigma": 0.9077, "car_lcSpeedGainRight": 4.114, "car_lcSublane": 0.1609, "car_sigma": 0.9003, "car_tau_mean": 3.0521, "car_tau_std": 8.6841, "car_v_mean": 13.8974, "car_v_std": 5.1229}, "datetime": {"datetime": "2024-08-10 13:36:40", "elapsed": 3650.362522, "delta": 3.293051}}
{"target": -0.47499645262278456, "params": {"bus_acc": 3.1385, "bus_dcc": 2.0801, "bus_lcAssertive": 93.5214, "bus_lcCooperative": 0.4767, "bus_lcLookaheadLeft": 79.9609, "bus_lcPushy": 0.3752, "bus_lcSigma": 0.2694, "bus_lcSpeedGainRight": 0.9168, "bus_lcSublane": 0.1338, "bus_sigma": 0.3492, "bus_tau_mean": 3.2962, "bus_tau_std": 5.284, "bus_v_mean": 18.5206, "bus_v_std": 16.3207, "car_acc": 1.2779, "car_dcc": 2.6191, "car_lcAssertive": 52.7387, "car_lcCooperative": 0.6374, "car_lcLookaheadLeft": 77.8571, "car_lcPushy": 0.0801, "car_lcSigma": 0.2884, "car_lcSpeedGainRight": 3.9019, "car_lcSublane": 0.0597, "car_sigma": 0.3866, "car_tau_mean": 0.5467, "car_tau_std": 0.5797, "car_v_mean": 18.451, "car_v_std": 18.1395}, "datetime": {"datetime": "2024-08-10 13:36:46", "elapsed": 3656.589105, "delta": 6.226583}}
{"target": -0.2589952043718798, "params": {"bus_acc": 3.0678, "bus_dcc": 2.94, "bus_lcAssertive": 45.3792, "bus_lcCooperative": 0.452, "bus_lcLookaheadLeft": 32.3024, "bus_lcPushy": 0.2793, "bus_lcSigma": 0.6069, "bus_lcSpeedGainRight": 3.0147, "bus_lcSublane": 0.5893, "bus_sigma": 0.008, "bus_tau_mean": 2.0676, "bus_tau_std": 8.8718, "bus_v_mean": 8.2944, "bus_v_std": 7.1415, "car_acc": 1.5079, "car_dcc": 0.4687, "car_lcAssertive": 45.8696, "car_lcCooperative": 0.7994, "car_lcLookaheadLeft": 43.0298, "car_lcPushy": 0.7178, "car_lcSigma": 0.1538, "car_lcSpeedGainRight": 3.1022, "car_lcSublane": 0.678, "car_sigma": 0.8293, "car_tau_mean": 1.7427, "car_tau_std": 7.5858, "car_v_mean": 23.1416, "car_v_std": 13.3207}, "datetime": {"datetime": "2024-08-10 13:36:50", "elapsed": 3660.313643, "delta": 3.724538}}
{"target": -0.3594733847874838, "params": {"bus_acc": 2.2661, "bus_dcc": 2.2033, "bus_lcAssertive": 29.7943, "bus_lcCooperative": 0.2995, "bus_lcLookaheadLeft": 88.0887, "bus_lcPushy": 0.5572, "bus_lcSigma": 0.1885, "bus_lcSpeedGainRight": 0.7724, "bus_lcSublane": 0.086, "bus_sigma": 0.9972, "bus_tau_mean": 2.5989, "bus_tau_std": 1.4696, "bus_v_mean": 11.8465, "bus_v_std": 8.9073, "car_acc": 1.0913, "car_dcc": 1.6665, "car_lcAssertive": 47.3622, "car_lcCooperative": 0.4478, "car_lcLookaheadLeft": 76.7761, "car_lcPushy": 0.3297, "car_lcSigma": 0.0913, "car_lcSpeedGainRight": 0.8321, "car_lcSublane": 0.4193, "car_sigma": 0.3734, "car_tau_mean": 1.9523, "car_tau_std": 3.063, "car_v_mean": 19.73, "car_v_std": 12.0542}, "datetime": {"datetime": "2024-08-10 13:36:58", "elapsed": 3668.32742, "delta": 8.013777}}
{"target": -0.3803755239821616, "params": {"bus_acc": 1.8315, "bus_dcc": 1.9317, "bus_lcAssertive": 86.6008, "bus_lcCooperative": 0.7554, "bus_lcLookaheadLeft": 22.4726, "bus_lcPushy": 0.7768, "bus_lcSigma": 0.5257, "bus_lcSpeedGainRight": 4.3362, "bus_lcSublane": 0.5539, "bus_sigma": 0.0184, "bus_tau_mean": 0.7835, "bus_tau_std": 1.2105, "bus_v_mean": 13.4763, "bus_v_std": 0.8122, "car_acc": 1.8481, "car_dcc": 3.6986, "car_lcAssertive": 55.5789, "car_lcCooperative": 0.6142, "car_lcLookaheadLeft": 38.4619, "car_lcPushy": 0.3091, "car_lcSigma": 0.8825, "car_lcSpeedGainRight": 4.5861, "car_lcSublane": 0.8071, "car_sigma": 0.9378, "car_tau_mean": 3.6151, "car_tau_std": 1.4175, "car_v_mean": 18.4292, "car_v_std": 11.9035}, "datetime": {"datetime": "2024-08-10 13:37:01", "elapsed": 3671.578607, "delta": 3.251187}}
{"target": -0.23664745248287708, "params": {"bus_acc": 2.8016, "bus_dcc": 2.412, "bus_lcAssertive": 13.0416, "bus_lcCooperative": 0.7012, "bus_lcLookaheadLeft": 41.8853, "bus_lcPushy": 0.4166, "bus_lcSigma": 0.7934, "bus_lcSpeedGainRight": 0.6304, "bus_lcSublane": 0.1743, "bus_sigma": 0.8173, "bus_tau_mean": 2.4527, "bus_tau_std": 6.5513, "bus_v_mean": 11.882, "bus_v_std": 5.8761, "car_acc": 2.0006, "car_dcc": 0.828, "car_lcAssertive": 5.4039, "car_lcCooperative": 0.4785, "car_lcLookaheadLeft": 10.2672, "car_lcPushy": 0.3507, "car_lcSigma": 0.53, "car_lcSpeedGainRight": 3.1123, "car_lcSublane": 0.8711, "car_sigma": 0.8423, "car_tau_mean": 2.1472, "car_tau_std": 0.8211, "car_v_mean": 18.0549, "car_v_std": 1.5248}, "datetime": {"datetime": "2024-08-10 13:37:06", "elapsed": 3676.503373, "delta": 4.924766}}
{"target": -0.32172270140222964, "params": {"bus_acc": 1.546, "bus_dcc": 2.715, "bus_lcAssertive": 23.8554, "bus_lcCooperative": 0.8626, "bus_lcLookaheadLeft": 65.6698, "bus_lcPushy": 0.704, "bus_lcSigma": 0.1973, "bus_lcSpeedGainRight": 1.2563, "bus_lcSublane": 0.8675, "bus_sigma": 0.8866, "bus_tau_mean": 3.8093, "bus_tau_std": 7.3556, "bus_v_mean": 23.2084, "bus_v_std": 6.2475, "car_acc": 3.5028, "car_dcc": 1.0862, "car_lcAssertive": 45.1111, "car_lcCooperative": 0.3305, "car_lcLookaheadLeft": 49.0796, "car_lcPushy": 0.3533, "car_lcSigma": 0.8237, "car_lcSpeedGainRight": 3.6043, "car_lcSublane": 0.3531, "car_sigma": 0.4359, "car_tau_mean": 3.3208, "car_tau_std": 7.6501, "car_v_mean": 16.1327, "car_v_std": 11.6285}, "datetime": {"datetime": "2024-08-10 13:37:11", "elapsed": 3681.258636, "delta": 4.755263}}
{"target": -0.3923536794858073, "params": {"bus_acc": 0.4832, "bus_dcc": 1.5336, "bus_lcAssertive": 21.997, "bus_lcCooperative": 0.3912, "bus_lcLookaheadLeft": 32.2327, "bus_lcPushy": 0.9683, "bus_lcSigma": 0.2886, "bus_lcSpeedGainRight": 2.3213, "bus_lcSublane": 0.425, "bus_sigma": 0.7912, "bus_tau_mean": 2.988, "bus_tau_std": 0.7667, "bus_v_mean": 25.3774, "bus_v_std": 1.6421, "car_acc": 1.3633, "car_dcc": 2.7695, "car_lcAssertive": 73.0864, "car_lcCooperative": 0.4985, "car_lcLookaheadLeft": 62.3766, "car_lcPushy": 0.618, "car_lcSigma": 0.5411, "car_lcSpeedGainRight": 0.7601, "car_lcSublane": 0.6234, "car_sigma": 0.0191, "car_tau_mean": 2.5091, "car_tau_std": 9.3429, "car_v_mean": 15.9662, "car_v_std": 15.1313}, "datetime": {"datetime": "2024-08-10 13:37:14", "elapsed": 3684.472707, "delta": 3.214071}}
{"target": -0.2756790006762434, "params": {"bus_acc": 0.5206, "bus_dcc": 0.3755, "bus_lcAssertive": 83.568, "bus_lcCooperative": 0.5978, "bus_lcLookaheadLeft": 33.9086, "bus_lcPushy": 0.5867, "bus_lcSigma": 0.8924, "bus_lcSpeedGainRight": 4.3021, "bus_lcSublane": 0.4768, "bus_sigma": 0.378, "bus_tau_mean": 3.6515, "bus_tau_std": 2.6338, "bus_v_mean": 25.3311, "bus_v_std": 3.5023, "car_acc": 3.4018, "car_dcc": 2.9383, "car_lcAssertive": 15.2254, "car_lcCooperative": 0.5551, "car_lcLookaheadLeft": 11.7764, "car_lcPushy": 0.1614, "car_lcSigma": 0.1224, "car_lcSpeedGainRight": 1.1415, "car_lcSublane": 0.0272, "car_sigma": 0.8774, "car_tau_mean": 3.7462, "car_tau_std": 1.6561, "car_v_mean": 15.9169, "car_v_std": 7.9454}, "datetime": {"datetime": "2024-08-10 13:37:17", "elapsed": 3687.992233, "delta": 3.519526}}
{"target": -0.45854537233789133, "params": {"bus_acc": 1.8219, "bus_dcc": 1.862, "bus_lcAssertive": 38.6415, "bus_lcCooperative": 0.4456, "bus_lcLookaheadLeft": 77.0328, "bus_lcPushy": 0.187, "bus_lcSigma": 0.9917, "bus_lcSpeedGainRight": 3.8835, "bus_lcSublane": 0.4113, "bus_sigma": 0.7296, "bus_tau_mean": 1.3324, "bus_tau_std": 0.666, "bus_v_mean": 14.4425, "bus_v_std": 15.3832, "car_acc": 2.2529, "car_dcc": 0.6402, "car_lcAssertive": 59.9837, "car_lcCooperative": 0.5023, "car_lcLookaheadLeft": 51.3606, "car_lcPushy": 0.4858, "car_lcSigma": 0.7737, "car_lcSpeedGainRight": 1.5646, "car_lcSublane": 0.2173, "car_sigma": 0.8797, "car_tau_mean": 2.6683, "car_tau_std": 9.6419, "car_v_mean": 17.4456, "car_v_std": 0.0477}, "datetime": {"datetime": "2024-08-10 13:37:21", "elapsed": 3691.889075, "delta": 3.896842}}
{"target": -0.30651683444150696, "params": {"bus_acc": 1.9209, "bus_dcc": 0.4617, "bus_lcAssertive": 66.9277, "bus_lcCooperative": 0.8597, "bus_lcLookaheadLeft": 12.0021, "bus_lcPushy": 0.7152, "bus_lcSigma": 0.546, "bus_lcSpeedGainRight": 4.4418, "bus_lcSublane": 0.4468, "bus_sigma": 0.1949, "bus_tau_mean": 2.6164, "bus_tau_std": 2.7072, "bus_v_mean": 9.0197, "bus_v_std": 9.1417, "car_acc": 1.5804, "car_dcc": 0.8956, "car_lcAssertive": 87.1079, "car_lcCooperative": 0.7054, "car_lcLookaheadLeft": 4.4872, "car_lcPushy": 0.869, "car_lcSigma": 0.9994, "car_lcSpeedGainRight": 4.3212, "car_lcSublane": 0.7347, "car_sigma": 0.8544, "car_tau_mean": 3.7148, "car_tau_std": 1.6547, "car_v_mean": 10.3973, "car_v_std": 16.2747}, "datetime": {"datetime": "2024-08-10 13:37:26", "elapsed": 3696.298442, "delta": 4.409367}}
{"target": -0.3218024384788472, "params": {"bus_acc": 1.2676, "bus_dcc": 1.1258, "bus_lcAssertive": 87.215, "bus_lcCooperative": 0.395, "bus_lcLookaheadLeft": 22.0822, "bus_lcPushy": 0.8149, "bus_lcSigma": 0.6759, "bus_lcSpeedGainRight": 4.807, "bus_lcSublane": 0.0235, "bus_sigma": 0.4278, "bus_tau_mean": 2.5914, "bus_tau_std": 0.0422, "bus_v_mean": 14.8417, "bus_v_std": 4.5573, "car_acc": 2.1017, "car_dcc": 1.5268, "car_lcAssertive": 69.8633, "car_lcCooperative": 0.2338, "car_lcLookaheadLeft": 97.0995, "car_lcPushy": 0.0301, "car_lcSigma": 0.5119, "car_lcSpeedGainRight": 2.5471, "car_lcSublane": 0.4683, "car_sigma": 0.0171, "car_tau_mean": 3.5, "car_tau_std": 4.4097, "car_v_mean": 13.1905, "car_v_std": 15.6185}, "datetime": {"datetime": "2024-08-10 13:37:31", "elapsed": 3701.143111, "delta": 4.844669}}
{"target": -0.48584612924335246, "params": {"bus_acc": 0.3938, "bus_dcc": 1.8577, "bus_lcAssertive": 87.4269, "bus_lcCooperative": 0.1511, "bus_lcLookaheadLeft": 99.756, "bus_lcPushy": 0.7107, "bus_lcSigma": 0.6118, "bus_lcSpeedGainRight": 4.6034, "bus_lcSublane": 0.4814, "bus_sigma": 0.7503, "bus_tau_mean": 0.5684, "bus_tau_std": 5.392, "bus_v_mean": 24.4393, "bus_v_std": 12.567, "car_acc": 0.667, "car_dcc": 0.7698, "car_lcAssertive": 41.9955, "car_lcCooperative": 0.7343, "car_lcLookaheadLeft": 76.0278, "car_lcPushy": 0.3569, "car_lcSigma": 0.4176, "car_lcSpeedGainRight": 1.1038, "car_lcSublane": 0.4949, "car_sigma": 0.1046, "car_tau_mean": 3.4865, "car_tau_std": 8.4735, "car_v_mean": 18.9127, "car_v_std": 16.5946}, "datetime": {"datetime": "2024-08-10 13:37:34", "elapsed": 3705.078686, "delta": 3.935575}}
{"target": -0.7295126122600157, "params": {"bus_acc": 3.3553, "bus_dcc": 3.7869, "bus_lcAssertive": 86.825, "bus_lcCooperative": 0.2718, "bus_lcLookaheadLeft": 41.3082, "bus_lcPushy": 0.6319, "bus_lcSigma": 0.5912, "bus_lcSpeedGainRight": 4.0663, "bus_lcSublane": 0.4575, "bus_sigma": 0.081, "bus_tau_mean": 1.9575, "bus_tau_std": 7.0441, "bus_v_mean": 13.8738, "bus_v_std": 17.8309, "car_acc": 0.2455, "car_dcc": 2.5478, "car_lcAssertive": 2.4098, "car_lcCooperative": 0.045, "car_lcLookaheadLeft": 36.1949, "car_lcPushy": 0.4403, "car_lcSigma": 0.1936, "car_lcSpeedGainRight": 0.2848, "car_lcSublane": 0.6831, "car_sigma": 0.3568, "car_tau_mean": 3.6129, "car_tau_std": 7.3311, "car_v_mean": 16.9439, "car_v_std": 8.4742}, "datetime": {"datetime": "2024-08-10 13:37:41", "elapsed": 3711.233616, "delta": 6.15493}}
{"target": -0.3895950961235573, "params": {"bus_acc": 2.2306, "bus_dcc": 1.0783, "bus_lcAssertive": 58.1442, "bus_lcCooperative": 0.1934, "bus_lcLookaheadLeft": 95.2434, "bus_lcPushy": 0.3332, "bus_lcSigma": 0.0413, "bus_lcSpeedGainRight": 3.2596, "bus_lcSublane": 0.7331, "bus_sigma": 0.9765, "bus_tau_mean": 0.906, "bus_tau_std": 1.8875, "bus_v_mean": 10.3744, "bus_v_std": 15.3764, "car_acc": 3.829, "car_dcc": 3.1989, "car_lcAssertive": 20.42, "car_lcCooperative": 0.9928, "car_lcLookaheadLeft": 82.3992, "car_lcPushy": 0.0226, "car_lcSigma": 0.6526, "car_lcSpeedGainRight": 1.5442, "car_lcSublane": 0.2148, "car_sigma": 0.6398, "car_tau_mean": 1.0237, "car_tau_std": 7.7221, "car_v_mean": 8.8737, "car_v_std": 6.2218}, "datetime": {"datetime": "2024-08-10 13:37:46", "elapsed": 3716.574164, "delta": 5.340548}}
{"target": -0.37283456033199514, "params": {"bus_acc": 1.5282, "bus_dcc": 3.1219, "bus_lcAssertive": 12.9861, "bus_lcCooperative": 0.2214, "bus_lcLookaheadLeft": 25.5103, "bus_lcPushy": 0.4667, "bus_lcSigma": 0.1974, "bus_lcSpeedGainRight": 3.9939, "bus_lcSublane": 0.8406, "bus_sigma": 0.8059, "bus_tau_mean": 1.583, "bus_tau_std": 5.4759, "bus_v_mean": 8.9939, "bus_v_std": 16.1857, "car_acc": 1.0222, "car_dcc": 1.4602, "car_lcAssertive": 53.9577, "car_lcCooperative": 0.8454, "car_lcLookaheadLeft": 87.9848, "car_lcPushy": 0.1294, "car_lcSigma": 0.0596, "car_lcSpeedGainRight": 1.6239, "car_lcSublane": 0.3243, "car_sigma": 0.8103, "car_tau_mean": 3.6684, "car_tau_std": 6.5795, "car_v_mean": 25.1433, "car_v_std": 19.9294}, "datetime": {"datetime": "2024-08-10 13:37:49", "elapsed": 3720.079392, "delta": 3.505228}}
{"target": -0.3410163043974097, "params": {"bus_acc": 1.6152, "bus_dcc": 0.4659, "bus_lcAssertive": 87.7221, "bus_lcCooperative": 0.3138, "bus_lcLookaheadLeft": 33.7026, "bus_lcPushy": 0.232, "bus_lcSigma": 0.5337, "bus_lcSpeedGainRight": 3.9329, "bus_lcSublane": 0.5555, "bus_sigma": 0.933, "bus_tau_mean": 2.293, "bus_tau_std": 1.5714, "bus_v_mean": 16.5193, "bus_v_std": 9.8997, "car_acc": 1.5373, "car_dcc": 2.307, "car_lcAssertive": 11.4128, "car_lcCooperative": 0.4112, "car_lcLookaheadLeft": 71.2158, "car_lcPushy": 0.1844, "car_lcSigma": 0.9905, "car_lcSpeedGainRight": 2.4707, "car_lcSublane": 0.0109, "car_sigma": 0.5682, "car_tau_mean": 2.7048, "car_tau_std": 0.5386, "car_v_mean": 14.0478, "car_v_std": 8.3456}, "datetime": {"datetime": "2024-08-10 13:37:54", "elapsed": 3724.402761, "delta": 4.323369}}
{"target": -0.34752894575364474, "params": {"bus_acc": 3.0033, "bus_dcc": 2.5066, "bus_lcAssertive": 11.151, "bus_lcCooperative": 0.0926, "bus_lcLookaheadLeft": 96.6072, "bus_lcPushy": 0.8646, "bus_lcSigma": 0.0171, "bus_lcSpeedGainRight": 2.2657, "bus_lcSublane": 0.437, "bus_sigma": 0.2699, "bus_tau_mean": 0.7178, "bus_tau_std": 6.1214, "bus_v_mean": 15.0206, "bus_v_std": 8.825, "car_acc": 2.548, "car_dcc": 3.9946, "car_lcAssertive": 40.4314, "car_lcCooperative": 0.7934, "car_lcLookaheadLeft": 85.2022, "car_lcPushy": 0.6382, "car_lcSigma": 0.3037, "car_lcSpeedGainRight": 1.7576, "car_lcSublane": 0.3481, "car_sigma": 0.4624, "car_tau_mean": 0.5219, "car_tau_std": 6.6953, "car_v_mean": 12.1124, "car_v_std": 19.0604}, "datetime": {"datetime": "2024-08-10 13:37:59", "elapsed": 3729.742736, "delta": 5.339975}}
{"target": -0.36239068270421665, "params": {"bus_acc": 2.207, "bus_dcc": 2.3203, "bus_lcAssertive": 12.3605, "bus_lcCooperative": 0.4874, "bus_lcLookaheadLeft": 45.7928, "bus_lcPushy": 0.0338, "bus_lcSigma": 0.3438, "bus_lcSpeedGainRight": 3.8506, "bus_lcSublane": 0.8423, "bus_sigma": 0.0856, "bus_tau_mean": 2.0509, "bus_tau_std": 9.3127, "bus_v_mean": 15.4737, "bus_v_std": 8.763, "car_acc": 0.8497, "car_dcc": 3.5263, "car_lcAssertive": 22.4074, "car_lcCooperative": 0.8445, "car_lcLookaheadLeft": 17.4013, "car_lcPushy": 0.7643, "car_lcSigma": 0.2989, "car_lcSpeedGainRight": 1.4538, "car_lcSublane": 0.1668, "car_sigma": 0.0551, "car_tau_mean": 2.6903, "car_tau_std": 2.6922, "car_v_mean": 24.4453, "car_v_std": 1.573}, "datetime": {"datetime": "2024-08-10 13:38:04", "elapsed": 3734.160859, "delta": 4.418123}}
{"target": -0.31198698672589525, "params": {"bus_acc": 2.5127, "bus_dcc": 1.9987, "bus_lcAssertive": 77.7439, "bus_lcCooperative": 0.4803, "bus_lcLookaheadLeft": 91.7607, "bus_lcPushy": 0.6541, "bus_lcSigma": 0.6932, "bus_lcSpeedGainRight": 3.4587, "bus_lcSublane": 0.1286, "bus_sigma": 0.7706, "bus_tau_mean": 0.9632, "bus_tau_std": 3.4855, "bus_v_mean": 15.7831, "bus_v_std": 6.1619, "car_acc": 3.1735, "car_dcc": 2.6031, "car_lcAssertive": 47.8539, "car_lcCooperative": 0.8569, "car_lcLookaheadLeft": 71.6877, "car_lcPushy": 0.3681, "car_lcSigma": 0.5361, "car_lcSpeedGainRight": 3.2918, "car_lcSublane": 0.0584, "car_sigma": 0.4934, "car_tau_mean": 3.2273, "car_tau_std": 0.4174, "car_v_mean": 12.372, "car_v_std": 16.9208}, "datetime": {"datetime": "2024-08-10 13:38:07", "elapsed": 3737.73523, "delta": 3.574371}}
{"target": -0.21871134025064842, "params": {"bus_acc": 3.0662, "bus_dcc": 3.0999, "bus_lcAssertive": 69.5562, "bus_lcCooperative": 0.7444, "bus_lcLookaheadLeft": 13.844, "bus_lcPushy": 0.6841, "bus_lcSigma": 0.7966, "bus_lcSpeedGainRight": 0.6359, "bus_lcSublane": 0.6026, "bus_sigma": 0.2084, "bus_tau_mean": 0.8353, "bus_tau_std": 1.5582, "bus_v_mean": 13.0679, "bus_v_std": 10.7958, "car_acc": 3.9062, "car_dcc": 2.3253, "car_lcAssertive": 1.1989, "car_lcCooperative": 0.3527, "car_lcLookaheadLeft": 74.4804, "car_lcPushy": 0.9193, "car_lcSigma": 0.7, "car_lcSpeedGainRight": 2.2318, "car_lcSublane": 0.1985, "car_sigma": 0.0751, "car_tau_mean": 2.4578, "car_tau_std": 2.9359, "car_v_mean": 25.8511, "car_v_std": 16.4639}, "datetime": {"datetime": "2024-08-10 13:38:11", "elapsed": 3741.339394, "delta": 3.604164}}
{"target": -0.3044928780676909, "params": {"bus_acc": 2.0978, "bus_dcc": 1.8954, "bus_lcAssertive": 20.1391, "bus_lcCooperative": 0.5413, "bus_lcLookaheadLeft": 17.6681, "bus_lcPushy": 0.3898, "bus_lcSigma": 0.2644, "bus_lcSpeedGainRight": 2.5267, "bus_lcSublane": 0.1082, "bus_sigma": 0.6809, "bus_tau_mean": 3.8773, "bus_tau_std": 8.8787, "bus_v_mean": 9.5462, "bus_v_std": 3.0899, "car_acc": 3.397, "car_dcc": 2.0511, "car_lcAssertive": 51.9357, "car_lcCooperative": 0.4124, "car_lcLookaheadLeft": 16.9057, "car_lcPushy": 0.306, "car_lcSigma": 0.4037, "car_lcSpeedGainRight": 4.8605, "car_lcSublane": 0.0318, "car_sigma": 0.3799, "car_tau_mean": 2.4274, "car_tau_std": 6.3001, "car_v_mean": 21.7674, "car_v_std": 18.5173}, "datetime": {"datetime": "2024-08-10 13:38:15", "elapsed": 3746.053464, "delta": 4.71407}}
{"target": -0.2788428912921657, "params": {"bus_acc": 3.5228, "bus_dcc": 1.8571, "bus_lcAssertive": 18.9472, "bus_lcCooperative": 0.0152, "bus_lcLookaheadLeft": 70.4566, "bus_lcPushy": 0.951, "bus_lcSigma": 0.4788, "bus_lcSpeedGainRight": 2.7104, "bus_lcSublane": 0.4102, "bus_sigma": 0.125, "bus_tau_mean": 2.8824, "bus_tau_std": 6.805, "bus_v_mean": 24.4894, "bus_v_std": 4.2264, "car_acc": 3.5203, "car_dcc": 0.5197, "car_lcAssertive": 30.2778, "car_lcCooperative": 0.0449, "car_lcLookaheadLeft": 17.421, "car_lcPushy": 0.6289, "car_lcSigma": 0.2476, "car_lcSpeedGainRight": 3.5242, "car_lcSublane": 0.5695, "car_sigma": 0.203, "car_tau_mean": 2.7577, "car_tau_std": 6.9744, "car_v_mean": 13.8563, "car_v_std": 11.131}, "datetime": {"datetime": "2024-08-10 13:38:21", "elapsed": 3751.405971, "delta": 5.352507}}
{"target": -0.3343090584109824, "params": {"bus_acc": 2.2716, "bus_dcc": 2.1846, "bus_lcAssertive": 69.8475, "bus_lcCooperative": 0.5321, "bus_lcLookaheadLeft": 4.3051, "bus_lcPushy": 0.0741, "bus_lcSigma": 0.6907, "bus_lcSpeedGainRight": 3.3363, "bus_lcSublane": 0.7235, "bus_sigma": 0.7596, "bus_tau_mean": 1.7939, "bus_tau_std": 7.5812, "bus_v_mean": 14.8345, "bus_v_std": 8.1035, "car_acc": 1.5823, "car_dcc": 1.1046, "car_lcAssertive": 31.1666, "car_lcCooperative": 0.7722, "car_lcLookaheadLeft": 12.9365, "car_lcPushy": 0.4592, "car_lcSigma": 0.2028, "car_lcSpeedGainRight": 4.1207, "car_lcSublane": 0.881, "car_sigma": 0.192, "car_tau_mean": 3.5741, "car_tau_std": 4.0691, "car_v_mean": 21.9023, "car_v_std": 19.1535}, "datetime": {"datetime": "2024-08-10 13:38:25", "elapsed": 3755.209361, "delta": 3.80339}}
{"target": -0.34481657547703604, "params": {"bus_acc": 2.5971, "bus_dcc": 2.7121, "bus_lcAssertive": 70.1263, "bus_lcCooperative": 0.6368, "bus_lcLookaheadLeft": 65.3192, "bus_lcPushy": 0.5121, "bus_lcSigma": 0.3375, "bus_lcSpeedGainRight": 2.3606, "bus_lcSublane": 0.3788, "bus_sigma": 0.5087, "bus_tau_mean": 2.1428, "bus_tau_std": 5.2073, "bus_v_mean": 18.798, "bus_v_std": 3.8913, "car_acc": 2.8912, "car_dcc": 1.5485, "car_lcAssertive": 79.4429, "car_lcCooperative": 0.5555, "car_lcLookaheadLeft": 45.5328, "car_lcPushy": 0.4196, "car_lcSigma": 0.9198, "car_lcSpeedGainRight": 3.6417, "car_lcSublane": 0.0029, "car_sigma": 0.5135, "car_tau_mean": 2.8684, "car_tau_std": 7.1636, "car_v_mean": 14.7785, "car_v_std": 14.1236}, "datetime": {"datetime": "2024-08-10 13:38:32", "elapsed": 3762.409999, "delta": 7.200638}}
{"target": -0.3101038476213198, "params": {"bus_acc": 0.6034, "bus_dcc": 3.4018, "bus_lcAssertive": 56.2518, "bus_lcCooperative": 0.1933, "bus_lcLookaheadLeft": 61.6323, "bus_lcPushy": 0.8468, "bus_lcSigma": 0.2306, "bus_lcSpeedGainRight": 0.7558, "bus_lcSublane": 0.5754, "bus_sigma": 0.2742, "bus_tau_mean": 0.9552, "bus_tau_std": 1.914, "bus_v_mean": 18.525, "bus_v_std": 2.9726, "car_acc": 3.0025, "car_dcc": 2.7241, "car_lcAssertive": 73.9662, "car_lcCooperative": 0.411, "car_lcLookaheadLeft": 32.2331, "car_lcPushy": 0.4936, "car_lcSigma": 0.9687, "car_lcSpeedGainRight": 3.8773, "car_lcSublane": 0.9808, "car_sigma": 0.4655, "car_tau_mean": 3.5247, "car_tau_std": 5.332, "car_v_mean": 16.0119, "car_v_std": 9.4269}, "datetime": {"datetime": "2024-08-10 13:38:37", "elapsed": 3767.288016, "delta": 4.878017}}
