{"target": -0.2837811547768974, "params": {"bus_acc": 3.8697, "bus_dcc": 2.1227, "bus_lcAssertive": 87.7188, "bus_lcCooperative": 0.7596, "bus_lcLookaheadLeft": 35.6206, "bus_lcPushy": 0.4519, "bus_lcSigma": 0.1336, "bus_lcSpeedGainRight": 4.0184, "bus_lcSublane": 0.0034, "bus_sigma": 0.7093, "bus_tau_mean": 1.8358, "bus_tau_std": 0.8179, "bus_v_mean": 18.342, "bus_v_std": 8.2647, "car_acc": 3.4955, "car_dcc": 1.2821, "car_lcAssertive": 11.5699, "car_lcCooperative": 0.6051, "car_lcLookaheadLeft": 22.0495, "car_lcPushy": 0.8917, "car_lcSigma": 0.4017, "car_lcSpeedGainRight": 2.2938, "car_lcSublane": 0.0479, "car_sigma": 0.8864, "car_tau_mean": 2.6064, "car_tau_std": 9.3561, "car_v_mean": 12.1662, "car_v_std": 13.0439}, "datetime": {"datetime": "2024-08-10 15:31:50", "elapsed": 10560.515897, "delta": 5.428749}}
{"target": -0.5229352862884401, "params": {"bus_acc": 1.9131, "bus_dcc": 1.5648, "bus_lcAssertive": 72.8297, "bus_lcCooperative": 0.2941, "bus_lcLookaheadLeft": 40.4433, "bus_lcPushy": 0.6462, "bus_lcSigma": 0.261, "bus_lcSpeedGainRight": 3.7398, "bus_lcSublane": 0.6993, "bus_sigma": 0.7989, "bus_tau_mean": 0.6041, "bus_tau_std": 6.8774, "bus_v_mean": 22.1297, "bus_v_std": 5.82, "car_acc": 0.408, "car_dcc": 0.9539, "car_lcAssertive": 87.8138, "car_lcCooperative": 0.9952, "car_lcLookaheadLeft": 88.9167, "car_lcPushy": 0.5287, "car_lcSigma": 0.4286, "car_lcSpeedGainRight": 1.3496, "car_lcSublane": 0.7291, "car_sigma": 0.1304, "car_tau_mean": 3.2963, "car_tau_std": 2.952, "car_v_mean": 17.9951, "car_v_std": 7.7682}, "datetime": {"datetime": "2024-08-10 15:31:55", "elapsed": 10565.671237, "delta": 5.15534}}
{"target": -0.3548543243897396, "params": {"bus_acc": 3.6825, "bus_dcc": 3.8085, "bus_lcAssertive": 54.4601, "bus_lcCooperative": 0.6745, "bus_lcLookaheadLeft": 25.8899, "bus_lcPushy": 0.795, "bus_lcSigma": 0.747, "bus_lcSpeedGainRight": 0.1726, "bus_lcSublane": 0.8496, "bus_sigma": 0.172, "bus_tau_mean": 1.625, "bus_tau_std": 4.4851, "bus_v_mean": 13.1014, "bus_v_std": 4.6249, "car_acc": 0.2794, "car_dcc": 3.2458, "car_lcAssertive": 93.7265, "car_lcCooperative": 0.4056, "car_lcLookaheadLeft": 34.0858, "car_lcPushy": 0.5931, "car_lcSigma": 0.8854, "car_lcSpeedGainRight": 3.2167, "car_lcSublane": 0.1901, "car_sigma": 0.1267, "car_tau_mean": 0.9787, "car_tau_std": 0.7124, "car_v_mean": 18.7923, "car_v_std": 16.6991}, "datetime": {"datetime": "2024-08-10 15:32:02", "elapsed": 10572.567368, "delta": 6.896131}}
{"target": -0.3109029980548758, "params": {"bus_acc": 1.3663, "bus_dcc": 3.0982, "bus_lcAssertive": 3.5977, "bus_lcCooperative": 0.2602, "bus_lcLookaheadLeft": 5.3384, "bus_lcPushy": 0.9066, "bus_lcSigma": 0.1333, "bus_lcSpeedGainRight": 0.6781, "bus_lcSublane": 0.1655, "bus_sigma": 0.9182, "bus_tau_mean": 1.3678, "bus_tau_std": 7.8015, "bus_v_mean": 12.6911, "bus_v_std": 14.5093, "car_acc": 3.9979, "car_dcc": 2.6291, "car_lcAssertive": 31.633, "car_lcCooperative": 0.8794, "car_lcLookaheadLeft": 95.1161, "car_lcPushy": 0.0985, "car_lcSigma": 0.8005, "car_lcSpeedGainRight": 0.3917, "car_lcSublane": 0.9608, "car_sigma": 0.8002, "car_tau_mean": 2.2268, "car_tau_std": 7.3839, "car_v_mean": 22.0954, "car_v_std": 11.7821}, "datetime": {"datetime": "2024-08-10 15:32:14", "elapsed": 10584.88821, "delta": 12.320842}}
{"target": -0.36069252349542563, "params": {"bus_acc": 1.2669, "bus_dcc": 3.2562, "bus_lcAssertive": 51.9728, "bus_lcCooperative": 0.3244, "bus_lcLookaheadLeft": 96.4366, "bus_lcPushy": 0.8032, "bus_lcSigma": 0.4362, "bus_lcSpeedGainRight": 1.0896, "bus_lcSublane": 0.3926, "bus_sigma": 0.9822, "bus_tau_mean": 1.1296, "bus_tau_std": 8.9912, "bus_v_mean": 11.6985, "bus_v_std": 18.5585, "car_acc": 3.2519, "car_dcc": 3.222, "car_lcAssertive": 76.3027, "car_lcCooperative": 0.8261, "car_lcLookaheadLeft": 33.1667, "car_lcPushy": 0.4995, "car_lcSigma": 0.2315, "car_lcSpeedGainRight": 0.1854, "car_lcSublane": 0.3085, "car_sigma": 0.2981, "car_tau_mean": 1.2073, "car_tau_std": 1.5301, "car_v_mean": 16.9041, "car_v_std": 6.1693}, "datetime": {"datetime": "2024-08-10 15:32:19", "elapsed": 10589.791771, "delta": 4.903561}}
{"target": -0.5833493180666721, "params": {"bus_acc": 2.7123, "bus_dcc": 2.7165, "bus_lcAssertive": 23.6624, "bus_lcCooperative": 0.4434, "bus_lcLookaheadLeft": 97.7368, "bus_lcPushy": 0.2893, "bus_lcSigma": 0.8015, "bus_lcSpeedGainRight": 2.9544, "bus_lcSublane": 0.9378, "bus_sigma": 0.4146, "bus_tau_mean": 2.4701, "bus_tau_std": 1.6773, "bus_v_mean": 13.1511, "bus_v_std": 11.5189, "car_acc": 0.2744, "car_dcc": 3.2309, "car_lcAssertive": 77.8558, "car_lcCooperative": 0.1614, "car_lcLookaheadLeft": 24.4679, "car_lcPushy": 0.5258, "car_lcSigma": 0.2243, "car_lcSpeedGainRight": 4.3275, "car_lcSublane": 0.2247, "car_sigma": 0.8492, "car_tau_mean": 1.5348, "car_tau_std": 0.1012, "car_v_mean": 11.514, "car_v_std": 11.232}, "datetime": {"datetime": "2024-08-10 15:32:25", "elapsed": 10595.289155, "delta": 5.497384}}
{"target": -0.3540624032436394, "params": {"bus_acc": 0.6853, "bus_dcc": 3.5316, "bus_lcAssertive": 37.2385, "bus_lcCooperative": 0.872, "bus_lcLookaheadLeft": 65.332, "bus_lcPushy": 0.8592, "bus_lcSigma": 0.4793, "bus_lcSpeedGainRight": 1.6243, "bus_lcSublane": 0.9229, "bus_sigma": 0.733, "bus_tau_mean": 2.6565, "bus_tau_std": 5.595, "bus_v_mean": 23.9014, "bus_v_std": 16.8847, "car_acc": 3.4336, "car_dcc": 3.1007, "car_lcAssertive": 71.2789, "car_lcCooperative": 0.4345, "car_lcLookaheadLeft": 23.9088, "car_lcPushy": 0.7924, "car_lcSigma": 0.4293, "car_lcSpeedGainRight": 4.6261, "car_lcSublane": 0.94, "car_sigma": 0.5468, "car_tau_mean": 1.6756, "car_tau_std": 6.3123, "car_v_mean": 15.6232, "car_v_std": 12.986}, "datetime": {"datetime": "2024-08-10 15:32:33", "elapsed": 10603.95904, "delta": 8.669885}}
{"target": -0.37627689513543155, "params": {"bus_acc": 2.4076, "bus_dcc": 3.4301, "bus_lcAssertive": 9.491, "bus_lcCooperative": 0.7219, "bus_lcLookaheadLeft": 80.9108, "bus_lcPushy": 0.5449, "bus_lcSigma": 0.5667, "bus_lcSpeedGainRight": 3.5071, "bus_lcSublane": 0.4367, "bus_sigma": 0.2315, "bus_tau_mean": 3.8974, "bus_tau_std": 7.5622, "bus_v_mean": 20.9323, "bus_v_std": 0.7974, "car_acc": 2.9152, "car_dcc": 1.1684, "car_lcAssertive": 21.8032, "car_lcCooperative": 0.6687, "car_lcLookaheadLeft": 92.9964, "car_lcPushy": 0.4892, "car_lcSigma": 0.601, "car_lcSpeedGainRight": 3.9766, "car_lcSublane": 0.6796, "car_sigma": 0.9712, "car_tau_mean": 0.9167, "car_tau_std": 8.2223, "car_v_mean": 8.3147, "car_v_std": 4.2969}, "datetime": {"datetime": "2024-08-10 15:32:44", "elapsed": 10614.657725, "delta": 10.698685}}
{"target": -0.34378819268337607, "params": {"bus_acc": 3.7464, "bus_dcc": 3.9439, "bus_lcAssertive": 17.3481, "bus_lcCooperative": 0.6851, "bus_lcLookaheadLeft": 98.2049, "bus_lcPushy": 0.7851, "bus_lcSigma": 0.2564, "bus_lcSpeedGainRight": 0.6197, "bus_lcSublane": 0.3001, "bus_sigma": 0.5707, "bus_tau_mean": 2.3168, "bus_tau_std": 6.7913, "bus_v_mean": 12.9535, "bus_v_std": 8.1885, "car_acc": 2.3928, "car_dcc": 3.0843, "car_lcAssertive": 29.7752, "car_lcCooperative": 0.0431, "car_lcLookaheadLeft": 84.4398, "car_lcPushy": 0.8138, "car_lcSigma": 0.093, "car_lcSpeedGainRight": 2.9347, "car_lcSublane": 0.636, "car_sigma": 0.2391, "car_tau_mean": 1.4883, "car_tau_std": 7.2968, "car_v_mean": 24.5049, "car_v_std": 16.7263}, "datetime": {"datetime": "2024-08-10 15:32:52", "elapsed": 10622.557591, "delta": 7.899866}}
{"target": -0.5031912874155217, "params": {"bus_acc": 3.3918, "bus_dcc": 2.6207, "bus_lcAssertive": 75.1678, "bus_lcCooperative": 0.7642, "bus_lcLookaheadLeft": 11.6662, "bus_lcPushy": 0.6005, "bus_lcSigma": 0.7298, "bus_lcSpeedGainRight": 4.8077, "bus_lcSublane": 0.1899, "bus_sigma": 0.1137, "bus_tau_mean": 0.6291, "bus_tau_std": 3.3212, "bus_v_mean": 21.8301, "bus_v_std": 19.2708, "car_acc": 0.5581, "car_dcc": 2.1072, "car_lcAssertive": 94.6289, "car_lcCooperative": 0.4237, "car_lcLookaheadLeft": 31.4912, "car_lcPushy": 0.3647, "car_lcSigma": 0.0195, "car_lcSpeedGainRight": 4.7564, "car_lcSublane": 0.7903, "car_sigma": 0.0527, "car_tau_mean": 3.9174, "car_tau_std": 0.8018, "car_v_mean": 19.7233, "car_v_std": 7.3202}, "datetime": {"datetime": "2024-08-10 15:32:59", "elapsed": 10630.121901, "delta": 7.56431}}
{"target": -0.3615748950613322, "params": {"bus_acc": 2.8604, "bus_dcc": 3.5165, "bus_lcAssertive": 99.7417, "bus_lcCooperative": 0.2901, "bus_lcLookaheadLeft": 47.4541, "bus_lcPushy": 0.8108, "bus_lcSigma": 0.1063, "bus_lcSpeedGainRight": 3.5349, "bus_lcSublane": 0.0655, "bus_sigma": 0.3347, "bus_tau_mean": 2.0848, "bus_tau_std": 3.2434, "bus_v_mean": 14.354, "bus_v_std": 10.726, "car_acc": 2.4557, "car_dcc": 2.7941, "car_lcAssertive": 41.1748, "car_lcCooperative": 0.1262, "car_lcLookaheadLeft": 80.2616, "car_lcPushy": 0.3664, "car_lcSigma": 0.5423, "car_lcSpeedGainRight": 3.4983, "car_lcSublane": 0.0065, "car_sigma": 0.3517, "car_tau_mean": 2.0436, "car_tau_std": 6.8057, "car_v_mean": 25.5713, "car_v_std": 6.5108}, "datetime": {"datetime": "2024-08-10 15:33:08", "elapsed": 10638.436738, "delta": 8.314837}}
{"target": -0.447017399255911, "params": {"bus_acc": 3.6545, "bus_dcc": 1.9253, "bus_lcAssertive": 22.1939, "bus_lcCooperative": 0.6778, "bus_lcLookaheadLeft": 20.8162, "bus_lcPushy": 0.8644, "bus_lcSigma": 0.2724, "bus_lcSpeedGainRight": 4.9725, "bus_lcSublane": 0.8652, "bus_sigma": 0.0806, "bus_tau_mean": 3.3623, "bus_tau_std": 7.7073, "bus_v_mean": 14.5578, "bus_v_std": 10.7379, "car_acc": 1.1033, "car_dcc": 3.1711, "car_lcAssertive": 59.7229, "car_lcCooperative": 0.148, "car_lcLookaheadLeft": 52.3454, "car_lcPushy": 0.8907, "car_lcSigma": 0.0848, "car_lcSpeedGainRight": 0.5081, "car_lcSublane": 0.5387, "car_sigma": 0.3831, "car_tau_mean": 1.6611, "car_tau_std": 1.1877, "car_v_mean": 9.7145, "car_v_std": 19.4841}, "datetime": {"datetime": "2024-08-10 15:33:14", "elapsed": 10644.485357, "delta": 6.048619}}
{"target": -0.3529338518685908, "params": {"bus_acc": 0.7078, "bus_dcc": 1.2172, "bus_lcAssertive": 55.9736, "bus_lcCooperative": 0.4514, "bus_lcLookaheadLeft": 91.9794, "bus_lcPushy": 0.0912, "bus_lcSigma": 0.7832, "bus_lcSpeedGainRight": 3.4783, "bus_lcSublane": 0.8706, "bus_sigma": 0.2872, "bus_tau_mean": 3.1499, "bus_tau_std": 5.8559, "bus_v_mean": 22.2731, "bus_v_std": 9.1061, "car_acc": 2.5987, "car_dcc": 2.1643, "car_lcAssertive": 12.2193, "car_lcCooperative": 0.0289, "car_lcLookaheadLeft": 69.7907, "car_lcPushy": 0.0116, "car_lcSigma": 0.7428, "car_lcSpeedGainRight": 1.5233, "car_lcSublane": 0.3318, "car_sigma": 0.5362, "car_tau_mean": 0.5313, "car_tau_std": 4.1684, "car_v_mean": 21.3311, "car_v_std": 12.983}, "datetime": {"datetime": "2024-08-10 15:33:19", "elapsed": 10649.974075, "delta": 5.488718}}
{"target": -0.38318691669105526, "params": {"bus_acc": 0.4451, "bus_dcc": 3.3249, "bus_lcAssertive": 80.5583, "bus_lcCooperative": 0.8634, "bus_lcLookaheadLeft": 86.4334, "bus_lcPushy": 0.4537, "bus_lcSigma": 0.6966, "bus_lcSpeedGainRight": 2.5586, "bus_lcSublane": 0.0245, "bus_sigma": 0.4898, "bus_tau_mean": 2.1333, "bus_tau_std": 4.6585, "bus_v_mean": 24.2028, "bus_v_std": 5.2849, "car_acc": 1.0218, "car_dcc": 3.456, "car_lcAssertive": 58.0988, "car_lcCooperative": 0.9732, "car_lcLookaheadLeft": 62.6486, "car_lcPushy": 0.8822, "car_lcSigma": 0.701, "car_lcSpeedGainRight": 4.9454, "car_lcSublane": 0.5675, "car_sigma": 0.5433, "car_tau_mean": 3.1651, "car_tau_std": 6.7383, "car_v_mean": 22.7601, "car_v_std": 1.6013}, "datetime": {"datetime": "2024-08-10 15:33:28", "elapsed": 10658.647309, "delta": 8.673234}}
{"target": -0.336532963736728, "params": {"bus_acc": 0.9672, "bus_dcc": 2.6523, "bus_lcAssertive": 59.3696, "bus_lcCooperative": 0.2835, "bus_lcLookaheadLeft": 25.5939, "bus_lcPushy": 0.4512, "bus_lcSigma": 0.1278, "bus_lcSpeedGainRight": 2.7702, "bus_lcSublane": 0.1286, "bus_sigma": 0.5439, "bus_tau_mean": 2.6032, "bus_tau_std": 1.5307, "bus_v_mean": 19.6535, "bus_v_std": 9.2074, "car_acc": 2.3726, "car_dcc": 1.5184, "car_lcAssertive": 31.4738, "car_lcCooperative": 0.8279, "car_lcLookaheadLeft": 70.3777, "car_lcPushy": 0.4285, "car_lcSigma": 0.6784, "car_lcSpeedGainRight": 1.9781, "car_lcSublane": 0.5239, "car_sigma": 0.5629, "car_tau_mean": 2.0655, "car_tau_std": 3.2424, "car_v_mean": 13.7758, "car_v_std": 0.4839}, "datetime": {"datetime": "2024-08-10 15:33:34", "elapsed": 10664.457387, "delta": 5.810078}}
{"target": -0.3880252861241466, "params": {"bus_acc": 3.4492, "bus_dcc": 2.7175, "bus_lcAssertive": 19.8152, "bus_lcCooperative": 0.9644, "bus_lcLookaheadLeft": 47.2802, "bus_lcPushy": 0.1932, "bus_lcSigma": 0.8935, "bus_lcSpeedGainRight": 2.2978, "bus_lcSublane": 0.8291, "bus_sigma": 0.4245, "bus_tau_mean": 3.4418, "bus_tau_std": 3.3967, "bus_v_mean": 21.6352, "bus_v_std": 14.7052, "car_acc": 3.8941, "car_dcc": 2.8706, "car_lcAssertive": 77.392, "car_lcCooperative": 0.4276, "car_lcLookaheadLeft": 11.3087, "car_lcPushy": 0.9642, "car_lcSigma": 0.8292, "car_lcSpeedGainRight": 2.5833, "car_lcSublane": 0.5183, "car_sigma": 0.1378, "car_tau_mean": 2.6622, "car_tau_std": 5.8723, "car_v_mean": 18.8339, "car_v_std": 3.1559}, "datetime": {"datetime": "2024-08-10 15:33:39", "elapsed": 10669.730301, "delta": 5.272914}}
{"target": -0.37421621652466147, "params": {"bus_acc": 2.0899, "bus_dcc": 3.0861, "bus_lcAssertive": 45.5752, "bus_lcCooperative": 0.3351, "bus_lcLookaheadLeft": 15.3317, "bus_lcPushy": 0.6938, "bus_lcSigma": 0.3936, "bus_lcSpeedGainRight": 2.6083, "bus_lcSublane": 0.1475, "bus_sigma": 0.3963, "bus_tau_mean": 1.4768, "bus_tau_std": 8.7253, "bus_v_mean": 23.6613, "bus_v_std": 4.9767, "car_acc": 2.422, "car_dcc": 3.9282, "car_lcAssertive": 47.6202, "car_lcCooperative": 0.779, "car_lcLookaheadLeft": 52.6115, "car_lcPushy": 0.6204, "car_lcSigma": 0.2971, "car_lcSpeedGainRight": 0.5339, "car_lcSublane": 0.8624, "car_sigma": 0.9828, "car_tau_mean": 1.6533, "car_tau_std": 9.5974, "car_v_mean": 23.6735, "car_v_std": 9.7285}, "datetime": {"datetime": "2024-08-10 15:33:54", "elapsed": 10684.939499, "delta": 15.209198}}
{"target": -0.7059520384811667, "params": {"bus_acc": 2.0358, "bus_dcc": 2.3361, "bus_lcAssertive": 59.9432, "bus_lcCooperative": 0.6319, "bus_lcLookaheadLeft": 3.4441, "bus_lcPushy": 0.2758, "bus_lcSigma": 0.8194, "bus_lcSpeedGainRight": 4.8585, "bus_lcSublane": 0.2366, "bus_sigma": 0.5551, "bus_tau_mean": 3.3583, "bus_tau_std": 2.7804, "bus_v_mean": 19.3278, "bus_v_std": 12.3595, "car_acc": 0.5153, "car_dcc": 3.4315, "car_lcAssertive": 46.0994, "car_lcCooperative": 0.3509, "car_lcLookaheadLeft": 60.9652, "car_lcPushy": 0.9883, "car_lcSigma": 0.1344, "car_lcSpeedGainRight": 3.3105, "car_lcSublane": 0.0843, "car_sigma": 0.3658, "car_tau_mean": 0.6498, "car_tau_std": 7.007, "car_v_mean": 14.4953, "car_v_std": 19.9237}, "datetime": {"datetime": "2024-08-10 15:34:01", "elapsed": 10691.548698, "delta": 6.609199}}
{"target": -1.0096499245913897, "params": {"bus_acc": 1.4052, "bus_dcc": 0.7042, "bus_lcAssertive": 68.0775, "bus_lcCooperative": 0.6295, "bus_lcLookaheadLeft": 70.1822, "bus_lcPushy": 0.8973, "bus_lcSigma": 0.9255, "bus_lcSpeedGainRight": 2.4493, "bus_lcSublane": 0.2831, "bus_sigma": 0.3759, "bus_tau_mean": 2.8749, "bus_tau_std": 1.9204, "bus_v_mean": 9.0282, "bus_v_std": 0.3237, "car_acc": 0.2795, "car_dcc": 1.587, "car_lcAssertive": 10.7723, "car_lcCooperative": 0.3932, "car_lcLookaheadLeft": 81.2121, "car_lcPushy": 0.7703, "car_lcSigma": 0.3192, "car_lcSpeedGainRight": 0.5106, "car_lcSublane": 0.6434, "car_sigma": 0.1149, "car_tau_mean": 2.5772, "car_tau_std": 9.9527, "car_v_mean": 13.7254, "car_v_std": 2.2344}, "datetime": {"datetime": "2024-08-10 15:34:10", "elapsed": 10700.255436, "delta": 8.706738}}
{"target": -0.4245565064271386, "params": {"bus_acc": 1.8782, "bus_dcc": 2.6195, "bus_lcAssertive": 43.9019, "bus_lcCooperative": 0.7256, "bus_lcLookaheadLeft": 37.834, "bus_lcPushy": 0.8708, "bus_lcSigma": 0.6123, "bus_lcSpeedGainRight": 1.1416, "bus_lcSublane": 0.805, "bus_sigma": 0.0855, "bus_tau_mean": 2.1814, "bus_tau_std": 8.5378, "bus_v_mean": 18.5066, "bus_v_std": 0.0221, "car_acc": 1.1268, "car_dcc": 2.0725, "car_lcAssertive": 82.7322, "car_lcCooperative": 0.9261, "car_lcLookaheadLeft": 77.909, "car_lcPushy": 0.4043, "car_lcSigma": 0.7508, "car_lcSpeedGainRight": 0.608, "car_lcSublane": 0.9306, "car_sigma": 0.9667, "car_tau_mean": 1.3744, "car_tau_std": 8.4885, "car_v_mean": 14.8121, "car_v_std": 15.4722}, "datetime": {"datetime": "2024-08-10 15:34:15", "elapsed": 10705.752482, "delta": 5.497046}}
{"target": -0.7154245079392063, "params": {"bus_acc": 3.7924, "bus_dcc": 2.8285, "bus_lcAssertive": 13.2973, "bus_lcCooperative": 0.4881, "bus_lcLookaheadLeft": 48.9262, "bus_lcPushy": 0.2171, "bus_lcSigma": 0.1159, "bus_lcSpeedGainRight": 2.8693, "bus_lcSublane": 0.0357, "bus_sigma": 0.6801, "bus_tau_mean": 2.3274, "bus_tau_std": 8.6964, "bus_v_mean": 13.1091, "bus_v_std": 15.421, "car_acc": 0.4215, "car_dcc": 2.7541, "car_lcAssertive": 17.3018, "car_lcCooperative": 0.3273, "car_lcLookaheadLeft": 66.3838, "car_lcPushy": 0.6398, "car_lcSigma": 0.3375, "car_lcSpeedGainRight": 0.3966, "car_lcSublane": 0.7069, "car_sigma": 0.6713, "car_tau_mean": 1.858, "car_tau_std": 8.3593, "car_v_mean": 18.4474, "car_v_std": 15.2508}, "datetime": {"datetime": "2024-08-10 15:34:20", "elapsed": 10711.007958, "delta": 5.255476}}
{"target": -0.763490167611009, "params": {"bus_acc": 3.8697, "bus_dcc": 1.0438, "bus_lcAssertive": 47.7854, "bus_lcCooperative": 0.126, "bus_lcLookaheadLeft": 25.2275, "bus_lcPushy": 0.8765, "bus_lcSigma": 0.7861, "bus_lcSpeedGainRight": 3.5784, "bus_lcSublane": 0.3627, "bus_sigma": 0.6321, "bus_tau_mean": 1.7809, "bus_tau_std": 1.81, "bus_v_mean": 12.0709, "bus_v_std": 9.9674, "car_acc": 0.3131, "car_dcc": 3.8749, "car_lcAssertive": 63.0289, "car_lcCooperative": 0.779, "car_lcLookaheadLeft": 62.4346, "car_lcPushy": 0.6149, "car_lcSigma": 0.1264, "car_lcSpeedGainRight": 1.7931, "car_lcSublane": 0.0834, "car_sigma": 0.8989, "car_tau_mean": 2.0784, "car_tau_std": 5.0843, "car_v_mean": 14.6351, "car_v_std": 4.0645}, "datetime": {"datetime": "2024-08-10 15:34:26", "elapsed": 10716.370705, "delta": 5.362747}}
{"target": -0.39288072355630893, "params": {"bus_acc": 2.1649, "bus_dcc": 1.2787, "bus_lcAssertive": 73.6747, "bus_lcCooperative": 0.1684, "bus_lcLookaheadLeft": 7.495, "bus_lcPushy": 0.2695, "bus_lcSigma": 0.4652, "bus_lcSpeedGainRight": 4.2435, "bus_lcSublane": 0.2603, "bus_sigma": 0.6418, "bus_tau_mean": 1.4412, "bus_tau_std": 6.3091, "bus_v_mean": 18.4982, "bus_v_std": 6.7509, "car_acc": 1.2325, "car_dcc": 3.6413, "car_lcAssertive": 41.213, "car_lcCooperative": 0.3743, "car_lcLookaheadLeft": 23.2534, "car_lcPushy": 0.7347, "car_lcSigma": 0.1827, "car_lcSpeedGainRight": 4.9366, "car_lcSublane": 0.4889, "car_sigma": 0.0366, "car_tau_mean": 2.5232, "car_tau_std": 8.9372, "car_v_mean": 20.5563, "car_v_std": 6.8071}, "datetime": {"datetime": "2024-08-10 15:34:32", "elapsed": 10722.311251, "delta": 5.940546}}
{"target": -0.40713196747498165, "params": {"bus_acc": 3.1128, "bus_dcc": 0.6055, "bus_lcAssertive": 69.9268, "bus_lcCooperative": 0.5024, "bus_lcLookaheadLeft": 8.7544, "bus_lcPushy": 0.5175, "bus_lcSigma": 0.5685, "bus_lcSpeedGainRight": 2.9969, "bus_lcSublane": 0.7029, "bus_sigma": 0.1038, "bus_tau_mean": 2.638, "bus_tau_std": 7.9442, "bus_v_mean": 12.8009, "bus_v_std": 12.6643, "car_acc": 3.4106, "car_dcc": 1.9014, "car_lcAssertive": 46.5524, "car_lcCooperative": 0.8465, "car_lcLookaheadLeft": 30.8845, "car_lcPushy": 0.5048, "car_lcSigma": 0.0078, "car_lcSpeedGainRight": 2.676, "car_lcSublane": 0.6251, "car_sigma": 0.6949, "car_tau_mean": 3.4709, "car_tau_std": 5.018, "car_v_mean": 25.4364, "car_v_std": 2.4592}, "datetime": {"datetime": "2024-08-10 15:34:38", "elapsed": 10729.095708, "delta": 6.784457}}
{"target": -0.18649403335777284, "params": {"bus_acc": 1.9452, "bus_dcc": 3.8525, "bus_lcAssertive": 62.3698, "bus_lcCooperative": 0.0694, "bus_lcLookaheadLeft": 68.8299, "bus_lcPushy": 0.7078, "bus_lcSigma": 0.1009, "bus_lcSpeedGainRight": 2.8512, "bus_lcSublane": 0.3216, "bus_sigma": 0.9999, "bus_tau_mean": 1.0054, "bus_tau_std": 2.0934, "bus_v_mean": 10.0193, "bus_v_std": 14.741, "car_acc": 2.4219, "car_dcc": 0.3978, "car_lcAssertive": 2.2586, "car_lcCooperative": 0.1388, "car_lcLookaheadLeft": 33.9144, "car_lcPushy": 0.4431, "car_lcSigma": 0.3341, "car_lcSpeedGainRight": 2.5329, "car_lcSublane": 0.9429, "car_sigma": 0.2651, "car_tau_mean": 2.2178, "car_tau_std": 0.9091, "car_v_mean": 12.0978, "car_v_std": 5.3875}, "datetime": {"datetime": "2024-08-10 15:34:47", "elapsed": 10737.134802, "delta": 8.039094}}
{"target": -0.366672087176124, "params": {"bus_acc": 2.7259, "bus_dcc": 2.2913, "bus_lcAssertive": 90.6718, "bus_lcCooperative": 0.4487, "bus_lcLookaheadLeft": 11.0047, "bus_lcPushy": 0.1908, "bus_lcSigma": 0.7878, "bus_lcSpeedGainRight": 3.6997, "bus_lcSublane": 0.6584, "bus_sigma": 0.2983, "bus_tau_mean": 2.1509, "bus_tau_std": 5.5683, "bus_v_mean": 8.6676, "bus_v_std": 10.9648, "car_acc": 0.764, "car_dcc": 1.1872, "car_lcAssertive": 94.251, "car_lcCooperative": 0.1183, "car_lcLookaheadLeft": 92.4298, "car_lcPushy": 0.2381, "car_lcSigma": 0.0832, "car_lcSpeedGainRight": 1.5186, "car_lcSublane": 0.1832, "car_sigma": 0.2492, "car_tau_mean": 2.1599, "car_tau_std": 6.4316, "car_v_mean": 25.2274, "car_v_std": 4.9198}, "datetime": {"datetime": "2024-08-10 15:34:56", "elapsed": 10746.713695, "delta": 9.578893}}
