{"target": -0.4340406591791853, "params": {"bus_acc": 2.4482, "bus_dcc": 3.0589, "bus_lcAssertive": 82.8383, "bus_lcCooperative": 0.8554, "bus_lcLookaheadLeft": 76.4454, "bus_lcPushy": 0.3555, "bus_lcSigma": 0.6268, "bus_lcSpeedGainRight": 1.412, "bus_lcSublane": 0.9207, "bus_sigma": 0.3888, "bus_tau_mean": 3.0667, "bus_tau_std": 8.4319, "bus_v_mean": 25.76, "bus_v_std": 13.9861, "car_acc": 2.8692, "car_dcc": 3.965, "car_lcAssertive": 20.4819, "car_lcCooperative": 0.7436, "car_lcLookaheadLeft": 28.6735, "car_lcPushy": 0.2826, "car_lcSigma": 0.4213, "car_lcSpeedGainRight": 1.7639, "car_lcSublane": 0.0214, "car_sigma": 0.7856, "car_tau_mean": 1.3588, "car_tau_std": 7.6414, "car_v_mean": 25.6991, "car_v_std": 1.1041}, "datetime": {"datetime": "2024-08-10 14:01:12", "elapsed": 5122.606972, "delta": 6.013386}}
{"target": -0.292850577457833, "params": {"bus_acc": 0.6677, "bus_dcc": 2.1124, "bus_lcAssertive": 13.7155, "bus_lcCooperative": 0.4578, "bus_lcLookaheadLeft": 94.562, "bus_lcPushy": 0.9586, "bus_lcSigma": 0.4405, "bus_lcSpeedGainRight": 0.3536, "bus_lcSublane": 0.2351, "bus_sigma": 0.5369, "bus_tau_mean": 0.9698, "bus_tau_std": 3.0774, "bus_v_mean": 17.1372, "bus_v_std": 17.4292, "car_acc": 1.7182, "car_dcc": 2.4783, "car_lcAssertive": 24.3694, "car_lcCooperative": 0.3418, "car_lcLookaheadLeft": 51.4056, "car_lcPushy": 0.4894, "car_lcSigma": 0.1225, "car_lcSpeedGainRight": 4.2759, "car_lcSublane": 0.1965, "car_sigma": 0.1422, "car_tau_mean": 2.647, "car_tau_std": 4.8637, "car_v_mean": 24.7534, "car_v_std": 13.4729}, "datetime": {"datetime": "2024-08-10 14:01:17", "elapsed": 5127.72252, "delta": 5.115548}}
{"target": -0.32974349773379674, "params": {"bus_acc": 1.4548, "bus_dcc": 0.5272, "bus_lcAssertive": 93.1201, "bus_lcCooperative": 0.4202, "bus_lcLookaheadLeft": 85.5191, "bus_lcPushy": 0.0441, "bus_lcSigma": 0.207, "bus_lcSpeedGainRight": 0.8245, "bus_lcSublane": 0.9474, "bus_sigma": 0.4808, "bus_tau_mean": 1.1917, "bus_tau_std": 1.7559, "bus_v_mean": 20.7413, "bus_v_std": 4.8554, "car_acc": 2.5102, "car_dcc": 1.235, "car_lcAssertive": 10.8465, "car_lcCooperative": 0.9176, "car_lcLookaheadLeft": 4.3657, "car_lcPushy": 0.3751, "car_lcSigma": 0.8066, "car_lcSpeedGainRight": 3.7559, "car_lcSublane": 0.6073, "car_sigma": 0.1164, "car_tau_mean": 2.7633, "car_tau_std": 8.9275, "car_v_mean": 11.9702, "car_v_std": 15.8144}, "datetime": {"datetime": "2024-08-10 14:01:21", "elapsed": 5132.029195, "delta": 4.306675}}
{"target": -0.3014051192168765, "params": {"bus_acc": 3.9479, "bus_dcc": 2.2935, "bus_lcAssertive": 26.4401, "bus_lcCooperative": 0.7514, "bus_lcLookaheadLeft": 73.0171, "bus_lcPushy": 0.1789, "bus_lcSigma": 0.8129, "bus_lcSpeedGainRight": 0.6793, "bus_lcSublane": 0.2082, "bus_sigma": 0.0512, "bus_tau_mean": 1.7528, "bus_tau_std": 4.0636, "bus_v_mean": 12.7478, "bus_v_std": 3.244, "car_acc": 3.9119, "car_dcc": 0.3845, "car_lcAssertive": 74.2683, "car_lcCooperative": 0.5715, "car_lcLookaheadLeft": 26.4248, "car_lcPushy": 0.5111, "car_lcSigma": 0.1022, "car_lcSpeedGainRight": 0.1607, "car_lcSublane": 0.7225, "car_sigma": 0.6664, "car_tau_mean": 1.9142, "car_tau_std": 8.8239, "car_v_mean": 17.986, "car_v_std": 18.296}, "datetime": {"datetime": "2024-08-10 14:01:27", "elapsed": 5137.311261, "delta": 5.282066}}
{"target": -0.8809483420579539, "params": {"bus_acc": 2.942, "bus_dcc": 1.5512, "bus_lcAssertive": 70.0895, "bus_lcCooperative": 0.2295, "bus_lcLookaheadLeft": 69.7596, "bus_lcPushy": 0.9474, "bus_lcSigma": 0.2704, "bus_lcSpeedGainRight": 4.8982, "bus_lcSublane": 0.1127, "bus_sigma": 0.7385, "bus_tau_mean": 3.5846, "bus_tau_std": 1.1717, "bus_v_mean": 10.2325, "bus_v_std": 1.2958, "car_acc": 0.3538, "car_dcc": 1.3069, "car_lcAssertive": 11.8816, "car_lcCooperative": 0.4206, "car_lcLookaheadLeft": 85.262, "car_lcPushy": 0.6613, "car_lcSigma": 0.0965, "car_lcSpeedGainRight": 2.2412, "car_lcSublane": 0.4393, "car_sigma": 0.6298, "car_tau_mean": 0.9539, "car_tau_std": 9.9258, "car_v_mean": 10.2114, "car_v_std": 8.219}, "datetime": {"datetime": "2024-08-10 14:01:36", "elapsed": 5146.494631, "delta": 9.18337}}
{"target": -0.31084810065417895, "params": {"bus_acc": 2.269, "bus_dcc": 2.8199, "bus_lcAssertive": 79.4198, "bus_lcCooperative": 0.6229, "bus_lcLookaheadLeft": 5.0658, "bus_lcPushy": 0.6871, "bus_lcSigma": 0.7944, "bus_lcSpeedGainRight": 1.5558, "bus_lcSublane": 0.7124, "bus_sigma": 0.1427, "bus_tau_mean": 0.555, "bus_tau_std": 3.5435, "bus_v_mean": 11.6933, "bus_v_std": 6.5196, "car_acc": 1.409, "car_dcc": 1.3236, "car_lcAssertive": 59.7907, "car_lcCooperative": 0.072, "car_lcLookaheadLeft": 66.3337, "car_lcPushy": 0.8633, "car_lcSigma": 0.5528, "car_lcSpeedGainRight": 1.4419, "car_lcSublane": 0.766, "car_sigma": 0.2389, "car_tau_mean": 3.3946, "car_tau_std": 7.768, "car_v_mean": 13.0713, "car_v_std": 11.4522}, "datetime": {"datetime": "2024-08-10 14:01:40", "elapsed": 5150.650366, "delta": 4.155735}}
{"target": -0.41396207585306755, "params": {"bus_acc": 2.1985, "bus_dcc": 3.0512, "bus_lcAssertive": 75.6289, "bus_lcCooperative": 0.8637, "bus_lcLookaheadLeft": 54.1125, "bus_lcPushy": 0.3392, "bus_lcSigma": 0.3531, "bus_lcSpeedGainRight": 3.4794, "bus_lcSublane": 0.7143, "bus_sigma": 0.3839, "bus_tau_mean": 2.6739, "bus_tau_std": 7.7846, "bus_v_mean": 14.7118, "bus_v_std": 8.6671, "car_acc": 0.9781, "car_dcc": 1.4674, "car_lcAssertive": 71.6912, "car_lcCooperative": 0.5045, "car_lcLookaheadLeft": 46.8601, "car_lcPushy": 0.7309, "car_lcSigma": 0.6371, "car_lcSpeedGainRight": 3.3351, "car_lcSublane": 0.9311, "car_sigma": 0.027, "car_tau_mean": 2.6048, "car_tau_std": 4.9724, "car_v_mean": 12.0204, "car_v_std": 14.6418}, "datetime": {"datetime": "2024-08-10 14:01:47", "elapsed": 5158.0762, "delta": 7.425834}}
{"target": -0.3029979668370037, "params": {"bus_acc": 0.8651, "bus_dcc": 1.2533, "bus_lcAssertive": 97.2672, "bus_lcCooperative": 0.0718, "bus_lcLookaheadLeft": 67.2257, "bus_lcPushy": 0.8261, "bus_lcSigma": 0.8713, "bus_lcSpeedGainRight": 0.8857, "bus_lcSublane": 0.7007, "bus_sigma": 0.7239, "bus_tau_mean": 3.7588, "bus_tau_std": 2.5996, "bus_v_mean": 18.331, "bus_v_std": 7.2958, "car_acc": 1.9793, "car_dcc": 0.7944, "car_lcAssertive": 41.0344, "car_lcCooperative": 0.195, "car_lcLookaheadLeft": 28.8731, "car_lcPushy": 0.2391, "car_lcSigma": 0.3962, "car_lcSpeedGainRight": 1.3596, "car_lcSublane": 0.6474, "car_sigma": 0.9622, "car_tau_mean": 2.6434, "car_tau_std": 1.1451, "car_v_mean": 9.2912, "car_v_std": 18.6425}, "datetime": {"datetime": "2024-08-10 14:01:52", "elapsed": 5162.18573, "delta": 4.10953}}
{"target": -0.3275211309290984, "params": {"bus_acc": 2.1225, "bus_dcc": 2.9433, "bus_lcAssertive": 46.7208, "bus_lcCooperative": 0.7742, "bus_lcLookaheadLeft": 18.2506, "bus_lcPushy": 0.0662, "bus_lcSigma": 0.0933, "bus_lcSpeedGainRight": 2.7101, "bus_lcSublane": 0.9844, "bus_sigma": 0.0142, "bus_tau_mean": 1.7726, "bus_tau_std": 7.0475, "bus_v_mean": 21.2735, "bus_v_std": 17.5522, "car_acc": 2.7195, "car_dcc": 1.3911, "car_lcAssertive": 52.0004, "car_lcCooperative": 0.2368, "car_lcLookaheadLeft": 8.2574, "car_lcPushy": 0.9507, "car_lcSigma": 0.0926, "car_lcSpeedGainRight": 4.3721, "car_lcSublane": 0.518, "car_sigma": 0.1799, "car_tau_mean": 3.1151, "car_tau_std": 2.9108, "car_v_mean": 8.7441, "car_v_std": 17.1462}, "datetime": {"datetime": "2024-08-10 14:01:57", "elapsed": 5167.804244, "delta": 5.618514}}
{"target": -0.2924878370504081, "params": {"bus_acc": 3.606, "bus_dcc": 0.6812, "bus_lcAssertive": 35.6987, "bus_lcCooperative": 0.9076, "bus_lcLookaheadLeft": 27.3863, "bus_lcPushy": 0.6734, "bus_lcSigma": 0.4852, "bus_lcSpeedGainRight": 0.8349, "bus_lcSublane": 0.3189, "bus_sigma": 0.4125, "bus_tau_mean": 2.6549, "bus_tau_std": 6.839, "bus_v_mean": 19.5531, "bus_v_std": 6.127, "car_acc": 1.594, "car_dcc": 0.9717, "car_lcAssertive": 22.0545, "car_lcCooperative": 0.0919, "car_lcLookaheadLeft": 22.858, "car_lcPushy": 0.6, "car_lcSigma": 0.0821, "car_lcSpeedGainRight": 0.8625, "car_lcSublane": 0.1539, "car_sigma": 0.7646, "car_tau_mean": 2.3302, "car_tau_std": 3.2868, "car_v_mean": 13.7982, "car_v_std": 13.4781}, "datetime": {"datetime": "2024-08-10 14:02:02", "elapsed": 5172.562561, "delta": 4.758317}}
{"target": -0.40316364038642, "params": {"bus_acc": 0.3822, "bus_dcc": 2.8228, "bus_lcAssertive": 60.2154, "bus_lcCooperative": 0.5024, "bus_lcLookaheadLeft": 60.3243, "bus_lcPushy": 0.7023, "bus_lcSigma": 0.8522, "bus_lcSpeedGainRight": 1.3875, "bus_lcSublane": 0.294, "bus_sigma": 0.7676, "bus_tau_mean": 2.3243, "bus_tau_std": 4.0648, "bus_v_mean": 9.9923, "bus_v_std": 18.2551, "car_acc": 0.6761, "car_dcc": 3.6207, "car_lcAssertive": 56.0929, "car_lcCooperative": 0.9825, "car_lcLookaheadLeft": 92.4483, "car_lcPushy": 0.9303, "car_lcSigma": 0.6343, "car_lcSpeedGainRight": 0.9, "car_lcSublane": 0.7881, "car_sigma": 0.4417, "car_tau_mean": 2.3228, "car_tau_std": 4.3205, "car_v_mean": 20.225, "car_v_std": 16.6184}, "datetime": {"datetime": "2024-08-10 14:02:08", "elapsed": 5178.308889, "delta": 5.746328}}
{"target": -0.5096964966452951, "params": {"bus_acc": 3.2756, "bus_dcc": 0.3518, "bus_lcAssertive": 66.9595, "bus_lcCooperative": 0.6513, "bus_lcLookaheadLeft": 45.7767, "bus_lcPushy": 0.2046, "bus_lcSigma": 0.9802, "bus_lcSpeedGainRight": 0.1717, "bus_lcSublane": 0.2265, "bus_sigma": 0.3306, "bus_tau_mean": 2.3451, "bus_tau_std": 1.9194, "bus_v_mean": 12.1119, "bus_v_std": 8.243, "car_acc": 1.56, "car_dcc": 0.4566, "car_lcAssertive": 39.2034, "car_lcCooperative": 0.0845, "car_lcLookaheadLeft": 97.1352, "car_lcPushy": 0.4062, "car_lcSigma": 0.4589, "car_lcSpeedGainRight": 3.7838, "car_lcSublane": 0.0797, "car_sigma": 0.0471, "car_tau_mean": 1.7005, "car_tau_std": 7.7071, "car_v_mean": 25.6895, "car_v_std": 3.5071}, "datetime": {"datetime": "2024-08-10 14:02:12", "elapsed": 5182.664616, "delta": 4.355727}}
{"target": -0.39031924256914485, "params": {"bus_acc": 0.9535, "bus_dcc": 2.8058, "bus_lcAssertive": 61.4126, "bus_lcCooperative": 0.475, "bus_lcLookaheadLeft": 83.2276, "bus_lcPushy": 0.7439, "bus_lcSigma": 0.1981, "bus_lcSpeedGainRight": 3.0599, "bus_lcSublane": 0.5235, "bus_sigma": 0.8087, "bus_tau_mean": 0.9676, "bus_tau_std": 4.8484, "bus_v_mean": 23.373, "bus_v_std": 0.9994, "car_acc": 0.8967, "car_dcc": 2.1191, "car_lcAssertive": 32.4817, "car_lcCooperative": 0.0737, "car_lcLookaheadLeft": 40.3362, "car_lcPushy": 0.9122, "car_lcSigma": 0.0798, "car_lcSpeedGainRight": 0.9781, "car_lcSublane": 0.333, "car_sigma": 0.3553, "car_tau_mean": 2.1983, "car_tau_std": 4.8554, "car_v_mean": 25.4877, "car_v_std": 3.5025}, "datetime": {"datetime": "2024-08-10 14:02:16", "elapsed": 5186.935352, "delta": 4.270736}}
{"target": -0.5856693750373577, "params": {"bus_acc": 0.3783, "bus_dcc": 3.172, "bus_lcAssertive": 79.7502, "bus_lcCooperative": 0.8849, "bus_lcLookaheadLeft": 11.8769, "bus_lcPushy": 0.7961, "bus_lcSigma": 0.2761, "bus_lcSpeedGainRight": 4.5523, "bus_lcSublane": 0.4685, "bus_sigma": 0.9452, "bus_tau_mean": 1.1572, "bus_tau_std": 0.7714, "bus_v_mean": 23.2971, "bus_v_std": 7.0302, "car_acc": 0.6017, "car_dcc": 2.6678, "car_lcAssertive": 76.777, "car_lcCooperative": 0.6144, "car_lcLookaheadLeft": 41.8263, "car_lcPushy": 0.8351, "car_lcSigma": 0.3951, "car_lcSpeedGainRight": 0.8826, "car_lcSublane": 0.8765, "car_sigma": 0.7128, "car_tau_mean": 3.2107, "car_tau_std": 7.0301, "car_v_mean": 18.7253, "car_v_std": 3.1404}, "datetime": {"datetime": "2024-08-10 14:02:22", "elapsed": 5192.9859, "delta": 6.050548}}
{"target": -0.3405608809386577, "params": {"bus_acc": 2.5938, "bus_dcc": 0.4215, "bus_lcAssertive": 99.9275, "bus_lcCooperative": 0.7758, "bus_lcLookaheadLeft": 17.577, "bus_lcPushy": 0.6497, "bus_lcSigma": 0.8499, "bus_lcSpeedGainRight": 3.7095, "bus_lcSublane": 0.4794, "bus_sigma": 0.064, "bus_tau_mean": 2.8813, "bus_tau_std": 8.9787, "bus_v_mean": 11.8191, "bus_v_std": 6.32, "car_acc": 1.3712, "car_dcc": 2.3561, "car_lcAssertive": 97.6571, "car_lcCooperative": 0.0665, "car_lcLookaheadLeft": 43.8389, "car_lcPushy": 0.4106, "car_lcSigma": 0.0969, "car_lcSpeedGainRight": 2.8467, "car_lcSublane": 0.9596, "car_sigma": 0.8285, "car_tau_mean": 1.3968, "car_tau_std": 2.475, "car_v_mean": 17.6962, "car_v_std": 13.691}, "datetime": {"datetime": "2024-08-10 14:02:27", "elapsed": 5198.055755, "delta": 5.069855}}
{"target": -0.24423342939172724, "params": {"bus_acc": 2.3336, "bus_dcc": 1.4798, "bus_lcAssertive": 77.9245, "bus_lcCooperative": 0.5461, "bus_lcLookaheadLeft": 55.8134, "bus_lcPushy": 0.5601, "bus_lcSigma": 0.9137, "bus_lcSpeedGainRight": 2.982, "bus_lcSublane": 0.1847, "bus_sigma": 0.155, "bus_tau_mean": 0.9547, "bus_tau_std": 8.3387, "bus_v_mean": 22.0088, "bus_v_std": 1.7731, "car_acc": 0.5557, "car_dcc": 0.5013, "car_lcAssertive": 96.4388, "car_lcCooperative": 0.5689, "car_lcLookaheadLeft": 10.6812, "car_lcPushy": 0.8461, "car_lcSigma": 0.1047, "car_lcSpeedGainRight": 1.2612, "car_lcSublane": 0.9244, "car_sigma": 0.3349, "car_tau_mean": 1.1524, "car_tau_std": 8.0608, "car_v_mean": 9.9152, "car_v_std": 2.5317}, "datetime": {"datetime": "2024-08-10 14:02:37", "elapsed": 5207.304404, "delta": 9.248649}}
{"target": -0.3428317212206098, "params": {"bus_acc": 1.6189, "bus_dcc": 2.0298, "bus_lcAssertive": 30.5324, "bus_lcCooperative": 0.27, "bus_lcLookaheadLeft": 71.9064, "bus_lcPushy": 0.3947, "bus_lcSigma": 0.767, "bus_lcSpeedGainRight": 4.5307, "bus_lcSublane": 0.0007, "bus_sigma": 0.3032, "bus_tau_mean": 2.5314, "bus_tau_std": 5.4328, "bus_v_mean": 22.4825, "bus_v_std": 17.3403, "car_acc": 1.7964, "car_dcc": 2.2796, "car_lcAssertive": 26.2557, "car_lcCooperative": 0.1481, "car_lcLookaheadLeft": 45.8318, "car_lcPushy": 0.5507, "car_lcSigma": 0.9748, "car_lcSpeedGainRight": 4.7039, "car_lcSublane": 0.2655, "car_sigma": 0.2617, "car_tau_mean": 2.1922, "car_tau_std": 2.5631, "car_v_mean": 21.5055, "car_v_std": 16.4816}, "datetime": {"datetime": "2024-08-10 14:02:42", "elapsed": 5213.017369, "delta": 5.712965}}
{"target": -0.3528087398993627, "params": {"bus_acc": 3.3298, "bus_dcc": 2.1808, "bus_lcAssertive": 77.8635, "bus_lcCooperative": 0.1972, "bus_lcLookaheadLeft": 46.6028, "bus_lcPushy": 0.4003, "bus_lcSigma": 0.6867, "bus_lcSpeedGainRight": 1.9988, "bus_lcSublane": 0.6927, "bus_sigma": 0.7216, "bus_tau_mean": 3.0176, "bus_tau_std": 9.9093, "bus_v_mean": 12.607, "bus_v_std": 12.3669, "car_acc": 1.5066, "car_dcc": 3.5283, "car_lcAssertive": 39.357, "car_lcCooperative": 0.3902, "car_lcLookaheadLeft": 26.5755, "car_lcPushy": 0.0617, "car_lcSigma": 0.7972, "car_lcSpeedGainRight": 2.6328, "car_lcSublane": 0.9197, "car_sigma": 0.6638, "car_tau_mean": 2.3168, "car_tau_std": 9.667, "car_v_mean": 18.8859, "car_v_std": 11.7286}, "datetime": {"datetime": "2024-08-10 14:02:50", "elapsed": 5220.554515, "delta": 7.537146}}
{"target": -0.3508446039032635, "params": {"bus_acc": 3.2594, "bus_dcc": 3.2302, "bus_lcAssertive": 41.7202, "bus_lcCooperative": 0.1498, "bus_lcLookaheadLeft": 53.9365, "bus_lcPushy": 0.5858, "bus_lcSigma": 0.6872, "bus_lcSpeedGainRight": 1.339, "bus_lcSublane": 0.4319, "bus_sigma": 0.811, "bus_tau_mean": 3.7908, "bus_tau_std": 1.791, "bus_v_mean": 8.3607, "bus_v_std": 0.4913, "car_acc": 2.0805, "car_dcc": 3.8591, "car_lcAssertive": 23.7295, "car_lcCooperative": 0.0307, "car_lcLookaheadLeft": 17.4408, "car_lcPushy": 0.9037, "car_lcSigma": 0.9359, "car_lcSpeedGainRight": 1.2162, "car_lcSublane": 0.4203, "car_sigma": 0.4686, "car_tau_mean": 2.1105, "car_tau_std": 4.4878, "car_v_mean": 25.8695, "car_v_std": 13.8564}, "datetime": {"datetime": "2024-08-10 14:02:55", "elapsed": 5225.680861, "delta": 5.126346}}
{"target": -0.26707981557287414, "params": {"bus_acc": 3.0864, "bus_dcc": 2.3491, "bus_lcAssertive": 37.618, "bus_lcCooperative": 0.879, "bus_lcLookaheadLeft": 98.5891, "bus_lcPushy": 0.9175, "bus_lcSigma": 0.2588, "bus_lcSpeedGainRight": 3.1698, "bus_lcSublane": 0.9721, "bus_sigma": 0.2616, "bus_tau_mean": 3.3778, "bus_tau_std": 1.0297, "bus_v_mean": 19.7538, "bus_v_std": 6.0298, "car_acc": 0.5319, "car_dcc": 0.4589, "car_lcAssertive": 33.2434, "car_lcCooperative": 0.7395, "car_lcLookaheadLeft": 82.3795, "car_lcPushy": 0.7777, "car_lcSigma": 0.3291, "car_lcSpeedGainRight": 2.1759, "car_lcSublane": 0.1639, "car_sigma": 0.6887, "car_tau_mean": 3.3718, "car_tau_std": 3.6248, "car_v_mean": 15.9241, "car_v_std": 5.0971}, "datetime": {"datetime": "2024-08-10 14:02:59", "elapsed": 5229.302368, "delta": 3.621507}}
{"target": -0.32216105126013056, "params": {"bus_acc": 1.8795, "bus_dcc": 1.7808, "bus_lcAssertive": 81.8309, "bus_lcCooperative": 0.999, "bus_lcLookaheadLeft": 3.2977, "bus_lcPushy": 0.522, "bus_lcSigma": 0.9735, "bus_lcSpeedGainRight": 0.6779, "bus_lcSublane": 0.5918, "bus_sigma": 0.0757, "bus_tau_mean": 0.7008, "bus_tau_std": 1.5375, "bus_v_mean": 19.6377, "bus_v_std": 11.704, "car_acc": 3.0421, "car_dcc": 3.121, "car_lcAssertive": 30.3081, "car_lcCooperative": 0.9913, "car_lcLookaheadLeft": 86.6708, "car_lcPushy": 0.1155, "car_lcSigma": 0.4272, "car_lcSpeedGainRight": 0.1542, "car_lcSublane": 0.5324, "car_sigma": 0.005, "car_tau_mean": 3.6688, "car_tau_std": 0.7118, "car_v_mean": 16.053, "car_v_std": 5.3347}, "datetime": {"datetime": "2024-08-10 14:03:06", "elapsed": 5236.620867, "delta": 7.318499}}
{"target": -0.2797263598882304, "params": {"bus_acc": 1.2481, "bus_dcc": 2.1002, "bus_lcAssertive": 79.9759, "bus_lcCooperative": 0.9617, "bus_lcLookaheadLeft": 22.7178, "bus_lcPushy": 0.5832, "bus_lcSigma": 0.7042, "bus_lcSpeedGainRight": 2.736, "bus_lcSublane": 0.5784, "bus_sigma": 0.4961, "bus_tau_mean": 0.6764, "bus_tau_std": 3.6753, "bus_v_mean": 17.6097, "bus_v_std": 18.0259, "car_acc": 2.1176, "car_dcc": 0.6062, "car_lcAssertive": 93.3394, "car_lcCooperative": 0.4945, "car_lcLookaheadLeft": 74.6421, "car_lcPushy": 0.1898, "car_lcSigma": 0.8383, "car_lcSpeedGainRight": 2.6982, "car_lcSublane": 0.3284, "car_sigma": 0.9018, "car_tau_mean": 1.8759, "car_tau_std": 4.0214, "car_v_mean": 13.1517, "car_v_std": 8.535}, "datetime": {"datetime": "2024-08-10 14:03:10", "elapsed": 5240.617169, "delta": 3.996302}}
{"target": -0.5948065594173167, "params": {"bus_acc": 3.417, "bus_dcc": 1.2746, "bus_lcAssertive": 77.283, "bus_lcCooperative": 0.0963, "bus_lcLookaheadLeft": 83.9888, "bus_lcPushy": 0.2009, "bus_lcSigma": 0.8089, "bus_lcSpeedGainRight": 2.7066, "bus_lcSublane": 0.1771, "bus_sigma": 0.5592, "bus_tau_mean": 2.9639, "bus_tau_std": 9.1232, "bus_v_mean": 11.047, "bus_v_std": 15.8699, "car_acc": 0.7136, "car_dcc": 2.5999, "car_lcAssertive": 9.0727, "car_lcCooperative": 0.1006, "car_lcLookaheadLeft": 92.8739, "car_lcPushy": 0.1774, "car_lcSigma": 0.4163, "car_lcSpeedGainRight": 4.0856, "car_lcSublane": 0.0829, "car_sigma": 0.5618, "car_tau_mean": 1.2894, "car_tau_std": 5.4741, "car_v_mean": 18.4721, "car_v_std": 12.1191}, "datetime": {"datetime": "2024-08-10 14:03:17", "elapsed": 5247.979193, "delta": 7.362024}}
{"target": -0.2994778944387068, "params": {"bus_acc": 3.8004, "bus_dcc": 3.7913, "bus_lcAssertive": 82.0426, "bus_lcCooperative": 0.4451, "bus_lcLookaheadLeft": 59.7974, "bus_lcPushy": 0.0329, "bus_lcSigma": 0.0688, "bus_lcSpeedGainRight": 2.2442, "bus_lcSublane": 0.0353, "bus_sigma": 0.4453, "bus_tau_mean": 3.4369, "bus_tau_std": 5.2582, "bus_v_mean": 10.3324, "bus_v_std": 15.4501, "car_acc": 3.55, "car_dcc": 0.6674, "car_lcAssertive": 81.8183, "car_lcCooperative": 0.5026, "car_lcLookaheadLeft": 87.4418, "car_lcPushy": 0.2803, "car_lcSigma": 0.8643, "car_lcSpeedGainRight": 1.2199, "car_lcSublane": 0.9392, "car_sigma": 0.0074, "car_tau_mean": 3.9506, "car_tau_std": 7.5823, "car_v_mean": 20.9729, "car_v_std": 12.1496}, "datetime": {"datetime": "2024-08-10 14:03:26", "elapsed": 5256.685203, "delta": 8.70601}}
{"target": -0.9137841490435795, "params": {"bus_acc": 3.768, "bus_dcc": 1.6471, "bus_lcAssertive": 76.7602, "bus_lcCooperative": 0.1044, "bus_lcLookaheadLeft": 81.0832, "bus_lcPushy": 0.3517, "bus_lcSigma": 0.124, "bus_lcSpeedGainRight": 1.9673, "bus_lcSublane": 0.0044, "bus_sigma": 0.2938, "bus_tau_mean": 3.7209, "bus_tau_std": 7.7187, "bus_v_mean": 19.6521, "bus_v_std": 1.6226, "car_acc": 0.2252, "car_dcc": 1.402, "car_lcAssertive": 29.2325, "car_lcCooperative": 0.6846, "car_lcLookaheadLeft": 32.6025, "car_lcPushy": 0.8491, "car_lcSigma": 0.2383, "car_lcSpeedGainRight": 2.1149, "car_lcSublane": 0.9762, "car_sigma": 0.7794, "car_tau_mean": 0.7973, "car_tau_std": 6.9948, "car_v_mean": 11.4727, "car_v_std": 4.8813}, "datetime": {"datetime": "2024-08-10 14:03:30", "elapsed": 5260.637269, "delta": 3.952066}}
{"target": -0.3090699697134172, "params": {"bus_acc": 2.8593, "bus_dcc": 0.9183, "bus_lcAssertive": 49.1269, "bus_lcCooperative": 0.9746, "bus_lcLookaheadLeft": 47.6178, "bus_lcPushy": 0.6022, "bus_lcSigma": 0.7046, "bus_lcSpeedGainRight": 0.7698, "bus_lcSublane": 0.4253, "bus_sigma": 0.0427, "bus_tau_mean": 3.7179, "bus_tau_std": 0.528, "bus_v_mean": 16.992, "bus_v_std": 18.1443, "car_acc": 3.932, "car_dcc": 1.1674, "car_lcAssertive": 94.6459, "car_lcCooperative": 0.5926, "car_lcLookaheadLeft": 47.3177, "car_lcPushy": 0.1439, "car_lcSigma": 0.7156, "car_lcSpeedGainRight": 3.8723, "car_lcSublane": 0.8196, "car_sigma": 0.8189, "car_tau_mean": 2.3937, "car_tau_std": 2.8228, "car_v_mean": 14.1193, "car_v_std": 7.7247}, "datetime": {"datetime": "2024-08-10 14:03:34", "elapsed": 5264.457486, "delta": 3.820217}}
