{"target": -0.34000999552528244, "params": {"bus_acc": 1.9777, "bus_dcc": 3.0803, "bus_lcAssertive": 61.2891, "bus_lcCooperative": 0.8865, "bus_lcLookaheadLeft": 23.708, "bus_lcPushy": 0.0964, "bus_lcSigma": 0.2024, "bus_lcSpeedGainRight": 1.3857, "bus_lcSublane": 0.6045, "bus_sigma": 0.5471, "bus_tau_mean": 3.0129, "bus_tau_std": 0.6103, "bus_v_mean": 11.0109, "bus_v_std": 1.5171, "car_acc": 3.8513, "car_dcc": 3.8596, "car_lcAssertive": 78.3447, "car_lcCooperative": 0.1686, "car_lcLookaheadLeft": 12.5251, "car_lcPushy": 0.1552, "car_lcSigma": 0.741, "car_lcSpeedGainRight": 2.116, "car_lcSublane": 0.0096, "car_sigma": 0.3646, "car_tau_mean": 3.7303, "car_tau_std": 5.1114, "car_v_mean": 10.5683, "car_v_std": 8.5064}, "datetime": {"datetime": "2024-08-10 14:25:04", "elapsed": 6554.58231, "delta": 7.946471}}
{"target": -0.640079588413384, "params": {"bus_acc": 1.0661, "bus_dcc": 3.2132, "bus_lcAssertive": 26.6786, "bus_lcCooperative": 0.7818, "bus_lcLookaheadLeft": 53.8676, "bus_lcPushy": 0.3423, "bus_lcSigma": 0.5203, "bus_lcSpeedGainRight": 2.6524, "bus_lcSublane": 0.0366, "bus_sigma": 0.9238, "bus_tau_mean": 3.331, "bus_tau_std": 6.8438, "bus_v_mean": 9.8686, "bus_v_std": 17.5727, "car_acc": 0.5117, "car_dcc": 0.9286, "car_lcAssertive": 53.3962, "car_lcCooperative": 0.3205, "car_lcLookaheadLeft": 73.6836, "car_lcPushy": 0.1844, "car_lcSigma": 0.5109, "car_lcSpeedGainRight": 2.8073, "car_lcSublane": 0.8488, "car_sigma": 0.1418, "car_tau_mean": 0.7778, "car_tau_std": 1.6497, "car_v_mean": 16.3146, "car_v_std": 13.7968}, "datetime": {"datetime": "2024-08-10 14:25:08", "elapsed": 6558.999563, "delta": 4.417253}}
{"target": -0.34141054069231797, "params": {"bus_acc": 0.5145, "bus_dcc": 2.6005, "bus_lcAssertive": 81.455, "bus_lcCooperative": 0.529, "bus_lcLookaheadLeft": 7.677, "bus_lcPushy": 0.9598, "bus_lcSigma": 0.5302, "bus_lcSpeedGainRight": 1.2383, "bus_lcSublane": 0.0344, "bus_sigma": 0.1858, "bus_tau_mean": 1.7488, "bus_tau_std": 5.1089, "bus_v_mean": 16.4578, "bus_v_std": 8.2102, "car_acc": 3.4306, "car_dcc": 1.7902, "car_lcAssertive": 57.6255, "car_lcCooperative": 0.4929, "car_lcLookaheadLeft": 30.878, "car_lcPushy": 0.7459, "car_lcSigma": 0.1926, "car_lcSpeedGainRight": 3.1528, "car_lcSublane": 0.7592, "car_sigma": 0.7555, "car_tau_mean": 3.4636, "car_tau_std": 8.6547, "car_v_mean": 15.4579, "car_v_std": 18.9096}, "datetime": {"datetime": "2024-08-10 14:25:18", "elapsed": 6568.233514, "delta": 9.233951}}
{"target": -0.2594293084070558, "params": {"bus_acc": 2.5563, "bus_dcc": 2.4432, "bus_lcAssertive": 40.8302, "bus_lcCooperative": 0.8962, "bus_lcLookaheadLeft": 93.2518, "bus_lcPushy": 0.4984, "bus_lcSigma": 0.5901, "bus_lcSpeedGainRight": 1.7187, "bus_lcSublane": 0.5634, "bus_sigma": 0.3026, "bus_tau_mean": 1.7697, "bus_tau_std": 3.5345, "bus_v_mean": 19.3486, "bus_v_std": 8.7112, "car_acc": 2.4595, "car_dcc": 0.2175, "car_lcAssertive": 72.7661, "car_lcCooperative": 0.3329, "car_lcLookaheadLeft": 50.2465, "car_lcPushy": 0.1284, "car_lcSigma": 0.8283, "car_lcSpeedGainRight": 4.0548, "car_lcSublane": 0.3372, "car_sigma": 0.7493, "car_tau_mean": 3.0236, "car_tau_std": 2.8342, "car_v_mean": 9.8248, "car_v_std": 17.5542}, "datetime": {"datetime": "2024-08-10 14:25:23", "elapsed": 6574.044116, "delta": 5.810602}}
{"target": -0.2789970156111252, "params": {"bus_acc": 1.5641, "bus_dcc": 3.1517, "bus_lcAssertive": 99.8952, "bus_lcCooperative": 0.7096, "bus_lcLookaheadLeft": 53.657, "bus_lcPushy": 0.4187, "bus_lcSigma": 0.3649, "bus_lcSpeedGainRight": 3.9413, "bus_lcSublane": 0.7337, "bus_sigma": 0.557, "bus_tau_mean": 2.9746, "bus_tau_std": 0.0775, "bus_v_mean": 16.4454, "bus_v_std": 9.9587, "car_acc": 2.2564, "car_dcc": 1.3909, "car_lcAssertive": 11.8426, "car_lcCooperative": 0.3615, "car_lcLookaheadLeft": 23.1334, "car_lcPushy": 0.3998, "car_lcSigma": 0.4511, "car_lcSpeedGainRight": 0.4304, "car_lcSublane": 0.9665, "car_sigma": 0.5355, "car_tau_mean": 1.8849, "car_tau_std": 0.6982, "car_v_mean": 9.3229, "car_v_std": 15.8047}, "datetime": {"datetime": "2024-08-10 14:25:29", "elapsed": 6579.73495, "delta": 5.690834}}
{"target": -0.3078340448917632, "params": {"bus_acc": 2.6902, "bus_dcc": 3.1119, "bus_lcAssertive": 46.5169, "bus_lcCooperative": 0.0235, "bus_lcLookaheadLeft": 60.6001, "bus_lcPushy": 0.4204, "bus_lcSigma": 0.1486, "bus_lcSpeedGainRight": 4.0605, "bus_lcSublane": 0.8782, "bus_sigma": 0.7673, "bus_tau_mean": 3.3948, "bus_tau_std": 1.1262, "bus_v_mean": 21.0523, "bus_v_std": 19.3181, "car_acc": 1.5618, "car_dcc": 0.7963, "car_lcAssertive": 23.8209, "car_lcCooperative": 0.5766, "car_lcLookaheadLeft": 85.7218, "car_lcPushy": 0.74, "car_lcSigma": 0.7427, "car_lcSpeedGainRight": 2.0178, "car_lcSublane": 0.3265, "car_sigma": 0.1583, "car_tau_mean": 2.0203, "car_tau_std": 5.9912, "car_v_mean": 8.363, "car_v_std": 11.2679}, "datetime": {"datetime": "2024-08-10 14:25:36", "elapsed": 6586.927412, "delta": 7.192462}}
{"target": -0.31395331241880325, "params": {"bus_acc": 3.6516, "bus_dcc": 3.6586, "bus_lcAssertive": 96.3734, "bus_lcCooperative": 0.116, "bus_lcLookaheadLeft": 96.1794, "bus_lcPushy": 0.1739, "bus_lcSigma": 0.4146, "bus_lcSpeedGainRight": 2.0622, "bus_lcSublane": 0.4726, "bus_sigma": 0.412, "bus_tau_mean": 0.7821, "bus_tau_std": 9.8035, "bus_v_mean": 13.6813, "bus_v_std": 13.4043, "car_acc": 2.385, "car_dcc": 1.7628, "car_lcAssertive": 20.6733, "car_lcCooperative": 0.9883, "car_lcLookaheadLeft": 53.5042, "car_lcPushy": 0.9051, "car_lcSigma": 0.9737, "car_lcSpeedGainRight": 0.7553, "car_lcSublane": 0.9552, "car_sigma": 0.3075, "car_tau_mean": 1.7325, "car_tau_std": 7.0793, "car_v_mean": 13.395, "car_v_std": 8.2735}, "datetime": {"datetime": "2024-08-10 14:25:45", "elapsed": 6595.854426, "delta": 8.927014}}
{"target": -0.28257203420846605, "params": {"bus_acc": 3.1423, "bus_dcc": 1.9333, "bus_lcAssertive": 46.4055, "bus_lcCooperative": 0.389, "bus_lcLookaheadLeft": 95.1851, "bus_lcPushy": 0.7997, "bus_lcSigma": 0.7085, "bus_lcSpeedGainRight": 2.0659, "bus_lcSublane": 0.6295, "bus_sigma": 0.6345, "bus_tau_mean": 3.8209, "bus_tau_std": 9.7802, "bus_v_mean": 12.9718, "bus_v_std": 8.9612, "car_acc": 3.4127, "car_dcc": 2.2809, "car_lcAssertive": 21.93, "car_lcCooperative": 0.4705, "car_lcLookaheadLeft": 38.7741, "car_lcPushy": 0.9802, "car_lcSigma": 0.7986, "car_lcSpeedGainRight": 4.4246, "car_lcSublane": 0.9468, "car_sigma": 0.8499, "car_tau_mean": 3.6228, "car_tau_std": 0.8925, "car_v_mean": 18.2595, "car_v_std": 9.7931}, "datetime": {"datetime": "2024-08-10 14:25:50", "elapsed": 6601.104551, "delta": 5.250125}}
{"target": -0.6927019555635038, "params": {"bus_acc": 3.4218, "bus_dcc": 1.8584, "bus_lcAssertive": 68.3061, "bus_lcCooperative": 0.922, "bus_lcLookaheadLeft": 36.9978, "bus_lcPushy": 0.5682, "bus_lcSigma": 0.0728, "bus_lcSpeedGainRight": 0.222, "bus_lcSublane": 0.889, "bus_sigma": 0.497, "bus_tau_mean": 1.9667, "bus_tau_std": 4.7959, "bus_v_mean": 24.2284, "bus_v_std": 16.7137, "car_acc": 0.377, "car_dcc": 2.515, "car_lcAssertive": 71.541, "car_lcCooperative": 0.9197, "car_lcLookaheadLeft": 84.1303, "car_lcPushy": 0.8823, "car_lcSigma": 0.2778, "car_lcSpeedGainRight": 1.0933, "car_lcSublane": 0.8505, "car_sigma": 0.314, "car_tau_mean": 1.0838, "car_tau_std": 2.2245, "car_v_mean": 11.5399, "car_v_std": 13.1559}, "datetime": {"datetime": "2024-08-10 14:26:02", "elapsed": 6612.561605, "delta": 11.457054}}
{"target": -0.44352482122802234, "params": {"bus_acc": 1.502, "bus_dcc": 1.129, "bus_lcAssertive": 86.0234, "bus_lcCooperative": 0.9648, "bus_lcLookaheadLeft": 57.0629, "bus_lcPushy": 0.5256, "bus_lcSigma": 0.7355, "bus_lcSpeedGainRight": 2.9458, "bus_lcSublane": 0.0273, "bus_sigma": 0.5865, "bus_tau_mean": 2.2733, "bus_tau_std": 9.1403, "bus_v_mean": 22.503, "bus_v_std": 8.7622, "car_acc": 0.6886, "car_dcc": 2.7241, "car_lcAssertive": 34.7878, "car_lcCooperative": 0.2275, "car_lcLookaheadLeft": 91.1303, "car_lcPushy": 0.1493, "car_lcSigma": 0.2743, "car_lcSpeedGainRight": 0.1169, "car_lcSublane": 0.497, "car_sigma": 0.5019, "car_tau_mean": 3.5227, "car_tau_std": 0.5671, "car_v_mean": 16.4798, "car_v_std": 0.835}, "datetime": {"datetime": "2024-08-10 14:26:08", "elapsed": 6618.379886, "delta": 5.818281}}
{"target": -0.2977031356222613, "params": {"bus_acc": 1.4871, "bus_dcc": 0.7226, "bus_lcAssertive": 54.7959, "bus_lcCooperative": 0.5787, "bus_lcLookaheadLeft": 10.2998, "bus_lcPushy": 0.8252, "bus_lcSigma": 0.5326, "bus_lcSpeedGainRight": 1.4913, "bus_lcSublane": 0.1479, "bus_sigma": 0.6475, "bus_tau_mean": 1.715, "bus_tau_std": 3.0206, "bus_v_mean": 18.2765, "bus_v_std": 10.3323, "car_acc": 3.3273, "car_dcc": 2.2666, "car_lcAssertive": 37.5749, "car_lcCooperative": 0.5304, "car_lcLookaheadLeft": 87.6692, "car_lcPushy": 0.6402, "car_lcSigma": 0.6093, "car_lcSpeedGainRight": 1.4844, "car_lcSublane": 0.2502, "car_sigma": 0.0142, "car_tau_mean": 3.5839, "car_tau_std": 9.0868, "car_v_mean": 14.7344, "car_v_std": 11.8455}, "datetime": {"datetime": "2024-08-10 14:26:12", "elapsed": 6622.32285, "delta": 3.942964}}
{"target": -0.3879588112309372, "params": {"bus_acc": 1.1943, "bus_dcc": 3.532, "bus_lcAssertive": 6.2006, "bus_lcCooperative": 0.7337, "bus_lcLookaheadLeft": 31.7339, "bus_lcPushy": 0.7402, "bus_lcSigma": 0.4474, "bus_lcSpeedGainRight": 1.9318, "bus_lcSublane": 0.169, "bus_sigma": 0.4899, "bus_tau_mean": 1.8986, "bus_tau_std": 0.5918, "bus_v_mean": 18.8615, "bus_v_std": 2.9435, "car_acc": 2.4333, "car_dcc": 1.536, "car_lcAssertive": 51.0131, "car_lcCooperative": 0.9153, "car_lcLookaheadLeft": 13.9431, "car_lcPushy": 0.7973, "car_lcSigma": 0.0476, "car_lcSpeedGainRight": 2.4636, "car_lcSublane": 0.0737, "car_sigma": 0.3473, "car_tau_mean": 3.3158, "car_tau_std": 4.8087, "car_v_mean": 22.8943, "car_v_std": 6.4575}, "datetime": {"datetime": "2024-08-10 14:26:17", "elapsed": 6627.809254, "delta": 5.486404}}
{"target": -0.26172792201544753, "params": {"bus_acc": 2.1293, "bus_dcc": 0.7699, "bus_lcAssertive": 43.2985, "bus_lcCooperative": 0.0606, "bus_lcLookaheadLeft": 20.4085, "bus_lcPushy": 0.4558, "bus_lcSigma": 0.5326, "bus_lcSpeedGainRight": 1.0622, "bus_lcSublane": 0.7587, "bus_sigma": 0.4066, "bus_tau_mean": 1.2208, "bus_tau_std": 6.6074, "bus_v_mean": 22.9109, "bus_v_std": 14.6557, "car_acc": 3.1457, "car_dcc": 1.1311, "car_lcAssertive": 88.2826, "car_lcCooperative": 0.0368, "car_lcLookaheadLeft": 52.945, "car_lcPushy": 0.9324, "car_lcSigma": 0.494, "car_lcSpeedGainRight": 0.0053, "car_lcSublane": 0.4506, "car_sigma": 0.4765, "car_tau_mean": 2.1185, "car_tau_std": 8.1746, "car_v_mean": 23.5385, "car_v_std": 10.1831}, "datetime": {"datetime": "2024-08-10 14:26:23", "elapsed": 6633.267626, "delta": 5.458372}}
{"target": -0.40588083733999064, "params": {"bus_acc": 2.6424, "bus_dcc": 1.8944, "bus_lcAssertive": 20.7887, "bus_lcCooperative": 0.0689, "bus_lcLookaheadLeft": 13.1201, "bus_lcPushy": 0.9789, "bus_lcSigma": 0.084, "bus_lcSpeedGainRight": 0.3779, "bus_lcSublane": 0.4686, "bus_sigma": 0.9641, "bus_tau_mean": 2.4859, "bus_tau_std": 1.9909, "bus_v_mean": 23.7617, "bus_v_std": 11.7742, "car_acc": 0.6825, "car_dcc": 0.8783, "car_lcAssertive": 36.2201, "car_lcCooperative": 0.3541, "car_lcLookaheadLeft": 11.7811, "car_lcPushy": 0.9501, "car_lcSigma": 0.3918, "car_lcSpeedGainRight": 1.9284, "car_lcSublane": 0.8932, "car_sigma": 0.9842, "car_tau_mean": 3.2492, "car_tau_std": 4.6948, "car_v_mean": 12.7267, "car_v_std": 18.974}, "datetime": {"datetime": "2024-08-10 14:26:27", "elapsed": 6637.900519, "delta": 4.632893}}
{"target": -0.3753209078531354, "params": {"bus_acc": 1.6501, "bus_dcc": 1.4134, "bus_lcAssertive": 55.5333, "bus_lcCooperative": 0.277, "bus_lcLookaheadLeft": 94.9197, "bus_lcPushy": 0.8922, "bus_lcSigma": 0.0044, "bus_lcSpeedGainRight": 1.427, "bus_lcSublane": 0.9041, "bus_sigma": 0.7966, "bus_tau_mean": 2.5607, "bus_tau_std": 7.2524, "bus_v_mean": 15.1438, "bus_v_std": 9.3633, "car_acc": 1.013, "car_dcc": 3.8956, "car_lcAssertive": 74.6161, "car_lcCooperative": 0.2497, "car_lcLookaheadLeft": 82.7472, "car_lcPushy": 0.2059, "car_lcSigma": 0.6505, "car_lcSpeedGainRight": 2.2655, "car_lcSublane": 0.8844, "car_sigma": 0.2472, "car_tau_mean": 3.3122, "car_tau_std": 5.9673, "car_v_mean": 8.8973, "car_v_std": 11.4192}, "datetime": {"datetime": "2024-08-10 14:26:32", "elapsed": 6642.285723, "delta": 4.385204}}
{"target": -0.3841932391265091, "params": {"bus_acc": 2.5051, "bus_dcc": 3.1858, "bus_lcAssertive": 26.9558, "bus_lcCooperative": 0.4985, "bus_lcLookaheadLeft": 30.5289, "bus_lcPushy": 0.0919, "bus_lcSigma": 0.2274, "bus_lcSpeedGainRight": 4.0789, "bus_lcSublane": 0.7691, "bus_sigma": 0.2096, "bus_tau_mean": 3.765, "bus_tau_std": 2.1221, "bus_v_mean": 17.3477, "bus_v_std": 12.8647, "car_acc": 3.5997, "car_dcc": 1.5984, "car_lcAssertive": 45.6398, "car_lcCooperative": 0.4377, "car_lcLookaheadLeft": 31.3462, "car_lcPushy": 0.7513, "car_lcSigma": 0.828, "car_lcSpeedGainRight": 3.3327, "car_lcSublane": 0.5445, "car_sigma": 0.6026, "car_tau_mean": 1.2629, "car_tau_std": 0.4411, "car_v_mean": 14.3681, "car_v_std": 0.9836}, "datetime": {"datetime": "2024-08-10 14:26:39", "elapsed": 6649.80364, "delta": 7.517917}}
{"target": -0.6379592389161876, "params": {"bus_acc": 0.454, "bus_dcc": 0.9466, "bus_lcAssertive": 88.5732, "bus_lcCooperative": 0.0091, "bus_lcLookaheadLeft": 41.0839, "bus_lcPushy": 0.704, "bus_lcSigma": 0.0867, "bus_lcSpeedGainRight": 1.9271, "bus_lcSublane": 0.8864, "bus_sigma": 0.0309, "bus_tau_mean": 0.9978, "bus_tau_std": 9.6889, "bus_v_mean": 21.8452, "bus_v_std": 3.3596, "car_acc": 1.1133, "car_dcc": 1.0097, "car_lcAssertive": 72.4605, "car_lcCooperative": 0.325, "car_lcLookaheadLeft": 43.4608, "car_lcPushy": 0.789, "car_lcSigma": 0.8778, "car_lcSpeedGainRight": 3.4446, "car_lcSublane": 0.1818, "car_sigma": 0.6599, "car_tau_mean": 3.5912, "car_tau_std": 4.7816, "car_v_mean": 18.4805, "car_v_std": 1.1273}, "datetime": {"datetime": "2024-08-10 14:26:45", "elapsed": 6655.747617, "delta": 5.943977}}
{"target": -0.30203766681493965, "params": {"bus_acc": 3.9222, "bus_dcc": 2.5671, "bus_lcAssertive": 66.743, "bus_lcCooperative": 0.8298, "bus_lcLookaheadLeft": 33.0589, "bus_lcPushy": 0.7741, "bus_lcSigma": 0.403, "bus_lcSpeedGainRight": 4.7704, "bus_lcSublane": 0.2878, "bus_sigma": 0.1742, "bus_tau_mean": 1.983, "bus_tau_std": 2.1685, "bus_v_mean": 10.6815, "bus_v_std": 16.7879, "car_acc": 1.3103, "car_dcc": 0.4621, "car_lcAssertive": 32.8745, "car_lcCooperative": 0.3845, "car_lcLookaheadLeft": 34.3924, "car_lcPushy": 0.3379, "car_lcSigma": 0.516, "car_lcSpeedGainRight": 2.0094, "car_lcSublane": 0.31, "car_sigma": 0.4659, "car_tau_mean": 1.3849, "car_tau_std": 1.1394, "car_v_mean": 23.7393, "car_v_std": 13.5018}, "datetime": {"datetime": "2024-08-10 14:26:57", "elapsed": 6667.317615, "delta": 11.569998}}
{"target": -0.39337286470737426, "params": {"bus_acc": 2.2553, "bus_dcc": 1.2333, "bus_lcAssertive": 99.0828, "bus_lcCooperative": 0.7589, "bus_lcLookaheadLeft": 58.4999, "bus_lcPushy": 0.8759, "bus_lcSigma": 0.6774, "bus_lcSpeedGainRight": 0.3914, "bus_lcSublane": 0.2145, "bus_sigma": 0.1168, "bus_tau_mean": 2.8748, "bus_tau_std": 6.0748, "bus_v_mean": 25.4054, "bus_v_std": 11.2634, "car_acc": 1.1851, "car_dcc": 2.029, "car_lcAssertive": 73.748, "car_lcCooperative": 0.8184, "car_lcLookaheadLeft": 52.7318, "car_lcPushy": 0.8253, "car_lcSigma": 0.2982, "car_lcSpeedGainRight": 4.2859, "car_lcSublane": 0.1398, "car_sigma": 0.322, "car_tau_mean": 3.1814, "car_tau_std": 7.0591, "car_v_mean": 21.405, "car_v_std": 7.1233}, "datetime": {"datetime": "2024-08-10 14:27:03", "elapsed": 6674.043344, "delta": 6.725729}}
{"target": -0.6861527468758117, "params": {"bus_acc": 3.7152, "bus_dcc": 1.4014, "bus_lcAssertive": 16.3077, "bus_lcCooperative": 0.3577, "bus_lcLookaheadLeft": 77.3717, "bus_lcPushy": 0.062, "bus_lcSigma": 0.3547, "bus_lcSpeedGainRight": 1.8734, "bus_lcSublane": 0.3193, "bus_sigma": 0.8857, "bus_tau_mean": 3.5883, "bus_tau_std": 3.3657, "bus_v_mean": 14.3415, "bus_v_std": 14.4862, "car_acc": 0.4804, "car_dcc": 1.2734, "car_lcAssertive": 76.7434, "car_lcCooperative": 0.0913, "car_lcLookaheadLeft": 7.741, "car_lcPushy": 0.3834, "car_lcSigma": 0.2856, "car_lcSpeedGainRight": 0.3414, "car_lcSublane": 0.9384, "car_sigma": 0.9745, "car_tau_mean": 1.8409, "car_tau_std": 4.8395, "car_v_mean": 11.5857, "car_v_std": 15.3974}, "datetime": {"datetime": "2024-08-10 14:27:13", "elapsed": 6683.786804, "delta": 9.74346}}
{"target": -0.3236414838646382, "params": {"bus_acc": 1.661, "bus_dcc": 0.3211, "bus_lcAssertive": 42.4278, "bus_lcCooperative": 0.2146, "bus_lcLookaheadLeft": 47.4968, "bus_lcPushy": 0.4717, "bus_lcSigma": 0.1145, "bus_lcSpeedGainRight": 0.021, "bus_lcSublane": 0.4003, "bus_sigma": 0.3107, "bus_tau_mean": 3.739, "bus_tau_std": 3.9536, "bus_v_mean": 13.5435, "bus_v_std": 0.3321, "car_acc": 2.7903, "car_dcc": 1.4917, "car_lcAssertive": 17.8896, "car_lcCooperative": 0.7727, "car_lcLookaheadLeft": 92.9381, "car_lcPushy": 0.8902, "car_lcSigma": 0.0225, "car_lcSpeedGainRight": 1.8773, "car_lcSublane": 0.8541, "car_sigma": 0.9969, "car_tau_mean": 3.5223, "car_tau_std": 7.594, "car_v_mean": 13.2704, "car_v_std": 10.7598}, "datetime": {"datetime": "2024-08-10 14:27:18", "elapsed": 6688.634221, "delta": 4.847417}}
{"target": -0.29265881370750274, "params": {"bus_acc": 2.4812, "bus_dcc": 0.417, "bus_lcAssertive": 75.5392, "bus_lcCooperative": 0.1355, "bus_lcLookaheadLeft": 4.5912, "bus_lcPushy": 0.0672, "bus_lcSigma": 0.9111, "bus_lcSpeedGainRight": 0.0297, "bus_lcSublane": 0.4605, "bus_sigma": 0.836, "bus_tau_mean": 2.1649, "bus_tau_std": 4.9144, "bus_v_mean": 12.1542, "bus_v_std": 11.8254, "car_acc": 3.7006, "car_dcc": 3.9597, "car_lcAssertive": 39.4558, "car_lcCooperative": 0.3659, "car_lcLookaheadLeft": 36.2015, "car_lcPushy": 0.1668, "car_lcSigma": 0.6945, "car_lcSpeedGainRight": 2.9233, "car_lcSublane": 0.2082, "car_sigma": 0.8405, "car_tau_mean": 3.609, "car_tau_std": 8.2808, "car_v_mean": 20.9881, "car_v_std": 14.5211}, "datetime": {"datetime": "2024-08-10 14:27:21", "elapsed": 6692.055972, "delta": 3.421751}}
{"target": -0.33938415135230654, "params": {"bus_acc": 0.4824, "bus_dcc": 1.9412, "bus_lcAssertive": 97.6787, "bus_lcCooperative": 0.4036, "bus_lcLookaheadLeft": 83.157, "bus_lcPushy": 0.471, "bus_lcSigma": 0.3134, "bus_lcSpeedGainRight": 0.9714, "bus_lcSublane": 0.6928, "bus_sigma": 0.1827, "bus_tau_mean": 3.3463, "bus_tau_std": 0.468, "bus_v_mean": 17.1902, "bus_v_std": 19.7499, "car_acc": 3.0444, "car_dcc": 2.7797, "car_lcAssertive": 52.9388, "car_lcCooperative": 0.9259, "car_lcLookaheadLeft": 3.5353, "car_lcPushy": 0.7343, "car_lcSigma": 0.2132, "car_lcSpeedGainRight": 3.2287, "car_lcSublane": 0.2818, "car_sigma": 0.5284, "car_tau_mean": 1.2393, "car_tau_std": 8.1374, "car_v_mean": 10.943, "car_v_std": 8.7766}, "datetime": {"datetime": "2024-08-10 14:27:26", "elapsed": 6696.569738, "delta": 4.513766}}
{"target": -0.33080123139972445, "params": {"bus_acc": 3.6605, "bus_dcc": 3.4903, "bus_lcAssertive": 2.2971, "bus_lcCooperative": 0.7979, "bus_lcLookaheadLeft": 67.4275, "bus_lcPushy": 0.3182, "bus_lcSigma": 0.4919, "bus_lcSpeedGainRight": 3.3661, "bus_lcSublane": 0.6387, "bus_sigma": 0.2703, "bus_tau_mean": 2.9135, "bus_tau_std": 4.9854, "bus_v_mean": 17.6157, "bus_v_std": 9.8015, "car_acc": 2.6216, "car_dcc": 1.3611, "car_lcAssertive": 96.3517, "car_lcCooperative": 0.4297, "car_lcLookaheadLeft": 9.8011, "car_lcPushy": 0.4439, "car_lcSigma": 0.416, "car_lcSpeedGainRight": 2.8832, "car_lcSublane": 0.7604, "car_sigma": 0.3597, "car_tau_mean": 0.9081, "car_tau_std": 9.0234, "car_v_mean": 19.6318, "car_v_std": 13.412}, "datetime": {"datetime": "2024-08-10 14:27:31", "elapsed": 6701.222539, "delta": 4.652801}}
{"target": -0.31449825524218816, "params": {"bus_acc": 1.9751, "bus_dcc": 0.3395, "bus_lcAssertive": 76.7259, "bus_lcCooperative": 0.0936, "bus_lcLookaheadLeft": 65.1193, "bus_lcPushy": 0.1927, "bus_lcSigma": 0.9343, "bus_lcSpeedGainRight": 3.2122, "bus_lcSublane": 0.1368, "bus_sigma": 0.3606, "bus_tau_mean": 0.8743, "bus_tau_std": 9.7429, "bus_v_mean": 22.0174, "bus_v_std": 1.3495, "car_acc": 3.8032, "car_dcc": 2.2182, "car_lcAssertive": 71.7242, "car_lcCooperative": 0.6615, "car_lcLookaheadLeft": 94.961, "car_lcPushy": 0.9056, "car_lcSigma": 0.6066, "car_lcSpeedGainRight": 0.9408, "car_lcSublane": 0.9933, "car_sigma": 0.8208, "car_tau_mean": 3.5703, "car_tau_std": 8.7503, "car_v_mean": 24.9817, "car_v_std": 17.0697}, "datetime": {"datetime": "2024-08-10 14:27:40", "elapsed": 6710.853694, "delta": 9.631155}}
{"target": -0.3261122050935703, "params": {"bus_acc": 3.0902, "bus_dcc": 3.3744, "bus_lcAssertive": 86.7304, "bus_lcCooperative": 0.4891, "bus_lcLookaheadLeft": 90.7684, "bus_lcPushy": 0.1336, "bus_lcSigma": 0.0633, "bus_lcSpeedGainRight": 0.3454, "bus_lcSublane": 0.413, "bus_sigma": 0.952, "bus_tau_mean": 3.5134, "bus_tau_std": 6.4201, "bus_v_mean": 11.1455, "bus_v_std": 18.5694, "car_acc": 1.8547, "car_dcc": 2.6933, "car_lcAssertive": 48.0496, "car_lcCooperative": 0.8244, "car_lcLookaheadLeft": 92.6876, "car_lcPushy": 0.6752, "car_lcSigma": 0.8979, "car_lcSpeedGainRight": 0.1991, "car_lcSublane": 0.4502, "car_sigma": 0.7622, "car_tau_mean": 2.3948, "car_tau_std": 6.4149, "car_v_mean": 24.3431, "car_v_std": 14.4914}, "datetime": {"datetime": "2024-08-10 14:27:46", "elapsed": 6717.041026, "delta": 6.187332}}
