{"target": -0.437062917252016, "params": {"bus_acc": 2.6774, "bus_dcc": 3.7314, "bus_lcAssertive": 81.4509, "bus_lcCooperative": 0.9861, "bus_lcLookaheadLeft": 97.6226, "bus_lcPushy": 0.6969, "bus_lcSigma": 0.8136, "bus_lcSpeedGainRight": 4.3699, "bus_lcSublane": 0.6469, "bus_sigma": 0.1627, "bus_tau_mean": 0.724, "bus_tau_std": 6.8641, "bus_v_mean": 24.4863, "bus_v_std": 14.1845, "car_acc": 3.9574, "car_dcc": 3.3896, "car_lcAssertive": 83.227, "car_lcCooperative": 0.1563, "car_lcLookaheadLeft": 66.3361, "car_lcPushy": 0.1028, "car_lcSigma": 0.1547, "car_lcSpeedGainRight": 4.1921, "car_lcSublane": 0.1838, "car_sigma": 0.1085, "car_tau_mean": 2.4822, "car_tau_std": 8.3839, "car_v_mean": 8.0412, "car_v_std": 2.5591}, "datetime": {"datetime": "2024-08-10 13:06:45", "elapsed": 1855.230746, "delta": 6.99124}}
{"target": -0.37204461456011534, "params": {"bus_acc": 0.4646, "bus_dcc": 3.7267, "bus_lcAssertive": 72.0089, "bus_lcCooperative": 0.4809, "bus_lcLookaheadLeft": 31.7337, "bus_lcPushy": 0.9572, "bus_lcSigma": 0.73, "bus_lcSpeedGainRight": 3.9775, "bus_lcSublane": 0.9665, "bus_sigma": 0.7108, "bus_tau_mean": 2.9435, "bus_tau_std": 5.2791, "bus_v_mean": 21.5552, "bus_v_std": 5.9442, "car_acc": 2.6287, "car_dcc": 2.3757, "car_lcAssertive": 11.5039, "car_lcCooperative": 0.3072, "car_lcLookaheadLeft": 78.1552, "car_lcPushy": 0.6963, "car_lcSigma": 0.6483, "car_lcSpeedGainRight": 2.3238, "car_lcSublane": 0.1599, "car_sigma": 0.2082, "car_tau_mean": 3.681, "car_tau_std": 1.592, "car_v_mean": 21.6255, "car_v_std": 10.7978}, "datetime": {"datetime": "2024-08-10 13:06:49", "elapsed": 1859.723305, "delta": 4.492559}}
{"target": -0.36623405910859635, "params": {"bus_acc": 0.4953, "bus_dcc": 0.876, "bus_lcAssertive": 32.9332, "bus_lcCooperative": 0.2682, "bus_lcLookaheadLeft": 50.5783, "bus_lcPushy": 0.8442, "bus_lcSigma": 0.8737, "bus_lcSpeedGainRight": 2.9989, "bus_lcSublane": 0.2599, "bus_sigma": 0.2063, "bus_tau_mean": 3.1216, "bus_tau_std": 2.3919, "bus_v_mean": 17.7306, "bus_v_std": 15.0054, "car_acc": 1.0871, "car_dcc": 0.8829, "car_lcAssertive": 4.9536, "car_lcCooperative": 0.1673, "car_lcLookaheadLeft": 85.4608, "car_lcPushy": 0.1244, "car_lcSigma": 0.2434, "car_lcSpeedGainRight": 0.1836, "car_lcSublane": 0.6961, "car_sigma": 0.2515, "car_tau_mean": 1.9673, "car_tau_std": 1.4128, "car_v_mean": 14.8097, "car_v_std": 8.5085}, "datetime": {"datetime": "2024-08-10 13:06:55", "elapsed": 1865.262863, "delta": 5.539558}}
{"target": -0.4529666892826005, "params": {"bus_acc": 3.4608, "bus_dcc": 1.1014, "bus_lcAssertive": 96.1086, "bus_lcCooperative": 0.2554, "bus_lcLookaheadLeft": 45.8869, "bus_lcPushy": 0.4242, "bus_lcSigma": 0.6977, "bus_lcSpeedGainRight": 3.997, "bus_lcSublane": 0.4026, "bus_sigma": 0.4834, "bus_tau_mean": 3.926, "bus_tau_std": 2.2653, "bus_v_mean": 17.9921, "bus_v_std": 1.7734, "car_acc": 1.0437, "car_dcc": 3.9352, "car_lcAssertive": 15.8284, "car_lcCooperative": 0.7235, "car_lcLookaheadLeft": 19.2729, "car_lcPushy": 0.8236, "car_lcSigma": 0.7392, "car_lcSpeedGainRight": 0.7119, "car_lcSublane": 0.4598, "car_sigma": 0.6138, "car_tau_mean": 2.2951, "car_tau_std": 6.4744, "car_v_mean": 8.6322, "car_v_std": 8.6081}, "datetime": {"datetime": "2024-08-10 13:07:01", "elapsed": 1871.930873, "delta": 6.66801}}
{"target": -0.3195271595033226, "params": {"bus_acc": 3.9326, "bus_dcc": 3.3249, "bus_lcAssertive": 19.4857, "bus_lcCooperative": 0.3373, "bus_lcLookaheadLeft": 73.7799, "bus_lcPushy": 0.7971, "bus_lcSigma": 0.7086, "bus_lcSpeedGainRight": 4.1087, "bus_lcSublane": 0.2014, "bus_sigma": 0.8735, "bus_tau_mean": 2.0767, "bus_tau_std": 9.0453, "bus_v_mean": 16.2923, "bus_v_std": 9.2798, "car_acc": 3.6693, "car_dcc": 3.3513, "car_lcAssertive": 14.4502, "car_lcCooperative": 0.6246, "car_lcLookaheadLeft": 68.1432, "car_lcPushy": 0.4159, "car_lcSigma": 0.5082, "car_lcSpeedGainRight": 4.6726, "car_lcSublane": 0.1107, "car_sigma": 0.497, "car_tau_mean": 1.9255, "car_tau_std": 8.1106, "car_v_mean": 13.0012, "car_v_std": 7.8708}, "datetime": {"datetime": "2024-08-10 13:07:05", "elapsed": 1875.495848, "delta": 3.564975}}
{"target": -0.29219994108960107, "params": {"bus_acc": 3.5346, "bus_dcc": 0.4561, "bus_lcAssertive": 66.2667, "bus_lcCooperative": 0.1026, "bus_lcLookaheadLeft": 39.9323, "bus_lcPushy": 0.9528, "bus_lcSigma": 0.9097, "bus_lcSpeedGainRight": 4.7304, "bus_lcSublane": 0.4401, "bus_sigma": 0.3499, "bus_tau_mean": 3.4562, "bus_tau_std": 8.3634, "bus_v_mean": 14.0744, "bus_v_std": 6.5089, "car_acc": 3.9241, "car_dcc": 3.729, "car_lcAssertive": 67.8041, "car_lcCooperative": 0.6488, "car_lcLookaheadLeft": 13.8674, "car_lcPushy": 0.0335, "car_lcSigma": 0.6184, "car_lcSpeedGainRight": 3.8692, "car_lcSublane": 0.8966, "car_sigma": 0.6174, "car_tau_mean": 2.6016, "car_tau_std": 3.113, "car_v_mean": 13.4616, "car_v_std": 14.5569}, "datetime": {"datetime": "2024-08-10 13:07:08", "elapsed": 1878.2514, "delta": 2.755552}}
{"target": -0.34059933688294336, "params": {"bus_acc": 1.9465, "bus_dcc": 2.4196, "bus_lcAssertive": 51.0759, "bus_lcCooperative": 0.7194, "bus_lcLookaheadLeft": 43.4247, "bus_lcPushy": 0.3685, "bus_lcSigma": 0.9508, "bus_lcSpeedGainRight": 4.6279, "bus_lcSublane": 0.8111, "bus_sigma": 0.1245, "bus_tau_mean": 2.0566, "bus_tau_std": 2.5422, "bus_v_mean": 16.4556, "bus_v_std": 11.1725, "car_acc": 3.7341, "car_dcc": 0.6547, "car_lcAssertive": 78.1857, "car_lcCooperative": 0.4764, "car_lcLookaheadLeft": 88.7643, "car_lcPushy": 0.4583, "car_lcSigma": 0.6138, "car_lcSpeedGainRight": 1.6315, "car_lcSublane": 0.039, "car_sigma": 0.8362, "car_tau_mean": 0.5988, "car_tau_std": 5.4222, "car_v_mean": 10.6364, "car_v_std": 3.0541}, "datetime": {"datetime": "2024-08-10 13:07:11", "elapsed": 1881.948219, "delta": 3.696819}}
{"target": -0.3611820848546543, "params": {"bus_acc": 3.0715, "bus_dcc": 1.6244, "bus_lcAssertive": 99.6133, "bus_lcCooperative": 0.8104, "bus_lcLookaheadLeft": 27.6391, "bus_lcPushy": 0.3628, "bus_lcSigma": 0.3551, "bus_lcSpeedGainRight": 4.9403, "bus_lcSublane": 0.4196, "bus_sigma": 0.754, "bus_tau_mean": 2.1426, "bus_tau_std": 4.8615, "bus_v_mean": 17.9321, "bus_v_std": 2.2967, "car_acc": 2.4533, "car_dcc": 3.1921, "car_lcAssertive": 10.165, "car_lcCooperative": 0.5822, "car_lcLookaheadLeft": 95.5165, "car_lcPushy": 0.465, "car_lcSigma": 0.371, "car_lcSpeedGainRight": 2.8048, "car_lcSublane": 0.0129, "car_sigma": 0.4599, "car_tau_mean": 3.2227, "car_tau_std": 9.3188, "car_v_mean": 23.835, "car_v_std": 18.1141}, "datetime": {"datetime": "2024-08-10 13:07:17", "elapsed": 1887.494742, "delta": 5.546523}}
{"target": -0.2823395039126877, "params": {"bus_acc": 1.4662, "bus_dcc": 2.1583, "bus_lcAssertive": 66.2018, "bus_lcCooperative": 0.0904, "bus_lcLookaheadLeft": 40.2867, "bus_lcPushy": 0.066, "bus_lcSigma": 0.5979, "bus_lcSpeedGainRight": 0.0026, "bus_lcSublane": 0.9526, "bus_sigma": 0.9202, "bus_tau_mean": 2.3428, "bus_tau_std": 9.5492, "bus_v_mean": 10.3248, "bus_v_std": 14.6076, "car_acc": 3.1561, "car_dcc": 1.7344, "car_lcAssertive": 78.5482, "car_lcCooperative": 0.791, "car_lcLookaheadLeft": 85.3854, "car_lcPushy": 0.1043, "car_lcSigma": 0.9518, "car_lcSpeedGainRight": 1.1608, "car_lcSublane": 0.2165, "car_sigma": 0.1269, "car_tau_mean": 2.1526, "car_tau_std": 4.9784, "car_v_mean": 21.4771, "car_v_std": 11.8812}, "datetime": {"datetime": "2024-08-10 13:07:22", "elapsed": 1892.459972, "delta": 4.96523}}
{"target": -0.30022071355669233, "params": {"bus_acc": 2.6129, "bus_dcc": 1.6253, "bus_lcAssertive": 78.1792, "bus_lcCooperative": 0.38, "bus_lcLookaheadLeft": 76.769, "bus_lcPushy": 0.8646, "bus_lcSigma": 0.7392, "bus_lcSpeedGainRight": 4.4388, "bus_lcSublane": 0.5501, "bus_sigma": 0.6925, "bus_tau_mean": 1.145, "bus_tau_std": 0.9994, "bus_v_mean": 11.0434, "bus_v_std": 12.4974, "car_acc": 0.9962, "car_dcc": 0.8101, "car_lcAssertive": 71.5707, "car_lcCooperative": 0.9644, "car_lcLookaheadLeft": 21.6224, "car_lcPushy": 0.1455, "car_lcSigma": 0.6192, "car_lcSpeedGainRight": 4.9929, "car_lcSublane": 0.7803, "car_sigma": 0.8584, "car_tau_mean": 3.3757, "car_tau_std": 6.3657, "car_v_mean": 12.9791, "car_v_std": 13.4895}, "datetime": {"datetime": "2024-08-10 13:07:29", "elapsed": 1899.884684, "delta": 7.424712}}
{"target": -0.339609480553369, "params": {"bus_acc": 1.5542, "bus_dcc": 3.022, "bus_lcAssertive": 5.2044, "bus_lcCooperative": 0.1331, "bus_lcLookaheadLeft": 20.3622, "bus_lcPushy": 0.3295, "bus_lcSigma": 0.6769, "bus_lcSpeedGainRight": 3.7045, "bus_lcSublane": 0.3638, "bus_sigma": 0.0233, "bus_tau_mean": 1.0671, "bus_tau_std": 1.5041, "bus_v_mean": 9.3036, "bus_v_std": 7.2462, "car_acc": 3.7228, "car_dcc": 2.8188, "car_lcAssertive": 38.7027, "car_lcCooperative": 0.4702, "car_lcLookaheadLeft": 11.6364, "car_lcPushy": 0.3349, "car_lcSigma": 0.8197, "car_lcSpeedGainRight": 2.3133, "car_lcSublane": 0.0569, "car_sigma": 0.2248, "car_tau_mean": 3.9377, "car_tau_std": 3.2745, "car_v_mean": 21.906, "car_v_std": 13.5708}, "datetime": {"datetime": "2024-08-10 13:07:33", "elapsed": 1903.155139, "delta": 3.270455}}
{"target": -0.4047978604277073, "params": {"bus_acc": 0.4512, "bus_dcc": 3.5069, "bus_lcAssertive": 82.6894, "bus_lcCooperative": 0.1897, "bus_lcLookaheadLeft": 30.3153, "bus_lcPushy": 0.7734, "bus_lcSigma": 0.2418, "bus_lcSpeedGainRight": 3.4146, "bus_lcSublane": 0.838, "bus_sigma": 0.4468, "bus_tau_mean": 2.8027, "bus_tau_std": 0.5084, "bus_v_mean": 16.9014, "bus_v_std": 11.0208, "car_acc": 1.3358, "car_dcc": 3.3285, "car_lcAssertive": 39.848, "car_lcCooperative": 0.9436, "car_lcLookaheadLeft": 5.6637, "car_lcPushy": 0.7243, "car_lcSigma": 0.3317, "car_lcSpeedGainRight": 4.4752, "car_lcSublane": 0.0785, "car_sigma": 0.1777, "car_tau_mean": 3.6807, "car_tau_std": 4.0382, "car_v_mean": 25.9026, "car_v_std": 10.2587}, "datetime": {"datetime": "2024-08-10 13:07:36", "elapsed": 1906.932546, "delta": 3.777407}}
{"target": -0.323991891535264, "params": {"bus_acc": 2.8988, "bus_dcc": 3.622, "bus_lcAssertive": 88.8024, "bus_lcCooperative": 0.7906, "bus_lcLookaheadLeft": 89.5965, "bus_lcPushy": 0.3164, "bus_lcSigma": 0.9557, "bus_lcSpeedGainRight": 4.3793, "bus_lcSublane": 0.1104, "bus_sigma": 0.4244, "bus_tau_mean": 3.597, "bus_tau_std": 2.8622, "bus_v_mean": 11.9329, "bus_v_std": 1.9931, "car_acc": 2.6351, "car_dcc": 3.6526, "car_lcAssertive": 22.1946, "car_lcCooperative": 0.8141, "car_lcLookaheadLeft": 74.534, "car_lcPushy": 0.5349, "car_lcSigma": 0.4621, "car_lcSpeedGainRight": 1.9945, "car_lcSublane": 0.186, "car_sigma": 0.6256, "car_tau_mean": 1.2281, "car_tau_std": 6.7543, "car_v_mean": 18.1746, "car_v_std": 9.5221}, "datetime": {"datetime": "2024-08-10 13:07:40", "elapsed": 1910.194838, "delta": 3.262292}}
{"target": -0.30517047396560865, "params": {"bus_acc": 3.0127, "bus_dcc": 1.2318, "bus_lcAssertive": 77.7966, "bus_lcCooperative": 0.3154, "bus_lcLookaheadLeft": 13.3808, "bus_lcPushy": 0.15, "bus_lcSigma": 0.5444, "bus_lcSpeedGainRight": 4.3981, "bus_lcSublane": 0.4227, "bus_sigma": 0.4626, "bus_tau_mean": 3.976, "bus_tau_std": 3.7989, "bus_v_mean": 9.8303, "bus_v_std": 14.4227, "car_acc": 2.9497, "car_dcc": 2.4297, "car_lcAssertive": 70.4827, "car_lcCooperative": 0.6293, "car_lcLookaheadLeft": 56.1895, "car_lcPushy": 0.4278, "car_lcSigma": 0.359, "car_lcSpeedGainRight": 1.5188, "car_lcSublane": 0.7274, "car_sigma": 0.7764, "car_tau_mean": 3.7407, "car_tau_std": 2.1357, "car_v_mean": 18.3901, "car_v_std": 11.5276}, "datetime": {"datetime": "2024-08-10 13:07:44", "elapsed": 1914.473761, "delta": 4.278923}}
{"target": -0.36992170134907004, "params": {"bus_acc": 1.5497, "bus_dcc": 1.2798, "bus_lcAssertive": 1.4155, "bus_lcCooperative": 0.7519, "bus_lcLookaheadLeft": 97.4084, "bus_lcPushy": 0.0512, "bus_lcSigma": 0.0847, "bus_lcSpeedGainRight": 1.3318, "bus_lcSublane": 0.1222, "bus_sigma": 0.0524, "bus_tau_mean": 3.2973, "bus_tau_std": 6.3584, "bus_v_mean": 25.9759, "bus_v_std": 2.8725, "car_acc": 1.8765, "car_dcc": 2.1799, "car_lcAssertive": 17.889, "car_lcCooperative": 0.3269, "car_lcLookaheadLeft": 63.8414, "car_lcPushy": 0.8485, "car_lcSigma": 0.3411, "car_lcSpeedGainRight": 1.6696, "car_lcSublane": 0.139, "car_sigma": 0.3978, "car_tau_mean": 1.3954, "car_tau_std": 5.3627, "car_v_mean": 21.3884, "car_v_std": 3.8407}, "datetime": {"datetime": "2024-08-10 13:07:48", "elapsed": 1918.553416, "delta": 4.079655}}
{"target": -0.33857080234956277, "params": {"bus_acc": 0.5078, "bus_dcc": 0.8885, "bus_lcAssertive": 32.9456, "bus_lcCooperative": 0.2806, "bus_lcLookaheadLeft": 50.5907, "bus_lcPushy": 0.8567, "bus_lcSigma": 0.8862, "bus_lcSpeedGainRight": 3.0113, "bus_lcSublane": 0.2724, "bus_sigma": 0.2187, "bus_tau_mean": 3.1341, "bus_tau_std": 2.4043, "bus_v_mean": 17.743, "bus_v_std": 15.0178, "car_acc": 1.0995, "car_dcc": 0.8953, "car_lcAssertive": 4.966, "car_lcCooperative": 0.1798, "car_lcLookaheadLeft": 85.4732, "car_lcPushy": 0.1368, "car_lcSigma": 0.2559, "car_lcSpeedGainRight": 0.196, "car_lcSublane": 0.7086, "car_sigma": 0.2639, "car_tau_mean": 1.9798, "car_tau_std": 1.4252, "car_v_mean": 14.8221, "car_v_std": 8.521}, "datetime": {"datetime": "2024-08-10 13:07:51", "elapsed": 1921.634383, "delta": 3.080967}}
{"target": -0.3189775147611549, "params": {"bus_acc": 1.0162, "bus_dcc": 2.5294, "bus_lcAssertive": 12.4148, "bus_lcCooperative": 0.7331, "bus_lcLookaheadLeft": 14.8374, "bus_lcPushy": 0.6255, "bus_lcSigma": 0.8071, "bus_lcSpeedGainRight": 1.2811, "bus_lcSublane": 0.7021, "bus_sigma": 0.7214, "bus_tau_mean": 0.9046, "bus_tau_std": 4.1765, "bus_v_mean": 17.4218, "bus_v_std": 13.9497, "car_acc": 0.917, "car_dcc": 3.8614, "car_lcAssertive": 55.6361, "car_lcCooperative": 0.7454, "car_lcLookaheadLeft": 39.3073, "car_lcPushy": 0.2054, "car_lcSigma": 0.0442, "car_lcSpeedGainRight": 1.1713, "car_lcSublane": 0.3932, "car_sigma": 0.0059, "car_tau_mean": 1.802, "car_tau_std": 4.3381, "car_v_mean": 22.2528, "car_v_std": 10.8471}, "datetime": {"datetime": "2024-08-10 13:07:56", "elapsed": 1926.720277, "delta": 5.085894}}
{"target": -0.3431870130922467, "params": {"bus_acc": 3.3383, "bus_dcc": 0.5938, "bus_lcAssertive": 58.4561, "bus_lcCooperative": 0.3717, "bus_lcLookaheadLeft": 34.8622, "bus_lcPushy": 0.4038, "bus_lcSigma": 0.9795, "bus_lcSpeedGainRight": 2.0801, "bus_lcSublane": 0.0093, "bus_sigma": 0.9842, "bus_tau_mean": 3.8635, "bus_tau_std": 3.3314, "bus_v_mean": 14.3118, "bus_v_std": 8.0726, "car_acc": 2.5786, "car_dcc": 1.8657, "car_lcAssertive": 49.7676, "car_lcCooperative": 0.7841, "car_lcLookaheadLeft": 42.8019, "car_lcPushy": 0.8009, "car_lcSigma": 0.3367, "car_lcSpeedGainRight": 2.3319, "car_lcSublane": 0.8327, "car_sigma": 0.4991, "car_tau_mean": 1.5387, "car_tau_std": 2.4511, "car_v_mean": 23.3767, "car_v_std": 1.2113}, "datetime": {"datetime": "2024-08-10 13:08:02", "elapsed": 1932.820814, "delta": 6.100537}}
{"target": -0.4171453447599356, "params": {"bus_acc": 3.68, "bus_dcc": 3.5324, "bus_lcAssertive": 58.2889, "bus_lcCooperative": 0.2357, "bus_lcLookaheadLeft": 96.5216, "bus_lcPushy": 0.1722, "bus_lcSigma": 0.5995, "bus_lcSpeedGainRight": 1.6057, "bus_lcSublane": 0.4287, "bus_sigma": 0.757, "bus_tau_mean": 1.1032, "bus_tau_std": 0.8855, "bus_v_mean": 17.2961, "bus_v_std": 3.172, "car_acc": 1.0168, "car_dcc": 0.8662, "car_lcAssertive": 23.4863, "car_lcCooperative": 0.8877, "car_lcLookaheadLeft": 81.5199, "car_lcPushy": 0.5302, "car_lcSigma": 0.8139, "car_lcSpeedGainRight": 4.0139, "car_lcSublane": 0.2472, "car_sigma": 0.9363, "car_tau_mean": 0.6236, "car_tau_std": 2.0837, "car_v_mean": 9.9741, "car_v_std": 6.5529}, "datetime": {"datetime": "2024-08-10 13:08:05", "elapsed": 1935.873522, "delta": 3.052708}}
{"target": -0.3832722030829523, "params": {"bus_acc": 3.566, "bus_dcc": 1.3242, "bus_lcAssertive": 40.646, "bus_lcCooperative": 0.6164, "bus_lcLookaheadLeft": 64.9059, "bus_lcPushy": 0.3796, "bus_lcSigma": 0.777, "bus_lcSpeedGainRight": 4.0238, "bus_lcSublane": 0.2491, "bus_sigma": 0.261, "bus_tau_mean": 3.9168, "bus_tau_std": 2.3336, "bus_v_mean": 23.3877, "bus_v_std": 14.9946, "car_acc": 1.0894, "car_dcc": 3.2303, "car_lcAssertive": 89.9844, "car_lcCooperative": 0.099, "car_lcLookaheadLeft": 42.0688, "car_lcPushy": 0.4154, "car_lcSigma": 0.405, "car_lcSpeedGainRight": 3.5317, "car_lcSublane": 0.6507, "car_sigma": 0.735, "car_tau_mean": 1.3363, "car_tau_std": 4.7495, "car_v_mean": 25.7669, "car_v_std": 9.451}, "datetime": {"datetime": "2024-08-10 13:08:09", "elapsed": 1939.28065, "delta": 3.407128}}
{"target": -0.39421315694233955, "params": {"bus_acc": 0.3171, "bus_dcc": 2.9696, "bus_lcAssertive": 41.3617, "bus_lcCooperative": 0.3303, "bus_lcLookaheadLeft": 21.6614, "bus_lcPushy": 0.3125, "bus_lcSigma": 0.3934, "bus_lcSpeedGainRight": 2.9488, "bus_lcSublane": 0.7627, "bus_sigma": 0.5069, "bus_tau_mean": 1.3379, "bus_tau_std": 6.4337, "bus_v_mean": 16.4805, "bus_v_std": 12.9844, "car_acc": 1.944, "car_dcc": 3.1761, "car_lcAssertive": 92.8817, "car_lcCooperative": 0.942, "car_lcLookaheadLeft": 14.4137, "car_lcPushy": 0.1396, "car_lcSigma": 0.9156, "car_lcSpeedGainRight": 0.6476, "car_lcSublane": 0.4933, "car_sigma": 0.4678, "car_tau_mean": 3.3778, "car_tau_std": 7.3118, "car_v_mean": 25.9166, "car_v_std": 18.3907}, "datetime": {"datetime": "2024-08-10 13:08:14", "elapsed": 1944.275216, "delta": 4.994566}}
{"target": -0.2831815172582854, "params": {"bus_acc": 0.58, "bus_dcc": 0.9399, "bus_lcAssertive": 32.997, "bus_lcCooperative": 0.332, "bus_lcLookaheadLeft": 50.6421, "bus_lcPushy": 0.9289, "bus_lcSigma": 0.9585, "bus_lcSpeedGainRight": 3.0627, "bus_lcSublane": 0.3238, "bus_sigma": 0.291, "bus_tau_mean": 3.1855, "bus_tau_std": 2.4557, "bus_v_mean": 17.8153, "bus_v_std": 15.0901, "car_acc": 1.1509, "car_dcc": 0.9467, "car_lcAssertive": 5.0174, "car_lcCooperative": 0.2521, "car_lcLookaheadLeft": 85.5246, "car_lcPushy": 0.2091, "car_lcSigma": 0.3072, "car_lcSpeedGainRight": 0.2683, "car_lcSublane": 0.7808, "car_sigma": 0.3153, "car_tau_mean": 2.0312, "car_tau_std": 1.4766, "car_v_mean": 14.8944, "car_v_std": 8.6141}, "datetime": {"datetime": "2024-08-10 13:08:18", "elapsed": 1948.891711, "delta": 4.616495}}
{"target": -0.29911484538797123, "params": {"bus_acc": 2.9244, "bus_dcc": 0.2301, "bus_lcAssertive": 52.099, "bus_lcCooperative": 0.6399, "bus_lcLookaheadLeft": 98.334, "bus_lcPushy": 0.0814, "bus_lcSigma": 0.5523, "bus_lcSpeedGainRight": 2.8643, "bus_lcSublane": 0.686, "bus_sigma": 0.4322, "bus_tau_mean": 1.5378, "bus_tau_std": 8.7572, "bus_v_mean": 16.3231, "bus_v_std": 0.4489, "car_acc": 0.3346, "car_dcc": 0.2221, "car_lcAssertive": 23.6263, "car_lcCooperative": 0.9451, "car_lcLookaheadLeft": 27.4352, "car_lcPushy": 0.1923, "car_lcSigma": 0.4768, "car_lcSpeedGainRight": 2.1149, "car_lcSublane": 0.5431, "car_sigma": 0.7776, "car_tau_mean": 1.4884, "car_tau_std": 4.497, "car_v_mean": 25.9089, "car_v_std": 0.7113}, "datetime": {"datetime": "2024-08-10 13:08:23", "elapsed": 1954.088465, "delta": 5.196754}}
{"target": -0.4629812061755778, "params": {"bus_acc": 0.2499, "bus_dcc": 3.7365, "bus_lcAssertive": 31.1085, "bus_lcCooperative": 0.5058, "bus_lcLookaheadLeft": 68.1469, "bus_lcPushy": 0.2187, "bus_lcSigma": 0.4161, "bus_lcSpeedGainRight": 4.9364, "bus_lcSublane": 0.3089, "bus_sigma": 0.3006, "bus_tau_mean": 2.2153, "bus_tau_std": 4.9335, "bus_v_mean": 9.4116, "bus_v_std": 6.3645, "car_acc": 3.3626, "car_dcc": 1.4153, "car_lcAssertive": 68.0907, "car_lcCooperative": 0.5392, "car_lcLookaheadLeft": 12.1299, "car_lcPushy": 0.8813, "car_lcSigma": 0.8184, "car_lcSpeedGainRight": 1.2182, "car_lcSublane": 0.8901, "car_sigma": 0.3966, "car_tau_mean": 2.6078, "car_tau_std": 8.2652, "car_v_mean": 17.613, "car_v_std": 15.7911}, "datetime": {"datetime": "2024-08-10 13:08:29", "elapsed": 1959.378859, "delta": 5.290394}}
{"target": -0.3261928063799027, "params": {"bus_acc": 1.1981, "bus_dcc": 2.9162, "bus_lcAssertive": 19.0657, "bus_lcCooperative": 0.8532, "bus_lcLookaheadLeft": 93.5923, "bus_lcPushy": 0.2709, "bus_lcSigma": 0.1355, "bus_lcSpeedGainRight": 2.0272, "bus_lcSublane": 0.36, "bus_sigma": 0.2845, "bus_tau_mean": 3.6433, "bus_tau_std": 2.5089, "bus_v_mean": 22.3469, "bus_v_std": 11.5056, "car_acc": 3.4582, "car_dcc": 1.1687, "car_lcAssertive": 50.9088, "car_lcCooperative": 0.535, "car_lcLookaheadLeft": 81.7565, "car_lcPushy": 0.3725, "car_lcSigma": 0.5977, "car_lcSpeedGainRight": 2.7272, "car_lcSublane": 0.9939, "car_sigma": 0.9803, "car_tau_mean": 1.8721, "car_tau_std": 0.9769, "car_v_mean": 10.0887, "car_v_std": 12.9507}, "datetime": {"datetime": "2024-08-10 13:08:32", "elapsed": 1962.229214, "delta": 2.850355}}
{"target": -0.2636237647523662, "params": {"bus_acc": 2.8622, "bus_dcc": 1.0804, "bus_lcAssertive": 44.1194, "bus_lcCooperative": 0.2489, "bus_lcLookaheadLeft": 21.09, "bus_lcPushy": 0.622, "bus_lcSigma": 0.7218, "bus_lcSpeedGainRight": 2.3201, "bus_lcSublane": 0.8124, "bus_sigma": 0.9265, "bus_tau_mean": 1.8832, "bus_tau_std": 5.4178, "bus_v_mean": 17.9175, "bus_v_std": 14.572, "car_acc": 2.7653, "car_dcc": 0.5684, "car_lcAssertive": 60.5607, "car_lcCooperative": 0.1147, "car_lcLookaheadLeft": 54.1205, "car_lcPushy": 0.4809, "car_lcSigma": 0.275, "car_lcSpeedGainRight": 2.5749, "car_lcSublane": 0.7724, "car_sigma": 0.329, "car_tau_mean": 1.7939, "car_tau_std": 9.962, "car_v_mean": 9.2554, "car_v_std": 19.6103}, "datetime": {"datetime": "2024-08-10 13:08:36", "elapsed": 1966.509979, "delta": 4.280765}}
