{"target": -0.5251154088864294, "params": {"bus_acc": 3.6238, "bus_dcc": 0.6793, "bus_lcAssertive": 5.8821, "bus_lcCooperative": 0.3955, "bus_lcLookaheadLeft": 26.8113, "bus_lcPushy": 0.8121, "bus_lcSigma": 0.8261, "bus_lcSpeedGainRight": 1.5299, "bus_lcSublane": 0.5769, "bus_sigma": 0.5157, "bus_tau_mean": 2.7669, "bus_tau_std": 8.1532, "bus_v_mean": 14.5244, "bus_v_std": 14.2219, "car_acc": 0.4934, "car_dcc": 1.5397, "car_lcAssertive": 54.1967, "car_lcCooperative": 0.467, "car_lcLookaheadLeft": 38.1414, "car_lcPushy": 0.9637, "car_lcSigma": 0.2885, "car_lcSpeedGainRight": 1.3819, "car_lcSublane": 0.0858, "car_sigma": 0.0283, "car_tau_mean": 3.5219, "car_tau_std": 0.8517, "car_v_mean": 19.7693, "car_v_std": 1.8394}, "datetime": {"datetime": "2024-08-10 13:13:08", "elapsed": 2238.490387, "delta": 7.460038}}
{"target": -0.3503457141722162, "params": {"bus_acc": 1.6093, "bus_dcc": 2.2455, "bus_lcAssertive": 24.8243, "bus_lcCooperative": 0.0953, "bus_lcLookaheadLeft": 12.4038, "bus_lcPushy": 0.9185, "bus_lcSigma": 0.5327, "bus_lcSpeedGainRight": 1.8842, "bus_lcSublane": 0.8286, "bus_sigma": 0.7605, "bus_tau_mean": 0.7797, "bus_tau_std": 8.8688, "bus_v_mean": 11.2907, "bus_v_std": 17.013, "car_acc": 1.8489, "car_dcc": 1.8964, "car_lcAssertive": 50.5221, "car_lcCooperative": 0.1633, "car_lcLookaheadLeft": 9.6248, "car_lcPushy": 0.7908, "car_lcSigma": 0.1333, "car_lcSpeedGainRight": 0.6773, "car_lcSublane": 0.3464, "car_sigma": 0.8431, "car_tau_mean": 3.5178, "car_tau_std": 8.6683, "car_v_mean": 10.9718, "car_v_std": 7.2561}, "datetime": {"datetime": "2024-08-10 13:13:13", "elapsed": 2243.336567, "delta": 4.84618}}
{"target": -0.46395441402099186, "params": {"bus_acc": 2.9617, "bus_dcc": 1.3089, "bus_lcAssertive": 98.5806, "bus_lcCooperative": 0.2724, "bus_lcLookaheadLeft": 68.9582, "bus_lcPushy": 0.6028, "bus_lcSigma": 0.9666, "bus_lcSpeedGainRight": 1.7961, "bus_lcSublane": 0.9759, "bus_sigma": 0.7786, "bus_tau_mean": 3.1992, "bus_tau_std": 9.2687, "bus_v_mean": 19.2208, "bus_v_std": 1.8078, "car_acc": 0.6072, "car_dcc": 1.6549, "car_lcAssertive": 19.9144, "car_lcCooperative": 0.1376, "car_lcLookaheadLeft": 47.4512, "car_lcPushy": 0.7174, "car_lcSigma": 0.6005, "car_lcSpeedGainRight": 3.5749, "car_lcSublane": 0.4679, "car_sigma": 0.8951, "car_tau_mean": 3.567, "car_tau_std": 5.3165, "car_v_mean": 12.6786, "car_v_std": 13.3228}, "datetime": {"datetime": "2024-08-10 13:13:20", "elapsed": 2250.2729, "delta": 6.936333}}
{"target": -0.27744588380021645, "params": {"bus_acc": 1.9064, "bus_dcc": 2.1415, "bus_lcAssertive": 99.0144, "bus_lcCooperative": 0.9841, "bus_lcLookaheadLeft": 46.9101, "bus_lcPushy": 0.1508, "bus_lcSigma": 0.0337, "bus_lcSpeedGainRight": 4.8772, "bus_lcSublane": 0.5059, "bus_sigma": 0.2651, "bus_tau_mean": 1.7587, "bus_tau_std": 0.2059, "bus_v_mean": 13.4716, "bus_v_std": 11.1074, "car_acc": 3.1762, "car_dcc": 0.4994, "car_lcAssertive": 17.234, "car_lcCooperative": 0.578, "car_lcLookaheadLeft": 37.8544, "car_lcPushy": 0.6202, "car_lcSigma": 0.0286, "car_lcSpeedGainRight": 4.7317, "car_lcSublane": 0.6453, "car_sigma": 0.4457, "car_tau_mean": 0.8099, "car_tau_std": 9.7995, "car_v_mean": 15.6022, "car_v_std": 17.746}, "datetime": {"datetime": "2024-08-10 13:13:23", "elapsed": 2253.646168, "delta": 3.373268}}
{"target": -0.32695905458778246, "params": {"bus_acc": 1.0648, "bus_dcc": 2.8328, "bus_lcAssertive": 96.2759, "bus_lcCooperative": 0.5704, "bus_lcLookaheadLeft": 65.6419, "bus_lcPushy": 0.4774, "bus_lcSigma": 0.1678, "bus_lcSpeedGainRight": 4.2258, "bus_lcSublane": 0.5459, "bus_sigma": 0.8379, "bus_tau_mean": 2.6693, "bus_tau_std": 7.562, "bus_v_mean": 17.7743, "bus_v_std": 7.239, "car_acc": 2.3531, "car_dcc": 1.2665, "car_lcAssertive": 92.9158, "car_lcCooperative": 0.7747, "car_lcLookaheadLeft": 78.0379, "car_lcPushy": 0.2381, "car_lcSigma": 0.2608, "car_lcSpeedGainRight": 2.8234, "car_lcSublane": 0.7605, "car_sigma": 0.5925, "car_tau_mean": 3.9057, "car_tau_std": 2.8426, "car_v_mean": 11.82, "car_v_std": 13.0927}, "datetime": {"datetime": "2024-08-10 13:13:29", "elapsed": 2259.235125, "delta": 5.588957}}
{"target": -0.3049782427375983, "params": {"bus_acc": 0.4801, "bus_dcc": 1.2765, "bus_lcAssertive": 35.3825, "bus_lcCooperative": 0.5599, "bus_lcLookaheadLeft": 68.8086, "bus_lcPushy": 0.476, "bus_lcSigma": 0.4492, "bus_lcSpeedGainRight": 2.8301, "bus_lcSublane": 0.0056, "bus_sigma": 0.4933, "bus_tau_mean": 1.6339, "bus_tau_std": 2.538, "bus_v_mean": 10.08, "bus_v_std": 14.9099, "car_acc": 1.9825, "car_dcc": 2.0223, "car_lcAssertive": 31.225, "car_lcCooperative": 0.2631, "car_lcLookaheadLeft": 47.6999, "car_lcPushy": 0.0293, "car_lcSigma": 0.1321, "car_lcSpeedGainRight": 1.2658, "car_lcSublane": 0.5335, "car_sigma": 0.5575, "car_tau_mean": 3.06, "car_tau_std": 5.9811, "car_v_mean": 24.1759, "car_v_std": 4.8879}, "datetime": {"datetime": "2024-08-10 13:13:35", "elapsed": 2265.177283, "delta": 5.942158}}
{"target": -0.4596055782420036, "params": {"bus_acc": 1.4761, "bus_dcc": 1.0494, "bus_lcAssertive": 60.5958, "bus_lcCooperative": 0.0853, "bus_lcLookaheadLeft": 72.5633, "bus_lcPushy": 0.5995, "bus_lcSigma": 0.791, "bus_lcSpeedGainRight": 3.4968, "bus_lcSublane": 0.9924, "bus_sigma": 0.7431, "bus_tau_mean": 0.6071, "bus_tau_std": 2.1943, "bus_v_mean": 18.8958, "bus_v_std": 10.7142, "car_acc": 3.9895, "car_dcc": 1.8208, "car_lcAssertive": 20.9519, "car_lcCooperative": 0.6008, "car_lcLookaheadLeft": 38.9362, "car_lcPushy": 0.3061, "car_lcSigma": 0.3023, "car_lcSpeedGainRight": 0.8851, "car_lcSublane": 0.5024, "car_sigma": 0.6249, "car_tau_mean": 1.5198, "car_tau_std": 4.7557, "car_v_mean": 19.3874, "car_v_std": 3.7045}, "datetime": {"datetime": "2024-08-10 13:13:39", "elapsed": 2269.214991, "delta": 4.037708}}
{"target": -0.3747869058665238, "params": {"bus_acc": 1.922, "bus_dcc": 3.7799, "bus_lcAssertive": 84.6182, "bus_lcCooperative": 0.7529, "bus_lcLookaheadLeft": 24.1058, "bus_lcPushy": 0.0622, "bus_lcSigma": 0.9423, "bus_lcSpeedGainRight": 2.6488, "bus_lcSublane": 0.6594, "bus_sigma": 0.9087, "bus_tau_mean": 3.6021, "bus_tau_std": 9.901, "bus_v_mean": 8.9174, "bus_v_std": 17.1562, "car_acc": 2.7026, "car_dcc": 1.325, "car_lcAssertive": 68.4486, "car_lcCooperative": 0.8436, "car_lcLookaheadLeft": 23.473, "car_lcPushy": 0.9192, "car_lcSigma": 0.8481, "car_lcSpeedGainRight": 1.139, "car_lcSublane": 0.5557, "car_sigma": 0.6254, "car_tau_mean": 1.716, "car_tau_std": 2.8561, "car_v_mean": 25.2042, "car_v_std": 7.0486}, "datetime": {"datetime": "2024-08-10 13:13:42", "elapsed": 2272.146004, "delta": 2.931013}}
{"target": -0.25444970588128096, "params": {"bus_acc": 3.3354, "bus_dcc": 2.3502, "bus_lcAssertive": 96.8743, "bus_lcCooperative": 0.331, "bus_lcLookaheadLeft": 80.4481, "bus_lcPushy": 0.8616, "bus_lcSigma": 0.8727, "bus_lcSpeedGainRight": 4.7747, "bus_lcSublane": 0.0049, "bus_sigma": 0.2876, "bus_tau_mean": 2.101, "bus_tau_std": 4.7735, "bus_v_mean": 14.2553, "bus_v_std": 13.5253, "car_acc": 1.022, "car_dcc": 0.3502, "car_lcAssertive": 43.1822, "car_lcCooperative": 0.7295, "car_lcLookaheadLeft": 92.251, "car_lcPushy": 0.0139, "car_lcSigma": 0.2633, "car_lcSpeedGainRight": 1.161, "car_lcSublane": 0.8796, "car_sigma": 0.048, "car_tau_mean": 3.0861, "car_tau_std": 3.8406, "car_v_mean": 24.8589, "car_v_std": 13.8682}, "datetime": {"datetime": "2024-08-10 13:13:45", "elapsed": 2275.430595, "delta": 3.284591}}
{"target": -0.35269317951937557, "params": {"bus_acc": 0.9591, "bus_dcc": 1.9254, "bus_lcAssertive": 5.5829, "bus_lcCooperative": 0.8135, "bus_lcLookaheadLeft": 89.4226, "bus_lcPushy": 0.7293, "bus_lcSigma": 0.8708, "bus_lcSpeedGainRight": 3.9884, "bus_lcSublane": 0.5983, "bus_sigma": 0.4562, "bus_tau_mean": 3.2829, "bus_tau_std": 6.8425, "bus_v_mean": 12.4893, "bus_v_std": 3.0905, "car_acc": 1.3159, "car_dcc": 0.9232, "car_lcAssertive": 23.0069, "car_lcCooperative": 0.7854, "car_lcLookaheadLeft": 81.6035, "car_lcPushy": 0.7376, "car_lcSigma": 0.9108, "car_lcSpeedGainRight": 2.7009, "car_lcSublane": 0.6973, "car_sigma": 0.4937, "car_tau_mean": 3.4633, "car_tau_std": 3.7787, "car_v_mean": 18.5917, "car_v_std": 8.943}, "datetime": {"datetime": "2024-08-10 13:13:49", "elapsed": 2279.477308, "delta": 4.046713}}
{"target": -0.33989228635316326, "params": {"bus_acc": 2.656, "bus_dcc": 0.5896, "bus_lcAssertive": 86.8085, "bus_lcCooperative": 0.0732, "bus_lcLookaheadLeft": 36.2496, "bus_lcPushy": 0.4727, "bus_lcSigma": 0.1208, "bus_lcSpeedGainRight": 4.1549, "bus_lcSublane": 0.9911, "bus_sigma": 0.9975, "bus_tau_mean": 2.008, "bus_tau_std": 7.7832, "bus_v_mean": 17.8943, "bus_v_std": 6.0739, "car_acc": 1.8886, "car_dcc": 3.0251, "car_lcAssertive": 65.3353, "car_lcCooperative": 0.715, "car_lcLookaheadLeft": 21.468, "car_lcPushy": 0.8509, "car_lcSigma": 0.1804, "car_lcSpeedGainRight": 3.6451, "car_lcSublane": 0.7862, "car_sigma": 0.4227, "car_tau_mean": 3.268, "car_tau_std": 2.5816, "car_v_mean": 21.1924, "car_v_std": 13.9966}, "datetime": {"datetime": "2024-08-10 13:13:53", "elapsed": 2283.592806, "delta": 4.115498}}
{"target": -0.2996796613028084, "params": {"bus_acc": 3.1635, "bus_dcc": 2.9194, "bus_lcAssertive": 68.2392, "bus_lcCooperative": 0.007, "bus_lcLookaheadLeft": 20.2668, "bus_lcPushy": 0.5165, "bus_lcSigma": 0.9768, "bus_lcSpeedGainRight": 4.5782, "bus_lcSublane": 0.0416, "bus_sigma": 0.2828, "bus_tau_mean": 2.5376, "bus_tau_std": 1.0934, "bus_v_mean": 24.6839, "bus_v_std": 9.3171, "car_acc": 2.3001, "car_dcc": 0.8178, "car_lcAssertive": 87.0203, "car_lcCooperative": 0.347, "car_lcLookaheadLeft": 49.9646, "car_lcPushy": 0.9615, "car_lcSigma": 0.5905, "car_lcSpeedGainRight": 4.2046, "car_lcSublane": 0.2702, "car_sigma": 0.4183, "car_tau_mean": 1.4648, "car_tau_std": 4.7962, "car_v_mean": 20.2382, "car_v_std": 13.3544}, "datetime": {"datetime": "2024-08-10 13:13:58", "elapsed": 2288.887362, "delta": 5.294556}}
{"target": -0.3943256144654573, "params": {"bus_acc": 0.4229, "bus_dcc": 2.6706, "bus_lcAssertive": 30.5561, "bus_lcCooperative": 0.6907, "bus_lcLookaheadLeft": 26.5424, "bus_lcPushy": 0.4246, "bus_lcSigma": 0.7882, "bus_lcSpeedGainRight": 3.8373, "bus_lcSublane": 0.659, "bus_sigma": 0.0934, "bus_tau_mean": 3.6189, "bus_tau_std": 5.7767, "bus_v_mean": 8.4784, "bus_v_std": 15.2929, "car_acc": 1.5642, "car_dcc": 1.374, "car_lcAssertive": 31.0463, "car_lcCooperative": 0.8729, "car_lcLookaheadLeft": 3.7921, "car_lcPushy": 0.3537, "car_lcSigma": 0.7626, "car_lcSpeedGainRight": 0.1459, "car_lcSublane": 0.3189, "car_sigma": 0.2562, "car_tau_mean": 1.5781, "car_tau_std": 4.0913, "car_v_mean": 9.932, "car_v_std": 0.5327}, "datetime": {"datetime": "2024-08-10 13:14:03", "elapsed": 2294.011632, "delta": 5.12427}}
{"target": -0.2871894028121358, "params": {"bus_acc": 3.3734, "bus_dcc": 1.5112, "bus_lcAssertive": 2.2631, "bus_lcCooperative": 0.1668, "bus_lcLookaheadLeft": 50.0862, "bus_lcPushy": 0.5687, "bus_lcSigma": 0.4469, "bus_lcSpeedGainRight": 1.0567, "bus_lcSublane": 0.7106, "bus_sigma": 0.0761, "bus_tau_mean": 1.6073, "bus_tau_std": 9.0881, "bus_v_mean": 20.0106, "bus_v_std": 15.2857, "car_acc": 2.7531, "car_dcc": 0.9322, "car_lcAssertive": 24.6336, "car_lcCooperative": 0.2871, "car_lcLookaheadLeft": 18.5296, "car_lcPushy": 0.9936, "car_lcSigma": 0.2309, "car_lcSpeedGainRight": 0.6788, "car_lcSublane": 0.5337, "car_sigma": 0.2384, "car_tau_mean": 2.3938, "car_tau_std": 3.6204, "car_v_mean": 24.4752, "car_v_std": 16.8222}, "datetime": {"datetime": "2024-08-10 13:14:07", "elapsed": 2298.064519, "delta": 4.052887}}
{"target": -0.34268537099855073, "params": {"bus_acc": 3.7728, "bus_dcc": 1.6751, "bus_lcAssertive": 71.5028, "bus_lcCooperative": 0.563, "bus_lcLookaheadLeft": 75.5322, "bus_lcPushy": 0.6281, "bus_lcSigma": 0.408, "bus_lcSpeedGainRight": 4.6555, "bus_lcSublane": 0.9287, "bus_sigma": 0.6193, "bus_tau_mean": 3.3454, "bus_tau_std": 9.1455, "bus_v_mean": 8.6675, "bus_v_std": 4.7565, "car_acc": 2.8861, "car_dcc": 2.116, "car_lcAssertive": 77.5699, "car_lcCooperative": 0.6171, "car_lcLookaheadLeft": 79.0058, "car_lcPushy": 0.718, "car_lcSigma": 0.1914, "car_lcSpeedGainRight": 1.0744, "car_lcSublane": 0.1707, "car_sigma": 0.4125, "car_tau_mean": 2.079, "car_tau_std": 4.6823, "car_v_mean": 13.5923, "car_v_std": 19.3722}, "datetime": {"datetime": "2024-08-10 13:14:11", "elapsed": 2301.135628, "delta": 3.071109}}
{"target": -0.2871364338423192, "params": {"bus_acc": 0.3993, "bus_dcc": 2.9337, "bus_lcAssertive": 18.5256, "bus_lcCooperative": 0.6886, "bus_lcLookaheadLeft": 10.5437, "bus_lcPushy": 0.0104, "bus_lcSigma": 0.7462, "bus_lcSpeedGainRight": 0.2172, "bus_lcSublane": 0.1923, "bus_sigma": 0.6717, "bus_tau_mean": 1.8797, "bus_tau_std": 2.3282, "bus_v_mean": 19.4412, "bus_v_std": 10.8126, "car_acc": 2.4554, "car_dcc": 1.2643, "car_lcAssertive": 26.6416, "car_lcCooperative": 0.0439, "car_lcLookaheadLeft": 51.4562, "car_lcPushy": 0.4086, "car_lcSigma": 0.2145, "car_lcSpeedGainRight": 2.8434, "car_lcSublane": 0.0356, "car_sigma": 0.8924, "car_tau_mean": 2.0846, "car_tau_std": 2.4571, "car_v_mean": 22.2926, "car_v_std": 6.7437}, "datetime": {"datetime": "2024-08-10 13:14:15", "elapsed": 2305.894858, "delta": 4.75923}}
{"target": -0.31759437900090276, "params": {"bus_acc": 0.7889, "bus_dcc": 2.98, "bus_lcAssertive": 42.2797, "bus_lcCooperative": 0.2922, "bus_lcLookaheadLeft": 78.0311, "bus_lcPushy": 0.062, "bus_lcSigma": 0.4502, "bus_lcSpeedGainRight": 0.468, "bus_lcSublane": 0.9294, "bus_sigma": 0.522, "bus_tau_mean": 3.0746, "bus_tau_std": 4.2595, "bus_v_mean": 10.8302, "bus_v_std": 10.4194, "car_acc": 3.1108, "car_dcc": 2.8519, "car_lcAssertive": 7.0351, "car_lcCooperative": 0.0642, "car_lcLookaheadLeft": 3.493, "car_lcPushy": 0.9833, "car_lcSigma": 0.8906, "car_lcSpeedGainRight": 2.3212, "car_lcSublane": 0.8535, "car_sigma": 0.9884, "car_tau_mean": 3.4487, "car_tau_std": 5.8769, "car_v_mean": 18.8861, "car_v_std": 4.5266}, "datetime": {"datetime": "2024-08-10 13:14:21", "elapsed": 2311.144844, "delta": 5.249986}}
{"target": -0.27924989532157457, "params": {"bus_acc": 1.1809, "bus_dcc": 1.2807, "bus_lcAssertive": 35.2125, "bus_lcCooperative": 0.4369, "bus_lcLookaheadLeft": 37.3232, "bus_lcPushy": 0.8152, "bus_lcSigma": 0.7837, "bus_lcSpeedGainRight": 0.596, "bus_lcSublane": 0.8982, "bus_sigma": 0.8748, "bus_tau_mean": 1.5096, "bus_tau_std": 0.0406, "bus_v_mean": 24.4041, "bus_v_std": 14.6209, "car_acc": 0.705, "car_dcc": 0.2808, "car_lcAssertive": 31.4406, "car_lcCooperative": 0.1788, "car_lcLookaheadLeft": 72.8982, "car_lcPushy": 0.1256, "car_lcSigma": 0.3417, "car_lcSpeedGainRight": 0.388, "car_lcSublane": 0.2737, "car_sigma": 0.2542, "car_tau_mean": 3.8538, "car_tau_std": 3.4654, "car_v_mean": 22.3148, "car_v_std": 12.1347}, "datetime": {"datetime": "2024-08-10 13:14:25", "elapsed": 2315.923323, "delta": 4.778479}}
{"target": -0.29726370403304286, "params": {"bus_acc": 2.2496, "bus_dcc": 3.4896, "bus_lcAssertive": 86.776, "bus_lcCooperative": 0.1292, "bus_lcLookaheadLeft": 15.4107, "bus_lcPushy": 0.9148, "bus_lcSigma": 0.8862, "bus_lcSpeedGainRight": 2.2636, "bus_lcSublane": 0.8347, "bus_sigma": 0.6176, "bus_tau_mean": 0.965, "bus_tau_std": 4.5898, "bus_v_mean": 21.2294, "bus_v_std": 2.7946, "car_acc": 2.2332, "car_dcc": 1.0871, "car_lcAssertive": 16.7219, "car_lcCooperative": 0.2725, "car_lcLookaheadLeft": 52.4555, "car_lcPushy": 0.9733, "car_lcSigma": 0.8823, "car_lcSpeedGainRight": 4.0074, "car_lcSublane": 0.9641, "car_sigma": 0.0278, "car_tau_mean": 0.8727, "car_tau_std": 2.1837, "car_v_mean": 18.1395, "car_v_std": 13.8494}, "datetime": {"datetime": "2024-08-10 13:14:29", "elapsed": 2320.082652, "delta": 4.159329}}
{"target": -0.6773767302580017, "params": {"bus_acc": 3.9114, "bus_dcc": 2.9341, "bus_lcAssertive": 11.3635, "bus_lcCooperative": 0.3671, "bus_lcLookaheadLeft": 55.9271, "bus_lcPushy": 0.1936, "bus_lcSigma": 0.8917, "bus_lcSpeedGainRight": 2.898, "bus_lcSublane": 0.8856, "bus_sigma": 0.5506, "bus_tau_mean": 1.3223, "bus_tau_std": 2.3676, "bus_v_mean": 22.9388, "bus_v_std": 19.3286, "car_acc": 0.5854, "car_dcc": 3.4802, "car_lcAssertive": 18.527, "car_lcCooperative": 0.621, "car_lcLookaheadLeft": 93.0778, "car_lcPushy": 0.7576, "car_lcSigma": 0.5339, "car_lcSpeedGainRight": 3.3318, "car_lcSublane": 0.0211, "car_sigma": 0.0987, "car_tau_mean": 1.4432, "car_tau_std": 6.1813, "car_v_mean": 18.5685, "car_v_std": 6.9015}, "datetime": {"datetime": "2024-08-10 13:14:33", "elapsed": 2323.65573, "delta": 3.573078}}
{"target": -0.3373339088858857, "params": {"bus_acc": 1.2001, "bus_dcc": 3.6252, "bus_lcAssertive": 15.3669, "bus_lcCooperative": 0.6118, "bus_lcLookaheadLeft": 82.6831, "bus_lcPushy": 0.6141, "bus_lcSigma": 0.4487, "bus_lcSpeedGainRight": 3.0698, "bus_lcSublane": 0.7043, "bus_sigma": 0.141, "bus_tau_mean": 3.7108, "bus_tau_std": 7.0295, "bus_v_mean": 10.5585, "bus_v_std": 8.791, "car_acc": 3.3227, "car_dcc": 3.8147, "car_lcAssertive": 66.7734, "car_lcCooperative": 0.4042, "car_lcLookaheadLeft": 58.8068, "car_lcPushy": 0.277, "car_lcSigma": 0.7507, "car_lcSpeedGainRight": 2.033, "car_lcSublane": 0.9699, "car_sigma": 0.8455, "car_tau_mean": 2.8682, "car_tau_std": 4.2396, "car_v_mean": 12.0751, "car_v_std": 2.9293}, "datetime": {"datetime": "2024-08-10 13:14:37", "elapsed": 2328.119371, "delta": 4.463641}}
{"target": -0.2930179138806419, "params": {"bus_acc": 2.0755, "bus_dcc": 2.1765, "bus_lcAssertive": 80.4031, "bus_lcCooperative": 0.4368, "bus_lcLookaheadLeft": 33.3981, "bus_lcPushy": 0.8081, "bus_lcSigma": 0.6402, "bus_lcSpeedGainRight": 1.515, "bus_lcSublane": 0.8733, "bus_sigma": 0.9587, "bus_tau_mean": 3.447, "bus_tau_std": 6.6861, "bus_v_mean": 12.5898, "bus_v_std": 2.7194, "car_acc": 1.0827, "car_dcc": 0.4256, "car_lcAssertive": 83.1311, "car_lcCooperative": 0.7286, "car_lcLookaheadLeft": 3.4391, "car_lcPushy": 0.9002, "car_lcSigma": 0.7357, "car_lcSpeedGainRight": 3.7032, "car_lcSublane": 0.2576, "car_sigma": 0.7489, "car_tau_mean": 3.8992, "car_tau_std": 6.0112, "car_v_mean": 25.7736, "car_v_std": 6.0878}, "datetime": {"datetime": "2024-08-10 13:14:41", "elapsed": 2331.505996, "delta": 3.386625}}
{"target": -0.4749732196635425, "params": {"bus_acc": 3.9332, "bus_dcc": 3.4888, "bus_lcAssertive": 21.433, "bus_lcCooperative": 0.7779, "bus_lcLookaheadLeft": 20.8678, "bus_lcPushy": 0.5576, "bus_lcSigma": 0.1134, "bus_lcSpeedGainRight": 3.4694, "bus_lcSublane": 0.6443, "bus_sigma": 0.7631, "bus_tau_mean": 2.1663, "bus_tau_std": 9.4288, "bus_v_mean": 25.8171, "bus_v_std": 13.5455, "car_acc": 0.585, "car_dcc": 2.2758, "car_lcAssertive": 64.4812, "car_lcCooperative": 0.1774, "car_lcLookaheadLeft": 2.1543, "car_lcPushy": 0.8687, "car_lcSigma": 0.9806, "car_lcSpeedGainRight": 4.7607, "car_lcSublane": 0.5547, "car_sigma": 0.0181, "car_tau_mean": 3.4632, "car_tau_std": 4.5108, "car_v_mean": 14.7743, "car_v_std": 2.722}, "datetime": {"datetime": "2024-08-10 13:14:45", "elapsed": 2335.787881, "delta": 4.281885}}
{"target": -0.3524246226699724, "params": {"bus_acc": 1.5097, "bus_dcc": 3.1299, "bus_lcAssertive": 13.1567, "bus_lcCooperative": 0.5039, "bus_lcLookaheadLeft": 94.1555, "bus_lcPushy": 0.2496, "bus_lcSigma": 0.1517, "bus_lcSpeedGainRight": 3.9108, "bus_lcSublane": 0.2127, "bus_sigma": 0.8297, "bus_tau_mean": 0.9649, "bus_tau_std": 9.5304, "bus_v_mean": 9.1711, "bus_v_std": 14.9357, "car_acc": 1.5403, "car_dcc": 3.9487, "car_lcAssertive": 76.7049, "car_lcCooperative": 0.1581, "car_lcLookaheadLeft": 33.668, "car_lcPushy": 0.0718, "car_lcSigma": 0.5653, "car_lcSpeedGainRight": 4.3214, "car_lcSublane": 0.2909, "car_sigma": 0.2647, "car_tau_mean": 2.9838, "car_tau_std": 3.6395, "car_v_mean": 19.991, "car_v_std": 1.1801}, "datetime": {"datetime": "2024-08-10 13:14:50", "elapsed": 2340.838116, "delta": 5.050235}}
{"target": -0.47376261484114074, "params": {"bus_acc": 0.601, "bus_dcc": 3.8538, "bus_lcAssertive": 43.3364, "bus_lcCooperative": 0.669, "bus_lcLookaheadLeft": 68.1858, "bus_lcPushy": 0.633, "bus_lcSigma": 0.0098, "bus_lcSpeedGainRight": 2.1778, "bus_lcSublane": 0.392, "bus_sigma": 0.6931, "bus_tau_mean": 2.058, "bus_tau_std": 1.5942, "bus_v_mean": 14.0612, "bus_v_std": 5.7684, "car_acc": 1.3608, "car_dcc": 1.932, "car_lcAssertive": 5.1988, "car_lcCooperative": 0.2835, "car_lcLookaheadLeft": 62.7907, "car_lcPushy": 0.3043, "car_lcSigma": 0.7429, "car_lcSpeedGainRight": 1.6055, "car_lcSublane": 0.2609, "car_sigma": 0.905, "car_tau_mean": 1.0912, "car_tau_std": 0.5887, "car_v_mean": 15.9692, "car_v_std": 3.2367}, "datetime": {"datetime": "2024-08-10 13:14:55", "elapsed": 2346.03667, "delta": 5.198554}}
{"target": -0.3286544468260122, "params": {"bus_acc": 1.5436, "bus_dcc": 3.9183, "bus_lcAssertive": 43.719, "bus_lcCooperative": 0.5475, "bus_lcLookaheadLeft": 87.6291, "bus_lcPushy": 0.3134, "bus_lcSigma": 0.4163, "bus_lcSpeedGainRight": 1.0059, "bus_lcSublane": 0.3135, "bus_sigma": 0.4616, "bus_tau_mean": 3.4566, "bus_tau_std": 0.4356, "bus_v_mean": 21.5708, "bus_v_std": 5.985, "car_acc": 3.4337, "car_dcc": 1.5866, "car_lcAssertive": 26.9379, "car_lcCooperative": 0.1455, "car_lcLookaheadLeft": 96.3927, "car_lcPushy": 0.7272, "car_lcSigma": 0.6617, "car_lcSpeedGainRight": 1.8732, "car_lcSublane": 0.688, "car_sigma": 0.4155, "car_tau_mean": 1.2323, "car_tau_std": 1.8941, "car_v_mean": 23.5364, "car_v_std": 11.3292}, "datetime": {"datetime": "2024-08-10 13:14:59", "elapsed": 2349.842744, "delta": 3.806074}}
