{"target": -0.36255813813233057, "params": {"bus_acc": 0.852120638138312, "bus_dcc": 1.3203730186993214, "bus_lcAssertive": 10.279930931389577, "bus_lcCooperative": 0.3179810316787127, "bus_lcLookaheadLeft": 39.35648414716073, "bus_lcPushy": 0.6327125396187535, "bus_lcSigma": 0.47151993834858275, "bus_lcSpeedGainRight": 3.588344903885235, "bus_lcSublane": 0.26922353350171446, "bus_sigma": 0.17305671918218446, "bus_tau_mean": 1.8269291097137783, "bus_tau_std": 4.380814374278545, "bus_v_mean": 15.598278220685003, "bus_v_std": 18.2713937332305, "car_acc": 1.2243546697184262, "car_dcc": 1.537764930241596, "car_lcAssertive": 22.305756356169372, "car_lcCooperative": 0.37192301140427286, "car_lcLookaheadLeft": 40.20582830144868, "car_lcPushy": 0.5754270571118745, "car_lcSigma": 0.278364978622443, "car_lcSpeedGainRight": 1.2974615425392404, "car_lcSublane": 0.7190613950565239, "car_sigma": 0.9101787075725445, "car_tau_mean": 0.9273388684720454, "car_tau_std": 1.8228897074998485, "car_v_mean": 10.395973607766257, "car_v_std": 13.672153656089943}, "datetime": {"datetime": "2024-08-10 12:46:11", "elapsed": 621.370128, "delta": 3.223696}}
{"target": -0.3661272767819353, "params": {"bus_acc": 2.313712889163592, "bus_dcc": 0.7185298575106032, "bus_lcAssertive": 6.931851261708954, "bus_lcCooperative": 0.12134345574073735, "bus_lcLookaheadLeft": 6.366084097386649, "bus_lcPushy": 0.1074941291060929, "bus_lcSigma": 0.2257093386078547, "bus_lcSpeedGainRight": 3.564944901913383, "bus_lcSublane": 0.5597169820541424, "bus_sigma": 0.012555980159115854, "bus_tau_mean": 0.7519099789132038, "bus_tau_std": 9.672763300002721, "bus_v_mean": 18.225808314558957, "bus_v_std": 4.06586469321981, "car_acc": 1.158837829367229, "car_dcc": 3.0265382454853533, "car_lcAssertive": 20.34751862982256, "car_lcCooperative": 0.5813589272732578, "car_lcLookaheadLeft": 97.06195893065461, "car_lcPushy": 0.8468288014900353, "car_lcSigma": 0.23984775914758616, "car_lcSpeedGainRight": 2.4688485713436497, "car_lcSublane": 0.6199557183813798, "car_sigma": 0.8289808995501787, "car_tau_mean": 1.048769881261295, "car_tau_std": 0.18576202177409518, "car_v_mean": 9.260398586946001, "car_v_std": 9.726902218740637}, "datetime": {"datetime": "2024-08-10 12:46:14", "elapsed": 624.584673, "delta": 3.214545}}
{"target": -0.47513141616138505, "params": {"bus_acc": 3.3198673114894492, "bus_dcc": 0.8492160923818883, "bus_lcAssertive": 68.8281945463602, "bus_lcCooperative": 0.9976633612725854, "bus_lcLookaheadLeft": 78.86721120800227, "bus_lcPushy": 0.7250463554353692, "bus_lcSigma": 0.310019979210334, "bus_lcSpeedGainRight": 0.7973539529220575, "bus_lcSublane": 0.8643221540234217, "bus_sigma": 0.6103462184166267, "bus_tau_mean": 1.8653163948682172, "bus_tau_std": 7.5559073482087955, "bus_v_mean": 20.93530194298349, "bus_v_std": 12.946662509548093, "car_acc": 0.9876007739406907, "car_dcc": 3.565005707619858, "car_lcAssertive": 72.18159028042123, "car_lcCooperative": 0.3026305634146216, "car_lcLookaheadLeft": 8.23265288991687, "car_lcPushy": 0.9127964154958703, "car_lcSigma": 0.7938500584516285, "car_lcSpeedGainRight": 2.492918214857977, "car_lcSublane": 0.41392519420816687, "car_sigma": 0.6155624739890907, "car_tau_mean": 1.8948031163607857, "car_tau_std": 0.3891804002549182, "car_v_mean": 13.435429977896447, "car_v_std": 4.92557116247073}, "datetime": {"datetime": "2024-08-10 12:46:18", "elapsed": 628.512474, "delta": 3.927801}}
{"target": -0.3500259364555148, "params": {"bus_acc": 1.8641793141530703, "bus_dcc": 3.2164571270424154, "bus_lcAssertive": 52.23375652211932, "bus_lcCooperative": 0.41359816112910697, "bus_lcLookaheadLeft": 13.509309750303778, "bus_lcPushy": 0.8839110659363493, "bus_lcSigma": 0.2755932144103168, "bus_lcSpeedGainRight": 3.081303616649302, "bus_lcSublane": 0.984579778960706, "bus_sigma": 0.1894180220437538, "bus_tau_mean": 3.87815797127565, "bus_tau_std": 6.5271536842569535, "bus_v_mean": 10.317168882737857, "bus_v_std": 15.438542921460968, "car_acc": 3.8167479573769563, "car_dcc": 2.3385660888198148, "car_lcAssertive": 69.16696477605666, "car_lcCooperative": 0.0263478788699828, "car_lcLookaheadLeft": 98.9294171797788, "car_lcPushy": 0.3184571198136825, "car_lcSigma": 0.023903779366219347, "car_lcSpeedGainRight": 4.042820752371942, "car_lcSublane": 0.9732525517670682, "car_sigma": 0.7375885099166811, "car_tau_mean": 0.5095753211589013, "car_tau_std": 0.6336051137403531, "car_v_mean": 18.516849294096453, "car_v_std": 6.714302155112062}, "datetime": {"datetime": "2024-08-10 12:46:21", "elapsed": 632.082714, "delta": 3.57024}}
{"target": -0.4084238409461738, "params": {"bus_acc": 0.7259, "bus_dcc": 1.7257, "bus_lcAssertive": 62.1964, "bus_lcCooperative": 0.5357, "bus_lcLookaheadLeft": 47.2444, "bus_lcPushy": 0.6557, "bus_lcSigma": 0.8283, "bus_lcSpeedGainRight": 2.5549, "bus_lcSublane": 0.5573, "bus_sigma": 0.6751, "bus_tau_mean": 1.6983, "bus_tau_std": 5.0956, "bus_v_mean": 14.0889, "bus_v_std": 12.9602, "car_acc": 3.9571, "car_dcc": 2.3243, "car_lcAssertive": 78.8728, "car_lcCooperative": 0.6685, "car_lcLookaheadLeft": 66.522, "car_lcPushy": 0.3434, "car_lcSigma": 0.6445, "car_lcSpeedGainRight": 4.9697, "car_lcSublane": 0.6056, "car_sigma": 0.7669, "car_tau_mean": 2.6896, "car_tau_std": 5.4037, "car_v_mean": 23.5953, "car_v_std": 1.7793}, "datetime": {"datetime": "2024-08-10 12:46:25", "elapsed": 635.70455, "delta": 3.621836}}
{"target": -1.0173367666880997, "params": {"bus_acc": 1.33389730868315, "bus_dcc": 2.063374303058169, "bus_lcAssertive": 20.36274494273748, "bus_lcCooperative": 0.6808265089096738, "bus_lcLookaheadLeft": 83.42096238692065, "bus_lcPushy": 0.22040678596533647, "bus_lcSigma": 0.007808669093839371, "bus_lcSpeedGainRight": 1.2545215422939187, "bus_lcSublane": 0.6276363022375808, "bus_sigma": 0.31081682723744186, "bus_tau_mean": 3.426721484084727, "bus_tau_std": 8.527391992878655, "bus_v_mean": 14.691330130338141, "bus_v_std": 7.306689840398677, "car_acc": 0.26293777255229267, "car_dcc": 2.288779243824014, "car_lcAssertive": 16.272788814775993, "car_lcCooperative": 0.1126795381335095, "car_lcLookaheadLeft": 7.227136666975108, "car_lcPushy": 0.1792838074153501, "car_lcSigma": 0.1559308109650941, "car_lcSpeedGainRight": 0.17745189618130042, "car_lcSublane": 0.9824324545192039, "car_sigma": 0.6583045014987714, "car_tau_mean": 1.8544792505386194, "car_tau_std": 0.6248547836660323, "car_v_mean": 8.850415556345519, "car_v_std": 16.09904869413324}, "datetime": {"datetime": "2024-08-10 12:46:33", "elapsed": 643.281893, "delta": 7.577343}}
{"target": -0.44570698960460226, "params": {"bus_acc": 0.7256, "bus_dcc": 1.7479, "bus_lcAssertive": 62.2186, "bus_lcCooperative": 0.5468, "bus_lcLookaheadLeft": 47.2667, "bus_lcPushy": 0.6668, "bus_lcSigma": 0.828, "bus_lcSpeedGainRight": 2.5771, "bus_lcSublane": 0.5684, "bus_sigma": 0.6749, "bus_tau_mean": 1.7206, "bus_tau_std": 5.1178, "bus_v_mean": 14.1111, "bus_v_std": 12.9825, "car_acc": 3.9793, "car_dcc": 2.3466, "car_lcAssertive": 78.884, "car_lcCooperative": 0.6796, "car_lcLookaheadLeft": 66.5332, "car_lcPushy": 0.3545, "car_lcSigma": 0.6557, "car_lcSpeedGainRight": 4.9919, "car_lcSublane": 0.6054, "car_sigma": 0.7667, "car_tau_mean": 2.7118, "car_tau_std": 5.4259, "car_v_mean": 23.6176, "car_v_std": 1.8015}, "datetime": {"datetime": "2024-08-10 12:46:42", "elapsed": 652.677901, "delta": 9.396008}}
{"target": -0.3889432901914976, "params": {"bus_acc": 3.2734, "bus_dcc": 1.8969, "bus_lcAssertive": 70.0307, "bus_lcCooperative": 0.0443, "bus_lcLookaheadLeft": 54.7748, "bus_lcPushy": 0.7003, "bus_lcSigma": 0.5234, "bus_lcSpeedGainRight": 1.6715, "bus_lcSublane": 0.8033, "bus_sigma": 0.1484, "bus_tau_mean": 2.0883, "bus_tau_std": 9.3128, "bus_v_mean": 12.7293, "bus_v_std": 2.5531, "car_acc": 3.9533, "car_dcc": 3.7258, "car_lcAssertive": 55.3798, "car_lcCooperative": 0.4972, "car_lcLookaheadLeft": 60.59, "car_lcPushy": 0.4079, "car_lcSigma": 0.1289, "car_lcSpeedGainRight": 3.1618, "car_lcSublane": 0.3694, "car_sigma": 0.182, "car_tau_mean": 0.8015, "car_tau_std": 8.3235, "car_v_mean": 18.0636, "car_v_std": 3.0003}, "datetime": {"datetime": "2024-08-10 12:46:46", "elapsed": 656.80127, "delta": 4.123369}}
{"target": -0.3505815624144379, "params": {"bus_acc": 1.8867, "bus_dcc": 0.7691, "bus_lcAssertive": 59.5556, "bus_lcCooperative": 0.1047, "bus_lcLookaheadLeft": 57.7187, "bus_lcPushy": 0.3784, "bus_lcSigma": 0.7378, "bus_lcSpeedGainRight": 0.9479, "bus_lcSublane": 0.1866, "bus_sigma": 0.6735, "bus_tau_mean": 3.4395, "bus_tau_std": 0.2744, "bus_v_mean": 9.9982, "bus_v_std": 12.2261, "car_acc": 4.0, "car_dcc": 2.1797, "car_lcAssertive": 47.0047, "car_lcCooperative": 0.6025, "car_lcLookaheadLeft": 76.189, "car_lcPushy": 0.0, "car_lcSigma": 0.9731, "car_lcSpeedGainRight": 4.8532, "car_lcSublane": 0.6192, "car_sigma": 0.7603, "car_tau_mean": 2.6323, "car_tau_std": 3.9935, "car_v_mean": 23.2038, "car_v_std": 1.7882}, "datetime": {"datetime": "2024-08-10 12:46:52", "elapsed": 662.970439, "delta": 6.169169}}
{"target": -0.33742706584882026, "params": {"bus_acc": 0.7259, "bus_dcc": 1.7446, "bus_lcAssertive": 62.2152, "bus_lcCooperative": 0.545, "bus_lcLookaheadLeft": 47.2633, "bus_lcPushy": 0.665, "bus_lcSigma": 0.8283, "bus_lcSpeedGainRight": 2.5737, "bus_lcSublane": 0.5666, "bus_sigma": 0.6751, "bus_tau_mean": 1.7172, "bus_tau_std": 5.1145, "bus_v_mean": 14.1078, "bus_v_std": 12.9791, "car_acc": 3.9467, "car_dcc": 2.3432, "car_lcAssertive": 78.8822, "car_lcCooperative": 0.6778, "car_lcLookaheadLeft": 66.5313, "car_lcPushy": 0.3527, "car_lcSigma": 0.6539, "car_lcSpeedGainRight": 4.956, "car_lcSublane": 0.6056, "car_sigma": 0.7669, "car_tau_mean": 2.7085, "car_tau_std": 5.4226, "car_v_mean": 23.6142, "car_v_std": 1.7981}, "datetime": {"datetime": "2024-08-10 12:46:59", "elapsed": 669.559954, "delta": 6.589515}}
{"target": -0.400307552988926, "params": {"bus_acc": 0.7257, "bus_dcc": 1.7148, "bus_lcAssertive": 62.1855, "bus_lcCooperative": 0.5301, "bus_lcLookaheadLeft": 47.2336, "bus_lcPushy": 0.6501, "bus_lcSigma": 0.8281, "bus_lcSpeedGainRight": 2.544, "bus_lcSublane": 0.5517, "bus_sigma": 0.675, "bus_tau_mean": 1.6875, "bus_tau_std": 5.0847, "bus_v_mean": 14.0781, "bus_v_std": 12.9494, "car_acc": 3.9462, "car_dcc": 2.3135, "car_lcAssertive": 78.8673, "car_lcCooperative": 0.663, "car_lcLookaheadLeft": 66.5165, "car_lcPushy": 0.3378, "car_lcSigma": 0.639, "car_lcSpeedGainRight": 4.9588, "car_lcSublane": 0.6055, "car_sigma": 0.7668, "car_tau_mean": 2.6787, "car_tau_std": 5.3928, "car_v_mean": 23.5845, "car_v_std": 1.7684}, "datetime": {"datetime": "2024-08-10 12:47:05", "elapsed": 675.169044, "delta": 5.60909}}
{"target": -0.3401112921737539, "params": {"bus_acc": 1.9084, "bus_dcc": 3.8533, "bus_lcAssertive": 43.8688, "bus_lcCooperative": 0.8645, "bus_lcLookaheadLeft": 66.6188, "bus_lcPushy": 0.5808, "bus_lcSigma": 0.4271, "bus_lcSpeedGainRight": 3.1007, "bus_lcSublane": 0.8942, "bus_sigma": 0.5314, "bus_tau_mean": 3.9531, "bus_tau_std": 9.5404, "bus_v_mean": 14.3902, "bus_v_std": 14.1144, "car_acc": 4.0, "car_dcc": 0.714, "car_lcAssertive": 88.2066, "car_lcCooperative": 0.4172, "car_lcLookaheadLeft": 85.5037, "car_lcPushy": 0.6669, "car_lcSigma": 0.5707, "car_lcSpeedGainRight": 0.7567, "car_lcSublane": 0.6352, "car_sigma": 0.8476, "car_tau_mean": 3.8294, "car_tau_std": 6.7353, "car_v_mean": 25.6664, "car_v_std": 12.2514}, "datetime": {"datetime": "2024-08-10 12:47:12", "elapsed": 682.485295, "delta": 7.316251}}
{"target": -0.28228215909285276, "params": {"bus_acc": 0.392, "bus_dcc": 0.2, "bus_lcAssertive": 59.1275, "bus_lcCooperative": 0.2199, "bus_lcLookaheadLeft": 57.9193, "bus_lcPushy": 0.489, "bus_lcSigma": 0.5114, "bus_lcSpeedGainRight": 0.2701, "bus_lcSublane": 0.4513, "bus_sigma": 0.8351, "bus_tau_mean": 4.0, "bus_tau_std": 0.0, "bus_v_mean": 10.9871, "bus_v_std": 20.0, "car_acc": 4.0, "car_dcc": 2.235, "car_lcAssertive": 48.129, "car_lcCooperative": 0.5376, "car_lcLookaheadLeft": 79.9354, "car_lcPushy": 0.0, "car_lcSigma": 1.0, "car_lcSpeedGainRight": 5.0, "car_lcSublane": 0.8252, "car_sigma": 0.9509, "car_tau_mean": 3.1685, "car_tau_std": 0.2516, "car_v_mean": 26.0, "car_v_std": 2.7447}, "datetime": {"datetime": "2024-08-10 12:47:17", "elapsed": 687.224911, "delta": 4.739616}}
{"target": -0.46463047020359305, "params": {"bus_acc": 0.4526, "bus_dcc": 0.5571, "bus_lcAssertive": 19.3096, "bus_lcCooperative": 0.9723, "bus_lcLookaheadLeft": 27.3444, "bus_lcPushy": 0.7512, "bus_lcSigma": 0.4786, "bus_lcSpeedGainRight": 1.6711, "bus_lcSublane": 0.4552, "bus_sigma": 0.4944, "bus_tau_mean": 0.5315, "bus_tau_std": 10.0, "bus_v_mean": 18.5898, "bus_v_std": 12.4304, "car_acc": 2.6389, "car_dcc": 0.564, "car_lcAssertive": 48.0741, "car_lcCooperative": 0.5399, "car_lcLookaheadLeft": 68.147, "car_lcPushy": 0.5344, "car_lcSigma": 0.2524, "car_lcSpeedGainRight": 3.494, "car_lcSublane": 0.5814, "car_sigma": 0.5458, "car_tau_mean": 3.845, "car_tau_std": 4.8674, "car_v_mean": 19.2577, "car_v_std": 2.8658}, "datetime": {"datetime": "2024-08-10 12:47:22", "elapsed": 692.678205, "delta": 5.453294}}
{"target": -0.28051322787352156, "params": {"bus_acc": 0.4504, "bus_dcc": 0.5548, "bus_lcAssertive": 19.3059, "bus_lcCooperative": 0.9722, "bus_lcLookaheadLeft": 27.3406, "bus_lcPushy": 0.7512, "bus_lcSigma": 0.4763, "bus_lcSpeedGainRight": 1.6674, "bus_lcSublane": 0.453, "bus_sigma": 0.4922, "bus_tau_mean": 0.5315, "bus_tau_std": 10.0, "bus_v_mean": 18.5861, "bus_v_std": 12.4266, "car_acc": 2.6352, "car_dcc": 0.5617, "car_lcAssertive": 48.0703, "car_lcCooperative": 0.5399, "car_lcLookaheadLeft": 68.1448, "car_lcPushy": 0.5344, "car_lcSigma": 0.2502, "car_lcSpeedGainRight": 3.4903, "car_lcSublane": 0.5814, "car_sigma": 0.5458, "car_tau_mean": 3.8413, "car_tau_std": 4.8637, "car_v_mean": 19.254, "car_v_std": 2.862}, "datetime": {"datetime": "2024-08-10 12:47:26", "elapsed": 696.168999, "delta": 3.490794}}
{"target": -0.49239938902699937, "params": {"bus_acc": 2.1870271363909866, "bus_dcc": 2.934697097656641, "bus_lcAssertive": 88.7878552249281, "bus_lcCooperative": 0.19451128512291194, "bus_lcLookaheadLeft": 44.120895073447244, "bus_lcPushy": 0.8593510087313693, "bus_lcSigma": 0.03049636510686249, "bus_lcSpeedGainRight": 0.6654109107776807, "bus_lcSublane": 0.4053468800031138, "bus_sigma": 0.11235899808568683, "bus_tau_mean": 3.0415320439222904, "bus_tau_std": 9.748099995916682, "bus_v_mean": 16.803198173224324, "bus_v_std": 19.205349851876928, "car_acc": 0.7159226486199051, "car_dcc": 2.8616850142493164, "car_lcAssertive": 58.702973117927115, "car_lcCooperative": 0.7917335624838278, "car_lcLookaheadLeft": 54.69466000978958, "car_lcPushy": 0.9798927970615768, "car_lcSigma": 0.43965278161340193, "car_lcSpeedGainRight": 4.751361767507482, "car_lcSublane": 0.9182785222225094, "car_sigma": 0.42386967289549227, "car_tau_mean": 1.9368266710812927, "car_tau_std": 0.19947065308665524, "car_v_mean": 16.07289403406063, "car_v_std": 3.9882002409376605}, "datetime": {"datetime": "2024-08-10 12:47:32", "elapsed": 702.76337, "delta": 6.594371}}
{"target": -0.3887790090596937, "params": {"bus_acc": 0.7261, "bus_dcc": 1.7232, "bus_lcAssertive": 62.1939, "bus_lcCooperative": 0.5346, "bus_lcLookaheadLeft": 47.242, "bus_lcPushy": 0.6546, "bus_lcSigma": 0.8285, "bus_lcSpeedGainRight": 2.5524, "bus_lcSublane": 0.5561, "bus_sigma": 0.6753, "bus_tau_mean": 1.6959, "bus_tau_std": 5.0931, "bus_v_mean": 14.0865, "bus_v_std": 12.9578, "car_acc": 3.9547, "car_dcc": 2.3219, "car_lcAssertive": 78.8717, "car_lcCooperative": 0.6674, "car_lcLookaheadLeft": 66.5209, "car_lcPushy": 0.3423, "car_lcSigma": 0.6434, "car_lcSpeedGainRight": 4.9673, "car_lcSublane": 0.6058, "car_sigma": 0.7671, "car_tau_mean": 2.6871, "car_tau_std": 5.4012, "car_v_mean": 23.5929, "car_v_std": 1.7768}, "datetime": {"datetime": "2024-08-10 12:47:40", "elapsed": 710.613295, "delta": 7.849925}}
{"target": -0.29061750149704696, "params": {"bus_acc": 0.4515, "bus_dcc": 0.5559, "bus_lcAssertive": 19.3081, "bus_lcCooperative": 0.972, "bus_lcLookaheadLeft": 27.3428, "bus_lcPushy": 0.751, "bus_lcSigma": 0.4775, "bus_lcSpeedGainRight": 1.6696, "bus_lcSublane": 0.4541, "bus_sigma": 0.4933, "bus_tau_mean": 0.5313, "bus_tau_std": 10.0, "bus_v_mean": 18.5883, "bus_v_std": 12.4289, "car_acc": 2.6374, "car_dcc": 0.5628, "car_lcAssertive": 48.0726, "car_lcCooperative": 0.5397, "car_lcLookaheadLeft": 68.1459, "car_lcPushy": 0.5342, "car_lcSigma": 0.2513, "car_lcSpeedGainRight": 3.4925, "car_lcSublane": 0.5812, "car_sigma": 0.5456, "car_tau_mean": 3.8435, "car_tau_std": 4.8659, "car_v_mean": 19.2562, "car_v_std": 2.8643}, "datetime": {"datetime": "2024-08-10 12:47:48", "elapsed": 718.409318, "delta": 7.796023}}
{"target": -0.2784411060168379, "params": {"bus_acc": 0.4493, "bus_dcc": 0.5537, "bus_lcAssertive": 19.3038, "bus_lcCooperative": 0.972, "bus_lcLookaheadLeft": 27.3385, "bus_lcPushy": 0.751, "bus_lcSigma": 0.4753, "bus_lcSpeedGainRight": 1.6653, "bus_lcSublane": 0.4519, "bus_sigma": 0.4911, "bus_tau_mean": 0.5313, "bus_tau_std": 10.0, "bus_v_mean": 18.584, "bus_v_std": 12.4245, "car_acc": 2.6331, "car_dcc": 0.5606, "car_lcAssertive": 48.0682, "car_lcCooperative": 0.5397, "car_lcLookaheadLeft": 68.1437, "car_lcPushy": 0.5342, "car_lcSigma": 0.2491, "car_lcSpeedGainRight": 3.4882, "car_lcSublane": 0.5812, "car_sigma": 0.5456, "car_tau_mean": 3.8392, "car_tau_std": 4.8616, "car_v_mean": 19.2519, "car_v_std": 2.8599}, "datetime": {"datetime": "2024-08-10 12:47:55", "elapsed": 725.323497, "delta": 6.914179}}
{"target": -0.3925668784676671, "params": {"bus_acc": 0.7257, "bus_dcc": 1.7325, "bus_lcAssertive": 62.2032, "bus_lcCooperative": 0.5391, "bus_lcLookaheadLeft": 47.2513, "bus_lcPushy": 0.659, "bus_lcSigma": 0.8281, "bus_lcSpeedGainRight": 2.5617, "bus_lcSublane": 0.5606, "bus_sigma": 0.675, "bus_tau_mean": 1.7052, "bus_tau_std": 5.1024, "bus_v_mean": 14.0958, "bus_v_std": 12.9671, "car_acc": 3.964, "car_dcc": 2.3312, "car_lcAssertive": 78.8762, "car_lcCooperative": 0.6719, "car_lcLookaheadLeft": 66.5254, "car_lcPushy": 0.3468, "car_lcSigma": 0.6479, "car_lcSpeedGainRight": 4.9765, "car_lcSublane": 0.6055, "car_sigma": 0.7668, "car_tau_mean": 2.6964, "car_tau_std": 5.4105, "car_v_mean": 23.6022, "car_v_std": 1.7861}, "datetime": {"datetime": "2024-08-10 12:48:00", "elapsed": 730.470237, "delta": 5.14674}}
{"target": -0.3590605231767674, "params": {"bus_acc": 0.4522, "bus_dcc": 0.5567, "bus_lcAssertive": 19.3098, "bus_lcCooperative": 0.9718, "bus_lcLookaheadLeft": 27.3445, "bus_lcPushy": 0.7508, "bus_lcSigma": 0.4782, "bus_lcSpeedGainRight": 1.6713, "bus_lcSublane": 0.4548, "bus_sigma": 0.494, "bus_tau_mean": 0.5311, "bus_tau_std": 10.0, "bus_v_mean": 18.59, "bus_v_std": 12.4305, "car_acc": 2.6391, "car_dcc": 0.5636, "car_lcAssertive": 48.0742, "car_lcCooperative": 0.5394, "car_lcLookaheadLeft": 68.1466, "car_lcPushy": 0.5339, "car_lcSigma": 0.252, "car_lcSpeedGainRight": 3.4942, "car_lcSublane": 0.5809, "car_sigma": 0.5454, "car_tau_mean": 3.8452, "car_tau_std": 4.8676, "car_v_mean": 19.2579, "car_v_std": 2.866}, "datetime": {"datetime": "2024-08-10 12:48:08", "elapsed": 738.388139, "delta": 7.917902}}
{"target": -0.3728007753741222, "params": {"bus_acc": 0.4542, "bus_dcc": 0.5586, "bus_lcAssertive": 19.3137, "bus_lcCooperative": 0.972, "bus_lcLookaheadLeft": 27.3484, "bus_lcPushy": 0.751, "bus_lcSigma": 0.4802, "bus_lcSpeedGainRight": 1.6752, "bus_lcSublane": 0.4568, "bus_sigma": 0.496, "bus_tau_mean": 0.5313, "bus_tau_std": 10.0, "bus_v_mean": 18.5939, "bus_v_std": 12.4345, "car_acc": 2.643, "car_dcc": 0.5655, "car_lcAssertive": 48.0781, "car_lcCooperative": 0.5397, "car_lcLookaheadLeft": 68.1486, "car_lcPushy": 0.5342, "car_lcSigma": 0.254, "car_lcSpeedGainRight": 3.4981, "car_lcSublane": 0.5812, "car_sigma": 0.5456, "car_tau_mean": 3.8491, "car_tau_std": 4.8715, "car_v_mean": 19.2618, "car_v_std": 2.8699}, "datetime": {"datetime": "2024-08-10 12:48:13", "elapsed": 743.323204, "delta": 4.935065}}
{"target": -0.3346501423083166, "params": {"bus_acc": 0.4545, "bus_dcc": 0.559, "bus_lcAssertive": 19.3142, "bus_lcCooperative": 0.9723, "bus_lcLookaheadLeft": 27.3489, "bus_lcPushy": 0.7512, "bus_lcSigma": 0.4805, "bus_lcSpeedGainRight": 1.6757, "bus_lcSublane": 0.4571, "bus_sigma": 0.4963, "bus_tau_mean": 0.5315, "bus_tau_std": 10.0, "bus_v_mean": 18.5944, "bus_v_std": 12.435, "car_acc": 2.6435, "car_dcc": 0.5659, "car_lcAssertive": 48.0786, "car_lcCooperative": 0.5399, "car_lcLookaheadLeft": 68.149, "car_lcPushy": 0.5344, "car_lcSigma": 0.2544, "car_lcSpeedGainRight": 3.4986, "car_lcSublane": 0.5814, "car_sigma": 0.5458, "car_tau_mean": 3.8496, "car_tau_std": 4.872, "car_v_mean": 19.2623, "car_v_std": 2.8704}, "datetime": {"datetime": "2024-08-10 12:48:19", "elapsed": 749.486807, "delta": 6.163603}}
{"target": -0.3295322528275924, "params": {"bus_acc": 0.4936, "bus_dcc": 2.5858, "bus_lcAssertive": 81.3954, "bus_lcCooperative": 0.2191, "bus_lcLookaheadLeft": 68.1086, "bus_lcPushy": 0.6867, "bus_lcSigma": 0.6558, "bus_lcSpeedGainRight": 4.9872, "bus_lcSublane": 0.6443, "bus_sigma": 0.2118, "bus_tau_mean": 2.6088, "bus_tau_std": 9.0065, "bus_v_mean": 23.3605, "bus_v_std": 13.3964, "car_acc": 3.1733, "car_dcc": 2.8116, "car_lcAssertive": 28.5511, "car_lcCooperative": 0.5604, "car_lcLookaheadLeft": 68.0361, "car_lcPushy": 0.559, "car_lcSigma": 0.8557, "car_lcSpeedGainRight": 0.9751, "car_lcSublane": 0.7472, "car_sigma": 0.4961, "car_tau_mean": 3.6216, "car_tau_std": 4.6906, "car_v_mean": 22.9518, "car_v_std": 7.484}, "datetime": {"datetime": "2024-08-10 12:48:25", "elapsed": 755.621915, "delta": 6.135108}}
