{"target": -0.4730335794590235, "params": {"bus_acc": 1.4801, "bus_dcc": 2.3124, "bus_lcAssertive": 90.0241, "bus_lcCooperative": 0.8564, "bus_lcLookaheadLeft": 86.8341, "bus_lcPushy": 0.4015, "bus_lcSigma": 0.5675, "bus_lcSpeedGainRight": 1.0188, "bus_lcSublane": 0.198, "bus_sigma": 0.8348, "bus_tau_mean": 2.0821, "bus_tau_std": 8.0764, "bus_v_mean": 23.6114, "bus_v_std": 2.2253, "car_acc": 1.2461, "car_dcc": 3.5366, "car_lcAssertive": 55.9496, "car_lcCooperative": 0.7233, "car_lcLookaheadLeft": 31.3044, "car_lcPushy": 0.1902, "car_lcSigma": 0.9495, "car_lcSpeedGainRight": 4.9402, "car_lcSublane": 0.1583, "car_sigma": 0.0967, "car_tau_mean": 0.7438, "car_tau_std": 0.7154, "car_v_mean": 22.7589, "car_v_std": 3.6472}, "datetime": {"datetime": "2024-08-10 16:28:51", "elapsed": 13982.017122, "delta": 10.577707}}
{"target": -0.39213049898618646, "params": {"bus_acc": 2.281, "bus_dcc": 2.9964, "bus_lcAssertive": 99.9279, "bus_lcCooperative": 0.7442, "bus_lcLookaheadLeft": 5.7354, "bus_lcPushy": 0.5019, "bus_lcSigma": 0.3708, "bus_lcSpeedGainRight": 3.9428, "bus_lcSublane": 0.4163, "bus_sigma": 0.0472, "bus_tau_mean": 1.4197, "bus_tau_std": 5.2399, "bus_v_mean": 16.2997, "bus_v_std": 10.1609, "car_acc": 0.6541, "car_dcc": 1.176, "car_lcAssertive": 39.0969, "car_lcCooperative": 0.7221, "car_lcLookaheadLeft": 72.1062, "car_lcPushy": 0.5527, "car_lcSigma": 0.5281, "car_lcSpeedGainRight": 3.9656, "car_lcSublane": 0.0503, "car_sigma": 0.7514, "car_tau_mean": 3.8251, "car_tau_std": 2.3404, "car_v_mean": 22.5017, "car_v_std": 13.4867}, "datetime": {"datetime": "2024-08-10 16:29:11", "elapsed": 14001.386709, "delta": 19.369587}}
{"target": -0.3122182946234373, "params": {"bus_acc": 3.7541, "bus_dcc": 0.9248, "bus_lcAssertive": 92.9177, "bus_lcCooperative": 0.7121, "bus_lcLookaheadLeft": 80.0763, "bus_lcPushy": 0.8022, "bus_lcSigma": 0.107, "bus_lcSpeedGainRight": 0.9601, "bus_lcSublane": 0.0368, "bus_sigma": 0.6638, "bus_tau_mean": 2.4807, "bus_tau_std": 9.3915, "bus_v_mean": 10.9605, "bus_v_std": 6.793, "car_acc": 2.1811, "car_dcc": 3.0165, "car_lcAssertive": 20.8962, "car_lcCooperative": 0.3699, "car_lcLookaheadLeft": 84.8969, "car_lcPushy": 0.8202, "car_lcSigma": 0.7464, "car_lcSpeedGainRight": 4.5095, "car_lcSublane": 0.908, "car_sigma": 0.8358, "car_tau_mean": 1.0256, "car_tau_std": 6.7693, "car_v_mean": 22.9436, "car_v_std": 15.0125}, "datetime": {"datetime": "2024-08-10 16:29:18", "elapsed": 14008.567267, "delta": 7.180558}}
{"target": -0.39708244424163874, "params": {"bus_acc": 1.9709, "bus_dcc": 1.5024, "bus_lcAssertive": 46.4991, "bus_lcCooperative": 0.676, "bus_lcLookaheadLeft": 56.0666, "bus_lcPushy": 0.1472, "bus_lcSigma": 0.33, "bus_lcSpeedGainRight": 1.6622, "bus_lcSublane": 0.3746, "bus_sigma": 0.7263, "bus_tau_mean": 1.8088, "bus_tau_std": 7.0595, "bus_v_mean": 21.618, "bus_v_std": 14.2201, "car_acc": 0.6676, "car_dcc": 3.241, "car_lcAssertive": 63.9791, "car_lcCooperative": 0.4354, "car_lcLookaheadLeft": 35.9739, "car_lcPushy": 0.5699, "car_lcSigma": 0.0025, "car_lcSpeedGainRight": 2.6971, "car_lcSublane": 0.3042, "car_sigma": 0.6025, "car_tau_mean": 2.928, "car_tau_std": 4.0661, "car_v_mean": 19.8137, "car_v_std": 18.1722}, "datetime": {"datetime": "2024-08-10 16:29:27", "elapsed": 14017.880962, "delta": 9.313695}}
{"target": -0.6011073566905766, "params": {"bus_acc": 3.2389, "bus_dcc": 0.9783, "bus_lcAssertive": 57.7427, "bus_lcCooperative": 0.0751, "bus_lcLookaheadLeft": 5.5094, "bus_lcPushy": 0.1931, "bus_lcSigma": 0.5204, "bus_lcSpeedGainRight": 1.1134, "bus_lcSublane": 0.5123, "bus_sigma": 0.6291, "bus_tau_mean": 1.9788, "bus_tau_std": 5.8709, "bus_v_mean": 15.47, "bus_v_std": 0.9891, "car_acc": 0.4528, "car_dcc": 3.0168, "car_lcAssertive": 48.2891, "car_lcCooperative": 0.7828, "car_lcLookaheadLeft": 80.8834, "car_lcPushy": 0.7185, "car_lcSigma": 0.5762, "car_lcSpeedGainRight": 2.8655, "car_lcSublane": 0.2191, "car_sigma": 0.197, "car_tau_mean": 3.5663, "car_tau_std": 8.2094, "car_v_mean": 20.0243, "car_v_std": 16.5292}, "datetime": {"datetime": "2024-08-10 16:29:35", "elapsed": 14025.710666, "delta": 7.829704}}
{"target": -0.42083628310916144, "params": {"bus_acc": 1.5783, "bus_dcc": 1.7137, "bus_lcAssertive": 92.5193, "bus_lcCooperative": 0.8171, "bus_lcLookaheadLeft": 64.137, "bus_lcPushy": 0.5876, "bus_lcSigma": 0.3186, "bus_lcSpeedGainRight": 0.0132, "bus_lcSublane": 0.5199, "bus_sigma": 0.9237, "bus_tau_mean": 0.6912, "bus_tau_std": 3.821, "bus_v_mean": 22.6149, "bus_v_std": 10.9566, "car_acc": 0.4744, "car_dcc": 0.3281, "car_lcAssertive": 29.8029, "car_lcCooperative": 0.1065, "car_lcLookaheadLeft": 82.5757, "car_lcPushy": 0.2533, "car_lcSigma": 0.6666, "car_lcSpeedGainRight": 3.3208, "car_lcSublane": 0.7239, "car_sigma": 0.5247, "car_tau_mean": 1.6695, "car_tau_std": 2.4424, "car_v_mean": 11.4362, "car_v_std": 7.8891}, "datetime": {"datetime": "2024-08-10 16:29:42", "elapsed": 14032.371547, "delta": 6.660881}}
{"target": -0.3664807456470065, "params": {"bus_acc": 2.921, "bus_dcc": 1.3548, "bus_lcAssertive": 6.5146, "bus_lcCooperative": 0.6242, "bus_lcLookaheadLeft": 82.9195, "bus_lcPushy": 0.0999, "bus_lcSigma": 0.7666, "bus_lcSpeedGainRight": 2.213, "bus_lcSublane": 0.7598, "bus_sigma": 0.9826, "bus_tau_mean": 0.9235, "bus_tau_std": 9.5157, "bus_v_mean": 23.6069, "bus_v_std": 15.0761, "car_acc": 2.9089, "car_dcc": 1.5874, "car_lcAssertive": 74.8119, "car_lcCooperative": 0.5803, "car_lcLookaheadLeft": 14.1249, "car_lcPushy": 0.8869, "car_lcSigma": 0.8319, "car_lcSpeedGainRight": 1.9327, "car_lcSublane": 0.5683, "car_sigma": 0.9338, "car_tau_mean": 3.3679, "car_tau_std": 3.8573, "car_v_mean": 8.2622, "car_v_std": 8.2603}, "datetime": {"datetime": "2024-08-10 16:29:49", "elapsed": 14039.882374, "delta": 7.510827}}
{"target": -0.6307324256870543, "params": {"bus_acc": 2.4787, "bus_dcc": 3.0293, "bus_lcAssertive": 30.8278, "bus_lcCooperative": 0.1018, "bus_lcLookaheadLeft": 67.3099, "bus_lcPushy": 0.2299, "bus_lcSigma": 0.9338, "bus_lcSpeedGainRight": 1.5971, "bus_lcSublane": 0.0144, "bus_sigma": 0.4931, "bus_tau_mean": 0.5769, "bus_tau_std": 6.132, "bus_v_mean": 9.4244, "bus_v_std": 10.3783, "car_acc": 0.3822, "car_dcc": 1.0167, "car_lcAssertive": 7.7289, "car_lcCooperative": 0.0637, "car_lcLookaheadLeft": 18.9755, "car_lcPushy": 0.3272, "car_lcSigma": 0.5981, "car_lcSpeedGainRight": 1.5009, "car_lcSublane": 0.1457, "car_sigma": 0.4663, "car_tau_mean": 3.6157, "car_tau_std": 1.2276, "car_v_mean": 16.928, "car_v_std": 8.6139}, "datetime": {"datetime": "2024-08-10 16:29:56", "elapsed": 14046.919284, "delta": 7.03691}}
{"target": -0.3071110114818995, "params": {"bus_acc": 1.3926, "bus_dcc": 0.8005, "bus_lcAssertive": 4.9854, "bus_lcCooperative": 0.1437, "bus_lcLookaheadLeft": 18.2034, "bus_lcPushy": 0.8882, "bus_lcSigma": 0.6236, "bus_lcSpeedGainRight": 1.1199, "bus_lcSublane": 0.6547, "bus_sigma": 0.092, "bus_tau_mean": 3.7332, "bus_tau_std": 3.8419, "bus_v_mean": 20.5984, "bus_v_std": 10.465, "car_acc": 0.48, "car_dcc": 2.3271, "car_lcAssertive": 63.9649, "car_lcCooperative": 0.511, "car_lcLookaheadLeft": 14.1178, "car_lcPushy": 0.2446, "car_lcSigma": 0.8923, "car_lcSpeedGainRight": 0.9565, "car_lcSublane": 0.1947, "car_sigma": 0.2419, "car_tau_mean": 0.732, "car_tau_std": 0.1408, "car_v_mean": 25.1232, "car_v_std": 10.0715}, "datetime": {"datetime": "2024-08-10 16:30:07", "elapsed": 14057.591826, "delta": 10.672542}}
{"target": -0.432170254388672, "params": {"bus_acc": 2.9109, "bus_dcc": 0.3961, "bus_lcAssertive": 89.9046, "bus_lcCooperative": 0.3438, "bus_lcLookaheadLeft": 98.7627, "bus_lcPushy": 0.6999, "bus_lcSigma": 0.5479, "bus_lcSpeedGainRight": 3.0373, "bus_lcSublane": 0.5928, "bus_sigma": 0.057, "bus_tau_mean": 1.4764, "bus_tau_std": 4.9601, "bus_v_mean": 24.5823, "bus_v_std": 9.5721, "car_acc": 0.8785, "car_dcc": 2.7083, "car_lcAssertive": 89.4383, "car_lcCooperative": 0.9445, "car_lcLookaheadLeft": 11.0894, "car_lcPushy": 0.9805, "car_lcSigma": 0.6871, "car_lcSpeedGainRight": 3.5179, "car_lcSublane": 0.1621, "car_sigma": 0.121, "car_tau_mean": 1.4936, "car_tau_std": 0.3214, "car_v_mean": 10.3514, "car_v_std": 7.6485}, "datetime": {"datetime": "2024-08-10 16:30:14", "elapsed": 14064.552743, "delta": 6.960917}}
{"target": -0.3497411027335849, "params": {"bus_acc": 3.3596, "bus_dcc": 2.0538, "bus_lcAssertive": 83.7515, "bus_lcCooperative": 0.4002, "bus_lcLookaheadLeft": 27.0006, "bus_lcPushy": 0.2439, "bus_lcSigma": 0.2651, "bus_lcSpeedGainRight": 1.5432, "bus_lcSublane": 0.6558, "bus_sigma": 0.509, "bus_tau_mean": 1.085, "bus_tau_std": 5.4581, "bus_v_mean": 24.1615, "bus_v_std": 1.8269, "car_acc": 1.8249, "car_dcc": 3.1171, "car_lcAssertive": 2.2793, "car_lcCooperative": 0.4106, "car_lcLookaheadLeft": 71.4502, "car_lcPushy": 0.7159, "car_lcSigma": 0.5632, "car_lcSpeedGainRight": 4.1436, "car_lcSublane": 0.1782, "car_sigma": 0.1963, "car_tau_mean": 3.8057, "car_tau_std": 3.9901, "car_v_mean": 14.9806, "car_v_std": 16.1858}, "datetime": {"datetime": "2024-08-10 16:30:21", "elapsed": 14071.775196, "delta": 7.222453}}
{"target": -0.32669337987341635, "params": {"bus_acc": 2.276, "bus_dcc": 1.056, "bus_lcAssertive": 52.9993, "bus_lcCooperative": 0.3702, "bus_lcLookaheadLeft": 65.2066, "bus_lcPushy": 0.9251, "bus_lcSigma": 0.2359, "bus_lcSpeedGainRight": 2.1628, "bus_lcSublane": 0.5741, "bus_sigma": 0.9138, "bus_tau_mean": 1.5083, "bus_tau_std": 3.4907, "bus_v_mean": 22.5614, "bus_v_std": 2.0775, "car_acc": 2.9373, "car_dcc": 2.444, "car_lcAssertive": 19.0668, "car_lcCooperative": 0.3074, "car_lcLookaheadLeft": 3.8491, "car_lcPushy": 0.0245, "car_lcSigma": 0.002, "car_lcSpeedGainRight": 1.5212, "car_lcSublane": 0.7284, "car_sigma": 0.1613, "car_tau_mean": 1.9003, "car_tau_std": 2.836, "car_v_mean": 25.4094, "car_v_std": 19.4193}, "datetime": {"datetime": "2024-08-10 16:30:33", "elapsed": 14083.686163, "delta": 11.910967}}
{"target": -0.34749148205293995, "params": {"bus_acc": 1.4995, "bus_dcc": 3.7517, "bus_lcAssertive": 22.9454, "bus_lcCooperative": 0.7454, "bus_lcLookaheadLeft": 13.8185, "bus_lcPushy": 0.8678, "bus_lcSigma": 0.712, "bus_lcSpeedGainRight": 1.295, "bus_lcSublane": 0.5803, "bus_sigma": 0.7762, "bus_tau_mean": 1.4276, "bus_tau_std": 9.5677, "bus_v_mean": 9.8352, "bus_v_std": 19.4735, "car_acc": 2.0805, "car_dcc": 1.5737, "car_lcAssertive": 45.6805, "car_lcCooperative": 0.9814, "car_lcLookaheadLeft": 49.9191, "car_lcPushy": 0.0091, "car_lcSigma": 0.5411, "car_lcSpeedGainRight": 4.0358, "car_lcSublane": 0.5592, "car_sigma": 0.0018, "car_tau_mean": 3.836, "car_tau_std": 3.9111, "car_v_mean": 25.4527, "car_v_std": 15.3419}, "datetime": {"datetime": "2024-08-10 16:30:40", "elapsed": 14090.721955, "delta": 7.035792}}
{"target": -0.3692333383113244, "params": {"bus_acc": 2.3746, "bus_dcc": 1.6909, "bus_lcAssertive": 96.1621, "bus_lcCooperative": 0.3777, "bus_lcLookaheadLeft": 62.347, "bus_lcPushy": 0.594, "bus_lcSigma": 0.6639, "bus_lcSpeedGainRight": 4.6003, "bus_lcSublane": 0.1391, "bus_sigma": 0.0849, "bus_tau_mean": 2.4568, "bus_tau_std": 4.0832, "bus_v_mean": 20.6634, "bus_v_std": 13.2193, "car_acc": 1.086, "car_dcc": 3.3601, "car_lcAssertive": 50.0471, "car_lcCooperative": 0.696, "car_lcLookaheadLeft": 54.8087, "car_lcPushy": 0.1459, "car_lcSigma": 0.9983, "car_lcSpeedGainRight": 3.7041, "car_lcSublane": 0.6871, "car_sigma": 0.0272, "car_tau_mean": 2.8092, "car_tau_std": 1.7857, "car_v_mean": 21.9996, "car_v_std": 17.313}, "datetime": {"datetime": "2024-08-10 16:30:48", "elapsed": 14098.406704, "delta": 7.684749}}
{"target": -0.5397783714035903, "params": {"bus_acc": 0.4861, "bus_dcc": 0.5444, "bus_lcAssertive": 99.4813, "bus_lcCooperative": 0.2932, "bus_lcLookaheadLeft": 75.6029, "bus_lcPushy": 0.6576, "bus_lcSigma": 0.1677, "bus_lcSpeedGainRight": 3.2312, "bus_lcSublane": 0.7363, "bus_sigma": 0.1058, "bus_tau_mean": 1.1659, "bus_tau_std": 9.2246, "bus_v_mean": 19.7828, "bus_v_std": 4.5562, "car_acc": 0.9575, "car_dcc": 1.4779, "car_lcAssertive": 58.7856, "car_lcCooperative": 0.2001, "car_lcLookaheadLeft": 91.2088, "car_lcPushy": 0.2487, "car_lcSigma": 0.6002, "car_lcSpeedGainRight": 4.7442, "car_lcSublane": 0.8492, "car_sigma": 0.0088, "car_tau_mean": 2.4756, "car_tau_std": 2.2261, "car_v_mean": 18.1121, "car_v_std": 13.9199}, "datetime": {"datetime": "2024-08-10 16:31:01", "elapsed": 14111.619421, "delta": 13.212717}}
{"target": -0.3374143247372388, "params": {"bus_acc": 2.6639, "bus_dcc": 2.8442, "bus_lcAssertive": 37.6153, "bus_lcCooperative": 0.0521, "bus_lcLookaheadLeft": 18.6445, "bus_lcPushy": 0.2241, "bus_lcSigma": 0.2573, "bus_lcSpeedGainRight": 2.4657, "bus_lcSublane": 0.3509, "bus_sigma": 0.7464, "bus_tau_mean": 3.6749, "bus_tau_std": 6.8865, "bus_v_mean": 10.0479, "bus_v_std": 6.6, "car_acc": 1.6627, "car_dcc": 2.0003, "car_lcAssertive": 94.9094, "car_lcCooperative": 0.386, "car_lcLookaheadLeft": 2.3701, "car_lcPushy": 0.9406, "car_lcSigma": 0.6363, "car_lcSpeedGainRight": 2.4383, "car_lcSublane": 0.2796, "car_sigma": 0.2817, "car_tau_mean": 1.913, "car_tau_std": 6.7736, "car_v_mean": 20.836, "car_v_std": 4.1961}, "datetime": {"datetime": "2024-08-10 16:31:07", "elapsed": 14117.992009, "delta": 6.372588}}
{"target": -0.29149691766424574, "params": {"bus_acc": 3.7217, "bus_dcc": 3.3718, "bus_lcAssertive": 79.8742, "bus_lcCooperative": 0.9861, "bus_lcLookaheadLeft": 2.1055, "bus_lcPushy": 0.5883, "bus_lcSigma": 0.5054, "bus_lcSpeedGainRight": 2.3548, "bus_lcSublane": 0.3313, "bus_sigma": 0.2546, "bus_tau_mean": 2.6748, "bus_tau_std": 4.0496, "bus_v_mean": 18.5332, "bus_v_std": 14.4738, "car_acc": 1.4274, "car_dcc": 0.8278, "car_lcAssertive": 88.758, "car_lcCooperative": 0.3182, "car_lcLookaheadLeft": 25.1199, "car_lcPushy": 0.4719, "car_lcSigma": 0.0291, "car_lcSpeedGainRight": 4.1563, "car_lcSublane": 0.2065, "car_sigma": 0.9548, "car_tau_mean": 0.7067, "car_tau_std": 9.5114, "car_v_mean": 9.2938, "car_v_std": 5.7705}, "datetime": {"datetime": "2024-08-10 16:31:18", "elapsed": 14128.516935, "delta": 10.524926}}
{"target": -0.5203467912610225, "params": {"bus_acc": 2.3731, "bus_dcc": 3.155, "bus_lcAssertive": 3.4527, "bus_lcCooperative": 0.1113, "bus_lcLookaheadLeft": 4.9537, "bus_lcPushy": 0.0813, "bus_lcSigma": 0.0596, "bus_lcSpeedGainRight": 3.6793, "bus_lcSublane": 0.5302, "bus_sigma": 0.2821, "bus_tau_mean": 1.1497, "bus_tau_std": 2.5557, "bus_v_mean": 20.7128, "bus_v_std": 4.1187, "car_acc": 1.8659, "car_dcc": 0.8391, "car_lcAssertive": 93.9607, "car_lcCooperative": 0.0843, "car_lcLookaheadLeft": 84.2344, "car_lcPushy": 0.2271, "car_lcSigma": 0.6632, "car_lcSpeedGainRight": 1.8149, "car_lcSublane": 0.5764, "car_sigma": 0.4238, "car_tau_mean": 1.608, "car_tau_std": 0.5901, "car_v_mean": 16.1999, "car_v_std": 1.2522}, "datetime": {"datetime": "2024-08-10 16:31:31", "elapsed": 14141.513628, "delta": 12.996693}}
{"target": -0.3740929258148735, "params": {"bus_acc": 2.4592, "bus_dcc": 1.7761, "bus_lcAssertive": 77.5256, "bus_lcCooperative": 0.4828, "bus_lcLookaheadLeft": 47.0006, "bus_lcPushy": 0.5178, "bus_lcSigma": 0.6527, "bus_lcSpeedGainRight": 3.2117, "bus_lcSublane": 0.8914, "bus_sigma": 0.9283, "bus_tau_mean": 1.1501, "bus_tau_std": 3.2275, "bus_v_mean": 17.3613, "bus_v_std": 1.605, "car_acc": 1.9426, "car_dcc": 3.1902, "car_lcAssertive": 56.2701, "car_lcCooperative": 0.0647, "car_lcLookaheadLeft": 93.7499, "car_lcPushy": 0.5528, "car_lcSigma": 0.308, "car_lcSpeedGainRight": 4.6896, "car_lcSublane": 0.8376, "car_sigma": 0.3889, "car_tau_mean": 1.6705, "car_tau_std": 8.0489, "car_v_mean": 21.793, "car_v_std": 19.3474}, "datetime": {"datetime": "2024-08-10 16:31:39", "elapsed": 14149.595053, "delta": 8.081425}}
{"target": -0.30755631891889146, "params": {"bus_acc": 1.0968, "bus_dcc": 0.6275, "bus_lcAssertive": 26.7459, "bus_lcCooperative": 0.1206, "bus_lcLookaheadLeft": 20.1528, "bus_lcPushy": 0.1524, "bus_lcSigma": 0.6907, "bus_lcSpeedGainRight": 0.3912, "bus_lcSublane": 0.0111, "bus_sigma": 0.9262, "bus_tau_mean": 2.1262, "bus_tau_std": 4.4229, "bus_v_mean": 21.6999, "bus_v_std": 15.537, "car_acc": 2.8301, "car_dcc": 3.8823, "car_lcAssertive": 90.6461, "car_lcCooperative": 0.2499, "car_lcLookaheadLeft": 53.3862, "car_lcPushy": 0.2202, "car_lcSigma": 0.8627, "car_lcSpeedGainRight": 0.6779, "car_lcSublane": 0.9747, "car_sigma": 0.0656, "car_tau_mean": 2.1294, "car_tau_std": 4.7266, "car_v_mean": 23.5942, "car_v_std": 13.2339}, "datetime": {"datetime": "2024-08-10 16:31:54", "elapsed": 14164.403537, "delta": 14.808484}}
{"target": -1.0067621779274327, "params": {"bus_acc": 2.9264, "bus_dcc": 1.4123, "bus_lcAssertive": 6.5971, "bus_lcCooperative": 0.1643, "bus_lcLookaheadLeft": 34.3405, "bus_lcPushy": 0.4098, "bus_lcSigma": 0.3883, "bus_lcSpeedGainRight": 1.9671, "bus_lcSublane": 0.1959, "bus_sigma": 0.2645, "bus_tau_mean": 2.6481, "bus_tau_std": 8.8957, "bus_v_mean": 18.2392, "bus_v_std": 6.76, "car_acc": 0.2518, "car_dcc": 1.8452, "car_lcAssertive": 72.081, "car_lcCooperative": 0.0803, "car_lcLookaheadLeft": 37.8531, "car_lcPushy": 0.4596, "car_lcSigma": 0.3072, "car_lcSpeedGainRight": 3.1361, "car_lcSublane": 0.743, "car_sigma": 0.6094, "car_tau_mean": 2.5892, "car_tau_std": 8.0492, "car_v_mean": 9.4102, "car_v_std": 6.6101}, "datetime": {"datetime": "2024-08-10 16:32:01", "elapsed": 14171.372791, "delta": 6.969254}}
{"target": -0.2766894700242097, "params": {"bus_acc": 1.5657, "bus_dcc": 2.0252, "bus_lcAssertive": 52.1485, "bus_lcCooperative": 0.7361, "bus_lcLookaheadLeft": 77.6103, "bus_lcPushy": 0.318, "bus_lcSigma": 0.366, "bus_lcSpeedGainRight": 2.4612, "bus_lcSublane": 0.0768, "bus_sigma": 0.2012, "bus_tau_mean": 2.1383, "bus_tau_std": 7.9373, "bus_v_mean": 18.1645, "bus_v_std": 19.8763, "car_acc": 2.6015, "car_dcc": 0.3421, "car_lcAssertive": 4.7687, "car_lcCooperative": 0.6492, "car_lcLookaheadLeft": 73.6895, "car_lcPushy": 0.4318, "car_lcSigma": 0.3846, "car_lcSpeedGainRight": 3.9289, "car_lcSublane": 0.6807, "car_sigma": 0.5168, "car_tau_mean": 3.5475, "car_tau_std": 5.4354, "car_v_mean": 24.5597, "car_v_std": 11.4448}, "datetime": {"datetime": "2024-08-10 16:32:11", "elapsed": 14181.796242, "delta": 10.423451}}
{"target": -0.35269865803467737, "params": {"bus_acc": 3.0146, "bus_dcc": 1.2978, "bus_lcAssertive": 44.9845, "bus_lcCooperative": 0.1421, "bus_lcLookaheadLeft": 3.6523, "bus_lcPushy": 0.5219, "bus_lcSigma": 0.6155, "bus_lcSpeedGainRight": 1.477, "bus_lcSublane": 0.0685, "bus_sigma": 0.1595, "bus_tau_mean": 2.4097, "bus_tau_std": 6.8038, "bus_v_mean": 12.4472, "bus_v_std": 6.7268, "car_acc": 1.6448, "car_dcc": 1.6034, "car_lcAssertive": 42.5005, "car_lcCooperative": 0.4994, "car_lcLookaheadLeft": 79.6626, "car_lcPushy": 0.4961, "car_lcSigma": 0.985, "car_lcSpeedGainRight": 1.4544, "car_lcSublane": 0.0255, "car_sigma": 0.1527, "car_tau_mean": 3.8406, "car_tau_std": 8.4139, "car_v_mean": 9.4531, "car_v_std": 17.0452}, "datetime": {"datetime": "2024-08-10 16:32:19", "elapsed": 14189.578889, "delta": 7.782647}}
{"target": -0.3107622314885624, "params": {"bus_acc": 0.574, "bus_dcc": 2.8479, "bus_lcAssertive": 85.0898, "bus_lcCooperative": 0.6364, "bus_lcLookaheadLeft": 9.998, "bus_lcPushy": 0.0501, "bus_lcSigma": 0.4112, "bus_lcSpeedGainRight": 3.1529, "bus_lcSublane": 0.9087, "bus_sigma": 0.1644, "bus_tau_mean": 0.7072, "bus_tau_std": 9.4304, "bus_v_mean": 20.3703, "bus_v_std": 18.2875, "car_acc": 1.3699, "car_dcc": 0.8293, "car_lcAssertive": 96.1587, "car_lcCooperative": 0.6772, "car_lcLookaheadLeft": 44.4606, "car_lcPushy": 0.3924, "car_lcSigma": 0.4488, "car_lcSpeedGainRight": 3.6395, "car_lcSublane": 0.9168, "car_sigma": 0.1361, "car_tau_mean": 2.1274, "car_tau_std": 0.6919, "car_v_mean": 9.255, "car_v_std": 16.7529}, "datetime": {"datetime": "2024-08-10 16:32:26", "elapsed": 14196.9659, "delta": 7.387011}}
{"target": -0.3006125833243285, "params": {"bus_acc": 2.6703, "bus_dcc": 1.8429, "bus_lcAssertive": 95.938, "bus_lcCooperative": 0.8421, "bus_lcLookaheadLeft": 53.1573, "bus_lcPushy": 0.4435, "bus_lcSigma": 0.4248, "bus_lcSpeedGainRight": 0.6496, "bus_lcSublane": 0.4259, "bus_sigma": 0.3601, "bus_tau_mean": 0.5686, "bus_tau_std": 1.4682, "bus_v_mean": 13.6454, "bus_v_std": 4.6696, "car_acc": 3.4652, "car_dcc": 3.0228, "car_lcAssertive": 89.2861, "car_lcCooperative": 0.1422, "car_lcLookaheadLeft": 26.4822, "car_lcPushy": 0.6732, "car_lcSigma": 0.4911, "car_lcSpeedGainRight": 0.1609, "car_lcSublane": 0.6193, "car_sigma": 0.3704, "car_tau_mean": 3.0679, "car_tau_std": 2.593, "car_v_mean": 12.3996, "car_v_std": 11.0658}, "datetime": {"datetime": "2024-08-10 16:32:37", "elapsed": 14207.802516, "delta": 10.836616}}
{"target": -0.29871558729182873, "params": {"bus_acc": 0.4565, "bus_dcc": 1.2855, "bus_lcAssertive": 3.76, "bus_lcCooperative": 0.6885, "bus_lcLookaheadLeft": 14.4384, "bus_lcPushy": 0.1638, "bus_lcSigma": 0.4108, "bus_lcSpeedGainRight": 4.4665, "bus_lcSublane": 0.5092, "bus_sigma": 0.9336, "bus_tau_mean": 1.0537, "bus_tau_std": 7.7207, "bus_v_mean": 20.7558, "bus_v_std": 13.5538, "car_acc": 3.8991, "car_dcc": 1.2513, "car_lcAssertive": 99.3863, "car_lcCooperative": 0.4564, "car_lcLookaheadLeft": 11.7447, "car_lcPushy": 0.39, "car_lcSigma": 0.8943, "car_lcSpeedGainRight": 4.3964, "car_lcSublane": 0.0384, "car_sigma": 0.7145, "car_tau_mean": 2.3379, "car_tau_std": 4.4127, "car_v_mean": 17.8799, "car_v_std": 17.7769}, "datetime": {"datetime": "2024-08-10 16:32:45", "elapsed": 14215.222967, "delta": 7.420451}}
