{"target": -0.8144655265070933, "params": {"bus_acc": 3.1796, "bus_dcc": 1.9544, "bus_lcAssertive": 88.7983, "bus_lcCooperative": 0.6494, "bus_lcLookaheadLeft": 12.6749, "bus_lcPushy": 0.3026, "bus_lcSigma": 0.4305, "bus_lcSpeedGainRight": 0.5301, "bus_lcSublane": 0.3606, "bus_sigma": 0.1211, "bus_tau_mean": 3.4497, "bus_tau_std": 4.7845, "bus_v_mean": 20.674, "bus_v_std": 3.637, "car_acc": 0.5194, "car_dcc": 1.9367, "car_lcAssertive": 38.2162, "car_lcCooperative": 0.1923, "car_lcLookaheadLeft": 68.3597, "car_lcPushy": 0.2673, "car_lcSigma": 0.5147, "car_lcSpeedGainRight": 1.5614, "car_lcSublane": 0.619, "car_sigma": 0.5101, "car_tau_mean": 3.2003, "car_tau_std": 0.0573, "car_v_mean": 9.4047, "car_v_std": 5.167}, "datetime": {"datetime": "2024-08-10 14:31:05", "elapsed": 6915.209742, "delta": 8.034088}}
{"target": -0.24963853744950049, "params": {"bus_acc": 0.9975, "bus_dcc": 2.0647, "bus_lcAssertive": 8.1884, "bus_lcCooperative": 0.0501, "bus_lcLookaheadLeft": 52.2212, "bus_lcPushy": 0.173, "bus_lcSigma": 0.7718, "bus_lcSpeedGainRight": 4.9959, "bus_lcSublane": 0.3081, "bus_sigma": 0.7493, "bus_tau_mean": 2.3209, "bus_tau_std": 7.7623, "bus_v_mean": 15.6826, "bus_v_std": 11.328, "car_acc": 2.4399, "car_dcc": 0.3935, "car_lcAssertive": 39.4137, "car_lcCooperative": 0.311, "car_lcLookaheadLeft": 11.271, "car_lcPushy": 0.526, "car_lcSigma": 0.37, "car_lcSpeedGainRight": 2.5311, "car_lcSublane": 0.2933, "car_sigma": 0.8725, "car_tau_mean": 2.4368, "car_tau_std": 3.2091, "car_v_mean": 16.3867, "car_v_std": 12.0256}, "datetime": {"datetime": "2024-08-10 14:31:11", "elapsed": 6921.414907, "delta": 6.205165}}
{"target": -0.3764001934205427, "params": {"bus_acc": 2.4419, "bus_dcc": 1.6184, "bus_lcAssertive": 15.3345, "bus_lcCooperative": 0.9393, "bus_lcLookaheadLeft": 75.7097, "bus_lcPushy": 0.1052, "bus_lcSigma": 0.792, "bus_lcSpeedGainRight": 3.5916, "bus_lcSublane": 0.1172, "bus_sigma": 0.4566, "bus_tau_mean": 0.6825, "bus_tau_std": 5.6483, "bus_v_mean": 24.2651, "bus_v_std": 4.2766, "car_acc": 0.9804, "car_dcc": 1.9906, "car_lcAssertive": 6.7914, "car_lcCooperative": 0.9169, "car_lcLookaheadLeft": 81.7925, "car_lcPushy": 0.5688, "car_lcSigma": 0.1455, "car_lcSpeedGainRight": 2.3674, "car_lcSublane": 0.3574, "car_sigma": 0.3895, "car_tau_mean": 3.0648, "car_tau_std": 7.775, "car_v_mean": 16.4407, "car_v_std": 2.1595}, "datetime": {"datetime": "2024-08-10 14:31:16", "elapsed": 6926.918323, "delta": 5.503416}}
{"target": -0.3744823498858263, "params": {"bus_acc": 2.2884, "bus_dcc": 3.6304, "bus_lcAssertive": 94.7712, "bus_lcCooperative": 0.2929, "bus_lcLookaheadLeft": 57.1983, "bus_lcPushy": 0.9332, "bus_lcSigma": 0.899, "bus_lcSpeedGainRight": 2.7338, "bus_lcSublane": 0.5304, "bus_sigma": 0.8307, "bus_tau_mean": 1.8099, "bus_tau_std": 8.9454, "bus_v_mean": 12.4254, "bus_v_std": 9.7391, "car_acc": 3.7731, "car_dcc": 2.1805, "car_lcAssertive": 34.2211, "car_lcCooperative": 0.9298, "car_lcLookaheadLeft": 95.1975, "car_lcPushy": 0.4541, "car_lcSigma": 0.9515, "car_lcSpeedGainRight": 1.8059, "car_lcSublane": 0.4773, "car_sigma": 0.504, "car_tau_mean": 3.5202, "car_tau_std": 2.5752, "car_v_mean": 19.2989, "car_v_std": 1.1301}, "datetime": {"datetime": "2024-08-10 14:31:20", "elapsed": 6930.868487, "delta": 3.950164}}
{"target": -0.314379999187771, "params": {"bus_acc": 1.9242, "bus_dcc": 1.7491, "bus_lcAssertive": 85.9132, "bus_lcCooperative": 0.4478, "bus_lcLookaheadLeft": 96.1041, "bus_lcPushy": 0.008, "bus_lcSigma": 0.1155, "bus_lcSpeedGainRight": 3.2986, "bus_lcSublane": 0.3806, "bus_sigma": 0.8867, "bus_tau_mean": 3.3392, "bus_tau_std": 6.1311, "bus_v_mean": 24.7973, "bus_v_std": 7.6147, "car_acc": 3.5547, "car_dcc": 3.8711, "car_lcAssertive": 5.3073, "car_lcCooperative": 0.3445, "car_lcLookaheadLeft": 69.9258, "car_lcPushy": 0.3385, "car_lcSigma": 0.436, "car_lcSpeedGainRight": 0.4068, "car_lcSublane": 0.3899, "car_sigma": 0.2363, "car_tau_mean": 2.2725, "car_tau_std": 4.262, "car_v_mean": 12.9634, "car_v_std": 3.0151}, "datetime": {"datetime": "2024-08-10 14:31:25", "elapsed": 6935.467793, "delta": 4.599306}}
{"target": -0.29369426900119683, "params": {"bus_acc": 2.0145, "bus_dcc": 1.4993, "bus_lcAssertive": 50.8554, "bus_lcCooperative": 0.0673, "bus_lcLookaheadLeft": 54.3673, "bus_lcPushy": 0.6866, "bus_lcSigma": 0.1668, "bus_lcSpeedGainRight": 1.103, "bus_lcSublane": 0.5034, "bus_sigma": 0.4782, "bus_tau_mean": 3.4588, "bus_tau_std": 9.067, "bus_v_mean": 23.5843, "bus_v_std": 17.8908, "car_acc": 3.6668, "car_dcc": 0.2262, "car_lcAssertive": 52.5451, "car_lcCooperative": 0.2832, "car_lcLookaheadLeft": 2.9007, "car_lcPushy": 0.7514, "car_lcSigma": 0.4139, "car_lcSpeedGainRight": 3.4893, "car_lcSublane": 0.5871, "car_sigma": 0.6586, "car_tau_mean": 2.0655, "car_tau_std": 8.8664, "car_v_mean": 12.3036, "car_v_std": 10.2864}, "datetime": {"datetime": "2024-08-10 14:31:31", "elapsed": 6941.259999, "delta": 5.792206}}
{"target": -0.41592921425534746, "params": {"bus_acc": 2.6193, "bus_dcc": 3.0979, "bus_lcAssertive": 49.8157, "bus_lcCooperative": 0.6244, "bus_lcLookaheadLeft": 86.3276, "bus_lcPushy": 0.1565, "bus_lcSigma": 0.5331, "bus_lcSpeedGainRight": 2.0543, "bus_lcSublane": 0.5066, "bus_sigma": 0.8055, "bus_tau_mean": 0.7478, "bus_tau_std": 3.926, "bus_v_mean": 13.7593, "bus_v_std": 8.2002, "car_acc": 1.2368, "car_dcc": 3.0494, "car_lcAssertive": 66.6976, "car_lcCooperative": 0.4678, "car_lcLookaheadLeft": 24.5363, "car_lcPushy": 0.3875, "car_lcSigma": 0.2078, "car_lcSpeedGainRight": 2.6596, "car_lcSublane": 0.0431, "car_sigma": 0.1716, "car_tau_mean": 3.0638, "car_tau_std": 8.7112, "car_v_mean": 8.7036, "car_v_std": 11.5776}, "datetime": {"datetime": "2024-08-10 14:31:35", "elapsed": 6945.816523, "delta": 4.556524}}
{"target": -0.3466465777013647, "params": {"bus_acc": 3.7974, "bus_dcc": 2.3411, "bus_lcAssertive": 78.0073, "bus_lcCooperative": 0.3889, "bus_lcLookaheadLeft": 42.2239, "bus_lcPushy": 0.1867, "bus_lcSigma": 0.942, "bus_lcSpeedGainRight": 0.6949, "bus_lcSublane": 0.2541, "bus_sigma": 0.0813, "bus_tau_mean": 1.4781, "bus_tau_std": 7.0016, "bus_v_mean": 19.3251, "bus_v_std": 1.3427, "car_acc": 1.7904, "car_dcc": 1.4042, "car_lcAssertive": 35.8763, "car_lcCooperative": 0.4631, "car_lcLookaheadLeft": 24.2565, "car_lcPushy": 0.8183, "car_lcSigma": 0.7279, "car_lcSpeedGainRight": 2.7377, "car_lcSublane": 0.0818, "car_sigma": 0.1445, "car_tau_mean": 1.1615, "car_tau_std": 9.9159, "car_v_mean": 13.3771, "car_v_std": 14.1442}, "datetime": {"datetime": "2024-08-10 14:31:45", "elapsed": 6955.986596, "delta": 10.170073}}
{"target": -0.4433423321870209, "params": {"bus_acc": 2.8078, "bus_dcc": 0.7441, "bus_lcAssertive": 83.5109, "bus_lcCooperative": 0.9668, "bus_lcLookaheadLeft": 92.346, "bus_lcPushy": 0.8618, "bus_lcSigma": 0.6317, "bus_lcSpeedGainRight": 4.3895, "bus_lcSublane": 0.1457, "bus_sigma": 0.3139, "bus_tau_mean": 0.7042, "bus_tau_std": 1.2643, "bus_v_mean": 22.3913, "bus_v_std": 14.0656, "car_acc": 0.9072, "car_dcc": 2.2116, "car_lcAssertive": 73.178, "car_lcCooperative": 0.9574, "car_lcLookaheadLeft": 79.917, "car_lcPushy": 0.6516, "car_lcSigma": 0.4451, "car_lcSpeedGainRight": 4.3098, "car_lcSublane": 0.1623, "car_sigma": 0.8236, "car_tau_mean": 2.2027, "car_tau_std": 1.5909, "car_v_mean": 15.2973, "car_v_std": 11.5745}, "datetime": {"datetime": "2024-08-10 14:31:50", "elapsed": 6961.054408, "delta": 5.067812}}
{"target": -0.3421623014348676, "params": {"bus_acc": 1.2124, "bus_dcc": 3.3888, "bus_lcAssertive": 34.393, "bus_lcCooperative": 0.3122, "bus_lcLookaheadLeft": 93.3781, "bus_lcPushy": 0.7023, "bus_lcSigma": 0.2355, "bus_lcSpeedGainRight": 1.0754, "bus_lcSublane": 0.5817, "bus_sigma": 0.6483, "bus_tau_mean": 3.8515, "bus_tau_std": 1.8248, "bus_v_mean": 14.5242, "bus_v_std": 10.3346, "car_acc": 3.0556, "car_dcc": 1.7526, "car_lcAssertive": 81.8629, "car_lcCooperative": 0.1342, "car_lcLookaheadLeft": 64.4041, "car_lcPushy": 0.8141, "car_lcSigma": 0.9466, "car_lcSpeedGainRight": 1.611, "car_lcSublane": 0.0225, "car_sigma": 0.1988, "car_tau_mean": 2.1594, "car_tau_std": 6.135, "car_v_mean": 21.3868, "car_v_std": 10.2498}, "datetime": {"datetime": "2024-08-10 14:31:56", "elapsed": 6966.650545, "delta": 5.596137}}
{"target": -0.4777850126991597, "params": {"bus_acc": 1.5682, "bus_dcc": 1.5601, "bus_lcAssertive": 50.0553, "bus_lcCooperative": 0.314, "bus_lcLookaheadLeft": 86.0359, "bus_lcPushy": 0.7594, "bus_lcSigma": 0.6379, "bus_lcSpeedGainRight": 0.7885, "bus_lcSublane": 0.3075, "bus_sigma": 0.2203, "bus_tau_mean": 2.7024, "bus_tau_std": 3.0813, "bus_v_mean": 12.4492, "bus_v_std": 9.5334, "car_acc": 0.952, "car_dcc": 1.9334, "car_lcAssertive": 62.3381, "car_lcCooperative": 0.4644, "car_lcLookaheadLeft": 7.8171, "car_lcPushy": 0.7421, "car_lcSigma": 0.0728, "car_lcSpeedGainRight": 2.6874, "car_lcSublane": 0.0092, "car_sigma": 0.7328, "car_tau_mean": 3.4123, "car_tau_std": 6.7577, "car_v_mean": 18.0516, "car_v_std": 8.0283}, "datetime": {"datetime": "2024-08-10 14:32:01", "elapsed": 6971.756491, "delta": 5.105946}}
{"target": -0.3514923193425321, "params": {"bus_acc": 2.2148, "bus_dcc": 2.881, "bus_lcAssertive": 6.1714, "bus_lcCooperative": 0.0087, "bus_lcLookaheadLeft": 78.3459, "bus_lcPushy": 0.4391, "bus_lcSigma": 0.3323, "bus_lcSpeedGainRight": 1.8155, "bus_lcSublane": 0.4741, "bus_sigma": 0.255, "bus_tau_mean": 3.703, "bus_tau_std": 6.4297, "bus_v_mean": 23.9057, "bus_v_std": 7.5186, "car_acc": 2.1711, "car_dcc": 1.9836, "car_lcAssertive": 23.6379, "car_lcCooperative": 0.1474, "car_lcLookaheadLeft": 50.9266, "car_lcPushy": 0.4198, "car_lcSigma": 0.0465, "car_lcSpeedGainRight": 1.4463, "car_lcSublane": 0.386, "car_sigma": 0.0058, "car_tau_mean": 0.9609, "car_tau_std": 5.9527, "car_v_mean": 22.1206, "car_v_std": 8.3838}, "datetime": {"datetime": "2024-08-10 14:32:06", "elapsed": 6976.644115, "delta": 4.887624}}
{"target": -0.5596894335413222, "params": {"bus_acc": 1.1158, "bus_dcc": 1.1293, "bus_lcAssertive": 59.9135, "bus_lcCooperative": 0.2583, "bus_lcLookaheadLeft": 24.9007, "bus_lcPushy": 0.1634, "bus_lcSigma": 0.8421, "bus_lcSpeedGainRight": 3.1504, "bus_lcSublane": 0.2294, "bus_sigma": 0.741, "bus_tau_mean": 1.1248, "bus_tau_std": 1.0335, "bus_v_mean": 22.2091, "bus_v_std": 14.5819, "car_acc": 0.3232, "car_dcc": 2.8435, "car_lcAssertive": 17.89, "car_lcCooperative": 0.0458, "car_lcLookaheadLeft": 69.4598, "car_lcPushy": 0.7984, "car_lcSigma": 0.0739, "car_lcSpeedGainRight": 4.0798, "car_lcSublane": 0.8245, "car_sigma": 0.453, "car_tau_mean": 2.4081, "car_tau_std": 0.0375, "car_v_mean": 9.1974, "car_v_std": 4.9103}, "datetime": {"datetime": "2024-08-10 14:32:12", "elapsed": 6982.781953, "delta": 6.137838}}
{"target": -0.3677489499606527, "params": {"bus_acc": 2.356, "bus_dcc": 3.5928, "bus_lcAssertive": 28.7657, "bus_lcCooperative": 0.6937, "bus_lcLookaheadLeft": 84.8677, "bus_lcPushy": 0.9817, "bus_lcSigma": 0.8007, "bus_lcSpeedGainRight": 2.8437, "bus_lcSublane": 0.3039, "bus_sigma": 0.1037, "bus_tau_mean": 2.3511, "bus_tau_std": 9.4123, "bus_v_mean": 8.2471, "bus_v_std": 18.9135, "car_acc": 0.9896, "car_dcc": 1.7297, "car_lcAssertive": 71.7038, "car_lcCooperative": 0.2585, "car_lcLookaheadLeft": 60.5049, "car_lcPushy": 0.9468, "car_lcSigma": 0.4554, "car_lcSpeedGainRight": 3.0197, "car_lcSublane": 0.8045, "car_sigma": 0.3228, "car_tau_mean": 3.2586, "car_tau_std": 8.4879, "car_v_mean": 13.5464, "car_v_std": 6.0675}, "datetime": {"datetime": "2024-08-10 14:32:17", "elapsed": 6987.675013, "delta": 4.89306}}
{"target": -0.3542681568466952, "params": {"bus_acc": 2.3158, "bus_dcc": 0.5699, "bus_lcAssertive": 84.8453, "bus_lcCooperative": 0.9581, "bus_lcLookaheadLeft": 9.558, "bus_lcPushy": 0.5246, "bus_lcSigma": 0.8946, "bus_lcSpeedGainRight": 3.4094, "bus_lcSublane": 0.3492, "bus_sigma": 0.6811, "bus_tau_mean": 0.594, "bus_tau_std": 3.1398, "bus_v_mean": 23.8522, "bus_v_std": 7.3903, "car_acc": 2.5082, "car_dcc": 3.8378, "car_lcAssertive": 26.0905, "car_lcCooperative": 0.4074, "car_lcLookaheadLeft": 93.0639, "car_lcPushy": 0.8092, "car_lcSigma": 0.5986, "car_lcSpeedGainRight": 3.7678, "car_lcSublane": 0.5908, "car_sigma": 0.6574, "car_tau_mean": 2.6631, "car_tau_std": 2.1029, "car_v_mean": 20.9138, "car_v_std": 15.5928}, "datetime": {"datetime": "2024-08-10 14:32:24", "elapsed": 6994.587221, "delta": 6.912208}}
{"target": -0.2988958766120304, "params": {"bus_acc": 3.3977, "bus_dcc": 0.3731, "bus_lcAssertive": 25.6143, "bus_lcCooperative": 0.3062, "bus_lcLookaheadLeft": 68.5112, "bus_lcPushy": 0.4029, "bus_lcSigma": 0.8857, "bus_lcSpeedGainRight": 0.4526, "bus_lcSublane": 0.5435, "bus_sigma": 0.2564, "bus_tau_mean": 1.8499, "bus_tau_std": 8.7238, "bus_v_mean": 8.3252, "bus_v_std": 7.6767, "car_acc": 2.3808, "car_dcc": 2.1051, "car_lcAssertive": 81.2376, "car_lcCooperative": 0.0522, "car_lcLookaheadLeft": 38.9837, "car_lcPushy": 0.7403, "car_lcSigma": 0.7398, "car_lcSpeedGainRight": 4.2853, "car_lcSublane": 0.5208, "car_sigma": 0.524, "car_tau_mean": 3.5059, "car_tau_std": 0.7604, "car_v_mean": 25.5661, "car_v_std": 12.2762}, "datetime": {"datetime": "2024-08-10 14:32:34", "elapsed": 7005.020215, "delta": 10.432994}}
{"target": -0.3677826012385272, "params": {"bus_acc": 0.5958, "bus_dcc": 1.9802, "bus_lcAssertive": 7.6164, "bus_lcCooperative": 0.2923, "bus_lcLookaheadLeft": 2.4684, "bus_lcPushy": 0.819, "bus_lcSigma": 0.7442, "bus_lcSpeedGainRight": 0.9765, "bus_lcSublane": 0.2194, "bus_sigma": 0.0066, "bus_tau_mean": 0.6793, "bus_tau_std": 1.4061, "bus_v_mean": 19.6698, "bus_v_std": 19.6711, "car_acc": 1.126, "car_dcc": 2.7613, "car_lcAssertive": 19.4438, "car_lcCooperative": 0.027, "car_lcLookaheadLeft": 65.8893, "car_lcPushy": 0.7546, "car_lcSigma": 0.1462, "car_lcSpeedGainRight": 2.5462, "car_lcSublane": 0.1785, "car_sigma": 0.3711, "car_tau_mean": 3.5027, "car_tau_std": 6.0022, "car_v_mean": 20.4081, "car_v_std": 4.9366}, "datetime": {"datetime": "2024-08-10 14:32:43", "elapsed": 7013.429299, "delta": 8.409084}}
{"target": -0.5668532558859363, "params": {"bus_acc": 1.8369, "bus_dcc": 3.1565, "bus_lcAssertive": 99.6006, "bus_lcCooperative": 0.1074, "bus_lcLookaheadLeft": 31.1928, "bus_lcPushy": 0.3578, "bus_lcSigma": 0.8421, "bus_lcSpeedGainRight": 3.8634, "bus_lcSublane": 0.5323, "bus_sigma": 0.1395, "bus_tau_mean": 2.0601, "bus_tau_std": 0.1583, "bus_v_mean": 15.4247, "bus_v_std": 11.4533, "car_acc": 0.6333, "car_dcc": 2.6541, "car_lcAssertive": 63.9699, "car_lcCooperative": 0.4052, "car_lcLookaheadLeft": 53.796, "car_lcPushy": 0.6779, "car_lcSigma": 0.4341, "car_lcSpeedGainRight": 3.0097, "car_lcSublane": 0.3923, "car_sigma": 0.2685, "car_tau_mean": 0.8261, "car_tau_std": 8.5928, "car_v_mean": 23.9623, "car_v_std": 5.9998}, "datetime": {"datetime": "2024-08-10 14:32:48", "elapsed": 7018.313957, "delta": 4.884658}}
{"target": -0.3715227460659761, "params": {"bus_acc": 0.5281, "bus_dcc": 2.8888, "bus_lcAssertive": 59.8222, "bus_lcCooperative": 0.522, "bus_lcLookaheadLeft": 83.3657, "bus_lcPushy": 0.1458, "bus_lcSigma": 0.528, "bus_lcSpeedGainRight": 3.687, "bus_lcSublane": 0.8735, "bus_sigma": 0.2021, "bus_tau_mean": 3.8304, "bus_tau_std": 8.8953, "bus_v_mean": 15.7007, "bus_v_std": 6.8713, "car_acc": 3.4622, "car_dcc": 1.9437, "car_lcAssertive": 69.3337, "car_lcCooperative": 0.2611, "car_lcLookaheadLeft": 45.633, "car_lcPushy": 0.3902, "car_lcSigma": 0.9526, "car_lcSpeedGainRight": 4.2333, "car_lcSublane": 0.4451, "car_sigma": 0.4525, "car_tau_mean": 3.9907, "car_tau_std": 5.7079, "car_v_mean": 13.9037, "car_v_std": 14.9969}, "datetime": {"datetime": "2024-08-10 14:32:53", "elapsed": 7023.135678, "delta": 4.821721}}
{"target": -0.33580830707680587, "params": {"bus_acc": 1.8902, "bus_dcc": 2.8645, "bus_lcAssertive": 92.863, "bus_lcCooperative": 0.9002, "bus_lcLookaheadLeft": 37.8066, "bus_lcPushy": 0.833, "bus_lcSigma": 0.4248, "bus_lcSpeedGainRight": 4.3516, "bus_lcSublane": 0.5437, "bus_sigma": 0.498, "bus_tau_mean": 1.3783, "bus_tau_std": 9.3852, "bus_v_mean": 19.3584, "bus_v_std": 2.6692, "car_acc": 3.607, "car_dcc": 3.5377, "car_lcAssertive": 22.5861, "car_lcCooperative": 0.2935, "car_lcLookaheadLeft": 81.078, "car_lcPushy": 0.4504, "car_lcSigma": 0.7727, "car_lcSpeedGainRight": 3.5758, "car_lcSublane": 0.1458, "car_sigma": 0.8657, "car_tau_mean": 2.3227, "car_tau_std": 0.5028, "car_v_mean": 20.2757, "car_v_std": 17.0612}, "datetime": {"datetime": "2024-08-10 14:32:57", "elapsed": 7027.363745, "delta": 4.228067}}
{"target": -0.5729007404405199, "params": {"bus_acc": 1.69, "bus_dcc": 0.7598, "bus_lcAssertive": 83.2141, "bus_lcCooperative": 0.4804, "bus_lcLookaheadLeft": 10.6078, "bus_lcPushy": 0.3931, "bus_lcSigma": 0.9626, "bus_lcSpeedGainRight": 3.4478, "bus_lcSublane": 0.5826, "bus_sigma": 0.6073, "bus_tau_mean": 3.6283, "bus_tau_std": 9.0449, "bus_v_mean": 12.1646, "bus_v_std": 16.3367, "car_acc": 0.4281, "car_dcc": 0.9679, "car_lcAssertive": 66.2132, "car_lcCooperative": 0.1876, "car_lcLookaheadLeft": 96.5218, "car_lcPushy": 0.8316, "car_lcSigma": 0.4118, "car_lcSpeedGainRight": 1.342, "car_lcSublane": 0.2867, "car_sigma": 0.5475, "car_tau_mean": 2.4384, "car_tau_std": 7.5958, "car_v_mean": 24.7557, "car_v_std": 14.196}, "datetime": {"datetime": "2024-08-10 14:33:01", "elapsed": 7031.685844, "delta": 4.322099}}
{"target": -0.33921365828149513, "params": {"bus_acc": 2.5637, "bus_dcc": 2.0253, "bus_lcAssertive": 63.1541, "bus_lcCooperative": 0.7624, "bus_lcLookaheadLeft": 45.3785, "bus_lcPushy": 0.7882, "bus_lcSigma": 0.6976, "bus_lcSpeedGainRight": 0.7924, "bus_lcSublane": 0.7972, "bus_sigma": 0.4699, "bus_tau_mean": 1.4659, "bus_tau_std": 6.153, "bus_v_mean": 12.4322, "bus_v_std": 1.8961, "car_acc": 0.9471, "car_dcc": 2.1271, "car_lcAssertive": 42.4787, "car_lcCooperative": 0.6731, "car_lcLookaheadLeft": 4.338, "car_lcPushy": 0.2543, "car_lcSigma": 0.31, "car_lcSpeedGainRight": 3.5833, "car_lcSublane": 0.463, "car_sigma": 0.742, "car_tau_mean": 0.7568, "car_tau_std": 6.9319, "car_v_mean": 15.1787, "car_v_std": 1.5098}, "datetime": {"datetime": "2024-08-10 14:33:08", "elapsed": 7038.674123, "delta": 6.988279}}
{"target": -0.29020853187963697, "params": {"bus_acc": 2.9621, "bus_dcc": 0.5074, "bus_lcAssertive": 34.5748, "bus_lcCooperative": 0.338, "bus_lcLookaheadLeft": 68.2177, "bus_lcPushy": 0.9354, "bus_lcSigma": 0.5063, "bus_lcSpeedGainRight": 3.7577, "bus_lcSublane": 0.5848, "bus_sigma": 0.9561, "bus_tau_mean": 3.3996, "bus_tau_std": 9.6909, "bus_v_mean": 22.4031, "bus_v_std": 13.6054, "car_acc": 3.5899, "car_dcc": 2.4718, "car_lcAssertive": 6.9076, "car_lcCooperative": 0.4415, "car_lcLookaheadLeft": 12.5505, "car_lcPushy": 0.0679, "car_lcSigma": 0.041, "car_lcSpeedGainRight": 2.53, "car_lcSublane": 0.2404, "car_sigma": 0.5207, "car_tau_mean": 3.7002, "car_tau_std": 9.9012, "car_v_mean": 8.2639, "car_v_std": 9.6615}, "datetime": {"datetime": "2024-08-10 14:33:17", "elapsed": 7048.005397, "delta": 9.331274}}
{"target": -0.3326155703373141, "params": {"bus_acc": 0.3907, "bus_dcc": 3.4891, "bus_lcAssertive": 33.899, "bus_lcCooperative": 0.2092, "bus_lcLookaheadLeft": 2.1914, "bus_lcPushy": 0.9234, "bus_lcSigma": 0.7456, "bus_lcSpeedGainRight": 4.5897, "bus_lcSublane": 0.3575, "bus_sigma": 0.817, "bus_tau_mean": 3.9905, "bus_tau_std": 2.2106, "bus_v_mean": 25.6183, "bus_v_std": 10.9059, "car_acc": 3.6381, "car_dcc": 2.9591, "car_lcAssertive": 74.4928, "car_lcCooperative": 0.6879, "car_lcLookaheadLeft": 42.8132, "car_lcPushy": 0.6485, "car_lcSigma": 0.2936, "car_lcSpeedGainRight": 0.3791, "car_lcSublane": 0.8008, "car_sigma": 0.3006, "car_tau_mean": 3.2334, "car_tau_std": 6.5626, "car_v_mean": 20.2986, "car_v_std": 6.2494}, "datetime": {"datetime": "2024-08-10 14:33:22", "elapsed": 7052.710349, "delta": 4.704952}}
{"target": -0.29914722589211595, "params": {"bus_acc": 3.7411, "bus_dcc": 0.7113, "bus_lcAssertive": 22.7881, "bus_lcCooperative": 0.0713, "bus_lcLookaheadLeft": 52.217, "bus_lcPushy": 0.2083, "bus_lcSigma": 0.8829, "bus_lcSpeedGainRight": 1.4497, "bus_lcSublane": 0.9508, "bus_sigma": 0.3389, "bus_tau_mean": 1.216, "bus_tau_std": 0.421, "bus_v_mean": 9.7711, "bus_v_std": 13.0582, "car_acc": 2.5897, "car_dcc": 0.8675, "car_lcAssertive": 95.3163, "car_lcCooperative": 0.7964, "car_lcLookaheadLeft": 5.6525, "car_lcPushy": 0.2352, "car_lcSigma": 0.334, "car_lcSpeedGainRight": 2.601, "car_lcSublane": 0.2926, "car_sigma": 0.1501, "car_tau_mean": 2.7455, "car_tau_std": 4.7833, "car_v_mean": 12.7279, "car_v_std": 6.5416}, "datetime": {"datetime": "2024-08-10 14:33:26", "elapsed": 7056.828168, "delta": 4.117819}}
{"target": -0.462108892891018, "params": {"bus_acc": 2.7052, "bus_dcc": 2.0292, "bus_lcAssertive": 32.5911, "bus_lcCooperative": 0.9317, "bus_lcLookaheadLeft": 86.0078, "bus_lcPushy": 0.8424, "bus_lcSigma": 0.6512, "bus_lcSpeedGainRight": 0.562, "bus_lcSublane": 0.1564, "bus_sigma": 0.4753, "bus_tau_mean": 2.6606, "bus_tau_std": 2.5656, "bus_v_mean": 20.4336, "bus_v_std": 4.8147, "car_acc": 2.8405, "car_dcc": 0.6419, "car_lcAssertive": 39.7918, "car_lcCooperative": 0.6142, "car_lcLookaheadLeft": 26.1499, "car_lcPushy": 0.4673, "car_lcSigma": 0.1201, "car_lcSpeedGainRight": 2.3347, "car_lcSublane": 0.0599, "car_sigma": 0.1715, "car_tau_mean": 3.8107, "car_tau_std": 0.0402, "car_v_mean": 23.1085, "car_v_std": 4.5297}, "datetime": {"datetime": "2024-08-10 14:33:32", "elapsed": 7062.436603, "delta": 5.608435}}
