{"target": -0.26185629186714304, "params": {"bus_acc": 1.6054, "bus_dcc": 0.9868, "bus_lcAssertive": 9.6491, "bus_lcCooperative": 0.5657, "bus_lcLookaheadLeft": 12.6186, "bus_lcPushy": 0.3769, "bus_lcSigma": 0.4241, "bus_lcSpeedGainRight": 4.9537, "bus_lcSublane": 0.5651, "bus_sigma": 0.2382, "bus_tau_mean": 2.59, "bus_tau_std": 1.9159, "bus_v_mean": 11.9137, "bus_v_std": 17.2882, "car_acc": 2.0362, "car_dcc": 1.2073, "car_lcAssertive": 38.6564, "car_lcCooperative": 0.5599, "car_lcLookaheadLeft": 81.3166, "car_lcPushy": 0.1695, "car_lcSigma": 0.3069, "car_lcSpeedGainRight": 3.4096, "car_lcSublane": 0.6552, "car_sigma": 0.6796, "car_tau_mean": 0.6507, "car_tau_std": 6.0361, "car_v_mean": 24.2258, "car_v_std": 19.0732}, "datetime": {"datetime": "2024-08-10 16:42:06", "elapsed": 14776.933391, "delta": 7.708056}}
{"target": -0.42784440364818543, "params": {"bus_acc": 0.9115, "bus_dcc": 0.2732, "bus_lcAssertive": 56.5877, "bus_lcCooperative": 0.7557, "bus_lcLookaheadLeft": 30.9462, "bus_lcPushy": 0.8335, "bus_lcSigma": 0.8792, "bus_lcSpeedGainRight": 0.9665, "bus_lcSublane": 0.5043, "bus_sigma": 0.3817, "bus_tau_mean": 3.6959, "bus_tau_std": 5.9549, "bus_v_mean": 24.1554, "bus_v_std": 14.1568, "car_acc": 0.8029, "car_dcc": 3.7792, "car_lcAssertive": 38.5273, "car_lcCooperative": 0.8989, "car_lcLookaheadLeft": 58.2616, "car_lcPushy": 0.8151, "car_lcSigma": 0.423, "car_lcSpeedGainRight": 4.714, "car_lcSublane": 0.6848, "car_sigma": 0.907, "car_tau_mean": 3.1916, "car_tau_std": 7.63, "car_v_mean": 16.9373, "car_v_std": 13.475}, "datetime": {"datetime": "2024-08-10 16:42:13", "elapsed": 14783.783174, "delta": 6.849783}}
{"target": -0.3236664619556797, "params": {"bus_acc": 1.4681, "bus_dcc": 1.6677, "bus_lcAssertive": 77.8787, "bus_lcCooperative": 0.989, "bus_lcLookaheadLeft": 33.8231, "bus_lcPushy": 0.2972, "bus_lcSigma": 0.0295, "bus_lcSpeedGainRight": 4.586, "bus_lcSublane": 0.7132, "bus_sigma": 0.5281, "bus_tau_mean": 3.7067, "bus_tau_std": 3.8912, "bus_v_mean": 18.2925, "bus_v_std": 12.7598, "car_acc": 2.5301, "car_dcc": 2.996, "car_lcAssertive": 22.7446, "car_lcCooperative": 0.3302, "car_lcLookaheadLeft": 78.1587, "car_lcPushy": 0.6328, "car_lcSigma": 0.5151, "car_lcSpeedGainRight": 2.3224, "car_lcSublane": 0.5103, "car_sigma": 0.265, "car_tau_mean": 0.8876, "car_tau_std": 3.7172, "car_v_mean": 16.8897, "car_v_std": 16.8093}, "datetime": {"datetime": "2024-08-10 16:42:21", "elapsed": 14791.419076, "delta": 7.635902}}
{"target": -0.27066122163810546, "params": {"bus_acc": 0.7255, "bus_dcc": 3.8621, "bus_lcAssertive": 23.1086, "bus_lcCooperative": 0.7799, "bus_lcLookaheadLeft": 23.7065, "bus_lcPushy": 0.5811, "bus_lcSigma": 0.1849, "bus_lcSpeedGainRight": 0.2204, "bus_lcSublane": 0.4898, "bus_sigma": 0.0058, "bus_tau_mean": 1.9861, "bus_tau_std": 6.2386, "bus_v_mean": 13.9313, "bus_v_std": 0.3586, "car_acc": 3.1961, "car_dcc": 0.452, "car_lcAssertive": 63.833, "car_lcCooperative": 0.0208, "car_lcLookaheadLeft": 15.2621, "car_lcPushy": 0.7756, "car_lcSigma": 0.8309, "car_lcSpeedGainRight": 4.3834, "car_lcSublane": 0.2243, "car_sigma": 0.4092, "car_tau_mean": 2.1154, "car_tau_std": 3.3378, "car_v_mean": 12.0864, "car_v_std": 14.3316}, "datetime": {"datetime": "2024-08-10 16:42:28", "elapsed": 14798.890496, "delta": 7.47142}}
{"target": -0.7448670444445122, "params": {"bus_acc": 3.218, "bus_dcc": 3.9359, "bus_lcAssertive": 60.5926, "bus_lcCooperative": 0.6694, "bus_lcLookaheadLeft": 19.4925, "bus_lcPushy": 0.9781, "bus_lcSigma": 0.586, "bus_lcSpeedGainRight": 2.672, "bus_lcSublane": 0.0111, "bus_sigma": 0.4266, "bus_tau_mean": 2.956, "bus_tau_std": 6.4944, "bus_v_mean": 18.169, "bus_v_std": 6.6065, "car_acc": 0.2457, "car_dcc": 2.3189, "car_lcAssertive": 53.7053, "car_lcCooperative": 0.1054, "car_lcLookaheadLeft": 8.3475, "car_lcPushy": 0.7026, "car_lcSigma": 0.3634, "car_lcSpeedGainRight": 2.429, "car_lcSublane": 0.6211, "car_sigma": 0.7095, "car_tau_mean": 3.6263, "car_tau_std": 7.6913, "car_v_mean": 22.6145, "car_v_std": 1.9762}, "datetime": {"datetime": "2024-08-10 16:42:38", "elapsed": 14808.506086, "delta": 9.61559}}
{"target": -0.38396038635601193, "params": {"bus_acc": 3.8977, "bus_dcc": 0.7132, "bus_lcAssertive": 11.7115, "bus_lcCooperative": 0.1504, "bus_lcLookaheadLeft": 49.758, "bus_lcPushy": 0.6718, "bus_lcSigma": 0.3285, "bus_lcSpeedGainRight": 1.298, "bus_lcSublane": 0.084, "bus_sigma": 0.1937, "bus_tau_mean": 0.6399, "bus_tau_std": 9.972, "bus_v_mean": 23.3835, "bus_v_std": 4.9025, "car_acc": 2.6367, "car_dcc": 1.6989, "car_lcAssertive": 9.8712, "car_lcCooperative": 0.2056, "car_lcLookaheadLeft": 41.7901, "car_lcPushy": 0.2553, "car_lcSigma": 0.2269, "car_lcSpeedGainRight": 3.5764, "car_lcSublane": 0.3004, "car_sigma": 0.8847, "car_tau_mean": 1.1772, "car_tau_std": 3.7409, "car_v_mean": 25.5665, "car_v_std": 8.0908}, "datetime": {"datetime": "2024-08-10 16:42:47", "elapsed": 14817.424435, "delta": 8.918349}}
{"target": -0.26635363661783523, "params": {"bus_acc": 3.0036, "bus_dcc": 0.7155, "bus_lcAssertive": 92.6192, "bus_lcCooperative": 0.0975, "bus_lcLookaheadLeft": 26.4885, "bus_lcPushy": 0.8042, "bus_lcSigma": 0.7762, "bus_lcSpeedGainRight": 0.0837, "bus_lcSublane": 0.5861, "bus_sigma": 0.6344, "bus_tau_mean": 2.0607, "bus_tau_std": 6.8885, "bus_v_mean": 19.9388, "bus_v_std": 18.8479, "car_acc": 1.0703, "car_dcc": 0.6563, "car_lcAssertive": 43.1842, "car_lcCooperative": 0.3197, "car_lcLookaheadLeft": 44.1956, "car_lcPushy": 0.148, "car_lcSigma": 0.4377, "car_lcSpeedGainRight": 0.9539, "car_lcSublane": 0.3554, "car_sigma": 0.1636, "car_tau_mean": 2.6626, "car_tau_std": 3.7117, "car_v_mean": 17.6721, "car_v_std": 14.8565}, "datetime": {"datetime": "2024-08-10 16:42:59", "elapsed": 14829.164092, "delta": 11.739657}}
{"target": -0.44372346093029796, "params": {"bus_acc": 3.3206, "bus_dcc": 2.1032, "bus_lcAssertive": 40.4809, "bus_lcCooperative": 0.3213, "bus_lcLookaheadLeft": 40.6542, "bus_lcPushy": 0.6578, "bus_lcSigma": 0.0691, "bus_lcSpeedGainRight": 2.702, "bus_lcSublane": 0.0937, "bus_sigma": 0.1367, "bus_tau_mean": 3.7901, "bus_tau_std": 5.3078, "bus_v_mean": 16.0062, "bus_v_std": 18.8767, "car_acc": 0.5442, "car_dcc": 3.9566, "car_lcAssertive": 76.1616, "car_lcCooperative": 0.022, "car_lcLookaheadLeft": 49.1119, "car_lcPushy": 0.4409, "car_lcSigma": 0.0846, "car_lcSpeedGainRight": 1.598, "car_lcSublane": 0.214, "car_sigma": 0.4277, "car_tau_mean": 2.5461, "car_tau_std": 5.9048, "car_v_mean": 15.3314, "car_v_std": 4.7842}, "datetime": {"datetime": "2024-08-10 16:43:09", "elapsed": 14839.608187, "delta": 10.444095}}
{"target": -0.28592682124255653, "params": {"bus_acc": 2.552, "bus_dcc": 1.3298, "bus_lcAssertive": 30.4261, "bus_lcCooperative": 0.9646, "bus_lcLookaheadLeft": 60.3045, "bus_lcPushy": 0.6392, "bus_lcSigma": 0.2761, "bus_lcSpeedGainRight": 0.5555, "bus_lcSublane": 0.6698, "bus_sigma": 0.611, "bus_tau_mean": 1.2567, "bus_tau_std": 2.2955, "bus_v_mean": 8.1219, "bus_v_std": 2.7101, "car_acc": 3.2624, "car_dcc": 2.6473, "car_lcAssertive": 58.5972, "car_lcCooperative": 0.9307, "car_lcLookaheadLeft": 72.3299, "car_lcPushy": 0.0106, "car_lcSigma": 0.7343, "car_lcSpeedGainRight": 1.177, "car_lcSublane": 0.2874, "car_sigma": 0.2127, "car_tau_mean": 3.8265, "car_tau_std": 1.3889, "car_v_mean": 15.3524, "car_v_std": 2.9487}, "datetime": {"datetime": "2024-08-10 16:43:20", "elapsed": 14850.904933, "delta": 11.296746}}
{"target": -0.46514689823936856, "params": {"bus_acc": 1.4774, "bus_dcc": 2.7499, "bus_lcAssertive": 79.2934, "bus_lcCooperative": 0.6149, "bus_lcLookaheadLeft": 86.275, "bus_lcPushy": 0.1284, "bus_lcSigma": 0.2473, "bus_lcSpeedGainRight": 3.8524, "bus_lcSublane": 0.3737, "bus_sigma": 0.2535, "bus_tau_mean": 2.3339, "bus_tau_std": 0.2111, "bus_v_mean": 14.2694, "bus_v_std": 14.48, "car_acc": 0.6096, "car_dcc": 0.4919, "car_lcAssertive": 2.4685, "car_lcCooperative": 0.9249, "car_lcLookaheadLeft": 56.9495, "car_lcPushy": 0.134, "car_lcSigma": 0.8808, "car_lcSpeedGainRight": 1.2843, "car_lcSublane": 0.3613, "car_sigma": 0.5644, "car_tau_mean": 1.7697, "car_tau_std": 3.8239, "car_v_mean": 13.2709, "car_v_std": 5.63}, "datetime": {"datetime": "2024-08-10 16:43:28", "elapsed": 14858.408529, "delta": 7.503596}}
{"target": -0.31423759921249256, "params": {"bus_acc": 0.8252, "bus_dcc": 1.5426, "bus_lcAssertive": 54.3488, "bus_lcCooperative": 0.0334, "bus_lcLookaheadLeft": 36.54, "bus_lcPushy": 0.5308, "bus_lcSigma": 0.954, "bus_lcSpeedGainRight": 1.1051, "bus_lcSublane": 0.6388, "bus_sigma": 0.3528, "bus_tau_mean": 2.5217, "bus_tau_std": 9.7905, "bus_v_mean": 18.6991, "bus_v_std": 9.3365, "car_acc": 3.9562, "car_dcc": 0.8319, "car_lcAssertive": 87.0488, "car_lcCooperative": 0.2627, "car_lcLookaheadLeft": 17.3738, "car_lcPushy": 0.6079, "car_lcSigma": 0.0152, "car_lcSpeedGainRight": 4.5215, "car_lcSublane": 0.8481, "car_sigma": 0.1183, "car_tau_mean": 3.1218, "car_tau_std": 3.2369, "car_v_mean": 9.9862, "car_v_std": 1.6006}, "datetime": {"datetime": "2024-08-10 16:43:35", "elapsed": 14866.00386, "delta": 7.595331}}
{"target": -0.42041679035122453, "params": {"bus_acc": 0.3614, "bus_dcc": 0.5186, "bus_lcAssertive": 18.6649, "bus_lcCooperative": 0.9879, "bus_lcLookaheadLeft": 44.2659, "bus_lcPushy": 0.375, "bus_lcSigma": 0.2981, "bus_lcSpeedGainRight": 4.1182, "bus_lcSublane": 0.6779, "bus_sigma": 0.6472, "bus_tau_mean": 3.5615, "bus_tau_std": 6.0504, "bus_v_mean": 10.609, "bus_v_std": 16.6143, "car_acc": 1.0176, "car_dcc": 2.3329, "car_lcAssertive": 22.7621, "car_lcCooperative": 0.6566, "car_lcLookaheadLeft": 60.324, "car_lcPushy": 0.6065, "car_lcSigma": 0.2905, "car_lcSpeedGainRight": 0.7504, "car_lcSublane": 0.8957, "car_sigma": 0.7905, "car_tau_mean": 0.5057, "car_tau_std": 5.9811, "car_v_mean": 21.4441, "car_v_std": 5.665}, "datetime": {"datetime": "2024-08-10 16:43:46", "elapsed": 14876.49508, "delta": 10.49122}}
{"target": -0.38297847335999097, "params": {"bus_acc": 2.7622, "bus_dcc": 1.7907, "bus_lcAssertive": 5.3627, "bus_lcCooperative": 0.3171, "bus_lcLookaheadLeft": 15.2225, "bus_lcPushy": 0.6734, "bus_lcSigma": 0.9885, "bus_lcSpeedGainRight": 0.1672, "bus_lcSublane": 0.0588, "bus_sigma": 0.2249, "bus_tau_mean": 2.6715, "bus_tau_std": 0.0996, "bus_v_mean": 18.8892, "bus_v_std": 4.9866, "car_acc": 1.5626, "car_dcc": 3.6823, "car_lcAssertive": 42.8422, "car_lcCooperative": 0.781, "car_lcLookaheadLeft": 62.6697, "car_lcPushy": 0.0901, "car_lcSigma": 0.6008, "car_lcSpeedGainRight": 0.2029, "car_lcSublane": 0.3897, "car_sigma": 0.4982, "car_tau_mean": 1.366, "car_tau_std": 8.8649, "car_v_mean": 16.1382, "car_v_std": 14.7801}, "datetime": {"datetime": "2024-08-10 16:43:53", "elapsed": 14883.568376, "delta": 7.073296}}
{"target": -0.32247209406241145, "params": {"bus_acc": 3.1656, "bus_dcc": 1.332, "bus_lcAssertive": 5.0361, "bus_lcCooperative": 0.7651, "bus_lcLookaheadLeft": 7.2046, "bus_lcPushy": 0.5953, "bus_lcSigma": 0.0631, "bus_lcSpeedGainRight": 4.6783, "bus_lcSublane": 0.2094, "bus_sigma": 0.1149, "bus_tau_mean": 2.2433, "bus_tau_std": 3.3168, "bus_v_mean": 19.9618, "bus_v_std": 10.5054, "car_acc": 3.224, "car_dcc": 3.0209, "car_lcAssertive": 32.4455, "car_lcCooperative": 0.2918, "car_lcLookaheadLeft": 10.4817, "car_lcPushy": 0.4959, "car_lcSigma": 0.9387, "car_lcSpeedGainRight": 3.8705, "car_lcSublane": 0.8585, "car_sigma": 0.4994, "car_tau_mean": 2.2695, "car_tau_std": 1.3686, "car_v_mean": 9.9832, "car_v_std": 18.794}, "datetime": {"datetime": "2024-08-10 16:44:04", "elapsed": 14894.6318, "delta": 11.063424}}
{"target": -0.2739064429394299, "params": {"bus_acc": 2.2496, "bus_dcc": 0.9635, "bus_lcAssertive": 61.6112, "bus_lcCooperative": 0.7858, "bus_lcLookaheadLeft": 50.7056, "bus_lcPushy": 0.4042, "bus_lcSigma": 0.5258, "bus_lcSpeedGainRight": 2.0521, "bus_lcSublane": 0.9357, "bus_sigma": 0.3072, "bus_tau_mean": 0.5171, "bus_tau_std": 9.6925, "bus_v_mean": 19.616, "bus_v_std": 4.7354, "car_acc": 2.4686, "car_dcc": 0.8676, "car_lcAssertive": 62.0017, "car_lcCooperative": 0.2531, "car_lcLookaheadLeft": 88.6871, "car_lcPushy": 0.2133, "car_lcSigma": 0.184, "car_lcSpeedGainRight": 3.2215, "car_lcSublane": 0.7827, "car_sigma": 0.6216, "car_tau_mean": 3.4537, "car_tau_std": 6.1496, "car_v_mean": 12.5928, "car_v_std": 8.6453}, "datetime": {"datetime": "2024-08-10 16:44:14", "elapsed": 14904.333948, "delta": 9.702148}}
{"target": -0.4114119350244563, "params": {"bus_acc": 2.1019, "bus_dcc": 0.2204, "bus_lcAssertive": 89.0431, "bus_lcCooperative": 0.0908, "bus_lcLookaheadLeft": 76.2232, "bus_lcPushy": 0.3824, "bus_lcSigma": 0.2914, "bus_lcSpeedGainRight": 4.8122, "bus_lcSublane": 0.4676, "bus_sigma": 0.0767, "bus_tau_mean": 1.8103, "bus_tau_std": 8.8937, "bus_v_mean": 16.7624, "bus_v_std": 1.8901, "car_acc": 2.7139, "car_dcc": 3.3466, "car_lcAssertive": 33.7573, "car_lcCooperative": 0.729, "car_lcLookaheadLeft": 84.9918, "car_lcPushy": 0.6209, "car_lcSigma": 0.0995, "car_lcSpeedGainRight": 3.8913, "car_lcSublane": 0.9749, "car_sigma": 0.3181, "car_tau_mean": 1.1272, "car_tau_std": 8.9918, "car_v_mean": 16.6385, "car_v_std": 2.1324}, "datetime": {"datetime": "2024-08-10 16:44:28", "elapsed": 14918.464376, "delta": 14.130428}}
{"target": -0.46266056709796927, "params": {"bus_acc": 2.1666, "bus_dcc": 1.7881, "bus_lcAssertive": 38.4085, "bus_lcCooperative": 0.1308, "bus_lcLookaheadLeft": 58.1259, "bus_lcPushy": 0.7828, "bus_lcSigma": 0.0557, "bus_lcSpeedGainRight": 0.962, "bus_lcSublane": 0.2586, "bus_sigma": 0.9618, "bus_tau_mean": 0.9501, "bus_tau_std": 1.318, "bus_v_mean": 13.7572, "bus_v_std": 5.8949, "car_acc": 3.1866, "car_dcc": 2.2729, "car_lcAssertive": 14.3715, "car_lcCooperative": 0.5005, "car_lcLookaheadLeft": 22.8132, "car_lcPushy": 0.8105, "car_lcSigma": 0.5969, "car_lcSpeedGainRight": 3.4403, "car_lcSublane": 0.7157, "car_sigma": 0.5774, "car_tau_mean": 0.6459, "car_tau_std": 0.5089, "car_v_mean": 17.795, "car_v_std": 0.6018}, "datetime": {"datetime": "2024-08-10 16:44:48", "elapsed": 14938.461418, "delta": 19.997042}}
{"target": -0.4272331575818222, "params": {"bus_acc": 1.944, "bus_dcc": 0.8464, "bus_lcAssertive": 18.1756, "bus_lcCooperative": 0.6811, "bus_lcLookaheadLeft": 56.8649, "bus_lcPushy": 0.5779, "bus_lcSigma": 0.2734, "bus_lcSpeedGainRight": 2.8289, "bus_lcSublane": 0.5311, "bus_sigma": 0.2524, "bus_tau_mean": 2.9701, "bus_tau_std": 4.9674, "bus_v_mean": 20.0503, "bus_v_std": 8.3489, "car_acc": 0.9388, "car_dcc": 2.5697, "car_lcAssertive": 14.4903, "car_lcCooperative": 0.5001, "car_lcLookaheadLeft": 31.0824, "car_lcPushy": 0.8945, "car_lcSigma": 0.2159, "car_lcSpeedGainRight": 4.432, "car_lcSublane": 0.4755, "car_sigma": 0.0351, "car_tau_mean": 1.9331, "car_tau_std": 7.9111, "car_v_mean": 14.6687, "car_v_std": 10.473}, "datetime": {"datetime": "2024-08-10 16:44:59", "elapsed": 14949.589241, "delta": 11.127823}}
{"target": -0.30232316564615397, "params": {"bus_acc": 1.6113, "bus_dcc": 2.6662, "bus_lcAssertive": 77.7969, "bus_lcCooperative": 0.9132, "bus_lcLookaheadLeft": 35.8553, "bus_lcPushy": 0.0084, "bus_lcSigma": 0.8095, "bus_lcSpeedGainRight": 1.7844, "bus_lcSublane": 0.066, "bus_sigma": 0.9776, "bus_tau_mean": 2.7039, "bus_tau_std": 4.1694, "bus_v_mean": 14.9551, "bus_v_std": 12.736, "car_acc": 1.4736, "car_dcc": 0.4779, "car_lcAssertive": 30.0963, "car_lcCooperative": 0.2394, "car_lcLookaheadLeft": 42.0584, "car_lcPushy": 0.0661, "car_lcSigma": 0.3708, "car_lcSpeedGainRight": 1.8979, "car_lcSublane": 0.4245, "car_sigma": 0.7695, "car_tau_mean": 2.4332, "car_tau_std": 4.9204, "car_v_mean": 16.1324, "car_v_std": 6.3767}, "datetime": {"datetime": "2024-08-10 16:45:07", "elapsed": 14957.624815, "delta": 8.035574}}
{"target": -0.3427145432352375, "params": {"bus_acc": 1.3674, "bus_dcc": 1.3993, "bus_lcAssertive": 65.6395, "bus_lcCooperative": 0.991, "bus_lcLookaheadLeft": 36.1706, "bus_lcPushy": 0.6667, "bus_lcSigma": 0.9378, "bus_lcSpeedGainRight": 1.044, "bus_lcSublane": 0.853, "bus_sigma": 0.9502, "bus_tau_mean": 2.6066, "bus_tau_std": 5.5758, "bus_v_mean": 13.5141, "bus_v_std": 10.8615, "car_acc": 2.9468, "car_dcc": 1.94, "car_lcAssertive": 84.3113, "car_lcCooperative": 0.9308, "car_lcLookaheadLeft": 62.8208, "car_lcPushy": 0.7679, "car_lcSigma": 0.938, "car_lcSpeedGainRight": 1.1836, "car_lcSublane": 0.8276, "car_sigma": 0.2512, "car_tau_mean": 3.2337, "car_tau_std": 3.3305, "car_v_mean": 18.0537, "car_v_std": 4.4305}, "datetime": {"datetime": "2024-08-10 16:45:15", "elapsed": 14965.687814, "delta": 8.062999}}
{"target": -0.31551256166443464, "params": {"bus_acc": 1.4615, "bus_dcc": 3.1449, "bus_lcAssertive": 74.2392, "bus_lcCooperative": 0.175, "bus_lcLookaheadLeft": 22.5132, "bus_lcPushy": 0.5181, "bus_lcSigma": 0.8756, "bus_lcSpeedGainRight": 1.997, "bus_lcSublane": 0.4418, "bus_sigma": 0.9807, "bus_tau_mean": 0.7945, "bus_tau_std": 7.4236, "bus_v_mean": 20.6086, "bus_v_std": 7.163, "car_acc": 2.524, "car_dcc": 1.6392, "car_lcAssertive": 20.5182, "car_lcCooperative": 0.3105, "car_lcLookaheadLeft": 43.3658, "car_lcPushy": 0.6348, "car_lcSigma": 0.4025, "car_lcSpeedGainRight": 4.7393, "car_lcSublane": 0.8316, "car_sigma": 0.3073, "car_tau_mean": 2.2885, "car_tau_std": 1.9659, "car_v_mean": 18.3873, "car_v_std": 9.5809}, "datetime": {"datetime": "2024-08-10 16:45:27", "elapsed": 14977.827381, "delta": 12.139567}}
{"target": -0.2898305565866555, "params": {"bus_acc": 0.9493, "bus_dcc": 0.8548, "bus_lcAssertive": 6.0019, "bus_lcCooperative": 0.2957, "bus_lcLookaheadLeft": 93.3476, "bus_lcPushy": 0.8245, "bus_lcSigma": 0.1499, "bus_lcSpeedGainRight": 1.7901, "bus_lcSublane": 0.6367, "bus_sigma": 0.9173, "bus_tau_mean": 0.531, "bus_tau_std": 8.3697, "bus_v_mean": 8.7061, "bus_v_std": 9.5461, "car_acc": 3.4397, "car_dcc": 1.8632, "car_lcAssertive": 26.3331, "car_lcCooperative": 0.2995, "car_lcLookaheadLeft": 68.5287, "car_lcPushy": 0.35, "car_lcSigma": 0.6186, "car_lcSpeedGainRight": 0.9825, "car_lcSublane": 0.2765, "car_sigma": 0.9271, "car_tau_mean": 0.5158, "car_tau_std": 5.5288, "car_v_mean": 24.965, "car_v_std": 12.4213}, "datetime": {"datetime": "2024-08-10 16:45:37", "elapsed": 14988.126967, "delta": 10.299586}}
{"target": -0.6529376110740839, "params": {"bus_acc": 2.1251, "bus_dcc": 3.0966, "bus_lcAssertive": 12.8336, "bus_lcCooperative": 0.6024, "bus_lcLookaheadLeft": 79.9045, "bus_lcPushy": 0.5329, "bus_lcSigma": 0.5419, "bus_lcSpeedGainRight": 1.2147, "bus_lcSublane": 0.1869, "bus_sigma": 0.7987, "bus_tau_mean": 0.8363, "bus_tau_std": 9.1634, "bus_v_mean": 11.1228, "bus_v_std": 1.5829, "car_acc": 0.2287, "car_dcc": 3.2577, "car_lcAssertive": 73.4938, "car_lcCooperative": 0.8421, "car_lcLookaheadLeft": 71.789, "car_lcPushy": 0.5671, "car_lcSigma": 0.4688, "car_lcSpeedGainRight": 2.0571, "car_lcSublane": 0.3496, "car_sigma": 0.1654, "car_tau_mean": 2.13, "car_tau_std": 4.6814, "car_v_mean": 10.7919, "car_v_std": 17.812}, "datetime": {"datetime": "2024-08-10 16:45:47", "elapsed": 14997.604847, "delta": 9.47788}}
{"target": -0.4693232950780093, "params": {"bus_acc": 1.5785, "bus_dcc": 0.4734, "bus_lcAssertive": 67.5511, "bus_lcCooperative": 0.4553, "bus_lcLookaheadLeft": 90.9057, "bus_lcPushy": 0.871, "bus_lcSigma": 0.3569, "bus_lcSpeedGainRight": 2.0119, "bus_lcSublane": 0.0546, "bus_sigma": 0.9683, "bus_tau_mean": 1.2451, "bus_tau_std": 7.4447, "bus_v_mean": 20.5732, "bus_v_std": 6.4855, "car_acc": 0.7866, "car_dcc": 2.5871, "car_lcAssertive": 68.2626, "car_lcCooperative": 0.8444, "car_lcLookaheadLeft": 85.0481, "car_lcPushy": 0.5683, "car_lcSigma": 0.8916, "car_lcSpeedGainRight": 2.853, "car_lcSublane": 0.7804, "car_sigma": 0.3991, "car_tau_mean": 3.8419, "car_tau_std": 3.2001, "car_v_mean": 15.6621, "car_v_std": 16.3677}, "datetime": {"datetime": "2024-08-10 16:45:56", "elapsed": 15006.216556, "delta": 8.611709}}
{"target": -0.29970510478584267, "params": {"bus_acc": 0.5575, "bus_dcc": 2.5326, "bus_lcAssertive": 53.8359, "bus_lcCooperative": 0.4285, "bus_lcLookaheadLeft": 27.6564, "bus_lcPushy": 0.9213, "bus_lcSigma": 0.4149, "bus_lcSpeedGainRight": 3.5457, "bus_lcSublane": 0.473, "bus_sigma": 0.5611, "bus_tau_mean": 2.2773, "bus_tau_std": 3.1528, "bus_v_mean": 17.2893, "bus_v_std": 1.7265, "car_acc": 2.532, "car_dcc": 0.6582, "car_lcAssertive": 19.0881, "car_lcCooperative": 0.1437, "car_lcLookaheadLeft": 82.6255, "car_lcPushy": 0.1357, "car_lcSigma": 0.4449, "car_lcSpeedGainRight": 0.5708, "car_lcSublane": 0.7528, "car_sigma": 0.8075, "car_tau_mean": 3.8718, "car_tau_std": 4.3052, "car_v_mean": 21.6708, "car_v_std": 6.0914}, "datetime": {"datetime": "2024-08-10 16:46:10", "elapsed": 15020.843924, "delta": 14.627368}}
{"target": -0.35924330886862355, "params": {"bus_acc": 3.8322, "bus_dcc": 2.7391, "bus_lcAssertive": 11.9963, "bus_lcCooperative": 0.1946, "bus_lcLookaheadLeft": 20.9008, "bus_lcPushy": 0.3832, "bus_lcSigma": 0.9328, "bus_lcSpeedGainRight": 2.4521, "bus_lcSublane": 0.0014, "bus_sigma": 0.4402, "bus_tau_mean": 2.7464, "bus_tau_std": 8.1993, "bus_v_mean": 18.1345, "bus_v_std": 2.7078, "car_acc": 2.1885, "car_dcc": 3.14, "car_lcAssertive": 22.953, "car_lcCooperative": 0.9245, "car_lcLookaheadLeft": 71.2926, "car_lcPushy": 0.8767, "car_lcSigma": 0.6544, "car_lcSpeedGainRight": 3.9855, "car_lcSublane": 0.2821, "car_sigma": 0.9507, "car_tau_mean": 0.989, "car_tau_std": 3.848, "car_v_mean": 10.1434, "car_v_std": 2.1849}, "datetime": {"datetime": "2024-08-10 16:46:18", "elapsed": 15028.954197, "delta": 8.110273}}
