{"target": -0.3018878912461975, "params": {"bus_acc": 2.2589, "bus_dcc": 3.5184, "bus_lcAssertive": 30.5601, "bus_lcCooperative": 0.7157, "bus_lcLookaheadLeft": 78.5012, "bus_lcPushy": 0.9308, "bus_lcSigma": 0.1401, "bus_lcSpeedGainRight": 4.5343, "bus_lcSublane": 0.2801, "bus_sigma": 0.2617, "bus_tau_mean": 3.5699, "bus_tau_std": 9.4147, "bus_v_mean": 10.1676, "bus_v_std": 2.8036, "car_acc": 2.2388, "car_dcc": 3.0176, "car_lcAssertive": 52.102, "car_lcCooperative": 0.1286, "car_lcLookaheadLeft": 81.6761, "car_lcPushy": 0.6654, "car_lcSigma": 0.0144, "car_lcSpeedGainRight": 4.0611, "car_lcSublane": 0.2702, "car_sigma": 0.6204, "car_tau_mean": 2.8329, "car_tau_std": 1.4517, "car_v_mean": 13.0901, "car_v_std": 2.9166}, "datetime": {"datetime": "2024-08-10 14:36:38", "elapsed": 7248.724349, "delta": 4.492693}}
{"target": -0.354864097322437, "params": {"bus_acc": 2.7992, "bus_dcc": 0.5673, "bus_lcAssertive": 18.1889, "bus_lcCooperative": 0.0971, "bus_lcLookaheadLeft": 90.0061, "bus_lcPushy": 0.0865, "bus_lcSigma": 0.7779, "bus_lcSpeedGainRight": 1.2333, "bus_lcSublane": 0.5271, "bus_sigma": 0.3277, "bus_tau_mean": 0.7698, "bus_tau_std": 5.3407, "bus_v_mean": 25.0521, "bus_v_std": 15.3444, "car_acc": 2.7954, "car_dcc": 2.2596, "car_lcAssertive": 90.2276, "car_lcCooperative": 0.3047, "car_lcLookaheadLeft": 34.2271, "car_lcPushy": 0.9192, "car_lcSigma": 0.7753, "car_lcSpeedGainRight": 1.2498, "car_lcSublane": 0.1833, "car_sigma": 0.3927, "car_tau_mean": 3.5514, "car_tau_std": 7.1375, "car_v_mean": 8.3252, "car_v_std": 1.9171}, "datetime": {"datetime": "2024-08-10 14:36:46", "elapsed": 7256.498086, "delta": 7.773737}}
{"target": -0.47267465725299473, "params": {"bus_acc": 1.3689, "bus_dcc": 0.8955, "bus_lcAssertive": 74.2192, "bus_lcCooperative": 0.7394, "bus_lcLookaheadLeft": 63.5442, "bus_lcPushy": 0.833, "bus_lcSigma": 0.2756, "bus_lcSpeedGainRight": 4.3277, "bus_lcSublane": 0.6287, "bus_sigma": 0.2852, "bus_tau_mean": 0.9711, "bus_tau_std": 7.5088, "bus_v_mean": 14.5679, "bus_v_std": 2.588, "car_acc": 0.8464, "car_dcc": 3.8171, "car_lcAssertive": 40.652, "car_lcCooperative": 0.9588, "car_lcLookaheadLeft": 65.8439, "car_lcPushy": 0.2633, "car_lcSigma": 0.7467, "car_lcSpeedGainRight": 2.9702, "car_lcSublane": 0.4777, "car_sigma": 0.8489, "car_tau_mean": 3.686, "car_tau_std": 1.3515, "car_v_mean": 24.6268, "car_v_std": 8.7319}, "datetime": {"datetime": "2024-08-10 14:36:52", "elapsed": 7262.835319, "delta": 6.337233}}
{"target": -0.31818587182104635, "params": {"bus_acc": 1.2943, "bus_dcc": 1.3845, "bus_lcAssertive": 78.9869, "bus_lcCooperative": 0.412, "bus_lcLookaheadLeft": 47.7962, "bus_lcPushy": 0.7861, "bus_lcSigma": 0.499, "bus_lcSpeedGainRight": 2.4933, "bus_lcSublane": 0.7619, "bus_sigma": 0.2882, "bus_tau_mean": 2.0647, "bus_tau_std": 5.3803, "bus_v_mean": 18.5611, "bus_v_std": 15.6901, "car_acc": 2.4113, "car_dcc": 2.1181, "car_lcAssertive": 72.6229, "car_lcCooperative": 0.7165, "car_lcLookaheadLeft": 74.3402, "car_lcPushy": 0.9819, "car_lcSigma": 0.3035, "car_lcSpeedGainRight": 2.1727, "car_lcSublane": 0.2425, "car_sigma": 0.555, "car_tau_mean": 3.5607, "car_tau_std": 7.7711, "car_v_mean": 14.6196, "car_v_std": 18.5998}, "datetime": {"datetime": "2024-08-10 14:36:57", "elapsed": 7267.33702, "delta": 4.501701}}
{"target": -0.8158182456463302, "params": {"bus_acc": 1.9483, "bus_dcc": 3.2071, "bus_lcAssertive": 61.3121, "bus_lcCooperative": 0.7848, "bus_lcLookaheadLeft": 41.5377, "bus_lcPushy": 0.0221, "bus_lcSigma": 0.3376, "bus_lcSpeedGainRight": 1.9166, "bus_lcSublane": 0.2719, "bus_sigma": 0.6773, "bus_tau_mean": 1.1658, "bus_tau_std": 9.0834, "bus_v_mean": 19.066, "bus_v_std": 6.4641, "car_acc": 0.3905, "car_dcc": 3.8986, "car_lcAssertive": 22.6898, "car_lcCooperative": 0.82, "car_lcLookaheadLeft": 47.2486, "car_lcPushy": 0.0094, "car_lcSigma": 0.8051, "car_lcSpeedGainRight": 3.7013, "car_lcSublane": 0.9116, "car_sigma": 0.673, "car_tau_mean": 3.847, "car_tau_std": 8.5623, "car_v_mean": 11.0287, "car_v_std": 16.0722}, "datetime": {"datetime": "2024-08-10 14:37:07", "elapsed": 7277.188478, "delta": 9.851458}}
{"target": -0.309650332323589, "params": {"bus_acc": 2.8111, "bus_dcc": 2.8826, "bus_lcAssertive": 32.9205, "bus_lcCooperative": 0.5414, "bus_lcLookaheadLeft": 45.6948, "bus_lcPushy": 0.9714, "bus_lcSigma": 0.3245, "bus_lcSpeedGainRight": 3.5195, "bus_lcSublane": 0.0508, "bus_sigma": 0.0636, "bus_tau_mean": 2.4112, "bus_tau_std": 4.3364, "bus_v_mean": 19.3395, "bus_v_std": 12.1149, "car_acc": 2.7639, "car_dcc": 2.3543, "car_lcAssertive": 7.5912, "car_lcCooperative": 0.3539, "car_lcLookaheadLeft": 29.02, "car_lcPushy": 0.0941, "car_lcSigma": 0.3943, "car_lcSpeedGainRight": 4.6959, "car_lcSublane": 0.7097, "car_sigma": 0.7095, "car_tau_mean": 1.1252, "car_tau_std": 1.3672, "car_v_mean": 16.8411, "car_v_std": 3.6803}, "datetime": {"datetime": "2024-08-10 14:37:11", "elapsed": 7281.869552, "delta": 4.681074}}
{"target": -0.3287544366788663, "params": {"bus_acc": 0.7897, "bus_dcc": 1.0072, "bus_lcAssertive": 11.7092, "bus_lcCooperative": 0.946, "bus_lcLookaheadLeft": 84.4514, "bus_lcPushy": 0.4227, "bus_lcSigma": 0.806, "bus_lcSpeedGainRight": 2.6242, "bus_lcSublane": 0.9147, "bus_sigma": 0.1942, "bus_tau_mean": 0.5366, "bus_tau_std": 7.8617, "bus_v_mean": 21.7541, "bus_v_std": 16.3643, "car_acc": 1.0716, "car_dcc": 3.1139, "car_lcAssertive": 51.5775, "car_lcCooperative": 0.7757, "car_lcLookaheadLeft": 8.3285, "car_lcPushy": 0.503, "car_lcSigma": 0.1937, "car_lcSpeedGainRight": 2.5324, "car_lcSublane": 0.1933, "car_sigma": 0.4281, "car_tau_mean": 2.3504, "car_tau_std": 2.1857, "car_v_mean": 18.9015, "car_v_std": 1.666}, "datetime": {"datetime": "2024-08-10 14:37:17", "elapsed": 7287.180993, "delta": 5.311441}}
{"target": -0.3580323565920977, "params": {"bus_acc": 3.8908, "bus_dcc": 1.9129, "bus_lcAssertive": 33.435, "bus_lcCooperative": 0.5638, "bus_lcLookaheadLeft": 58.0455, "bus_lcPushy": 0.2726, "bus_lcSigma": 0.7926, "bus_lcSpeedGainRight": 1.3651, "bus_lcSublane": 0.1482, "bus_sigma": 0.8393, "bus_tau_mean": 2.9442, "bus_tau_std": 1.9703, "bus_v_mean": 18.1458, "bus_v_std": 7.2956, "car_acc": 3.3841, "car_dcc": 3.5084, "car_lcAssertive": 13.809, "car_lcCooperative": 0.6641, "car_lcLookaheadLeft": 74.4451, "car_lcPushy": 0.267, "car_lcSigma": 0.9974, "car_lcSpeedGainRight": 3.8994, "car_lcSublane": 0.7033, "car_sigma": 0.3395, "car_tau_mean": 3.2897, "car_tau_std": 5.3559, "car_v_mean": 23.4777, "car_v_std": 6.1104}, "datetime": {"datetime": "2024-08-10 14:37:25", "elapsed": 7295.598708, "delta": 8.417715}}
{"target": -0.35269960262261596, "params": {"bus_acc": 1.9389, "bus_dcc": 3.3393, "bus_lcAssertive": 36.1789, "bus_lcCooperative": 0.0283, "bus_lcLookaheadLeft": 58.2662, "bus_lcPushy": 0.3606, "bus_lcSigma": 0.1357, "bus_lcSpeedGainRight": 2.9793, "bus_lcSublane": 0.9205, "bus_sigma": 0.7898, "bus_tau_mean": 2.0954, "bus_tau_std": 4.4439, "bus_v_mean": 17.319, "bus_v_std": 18.2993, "car_acc": 2.2353, "car_dcc": 2.7603, "car_lcAssertive": 23.5956, "car_lcCooperative": 0.6992, "car_lcLookaheadLeft": 47.8058, "car_lcPushy": 0.5122, "car_lcSigma": 0.1339, "car_lcSpeedGainRight": 4.0655, "car_lcSublane": 0.3433, "car_sigma": 0.7468, "car_tau_mean": 3.8911, "car_tau_std": 3.0326, "car_v_mean": 10.6298, "car_v_std": 12.68}, "datetime": {"datetime": "2024-08-10 14:37:33", "elapsed": 7304.044191, "delta": 8.445483}}
{"target": -0.3418195610458323, "params": {"bus_acc": 1.668, "bus_dcc": 0.4637, "bus_lcAssertive": 13.3544, "bus_lcCooperative": 0.2312, "bus_lcLookaheadLeft": 76.7175, "bus_lcPushy": 0.5698, "bus_lcSigma": 0.5648, "bus_lcSpeedGainRight": 3.2895, "bus_lcSublane": 0.2585, "bus_sigma": 0.887, "bus_tau_mean": 2.5991, "bus_tau_std": 3.6098, "bus_v_mean": 19.6141, "bus_v_std": 2.3568, "car_acc": 2.0277, "car_dcc": 2.2043, "car_lcAssertive": 31.3357, "car_lcCooperative": 0.5566, "car_lcLookaheadLeft": 16.7909, "car_lcPushy": 0.6026, "car_lcSigma": 0.6177, "car_lcSpeedGainRight": 3.3203, "car_lcSublane": 0.8256, "car_sigma": 0.6574, "car_tau_mean": 1.8603, "car_tau_std": 7.6908, "car_v_mean": 8.0933, "car_v_std": 14.2974}, "datetime": {"datetime": "2024-08-10 14:37:41", "elapsed": 7311.865298, "delta": 7.821107}}
{"target": -0.43587162396543205, "params": {"bus_acc": 0.4413, "bus_dcc": 2.8463, "bus_lcAssertive": 40.9185, "bus_lcCooperative": 0.6914, "bus_lcLookaheadLeft": 20.5495, "bus_lcPushy": 0.4982, "bus_lcSigma": 0.5749, "bus_lcSpeedGainRight": 4.297, "bus_lcSublane": 0.2734, "bus_sigma": 0.462, "bus_tau_mean": 0.7586, "bus_tau_std": 7.1184, "bus_v_mean": 14.943, "bus_v_std": 6.2803, "car_acc": 1.5526, "car_dcc": 3.7784, "car_lcAssertive": 86.8981, "car_lcCooperative": 0.9342, "car_lcLookaheadLeft": 48.2685, "car_lcPushy": 0.6244, "car_lcSigma": 0.3605, "car_lcSpeedGainRight": 0.4337, "car_lcSublane": 0.654, "car_sigma": 0.1113, "car_tau_mean": 2.2995, "car_tau_std": 0.4222, "car_v_mean": 19.4458, "car_v_std": 18.939}, "datetime": {"datetime": "2024-08-10 14:37:45", "elapsed": 7316.030409, "delta": 4.165111}}
{"target": -0.2759568505530456, "params": {"bus_acc": 1.6129, "bus_dcc": 2.1571, "bus_lcAssertive": 57.5621, "bus_lcCooperative": 0.1433, "bus_lcLookaheadLeft": 44.7678, "bus_lcPushy": 0.891, "bus_lcSigma": 0.7139, "bus_lcSpeedGainRight": 2.0018, "bus_lcSublane": 0.6098, "bus_sigma": 0.2667, "bus_tau_mean": 3.9555, "bus_tau_std": 2.3325, "bus_v_mean": 15.4158, "bus_v_std": 17.3288, "car_acc": 3.5387, "car_dcc": 0.2861, "car_lcAssertive": 7.8835, "car_lcCooperative": 0.8224, "car_lcLookaheadLeft": 68.5744, "car_lcPushy": 0.9555, "car_lcSigma": 0.4208, "car_lcSpeedGainRight": 2.1397, "car_lcSublane": 0.705, "car_sigma": 0.1957, "car_tau_mean": 2.1539, "car_tau_std": 9.7729, "car_v_mean": 15.3904, "car_v_std": 18.0424}, "datetime": {"datetime": "2024-08-10 14:37:51", "elapsed": 7321.47467, "delta": 5.444261}}
{"target": -0.3312297449774955, "params": {"bus_acc": 1.7089, "bus_dcc": 1.2481, "bus_lcAssertive": 2.2245, "bus_lcCooperative": 0.0228, "bus_lcLookaheadLeft": 93.9729, "bus_lcPushy": 0.4679, "bus_lcSigma": 0.5849, "bus_lcSpeedGainRight": 4.3243, "bus_lcSublane": 0.8527, "bus_sigma": 0.7749, "bus_tau_mean": 2.197, "bus_tau_std": 6.5395, "bus_v_mean": 25.1997, "bus_v_std": 1.2177, "car_acc": 3.122, "car_dcc": 1.0901, "car_lcAssertive": 42.9738, "car_lcCooperative": 0.3233, "car_lcLookaheadLeft": 77.1235, "car_lcPushy": 0.7457, "car_lcSigma": 0.2396, "car_lcSpeedGainRight": 3.3514, "car_lcSublane": 0.1578, "car_sigma": 0.9084, "car_tau_mean": 1.6137, "car_tau_std": 6.3092, "car_v_mean": 22.452, "car_v_std": 14.0087}, "datetime": {"datetime": "2024-08-10 14:37:55", "elapsed": 7325.974966, "delta": 4.500296}}
{"target": -0.32169694186369646, "params": {"bus_acc": 0.4892, "bus_dcc": 1.0994, "bus_lcAssertive": 12.3128, "bus_lcCooperative": 0.5718, "bus_lcLookaheadLeft": 91.239, "bus_lcPushy": 0.0152, "bus_lcSigma": 0.6139, "bus_lcSpeedGainRight": 1.0311, "bus_lcSublane": 0.7507, "bus_sigma": 0.7056, "bus_tau_mean": 2.3043, "bus_tau_std": 9.1748, "bus_v_mean": 20.3507, "bus_v_std": 2.6969, "car_acc": 2.264, "car_dcc": 3.7061, "car_lcAssertive": 39.286, "car_lcCooperative": 0.23, "car_lcLookaheadLeft": 61.8802, "car_lcPushy": 0.8198, "car_lcSigma": 0.0357, "car_lcSpeedGainRight": 0.6666, "car_lcSublane": 0.6389, "car_sigma": 0.8655, "car_tau_mean": 3.1805, "car_tau_std": 3.1982, "car_v_mean": 25.9827, "car_v_std": 12.4445}, "datetime": {"datetime": "2024-08-10 14:38:02", "elapsed": 7332.215949, "delta": 6.240983}}
{"target": -0.34092413646585357, "params": {"bus_acc": 0.8805, "bus_dcc": 1.9104, "bus_lcAssertive": 76.4054, "bus_lcCooperative": 0.8417, "bus_lcLookaheadLeft": 94.9252, "bus_lcPushy": 0.1729, "bus_lcSigma": 0.6029, "bus_lcSpeedGainRight": 4.9116, "bus_lcSublane": 0.8959, "bus_sigma": 0.7476, "bus_tau_mean": 3.4456, "bus_tau_std": 0.7405, "bus_v_mean": 21.4367, "bus_v_std": 9.6787, "car_acc": 3.6174, "car_dcc": 3.3747, "car_lcAssertive": 71.8103, "car_lcCooperative": 0.5513, "car_lcLookaheadLeft": 44.7995, "car_lcPushy": 0.1351, "car_lcSigma": 0.9588, "car_lcSpeedGainRight": 0.0403, "car_lcSublane": 0.2832, "car_sigma": 0.7182, "car_tau_mean": 2.4684, "car_tau_std": 1.2446, "car_v_mean": 9.4859, "car_v_std": 15.1997}, "datetime": {"datetime": "2024-08-10 14:38:12", "elapsed": 7342.779127, "delta": 10.563178}}
{"target": -0.31607242136871394, "params": {"bus_acc": 2.2358, "bus_dcc": 3.2353, "bus_lcAssertive": 85.9099, "bus_lcCooperative": 0.4678, "bus_lcLookaheadLeft": 93.2857, "bus_lcPushy": 0.2586, "bus_lcSigma": 0.2004, "bus_lcSpeedGainRight": 1.8864, "bus_lcSublane": 0.9443, "bus_sigma": 0.9615, "bus_tau_mean": 3.4787, "bus_tau_std": 1.3384, "bus_v_mean": 10.606, "bus_v_std": 11.9092, "car_acc": 2.068, "car_dcc": 0.8586, "car_lcAssertive": 99.8392, "car_lcCooperative": 0.9008, "car_lcLookaheadLeft": 44.0242, "car_lcPushy": 0.703, "car_lcSigma": 0.5477, "car_lcSpeedGainRight": 4.7249, "car_lcSublane": 0.5381, "car_sigma": 0.7587, "car_tau_mean": 1.214, "car_tau_std": 9.9222, "car_v_mean": 21.8354, "car_v_std": 8.1736}, "datetime": {"datetime": "2024-08-10 14:38:25", "elapsed": 7355.264111, "delta": 12.484984}}
{"target": -0.34541180992305637, "params": {"bus_acc": 3.8347, "bus_dcc": 3.1107, "bus_lcAssertive": 49.5128, "bus_lcCooperative": 0.2754, "bus_lcLookaheadLeft": 74.6918, "bus_lcPushy": 0.4028, "bus_lcSigma": 0.8088, "bus_lcSpeedGainRight": 1.8373, "bus_lcSublane": 0.4052, "bus_sigma": 0.4937, "bus_tau_mean": 3.479, "bus_tau_std": 1.7036, "bus_v_mean": 17.445, "bus_v_std": 2.5003, "car_acc": 0.6752, "car_dcc": 1.145, "car_lcAssertive": 8.4502, "car_lcCooperative": 0.7845, "car_lcLookaheadLeft": 81.3732, "car_lcPushy": 0.8836, "car_lcSigma": 0.0598, "car_lcSpeedGainRight": 2.2453, "car_lcSublane": 0.1227, "car_sigma": 0.7217, "car_tau_mean": 0.7579, "car_tau_std": 9.909, "car_v_mean": 23.9468, "car_v_std": 7.7082}, "datetime": {"datetime": "2024-08-10 14:38:36", "elapsed": 7366.430773, "delta": 11.166662}}
{"target": -0.41567140710667055, "params": {"bus_acc": 0.2891, "bus_dcc": 0.9219, "bus_lcAssertive": 49.9977, "bus_lcCooperative": 0.8302, "bus_lcLookaheadLeft": 54.6836, "bus_lcPushy": 0.29, "bus_lcSigma": 0.6955, "bus_lcSpeedGainRight": 0.8745, "bus_lcSublane": 0.6348, "bus_sigma": 0.6582, "bus_tau_mean": 2.1404, "bus_tau_std": 7.8839, "bus_v_mean": 20.2559, "bus_v_std": 14.9252, "car_acc": 2.222, "car_dcc": 2.4485, "car_lcAssertive": 62.4166, "car_lcCooperative": 0.1528, "car_lcLookaheadLeft": 80.3813, "car_lcPushy": 0.3285, "car_lcSigma": 0.4112, "car_lcSpeedGainRight": 1.6205, "car_lcSublane": 0.61, "car_sigma": 0.1184, "car_tau_mean": 1.7707, "car_tau_std": 5.723, "car_v_mean": 15.7735, "car_v_std": 6.1855}, "datetime": {"datetime": "2024-08-10 14:38:42", "elapsed": 7372.986098, "delta": 6.555325}}
{"target": -0.3559556929963743, "params": {"bus_acc": 2.8818, "bus_dcc": 2.8472, "bus_lcAssertive": 96.7444, "bus_lcCooperative": 0.3635, "bus_lcLookaheadLeft": 61.0095, "bus_lcPushy": 0.118, "bus_lcSigma": 0.797, "bus_lcSpeedGainRight": 4.6798, "bus_lcSublane": 0.3272, "bus_sigma": 0.9057, "bus_tau_mean": 3.6794, "bus_tau_std": 4.5431, "bus_v_mean": 18.3848, "bus_v_std": 15.2341, "car_acc": 2.5137, "car_dcc": 1.0168, "car_lcAssertive": 73.4189, "car_lcCooperative": 0.8185, "car_lcLookaheadLeft": 93.9964, "car_lcPushy": 0.02, "car_lcSigma": 0.3184, "car_lcSpeedGainRight": 3.4573, "car_lcSublane": 0.8952, "car_sigma": 0.649, "car_tau_mean": 2.0894, "car_tau_std": 9.0381, "car_v_mean": 16.2403, "car_v_std": 2.5822}, "datetime": {"datetime": "2024-08-10 14:38:46", "elapsed": 7376.970399, "delta": 3.984301}}
{"target": -0.3373159792645766, "params": {"bus_acc": 0.6211, "bus_dcc": 3.9558, "bus_lcAssertive": 99.6992, "bus_lcCooperative": 0.1091, "bus_lcLookaheadLeft": 61.5012, "bus_lcPushy": 0.327, "bus_lcSigma": 0.9355, "bus_lcSpeedGainRight": 2.9604, "bus_lcSublane": 0.0233, "bus_sigma": 0.9642, "bus_tau_mean": 0.6101, "bus_tau_std": 9.928, "bus_v_mean": 22.4818, "bus_v_std": 2.6183, "car_acc": 2.2232, "car_dcc": 2.4606, "car_lcAssertive": 54.0517, "car_lcCooperative": 0.062, "car_lcLookaheadLeft": 46.511, "car_lcPushy": 0.27, "car_lcSigma": 0.8533, "car_lcSpeedGainRight": 2.0986, "car_lcSublane": 0.1963, "car_sigma": 0.0581, "car_tau_mean": 1.1655, "car_tau_std": 9.2824, "car_v_mean": 13.9813, "car_v_std": 8.6052}, "datetime": {"datetime": "2024-08-10 14:38:51", "elapsed": 7381.250271, "delta": 4.279872}}
{"target": -0.32984322266128724, "params": {"bus_acc": 3.1012, "bus_dcc": 3.9022, "bus_lcAssertive": 16.9545, "bus_lcCooperative": 0.7905, "bus_lcLookaheadLeft": 81.7137, "bus_lcPushy": 0.2256, "bus_lcSigma": 0.7447, "bus_lcSpeedGainRight": 1.3556, "bus_lcSublane": 0.7416, "bus_sigma": 0.6173, "bus_tau_mean": 2.1072, "bus_tau_std": 1.0583, "bus_v_mean": 17.3297, "bus_v_std": 5.0426, "car_acc": 3.8752, "car_dcc": 1.3148, "car_lcAssertive": 43.0943, "car_lcCooperative": 0.3339, "car_lcLookaheadLeft": 84.8981, "car_lcPushy": 0.1054, "car_lcSigma": 0.0008, "car_lcSpeedGainRight": 3.4364, "car_lcSublane": 0.3885, "car_sigma": 0.0448, "car_tau_mean": 3.4747, "car_tau_std": 6.3593, "car_v_mean": 16.3488, "car_v_std": 3.7149}, "datetime": {"datetime": "2024-08-10 14:38:58", "elapsed": 7388.33307, "delta": 7.082799}}
{"target": -0.2328283085656038, "params": {"bus_acc": 0.6456, "bus_dcc": 3.9981, "bus_lcAssertive": 86.384, "bus_lcCooperative": 0.8514, "bus_lcLookaheadLeft": 60.4933, "bus_lcPushy": 0.3473, "bus_lcSigma": 0.4202, "bus_lcSpeedGainRight": 3.3473, "bus_lcSublane": 0.01, "bus_sigma": 0.9209, "bus_tau_mean": 0.7646, "bus_tau_std": 2.3054, "bus_v_mean": 15.4217, "bus_v_std": 17.7082, "car_acc": 1.4139, "car_dcc": 0.3838, "car_lcAssertive": 39.1212, "car_lcCooperative": 0.5599, "car_lcLookaheadLeft": 91.4688, "car_lcPushy": 0.1425, "car_lcSigma": 0.5779, "car_lcSpeedGainRight": 0.9854, "car_lcSublane": 0.6109, "car_sigma": 0.9176, "car_tau_mean": 0.9984, "car_tau_std": 2.9996, "car_v_mean": 10.3339, "car_v_std": 17.6435}, "datetime": {"datetime": "2024-08-10 14:39:04", "elapsed": 7394.302216, "delta": 5.969146}}
{"target": -0.3392787442021579, "params": {"bus_acc": 1.7224, "bus_dcc": 3.0087, "bus_lcAssertive": 29.5442, "bus_lcCooperative": 0.1189, "bus_lcLookaheadLeft": 94.202, "bus_lcPushy": 0.9103, "bus_lcSigma": 0.2613, "bus_lcSpeedGainRight": 1.3099, "bus_lcSublane": 0.0781, "bus_sigma": 0.4444, "bus_tau_mean": 2.6479, "bus_tau_std": 0.5754, "bus_v_mean": 24.1726, "bus_v_std": 9.941, "car_acc": 2.4986, "car_dcc": 3.3204, "car_lcAssertive": 4.2807, "car_lcCooperative": 0.2707, "car_lcLookaheadLeft": 79.9146, "car_lcPushy": 0.6806, "car_lcSigma": 0.5482, "car_lcSpeedGainRight": 0.6037, "car_lcSublane": 0.4392, "car_sigma": 0.8244, "car_tau_mean": 2.8203, "car_tau_std": 0.817, "car_v_mean": 12.1354, "car_v_std": 9.4103}, "datetime": {"datetime": "2024-08-10 14:39:09", "elapsed": 7399.387667, "delta": 5.085451}}
{"target": -0.36469496799874174, "params": {"bus_acc": 3.9343, "bus_dcc": 3.9992, "bus_lcAssertive": 83.7248, "bus_lcCooperative": 0.0363, "bus_lcLookaheadLeft": 12.2696, "bus_lcPushy": 0.1743, "bus_lcSigma": 0.4401, "bus_lcSpeedGainRight": 0.0969, "bus_lcSublane": 0.4802, "bus_sigma": 0.0525, "bus_tau_mean": 3.9634, "bus_tau_std": 8.9989, "bus_v_mean": 16.8432, "bus_v_std": 11.2532, "car_acc": 1.5506, "car_dcc": 3.7378, "car_lcAssertive": 84.1134, "car_lcCooperative": 0.6514, "car_lcLookaheadLeft": 35.9257, "car_lcPushy": 0.2152, "car_lcSigma": 0.9058, "car_lcSpeedGainRight": 1.7281, "car_lcSublane": 0.6696, "car_sigma": 0.2323, "car_tau_mean": 0.5308, "car_tau_std": 3.73, "car_v_mean": 16.282, "car_v_std": 11.4361}, "datetime": {"datetime": "2024-08-10 14:39:13", "elapsed": 7403.75946, "delta": 4.371793}}
{"target": -0.4148636554275007, "params": {"bus_acc": 1.503, "bus_dcc": 2.0518, "bus_lcAssertive": 17.9912, "bus_lcCooperative": 0.6213, "bus_lcLookaheadLeft": 77.6015, "bus_lcPushy": 0.6002, "bus_lcSigma": 0.865, "bus_lcSpeedGainRight": 0.5781, "bus_lcSublane": 0.4643, "bus_sigma": 0.5327, "bus_tau_mean": 1.8056, "bus_tau_std": 1.8935, "bus_v_mean": 22.5081, "bus_v_std": 7.8908, "car_acc": 0.8166, "car_dcc": 2.5629, "car_lcAssertive": 57.6188, "car_lcCooperative": 0.0737, "car_lcLookaheadLeft": 69.6528, "car_lcPushy": 0.2833, "car_lcSigma": 0.2206, "car_lcSpeedGainRight": 1.9255, "car_lcSublane": 0.0228, "car_sigma": 0.5812, "car_tau_mean": 3.7934, "car_tau_std": 0.305, "car_v_mean": 9.6655, "car_v_std": 10.609}, "datetime": {"datetime": "2024-08-10 14:39:18", "elapsed": 7408.420107, "delta": 4.660647}}
{"target": -0.27029852304399715, "params": {"bus_acc": 3.584, "bus_dcc": 2.2033, "bus_lcAssertive": 72.8057, "bus_lcCooperative": 0.659, "bus_lcLookaheadLeft": 17.1617, "bus_lcPushy": 0.8117, "bus_lcSigma": 0.0533, "bus_lcSpeedGainRight": 4.3855, "bus_lcSublane": 0.8492, "bus_sigma": 0.9687, "bus_tau_mean": 2.3626, "bus_tau_std": 5.0594, "bus_v_mean": 14.116, "bus_v_std": 9.6411, "car_acc": 1.3905, "car_dcc": 1.2716, "car_lcAssertive": 77.7141, "car_lcCooperative": 0.5344, "car_lcLookaheadLeft": 4.0609, "car_lcPushy": 0.5878, "car_lcSigma": 0.8214, "car_lcSpeedGainRight": 3.4929, "car_lcSublane": 0.2217, "car_sigma": 0.0721, "car_tau_mean": 1.707, "car_tau_std": 1.2427, "car_v_mean": 22.2388, "car_v_std": 11.6706}, "datetime": {"datetime": "2024-08-10 14:39:22", "elapsed": 7412.88867, "delta": 4.468563}}
