{"target": -0.9153241506497197, "params": {"bus_acc": 1.9329, "bus_dcc": 3.175, "bus_lcAssertive": 28.8895, "bus_lcCooperative": 0.3016, "bus_lcLookaheadLeft": 34.9788, "bus_lcPushy": 0.5361, "bus_lcSigma": 0.4303, "bus_lcSpeedGainRight": 3.581, "bus_lcSublane": 0.7659, "bus_sigma": 0.9426, "bus_tau_mean": 3.3194, "bus_tau_std": 3.3588, "bus_v_mean": 9.9661, "bus_v_std": 10.9588, "car_acc": 0.3002, "car_dcc": 2.5891, "car_lcAssertive": 42.4307, "car_lcCooperative": 0.2057, "car_lcLookaheadLeft": 92.0509, "car_lcPushy": 0.0153, "car_lcSigma": 0.1191, "car_lcSpeedGainRight": 2.576, "car_lcSublane": 0.1273, "car_sigma": 0.8862, "car_tau_mean": 3.1593, "car_tau_std": 5.4617, "car_v_mean": 10.3324, "car_v_std": 7.7225}, "datetime": {"datetime": "2024-08-10 15:35:01", "elapsed": 10752.063965, "delta": 5.35027}}
{"target": -0.3364242321216914, "params": {"bus_acc": 0.7509, "bus_dcc": 3.5786, "bus_lcAssertive": 79.728, "bus_lcCooperative": 0.4668, "bus_lcLookaheadLeft": 9.5557, "bus_lcPushy": 0.0358, "bus_lcSigma": 0.0351, "bus_lcSpeedGainRight": 3.5092, "bus_lcSublane": 0.1249, "bus_sigma": 0.3299, "bus_tau_mean": 2.95, "bus_tau_std": 3.6065, "bus_v_mean": 25.3429, "bus_v_std": 14.9761, "car_acc": 2.1601, "car_dcc": 3.538, "car_lcAssertive": 58.5937, "car_lcCooperative": 0.615, "car_lcLookaheadLeft": 7.4637, "car_lcPushy": 0.7862, "car_lcSigma": 0.1839, "car_lcSpeedGainRight": 4.913, "car_lcSublane": 0.3742, "car_sigma": 0.6324, "car_tau_mean": 2.8033, "car_tau_std": 0.3735, "car_v_mean": 22.8266, "car_v_std": 8.1414}, "datetime": {"datetime": "2024-08-10 15:35:07", "elapsed": 10757.746269, "delta": 5.682304}}
{"target": -0.5761155509353215, "params": {"bus_acc": 1.3767, "bus_dcc": 1.7224, "bus_lcAssertive": 24.0512, "bus_lcCooperative": 0.6483, "bus_lcLookaheadLeft": 20.5029, "bus_lcPushy": 0.7835, "bus_lcSigma": 0.5202, "bus_lcSpeedGainRight": 0.5297, "bus_lcSublane": 0.344, "bus_sigma": 0.8281, "bus_tau_mean": 3.4316, "bus_tau_std": 2.4801, "bus_v_mean": 12.3542, "bus_v_std": 5.3076, "car_acc": 0.4119, "car_dcc": 2.9326, "car_lcAssertive": 35.5004, "car_lcCooperative": 0.1245, "car_lcLookaheadLeft": 46.6175, "car_lcPushy": 0.1438, "car_lcSigma": 0.5953, "car_lcSpeedGainRight": 3.2767, "car_lcSublane": 0.6875, "car_sigma": 0.366, "car_tau_mean": 1.6711, "car_tau_std": 7.3415, "car_v_mean": 18.8384, "car_v_std": 4.6085}, "datetime": {"datetime": "2024-08-10 15:35:16", "elapsed": 10766.16018, "delta": 8.413911}}
{"target": -0.3417381949584888, "params": {"bus_acc": 2.6468, "bus_dcc": 2.4367, "bus_lcAssertive": 71.3507, "bus_lcCooperative": 0.7131, "bus_lcLookaheadLeft": 21.8453, "bus_lcPushy": 0.928, "bus_lcSigma": 0.6308, "bus_lcSpeedGainRight": 0.4879, "bus_lcSublane": 0.4961, "bus_sigma": 0.3976, "bus_tau_mean": 3.7076, "bus_tau_std": 2.857, "bus_v_mean": 11.1772, "bus_v_std": 16.5362, "car_acc": 3.7158, "car_dcc": 3.0843, "car_lcAssertive": 70.4878, "car_lcCooperative": 0.6553, "car_lcLookaheadLeft": 70.2558, "car_lcPushy": 0.1079, "car_lcSigma": 0.3132, "car_lcSpeedGainRight": 3.4832, "car_lcSublane": 0.0575, "car_sigma": 0.1976, "car_tau_mean": 2.0341, "car_tau_std": 7.2424, "car_v_mean": 9.0445, "car_v_std": 8.6023}, "datetime": {"datetime": "2024-08-10 15:35:24", "elapsed": 10774.512384, "delta": 8.352204}}
{"target": -0.32698417220412085, "params": {"bus_acc": 1.2886, "bus_dcc": 1.8065, "bus_lcAssertive": 4.3843, "bus_lcCooperative": 0.8115, "bus_lcLookaheadLeft": 85.1278, "bus_lcPushy": 0.4154, "bus_lcSigma": 0.9363, "bus_lcSpeedGainRight": 1.2656, "bus_lcSublane": 0.6061, "bus_sigma": 0.5276, "bus_tau_mean": 0.7031, "bus_tau_std": 9.0945, "bus_v_mean": 11.7304, "bus_v_std": 4.3557, "car_acc": 3.0541, "car_dcc": 2.7349, "car_lcAssertive": 39.0017, "car_lcCooperative": 0.8568, "car_lcLookaheadLeft": 42.5367, "car_lcPushy": 0.1319, "car_lcSigma": 0.6964, "car_lcSpeedGainRight": 2.8687, "car_lcSublane": 0.471, "car_sigma": 0.4681, "car_tau_mean": 3.2608, "car_tau_std": 6.988, "car_v_mean": 12.1855, "car_v_std": 17.6204}, "datetime": {"datetime": "2024-08-10 15:35:32", "elapsed": 10782.150993, "delta": 7.638609}}
{"target": -0.3027764194688142, "params": {"bus_acc": 0.6299, "bus_dcc": 2.8893, "bus_lcAssertive": 98.5095, "bus_lcCooperative": 0.2056, "bus_lcLookaheadLeft": 5.483, "bus_lcPushy": 0.389, "bus_lcSigma": 0.1124, "bus_lcSpeedGainRight": 4.188, "bus_lcSublane": 0.7788, "bus_sigma": 0.2814, "bus_tau_mean": 1.0971, "bus_tau_std": 0.4354, "bus_v_mean": 16.9678, "bus_v_std": 12.8142, "car_acc": 0.6412, "car_dcc": 2.1736, "car_lcAssertive": 76.7905, "car_lcCooperative": 0.3008, "car_lcLookaheadLeft": 40.7378, "car_lcPushy": 0.4106, "car_lcSigma": 0.4014, "car_lcSpeedGainRight": 1.6087, "car_lcSublane": 0.5758, "car_sigma": 0.3079, "car_tau_mean": 3.4715, "car_tau_std": 2.5763, "car_v_mean": 8.2159, "car_v_std": 4.6048}, "datetime": {"datetime": "2024-08-10 15:35:46", "elapsed": 10796.470994, "delta": 14.320001}}
{"target": -0.20176000976331043, "params": {"bus_acc": 1.6435, "bus_dcc": 0.9885, "bus_lcAssertive": 13.4075, "bus_lcCooperative": 0.255, "bus_lcLookaheadLeft": 37.4454, "bus_lcPushy": 0.3164, "bus_lcSigma": 0.3169, "bus_lcSpeedGainRight": 2.5112, "bus_lcSublane": 0.5866, "bus_sigma": 0.2161, "bus_tau_mean": 3.4599, "bus_tau_std": 4.2598, "bus_v_mean": 8.1775, "bus_v_std": 10.0042, "car_acc": 1.128, "car_dcc": 0.2592, "car_lcAssertive": 28.347, "car_lcCooperative": 0.9984, "car_lcLookaheadLeft": 74.2173, "car_lcPushy": 0.1134, "car_lcSigma": 0.1209, "car_lcSpeedGainRight": 0.7879, "car_lcSublane": 0.2131, "car_sigma": 0.0397, "car_tau_mean": 2.5703, "car_tau_std": 1.6882, "car_v_mean": 12.7481, "car_v_std": 3.8629}, "datetime": {"datetime": "2024-08-10 15:35:53", "elapsed": 10804.040557, "delta": 7.569563}}
{"target": -0.3688592649359597, "params": {"bus_acc": 2.9833, "bus_dcc": 2.4368, "bus_lcAssertive": 32.3867, "bus_lcCooperative": 0.0264, "bus_lcLookaheadLeft": 77.9018, "bus_lcPushy": 0.9284, "bus_lcSigma": 0.3072, "bus_lcSpeedGainRight": 3.299, "bus_lcSublane": 0.8236, "bus_sigma": 0.9503, "bus_tau_mean": 2.9521, "bus_tau_std": 4.1324, "bus_v_mean": 25.3973, "bus_v_std": 18.5694, "car_acc": 0.5552, "car_dcc": 1.3389, "car_lcAssertive": 84.9441, "car_lcCooperative": 0.0956, "car_lcLookaheadLeft": 39.2651, "car_lcPushy": 0.2829, "car_lcSigma": 0.0054, "car_lcSpeedGainRight": 4.4235, "car_lcSublane": 0.1998, "car_sigma": 0.826, "car_tau_mean": 1.3473, "car_tau_std": 2.0663, "car_v_mean": 10.4643, "car_v_std": 15.4151}, "datetime": {"datetime": "2024-08-10 15:36:03", "elapsed": 10813.600816, "delta": 9.560259}}
{"target": -0.34162764392358236, "params": {"bus_acc": 0.5373, "bus_dcc": 0.7446, "bus_lcAssertive": 67.6205, "bus_lcCooperative": 0.4162, "bus_lcLookaheadLeft": 87.6376, "bus_lcPushy": 0.2245, "bus_lcSigma": 0.5396, "bus_lcSpeedGainRight": 0.8058, "bus_lcSublane": 0.2396, "bus_sigma": 0.591, "bus_tau_mean": 2.483, "bus_tau_std": 3.7084, "bus_v_mean": 14.0773, "bus_v_std": 13.2214, "car_acc": 2.7862, "car_dcc": 2.4753, "car_lcAssertive": 38.8029, "car_lcCooperative": 0.9181, "car_lcLookaheadLeft": 62.7819, "car_lcPushy": 0.5352, "car_lcSigma": 0.1677, "car_lcSpeedGainRight": 3.3247, "car_lcSublane": 0.6104, "car_sigma": 0.5312, "car_tau_mean": 3.2041, "car_tau_std": 5.5188, "car_v_mean": 19.2454, "car_v_std": 17.2079}, "datetime": {"datetime": "2024-08-10 15:36:10", "elapsed": 10820.864551, "delta": 7.263735}}
{"target": -0.5096139608272942, "params": {"bus_acc": 0.4471, "bus_dcc": 1.0158, "bus_lcAssertive": 97.6556, "bus_lcCooperative": 0.0747, "bus_lcLookaheadLeft": 47.8277, "bus_lcPushy": 0.0756, "bus_lcSigma": 0.1557, "bus_lcSpeedGainRight": 2.8846, "bus_lcSublane": 0.4496, "bus_sigma": 0.8461, "bus_tau_mean": 0.9949, "bus_tau_std": 8.2266, "bus_v_mean": 17.3842, "bus_v_std": 7.6411, "car_acc": 0.9125, "car_dcc": 0.8517, "car_lcAssertive": 58.6049, "car_lcCooperative": 0.9744, "car_lcLookaheadLeft": 46.3529, "car_lcPushy": 0.3876, "car_lcSigma": 0.8405, "car_lcSpeedGainRight": 3.9898, "car_lcSublane": 0.5961, "car_sigma": 0.5967, "car_tau_mean": 1.1883, "car_tau_std": 3.8372, "car_v_mean": 11.1614, "car_v_std": 4.0935}, "datetime": {"datetime": "2024-08-10 15:36:19", "elapsed": 10829.480573, "delta": 8.616022}}
{"target": -0.3394576206904574, "params": {"bus_acc": 2.1013, "bus_dcc": 3.6384, "bus_lcAssertive": 44.5406, "bus_lcCooperative": 0.528, "bus_lcLookaheadLeft": 68.4256, "bus_lcPushy": 0.1802, "bus_lcSigma": 0.7307, "bus_lcSpeedGainRight": 2.3827, "bus_lcSublane": 0.1954, "bus_sigma": 0.5457, "bus_tau_mean": 2.4595, "bus_tau_std": 4.7582, "bus_v_mean": 19.1288, "bus_v_std": 19.0269, "car_acc": 3.3742, "car_dcc": 3.5981, "car_lcAssertive": 95.4507, "car_lcCooperative": 0.8571, "car_lcLookaheadLeft": 88.242, "car_lcPushy": 0.1891, "car_lcSigma": 0.959, "car_lcSpeedGainRight": 1.457, "car_lcSublane": 0.8508, "car_sigma": 0.8148, "car_tau_mean": 0.693, "car_tau_std": 2.4242, "car_v_mean": 22.1323, "car_v_std": 11.0432}, "datetime": {"datetime": "2024-08-10 15:36:27", "elapsed": 10837.677887, "delta": 8.197314}}
{"target": -0.38265676483996874, "params": {"bus_acc": 0.4404, "bus_dcc": 1.9297, "bus_lcAssertive": 2.1113, "bus_lcCooperative": 0.9355, "bus_lcLookaheadLeft": 58.8138, "bus_lcPushy": 0.0132, "bus_lcSigma": 0.7206, "bus_lcSpeedGainRight": 4.5628, "bus_lcSublane": 0.1042, "bus_sigma": 0.1665, "bus_tau_mean": 3.1835, "bus_tau_std": 3.5359, "bus_v_mean": 19.0423, "bus_v_std": 19.777, "car_acc": 3.5418, "car_dcc": 2.5771, "car_lcAssertive": 32.4123, "car_lcCooperative": 0.0203, "car_lcLookaheadLeft": 2.9995, "car_lcPushy": 0.3011, "car_lcSigma": 0.5545, "car_lcSpeedGainRight": 4.0643, "car_lcSublane": 0.9965, "car_sigma": 0.5472, "car_tau_mean": 3.4045, "car_tau_std": 5.4307, "car_v_mean": 13.4693, "car_v_std": 16.9934}, "datetime": {"datetime": "2024-08-10 15:36:33", "elapsed": 10843.445869, "delta": 5.767982}}
{"target": -0.32855635803378797, "params": {"bus_acc": 2.1752, "bus_dcc": 1.7225, "bus_lcAssertive": 80.8205, "bus_lcCooperative": 0.4287, "bus_lcLookaheadLeft": 22.4662, "bus_lcPushy": 0.7155, "bus_lcSigma": 0.414, "bus_lcSpeedGainRight": 0.4679, "bus_lcSublane": 0.9964, "bus_sigma": 0.0115, "bus_tau_mean": 3.1984, "bus_tau_std": 2.8908, "bus_v_mean": 20.0531, "bus_v_std": 6.5234, "car_acc": 3.0166, "car_dcc": 2.1128, "car_lcAssertive": 84.4933, "car_lcCooperative": 0.5864, "car_lcLookaheadLeft": 53.5478, "car_lcPushy": 0.8197, "car_lcSigma": 0.9845, "car_lcSpeedGainRight": 1.6851, "car_lcSublane": 0.8651, "car_sigma": 0.0251, "car_tau_mean": 1.5016, "car_tau_std": 8.2097, "car_v_mean": 20.7492, "car_v_std": 7.6053}, "datetime": {"datetime": "2024-08-10 15:36:38", "elapsed": 10848.917198, "delta": 5.471329}}
{"target": -0.4758270352385407, "params": {"bus_acc": 2.2747, "bus_dcc": 2.0621, "bus_lcAssertive": 45.2929, "bus_lcCooperative": 0.6742, "bus_lcLookaheadLeft": 37.6707, "bus_lcPushy": 0.4021, "bus_lcSigma": 0.4625, "bus_lcSpeedGainRight": 0.7936, "bus_lcSublane": 0.1647, "bus_sigma": 0.3314, "bus_tau_mean": 1.918, "bus_tau_std": 9.8746, "bus_v_mean": 21.6012, "bus_v_std": 10.6518, "car_acc": 0.8315, "car_dcc": 3.0387, "car_lcAssertive": 89.2223, "car_lcCooperative": 0.0196, "car_lcLookaheadLeft": 10.2526, "car_lcPushy": 0.8003, "car_lcSigma": 0.1807, "car_lcSpeedGainRight": 1.9631, "car_lcSublane": 0.5033, "car_sigma": 0.3171, "car_tau_mean": 3.6286, "car_tau_std": 3.7964, "car_v_mean": 17.4478, "car_v_std": 13.3087}, "datetime": {"datetime": "2024-08-10 15:36:44", "elapsed": 10854.629343, "delta": 5.712145}}
{"target": -0.31449675291892637, "params": {"bus_acc": 2.7051, "bus_dcc": 3.3853, "bus_lcAssertive": 32.7003, "bus_lcCooperative": 0.883, "bus_lcLookaheadLeft": 30.6958, "bus_lcPushy": 0.6817, "bus_lcSigma": 0.4596, "bus_lcSpeedGainRight": 1.3961, "bus_lcSublane": 0.4445, "bus_sigma": 0.5187, "bus_tau_mean": 0.6878, "bus_tau_std": 0.232, "bus_v_mean": 12.119, "bus_v_std": 17.8044, "car_acc": 2.2368, "car_dcc": 1.2519, "car_lcAssertive": 9.3637, "car_lcCooperative": 0.5941, "car_lcLookaheadLeft": 61.18, "car_lcPushy": 0.8829, "car_lcSigma": 0.2529, "car_lcSpeedGainRight": 0.3168, "car_lcSublane": 0.9972, "car_sigma": 0.5693, "car_tau_mean": 1.3551, "car_tau_std": 0.941, "car_v_mean": 23.7569, "car_v_std": 7.6242}, "datetime": {"datetime": "2024-08-10 15:36:50", "elapsed": 10860.148947, "delta": 5.519604}}
{"target": -0.32782788700355686, "params": {"bus_acc": 1.5638, "bus_dcc": 3.7364, "bus_lcAssertive": 72.9811, "bus_lcCooperative": 0.4409, "bus_lcLookaheadLeft": 44.9986, "bus_lcPushy": 0.3999, "bus_lcSigma": 0.7326, "bus_lcSpeedGainRight": 0.0098, "bus_lcSublane": 0.1944, "bus_sigma": 0.0717, "bus_tau_mean": 1.6046, "bus_tau_std": 3.5389, "bus_v_mean": 15.338, "bus_v_std": 2.8401, "car_acc": 2.9033, "car_dcc": 2.9458, "car_lcAssertive": 15.996, "car_lcCooperative": 0.0525, "car_lcLookaheadLeft": 58.0439, "car_lcPushy": 0.1391, "car_lcSigma": 0.6083, "car_lcSpeedGainRight": 4.7351, "car_lcSublane": 0.9927, "car_sigma": 0.1717, "car_tau_mean": 1.5003, "car_tau_std": 5.3924, "car_v_mean": 23.2709, "car_v_std": 18.6381}, "datetime": {"datetime": "2024-08-10 15:36:55", "elapsed": 10865.553502, "delta": 5.404555}}
{"target": -0.3476671665029703, "params": {"bus_acc": 0.8787, "bus_dcc": 2.8575, "bus_lcAssertive": 4.1206, "bus_lcCooperative": 0.7222, "bus_lcLookaheadLeft": 99.8286, "bus_lcPushy": 0.9443, "bus_lcSigma": 0.6181, "bus_lcSpeedGainRight": 2.1657, "bus_lcSublane": 0.261, "bus_sigma": 0.4355, "bus_tau_mean": 2.0226, "bus_tau_std": 9.5474, "bus_v_mean": 11.3659, "bus_v_std": 12.2189, "car_acc": 1.5521, "car_dcc": 3.3114, "car_lcAssertive": 22.1749, "car_lcCooperative": 0.9721, "car_lcLookaheadLeft": 7.6866, "car_lcPushy": 0.6499, "car_lcSigma": 0.7004, "car_lcSpeedGainRight": 2.5109, "car_lcSublane": 0.2035, "car_sigma": 0.2845, "car_tau_mean": 3.1045, "car_tau_std": 2.5484, "car_v_mean": 24.7523, "car_v_std": 8.7048}, "datetime": {"datetime": "2024-08-10 15:37:00", "elapsed": 10870.719372, "delta": 5.16587}}
{"target": -0.47838359665778113, "params": {"bus_acc": 1.3152, "bus_dcc": 3.3431, "bus_lcAssertive": 56.2994, "bus_lcCooperative": 0.352, "bus_lcLookaheadLeft": 7.5839, "bus_lcPushy": 0.8996, "bus_lcSigma": 0.6857, "bus_lcSpeedGainRight": 3.5038, "bus_lcSublane": 0.8378, "bus_sigma": 0.2474, "bus_tau_mean": 1.5156, "bus_tau_std": 6.5751, "bus_v_mean": 19.6488, "bus_v_std": 16.9012, "car_acc": 0.853, "car_dcc": 1.4482, "car_lcAssertive": 91.0639, "car_lcCooperative": 0.4942, "car_lcLookaheadLeft": 32.0562, "car_lcPushy": 0.755, "car_lcSigma": 0.9022, "car_lcSpeedGainRight": 0.4325, "car_lcSublane": 0.5658, "car_sigma": 0.9765, "car_tau_mean": 3.4985, "car_tau_std": 0.1875, "car_v_mean": 12.5413, "car_v_std": 19.6145}, "datetime": {"datetime": "2024-08-10 15:37:06", "elapsed": 10876.937208, "delta": 6.217836}}
{"target": -0.363553087426505, "params": {"bus_acc": 2.8126, "bus_dcc": 0.8013, "bus_lcAssertive": 77.0334, "bus_lcCooperative": 0.8673, "bus_lcLookaheadLeft": 15.7307, "bus_lcPushy": 0.7154, "bus_lcSigma": 0.316, "bus_lcSpeedGainRight": 3.4177, "bus_lcSublane": 0.939, "bus_sigma": 0.7675, "bus_tau_mean": 1.783, "bus_tau_std": 7.9697, "bus_v_mean": 16.9992, "bus_v_std": 3.0198, "car_acc": 1.5565, "car_dcc": 3.5263, "car_lcAssertive": 64.0428, "car_lcCooperative": 0.3362, "car_lcLookaheadLeft": 14.3877, "car_lcPushy": 0.8732, "car_lcSigma": 0.4874, "car_lcSpeedGainRight": 1.8538, "car_lcSublane": 0.4145, "car_sigma": 0.7538, "car_tau_mean": 0.7873, "car_tau_std": 6.3068, "car_v_mean": 13.9406, "car_v_std": 19.8257}, "datetime": {"datetime": "2024-08-10 15:37:12", "elapsed": 10883.002388, "delta": 6.06518}}
{"target": -0.26300224294472135, "params": {"bus_acc": 2.4418, "bus_dcc": 1.0981, "bus_lcAssertive": 41.0188, "bus_lcCooperative": 0.6814, "bus_lcLookaheadLeft": 45.6847, "bus_lcPushy": 0.4343, "bus_lcSigma": 0.6391, "bus_lcSpeedGainRight": 0.9603, "bus_lcSublane": 0.0485, "bus_sigma": 0.7007, "bus_tau_mean": 3.3343, "bus_tau_std": 5.7787, "bus_v_mean": 14.1239, "bus_v_std": 15.821, "car_acc": 1.6921, "car_dcc": 0.3178, "car_lcAssertive": 88.3122, "car_lcCooperative": 0.4033, "car_lcLookaheadLeft": 45.6747, "car_lcPushy": 0.8631, "car_lcSigma": 0.605, "car_lcSpeedGainRight": 0.0524, "car_lcSublane": 0.272, "car_sigma": 0.3823, "car_tau_mean": 1.9942, "car_tau_std": 7.5554, "car_v_mean": 23.2558, "car_v_std": 17.554}, "datetime": {"datetime": "2024-08-10 15:37:19", "elapsed": 10889.280869, "delta": 6.278481}}
{"target": -0.2982683414150994, "params": {"bus_acc": 2.5208, "bus_dcc": 3.086, "bus_lcAssertive": 3.6707, "bus_lcCooperative": 0.5799, "bus_lcLookaheadLeft": 72.0581, "bus_lcPushy": 0.7819, "bus_lcSigma": 0.3304, "bus_lcSpeedGainRight": 4.7552, "bus_lcSublane": 0.319, "bus_sigma": 0.7786, "bus_tau_mean": 2.355, "bus_tau_std": 7.4462, "bus_v_mean": 16.2688, "bus_v_std": 4.7326, "car_acc": 1.4681, "car_dcc": 0.6179, "car_lcAssertive": 10.6601, "car_lcCooperative": 0.3147, "car_lcLookaheadLeft": 79.3307, "car_lcPushy": 0.6278, "car_lcSigma": 0.5694, "car_lcSpeedGainRight": 2.1084, "car_lcSublane": 0.0941, "car_sigma": 0.0052, "car_tau_mean": 1.0639, "car_tau_std": 4.5377, "car_v_mean": 9.7974, "car_v_std": 9.9241}, "datetime": {"datetime": "2024-08-10 15:37:25", "elapsed": 10895.748205, "delta": 6.467336}}
{"target": -0.33815191598364486, "params": {"bus_acc": 0.7316, "bus_dcc": 0.2853, "bus_lcAssertive": 26.8476, "bus_lcCooperative": 0.0227, "bus_lcLookaheadLeft": 80.0653, "bus_lcPushy": 0.0576, "bus_lcSigma": 0.3513, "bus_lcSpeedGainRight": 0.7549, "bus_lcSublane": 0.8941, "bus_sigma": 0.7748, "bus_tau_mean": 1.6825, "bus_tau_std": 3.1393, "bus_v_mean": 12.1588, "bus_v_std": 12.1478, "car_acc": 2.6654, "car_dcc": 2.2445, "car_lcAssertive": 41.7571, "car_lcCooperative": 0.9393, "car_lcLookaheadLeft": 13.4806, "car_lcPushy": 0.9345, "car_lcSigma": 0.242, "car_lcSpeedGainRight": 2.0604, "car_lcSublane": 0.0938, "car_sigma": 0.0799, "car_tau_mean": 1.7889, "car_tau_std": 5.4144, "car_v_mean": 17.42, "car_v_std": 8.8879}, "datetime": {"datetime": "2024-08-10 15:37:32", "elapsed": 10902.637654, "delta": 6.889449}}
{"target": -0.4474983861053779, "params": {"bus_acc": 2.3663, "bus_dcc": 3.3294, "bus_lcAssertive": 67.5466, "bus_lcCooperative": 0.8289, "bus_lcLookaheadLeft": 12.0476, "bus_lcPushy": 0.7611, "bus_lcSigma": 0.5152, "bus_lcSpeedGainRight": 0.4365, "bus_lcSublane": 0.719, "bus_sigma": 0.9808, "bus_tau_mean": 3.011, "bus_tau_std": 5.3971, "bus_v_mean": 14.7861, "bus_v_std": 10.3446, "car_acc": 0.9157, "car_dcc": 3.0134, "car_lcAssertive": 37.7829, "car_lcCooperative": 0.389, "car_lcLookaheadLeft": 53.7134, "car_lcPushy": 0.8829, "car_lcSigma": 0.2539, "car_lcSpeedGainRight": 4.6516, "car_lcSublane": 0.9029, "car_sigma": 0.2444, "car_tau_mean": 2.5283, "car_tau_std": 8.2359, "car_v_mean": 8.7618, "car_v_std": 12.1597}, "datetime": {"datetime": "2024-08-10 15:37:37", "elapsed": 10908.066122, "delta": 5.428468}}
{"target": -0.647481766605111, "params": {"bus_acc": 2.8871, "bus_dcc": 1.3065, "bus_lcAssertive": 65.9724, "bus_lcCooperative": 0.1562, "bus_lcLookaheadLeft": 97.8515, "bus_lcPushy": 0.0902, "bus_lcSigma": 0.1738, "bus_lcSpeedGainRight": 0.7091, "bus_lcSublane": 0.0625, "bus_sigma": 0.2262, "bus_tau_mean": 1.4075, "bus_tau_std": 5.2232, "bus_v_mean": 22.6156, "bus_v_std": 15.1913, "car_acc": 0.5023, "car_dcc": 3.2267, "car_lcAssertive": 62.5964, "car_lcCooperative": 0.9073, "car_lcLookaheadLeft": 79.8714, "car_lcPushy": 0.3875, "car_lcSigma": 0.9357, "car_lcSpeedGainRight": 0.455, "car_lcSublane": 0.0647, "car_sigma": 0.4294, "car_tau_mean": 0.8904, "car_tau_std": 7.4643, "car_v_mean": 18.1156, "car_v_std": 5.2336}, "datetime": {"datetime": "2024-08-10 15:37:48", "elapsed": 10918.437527, "delta": 10.371405}}
{"target": -0.365588154556656, "params": {"bus_acc": 3.8945, "bus_dcc": 3.2991, "bus_lcAssertive": 76.3418, "bus_lcCooperative": 0.8308, "bus_lcLookaheadLeft": 44.9618, "bus_lcPushy": 0.5816, "bus_lcSigma": 0.5754, "bus_lcSpeedGainRight": 2.2131, "bus_lcSublane": 0.2411, "bus_sigma": 0.1737, "bus_tau_mean": 2.9085, "bus_tau_std": 1.5385, "bus_v_mean": 11.0387, "bus_v_std": 3.5104, "car_acc": 3.9152, "car_dcc": 3.1182, "car_lcAssertive": 80.1354, "car_lcCooperative": 0.0257, "car_lcLookaheadLeft": 72.0367, "car_lcPushy": 0.9033, "car_lcSigma": 0.8936, "car_lcSpeedGainRight": 2.0945, "car_lcSublane": 0.9676, "car_sigma": 0.4075, "car_tau_mean": 0.7369, "car_tau_std": 8.3634, "car_v_mean": 21.7883, "car_v_std": 1.0845}, "datetime": {"datetime": "2024-08-10 15:37:54", "elapsed": 10924.261393, "delta": 5.823866}}
{"target": -0.3002866288233689, "params": {"bus_acc": 1.4605, "bus_dcc": 0.9218, "bus_lcAssertive": 43.0242, "bus_lcCooperative": 0.9704, "bus_lcLookaheadLeft": 97.9245, "bus_lcPushy": 0.044, "bus_lcSigma": 0.3354, "bus_lcSpeedGainRight": 4.7405, "bus_lcSublane": 0.0135, "bus_sigma": 0.9156, "bus_tau_mean": 3.9966, "bus_tau_std": 8.0741, "bus_v_mean": 11.2641, "bus_v_std": 18.99, "car_acc": 2.7063, "car_dcc": 0.6383, "car_lcAssertive": 66.3838, "car_lcCooperative": 0.7433, "car_lcLookaheadLeft": 67.9309, "car_lcPushy": 0.1302, "car_lcSigma": 0.994, "car_lcSpeedGainRight": 2.4566, "car_lcSublane": 0.2571, "car_sigma": 0.9606, "car_tau_mean": 1.304, "car_tau_std": 3.9447, "car_v_mean": 25.1953, "car_v_std": 14.5436}, "datetime": {"datetime": "2024-08-10 15:37:59", "elapsed": 10929.724484, "delta": 5.463091}}
