{"target": -0.36606826030323875, "params": {"bus_acc": 1.9803, "bus_dcc": 3.1538, "bus_lcAssertive": 34.9314, "bus_lcCooperative": 0.9945, "bus_lcLookaheadLeft": 25.3113, "bus_lcPushy": 0.8963, "bus_lcSigma": 0.4838, "bus_lcSpeedGainRight": 0.7076, "bus_lcSublane": 0.728, "bus_sigma": 0.3973, "bus_tau_mean": 3.1632, "bus_tau_std": 4.9743, "bus_v_mean": 22.0603, "bus_v_std": 18.7034, "car_acc": 1.1585, "car_dcc": 2.3348, "car_lcAssertive": 64.8835, "car_lcCooperative": 0.2435, "car_lcLookaheadLeft": 46.3076, "car_lcPushy": 0.9146, "car_lcSigma": 0.8152, "car_lcSpeedGainRight": 2.4391, "car_lcSublane": 0.0429, "car_sigma": 0.2401, "car_tau_mean": 1.9205, "car_tau_std": 2.5063, "car_v_mean": 16.4884, "car_v_std": 4.4197}, "datetime": {"datetime": "2024-08-10 13:40:53", "elapsed": 3903.924981, "delta": 4.551622}}
{"target": -0.35427781353019566, "params": {"bus_acc": 1.2746, "bus_dcc": 3.1359, "bus_lcAssertive": 44.2132, "bus_lcCooperative": 0.7916, "bus_lcLookaheadLeft": 38.6244, "bus_lcPushy": 0.1161, "bus_lcSigma": 0.3765, "bus_lcSpeedGainRight": 2.4746, "bus_lcSublane": 0.8593, "bus_sigma": 0.484, "bus_tau_mean": 1.4312, "bus_tau_std": 8.5971, "bus_v_mean": 20.3355, "bus_v_std": 12.422, "car_acc": 3.452, "car_dcc": 3.8358, "car_lcAssertive": 36.8974, "car_lcCooperative": 0.0541, "car_lcLookaheadLeft": 29.2014, "car_lcPushy": 0.5466, "car_lcSigma": 0.3538, "car_lcSpeedGainRight": 4.1283, "car_lcSublane": 0.4337, "car_sigma": 0.051, "car_tau_mean": 3.9835, "car_tau_std": 5.6801, "car_v_mean": 14.8429, "car_v_std": 9.6481}, "datetime": {"datetime": "2024-08-10 13:40:57", "elapsed": 3907.750003, "delta": 3.825022}}
{"target": -0.41950680190873185, "params": {"bus_acc": 1.8891, "bus_dcc": 0.2843, "bus_lcAssertive": 71.5128, "bus_lcCooperative": 0.3786, "bus_lcLookaheadLeft": 32.8015, "bus_lcPushy": 0.3693, "bus_lcSigma": 0.8728, "bus_lcSpeedGainRight": 0.7609, "bus_lcSublane": 0.7163, "bus_sigma": 0.8368, "bus_tau_mean": 2.2181, "bus_tau_std": 9.4489, "bus_v_mean": 8.9827, "bus_v_std": 1.839, "car_acc": 1.4441, "car_dcc": 1.3622, "car_lcAssertive": 91.9777, "car_lcCooperative": 0.0936, "car_lcLookaheadLeft": 37.2586, "car_lcPushy": 0.211, "car_lcSigma": 0.8861, "car_lcSpeedGainRight": 4.2233, "car_lcSublane": 0.634, "car_sigma": 0.8016, "car_tau_mean": 3.4432, "car_tau_std": 3.4722, "car_v_mean": 8.1769, "car_v_std": 4.1211}, "datetime": {"datetime": "2024-08-10 13:41:03", "elapsed": 3913.140879, "delta": 5.390876}}
{"target": -0.34347759995350136, "params": {"bus_acc": 1.9875, "bus_dcc": 3.6981, "bus_lcAssertive": 70.9911, "bus_lcCooperative": 0.5747, "bus_lcLookaheadLeft": 16.9872, "bus_lcPushy": 0.4816, "bus_lcSigma": 0.5515, "bus_lcSpeedGainRight": 2.6613, "bus_lcSublane": 0.9172, "bus_sigma": 0.4865, "bus_tau_mean": 1.1487, "bus_tau_std": 0.9001, "bus_v_mean": 21.4531, "bus_v_std": 10.8623, "car_acc": 1.5995, "car_dcc": 2.0226, "car_lcAssertive": 86.7376, "car_lcCooperative": 0.9619, "car_lcLookaheadLeft": 67.6527, "car_lcPushy": 0.7531, "car_lcSigma": 0.5909, "car_lcSpeedGainRight": 0.1707, "car_lcSublane": 0.1397, "car_sigma": 0.9309, "car_tau_mean": 3.4797, "car_tau_std": 7.1989, "car_v_mean": 15.6453, "car_v_std": 17.226}, "datetime": {"datetime": "2024-08-10 13:41:10", "elapsed": 3920.724577, "delta": 7.583698}}
{"target": -0.26241816887899566, "params": {"bus_acc": 3.236, "bus_dcc": 0.5571, "bus_lcAssertive": 70.9481, "bus_lcCooperative": 0.3885, "bus_lcLookaheadLeft": 74.3151, "bus_lcPushy": 0.3805, "bus_lcSigma": 0.8834, "bus_lcSpeedGainRight": 4.8446, "bus_lcSublane": 0.4609, "bus_sigma": 0.4785, "bus_tau_mean": 1.2443, "bus_tau_std": 0.0665, "bus_v_mean": 10.2567, "bus_v_std": 18.1391, "car_acc": 2.5005, "car_dcc": 0.6018, "car_lcAssertive": 23.8344, "car_lcCooperative": 0.1848, "car_lcLookaheadLeft": 82.437, "car_lcPushy": 0.2964, "car_lcSigma": 0.5707, "car_lcSpeedGainRight": 1.5889, "car_lcSublane": 0.8833, "car_sigma": 0.6848, "car_tau_mean": 0.6439, "car_tau_std": 5.9691, "car_v_mean": 24.1722, "car_v_std": 15.934}, "datetime": {"datetime": "2024-08-10 13:41:17", "elapsed": 3927.553412, "delta": 6.828835}}
{"target": -0.36117871782546973, "params": {"bus_acc": 1.6089, "bus_dcc": 3.6318, "bus_lcAssertive": 93.2326, "bus_lcCooperative": 0.8525, "bus_lcLookaheadLeft": 34.2533, "bus_lcPushy": 0.1563, "bus_lcSigma": 0.5679, "bus_lcSpeedGainRight": 1.0845, "bus_lcSublane": 0.9503, "bus_sigma": 0.0293, "bus_tau_mean": 2.8517, "bus_tau_std": 0.917, "bus_v_mean": 13.7593, "bus_v_std": 5.4647, "car_acc": 1.3827, "car_dcc": 3.1137, "car_lcAssertive": 32.2695, "car_lcCooperative": 0.1624, "car_lcLookaheadLeft": 42.0137, "car_lcPushy": 0.36, "car_lcSigma": 0.0271, "car_lcSpeedGainRight": 3.152, "car_lcSublane": 0.028, "car_sigma": 0.6857, "car_tau_mean": 3.7409, "car_tau_std": 2.0185, "car_v_mean": 18.3282, "car_v_std": 14.8934}, "datetime": {"datetime": "2024-08-10 13:41:21", "elapsed": 3931.778423, "delta": 4.225011}}
{"target": -0.38298094078211004, "params": {"bus_acc": 1.6122, "bus_dcc": 0.9936, "bus_lcAssertive": 93.8896, "bus_lcCooperative": 0.5201, "bus_lcLookaheadLeft": 93.0335, "bus_lcPushy": 0.7954, "bus_lcSigma": 0.8091, "bus_lcSpeedGainRight": 1.6163, "bus_lcSublane": 0.9202, "bus_sigma": 0.7778, "bus_tau_mean": 3.3822, "bus_tau_std": 4.0476, "bus_v_mean": 25.352, "bus_v_std": 9.8628, "car_acc": 0.7928, "car_dcc": 2.1813, "car_lcAssertive": 91.1407, "car_lcCooperative": 0.8285, "car_lcLookaheadLeft": 8.3667, "car_lcPushy": 0.4739, "car_lcSigma": 0.1607, "car_lcSpeedGainRight": 4.7, "car_lcSublane": 0.8732, "car_sigma": 0.7508, "car_tau_mean": 1.0439, "car_tau_std": 2.3939, "car_v_mean": 13.6275, "car_v_std": 18.1589}, "datetime": {"datetime": "2024-08-10 13:41:29", "elapsed": 3940.042332, "delta": 8.263909}}
{"target": -0.31300265226672275, "params": {"bus_acc": 0.6978, "bus_dcc": 0.9899, "bus_lcAssertive": 57.9607, "bus_lcCooperative": 0.2153, "bus_lcLookaheadLeft": 40.5018, "bus_lcPushy": 0.95, "bus_lcSigma": 0.0913, "bus_lcSpeedGainRight": 4.1778, "bus_lcSublane": 0.6829, "bus_sigma": 0.6161, "bus_tau_mean": 2.4209, "bus_tau_std": 9.8962, "bus_v_mean": 16.1334, "bus_v_std": 12.0731, "car_acc": 2.5153, "car_dcc": 3.4049, "car_lcAssertive": 85.738, "car_lcCooperative": 0.9345, "car_lcLookaheadLeft": 94.2614, "car_lcPushy": 0.5162, "car_lcSigma": 0.6937, "car_lcSpeedGainRight": 1.9384, "car_lcSublane": 0.4362, "car_sigma": 0.0367, "car_tau_mean": 3.6277, "car_tau_std": 3.0871, "car_v_mean": 25.3777, "car_v_std": 14.5047}, "datetime": {"datetime": "2024-08-10 13:41:33", "elapsed": 3943.538367, "delta": 3.496035}}
{"target": -0.409858157438199, "params": {"bus_acc": 1.8381, "bus_dcc": 2.5021, "bus_lcAssertive": 5.4788, "bus_lcCooperative": 0.1478, "bus_lcLookaheadLeft": 93.6492, "bus_lcPushy": 0.5614, "bus_lcSigma": 0.8082, "bus_lcSpeedGainRight": 4.0158, "bus_lcSublane": 0.5773, "bus_sigma": 0.8185, "bus_tau_mean": 1.0522, "bus_tau_std": 3.7731, "bus_v_mean": 20.1863, "bus_v_std": 18.0438, "car_acc": 1.4045, "car_dcc": 0.3274, "car_lcAssertive": 36.8763, "car_lcCooperative": 0.3006, "car_lcLookaheadLeft": 93.4662, "car_lcPushy": 0.1343, "car_lcSigma": 0.3892, "car_lcSpeedGainRight": 0.5804, "car_lcSublane": 0.3547, "car_sigma": 0.9949, "car_tau_mean": 1.2687, "car_tau_std": 3.9739, "car_v_mean": 21.7166, "car_v_std": 2.5698}, "datetime": {"datetime": "2024-08-10 13:41:39", "elapsed": 3949.988419, "delta": 6.450052}}
{"target": -0.3202610979253548, "params": {"bus_acc": 2.113, "bus_dcc": 2.8181, "bus_lcAssertive": 2.1078, "bus_lcCooperative": 0.3416, "bus_lcLookaheadLeft": 93.9532, "bus_lcPushy": 0.5661, "bus_lcSigma": 0.4861, "bus_lcSpeedGainRight": 4.6961, "bus_lcSublane": 0.6466, "bus_sigma": 0.573, "bus_tau_mean": 0.8392, "bus_tau_std": 6.1609, "bus_v_mean": 14.8696, "bus_v_std": 7.8624, "car_acc": 3.718, "car_dcc": 2.8128, "car_lcAssertive": 82.1841, "car_lcCooperative": 0.5111, "car_lcLookaheadLeft": 98.643, "car_lcPushy": 0.2842, "car_lcSigma": 0.204, "car_lcSpeedGainRight": 0.6228, "car_lcSublane": 0.5594, "car_sigma": 0.7591, "car_tau_mean": 3.2024, "car_tau_std": 5.1468, "car_v_mean": 16.4234, "car_v_std": 11.702}, "datetime": {"datetime": "2024-08-10 13:41:44", "elapsed": 3954.175683, "delta": 4.187264}}
{"target": -0.3825164646968009, "params": {"bus_acc": 3.1646, "bus_dcc": 3.9132, "bus_lcAssertive": 15.8713, "bus_lcCooperative": 0.7577, "bus_lcLookaheadLeft": 16.4093, "bus_lcPushy": 0.7356, "bus_lcSigma": 0.4228, "bus_lcSpeedGainRight": 3.9667, "bus_lcSublane": 0.3687, "bus_sigma": 0.2623, "bus_tau_mean": 2.1333, "bus_tau_std": 4.5263, "bus_v_mean": 10.6906, "bus_v_std": 4.0693, "car_acc": 1.3981, "car_dcc": 1.2022, "car_lcAssertive": 39.518, "car_lcCooperative": 0.3219, "car_lcLookaheadLeft": 75.9241, "car_lcPushy": 0.5507, "car_lcSigma": 0.1933, "car_lcSpeedGainRight": 2.8515, "car_lcSublane": 0.6742, "car_sigma": 0.1393, "car_tau_mean": 3.4947, "car_tau_std": 4.4071, "car_v_mean": 8.012, "car_v_std": 11.1491}, "datetime": {"datetime": "2024-08-10 13:41:48", "elapsed": 3958.178622, "delta": 4.002939}}
{"target": -0.3943010605284692, "params": {"bus_acc": 1.9915, "bus_dcc": 1.8822, "bus_lcAssertive": 75.879, "bus_lcCooperative": 0.4322, "bus_lcLookaheadLeft": 53.8477, "bus_lcPushy": 0.2134, "bus_lcSigma": 0.1474, "bus_lcSpeedGainRight": 3.2563, "bus_lcSublane": 0.7383, "bus_sigma": 0.2793, "bus_tau_mean": 3.4803, "bus_tau_std": 8.5444, "bus_v_mean": 21.7362, "bus_v_std": 8.5067, "car_acc": 2.0615, "car_dcc": 3.5922, "car_lcAssertive": 83.284, "car_lcCooperative": 0.396, "car_lcLookaheadLeft": 97.341, "car_lcPushy": 0.8404, "car_lcSigma": 0.2521, "car_lcSpeedGainRight": 0.8222, "car_lcSublane": 0.4072, "car_sigma": 0.9387, "car_tau_mean": 2.7225, "car_tau_std": 6.9453, "car_v_mean": 9.4543, "car_v_std": 6.3916}, "datetime": {"datetime": "2024-08-10 13:41:53", "elapsed": 3963.893068, "delta": 5.714446}}
{"target": -0.2744826775200067, "params": {"bus_acc": 3.1081, "bus_dcc": 3.6937, "bus_lcAssertive": 64.4204, "bus_lcCooperative": 0.4657, "bus_lcLookaheadLeft": 69.9898, "bus_lcPushy": 0.6986, "bus_lcSigma": 0.8552, "bus_lcSpeedGainRight": 3.9803, "bus_lcSublane": 0.6605, "bus_sigma": 0.221, "bus_tau_mean": 2.6669, "bus_tau_std": 0.7607, "bus_v_mean": 14.7652, "bus_v_std": 18.3924, "car_acc": 3.7737, "car_dcc": 2.9302, "car_lcAssertive": 99.8496, "car_lcCooperative": 0.7118, "car_lcLookaheadLeft": 65.1869, "car_lcPushy": 0.1618, "car_lcSigma": 0.4328, "car_lcSpeedGainRight": 1.7573, "car_lcSublane": 0.3662, "car_sigma": 0.8746, "car_tau_mean": 0.7153, "car_tau_std": 0.877, "car_v_mean": 15.8305, "car_v_std": 19.7997}, "datetime": {"datetime": "2024-08-10 13:41:58", "elapsed": 3968.327038, "delta": 4.43397}}
{"target": -0.3357146804454025, "params": {"bus_acc": 3.6292, "bus_dcc": 0.3062, "bus_lcAssertive": 12.4192, "bus_lcCooperative": 0.0231, "bus_lcLookaheadLeft": 74.815, "bus_lcPushy": 0.0258, "bus_lcSigma": 0.1938, "bus_lcSpeedGainRight": 2.3522, "bus_lcSublane": 0.16, "bus_sigma": 0.6274, "bus_tau_mean": 2.8854, "bus_tau_std": 2.7782, "bus_v_mean": 11.6393, "bus_v_std": 7.3807, "car_acc": 1.3219, "car_dcc": 3.7508, "car_lcAssertive": 43.1695, "car_lcCooperative": 0.4444, "car_lcLookaheadLeft": 86.0356, "car_lcPushy": 0.0033, "car_lcSigma": 0.3109, "car_lcSpeedGainRight": 3.998, "car_lcSublane": 0.2951, "car_sigma": 0.8515, "car_tau_mean": 2.85, "car_tau_std": 5.5221, "car_v_mean": 17.6524, "car_v_std": 17.6815}, "datetime": {"datetime": "2024-08-10 13:42:06", "elapsed": 3976.156016, "delta": 7.828978}}
{"target": -0.4086539240376436, "params": {"bus_acc": 2.1639, "bus_dcc": 3.2288, "bus_lcAssertive": 42.4997, "bus_lcCooperative": 0.8998, "bus_lcLookaheadLeft": 51.0099, "bus_lcPushy": 0.7017, "bus_lcSigma": 0.0865, "bus_lcSpeedGainRight": 2.0195, "bus_lcSublane": 0.9321, "bus_sigma": 0.1164, "bus_tau_mean": 3.8081, "bus_tau_std": 3.7993, "bus_v_mean": 19.2744, "bus_v_std": 12.7858, "car_acc": 1.8835, "car_dcc": 3.9505, "car_lcAssertive": 60.1981, "car_lcCooperative": 0.8241, "car_lcLookaheadLeft": 52.7742, "car_lcPushy": 0.4986, "car_lcSigma": 0.7338, "car_lcSpeedGainRight": 2.5272, "car_lcSublane": 0.6255, "car_sigma": 0.7339, "car_tau_mean": 1.7251, "car_tau_std": 8.7381, "car_v_mean": 21.8197, "car_v_std": 3.4332}, "datetime": {"datetime": "2024-08-10 13:42:10", "elapsed": 3980.601037, "delta": 4.445021}}
{"target": -0.5271499589268365, "params": {"bus_acc": 3.8886, "bus_dcc": 3.8344, "bus_lcAssertive": 76.2108, "bus_lcCooperative": 0.5218, "bus_lcLookaheadLeft": 18.0541, "bus_lcPushy": 0.0057, "bus_lcSigma": 0.2584, "bus_lcSpeedGainRight": 1.7556, "bus_lcSublane": 0.6891, "bus_sigma": 0.6218, "bus_tau_mean": 2.9452, "bus_tau_std": 3.33, "bus_v_mean": 23.4741, "bus_v_std": 18.8033, "car_acc": 0.5341, "car_dcc": 1.2038, "car_lcAssertive": 51.5005, "car_lcCooperative": 0.3506, "car_lcLookaheadLeft": 74.7347, "car_lcPushy": 0.5426, "car_lcSigma": 0.0166, "car_lcSpeedGainRight": 2.0269, "car_lcSublane": 0.2467, "car_sigma": 0.5794, "car_tau_mean": 3.2609, "car_tau_std": 6.0397, "car_v_mean": 12.531, "car_v_std": 18.0262}, "datetime": {"datetime": "2024-08-10 13:42:17", "elapsed": 3987.376866, "delta": 6.775829}}
{"target": -0.29134598620285007, "params": {"bus_acc": 1.8593, "bus_dcc": 2.939, "bus_lcAssertive": 88.5568, "bus_lcCooperative": 0.2054, "bus_lcLookaheadLeft": 13.3418, "bus_lcPushy": 0.6724, "bus_lcSigma": 0.7998, "bus_lcSpeedGainRight": 4.9021, "bus_lcSublane": 0.0212, "bus_sigma": 0.271, "bus_tau_mean": 3.6978, "bus_tau_std": 6.5669, "bus_v_mean": 23.789, "bus_v_std": 3.0648, "car_acc": 3.6255, "car_dcc": 3.6927, "car_lcAssertive": 59.8262, "car_lcCooperative": 0.1507, "car_lcLookaheadLeft": 57.3756, "car_lcPushy": 0.8282, "car_lcSigma": 0.9678, "car_lcSpeedGainRight": 1.7399, "car_lcSublane": 0.7563, "car_sigma": 0.6837, "car_tau_mean": 1.1852, "car_tau_std": 8.2619, "car_v_mean": 18.402, "car_v_std": 11.4172}, "datetime": {"datetime": "2024-08-10 13:42:21", "elapsed": 3992.051321, "delta": 4.674455}}
{"target": -0.3360276375582351, "params": {"bus_acc": 0.6347, "bus_dcc": 3.8476, "bus_lcAssertive": 71.848, "bus_lcCooperative": 0.9017, "bus_lcLookaheadLeft": 78.2656, "bus_lcPushy": 0.6022, "bus_lcSigma": 0.7317, "bus_lcSpeedGainRight": 0.0185, "bus_lcSublane": 0.6606, "bus_sigma": 0.9711, "bus_tau_mean": 1.1778, "bus_tau_std": 0.3304, "bus_v_mean": 22.8032, "bus_v_std": 2.4949, "car_acc": 2.5037, "car_dcc": 3.6388, "car_lcAssertive": 61.7415, "car_lcCooperative": 0.591, "car_lcLookaheadLeft": 57.3631, "car_lcPushy": 0.8375, "car_lcSigma": 0.1433, "car_lcSpeedGainRight": 1.9944, "car_lcSublane": 0.4578, "car_sigma": 0.3504, "car_tau_mean": 2.9092, "car_tau_std": 7.6602, "car_v_mean": 9.4486, "car_v_std": 9.371}, "datetime": {"datetime": "2024-08-10 13:42:28", "elapsed": 3998.497263, "delta": 6.445942}}
{"target": -0.2767656130174787, "params": {"bus_acc": 0.9203, "bus_dcc": 0.7664, "bus_lcAssertive": 58.068, "bus_lcCooperative": 0.3669, "bus_lcLookaheadLeft": 82.8491, "bus_lcPushy": 0.7674, "bus_lcSigma": 0.0377, "bus_lcSpeedGainRight": 2.6927, "bus_lcSublane": 0.1194, "bus_sigma": 0.7648, "bus_tau_mean": 2.7529, "bus_tau_std": 9.0704, "bus_v_mean": 24.5653, "bus_v_std": 11.9012, "car_acc": 1.5106, "car_dcc": 2.1498, "car_lcAssertive": 38.9318, "car_lcCooperative": 0.1656, "car_lcLookaheadLeft": 16.4683, "car_lcPushy": 0.9606, "car_lcSigma": 0.6074, "car_lcSpeedGainRight": 2.8472, "car_lcSublane": 0.8266, "car_sigma": 0.4886, "car_tau_mean": 1.6517, "car_tau_std": 8.3318, "car_v_mean": 9.6023, "car_v_std": 0.2165}, "datetime": {"datetime": "2024-08-10 13:42:32", "elapsed": 4002.307914, "delta": 3.810651}}
{"target": -0.3191562118864892, "params": {"bus_acc": 1.8861, "bus_dcc": 2.0809, "bus_lcAssertive": 92.3341, "bus_lcCooperative": 0.8428, "bus_lcLookaheadLeft": 38.3829, "bus_lcPushy": 0.782, "bus_lcSigma": 0.835, "bus_lcSpeedGainRight": 3.4714, "bus_lcSublane": 0.4142, "bus_sigma": 0.8383, "bus_tau_mean": 2.9692, "bus_tau_std": 9.9251, "bus_v_mean": 14.607, "bus_v_std": 5.9394, "car_acc": 1.9111, "car_dcc": 2.0968, "car_lcAssertive": 49.5941, "car_lcCooperative": 0.7737, "car_lcLookaheadLeft": 26.9996, "car_lcPushy": 0.3484, "car_lcSigma": 0.6896, "car_lcSpeedGainRight": 2.44, "car_lcSublane": 0.8954, "car_sigma": 0.7859, "car_tau_mean": 0.9881, "car_tau_std": 0.5363, "car_v_mean": 9.1379, "car_v_std": 11.4205}, "datetime": {"datetime": "2024-08-10 13:42:38", "elapsed": 4008.134812, "delta": 5.826898}}
{"target": -0.4129842496690847, "params": {"bus_acc": 0.7716, "bus_dcc": 2.3369, "bus_lcAssertive": 30.9926, "bus_lcCooperative": 0.5817, "bus_lcLookaheadLeft": 97.1134, "bus_lcPushy": 0.9489, "bus_lcSigma": 0.1474, "bus_lcSpeedGainRight": 2.0831, "bus_lcSublane": 0.9457, "bus_sigma": 0.6295, "bus_tau_mean": 1.8151, "bus_tau_std": 4.6012, "bus_v_mean": 16.9171, "bus_v_std": 9.9921, "car_acc": 1.6115, "car_dcc": 3.1465, "car_lcAssertive": 38.6079, "car_lcCooperative": 0.7489, "car_lcLookaheadLeft": 68.3676, "car_lcPushy": 0.2335, "car_lcSigma": 0.1289, "car_lcSpeedGainRight": 1.3295, "car_lcSublane": 0.166, "car_sigma": 0.7303, "car_tau_mean": 3.3405, "car_tau_std": 5.4708, "car_v_mean": 13.4007, "car_v_std": 9.2277}, "datetime": {"datetime": "2024-08-10 13:42:44", "elapsed": 4014.738903, "delta": 6.604091}}
{"target": -0.35040654294985174, "params": {"bus_acc": 1.3949, "bus_dcc": 1.7938, "bus_lcAssertive": 83.2515, "bus_lcCooperative": 0.8319, "bus_lcLookaheadLeft": 24.435, "bus_lcPushy": 0.2434, "bus_lcSigma": 0.277, "bus_lcSpeedGainRight": 3.2032, "bus_lcSublane": 0.4545, "bus_sigma": 0.4707, "bus_tau_mean": 2.2102, "bus_tau_std": 2.7971, "bus_v_mean": 12.6195, "bus_v_std": 18.3878, "car_acc": 3.1405, "car_dcc": 2.0621, "car_lcAssertive": 11.5246, "car_lcCooperative": 0.8984, "car_lcLookaheadLeft": 44.343, "car_lcPushy": 0.1774, "car_lcSigma": 0.3244, "car_lcSpeedGainRight": 3.9266, "car_lcSublane": 0.1631, "car_sigma": 0.1632, "car_tau_mean": 1.3025, "car_tau_std": 6.0307, "car_v_mean": 18.1636, "car_v_std": 0.8746}, "datetime": {"datetime": "2024-08-10 13:42:49", "elapsed": 4019.72941, "delta": 4.990507}}
{"target": -0.3359850622607358, "params": {"bus_acc": 0.6382, "bus_dcc": 1.0041, "bus_lcAssertive": 5.99, "bus_lcCooperative": 0.8308, "bus_lcLookaheadLeft": 45.7692, "bus_lcPushy": 0.4783, "bus_lcSigma": 0.6295, "bus_lcSpeedGainRight": 4.1693, "bus_lcSublane": 0.6659, "bus_sigma": 0.5931, "bus_tau_mean": 3.5073, "bus_tau_std": 0.9258, "bus_v_mean": 25.6063, "bus_v_std": 11.2913, "car_acc": 2.7902, "car_dcc": 3.0583, "car_lcAssertive": 27.6818, "car_lcCooperative": 0.8074, "car_lcLookaheadLeft": 21.4702, "car_lcPushy": 0.7823, "car_lcSigma": 0.7899, "car_lcSpeedGainRight": 1.8631, "car_lcSublane": 0.7853, "car_sigma": 0.9834, "car_tau_mean": 2.7496, "car_tau_std": 9.1332, "car_v_mean": 17.4028, "car_v_std": 19.6209}, "datetime": {"datetime": "2024-08-10 13:42:56", "elapsed": 4026.268088, "delta": 6.538678}}
{"target": -0.3188602025164726, "params": {"bus_acc": 1.4925, "bus_dcc": 2.5521, "bus_lcAssertive": 88.4816, "bus_lcCooperative": 0.0876, "bus_lcLookaheadLeft": 17.4661, "bus_lcPushy": 0.8678, "bus_lcSigma": 0.4526, "bus_lcSpeedGainRight": 0.3364, "bus_lcSublane": 0.958, "bus_sigma": 0.9357, "bus_tau_mean": 3.0116, "bus_tau_std": 3.3704, "bus_v_mean": 12.9731, "bus_v_std": 3.6488, "car_acc": 2.9598, "car_dcc": 2.2948, "car_lcAssertive": 4.7229, "car_lcCooperative": 0.0939, "car_lcLookaheadLeft": 52.0046, "car_lcPushy": 0.4577, "car_lcSigma": 0.5463, "car_lcSpeedGainRight": 3.7279, "car_lcSublane": 0.4358, "car_sigma": 0.3977, "car_tau_mean": 1.553, "car_tau_std": 6.5879, "car_v_mean": 17.5793, "car_v_std": 3.2225}, "datetime": {"datetime": "2024-08-10 13:43:01", "elapsed": 4031.631709, "delta": 5.363621}}
{"target": -0.2842299114485352, "params": {"bus_acc": 1.3078, "bus_dcc": 3.9606, "bus_lcAssertive": 32.4185, "bus_lcCooperative": 0.3503, "bus_lcLookaheadLeft": 25.4859, "bus_lcPushy": 0.3381, "bus_lcSigma": 0.1028, "bus_lcSpeedGainRight": 2.5897, "bus_lcSublane": 0.0635, "bus_sigma": 0.0436, "bus_tau_mean": 1.2839, "bus_tau_std": 5.6662, "bus_v_mean": 21.3421, "bus_v_std": 19.355, "car_acc": 1.5551, "car_dcc": 2.3228, "car_lcAssertive": 1.5638, "car_lcCooperative": 0.6354, "car_lcLookaheadLeft": 22.5564, "car_lcPushy": 0.7189, "car_lcSigma": 0.7613, "car_lcSpeedGainRight": 0.8218, "car_lcSublane": 0.1116, "car_sigma": 0.4478, "car_tau_mean": 3.2321, "car_tau_std": 1.5347, "car_v_mean": 22.9251, "car_v_std": 4.0773}, "datetime": {"datetime": "2024-08-10 13:43:08", "elapsed": 4038.851064, "delta": 7.219355}}
{"target": -0.2972072868815916, "params": {"bus_acc": 2.6635, "bus_dcc": 0.5855, "bus_lcAssertive": 92.7607, "bus_lcCooperative": 0.3831, "bus_lcLookaheadLeft": 50.0743, "bus_lcPushy": 0.4586, "bus_lcSigma": 0.0884, "bus_lcSpeedGainRight": 1.6804, "bus_lcSublane": 0.8698, "bus_sigma": 0.2502, "bus_tau_mean": 3.8428, "bus_tau_std": 0.8966, "bus_v_mean": 12.4252, "bus_v_std": 0.6198, "car_acc": 2.8616, "car_dcc": 0.6156, "car_lcAssertive": 99.4367, "car_lcCooperative": 0.0309, "car_lcLookaheadLeft": 28.1172, "car_lcPushy": 0.3728, "car_lcSigma": 0.6735, "car_lcSpeedGainRight": 1.6926, "car_lcSublane": 0.6515, "car_sigma": 0.5345, "car_tau_mean": 3.4245, "car_tau_std": 9.063, "car_v_mean": 12.2557, "car_v_std": 7.961}, "datetime": {"datetime": "2024-08-10 13:43:14", "elapsed": 4044.967204, "delta": 6.11614}}
