{"target": -0.3266199684570476, "params": {"bus_acc": 2.2239, "bus_dcc": 2.297, "bus_lcAssertive": 21.5828, "bus_lcCooperative": 0.5793, "bus_lcLookaheadLeft": 78.721, "bus_lcPushy": 0.0494, "bus_lcSigma": 0.9229, "bus_lcSpeedGainRight": 1.0644, "bus_lcSublane": 0.1406, "bus_sigma": 0.3476, "bus_tau_mean": 3.115, "bus_tau_std": 4.379, "bus_v_mean": 21.0752, "bus_v_std": 10.0046, "car_acc": 3.6981, "car_dcc": 1.3679, "car_lcAssertive": 79.82, "car_lcCooperative": 0.3948, "car_lcLookaheadLeft": 62.7318, "car_lcPushy": 0.2096, "car_lcSigma": 0.7365, "car_lcSpeedGainRight": 2.6266, "car_lcSublane": 0.3832, "car_sigma": 0.7242, "car_tau_mean": 3.6621, "car_tau_std": 9.9901, "car_v_mean": 9.4001, "car_v_std": 13.2905}, "datetime": {"datetime": "2024-08-10 14:27:52", "elapsed": 6722.841817, "delta": 5.800791}}
{"target": -0.29277725664094906, "params": {"bus_acc": 0.5174, "bus_dcc": 3.8278, "bus_lcAssertive": 18.0363, "bus_lcCooperative": 0.4079, "bus_lcLookaheadLeft": 12.0904, "bus_lcPushy": 0.4622, "bus_lcSigma": 0.6425, "bus_lcSpeedGainRight": 2.2072, "bus_lcSublane": 0.1989, "bus_sigma": 0.8466, "bus_tau_mean": 3.4896, "bus_tau_std": 8.4915, "bus_v_mean": 10.1513, "bus_v_std": 15.0537, "car_acc": 3.3455, "car_dcc": 3.5354, "car_lcAssertive": 48.4489, "car_lcCooperative": 0.2056, "car_lcLookaheadLeft": 95.3968, "car_lcPushy": 0.5754, "car_lcSigma": 0.1441, "car_lcSpeedGainRight": 3.9543, "car_lcSublane": 0.9452, "car_sigma": 0.8948, "car_tau_mean": 0.8509, "car_tau_std": 9.2167, "car_v_mean": 12.4658, "car_v_std": 7.2271}, "datetime": {"datetime": "2024-08-10 14:27:58", "elapsed": 6728.383526, "delta": 5.541709}}
{"target": -0.5206129299547969, "params": {"bus_acc": 2.2687, "bus_dcc": 0.3139, "bus_lcAssertive": 88.9395, "bus_lcCooperative": 0.7273, "bus_lcLookaheadLeft": 70.5163, "bus_lcPushy": 0.0938, "bus_lcSigma": 0.1417, "bus_lcSpeedGainRight": 4.452, "bus_lcSublane": 0.8923, "bus_sigma": 0.8081, "bus_tau_mean": 3.0455, "bus_tau_std": 8.7646, "bus_v_mean": 10.2807, "bus_v_std": 5.8659, "car_acc": 0.7126, "car_dcc": 3.7054, "car_lcAssertive": 12.7319, "car_lcCooperative": 0.1538, "car_lcLookaheadLeft": 39.4063, "car_lcPushy": 0.8303, "car_lcSigma": 0.1534, "car_lcSpeedGainRight": 3.3435, "car_lcSublane": 0.3369, "car_sigma": 0.2759, "car_tau_mean": 1.8119, "car_tau_std": 0.7409, "car_v_mean": 11.7519, "car_v_std": 0.0295}, "datetime": {"datetime": "2024-08-10 14:28:11", "elapsed": 6741.667576, "delta": 13.28405}}
{"target": -0.5093159849795277, "params": {"bus_acc": 1.0962, "bus_dcc": 3.9347, "bus_lcAssertive": 76.6058, "bus_lcCooperative": 0.7491, "bus_lcLookaheadLeft": 94.089, "bus_lcPushy": 0.7686, "bus_lcSigma": 0.0981, "bus_lcSpeedGainRight": 4.8788, "bus_lcSublane": 0.0837, "bus_sigma": 0.6243, "bus_tau_mean": 2.8801, "bus_tau_std": 1.5137, "bus_v_mean": 21.5419, "bus_v_std": 7.68, "car_acc": 0.74, "car_dcc": 3.663, "car_lcAssertive": 95.9295, "car_lcCooperative": 0.5716, "car_lcLookaheadLeft": 3.4522, "car_lcPushy": 0.3302, "car_lcSigma": 0.0771, "car_lcSpeedGainRight": 1.8589, "car_lcSublane": 0.0007, "car_sigma": 0.5557, "car_tau_mean": 2.4436, "car_tau_std": 3.5886, "car_v_mean": 13.2439, "car_v_std": 7.2609}, "datetime": {"datetime": "2024-08-10 14:28:16", "elapsed": 6746.653339, "delta": 4.985763}}
{"target": -0.28236111086841914, "params": {"bus_acc": 2.9168, "bus_dcc": 1.3732, "bus_lcAssertive": 60.1691, "bus_lcCooperative": 0.5099, "bus_lcLookaheadLeft": 67.3018, "bus_lcPushy": 0.2161, "bus_lcSigma": 0.3932, "bus_lcSpeedGainRight": 3.9333, "bus_lcSublane": 0.3166, "bus_sigma": 0.2051, "bus_tau_mean": 2.8199, "bus_tau_std": 2.9919, "bus_v_mean": 12.2142, "bus_v_std": 10.8152, "car_acc": 3.549, "car_dcc": 3.4561, "car_lcAssertive": 7.5382, "car_lcCooperative": 0.3796, "car_lcLookaheadLeft": 11.3448, "car_lcPushy": 0.9566, "car_lcSigma": 0.4408, "car_lcSpeedGainRight": 4.4844, "car_lcSublane": 0.1766, "car_sigma": 0.2291, "car_tau_mean": 3.3238, "car_tau_std": 1.6649, "car_v_mean": 12.5333, "car_v_std": 11.4373}, "datetime": {"datetime": "2024-08-10 14:28:25", "elapsed": 6755.163157, "delta": 8.509818}}
{"target": -0.3265542791720875, "params": {"bus_acc": 2.6866, "bus_dcc": 1.9, "bus_lcAssertive": 4.6053, "bus_lcCooperative": 0.9421, "bus_lcLookaheadLeft": 25.6919, "bus_lcPushy": 0.574, "bus_lcSigma": 0.8313, "bus_lcSpeedGainRight": 2.9647, "bus_lcSublane": 0.1908, "bus_sigma": 0.6528, "bus_tau_mean": 0.7382, "bus_tau_std": 1.2933, "bus_v_mean": 21.6933, "bus_v_std": 1.8712, "car_acc": 1.0494, "car_dcc": 3.6268, "car_lcAssertive": 88.8963, "car_lcCooperative": 0.5539, "car_lcLookaheadLeft": 86.21, "car_lcPushy": 0.322, "car_lcSigma": 0.0825, "car_lcSpeedGainRight": 3.5383, "car_lcSublane": 0.2869, "car_sigma": 0.5558, "car_tau_mean": 2.8921, "car_tau_std": 0.2975, "car_v_mean": 12.474, "car_v_std": 2.2528}, "datetime": {"datetime": "2024-08-10 14:28:31", "elapsed": 6761.243701, "delta": 6.080544}}
{"target": -0.2978058380834648, "params": {"bus_acc": 3.6344, "bus_dcc": 0.3185, "bus_lcAssertive": 93.9036, "bus_lcCooperative": 0.5941, "bus_lcLookaheadLeft": 40.6957, "bus_lcPushy": 0.4452, "bus_lcSigma": 0.1627, "bus_lcSpeedGainRight": 2.3162, "bus_lcSublane": 0.1609, "bus_sigma": 0.823, "bus_tau_mean": 1.0428, "bus_tau_std": 0.7929, "bus_v_mean": 17.1664, "bus_v_std": 7.9622, "car_acc": 3.73, "car_dcc": 2.2996, "car_lcAssertive": 86.2804, "car_lcCooperative": 0.4019, "car_lcLookaheadLeft": 81.387, "car_lcPushy": 0.6446, "car_lcSigma": 0.312, "car_lcSpeedGainRight": 1.1962, "car_lcSublane": 0.93, "car_sigma": 0.7671, "car_tau_mean": 0.8079, "car_tau_std": 7.0464, "car_v_mean": 18.1948, "car_v_std": 18.9484}, "datetime": {"datetime": "2024-08-10 14:28:40", "elapsed": 6770.974815, "delta": 9.731114}}
{"target": -0.3076205366175997, "params": {"bus_acc": 3.524, "bus_dcc": 2.0851, "bus_lcAssertive": 44.2059, "bus_lcCooperative": 0.0418, "bus_lcLookaheadLeft": 92.4517, "bus_lcPushy": 0.1375, "bus_lcSigma": 0.4789, "bus_lcSpeedGainRight": 4.4691, "bus_lcSublane": 0.3259, "bus_sigma": 0.3911, "bus_tau_mean": 3.2957, "bus_tau_std": 8.5377, "bus_v_mean": 17.8391, "bus_v_std": 14.7409, "car_acc": 3.9997, "car_dcc": 3.1052, "car_lcAssertive": 29.4393, "car_lcCooperative": 0.0006, "car_lcLookaheadLeft": 28.8608, "car_lcPushy": 0.814, "car_lcSigma": 0.7311, "car_lcSpeedGainRight": 4.746, "car_lcSublane": 0.6858, "car_sigma": 0.7157, "car_tau_mean": 2.8625, "car_tau_std": 6.4003, "car_v_mean": 10.0385, "car_v_std": 17.1177}, "datetime": {"datetime": "2024-08-10 14:28:50", "elapsed": 6780.633469, "delta": 9.658654}}
{"target": -0.3017904681595113, "params": {"bus_acc": 2.765, "bus_dcc": 3.7485, "bus_lcAssertive": 61.0453, "bus_lcCooperative": 0.3104, "bus_lcLookaheadLeft": 23.4614, "bus_lcPushy": 0.0155, "bus_lcSigma": 0.5978, "bus_lcSpeedGainRight": 3.3508, "bus_lcSublane": 0.0952, "bus_sigma": 0.4117, "bus_tau_mean": 3.5362, "bus_tau_std": 0.8424, "bus_v_mean": 17.1848, "bus_v_std": 6.2179, "car_acc": 3.1022, "car_dcc": 1.9893, "car_lcAssertive": 37.2467, "car_lcCooperative": 0.2877, "car_lcLookaheadLeft": 94.7053, "car_lcPushy": 0.0015, "car_lcSigma": 0.8541, "car_lcSpeedGainRight": 3.1774, "car_lcSublane": 0.2618, "car_sigma": 0.523, "car_tau_mean": 2.0401, "car_tau_std": 4.4619, "car_v_mean": 11.7501, "car_v_std": 11.9589}, "datetime": {"datetime": "2024-08-10 14:28:54", "elapsed": 6784.843227, "delta": 4.209758}}
{"target": -0.372402015190256, "params": {"bus_acc": 3.8135, "bus_dcc": 2.2731, "bus_lcAssertive": 60.7004, "bus_lcCooperative": 0.9041, "bus_lcLookaheadLeft": 62.4344, "bus_lcPushy": 0.4573, "bus_lcSigma": 0.3062, "bus_lcSpeedGainRight": 3.846, "bus_lcSublane": 0.6071, "bus_sigma": 0.0419, "bus_tau_mean": 3.7448, "bus_tau_std": 9.8085, "bus_v_mean": 14.5411, "bus_v_std": 17.9573, "car_acc": 1.4463, "car_dcc": 3.4172, "car_lcAssertive": 3.1861, "car_lcCooperative": 0.6712, "car_lcLookaheadLeft": 45.1113, "car_lcPushy": 0.3421, "car_lcSigma": 0.263, "car_lcSpeedGainRight": 4.7282, "car_lcSublane": 0.753, "car_sigma": 0.4465, "car_tau_mean": 2.563, "car_tau_std": 4.4244, "car_v_mean": 13.9282, "car_v_std": 5.7478}, "datetime": {"datetime": "2024-08-10 14:29:06", "elapsed": 6796.404178, "delta": 11.560951}}
{"target": -0.4508762082462187, "params": {"bus_acc": 0.2415, "bus_dcc": 2.5781, "bus_lcAssertive": 76.0924, "bus_lcCooperative": 0.4583, "bus_lcLookaheadLeft": 98.7895, "bus_lcPushy": 0.9624, "bus_lcSigma": 0.598, "bus_lcSpeedGainRight": 4.9205, "bus_lcSublane": 0.0782, "bus_sigma": 0.8546, "bus_tau_mean": 1.043, "bus_tau_std": 9.7146, "bus_v_mean": 25.7478, "bus_v_std": 13.4571, "car_acc": 2.6573, "car_dcc": 2.7517, "car_lcAssertive": 48.5191, "car_lcCooperative": 0.5027, "car_lcLookaheadLeft": 28.5475, "car_lcPushy": 0.8297, "car_lcSigma": 0.2627, "car_lcSpeedGainRight": 4.4697, "car_lcSublane": 0.3238, "car_sigma": 0.6815, "car_tau_mean": 1.1112, "car_tau_std": 5.8024, "car_v_mean": 21.2692, "car_v_std": 9.5719}, "datetime": {"datetime": "2024-08-10 14:29:11", "elapsed": 6801.288902, "delta": 4.884724}}
{"target": -0.36025179828315373, "params": {"bus_acc": 2.0511, "bus_dcc": 1.3678, "bus_lcAssertive": 42.5325, "bus_lcCooperative": 0.8714, "bus_lcLookaheadLeft": 74.3373, "bus_lcPushy": 0.9535, "bus_lcSigma": 0.5651, "bus_lcSpeedGainRight": 4.8365, "bus_lcSublane": 0.2981, "bus_sigma": 0.5998, "bus_tau_mean": 0.8201, "bus_tau_std": 9.857, "bus_v_mean": 22.787, "bus_v_std": 4.5156, "car_acc": 2.7988, "car_dcc": 1.1125, "car_lcAssertive": 56.2378, "car_lcCooperative": 0.2569, "car_lcLookaheadLeft": 53.1234, "car_lcPushy": 0.1481, "car_lcSigma": 0.738, "car_lcSpeedGainRight": 1.2153, "car_lcSublane": 0.5961, "car_sigma": 0.3022, "car_tau_mean": 3.8649, "car_tau_std": 7.8633, "car_v_mean": 9.7058, "car_v_std": 6.237}, "datetime": {"datetime": "2024-08-10 14:29:18", "elapsed": 6808.17005, "delta": 6.881148}}
{"target": -0.1925222466739377, "params": {"bus_acc": 1.9356, "bus_dcc": 1.2126, "bus_lcAssertive": 11.6638, "bus_lcCooperative": 0.8453, "bus_lcLookaheadLeft": 72.1465, "bus_lcPushy": 0.6591, "bus_lcSigma": 0.5735, "bus_lcSpeedGainRight": 0.5166, "bus_lcSublane": 0.7932, "bus_sigma": 0.8316, "bus_tau_mean": 2.3623, "bus_tau_std": 9.8455, "bus_v_mean": 20.2909, "bus_v_std": 17.0225, "car_acc": 3.1028, "car_dcc": 0.3454, "car_lcAssertive": 2.8248, "car_lcCooperative": 0.3453, "car_lcLookaheadLeft": 89.0108, "car_lcPushy": 0.4151, "car_lcSigma": 0.9653, "car_lcSpeedGainRight": 2.1366, "car_lcSublane": 0.7307, "car_sigma": 0.9009, "car_tau_mean": 2.2526, "car_tau_std": 4.9766, "car_v_mean": 12.9013, "car_v_std": 13.3912}, "datetime": {"datetime": "2024-08-10 14:29:29", "elapsed": 6819.341391, "delta": 11.171341}}
{"target": -0.30760669079951003, "params": {"bus_acc": 3.2318, "bus_dcc": 1.5184, "bus_lcAssertive": 87.3328, "bus_lcCooperative": 0.8277, "bus_lcLookaheadLeft": 24.3778, "bus_lcPushy": 0.0743, "bus_lcSigma": 0.9943, "bus_lcSpeedGainRight": 4.7132, "bus_lcSublane": 0.8443, "bus_sigma": 0.554, "bus_tau_mean": 0.6589, "bus_tau_std": 9.5078, "bus_v_mean": 9.5572, "bus_v_std": 13.3304, "car_acc": 2.9749, "car_dcc": 1.6681, "car_lcAssertive": 37.4418, "car_lcCooperative": 0.5545, "car_lcLookaheadLeft": 8.8949, "car_lcPushy": 0.2129, "car_lcSigma": 0.0291, "car_lcSpeedGainRight": 0.8938, "car_lcSublane": 0.2211, "car_sigma": 0.789, "car_tau_mean": 1.251, "car_tau_std": 5.4404, "car_v_mean": 14.3716, "car_v_std": 3.2718}, "datetime": {"datetime": "2024-08-10 14:29:32", "elapsed": 6822.80143, "delta": 3.460039}}
{"target": -0.339571216054714, "params": {"bus_acc": 3.9521, "bus_dcc": 1.0764, "bus_lcAssertive": 64.9972, "bus_lcCooperative": 0.2311, "bus_lcLookaheadLeft": 65.3291, "bus_lcPushy": 0.3617, "bus_lcSigma": 0.6831, "bus_lcSpeedGainRight": 3.8963, "bus_lcSublane": 0.1283, "bus_sigma": 0.183, "bus_tau_mean": 1.7724, "bus_tau_std": 9.1, "bus_v_mean": 23.2462, "bus_v_std": 16.559, "car_acc": 3.4888, "car_dcc": 3.9793, "car_lcAssertive": 16.7805, "car_lcCooperative": 0.7228, "car_lcLookaheadLeft": 88.1719, "car_lcPushy": 0.7015, "car_lcSigma": 0.5084, "car_lcSpeedGainRight": 2.6491, "car_lcSublane": 0.0468, "car_sigma": 0.4734, "car_tau_mean": 3.9084, "car_tau_std": 1.5826, "car_v_mean": 14.7929, "car_v_std": 5.8874}, "datetime": {"datetime": "2024-08-10 14:29:41", "elapsed": 6831.984713, "delta": 9.183283}}
{"target": -0.4378786657454607, "params": {"bus_acc": 1.5788, "bus_dcc": 2.83, "bus_lcAssertive": 41.7375, "bus_lcCooperative": 0.4637, "bus_lcLookaheadLeft": 12.0032, "bus_lcPushy": 0.7982, "bus_lcSigma": 0.052, "bus_lcSpeedGainRight": 4.0726, "bus_lcSublane": 0.5959, "bus_sigma": 0.2431, "bus_tau_mean": 1.3052, "bus_tau_std": 5.4995, "bus_v_mean": 21.6446, "bus_v_std": 13.9008, "car_acc": 0.5164, "car_dcc": 0.7666, "car_lcAssertive": 31.2999, "car_lcCooperative": 0.0742, "car_lcLookaheadLeft": 66.0229, "car_lcPushy": 0.9197, "car_lcSigma": 0.4013, "car_lcSpeedGainRight": 3.4273, "car_lcSublane": 0.5804, "car_sigma": 0.6952, "car_tau_mean": 2.5865, "car_tau_std": 0.2502, "car_v_mean": 19.9064, "car_v_std": 5.0196}, "datetime": {"datetime": "2024-08-10 14:29:50", "elapsed": 6840.938661, "delta": 8.953948}}
{"target": -0.34034232817839544, "params": {"bus_acc": 0.4697, "bus_dcc": 2.1241, "bus_lcAssertive": 55.8397, "bus_lcCooperative": 0.4679, "bus_lcLookaheadLeft": 13.9504, "bus_lcPushy": 0.8202, "bus_lcSigma": 0.045, "bus_lcSpeedGainRight": 4.4078, "bus_lcSublane": 0.7526, "bus_sigma": 0.985, "bus_tau_mean": 3.4174, "bus_tau_std": 9.5785, "bus_v_mean": 10.533, "bus_v_std": 1.3926, "car_acc": 3.4783, "car_dcc": 3.2084, "car_lcAssertive": 71.5008, "car_lcCooperative": 0.3208, "car_lcLookaheadLeft": 67.257, "car_lcPushy": 0.6966, "car_lcSigma": 0.3715, "car_lcSpeedGainRight": 4.2305, "car_lcSublane": 0.2878, "car_sigma": 0.9489, "car_tau_mean": 3.1521, "car_tau_std": 3.9397, "car_v_mean": 12.3168, "car_v_std": 4.8542}, "datetime": {"datetime": "2024-08-10 14:29:54", "elapsed": 6844.991892, "delta": 4.053231}}
{"target": -0.5091587620434944, "params": {"bus_acc": 1.1861, "bus_dcc": 0.7178, "bus_lcAssertive": 87.5855, "bus_lcCooperative": 0.6871, "bus_lcLookaheadLeft": 99.4857, "bus_lcPushy": 0.1844, "bus_lcSigma": 0.6763, "bus_lcSpeedGainRight": 0.2289, "bus_lcSublane": 0.6267, "bus_sigma": 0.1962, "bus_tau_mean": 2.4624, "bus_tau_std": 3.2037, "bus_v_mean": 16.6894, "bus_v_std": 0.5653, "car_acc": 0.7891, "car_dcc": 3.4615, "car_lcAssertive": 75.4607, "car_lcCooperative": 0.3153, "car_lcLookaheadLeft": 90.8015, "car_lcPushy": 0.6411, "car_lcSigma": 0.6075, "car_lcSpeedGainRight": 3.9513, "car_lcSublane": 0.14, "car_sigma": 0.1836, "car_tau_mean": 1.6079, "car_tau_std": 6.2658, "car_v_mean": 20.2073, "car_v_std": 6.6617}, "datetime": {"datetime": "2024-08-10 14:29:59", "elapsed": 6850.038774, "delta": 5.046882}}
{"target": -0.5427332788737033, "params": {"bus_acc": 1.5425, "bus_dcc": 0.4003, "bus_lcAssertive": 61.4964, "bus_lcCooperative": 0.5408, "bus_lcLookaheadLeft": 57.1384, "bus_lcPushy": 0.7401, "bus_lcSigma": 0.862, "bus_lcSpeedGainRight": 4.9412, "bus_lcSublane": 0.1875, "bus_sigma": 0.9028, "bus_tau_mean": 2.5201, "bus_tau_std": 3.5668, "bus_v_mean": 10.411, "bus_v_std": 3.139, "car_acc": 0.371, "car_dcc": 0.3373, "car_lcAssertive": 79.2897, "car_lcCooperative": 0.264, "car_lcLookaheadLeft": 10.5696, "car_lcPushy": 0.7694, "car_lcSigma": 0.7111, "car_lcSpeedGainRight": 2.0337, "car_lcSublane": 0.4466, "car_sigma": 0.8129, "car_tau_mean": 1.7014, "car_tau_std": 8.3871, "car_v_mean": 13.4593, "car_v_std": 13.5005}, "datetime": {"datetime": "2024-08-10 14:30:07", "elapsed": 6857.865205, "delta": 7.826431}}
{"target": -0.3466260480411265, "params": {"bus_acc": 2.2419, "bus_dcc": 3.8037, "bus_lcAssertive": 34.7021, "bus_lcCooperative": 0.0281, "bus_lcLookaheadLeft": 8.4464, "bus_lcPushy": 0.3263, "bus_lcSigma": 0.2725, "bus_lcSpeedGainRight": 0.5008, "bus_lcSublane": 0.5229, "bus_sigma": 0.1966, "bus_tau_mean": 2.4263, "bus_tau_std": 2.7599, "bus_v_mean": 20.3102, "bus_v_std": 10.6858, "car_acc": 1.6438, "car_dcc": 1.5699, "car_lcAssertive": 83.3292, "car_lcCooperative": 0.3079, "car_lcLookaheadLeft": 51.8769, "car_lcPushy": 0.3466, "car_lcSigma": 0.666, "car_lcSpeedGainRight": 2.6634, "car_lcSublane": 0.4372, "car_sigma": 0.2398, "car_tau_mean": 1.758, "car_tau_std": 5.7422, "car_v_mean": 15.5717, "car_v_std": 17.0946}, "datetime": {"datetime": "2024-08-10 14:30:13", "elapsed": 6863.729973, "delta": 5.864768}}
{"target": -0.37946803094999476, "params": {"bus_acc": 1.7821, "bus_dcc": 2.0522, "bus_lcAssertive": 32.0158, "bus_lcCooperative": 0.8662, "bus_lcLookaheadLeft": 65.2422, "bus_lcPushy": 0.9041, "bus_lcSigma": 0.4209, "bus_lcSpeedGainRight": 3.5233, "bus_lcSublane": 0.0495, "bus_sigma": 0.0978, "bus_tau_mean": 2.3953, "bus_tau_std": 6.6859, "bus_v_mean": 14.0403, "bus_v_std": 5.1487, "car_acc": 0.8896, "car_dcc": 2.1651, "car_lcAssertive": 61.2098, "car_lcCooperative": 0.6586, "car_lcLookaheadLeft": 61.8458, "car_lcPushy": 0.7783, "car_lcSigma": 0.9817, "car_lcSpeedGainRight": 3.8187, "car_lcSublane": 0.4134, "car_sigma": 0.8459, "car_tau_mean": 1.5116, "car_tau_std": 8.469, "car_v_mean": 17.3389, "car_v_std": 13.827}, "datetime": {"datetime": "2024-08-10 14:30:25", "elapsed": 6875.648774, "delta": 11.918801}}
{"target": -0.32553426012134007, "params": {"bus_acc": 1.3449, "bus_dcc": 1.8898, "bus_lcAssertive": 95.216, "bus_lcCooperative": 0.5299, "bus_lcLookaheadLeft": 31.3952, "bus_lcPushy": 0.9592, "bus_lcSigma": 0.5963, "bus_lcSpeedGainRight": 3.7092, "bus_lcSublane": 0.2854, "bus_sigma": 0.8184, "bus_tau_mean": 3.0713, "bus_tau_std": 8.5288, "bus_v_mean": 8.3322, "bus_v_std": 4.0602, "car_acc": 3.0757, "car_dcc": 2.1227, "car_lcAssertive": 45.7041, "car_lcCooperative": 0.7025, "car_lcLookaheadLeft": 60.7611, "car_lcPushy": 0.1014, "car_lcSigma": 0.6934, "car_lcSpeedGainRight": 1.2216, "car_lcSublane": 0.2442, "car_sigma": 0.926, "car_tau_mean": 3.7339, "car_tau_std": 1.4482, "car_v_mean": 15.6271, "car_v_std": 5.2002}, "datetime": {"datetime": "2024-08-10 14:30:30", "elapsed": 6880.965605, "delta": 5.316831}}
{"target": -0.3431142625132028, "params": {"bus_acc": 2.6595, "bus_dcc": 1.8201, "bus_lcAssertive": 63.0283, "bus_lcCooperative": 0.8626, "bus_lcLookaheadLeft": 34.353, "bus_lcPushy": 0.1192, "bus_lcSigma": 0.7223, "bus_lcSpeedGainRight": 1.3999, "bus_lcSublane": 0.416, "bus_sigma": 0.8797, "bus_tau_mean": 2.8517, "bus_tau_std": 2.7621, "bus_v_mean": 18.9451, "bus_v_std": 10.3815, "car_acc": 3.4936, "car_dcc": 0.58, "car_lcAssertive": 51.1962, "car_lcCooperative": 0.0185, "car_lcLookaheadLeft": 49.293, "car_lcPushy": 0.2207, "car_lcSigma": 0.0173, "car_lcSpeedGainRight": 3.7323, "car_lcSublane": 0.9619, "car_sigma": 0.9306, "car_tau_mean": 1.0594, "car_tau_std": 7.7367, "car_v_mean": 24.4094, "car_v_std": 6.2038}, "datetime": {"datetime": "2024-08-10 14:30:34", "elapsed": 6884.969693, "delta": 4.004088}}
{"target": -0.7135862986616281, "params": {"bus_acc": 2.3095, "bus_dcc": 0.632, "bus_lcAssertive": 53.8413, "bus_lcCooperative": 0.9248, "bus_lcLookaheadLeft": 13.5213, "bus_lcPushy": 0.7497, "bus_lcSigma": 0.4346, "bus_lcSpeedGainRight": 0.1875, "bus_lcSublane": 0.0733, "bus_sigma": 0.8361, "bus_tau_mean": 2.3273, "bus_tau_std": 0.6695, "bus_v_mean": 22.6709, "bus_v_std": 4.8569, "car_acc": 0.353, "car_dcc": 3.5206, "car_lcAssertive": 7.2558, "car_lcCooperative": 0.4092, "car_lcLookaheadLeft": 98.1875, "car_lcPushy": 0.8955, "car_lcSigma": 0.2666, "car_lcSpeedGainRight": 0.3909, "car_lcSublane": 0.6126, "car_sigma": 0.4825, "car_tau_mean": 1.396, "car_tau_std": 6.3398, "car_v_mean": 14.7211, "car_v_std": 7.1396}, "datetime": {"datetime": "2024-08-10 14:30:40", "elapsed": 6890.2088, "delta": 5.239107}}
{"target": -0.30050811043855014, "params": {"bus_acc": 3.6455, "bus_dcc": 1.3864, "bus_lcAssertive": 18.0728, "bus_lcCooperative": 0.6213, "bus_lcLookaheadLeft": 73.4911, "bus_lcPushy": 0.3012, "bus_lcSigma": 0.7098, "bus_lcSpeedGainRight": 1.8759, "bus_lcSublane": 0.2396, "bus_sigma": 0.8993, "bus_tau_mean": 0.8432, "bus_tau_std": 3.4493, "bus_v_mean": 15.9657, "bus_v_std": 6.5508, "car_acc": 2.9173, "car_dcc": 2.0674, "car_lcAssertive": 41.7269, "car_lcCooperative": 0.7873, "car_lcLookaheadLeft": 10.7456, "car_lcPushy": 0.065, "car_lcSigma": 0.2296, "car_lcSpeedGainRight": 0.6284, "car_lcSublane": 0.7587, "car_sigma": 0.1558, "car_tau_mean": 0.9516, "car_tau_std": 5.5651, "car_v_mean": 9.9615, "car_v_std": 18.1989}, "datetime": {"datetime": "2024-08-10 14:30:52", "elapsed": 6902.333724, "delta": 12.124924}}
{"target": -0.3352836009486586, "params": {"bus_acc": 2.0508, "bus_dcc": 1.5266, "bus_lcAssertive": 56.5852, "bus_lcCooperative": 0.7153, "bus_lcLookaheadLeft": 34.5166, "bus_lcPushy": 0.6296, "bus_lcSigma": 0.8327, "bus_lcSpeedGainRight": 2.0927, "bus_lcSublane": 0.2204, "bus_sigma": 0.6009, "bus_tau_mean": 2.6304, "bus_tau_std": 6.7767, "bus_v_mean": 15.0326, "bus_v_std": 4.3565, "car_acc": 3.7021, "car_dcc": 3.1535, "car_lcAssertive": 55.0949, "car_lcCooperative": 0.2638, "car_lcLookaheadLeft": 9.6562, "car_lcPushy": 0.7246, "car_lcSigma": 0.7605, "car_lcSpeedGainRight": 3.6825, "car_lcSublane": 0.3255, "car_sigma": 0.3711, "car_tau_mean": 2.3617, "car_tau_std": 5.1592, "car_v_mean": 14.1374, "car_v_std": 16.8012}, "datetime": {"datetime": "2024-08-10 14:30:57", "elapsed": 6907.175654, "delta": 4.84193}}
