{"target": -0.3128436271316882, "params": {"bus_acc": 2.8916, "bus_dcc": 2.2926, "bus_lcAssertive": 54.3625, "bus_lcCooperative": 0.8236, "bus_lcLookaheadLeft": 83.8528, "bus_lcPushy": 0.5663, "bus_lcSigma": 0.2034, "bus_lcSpeedGainRight": 4.2612, "bus_lcSublane": 0.9806, "bus_sigma": 0.6978, "bus_tau_mean": 1.1341, "bus_tau_std": 5.0141, "bus_v_mean": 16.3276, "bus_v_std": 17.0889, "car_acc": 3.9764, "car_dcc": 2.0011, "car_lcAssertive": 78.5203, "car_lcCooperative": 0.7316, "car_lcLookaheadLeft": 46.6255, "car_lcPushy": 0.9393, "car_lcSigma": 0.6263, "car_lcSpeedGainRight": 3.978, "car_lcSublane": 0.8136, "car_sigma": 0.9866, "car_tau_mean": 0.8057, "car_tau_std": 0.5098, "car_v_mean": 23.986, "car_v_std": 8.0116}, "datetime": {"datetime": "2024-08-10 13:02:05", "elapsed": 1575.414458, "delta": 4.487295}}
{"target": -0.3105713839462472, "params": {"bus_acc": 0.4086, "bus_dcc": 1.4347, "bus_lcAssertive": 83.8266, "bus_lcCooperative": 0.136, "bus_lcLookaheadLeft": 52.6929, "bus_lcPushy": 0.0735, "bus_lcSigma": 0.6773, "bus_lcSpeedGainRight": 2.9465, "bus_lcSublane": 0.3172, "bus_sigma": 0.1322, "bus_tau_mean": 3.6207, "bus_tau_std": 6.2615, "bus_v_mean": 10.9336, "bus_v_std": 11.6024, "car_acc": 2.2201, "car_dcc": 2.6191, "car_lcAssertive": 32.2277, "car_lcCooperative": 0.5428, "car_lcLookaheadLeft": 44.6531, "car_lcPushy": 0.4918, "car_lcSigma": 0.7011, "car_lcSpeedGainRight": 1.6827, "car_lcSublane": 0.8381, "car_sigma": 0.3069, "car_tau_mean": 0.7703, "car_tau_std": 8.4632, "car_v_mean": 18.0032, "car_v_std": 10.3871}, "datetime": {"datetime": "2024-08-10 13:02:09", "elapsed": 1579.649142, "delta": 4.234684}}
{"target": -0.357934417831812, "params": {"bus_acc": 2.019, "bus_dcc": 3.7204, "bus_lcAssertive": 58.9689, "bus_lcCooperative": 0.1375, "bus_lcLookaheadLeft": 52.9653, "bus_lcPushy": 0.8082, "bus_lcSigma": 0.7829, "bus_lcSpeedGainRight": 0.2574, "bus_lcSublane": 0.6889, "bus_sigma": 0.5312, "bus_tau_mean": 3.5827, "bus_tau_std": 0.4668, "bus_v_mean": 19.2153, "bus_v_std": 0.2383, "car_acc": 0.9431, "car_dcc": 2.4532, "car_lcAssertive": 80.8545, "car_lcCooperative": 0.9579, "car_lcLookaheadLeft": 80.6857, "car_lcPushy": 0.5419, "car_lcSigma": 0.4713, "car_lcSpeedGainRight": 1.24, "car_lcSublane": 0.735, "car_sigma": 0.2784, "car_tau_mean": 0.8425, "car_tau_std": 9.2688, "car_v_mean": 9.8972, "car_v_std": 1.1938}, "datetime": {"datetime": "2024-08-10 13:02:18", "elapsed": 1588.894004, "delta": 9.244862}}
{"target": -0.36446127856863114, "params": {"bus_acc": 3.1791, "bus_dcc": 3.0898, "bus_lcAssertive": 25.4912, "bus_lcCooperative": 0.2983, "bus_lcLookaheadLeft": 85.4538, "bus_lcPushy": 0.4073, "bus_lcSigma": 0.1484, "bus_lcSpeedGainRight": 0.6144, "bus_lcSublane": 0.4812, "bus_sigma": 0.5983, "bus_tau_mean": 3.9325, "bus_tau_std": 1.7506, "bus_v_mean": 16.1475, "bus_v_std": 5.5185, "car_acc": 2.0404, "car_dcc": 1.844, "car_lcAssertive": 61.9928, "car_lcCooperative": 0.5307, "car_lcLookaheadLeft": 24.811, "car_lcPushy": 0.6433, "car_lcSigma": 0.3767, "car_lcSpeedGainRight": 4.9286, "car_lcSublane": 0.1169, "car_sigma": 0.8566, "car_tau_mean": 2.6605, "car_tau_std": 3.3774, "car_v_mean": 8.3043, "car_v_std": 4.2006}, "datetime": {"datetime": "2024-08-10 13:02:22", "elapsed": 1592.88877, "delta": 3.994766}}
{"target": -0.6847389522058397, "params": {"bus_acc": 1.655, "bus_dcc": 1.5241, "bus_lcAssertive": 80.2657, "bus_lcCooperative": 0.7879, "bus_lcLookaheadLeft": 11.6213, "bus_lcPushy": 0.0031, "bus_lcSigma": 0.3596, "bus_lcSpeedGainRight": 2.7194, "bus_lcSublane": 0.7243, "bus_sigma": 0.8719, "bus_tau_mean": 3.6815, "bus_tau_std": 3.3966, "bus_v_mean": 16.3976, "bus_v_std": 4.6887, "car_acc": 0.6944, "car_dcc": 3.2754, "car_lcAssertive": 77.4608, "car_lcCooperative": 0.9329, "car_lcLookaheadLeft": 47.0987, "car_lcPushy": 0.879, "car_lcSigma": 0.1485, "car_lcSpeedGainRight": 1.0537, "car_lcSublane": 0.5636, "car_sigma": 0.9514, "car_tau_mean": 2.5087, "car_tau_std": 6.3861, "car_v_mean": 18.438, "car_v_std": 16.3099}, "datetime": {"datetime": "2024-08-10 13:02:26", "elapsed": 1596.382694, "delta": 3.493924}}
{"target": -0.32423363665247945, "params": {"bus_acc": 0.9653, "bus_dcc": 0.4609, "bus_lcAssertive": 72.8553, "bus_lcCooperative": 0.8018, "bus_lcLookaheadLeft": 16.3868, "bus_lcPushy": 0.8308, "bus_lcSigma": 0.4308, "bus_lcSpeedGainRight": 0.8344, "bus_lcSublane": 0.1799, "bus_sigma": 0.511, "bus_tau_mean": 1.3791, "bus_tau_std": 2.1014, "bus_v_mean": 23.2397, "bus_v_std": 4.7479, "car_acc": 0.6642, "car_dcc": 3.603, "car_lcAssertive": 21.3981, "car_lcCooperative": 0.9159, "car_lcLookaheadLeft": 46.1616, "car_lcPushy": 0.3291, "car_lcSigma": 0.2263, "car_lcSpeedGainRight": 2.5672, "car_lcSublane": 0.4834, "car_sigma": 0.907, "car_tau_mean": 0.6628, "car_tau_std": 4.818, "car_v_mean": 23.8558, "car_v_std": 0.595}, "datetime": {"datetime": "2024-08-10 13:02:30", "elapsed": 1600.489349, "delta": 4.106655}}
{"target": -0.40333218585591446, "params": {"bus_acc": 1.8011, "bus_dcc": 0.7767, "bus_lcAssertive": 21.7811, "bus_lcCooperative": 0.1518, "bus_lcLookaheadLeft": 35.0814, "bus_lcPushy": 0.2886, "bus_lcSigma": 0.5104, "bus_lcSpeedGainRight": 2.8449, "bus_lcSublane": 0.0093, "bus_sigma": 0.7771, "bus_tau_mean": 1.4594, "bus_tau_std": 4.9986, "bus_v_mean": 24.7213, "bus_v_std": 10.8808, "car_acc": 0.8508, "car_dcc": 2.7612, "car_lcAssertive": 99.0693, "car_lcCooperative": 0.8075, "car_lcLookaheadLeft": 25.7535, "car_lcPushy": 0.0069, "car_lcSigma": 0.9199, "car_lcSpeedGainRight": 4.3539, "car_lcSublane": 0.7087, "car_sigma": 0.6771, "car_tau_mean": 1.0573, "car_tau_std": 7.8928, "car_v_mean": 23.4841, "car_v_std": 4.5541}, "datetime": {"datetime": "2024-08-10 13:02:35", "elapsed": 1605.183234, "delta": 4.693885}}
{"target": -0.3977359999200269, "params": {"bus_acc": 0.647, "bus_dcc": 3.1805, "bus_lcAssertive": 48.9274, "bus_lcCooperative": 0.6422, "bus_lcLookaheadLeft": 28.5839, "bus_lcPushy": 0.2092, "bus_lcSigma": 0.6953, "bus_lcSpeedGainRight": 1.1259, "bus_lcSublane": 0.6118, "bus_sigma": 0.9425, "bus_tau_mean": 2.4076, "bus_tau_std": 4.3227, "bus_v_mean": 13.4585, "bus_v_std": 5.4054, "car_acc": 1.1412, "car_dcc": 1.6068, "car_lcAssertive": 34.6383, "car_lcCooperative": 0.1437, "car_lcLookaheadLeft": 60.4232, "car_lcPushy": 0.251, "car_lcSigma": 0.8318, "car_lcSpeedGainRight": 4.9779, "car_lcSublane": 0.7678, "car_sigma": 0.6245, "car_tau_mean": 3.9065, "car_tau_std": 8.9965, "car_v_mean": 9.0168, "car_v_std": 1.9865}, "datetime": {"datetime": "2024-08-10 13:02:42", "elapsed": 1612.894014, "delta": 7.71078}}
{"target": -0.2873074999144591, "params": {"bus_acc": 1.1426, "bus_dcc": 2.7364, "bus_lcAssertive": 6.9134, "bus_lcCooperative": 0.3525, "bus_lcLookaheadLeft": 34.8293, "bus_lcPushy": 0.9321, "bus_lcSigma": 0.2987, "bus_lcSpeedGainRight": 1.946, "bus_lcSublane": 0.3715, "bus_sigma": 0.7064, "bus_tau_mean": 0.8744, "bus_tau_std": 6.8764, "bus_v_mean": 15.34, "bus_v_std": 3.5874, "car_acc": 3.3957, "car_dcc": 0.4574, "car_lcAssertive": 65.2212, "car_lcCooperative": 0.5081, "car_lcLookaheadLeft": 97.7144, "car_lcPushy": 0.43, "car_lcSigma": 0.7065, "car_lcSpeedGainRight": 4.8178, "car_lcSublane": 0.639, "car_sigma": 0.2877, "car_tau_mean": 3.7388, "car_tau_std": 2.9122, "car_v_mean": 14.7483, "car_v_std": 18.7598}, "datetime": {"datetime": "2024-08-10 13:02:46", "elapsed": 1616.253611, "delta": 3.359597}}
{"target": -0.3500147270073584, "params": {"bus_acc": 1.8929, "bus_dcc": 2.9473, "bus_lcAssertive": 15.132, "bus_lcCooperative": 0.2474, "bus_lcLookaheadLeft": 28.4529, "bus_lcPushy": 0.5661, "bus_lcSigma": 0.7029, "bus_lcSpeedGainRight": 3.155, "bus_lcSublane": 0.6402, "bus_sigma": 0.5079, "bus_tau_mean": 1.209, "bus_tau_std": 2.833, "bus_v_mean": 9.2731, "bus_v_std": 5.6558, "car_acc": 3.0308, "car_dcc": 2.5967, "car_lcAssertive": 33.8726, "car_lcCooperative": 0.8255, "car_lcLookaheadLeft": 13.6338, "car_lcPushy": 0.7981, "car_lcSigma": 0.809, "car_lcSpeedGainRight": 3.9213, "car_lcSublane": 0.0909, "car_sigma": 0.5142, "car_tau_mean": 1.8993, "car_tau_std": 0.1267, "car_v_mean": 13.7538, "car_v_std": 13.0777}, "datetime": {"datetime": "2024-08-10 13:02:50", "elapsed": 1620.936438, "delta": 4.682827}}
{"target": -0.4896795771345361, "params": {"bus_acc": 1.4659, "bus_dcc": 3.1152, "bus_lcAssertive": 83.384, "bus_lcCooperative": 0.8249, "bus_lcLookaheadLeft": 17.0386, "bus_lcPushy": 0.1207, "bus_lcSigma": 0.3881, "bus_lcSpeedGainRight": 2.5867, "bus_lcSublane": 0.2254, "bus_sigma": 0.6195, "bus_tau_mean": 3.2918, "bus_tau_std": 0.5813, "bus_v_mean": 22.2202, "bus_v_std": 5.584, "car_acc": 0.6381, "car_dcc": 1.5376, "car_lcAssertive": 12.1187, "car_lcCooperative": 0.3171, "car_lcLookaheadLeft": 96.7043, "car_lcPushy": 0.4861, "car_lcSigma": 0.4781, "car_lcSpeedGainRight": 2.5573, "car_lcSublane": 0.1996, "car_sigma": 0.4959, "car_tau_mean": 0.5596, "car_tau_std": 7.5601, "car_v_mean": 24.7545, "car_v_std": 5.6273}, "datetime": {"datetime": "2024-08-10 13:02:55", "elapsed": 1625.938497, "delta": 5.002059}}
{"target": -0.2994804886637761, "params": {"bus_acc": 1.9816, "bus_dcc": 2.1204, "bus_lcAssertive": 91.1945, "bus_lcCooperative": 0.8661, "bus_lcLookaheadLeft": 67.2219, "bus_lcPushy": 0.8524, "bus_lcSigma": 0.5742, "bus_lcSpeedGainRight": 1.6075, "bus_lcSublane": 0.3181, "bus_sigma": 0.7028, "bus_tau_mean": 3.5348, "bus_tau_std": 8.9652, "bus_v_mean": 8.9932, "bus_v_std": 13.5314, "car_acc": 1.4591, "car_dcc": 0.7267, "car_lcAssertive": 72.2149, "car_lcCooperative": 0.3283, "car_lcLookaheadLeft": 69.5215, "car_lcPushy": 0.9702, "car_lcSigma": 0.9583, "car_lcSpeedGainRight": 1.5866, "car_lcSublane": 0.3169, "car_sigma": 0.97, "car_tau_mean": 3.3803, "car_tau_std": 3.7378, "car_v_mean": 16.5466, "car_v_std": 6.1059}, "datetime": {"datetime": "2024-08-10 13:02:58", "elapsed": 1629.067418, "delta": 3.128921}}
{"target": -0.46188335241304185, "params": {"bus_acc": 2.8263, "bus_dcc": 0.3024, "bus_lcAssertive": 10.9206, "bus_lcCooperative": 0.0041, "bus_lcLookaheadLeft": 48.5163, "bus_lcPushy": 0.8986, "bus_lcSigma": 0.3649, "bus_lcSpeedGainRight": 1.611, "bus_lcSublane": 0.6935, "bus_sigma": 0.6725, "bus_tau_mean": 2.096, "bus_tau_std": 3.1371, "bus_v_mean": 17.7882, "bus_v_std": 12.8111, "car_acc": 0.8033, "car_dcc": 1.8894, "car_lcAssertive": 81.3251, "car_lcCooperative": 0.2179, "car_lcLookaheadLeft": 51.8543, "car_lcPushy": 0.4378, "car_lcSigma": 0.458, "car_lcSpeedGainRight": 1.4607, "car_lcSublane": 0.3218, "car_sigma": 0.7696, "car_tau_mean": 2.9081, "car_tau_std": 5.193, "car_v_mean": 20.9128, "car_v_std": 19.5826}, "datetime": {"datetime": "2024-08-10 13:03:01", "elapsed": 1632.096773, "delta": 3.029355}}
{"target": -0.36840254305508435, "params": {"bus_acc": 1.0175, "bus_dcc": 2.6367, "bus_lcAssertive": 22.1262, "bus_lcCooperative": 0.7477, "bus_lcLookaheadLeft": 6.3593, "bus_lcPushy": 0.6847, "bus_lcSigma": 0.7508, "bus_lcSpeedGainRight": 4.7616, "bus_lcSublane": 0.6942, "bus_sigma": 0.8117, "bus_tau_mean": 3.8402, "bus_tau_std": 9.304, "bus_v_mean": 9.7618, "bus_v_std": 14.6941, "car_acc": 1.6962, "car_dcc": 1.0729, "car_lcAssertive": 23.0095, "car_lcCooperative": 0.44, "car_lcLookaheadLeft": 90.7891, "car_lcPushy": 0.5283, "car_lcSigma": 0.5729, "car_lcSpeedGainRight": 0.851, "car_lcSublane": 0.0612, "car_sigma": 0.2422, "car_tau_mean": 0.542, "car_tau_std": 6.4913, "car_v_mean": 22.3076, "car_v_std": 13.9737}, "datetime": {"datetime": "2024-08-10 13:03:11", "elapsed": 1641.93202, "delta": 9.835247}}
{"target": -0.326305748219006, "params": {"bus_acc": 2.1176, "bus_dcc": 3.2734, "bus_lcAssertive": 52.3127, "bus_lcCooperative": 0.6127, "bus_lcLookaheadLeft": 36.6747, "bus_lcPushy": 0.4523, "bus_lcSigma": 0.4503, "bus_lcSpeedGainRight": 2.5491, "bus_lcSublane": 0.8718, "bus_sigma": 0.8232, "bus_tau_mean": 0.6936, "bus_tau_std": 0.6541, "bus_v_mean": 9.0347, "bus_v_std": 11.9492, "car_acc": 0.7618, "car_dcc": 2.1501, "car_lcAssertive": 81.5233, "car_lcCooperative": 0.7706, "car_lcLookaheadLeft": 69.6446, "car_lcPushy": 0.9558, "car_lcSigma": 0.0888, "car_lcSpeedGainRight": 2.7949, "car_lcSublane": 0.3614, "car_sigma": 0.2342, "car_tau_mean": 1.2027, "car_tau_std": 5.5101, "car_v_mean": 11.939, "car_v_std": 0.4542}, "datetime": {"datetime": "2024-08-10 13:03:15", "elapsed": 1645.850371, "delta": 3.918351}}
{"target": -0.35329139095241174, "params": {"bus_acc": 0.8399, "bus_dcc": 2.3749, "bus_lcAssertive": 40.8004, "bus_lcCooperative": 0.6934, "bus_lcLookaheadLeft": 95.7789, "bus_lcPushy": 0.8771, "bus_lcSigma": 0.5525, "bus_lcSpeedGainRight": 2.6937, "bus_lcSublane": 0.6394, "bus_sigma": 0.4201, "bus_tau_mean": 1.4856, "bus_tau_std": 2.0812, "bus_v_mean": 8.3645, "bus_v_std": 19.6613, "car_acc": 2.1513, "car_dcc": 3.0123, "car_lcAssertive": 53.3262, "car_lcCooperative": 0.5755, "car_lcLookaheadLeft": 67.7022, "car_lcPushy": 0.1044, "car_lcSigma": 0.7307, "car_lcSpeedGainRight": 2.5489, "car_lcSublane": 0.4178, "car_sigma": 0.2078, "car_tau_mean": 3.6581, "car_tau_std": 3.041, "car_v_mean": 15.1494, "car_v_std": 19.9893}, "datetime": {"datetime": "2024-08-10 13:03:19", "elapsed": 1649.737838, "delta": 3.887467}}
{"target": -0.374016152095419, "params": {"bus_acc": 0.7713, "bus_dcc": 1.4423, "bus_lcAssertive": 42.768, "bus_lcCooperative": 0.6282, "bus_lcLookaheadLeft": 35.2607, "bus_lcPushy": 0.0958, "bus_lcSigma": 0.0977, "bus_lcSpeedGainRight": 2.8981, "bus_lcSublane": 0.6512, "bus_sigma": 0.7225, "bus_tau_mean": 2.3213, "bus_tau_std": 3.557, "bus_v_mean": 19.663, "bus_v_std": 11.0876, "car_acc": 0.5054, "car_dcc": 1.9894, "car_lcAssertive": 48.4973, "car_lcCooperative": 0.5742, "car_lcLookaheadLeft": 78.4327, "car_lcPushy": 0.8054, "car_lcSigma": 0.6701, "car_lcSpeedGainRight": 1.8869, "car_lcSublane": 0.0995, "car_sigma": 0.1267, "car_tau_mean": 2.0626, "car_tau_std": 3.3558, "car_v_mean": 16.7057, "car_v_std": 10.0445}, "datetime": {"datetime": "2024-08-10 13:03:27", "elapsed": 1657.319979, "delta": 7.582141}}
{"target": -0.3351319049224272, "params": {"bus_acc": 1.1278, "bus_dcc": 1.6857, "bus_lcAssertive": 67.611, "bus_lcCooperative": 0.1882, "bus_lcLookaheadLeft": 91.3306, "bus_lcPushy": 0.5503, "bus_lcSigma": 0.0409, "bus_lcSpeedGainRight": 1.71, "bus_lcSublane": 0.5321, "bus_sigma": 0.6529, "bus_tau_mean": 1.5905, "bus_tau_std": 8.3934, "bus_v_mean": 22.8363, "bus_v_std": 13.1301, "car_acc": 2.282, "car_dcc": 0.9283, "car_lcAssertive": 86.2464, "car_lcCooperative": 0.5762, "car_lcLookaheadLeft": 33.804, "car_lcPushy": 0.5059, "car_lcSigma": 0.1359, "car_lcSpeedGainRight": 2.3839, "car_lcSublane": 0.7933, "car_sigma": 0.9007, "car_tau_mean": 3.8749, "car_tau_std": 6.2882, "car_v_mean": 25.9515, "car_v_std": 14.213}, "datetime": {"datetime": "2024-08-10 13:03:30", "elapsed": 1660.903666, "delta": 3.583687}}
{"target": -0.2233424998830326, "params": {"bus_acc": 0.48, "bus_dcc": 0.8607, "bus_lcAssertive": 32.9178, "bus_lcCooperative": 0.2529, "bus_lcLookaheadLeft": 50.563, "bus_lcPushy": 0.8289, "bus_lcSigma": 0.8584, "bus_lcSpeedGainRight": 2.9836, "bus_lcSublane": 0.2446, "bus_sigma": 0.1909, "bus_tau_mean": 3.1063, "bus_tau_std": 2.3766, "bus_v_mean": 17.7153, "bus_v_std": 14.9901, "car_acc": 1.0718, "car_dcc": 0.8676, "car_lcAssertive": 4.9383, "car_lcCooperative": 0.152, "car_lcLookaheadLeft": 85.4455, "car_lcPushy": 0.1091, "car_lcSigma": 0.2281, "car_lcSpeedGainRight": 0.1682, "car_lcSublane": 0.6808, "car_sigma": 0.2362, "car_tau_mean": 1.952, "car_tau_std": 1.3975, "car_v_mean": 14.7944, "car_v_std": 8.4932}, "datetime": {"datetime": "2024-08-10 13:03:33", "elapsed": 1663.222523, "delta": 2.318857}}
{"target": -0.3466640018988292, "params": {"bus_acc": 0.9917, "bus_dcc": 1.3724, "bus_lcAssertive": 33.4494, "bus_lcCooperative": 0.7646, "bus_lcLookaheadLeft": 51.0548, "bus_lcPushy": 1.0, "bus_lcSigma": 1.0, "bus_lcSpeedGainRight": 3.4953, "bus_lcSublane": 0.7564, "bus_sigma": 0.7027, "bus_tau_mean": 3.618, "bus_tau_std": 2.8883, "bus_v_mean": 18.2469, "bus_v_std": 15.5216, "car_acc": 1.5835, "car_dcc": 1.3793, "car_lcAssertive": 5.45, "car_lcCooperative": 0.6638, "car_lcLookaheadLeft": 85.9572, "car_lcPushy": 0.6208, "car_lcSigma": 0.7398, "car_lcSpeedGainRight": 0.68, "car_lcSublane": 1.0, "car_sigma": 0.728, "car_tau_mean": 2.4638, "car_tau_std": 1.9092, "car_v_mean": 15.3259, "car_v_std": 9.0248}, "datetime": {"datetime": "2024-08-10 13:03:36", "elapsed": 1666.573154, "delta": 3.350631}}
{"target": -0.2541786433890635, "params": {"bus_acc": 2.2915, "bus_dcc": 3.7685, "bus_lcAssertive": 26.7926, "bus_lcCooperative": 0.4718, "bus_lcLookaheadLeft": 70.281, "bus_lcPushy": 0.1121, "bus_lcSigma": 0.9027, "bus_lcSpeedGainRight": 4.3854, "bus_lcSublane": 0.1528, "bus_sigma": 0.2224, "bus_tau_mean": 1.886, "bus_tau_std": 0.0871, "bus_v_mean": 8.5968, "bus_v_std": 15.8443, "car_acc": 1.3504, "car_dcc": 0.9287, "car_lcAssertive": 93.4853, "car_lcCooperative": 0.3791, "car_lcLookaheadLeft": 48.2183, "car_lcPushy": 0.1152, "car_lcSigma": 0.4964, "car_lcSpeedGainRight": 3.1997, "car_lcSublane": 0.7564, "car_sigma": 0.1791, "car_tau_mean": 0.872, "car_tau_std": 8.4275, "car_v_mean": 8.0489, "car_v_std": 5.7265}, "datetime": {"datetime": "2024-08-10 13:03:41", "elapsed": 1672.049808, "delta": 5.476654}}
{"target": -0.3360684225079568, "params": {"bus_acc": 2.1541, "bus_dcc": 1.228, "bus_lcAssertive": 95.8217, "bus_lcCooperative": 0.4908, "bus_lcLookaheadLeft": 17.4077, "bus_lcPushy": 0.6511, "bus_lcSigma": 0.6699, "bus_lcSpeedGainRight": 2.7398, "bus_lcSublane": 0.9704, "bus_sigma": 0.8597, "bus_tau_mean": 3.4312, "bus_tau_std": 0.3687, "bus_v_mean": 8.0052, "bus_v_std": 12.1957, "car_acc": 0.835, "car_dcc": 3.8025, "car_lcAssertive": 27.0568, "car_lcCooperative": 0.652, "car_lcLookaheadLeft": 46.8075, "car_lcPushy": 0.4987, "car_lcSigma": 0.506, "car_lcSpeedGainRight": 3.2769, "car_lcSublane": 0.1296, "car_sigma": 0.1544, "car_tau_mean": 0.7906, "car_tau_std": 6.1124, "car_v_mean": 24.5745, "car_v_std": 0.2776}, "datetime": {"datetime": "2024-08-10 13:03:48", "elapsed": 1678.566691, "delta": 6.516883}}
{"target": -0.3062007926727495, "params": {"bus_acc": 3.0453, "bus_dcc": 1.0553, "bus_lcAssertive": 27.3855, "bus_lcCooperative": 0.1144, "bus_lcLookaheadLeft": 2.4621, "bus_lcPushy": 0.5267, "bus_lcSigma": 0.7898, "bus_lcSpeedGainRight": 3.4287, "bus_lcSublane": 0.3679, "bus_sigma": 0.2809, "bus_tau_mean": 2.785, "bus_tau_std": 2.5391, "bus_v_mean": 11.1, "bus_v_std": 19.992, "car_acc": 3.583, "car_dcc": 2.2595, "car_lcAssertive": 42.2256, "car_lcCooperative": 0.61, "car_lcLookaheadLeft": 17.8752, "car_lcPushy": 0.7171, "car_lcSigma": 0.1833, "car_lcSpeedGainRight": 0.233, "car_lcSublane": 0.5431, "car_sigma": 0.5196, "car_tau_mean": 3.1163, "car_tau_std": 0.886, "car_v_mean": 13.012, "car_v_std": 5.9302}, "datetime": {"datetime": "2024-08-10 13:03:51", "elapsed": 1681.972795, "delta": 3.406104}}
{"target": -0.3185644579883618, "params": {"bus_acc": 0.9122, "bus_dcc": 1.2672, "bus_lcAssertive": 33.3243, "bus_lcCooperative": 0.6337, "bus_lcLookaheadLeft": 50.9694, "bus_lcPushy": 1.0, "bus_lcSigma": 1.0, "bus_lcSpeedGainRight": 3.4158, "bus_lcSublane": 0.6254, "bus_sigma": 0.6231, "bus_tau_mean": 3.5385, "bus_tau_std": 2.8088, "bus_v_mean": 18.1218, "bus_v_std": 15.3966, "car_acc": 1.504, "car_dcc": 1.274, "car_lcAssertive": 5.3448, "car_lcCooperative": 0.5328, "car_lcLookaheadLeft": 85.8263, "car_lcPushy": 0.4899, "car_lcSigma": 0.6089, "car_lcSpeedGainRight": 0.5491, "car_lcSublane": 1.0, "car_sigma": 0.617, "car_tau_mean": 2.3585, "car_tau_std": 1.8297, "car_v_mean": 15.2009, "car_v_std": 8.8997}, "datetime": {"datetime": "2024-08-10 13:03:58", "elapsed": 1688.488717, "delta": 6.515922}}
{"target": -0.4987112411114269, "params": {"bus_acc": 2.7734, "bus_dcc": 0.3878, "bus_lcAssertive": 53.9711, "bus_lcCooperative": 0.748, "bus_lcLookaheadLeft": 37.5547, "bus_lcPushy": 0.7906, "bus_lcSigma": 0.4765, "bus_lcSpeedGainRight": 1.6186, "bus_lcSublane": 0.7357, "bus_sigma": 0.9721, "bus_tau_mean": 1.7397, "bus_tau_std": 5.6438, "bus_v_mean": 16.291, "bus_v_std": 19.387, "car_acc": 0.8347, "car_dcc": 3.4402, "car_lcAssertive": 6.2256, "car_lcCooperative": 0.4601, "car_lcLookaheadLeft": 18.2466, "car_lcPushy": 0.1047, "car_lcSigma": 0.7804, "car_lcSpeedGainRight": 3.8199, "car_lcSublane": 0.3145, "car_sigma": 0.8222, "car_tau_mean": 2.386, "car_tau_std": 4.0416, "car_v_mean": 24.1094, "car_v_std": 14.7514}, "datetime": {"datetime": "2024-08-10 13:04:04", "elapsed": 1694.41414, "delta": 5.925423}}
{"target": -0.325165757874597, "params": {"bus_acc": 3.2721, "bus_dcc": 3.1443, "bus_lcAssertive": 82.045, "bus_lcCooperative": 0.4899, "bus_lcLookaheadLeft": 42.4741, "bus_lcPushy": 0.9859, "bus_lcSigma": 0.2573, "bus_lcSpeedGainRight": 2.5608, "bus_lcSublane": 0.9199, "bus_sigma": 0.5817, "bus_tau_mean": 3.8568, "bus_tau_std": 3.4968, "bus_v_mean": 13.1493, "bus_v_std": 0.0397, "car_acc": 3.1029, "car_dcc": 1.9816, "car_lcAssertive": 36.1649, "car_lcCooperative": 0.3744, "car_lcLookaheadLeft": 45.6146, "car_lcPushy": 0.0161, "car_lcSigma": 0.5265, "car_lcSpeedGainRight": 1.0341, "car_lcSublane": 0.2329, "car_sigma": 0.0529, "car_tau_mean": 3.533, "car_tau_std": 7.7272, "car_v_mean": 17.9765, "car_v_std": 6.907}, "datetime": {"datetime": "2024-08-10 13:04:10", "elapsed": 1700.785731, "delta": 6.371591}}
