{"target": -0.509077523536252, "params": {"bus_acc": 1.7347578226944609, "bus_dcc": 1.250336035469407, "bus_lcAssertive": 75.66265040850023, "bus_lcCooperative": 0.32178620055239215, "bus_lcLookaheadLeft": 80.41414256791496, "bus_lcPushy": 0.9113083542736461, "bus_lcSigma": 0.5131490075412158, "bus_lcSpeedGainRight": 2.147110148403261, "bus_lcSublane": 0.09159480217154525, "bus_sigma": 0.27367730380496647, "bus_tau_mean": 3.6032673509104907, "bus_tau_std": 2.459443412735529, "bus_v_mean": 19.181408963675747, "bus_v_std": 9.900147916856014, "car_acc": 0.5586156365500146, "car_dcc": 3.617600419292929, "car_lcAssertive": 7.709312413353263, "car_lcCooperative": 0.680702325466581, "car_lcLookaheadLeft": 97.25581771846967, "car_lcPushy": 0.709373790820744, "car_lcSigma": 0.3259087204583756, "car_lcSpeedGainRight": 0.3672008318399933, "car_lcSublane": 0.5797370470473434, "car_sigma": 0.7335170182530933, "car_tau_mean": 1.7559611177873928, "car_tau_std": 6.537514725103031, "car_v_mean": 18.198645347572253, "car_v_std": 0.6821283479665974}, "datetime": {"datetime": "2024-08-10 12:44:04", "elapsed": 495.040176, "delta": 2.278874}}
{"target": -0.49263249810932597, "params": {"bus_acc": 1.615452146360389, "bus_dcc": 2.3219881002694143, "bus_lcAssertive": 38.72384078878505, "bus_lcCooperative": 0.4557468620624855, "bus_lcLookaheadLeft": 79.76554252353385, "bus_lcPushy": 0.10394013211011521, "bus_lcSigma": 0.9729965782271728, "bus_lcSpeedGainRight": 3.523095331055193, "bus_lcSublane": 0.8647278683763254, "bus_sigma": 0.7816800539428734, "bus_tau_mean": 2.012642997281083, "bus_tau_std": 9.425111433832146, "bus_v_mean": 12.555551907953573, "bus_v_std": 0.9249684637910471, "car_acc": 0.5681372750062523, "car_dcc": 0.9627991633038966, "car_lcAssertive": 54.36897309839671, "car_lcCooperative": 0.22360255256593708, "car_lcLookaheadLeft": 83.86144034543766, "car_lcPushy": 0.009338687242805621, "car_lcSigma": 0.7459009287946741, "car_lcSpeedGainRight": 4.845039111210176, "car_lcSublane": 0.26718321108499254, "car_sigma": 0.6238155064284149, "car_tau_mean": 3.001728722309618, "car_tau_std": 3.269574179296341, "car_v_mean": 15.796278294431078, "car_v_std": 14.688176922295764}, "datetime": {"datetime": "2024-08-10 12:44:07", "elapsed": 497.311742, "delta": 2.271566}}
{"target": -0.4053796082954471, "params": {"bus_acc": 3.391394698751136, "bus_dcc": 3.5063889881687573, "bus_lcAssertive": 81.85864247329991, "bus_lcCooperative": 0.8778014186346996, "bus_lcLookaheadLeft": 57.95885866983316, "bus_lcPushy": 0.9640361333390818, "bus_lcSigma": 0.6065443482504677, "bus_lcSpeedGainRight": 3.019738705398407, "bus_lcSublane": 0.31929773707461884, "bus_sigma": 0.681204184117019, "bus_tau_mean": 0.6818799097687634, "bus_tau_std": 1.3454642101194225, "bus_v_mean": 10.34435901630977, "bus_v_std": 13.104025744494713, "car_acc": 0.8662638487310856, "car_dcc": 1.4963579283558792, "car_lcAssertive": 5.386853927477355, "car_lcCooperative": 0.2337343601165106, "car_lcLookaheadLeft": 96.49398383523082, "car_lcPushy": 0.5091394025163677, "car_lcSigma": 0.15107451847143194, "car_lcSpeedGainRight": 2.6150426586723214, "car_lcSublane": 0.9435093839110807, "car_sigma": 0.865686014006334, "car_tau_mean": 1.872230541256354, "car_tau_std": 2.8386751597340263, "car_v_mean": 21.71113752846935, "car_v_std": 4.809686496061756}, "datetime": {"datetime": "2024-08-10 12:44:09", "elapsed": 499.994247, "delta": 2.682505}}
{"target": -0.251419980409625, "params": {"bus_acc": 0.6983707113146138, "bus_dcc": 0.7460066973955224, "bus_lcAssertive": 38.16522595210664, "bus_lcCooperative": 0.22840905181164184, "bus_lcLookaheadLeft": 32.08466659043994, "bus_lcPushy": 0.15006568488590488, "bus_lcSigma": 0.09663605983898593, "bus_lcSpeedGainRight": 4.579920155581695, "bus_lcSublane": 0.3458934084716969, "bus_sigma": 0.5659662567350899, "bus_tau_mean": 2.4151956777533963, "bus_tau_std": 4.50357548152311, "bus_v_mean": 21.46077044616392, "bus_v_std": 6.6315291469294735, "car_acc": 3.591414336057901, "car_dcc": 0.45852624476693216, "car_lcAssertive": 57.914069679783005, "car_lcCooperative": 0.3390525769517404, "car_lcLookaheadLeft": 37.6622337990038, "car_lcPushy": 0.30509789424760836, "car_lcSigma": 0.6035862995105342, "car_lcSpeedGainRight": 1.1720396476692418, "car_lcSublane": 0.29430619969041927, "car_sigma": 0.28549459054495274, "car_tau_mean": 0.5237840586940858, "car_tau_std": 3.7161850945391226, "car_v_mean": 8.880152321104305, "car_v_std": 17.487524250408125}, "datetime": {"datetime": "2024-08-10 12:44:12", "elapsed": 502.234772, "delta": 2.240525}}
{"target": -0.39635915351007894, "params": {"bus_acc": 1.2792963630800351, "bus_dcc": 1.27434257351611, "bus_lcAssertive": 39.80541518182415, "bus_lcCooperative": 0.5354573610136704, "bus_lcLookaheadLeft": 77.74276561570167, "bus_lcPushy": 0.9616582544972533, "bus_lcSigma": 0.1503856378108287, "bus_lcSpeedGainRight": 1.9739507072199525, "bus_lcSublane": 0.16274026017521503, "bus_sigma": 0.8366421548115258, "bus_tau_mean": 0.7968084582452513, "bus_tau_std": 8.562857216543666, "bus_v_mean": 21.335212828258392, "bus_v_std": 17.166730168115922, "car_acc": 3.5816967973240548, "car_dcc": 0.7729512549323012, "car_lcAssertive": 56.111918384901564, "car_lcCooperative": 0.30251760999648636, "car_lcLookaheadLeft": 28.579873220066027, "car_lcPushy": 0.01643437559277483, "car_lcSigma": 0.515180771178199, "car_lcSpeedGainRight": 0.09524699808784176, "car_lcSublane": 0.8982285778096194, "car_sigma": 0.26698169143426786, "car_tau_mean": 2.2268069194237308, "car_tau_std": 6.364175239710727, "car_v_mean": 8.026995623155392, "car_v_std": 2.2647789209641656}, "datetime": {"datetime": "2024-08-10 12:44:14", "elapsed": 505.042029, "delta": 2.807257}}
{"target": -0.4023659097794876, "params": {"bus_acc": 2.871140582034611, "bus_dcc": 0.9027530850189263, "bus_lcAssertive": 57.00748251629707, "bus_lcCooperative": 0.9088080323000569, "bus_lcLookaheadLeft": 16.767619240330575, "bus_lcPushy": 0.8455176755307064, "bus_lcSigma": 0.8202024663153499, "bus_lcSpeedGainRight": 2.4967055064891723, "bus_lcSublane": 0.0375838514857032, "bus_sigma": 0.14750250539693543, "bus_tau_mean": 3.7292354314103493, "bus_tau_std": 0.44154796031862453, "bus_v_mean": 14.704977795296472, "bus_v_std": 12.380792694509417, "car_acc": 0.9484025478732634, "car_dcc": 3.92810307751313, "car_lcAssertive": 16.44154807129882, "car_lcCooperative": 0.5396791951612744, "car_lcLookaheadLeft": 62.565109785971174, "car_lcPushy": 0.2309899486697039, "car_lcSigma": 0.4663089892093414, "car_lcSpeedGainRight": 2.4550426456646464, "car_lcSublane": 0.766862376326542, "car_sigma": 0.6342807527738734, "car_tau_mean": 2.1364251857286884, "car_tau_std": 6.669425431939752, "car_v_mean": 16.16079367739957, "car_v_std": 10.514231826828194}, "datetime": {"datetime": "2024-08-10 12:44:19", "elapsed": 510.067821, "delta": 5.025792}}
{"target": -0.5377144436719353, "params": {"bus_acc": 1.0120343029924084, "bus_dcc": 3.1156811320027127, "bus_lcAssertive": 31.55555281543446, "bus_lcCooperative": 0.7332450677264275, "bus_lcLookaheadLeft": 74.95836900161774, "bus_lcPushy": 0.22139670090820107, "bus_lcSigma": 0.21411213682064845, "bus_lcSpeedGainRight": 0.9947396171353334, "bus_lcSublane": 0.14251833776584466, "bus_sigma": 0.3770825992073341, "bus_tau_mean": 0.5931975964206752, "bus_tau_std": 1.1092036903424063, "bus_v_mean": 20.14215242774139, "bus_v_std": 15.995530737947725, "car_acc": 0.5060122030878664, "car_dcc": 1.0804687798460098, "car_lcAssertive": 21.554940518577624, "car_lcCooperative": 0.9173335630816306, "car_lcLookaheadLeft": 71.7088227773757, "car_lcPushy": 0.5538846110514143, "car_lcSigma": 0.30451798792062024, "car_lcSpeedGainRight": 4.174270238158993, "car_lcSublane": 0.43530595762951996, "car_sigma": 0.9234562151187752, "car_tau_mean": 2.971181315175766, "car_tau_std": 4.780313079652833, "car_v_mean": 10.271781867488457, "car_v_std": 19.520871009354952}, "datetime": {"datetime": "2024-08-10 12:44:23", "elapsed": 513.840338, "delta": 3.772517}}
{"target": -0.8256574591692424, "params": {"bus_acc": 2.341972936652798, "bus_dcc": 3.7712468786440505, "bus_lcAssertive": 33.70182019345527, "bus_lcCooperative": 0.9489681421433714, "bus_lcLookaheadLeft": 26.096657275145958, "bus_lcPushy": 0.5484050277202206, "bus_lcSigma": 0.713400836019665, "bus_lcSpeedGainRight": 4.403108479962601, "bus_lcSublane": 0.7816986897799817, "bus_sigma": 0.9657612589875492, "bus_tau_mean": 2.4290008595408805, "bus_tau_std": 9.054263375404869, "bus_v_mean": 19.784318425213968, "bus_v_std": 3.3802019239570247, "car_acc": 0.3165107175399281, "car_dcc": 3.090965906682878, "car_lcAssertive": 68.08438713633001, "car_lcCooperative": 0.2883134649731277, "car_lcLookaheadLeft": 12.38962807345181, "car_lcPushy": 0.6894602214202571, "car_lcSigma": 0.7494525153968865, "car_lcSpeedGainRight": 2.7914100489775535, "car_lcSublane": 0.6652373633942178, "car_sigma": 0.40406098195856777, "car_tau_mean": 3.5313063185544373, "car_tau_std": 5.32401281751286, "car_v_mean": 24.1071056302402, "car_v_std": 14.794191101265747}, "datetime": {"datetime": "2024-08-10 12:44:29", "elapsed": 519.684426, "delta": 5.844088}}
{"target": -0.37161259077482905, "params": {"bus_acc": 1.6355267719348032, "bus_dcc": 3.0998613606044385, "bus_lcAssertive": 89.7425144491882, "bus_lcCooperative": 0.9101921629339087, "bus_lcLookaheadLeft": 50.65564251690259, "bus_lcPushy": 0.7626102319611849, "bus_lcSigma": 0.7089620332115116, "bus_lcSpeedGainRight": 4.756484269096245, "bus_lcSublane": 0.24155449014718622, "bus_sigma": 0.5613397077830184, "bus_tau_mean": 0.6532064364873341, "bus_tau_std": 9.231779590175359, "bus_v_mean": 25.014618417654894, "bus_v_std": 10.018126897790665, "car_acc": 2.4272463031062825, "car_dcc": 3.1333790112161415, "car_lcAssertive": 25.68378724346816, "car_lcCooperative": 0.3789904760461922, "car_lcLookaheadLeft": 30.283348427501537, "car_lcPushy": 0.5388039652149142, "car_lcSigma": 0.9489568238140139, "car_lcSpeedGainRight": 1.9270034977492756, "car_lcSublane": 0.045009765813739055, "car_sigma": 0.6825186327094862, "car_tau_mean": 2.2326073106295734, "car_tau_std": 2.9651200089872187, "car_v_mean": 15.485994920765801, "car_v_std": 17.25020593763542}, "datetime": {"datetime": "2024-08-10 12:44:31", "elapsed": 522.089461, "delta": 2.405035}}
{"target": -0.5456308928849651, "params": {"bus_acc": 1.0327844618775806, "bus_dcc": 1.8294426330735372, "bus_lcAssertive": 85.08773897233483, "bus_lcCooperative": 0.45037964247172024, "bus_lcLookaheadLeft": 93.67117117269206, "bus_lcPushy": 0.352679327251738, "bus_lcSigma": 0.6193921656967597, "bus_lcSpeedGainRight": 4.903495181778901, "bus_lcSublane": 0.6434625222408049, "bus_sigma": 0.04549821604060378, "bus_tau_mean": 2.1224498183309914, "bus_tau_std": 3.3475134371366377, "bus_v_mean": 17.579267873390144, "bus_v_std": 5.694924172262628, "car_acc": 0.6645926748740105, "car_dcc": 2.739498157253047, "car_lcAssertive": 68.45461573423933, "car_lcCooperative": 0.8671392999990885, "car_lcLookaheadLeft": 14.973386369148269, "car_lcPushy": 0.798620308278031, "car_lcSigma": 0.826768738405129, "car_lcSpeedGainRight": 3.2327496787557597, "car_lcSublane": 0.20492214578063384, "car_sigma": 0.2614207144058379, "car_tau_mean": 1.9647388613871148, "car_tau_std": 5.417990727827313, "car_v_mean": 16.593883200659906, "car_v_std": 9.349197840907388}, "datetime": {"datetime": "2024-08-10 12:44:35", "elapsed": 525.130865, "delta": 3.041404}}
{"target": -0.2854276851369166, "params": {"bus_acc": 2.5506828217338384, "bus_dcc": 0.773726786462654, "bus_lcAssertive": 76.31944317426985, "bus_lcCooperative": 0.781045822193957, "bus_lcLookaheadLeft": 90.60209261955288, "bus_lcPushy": 0.23376869260410593, "bus_lcSigma": 0.17667889307234141, "bus_lcSpeedGainRight": 1.9554956155338121, "bus_lcSublane": 0.3205646539951602, "bus_sigma": 0.8154769290056262, "bus_tau_mean": 2.647340648839511, "bus_tau_std": 7.600017523497488, "bus_v_mean": 15.697971794545357, "bus_v_std": 1.9888112583117845, "car_acc": 0.6371330457909357, "car_dcc": 1.618947100601342, "car_lcAssertive": 20.19092898344121, "car_lcCooperative": 0.8207464986229382, "car_lcLookaheadLeft": 60.764328825524245, "car_lcPushy": 0.688845259018665, "car_lcSigma": 0.4911099613042962, "car_lcSpeedGainRight": 0.4408684062109053, "car_lcSublane": 0.23507763668617032, "car_sigma": 0.461602080891622, "car_tau_mean": 1.195070260688742, "car_tau_std": 0.254762357788203, "car_v_mean": 21.129158568610748, "car_v_std": 14.498334944382382}, "datetime": {"datetime": "2024-08-10 12:44:40", "elapsed": 530.747206, "delta": 5.616341}}
{"target": -0.35805530742433483, "params": {"bus_acc": 2.924138921800419, "bus_dcc": 3.585872026310888, "bus_lcAssertive": 3.701435128229413, "bus_lcCooperative": 0.5220512472525107, "bus_lcLookaheadLeft": 33.94700155346248, "bus_lcPushy": 0.8594893208655858, "bus_lcSigma": 0.5585165509225178, "bus_lcSpeedGainRight": 3.4511393408137394, "bus_lcSublane": 0.45285349995153745, "bus_sigma": 0.6283090375213571, "bus_tau_mean": 1.5153389809059905, "bus_tau_std": 0.09348577966515781, "bus_v_mean": 18.381606829767634, "bus_v_std": 6.228884282649256, "car_acc": 2.1656168743042934, "car_dcc": 3.6823422416048115, "car_lcAssertive": 43.221004061638205, "car_lcCooperative": 0.2473960366023854, "car_lcLookaheadLeft": 38.386788605347334, "car_lcPushy": 0.9318611166365406, "car_lcSigma": 0.9368683813090937, "car_lcSpeedGainRight": 4.221649742828566, "car_lcSublane": 0.9202065143056605, "car_sigma": 0.22790028995131695, "car_tau_mean": 0.806187733437568, "car_tau_std": 2.2730973628468876, "car_v_mean": 13.658779090052908, "car_v_std": 3.4953175271262316}, "datetime": {"datetime": "2024-08-10 12:44:42", "elapsed": 532.959474, "delta": 2.212268}}
{"target": -0.3266455953114594, "params": {"bus_acc": 2.797822366167991, "bus_dcc": 1.7124445178219296, "bus_lcAssertive": 48.41645508562015, "bus_lcCooperative": 0.2898033391923721, "bus_lcLookaheadLeft": 79.25286297100789, "bus_lcPushy": 0.046512682267751626, "bus_lcSigma": 0.2811256463638583, "bus_lcSpeedGainRight": 2.95297930879439, "bus_lcSublane": 0.7901335024345391, "bus_sigma": 0.6015993359119542, "bus_tau_mean": 3.056710340287724, "bus_tau_std": 0.23527914877828127, "bus_v_mean": 12.588624607553774, "bus_v_std": 0.8418351968474558, "car_acc": 2.100047114181399, "car_dcc": 3.9587331253349394, "car_lcAssertive": 2.339520302416675, "car_lcCooperative": 0.4408790383372555, "car_lcLookaheadLeft": 2.4690689743766847, "car_lcPushy": 0.6128886193293469, "car_lcSigma": 0.1833587261280697, "car_lcSpeedGainRight": 3.563708918952641, "car_lcSublane": 0.15964851197294794, "car_sigma": 0.8285756552303601, "car_tau_mean": 1.2216235730698106, "car_tau_std": 3.5221627383195075, "car_v_mean": 12.150412494618843, "car_v_std": 16.153689849032926}, "datetime": {"datetime": "2024-08-10 12:44:46", "elapsed": 536.897206, "delta": 3.937732}}
{"target": -0.4624249150841177, "params": {"bus_acc": 1.9978254209663382, "bus_dcc": 0.6770638172731498, "bus_lcAssertive": 77.51567461454466, "bus_lcCooperative": 0.8414221567958434, "bus_lcLookaheadLeft": 6.242511942243542, "bus_lcPushy": 0.48644074317039476, "bus_lcSigma": 0.23941104413775594, "bus_lcSpeedGainRight": 4.762368908466296, "bus_lcSublane": 0.9438926277837961, "bus_sigma": 0.6139340023847009, "bus_tau_mean": 3.907205890638187, "bus_tau_std": 3.4486134371625097, "bus_v_mean": 24.16131291801827, "bus_v_std": 8.69189946817019, "car_acc": 1.0960956211605521, "car_dcc": 3.7751462601653176, "car_lcAssertive": 68.73758704733953, "car_lcCooperative": 0.06491158533912933, "car_lcLookaheadLeft": 87.30163596866048, "car_lcPushy": 0.7013802946333463, "car_lcSigma": 0.6049268729742817, "car_lcSpeedGainRight": 3.6618744958966527, "car_lcSublane": 0.2534390424997808, "car_sigma": 0.6004889552745444, "car_tau_mean": 3.351167134415794, "car_tau_std": 0.5411366032399989, "car_v_mean": 10.349192084106788, "car_v_std": 16.848916199128272}, "datetime": {"datetime": "2024-08-10 12:44:49", "elapsed": 539.781689, "delta": 2.884483}}
{"target": -0.3188962622698874, "params": {"bus_acc": 2.292905329986916, "bus_dcc": 0.36705812141998695, "bus_lcAssertive": 85.81867266536104, "bus_lcCooperative": 0.4775950236100055, "bus_lcLookaheadLeft": 85.96407003710304, "bus_lcPushy": 0.18765401155497807, "bus_lcSigma": 0.08373326615041132, "bus_lcSpeedGainRight": 2.5798483102074994, "bus_lcSublane": 0.454544662996622, "bus_sigma": 0.013894398989847456, "bus_tau_mean": 0.6377410639176821, "bus_tau_std": 0.9363283573135806, "bus_v_mean": 8.732194638600832, "bus_v_std": 3.514781346883238, "car_acc": 2.3870373742218045, "car_dcc": 2.0116599558727364, "car_lcAssertive": 97.9972035532993, "car_lcCooperative": 0.07073713401634152, "car_lcLookaheadLeft": 87.00673194587439, "car_lcPushy": 0.5785197821401383, "car_lcSigma": 0.8764755457125712, "car_lcSpeedGainRight": 0.2785680517656747, "car_lcSublane": 0.09915352142160372, "car_sigma": 0.8630947177469542, "car_tau_mean": 2.4963440925658347, "car_tau_std": 5.584938010898554, "car_v_mean": 8.234228022949253, "car_v_std": 12.845056082328787}, "datetime": {"datetime": "2024-08-10 12:44:52", "elapsed": 542.872373, "delta": 3.090684}}
{"target": -0.28927910151702346, "params": {"bus_acc": 3.842582001874749, "bus_dcc": 2.9632286527223313, "bus_lcAssertive": 11.0446249245764, "bus_lcCooperative": 0.7862693223485936, "bus_lcLookaheadLeft": 36.511225289460114, "bus_lcPushy": 0.9114351403237924, "bus_lcSigma": 0.4954974347471134, "bus_lcSpeedGainRight": 4.363463614924361, "bus_lcSublane": 0.2205297947437237, "bus_sigma": 0.36719232590326556, "bus_tau_mean": 1.7839292975543395, "bus_tau_std": 0.9713268160328525, "bus_v_mean": 13.958259813184306, "bus_v_std": 13.19419607677599, "car_acc": 1.9728652672202143, "car_dcc": 3.5410799650288385, "car_lcAssertive": 27.69735637264448, "car_lcCooperative": 0.3548193487216488, "car_lcLookaheadLeft": 33.39472043476, "car_lcPushy": 0.5517379706217076, "car_lcSigma": 0.18821941560628785, "car_lcSpeedGainRight": 0.8662213575408645, "car_lcSublane": 0.9394819242084544, "car_sigma": 0.37664771374633, "car_tau_mean": 2.5548434720906745, "car_tau_std": 0.5515208501882385, "car_v_mean": 10.535443944188604, "car_v_std": 1.9271710372248663}, "datetime": {"datetime": "2024-08-10 12:44:55", "elapsed": 545.484103, "delta": 2.61173}}
{"target": -0.2664641135601803, "params": {"bus_acc": 2.7273753576761184, "bus_dcc": 1.0545249238759897, "bus_lcAssertive": 11.84463000441058, "bus_lcCooperative": 0.9790089375741902, "bus_lcLookaheadLeft": 81.86947665118652, "bus_lcPushy": 0.28538353244953096, "bus_lcSigma": 0.5858283844279211, "bus_lcSpeedGainRight": 1.9003560263939563, "bus_lcSublane": 0.1763380407698657, "bus_sigma": 0.4188351430524928, "bus_tau_mean": 1.5401572796885465, "bus_tau_std": 0.16624106532905913, "bus_v_mean": 14.972629525978572, "bus_v_std": 18.418260076095045, "car_acc": 3.347160983088305, "car_dcc": 2.3814840697468935, "car_lcAssertive": 32.54603961325787, "car_lcCooperative": 0.23126429488543754, "car_lcLookaheadLeft": 95.68991919583152, "car_lcPushy": 0.5646100990687117, "car_lcSigma": 0.2176053035591231, "car_lcSpeedGainRight": 1.2474102554931144, "car_lcSublane": 0.9595962025309192, "car_sigma": 0.238814133296392, "car_tau_mean": 0.8734993092443826, "car_tau_std": 1.8396193975266917, "car_v_mean": 21.792046524522544, "car_v_std": 14.175285118625228}, "datetime": {"datetime": "2024-08-10 12:44:57", "elapsed": 547.261097, "delta": 1.776994}}
{"target": -0.6455175096348901, "params": {"bus_acc": 1.8773853598227541, "bus_dcc": 3.7674555938091254, "bus_lcAssertive": 24.50393284380015, "bus_lcCooperative": 0.0495143119387923, "bus_lcLookaheadLeft": 56.611879298347034, "bus_lcPushy": 0.31332023512450924, "bus_lcSigma": 0.5320773163972055, "bus_lcSpeedGainRight": 2.3580428472678703, "bus_lcSublane": 0.48313240951578573, "bus_sigma": 0.5700775293549659, "bus_tau_mean": 3.7320479717928405, "bus_tau_std": 2.3619249355925245, "bus_v_mean": 23.76944268378695, "bus_v_std": 14.67670866517286, "car_acc": 0.5010008994117832, "car_dcc": 3.3744724468116254, "car_lcAssertive": 40.366757835978056, "car_lcCooperative": 0.3357381098211646, "car_lcLookaheadLeft": 2.038514312831926, "car_lcPushy": 0.24580518598619006, "car_lcSigma": 0.6879463498675434, "car_lcSpeedGainRight": 4.255863175568421, "car_lcSublane": 0.24104946936951954, "car_sigma": 0.3709397705100095, "car_tau_mean": 1.0264816821783271, "car_tau_std": 8.035001641072595, "car_v_mean": 20.906427021280926, "car_v_std": 14.009563747590487}, "datetime": {"datetime": "2024-08-10 12:44:59", "elapsed": 549.276571, "delta": 2.015474}}
{"target": -0.360133032487572, "params": {"bus_acc": 3.183627999218766, "bus_dcc": 3.105959548012587, "bus_lcAssertive": 67.86930405212397, "bus_lcCooperative": 0.7955027102986651, "bus_lcLookaheadLeft": 5.9217429959190815, "bus_lcPushy": 0.264681631716854, "bus_lcSigma": 0.6953975359715524, "bus_lcSpeedGainRight": 4.334941648038719, "bus_lcSublane": 0.6746068718168242, "bus_sigma": 0.17627612798343162, "bus_tau_mean": 3.7770796098099257, "bus_tau_std": 9.033787001108529, "bus_v_mean": 9.560217790521914, "bus_v_std": 3.86000075148506, "car_acc": 1.2457335163200014, "car_dcc": 3.005965108297506, "car_lcAssertive": 86.07795950178485, "car_lcCooperative": 0.5783223874515512, "car_lcLookaheadLeft": 21.565265923862896, "car_lcPushy": 0.41508988762136245, "car_lcSigma": 0.13785920026410714, "car_lcSpeedGainRight": 4.5869809342921215, "car_lcSublane": 0.7645309404104735, "car_sigma": 0.5102138338060775, "car_tau_mean": 2.087512651097933, "car_tau_std": 0.978420783455699, "car_v_mean": 13.73615641340589, "car_v_std": 2.412655907147929}, "datetime": {"datetime": "2024-08-10 12:45:01", "elapsed": 551.343537, "delta": 2.066966}}
