{"target": -0.4346367954911323, "params": {"bus_acc": 3.7221, "bus_dcc": 3.1228, "bus_lcAssertive": 83.4485, "bus_lcCooperative": 0.0717, "bus_lcLookaheadLeft": 98.8545, "bus_lcPushy": 0.6211, "bus_lcSigma": 0.7481, "bus_lcSpeedGainRight": 3.6677, "bus_lcSublane": 0.5422, "bus_sigma": 0.935, "bus_tau_mean": 3.0585, "bus_tau_std": 2.2689, "bus_v_mean": 10.6937, "bus_v_std": 9.2397, "car_acc": 1.0761, "car_dcc": 2.0057, "car_lcAssertive": 51.2904, "car_lcCooperative": 0.2288, "car_lcLookaheadLeft": 88.2763, "car_lcPushy": 0.6966, "car_lcSigma": 0.7516, "car_lcSpeedGainRight": 4.1297, "car_lcSublane": 0.1916, "car_sigma": 0.0848, "car_tau_mean": 0.9866, "car_tau_std": 8.4811, "car_v_mean": 10.2371, "car_v_std": 12.0251}, "datetime": {"datetime": "2024-08-10 15:12:14", "elapsed": 9384.190772, "delta": 4.53346}}
{"target": -0.3520403938092826, "params": {"bus_acc": 3.7913, "bus_dcc": 0.9882, "bus_lcAssertive": 28.0845, "bus_lcCooperative": 0.9796, "bus_lcLookaheadLeft": 55.1749, "bus_lcPushy": 0.7317, "bus_lcSigma": 0.6015, "bus_lcSpeedGainRight": 1.5725, "bus_lcSublane": 0.4313, "bus_sigma": 0.4033, "bus_tau_mean": 3.2898, "bus_tau_std": 8.4725, "bus_v_mean": 17.2162, "bus_v_std": 5.6522, "car_acc": 2.2994, "car_dcc": 2.6546, "car_lcAssertive": 56.0815, "car_lcCooperative": 0.5766, "car_lcLookaheadLeft": 11.685, "car_lcPushy": 0.1936, "car_lcSigma": 0.9107, "car_lcSpeedGainRight": 1.4453, "car_lcSublane": 0.1083, "car_sigma": 0.9432, "car_tau_mean": 3.311, "car_tau_std": 4.2032, "car_v_mean": 14.6674, "car_v_std": 15.0976}, "datetime": {"datetime": "2024-08-10 15:12:18", "elapsed": 9389.074294, "delta": 4.883522}}
{"target": -0.31444352771857925, "params": {"bus_acc": 1.4348, "bus_dcc": 1.353, "bus_lcAssertive": 39.4014, "bus_lcCooperative": 0.2197, "bus_lcLookaheadLeft": 23.6157, "bus_lcPushy": 0.3671, "bus_lcSigma": 0.9633, "bus_lcSpeedGainRight": 0.4916, "bus_lcSublane": 0.1962, "bus_sigma": 0.3278, "bus_tau_mean": 2.6881, "bus_tau_std": 2.8448, "bus_v_mean": 13.4499, "bus_v_std": 0.0126, "car_acc": 1.8235, "car_dcc": 0.4473, "car_lcAssertive": 7.4499, "car_lcCooperative": 0.7948, "car_lcLookaheadLeft": 6.1507, "car_lcPushy": 0.9326, "car_lcSigma": 0.6109, "car_lcSpeedGainRight": 2.8223, "car_lcSublane": 0.715, "car_sigma": 0.963, "car_tau_mean": 1.445, "car_tau_std": 1.3576, "car_v_mean": 12.8455, "car_v_std": 14.9134}, "datetime": {"datetime": "2024-08-10 15:12:23", "elapsed": 9394.078508, "delta": 5.004214}}
{"target": -0.3538380539288093, "params": {"bus_acc": 1.1447, "bus_dcc": 1.4653, "bus_lcAssertive": 34.1536, "bus_lcCooperative": 0.9966, "bus_lcLookaheadLeft": 49.4853, "bus_lcPushy": 0.013, "bus_lcSigma": 0.5344, "bus_lcSpeedGainRight": 0.4591, "bus_lcSublane": 0.2384, "bus_sigma": 0.667, "bus_tau_mean": 0.9592, "bus_tau_std": 0.5968, "bus_v_mean": 20.9413, "bus_v_std": 10.8244, "car_acc": 1.6447, "car_dcc": 2.4608, "car_lcAssertive": 83.7417, "car_lcCooperative": 0.0329, "car_lcLookaheadLeft": 8.7739, "car_lcPushy": 0.8096, "car_lcSigma": 0.5021, "car_lcSpeedGainRight": 3.5517, "car_lcSublane": 0.7173, "car_sigma": 0.0531, "car_tau_mean": 2.718, "car_tau_std": 9.1967, "car_v_mean": 13.4469, "car_v_std": 15.8804}, "datetime": {"datetime": "2024-08-10 15:12:32", "elapsed": 9403.004093, "delta": 8.925585}}
{"target": -0.36927103169262826, "params": {"bus_acc": 3.8042, "bus_dcc": 3.6588, "bus_lcAssertive": 58.5315, "bus_lcCooperative": 0.4485, "bus_lcLookaheadLeft": 32.4446, "bus_lcPushy": 0.6853, "bus_lcSigma": 0.0482, "bus_lcSpeedGainRight": 1.2823, "bus_lcSublane": 0.9339, "bus_sigma": 0.8969, "bus_tau_mean": 1.91, "bus_tau_std": 8.2485, "bus_v_mean": 23.101, "bus_v_std": 5.614, "car_acc": 1.6399, "car_dcc": 3.4325, "car_lcAssertive": 33.038, "car_lcCooperative": 0.3601, "car_lcLookaheadLeft": 7.4801, "car_lcPushy": 0.1468, "car_lcSigma": 0.6265, "car_lcSpeedGainRight": 2.6777, "car_lcSublane": 0.6356, "car_sigma": 0.0687, "car_tau_mean": 3.8434, "car_tau_std": 2.9868, "car_v_mean": 25.8135, "car_v_std": 3.8876}, "datetime": {"datetime": "2024-08-10 15:12:41", "elapsed": 9411.861621, "delta": 8.857528}}
{"target": -0.28979140088223093, "params": {"bus_acc": 2.4315, "bus_dcc": 0.9476, "bus_lcAssertive": 87.2063, "bus_lcCooperative": 0.5644, "bus_lcLookaheadLeft": 65.1898, "bus_lcPushy": 0.907, "bus_lcSigma": 0.1291, "bus_lcSpeedGainRight": 0.6952, "bus_lcSublane": 0.603, "bus_sigma": 0.2489, "bus_tau_mean": 0.6285, "bus_tau_std": 6.5133, "bus_v_mean": 9.7201, "bus_v_std": 11.7746, "car_acc": 1.3553, "car_dcc": 0.7132, "car_lcAssertive": 19.3906, "car_lcCooperative": 0.629, "car_lcLookaheadLeft": 78.703, "car_lcPushy": 0.6516, "car_lcSigma": 0.1661, "car_lcSpeedGainRight": 1.3421, "car_lcSublane": 0.9801, "car_sigma": 0.6098, "car_tau_mean": 0.9597, "car_tau_std": 2.2515, "car_v_mean": 15.0873, "car_v_std": 1.4555}, "datetime": {"datetime": "2024-08-10 15:12:52", "elapsed": 9422.372059, "delta": 10.510438}}
{"target": -0.3519360843638624, "params": {"bus_acc": 1.1793, "bus_dcc": 2.5627, "bus_lcAssertive": 68.2503, "bus_lcCooperative": 0.7337, "bus_lcLookaheadLeft": 3.1118, "bus_lcPushy": 0.1423, "bus_lcSigma": 0.3357, "bus_lcSpeedGainRight": 3.7229, "bus_lcSublane": 0.0233, "bus_sigma": 0.946, "bus_tau_mean": 0.7381, "bus_tau_std": 7.6039, "bus_v_mean": 17.3152, "bus_v_std": 6.6832, "car_acc": 3.1838, "car_dcc": 0.5549, "car_lcAssertive": 56.7974, "car_lcCooperative": 0.9761, "car_lcLookaheadLeft": 31.0429, "car_lcPushy": 0.5776, "car_lcSigma": 0.6783, "car_lcSpeedGainRight": 2.8848, "car_lcSublane": 0.9431, "car_sigma": 0.3601, "car_tau_mean": 1.4151, "car_tau_std": 1.1324, "car_v_mean": 19.9412, "car_v_std": 4.0034}, "datetime": {"datetime": "2024-08-10 15:12:59", "elapsed": 9430.020053, "delta": 7.647994}}
{"target": -0.6801671989337539, "params": {"bus_acc": 3.0008, "bus_dcc": 0.8411, "bus_lcAssertive": 87.1323, "bus_lcCooperative": 0.8517, "bus_lcLookaheadLeft": 64.3938, "bus_lcPushy": 0.1443, "bus_lcSigma": 0.7664, "bus_lcSpeedGainRight": 1.5473, "bus_lcSublane": 0.2753, "bus_sigma": 0.9892, "bus_tau_mean": 2.1056, "bus_tau_std": 5.2582, "bus_v_mean": 18.5703, "bus_v_std": 10.3502, "car_acc": 0.331, "car_dcc": 2.7966, "car_lcAssertive": 80.4872, "car_lcCooperative": 0.1574, "car_lcLookaheadLeft": 9.9441, "car_lcPushy": 0.3804, "car_lcSigma": 0.2021, "car_lcSpeedGainRight": 1.9939, "car_lcSublane": 0.0288, "car_sigma": 0.0929, "car_tau_mean": 2.1703, "car_tau_std": 6.9898, "car_v_mean": 21.4611, "car_v_std": 5.7983}, "datetime": {"datetime": "2024-08-10 15:13:06", "elapsed": 9436.49569, "delta": 6.475637}}
{"target": -0.35100607914205934, "params": {"bus_acc": 1.1562, "bus_dcc": 3.0337, "bus_lcAssertive": 81.0275, "bus_lcCooperative": 0.2382, "bus_lcLookaheadLeft": 49.4676, "bus_lcPushy": 0.682, "bus_lcSigma": 0.7625, "bus_lcSpeedGainRight": 4.5316, "bus_lcSublane": 0.9572, "bus_sigma": 0.3179, "bus_tau_mean": 3.2355, "bus_tau_std": 5.1343, "bus_v_mean": 9.1405, "bus_v_std": 19.2124, "car_acc": 1.1061, "car_dcc": 1.4342, "car_lcAssertive": 40.1433, "car_lcCooperative": 0.3534, "car_lcLookaheadLeft": 82.2817, "car_lcPushy": 0.3237, "car_lcSigma": 0.6366, "car_lcSpeedGainRight": 4.9558, "car_lcSublane": 0.1507, "car_sigma": 0.2163, "car_tau_mean": 2.671, "car_tau_std": 8.2348, "car_v_mean": 22.6164, "car_v_std": 10.7904}, "datetime": {"datetime": "2024-08-10 15:13:10", "elapsed": 9441.088495, "delta": 4.592805}}
{"target": -0.3786080123494324, "params": {"bus_acc": 0.3561, "bus_dcc": 1.2369, "bus_lcAssertive": 48.6917, "bus_lcCooperative": 0.0997, "bus_lcLookaheadLeft": 31.5692, "bus_lcPushy": 0.7729, "bus_lcSigma": 0.5227, "bus_lcSpeedGainRight": 2.1749, "bus_lcSublane": 0.8881, "bus_sigma": 0.893, "bus_tau_mean": 3.6583, "bus_tau_std": 0.6113, "bus_v_mean": 24.6552, "bus_v_std": 13.4856, "car_acc": 3.9721, "car_dcc": 3.109, "car_lcAssertive": 13.8267, "car_lcCooperative": 0.0958, "car_lcLookaheadLeft": 96.0458, "car_lcPushy": 0.3149, "car_lcSigma": 0.2801, "car_lcSpeedGainRight": 3.8159, "car_lcSublane": 0.6628, "car_sigma": 0.231, "car_tau_mean": 1.6144, "car_tau_std": 3.4268, "car_v_mean": 23.6536, "car_v_std": 16.5873}, "datetime": {"datetime": "2024-08-10 15:13:17", "elapsed": 9447.269371, "delta": 6.180876}}
{"target": -0.2642066668538204, "params": {"bus_acc": 0.5174, "bus_dcc": 2.2528, "bus_lcAssertive": 89.1225, "bus_lcCooperative": 0.5694, "bus_lcLookaheadLeft": 80.7297, "bus_lcPushy": 0.6322, "bus_lcSigma": 0.1574, "bus_lcSpeedGainRight": 1.5148, "bus_lcSublane": 0.2254, "bus_sigma": 0.2669, "bus_tau_mean": 0.9856, "bus_tau_std": 0.8977, "bus_v_mean": 13.5116, "bus_v_std": 7.5944, "car_acc": 1.3358, "car_dcc": 1.4583, "car_lcAssertive": 94.7583, "car_lcCooperative": 0.9372, "car_lcLookaheadLeft": 52.6512, "car_lcPushy": 0.1547, "car_lcSigma": 0.6576, "car_lcSpeedGainRight": 0.1602, "car_lcSublane": 0.3871, "car_sigma": 0.7286, "car_tau_mean": 2.6445, "car_tau_std": 8.4767, "car_v_mean": 11.6072, "car_v_std": 15.9847}, "datetime": {"datetime": "2024-08-10 15:13:22", "elapsed": 9452.511149, "delta": 5.241778}}
{"target": -0.33183371722930083, "params": {"bus_acc": 1.253, "bus_dcc": 3.1895, "bus_lcAssertive": 18.3769, "bus_lcCooperative": 0.3287, "bus_lcLookaheadLeft": 41.0721, "bus_lcPushy": 0.6068, "bus_lcSigma": 0.672, "bus_lcSpeedGainRight": 3.8485, "bus_lcSublane": 0.073, "bus_sigma": 0.3912, "bus_tau_mean": 3.8414, "bus_tau_std": 0.0813, "bus_v_mean": 24.6048, "bus_v_std": 15.1523, "car_acc": 2.3023, "car_dcc": 3.0555, "car_lcAssertive": 10.1244, "car_lcCooperative": 0.2194, "car_lcLookaheadLeft": 70.639, "car_lcPushy": 0.686, "car_lcSigma": 0.4462, "car_lcSpeedGainRight": 2.0989, "car_lcSublane": 0.3391, "car_sigma": 0.4735, "car_tau_mean": 2.3477, "car_tau_std": 0.871, "car_v_mean": 16.7251, "car_v_std": 16.2078}, "datetime": {"datetime": "2024-08-10 15:13:27", "elapsed": 9457.234136, "delta": 4.722987}}
{"target": -0.7229384351886128, "params": {"bus_acc": 2.8007, "bus_dcc": 0.679, "bus_lcAssertive": 4.4571, "bus_lcCooperative": 0.1777, "bus_lcLookaheadLeft": 30.7108, "bus_lcPushy": 0.2098, "bus_lcSigma": 0.7382, "bus_lcSpeedGainRight": 3.0449, "bus_lcSublane": 0.6703, "bus_sigma": 0.0806, "bus_tau_mean": 1.5291, "bus_tau_std": 3.4873, "bus_v_mean": 14.297, "bus_v_std": 16.9739, "car_acc": 0.2453, "car_dcc": 1.9109, "car_lcAssertive": 35.2646, "car_lcCooperative": 0.625, "car_lcLookaheadLeft": 57.9288, "car_lcPushy": 0.2994, "car_lcSigma": 0.2417, "car_lcSpeedGainRight": 3.6689, "car_lcSublane": 0.0856, "car_sigma": 0.2371, "car_tau_mean": 2.7843, "car_tau_std": 7.8984, "car_v_mean": 24.0325, "car_v_std": 3.1824}, "datetime": {"datetime": "2024-08-10 15:13:36", "elapsed": 9466.300567, "delta": 9.066431}}
{"target": -0.18416625336668022, "params": {"bus_acc": 1.8859, "bus_dcc": 0.2475, "bus_lcAssertive": 57.3731, "bus_lcCooperative": 0.3482, "bus_lcLookaheadLeft": 34.5503, "bus_lcPushy": 0.3175, "bus_lcSigma": 0.7818, "bus_lcSpeedGainRight": 3.6805, "bus_lcSublane": 0.859, "bus_sigma": 0.3079, "bus_tau_mean": 2.5448, "bus_tau_std": 3.7325, "bus_v_mean": 16.3106, "bus_v_std": 9.9734, "car_acc": 1.4704, "car_dcc": 0.5481, "car_lcAssertive": 25.5053, "car_lcCooperative": 0.3075, "car_lcLookaheadLeft": 23.2388, "car_lcPushy": 0.0474, "car_lcSigma": 0.3408, "car_lcSpeedGainRight": 3.67, "car_lcSublane": 0.461, "car_sigma": 0.9062, "car_tau_mean": 2.2763, "car_tau_std": 1.4443, "car_v_mean": 9.7493, "car_v_std": 0.0408}, "datetime": {"datetime": "2024-08-10 15:13:41", "elapsed": 9471.216914, "delta": 4.916347}}
{"target": -0.44139286804505695, "params": {"bus_acc": 2.1242, "bus_dcc": 1.8364, "bus_lcAssertive": 49.2957, "bus_lcCooperative": 0.4823, "bus_lcLookaheadLeft": 18.6456, "bus_lcPushy": 0.2926, "bus_lcSigma": 0.7288, "bus_lcSpeedGainRight": 1.7822, "bus_lcSublane": 0.4114, "bus_sigma": 0.2971, "bus_tau_mean": 3.3997, "bus_tau_std": 4.8741, "bus_v_mean": 17.7772, "bus_v_std": 16.6535, "car_acc": 0.9676, "car_dcc": 2.9752, "car_lcAssertive": 72.4398, "car_lcCooperative": 0.1961, "car_lcLookaheadLeft": 97.8113, "car_lcPushy": 0.749, "car_lcSigma": 0.6174, "car_lcSpeedGainRight": 4.0289, "car_lcSublane": 0.582, "car_sigma": 0.082, "car_tau_mean": 1.3589, "car_tau_std": 8.1621, "car_v_mean": 12.0563, "car_v_std": 11.277}, "datetime": {"datetime": "2024-08-10 15:13:53", "elapsed": 9483.975755, "delta": 12.758841}}
{"target": -0.3534397324999407, "params": {"bus_acc": 0.4619, "bus_dcc": 3.3592, "bus_lcAssertive": 87.4694, "bus_lcCooperative": 0.607, "bus_lcLookaheadLeft": 89.4805, "bus_lcPushy": 0.1322, "bus_lcSigma": 0.4451, "bus_lcSpeedGainRight": 1.4168, "bus_lcSublane": 0.0547, "bus_sigma": 0.2894, "bus_tau_mean": 3.7471, "bus_tau_std": 0.4445, "bus_v_mean": 23.3053, "bus_v_std": 18.0377, "car_acc": 3.7792, "car_dcc": 1.2927, "car_lcAssertive": 93.6833, "car_lcCooperative": 0.2592, "car_lcLookaheadLeft": 42.2165, "car_lcPushy": 0.0379, "car_lcSigma": 0.0321, "car_lcSpeedGainRight": 1.92, "car_lcSublane": 0.355, "car_sigma": 0.2087, "car_tau_mean": 3.9883, "car_tau_std": 8.7238, "car_v_mean": 21.6247, "car_v_std": 4.045}, "datetime": {"datetime": "2024-08-10 15:13:59", "elapsed": 9489.191775, "delta": 5.21602}}
{"target": -0.3263035770236005, "params": {"bus_acc": 1.8505, "bus_dcc": 3.7683, "bus_lcAssertive": 23.0101, "bus_lcCooperative": 0.9012, "bus_lcLookaheadLeft": 58.3774, "bus_lcPushy": 0.7139, "bus_lcSigma": 0.0607, "bus_lcSpeedGainRight": 4.1665, "bus_lcSublane": 0.4725, "bus_sigma": 0.8599, "bus_tau_mean": 2.1162, "bus_tau_std": 1.6896, "bus_v_mean": 23.7626, "bus_v_std": 16.0915, "car_acc": 3.346, "car_dcc": 3.8099, "car_lcAssertive": 54.4431, "car_lcCooperative": 0.9989, "car_lcLookaheadLeft": 26.1392, "car_lcPushy": 0.8009, "car_lcSigma": 0.7298, "car_lcSpeedGainRight": 3.4087, "car_lcSublane": 0.2884, "car_sigma": 0.3369, "car_tau_mean": 1.3633, "car_tau_std": 8.1924, "car_v_mean": 18.7868, "car_v_std": 15.8764}, "datetime": {"datetime": "2024-08-10 15:14:04", "elapsed": 9494.167255, "delta": 4.97548}}
{"target": -0.3907463074799055, "params": {"bus_acc": 0.4332, "bus_dcc": 2.9088, "bus_lcAssertive": 31.8927, "bus_lcCooperative": 0.4579, "bus_lcLookaheadLeft": 56.3933, "bus_lcPushy": 0.0736, "bus_lcSigma": 0.4024, "bus_lcSpeedGainRight": 0.8562, "bus_lcSublane": 0.9167, "bus_sigma": 0.4083, "bus_tau_mean": 3.2402, "bus_tau_std": 7.6857, "bus_v_mean": 11.7163, "bus_v_std": 11.5033, "car_acc": 3.482, "car_dcc": 2.0779, "car_lcAssertive": 92.4667, "car_lcCooperative": 0.2142, "car_lcLookaheadLeft": 47.0148, "car_lcPushy": 0.5082, "car_lcSigma": 0.6435, "car_lcSpeedGainRight": 2.3439, "car_lcSublane": 0.3427, "car_sigma": 0.6453, "car_tau_mean": 1.1793, "car_tau_std": 2.3894, "car_v_mean": 8.6421, "car_v_std": 8.5694}, "datetime": {"datetime": "2024-08-10 15:14:13", "elapsed": 9503.190591, "delta": 9.023336}}
{"target": -0.3324359942600375, "params": {"bus_acc": 2.9267, "bus_dcc": 3.2487, "bus_lcAssertive": 72.4948, "bus_lcCooperative": 0.668, "bus_lcLookaheadLeft": 19.2551, "bus_lcPushy": 0.2195, "bus_lcSigma": 0.1579, "bus_lcSpeedGainRight": 0.8035, "bus_lcSublane": 0.238, "bus_sigma": 0.3031, "bus_tau_mean": 2.1348, "bus_tau_std": 4.327, "bus_v_mean": 10.6375, "bus_v_std": 6.7045, "car_acc": 2.5337, "car_dcc": 3.3105, "car_lcAssertive": 32.9546, "car_lcCooperative": 0.1508, "car_lcLookaheadLeft": 37.2447, "car_lcPushy": 0.9878, "car_lcSigma": 0.0476, "car_lcSpeedGainRight": 2.1014, "car_lcSublane": 0.8604, "car_sigma": 0.7946, "car_tau_mean": 1.7139, "car_tau_std": 4.7966, "car_v_mean": 14.9858, "car_v_std": 16.8717}, "datetime": {"datetime": "2024-08-10 15:14:18", "elapsed": 9508.927315, "delta": 5.736724}}
{"target": -0.2913303475935947, "params": {"bus_acc": 2.7378, "bus_dcc": 0.8636, "bus_lcAssertive": 15.3678, "bus_lcCooperative": 0.9258, "bus_lcLookaheadLeft": 34.5641, "bus_lcPushy": 0.4337, "bus_lcSigma": 0.6108, "bus_lcSpeedGainRight": 0.2998, "bus_lcSublane": 0.1546, "bus_sigma": 0.9973, "bus_tau_mean": 1.4785, "bus_tau_std": 6.0318, "bus_v_mean": 14.3041, "bus_v_std": 17.5119, "car_acc": 1.5281, "car_dcc": 1.6831, "car_lcAssertive": 1.7071, "car_lcCooperative": 0.7746, "car_lcLookaheadLeft": 68.8205, "car_lcPushy": 0.6884, "car_lcSigma": 0.4607, "car_lcSpeedGainRight": 0.9919, "car_lcSublane": 0.9033, "car_sigma": 0.3112, "car_tau_mean": 2.004, "car_tau_std": 5.0847, "car_v_mean": 15.225, "car_v_std": 7.5985}, "datetime": {"datetime": "2024-08-10 15:14:23", "elapsed": 9513.92922, "delta": 5.001905}}
{"target": -0.3322879080657451, "params": {"bus_acc": 0.6913, "bus_dcc": 2.4929, "bus_lcAssertive": 21.7721, "bus_lcCooperative": 0.0975, "bus_lcLookaheadLeft": 44.7233, "bus_lcPushy": 0.5459, "bus_lcSigma": 0.2889, "bus_lcSpeedGainRight": 1.0902, "bus_lcSublane": 0.1972, "bus_sigma": 0.3817, "bus_tau_mean": 2.3904, "bus_tau_std": 4.8928, "bus_v_mean": 25.5586, "bus_v_std": 19.5276, "car_acc": 2.0013, "car_dcc": 2.6888, "car_lcAssertive": 20.8913, "car_lcCooperative": 0.8497, "car_lcLookaheadLeft": 67.036, "car_lcPushy": 0.1173, "car_lcSigma": 0.2339, "car_lcSpeedGainRight": 2.1963, "car_lcSublane": 0.4352, "car_sigma": 0.0067, "car_tau_mean": 2.4449, "car_tau_std": 4.5975, "car_v_mean": 11.1095, "car_v_std": 1.7425}, "datetime": {"datetime": "2024-08-10 15:14:28", "elapsed": 9518.314028, "delta": 4.384808}}
{"target": -0.4232013726671808, "params": {"bus_acc": 3.5553, "bus_dcc": 3.4701, "bus_lcAssertive": 9.6884, "bus_lcCooperative": 0.638, "bus_lcLookaheadLeft": 17.4925, "bus_lcPushy": 0.9254, "bus_lcSigma": 0.8817, "bus_lcSpeedGainRight": 3.4408, "bus_lcSublane": 0.2199, "bus_sigma": 0.7029, "bus_tau_mean": 3.7178, "bus_tau_std": 5.6668, "bus_v_mean": 22.6458, "bus_v_std": 11.5653, "car_acc": 2.22, "car_dcc": 0.8921, "car_lcAssertive": 89.3283, "car_lcCooperative": 0.5264, "car_lcLookaheadLeft": 84.0114, "car_lcPushy": 0.193, "car_lcSigma": 0.6601, "car_lcSpeedGainRight": 3.4507, "car_lcSublane": 0.9157, "car_sigma": 0.2339, "car_tau_mean": 3.9573, "car_tau_std": 4.0351, "car_v_mean": 20.5103, "car_v_std": 4.083}, "datetime": {"datetime": "2024-08-10 15:14:36", "elapsed": 9526.969788, "delta": 8.65576}}
{"target": -0.4327530512589453, "params": {"bus_acc": 0.2884, "bus_dcc": 0.3793, "bus_lcAssertive": 9.2972, "bus_lcCooperative": 0.1149, "bus_lcLookaheadLeft": 30.2896, "bus_lcPushy": 0.4623, "bus_lcSigma": 0.597, "bus_lcSpeedGainRight": 3.9868, "bus_lcSublane": 0.624, "bus_sigma": 0.7317, "bus_tau_mean": 2.3596, "bus_tau_std": 4.5696, "bus_v_mean": 22.6616, "bus_v_std": 16.3061, "car_acc": 1.2675, "car_dcc": 3.654, "car_lcAssertive": 52.2617, "car_lcCooperative": 0.3406, "car_lcLookaheadLeft": 90.8599, "car_lcPushy": 0.8393, "car_lcSigma": 0.0484, "car_lcSpeedGainRight": 3.8093, "car_lcSublane": 0.7373, "car_sigma": 0.0868, "car_tau_mean": 3.0262, "car_tau_std": 3.8693, "car_v_mean": 13.5355, "car_v_std": 10.5903}, "datetime": {"datetime": "2024-08-10 15:14:41", "elapsed": 9531.967841, "delta": 4.998053}}
{"target": -0.34147554486524306, "params": {"bus_acc": 1.2342, "bus_dcc": 2.4693, "bus_lcAssertive": 44.971, "bus_lcCooperative": 0.6399, "bus_lcLookaheadLeft": 24.4642, "bus_lcPushy": 0.5541, "bus_lcSigma": 0.159, "bus_lcSpeedGainRight": 3.3605, "bus_lcSublane": 0.4627, "bus_sigma": 0.8962, "bus_tau_mean": 3.3467, "bus_tau_std": 0.9009, "bus_v_mean": 21.9238, "bus_v_std": 9.6933, "car_acc": 0.4837, "car_dcc": 1.2276, "car_lcAssertive": 49.0615, "car_lcCooperative": 0.0334, "car_lcLookaheadLeft": 54.4976, "car_lcPushy": 0.0179, "car_lcSigma": 0.8818, "car_lcSpeedGainRight": 2.1454, "car_lcSublane": 0.2323, "car_sigma": 0.2168, "car_tau_mean": 1.4004, "car_tau_std": 2.4856, "car_v_mean": 14.5395, "car_v_std": 5.5031}, "datetime": {"datetime": "2024-08-10 15:14:46", "elapsed": 9536.663518, "delta": 4.695677}}
{"target": -0.3271950017284159, "params": {"bus_acc": 3.4555, "bus_dcc": 0.2505, "bus_lcAssertive": 45.8135, "bus_lcCooperative": 0.9269, "bus_lcLookaheadLeft": 31.7688, "bus_lcPushy": 0.7156, "bus_lcSigma": 0.1334, "bus_lcSpeedGainRight": 2.8628, "bus_lcSublane": 0.9301, "bus_sigma": 0.9743, "bus_tau_mean": 3.5754, "bus_tau_std": 9.6617, "bus_v_mean": 18.836, "bus_v_std": 8.9308, "car_acc": 2.6909, "car_dcc": 2.0914, "car_lcAssertive": 2.3445, "car_lcCooperative": 0.8316, "car_lcLookaheadLeft": 35.7778, "car_lcPushy": 0.001, "car_lcSigma": 0.6449, "car_lcSpeedGainRight": 3.441, "car_lcSublane": 0.606, "car_sigma": 0.8815, "car_tau_mean": 3.7476, "car_tau_std": 2.2668, "car_v_mean": 12.4627, "car_v_std": 9.1309}, "datetime": {"datetime": "2024-08-10 15:14:54", "elapsed": 9544.443351, "delta": 7.779833}}
{"target": -0.31940608132823334, "params": {"bus_acc": 1.2284, "bus_dcc": 0.8569, "bus_lcAssertive": 82.3615, "bus_lcCooperative": 0.8864, "bus_lcLookaheadLeft": 31.9004, "bus_lcPushy": 0.8865, "bus_lcSigma": 0.1865, "bus_lcSpeedGainRight": 1.2851, "bus_lcSublane": 0.9874, "bus_sigma": 0.5551, "bus_tau_mean": 3.6619, "bus_tau_std": 4.1081, "bus_v_mean": 14.2, "bus_v_std": 5.4713, "car_acc": 3.2307, "car_dcc": 2.9984, "car_lcAssertive": 18.2082, "car_lcCooperative": 0.9563, "car_lcLookaheadLeft": 54.0207, "car_lcPushy": 0.1122, "car_lcSigma": 0.1224, "car_lcSpeedGainRight": 3.5095, "car_lcSublane": 0.7916, "car_sigma": 0.4151, "car_tau_mean": 2.5171, "car_tau_std": 3.2463, "car_v_mean": 8.837, "car_v_std": 11.5823}, "datetime": {"datetime": "2024-08-10 15:15:01", "elapsed": 9551.656314, "delta": 7.212963}}
