{"target": -0.30285144722586743, "params": {"bus_acc": 2.38164690086965, "bus_dcc": 0.7575685846420785, "bus_lcAssertive": 59.34124815342514, "bus_lcCooperative": 0.6997583600209312, "bus_lcLookaheadLeft": 12.028774025126932, "bus_lcPushy": 0.4140559878195683, "bus_lcSigma": 0.6944001577277451, "bus_lcSpeedGainRight": 2.0708963476345135, "bus_lcSublane": 0.04995345894608716, "bus_sigma": 0.5358964059155116, "bus_tau_mean": 2.823281258269261, "bus_tau_std": 5.148891120583086, "bus_v_mean": 25.00270560783464, "bus_v_std": 11.731100810039859, "car_acc": 3.632927278093957, "car_dcc": 0.7224038757557025, "car_lcAssertive": 14.788358377825096, "car_lcCooperative": 0.8073912887095238, "car_lcLookaheadLeft": 40.97233002458229, "car_lcPushy": 0.16535419711693278, "car_lcSigma": 0.9275085803960339, "car_lcSpeedGainRight": 1.738829298727533, "car_lcSublane": 0.7508121031361555, "car_sigma": 0.7259979853504515, "car_tau_mean": 3.5915713192203342, "car_tau_std": 6.236722070556089, "car_v_mean": 21.51696381249207, "car_v_std": 6.977966839556851}, "datetime": {"datetime": "2024-08-10 12:39:33", "elapsed": 223.342349, "delta": 2.252622}}
{"target": -0.2863126517905787, "params": {"bus_acc": 1.3298592497276345, "bus_dcc": 0.30490284542711377, "bus_lcAssertive": 59.749812496997485, "bus_lcCooperative": 0.8438404289311888, "bus_lcLookaheadLeft": 39.33958015809699, "bus_lcPushy": 0.7498583107261434, "bus_lcSigma": 0.5111414782971282, "bus_lcSpeedGainRight": 2.704759024810943, "bus_lcSublane": 0.9594343210617524, "bus_sigma": 0.8039608914986468, "bus_tau_mean": 0.6131307331825089, "bus_tau_std": 7.0938725123129505, "bus_v_mean": 16.37002666814311, "bus_v_std": 18.950978827901995, "car_acc": 1.0414443904292556, "car_dcc": 1.21487367480059, "car_lcAssertive": 9.065922522848938, "car_lcCooperative": 0.42861882866378653, "car_lcLookaheadLeft": 12.683838873868693, "car_lcPushy": 0.6337867606119179, "car_lcSigma": 0.8029632373737379, "car_lcSpeedGainRight": 3.4840024806008922, "car_lcSublane": 0.7662113810757705, "car_sigma": 0.3424541198435198, "car_tau_mean": 3.4604801905968716, "car_tau_std": 4.287687749994426, "car_v_mean": 22.83217766742174, "car_v_std": 12.529923172485875}, "datetime": {"datetime": "2024-08-10 12:39:35", "elapsed": 225.473527, "delta": 2.131178}}
{"target": -0.2937358338242874, "params": {"bus_acc": 3.9040134092493126, "bus_dcc": 2.6190967200072093, "bus_lcAssertive": 99.39738943643741, "bus_lcCooperative": 0.5460708041429516, "bus_lcLookaheadLeft": 53.589741522741086, "bus_lcPushy": 0.1354279030721699, "bus_lcSigma": 0.3557051709838811, "bus_lcSpeedGainRight": 0.13109283648186643, "bus_lcSublane": 0.1603951795196491, "bus_sigma": 0.7456371927074961, "bus_tau_mean": 0.6063989147507609, "bus_tau_std": 3.665430972437443, "bus_v_mean": 23.522232551084794, "bus_v_std": 13.853554350147085, "car_acc": 2.8255801398514406, "car_dcc": 0.9168198436301813, "car_lcAssertive": 44.74852379409391, "car_lcCooperative": 0.5815774073442912, "car_lcLookaheadLeft": 98.99566735104311, "car_lcPushy": 0.20390622523312185, "car_lcSigma": 0.24773290176235485, "car_lcSpeedGainRight": 1.3108654188645597, "car_lcSublane": 0.7501724132979928, "car_sigma": 0.4569753274356928, "car_tau_mean": 0.6992530344388325, "car_tau_std": 5.085162406102396, "car_v_mean": 11.815282963586167, "car_v_std": 15.972084895204205}, "datetime": {"datetime": "2024-08-10 12:39:38", "elapsed": 228.717358, "delta": 3.243831}}
{"target": -0.3397722306986351, "params": {"bus_acc": 1.8016658396267726, "bus_dcc": 2.309396834032066, "bus_lcAssertive": 97.10345894261806, "bus_lcCooperative": 0.09175383344119148, "bus_lcLookaheadLeft": 28.843973136496388, "bus_lcPushy": 0.10510706908204948, "bus_lcSigma": 0.3904396367376164, "bus_lcSpeedGainRight": 1.4450554159388485, "bus_lcSublane": 0.5133003494679066, "bus_sigma": 0.348256681750747, "bus_tau_mean": 3.7487980638753537, "bus_tau_std": 7.899477963830403, "bus_v_mean": 23.498204635051557, "bus_v_std": 2.590018918857917, "car_acc": 2.385266634557113, "car_dcc": 1.0161736363624632, "car_lcAssertive": 86.955618572648, "car_lcCooperative": 0.015019421753424078, "car_lcLookaheadLeft": 12.362933082745112, "car_lcPushy": 0.3760570755473156, "car_lcSigma": 0.4020939060931935, "car_lcSpeedGainRight": 1.386100414893413, "car_lcSublane": 0.09606299875993918, "car_sigma": 0.11873040511259358, "car_tau_mean": 1.6128066384656687, "car_tau_std": 9.507928340777205, "car_v_mean": 11.733318166747832, "car_v_std": 14.94560642118445}, "datetime": {"datetime": "2024-08-10 12:39:40", "elapsed": 230.824421, "delta": 2.107063}}
{"target": -0.3291104709212722, "params": {"bus_acc": 3.7438627595412215, "bus_dcc": 2.8479090136616207, "bus_lcAssertive": 7.534017099484187, "bus_lcCooperative": 0.7554630526024664, "bus_lcLookaheadLeft": 75.87986646920214, "bus_lcPushy": 0.9230245355464833, "bus_lcSigma": 0.7115247586284718, "bus_lcSpeedGainRight": 0.6213548098608235, "bus_lcSublane": 0.01988013383979559, "bus_sigma": 0.026210986877719278, "bus_tau_mean": 0.5990727080727811, "bus_tau_std": 2.462110676030459, "bus_v_mean": 23.480503076291985, "bus_v_std": 10.776621286833057, "car_acc": 2.3007235190059103, "car_dcc": 3.3997173909665017, "car_lcAssertive": 13.293158196871204, "car_lcCooperative": 0.2791836790111395, "car_lcLookaheadLeft": 59.40440860291221, "car_lcPushy": 0.9695957483196745, "car_lcSigma": 0.56103021925571, "car_lcSpeedGainRight": 0.0932364468647151, "car_lcSublane": 0.8006326726806163, "car_sigma": 0.23297427384102043, "car_tau_mean": 3.324868184665727, "car_tau_std": 3.8786064406417173, "car_v_mean": 23.543753382069717, "car_v_std": 14.942432854743693}, "datetime": {"datetime": "2024-08-10 12:39:42", "elapsed": 232.644323, "delta": 1.819902}}
{"target": -0.274898000917287, "params": {"bus_acc": 0.5351168531717383, "bus_dcc": 2.798099276122224, "bus_lcAssertive": 12.919686808914616, "bus_lcCooperative": 0.010699003144174157, "bus_lcLookaheadLeft": 56.61228654734155, "bus_lcPushy": 0.9071090552203707, "bus_lcSigma": 0.8604566673368852, "bus_lcSpeedGainRight": 1.6922569205912503, "bus_lcSublane": 0.02715882932586222, "bus_sigma": 0.8008593551300331, "bus_tau_mean": 3.3209472630138306, "bus_tau_std": 8.684881163027722, "bus_v_mean": 20.053638797759596, "bus_v_std": 16.15557724630153, "car_acc": 3.6104934727507167, "car_dcc": 1.9245538118620467, "car_lcAssertive": 56.224705067776135, "car_lcCooperative": 0.5061311288282347, "car_lcLookaheadLeft": 69.81442264337343, "car_lcPushy": 0.6829068676298748, "car_lcSigma": 0.5203136358633165, "car_lcSpeedGainRight": 4.142340740427357, "car_lcSublane": 0.5057793867898664, "car_sigma": 0.8248585623852319, "car_tau_mean": 1.4864578085013502, "car_tau_std": 1.7849483297748825, "car_v_mean": 25.457670266204854, "car_v_std": 14.838790509121536}, "datetime": {"datetime": "2024-08-10 12:39:44", "elapsed": 234.532012, "delta": 1.887689}}
{"target": -0.32931626142125875, "params": {"bus_acc": 2.9312653540953852, "bus_dcc": 2.9871227549246138, "bus_lcAssertive": 78.54619125867339, "bus_lcCooperative": 0.26331448779883615, "bus_lcLookaheadLeft": 99.83910509989647, "bus_lcPushy": 0.49370043677044173, "bus_lcSigma": 0.08392651435770837, "bus_lcSpeedGainRight": 0.5600784162228045, "bus_lcSublane": 0.5614997241464469, "bus_sigma": 0.5101089424261638, "bus_tau_mean": 3.7719242729292484, "bus_tau_std": 9.008260608353996, "bus_v_mean": 16.377265661367336, "bus_v_std": 4.129542664562309, "car_acc": 2.3447869024820527, "car_dcc": 1.3731868507542053, "car_lcAssertive": 65.40797776163853, "car_lcCooperative": 0.5151040068807616, "car_lcLookaheadLeft": 84.631648961195, "car_lcPushy": 0.1317404149332022, "car_lcSigma": 0.251006777252771, "car_lcSpeedGainRight": 2.987657171227511, "car_lcSublane": 0.6252147812669753, "car_sigma": 0.41259408537902176, "car_tau_mean": 3.6520726102905754, "car_tau_std": 8.102750250424481, "car_v_mean": 17.73529789067696, "car_v_std": 8.10058720775736}, "datetime": {"datetime": "2024-08-10 12:39:46", "elapsed": 236.341369, "delta": 1.809357}}
{"target": -0.3133410231886622, "params": {"bus_acc": 3.058575098255554, "bus_dcc": 2.5474662625182583, "bus_lcAssertive": 88.04065749312295, "bus_lcCooperative": 0.16880019007759361, "bus_lcLookaheadLeft": 70.94767775573999, "bus_lcPushy": 0.9172601590800086, "bus_lcSigma": 0.1507396591030582, "bus_lcSpeedGainRight": 1.218819886980906, "bus_lcSublane": 0.5466845720908042, "bus_sigma": 0.3441193369759975, "bus_tau_mean": 2.9172367827383794, "bus_tau_std": 0.5756761842510749, "bus_v_mean": 10.893754561822277, "bus_v_std": 14.32476612959243, "car_acc": 3.8883510540489867, "car_dcc": 3.732291430746894, "car_lcAssertive": 90.20563234885856, "car_lcCooperative": 0.12774331390359328, "car_lcLookaheadLeft": 16.30103397101714, "car_lcPushy": 0.07226475681487265, "car_lcSigma": 0.5425402331447909, "car_lcSpeedGainRight": 4.412430864511857, "car_lcSublane": 0.5317919000668885, "car_sigma": 0.7817152853959399, "car_tau_mean": 1.1595882541894156, "car_tau_std": 8.63111260166335, "car_v_mean": 11.373645873056326, "car_v_std": 1.095282521330465}, "datetime": {"datetime": "2024-08-10 12:39:48", "elapsed": 238.212368, "delta": 1.870999}}
{"target": -0.32884474765781824, "params": {"bus_acc": 0.9029352690931534, "bus_dcc": 3.408188019285374, "bus_lcAssertive": 98.27638914120345, "bus_lcCooperative": 0.9137396248416316, "bus_lcLookaheadLeft": 36.04220319653566, "bus_lcPushy": 0.7802245796913637, "bus_lcSigma": 0.5464545907014307, "bus_lcSpeedGainRight": 4.082211987779688, "bus_lcSublane": 0.48372695118890585, "bus_sigma": 0.5899512982994037, "bus_tau_mean": 3.255422066334915, "bus_tau_std": 1.0023464310313235, "bus_v_mean": 17.666128103129733, "bus_v_std": 7.319666933393085, "car_acc": 2.4963660059417143, "car_dcc": 3.843449559420602, "car_lcAssertive": 39.889471554699284, "car_lcCooperative": 0.39297299794161644, "car_lcLookaheadLeft": 79.48242537178068, "car_lcPushy": 0.6450783990854264, "car_lcSigma": 0.3938840078553765, "car_lcSpeedGainRight": 3.444775241151257, "car_lcSublane": 0.404001609054379, "car_sigma": 0.1361131542481221, "car_tau_mean": 2.0772514403524704, "car_tau_std": 3.344193926972726, "car_v_mean": 11.923440741101022, "car_v_std": 18.515496032728798}, "datetime": {"datetime": "2024-08-10 12:39:51", "elapsed": 241.624609, "delta": 3.412241}}
{"target": -0.29417018157970437, "params": {"bus_acc": 2.617963278252738, "bus_dcc": 1.6253458698968617, "bus_lcAssertive": 85.89096540927606, "bus_lcCooperative": 0.6195867393685738, "bus_lcLookaheadLeft": 26.699241852822258, "bus_lcPushy": 0.7928556779768876, "bus_lcSigma": 0.43293850873416306, "bus_lcSpeedGainRight": 1.787555836652207, "bus_lcSublane": 0.33027693652508094, "bus_sigma": 0.6973688756131394, "bus_tau_mean": 1.440275433671793, "bus_tau_std": 8.0827801370538, "bus_v_mean": 13.31519829919726, "bus_v_std": 10.882427671707145, "car_acc": 2.054101668859769, "car_dcc": 3.4503543678624053, "car_lcAssertive": 88.9502570051432, "car_lcCooperative": 0.18438444236776674, "car_lcLookaheadLeft": 59.3641489759486, "car_lcPushy": 0.8982050460171371, "car_lcSigma": 0.4461172190344297, "car_lcSpeedGainRight": 4.609341527419077, "car_lcSublane": 0.2789908904569709, "car_sigma": 0.6088311741937957, "car_tau_mean": 2.8885879841838538, "car_tau_std": 2.282057333504841, "car_v_mean": 8.247815226038902, "car_v_std": 8.334479247413922}, "datetime": {"datetime": "2024-08-10 12:39:53", "elapsed": 243.603381, "delta": 1.978772}}
{"target": -0.316317901995056, "params": {"bus_acc": 1.7905964979035747, "bus_dcc": 2.7971666206319443, "bus_lcAssertive": 40.40107330138432, "bus_lcCooperative": 0.5057420174508104, "bus_lcLookaheadLeft": 20.576066877724877, "bus_lcPushy": 0.9649889241109139, "bus_lcSigma": 0.2942156882442547, "bus_lcSpeedGainRight": 0.5172977805820067, "bus_lcSublane": 0.1443154002290481, "bus_sigma": 0.014092294192442956, "bus_tau_mean": 3.005809948118381, "bus_tau_std": 5.644983202408741, "bus_v_mean": 22.30241032132554, "bus_v_std": 10.141598465682728, "car_acc": 3.2089199501157846, "car_dcc": 2.84390401423299, "car_lcAssertive": 78.00699920905836, "car_lcCooperative": 0.4064828689770863, "car_lcLookaheadLeft": 65.48152205237315, "car_lcPushy": 0.1797942976929744, "car_lcSigma": 0.321819963387904, "car_lcSpeedGainRight": 0.8630231005989625, "car_lcSublane": 0.4086372250132624, "car_sigma": 0.2414187479655988, "car_tau_mean": 1.9242269794527527, "car_tau_std": 9.75222342437312, "car_v_mean": 13.765747864796563, "car_v_std": 19.649818899497905}, "datetime": {"datetime": "2024-08-10 12:39:55", "elapsed": 245.354961, "delta": 1.75158}}
{"target": -0.3437227756881885, "params": {"bus_acc": 1.1428235634286643, "bus_dcc": 3.4133368564783524, "bus_lcAssertive": 98.68106705184017, "bus_lcCooperative": 0.06657080313237929, "bus_lcLookaheadLeft": 71.9649471621622, "bus_lcPushy": 0.3301155521990743, "bus_lcSigma": 0.6254353783114329, "bus_lcSpeedGainRight": 1.290648246409355, "bus_lcSublane": 0.6510076093084951, "bus_sigma": 0.37114718446272954, "bus_tau_mean": 1.5318730783793728, "bus_tau_std": 9.117631736977987, "bus_v_mean": 24.964979736071733, "bus_v_std": 12.27100053120271, "car_acc": 1.014977567156632, "car_dcc": 3.7697917094434055, "car_lcAssertive": 75.29490112560909, "car_lcCooperative": 0.7510898073228061, "car_lcLookaheadLeft": 22.748690815151647, "car_lcPushy": 0.8301565261622993, "car_lcSigma": 0.24009515416121008, "car_lcSpeedGainRight": 3.158103726250801, "car_lcSublane": 0.7107395698995863, "car_sigma": 0.7423834297071017, "car_tau_mean": 1.8659264660985333, "car_tau_std": 7.598253967160974, "car_v_mean": 24.252846238190777, "car_v_std": 11.748400384751537}, "datetime": {"datetime": "2024-08-10 12:39:57", "elapsed": 248.109949, "delta": 2.754988}}
{"target": -0.3389570310647782, "params": {"bus_acc": 2.549714303445965, "bus_dcc": 2.2188936798280205, "bus_lcAssertive": 25.58078217071276, "bus_lcCooperative": 0.2950785752494959, "bus_lcLookaheadLeft": 87.52324416210728, "bus_lcPushy": 0.42166593484970927, "bus_lcSigma": 0.0644302555796068, "bus_lcSpeedGainRight": 4.484925347537913, "bus_lcSublane": 0.20338083282405106, "bus_sigma": 0.8262275354923914, "bus_tau_mean": 3.5861971807898256, "bus_tau_std": 4.867507448183382, "bus_v_mean": 18.772364475883457, "bus_v_std": 10.545349129708338, "car_acc": 2.5743209179048963, "car_dcc": 3.4491585411199357, "car_lcAssertive": 28.9318053920812, "car_lcCooperative": 0.8837555081806009, "car_lcLookaheadLeft": 57.63365235167663, "car_lcPushy": 0.11510304096690338, "car_lcSigma": 0.22700116521465796, "car_lcSpeedGainRight": 2.9799119280650688, "car_lcSublane": 0.23944623690468037, "car_sigma": 0.13141566053746057, "car_tau_mean": 1.066466999433423, "car_tau_std": 8.448725182357391, "car_v_mean": 18.839305770068794, "car_v_std": 19.27134174376684}, "datetime": {"datetime": "2024-08-10 12:39:59", "elapsed": 250.012448, "delta": 1.902499}}
{"target": -0.335415498885063, "params": {"bus_acc": 1.093307287532344, "bus_dcc": 0.2776710550558997, "bus_lcAssertive": 33.45005094353712, "bus_lcCooperative": 0.4680560778756401, "bus_lcLookaheadLeft": 78.88777308277646, "bus_lcPushy": 0.5322729558284961, "bus_lcSigma": 0.4774265006789925, "bus_lcSpeedGainRight": 3.4897486033928087, "bus_lcSublane": 0.017417185302214144, "bus_sigma": 0.6949907649340304, "bus_tau_mean": 1.5918585537835306, "bus_tau_std": 5.597909594664436, "bus_v_mean": 18.922519617371606, "bus_v_std": 3.6428531430007327, "car_acc": 1.1510358429848258, "car_dcc": 2.3995086225044844, "car_lcAssertive": 26.999644502863624, "car_lcCooperative": 0.2394170493667156, "car_lcLookaheadLeft": 37.18507232518429, "car_lcPushy": 0.9044109982517952, "car_lcSigma": 0.8692103055155421, "car_lcSpeedGainRight": 2.5701788926879265, "car_lcSublane": 0.05174768110702721, "car_sigma": 0.8003379069103024, "car_tau_mean": 1.134162157717954, "car_tau_std": 6.6874125440851016, "car_v_mean": 23.036690865791, "car_v_std": 19.295931135412715}, "datetime": {"datetime": "2024-08-10 12:40:02", "elapsed": 252.172979, "delta": 2.160531}}
{"target": -0.2716344209868622, "params": {"bus_acc": 1.1545720967276691, "bus_dcc": 2.691890918032791, "bus_lcAssertive": 96.07931767378179, "bus_lcCooperative": 0.0035547604644260433, "bus_lcLookaheadLeft": 72.88938235064201, "bus_lcPushy": 0.10899503392964371, "bus_lcSigma": 0.5437874916638252, "bus_lcSpeedGainRight": 3.134580083401673, "bus_lcSublane": 0.24294712577080113, "bus_sigma": 0.9138438752466082, "bus_tau_mean": 2.6780938504206624, "bus_tau_std": 2.3169469139485988, "bus_v_mean": 21.862379376796536, "bus_v_std": 2.1101415999466955, "car_acc": 2.309856210419109, "car_dcc": 0.5608330652494677, "car_lcAssertive": 58.51742319482693, "car_lcCooperative": 0.2529801127201884, "car_lcLookaheadLeft": 65.64774717956513, "car_lcPushy": 0.71582695285818, "car_lcSigma": 0.5241856145686612, "car_lcSpeedGainRight": 3.2876070385155503, "car_lcSublane": 0.8132938453250557, "car_sigma": 0.8075122716430321, "car_tau_mean": 2.6688869721885196, "car_tau_std": 4.511024621207749, "car_v_mean": 15.343099802852613, "car_v_std": 17.494952398087268}, "datetime": {"datetime": "2024-08-10 12:40:03", "elapsed": 254.076315, "delta": 1.903336}}
{"target": -0.27932520013159573, "params": {"bus_acc": 3.349481021144916, "bus_dcc": 0.32032962384915364, "bus_lcAssertive": 15.403531752894681, "bus_lcCooperative": 0.727728294216953, "bus_lcLookaheadLeft": 54.89490666791946, "bus_lcPushy": 0.9952645064599802, "bus_lcSigma": 0.49562965945080917, "bus_lcSpeedGainRight": 1.9205193425394902, "bus_lcSublane": 0.1943740012337618, "bus_sigma": 0.5901664445660855, "bus_tau_mean": 3.1831881529080497, "bus_tau_std": 9.244391872210278, "bus_v_mean": 10.477264872687261, "bus_v_std": 0.16179846610166138, "car_acc": 2.016249859041837, "car_dcc": 0.8952008277763048, "car_lcAssertive": 61.42352253913641, "car_lcCooperative": 0.6202693045764363, "car_lcLookaheadLeft": 42.143758136995615, "car_lcPushy": 0.677205263887532, "car_lcSigma": 0.19967056911058145, "car_lcSpeedGainRight": 4.042909902423916, "car_lcSublane": 0.050339684205637836, "car_sigma": 0.1718618586534073, "car_tau_mean": 3.932108116743485, "car_tau_std": 9.003771794068165, "car_v_mean": 24.91512238022672, "car_v_std": 18.16888586690896}, "datetime": {"datetime": "2024-08-10 12:40:05", "elapsed": 256.060958, "delta": 1.984643}}
{"target": -0.32629967582457825, "params": {"bus_acc": 1.5800178608218933, "bus_dcc": 3.8773641546106314, "bus_lcAssertive": 69.85564596510581, "bus_lcCooperative": 0.36973977954151527, "bus_lcLookaheadLeft": 67.81936256302868, "bus_lcPushy": 0.26510969397346273, "bus_lcSigma": 0.07747756400296191, "bus_lcSpeedGainRight": 2.640335696278041, "bus_lcSublane": 0.28976912585189274, "bus_sigma": 0.48165189565416366, "bus_tau_mean": 3.6569810809226313, "bus_tau_std": 6.5174036674872395, "bus_v_mean": 21.019744441267044, "bus_v_std": 2.051730504542708, "car_acc": 2.022700726012289, "car_dcc": 1.7364991834799381, "car_lcAssertive": 65.0388670324168, "car_lcCooperative": 0.287735134554958, "car_lcLookaheadLeft": 39.540341797321524, "car_lcPushy": 0.981016791950987, "car_lcSigma": 0.11481056778526666, "car_lcSpeedGainRight": 0.9995393153068793, "car_lcSublane": 0.23904616434577042, "car_sigma": 0.6966542004402304, "car_tau_mean": 2.997908319621755, "car_tau_std": 7.8475493657566915, "car_v_mean": 14.858798746901316, "car_v_std": 17.048065753151086}, "datetime": {"datetime": "2024-08-10 12:40:07", "elapsed": 257.903662, "delta": 1.842704}}
{"target": -0.3321954388766736, "params": {"bus_acc": 0.46948992178747145, "bus_dcc": 0.7798951507606331, "bus_lcAssertive": 2.6410124071924805, "bus_lcCooperative": 0.11379635644740682, "bus_lcLookaheadLeft": 65.87534904898885, "bus_lcPushy": 0.4026568521749192, "bus_lcSigma": 0.32102631416731586, "bus_lcSpeedGainRight": 2.7895599712188623, "bus_lcSublane": 0.9934604630998499, "bus_sigma": 0.8344865140180296, "bus_tau_mean": 2.9486811383985434, "bus_tau_std": 9.18258589132058, "bus_v_mean": 8.715116720295526, "bus_v_std": 1.4066688323105048, "car_acc": 2.0012239019546074, "car_dcc": 1.5268361692368937, "car_lcAssertive": 93.78795415071644, "car_lcCooperative": 0.48956496114516856, "car_lcLookaheadLeft": 54.88561278914836, "car_lcPushy": 0.8952603657312208, "car_lcSigma": 0.4466350458236905, "car_lcSpeedGainRight": 4.385171946351759, "car_lcSublane": 0.25358174937162836, "car_sigma": 0.27380970415810857, "car_tau_mean": 1.6492648653065656, "car_tau_std": 5.475642704809535, "car_v_mean": 11.962316132485661, "car_v_std": 13.428583421625467}, "datetime": {"datetime": "2024-08-10 12:40:09", "elapsed": 259.619167, "delta": 1.715505}}
{"target": -0.35543038174495534, "params": {"bus_acc": 1.7322377940022269, "bus_dcc": 3.083238337884879, "bus_lcAssertive": 71.97597116755452, "bus_lcCooperative": 0.9873261748084265, "bus_lcLookaheadLeft": 29.252334764072312, "bus_lcPushy": 0.0037936724093425855, "bus_lcSigma": 0.9339026083148878, "bus_lcSpeedGainRight": 4.2894855226894695, "bus_lcSublane": 0.7288508775192559, "bus_sigma": 0.5166887829215384, "bus_tau_mean": 2.9743468583706636, "bus_tau_std": 7.805295568767427, "bus_v_mean": 14.74776698366347, "bus_v_std": 15.406450506599151, "car_acc": 3.052372412865666, "car_dcc": 2.530202603868187, "car_lcAssertive": 40.7847264728159, "car_lcCooperative": 0.6973080192643409, "car_lcLookaheadLeft": 2.305060066868826, "car_lcPushy": 0.7748966467245978, "car_lcSigma": 0.896416602456847, "car_lcSpeedGainRight": 1.196578537187523, "car_lcSublane": 0.12076718430922972, "car_sigma": 0.2202839877937276, "car_tau_mean": 1.557338559515344, "car_tau_std": 8.830285085638343, "car_v_mean": 17.7769957442857, "car_v_std": 5.734232992128612}, "datetime": {"datetime": "2024-08-10 12:40:11", "elapsed": 261.909095, "delta": 2.289928}}
