{"target": -0.6968091695331905, "params": {"bus_acc": 3.3273, "bus_dcc": 0.7934, "bus_lcAssertive": 92.5463, "bus_lcCooperative": 0.9185, "bus_lcLookaheadLeft": 44.272, "bus_lcPushy": 0.1125, "bus_lcSigma": 0.2924, "bus_lcSpeedGainRight": 2.9517, "bus_lcSublane": 0.7884, "bus_sigma": 0.2985, "bus_tau_mean": 3.3175, "bus_tau_std": 1.6154, "bus_v_mean": 19.3157, "bus_v_std": 8.4666, "car_acc": 0.5389, "car_dcc": 2.7689, "car_lcAssertive": 52.9331, "car_lcCooperative": 0.3868, "car_lcLookaheadLeft": 66.0176, "car_lcPushy": 0.7364, "car_lcSigma": 0.4402, "car_lcSpeedGainRight": 4.5111, "car_lcSublane": 0.647, "car_sigma": 0.3855, "car_tau_mean": 3.0309, "car_tau_std": 5.074, "car_v_mean": 19.4331, "car_v_std": 13.2455}, "datetime": {"datetime": "2024-08-10 14:39:27", "elapsed": 7417.720419, "delta": 4.831749}}
{"target": -0.30195158506682296, "params": {"bus_acc": 1.4474, "bus_dcc": 0.3697, "bus_lcAssertive": 92.4744, "bus_lcCooperative": 0.0065, "bus_lcLookaheadLeft": 32.5322, "bus_lcPushy": 0.9205, "bus_lcSigma": 0.545, "bus_lcSpeedGainRight": 1.7524, "bus_lcSublane": 0.4193, "bus_sigma": 0.1894, "bus_tau_mean": 3.7692, "bus_tau_std": 0.3979, "bus_v_mean": 24.7558, "bus_v_std": 16.9154, "car_acc": 3.9266, "car_dcc": 1.5234, "car_lcAssertive": 46.5781, "car_lcCooperative": 0.4776, "car_lcLookaheadLeft": 50.6787, "car_lcPushy": 0.9543, "car_lcSigma": 0.6286, "car_lcSpeedGainRight": 1.9625, "car_lcSublane": 0.0826, "car_sigma": 0.7349, "car_tau_mean": 3.5533, "car_tau_std": 9.6557, "car_v_mean": 15.3576, "car_v_std": 12.705}, "datetime": {"datetime": "2024-08-10 14:39:33", "elapsed": 7424.035022, "delta": 6.314603}}
{"target": -0.3290794586019852, "params": {"bus_acc": 3.2855, "bus_dcc": 2.3965, "bus_lcAssertive": 60.1035, "bus_lcCooperative": 0.8967, "bus_lcLookaheadLeft": 31.5254, "bus_lcPushy": 0.7684, "bus_lcSigma": 0.4212, "bus_lcSpeedGainRight": 2.2124, "bus_lcSublane": 0.6934, "bus_sigma": 0.728, "bus_tau_mean": 0.9002, "bus_tau_std": 9.9142, "bus_v_mean": 24.764, "bus_v_std": 4.9468, "car_acc": 2.1378, "car_dcc": 1.2089, "car_lcAssertive": 20.19, "car_lcCooperative": 0.1768, "car_lcLookaheadLeft": 21.176, "car_lcPushy": 0.9565, "car_lcSigma": 0.832, "car_lcSpeedGainRight": 3.084, "car_lcSublane": 0.0898, "car_sigma": 0.8701, "car_tau_mean": 1.3671, "car_tau_std": 4.5835, "car_v_mean": 13.6585, "car_v_std": 15.1961}, "datetime": {"datetime": "2024-08-10 14:39:38", "elapsed": 7428.617201, "delta": 4.582179}}
{"target": -0.5902917330155318, "params": {"bus_acc": 0.5868, "bus_dcc": 3.5888, "bus_lcAssertive": 88.6101, "bus_lcCooperative": 0.1332, "bus_lcLookaheadLeft": 46.934, "bus_lcPushy": 0.0247, "bus_lcSigma": 0.4866, "bus_lcSpeedGainRight": 0.5457, "bus_lcSublane": 0.2412, "bus_sigma": 0.2908, "bus_tau_mean": 1.4262, "bus_tau_std": 0.3221, "bus_v_mean": 16.2337, "bus_v_std": 6.0042, "car_acc": 0.4097, "car_dcc": 1.4924, "car_lcAssertive": 17.7817, "car_lcCooperative": 0.1818, "car_lcLookaheadLeft": 43.4935, "car_lcPushy": 0.717, "car_lcSigma": 0.2108, "car_lcSpeedGainRight": 4.235, "car_lcSublane": 0.5286, "car_sigma": 0.7604, "car_tau_mean": 3.1746, "car_tau_std": 7.7439, "car_v_mean": 11.8158, "car_v_std": 13.9589}, "datetime": {"datetime": "2024-08-10 14:39:47", "elapsed": 7437.382119, "delta": 8.764918}}
{"target": -0.8551100438710802, "params": {"bus_acc": 1.8193, "bus_dcc": 1.4287, "bus_lcAssertive": 58.1352, "bus_lcCooperative": 0.6774, "bus_lcLookaheadLeft": 84.3951, "bus_lcPushy": 0.7002, "bus_lcSigma": 0.2842, "bus_lcSpeedGainRight": 3.2215, "bus_lcSublane": 0.7394, "bus_sigma": 0.5059, "bus_tau_mean": 3.5428, "bus_tau_std": 6.0272, "bus_v_mean": 14.5445, "bus_v_std": 12.3881, "car_acc": 0.4892, "car_dcc": 2.9879, "car_lcAssertive": 15.4622, "car_lcCooperative": 0.1227, "car_lcLookaheadLeft": 15.8257, "car_lcPushy": 0.1643, "car_lcSigma": 0.8287, "car_lcSpeedGainRight": 4.5571, "car_lcSublane": 0.7093, "car_sigma": 0.8307, "car_tau_mean": 2.9651, "car_tau_std": 6.6613, "car_v_mean": 24.1972, "car_v_std": 16.9198}, "datetime": {"datetime": "2024-08-10 14:39:52", "elapsed": 7442.483767, "delta": 5.101648}}
{"target": -0.27473379158387545, "params": {"bus_acc": 0.6683, "bus_dcc": 3.8413, "bus_lcAssertive": 39.6869, "bus_lcCooperative": 0.8173, "bus_lcLookaheadLeft": 61.8107, "bus_lcPushy": 0.0614, "bus_lcSigma": 0.4636, "bus_lcSpeedGainRight": 2.3271, "bus_lcSublane": 0.3409, "bus_sigma": 0.4413, "bus_tau_mean": 0.7162, "bus_tau_std": 2.611, "bus_v_mean": 12.7206, "bus_v_std": 1.5347, "car_acc": 3.3405, "car_dcc": 0.4095, "car_lcAssertive": 46.505, "car_lcCooperative": 0.4008, "car_lcLookaheadLeft": 42.9297, "car_lcPushy": 0.3564, "car_lcSigma": 0.84, "car_lcSpeedGainRight": 4.1626, "car_lcSublane": 0.2569, "car_sigma": 0.3673, "car_tau_mean": 1.7602, "car_tau_std": 3.1177, "car_v_mean": 14.6031, "car_v_std": 6.8868}, "datetime": {"datetime": "2024-08-10 14:39:58", "elapsed": 7448.609461, "delta": 6.125694}}
{"target": -0.30710938988394676, "params": {"bus_acc": 3.0273, "bus_dcc": 2.5199, "bus_lcAssertive": 70.1334, "bus_lcCooperative": 0.9511, "bus_lcLookaheadLeft": 5.3788, "bus_lcPushy": 0.5916, "bus_lcSigma": 0.5334, "bus_lcSpeedGainRight": 2.1447, "bus_lcSublane": 0.1045, "bus_sigma": 0.8108, "bus_tau_mean": 1.3138, "bus_tau_std": 9.6605, "bus_v_mean": 24.2019, "bus_v_std": 7.7531, "car_acc": 3.8518, "car_dcc": 2.3027, "car_lcAssertive": 91.7825, "car_lcCooperative": 0.5892, "car_lcLookaheadLeft": 81.7366, "car_lcPushy": 0.2067, "car_lcSigma": 0.6603, "car_lcSpeedGainRight": 4.7481, "car_lcSublane": 0.2927, "car_sigma": 0.6326, "car_tau_mean": 2.5774, "car_tau_std": 0.4512, "car_v_mean": 9.751, "car_v_std": 12.7264}, "datetime": {"datetime": "2024-08-10 14:40:07", "elapsed": 7458.022181, "delta": 9.41272}}
{"target": -0.4689198482556339, "params": {"bus_acc": 1.582, "bus_dcc": 3.7466, "bus_lcAssertive": 22.7328, "bus_lcCooperative": 0.9604, "bus_lcLookaheadLeft": 40.4337, "bus_lcPushy": 0.2147, "bus_lcSigma": 0.8686, "bus_lcSpeedGainRight": 1.0536, "bus_lcSublane": 0.9962, "bus_sigma": 0.3615, "bus_tau_mean": 3.4379, "bus_tau_std": 5.6946, "bus_v_mean": 19.4361, "bus_v_std": 13.51, "car_acc": 0.6549, "car_dcc": 1.7505, "car_lcAssertive": 81.0778, "car_lcCooperative": 0.2682, "car_lcLookaheadLeft": 87.5204, "car_lcPushy": 0.9308, "car_lcSigma": 0.0388, "car_lcSpeedGainRight": 0.0381, "car_lcSublane": 0.329, "car_sigma": 0.2147, "car_tau_mean": 3.3123, "car_tau_std": 6.6962, "car_v_mean": 18.2691, "car_v_std": 10.283}, "datetime": {"datetime": "2024-08-10 14:40:15", "elapsed": 7466.031523, "delta": 8.009342}}
{"target": -0.3284173539037723, "params": {"bus_acc": 1.4369, "bus_dcc": 1.3545, "bus_lcAssertive": 63.2093, "bus_lcCooperative": 0.5875, "bus_lcLookaheadLeft": 82.1916, "bus_lcPushy": 0.1407, "bus_lcSigma": 0.0624, "bus_lcSpeedGainRight": 3.8682, "bus_lcSublane": 0.6582, "bus_sigma": 0.5228, "bus_tau_mean": 3.9478, "bus_tau_std": 3.0321, "bus_v_mean": 9.1504, "bus_v_std": 5.3686, "car_acc": 3.8085, "car_dcc": 3.038, "car_lcAssertive": 8.8021, "car_lcCooperative": 0.1414, "car_lcLookaheadLeft": 10.9401, "car_lcPushy": 0.3345, "car_lcSigma": 0.4971, "car_lcSpeedGainRight": 0.6829, "car_lcSublane": 0.4962, "car_sigma": 0.1544, "car_tau_mean": 1.4229, "car_tau_std": 7.2617, "car_v_mean": 15.4267, "car_v_std": 19.0211}, "datetime": {"datetime": "2024-08-10 14:40:27", "elapsed": 7477.495159, "delta": 11.463636}}
{"target": -0.3372148075435459, "params": {"bus_acc": 1.8055, "bus_dcc": 3.7735, "bus_lcAssertive": 93.0113, "bus_lcCooperative": 0.754, "bus_lcLookaheadLeft": 23.896, "bus_lcPushy": 0.5741, "bus_lcSigma": 0.6926, "bus_lcSpeedGainRight": 3.1057, "bus_lcSublane": 0.3834, "bus_sigma": 0.5914, "bus_tau_mean": 3.6776, "bus_tau_std": 6.5596, "bus_v_mean": 11.6179, "bus_v_std": 2.7975, "car_acc": 2.6431, "car_dcc": 3.6814, "car_lcAssertive": 88.9805, "car_lcCooperative": 0.3355, "car_lcLookaheadLeft": 73.6798, "car_lcPushy": 0.6943, "car_lcSigma": 0.5387, "car_lcSpeedGainRight": 2.1502, "car_lcSublane": 0.1414, "car_sigma": 0.081, "car_tau_mean": 0.8686, "car_tau_std": 2.0728, "car_v_mean": 8.1265, "car_v_std": 4.1088}, "datetime": {"datetime": "2024-08-10 14:40:39", "elapsed": 7489.725543, "delta": 12.230384}}
{"target": -0.3334646341680531, "params": {"bus_acc": 3.1619, "bus_dcc": 2.6391, "bus_lcAssertive": 68.4458, "bus_lcCooperative": 0.362, "bus_lcLookaheadLeft": 6.3526, "bus_lcPushy": 0.2617, "bus_lcSigma": 0.2258, "bus_lcSpeedGainRight": 3.3218, "bus_lcSublane": 0.8092, "bus_sigma": 0.9324, "bus_tau_mean": 2.7138, "bus_tau_std": 6.3231, "bus_v_mean": 23.6553, "bus_v_std": 11.1637, "car_acc": 3.7551, "car_dcc": 3.9284, "car_lcAssertive": 50.4815, "car_lcCooperative": 0.584, "car_lcLookaheadLeft": 38.9226, "car_lcPushy": 0.5568, "car_lcSigma": 0.9162, "car_lcSpeedGainRight": 0.2918, "car_lcSublane": 0.6087, "car_sigma": 0.7729, "car_tau_mean": 2.6068, "car_tau_std": 5.3551, "car_v_mean": 10.3992, "car_v_std": 5.5821}, "datetime": {"datetime": "2024-08-10 14:40:46", "elapsed": 7496.910932, "delta": 7.185389}}
{"target": -0.4415757515179177, "params": {"bus_acc": 1.2624, "bus_dcc": 3.3278, "bus_lcAssertive": 63.1378, "bus_lcCooperative": 0.972, "bus_lcLookaheadLeft": 31.9496, "bus_lcPushy": 0.2028, "bus_lcSigma": 0.1814, "bus_lcSpeedGainRight": 1.1306, "bus_lcSublane": 0.0004, "bus_sigma": 0.4827, "bus_tau_mean": 3.9802, "bus_tau_std": 4.2694, "bus_v_mean": 21.3614, "bus_v_std": 12.9549, "car_acc": 0.8864, "car_dcc": 2.8107, "car_lcAssertive": 94.7601, "car_lcCooperative": 0.3467, "car_lcLookaheadLeft": 71.9621, "car_lcPushy": 0.3434, "car_lcSigma": 0.987, "car_lcSpeedGainRight": 2.7316, "car_lcSublane": 0.8616, "car_sigma": 0.1573, "car_tau_mean": 0.9303, "car_tau_std": 7.957, "car_v_mean": 12.6578, "car_v_std": 11.0358}, "datetime": {"datetime": "2024-08-10 14:40:55", "elapsed": 7505.745398, "delta": 8.834466}}
{"target": -0.32383979878278096, "params": {"bus_acc": 2.3096, "bus_dcc": 3.9311, "bus_lcAssertive": 70.6212, "bus_lcCooperative": 0.6693, "bus_lcLookaheadLeft": 63.1974, "bus_lcPushy": 0.316, "bus_lcSigma": 0.7085, "bus_lcSpeedGainRight": 1.1073, "bus_lcSublane": 0.8609, "bus_sigma": 0.8247, "bus_tau_mean": 3.3325, "bus_tau_std": 4.2611, "bus_v_mean": 13.9792, "bus_v_std": 9.557, "car_acc": 2.7031, "car_dcc": 2.4784, "car_lcAssertive": 9.9857, "car_lcCooperative": 0.4238, "car_lcLookaheadLeft": 94.7384, "car_lcPushy": 0.2416, "car_lcSigma": 0.6247, "car_lcSpeedGainRight": 3.768, "car_lcSublane": 0.9155, "car_sigma": 0.1763, "car_tau_mean": 1.9475, "car_tau_std": 7.1994, "car_v_mean": 13.7765, "car_v_std": 6.8152}, "datetime": {"datetime": "2024-08-10 14:41:00", "elapsed": 7510.222448, "delta": 4.47705}}
{"target": -0.3391715779355504, "params": {"bus_acc": 1.3383, "bus_dcc": 1.8888, "bus_lcAssertive": 53.5199, "bus_lcCooperative": 0.086, "bus_lcLookaheadLeft": 24.0399, "bus_lcPushy": 0.1332, "bus_lcSigma": 0.3058, "bus_lcSpeedGainRight": 2.3193, "bus_lcSublane": 0.554, "bus_sigma": 0.1487, "bus_tau_mean": 0.7077, "bus_tau_std": 9.4291, "bus_v_mean": 24.8669, "bus_v_std": 1.5649, "car_acc": 2.5447, "car_dcc": 0.3635, "car_lcAssertive": 80.6572, "car_lcCooperative": 0.5634, "car_lcLookaheadLeft": 5.6424, "car_lcPushy": 0.2716, "car_lcSigma": 0.7252, "car_lcSpeedGainRight": 3.8223, "car_lcSublane": 0.1786, "car_sigma": 0.4048, "car_tau_mean": 1.048, "car_tau_std": 8.4425, "car_v_mean": 24.0725, "car_v_std": 14.6285}, "datetime": {"datetime": "2024-08-10 14:41:04", "elapsed": 7514.773156, "delta": 4.550708}}
{"target": -0.33922751083075636, "params": {"bus_acc": 2.2287, "bus_dcc": 1.4692, "bus_lcAssertive": 61.8934, "bus_lcCooperative": 0.8365, "bus_lcLookaheadLeft": 90.5572, "bus_lcPushy": 0.7284, "bus_lcSigma": 0.5523, "bus_lcSpeedGainRight": 0.2195, "bus_lcSublane": 0.1648, "bus_sigma": 0.7154, "bus_tau_mean": 3.5384, "bus_tau_std": 3.2392, "bus_v_mean": 24.8696, "bus_v_std": 11.9994, "car_acc": 2.5374, "car_dcc": 1.367, "car_lcAssertive": 26.568, "car_lcCooperative": 0.2446, "car_lcLookaheadLeft": 71.1476, "car_lcPushy": 0.3349, "car_lcSigma": 0.1272, "car_lcSpeedGainRight": 4.7409, "car_lcSublane": 0.0825, "car_sigma": 0.7217, "car_tau_mean": 1.8338, "car_tau_std": 1.8898, "car_v_mean": 17.9201, "car_v_std": 15.1061}, "datetime": {"datetime": "2024-08-10 14:41:09", "elapsed": 7520.045069, "delta": 5.271913}}
{"target": -0.2146826739393736, "params": {"bus_acc": 0.9357, "bus_dcc": 2.3699, "bus_lcAssertive": 74.3479, "bus_lcCooperative": 0.0742, "bus_lcLookaheadLeft": 63.6416, "bus_lcPushy": 0.5196, "bus_lcSigma": 0.1587, "bus_lcSpeedGainRight": 2.6462, "bus_lcSublane": 0.1173, "bus_sigma": 0.0405, "bus_tau_mean": 1.6906, "bus_tau_std": 4.07, "bus_v_mean": 15.9874, "bus_v_std": 4.4129, "car_acc": 1.432, "car_dcc": 0.2213, "car_lcAssertive": 20.5311, "car_lcCooperative": 0.3038, "car_lcLookaheadLeft": 89.4606, "car_lcPushy": 0.1365, "car_lcSigma": 0.5789, "car_lcSpeedGainRight": 1.3031, "car_lcSublane": 0.4306, "car_sigma": 0.3453, "car_tau_mean": 1.7153, "car_tau_std": 2.3284, "car_v_mean": 13.1099, "car_v_std": 14.7535}, "datetime": {"datetime": "2024-08-10 14:41:16", "elapsed": 7526.506092, "delta": 6.461023}}
{"target": -0.33012408740822724, "params": {"bus_acc": 2.4399, "bus_dcc": 1.3648, "bus_lcAssertive": 7.705, "bus_lcCooperative": 0.0154, "bus_lcLookaheadLeft": 2.8022, "bus_lcPushy": 0.6232, "bus_lcSigma": 0.9065, "bus_lcSpeedGainRight": 4.4185, "bus_lcSublane": 0.2036, "bus_sigma": 0.1992, "bus_tau_mean": 0.9654, "bus_tau_std": 6.1481, "bus_v_mean": 12.2641, "bus_v_std": 14.8978, "car_acc": 2.1975, "car_dcc": 1.7308, "car_lcAssertive": 43.2785, "car_lcCooperative": 0.5575, "car_lcLookaheadLeft": 92.9605, "car_lcPushy": 0.4859, "car_lcSigma": 0.5752, "car_lcSpeedGainRight": 4.4329, "car_lcSublane": 0.1409, "car_sigma": 0.3502, "car_tau_mean": 3.982, "car_tau_std": 1.8467, "car_v_mean": 23.322, "car_v_std": 14.8318}, "datetime": {"datetime": "2024-08-10 14:41:21", "elapsed": 7531.605614, "delta": 5.099522}}
{"target": -0.3428679711651508, "params": {"bus_acc": 0.7934, "bus_dcc": 3.5668, "bus_lcAssertive": 51.9089, "bus_lcCooperative": 0.8588, "bus_lcLookaheadLeft": 70.2858, "bus_lcPushy": 0.3076, "bus_lcSigma": 0.0597, "bus_lcSpeedGainRight": 2.0737, "bus_lcSublane": 0.1182, "bus_sigma": 0.4966, "bus_tau_mean": 2.3696, "bus_tau_std": 6.6585, "bus_v_mean": 20.9419, "bus_v_std": 10.0785, "car_acc": 1.8164, "car_dcc": 2.35, "car_lcAssertive": 46.6355, "car_lcCooperative": 0.5486, "car_lcLookaheadLeft": 74.7537, "car_lcPushy": 0.1371, "car_lcSigma": 0.376, "car_lcSpeedGainRight": 2.1567, "car_lcSublane": 0.3734, "car_sigma": 0.2595, "car_tau_mean": 3.7861, "car_tau_std": 8.2825, "car_v_mean": 23.888, "car_v_std": 9.7057}, "datetime": {"datetime": "2024-08-10 14:41:32", "elapsed": 7542.130469, "delta": 10.524855}}
{"target": -0.33340914617775086, "params": {"bus_acc": 2.9109, "bus_dcc": 2.0883, "bus_lcAssertive": 55.5548, "bus_lcCooperative": 0.9766, "bus_lcLookaheadLeft": 39.1024, "bus_lcPushy": 0.5694, "bus_lcSigma": 0.535, "bus_lcSpeedGainRight": 4.5925, "bus_lcSublane": 0.8044, "bus_sigma": 0.7313, "bus_tau_mean": 0.9482, "bus_tau_std": 2.7037, "bus_v_mean": 19.2427, "bus_v_std": 9.9974, "car_acc": 2.6683, "car_dcc": 2.9941, "car_lcAssertive": 8.3196, "car_lcCooperative": 0.3745, "car_lcLookaheadLeft": 18.8319, "car_lcPushy": 0.0723, "car_lcSigma": 0.0881, "car_lcSpeedGainRight": 3.8241, "car_lcSublane": 0.0967, "car_sigma": 0.2914, "car_tau_mean": 3.0075, "car_tau_std": 4.5233, "car_v_mean": 10.4663, "car_v_std": 18.2339}, "datetime": {"datetime": "2024-08-10 14:41:38", "elapsed": 7548.652388, "delta": 6.521919}}
{"target": -0.2937667410584045, "params": {"bus_acc": 2.1892, "bus_dcc": 2.5355, "bus_lcAssertive": 96.2674, "bus_lcCooperative": 0.3257, "bus_lcLookaheadLeft": 71.0318, "bus_lcPushy": 0.319, "bus_lcSigma": 0.0931, "bus_lcSpeedGainRight": 4.6497, "bus_lcSublane": 0.0105, "bus_sigma": 0.9385, "bus_tau_mean": 1.4777, "bus_tau_std": 1.8588, "bus_v_mean": 9.0802, "bus_v_std": 14.5902, "car_acc": 2.1943, "car_dcc": 3.8665, "car_lcAssertive": 28.569, "car_lcCooperative": 0.281, "car_lcLookaheadLeft": 6.6227, "car_lcPushy": 0.9637, "car_lcSigma": 0.7193, "car_lcSpeedGainRight": 3.7044, "car_lcSublane": 0.6142, "car_sigma": 0.0802, "car_tau_mean": 3.3066, "car_tau_std": 8.4674, "car_v_mean": 11.1473, "car_v_std": 0.1314}, "datetime": {"datetime": "2024-08-10 14:41:45", "elapsed": 7555.460558, "delta": 6.80817}}
{"target": -0.34563970244541253, "params": {"bus_acc": 2.6901, "bus_dcc": 3.9069, "bus_lcAssertive": 74.924, "bus_lcCooperative": 0.109, "bus_lcLookaheadLeft": 39.789, "bus_lcPushy": 0.5006, "bus_lcSigma": 0.6688, "bus_lcSpeedGainRight": 3.3436, "bus_lcSublane": 0.8114, "bus_sigma": 0.7358, "bus_tau_mean": 0.656, "bus_tau_std": 3.6199, "bus_v_mean": 23.7596, "bus_v_std": 2.7195, "car_acc": 2.6051, "car_dcc": 3.8923, "car_lcAssertive": 21.3752, "car_lcCooperative": 0.2077, "car_lcLookaheadLeft": 35.9323, "car_lcPushy": 0.7961, "car_lcSigma": 0.5564, "car_lcSpeedGainRight": 0.178, "car_lcSublane": 0.7461, "car_sigma": 0.9325, "car_tau_mean": 2.216, "car_tau_std": 5.1986, "car_v_mean": 16.7172, "car_v_std": 16.1921}, "datetime": {"datetime": "2024-08-10 14:41:52", "elapsed": 7562.728338, "delta": 7.26778}}
{"target": -0.348993237624682, "params": {"bus_acc": 1.9147, "bus_dcc": 3.5541, "bus_lcAssertive": 49.5408, "bus_lcCooperative": 0.2875, "bus_lcLookaheadLeft": 27.6086, "bus_lcPushy": 0.9869, "bus_lcSigma": 0.1217, "bus_lcSpeedGainRight": 0.0214, "bus_lcSublane": 0.008, "bus_sigma": 0.4475, "bus_tau_mean": 3.9771, "bus_tau_std": 3.2971, "bus_v_mean": 9.9934, "bus_v_std": 6.1409, "car_acc": 1.5342, "car_dcc": 3.9163, "car_lcAssertive": 42.0041, "car_lcCooperative": 0.3832, "car_lcLookaheadLeft": 53.7202, "car_lcPushy": 0.5318, "car_lcSigma": 0.1655, "car_lcSpeedGainRight": 3.7042, "car_lcSublane": 0.723, "car_sigma": 0.9803, "car_tau_mean": 3.4017, "car_tau_std": 3.0787, "car_v_mean": 24.6389, "car_v_std": 8.304}, "datetime": {"datetime": "2024-08-10 14:42:00", "elapsed": 7570.17492, "delta": 7.446582}}
{"target": -0.3136511109113555, "params": {"bus_acc": 3.6639, "bus_dcc": 2.2075, "bus_lcAssertive": 37.3222, "bus_lcCooperative": 0.2705, "bus_lcLookaheadLeft": 90.2864, "bus_lcPushy": 0.5141, "bus_lcSigma": 0.7345, "bus_lcSpeedGainRight": 4.8341, "bus_lcSublane": 0.493, "bus_sigma": 0.7955, "bus_tau_mean": 2.3593, "bus_tau_std": 6.9692, "bus_v_mean": 17.7194, "bus_v_std": 15.7672, "car_acc": 3.9552, "car_dcc": 0.9639, "car_lcAssertive": 50.7517, "car_lcCooperative": 0.423, "car_lcLookaheadLeft": 92.9151, "car_lcPushy": 0.4353, "car_lcSigma": 0.0695, "car_lcSpeedGainRight": 1.6719, "car_lcSublane": 0.5858, "car_sigma": 0.9903, "car_tau_mean": 1.6722, "car_tau_std": 5.3178, "car_v_mean": 11.7363, "car_v_std": 16.9632}, "datetime": {"datetime": "2024-08-10 14:42:08", "elapsed": 7578.48061, "delta": 8.30569}}
{"target": -0.2600044981764124, "params": {"bus_acc": 2.2215, "bus_dcc": 3.1926, "bus_lcAssertive": 47.4275, "bus_lcCooperative": 0.4965, "bus_lcLookaheadLeft": 73.4725, "bus_lcPushy": 0.341, "bus_lcSigma": 0.5778, "bus_lcSpeedGainRight": 3.6578, "bus_lcSublane": 0.2669, "bus_sigma": 0.6305, "bus_tau_mean": 3.8144, "bus_tau_std": 2.1142, "bus_v_mean": 17.774, "bus_v_std": 19.4909, "car_acc": 3.1135, "car_dcc": 1.4194, "car_lcAssertive": 2.3263, "car_lcCooperative": 0.0205, "car_lcLookaheadLeft": 77.2921, "car_lcPushy": 0.816, "car_lcSigma": 0.6452, "car_lcSpeedGainRight": 1.7977, "car_lcSublane": 0.1552, "car_sigma": 0.6334, "car_tau_mean": 2.1122, "car_tau_std": 8.1206, "car_v_mean": 15.8607, "car_v_std": 4.3352}, "datetime": {"datetime": "2024-08-10 14:42:14", "elapsed": 7585.060839, "delta": 6.580229}}
{"target": -0.3196048893739285, "params": {"bus_acc": 2.4078, "bus_dcc": 2.6748, "bus_lcAssertive": 20.6292, "bus_lcCooperative": 0.411, "bus_lcLookaheadLeft": 5.8485, "bus_lcPushy": 0.946, "bus_lcSigma": 0.6975, "bus_lcSpeedGainRight": 1.6961, "bus_lcSublane": 0.9049, "bus_sigma": 0.1054, "bus_tau_mean": 2.4042, "bus_tau_std": 4.8936, "bus_v_mean": 21.3133, "bus_v_std": 4.8512, "car_acc": 1.921, "car_dcc": 1.2982, "car_lcAssertive": 91.292, "car_lcCooperative": 0.7416, "car_lcLookaheadLeft": 34.7576, "car_lcPushy": 0.8233, "car_lcSigma": 0.1248, "car_lcSpeedGainRight": 2.7188, "car_lcSublane": 0.2118, "car_sigma": 0.7701, "car_tau_mean": 3.3746, "car_tau_std": 0.9682, "car_v_mean": 15.4599, "car_v_std": 18.6579}, "datetime": {"datetime": "2024-08-10 14:42:20", "elapsed": 7590.273202, "delta": 5.212363}}
{"target": -0.706643487561993, "params": {"bus_acc": 1.2575, "bus_dcc": 3.1078, "bus_lcAssertive": 29.0085, "bus_lcCooperative": 0.1297, "bus_lcLookaheadLeft": 80.0248, "bus_lcPushy": 0.9303, "bus_lcSigma": 0.9747, "bus_lcSpeedGainRight": 2.4626, "bus_lcSublane": 0.8597, "bus_sigma": 0.1966, "bus_tau_mean": 3.753, "bus_tau_std": 0.2758, "bus_v_mean": 20.0431, "bus_v_std": 13.2868, "car_acc": 0.2587, "car_dcc": 0.6973, "car_lcAssertive": 99.8025, "car_lcCooperative": 0.3492, "car_lcLookaheadLeft": 33.3244, "car_lcPushy": 0.332, "car_lcSigma": 0.0649, "car_lcSpeedGainRight": 4.6868, "car_lcSublane": 0.5932, "car_sigma": 0.7028, "car_tau_mean": 0.6624, "car_tau_std": 5.2439, "car_v_mean": 10.8193, "car_v_std": 9.9097}, "datetime": {"datetime": "2024-08-10 14:42:28", "elapsed": 7598.274594, "delta": 8.001392}}
