{"target": -0.39124056679161834, "params": {"bus_acc": 3.8101, "bus_dcc": 3.0908, "bus_lcAssertive": 44.5905, "bus_lcCooperative": 0.637, "bus_lcLookaheadLeft": 17.7662, "bus_lcPushy": 0.9955, "bus_lcSigma": 0.9537, "bus_lcSpeedGainRight": 4.1901, "bus_lcSublane": 0.102, "bus_sigma": 0.4996, "bus_tau_mean": 3.0433, "bus_tau_std": 1.2113, "bus_v_mean": 15.2741, "bus_v_std": 6.5336, "car_acc": 0.9353, "car_dcc": 2.2426, "car_lcAssertive": 21.8725, "car_lcCooperative": 0.3753, "car_lcLookaheadLeft": 37.8705, "car_lcPushy": 0.058, "car_lcSigma": 0.6971, "car_lcSpeedGainRight": 1.3638, "car_lcSublane": 0.6571, "car_sigma": 0.5638, "car_tau_mean": 2.3044, "car_tau_std": 4.4489, "car_v_mean": 10.9844, "car_v_std": 7.0855}, "datetime": {"datetime": "2024-08-10 16:20:11", "elapsed": 13461.34207, "delta": 12.222549}}
{"target": -0.2940407473203866, "params": {"bus_acc": 2.0093, "bus_dcc": 2.4583, "bus_lcAssertive": 47.6785, "bus_lcCooperative": 0.5586, "bus_lcLookaheadLeft": 52.5526, "bus_lcPushy": 0.3842, "bus_lcSigma": 0.8925, "bus_lcSpeedGainRight": 1.5441, "bus_lcSublane": 0.397, "bus_sigma": 0.0395, "bus_tau_mean": 3.5122, "bus_tau_std": 9.4709, "bus_v_mean": 24.0701, "bus_v_std": 16.5445, "car_acc": 1.7996, "car_dcc": 0.5534, "car_lcAssertive": 47.6276, "car_lcCooperative": 0.5896, "car_lcLookaheadLeft": 4.8023, "car_lcPushy": 0.9128, "car_lcSigma": 0.7752, "car_lcSpeedGainRight": 2.8358, "car_lcSublane": 0.7382, "car_sigma": 0.8427, "car_tau_mean": 2.1905, "car_tau_std": 3.7839, "car_v_mean": 12.8045, "car_v_std": 3.0236}, "datetime": {"datetime": "2024-08-10 16:20:18", "elapsed": 13468.272137, "delta": 6.930067}}
{"target": -0.30891660880310273, "params": {"bus_acc": 3.6628, "bus_dcc": 3.9457, "bus_lcAssertive": 65.7392, "bus_lcCooperative": 0.8751, "bus_lcLookaheadLeft": 94.3153, "bus_lcPushy": 0.4625, "bus_lcSigma": 0.3775, "bus_lcSpeedGainRight": 2.7853, "bus_lcSublane": 0.5796, "bus_sigma": 0.6895, "bus_tau_mean": 3.0833, "bus_tau_std": 4.2795, "bus_v_mean": 22.5517, "bus_v_std": 5.1944, "car_acc": 3.9584, "car_dcc": 0.8875, "car_lcAssertive": 49.2897, "car_lcCooperative": 0.92, "car_lcLookaheadLeft": 12.9966, "car_lcPushy": 0.2775, "car_lcSigma": 0.459, "car_lcSpeedGainRight": 4.4661, "car_lcSublane": 0.0913, "car_sigma": 0.29, "car_tau_mean": 0.7229, "car_tau_std": 4.0598, "car_v_mean": 24.4628, "car_v_std": 19.0187}, "datetime": {"datetime": "2024-08-10 16:20:34", "elapsed": 13484.936473, "delta": 16.664336}}
{"target": -0.3238600102329481, "params": {"bus_acc": 1.6746, "bus_dcc": 1.1551, "bus_lcAssertive": 69.5835, "bus_lcCooperative": 0.2499, "bus_lcLookaheadLeft": 97.6588, "bus_lcPushy": 0.357, "bus_lcSigma": 0.2303, "bus_lcSpeedGainRight": 2.0563, "bus_lcSublane": 0.8478, "bus_sigma": 0.6053, "bus_tau_mean": 2.3635, "bus_tau_std": 2.2494, "bus_v_mean": 12.7226, "bus_v_std": 15.2366, "car_acc": 1.5736, "car_dcc": 1.6973, "car_lcAssertive": 29.0841, "car_lcCooperative": 0.1012, "car_lcLookaheadLeft": 60.7608, "car_lcPushy": 0.337, "car_lcSigma": 0.3763, "car_lcSpeedGainRight": 1.0648, "car_lcSublane": 0.113, "car_sigma": 0.3495, "car_tau_mean": 2.1099, "car_tau_std": 1.8523, "car_v_mean": 23.8872, "car_v_std": 0.6291}, "datetime": {"datetime": "2024-08-10 16:20:40", "elapsed": 13490.916011, "delta": 5.979538}}
{"target": -0.31075423887303283, "params": {"bus_acc": 0.8298, "bus_dcc": 0.2659, "bus_lcAssertive": 65.2963, "bus_lcCooperative": 0.44, "bus_lcLookaheadLeft": 67.0759, "bus_lcPushy": 0.7404, "bus_lcSigma": 0.2155, "bus_lcSpeedGainRight": 2.7335, "bus_lcSublane": 0.5112, "bus_sigma": 0.4983, "bus_tau_mean": 2.1062, "bus_tau_std": 8.4628, "bus_v_mean": 10.2666, "bus_v_std": 14.2543, "car_acc": 1.8731, "car_dcc": 2.8337, "car_lcAssertive": 86.031, "car_lcCooperative": 0.6459, "car_lcLookaheadLeft": 2.8769, "car_lcPushy": 0.9486, "car_lcSigma": 0.8527, "car_lcSpeedGainRight": 3.0314, "car_lcSublane": 0.5478, "car_sigma": 0.964, "car_tau_mean": 2.2411, "car_tau_std": 5.7873, "car_v_mean": 25.4281, "car_v_std": 15.4082}, "datetime": {"datetime": "2024-08-10 16:20:50", "elapsed": 13500.82986, "delta": 9.913849}}
{"target": -0.5385790454288063, "params": {"bus_acc": 2.7318, "bus_dcc": 1.5814, "bus_lcAssertive": 56.0812, "bus_lcCooperative": 0.6471, "bus_lcLookaheadLeft": 18.4521, "bus_lcPushy": 0.8716, "bus_lcSigma": 0.2236, "bus_lcSpeedGainRight": 3.982, "bus_lcSublane": 0.3581, "bus_sigma": 0.9422, "bus_tau_mean": 3.9959, "bus_tau_std": 4.1281, "bus_v_mean": 14.7665, "bus_v_std": 7.85, "car_acc": 0.6749, "car_dcc": 3.1298, "car_lcAssertive": 41.6436, "car_lcCooperative": 0.4271, "car_lcLookaheadLeft": 70.8494, "car_lcPushy": 0.7338, "car_lcSigma": 0.1474, "car_lcSpeedGainRight": 2.1205, "car_lcSublane": 0.204, "car_sigma": 0.8622, "car_tau_mean": 3.5579, "car_tau_std": 9.2131, "car_v_mean": 9.2949, "car_v_std": 5.9337}, "datetime": {"datetime": "2024-08-10 16:20:59", "elapsed": 13509.556021, "delta": 8.726161}}
{"target": -0.3655474938801218, "params": {"bus_acc": 3.231, "bus_dcc": 2.3662, "bus_lcAssertive": 87.5248, "bus_lcCooperative": 0.6531, "bus_lcLookaheadLeft": 5.6599, "bus_lcPushy": 0.9306, "bus_lcSigma": 0.8163, "bus_lcSpeedGainRight": 4.9192, "bus_lcSublane": 0.0895, "bus_sigma": 0.2689, "bus_tau_mean": 2.959, "bus_tau_std": 8.2274, "bus_v_mean": 8.5818, "bus_v_std": 9.8865, "car_acc": 1.915, "car_dcc": 2.0636, "car_lcAssertive": 55.455, "car_lcCooperative": 0.3243, "car_lcLookaheadLeft": 74.2543, "car_lcPushy": 0.9985, "car_lcSigma": 0.8273, "car_lcSpeedGainRight": 2.9839, "car_lcSublane": 0.5403, "car_sigma": 0.333, "car_tau_mean": 3.2758, "car_tau_std": 6.2556, "car_v_mean": 19.3745, "car_v_std": 1.7339}, "datetime": {"datetime": "2024-08-10 16:21:10", "elapsed": 13520.267787, "delta": 10.711766}}
{"target": -0.337922933962659, "params": {"bus_acc": 2.1026, "bus_dcc": 0.3129, "bus_lcAssertive": 78.3445, "bus_lcCooperative": 0.2985, "bus_lcLookaheadLeft": 62.0784, "bus_lcPushy": 0.5376, "bus_lcSigma": 0.852, "bus_lcSpeedGainRight": 0.1643, "bus_lcSublane": 0.0095, "bus_sigma": 0.8089, "bus_tau_mean": 1.1344, "bus_tau_std": 5.6474, "bus_v_mean": 13.8481, "bus_v_std": 0.8151, "car_acc": 1.2645, "car_dcc": 2.5413, "car_lcAssertive": 92.9961, "car_lcCooperative": 0.0764, "car_lcLookaheadLeft": 51.501, "car_lcPushy": 0.5981, "car_lcSigma": 0.747, "car_lcSpeedGainRight": 2.4515, "car_lcSublane": 0.9648, "car_sigma": 0.2996, "car_tau_mean": 2.7466, "car_tau_std": 6.8377, "car_v_mean": 24.1034, "car_v_std": 19.3369}, "datetime": {"datetime": "2024-08-10 16:21:21", "elapsed": 13531.626978, "delta": 11.359191}}
{"target": -0.3419586794564357, "params": {"bus_acc": 0.2896, "bus_dcc": 2.0751, "bus_lcAssertive": 70.2497, "bus_lcCooperative": 0.9145, "bus_lcLookaheadLeft": 4.3415, "bus_lcPushy": 0.9421, "bus_lcSigma": 0.1513, "bus_lcSpeedGainRight": 4.4129, "bus_lcSublane": 0.8542, "bus_sigma": 0.9101, "bus_tau_mean": 2.0296, "bus_tau_std": 7.5115, "bus_v_mean": 11.2561, "bus_v_std": 15.538, "car_acc": 2.5165, "car_dcc": 0.4241, "car_lcAssertive": 1.9321, "car_lcCooperative": 0.5879, "car_lcLookaheadLeft": 52.5829, "car_lcPushy": 0.987, "car_lcSigma": 0.3132, "car_lcSpeedGainRight": 4.1837, "car_lcSublane": 0.1955, "car_sigma": 0.8742, "car_tau_mean": 0.9159, "car_tau_std": 4.9504, "car_v_mean": 8.7113, "car_v_std": 0.4593}, "datetime": {"datetime": "2024-08-10 16:21:29", "elapsed": 13539.588442, "delta": 7.961464}}
{"target": -0.35611708317813395, "params": {"bus_acc": 2.7364, "bus_dcc": 2.4088, "bus_lcAssertive": 22.7993, "bus_lcCooperative": 0.1008, "bus_lcLookaheadLeft": 2.1132, "bus_lcPushy": 0.6926, "bus_lcSigma": 0.3457, "bus_lcSpeedGainRight": 0.6781, "bus_lcSublane": 0.2102, "bus_sigma": 0.3536, "bus_tau_mean": 2.1464, "bus_tau_std": 4.251, "bus_v_mean": 8.866, "bus_v_std": 14.0897, "car_acc": 2.8692, "car_dcc": 1.7219, "car_lcAssertive": 35.4973, "car_lcCooperative": 0.9427, "car_lcLookaheadLeft": 63.475, "car_lcPushy": 0.7634, "car_lcSigma": 0.2643, "car_lcSpeedGainRight": 3.2381, "car_lcSublane": 0.6926, "car_sigma": 0.2768, "car_tau_mean": 2.502, "car_tau_std": 3.554, "car_v_mean": 10.0814, "car_v_std": 3.3893}, "datetime": {"datetime": "2024-08-10 16:21:43", "elapsed": 13553.453949, "delta": 13.865507}}
{"target": -0.29461380239352947, "params": {"bus_acc": 2.0743, "bus_dcc": 2.7538, "bus_lcAssertive": 94.0661, "bus_lcCooperative": 0.3774, "bus_lcLookaheadLeft": 2.6667, "bus_lcPushy": 0.7336, "bus_lcSigma": 0.3846, "bus_lcSpeedGainRight": 4.1073, "bus_lcSublane": 0.8486, "bus_sigma": 0.1954, "bus_tau_mean": 3.6695, "bus_tau_std": 6.5974, "bus_v_mean": 15.5419, "bus_v_std": 11.759, "car_acc": 3.3463, "car_dcc": 1.9114, "car_lcAssertive": 27.4638, "car_lcCooperative": 0.9108, "car_lcLookaheadLeft": 12.8869, "car_lcPushy": 0.0013, "car_lcSigma": 0.0563, "car_lcSpeedGainRight": 4.7843, "car_lcSublane": 0.2625, "car_sigma": 0.6694, "car_tau_mean": 3.8384, "car_tau_std": 1.7494, "car_v_mean": 22.179, "car_v_std": 12.3541}, "datetime": {"datetime": "2024-08-10 16:21:53", "elapsed": 13563.480159, "delta": 10.02621}}
{"target": -0.29074989757833264, "params": {"bus_acc": 0.9281, "bus_dcc": 0.663, "bus_lcAssertive": 24.0485, "bus_lcCooperative": 0.1326, "bus_lcLookaheadLeft": 86.0122, "bus_lcPushy": 0.5594, "bus_lcSigma": 0.7895, "bus_lcSpeedGainRight": 0.1159, "bus_lcSublane": 0.4556, "bus_sigma": 0.9532, "bus_tau_mean": 1.5431, "bus_tau_std": 6.835, "bus_v_mean": 22.6637, "bus_v_std": 9.933, "car_acc": 2.6224, "car_dcc": 2.8605, "car_lcAssertive": 46.0703, "car_lcCooperative": 0.6274, "car_lcLookaheadLeft": 14.8363, "car_lcPushy": 0.3454, "car_lcSigma": 0.3934, "car_lcSpeedGainRight": 3.9245, "car_lcSublane": 0.6549, "car_sigma": 0.1926, "car_tau_mean": 1.0627, "car_tau_std": 3.1621, "car_v_mean": 10.088, "car_v_std": 13.2976}, "datetime": {"datetime": "2024-08-10 16:22:10", "elapsed": 13580.407674, "delta": 16.927515}}
{"target": -0.33748140856428827, "params": {"bus_acc": 2.8772, "bus_dcc": 3.3074, "bus_lcAssertive": 36.2326, "bus_lcCooperative": 0.3687, "bus_lcLookaheadLeft": 15.2889, "bus_lcPushy": 0.5368, "bus_lcSigma": 0.3975, "bus_lcSpeedGainRight": 2.6553, "bus_lcSublane": 0.3588, "bus_sigma": 0.8798, "bus_tau_mean": 3.2807, "bus_tau_std": 5.9015, "bus_v_mean": 15.6282, "bus_v_std": 3.3009, "car_acc": 2.0368, "car_dcc": 1.1946, "car_lcAssertive": 10.7567, "car_lcCooperative": 0.1353, "car_lcLookaheadLeft": 14.416, "car_lcPushy": 0.5849, "car_lcSigma": 0.0656, "car_lcSpeedGainRight": 0.9105, "car_lcSublane": 0.9909, "car_sigma": 0.598, "car_tau_mean": 2.4713, "car_tau_std": 3.9666, "car_v_mean": 15.3276, "car_v_std": 12.7572}, "datetime": {"datetime": "2024-08-10 16:22:21", "elapsed": 13591.305155, "delta": 10.897481}}
{"target": -0.3318388814343077, "params": {"bus_acc": 1.8109, "bus_dcc": 3.3003, "bus_lcAssertive": 36.9335, "bus_lcCooperative": 0.5711, "bus_lcLookaheadLeft": 43.7055, "bus_lcPushy": 0.4419, "bus_lcSigma": 0.0653, "bus_lcSpeedGainRight": 1.4148, "bus_lcSublane": 0.7397, "bus_sigma": 0.2822, "bus_tau_mean": 0.7061, "bus_tau_std": 2.5657, "bus_v_mean": 9.0453, "bus_v_std": 18.0145, "car_acc": 1.9184, "car_dcc": 2.3364, "car_lcAssertive": 15.8045, "car_lcCooperative": 0.6394, "car_lcLookaheadLeft": 88.3363, "car_lcPushy": 0.5104, "car_lcSigma": 0.5234, "car_lcSpeedGainRight": 3.1085, "car_lcSublane": 0.7523, "car_sigma": 0.1181, "car_tau_mean": 1.4586, "car_tau_std": 4.9351, "car_v_mean": 18.9186, "car_v_std": 5.969}, "datetime": {"datetime": "2024-08-10 16:22:27", "elapsed": 13597.620233, "delta": 6.315078}}
{"target": -0.32367417842502744, "params": {"bus_acc": 1.7205, "bus_dcc": 1.0207, "bus_lcAssertive": 92.0675, "bus_lcCooperative": 0.0725, "bus_lcLookaheadLeft": 80.164, "bus_lcPushy": 0.416, "bus_lcSigma": 0.5956, "bus_lcSpeedGainRight": 1.6118, "bus_lcSublane": 0.6003, "bus_sigma": 0.7204, "bus_tau_mean": 3.8162, "bus_tau_std": 6.7401, "bus_v_mean": 17.2081, "bus_v_std": 18.5079, "car_acc": 3.0295, "car_dcc": 1.7464, "car_lcAssertive": 62.558, "car_lcCooperative": 0.8917, "car_lcLookaheadLeft": 64.404, "car_lcPushy": 0.3818, "car_lcSigma": 0.3238, "car_lcSpeedGainRight": 1.4076, "car_lcSublane": 0.4128, "car_sigma": 0.3451, "car_tau_mean": 2.3227, "car_tau_std": 6.9147, "car_v_mean": 16.9227, "car_v_std": 7.4011}, "datetime": {"datetime": "2024-08-10 16:22:34", "elapsed": 13604.4057, "delta": 6.785467}}
{"target": -0.28797539383542675, "params": {"bus_acc": 3.3783, "bus_dcc": 2.7598, "bus_lcAssertive": 99.4406, "bus_lcCooperative": 0.0614, "bus_lcLookaheadLeft": 3.1294, "bus_lcPushy": 0.9997, "bus_lcSigma": 0.0824, "bus_lcSpeedGainRight": 2.7555, "bus_lcSublane": 0.2966, "bus_sigma": 0.6214, "bus_tau_mean": 0.8342, "bus_tau_std": 9.3814, "bus_v_mean": 18.9506, "bus_v_std": 7.7288, "car_acc": 2.6644, "car_dcc": 0.6232, "car_lcAssertive": 81.402, "car_lcCooperative": 0.9818, "car_lcLookaheadLeft": 22.3942, "car_lcPushy": 0.724, "car_lcSigma": 0.2433, "car_lcSpeedGainRight": 1.2586, "car_lcSublane": 0.9189, "car_sigma": 0.6503, "car_tau_mean": 3.3525, "car_tau_std": 1.0531, "car_v_mean": 18.958, "car_v_std": 10.2257}, "datetime": {"datetime": "2024-08-10 16:22:40", "elapsed": 13610.997577, "delta": 6.591877}}
{"target": -0.3512483479441067, "params": {"bus_acc": 0.4335, "bus_dcc": 3.3655, "bus_lcAssertive": 16.0889, "bus_lcCooperative": 0.9619, "bus_lcLookaheadLeft": 73.1504, "bus_lcPushy": 0.5803, "bus_lcSigma": 0.2673, "bus_lcSpeedGainRight": 1.531, "bus_lcSublane": 0.7809, "bus_sigma": 0.4936, "bus_tau_mean": 0.9739, "bus_tau_std": 9.573, "bus_v_mean": 23.6392, "bus_v_std": 3.4817, "car_acc": 3.0859, "car_dcc": 3.3011, "car_lcAssertive": 38.9574, "car_lcCooperative": 0.2474, "car_lcLookaheadLeft": 33.2944, "car_lcPushy": 0.3733, "car_lcSigma": 0.4934, "car_lcSpeedGainRight": 2.9195, "car_lcSublane": 0.5883, "car_sigma": 0.3236, "car_tau_mean": 0.8075, "car_tau_std": 9.9765, "car_v_mean": 17.2823, "car_v_std": 17.2868}, "datetime": {"datetime": "2024-08-10 16:22:52", "elapsed": 13622.167149, "delta": 11.169572}}
{"target": -0.3138543995978509, "params": {"bus_acc": 2.6861, "bus_dcc": 2.1768, "bus_lcAssertive": 91.2907, "bus_lcCooperative": 0.7171, "bus_lcLookaheadLeft": 93.9712, "bus_lcPushy": 0.5892, "bus_lcSigma": 0.3494, "bus_lcSpeedGainRight": 2.7948, "bus_lcSublane": 0.8724, "bus_sigma": 0.2146, "bus_tau_mean": 3.2372, "bus_tau_std": 7.0144, "bus_v_mean": 21.6063, "bus_v_std": 12.1753, "car_acc": 2.5702, "car_dcc": 2.4705, "car_lcAssertive": 59.0624, "car_lcCooperative": 0.2105, "car_lcLookaheadLeft": 25.5049, "car_lcPushy": 0.9012, "car_lcSigma": 0.0159, "car_lcSpeedGainRight": 3.8239, "car_lcSublane": 0.0408, "car_sigma": 0.2969, "car_tau_mean": 3.702, "car_tau_std": 0.4828, "car_v_mean": 14.129, "car_v_std": 7.8507}, "datetime": {"datetime": "2024-08-10 16:22:58", "elapsed": 13628.918709, "delta": 6.75156}}
{"target": -0.3185384316209907, "params": {"bus_acc": 3.3851, "bus_dcc": 1.3004, "bus_lcAssertive": 11.1252, "bus_lcCooperative": 0.2422, "bus_lcLookaheadLeft": 27.3956, "bus_lcPushy": 0.3407, "bus_lcSigma": 0.2593, "bus_lcSpeedGainRight": 4.9798, "bus_lcSublane": 0.7138, "bus_sigma": 0.9928, "bus_tau_mean": 0.9874, "bus_tau_std": 1.5468, "bus_v_mean": 10.4218, "bus_v_std": 15.7567, "car_acc": 3.4635, "car_dcc": 1.5071, "car_lcAssertive": 38.8158, "car_lcCooperative": 0.9758, "car_lcLookaheadLeft": 25.8536, "car_lcPushy": 0.5723, "car_lcSigma": 0.5074, "car_lcSpeedGainRight": 2.7344, "car_lcSublane": 0.3979, "car_sigma": 0.5325, "car_tau_mean": 2.2903, "car_tau_std": 5.2885, "car_v_mean": 16.5131, "car_v_std": 0.5049}, "datetime": {"datetime": "2024-08-10 16:23:05", "elapsed": 13635.853499, "delta": 6.93479}}
{"target": -0.3783769473423706, "params": {"bus_acc": 1.9733, "bus_dcc": 3.8419, "bus_lcAssertive": 65.8028, "bus_lcCooperative": 0.1913, "bus_lcLookaheadLeft": 65.5303, "bus_lcPushy": 0.7383, "bus_lcSigma": 0.9078, "bus_lcSpeedGainRight": 1.9987, "bus_lcSublane": 0.7861, "bus_sigma": 0.1293, "bus_tau_mean": 0.8267, "bus_tau_std": 6.0938, "bus_v_mean": 22.2686, "bus_v_std": 0.3054, "car_acc": 3.4127, "car_dcc": 1.5645, "car_lcAssertive": 5.5444, "car_lcCooperative": 0.6168, "car_lcLookaheadLeft": 76.92, "car_lcPushy": 0.6052, "car_lcSigma": 0.457, "car_lcSpeedGainRight": 3.5652, "car_lcSublane": 0.2631, "car_sigma": 0.2195, "car_tau_mean": 1.9785, "car_tau_std": 4.3181, "car_v_mean": 19.795, "car_v_std": 3.7693}, "datetime": {"datetime": "2024-08-10 16:23:17", "elapsed": 13647.287312, "delta": 11.433813}}
{"target": -0.6722423543467538, "params": {"bus_acc": 1.4802, "bus_dcc": 1.9537, "bus_lcAssertive": 37.4441, "bus_lcCooperative": 0.9517, "bus_lcLookaheadLeft": 64.3715, "bus_lcPushy": 0.3705, "bus_lcSigma": 0.7548, "bus_lcSpeedGainRight": 4.3188, "bus_lcSublane": 0.1753, "bus_sigma": 0.7251, "bus_tau_mean": 3.4167, "bus_tau_std": 5.3424, "bus_v_mean": 25.2515, "bus_v_std": 3.601, "car_acc": 0.5986, "car_dcc": 2.3355, "car_lcAssertive": 4.5213, "car_lcCooperative": 0.2917, "car_lcLookaheadLeft": 25.1331, "car_lcPushy": 0.4103, "car_lcSigma": 0.8201, "car_lcSpeedGainRight": 3.4108, "car_lcSublane": 0.229, "car_sigma": 0.3083, "car_tau_mean": 3.3884, "car_tau_std": 4.1519, "car_v_mean": 8.2121, "car_v_std": 9.8675}, "datetime": {"datetime": "2024-08-10 16:23:29", "elapsed": 13660.032771, "delta": 12.745459}}
{"target": -0.29369417997977004, "params": {"bus_acc": 1.6394, "bus_dcc": 3.8058, "bus_lcAssertive": 57.6206, "bus_lcCooperative": 0.325, "bus_lcLookaheadLeft": 24.0984, "bus_lcPushy": 0.4154, "bus_lcSigma": 0.1065, "bus_lcSpeedGainRight": 2.4233, "bus_lcSublane": 0.2139, "bus_sigma": 0.8938, "bus_tau_mean": 2.8538, "bus_tau_std": 5.0849, "bus_v_mean": 22.1653, "bus_v_std": 15.4865, "car_acc": 2.7292, "car_dcc": 0.6241, "car_lcAssertive": 29.1295, "car_lcCooperative": 0.8223, "car_lcLookaheadLeft": 98.9756, "car_lcPushy": 0.5777, "car_lcSigma": 0.6592, "car_lcSpeedGainRight": 4.0265, "car_lcSublane": 0.8772, "car_sigma": 0.462, "car_tau_mean": 2.4932, "car_tau_std": 8.5009, "car_v_mean": 15.7802, "car_v_std": 12.3393}, "datetime": {"datetime": "2024-08-10 16:23:43", "elapsed": 13673.429515, "delta": 13.396744}}
{"target": -0.2577062293172255, "params": {"bus_acc": 3.3714, "bus_dcc": 3.5907, "bus_lcAssertive": 47.0431, "bus_lcCooperative": 0.0491, "bus_lcLookaheadLeft": 92.0534, "bus_lcPushy": 0.831, "bus_lcSigma": 0.5696, "bus_lcSpeedGainRight": 0.8522, "bus_lcSublane": 0.6226, "bus_sigma": 0.4047, "bus_tau_mean": 1.4564, "bus_tau_std": 7.2466, "bus_v_mean": 12.6384, "bus_v_std": 1.8029, "car_acc": 2.8955, "car_dcc": 0.2037, "car_lcAssertive": 91.6888, "car_lcCooperative": 0.9546, "car_lcLookaheadLeft": 47.8079, "car_lcPushy": 0.3678, "car_lcSigma": 0.3117, "car_lcSpeedGainRight": 0.5786, "car_lcSublane": 0.0736, "car_sigma": 0.5265, "car_tau_mean": 2.6488, "car_tau_std": 4.0712, "car_v_mean": 9.0668, "car_v_std": 0.3209}, "datetime": {"datetime": "2024-08-10 16:23:56", "elapsed": 13686.694709, "delta": 13.265194}}
{"target": -0.2764310433855823, "params": {"bus_acc": 1.8142, "bus_dcc": 2.8173, "bus_lcAssertive": 26.0135, "bus_lcCooperative": 0.4879, "bus_lcLookaheadLeft": 96.0424, "bus_lcPushy": 0.5256, "bus_lcSigma": 0.3219, "bus_lcSpeedGainRight": 0.9949, "bus_lcSublane": 0.5209, "bus_sigma": 0.6725, "bus_tau_mean": 3.2416, "bus_tau_std": 8.1493, "bus_v_mean": 9.9129, "bus_v_std": 4.6584, "car_acc": 3.7742, "car_dcc": 0.2635, "car_lcAssertive": 86.2318, "car_lcCooperative": 0.4362, "car_lcLookaheadLeft": 54.1345, "car_lcPushy": 0.8039, "car_lcSigma": 0.7042, "car_lcSpeedGainRight": 0.6871, "car_lcSublane": 0.392, "car_sigma": 0.2383, "car_tau_mean": 1.3674, "car_tau_std": 1.9439, "car_v_mean": 25.7042, "car_v_std": 11.5353}, "datetime": {"datetime": "2024-08-10 16:24:04", "elapsed": 13694.180617, "delta": 7.485908}}
{"target": -0.3271529162544375, "params": {"bus_acc": 1.555, "bus_dcc": 0.3435, "bus_lcAssertive": 48.3464, "bus_lcCooperative": 0.0965, "bus_lcLookaheadLeft": 77.9743, "bus_lcPushy": 0.7444, "bus_lcSigma": 0.079, "bus_lcSpeedGainRight": 3.5531, "bus_lcSublane": 0.3094, "bus_sigma": 0.2299, "bus_tau_mean": 2.8408, "bus_tau_std": 0.4316, "bus_v_mean": 9.7668, "bus_v_std": 19.443, "car_acc": 3.8421, "car_dcc": 2.844, "car_lcAssertive": 44.5046, "car_lcCooperative": 0.8717, "car_lcLookaheadLeft": 51.3298, "car_lcPushy": 0.9851, "car_lcSigma": 0.0671, "car_lcSpeedGainRight": 2.2502, "car_lcSublane": 0.3413, "car_sigma": 0.1442, "car_tau_mean": 1.6705, "car_tau_std": 9.1059, "car_v_mean": 12.5207, "car_v_std": 11.1298}, "datetime": {"datetime": "2024-08-10 16:24:11", "elapsed": 13701.374279, "delta": 7.193662}}
{"target": -0.3545138496805646, "params": {"bus_acc": 1.4079, "bus_dcc": 1.1325, "bus_lcAssertive": 40.8224, "bus_lcCooperative": 0.84, "bus_lcLookaheadLeft": 93.5106, "bus_lcPushy": 0.8655, "bus_lcSigma": 0.4289, "bus_lcSpeedGainRight": 1.2828, "bus_lcSublane": 0.1148, "bus_sigma": 0.7096, "bus_tau_mean": 1.0901, "bus_tau_std": 5.7898, "bus_v_mean": 9.4652, "bus_v_std": 15.4465, "car_acc": 1.38, "car_dcc": 2.2996, "car_lcAssertive": 18.7771, "car_lcCooperative": 0.7604, "car_lcLookaheadLeft": 54.9091, "car_lcPushy": 0.8169, "car_lcSigma": 0.5614, "car_lcSpeedGainRight": 3.0566, "car_lcSublane": 0.2329, "car_sigma": 0.5747, "car_tau_mean": 0.5384, "car_tau_std": 1.8861, "car_v_mean": 19.5759, "car_v_std": 5.2581}, "datetime": {"datetime": "2024-08-10 16:24:18", "elapsed": 13708.158182, "delta": 6.783903}}
