{"target": -0.2862642954659212, "params": {"bus_acc": 2.4801, "bus_dcc": 3.7946, "bus_lcAssertive": 25.9486, "bus_lcCooperative": 0.6287, "bus_lcLookaheadLeft": 72.913, "bus_lcPushy": 0.9558, "bus_lcSigma": 0.4066, "bus_lcSpeedGainRight": 1.1193, "bus_lcSublane": 0.4848, "bus_sigma": 0.9092, "bus_tau_mean": 0.5588, "bus_tau_std": 3.0427, "bus_v_mean": 9.1711, "bus_v_std": 0.8894, "car_acc": 2.6763, "car_dcc": 3.4062, "car_lcAssertive": 3.6136, "car_lcCooperative": 0.4635, "car_lcLookaheadLeft": 53.7114, "car_lcPushy": 0.2578, "car_lcSigma": 0.9311, "car_lcSpeedGainRight": 3.9506, "car_lcSublane": 0.6815, "car_sigma": 0.8741, "car_tau_mean": 2.1946, "car_tau_std": 9.7904, "car_v_mean": 21.1239, "car_v_std": 11.0251}, "datetime": {"datetime": "2024-08-10 13:46:15", "elapsed": 4225.178901, "delta": 4.882412}}
{"target": -0.6722642977391654, "params": {"bus_acc": 3.7151, "bus_dcc": 3.4106, "bus_lcAssertive": 37.3721, "bus_lcCooperative": 0.6085, "bus_lcLookaheadLeft": 38.6516, "bus_lcPushy": 0.3972, "bus_lcSigma": 0.5451, "bus_lcSpeedGainRight": 0.9635, "bus_lcSublane": 0.6893, "bus_sigma": 0.9768, "bus_tau_mean": 2.9156, "bus_tau_std": 1.1363, "bus_v_mean": 11.8688, "bus_v_std": 12.7649, "car_acc": 0.3957, "car_dcc": 1.1484, "car_lcAssertive": 44.9602, "car_lcCooperative": 0.3874, "car_lcLookaheadLeft": 58.7199, "car_lcPushy": 0.8615, "car_lcSigma": 0.7157, "car_lcSpeedGainRight": 0.4363, "car_lcSublane": 0.9859, "car_sigma": 0.8218, "car_tau_mean": 0.969, "car_tau_std": 6.0801, "car_v_mean": 21.9775, "car_v_std": 6.8235}, "datetime": {"datetime": "2024-08-10 13:46:22", "elapsed": 4232.881836, "delta": 7.702935}}
{"target": -0.3438103796335881, "params": {"bus_acc": 2.4319, "bus_dcc": 2.2534, "bus_lcAssertive": 20.8272, "bus_lcCooperative": 0.2296, "bus_lcLookaheadLeft": 42.6547, "bus_lcPushy": 0.2555, "bus_lcSigma": 0.6945, "bus_lcSpeedGainRight": 0.3209, "bus_lcSublane": 0.4399, "bus_sigma": 0.0606, "bus_tau_mean": 3.9057, "bus_tau_std": 6.0925, "bus_v_mean": 10.5984, "bus_v_std": 8.0398, "car_acc": 2.4185, "car_dcc": 2.6709, "car_lcAssertive": 58.816, "car_lcCooperative": 0.6696, "car_lcLookaheadLeft": 67.9586, "car_lcPushy": 0.2354, "car_lcSigma": 0.9899, "car_lcSpeedGainRight": 4.0491, "car_lcSublane": 0.604, "car_sigma": 0.8232, "car_tau_mean": 1.0658, "car_tau_std": 2.9923, "car_v_mean": 8.7804, "car_v_std": 6.9692}, "datetime": {"datetime": "2024-08-10 13:46:27", "elapsed": 4237.304408, "delta": 4.422572}}
{"target": -0.7003478596385629, "params": {"bus_acc": 0.8587, "bus_dcc": 0.55, "bus_lcAssertive": 65.4387, "bus_lcCooperative": 0.864, "bus_lcLookaheadLeft": 73.2008, "bus_lcPushy": 0.0674, "bus_lcSigma": 0.1444, "bus_lcSpeedGainRight": 2.1197, "bus_lcSublane": 0.6948, "bus_sigma": 0.5765, "bus_tau_mean": 1.9336, "bus_tau_std": 5.7132, "bus_v_mean": 13.0501, "bus_v_std": 5.6682, "car_acc": 0.4406, "car_dcc": 2.7146, "car_lcAssertive": 29.4795, "car_lcCooperative": 0.5674, "car_lcLookaheadLeft": 87.7198, "car_lcPushy": 0.234, "car_lcSigma": 0.0998, "car_lcSpeedGainRight": 1.7021, "car_lcSublane": 0.7014, "car_sigma": 0.757, "car_tau_mean": 2.5566, "car_tau_std": 7.8665, "car_v_mean": 21.0949, "car_v_std": 6.0231}, "datetime": {"datetime": "2024-08-10 13:46:32", "elapsed": 4243.059519, "delta": 5.755111}}
{"target": -0.4136724389606543, "params": {"bus_acc": 3.1092, "bus_dcc": 1.3346, "bus_lcAssertive": 25.7641, "bus_lcCooperative": 0.0695, "bus_lcLookaheadLeft": 13.4958, "bus_lcPushy": 0.5694, "bus_lcSigma": 0.7159, "bus_lcSpeedGainRight": 2.5019, "bus_lcSublane": 0.3621, "bus_sigma": 0.4189, "bus_tau_mean": 2.1837, "bus_tau_std": 0.2525, "bus_v_mean": 14.6388, "bus_v_std": 8.3226, "car_acc": 2.805, "car_dcc": 1.9317, "car_lcAssertive": 4.8796, "car_lcCooperative": 0.6932, "car_lcLookaheadLeft": 91.1903, "car_lcPushy": 0.413, "car_lcSigma": 0.1946, "car_lcSpeedGainRight": 2.6228, "car_lcSublane": 0.3921, "car_sigma": 0.781, "car_tau_mean": 2.8659, "car_tau_std": 2.6245, "car_v_mean": 8.0254, "car_v_std": 4.6735}, "datetime": {"datetime": "2024-08-10 13:46:40", "elapsed": 4250.26304, "delta": 7.203521}}
{"target": -0.4924639398649077, "params": {"bus_acc": 1.4651, "bus_dcc": 2.6843, "bus_lcAssertive": 56.2608, "bus_lcCooperative": 0.9147, "bus_lcLookaheadLeft": 96.9471, "bus_lcPushy": 0.6301, "bus_lcSigma": 0.2778, "bus_lcSpeedGainRight": 3.8224, "bus_lcSublane": 0.1063, "bus_sigma": 0.8112, "bus_tau_mean": 1.2198, "bus_tau_std": 7.3825, "bus_v_mean": 13.234, "bus_v_std": 1.6907, "car_acc": 0.903, "car_dcc": 2.7228, "car_lcAssertive": 5.2341, "car_lcCooperative": 0.2703, "car_lcLookaheadLeft": 94.9629, "car_lcPushy": 0.2736, "car_lcSigma": 0.0041, "car_lcSpeedGainRight": 1.6247, "car_lcSublane": 0.4559, "car_sigma": 0.4215, "car_tau_mean": 1.5178, "car_tau_std": 4.9066, "car_v_mean": 8.1751, "car_v_std": 2.2357}, "datetime": {"datetime": "2024-08-10 13:46:44", "elapsed": 4254.205249, "delta": 3.942209}}
{"target": -0.3063962170440709, "params": {"bus_acc": 1.5843, "bus_dcc": 3.0487, "bus_lcAssertive": 81.969, "bus_lcCooperative": 0.0338, "bus_lcLookaheadLeft": 89.1422, "bus_lcPushy": 0.5688, "bus_lcSigma": 0.6869, "bus_lcSpeedGainRight": 2.162, "bus_lcSublane": 0.1469, "bus_sigma": 0.0358, "bus_tau_mean": 2.9223, "bus_tau_std": 5.2448, "bus_v_mean": 9.1686, "bus_v_std": 13.539, "car_acc": 3.4775, "car_dcc": 1.0974, "car_lcAssertive": 64.0596, "car_lcCooperative": 0.1109, "car_lcLookaheadLeft": 98.9791, "car_lcPushy": 0.4376, "car_lcSigma": 0.1756, "car_lcSpeedGainRight": 2.0599, "car_lcSublane": 0.0731, "car_sigma": 0.7232, "car_tau_mean": 0.5231, "car_tau_std": 9.6606, "car_v_mean": 17.6804, "car_v_std": 10.2244}, "datetime": {"datetime": "2024-08-10 13:46:51", "elapsed": 4261.194247, "delta": 6.988998}}
{"target": -0.36109680355174606, "params": {"bus_acc": 3.4414, "bus_dcc": 2.9947, "bus_lcAssertive": 62.7942, "bus_lcCooperative": 0.874, "bus_lcLookaheadLeft": 20.7596, "bus_lcPushy": 0.9658, "bus_lcSigma": 0.8078, "bus_lcSpeedGainRight": 4.0049, "bus_lcSublane": 0.4665, "bus_sigma": 0.9942, "bus_tau_mean": 3.973, "bus_tau_std": 8.9851, "bus_v_mean": 21.6161, "bus_v_std": 18.0734, "car_acc": 2.6212, "car_dcc": 2.161, "car_lcAssertive": 98.0141, "car_lcCooperative": 0.9711, "car_lcLookaheadLeft": 8.5497, "car_lcPushy": 0.3005, "car_lcSigma": 0.6184, "car_lcSpeedGainRight": 4.2356, "car_lcSublane": 0.6358, "car_sigma": 0.6021, "car_tau_mean": 1.3386, "car_tau_std": 7.4782, "car_v_mean": 22.2777, "car_v_std": 10.8344}, "datetime": {"datetime": "2024-08-10 13:46:55", "elapsed": 4265.894724, "delta": 4.700477}}
{"target": -0.28571317337819424, "params": {"bus_acc": 1.5283, "bus_dcc": 0.2282, "bus_lcAssertive": 94.6115, "bus_lcCooperative": 0.0232, "bus_lcLookaheadLeft": 75.7893, "bus_lcPushy": 0.6608, "bus_lcSigma": 0.7474, "bus_lcSpeedGainRight": 4.1347, "bus_lcSublane": 0.0839, "bus_sigma": 0.8234, "bus_tau_mean": 2.3795, "bus_tau_std": 5.8593, "bus_v_mean": 13.7852, "bus_v_std": 7.5781, "car_acc": 2.1591, "car_dcc": 0.2711, "car_lcAssertive": 82.2857, "car_lcCooperative": 0.8674, "car_lcLookaheadLeft": 9.0065, "car_lcPushy": 0.9214, "car_lcSigma": 0.5188, "car_lcSpeedGainRight": 1.2483, "car_lcSublane": 0.1134, "car_sigma": 0.7947, "car_tau_mean": 2.3162, "car_tau_std": 2.9254, "car_v_mean": 11.7499, "car_v_std": 17.3344}, "datetime": {"datetime": "2024-08-10 13:47:03", "elapsed": 4273.632963, "delta": 7.738239}}
{"target": -0.2993066250459056, "params": {"bus_acc": 2.6249, "bus_dcc": 2.1133, "bus_lcAssertive": 42.2308, "bus_lcCooperative": 0.6759, "bus_lcLookaheadLeft": 12.5673, "bus_lcPushy": 0.8383, "bus_lcSigma": 0.3666, "bus_lcSpeedGainRight": 3.7036, "bus_lcSublane": 0.8584, "bus_sigma": 0.2434, "bus_tau_mean": 1.1348, "bus_tau_std": 8.5512, "bus_v_mean": 24.654, "bus_v_std": 10.5331, "car_acc": 3.5546, "car_dcc": 1.1345, "car_lcAssertive": 73.9909, "car_lcCooperative": 0.3139, "car_lcLookaheadLeft": 98.2744, "car_lcPushy": 0.4737, "car_lcSigma": 0.4163, "car_lcSpeedGainRight": 4.8604, "car_lcSublane": 0.677, "car_sigma": 0.2316, "car_tau_mean": 1.0479, "car_tau_std": 4.6638, "car_v_mean": 12.1864, "car_v_std": 14.4788}, "datetime": {"datetime": "2024-08-10 13:47:09", "elapsed": 4279.829017, "delta": 6.196054}}
{"target": -0.27821369091270415, "params": {"bus_acc": 2.9292, "bus_dcc": 2.4891, "bus_lcAssertive": 59.3835, "bus_lcCooperative": 0.3572, "bus_lcLookaheadLeft": 42.628, "bus_lcPushy": 0.7101, "bus_lcSigma": 0.4621, "bus_lcSpeedGainRight": 4.8859, "bus_lcSublane": 0.1127, "bus_sigma": 0.897, "bus_tau_mean": 1.7927, "bus_tau_std": 6.2928, "bus_v_mean": 9.3209, "bus_v_std": 7.1707, "car_acc": 3.8276, "car_dcc": 0.6017, "car_lcAssertive": 91.3096, "car_lcCooperative": 0.0022, "car_lcLookaheadLeft": 50.6904, "car_lcPushy": 0.6799, "car_lcSigma": 0.9997, "car_lcSpeedGainRight": 2.2688, "car_lcSublane": 0.4639, "car_sigma": 0.6306, "car_tau_mean": 3.3443, "car_tau_std": 0.0373, "car_v_mean": 19.8262, "car_v_std": 19.9106}, "datetime": {"datetime": "2024-08-10 13:47:18", "elapsed": 4288.661874, "delta": 8.832857}}
{"target": -0.33414780594096305, "params": {"bus_acc": 1.7642, "bus_dcc": 3.2205, "bus_lcAssertive": 21.6341, "bus_lcCooperative": 0.0745, "bus_lcLookaheadLeft": 11.8538, "bus_lcPushy": 0.32, "bus_lcSigma": 0.4992, "bus_lcSpeedGainRight": 3.1806, "bus_lcSublane": 0.8422, "bus_sigma": 0.1367, "bus_tau_mean": 2.8735, "bus_tau_std": 1.1351, "bus_v_mean": 22.8258, "bus_v_std": 16.6619, "car_acc": 1.8288, "car_dcc": 2.4838, "car_lcAssertive": 18.4549, "car_lcCooperative": 0.8141, "car_lcLookaheadLeft": 51.0752, "car_lcPushy": 0.0772, "car_lcSigma": 0.5647, "car_lcSpeedGainRight": 4.9801, "car_lcSublane": 0.9548, "car_sigma": 0.598, "car_tau_mean": 0.5234, "car_tau_std": 5.0315, "car_v_mean": 23.2762, "car_v_std": 8.1341}, "datetime": {"datetime": "2024-08-10 13:47:23", "elapsed": 4293.872624, "delta": 5.21075}}
{"target": -0.34252071652186084, "params": {"bus_acc": 1.077, "bus_dcc": 3.8761, "bus_lcAssertive": 93.9313, "bus_lcCooperative": 0.9481, "bus_lcLookaheadLeft": 77.3468, "bus_lcPushy": 0.1314, "bus_lcSigma": 0.1871, "bus_lcSpeedGainRight": 3.3475, "bus_lcSublane": 0.9704, "bus_sigma": 0.0821, "bus_tau_mean": 1.348, "bus_tau_std": 9.6289, "bus_v_mean": 16.6203, "bus_v_std": 15.314, "car_acc": 1.7529, "car_dcc": 1.9833, "car_lcAssertive": 27.302, "car_lcCooperative": 0.0865, "car_lcLookaheadLeft": 82.7447, "car_lcPushy": 0.3885, "car_lcSigma": 0.2293, "car_lcSpeedGainRight": 2.7185, "car_lcSublane": 0.8797, "car_sigma": 0.0972, "car_tau_mean": 2.0686, "car_tau_std": 6.5391, "car_v_mean": 25.1607, "car_v_std": 15.0905}, "datetime": {"datetime": "2024-08-10 13:47:29", "elapsed": 4299.147878, "delta": 5.275254}}
{"target": -0.39687518013951734, "params": {"bus_acc": 3.4713, "bus_dcc": 1.1964, "bus_lcAssertive": 9.6105, "bus_lcCooperative": 0.8478, "bus_lcLookaheadLeft": 31.9602, "bus_lcPushy": 0.6619, "bus_lcSigma": 0.7674, "bus_lcSpeedGainRight": 3.8156, "bus_lcSublane": 0.9063, "bus_sigma": 0.3278, "bus_tau_mean": 3.6964, "bus_tau_std": 7.9849, "bus_v_mean": 25.7022, "bus_v_std": 3.3494, "car_acc": 2.4689, "car_dcc": 0.4195, "car_lcAssertive": 19.7526, "car_lcCooperative": 0.1002, "car_lcLookaheadLeft": 9.1013, "car_lcPushy": 0.7539, "car_lcSigma": 0.4534, "car_lcSpeedGainRight": 3.5765, "car_lcSublane": 0.5396, "car_sigma": 0.9582, "car_tau_mean": 3.2654, "car_tau_std": 0.0001, "car_v_mean": 21.5593, "car_v_std": 5.0695}, "datetime": {"datetime": "2024-08-10 13:47:33", "elapsed": 4303.764823, "delta": 4.616945}}
{"target": -0.3090329772423847, "params": {"bus_acc": 2.4276, "bus_dcc": 0.7125, "bus_lcAssertive": 45.4645, "bus_lcCooperative": 0.7882, "bus_lcLookaheadLeft": 98.2638, "bus_lcPushy": 0.5776, "bus_lcSigma": 0.3982, "bus_lcSpeedGainRight": 0.3151, "bus_lcSublane": 0.7939, "bus_sigma": 0.6412, "bus_tau_mean": 0.8979, "bus_tau_std": 0.1384, "bus_v_mean": 15.5857, "bus_v_std": 0.3173, "car_acc": 1.323, "car_dcc": 0.8562, "car_lcAssertive": 86.0526, "car_lcCooperative": 0.6951, "car_lcLookaheadLeft": 27.9007, "car_lcPushy": 0.7901, "car_lcSigma": 0.6561, "car_lcSpeedGainRight": 3.4449, "car_lcSublane": 0.7711, "car_sigma": 0.0184, "car_tau_mean": 2.0556, "car_tau_std": 9.743, "car_v_mean": 12.5603, "car_v_std": 8.3788}, "datetime": {"datetime": "2024-08-10 13:47:39", "elapsed": 4310.109369, "delta": 6.344546}}
{"target": -0.31141374596085253, "params": {"bus_acc": 3.4131, "bus_dcc": 1.9614, "bus_lcAssertive": 73.8808, "bus_lcCooperative": 0.8384, "bus_lcLookaheadLeft": 73.9345, "bus_lcPushy": 0.3311, "bus_lcSigma": 0.8189, "bus_lcSpeedGainRight": 3.8383, "bus_lcSublane": 0.3975, "bus_sigma": 0.2945, "bus_tau_mean": 0.5526, "bus_tau_std": 4.2577, "bus_v_mean": 20.3699, "bus_v_std": 10.3717, "car_acc": 3.5807, "car_dcc": 2.6014, "car_lcAssertive": 79.2761, "car_lcCooperative": 0.1127, "car_lcLookaheadLeft": 48.498, "car_lcPushy": 0.7541, "car_lcSigma": 0.3522, "car_lcSpeedGainRight": 2.5109, "car_lcSublane": 0.6501, "car_sigma": 0.3306, "car_tau_mean": 0.9619, "car_tau_std": 5.8911, "car_v_mean": 14.9243, "car_v_std": 17.6211}, "datetime": {"datetime": "2024-08-10 13:47:44", "elapsed": 4314.560952, "delta": 4.451583}}
{"target": -0.41453289664006787, "params": {"bus_acc": 3.2566, "bus_dcc": 0.4724, "bus_lcAssertive": 83.6532, "bus_lcCooperative": 0.6155, "bus_lcLookaheadLeft": 61.2367, "bus_lcPushy": 0.8774, "bus_lcSigma": 0.34, "bus_lcSpeedGainRight": 3.7769, "bus_lcSublane": 0.3088, "bus_sigma": 0.1336, "bus_tau_mean": 1.1998, "bus_tau_std": 7.9352, "bus_v_mean": 25.5335, "bus_v_std": 6.2921, "car_acc": 2.9063, "car_dcc": 2.0699, "car_lcAssertive": 44.9331, "car_lcCooperative": 0.1015, "car_lcLookaheadLeft": 96.1085, "car_lcPushy": 0.1126, "car_lcSigma": 0.3527, "car_lcSpeedGainRight": 3.0855, "car_lcSublane": 0.0657, "car_sigma": 0.8771, "car_tau_mean": 3.9866, "car_tau_std": 7.1889, "car_v_mean": 8.0096, "car_v_std": 0.8486}, "datetime": {"datetime": "2024-08-10 13:47:49", "elapsed": 4319.535669, "delta": 4.974717}}
{"target": -0.31314921755917396, "params": {"bus_acc": 0.7016, "bus_dcc": 3.6922, "bus_lcAssertive": 56.7116, "bus_lcCooperative": 0.4654, "bus_lcLookaheadLeft": 14.7975, "bus_lcPushy": 0.5982, "bus_lcSigma": 0.0344, "bus_lcSpeedGainRight": 1.6603, "bus_lcSublane": 0.601, "bus_sigma": 0.1427, "bus_tau_mean": 2.5177, "bus_tau_std": 3.6646, "bus_v_mean": 17.953, "bus_v_std": 12.4581, "car_acc": 1.4572, "car_dcc": 2.799, "car_lcAssertive": 33.0908, "car_lcCooperative": 0.9359, "car_lcLookaheadLeft": 77.1414, "car_lcPushy": 0.1453, "car_lcSigma": 0.2057, "car_lcSpeedGainRight": 0.3249, "car_lcSublane": 0.9137, "car_sigma": 0.1284, "car_tau_mean": 1.5535, "car_tau_std": 4.9349, "car_v_mean": 10.0148, "car_v_std": 3.0568}, "datetime": {"datetime": "2024-08-10 13:47:54", "elapsed": 4324.451497, "delta": 4.915828}}
{"target": -0.4795599221725342, "params": {"bus_acc": 1.0751, "bus_dcc": 1.2853, "bus_lcAssertive": 83.2206, "bus_lcCooperative": 0.5637, "bus_lcLookaheadLeft": 33.7385, "bus_lcPushy": 0.3899, "bus_lcSigma": 0.2288, "bus_lcSpeedGainRight": 0.3665, "bus_lcSublane": 0.6735, "bus_sigma": 0.6458, "bus_tau_mean": 2.5897, "bus_tau_std": 8.2195, "bus_v_mean": 16.8518, "bus_v_std": 6.5937, "car_acc": 1.5011, "car_dcc": 0.2371, "car_lcAssertive": 9.8993, "car_lcCooperative": 0.4042, "car_lcLookaheadLeft": 7.4194, "car_lcPushy": 0.8993, "car_lcSigma": 0.0943, "car_lcSpeedGainRight": 2.912, "car_lcSublane": 0.7351, "car_sigma": 0.8908, "car_tau_mean": 3.0596, "car_tau_std": 4.1721, "car_v_mean": 22.3181, "car_v_std": 2.917}, "datetime": {"datetime": "2024-08-10 13:47:59", "elapsed": 4329.932861, "delta": 5.481364}}
{"target": -0.33197987121088396, "params": {"bus_acc": 2.8423, "bus_dcc": 2.8234, "bus_lcAssertive": 83.1607, "bus_lcCooperative": 0.1216, "bus_lcLookaheadLeft": 97.0828, "bus_lcPushy": 0.9388, "bus_lcSigma": 0.6871, "bus_lcSpeedGainRight": 3.871, "bus_lcSublane": 0.7942, "bus_sigma": 0.3102, "bus_tau_mean": 3.5011, "bus_tau_std": 9.1013, "bus_v_mean": 14.1564, "bus_v_std": 18.3192, "car_acc": 2.1713, "car_dcc": 2.6779, "car_lcAssertive": 6.8215, "car_lcCooperative": 0.2654, "car_lcLookaheadLeft": 47.6135, "car_lcPushy": 0.3208, "car_lcSigma": 0.3763, "car_lcSpeedGainRight": 0.506, "car_lcSublane": 0.6766, "car_sigma": 0.1142, "car_tau_mean": 3.9654, "car_tau_std": 5.4273, "car_v_mean": 25.1341, "car_v_std": 10.7181}, "datetime": {"datetime": "2024-08-10 13:48:03", "elapsed": 4333.785867, "delta": 3.853006}}
{"target": -0.8070549446272475, "params": {"bus_acc": 1.5408, "bus_dcc": 2.6702, "bus_lcAssertive": 25.6712, "bus_lcCooperative": 0.3533, "bus_lcLookaheadLeft": 76.6966, "bus_lcPushy": 0.413, "bus_lcSigma": 0.283, "bus_lcSpeedGainRight": 3.4538, "bus_lcSublane": 0.7629, "bus_sigma": 0.4808, "bus_tau_mean": 3.7093, "bus_tau_std": 9.0407, "bus_v_mean": 14.9051, "bus_v_std": 5.668, "car_acc": 0.2521, "car_dcc": 2.5767, "car_lcAssertive": 22.91, "car_lcCooperative": 0.8222, "car_lcLookaheadLeft": 46.7601, "car_lcPushy": 0.6764, "car_lcSigma": 0.5411, "car_lcSpeedGainRight": 0.3319, "car_lcSublane": 0.6078, "car_sigma": 0.5042, "car_tau_mean": 1.5933, "car_tau_std": 9.7874, "car_v_mean": 17.811, "car_v_std": 3.4572}, "datetime": {"datetime": "2024-08-10 13:48:10", "elapsed": 4340.599245, "delta": 6.813378}}
{"target": -0.36292228394417303, "params": {"bus_acc": 3.1113, "bus_dcc": 2.7615, "bus_lcAssertive": 73.5874, "bus_lcCooperative": 0.6592, "bus_lcLookaheadLeft": 64.9677, "bus_lcPushy": 0.7119, "bus_lcSigma": 0.8616, "bus_lcSpeedGainRight": 4.172, "bus_lcSublane": 0.5735, "bus_sigma": 0.9991, "bus_tau_mean": 0.5023, "bus_tau_std": 6.8631, "bus_v_mean": 21.5914, "bus_v_std": 19.1236, "car_acc": 1.5661, "car_dcc": 2.3677, "car_lcAssertive": 24.3344, "car_lcCooperative": 0.4383, "car_lcLookaheadLeft": 11.4384, "car_lcPushy": 0.455, "car_lcSigma": 0.4551, "car_lcSpeedGainRight": 4.4537, "car_lcSublane": 0.7247, "car_sigma": 0.8909, "car_tau_mean": 2.463, "car_tau_std": 6.2953, "car_v_mean": 25.024, "car_v_std": 7.3622}, "datetime": {"datetime": "2024-08-10 13:48:14", "elapsed": 4344.301482, "delta": 3.702237}}
{"target": -0.4434154219069515, "params": {"bus_acc": 0.598, "bus_dcc": 2.3845, "bus_lcAssertive": 5.5285, "bus_lcCooperative": 0.6216, "bus_lcLookaheadLeft": 23.6263, "bus_lcPushy": 0.1331, "bus_lcSigma": 0.9062, "bus_lcSpeedGainRight": 0.3403, "bus_lcSublane": 0.8989, "bus_sigma": 0.184, "bus_tau_mean": 2.8893, "bus_tau_std": 5.5225, "bus_v_mean": 19.0455, "bus_v_std": 7.2461, "car_acc": 1.1698, "car_dcc": 1.6094, "car_lcAssertive": 34.2895, "car_lcCooperative": 0.1388, "car_lcLookaheadLeft": 56.1535, "car_lcPushy": 0.8802, "car_lcSigma": 0.6215, "car_lcSpeedGainRight": 4.5688, "car_lcSublane": 0.1948, "car_sigma": 0.9049, "car_tau_mean": 1.5218, "car_tau_std": 0.3494, "car_v_mean": 25.1048, "car_v_std": 17.6581}, "datetime": {"datetime": "2024-08-10 13:48:20", "elapsed": 4350.181292, "delta": 5.87981}}
{"target": -0.2557859586309583, "params": {"bus_acc": 0.4584, "bus_dcc": 0.7512, "bus_lcAssertive": 39.6317, "bus_lcCooperative": 0.3005, "bus_lcLookaheadLeft": 97.1334, "bus_lcPushy": 0.4685, "bus_lcSigma": 0.2061, "bus_lcSpeedGainRight": 0.5604, "bus_lcSublane": 0.1404, "bus_sigma": 0.7632, "bus_tau_mean": 0.9824, "bus_tau_std": 6.3826, "bus_v_mean": 12.6355, "bus_v_std": 8.008, "car_acc": 0.7088, "car_dcc": 0.8576, "car_lcAssertive": 71.2807, "car_lcCooperative": 0.0429, "car_lcLookaheadLeft": 61.3766, "car_lcPushy": 0.2781, "car_lcSigma": 0.1653, "car_lcSpeedGainRight": 4.6998, "car_lcSublane": 0.0653, "car_sigma": 0.1491, "car_tau_mean": 1.5058, "car_tau_std": 0.0627, "car_v_mean": 17.9276, "car_v_std": 7.6929}, "datetime": {"datetime": "2024-08-10 13:48:24", "elapsed": 4354.223455, "delta": 4.042163}}
{"target": -0.3438522934929919, "params": {"bus_acc": 0.5289, "bus_dcc": 2.9739, "bus_lcAssertive": 29.3675, "bus_lcCooperative": 0.7979, "bus_lcLookaheadLeft": 62.27, "bus_lcPushy": 0.2382, "bus_lcSigma": 0.5319, "bus_lcSpeedGainRight": 4.4678, "bus_lcSublane": 0.748, "bus_sigma": 0.9748, "bus_tau_mean": 2.0723, "bus_tau_std": 8.1838, "bus_v_mean": 16.0167, "bus_v_std": 8.1205, "car_acc": 1.9276, "car_dcc": 2.0894, "car_lcAssertive": 70.3286, "car_lcCooperative": 0.2138, "car_lcLookaheadLeft": 45.3647, "car_lcPushy": 0.6091, "car_lcSigma": 0.2535, "car_lcSpeedGainRight": 1.5959, "car_lcSublane": 0.1586, "car_sigma": 0.0205, "car_tau_mean": 3.0942, "car_tau_std": 3.1936, "car_v_mean": 25.2499, "car_v_std": 7.1667}, "datetime": {"datetime": "2024-08-10 13:48:30", "elapsed": 4360.928261, "delta": 6.704806}}
{"target": -0.29654529187400275, "params": {"bus_acc": 0.8053, "bus_dcc": 1.0312, "bus_lcAssertive": 6.3386, "bus_lcCooperative": 0.2673, "bus_lcLookaheadLeft": 33.855, "bus_lcPushy": 0.9535, "bus_lcSigma": 0.137, "bus_lcSpeedGainRight": 0.979, "bus_lcSublane": 0.8772, "bus_sigma": 0.6892, "bus_tau_mean": 0.9988, "bus_tau_std": 6.1119, "bus_v_mean": 15.5264, "bus_v_std": 19.7598, "car_acc": 3.508, "car_dcc": 3.8272, "car_lcAssertive": 60.4557, "car_lcCooperative": 0.1745, "car_lcLookaheadLeft": 79.8047, "car_lcPushy": 0.0456, "car_lcSigma": 0.6884, "car_lcSpeedGainRight": 3.7985, "car_lcSublane": 0.9909, "car_sigma": 0.7456, "car_tau_mean": 3.0204, "car_tau_std": 9.6, "car_v_mean": 10.1646, "car_v_std": 14.6863}, "datetime": {"datetime": "2024-08-10 13:48:35", "elapsed": 4365.539678, "delta": 4.611417}}
