{"target": -0.3154383220203111, "params": {"bus_acc": 2.111419741193628, "bus_dcc": 2.644760113666715, "bus_lcAssertive": 12.013321584176065, "bus_lcCooperative": 0.7580616581331086, "bus_lcLookaheadLeft": 85.49068558615497, "bus_lcPushy": 0.8442498595694283, "bus_lcSigma": 0.8905068324120895, "bus_lcSpeedGainRight": 1.9092119837788057, "bus_lcSublane": 0.44380519836651855, "bus_sigma": 0.10158147594616618, "bus_tau_mean": 1.290324228509323, "bus_tau_std": 9.713204692732111, "bus_v_mean": 13.123231441437238, "bus_v_std": 18.147922844819945, "car_acc": 3.584098688237582, "car_dcc": 3.705517089589495, "car_lcAssertive": 16.45880687963868, "car_lcCooperative": 0.8797221435013809, "car_lcLookaheadLeft": 63.93550514538744, "car_lcPushy": 0.21062817841880244, "car_lcSigma": 0.3451159147800812, "car_lcSpeedGainRight": 0.7995939429464161, "car_lcSublane": 0.4443481574461272, "car_sigma": 0.08377495384546052, "car_tau_mean": 1.0786147166808395, "car_tau_std": 1.9719634646666928, "car_v_mean": 20.438492148020675, "car_v_std": 11.476057383307058}, "datetime": {"datetime": "2024-08-10 12:43:12", "elapsed": 442.87724, "delta": 4.098961}}
{"target": -0.31258734105363734, "params": {"bus_acc": 1.709276948084401, "bus_dcc": 0.6331576200938411, "bus_lcAssertive": 93.78724974180851, "bus_lcCooperative": 0.23453551367686631, "bus_lcLookaheadLeft": 16.976049111283125, "bus_lcPushy": 0.5100158064555218, "bus_lcSigma": 0.4550445354605238, "bus_lcSpeedGainRight": 0.37013485246386035, "bus_lcSublane": 0.5755728724790967, "bus_sigma": 0.6985352813761585, "bus_tau_mean": 2.216920571385895, "bus_tau_std": 0.7289365228724298, "bus_v_mean": 11.233951793699308, "bus_v_std": 2.3187091870417054, "car_acc": 2.4171577817232275, "car_dcc": 0.5233336513007827, "car_lcAssertive": 39.021432532572646, "car_lcCooperative": 0.14715639544110737, "car_lcLookaheadLeft": 42.32565111384819, "car_lcPushy": 0.6252749588601846, "car_lcSigma": 0.3595396617024561, "car_lcSpeedGainRight": 4.479921738741496, "car_lcSublane": 0.41748034762490616, "car_sigma": 0.933655236309334, "car_tau_mean": 3.371598915126775, "car_tau_std": 1.166424875580141, "car_v_mean": 9.871381188759946, "car_v_std": 2.656202767691811}, "datetime": {"datetime": "2024-08-10 12:43:15", "elapsed": 445.849206, "delta": 2.971966}}
{"target": -0.4631159383996358, "params": {"bus_acc": 1.261417275342061, "bus_dcc": 3.6803391476557406, "bus_lcAssertive": 20.624996730805222, "bus_lcCooperative": 0.28571649537130284, "bus_lcLookaheadLeft": 6.670161087028536, "bus_lcPushy": 0.44757914405063814, "bus_lcSigma": 0.5575878151711118, "bus_lcSpeedGainRight": 2.867805412885476, "bus_lcSublane": 0.905377379959673, "bus_sigma": 0.34741393280060506, "bus_tau_mean": 2.0663493285693932, "bus_tau_std": 8.512376625014975, "bus_v_mean": 18.382927458176447, "bus_v_std": 13.079858697554673, "car_acc": 1.2577654554984008, "car_dcc": 2.0523909461782264, "car_lcAssertive": 62.47428637046675, "car_lcCooperative": 0.13339403014523998, "car_lcLookaheadLeft": 5.225054226068378, "car_lcPushy": 0.11341100113082614, "car_lcSigma": 0.47746107633965307, "car_lcSpeedGainRight": 0.12013367315404255, "car_lcSublane": 0.6262089291372217, "car_sigma": 0.09758261797608447, "car_tau_mean": 1.37836538200686, "car_tau_std": 4.264929458562184, "car_v_mean": 10.084881440712483, "car_v_std": 5.411039875949328}, "datetime": {"datetime": "2024-08-10 12:43:17", "elapsed": 447.579534, "delta": 1.730328}}
{"target": -0.36546058110082535, "params": {"bus_acc": 0.7873871217294828, "bus_dcc": 3.020255618770817, "bus_lcAssertive": 36.649176114997736, "bus_lcCooperative": 0.6046740203819879, "bus_lcLookaheadLeft": 2.636311313087952, "bus_lcPushy": 0.5905153664209507, "bus_lcSigma": 0.7334260110546541, "bus_lcSpeedGainRight": 1.7283716884538158, "bus_lcSublane": 0.7593298235379096, "bus_sigma": 0.42697012115466537, "bus_tau_mean": 1.9812002038471968, "bus_tau_std": 2.993526375962332, "bus_v_mean": 21.339060538906658, "bus_v_std": 18.34169727754157, "car_acc": 1.8837847073951577, "car_dcc": 3.95054166581301, "car_lcAssertive": 80.14928593431807, "car_lcCooperative": 0.3112352492736875, "car_lcLookaheadLeft": 24.844319222044746, "car_lcPushy": 0.3589360040376469, "car_lcSigma": 0.4046692860273702, "car_lcSpeedGainRight": 2.4794914521918483, "car_lcSublane": 0.7015337423351009, "car_sigma": 0.8409983347570872, "car_tau_mean": 0.7067590761107718, "car_tau_std": 4.53072012007164, "car_v_mean": 15.696006018727449, "car_v_std": 8.480648290011212}, "datetime": {"datetime": "2024-08-10 12:43:20", "elapsed": 450.1552, "delta": 2.575666}}
{"target": -0.3102509266445928, "params": {"bus_acc": 3.4211250294628197, "bus_dcc": 3.985279526176329, "bus_lcAssertive": 43.8625242810188, "bus_lcCooperative": 0.31140904605836806, "bus_lcLookaheadLeft": 41.66749184825992, "bus_lcPushy": 0.22802509631100698, "bus_lcSigma": 0.2260985847335475, "bus_lcSpeedGainRight": 2.1682180433259948, "bus_lcSublane": 0.684539508216859, "bus_sigma": 0.6607372885925005, "bus_tau_mean": 3.2037155889171203, "bus_tau_std": 2.1681468807052386, "bus_v_mean": 21.11671481719079, "bus_v_std": 15.905076548381805, "car_acc": 2.3348888835188344, "car_dcc": 1.9695486218176947, "car_lcAssertive": 16.66178731278523, "car_lcCooperative": 0.046452851043737975, "car_lcLookaheadLeft": 47.45555048174523, "car_lcPushy": 0.6543020802252184, "car_lcSigma": 0.21254631654815492, "car_lcSpeedGainRight": 1.9997480243785053, "car_lcSublane": 0.4976378845098134, "car_sigma": 0.954903956652196, "car_tau_mean": 3.5710579500336115, "car_tau_std": 8.740496481285145, "car_v_mean": 25.93880969911837, "car_v_std": 15.469065662809099}, "datetime": {"datetime": "2024-08-10 12:43:22", "elapsed": 452.732924, "delta": 2.577724}}
{"target": -0.17837919274125266, "params": {"bus_acc": 0.47555900657276073, "bus_dcc": 0.8562641349026447, "bus_lcAssertive": 32.913391424138354, "bus_lcCooperative": 0.248424246330199, "bus_lcLookaheadLeft": 50.55850817339691, "bus_lcPushy": 0.8244596107976835, "bus_lcSigma": 0.8539724149421759, "bus_lcSpeedGainRight": 2.9791497102935076, "bus_lcSublane": 0.24017373383106666, "bus_sigma": 0.18649268827268528, "bus_tau_mean": 3.1018667934071367, "bus_tau_std": 2.372140576435476, "bus_v_mean": 17.710836036677893, "bus_v_std": 14.985615742543835, "car_acc": 1.0673465975384666, "car_dcc": 0.8631045127764272, "car_lcAssertive": 4.933832971009274, "car_lcCooperative": 0.14756883769994755, "car_lcLookaheadLeft": 85.44101288080509, "car_lcPushy": 0.10463591174495857, "car_lcSigma": 0.2236450455273178, "car_lcSpeedGainRight": 0.16378599872988564, "car_lcSublane": 0.6763566354512786, "car_sigma": 0.2317031414647196, "car_tau_mean": 1.9475710123061751, "car_tau_std": 1.3930117132372677, "car_v_mean": 14.789911177007117, "car_v_std": 8.488749324792305}, "datetime": {"datetime": "2024-08-10 12:43:24", "elapsed": 454.844378, "delta": 2.111454}}
{"target": -0.4159741141315399, "params": {"bus_acc": 2.8206297165023195, "bus_dcc": 2.4755193843690035, "bus_lcAssertive": 74.9190897401775, "bus_lcCooperative": 0.5419710617714415, "bus_lcLookaheadLeft": 70.65224111671125, "bus_lcPushy": 0.9305598192498451, "bus_lcSigma": 0.8626166945052219, "bus_lcSpeedGainRight": 0.8372092875326065, "bus_lcSublane": 0.2631390239238742, "bus_sigma": 0.07161027944180454, "bus_tau_mean": 3.9253548180542146, "bus_tau_std": 2.3638409866037557, "bus_v_mean": 19.89077040671478, "bus_v_std": 1.79261397854924, "car_acc": 1.0009295799306712, "car_dcc": 2.110732657369937, "car_lcAssertive": 11.390413164662874, "car_lcCooperative": 0.38887340269472437, "car_lcLookaheadLeft": 54.722796573688726, "car_lcPushy": 0.33920418488509996, "car_lcSigma": 0.5559002111265755, "car_lcSpeedGainRight": 2.6838416097123203, "car_lcSublane": 0.3906104987369058, "car_sigma": 0.6962700831011029, "car_tau_mean": 2.874688588992734, "car_tau_std": 6.873031493743898, "car_v_mean": 18.106842658388736, "car_v_std": 7.161598280258716}, "datetime": {"datetime": "2024-08-10 12:43:27", "elapsed": 457.198641, "delta": 2.354263}}
{"target": -0.3649956140631578, "params": {"bus_acc": 2.0126493787286, "bus_dcc": 1.9057395794857088, "bus_lcAssertive": 88.71379914536978, "bus_lcCooperative": 0.5276187723115614, "bus_lcLookaheadLeft": 42.090901527852274, "bus_lcPushy": 0.26889202221264585, "bus_lcSigma": 0.07201203516976995, "bus_lcSpeedGainRight": 2.090680668626579, "bus_lcSublane": 0.025753482406583372, "bus_sigma": 0.29115394055242805, "bus_tau_mean": 2.2622832844693876, "bus_tau_std": 9.659330650197223, "bus_v_mean": 9.968892455484523, "bus_v_std": 13.460821084332439, "car_acc": 2.09974301017696, "car_dcc": 3.1529732712479754, "car_lcAssertive": 15.217092789546719, "car_lcCooperative": 0.08320263643587555, "car_lcLookaheadLeft": 41.12342332454047, "car_lcPushy": 0.7969622519799001, "car_lcSigma": 0.1916757389098901, "car_lcSpeedGainRight": 3.83888596073637, "car_lcSublane": 0.2902979970618682, "car_sigma": 0.21689148761179533, "car_tau_mean": 0.5585045617695226, "car_tau_std": 3.986590599223787, "car_v_mean": 14.859466843282142, "car_v_std": 13.186898723907294}, "datetime": {"datetime": "2024-08-10 12:43:31", "elapsed": 461.375857, "delta": 4.177216}}
{"target": -0.2674272410879502, "params": {"bus_acc": 0.6441885629738913, "bus_dcc": 0.27782874512992745, "bus_lcAssertive": 34.153994148848334, "bus_lcCooperative": 0.9928761567590365, "bus_lcLookaheadLeft": 32.657511301746126, "bus_lcPushy": 0.7375077987941283, "bus_lcSigma": 0.7165293765913929, "bus_lcSpeedGainRight": 2.8627879884764065, "bus_lcSublane": 0.367646057669637, "bus_sigma": 0.2082656940300881, "bus_tau_mean": 3.929997257552725, "bus_tau_std": 0.6589377000512553, "bus_v_mean": 12.2520995348678, "bus_v_std": 6.177989410202334, "car_acc": 3.65611274323276, "car_dcc": 2.9108031994725736, "car_lcAssertive": 27.271813173563256, "car_lcCooperative": 0.16450130293866305, "car_lcLookaheadLeft": 88.28874652560006, "car_lcPushy": 0.7937831324318396, "car_lcSigma": 0.038387431976404374, "car_lcSpeedGainRight": 4.3965042179829235, "car_lcSublane": 0.5879397452104611, "car_sigma": 0.4575371969863721, "car_tau_mean": 2.8584815690913965, "car_tau_std": 0.3944279853538757, "car_v_mean": 13.945781662453907, "car_v_std": 1.7609683561870404}, "datetime": {"datetime": "2024-08-10 12:43:33", "elapsed": 464.039859, "delta": 2.664002}}
{"target": -0.3013476852889025, "params": {"bus_acc": 0.9716275366275302, "bus_dcc": 3.3915718945275026, "bus_lcAssertive": 17.458576605066426, "bus_lcCooperative": 0.8890870796898103, "bus_lcLookaheadLeft": 35.180820001594384, "bus_lcPushy": 0.28794466390675777, "bus_lcSigma": 0.6062229999118651, "bus_lcSpeedGainRight": 0.3030577323700956, "bus_lcSublane": 0.9070881746034647, "bus_sigma": 0.38107069836536567, "bus_tau_mean": 3.264941098157372, "bus_tau_std": 7.105474351529599, "bus_v_mean": 20.674666340131736, "bus_v_std": 10.65252333780619, "car_acc": 1.9733669396915712, "car_dcc": 2.652512142113339, "car_lcAssertive": 69.4661435074687, "car_lcCooperative": 0.23581819527828218, "car_lcLookaheadLeft": 75.8732044129195, "car_lcPushy": 0.9366171681857524, "car_lcSigma": 0.8150976476385567, "car_lcSpeedGainRight": 3.6530483441756467, "car_lcSublane": 0.821710938832267, "car_sigma": 0.00695491753946309, "car_tau_mean": 1.1118841631166745, "car_tau_std": 3.419792015163703, "car_v_mean": 21.203326410296473, "car_v_std": 19.567465783712823}, "datetime": {"datetime": "2024-08-10 12:43:36", "elapsed": 466.480762, "delta": 2.440903}}
{"target": -0.37305076635163853, "params": {"bus_acc": 1.6967369235265721, "bus_dcc": 0.43336618542102456, "bus_lcAssertive": 36.9796584095935, "bus_lcCooperative": 0.3530436858449395, "bus_lcLookaheadLeft": 86.83119978062787, "bus_lcPushy": 0.8887000495302622, "bus_lcSigma": 0.9630520868624081, "bus_lcSpeedGainRight": 1.6409962380731713, "bus_lcSublane": 0.6933201557909643, "bus_sigma": 0.6330662678957141, "bus_tau_mean": 1.3485531095648187, "bus_tau_std": 8.699876263426784, "bus_v_mean": 11.853834483853337, "bus_v_std": 14.954280053015603, "car_acc": 0.74972295495407, "car_dcc": 0.6059146937105242, "car_lcAssertive": 72.31189880223089, "car_lcCooperative": 0.5263181160447106, "car_lcLookaheadLeft": 45.405751470953, "car_lcPushy": 0.7781805677545706, "car_lcSigma": 0.3587433527982574, "car_lcSpeedGainRight": 4.266747992569533, "car_lcSublane": 0.9621724971568286, "car_sigma": 0.97912549357449, "car_tau_mean": 1.4716980079809006, "car_tau_std": 4.15007036384795, "car_v_mean": 21.050177917712393, "car_v_std": 17.89731868025909}, "datetime": {"datetime": "2024-08-10 12:43:40", "elapsed": 470.709305, "delta": 4.228543}}
{"target": -0.40113656722100427, "params": {"bus_acc": 2.1578158454158802, "bus_dcc": 2.0195289245047925, "bus_lcAssertive": 75.19480460446479, "bus_lcCooperative": 0.5726882932924154, "bus_lcLookaheadLeft": 37.52160109540249, "bus_lcPushy": 0.48924478546014216, "bus_lcSigma": 0.18913837493884977, "bus_lcSpeedGainRight": 1.9679170714843097, "bus_lcSublane": 0.029961752524048535, "bus_sigma": 0.46252906034220287, "bus_tau_mean": 1.460659394812498, "bus_tau_std": 5.267158603586157, "bus_v_mean": 8.526898185256025, "bus_v_std": 11.10173533044349, "car_acc": 1.3133919577877573, "car_dcc": 2.39446458785148, "car_lcAssertive": 73.5442154728753, "car_lcCooperative": 0.44033782679643774, "car_lcLookaheadLeft": 66.98936864243262, "car_lcPushy": 0.23890995487021205, "car_lcSigma": 0.9985990885864799, "car_lcSpeedGainRight": 1.2143926080988376, "car_lcSublane": 0.9408284143815248, "car_sigma": 0.21721975039101793, "car_tau_mean": 2.241475346117736, "car_tau_std": 8.211769648927358, "car_v_mean": 20.898584842305215, "car_v_std": 14.11160824241338}, "datetime": {"datetime": "2024-08-10 12:43:42", "elapsed": 472.305659, "delta": 1.596354}}
{"target": -0.3548420990723313, "params": {"bus_acc": 0.7426144746514016, "bus_dcc": 0.5575810430986299, "bus_lcAssertive": 87.14898287433239, "bus_lcCooperative": 0.23686870355699852, "bus_lcLookaheadLeft": 39.82839308021436, "bus_lcPushy": 0.5715420927253323, "bus_lcSigma": 0.52580196995147, "bus_lcSpeedGainRight": 0.38011939721053434, "bus_lcSublane": 0.8741259355980283, "bus_sigma": 0.9511356184186921, "bus_tau_mean": 3.3437755646113514, "bus_tau_std": 2.8380183494687428, "bus_v_mean": 17.50124233012327, "bus_v_std": 6.788334480352189, "car_acc": 2.307735780993134, "car_dcc": 3.9027331818694098, "car_lcAssertive": 31.858588854179157, "car_lcCooperative": 0.6687966059228697, "car_lcLookaheadLeft": 33.94478631628061, "car_lcPushy": 0.7744772660150796, "car_lcSigma": 0.3258099666132048, "car_lcSpeedGainRight": 4.449136707236875, "car_lcSublane": 0.7517077209192669, "car_sigma": 0.7626320954451107, "car_tau_mean": 2.14317659995974, "car_tau_std": 2.107645024687054, "car_v_mean": 8.746551432376979, "car_v_std": 6.43657599940489}, "datetime": {"datetime": "2024-08-10 12:43:45", "elapsed": 475.83449, "delta": 3.528831}}
{"target": -0.5886670615081927, "params": {"bus_acc": 1.3705405508072188, "bus_dcc": 2.430456387472781, "bus_lcAssertive": 40.15090791444363, "bus_lcCooperative": 0.6639460814328006, "bus_lcLookaheadLeft": 85.49155519082123, "bus_lcPushy": 0.19022208931218354, "bus_lcSigma": 0.903272700870335, "bus_lcSpeedGainRight": 1.9158792521554662, "bus_lcSublane": 0.9431243307282546, "bus_sigma": 0.6173823130249652, "bus_tau_mean": 3.26533432401065, "bus_tau_std": 5.14775428373226, "bus_v_mean": 17.56060449907956, "bus_v_std": 6.551877975319438, "car_acc": 0.6915858874639509, "car_dcc": 1.65852326506961, "car_lcAssertive": 22.282671598376087, "car_lcCooperative": 0.03286525588191658, "car_lcLookaheadLeft": 28.93890932287543, "car_lcPushy": 0.18057605266685695, "car_lcSigma": 0.8755303150381228, "car_lcSpeedGainRight": 0.4061828121570249, "car_lcSublane": 0.18389559908188324, "car_sigma": 0.7040306955363342, "car_tau_mean": 3.717290618570957, "car_tau_std": 2.514584522319341, "car_v_mean": 8.383420366304868, "car_v_std": 19.210089455101993}, "datetime": {"datetime": "2024-08-10 12:43:47", "elapsed": 477.669622, "delta": 1.835132}}
{"target": -0.3431098493928581, "params": {"bus_acc": 3.034038184493634, "bus_dcc": 3.228625122040556, "bus_lcAssertive": 20.189676150244754, "bus_lcCooperative": 0.16286677529246074, "bus_lcLookaheadLeft": 59.9256719938347, "bus_lcPushy": 0.4796917118578373, "bus_lcSigma": 0.586542602423981, "bus_lcSpeedGainRight": 0.6613554844061542, "bus_lcSublane": 0.2777370697700209, "bus_sigma": 0.06967236072962435, "bus_tau_mean": 0.8779885293074713, "bus_tau_std": 7.163776775610988, "bus_v_mean": 8.475235199438293, "bus_v_std": 10.793006441989913, "car_acc": 1.334919360619478, "car_dcc": 3.500289740633588, "car_lcAssertive": 54.95884887109555, "car_lcCooperative": 0.9975477345448952, "car_lcLookaheadLeft": 56.985437280688046, "car_lcPushy": 0.5620978129601834, "car_lcSigma": 0.33510669801549786, "car_lcSpeedGainRight": 1.2616246700122962, "car_lcSublane": 0.4273696775673337, "car_sigma": 0.22717535449607196, "car_tau_mean": 0.748066026557084, "car_tau_std": 4.250512332840772, "car_v_mean": 9.91550767672747, "car_v_std": 14.46241629201758}, "datetime": {"datetime": "2024-08-10 12:43:50", "elapsed": 480.315396, "delta": 2.645774}}
{"target": -0.39917923489517254, "params": {"bus_acc": 3.228722972350904, "bus_dcc": 3.2692897121695403, "bus_lcAssertive": 83.09872221626888, "bus_lcCooperative": 0.4175157513022394, "bus_lcLookaheadLeft": 62.55290008885318, "bus_lcPushy": 0.7552455161468585, "bus_lcSigma": 0.7697655693416834, "bus_lcSpeedGainRight": 4.79302311462768, "bus_lcSublane": 0.975075275592005, "bus_sigma": 0.5647345919090407, "bus_tau_mean": 2.1300867405966692, "bus_tau_std": 8.355253266864215, "bus_v_mean": 11.959296631219825, "bus_v_std": 15.327961789217879, "car_acc": 0.9296440766817404, "car_dcc": 2.4481847506216563, "car_lcAssertive": 61.07631420593115, "car_lcCooperative": 0.44184380280217683, "car_lcLookaheadLeft": 86.72596397518376, "car_lcPushy": 0.5434821861417696, "car_lcSigma": 0.4927297109245765, "car_lcSpeedGainRight": 2.0906281783502862, "car_lcSublane": 0.06222518338635219, "car_sigma": 0.3621494599268943, "car_tau_mean": 0.8248537536794861, "car_tau_std": 5.656384996760549, "car_v_mean": 19.529029368036632, "car_v_std": 15.355645252363194}, "datetime": {"datetime": "2024-08-10 12:43:52", "elapsed": 482.722507, "delta": 2.407111}}
{"target": -0.23884142939322064, "params": {"bus_acc": 3.2294352679632055, "bus_dcc": 0.251468517988685, "bus_lcAssertive": 71.71525587400897, "bus_lcCooperative": 0.2953139661018992, "bus_lcLookaheadLeft": 98.66745241246686, "bus_lcPushy": 0.8462417305877817, "bus_lcSigma": 0.5604011810847819, "bus_lcSpeedGainRight": 2.9888284268841963, "bus_lcSublane": 0.1920756730045573, "bus_sigma": 0.2262515885870655, "bus_tau_mean": 1.039046124182829, "bus_tau_std": 3.7781354746444173, "bus_v_mean": 10.01519799814846, "bus_v_std": 10.225457872685237, "car_acc": 2.62621623052588, "car_dcc": 0.6644070373005364, "car_lcAssertive": 35.075439534096546, "car_lcCooperative": 0.07034787968520784, "car_lcLookaheadLeft": 53.52459635266278, "car_lcPushy": 0.6502897692030054, "car_lcSigma": 0.6154721413751028, "car_lcSpeedGainRight": 4.0693478140474255, "car_lcSublane": 0.23556623650242037, "car_sigma": 0.6181818418404456, "car_tau_mean": 1.5598998173142422, "car_tau_std": 0.8876770607914231, "car_v_mean": 13.494706488184637, "car_v_std": 1.4271294988923233}, "datetime": {"datetime": "2024-08-10 12:43:55", "elapsed": 485.897948, "delta": 3.175441}}
{"target": -0.38981137728888454, "params": {"bus_acc": 1.4038500850584021, "bus_dcc": 2.5292157787570972, "bus_lcAssertive": 65.57680721273064, "bus_lcCooperative": 0.1202250039109185, "bus_lcLookaheadLeft": 92.0301784576691, "bus_lcPushy": 0.3681357735171472, "bus_lcSigma": 0.6883767236348786, "bus_lcSpeedGainRight": 4.641691896818823, "bus_lcSublane": 0.6748721631716321, "bus_sigma": 0.9384774127274217, "bus_tau_mean": 2.9468767995802394, "bus_tau_std": 1.708578946238436, "bus_v_mean": 21.12029916335004, "bus_v_std": 8.114402945809939, "car_acc": 1.4105785148432357, "car_dcc": 3.166455830183849, "car_lcAssertive": 79.25842440097202, "car_lcCooperative": 0.9490117656563958, "car_lcLookaheadLeft": 21.912158930497828, "car_lcPushy": 0.5326643311279697, "car_lcSigma": 0.772122458631183, "car_lcSpeedGainRight": 2.581744343799141, "car_lcSublane": 0.2287864539478861, "car_sigma": 0.9952902913150423, "car_tau_mean": 3.6126194524732287, "car_tau_std": 5.771433371365626, "car_v_mean": 17.68486052318248, "car_v_std": 16.799522361565696}, "datetime": {"datetime": "2024-08-10 12:43:58", "elapsed": 488.224877, "delta": 2.326929}}
{"target": -0.6395433430564387, "params": {"bus_acc": 0.4565533915708047, "bus_dcc": 1.8579857846771457, "bus_lcAssertive": 92.95741713280664, "bus_lcCooperative": 0.26318010363654454, "bus_lcLookaheadLeft": 14.53941084549394, "bus_lcPushy": 0.7622387720608016, "bus_lcSigma": 0.9286081213991312, "bus_lcSpeedGainRight": 1.6288421035215883, "bus_lcSublane": 0.23245809784533655, "bus_sigma": 0.1824854764117131, "bus_tau_mean": 3.8713243293242585, "bus_tau_std": 5.766346346502747, "bus_v_mean": 23.481579894385114, "bus_v_std": 6.166899721037322, "car_acc": 0.4144584353620755, "car_dcc": 1.9244559034381465, "car_lcAssertive": 21.503899494829845, "car_lcCooperative": 0.5189836643290452, "car_lcLookaheadLeft": 54.722788290538084, "car_lcPushy": 0.2942882172433129, "car_lcSigma": 0.3074538821838113, "car_lcSpeedGainRight": 0.12086836107416399, "car_lcSublane": 0.42040201393038057, "car_sigma": 0.3236894136587639, "car_tau_mean": 2.668215438414082, "car_tau_std": 8.597630666919953, "car_v_mean": 16.86752793427248, "car_v_std": 1.6541659606377879}, "datetime": {"datetime": "2024-08-10 12:44:02", "elapsed": 492.761302, "delta": 4.536425}}
