{"target": -0.42812145528560047, "params": {"bus_acc": 3.4118, "bus_dcc": 3.3094, "bus_lcAssertive": 78.9562, "bus_lcCooperative": 0.3184, "bus_lcLookaheadLeft": 66.2073, "bus_lcPushy": 0.273, "bus_lcSigma": 0.761, "bus_lcSpeedGainRight": 4.6499, "bus_lcSublane": 0.7104, "bus_sigma": 0.7361, "bus_tau_mean": 3.979, "bus_tau_std": 7.5574, "bus_v_mean": 10.5393, "bus_v_std": 18.9371, "car_acc": 0.9501, "car_dcc": 2.2794, "car_lcAssertive": 95.8354, "car_lcCooperative": 0.9589, "car_lcLookaheadLeft": 49.705, "car_lcPushy": 0.1459, "car_lcSigma": 0.3157, "car_lcSpeedGainRight": 4.0475, "car_lcSublane": 0.3445, "car_sigma": 0.9751, "car_tau_mean": 1.9061, "car_tau_std": 6.2525, "car_v_mean": 16.2532, "car_v_std": 9.4795}, "datetime": {"datetime": "2024-08-10 14:03:37", "elapsed": 5267.864024, "delta": 3.406538}}
{"target": -0.31645880418112865, "params": {"bus_acc": 2.1103, "bus_dcc": 1.3813, "bus_lcAssertive": 4.3976, "bus_lcCooperative": 0.7964, "bus_lcLookaheadLeft": 17.3293, "bus_lcPushy": 0.8998, "bus_lcSigma": 0.7815, "bus_lcSpeedGainRight": 1.039, "bus_lcSublane": 0.6492, "bus_sigma": 0.2354, "bus_tau_mean": 2.012, "bus_tau_std": 6.6773, "bus_v_mean": 12.4304, "bus_v_std": 18.3994, "car_acc": 3.6893, "car_dcc": 2.3313, "car_lcAssertive": 28.6161, "car_lcCooperative": 0.4761, "car_lcLookaheadLeft": 62.9075, "car_lcPushy": 0.2781, "car_lcSigma": 0.622, "car_lcSpeedGainRight": 1.6476, "car_lcSublane": 0.5247, "car_sigma": 0.9961, "car_tau_mean": 0.7796, "car_tau_std": 6.6064, "car_v_mean": 14.1926, "car_v_std": 7.4342}, "datetime": {"datetime": "2024-08-10 14:03:43", "elapsed": 5273.933115, "delta": 6.069091}}
{"target": -0.3065871549935952, "params": {"bus_acc": 1.8413, "bus_dcc": 1.4585, "bus_lcAssertive": 27.7765, "bus_lcCooperative": 0.5586, "bus_lcLookaheadLeft": 19.8221, "bus_lcPushy": 0.4613, "bus_lcSigma": 0.8936, "bus_lcSpeedGainRight": 2.4207, "bus_lcSublane": 0.6467, "bus_sigma": 0.3755, "bus_tau_mean": 1.0874, "bus_tau_std": 9.3221, "bus_v_mean": 20.7224, "bus_v_std": 8.6413, "car_acc": 3.1488, "car_dcc": 3.5182, "car_lcAssertive": 33.3264, "car_lcCooperative": 0.9317, "car_lcLookaheadLeft": 55.162, "car_lcPushy": 0.2743, "car_lcSigma": 0.4996, "car_lcSpeedGainRight": 3.5354, "car_lcSublane": 0.0973, "car_sigma": 0.1937, "car_tau_mean": 3.7121, "car_tau_std": 2.1408, "car_v_mean": 14.8662, "car_v_std": 7.4498}, "datetime": {"datetime": "2024-08-10 14:03:54", "elapsed": 5284.936148, "delta": 11.003033}}
{"target": -0.4432557814097013, "params": {"bus_acc": 3.823, "bus_dcc": 1.5218, "bus_lcAssertive": 54.9265, "bus_lcCooperative": 0.5627, "bus_lcLookaheadLeft": 91.5959, "bus_lcPushy": 0.2255, "bus_lcSigma": 0.7506, "bus_lcSpeedGainRight": 4.0285, "bus_lcSublane": 0.6872, "bus_sigma": 0.327, "bus_tau_mean": 3.1151, "bus_tau_std": 9.6345, "bus_v_mean": 22.0211, "bus_v_std": 6.5748, "car_acc": 1.9006, "car_dcc": 3.0726, "car_lcAssertive": 26.5002, "car_lcCooperative": 0.1345, "car_lcLookaheadLeft": 32.8411, "car_lcPushy": 0.4389, "car_lcSigma": 0.0302, "car_lcSpeedGainRight": 3.4519, "car_lcSublane": 0.9898, "car_sigma": 0.2533, "car_tau_mean": 2.3878, "car_tau_std": 5.7211, "car_v_mean": 21.5563, "car_v_std": 2.0145}, "datetime": {"datetime": "2024-08-10 14:03:58", "elapsed": 5288.938638, "delta": 4.00249}}
{"target": -0.3153700936488868, "params": {"bus_acc": 2.3706, "bus_dcc": 0.3885, "bus_lcAssertive": 45.6288, "bus_lcCooperative": 0.9755, "bus_lcLookaheadLeft": 27.3597, "bus_lcPushy": 0.1185, "bus_lcSigma": 0.8892, "bus_lcSpeedGainRight": 2.4521, "bus_lcSublane": 0.3701, "bus_sigma": 0.1533, "bus_tau_mean": 1.2299, "bus_tau_std": 0.3785, "bus_v_mean": 24.5835, "bus_v_std": 9.3136, "car_acc": 3.2077, "car_dcc": 2.1997, "car_lcAssertive": 88.874, "car_lcCooperative": 0.8761, "car_lcLookaheadLeft": 53.2422, "car_lcPushy": 0.7433, "car_lcSigma": 0.0578, "car_lcSpeedGainRight": 0.8018, "car_lcSublane": 0.3611, "car_sigma": 0.1163, "car_tau_mean": 0.9962, "car_tau_std": 6.6674, "car_v_mean": 22.3664, "car_v_std": 12.6684}, "datetime": {"datetime": "2024-08-10 14:04:03", "elapsed": 5293.22768, "delta": 4.289042}}
{"target": -0.3450617824073205, "params": {"bus_acc": 3.3887, "bus_dcc": 1.1963, "bus_lcAssertive": 13.1322, "bus_lcCooperative": 0.7069, "bus_lcLookaheadLeft": 72.6805, "bus_lcPushy": 0.7815, "bus_lcSigma": 0.4594, "bus_lcSpeedGainRight": 1.0344, "bus_lcSublane": 0.7857, "bus_sigma": 0.6013, "bus_tau_mean": 2.4698, "bus_tau_std": 2.2843, "bus_v_mean": 24.823, "bus_v_std": 14.4493, "car_acc": 1.3042, "car_dcc": 3.2165, "car_lcAssertive": 51.9641, "car_lcCooperative": 0.1978, "car_lcLookaheadLeft": 11.1793, "car_lcPushy": 0.4702, "car_lcSigma": 0.4445, "car_lcSpeedGainRight": 1.0959, "car_lcSublane": 0.1281, "car_sigma": 0.5968, "car_tau_mean": 3.4199, "car_tau_std": 1.6139, "car_v_mean": 25.795, "car_v_std": 1.9639}, "datetime": {"datetime": "2024-08-10 14:04:07", "elapsed": 5297.726011, "delta": 4.498331}}
{"target": -0.3063915837952039, "params": {"bus_acc": 3.3101, "bus_dcc": 2.0237, "bus_lcAssertive": 60.6829, "bus_lcCooperative": 0.1126, "bus_lcLookaheadLeft": 99.5502, "bus_lcPushy": 0.8604, "bus_lcSigma": 0.0225, "bus_lcSpeedGainRight": 3.8029, "bus_lcSublane": 0.1494, "bus_sigma": 0.4578, "bus_tau_mean": 3.1006, "bus_tau_std": 6.2565, "bus_v_mean": 18.5074, "bus_v_std": 3.9782, "car_acc": 3.037, "car_dcc": 0.686, "car_lcAssertive": 41.0085, "car_lcCooperative": 0.0518, "car_lcLookaheadLeft": 36.1726, "car_lcPushy": 0.7795, "car_lcSigma": 0.624, "car_lcSpeedGainRight": 3.0762, "car_lcSublane": 0.1878, "car_sigma": 0.7468, "car_tau_mean": 3.2308, "car_tau_std": 7.0823, "car_v_mean": 17.5473, "car_v_std": 17.4539}, "datetime": {"datetime": "2024-08-10 14:04:15", "elapsed": 5305.881394, "delta": 8.155383}}
{"target": -0.34980172214767963, "params": {"bus_acc": 0.5652, "bus_dcc": 2.4698, "bus_lcAssertive": 2.4937, "bus_lcCooperative": 0.0551, "bus_lcLookaheadLeft": 73.414, "bus_lcPushy": 0.8111, "bus_lcSigma": 0.479, "bus_lcSpeedGainRight": 3.268, "bus_lcSublane": 0.8583, "bus_sigma": 0.5005, "bus_tau_mean": 1.9339, "bus_tau_std": 4.3145, "bus_v_mean": 21.3033, "bus_v_std": 7.3254, "car_acc": 3.5087, "car_dcc": 0.7388, "car_lcAssertive": 34.7089, "car_lcCooperative": 0.5656, "car_lcLookaheadLeft": 54.4097, "car_lcPushy": 0.2568, "car_lcSigma": 0.9073, "car_lcSpeedGainRight": 0.6316, "car_lcSublane": 0.3445, "car_sigma": 0.3516, "car_tau_mean": 2.6541, "car_tau_std": 5.3787, "car_v_mean": 10.3053, "car_v_std": 19.738}, "datetime": {"datetime": "2024-08-10 14:04:25", "elapsed": 5315.293423, "delta": 9.412029}}
{"target": -0.8659475674317001, "params": {"bus_acc": 2.4423, "bus_dcc": 2.2421, "bus_lcAssertive": 72.845, "bus_lcCooperative": 0.9485, "bus_lcLookaheadLeft": 88.409, "bus_lcPushy": 0.8211, "bus_lcSigma": 0.735, "bus_lcSpeedGainRight": 2.5595, "bus_lcSublane": 0.4191, "bus_sigma": 0.1341, "bus_tau_mean": 3.3658, "bus_tau_std": 5.0559, "bus_v_mean": 21.2477, "bus_v_std": 13.6226, "car_acc": 0.3613, "car_dcc": 3.4314, "car_lcAssertive": 24.0147, "car_lcCooperative": 0.9694, "car_lcLookaheadLeft": 62.7263, "car_lcPushy": 0.5889, "car_lcSigma": 0.5644, "car_lcSpeedGainRight": 3.1954, "car_lcSublane": 0.747, "car_sigma": 0.5239, "car_tau_mean": 2.8778, "car_tau_std": 8.8921, "car_v_mean": 17.1232, "car_v_std": 15.234}, "datetime": {"datetime": "2024-08-10 14:04:29", "elapsed": 5319.434311, "delta": 4.140888}}
{"target": -0.37817895355986436, "params": {"bus_acc": 1.7995, "bus_dcc": 1.9302, "bus_lcAssertive": 73.844, "bus_lcCooperative": 0.9621, "bus_lcLookaheadLeft": 9.4394, "bus_lcPushy": 0.8466, "bus_lcSigma": 0.6162, "bus_lcSpeedGainRight": 1.4942, "bus_lcSublane": 0.2607, "bus_sigma": 0.378, "bus_tau_mean": 3.7159, "bus_tau_std": 3.64, "bus_v_mean": 23.1104, "bus_v_std": 7.1769, "car_acc": 1.7839, "car_dcc": 3.0545, "car_lcAssertive": 65.3463, "car_lcCooperative": 0.2837, "car_lcLookaheadLeft": 23.7435, "car_lcPushy": 0.1628, "car_lcSigma": 0.9462, "car_lcSpeedGainRight": 3.462, "car_lcSublane": 0.8397, "car_sigma": 0.9398, "car_tau_mean": 3.9706, "car_tau_std": 1.8759, "car_v_mean": 16.3697, "car_v_std": 12.5961}, "datetime": {"datetime": "2024-08-10 14:04:36", "elapsed": 5326.364559, "delta": 6.930248}}
{"target": -0.289627402165883, "params": {"bus_acc": 2.5633, "bus_dcc": 2.1188, "bus_lcAssertive": 28.6514, "bus_lcCooperative": 0.8091, "bus_lcLookaheadLeft": 2.1746, "bus_lcPushy": 0.7155, "bus_lcSigma": 0.1567, "bus_lcSpeedGainRight": 0.5673, "bus_lcSublane": 0.7442, "bus_sigma": 0.7355, "bus_tau_mean": 3.3165, "bus_tau_std": 8.0494, "bus_v_mean": 20.7965, "bus_v_std": 9.0382, "car_acc": 2.96, "car_dcc": 1.0689, "car_lcAssertive": 13.1006, "car_lcCooperative": 0.1209, "car_lcLookaheadLeft": 43.2221, "car_lcPushy": 0.717, "car_lcSigma": 0.6252, "car_lcSpeedGainRight": 3.7023, "car_lcSublane": 0.0128, "car_sigma": 0.3678, "car_tau_mean": 1.7077, "car_tau_std": 0.1679, "car_v_mean": 17.2682, "car_v_std": 18.5018}, "datetime": {"datetime": "2024-08-10 14:04:43", "elapsed": 5333.572857, "delta": 7.208298}}
{"target": -0.3749249931290805, "params": {"bus_acc": 2.071, "bus_dcc": 3.2936, "bus_lcAssertive": 66.6011, "bus_lcCooperative": 0.8336, "bus_lcLookaheadLeft": 89.7286, "bus_lcPushy": 0.1984, "bus_lcSigma": 0.1309, "bus_lcSpeedGainRight": 3.6436, "bus_lcSublane": 0.8039, "bus_sigma": 0.4707, "bus_tau_mean": 2.8765, "bus_tau_std": 9.2783, "bus_v_mean": 22.5545, "bus_v_std": 3.5433, "car_acc": 1.1791, "car_dcc": 2.4294, "car_lcAssertive": 98.929, "car_lcCooperative": 0.7982, "car_lcLookaheadLeft": 17.1309, "car_lcPushy": 0.6515, "car_lcSigma": 0.0297, "car_lcSpeedGainRight": 0.5975, "car_lcSublane": 0.9769, "car_sigma": 0.727, "car_tau_mean": 3.2363, "car_tau_std": 7.377, "car_v_mean": 17.3996, "car_v_std": 10.5368}, "datetime": {"datetime": "2024-08-10 14:04:47", "elapsed": 5337.221733, "delta": 3.648876}}
{"target": -0.47829026730007324, "params": {"bus_acc": 0.2109, "bus_dcc": 0.4162, "bus_lcAssertive": 30.1121, "bus_lcCooperative": 0.7301, "bus_lcLookaheadLeft": 54.3304, "bus_lcPushy": 0.112, "bus_lcSigma": 0.6741, "bus_lcSpeedGainRight": 1.9367, "bus_lcSublane": 0.2047, "bus_sigma": 0.4851, "bus_tau_mean": 3.1263, "bus_tau_std": 4.4136, "bus_v_mean": 9.3334, "bus_v_std": 11.7824, "car_acc": 3.8722, "car_dcc": 3.2971, "car_lcAssertive": 46.032, "car_lcCooperative": 0.1857, "car_lcLookaheadLeft": 72.4586, "car_lcPushy": 0.7922, "car_lcSigma": 0.3885, "car_lcSpeedGainRight": 4.3234, "car_lcSublane": 0.567, "car_sigma": 0.085, "car_tau_mean": 1.1225, "car_tau_std": 8.4232, "car_v_mean": 10.6107, "car_v_std": 11.8302}, "datetime": {"datetime": "2024-08-10 14:04:51", "elapsed": 5341.591959, "delta": 4.370226}}
{"target": -0.37061186593943396, "params": {"bus_acc": 1.4422, "bus_dcc": 3.478, "bus_lcAssertive": 4.8178, "bus_lcCooperative": 0.6603, "bus_lcLookaheadLeft": 80.0057, "bus_lcPushy": 0.7247, "bus_lcSigma": 0.3777, "bus_lcSpeedGainRight": 4.6294, "bus_lcSublane": 0.3201, "bus_sigma": 0.4216, "bus_tau_mean": 3.7981, "bus_tau_std": 3.6482, "bus_v_mean": 14.2812, "bus_v_std": 15.0516, "car_acc": 1.6895, "car_dcc": 1.2674, "car_lcAssertive": 37.8464, "car_lcCooperative": 0.4408, "car_lcLookaheadLeft": 52.7905, "car_lcPushy": 0.8224, "car_lcSigma": 0.3641, "car_lcSpeedGainRight": 0.3807, "car_lcSublane": 0.1002, "car_sigma": 0.233, "car_tau_mean": 2.1887, "car_tau_std": 7.7834, "car_v_mean": 25.259, "car_v_std": 0.926}, "datetime": {"datetime": "2024-08-10 14:04:55", "elapsed": 5345.298534, "delta": 3.706575}}
{"target": -0.21998826343847347, "params": {"bus_acc": 0.976, "bus_dcc": 0.2411, "bus_lcAssertive": 16.1729, "bus_lcCooperative": 0.126, "bus_lcLookaheadLeft": 68.3702, "bus_lcPushy": 0.3482, "bus_lcSigma": 0.929, "bus_lcSpeedGainRight": 3.9755, "bus_lcSublane": 0.8232, "bus_sigma": 0.8163, "bus_tau_mean": 3.1453, "bus_tau_std": 8.8254, "bus_v_mean": 9.8252, "bus_v_std": 8.4717, "car_acc": 1.0127, "car_dcc": 0.3575, "car_lcAssertive": 35.7833, "car_lcCooperative": 0.9318, "car_lcLookaheadLeft": 34.4763, "car_lcPushy": 0.0932, "car_lcSigma": 0.7148, "car_lcSpeedGainRight": 0.5478, "car_lcSublane": 0.5475, "car_sigma": 0.0068, "car_tau_mean": 3.1935, "car_tau_std": 8.8817, "car_v_mean": 19.034, "car_v_std": 3.0494}, "datetime": {"datetime": "2024-08-10 14:05:00", "elapsed": 5350.422518, "delta": 5.123984}}
{"target": -0.29996140046381453, "params": {"bus_acc": 3.5947, "bus_dcc": 3.7953, "bus_lcAssertive": 62.1263, "bus_lcCooperative": 0.8065, "bus_lcLookaheadLeft": 67.2777, "bus_lcPushy": 0.7358, "bus_lcSigma": 0.3966, "bus_lcSpeedGainRight": 3.6507, "bus_lcSublane": 0.9254, "bus_sigma": 0.5575, "bus_tau_mean": 3.8219, "bus_tau_std": 1.4003, "bus_v_mean": 13.3657, "bus_v_std": 9.9978, "car_acc": 3.91, "car_dcc": 2.7545, "car_lcAssertive": 12.7644, "car_lcCooperative": 0.3154, "car_lcLookaheadLeft": 64.9484, "car_lcPushy": 0.5316, "car_lcSigma": 0.2539, "car_lcSpeedGainRight": 2.6312, "car_lcSublane": 0.2459, "car_sigma": 0.1587, "car_tau_mean": 3.9492, "car_tau_std": 2.2017, "car_v_mean": 9.979, "car_v_std": 14.8305}, "datetime": {"datetime": "2024-08-10 14:05:10", "elapsed": 5360.662306, "delta": 10.239788}}
{"target": -0.29988193905181365, "params": {"bus_acc": 3.8766, "bus_dcc": 0.7905, "bus_lcAssertive": 92.1025, "bus_lcCooperative": 0.7658, "bus_lcLookaheadLeft": 37.1854, "bus_lcPushy": 0.0831, "bus_lcSigma": 0.2615, "bus_lcSpeedGainRight": 2.8711, "bus_lcSublane": 0.3988, "bus_sigma": 0.1956, "bus_tau_mean": 1.6581, "bus_tau_std": 1.9367, "bus_v_mean": 19.0748, "bus_v_std": 4.8995, "car_acc": 2.2915, "car_dcc": 0.6598, "car_lcAssertive": 25.3614, "car_lcCooperative": 0.283, "car_lcLookaheadLeft": 53.7738, "car_lcPushy": 0.7966, "car_lcSigma": 0.4104, "car_lcSpeedGainRight": 4.5386, "car_lcSublane": 0.5984, "car_sigma": 0.5117, "car_tau_mean": 1.188, "car_tau_std": 4.7993, "car_v_mean": 24.6635, "car_v_std": 7.7099}, "datetime": {"datetime": "2024-08-10 14:05:16", "elapsed": 5366.466815, "delta": 5.804509}}
{"target": -0.32959112626196146, "params": {"bus_acc": 3.9623, "bus_dcc": 1.4938, "bus_lcAssertive": 35.3486, "bus_lcCooperative": 0.964, "bus_lcLookaheadLeft": 11.3527, "bus_lcPushy": 0.8282, "bus_lcSigma": 0.2855, "bus_lcSpeedGainRight": 0.8706, "bus_lcSublane": 0.8346, "bus_sigma": 0.4995, "bus_tau_mean": 2.7317, "bus_tau_std": 9.7959, "bus_v_mean": 11.7825, "bus_v_std": 3.405, "car_acc": 2.2914, "car_dcc": 3.1614, "car_lcAssertive": 51.7883, "car_lcCooperative": 0.6249, "car_lcLookaheadLeft": 17.4519, "car_lcPushy": 0.8785, "car_lcSigma": 0.8416, "car_lcSpeedGainRight": 2.0268, "car_lcSublane": 0.936, "car_sigma": 0.7492, "car_tau_mean": 2.8851, "car_tau_std": 3.8369, "car_v_mean": 23.0119, "car_v_std": 19.142}, "datetime": {"datetime": "2024-08-10 14:05:20", "elapsed": 5371.046697, "delta": 4.579882}}
{"target": -0.42311339690594924, "params": {"bus_acc": 1.2538, "bus_dcc": 2.2729, "bus_lcAssertive": 61.2751, "bus_lcCooperative": 0.0915, "bus_lcLookaheadLeft": 20.9646, "bus_lcPushy": 0.0264, "bus_lcSigma": 0.8327, "bus_lcSpeedGainRight": 3.5152, "bus_lcSublane": 0.4592, "bus_sigma": 0.8292, "bus_tau_mean": 2.361, "bus_tau_std": 0.5496, "bus_v_mean": 20.5899, "bus_v_std": 5.5863, "car_acc": 0.9808, "car_dcc": 2.2787, "car_lcAssertive": 24.5216, "car_lcCooperative": 0.7432, "car_lcLookaheadLeft": 38.363, "car_lcPushy": 0.2774, "car_lcSigma": 0.469, "car_lcSpeedGainRight": 2.8141, "car_lcSublane": 0.9536, "car_sigma": 0.7062, "car_tau_mean": 3.884, "car_tau_std": 1.8968, "car_v_mean": 17.872, "car_v_std": 7.5935}, "datetime": {"datetime": "2024-08-10 14:05:26", "elapsed": 5376.903494, "delta": 5.856797}}
{"target": -0.35888788213539474, "params": {"bus_acc": 3.7984, "bus_dcc": 1.5741, "bus_lcAssertive": 92.541, "bus_lcCooperative": 0.1299, "bus_lcLookaheadLeft": 18.2204, "bus_lcPushy": 0.9562, "bus_lcSigma": 0.7708, "bus_lcSpeedGainRight": 3.487, "bus_lcSublane": 0.242, "bus_sigma": 0.5645, "bus_tau_mean": 3.287, "bus_tau_std": 4.2719, "bus_v_mean": 18.6563, "bus_v_std": 3.2355, "car_acc": 0.6986, "car_dcc": 0.2694, "car_lcAssertive": 6.9021, "car_lcCooperative": 0.8059, "car_lcLookaheadLeft": 19.8566, "car_lcPushy": 0.5651, "car_lcSigma": 0.0568, "car_lcSpeedGainRight": 3.7304, "car_lcSublane": 0.6038, "car_sigma": 0.3032, "car_tau_mean": 1.1735, "car_tau_std": 1.2691, "car_v_mean": 9.8846, "car_v_std": 13.4346}, "datetime": {"datetime": "2024-08-10 14:05:32", "elapsed": 5383.006096, "delta": 6.102602}}
{"target": -0.4652048058028999, "params": {"bus_acc": 2.0134, "bus_dcc": 2.0369, "bus_lcAssertive": 70.8147, "bus_lcCooperative": 0.6207, "bus_lcLookaheadLeft": 12.3447, "bus_lcPushy": 0.8736, "bus_lcSigma": 0.7689, "bus_lcSpeedGainRight": 2.1314, "bus_lcSublane": 0.0951, "bus_sigma": 0.546, "bus_tau_mean": 1.0552, "bus_tau_std": 5.6715, "bus_v_mean": 23.7663, "bus_v_std": 7.652, "car_acc": 2.7019, "car_dcc": 1.9499, "car_lcAssertive": 70.0872, "car_lcCooperative": 0.2704, "car_lcLookaheadLeft": 20.5499, "car_lcPushy": 0.6716, "car_lcSigma": 0.1572, "car_lcSpeedGainRight": 3.6588, "car_lcSublane": 0.3645, "car_sigma": 0.1264, "car_tau_mean": 0.5195, "car_tau_std": 1.319, "car_v_mean": 18.4666, "car_v_std": 2.8202}, "datetime": {"datetime": "2024-08-10 14:05:36", "elapsed": 5386.450222, "delta": 3.444126}}
{"target": -0.35191132755980575, "params": {"bus_acc": 2.9716, "bus_dcc": 1.3649, "bus_lcAssertive": 93.4069, "bus_lcCooperative": 0.3263, "bus_lcLookaheadLeft": 52.7127, "bus_lcPushy": 0.5399, "bus_lcSigma": 0.7238, "bus_lcSpeedGainRight": 2.8809, "bus_lcSublane": 0.5143, "bus_sigma": 0.9733, "bus_tau_mean": 3.7341, "bus_tau_std": 1.9444, "bus_v_mean": 18.6376, "bus_v_std": 6.2949, "car_acc": 3.0206, "car_dcc": 1.1073, "car_lcAssertive": 18.5821, "car_lcCooperative": 0.4049, "car_lcLookaheadLeft": 52.7153, "car_lcPushy": 0.0062, "car_lcSigma": 0.0811, "car_lcSpeedGainRight": 0.0735, "car_lcSublane": 0.7386, "car_sigma": 0.7746, "car_tau_mean": 1.5148, "car_tau_std": 5.5202, "car_v_mean": 8.635, "car_v_std": 4.5901}, "datetime": {"datetime": "2024-08-10 14:05:39", "elapsed": 5389.801068, "delta": 3.350846}}
{"target": -0.4931950814294639, "params": {"bus_acc": 3.2054, "bus_dcc": 0.5739, "bus_lcAssertive": 27.8566, "bus_lcCooperative": 0.8578, "bus_lcLookaheadLeft": 21.2782, "bus_lcPushy": 0.8098, "bus_lcSigma": 0.3314, "bus_lcSpeedGainRight": 2.5537, "bus_lcSublane": 0.8029, "bus_sigma": 0.2502, "bus_tau_mean": 2.8945, "bus_tau_std": 3.6133, "bus_v_mean": 11.497, "bus_v_std": 4.06, "car_acc": 3.6333, "car_dcc": 0.4713, "car_lcAssertive": 42.4563, "car_lcCooperative": 0.8244, "car_lcLookaheadLeft": 44.8444, "car_lcPushy": 0.9407, "car_lcSigma": 0.2525, "car_lcSpeedGainRight": 2.4452, "car_lcSublane": 0.6949, "car_sigma": 0.1214, "car_tau_mean": 3.4386, "car_tau_std": 5.7009, "car_v_mean": 24.6579, "car_v_std": 2.9278}, "datetime": {"datetime": "2024-08-10 14:05:43", "elapsed": 5393.526515, "delta": 3.725447}}
{"target": -0.8409529816228826, "params": {"bus_acc": 1.5527, "bus_dcc": 0.3975, "bus_lcAssertive": 41.5968, "bus_lcCooperative": 0.5807, "bus_lcLookaheadLeft": 42.6574, "bus_lcPushy": 0.9281, "bus_lcSigma": 0.8337, "bus_lcSpeedGainRight": 2.5369, "bus_lcSublane": 0.7964, "bus_sigma": 0.8358, "bus_tau_mean": 2.3885, "bus_tau_std": 6.6145, "bus_v_mean": 22.571, "bus_v_std": 19.0035, "car_acc": 0.3134, "car_dcc": 3.6975, "car_lcAssertive": 7.8894, "car_lcCooperative": 0.3306, "car_lcLookaheadLeft": 57.9504, "car_lcPushy": 0.1524, "car_lcSigma": 0.4392, "car_lcSpeedGainRight": 1.4904, "car_lcSublane": 0.655, "car_sigma": 0.8519, "car_tau_mean": 3.0294, "car_tau_std": 2.5451, "car_v_mean": 8.0841, "car_v_std": 9.2836}, "datetime": {"datetime": "2024-08-10 14:05:51", "elapsed": 5401.149473, "delta": 7.622958}}
{"target": -0.9838390998949386, "params": {"bus_acc": 1.3881, "bus_dcc": 2.1065, "bus_lcAssertive": 44.4363, "bus_lcCooperative": 0.3005, "bus_lcLookaheadLeft": 76.0008, "bus_lcPushy": 0.1444, "bus_lcSigma": 0.1675, "bus_lcSpeedGainRight": 1.7129, "bus_lcSublane": 0.0066, "bus_sigma": 0.2521, "bus_tau_mean": 1.0385, "bus_tau_std": 3.649, "bus_v_mean": 22.2711, "bus_v_std": 9.9258, "car_acc": 0.221, "car_dcc": 0.9818, "car_lcAssertive": 22.9389, "car_lcCooperative": 0.9956, "car_lcLookaheadLeft": 7.9135, "car_lcPushy": 0.6607, "car_lcSigma": 0.2541, "car_lcSpeedGainRight": 0.0679, "car_lcSublane": 0.9444, "car_sigma": 0.9506, "car_tau_mean": 3.3627, "car_tau_std": 9.7096, "car_v_mean": 9.2646, "car_v_std": 3.5739}, "datetime": {"datetime": "2024-08-10 14:06:01", "elapsed": 5411.86849, "delta": 10.719017}}
{"target": -0.7538852574315881, "params": {"bus_acc": 1.3589, "bus_dcc": 0.2994, "bus_lcAssertive": 79.4566, "bus_lcCooperative": 0.6196, "bus_lcLookaheadLeft": 47.6556, "bus_lcPushy": 0.9588, "bus_lcSigma": 0.9341, "bus_lcSpeedGainRight": 0.4519, "bus_lcSublane": 0.8319, "bus_sigma": 0.8911, "bus_tau_mean": 3.4222, "bus_tau_std": 6.0673, "bus_v_mean": 18.5676, "bus_v_std": 17.5766, "car_acc": 0.2792, "car_dcc": 1.3527, "car_lcAssertive": 98.3332, "car_lcCooperative": 0.8487, "car_lcLookaheadLeft": 81.6411, "car_lcPushy": 0.3209, "car_lcSigma": 0.3071, "car_lcSpeedGainRight": 4.5616, "car_lcSublane": 0.1081, "car_sigma": 0.0331, "car_tau_mean": 2.2905, "car_tau_std": 4.3073, "car_v_mean": 10.4228, "car_v_std": 15.0724}, "datetime": {"datetime": "2024-08-10 14:06:08", "elapsed": 5418.628181, "delta": 6.759691}}
