{"target": -0.484400549804523, "params": {"bus_acc": 3.0247, "bus_dcc": 2.2455, "bus_lcAssertive": 96.4226, "bus_lcCooperative": 0.9896, "bus_lcLookaheadLeft": 86.8293, "bus_lcPushy": 0.8846, "bus_lcSigma": 0.2623, "bus_lcSpeedGainRight": 4.1655, "bus_lcSublane": 0.1026, "bus_sigma": 0.1372, "bus_tau_mean": 0.8181, "bus_tau_std": 9.5823, "bus_v_mean": 15.7978, "bus_v_std": 10.1325, "car_acc": 0.8995, "car_dcc": 3.7183, "car_lcAssertive": 59.0648, "car_lcCooperative": 0.2463, "car_lcLookaheadLeft": 82.2879, "car_lcPushy": 0.6737, "car_lcSigma": 0.7229, "car_lcSpeedGainRight": 1.7454, "car_lcSublane": 0.7809, "car_sigma": 0.9766, "car_tau_mean": 1.0336, "car_tau_std": 4.7876, "car_v_mean": 16.7159, "car_v_std": 18.6096}, "datetime": {"datetime": "2024-08-10 15:53:06", "elapsed": 11836.794275, "delta": 11.212618}}
{"target": -0.305764751524881, "params": {"bus_acc": 1.3352, "bus_dcc": 0.6608, "bus_lcAssertive": 9.4659, "bus_lcCooperative": 0.9504, "bus_lcLookaheadLeft": 35.3043, "bus_lcPushy": 0.3526, "bus_lcSigma": 0.6932, "bus_lcSpeedGainRight": 1.2723, "bus_lcSublane": 0.5255, "bus_sigma": 0.1511, "bus_tau_mean": 2.2171, "bus_tau_std": 8.4747, "bus_v_mean": 8.0482, "bus_v_std": 2.0036, "car_acc": 2.4751, "car_dcc": 3.134, "car_lcAssertive": 19.3133, "car_lcCooperative": 0.6927, "car_lcLookaheadLeft": 36.6973, "car_lcPushy": 0.1507, "car_lcSigma": 0.0194, "car_lcSpeedGainRight": 1.2443, "car_lcSublane": 0.7348, "car_sigma": 0.9612, "car_tau_mean": 3.1313, "car_tau_std": 0.6115, "car_v_mean": 24.9129, "car_v_std": 15.7832}, "datetime": {"datetime": "2024-08-10 15:53:18", "elapsed": 11848.522362, "delta": 11.728087}}
{"target": -0.3141973869321667, "params": {"bus_acc": 1.1029, "bus_dcc": 3.0874, "bus_lcAssertive": 94.2883, "bus_lcCooperative": 0.8928, "bus_lcLookaheadLeft": 20.335, "bus_lcPushy": 0.2096, "bus_lcSigma": 0.3706, "bus_lcSpeedGainRight": 4.4213, "bus_lcSublane": 0.757, "bus_sigma": 0.4623, "bus_tau_mean": 2.0381, "bus_tau_std": 9.4355, "bus_v_mean": 15.801, "bus_v_std": 0.7729, "car_acc": 1.8783, "car_dcc": 0.8407, "car_lcAssertive": 89.2739, "car_lcCooperative": 0.7513, "car_lcLookaheadLeft": 86.0199, "car_lcPushy": 0.2364, "car_lcSigma": 0.6529, "car_lcSpeedGainRight": 4.8533, "car_lcSublane": 0.802, "car_sigma": 0.8641, "car_tau_mean": 2.6912, "car_tau_std": 1.5132, "car_v_mean": 20.5537, "car_v_std": 17.1454}, "datetime": {"datetime": "2024-08-10 15:53:28", "elapsed": 11858.394482, "delta": 9.87212}}
{"target": -0.30256793219301165, "params": {"bus_acc": 1.4421, "bus_dcc": 1.2535, "bus_lcAssertive": 32.3993, "bus_lcCooperative": 0.2346, "bus_lcLookaheadLeft": 76.0227, "bus_lcPushy": 0.417, "bus_lcSigma": 0.9053, "bus_lcSpeedGainRight": 0.4151, "bus_lcSublane": 0.8997, "bus_sigma": 0.9932, "bus_tau_mean": 2.1671, "bus_tau_std": 7.8604, "bus_v_mean": 23.798, "bus_v_std": 8.6363, "car_acc": 3.5975, "car_dcc": 2.5458, "car_lcAssertive": 20.2697, "car_lcCooperative": 0.0786, "car_lcLookaheadLeft": 98.4159, "car_lcPushy": 0.0607, "car_lcSigma": 0.0732, "car_lcSpeedGainRight": 3.3051, "car_lcSublane": 0.9988, "car_sigma": 0.601, "car_tau_mean": 1.9103, "car_tau_std": 7.0774, "car_v_mean": 11.67, "car_v_std": 6.8279}, "datetime": {"datetime": "2024-08-10 15:53:34", "elapsed": 11864.514198, "delta": 6.119716}}
{"target": -0.32182010422967383, "params": {"bus_acc": 1.714, "bus_dcc": 2.1359, "bus_lcAssertive": 67.8493, "bus_lcCooperative": 0.9953, "bus_lcLookaheadLeft": 7.4938, "bus_lcPushy": 0.6979, "bus_lcSigma": 0.0594, "bus_lcSpeedGainRight": 3.9439, "bus_lcSublane": 0.1513, "bus_sigma": 0.8343, "bus_tau_mean": 3.2819, "bus_tau_std": 6.0587, "bus_v_mean": 9.9884, "bus_v_std": 15.5251, "car_acc": 2.5378, "car_dcc": 0.3159, "car_lcAssertive": 90.0404, "car_lcCooperative": 0.2987, "car_lcLookaheadLeft": 3.2517, "car_lcPushy": 0.1525, "car_lcSigma": 0.3119, "car_lcSpeedGainRight": 0.8966, "car_lcSublane": 0.4338, "car_sigma": 0.6743, "car_tau_mean": 0.5147, "car_tau_std": 2.3459, "car_v_mean": 13.6296, "car_v_std": 15.9484}, "datetime": {"datetime": "2024-08-10 15:53:39", "elapsed": 11870.063773, "delta": 5.549575}}
{"target": -0.4223643983812249, "params": {"bus_acc": 3.8122, "bus_dcc": 3.4334, "bus_lcAssertive": 66.1045, "bus_lcCooperative": 0.458, "bus_lcLookaheadLeft": 77.0333, "bus_lcPushy": 0.9577, "bus_lcSigma": 0.5523, "bus_lcSpeedGainRight": 1.7691, "bus_lcSublane": 0.8256, "bus_sigma": 0.8097, "bus_tau_mean": 1.4634, "bus_tau_std": 9.7871, "bus_v_mean": 18.1753, "bus_v_std": 17.8574, "car_acc": 1.2521, "car_dcc": 2.9765, "car_lcAssertive": 88.5031, "car_lcCooperative": 0.5786, "car_lcLookaheadLeft": 18.4462, "car_lcPushy": 0.839, "car_lcSigma": 0.4216, "car_lcSpeedGainRight": 2.1531, "car_lcSublane": 0.0373, "car_sigma": 0.9362, "car_tau_mean": 3.3321, "car_tau_std": 0.1013, "car_v_mean": 18.2345, "car_v_std": 18.8247}, "datetime": {"datetime": "2024-08-10 15:53:47", "elapsed": 11877.603038, "delta": 7.539265}}
{"target": -0.3437076035991892, "params": {"bus_acc": 3.3092, "bus_dcc": 1.4883, "bus_lcAssertive": 58.1337, "bus_lcCooperative": 0.2225, "bus_lcLookaheadLeft": 57.4359, "bus_lcPushy": 0.1551, "bus_lcSigma": 0.404, "bus_lcSpeedGainRight": 4.6995, "bus_lcSublane": 0.6897, "bus_sigma": 0.209, "bus_tau_mean": 1.9222, "bus_tau_std": 5.1428, "bus_v_mean": 8.3006, "bus_v_std": 16.8257, "car_acc": 2.1627, "car_dcc": 2.8563, "car_lcAssertive": 51.1914, "car_lcCooperative": 0.916, "car_lcLookaheadLeft": 84.7243, "car_lcPushy": 0.6117, "car_lcSigma": 0.1328, "car_lcSpeedGainRight": 2.7806, "car_lcSublane": 0.7945, "car_sigma": 0.3783, "car_tau_mean": 1.6636, "car_tau_std": 3.4687, "car_v_mean": 12.3473, "car_v_std": 12.5049}, "datetime": {"datetime": "2024-08-10 15:53:58", "elapsed": 11888.952524, "delta": 11.349486}}
{"target": -0.33072245734606903, "params": {"bus_acc": 0.8658, "bus_dcc": 0.7398, "bus_lcAssertive": 4.4296, "bus_lcCooperative": 0.974, "bus_lcLookaheadLeft": 64.8141, "bus_lcPushy": 0.331, "bus_lcSigma": 0.9082, "bus_lcSpeedGainRight": 0.2961, "bus_lcSublane": 0.9251, "bus_sigma": 0.9183, "bus_tau_mean": 2.8865, "bus_tau_std": 0.1927, "bus_v_mean": 25.1599, "bus_v_std": 7.0001, "car_acc": 3.1389, "car_dcc": 2.6204, "car_lcAssertive": 46.1024, "car_lcCooperative": 0.109, "car_lcLookaheadLeft": 36.9808, "car_lcPushy": 0.773, "car_lcSigma": 0.636, "car_lcSpeedGainRight": 3.1336, "car_lcSublane": 0.2893, "car_sigma": 0.3825, "car_tau_mean": 0.8204, "car_tau_std": 3.1843, "car_v_mean": 19.6807, "car_v_std": 4.5433}, "datetime": {"datetime": "2024-08-10 15:54:07", "elapsed": 11897.607282, "delta": 8.654758}}
{"target": -0.34546184433877686, "params": {"bus_acc": 1.4845, "bus_dcc": 1.8966, "bus_lcAssertive": 2.7758, "bus_lcCooperative": 0.6719, "bus_lcLookaheadLeft": 58.051, "bus_lcPushy": 0.7288, "bus_lcSigma": 0.5615, "bus_lcSpeedGainRight": 0.0412, "bus_lcSublane": 0.9022, "bus_sigma": 0.6552, "bus_tau_mean": 2.0348, "bus_tau_std": 3.8681, "bus_v_mean": 22.4037, "bus_v_std": 11.6959, "car_acc": 0.8621, "car_dcc": 0.7469, "car_lcAssertive": 11.8692, "car_lcCooperative": 0.52, "car_lcLookaheadLeft": 73.1654, "car_lcPushy": 0.104, "car_lcSigma": 0.0164, "car_lcSpeedGainRight": 3.8194, "car_lcSublane": 0.375, "car_sigma": 0.5384, "car_tau_mean": 3.307, "car_tau_std": 4.8139, "car_v_mean": 10.9704, "car_v_std": 17.5364}, "datetime": {"datetime": "2024-08-10 15:54:16", "elapsed": 11906.237526, "delta": 8.630244}}
{"target": -0.345635530129153, "params": {"bus_acc": 1.2804, "bus_dcc": 1.0011, "bus_lcAssertive": 4.4482, "bus_lcCooperative": 0.4565, "bus_lcLookaheadLeft": 86.1843, "bus_lcPushy": 0.1068, "bus_lcSigma": 0.2896, "bus_lcSpeedGainRight": 1.4801, "bus_lcSublane": 0.9596, "bus_sigma": 0.0156, "bus_tau_mean": 3.3675, "bus_tau_std": 8.0727, "bus_v_mean": 11.5967, "bus_v_std": 19.5961, "car_acc": 2.8624, "car_dcc": 3.2286, "car_lcAssertive": 64.9926, "car_lcCooperative": 0.9261, "car_lcLookaheadLeft": 88.454, "car_lcPushy": 0.4614, "car_lcSigma": 0.381, "car_lcSpeedGainRight": 0.932, "car_lcSublane": 0.2755, "car_sigma": 0.6275, "car_tau_mean": 1.2746, "car_tau_std": 3.8813, "car_v_mean": 22.2821, "car_v_std": 3.4767}, "datetime": {"datetime": "2024-08-10 15:54:22", "elapsed": 11912.175451, "delta": 5.937925}}
{"target": -0.3261336905536675, "params": {"bus_acc": 2.9481, "bus_dcc": 0.921, "bus_lcAssertive": 68.4371, "bus_lcCooperative": 0.2555, "bus_lcLookaheadLeft": 35.6338, "bus_lcPushy": 0.5764, "bus_lcSigma": 0.2229, "bus_lcSpeedGainRight": 1.2351, "bus_lcSublane": 0.5734, "bus_sigma": 0.9705, "bus_tau_mean": 1.1375, "bus_tau_std": 3.4074, "bus_v_mean": 23.3106, "bus_v_std": 4.9012, "car_acc": 1.7561, "car_dcc": 0.2637, "car_lcAssertive": 13.8352, "car_lcCooperative": 0.7913, "car_lcLookaheadLeft": 28.806, "car_lcPushy": 0.6129, "car_lcSigma": 0.519, "car_lcSpeedGainRight": 0.8911, "car_lcSublane": 0.3248, "car_sigma": 0.7583, "car_tau_mean": 3.9005, "car_tau_std": 0.5531, "car_v_mean": 25.1621, "car_v_std": 9.9136}, "datetime": {"datetime": "2024-08-10 15:54:27", "elapsed": 11918.073949, "delta": 5.898498}}
{"target": -0.30101162005030296, "params": {"bus_acc": 0.5613, "bus_dcc": 1.6731, "bus_lcAssertive": 89.7145, "bus_lcCooperative": 0.4215, "bus_lcLookaheadLeft": 18.5659, "bus_lcPushy": 0.2959, "bus_lcSigma": 0.8974, "bus_lcSpeedGainRight": 2.0222, "bus_lcSublane": 0.6129, "bus_sigma": 0.5039, "bus_tau_mean": 2.2223, "bus_tau_std": 3.0346, "bus_v_mean": 25.6994, "bus_v_std": 9.852, "car_acc": 2.9812, "car_dcc": 3.2347, "car_lcAssertive": 88.8936, "car_lcCooperative": 0.5268, "car_lcLookaheadLeft": 27.132, "car_lcPushy": 0.7239, "car_lcSigma": 0.7919, "car_lcSpeedGainRight": 0.6503, "car_lcSublane": 0.9195, "car_sigma": 0.7071, "car_tau_mean": 2.8708, "car_tau_std": 0.5996, "car_v_mean": 8.5123, "car_v_std": 11.2879}, "datetime": {"datetime": "2024-08-10 15:54:33", "elapsed": 11923.735791, "delta": 5.661842}}
{"target": -0.3437214262481829, "params": {"bus_acc": 3.6329, "bus_dcc": 2.2258, "bus_lcAssertive": 61.3077, "bus_lcCooperative": 0.7178, "bus_lcLookaheadLeft": 96.9318, "bus_lcPushy": 0.4561, "bus_lcSigma": 0.3615, "bus_lcSpeedGainRight": 4.4005, "bus_lcSublane": 0.8891, "bus_sigma": 0.5973, "bus_tau_mean": 1.3009, "bus_tau_std": 8.5392, "bus_v_mean": 8.729, "bus_v_std": 7.574, "car_acc": 2.1902, "car_dcc": 3.0039, "car_lcAssertive": 17.1143, "car_lcCooperative": 0.5563, "car_lcLookaheadLeft": 56.614, "car_lcPushy": 0.932, "car_lcSigma": 0.0176, "car_lcSpeedGainRight": 1.0629, "car_lcSublane": 0.9815, "car_sigma": 0.4431, "car_tau_mean": 0.7666, "car_tau_std": 5.8654, "car_v_mean": 8.8705, "car_v_std": 4.5749}, "datetime": {"datetime": "2024-08-10 15:54:40", "elapsed": 11930.7107, "delta": 6.974909}}
{"target": -0.3801933358745444, "params": {"bus_acc": 0.6319, "bus_dcc": 1.1207, "bus_lcAssertive": 62.7662, "bus_lcCooperative": 0.306, "bus_lcLookaheadLeft": 38.0539, "bus_lcPushy": 0.9578, "bus_lcSigma": 0.8313, "bus_lcSpeedGainRight": 4.6636, "bus_lcSublane": 0.24, "bus_sigma": 0.4466, "bus_tau_mean": 3.5702, "bus_tau_std": 5.8612, "bus_v_mean": 16.9775, "bus_v_std": 1.4037, "car_acc": 1.5192, "car_dcc": 2.939, "car_lcAssertive": 93.7733, "car_lcCooperative": 0.5825, "car_lcLookaheadLeft": 26.9556, "car_lcPushy": 0.6221, "car_lcSigma": 0.6039, "car_lcSpeedGainRight": 0.8639, "car_lcSublane": 0.2629, "car_sigma": 0.2814, "car_tau_mean": 2.3793, "car_tau_std": 7.6121, "car_v_mean": 25.7094, "car_v_std": 1.2073}, "datetime": {"datetime": "2024-08-10 15:54:53", "elapsed": 11943.827334, "delta": 13.116634}}
{"target": -0.36454002453852535, "params": {"bus_acc": 3.3619, "bus_dcc": 3.5105, "bus_lcAssertive": 78.0598, "bus_lcCooperative": 0.1433, "bus_lcLookaheadLeft": 38.5477, "bus_lcPushy": 0.2853, "bus_lcSigma": 0.5585, "bus_lcSpeedGainRight": 2.2736, "bus_lcSublane": 0.8406, "bus_sigma": 0.4579, "bus_tau_mean": 2.9419, "bus_tau_std": 5.0119, "bus_v_mean": 24.316, "bus_v_std": 16.8726, "car_acc": 1.8413, "car_dcc": 3.3079, "car_lcAssertive": 39.9749, "car_lcCooperative": 0.8231, "car_lcLookaheadLeft": 86.1498, "car_lcPushy": 0.0671, "car_lcSigma": 0.2813, "car_lcSpeedGainRight": 4.8023, "car_lcSublane": 0.9269, "car_sigma": 0.4929, "car_tau_mean": 1.5882, "car_tau_std": 4.9746, "car_v_mean": 14.1673, "car_v_std": 1.349}, "datetime": {"datetime": "2024-08-10 15:55:02", "elapsed": 11952.311946, "delta": 8.484612}}
{"target": -0.3367625226081245, "params": {"bus_acc": 0.7276, "bus_dcc": 1.7652, "bus_lcAssertive": 97.5379, "bus_lcCooperative": 0.0884, "bus_lcLookaheadLeft": 29.9263, "bus_lcPushy": 0.1305, "bus_lcSigma": 0.6193, "bus_lcSpeedGainRight": 1.0091, "bus_lcSublane": 0.1259, "bus_sigma": 0.5909, "bus_tau_mean": 2.605, "bus_tau_std": 6.5615, "bus_v_mean": 9.935, "bus_v_std": 6.388, "car_acc": 2.9121, "car_dcc": 2.0781, "car_lcAssertive": 79.3712, "car_lcCooperative": 0.5141, "car_lcLookaheadLeft": 73.5359, "car_lcPushy": 0.6701, "car_lcSigma": 0.4082, "car_lcSpeedGainRight": 2.2279, "car_lcSublane": 0.9704, "car_sigma": 0.0814, "car_tau_mean": 1.5611, "car_tau_std": 8.121, "car_v_mean": 23.7059, "car_v_std": 19.9689}, "datetime": {"datetime": "2024-08-10 15:55:12", "elapsed": 11962.198434, "delta": 9.886488}}
{"target": -0.348416987596811, "params": {"bus_acc": 3.3136, "bus_dcc": 1.462, "bus_lcAssertive": 82.8085, "bus_lcCooperative": 0.4087, "bus_lcLookaheadLeft": 46.2013, "bus_lcPushy": 0.8297, "bus_lcSigma": 0.3543, "bus_lcSpeedGainRight": 4.3524, "bus_lcSublane": 0.9334, "bus_sigma": 0.5669, "bus_tau_mean": 3.8017, "bus_tau_std": 5.0294, "bus_v_mean": 15.1399, "bus_v_std": 3.7111, "car_acc": 3.3626, "car_dcc": 3.6638, "car_lcAssertive": 5.4769, "car_lcCooperative": 0.0335, "car_lcLookaheadLeft": 87.1469, "car_lcPushy": 0.2518, "car_lcSigma": 0.9875, "car_lcSpeedGainRight": 4.1711, "car_lcSublane": 0.7826, "car_sigma": 0.8994, "car_tau_mean": 1.5954, "car_tau_std": 9.8312, "car_v_mean": 17.6463, "car_v_std": 2.4603}, "datetime": {"datetime": "2024-08-10 15:55:25", "elapsed": 11975.700293, "delta": 13.501859}}
{"target": -0.29026873515514334, "params": {"bus_acc": 1.8116, "bus_dcc": 0.8628, "bus_lcAssertive": 73.413, "bus_lcCooperative": 0.1963, "bus_lcLookaheadLeft": 14.6149, "bus_lcPushy": 0.3924, "bus_lcSigma": 0.9531, "bus_lcSpeedGainRight": 1.2971, "bus_lcSublane": 0.153, "bus_sigma": 0.307, "bus_tau_mean": 0.5927, "bus_tau_std": 2.8937, "bus_v_mean": 18.4204, "bus_v_std": 0.9815, "car_acc": 2.8701, "car_dcc": 0.5638, "car_lcAssertive": 17.8558, "car_lcCooperative": 0.642, "car_lcLookaheadLeft": 74.7341, "car_lcPushy": 0.0572, "car_lcSigma": 0.6134, "car_lcSpeedGainRight": 2.1517, "car_lcSublane": 0.9272, "car_sigma": 0.1993, "car_tau_mean": 3.1074, "car_tau_std": 6.8671, "car_v_mean": 10.7142, "car_v_std": 1.4808}, "datetime": {"datetime": "2024-08-10 15:55:31", "elapsed": 11981.681755, "delta": 5.981462}}
{"target": -0.351026981803096, "params": {"bus_acc": 1.8115, "bus_dcc": 1.5475, "bus_lcAssertive": 95.5855, "bus_lcCooperative": 0.1464, "bus_lcLookaheadLeft": 18.8433, "bus_lcPushy": 0.9075, "bus_lcSigma": 0.9544, "bus_lcSpeedGainRight": 4.0338, "bus_lcSublane": 0.5364, "bus_sigma": 0.9174, "bus_tau_mean": 2.2377, "bus_tau_std": 5.7239, "bus_v_mean": 9.0957, "bus_v_std": 5.8642, "car_acc": 0.7431, "car_dcc": 0.5926, "car_lcAssertive": 5.9023, "car_lcCooperative": 0.0717, "car_lcLookaheadLeft": 18.2354, "car_lcPushy": 0.1667, "car_lcSigma": 0.4444, "car_lcSpeedGainRight": 4.8132, "car_lcSublane": 0.021, "car_sigma": 0.8359, "car_tau_mean": 2.1655, "car_tau_std": 1.4788, "car_v_mean": 17.0362, "car_v_std": 9.8773}, "datetime": {"datetime": "2024-08-10 15:55:45", "elapsed": 11995.568188, "delta": 13.886433}}
{"target": -0.31464269960010305, "params": {"bus_acc": 0.9804, "bus_dcc": 2.6551, "bus_lcAssertive": 87.8095, "bus_lcCooperative": 0.6626, "bus_lcLookaheadLeft": 28.8217, "bus_lcPushy": 0.5752, "bus_lcSigma": 0.2705, "bus_lcSpeedGainRight": 1.0709, "bus_lcSublane": 0.679, "bus_sigma": 0.6371, "bus_tau_mean": 1.518, "bus_tau_std": 3.4038, "bus_v_mean": 23.1994, "bus_v_std": 0.0128, "car_acc": 3.0391, "car_dcc": 0.5852, "car_lcAssertive": 34.4258, "car_lcCooperative": 0.6433, "car_lcLookaheadLeft": 78.3135, "car_lcPushy": 0.3809, "car_lcSigma": 0.8836, "car_lcSpeedGainRight": 3.7287, "car_lcSublane": 0.8743, "car_sigma": 0.3789, "car_tau_mean": 3.4413, "car_tau_std": 5.6884, "car_v_mean": 20.3599, "car_v_std": 5.8118}, "datetime": {"datetime": "2024-08-10 15:55:52", "elapsed": 12002.538419, "delta": 6.970231}}
{"target": -0.35267748345348043, "params": {"bus_acc": 2.3848, "bus_dcc": 1.2016, "bus_lcAssertive": 1.2577, "bus_lcCooperative": 0.8069, "bus_lcLookaheadLeft": 65.6524, "bus_lcPushy": 0.4481, "bus_lcSigma": 0.2895, "bus_lcSpeedGainRight": 1.268, "bus_lcSublane": 0.2212, "bus_sigma": 0.6268, "bus_tau_mean": 3.3254, "bus_tau_std": 5.5996, "bus_v_mean": 22.2735, "bus_v_std": 4.8708, "car_acc": 3.8401, "car_dcc": 2.4617, "car_lcAssertive": 69.4339, "car_lcCooperative": 0.9209, "car_lcLookaheadLeft": 17.7289, "car_lcPushy": 0.5086, "car_lcSigma": 0.3982, "car_lcSpeedGainRight": 1.8031, "car_lcSublane": 0.8941, "car_sigma": 0.9439, "car_tau_mean": 2.7283, "car_tau_std": 3.6681, "car_v_mean": 20.5829, "car_v_std": 14.0836}, "datetime": {"datetime": "2024-08-10 15:56:03", "elapsed": 12013.931438, "delta": 11.393019}}
{"target": -0.31596560917523947, "params": {"bus_acc": 2.4481, "bus_dcc": 1.5603, "bus_lcAssertive": 94.3091, "bus_lcCooperative": 0.873, "bus_lcLookaheadLeft": 39.5072, "bus_lcPushy": 0.335, "bus_lcSigma": 0.4406, "bus_lcSpeedGainRight": 0.1002, "bus_lcSublane": 0.2932, "bus_sigma": 0.2888, "bus_tau_mean": 2.5589, "bus_tau_std": 2.768, "bus_v_mean": 10.2659, "bus_v_std": 16.1604, "car_acc": 1.3862, "car_dcc": 0.5574, "car_lcAssertive": 36.011, "car_lcCooperative": 0.4085, "car_lcLookaheadLeft": 45.2876, "car_lcPushy": 0.7155, "car_lcSigma": 0.1522, "car_lcSpeedGainRight": 4.7002, "car_lcSublane": 0.1012, "car_sigma": 0.2675, "car_tau_mean": 1.747, "car_tau_std": 0.1725, "car_v_mean": 11.6752, "car_v_std": 18.108}, "datetime": {"datetime": "2024-08-10 15:56:15", "elapsed": 12025.864027, "delta": 11.932589}}
{"target": -0.30216858787585993, "params": {"bus_acc": 1.2419, "bus_dcc": 1.2721, "bus_lcAssertive": 80.3484, "bus_lcCooperative": 0.6657, "bus_lcLookaheadLeft": 39.8622, "bus_lcPushy": 0.5251, "bus_lcSigma": 0.4646, "bus_lcSpeedGainRight": 0.5778, "bus_lcSublane": 0.8257, "bus_sigma": 0.4021, "bus_tau_mean": 3.8695, "bus_tau_std": 3.5087, "bus_v_mean": 16.7555, "bus_v_std": 10.8705, "car_acc": 1.9574, "car_dcc": 0.9672, "car_lcAssertive": 17.4642, "car_lcCooperative": 0.9575, "car_lcLookaheadLeft": 50.5049, "car_lcPushy": 0.4831, "car_lcSigma": 0.5916, "car_lcSpeedGainRight": 4.4023, "car_lcSublane": 0.7935, "car_sigma": 0.2588, "car_tau_mean": 0.6788, "car_tau_std": 4.3649, "car_v_mean": 13.8073, "car_v_std": 12.0412}, "datetime": {"datetime": "2024-08-10 15:56:21", "elapsed": 12031.894545, "delta": 6.030518}}
{"target": -0.3151538495918168, "params": {"bus_acc": 1.581, "bus_dcc": 2.4132, "bus_lcAssertive": 78.5836, "bus_lcCooperative": 0.4922, "bus_lcLookaheadLeft": 52.986, "bus_lcPushy": 0.9265, "bus_lcSigma": 0.5479, "bus_lcSpeedGainRight": 0.0721, "bus_lcSublane": 0.9568, "bus_sigma": 0.9632, "bus_tau_mean": 0.997, "bus_tau_std": 1.3632, "bus_v_mean": 10.9721, "bus_v_std": 7.2258, "car_acc": 3.8698, "car_dcc": 3.4182, "car_lcAssertive": 94.3672, "car_lcCooperative": 0.308, "car_lcLookaheadLeft": 80.5531, "car_lcPushy": 0.697, "car_lcSigma": 0.144, "car_lcSpeedGainRight": 3.5027, "car_lcSublane": 0.731, "car_sigma": 0.644, "car_tau_mean": 2.9291, "car_tau_std": 9.6134, "car_v_mean": 15.341, "car_v_std": 5.877}, "datetime": {"datetime": "2024-08-10 15:56:32", "elapsed": 12042.749507, "delta": 10.854962}}
{"target": -0.7613035727459576, "params": {"bus_acc": 0.8142, "bus_dcc": 2.1413, "bus_lcAssertive": 58.1938, "bus_lcCooperative": 0.8499, "bus_lcLookaheadLeft": 81.0822, "bus_lcPushy": 0.369, "bus_lcSigma": 0.8545, "bus_lcSpeedGainRight": 0.8914, "bus_lcSublane": 0.3544, "bus_sigma": 0.2365, "bus_tau_mean": 1.8144, "bus_tau_std": 6.7062, "bus_v_mean": 8.9987, "bus_v_std": 3.6753, "car_acc": 0.361, "car_dcc": 2.3981, "car_lcAssertive": 87.9584, "car_lcCooperative": 0.4137, "car_lcLookaheadLeft": 98.6415, "car_lcPushy": 0.362, "car_lcSigma": 0.9666, "car_lcSpeedGainRight": 2.5283, "car_lcSublane": 0.2822, "car_sigma": 0.5776, "car_tau_mean": 1.119, "car_tau_std": 8.5976, "car_v_mean": 19.6542, "car_v_std": 10.1565}, "datetime": {"datetime": "2024-08-10 15:56:38", "elapsed": 12048.132471, "delta": 5.382964}}
{"target": -0.384607563252163, "params": {"bus_acc": 2.2835, "bus_dcc": 2.6997, "bus_lcAssertive": 32.1791, "bus_lcCooperative": 0.2608, "bus_lcLookaheadLeft": 2.5215, "bus_lcPushy": 0.7006, "bus_lcSigma": 0.4467, "bus_lcSpeedGainRight": 3.8658, "bus_lcSublane": 0.4599, "bus_sigma": 0.5242, "bus_tau_mean": 2.7644, "bus_tau_std": 0.1904, "bus_v_mean": 23.8477, "bus_v_std": 4.1179, "car_acc": 1.8658, "car_dcc": 1.34, "car_lcAssertive": 53.2151, "car_lcCooperative": 0.4394, "car_lcLookaheadLeft": 18.968, "car_lcPushy": 0.23, "car_lcSigma": 0.6285, "car_lcSpeedGainRight": 3.7548, "car_lcSublane": 0.2817, "car_sigma": 0.1349, "car_tau_mean": 1.1974, "car_tau_std": 9.3129, "car_v_mean": 22.6186, "car_v_std": 4.8491}, "datetime": {"datetime": "2024-08-10 15:56:43", "elapsed": 12054.087013, "delta": 5.954542}}
