{"target": -0.3085113929696904, "params": {"bus_acc": 0.8401, "bus_dcc": 0.4448, "bus_lcAssertive": 10.7304, "bus_lcCooperative": 0.8298, "bus_lcLookaheadLeft": 79.774, "bus_lcPushy": 0.3802, "bus_lcSigma": 0.4111, "bus_lcSpeedGainRight": 3.9434, "bus_lcSublane": 0.9284, "bus_sigma": 0.8748, "bus_tau_mean": 2.7637, "bus_tau_std": 1.9095, "bus_v_mean": 9.015, "bus_v_std": 2.4766, "car_acc": 3.2337, "car_dcc": 3.5783, "car_lcAssertive": 51.4271, "car_lcCooperative": 0.6632, "car_lcLookaheadLeft": 47.1663, "car_lcPushy": 0.8989, "car_lcSigma": 0.2045, "car_lcSpeedGainRight": 0.2393, "car_lcSublane": 0.922, "car_sigma": 0.4438, "car_tau_mean": 2.0685, "car_tau_std": 7.6954, "car_v_mean": 20.6137, "car_v_std": 0.9663}, "datetime": {"datetime": "2024-08-10 13:50:54", "elapsed": 4504.309008, "delta": 4.720072}}
{"target": -0.32736788361527364, "params": {"bus_acc": 1.0154, "bus_dcc": 2.3249, "bus_lcAssertive": 99.0811, "bus_lcCooperative": 0.5163, "bus_lcLookaheadLeft": 82.0921, "bus_lcPushy": 0.7908, "bus_lcSigma": 0.9271, "bus_lcSpeedGainRight": 4.676, "bus_lcSublane": 0.9289, "bus_sigma": 0.1464, "bus_tau_mean": 1.118, "bus_tau_std": 1.1751, "bus_v_mean": 9.8498, "bus_v_std": 4.1304, "car_acc": 3.2886, "car_dcc": 2.5618, "car_lcAssertive": 74.7463, "car_lcCooperative": 0.1335, "car_lcLookaheadLeft": 63.849, "car_lcPushy": 0.4833, "car_lcSigma": 0.9247, "car_lcSpeedGainRight": 0.6085, "car_lcSublane": 0.534, "car_sigma": 0.1051, "car_tau_mean": 2.535, "car_tau_std": 3.9793, "car_v_mean": 15.7936, "car_v_std": 12.3042}, "datetime": {"datetime": "2024-08-10 13:51:00", "elapsed": 4510.603145, "delta": 6.294137}}
{"target": -0.34462029681460243, "params": {"bus_acc": 1.4686, "bus_dcc": 2.1402, "bus_lcAssertive": 62.6013, "bus_lcCooperative": 0.7496, "bus_lcLookaheadLeft": 3.9687, "bus_lcPushy": 0.2522, "bus_lcSigma": 0.8229, "bus_lcSpeedGainRight": 4.4141, "bus_lcSublane": 0.8307, "bus_sigma": 0.0474, "bus_tau_mean": 1.4431, "bus_tau_std": 5.3129, "bus_v_mean": 23.6208, "bus_v_std": 16.3407, "car_acc": 2.056, "car_dcc": 3.7761, "car_lcAssertive": 79.1513, "car_lcCooperative": 0.019, "car_lcLookaheadLeft": 14.3251, "car_lcPushy": 0.1477, "car_lcSigma": 0.7875, "car_lcSpeedGainRight": 1.3843, "car_lcSublane": 0.2639, "car_sigma": 0.9372, "car_tau_mean": 1.5124, "car_tau_std": 7.2012, "car_v_mean": 9.6057, "car_v_std": 17.4256}, "datetime": {"datetime": "2024-08-10 13:51:08", "elapsed": 4518.234365, "delta": 7.63122}}
{"target": -0.287696169390585, "params": {"bus_acc": 1.6625, "bus_dcc": 1.0269, "bus_lcAssertive": 75.382, "bus_lcCooperative": 0.5497, "bus_lcLookaheadLeft": 99.7, "bus_lcPushy": 0.0057, "bus_lcSigma": 0.7998, "bus_lcSpeedGainRight": 4.2832, "bus_lcSublane": 0.5758, "bus_sigma": 0.289, "bus_tau_mean": 0.6128, "bus_tau_std": 4.9962, "bus_v_mean": 12.3752, "bus_v_std": 9.7059, "car_acc": 3.8038, "car_dcc": 0.3616, "car_lcAssertive": 48.6977, "car_lcCooperative": 0.1659, "car_lcLookaheadLeft": 81.8655, "car_lcPushy": 0.8606, "car_lcSigma": 0.4634, "car_lcSpeedGainRight": 2.8514, "car_lcSublane": 0.9065, "car_sigma": 0.8747, "car_tau_mean": 3.4755, "car_tau_std": 6.714, "car_v_mean": 22.2375, "car_v_std": 14.2176}, "datetime": {"datetime": "2024-08-10 13:51:12", "elapsed": 4522.233285, "delta": 3.99892}}
{"target": -0.3179716865298339, "params": {"bus_acc": 2.4409, "bus_dcc": 0.8835, "bus_lcAssertive": 66.1852, "bus_lcCooperative": 0.606, "bus_lcLookaheadLeft": 58.1391, "bus_lcPushy": 0.8488, "bus_lcSigma": 0.4517, "bus_lcSpeedGainRight": 4.2258, "bus_lcSublane": 0.6134, "bus_sigma": 0.0757, "bus_tau_mean": 1.5277, "bus_tau_std": 0.1123, "bus_v_mean": 19.7015, "bus_v_std": 9.5475, "car_acc": 2.0171, "car_dcc": 1.9193, "car_lcAssertive": 79.8833, "car_lcCooperative": 0.0855, "car_lcLookaheadLeft": 11.3914, "car_lcPushy": 0.1443, "car_lcSigma": 0.1265, "car_lcSpeedGainRight": 2.6926, "car_lcSublane": 0.2659, "car_sigma": 0.1186, "car_tau_mean": 3.9549, "car_tau_std": 3.6246, "car_v_mean": 21.1067, "car_v_std": 12.2475}, "datetime": {"datetime": "2024-08-10 13:51:17", "elapsed": 4527.417245, "delta": 5.18396}}
{"target": -0.38237370052025316, "params": {"bus_acc": 1.6513, "bus_dcc": 3.4909, "bus_lcAssertive": 43.269, "bus_lcCooperative": 0.6764, "bus_lcLookaheadLeft": 29.3071, "bus_lcPushy": 0.6705, "bus_lcSigma": 0.1724, "bus_lcSpeedGainRight": 4.3503, "bus_lcSublane": 0.7227, "bus_sigma": 0.7677, "bus_tau_mean": 2.3763, "bus_tau_std": 6.3092, "bus_v_mean": 23.6721, "bus_v_std": 4.5899, "car_acc": 2.0673, "car_dcc": 0.7003, "car_lcAssertive": 51.9799, "car_lcCooperative": 0.1235, "car_lcLookaheadLeft": 6.4003, "car_lcPushy": 0.1277, "car_lcSigma": 0.0271, "car_lcSpeedGainRight": 0.333, "car_lcSublane": 0.214, "car_sigma": 0.9566, "car_tau_mean": 3.615, "car_tau_std": 1.4891, "car_v_mean": 22.5953, "car_v_std": 7.2727}, "datetime": {"datetime": "2024-08-10 13:51:27", "elapsed": 4537.14108, "delta": 9.723835}}
{"target": -0.3797313691802826, "params": {"bus_acc": 1.6524, "bus_dcc": 2.1048, "bus_lcAssertive": 9.2469, "bus_lcCooperative": 0.1915, "bus_lcLookaheadLeft": 14.0732, "bus_lcPushy": 0.2502, "bus_lcSigma": 0.5352, "bus_lcSpeedGainRight": 4.9891, "bus_lcSublane": 0.0053, "bus_sigma": 0.2777, "bus_tau_mean": 2.6592, "bus_tau_std": 8.0389, "bus_v_mean": 25.8393, "bus_v_std": 1.6092, "car_acc": 1.5955, "car_dcc": 3.8045, "car_lcAssertive": 89.3068, "car_lcCooperative": 0.8931, "car_lcLookaheadLeft": 42.2102, "car_lcPushy": 0.1328, "car_lcSigma": 0.7781, "car_lcSpeedGainRight": 2.2107, "car_lcSublane": 0.254, "car_sigma": 0.8756, "car_tau_mean": 1.199, "car_tau_std": 6.193, "car_v_mean": 9.7419, "car_v_std": 11.2477}, "datetime": {"datetime": "2024-08-10 13:51:30", "elapsed": 4540.349487, "delta": 3.208407}}
{"target": -0.3853406971930304, "params": {"bus_acc": 3.7012, "bus_dcc": 1.7044, "bus_lcAssertive": 40.5827, "bus_lcCooperative": 0.4364, "bus_lcLookaheadLeft": 33.6399, "bus_lcPushy": 0.4128, "bus_lcSigma": 0.0162, "bus_lcSpeedGainRight": 2.3828, "bus_lcSublane": 0.8752, "bus_sigma": 0.4657, "bus_tau_mean": 3.0424, "bus_tau_std": 5.0758, "bus_v_mean": 21.2436, "bus_v_std": 19.4907, "car_acc": 0.9502, "car_dcc": 2.6862, "car_lcAssertive": 64.0676, "car_lcCooperative": 0.045, "car_lcLookaheadLeft": 44.3251, "car_lcPushy": 0.6351, "car_lcSigma": 0.0576, "car_lcSpeedGainRight": 3.9436, "car_lcSublane": 0.6947, "car_sigma": 0.7309, "car_tau_mean": 0.7972, "car_tau_std": 3.738, "car_v_mean": 21.131, "car_v_std": 14.5436}, "datetime": {"datetime": "2024-08-10 13:51:33", "elapsed": 4544.05481, "delta": 3.705323}}
{"target": -0.3296479711589884, "params": {"bus_acc": 2.5191, "bus_dcc": 1.6737, "bus_lcAssertive": 62.2063, "bus_lcCooperative": 0.3399, "bus_lcLookaheadLeft": 80.1355, "bus_lcPushy": 0.7295, "bus_lcSigma": 0.9608, "bus_lcSpeedGainRight": 3.7923, "bus_lcSublane": 0.8903, "bus_sigma": 0.2633, "bus_tau_mean": 2.5434, "bus_tau_std": 0.0607, "bus_v_mean": 15.6601, "bus_v_std": 2.489, "car_acc": 1.5487, "car_dcc": 3.045, "car_lcAssertive": 53.1864, "car_lcCooperative": 0.6865, "car_lcLookaheadLeft": 88.5781, "car_lcPushy": 0.3229, "car_lcSigma": 0.4032, "car_lcSpeedGainRight": 4.0033, "car_lcSublane": 0.4641, "car_sigma": 0.2342, "car_tau_mean": 0.5068, "car_tau_std": 2.4708, "car_v_mean": 17.3756, "car_v_std": 11.9149}, "datetime": {"datetime": "2024-08-10 13:51:40", "elapsed": 4550.641819, "delta": 6.587009}}
{"target": -0.3702284681230283, "params": {"bus_acc": 0.4479, "bus_dcc": 1.8536, "bus_lcAssertive": 47.7424, "bus_lcCooperative": 0.7172, "bus_lcLookaheadLeft": 38.6424, "bus_lcPushy": 0.329, "bus_lcSigma": 0.3293, "bus_lcSpeedGainRight": 2.5705, "bus_lcSublane": 0.3842, "bus_sigma": 0.0485, "bus_tau_mean": 2.1226, "bus_tau_std": 4.676, "bus_v_mean": 25.0504, "bus_v_std": 6.7715, "car_acc": 3.2391, "car_dcc": 3.7945, "car_lcAssertive": 48.324, "car_lcCooperative": 0.8444, "car_lcLookaheadLeft": 21.1709, "car_lcPushy": 0.1248, "car_lcSigma": 0.8372, "car_lcSpeedGainRight": 4.6491, "car_lcSublane": 0.3826, "car_sigma": 0.5063, "car_tau_mean": 0.8904, "car_tau_std": 8.145, "car_v_mean": 9.9932, "car_v_std": 7.2223}, "datetime": {"datetime": "2024-08-10 13:51:44", "elapsed": 4555.119056, "delta": 4.477237}}
{"target": -0.34509056596641674, "params": {"bus_acc": 3.8094, "bus_dcc": 2.031, "bus_lcAssertive": 18.6896, "bus_lcCooperative": 0.2551, "bus_lcLookaheadLeft": 97.2911, "bus_lcPushy": 0.1119, "bus_lcSigma": 0.2251, "bus_lcSpeedGainRight": 0.8611, "bus_lcSublane": 0.8142, "bus_sigma": 0.7134, "bus_tau_mean": 1.2565, "bus_tau_std": 2.1909, "bus_v_mean": 25.7618, "bus_v_std": 3.4272, "car_acc": 1.4202, "car_dcc": 3.3667, "car_lcAssertive": 89.4877, "car_lcCooperative": 0.4536, "car_lcLookaheadLeft": 30.5564, "car_lcPushy": 0.2816, "car_lcSigma": 0.0448, "car_lcSpeedGainRight": 2.2465, "car_lcSublane": 0.3898, "car_sigma": 0.4374, "car_tau_mean": 3.1672, "car_tau_std": 0.4428, "car_v_mean": 12.1963, "car_v_std": 3.3902}, "datetime": {"datetime": "2024-08-10 13:51:50", "elapsed": 4560.802784, "delta": 5.683728}}
{"target": -0.3400347294901325, "params": {"bus_acc": 2.9505, "bus_dcc": 3.1829, "bus_lcAssertive": 90.8343, "bus_lcCooperative": 0.1123, "bus_lcLookaheadLeft": 22.1908, "bus_lcPushy": 0.8773, "bus_lcSigma": 0.7784, "bus_lcSpeedGainRight": 4.2598, "bus_lcSublane": 0.9171, "bus_sigma": 0.4316, "bus_tau_mean": 2.3068, "bus_tau_std": 0.3375, "bus_v_mean": 13.8172, "bus_v_std": 2.1096, "car_acc": 1.4144, "car_dcc": 3.5483, "car_lcAssertive": 48.5966, "car_lcCooperative": 0.7983, "car_lcLookaheadLeft": 45.7806, "car_lcPushy": 0.4062, "car_lcSigma": 0.3006, "car_lcSpeedGainRight": 0.912, "car_lcSublane": 0.8271, "car_sigma": 0.5108, "car_tau_mean": 0.5914, "car_tau_std": 3.5465, "car_v_mean": 24.3186, "car_v_std": 14.6307}, "datetime": {"datetime": "2024-08-10 13:51:56", "elapsed": 4566.780302, "delta": 5.977518}}
{"target": -0.3841623287931335, "params": {"bus_acc": 0.5914, "bus_dcc": 2.5023, "bus_lcAssertive": 52.6479, "bus_lcCooperative": 0.3973, "bus_lcLookaheadLeft": 99.3227, "bus_lcPushy": 0.0372, "bus_lcSigma": 0.7079, "bus_lcSpeedGainRight": 4.3402, "bus_lcSublane": 0.5929, "bus_sigma": 0.3465, "bus_tau_mean": 2.0845, "bus_tau_std": 7.7143, "bus_v_mean": 17.5853, "bus_v_std": 9.5303, "car_acc": 2.0898, "car_dcc": 1.3103, "car_lcAssertive": 69.6153, "car_lcCooperative": 0.4642, "car_lcLookaheadLeft": 94.6068, "car_lcPushy": 0.9919, "car_lcSigma": 0.0709, "car_lcSpeedGainRight": 3.7881, "car_lcSublane": 0.9383, "car_sigma": 0.0635, "car_tau_mean": 3.7954, "car_tau_std": 8.7496, "car_v_mean": 10.4168, "car_v_std": 9.4698}, "datetime": {"datetime": "2024-08-10 13:52:05", "elapsed": 4576.003689, "delta": 9.223387}}
{"target": -0.39611510828824265, "params": {"bus_acc": 2.7642, "bus_dcc": 3.0932, "bus_lcAssertive": 29.4765, "bus_lcCooperative": 0.3989, "bus_lcLookaheadLeft": 65.8029, "bus_lcPushy": 0.5644, "bus_lcSigma": 0.5105, "bus_lcSpeedGainRight": 2.0712, "bus_lcSublane": 0.7962, "bus_sigma": 0.8302, "bus_tau_mean": 3.4662, "bus_tau_std": 3.4796, "bus_v_mean": 15.3932, "bus_v_std": 9.5391, "car_acc": 2.8472, "car_dcc": 3.228, "car_lcAssertive": 64.321, "car_lcCooperative": 0.1544, "car_lcLookaheadLeft": 33.4411, "car_lcPushy": 0.569, "car_lcSigma": 0.3014, "car_lcSpeedGainRight": 1.703, "car_lcSublane": 0.3236, "car_sigma": 0.0312, "car_tau_mean": 3.0614, "car_tau_std": 1.5308, "car_v_mean": 19.0913, "car_v_std": 0.2687}, "datetime": {"datetime": "2024-08-10 13:52:12", "elapsed": 4582.665473, "delta": 6.661784}}
{"target": -0.3140959561984235, "params": {"bus_acc": 0.9933, "bus_dcc": 0.7797, "bus_lcAssertive": 51.1292, "bus_lcCooperative": 0.4907, "bus_lcLookaheadLeft": 72.5585, "bus_lcPushy": 0.7511, "bus_lcSigma": 0.3878, "bus_lcSpeedGainRight": 0.733, "bus_lcSublane": 0.163, "bus_sigma": 0.2971, "bus_tau_mean": 1.0655, "bus_tau_std": 6.062, "bus_v_mean": 22.3716, "bus_v_std": 16.4653, "car_acc": 3.3824, "car_dcc": 2.0136, "car_lcAssertive": 89.0564, "car_lcCooperative": 0.9811, "car_lcLookaheadLeft": 87.6687, "car_lcPushy": 0.2971, "car_lcSigma": 0.6842, "car_lcSpeedGainRight": 4.1299, "car_lcSublane": 0.2774, "car_sigma": 0.6903, "car_tau_mean": 2.8857, "car_tau_std": 8.8064, "car_v_mean": 21.2524, "car_v_std": 12.3295}, "datetime": {"datetime": "2024-08-10 13:52:18", "elapsed": 4588.550639, "delta": 5.885166}}
{"target": -0.43186050010424176, "params": {"bus_acc": 2.6157, "bus_dcc": 2.9487, "bus_lcAssertive": 92.6701, "bus_lcCooperative": 0.3245, "bus_lcLookaheadLeft": 9.6702, "bus_lcPushy": 0.6278, "bus_lcSigma": 0.7258, "bus_lcSpeedGainRight": 3.5555, "bus_lcSublane": 0.967, "bus_sigma": 0.9912, "bus_tau_mean": 1.0608, "bus_tau_std": 8.4524, "bus_v_mean": 19.647, "bus_v_std": 13.6051, "car_acc": 0.8907, "car_dcc": 2.3816, "car_lcAssertive": 11.499, "car_lcCooperative": 0.1784, "car_lcLookaheadLeft": 71.8365, "car_lcPushy": 0.4641, "car_lcSigma": 0.3379, "car_lcSpeedGainRight": 4.197, "car_lcSublane": 0.337, "car_sigma": 0.2609, "car_tau_mean": 1.9558, "car_tau_std": 0.6381, "car_v_mean": 20.664, "car_v_std": 18.3961}, "datetime": {"datetime": "2024-08-10 13:52:22", "elapsed": 4592.489494, "delta": 3.938855}}
{"target": -0.37232760078695537, "params": {"bus_acc": 2.5937, "bus_dcc": 2.8829, "bus_lcAssertive": 48.8879, "bus_lcCooperative": 0.6057, "bus_lcLookaheadLeft": 72.4579, "bus_lcPushy": 0.7101, "bus_lcSigma": 0.8014, "bus_lcSpeedGainRight": 3.4528, "bus_lcSublane": 0.6321, "bus_sigma": 0.0906, "bus_tau_mean": 3.9485, "bus_tau_std": 7.7749, "bus_v_mean": 21.1484, "bus_v_std": 18.9645, "car_acc": 3.2848, "car_dcc": 0.525, "car_lcAssertive": 77.751, "car_lcCooperative": 0.4438, "car_lcLookaheadLeft": 36.3366, "car_lcPushy": 0.9879, "car_lcSigma": 0.1679, "car_lcSpeedGainRight": 2.8844, "car_lcSublane": 0.9645, "car_sigma": 0.8024, "car_tau_mean": 3.7797, "car_tau_std": 4.4281, "car_v_mean": 22.965, "car_v_std": 15.133}, "datetime": {"datetime": "2024-08-10 13:52:28", "elapsed": 4598.460613, "delta": 5.971119}}
{"target": -0.43457485239685606, "params": {"bus_acc": 3.4575, "bus_dcc": 0.9778, "bus_lcAssertive": 27.8916, "bus_lcCooperative": 0.0812, "bus_lcLookaheadLeft": 25.6734, "bus_lcPushy": 0.7842, "bus_lcSigma": 0.0581, "bus_lcSpeedGainRight": 4.5309, "bus_lcSublane": 0.0644, "bus_sigma": 0.3901, "bus_tau_mean": 2.5013, "bus_tau_std": 9.1275, "bus_v_mean": 11.3746, "bus_v_std": 6.5198, "car_acc": 0.9591, "car_dcc": 2.5555, "car_lcAssertive": 35.022, "car_lcCooperative": 0.5969, "car_lcLookaheadLeft": 79.1205, "car_lcPushy": 0.1213, "car_lcSigma": 0.1363, "car_lcSpeedGainRight": 0.3939, "car_lcSublane": 0.5893, "car_sigma": 0.9452, "car_tau_mean": 1.7505, "car_tau_std": 1.5047, "car_v_mean": 24.3504, "car_v_std": 13.8715}, "datetime": {"datetime": "2024-08-10 13:52:32", "elapsed": 4602.79893, "delta": 4.338317}}
{"target": -0.35809097431347564, "params": {"bus_acc": 2.8837, "bus_dcc": 3.3094, "bus_lcAssertive": 31.6787, "bus_lcCooperative": 0.8087, "bus_lcLookaheadLeft": 61.9682, "bus_lcPushy": 0.3795, "bus_lcSigma": 0.5922, "bus_lcSpeedGainRight": 3.7567, "bus_lcSublane": 0.7066, "bus_sigma": 0.7516, "bus_tau_mean": 3.7121, "bus_tau_std": 7.6568, "bus_v_mean": 15.4634, "bus_v_std": 18.2283, "car_acc": 3.8228, "car_dcc": 3.3602, "car_lcAssertive": 72.6256, "car_lcCooperative": 0.4416, "car_lcLookaheadLeft": 52.8034, "car_lcPushy": 0.4371, "car_lcSigma": 0.6182, "car_lcSpeedGainRight": 4.2346, "car_lcSublane": 0.7004, "car_sigma": 0.1092, "car_tau_mean": 0.9771, "car_tau_std": 5.534, "car_v_mean": 9.3523, "car_v_std": 4.7323}, "datetime": {"datetime": "2024-08-10 13:52:37", "elapsed": 4607.556355, "delta": 4.757425}}
{"target": -0.4447914576664704, "params": {"bus_acc": 3.0965, "bus_dcc": 0.616, "bus_lcAssertive": 12.0759, "bus_lcCooperative": 0.5294, "bus_lcLookaheadLeft": 78.8418, "bus_lcPushy": 0.3652, "bus_lcSigma": 0.73, "bus_lcSpeedGainRight": 2.9357, "bus_lcSublane": 0.1516, "bus_sigma": 0.1797, "bus_tau_mean": 1.8521, "bus_tau_std": 1.9469, "bus_v_mean": 24.6382, "bus_v_std": 4.5216, "car_acc": 3.6571, "car_dcc": 2.2013, "car_lcAssertive": 18.4929, "car_lcCooperative": 0.7809, "car_lcLookaheadLeft": 97.0577, "car_lcPushy": 0.3786, "car_lcSigma": 0.3992, "car_lcSpeedGainRight": 4.6481, "car_lcSublane": 0.35, "car_sigma": 0.1237, "car_tau_mean": 3.1334, "car_tau_std": 8.0616, "car_v_mean": 21.8843, "car_v_std": 7.0814}, "datetime": {"datetime": "2024-08-10 13:52:42", "elapsed": 4612.15061, "delta": 4.594255}}
{"target": -0.29408391200539197, "params": {"bus_acc": 1.5715, "bus_dcc": 0.566, "bus_lcAssertive": 96.222, "bus_lcCooperative": 0.1982, "bus_lcLookaheadLeft": 43.8557, "bus_lcPushy": 0.1751, "bus_lcSigma": 0.5123, "bus_lcSpeedGainRight": 0.037, "bus_lcSublane": 0.1863, "bus_sigma": 0.0203, "bus_tau_mean": 1.9051, "bus_tau_std": 7.6041, "bus_v_mean": 25.8219, "bus_v_std": 5.7372, "car_acc": 3.5797, "car_dcc": 2.2366, "car_lcAssertive": 45.6509, "car_lcCooperative": 0.8697, "car_lcLookaheadLeft": 83.4337, "car_lcPushy": 0.3396, "car_lcSigma": 0.6396, "car_lcSpeedGainRight": 2.5816, "car_lcSublane": 0.4976, "car_sigma": 0.5373, "car_tau_mean": 2.8632, "car_tau_std": 2.3072, "car_v_mean": 11.3286, "car_v_std": 3.0262}, "datetime": {"datetime": "2024-08-10 13:52:46", "elapsed": 4616.941276, "delta": 4.790666}}
{"target": -0.34829107390861647, "params": {"bus_acc": 3.4929, "bus_dcc": 1.1115, "bus_lcAssertive": 13.9469, "bus_lcCooperative": 0.936, "bus_lcLookaheadLeft": 58.3258, "bus_lcPushy": 0.3321, "bus_lcSigma": 0.8547, "bus_lcSpeedGainRight": 3.671, "bus_lcSublane": 0.6156, "bus_sigma": 0.6477, "bus_tau_mean": 3.0543, "bus_tau_std": 6.5635, "bus_v_mean": 15.6356, "bus_v_std": 10.5102, "car_acc": 3.4327, "car_dcc": 3.6461, "car_lcAssertive": 39.1183, "car_lcCooperative": 0.6147, "car_lcLookaheadLeft": 67.2125, "car_lcPushy": 0.594, "car_lcSigma": 0.4846, "car_lcSpeedGainRight": 2.5844, "car_lcSublane": 0.3901, "car_sigma": 0.1672, "car_tau_mean": 1.8327, "car_tau_std": 8.6796, "car_v_mean": 22.7962, "car_v_std": 19.1654}, "datetime": {"datetime": "2024-08-10 13:52:50", "elapsed": 4620.458481, "delta": 3.517205}}
{"target": -0.3317978891040494, "params": {"bus_acc": 0.6907, "bus_dcc": 1.3356, "bus_lcAssertive": 23.0571, "bus_lcCooperative": 0.7889, "bus_lcLookaheadLeft": 26.2805, "bus_lcPushy": 0.7725, "bus_lcSigma": 0.1466, "bus_lcSpeedGainRight": 4.9304, "bus_lcSublane": 0.1594, "bus_sigma": 0.5149, "bus_tau_mean": 2.7238, "bus_tau_std": 4.9674, "bus_v_mean": 19.5789, "bus_v_std": 19.3082, "car_acc": 0.6549, "car_dcc": 0.5793, "car_lcAssertive": 57.5951, "car_lcCooperative": 0.0022, "car_lcLookaheadLeft": 55.98, "car_lcPushy": 0.9474, "car_lcSigma": 0.3589, "car_lcSpeedGainRight": 0.1509, "car_lcSublane": 0.4785, "car_sigma": 0.5468, "car_tau_mean": 3.9101, "car_tau_std": 0.2242, "car_v_mean": 20.1715, "car_v_std": 2.2078}, "datetime": {"datetime": "2024-08-10 13:52:56", "elapsed": 4626.827293, "delta": 6.368812}}
{"target": -0.2960238971776044, "params": {"bus_acc": 3.2243, "bus_dcc": 3.6855, "bus_lcAssertive": 97.7573, "bus_lcCooperative": 0.2106, "bus_lcLookaheadLeft": 9.1277, "bus_lcPushy": 0.5755, "bus_lcSigma": 0.3576, "bus_lcSpeedGainRight": 2.6648, "bus_lcSublane": 0.4408, "bus_sigma": 0.3152, "bus_tau_mean": 0.6876, "bus_tau_std": 1.927, "bus_v_mean": 16.0096, "bus_v_std": 13.2751, "car_acc": 3.7592, "car_dcc": 2.0821, "car_lcAssertive": 41.1515, "car_lcCooperative": 0.8468, "car_lcLookaheadLeft": 46.4438, "car_lcPushy": 0.1652, "car_lcSigma": 0.0124, "car_lcSpeedGainRight": 3.6479, "car_lcSublane": 0.8405, "car_sigma": 0.3757, "car_tau_mean": 1.2014, "car_tau_std": 8.0343, "car_v_mean": 14.2999, "car_v_std": 5.0384}, "datetime": {"datetime": "2024-08-10 13:53:05", "elapsed": 4635.600479, "delta": 8.773186}}
{"target": -0.4128862513231506, "params": {"bus_acc": 2.7623, "bus_dcc": 2.6857, "bus_lcAssertive": 25.0355, "bus_lcCooperative": 0.42, "bus_lcLookaheadLeft": 99.5967, "bus_lcPushy": 0.7626, "bus_lcSigma": 0.7765, "bus_lcSpeedGainRight": 1.3008, "bus_lcSublane": 0.1872, "bus_sigma": 0.8911, "bus_tau_mean": 1.5749, "bus_tau_std": 1.587, "bus_v_mean": 9.0242, "bus_v_std": 13.2819, "car_acc": 0.9668, "car_dcc": 3.927, "car_lcAssertive": 51.3027, "car_lcCooperative": 0.5847, "car_lcLookaheadLeft": 3.0345, "car_lcPushy": 0.1057, "car_lcSigma": 0.9729, "car_lcSpeedGainRight": 1.9244, "car_lcSublane": 0.0771, "car_sigma": 0.466, "car_tau_mean": 3.8723, "car_tau_std": 1.7383, "car_v_mean": 18.6178, "car_v_std": 10.557}, "datetime": {"datetime": "2024-08-10 13:53:08", "elapsed": 4638.691833, "delta": 3.091354}}
{"target": -0.3615552647281149, "params": {"bus_acc": 2.1942, "bus_dcc": 3.1414, "bus_lcAssertive": 57.0973, "bus_lcCooperative": 0.8316, "bus_lcLookaheadLeft": 63.3075, "bus_lcPushy": 0.6607, "bus_lcSigma": 0.9135, "bus_lcSpeedGainRight": 2.8915, "bus_lcSublane": 0.0695, "bus_sigma": 0.3167, "bus_tau_mean": 0.7345, "bus_tau_std": 4.8209, "bus_v_mean": 16.8383, "bus_v_std": 13.024, "car_acc": 1.689, "car_dcc": 0.8648, "car_lcAssertive": 83.0704, "car_lcCooperative": 0.4835, "car_lcLookaheadLeft": 7.5211, "car_lcPushy": 0.2223, "car_lcSigma": 0.3826, "car_lcSpeedGainRight": 1.6627, "car_lcSublane": 0.0635, "car_sigma": 0.0326, "car_tau_mean": 3.4014, "car_tau_std": 3.5754, "car_v_mean": 14.1278, "car_v_std": 8.6102}, "datetime": {"datetime": "2024-08-10 13:53:12", "elapsed": 4642.733227, "delta": 4.041394}}
