{"target": -0.2411484479566991, "params": {"bus_acc": 3.3251, "bus_dcc": 0.4826, "bus_lcAssertive": 12.7646, "bus_lcCooperative": 0.9771, "bus_lcLookaheadLeft": 30.8006, "bus_lcPushy": 0.4658, "bus_lcSigma": 0.3253, "bus_lcSpeedGainRight": 0.1709, "bus_lcSublane": 0.6154, "bus_sigma": 0.7814, "bus_tau_mean": 1.6794, "bus_tau_std": 0.4112, "bus_v_mean": 22.0726, "bus_v_std": 1.9223, "car_acc": 0.9468, "car_dcc": 0.4173, "car_lcAssertive": 97.4514, "car_lcCooperative": 0.2763, "car_lcLookaheadLeft": 98.4721, "car_lcPushy": 0.8581, "car_lcSigma": 0.8388, "car_lcSpeedGainRight": 1.5974, "car_lcSublane": 0.6314, "car_sigma": 0.7554, "car_tau_mean": 0.8684, "car_tau_std": 9.0394, "car_v_mean": 14.522, "car_v_std": 2.1705}, "datetime": {"datetime": "2024-08-10 13:22:41", "elapsed": 2811.2911, "delta": 3.913198}}
{"target": -0.37329026740481774, "params": {"bus_acc": 1.5214, "bus_dcc": 3.7957, "bus_lcAssertive": 55.1198, "bus_lcCooperative": 0.0565, "bus_lcLookaheadLeft": 69.3509, "bus_lcPushy": 0.6408, "bus_lcSigma": 0.6163, "bus_lcSpeedGainRight": 4.7146, "bus_lcSublane": 0.4963, "bus_sigma": 0.996, "bus_tau_mean": 2.7482, "bus_tau_std": 1.8048, "bus_v_mean": 16.3321, "bus_v_std": 15.4114, "car_acc": 3.2348, "car_dcc": 3.2945, "car_lcAssertive": 44.3032, "car_lcCooperative": 0.994, "car_lcLookaheadLeft": 5.2946, "car_lcPushy": 0.2635, "car_lcSigma": 0.5632, "car_lcSpeedGainRight": 0.1101, "car_lcSublane": 0.6784, "car_sigma": 0.8728, "car_tau_mean": 1.526, "car_tau_std": 1.7149, "car_v_mean": 25.4006, "car_v_std": 3.9437}, "datetime": {"datetime": "2024-08-10 13:22:46", "elapsed": 2816.970005, "delta": 5.678905}}
{"target": -0.30120159380284656, "params": {"bus_acc": 2.3655, "bus_dcc": 3.5756, "bus_lcAssertive": 66.6328, "bus_lcCooperative": 0.5288, "bus_lcLookaheadLeft": 46.9501, "bus_lcPushy": 0.8138, "bus_lcSigma": 0.2805, "bus_lcSpeedGainRight": 4.8751, "bus_lcSublane": 0.2831, "bus_sigma": 0.8712, "bus_tau_mean": 0.7183, "bus_tau_std": 4.5558, "bus_v_mean": 14.5482, "bus_v_std": 18.5567, "car_acc": 3.9911, "car_dcc": 3.817, "car_lcAssertive": 94.7242, "car_lcCooperative": 0.9003, "car_lcLookaheadLeft": 85.6825, "car_lcPushy": 0.1841, "car_lcSigma": 0.76, "car_lcSpeedGainRight": 4.0824, "car_lcSublane": 0.6297, "car_sigma": 0.2249, "car_tau_mean": 2.5715, "car_tau_std": 1.131, "car_v_mean": 9.8626, "car_v_std": 5.6322}, "datetime": {"datetime": "2024-08-10 13:22:54", "elapsed": 2824.274702, "delta": 7.304697}}
{"target": -0.3825747687366244, "params": {"bus_acc": 0.8112, "bus_dcc": 3.4911, "bus_lcAssertive": 48.84, "bus_lcCooperative": 0.5882, "bus_lcLookaheadLeft": 70.3953, "bus_lcPushy": 0.7046, "bus_lcSigma": 0.4262, "bus_lcSpeedGainRight": 0.163, "bus_lcSublane": 0.2663, "bus_sigma": 0.0362, "bus_tau_mean": 1.5588, "bus_tau_std": 8.214, "bus_v_mean": 12.8315, "bus_v_std": 14.7321, "car_acc": 0.3354, "car_dcc": 0.5994, "car_lcAssertive": 70.2543, "car_lcCooperative": 0.2017, "car_lcLookaheadLeft": 85.1864, "car_lcPushy": 0.4711, "car_lcSigma": 0.1798, "car_lcSpeedGainRight": 1.7982, "car_lcSublane": 0.2639, "car_sigma": 0.323, "car_tau_mean": 2.8459, "car_tau_std": 9.749, "car_v_mean": 16.9569, "car_v_std": 10.4848}, "datetime": {"datetime": "2024-08-10 13:23:04", "elapsed": 2834.27954, "delta": 10.004838}}
{"target": -0.3826529836080132, "params": {"bus_acc": 3.9543, "bus_dcc": 3.1991, "bus_lcAssertive": 74.9701, "bus_lcCooperative": 0.2204, "bus_lcLookaheadLeft": 93.2884, "bus_lcPushy": 0.2901, "bus_lcSigma": 0.9974, "bus_lcSpeedGainRight": 2.9014, "bus_lcSublane": 0.881, "bus_sigma": 0.4999, "bus_tau_mean": 3.6896, "bus_tau_std": 8.1032, "bus_v_mean": 20.9983, "bus_v_std": 17.558, "car_acc": 1.3969, "car_dcc": 0.4027, "car_lcAssertive": 45.4006, "car_lcCooperative": 0.6096, "car_lcLookaheadLeft": 15.1968, "car_lcPushy": 0.1161, "car_lcSigma": 0.2695, "car_lcSpeedGainRight": 3.4433, "car_lcSublane": 0.1316, "car_sigma": 0.6481, "car_tau_mean": 2.3707, "car_tau_std": 5.559, "car_v_mean": 8.6278, "car_v_std": 2.4769}, "datetime": {"datetime": "2024-08-10 13:23:07", "elapsed": 2837.733954, "delta": 3.454414}}
{"target": -0.2674973111106689, "params": {"bus_acc": 2.6068, "bus_dcc": 1.8475, "bus_lcAssertive": 59.812, "bus_lcCooperative": 0.0481, "bus_lcLookaheadLeft": 87.8373, "bus_lcPushy": 0.5916, "bus_lcSigma": 0.2972, "bus_lcSpeedGainRight": 3.1804, "bus_lcSublane": 0.6788, "bus_sigma": 0.5094, "bus_tau_mean": 2.3018, "bus_tau_std": 0.5686, "bus_v_mean": 8.8624, "bus_v_std": 3.4904, "car_acc": 3.5748, "car_dcc": 2.6376, "car_lcAssertive": 33.1084, "car_lcCooperative": 0.3281, "car_lcLookaheadLeft": 5.2073, "car_lcPushy": 0.4639, "car_lcSigma": 0.8707, "car_lcSpeedGainRight": 0.0259, "car_lcSublane": 0.9751, "car_sigma": 0.4685, "car_tau_mean": 3.4269, "car_tau_std": 8.0118, "car_v_mean": 8.475, "car_v_std": 13.0008}, "datetime": {"datetime": "2024-08-10 13:23:10", "elapsed": 2840.700959, "delta": 2.967005}}
{"target": -0.3388107266884039, "params": {"bus_acc": 1.4677, "bus_dcc": 3.3119, "bus_lcAssertive": 62.3839, "bus_lcCooperative": 0.5547, "bus_lcLookaheadLeft": 54.1407, "bus_lcPushy": 0.5366, "bus_lcSigma": 0.0102, "bus_lcSpeedGainRight": 2.309, "bus_lcSublane": 0.3583, "bus_sigma": 0.7854, "bus_tau_mean": 2.7832, "bus_tau_std": 1.209, "bus_v_mean": 15.7814, "bus_v_std": 6.8645, "car_acc": 1.4027, "car_dcc": 3.874, "car_lcAssertive": 89.4879, "car_lcCooperative": 0.6266, "car_lcLookaheadLeft": 37.5797, "car_lcPushy": 0.4915, "car_lcSigma": 0.226, "car_lcSpeedGainRight": 2.201, "car_lcSublane": 0.3968, "car_sigma": 0.4865, "car_tau_mean": 3.0741, "car_tau_std": 0.8705, "car_v_mean": 21.0942, "car_v_std": 6.3389}, "datetime": {"datetime": "2024-08-10 13:23:23", "elapsed": 2853.283993, "delta": 12.583034}}
{"target": -0.3236720047572756, "params": {"bus_acc": 2.9938, "bus_dcc": 0.7861, "bus_lcAssertive": 28.1771, "bus_lcCooperative": 0.3276, "bus_lcLookaheadLeft": 28.4634, "bus_lcPushy": 0.0328, "bus_lcSigma": 0.44, "bus_lcSpeedGainRight": 1.2209, "bus_lcSublane": 0.6662, "bus_sigma": 0.3343, "bus_tau_mean": 3.8333, "bus_tau_std": 6.462, "bus_v_mean": 23.2955, "bus_v_std": 4.5257, "car_acc": 2.5142, "car_dcc": 2.7966, "car_lcAssertive": 41.9068, "car_lcCooperative": 0.4594, "car_lcLookaheadLeft": 57.2057, "car_lcPushy": 0.4089, "car_lcSigma": 0.3191, "car_lcSpeedGainRight": 1.7595, "car_lcSublane": 0.1278, "car_sigma": 0.3062, "car_tau_mean": 3.9521, "car_tau_std": 9.187, "car_v_mean": 9.1724, "car_v_std": 18.9734}, "datetime": {"datetime": "2024-08-10 13:23:29", "elapsed": 2859.262997, "delta": 5.979004}}
{"target": -0.46538394403915434, "params": {"bus_acc": 0.7427, "bus_dcc": 2.1285, "bus_lcAssertive": 63.9973, "bus_lcCooperative": 0.8565, "bus_lcLookaheadLeft": 70.1355, "bus_lcPushy": 0.3241, "bus_lcSigma": 0.2773, "bus_lcSpeedGainRight": 4.6138, "bus_lcSublane": 0.8696, "bus_sigma": 0.6608, "bus_tau_mean": 1.5203, "bus_tau_std": 6.4261, "bus_v_mean": 10.8797, "bus_v_std": 10.1713, "car_acc": 0.7469, "car_dcc": 1.2751, "car_lcAssertive": 24.1601, "car_lcCooperative": 0.6788, "car_lcLookaheadLeft": 42.5955, "car_lcPushy": 0.7667, "car_lcSigma": 0.9215, "car_lcSpeedGainRight": 2.4476, "car_lcSublane": 0.6303, "car_sigma": 0.6506, "car_tau_mean": 0.9914, "car_tau_std": 7.9184, "car_v_mean": 22.1083, "car_v_std": 5.9736}, "datetime": {"datetime": "2024-08-10 13:23:37", "elapsed": 2867.218895, "delta": 7.955898}}
{"target": -0.360382137146041, "params": {"bus_acc": 1.5129, "bus_dcc": 2.4812, "bus_lcAssertive": 75.2927, "bus_lcCooperative": 0.1849, "bus_lcLookaheadLeft": 9.9223, "bus_lcPushy": 0.3615, "bus_lcSigma": 0.7284, "bus_lcSpeedGainRight": 0.4779, "bus_lcSublane": 0.6935, "bus_sigma": 0.8225, "bus_tau_mean": 3.571, "bus_tau_std": 9.222, "bus_v_mean": 14.1051, "bus_v_std": 13.6019, "car_acc": 2.2306, "car_dcc": 3.4282, "car_lcAssertive": 52.9352, "car_lcCooperative": 0.7829, "car_lcLookaheadLeft": 67.4158, "car_lcPushy": 0.3789, "car_lcSigma": 0.0487, "car_lcSpeedGainRight": 3.256, "car_lcSublane": 0.3331, "car_sigma": 0.4926, "car_tau_mean": 3.1776, "car_tau_std": 5.4807, "car_v_mean": 22.3812, "car_v_std": 19.6095}, "datetime": {"datetime": "2024-08-10 13:23:40", "elapsed": 2870.148182, "delta": 2.929287}}
{"target": -0.41820875154135867, "params": {"bus_acc": 2.9924, "bus_dcc": 1.5261, "bus_lcAssertive": 76.2864, "bus_lcCooperative": 0.2303, "bus_lcLookaheadLeft": 35.1424, "bus_lcPushy": 0.7514, "bus_lcSigma": 0.7091, "bus_lcSpeedGainRight": 0.5559, "bus_lcSublane": 0.2253, "bus_sigma": 0.788, "bus_tau_mean": 2.2582, "bus_tau_std": 9.1014, "bus_v_mean": 21.7204, "bus_v_std": 17.9543, "car_acc": 2.4923, "car_dcc": 3.6936, "car_lcAssertive": 66.3934, "car_lcCooperative": 0.1856, "car_lcLookaheadLeft": 31.7445, "car_lcPushy": 0.135, "car_lcSigma": 0.2993, "car_lcSpeedGainRight": 1.0473, "car_lcSublane": 0.7893, "car_sigma": 0.3858, "car_tau_mean": 3.8575, "car_tau_std": 5.667, "car_v_mean": 18.0762, "car_v_std": 1.7633}, "datetime": {"datetime": "2024-08-10 13:23:44", "elapsed": 2874.492438, "delta": 4.344256}}
{"target": -0.39440655452971, "params": {"bus_acc": 0.6744, "bus_dcc": 2.9361, "bus_lcAssertive": 42.9838, "bus_lcCooperative": 0.3081, "bus_lcLookaheadLeft": 12.2071, "bus_lcPushy": 0.2432, "bus_lcSigma": 0.2668, "bus_lcSpeedGainRight": 3.4639, "bus_lcSublane": 0.9317, "bus_sigma": 0.068, "bus_tau_mean": 3.0188, "bus_tau_std": 9.8546, "bus_v_mean": 16.3551, "bus_v_std": 9.7959, "car_acc": 0.9698, "car_dcc": 2.3038, "car_lcAssertive": 89.2532, "car_lcCooperative": 0.7133, "car_lcLookaheadLeft": 49.4926, "car_lcPushy": 0.4636, "car_lcSigma": 0.2201, "car_lcSpeedGainRight": 1.6629, "car_lcSublane": 0.5722, "car_sigma": 0.5194, "car_tau_mean": 1.5776, "car_tau_std": 4.7641, "car_v_mean": 18.6134, "car_v_std": 4.6315}, "datetime": {"datetime": "2024-08-10 13:23:48", "elapsed": 2879.064498, "delta": 4.57206}}
{"target": -0.35455533352089946, "params": {"bus_acc": 0.2001, "bus_dcc": 0.5779, "bus_lcAssertive": 58.2406, "bus_lcCooperative": 0.2387, "bus_lcLookaheadLeft": 34.7844, "bus_lcPushy": 0.836, "bus_lcSigma": 0.7146, "bus_lcSpeedGainRight": 3.5535, "bus_lcSublane": 0.7218, "bus_sigma": 0.8495, "bus_tau_mean": 3.4453, "bus_tau_std": 5.8904, "bus_v_mean": 12.4684, "bus_v_std": 2.4635, "car_acc": 1.3284, "car_dcc": 2.1879, "car_lcAssertive": 18.1481, "car_lcCooperative": 0.0617, "car_lcLookaheadLeft": 88.0527, "car_lcPushy": 0.7789, "car_lcSigma": 0.6322, "car_lcSpeedGainRight": 0.907, "car_lcSublane": 0.317, "car_sigma": 0.9251, "car_tau_mean": 1.5354, "car_tau_std": 4.9501, "car_v_mean": 19.7389, "car_v_std": 0.4085}, "datetime": {"datetime": "2024-08-10 13:23:53", "elapsed": 2883.152282, "delta": 4.087784}}
{"target": -0.2688524186775282, "params": {"bus_acc": 0.4904, "bus_dcc": 1.5676, "bus_lcAssertive": 27.4215, "bus_lcCooperative": 0.7406, "bus_lcLookaheadLeft": 67.1137, "bus_lcPushy": 0.0911, "bus_lcSigma": 0.9709, "bus_lcSpeedGainRight": 2.4247, "bus_lcSublane": 0.7341, "bus_sigma": 0.2697, "bus_tau_mean": 1.9024, "bus_tau_std": 1.6303, "bus_v_mean": 14.6808, "bus_v_std": 1.1549, "car_acc": 2.9583, "car_dcc": 1.4844, "car_lcAssertive": 59.9614, "car_lcCooperative": 0.4007, "car_lcLookaheadLeft": 17.961, "car_lcPushy": 0.6798, "car_lcSigma": 0.6688, "car_lcSpeedGainRight": 3.6858, "car_lcSublane": 0.2012, "car_sigma": 0.0699, "car_tau_mean": 2.2439, "car_tau_std": 1.2741, "car_v_mean": 18.3417, "car_v_std": 5.9173}, "datetime": {"datetime": "2024-08-10 13:23:58", "elapsed": 2888.41702, "delta": 5.264738}}
{"target": -0.24545608957656906, "params": {"bus_acc": 0.944, "bus_dcc": 0.7718, "bus_lcAssertive": 41.491, "bus_lcCooperative": 0.6365, "bus_lcLookaheadLeft": 24.0693, "bus_lcPushy": 0.6752, "bus_lcSigma": 0.2192, "bus_lcSpeedGainRight": 4.5185, "bus_lcSublane": 0.8506, "bus_sigma": 0.1634, "bus_tau_mean": 2.935, "bus_tau_std": 2.3296, "bus_v_mean": 19.4321, "bus_v_std": 5.3759, "car_acc": 2.7165, "car_dcc": 0.5566, "car_lcAssertive": 11.2463, "car_lcCooperative": 0.3167, "car_lcLookaheadLeft": 67.0983, "car_lcPushy": 0.5425, "car_lcSigma": 0.1313, "car_lcSpeedGainRight": 4.4923, "car_lcSublane": 0.0255, "car_sigma": 0.159, "car_tau_mean": 3.4699, "car_tau_std": 6.3168, "car_v_mean": 13.8673, "car_v_std": 19.6544}, "datetime": {"datetime": "2024-08-10 13:24:04", "elapsed": 2894.23713, "delta": 5.82011}}
{"target": -0.3488633341317631, "params": {"bus_acc": 3.9559, "bus_dcc": 0.7761, "bus_lcAssertive": 71.0755, "bus_lcCooperative": 0.2498, "bus_lcLookaheadLeft": 8.1304, "bus_lcPushy": 0.4866, "bus_lcSigma": 0.018, "bus_lcSpeedGainRight": 0.5237, "bus_lcSublane": 0.8291, "bus_sigma": 0.6747, "bus_tau_mean": 1.9588, "bus_tau_std": 4.624, "bus_v_mean": 25.179, "bus_v_std": 6.7456, "car_acc": 2.7116, "car_dcc": 3.0641, "car_lcAssertive": 96.4275, "car_lcCooperative": 0.7153, "car_lcLookaheadLeft": 61.5133, "car_lcPushy": 0.1708, "car_lcSigma": 0.1448, "car_lcSpeedGainRight": 1.3472, "car_lcSublane": 0.6713, "car_sigma": 0.1574, "car_tau_mean": 3.6482, "car_tau_std": 0.0098, "car_v_mean": 11.9411, "car_v_std": 8.7599}, "datetime": {"datetime": "2024-08-10 13:24:10", "elapsed": 2900.741381, "delta": 6.504251}}
{"target": -0.38524292260321974, "params": {"bus_acc": 3.4117, "bus_dcc": 0.9868, "bus_lcAssertive": 83.8829, "bus_lcCooperative": 0.5664, "bus_lcLookaheadLeft": 44.7726, "bus_lcPushy": 0.608, "bus_lcSigma": 0.8846, "bus_lcSpeedGainRight": 1.2806, "bus_lcSublane": 0.4188, "bus_sigma": 0.5465, "bus_tau_mean": 3.1583, "bus_tau_std": 5.0751, "bus_v_mean": 25.2479, "bus_v_std": 9.7495, "car_acc": 3.6892, "car_dcc": 1.3846, "car_lcAssertive": 87.7841, "car_lcCooperative": 0.0809, "car_lcLookaheadLeft": 15.6897, "car_lcPushy": 0.0961, "car_lcSigma": 0.063, "car_lcSpeedGainRight": 3.9804, "car_lcSublane": 0.0809, "car_sigma": 0.9752, "car_tau_mean": 0.7383, "car_tau_std": 1.2288, "car_v_mean": 22.6064, "car_v_std": 3.7829}, "datetime": {"datetime": "2024-08-10 13:24:12", "elapsed": 2903.060379, "delta": 2.318998}}
{"target": -0.409469284285902, "params": {"bus_acc": 1.6557, "bus_dcc": 1.9844, "bus_lcAssertive": 43.8492, "bus_lcCooperative": 0.5472, "bus_lcLookaheadLeft": 77.6359, "bus_lcPushy": 0.0976, "bus_lcSigma": 0.5737, "bus_lcSpeedGainRight": 3.0202, "bus_lcSublane": 0.1977, "bus_sigma": 0.8281, "bus_tau_mean": 2.9002, "bus_tau_std": 6.3217, "bus_v_mean": 20.4773, "bus_v_std": 13.882, "car_acc": 1.195, "car_dcc": 3.461, "car_lcAssertive": 11.816, "car_lcCooperative": 0.7235, "car_lcLookaheadLeft": 7.0826, "car_lcPushy": 0.4214, "car_lcSigma": 0.135, "car_lcSpeedGainRight": 1.4226, "car_lcSublane": 0.9294, "car_sigma": 0.242, "car_tau_mean": 1.4378, "car_tau_std": 2.994, "car_v_mean": 22.7015, "car_v_std": 11.6822}, "datetime": {"datetime": "2024-08-10 13:24:16", "elapsed": 2907.125915, "delta": 4.065536}}
{"target": -0.3163235650888294, "params": {"bus_acc": 0.387, "bus_dcc": 2.6806, "bus_lcAssertive": 51.6215, "bus_lcCooperative": 0.3539, "bus_lcLookaheadLeft": 78.3794, "bus_lcPushy": 0.8809, "bus_lcSigma": 0.105, "bus_lcSpeedGainRight": 2.0934, "bus_lcSublane": 0.0307, "bus_sigma": 0.2259, "bus_tau_mean": 1.8274, "bus_tau_std": 9.2886, "bus_v_mean": 9.2615, "bus_v_std": 18.8446, "car_acc": 2.2586, "car_dcc": 2.4322, "car_lcAssertive": 15.8679, "car_lcCooperative": 0.51, "car_lcLookaheadLeft": 96.8316, "car_lcPushy": 0.6993, "car_lcSigma": 0.9552, "car_lcSpeedGainRight": 2.5883, "car_lcSublane": 0.5996, "car_sigma": 0.8613, "car_tau_mean": 1.5657, "car_tau_std": 1.5423, "car_v_mean": 24.9456, "car_v_std": 3.9206}, "datetime": {"datetime": "2024-08-10 13:24:22", "elapsed": 2912.258154, "delta": 5.132239}}
{"target": -0.3113161922180268, "params": {"bus_acc": 3.5265, "bus_dcc": 3.7083, "bus_lcAssertive": 83.1257, "bus_lcCooperative": 0.0964, "bus_lcLookaheadLeft": 75.4664, "bus_lcPushy": 0.5082, "bus_lcSigma": 0.0166, "bus_lcSpeedGainRight": 3.5642, "bus_lcSublane": 0.1615, "bus_sigma": 0.6203, "bus_tau_mean": 3.5016, "bus_tau_std": 8.8313, "bus_v_mean": 14.3114, "bus_v_std": 11.9977, "car_acc": 1.5091, "car_dcc": 1.2657, "car_lcAssertive": 84.6948, "car_lcCooperative": 0.7522, "car_lcLookaheadLeft": 28.5512, "car_lcPushy": 0.2114, "car_lcSigma": 0.7346, "car_lcSpeedGainRight": 2.3275, "car_lcSublane": 0.2156, "car_sigma": 0.5053, "car_tau_mean": 1.8761, "car_tau_std": 3.022, "car_v_mean": 25.9363, "car_v_std": 11.6065}, "datetime": {"datetime": "2024-08-10 13:24:25", "elapsed": 2915.205667, "delta": 2.947513}}
{"target": -0.6149199243452163, "params": {"bus_acc": 0.4042, "bus_dcc": 3.2521, "bus_lcAssertive": 69.9533, "bus_lcCooperative": 0.183, "bus_lcLookaheadLeft": 99.54, "bus_lcPushy": 0.9027, "bus_lcSigma": 0.2502, "bus_lcSpeedGainRight": 3.355, "bus_lcSublane": 0.8405, "bus_sigma": 0.1024, "bus_tau_mean": 0.8463, "bus_tau_std": 4.051, "bus_v_mean": 24.1996, "bus_v_std": 19.935, "car_acc": 0.6646, "car_dcc": 1.5552, "car_lcAssertive": 14.2985, "car_lcCooperative": 0.3243, "car_lcLookaheadLeft": 34.4644, "car_lcPushy": 0.7186, "car_lcSigma": 0.003, "car_lcSpeedGainRight": 3.1098, "car_lcSublane": 0.3161, "car_sigma": 0.3109, "car_tau_mean": 1.6512, "car_tau_std": 5.8008, "car_v_mean": 10.1187, "car_v_std": 2.502}, "datetime": {"datetime": "2024-08-10 13:24:27", "elapsed": 2917.490056, "delta": 2.284389}}
{"target": -0.6264508458061904, "params": {"bus_acc": 2.9844, "bus_dcc": 3.9484, "bus_lcAssertive": 98.8737, "bus_lcCooperative": 0.5221, "bus_lcLookaheadLeft": 16.8596, "bus_lcPushy": 0.5884, "bus_lcSigma": 0.6424, "bus_lcSpeedGainRight": 4.4648, "bus_lcSublane": 0.4236, "bus_sigma": 0.3362, "bus_tau_mean": 2.1353, "bus_tau_std": 5.2162, "bus_v_mean": 9.7514, "bus_v_std": 9.0994, "car_acc": 0.3539, "car_dcc": 0.5735, "car_lcAssertive": 28.8465, "car_lcCooperative": 0.102, "car_lcLookaheadLeft": 14.5215, "car_lcPushy": 0.5979, "car_lcSigma": 0.9369, "car_lcSpeedGainRight": 3.045, "car_lcSublane": 0.8948, "car_sigma": 0.31, "car_tau_mean": 1.9245, "car_tau_std": 2.3557, "car_v_mean": 10.2345, "car_v_std": 13.5319}, "datetime": {"datetime": "2024-08-10 13:24:34", "elapsed": 2924.439716, "delta": 6.94966}}
{"target": -0.5625845673840241, "params": {"bus_acc": 2.9723, "bus_dcc": 1.5886, "bus_lcAssertive": 6.1249, "bus_lcCooperative": 0.4263, "bus_lcLookaheadLeft": 69.6751, "bus_lcPushy": 0.1543, "bus_lcSigma": 0.5728, "bus_lcSpeedGainRight": 3.4274, "bus_lcSublane": 0.4235, "bus_sigma": 0.0749, "bus_tau_mean": 3.8025, "bus_tau_std": 5.8229, "bus_v_mean": 12.3101, "bus_v_std": 4.2669, "car_acc": 0.7944, "car_dcc": 3.9986, "car_lcAssertive": 65.0557, "car_lcCooperative": 0.3484, "car_lcLookaheadLeft": 89.1833, "car_lcPushy": 0.8588, "car_lcSigma": 0.363, "car_lcSpeedGainRight": 1.1451, "car_lcSublane": 0.9599, "car_sigma": 0.1032, "car_tau_mean": 3.4188, "car_tau_std": 8.3216, "car_v_mean": 14.7916, "car_v_std": 8.429}, "datetime": {"datetime": "2024-08-10 13:24:37", "elapsed": 2927.268942, "delta": 2.829226}}
{"target": -0.36714860503758495, "params": {"bus_acc": 1.391, "bus_dcc": 1.3649, "bus_lcAssertive": 50.7791, "bus_lcCooperative": 0.2285, "bus_lcLookaheadLeft": 72.7441, "bus_lcPushy": 0.2262, "bus_lcSigma": 0.7669, "bus_lcSpeedGainRight": 0.6226, "bus_lcSublane": 0.1404, "bus_sigma": 0.7112, "bus_tau_mean": 2.0328, "bus_tau_std": 4.1781, "bus_v_mean": 20.5012, "bus_v_std": 0.8314, "car_acc": 1.1554, "car_dcc": 2.1184, "car_lcAssertive": 83.1227, "car_lcCooperative": 0.1716, "car_lcLookaheadLeft": 41.9715, "car_lcPushy": 0.1636, "car_lcSigma": 0.1839, "car_lcSpeedGainRight": 3.3468, "car_lcSublane": 0.4713, "car_sigma": 0.7718, "car_tau_mean": 1.7123, "car_tau_std": 8.0577, "car_v_mean": 9.8721, "car_v_std": 18.9136}, "datetime": {"datetime": "2024-08-10 13:24:41", "elapsed": 2931.333244, "delta": 4.064302}}
{"target": -0.385962876987237, "params": {"bus_acc": 2.3036, "bus_dcc": 2.1268, "bus_lcAssertive": 13.1032, "bus_lcCooperative": 0.702, "bus_lcLookaheadLeft": 60.9224, "bus_lcPushy": 0.9883, "bus_lcSigma": 0.6227, "bus_lcSpeedGainRight": 2.8142, "bus_lcSublane": 0.0464, "bus_sigma": 0.5018, "bus_tau_mean": 1.4806, "bus_tau_std": 6.9529, "bus_v_mean": 11.0605, "bus_v_std": 1.4465, "car_acc": 2.4745, "car_dcc": 3.0996, "car_lcAssertive": 11.6979, "car_lcCooperative": 0.6304, "car_lcLookaheadLeft": 9.1731, "car_lcPushy": 0.9934, "car_lcSigma": 0.3354, "car_lcSpeedGainRight": 2.1812, "car_lcSublane": 0.9717, "car_sigma": 0.9435, "car_tau_mean": 1.9096, "car_tau_std": 5.0595, "car_v_mean": 8.1918, "car_v_std": 2.189}, "datetime": {"datetime": "2024-08-10 13:24:46", "elapsed": 2936.324322, "delta": 4.991078}}
{"target": -0.2765506220872061, "params": {"bus_acc": 2.0071, "bus_dcc": 1.9346, "bus_lcAssertive": 76.378, "bus_lcCooperative": 0.072, "bus_lcLookaheadLeft": 12.9973, "bus_lcPushy": 0.2128, "bus_lcSigma": 0.6922, "bus_lcSpeedGainRight": 1.7697, "bus_lcSublane": 0.3671, "bus_sigma": 0.5352, "bus_tau_mean": 1.7283, "bus_tau_std": 0.6536, "bus_v_mean": 22.1158, "bus_v_std": 5.691, "car_acc": 2.3242, "car_dcc": 0.4908, "car_lcAssertive": 26.9661, "car_lcCooperative": 0.4924, "car_lcLookaheadLeft": 55.6241, "car_lcPushy": 0.4543, "car_lcSigma": 0.8627, "car_lcSpeedGainRight": 2.4066, "car_lcSublane": 0.0966, "car_sigma": 0.2995, "car_tau_mean": 0.8459, "car_tau_std": 4.4769, "car_v_mean": 12.4932, "car_v_std": 13.6273}, "datetime": {"datetime": "2024-08-10 13:24:51", "elapsed": 2941.514856, "delta": 5.190534}}
