{"target": -0.32292846360778144, "params": {"bus_acc": 0.5853989521488514, "bus_dcc": 2.9065302567095714, "bus_lcAssertive": 9.725381228617952, "bus_lcCooperative": 0.8660774293737196, "bus_lcLookaheadLeft": 86.61794715259819, "bus_lcPushy": 0.7084507915153727, "bus_lcSigma": 0.4864245738076861, "bus_lcSpeedGainRight": 3.4957328270645824, "bus_lcSublane": 0.3949870601017651, "bus_sigma": 0.7974959842933487, "bus_tau_mean": 3.252459787979467, "bus_tau_std": 1.5552858387362167, "bus_v_mean": 13.72071590631076, "bus_v_std": 6.879663535719807, "car_acc": 1.583847134883398, "car_dcc": 2.3532531154140153, "car_lcAssertive": 5.12705680950849, "car_lcCooperative": 0.6599697189638991, "car_lcLookaheadLeft": 21.759912387550166, "car_lcPushy": 0.4164625561731081, "car_lcSigma": 0.4508926565007, "car_lcSpeedGainRight": 1.7436338477382296, "car_lcSublane": 0.38328031012801256, "car_sigma": 0.18030606084775935, "car_tau_mean": 0.7384552008792604, "car_tau_std": 5.512566489358516, "car_v_mean": 18.725605021099717, "car_v_std": 2.909995784434176}, "datetime": {"datetime": "2024-08-10 12:42:21", "elapsed": 391.982565, "delta": 2.303167}}
{"target": -0.33275152615044457, "params": {"bus_acc": 1.4325773469595087, "bus_dcc": 3.517105030320422, "bus_lcAssertive": 84.6262511526049, "bus_lcCooperative": 0.5384405925945437, "bus_lcLookaheadLeft": 86.92761086831827, "bus_lcPushy": 0.9498059913536265, "bus_lcSigma": 0.8264069976293413, "bus_lcSpeedGainRight": 4.270577219182694, "bus_lcSublane": 0.09874340182034835, "bus_sigma": 0.651304332340991, "bus_tau_mean": 2.9623094585342855, "bus_tau_std": 6.102408126466297, "bus_v_mean": 22.393074711248502, "bus_v_std": 0.691424397432685, "car_acc": 3.126907191308924, "car_dcc": 2.9805686828102025, "car_lcAssertive": 26.710140936536956, "car_lcCooperative": 0.2570692988221467, "car_lcLookaheadLeft": 63.965725108152526, "car_lcPushy": 0.34529746159108154, "car_lcSigma": 0.7965886780072875, "car_lcSpeedGainRight": 2.230731160017286, "car_lcSublane": 0.7827494147841719, "car_sigma": 0.9904717836238407, "car_tau_mean": 1.5508691883686503, "car_tau_std": 1.4300582825809938, "car_v_mean": 24.223551854286928, "car_v_std": 10.831187577747466}, "datetime": {"datetime": "2024-08-10 12:42:25", "elapsed": 395.899109, "delta": 3.916544}}
{"target": -0.43841412395685525, "params": {"bus_acc": 0.22234772948958728, "bus_dcc": 2.9927796709990537, "bus_lcAssertive": 44.90688034848957, "bus_lcCooperative": 0.6978416560498484, "bus_lcLookaheadLeft": 20.134248264423647, "bus_lcPushy": 0.06261980198391548, "bus_lcSigma": 0.3781085867830213, "bus_lcSpeedGainRight": 3.47998255222747, "bus_lcSublane": 0.10281836745431583, "bus_sigma": 0.19583423367499242, "bus_tau_mean": 2.0888342764228196, "bus_tau_std": 6.211491896936461, "bus_v_mean": 21.50223646524173, "bus_v_std": 2.194700425713132, "car_acc": 2.5735697071914365, "car_dcc": 1.671969984149027, "car_lcAssertive": 67.3389465060329, "car_lcCooperative": 0.2035603776619016, "car_lcLookaheadLeft": 53.73604215801165, "car_lcPushy": 0.1721625549559327, "car_lcSigma": 0.018681005996375344, "car_lcSpeedGainRight": 2.4347512321197855, "car_lcSublane": 0.18417777656089307, "car_sigma": 0.6383433300033875, "car_tau_mean": 2.3780118676915154, "car_tau_std": 7.7494537999774575, "car_v_mean": 15.073278247415658, "car_v_std": 19.78904261672506}, "datetime": {"datetime": "2024-08-10 12:42:27", "elapsed": 397.969933, "delta": 2.070824}}
{"target": -0.3281009089543397, "params": {"bus_acc": 2.6280017174000405, "bus_dcc": 2.3493995821115887, "bus_lcAssertive": 31.407068817815265, "bus_lcCooperative": 0.8767770399379612, "bus_lcLookaheadLeft": 98.90454470229535, "bus_lcPushy": 0.777479431209941, "bus_lcSigma": 0.5736438575704191, "bus_lcSpeedGainRight": 0.7063966632050084, "bus_lcSublane": 0.31492902239260356, "bus_sigma": 0.3668593185911837, "bus_tau_mean": 1.5216332735961302, "bus_tau_std": 4.459528147489278, "bus_v_mean": 18.991385303617623, "bus_v_std": 4.258291810303271, "car_acc": 1.1490870662894745, "car_dcc": 0.6261718362401678, "car_lcAssertive": 31.451270328305444, "car_lcCooperative": 0.49744827858464324, "car_lcLookaheadLeft": 50.00116290158865, "car_lcPushy": 0.9955772118463961, "car_lcSigma": 0.9811085630636269, "car_lcSpeedGainRight": 2.182813858405716, "car_lcSublane": 0.9720206217903173, "car_sigma": 0.21439790417581406, "car_tau_mean": 2.3939231013813367, "car_tau_std": 4.534353144697317, "car_v_mean": 25.41696015522583, "car_v_std": 16.723524462707168}, "datetime": {"datetime": "2024-08-10 12:42:29", "elapsed": 399.823771, "delta": 1.853838}}
{"target": -0.33638594738180644, "params": {"bus_acc": 0.7517048054248088, "bus_dcc": 3.4688595606473775, "bus_lcAssertive": 77.52697442050341, "bus_lcCooperative": 0.7759671355687482, "bus_lcLookaheadLeft": 53.812472047415646, "bus_lcPushy": 0.4501853666907679, "bus_lcSigma": 0.22663149269250416, "bus_lcSpeedGainRight": 4.043390885347759, "bus_lcSublane": 0.9659290965618759, "bus_sigma": 0.5435319722003557, "bus_tau_mean": 3.657726099665866, "bus_tau_std": 2.8235044197461976, "bus_v_mean": 17.319594524291468, "bus_v_std": 6.5632517885032655, "car_acc": 3.9688444049857874, "car_dcc": 1.1512032769265546, "car_lcAssertive": 68.1967932636376, "car_lcCooperative": 0.7642020789997055, "car_lcLookaheadLeft": 5.158210594798318, "car_lcPushy": 0.9822712283503278, "car_lcSigma": 0.09132273980371786, "car_lcSpeedGainRight": 3.070374159695059, "car_lcSublane": 0.1493508108256505, "car_sigma": 0.5207964967050822, "car_tau_mean": 0.8267078276010763, "car_tau_std": 7.812004399897563, "car_v_mean": 21.91275831112191, "car_v_std": 11.96297529858186}, "datetime": {"datetime": "2024-08-10 12:42:32", "elapsed": 402.810094, "delta": 2.986323}}
{"target": -0.3460397526199754, "params": {"bus_acc": 1.7151190657902318, "bus_dcc": 3.8731274720401396, "bus_lcAssertive": 16.253838011403385, "bus_lcCooperative": 0.8950868086486484, "bus_lcLookaheadLeft": 32.479280652714465, "bus_lcPushy": 0.548489089666104, "bus_lcSigma": 0.6820662584328149, "bus_lcSpeedGainRight": 1.1823482566307768, "bus_lcSublane": 0.16773668505027162, "bus_sigma": 0.508482013429616, "bus_tau_mean": 3.2715235645463507, "bus_tau_std": 6.924144621670756, "bus_v_mean": 10.141520069114268, "bus_v_std": 18.01484430143466, "car_acc": 2.023002754786789, "car_dcc": 3.797371381110661, "car_lcAssertive": 55.789936918578306, "car_lcCooperative": 0.08480182166035288, "car_lcLookaheadLeft": 21.84137749610449, "car_lcPushy": 0.8542379729163827, "car_lcSigma": 0.7059273667647191, "car_lcSpeedGainRight": 4.474697600764621, "car_lcSublane": 0.32914600179429976, "car_sigma": 0.5280013966376261, "car_tau_mean": 2.7763934636944194, "car_tau_std": 5.9429085358666445, "car_v_mean": 12.16633283961646, "car_v_std": 8.536426988964712}, "datetime": {"datetime": "2024-08-10 12:42:34", "elapsed": 404.338677, "delta": 1.528583}}
{"target": -0.3819177093072275, "params": {"bus_acc": 0.9779933286705766, "bus_dcc": 2.602331026108938, "bus_lcAssertive": 64.04676155930846, "bus_lcCooperative": 0.6924175033786027, "bus_lcLookaheadLeft": 90.9323738680104, "bus_lcPushy": 0.7825809780445985, "bus_lcSigma": 0.6252909358558468, "bus_lcSpeedGainRight": 3.004827976990449, "bus_lcSublane": 0.21275903606814206, "bus_sigma": 0.651365361997868, "bus_tau_mean": 3.350750597718116, "bus_tau_std": 9.223224808528965, "bus_v_mean": 24.499702017456787, "bus_v_std": 11.221976117452732, "car_acc": 1.1873691078138533, "car_dcc": 1.4684303359301232, "car_lcAssertive": 99.77847419131322, "car_lcCooperative": 0.5255977882178193, "car_lcLookaheadLeft": 81.95885393810659, "car_lcPushy": 0.5970161877845721, "car_lcSigma": 0.5069303873283266, "car_lcSpeedGainRight": 1.7426980765284887, "car_lcSublane": 0.5377705282313024, "car_sigma": 0.00673470699420331, "car_tau_mean": 3.568400323088009, "car_tau_std": 5.6148648153267935, "car_v_mean": 8.437065655844215, "car_v_std": 16.36349490662331}, "datetime": {"datetime": "2024-08-10 12:42:36", "elapsed": 406.641193, "delta": 2.302516}}
{"target": -0.36154661264811566, "params": {"bus_acc": 0.8453555943453619, "bus_dcc": 3.53694151303177, "bus_lcAssertive": 10.73633654947196, "bus_lcCooperative": 0.42110762500505217, "bus_lcLookaheadLeft": 95.87317395474919, "bus_lcPushy": 0.5331652849730171, "bus_lcSigma": 0.6918771139504734, "bus_lcSpeedGainRight": 1.5775781550303147, "bus_lcSublane": 0.6865009276815837, "bus_sigma": 0.8346256718973729, "bus_tau_mean": 0.5640089707046714, "bus_tau_std": 7.501443149449675, "bus_v_mean": 25.799499600316906, "bus_v_std": 14.963313087596788, "car_acc": 1.2656871698447396, "car_dcc": 3.1992614481156565, "car_lcAssertive": 11.21937465118656, "car_lcCooperative": 0.44789352617590517, "car_lcLookaheadLeft": 91.04235930312336, "car_lcPushy": 0.2936141483736795, "car_lcSigma": 0.28777533858634874, "car_lcSpeedGainRight": 0.6501428605913884, "car_lcSublane": 0.019366957870297075, "car_sigma": 0.678835532939891, "car_tau_mean": 1.2406984060002066, "car_tau_std": 2.655466593722262, "car_v_mean": 16.848316867046087, "car_v_std": 1.0672509023416077}, "datetime": {"datetime": "2024-08-10 12:42:37", "elapsed": 408.095033, "delta": 1.45384}}
{"target": -0.46500340137307533, "params": {"bus_acc": 0.6249321110561097, "bus_dcc": 2.217979947431444, "bus_lcAssertive": 81.53913136901502, "bus_lcCooperative": 0.37629418365689815, "bus_lcLookaheadLeft": 45.685903574923074, "bus_lcPushy": 0.7509025596645666, "bus_lcSigma": 0.09834637894842024, "bus_lcSpeedGainRight": 1.8026315249823044, "bus_lcSublane": 0.5637062552864558, "bus_sigma": 0.23858559594258377, "bus_tau_mean": 3.439838201027115, "bus_tau_std": 7.658509922899394, "bus_v_mean": 25.379766432662095, "bus_v_std": 10.459761500274574, "car_acc": 0.6047937003642536, "car_dcc": 3.7591446876336505, "car_lcAssertive": 83.58936296013856, "car_lcCooperative": 0.5444181610032376, "car_lcLookaheadLeft": 83.9576231837696, "car_lcPushy": 0.8816909193539424, "car_lcSigma": 0.7760811373668977, "car_lcSpeedGainRight": 2.856269885212087, "car_lcSublane": 0.6152987214660823, "car_sigma": 0.8443906826433587, "car_tau_mean": 2.677758227098768, "car_tau_std": 2.0647995918763162, "car_v_mean": 20.446791623971457, "car_v_std": 10.640275001547632}, "datetime": {"datetime": "2024-08-10 12:42:39", "elapsed": 410.090305, "delta": 1.995272}}
{"target": -0.45497470878552787, "params": {"bus_acc": 1.7527122854730746, "bus_dcc": 0.8722360449696243, "bus_lcAssertive": 40.36755689486291, "bus_lcCooperative": 0.48521265373011824, "bus_lcLookaheadLeft": 99.07729007128228, "bus_lcPushy": 0.28419507592058557, "bus_lcSigma": 0.16563967647923183, "bus_lcSpeedGainRight": 1.1028775675772207, "bus_lcSublane": 0.21146734435685288, "bus_sigma": 0.07604769057476157, "bus_tau_mean": 1.7771769444820875, "bus_tau_std": 2.8473402479064247, "bus_v_mean": 23.976598258580854, "bus_v_std": 15.605192199128378, "car_acc": 0.6144468360199138, "car_dcc": 3.4319132823961556, "car_lcAssertive": 11.8502620840065, "car_lcCooperative": 0.7202077467752445, "car_lcLookaheadLeft": 58.13678119626764, "car_lcPushy": 0.08680838426747961, "car_lcSigma": 0.9053280360773668, "car_lcSpeedGainRight": 4.372832574426883, "car_lcSublane": 0.8438517313619269, "car_sigma": 0.3695673551173151, "car_tau_mean": 1.2803299433140876, "car_tau_std": 9.971116548587963, "car_v_mean": 22.71209057863107, "car_v_std": 0.8425632125621263}, "datetime": {"datetime": "2024-08-10 12:42:42", "elapsed": 412.230531, "delta": 2.140226}}
{"target": -0.39698966923149254, "params": {"bus_acc": 3.6756091291609985, "bus_dcc": 3.3144243515907577, "bus_lcAssertive": 43.848167779710884, "bus_lcCooperative": 0.8556231314791921, "bus_lcLookaheadLeft": 24.1093225156119, "bus_lcPushy": 0.5405160670188519, "bus_lcSigma": 0.31515028861984373, "bus_lcSpeedGainRight": 0.5981724786276194, "bus_lcSublane": 0.14551195275320672, "bus_sigma": 0.9366048176878554, "bus_tau_mean": 1.1824734974452031, "bus_tau_std": 6.499101292412803, "bus_v_mean": 12.304180842921484, "bus_v_std": 10.5093914546465, "car_acc": 0.6964099756352633, "car_dcc": 1.3002533149384667, "car_lcAssertive": 40.651928474763466, "car_lcCooperative": 0.7066787742228039, "car_lcLookaheadLeft": 90.30485366442399, "car_lcPushy": 0.42857713198435743, "car_lcSigma": 0.713821968579719, "car_lcSpeedGainRight": 0.6954323027473958, "car_lcSublane": 0.10057507447264702, "car_sigma": 0.44810959037341414, "car_tau_mean": 3.1617718171797966, "car_tau_std": 2.316152840736775, "car_v_mean": 22.564390826497423, "car_v_std": 5.048154711224113}, "datetime": {"datetime": "2024-08-10 12:42:43", "elapsed": 413.568738, "delta": 1.338207}}
{"target": -0.8185464443448689, "params": {"bus_acc": 1.574823891447213, "bus_dcc": 3.944203847924227, "bus_lcAssertive": 87.00910808594698, "bus_lcCooperative": 0.15249674176120542, "bus_lcLookaheadLeft": 80.28495672749605, "bus_lcPushy": 0.8109969194215267, "bus_lcSigma": 0.928207219127176, "bus_lcSpeedGainRight": 1.1219213302199227, "bus_lcSublane": 0.49896747449996004, "bus_sigma": 0.8274440914110759, "bus_tau_mean": 2.8356682474936914, "bus_tau_std": 5.939361433837695, "bus_v_mean": 19.735564773873357, "bus_v_std": 4.770320255980261, "car_acc": 0.2970523225280048, "car_dcc": 2.9977775782968292, "car_lcAssertive": 33.35239070775688, "car_lcCooperative": 0.3767568869201464, "car_lcLookaheadLeft": 62.0363733066563, "car_lcPushy": 0.657165042363517, "car_lcSigma": 0.20289890062284244, "car_lcSpeedGainRight": 4.130157689227094, "car_lcSublane": 0.38020660524547945, "car_sigma": 0.6317444085013915, "car_tau_mean": 3.8824399547830866, "car_tau_std": 5.647862352666362, "car_v_mean": 14.460400552199424, "car_v_std": 12.379402174802845}, "datetime": {"datetime": "2024-08-10 12:42:45", "elapsed": 416.025982, "delta": 2.457244}}
{"target": -0.4652013669430411, "params": {"bus_acc": 3.82670036102456, "bus_dcc": 3.5559876905277004, "bus_lcAssertive": 33.19657715681397, "bus_lcCooperative": 0.9106338892935747, "bus_lcLookaheadLeft": 48.95915802295722, "bus_lcPushy": 0.2020687207866142, "bus_lcSigma": 0.27144940811841056, "bus_lcSpeedGainRight": 1.2049095819583604, "bus_lcSublane": 0.05557545631473737, "bus_sigma": 0.43713611124302, "bus_tau_mean": 3.6660401063330412, "bus_tau_std": 5.2575746417926315, "bus_v_mean": 17.818216512299564, "bus_v_std": 4.539992203310723, "car_acc": 0.3763231530164046, "car_dcc": 0.6780704866319307, "car_lcAssertive": 22.297443588352753, "car_lcCooperative": 0.8733934154093561, "car_lcLookaheadLeft": 98.85620375904838, "car_lcPushy": 0.017766248571012166, "car_lcSigma": 0.44330995524008576, "car_lcSpeedGainRight": 1.8459864539273725, "car_lcSublane": 0.5364635635120685, "car_sigma": 0.6165228186390816, "car_tau_mean": 1.8859991642028981, "car_tau_std": 1.8386406418744683, "car_v_mean": 18.534936424768382, "car_v_std": 0.6659353927292422}, "datetime": {"datetime": "2024-08-10 12:42:49", "elapsed": 419.508781, "delta": 3.482799}}
{"target": -0.3402581418809148, "params": {"bus_acc": 0.4125832680479738, "bus_dcc": 1.5363481123062157, "bus_lcAssertive": 4.725067581583739, "bus_lcCooperative": 0.583033921230445, "bus_lcLookaheadLeft": 67.91056741138893, "bus_lcPushy": 0.46048358998473815, "bus_lcSigma": 0.7411168537245286, "bus_lcSpeedGainRight": 2.5051248220704094, "bus_lcSublane": 0.702352620836162, "bus_sigma": 0.2306409059229675, "bus_tau_mean": 3.1061434331151325, "bus_tau_std": 5.016372020053996, "bus_v_mean": 20.696638938362497, "bus_v_std": 8.933955806327784, "car_acc": 2.1225743163864492, "car_dcc": 0.3578336953185789, "car_lcAssertive": 49.441619769822196, "car_lcCooperative": 0.14228750219732444, "car_lcLookaheadLeft": 15.964593004485474, "car_lcPushy": 0.43335040255954493, "car_lcSigma": 0.5762147898259073, "car_lcSpeedGainRight": 1.71524347595776, "car_lcSublane": 0.16049159026420812, "car_sigma": 0.7414104169799515, "car_tau_mean": 3.8708205047402764, "car_tau_std": 7.336422859505056, "car_v_mean": 9.387156166953677, "car_v_std": 16.818163162504703}, "datetime": {"datetime": "2024-08-10 12:42:52", "elapsed": 422.515518, "delta": 3.006737}}
{"target": -0.2719319112574526, "params": {"bus_acc": 0.4680597700260569, "bus_dcc": 0.4791732865684687, "bus_lcAssertive": 2.459635299094746, "bus_lcCooperative": 0.971820072977926, "bus_lcLookaheadLeft": 11.287157812808454, "bus_lcPushy": 0.8417368261858497, "bus_lcSigma": 0.6851729969076996, "bus_lcSpeedGainRight": 2.4377858374145904, "bus_lcSublane": 0.3466948813585782, "bus_sigma": 0.35364778706700506, "bus_tau_mean": 1.3884360882151552, "bus_tau_std": 9.110179736986264, "bus_v_mean": 21.061565818907642, "bus_v_std": 0.5185158556853975, "car_acc": 1.9537807623390353, "car_dcc": 1.2689448356398831, "car_lcAssertive": 3.8676524316119494, "car_lcCooperative": 0.8846818943092944, "car_lcLookaheadLeft": 77.55852507955886, "car_lcPushy": 0.32973507924426093, "car_lcSigma": 0.796558587536711, "car_lcSpeedGainRight": 1.6231916110149829, "car_lcSublane": 0.30788244381764673, "car_sigma": 0.9281090785007262, "car_tau_mean": 3.919206566810476, "car_tau_std": 5.235553047168928, "car_v_mean": 25.13483301622265, "car_v_std": 17.75992987852929}, "datetime": {"datetime": "2024-08-10 12:42:55", "elapsed": 425.138067, "delta": 2.622549}}
{"target": -0.3135767594004249, "params": {"bus_acc": 2.8341393218378745, "bus_dcc": 2.432441021531555, "bus_lcAssertive": 64.53316890252607, "bus_lcCooperative": 0.37408018773825613, "bus_lcLookaheadLeft": 28.9952786117102, "bus_lcPushy": 0.5094085814387623, "bus_lcSigma": 0.8858231171497215, "bus_lcSpeedGainRight": 2.8264483518278416, "bus_lcSublane": 0.6631488914643168, "bus_sigma": 0.44137923095350085, "bus_tau_mean": 3.9024868049250827, "bus_tau_std": 7.425224523517098, "bus_v_mean": 14.388245195313921, "bus_v_std": 13.070620653273188, "car_acc": 2.2619423651125374, "car_dcc": 3.5594136070390068, "car_lcAssertive": 28.230351055475758, "car_lcCooperative": 0.10806748517233733, "car_lcLookaheadLeft": 20.74466107063467, "car_lcPushy": 0.38704623260508586, "car_lcSigma": 0.8540597949343145, "car_lcSpeedGainRight": 1.354224569179583, "car_lcSublane": 0.6263588032086836, "car_sigma": 0.6235518010455583, "car_tau_mean": 1.9281649737177504, "car_tau_std": 0.5033512965945175, "car_v_mean": 21.407009714584866, "car_v_std": 5.914510688477623}, "datetime": {"datetime": "2024-08-10 12:43:00", "elapsed": 431.108812, "delta": 5.970745}}
{"target": -0.27991168337357936, "params": {"bus_acc": 1.181116923228439, "bus_dcc": 0.3415129713209823, "bus_lcAssertive": 2.589168707539145, "bus_lcCooperative": 0.15270593118117648, "bus_lcLookaheadLeft": 47.284250913778735, "bus_lcPushy": 0.7559010975378051, "bus_lcSigma": 0.7288149319451539, "bus_lcSpeedGainRight": 1.7619472124151836, "bus_lcSublane": 0.4791392787629136, "bus_sigma": 0.8140737533756652, "bus_tau_mean": 3.4344101723264266, "bus_tau_std": 3.199167004179855, "bus_v_mean": 8.076770331327928, "bus_v_std": 0.9386168645246529, "car_acc": 3.0036680348951394, "car_dcc": 1.2360026680755305, "car_lcAssertive": 48.667095406478566, "car_lcCooperative": 0.1920312660311443, "car_lcLookaheadLeft": 85.01706577605505, "car_lcPushy": 0.5033776096365531, "car_lcSigma": 0.5271601757222614, "car_lcSpeedGainRight": 1.4403979404287743, "car_lcSublane": 0.5119992306639229, "car_sigma": 0.0019636453825200295, "car_tau_mean": 1.4705326412012352, "car_tau_std": 3.487629835384359, "car_v_mean": 13.111115953202647, "car_v_std": 1.7190445515483566}, "datetime": {"datetime": "2024-08-10 12:43:03", "elapsed": 433.234557, "delta": 2.125745}}
{"target": -0.370934991183924, "params": {"bus_acc": 1.972857433604356, "bus_dcc": 2.56845564585808, "bus_lcAssertive": 82.14743517243357, "bus_lcCooperative": 0.4148056144153559, "bus_lcLookaheadLeft": 92.83170521184299, "bus_lcPushy": 0.597383245707438, "bus_lcSigma": 0.0018307971193968209, "bus_lcSpeedGainRight": 3.4001896280125807, "bus_lcSublane": 0.21277364503799268, "bus_sigma": 0.015255832231660937, "bus_tau_mean": 3.0751188107242284, "bus_tau_std": 5.519103823134891, "bus_v_mean": 22.10517960686832, "bus_v_std": 1.763381459054878, "car_acc": 1.5516587969291877, "car_dcc": 1.338866227294134, "car_lcAssertive": 57.33129677407974, "car_lcCooperative": 0.5101532052376175, "car_lcLookaheadLeft": 78.64837250211872, "car_lcPushy": 0.18705790830807079, "car_lcSigma": 0.5764955065612383, "car_lcSpeedGainRight": 3.221887041733784, "car_lcSublane": 0.4598679872862814, "car_sigma": 0.5579772299699466, "car_tau_mean": 3.910141221685204, "car_tau_std": 7.516724175522118, "car_v_mean": 14.857754498014902, "car_v_std": 8.680325709369164}, "datetime": {"datetime": "2024-08-10 12:43:05", "elapsed": 435.270805, "delta": 2.036248}}
{"target": -0.3577567215595614, "params": {"bus_acc": 1.06122051703783, "bus_dcc": 1.4729002205611443, "bus_lcAssertive": 76.61371739793161, "bus_lcCooperative": 0.8534229165541922, "bus_lcLookaheadLeft": 44.838138754882145, "bus_lcPushy": 0.9303323300063634, "bus_lcSigma": 0.5796142988403586, "bus_lcSpeedGainRight": 0.245487407154526, "bus_lcSublane": 0.4528613379550066, "bus_sigma": 0.160400046327681, "bus_tau_mean": 3.06488556422507, "bus_tau_std": 3.4735266793066844, "bus_v_mean": 11.621197514710747, "bus_v_std": 16.855760681286462, "car_acc": 3.3076260608486745, "car_dcc": 1.505857425251201, "car_lcAssertive": 40.95865633289407, "car_lcCooperative": 0.06059981017907001, "car_lcLookaheadLeft": 19.530702302919654, "car_lcPushy": 0.7359188438468761, "car_lcSigma": 0.566130348490864, "car_lcSpeedGainRight": 4.116184850506533, "car_lcSublane": 0.5011500981247835, "car_sigma": 0.7678624156754708, "car_tau_mean": 2.2847130016697363, "car_tau_std": 5.680690305779442, "car_v_mean": 11.323123357349342, "car_v_std": 10.888020490335737}, "datetime": {"datetime": "2024-08-10 12:43:08", "elapsed": 438.778279, "delta": 3.507474}}
