{"target": -0.4548550780789153, "params": {"bus_acc": 1.2282, "bus_dcc": 1.9157, "bus_lcAssertive": 40.6268, "bus_lcCooperative": 0.4299, "bus_lcLookaheadLeft": 25.5599, "bus_lcPushy": 0.1304, "bus_lcSigma": 0.6123, "bus_lcSpeedGainRight": 3.9434, "bus_lcSublane": 0.8948, "bus_sigma": 0.9626, "bus_tau_mean": 3.7477, "bus_tau_std": 5.7237, "bus_v_mean": 22.0439, "bus_v_std": 10.9146, "car_acc": 0.4507, "car_dcc": 0.77, "car_lcAssertive": 51.3885, "car_lcCooperative": 0.6392, "car_lcLookaheadLeft": 15.4097, "car_lcPushy": 0.9225, "car_lcSigma": 0.9019, "car_lcSpeedGainRight": 4.9677, "car_lcSublane": 0.2914, "car_sigma": 0.5498, "car_tau_mean": 2.306, "car_tau_std": 3.5433, "car_v_mean": 9.833, "car_v_std": 0.3944}, "datetime": {"datetime": "2024-08-10 13:04:15", "elapsed": 1705.883203, "delta": 5.097472}}
{"target": -0.322065990873881, "params": {"bus_acc": 1.9673, "bus_dcc": 1.7222, "bus_lcAssertive": 44.9914, "bus_lcCooperative": 0.7225, "bus_lcLookaheadLeft": 21.1168, "bus_lcPushy": 0.5763, "bus_lcSigma": 0.205, "bus_lcSpeedGainRight": 0.6183, "bus_lcSublane": 0.3786, "bus_sigma": 0.5329, "bus_tau_mean": 3.3321, "bus_tau_std": 7.8039, "bus_v_mean": 23.3391, "bus_v_std": 13.307, "car_acc": 3.2154, "car_dcc": 1.9833, "car_lcAssertive": 52.8031, "car_lcCooperative": 0.181, "car_lcLookaheadLeft": 89.9896, "car_lcPushy": 0.1869, "car_lcSigma": 0.5856, "car_lcSpeedGainRight": 0.7478, "car_lcSublane": 0.6352, "car_sigma": 0.4077, "car_tau_mean": 1.1616, "car_tau_std": 3.6588, "car_v_mean": 16.4407, "car_v_std": 9.2739}, "datetime": {"datetime": "2024-08-10 13:04:19", "elapsed": 1709.67212, "delta": 3.788917}}
{"target": -0.3192660987444336, "params": {"bus_acc": 2.5917, "bus_dcc": 2.8307, "bus_lcAssertive": 68.6112, "bus_lcCooperative": 0.2247, "bus_lcLookaheadLeft": 18.8076, "bus_lcPushy": 0.4849, "bus_lcSigma": 0.1021, "bus_lcSpeedGainRight": 1.1309, "bus_lcSublane": 0.7066, "bus_sigma": 0.6308, "bus_tau_mean": 2.5573, "bus_tau_std": 8.7022, "bus_v_mean": 14.6726, "bus_v_std": 9.0713, "car_acc": 1.4007, "car_dcc": 0.372, "car_lcAssertive": 85.3771, "car_lcCooperative": 0.8952, "car_lcLookaheadLeft": 86.5378, "car_lcPushy": 0.1349, "car_lcSigma": 0.2162, "car_lcSpeedGainRight": 4.2478, "car_lcSublane": 0.6974, "car_sigma": 0.5582, "car_tau_mean": 3.2523, "car_tau_std": 4.8342, "car_v_mean": 15.0094, "car_v_std": 0.0724}, "datetime": {"datetime": "2024-08-10 13:04:25", "elapsed": 1715.721075, "delta": 6.048955}}
{"target": -0.2983982101748626, "params": {"bus_acc": 2.7867, "bus_dcc": 0.9438, "bus_lcAssertive": 77.7999, "bus_lcCooperative": 0.4562, "bus_lcLookaheadLeft": 32.6333, "bus_lcPushy": 0.4494, "bus_lcSigma": 0.568, "bus_lcSpeedGainRight": 3.0416, "bus_lcSublane": 0.6919, "bus_sigma": 0.7816, "bus_tau_mean": 3.2957, "bus_tau_std": 9.6439, "bus_v_mean": 14.1795, "bus_v_std": 16.7329, "car_acc": 2.1406, "car_dcc": 1.4173, "car_lcAssertive": 96.1282, "car_lcCooperative": 0.7564, "car_lcLookaheadLeft": 92.323, "car_lcPushy": 0.0371, "car_lcSigma": 0.1169, "car_lcSpeedGainRight": 0.2154, "car_lcSublane": 0.883, "car_sigma": 0.6032, "car_tau_mean": 3.9836, "car_tau_std": 7.334, "car_v_mean": 9.492, "car_v_std": 19.9688}, "datetime": {"datetime": "2024-08-10 13:04:28", "elapsed": 1719.102475, "delta": 3.3814}}
{"target": -0.3303928149731628, "params": {"bus_acc": 0.6335, "bus_dcc": 3.611, "bus_lcAssertive": 59.0404, "bus_lcCooperative": 0.1649, "bus_lcLookaheadLeft": 52.4086, "bus_lcPushy": 0.1299, "bus_lcSigma": 0.6859, "bus_lcSpeedGainRight": 0.5803, "bus_lcSublane": 0.8293, "bus_sigma": 0.7153, "bus_tau_mean": 0.6232, "bus_tau_std": 2.3814, "bus_v_mean": 21.6339, "bus_v_std": 5.4408, "car_acc": 2.8446, "car_dcc": 2.1805, "car_lcAssertive": 17.1421, "car_lcCooperative": 0.6074, "car_lcLookaheadLeft": 55.1024, "car_lcPushy": 0.6279, "car_lcSigma": 0.6575, "car_lcSpeedGainRight": 3.8278, "car_lcSublane": 0.8967, "car_sigma": 0.1323, "car_tau_mean": 3.1172, "car_tau_std": 2.4947, "car_v_mean": 10.7257, "car_v_std": 16.2994}, "datetime": {"datetime": "2024-08-10 13:04:31", "elapsed": 1721.89279, "delta": 2.790315}}
{"target": -0.37345683211066394, "params": {"bus_acc": 2.2826, "bus_dcc": 1.1614, "bus_lcAssertive": 85.2226, "bus_lcCooperative": 0.0052, "bus_lcLookaheadLeft": 74.6858, "bus_lcPushy": 0.5007, "bus_lcSigma": 0.6631, "bus_lcSpeedGainRight": 0.874, "bus_lcSublane": 0.85, "bus_sigma": 0.8846, "bus_tau_mean": 2.8296, "bus_tau_std": 5.6252, "bus_v_mean": 18.1199, "bus_v_std": 5.9692, "car_acc": 1.3468, "car_dcc": 2.423, "car_lcAssertive": 92.8023, "car_lcCooperative": 0.4173, "car_lcLookaheadLeft": 19.1079, "car_lcPushy": 0.3796, "car_lcSigma": 0.9893, "car_lcSpeedGainRight": 1.5143, "car_lcSublane": 0.4717, "car_sigma": 0.6558, "car_tau_mean": 1.6358, "car_tau_std": 4.3386, "car_v_mean": 14.038, "car_v_std": 15.2876}, "datetime": {"datetime": "2024-08-10 13:04:36", "elapsed": 1726.931992, "delta": 5.039202}}
{"target": -0.29541657828836665, "params": {"bus_acc": 3.9335, "bus_dcc": 1.9567, "bus_lcAssertive": 79.8675, "bus_lcCooperative": 0.6196, "bus_lcLookaheadLeft": 64.9919, "bus_lcPushy": 0.0885, "bus_lcSigma": 0.8038, "bus_lcSpeedGainRight": 4.3219, "bus_lcSublane": 0.7157, "bus_sigma": 0.1448, "bus_tau_mean": 0.5006, "bus_tau_std": 6.7115, "bus_v_mean": 14.7187, "bus_v_std": 10.0472, "car_acc": 2.7173, "car_dcc": 1.7311, "car_lcAssertive": 1.9203, "car_lcCooperative": 0.2729, "car_lcLookaheadLeft": 22.4679, "car_lcPushy": 0.6374, "car_lcSigma": 0.894, "car_lcSpeedGainRight": 1.8101, "car_lcSublane": 0.8171, "car_sigma": 0.8771, "car_tau_mean": 3.4472, "car_tau_std": 2.9591, "car_v_mean": 8.3159, "car_v_std": 10.6466}, "datetime": {"datetime": "2024-08-10 13:04:42", "elapsed": 1732.62824, "delta": 5.696248}}
{"target": -0.8238377102503563, "params": {"bus_acc": 0.8688, "bus_dcc": 3.7925, "bus_lcAssertive": 72.6221, "bus_lcCooperative": 0.1896, "bus_lcLookaheadLeft": 24.0711, "bus_lcPushy": 0.198, "bus_lcSigma": 0.4843, "bus_lcSpeedGainRight": 0.4341, "bus_lcSublane": 0.5122, "bus_sigma": 0.9153, "bus_tau_mean": 1.5053, "bus_tau_std": 3.0943, "bus_v_mean": 24.501, "bus_v_std": 9.6576, "car_acc": 0.2749, "car_dcc": 0.9707, "car_lcAssertive": 32.0583, "car_lcCooperative": 0.3451, "car_lcLookaheadLeft": 99.3637, "car_lcPushy": 0.7651, "car_lcSigma": 0.7018, "car_lcSpeedGainRight": 0.3778, "car_lcSublane": 0.4894, "car_sigma": 0.2802, "car_tau_mean": 3.3761, "car_tau_std": 8.6361, "car_v_mean": 13.117, "car_v_std": 7.0524}, "datetime": {"datetime": "2024-08-10 13:04:44", "elapsed": 1734.608747, "delta": 1.980507}}
{"target": -0.28888046830594877, "params": {"bus_acc": 3.0691, "bus_dcc": 3.6855, "bus_lcAssertive": 24.8164, "bus_lcCooperative": 0.6336, "bus_lcLookaheadLeft": 68.8701, "bus_lcPushy": 0.3024, "bus_lcSigma": 0.6454, "bus_lcSpeedGainRight": 3.6803, "bus_lcSublane": 0.4686, "bus_sigma": 0.5961, "bus_tau_mean": 3.4492, "bus_tau_std": 4.648, "bus_v_mean": 22.1044, "bus_v_std": 10.1777, "car_acc": 3.0474, "car_dcc": 1.2568, "car_lcAssertive": 79.0596, "car_lcCooperative": 0.092, "car_lcLookaheadLeft": 19.1106, "car_lcPushy": 0.3901, "car_lcSigma": 0.5912, "car_lcSpeedGainRight": 3.9758, "car_lcSublane": 0.7946, "car_sigma": 0.1863, "car_tau_mean": 0.636, "car_tau_std": 1.832, "car_v_mean": 10.1994, "car_v_std": 0.6105}, "datetime": {"datetime": "2024-08-10 13:04:48", "elapsed": 1738.260216, "delta": 3.651469}}
{"target": -0.3976409874312889, "params": {"bus_acc": 0.9322, "bus_dcc": 3.0225, "bus_lcAssertive": 90.4853, "bus_lcCooperative": 0.9648, "bus_lcLookaheadLeft": 77.0248, "bus_lcPushy": 0.1202, "bus_lcSigma": 0.724, "bus_lcSpeedGainRight": 2.7462, "bus_lcSublane": 0.9011, "bus_sigma": 0.9115, "bus_tau_mean": 2.1788, "bus_tau_std": 5.1301, "bus_v_mean": 16.8503, "bus_v_std": 2.364, "car_acc": 2.6922, "car_dcc": 2.1076, "car_lcAssertive": 96.0975, "car_lcCooperative": 0.7305, "car_lcLookaheadLeft": 83.3394, "car_lcPushy": 0.9135, "car_lcSigma": 0.3839, "car_lcSpeedGainRight": 4.2852, "car_lcSublane": 0.5604, "car_sigma": 0.1963, "car_tau_mean": 1.4774, "car_tau_std": 5.2855, "car_v_mean": 9.4534, "car_v_std": 1.6206}, "datetime": {"datetime": "2024-08-10 13:04:53", "elapsed": 1743.731898, "delta": 5.471682}}
{"target": -0.28792326483643055, "params": {"bus_acc": 3.9638, "bus_dcc": 2.5422, "bus_lcAssertive": 86.849, "bus_lcCooperative": 0.6952, "bus_lcLookaheadLeft": 24.4113, "bus_lcPushy": 0.9013, "bus_lcSigma": 0.0852, "bus_lcSpeedGainRight": 1.3879, "bus_lcSublane": 0.3593, "bus_sigma": 0.3518, "bus_tau_mean": 2.0008, "bus_tau_std": 5.5536, "bus_v_mean": 16.758, "bus_v_std": 19.5435, "car_acc": 3.1869, "car_dcc": 2.8958, "car_lcAssertive": 85.3503, "car_lcCooperative": 0.7842, "car_lcLookaheadLeft": 54.5994, "car_lcPushy": 0.3505, "car_lcSigma": 0.1101, "car_lcSpeedGainRight": 4.8579, "car_lcSublane": 0.6304, "car_sigma": 0.3472, "car_tau_mean": 3.1967, "car_tau_std": 0.5464, "car_v_mean": 23.4407, "car_v_std": 16.7062}, "datetime": {"datetime": "2024-08-10 13:04:57", "elapsed": 1747.346403, "delta": 3.614505}}
{"target": -0.2544526129143538, "params": {"bus_acc": 0.6658, "bus_dcc": 1.9417, "bus_lcAssertive": 61.5866, "bus_lcCooperative": 0.0396, "bus_lcLookaheadLeft": 17.3672, "bus_lcPushy": 0.8803, "bus_lcSigma": 0.4522, "bus_lcSpeedGainRight": 4.1314, "bus_lcSublane": 0.07, "bus_sigma": 0.0954, "bus_tau_mean": 1.832, "bus_tau_std": 2.0322, "bus_v_mean": 9.2864, "bus_v_std": 8.7338, "car_acc": 2.9346, "car_dcc": 0.3424, "car_lcAssertive": 45.1096, "car_lcCooperative": 0.3863, "car_lcLookaheadLeft": 22.8892, "car_lcPushy": 0.355, "car_lcSigma": 0.3557, "car_lcSpeedGainRight": 3.6425, "car_lcSublane": 0.1714, "car_sigma": 0.1426, "car_tau_mean": 2.7178, "car_tau_std": 2.3291, "car_v_mean": 11.3659, "car_v_std": 15.1327}, "datetime": {"datetime": "2024-08-10 13:05:01", "elapsed": 1751.246532, "delta": 3.900129}}
{"target": -0.4758616824493087, "params": {"bus_acc": 2.0643, "bus_dcc": 1.1981, "bus_lcAssertive": 99.2988, "bus_lcCooperative": 0.9065, "bus_lcLookaheadLeft": 71.6298, "bus_lcPushy": 0.2766, "bus_lcSigma": 0.7132, "bus_lcSpeedGainRight": 2.972, "bus_lcSublane": 0.9999, "bus_sigma": 0.9226, "bus_tau_mean": 2.8854, "bus_tau_std": 6.816, "bus_v_mean": 10.3274, "bus_v_std": 3.6012, "car_acc": 0.6907, "car_dcc": 0.7964, "car_lcAssertive": 44.5788, "car_lcCooperative": 0.1484, "car_lcLookaheadLeft": 47.4228, "car_lcPushy": 0.3944, "car_lcSigma": 0.4937, "car_lcSpeedGainRight": 2.9781, "car_lcSublane": 0.2488, "car_sigma": 0.7175, "car_tau_mean": 3.6256, "car_tau_std": 4.9105, "car_v_mean": 10.1063, "car_v_std": 4.6849}, "datetime": {"datetime": "2024-08-10 13:05:06", "elapsed": 1756.999721, "delta": 5.753189}}
{"target": -0.23794568153734186, "params": {"bus_acc": 0.684, "bus_dcc": 0.6591, "bus_lcAssertive": 76.4212, "bus_lcCooperative": 0.6413, "bus_lcLookaheadLeft": 88.7371, "bus_lcPushy": 0.9252, "bus_lcSigma": 0.3144, "bus_lcSpeedGainRight": 3.6037, "bus_lcSublane": 0.4235, "bus_sigma": 0.3987, "bus_tau_mean": 1.8737, "bus_tau_std": 1.0913, "bus_v_mean": 22.6156, "bus_v_std": 8.4649, "car_acc": 3.3713, "car_dcc": 0.3471, "car_lcAssertive": 98.2169, "car_lcCooperative": 0.8834, "car_lcLookaheadLeft": 9.1811, "car_lcPushy": 0.0361, "car_lcSigma": 0.1685, "car_lcSpeedGainRight": 3.4127, "car_lcSublane": 0.5564, "car_sigma": 0.5213, "car_tau_mean": 1.0324, "car_tau_std": 2.3779, "car_v_mean": 25.844, "car_v_std": 18.9227}, "datetime": {"datetime": "2024-08-10 13:05:12", "elapsed": 1762.58844, "delta": 5.588719}}
{"target": -0.325988928359005, "params": {"bus_acc": 2.094, "bus_dcc": 2.2643, "bus_lcAssertive": 52.0381, "bus_lcCooperative": 0.3876, "bus_lcLookaheadLeft": 10.43, "bus_lcPushy": 0.5924, "bus_lcSigma": 0.4297, "bus_lcSpeedGainRight": 2.8583, "bus_lcSublane": 0.0608, "bus_sigma": 0.66, "bus_tau_mean": 3.5534, "bus_tau_std": 8.215, "bus_v_mean": 21.0758, "bus_v_std": 9.1419, "car_acc": 3.2042, "car_dcc": 2.7109, "car_lcAssertive": 47.4323, "car_lcCooperative": 0.2495, "car_lcLookaheadLeft": 33.6552, "car_lcPushy": 0.3059, "car_lcSigma": 0.1906, "car_lcSpeedGainRight": 1.3061, "car_lcSublane": 0.1863, "car_sigma": 0.3067, "car_tau_mean": 0.9418, "car_tau_std": 5.0018, "car_v_mean": 17.3495, "car_v_std": 13.9027}, "datetime": {"datetime": "2024-08-10 13:05:19", "elapsed": 1769.154712, "delta": 6.566272}}
{"target": -0.33142788434882586, "params": {"bus_acc": 2.6132, "bus_dcc": 2.4346, "bus_lcAssertive": 13.1608, "bus_lcCooperative": 0.3224, "bus_lcLookaheadLeft": 18.4072, "bus_lcPushy": 0.4381, "bus_lcSigma": 0.4015, "bus_lcSpeedGainRight": 0.4501, "bus_lcSublane": 0.0979, "bus_sigma": 0.0587, "bus_tau_mean": 3.7016, "bus_tau_std": 9.0002, "bus_v_mean": 13.1682, "bus_v_std": 9.7197, "car_acc": 1.1482, "car_dcc": 2.7593, "car_lcAssertive": 20.8365, "car_lcCooperative": 0.6619, "car_lcLookaheadLeft": 88.3892, "car_lcPushy": 0.5723, "car_lcSigma": 0.3541, "car_lcSpeedGainRight": 3.2755, "car_lcSublane": 0.4172, "car_sigma": 0.8469, "car_tau_mean": 3.0015, "car_tau_std": 4.1661, "car_v_mean": 22.3526, "car_v_std": 0.1768}, "datetime": {"datetime": "2024-08-10 13:05:27", "elapsed": 1777.617934, "delta": 8.463222}}
{"target": -0.3021402492963589, "params": {"bus_acc": 2.7398, "bus_dcc": 0.5751, "bus_lcAssertive": 16.867, "bus_lcCooperative": 0.0217, "bus_lcLookaheadLeft": 32.5921, "bus_lcPushy": 0.7631, "bus_lcSigma": 0.0264, "bus_lcSpeedGainRight": 4.4942, "bus_lcSublane": 0.015, "bus_sigma": 0.1808, "bus_tau_mean": 1.9483, "bus_tau_std": 3.5125, "bus_v_mean": 18.7754, "bus_v_std": 0.6955, "car_acc": 1.9419, "car_dcc": 2.5094, "car_lcAssertive": 50.5435, "car_lcCooperative": 0.4007, "car_lcLookaheadLeft": 12.226, "car_lcPushy": 0.8925, "car_lcSigma": 0.8079, "car_lcSpeedGainRight": 0.0569, "car_lcSublane": 0.9312, "car_sigma": 0.6338, "car_tau_mean": 2.8069, "car_tau_std": 1.9068, "car_v_mean": 12.1141, "car_v_std": 11.1115}, "datetime": {"datetime": "2024-08-10 13:05:41", "elapsed": 1791.235082, "delta": 13.617148}}
{"target": -0.29237478627302804, "params": {"bus_acc": 3.1784, "bus_dcc": 2.3132, "bus_lcAssertive": 47.4506, "bus_lcCooperative": 0.4419, "bus_lcLookaheadLeft": 96.9351, "bus_lcPushy": 0.0352, "bus_lcSigma": 0.4617, "bus_lcSpeedGainRight": 0.4662, "bus_lcSublane": 0.2703, "bus_sigma": 0.2918, "bus_tau_mean": 2.829, "bus_tau_std": 0.5832, "bus_v_mean": 23.8176, "bus_v_std": 16.5543, "car_acc": 2.7538, "car_dcc": 1.3126, "car_lcAssertive": 74.1457, "car_lcCooperative": 0.6691, "car_lcLookaheadLeft": 76.8607, "car_lcPushy": 0.3765, "car_lcSigma": 0.7308, "car_lcSpeedGainRight": 3.216, "car_lcSublane": 0.37, "car_sigma": 0.3023, "car_tau_mean": 2.5106, "car_tau_std": 3.9345, "car_v_mean": 17.305, "car_v_std": 14.4681}, "datetime": {"datetime": "2024-08-10 13:05:48", "elapsed": 1798.528436, "delta": 7.293354}}
{"target": -0.3267632687044067, "params": {"bus_acc": 3.4994, "bus_dcc": 2.9574, "bus_lcAssertive": 32.072, "bus_lcCooperative": 0.3385, "bus_lcLookaheadLeft": 35.111, "bus_lcPushy": 0.4076, "bus_lcSigma": 0.6546, "bus_lcSpeedGainRight": 4.8133, "bus_lcSublane": 0.964, "bus_sigma": 0.9364, "bus_tau_mean": 2.509, "bus_tau_std": 4.9075, "bus_v_mean": 10.6224, "bus_v_std": 6.0743, "car_acc": 2.9402, "car_dcc": 3.3342, "car_lcAssertive": 54.8793, "car_lcCooperative": 0.7893, "car_lcLookaheadLeft": 74.3184, "car_lcPushy": 0.5088, "car_lcSigma": 0.4758, "car_lcSpeedGainRight": 4.5813, "car_lcSublane": 0.237, "car_sigma": 0.102, "car_tau_mean": 0.5491, "car_tau_std": 6.5611, "car_v_mean": 24.1169, "car_v_std": 4.8786}, "datetime": {"datetime": "2024-08-10 13:05:54", "elapsed": 1804.396625, "delta": 5.868189}}
{"target": -0.38651351247376464, "params": {"bus_acc": 0.4045, "bus_dcc": 3.9857, "bus_lcAssertive": 89.0619, "bus_lcCooperative": 0.9073, "bus_lcLookaheadLeft": 96.8074, "bus_lcPushy": 0.2634, "bus_lcSigma": 0.1053, "bus_lcSpeedGainRight": 0.4342, "bus_lcSublane": 0.5072, "bus_sigma": 0.9551, "bus_tau_mean": 0.5794, "bus_tau_std": 7.4945, "bus_v_mean": 22.4211, "bus_v_std": 19.4728, "car_acc": 2.7851, "car_dcc": 3.9505, "car_lcAssertive": 78.5151, "car_lcCooperative": 0.7911, "car_lcLookaheadLeft": 58.0669, "car_lcPushy": 0.5468, "car_lcSigma": 0.5747, "car_lcSpeedGainRight": 0.4957, "car_lcSublane": 0.6734, "car_sigma": 0.507, "car_tau_mean": 2.122, "car_tau_std": 5.6112, "car_v_mean": 11.794, "car_v_std": 12.3647}, "datetime": {"datetime": "2024-08-10 13:06:03", "elapsed": 1813.988207, "delta": 9.591582}}
{"target": -0.31639085381342924, "params": {"bus_acc": 3.3001, "bus_dcc": 2.004, "bus_lcAssertive": 81.9851, "bus_lcCooperative": 0.5892, "bus_lcLookaheadLeft": 82.1296, "bus_lcPushy": 0.2592, "bus_lcSigma": 0.959, "bus_lcSpeedGainRight": 2.1407, "bus_lcSublane": 0.6642, "bus_sigma": 0.1142, "bus_tau_mean": 1.4771, "bus_tau_std": 9.2209, "bus_v_mean": 25.4761, "bus_v_std": 9.8568, "car_acc": 3.2746, "car_dcc": 3.2082, "car_lcAssertive": 81.4051, "car_lcCooperative": 0.7117, "car_lcLookaheadLeft": 87.7148, "car_lcPushy": 0.5104, "car_lcSigma": 0.1301, "car_lcSpeedGainRight": 1.2254, "car_lcSublane": 0.4898, "car_sigma": 0.2594, "car_tau_mean": 3.4116, "car_tau_std": 6.8407, "car_v_mean": 12.1105, "car_v_std": 7.3457}, "datetime": {"datetime": "2024-08-10 13:06:08", "elapsed": 1819.080217, "delta": 5.09201}}
{"target": -0.3193722124974234, "params": {"bus_acc": 3.1667, "bus_dcc": 0.7286, "bus_lcAssertive": 41.3551, "bus_lcCooperative": 0.2771, "bus_lcLookaheadLeft": 56.1649, "bus_lcPushy": 0.0451, "bus_lcSigma": 0.5804, "bus_lcSpeedGainRight": 1.6367, "bus_lcSublane": 0.785, "bus_sigma": 0.6182, "bus_tau_mean": 2.9464, "bus_tau_std": 9.3591, "bus_v_mean": 19.5229, "bus_v_std": 15.4817, "car_acc": 3.1274, "car_dcc": 0.2157, "car_lcAssertive": 35.648, "car_lcCooperative": 0.5404, "car_lcLookaheadLeft": 55.3144, "car_lcPushy": 0.9046, "car_lcSigma": 0.0181, "car_lcSpeedGainRight": 1.9439, "car_lcSublane": 0.0688, "car_sigma": 0.3371, "car_tau_mean": 3.3118, "car_tau_std": 0.4665, "car_v_mean": 11.1862, "car_v_std": 5.0161}, "datetime": {"datetime": "2024-08-10 13:06:13", "elapsed": 1823.943514, "delta": 4.863297}}
{"target": -0.33930270525150524, "params": {"bus_acc": 0.3997, "bus_dcc": 0.7804, "bus_lcAssertive": 32.8375, "bus_lcCooperative": 0.1725, "bus_lcLookaheadLeft": 50.4826, "bus_lcPushy": 0.7486, "bus_lcSigma": 0.7797, "bus_lcSpeedGainRight": 2.9141, "bus_lcSublane": 0.1643, "bus_sigma": 0.1106, "bus_tau_mean": 3.0368, "bus_tau_std": 2.3071, "bus_v_mean": 17.6241, "bus_v_std": 14.9097, "car_acc": 1.0023, "car_dcc": 0.7872, "car_lcAssertive": 4.8688, "car_lcCooperative": 0.0717, "car_lcLookaheadLeft": 85.376, "car_lcPushy": 0.0296, "car_lcSigma": 0.1478, "car_lcSpeedGainRight": 0.0879, "car_lcSublane": 0.6005, "car_sigma": 0.1558, "car_tau_mean": 1.8825, "car_tau_std": 1.328, "car_v_mean": 14.7032, "car_v_std": 8.4237}, "datetime": {"datetime": "2024-08-10 13:06:18", "elapsed": 1828.242865, "delta": 4.299351}}
{"target": -0.3239885801585245, "params": {"bus_acc": 1.6869, "bus_dcc": 1.4352, "bus_lcAssertive": 61.1257, "bus_lcCooperative": 0.7157, "bus_lcLookaheadLeft": 33.2724, "bus_lcPushy": 0.5676, "bus_lcSigma": 0.4146, "bus_lcSpeedGainRight": 1.5803, "bus_lcSublane": 0.7334, "bus_sigma": 0.2399, "bus_tau_mean": 2.1742, "bus_tau_std": 7.0927, "bus_v_mean": 10.1969, "bus_v_std": 4.4937, "car_acc": 1.6309, "car_dcc": 2.0769, "car_lcAssertive": 34.4799, "car_lcCooperative": 0.6114, "car_lcLookaheadLeft": 9.7634, "car_lcPushy": 0.3751, "car_lcSigma": 0.704, "car_lcSpeedGainRight": 0.9591, "car_lcSublane": 0.779, "car_sigma": 0.6411, "car_tau_mean": 1.247, "car_tau_std": 1.8047, "car_v_mean": 21.3435, "car_v_std": 7.3799}, "datetime": {"datetime": "2024-08-10 13:06:24", "elapsed": 1834.438005, "delta": 6.19514}}
{"target": -0.32334379533055285, "params": {"bus_acc": 2.8872, "bus_dcc": 0.3199, "bus_lcAssertive": 79.0778, "bus_lcCooperative": 0.6913, "bus_lcLookaheadLeft": 33.8644, "bus_lcPushy": 0.9698, "bus_lcSigma": 0.5441, "bus_lcSpeedGainRight": 2.5778, "bus_lcSublane": 0.4502, "bus_sigma": 0.9803, "bus_tau_mean": 3.1828, "bus_tau_std": 6.5943, "bus_v_mean": 22.7096, "bus_v_std": 6.7793, "car_acc": 3.7296, "car_dcc": 3.2016, "car_lcAssertive": 28.6449, "car_lcCooperative": 0.7338, "car_lcLookaheadLeft": 27.7819, "car_lcPushy": 0.6859, "car_lcSigma": 0.0762, "car_lcSpeedGainRight": 3.8257, "car_lcSublane": 0.8472, "car_sigma": 0.4312, "car_tau_mean": 0.9977, "car_tau_std": 5.9497, "car_v_mean": 9.0295, "car_v_std": 6.1329}, "datetime": {"datetime": "2024-08-10 13:06:28", "elapsed": 1839.03056, "delta": 4.592555}}
{"target": -0.30902551873692796, "params": {"bus_acc": 0.5318, "bus_dcc": 0.5163, "bus_lcAssertive": 9.5697, "bus_lcCooperative": 0.178, "bus_lcLookaheadLeft": 82.9364, "bus_lcPushy": 0.8105, "bus_lcSigma": 0.4825, "bus_lcSpeedGainRight": 3.3249, "bus_lcSublane": 0.4719, "bus_sigma": 0.1169, "bus_tau_mean": 3.719, "bus_tau_std": 8.568, "bus_v_mean": 12.2344, "bus_v_std": 2.561, "car_acc": 3.1082, "car_dcc": 1.2278, "car_lcAssertive": 64.2449, "car_lcCooperative": 0.1324, "car_lcLookaheadLeft": 13.3331, "car_lcPushy": 0.1376, "car_lcSigma": 0.6411, "car_lcSpeedGainRight": 1.0821, "car_lcSublane": 0.9109, "car_sigma": 0.3791, "car_tau_mean": 3.3567, "car_tau_std": 9.1948, "car_v_mean": 17.1118, "car_v_std": 19.9934}, "datetime": {"datetime": "2024-08-10 13:06:38", "elapsed": 1848.239506, "delta": 9.208946}}
