{"target": -0.3903032070739163, "params": {"bus_acc": 3.9215, "bus_dcc": 1.2016, "bus_lcAssertive": 96.2771, "bus_lcCooperative": 0.351, "bus_lcLookaheadLeft": 17.3608, "bus_lcPushy": 0.2495, "bus_lcSigma": 0.8879, "bus_lcSpeedGainRight": 1.6538, "bus_lcSublane": 0.3655, "bus_sigma": 0.6508, "bus_tau_mean": 1.0599, "bus_tau_std": 7.2976, "bus_v_mean": 21.0442, "bus_v_std": 3.8356, "car_acc": 1.5936, "car_dcc": 1.1628, "car_lcAssertive": 41.0902, "car_lcCooperative": 0.2211, "car_lcLookaheadLeft": 65.536, "car_lcPushy": 0.8847, "car_lcSigma": 0.6512, "car_lcSpeedGainRight": 4.5679, "car_lcSublane": 0.0419, "car_sigma": 0.5402, "car_tau_mean": 1.6854, "car_tau_std": 6.6237, "car_v_mean": 8.2374, "car_v_std": 15.8712}, "datetime": {"datetime": "2024-08-10 14:48:09", "elapsed": 7939.871372, "delta": 5.308857}}
{"target": -0.3582998781930781, "params": {"bus_acc": 1.8609, "bus_dcc": 0.8256, "bus_lcAssertive": 89.2061, "bus_lcCooperative": 0.3623, "bus_lcLookaheadLeft": 95.9326, "bus_lcPushy": 0.6075, "bus_lcSigma": 0.2158, "bus_lcSpeedGainRight": 3.3144, "bus_lcSublane": 0.1987, "bus_sigma": 0.6875, "bus_tau_mean": 2.4247, "bus_tau_std": 4.0235, "bus_v_mean": 14.8215, "bus_v_std": 10.4425, "car_acc": 3.2552, "car_dcc": 3.3184, "car_lcAssertive": 69.6752, "car_lcCooperative": 0.4641, "car_lcLookaheadLeft": 38.2371, "car_lcPushy": 0.1833, "car_lcSigma": 0.1675, "car_lcSpeedGainRight": 3.957, "car_lcSublane": 0.9654, "car_sigma": 0.4761, "car_tau_mean": 2.8125, "car_tau_std": 5.971, "car_v_mean": 15.0937, "car_v_std": 0.5602}, "datetime": {"datetime": "2024-08-10 14:48:15", "elapsed": 7945.451193, "delta": 5.579821}}
{"target": -0.3872152145475786, "params": {"bus_acc": 1.5589, "bus_dcc": 1.4474, "bus_lcAssertive": 77.643, "bus_lcCooperative": 0.6056, "bus_lcLookaheadLeft": 88.701, "bus_lcPushy": 0.8947, "bus_lcSigma": 0.2931, "bus_lcSpeedGainRight": 2.8131, "bus_lcSublane": 0.0705, "bus_sigma": 0.4196, "bus_tau_mean": 2.8045, "bus_tau_std": 7.9106, "bus_v_mean": 21.2601, "bus_v_std": 11.499, "car_acc": 0.692, "car_dcc": 1.1665, "car_lcAssertive": 77.8967, "car_lcCooperative": 0.9011, "car_lcLookaheadLeft": 51.0475, "car_lcPushy": 0.1059, "car_lcSigma": 0.1026, "car_lcSpeedGainRight": 0.2382, "car_lcSublane": 0.6578, "car_sigma": 0.3031, "car_tau_mean": 2.8663, "car_tau_std": 4.2844, "car_v_mean": 21.1286, "car_v_std": 14.3216}, "datetime": {"datetime": "2024-08-10 14:48:22", "elapsed": 7952.323852, "delta": 6.872659}}
{"target": -0.31504524089389335, "params": {"bus_acc": 3.1259, "bus_dcc": 1.4151, "bus_lcAssertive": 12.0156, "bus_lcCooperative": 0.7644, "bus_lcLookaheadLeft": 44.5367, "bus_lcPushy": 0.321, "bus_lcSigma": 0.1219, "bus_lcSpeedGainRight": 0.2319, "bus_lcSublane": 0.5892, "bus_sigma": 0.0545, "bus_tau_mean": 1.348, "bus_tau_std": 0.8601, "bus_v_mean": 19.0306, "bus_v_std": 2.0496, "car_acc": 3.8043, "car_dcc": 1.8457, "car_lcAssertive": 53.9563, "car_lcCooperative": 0.6613, "car_lcLookaheadLeft": 43.9358, "car_lcPushy": 0.9432, "car_lcSigma": 0.5085, "car_lcSpeedGainRight": 3.7806, "car_lcSublane": 0.0097, "car_sigma": 0.103, "car_tau_mean": 2.7261, "car_tau_std": 0.7994, "car_v_mean": 19.7851, "car_v_std": 5.6484}, "datetime": {"datetime": "2024-08-10 14:48:27", "elapsed": 7957.699337, "delta": 5.375485}}
{"target": -0.5384389805176274, "params": {"bus_acc": 0.3684, "bus_dcc": 3.8921, "bus_lcAssertive": 73.8861, "bus_lcCooperative": 0.299, "bus_lcLookaheadLeft": 38.7389, "bus_lcPushy": 0.7301, "bus_lcSigma": 0.3647, "bus_lcSpeedGainRight": 0.9687, "bus_lcSublane": 0.7292, "bus_sigma": 0.9032, "bus_tau_mean": 3.1749, "bus_tau_std": 3.6641, "bus_v_mean": 22.2522, "bus_v_std": 10.5673, "car_acc": 0.4839, "car_dcc": 1.3183, "car_lcAssertive": 81.8603, "car_lcCooperative": 0.0303, "car_lcLookaheadLeft": 90.4281, "car_lcPushy": 0.6682, "car_lcSigma": 0.3839, "car_lcSpeedGainRight": 2.5208, "car_lcSublane": 0.7761, "car_sigma": 0.6456, "car_tau_mean": 1.7129, "car_tau_std": 3.8803, "car_v_mean": 23.316, "car_v_std": 12.8783}, "datetime": {"datetime": "2024-08-10 14:48:33", "elapsed": 7963.19327, "delta": 5.493933}}
{"target": -0.22465157640837555, "params": {"bus_acc": 1.1477, "bus_dcc": 0.7641, "bus_lcAssertive": 59.8208, "bus_lcCooperative": 0.439, "bus_lcLookaheadLeft": 23.8103, "bus_lcPushy": 0.7166, "bus_lcSigma": 0.781, "bus_lcSpeedGainRight": 2.1549, "bus_lcSublane": 0.1081, "bus_sigma": 0.0252, "bus_tau_mean": 2.5067, "bus_tau_std": 1.0921, "bus_v_mean": 8.9754, "bus_v_std": 14.0259, "car_acc": 0.6632, "car_dcc": 0.2343, "car_lcAssertive": 2.8543, "car_lcCooperative": 0.521, "car_lcLookaheadLeft": 46.1293, "car_lcPushy": 0.8667, "car_lcSigma": 0.1041, "car_lcSpeedGainRight": 2.6145, "car_lcSublane": 0.0658, "car_sigma": 0.8776, "car_tau_mean": 2.3402, "car_tau_std": 3.4063, "car_v_mean": 24.5288, "car_v_std": 7.4759}, "datetime": {"datetime": "2024-08-10 14:48:39", "elapsed": 7969.624905, "delta": 6.431635}}
{"target": -0.3369273520561869, "params": {"bus_acc": 3.7546, "bus_dcc": 1.6384, "bus_lcAssertive": 21.8328, "bus_lcCooperative": 0.0078, "bus_lcLookaheadLeft": 92.812, "bus_lcPushy": 0.9512, "bus_lcSigma": 0.4939, "bus_lcSpeedGainRight": 4.7585, "bus_lcSublane": 0.8394, "bus_sigma": 0.6916, "bus_tau_mean": 3.8861, "bus_tau_std": 4.9693, "bus_v_mean": 19.8027, "bus_v_std": 13.7165, "car_acc": 2.1059, "car_dcc": 1.7725, "car_lcAssertive": 33.1433, "car_lcCooperative": 0.3304, "car_lcLookaheadLeft": 20.0314, "car_lcPushy": 0.1528, "car_lcSigma": 0.9674, "car_lcSpeedGainRight": 2.2369, "car_lcSublane": 0.9422, "car_sigma": 0.702, "car_tau_mean": 3.9033, "car_tau_std": 5.7547, "car_v_mean": 21.958, "car_v_std": 12.8995}, "datetime": {"datetime": "2024-08-10 14:48:44", "elapsed": 7974.724333, "delta": 5.099428}}
{"target": -0.2831419846591785, "params": {"bus_acc": 2.5576, "bus_dcc": 2.049, "bus_lcAssertive": 51.7424, "bus_lcCooperative": 0.7006, "bus_lcLookaheadLeft": 53.9973, "bus_lcPushy": 0.0351, "bus_lcSigma": 0.2914, "bus_lcSpeedGainRight": 3.5755, "bus_lcSublane": 0.6311, "bus_sigma": 0.8959, "bus_tau_mean": 1.7253, "bus_tau_std": 8.3864, "bus_v_mean": 22.4301, "bus_v_std": 4.5572, "car_acc": 3.3491, "car_dcc": 0.3973, "car_lcAssertive": 23.7545, "car_lcCooperative": 0.9331, "car_lcLookaheadLeft": 84.8901, "car_lcPushy": 0.3633, "car_lcSigma": 0.5346, "car_lcSpeedGainRight": 2.4512, "car_lcSublane": 0.6353, "car_sigma": 0.1123, "car_tau_mean": 2.5695, "car_tau_std": 7.3386, "car_v_mean": 18.2161, "car_v_std": 13.8159}, "datetime": {"datetime": "2024-08-10 14:48:48", "elapsed": 7978.777714, "delta": 4.053381}}
{"target": -0.34645091066992856, "params": {"bus_acc": 2.0437, "bus_dcc": 3.8387, "bus_lcAssertive": 21.0822, "bus_lcCooperative": 0.4281, "bus_lcLookaheadLeft": 63.9534, "bus_lcPushy": 0.0703, "bus_lcSigma": 0.298, "bus_lcSpeedGainRight": 3.956, "bus_lcSublane": 0.1932, "bus_sigma": 0.6155, "bus_tau_mean": 1.4408, "bus_tau_std": 6.6686, "bus_v_mean": 9.5008, "bus_v_std": 6.5345, "car_acc": 1.3635, "car_dcc": 2.4661, "car_lcAssertive": 88.6571, "car_lcCooperative": 0.6565, "car_lcLookaheadLeft": 7.8021, "car_lcPushy": 0.2413, "car_lcSigma": 0.6201, "car_lcSpeedGainRight": 3.1408, "car_lcSublane": 0.291, "car_sigma": 0.6227, "car_tau_mean": 3.3563, "car_tau_std": 7.4898, "car_v_mean": 16.9066, "car_v_std": 6.8888}, "datetime": {"datetime": "2024-08-10 14:48:53", "elapsed": 7983.579676, "delta": 4.801962}}
{"target": -0.37003316731265024, "params": {"bus_acc": 1.0108, "bus_dcc": 3.9229, "bus_lcAssertive": 91.1533, "bus_lcCooperative": 0.9875, "bus_lcLookaheadLeft": 79.229, "bus_lcPushy": 0.6411, "bus_lcSigma": 0.2335, "bus_lcSpeedGainRight": 4.2835, "bus_lcSublane": 0.2272, "bus_sigma": 0.5486, "bus_tau_mean": 3.3541, "bus_tau_std": 8.1576, "bus_v_mean": 10.4761, "bus_v_std": 7.8022, "car_acc": 2.35, "car_dcc": 1.8114, "car_lcAssertive": 2.5448, "car_lcCooperative": 0.1982, "car_lcLookaheadLeft": 44.6049, "car_lcPushy": 0.294, "car_lcSigma": 0.7511, "car_lcSpeedGainRight": 0.3805, "car_lcSublane": 0.1366, "car_sigma": 0.8381, "car_tau_mean": 2.2273, "car_tau_std": 7.509, "car_v_mean": 10.9677, "car_v_std": 6.4591}, "datetime": {"datetime": "2024-08-10 14:49:01", "elapsed": 7991.623753, "delta": 8.044077}}
{"target": -0.3432867286445939, "params": {"bus_acc": 3.5749, "bus_dcc": 2.7913, "bus_lcAssertive": 54.2524, "bus_lcCooperative": 0.1225, "bus_lcLookaheadLeft": 53.7634, "bus_lcPushy": 0.1349, "bus_lcSigma": 0.196, "bus_lcSpeedGainRight": 0.6726, "bus_lcSublane": 0.9978, "bus_sigma": 0.7397, "bus_tau_mean": 1.02, "bus_tau_std": 4.6858, "bus_v_mean": 12.3675, "bus_v_std": 10.1401, "car_acc": 1.4157, "car_dcc": 3.4621, "car_lcAssertive": 84.7769, "car_lcCooperative": 0.5155, "car_lcLookaheadLeft": 59.3938, "car_lcPushy": 0.4774, "car_lcSigma": 0.9325, "car_lcSpeedGainRight": 0.8791, "car_lcSublane": 0.3653, "car_sigma": 0.1451, "car_tau_mean": 0.5212, "car_tau_std": 5.9924, "car_v_mean": 17.7615, "car_v_std": 0.9766}, "datetime": {"datetime": "2024-08-10 14:49:09", "elapsed": 7999.246735, "delta": 7.622982}}
{"target": -0.885961999221598, "params": {"bus_acc": 0.3321, "bus_dcc": 2.5786, "bus_lcAssertive": 80.0088, "bus_lcCooperative": 0.2765, "bus_lcLookaheadLeft": 52.2198, "bus_lcPushy": 0.2565, "bus_lcSigma": 0.515, "bus_lcSpeedGainRight": 3.1645, "bus_lcSublane": 0.3646, "bus_sigma": 0.4036, "bus_tau_mean": 2.1706, "bus_tau_std": 1.2573, "bus_v_mean": 12.1278, "bus_v_std": 9.9344, "car_acc": 0.9212, "car_dcc": 0.5433, "car_lcAssertive": 64.0783, "car_lcCooperative": 0.6518, "car_lcLookaheadLeft": 15.7311, "car_lcPushy": 0.4346, "car_lcSigma": 0.6639, "car_lcSpeedGainRight": 0.4157, "car_lcSublane": 0.5769, "car_sigma": 0.1315, "car_tau_mean": 3.7221, "car_tau_std": 5.3111, "car_v_mean": 19.4605, "car_v_std": 0.022}, "datetime": {"datetime": "2024-08-10 14:49:15", "elapsed": 8005.630023, "delta": 6.383288}}
{"target": -0.37913325721751145, "params": {"bus_acc": 1.2303, "bus_dcc": 1.9488, "bus_lcAssertive": 46.8983, "bus_lcCooperative": 0.0958, "bus_lcLookaheadLeft": 15.6634, "bus_lcPushy": 0.0332, "bus_lcSigma": 0.2398, "bus_lcSpeedGainRight": 2.4409, "bus_lcSublane": 0.9581, "bus_sigma": 0.5273, "bus_tau_mean": 3.5536, "bus_tau_std": 6.8488, "bus_v_mean": 13.4033, "bus_v_std": 18.4837, "car_acc": 2.1534, "car_dcc": 3.366, "car_lcAssertive": 26.8959, "car_lcCooperative": 0.9076, "car_lcLookaheadLeft": 72.4706, "car_lcPushy": 0.2997, "car_lcSigma": 0.7288, "car_lcSpeedGainRight": 1.3845, "car_lcSublane": 0.4155, "car_sigma": 0.2616, "car_tau_mean": 3.2324, "car_tau_std": 2.6137, "car_v_mean": 9.5064, "car_v_std": 16.4094}, "datetime": {"datetime": "2024-08-10 14:49:23", "elapsed": 8013.157197, "delta": 7.527174}}
{"target": -0.37365800111753394, "params": {"bus_acc": 0.3763, "bus_dcc": 0.5726, "bus_lcAssertive": 15.2534, "bus_lcCooperative": 0.1788, "bus_lcLookaheadLeft": 19.6549, "bus_lcPushy": 0.8368, "bus_lcSigma": 0.6378, "bus_lcSpeedGainRight": 2.9402, "bus_lcSublane": 0.6047, "bus_sigma": 0.5643, "bus_tau_mean": 0.6533, "bus_tau_std": 2.1461, "bus_v_mean": 17.6998, "bus_v_std": 3.948, "car_acc": 1.3444, "car_dcc": 3.6233, "car_lcAssertive": 69.6111, "car_lcCooperative": 0.0927, "car_lcLookaheadLeft": 54.8829, "car_lcPushy": 0.8482, "car_lcSigma": 0.7341, "car_lcSpeedGainRight": 0.7243, "car_lcSublane": 0.0601, "car_sigma": 0.1449, "car_tau_mean": 2.6636, "car_tau_std": 5.652, "car_v_mean": 21.7176, "car_v_std": 0.9683}, "datetime": {"datetime": "2024-08-10 14:49:27", "elapsed": 8017.229385, "delta": 4.072188}}
{"target": -0.5308505895297191, "params": {"bus_acc": 1.5778, "bus_dcc": 3.8372, "bus_lcAssertive": 8.4296, "bus_lcCooperative": 0.5808, "bus_lcLookaheadLeft": 89.7919, "bus_lcPushy": 0.6915, "bus_lcSigma": 0.7951, "bus_lcSpeedGainRight": 3.4599, "bus_lcSublane": 0.3516, "bus_sigma": 0.4714, "bus_tau_mean": 0.6493, "bus_tau_std": 1.3608, "bus_v_mean": 25.8517, "bus_v_std": 8.3391, "car_acc": 2.8245, "car_dcc": 1.2869, "car_lcAssertive": 22.4672, "car_lcCooperative": 0.1261, "car_lcLookaheadLeft": 35.5507, "car_lcPushy": 0.8085, "car_lcSigma": 0.0673, "car_lcSpeedGainRight": 2.5478, "car_lcSublane": 0.7394, "car_sigma": 0.1706, "car_tau_mean": 1.01, "car_tau_std": 4.5102, "car_v_mean": 19.9813, "car_v_std": 0.4618}, "datetime": {"datetime": "2024-08-10 14:49:37", "elapsed": 8027.536397, "delta": 10.307012}}
{"target": -0.3240906595104621, "params": {"bus_acc": 3.7056, "bus_dcc": 3.1178, "bus_lcAssertive": 54.228, "bus_lcCooperative": 0.5054, "bus_lcLookaheadLeft": 26.1124, "bus_lcPushy": 0.5309, "bus_lcSigma": 0.5104, "bus_lcSpeedGainRight": 3.9349, "bus_lcSublane": 0.9621, "bus_sigma": 0.8989, "bus_tau_mean": 2.9293, "bus_tau_std": 2.8562, "bus_v_mean": 19.7436, "bus_v_std": 3.2606, "car_acc": 2.3976, "car_dcc": 2.3357, "car_lcAssertive": 81.7088, "car_lcCooperative": 0.4761, "car_lcLookaheadLeft": 83.4986, "car_lcPushy": 0.9802, "car_lcSigma": 0.8044, "car_lcSpeedGainRight": 2.4779, "car_lcSublane": 0.0924, "car_sigma": 0.0041, "car_tau_mean": 2.3313, "car_tau_std": 0.87, "car_v_mean": 8.8401, "car_v_std": 19.2247}, "datetime": {"datetime": "2024-08-10 14:49:43", "elapsed": 8033.169993, "delta": 5.633596}}
{"target": -0.3779827033492451, "params": {"bus_acc": 1.5562, "bus_dcc": 0.8389, "bus_lcAssertive": 84.727, "bus_lcCooperative": 0.178, "bus_lcLookaheadLeft": 90.3171, "bus_lcPushy": 0.6978, "bus_lcSigma": 0.2934, "bus_lcSpeedGainRight": 1.3801, "bus_lcSublane": 0.7477, "bus_sigma": 0.5942, "bus_tau_mean": 3.5, "bus_tau_std": 4.6866, "bus_v_mean": 21.2205, "bus_v_std": 2.8503, "car_acc": 1.0012, "car_dcc": 0.2568, "car_lcAssertive": 53.2699, "car_lcCooperative": 0.886, "car_lcLookaheadLeft": 61.8846, "car_lcPushy": 0.3006, "car_lcSigma": 0.3494, "car_lcSpeedGainRight": 0.2771, "car_lcSublane": 0.0798, "car_sigma": 0.4266, "car_tau_mean": 3.6326, "car_tau_std": 3.1013, "car_v_mean": 23.8247, "car_v_std": 11.8863}, "datetime": {"datetime": "2024-08-10 14:49:49", "elapsed": 8039.924979, "delta": 6.754986}}
{"target": -0.2749414198677063, "params": {"bus_acc": 0.8058, "bus_dcc": 1.9055, "bus_lcAssertive": 57.3766, "bus_lcCooperative": 0.5088, "bus_lcLookaheadLeft": 46.4231, "bus_lcPushy": 0.2537, "bus_lcSigma": 0.7907, "bus_lcSpeedGainRight": 2.398, "bus_lcSublane": 0.9712, "bus_sigma": 0.1302, "bus_tau_mean": 0.803, "bus_tau_std": 3.8405, "bus_v_mean": 12.1988, "bus_v_std": 0.0246, "car_acc": 2.5859, "car_dcc": 2.1793, "car_lcAssertive": 99.7214, "car_lcCooperative": 0.988, "car_lcLookaheadLeft": 56.1759, "car_lcPushy": 0.6937, "car_lcSigma": 0.124, "car_lcSpeedGainRight": 1.1504, "car_lcSublane": 0.5065, "car_sigma": 0.9789, "car_tau_mean": 1.1026, "car_tau_std": 2.7048, "car_v_mean": 15.7567, "car_v_std": 8.0668}, "datetime": {"datetime": "2024-08-10 14:49:54", "elapsed": 8045.127296, "delta": 5.202317}}
{"target": -0.746391197562493, "params": {"bus_acc": 0.6359, "bus_dcc": 2.6433, "bus_lcAssertive": 37.8863, "bus_lcCooperative": 0.3121, "bus_lcLookaheadLeft": 63.3505, "bus_lcPushy": 0.0079, "bus_lcSigma": 0.105, "bus_lcSpeedGainRight": 1.5094, "bus_lcSublane": 0.8113, "bus_sigma": 0.9863, "bus_tau_mean": 1.5795, "bus_tau_std": 7.2999, "bus_v_mean": 14.635, "bus_v_std": 9.4201, "car_acc": 0.5606, "car_dcc": 3.7332, "car_lcAssertive": 48.0654, "car_lcCooperative": 0.0238, "car_lcLookaheadLeft": 22.923, "car_lcPushy": 0.7082, "car_lcSigma": 0.1431, "car_lcSpeedGainRight": 1.9793, "car_lcSublane": 0.2529, "car_sigma": 0.7415, "car_tau_mean": 3.9325, "car_tau_std": 0.0413, "car_v_mean": 14.2688, "car_v_std": 7.5523}, "datetime": {"datetime": "2024-08-10 14:50:02", "elapsed": 8052.56114, "delta": 7.433844}}
{"target": -0.3466283692938326, "params": {"bus_acc": 2.2005, "bus_dcc": 1.9261, "bus_lcAssertive": 96.4941, "bus_lcCooperative": 0.3601, "bus_lcLookaheadLeft": 25.9859, "bus_lcPushy": 0.6266, "bus_lcSigma": 0.3309, "bus_lcSpeedGainRight": 1.1158, "bus_lcSublane": 0.7633, "bus_sigma": 0.5588, "bus_tau_mean": 2.7214, "bus_tau_std": 8.1802, "bus_v_mean": 25.2493, "bus_v_std": 0.2728, "car_acc": 1.0115, "car_dcc": 2.6259, "car_lcAssertive": 86.2337, "car_lcCooperative": 0.5299, "car_lcLookaheadLeft": 77.4234, "car_lcPushy": 0.3527, "car_lcSigma": 0.0194, "car_lcSpeedGainRight": 0.7095, "car_lcSublane": 0.404, "car_sigma": 0.2213, "car_tau_mean": 3.6526, "car_tau_std": 2.1032, "car_v_mean": 11.9884, "car_v_std": 1.5851}, "datetime": {"datetime": "2024-08-10 14:50:11", "elapsed": 8061.229161, "delta": 8.668021}}
{"target": -0.2951421863537912, "params": {"bus_acc": 2.4126, "bus_dcc": 1.4408, "bus_lcAssertive": 76.5636, "bus_lcCooperative": 0.8174, "bus_lcLookaheadLeft": 71.5609, "bus_lcPushy": 0.1333, "bus_lcSigma": 0.3101, "bus_lcSpeedGainRight": 3.2412, "bus_lcSublane": 0.8754, "bus_sigma": 0.1752, "bus_tau_mean": 1.6702, "bus_tau_std": 3.0669, "bus_v_mean": 9.6488, "bus_v_std": 10.1557, "car_acc": 0.6051, "car_dcc": 0.5812, "car_lcAssertive": 88.6828, "car_lcCooperative": 0.44, "car_lcLookaheadLeft": 24.0452, "car_lcPushy": 0.349, "car_lcSigma": 0.1853, "car_lcSpeedGainRight": 3.5243, "car_lcSublane": 0.1838, "car_sigma": 0.7406, "car_tau_mean": 3.2258, "car_tau_std": 5.9772, "car_v_mean": 22.9934, "car_v_std": 9.3457}, "datetime": {"datetime": "2024-08-10 14:50:15", "elapsed": 8065.299492, "delta": 4.070331}}
{"target": -0.5975606274115514, "params": {"bus_acc": 2.0237, "bus_dcc": 0.2203, "bus_lcAssertive": 17.5751, "bus_lcCooperative": 0.026, "bus_lcLookaheadLeft": 6.887, "bus_lcPushy": 0.7091, "bus_lcSigma": 0.1166, "bus_lcSpeedGainRight": 2.4853, "bus_lcSublane": 0.0255, "bus_sigma": 0.8127, "bus_tau_mean": 2.292, "bus_tau_std": 0.5166, "bus_v_mean": 25.4171, "bus_v_std": 19.5448, "car_acc": 0.7681, "car_dcc": 3.8537, "car_lcAssertive": 51.4636, "car_lcCooperative": 0.0156, "car_lcLookaheadLeft": 36.426, "car_lcPushy": 0.3715, "car_lcSigma": 0.6866, "car_lcSpeedGainRight": 1.4283, "car_lcSublane": 0.9072, "car_sigma": 0.0833, "car_tau_mean": 3.9552, "car_tau_std": 8.6275, "car_v_mean": 10.6658, "car_v_std": 4.1248}, "datetime": {"datetime": "2024-08-10 14:50:19", "elapsed": 8070.061836, "delta": 4.762344}}
{"target": -0.2830208807338374, "params": {"bus_acc": 2.3351, "bus_dcc": 1.7751, "bus_lcAssertive": 20.9744, "bus_lcCooperative": 0.0883, "bus_lcLookaheadLeft": 60.3525, "bus_lcPushy": 0.7764, "bus_lcSigma": 0.4833, "bus_lcSpeedGainRight": 0.5493, "bus_lcSublane": 0.51, "bus_sigma": 0.6407, "bus_tau_mean": 1.4133, "bus_tau_std": 1.2689, "bus_v_mean": 14.1097, "bus_v_std": 8.2683, "car_acc": 2.094, "car_dcc": 1.6883, "car_lcAssertive": 82.1333, "car_lcCooperative": 0.8681, "car_lcLookaheadLeft": 7.6885, "car_lcPushy": 0.2721, "car_lcSigma": 0.2601, "car_lcSpeedGainRight": 2.7191, "car_lcSublane": 0.0707, "car_sigma": 0.9386, "car_tau_mean": 0.8657, "car_tau_std": 7.2926, "car_v_mean": 12.1421, "car_v_std": 18.6851}, "datetime": {"datetime": "2024-08-10 14:50:24", "elapsed": 8074.990633, "delta": 4.928797}}
{"target": -0.37794326078959134, "params": {"bus_acc": 1.3481, "bus_dcc": 1.9059, "bus_lcAssertive": 85.5932, "bus_lcCooperative": 0.4841, "bus_lcLookaheadLeft": 17.0839, "bus_lcPushy": 0.1266, "bus_lcSigma": 0.7919, "bus_lcSpeedGainRight": 1.5639, "bus_lcSublane": 0.7524, "bus_sigma": 0.8895, "bus_tau_mean": 2.9904, "bus_tau_std": 1.3046, "bus_v_mean": 24.9907, "bus_v_std": 1.0102, "car_acc": 2.1948, "car_dcc": 2.3096, "car_lcAssertive": 68.9712, "car_lcCooperative": 0.5389, "car_lcLookaheadLeft": 93.1559, "car_lcPushy": 0.2759, "car_lcSigma": 0.3979, "car_lcSpeedGainRight": 3.118, "car_lcSublane": 0.9657, "car_sigma": 0.5845, "car_tau_mean": 2.1126, "car_tau_std": 7.9233, "car_v_mean": 10.7846, "car_v_std": 4.6738}, "datetime": {"datetime": "2024-08-10 14:50:30", "elapsed": 8080.592795, "delta": 5.602162}}
{"target": -0.6552688782189949, "params": {"bus_acc": 0.7777, "bus_dcc": 3.1423, "bus_lcAssertive": 12.1987, "bus_lcCooperative": 0.3962, "bus_lcLookaheadLeft": 41.2276, "bus_lcPushy": 0.3036, "bus_lcSigma": 0.7674, "bus_lcSpeedGainRight": 4.4217, "bus_lcSublane": 0.8757, "bus_sigma": 0.4968, "bus_tau_mean": 1.1907, "bus_tau_std": 2.2996, "bus_v_mean": 8.6973, "bus_v_std": 4.2943, "car_acc": 0.5703, "car_dcc": 1.9981, "car_lcAssertive": 54.5575, "car_lcCooperative": 0.5789, "car_lcLookaheadLeft": 48.1232, "car_lcPushy": 0.4931, "car_lcSigma": 0.9262, "car_lcSpeedGainRight": 3.5867, "car_lcSublane": 0.9465, "car_sigma": 0.3141, "car_tau_mean": 2.3433, "car_tau_std": 3.639, "car_v_mean": 25.2097, "car_v_std": 19.7286}, "datetime": {"datetime": "2024-08-10 14:50:40", "elapsed": 8090.414739, "delta": 9.821944}}
{"target": -0.7052616828124686, "params": {"bus_acc": 3.4413, "bus_dcc": 1.4096, "bus_lcAssertive": 44.8521, "bus_lcCooperative": 0.5501, "bus_lcLookaheadLeft": 12.9441, "bus_lcPushy": 0.4104, "bus_lcSigma": 0.6461, "bus_lcSpeedGainRight": 3.7677, "bus_lcSublane": 0.4543, "bus_sigma": 0.9376, "bus_tau_mean": 3.5593, "bus_tau_std": 5.8744, "bus_v_mean": 14.9997, "bus_v_std": 13.1781, "car_acc": 0.3112, "car_dcc": 1.5134, "car_lcAssertive": 34.7664, "car_lcCooperative": 0.3408, "car_lcLookaheadLeft": 10.0344, "car_lcPushy": 0.1084, "car_lcSigma": 0.3188, "car_lcSpeedGainRight": 1.8012, "car_lcSublane": 0.9397, "car_sigma": 0.1732, "car_tau_mean": 1.5265, "car_tau_std": 0.0167, "car_v_mean": 8.0973, "car_v_std": 10.7709}, "datetime": {"datetime": "2024-08-10 14:50:50", "elapsed": 8100.319998, "delta": 9.905259}}
