{"target": -0.39095972539379104, "params": {"bus_acc": 1.9376, "bus_dcc": 0.5087, "bus_lcAssertive": 82.1655, "bus_lcCooperative": 0.9553, "bus_lcLookaheadLeft": 99.9066, "bus_lcPushy": 0.1804, "bus_lcSigma": 0.2701, "bus_lcSpeedGainRight": 3.5373, "bus_lcSublane": 0.7282, "bus_sigma": 0.8367, "bus_tau_mean": 3.476, "bus_tau_std": 8.2593, "bus_v_mean": 10.1833, "bus_v_std": 9.4492, "car_acc": 1.1982, "car_dcc": 1.901, "car_lcAssertive": 4.828, "car_lcCooperative": 0.5589, "car_lcLookaheadLeft": 98.8365, "car_lcPushy": 0.0991, "car_lcSigma": 0.6552, "car_lcSpeedGainRight": 3.4595, "car_lcSublane": 0.3984, "car_sigma": 0.0633, "car_tau_mean": 2.7967, "car_tau_std": 3.5916, "car_v_mean": 13.8422, "car_v_std": 16.1062}, "datetime": {"datetime": "2024-08-10 13:43:20", "elapsed": 4050.373674, "delta": 5.40647}}
{"target": -0.3232867069750314, "params": {"bus_acc": 3.3431, "bus_dcc": 0.9478, "bus_lcAssertive": 74.4612, "bus_lcCooperative": 0.9419, "bus_lcLookaheadLeft": 63.3064, "bus_lcPushy": 0.2678, "bus_lcSigma": 0.1425, "bus_lcSpeedGainRight": 1.225, "bus_lcSublane": 0.4048, "bus_sigma": 0.018, "bus_tau_mean": 2.2528, "bus_tau_std": 5.7347, "bus_v_mean": 13.6318, "bus_v_std": 17.363, "car_acc": 2.4022, "car_dcc": 2.0664, "car_lcAssertive": 10.917, "car_lcCooperative": 0.5663, "car_lcLookaheadLeft": 52.5258, "car_lcPushy": 0.5734, "car_lcSigma": 0.07, "car_lcSpeedGainRight": 3.8577, "car_lcSublane": 0.9446, "car_sigma": 0.8159, "car_tau_mean": 2.1651, "car_tau_std": 8.2554, "car_v_mean": 24.4737, "car_v_std": 8.047}, "datetime": {"datetime": "2024-08-10 13:43:28", "elapsed": 4058.990368, "delta": 8.616694}}
{"target": -0.7983621911978226, "params": {"bus_acc": 1.2134, "bus_dcc": 0.3409, "bus_lcAssertive": 72.7558, "bus_lcCooperative": 0.7377, "bus_lcLookaheadLeft": 46.4681, "bus_lcPushy": 0.4305, "bus_lcSigma": 0.2639, "bus_lcSpeedGainRight": 2.7328, "bus_lcSublane": 0.6461, "bus_sigma": 0.7943, "bus_tau_mean": 2.8402, "bus_tau_std": 5.4535, "bus_v_mean": 16.5877, "bus_v_std": 0.0644, "car_acc": 0.2996, "car_dcc": 3.9594, "car_lcAssertive": 20.114, "car_lcCooperative": 0.252, "car_lcLookaheadLeft": 81.3929, "car_lcPushy": 0.948, "car_lcSigma": 0.1704, "car_lcSpeedGainRight": 2.9491, "car_lcSublane": 0.2798, "car_sigma": 0.2771, "car_tau_mean": 2.4824, "car_tau_std": 2.3003, "car_v_mean": 12.6806, "car_v_std": 9.0759}, "datetime": {"datetime": "2024-08-10 13:43:36", "elapsed": 4066.9133, "delta": 7.922932}}
{"target": -0.3565411740196498, "params": {"bus_acc": 2.6974, "bus_dcc": 2.014, "bus_lcAssertive": 3.3111, "bus_lcCooperative": 0.9376, "bus_lcLookaheadLeft": 13.0592, "bus_lcPushy": 0.0515, "bus_lcSigma": 0.4687, "bus_lcSpeedGainRight": 3.759, "bus_lcSublane": 0.6211, "bus_sigma": 0.8593, "bus_tau_mean": 2.9328, "bus_tau_std": 6.1931, "bus_v_mean": 9.3376, "bus_v_std": 18.1029, "car_acc": 0.5131, "car_dcc": 1.9251, "car_lcAssertive": 5.1473, "car_lcCooperative": 0.3368, "car_lcLookaheadLeft": 45.8609, "car_lcPushy": 0.6843, "car_lcSigma": 0.3511, "car_lcSpeedGainRight": 2.7734, "car_lcSublane": 0.9721, "car_sigma": 0.0741, "car_tau_mean": 2.5108, "car_tau_std": 0.9445, "car_v_mean": 18.8718, "car_v_std": 0.5757}, "datetime": {"datetime": "2024-08-10 13:43:41", "elapsed": 4071.823947, "delta": 4.910647}}
{"target": -0.31590901946659294, "params": {"bus_acc": 1.5392, "bus_dcc": 3.3202, "bus_lcAssertive": 32.8633, "bus_lcCooperative": 0.3179, "bus_lcLookaheadLeft": 70.7262, "bus_lcPushy": 0.6146, "bus_lcSigma": 0.0464, "bus_lcSpeedGainRight": 1.363, "bus_lcSublane": 0.6743, "bus_sigma": 0.7622, "bus_tau_mean": 1.3732, "bus_tau_std": 1.7941, "bus_v_mean": 9.2621, "bus_v_std": 0.5143, "car_acc": 3.1692, "car_dcc": 2.0768, "car_lcAssertive": 65.2132, "car_lcCooperative": 0.3135, "car_lcLookaheadLeft": 45.8322, "car_lcPushy": 0.3197, "car_lcSigma": 0.6347, "car_lcSpeedGainRight": 3.0781, "car_lcSublane": 0.5768, "car_sigma": 0.0763, "car_tau_mean": 3.4881, "car_tau_std": 1.4054, "car_v_mean": 18.0231, "car_v_std": 2.6178}, "datetime": {"datetime": "2024-08-10 13:43:46", "elapsed": 4076.684946, "delta": 4.860999}}
{"target": -0.3305754318855989, "params": {"bus_acc": 3.7092, "bus_dcc": 2.5957, "bus_lcAssertive": 94.8566, "bus_lcCooperative": 0.4309, "bus_lcLookaheadLeft": 98.1809, "bus_lcPushy": 0.4521, "bus_lcSigma": 0.1331, "bus_lcSpeedGainRight": 0.7171, "bus_lcSublane": 0.1487, "bus_sigma": 0.8832, "bus_tau_mean": 3.9281, "bus_tau_std": 6.696, "bus_v_mean": 15.2864, "bus_v_std": 11.3425, "car_acc": 3.885, "car_dcc": 3.862, "car_lcAssertive": 80.3591, "car_lcCooperative": 0.1436, "car_lcLookaheadLeft": 33.0153, "car_lcPushy": 0.0795, "car_lcSigma": 0.0976, "car_lcSpeedGainRight": 2.9251, "car_lcSublane": 0.2062, "car_sigma": 0.5215, "car_tau_mean": 2.9193, "car_tau_std": 7.2646, "car_v_mean": 18.9917, "car_v_std": 5.4064}, "datetime": {"datetime": "2024-08-10 13:43:55", "elapsed": 4086.060227, "delta": 9.375281}}
{"target": -0.3188879914032024, "params": {"bus_acc": 3.3208, "bus_dcc": 3.0655, "bus_lcAssertive": 17.6648, "bus_lcCooperative": 0.3646, "bus_lcLookaheadLeft": 50.9563, "bus_lcPushy": 0.858, "bus_lcSigma": 0.8464, "bus_lcSpeedGainRight": 0.4155, "bus_lcSublane": 0.3829, "bus_sigma": 0.8386, "bus_tau_mean": 2.5898, "bus_tau_std": 6.3661, "bus_v_mean": 25.0838, "bus_v_std": 9.1317, "car_acc": 3.6057, "car_dcc": 3.9122, "car_lcAssertive": 58.2571, "car_lcCooperative": 0.956, "car_lcLookaheadLeft": 14.5598, "car_lcPushy": 0.4657, "car_lcSigma": 0.5961, "car_lcSpeedGainRight": 4.9943, "car_lcSublane": 0.5709, "car_sigma": 0.6251, "car_tau_mean": 3.7958, "car_tau_std": 1.5837, "car_v_mean": 20.0521, "car_v_std": 10.532}, "datetime": {"datetime": "2024-08-10 13:43:59", "elapsed": 4089.559802, "delta": 3.499575}}
{"target": -0.35534144575155935, "params": {"bus_acc": 1.1538, "bus_dcc": 0.5218, "bus_lcAssertive": 15.6752, "bus_lcCooperative": 0.551, "bus_lcLookaheadLeft": 31.349, "bus_lcPushy": 0.4346, "bus_lcSigma": 0.7564, "bus_lcSpeedGainRight": 3.1171, "bus_lcSublane": 0.3676, "bus_sigma": 0.5332, "bus_tau_mean": 1.1813, "bus_tau_std": 8.7492, "bus_v_mean": 21.8808, "bus_v_std": 14.1793, "car_acc": 3.9476, "car_dcc": 1.8112, "car_lcAssertive": 40.5661, "car_lcCooperative": 0.7282, "car_lcLookaheadLeft": 67.9944, "car_lcPushy": 0.475, "car_lcSigma": 0.8777, "car_lcSpeedGainRight": 4.9359, "car_lcSublane": 0.196, "car_sigma": 0.3559, "car_tau_mean": 1.0578, "car_tau_std": 2.7341, "car_v_mean": 20.4204, "car_v_std": 4.3141}, "datetime": {"datetime": "2024-08-10 13:44:06", "elapsed": 4096.482267, "delta": 6.922465}}
{"target": -0.32960826744020916, "params": {"bus_acc": 0.7193, "bus_dcc": 3.2843, "bus_lcAssertive": 62.1377, "bus_lcCooperative": 0.6638, "bus_lcLookaheadLeft": 16.0959, "bus_lcPushy": 0.5219, "bus_lcSigma": 0.0191, "bus_lcSpeedGainRight": 4.6272, "bus_lcSublane": 0.4298, "bus_sigma": 0.532, "bus_tau_mean": 2.1218, "bus_tau_std": 5.7249, "bus_v_mean": 11.6359, "bus_v_std": 19.0315, "car_acc": 2.0808, "car_dcc": 1.5671, "car_lcAssertive": 64.0266, "car_lcCooperative": 0.9255, "car_lcLookaheadLeft": 23.5535, "car_lcPushy": 0.3662, "car_lcSigma": 0.9886, "car_lcSpeedGainRight": 2.3697, "car_lcSublane": 0.3101, "car_sigma": 0.3523, "car_tau_mean": 2.8517, "car_tau_std": 0.5268, "car_v_mean": 23.7578, "car_v_std": 11.1966}, "datetime": {"datetime": "2024-08-10 13:44:15", "elapsed": 4105.267399, "delta": 8.785132}}
{"target": -0.285491367877043, "params": {"bus_acc": 3.7627, "bus_dcc": 2.5937, "bus_lcAssertive": 40.0467, "bus_lcCooperative": 0.3744, "bus_lcLookaheadLeft": 25.8474, "bus_lcPushy": 0.9584, "bus_lcSigma": 0.1194, "bus_lcSpeedGainRight": 2.5384, "bus_lcSublane": 0.5391, "bus_sigma": 0.1196, "bus_tau_mean": 0.5682, "bus_tau_std": 1.3647, "bus_v_mean": 15.5412, "bus_v_std": 8.2287, "car_acc": 3.6264, "car_dcc": 2.3989, "car_lcAssertive": 13.6106, "car_lcCooperative": 0.0868, "car_lcLookaheadLeft": 6.6177, "car_lcPushy": 0.9393, "car_lcSigma": 0.342, "car_lcSpeedGainRight": 2.4613, "car_lcSublane": 0.6011, "car_sigma": 0.7809, "car_tau_mean": 3.6292, "car_tau_std": 7.0174, "car_v_mean": 11.6662, "car_v_std": 18.6217}, "datetime": {"datetime": "2024-08-10 13:44:19", "elapsed": 4109.463308, "delta": 4.195909}}
{"target": -0.2908217125210632, "params": {"bus_acc": 0.5351, "bus_dcc": 3.8016, "bus_lcAssertive": 90.1065, "bus_lcCooperative": 0.948, "bus_lcLookaheadLeft": 7.4649, "bus_lcPushy": 0.6481, "bus_lcSigma": 0.8966, "bus_lcSpeedGainRight": 0.458, "bus_lcSublane": 0.5793, "bus_sigma": 0.0035, "bus_tau_mean": 3.0431, "bus_tau_std": 7.2363, "bus_v_mean": 10.1352, "bus_v_std": 11.7192, "car_acc": 3.6597, "car_dcc": 1.3112, "car_lcAssertive": 24.1407, "car_lcCooperative": 0.0303, "car_lcLookaheadLeft": 86.4961, "car_lcPushy": 0.4542, "car_lcSigma": 0.4324, "car_lcSpeedGainRight": 2.1397, "car_lcSublane": 0.784, "car_sigma": 0.9825, "car_tau_mean": 2.9073, "car_tau_std": 8.1057, "car_v_mean": 17.5011, "car_v_std": 13.7094}, "datetime": {"datetime": "2024-08-10 13:44:23", "elapsed": 4113.217563, "delta": 3.754255}}
{"target": -0.29359955497827145, "params": {"bus_acc": 2.8405, "bus_dcc": 0.5889, "bus_lcAssertive": 10.7121, "bus_lcCooperative": 0.1164, "bus_lcLookaheadLeft": 79.0149, "bus_lcPushy": 0.4941, "bus_lcSigma": 0.1164, "bus_lcSpeedGainRight": 3.8048, "bus_lcSublane": 0.0626, "bus_sigma": 0.3724, "bus_tau_mean": 3.9727, "bus_tau_std": 3.084, "bus_v_mean": 21.4374, "bus_v_std": 0.9968, "car_acc": 3.1923, "car_dcc": 2.3541, "car_lcAssertive": 16.0238, "car_lcCooperative": 0.4797, "car_lcLookaheadLeft": 41.3164, "car_lcPushy": 0.1699, "car_lcSigma": 0.8556, "car_lcSpeedGainRight": 3.553, "car_lcSublane": 0.4092, "car_sigma": 0.0056, "car_tau_mean": 2.2851, "car_tau_std": 1.1303, "car_v_mean": 13.2141, "car_v_std": 17.1979}, "datetime": {"datetime": "2024-08-10 13:44:27", "elapsed": 4117.31626, "delta": 4.098697}}
{"target": -0.28935218789168254, "params": {"bus_acc": 1.1813, "bus_dcc": 3.467, "bus_lcAssertive": 73.5368, "bus_lcCooperative": 0.6739, "bus_lcLookaheadLeft": 90.1865, "bus_lcPushy": 0.5985, "bus_lcSigma": 0.7029, "bus_lcSpeedGainRight": 0.4718, "bus_lcSublane": 0.9901, "bus_sigma": 0.2673, "bus_tau_mean": 1.6418, "bus_tau_std": 3.7349, "bus_v_mean": 13.0616, "bus_v_std": 7.1236, "car_acc": 1.018, "car_dcc": 0.6142, "car_lcAssertive": 23.8794, "car_lcCooperative": 0.8493, "car_lcLookaheadLeft": 87.3131, "car_lcPushy": 0.5902, "car_lcSigma": 0.5411, "car_lcSpeedGainRight": 0.3659, "car_lcSublane": 0.4323, "car_sigma": 0.9194, "car_tau_mean": 2.2204, "car_tau_std": 9.368, "car_v_mean": 19.1244, "car_v_std": 6.6943}, "datetime": {"datetime": "2024-08-10 13:44:35", "elapsed": 4125.635956, "delta": 8.319696}}
{"target": -0.40166445900054765, "params": {"bus_acc": 3.7139, "bus_dcc": 0.9161, "bus_lcAssertive": 31.3214, "bus_lcCooperative": 0.9183, "bus_lcLookaheadLeft": 98.6191, "bus_lcPushy": 0.1898, "bus_lcSigma": 0.8653, "bus_lcSpeedGainRight": 4.0232, "bus_lcSublane": 0.9792, "bus_sigma": 0.7202, "bus_tau_mean": 3.9907, "bus_tau_std": 7.2016, "bus_v_mean": 15.2823, "bus_v_std": 1.9741, "car_acc": 0.6948, "car_dcc": 2.4251, "car_lcAssertive": 1.0446, "car_lcCooperative": 0.5489, "car_lcLookaheadLeft": 87.724, "car_lcPushy": 0.8058, "car_lcSigma": 0.6399, "car_lcSpeedGainRight": 1.2122, "car_lcSublane": 0.1445, "car_sigma": 0.9204, "car_tau_mean": 2.7523, "car_tau_std": 6.1858, "car_v_mean": 19.2032, "car_v_std": 0.4595}, "datetime": {"datetime": "2024-08-10 13:44:44", "elapsed": 4134.983055, "delta": 9.347099}}
{"target": -0.4498938647948128, "params": {"bus_acc": 3.286, "bus_dcc": 3.1981, "bus_lcAssertive": 75.4506, "bus_lcCooperative": 0.7057, "bus_lcLookaheadLeft": 47.2689, "bus_lcPushy": 0.1222, "bus_lcSigma": 0.0914, "bus_lcSpeedGainRight": 2.0199, "bus_lcSublane": 0.225, "bus_sigma": 0.3984, "bus_tau_mean": 0.657, "bus_tau_std": 2.7471, "bus_v_mean": 17.0366, "bus_v_std": 8.6653, "car_acc": 1.0311, "car_dcc": 2.77, "car_lcAssertive": 82.9287, "car_lcCooperative": 0.3045, "car_lcLookaheadLeft": 43.6984, "car_lcPushy": 0.4626, "car_lcSigma": 0.7225, "car_lcSpeedGainRight": 3.155, "car_lcSublane": 0.6531, "car_sigma": 0.4207, "car_tau_mean": 1.632, "car_tau_std": 7.1686, "car_v_mean": 11.6566, "car_v_std": 17.6288}, "datetime": {"datetime": "2024-08-10 13:44:49", "elapsed": 4139.884161, "delta": 4.901106}}
{"target": -0.3318190941315483, "params": {"bus_acc": 2.496, "bus_dcc": 2.8405, "bus_lcAssertive": 85.9253, "bus_lcCooperative": 0.504, "bus_lcLookaheadLeft": 43.3289, "bus_lcPushy": 0.2892, "bus_lcSigma": 0.8202, "bus_lcSpeedGainRight": 3.2365, "bus_lcSublane": 0.0337, "bus_sigma": 0.1406, "bus_tau_mean": 2.8387, "bus_tau_std": 5.5028, "bus_v_mean": 18.8983, "bus_v_std": 2.0739, "car_acc": 1.6611, "car_dcc": 3.4701, "car_lcAssertive": 37.1939, "car_lcCooperative": 0.063, "car_lcLookaheadLeft": 48.3121, "car_lcPushy": 0.0212, "car_lcSigma": 0.2301, "car_lcSpeedGainRight": 3.9475, "car_lcSublane": 0.6319, "car_sigma": 0.01, "car_tau_mean": 1.0902, "car_tau_std": 1.8159, "car_v_mean": 23.6064, "car_v_std": 16.606}, "datetime": {"datetime": "2024-08-10 13:44:55", "elapsed": 4145.766064, "delta": 5.881903}}
{"target": -0.35642144688366795, "params": {"bus_acc": 2.2251, "bus_dcc": 1.5439, "bus_lcAssertive": 80.709, "bus_lcCooperative": 0.1023, "bus_lcLookaheadLeft": 31.2001, "bus_lcPushy": 0.656, "bus_lcSigma": 0.4295, "bus_lcSpeedGainRight": 2.1124, "bus_lcSublane": 0.7606, "bus_sigma": 0.9888, "bus_tau_mean": 3.7489, "bus_tau_std": 6.4634, "bus_v_mean": 13.2904, "bus_v_std": 13.4653, "car_acc": 1.9342, "car_dcc": 0.7274, "car_lcAssertive": 28.2278, "car_lcCooperative": 0.0405, "car_lcLookaheadLeft": 87.9059, "car_lcPushy": 0.5959, "car_lcSigma": 0.2235, "car_lcSpeedGainRight": 3.9598, "car_lcSublane": 0.5675, "car_sigma": 0.5592, "car_tau_mean": 1.1914, "car_tau_std": 3.015, "car_v_mean": 8.299, "car_v_std": 4.6499}, "datetime": {"datetime": "2024-08-10 13:45:01", "elapsed": 4151.472493, "delta": 5.706429}}
{"target": -0.3327095175440597, "params": {"bus_acc": 0.6479, "bus_dcc": 0.8442, "bus_lcAssertive": 44.0243, "bus_lcCooperative": 0.0214, "bus_lcLookaheadLeft": 86.1937, "bus_lcPushy": 0.2062, "bus_lcSigma": 0.6938, "bus_lcSpeedGainRight": 2.8222, "bus_lcSublane": 0.8162, "bus_sigma": 0.4223, "bus_tau_mean": 3.2039, "bus_tau_std": 0.4241, "bus_v_mean": 18.5451, "bus_v_std": 7.551, "car_acc": 2.7738, "car_dcc": 2.8137, "car_lcAssertive": 68.7718, "car_lcCooperative": 0.2534, "car_lcLookaheadLeft": 24.547, "car_lcPushy": 0.4046, "car_lcSigma": 0.2934, "car_lcSpeedGainRight": 0.6484, "car_lcSublane": 0.2235, "car_sigma": 0.5822, "car_tau_mean": 1.5949, "car_tau_std": 0.1197, "car_v_mean": 12.9091, "car_v_std": 9.6628}, "datetime": {"datetime": "2024-08-10 13:45:07", "elapsed": 4157.256353, "delta": 5.78386}}
{"target": -0.26942126181433795, "params": {"bus_acc": 1.3341, "bus_dcc": 1.5662, "bus_lcAssertive": 69.3582, "bus_lcCooperative": 0.9642, "bus_lcLookaheadLeft": 71.5232, "bus_lcPushy": 0.4838, "bus_lcSigma": 0.4171, "bus_lcSpeedGainRight": 1.1881, "bus_lcSublane": 0.8199, "bus_sigma": 0.8433, "bus_tau_mean": 3.0984, "bus_tau_std": 3.5989, "bus_v_mean": 12.3235, "bus_v_std": 6.1919, "car_acc": 1.829, "car_dcc": 0.8751, "car_lcAssertive": 13.6417, "car_lcCooperative": 0.5704, "car_lcLookaheadLeft": 84.2434, "car_lcPushy": 0.5755, "car_lcSigma": 0.4394, "car_lcSpeedGainRight": 3.1426, "car_lcSublane": 0.3488, "car_sigma": 0.5073, "car_tau_mean": 2.0471, "car_tau_std": 6.8891, "car_v_mean": 15.9185, "car_v_std": 4.7198}, "datetime": {"datetime": "2024-08-10 13:45:11", "elapsed": 4161.35659, "delta": 4.100237}}
{"target": -0.28048962888490775, "params": {"bus_acc": 2.7839, "bus_dcc": 0.5562, "bus_lcAssertive": 63.9018, "bus_lcCooperative": 0.5983, "bus_lcLookaheadLeft": 80.0407, "bus_lcPushy": 0.8163, "bus_lcSigma": 0.5868, "bus_lcSpeedGainRight": 2.6759, "bus_lcSublane": 0.515, "bus_sigma": 0.9461, "bus_tau_mean": 3.2972, "bus_tau_std": 7.5922, "bus_v_mean": 19.9955, "bus_v_std": 16.0281, "car_acc": 2.1731, "car_dcc": 1.4756, "car_lcAssertive": 67.9098, "car_lcCooperative": 0.4912, "car_lcLookaheadLeft": 4.296, "car_lcPushy": 0.5071, "car_lcSigma": 0.0118, "car_lcSpeedGainRight": 1.7508, "car_lcSublane": 0.0724, "car_sigma": 0.4757, "car_tau_mean": 2.2853, "car_tau_std": 4.0502, "car_v_mean": 9.0649, "car_v_std": 18.5955}, "datetime": {"datetime": "2024-08-10 13:45:19", "elapsed": 4169.856336, "delta": 8.499746}}
{"target": -0.31138679055144564, "params": {"bus_acc": 0.6327, "bus_dcc": 3.6919, "bus_lcAssertive": 29.5073, "bus_lcCooperative": 0.8701, "bus_lcLookaheadLeft": 87.9567, "bus_lcPushy": 0.816, "bus_lcSigma": 0.3328, "bus_lcSpeedGainRight": 3.9392, "bus_lcSublane": 0.231, "bus_sigma": 0.9056, "bus_tau_mean": 2.9952, "bus_tau_std": 4.6937, "bus_v_mean": 12.8815, "bus_v_std": 10.7284, "car_acc": 2.8295, "car_dcc": 1.8294, "car_lcAssertive": 88.2472, "car_lcCooperative": 0.191, "car_lcLookaheadLeft": 13.3852, "car_lcPushy": 0.4349, "car_lcSigma": 0.1348, "car_lcSpeedGainRight": 0.569, "car_lcSublane": 0.6616, "car_sigma": 0.4203, "car_tau_mean": 3.1277, "car_tau_std": 2.8687, "car_v_mean": 14.3903, "car_v_std": 0.1269}, "datetime": {"datetime": "2024-08-10 13:45:29", "elapsed": 4180.118104, "delta": 10.261768}}
{"target": -0.36459617390875704, "params": {"bus_acc": 0.3011, "bus_dcc": 2.9929, "bus_lcAssertive": 72.7633, "bus_lcCooperative": 0.0256, "bus_lcLookaheadLeft": 48.5884, "bus_lcPushy": 0.0076, "bus_lcSigma": 0.095, "bus_lcSpeedGainRight": 2.1491, "bus_lcSublane": 0.2167, "bus_sigma": 0.636, "bus_tau_mean": 2.0253, "bus_tau_std": 6.44, "bus_v_mean": 25.7473, "bus_v_std": 7.1859, "car_acc": 3.8908, "car_dcc": 1.663, "car_lcAssertive": 92.9305, "car_lcCooperative": 0.4986, "car_lcLookaheadLeft": 70.3136, "car_lcPushy": 0.4388, "car_lcSigma": 0.9063, "car_lcSpeedGainRight": 1.4926, "car_lcSublane": 0.9677, "car_sigma": 0.0416, "car_tau_mean": 1.1942, "car_tau_std": 4.9053, "car_v_mean": 21.4053, "car_v_std": 17.7474}, "datetime": {"datetime": "2024-08-10 13:45:43", "elapsed": 4194.111808, "delta": 13.993704}}
{"target": -0.332150168140976, "params": {"bus_acc": 3.1492, "bus_dcc": 1.0472, "bus_lcAssertive": 93.0858, "bus_lcCooperative": 0.378, "bus_lcLookaheadLeft": 63.2648, "bus_lcPushy": 0.5156, "bus_lcSigma": 0.4708, "bus_lcSpeedGainRight": 0.5051, "bus_lcSublane": 0.936, "bus_sigma": 0.4487, "bus_tau_mean": 1.2789, "bus_tau_std": 5.2893, "bus_v_mean": 10.6043, "bus_v_std": 2.5428, "car_acc": 2.7796, "car_dcc": 3.3846, "car_lcAssertive": 81.4836, "car_lcCooperative": 0.122, "car_lcLookaheadLeft": 10.8076, "car_lcPushy": 0.0708, "car_lcSigma": 0.9977, "car_lcSpeedGainRight": 1.6232, "car_lcSublane": 0.8287, "car_sigma": 0.9053, "car_tau_mean": 2.0547, "car_tau_std": 7.2688, "car_v_mean": 11.3857, "car_v_std": 8.7429}, "datetime": {"datetime": "2024-08-10 13:45:51", "elapsed": 4201.527205, "delta": 7.415397}}
{"target": -0.34851057044766137, "params": {"bus_acc": 3.3701, "bus_dcc": 2.2413, "bus_lcAssertive": 50.063, "bus_lcCooperative": 0.1313, "bus_lcLookaheadLeft": 39.0399, "bus_lcPushy": 0.571, "bus_lcSigma": 0.8906, "bus_lcSpeedGainRight": 0.7696, "bus_lcSublane": 0.5608, "bus_sigma": 0.8236, "bus_tau_mean": 1.177, "bus_tau_std": 7.5686, "bus_v_mean": 23.6871, "bus_v_std": 2.434, "car_acc": 3.6201, "car_dcc": 2.5456, "car_lcAssertive": 59.1767, "car_lcCooperative": 0.5503, "car_lcLookaheadLeft": 64.2246, "car_lcPushy": 0.8228, "car_lcSigma": 0.4192, "car_lcSpeedGainRight": 2.0749, "car_lcSublane": 0.4745, "car_sigma": 0.5879, "car_tau_mean": 3.7506, "car_tau_std": 9.0427, "car_v_mean": 22.4558, "car_v_std": 8.0038}, "datetime": {"datetime": "2024-08-10 13:46:00", "elapsed": 4210.936177, "delta": 9.408972}}
{"target": -0.31517359464991784, "params": {"bus_acc": 3.833, "bus_dcc": 3.4532, "bus_lcAssertive": 5.6449, "bus_lcCooperative": 0.1973, "bus_lcLookaheadLeft": 24.4544, "bus_lcPushy": 0.0095, "bus_lcSigma": 0.9936, "bus_lcSpeedGainRight": 4.6621, "bus_lcSublane": 0.596, "bus_sigma": 0.2186, "bus_tau_mean": 1.491, "bus_tau_std": 4.6293, "bus_v_mean": 21.1513, "bus_v_std": 5.7878, "car_acc": 1.0274, "car_dcc": 1.0006, "car_lcAssertive": 95.2132, "car_lcCooperative": 0.8139, "car_lcLookaheadLeft": 5.4249, "car_lcPushy": 0.0667, "car_lcSigma": 0.2857, "car_lcSpeedGainRight": 2.2519, "car_lcSublane": 0.4311, "car_sigma": 0.0668, "car_tau_mean": 3.9293, "car_tau_std": 8.9669, "car_v_mean": 20.7026, "car_v_std": 10.8506}, "datetime": {"datetime": "2024-08-10 13:46:05", "elapsed": 4215.798139, "delta": 4.861962}}
{"target": -0.3543340171600819, "params": {"bus_acc": 2.3087, "bus_dcc": 0.8741, "bus_lcAssertive": 64.0949, "bus_lcCooperative": 0.9419, "bus_lcLookaheadLeft": 51.6711, "bus_lcPushy": 0.0434, "bus_lcSigma": 0.3172, "bus_lcSpeedGainRight": 3.2668, "bus_lcSublane": 0.2447, "bus_sigma": 0.5803, "bus_tau_mean": 2.9062, "bus_tau_std": 8.7108, "bus_v_mean": 21.833, "bus_v_std": 7.7203, "car_acc": 2.7847, "car_dcc": 1.1434, "car_lcAssertive": 15.6883, "car_lcCooperative": 0.6847, "car_lcLookaheadLeft": 45.9631, "car_lcPushy": 0.5254, "car_lcSigma": 0.6174, "car_lcSpeedGainRight": 4.5309, "car_lcSublane": 0.5483, "car_sigma": 0.2343, "car_tau_mean": 2.3634, "car_tau_std": 8.2473, "car_v_mean": 8.9225, "car_v_std": 5.3481}, "datetime": {"datetime": "2024-08-10 13:46:10", "elapsed": 4220.296489, "delta": 4.49835}}
