{"target": -0.3402091382545964, "params": {"bus_acc": 0.9463, "bus_dcc": 3.8608, "bus_lcAssertive": 15.7611, "bus_lcCooperative": 0.3887, "bus_lcLookaheadLeft": 31.3329, "bus_lcPushy": 0.6784, "bus_lcSigma": 0.368, "bus_lcSpeedGainRight": 4.9905, "bus_lcSublane": 0.8705, "bus_sigma": 0.6731, "bus_tau_mean": 2.2585, "bus_tau_std": 3.631, "bus_v_mean": 16.6752, "bus_v_std": 16.0728, "car_acc": 2.9995, "car_dcc": 1.0294, "car_lcAssertive": 85.7787, "car_lcCooperative": 0.6174, "car_lcLookaheadLeft": 51.4083, "car_lcPushy": 0.0937, "car_lcSigma": 0.6494, "car_lcSpeedGainRight": 3.704, "car_lcSublane": 0.5997, "car_sigma": 0.0551, "car_tau_mean": 0.761, "car_tau_std": 6.3228, "car_v_mean": 13.2471, "car_v_std": 13.7192}, "datetime": {"datetime": "2024-08-10 13:10:50", "elapsed": 2100.669208, "delta": 6.118415}}
{"target": -0.2935434350891033, "params": {"bus_acc": 1.6915, "bus_dcc": 3.2896, "bus_lcAssertive": 65.9579, "bus_lcCooperative": 0.572, "bus_lcLookaheadLeft": 20.1613, "bus_lcPushy": 0.2932, "bus_lcSigma": 0.3693, "bus_lcSpeedGainRight": 0.0956, "bus_lcSublane": 0.0938, "bus_sigma": 0.1375, "bus_tau_mean": 0.9351, "bus_tau_std": 8.8741, "bus_v_mean": 8.2396, "bus_v_std": 15.4615, "car_acc": 3.4687, "car_dcc": 3.9765, "car_lcAssertive": 68.8742, "car_lcCooperative": 0.6156, "car_lcLookaheadLeft": 11.8358, "car_lcPushy": 0.9759, "car_lcSigma": 0.6311, "car_lcSpeedGainRight": 2.8331, "car_lcSublane": 0.571, "car_sigma": 0.9104, "car_tau_mean": 2.9115, "car_tau_std": 9.3275, "car_v_mean": 14.4482, "car_v_std": 16.3805}, "datetime": {"datetime": "2024-08-10 13:10:54", "elapsed": 2104.682348, "delta": 4.01314}}
{"target": -0.448773859968435, "params": {"bus_acc": 2.0699, "bus_dcc": 3.9343, "bus_lcAssertive": 2.1039, "bus_lcCooperative": 0.4591, "bus_lcLookaheadLeft": 36.5477, "bus_lcPushy": 0.9535, "bus_lcSigma": 0.8179, "bus_lcSpeedGainRight": 1.3373, "bus_lcSublane": 0.4832, "bus_sigma": 0.6052, "bus_tau_mean": 0.5279, "bus_tau_std": 1.2764, "bus_v_mean": 24.8856, "bus_v_std": 6.0703, "car_acc": 2.1925, "car_dcc": 2.5234, "car_lcAssertive": 8.9857, "car_lcCooperative": 0.5673, "car_lcLookaheadLeft": 90.8653, "car_lcPushy": 0.3434, "car_lcSigma": 0.3998, "car_lcSpeedGainRight": 0.4894, "car_lcSublane": 0.8419, "car_sigma": 0.416, "car_tau_mean": 1.0025, "car_tau_std": 3.6427, "car_v_mean": 20.9034, "car_v_std": 1.1158}, "datetime": {"datetime": "2024-08-10 13:11:01", "elapsed": 2111.409249, "delta": 6.726901}}
{"target": -0.45385986353414864, "params": {"bus_acc": 2.8695, "bus_dcc": 0.9085, "bus_lcAssertive": 69.6518, "bus_lcCooperative": 0.7003, "bus_lcLookaheadLeft": 5.8947, "bus_lcPushy": 0.8547, "bus_lcSigma": 0.9902, "bus_lcSpeedGainRight": 0.4209, "bus_lcSublane": 0.1314, "bus_sigma": 0.1562, "bus_tau_mean": 1.4224, "bus_tau_std": 0.7046, "bus_v_mean": 20.8118, "bus_v_std": 4.8316, "car_acc": 0.8589, "car_dcc": 2.2989, "car_lcAssertive": 83.6277, "car_lcCooperative": 0.9651, "car_lcLookaheadLeft": 68.4186, "car_lcPushy": 0.6502, "car_lcSigma": 0.3156, "car_lcSpeedGainRight": 1.8925, "car_lcSublane": 0.8195, "car_sigma": 0.6161, "car_tau_mean": 2.0097, "car_tau_std": 3.5003, "car_v_mean": 15.1154, "car_v_std": 15.7358}, "datetime": {"datetime": "2024-08-10 13:11:05", "elapsed": 2115.891836, "delta": 4.482587}}
{"target": -0.2898369271100112, "params": {"bus_acc": 2.791, "bus_dcc": 1.4041, "bus_lcAssertive": 98.5678, "bus_lcCooperative": 0.1783, "bus_lcLookaheadLeft": 12.0, "bus_lcPushy": 0.3083, "bus_lcSigma": 0.8825, "bus_lcSpeedGainRight": 3.3713, "bus_lcSublane": 0.4623, "bus_sigma": 0.1019, "bus_tau_mean": 2.8821, "bus_tau_std": 6.7031, "bus_v_mean": 23.8193, "bus_v_std": 8.9834, "car_acc": 2.2979, "car_dcc": 2.4563, "car_lcAssertive": 4.4959, "car_lcCooperative": 0.6116, "car_lcLookaheadLeft": 5.7185, "car_lcPushy": 0.675, "car_lcSigma": 0.7001, "car_lcSpeedGainRight": 3.6586, "car_lcSublane": 0.9917, "car_sigma": 0.107, "car_tau_mean": 3.4505, "car_tau_std": 9.9505, "car_v_mean": 12.6832, "car_v_std": 0.2179}, "datetime": {"datetime": "2024-08-10 13:11:09", "elapsed": 2120.110002, "delta": 4.218166}}
{"target": -0.3397677039870795, "params": {"bus_acc": 1.4267, "bus_dcc": 1.1436, "bus_lcAssertive": 99.0236, "bus_lcCooperative": 0.1328, "bus_lcLookaheadLeft": 98.0485, "bus_lcPushy": 0.8686, "bus_lcSigma": 0.6924, "bus_lcSpeedGainRight": 3.8345, "bus_lcSublane": 0.8252, "bus_sigma": 0.35, "bus_tau_mean": 1.497, "bus_tau_std": 4.1945, "bus_v_mean": 11.9974, "bus_v_std": 18.8808, "car_acc": 2.1137, "car_dcc": 2.977, "car_lcAssertive": 63.5798, "car_lcCooperative": 0.7186, "car_lcLookaheadLeft": 63.2783, "car_lcPushy": 0.446, "car_lcSigma": 0.7617, "car_lcSpeedGainRight": 2.2078, "car_lcSublane": 0.1837, "car_sigma": 0.1466, "car_tau_mean": 2.1623, "car_tau_std": 2.8033, "car_v_mean": 18.2233, "car_v_std": 3.6103}, "datetime": {"datetime": "2024-08-10 13:11:15", "elapsed": 2125.916769, "delta": 5.806767}}
{"target": -0.3691021279274966, "params": {"bus_acc": 0.9553, "bus_dcc": 0.914, "bus_lcAssertive": 27.9625, "bus_lcCooperative": 0.3741, "bus_lcLookaheadLeft": 95.579, "bus_lcPushy": 0.4412, "bus_lcSigma": 0.1798, "bus_lcSpeedGainRight": 3.5811, "bus_lcSublane": 0.7522, "bus_sigma": 0.5161, "bus_tau_mean": 3.7987, "bus_tau_std": 4.945, "bus_v_mean": 12.5389, "bus_v_std": 19.7256, "car_acc": 1.0561, "car_dcc": 1.4045, "car_lcAssertive": 14.1926, "car_lcCooperative": 0.8432, "car_lcLookaheadLeft": 10.8408, "car_lcPushy": 0.75, "car_lcSigma": 0.2781, "car_lcSpeedGainRight": 1.2115, "car_lcSublane": 0.3029, "car_sigma": 0.7662, "car_tau_mean": 3.1588, "car_tau_std": 8.7755, "car_v_mean": 15.8014, "car_v_std": 10.3346}, "datetime": {"datetime": "2024-08-10 13:11:20", "elapsed": 2130.837579, "delta": 4.92081}}
{"target": -0.41948272331075276, "params": {"bus_acc": 2.5399, "bus_dcc": 0.9892, "bus_lcAssertive": 83.7588, "bus_lcCooperative": 0.6927, "bus_lcLookaheadLeft": 23.0458, "bus_lcPushy": 0.289, "bus_lcSigma": 0.4511, "bus_lcSpeedGainRight": 2.0579, "bus_lcSublane": 0.9094, "bus_sigma": 0.9921, "bus_tau_mean": 1.3772, "bus_tau_std": 7.2301, "bus_v_mean": 15.1905, "bus_v_std": 7.1722, "car_acc": 0.2935, "car_dcc": 1.1772, "car_lcAssertive": 68.3633, "car_lcCooperative": 0.9771, "car_lcLookaheadLeft": 36.9571, "car_lcPushy": 0.6599, "car_lcSigma": 0.591, "car_lcSpeedGainRight": 2.3916, "car_lcSublane": 0.8065, "car_sigma": 0.3158, "car_tau_mean": 1.1338, "car_tau_std": 3.3807, "car_v_mean": 23.1515, "car_v_std": 16.6467}, "datetime": {"datetime": "2024-08-10 13:11:24", "elapsed": 2135.114307, "delta": 4.276728}}
{"target": -0.8436698888354642, "params": {"bus_acc": 1.0866, "bus_dcc": 1.9521, "bus_lcAssertive": 7.5994, "bus_lcCooperative": 0.3426, "bus_lcLookaheadLeft": 49.5784, "bus_lcPushy": 0.8848, "bus_lcSigma": 0.684, "bus_lcSpeedGainRight": 4.855, "bus_lcSublane": 0.4525, "bus_sigma": 0.8564, "bus_tau_mean": 3.7978, "bus_tau_std": 9.2233, "bus_v_mean": 17.7956, "bus_v_std": 2.6866, "car_acc": 0.2655, "car_dcc": 2.5036, "car_lcAssertive": 98.559, "car_lcCooperative": 0.2502, "car_lcLookaheadLeft": 38.2852, "car_lcPushy": 0.0945, "car_lcSigma": 0.3673, "car_lcSpeedGainRight": 4.5924, "car_lcSublane": 0.8033, "car_sigma": 0.0113, "car_tau_mean": 2.1109, "car_tau_std": 9.104, "car_v_mean": 18.4096, "car_v_std": 19.6371}, "datetime": {"datetime": "2024-08-10 13:11:30", "elapsed": 2141.079555, "delta": 5.965248}}
{"target": -0.26939028609864213, "params": {"bus_acc": 3.6725, "bus_dcc": 0.5995, "bus_lcAssertive": 16.6733, "bus_lcCooperative": 0.6909, "bus_lcLookaheadLeft": 49.7679, "bus_lcPushy": 0.9796, "bus_lcSigma": 0.5017, "bus_lcSpeedGainRight": 1.4282, "bus_lcSublane": 0.146, "bus_sigma": 0.7012, "bus_tau_mean": 3.199, "bus_tau_std": 2.0408, "bus_v_mean": 23.511, "bus_v_std": 13.1157, "car_acc": 2.1165, "car_dcc": 0.3645, "car_lcAssertive": 60.1781, "car_lcCooperative": 0.8817, "car_lcLookaheadLeft": 94.0551, "car_lcPushy": 0.5393, "car_lcSigma": 0.8472, "car_lcSpeedGainRight": 4.3926, "car_lcSublane": 0.5013, "car_sigma": 0.514, "car_tau_mean": 3.6492, "car_tau_std": 7.279, "car_v_mean": 11.2314, "car_v_std": 3.2709}, "datetime": {"datetime": "2024-08-10 13:11:34", "elapsed": 2145.043794, "delta": 3.964239}}
{"target": -0.8741400677403716, "params": {"bus_acc": 0.7037, "bus_dcc": 2.3886, "bus_lcAssertive": 14.1095, "bus_lcCooperative": 0.2901, "bus_lcLookaheadLeft": 44.0645, "bus_lcPushy": 0.3219, "bus_lcSigma": 0.1695, "bus_lcSpeedGainRight": 0.0713, "bus_lcSublane": 0.8122, "bus_sigma": 0.6838, "bus_tau_mean": 3.3342, "bus_tau_std": 3.2381, "bus_v_mean": 13.4576, "bus_v_std": 15.5453, "car_acc": 0.3528, "car_dcc": 1.7866, "car_lcAssertive": 18.2369, "car_lcCooperative": 0.2512, "car_lcLookaheadLeft": 3.3934, "car_lcPushy": 0.4563, "car_lcSigma": 0.8824, "car_lcSpeedGainRight": 0.8128, "car_lcSublane": 0.2651, "car_sigma": 0.806, "car_tau_mean": 1.7106, "car_tau_std": 8.673, "car_v_mean": 20.1563, "car_v_std": 16.667}, "datetime": {"datetime": "2024-08-10 13:11:43", "elapsed": 2153.573586, "delta": 8.529792}}
{"target": -0.3356185774352957, "params": {"bus_acc": 1.5867, "bus_dcc": 0.3985, "bus_lcAssertive": 27.2556, "bus_lcCooperative": 0.2639, "bus_lcLookaheadLeft": 85.4373, "bus_lcPushy": 0.3675, "bus_lcSigma": 0.6102, "bus_lcSpeedGainRight": 1.2255, "bus_lcSublane": 0.6648, "bus_sigma": 0.58, "bus_tau_mean": 0.5313, "bus_tau_std": 1.6754, "bus_v_mean": 24.7583, "bus_v_std": 4.4361, "car_acc": 1.5767, "car_dcc": 2.3562, "car_lcAssertive": 18.3139, "car_lcCooperative": 0.6987, "car_lcLookaheadLeft": 64.9955, "car_lcPushy": 0.8026, "car_lcSigma": 0.7938, "car_lcSpeedGainRight": 0.9357, "car_lcSublane": 0.171, "car_sigma": 0.2097, "car_tau_mean": 2.3481, "car_tau_std": 7.0972, "car_v_mean": 17.0515, "car_v_std": 8.4498}, "datetime": {"datetime": "2024-08-10 13:11:49", "elapsed": 2160.017363, "delta": 6.443777}}
{"target": -0.3577604193900434, "params": {"bus_acc": 2.5437, "bus_dcc": 0.6595, "bus_lcAssertive": 51.9909, "bus_lcCooperative": 0.1732, "bus_lcLookaheadLeft": 51.0909, "bus_lcPushy": 0.1297, "bus_lcSigma": 0.6484, "bus_lcSpeedGainRight": 0.2741, "bus_lcSublane": 0.4443, "bus_sigma": 0.1046, "bus_tau_mean": 3.3234, "bus_tau_std": 1.2223, "bus_v_mean": 18.1189, "bus_v_std": 12.4252, "car_acc": 3.4392, "car_dcc": 0.8857, "car_lcAssertive": 66.0092, "car_lcCooperative": 0.1374, "car_lcLookaheadLeft": 23.5694, "car_lcPushy": 0.7815, "car_lcSigma": 0.3213, "car_lcSpeedGainRight": 4.6591, "car_lcSublane": 0.5819, "car_sigma": 0.4202, "car_tau_mean": 3.1621, "car_tau_std": 7.1062, "car_v_mean": 24.564, "car_v_std": 10.6008}, "datetime": {"datetime": "2024-08-10 13:11:53", "elapsed": 2163.395002, "delta": 3.377639}}
{"target": -0.5997113731797651, "params": {"bus_acc": 3.1668, "bus_dcc": 3.579, "bus_lcAssertive": 93.604, "bus_lcCooperative": 0.7786, "bus_lcLookaheadLeft": 60.8383, "bus_lcPushy": 0.9939, "bus_lcSigma": 0.6328, "bus_lcSpeedGainRight": 0.1609, "bus_lcSublane": 0.2287, "bus_sigma": 0.36, "bus_tau_mean": 2.094, "bus_tau_std": 4.6862, "bus_v_mean": 13.8846, "bus_v_std": 6.6801, "car_acc": 0.4949, "car_dcc": 2.158, "car_lcAssertive": 58.0841, "car_lcCooperative": 0.4652, "car_lcLookaheadLeft": 63.4954, "car_lcPushy": 0.1593, "car_lcSigma": 0.7752, "car_lcSpeedGainRight": 1.1223, "car_lcSublane": 0.2227, "car_sigma": 0.0888, "car_tau_mean": 3.2268, "car_tau_std": 5.677, "car_v_mean": 9.431, "car_v_std": 0.877}, "datetime": {"datetime": "2024-08-10 13:11:57", "elapsed": 2167.532715, "delta": 4.137713}}
{"target": -0.2644546781474442, "params": {"bus_acc": 3.01, "bus_dcc": 2.2791, "bus_lcAssertive": 2.0832, "bus_lcCooperative": 0.3406, "bus_lcLookaheadLeft": 57.1902, "bus_lcPushy": 0.9359, "bus_lcSigma": 0.8845, "bus_lcSpeedGainRight": 4.684, "bus_lcSublane": 0.6729, "bus_sigma": 0.1747, "bus_tau_mean": 1.3096, "bus_tau_std": 2.6957, "bus_v_mean": 17.6562, "bus_v_std": 17.6185, "car_acc": 3.1768, "car_dcc": 0.6442, "car_lcAssertive": 34.9585, "car_lcCooperative": 0.6416, "car_lcLookaheadLeft": 62.0577, "car_lcPushy": 0.0946, "car_lcSigma": 0.2929, "car_lcSpeedGainRight": 1.3024, "car_lcSublane": 0.3073, "car_sigma": 0.7175, "car_tau_mean": 3.1135, "car_tau_std": 8.5578, "car_v_mean": 9.8601, "car_v_std": 16.7888}, "datetime": {"datetime": "2024-08-10 13:12:02", "elapsed": 2172.48416, "delta": 4.951445}}
{"target": -0.3166868530006089, "params": {"bus_acc": 3.9282, "bus_dcc": 2.9755, "bus_lcAssertive": 75.417, "bus_lcCooperative": 0.0183, "bus_lcLookaheadLeft": 62.7904, "bus_lcPushy": 0.9175, "bus_lcSigma": 0.2698, "bus_lcSpeedGainRight": 0.5687, "bus_lcSublane": 0.2017, "bus_sigma": 0.1492, "bus_tau_mean": 0.9669, "bus_tau_std": 3.2149, "bus_v_mean": 10.4546, "bus_v_std": 4.2139, "car_acc": 3.3579, "car_dcc": 2.3253, "car_lcAssertive": 60.4887, "car_lcCooperative": 0.3655, "car_lcLookaheadLeft": 83.2682, "car_lcPushy": 0.3956, "car_lcSigma": 0.5494, "car_lcSpeedGainRight": 3.5551, "car_lcSublane": 0.5907, "car_sigma": 0.9977, "car_tau_mean": 2.7768, "car_tau_std": 7.3155, "car_v_mean": 15.6022, "car_v_std": 2.07}, "datetime": {"datetime": "2024-08-10 13:12:05", "elapsed": 2176.041119, "delta": 3.556959}}
{"target": -0.49015105197032544, "params": {"bus_acc": 2.9218, "bus_dcc": 2.7127, "bus_lcAssertive": 12.1742, "bus_lcCooperative": 0.5562, "bus_lcLookaheadLeft": 59.4168, "bus_lcPushy": 0.6004, "bus_lcSigma": 0.6604, "bus_lcSpeedGainRight": 2.3036, "bus_lcSublane": 0.3953, "bus_sigma": 0.5955, "bus_tau_mean": 1.1242, "bus_tau_std": 4.786, "bus_v_mean": 19.013, "bus_v_std": 10.209, "car_acc": 0.6403, "car_dcc": 2.4248, "car_lcAssertive": 29.1122, "car_lcCooperative": 0.3028, "car_lcLookaheadLeft": 36.567, "car_lcPushy": 0.2068, "car_lcSigma": 0.0156, "car_lcSpeedGainRight": 0.1995, "car_lcSublane": 0.5169, "car_sigma": 0.4337, "car_tau_mean": 3.3892, "car_tau_std": 5.398, "car_v_mean": 16.6164, "car_v_std": 13.2726}, "datetime": {"datetime": "2024-08-10 13:12:11", "elapsed": 2181.303378, "delta": 5.262259}}
{"target": -0.33148229741961505, "params": {"bus_acc": 3.0212, "bus_dcc": 2.0818, "bus_lcAssertive": 62.3059, "bus_lcCooperative": 0.9523, "bus_lcLookaheadLeft": 41.7142, "bus_lcPushy": 0.9966, "bus_lcSigma": 0.7972, "bus_lcSpeedGainRight": 2.6279, "bus_lcSublane": 0.2856, "bus_sigma": 0.7787, "bus_tau_mean": 2.5565, "bus_tau_std": 3.9723, "bus_v_mean": 11.0833, "bus_v_std": 4.3184, "car_acc": 2.0597, "car_dcc": 2.6197, "car_lcAssertive": 22.9584, "car_lcCooperative": 0.6022, "car_lcLookaheadLeft": 65.8583, "car_lcPushy": 0.9245, "car_lcSigma": 0.8343, "car_lcSpeedGainRight": 2.3863, "car_lcSublane": 0.8364, "car_sigma": 0.1085, "car_tau_mean": 0.7314, "car_tau_std": 5.8662, "car_v_mean": 23.3905, "car_v_std": 4.8809}, "datetime": {"datetime": "2024-08-10 13:12:15", "elapsed": 2185.52278, "delta": 4.219402}}
{"target": -0.42166643017986677, "params": {"bus_acc": 1.3772, "bus_dcc": 3.4566, "bus_lcAssertive": 18.0022, "bus_lcCooperative": 0.798, "bus_lcLookaheadLeft": 98.8308, "bus_lcPushy": 0.7832, "bus_lcSigma": 0.5841, "bus_lcSpeedGainRight": 1.8305, "bus_lcSublane": 0.0321, "bus_sigma": 0.5055, "bus_tau_mean": 3.1134, "bus_tau_std": 2.3454, "bus_v_mean": 14.3515, "bus_v_std": 2.2591, "car_acc": 0.7702, "car_dcc": 0.8711, "car_lcAssertive": 26.9578, "car_lcCooperative": 0.8943, "car_lcLookaheadLeft": 77.5095, "car_lcPushy": 0.0181, "car_lcSigma": 0.5463, "car_lcSpeedGainRight": 0.604, "car_lcSublane": 0.7143, "car_sigma": 0.3898, "car_tau_mean": 3.0077, "car_tau_std": 8.5942, "car_v_mean": 10.3197, "car_v_std": 11.0359}, "datetime": {"datetime": "2024-08-10 13:12:19", "elapsed": 2190.108011, "delta": 4.585231}}
{"target": -0.3718716358474889, "params": {"bus_acc": 2.7586, "bus_dcc": 1.6811, "bus_lcAssertive": 1.1942, "bus_lcCooperative": 0.9638, "bus_lcLookaheadLeft": 22.2094, "bus_lcPushy": 0.2138, "bus_lcSigma": 0.019, "bus_lcSpeedGainRight": 3.6141, "bus_lcSublane": 0.7063, "bus_sigma": 0.6865, "bus_tau_mean": 0.8073, "bus_tau_std": 0.1325, "bus_v_mean": 16.1208, "bus_v_std": 16.8336, "car_acc": 1.4629, "car_dcc": 1.5459, "car_lcAssertive": 48.0547, "car_lcCooperative": 0.2134, "car_lcLookaheadLeft": 50.8385, "car_lcPushy": 0.9146, "car_lcSigma": 0.6738, "car_lcSpeedGainRight": 0.8224, "car_lcSublane": 0.438, "car_sigma": 0.2037, "car_tau_mean": 2.8462, "car_tau_std": 7.6218, "car_v_mean": 8.8057, "car_v_std": 13.403}, "datetime": {"datetime": "2024-08-10 13:12:25", "elapsed": 2196.048456, "delta": 5.940445}}
{"target": -0.3287647711874036, "params": {"bus_acc": 3.3659, "bus_dcc": 1.1395, "bus_lcAssertive": 94.321, "bus_lcCooperative": 0.208, "bus_lcLookaheadLeft": 93.3277, "bus_lcPushy": 0.731, "bus_lcSigma": 0.8778, "bus_lcSpeedGainRight": 1.7571, "bus_lcSublane": 0.4874, "bus_sigma": 0.5959, "bus_tau_mean": 1.0313, "bus_tau_std": 7.5169, "bus_v_mean": 22.6697, "bus_v_std": 7.558, "car_acc": 2.5712, "car_dcc": 1.3335, "car_lcAssertive": 98.0322, "car_lcCooperative": 0.413, "car_lcLookaheadLeft": 24.516, "car_lcPushy": 0.7912, "car_lcSigma": 0.4273, "car_lcSpeedGainRight": 2.887, "car_lcSublane": 0.9862, "car_sigma": 0.6965, "car_tau_mean": 3.2158, "car_tau_std": 0.7662, "car_v_mean": 18.1772, "car_v_std": 5.6557}, "datetime": {"datetime": "2024-08-10 13:12:30", "elapsed": 2200.733526, "delta": 4.68507}}
{"target": -0.7286191863162966, "params": {"bus_acc": 0.7998, "bus_dcc": 2.7831, "bus_lcAssertive": 77.1353, "bus_lcCooperative": 0.1322, "bus_lcLookaheadLeft": 85.564, "bus_lcPushy": 0.9954, "bus_lcSigma": 0.5544, "bus_lcSpeedGainRight": 0.9135, "bus_lcSublane": 0.2356, "bus_sigma": 0.1923, "bus_tau_mean": 3.4925, "bus_tau_std": 7.9725, "bus_v_mean": 23.4114, "bus_v_std": 11.4261, "car_acc": 0.4787, "car_dcc": 0.7021, "car_lcAssertive": 59.1656, "car_lcCooperative": 0.4033, "car_lcLookaheadLeft": 92.0389, "car_lcPushy": 0.7652, "car_lcSigma": 0.6095, "car_lcSpeedGainRight": 0.0403, "car_lcSublane": 0.3523, "car_sigma": 0.2319, "car_tau_mean": 3.0544, "car_tau_std": 6.7811, "car_v_mean": 13.2037, "car_v_std": 11.6954}, "datetime": {"datetime": "2024-08-10 13:12:34", "elapsed": 2204.342628, "delta": 3.609102}}
{"target": -0.2748091544598001, "params": {"bus_acc": 2.8205, "bus_dcc": 1.9884, "bus_lcAssertive": 91.0826, "bus_lcCooperative": 0.9894, "bus_lcLookaheadLeft": 12.8928, "bus_lcPushy": 0.5945, "bus_lcSigma": 0.5823, "bus_lcSpeedGainRight": 3.463, "bus_lcSublane": 0.3911, "bus_sigma": 0.9134, "bus_tau_mean": 3.6243, "bus_tau_std": 3.0274, "bus_v_mean": 13.0501, "bus_v_std": 17.8619, "car_acc": 2.8482, "car_dcc": 0.2887, "car_lcAssertive": 91.9801, "car_lcCooperative": 0.864, "car_lcLookaheadLeft": 58.825, "car_lcPushy": 0.5718, "car_lcSigma": 0.2578, "car_lcSpeedGainRight": 2.6913, "car_lcSublane": 0.8449, "car_sigma": 0.9046, "car_tau_mean": 1.9787, "car_tau_std": 4.0971, "car_v_mean": 10.8907, "car_v_std": 18.7502}, "datetime": {"datetime": "2024-08-10 13:12:45", "elapsed": 2215.201306, "delta": 10.858678}}
{"target": -0.35962603873334603, "params": {"bus_acc": 3.1242, "bus_dcc": 2.2108, "bus_lcAssertive": 85.3882, "bus_lcCooperative": 0.0137, "bus_lcLookaheadLeft": 13.1921, "bus_lcPushy": 0.1254, "bus_lcSigma": 0.481, "bus_lcSpeedGainRight": 3.5446, "bus_lcSublane": 0.9086, "bus_sigma": 0.1339, "bus_tau_mean": 2.0274, "bus_tau_std": 3.9558, "bus_v_mean": 10.4193, "bus_v_std": 18.1435, "car_acc": 1.5155, "car_dcc": 1.808, "car_lcAssertive": 95.7961, "car_lcCooperative": 0.9184, "car_lcLookaheadLeft": 85.5702, "car_lcPushy": 0.1066, "car_lcSigma": 0.7926, "car_lcSpeedGainRight": 4.9282, "car_lcSublane": 0.8646, "car_sigma": 0.8813, "car_tau_mean": 1.4922, "car_tau_std": 4.9752, "car_v_mean": 15.0732, "car_v_std": 0.2878}, "datetime": {"datetime": "2024-08-10 13:12:51", "elapsed": 2221.809696, "delta": 6.60839}}
{"target": -0.49865438662863576, "params": {"bus_acc": 0.2617, "bus_dcc": 2.0344, "bus_lcAssertive": 2.6089, "bus_lcCooperative": 0.8972, "bus_lcLookaheadLeft": 77.3636, "bus_lcPushy": 0.248, "bus_lcSigma": 0.3001, "bus_lcSpeedGainRight": 1.1601, "bus_lcSublane": 0.7245, "bus_sigma": 0.1635, "bus_tau_mean": 2.657, "bus_tau_std": 2.4676, "bus_v_mean": 15.0632, "bus_v_std": 7.9009, "car_acc": 1.9056, "car_dcc": 2.4021, "car_lcAssertive": 39.143, "car_lcCooperative": 0.4624, "car_lcLookaheadLeft": 96.081, "car_lcPushy": 0.5808, "car_lcSigma": 0.6899, "car_lcSpeedGainRight": 4.914, "car_lcSublane": 0.5211, "car_sigma": 0.1841, "car_tau_mean": 1.1175, "car_tau_std": 2.4319, "car_v_mean": 22.1628, "car_v_std": 17.3273}, "datetime": {"datetime": "2024-08-10 13:12:56", "elapsed": 2226.856244, "delta": 5.046548}}
{"target": -0.28405459511725145, "params": {"bus_acc": 3.3939, "bus_dcc": 2.7315, "bus_lcAssertive": 5.7417, "bus_lcCooperative": 0.8367, "bus_lcLookaheadLeft": 34.4915, "bus_lcPushy": 0.5845, "bus_lcSigma": 0.6541, "bus_lcSpeedGainRight": 4.0952, "bus_lcSublane": 0.6739, "bus_sigma": 0.07, "bus_tau_mean": 0.8098, "bus_tau_std": 7.9998, "bus_v_mean": 12.8336, "bus_v_std": 16.5329, "car_acc": 2.5428, "car_dcc": 0.6885, "car_lcAssertive": 31.6099, "car_lcCooperative": 0.1688, "car_lcLookaheadLeft": 73.0866, "car_lcPushy": 0.7127, "car_lcSigma": 0.9435, "car_lcSpeedGainRight": 4.0479, "car_lcSublane": 0.1639, "car_sigma": 0.4482, "car_tau_mean": 3.9319, "car_tau_std": 3.4054, "car_v_mean": 16.464, "car_v_std": 11.326}, "datetime": {"datetime": "2024-08-10 13:13:00", "elapsed": 2231.030349, "delta": 4.174105}}
