{"target": -0.7021855723765814, "params": {"bus_acc": 0.9376, "bus_dcc": 3.8643, "bus_lcAssertive": 4.9179, "bus_lcCooperative": 0.4591, "bus_lcLookaheadLeft": 78.6878, "bus_lcPushy": 0.1647, "bus_lcSigma": 0.6773, "bus_lcSpeedGainRight": 3.8843, "bus_lcSublane": 0.189, "bus_sigma": 0.8437, "bus_tau_mean": 3.4494, "bus_tau_std": 4.261, "bus_v_mean": 21.3882, "bus_v_std": 13.7617, "car_acc": 0.43, "car_dcc": 0.354, "car_lcAssertive": 65.1244, "car_lcCooperative": 0.6218, "car_lcLookaheadLeft": 46.5457, "car_lcPushy": 0.028, "car_lcSigma": 0.3859, "car_lcSpeedGainRight": 1.2664, "car_lcSublane": 0.5485, "car_sigma": 0.7499, "car_tau_mean": 2.9014, "car_tau_std": 2.5546, "car_v_mean": 18.6354, "car_v_std": 10.9565}, "datetime": {"datetime": "2024-08-10 14:45:31", "elapsed": 7781.362633, "delta": 4.870255}}
{"target": -0.3029895147016904, "params": {"bus_acc": 0.7766, "bus_dcc": 1.9181, "bus_lcAssertive": 99.2172, "bus_lcCooperative": 0.4707, "bus_lcLookaheadLeft": 78.1422, "bus_lcPushy": 0.3526, "bus_lcSigma": 0.7189, "bus_lcSpeedGainRight": 4.8076, "bus_lcSublane": 0.7317, "bus_sigma": 0.1727, "bus_tau_mean": 2.8285, "bus_tau_std": 7.5311, "bus_v_mean": 8.9252, "bus_v_std": 19.9089, "car_acc": 3.7542, "car_dcc": 2.9021, "car_lcAssertive": 86.7729, "car_lcCooperative": 0.9897, "car_lcLookaheadLeft": 46.1556, "car_lcPushy": 0.0244, "car_lcSigma": 0.436, "car_lcSpeedGainRight": 3.7107, "car_lcSublane": 0.9781, "car_sigma": 0.0773, "car_tau_mean": 1.0028, "car_tau_std": 5.0661, "car_v_mean": 22.5134, "car_v_std": 19.7814}, "datetime": {"datetime": "2024-08-10 14:45:39", "elapsed": 7789.535133, "delta": 8.1725}}
{"target": -0.31507162998710514, "params": {"bus_acc": 1.0301, "bus_dcc": 0.4695, "bus_lcAssertive": 33.8061, "bus_lcCooperative": 0.7434, "bus_lcLookaheadLeft": 4.1409, "bus_lcPushy": 0.9749, "bus_lcSigma": 0.1363, "bus_lcSpeedGainRight": 3.8829, "bus_lcSublane": 0.7548, "bus_sigma": 0.8259, "bus_tau_mean": 1.999, "bus_tau_std": 0.2862, "bus_v_mean": 14.1285, "bus_v_std": 13.1554, "car_acc": 3.3781, "car_dcc": 1.4734, "car_lcAssertive": 27.7335, "car_lcCooperative": 0.9096, "car_lcLookaheadLeft": 17.5959, "car_lcPushy": 0.7597, "car_lcSigma": 0.2523, "car_lcSpeedGainRight": 0.4788, "car_lcSublane": 0.6413, "car_sigma": 0.3455, "car_tau_mean": 3.807, "car_tau_std": 7.431, "car_v_mean": 22.4828, "car_v_std": 6.7236}, "datetime": {"datetime": "2024-08-10 14:45:48", "elapsed": 7798.483955, "delta": 8.948822}}
{"target": -0.3626888926980329, "params": {"bus_acc": 1.8239, "bus_dcc": 3.1354, "bus_lcAssertive": 55.2934, "bus_lcCooperative": 0.7666, "bus_lcLookaheadLeft": 48.4641, "bus_lcPushy": 0.5158, "bus_lcSigma": 0.3774, "bus_lcSpeedGainRight": 4.3817, "bus_lcSublane": 0.8473, "bus_sigma": 0.2482, "bus_tau_mean": 3.3231, "bus_tau_std": 5.2341, "bus_v_mean": 21.688, "bus_v_std": 17.5338, "car_acc": 3.3172, "car_dcc": 1.8793, "car_lcAssertive": 67.6079, "car_lcCooperative": 0.9845, "car_lcLookaheadLeft": 28.8591, "car_lcPushy": 0.6806, "car_lcSigma": 0.3885, "car_lcSpeedGainRight": 1.754, "car_lcSublane": 0.0882, "car_sigma": 0.6657, "car_tau_mean": 1.5454, "car_tau_std": 2.9263, "car_v_mean": 15.8898, "car_v_std": 11.3256}, "datetime": {"datetime": "2024-08-10 14:45:53", "elapsed": 7803.793098, "delta": 5.309143}}
{"target": -0.384724690698142, "params": {"bus_acc": 1.7321, "bus_dcc": 1.1684, "bus_lcAssertive": 4.636, "bus_lcCooperative": 0.2419, "bus_lcLookaheadLeft": 17.8215, "bus_lcPushy": 0.3315, "bus_lcSigma": 0.955, "bus_lcSpeedGainRight": 1.7053, "bus_lcSublane": 0.1319, "bus_sigma": 0.9414, "bus_tau_mean": 0.808, "bus_tau_std": 1.4731, "bus_v_mean": 20.7488, "bus_v_std": 9.4307, "car_acc": 1.555, "car_dcc": 3.5298, "car_lcAssertive": 48.3676, "car_lcCooperative": 0.6725, "car_lcLookaheadLeft": 9.1771, "car_lcPushy": 0.3674, "car_lcSigma": 0.9434, "car_lcSpeedGainRight": 0.1437, "car_lcSublane": 0.1758, "car_sigma": 0.277, "car_tau_mean": 1.1064, "car_tau_std": 5.9806, "car_v_mean": 15.3445, "car_v_std": 19.2052}, "datetime": {"datetime": "2024-08-10 14:45:58", "elapsed": 7808.532515, "delta": 4.739417}}
{"target": -0.38777144424300247, "params": {"bus_acc": 2.6322, "bus_dcc": 2.3712, "bus_lcAssertive": 88.9104, "bus_lcCooperative": 0.0047, "bus_lcLookaheadLeft": 19.1585, "bus_lcPushy": 0.5605, "bus_lcSigma": 0.1984, "bus_lcSpeedGainRight": 1.6275, "bus_lcSublane": 0.6223, "bus_sigma": 0.4348, "bus_tau_mean": 3.527, "bus_tau_std": 5.182, "bus_v_mean": 13.187, "bus_v_std": 3.322, "car_acc": 0.8361, "car_dcc": 0.878, "car_lcAssertive": 22.3225, "car_lcCooperative": 0.9709, "car_lcLookaheadLeft": 50.0005, "car_lcPushy": 0.4615, "car_lcSigma": 0.946, "car_lcSpeedGainRight": 4.6343, "car_lcSublane": 0.1991, "car_sigma": 0.2513, "car_tau_mean": 1.2764, "car_tau_std": 5.3704, "car_v_mean": 23.1565, "car_v_std": 5.9453}, "datetime": {"datetime": "2024-08-10 14:46:02", "elapsed": 7812.53024, "delta": 3.997725}}
{"target": -0.3188689653863396, "params": {"bus_acc": 3.7641, "bus_dcc": 3.1294, "bus_lcAssertive": 19.7312, "bus_lcCooperative": 0.1572, "bus_lcLookaheadLeft": 57.263, "bus_lcPushy": 0.876, "bus_lcSigma": 0.8217, "bus_lcSpeedGainRight": 2.8738, "bus_lcSublane": 0.3992, "bus_sigma": 0.1481, "bus_tau_mean": 2.5302, "bus_tau_std": 8.9255, "bus_v_mean": 24.7307, "bus_v_std": 12.465, "car_acc": 2.462, "car_dcc": 2.805, "car_lcAssertive": 85.1476, "car_lcCooperative": 0.0825, "car_lcLookaheadLeft": 55.069, "car_lcPushy": 0.7917, "car_lcSigma": 0.5712, "car_lcSpeedGainRight": 0.426, "car_lcSublane": 0.0906, "car_sigma": 0.6346, "car_tau_mean": 2.9211, "car_tau_std": 1.314, "car_v_mean": 16.1515, "car_v_std": 4.5075}, "datetime": {"datetime": "2024-08-10 14:46:06", "elapsed": 7816.822769, "delta": 4.292529}}
{"target": -0.748817742478364, "params": {"bus_acc": 2.1326, "bus_dcc": 3.5563, "bus_lcAssertive": 51.1792, "bus_lcCooperative": 0.8992, "bus_lcLookaheadLeft": 30.7402, "bus_lcPushy": 0.0155, "bus_lcSigma": 0.7182, "bus_lcSpeedGainRight": 1.0797, "bus_lcSublane": 0.7385, "bus_sigma": 0.3992, "bus_tau_mean": 2.343, "bus_tau_std": 7.3346, "bus_v_mean": 22.1906, "bus_v_std": 7.1705, "car_acc": 0.5852, "car_dcc": 3.5507, "car_lcAssertive": 4.0232, "car_lcCooperative": 0.5846, "car_lcLookaheadLeft": 52.0583, "car_lcPushy": 0.7236, "car_lcSigma": 0.3698, "car_lcSpeedGainRight": 1.3136, "car_lcSublane": 0.1901, "car_sigma": 0.8821, "car_tau_mean": 1.3371, "car_tau_std": 1.6123, "car_v_mean": 19.4494, "car_v_std": 13.0997}, "datetime": {"datetime": "2024-08-10 14:46:11", "elapsed": 7821.832379, "delta": 5.00961}}
{"target": -0.37501413349885165, "params": {"bus_acc": 1.5442, "bus_dcc": 0.8183, "bus_lcAssertive": 10.3499, "bus_lcCooperative": 0.644, "bus_lcLookaheadLeft": 41.7402, "bus_lcPushy": 0.534, "bus_lcSigma": 0.4061, "bus_lcSpeedGainRight": 1.5525, "bus_lcSublane": 0.731, "bus_sigma": 0.1312, "bus_tau_mean": 1.04, "bus_tau_std": 3.3773, "bus_v_mean": 13.2535, "bus_v_std": 16.1462, "car_acc": 1.4583, "car_dcc": 3.8643, "car_lcAssertive": 21.3891, "car_lcCooperative": 0.0065, "car_lcLookaheadLeft": 38.3948, "car_lcPushy": 0.7332, "car_lcSigma": 0.9413, "car_lcSpeedGainRight": 0.2482, "car_lcSublane": 0.7172, "car_sigma": 0.1832, "car_tau_mean": 3.5308, "car_tau_std": 3.5232, "car_v_mean": 8.6514, "car_v_std": 2.791}, "datetime": {"datetime": "2024-08-10 14:46:17", "elapsed": 7827.239879, "delta": 5.4075}}
{"target": -0.31066641770232734, "params": {"bus_acc": 3.5009, "bus_dcc": 1.7636, "bus_lcAssertive": 33.6364, "bus_lcCooperative": 0.1823, "bus_lcLookaheadLeft": 37.6416, "bus_lcPushy": 0.6164, "bus_lcSigma": 0.3948, "bus_lcSpeedGainRight": 1.5609, "bus_lcSublane": 0.7794, "bus_sigma": 0.4555, "bus_tau_mean": 0.7491, "bus_tau_std": 3.7808, "bus_v_mean": 20.6712, "bus_v_std": 15.938, "car_acc": 3.1731, "car_dcc": 2.9555, "car_lcAssertive": 82.3618, "car_lcCooperative": 0.3008, "car_lcLookaheadLeft": 21.3151, "car_lcPushy": 0.6882, "car_lcSigma": 0.3208, "car_lcSpeedGainRight": 3.1205, "car_lcSublane": 0.6347, "car_sigma": 0.2915, "car_tau_mean": 2.2075, "car_tau_std": 5.6247, "car_v_mean": 16.419, "car_v_std": 15.9366}, "datetime": {"datetime": "2024-08-10 14:46:22", "elapsed": 7832.199937, "delta": 4.960058}}
{"target": -0.3943472979087699, "params": {"bus_acc": 1.8401, "bus_dcc": 0.8768, "bus_lcAssertive": 38.8261, "bus_lcCooperative": 0.7961, "bus_lcLookaheadLeft": 95.8979, "bus_lcPushy": 0.492, "bus_lcSigma": 0.6227, "bus_lcSpeedGainRight": 2.7565, "bus_lcSublane": 0.7848, "bus_sigma": 0.6269, "bus_tau_mean": 2.6833, "bus_tau_std": 3.4909, "bus_v_mean": 20.2592, "bus_v_std": 14.0061, "car_acc": 1.6149, "car_dcc": 3.8493, "car_lcAssertive": 73.2414, "car_lcCooperative": 0.1069, "car_lcLookaheadLeft": 20.0373, "car_lcPushy": 0.1275, "car_lcSigma": 0.0744, "car_lcSpeedGainRight": 3.9907, "car_lcSublane": 0.4688, "car_sigma": 0.8619, "car_tau_mean": 2.2654, "car_tau_std": 6.4982, "car_v_mean": 17.4327, "car_v_std": 16.6132}, "datetime": {"datetime": "2024-08-10 14:46:29", "elapsed": 7839.39076, "delta": 7.190823}}
{"target": -0.27552622630417467, "params": {"bus_acc": 0.2662, "bus_dcc": 0.815, "bus_lcAssertive": 16.4424, "bus_lcCooperative": 0.965, "bus_lcLookaheadLeft": 11.5199, "bus_lcPushy": 0.1112, "bus_lcSigma": 0.2627, "bus_lcSpeedGainRight": 4.649, "bus_lcSublane": 0.8021, "bus_sigma": 0.2292, "bus_tau_mean": 1.7621, "bus_tau_std": 0.7216, "bus_v_mean": 16.791, "bus_v_std": 12.1037, "car_acc": 1.5787, "car_dcc": 3.3488, "car_lcAssertive": 45.7464, "car_lcCooperative": 0.9215, "car_lcLookaheadLeft": 93.6599, "car_lcPushy": 0.0304, "car_lcSigma": 0.0281, "car_lcSpeedGainRight": 1.1919, "car_lcSublane": 0.6988, "car_sigma": 0.5286, "car_tau_mean": 1.1206, "car_tau_std": 2.7337, "car_v_mean": 23.0168, "car_v_std": 17.085}, "datetime": {"datetime": "2024-08-10 14:46:36", "elapsed": 7846.932929, "delta": 7.542169}}
{"target": -0.274740150870188, "params": {"bus_acc": 0.4464, "bus_dcc": 0.7854, "bus_lcAssertive": 94.6777, "bus_lcCooperative": 0.5576, "bus_lcLookaheadLeft": 74.1553, "bus_lcPushy": 0.3915, "bus_lcSigma": 0.1585, "bus_lcSpeedGainRight": 1.1224, "bus_lcSublane": 0.5312, "bus_sigma": 0.8686, "bus_tau_mean": 2.1505, "bus_tau_std": 4.0044, "bus_v_mean": 10.6472, "bus_v_std": 16.4837, "car_acc": 2.5153, "car_dcc": 1.7704, "car_lcAssertive": 96.9016, "car_lcCooperative": 0.8771, "car_lcLookaheadLeft": 70.6496, "car_lcPushy": 0.0373, "car_lcSigma": 0.0141, "car_lcSpeedGainRight": 4.3106, "car_lcSublane": 0.0332, "car_sigma": 0.0301, "car_tau_mean": 1.0318, "car_tau_std": 0.8547, "car_v_mean": 20.6738, "car_v_std": 2.3451}, "datetime": {"datetime": "2024-08-10 14:46:43", "elapsed": 7853.965012, "delta": 7.032083}}
{"target": -0.38829533762750384, "params": {"bus_acc": 2.7832, "bus_dcc": 3.7687, "bus_lcAssertive": 38.2957, "bus_lcCooperative": 0.2238, "bus_lcLookaheadLeft": 6.5858, "bus_lcPushy": 0.2268, "bus_lcSigma": 0.0162, "bus_lcSpeedGainRight": 3.474, "bus_lcSublane": 0.9818, "bus_sigma": 0.373, "bus_tau_mean": 1.2009, "bus_tau_std": 8.6346, "bus_v_mean": 16.9837, "bus_v_std": 5.3045, "car_acc": 0.8711, "car_dcc": 2.214, "car_lcAssertive": 50.069, "car_lcCooperative": 0.675, "car_lcLookaheadLeft": 27.7652, "car_lcPushy": 0.2047, "car_lcSigma": 0.5142, "car_lcSpeedGainRight": 0.4277, "car_lcSublane": 0.38, "car_sigma": 0.5265, "car_tau_mean": 2.3255, "car_tau_std": 3.3164, "car_v_mean": 20.6538, "car_v_std": 9.3019}, "datetime": {"datetime": "2024-08-10 14:46:47", "elapsed": 7857.599828, "delta": 3.634816}}
{"target": -0.39857889181455075, "params": {"bus_acc": 3.9795, "bus_dcc": 3.9728, "bus_lcAssertive": 46.7183, "bus_lcCooperative": 0.63, "bus_lcLookaheadLeft": 32.9013, "bus_lcPushy": 0.4855, "bus_lcSigma": 0.9734, "bus_lcSpeedGainRight": 3.7958, "bus_lcSublane": 0.5761, "bus_sigma": 0.9093, "bus_tau_mean": 1.7967, "bus_tau_std": 8.2037, "bus_v_mean": 22.914, "bus_v_std": 2.9621, "car_acc": 0.8095, "car_dcc": 1.2668, "car_lcAssertive": 15.7058, "car_lcCooperative": 0.4369, "car_lcLookaheadLeft": 66.3934, "car_lcPushy": 0.4456, "car_lcSigma": 0.8856, "car_lcSpeedGainRight": 2.5541, "car_lcSublane": 0.7505, "car_sigma": 0.3282, "car_tau_mean": 2.3754, "car_tau_std": 4.0431, "car_v_mean": 19.6243, "car_v_std": 8.1169}, "datetime": {"datetime": "2024-08-10 14:46:57", "elapsed": 7868.045927, "delta": 10.446099}}
{"target": -0.31619404125177014, "params": {"bus_acc": 0.5244, "bus_dcc": 2.307, "bus_lcAssertive": 71.3992, "bus_lcCooperative": 0.7441, "bus_lcLookaheadLeft": 25.3865, "bus_lcPushy": 0.3669, "bus_lcSigma": 0.0881, "bus_lcSpeedGainRight": 4.594, "bus_lcSublane": 0.2871, "bus_sigma": 0.9943, "bus_tau_mean": 1.2726, "bus_tau_std": 5.1812, "bus_v_mean": 15.9193, "bus_v_std": 1.0706, "car_acc": 2.5777, "car_dcc": 3.1327, "car_lcAssertive": 16.0081, "car_lcCooperative": 0.0098, "car_lcLookaheadLeft": 87.1709, "car_lcPushy": 0.6707, "car_lcSigma": 0.1486, "car_lcSpeedGainRight": 0.1161, "car_lcSublane": 0.2594, "car_sigma": 0.9276, "car_tau_mean": 2.9613, "car_tau_std": 7.8954, "car_v_mean": 15.8301, "car_v_std": 2.3353}, "datetime": {"datetime": "2024-08-10 14:47:02", "elapsed": 7872.46678, "delta": 4.420853}}
{"target": -0.3554559060697244, "params": {"bus_acc": 1.3936, "bus_dcc": 3.2464, "bus_lcAssertive": 64.1143, "bus_lcCooperative": 0.0614, "bus_lcLookaheadLeft": 50.54, "bus_lcPushy": 0.9233, "bus_lcSigma": 0.9135, "bus_lcSpeedGainRight": 3.5371, "bus_lcSublane": 0.5128, "bus_sigma": 0.0762, "bus_tau_mean": 3.2416, "bus_tau_std": 6.8456, "bus_v_mean": 25.2816, "bus_v_std": 10.1718, "car_acc": 2.2924, "car_dcc": 3.9745, "car_lcAssertive": 53.1947, "car_lcCooperative": 0.6225, "car_lcLookaheadLeft": 37.9303, "car_lcPushy": 0.339, "car_lcSigma": 0.8161, "car_lcSpeedGainRight": 2.3117, "car_lcSublane": 0.8803, "car_sigma": 0.601, "car_tau_mean": 3.2222, "car_tau_std": 8.2927, "car_v_mean": 19.3528, "car_v_std": 14.0323}, "datetime": {"datetime": "2024-08-10 14:47:06", "elapsed": 7877.028571, "delta": 4.561791}}
{"target": -0.2722059079294919, "params": {"bus_acc": 2.5325, "bus_dcc": 2.6726, "bus_lcAssertive": 22.7991, "bus_lcCooperative": 0.1956, "bus_lcLookaheadLeft": 81.9772, "bus_lcPushy": 0.9863, "bus_lcSigma": 0.6048, "bus_lcSpeedGainRight": 2.2088, "bus_lcSublane": 0.886, "bus_sigma": 0.546, "bus_tau_mean": 2.1751, "bus_tau_std": 1.2843, "bus_v_mean": 25.8884, "bus_v_std": 4.6893, "car_acc": 3.5116, "car_dcc": 1.467, "car_lcAssertive": 29.5467, "car_lcCooperative": 0.8308, "car_lcLookaheadLeft": 56.2272, "car_lcPushy": 0.6575, "car_lcSigma": 0.0029, "car_lcSpeedGainRight": 2.2242, "car_lcSublane": 0.7602, "car_sigma": 0.0675, "car_tau_mean": 0.7158, "car_tau_std": 8.0323, "car_v_mean": 11.3967, "car_v_std": 5.2686}, "datetime": {"datetime": "2024-08-10 14:47:12", "elapsed": 7882.67063, "delta": 5.642059}}
{"target": -0.23513893299662503, "params": {"bus_acc": 3.2145, "bus_dcc": 1.6854, "bus_lcAssertive": 27.666, "bus_lcCooperative": 0.2983, "bus_lcLookaheadLeft": 53.28, "bus_lcPushy": 0.7088, "bus_lcSigma": 0.7908, "bus_lcSpeedGainRight": 1.8005, "bus_lcSublane": 0.0777, "bus_sigma": 0.0057, "bus_tau_mean": 1.6613, "bus_tau_std": 0.4457, "bus_v_mean": 21.4925, "bus_v_std": 16.9786, "car_acc": 2.1506, "car_dcc": 0.3513, "car_lcAssertive": 17.7095, "car_lcCooperative": 0.0499, "car_lcLookaheadLeft": 96.7351, "car_lcPushy": 0.2393, "car_lcSigma": 0.417, "car_lcSpeedGainRight": 3.6814, "car_lcSublane": 0.6374, "car_sigma": 0.8772, "car_tau_mean": 2.6802, "car_tau_std": 6.0982, "car_v_mean": 23.8186, "car_v_std": 11.5318}, "datetime": {"datetime": "2024-08-10 14:47:18", "elapsed": 7888.742753, "delta": 6.072123}}
{"target": -0.3370953331258841, "params": {"bus_acc": 3.4547, "bus_dcc": 1.0182, "bus_lcAssertive": 61.9953, "bus_lcCooperative": 0.123, "bus_lcLookaheadLeft": 51.4421, "bus_lcPushy": 0.1484, "bus_lcSigma": 0.5191, "bus_lcSpeedGainRight": 2.8149, "bus_lcSublane": 0.2418, "bus_sigma": 0.224, "bus_tau_mean": 3.2128, "bus_tau_std": 7.9204, "bus_v_mean": 16.1774, "bus_v_std": 3.3322, "car_acc": 1.216, "car_dcc": 1.3129, "car_lcAssertive": 8.2744, "car_lcCooperative": 0.9115, "car_lcLookaheadLeft": 64.2761, "car_lcPushy": 0.761, "car_lcSigma": 0.3114, "car_lcSpeedGainRight": 4.6896, "car_lcSublane": 0.4648, "car_sigma": 0.7898, "car_tau_mean": 3.9759, "car_tau_std": 0.5407, "car_v_mean": 18.0782, "car_v_std": 13.4192}, "datetime": {"datetime": "2024-08-10 14:47:21", "elapsed": 7891.841309, "delta": 3.098556}}
{"target": -0.3612485280328486, "params": {"bus_acc": 2.6653, "bus_dcc": 2.8319, "bus_lcAssertive": 54.4741, "bus_lcCooperative": 0.9295, "bus_lcLookaheadLeft": 43.1506, "bus_lcPushy": 0.8126, "bus_lcSigma": 0.0421, "bus_lcSpeedGainRight": 2.0909, "bus_lcSublane": 0.2032, "bus_sigma": 0.6525, "bus_tau_mean": 3.4623, "bus_tau_std": 5.9555, "bus_v_mean": 22.1818, "bus_v_std": 17.3861, "car_acc": 3.6875, "car_dcc": 2.3841, "car_lcAssertive": 35.8395, "car_lcCooperative": 0.8532, "car_lcLookaheadLeft": 43.1295, "car_lcPushy": 0.4265, "car_lcSigma": 0.9053, "car_lcSpeedGainRight": 0.3502, "car_lcSublane": 0.0392, "car_sigma": 0.9322, "car_tau_mean": 1.595, "car_tau_std": 4.8431, "car_v_mean": 19.9256, "car_v_std": 1.9914}, "datetime": {"datetime": "2024-08-10 14:47:25", "elapsed": 7896.034579, "delta": 4.19327}}
{"target": -0.3682260159435808, "params": {"bus_acc": 1.1191, "bus_dcc": 0.6998, "bus_lcAssertive": 13.7238, "bus_lcCooperative": 0.0305, "bus_lcLookaheadLeft": 69.1319, "bus_lcPushy": 0.5422, "bus_lcSigma": 0.314, "bus_lcSpeedGainRight": 4.2871, "bus_lcSublane": 0.0447, "bus_sigma": 0.2483, "bus_tau_mean": 0.8222, "bus_tau_std": 8.0499, "bus_v_mean": 25.3205, "bus_v_std": 18.5488, "car_acc": 1.5951, "car_dcc": 2.5322, "car_lcAssertive": 41.4035, "car_lcCooperative": 0.3404, "car_lcLookaheadLeft": 21.4201, "car_lcPushy": 0.384, "car_lcSigma": 0.5249, "car_lcSpeedGainRight": 0.7025, "car_lcSublane": 0.6491, "car_sigma": 0.048, "car_tau_mean": 2.1267, "car_tau_std": 3.3704, "car_v_mean": 25.4766, "car_v_std": 16.108}, "datetime": {"datetime": "2024-08-10 14:47:29", "elapsed": 7899.492124, "delta": 3.457545}}
{"target": -0.35514099610933686, "params": {"bus_acc": 0.9427, "bus_dcc": 0.5617, "bus_lcAssertive": 66.0143, "bus_lcCooperative": 0.2023, "bus_lcLookaheadLeft": 37.1906, "bus_lcPushy": 0.0233, "bus_lcSigma": 0.5502, "bus_lcSpeedGainRight": 2.2509, "bus_lcSublane": 0.4964, "bus_sigma": 0.5953, "bus_tau_mean": 3.5904, "bus_tau_std": 6.128, "bus_v_mean": 20.5306, "bus_v_std": 15.1637, "car_acc": 3.0076, "car_dcc": 3.6704, "car_lcAssertive": 33.3129, "car_lcCooperative": 0.4227, "car_lcLookaheadLeft": 39.1521, "car_lcPushy": 0.8089, "car_lcSigma": 0.8401, "car_lcSpeedGainRight": 3.6314, "car_lcSublane": 0.0868, "car_sigma": 0.3322, "car_tau_mean": 0.638, "car_tau_std": 6.645, "car_v_mean": 8.5365, "car_v_std": 16.783}, "datetime": {"datetime": "2024-08-10 14:47:37", "elapsed": 7907.860002, "delta": 8.367878}}
{"target": -0.3366570392907093, "params": {"bus_acc": 3.6311, "bus_dcc": 1.4989, "bus_lcAssertive": 60.7004, "bus_lcCooperative": 0.9261, "bus_lcLookaheadLeft": 51.2153, "bus_lcPushy": 0.7777, "bus_lcSigma": 0.6081, "bus_lcSpeedGainRight": 0.3832, "bus_lcSublane": 0.3058, "bus_sigma": 0.4003, "bus_tau_mean": 2.337, "bus_tau_std": 8.919, "bus_v_mean": 21.8091, "bus_v_std": 2.4395, "car_acc": 2.5994, "car_dcc": 3.4729, "car_lcAssertive": 74.0553, "car_lcCooperative": 0.9667, "car_lcLookaheadLeft": 58.0947, "car_lcPushy": 0.8066, "car_lcSigma": 0.9198, "car_lcSpeedGainRight": 1.8381, "car_lcSublane": 0.2503, "car_sigma": 0.3745, "car_tau_mean": 0.8392, "car_tau_std": 4.7862, "car_v_mean": 12.7672, "car_v_std": 16.1213}, "datetime": {"datetime": "2024-08-10 14:47:55", "elapsed": 7925.355713, "delta": 17.495711}}
{"target": -0.9278668596913969, "params": {"bus_acc": 0.3401, "bus_dcc": 1.0306, "bus_lcAssertive": 36.5316, "bus_lcCooperative": 0.9905, "bus_lcLookaheadLeft": 61.5577, "bus_lcPushy": 0.4969, "bus_lcSigma": 0.4027, "bus_lcSpeedGainRight": 3.8807, "bus_lcSublane": 0.7373, "bus_sigma": 0.033, "bus_tau_mean": 0.6762, "bus_tau_std": 4.5938, "bus_v_mean": 16.9149, "bus_v_std": 15.2771, "car_acc": 0.2176, "car_dcc": 3.3908, "car_lcAssertive": 66.5808, "car_lcCooperative": 0.9099, "car_lcLookaheadLeft": 83.103, "car_lcPushy": 0.2287, "car_lcSigma": 0.5941, "car_lcSpeedGainRight": 4.5107, "car_lcSublane": 0.1229, "car_sigma": 0.0048, "car_tau_mean": 1.841, "car_tau_std": 1.4501, "car_v_mean": 16.7176, "car_v_std": 6.3461}, "datetime": {"datetime": "2024-08-10 14:48:00", "elapsed": 7930.684639, "delta": 5.328926}}
{"target": -0.7638269500978238, "params": {"bus_acc": 2.9731, "bus_dcc": 0.6776, "bus_lcAssertive": 68.8589, "bus_lcCooperative": 0.2519, "bus_lcLookaheadLeft": 52.3527, "bus_lcPushy": 0.1728, "bus_lcSigma": 0.5867, "bus_lcSpeedGainRight": 0.4961, "bus_lcSublane": 0.4492, "bus_sigma": 0.0985, "bus_tau_mean": 0.592, "bus_tau_std": 6.5714, "bus_v_mean": 19.3863, "bus_v_std": 1.1356, "car_acc": 0.4078, "car_dcc": 2.5384, "car_lcAssertive": 42.586, "car_lcCooperative": 0.5582, "car_lcLookaheadLeft": 67.0285, "car_lcPushy": 0.9292, "car_lcSigma": 0.0561, "car_lcSpeedGainRight": 1.3563, "car_lcSublane": 0.4738, "car_sigma": 0.0536, "car_tau_mean": 3.2266, "car_tau_std": 3.7422, "car_v_mean": 16.1071, "car_v_std": 6.8734}, "datetime": {"datetime": "2024-08-10 14:48:04", "elapsed": 7934.562515, "delta": 3.877876}}
