{"target": -0.5777197626764178, "params": {"bus_acc": 0.3204, "bus_dcc": 2.1575, "bus_lcAssertive": 64.7314, "bus_lcCooperative": 0.2925, "bus_lcLookaheadLeft": 93.1288, "bus_lcPushy": 0.5144, "bus_lcSigma": 0.0432, "bus_lcSpeedGainRight": 3.1172, "bus_lcSublane": 0.76, "bus_sigma": 0.4759, "bus_tau_mean": 1.1857, "bus_tau_std": 6.0249, "bus_v_mean": 19.1656, "bus_v_std": 9.7283, "car_acc": 1.0583, "car_dcc": 2.8528, "car_lcAssertive": 43.3979, "car_lcCooperative": 0.2796, "car_lcLookaheadLeft": 92.7741, "car_lcPushy": 0.5372, "car_lcSigma": 0.3984, "car_lcSpeedGainRight": 0.0701, "car_lcSublane": 0.0332, "car_sigma": 0.5751, "car_tau_mean": 1.0698, "car_tau_std": 1.7988, "car_v_mean": 12.0398, "car_v_std": 8.2761}, "datetime": {"datetime": "2024-08-10 15:15:07", "elapsed": 9557.643656, "delta": 5.987342}}
{"target": -0.3756155377885621, "params": {"bus_acc": 2.6187, "bus_dcc": 3.1211, "bus_lcAssertive": 99.2388, "bus_lcCooperative": 0.5217, "bus_lcLookaheadLeft": 64.704, "bus_lcPushy": 0.9437, "bus_lcSigma": 0.4758, "bus_lcSpeedGainRight": 4.5109, "bus_lcSublane": 0.7777, "bus_sigma": 0.232, "bus_tau_mean": 2.6003, "bus_tau_std": 9.0892, "bus_v_mean": 15.6629, "bus_v_std": 11.514, "car_acc": 1.1875, "car_dcc": 2.0491, "car_lcAssertive": 70.0974, "car_lcCooperative": 0.6204, "car_lcLookaheadLeft": 99.6373, "car_lcPushy": 0.4784, "car_lcSigma": 0.3384, "car_lcSpeedGainRight": 1.2668, "car_lcSublane": 0.7316, "car_sigma": 0.4776, "car_tau_mean": 3.7264, "car_tau_std": 0.7589, "car_v_mean": 23.8818, "car_v_std": 11.6701}, "datetime": {"datetime": "2024-08-10 15:15:15", "elapsed": 9565.639868, "delta": 7.996212}}
{"target": -0.29113553624045446, "params": {"bus_acc": 0.8892, "bus_dcc": 1.1223, "bus_lcAssertive": 75.8814, "bus_lcCooperative": 0.3239, "bus_lcLookaheadLeft": 86.2402, "bus_lcPushy": 0.6242, "bus_lcSigma": 0.7065, "bus_lcSpeedGainRight": 1.3769, "bus_lcSublane": 0.2894, "bus_sigma": 0.5619, "bus_tau_mean": 1.0448, "bus_tau_std": 2.7318, "bus_v_mean": 18.0199, "bus_v_std": 15.2756, "car_acc": 2.271, "car_dcc": 1.1639, "car_lcAssertive": 65.0507, "car_lcCooperative": 0.5903, "car_lcLookaheadLeft": 47.5619, "car_lcPushy": 0.1123, "car_lcSigma": 0.1081, "car_lcSpeedGainRight": 0.51, "car_lcSublane": 0.7423, "car_sigma": 0.4747, "car_tau_mean": 3.7341, "car_tau_std": 2.9063, "car_v_mean": 14.4604, "car_v_std": 19.626}, "datetime": {"datetime": "2024-08-10 15:15:30", "elapsed": 9580.396749, "delta": 14.756881}}
{"target": -0.31168733681927124, "params": {"bus_acc": 3.9501, "bus_dcc": 2.1523, "bus_lcAssertive": 17.7981, "bus_lcCooperative": 0.1373, "bus_lcLookaheadLeft": 58.6381, "bus_lcPushy": 0.2124, "bus_lcSigma": 0.762, "bus_lcSpeedGainRight": 3.8044, "bus_lcSublane": 0.6964, "bus_sigma": 0.0779, "bus_tau_mean": 3.7362, "bus_tau_std": 2.0426, "bus_v_mean": 10.0307, "bus_v_std": 19.7584, "car_acc": 2.552, "car_dcc": 3.3966, "car_lcAssertive": 49.4927, "car_lcCooperative": 0.9217, "car_lcLookaheadLeft": 35.6326, "car_lcPushy": 0.363, "car_lcSigma": 0.0291, "car_lcSpeedGainRight": 2.2715, "car_lcSublane": 0.2055, "car_sigma": 0.1947, "car_tau_mean": 3.6972, "car_tau_std": 3.366, "car_v_mean": 16.5234, "car_v_std": 8.6836}, "datetime": {"datetime": "2024-08-10 15:15:37", "elapsed": 9587.404158, "delta": 7.007409}}
{"target": -0.2999825130479275, "params": {"bus_acc": 1.1096, "bus_dcc": 0.5598, "bus_lcAssertive": 91.6892, "bus_lcCooperative": 0.0842, "bus_lcLookaheadLeft": 63.8179, "bus_lcPushy": 0.6259, "bus_lcSigma": 0.1973, "bus_lcSpeedGainRight": 2.7219, "bus_lcSublane": 0.6936, "bus_sigma": 0.3329, "bus_tau_mean": 1.2853, "bus_tau_std": 9.3569, "bus_v_mean": 14.9522, "bus_v_std": 12.9468, "car_acc": 3.3994, "car_dcc": 2.3657, "car_lcAssertive": 18.483, "car_lcCooperative": 0.1897, "car_lcLookaheadLeft": 10.2232, "car_lcPushy": 0.294, "car_lcSigma": 0.3009, "car_lcSpeedGainRight": 1.5135, "car_lcSublane": 0.4401, "car_sigma": 0.2429, "car_tau_mean": 3.3076, "car_tau_std": 1.9829, "car_v_mean": 13.235, "car_v_std": 10.4366}, "datetime": {"datetime": "2024-08-10 15:15:43", "elapsed": 9593.496814, "delta": 6.092656}}
{"target": -0.371041140231193, "params": {"bus_acc": 3.7883, "bus_dcc": 2.4043, "bus_lcAssertive": 51.2912, "bus_lcCooperative": 0.008, "bus_lcLookaheadLeft": 37.8113, "bus_lcPushy": 0.4089, "bus_lcSigma": 0.6911, "bus_lcSpeedGainRight": 0.6675, "bus_lcSublane": 0.4658, "bus_sigma": 0.6543, "bus_tau_mean": 2.5385, "bus_tau_std": 9.1353, "bus_v_mean": 22.2754, "bus_v_std": 15.7941, "car_acc": 2.1127, "car_dcc": 2.2372, "car_lcAssertive": 1.0613, "car_lcCooperative": 0.3469, "car_lcLookaheadLeft": 53.886, "car_lcPushy": 0.9424, "car_lcSigma": 0.5406, "car_lcSpeedGainRight": 1.6672, "car_lcSublane": 0.8883, "car_sigma": 0.9485, "car_tau_mean": 1.7885, "car_tau_std": 9.3131, "car_v_mean": 12.4271, "car_v_std": 19.4684}, "datetime": {"datetime": "2024-08-10 15:15:50", "elapsed": 9600.894252, "delta": 7.397438}}
{"target": -0.3469919247987839, "params": {"bus_acc": 0.3093, "bus_dcc": 1.803, "bus_lcAssertive": 57.0184, "bus_lcCooperative": 0.857, "bus_lcLookaheadLeft": 75.465, "bus_lcPushy": 0.7241, "bus_lcSigma": 0.146, "bus_lcSpeedGainRight": 2.449, "bus_lcSublane": 0.3687, "bus_sigma": 0.1829, "bus_tau_mean": 0.85, "bus_tau_std": 2.18, "bus_v_mean": 11.2239, "bus_v_std": 6.2655, "car_acc": 2.9999, "car_dcc": 0.7046, "car_lcAssertive": 91.0244, "car_lcCooperative": 0.5376, "car_lcLookaheadLeft": 69.9988, "car_lcPushy": 0.5672, "car_lcSigma": 0.7044, "car_lcSpeedGainRight": 3.9392, "car_lcSublane": 0.4285, "car_sigma": 0.8159, "car_tau_mean": 0.6277, "car_tau_std": 9.0334, "car_v_mean": 25.3217, "car_v_std": 5.8737}, "datetime": {"datetime": "2024-08-10 15:15:59", "elapsed": 9609.35999, "delta": 8.465738}}
{"target": -0.3915400267400532, "params": {"bus_acc": 3.2212, "bus_dcc": 3.0435, "bus_lcAssertive": 60.4209, "bus_lcCooperative": 0.7898, "bus_lcLookaheadLeft": 54.2655, "bus_lcPushy": 0.1354, "bus_lcSigma": 0.7095, "bus_lcSpeedGainRight": 1.9934, "bus_lcSublane": 0.4024, "bus_sigma": 0.7868, "bus_tau_mean": 2.1413, "bus_tau_std": 6.8872, "bus_v_mean": 25.3809, "bus_v_std": 5.9, "car_acc": 3.114, "car_dcc": 1.7628, "car_lcAssertive": 26.4617, "car_lcCooperative": 0.2331, "car_lcLookaheadLeft": 20.7779, "car_lcPushy": 0.2697, "car_lcSigma": 0.044, "car_lcSpeedGainRight": 1.1349, "car_lcSublane": 0.1753, "car_sigma": 0.2301, "car_tau_mean": 1.3532, "car_tau_std": 9.8272, "car_v_mean": 15.5702, "car_v_std": 0.4751}, "datetime": {"datetime": "2024-08-10 15:16:04", "elapsed": 9614.769354, "delta": 5.409364}}
{"target": -0.30458378483116344, "params": {"bus_acc": 0.4938, "bus_dcc": 0.4775, "bus_lcAssertive": 2.4639, "bus_lcCooperative": 0.8531, "bus_lcLookaheadLeft": 88.9238, "bus_lcPushy": 0.2665, "bus_lcSigma": 0.8359, "bus_lcSpeedGainRight": 2.5732, "bus_lcSublane": 0.6593, "bus_sigma": 0.2042, "bus_tau_mean": 2.7278, "bus_tau_std": 9.673, "bus_v_mean": 16.0729, "bus_v_std": 3.218, "car_acc": 1.8678, "car_dcc": 2.3049, "car_lcAssertive": 19.5613, "car_lcCooperative": 0.7009, "car_lcLookaheadLeft": 16.3487, "car_lcPushy": 0.5548, "car_lcSigma": 0.2899, "car_lcSpeedGainRight": 0.3609, "car_lcSublane": 0.8352, "car_sigma": 0.3755, "car_tau_mean": 2.612, "car_tau_std": 1.5487, "car_v_mean": 19.5615, "car_v_std": 0.435}, "datetime": {"datetime": "2024-08-10 15:16:15", "elapsed": 9625.899064, "delta": 11.12971}}
{"target": -0.3152871335900061, "params": {"bus_acc": 1.1339, "bus_dcc": 0.7445, "bus_lcAssertive": 73.3921, "bus_lcCooperative": 0.0416, "bus_lcLookaheadLeft": 98.6765, "bus_lcPushy": 0.7212, "bus_lcSigma": 0.0879, "bus_lcSpeedGainRight": 0.6489, "bus_lcSublane": 0.4599, "bus_sigma": 0.3217, "bus_tau_mean": 3.2791, "bus_tau_std": 4.3884, "bus_v_mean": 20.7763, "bus_v_std": 16.4367, "car_acc": 2.9289, "car_dcc": 3.1831, "car_lcAssertive": 37.3142, "car_lcCooperative": 0.0759, "car_lcLookaheadLeft": 28.0962, "car_lcPushy": 0.5426, "car_lcSigma": 0.9218, "car_lcSpeedGainRight": 1.6827, "car_lcSublane": 0.3148, "car_sigma": 0.9569, "car_tau_mean": 3.6082, "car_tau_std": 7.8406, "car_v_mean": 9.931, "car_v_std": 18.1609}, "datetime": {"datetime": "2024-08-10 15:16:23", "elapsed": 9633.937637, "delta": 8.038573}}
{"target": -0.31037788861891635, "params": {"bus_acc": 3.0322, "bus_dcc": 1.6414, "bus_lcAssertive": 14.4248, "bus_lcCooperative": 0.7095, "bus_lcLookaheadLeft": 21.9395, "bus_lcPushy": 0.2497, "bus_lcSigma": 0.9508, "bus_lcSpeedGainRight": 3.347, "bus_lcSublane": 0.1706, "bus_sigma": 0.7431, "bus_tau_mean": 3.3841, "bus_tau_std": 4.4707, "bus_v_mean": 17.6028, "bus_v_std": 15.833, "car_acc": 3.5515, "car_dcc": 0.7141, "car_lcAssertive": 17.2562, "car_lcCooperative": 0.8187, "car_lcLookaheadLeft": 57.5538, "car_lcPushy": 0.7022, "car_lcSigma": 0.9042, "car_lcSpeedGainRight": 3.9032, "car_lcSublane": 0.4077, "car_sigma": 0.0931, "car_tau_mean": 1.9424, "car_tau_std": 6.4037, "car_v_mean": 16.2316, "car_v_std": 13.1647}, "datetime": {"datetime": "2024-08-10 15:16:32", "elapsed": 9642.951223, "delta": 9.013586}}
{"target": -0.3093287139397311, "params": {"bus_acc": 3.4455, "bus_dcc": 2.5323, "bus_lcAssertive": 84.3118, "bus_lcCooperative": 0.4522, "bus_lcLookaheadLeft": 67.4476, "bus_lcPushy": 0.812, "bus_lcSigma": 0.0546, "bus_lcSpeedGainRight": 2.7043, "bus_lcSublane": 0.7397, "bus_sigma": 0.8627, "bus_tau_mean": 1.3707, "bus_tau_std": 6.1689, "bus_v_mean": 24.0796, "bus_v_std": 4.3025, "car_acc": 1.4701, "car_dcc": 1.6448, "car_lcAssertive": 9.2044, "car_lcCooperative": 0.4697, "car_lcLookaheadLeft": 76.7169, "car_lcPushy": 0.3182, "car_lcSigma": 0.3955, "car_lcSpeedGainRight": 3.7898, "car_lcSublane": 0.0776, "car_sigma": 0.731, "car_tau_mean": 3.424, "car_tau_std": 0.6766, "car_v_mean": 22.6367, "car_v_std": 12.4461}, "datetime": {"datetime": "2024-08-10 15:16:41", "elapsed": 9651.758242, "delta": 8.807019}}
{"target": -0.7011021195908262, "params": {"bus_acc": 2.5162, "bus_dcc": 0.4549, "bus_lcAssertive": 41.6026, "bus_lcCooperative": 0.8012, "bus_lcLookaheadLeft": 6.0939, "bus_lcPushy": 0.7214, "bus_lcSigma": 0.485, "bus_lcSpeedGainRight": 0.8701, "bus_lcSublane": 0.2276, "bus_sigma": 0.7828, "bus_tau_mean": 1.5878, "bus_tau_std": 0.7632, "bus_v_mean": 11.4081, "bus_v_std": 9.8092, "car_acc": 0.2351, "car_dcc": 3.0526, "car_lcAssertive": 53.7878, "car_lcCooperative": 0.9581, "car_lcLookaheadLeft": 60.1828, "car_lcPushy": 0.8181, "car_lcSigma": 0.7351, "car_lcSpeedGainRight": 1.9063, "car_lcSublane": 0.857, "car_sigma": 0.232, "car_tau_mean": 2.9122, "car_tau_std": 6.8585, "car_v_mean": 15.138, "car_v_std": 6.6987}, "datetime": {"datetime": "2024-08-10 15:16:48", "elapsed": 9658.521022, "delta": 6.76278}}
{"target": -0.3823477154257163, "params": {"bus_acc": 2.6066, "bus_dcc": 0.8206, "bus_lcAssertive": 28.7485, "bus_lcCooperative": 0.5267, "bus_lcLookaheadLeft": 60.2485, "bus_lcPushy": 0.1131, "bus_lcSigma": 0.9876, "bus_lcSpeedGainRight": 1.3344, "bus_lcSublane": 0.7941, "bus_sigma": 0.1321, "bus_tau_mean": 1.7528, "bus_tau_std": 7.4034, "bus_v_mean": 12.2773, "bus_v_std": 11.5261, "car_acc": 2.9156, "car_dcc": 3.1281, "car_lcAssertive": 77.6962, "car_lcCooperative": 0.0972, "car_lcLookaheadLeft": 83.8531, "car_lcPushy": 0.1268, "car_lcSigma": 0.2505, "car_lcSpeedGainRight": 4.1833, "car_lcSublane": 0.3162, "car_sigma": 0.7373, "car_tau_mean": 3.2971, "car_tau_std": 6.9228, "car_v_mean": 18.3134, "car_v_std": 4.6419}, "datetime": {"datetime": "2024-08-10 15:16:53", "elapsed": 9663.357657, "delta": 4.836635}}
{"target": -0.24598523865456645, "params": {"bus_acc": 1.6865, "bus_dcc": 0.6629, "bus_lcAssertive": 70.0108, "bus_lcCooperative": 0.3775, "bus_lcLookaheadLeft": 29.066, "bus_lcPushy": 0.1357, "bus_lcSigma": 0.303, "bus_lcSpeedGainRight": 2.0739, "bus_lcSublane": 0.9908, "bus_sigma": 0.0269, "bus_tau_mean": 3.947, "bus_tau_std": 7.4611, "bus_v_mean": 23.0783, "bus_v_std": 10.9096, "car_acc": 3.1428, "car_dcc": 2.8238, "car_lcAssertive": 56.2057, "car_lcCooperative": 0.5686, "car_lcLookaheadLeft": 54.1884, "car_lcPushy": 0.5118, "car_lcSigma": 0.9267, "car_lcSpeedGainRight": 0.0006, "car_lcSublane": 0.0907, "car_sigma": 0.2363, "car_tau_mean": 1.5748, "car_tau_std": 3.9111, "car_v_mean": 11.5862, "car_v_std": 2.311}, "datetime": {"datetime": "2024-08-10 15:16:58", "elapsed": 9668.31154, "delta": 4.953883}}
{"target": -0.3178675960160506, "params": {"bus_acc": 2.6934, "bus_dcc": 0.2956, "bus_lcAssertive": 78.5151, "bus_lcCooperative": 0.6909, "bus_lcLookaheadLeft": 5.7024, "bus_lcPushy": 0.383, "bus_lcSigma": 0.3875, "bus_lcSpeedGainRight": 3.42, "bus_lcSublane": 0.6518, "bus_sigma": 0.6587, "bus_tau_mean": 2.6607, "bus_tau_std": 2.0499, "bus_v_mean": 15.1441, "bus_v_std": 14.7871, "car_acc": 3.5318, "car_dcc": 2.1571, "car_lcAssertive": 52.4516, "car_lcCooperative": 0.3689, "car_lcLookaheadLeft": 11.4772, "car_lcPushy": 0.2204, "car_lcSigma": 0.9908, "car_lcSpeedGainRight": 4.9907, "car_lcSublane": 0.518, "car_sigma": 0.3596, "car_tau_mean": 0.8157, "car_tau_std": 2.8826, "car_v_mean": 20.93, "car_v_std": 17.7874}, "datetime": {"datetime": "2024-08-10 15:17:03", "elapsed": 9673.256844, "delta": 4.945304}}
{"target": -0.5916148022122524, "params": {"bus_acc": 1.0168, "bus_dcc": 2.4728, "bus_lcAssertive": 43.4331, "bus_lcCooperative": 0.9991, "bus_lcLookaheadLeft": 49.5275, "bus_lcPushy": 0.1246, "bus_lcSigma": 0.1307, "bus_lcSpeedGainRight": 0.8476, "bus_lcSublane": 0.5, "bus_sigma": 0.2912, "bus_tau_mean": 3.3866, "bus_tau_std": 1.6784, "bus_v_mean": 17.5487, "bus_v_std": 12.6466, "car_acc": 0.3689, "car_dcc": 0.4108, "car_lcAssertive": 8.4068, "car_lcCooperative": 0.5909, "car_lcLookaheadLeft": 14.5978, "car_lcPushy": 0.3433, "car_lcSigma": 0.7232, "car_lcSpeedGainRight": 2.5604, "car_lcSublane": 0.8394, "car_sigma": 0.7468, "car_tau_mean": 3.2846, "car_tau_std": 2.3202, "car_v_mean": 15.5385, "car_v_std": 2.3245}, "datetime": {"datetime": "2024-08-10 15:17:08", "elapsed": 9678.708234, "delta": 5.45139}}
{"target": -0.3657361382564619, "params": {"bus_acc": 1.012, "bus_dcc": 2.5864, "bus_lcAssertive": 7.0946, "bus_lcCooperative": 0.9157, "bus_lcLookaheadLeft": 3.9843, "bus_lcPushy": 0.5858, "bus_lcSigma": 0.8059, "bus_lcSpeedGainRight": 0.456, "bus_lcSublane": 0.9324, "bus_sigma": 0.4725, "bus_tau_mean": 1.756, "bus_tau_std": 6.69, "bus_v_mean": 22.2204, "bus_v_std": 4.67, "car_acc": 2.0094, "car_dcc": 0.8633, "car_lcAssertive": 62.8449, "car_lcCooperative": 0.0056, "car_lcLookaheadLeft": 92.1328, "car_lcPushy": 0.9344, "car_lcSigma": 0.9662, "car_lcSpeedGainRight": 4.1167, "car_lcSublane": 0.7647, "car_sigma": 0.7548, "car_tau_mean": 1.2363, "car_tau_std": 3.7711, "car_v_mean": 23.701, "car_v_std": 0.7262}, "datetime": {"datetime": "2024-08-10 15:17:16", "elapsed": 9686.962799, "delta": 8.254565}}
{"target": -0.33218373951842955, "params": {"bus_acc": 3.1892, "bus_dcc": 3.7572, "bus_lcAssertive": 34.8282, "bus_lcCooperative": 0.0618, "bus_lcLookaheadLeft": 90.3579, "bus_lcPushy": 0.4937, "bus_lcSigma": 0.8774, "bus_lcSpeedGainRight": 1.883, "bus_lcSublane": 0.3303, "bus_sigma": 0.1558, "bus_tau_mean": 0.6029, "bus_tau_std": 9.2203, "bus_v_mean": 23.1222, "bus_v_std": 16.7605, "car_acc": 3.4867, "car_dcc": 0.9758, "car_lcAssertive": 96.5108, "car_lcCooperative": 0.6685, "car_lcLookaheadLeft": 63.476, "car_lcPushy": 0.4633, "car_lcSigma": 0.9586, "car_lcSpeedGainRight": 3.337, "car_lcSublane": 0.9992, "car_sigma": 0.015, "car_tau_mean": 3.3075, "car_tau_std": 5.4759, "car_v_mean": 16.7093, "car_v_std": 14.455}, "datetime": {"datetime": "2024-08-10 15:17:22", "elapsed": 9692.577886, "delta": 5.615087}}
{"target": -0.3330200458387759, "params": {"bus_acc": 3.1671, "bus_dcc": 2.317, "bus_lcAssertive": 8.5666, "bus_lcCooperative": 0.2809, "bus_lcLookaheadLeft": 47.8629, "bus_lcPushy": 0.6081, "bus_lcSigma": 0.914, "bus_lcSpeedGainRight": 2.8156, "bus_lcSublane": 0.6739, "bus_sigma": 0.4831, "bus_tau_mean": 2.3618, "bus_tau_std": 5.2331, "bus_v_mean": 18.9561, "bus_v_std": 13.511, "car_acc": 1.1998, "car_dcc": 1.568, "car_lcAssertive": 19.5504, "car_lcCooperative": 0.8756, "car_lcLookaheadLeft": 54.92, "car_lcPushy": 0.4032, "car_lcSigma": 0.9, "car_lcSpeedGainRight": 1.9405, "car_lcSublane": 0.7237, "car_sigma": 0.9778, "car_tau_mean": 1.1493, "car_tau_std": 8.6711, "car_v_mean": 12.4106, "car_v_std": 14.6054}, "datetime": {"datetime": "2024-08-10 15:17:32", "elapsed": 9703.065425, "delta": 10.487539}}
{"target": -0.4077685772766697, "params": {"bus_acc": 1.0259, "bus_dcc": 0.6221, "bus_lcAssertive": 82.4523, "bus_lcCooperative": 0.6385, "bus_lcLookaheadLeft": 75.2063, "bus_lcPushy": 0.0041, "bus_lcSigma": 0.3898, "bus_lcSpeedGainRight": 3.9339, "bus_lcSublane": 0.7293, "bus_sigma": 0.8851, "bus_tau_mean": 3.4577, "bus_tau_std": 0.5419, "bus_v_mean": 15.6596, "bus_v_std": 15.2204, "car_acc": 0.9629, "car_dcc": 3.5453, "car_lcAssertive": 76.6506, "car_lcCooperative": 0.7652, "car_lcLookaheadLeft": 65.4596, "car_lcPushy": 0.3058, "car_lcSigma": 0.9777, "car_lcSpeedGainRight": 3.8452, "car_lcSublane": 0.2236, "car_sigma": 0.1603, "car_tau_mean": 2.9097, "car_tau_std": 6.9265, "car_v_mean": 14.0437, "car_v_std": 11.5927}, "datetime": {"datetime": "2024-08-10 15:17:38", "elapsed": 9708.664038, "delta": 5.598613}}
{"target": -0.3288438797806936, "params": {"bus_acc": 1.8312, "bus_dcc": 0.7943, "bus_lcAssertive": 94.2917, "bus_lcCooperative": 0.6401, "bus_lcLookaheadLeft": 51.0819, "bus_lcPushy": 0.6997, "bus_lcSigma": 0.8053, "bus_lcSpeedGainRight": 2.3156, "bus_lcSublane": 0.7806, "bus_sigma": 0.5751, "bus_tau_mean": 3.1291, "bus_tau_std": 5.5617, "bus_v_mean": 11.9564, "bus_v_std": 17.761, "car_acc": 3.1429, "car_dcc": 2.3899, "car_lcAssertive": 19.6581, "car_lcCooperative": 0.1391, "car_lcLookaheadLeft": 8.4835, "car_lcPushy": 0.4611, "car_lcSigma": 0.1915, "car_lcSpeedGainRight": 3.889, "car_lcSublane": 0.97, "car_sigma": 0.9306, "car_tau_mean": 3.1901, "car_tau_std": 9.1221, "car_v_mean": 14.3989, "car_v_std": 1.608}, "datetime": {"datetime": "2024-08-10 15:17:47", "elapsed": 9717.1752, "delta": 8.511162}}
{"target": -0.3983517305633373, "params": {"bus_acc": 0.6891, "bus_dcc": 1.6591, "bus_lcAssertive": 92.7912, "bus_lcCooperative": 0.0836, "bus_lcLookaheadLeft": 14.9232, "bus_lcPushy": 0.2473, "bus_lcSigma": 0.6763, "bus_lcSpeedGainRight": 3.1873, "bus_lcSublane": 0.3861, "bus_sigma": 0.4656, "bus_tau_mean": 2.848, "bus_tau_std": 3.3239, "bus_v_mean": 25.3512, "bus_v_std": 18.6178, "car_acc": 0.4066, "car_dcc": 0.2162, "car_lcAssertive": 45.6736, "car_lcCooperative": 0.1949, "car_lcLookaheadLeft": 56.0573, "car_lcPushy": 0.0227, "car_lcSigma": 0.0151, "car_lcSpeedGainRight": 2.3866, "car_lcSublane": 0.5712, "car_sigma": 0.5137, "car_tau_mean": 1.4879, "car_tau_std": 8.4246, "car_v_mean": 18.7074, "car_v_std": 4.2578}, "datetime": {"datetime": "2024-08-10 15:17:55", "elapsed": 9725.348076, "delta": 8.172876}}
{"target": -0.35623620867739564, "params": {"bus_acc": 1.186, "bus_dcc": 3.0668, "bus_lcAssertive": 35.1964, "bus_lcCooperative": 0.6491, "bus_lcLookaheadLeft": 91.2736, "bus_lcPushy": 0.2127, "bus_lcSigma": 0.5617, "bus_lcSpeedGainRight": 2.1544, "bus_lcSublane": 0.9713, "bus_sigma": 0.0201, "bus_tau_mean": 3.0912, "bus_tau_std": 9.1284, "bus_v_mean": 23.2298, "bus_v_std": 16.5153, "car_acc": 2.7059, "car_dcc": 0.879, "car_lcAssertive": 65.8537, "car_lcCooperative": 0.298, "car_lcLookaheadLeft": 43.6311, "car_lcPushy": 0.945, "car_lcSigma": 0.4125, "car_lcSpeedGainRight": 2.0074, "car_lcSublane": 0.203, "car_sigma": 0.6002, "car_tau_mean": 1.8522, "car_tau_std": 3.4287, "car_v_mean": 9.1606, "car_v_std": 12.0015}, "datetime": {"datetime": "2024-08-10 15:18:01", "elapsed": 9731.884625, "delta": 6.536549}}
{"target": -0.3852730509655558, "params": {"bus_acc": 0.3591, "bus_dcc": 3.3879, "bus_lcAssertive": 70.4109, "bus_lcCooperative": 0.2112, "bus_lcLookaheadLeft": 63.7416, "bus_lcPushy": 0.0887, "bus_lcSigma": 0.2836, "bus_lcSpeedGainRight": 3.3342, "bus_lcSublane": 0.8084, "bus_sigma": 0.0453, "bus_tau_mean": 2.385, "bus_tau_std": 4.4539, "bus_v_mean": 19.5694, "bus_v_std": 0.1669, "car_acc": 3.1449, "car_dcc": 0.3204, "car_lcAssertive": 69.4403, "car_lcCooperative": 0.9166, "car_lcLookaheadLeft": 2.5145, "car_lcPushy": 0.0257, "car_lcSigma": 0.3355, "car_lcSpeedGainRight": 1.1488, "car_lcSublane": 0.9467, "car_sigma": 0.7821, "car_tau_mean": 1.9813, "car_tau_std": 3.4471, "car_v_mean": 13.017, "car_v_std": 3.0595}, "datetime": {"datetime": "2024-08-10 15:18:07", "elapsed": 9737.44644, "delta": 5.561815}}
{"target": -0.6370796564616459, "params": {"bus_acc": 0.6084, "bus_dcc": 0.4244, "bus_lcAssertive": 89.9988, "bus_lcCooperative": 0.6758, "bus_lcLookaheadLeft": 69.0662, "bus_lcPushy": 0.3684, "bus_lcSigma": 0.6648, "bus_lcSpeedGainRight": 3.0346, "bus_lcSublane": 0.4192, "bus_sigma": 0.9956, "bus_tau_mean": 0.7028, "bus_tau_std": 5.9303, "bus_v_mean": 22.4273, "bus_v_std": 2.3292, "car_acc": 0.4493, "car_dcc": 2.3032, "car_lcAssertive": 72.7487, "car_lcCooperative": 0.6369, "car_lcLookaheadLeft": 18.1839, "car_lcPushy": 0.6049, "car_lcSigma": 0.0028, "car_lcSpeedGainRight": 0.3492, "car_lcSublane": 0.4444, "car_sigma": 0.449, "car_tau_mean": 1.3199, "car_tau_std": 2.0702, "car_v_mean": 12.6698, "car_v_std": 9.1167}, "datetime": {"datetime": "2024-08-10 15:18:12", "elapsed": 9742.40183, "delta": 4.95539}}
