{"target": -0.17324513636878, "params": {"bus_acc": 1.4075, "bus_dcc": 1.9713, "bus_lcAssertive": 69.0915, "bus_lcCooperative": 0.4536, "bus_lcLookaheadLeft": 95.0826, "bus_lcPushy": 0.9351, "bus_lcSigma": 0.1379, "bus_lcSpeedGainRight": 0.9379, "bus_lcSublane": 0.9494, "bus_sigma": 0.3299, "bus_tau_mean": 2.4919, "bus_tau_std": 0.7665, "bus_v_mean": 21.5071, "bus_v_std": 9.4668, "car_acc": 0.6479, "car_dcc": 0.551, "car_lcAssertive": 4.7296, "car_lcCooperative": 0.8062, "car_lcLookaheadLeft": 41.0483, "car_lcPushy": 0.3415, "car_lcSigma": 0.9383, "car_lcSpeedGainRight": 0.736, "car_lcSublane": 0.4836, "car_sigma": 0.177, "car_tau_mean": 1.1012, "car_tau_std": 8.0972, "car_v_mean": 11.7452, "car_v_std": 7.3028}, "datetime": {"datetime": "2024-09-05 13:39:27", "elapsed": 10222.728145, "delta": 16.555911}}
{"target": -0.24302927162847066, "params": {"bus_acc": 2.2644, "bus_dcc": 1.2365, "bus_lcAssertive": 61.2922, "bus_lcCooperative": 0.116, "bus_lcLookaheadLeft": 11.9645, "bus_lcPushy": 0.3613, "bus_lcSigma": 0.8593, "bus_lcSpeedGainRight": 4.7288, "bus_lcSublane": 0.9762, "bus_sigma": 0.1313, "bus_tau_mean": 1.6777, "bus_tau_std": 3.0772, "bus_v_mean": 15.1526, "bus_v_std": 0.434, "car_acc": 1.8302, "car_dcc": 0.3244, "car_lcAssertive": 54.822, "car_lcCooperative": 0.0227, "car_lcLookaheadLeft": 46.6788, "car_lcPushy": 0.847, "car_lcSigma": 0.8348, "car_lcSpeedGainRight": 2.5339, "car_lcSublane": 0.8813, "car_sigma": 0.7309, "car_tau_mean": 3.3957, "car_tau_std": 7.2544, "car_v_mean": 12.5989, "car_v_std": 1.1878}, "datetime": {"datetime": "2024-09-05 13:39:40", "elapsed": 10235.554068, "delta": 12.825923}}
{"target": -0.2748246595259589, "params": {"bus_acc": 3.7138, "bus_dcc": 0.7137, "bus_lcAssertive": 26.4707, "bus_lcCooperative": 0.2368, "bus_lcLookaheadLeft": 90.1932, "bus_lcPushy": 0.4437, "bus_lcSigma": 0.8853, "bus_lcSpeedGainRight": 2.292, "bus_lcSublane": 0.8434, "bus_sigma": 0.8368, "bus_tau_mean": 3.373, "bus_tau_std": 8.9318, "bus_v_mean": 22.1967, "bus_v_std": 2.604, "car_acc": 0.3817, "car_dcc": 1.1863, "car_lcAssertive": 76.6239, "car_lcCooperative": 0.8472, "car_lcLookaheadLeft": 53.7684, "car_lcPushy": 0.5377, "car_lcSigma": 0.2929, "car_lcSpeedGainRight": 4.8437, "car_lcSublane": 0.6512, "car_sigma": 0.7702, "car_tau_mean": 3.0188, "car_tau_std": 4.715, "car_v_mean": 22.0095, "car_v_std": 10.0018}, "datetime": {"datetime": "2024-09-05 13:39:54", "elapsed": 10250.431795, "delta": 14.877727}}
{"target": -0.18546463690977547, "params": {"bus_acc": 2.5499, "bus_dcc": 1.2391, "bus_lcAssertive": 66.4266, "bus_lcCooperative": 0.7391, "bus_lcLookaheadLeft": 44.3193, "bus_lcPushy": 0.8784, "bus_lcSigma": 0.3704, "bus_lcSpeedGainRight": 4.2953, "bus_lcSublane": 0.1131, "bus_sigma": 0.9774, "bus_tau_mean": 1.0569, "bus_tau_std": 4.1398, "bus_v_mean": 13.0081, "bus_v_std": 13.3722, "car_acc": 2.0186, "car_dcc": 1.6295, "car_lcAssertive": 68.5381, "car_lcCooperative": 0.9278, "car_lcLookaheadLeft": 35.9738, "car_lcPushy": 0.1311, "car_lcSigma": 0.2616, "car_lcSpeedGainRight": 1.8757, "car_lcSublane": 0.9001, "car_sigma": 0.4961, "car_tau_mean": 2.2142, "car_tau_std": 8.6737, "car_v_mean": 24.2461, "car_v_std": 1.6794}, "datetime": {"datetime": "2024-09-05 13:40:05", "elapsed": 10260.623777, "delta": 10.191982}}
{"target": -0.18728254391635557, "params": {"bus_acc": 3.0111, "bus_dcc": 0.862, "bus_lcAssertive": 27.4283, "bus_lcCooperative": 0.5592, "bus_lcLookaheadLeft": 72.5938, "bus_lcPushy": 0.5869, "bus_lcSigma": 0.7247, "bus_lcSpeedGainRight": 4.6158, "bus_lcSublane": 0.2718, "bus_sigma": 0.1742, "bus_tau_mean": 2.5717, "bus_tau_std": 1.1187, "bus_v_mean": 17.9667, "bus_v_std": 3.163, "car_acc": 3.2798, "car_dcc": 1.3671, "car_lcAssertive": 15.4199, "car_lcCooperative": 0.7076, "car_lcLookaheadLeft": 26.1063, "car_lcPushy": 0.4211, "car_lcSigma": 0.1938, "car_lcSpeedGainRight": 2.06, "car_lcSublane": 0.0299, "car_sigma": 0.4775, "car_tau_mean": 2.3031, "car_tau_std": 3.0106, "car_v_mean": 12.2559, "car_v_std": 17.9581}, "datetime": {"datetime": "2024-09-05 13:40:27", "elapsed": 10283.249873, "delta": 22.626096}}
{"target": -0.24699863479432557, "params": {"bus_acc": 0.9683, "bus_dcc": 1.6035, "bus_lcAssertive": 44.2356, "bus_lcCooperative": 0.6417, "bus_lcLookaheadLeft": 13.6716, "bus_lcPushy": 0.6564, "bus_lcSigma": 0.2669, "bus_lcSpeedGainRight": 1.3529, "bus_lcSublane": 0.504, "bus_sigma": 0.8458, "bus_tau_mean": 1.3091, "bus_tau_std": 0.9316, "bus_v_mean": 22.8342, "bus_v_std": 1.8444, "car_acc": 1.0107, "car_dcc": 2.7371, "car_lcAssertive": 80.6622, "car_lcCooperative": 0.0812, "car_lcLookaheadLeft": 52.0388, "car_lcPushy": 0.1426, "car_lcSigma": 0.5882, "car_lcSpeedGainRight": 0.8528, "car_lcSublane": 0.5527, "car_sigma": 0.3062, "car_tau_mean": 2.6187, "car_tau_std": 4.3762, "car_v_mean": 9.9373, "car_v_std": 17.3501}, "datetime": {"datetime": "2024-09-05 13:40:56", "elapsed": 10312.001773, "delta": 28.7519}}
{"target": -0.17888226543177446, "params": {"bus_acc": 2.2635, "bus_dcc": 1.7412, "bus_lcAssertive": 70.309, "bus_lcCooperative": 0.9038, "bus_lcLookaheadLeft": 80.7567, "bus_lcPushy": 0.9788, "bus_lcSigma": 0.8899, "bus_lcSpeedGainRight": 0.3625, "bus_lcSublane": 0.5112, "bus_sigma": 0.2585, "bus_tau_mean": 3.5254, "bus_tau_std": 7.6059, "bus_v_mean": 11.1626, "bus_v_std": 10.4009, "car_acc": 1.2131, "car_dcc": 1.0428, "car_lcAssertive": 31.6651, "car_lcCooperative": 0.9128, "car_lcLookaheadLeft": 92.3984, "car_lcPushy": 0.8066, "car_lcSigma": 0.2802, "car_lcSpeedGainRight": 3.9006, "car_lcSublane": 0.2652, "car_sigma": 0.4542, "car_tau_mean": 0.5685, "car_tau_std": 3.8548, "car_v_mean": 8.7745, "car_v_std": 15.6734}, "datetime": {"datetime": "2024-09-05 13:41:10", "elapsed": 10326.419871, "delta": 14.418098}}
{"target": -0.22389250019856052, "params": {"bus_acc": 0.3959, "bus_dcc": 3.7665, "bus_lcAssertive": 47.7221, "bus_lcCooperative": 0.3723, "bus_lcLookaheadLeft": 11.6154, "bus_lcPushy": 0.6303, "bus_lcSigma": 0.5762, "bus_lcSpeedGainRight": 3.5703, "bus_lcSublane": 0.8147, "bus_sigma": 0.7394, "bus_tau_mean": 2.8039, "bus_tau_std": 7.1348, "bus_v_mean": 9.8433, "bus_v_std": 18.3528, "car_acc": 2.0744, "car_dcc": 2.919, "car_lcAssertive": 98.0416, "car_lcCooperative": 0.5922, "car_lcLookaheadLeft": 84.1462, "car_lcPushy": 0.2811, "car_lcSigma": 0.1249, "car_lcSpeedGainRight": 4.2658, "car_lcSublane": 0.7328, "car_sigma": 0.348, "car_tau_mean": 3.57, "car_tau_std": 7.1409, "car_v_mean": 13.2174, "car_v_std": 6.2203}, "datetime": {"datetime": "2024-09-05 13:41:29", "elapsed": 10344.892188, "delta": 18.472317}}
{"target": -0.18008186032110565, "params": {"bus_acc": 0.4079, "bus_dcc": 0.2681, "bus_lcAssertive": 9.0098, "bus_lcCooperative": 0.6139, "bus_lcLookaheadLeft": 83.2362, "bus_lcPushy": 0.7179, "bus_lcSigma": 0.8942, "bus_lcSpeedGainRight": 2.5752, "bus_lcSublane": 0.7313, "bus_sigma": 0.4772, "bus_tau_mean": 3.527, "bus_tau_std": 0.3539, "bus_v_mean": 21.076, "bus_v_std": 17.9866, "car_acc": 2.4419, "car_dcc": 1.92, "car_lcAssertive": 55.7165, "car_lcCooperative": 0.7405, "car_lcLookaheadLeft": 55.7527, "car_lcPushy": 0.2468, "car_lcSigma": 0.9324, "car_lcSpeedGainRight": 4.5949, "car_lcSublane": 0.7184, "car_sigma": 0.0549, "car_tau_mean": 1.7772, "car_tau_std": 4.3254, "car_v_mean": 20.7107, "car_v_std": 16.3096}, "datetime": {"datetime": "2024-09-05 13:42:00", "elapsed": 10376.256665, "delta": 31.364477}}
{"target": -0.20912323365789742, "params": {"bus_acc": 0.8478, "bus_dcc": 1.693, "bus_lcAssertive": 16.1164, "bus_lcCooperative": 0.7241, "bus_lcLookaheadLeft": 13.3129, "bus_lcPushy": 0.5078, "bus_lcSigma": 0.4131, "bus_lcSpeedGainRight": 1.2098, "bus_lcSublane": 0.3215, "bus_sigma": 0.4303, "bus_tau_mean": 3.7104, "bus_tau_std": 0.1451, "bus_v_mean": 9.4367, "bus_v_std": 12.9082, "car_acc": 1.8168, "car_dcc": 3.9841, "car_lcAssertive": 23.7135, "car_lcCooperative": 0.3298, "car_lcLookaheadLeft": 78.8594, "car_lcPushy": 0.0519, "car_lcSigma": 0.4787, "car_lcSpeedGainRight": 2.0712, "car_lcSublane": 0.5492, "car_sigma": 0.8835, "car_tau_mean": 3.4824, "car_tau_std": 0.4944, "car_v_mean": 19.5282, "car_v_std": 2.3664}, "datetime": {"datetime": "2024-09-05 13:42:17", "elapsed": 10393.188706, "delta": 16.932041}}
{"target": -0.2012231108786293, "params": {"bus_acc": 2.6542, "bus_dcc": 2.9857, "bus_lcAssertive": 81.0502, "bus_lcCooperative": 0.7152, "bus_lcLookaheadLeft": 27.705, "bus_lcPushy": 0.3433, "bus_lcSigma": 0.2122, "bus_lcSpeedGainRight": 2.3079, "bus_lcSublane": 0.1984, "bus_sigma": 0.3838, "bus_tau_mean": 2.8324, "bus_tau_std": 8.4167, "bus_v_mean": 13.2803, "bus_v_std": 2.2774, "car_acc": 1.1567, "car_dcc": 3.8581, "car_lcAssertive": 95.5556, "car_lcCooperative": 0.3488, "car_lcLookaheadLeft": 98.142, "car_lcPushy": 0.7544, "car_lcSigma": 0.6386, "car_lcSpeedGainRight": 1.8314, "car_lcSublane": 0.9722, "car_sigma": 0.1268, "car_tau_mean": 3.2572, "car_tau_std": 4.7382, "car_v_mean": 25.9549, "car_v_std": 3.5075}, "datetime": {"datetime": "2024-09-05 13:42:47", "elapsed": 10422.967716, "delta": 29.77901}}
{"target": -0.21641141365807906, "params": {"bus_acc": 3.8347, "bus_dcc": 2.9757, "bus_lcAssertive": 29.5061, "bus_lcCooperative": 0.882, "bus_lcLookaheadLeft": 95.6946, "bus_lcPushy": 0.255, "bus_lcSigma": 0.1363, "bus_lcSpeedGainRight": 3.7824, "bus_lcSublane": 0.0412, "bus_sigma": 0.7806, "bus_tau_mean": 0.6015, "bus_tau_std": 3.3159, "bus_v_mean": 19.6489, "bus_v_std": 10.0945, "car_acc": 2.8364, "car_dcc": 0.9425, "car_lcAssertive": 74.4578, "car_lcCooperative": 0.2209, "car_lcLookaheadLeft": 60.744, "car_lcPushy": 0.0795, "car_lcSigma": 0.8331, "car_lcSpeedGainRight": 4.1798, "car_lcSublane": 0.6234, "car_sigma": 0.1019, "car_tau_mean": 1.7566, "car_tau_std": 4.1656, "car_v_mean": 14.2459, "car_v_std": 15.6947}, "datetime": {"datetime": "2024-09-05 13:43:01", "elapsed": 10437.038259, "delta": 14.070543}}
{"target": -0.16508820733897114, "params": {"bus_acc": 1.3504, "bus_dcc": 0.4216, "bus_lcAssertive": 54.7682, "bus_lcCooperative": 0.9493, "bus_lcLookaheadLeft": 78.6762, "bus_lcPushy": 0.8142, "bus_lcSigma": 0.2502, "bus_lcSpeedGainRight": 3.5214, "bus_lcSublane": 0.6467, "bus_sigma": 0.7704, "bus_tau_mean": 3.872, "bus_tau_std": 2.7988, "bus_v_mean": 10.8092, "bus_v_std": 12.2195, "car_acc": 3.3328, "car_dcc": 2.4362, "car_lcAssertive": 74.9159, "car_lcCooperative": 0.4184, "car_lcLookaheadLeft": 11.947, "car_lcPushy": 0.524, "car_lcSigma": 0.4314, "car_lcSpeedGainRight": 3.9776, "car_lcSublane": 0.1295, "car_sigma": 0.1321, "car_tau_mean": 0.6991, "car_tau_std": 7.4853, "car_v_mean": 24.0088, "car_v_std": 18.3832}, "datetime": {"datetime": "2024-09-05 13:43:16", "elapsed": 10452.09894, "delta": 15.060681}}
{"target": -0.17207985768321774, "params": {"bus_acc": 3.1932, "bus_dcc": 3.9747, "bus_lcAssertive": 74.6457, "bus_lcCooperative": 0.4537, "bus_lcLookaheadLeft": 68.074, "bus_lcPushy": 0.2523, "bus_lcSigma": 0.7933, "bus_lcSpeedGainRight": 4.869, "bus_lcSublane": 0.5419, "bus_sigma": 0.3112, "bus_tau_mean": 1.5824, "bus_tau_std": 4.2933, "bus_v_mean": 16.6727, "bus_v_std": 0.7123, "car_acc": 1.9005, "car_dcc": 3.2499, "car_lcAssertive": 28.8032, "car_lcCooperative": 0.9378, "car_lcLookaheadLeft": 74.4195, "car_lcPushy": 0.4303, "car_lcSigma": 0.094, "car_lcSpeedGainRight": 3.6787, "car_lcSublane": 0.2214, "car_sigma": 0.4923, "car_tau_mean": 2.2512, "car_tau_std": 9.8221, "car_v_mean": 10.6734, "car_v_std": 10.9893}, "datetime": {"datetime": "2024-09-05 13:43:29", "elapsed": 10464.925288, "delta": 12.826348}}
{"target": -2.146075459547082, "params": {"bus_acc": 1.0661, "bus_dcc": 3.2132, "bus_lcAssertive": 26.6786, "bus_lcCooperative": 0.7818, "bus_lcLookaheadLeft": 53.8676, "bus_lcPushy": 0.3423, "bus_lcSigma": 0.5203, "bus_lcSpeedGainRight": 2.6524, "bus_lcSublane": 0.0366, "bus_sigma": 0.9238, "bus_tau_mean": 3.331, "bus_tau_std": 6.8438, "bus_v_mean": 9.8686, "bus_v_std": 17.5727, "car_acc": 0.5117, "car_dcc": 0.9286, "car_lcAssertive": 53.3962, "car_lcCooperative": 0.3205, "car_lcLookaheadLeft": 73.6836, "car_lcPushy": 0.1844, "car_lcSigma": 0.5109, "car_lcSpeedGainRight": 2.8073, "car_lcSublane": 0.8488, "car_sigma": 0.1418, "car_tau_mean": 0.7778, "car_tau_std": 1.6497, "car_v_mean": 16.3146, "car_v_std": 13.7968}, "datetime": {"datetime": "2024-09-05 13:43:42", "elapsed": 10478.031569, "delta": 13.106281}}
{"target": -0.18168510843741817, "params": {"bus_acc": 3.106, "bus_dcc": 2.8612, "bus_lcAssertive": 12.2287, "bus_lcCooperative": 0.9218, "bus_lcLookaheadLeft": 23.8987, "bus_lcPushy": 0.9874, "bus_lcSigma": 0.1839, "bus_lcSpeedGainRight": 3.7907, "bus_lcSublane": 0.1676, "bus_sigma": 0.543, "bus_tau_mean": 3.2557, "bus_tau_std": 1.7096, "bus_v_mean": 23.1991, "bus_v_std": 9.5979, "car_acc": 3.3766, "car_dcc": 2.8339, "car_lcAssertive": 21.0941, "car_lcCooperative": 0.0947, "car_lcLookaheadLeft": 90.0766, "car_lcPushy": 0.091, "car_lcSigma": 0.8213, "car_lcSpeedGainRight": 1.165, "car_lcSublane": 0.2754, "car_sigma": 0.8492, "car_tau_mean": 3.3259, "car_tau_std": 7.6943, "car_v_mean": 20.0638, "car_v_std": 7.405}, "datetime": {"datetime": "2024-09-05 13:43:57", "elapsed": 10492.819381, "delta": 14.787812}}
{"target": -0.27899136704120053, "params": {"bus_acc": 0.6219, "bus_dcc": 3.8017, "bus_lcAssertive": 84.5647, "bus_lcCooperative": 0.2282, "bus_lcLookaheadLeft": 13.895, "bus_lcPushy": 0.1861, "bus_lcSigma": 0.1239, "bus_lcSpeedGainRight": 2.3687, "bus_lcSublane": 0.7605, "bus_sigma": 0.7545, "bus_tau_mean": 3.1903, "bus_tau_std": 4.3104, "bus_v_mean": 9.8115, "bus_v_std": 16.6161, "car_acc": 0.4883, "car_dcc": 3.369, "car_lcAssertive": 79.6974, "car_lcCooperative": 0.6176, "car_lcLookaheadLeft": 23.9755, "car_lcPushy": 0.5738, "car_lcSigma": 0.9123, "car_lcSpeedGainRight": 0.8248, "car_lcSublane": 0.4226, "car_sigma": 0.2376, "car_tau_mean": 0.9363, "car_tau_std": 0.6972, "car_v_mean": 11.1753, "car_v_std": 9.5707}, "datetime": {"datetime": "2024-09-05 13:44:16", "elapsed": 10511.875796, "delta": 19.056415}}
{"target": -0.221672856753949, "params": {"bus_acc": 2.1795, "bus_dcc": 3.7755, "bus_lcAssertive": 39.6918, "bus_lcCooperative": 0.9272, "bus_lcLookaheadLeft": 36.5147, "bus_lcPushy": 0.5794, "bus_lcSigma": 0.7167, "bus_lcSpeedGainRight": 2.9977, "bus_lcSublane": 0.746, "bus_sigma": 0.8756, "bus_tau_mean": 0.9896, "bus_tau_std": 5.2824, "bus_v_mean": 16.4632, "bus_v_std": 16.4725, "car_acc": 3.9877, "car_dcc": 0.723, "car_lcAssertive": 25.2495, "car_lcCooperative": 0.4452, "car_lcLookaheadLeft": 49.2169, "car_lcPushy": 0.0471, "car_lcSigma": 0.0779, "car_lcSpeedGainRight": 0.8854, "car_lcSublane": 0.3398, "car_sigma": 0.6631, "car_tau_mean": 3.839, "car_tau_std": 1.0777, "car_v_mean": 16.5946, "car_v_std": 18.2449}, "datetime": {"datetime": "2024-09-05 13:44:34", "elapsed": 10530.256751, "delta": 18.380955}}
{"target": -0.11632270040290832, "params": {"bus_acc": 3.0729, "bus_dcc": 3.4033, "bus_lcAssertive": 99.5701, "bus_lcCooperative": 0.8555, "bus_lcLookaheadLeft": 46.999, "bus_lcPushy": 0.9247, "bus_lcSigma": 0.2274, "bus_lcSpeedGainRight": 3.7746, "bus_lcSublane": 0.2504, "bus_sigma": 0.7532, "bus_tau_mean": 3.3721, "bus_tau_std": 6.639, "bus_v_mean": 19.9781, "bus_v_std": 4.8289, "car_acc": 3.7029, "car_dcc": 2.8092, "car_lcAssertive": 27.0618, "car_lcCooperative": 0.81, "car_lcLookaheadLeft": 61.0208, "car_lcPushy": 0.3819, "car_lcSigma": 0.5169, "car_lcSpeedGainRight": 1.5797, "car_lcSublane": 0.9689, "car_sigma": 0.7255, "car_tau_mean": 0.6477, "car_tau_std": 5.9938, "car_v_mean": 8.1379, "car_v_std": 0.2545}, "datetime": {"datetime": "2024-09-05 13:45:12", "elapsed": 10567.881906, "delta": 37.625155}}
{"target": -0.9993311323231326, "params": {"bus_acc": 3.512, "bus_dcc": 2.7363, "bus_lcAssertive": 68.1799, "bus_lcCooperative": 0.2521, "bus_lcLookaheadLeft": 8.7208, "bus_lcPushy": 0.0411, "bus_lcSigma": 0.085, "bus_lcSpeedGainRight": 3.701, "bus_lcSublane": 0.3402, "bus_sigma": 0.7695, "bus_tau_mean": 0.8221, "bus_tau_std": 6.0865, "bus_v_mean": 9.1569, "bus_v_std": 13.9594, "car_acc": 0.2455, "car_dcc": 2.1577, "car_lcAssertive": 6.0747, "car_lcCooperative": 0.3746, "car_lcLookaheadLeft": 19.2643, "car_lcPushy": 0.9521, "car_lcSigma": 0.5997, "car_lcSpeedGainRight": 0.6028, "car_lcSublane": 0.9912, "car_sigma": 0.9899, "car_tau_mean": 2.1846, "car_tau_std": 3.0445, "car_v_mean": 17.2934, "car_v_std": 10.9377}, "datetime": {"datetime": "2024-09-05 13:45:38", "elapsed": 10594.290228, "delta": 26.408322}}
{"target": -0.23158952628381813, "params": {"bus_acc": 1.4271, "bus_dcc": 2.9194, "bus_lcAssertive": 68.94, "bus_lcCooperative": 0.3996, "bus_lcLookaheadLeft": 45.5002, "bus_lcPushy": 0.2813, "bus_lcSigma": 0.3335, "bus_lcSpeedGainRight": 3.0647, "bus_lcSublane": 0.2688, "bus_sigma": 0.3137, "bus_tau_mean": 1.1286, "bus_tau_std": 8.136, "bus_v_mean": 24.6698, "bus_v_std": 2.0604, "car_acc": 0.2246, "car_dcc": 1.6735, "car_lcAssertive": 66.8665, "car_lcCooperative": 0.6389, "car_lcLookaheadLeft": 18.7689, "car_lcPushy": 0.3196, "car_lcSigma": 0.2282, "car_lcSpeedGainRight": 3.0231, "car_lcSublane": 0.4105, "car_sigma": 0.2897, "car_tau_mean": 1.914, "car_tau_std": 2.3929, "car_v_mean": 8.2931, "car_v_std": 12.2991}, "datetime": {"datetime": "2024-09-05 13:46:04", "elapsed": 10620.246294, "delta": 25.956066}}
{"target": -0.18883739016754408, "params": {"bus_acc": 0.4942, "bus_dcc": 1.3952, "bus_lcAssertive": 61.6371, "bus_lcCooperative": 0.9382, "bus_lcLookaheadLeft": 93.5635, "bus_lcPushy": 0.2038, "bus_lcSigma": 0.1566, "bus_lcSpeedGainRight": 3.4173, "bus_lcSublane": 0.7169, "bus_sigma": 0.1011, "bus_tau_mean": 3.7018, "bus_tau_std": 8.0805, "bus_v_mean": 13.155, "bus_v_std": 18.558, "car_acc": 3.4364, "car_dcc": 1.2973, "car_lcAssertive": 93.4261, "car_lcCooperative": 0.7586, "car_lcLookaheadLeft": 40.3032, "car_lcPushy": 0.3776, "car_lcSigma": 0.662, "car_lcSpeedGainRight": 2.8322, "car_lcSublane": 0.0693, "car_sigma": 0.0459, "car_tau_mean": 0.8158, "car_tau_std": 8.9198, "car_v_mean": 9.5889, "car_v_std": 10.3212}, "datetime": {"datetime": "2024-09-05 13:46:46", "elapsed": 10661.926335, "delta": 41.680041}}
{"target": -0.5843243477962391, "params": {"bus_acc": 3.4218, "bus_dcc": 1.8584, "bus_lcAssertive": 68.3061, "bus_lcCooperative": 0.922, "bus_lcLookaheadLeft": 36.9978, "bus_lcPushy": 0.5682, "bus_lcSigma": 0.0728, "bus_lcSpeedGainRight": 0.222, "bus_lcSublane": 0.889, "bus_sigma": 0.497, "bus_tau_mean": 1.9667, "bus_tau_std": 4.7959, "bus_v_mean": 24.2284, "bus_v_std": 16.7137, "car_acc": 0.377, "car_dcc": 2.515, "car_lcAssertive": 71.541, "car_lcCooperative": 0.9197, "car_lcLookaheadLeft": 84.1303, "car_lcPushy": 0.8823, "car_lcSigma": 0.2778, "car_lcSpeedGainRight": 1.0933, "car_lcSublane": 0.8505, "car_sigma": 0.314, "car_tau_mean": 1.0838, "car_tau_std": 2.2245, "car_v_mean": 11.5399, "car_v_std": 13.1559}, "datetime": {"datetime": "2024-09-05 13:46:56", "elapsed": 10672.026209, "delta": 10.099874}}
{"target": -0.19792349136728635, "params": {"bus_acc": 3.6214, "bus_dcc": 1.2399, "bus_lcAssertive": 57.0854, "bus_lcCooperative": 0.1121, "bus_lcLookaheadLeft": 67.3504, "bus_lcPushy": 0.2304, "bus_lcSigma": 0.7337, "bus_lcSpeedGainRight": 2.0569, "bus_lcSublane": 0.3108, "bus_sigma": 0.0751, "bus_tau_mean": 2.5445, "bus_tau_std": 4.8672, "bus_v_mean": 12.8822, "bus_v_std": 12.3127, "car_acc": 0.9511, "car_dcc": 0.8642, "car_lcAssertive": 5.3088, "car_lcCooperative": 0.0991, "car_lcLookaheadLeft": 3.0058, "car_lcPushy": 0.1963, "car_lcSigma": 0.7226, "car_lcSpeedGainRight": 2.6115, "car_lcSublane": 0.2922, "car_sigma": 0.8428, "car_tau_mean": 0.5794, "car_tau_std": 2.2887, "car_v_mean": 23.7407, "car_v_std": 8.5912}, "datetime": {"datetime": "2024-09-05 13:47:06", "elapsed": 10681.559187, "delta": 9.532978}}
{"target": -0.3304674084331989, "params": {"bus_acc": 1.5877, "bus_dcc": 0.7508, "bus_lcAssertive": 5.0888, "bus_lcCooperative": 0.0652, "bus_lcLookaheadLeft": 23.1731, "bus_lcPushy": 0.5894, "bus_lcSigma": 0.5864, "bus_lcSpeedGainRight": 2.4332, "bus_lcSublane": 0.9494, "bus_sigma": 0.7348, "bus_tau_mean": 3.194, "bus_tau_std": 5.4322, "bus_v_mean": 23.1157, "bus_v_std": 19.983, "car_acc": 0.3637, "car_dcc": 1.0093, "car_lcAssertive": 27.3746, "car_lcCooperative": 0.8353, "car_lcLookaheadLeft": 3.5576, "car_lcPushy": 0.1716, "car_lcSigma": 0.3788, "car_lcSpeedGainRight": 3.9419, "car_lcSublane": 0.5111, "car_sigma": 0.1082, "car_tau_mean": 1.5011, "car_tau_std": 9.8389, "car_v_mean": 16.1076, "car_v_std": 2.2078}, "datetime": {"datetime": "2024-09-05 13:47:30", "elapsed": 10705.748199, "delta": 24.189012}}
{"target": -1.7061675695051968, "params": {"bus_acc": 3.8068, "bus_dcc": 2.7736, "bus_lcAssertive": 12.0031, "bus_lcCooperative": 0.1686, "bus_lcLookaheadLeft": 22.5093, "bus_lcPushy": 0.5421, "bus_lcSigma": 0.5432, "bus_lcSpeedGainRight": 0.7243, "bus_lcSublane": 0.534, "bus_sigma": 0.6772, "bus_tau_mean": 2.3017, "bus_tau_std": 5.7729, "bus_v_mean": 16.1476, "bus_v_std": 11.6177, "car_acc": 2.9238, "car_dcc": 2.731, "car_lcAssertive": 99.3261, "car_lcCooperative": 0.4628, "car_lcLookaheadLeft": 65.4984, "car_lcPushy": 0.7672, "car_lcSigma": 0.0839, "car_lcSpeedGainRight": 3.0412, "car_lcSublane": 0.0447, "car_sigma": 0.8397, "car_tau_mean": 2.3099, "car_tau_std": 7.3801, "car_v_mean": 22.654, "car_v_std": 18.6035}, "datetime": {"datetime": "2024-09-05 13:47:44", "elapsed": 10719.63584, "delta": 13.887641}}
