{"target": -0.3021535082481073, "params": {"bus_acc": 0.2957, "bus_dcc": 2.3372, "bus_lcAssertive": 38.4612, "bus_lcCooperative": 0.6826, "bus_lcLookaheadLeft": 83.1457, "bus_lcPushy": 0.1575, "bus_lcSigma": 0.5407, "bus_lcSpeedGainRight": 0.0374, "bus_lcSublane": 0.2743, "bus_sigma": 0.4349, "bus_tau_mean": 2.7393, "bus_tau_std": 7.7888, "bus_v_mean": 15.89, "bus_v_std": 17.1465, "car_acc": 2.7407, "car_dcc": 1.454, "car_lcAssertive": 80.2167, "car_lcCooperative": 0.2926, "car_lcLookaheadLeft": 33.517, "car_lcPushy": 0.4591, "car_lcSigma": 0.9389, "car_lcSpeedGainRight": 4.5149, "car_lcSublane": 0.312, "car_sigma": 0.4962, "car_tau_mean": 3.2661, "car_tau_std": 8.2019, "car_v_mean": 15.0217, "car_v_std": 2.9885}, "datetime": {"datetime": "2024-09-05 12:40:50", "elapsed": 6706.24173, "delta": 7.959404}}
{"target": -0.2052909990660705, "params": {"bus_acc": 2.8706, "bus_dcc": 3.258, "bus_lcAssertive": 15.0283, "bus_lcCooperative": 0.9874, "bus_lcLookaheadLeft": 79.0085, "bus_lcPushy": 0.4521, "bus_lcSigma": 0.3153, "bus_lcSpeedGainRight": 4.2924, "bus_lcSublane": 0.7709, "bus_sigma": 0.6406, "bus_tau_mean": 0.992, "bus_tau_std": 4.9282, "bus_v_mean": 17.5906, "bus_v_std": 16.9444, "car_acc": 2.549, "car_dcc": 3.4706, "car_lcAssertive": 28.7532, "car_lcCooperative": 0.8044, "car_lcLookaheadLeft": 13.4151, "car_lcPushy": 0.1183, "car_lcSigma": 0.7162, "car_lcSpeedGainRight": 2.0977, "car_lcSublane": 0.0685, "car_sigma": 0.278, "car_tau_mean": 2.5487, "car_tau_std": 5.2229, "car_v_mean": 9.0776, "car_v_std": 18.1626}, "datetime": {"datetime": "2024-09-05 12:40:59", "elapsed": 6714.515005, "delta": 8.273275}}
{"target": -0.21464274578318535, "params": {"bus_acc": 2.5321, "bus_dcc": 1.1256, "bus_lcAssertive": 80.4885, "bus_lcCooperative": 0.2933, "bus_lcLookaheadLeft": 14.6956, "bus_lcPushy": 0.8773, "bus_lcSigma": 0.9805, "bus_lcSpeedGainRight": 1.1129, "bus_lcSublane": 0.4438, "bus_sigma": 0.8106, "bus_tau_mean": 3.6012, "bus_tau_std": 8.5764, "bus_v_mean": 15.7434, "bus_v_std": 12.1576, "car_acc": 3.3439, "car_dcc": 0.6664, "car_lcAssertive": 6.3476, "car_lcCooperative": 0.4584, "car_lcLookaheadLeft": 2.7634, "car_lcPushy": 0.4332, "car_lcSigma": 0.3817, "car_lcSpeedGainRight": 0.8246, "car_lcSublane": 0.2089, "car_sigma": 0.7993, "car_tau_mean": 3.3892, "car_tau_std": 3.2901, "car_v_mean": 11.9957, "car_v_std": 2.1269}, "datetime": {"datetime": "2024-09-05 12:41:07", "elapsed": 6722.934503, "delta": 8.419498}}
{"target": -0.20868607324932428, "params": {"bus_acc": 2.6552, "bus_dcc": 2.6118, "bus_lcAssertive": 75.017, "bus_lcCooperative": 0.9384, "bus_lcLookaheadLeft": 49.0147, "bus_lcPushy": 0.0797, "bus_lcSigma": 0.7881, "bus_lcSpeedGainRight": 1.4482, "bus_lcSublane": 0.2294, "bus_sigma": 0.2958, "bus_tau_mean": 2.8972, "bus_tau_std": 7.2315, "bus_v_mean": 22.1612, "bus_v_std": 5.1719, "car_acc": 0.8146, "car_dcc": 1.8525, "car_lcAssertive": 99.0821, "car_lcCooperative": 0.4884, "car_lcLookaheadLeft": 50.6964, "car_lcPushy": 0.9219, "car_lcSigma": 0.5297, "car_lcSpeedGainRight": 3.9451, "car_lcSublane": 0.0513, "car_sigma": 0.1411, "car_tau_mean": 1.3254, "car_tau_std": 9.0696, "car_v_mean": 21.3256, "car_v_std": 4.4771}, "datetime": {"datetime": "2024-09-05 12:41:17", "elapsed": 6732.923771, "delta": 9.989268}}
{"target": -0.31637486905565165, "params": {"bus_acc": 2.8958, "bus_dcc": 1.8197, "bus_lcAssertive": 61.6817, "bus_lcCooperative": 0.8965, "bus_lcLookaheadLeft": 79.3143, "bus_lcPushy": 0.8983, "bus_lcSigma": 0.8812, "bus_lcSpeedGainRight": 1.7015, "bus_lcSublane": 0.9953, "bus_sigma": 0.5279, "bus_tau_mean": 2.6668, "bus_tau_std": 9.5916, "bus_v_mean": 15.2838, "bus_v_std": 0.1777, "car_acc": 0.3678, "car_dcc": 3.4561, "car_lcAssertive": 96.8473, "car_lcCooperative": 0.2716, "car_lcLookaheadLeft": 40.4638, "car_lcPushy": 0.9041, "car_lcSigma": 0.1811, "car_lcSpeedGainRight": 1.509, "car_lcSublane": 0.6391, "car_sigma": 0.4609, "car_tau_mean": 2.9651, "car_tau_std": 7.1268, "car_v_mean": 23.3764, "car_v_std": 0.6586}, "datetime": {"datetime": "2024-09-05 12:41:34", "elapsed": 6750.017501, "delta": 17.09373}}
{"target": -0.21556289895871417, "params": {"bus_acc": 0.6907, "bus_dcc": 1.3356, "bus_lcAssertive": 23.0571, "bus_lcCooperative": 0.7889, "bus_lcLookaheadLeft": 26.2805, "bus_lcPushy": 0.7725, "bus_lcSigma": 0.1466, "bus_lcSpeedGainRight": 4.9304, "bus_lcSublane": 0.1594, "bus_sigma": 0.5149, "bus_tau_mean": 2.7238, "bus_tau_std": 4.9674, "bus_v_mean": 19.5789, "bus_v_std": 19.3082, "car_acc": 0.6549, "car_dcc": 0.5793, "car_lcAssertive": 57.5951, "car_lcCooperative": 0.0022, "car_lcLookaheadLeft": 55.98, "car_lcPushy": 0.9474, "car_lcSigma": 0.3589, "car_lcSpeedGainRight": 0.1509, "car_lcSublane": 0.4785, "car_sigma": 0.5468, "car_tau_mean": 3.9101, "car_tau_std": 0.2242, "car_v_mean": 20.1715, "car_v_std": 2.2078}, "datetime": {"datetime": "2024-09-05 12:41:44", "elapsed": 6759.73436, "delta": 9.716859}}
{"target": -0.20014081766897404, "params": {"bus_acc": 2.5937, "bus_dcc": 2.8829, "bus_lcAssertive": 48.8879, "bus_lcCooperative": 0.6057, "bus_lcLookaheadLeft": 72.4579, "bus_lcPushy": 0.7101, "bus_lcSigma": 0.8014, "bus_lcSpeedGainRight": 3.4528, "bus_lcSublane": 0.6321, "bus_sigma": 0.0906, "bus_tau_mean": 3.9485, "bus_tau_std": 7.7749, "bus_v_mean": 21.1484, "bus_v_std": 18.9645, "car_acc": 3.2848, "car_dcc": 0.525, "car_lcAssertive": 77.751, "car_lcCooperative": 0.4438, "car_lcLookaheadLeft": 36.3366, "car_lcPushy": 0.9879, "car_lcSigma": 0.1679, "car_lcSpeedGainRight": 2.8844, "car_lcSublane": 0.9645, "car_sigma": 0.8024, "car_tau_mean": 3.7797, "car_tau_std": 4.4281, "car_v_mean": 22.965, "car_v_std": 15.133}, "datetime": {"datetime": "2024-09-05 12:41:53", "elapsed": 6769.353171, "delta": 9.618811}}
{"target": -0.2895576123949151, "params": {"bus_acc": 2.0687, "bus_dcc": 2.8896, "bus_lcAssertive": 64.223, "bus_lcCooperative": 0.4601, "bus_lcLookaheadLeft": 23.3035, "bus_lcPushy": 0.0685, "bus_lcSigma": 0.221, "bus_lcSpeedGainRight": 3.4486, "bus_lcSublane": 0.9392, "bus_sigma": 0.5129, "bus_tau_mean": 2.6132, "bus_tau_std": 9.5622, "bus_v_mean": 10.8928, "bus_v_std": 3.9856, "car_acc": 0.3014, "car_dcc": 3.9303, "car_lcAssertive": 13.3934, "car_lcCooperative": 0.4923, "car_lcLookaheadLeft": 86.8668, "car_lcPushy": 0.6007, "car_lcSigma": 0.1551, "car_lcSpeedGainRight": 4.4201, "car_lcSublane": 0.628, "car_sigma": 0.4689, "car_tau_mean": 2.6273, "car_tau_std": 9.5545, "car_v_mean": 18.441, "car_v_std": 4.0957}, "datetime": {"datetime": "2024-09-05 12:42:01", "elapsed": 6777.266572, "delta": 7.913401}}
{"target": -0.18552744424813852, "params": {"bus_acc": 3.1855, "bus_dcc": 0.4793, "bus_lcAssertive": 29.6258, "bus_lcCooperative": 0.7591, "bus_lcLookaheadLeft": 76.9639, "bus_lcPushy": 0.5509, "bus_lcSigma": 0.8692, "bus_lcSpeedGainRight": 4.2191, "bus_lcSublane": 0.6383, "bus_sigma": 0.1261, "bus_tau_mean": 1.6971, "bus_tau_std": 6.2605, "bus_v_mean": 23.6961, "bus_v_std": 3.7726, "car_acc": 0.9996, "car_dcc": 3.2917, "car_lcAssertive": 46.8671, "car_lcCooperative": 0.8774, "car_lcLookaheadLeft": 58.5719, "car_lcPushy": 0.2839, "car_lcSigma": 0.5213, "car_lcSpeedGainRight": 1.9914, "car_lcSublane": 0.0979, "car_sigma": 0.7831, "car_tau_mean": 1.8889, "car_tau_std": 6.6148, "car_v_mean": 9.5242, "car_v_std": 19.6943}, "datetime": {"datetime": "2024-09-05 12:42:10", "elapsed": 6785.555478, "delta": 8.288906}}
{"target": -0.19147470827967616, "params": {"bus_acc": 2.5303, "bus_dcc": 1.4701, "bus_lcAssertive": 32.7871, "bus_lcCooperative": 0.3461, "bus_lcLookaheadLeft": 18.0774, "bus_lcPushy": 0.5839, "bus_lcSigma": 0.1845, "bus_lcSpeedGainRight": 4.1582, "bus_lcSublane": 0.0776, "bus_sigma": 0.4691, "bus_tau_mean": 1.1969, "bus_tau_std": 2.172, "bus_v_mean": 18.4238, "bus_v_std": 17.4744, "car_acc": 1.6734, "car_dcc": 3.768, "car_lcAssertive": 50.3892, "car_lcCooperative": 0.6597, "car_lcLookaheadLeft": 6.2043, "car_lcPushy": 0.0192, "car_lcSigma": 0.1076, "car_lcSpeedGainRight": 2.5945, "car_lcSublane": 0.0056, "car_sigma": 0.1742, "car_tau_mean": 1.0803, "car_tau_std": 6.9561, "car_v_mean": 12.508, "car_v_std": 12.7372}, "datetime": {"datetime": "2024-09-05 12:42:34", "elapsed": 6809.753539, "delta": 24.198061}}
{"target": -0.7446483703170035, "params": {"bus_acc": 1.5756, "bus_dcc": 1.5765, "bus_lcAssertive": 31.9251, "bus_lcCooperative": 0.9615, "bus_lcLookaheadLeft": 93.9426, "bus_lcPushy": 0.9131, "bus_lcSigma": 0.735, "bus_lcSpeedGainRight": 3.6785, "bus_lcSublane": 0.7234, "bus_sigma": 0.4705, "bus_tau_mean": 2.1137, "bus_tau_std": 8.2272, "bus_v_mean": 9.6519, "bus_v_std": 6.3056, "car_acc": 0.31, "car_dcc": 3.5726, "car_lcAssertive": 53.5295, "car_lcCooperative": 0.4927, "car_lcLookaheadLeft": 65.5342, "car_lcPushy": 0.0776, "car_lcSigma": 0.2672, "car_lcSpeedGainRight": 3.718, "car_lcSublane": 0.8522, "car_sigma": 0.5181, "car_tau_mean": 2.7192, "car_tau_std": 4.4743, "car_v_mean": 23.0338, "car_v_std": 18.4577}, "datetime": {"datetime": "2024-09-05 12:42:51", "elapsed": 6827.441811, "delta": 17.688272}}
{"target": -0.775022350883626, "params": {"bus_acc": 0.41, "bus_dcc": 2.7016, "bus_lcAssertive": 24.587, "bus_lcCooperative": 0.9042, "bus_lcLookaheadLeft": 90.5415, "bus_lcPushy": 0.3958, "bus_lcSigma": 0.5392, "bus_lcSpeedGainRight": 2.977, "bus_lcSublane": 0.7156, "bus_sigma": 0.8767, "bus_tau_mean": 2.6102, "bus_tau_std": 9.8901, "bus_v_mean": 9.9692, "bus_v_std": 7.9106, "car_acc": 1.7269, "car_dcc": 0.5248, "car_lcAssertive": 96.9992, "car_lcCooperative": 0.6773, "car_lcLookaheadLeft": 4.1594, "car_lcPushy": 0.9972, "car_lcSigma": 0.9134, "car_lcSpeedGainRight": 0.5617, "car_lcSublane": 0.7891, "car_sigma": 0.9118, "car_tau_mean": 1.6095, "car_tau_std": 4.1792, "car_v_mean": 16.658, "car_v_std": 13.302}, "datetime": {"datetime": "2024-09-05 12:43:03", "elapsed": 6839.06947, "delta": 11.627659}}
{"target": -0.20953698104589302, "params": {"bus_acc": 0.4074, "bus_dcc": 2.1507, "bus_lcAssertive": 95.9114, "bus_lcCooperative": 0.1874, "bus_lcLookaheadLeft": 6.4679, "bus_lcPushy": 0.6139, "bus_lcSigma": 0.6089, "bus_lcSpeedGainRight": 4.42, "bus_lcSublane": 0.6548, "bus_sigma": 0.8066, "bus_tau_mean": 0.8972, "bus_tau_std": 5.4765, "bus_v_mean": 15.0922, "bus_v_std": 5.3524, "car_acc": 2.2364, "car_dcc": 3.9093, "car_lcAssertive": 35.5769, "car_lcCooperative": 0.2424, "car_lcLookaheadLeft": 99.1044, "car_lcPushy": 0.6083, "car_lcSigma": 0.9229, "car_lcSpeedGainRight": 1.7447, "car_lcSublane": 0.0228, "car_sigma": 0.5204, "car_tau_mean": 3.3062, "car_tau_std": 6.2395, "car_v_mean": 17.5865, "car_v_std": 10.7788}, "datetime": {"datetime": "2024-09-05 12:43:10", "elapsed": 6845.973022, "delta": 6.903552}}
{"target": -2.444448259784101, "params": {"bus_acc": 1.3978, "bus_dcc": 0.2562, "bus_lcAssertive": 91.6988, "bus_lcCooperative": 0.4263, "bus_lcLookaheadLeft": 67.582, "bus_lcPushy": 0.7831, "bus_lcSigma": 0.9532, "bus_lcSpeedGainRight": 2.541, "bus_lcSublane": 0.1788, "bus_sigma": 0.1395, "bus_tau_mean": 0.5871, "bus_tau_std": 1.4973, "bus_v_mean": 15.7001, "bus_v_std": 0.0279, "car_acc": 1.0288, "car_dcc": 1.9339, "car_lcAssertive": 6.0338, "car_lcCooperative": 0.6029, "car_lcLookaheadLeft": 99.7754, "car_lcPushy": 0.279, "car_lcSigma": 0.5397, "car_lcSpeedGainRight": 0.2892, "car_lcSublane": 0.5423, "car_sigma": 0.5995, "car_tau_mean": 1.4452, "car_tau_std": 8.4021, "car_v_mean": 9.3116, "car_v_std": 14.684}, "datetime": {"datetime": "2024-09-05 12:43:19", "elapsed": 6855.076658, "delta": 9.103636}}
{"target": -0.6977878617167689, "params": {"bus_acc": 1.3432, "bus_dcc": 1.4986, "bus_lcAssertive": 50.9678, "bus_lcCooperative": 0.0253, "bus_lcLookaheadLeft": 48.5441, "bus_lcPushy": 0.8775, "bus_lcSigma": 0.9114, "bus_lcSpeedGainRight": 0.9655, "bus_lcSublane": 0.3115, "bus_sigma": 0.4807, "bus_tau_mean": 0.5461, "bus_tau_std": 7.6337, "bus_v_mean": 19.0398, "bus_v_std": 11.1867, "car_acc": 2.2022, "car_dcc": 1.2708, "car_lcAssertive": 3.4069, "car_lcCooperative": 0.2469, "car_lcLookaheadLeft": 8.3541, "car_lcPushy": 0.1938, "car_lcSigma": 0.8555, "car_lcSpeedGainRight": 4.2157, "car_lcSublane": 0.441, "car_sigma": 0.3692, "car_tau_mean": 0.6024, "car_tau_std": 8.2847, "car_v_mean": 11.8716, "car_v_std": 2.4693}, "datetime": {"datetime": "2024-09-05 12:43:28", "elapsed": 6863.966366, "delta": 8.889708}}
{"target": -0.19690547655688687, "params": {"bus_acc": 1.3601, "bus_dcc": 1.9469, "bus_lcAssertive": 34.2187, "bus_lcCooperative": 0.2737, "bus_lcLookaheadLeft": 42.2864, "bus_lcPushy": 0.6838, "bus_lcSigma": 0.6083, "bus_lcSpeedGainRight": 2.7393, "bus_lcSublane": 0.3523, "bus_sigma": 0.5306, "bus_tau_mean": 3.5482, "bus_tau_std": 0.2452, "bus_v_mean": 8.8994, "bus_v_std": 3.3038, "car_acc": 2.0241, "car_dcc": 0.5203, "car_lcAssertive": 37.8491, "car_lcCooperative": 0.0082, "car_lcLookaheadLeft": 56.48, "car_lcPushy": 0.9372, "car_lcSigma": 0.0975, "car_lcSpeedGainRight": 0.9614, "car_lcSublane": 0.3905, "car_sigma": 0.4281, "car_tau_mean": 0.7003, "car_tau_std": 2.0144, "car_v_mean": 12.5858, "car_v_std": 0.1875}, "datetime": {"datetime": "2024-09-05 12:43:38", "elapsed": 6873.860387, "delta": 9.894021}}
{"target": -0.6300097327248237, "params": {"bus_acc": 2.1266, "bus_dcc": 1.9993, "bus_lcAssertive": 75.3159, "bus_lcCooperative": 0.9444, "bus_lcLookaheadLeft": 79.2818, "bus_lcPushy": 0.4384, "bus_lcSigma": 0.6995, "bus_lcSpeedGainRight": 0.6393, "bus_lcSublane": 0.5368, "bus_sigma": 0.5026, "bus_tau_mean": 0.6768, "bus_tau_std": 0.9145, "bus_v_mean": 22.8842, "bus_v_std": 17.4962, "car_acc": 3.2807, "car_dcc": 2.1961, "car_lcAssertive": 8.2328, "car_lcCooperative": 0.8006, "car_lcLookaheadLeft": 80.6518, "car_lcPushy": 0.9285, "car_lcSigma": 0.159, "car_lcSpeedGainRight": 1.0941, "car_lcSublane": 0.7073, "car_sigma": 0.0533, "car_tau_mean": 2.8047, "car_tau_std": 2.6111, "car_v_mean": 15.4979, "car_v_std": 7.5292}, "datetime": {"datetime": "2024-09-05 12:43:50", "elapsed": 6886.158964, "delta": 12.298577}}
{"target": -0.14738924053590197, "params": {"bus_acc": 3.6546, "bus_dcc": 2.0922, "bus_lcAssertive": 2.3359, "bus_lcCooperative": 0.8888, "bus_lcLookaheadLeft": 25.638, "bus_lcPushy": 0.3402, "bus_lcSigma": 0.8926, "bus_lcSpeedGainRight": 3.0451, "bus_lcSublane": 0.3192, "bus_sigma": 0.6541, "bus_tau_mean": 3.9797, "bus_tau_std": 4.9473, "bus_v_mean": 9.0127, "bus_v_std": 8.379, "car_acc": 3.1348, "car_dcc": 3.0301, "car_lcAssertive": 15.4868, "car_lcCooperative": 0.3744, "car_lcLookaheadLeft": 63.591, "car_lcPushy": 0.4604, "car_lcSigma": 0.6641, "car_lcSpeedGainRight": 4.8835, "car_lcSublane": 0.3346, "car_sigma": 0.7504, "car_tau_mean": 1.936, "car_tau_std": 9.3497, "car_v_mean": 9.6953, "car_v_std": 0.2628}, "datetime": {"datetime": "2024-09-05 12:43:58", "elapsed": 6894.165825, "delta": 8.006861}}
{"target": -0.20121979038729387, "params": {"bus_acc": 1.1964, "bus_dcc": 0.4204, "bus_lcAssertive": 7.0201, "bus_lcCooperative": 0.1613, "bus_lcLookaheadLeft": 45.6333, "bus_lcPushy": 0.9238, "bus_lcSigma": 0.8023, "bus_lcSpeedGainRight": 0.5632, "bus_lcSublane": 0.0171, "bus_sigma": 0.0271, "bus_tau_mean": 3.9425, "bus_tau_std": 9.7989, "bus_v_mean": 19.5708, "bus_v_std": 19.1246, "car_acc": 2.5099, "car_dcc": 1.0064, "car_lcAssertive": 97.8964, "car_lcCooperative": 0.2208, "car_lcLookaheadLeft": 41.8718, "car_lcPushy": 0.2965, "car_lcSigma": 0.6199, "car_lcSpeedGainRight": 3.3201, "car_lcSublane": 0.5448, "car_sigma": 0.0788, "car_tau_mean": 3.6482, "car_tau_std": 8.2597, "car_v_mean": 12.1674, "car_v_std": 11.6984}, "datetime": {"datetime": "2024-09-05 12:44:06", "elapsed": 6902.292153, "delta": 8.126328}}
{"target": -0.18665189174037233, "params": {"bus_acc": 1.33, "bus_dcc": 3.6739, "bus_lcAssertive": 16.3095, "bus_lcCooperative": 0.3962, "bus_lcLookaheadLeft": 53.0798, "bus_lcPushy": 0.462, "bus_lcSigma": 0.3384, "bus_lcSpeedGainRight": 0.3248, "bus_lcSublane": 0.2067, "bus_sigma": 0.7346, "bus_tau_mean": 0.9013, "bus_tau_std": 2.9729, "bus_v_mean": 22.6848, "bus_v_std": 15.9686, "car_acc": 2.3772, "car_dcc": 3.9472, "car_lcAssertive": 66.4133, "car_lcCooperative": 0.9269, "car_lcLookaheadLeft": 29.8379, "car_lcPushy": 0.4984, "car_lcSigma": 0.4803, "car_lcSpeedGainRight": 3.9013, "car_lcSublane": 0.077, "car_sigma": 0.6656, "car_tau_mean": 3.4761, "car_tau_std": 4.5771, "car_v_mean": 15.1347, "car_v_std": 7.4456}, "datetime": {"datetime": "2024-09-05 12:44:16", "elapsed": 6911.893584, "delta": 9.601431}}
{"target": -0.22981029001500222, "params": {"bus_acc": 1.7112, "bus_dcc": 1.2051, "bus_lcAssertive": 4.6786, "bus_lcCooperative": 0.2803, "bus_lcLookaheadLeft": 52.5344, "bus_lcPushy": 0.8532, "bus_lcSigma": 0.7343, "bus_lcSpeedGainRight": 0.3997, "bus_lcSublane": 0.1918, "bus_sigma": 0.4305, "bus_tau_mean": 2.0081, "bus_tau_std": 6.1064, "bus_v_mean": 19.4299, "bus_v_std": 1.5913, "car_acc": 3.0462, "car_dcc": 1.3129, "car_lcAssertive": 46.3918, "car_lcCooperative": 0.3291, "car_lcLookaheadLeft": 90.9486, "car_lcPushy": 0.2259, "car_lcSigma": 0.5196, "car_lcSpeedGainRight": 3.0452, "car_lcSublane": 0.8582, "car_sigma": 0.5154, "car_tau_mean": 3.3002, "car_tau_std": 9.8495, "car_v_mean": 16.3297, "car_v_std": 0.1702}, "datetime": {"datetime": "2024-09-05 12:44:26", "elapsed": 6921.565863, "delta": 9.672279}}
{"target": -0.425472462248558, "params": {"bus_acc": 0.7636, "bus_dcc": 0.7621, "bus_lcAssertive": 88.6122, "bus_lcCooperative": 0.6063, "bus_lcLookaheadLeft": 66.9847, "bus_lcPushy": 0.3244, "bus_lcSigma": 0.8835, "bus_lcSpeedGainRight": 0.502, "bus_lcSublane": 0.8, "bus_sigma": 0.7787, "bus_tau_mean": 3.156, "bus_tau_std": 8.9004, "bus_v_mean": 17.3085, "bus_v_std": 7.6274, "car_acc": 1.2265, "car_dcc": 2.5468, "car_lcAssertive": 50.9044, "car_lcCooperative": 0.9725, "car_lcLookaheadLeft": 39.2118, "car_lcPushy": 0.7232, "car_lcSigma": 0.7071, "car_lcSpeedGainRight": 0.4482, "car_lcSublane": 0.8951, "car_sigma": 0.522, "car_tau_mean": 1.0031, "car_tau_std": 2.2588, "car_v_mean": 12.3084, "car_v_std": 16.8117}, "datetime": {"datetime": "2024-09-05 12:44:37", "elapsed": 6933.249835, "delta": 11.683972}}
{"target": -0.17158071308164793, "params": {"bus_acc": 0.629, "bus_dcc": 1.6916, "bus_lcAssertive": 21.2977, "bus_lcCooperative": 0.3341, "bus_lcLookaheadLeft": 70.5297, "bus_lcPushy": 0.2538, "bus_lcSigma": 0.6613, "bus_lcSpeedGainRight": 4.1379, "bus_lcSublane": 0.9982, "bus_sigma": 0.1129, "bus_tau_mean": 2.5235, "bus_tau_std": 3.6291, "bus_v_mean": 14.319, "bus_v_std": 4.872, "car_acc": 2.9612, "car_dcc": 1.8457, "car_lcAssertive": 70.1616, "car_lcCooperative": 0.7295, "car_lcLookaheadLeft": 48.5354, "car_lcPushy": 0.6714, "car_lcSigma": 0.9061, "car_lcSpeedGainRight": 3.0574, "car_lcSublane": 0.1131, "car_sigma": 0.3538, "car_tau_mean": 2.4226, "car_tau_std": 5.3573, "car_v_mean": 20.6867, "car_v_std": 5.066}, "datetime": {"datetime": "2024-09-05 12:44:56", "elapsed": 6951.675553, "delta": 18.425718}}
{"target": -1.6660494521487657, "params": {"bus_acc": 3.0965, "bus_dcc": 0.616, "bus_lcAssertive": 12.0759, "bus_lcCooperative": 0.5294, "bus_lcLookaheadLeft": 78.8418, "bus_lcPushy": 0.3652, "bus_lcSigma": 0.73, "bus_lcSpeedGainRight": 2.9357, "bus_lcSublane": 0.1516, "bus_sigma": 0.1797, "bus_tau_mean": 1.8521, "bus_tau_std": 1.9469, "bus_v_mean": 24.6382, "bus_v_std": 4.5216, "car_acc": 3.6571, "car_dcc": 2.2013, "car_lcAssertive": 18.4929, "car_lcCooperative": 0.7809, "car_lcLookaheadLeft": 97.0577, "car_lcPushy": 0.3786, "car_lcSigma": 0.3992, "car_lcSpeedGainRight": 4.6481, "car_lcSublane": 0.35, "car_sigma": 0.1237, "car_tau_mean": 3.1334, "car_tau_std": 8.0616, "car_v_mean": 21.8843, "car_v_std": 7.0814}, "datetime": {"datetime": "2024-09-05 12:45:05", "elapsed": 6960.830472, "delta": 9.154919}}
{"target": -0.32982942383966707, "params": {"bus_acc": 0.7294, "bus_dcc": 2.8168, "bus_lcAssertive": 44.5504, "bus_lcCooperative": 0.8967, "bus_lcLookaheadLeft": 59.416, "bus_lcPushy": 0.617, "bus_lcSigma": 0.8536, "bus_lcSpeedGainRight": 4.4294, "bus_lcSublane": 0.2303, "bus_sigma": 0.2286, "bus_tau_mean": 2.7385, "bus_tau_std": 5.9767, "bus_v_mean": 18.3789, "bus_v_std": 6.8996, "car_acc": 3.7317, "car_dcc": 0.604, "car_lcAssertive": 97.9876, "car_lcCooperative": 0.1881, "car_lcLookaheadLeft": 86.6616, "car_lcPushy": 0.5418, "car_lcSigma": 0.9301, "car_lcSpeedGainRight": 2.6254, "car_lcSublane": 0.1422, "car_sigma": 0.3962, "car_tau_mean": 3.5074, "car_tau_std": 3.6931, "car_v_mean": 8.8321, "car_v_std": 3.559}, "datetime": {"datetime": "2024-09-05 12:45:13", "elapsed": 6968.992522, "delta": 8.16205}}
{"target": -0.204820514038455, "params": {"bus_acc": 3.9823, "bus_dcc": 1.4063, "bus_lcAssertive": 80.919, "bus_lcCooperative": 0.2237, "bus_lcLookaheadLeft": 74.7461, "bus_lcPushy": 0.0702, "bus_lcSigma": 0.9801, "bus_lcSpeedGainRight": 3.6496, "bus_lcSublane": 0.9158, "bus_sigma": 0.8056, "bus_tau_mean": 1.6479, "bus_tau_std": 9.2509, "bus_v_mean": 8.0718, "bus_v_std": 15.3271, "car_acc": 1.9482, "car_dcc": 3.9409, "car_lcAssertive": 46.5919, "car_lcCooperative": 0.8655, "car_lcLookaheadLeft": 44.6357, "car_lcPushy": 0.6693, "car_lcSigma": 0.2327, "car_lcSpeedGainRight": 2.1506, "car_lcSublane": 0.1774, "car_sigma": 0.9419, "car_tau_mean": 0.7832, "car_tau_std": 9.0714, "car_v_mean": 18.7222, "car_v_std": 16.0441}, "datetime": {"datetime": "2024-09-05 12:45:28", "elapsed": 6984.459311, "delta": 15.466789}}
