{"target": -0.3626296268649057, "params": {"bus_acc": 0.7694, "bus_dcc": 3.5374, "bus_lcAssertive": 83.5366, "bus_lcCooperative": 0.0975, "bus_lcLookaheadLeft": 68.6577, "bus_lcPushy": 0.2864, "bus_lcSigma": 0.5554, "bus_lcSpeedGainRight": 4.9759, "bus_lcSublane": 0.1967, "bus_sigma": 0.7101, "bus_tau_mean": 2.4728, "bus_tau_std": 1.3314, "bus_v_mean": 8.9479, "bus_v_std": 11.1588, "car_acc": 1.0417, "car_dcc": 2.5372, "car_lcAssertive": 82.8162, "car_lcCooperative": 0.6013, "car_lcLookaheadLeft": 3.4645, "car_lcPushy": 0.9873, "car_lcSigma": 0.6568, "car_lcSpeedGainRight": 1.0536, "car_lcSublane": 0.5855, "car_sigma": 0.4642, "car_tau_mean": 3.3081, "car_tau_std": 3.3204, "car_v_mean": 22.4136, "car_v_std": 11.2326}, "datetime": {"datetime": "2024-08-11 19:34:59", "elapsed": 6770.343059, "delta": 6.392814}}
{"target": -0.47683617783844684, "params": {"bus_acc": 2.6767, "bus_dcc": 1.859, "bus_lcAssertive": 5.9775, "bus_lcCooperative": 0.1989, "bus_lcLookaheadLeft": 11.771, "bus_lcPushy": 0.954, "bus_lcSigma": 0.5196, "bus_lcSpeedGainRight": 1.3, "bus_lcSublane": 0.2577, "bus_sigma": 0.6627, "bus_tau_mean": 3.3298, "bus_tau_std": 0.5869, "bus_v_mean": 14.5773, "bus_v_std": 19.4939, "car_acc": 2.0723, "car_dcc": 1.4107, "car_lcAssertive": 83.0834, "car_lcCooperative": 0.0388, "car_lcLookaheadLeft": 73.4504, "car_lcPushy": 0.0287, "car_lcSigma": 0.5291, "car_lcSpeedGainRight": 3.882, "car_lcSublane": 0.7266, "car_sigma": 0.1906, "car_tau_mean": 0.585, "car_tau_std": 2.5927, "car_v_mean": 16.9959, "car_v_std": 9.9374}, "datetime": {"datetime": "2024-08-11 19:35:08", "elapsed": 6779.386619, "delta": 9.04356}}
{"target": -0.4868448202703315, "params": {"bus_acc": 2.9668, "bus_dcc": 3.8103, "bus_lcAssertive": 34.6648, "bus_lcCooperative": 0.0984, "bus_lcLookaheadLeft": 31.989, "bus_lcPushy": 0.0797, "bus_lcSigma": 0.6607, "bus_lcSpeedGainRight": 1.7753, "bus_lcSublane": 0.7578, "bus_sigma": 0.2688, "bus_tau_mean": 3.57, "bus_tau_std": 2.8381, "bus_v_mean": 13.7851, "bus_v_std": 8.4945, "car_acc": 3.5335, "car_dcc": 3.0314, "car_lcAssertive": 66.1158, "car_lcCooperative": 0.6869, "car_lcLookaheadLeft": 72.9903, "car_lcPushy": 0.9076, "car_lcSigma": 0.2485, "car_lcSpeedGainRight": 1.4302, "car_lcSublane": 0.5002, "car_sigma": 0.0739, "car_tau_mean": 3.0779, "car_tau_std": 7.7256, "car_v_mean": 22.2226, "car_v_std": 10.6775}, "datetime": {"datetime": "2024-08-11 19:35:14", "elapsed": 6784.636519, "delta": 5.2499}}
{"target": -0.4259482732188163, "params": {"bus_acc": 2.6066, "bus_dcc": 0.8206, "bus_lcAssertive": 28.7485, "bus_lcCooperative": 0.5267, "bus_lcLookaheadLeft": 60.2485, "bus_lcPushy": 0.1131, "bus_lcSigma": 0.9876, "bus_lcSpeedGainRight": 1.3344, "bus_lcSublane": 0.7941, "bus_sigma": 0.1321, "bus_tau_mean": 1.7528, "bus_tau_std": 7.4034, "bus_v_mean": 12.2773, "bus_v_std": 11.5261, "car_acc": 2.9156, "car_dcc": 3.1281, "car_lcAssertive": 77.6962, "car_lcCooperative": 0.0972, "car_lcLookaheadLeft": 83.8531, "car_lcPushy": 0.1268, "car_lcSigma": 0.2505, "car_lcSpeedGainRight": 4.1833, "car_lcSublane": 0.3162, "car_sigma": 0.7373, "car_tau_mean": 3.2971, "car_tau_std": 6.9228, "car_v_mean": 18.3134, "car_v_std": 4.6419}, "datetime": {"datetime": "2024-08-11 19:35:20", "elapsed": 6790.905775, "delta": 6.269256}}
{"target": -0.5039282562759797, "params": {"bus_acc": 3.4488, "bus_dcc": 0.4862, "bus_lcAssertive": 34.2777, "bus_lcCooperative": 0.8765, "bus_lcLookaheadLeft": 76.4367, "bus_lcPushy": 0.8816, "bus_lcSigma": 0.9052, "bus_lcSpeedGainRight": 3.688, "bus_lcSublane": 0.7906, "bus_sigma": 0.5606, "bus_tau_mean": 1.8679, "bus_tau_std": 9.2677, "bus_v_mean": 15.3209, "bus_v_std": 1.3536, "car_acc": 2.706, "car_dcc": 3.3369, "car_lcAssertive": 78.7308, "car_lcCooperative": 0.9862, "car_lcLookaheadLeft": 67.234, "car_lcPushy": 0.6675, "car_lcSigma": 0.6904, "car_lcSpeedGainRight": 0.3576, "car_lcSublane": 0.801, "car_sigma": 0.431, "car_tau_mean": 0.9626, "car_tau_std": 9.7759, "car_v_mean": 12.0468, "car_v_std": 7.1483}, "datetime": {"datetime": "2024-08-11 19:35:26", "elapsed": 6796.820964, "delta": 5.915189}}
{"target": -0.4100038171279535, "params": {"bus_acc": 1.012, "bus_dcc": 2.5864, "bus_lcAssertive": 7.0946, "bus_lcCooperative": 0.9157, "bus_lcLookaheadLeft": 3.9843, "bus_lcPushy": 0.5858, "bus_lcSigma": 0.8059, "bus_lcSpeedGainRight": 0.456, "bus_lcSublane": 0.9324, "bus_sigma": 0.4725, "bus_tau_mean": 1.756, "bus_tau_std": 6.69, "bus_v_mean": 22.2204, "bus_v_std": 4.67, "car_acc": 2.0094, "car_dcc": 0.8633, "car_lcAssertive": 62.8449, "car_lcCooperative": 0.0056, "car_lcLookaheadLeft": 92.1328, "car_lcPushy": 0.9344, "car_lcSigma": 0.9662, "car_lcSpeedGainRight": 4.1167, "car_lcSublane": 0.7647, "car_sigma": 0.7548, "car_tau_mean": 1.2363, "car_tau_std": 3.7711, "car_v_mean": 23.701, "car_v_std": 0.7262}, "datetime": {"datetime": "2024-08-11 19:35:36", "elapsed": 6807.436968, "delta": 10.616004}}
{"target": -0.3377621632572896, "params": {"bus_acc": 1.8312, "bus_dcc": 0.7943, "bus_lcAssertive": 94.2917, "bus_lcCooperative": 0.6401, "bus_lcLookaheadLeft": 51.0819, "bus_lcPushy": 0.6997, "bus_lcSigma": 0.8053, "bus_lcSpeedGainRight": 2.3156, "bus_lcSublane": 0.7806, "bus_sigma": 0.5751, "bus_tau_mean": 3.1291, "bus_tau_std": 5.5617, "bus_v_mean": 11.9564, "bus_v_std": 17.761, "car_acc": 3.1429, "car_dcc": 2.3899, "car_lcAssertive": 19.6581, "car_lcCooperative": 0.1391, "car_lcLookaheadLeft": 8.4835, "car_lcPushy": 0.4611, "car_lcSigma": 0.1915, "car_lcSpeedGainRight": 3.889, "car_lcSublane": 0.97, "car_sigma": 0.9306, "car_tau_mean": 3.1901, "car_tau_std": 9.1221, "car_v_mean": 14.3989, "car_v_std": 1.608}, "datetime": {"datetime": "2024-08-11 19:35:42", "elapsed": 6812.788031, "delta": 5.351063}}
{"target": -0.2682600892195579, "params": {"bus_acc": 1.2024, "bus_dcc": 1.4921, "bus_lcAssertive": 8.7311, "bus_lcCooperative": 0.1695, "bus_lcLookaheadLeft": 12.5675, "bus_lcPushy": 0.9307, "bus_lcSigma": 0.8612, "bus_lcSpeedGainRight": 3.447, "bus_lcSublane": 0.6999, "bus_sigma": 0.118, "bus_tau_mean": 3.5489, "bus_tau_std": 2.2282, "bus_v_mean": 9.384, "bus_v_std": 0.4183, "car_acc": 0.7726, "car_dcc": 2.5965, "car_lcAssertive": 62.0205, "car_lcCooperative": 0.2157, "car_lcLookaheadLeft": 42.4706, "car_lcPushy": 0.6338, "car_lcSigma": 0.038, "car_lcSpeedGainRight": 3.9569, "car_lcSublane": 0.585, "car_sigma": 0.3154, "car_tau_mean": 1.9571, "car_tau_std": 5.3887, "car_v_mean": 17.8326, "car_v_std": 0.262}, "datetime": {"datetime": "2024-08-11 19:35:48", "elapsed": 6819.402432, "delta": 6.614401}}
{"target": -0.4289420112854598, "params": {"bus_acc": 1.7426, "bus_dcc": 2.2306, "bus_lcAssertive": 7.5469, "bus_lcCooperative": 0.2094, "bus_lcLookaheadLeft": 87.7232, "bus_lcPushy": 0.9363, "bus_lcSigma": 0.0843, "bus_lcSpeedGainRight": 4.1928, "bus_lcSublane": 0.328, "bus_sigma": 0.876, "bus_tau_mean": 2.061, "bus_tau_std": 6.5846, "bus_v_mean": 13.3172, "bus_v_std": 14.4832, "car_acc": 0.6103, "car_dcc": 2.739, "car_lcAssertive": 4.418, "car_lcCooperative": 0.3043, "car_lcLookaheadLeft": 91.6484, "car_lcPushy": 0.6123, "car_lcSigma": 0.0229, "car_lcSpeedGainRight": 4.2285, "car_lcSublane": 0.7516, "car_sigma": 0.0551, "car_tau_mean": 3.6774, "car_tau_std": 7.7729, "car_v_mean": 24.4131, "car_v_std": 6.5107}, "datetime": {"datetime": "2024-08-11 19:35:54", "elapsed": 6825.321413, "delta": 5.918981}}
{"target": -0.3323172146107229, "params": {"bus_acc": 0.3421, "bus_dcc": 1.9016, "bus_lcAssertive": 66.0721, "bus_lcCooperative": 0.3083, "bus_lcLookaheadLeft": 21.3903, "bus_lcPushy": 0.1298, "bus_lcSigma": 0.2422, "bus_lcSpeedGainRight": 0.9068, "bus_lcSublane": 0.3066, "bus_sigma": 0.3971, "bus_tau_mean": 0.8138, "bus_tau_std": 9.4561, "bus_v_mean": 21.3345, "bus_v_std": 12.8982, "car_acc": 0.8936, "car_dcc": 2.0375, "car_lcAssertive": 49.8802, "car_lcCooperative": 0.8867, "car_lcLookaheadLeft": 86.3306, "car_lcPushy": 0.3642, "car_lcSigma": 0.1098, "car_lcSpeedGainRight": 0.7044, "car_lcSublane": 0.8518, "car_sigma": 0.4336, "car_tau_mean": 1.033, "car_tau_std": 4.4198, "car_v_mean": 9.624, "car_v_std": 16.6141}, "datetime": {"datetime": "2024-08-11 19:35:59", "elapsed": 6830.011972, "delta": 4.690559}}
{"target": -0.3357203885356715, "params": {"bus_acc": 2.1255, "bus_dcc": 1.8317, "bus_lcAssertive": 25.279, "bus_lcCooperative": 0.7141, "bus_lcLookaheadLeft": 19.2747, "bus_lcPushy": 0.9904, "bus_lcSigma": 0.6429, "bus_lcSpeedGainRight": 0.2928, "bus_lcSublane": 0.5871, "bus_sigma": 0.5823, "bus_tau_mean": 3.653, "bus_tau_std": 4.242, "bus_v_mean": 23.6466, "bus_v_std": 13.8722, "car_acc": 0.833, "car_dcc": 2.1477, "car_lcAssertive": 69.9375, "car_lcCooperative": 0.8571, "car_lcLookaheadLeft": 89.9911, "car_lcPushy": 0.036, "car_lcSigma": 0.2444, "car_lcSpeedGainRight": 2.5089, "car_lcSublane": 0.2791, "car_sigma": 0.1662, "car_tau_mean": 0.9098, "car_tau_std": 2.5771, "car_v_mean": 22.902, "car_v_std": 10.9157}, "datetime": {"datetime": "2024-08-11 19:36:04", "elapsed": 6835.432491, "delta": 5.420519}}
{"target": -0.3874735628408284, "params": {"bus_acc": 2.7615, "bus_dcc": 1.5867, "bus_lcAssertive": 66.0741, "bus_lcCooperative": 0.8059, "bus_lcLookaheadLeft": 54.8334, "bus_lcPushy": 0.9856, "bus_lcSigma": 0.1628, "bus_lcSpeedGainRight": 4.7636, "bus_lcSublane": 0.3298, "bus_sigma": 0.1881, "bus_tau_mean": 1.931, "bus_tau_std": 2.2556, "bus_v_mean": 15.5191, "bus_v_std": 1.7115, "car_acc": 3.0601, "car_dcc": 3.0752, "car_lcAssertive": 71.4797, "car_lcCooperative": 0.2021, "car_lcLookaheadLeft": 77.3045, "car_lcPushy": 0.3698, "car_lcSigma": 0.9148, "car_lcSpeedGainRight": 2.3756, "car_lcSublane": 0.8472, "car_sigma": 0.5841, "car_tau_mean": 1.1251, "car_tau_std": 3.2335, "car_v_mean": 22.2132, "car_v_std": 14.8118}, "datetime": {"datetime": "2024-08-11 19:36:13", "elapsed": 6844.072642, "delta": 8.640151}}
{"target": -0.4514134060272344, "params": {"bus_acc": 3.9292, "bus_dcc": 2.5467, "bus_lcAssertive": 78.0703, "bus_lcCooperative": 0.0442, "bus_lcLookaheadLeft": 76.0703, "bus_lcPushy": 0.5397, "bus_lcSigma": 0.9268, "bus_lcSpeedGainRight": 0.4255, "bus_lcSublane": 0.0425, "bus_sigma": 0.8389, "bus_tau_mean": 1.682, "bus_tau_std": 2.0218, "bus_v_mean": 16.076, "bus_v_std": 4.5506, "car_acc": 0.644, "car_dcc": 1.1194, "car_lcAssertive": 74.0833, "car_lcCooperative": 0.0851, "car_lcLookaheadLeft": 62.6512, "car_lcPushy": 0.7734, "car_lcSigma": 0.6963, "car_lcSpeedGainRight": 4.5246, "car_lcSublane": 0.7435, "car_sigma": 0.8847, "car_tau_mean": 0.8186, "car_tau_std": 0.7126, "car_v_mean": 23.484, "car_v_std": 10.0224}, "datetime": {"datetime": "2024-08-11 19:36:21", "elapsed": 6852.348651, "delta": 8.276009}}
{"target": -0.3528916163952361, "params": {"bus_acc": 2.2031, "bus_dcc": 3.8803, "bus_lcAssertive": 30.8005, "bus_lcCooperative": 0.2193, "bus_lcLookaheadLeft": 69.5162, "bus_lcPushy": 0.3618, "bus_lcSigma": 0.9649, "bus_lcSpeedGainRight": 4.5353, "bus_lcSublane": 0.9768, "bus_sigma": 0.006, "bus_tau_mean": 2.3435, "bus_tau_std": 9.8603, "bus_v_mean": 24.4301, "bus_v_std": 3.5786, "car_acc": 3.8688, "car_dcc": 3.2444, "car_lcAssertive": 84.4854, "car_lcCooperative": 0.8573, "car_lcLookaheadLeft": 12.0286, "car_lcPushy": 0.7872, "car_lcSigma": 0.3001, "car_lcSpeedGainRight": 3.1407, "car_lcSublane": 0.1177, "car_sigma": 0.1471, "car_tau_mean": 2.4559, "car_tau_std": 5.3713, "car_v_mean": 22.1842, "car_v_std": 10.0067}, "datetime": {"datetime": "2024-08-11 19:36:27", "elapsed": 6858.324422, "delta": 5.975771}}
{"target": -0.4724410666881873, "params": {"bus_acc": 2.0459, "bus_dcc": 1.157, "bus_lcAssertive": 22.1234, "bus_lcCooperative": 0.2028, "bus_lcLookaheadLeft": 65.4999, "bus_lcPushy": 0.08, "bus_lcSigma": 0.796, "bus_lcSpeedGainRight": 1.3402, "bus_lcSublane": 0.7592, "bus_sigma": 0.4923, "bus_tau_mean": 1.076, "bus_tau_std": 3.9717, "bus_v_mean": 20.5478, "bus_v_std": 10.0267, "car_acc": 3.8199, "car_dcc": 3.7746, "car_lcAssertive": 18.1511, "car_lcCooperative": 0.3192, "car_lcLookaheadLeft": 27.7723, "car_lcPushy": 0.4705, "car_lcSigma": 0.0124, "car_lcSpeedGainRight": 4.4997, "car_lcSublane": 0.1587, "car_sigma": 0.7063, "car_tau_mean": 0.8727, "car_tau_std": 2.7308, "car_v_mean": 21.0502, "car_v_std": 2.1073}, "datetime": {"datetime": "2024-08-11 19:36:32", "elapsed": 6862.722275, "delta": 4.397853}}
{"target": -0.27041866291114297, "params": {"bus_acc": 1.2413, "bus_dcc": 0.3111, "bus_lcAssertive": 47.2077, "bus_lcCooperative": 0.6393, "bus_lcLookaheadLeft": 12.0765, "bus_lcPushy": 0.0782, "bus_lcSigma": 0.0482, "bus_lcSpeedGainRight": 4.3553, "bus_lcSublane": 0.6274, "bus_sigma": 0.2381, "bus_tau_mean": 0.8631, "bus_tau_std": 2.4652, "bus_v_mean": 22.7433, "bus_v_std": 3.8531, "car_acc": 0.2982, "car_dcc": 3.5477, "car_lcAssertive": 23.3338, "car_lcCooperative": 0.2376, "car_lcLookaheadLeft": 73.6915, "car_lcPushy": 0.4254, "car_lcSigma": 0.9486, "car_lcSpeedGainRight": 0.1983, "car_lcSublane": 0.1125, "car_sigma": 0.2421, "car_tau_mean": 1.6463, "car_tau_std": 1.634, "car_v_mean": 25.7376, "car_v_std": 7.0282}, "datetime": {"datetime": "2024-08-11 19:36:38", "elapsed": 6868.774981, "delta": 6.052706}}
{"target": -0.4075361933173271, "params": {"bus_acc": 1.0899, "bus_dcc": 3.3636, "bus_lcAssertive": 28.8584, "bus_lcCooperative": 0.0056, "bus_lcLookaheadLeft": 56.2354, "bus_lcPushy": 0.456, "bus_lcSigma": 0.6926, "bus_lcSpeedGainRight": 2.8846, "bus_lcSublane": 0.3613, "bus_sigma": 0.7267, "bus_tau_mean": 1.5521, "bus_tau_std": 0.6794, "bus_v_mean": 8.0617, "bus_v_std": 9.4394, "car_acc": 2.4285, "car_dcc": 0.9726, "car_lcAssertive": 85.7636, "car_lcCooperative": 0.9979, "car_lcLookaheadLeft": 31.5094, "car_lcPushy": 0.0923, "car_lcSigma": 0.4634, "car_lcSpeedGainRight": 1.2331, "car_lcSublane": 0.0155, "car_sigma": 0.8702, "car_tau_mean": 3.2968, "car_tau_std": 6.5207, "car_v_mean": 17.6669, "car_v_std": 5.974}, "datetime": {"datetime": "2024-08-11 19:36:43", "elapsed": 6874.203305, "delta": 5.428324}}
{"target": -0.439262986011897, "params": {"bus_acc": 3.7672, "bus_dcc": 1.3865, "bus_lcAssertive": 33.8732, "bus_lcCooperative": 0.7116, "bus_lcLookaheadLeft": 79.2271, "bus_lcPushy": 0.0036, "bus_lcSigma": 0.8101, "bus_lcSpeedGainRight": 3.932, "bus_lcSublane": 0.1075, "bus_sigma": 0.9147, "bus_tau_mean": 3.9312, "bus_tau_std": 7.1318, "bus_v_mean": 10.764, "bus_v_std": 7.5587, "car_acc": 3.6552, "car_dcc": 0.4644, "car_lcAssertive": 26.3191, "car_lcCooperative": 0.112, "car_lcLookaheadLeft": 5.5126, "car_lcPushy": 0.2235, "car_lcSigma": 0.9023, "car_lcSpeedGainRight": 2.5155, "car_lcSublane": 0.2237, "car_sigma": 0.8444, "car_tau_mean": 1.4507, "car_tau_std": 7.712, "car_v_mean": 13.1535, "car_v_std": 0.7452}, "datetime": {"datetime": "2024-08-11 19:36:48", "elapsed": 6879.084222, "delta": 4.880917}}
{"target": -0.41200317284174864, "params": {"bus_acc": 1.0314, "bus_dcc": 2.3263, "bus_lcAssertive": 51.6563, "bus_lcCooperative": 0.3451, "bus_lcLookaheadLeft": 94.5635, "bus_lcPushy": 0.2239, "bus_lcSigma": 0.7726, "bus_lcSpeedGainRight": 1.7643, "bus_lcSublane": 0.0588, "bus_sigma": 0.1906, "bus_tau_mean": 1.2059, "bus_tau_std": 3.6427, "bus_v_mean": 20.9249, "bus_v_std": 12.2561, "car_acc": 1.2961, "car_dcc": 3.4629, "car_lcAssertive": 24.1333, "car_lcCooperative": 0.6429, "car_lcLookaheadLeft": 72.7181, "car_lcPushy": 0.1739, "car_lcSigma": 0.4821, "car_lcSpeedGainRight": 3.6797, "car_lcSublane": 0.2451, "car_sigma": 0.7942, "car_tau_mean": 2.7615, "car_tau_std": 4.3794, "car_v_mean": 13.9473, "car_v_std": 17.4975}, "datetime": {"datetime": "2024-08-11 19:36:55", "elapsed": 6886.101004, "delta": 7.016782}}
{"target": -0.3751920019021293, "params": {"bus_acc": 2.2919, "bus_dcc": 0.955, "bus_lcAssertive": 32.39, "bus_lcCooperative": 0.1778, "bus_lcLookaheadLeft": 4.8878, "bus_lcPushy": 0.3828, "bus_lcSigma": 0.6479, "bus_lcSpeedGainRight": 0.7516, "bus_lcSublane": 0.6626, "bus_sigma": 0.8005, "bus_tau_mean": 0.8731, "bus_tau_std": 2.3629, "bus_v_mean": 19.3954, "bus_v_std": 9.6954, "car_acc": 3.8796, "car_dcc": 3.0157, "car_lcAssertive": 62.9064, "car_lcCooperative": 0.4834, "car_lcLookaheadLeft": 67.2964, "car_lcPushy": 0.7607, "car_lcSigma": 0.7587, "car_lcSpeedGainRight": 4.3632, "car_lcSublane": 0.8666, "car_sigma": 0.2095, "car_tau_mean": 2.9187, "car_tau_std": 9.5695, "car_v_mean": 17.9963, "car_v_std": 7.4357}, "datetime": {"datetime": "2024-08-11 19:37:03", "elapsed": 6894.080772, "delta": 7.979768}}
{"target": -0.41819173399373905, "params": {"bus_acc": 3.2486, "bus_dcc": 2.5427, "bus_lcAssertive": 46.486, "bus_lcCooperative": 0.6617, "bus_lcLookaheadLeft": 25.3372, "bus_lcPushy": 0.4104, "bus_lcSigma": 0.4097, "bus_lcSpeedGainRight": 3.9018, "bus_lcSublane": 0.1858, "bus_sigma": 0.8114, "bus_tau_mean": 0.5029, "bus_tau_std": 4.1537, "bus_v_mean": 10.7569, "bus_v_std": 12.6135, "car_acc": 2.7021, "car_dcc": 3.5178, "car_lcAssertive": 82.2492, "car_lcCooperative": 0.0461, "car_lcLookaheadLeft": 13.074, "car_lcPushy": 0.8645, "car_lcSigma": 0.4492, "car_lcSpeedGainRight": 2.4613, "car_lcSublane": 0.7485, "car_sigma": 0.1787, "car_tau_mean": 1.8416, "car_tau_std": 5.3977, "car_v_mean": 25.7707, "car_v_std": 5.3341}, "datetime": {"datetime": "2024-08-11 19:37:10", "elapsed": 6901.498069, "delta": 7.417297}}
{"target": -0.4316901898121959, "params": {"bus_acc": 3.3247, "bus_dcc": 1.8514, "bus_lcAssertive": 93.4866, "bus_lcCooperative": 0.7896, "bus_lcLookaheadLeft": 80.1533, "bus_lcPushy": 0.6559, "bus_lcSigma": 0.3371, "bus_lcSpeedGainRight": 2.974, "bus_lcSublane": 0.0406, "bus_sigma": 0.8767, "bus_tau_mean": 3.4719, "bus_tau_std": 3.0094, "bus_v_mean": 21.9662, "bus_v_std": 16.6669, "car_acc": 3.5913, "car_dcc": 3.3761, "car_lcAssertive": 89.8777, "car_lcCooperative": 0.248, "car_lcLookaheadLeft": 42.62, "car_lcPushy": 0.2859, "car_lcSigma": 0.8009, "car_lcSpeedGainRight": 2.0215, "car_lcSublane": 0.7581, "car_sigma": 0.2906, "car_tau_mean": 1.571, "car_tau_std": 4.9262, "car_v_mean": 12.3024, "car_v_std": 17.5568}, "datetime": {"datetime": "2024-08-11 19:37:17", "elapsed": 6908.402231, "delta": 6.904162}}
{"target": -0.3530738907888293, "params": {"bus_acc": 3.7318, "bus_dcc": 2.0377, "bus_lcAssertive": 6.2798, "bus_lcCooperative": 0.5464, "bus_lcLookaheadLeft": 59.0146, "bus_lcPushy": 0.188, "bus_lcSigma": 0.6845, "bus_lcSpeedGainRight": 3.2251, "bus_lcSublane": 0.1727, "bus_sigma": 0.4941, "bus_tau_mean": 3.9996, "bus_tau_std": 9.7624, "bus_v_mean": 20.3475, "bus_v_std": 1.3291, "car_acc": 1.0466, "car_dcc": 3.9547, "car_lcAssertive": 82.9288, "car_lcCooperative": 0.0547, "car_lcLookaheadLeft": 89.1069, "car_lcPushy": 0.8854, "car_lcSigma": 0.8793, "car_lcSpeedGainRight": 1.3021, "car_lcSublane": 0.2274, "car_sigma": 0.9636, "car_tau_mean": 3.645, "car_tau_std": 7.9947, "car_v_mean": 19.3285, "car_v_std": 1.6349}, "datetime": {"datetime": "2024-08-11 19:37:23", "elapsed": 6913.680361, "delta": 5.27813}}
{"target": -0.3722370368992985, "params": {"bus_acc": 1.8972, "bus_dcc": 3.397, "bus_lcAssertive": 66.9122, "bus_lcCooperative": 0.1901, "bus_lcLookaheadLeft": 13.9539, "bus_lcPushy": 0.9241, "bus_lcSigma": 0.754, "bus_lcSpeedGainRight": 4.9534, "bus_lcSublane": 0.374, "bus_sigma": 0.0642, "bus_tau_mean": 1.3109, "bus_tau_std": 6.4471, "bus_v_mean": 18.9271, "bus_v_std": 11.3572, "car_acc": 0.7152, "car_dcc": 3.3657, "car_lcAssertive": 69.0726, "car_lcCooperative": 0.2691, "car_lcLookaheadLeft": 33.4941, "car_lcPushy": 0.1605, "car_lcSigma": 0.3025, "car_lcSpeedGainRight": 2.1734, "car_lcSublane": 0.18, "car_sigma": 0.9836, "car_tau_mean": 1.8984, "car_tau_std": 6.7388, "car_v_mean": 17.9699, "car_v_std": 11.1725}, "datetime": {"datetime": "2024-08-11 19:37:27", "elapsed": 6918.410192, "delta": 4.729831}}
{"target": -0.329181457250658, "params": {"bus_acc": 2.2826, "bus_dcc": 2.0262, "bus_lcAssertive": 71.6594, "bus_lcCooperative": 0.4594, "bus_lcLookaheadLeft": 96.8613, "bus_lcPushy": 0.8514, "bus_lcSigma": 0.9858, "bus_lcSpeedGainRight": 2.2858, "bus_lcSublane": 0.3809, "bus_sigma": 0.3362, "bus_tau_mean": 3.2337, "bus_tau_std": 3.2861, "bus_v_mean": 11.026, "bus_v_std": 3.1321, "car_acc": 0.7659, "car_dcc": 3.762, "car_lcAssertive": 15.731, "car_lcCooperative": 0.5556, "car_lcLookaheadLeft": 61.2306, "car_lcPushy": 0.9262, "car_lcSigma": 0.2279, "car_lcSpeedGainRight": 4.6548, "car_lcSublane": 0.7738, "car_sigma": 0.0066, "car_tau_mean": 1.984, "car_tau_std": 1.6275, "car_v_mean": 19.1716, "car_v_std": 14.4871}, "datetime": {"datetime": "2024-08-11 19:37:36", "elapsed": 6926.996966, "delta": 8.586774}}
{"target": -0.37834499673034233, "params": {"bus_acc": 2.6943, "bus_dcc": 2.4523, "bus_lcAssertive": 49.6065, "bus_lcCooperative": 0.1384, "bus_lcLookaheadLeft": 35.0846, "bus_lcPushy": 0.0387, "bus_lcSigma": 0.905, "bus_lcSpeedGainRight": 0.4976, "bus_lcSublane": 0.948, "bus_sigma": 0.3922, "bus_tau_mean": 0.6388, "bus_tau_std": 5.1751, "bus_v_mean": 18.7615, "bus_v_std": 2.038, "car_acc": 1.1745, "car_dcc": 2.2999, "car_lcAssertive": 88.3588, "car_lcCooperative": 0.4861, "car_lcLookaheadLeft": 12.2116, "car_lcPushy": 0.8575, "car_lcSigma": 0.2664, "car_lcSpeedGainRight": 2.8588, "car_lcSublane": 0.5328, "car_sigma": 0.0778, "car_tau_mean": 2.9087, "car_tau_std": 5.8259, "car_v_mean": 22.149, "car_v_std": 9.5101}, "datetime": {"datetime": "2024-08-11 19:37:45", "elapsed": 6935.743043, "delta": 8.746077}}
