{"target": -0.21833656620852712, "params": {"bus_acc": 3.4396, "bus_dcc": 2.2338, "bus_lcAssertive": 1.5787, "bus_lcCooperative": 0.4043, "bus_lcLookaheadLeft": 60.2332, "bus_lcPushy": 0.0988, "bus_lcSigma": 0.5212, "bus_lcSpeedGainRight": 0.8591, "bus_lcSublane": 0.137, "bus_sigma": 0.4089, "bus_tau_mean": 0.5808, "bus_tau_std": 2.1403, "bus_v_mean": 15.6793, "bus_v_std": 10.5199, "car_acc": 3.4146, "car_dcc": 3.7219, "car_lcAssertive": 5.884, "car_lcCooperative": 0.0758, "car_lcLookaheadLeft": 86.1255, "car_lcPushy": 0.5804, "car_lcSigma": 0.8518, "car_lcSpeedGainRight": 1.022, "car_lcSublane": 0.9844, "car_sigma": 0.1269, "car_tau_mean": 1.0681, "car_tau_std": 8.4925, "car_v_mean": 24.152, "car_v_std": 5.3213}, "datetime": {"datetime": "2024-09-05 11:13:32", "elapsed": 1468.383778, "delta": 14.440484}}
{"target": -0.17607018633759378, "params": {"bus_acc": 0.5644, "bus_dcc": 1.9378, "bus_lcAssertive": 44.2302, "bus_lcCooperative": 0.1931, "bus_lcLookaheadLeft": 95.7752, "bus_lcPushy": 0.714, "bus_lcSigma": 0.4395, "bus_lcSpeedGainRight": 2.3972, "bus_lcSublane": 0.0567, "bus_sigma": 0.3792, "bus_tau_mean": 3.5754, "bus_tau_std": 1.7104, "bus_v_mean": 11.8307, "bus_v_std": 10.6411, "car_acc": 3.6198, "car_dcc": 0.4313, "car_lcAssertive": 49.8777, "car_lcCooperative": 0.5445, "car_lcLookaheadLeft": 94.4047, "car_lcPushy": 0.179, "car_lcSigma": 0.112, "car_lcSpeedGainRight": 0.3962, "car_lcSublane": 0.1027, "car_sigma": 0.8395, "car_tau_mean": 2.3108, "car_tau_std": 8.7715, "car_v_mean": 22.2752, "car_v_std": 18.0194}, "datetime": {"datetime": "2024-09-05 11:13:41", "elapsed": 1477.393511, "delta": 9.009733}}
{"target": -0.6387460112231224, "params": {"bus_acc": 3.68, "bus_dcc": 3.5324, "bus_lcAssertive": 58.2889, "bus_lcCooperative": 0.2357, "bus_lcLookaheadLeft": 96.5216, "bus_lcPushy": 0.1722, "bus_lcSigma": 0.5995, "bus_lcSpeedGainRight": 1.6057, "bus_lcSublane": 0.4287, "bus_sigma": 0.757, "bus_tau_mean": 1.1032, "bus_tau_std": 0.8855, "bus_v_mean": 17.2961, "bus_v_std": 3.172, "car_acc": 1.0168, "car_dcc": 0.8662, "car_lcAssertive": 23.4863, "car_lcCooperative": 0.8877, "car_lcLookaheadLeft": 81.5199, "car_lcPushy": 0.5302, "car_lcSigma": 0.8139, "car_lcSpeedGainRight": 4.0139, "car_lcSublane": 0.2472, "car_sigma": 0.9363, "car_tau_mean": 0.6236, "car_tau_std": 2.0837, "car_v_mean": 9.9741, "car_v_std": 6.5529}, "datetime": {"datetime": "2024-09-05 11:13:48", "elapsed": 1483.671608, "delta": 6.278097}}
{"target": -0.2481185434148184, "params": {"bus_acc": 0.7713, "bus_dcc": 1.4423, "bus_lcAssertive": 42.768, "bus_lcCooperative": 0.6282, "bus_lcLookaheadLeft": 35.2607, "bus_lcPushy": 0.0958, "bus_lcSigma": 0.0977, "bus_lcSpeedGainRight": 2.8981, "bus_lcSublane": 0.6512, "bus_sigma": 0.7225, "bus_tau_mean": 2.3213, "bus_tau_std": 3.557, "bus_v_mean": 19.663, "bus_v_std": 11.0876, "car_acc": 0.5054, "car_dcc": 1.9894, "car_lcAssertive": 48.4973, "car_lcCooperative": 0.5742, "car_lcLookaheadLeft": 78.4327, "car_lcPushy": 0.8054, "car_lcSigma": 0.6701, "car_lcSpeedGainRight": 1.8869, "car_lcSublane": 0.0995, "car_sigma": 0.1267, "car_tau_mean": 2.0626, "car_tau_std": 3.3558, "car_v_mean": 16.7057, "car_v_std": 10.0445}, "datetime": {"datetime": "2024-09-05 11:13:52", "elapsed": 1487.848102, "delta": 4.176494}}
{"target": -0.18620529570114933, "params": {"bus_acc": 0.5499, "bus_dcc": 2.5744, "bus_lcAssertive": 21.415, "bus_lcCooperative": 0.1192, "bus_lcLookaheadLeft": 59.8091, "bus_lcPushy": 0.6186, "bus_lcSigma": 0.533, "bus_lcSpeedGainRight": 4.2097, "bus_lcSublane": 0.9729, "bus_sigma": 0.8454, "bus_tau_mean": 2.5143, "bus_tau_std": 8.3985, "bus_v_mean": 8.9278, "bus_v_std": 13.8083, "car_acc": 2.5987, "car_dcc": 1.607, "car_lcAssertive": 96.8369, "car_lcCooperative": 0.5467, "car_lcLookaheadLeft": 47.513, "car_lcPushy": 0.1331, "car_lcSigma": 0.6108, "car_lcSpeedGainRight": 0.1654, "car_lcSublane": 0.4067, "car_sigma": 0.0315, "car_tau_mean": 2.3239, "car_tau_std": 8.9582, "car_v_mean": 22.9395, "car_v_std": 1.8322}, "datetime": {"datetime": "2024-09-05 11:14:02", "elapsed": 1497.984712, "delta": 10.13661}}
{"target": -0.19481547509886432, "params": {"bus_acc": 1.9465, "bus_dcc": 2.4196, "bus_lcAssertive": 51.0759, "bus_lcCooperative": 0.7194, "bus_lcLookaheadLeft": 43.4247, "bus_lcPushy": 0.3685, "bus_lcSigma": 0.9508, "bus_lcSpeedGainRight": 4.6279, "bus_lcSublane": 0.8111, "bus_sigma": 0.1245, "bus_tau_mean": 2.0566, "bus_tau_std": 2.5422, "bus_v_mean": 16.4556, "bus_v_std": 11.1725, "car_acc": 3.7341, "car_dcc": 0.6547, "car_lcAssertive": 78.1857, "car_lcCooperative": 0.4764, "car_lcLookaheadLeft": 88.7643, "car_lcPushy": 0.4583, "car_lcSigma": 0.6138, "car_lcSpeedGainRight": 1.6315, "car_lcSublane": 0.039, "car_sigma": 0.8362, "car_tau_mean": 0.5988, "car_tau_std": 5.4222, "car_v_mean": 10.6364, "car_v_std": 3.0541}, "datetime": {"datetime": "2024-09-05 11:14:08", "elapsed": 1503.831429, "delta": 5.846717}}
{"target": -0.19115255138133294, "params": {"bus_acc": 1.9673, "bus_dcc": 1.7222, "bus_lcAssertive": 44.9914, "bus_lcCooperative": 0.7225, "bus_lcLookaheadLeft": 21.1168, "bus_lcPushy": 0.5763, "bus_lcSigma": 0.205, "bus_lcSpeedGainRight": 0.6183, "bus_lcSublane": 0.3786, "bus_sigma": 0.5329, "bus_tau_mean": 3.3321, "bus_tau_std": 7.8039, "bus_v_mean": 23.3391, "bus_v_std": 13.307, "car_acc": 3.2154, "car_dcc": 1.9833, "car_lcAssertive": 52.8031, "car_lcCooperative": 0.181, "car_lcLookaheadLeft": 89.9896, "car_lcPushy": 0.1869, "car_lcSigma": 0.5856, "car_lcSpeedGainRight": 0.7478, "car_lcSublane": 0.6352, "car_sigma": 0.4077, "car_tau_mean": 1.1616, "car_tau_std": 3.6588, "car_v_mean": 16.4407, "car_v_std": 9.2739}, "datetime": {"datetime": "2024-09-05 11:14:11", "elapsed": 1506.972837, "delta": 3.141408}}
{"target": -0.16862329520159447, "params": {"bus_acc": 2.7398, "bus_dcc": 0.5751, "bus_lcAssertive": 16.867, "bus_lcCooperative": 0.0217, "bus_lcLookaheadLeft": 32.5921, "bus_lcPushy": 0.7631, "bus_lcSigma": 0.0264, "bus_lcSpeedGainRight": 4.4942, "bus_lcSublane": 0.015, "bus_sigma": 0.1808, "bus_tau_mean": 1.9483, "bus_tau_std": 3.5125, "bus_v_mean": 18.7754, "bus_v_std": 0.6955, "car_acc": 1.9419, "car_dcc": 2.5094, "car_lcAssertive": 50.5435, "car_lcCooperative": 0.4007, "car_lcLookaheadLeft": 12.226, "car_lcPushy": 0.8925, "car_lcSigma": 0.8079, "car_lcSpeedGainRight": 0.0569, "car_lcSublane": 0.9312, "car_sigma": 0.6338, "car_tau_mean": 2.8069, "car_tau_std": 1.9068, "car_v_mean": 12.1141, "car_v_std": 11.1115}, "datetime": {"datetime": "2024-09-05 11:14:12", "elapsed": 1507.952808, "delta": 0.979971}}
{"target": -0.20324359051089333, "params": {"bus_acc": 1.1426, "bus_dcc": 2.7364, "bus_lcAssertive": 6.9134, "bus_lcCooperative": 0.3525, "bus_lcLookaheadLeft": 34.8293, "bus_lcPushy": 0.9321, "bus_lcSigma": 0.2987, "bus_lcSpeedGainRight": 1.946, "bus_lcSublane": 0.3715, "bus_sigma": 0.7064, "bus_tau_mean": 0.8744, "bus_tau_std": 6.8764, "bus_v_mean": 15.34, "bus_v_std": 3.5874, "car_acc": 3.3957, "car_dcc": 0.4574, "car_lcAssertive": 65.2212, "car_lcCooperative": 0.5081, "car_lcLookaheadLeft": 97.7144, "car_lcPushy": 0.43, "car_lcSigma": 0.7065, "car_lcSpeedGainRight": 4.8178, "car_lcSublane": 0.639, "car_sigma": 0.2877, "car_tau_mean": 3.7388, "car_tau_std": 2.9122, "car_v_mean": 14.7483, "car_v_std": 18.7598}, "datetime": {"datetime": "2024-09-05 11:14:16", "elapsed": 1511.653095, "delta": 3.700287}}
{"target": -0.3487020434514059, "params": {"bus_acc": 0.4228, "bus_dcc": 3.0987, "bus_lcAssertive": 89.7942, "bus_lcCooperative": 0.3435, "bus_lcLookaheadLeft": 22.0915, "bus_lcPushy": 0.1168, "bus_lcSigma": 0.4817, "bus_lcSpeedGainRight": 4.1651, "bus_lcSublane": 0.3874, "bus_sigma": 0.9973, "bus_tau_mean": 0.5373, "bus_tau_std": 0.9242, "bus_v_mean": 16.059, "bus_v_std": 9.3009, "car_acc": 0.8026, "car_dcc": 1.5203, "car_lcAssertive": 27.5006, "car_lcCooperative": 0.3598, "car_lcLookaheadLeft": 25.3683, "car_lcPushy": 0.6051, "car_lcSigma": 0.3295, "car_lcSpeedGainRight": 0.6633, "car_lcSublane": 0.8246, "car_sigma": 0.28, "car_tau_mean": 3.9674, "car_tau_std": 1.7699, "car_v_mean": 9.8318, "car_v_std": 14.9895}, "datetime": {"datetime": "2024-09-05 11:14:19", "elapsed": 1514.539946, "delta": 2.886851}}
{"target": -0.8892482238724976, "params": {"bus_acc": 1.8011, "bus_dcc": 0.7767, "bus_lcAssertive": 21.7811, "bus_lcCooperative": 0.1518, "bus_lcLookaheadLeft": 35.0814, "bus_lcPushy": 0.2886, "bus_lcSigma": 0.5104, "bus_lcSpeedGainRight": 2.8449, "bus_lcSublane": 0.0093, "bus_sigma": 0.7771, "bus_tau_mean": 1.4594, "bus_tau_std": 4.9986, "bus_v_mean": 24.7213, "bus_v_std": 10.8808, "car_acc": 0.8508, "car_dcc": 2.7612, "car_lcAssertive": 99.0693, "car_lcCooperative": 0.8075, "car_lcLookaheadLeft": 25.7535, "car_lcPushy": 0.0069, "car_lcSigma": 0.9199, "car_lcSpeedGainRight": 4.3539, "car_lcSublane": 0.7087, "car_sigma": 0.6771, "car_tau_mean": 1.0573, "car_tau_std": 7.8928, "car_v_mean": 23.4841, "car_v_std": 4.5541}, "datetime": {"datetime": "2024-09-05 11:14:46", "elapsed": 1541.598402, "delta": 27.058456}}
{"target": -0.21984792243483028, "params": {"bus_acc": 1.0809, "bus_dcc": 1.9725, "bus_lcAssertive": 91.4035, "bus_lcCooperative": 0.2806, "bus_lcLookaheadLeft": 48.9387, "bus_lcPushy": 0.6378, "bus_lcSigma": 0.9253, "bus_lcSpeedGainRight": 1.6646, "bus_lcSublane": 0.3101, "bus_sigma": 0.4095, "bus_tau_mean": 1.1833, "bus_tau_std": 2.2378, "bus_v_mean": 20.8472, "bus_v_std": 19.7342, "car_acc": 3.8535, "car_dcc": 0.324, "car_lcAssertive": 53.9023, "car_lcCooperative": 0.1222, "car_lcLookaheadLeft": 94.1141, "car_lcPushy": 0.0492, "car_lcSigma": 0.4173, "car_lcSpeedGainRight": 1.4996, "car_lcSublane": 0.3761, "car_sigma": 0.0375, "car_tau_mean": 2.278, "car_tau_std": 6.3917, "car_v_mean": 19.0999, "car_v_std": 18.6089}, "datetime": {"datetime": "2024-09-05 11:14:51", "elapsed": 1547.394918, "delta": 5.796516}}
{"target": -0.229538217077962, "params": {"bus_acc": 0.6935, "bus_dcc": 1.1626, "bus_lcAssertive": 3.1358, "bus_lcCooperative": 0.6297, "bus_lcLookaheadLeft": 6.0645, "bus_lcPushy": 0.4527, "bus_lcSigma": 0.6672, "bus_lcSpeedGainRight": 1.4315, "bus_lcSublane": 0.1839, "bus_sigma": 0.3859, "bus_tau_mean": 3.2832, "bus_tau_std": 2.8143, "bus_v_mean": 9.6123, "bus_v_std": 9.8486, "car_acc": 1.3314, "car_dcc": 3.5749, "car_lcAssertive": 90.1406, "car_lcCooperative": 0.8267, "car_lcLookaheadLeft": 96.281, "car_lcPushy": 0.473, "car_lcSigma": 0.2316, "car_lcSpeedGainRight": 2.8369, "car_lcSublane": 0.2457, "car_sigma": 0.4963, "car_tau_mean": 3.6511, "car_tau_std": 4.4093, "car_v_mean": 25.294, "car_v_std": 1.0262}, "datetime": {"datetime": "2024-09-05 11:15:12", "elapsed": 1568.098412, "delta": 20.703494}}
{"target": -0.18718491506277424, "params": {"bus_acc": 2.8872, "bus_dcc": 0.3199, "bus_lcAssertive": 79.0778, "bus_lcCooperative": 0.6913, "bus_lcLookaheadLeft": 33.8644, "bus_lcPushy": 0.9698, "bus_lcSigma": 0.5441, "bus_lcSpeedGainRight": 2.5778, "bus_lcSublane": 0.4502, "bus_sigma": 0.9803, "bus_tau_mean": 3.1828, "bus_tau_std": 6.5943, "bus_v_mean": 22.7096, "bus_v_std": 6.7793, "car_acc": 3.7296, "car_dcc": 3.2016, "car_lcAssertive": 28.6449, "car_lcCooperative": 0.7338, "car_lcLookaheadLeft": 27.7819, "car_lcPushy": 0.6859, "car_lcSigma": 0.0762, "car_lcSpeedGainRight": 3.8257, "car_lcSublane": 0.8472, "car_sigma": 0.4312, "car_tau_mean": 0.9977, "car_tau_std": 5.9497, "car_v_mean": 9.0295, "car_v_std": 6.1329}, "datetime": {"datetime": "2024-09-05 11:15:34", "elapsed": 1590.055804, "delta": 21.957392}}
{"target": -0.16751917678156783, "params": {"bus_acc": 2.0643, "bus_dcc": 1.1981, "bus_lcAssertive": 99.2988, "bus_lcCooperative": 0.9065, "bus_lcLookaheadLeft": 71.6298, "bus_lcPushy": 0.2766, "bus_lcSigma": 0.7132, "bus_lcSpeedGainRight": 2.972, "bus_lcSublane": 0.9999, "bus_sigma": 0.9226, "bus_tau_mean": 2.8854, "bus_tau_std": 6.816, "bus_v_mean": 10.3274, "bus_v_std": 3.6012, "car_acc": 0.6907, "car_dcc": 0.7964, "car_lcAssertive": 44.5788, "car_lcCooperative": 0.1484, "car_lcLookaheadLeft": 47.4228, "car_lcPushy": 0.3944, "car_lcSigma": 0.4937, "car_lcSpeedGainRight": 2.9781, "car_lcSublane": 0.2488, "car_sigma": 0.7175, "car_tau_mean": 3.6256, "car_tau_std": 4.9105, "car_v_mean": 10.1063, "car_v_std": 4.6849}, "datetime": {"datetime": "2024-09-05 11:15:38", "elapsed": 1594.2239, "delta": 4.168096}}
{"target": -0.17662420454560257, "params": {"bus_acc": 0.5318, "bus_dcc": 0.5163, "bus_lcAssertive": 9.5697, "bus_lcCooperative": 0.178, "bus_lcLookaheadLeft": 82.9364, "bus_lcPushy": 0.8105, "bus_lcSigma": 0.4825, "bus_lcSpeedGainRight": 3.3249, "bus_lcSublane": 0.4719, "bus_sigma": 0.1169, "bus_tau_mean": 3.719, "bus_tau_std": 8.568, "bus_v_mean": 12.2344, "bus_v_std": 2.561, "car_acc": 3.1082, "car_dcc": 1.2278, "car_lcAssertive": 64.2449, "car_lcCooperative": 0.1324, "car_lcLookaheadLeft": 13.3331, "car_lcPushy": 0.1376, "car_lcSigma": 0.6411, "car_lcSpeedGainRight": 1.0821, "car_lcSublane": 0.9109, "car_sigma": 0.3791, "car_tau_mean": 3.3567, "car_tau_std": 9.1948, "car_v_mean": 17.1118, "car_v_std": 19.9934}, "datetime": {"datetime": "2024-09-05 11:15:52", "elapsed": 1607.85813, "delta": 13.63423}}
{"target": -0.18749149862277922, "params": {"bus_acc": 3.0691, "bus_dcc": 3.6855, "bus_lcAssertive": 24.8164, "bus_lcCooperative": 0.6336, "bus_lcLookaheadLeft": 68.8701, "bus_lcPushy": 0.3024, "bus_lcSigma": 0.6454, "bus_lcSpeedGainRight": 3.6803, "bus_lcSublane": 0.4686, "bus_sigma": 0.5961, "bus_tau_mean": 3.4492, "bus_tau_std": 4.648, "bus_v_mean": 22.1044, "bus_v_std": 10.1777, "car_acc": 3.0474, "car_dcc": 1.2568, "car_lcAssertive": 79.0596, "car_lcCooperative": 0.092, "car_lcLookaheadLeft": 19.1106, "car_lcPushy": 0.3901, "car_lcSigma": 0.5912, "car_lcSpeedGainRight": 3.9758, "car_lcSublane": 0.7946, "car_sigma": 0.1863, "car_tau_mean": 0.636, "car_tau_std": 1.832, "car_v_mean": 10.1994, "car_v_std": 0.6105}, "datetime": {"datetime": "2024-09-05 11:15:55", "elapsed": 1610.856114, "delta": 2.997984}}
{"target": -0.18067215207073442, "params": {"bus_acc": 3.4036, "bus_dcc": 1.4612, "bus_lcAssertive": 78.6589, "bus_lcCooperative": 0.6676, "bus_lcLookaheadLeft": 57.6293, "bus_lcPushy": 0.1904, "bus_lcSigma": 0.0664, "bus_lcSpeedGainRight": 0.1414, "bus_lcSublane": 0.0625, "bus_sigma": 0.08, "bus_tau_mean": 3.9669, "bus_tau_std": 6.8323, "bus_v_mean": 10.6313, "bus_v_std": 8.0454, "car_acc": 2.4566, "car_dcc": 2.2243, "car_lcAssertive": 56.8189, "car_lcCooperative": 0.9724, "car_lcLookaheadLeft": 10.4238, "car_lcPushy": 0.9809, "car_lcSigma": 0.0685, "car_lcSpeedGainRight": 2.7273, "car_lcSublane": 0.0442, "car_sigma": 0.2358, "car_tau_mean": 1.8227, "car_tau_std": 9.0989, "car_v_mean": 14.645, "car_v_std": 18.9238}, "datetime": {"datetime": "2024-09-05 11:16:10", "elapsed": 1626.174472, "delta": 15.318358}}
{"target": -0.16965200257922408, "params": {"bus_acc": 3.9638, "bus_dcc": 2.5422, "bus_lcAssertive": 86.849, "bus_lcCooperative": 0.6952, "bus_lcLookaheadLeft": 24.4113, "bus_lcPushy": 0.9013, "bus_lcSigma": 0.0852, "bus_lcSpeedGainRight": 1.3879, "bus_lcSublane": 0.3593, "bus_sigma": 0.3518, "bus_tau_mean": 2.0008, "bus_tau_std": 5.5536, "bus_v_mean": 16.758, "bus_v_std": 19.5435, "car_acc": 3.1869, "car_dcc": 2.8958, "car_lcAssertive": 85.3503, "car_lcCooperative": 0.7842, "car_lcLookaheadLeft": 54.5994, "car_lcPushy": 0.3505, "car_lcSigma": 0.1101, "car_lcSpeedGainRight": 4.8579, "car_lcSublane": 0.6304, "car_sigma": 0.3472, "car_tau_mean": 3.1967, "car_tau_std": 0.5464, "car_v_mean": 23.4407, "car_v_std": 16.7062}, "datetime": {"datetime": "2024-09-05 11:16:12", "elapsed": 1627.623298, "delta": 1.448826}}
{"target": -0.8389337331181276, "params": {"bus_acc": 2.4292, "bus_dcc": 0.605, "bus_lcAssertive": 22.89, "bus_lcCooperative": 0.7656, "bus_lcLookaheadLeft": 51.5756, "bus_lcPushy": 0.8222, "bus_lcSigma": 0.2341, "bus_lcSpeedGainRight": 3.7151, "bus_lcSublane": 0.6222, "bus_sigma": 0.3147, "bus_tau_mean": 3.7297, "bus_tau_std": 2.6899, "bus_v_mean": 22.2771, "bus_v_std": 10.375, "car_acc": 0.3989, "car_dcc": 1.5252, "car_lcAssertive": 99.7835, "car_lcCooperative": 0.5668, "car_lcLookaheadLeft": 30.3425, "car_lcPushy": 0.2399, "car_lcSigma": 0.7451, "car_lcSpeedGainRight": 0.5838, "car_lcSublane": 0.0484, "car_sigma": 0.8918, "car_tau_mean": 1.0573, "car_tau_std": 1.591, "car_v_mean": 9.9068, "car_v_std": 11.8462}, "datetime": {"datetime": "2024-09-05 11:16:14", "elapsed": 1629.576024, "delta": 1.952726}}
{"target": -0.9832617676824751, "params": {"bus_acc": 0.6658, "bus_dcc": 1.9417, "bus_lcAssertive": 61.5866, "bus_lcCooperative": 0.0396, "bus_lcLookaheadLeft": 17.3672, "bus_lcPushy": 0.8803, "bus_lcSigma": 0.4522, "bus_lcSpeedGainRight": 4.1314, "bus_lcSublane": 0.07, "bus_sigma": 0.0954, "bus_tau_mean": 1.832, "bus_tau_std": 2.0322, "bus_v_mean": 9.2864, "bus_v_std": 8.7338, "car_acc": 2.9346, "car_dcc": 0.3424, "car_lcAssertive": 45.1096, "car_lcCooperative": 0.3863, "car_lcLookaheadLeft": 22.8892, "car_lcPushy": 0.355, "car_lcSigma": 0.3557, "car_lcSpeedGainRight": 3.6425, "car_lcSublane": 0.1714, "car_sigma": 0.1426, "car_tau_mean": 2.7178, "car_tau_std": 2.3291, "car_v_mean": 11.3659, "car_v_std": 15.1327}, "datetime": {"datetime": "2024-09-05 11:16:17", "elapsed": 1633.209277, "delta": 3.633253}}
{"target": -0.22187371957475385, "params": {"bus_acc": 0.9653, "bus_dcc": 0.4609, "bus_lcAssertive": 72.8553, "bus_lcCooperative": 0.8018, "bus_lcLookaheadLeft": 16.3868, "bus_lcPushy": 0.8308, "bus_lcSigma": 0.4308, "bus_lcSpeedGainRight": 0.8344, "bus_lcSublane": 0.1799, "bus_sigma": 0.511, "bus_tau_mean": 1.3791, "bus_tau_std": 2.1014, "bus_v_mean": 23.2397, "bus_v_std": 4.7479, "car_acc": 0.6642, "car_dcc": 3.603, "car_lcAssertive": 21.3981, "car_lcCooperative": 0.9159, "car_lcLookaheadLeft": 46.1616, "car_lcPushy": 0.3291, "car_lcSigma": 0.2263, "car_lcSpeedGainRight": 2.5672, "car_lcSublane": 0.4834, "car_sigma": 0.907, "car_tau_mean": 0.6628, "car_tau_std": 4.818, "car_v_mean": 23.8558, "car_v_std": 0.595}, "datetime": {"datetime": "2024-09-05 11:16:39", "elapsed": 1654.677468, "delta": 21.468191}}
{"target": -0.22847986825563407, "params": {"bus_acc": 3.0453, "bus_dcc": 1.0553, "bus_lcAssertive": 27.3855, "bus_lcCooperative": 0.1144, "bus_lcLookaheadLeft": 2.4621, "bus_lcPushy": 0.5267, "bus_lcSigma": 0.7898, "bus_lcSpeedGainRight": 3.4287, "bus_lcSublane": 0.3679, "bus_sigma": 0.2809, "bus_tau_mean": 2.785, "bus_tau_std": 2.5391, "bus_v_mean": 11.1, "bus_v_std": 19.992, "car_acc": 3.583, "car_dcc": 2.2595, "car_lcAssertive": 42.2256, "car_lcCooperative": 0.61, "car_lcLookaheadLeft": 17.8752, "car_lcPushy": 0.7171, "car_lcSigma": 0.1833, "car_lcSpeedGainRight": 0.233, "car_lcSublane": 0.5431, "car_sigma": 0.5196, "car_tau_mean": 3.1163, "car_tau_std": 0.886, "car_v_mean": 13.012, "car_v_std": 5.9302}, "datetime": {"datetime": "2024-09-05 11:16:42", "elapsed": 1658.114273, "delta": 3.436805}}
{"target": -0.2224451525728296, "params": {"bus_acc": 2.1176, "bus_dcc": 3.2734, "bus_lcAssertive": 52.3127, "bus_lcCooperative": 0.6127, "bus_lcLookaheadLeft": 36.6747, "bus_lcPushy": 0.4523, "bus_lcSigma": 0.4503, "bus_lcSpeedGainRight": 2.5491, "bus_lcSublane": 0.8718, "bus_sigma": 0.8232, "bus_tau_mean": 0.6936, "bus_tau_std": 0.6541, "bus_v_mean": 9.0347, "bus_v_std": 11.9492, "car_acc": 0.7618, "car_dcc": 2.1501, "car_lcAssertive": 81.5233, "car_lcCooperative": 0.7706, "car_lcLookaheadLeft": 69.6446, "car_lcPushy": 0.9558, "car_lcSigma": 0.0888, "car_lcSpeedGainRight": 2.7949, "car_lcSublane": 0.3614, "car_sigma": 0.2342, "car_tau_mean": 1.2027, "car_tau_std": 5.5101, "car_v_mean": 11.939, "car_v_std": 0.4542}, "datetime": {"datetime": "2024-09-05 11:16:53", "elapsed": 1668.733767, "delta": 10.619494}}
{"target": -0.18952178125180263, "params": {"bus_acc": 1.2007, "bus_dcc": 3.3375, "bus_lcAssertive": 93.3134, "bus_lcCooperative": 0.842, "bus_lcLookaheadLeft": 82.9173, "bus_lcPushy": 0.7736, "bus_lcSigma": 0.4108, "bus_lcSpeedGainRight": 3.4565, "bus_lcSublane": 0.879, "bus_sigma": 0.6876, "bus_tau_mean": 3.0793, "bus_tau_std": 6.8829, "bus_v_mean": 16.525, "bus_v_std": 8.5419, "car_acc": 0.5551, "car_dcc": 1.2974, "car_lcAssertive": 66.8772, "car_lcCooperative": 0.9115, "car_lcLookaheadLeft": 50.3276, "car_lcPushy": 0.3663, "car_lcSigma": 0.5032, "car_lcSpeedGainRight": 0.7376, "car_lcSublane": 0.2329, "car_sigma": 0.4828, "car_tau_mean": 2.8361, "car_tau_std": 1.5122, "car_v_mean": 14.4534, "car_v_std": 2.3}, "datetime": {"datetime": "2024-09-05 11:16:55", "elapsed": 1671.309283, "delta": 2.575516}}
{"target": -0.1754614937930821, "params": {"bus_acc": 2.6774, "bus_dcc": 3.7314, "bus_lcAssertive": 81.4509, "bus_lcCooperative": 0.9861, "bus_lcLookaheadLeft": 97.6226, "bus_lcPushy": 0.6969, "bus_lcSigma": 0.8136, "bus_lcSpeedGainRight": 4.3699, "bus_lcSublane": 0.6469, "bus_sigma": 0.1627, "bus_tau_mean": 0.724, "bus_tau_std": 6.8641, "bus_v_mean": 24.4863, "bus_v_std": 14.1845, "car_acc": 3.9574, "car_dcc": 3.3896, "car_lcAssertive": 83.227, "car_lcCooperative": 0.1563, "car_lcLookaheadLeft": 66.3361, "car_lcPushy": 0.1028, "car_lcSigma": 0.1547, "car_lcSpeedGainRight": 4.1921, "car_lcSublane": 0.1838, "car_sigma": 0.1085, "car_tau_mean": 2.4822, "car_tau_std": 8.3839, "car_v_mean": 8.0412, "car_v_std": 2.5591}, "datetime": {"datetime": "2024-09-05 11:16:57", "elapsed": 1673.038485, "delta": 1.729202}}
