{"target": -0.20379270906660585, "params": {"bus_acc": 0.3938, "bus_dcc": 1.8577, "bus_lcAssertive": 87.4269, "bus_lcCooperative": 0.1511, "bus_lcLookaheadLeft": 99.756, "bus_lcPushy": 0.7107, "bus_lcSigma": 0.6118, "bus_lcSpeedGainRight": 4.6034, "bus_lcSublane": 0.4814, "bus_sigma": 0.7503, "bus_tau_mean": 0.5684, "bus_tau_std": 5.392, "bus_v_mean": 24.4393, "bus_v_std": 12.567, "car_acc": 0.667, "car_dcc": 0.7698, "car_lcAssertive": 41.9955, "car_lcCooperative": 0.7343, "car_lcLookaheadLeft": 76.0278, "car_lcPushy": 0.3569, "car_lcSigma": 0.4176, "car_lcSpeedGainRight": 1.1038, "car_lcSublane": 0.4949, "car_sigma": 0.1046, "car_tau_mean": 3.4865, "car_tau_std": 8.4735, "car_v_mean": 18.9127, "car_v_std": 16.5946}, "datetime": {"datetime": "2024-09-05 12:10:54", "elapsed": 4909.541488, "delta": 14.254384}}
{"target": -0.2211091295124332, "params": {"bus_acc": 3.0662, "bus_dcc": 3.0999, "bus_lcAssertive": 69.5562, "bus_lcCooperative": 0.7444, "bus_lcLookaheadLeft": 13.844, "bus_lcPushy": 0.6841, "bus_lcSigma": 0.7966, "bus_lcSpeedGainRight": 0.6359, "bus_lcSublane": 0.6026, "bus_sigma": 0.2084, "bus_tau_mean": 0.8353, "bus_tau_std": 1.5582, "bus_v_mean": 13.0679, "bus_v_std": 10.7958, "car_acc": 3.9062, "car_dcc": 2.3253, "car_lcAssertive": 1.1989, "car_lcCooperative": 0.3527, "car_lcLookaheadLeft": 74.4804, "car_lcPushy": 0.9193, "car_lcSigma": 0.7, "car_lcSpeedGainRight": 2.2318, "car_lcSublane": 0.1985, "car_sigma": 0.0751, "car_tau_mean": 2.4578, "car_tau_std": 2.9359, "car_v_mean": 25.8511, "car_v_std": 16.4639}, "datetime": {"datetime": "2024-09-05 12:10:57", "elapsed": 4913.111387, "delta": 3.569899}}
{"target": -0.1730897913778118, "params": {"bus_acc": 3.0033, "bus_dcc": 2.5066, "bus_lcAssertive": 11.151, "bus_lcCooperative": 0.0926, "bus_lcLookaheadLeft": 96.6072, "bus_lcPushy": 0.8646, "bus_lcSigma": 0.0171, "bus_lcSpeedGainRight": 2.2657, "bus_lcSublane": 0.437, "bus_sigma": 0.2699, "bus_tau_mean": 0.7178, "bus_tau_std": 6.1214, "bus_v_mean": 15.0206, "bus_v_std": 8.825, "car_acc": 2.548, "car_dcc": 3.9946, "car_lcAssertive": 40.4314, "car_lcCooperative": 0.7934, "car_lcLookaheadLeft": 85.2022, "car_lcPushy": 0.6382, "car_lcSigma": 0.3037, "car_lcSpeedGainRight": 1.7576, "car_lcSublane": 0.3481, "car_sigma": 0.4624, "car_tau_mean": 0.5219, "car_tau_std": 6.6953, "car_v_mean": 12.1124, "car_v_std": 19.0604}, "datetime": {"datetime": "2024-09-05 12:11:27", "elapsed": 4942.598112, "delta": 29.486725}}
{"target": -0.8260446243363248, "params": {"bus_acc": 1.6152, "bus_dcc": 0.4659, "bus_lcAssertive": 87.7221, "bus_lcCooperative": 0.3138, "bus_lcLookaheadLeft": 33.7026, "bus_lcPushy": 0.232, "bus_lcSigma": 0.5337, "bus_lcSpeedGainRight": 3.9329, "bus_lcSublane": 0.5555, "bus_sigma": 0.933, "bus_tau_mean": 2.293, "bus_tau_std": 1.5714, "bus_v_mean": 16.5193, "bus_v_std": 9.8997, "car_acc": 1.5373, "car_dcc": 2.307, "car_lcAssertive": 11.4128, "car_lcCooperative": 0.4112, "car_lcLookaheadLeft": 71.2158, "car_lcPushy": 0.1844, "car_lcSigma": 0.9905, "car_lcSpeedGainRight": 2.4707, "car_lcSublane": 0.0109, "car_sigma": 0.5682, "car_tau_mean": 2.7048, "car_tau_std": 0.5386, "car_v_mean": 14.0478, "car_v_std": 8.3456}, "datetime": {"datetime": "2024-09-05 12:11:33", "elapsed": 4948.522619, "delta": 5.924507}}
{"target": -0.1905610346462595, "params": {"bus_acc": 1.9209, "bus_dcc": 0.4617, "bus_lcAssertive": 66.9277, "bus_lcCooperative": 0.8597, "bus_lcLookaheadLeft": 12.0021, "bus_lcPushy": 0.7152, "bus_lcSigma": 0.546, "bus_lcSpeedGainRight": 4.4418, "bus_lcSublane": 0.4468, "bus_sigma": 0.1949, "bus_tau_mean": 2.6164, "bus_tau_std": 2.7072, "bus_v_mean": 9.0197, "bus_v_std": 9.1417, "car_acc": 1.5804, "car_dcc": 0.8956, "car_lcAssertive": 87.1079, "car_lcCooperative": 0.7054, "car_lcLookaheadLeft": 4.4872, "car_lcPushy": 0.869, "car_lcSigma": 0.9994, "car_lcSpeedGainRight": 4.3212, "car_lcSublane": 0.7347, "car_sigma": 0.8544, "car_tau_mean": 3.7148, "car_tau_std": 1.6547, "car_v_mean": 10.3973, "car_v_std": 16.2747}, "datetime": {"datetime": "2024-09-05 12:11:37", "elapsed": 4953.031265, "delta": 4.508646}}
{"target": -0.22141019878434623, "params": {"bus_acc": 1.5282, "bus_dcc": 3.1219, "bus_lcAssertive": 12.9861, "bus_lcCooperative": 0.2214, "bus_lcLookaheadLeft": 25.5103, "bus_lcPushy": 0.4667, "bus_lcSigma": 0.1974, "bus_lcSpeedGainRight": 3.9939, "bus_lcSublane": 0.8406, "bus_sigma": 0.8059, "bus_tau_mean": 1.583, "bus_tau_std": 5.4759, "bus_v_mean": 8.9939, "bus_v_std": 16.1857, "car_acc": 1.0222, "car_dcc": 1.4602, "car_lcAssertive": 53.9577, "car_lcCooperative": 0.8454, "car_lcLookaheadLeft": 87.9848, "car_lcPushy": 0.1294, "car_lcSigma": 0.0596, "car_lcSpeedGainRight": 1.6239, "car_lcSublane": 0.3243, "car_sigma": 0.8103, "car_tau_mean": 3.6684, "car_tau_std": 6.5795, "car_v_mean": 25.1433, "car_v_std": 19.9294}, "datetime": {"datetime": "2024-09-05 12:11:40", "elapsed": 4955.954175, "delta": 2.92291}}
{"target": -0.18828932154657518, "params": {"bus_acc": 0.5206, "bus_dcc": 0.3755, "bus_lcAssertive": 83.568, "bus_lcCooperative": 0.5978, "bus_lcLookaheadLeft": 33.9086, "bus_lcPushy": 0.5867, "bus_lcSigma": 0.8924, "bus_lcSpeedGainRight": 4.3021, "bus_lcSublane": 0.4768, "bus_sigma": 0.378, "bus_tau_mean": 3.6515, "bus_tau_std": 2.6338, "bus_v_mean": 25.3311, "bus_v_std": 3.5023, "car_acc": 3.4018, "car_dcc": 2.9383, "car_lcAssertive": 15.2254, "car_lcCooperative": 0.5551, "car_lcLookaheadLeft": 11.7764, "car_lcPushy": 0.1614, "car_lcSigma": 0.1224, "car_lcSpeedGainRight": 1.1415, "car_lcSublane": 0.0272, "car_sigma": 0.8774, "car_tau_mean": 3.7462, "car_tau_std": 1.6561, "car_v_mean": 15.9169, "car_v_std": 7.9454}, "datetime": {"datetime": "2024-09-05 12:11:51", "elapsed": 4966.489539, "delta": 10.535364}}
{"target": -0.29677997784318716, "params": {"bus_acc": 1.88, "bus_dcc": 0.8202, "bus_lcAssertive": 60.6899, "bus_lcCooperative": 0.7957, "bus_lcLookaheadLeft": 73.8347, "bus_lcPushy": 0.5334, "bus_lcSigma": 0.4924, "bus_lcSpeedGainRight": 2.8984, "bus_lcSublane": 0.9503, "bus_sigma": 0.0315, "bus_tau_mean": 2.4032, "bus_tau_std": 8.357, "bus_v_mean": 17.2728, "bus_v_std": 10.2963, "car_acc": 0.3835, "car_dcc": 2.2214, "car_lcAssertive": 21.1822, "car_lcCooperative": 0.1477, "car_lcLookaheadLeft": 93.0008, "car_lcPushy": 0.4593, "car_lcSigma": 0.9322, "car_lcSpeedGainRight": 2.8141, "car_lcSublane": 0.1962, "car_sigma": 0.9753, "car_tau_mean": 3.8865, "car_tau_std": 6.5848, "car_v_mean": 16.2517, "car_v_std": 13.9402}, "datetime": {"datetime": "2024-09-05 12:11:56", "elapsed": 4971.661336, "delta": 5.171797}}
{"target": -0.18301709538213418, "params": {"bus_acc": 1.2676, "bus_dcc": 1.1258, "bus_lcAssertive": 87.215, "bus_lcCooperative": 0.395, "bus_lcLookaheadLeft": 22.0822, "bus_lcPushy": 0.8149, "bus_lcSigma": 0.6759, "bus_lcSpeedGainRight": 4.807, "bus_lcSublane": 0.0235, "bus_sigma": 0.4278, "bus_tau_mean": 2.5914, "bus_tau_std": 0.0422, "bus_v_mean": 14.8417, "bus_v_std": 4.5573, "car_acc": 2.1017, "car_dcc": 1.5268, "car_lcAssertive": 69.8633, "car_lcCooperative": 0.2338, "car_lcLookaheadLeft": 97.0995, "car_lcPushy": 0.0301, "car_lcSigma": 0.5119, "car_lcSpeedGainRight": 2.5471, "car_lcSublane": 0.4683, "car_sigma": 0.0171, "car_tau_mean": 3.5, "car_tau_std": 4.4097, "car_v_mean": 13.1905, "car_v_std": 15.6185}, "datetime": {"datetime": "2024-09-05 12:12:00", "elapsed": 4976.348042, "delta": 4.686706}}
{"target": -0.21702142503994556, "params": {"bus_acc": 2.207, "bus_dcc": 2.3203, "bus_lcAssertive": 12.3605, "bus_lcCooperative": 0.4874, "bus_lcLookaheadLeft": 45.7928, "bus_lcPushy": 0.0338, "bus_lcSigma": 0.3438, "bus_lcSpeedGainRight": 3.8506, "bus_lcSublane": 0.8423, "bus_sigma": 0.0856, "bus_tau_mean": 2.0509, "bus_tau_std": 9.3127, "bus_v_mean": 15.4737, "bus_v_std": 8.763, "car_acc": 0.8497, "car_dcc": 3.5263, "car_lcAssertive": 22.4074, "car_lcCooperative": 0.8445, "car_lcLookaheadLeft": 17.4013, "car_lcPushy": 0.7643, "car_lcSigma": 0.2989, "car_lcSpeedGainRight": 1.4538, "car_lcSublane": 0.1668, "car_sigma": 0.0551, "car_tau_mean": 2.6903, "car_tau_std": 2.6922, "car_v_mean": 24.4453, "car_v_std": 1.573}, "datetime": {"datetime": "2024-09-05 12:12:13", "elapsed": 4989.383588, "delta": 13.035546}}
{"target": -0.2099535253229876, "params": {"bus_acc": 3.0678, "bus_dcc": 2.94, "bus_lcAssertive": 45.3792, "bus_lcCooperative": 0.452, "bus_lcLookaheadLeft": 32.3024, "bus_lcPushy": 0.2793, "bus_lcSigma": 0.6069, "bus_lcSpeedGainRight": 3.0147, "bus_lcSublane": 0.5893, "bus_sigma": 0.008, "bus_tau_mean": 2.0676, "bus_tau_std": 8.8718, "bus_v_mean": 8.2944, "bus_v_std": 7.1415, "car_acc": 1.5079, "car_dcc": 0.4687, "car_lcAssertive": 45.8696, "car_lcCooperative": 0.7994, "car_lcLookaheadLeft": 43.0298, "car_lcPushy": 0.7178, "car_lcSigma": 0.1538, "car_lcSpeedGainRight": 3.1022, "car_lcSublane": 0.678, "car_sigma": 0.8293, "car_tau_mean": 1.7427, "car_tau_std": 7.5858, "car_v_mean": 23.1416, "car_v_std": 13.3207}, "datetime": {"datetime": "2024-09-05 12:12:19", "elapsed": 4995.054587, "delta": 5.670999}}
{"target": -0.2772477104103304, "params": {"bus_acc": 2.6704, "bus_dcc": 3.7047, "bus_lcAssertive": 1.9908, "bus_lcCooperative": 0.5703, "bus_lcLookaheadLeft": 87.0906, "bus_lcPushy": 0.3083, "bus_lcSigma": 0.9592, "bus_lcSpeedGainRight": 4.1819, "bus_lcSublane": 0.9465, "bus_sigma": 0.0527, "bus_tau_mean": 2.5824, "bus_tau_std": 4.8467, "bus_v_mean": 18.764, "bus_v_std": 11.5441, "car_acc": 3.7902, "car_dcc": 0.6714, "car_lcAssertive": 69.4906, "car_lcCooperative": 0.1168, "car_lcLookaheadLeft": 6.8323, "car_lcPushy": 0.4915, "car_lcSigma": 0.3332, "car_lcSpeedGainRight": 4.627, "car_lcSublane": 0.6895, "car_sigma": 0.192, "car_tau_mean": 1.2056, "car_tau_std": 6.9624, "car_v_mean": 24.5618, "car_v_std": 5.6241}, "datetime": {"datetime": "2024-09-05 12:12:24", "elapsed": 4999.901433, "delta": 4.846846}}
{"target": -0.1999027532464851, "params": {"bus_acc": 2.5971, "bus_dcc": 2.7121, "bus_lcAssertive": 70.1263, "bus_lcCooperative": 0.6368, "bus_lcLookaheadLeft": 65.3192, "bus_lcPushy": 0.5121, "bus_lcSigma": 0.3375, "bus_lcSpeedGainRight": 2.3606, "bus_lcSublane": 0.3788, "bus_sigma": 0.5087, "bus_tau_mean": 2.1428, "bus_tau_std": 5.2073, "bus_v_mean": 18.798, "bus_v_std": 3.8913, "car_acc": 2.8912, "car_dcc": 1.5485, "car_lcAssertive": 79.4429, "car_lcCooperative": 0.5555, "car_lcLookaheadLeft": 45.5328, "car_lcPushy": 0.4196, "car_lcSigma": 0.9198, "car_lcSpeedGainRight": 3.6417, "car_lcSublane": 0.0029, "car_sigma": 0.5135, "car_tau_mean": 2.8684, "car_tau_std": 7.1636, "car_v_mean": 14.7785, "car_v_std": 14.1236}, "datetime": {"datetime": "2024-09-05 12:12:30", "elapsed": 5005.766144, "delta": 5.864711}}
{"target": -0.1888263356673662, "params": {"bus_acc": 1.546, "bus_dcc": 2.715, "bus_lcAssertive": 23.8554, "bus_lcCooperative": 0.8626, "bus_lcLookaheadLeft": 65.6698, "bus_lcPushy": 0.704, "bus_lcSigma": 0.1973, "bus_lcSpeedGainRight": 1.2563, "bus_lcSublane": 0.8675, "bus_sigma": 0.8866, "bus_tau_mean": 3.8093, "bus_tau_std": 7.3556, "bus_v_mean": 23.2084, "bus_v_std": 6.2475, "car_acc": 3.5028, "car_dcc": 1.0862, "car_lcAssertive": 45.1111, "car_lcCooperative": 0.3305, "car_lcLookaheadLeft": 49.0796, "car_lcPushy": 0.3533, "car_lcSigma": 0.8237, "car_lcSpeedGainRight": 3.6043, "car_lcSublane": 0.3531, "car_sigma": 0.4359, "car_tau_mean": 3.3208, "car_tau_std": 7.6501, "car_v_mean": 16.1327, "car_v_std": 11.6285}, "datetime": {"datetime": "2024-09-05 12:12:40", "elapsed": 5016.205647, "delta": 10.439503}}
{"target": -0.6425946500358615, "params": {"bus_acc": 3.7436, "bus_dcc": 0.8432, "bus_lcAssertive": 33.0094, "bus_lcCooperative": 0.8623, "bus_lcLookaheadLeft": 59.174, "bus_lcPushy": 0.1931, "bus_lcSigma": 0.9154, "bus_lcSpeedGainRight": 3.8271, "bus_lcSublane": 0.1554, "bus_sigma": 0.4932, "bus_tau_mean": 3.0451, "bus_tau_std": 7.8564, "bus_v_mean": 9.1338, "bus_v_std": 8.0001, "car_acc": 0.3636, "car_dcc": 1.2425, "car_lcAssertive": 36.4652, "car_lcCooperative": 0.6362, "car_lcLookaheadLeft": 96.8009, "car_lcPushy": 0.7709, "car_lcSigma": 0.7204, "car_lcSpeedGainRight": 4.7001, "car_lcSublane": 0.0374, "car_sigma": 0.9621, "car_tau_mean": 3.8033, "car_tau_std": 5.1161, "car_v_mean": 9.4773, "car_v_std": 17.394}, "datetime": {"datetime": "2024-09-05 12:13:08", "elapsed": 5044.143179, "delta": 27.937532}}
{"target": -0.18070811223090702, "params": {"bus_acc": 3.3453, "bus_dcc": 2.8403, "bus_lcAssertive": 36.0321, "bus_lcCooperative": 0.2633, "bus_lcLookaheadLeft": 49.8122, "bus_lcPushy": 0.0817, "bus_lcSigma": 0.3286, "bus_lcSpeedGainRight": 3.5967, "bus_lcSublane": 0.5333, "bus_sigma": 0.6035, "bus_tau_mean": 2.7344, "bus_tau_std": 8.0114, "bus_v_mean": 14.2461, "bus_v_std": 9.5252, "car_acc": 3.7843, "car_dcc": 2.1588, "car_lcAssertive": 63.0441, "car_lcCooperative": 0.9892, "car_lcLookaheadLeft": 37.6576, "car_lcPushy": 0.3037, "car_lcSigma": 0.6582, "car_lcSpeedGainRight": 1.543, "car_lcSublane": 0.593, "car_sigma": 0.6537, "car_tau_mean": 2.4785, "car_tau_std": 0.4891, "car_v_mean": 25.5135, "car_v_std": 15.6386}, "datetime": {"datetime": "2024-09-05 12:13:17", "elapsed": 5052.911769, "delta": 8.76859}}
{"target": -0.1762256013221034, "params": {"bus_acc": 2.0978, "bus_dcc": 1.8954, "bus_lcAssertive": 20.1391, "bus_lcCooperative": 0.5413, "bus_lcLookaheadLeft": 17.6681, "bus_lcPushy": 0.3898, "bus_lcSigma": 0.2644, "bus_lcSpeedGainRight": 2.5267, "bus_lcSublane": 0.1082, "bus_sigma": 0.6809, "bus_tau_mean": 3.8773, "bus_tau_std": 8.8787, "bus_v_mean": 9.5462, "bus_v_std": 3.0899, "car_acc": 3.397, "car_dcc": 2.0511, "car_lcAssertive": 51.9357, "car_lcCooperative": 0.4124, "car_lcLookaheadLeft": 16.9057, "car_lcPushy": 0.306, "car_lcSigma": 0.4037, "car_lcSpeedGainRight": 4.8605, "car_lcSublane": 0.0318, "car_sigma": 0.3799, "car_tau_mean": 2.4274, "car_tau_std": 6.3001, "car_v_mean": 21.7674, "car_v_std": 18.5173}, "datetime": {"datetime": "2024-09-05 12:13:42", "elapsed": 5077.519767, "delta": 24.607998}}
{"target": -0.15725059088698243, "params": {"bus_acc": 1.4515, "bus_dcc": 0.9541, "bus_lcAssertive": 2.2842, "bus_lcCooperative": 0.1479, "bus_lcLookaheadLeft": 90.2495, "bus_lcPushy": 0.5244, "bus_lcSigma": 0.2079, "bus_lcSpeedGainRight": 1.279, "bus_lcSublane": 0.6975, "bus_sigma": 0.3578, "bus_tau_mean": 1.6695, "bus_tau_std": 6.0759, "bus_v_mean": 19.4515, "bus_v_std": 9.4282, "car_acc": 1.5574, "car_dcc": 3.8234, "car_lcAssertive": 54.231, "car_lcCooperative": 0.66, "car_lcLookaheadLeft": 70.7176, "car_lcPushy": 0.1217, "car_lcSigma": 0.6687, "car_lcSpeedGainRight": 4.9678, "car_lcSublane": 0.8193, "car_sigma": 0.4504, "car_tau_mean": 2.4095, "car_tau_std": 0.792, "car_v_mean": 9.8655, "car_v_std": 0.6732}, "datetime": {"datetime": "2024-09-05 12:13:48", "elapsed": 5083.491116, "delta": 5.971349}}
{"target": -0.8982604534297223, "params": {"bus_acc": 1.064, "bus_dcc": 0.4211, "bus_lcAssertive": 22.4899, "bus_lcCooperative": 0.6931, "bus_lcLookaheadLeft": 13.8243, "bus_lcPushy": 0.6251, "bus_lcSigma": 0.1036, "bus_lcSpeedGainRight": 1.604, "bus_lcSublane": 0.9378, "bus_sigma": 0.0437, "bus_tau_mean": 0.9871, "bus_tau_std": 5.0235, "bus_v_mean": 23.1615, "bus_v_std": 13.616, "car_acc": 0.4109, "car_dcc": 0.6934, "car_lcAssertive": 14.3459, "car_lcCooperative": 0.6849, "car_lcLookaheadLeft": 67.4907, "car_lcPushy": 0.4128, "car_lcSigma": 0.4608, "car_lcSpeedGainRight": 2.6219, "car_lcSublane": 0.0599, "car_sigma": 0.9099, "car_tau_mean": 3.3828, "car_tau_std": 6.2118, "car_v_mean": 19.0232, "car_v_std": 1.9899}, "datetime": {"datetime": "2024-09-05 12:13:51", "elapsed": 5087.259352, "delta": 3.768236}}
{"target": -0.22364122065296624, "params": {"bus_acc": 0.6034, "bus_dcc": 3.4018, "bus_lcAssertive": 56.2518, "bus_lcCooperative": 0.1933, "bus_lcLookaheadLeft": 61.6323, "bus_lcPushy": 0.8468, "bus_lcSigma": 0.2306, "bus_lcSpeedGainRight": 0.7558, "bus_lcSublane": 0.5754, "bus_sigma": 0.2742, "bus_tau_mean": 0.9552, "bus_tau_std": 1.914, "bus_v_mean": 18.525, "bus_v_std": 2.9726, "car_acc": 3.0025, "car_dcc": 2.7241, "car_lcAssertive": 73.9662, "car_lcCooperative": 0.411, "car_lcLookaheadLeft": 32.2331, "car_lcPushy": 0.4936, "car_lcSigma": 0.9687, "car_lcSpeedGainRight": 3.8773, "car_lcSublane": 0.9808, "car_sigma": 0.4655, "car_tau_mean": 3.5247, "car_tau_std": 5.332, "car_v_mean": 16.0119, "car_v_std": 9.4269}, "datetime": {"datetime": "2024-09-05 12:14:02", "elapsed": 5097.969307, "delta": 10.709955}}
{"target": -0.18379299535321758, "params": {"bus_acc": 2.8765, "bus_dcc": 3.6832, "bus_lcAssertive": 26.2788, "bus_lcCooperative": 0.3234, "bus_lcLookaheadLeft": 90.632, "bus_lcPushy": 0.538, "bus_lcSigma": 0.8259, "bus_lcSpeedGainRight": 3.4666, "bus_lcSublane": 0.5354, "bus_sigma": 0.5624, "bus_tau_mean": 2.4223, "bus_tau_std": 6.0952, "bus_v_mean": 9.5313, "bus_v_std": 9.4636, "car_acc": 1.3318, "car_dcc": 2.225, "car_lcAssertive": 82.2684, "car_lcCooperative": 0.6911, "car_lcLookaheadLeft": 33.3205, "car_lcPushy": 0.7208, "car_lcSigma": 0.4133, "car_lcSpeedGainRight": 1.8296, "car_lcSublane": 0.7742, "car_sigma": 0.7591, "car_tau_mean": 2.934, "car_tau_std": 5.1543, "car_v_mean": 10.5929, "car_v_std": 4.5921}, "datetime": {"datetime": "2024-09-05 12:14:18", "elapsed": 5113.759167, "delta": 15.78986}}
{"target": -0.20303584948881126, "params": {"bus_acc": 2.2716, "bus_dcc": 2.1846, "bus_lcAssertive": 69.8475, "bus_lcCooperative": 0.5321, "bus_lcLookaheadLeft": 4.3051, "bus_lcPushy": 0.0741, "bus_lcSigma": 0.6907, "bus_lcSpeedGainRight": 3.3363, "bus_lcSublane": 0.7235, "bus_sigma": 0.7596, "bus_tau_mean": 1.7939, "bus_tau_std": 7.5812, "bus_v_mean": 14.8345, "bus_v_std": 8.1035, "car_acc": 1.5823, "car_dcc": 1.1046, "car_lcAssertive": 31.1666, "car_lcCooperative": 0.7722, "car_lcLookaheadLeft": 12.9365, "car_lcPushy": 0.4592, "car_lcSigma": 0.2028, "car_lcSpeedGainRight": 4.1207, "car_lcSublane": 0.881, "car_sigma": 0.192, "car_tau_mean": 3.5741, "car_tau_std": 4.0691, "car_v_mean": 21.9023, "car_v_std": 19.1535}, "datetime": {"datetime": "2024-09-05 12:14:23", "elapsed": 5119.224214, "delta": 5.465047}}
{"target": -0.7075051364415076, "params": {"bus_acc": 0.3849, "bus_dcc": 3.2343, "bus_lcAssertive": 48.1298, "bus_lcCooperative": 0.8505, "bus_lcLookaheadLeft": 10.5461, "bus_lcPushy": 0.4934, "bus_lcSigma": 0.2469, "bus_lcSpeedGainRight": 3.2483, "bus_lcSublane": 0.9265, "bus_sigma": 0.3053, "bus_tau_mean": 1.8455, "bus_tau_std": 9.0622, "bus_v_mean": 17.2583, "bus_v_std": 0.5079, "car_acc": 3.8308, "car_dcc": 0.3925, "car_lcAssertive": 37.5542, "car_lcCooperative": 0.6927, "car_lcLookaheadLeft": 8.8105, "car_lcPushy": 0.2022, "car_lcSigma": 0.6409, "car_lcSpeedGainRight": 4.0462, "car_lcSublane": 0.8755, "car_sigma": 0.0194, "car_tau_mean": 3.7781, "car_tau_std": 5.9293, "car_v_mean": 9.6577, "car_v_std": 7.0094}, "datetime": {"datetime": "2024-09-05 12:14:30", "elapsed": 5126.188691, "delta": 6.964477}}
{"target": -0.2042449765748453, "params": {"bus_acc": 1.4075, "bus_dcc": 3.8974, "bus_lcAssertive": 58.7065, "bus_lcCooperative": 0.9871, "bus_lcLookaheadLeft": 88.5375, "bus_lcPushy": 0.716, "bus_lcSigma": 0.3971, "bus_lcSpeedGainRight": 4.734, "bus_lcSublane": 0.4639, "bus_sigma": 0.2997, "bus_tau_mean": 2.8212, "bus_tau_std": 4.0049, "bus_v_mean": 24.6693, "bus_v_std": 11.2735, "car_acc": 1.6829, "car_dcc": 2.1707, "car_lcAssertive": 15.8753, "car_lcCooperative": 0.0313, "car_lcLookaheadLeft": 54.1572, "car_lcPushy": 0.7618, "car_lcSigma": 0.7986, "car_lcSpeedGainRight": 4.852, "car_lcSublane": 0.8607, "car_sigma": 0.3331, "car_tau_mean": 3.9016, "car_tau_std": 7.0053, "car_v_mean": 17.392, "car_v_std": 14.6283}, "datetime": {"datetime": "2024-09-05 12:14:36", "elapsed": 5132.007316, "delta": 5.818625}}
{"target": -0.24216136889384257, "params": {"bus_acc": 3.5228, "bus_dcc": 1.8571, "bus_lcAssertive": 18.9472, "bus_lcCooperative": 0.0152, "bus_lcLookaheadLeft": 70.4566, "bus_lcPushy": 0.951, "bus_lcSigma": 0.4788, "bus_lcSpeedGainRight": 2.7104, "bus_lcSublane": 0.4102, "bus_sigma": 0.125, "bus_tau_mean": 2.8824, "bus_tau_std": 6.805, "bus_v_mean": 24.4894, "bus_v_std": 4.2264, "car_acc": 3.5203, "car_dcc": 0.5197, "car_lcAssertive": 30.2778, "car_lcCooperative": 0.0449, "car_lcLookaheadLeft": 17.421, "car_lcPushy": 0.6289, "car_lcSigma": 0.2476, "car_lcSpeedGainRight": 3.5242, "car_lcSublane": 0.5695, "car_sigma": 0.203, "car_tau_mean": 2.7577, "car_tau_std": 6.9744, "car_v_mean": 13.8563, "car_v_std": 11.131}, "datetime": {"datetime": "2024-09-05 12:14:39", "elapsed": 5135.221878, "delta": 3.214562}}
{"target": -0.7564367581477208, "params": {"bus_acc": 2.5127, "bus_dcc": 1.9987, "bus_lcAssertive": 77.7439, "bus_lcCooperative": 0.4803, "bus_lcLookaheadLeft": 91.7607, "bus_lcPushy": 0.6541, "bus_lcSigma": 0.6932, "bus_lcSpeedGainRight": 3.4587, "bus_lcSublane": 0.1286, "bus_sigma": 0.7706, "bus_tau_mean": 0.9632, "bus_tau_std": 3.4855, "bus_v_mean": 15.7831, "bus_v_std": 6.1619, "car_acc": 3.1735, "car_dcc": 2.6031, "car_lcAssertive": 47.8539, "car_lcCooperative": 0.8569, "car_lcLookaheadLeft": 71.6877, "car_lcPushy": 0.3681, "car_lcSigma": 0.5361, "car_lcSpeedGainRight": 3.2918, "car_lcSublane": 0.0584, "car_sigma": 0.4934, "car_tau_mean": 3.2273, "car_tau_std": 0.4174, "car_v_mean": 12.372, "car_v_std": 16.9208}, "datetime": {"datetime": "2024-09-05 12:14:42", "elapsed": 5137.537723, "delta": 2.315845}}
