{"target": -0.40770733833908324, "params": {"bus_acc": 2.5358, "bus_dcc": 0.214, "bus_lcAssertive": 49.1995, "bus_lcCooperative": 0.8818, "bus_lcLookaheadLeft": 40.1502, "bus_lcPushy": 0.8565, "bus_lcSigma": 0.0755, "bus_lcSpeedGainRight": 1.251, "bus_lcSublane": 0.87, "bus_sigma": 0.1535, "bus_tau_mean": 1.2684, "bus_tau_std": 1.5467, "bus_v_mean": 21.4692, "bus_v_std": 17.6308, "car_acc": 2.7758, "car_dcc": 1.9798, "car_lcAssertive": 82.4277, "car_lcCooperative": 0.3809, "car_lcLookaheadLeft": 97.5033, "car_lcPushy": 0.7418, "car_lcSigma": 0.9438, "car_lcSpeedGainRight": 1.4999, "car_lcSublane": 0.1578, "car_sigma": 0.4689, "car_tau_mean": 1.554, "car_tau_std": 4.856, "car_v_mean": 17.2254, "car_v_std": 4.4139}, "datetime": {"datetime": "2024-08-11 17:51:53", "elapsed": 583.650777, "delta": 3.548376}}
{"target": -0.2817023685625036, "params": {"bus_acc": 0.3074, "bus_dcc": 2.9891, "bus_lcAssertive": 67.1663, "bus_lcCooperative": 0.4263, "bus_lcLookaheadLeft": 76.4705, "bus_lcPushy": 0.6112, "bus_lcSigma": 0.0626, "bus_lcSpeedGainRight": 1.1584, "bus_lcSublane": 0.4454, "bus_sigma": 0.4295, "bus_tau_mean": 1.1636, "bus_tau_std": 6.809, "bus_v_mean": 17.5586, "bus_v_std": 11.0684, "car_acc": 1.7958, "car_dcc": 3.102, "car_lcAssertive": 46.4859, "car_lcCooperative": 0.1501, "car_lcLookaheadLeft": 86.5876, "car_lcPushy": 0.7076, "car_lcSigma": 0.5514, "car_lcSpeedGainRight": 4.7705, "car_lcSublane": 0.328, "car_sigma": 0.3694, "car_tau_mean": 1.7709, "car_tau_std": 4.1833, "car_v_mean": 24.2448, "car_v_std": 2.2449}, "datetime": {"datetime": "2024-08-11 17:51:55", "elapsed": 586.345829, "delta": 2.695052}}
{"target": -0.43887732964899046, "params": {"bus_acc": 1.879, "bus_dcc": 3.8063, "bus_lcAssertive": 59.3529, "bus_lcCooperative": 0.4385, "bus_lcLookaheadLeft": 12.3627, "bus_lcPushy": 0.2413, "bus_lcSigma": 0.3008, "bus_lcSpeedGainRight": 3.4512, "bus_lcSublane": 0.003, "bus_sigma": 0.5228, "bus_tau_mean": 1.5302, "bus_tau_std": 4.8318, "bus_v_mean": 15.1244, "bus_v_std": 10.8496, "car_acc": 2.7488, "car_dcc": 3.6533, "car_lcAssertive": 92.5379, "car_lcCooperative": 0.9764, "car_lcLookaheadLeft": 47.3414, "car_lcPushy": 0.7149, "car_lcSigma": 0.8456, "car_lcSpeedGainRight": 0.7269, "car_lcSublane": 0.4835, "car_sigma": 0.8481, "car_tau_mean": 3.8666, "car_tau_std": 3.7174, "car_v_mean": 23.5337, "car_v_std": 0.2309}, "datetime": {"datetime": "2024-08-11 17:51:58", "elapsed": 589.575436, "delta": 3.229607}}
{"target": -0.23203712635767756, "params": {"bus_acc": 1.9559, "bus_dcc": 3.1289, "bus_lcAssertive": 87.3034, "bus_lcCooperative": 0.5078, "bus_lcLookaheadLeft": 10.3551, "bus_lcPushy": 0.6851, "bus_lcSigma": 0.725, "bus_lcSpeedGainRight": 2.6408, "bus_lcSublane": 0.7224, "bus_sigma": 0.7106, "bus_tau_mean": 1.0381, "bus_tau_std": 4.0561, "bus_v_mean": 9.9136, "bus_v_std": 19.9036, "car_acc": 0.3922, "car_dcc": 1.61, "car_lcAssertive": 72.7022, "car_lcCooperative": 0.8449, "car_lcLookaheadLeft": 14.4352, "car_lcPushy": 0.6651, "car_lcSigma": 0.5069, "car_lcSpeedGainRight": 3.5825, "car_lcSublane": 0.7276, "car_sigma": 0.4687, "car_tau_mean": 3.601, "car_tau_std": 7.2174, "car_v_mean": 24.7126, "car_v_std": 3.1504}, "datetime": {"datetime": "2024-08-11 17:52:01", "elapsed": 591.682275, "delta": 2.106839}}
{"target": -0.5552127286200665, "params": {"bus_acc": 1.9331, "bus_dcc": 0.6246, "bus_lcAssertive": 12.5095, "bus_lcCooperative": 0.9319, "bus_lcLookaheadLeft": 87.5808, "bus_lcPushy": 0.8933, "bus_lcSigma": 0.0871, "bus_lcSpeedGainRight": 1.6301, "bus_lcSublane": 0.6661, "bus_sigma": 0.9253, "bus_tau_mean": 1.5457, "bus_tau_std": 1.7108, "bus_v_mean": 13.4408, "bus_v_std": 13.5667, "car_acc": 2.2857, "car_dcc": 0.9555, "car_lcAssertive": 7.5206, "car_lcCooperative": 0.2077, "car_lcLookaheadLeft": 24.0694, "car_lcPushy": 0.4901, "car_lcSigma": 0.2841, "car_lcSpeedGainRight": 1.4159, "car_lcSublane": 0.4307, "car_sigma": 0.931, "car_tau_mean": 3.9815, "car_tau_std": 9.2474, "car_v_mean": 17.6622, "car_v_std": 2.7959}, "datetime": {"datetime": "2024-08-11 17:52:03", "elapsed": 594.472715, "delta": 2.79044}}
{"target": -0.4653201472411442, "params": {"bus_acc": 1.5065, "bus_dcc": 0.2956, "bus_lcAssertive": 52.2846, "bus_lcCooperative": 0.3417, "bus_lcLookaheadLeft": 95.629, "bus_lcPushy": 0.3739, "bus_lcSigma": 0.1731, "bus_lcSpeedGainRight": 2.9325, "bus_lcSublane": 0.5688, "bus_sigma": 0.7651, "bus_tau_mean": 2.9614, "bus_tau_std": 2.33, "bus_v_mean": 17.4596, "bus_v_std": 2.7308, "car_acc": 3.4186, "car_dcc": 2.3469, "car_lcAssertive": 20.5952, "car_lcCooperative": 0.5913, "car_lcLookaheadLeft": 17.1171, "car_lcPushy": 0.0241, "car_lcSigma": 0.3642, "car_lcSpeedGainRight": 1.8293, "car_lcSublane": 0.9595, "car_sigma": 0.1521, "car_tau_mean": 3.3402, "car_tau_std": 4.5948, "car_v_mean": 9.4392, "car_v_std": 6.1111}, "datetime": {"datetime": "2024-08-11 17:52:07", "elapsed": 598.597978, "delta": 4.125263}}
{"target": -0.5738100726506553, "params": {"bus_acc": 3.9335, "bus_dcc": 1.9567, "bus_lcAssertive": 79.8675, "bus_lcCooperative": 0.6196, "bus_lcLookaheadLeft": 64.9919, "bus_lcPushy": 0.0885, "bus_lcSigma": 0.8038, "bus_lcSpeedGainRight": 4.3219, "bus_lcSublane": 0.7157, "bus_sigma": 0.1448, "bus_tau_mean": 0.5006, "bus_tau_std": 6.7115, "bus_v_mean": 14.7187, "bus_v_std": 10.0472, "car_acc": 2.7173, "car_dcc": 1.7311, "car_lcAssertive": 1.9203, "car_lcCooperative": 0.2729, "car_lcLookaheadLeft": 22.4679, "car_lcPushy": 0.6374, "car_lcSigma": 0.894, "car_lcSpeedGainRight": 1.8101, "car_lcSublane": 0.8171, "car_sigma": 0.8771, "car_tau_mean": 3.4472, "car_tau_std": 2.9591, "car_v_mean": 8.3159, "car_v_std": 10.6466}, "datetime": {"datetime": "2024-08-11 17:52:11", "elapsed": 602.515518, "delta": 3.91754}}
{"target": -0.3880158675764298, "params": {"bus_acc": 1.6788, "bus_dcc": 1.8933, "bus_lcAssertive": 45.7644, "bus_lcCooperative": 0.6762, "bus_lcLookaheadLeft": 29.3502, "bus_lcPushy": 0.6835, "bus_lcSigma": 0.5637, "bus_lcSpeedGainRight": 3.335, "bus_lcSublane": 0.02, "bus_sigma": 0.2287, "bus_tau_mean": 2.2366, "bus_tau_std": 6.024, "bus_v_mean": 8.6874, "bus_v_std": 12.0046, "car_acc": 1.2088, "car_dcc": 1.5028, "car_lcAssertive": 74.2476, "car_lcCooperative": 0.4043, "car_lcLookaheadLeft": 22.3933, "car_lcPushy": 0.5485, "car_lcSigma": 0.9943, "car_lcSpeedGainRight": 0.3332, "car_lcSublane": 0.7342, "car_sigma": 0.4122, "car_tau_mean": 1.0056, "car_tau_std": 0.8812, "car_v_mean": 14.9338, "car_v_std": 17.9526}, "datetime": {"datetime": "2024-08-11 17:52:15", "elapsed": 606.448946, "delta": 3.933428}}
{"target": -0.46882740602474887, "params": {"bus_acc": 3.8852, "bus_dcc": 3.6958, "bus_lcAssertive": 37.5185, "bus_lcCooperative": 0.7119, "bus_lcLookaheadLeft": 73.8707, "bus_lcPushy": 0.4125, "bus_lcSigma": 0.3483, "bus_lcSpeedGainRight": 3.9535, "bus_lcSublane": 0.2293, "bus_sigma": 0.4843, "bus_tau_mean": 2.0171, "bus_tau_std": 1.0868, "bus_v_mean": 14.2821, "bus_v_std": 7.4011, "car_acc": 2.4398, "car_dcc": 1.2054, "car_lcAssertive": 11.9159, "car_lcCooperative": 0.5145, "car_lcLookaheadLeft": 56.684, "car_lcPushy": 0.776, "car_lcSigma": 0.7645, "car_lcSpeedGainRight": 2.7183, "car_lcSublane": 0.6607, "car_sigma": 0.4745, "car_tau_mean": 3.6496, "car_tau_std": 6.0591, "car_v_mean": 9.6483, "car_v_std": 3.4285}, "datetime": {"datetime": "2024-08-11 17:52:18", "elapsed": 608.660397, "delta": 2.211451}}
{"target": -0.3412829389382046, "params": {"bus_acc": 0.8564, "bus_dcc": 2.7644, "bus_lcAssertive": 84.0736, "bus_lcCooperative": 0.2302, "bus_lcLookaheadLeft": 95.2703, "bus_lcPushy": 0.8971, "bus_lcSigma": 0.7992, "bus_lcSpeedGainRight": 4.2467, "bus_lcSublane": 0.9693, "bus_sigma": 0.5415, "bus_tau_mean": 2.4516, "bus_tau_std": 7.3744, "bus_v_mean": 10.6772, "bus_v_std": 7.239, "car_acc": 3.3357, "car_dcc": 0.6609, "car_lcAssertive": 61.8023, "car_lcCooperative": 0.2346, "car_lcLookaheadLeft": 48.5076, "car_lcPushy": 0.1142, "car_lcSigma": 0.8213, "car_lcSpeedGainRight": 1.6516, "car_lcSublane": 0.2342, "car_sigma": 0.5556, "car_tau_mean": 1.5789, "car_tau_std": 3.5953, "car_v_mean": 24.5302, "car_v_std": 19.7091}, "datetime": {"datetime": "2024-08-11 17:52:22", "elapsed": 612.868172, "delta": 4.207775}}
{"target": -0.2757964657292599, "params": {"bus_acc": 0.7524, "bus_dcc": 1.1245, "bus_lcAssertive": 14.195, "bus_lcCooperative": 0.1404, "bus_lcLookaheadLeft": 79.9234, "bus_lcPushy": 0.5004, "bus_lcSigma": 0.0758, "bus_lcSpeedGainRight": 1.8127, "bus_lcSublane": 0.8055, "bus_sigma": 0.5808, "bus_tau_mean": 1.15, "bus_tau_std": 9.1965, "bus_v_mean": 20.5422, "bus_v_std": 3.0231, "car_acc": 0.7332, "car_dcc": 1.2941, "car_lcAssertive": 85.3703, "car_lcCooperative": 0.7176, "car_lcLookaheadLeft": 76.5938, "car_lcPushy": 0.1032, "car_lcSigma": 0.8097, "car_lcSpeedGainRight": 0.8306, "car_lcSublane": 0.3414, "car_sigma": 0.1674, "car_tau_mean": 2.6077, "car_tau_std": 4.9577, "car_v_mean": 16.1537, "car_v_std": 17.1939}, "datetime": {"datetime": "2024-08-11 17:52:24", "elapsed": 615.615015, "delta": 2.746843}}
{"target": -0.33273881376999037, "params": {"bus_acc": 0.4086, "bus_dcc": 1.4347, "bus_lcAssertive": 83.8266, "bus_lcCooperative": 0.136, "bus_lcLookaheadLeft": 52.6929, "bus_lcPushy": 0.0735, "bus_lcSigma": 0.6773, "bus_lcSpeedGainRight": 2.9465, "bus_lcSublane": 0.3172, "bus_sigma": 0.1322, "bus_tau_mean": 3.6207, "bus_tau_std": 6.2615, "bus_v_mean": 10.9336, "bus_v_std": 11.6024, "car_acc": 2.2201, "car_dcc": 2.6191, "car_lcAssertive": 32.2277, "car_lcCooperative": 0.5428, "car_lcLookaheadLeft": 44.6531, "car_lcPushy": 0.4918, "car_lcSigma": 0.7011, "car_lcSpeedGainRight": 1.6827, "car_lcSublane": 0.8381, "car_sigma": 0.3069, "car_tau_mean": 0.7703, "car_tau_std": 8.4632, "car_v_mean": 18.0032, "car_v_std": 10.3871}, "datetime": {"datetime": "2024-08-11 17:52:29", "elapsed": 620.319113, "delta": 4.704098}}
{"target": -0.40468012918103885, "params": {"bus_acc": 3.9679, "bus_dcc": 1.5082, "bus_lcAssertive": 96.8007, "bus_lcCooperative": 0.6385, "bus_lcLookaheadLeft": 60.5357, "bus_lcPushy": 0.0696, "bus_lcSigma": 0.742, "bus_lcSpeedGainRight": 0.9312, "bus_lcSublane": 0.809, "bus_sigma": 0.9758, "bus_tau_mean": 0.6108, "bus_tau_std": 6.2486, "bus_v_mean": 25.872, "bus_v_std": 11.8098, "car_acc": 1.325, "car_dcc": 2.1258, "car_lcAssertive": 30.5841, "car_lcCooperative": 0.2063, "car_lcLookaheadLeft": 57.7787, "car_lcPushy": 0.5002, "car_lcSigma": 0.5617, "car_lcSpeedGainRight": 1.7362, "car_lcSublane": 0.0432, "car_sigma": 0.8855, "car_tau_mean": 1.8202, "car_tau_std": 6.6996, "car_v_mean": 10.6851, "car_v_std": 2.188}, "datetime": {"datetime": "2024-08-11 17:52:33", "elapsed": 624.245986, "delta": 3.926873}}
{"target": -0.3924873920779073, "params": {"bus_acc": 2.5449, "bus_dcc": 3.4899, "bus_lcAssertive": 85.5246, "bus_lcCooperative": 0.9, "bus_lcLookaheadLeft": 56.7841, "bus_lcPushy": 0.3044, "bus_lcSigma": 0.1104, "bus_lcSpeedGainRight": 2.0659, "bus_lcSublane": 0.2748, "bus_sigma": 0.6366, "bus_tau_mean": 3.9909, "bus_tau_std": 5.6431, "bus_v_mean": 13.6039, "bus_v_std": 12.5729, "car_acc": 0.9642, "car_dcc": 2.2563, "car_lcAssertive": 59.1525, "car_lcCooperative": 0.8187, "car_lcLookaheadLeft": 5.5493, "car_lcPushy": 0.8201, "car_lcSigma": 0.6652, "car_lcSpeedGainRight": 1.5773, "car_lcSublane": 0.5827, "car_sigma": 0.9764, "car_tau_mean": 2.0774, "car_tau_std": 9.3712, "car_v_mean": 9.0282, "car_v_std": 12.6922}, "datetime": {"datetime": "2024-08-11 17:52:35", "elapsed": 626.439679, "delta": 2.193693}}
{"target": -0.3180555115475492, "params": {"bus_acc": 2.019, "bus_dcc": 3.7204, "bus_lcAssertive": 58.9689, "bus_lcCooperative": 0.1375, "bus_lcLookaheadLeft": 52.9653, "bus_lcPushy": 0.8082, "bus_lcSigma": 0.7829, "bus_lcSpeedGainRight": 0.2574, "bus_lcSublane": 0.6889, "bus_sigma": 0.5312, "bus_tau_mean": 3.5827, "bus_tau_std": 0.4668, "bus_v_mean": 19.2153, "bus_v_std": 0.2383, "car_acc": 0.9431, "car_dcc": 2.4532, "car_lcAssertive": 80.8545, "car_lcCooperative": 0.9579, "car_lcLookaheadLeft": 80.6857, "car_lcPushy": 0.5419, "car_lcSigma": 0.4713, "car_lcSpeedGainRight": 1.24, "car_lcSublane": 0.735, "car_sigma": 0.2784, "car_tau_mean": 0.8425, "car_tau_std": 9.2688, "car_v_mean": 9.8972, "car_v_std": 1.1938}, "datetime": {"datetime": "2024-08-11 17:52:39", "elapsed": 630.065409, "delta": 3.62573}}
{"target": -0.29446010302713943, "params": {"bus_acc": 3.6733, "bus_dcc": 3.0526, "bus_lcAssertive": 34.0378, "bus_lcCooperative": 0.4424, "bus_lcLookaheadLeft": 71.4601, "bus_lcPushy": 0.7144, "bus_lcSigma": 0.6927, "bus_lcSpeedGainRight": 3.8242, "bus_lcSublane": 0.162, "bus_sigma": 0.0029, "bus_tau_mean": 3.5381, "bus_tau_std": 5.5383, "bus_v_mean": 22.8216, "bus_v_std": 0.6024, "car_acc": 3.0167, "car_dcc": 3.9883, "car_lcAssertive": 99.1199, "car_lcCooperative": 0.4072, "car_lcLookaheadLeft": 77.9381, "car_lcPushy": 0.7177, "car_lcSigma": 0.5514, "car_lcSpeedGainRight": 4.0762, "car_lcSublane": 0.6101, "car_sigma": 0.8582, "car_tau_mean": 3.0153, "car_tau_std": 7.9444, "car_v_mean": 19.3919, "car_v_std": 4.9332}, "datetime": {"datetime": "2024-08-11 17:52:41", "elapsed": 632.388836, "delta": 2.323427}}
{"target": -0.34105077882371143, "params": {"bus_acc": 1.2594, "bus_dcc": 3.0215, "bus_lcAssertive": 40.3307, "bus_lcCooperative": 0.2922, "bus_lcLookaheadLeft": 34.9369, "bus_lcPushy": 0.0284, "bus_lcSigma": 0.6445, "bus_lcSpeedGainRight": 2.1835, "bus_lcSublane": 0.8077, "bus_sigma": 0.9995, "bus_tau_mean": 1.839, "bus_tau_std": 6.243, "bus_v_mean": 21.8366, "bus_v_std": 5.691, "car_acc": 1.9749, "car_dcc": 3.7783, "car_lcAssertive": 24.9069, "car_lcCooperative": 0.3188, "car_lcLookaheadLeft": 36.9472, "car_lcPushy": 0.3421, "car_lcSigma": 0.3165, "car_lcSpeedGainRight": 0.3933, "car_lcSublane": 0.7983, "car_sigma": 0.8743, "car_tau_mean": 2.7197, "car_tau_std": 9.1832, "car_v_mean": 22.6856, "car_v_std": 19.3473}, "datetime": {"datetime": "2024-08-11 17:52:43", "elapsed": 634.192423, "delta": 1.803587}}
{"target": -0.3610931738406052, "params": {"bus_acc": 0.5331, "bus_dcc": 3.59, "bus_lcAssertive": 75.8409, "bus_lcCooperative": 0.2258, "bus_lcLookaheadLeft": 9.4538, "bus_lcPushy": 0.3522, "bus_lcSigma": 0.9562, "bus_lcSpeedGainRight": 0.0112, "bus_lcSublane": 0.1223, "bus_sigma": 0.624, "bus_tau_mean": 2.9709, "bus_tau_std": 6.8114, "bus_v_mean": 10.3989, "bus_v_std": 15.1346, "car_acc": 3.1353, "car_dcc": 2.1106, "car_lcAssertive": 13.3548, "car_lcCooperative": 0.4856, "car_lcLookaheadLeft": 43.0742, "car_lcPushy": 0.9832, "car_lcSigma": 0.9914, "car_lcSpeedGainRight": 2.5551, "car_lcSublane": 0.1231, "car_sigma": 0.9637, "car_tau_mean": 2.719, "car_tau_std": 6.8423, "car_v_mean": 23.7452, "car_v_std": 2.4817}, "datetime": {"datetime": "2024-08-11 17:52:45", "elapsed": 636.562299, "delta": 2.369876}}
{"target": -0.18735719748521973, "params": {"bus_acc": 1.5377, "bus_dcc": 3.9168, "bus_lcAssertive": 43.8494, "bus_lcCooperative": 1.0, "bus_lcLookaheadLeft": 67.1729, "bus_lcPushy": 0.9341, "bus_lcSigma": 0.4268, "bus_lcSpeedGainRight": 5.0, "bus_lcSublane": 0.6059, "bus_sigma": 0.7344, "bus_tau_mean": 2.2409, "bus_tau_std": 2.6823, "bus_v_mean": 24.4164, "bus_v_std": 11.6292, "car_acc": 0.3669, "car_dcc": 2.8576, "car_lcAssertive": 33.4935, "car_lcCooperative": 0.8395, "car_lcLookaheadLeft": 88.9779, "car_lcPushy": 0.6693, "car_lcSigma": 1.0, "car_lcSpeedGainRight": 3.2728, "car_lcSublane": 0.3278, "car_sigma": 1.0, "car_tau_mean": 3.2305, "car_tau_std": 10.0, "car_v_mean": 11.5709, "car_v_std": 3.0551}, "datetime": {"datetime": "2024-08-11 17:52:48", "elapsed": 639.067121, "delta": 2.504822}}
{"target": -0.4254785234155934, "params": {"bus_acc": 1.4208, "bus_dcc": 3.1663, "bus_lcAssertive": 55.1684, "bus_lcCooperative": 0.8614, "bus_lcLookaheadLeft": 30.738, "bus_lcPushy": 0.1559, "bus_lcSigma": 0.0554, "bus_lcSpeedGainRight": 0.9558, "bus_lcSublane": 0.858, "bus_sigma": 0.2339, "bus_tau_mean": 1.4264, "bus_tau_std": 8.3648, "bus_v_mean": 24.0637, "bus_v_std": 6.5757, "car_acc": 3.5929, "car_dcc": 0.5329, "car_lcAssertive": 63.5563, "car_lcCooperative": 0.0098, "car_lcLookaheadLeft": 4.5392, "car_lcPushy": 0.3605, "car_lcSigma": 0.0601, "car_lcSpeedGainRight": 0.6278, "car_lcSublane": 0.8369, "car_sigma": 0.9067, "car_tau_mean": 3.7155, "car_tau_std": 8.3959, "car_v_mean": 14.7404, "car_v_std": 2.1274}, "datetime": {"datetime": "2024-08-11 17:52:51", "elapsed": 641.864347, "delta": 2.797226}}
{"target": -0.3825226438232033, "params": {"bus_acc": 1.9301, "bus_dcc": 3.9422, "bus_lcAssertive": 44.1306, "bus_lcCooperative": 0.9203, "bus_lcLookaheadLeft": 97.2846, "bus_lcPushy": 0.1444, "bus_lcSigma": 0.97, "bus_lcSpeedGainRight": 3.5339, "bus_lcSublane": 0.2294, "bus_sigma": 0.0514, "bus_tau_mean": 2.0628, "bus_tau_std": 3.2974, "bus_v_mean": 24.4528, "bus_v_std": 15.8474, "car_acc": 1.4112, "car_dcc": 3.7621, "car_lcAssertive": 51.3599, "car_lcCooperative": 0.2862, "car_lcLookaheadLeft": 92.6702, "car_lcPushy": 0.9386, "car_lcSigma": 0.7234, "car_lcSpeedGainRight": 2.0403, "car_lcSublane": 0.7308, "car_sigma": 0.0046, "car_tau_mean": 1.8321, "car_tau_std": 8.1585, "car_v_mean": 25.8474, "car_v_std": 5.8043}, "datetime": {"datetime": "2024-08-11 17:52:53", "elapsed": 644.615654, "delta": 2.751307}}
{"target": -0.34225419527122675, "params": {"bus_acc": 0.3083, "bus_dcc": 1.5056, "bus_lcAssertive": 93.6803, "bus_lcCooperative": 0.4423, "bus_lcLookaheadLeft": 64.6147, "bus_lcPushy": 0.265, "bus_lcSigma": 0.0222, "bus_lcSpeedGainRight": 3.6465, "bus_lcSublane": 0.0034, "bus_sigma": 0.5223, "bus_tau_mean": 3.3548, "bus_tau_std": 8.4706, "bus_v_mean": 24.4573, "bus_v_std": 14.3069, "car_acc": 1.1068, "car_dcc": 3.8264, "car_lcAssertive": 72.9435, "car_lcCooperative": 0.3289, "car_lcLookaheadLeft": 57.0374, "car_lcPushy": 0.2066, "car_lcSigma": 0.0338, "car_lcSpeedGainRight": 4.504, "car_lcSublane": 0.6629, "car_sigma": 0.2603, "car_tau_mean": 3.3311, "car_tau_std": 5.2797, "car_v_mean": 13.2983, "car_v_std": 14.5962}, "datetime": {"datetime": "2024-08-11 17:52:59", "elapsed": 650.344562, "delta": 5.728908}}
{"target": -0.4210577042234242, "params": {"bus_acc": 1.5561, "bus_dcc": 2.0251, "bus_lcAssertive": 72.3979, "bus_lcCooperative": 0.5548, "bus_lcLookaheadLeft": 76.7492, "bus_lcPushy": 0.0401, "bus_lcSigma": 0.6952, "bus_lcSpeedGainRight": 0.8391, "bus_lcSublane": 0.8322, "bus_sigma": 0.5852, "bus_tau_mean": 1.952, "bus_tau_std": 0.8985, "bus_v_mean": 15.8569, "bus_v_std": 1.6019, "car_acc": 2.085, "car_dcc": 2.4166, "car_lcAssertive": 83.5505, "car_lcCooperative": 0.6621, "car_lcLookaheadLeft": 22.1125, "car_lcPushy": 0.9087, "car_lcSigma": 0.5808, "car_lcSpeedGainRight": 4.0591, "car_lcSublane": 0.6427, "car_sigma": 0.063, "car_tau_mean": 3.2849, "car_tau_std": 9.6113, "car_v_mean": 20.0164, "car_v_std": 3.3463}, "datetime": {"datetime": "2024-08-11 17:53:03", "elapsed": 653.770893, "delta": 3.426331}}
{"target": -0.3521041645495166, "params": {"bus_acc": 1.8011, "bus_dcc": 0.7767, "bus_lcAssertive": 21.7811, "bus_lcCooperative": 0.1518, "bus_lcLookaheadLeft": 35.0814, "bus_lcPushy": 0.2886, "bus_lcSigma": 0.5104, "bus_lcSpeedGainRight": 2.8449, "bus_lcSublane": 0.0093, "bus_sigma": 0.7771, "bus_tau_mean": 1.4594, "bus_tau_std": 4.9986, "bus_v_mean": 24.7213, "bus_v_std": 10.8808, "car_acc": 0.8508, "car_dcc": 2.7612, "car_lcAssertive": 99.0693, "car_lcCooperative": 0.8075, "car_lcLookaheadLeft": 25.7535, "car_lcPushy": 0.0069, "car_lcSigma": 0.9199, "car_lcSpeedGainRight": 4.3539, "car_lcSublane": 0.7087, "car_sigma": 0.6771, "car_tau_mean": 1.0573, "car_tau_std": 7.8928, "car_v_mean": 23.4841, "car_v_std": 4.5541}, "datetime": {"datetime": "2024-08-11 17:53:06", "elapsed": 656.830277, "delta": 3.059384}}
{"target": -0.5149146530751882, "params": {"bus_acc": 2.2955, "bus_dcc": 2.9696, "bus_lcAssertive": 7.0241, "bus_lcCooperative": 0.8259, "bus_lcLookaheadLeft": 47.1947, "bus_lcPushy": 0.5044, "bus_lcSigma": 0.9773, "bus_lcSpeedGainRight": 3.9948, "bus_lcSublane": 0.4719, "bus_sigma": 0.08, "bus_tau_mean": 3.5648, "bus_tau_std": 1.7575, "bus_v_mean": 19.2703, "bus_v_std": 11.1965, "car_acc": 2.6666, "car_dcc": 2.2406, "car_lcAssertive": 6.807, "car_lcCooperative": 0.4855, "car_lcLookaheadLeft": 24.6921, "car_lcPushy": 0.5829, "car_lcSigma": 0.551, "car_lcSpeedGainRight": 2.4179, "car_lcSublane": 0.3454, "car_sigma": 0.4721, "car_tau_mean": 2.1337, "car_tau_std": 7.7949, "car_v_mean": 24.11, "car_v_std": 12.1261}, "datetime": {"datetime": "2024-08-11 17:53:08", "elapsed": 658.684677, "delta": 1.8544}}
{"target": -0.37838993959869177, "params": {"bus_acc": 2.094, "bus_dcc": 2.2643, "bus_lcAssertive": 52.0381, "bus_lcCooperative": 0.3876, "bus_lcLookaheadLeft": 10.43, "bus_lcPushy": 0.5924, "bus_lcSigma": 0.4297, "bus_lcSpeedGainRight": 2.8583, "bus_lcSublane": 0.0608, "bus_sigma": 0.66, "bus_tau_mean": 3.5534, "bus_tau_std": 8.215, "bus_v_mean": 21.0758, "bus_v_std": 9.1419, "car_acc": 3.2042, "car_dcc": 2.7109, "car_lcAssertive": 47.4323, "car_lcCooperative": 0.2495, "car_lcLookaheadLeft": 33.6552, "car_lcPushy": 0.3059, "car_lcSigma": 0.1906, "car_lcSpeedGainRight": 1.3061, "car_lcSublane": 0.1863, "car_sigma": 0.3067, "car_tau_mean": 0.9418, "car_tau_std": 5.0018, "car_v_mean": 17.3495, "car_v_std": 13.9027}, "datetime": {"datetime": "2024-08-11 17:53:10", "elapsed": 661.414319, "delta": 2.729642}}
