{"target": -0.4083494159989667, "params": {"bus_acc": 1.4075, "bus_dcc": 3.8974, "bus_lcAssertive": 58.7065, "bus_lcCooperative": 0.9871, "bus_lcLookaheadLeft": 88.5375, "bus_lcPushy": 0.716, "bus_lcSigma": 0.3971, "bus_lcSpeedGainRight": 4.734, "bus_lcSublane": 0.4639, "bus_sigma": 0.2997, "bus_tau_mean": 2.8212, "bus_tau_std": 4.0049, "bus_v_mean": 24.6693, "bus_v_std": 11.2735, "car_acc": 1.6829, "car_dcc": 2.1707, "car_lcAssertive": 15.8753, "car_lcCooperative": 0.0313, "car_lcLookaheadLeft": 54.1572, "car_lcPushy": 0.7618, "car_lcSigma": 0.7986, "car_lcSpeedGainRight": 4.852, "car_lcSublane": 0.8607, "car_sigma": 0.3331, "car_tau_mean": 3.9016, "car_tau_std": 7.0053, "car_v_mean": 17.392, "car_v_std": 14.6283}, "datetime": {"datetime": "2024-08-11 18:17:57", "elapsed": 2148.087559, "delta": 4.167947}}
{"target": -0.6127615162403047, "params": {"bus_acc": 1.4515, "bus_dcc": 0.9541, "bus_lcAssertive": 2.2842, "bus_lcCooperative": 0.1479, "bus_lcLookaheadLeft": 90.2495, "bus_lcPushy": 0.5244, "bus_lcSigma": 0.2079, "bus_lcSpeedGainRight": 1.279, "bus_lcSublane": 0.6975, "bus_sigma": 0.3578, "bus_tau_mean": 1.6695, "bus_tau_std": 6.0759, "bus_v_mean": 19.4515, "bus_v_std": 9.4282, "car_acc": 1.5574, "car_dcc": 3.8234, "car_lcAssertive": 54.231, "car_lcCooperative": 0.66, "car_lcLookaheadLeft": 70.7176, "car_lcPushy": 0.1217, "car_lcSigma": 0.6687, "car_lcSpeedGainRight": 4.9678, "car_lcSublane": 0.8193, "car_sigma": 0.4504, "car_tau_mean": 2.4095, "car_tau_std": 0.792, "car_v_mean": 9.8655, "car_v_std": 0.6732}, "datetime": {"datetime": "2024-08-11 18:18:02", "elapsed": 2152.687181, "delta": 4.599622}}
{"target": -0.4312653985928308, "params": {"bus_acc": 2.2716, "bus_dcc": 2.1846, "bus_lcAssertive": 69.8475, "bus_lcCooperative": 0.5321, "bus_lcLookaheadLeft": 4.3051, "bus_lcPushy": 0.0741, "bus_lcSigma": 0.6907, "bus_lcSpeedGainRight": 3.3363, "bus_lcSublane": 0.7235, "bus_sigma": 0.7596, "bus_tau_mean": 1.7939, "bus_tau_std": 7.5812, "bus_v_mean": 14.8345, "bus_v_std": 8.1035, "car_acc": 1.5823, "car_dcc": 1.1046, "car_lcAssertive": 31.1666, "car_lcCooperative": 0.7722, "car_lcLookaheadLeft": 12.9365, "car_lcPushy": 0.4592, "car_lcSigma": 0.2028, "car_lcSpeedGainRight": 4.1207, "car_lcSublane": 0.881, "car_sigma": 0.192, "car_tau_mean": 3.5741, "car_tau_std": 4.0691, "car_v_mean": 21.9023, "car_v_std": 19.1535}, "datetime": {"datetime": "2024-08-11 18:18:04", "elapsed": 2155.50624, "delta": 2.819059}}
{"target": -0.48847391286101144, "params": {"bus_acc": 2.8765, "bus_dcc": 3.6832, "bus_lcAssertive": 26.2788, "bus_lcCooperative": 0.3234, "bus_lcLookaheadLeft": 90.632, "bus_lcPushy": 0.538, "bus_lcSigma": 0.8259, "bus_lcSpeedGainRight": 3.4666, "bus_lcSublane": 0.5354, "bus_sigma": 0.5624, "bus_tau_mean": 2.4223, "bus_tau_std": 6.0952, "bus_v_mean": 9.5313, "bus_v_std": 9.4636, "car_acc": 1.3318, "car_dcc": 2.225, "car_lcAssertive": 82.2684, "car_lcCooperative": 0.6911, "car_lcLookaheadLeft": 33.3205, "car_lcPushy": 0.7208, "car_lcSigma": 0.4133, "car_lcSpeedGainRight": 1.8296, "car_lcSublane": 0.7742, "car_sigma": 0.7591, "car_tau_mean": 2.934, "car_tau_std": 5.1543, "car_v_mean": 10.5929, "car_v_std": 4.5921}, "datetime": {"datetime": "2024-08-11 18:18:08", "elapsed": 2159.041284, "delta": 3.535044}}
{"target": -0.3307941372482492, "params": {"bus_acc": 0.6034, "bus_dcc": 3.4018, "bus_lcAssertive": 56.2518, "bus_lcCooperative": 0.1933, "bus_lcLookaheadLeft": 61.6323, "bus_lcPushy": 0.8468, "bus_lcSigma": 0.2306, "bus_lcSpeedGainRight": 0.7558, "bus_lcSublane": 0.5754, "bus_sigma": 0.2742, "bus_tau_mean": 0.9552, "bus_tau_std": 1.914, "bus_v_mean": 18.525, "bus_v_std": 2.9726, "car_acc": 3.0025, "car_dcc": 2.7241, "car_lcAssertive": 73.9662, "car_lcCooperative": 0.411, "car_lcLookaheadLeft": 32.2331, "car_lcPushy": 0.4936, "car_lcSigma": 0.9687, "car_lcSpeedGainRight": 3.8773, "car_lcSublane": 0.9808, "car_sigma": 0.4655, "car_tau_mean": 3.5247, "car_tau_std": 5.332, "car_v_mean": 16.0119, "car_v_std": 9.4269}, "datetime": {"datetime": "2024-08-11 18:18:13", "elapsed": 2164.202697, "delta": 5.161413}}
{"target": -0.5629499452531112, "params": {"bus_acc": 1.4586, "bus_dcc": 3.1706, "bus_lcAssertive": 82.3784, "bus_lcCooperative": 0.7293, "bus_lcLookaheadLeft": 13.5001, "bus_lcPushy": 0.5569, "bus_lcSigma": 0.0685, "bus_lcSpeedGainRight": 2.881, "bus_lcSublane": 0.5689, "bus_sigma": 0.4559, "bus_tau_mean": 3.3398, "bus_tau_std": 7.4532, "bus_v_mean": 13.416, "bus_v_std": 16.4198, "car_acc": 0.8264, "car_dcc": 2.0168, "car_lcAssertive": 93.8589, "car_lcCooperative": 0.373, "car_lcLookaheadLeft": 66.7854, "car_lcPushy": 0.7399, "car_lcSigma": 0.0306, "car_lcSpeedGainRight": 1.6531, "car_lcSublane": 0.7357, "car_sigma": 0.66, "car_tau_mean": 3.6394, "car_tau_std": 1.1767, "car_v_mean": 18.7137, "car_v_std": 5.4729}, "datetime": {"datetime": "2024-08-11 18:18:16", "elapsed": 2166.683373, "delta": 2.480676}}
{"target": -0.45917653985962287, "params": {"bus_acc": 3.5228, "bus_dcc": 1.8571, "bus_lcAssertive": 18.9472, "bus_lcCooperative": 0.0152, "bus_lcLookaheadLeft": 70.4566, "bus_lcPushy": 0.951, "bus_lcSigma": 0.4788, "bus_lcSpeedGainRight": 2.7104, "bus_lcSublane": 0.4102, "bus_sigma": 0.125, "bus_tau_mean": 2.8824, "bus_tau_std": 6.805, "bus_v_mean": 24.4894, "bus_v_std": 4.2264, "car_acc": 3.5203, "car_dcc": 0.5197, "car_lcAssertive": 30.2778, "car_lcCooperative": 0.0449, "car_lcLookaheadLeft": 17.421, "car_lcPushy": 0.6289, "car_lcSigma": 0.2476, "car_lcSpeedGainRight": 3.5242, "car_lcSublane": 0.5695, "car_sigma": 0.203, "car_tau_mean": 2.7577, "car_tau_std": 6.9744, "car_v_mean": 13.8563, "car_v_std": 11.131}, "datetime": {"datetime": "2024-08-11 18:18:18", "elapsed": 2169.347158, "delta": 2.663785}}
{"target": -0.4077257331830954, "params": {"bus_acc": 3.5763, "bus_dcc": 3.9139, "bus_lcAssertive": 40.8555, "bus_lcCooperative": 0.9183, "bus_lcLookaheadLeft": 13.106, "bus_lcPushy": 0.1766, "bus_lcSigma": 0.8298, "bus_lcSpeedGainRight": 3.7978, "bus_lcSublane": 0.4442, "bus_sigma": 0.5563, "bus_tau_mean": 2.3286, "bus_tau_std": 1.2323, "bus_v_mean": 12.3903, "bus_v_std": 5.2966, "car_acc": 1.8396, "car_dcc": 0.7878, "car_lcAssertive": 21.6964, "car_lcCooperative": 0.369, "car_lcLookaheadLeft": 24.0768, "car_lcPushy": 0.0743, "car_lcSigma": 0.3224, "car_lcSpeedGainRight": 3.2265, "car_lcSublane": 0.3776, "car_sigma": 0.9315, "car_tau_mean": 3.5451, "car_tau_std": 1.0676, "car_v_mean": 15.1536, "car_v_std": 8.1236}, "datetime": {"datetime": "2024-08-11 18:18:23", "elapsed": 2174.321686, "delta": 4.974528}}
{"target": -0.3681724100078385, "params": {"bus_acc": 0.7156, "bus_dcc": 2.0593, "bus_lcAssertive": 81.891, "bus_lcCooperative": 0.4039, "bus_lcLookaheadLeft": 78.8021, "bus_lcPushy": 0.0725, "bus_lcSigma": 0.3338, "bus_lcSpeedGainRight": 1.9353, "bus_lcSublane": 0.5116, "bus_sigma": 0.3314, "bus_tau_mean": 2.2492, "bus_tau_std": 9.625, "bus_v_mean": 17.4568, "bus_v_std": 9.1958, "car_acc": 1.057, "car_dcc": 0.8042, "car_lcAssertive": 67.7661, "car_lcCooperative": 0.5634, "car_lcLookaheadLeft": 15.7988, "car_lcPushy": 0.6752, "car_lcSigma": 0.4485, "car_lcSpeedGainRight": 1.2816, "car_lcSublane": 0.8414, "car_sigma": 0.8118, "car_tau_mean": 1.7083, "car_tau_std": 9.352, "car_v_mean": 15.4452, "car_v_std": 16.142}, "datetime": {"datetime": "2024-08-11 18:18:26", "elapsed": 2176.765689, "delta": 2.444003}}
{"target": -0.318497348674714, "params": {"bus_acc": 1.8219, "bus_dcc": 1.862, "bus_lcAssertive": 38.6415, "bus_lcCooperative": 0.4456, "bus_lcLookaheadLeft": 77.0328, "bus_lcPushy": 0.187, "bus_lcSigma": 0.9917, "bus_lcSpeedGainRight": 3.8835, "bus_lcSublane": 0.4113, "bus_sigma": 0.7296, "bus_tau_mean": 1.3324, "bus_tau_std": 0.666, "bus_v_mean": 14.4425, "bus_v_std": 15.3832, "car_acc": 2.2529, "car_dcc": 0.6402, "car_lcAssertive": 59.9837, "car_lcCooperative": 0.5023, "car_lcLookaheadLeft": 51.3606, "car_lcPushy": 0.4858, "car_lcSigma": 0.7737, "car_lcSpeedGainRight": 1.5646, "car_lcSublane": 0.2173, "car_sigma": 0.8797, "car_tau_mean": 2.6683, "car_tau_std": 9.6419, "car_v_mean": 17.4456, "car_v_std": 0.0477}, "datetime": {"datetime": "2024-08-11 18:18:28", "elapsed": 2179.198094, "delta": 2.432405}}
{"target": -0.344412409063881, "params": {"bus_acc": 0.8143, "bus_dcc": 3.9383, "bus_lcAssertive": 6.798, "bus_lcCooperative": 0.1087, "bus_lcLookaheadLeft": 70.9184, "bus_lcPushy": 0.1093, "bus_lcSigma": 0.4737, "bus_lcSpeedGainRight": 0.3199, "bus_lcSublane": 0.5444, "bus_sigma": 0.3283, "bus_tau_mean": 2.0645, "bus_tau_std": 4.9759, "bus_v_mean": 18.2721, "bus_v_std": 6.931, "car_acc": 1.7124, "car_dcc": 1.4876, "car_lcAssertive": 54.4942, "car_lcCooperative": 0.6767, "car_lcLookaheadLeft": 97.3986, "car_lcPushy": 0.9451, "car_lcSigma": 0.7718, "car_lcSpeedGainRight": 4.7936, "car_lcSublane": 0.049, "car_sigma": 0.9345, "car_tau_mean": 0.577, "car_tau_std": 6.8639, "car_v_mean": 23.7077, "car_v_std": 9.7512}, "datetime": {"datetime": "2024-08-11 18:18:31", "elapsed": 2182.61078, "delta": 3.412686}}
{"target": -0.39074583087494336, "params": {"bus_acc": 1.618, "bus_dcc": 2.6266, "bus_lcAssertive": 7.2053, "bus_lcCooperative": 0.2344, "bus_lcLookaheadLeft": 28.1866, "bus_lcPushy": 0.1513, "bus_lcSigma": 0.3412, "bus_lcSpeedGainRight": 3.8395, "bus_lcSublane": 0.6397, "bus_sigma": 0.4015, "bus_tau_mean": 0.5826, "bus_tau_std": 1.0942, "bus_v_mean": 10.2659, "bus_v_std": 6.6684, "car_acc": 1.4627, "car_dcc": 0.8666, "car_lcAssertive": 22.1356, "car_lcCooperative": 0.2994, "car_lcLookaheadLeft": 94.4888, "car_lcPushy": 0.1119, "car_lcSigma": 0.4451, "car_lcSpeedGainRight": 4.7892, "car_lcSublane": 0.8077, "car_sigma": 0.3469, "car_tau_mean": 3.411, "car_tau_std": 4.0895, "car_v_mean": 19.9566, "car_v_std": 5.6101}, "datetime": {"datetime": "2024-08-11 18:18:34", "elapsed": 2185.495638, "delta": 2.884858}}
{"target": -0.38124258102008807, "params": {"bus_acc": 1.6019, "bus_dcc": 3.2667, "bus_lcAssertive": 4.5038, "bus_lcCooperative": 0.4737, "bus_lcLookaheadLeft": 61.4419, "bus_lcPushy": 0.2755, "bus_lcSigma": 0.507, "bus_lcSpeedGainRight": 3.4505, "bus_lcSublane": 0.7913, "bus_sigma": 0.8012, "bus_tau_mean": 2.612, "bus_tau_std": 4.7938, "bus_v_mean": 20.1781, "bus_v_std": 15.1569, "car_acc": 3.8838, "car_dcc": 3.2656, "car_lcAssertive": 80.9804, "car_lcCooperative": 0.1366, "car_lcLookaheadLeft": 24.1165, "car_lcPushy": 0.5987, "car_lcSigma": 0.8264, "car_lcSpeedGainRight": 2.1449, "car_lcSublane": 0.3028, "car_sigma": 0.2432, "car_tau_mean": 2.2596, "car_tau_std": 6.6657, "car_v_mean": 15.5038, "car_v_std": 3.8927}, "datetime": {"datetime": "2024-08-11 18:18:38", "elapsed": 2189.62298, "delta": 4.127342}}
{"target": -0.31514182404750546, "params": {"bus_acc": 1.9975, "bus_dcc": 0.3866, "bus_lcAssertive": 24.3659, "bus_lcCooperative": 0.2243, "bus_lcLookaheadLeft": 51.9872, "bus_lcPushy": 0.1972, "bus_lcSigma": 0.9206, "bus_lcSpeedGainRight": 4.8578, "bus_lcSublane": 0.771, "bus_sigma": 0.5734, "bus_tau_mean": 1.9876, "bus_tau_std": 3.2419, "bus_v_mean": 13.328, "bus_v_std": 8.8194, "car_acc": 0.7499, "car_dcc": 3.5311, "car_lcAssertive": 78.3441, "car_lcCooperative": 0.4685, "car_lcLookaheadLeft": 48.0079, "car_lcPushy": 0.4572, "car_lcSigma": 0.1282, "car_lcSpeedGainRight": 0.7976, "car_lcSublane": 0.9744, "car_sigma": 0.9235, "car_tau_mean": 3.8854, "car_tau_std": 6.0771, "car_v_mean": 10.6291, "car_v_std": 3.2156}, "datetime": {"datetime": "2024-08-11 18:18:42", "elapsed": 2193.538477, "delta": 3.915497}}
{"target": -0.4223563303149134, "params": {"bus_acc": 1.8891, "bus_dcc": 0.2843, "bus_lcAssertive": 71.5128, "bus_lcCooperative": 0.3786, "bus_lcLookaheadLeft": 32.8015, "bus_lcPushy": 0.3693, "bus_lcSigma": 0.8728, "bus_lcSpeedGainRight": 0.7609, "bus_lcSublane": 0.7163, "bus_sigma": 0.8368, "bus_tau_mean": 2.2181, "bus_tau_std": 9.4489, "bus_v_mean": 8.9827, "bus_v_std": 1.839, "car_acc": 1.4441, "car_dcc": 1.3622, "car_lcAssertive": 91.9777, "car_lcCooperative": 0.0936, "car_lcLookaheadLeft": 37.2586, "car_lcPushy": 0.211, "car_lcSigma": 0.8861, "car_lcSpeedGainRight": 4.2233, "car_lcSublane": 0.634, "car_sigma": 0.8016, "car_tau_mean": 3.4432, "car_tau_std": 3.4722, "car_v_mean": 8.1769, "car_v_std": 4.1211}, "datetime": {"datetime": "2024-08-11 18:18:48", "elapsed": 2198.811262, "delta": 5.272785}}
{"target": -0.39304853677266194, "params": {"bus_acc": 0.6685, "bus_dcc": 0.8117, "bus_lcAssertive": 26.5247, "bus_lcCooperative": 0.4083, "bus_lcLookaheadLeft": 52.5397, "bus_lcPushy": 0.4324, "bus_lcSigma": 0.6132, "bus_lcSpeedGainRight": 0.8795, "bus_lcSublane": 0.7303, "bus_sigma": 0.9753, "bus_tau_mean": 2.0993, "bus_tau_std": 9.3538, "bus_v_mean": 18.7282, "bus_v_std": 14.0004, "car_acc": 3.5105, "car_dcc": 0.3776, "car_lcAssertive": 50.3945, "car_lcCooperative": 0.6838, "car_lcLookaheadLeft": 69.5722, "car_lcPushy": 0.6308, "car_lcSigma": 0.9936, "car_lcSpeedGainRight": 4.8401, "car_lcSublane": 0.1585, "car_sigma": 0.5806, "car_tau_mean": 1.387, "car_tau_std": 9.1238, "car_v_mean": 11.8662, "car_v_std": 19.6117}, "datetime": {"datetime": "2024-08-11 18:18:50", "elapsed": 2201.454394, "delta": 2.643132}}
{"target": -0.5493007826614926, "params": {"bus_acc": 2.5123, "bus_dcc": 2.54, "bus_lcAssertive": 55.0534, "bus_lcCooperative": 0.936, "bus_lcLookaheadLeft": 92.7357, "bus_lcPushy": 0.4456, "bus_lcSigma": 0.4933, "bus_lcSpeedGainRight": 2.268, "bus_lcSublane": 0.685, "bus_sigma": 0.5916, "bus_tau_mean": 3.6595, "bus_tau_std": 5.5861, "bus_v_mean": 11.3236, "bus_v_std": 6.7378, "car_acc": 3.4508, "car_dcc": 0.7756, "car_lcAssertive": 14.2937, "car_lcCooperative": 0.5632, "car_lcLookaheadLeft": 74.5892, "car_lcPushy": 0.5267, "car_lcSigma": 0.9947, "car_lcSpeedGainRight": 0.0255, "car_lcSublane": 0.7908, "car_sigma": 0.2096, "car_tau_mean": 3.1106, "car_tau_std": 7.5512, "car_v_mean": 18.9623, "car_v_std": 5.5546}, "datetime": {"datetime": "2024-08-11 18:18:54", "elapsed": 2204.799194, "delta": 3.3448}}
{"target": -0.5692613427979932, "params": {"bus_acc": 3.5322, "bus_dcc": 3.1991, "bus_lcAssertive": 57.5506, "bus_lcCooperative": 0.9824, "bus_lcLookaheadLeft": 23.2788, "bus_lcPushy": 0.1111, "bus_lcSigma": 0.3564, "bus_lcSpeedGainRight": 0.7676, "bus_lcSublane": 0.3301, "bus_sigma": 0.4755, "bus_tau_mean": 2.7821, "bus_tau_std": 5.1991, "bus_v_mean": 13.4602, "bus_v_std": 11.1018, "car_acc": 2.7941, "car_dcc": 2.3808, "car_lcAssertive": 25.5072, "car_lcCooperative": 0.6779, "car_lcLookaheadLeft": 86.5944, "car_lcPushy": 0.6978, "car_lcSigma": 0.5206, "car_lcSpeedGainRight": 4.2405, "car_lcSublane": 0.6178, "car_sigma": 0.1198, "car_tau_mean": 3.3926, "car_tau_std": 5.6792, "car_v_mean": 18.2787, "car_v_std": 18.8279}, "datetime": {"datetime": "2024-08-11 18:18:57", "elapsed": 2207.791723, "delta": 2.992529}}
{"target": -0.5555920507075172, "params": {"bus_acc": 3.7685, "bus_dcc": 3.6721, "bus_lcAssertive": 36.9444, "bus_lcCooperative": 0.8583, "bus_lcLookaheadLeft": 9.312, "bus_lcPushy": 0.8452, "bus_lcSigma": 0.6128, "bus_lcSpeedGainRight": 3.5226, "bus_lcSublane": 0.591, "bus_sigma": 0.0565, "bus_tau_mean": 0.6501, "bus_tau_std": 6.6501, "bus_v_mean": 13.4971, "bus_v_std": 8.3319, "car_acc": 1.7926, "car_dcc": 2.0018, "car_lcAssertive": 26.5067, "car_lcCooperative": 0.5696, "car_lcLookaheadLeft": 63.4582, "car_lcPushy": 0.9027, "car_lcSigma": 0.0924, "car_lcSpeedGainRight": 0.2484, "car_lcSublane": 0.7856, "car_sigma": 0.4438, "car_tau_mean": 3.6109, "car_tau_std": 3.401, "car_v_mean": 8.4075, "car_v_std": 16.5312}, "datetime": {"datetime": "2024-08-11 18:19:04", "elapsed": 2215.538984, "delta": 7.747261}}
{"target": -0.46130601570076707, "params": {"bus_acc": 3.1081, "bus_dcc": 3.6937, "bus_lcAssertive": 64.4204, "bus_lcCooperative": 0.4657, "bus_lcLookaheadLeft": 69.9898, "bus_lcPushy": 0.6986, "bus_lcSigma": 0.8552, "bus_lcSpeedGainRight": 3.9803, "bus_lcSublane": 0.6605, "bus_sigma": 0.221, "bus_tau_mean": 2.6669, "bus_tau_std": 0.7607, "bus_v_mean": 14.7652, "bus_v_std": 18.3924, "car_acc": 3.7737, "car_dcc": 2.9302, "car_lcAssertive": 99.8496, "car_lcCooperative": 0.7118, "car_lcLookaheadLeft": 65.1869, "car_lcPushy": 0.1618, "car_lcSigma": 0.4328, "car_lcSpeedGainRight": 1.7573, "car_lcSublane": 0.3662, "car_sigma": 0.8746, "car_tau_mean": 0.7153, "car_tau_std": 0.877, "car_v_mean": 15.8305, "car_v_std": 19.7997}, "datetime": {"datetime": "2024-08-11 18:19:08", "elapsed": 2218.899162, "delta": 3.360178}}
{"target": -0.33858013279722327, "params": {"bus_acc": 1.6122, "bus_dcc": 0.9936, "bus_lcAssertive": 93.8896, "bus_lcCooperative": 0.5201, "bus_lcLookaheadLeft": 93.0335, "bus_lcPushy": 0.7954, "bus_lcSigma": 0.8091, "bus_lcSpeedGainRight": 1.6163, "bus_lcSublane": 0.9202, "bus_sigma": 0.7778, "bus_tau_mean": 3.3822, "bus_tau_std": 4.0476, "bus_v_mean": 25.352, "bus_v_std": 9.8628, "car_acc": 0.7928, "car_dcc": 2.1813, "car_lcAssertive": 91.1407, "car_lcCooperative": 0.8285, "car_lcLookaheadLeft": 8.3667, "car_lcPushy": 0.4739, "car_lcSigma": 0.1607, "car_lcSpeedGainRight": 4.7, "car_lcSublane": 0.8732, "car_sigma": 0.7508, "car_tau_mean": 1.0439, "car_tau_std": 2.3939, "car_v_mean": 13.6275, "car_v_std": 18.1589}, "datetime": {"datetime": "2024-08-11 18:19:12", "elapsed": 2223.467097, "delta": 4.567935}}
{"target": -0.2271777733527016, "params": {"bus_acc": 1.2134, "bus_dcc": 0.3409, "bus_lcAssertive": 72.7558, "bus_lcCooperative": 0.7377, "bus_lcLookaheadLeft": 46.4681, "bus_lcPushy": 0.4305, "bus_lcSigma": 0.2639, "bus_lcSpeedGainRight": 2.7328, "bus_lcSublane": 0.6461, "bus_sigma": 0.7943, "bus_tau_mean": 2.8402, "bus_tau_std": 5.4535, "bus_v_mean": 16.5877, "bus_v_std": 0.0644, "car_acc": 0.2996, "car_dcc": 3.9594, "car_lcAssertive": 20.114, "car_lcCooperative": 0.252, "car_lcLookaheadLeft": 81.3929, "car_lcPushy": 0.948, "car_lcSigma": 0.1704, "car_lcSpeedGainRight": 2.9491, "car_lcSublane": 0.2798, "car_sigma": 0.2771, "car_tau_mean": 2.4824, "car_tau_std": 2.3003, "car_v_mean": 12.6806, "car_v_std": 9.0759}, "datetime": {"datetime": "2024-08-11 18:19:16", "elapsed": 2227.250662, "delta": 3.783565}}
{"target": -0.3787828166690579, "params": {"bus_acc": 1.9803, "bus_dcc": 3.1538, "bus_lcAssertive": 34.9314, "bus_lcCooperative": 0.9945, "bus_lcLookaheadLeft": 25.3113, "bus_lcPushy": 0.8963, "bus_lcSigma": 0.4838, "bus_lcSpeedGainRight": 0.7076, "bus_lcSublane": 0.728, "bus_sigma": 0.3973, "bus_tau_mean": 3.1632, "bus_tau_std": 4.9743, "bus_v_mean": 22.0603, "bus_v_std": 18.7034, "car_acc": 1.1585, "car_dcc": 2.3348, "car_lcAssertive": 64.8835, "car_lcCooperative": 0.2435, "car_lcLookaheadLeft": 46.3076, "car_lcPushy": 0.9146, "car_lcSigma": 0.8152, "car_lcSpeedGainRight": 2.4391, "car_lcSublane": 0.0429, "car_sigma": 0.2401, "car_tau_mean": 1.9205, "car_tau_std": 2.5063, "car_v_mean": 16.4884, "car_v_std": 4.4197}, "datetime": {"datetime": "2024-08-11 18:19:21", "elapsed": 2231.95528, "delta": 4.704618}}
{"target": -0.5956643972374028, "params": {"bus_acc": 0.6479, "bus_dcc": 0.8442, "bus_lcAssertive": 44.0243, "bus_lcCooperative": 0.0214, "bus_lcLookaheadLeft": 86.1937, "bus_lcPushy": 0.2062, "bus_lcSigma": 0.6938, "bus_lcSpeedGainRight": 2.8222, "bus_lcSublane": 0.8162, "bus_sigma": 0.4223, "bus_tau_mean": 3.2039, "bus_tau_std": 0.4241, "bus_v_mean": 18.5451, "bus_v_std": 7.551, "car_acc": 2.7738, "car_dcc": 2.8137, "car_lcAssertive": 68.7718, "car_lcCooperative": 0.2534, "car_lcLookaheadLeft": 24.547, "car_lcPushy": 0.4046, "car_lcSigma": 0.2934, "car_lcSpeedGainRight": 0.6484, "car_lcSublane": 0.2235, "car_sigma": 0.5822, "car_tau_mean": 1.5949, "car_tau_std": 0.1197, "car_v_mean": 12.9091, "car_v_std": 9.6628}, "datetime": {"datetime": "2024-08-11 18:19:24", "elapsed": 2235.593215, "delta": 3.637935}}
{"target": -0.42985827849520347, "params": {"bus_acc": 3.1646, "bus_dcc": 3.9132, "bus_lcAssertive": 15.8713, "bus_lcCooperative": 0.7577, "bus_lcLookaheadLeft": 16.4093, "bus_lcPushy": 0.7356, "bus_lcSigma": 0.4228, "bus_lcSpeedGainRight": 3.9667, "bus_lcSublane": 0.3687, "bus_sigma": 0.2623, "bus_tau_mean": 2.1333, "bus_tau_std": 4.5263, "bus_v_mean": 10.6906, "bus_v_std": 4.0693, "car_acc": 1.3981, "car_dcc": 1.2022, "car_lcAssertive": 39.518, "car_lcCooperative": 0.3219, "car_lcLookaheadLeft": 75.9241, "car_lcPushy": 0.5507, "car_lcSigma": 0.1933, "car_lcSpeedGainRight": 2.8515, "car_lcSublane": 0.6742, "car_sigma": 0.1393, "car_tau_mean": 3.4947, "car_tau_std": 4.4071, "car_v_mean": 8.012, "car_v_std": 11.1491}, "datetime": {"datetime": "2024-08-11 18:19:27", "elapsed": 2238.42581, "delta": 2.832595}}
{"target": -0.41405861680171513, "params": {"bus_acc": 3.8886, "bus_dcc": 3.8344, "bus_lcAssertive": 76.2108, "bus_lcCooperative": 0.5218, "bus_lcLookaheadLeft": 18.0541, "bus_lcPushy": 0.0057, "bus_lcSigma": 0.2584, "bus_lcSpeedGainRight": 1.7556, "bus_lcSublane": 0.6891, "bus_sigma": 0.6218, "bus_tau_mean": 2.9452, "bus_tau_std": 3.33, "bus_v_mean": 23.4741, "bus_v_std": 18.8033, "car_acc": 0.5341, "car_dcc": 1.2038, "car_lcAssertive": 51.5005, "car_lcCooperative": 0.3506, "car_lcLookaheadLeft": 74.7347, "car_lcPushy": 0.5426, "car_lcSigma": 0.0166, "car_lcSpeedGainRight": 2.0269, "car_lcSublane": 0.2467, "car_sigma": 0.5794, "car_tau_mean": 3.2609, "car_tau_std": 6.0397, "car_v_mean": 12.531, "car_v_std": 18.0262}, "datetime": {"datetime": "2024-08-11 18:19:30", "elapsed": 2241.340313, "delta": 2.914503}}
