{"target": -0.18502983844870904, "params": {"bus_acc": 2.656, "bus_dcc": 0.5896, "bus_lcAssertive": 86.8085, "bus_lcCooperative": 0.0732, "bus_lcLookaheadLeft": 36.2496, "bus_lcPushy": 0.4727, "bus_lcSigma": 0.1208, "bus_lcSpeedGainRight": 4.1549, "bus_lcSublane": 0.9911, "bus_sigma": 0.9975, "bus_tau_mean": 2.008, "bus_tau_std": 7.7832, "bus_v_mean": 17.8943, "bus_v_std": 6.0739, "car_acc": 1.8886, "car_dcc": 3.0251, "car_lcAssertive": 65.3353, "car_lcCooperative": 0.715, "car_lcLookaheadLeft": 21.468, "car_lcPushy": 0.8509, "car_lcSigma": 0.1804, "car_lcSpeedGainRight": 3.6451, "car_lcSublane": 0.7862, "car_sigma": 0.4227, "car_tau_mean": 3.268, "car_tau_std": 2.5816, "car_v_mean": 21.1924, "car_v_std": 13.9966}, "datetime": {"datetime": "2024-09-05 11:32:07", "elapsed": 2583.353852, "delta": 2.01932}}
{"target": -0.21393295830352144, "params": {"bus_acc": 0.4229, "bus_dcc": 2.6706, "bus_lcAssertive": 30.5561, "bus_lcCooperative": 0.6907, "bus_lcLookaheadLeft": 26.5424, "bus_lcPushy": 0.4246, "bus_lcSigma": 0.7882, "bus_lcSpeedGainRight": 3.8373, "bus_lcSublane": 0.659, "bus_sigma": 0.0934, "bus_tau_mean": 3.6189, "bus_tau_std": 5.7767, "bus_v_mean": 8.4784, "bus_v_std": 15.2929, "car_acc": 1.5642, "car_dcc": 1.374, "car_lcAssertive": 31.0463, "car_lcCooperative": 0.8729, "car_lcLookaheadLeft": 3.7921, "car_lcPushy": 0.3537, "car_lcSigma": 0.7626, "car_lcSpeedGainRight": 0.1459, "car_lcSublane": 0.3189, "car_sigma": 0.2562, "car_tau_mean": 1.5781, "car_tau_std": 4.0913, "car_v_mean": 9.932, "car_v_std": 0.5327}, "datetime": {"datetime": "2024-09-05 11:32:13", "elapsed": 2588.720848, "delta": 5.366996}}
{"target": -0.20800134101354695, "params": {"bus_acc": 1.0648, "bus_dcc": 2.8328, "bus_lcAssertive": 96.2759, "bus_lcCooperative": 0.5704, "bus_lcLookaheadLeft": 65.6419, "bus_lcPushy": 0.4774, "bus_lcSigma": 0.1678, "bus_lcSpeedGainRight": 4.2258, "bus_lcSublane": 0.5459, "bus_sigma": 0.8379, "bus_tau_mean": 2.6693, "bus_tau_std": 7.562, "bus_v_mean": 17.7743, "bus_v_std": 7.239, "car_acc": 2.3531, "car_dcc": 1.2665, "car_lcAssertive": 92.9158, "car_lcCooperative": 0.7747, "car_lcLookaheadLeft": 78.0379, "car_lcPushy": 0.2381, "car_lcSigma": 0.2608, "car_lcSpeedGainRight": 2.8234, "car_lcSublane": 0.7605, "car_sigma": 0.5925, "car_tau_mean": 3.9057, "car_tau_std": 2.8426, "car_v_mean": 11.82, "car_v_std": 13.0927}, "datetime": {"datetime": "2024-09-05 11:32:20", "elapsed": 2596.451225, "delta": 7.730377}}
{"target": -0.18844023415162212, "params": {"bus_acc": 3.7728, "bus_dcc": 1.6751, "bus_lcAssertive": 71.5028, "bus_lcCooperative": 0.563, "bus_lcLookaheadLeft": 75.5322, "bus_lcPushy": 0.6281, "bus_lcSigma": 0.408, "bus_lcSpeedGainRight": 4.6555, "bus_lcSublane": 0.9287, "bus_sigma": 0.6193, "bus_tau_mean": 3.3454, "bus_tau_std": 9.1455, "bus_v_mean": 8.6675, "bus_v_std": 4.7565, "car_acc": 2.8861, "car_dcc": 2.116, "car_lcAssertive": 77.5699, "car_lcCooperative": 0.6171, "car_lcLookaheadLeft": 79.0058, "car_lcPushy": 0.718, "car_lcSigma": 0.1914, "car_lcSpeedGainRight": 1.0744, "car_lcSublane": 0.1707, "car_sigma": 0.4125, "car_tau_mean": 2.079, "car_tau_std": 4.6823, "car_v_mean": 13.5923, "car_v_std": 19.3722}, "datetime": {"datetime": "2024-09-05 11:32:48", "elapsed": 2623.689723, "delta": 27.238498}}
{"target": -0.18708678335770754, "params": {"bus_acc": 1.5436, "bus_dcc": 3.9183, "bus_lcAssertive": 43.719, "bus_lcCooperative": 0.5475, "bus_lcLookaheadLeft": 87.6291, "bus_lcPushy": 0.3134, "bus_lcSigma": 0.4163, "bus_lcSpeedGainRight": 1.0059, "bus_lcSublane": 0.3135, "bus_sigma": 0.4616, "bus_tau_mean": 3.4566, "bus_tau_std": 0.4356, "bus_v_mean": 21.5708, "bus_v_std": 5.985, "car_acc": 3.4337, "car_dcc": 1.5866, "car_lcAssertive": 26.9379, "car_lcCooperative": 0.1455, "car_lcLookaheadLeft": 96.3927, "car_lcPushy": 0.7272, "car_lcSigma": 0.6617, "car_lcSpeedGainRight": 1.8732, "car_lcSublane": 0.688, "car_sigma": 0.4155, "car_tau_mean": 1.2323, "car_tau_std": 1.8941, "car_v_mean": 23.5364, "car_v_std": 11.3292}, "datetime": {"datetime": "2024-09-05 11:32:57", "elapsed": 2632.55313, "delta": 8.863407}}
{"target": -0.2845214077690894, "params": {"bus_acc": 3.6584, "bus_dcc": 1.3882, "bus_lcAssertive": 85.1948, "bus_lcCooperative": 0.9641, "bus_lcLookaheadLeft": 28.0419, "bus_lcPushy": 0.066, "bus_lcSigma": 0.1078, "bus_lcSpeedGainRight": 4.0308, "bus_lcSublane": 0.5176, "bus_sigma": 0.4907, "bus_tau_mean": 2.4094, "bus_tau_std": 9.5182, "bus_v_mean": 13.0382, "bus_v_std": 16.2492, "car_acc": 0.2389, "car_dcc": 1.8652, "car_lcAssertive": 58.6134, "car_lcCooperative": 0.3961, "car_lcLookaheadLeft": 94.0026, "car_lcPushy": 0.883, "car_lcSigma": 0.1991, "car_lcSpeedGainRight": 1.6076, "car_lcSublane": 0.3071, "car_sigma": 0.6878, "car_tau_mean": 0.9813, "car_tau_std": 7.3539, "car_v_mean": 24.7825, "car_v_std": 8.0797}, "datetime": {"datetime": "2024-09-05 11:33:02", "elapsed": 2638.232387, "delta": 5.679257}}
{"target": -0.7844397085932137, "params": {"bus_acc": 0.3829, "bus_dcc": 1.1347, "bus_lcAssertive": 7.3482, "bus_lcCooperative": 0.767, "bus_lcLookaheadLeft": 86.5133, "bus_lcPushy": 0.9661, "bus_lcSigma": 0.8149, "bus_lcSpeedGainRight": 4.151, "bus_lcSublane": 0.338, "bus_sigma": 0.8977, "bus_tau_mean": 2.1837, "bus_tau_std": 4.5219, "bus_v_mean": 16.5557, "bus_v_std": 0.9684, "car_acc": 3.521, "car_dcc": 2.1868, "car_lcAssertive": 46.1295, "car_lcCooperative": 0.7788, "car_lcLookaheadLeft": 46.874, "car_lcPushy": 0.4234, "car_lcSigma": 0.3605, "car_lcSpeedGainRight": 1.0594, "car_lcSublane": 0.2792, "car_sigma": 0.1539, "car_tau_mean": 3.2539, "car_tau_std": 2.14, "car_v_mean": 18.9174, "car_v_std": 14.6792}, "datetime": {"datetime": "2024-09-05 11:33:15", "elapsed": 2651.127729, "delta": 12.895342}}
{"target": -0.18746715302965566, "params": {"bus_acc": 3.3939, "bus_dcc": 2.7315, "bus_lcAssertive": 5.7417, "bus_lcCooperative": 0.8367, "bus_lcLookaheadLeft": 34.4915, "bus_lcPushy": 0.5845, "bus_lcSigma": 0.6541, "bus_lcSpeedGainRight": 4.0952, "bus_lcSublane": 0.6739, "bus_sigma": 0.07, "bus_tau_mean": 0.8098, "bus_tau_std": 7.9998, "bus_v_mean": 12.8336, "bus_v_std": 16.5329, "car_acc": 2.5428, "car_dcc": 0.6885, "car_lcAssertive": 31.6099, "car_lcCooperative": 0.1688, "car_lcLookaheadLeft": 73.0866, "car_lcPushy": 0.7127, "car_lcSigma": 0.9435, "car_lcSpeedGainRight": 4.0479, "car_lcSublane": 0.1639, "car_sigma": 0.4482, "car_tau_mean": 3.9319, "car_tau_std": 3.4054, "car_v_mean": 16.464, "car_v_std": 11.326}, "datetime": {"datetime": "2024-09-05 11:33:36", "elapsed": 2672.345401, "delta": 21.217672}}
{"target": -0.23094508728571683, "params": {"bus_acc": 1.1809, "bus_dcc": 1.2807, "bus_lcAssertive": 35.2125, "bus_lcCooperative": 0.4369, "bus_lcLookaheadLeft": 37.3232, "bus_lcPushy": 0.8152, "bus_lcSigma": 0.7837, "bus_lcSpeedGainRight": 0.596, "bus_lcSublane": 0.8982, "bus_sigma": 0.8748, "bus_tau_mean": 1.5096, "bus_tau_std": 0.0406, "bus_v_mean": 24.4041, "bus_v_std": 14.6209, "car_acc": 0.705, "car_dcc": 0.2808, "car_lcAssertive": 31.4406, "car_lcCooperative": 0.1788, "car_lcLookaheadLeft": 72.8982, "car_lcPushy": 0.1256, "car_lcSigma": 0.3417, "car_lcSpeedGainRight": 0.388, "car_lcSublane": 0.2737, "car_sigma": 0.2542, "car_tau_mean": 3.8538, "car_tau_std": 3.4654, "car_v_mean": 22.3148, "car_v_std": 12.1347}, "datetime": {"datetime": "2024-09-05 11:33:39", "elapsed": 2675.144487, "delta": 2.799086}}
{"target": -0.17009131446867512, "params": {"bus_acc": 0.4801, "bus_dcc": 1.2765, "bus_lcAssertive": 35.3825, "bus_lcCooperative": 0.5599, "bus_lcLookaheadLeft": 68.8086, "bus_lcPushy": 0.476, "bus_lcSigma": 0.4492, "bus_lcSpeedGainRight": 2.8301, "bus_lcSublane": 0.0056, "bus_sigma": 0.4933, "bus_tau_mean": 1.6339, "bus_tau_std": 2.538, "bus_v_mean": 10.08, "bus_v_std": 14.9099, "car_acc": 1.9825, "car_dcc": 2.0223, "car_lcAssertive": 31.225, "car_lcCooperative": 0.2631, "car_lcLookaheadLeft": 47.6999, "car_lcPushy": 0.0293, "car_lcSigma": 0.1321, "car_lcSpeedGainRight": 1.2658, "car_lcSublane": 0.5335, "car_sigma": 0.5575, "car_tau_mean": 3.06, "car_tau_std": 5.9811, "car_v_mean": 24.1759, "car_v_std": 4.8879}, "datetime": {"datetime": "2024-09-05 11:33:41", "elapsed": 2676.897598, "delta": 1.753111}}
{"target": -0.23008414403691746, "params": {"bus_acc": 1.2406, "bus_dcc": 3.5968, "bus_lcAssertive": 67.0435, "bus_lcCooperative": 0.8943, "bus_lcLookaheadLeft": 58.3092, "bus_lcPushy": 0.4215, "bus_lcSigma": 0.1734, "bus_lcSpeedGainRight": 1.8891, "bus_lcSublane": 0.4247, "bus_sigma": 0.7583, "bus_tau_mean": 2.9027, "bus_tau_std": 1.5257, "bus_v_mean": 11.2016, "bus_v_std": 8.5467, "car_acc": 1.2725, "car_dcc": 2.8912, "car_lcAssertive": 81.1069, "car_lcCooperative": 0.3208, "car_lcLookaheadLeft": 67.6066, "car_lcPushy": 0.435, "car_lcSigma": 0.7554, "car_lcSpeedGainRight": 3.7145, "car_lcSublane": 0.9556, "car_sigma": 0.1213, "car_tau_mean": 0.8, "car_tau_std": 0.7433, "car_v_mean": 14.0509, "car_v_std": 18.8216}, "datetime": {"datetime": "2024-09-05 11:33:42", "elapsed": 2678.363973, "delta": 1.466375}}
{"target": -0.1990940007505975, "params": {"bus_acc": 3.1242, "bus_dcc": 2.2108, "bus_lcAssertive": 85.3882, "bus_lcCooperative": 0.0137, "bus_lcLookaheadLeft": 13.1921, "bus_lcPushy": 0.1254, "bus_lcSigma": 0.481, "bus_lcSpeedGainRight": 3.5446, "bus_lcSublane": 0.9086, "bus_sigma": 0.1339, "bus_tau_mean": 2.0274, "bus_tau_std": 3.9558, "bus_v_mean": 10.4193, "bus_v_std": 18.1435, "car_acc": 1.5155, "car_dcc": 1.808, "car_lcAssertive": 95.7961, "car_lcCooperative": 0.9184, "car_lcLookaheadLeft": 85.5702, "car_lcPushy": 0.1066, "car_lcSigma": 0.7926, "car_lcSpeedGainRight": 4.9282, "car_lcSublane": 0.8646, "car_sigma": 0.8813, "car_tau_mean": 1.4922, "car_tau_std": 4.9752, "car_v_mean": 15.0732, "car_v_std": 0.2878}, "datetime": {"datetime": "2024-09-05 11:33:54", "elapsed": 2689.603147, "delta": 11.239174}}
{"target": -0.18809620714574718, "params": {"bus_acc": 0.3993, "bus_dcc": 2.9337, "bus_lcAssertive": 18.5256, "bus_lcCooperative": 0.6886, "bus_lcLookaheadLeft": 10.5437, "bus_lcPushy": 0.0104, "bus_lcSigma": 0.7462, "bus_lcSpeedGainRight": 0.2172, "bus_lcSublane": 0.1923, "bus_sigma": 0.6717, "bus_tau_mean": 1.8797, "bus_tau_std": 2.3282, "bus_v_mean": 19.4412, "bus_v_std": 10.8126, "car_acc": 2.4554, "car_dcc": 1.2643, "car_lcAssertive": 26.6416, "car_lcCooperative": 0.0439, "car_lcLookaheadLeft": 51.4562, "car_lcPushy": 0.4086, "car_lcSigma": 0.2145, "car_lcSpeedGainRight": 2.8434, "car_lcSublane": 0.0356, "car_sigma": 0.8924, "car_tau_mean": 2.0846, "car_tau_std": 2.4571, "car_v_mean": 22.2926, "car_v_std": 6.7437}, "datetime": {"datetime": "2024-09-05 11:34:06", "elapsed": 2702.241779, "delta": 12.638632}}
{"target": -0.537760203064244, "params": {"bus_acc": 3.9332, "bus_dcc": 3.4888, "bus_lcAssertive": 21.433, "bus_lcCooperative": 0.7779, "bus_lcLookaheadLeft": 20.8678, "bus_lcPushy": 0.5576, "bus_lcSigma": 0.1134, "bus_lcSpeedGainRight": 3.4694, "bus_lcSublane": 0.6443, "bus_sigma": 0.7631, "bus_tau_mean": 2.1663, "bus_tau_std": 9.4288, "bus_v_mean": 25.8171, "bus_v_std": 13.5455, "car_acc": 0.585, "car_dcc": 2.2758, "car_lcAssertive": 64.4812, "car_lcCooperative": 0.1774, "car_lcLookaheadLeft": 2.1543, "car_lcPushy": 0.8687, "car_lcSigma": 0.9806, "car_lcSpeedGainRight": 4.7607, "car_lcSublane": 0.5547, "car_sigma": 0.0181, "car_tau_mean": 3.4632, "car_tau_std": 4.5108, "car_v_mean": 14.7743, "car_v_std": 2.722}, "datetime": {"datetime": "2024-09-05 11:34:09", "elapsed": 2704.936753, "delta": 2.694974}}
{"target": -0.22001680927175307, "params": {"bus_acc": 1.0735, "bus_dcc": 0.8718, "bus_lcAssertive": 19.1948, "bus_lcCooperative": 0.7862, "bus_lcLookaheadLeft": 59.6561, "bus_lcPushy": 0.5091, "bus_lcSigma": 0.8214, "bus_lcSpeedGainRight": 1.1704, "bus_lcSublane": 0.9255, "bus_sigma": 0.5772, "bus_tau_mean": 2.2629, "bus_tau_std": 7.0477, "bus_v_mean": 15.1926, "bus_v_std": 3.2941, "car_acc": 1.1793, "car_dcc": 0.8149, "car_lcAssertive": 19.1212, "car_lcCooperative": 0.9791, "car_lcLookaheadLeft": 79.1716, "car_lcPushy": 0.2497, "car_lcSigma": 0.3724, "car_lcSpeedGainRight": 4.6666, "car_lcSublane": 0.2929, "car_sigma": 0.0972, "car_tau_mean": 2.7901, "car_tau_std": 2.5787, "car_v_mean": 19.1812, "car_v_std": 18.5485}, "datetime": {"datetime": "2024-09-05 11:34:18", "elapsed": 2714.134875, "delta": 9.198122}}
{"target": -0.2152661919295332, "params": {"bus_acc": 1.9893, "bus_dcc": 2.2749, "bus_lcAssertive": 84.2599, "bus_lcCooperative": 0.1226, "bus_lcLookaheadLeft": 62.5001, "bus_lcPushy": 0.1926, "bus_lcSigma": 0.3066, "bus_lcSpeedGainRight": 1.6991, "bus_lcSublane": 0.2103, "bus_sigma": 0.6942, "bus_tau_mean": 2.6769, "bus_tau_std": 4.3753, "bus_v_mean": 8.2929, "bus_v_std": 8.9754, "car_acc": 1.1045, "car_dcc": 2.4939, "car_lcAssertive": 35.7625, "car_lcCooperative": 0.761, "car_lcLookaheadLeft": 45.8819, "car_lcPushy": 0.5615, "car_lcSigma": 0.3986, "car_lcSpeedGainRight": 3.4847, "car_lcSublane": 0.0039, "car_sigma": 0.5163, "car_tau_mean": 1.9405, "car_tau_std": 5.2371, "car_v_mean": 9.1681, "car_v_std": 6.8649}, "datetime": {"datetime": "2024-09-05 11:34:27", "elapsed": 2723.403425, "delta": 9.26855}}
{"target": -0.20874559847280824, "params": {"bus_acc": 1.922, "bus_dcc": 3.7799, "bus_lcAssertive": 84.6182, "bus_lcCooperative": 0.7529, "bus_lcLookaheadLeft": 24.1058, "bus_lcPushy": 0.0622, "bus_lcSigma": 0.9423, "bus_lcSpeedGainRight": 2.6488, "bus_lcSublane": 0.6594, "bus_sigma": 0.9087, "bus_tau_mean": 3.6021, "bus_tau_std": 9.901, "bus_v_mean": 8.9174, "bus_v_std": 17.1562, "car_acc": 2.7026, "car_dcc": 1.325, "car_lcAssertive": 68.4486, "car_lcCooperative": 0.8436, "car_lcLookaheadLeft": 23.473, "car_lcPushy": 0.9192, "car_lcSigma": 0.8481, "car_lcSpeedGainRight": 1.139, "car_lcSublane": 0.5557, "car_sigma": 0.6254, "car_tau_mean": 1.716, "car_tau_std": 2.8561, "car_v_mean": 25.2042, "car_v_std": 7.0486}, "datetime": {"datetime": "2024-09-05 11:34:34", "elapsed": 2730.234354, "delta": 6.830929}}
{"target": -0.5368453992957408, "params": {"bus_acc": 2.2496, "bus_dcc": 3.4896, "bus_lcAssertive": 86.776, "bus_lcCooperative": 0.1292, "bus_lcLookaheadLeft": 15.4107, "bus_lcPushy": 0.9148, "bus_lcSigma": 0.8862, "bus_lcSpeedGainRight": 2.2636, "bus_lcSublane": 0.8347, "bus_sigma": 0.6176, "bus_tau_mean": 0.965, "bus_tau_std": 4.5898, "bus_v_mean": 21.2294, "bus_v_std": 2.7946, "car_acc": 2.2332, "car_dcc": 1.0871, "car_lcAssertive": 16.7219, "car_lcCooperative": 0.2725, "car_lcLookaheadLeft": 52.4555, "car_lcPushy": 0.9733, "car_lcSigma": 0.8823, "car_lcSpeedGainRight": 4.0074, "car_lcSublane": 0.9641, "car_sigma": 0.0278, "car_tau_mean": 0.8727, "car_tau_std": 2.1837, "car_v_mean": 18.1395, "car_v_std": 13.8494}, "datetime": {"datetime": "2024-09-05 11:34:38", "elapsed": 2734.024152, "delta": 3.789798}}
{"target": -0.1847357246909086, "params": {"bus_acc": 2.9784, "bus_dcc": 1.7451, "bus_lcAssertive": 86.9059, "bus_lcCooperative": 0.9022, "bus_lcLookaheadLeft": 30.4759, "bus_lcPushy": 0.4907, "bus_lcSigma": 0.2705, "bus_lcSpeedGainRight": 2.418, "bus_lcSublane": 0.8666, "bus_sigma": 0.4473, "bus_tau_mean": 2.7197, "bus_tau_std": 1.536, "bus_v_mean": 16.9133, "bus_v_std": 2.3884, "car_acc": 1.5511, "car_dcc": 1.268, "car_lcAssertive": 10.0772, "car_lcCooperative": 0.8122, "car_lcLookaheadLeft": 65.9897, "car_lcPushy": 0.1557, "car_lcSigma": 0.0677, "car_lcSpeedGainRight": 4.1823, "car_lcSublane": 0.7757, "car_sigma": 0.4841, "car_tau_mean": 1.3365, "car_tau_std": 6.0898, "car_v_mean": 10.9932, "car_v_std": 7.4225}, "datetime": {"datetime": "2024-09-05 11:34:42", "elapsed": 2737.648024, "delta": 3.623872}}
{"target": -0.20572049983408183, "params": {"bus_acc": 1.1569, "bus_dcc": 3.1109, "bus_lcAssertive": 30.152, "bus_lcCooperative": 0.8448, "bus_lcLookaheadLeft": 27.6415, "bus_lcPushy": 0.595, "bus_lcSigma": 0.8715, "bus_lcSpeedGainRight": 1.0974, "bus_lcSublane": 0.1826, "bus_sigma": 0.9655, "bus_tau_mean": 3.7205, "bus_tau_std": 8.8245, "bus_v_mean": 10.9465, "bus_v_std": 10.7916, "car_acc": 0.8986, "car_dcc": 3.6701, "car_lcAssertive": 73.975, "car_lcCooperative": 0.6201, "car_lcLookaheadLeft": 79.486, "car_lcPushy": 0.193, "car_lcSigma": 0.5845, "car_lcSpeedGainRight": 0.5176, "car_lcSublane": 0.5546, "car_sigma": 0.0767, "car_tau_mean": 2.2999, "car_tau_std": 3.2952, "car_v_mean": 17.8043, "car_v_std": 1.6024}, "datetime": {"datetime": "2024-09-05 11:34:59", "elapsed": 2754.649503, "delta": 17.001479}}
{"target": -0.1899882849305389, "params": {"bus_acc": 3.3734, "bus_dcc": 1.5112, "bus_lcAssertive": 2.2631, "bus_lcCooperative": 0.1668, "bus_lcLookaheadLeft": 50.0862, "bus_lcPushy": 0.5687, "bus_lcSigma": 0.4469, "bus_lcSpeedGainRight": 1.0567, "bus_lcSublane": 0.7106, "bus_sigma": 0.0761, "bus_tau_mean": 1.6073, "bus_tau_std": 9.0881, "bus_v_mean": 20.0106, "bus_v_std": 15.2857, "car_acc": 2.7531, "car_dcc": 0.9322, "car_lcAssertive": 24.6336, "car_lcCooperative": 0.2871, "car_lcLookaheadLeft": 18.5296, "car_lcPushy": 0.9936, "car_lcSigma": 0.2309, "car_lcSpeedGainRight": 0.6788, "car_lcSublane": 0.5337, "car_sigma": 0.2384, "car_tau_mean": 2.3938, "car_tau_std": 3.6204, "car_v_mean": 24.4752, "car_v_std": 16.8222}, "datetime": {"datetime": "2024-09-05 11:35:05", "elapsed": 2760.857985, "delta": 6.208482}}
{"target": -0.20311912768733156, "params": {"bus_acc": 3.3354, "bus_dcc": 2.3502, "bus_lcAssertive": 96.8743, "bus_lcCooperative": 0.331, "bus_lcLookaheadLeft": 80.4481, "bus_lcPushy": 0.8616, "bus_lcSigma": 0.8727, "bus_lcSpeedGainRight": 4.7747, "bus_lcSublane": 0.0049, "bus_sigma": 0.2876, "bus_tau_mean": 2.101, "bus_tau_std": 4.7735, "bus_v_mean": 14.2553, "bus_v_std": 13.5253, "car_acc": 1.022, "car_dcc": 0.3502, "car_lcAssertive": 43.1822, "car_lcCooperative": 0.7295, "car_lcLookaheadLeft": 92.251, "car_lcPushy": 0.0139, "car_lcSigma": 0.2633, "car_lcSpeedGainRight": 1.161, "car_lcSublane": 0.8796, "car_sigma": 0.048, "car_tau_mean": 3.0861, "car_tau_std": 3.8406, "car_v_mean": 24.8589, "car_v_std": 13.8682}, "datetime": {"datetime": "2024-09-05 11:35:19", "elapsed": 2775.174685, "delta": 14.3167}}
{"target": -0.17356458702761188, "params": {"bus_acc": 0.7889, "bus_dcc": 2.98, "bus_lcAssertive": 42.2797, "bus_lcCooperative": 0.2922, "bus_lcLookaheadLeft": 78.0311, "bus_lcPushy": 0.062, "bus_lcSigma": 0.4502, "bus_lcSpeedGainRight": 0.468, "bus_lcSublane": 0.9294, "bus_sigma": 0.522, "bus_tau_mean": 3.0746, "bus_tau_std": 4.2595, "bus_v_mean": 10.8302, "bus_v_std": 10.4194, "car_acc": 3.1108, "car_dcc": 2.8519, "car_lcAssertive": 7.0351, "car_lcCooperative": 0.0642, "car_lcLookaheadLeft": 3.493, "car_lcPushy": 0.9833, "car_lcSigma": 0.8906, "car_lcSpeedGainRight": 2.3212, "car_lcSublane": 0.8535, "car_sigma": 0.9884, "car_tau_mean": 3.4487, "car_tau_std": 5.8769, "car_v_mean": 18.8861, "car_v_std": 4.5266}, "datetime": {"datetime": "2024-09-05 11:35:34", "elapsed": 2790.315706, "delta": 15.141021}}
{"target": -0.18163437371056249, "params": {"bus_acc": 3.1596, "bus_dcc": 2.3421, "bus_lcAssertive": 11.6322, "bus_lcCooperative": 0.5992, "bus_lcLookaheadLeft": 9.2117, "bus_lcPushy": 0.2301, "bus_lcSigma": 0.4998, "bus_lcSpeedGainRight": 2.9501, "bus_lcSublane": 0.5261, "bus_sigma": 0.7522, "bus_tau_mean": 3.2219, "bus_tau_std": 4.5183, "bus_v_mean": 16.3298, "bus_v_std": 16.0336, "car_acc": 3.8264, "car_dcc": 3.8205, "car_lcAssertive": 32.08, "car_lcCooperative": 0.4378, "car_lcLookaheadLeft": 61.6517, "car_lcPushy": 0.2799, "car_lcSigma": 0.3278, "car_lcSpeedGainRight": 3.3405, "car_lcSublane": 0.8382, "car_sigma": 0.3935, "car_tau_mean": 0.7675, "car_tau_std": 6.9118, "car_v_mean": 14.433, "car_v_std": 11.5432}, "datetime": {"datetime": "2024-09-05 11:35:40", "elapsed": 2796.016051, "delta": 5.700345}}
{"target": -0.1883402208953717, "params": {"bus_acc": 1.4266, "bus_dcc": 3.8091, "bus_lcAssertive": 82.529, "bus_lcCooperative": 0.3956, "bus_lcLookaheadLeft": 51.0991, "bus_lcPushy": 0.177, "bus_lcSigma": 0.7172, "bus_lcSpeedGainRight": 1.5938, "bus_lcSublane": 0.2899, "bus_sigma": 0.8588, "bus_tau_mean": 3.3393, "bus_tau_std": 1.6075, "bus_v_mean": 18.8355, "bus_v_std": 11.0176, "car_acc": 3.3368, "car_dcc": 3.4787, "car_lcAssertive": 90.7712, "car_lcCooperative": 0.3954, "car_lcLookaheadLeft": 70.7602, "car_lcPushy": 0.8965, "car_lcSigma": 0.2874, "car_lcSpeedGainRight": 0.4444, "car_lcSublane": 0.8383, "car_sigma": 0.6661, "car_tau_mean": 3.585, "car_tau_std": 9.4205, "car_v_mean": 17.7548, "car_v_std": 15.3027}, "datetime": {"datetime": "2024-09-05 11:35:53", "elapsed": 2808.785136, "delta": 12.769085}}
{"target": -1.6823497358984092, "params": {"bus_acc": 1.2001, "bus_dcc": 3.6252, "bus_lcAssertive": 15.3669, "bus_lcCooperative": 0.6118, "bus_lcLookaheadLeft": 82.6831, "bus_lcPushy": 0.6141, "bus_lcSigma": 0.4487, "bus_lcSpeedGainRight": 3.0698, "bus_lcSublane": 0.7043, "bus_sigma": 0.141, "bus_tau_mean": 3.7108, "bus_tau_std": 7.0295, "bus_v_mean": 10.5585, "bus_v_std": 8.791, "car_acc": 3.3227, "car_dcc": 3.8147, "car_lcAssertive": 66.7734, "car_lcCooperative": 0.4042, "car_lcLookaheadLeft": 58.8068, "car_lcPushy": 0.277, "car_lcSigma": 0.7507, "car_lcSpeedGainRight": 2.033, "car_lcSublane": 0.9699, "car_sigma": 0.8455, "car_tau_mean": 2.8682, "car_tau_std": 4.2396, "car_v_mean": 12.0751, "car_v_std": 2.9293}, "datetime": {"datetime": "2024-09-05 11:36:14", "elapsed": 2829.711367, "delta": 20.926231}}
