{"target": -0.2634517537337142, "params": {"bus_acc": 0.2726, "bus_dcc": 1.0895, "bus_lcAssertive": 26.2201, "bus_lcCooperative": 0.6985, "bus_lcLookaheadLeft": 56.6136, "bus_lcPushy": 0.8951, "bus_lcSigma": 0.0518, "bus_lcSpeedGainRight": 3.6058, "bus_lcSublane": 0.9116, "bus_sigma": 0.1278, "bus_tau_mean": 1.1405, "bus_tau_std": 1.3544, "bus_v_mean": 9.4903, "bus_v_std": 13.5135, "car_acc": 3.5278, "car_dcc": 1.9971, "car_lcAssertive": 87.4093, "car_lcCooperative": 0.69, "car_lcLookaheadLeft": 83.4933, "car_lcPushy": 0.9369, "car_lcSigma": 0.7809, "car_lcSpeedGainRight": 1.683, "car_lcSublane": 0.7892, "car_sigma": 0.6523, "car_tau_mean": 0.9001, "car_tau_std": 8.569, "car_v_mean": 15.3459, "car_v_std": 12.5479}, "datetime": {"datetime": "2024-09-05 16:20:31", "elapsed": 19887.42291, "delta": 16.581945}}
{"target": -0.24708786180458564, "params": {"bus_acc": 3.3276, "bus_dcc": 0.2276, "bus_lcAssertive": 65.0432, "bus_lcCooperative": 0.7313, "bus_lcLookaheadLeft": 94.8729, "bus_lcPushy": 0.2658, "bus_lcSigma": 0.207, "bus_lcSpeedGainRight": 1.0246, "bus_lcSublane": 0.852, "bus_sigma": 0.6099, "bus_tau_mean": 0.5288, "bus_tau_std": 7.8616, "bus_v_mean": 19.6815, "bus_v_std": 15.3687, "car_acc": 2.7931, "car_dcc": 3.1502, "car_lcAssertive": 3.4513, "car_lcCooperative": 0.9197, "car_lcLookaheadLeft": 11.8196, "car_lcPushy": 0.4063, "car_lcSigma": 0.9929, "car_lcSpeedGainRight": 1.1185, "car_lcSublane": 0.3086, "car_sigma": 0.5748, "car_tau_mean": 3.8777, "car_tau_std": 7.2094, "car_v_mean": 8.4419, "car_v_std": 12.8837}, "datetime": {"datetime": "2024-09-05 16:20:54", "elapsed": 19909.8655, "delta": 22.44259}}
{"target": -0.1815390184012541, "params": {"bus_acc": 2.1824, "bus_dcc": 1.7909, "bus_lcAssertive": 48.9495, "bus_lcCooperative": 0.025, "bus_lcLookaheadLeft": 20.3507, "bus_lcPushy": 0.5948, "bus_lcSigma": 0.5119, "bus_lcSpeedGainRight": 2.1155, "bus_lcSublane": 0.2754, "bus_sigma": 0.0799, "bus_tau_mean": 2.867, "bus_tau_std": 6.9143, "bus_v_mean": 24.2919, "bus_v_std": 0.6792, "car_acc": 2.9855, "car_dcc": 2.6831, "car_lcAssertive": 42.347, "car_lcCooperative": 0.2263, "car_lcLookaheadLeft": 50.3548, "car_lcPushy": 0.8047, "car_lcSigma": 0.0864, "car_lcSpeedGainRight": 4.2266, "car_lcSublane": 0.6811, "car_sigma": 0.4056, "car_tau_mean": 0.6159, "car_tau_std": 9.2111, "car_v_mean": 8.5075, "car_v_std": 3.5451}, "datetime": {"datetime": "2024-09-05 16:21:12", "elapsed": 19928.136229, "delta": 18.270729}}
{"target": -0.2309535349883537, "params": {"bus_acc": 1.4483, "bus_dcc": 1.1692, "bus_lcAssertive": 25.7086, "bus_lcCooperative": 0.8939, "bus_lcLookaheadLeft": 59.371, "bus_lcPushy": 0.3689, "bus_lcSigma": 0.3365, "bus_lcSpeedGainRight": 4.7442, "bus_lcSublane": 0.8089, "bus_sigma": 0.2288, "bus_tau_mean": 2.0938, "bus_tau_std": 8.207, "bus_v_mean": 20.0789, "bus_v_std": 8.6844, "car_acc": 0.8718, "car_dcc": 1.6107, "car_lcAssertive": 95.4056, "car_lcCooperative": 0.5285, "car_lcLookaheadLeft": 75.6425, "car_lcPushy": 0.8372, "car_lcSigma": 0.497, "car_lcSpeedGainRight": 0.1587, "car_lcSublane": 0.3139, "car_sigma": 0.5245, "car_tau_mean": 3.2306, "car_tau_std": 6.1186, "car_v_mean": 15.0115, "car_v_std": 10.9238}, "datetime": {"datetime": "2024-09-05 16:21:36", "elapsed": 19951.991127, "delta": 23.854898}}
{"target": -0.18510559809079594, "params": {"bus_acc": 2.2448, "bus_dcc": 0.686, "bus_lcAssertive": 20.0963, "bus_lcCooperative": 0.034, "bus_lcLookaheadLeft": 6.372, "bus_lcPushy": 0.2061, "bus_lcSigma": 0.7223, "bus_lcSpeedGainRight": 2.6416, "bus_lcSublane": 0.25, "bus_sigma": 0.9426, "bus_tau_mean": 2.9928, "bus_tau_std": 0.8684, "bus_v_mean": 15.6281, "bus_v_std": 8.4556, "car_acc": 0.8974, "car_dcc": 2.525, "car_lcAssertive": 67.7258, "car_lcCooperative": 0.2447, "car_lcLookaheadLeft": 62.9275, "car_lcPushy": 0.9943, "car_lcSigma": 0.9127, "car_lcSpeedGainRight": 4.3631, "car_lcSublane": 0.6725, "car_sigma": 0.2199, "car_tau_mean": 1.4304, "car_tau_std": 3.0788, "car_v_mean": 23.4674, "car_v_std": 1.419}, "datetime": {"datetime": "2024-09-05 16:22:08", "elapsed": 19984.406854, "delta": 32.415727}}
{"target": -0.19379728003863594, "params": {"bus_acc": 1.566, "bus_dcc": 2.9018, "bus_lcAssertive": 39.5326, "bus_lcCooperative": 0.7117, "bus_lcLookaheadLeft": 53.7847, "bus_lcPushy": 0.6334, "bus_lcSigma": 0.4369, "bus_lcSpeedGainRight": 2.4238, "bus_lcSublane": 0.2422, "bus_sigma": 0.9491, "bus_tau_mean": 3.5667, "bus_tau_std": 3.1419, "bus_v_mean": 18.8928, "bus_v_std": 16.3131, "car_acc": 1.8084, "car_dcc": 0.5921, "car_lcAssertive": 88.0579, "car_lcCooperative": 0.595, "car_lcLookaheadLeft": 45.7138, "car_lcPushy": 0.7489, "car_lcSigma": 0.678, "car_lcSpeedGainRight": 3.0148, "car_lcSublane": 0.0754, "car_sigma": 0.755, "car_tau_mean": 3.607, "car_tau_std": 8.7699, "car_v_mean": 17.7024, "car_v_std": 5.1398}, "datetime": {"datetime": "2024-09-05 16:22:29", "elapsed": 20005.165934, "delta": 20.75908}}
{"target": -0.2144353317957389, "params": {"bus_acc": 1.9237, "bus_dcc": 2.0471, "bus_lcAssertive": 23.7921, "bus_lcCooperative": 0.7967, "bus_lcLookaheadLeft": 51.4917, "bus_lcPushy": 0.6457, "bus_lcSigma": 0.2491, "bus_lcSpeedGainRight": 4.4168, "bus_lcSublane": 0.5963, "bus_sigma": 0.3498, "bus_tau_mean": 2.2428, "bus_tau_std": 7.2846, "bus_v_mean": 23.1953, "bus_v_std": 7.8662, "car_acc": 1.0813, "car_dcc": 3.5088, "car_lcAssertive": 15.9798, "car_lcCooperative": 0.9233, "car_lcLookaheadLeft": 31.2016, "car_lcPushy": 0.1308, "car_lcSigma": 0.5886, "car_lcSpeedGainRight": 2.429, "car_lcSublane": 0.5498, "car_sigma": 0.291, "car_tau_mean": 3.951, "car_tau_std": 2.2464, "car_v_mean": 24.2912, "car_v_std": 0.6972}, "datetime": {"datetime": "2024-09-05 16:22:52", "elapsed": 20028.450445, "delta": 23.284511}}
{"target": -0.23690832658120778, "params": {"bus_acc": 2.9353, "bus_dcc": 2.3274, "bus_lcAssertive": 68.5074, "bus_lcCooperative": 0.9675, "bus_lcLookaheadLeft": 33.2127, "bus_lcPushy": 0.2289, "bus_lcSigma": 0.3523, "bus_lcSpeedGainRight": 0.0376, "bus_lcSublane": 0.6993, "bus_sigma": 0.6358, "bus_tau_mean": 2.5751, "bus_tau_std": 4.5673, "bus_v_mean": 24.4979, "bus_v_std": 18.0565, "car_acc": 3.2273, "car_dcc": 1.3696, "car_lcAssertive": 90.5381, "car_lcCooperative": 0.226, "car_lcLookaheadLeft": 89.2244, "car_lcPushy": 0.0184, "car_lcSigma": 0.1945, "car_lcSpeedGainRight": 3.5849, "car_lcSublane": 0.7061, "car_sigma": 0.7173, "car_tau_mean": 2.8754, "car_tau_std": 2.2076, "car_v_mean": 20.7547, "car_v_std": 13.5485}, "datetime": {"datetime": "2024-09-05 16:23:16", "elapsed": 20052.307884, "delta": 23.857439}}
{"target": -0.20668919799123528, "params": {"bus_acc": 3.8776, "bus_dcc": 0.277, "bus_lcAssertive": 26.3095, "bus_lcCooperative": 0.8739, "bus_lcLookaheadLeft": 40.4917, "bus_lcPushy": 0.7995, "bus_lcSigma": 0.9268, "bus_lcSpeedGainRight": 2.9315, "bus_lcSublane": 0.4392, "bus_sigma": 0.9362, "bus_tau_mean": 0.6049, "bus_tau_std": 2.5773, "bus_v_mean": 19.1021, "bus_v_std": 14.5485, "car_acc": 3.7519, "car_dcc": 1.4551, "car_lcAssertive": 17.9023, "car_lcCooperative": 0.1563, "car_lcLookaheadLeft": 63.7856, "car_lcPushy": 0.7749, "car_lcSigma": 0.0227, "car_lcSpeedGainRight": 0.1819, "car_lcSublane": 0.6357, "car_sigma": 0.1275, "car_tau_mean": 1.8163, "car_tau_std": 4.9338, "car_v_mean": 16.8341, "car_v_std": 9.5904}, "datetime": {"datetime": "2024-09-05 16:24:07", "elapsed": 20103.347255, "delta": 51.039371}}
{"target": -0.7194080842034652, "params": {"bus_acc": 3.7221, "bus_dcc": 3.1228, "bus_lcAssertive": 83.4485, "bus_lcCooperative": 0.0717, "bus_lcLookaheadLeft": 98.8545, "bus_lcPushy": 0.6211, "bus_lcSigma": 0.7481, "bus_lcSpeedGainRight": 3.6677, "bus_lcSublane": 0.5422, "bus_sigma": 0.935, "bus_tau_mean": 3.0585, "bus_tau_std": 2.2689, "bus_v_mean": 10.6937, "bus_v_std": 9.2397, "car_acc": 1.0761, "car_dcc": 2.0057, "car_lcAssertive": 51.2904, "car_lcCooperative": 0.2288, "car_lcLookaheadLeft": 88.2763, "car_lcPushy": 0.6966, "car_lcSigma": 0.7516, "car_lcSpeedGainRight": 4.1297, "car_lcSublane": 0.1916, "car_sigma": 0.0848, "car_tau_mean": 0.9866, "car_tau_std": 8.4811, "car_v_mean": 10.2371, "car_v_std": 12.0251}, "datetime": {"datetime": "2024-09-05 16:24:54", "elapsed": 20149.683024, "delta": 46.335769}}
{"target": -0.19443624390810268, "params": {"bus_acc": 3.218, "bus_dcc": 1.2265, "bus_lcAssertive": 29.2564, "bus_lcCooperative": 0.7325, "bus_lcLookaheadLeft": 9.8158, "bus_lcPushy": 0.4782, "bus_lcSigma": 0.677, "bus_lcSpeedGainRight": 4.6979, "bus_lcSublane": 0.9177, "bus_sigma": 0.0431, "bus_tau_mean": 3.7768, "bus_tau_std": 1.8556, "bus_v_mean": 24.0509, "bus_v_std": 18.5931, "car_acc": 1.2069, "car_dcc": 1.2147, "car_lcAssertive": 88.0445, "car_lcCooperative": 0.2396, "car_lcLookaheadLeft": 43.8503, "car_lcPushy": 0.8997, "car_lcSigma": 0.4946, "car_lcSpeedGainRight": 0.9504, "car_lcSublane": 0.6476, "car_sigma": 0.7327, "car_tau_mean": 3.3579, "car_tau_std": 2.9008, "car_v_mean": 15.1627, "car_v_std": 1.3157}, "datetime": {"datetime": "2024-09-05 16:25:13", "elapsed": 20168.840674, "delta": 19.15765}}
{"target": -0.208479013790983, "params": {"bus_acc": 2.4795, "bus_dcc": 2.9481, "bus_lcAssertive": 73.7726, "bus_lcCooperative": 0.125, "bus_lcLookaheadLeft": 73.7674, "bus_lcPushy": 0.3866, "bus_lcSigma": 0.745, "bus_lcSpeedGainRight": 0.0657, "bus_lcSublane": 0.5829, "bus_sigma": 0.016, "bus_tau_mean": 2.1059, "bus_tau_std": 9.879, "bus_v_mean": 22.9455, "bus_v_std": 12.7234, "car_acc": 2.4007, "car_dcc": 0.7553, "car_lcAssertive": 43.1424, "car_lcCooperative": 0.2587, "car_lcLookaheadLeft": 68.1747, "car_lcPushy": 0.4935, "car_lcSigma": 0.5593, "car_lcSpeedGainRight": 0.5245, "car_lcSublane": 0.239, "car_sigma": 0.8967, "car_tau_mean": 1.9107, "car_tau_std": 3.2651, "car_v_mean": 16.1272, "car_v_std": 8.4851}, "datetime": {"datetime": "2024-09-05 16:25:50", "elapsed": 20206.041244, "delta": 37.20057}}
{"target": -0.17534599175703525, "params": {"bus_acc": 0.3463, "bus_dcc": 0.4809, "bus_lcAssertive": 34.3469, "bus_lcCooperative": 0.7839, "bus_lcLookaheadLeft": 90.1273, "bus_lcPushy": 0.16, "bus_lcSigma": 0.2647, "bus_lcSpeedGainRight": 2.3747, "bus_lcSublane": 0.5745, "bus_sigma": 0.7513, "bus_tau_mean": 3.9604, "bus_tau_std": 5.2621, "bus_v_mean": 11.1016, "bus_v_std": 6.2167, "car_acc": 1.8661, "car_dcc": 3.3108, "car_lcAssertive": 42.2646, "car_lcCooperative": 0.4356, "car_lcLookaheadLeft": 48.1431, "car_lcPushy": 0.5786, "car_lcSigma": 0.4704, "car_lcSpeedGainRight": 3.9738, "car_lcSublane": 0.2584, "car_sigma": 0.4246, "car_tau_mean": 1.2632, "car_tau_std": 6.964, "car_v_mean": 15.5718, "car_v_std": 8.4007}, "datetime": {"datetime": "2024-09-05 16:26:45", "elapsed": 20260.701822, "delta": 54.660578}}
{"target": -0.1771058406464959, "params": {"bus_acc": 3.9146, "bus_dcc": 3.9659, "bus_lcAssertive": 58.6857, "bus_lcCooperative": 0.3328, "bus_lcLookaheadLeft": 32.8378, "bus_lcPushy": 0.6303, "bus_lcSigma": 0.0426, "bus_lcSpeedGainRight": 3.7594, "bus_lcSublane": 0.3, "bus_sigma": 0.5995, "bus_tau_mean": 3.0471, "bus_tau_std": 5.701, "bus_v_mean": 15.0115, "bus_v_std": 5.1825, "car_acc": 3.34, "car_dcc": 2.318, "car_lcAssertive": 54.7539, "car_lcCooperative": 0.9503, "car_lcLookaheadLeft": 90.4752, "car_lcPushy": 0.6536, "car_lcSigma": 0.1781, "car_lcSpeedGainRight": 0.5698, "car_lcSublane": 0.5367, "car_sigma": 0.0581, "car_tau_mean": 3.1641, "car_tau_std": 2.7619, "car_v_mean": 11.9476, "car_v_std": 16.997}, "datetime": {"datetime": "2024-09-05 16:27:06", "elapsed": 20282.273396, "delta": 21.571574}}
{"target": -0.24313754082398173, "params": {"bus_acc": 2.0515, "bus_dcc": 1.27, "bus_lcAssertive": 60.6993, "bus_lcCooperative": 0.229, "bus_lcLookaheadLeft": 45.4787, "bus_lcPushy": 0.7733, "bus_lcSigma": 0.4869, "bus_lcSpeedGainRight": 0.1641, "bus_lcSublane": 0.5294, "bus_sigma": 0.0431, "bus_tau_mean": 1.2012, "bus_tau_std": 2.0841, "bus_v_mean": 24.8774, "bus_v_std": 4.3745, "car_acc": 3.6572, "car_dcc": 1.484, "car_lcAssertive": 65.5481, "car_lcCooperative": 0.0777, "car_lcLookaheadLeft": 62.7584, "car_lcPushy": 0.5408, "car_lcSigma": 0.317, "car_lcSpeedGainRight": 4.3914, "car_lcSublane": 0.8522, "car_sigma": 0.0511, "car_tau_mean": 3.8478, "car_tau_std": 6.0625, "car_v_mean": 19.5326, "car_v_std": 2.8074}, "datetime": {"datetime": "2024-09-05 16:27:31", "elapsed": 20306.745883, "delta": 24.472487}}
{"target": -0.21615959459189737, "params": {"bus_acc": 1.1447, "bus_dcc": 1.4653, "bus_lcAssertive": 34.1536, "bus_lcCooperative": 0.9966, "bus_lcLookaheadLeft": 49.4853, "bus_lcPushy": 0.013, "bus_lcSigma": 0.5344, "bus_lcSpeedGainRight": 0.4591, "bus_lcSublane": 0.2384, "bus_sigma": 0.667, "bus_tau_mean": 0.9592, "bus_tau_std": 0.5968, "bus_v_mean": 20.9413, "bus_v_std": 10.8244, "car_acc": 1.6447, "car_dcc": 2.4608, "car_lcAssertive": 83.7417, "car_lcCooperative": 0.0329, "car_lcLookaheadLeft": 8.7739, "car_lcPushy": 0.8096, "car_lcSigma": 0.5021, "car_lcSpeedGainRight": 3.5517, "car_lcSublane": 0.7173, "car_sigma": 0.0531, "car_tau_mean": 2.718, "car_tau_std": 9.1967, "car_v_mean": 13.4469, "car_v_std": 15.8804}, "datetime": {"datetime": "2024-09-05 16:28:14", "elapsed": 20349.559057, "delta": 42.813174}}
{"target": -0.2527758598959569, "params": {"bus_acc": 3.0008, "bus_dcc": 0.8411, "bus_lcAssertive": 87.1323, "bus_lcCooperative": 0.8517, "bus_lcLookaheadLeft": 64.3938, "bus_lcPushy": 0.1443, "bus_lcSigma": 0.7664, "bus_lcSpeedGainRight": 1.5473, "bus_lcSublane": 0.2753, "bus_sigma": 0.9892, "bus_tau_mean": 2.1056, "bus_tau_std": 5.2582, "bus_v_mean": 18.5703, "bus_v_std": 10.3502, "car_acc": 0.331, "car_dcc": 2.7966, "car_lcAssertive": 80.4872, "car_lcCooperative": 0.1574, "car_lcLookaheadLeft": 9.9441, "car_lcPushy": 0.3804, "car_lcSigma": 0.2021, "car_lcSpeedGainRight": 1.9939, "car_lcSublane": 0.0288, "car_sigma": 0.0929, "car_tau_mean": 2.1703, "car_tau_std": 6.9898, "car_v_mean": 21.4611, "car_v_std": 5.7983}, "datetime": {"datetime": "2024-09-05 16:28:32", "elapsed": 20368.464484, "delta": 18.905427}}
{"target": -0.20150022219985853, "params": {"bus_acc": 3.7913, "bus_dcc": 0.9882, "bus_lcAssertive": 28.0845, "bus_lcCooperative": 0.9796, "bus_lcLookaheadLeft": 55.1749, "bus_lcPushy": 0.7317, "bus_lcSigma": 0.6015, "bus_lcSpeedGainRight": 1.5725, "bus_lcSublane": 0.4313, "bus_sigma": 0.4033, "bus_tau_mean": 3.2898, "bus_tau_std": 8.4725, "bus_v_mean": 17.2162, "bus_v_std": 5.6522, "car_acc": 2.2994, "car_dcc": 2.6546, "car_lcAssertive": 56.0815, "car_lcCooperative": 0.5766, "car_lcLookaheadLeft": 11.685, "car_lcPushy": 0.1936, "car_lcSigma": 0.9107, "car_lcSpeedGainRight": 1.4453, "car_lcSublane": 0.1083, "car_sigma": 0.9432, "car_tau_mean": 3.311, "car_tau_std": 4.2032, "car_v_mean": 14.6674, "car_v_std": 15.0976}, "datetime": {"datetime": "2024-09-05 16:28:57", "elapsed": 20393.427396, "delta": 24.962912}}
{"target": -0.23946589890521727, "params": {"bus_acc": 3.5855, "bus_dcc": 1.6085, "bus_lcAssertive": 75.8833, "bus_lcCooperative": 0.1884, "bus_lcLookaheadLeft": 87.134, "bus_lcPushy": 0.3513, "bus_lcSigma": 0.8854, "bus_lcSpeedGainRight": 3.0703, "bus_lcSublane": 0.1503, "bus_sigma": 0.5343, "bus_tau_mean": 2.4598, "bus_tau_std": 1.2175, "bus_v_mean": 17.5923, "bus_v_std": 6.9205, "car_acc": 3.7013, "car_dcc": 2.1963, "car_lcAssertive": 63.1114, "car_lcCooperative": 0.4438, "car_lcLookaheadLeft": 93.2795, "car_lcPushy": 0.829, "car_lcSigma": 0.7656, "car_lcSpeedGainRight": 0.9292, "car_lcSublane": 0.3317, "car_sigma": 0.4364, "car_tau_mean": 2.1403, "car_tau_std": 0.771, "car_v_mean": 22.7974, "car_v_std": 0.8859}, "datetime": {"datetime": "2024-09-05 16:29:23", "elapsed": 20418.598391, "delta": 25.170995}}
{"target": -0.5700682525672708, "params": {"bus_acc": 2.0171, "bus_dcc": 1.6449, "bus_lcAssertive": 72.8399, "bus_lcCooperative": 0.5434, "bus_lcLookaheadLeft": 13.1487, "bus_lcPushy": 0.7033, "bus_lcSigma": 0.7489, "bus_lcSpeedGainRight": 1.8854, "bus_lcSublane": 0.3442, "bus_sigma": 0.1727, "bus_tau_mean": 1.3742, "bus_tau_std": 1.9007, "bus_v_mean": 11.9274, "bus_v_std": 1.6431, "car_acc": 0.2094, "car_dcc": 2.5414, "car_lcAssertive": 29.0841, "car_lcCooperative": 0.2595, "car_lcLookaheadLeft": 43.1684, "car_lcPushy": 0.2261, "car_lcSigma": 0.2267, "car_lcSpeedGainRight": 4.5524, "car_lcSublane": 0.6228, "car_sigma": 0.8527, "car_tau_mean": 2.3345, "car_tau_std": 9.5692, "car_v_mean": 10.1565, "car_v_std": 9.948}, "datetime": {"datetime": "2024-09-05 16:29:45", "elapsed": 20441.051188, "delta": 22.452797}}
{"target": -0.17779912751182114, "params": {"bus_acc": 1.253, "bus_dcc": 3.1895, "bus_lcAssertive": 18.3769, "bus_lcCooperative": 0.3287, "bus_lcLookaheadLeft": 41.0721, "bus_lcPushy": 0.6068, "bus_lcSigma": 0.672, "bus_lcSpeedGainRight": 3.8485, "bus_lcSublane": 0.073, "bus_sigma": 0.3912, "bus_tau_mean": 3.8414, "bus_tau_std": 0.0813, "bus_v_mean": 24.6048, "bus_v_std": 15.1523, "car_acc": 2.3023, "car_dcc": 3.0555, "car_lcAssertive": 10.1244, "car_lcCooperative": 0.2194, "car_lcLookaheadLeft": 70.639, "car_lcPushy": 0.686, "car_lcSigma": 0.4462, "car_lcSpeedGainRight": 2.0989, "car_lcSublane": 0.3391, "car_sigma": 0.4735, "car_tau_mean": 2.3477, "car_tau_std": 0.871, "car_v_mean": 16.7251, "car_v_std": 16.2078}, "datetime": {"datetime": "2024-09-05 16:30:07", "elapsed": 20462.926661, "delta": 21.875473}}
{"target": -0.2743019706109408, "params": {"bus_acc": 0.3204, "bus_dcc": 2.1575, "bus_lcAssertive": 64.7314, "bus_lcCooperative": 0.2925, "bus_lcLookaheadLeft": 93.1288, "bus_lcPushy": 0.5144, "bus_lcSigma": 0.0432, "bus_lcSpeedGainRight": 3.1172, "bus_lcSublane": 0.76, "bus_sigma": 0.4759, "bus_tau_mean": 1.1857, "bus_tau_std": 6.0249, "bus_v_mean": 19.1656, "bus_v_std": 9.7283, "car_acc": 1.0583, "car_dcc": 2.8528, "car_lcAssertive": 43.3979, "car_lcCooperative": 0.2796, "car_lcLookaheadLeft": 92.7741, "car_lcPushy": 0.5372, "car_lcSigma": 0.3984, "car_lcSpeedGainRight": 0.0701, "car_lcSublane": 0.0332, "car_sigma": 0.5751, "car_tau_mean": 1.0698, "car_tau_std": 1.7988, "car_v_mean": 12.0398, "car_v_std": 8.2761}, "datetime": {"datetime": "2024-09-05 16:30:27", "elapsed": 20482.990572, "delta": 20.063911}}
{"target": -0.2134037656471431, "params": {"bus_acc": 0.4332, "bus_dcc": 2.9088, "bus_lcAssertive": 31.8927, "bus_lcCooperative": 0.4579, "bus_lcLookaheadLeft": 56.3933, "bus_lcPushy": 0.0736, "bus_lcSigma": 0.4024, "bus_lcSpeedGainRight": 0.8562, "bus_lcSublane": 0.9167, "bus_sigma": 0.4083, "bus_tau_mean": 3.2402, "bus_tau_std": 7.6857, "bus_v_mean": 11.7163, "bus_v_std": 11.5033, "car_acc": 3.482, "car_dcc": 2.0779, "car_lcAssertive": 92.4667, "car_lcCooperative": 0.2142, "car_lcLookaheadLeft": 47.0148, "car_lcPushy": 0.5082, "car_lcSigma": 0.6435, "car_lcSpeedGainRight": 2.3439, "car_lcSublane": 0.3427, "car_sigma": 0.6453, "car_tau_mean": 1.1793, "car_tau_std": 2.3894, "car_v_mean": 8.6421, "car_v_std": 8.5694}, "datetime": {"datetime": "2024-09-05 16:30:52", "elapsed": 20507.889484, "delta": 24.898912}}
{"target": -0.25789326954926667, "params": {"bus_acc": 0.3561, "bus_dcc": 1.2369, "bus_lcAssertive": 48.6917, "bus_lcCooperative": 0.0997, "bus_lcLookaheadLeft": 31.5692, "bus_lcPushy": 0.7729, "bus_lcSigma": 0.5227, "bus_lcSpeedGainRight": 2.1749, "bus_lcSublane": 0.8881, "bus_sigma": 0.893, "bus_tau_mean": 3.6583, "bus_tau_std": 0.6113, "bus_v_mean": 24.6552, "bus_v_std": 13.4856, "car_acc": 3.9721, "car_dcc": 3.109, "car_lcAssertive": 13.8267, "car_lcCooperative": 0.0958, "car_lcLookaheadLeft": 96.0458, "car_lcPushy": 0.3149, "car_lcSigma": 0.2801, "car_lcSpeedGainRight": 3.8159, "car_lcSublane": 0.6628, "car_sigma": 0.231, "car_tau_mean": 1.6144, "car_tau_std": 3.4268, "car_v_mean": 23.6536, "car_v_std": 16.5873}, "datetime": {"datetime": "2024-09-05 16:31:12", "elapsed": 20527.488968, "delta": 19.599484}}
{"target": -0.1916933120824118, "params": {"bus_acc": 3.9746, "bus_dcc": 3.6289, "bus_lcAssertive": 68.0, "bus_lcCooperative": 0.2994, "bus_lcLookaheadLeft": 79.1023, "bus_lcPushy": 0.3398, "bus_lcSigma": 0.8581, "bus_lcSpeedGainRight": 0.2105, "bus_lcSublane": 0.8808, "bus_sigma": 0.6123, "bus_tau_mean": 1.9259, "bus_tau_std": 2.6771, "bus_v_mean": 12.9572, "bus_v_std": 12.612, "car_acc": 1.7307, "car_dcc": 1.6569, "car_lcAssertive": 50.4566, "car_lcCooperative": 0.1278, "car_lcLookaheadLeft": 25.3289, "car_lcPushy": 0.1761, "car_lcSigma": 0.4678, "car_lcSpeedGainRight": 2.4861, "car_lcSublane": 0.0144, "car_sigma": 0.3837, "car_tau_mean": 1.4241, "car_tau_std": 6.2797, "car_v_mean": 19.0316, "car_v_std": 7.3703}, "datetime": {"datetime": "2024-09-05 16:32:11", "elapsed": 20587.248204, "delta": 59.759236}}
{"target": -0.17388117226874356, "params": {"bus_acc": 1.3886, "bus_dcc": 2.8746, "bus_lcAssertive": 56.0727, "bus_lcCooperative": 0.13, "bus_lcLookaheadLeft": 60.3394, "bus_lcPushy": 0.3503, "bus_lcSigma": 0.6708, "bus_lcSpeedGainRight": 2.3894, "bus_lcSublane": 0.7859, "bus_sigma": 0.5185, "bus_tau_mean": 2.7772, "bus_tau_std": 6.2496, "bus_v_mean": 20.9216, "bus_v_std": 5.2682, "car_acc": 3.8331, "car_dcc": 2.7989, "car_lcAssertive": 98.3038, "car_lcCooperative": 0.7302, "car_lcLookaheadLeft": 9.0558, "car_lcPushy": 0.6531, "car_lcSigma": 0.9233, "car_lcSpeedGainRight": 1.8298, "car_lcSublane": 0.9445, "car_sigma": 0.3183, "car_tau_mean": 2.322, "car_tau_std": 3.3992, "car_v_mean": 21.5823, "car_v_std": 5.6004}, "datetime": {"datetime": "2024-09-05 16:32:33", "elapsed": 20608.875548, "delta": 21.627344}}
