{"target": -0.39279532928379624, "params": {"bus_acc": 1.1158, "bus_dcc": 1.1293, "bus_lcAssertive": 59.9135, "bus_lcCooperative": 0.2583, "bus_lcLookaheadLeft": 24.9007, "bus_lcPushy": 0.1634, "bus_lcSigma": 0.8421, "bus_lcSpeedGainRight": 3.1504, "bus_lcSublane": 0.2294, "bus_sigma": 0.741, "bus_tau_mean": 1.1248, "bus_tau_std": 1.0335, "bus_v_mean": 22.2091, "bus_v_std": 14.5819, "car_acc": 0.3232, "car_dcc": 2.8435, "car_lcAssertive": 17.89, "car_lcCooperative": 0.0458, "car_lcLookaheadLeft": 69.4598, "car_lcPushy": 0.7984, "car_lcSigma": 0.0739, "car_lcSpeedGainRight": 4.0798, "car_lcSublane": 0.8245, "car_sigma": 0.453, "car_tau_mean": 2.4081, "car_tau_std": 0.0375, "car_v_mean": 9.1974, "car_v_std": 4.9103}, "datetime": {"datetime": "2024-08-11 18:55:24", "elapsed": 4394.968243, "delta": 4.388657}}
{"target": -0.3710037391278611, "params": {"bus_acc": 2.8078, "bus_dcc": 0.7441, "bus_lcAssertive": 83.5109, "bus_lcCooperative": 0.9668, "bus_lcLookaheadLeft": 92.346, "bus_lcPushy": 0.8618, "bus_lcSigma": 0.6317, "bus_lcSpeedGainRight": 4.3895, "bus_lcSublane": 0.1457, "bus_sigma": 0.3139, "bus_tau_mean": 0.7042, "bus_tau_std": 1.2643, "bus_v_mean": 22.3913, "bus_v_std": 14.0656, "car_acc": 0.9072, "car_dcc": 2.2116, "car_lcAssertive": 73.178, "car_lcCooperative": 0.9574, "car_lcLookaheadLeft": 79.917, "car_lcPushy": 0.6516, "car_lcSigma": 0.4451, "car_lcSpeedGainRight": 4.3098, "car_lcSublane": 0.1623, "car_sigma": 0.8236, "car_tau_mean": 2.2027, "car_tau_std": 1.5909, "car_v_mean": 15.2973, "car_v_std": 11.5745}, "datetime": {"datetime": "2024-08-11 18:55:29", "elapsed": 4400.290109, "delta": 5.321866}}
{"target": -0.47349527790102597, "params": {"bus_acc": 2.4419, "bus_dcc": 1.6184, "bus_lcAssertive": 15.3345, "bus_lcCooperative": 0.9393, "bus_lcLookaheadLeft": 75.7097, "bus_lcPushy": 0.1052, "bus_lcSigma": 0.792, "bus_lcSpeedGainRight": 3.5916, "bus_lcSublane": 0.1172, "bus_sigma": 0.4566, "bus_tau_mean": 0.6825, "bus_tau_std": 5.6483, "bus_v_mean": 24.2651, "bus_v_std": 4.2766, "car_acc": 0.9804, "car_dcc": 1.9906, "car_lcAssertive": 6.7914, "car_lcCooperative": 0.9169, "car_lcLookaheadLeft": 81.7925, "car_lcPushy": 0.5688, "car_lcSigma": 0.1455, "car_lcSpeedGainRight": 2.3674, "car_lcSublane": 0.3574, "car_sigma": 0.3895, "car_tau_mean": 3.0648, "car_tau_std": 7.775, "car_v_mean": 16.4407, "car_v_std": 2.1595}, "datetime": {"datetime": "2024-08-11 18:55:33", "elapsed": 4404.037925, "delta": 3.747816}}
{"target": -0.3981716990787418, "params": {"bus_acc": 3.6455, "bus_dcc": 1.3864, "bus_lcAssertive": 18.0728, "bus_lcCooperative": 0.6213, "bus_lcLookaheadLeft": 73.4911, "bus_lcPushy": 0.3012, "bus_lcSigma": 0.7098, "bus_lcSpeedGainRight": 1.8759, "bus_lcSublane": 0.2396, "bus_sigma": 0.8993, "bus_tau_mean": 0.8432, "bus_tau_std": 3.4493, "bus_v_mean": 15.9657, "bus_v_std": 6.5508, "car_acc": 2.9173, "car_dcc": 2.0674, "car_lcAssertive": 41.7269, "car_lcCooperative": 0.7873, "car_lcLookaheadLeft": 10.7456, "car_lcPushy": 0.065, "car_lcSigma": 0.2296, "car_lcSpeedGainRight": 0.6284, "car_lcSublane": 0.7587, "car_sigma": 0.1558, "car_tau_mean": 0.9516, "car_tau_std": 5.5651, "car_v_mean": 9.9615, "car_v_std": 18.1989}, "datetime": {"datetime": "2024-08-11 18:55:38", "elapsed": 4408.755152, "delta": 4.717227}}
{"target": -0.3502052033254773, "params": {"bus_acc": 2.0124, "bus_dcc": 1.4214, "bus_lcAssertive": 22.7791, "bus_lcCooperative": 0.1831, "bus_lcLookaheadLeft": 60.2995, "bus_lcPushy": 0.5507, "bus_lcSigma": 0.6291, "bus_lcSpeedGainRight": 1.2087, "bus_lcSublane": 0.82, "bus_sigma": 0.9725, "bus_tau_mean": 3.3061, "bus_tau_std": 2.7077, "bus_v_mean": 14.0664, "bus_v_std": 13.8247, "car_acc": 0.4155, "car_dcc": 3.4199, "car_lcAssertive": 36.9176, "car_lcCooperative": 0.6704, "car_lcLookaheadLeft": 64.5948, "car_lcPushy": 0.7648, "car_lcSigma": 0.3968, "car_lcSpeedGainRight": 0.7254, "car_lcSublane": 0.3805, "car_sigma": 0.413, "car_tau_mean": 1.455, "car_tau_std": 7.8101, "car_v_mean": 14.8299, "car_v_std": 16.2259}, "datetime": {"datetime": "2024-08-11 18:55:44", "elapsed": 4415.099766, "delta": 6.344614}}
{"target": -0.5493763639216083, "params": {"bus_acc": 3.7974, "bus_dcc": 2.3411, "bus_lcAssertive": 78.0073, "bus_lcCooperative": 0.3889, "bus_lcLookaheadLeft": 42.2239, "bus_lcPushy": 0.1867, "bus_lcSigma": 0.942, "bus_lcSpeedGainRight": 0.6949, "bus_lcSublane": 0.2541, "bus_sigma": 0.0813, "bus_tau_mean": 1.4781, "bus_tau_std": 7.0016, "bus_v_mean": 19.3251, "bus_v_std": 1.3427, "car_acc": 1.7904, "car_dcc": 1.4042, "car_lcAssertive": 35.8763, "car_lcCooperative": 0.4631, "car_lcLookaheadLeft": 24.2565, "car_lcPushy": 0.8183, "car_lcSigma": 0.7279, "car_lcSpeedGainRight": 2.7377, "car_lcSublane": 0.0818, "car_sigma": 0.1445, "car_tau_mean": 1.1615, "car_tau_std": 9.9159, "car_v_mean": 13.3771, "car_v_std": 14.1442}, "datetime": {"datetime": "2024-08-11 18:55:47", "elapsed": 4418.521422, "delta": 3.421656}}
{"target": -0.37455345434440696, "params": {"bus_acc": 1.8369, "bus_dcc": 3.1565, "bus_lcAssertive": 99.6006, "bus_lcCooperative": 0.1074, "bus_lcLookaheadLeft": 31.1928, "bus_lcPushy": 0.3578, "bus_lcSigma": 0.8421, "bus_lcSpeedGainRight": 3.8634, "bus_lcSublane": 0.5323, "bus_sigma": 0.1395, "bus_tau_mean": 2.0601, "bus_tau_std": 0.1583, "bus_v_mean": 15.4247, "bus_v_std": 11.4533, "car_acc": 0.6333, "car_dcc": 2.6541, "car_lcAssertive": 63.9699, "car_lcCooperative": 0.4052, "car_lcLookaheadLeft": 53.796, "car_lcPushy": 0.6779, "car_lcSigma": 0.4341, "car_lcSpeedGainRight": 3.0097, "car_lcSublane": 0.3923, "car_sigma": 0.2685, "car_tau_mean": 0.8261, "car_tau_std": 8.5928, "car_v_mean": 23.9623, "car_v_std": 5.9998}, "datetime": {"datetime": "2024-08-11 18:55:53", "elapsed": 4423.932154, "delta": 5.410732}}
{"target": -0.37710566732763057, "params": {"bus_acc": 1.8902, "bus_dcc": 2.8645, "bus_lcAssertive": 92.863, "bus_lcCooperative": 0.9002, "bus_lcLookaheadLeft": 37.8066, "bus_lcPushy": 0.833, "bus_lcSigma": 0.4248, "bus_lcSpeedGainRight": 4.3516, "bus_lcSublane": 0.5437, "bus_sigma": 0.498, "bus_tau_mean": 1.3783, "bus_tau_std": 9.3852, "bus_v_mean": 19.3584, "bus_v_std": 2.6692, "car_acc": 3.607, "car_dcc": 3.5377, "car_lcAssertive": 22.5861, "car_lcCooperative": 0.2935, "car_lcLookaheadLeft": 81.078, "car_lcPushy": 0.4504, "car_lcSigma": 0.7727, "car_lcSpeedGainRight": 3.5758, "car_lcSublane": 0.1458, "car_sigma": 0.8657, "car_tau_mean": 2.3227, "car_tau_std": 0.5028, "car_v_mean": 20.2757, "car_v_std": 17.0612}, "datetime": {"datetime": "2024-08-11 18:55:57", "elapsed": 4427.694496, "delta": 3.762342}}
{"target": -0.3981540958645955, "params": {"bus_acc": 2.3158, "bus_dcc": 0.5699, "bus_lcAssertive": 84.8453, "bus_lcCooperative": 0.9581, "bus_lcLookaheadLeft": 9.558, "bus_lcPushy": 0.5246, "bus_lcSigma": 0.8946, "bus_lcSpeedGainRight": 3.4094, "bus_lcSublane": 0.3492, "bus_sigma": 0.6811, "bus_tau_mean": 0.594, "bus_tau_std": 3.1398, "bus_v_mean": 23.8522, "bus_v_std": 7.3903, "car_acc": 2.5082, "car_dcc": 3.8378, "car_lcAssertive": 26.0905, "car_lcCooperative": 0.4074, "car_lcLookaheadLeft": 93.0639, "car_lcPushy": 0.8092, "car_lcSigma": 0.5986, "car_lcSpeedGainRight": 3.7678, "car_lcSublane": 0.5908, "car_sigma": 0.6574, "car_tau_mean": 2.6631, "car_tau_std": 2.1029, "car_v_mean": 20.9138, "car_v_std": 15.5928}, "datetime": {"datetime": "2024-08-11 18:56:01", "elapsed": 4432.284033, "delta": 4.589537}}
{"target": -0.43407684954579584, "params": {"bus_acc": 0.9975, "bus_dcc": 2.0647, "bus_lcAssertive": 8.1884, "bus_lcCooperative": 0.0501, "bus_lcLookaheadLeft": 52.2212, "bus_lcPushy": 0.173, "bus_lcSigma": 0.7718, "bus_lcSpeedGainRight": 4.9959, "bus_lcSublane": 0.3081, "bus_sigma": 0.7493, "bus_tau_mean": 2.3209, "bus_tau_std": 7.7623, "bus_v_mean": 15.6826, "bus_v_std": 11.328, "car_acc": 2.4399, "car_dcc": 0.3935, "car_lcAssertive": 39.4137, "car_lcCooperative": 0.311, "car_lcLookaheadLeft": 11.271, "car_lcPushy": 0.526, "car_lcSigma": 0.37, "car_lcSpeedGainRight": 2.5311, "car_lcSublane": 0.2933, "car_sigma": 0.8725, "car_tau_mean": 2.4368, "car_tau_std": 3.2091, "car_v_mean": 16.3867, "car_v_std": 12.0256}, "datetime": {"datetime": "2024-08-11 18:56:08", "elapsed": 4438.638399, "delta": 6.354366}}
{"target": -0.3222318321983552, "params": {"bus_acc": 2.356, "bus_dcc": 3.5928, "bus_lcAssertive": 28.7657, "bus_lcCooperative": 0.6937, "bus_lcLookaheadLeft": 84.8677, "bus_lcPushy": 0.9817, "bus_lcSigma": 0.8007, "bus_lcSpeedGainRight": 2.8437, "bus_lcSublane": 0.3039, "bus_sigma": 0.1037, "bus_tau_mean": 2.3511, "bus_tau_std": 9.4123, "bus_v_mean": 8.2471, "bus_v_std": 18.9135, "car_acc": 0.9896, "car_dcc": 1.7297, "car_lcAssertive": 71.7038, "car_lcCooperative": 0.2585, "car_lcLookaheadLeft": 60.5049, "car_lcPushy": 0.9468, "car_lcSigma": 0.4554, "car_lcSpeedGainRight": 3.0197, "car_lcSublane": 0.8045, "car_sigma": 0.3228, "car_tau_mean": 3.2586, "car_tau_std": 8.4879, "car_v_mean": 13.5464, "car_v_std": 6.0675}, "datetime": {"datetime": "2024-08-11 18:56:14", "elapsed": 4445.168178, "delta": 6.529779}}
{"target": -0.39172172756926343, "params": {"bus_acc": 2.6595, "bus_dcc": 1.8201, "bus_lcAssertive": 63.0283, "bus_lcCooperative": 0.8626, "bus_lcLookaheadLeft": 34.353, "bus_lcPushy": 0.1192, "bus_lcSigma": 0.7223, "bus_lcSpeedGainRight": 1.3999, "bus_lcSublane": 0.416, "bus_sigma": 0.8797, "bus_tau_mean": 2.8517, "bus_tau_std": 2.7621, "bus_v_mean": 18.9451, "bus_v_std": 10.3815, "car_acc": 3.4936, "car_dcc": 0.58, "car_lcAssertive": 51.1962, "car_lcCooperative": 0.0185, "car_lcLookaheadLeft": 49.293, "car_lcPushy": 0.2207, "car_lcSigma": 0.0173, "car_lcSpeedGainRight": 3.7323, "car_lcSublane": 0.9619, "car_sigma": 0.9306, "car_tau_mean": 1.0594, "car_tau_std": 7.7367, "car_v_mean": 24.4094, "car_v_std": 6.2038}, "datetime": {"datetime": "2024-08-11 18:56:21", "elapsed": 4452.519442, "delta": 7.351264}}
{"target": -0.39936130771375006, "params": {"bus_acc": 0.5281, "bus_dcc": 2.8888, "bus_lcAssertive": 59.8222, "bus_lcCooperative": 0.522, "bus_lcLookaheadLeft": 83.3657, "bus_lcPushy": 0.1458, "bus_lcSigma": 0.528, "bus_lcSpeedGainRight": 3.687, "bus_lcSublane": 0.8735, "bus_sigma": 0.2021, "bus_tau_mean": 3.8304, "bus_tau_std": 8.8953, "bus_v_mean": 15.7007, "bus_v_std": 6.8713, "car_acc": 3.4622, "car_dcc": 1.9437, "car_lcAssertive": 69.3337, "car_lcCooperative": 0.2611, "car_lcLookaheadLeft": 45.633, "car_lcPushy": 0.3902, "car_lcSigma": 0.9526, "car_lcSpeedGainRight": 4.2333, "car_lcSublane": 0.4451, "car_sigma": 0.4525, "car_tau_mean": 3.9907, "car_tau_std": 5.7079, "car_v_mean": 13.9037, "car_v_std": 14.9969}, "datetime": {"datetime": "2024-08-11 18:56:25", "elapsed": 4455.887973, "delta": 3.368531}}
{"target": -0.3467925766306972, "params": {"bus_acc": 0.5958, "bus_dcc": 1.9802, "bus_lcAssertive": 7.6164, "bus_lcCooperative": 0.2923, "bus_lcLookaheadLeft": 2.4684, "bus_lcPushy": 0.819, "bus_lcSigma": 0.7442, "bus_lcSpeedGainRight": 0.9765, "bus_lcSublane": 0.2194, "bus_sigma": 0.0066, "bus_tau_mean": 0.6793, "bus_tau_std": 1.4061, "bus_v_mean": 19.6698, "bus_v_std": 19.6711, "car_acc": 1.126, "car_dcc": 2.7613, "car_lcAssertive": 19.4438, "car_lcCooperative": 0.027, "car_lcLookaheadLeft": 65.8893, "car_lcPushy": 0.7546, "car_lcSigma": 0.1462, "car_lcSpeedGainRight": 2.5462, "car_lcSublane": 0.1785, "car_sigma": 0.3711, "car_tau_mean": 3.5027, "car_tau_std": 6.0022, "car_v_mean": 20.4081, "car_v_std": 4.9366}, "datetime": {"datetime": "2024-08-11 18:56:29", "elapsed": 4459.844432, "delta": 3.956459}}
{"target": -0.37801253953108543, "params": {"bus_acc": 1.2124, "bus_dcc": 3.3888, "bus_lcAssertive": 34.393, "bus_lcCooperative": 0.3122, "bus_lcLookaheadLeft": 93.3781, "bus_lcPushy": 0.7023, "bus_lcSigma": 0.2355, "bus_lcSpeedGainRight": 1.0754, "bus_lcSublane": 0.5817, "bus_sigma": 0.6483, "bus_tau_mean": 3.8515, "bus_tau_std": 1.8248, "bus_v_mean": 14.5242, "bus_v_std": 10.3346, "car_acc": 3.0556, "car_dcc": 1.7526, "car_lcAssertive": 81.8629, "car_lcCooperative": 0.1342, "car_lcLookaheadLeft": 64.4041, "car_lcPushy": 0.8141, "car_lcSigma": 0.9466, "car_lcSpeedGainRight": 1.611, "car_lcSublane": 0.0225, "car_sigma": 0.1988, "car_tau_mean": 2.1594, "car_tau_std": 6.135, "car_v_mean": 21.3868, "car_v_std": 10.2498}, "datetime": {"datetime": "2024-08-11 18:56:37", "elapsed": 4467.627923, "delta": 7.783491}}
{"target": -0.24611511428110164, "params": {"bus_acc": 1.69, "bus_dcc": 0.7598, "bus_lcAssertive": 83.2141, "bus_lcCooperative": 0.4804, "bus_lcLookaheadLeft": 10.6078, "bus_lcPushy": 0.3931, "bus_lcSigma": 0.9626, "bus_lcSpeedGainRight": 3.4478, "bus_lcSublane": 0.5826, "bus_sigma": 0.6073, "bus_tau_mean": 3.6283, "bus_tau_std": 9.0449, "bus_v_mean": 12.1646, "bus_v_std": 16.3367, "car_acc": 0.4281, "car_dcc": 0.9679, "car_lcAssertive": 66.2132, "car_lcCooperative": 0.1876, "car_lcLookaheadLeft": 96.5218, "car_lcPushy": 0.8316, "car_lcSigma": 0.4118, "car_lcSpeedGainRight": 1.342, "car_lcSublane": 0.2867, "car_sigma": 0.5475, "car_tau_mean": 2.4384, "car_tau_std": 7.5958, "car_v_mean": 24.7557, "car_v_std": 14.196}, "datetime": {"datetime": "2024-08-11 18:56:42", "elapsed": 4472.80209, "delta": 5.174167}}
{"target": -0.4037887128807301, "params": {"bus_acc": 2.2148, "bus_dcc": 2.881, "bus_lcAssertive": 6.1714, "bus_lcCooperative": 0.0087, "bus_lcLookaheadLeft": 78.3459, "bus_lcPushy": 0.4391, "bus_lcSigma": 0.3323, "bus_lcSpeedGainRight": 1.8155, "bus_lcSublane": 0.4741, "bus_sigma": 0.255, "bus_tau_mean": 3.703, "bus_tau_std": 6.4297, "bus_v_mean": 23.9057, "bus_v_std": 7.5186, "car_acc": 2.1711, "car_dcc": 1.9836, "car_lcAssertive": 23.6379, "car_lcCooperative": 0.1474, "car_lcLookaheadLeft": 50.9266, "car_lcPushy": 0.4198, "car_lcSigma": 0.0465, "car_lcSpeedGainRight": 1.4463, "car_lcSublane": 0.386, "car_sigma": 0.0058, "car_tau_mean": 0.9609, "car_tau_std": 5.9527, "car_v_mean": 22.1206, "car_v_std": 8.3838}, "datetime": {"datetime": "2024-08-11 18:56:49", "elapsed": 4480.049913, "delta": 7.247823}}
{"target": -0.46554201863342876, "params": {"bus_acc": 3.3977, "bus_dcc": 0.3731, "bus_lcAssertive": 25.6143, "bus_lcCooperative": 0.3062, "bus_lcLookaheadLeft": 68.5112, "bus_lcPushy": 0.4029, "bus_lcSigma": 0.8857, "bus_lcSpeedGainRight": 0.4526, "bus_lcSublane": 0.5435, "bus_sigma": 0.2564, "bus_tau_mean": 1.8499, "bus_tau_std": 8.7238, "bus_v_mean": 8.3252, "bus_v_std": 7.6767, "car_acc": 2.3808, "car_dcc": 2.1051, "car_lcAssertive": 81.2376, "car_lcCooperative": 0.0522, "car_lcLookaheadLeft": 38.9837, "car_lcPushy": 0.7403, "car_lcSigma": 0.7398, "car_lcSpeedGainRight": 4.2853, "car_lcSublane": 0.5208, "car_sigma": 0.524, "car_tau_mean": 3.5059, "car_tau_std": 0.7604, "car_v_mean": 25.5661, "car_v_std": 12.2762}, "datetime": {"datetime": "2024-08-11 18:56:53", "elapsed": 4484.613791, "delta": 4.563878}}
{"target": -0.5120750142353513, "params": {"bus_acc": 2.9621, "bus_dcc": 0.5074, "bus_lcAssertive": 34.5748, "bus_lcCooperative": 0.338, "bus_lcLookaheadLeft": 68.2177, "bus_lcPushy": 0.9354, "bus_lcSigma": 0.5063, "bus_lcSpeedGainRight": 3.7577, "bus_lcSublane": 0.5848, "bus_sigma": 0.9561, "bus_tau_mean": 3.3996, "bus_tau_std": 9.6909, "bus_v_mean": 22.4031, "bus_v_std": 13.6054, "car_acc": 3.5899, "car_dcc": 2.4718, "car_lcAssertive": 6.9076, "car_lcCooperative": 0.4415, "car_lcLookaheadLeft": 12.5505, "car_lcPushy": 0.0679, "car_lcSigma": 0.041, "car_lcSpeedGainRight": 2.53, "car_lcSublane": 0.2404, "car_sigma": 0.5207, "car_tau_mean": 3.7002, "car_tau_std": 9.9012, "car_v_mean": 8.2639, "car_v_std": 9.6615}, "datetime": {"datetime": "2024-08-11 18:56:59", "elapsed": 4489.729614, "delta": 5.115823}}
{"target": -0.46735700615447673, "params": {"bus_acc": 0.9818, "bus_dcc": 3.9491, "bus_lcAssertive": 11.9895, "bus_lcCooperative": 0.6811, "bus_lcLookaheadLeft": 49.1772, "bus_lcPushy": 0.3135, "bus_lcSigma": 0.5802, "bus_lcSpeedGainRight": 3.2348, "bus_lcSublane": 0.6956, "bus_sigma": 0.9327, "bus_tau_mean": 1.3841, "bus_tau_std": 6.2254, "bus_v_mean": 22.1385, "bus_v_std": 0.6652, "car_acc": 1.0576, "car_dcc": 2.2249, "car_lcAssertive": 4.3782, "car_lcCooperative": 0.6379, "car_lcLookaheadLeft": 47.7127, "car_lcPushy": 0.7257, "car_lcSigma": 0.9711, "car_lcSpeedGainRight": 4.8581, "car_lcSublane": 0.4939, "car_sigma": 0.1053, "car_tau_mean": 3.8801, "car_tau_std": 0.2004, "car_v_mean": 25.6941, "car_v_std": 13.5912}, "datetime": {"datetime": "2024-08-11 18:57:03", "elapsed": 4494.508269, "delta": 4.778655}}
{"target": -0.47725475592884575, "params": {"bus_acc": 3.6097, "bus_dcc": 1.2449, "bus_lcAssertive": 10.4168, "bus_lcCooperative": 0.9172, "bus_lcLookaheadLeft": 73.8669, "bus_lcPushy": 0.4021, "bus_lcSigma": 0.3774, "bus_lcSpeedGainRight": 1.3016, "bus_lcSublane": 0.0928, "bus_sigma": 0.8902, "bus_tau_mean": 2.6745, "bus_tau_std": 3.5112, "bus_v_mean": 25.2627, "bus_v_std": 9.5484, "car_acc": 1.0163, "car_dcc": 3.6623, "car_lcAssertive": 24.6585, "car_lcCooperative": 0.7657, "car_lcLookaheadLeft": 88.8016, "car_lcPushy": 0.5627, "car_lcSigma": 0.5603, "car_lcSpeedGainRight": 1.8753, "car_lcSublane": 0.65, "car_sigma": 0.9217, "car_tau_mean": 0.9472, "car_tau_std": 0.9031, "car_v_mean": 15.0185, "car_v_std": 18.611}, "datetime": {"datetime": "2024-08-11 18:57:07", "elapsed": 4498.333265, "delta": 3.824996}}
{"target": -0.4112946217277577, "params": {"bus_acc": 2.0145, "bus_dcc": 1.4993, "bus_lcAssertive": 50.8554, "bus_lcCooperative": 0.0673, "bus_lcLookaheadLeft": 54.3673, "bus_lcPushy": 0.6866, "bus_lcSigma": 0.1668, "bus_lcSpeedGainRight": 1.103, "bus_lcSublane": 0.5034, "bus_sigma": 0.4782, "bus_tau_mean": 3.4588, "bus_tau_std": 9.067, "bus_v_mean": 23.5843, "bus_v_std": 17.8908, "car_acc": 3.6668, "car_dcc": 0.2262, "car_lcAssertive": 52.5451, "car_lcCooperative": 0.2832, "car_lcLookaheadLeft": 2.9007, "car_lcPushy": 0.7514, "car_lcSigma": 0.4139, "car_lcSpeedGainRight": 3.4893, "car_lcSublane": 0.5871, "car_sigma": 0.6586, "car_tau_mean": 2.0655, "car_tau_std": 8.8664, "car_v_mean": 12.3036, "car_v_std": 10.2864}, "datetime": {"datetime": "2024-08-11 18:57:11", "elapsed": 4501.736706, "delta": 3.403441}}
{"target": -0.3100849017811005, "params": {"bus_acc": 2.2884, "bus_dcc": 3.6304, "bus_lcAssertive": 94.7712, "bus_lcCooperative": 0.2929, "bus_lcLookaheadLeft": 57.1983, "bus_lcPushy": 0.9332, "bus_lcSigma": 0.899, "bus_lcSpeedGainRight": 2.7338, "bus_lcSublane": 0.5304, "bus_sigma": 0.8307, "bus_tau_mean": 1.8099, "bus_tau_std": 8.9454, "bus_v_mean": 12.4254, "bus_v_std": 9.7391, "car_acc": 3.7731, "car_dcc": 2.1805, "car_lcAssertive": 34.2211, "car_lcCooperative": 0.9298, "car_lcLookaheadLeft": 95.1975, "car_lcPushy": 0.4541, "car_lcSigma": 0.9515, "car_lcSpeedGainRight": 1.8059, "car_lcSublane": 0.4773, "car_sigma": 0.504, "car_tau_mean": 3.5202, "car_tau_std": 2.5752, "car_v_mean": 19.2989, "car_v_std": 1.1301}, "datetime": {"datetime": "2024-08-11 18:57:16", "elapsed": 4506.784935, "delta": 5.048229}}
{"target": -0.31338902425023246, "params": {"bus_acc": 0.376, "bus_dcc": 2.8077, "bus_lcAssertive": 46.1126, "bus_lcCooperative": 0.4994, "bus_lcLookaheadLeft": 63.8923, "bus_lcPushy": 0.5477, "bus_lcSigma": 0.3919, "bus_lcSpeedGainRight": 4.4266, "bus_lcSublane": 0.4752, "bus_sigma": 0.9542, "bus_tau_mean": 3.4343, "bus_tau_std": 7.0193, "bus_v_mean": 14.6054, "bus_v_std": 5.0909, "car_acc": 1.3784, "car_dcc": 2.4475, "car_lcAssertive": 24.6649, "car_lcCooperative": 0.994, "car_lcLookaheadLeft": 89.737, "car_lcPushy": 0.6749, "car_lcSigma": 0.8956, "car_lcSpeedGainRight": 3.9609, "car_lcSublane": 0.1608, "car_sigma": 0.5769, "car_tau_mean": 3.4812, "car_tau_std": 2.0446, "car_v_mean": 23.6029, "car_v_std": 13.0179}, "datetime": {"datetime": "2024-08-11 18:57:21", "elapsed": 4511.723661, "delta": 4.938726}}
{"target": -0.4320236581094024, "params": {"bus_acc": 3.3636, "bus_dcc": 2.4785, "bus_lcAssertive": 74.8166, "bus_lcCooperative": 0.9908, "bus_lcLookaheadLeft": 36.0021, "bus_lcPushy": 0.0852, "bus_lcSigma": 0.6359, "bus_lcSpeedGainRight": 1.0895, "bus_lcSublane": 0.5677, "bus_sigma": 0.0984, "bus_tau_mean": 2.9425, "bus_tau_std": 6.5669, "bus_v_mean": 18.1007, "bus_v_std": 0.0047, "car_acc": 2.94, "car_dcc": 2.3119, "car_lcAssertive": 58.6143, "car_lcCooperative": 0.9372, "car_lcLookaheadLeft": 43.7413, "car_lcPushy": 0.2211, "car_lcSigma": 0.023, "car_lcSpeedGainRight": 1.9804, "car_lcSublane": 0.1172, "car_sigma": 0.7233, "car_tau_mean": 0.5075, "car_tau_std": 1.1324, "car_v_mean": 24.0857, "car_v_std": 8.2821}, "datetime": {"datetime": "2024-08-11 18:57:26", "elapsed": 4517.435665, "delta": 5.712004}}
{"target": -0.39767534722785375, "params": {"bus_acc": 2.5637, "bus_dcc": 2.0253, "bus_lcAssertive": 63.1541, "bus_lcCooperative": 0.7624, "bus_lcLookaheadLeft": 45.3785, "bus_lcPushy": 0.7882, "bus_lcSigma": 0.6976, "bus_lcSpeedGainRight": 0.7924, "bus_lcSublane": 0.7972, "bus_sigma": 0.4699, "bus_tau_mean": 1.4659, "bus_tau_std": 6.153, "bus_v_mean": 12.4322, "bus_v_std": 1.8961, "car_acc": 0.9471, "car_dcc": 2.1271, "car_lcAssertive": 42.4787, "car_lcCooperative": 0.6731, "car_lcLookaheadLeft": 4.338, "car_lcPushy": 0.2543, "car_lcSigma": 0.31, "car_lcSpeedGainRight": 3.5833, "car_lcSublane": 0.463, "car_sigma": 0.742, "car_tau_mean": 0.7568, "car_tau_std": 6.9319, "car_v_mean": 15.1787, "car_v_std": 1.5098}, "datetime": {"datetime": "2024-08-11 18:57:31", "elapsed": 4522.143085, "delta": 4.70742}}
