{"target": -0.20249896168809842, "params": {"bus_acc": 3.8774, "bus_dcc": 1.0743, "bus_lcAssertive": 13.1297, "bus_lcCooperative": 0.2901, "bus_lcLookaheadLeft": 14.919, "bus_lcPushy": 0.3278, "bus_lcSigma": 0.5655, "bus_lcSpeedGainRight": 1.6901, "bus_lcSublane": 0.133, "bus_sigma": 0.0469, "bus_tau_mean": 2.7777, "bus_tau_std": 8.4941, "bus_v_mean": 19.3691, "bus_v_std": 6.6087, "car_acc": 2.7084, "car_dcc": 3.9189, "car_lcAssertive": 39.9644, "car_lcCooperative": 0.7049, "car_lcLookaheadLeft": 75.0763, "car_lcPushy": 0.6339, "car_lcSigma": 0.5913, "car_lcSpeedGainRight": 0.9405, "car_lcSublane": 0.5345, "car_sigma": 0.0032, "car_tau_mean": 1.2785, "car_tau_std": 3.2532, "car_v_mean": 15.5955, "car_v_std": 7.5035}, "datetime": {"datetime": "2024-09-05 13:05:55", "elapsed": 8211.422967, "delta": 8.044622}}
{"target": -0.16968946411928842, "params": {"bus_acc": 3.5986, "bus_dcc": 2.1941, "bus_lcAssertive": 83.319, "bus_lcCooperative": 0.8717, "bus_lcLookaheadLeft": 68.0239, "bus_lcPushy": 0.2962, "bus_lcSigma": 0.6426, "bus_lcSpeedGainRight": 2.2837, "bus_lcSublane": 0.7266, "bus_sigma": 0.8904, "bus_tau_mean": 1.8906, "bus_tau_std": 0.4293, "bus_v_mean": 22.0249, "bus_v_std": 1.1784, "car_acc": 1.6288, "car_dcc": 3.0364, "car_lcAssertive": 7.3267, "car_lcCooperative": 0.7881, "car_lcLookaheadLeft": 21.346, "car_lcPushy": 0.6165, "car_lcSigma": 0.7193, "car_lcSpeedGainRight": 3.7596, "car_lcSublane": 0.9687, "car_sigma": 0.2481, "car_tau_mean": 2.6454, "car_tau_std": 4.535, "car_v_mean": 14.8451, "car_v_std": 3.1192}, "datetime": {"datetime": "2024-09-05 13:06:01", "elapsed": 8216.82615, "delta": 5.403183}}
{"target": -0.6109235365671378, "params": {"bus_acc": 0.4104, "bus_dcc": 0.9205, "bus_lcAssertive": 91.6086, "bus_lcCooperative": 0.0593, "bus_lcLookaheadLeft": 62.2774, "bus_lcPushy": 0.8527, "bus_lcSigma": 0.2281, "bus_lcSpeedGainRight": 0.4642, "bus_lcSublane": 0.1085, "bus_sigma": 0.3397, "bus_tau_mean": 3.343, "bus_tau_std": 4.6585, "bus_v_mean": 11.9178, "bus_v_std": 5.5358, "car_acc": 2.0859, "car_dcc": 2.0018, "car_lcAssertive": 37.2219, "car_lcCooperative": 0.619, "car_lcLookaheadLeft": 47.4086, "car_lcPushy": 0.4117, "car_lcSigma": 0.0155, "car_lcSpeedGainRight": 1.1179, "car_lcSublane": 0.2357, "car_sigma": 0.6254, "car_tau_mean": 1.8397, "car_tau_std": 6.6207, "car_v_mean": 14.1335, "car_v_std": 9.9501}, "datetime": {"datetime": "2024-09-05 13:06:21", "elapsed": 8237.153332, "delta": 20.327182}}
{"target": -0.21440216111728047, "params": {"bus_acc": 1.2446, "bus_dcc": 0.3607, "bus_lcAssertive": 33.7056, "bus_lcCooperative": 0.1869, "bus_lcLookaheadLeft": 26.714, "bus_lcPushy": 0.5529, "bus_lcSigma": 0.8335, "bus_lcSpeedGainRight": 3.1086, "bus_lcSublane": 0.3168, "bus_sigma": 0.7965, "bus_tau_mean": 3.8746, "bus_tau_std": 3.8209, "bus_v_mean": 21.0658, "bus_v_std": 15.3301, "car_acc": 2.1955, "car_dcc": 1.2257, "car_lcAssertive": 39.047, "car_lcCooperative": 0.5343, "car_lcLookaheadLeft": 90.3271, "car_lcPushy": 0.7697, "car_lcSigma": 0.9953, "car_lcSpeedGainRight": 0.2203, "car_lcSublane": 0.9394, "car_sigma": 0.4513, "car_tau_mean": 3.3394, "car_tau_std": 2.0592, "car_v_mean": 11.6741, "car_v_std": 4.4825}, "datetime": {"datetime": "2024-09-05 13:06:39", "elapsed": 8254.58044, "delta": 17.427108}}
{"target": -0.24869752860813854, "params": {"bus_acc": 0.4641, "bus_dcc": 0.3977, "bus_lcAssertive": 50.3133, "bus_lcCooperative": 0.8539, "bus_lcLookaheadLeft": 94.928, "bus_lcPushy": 0.0175, "bus_lcSigma": 0.6463, "bus_lcSpeedGainRight": 4.5302, "bus_lcSublane": 0.8682, "bus_sigma": 0.9448, "bus_tau_mean": 1.1015, "bus_tau_std": 5.7771, "bus_v_mean": 25.4202, "bus_v_std": 17.1169, "car_acc": 1.0588, "car_dcc": 3.055, "car_lcAssertive": 14.9755, "car_lcCooperative": 0.0393, "car_lcLookaheadLeft": 85.8879, "car_lcPushy": 0.8636, "car_lcSigma": 0.4449, "car_lcSpeedGainRight": 2.8106, "car_lcSublane": 0.6623, "car_sigma": 0.9036, "car_tau_mean": 3.1769, "car_tau_std": 9.0785, "car_v_mean": 21.1807, "car_v_std": 7.9736}, "datetime": {"datetime": "2024-09-05 13:06:54", "elapsed": 8269.798555, "delta": 15.218115}}
{"target": -0.171015596344987, "params": {"bus_acc": 2.1786, "bus_dcc": 2.514, "bus_lcAssertive": 68.1186, "bus_lcCooperative": 0.8084, "bus_lcLookaheadLeft": 93.0429, "bus_lcPushy": 0.513, "bus_lcSigma": 0.1225, "bus_lcSpeedGainRight": 4.6085, "bus_lcSublane": 0.0865, "bus_sigma": 0.7381, "bus_tau_mean": 2.9499, "bus_tau_std": 1.6389, "bus_v_mean": 19.9623, "bus_v_std": 15.3304, "car_acc": 2.1149, "car_dcc": 3.0077, "car_lcAssertive": 10.1932, "car_lcCooperative": 0.2439, "car_lcLookaheadLeft": 96.7019, "car_lcPushy": 0.5045, "car_lcSigma": 0.8465, "car_lcSpeedGainRight": 4.0044, "car_lcSublane": 0.6079, "car_sigma": 0.6165, "car_tau_mean": 1.8257, "car_tau_std": 6.6414, "car_v_mean": 25.525, "car_v_std": 9.1825}, "datetime": {"datetime": "2024-09-05 13:07:04", "elapsed": 8279.488218, "delta": 9.689663}}
{"target": -0.17512783632805914, "params": {"bus_acc": 1.7314, "bus_dcc": 1.9493, "bus_lcAssertive": 13.3742, "bus_lcCooperative": 0.3051, "bus_lcLookaheadLeft": 98.2603, "bus_lcPushy": 0.6181, "bus_lcSigma": 0.9638, "bus_lcSpeedGainRight": 0.5236, "bus_lcSublane": 0.6327, "bus_sigma": 0.9945, "bus_tau_mean": 2.8165, "bus_tau_std": 9.9899, "bus_v_mean": 9.0003, "bus_v_std": 19.7707, "car_acc": 2.1823, "car_dcc": 2.2217, "car_lcAssertive": 99.3694, "car_lcCooperative": 0.2767, "car_lcLookaheadLeft": 56.9893, "car_lcPushy": 0.3243, "car_lcSigma": 0.1411, "car_lcSpeedGainRight": 1.7246, "car_lcSublane": 0.0616, "car_sigma": 0.8804, "car_tau_mean": 3.7635, "car_tau_std": 7.0693, "car_v_mean": 24.3478, "car_v_std": 7.7559}, "datetime": {"datetime": "2024-09-05 13:07:15", "elapsed": 8291.40953, "delta": 11.921312}}
{"target": -0.21030716966387888, "params": {"bus_acc": 0.772, "bus_dcc": 2.7032, "bus_lcAssertive": 82.0582, "bus_lcCooperative": 0.0264, "bus_lcLookaheadLeft": 82.4972, "bus_lcPushy": 0.1379, "bus_lcSigma": 0.8869, "bus_lcSpeedGainRight": 2.8228, "bus_lcSublane": 0.4779, "bus_sigma": 0.8569, "bus_tau_mean": 3.1644, "bus_tau_std": 5.1057, "bus_v_mean": 25.1899, "bus_v_std": 11.3689, "car_acc": 3.1324, "car_dcc": 3.3801, "car_lcAssertive": 53.824, "car_lcCooperative": 0.2441, "car_lcLookaheadLeft": 87.4784, "car_lcPushy": 0.5889, "car_lcSigma": 0.106, "car_lcSpeedGainRight": 4.3836, "car_lcSublane": 0.7572, "car_sigma": 0.6825, "car_tau_mean": 3.811, "car_tau_std": 8.464, "car_v_mean": 10.9544, "car_v_std": 17.5703}, "datetime": {"datetime": "2024-09-05 13:07:26", "elapsed": 8302.126985, "delta": 10.717455}}
{"target": -0.1951430058162458, "params": {"bus_acc": 2.9848, "bus_dcc": 3.4187, "bus_lcAssertive": 97.2302, "bus_lcCooperative": 0.366, "bus_lcLookaheadLeft": 66.8219, "bus_lcPushy": 0.3322, "bus_lcSigma": 0.4151, "bus_lcSpeedGainRight": 1.7583, "bus_lcSublane": 0.5178, "bus_sigma": 0.9028, "bus_tau_mean": 1.4467, "bus_tau_std": 2.301, "bus_v_mean": 24.5541, "bus_v_std": 4.927, "car_acc": 1.2848, "car_dcc": 0.8307, "car_lcAssertive": 21.0785, "car_lcCooperative": 0.0134, "car_lcLookaheadLeft": 33.6739, "car_lcPushy": 0.9848, "car_lcSigma": 0.7329, "car_lcSpeedGainRight": 4.3636, "car_lcSublane": 0.8166, "car_sigma": 0.2236, "car_tau_mean": 3.3712, "car_tau_std": 2.1984, "car_v_mean": 19.0768, "car_v_std": 15.0147}, "datetime": {"datetime": "2024-09-05 13:07:49", "elapsed": 8324.638935, "delta": 22.51195}}
{"target": -0.3913700787975491, "params": {"bus_acc": 0.9703, "bus_dcc": 2.6069, "bus_lcAssertive": 43.1283, "bus_lcCooperative": 0.5812, "bus_lcLookaheadLeft": 8.7068, "bus_lcPushy": 0.0287, "bus_lcSigma": 0.2494, "bus_lcSpeedGainRight": 0.3824, "bus_lcSublane": 0.4235, "bus_sigma": 0.5104, "bus_tau_mean": 2.9991, "bus_tau_std": 9.4431, "bus_v_mean": 12.9322, "bus_v_std": 13.6885, "car_acc": 1.677, "car_dcc": 3.6788, "car_lcAssertive": 68.1066, "car_lcCooperative": 0.522, "car_lcLookaheadLeft": 41.1875, "car_lcPushy": 0.393, "car_lcSigma": 0.9449, "car_lcSpeedGainRight": 0.2633, "car_lcSublane": 0.3512, "car_sigma": 0.1516, "car_tau_mean": 2.137, "car_tau_std": 1.8043, "car_v_mean": 13.2874, "car_v_std": 6.6264}, "datetime": {"datetime": "2024-09-05 13:08:01", "elapsed": 8336.821076, "delta": 12.182141}}
{"target": -0.18834551739088956, "params": {"bus_acc": 0.9676, "bus_dcc": 0.9658, "bus_lcAssertive": 22.8347, "bus_lcCooperative": 0.4141, "bus_lcLookaheadLeft": 94.4025, "bus_lcPushy": 0.0055, "bus_lcSigma": 0.3893, "bus_lcSpeedGainRight": 4.9328, "bus_lcSublane": 0.4286, "bus_sigma": 0.5981, "bus_tau_mean": 3.8462, "bus_tau_std": 0.4922, "bus_v_mean": 15.8152, "bus_v_std": 19.5772, "car_acc": 3.0667, "car_dcc": 3.2436, "car_lcAssertive": 76.4383, "car_lcCooperative": 0.7246, "car_lcLookaheadLeft": 90.5754, "car_lcPushy": 0.1761, "car_lcSigma": 0.0035, "car_lcSpeedGainRight": 0.0267, "car_lcSublane": 0.2619, "car_sigma": 0.5852, "car_tau_mean": 2.9458, "car_tau_std": 8.4493, "car_v_mean": 22.3177, "car_v_std": 13.37}, "datetime": {"datetime": "2024-09-05 13:08:14", "elapsed": 8349.958119, "delta": 13.137043}}
{"target": -0.16043828741190738, "params": {"bus_acc": 1.1058, "bus_dcc": 3.9489, "bus_lcAssertive": 80.2085, "bus_lcCooperative": 0.0445, "bus_lcLookaheadLeft": 63.1838, "bus_lcPushy": 0.3245, "bus_lcSigma": 0.7044, "bus_lcSpeedGainRight": 1.5038, "bus_lcSublane": 0.2391, "bus_sigma": 0.8251, "bus_tau_mean": 1.6635, "bus_tau_std": 8.9146, "bus_v_mean": 25.0585, "bus_v_std": 19.7279, "car_acc": 3.8338, "car_dcc": 2.2525, "car_lcAssertive": 62.0793, "car_lcCooperative": 0.5966, "car_lcLookaheadLeft": 68.8211, "car_lcPushy": 0.9233, "car_lcSigma": 0.7451, "car_lcSpeedGainRight": 2.1188, "car_lcSublane": 0.2943, "car_sigma": 0.3891, "car_tau_mean": 2.7162, "car_tau_std": 9.6089, "car_v_mean": 22.1516, "car_v_std": 8.1034}, "datetime": {"datetime": "2024-09-05 13:08:24", "elapsed": 8359.653767, "delta": 9.695648}}
{"target": -0.18615143124587794, "params": {"bus_acc": 0.7059, "bus_dcc": 0.7134, "bus_lcAssertive": 89.8096, "bus_lcCooperative": 0.2396, "bus_lcLookaheadLeft": 32.096, "bus_lcPushy": 0.2147, "bus_lcSigma": 0.2296, "bus_lcSpeedGainRight": 4.3144, "bus_lcSublane": 0.0253, "bus_sigma": 0.4016, "bus_tau_mean": 1.0771, "bus_tau_std": 2.3857, "bus_v_mean": 9.8152, "bus_v_std": 18.016, "car_acc": 1.0934, "car_dcc": 2.1334, "car_lcAssertive": 56.0207, "car_lcCooperative": 0.1078, "car_lcLookaheadLeft": 73.8964, "car_lcPushy": 0.2901, "car_lcSigma": 0.0182, "car_lcSpeedGainRight": 4.7231, "car_lcSublane": 0.6661, "car_sigma": 0.9059, "car_tau_mean": 3.3501, "car_tau_std": 3.9634, "car_v_mean": 10.279, "car_v_std": 8.1675}, "datetime": {"datetime": "2024-09-05 13:08:34", "elapsed": 8370.282941, "delta": 10.629174}}
{"target": -0.21635468470438268, "params": {"bus_acc": 3.9391, "bus_dcc": 1.6221, "bus_lcAssertive": 83.2636, "bus_lcCooperative": 0.8812, "bus_lcLookaheadLeft": 21.4958, "bus_lcPushy": 0.8609, "bus_lcSigma": 0.2748, "bus_lcSpeedGainRight": 0.5174, "bus_lcSublane": 0.1814, "bus_sigma": 0.8355, "bus_tau_mean": 2.8143, "bus_tau_std": 6.6602, "bus_v_mean": 22.2617, "bus_v_std": 17.6753, "car_acc": 1.8561, "car_dcc": 0.6905, "car_lcAssertive": 32.6693, "car_lcCooperative": 0.3471, "car_lcLookaheadLeft": 31.1536, "car_lcPushy": 0.3595, "car_lcSigma": 0.6362, "car_lcSpeedGainRight": 3.035, "car_lcSublane": 0.9098, "car_sigma": 0.5961, "car_tau_mean": 0.9926, "car_tau_std": 1.5453, "car_v_mean": 12.1254, "car_v_std": 12.769}, "datetime": {"datetime": "2024-09-05 13:08:45", "elapsed": 8380.895189, "delta": 10.612248}}
{"target": -0.17263394764119375, "params": {"bus_acc": 2.9783, "bus_dcc": 2.7525, "bus_lcAssertive": 92.8584, "bus_lcCooperative": 0.7889, "bus_lcLookaheadLeft": 33.1468, "bus_lcPushy": 0.5358, "bus_lcSigma": 0.4917, "bus_lcSpeedGainRight": 0.6142, "bus_lcSublane": 0.8737, "bus_sigma": 0.6252, "bus_tau_mean": 2.2889, "bus_tau_std": 6.2612, "bus_v_mean": 8.095, "bus_v_std": 6.5888, "car_acc": 3.3987, "car_dcc": 3.9502, "car_lcAssertive": 86.2389, "car_lcCooperative": 0.8009, "car_lcLookaheadLeft": 4.1859, "car_lcPushy": 0.0262, "car_lcSigma": 0.7812, "car_lcSpeedGainRight": 4.7123, "car_lcSublane": 0.6269, "car_sigma": 0.564, "car_tau_mean": 0.8064, "car_tau_std": 6.5614, "car_v_mean": 17.5929, "car_v_std": 8.6711}, "datetime": {"datetime": "2024-09-05 13:08:56", "elapsed": 8391.494881, "delta": 10.599692}}
{"target": -0.25297999129473836, "params": {"bus_acc": 2.6102, "bus_dcc": 0.7351, "bus_lcAssertive": 79.2511, "bus_lcCooperative": 0.7069, "bus_lcLookaheadLeft": 89.6239, "bus_lcPushy": 0.2122, "bus_lcSigma": 0.8051, "bus_lcSpeedGainRight": 4.1405, "bus_lcSublane": 0.212, "bus_sigma": 0.8801, "bus_tau_mean": 2.7868, "bus_tau_std": 1.3238, "bus_v_mean": 11.8485, "bus_v_std": 19.3882, "car_acc": 0.8278, "car_dcc": 2.966, "car_lcAssertive": 29.871, "car_lcCooperative": 0.8121, "car_lcLookaheadLeft": 77.4549, "car_lcPushy": 0.7537, "car_lcSigma": 0.9306, "car_lcSpeedGainRight": 1.5475, "car_lcSublane": 0.4593, "car_sigma": 0.0721, "car_tau_mean": 0.6867, "car_tau_std": 7.2144, "car_v_mean": 21.3208, "car_v_std": 3.1396}, "datetime": {"datetime": "2024-09-05 13:09:06", "elapsed": 8402.120494, "delta": 10.625613}}
{"target": -0.35033877498968224, "params": {"bus_acc": 1.4706, "bus_dcc": 0.9522, "bus_lcAssertive": 77.0979, "bus_lcCooperative": 0.0972, "bus_lcLookaheadLeft": 37.5172, "bus_lcPushy": 0.0648, "bus_lcSigma": 0.267, "bus_lcSpeedGainRight": 4.099, "bus_lcSublane": 0.8288, "bus_sigma": 0.6539, "bus_tau_mean": 1.804, "bus_tau_std": 3.5816, "bus_v_mean": 11.288, "bus_v_std": 12.6627, "car_acc": 3.6786, "car_dcc": 0.5613, "car_lcAssertive": 71.7583, "car_lcCooperative": 0.3544, "car_lcLookaheadLeft": 28.4054, "car_lcPushy": 0.5135, "car_lcSigma": 0.0796, "car_lcSpeedGainRight": 3.1006, "car_lcSublane": 0.9657, "car_sigma": 0.2039, "car_tau_mean": 0.5482, "car_tau_std": 0.8706, "car_v_mean": 10.2527, "car_v_std": 9.5211}, "datetime": {"datetime": "2024-09-05 13:09:20", "elapsed": 8416.128831, "delta": 14.008337}}
{"target": -0.2095644003982473, "params": {"bus_acc": 0.8382, "bus_dcc": 2.0487, "bus_lcAssertive": 8.4443, "bus_lcCooperative": 0.6507, "bus_lcLookaheadLeft": 52.8492, "bus_lcPushy": 0.1496, "bus_lcSigma": 0.234, "bus_lcSpeedGainRight": 0.4251, "bus_lcSublane": 0.7299, "bus_sigma": 0.2285, "bus_tau_mean": 2.7859, "bus_tau_std": 3.6568, "bus_v_mean": 25.8806, "bus_v_std": 14.2624, "car_acc": 0.7384, "car_dcc": 1.0416, "car_lcAssertive": 41.4936, "car_lcCooperative": 0.5584, "car_lcLookaheadLeft": 37.2186, "car_lcPushy": 0.6453, "car_lcSigma": 0.2608, "car_lcSpeedGainRight": 1.6167, "car_lcSublane": 0.5893, "car_sigma": 0.1204, "car_tau_mean": 3.2562, "car_tau_std": 9.855, "car_v_mean": 25.5756, "car_v_std": 19.9616}, "datetime": {"datetime": "2024-09-05 13:09:30", "elapsed": 8425.484524, "delta": 9.355693}}
{"target": -0.17996317588800245, "params": {"bus_acc": 1.1148, "bus_dcc": 1.6526, "bus_lcAssertive": 87.9551, "bus_lcCooperative": 0.4301, "bus_lcLookaheadLeft": 41.2501, "bus_lcPushy": 0.4426, "bus_lcSigma": 0.8954, "bus_lcSpeedGainRight": 0.6983, "bus_lcSublane": 0.471, "bus_sigma": 0.2379, "bus_tau_mean": 3.5954, "bus_tau_std": 4.9053, "bus_v_mean": 23.9765, "bus_v_std": 9.9752, "car_acc": 3.4538, "car_dcc": 3.9075, "car_lcAssertive": 68.3725, "car_lcCooperative": 0.2893, "car_lcLookaheadLeft": 70.1832, "car_lcPushy": 0.144, "car_lcSigma": 0.1743, "car_lcSpeedGainRight": 2.2719, "car_lcSublane": 0.431, "car_sigma": 0.4945, "car_tau_mean": 1.5721, "car_tau_std": 6.8988, "car_v_mean": 13.8534, "car_v_std": 18.97}, "datetime": {"datetime": "2024-09-05 13:09:47", "elapsed": 8442.766139, "delta": 17.281615}}
{"target": -0.1970098331569411, "params": {"bus_acc": 1.0783, "bus_dcc": 3.4398, "bus_lcAssertive": 4.9679, "bus_lcCooperative": 0.9956, "bus_lcLookaheadLeft": 44.9143, "bus_lcPushy": 0.2121, "bus_lcSigma": 0.461, "bus_lcSpeedGainRight": 1.4536, "bus_lcSublane": 0.6748, "bus_sigma": 0.0862, "bus_tau_mean": 0.9568, "bus_tau_std": 1.8796, "bus_v_mean": 12.688, "bus_v_std": 16.4273, "car_acc": 3.4553, "car_dcc": 2.278, "car_lcAssertive": 45.625, "car_lcCooperative": 0.3954, "car_lcLookaheadLeft": 33.9396, "car_lcPushy": 0.84, "car_lcSigma": 0.1383, "car_lcSpeedGainRight": 1.4605, "car_lcSublane": 0.6599, "car_sigma": 0.6507, "car_tau_mean": 1.2012, "car_tau_std": 8.6694, "car_v_mean": 25.2434, "car_v_std": 16.5227}, "datetime": {"datetime": "2024-09-05 13:10:03", "elapsed": 8458.847603, "delta": 16.081464}}
{"target": -0.19764134931291513, "params": {"bus_acc": 0.4338, "bus_dcc": 0.4055, "bus_lcAssertive": 93.1513, "bus_lcCooperative": 0.9877, "bus_lcLookaheadLeft": 35.7034, "bus_lcPushy": 0.6825, "bus_lcSigma": 0.4723, "bus_lcSpeedGainRight": 4.975, "bus_lcSublane": 0.8616, "bus_sigma": 0.5683, "bus_tau_mean": 2.5738, "bus_tau_std": 4.4992, "bus_v_mean": 12.7219, "bus_v_std": 9.0656, "car_acc": 1.1388, "car_dcc": 3.4082, "car_lcAssertive": 12.2541, "car_lcCooperative": 0.9353, "car_lcLookaheadLeft": 39.8102, "car_lcPushy": 0.4351, "car_lcSigma": 0.2088, "car_lcSpeedGainRight": 3.9512, "car_lcSublane": 0.3041, "car_sigma": 0.5254, "car_tau_mean": 1.1531, "car_tau_std": 0.2862, "car_v_mean": 19.2147, "car_v_std": 19.5948}, "datetime": {"datetime": "2024-09-05 13:10:35", "elapsed": 8490.665743, "delta": 31.81814}}
{"target": -0.21427978726439031, "params": {"bus_acc": 0.3501, "bus_dcc": 1.0181, "bus_lcAssertive": 7.839, "bus_lcCooperative": 0.6278, "bus_lcLookaheadLeft": 16.0161, "bus_lcPushy": 0.2058, "bus_lcSigma": 0.7069, "bus_lcSpeedGainRight": 2.4122, "bus_lcSublane": 0.0802, "bus_sigma": 0.3189, "bus_tau_mean": 3.9946, "bus_tau_std": 2.5736, "bus_v_mean": 10.5878, "bus_v_std": 4.9474, "car_acc": 3.8223, "car_dcc": 2.799, "car_lcAssertive": 11.6617, "car_lcCooperative": 0.635, "car_lcLookaheadLeft": 35.6561, "car_lcPushy": 0.7849, "car_lcSigma": 0.6007, "car_lcSpeedGainRight": 0.8461, "car_lcSublane": 0.5681, "car_sigma": 0.8497, "car_tau_mean": 0.8654, "car_tau_std": 6.3903, "car_v_mean": 9.1272, "car_v_std": 7.449}, "datetime": {"datetime": "2024-09-05 13:10:47", "elapsed": 8503.393535, "delta": 12.727792}}
{"target": -0.3119433648140079, "params": {"bus_acc": 3.2054, "bus_dcc": 0.5739, "bus_lcAssertive": 27.8566, "bus_lcCooperative": 0.8578, "bus_lcLookaheadLeft": 21.2782, "bus_lcPushy": 0.8098, "bus_lcSigma": 0.3314, "bus_lcSpeedGainRight": 2.5537, "bus_lcSublane": 0.8029, "bus_sigma": 0.2502, "bus_tau_mean": 2.8945, "bus_tau_std": 3.6133, "bus_v_mean": 11.497, "bus_v_std": 4.06, "car_acc": 3.6333, "car_dcc": 0.4713, "car_lcAssertive": 42.4563, "car_lcCooperative": 0.8244, "car_lcLookaheadLeft": 44.8444, "car_lcPushy": 0.9407, "car_lcSigma": 0.2525, "car_lcSpeedGainRight": 2.4452, "car_lcSublane": 0.6949, "car_sigma": 0.1214, "car_tau_mean": 3.4386, "car_tau_std": 5.7009, "car_v_mean": 24.6579, "car_v_std": 2.9278}, "datetime": {"datetime": "2024-09-05 13:11:00", "elapsed": 8516.32141, "delta": 12.927875}}
{"target": -0.20083988303734743, "params": {"bus_acc": 1.8394, "bus_dcc": 1.2188, "bus_lcAssertive": 31.9863, "bus_lcCooperative": 0.4337, "bus_lcLookaheadLeft": 88.0805, "bus_lcPushy": 0.9354, "bus_lcSigma": 0.3853, "bus_lcSpeedGainRight": 4.7893, "bus_lcSublane": 0.8399, "bus_sigma": 0.3532, "bus_tau_mean": 1.7231, "bus_tau_std": 3.9345, "bus_v_mean": 16.705, "bus_v_std": 13.0496, "car_acc": 2.9179, "car_dcc": 1.3357, "car_lcAssertive": 45.5924, "car_lcCooperative": 0.38, "car_lcLookaheadLeft": 15.2298, "car_lcPushy": 0.8922, "car_lcSigma": 0.8967, "car_lcSpeedGainRight": 0.3464, "car_lcSublane": 0.102, "car_sigma": 0.3456, "car_tau_mean": 3.0661, "car_tau_std": 7.4325, "car_v_mean": 12.1106, "car_v_std": 3.1922}, "datetime": {"datetime": "2024-09-05 13:11:28", "elapsed": 8543.640212, "delta": 27.318802}}
{"target": -0.18924035221122093, "params": {"bus_acc": 0.9839, "bus_dcc": 3.0182, "bus_lcAssertive": 59.5479, "bus_lcCooperative": 0.5977, "bus_lcLookaheadLeft": 77.0409, "bus_lcPushy": 0.9796, "bus_lcSigma": 0.8205, "bus_lcSpeedGainRight": 2.1698, "bus_lcSublane": 0.2936, "bus_sigma": 0.6678, "bus_tau_mean": 0.8666, "bus_tau_std": 6.8604, "bus_v_mean": 10.1726, "bus_v_std": 19.5814, "car_acc": 1.3199, "car_dcc": 3.3226, "car_lcAssertive": 11.9995, "car_lcCooperative": 0.4571, "car_lcLookaheadLeft": 67.6985, "car_lcPushy": 0.8268, "car_lcSigma": 0.8937, "car_lcSpeedGainRight": 4.7608, "car_lcSublane": 0.6846, "car_sigma": 0.6245, "car_tau_mean": 2.249, "car_tau_std": 7.1808, "car_v_mean": 14.5096, "car_v_std": 18.8369}, "datetime": {"datetime": "2024-09-05 13:11:40", "elapsed": 8555.570062, "delta": 11.92985}}
{"target": -0.20579653531185713, "params": {"bus_acc": 2.079, "bus_dcc": 2.8694, "bus_lcAssertive": 30.6479, "bus_lcCooperative": 0.9349, "bus_lcLookaheadLeft": 42.202, "bus_lcPushy": 0.6987, "bus_lcSigma": 0.5738, "bus_lcSpeedGainRight": 1.255, "bus_lcSublane": 0.5549, "bus_sigma": 0.4518, "bus_tau_mean": 0.5092, "bus_tau_std": 6.2642, "bus_v_mean": 14.5871, "bus_v_std": 14.2529, "car_acc": 0.8403, "car_dcc": 0.3982, "car_lcAssertive": 50.1643, "car_lcCooperative": 0.4564, "car_lcLookaheadLeft": 83.9297, "car_lcPushy": 0.6661, "car_lcSigma": 0.8521, "car_lcSpeedGainRight": 3.5378, "car_lcSublane": 0.3782, "car_sigma": 0.9546, "car_tau_mean": 0.6361, "car_tau_std": 3.2908, "car_v_mean": 17.7351, "car_v_std": 17.8038}, "datetime": {"datetime": "2024-09-05 13:11:58", "elapsed": 8574.193788, "delta": 18.623726}}
