{"target": -0.38700506576546284, "params": {"bus_acc": 3.6534, "bus_dcc": 2.9954, "bus_lcAssertive": 77.0016, "bus_lcCooperative": 0.9516, "bus_lcLookaheadLeft": 21.2779, "bus_lcPushy": 0.6093, "bus_lcSigma": 0.808, "bus_lcSpeedGainRight": 2.9829, "bus_lcSublane": 0.7831, "bus_sigma": 0.6081, "bus_tau_mean": 3.8395, "bus_tau_std": 0.7169, "bus_v_mean": 8.1627, "bus_v_std": 2.4445, "car_acc": 0.3453, "car_dcc": 0.5502, "car_lcAssertive": 98.3056, "car_lcCooperative": 0.7555, "car_lcLookaheadLeft": 62.691, "car_lcPushy": 0.1539, "car_lcSigma": 0.3911, "car_lcSpeedGainRight": 0.279, "car_lcSublane": 0.7088, "car_sigma": 0.1872, "car_tau_mean": 2.7699, "car_tau_std": 8.6523, "car_v_mean": 9.8507, "car_v_std": 12.491}, "datetime": {"datetime": "2024-08-11 20:12:33", "elapsed": 9024.086648, "delta": 10.365891}}
{"target": -0.4304472471086174, "params": {"bus_acc": 3.8504, "bus_dcc": 3.5584, "bus_lcAssertive": 21.6406, "bus_lcCooperative": 0.0787, "bus_lcLookaheadLeft": 89.6108, "bus_lcPushy": 0.2773, "bus_lcSigma": 0.4875, "bus_lcSpeedGainRight": 0.5122, "bus_lcSublane": 0.6896, "bus_sigma": 0.9259, "bus_tau_mean": 3.131, "bus_tau_std": 5.9818, "bus_v_mean": 25.8972, "bus_v_std": 2.9033, "car_acc": 0.574, "car_dcc": 0.7868, "car_lcAssertive": 27.4107, "car_lcCooperative": 0.6926, "car_lcLookaheadLeft": 79.0984, "car_lcPushy": 0.8318, "car_lcSigma": 0.7616, "car_lcSpeedGainRight": 1.8801, "car_lcSublane": 0.8241, "car_sigma": 0.2547, "car_tau_mean": 2.1219, "car_tau_std": 8.026, "car_v_mean": 8.1596, "car_v_std": 1.9111}, "datetime": {"datetime": "2024-08-11 20:12:41", "elapsed": 9032.438045, "delta": 8.351397}}
{"target": -0.4853920630305655, "params": {"bus_acc": 3.6151, "bus_dcc": 3.7903, "bus_lcAssertive": 3.9347, "bus_lcCooperative": 0.7502, "bus_lcLookaheadLeft": 41.4136, "bus_lcPushy": 0.8851, "bus_lcSigma": 0.8709, "bus_lcSpeedGainRight": 4.8517, "bus_lcSublane": 0.2881, "bus_sigma": 0.7737, "bus_tau_mean": 3.2584, "bus_tau_std": 6.5438, "bus_v_mean": 24.3954, "bus_v_std": 3.1474, "car_acc": 0.4592, "car_dcc": 3.3731, "car_lcAssertive": 48.4513, "car_lcCooperative": 0.6739, "car_lcLookaheadLeft": 57.98, "car_lcPushy": 0.9841, "car_lcSigma": 0.2884, "car_lcSpeedGainRight": 4.4851, "car_lcSublane": 0.9346, "car_sigma": 0.9165, "car_tau_mean": 1.3597, "car_tau_std": 1.289, "car_v_mean": 8.4909, "car_v_std": 7.8217}, "datetime": {"datetime": "2024-08-11 20:12:47", "elapsed": 9038.364044, "delta": 5.925999}}
{"target": -0.6599494011878809, "params": {"bus_acc": 3.4303, "bus_dcc": 1.0356, "bus_lcAssertive": 91.9919, "bus_lcCooperative": 0.2502, "bus_lcLookaheadLeft": 57.7978, "bus_lcPushy": 0.3597, "bus_lcSigma": 0.0648, "bus_lcSpeedGainRight": 1.9804, "bus_lcSublane": 0.999, "bus_sigma": 0.88, "bus_tau_mean": 2.5498, "bus_tau_std": 0.2858, "bus_v_mean": 11.3541, "bus_v_std": 2.64, "car_acc": 1.7638, "car_dcc": 0.6278, "car_lcAssertive": 68.8681, "car_lcCooperative": 0.9896, "car_lcLookaheadLeft": 45.9073, "car_lcPushy": 0.58, "car_lcSigma": 0.5121, "car_lcSpeedGainRight": 1.7893, "car_lcSublane": 0.1972, "car_sigma": 0.3578, "car_tau_mean": 2.307, "car_tau_std": 0.2848, "car_v_mean": 24.2064, "car_v_std": 4.384}, "datetime": {"datetime": "2024-08-11 20:12:53", "elapsed": 9044.4233, "delta": 6.059256}}
{"target": -0.3569347849489397, "params": {"bus_acc": 0.5291, "bus_dcc": 1.8786, "bus_lcAssertive": 70.6019, "bus_lcCooperative": 0.5411, "bus_lcLookaheadLeft": 59.577, "bus_lcPushy": 0.2025, "bus_lcSigma": 0.4827, "bus_lcSpeedGainRight": 3.4478, "bus_lcSublane": 0.6874, "bus_sigma": 0.0623, "bus_tau_mean": 3.405, "bus_tau_std": 1.9618, "bus_v_mean": 25.3614, "bus_v_std": 3.2918, "car_acc": 1.6907, "car_dcc": 3.8668, "car_lcAssertive": 14.3865, "car_lcCooperative": 0.5816, "car_lcLookaheadLeft": 40.8906, "car_lcPushy": 0.3484, "car_lcSigma": 0.2367, "car_lcSpeedGainRight": 3.1618, "car_lcSublane": 0.6868, "car_sigma": 0.0497, "car_tau_mean": 3.318, "car_tau_std": 2.2467, "car_v_mean": 14.0501, "car_v_std": 19.1939}, "datetime": {"datetime": "2024-08-11 20:12:59", "elapsed": 9050.619864, "delta": 6.196564}}
{"target": -0.4131563592695571, "params": {"bus_acc": 0.9422, "bus_dcc": 0.6597, "bus_lcAssertive": 93.5495, "bus_lcCooperative": 0.4814, "bus_lcLookaheadLeft": 29.9893, "bus_lcPushy": 0.9297, "bus_lcSigma": 0.0335, "bus_lcSpeedGainRight": 1.0969, "bus_lcSublane": 0.1058, "bus_sigma": 0.8284, "bus_tau_mean": 0.6362, "bus_tau_std": 7.3835, "bus_v_mean": 11.1371, "bus_v_std": 4.8679, "car_acc": 3.3588, "car_dcc": 2.2799, "car_lcAssertive": 47.6018, "car_lcCooperative": 0.3174, "car_lcLookaheadLeft": 45.9535, "car_lcPushy": 0.639, "car_lcSigma": 0.7854, "car_lcSpeedGainRight": 4.6561, "car_lcSublane": 0.6672, "car_sigma": 0.2867, "car_tau_mean": 1.5018, "car_tau_std": 5.4883, "car_v_mean": 11.1314, "car_v_std": 7.6007}, "datetime": {"datetime": "2024-08-11 20:13:12", "elapsed": 9063.482778, "delta": 12.862914}}
{"target": -0.3952026157987691, "params": {"bus_acc": 3.7021, "bus_dcc": 3.4758, "bus_lcAssertive": 72.8522, "bus_lcCooperative": 0.9049, "bus_lcLookaheadLeft": 53.8036, "bus_lcPushy": 0.2584, "bus_lcSigma": 0.4558, "bus_lcSpeedGainRight": 1.1299, "bus_lcSublane": 0.221, "bus_sigma": 0.3653, "bus_tau_mean": 2.1617, "bus_tau_std": 0.9072, "bus_v_mean": 11.1079, "bus_v_std": 10.1409, "car_acc": 1.8349, "car_dcc": 2.1217, "car_lcAssertive": 27.616, "car_lcCooperative": 0.3515, "car_lcLookaheadLeft": 20.0674, "car_lcPushy": 0.6341, "car_lcSigma": 0.627, "car_lcSpeedGainRight": 4.9223, "car_lcSublane": 0.2448, "car_sigma": 0.1498, "car_tau_mean": 2.1687, "car_tau_std": 9.2164, "car_v_mean": 13.2171, "car_v_std": 16.6085}, "datetime": {"datetime": "2024-08-11 20:13:18", "elapsed": 9069.497225, "delta": 6.014447}}
{"target": -0.4189217882079046, "params": {"bus_acc": 2.2879, "bus_dcc": 2.989, "bus_lcAssertive": 7.658, "bus_lcCooperative": 0.2826, "bus_lcLookaheadLeft": 14.7184, "bus_lcPushy": 0.7548, "bus_lcSigma": 0.3354, "bus_lcSpeedGainRight": 1.6717, "bus_lcSublane": 0.3549, "bus_sigma": 0.3992, "bus_tau_mean": 1.5216, "bus_tau_std": 8.0831, "bus_v_mean": 8.2687, "bus_v_std": 15.7889, "car_acc": 0.883, "car_dcc": 1.7291, "car_lcAssertive": 37.5753, "car_lcCooperative": 0.4853, "car_lcLookaheadLeft": 27.6979, "car_lcPushy": 0.3945, "car_lcSigma": 0.8666, "car_lcSpeedGainRight": 1.1012, "car_lcSublane": 0.0387, "car_sigma": 0.4761, "car_tau_mean": 2.7395, "car_tau_std": 5.4072, "car_v_mean": 25.6214, "car_v_std": 9.6361}, "datetime": {"datetime": "2024-08-11 20:13:24", "elapsed": 9074.684961, "delta": 5.187736}}
{"target": -0.4040336058918917, "params": {"bus_acc": 2.424, "bus_dcc": 1.7692, "bus_lcAssertive": 32.3865, "bus_lcCooperative": 0.7027, "bus_lcLookaheadLeft": 72.1652, "bus_lcPushy": 0.3814, "bus_lcSigma": 0.4938, "bus_lcSpeedGainRight": 3.3782, "bus_lcSublane": 0.0904, "bus_sigma": 0.4224, "bus_tau_mean": 0.5046, "bus_tau_std": 0.9664, "bus_v_mean": 16.0005, "bus_v_std": 5.2578, "car_acc": 0.8039, "car_dcc": 3.6706, "car_lcAssertive": 71.1172, "car_lcCooperative": 0.4723, "car_lcLookaheadLeft": 25.963, "car_lcPushy": 0.3659, "car_lcSigma": 0.7223, "car_lcSpeedGainRight": 0.0122, "car_lcSublane": 0.3108, "car_sigma": 0.1381, "car_tau_mean": 1.9203, "car_tau_std": 4.0335, "car_v_mean": 13.7146, "car_v_std": 0.3392}, "datetime": {"datetime": "2024-08-11 20:13:36", "elapsed": 9086.666473, "delta": 11.981512}}
{"target": -0.41510284526698954, "params": {"bus_acc": 3.8361, "bus_dcc": 2.388, "bus_lcAssertive": 89.8245, "bus_lcCooperative": 0.2275, "bus_lcLookaheadLeft": 10.939, "bus_lcPushy": 0.6856, "bus_lcSigma": 0.102, "bus_lcSpeedGainRight": 3.8182, "bus_lcSublane": 0.192, "bus_sigma": 0.0278, "bus_tau_mean": 3.2779, "bus_tau_std": 7.3453, "bus_v_mean": 19.5167, "bus_v_std": 18.3952, "car_acc": 2.7587, "car_dcc": 0.7811, "car_lcAssertive": 34.7063, "car_lcCooperative": 0.0211, "car_lcLookaheadLeft": 63.3593, "car_lcPushy": 0.6393, "car_lcSigma": 0.2187, "car_lcSpeedGainRight": 4.5889, "car_lcSublane": 0.1808, "car_sigma": 0.1732, "car_tau_mean": 3.2959, "car_tau_std": 6.2704, "car_v_mean": 20.8083, "car_v_std": 1.734}, "datetime": {"datetime": "2024-08-11 20:13:47", "elapsed": 9098.620959, "delta": 11.954486}}
{"target": -0.35303984587368026, "params": {"bus_acc": 3.3851, "bus_dcc": 0.4161, "bus_lcAssertive": 49.0556, "bus_lcCooperative": 0.8847, "bus_lcLookaheadLeft": 68.9887, "bus_lcPushy": 0.8919, "bus_lcSigma": 0.3611, "bus_lcSpeedGainRight": 3.8754, "bus_lcSublane": 0.4137, "bus_sigma": 0.397, "bus_tau_mean": 0.7268, "bus_tau_std": 8.7604, "bus_v_mean": 15.4126, "bus_v_std": 9.4827, "car_acc": 3.0914, "car_dcc": 0.9396, "car_lcAssertive": 71.4549, "car_lcCooperative": 0.2206, "car_lcLookaheadLeft": 87.5456, "car_lcPushy": 0.0512, "car_lcSigma": 0.8416, "car_lcSpeedGainRight": 4.6262, "car_lcSublane": 0.5933, "car_sigma": 0.3222, "car_tau_mean": 0.5813, "car_tau_std": 5.1693, "car_v_mean": 16.7101, "car_v_std": 15.311}, "datetime": {"datetime": "2024-08-11 20:13:59", "elapsed": 9110.171482, "delta": 11.550523}}
{"target": -0.6244317830389984, "params": {"bus_acc": 3.2207, "bus_dcc": 1.0674, "bus_lcAssertive": 68.8384, "bus_lcCooperative": 0.224, "bus_lcLookaheadLeft": 80.9829, "bus_lcPushy": 0.5821, "bus_lcSigma": 0.0463, "bus_lcSpeedGainRight": 2.141, "bus_lcSublane": 0.0969, "bus_sigma": 0.0226, "bus_tau_mean": 3.1011, "bus_tau_std": 1.3075, "bus_v_mean": 12.4361, "bus_v_std": 3.9379, "car_acc": 0.7474, "car_dcc": 2.4108, "car_lcAssertive": 1.3749, "car_lcCooperative": 0.2299, "car_lcLookaheadLeft": 97.3615, "car_lcPushy": 0.4607, "car_lcSigma": 0.9015, "car_lcSpeedGainRight": 0.2578, "car_lcSublane": 0.7554, "car_sigma": 0.352, "car_tau_mean": 0.7126, "car_tau_std": 4.5595, "car_v_mean": 18.2622, "car_v_std": 15.4279}, "datetime": {"datetime": "2024-08-11 20:14:07", "elapsed": 9117.861553, "delta": 7.690071}}
{"target": -0.48118287785436203, "params": {"bus_acc": 2.2401, "bus_dcc": 0.4494, "bus_lcAssertive": 27.0363, "bus_lcCooperative": 0.6405, "bus_lcLookaheadLeft": 84.4083, "bus_lcPushy": 0.2988, "bus_lcSigma": 0.1548, "bus_lcSpeedGainRight": 4.377, "bus_lcSublane": 0.7684, "bus_sigma": 0.2155, "bus_tau_mean": 3.326, "bus_tau_std": 1.9575, "bus_v_mean": 11.7602, "bus_v_std": 9.9718, "car_acc": 1.262, "car_dcc": 2.8938, "car_lcAssertive": 2.7103, "car_lcCooperative": 0.9625, "car_lcLookaheadLeft": 87.3476, "car_lcPushy": 0.2892, "car_lcSigma": 0.9726, "car_lcSpeedGainRight": 2.2593, "car_lcSublane": 0.5499, "car_sigma": 0.8027, "car_tau_mean": 2.3135, "car_tau_std": 3.3616, "car_v_mean": 23.2361, "car_v_std": 1.7648}, "datetime": {"datetime": "2024-08-11 20:14:15", "elapsed": 9126.469613, "delta": 8.60806}}
{"target": -0.4825211462820211, "params": {"bus_acc": 2.7792, "bus_dcc": 3.1302, "bus_lcAssertive": 1.6455, "bus_lcCooperative": 0.0312, "bus_lcLookaheadLeft": 58.8186, "bus_lcPushy": 0.5192, "bus_lcSigma": 0.2471, "bus_lcSpeedGainRight": 3.2834, "bus_lcSublane": 0.4672, "bus_sigma": 0.9273, "bus_tau_mean": 2.733, "bus_tau_std": 5.8596, "bus_v_mean": 10.8634, "bus_v_std": 16.2687, "car_acc": 3.5487, "car_dcc": 2.4216, "car_lcAssertive": 74.6703, "car_lcCooperative": 0.9473, "car_lcLookaheadLeft": 70.2309, "car_lcPushy": 0.0323, "car_lcSigma": 0.976, "car_lcSpeedGainRight": 2.5221, "car_lcSublane": 0.5947, "car_sigma": 0.8613, "car_tau_mean": 2.7255, "car_tau_std": 4.1145, "car_v_mean": 12.9728, "car_v_std": 11.2056}, "datetime": {"datetime": "2024-08-11 20:14:21", "elapsed": 9132.414023, "delta": 5.94441}}
{"target": -0.4939208136729851, "params": {"bus_acc": 0.3065, "bus_dcc": 0.7942, "bus_lcAssertive": 58.913, "bus_lcCooperative": 0.61, "bus_lcLookaheadLeft": 4.3367, "bus_lcPushy": 0.5264, "bus_lcSigma": 0.8963, "bus_lcSpeedGainRight": 2.3986, "bus_lcSublane": 0.0269, "bus_sigma": 0.4437, "bus_tau_mean": 0.9352, "bus_tau_std": 6.1459, "bus_v_mean": 18.1424, "bus_v_std": 7.0117, "car_acc": 3.8661, "car_dcc": 2.5768, "car_lcAssertive": 85.2049, "car_lcCooperative": 0.4889, "car_lcLookaheadLeft": 42.8592, "car_lcPushy": 0.1985, "car_lcSigma": 0.7396, "car_lcSpeedGainRight": 3.9444, "car_lcSublane": 0.9215, "car_sigma": 0.5026, "car_tau_mean": 1.5381, "car_tau_std": 0.4585, "car_v_mean": 22.1488, "car_v_std": 4.9079}, "datetime": {"datetime": "2024-08-11 20:14:30", "elapsed": 9140.953545, "delta": 8.539522}}
{"target": -0.40885578032476233, "params": {"bus_acc": 2.6998, "bus_dcc": 0.7375, "bus_lcAssertive": 73.4758, "bus_lcCooperative": 0.5721, "bus_lcLookaheadLeft": 43.426, "bus_lcPushy": 0.0695, "bus_lcSigma": 0.8183, "bus_lcSpeedGainRight": 2.5788, "bus_lcSublane": 0.0727, "bus_sigma": 0.1739, "bus_tau_mean": 1.8624, "bus_tau_std": 2.4378, "bus_v_mean": 14.2726, "bus_v_std": 13.5745, "car_acc": 0.3706, "car_dcc": 0.9381, "car_lcAssertive": 50.5472, "car_lcCooperative": 0.5922, "car_lcLookaheadLeft": 75.1323, "car_lcPushy": 0.2711, "car_lcSigma": 0.0499, "car_lcSpeedGainRight": 4.3745, "car_lcSublane": 0.565, "car_sigma": 0.8021, "car_tau_mean": 1.9727, "car_tau_std": 0.4442, "car_v_mean": 15.0203, "car_v_std": 1.6841}, "datetime": {"datetime": "2024-08-11 20:14:40", "elapsed": 9151.500032, "delta": 10.546487}}
{"target": -0.3691923660144596, "params": {"bus_acc": 2.8261, "bus_dcc": 3.1345, "bus_lcAssertive": 95.914, "bus_lcCooperative": 0.024, "bus_lcLookaheadLeft": 85.607, "bus_lcPushy": 0.7252, "bus_lcSigma": 0.0111, "bus_lcSpeedGainRight": 3.7948, "bus_lcSublane": 0.4428, "bus_sigma": 0.9965, "bus_tau_mean": 3.2427, "bus_tau_std": 6.3662, "bus_v_mean": 13.8758, "bus_v_std": 6.6174, "car_acc": 1.3522, "car_dcc": 3.9343, "car_lcAssertive": 74.7066, "car_lcCooperative": 0.5456, "car_lcLookaheadLeft": 9.9777, "car_lcPushy": 0.7074, "car_lcSigma": 0.0313, "car_lcSpeedGainRight": 4.3809, "car_lcSublane": 0.6629, "car_sigma": 0.1946, "car_tau_mean": 0.7901, "car_tau_std": 1.7574, "car_v_mean": 11.0001, "car_v_std": 14.968}, "datetime": {"datetime": "2024-08-11 20:14:53", "elapsed": 9164.33591, "delta": 12.835878}}
{"target": -0.39700681236332286, "params": {"bus_acc": 3.3149, "bus_dcc": 3.0411, "bus_lcAssertive": 95.3089, "bus_lcCooperative": 0.4506, "bus_lcLookaheadLeft": 98.7153, "bus_lcPushy": 0.1427, "bus_lcSigma": 0.0354, "bus_lcSpeedGainRight": 1.8681, "bus_lcSublane": 0.0348, "bus_sigma": 0.2984, "bus_tau_mean": 1.1782, "bus_tau_std": 6.686, "bus_v_mean": 11.2891, "bus_v_std": 15.636, "car_acc": 1.8315, "car_dcc": 2.2348, "car_lcAssertive": 94.9599, "car_lcCooperative": 0.2059, "car_lcLookaheadLeft": 12.7282, "car_lcPushy": 0.6, "car_lcSigma": 0.1483, "car_lcSpeedGainRight": 3.275, "car_lcSublane": 0.9578, "car_sigma": 0.6668, "car_tau_mean": 1.3854, "car_tau_std": 3.0186, "car_v_mean": 8.4696, "car_v_std": 17.4992}, "datetime": {"datetime": "2024-08-11 20:15:00", "elapsed": 9171.264138, "delta": 6.928228}}
{"target": -0.42918948336066814, "params": {"bus_acc": 2.3026, "bus_dcc": 3.2117, "bus_lcAssertive": 65.9045, "bus_lcCooperative": 0.349, "bus_lcLookaheadLeft": 85.5345, "bus_lcPushy": 0.299, "bus_lcSigma": 0.9104, "bus_lcSpeedGainRight": 0.547, "bus_lcSublane": 0.944, "bus_sigma": 0.1801, "bus_tau_mean": 3.6929, "bus_tau_std": 8.1186, "bus_v_mean": 24.1703, "bus_v_std": 9.7209, "car_acc": 1.9514, "car_dcc": 3.282, "car_lcAssertive": 67.9591, "car_lcCooperative": 0.1989, "car_lcLookaheadLeft": 75.5569, "car_lcPushy": 0.4939, "car_lcSigma": 0.8749, "car_lcSpeedGainRight": 4.1838, "car_lcSublane": 0.1464, "car_sigma": 0.8336, "car_tau_mean": 2.203, "car_tau_std": 1.7547, "car_v_mean": 14.8076, "car_v_std": 11.5439}, "datetime": {"datetime": "2024-08-11 20:15:05", "elapsed": 9176.577582, "delta": 5.313444}}
{"target": -0.4049843125339592, "params": {"bus_acc": 0.6703, "bus_dcc": 1.0718, "bus_lcAssertive": 82.362, "bus_lcCooperative": 0.5982, "bus_lcLookaheadLeft": 52.5253, "bus_lcPushy": 0.2247, "bus_lcSigma": 0.4115, "bus_lcSpeedGainRight": 2.7126, "bus_lcSublane": 0.1518, "bus_sigma": 0.8037, "bus_tau_mean": 1.4524, "bus_tau_std": 6.0562, "bus_v_mean": 9.6863, "bus_v_std": 7.9509, "car_acc": 2.6804, "car_dcc": 0.9852, "car_lcAssertive": 19.3466, "car_lcCooperative": 0.5554, "car_lcLookaheadLeft": 44.0515, "car_lcPushy": 0.6769, "car_lcSigma": 0.6181, "car_lcSpeedGainRight": 2.7464, "car_lcSublane": 0.5321, "car_sigma": 0.1672, "car_tau_mean": 0.9183, "car_tau_std": 7.466, "car_v_mean": 19.6322, "car_v_std": 4.9694}, "datetime": {"datetime": "2024-08-11 20:15:15", "elapsed": 9186.101338, "delta": 9.523756}}
{"target": -0.39385933356777375, "params": {"bus_acc": 2.8339, "bus_dcc": 3.2113, "bus_lcAssertive": 40.0424, "bus_lcCooperative": 0.9371, "bus_lcLookaheadLeft": 74.7408, "bus_lcPushy": 0.9127, "bus_lcSigma": 0.6475, "bus_lcSpeedGainRight": 3.7469, "bus_lcSublane": 0.3738, "bus_sigma": 0.2896, "bus_tau_mean": 3.2589, "bus_tau_std": 5.6005, "bus_v_mean": 22.0009, "bus_v_std": 9.3881, "car_acc": 1.3097, "car_dcc": 2.7582, "car_lcAssertive": 25.0439, "car_lcCooperative": 0.1817, "car_lcLookaheadLeft": 58.597, "car_lcPushy": 0.2935, "car_lcSigma": 0.7377, "car_lcSpeedGainRight": 2.4812, "car_lcSublane": 0.8886, "car_sigma": 0.2078, "car_tau_mean": 0.641, "car_tau_std": 5.6857, "car_v_mean": 24.1404, "car_v_std": 4.0196}, "datetime": {"datetime": "2024-08-11 20:15:27", "elapsed": 9198.435213, "delta": 12.333875}}
{"target": -0.4129043713660576, "params": {"bus_acc": 1.1787, "bus_dcc": 0.5524, "bus_lcAssertive": 16.6107, "bus_lcCooperative": 0.6973, "bus_lcLookaheadLeft": 31.4103, "bus_lcPushy": 0.4886, "bus_lcSigma": 0.3795, "bus_lcSpeedGainRight": 4.6079, "bus_lcSublane": 0.7025, "bus_sigma": 0.2591, "bus_tau_mean": 1.2518, "bus_tau_std": 8.5994, "bus_v_mean": 8.7611, "bus_v_std": 15.2846, "car_acc": 2.7945, "car_dcc": 2.9046, "car_lcAssertive": 64.1238, "car_lcCooperative": 0.0261, "car_lcLookaheadLeft": 62.3751, "car_lcPushy": 0.3397, "car_lcSigma": 0.4626, "car_lcSpeedGainRight": 2.1967, "car_lcSublane": 0.2147, "car_sigma": 0.8866, "car_tau_mean": 1.8013, "car_tau_std": 3.24, "car_v_mean": 23.3813, "car_v_std": 15.4564}, "datetime": {"datetime": "2024-08-11 20:15:39", "elapsed": 9210.263471, "delta": 11.828258}}
{"target": -0.43782301972549575, "params": {"bus_acc": 1.4775, "bus_dcc": 1.3724, "bus_lcAssertive": 10.717, "bus_lcCooperative": 0.3097, "bus_lcLookaheadLeft": 98.1515, "bus_lcPushy": 0.2762, "bus_lcSigma": 0.6491, "bus_lcSpeedGainRight": 2.1562, "bus_lcSublane": 0.4975, "bus_sigma": 0.4019, "bus_tau_mean": 1.1547, "bus_tau_std": 8.2703, "bus_v_mean": 20.931, "bus_v_std": 17.6026, "car_acc": 1.7633, "car_dcc": 1.362, "car_lcAssertive": 52.4429, "car_lcCooperative": 0.1433, "car_lcLookaheadLeft": 19.4068, "car_lcPushy": 0.9234, "car_lcSigma": 0.4956, "car_lcSpeedGainRight": 4.5423, "car_lcSublane": 0.4903, "car_sigma": 0.534, "car_tau_mean": 1.1311, "car_tau_std": 0.7477, "car_v_mean": 12.8599, "car_v_std": 1.0733}, "datetime": {"datetime": "2024-08-11 20:15:49", "elapsed": 9220.371146, "delta": 10.107675}}
{"target": -0.4378390892713409, "params": {"bus_acc": 2.0914, "bus_dcc": 2.1638, "bus_lcAssertive": 81.9786, "bus_lcCooperative": 0.375, "bus_lcLookaheadLeft": 66.4365, "bus_lcPushy": 0.5324, "bus_lcSigma": 0.2374, "bus_lcSpeedGainRight": 1.1097, "bus_lcSublane": 0.6527, "bus_sigma": 0.2397, "bus_tau_mean": 3.5355, "bus_tau_std": 5.2202, "bus_v_mean": 9.7126, "bus_v_std": 8.5847, "car_acc": 2.2218, "car_dcc": 2.0042, "car_lcAssertive": 44.5032, "car_lcCooperative": 0.7291, "car_lcLookaheadLeft": 5.7304, "car_lcPushy": 0.1925, "car_lcSigma": 0.0868, "car_lcSpeedGainRight": 4.7667, "car_lcSublane": 0.8984, "car_sigma": 0.8021, "car_tau_mean": 3.7498, "car_tau_std": 2.492, "car_v_mean": 17.5649, "car_v_std": 9.4609}, "datetime": {"datetime": "2024-08-11 20:15:56", "elapsed": 9227.491043, "delta": 7.119897}}
{"target": -0.49189115525504246, "params": {"bus_acc": 0.514, "bus_dcc": 1.5883, "bus_lcAssertive": 5.8372, "bus_lcCooperative": 0.3468, "bus_lcLookaheadLeft": 61.2192, "bus_lcPushy": 0.2448, "bus_lcSigma": 0.7927, "bus_lcSpeedGainRight": 2.1958, "bus_lcSublane": 0.3008, "bus_sigma": 0.6801, "bus_tau_mean": 1.8269, "bus_tau_std": 1.6943, "bus_v_mean": 13.4234, "bus_v_std": 19.4906, "car_acc": 1.5954, "car_dcc": 0.9986, "car_lcAssertive": 64.5732, "car_lcCooperative": 0.9001, "car_lcLookaheadLeft": 79.0331, "car_lcPushy": 0.2274, "car_lcSigma": 0.1152, "car_lcSpeedGainRight": 3.7167, "car_lcSublane": 0.3242, "car_sigma": 0.7926, "car_tau_mean": 1.5016, "car_tau_std": 2.1805, "car_v_mean": 15.7822, "car_v_std": 14.1035}, "datetime": {"datetime": "2024-08-11 20:16:06", "elapsed": 9237.026347, "delta": 9.535304}}
{"target": -0.36957552737170446, "params": {"bus_acc": 3.5221, "bus_dcc": 2.413, "bus_lcAssertive": 29.0689, "bus_lcCooperative": 0.2225, "bus_lcLookaheadLeft": 47.3073, "bus_lcPushy": 0.244, "bus_lcSigma": 0.7142, "bus_lcSpeedGainRight": 0.2517, "bus_lcSublane": 0.624, "bus_sigma": 0.7656, "bus_tau_mean": 3.829, "bus_tau_std": 1.0584, "bus_v_mean": 25.7962, "bus_v_std": 5.344, "car_acc": 1.7084, "car_dcc": 3.9877, "car_lcAssertive": 99.1719, "car_lcCooperative": 0.8374, "car_lcLookaheadLeft": 69.7459, "car_lcPushy": 0.8471, "car_lcSigma": 0.6369, "car_lcSpeedGainRight": 1.5697, "car_lcSublane": 0.4166, "car_sigma": 0.3614, "car_tau_mean": 1.845, "car_tau_std": 3.5038, "car_v_mean": 15.6342, "car_v_std": 11.8851}, "datetime": {"datetime": "2024-08-11 20:16:15", "elapsed": 9246.615085, "delta": 9.588738}}
