{"target": -0.18406189903218018, "params": {"bus_acc": 3.6825, "bus_dcc": 2.281, "bus_lcAssertive": 40.3225, "bus_lcCooperative": 0.5025, "bus_lcLookaheadLeft": 26.2185, "bus_lcPushy": 0.6704, "bus_lcSigma": 0.469, "bus_lcSpeedGainRight": 0.283, "bus_lcSublane": 0.911, "bus_sigma": 0.0955, "bus_tau_mean": 2.7055, "bus_tau_std": 8.212, "bus_v_mean": 23.4714, "bus_v_std": 5.8086, "car_acc": 2.6855, "car_dcc": 2.2461, "car_lcAssertive": 58.8795, "car_lcCooperative": 0.1897, "car_lcLookaheadLeft": 92.6489, "car_lcPushy": 0.7446, "car_lcSigma": 0.4523, "car_lcSpeedGainRight": 2.5709, "car_lcSublane": 0.0377, "car_sigma": 0.6511, "car_tau_mean": 2.1801, "car_tau_std": 6.3022, "car_v_mean": 13.0031, "car_v_std": 10.3433}, "datetime": {"datetime": "2024-09-05 11:36:17", "elapsed": 2832.851474, "delta": 3.140107}}
{"target": -0.7088551903636159, "params": {"bus_acc": 1.8607, "bus_dcc": 3.2822, "bus_lcAssertive": 14.6073, "bus_lcCooperative": 0.1213, "bus_lcLookaheadLeft": 25.4121, "bus_lcPushy": 0.9512, "bus_lcSigma": 0.7327, "bus_lcSpeedGainRight": 4.8934, "bus_lcSublane": 0.374, "bus_sigma": 0.8868, "bus_tau_mean": 3.2608, "bus_tau_std": 5.2972, "bus_v_mean": 20.9419, "bus_v_std": 14.1804, "car_acc": 2.0521, "car_dcc": 3.2488, "car_lcAssertive": 82.9064, "car_lcCooperative": 0.2279, "car_lcLookaheadLeft": 28.4405, "car_lcPushy": 0.2327, "car_lcSigma": 0.2413, "car_lcSpeedGainRight": 1.3786, "car_lcSublane": 0.6205, "car_sigma": 0.357, "car_tau_mean": 3.1301, "car_tau_std": 3.7765, "car_v_mean": 10.3826, "car_v_std": 13.1183}, "datetime": {"datetime": "2024-09-05 11:36:18", "elapsed": 2834.387796, "delta": 1.536322}}
{"target": -0.19233521428492986, "params": {"bus_acc": 1.7284, "bus_dcc": 1.8104, "bus_lcAssertive": 50.5569, "bus_lcCooperative": 0.4581, "bus_lcLookaheadLeft": 8.8309, "bus_lcPushy": 0.3839, "bus_lcSigma": 0.9948, "bus_lcSpeedGainRight": 2.7303, "bus_lcSublane": 0.1339, "bus_sigma": 0.2763, "bus_tau_mean": 0.9569, "bus_tau_std": 6.429, "bus_v_mean": 22.1717, "bus_v_std": 8.6435, "car_acc": 2.9279, "car_dcc": 2.5177, "car_lcAssertive": 63.9096, "car_lcCooperative": 0.2658, "car_lcLookaheadLeft": 54.5803, "car_lcPushy": 0.31, "car_lcSigma": 0.7395, "car_lcSpeedGainRight": 4.5123, "car_lcSublane": 0.8324, "car_sigma": 0.4354, "car_tau_mean": 1.9535, "car_tau_std": 9.4274, "car_v_mean": 8.3198, "car_v_std": 9.7218}, "datetime": {"datetime": "2024-09-05 11:36:24", "elapsed": 2839.62977, "delta": 5.241974}}
{"target": -0.2191196857400514, "params": {"bus_acc": 0.4343, "bus_dcc": 2.5366, "bus_lcAssertive": 79.4823, "bus_lcCooperative": 0.1984, "bus_lcLookaheadLeft": 43.2184, "bus_lcPushy": 0.3859, "bus_lcSigma": 0.5654, "bus_lcSpeedGainRight": 2.5589, "bus_lcSublane": 0.0375, "bus_sigma": 0.7305, "bus_tau_mean": 1.2986, "bus_tau_std": 6.4894, "bus_v_mean": 17.5483, "bus_v_std": 7.8523, "car_acc": 2.3286, "car_dcc": 2.2416, "car_lcAssertive": 29.6775, "car_lcCooperative": 0.1547, "car_lcLookaheadLeft": 55.7994, "car_lcPushy": 0.0042, "car_lcSigma": 0.2588, "car_lcSpeedGainRight": 3.2132, "car_lcSublane": 0.1513, "car_sigma": 0.5888, "car_tau_mean": 1.6791, "car_tau_std": 3.1475, "car_v_mean": 21.7508, "car_v_std": 16.7269}, "datetime": {"datetime": "2024-09-05 11:36:30", "elapsed": 2845.937253, "delta": 6.307483}}
{"target": -0.20224024761766116, "params": {"bus_acc": 2.9487, "bus_dcc": 2.7803, "bus_lcAssertive": 30.4462, "bus_lcCooperative": 0.6417, "bus_lcLookaheadLeft": 61.5026, "bus_lcPushy": 0.7847, "bus_lcSigma": 0.416, "bus_lcSpeedGainRight": 1.9269, "bus_lcSublane": 0.4942, "bus_sigma": 0.1044, "bus_tau_mean": 2.4237, "bus_tau_std": 1.8581, "bus_v_mean": 25.4168, "bus_v_std": 13.3634, "car_acc": 1.266, "car_dcc": 3.8984, "car_lcAssertive": 43.52, "car_lcCooperative": 0.9988, "car_lcLookaheadLeft": 47.5457, "car_lcPushy": 0.7999, "car_lcSigma": 0.7542, "car_lcSpeedGainRight": 0.6038, "car_lcSublane": 0.3818, "car_sigma": 0.7473, "car_tau_mean": 3.7033, "car_tau_std": 7.7115, "car_v_mean": 25.813, "car_v_std": 6.7462}, "datetime": {"datetime": "2024-09-05 11:36:48", "elapsed": 2864.330942, "delta": 18.393689}}
{"target": -0.21635448772053942, "params": {"bus_acc": 0.681, "bus_dcc": 3.1853, "bus_lcAssertive": 26.5371, "bus_lcCooperative": 0.7525, "bus_lcLookaheadLeft": 47.9942, "bus_lcPushy": 0.482, "bus_lcSigma": 0.8041, "bus_lcSpeedGainRight": 3.6719, "bus_lcSublane": 0.3452, "bus_sigma": 0.9458, "bus_tau_mean": 2.9216, "bus_tau_std": 0.3668, "bus_v_mean": 15.685, "bus_v_std": 2.8769, "car_acc": 2.7961, "car_dcc": 3.7609, "car_lcAssertive": 37.4997, "car_lcCooperative": 0.2511, "car_lcLookaheadLeft": 27.7387, "car_lcPushy": 0.1453, "car_lcSigma": 0.2249, "car_lcSpeedGainRight": 4.9279, "car_lcSublane": 0.3083, "car_sigma": 0.0568, "car_tau_mean": 1.3119, "car_tau_std": 0.9918, "car_v_mean": 16.8342, "car_v_std": 15.0916}, "datetime": {"datetime": "2024-09-05 11:36:57", "elapsed": 2872.595015, "delta": 8.264073}}
{"target": -0.1909740803643333, "params": {"bus_acc": 0.4429, "bus_dcc": 2.4032, "bus_lcAssertive": 12.2918, "bus_lcCooperative": 0.2298, "bus_lcLookaheadLeft": 4.3687, "bus_lcPushy": 0.8792, "bus_lcSigma": 0.1305, "bus_lcSpeedGainRight": 1.8281, "bus_lcSublane": 0.3397, "bus_sigma": 0.7288, "bus_tau_mean": 1.0583, "bus_tau_std": 6.8144, "bus_v_mean": 23.2488, "bus_v_std": 17.1809, "car_acc": 3.7107, "car_dcc": 1.0356, "car_lcAssertive": 26.3459, "car_lcCooperative": 0.9768, "car_lcLookaheadLeft": 61.5151, "car_lcPushy": 0.9475, "car_lcSigma": 0.0865, "car_lcSpeedGainRight": 3.4011, "car_lcSublane": 0.3815, "car_sigma": 0.857, "car_tau_mean": 2.6106, "car_tau_std": 4.1319, "car_v_mean": 22.591, "car_v_std": 12.6321}, "datetime": {"datetime": "2024-09-05 11:37:04", "elapsed": 2879.87826, "delta": 7.283245}}
{"target": -0.22127219265834216, "params": {"bus_acc": 1.4761, "bus_dcc": 1.0494, "bus_lcAssertive": 60.5958, "bus_lcCooperative": 0.0853, "bus_lcLookaheadLeft": 72.5633, "bus_lcPushy": 0.5995, "bus_lcSigma": 0.791, "bus_lcSpeedGainRight": 3.4968, "bus_lcSublane": 0.9924, "bus_sigma": 0.7431, "bus_tau_mean": 0.6071, "bus_tau_std": 2.1943, "bus_v_mean": 18.8958, "bus_v_std": 10.7142, "car_acc": 3.9895, "car_dcc": 1.8208, "car_lcAssertive": 20.9519, "car_lcCooperative": 0.6008, "car_lcLookaheadLeft": 38.9362, "car_lcPushy": 0.3061, "car_lcSigma": 0.3023, "car_lcSpeedGainRight": 0.8851, "car_lcSublane": 0.5024, "car_sigma": 0.6249, "car_tau_mean": 1.5198, "car_tau_std": 4.7557, "car_v_mean": 19.3874, "car_v_std": 3.7045}, "datetime": {"datetime": "2024-09-05 11:37:07", "elapsed": 2883.32607, "delta": 3.44781}}
{"target": -0.18946219360419866, "params": {"bus_acc": 1.0168, "bus_dcc": 0.4864, "bus_lcAssertive": 27.2232, "bus_lcCooperative": 0.001, "bus_lcLookaheadLeft": 21.7078, "bus_lcPushy": 0.9593, "bus_lcSigma": 0.9421, "bus_lcSpeedGainRight": 0.7804, "bus_lcSublane": 0.8382, "bus_sigma": 0.3134, "bus_tau_mean": 1.894, "bus_tau_std": 6.1671, "bus_v_mean": 18.8777, "bus_v_std": 3.3852, "car_acc": 2.2986, "car_dcc": 1.2538, "car_lcAssertive": 88.9357, "car_lcCooperative": 0.071, "car_lcLookaheadLeft": 77.4611, "car_lcPushy": 0.8384, "car_lcSigma": 0.2956, "car_lcSpeedGainRight": 0.7288, "car_lcSublane": 0.8784, "car_sigma": 0.794, "car_tau_mean": 2.4269, "car_tau_std": 8.1362, "car_v_mean": 13.2043, "car_v_std": 16.2077}, "datetime": {"datetime": "2024-09-05 11:37:14", "elapsed": 2889.676423, "delta": 6.350353}}
{"target": -0.18229749495349024, "params": {"bus_acc": 2.0755, "bus_dcc": 2.1765, "bus_lcAssertive": 80.4031, "bus_lcCooperative": 0.4368, "bus_lcLookaheadLeft": 33.3981, "bus_lcPushy": 0.8081, "bus_lcSigma": 0.6402, "bus_lcSpeedGainRight": 1.515, "bus_lcSublane": 0.8733, "bus_sigma": 0.9587, "bus_tau_mean": 3.447, "bus_tau_std": 6.6861, "bus_v_mean": 12.5898, "bus_v_std": 2.7194, "car_acc": 1.0827, "car_dcc": 0.4256, "car_lcAssertive": 83.1311, "car_lcCooperative": 0.7286, "car_lcLookaheadLeft": 3.4391, "car_lcPushy": 0.9002, "car_lcSigma": 0.7357, "car_lcSpeedGainRight": 3.7032, "car_lcSublane": 0.2576, "car_sigma": 0.7489, "car_tau_mean": 3.8992, "car_tau_std": 6.0112, "car_v_mean": 25.7736, "car_v_std": 6.0878}, "datetime": {"datetime": "2024-09-05 11:37:18", "elapsed": 2893.703077, "delta": 4.026654}}
{"target": -0.21597380588680748, "params": {"bus_acc": 3.0898, "bus_dcc": 2.5611, "bus_lcAssertive": 89.1397, "bus_lcCooperative": 0.5412, "bus_lcLookaheadLeft": 42.1735, "bus_lcPushy": 0.0477, "bus_lcSigma": 0.5384, "bus_lcSpeedGainRight": 0.8642, "bus_lcSublane": 0.3938, "bus_sigma": 0.7827, "bus_tau_mean": 2.1219, "bus_tau_std": 8.5577, "bus_v_mean": 20.068, "bus_v_std": 13.972, "car_acc": 0.4535, "car_dcc": 3.7283, "car_lcAssertive": 78.4402, "car_lcCooperative": 0.0958, "car_lcLookaheadLeft": 40.9666, "car_lcPushy": 0.6423, "car_lcSigma": 0.6112, "car_lcSpeedGainRight": 1.4362, "car_lcSublane": 0.8833, "car_sigma": 0.8502, "car_tau_mean": 2.7018, "car_tau_std": 2.8481, "car_v_mean": 25.8545, "car_v_std": 14.5229}, "datetime": {"datetime": "2024-09-05 11:37:20", "elapsed": 2896.16507, "delta": 2.461993}}
{"target": -0.2763498472901704, "params": {"bus_acc": 0.36, "bus_dcc": 3.9899, "bus_lcAssertive": 69.2953, "bus_lcCooperative": 0.0358, "bus_lcLookaheadLeft": 40.2563, "bus_lcPushy": 0.1844, "bus_lcSigma": 0.7262, "bus_lcSpeedGainRight": 1.1115, "bus_lcSublane": 0.6529, "bus_sigma": 0.5005, "bus_tau_mean": 2.351, "bus_tau_std": 0.0815, "bus_v_mean": 25.7286, "bus_v_std": 7.1865, "car_acc": 2.6341, "car_dcc": 3.8219, "car_lcAssertive": 13.5794, "car_lcCooperative": 0.9311, "car_lcLookaheadLeft": 37.1611, "car_lcPushy": 0.7, "car_lcSigma": 0.5121, "car_lcSpeedGainRight": 0.63, "car_lcSublane": 0.4215, "car_sigma": 0.1497, "car_tau_mean": 1.1212, "car_tau_std": 5.7989, "car_v_mean": 15.185, "car_v_std": 10.7607}, "datetime": {"datetime": "2024-09-05 11:37:25", "elapsed": 2901.127146, "delta": 4.962076}}
{"target": -0.20854369012294305, "params": {"bus_acc": 0.4382, "bus_dcc": 3.9527, "bus_lcAssertive": 80.9313, "bus_lcCooperative": 0.0282, "bus_lcLookaheadLeft": 78.6996, "bus_lcPushy": 0.1468, "bus_lcSigma": 0.1463, "bus_lcSpeedGainRight": 0.9987, "bus_lcSublane": 0.666, "bus_sigma": 0.0611, "bus_tau_mean": 1.1285, "bus_tau_std": 8.9447, "bus_v_mean": 12.1349, "bus_v_std": 6.2943, "car_acc": 2.9277, "car_dcc": 0.8597, "car_lcAssertive": 13.2751, "car_lcCooperative": 0.8875, "car_lcLookaheadLeft": 24.9374, "car_lcPushy": 0.3736, "car_lcSigma": 0.5075, "car_lcSpeedGainRight": 3.6876, "car_lcSublane": 0.1756, "car_sigma": 0.5606, "car_tau_mean": 3.6926, "car_tau_std": 9.163, "car_v_mean": 20.0996, "car_v_std": 5.6187}, "datetime": {"datetime": "2024-09-05 11:37:30", "elapsed": 2905.967415, "delta": 4.840269}}
{"target": -0.18639320466090178, "params": {"bus_acc": 2.7235, "bus_dcc": 2.6646, "bus_lcAssertive": 49.3232, "bus_lcCooperative": 0.6753, "bus_lcLookaheadLeft": 39.7552, "bus_lcPushy": 0.9462, "bus_lcSigma": 0.6526, "bus_lcSpeedGainRight": 0.7749, "bus_lcSublane": 0.1213, "bus_sigma": 0.9491, "bus_tau_mean": 2.2205, "bus_tau_std": 8.0093, "bus_v_mean": 8.0153, "bus_v_std": 6.7668, "car_acc": 2.2035, "car_dcc": 0.5143, "car_lcAssertive": 54.178, "car_lcCooperative": 0.1782, "car_lcLookaheadLeft": 31.4535, "car_lcPushy": 0.1377, "car_lcSigma": 0.6929, "car_lcSpeedGainRight": 1.1361, "car_lcSublane": 0.4232, "car_sigma": 0.4315, "car_tau_mean": 2.1013, "car_tau_std": 6.0885, "car_v_mean": 22.8874, "car_v_std": 10.6094}, "datetime": {"datetime": "2024-09-05 11:37:34", "elapsed": 2909.585833, "delta": 3.618418}}
{"target": -0.2463699355163589, "params": {"bus_acc": 3.9494, "bus_dcc": 1.3239, "bus_lcAssertive": 78.7336, "bus_lcCooperative": 0.6123, "bus_lcLookaheadLeft": 26.9707, "bus_lcPushy": 0.8411, "bus_lcSigma": 0.5912, "bus_lcSpeedGainRight": 4.8222, "bus_lcSublane": 0.1458, "bus_sigma": 0.7223, "bus_tau_mean": 2.0387, "bus_tau_std": 2.692, "bus_v_mean": 20.5167, "bus_v_std": 1.2849, "car_acc": 2.2638, "car_dcc": 1.9885, "car_lcAssertive": 3.5444, "car_lcCooperative": 0.2139, "car_lcLookaheadLeft": 90.5087, "car_lcPushy": 0.9575, "car_lcSigma": 0.8207, "car_lcSpeedGainRight": 1.4471, "car_lcSublane": 0.1411, "car_sigma": 0.3492, "car_tau_mean": 1.4958, "car_tau_std": 3.05, "car_v_mean": 19.2972, "car_v_std": 10.4977}, "datetime": {"datetime": "2024-09-05 11:37:42", "elapsed": 2917.95619, "delta": 8.370357}}
{"target": -0.15237635734049718, "params": {"bus_acc": 2.6872, "bus_dcc": 1.8782, "bus_lcAssertive": 40.5697, "bus_lcCooperative": 0.7655, "bus_lcLookaheadLeft": 25.4615, "bus_lcPushy": 0.9906, "bus_lcSigma": 0.2354, "bus_lcSpeedGainRight": 3.7065, "bus_lcSublane": 0.129, "bus_sigma": 0.6648, "bus_tau_mean": 1.278, "bus_tau_std": 5.7178, "bus_v_mean": 17.7073, "bus_v_std": 3.5077, "car_acc": 3.2903, "car_dcc": 2.8189, "car_lcAssertive": 62.4805, "car_lcCooperative": 0.3506, "car_lcLookaheadLeft": 31.2717, "car_lcPushy": 0.0815, "car_lcSigma": 0.7965, "car_lcSpeedGainRight": 4.424, "car_lcSublane": 0.7288, "car_sigma": 0.2127, "car_tau_mean": 2.1563, "car_tau_std": 1.2062, "car_v_mean": 20.5613, "car_v_std": 12.8473}, "datetime": {"datetime": "2024-09-05 11:38:14", "elapsed": 2949.49753, "delta": 31.54134}}
{"target": -0.22287514434616504, "params": {"bus_acc": 3.3714, "bus_dcc": 1.0939, "bus_lcAssertive": 96.2224, "bus_lcCooperative": 0.365, "bus_lcLookaheadLeft": 14.6327, "bus_lcPushy": 0.962, "bus_lcSigma": 0.4683, "bus_lcSpeedGainRight": 3.0116, "bus_lcSublane": 0.8738, "bus_sigma": 0.3773, "bus_tau_mean": 2.6679, "bus_tau_std": 6.3472, "bus_v_mean": 13.2518, "bus_v_std": 1.2961, "car_acc": 1.396, "car_dcc": 0.3997, "car_lcAssertive": 25.1991, "car_lcCooperative": 0.5196, "car_lcLookaheadLeft": 62.4499, "car_lcPushy": 0.5978, "car_lcSigma": 0.2689, "car_lcSpeedGainRight": 1.0242, "car_lcSublane": 0.9717, "car_sigma": 0.452, "car_tau_mean": 3.2116, "car_tau_std": 2.7903, "car_v_mean": 9.732, "car_v_std": 1.219}, "datetime": {"datetime": "2024-09-05 11:38:16", "elapsed": 2951.956787, "delta": 2.459257}}
{"target": -0.18580386026771242, "params": {"bus_acc": 1.5097, "bus_dcc": 3.1299, "bus_lcAssertive": 13.1567, "bus_lcCooperative": 0.5039, "bus_lcLookaheadLeft": 94.1555, "bus_lcPushy": 0.2496, "bus_lcSigma": 0.1517, "bus_lcSpeedGainRight": 3.9108, "bus_lcSublane": 0.2127, "bus_sigma": 0.8297, "bus_tau_mean": 0.9649, "bus_tau_std": 9.5304, "bus_v_mean": 9.1711, "bus_v_std": 14.9357, "car_acc": 1.5403, "car_dcc": 3.9487, "car_lcAssertive": 76.7049, "car_lcCooperative": 0.1581, "car_lcLookaheadLeft": 33.668, "car_lcPushy": 0.0718, "car_lcSigma": 0.5653, "car_lcSpeedGainRight": 4.3214, "car_lcSublane": 0.2909, "car_sigma": 0.2647, "car_tau_mean": 2.9838, "car_tau_std": 3.6395, "car_v_mean": 19.991, "car_v_std": 1.1801}, "datetime": {"datetime": "2024-09-05 11:38:28", "elapsed": 2963.776686, "delta": 11.819899}}
{"target": -0.19201148634414258, "params": {"bus_acc": 2.8854, "bus_dcc": 3.7978, "bus_lcAssertive": 13.3137, "bus_lcCooperative": 0.8117, "bus_lcLookaheadLeft": 53.5531, "bus_lcPushy": 0.4166, "bus_lcSigma": 0.5497, "bus_lcSpeedGainRight": 0.7109, "bus_lcSublane": 0.1527, "bus_sigma": 0.1646, "bus_tau_mean": 2.123, "bus_tau_std": 9.7472, "bus_v_mean": 23.4766, "bus_v_std": 3.6619, "car_acc": 1.419, "car_dcc": 0.4073, "car_lcAssertive": 96.8948, "car_lcCooperative": 0.9914, "car_lcLookaheadLeft": 47.8585, "car_lcPushy": 0.7293, "car_lcSigma": 0.6683, "car_lcSpeedGainRight": 3.3013, "car_lcSublane": 0.8924, "car_sigma": 0.7004, "car_tau_mean": 1.0545, "car_tau_std": 7.2709, "car_v_mean": 19.0113, "car_v_std": 9.6531}, "datetime": {"datetime": "2024-09-05 11:38:52", "elapsed": 2987.50854, "delta": 23.731854}}
{"target": -0.1796133967848236, "params": {"bus_acc": 0.4976, "bus_dcc": 3.7417, "bus_lcAssertive": 11.7295, "bus_lcCooperative": 0.4623, "bus_lcLookaheadLeft": 33.1707, "bus_lcPushy": 0.583, "bus_lcSigma": 0.5055, "bus_lcSpeedGainRight": 0.798, "bus_lcSublane": 0.0554, "bus_sigma": 0.3058, "bus_tau_mean": 0.5995, "bus_tau_std": 8.8275, "bus_v_mean": 21.8784, "bus_v_std": 10.3439, "car_acc": 3.7598, "car_dcc": 3.171, "car_lcAssertive": 86.1383, "car_lcCooperative": 0.9249, "car_lcLookaheadLeft": 29.4975, "car_lcPushy": 0.8974, "car_lcSigma": 0.7866, "car_lcSpeedGainRight": 2.2578, "car_lcSublane": 0.5114, "car_sigma": 0.5378, "car_tau_mean": 0.908, "car_tau_std": 6.001, "car_v_mean": 15.7253, "car_v_std": 4.7983}, "datetime": {"datetime": "2024-09-05 11:38:55", "elapsed": 2990.881515, "delta": 3.372975}}
{"target": -0.17071110835929004, "params": {"bus_acc": 2.7599, "bus_dcc": 1.7743, "bus_lcAssertive": 85.799, "bus_lcCooperative": 0.5839, "bus_lcLookaheadLeft": 37.5638, "bus_lcPushy": 0.6547, "bus_lcSigma": 0.3792, "bus_lcSpeedGainRight": 4.5363, "bus_lcSublane": 0.4934, "bus_sigma": 0.1777, "bus_tau_mean": 2.6903, "bus_tau_std": 3.4864, "bus_v_mean": 14.3399, "bus_v_std": 8.9325, "car_acc": 0.846, "car_dcc": 0.8067, "car_lcAssertive": 73.2646, "car_lcCooperative": 0.7811, "car_lcLookaheadLeft": 57.4372, "car_lcPushy": 0.2166, "car_lcSigma": 0.7967, "car_lcSpeedGainRight": 3.0034, "car_lcSublane": 0.0253, "car_sigma": 0.7441, "car_tau_mean": 0.617, "car_tau_std": 6.288, "car_v_mean": 16.8658, "car_v_std": 2.0655}, "datetime": {"datetime": "2024-09-05 11:39:02", "elapsed": 2997.82886, "delta": 6.947345}}
{"target": -0.17985132398315987, "params": {"bus_acc": 1.9156, "bus_dcc": 2.0262, "bus_lcAssertive": 98.3594, "bus_lcCooperative": 0.1937, "bus_lcLookaheadLeft": 90.9822, "bus_lcPushy": 0.6356, "bus_lcSigma": 0.3063, "bus_lcSpeedGainRight": 3.9118, "bus_lcSublane": 0.475, "bus_sigma": 0.5976, "bus_tau_mean": 0.9878, "bus_tau_std": 2.7623, "bus_v_mean": 14.726, "bus_v_std": 15.0553, "car_acc": 2.9364, "car_dcc": 2.5512, "car_lcAssertive": 33.4064, "car_lcCooperative": 0.8507, "car_lcLookaheadLeft": 18.6131, "car_lcPushy": 0.8008, "car_lcSigma": 0.517, "car_lcSpeedGainRight": 2.5906, "car_lcSublane": 0.5038, "car_sigma": 0.9652, "car_tau_mean": 2.393, "car_tau_std": 1.7209, "car_v_mean": 16.2602, "car_v_std": 9.0203}, "datetime": {"datetime": "2024-09-05 11:39:15", "elapsed": 3011.23628, "delta": 13.40742}}
{"target": -0.4186317169855864, "params": {"bus_acc": 0.223, "bus_dcc": 3.2586, "bus_lcAssertive": 2.4017, "bus_lcCooperative": 0.0046, "bus_lcLookaheadLeft": 46.5799, "bus_lcPushy": 0.6691, "bus_lcSigma": 0.0029, "bus_lcSpeedGainRight": 3.3942, "bus_lcSublane": 0.5886, "bus_sigma": 0.8818, "bus_tau_mean": 1.2218, "bus_tau_std": 4.1148, "bus_v_mean": 16.9915, "bus_v_std": 17.4301, "car_acc": 0.7854, "car_dcc": 0.6627, "car_lcAssertive": 76.2552, "car_lcCooperative": 0.8607, "car_lcLookaheadLeft": 60.704, "car_lcPushy": 0.483, "car_lcSigma": 0.5196, "car_lcSpeedGainRight": 0.4026, "car_lcSublane": 0.4207, "car_sigma": 0.8867, "car_tau_mean": 2.7358, "car_tau_std": 5.2051, "car_v_mean": 10.3204, "car_v_std": 11.2676}, "datetime": {"datetime": "2024-09-05 11:39:20", "elapsed": 3015.861365, "delta": 4.625085}}
{"target": -0.22717498123204347, "params": {"bus_acc": 3.6829, "bus_dcc": 3.8512, "bus_lcAssertive": 22.0628, "bus_lcCooperative": 0.6392, "bus_lcLookaheadLeft": 37.238, "bus_lcPushy": 0.5986, "bus_lcSigma": 0.3704, "bus_lcSpeedGainRight": 4.2713, "bus_lcSublane": 0.7972, "bus_sigma": 0.9225, "bus_tau_mean": 2.7561, "bus_tau_std": 7.4267, "bus_v_mean": 18.2246, "bus_v_std": 7.7725, "car_acc": 0.5889, "car_dcc": 1.6916, "car_lcAssertive": 36.7872, "car_lcCooperative": 0.595, "car_lcLookaheadLeft": 96.6142, "car_lcPushy": 0.1991, "car_lcSigma": 0.6748, "car_lcSpeedGainRight": 4.9513, "car_lcSublane": 0.6542, "car_sigma": 0.7291, "car_tau_mean": 0.6991, "car_tau_std": 2.8291, "car_v_mean": 8.2789, "car_v_std": 3.5849}, "datetime": {"datetime": "2024-09-05 11:39:25", "elapsed": 3020.700308, "delta": 4.838943}}
{"target": -0.21059021418316226, "params": {"bus_acc": 3.7398, "bus_dcc": 1.5165, "bus_lcAssertive": 77.353, "bus_lcCooperative": 0.5419, "bus_lcLookaheadLeft": 76.9768, "bus_lcPushy": 0.4719, "bus_lcSigma": 0.8677, "bus_lcSpeedGainRight": 0.2025, "bus_lcSublane": 0.5036, "bus_sigma": 0.8082, "bus_tau_mean": 0.7412, "bus_tau_std": 3.2384, "bus_v_mean": 22.7822, "bus_v_std": 17.1899, "car_acc": 2.0809, "car_dcc": 1.8985, "car_lcAssertive": 30.1943, "car_lcCooperative": 0.7873, "car_lcLookaheadLeft": 91.5332, "car_lcPushy": 0.4123, "car_lcSigma": 0.1866, "car_lcSpeedGainRight": 4.4901, "car_lcSublane": 0.208, "car_sigma": 0.6415, "car_tau_mean": 3.0921, "car_tau_std": 7.15, "car_v_mean": 24.2246, "car_v_std": 5.894}, "datetime": {"datetime": "2024-09-05 11:39:36", "elapsed": 3031.57624, "delta": 10.875932}}
{"target": -0.15325011170835376, "params": {"bus_acc": 0.675, "bus_dcc": 0.4869, "bus_lcAssertive": 33.2079, "bus_lcCooperative": 0.2584, "bus_lcLookaheadLeft": 96.161, "bus_lcPushy": 0.7841, "bus_lcSigma": 0.0949, "bus_lcSpeedGainRight": 2.8213, "bus_lcSublane": 0.9728, "bus_sigma": 0.1398, "bus_tau_mean": 3.3971, "bus_tau_std": 2.6939, "bus_v_mean": 15.9133, "bus_v_std": 6.5269, "car_acc": 1.8479, "car_dcc": 1.8388, "car_lcAssertive": 72.8172, "car_lcCooperative": 0.7142, "car_lcLookaheadLeft": 32.3508, "car_lcPushy": 0.1343, "car_lcSigma": 0.1978, "car_lcSpeedGainRight": 4.4709, "car_lcSublane": 0.283, "car_sigma": 0.2996, "car_tau_mean": 1.3746, "car_tau_std": 6.6905, "car_v_mean": 25.2945, "car_v_std": 7.9512}, "datetime": {"datetime": "2024-09-05 11:39:41", "elapsed": 3037.074147, "delta": 5.497907}}
