{"target": -0.5178640934554636, "params": {"bus_acc": 2.9244, "bus_dcc": 0.2301, "bus_lcAssertive": 52.099, "bus_lcCooperative": 0.6399, "bus_lcLookaheadLeft": 98.334, "bus_lcPushy": 0.0814, "bus_lcSigma": 0.5523, "bus_lcSpeedGainRight": 2.8643, "bus_lcSublane": 0.686, "bus_sigma": 0.4322, "bus_tau_mean": 1.5378, "bus_tau_std": 8.7572, "bus_v_mean": 16.3231, "bus_v_std": 0.4489, "car_acc": 0.3346, "car_dcc": 0.2221, "car_lcAssertive": 23.6263, "car_lcCooperative": 0.9451, "car_lcLookaheadLeft": 27.4352, "car_lcPushy": 0.1923, "car_lcSigma": 0.4768, "car_lcSpeedGainRight": 2.1149, "car_lcSublane": 0.5431, "car_sigma": 0.7776, "car_tau_mean": 1.4884, "car_tau_std": 4.497, "car_v_mean": 25.9089, "car_v_std": 0.7113}, "datetime": {"datetime": "2024-08-11 17:57:18", "elapsed": 909.157674, "delta": 4.04177}}
{"target": -0.42225811133781627, "params": {"bus_acc": 1.4662, "bus_dcc": 2.1583, "bus_lcAssertive": 66.2018, "bus_lcCooperative": 0.0904, "bus_lcLookaheadLeft": 40.2867, "bus_lcPushy": 0.066, "bus_lcSigma": 0.5979, "bus_lcSpeedGainRight": 0.0026, "bus_lcSublane": 0.9526, "bus_sigma": 0.9202, "bus_tau_mean": 2.3428, "bus_tau_std": 9.5492, "bus_v_mean": 10.3248, "bus_v_std": 14.6076, "car_acc": 3.1561, "car_dcc": 1.7344, "car_lcAssertive": 78.5482, "car_lcCooperative": 0.791, "car_lcLookaheadLeft": 85.3854, "car_lcPushy": 0.1043, "car_lcSigma": 0.9518, "car_lcSpeedGainRight": 1.1608, "car_lcSublane": 0.2165, "car_sigma": 0.1269, "car_tau_mean": 2.1526, "car_tau_std": 4.9784, "car_v_mean": 21.4771, "car_v_std": 11.8812}, "datetime": {"datetime": "2024-08-11 17:57:20", "elapsed": 911.306349, "delta": 2.148675}}
{"target": -0.30073686189465526, "params": {"bus_acc": 0.7037, "bus_dcc": 2.3886, "bus_lcAssertive": 14.1095, "bus_lcCooperative": 0.2901, "bus_lcLookaheadLeft": 44.0645, "bus_lcPushy": 0.3219, "bus_lcSigma": 0.1695, "bus_lcSpeedGainRight": 0.0713, "bus_lcSublane": 0.8122, "bus_sigma": 0.6838, "bus_tau_mean": 3.3342, "bus_tau_std": 3.2381, "bus_v_mean": 13.4576, "bus_v_std": 15.5453, "car_acc": 0.3528, "car_dcc": 1.7866, "car_lcAssertive": 18.2369, "car_lcCooperative": 0.2512, "car_lcLookaheadLeft": 3.3934, "car_lcPushy": 0.4563, "car_lcSigma": 0.8824, "car_lcSpeedGainRight": 0.8128, "car_lcSublane": 0.2651, "car_sigma": 0.806, "car_tau_mean": 1.7106, "car_tau_std": 8.673, "car_v_mean": 20.1563, "car_v_std": 16.667}, "datetime": {"datetime": "2024-08-11 17:57:23", "elapsed": 913.95072, "delta": 2.644371}}
{"target": -0.5107687464706331, "params": {"bus_acc": 3.0127, "bus_dcc": 1.2318, "bus_lcAssertive": 77.7966, "bus_lcCooperative": 0.3154, "bus_lcLookaheadLeft": 13.3808, "bus_lcPushy": 0.15, "bus_lcSigma": 0.5444, "bus_lcSpeedGainRight": 4.3981, "bus_lcSublane": 0.4227, "bus_sigma": 0.4626, "bus_tau_mean": 3.976, "bus_tau_std": 3.7989, "bus_v_mean": 9.8303, "bus_v_std": 14.4227, "car_acc": 2.9497, "car_dcc": 2.4297, "car_lcAssertive": 70.4827, "car_lcCooperative": 0.6293, "car_lcLookaheadLeft": 56.1895, "car_lcPushy": 0.4278, "car_lcSigma": 0.359, "car_lcSpeedGainRight": 1.5188, "car_lcSublane": 0.7274, "car_sigma": 0.7764, "car_tau_mean": 3.7407, "car_tau_std": 2.1357, "car_v_mean": 18.3901, "car_v_std": 11.5276}, "datetime": {"datetime": "2024-08-11 17:57:28", "elapsed": 919.044612, "delta": 5.093892}}
{"target": -0.42811228132662865, "params": {"bus_acc": 1.751, "bus_dcc": 0.7646, "bus_lcAssertive": 56.055, "bus_lcCooperative": 0.715, "bus_lcLookaheadLeft": 16.1696, "bus_lcPushy": 0.2744, "bus_lcSigma": 0.6596, "bus_lcSpeedGainRight": 3.0023, "bus_lcSublane": 0.6316, "bus_sigma": 0.7195, "bus_tau_mean": 3.2522, "bus_tau_std": 1.7739, "bus_v_mean": 10.0616, "bus_v_std": 0.4771, "car_acc": 2.5929, "car_dcc": 2.2778, "car_lcAssertive": 27.2914, "car_lcCooperative": 0.9336, "car_lcLookaheadLeft": 13.3852, "car_lcPushy": 0.5332, "car_lcSigma": 0.3435, "car_lcSpeedGainRight": 4.6098, "car_lcSublane": 0.0552, "car_sigma": 0.4165, "car_tau_mean": 2.1437, "car_tau_std": 9.8768, "car_v_mean": 16.0186, "car_v_std": 15.2802}, "datetime": {"datetime": "2024-08-11 17:57:32", "elapsed": 923.623167, "delta": 4.578555}}
{"target": -0.3747453046831191, "params": {"bus_acc": 1.5497, "bus_dcc": 1.2798, "bus_lcAssertive": 1.4155, "bus_lcCooperative": 0.7519, "bus_lcLookaheadLeft": 97.4084, "bus_lcPushy": 0.0512, "bus_lcSigma": 0.0847, "bus_lcSpeedGainRight": 1.3318, "bus_lcSublane": 0.1222, "bus_sigma": 0.0524, "bus_tau_mean": 3.2973, "bus_tau_std": 6.3584, "bus_v_mean": 25.9759, "bus_v_std": 2.8725, "car_acc": 1.8765, "car_dcc": 2.1799, "car_lcAssertive": 17.889, "car_lcCooperative": 0.3269, "car_lcLookaheadLeft": 63.8414, "car_lcPushy": 0.8485, "car_lcSigma": 0.3411, "car_lcSpeedGainRight": 1.6696, "car_lcSublane": 0.139, "car_sigma": 0.3978, "car_tau_mean": 1.3954, "car_tau_std": 5.3627, "car_v_mean": 21.3884, "car_v_std": 3.8407}, "datetime": {"datetime": "2024-08-11 17:57:36", "elapsed": 927.232366, "delta": 3.609199}}
{"target": -0.35472186565412617, "params": {"bus_acc": 0.3189, "bus_dcc": 2.2387, "bus_lcAssertive": 48.4045, "bus_lcCooperative": 0.4124, "bus_lcLookaheadLeft": 85.2549, "bus_lcPushy": 0.0605, "bus_lcSigma": 0.6233, "bus_lcSpeedGainRight": 0.6277, "bus_lcSublane": 0.7529, "bus_sigma": 0.9783, "bus_tau_mean": 3.4215, "bus_tau_std": 4.1149, "bus_v_mean": 22.6297, "bus_v_std": 12.4945, "car_acc": 1.4768, "car_dcc": 3.138, "car_lcAssertive": 59.1433, "car_lcCooperative": 0.6098, "car_lcLookaheadLeft": 53.0525, "car_lcPushy": 0.4651, "car_lcSigma": 0.5352, "car_lcSpeedGainRight": 2.5804, "car_lcSublane": 0.6763, "car_sigma": 0.5583, "car_tau_mean": 0.9503, "car_tau_std": 3.7332, "car_v_mean": 21.0607, "car_v_std": 7.4194}, "datetime": {"datetime": "2024-08-11 17:57:41", "elapsed": 932.477952, "delta": 5.245586}}
{"target": -0.34815641750297166, "params": {"bus_acc": 1.2571, "bus_dcc": 2.8676, "bus_lcAssertive": 82.0994, "bus_lcCooperative": 0.2388, "bus_lcLookaheadLeft": 65.7041, "bus_lcPushy": 0.4373, "bus_lcSigma": 0.7377, "bus_lcSpeedGainRight": 1.0594, "bus_lcSublane": 0.6086, "bus_sigma": 0.9479, "bus_tau_mean": 2.9748, "bus_tau_std": 9.9544, "bus_v_mean": 15.0312, "bus_v_std": 4.832, "car_acc": 3.1891, "car_dcc": 0.2201, "car_lcAssertive": 84.3754, "car_lcCooperative": 0.6727, "car_lcLookaheadLeft": 46.8499, "car_lcPushy": 0.1649, "car_lcSigma": 0.2985, "car_lcSpeedGainRight": 1.8472, "car_lcSublane": 0.9999, "car_sigma": 0.7359, "car_tau_mean": 2.2099, "car_tau_std": 1.3099, "car_v_mean": 14.41, "car_v_std": 5.0451}, "datetime": {"datetime": "2024-08-11 17:57:44", "elapsed": 935.025688, "delta": 2.547736}}
{"target": -0.4275850959006125, "params": {"bus_acc": 3.646, "bus_dcc": 2.2591, "bus_lcAssertive": 94.7365, "bus_lcCooperative": 0.4365, "bus_lcLookaheadLeft": 25.8432, "bus_lcPushy": 0.5739, "bus_lcSigma": 0.9618, "bus_lcSpeedGainRight": 1.1256, "bus_lcSublane": 0.6774, "bus_sigma": 0.3542, "bus_tau_mean": 3.9295, "bus_tau_std": 3.3969, "bus_v_mean": 22.2717, "bus_v_std": 5.0165, "car_acc": 3.4726, "car_dcc": 3.6578, "car_lcAssertive": 15.0752, "car_lcCooperative": 0.7162, "car_lcLookaheadLeft": 19.2335, "car_lcPushy": 0.9224, "car_lcSigma": 0.9342, "car_lcSpeedGainRight": 0.3018, "car_lcSublane": 0.1474, "car_sigma": 0.0206, "car_tau_mean": 2.7038, "car_tau_std": 9.8525, "car_v_mean": 20.9496, "car_v_std": 8.06}, "datetime": {"datetime": "2024-08-11 17:57:46", "elapsed": 937.403687, "delta": 2.377999}}
{"target": -0.4259133178680568, "params": {"bus_acc": 3.3383, "bus_dcc": 0.5938, "bus_lcAssertive": 58.4561, "bus_lcCooperative": 0.3717, "bus_lcLookaheadLeft": 34.8622, "bus_lcPushy": 0.4038, "bus_lcSigma": 0.9795, "bus_lcSpeedGainRight": 2.0801, "bus_lcSublane": 0.0093, "bus_sigma": 0.9842, "bus_tau_mean": 3.8635, "bus_tau_std": 3.3314, "bus_v_mean": 14.3118, "bus_v_std": 8.0726, "car_acc": 2.5786, "car_dcc": 1.8657, "car_lcAssertive": 49.7676, "car_lcCooperative": 0.7841, "car_lcLookaheadLeft": 42.8019, "car_lcPushy": 0.8009, "car_lcSigma": 0.3367, "car_lcSpeedGainRight": 2.3319, "car_lcSublane": 0.8327, "car_sigma": 0.4991, "car_tau_mean": 1.5387, "car_tau_std": 2.4511, "car_v_mean": 23.3767, "car_v_std": 1.2113}, "datetime": {"datetime": "2024-08-11 17:57:50", "elapsed": 940.779007, "delta": 3.37532}}
{"target": -0.5023815165328535, "params": {"bus_acc": 2.8438, "bus_dcc": 1.5368, "bus_lcAssertive": 67.2133, "bus_lcCooperative": 0.8478, "bus_lcLookaheadLeft": 48.2635, "bus_lcPushy": 0.289, "bus_lcSigma": 0.6548, "bus_lcSpeedGainRight": 4.3893, "bus_lcSublane": 0.8625, "bus_sigma": 0.4904, "bus_tau_mean": 2.2451, "bus_tau_std": 1.7589, "bus_v_mean": 23.7299, "bus_v_std": 8.2287, "car_acc": 2.3731, "car_dcc": 1.6543, "car_lcAssertive": 44.2259, "car_lcCooperative": 0.2474, "car_lcLookaheadLeft": 54.5568, "car_lcPushy": 0.8589, "car_lcSigma": 0.1948, "car_lcSpeedGainRight": 4.7386, "car_lcSublane": 0.8635, "car_sigma": 0.6612, "car_tau_mean": 0.6487, "car_tau_std": 9.446, "car_v_mean": 17.1076, "car_v_std": 12.3174}, "datetime": {"datetime": "2024-08-11 17:57:53", "elapsed": 943.896451, "delta": 3.117444}}
{"target": -0.3910089712621583, "params": {"bus_acc": 2.7662, "bus_dcc": 2.2408, "bus_lcAssertive": 40.1446, "bus_lcCooperative": 0.0699, "bus_lcLookaheadLeft": 64.6761, "bus_lcPushy": 0.5701, "bus_lcSigma": 0.4477, "bus_lcSpeedGainRight": 1.2479, "bus_lcSublane": 0.6157, "bus_sigma": 0.6826, "bus_tau_mean": 1.8549, "bus_tau_std": 1.1722, "bus_v_mean": 14.584, "bus_v_std": 17.4175, "car_acc": 1.7224, "car_dcc": 1.3817, "car_lcAssertive": 78.4114, "car_lcCooperative": 0.8835, "car_lcLookaheadLeft": 52.4237, "car_lcPushy": 0.4099, "car_lcSigma": 0.885, "car_lcSpeedGainRight": 4.7953, "car_lcSublane": 0.4667, "car_sigma": 0.9063, "car_tau_mean": 3.508, "car_tau_std": 1.7449, "car_v_mean": 10.2598, "car_v_std": 19.1269}, "datetime": {"datetime": "2024-08-11 17:57:58", "elapsed": 949.37696, "delta": 5.480509}}
{"target": -0.4033107982045014, "params": {"bus_acc": 1.4471, "bus_dcc": 1.4264, "bus_lcAssertive": 11.225, "bus_lcCooperative": 0.8645, "bus_lcLookaheadLeft": 10.7703, "bus_lcPushy": 0.7256, "bus_lcSigma": 0.0828, "bus_lcSpeedGainRight": 3.9612, "bus_lcSublane": 0.2946, "bus_sigma": 0.355, "bus_tau_mean": 2.3396, "bus_tau_std": 9.1612, "bus_v_mean": 17.588, "bus_v_std": 19.8754, "car_acc": 2.997, "car_dcc": 3.2359, "car_lcAssertive": 52.8777, "car_lcCooperative": 0.1133, "car_lcLookaheadLeft": 80.0419, "car_lcPushy": 0.5811, "car_lcSigma": 0.2677, "car_lcSpeedGainRight": 1.0376, "car_lcSublane": 0.1107, "car_sigma": 0.9397, "car_tau_mean": 2.6715, "car_tau_std": 4.583, "car_v_mean": 20.6989, "car_v_std": 8.9825}, "datetime": {"datetime": "2024-08-11 17:58:01", "elapsed": 951.767466, "delta": 2.390506}}
{"target": -0.4438528877129111, "params": {"bus_acc": 3.8251, "bus_dcc": 3.3131, "bus_lcAssertive": 54.4032, "bus_lcCooperative": 0.4177, "bus_lcLookaheadLeft": 55.5343, "bus_lcPushy": 0.0316, "bus_lcSigma": 0.8844, "bus_lcSpeedGainRight": 0.7074, "bus_lcSublane": 0.3693, "bus_sigma": 0.7267, "bus_tau_mean": 3.3632, "bus_tau_std": 2.5684, "bus_v_mean": 23.2177, "bus_v_std": 1.4931, "car_acc": 2.1033, "car_dcc": 0.6024, "car_lcAssertive": 97.1631, "car_lcCooperative": 0.278, "car_lcLookaheadLeft": 31.0061, "car_lcPushy": 0.4915, "car_lcSigma": 0.8711, "car_lcSpeedGainRight": 4.8235, "car_lcSublane": 0.5956, "car_sigma": 0.8696, "car_tau_mean": 0.6854, "car_tau_std": 6.949, "car_v_mean": 20.0503, "car_v_std": 14.2164}, "datetime": {"datetime": "2024-08-11 17:58:03", "elapsed": 953.911078, "delta": 2.143612}}
{"target": -0.37446532685939693, "params": {"bus_acc": 3.2074, "bus_dcc": 3.6153, "bus_lcAssertive": 45.3645, "bus_lcCooperative": 0.776, "bus_lcLookaheadLeft": 10.1908, "bus_lcPushy": 0.8005, "bus_lcSigma": 0.4197, "bus_lcSpeedGainRight": 1.9261, "bus_lcSublane": 0.0606, "bus_sigma": 0.4319, "bus_tau_mean": 3.4181, "bus_tau_std": 3.5777, "bus_v_mean": 12.4345, "bus_v_std": 6.1714, "car_acc": 1.2203, "car_dcc": 3.9742, "car_lcAssertive": 48.7639, "car_lcCooperative": 0.0418, "car_lcLookaheadLeft": 16.3368, "car_lcPushy": 0.6902, "car_lcSigma": 0.7655, "car_lcSpeedGainRight": 0.9718, "car_lcSublane": 0.3708, "car_sigma": 0.4738, "car_tau_mean": 3.4052, "car_tau_std": 5.41, "car_v_mean": 12.6308, "car_v_std": 5.7959}, "datetime": {"datetime": "2024-08-11 17:58:05", "elapsed": 956.472029, "delta": 2.560951}}
{"target": -0.46881452051640465, "params": {"bus_acc": 0.601, "bus_dcc": 3.8538, "bus_lcAssertive": 43.3364, "bus_lcCooperative": 0.669, "bus_lcLookaheadLeft": 68.1858, "bus_lcPushy": 0.633, "bus_lcSigma": 0.0098, "bus_lcSpeedGainRight": 2.1778, "bus_lcSublane": 0.392, "bus_sigma": 0.6931, "bus_tau_mean": 2.058, "bus_tau_std": 1.5942, "bus_v_mean": 14.0612, "bus_v_std": 5.7684, "car_acc": 1.3608, "car_dcc": 1.932, "car_lcAssertive": 5.1988, "car_lcCooperative": 0.2835, "car_lcLookaheadLeft": 62.7907, "car_lcPushy": 0.3043, "car_lcSigma": 0.7429, "car_lcSpeedGainRight": 1.6055, "car_lcSublane": 0.2609, "car_sigma": 0.905, "car_tau_mean": 1.0912, "car_tau_std": 0.5887, "car_v_mean": 15.9692, "car_v_std": 3.2367}, "datetime": {"datetime": "2024-08-11 17:58:10", "elapsed": 961.445466, "delta": 4.973437}}
{"target": -0.5930578480302201, "params": {"bus_acc": 2.5899, "bus_dcc": 1.3755, "bus_lcAssertive": 55.426, "bus_lcCooperative": 0.5265, "bus_lcLookaheadLeft": 30.9072, "bus_lcPushy": 0.4361, "bus_lcSigma": 0.8265, "bus_lcSpeedGainRight": 2.127, "bus_lcSublane": 0.0796, "bus_sigma": 0.3114, "bus_tau_mean": 3.5586, "bus_tau_std": 0.4185, "bus_v_mean": 17.23, "bus_v_std": 18.1681, "car_acc": 0.4043, "car_dcc": 0.2559, "car_lcAssertive": 58.974, "car_lcCooperative": 0.908, "car_lcLookaheadLeft": 61.1589, "car_lcPushy": 0.6821, "car_lcSigma": 0.0447, "car_lcSpeedGainRight": 0.3606, "car_lcSublane": 0.8666, "car_sigma": 0.5471, "car_tau_mean": 1.6344, "car_tau_std": 7.6268, "car_v_mean": 12.9105, "car_v_std": 2.1528}, "datetime": {"datetime": "2024-08-11 17:58:14", "elapsed": 965.457421, "delta": 4.011955}}
{"target": -0.38653165933727757, "params": {"bus_acc": 2.5553, "bus_dcc": 1.9681, "bus_lcAssertive": 3.2288, "bus_lcCooperative": 0.1636, "bus_lcLookaheadLeft": 17.0936, "bus_lcPushy": 0.5591, "bus_lcSigma": 0.2045, "bus_lcSpeedGainRight": 0.5503, "bus_lcSublane": 0.0654, "bus_sigma": 0.1015, "bus_tau_mean": 1.0858, "bus_tau_std": 7.4494, "bus_v_mean": 9.5197, "bus_v_std": 9.6747, "car_acc": 3.0208, "car_dcc": 3.0065, "car_lcAssertive": 27.0876, "car_lcCooperative": 0.1107, "car_lcLookaheadLeft": 57.9077, "car_lcPushy": 0.294, "car_lcSigma": 0.6028, "car_lcSpeedGainRight": 1.4191, "car_lcSublane": 0.9092, "car_sigma": 0.2595, "car_tau_mean": 2.1653, "car_tau_std": 4.514, "car_v_mean": 22.8882, "car_v_std": 10.8205}, "datetime": {"datetime": "2024-08-11 17:58:17", "elapsed": 968.21174, "delta": 2.754319}}
{"target": -0.47484093693021084, "params": {"bus_acc": 0.8241, "bus_dcc": 2.1623, "bus_lcAssertive": 91.9332, "bus_lcCooperative": 0.46, "bus_lcLookaheadLeft": 24.0511, "bus_lcPushy": 0.6223, "bus_lcSigma": 0.2053, "bus_lcSpeedGainRight": 1.9528, "bus_lcSublane": 0.4684, "bus_sigma": 0.6043, "bus_tau_mean": 2.1334, "bus_tau_std": 9.0078, "bus_v_mean": 24.4599, "bus_v_std": 10.3204, "car_acc": 1.6537, "car_dcc": 0.7871, "car_lcAssertive": 90.924, "car_lcCooperative": 0.2385, "car_lcLookaheadLeft": 48.6107, "car_lcPushy": 0.8046, "car_lcSigma": 0.725, "car_lcSpeedGainRight": 0.0711, "car_lcSublane": 0.5059, "car_sigma": 0.6676, "car_tau_mean": 2.5744, "car_tau_std": 7.7835, "car_v_mean": 14.8533, "car_v_std": 9.2947}, "datetime": {"datetime": "2024-08-11 17:58:21", "elapsed": 972.118987, "delta": 3.907247}}
{"target": -0.5060020487658728, "params": {"bus_acc": 0.7998, "bus_dcc": 2.7831, "bus_lcAssertive": 77.1353, "bus_lcCooperative": 0.1322, "bus_lcLookaheadLeft": 85.564, "bus_lcPushy": 0.9954, "bus_lcSigma": 0.5544, "bus_lcSpeedGainRight": 0.9135, "bus_lcSublane": 0.2356, "bus_sigma": 0.1923, "bus_tau_mean": 3.4925, "bus_tau_std": 7.9725, "bus_v_mean": 23.4114, "bus_v_std": 11.4261, "car_acc": 0.4787, "car_dcc": 0.7021, "car_lcAssertive": 59.1656, "car_lcCooperative": 0.4033, "car_lcLookaheadLeft": 92.0389, "car_lcPushy": 0.7652, "car_lcSigma": 0.6095, "car_lcSpeedGainRight": 0.0403, "car_lcSublane": 0.3523, "car_sigma": 0.2319, "car_tau_mean": 3.0544, "car_tau_std": 6.7811, "car_v_mean": 13.2037, "car_v_std": 11.6954}, "datetime": {"datetime": "2024-08-11 17:58:26", "elapsed": 977.392955, "delta": 5.273968}}
{"target": -0.4778439472737956, "params": {"bus_acc": 2.9802, "bus_dcc": 2.7373, "bus_lcAssertive": 70.431, "bus_lcCooperative": 0.6466, "bus_lcLookaheadLeft": 44.2067, "bus_lcPushy": 0.5352, "bus_lcSigma": 0.298, "bus_lcSpeedGainRight": 2.261, "bus_lcSublane": 0.6112, "bus_sigma": 0.2321, "bus_tau_mean": 2.9899, "bus_tau_std": 4.5785, "bus_v_mean": 8.4061, "bus_v_std": 8.2569, "car_acc": 2.1473, "car_dcc": 3.0397, "car_lcAssertive": 5.2954, "car_lcCooperative": 0.0234, "car_lcLookaheadLeft": 4.0731, "car_lcPushy": 0.5621, "car_lcSigma": 0.7748, "car_lcSpeedGainRight": 0.4736, "car_lcSublane": 0.1507, "car_sigma": 0.9848, "car_tau_mean": 2.2384, "car_tau_std": 7.5295, "car_v_mean": 22.46, "car_v_std": 5.7854}, "datetime": {"datetime": "2024-08-11 17:58:29", "elapsed": 980.057118, "delta": 2.664163}}
{"target": -0.44743339374124536, "params": {"bus_acc": 2.9617, "bus_dcc": 1.3089, "bus_lcAssertive": 98.5806, "bus_lcCooperative": 0.2724, "bus_lcLookaheadLeft": 68.9582, "bus_lcPushy": 0.6028, "bus_lcSigma": 0.9666, "bus_lcSpeedGainRight": 1.7961, "bus_lcSublane": 0.9759, "bus_sigma": 0.7786, "bus_tau_mean": 3.1992, "bus_tau_std": 9.2687, "bus_v_mean": 19.2208, "bus_v_std": 1.8078, "car_acc": 0.6072, "car_dcc": 1.6549, "car_lcAssertive": 19.9144, "car_lcCooperative": 0.1376, "car_lcLookaheadLeft": 47.4512, "car_lcPushy": 0.7174, "car_lcSigma": 0.6005, "car_lcSpeedGainRight": 3.5749, "car_lcSublane": 0.4679, "car_sigma": 0.8951, "car_tau_mean": 3.567, "car_tau_std": 5.3165, "car_v_mean": 12.6786, "car_v_std": 13.3228}, "datetime": {"datetime": "2024-08-11 17:58:33", "elapsed": 984.516412, "delta": 4.459294}}
{"target": -0.3595165438545058, "params": {"bus_acc": 2.8622, "bus_dcc": 1.0804, "bus_lcAssertive": 44.1194, "bus_lcCooperative": 0.2489, "bus_lcLookaheadLeft": 21.09, "bus_lcPushy": 0.622, "bus_lcSigma": 0.7218, "bus_lcSpeedGainRight": 2.3201, "bus_lcSublane": 0.8124, "bus_sigma": 0.9265, "bus_tau_mean": 1.8832, "bus_tau_std": 5.4178, "bus_v_mean": 17.9175, "bus_v_std": 14.572, "car_acc": 2.7653, "car_dcc": 0.5684, "car_lcAssertive": 60.5607, "car_lcCooperative": 0.1147, "car_lcLookaheadLeft": 54.1205, "car_lcPushy": 0.4809, "car_lcSigma": 0.275, "car_lcSpeedGainRight": 2.5749, "car_lcSublane": 0.7724, "car_sigma": 0.329, "car_tau_mean": 1.7939, "car_tau_std": 9.962, "car_v_mean": 9.2554, "car_v_std": 19.6103}, "datetime": {"datetime": "2024-08-11 17:58:37", "elapsed": 988.561421, "delta": 4.045009}}
{"target": -0.5531352446803012, "params": {"bus_acc": 0.9553, "bus_dcc": 0.914, "bus_lcAssertive": 27.9625, "bus_lcCooperative": 0.3741, "bus_lcLookaheadLeft": 95.579, "bus_lcPushy": 0.4412, "bus_lcSigma": 0.1798, "bus_lcSpeedGainRight": 3.5811, "bus_lcSublane": 0.7522, "bus_sigma": 0.5161, "bus_tau_mean": 3.7987, "bus_tau_std": 4.945, "bus_v_mean": 12.5389, "bus_v_std": 19.7256, "car_acc": 1.0561, "car_dcc": 1.4045, "car_lcAssertive": 14.1926, "car_lcCooperative": 0.8432, "car_lcLookaheadLeft": 10.8408, "car_lcPushy": 0.75, "car_lcSigma": 0.2781, "car_lcSpeedGainRight": 1.2115, "car_lcSublane": 0.3029, "car_sigma": 0.7662, "car_tau_mean": 3.1588, "car_tau_std": 8.7755, "car_v_mean": 15.8014, "car_v_std": 10.3346}, "datetime": {"datetime": "2024-08-11 17:58:40", "elapsed": 991.594887, "delta": 3.033466}}
{"target": -0.2299551044116254, "params": {"bus_acc": 1.0866, "bus_dcc": 1.9521, "bus_lcAssertive": 7.5994, "bus_lcCooperative": 0.3426, "bus_lcLookaheadLeft": 49.5784, "bus_lcPushy": 0.8848, "bus_lcSigma": 0.684, "bus_lcSpeedGainRight": 4.855, "bus_lcSublane": 0.4525, "bus_sigma": 0.8564, "bus_tau_mean": 3.7978, "bus_tau_std": 9.2233, "bus_v_mean": 17.7956, "bus_v_std": 2.6866, "car_acc": 0.2655, "car_dcc": 2.5036, "car_lcAssertive": 98.559, "car_lcCooperative": 0.2502, "car_lcLookaheadLeft": 38.2852, "car_lcPushy": 0.0945, "car_lcSigma": 0.3673, "car_lcSpeedGainRight": 4.5924, "car_lcSublane": 0.8033, "car_sigma": 0.0113, "car_tau_mean": 2.1109, "car_tau_std": 9.104, "car_v_mean": 18.4096, "car_v_std": 19.6371}, "datetime": {"datetime": "2024-08-11 17:58:43", "elapsed": 994.047091, "delta": 2.452204}}
{"target": -0.33988924758705163, "params": {"bus_acc": 2.9218, "bus_dcc": 2.7127, "bus_lcAssertive": 12.1742, "bus_lcCooperative": 0.5562, "bus_lcLookaheadLeft": 59.4168, "bus_lcPushy": 0.6004, "bus_lcSigma": 0.6604, "bus_lcSpeedGainRight": 2.3036, "bus_lcSublane": 0.3953, "bus_sigma": 0.5955, "bus_tau_mean": 1.1242, "bus_tau_std": 4.786, "bus_v_mean": 19.013, "bus_v_std": 10.209, "car_acc": 0.6403, "car_dcc": 2.4248, "car_lcAssertive": 29.1122, "car_lcCooperative": 0.3028, "car_lcLookaheadLeft": 36.567, "car_lcPushy": 0.2068, "car_lcSigma": 0.0156, "car_lcSpeedGainRight": 0.1995, "car_lcSublane": 0.5169, "car_sigma": 0.4337, "car_tau_mean": 3.3892, "car_tau_std": 5.398, "car_v_mean": 16.6164, "car_v_std": 13.2726}, "datetime": {"datetime": "2024-08-11 17:58:48", "elapsed": 999.212263, "delta": 5.165172}}
