{"target": -0.5367933282601908, "params": {"bus_acc": 1.8394, "bus_dcc": 1.2188, "bus_lcAssertive": 31.9863, "bus_lcCooperative": 0.4337, "bus_lcLookaheadLeft": 88.0805, "bus_lcPushy": 0.9354, "bus_lcSigma": 0.3853, "bus_lcSpeedGainRight": 4.7893, "bus_lcSublane": 0.8399, "bus_sigma": 0.3532, "bus_tau_mean": 1.7231, "bus_tau_std": 3.9345, "bus_v_mean": 16.705, "bus_v_std": 13.0496, "car_acc": 2.9179, "car_dcc": 1.3357, "car_lcAssertive": 45.5924, "car_lcCooperative": 0.38, "car_lcLookaheadLeft": 15.2298, "car_lcPushy": 0.8922, "car_lcSigma": 0.8967, "car_lcSpeedGainRight": 0.3464, "car_lcSublane": 0.102, "car_sigma": 0.3456, "car_tau_mean": 3.0661, "car_tau_std": 7.4325, "car_v_mean": 12.1106, "car_v_std": 3.1922}, "datetime": {"datetime": "2024-08-11 18:39:35", "elapsed": 3446.231134, "delta": 3.529814}}
{"target": -0.4265895255501948, "params": {"bus_acc": 1.0783, "bus_dcc": 3.4398, "bus_lcAssertive": 4.9679, "bus_lcCooperative": 0.9956, "bus_lcLookaheadLeft": 44.9143, "bus_lcPushy": 0.2121, "bus_lcSigma": 0.461, "bus_lcSpeedGainRight": 1.4536, "bus_lcSublane": 0.6748, "bus_sigma": 0.0862, "bus_tau_mean": 0.9568, "bus_tau_std": 1.8796, "bus_v_mean": 12.688, "bus_v_std": 16.4273, "car_acc": 3.4553, "car_dcc": 2.278, "car_lcAssertive": 45.625, "car_lcCooperative": 0.3954, "car_lcLookaheadLeft": 33.9396, "car_lcPushy": 0.84, "car_lcSigma": 0.1383, "car_lcSpeedGainRight": 1.4605, "car_lcSublane": 0.6599, "car_sigma": 0.6507, "car_tau_mean": 1.2012, "car_tau_std": 8.6694, "car_v_mean": 25.2434, "car_v_std": 16.5227}, "datetime": {"datetime": "2024-08-11 18:39:39", "elapsed": 3450.033827, "delta": 3.802693}}
{"target": -0.3696241399392954, "params": {"bus_acc": 0.9839, "bus_dcc": 3.0182, "bus_lcAssertive": 59.5479, "bus_lcCooperative": 0.5977, "bus_lcLookaheadLeft": 77.0409, "bus_lcPushy": 0.9796, "bus_lcSigma": 0.8205, "bus_lcSpeedGainRight": 2.1698, "bus_lcSublane": 0.2936, "bus_sigma": 0.6678, "bus_tau_mean": 0.8666, "bus_tau_std": 6.8604, "bus_v_mean": 10.1726, "bus_v_std": 19.5814, "car_acc": 1.3199, "car_dcc": 3.3226, "car_lcAssertive": 11.9995, "car_lcCooperative": 0.4571, "car_lcLookaheadLeft": 67.6985, "car_lcPushy": 0.8268, "car_lcSigma": 0.8937, "car_lcSpeedGainRight": 4.7608, "car_lcSublane": 0.6846, "car_sigma": 0.6245, "car_tau_mean": 2.249, "car_tau_std": 7.1808, "car_v_mean": 14.5096, "car_v_std": 18.8369}, "datetime": {"datetime": "2024-08-11 18:39:46", "elapsed": 3456.709792, "delta": 6.675965}}
{"target": -0.4096355170188976, "params": {"bus_acc": 3.3452, "bus_dcc": 1.7018, "bus_lcAssertive": 59.5272, "bus_lcCooperative": 0.3046, "bus_lcLookaheadLeft": 29.2083, "bus_lcPushy": 0.6085, "bus_lcSigma": 0.9074, "bus_lcSpeedGainRight": 0.1432, "bus_lcSublane": 0.7098, "bus_sigma": 0.846, "bus_tau_mean": 3.557, "bus_tau_std": 1.0375, "bus_v_mean": 25.9375, "bus_v_std": 11.9195, "car_acc": 1.9282, "car_dcc": 3.3316, "car_lcAssertive": 78.1884, "car_lcCooperative": 0.268, "car_lcLookaheadLeft": 30.368, "car_lcPushy": 0.7079, "car_lcSigma": 0.5802, "car_lcSpeedGainRight": 3.6933, "car_lcSublane": 0.3483, "car_sigma": 0.5958, "car_tau_mean": 2.4711, "car_tau_std": 5.706, "car_v_mean": 21.2236, "car_v_std": 8.423}, "datetime": {"datetime": "2024-08-11 18:39:50", "elapsed": 3461.215698, "delta": 4.505906}}
{"target": -0.44681696289207423, "params": {"bus_acc": 2.079, "bus_dcc": 2.8694, "bus_lcAssertive": 30.6479, "bus_lcCooperative": 0.9349, "bus_lcLookaheadLeft": 42.202, "bus_lcPushy": 0.6987, "bus_lcSigma": 0.5738, "bus_lcSpeedGainRight": 1.255, "bus_lcSublane": 0.5549, "bus_sigma": 0.4518, "bus_tau_mean": 0.5092, "bus_tau_std": 6.2642, "bus_v_mean": 14.5871, "bus_v_std": 14.2529, "car_acc": 0.8403, "car_dcc": 0.3982, "car_lcAssertive": 50.1643, "car_lcCooperative": 0.4564, "car_lcLookaheadLeft": 83.9297, "car_lcPushy": 0.6661, "car_lcSigma": 0.8521, "car_lcSpeedGainRight": 3.5378, "car_lcSublane": 0.3782, "car_sigma": 0.9546, "car_tau_mean": 0.6361, "car_tau_std": 3.2908, "car_v_mean": 17.7351, "car_v_std": 17.8038}, "datetime": {"datetime": "2024-08-11 18:39:54", "elapsed": 3464.841919, "delta": 3.626221}}
{"target": -0.43978456262431576, "params": {"bus_acc": 1.4706, "bus_dcc": 0.9522, "bus_lcAssertive": 77.0979, "bus_lcCooperative": 0.0972, "bus_lcLookaheadLeft": 37.5172, "bus_lcPushy": 0.0648, "bus_lcSigma": 0.267, "bus_lcSpeedGainRight": 4.099, "bus_lcSublane": 0.8288, "bus_sigma": 0.6539, "bus_tau_mean": 1.804, "bus_tau_std": 3.5816, "bus_v_mean": 11.288, "bus_v_std": 12.6627, "car_acc": 3.6786, "car_dcc": 0.5613, "car_lcAssertive": 71.7583, "car_lcCooperative": 0.3544, "car_lcLookaheadLeft": 28.4054, "car_lcPushy": 0.5135, "car_lcSigma": 0.0796, "car_lcSpeedGainRight": 3.1006, "car_lcSublane": 0.9657, "car_sigma": 0.2039, "car_tau_mean": 0.5482, "car_tau_std": 0.8706, "car_v_mean": 10.2527, "car_v_std": 9.5211}, "datetime": {"datetime": "2024-08-11 18:40:00", "elapsed": 3471.226643, "delta": 6.384724}}
{"target": -0.5302970506673402, "params": {"bus_acc": 0.4338, "bus_dcc": 0.4055, "bus_lcAssertive": 93.1513, "bus_lcCooperative": 0.9877, "bus_lcLookaheadLeft": 35.7034, "bus_lcPushy": 0.6825, "bus_lcSigma": 0.4723, "bus_lcSpeedGainRight": 4.975, "bus_lcSublane": 0.8616, "bus_sigma": 0.5683, "bus_tau_mean": 2.5738, "bus_tau_std": 4.4992, "bus_v_mean": 12.7219, "bus_v_std": 9.0656, "car_acc": 1.1388, "car_dcc": 3.4082, "car_lcAssertive": 12.2541, "car_lcCooperative": 0.9353, "car_lcLookaheadLeft": 39.8102, "car_lcPushy": 0.4351, "car_lcSigma": 0.2088, "car_lcSpeedGainRight": 3.9512, "car_lcSublane": 0.3041, "car_sigma": 0.5254, "car_tau_mean": 1.1531, "car_tau_std": 0.2862, "car_v_mean": 19.2147, "car_v_std": 19.5948}, "datetime": {"datetime": "2024-08-11 18:40:05", "elapsed": 3475.732459, "delta": 4.505816}}
{"target": -0.46309774785996, "params": {"bus_acc": 2.1212, "bus_dcc": 0.4104, "bus_lcAssertive": 10.0936, "bus_lcCooperative": 0.8632, "bus_lcLookaheadLeft": 18.7256, "bus_lcPushy": 0.4493, "bus_lcSigma": 0.619, "bus_lcSpeedGainRight": 3.8848, "bus_lcSublane": 0.7684, "bus_sigma": 0.437, "bus_tau_mean": 2.9483, "bus_tau_std": 9.4819, "bus_v_mean": 13.2312, "bus_v_std": 14.6304, "car_acc": 0.7796, "car_dcc": 2.9746, "car_lcAssertive": 16.7218, "car_lcCooperative": 0.9183, "car_lcLookaheadLeft": 17.9619, "car_lcPushy": 0.0294, "car_lcSigma": 0.4556, "car_lcSpeedGainRight": 4.5823, "car_lcSublane": 0.4625, "car_sigma": 0.3141, "car_tau_mean": 3.4786, "car_tau_std": 0.9577, "car_v_mean": 12.6051, "car_v_std": 9.2699}, "datetime": {"datetime": "2024-08-11 18:40:09", "elapsed": 3479.877718, "delta": 4.145259}}
{"target": -0.3706909559156108, "params": {"bus_acc": 3.7674, "bus_dcc": 1.2367, "bus_lcAssertive": 98.9723, "bus_lcCooperative": 0.2234, "bus_lcLookaheadLeft": 13.3365, "bus_lcPushy": 0.4538, "bus_lcSigma": 0.6641, "bus_lcSpeedGainRight": 0.8085, "bus_lcSublane": 0.2681, "bus_sigma": 0.6975, "bus_tau_mean": 2.2398, "bus_tau_std": 8.6746, "bus_v_mean": 24.9684, "bus_v_std": 7.4987, "car_acc": 0.9639, "car_dcc": 1.2608, "car_lcAssertive": 89.3402, "car_lcCooperative": 0.0013, "car_lcLookaheadLeft": 56.0605, "car_lcPushy": 0.5676, "car_lcSigma": 0.7786, "car_lcSpeedGainRight": 4.5267, "car_lcSublane": 0.7271, "car_sigma": 0.4362, "car_tau_mean": 1.6365, "car_tau_std": 2.9896, "car_v_mean": 21.6097, "car_v_std": 12.2588}, "datetime": {"datetime": "2024-08-11 18:40:14", "elapsed": 3484.763562, "delta": 4.885844}}
{"target": -0.40584509838466687, "params": {"bus_acc": 1.9023, "bus_dcc": 2.2571, "bus_lcAssertive": 93.4348, "bus_lcCooperative": 0.6128, "bus_lcLookaheadLeft": 15.9182, "bus_lcPushy": 0.1592, "bus_lcSigma": 0.5082, "bus_lcSpeedGainRight": 0.1247, "bus_lcSublane": 0.6086, "bus_sigma": 0.2443, "bus_tau_mean": 2.1623, "bus_tau_std": 7.7532, "bus_v_mean": 22.3813, "bus_v_std": 2.0979, "car_acc": 1.4582, "car_dcc": 3.1061, "car_lcAssertive": 79.1655, "car_lcCooperative": 0.9637, "car_lcLookaheadLeft": 86.614, "car_lcPushy": 0.3614, "car_lcSigma": 0.8671, "car_lcSpeedGainRight": 2.7232, "car_lcSublane": 0.0976, "car_sigma": 0.3314, "car_tau_mean": 1.3962, "car_tau_std": 7.4759, "car_v_mean": 23.2852, "car_v_std": 8.5225}, "datetime": {"datetime": "2024-08-11 18:40:18", "elapsed": 3489.392271, "delta": 4.628709}}
{"target": -0.371531102170731, "params": {"bus_acc": 0.3667, "bus_dcc": 1.0362, "bus_lcAssertive": 86.9818, "bus_lcCooperative": 0.8812, "bus_lcLookaheadLeft": 38.0991, "bus_lcPushy": 0.883, "bus_lcSigma": 0.4942, "bus_lcSpeedGainRight": 3.5595, "bus_lcSublane": 0.964, "bus_sigma": 0.8748, "bus_tau_mean": 0.676, "bus_tau_std": 9.2159, "bus_v_mean": 8.1897, "bus_v_std": 0.0707, "car_acc": 2.3317, "car_dcc": 1.5596, "car_lcAssertive": 88.8627, "car_lcCooperative": 0.5885, "car_lcLookaheadLeft": 52.6268, "car_lcPushy": 0.6268, "car_lcSigma": 0.7024, "car_lcSpeedGainRight": 2.0388, "car_lcSublane": 0.8361, "car_sigma": 0.5244, "car_tau_mean": 1.2271, "car_tau_std": 1.2124, "car_v_mean": 19.2063, "car_v_std": 5.7582}, "datetime": {"datetime": "2024-08-11 18:40:23", "elapsed": 3494.361633, "delta": 4.969362}}
{"target": -0.3610407103121651, "params": {"bus_acc": 3.6473, "bus_dcc": 3.1602, "bus_lcAssertive": 38.2838, "bus_lcCooperative": 0.8945, "bus_lcLookaheadLeft": 92.7651, "bus_lcPushy": 0.7207, "bus_lcSigma": 0.0138, "bus_lcSpeedGainRight": 2.7698, "bus_lcSublane": 0.9755, "bus_sigma": 0.654, "bus_tau_mean": 2.0102, "bus_tau_std": 8.7015, "bus_v_mean": 19.0459, "bus_v_std": 4.6468, "car_acc": 0.8337, "car_dcc": 3.178, "car_lcAssertive": 76.3605, "car_lcCooperative": 0.9894, "car_lcLookaheadLeft": 76.1589, "car_lcPushy": 0.0607, "car_lcSigma": 0.3302, "car_lcSpeedGainRight": 1.8435, "car_lcSublane": 0.3953, "car_sigma": 0.6078, "car_tau_mean": 3.1565, "car_tau_std": 1.5125, "car_v_mean": 21.3087, "car_v_std": 12.6142}, "datetime": {"datetime": "2024-08-11 18:40:27", "elapsed": 3498.164157, "delta": 3.802524}}
{"target": -0.5191576215303677, "params": {"bus_acc": 1.6181, "bus_dcc": 0.4428, "bus_lcAssertive": 21.488, "bus_lcCooperative": 0.2563, "bus_lcLookaheadLeft": 47.3459, "bus_lcPushy": 0.7005, "bus_lcSigma": 0.7967, "bus_lcSpeedGainRight": 0.6517, "bus_lcSublane": 0.6486, "bus_sigma": 0.6575, "bus_tau_mean": 2.212, "bus_tau_std": 4.2354, "bus_v_mean": 14.0834, "bus_v_std": 10.9119, "car_acc": 0.8217, "car_dcc": 0.3865, "car_lcAssertive": 57.3753, "car_lcCooperative": 0.9413, "car_lcLookaheadLeft": 20.6933, "car_lcPushy": 0.032, "car_lcSigma": 0.5235, "car_lcSpeedGainRight": 1.4254, "car_lcSublane": 0.8502, "car_sigma": 0.9663, "car_tau_mean": 0.7765, "car_tau_std": 2.9091, "car_v_mean": 12.0799, "car_v_std": 19.8329}, "datetime": {"datetime": "2024-08-11 18:40:31", "elapsed": 3502.233101, "delta": 4.068944}}
{"target": -0.3894999988119167, "params": {"bus_acc": 2.0058, "bus_dcc": 2.4566, "bus_lcAssertive": 84.217, "bus_lcCooperative": 0.2616, "bus_lcLookaheadLeft": 59.0632, "bus_lcPushy": 0.4243, "bus_lcSigma": 0.6839, "bus_lcSpeedGainRight": 4.8722, "bus_lcSublane": 0.4088, "bus_sigma": 0.4175, "bus_tau_mean": 3.1413, "bus_tau_std": 0.9128, "bus_v_mean": 8.6272, "bus_v_std": 3.741, "car_acc": 0.5017, "car_dcc": 2.8914, "car_lcAssertive": 76.8076, "car_lcCooperative": 0.8529, "car_lcLookaheadLeft": 56.1228, "car_lcPushy": 0.1529, "car_lcSigma": 0.6976, "car_lcSpeedGainRight": 0.092, "car_lcSublane": 0.2439, "car_sigma": 0.982, "car_tau_mean": 3.092, "car_tau_std": 0.7327, "car_v_mean": 12.8081, "car_v_std": 1.9735}, "datetime": {"datetime": "2024-08-11 18:40:34", "elapsed": 3505.434216, "delta": 3.201115}}
{"target": -0.2992216176246411, "params": {"bus_acc": 3.7846, "bus_dcc": 3.1576, "bus_lcAssertive": 58.1481, "bus_lcCooperative": 0.4294, "bus_lcLookaheadLeft": 40.2507, "bus_lcPushy": 0.5873, "bus_lcSigma": 0.5751, "bus_lcSpeedGainRight": 3.1594, "bus_lcSublane": 0.1722, "bus_sigma": 0.1823, "bus_tau_mean": 3.5257, "bus_tau_std": 9.2246, "bus_v_mean": 25.0438, "bus_v_std": 18.6096, "car_acc": 0.5117, "car_dcc": 3.187, "car_lcAssertive": 63.4866, "car_lcCooperative": 0.1533, "car_lcLookaheadLeft": 29.3607, "car_lcPushy": 0.7185, "car_lcSigma": 0.4458, "car_lcSpeedGainRight": 3.2208, "car_lcSublane": 0.4698, "car_sigma": 0.9241, "car_tau_mean": 2.615, "car_tau_std": 8.3799, "car_v_mean": 24.4835, "car_v_std": 10.7295}, "datetime": {"datetime": "2024-08-11 18:40:38", "elapsed": 3509.429249, "delta": 3.995033}}
{"target": -0.4459331017356491, "params": {"bus_acc": 3.1704, "bus_dcc": 2.7763, "bus_lcAssertive": 3.9362, "bus_lcCooperative": 0.8982, "bus_lcLookaheadLeft": 69.6079, "bus_lcPushy": 0.7563, "bus_lcSigma": 0.2325, "bus_lcSpeedGainRight": 4.7456, "bus_lcSublane": 0.6204, "bus_sigma": 0.9431, "bus_tau_mean": 3.2329, "bus_tau_std": 3.5362, "bus_v_mean": 17.4789, "bus_v_std": 6.5792, "car_acc": 1.2902, "car_dcc": 2.9357, "car_lcAssertive": 81.4755, "car_lcCooperative": 0.7, "car_lcLookaheadLeft": 83.1735, "car_lcPushy": 0.8493, "car_lcSigma": 0.032, "car_lcSpeedGainRight": 3.3031, "car_lcSublane": 0.7166, "car_sigma": 0.3293, "car_tau_mean": 3.1301, "car_tau_std": 5.7081, "car_v_mean": 19.3923, "car_v_std": 12.6068}, "datetime": {"datetime": "2024-08-11 18:40:41", "elapsed": 3512.598545, "delta": 3.169296}}
{"target": -0.3397969862609447, "params": {"bus_acc": 0.2937, "bus_dcc": 1.5268, "bus_lcAssertive": 23.7844, "bus_lcCooperative": 0.508, "bus_lcLookaheadLeft": 20.1308, "bus_lcPushy": 0.148, "bus_lcSigma": 0.5334, "bus_lcSpeedGainRight": 2.5562, "bus_lcSublane": 0.9639, "bus_sigma": 0.3356, "bus_tau_mean": 3.0006, "bus_tau_std": 4.1434, "bus_v_mean": 9.9963, "bus_v_std": 3.489, "car_acc": 1.9179, "car_dcc": 1.6747, "car_lcAssertive": 14.3658, "car_lcCooperative": 0.9334, "car_lcLookaheadLeft": 77.7167, "car_lcPushy": 0.9357, "car_lcSigma": 0.4499, "car_lcSpeedGainRight": 0.9118, "car_lcSublane": 0.0011, "car_sigma": 0.1281, "car_tau_mean": 0.7907, "car_tau_std": 7.7183, "car_v_mean": 25.0408, "car_v_std": 12.5572}, "datetime": {"datetime": "2024-08-11 18:40:45", "elapsed": 3515.783796, "delta": 3.185251}}
{"target": -0.39212978375536073, "params": {"bus_acc": 3.9248, "bus_dcc": 3.8864, "bus_lcAssertive": 74.1954, "bus_lcCooperative": 0.5488, "bus_lcLookaheadLeft": 14.0853, "bus_lcPushy": 0.6908, "bus_lcSigma": 0.7608, "bus_lcSpeedGainRight": 3.3191, "bus_lcSublane": 0.6127, "bus_sigma": 0.3213, "bus_tau_mean": 0.9167, "bus_tau_std": 6.5145, "bus_v_mean": 8.2356, "bus_v_std": 10.2551, "car_acc": 3.6215, "car_dcc": 2.9656, "car_lcAssertive": 92.4618, "car_lcCooperative": 0.09, "car_lcLookaheadLeft": 60.3745, "car_lcPushy": 0.2107, "car_lcSigma": 0.9033, "car_lcSpeedGainRight": 3.6812, "car_lcSublane": 0.8348, "car_sigma": 0.5998, "car_tau_mean": 1.797, "car_tau_std": 6.1961, "car_v_mean": 24.0166, "car_v_std": 16.7671}, "datetime": {"datetime": "2024-08-11 18:40:49", "elapsed": 3520.21529, "delta": 4.431494}}
{"target": -0.3003454040848491, "params": {"bus_acc": 0.7593, "bus_dcc": 2.3995, "bus_lcAssertive": 54.3415, "bus_lcCooperative": 0.7825, "bus_lcLookaheadLeft": 49.6152, "bus_lcPushy": 0.872, "bus_lcSigma": 0.001, "bus_lcSpeedGainRight": 2.1778, "bus_lcSublane": 0.1594, "bus_sigma": 0.7395, "bus_tau_mean": 2.1254, "bus_tau_std": 9.9834, "bus_v_mean": 18.1199, "bus_v_std": 18.8598, "car_acc": 1.4158, "car_dcc": 3.7039, "car_lcAssertive": 11.9958, "car_lcCooperative": 0.0538, "car_lcLookaheadLeft": 91.6497, "car_lcPushy": 0.1476, "car_lcSigma": 0.5198, "car_lcSpeedGainRight": 3.6064, "car_lcSublane": 0.1752, "car_sigma": 0.9755, "car_tau_mean": 2.3206, "car_tau_std": 7.9012, "car_v_mean": 18.6872, "car_v_std": 0.3871}, "datetime": {"datetime": "2024-08-11 18:40:58", "elapsed": 3528.79378, "delta": 8.57849}}
{"target": -0.2981310429397479, "params": {"bus_acc": 2.5831, "bus_dcc": 3.1698, "bus_lcAssertive": 47.6254, "bus_lcCooperative": 0.2435, "bus_lcLookaheadLeft": 73.9125, "bus_lcPushy": 0.6054, "bus_lcSigma": 0.3341, "bus_lcSpeedGainRight": 2.8614, "bus_lcSublane": 0.2552, "bus_sigma": 0.9115, "bus_tau_mean": 1.812, "bus_tau_std": 3.2424, "bus_v_mean": 22.7725, "bus_v_std": 8.7871, "car_acc": 0.423, "car_dcc": 1.4387, "car_lcAssertive": 74.3788, "car_lcCooperative": 0.9671, "car_lcLookaheadLeft": 22.4418, "car_lcPushy": 0.338, "car_lcSigma": 0.6774, "car_lcSpeedGainRight": 4.6949, "car_lcSublane": 0.6154, "car_sigma": 0.5975, "car_tau_mean": 3.0595, "car_tau_std": 1.5715, "car_v_mean": 12.7615, "car_v_std": 11.3062}, "datetime": {"datetime": "2024-08-11 18:41:01", "elapsed": 3532.319286, "delta": 3.525506}}
{"target": -0.4605989475391216, "params": {"bus_acc": 2.744, "bus_dcc": 2.8507, "bus_lcAssertive": 67.1749, "bus_lcCooperative": 0.0017, "bus_lcLookaheadLeft": 45.934, "bus_lcPushy": 0.0204, "bus_lcSigma": 0.0742, "bus_lcSpeedGainRight": 2.7404, "bus_lcSublane": 0.1639, "bus_sigma": 0.4098, "bus_tau_mean": 3.5129, "bus_tau_std": 5.4949, "bus_v_mean": 13.0133, "bus_v_std": 5.9683, "car_acc": 3.0869, "car_dcc": 3.7986, "car_lcAssertive": 8.2044, "car_lcCooperative": 0.2981, "car_lcLookaheadLeft": 12.6783, "car_lcPushy": 0.1073, "car_lcSigma": 0.8524, "car_lcSpeedGainRight": 1.7182, "car_lcSublane": 0.487, "car_sigma": 0.6064, "car_tau_mean": 3.7903, "car_tau_std": 8.905, "car_v_mean": 15.2103, "car_v_std": 6.3409}, "datetime": {"datetime": "2024-08-11 18:41:05", "elapsed": 3536.165742, "delta": 3.846456}}
{"target": -0.4193519520035471, "params": {"bus_acc": 1.2178, "bus_dcc": 1.661, "bus_lcAssertive": 23.6741, "bus_lcCooperative": 0.1615, "bus_lcLookaheadLeft": 99.095, "bus_lcPushy": 0.9255, "bus_lcSigma": 0.305, "bus_lcSpeedGainRight": 0.6307, "bus_lcSublane": 0.7246, "bus_sigma": 0.0577, "bus_tau_mean": 3.3901, "bus_tau_std": 5.6882, "bus_v_mean": 12.4682, "bus_v_std": 7.8803, "car_acc": 0.5242, "car_dcc": 1.5358, "car_lcAssertive": 7.452, "car_lcCooperative": 0.6554, "car_lcLookaheadLeft": 17.1225, "car_lcPushy": 0.517, "car_lcSigma": 0.6797, "car_lcSpeedGainRight": 4.773, "car_lcSublane": 0.4638, "car_sigma": 0.1987, "car_tau_mean": 1.2554, "car_tau_std": 1.0386, "car_v_mean": 18.895, "car_v_std": 1.9286}, "datetime": {"datetime": "2024-08-11 18:41:09", "elapsed": 3539.648994, "delta": 3.483252}}
{"target": -0.45396153341001505, "params": {"bus_acc": 1.2818, "bus_dcc": 0.2577, "bus_lcAssertive": 50.1619, "bus_lcCooperative": 0.7194, "bus_lcLookaheadLeft": 51.9215, "bus_lcPushy": 0.8567, "bus_lcSigma": 0.2087, "bus_lcSpeedGainRight": 3.3661, "bus_lcSublane": 0.4674, "bus_sigma": 0.6818, "bus_tau_mean": 1.4261, "bus_tau_std": 1.4851, "bus_v_mean": 20.9709, "bus_v_std": 12.6937, "car_acc": 1.418, "car_dcc": 2.4404, "car_lcAssertive": 52.8519, "car_lcCooperative": 0.9739, "car_lcLookaheadLeft": 36.5137, "car_lcPushy": 0.0647, "car_lcSigma": 0.533, "car_lcSpeedGainRight": 2.167, "car_lcSublane": 0.1848, "car_sigma": 0.2998, "car_tau_mean": 1.0283, "car_tau_std": 4.885, "car_v_mean": 15.7186, "car_v_std": 14.2264}, "datetime": {"datetime": "2024-08-11 18:41:12", "elapsed": 3543.093861, "delta": 3.444867}}
{"target": -0.48646524480410025, "params": {"bus_acc": 2.1272, "bus_dcc": 1.4074, "bus_lcAssertive": 74.0924, "bus_lcCooperative": 0.433, "bus_lcLookaheadLeft": 62.271, "bus_lcPushy": 0.881, "bus_lcSigma": 0.881, "bus_lcSpeedGainRight": 1.7403, "bus_lcSublane": 0.2811, "bus_sigma": 0.9123, "bus_tau_mean": 2.8158, "bus_tau_std": 3.7437, "bus_v_mean": 20.7735, "bus_v_std": 16.8443, "car_acc": 2.9171, "car_dcc": 2.559, "car_lcAssertive": 14.4135, "car_lcCooperative": 0.3618, "car_lcLookaheadLeft": 83.2461, "car_lcPushy": 0.2457, "car_lcSigma": 0.1825, "car_lcSpeedGainRight": 0.2783, "car_lcSublane": 0.4408, "car_sigma": 0.7173, "car_tau_mean": 2.6282, "car_tau_std": 3.9901, "car_v_mean": 9.8565, "car_v_std": 7.6735}, "datetime": {"datetime": "2024-08-11 18:41:16", "elapsed": 3546.818245, "delta": 3.724384}}
{"target": -0.34935457295796774, "params": {"bus_acc": 1.7223, "bus_dcc": 2.3968, "bus_lcAssertive": 88.0125, "bus_lcCooperative": 0.7388, "bus_lcLookaheadLeft": 64.8073, "bus_lcPushy": 0.7371, "bus_lcSigma": 0.0601, "bus_lcSpeedGainRight": 4.54, "bus_lcSublane": 0.5712, "bus_sigma": 0.6899, "bus_tau_mean": 2.2491, "bus_tau_std": 3.1261, "bus_v_mean": 8.3887, "bus_v_std": 9.1403, "car_acc": 1.2056, "car_dcc": 1.6375, "car_lcAssertive": 28.0955, "car_lcCooperative": 0.9922, "car_lcLookaheadLeft": 89.7462, "car_lcPushy": 0.5341, "car_lcSigma": 0.1191, "car_lcSpeedGainRight": 3.1264, "car_lcSublane": 0.3806, "car_sigma": 0.2048, "car_tau_mean": 1.8431, "car_tau_std": 6.2358, "car_v_mean": 12.6289, "car_v_std": 15.9996}, "datetime": {"datetime": "2024-08-11 18:41:21", "elapsed": 3551.8914, "delta": 5.073155}}
{"target": -0.5689130583116099, "params": {"bus_acc": 1.5263, "bus_dcc": 1.7524, "bus_lcAssertive": 29.6829, "bus_lcCooperative": 0.3233, "bus_lcLookaheadLeft": 70.9276, "bus_lcPushy": 0.7145, "bus_lcSigma": 0.52, "bus_lcSpeedGainRight": 3.4085, "bus_lcSublane": 0.6458, "bus_sigma": 0.5312, "bus_tau_mean": 0.5033, "bus_tau_std": 3.553, "bus_v_mean": 8.0338, "bus_v_std": 5.7144, "car_acc": 2.2397, "car_dcc": 2.8103, "car_lcAssertive": 70.1076, "car_lcCooperative": 0.0141, "car_lcLookaheadLeft": 4.387, "car_lcPushy": 0.9848, "car_lcSigma": 0.4688, "car_lcSpeedGainRight": 0.07, "car_lcSublane": 0.393, "car_sigma": 0.1035, "car_tau_mean": 1.8495, "car_tau_std": 8.1565, "car_v_mean": 24.8824, "car_v_std": 19.7336}, "datetime": {"datetime": "2024-08-11 18:41:24", "elapsed": 3554.937316, "delta": 3.045916}}
