{"target": -0.3695755447851776, "params": {"bus_acc": 1.3703, "bus_dcc": 2.3365, "bus_lcAssertive": 36.2177, "bus_lcCooperative": 0.909, "bus_lcLookaheadLeft": 61.2352, "bus_lcPushy": 0.7726, "bus_lcSigma": 0.8219, "bus_lcSpeedGainRight": 2.6897, "bus_lcSublane": 0.0104, "bus_sigma": 0.5682, "bus_tau_mean": 2.6118, "bus_tau_std": 5.2619, "bus_v_mean": 11.4302, "bus_v_std": 9.1383, "car_acc": 0.5049, "car_dcc": 0.942, "car_lcAssertive": 69.9413, "car_lcCooperative": 0.1794, "car_lcLookaheadLeft": 72.4011, "car_lcPushy": 0.0996, "car_lcSigma": 0.1445, "car_lcSpeedGainRight": 3.8903, "car_lcSublane": 0.9967, "car_sigma": 0.4588, "car_tau_mean": 2.7583, "car_tau_std": 9.8529, "car_v_mean": 11.1314, "car_v_std": 11.0157}, "datetime": {"datetime": "2024-08-11 18:24:46", "elapsed": 2556.73585, "delta": 2.955589}}
{"target": -0.3406508738141352, "params": {"bus_acc": 0.5289, "bus_dcc": 2.9739, "bus_lcAssertive": 29.3675, "bus_lcCooperative": 0.7979, "bus_lcLookaheadLeft": 62.27, "bus_lcPushy": 0.2382, "bus_lcSigma": 0.5319, "bus_lcSpeedGainRight": 4.4678, "bus_lcSublane": 0.748, "bus_sigma": 0.9748, "bus_tau_mean": 2.0723, "bus_tau_std": 8.1838, "bus_v_mean": 16.0167, "bus_v_std": 8.1205, "car_acc": 1.9276, "car_dcc": 2.0894, "car_lcAssertive": 70.3286, "car_lcCooperative": 0.2138, "car_lcLookaheadLeft": 45.3647, "car_lcPushy": 0.6091, "car_lcSigma": 0.2535, "car_lcSpeedGainRight": 1.5959, "car_lcSublane": 0.1586, "car_sigma": 0.0205, "car_tau_mean": 3.0942, "car_tau_std": 3.1936, "car_v_mean": 25.2499, "car_v_std": 7.1667}, "datetime": {"datetime": "2024-08-11 18:24:49", "elapsed": 2560.047464, "delta": 3.311614}}
{"target": -0.5859114598473015, "params": {"bus_acc": 3.3695, "bus_dcc": 0.265, "bus_lcAssertive": 25.9443, "bus_lcCooperative": 0.3278, "bus_lcLookaheadLeft": 54.9109, "bus_lcPushy": 0.4566, "bus_lcSigma": 0.7774, "bus_lcSpeedGainRight": 1.9543, "bus_lcSublane": 0.6095, "bus_sigma": 0.2604, "bus_tau_mean": 1.8474, "bus_tau_std": 3.8292, "bus_v_mean": 25.0395, "bus_v_std": 0.0689, "car_acc": 0.7037, "car_dcc": 1.9693, "car_lcAssertive": 15.5577, "car_lcCooperative": 0.1226, "car_lcLookaheadLeft": 75.2901, "car_lcPushy": 0.3679, "car_lcSigma": 0.6356, "car_lcSpeedGainRight": 0.5693, "car_lcSublane": 0.2949, "car_sigma": 0.8331, "car_tau_mean": 3.9994, "car_tau_std": 6.6595, "car_v_mean": 20.0871, "car_v_std": 19.4184}, "datetime": {"datetime": "2024-08-11 18:24:52", "elapsed": 2563.322283, "delta": 3.274819}}
{"target": -0.35683901261166245, "params": {"bus_acc": 3.1113, "bus_dcc": 2.7615, "bus_lcAssertive": 73.5874, "bus_lcCooperative": 0.6592, "bus_lcLookaheadLeft": 64.9677, "bus_lcPushy": 0.7119, "bus_lcSigma": 0.8616, "bus_lcSpeedGainRight": 4.172, "bus_lcSublane": 0.5735, "bus_sigma": 0.9991, "bus_tau_mean": 0.5023, "bus_tau_std": 6.8631, "bus_v_mean": 21.5914, "bus_v_std": 19.1236, "car_acc": 1.5661, "car_dcc": 2.3677, "car_lcAssertive": 24.3344, "car_lcCooperative": 0.4383, "car_lcLookaheadLeft": 11.4384, "car_lcPushy": 0.455, "car_lcSigma": 0.4551, "car_lcSpeedGainRight": 4.4537, "car_lcSublane": 0.7247, "car_sigma": 0.8909, "car_tau_mean": 2.463, "car_tau_std": 6.2953, "car_v_mean": 25.024, "car_v_std": 7.3622}, "datetime": {"datetime": "2024-08-11 18:24:57", "elapsed": 2568.080209, "delta": 4.757926}}
{"target": -0.5297646979594535, "params": {"bus_acc": 0.4237, "bus_dcc": 0.4333, "bus_lcAssertive": 89.6466, "bus_lcCooperative": 0.5988, "bus_lcLookaheadLeft": 63.9342, "bus_lcPushy": 0.9726, "bus_lcSigma": 0.7979, "bus_lcSpeedGainRight": 1.6858, "bus_lcSublane": 0.1819, "bus_sigma": 0.5693, "bus_tau_mean": 2.0959, "bus_tau_std": 4.2408, "bus_v_mean": 19.0386, "bus_v_std": 8.4314, "car_acc": 3.0926, "car_dcc": 2.0861, "car_lcAssertive": 55.3788, "car_lcCooperative": 0.8157, "car_lcLookaheadLeft": 15.6793, "car_lcPushy": 0.8465, "car_lcSigma": 0.922, "car_lcSpeedGainRight": 4.7715, "car_lcSublane": 0.8843, "car_sigma": 0.0012, "car_tau_mean": 1.568, "car_tau_std": 3.4197, "car_v_mean": 25.5769, "car_v_std": 14.1625}, "datetime": {"datetime": "2024-08-11 18:25:00", "elapsed": 2571.206992, "delta": 3.126783}}
{"target": -0.4589646519046824, "params": {"bus_acc": 2.6859, "bus_dcc": 2.3467, "bus_lcAssertive": 70.9593, "bus_lcCooperative": 0.8627, "bus_lcLookaheadLeft": 60.1604, "bus_lcPushy": 0.3162, "bus_lcSigma": 0.7883, "bus_lcSpeedGainRight": 4.9557, "bus_lcSublane": 0.0644, "bus_sigma": 0.9793, "bus_tau_mean": 1.0606, "bus_tau_std": 2.8474, "bus_v_mean": 15.829, "bus_v_std": 7.2265, "car_acc": 2.443, "car_dcc": 0.6493, "car_lcAssertive": 62.5778, "car_lcCooperative": 0.4163, "car_lcLookaheadLeft": 15.0324, "car_lcPushy": 0.4112, "car_lcSigma": 0.9862, "car_lcSpeedGainRight": 2.5185, "car_lcSublane": 0.293, "car_sigma": 0.3217, "car_tau_mean": 1.4183, "car_tau_std": 8.1532, "car_v_mean": 17.634, "car_v_std": 18.5029}, "datetime": {"datetime": "2024-08-11 18:25:04", "elapsed": 2575.28375, "delta": 4.076758}}
{"target": -0.33449258366151563, "params": {"bus_acc": 1.9739, "bus_dcc": 2.2322, "bus_lcAssertive": 37.3261, "bus_lcCooperative": 0.013, "bus_lcLookaheadLeft": 78.3305, "bus_lcPushy": 0.1202, "bus_lcSigma": 0.5505, "bus_lcSpeedGainRight": 0.5231, "bus_lcSublane": 0.0847, "bus_sigma": 0.096, "bus_tau_mean": 3.1521, "bus_tau_std": 2.0837, "bus_v_mean": 17.8665, "bus_v_std": 6.1014, "car_acc": 0.894, "car_dcc": 3.6619, "car_lcAssertive": 56.0312, "car_lcCooperative": 0.0072, "car_lcLookaheadLeft": 4.5173, "car_lcPushy": 0.4029, "car_lcSigma": 0.2438, "car_lcSpeedGainRight": 1.5093, "car_lcSublane": 0.0734, "car_sigma": 0.7197, "car_tau_mean": 3.7778, "car_tau_std": 3.0171, "car_v_mean": 18.2607, "car_v_std": 12.9537}, "datetime": {"datetime": "2024-08-11 18:25:07", "elapsed": 2578.197511, "delta": 2.913761}}
{"target": -0.3230635877828293, "params": {"bus_acc": 0.4054, "bus_dcc": 2.1549, "bus_lcAssertive": 32.2295, "bus_lcCooperative": 0.011, "bus_lcLookaheadLeft": 8.5767, "bus_lcPushy": 0.356, "bus_lcSigma": 0.7448, "bus_lcSpeedGainRight": 0.0397, "bus_lcSublane": 0.5708, "bus_sigma": 0.4601, "bus_tau_mean": 1.5487, "bus_tau_std": 4.3222, "bus_v_mean": 24.4117, "bus_v_std": 2.5983, "car_acc": 3.2605, "car_dcc": 1.3034, "car_lcAssertive": 83.4002, "car_lcCooperative": 0.8789, "car_lcLookaheadLeft": 83.3946, "car_lcPushy": 0.6902, "car_lcSigma": 0.7096, "car_lcSpeedGainRight": 3.2036, "car_lcSublane": 0.1599, "car_sigma": 0.8176, "car_tau_mean": 1.9708, "car_tau_std": 2.8767, "car_v_mean": 9.632, "car_v_std": 1.4019}, "datetime": {"datetime": "2024-08-11 18:25:13", "elapsed": 2583.792396, "delta": 5.594885}}
{"target": -0.510687937775709, "params": {"bus_acc": 0.9965, "bus_dcc": 0.7035, "bus_lcAssertive": 72.2236, "bus_lcCooperative": 0.5159, "bus_lcLookaheadLeft": 90.588, "bus_lcPushy": 0.4164, "bus_lcSigma": 0.3292, "bus_lcSpeedGainRight": 4.2319, "bus_lcSublane": 0.9534, "bus_sigma": 0.8225, "bus_tau_mean": 3.1118, "bus_tau_std": 3.0585, "bus_v_mean": 8.0821, "bus_v_std": 15.6993, "car_acc": 2.3049, "car_dcc": 2.5229, "car_lcAssertive": 24.6224, "car_lcCooperative": 0.2345, "car_lcLookaheadLeft": 74.023, "car_lcPushy": 0.1697, "car_lcSigma": 0.8836, "car_lcSpeedGainRight": 2.2264, "car_lcSublane": 0.5849, "car_sigma": 0.281, "car_tau_mean": 2.051, "car_tau_std": 4.5902, "car_v_mean": 12.8305, "car_v_std": 7.5749}, "datetime": {"datetime": "2024-08-11 18:25:19", "elapsed": 2590.039828, "delta": 6.247432}}
{"target": -0.5752030020402598, "params": {"bus_acc": 3.4713, "bus_dcc": 1.1964, "bus_lcAssertive": 9.6105, "bus_lcCooperative": 0.8478, "bus_lcLookaheadLeft": 31.9602, "bus_lcPushy": 0.6619, "bus_lcSigma": 0.7674, "bus_lcSpeedGainRight": 3.8156, "bus_lcSublane": 0.9063, "bus_sigma": 0.3278, "bus_tau_mean": 3.6964, "bus_tau_std": 7.9849, "bus_v_mean": 25.7022, "bus_v_std": 3.3494, "car_acc": 2.4689, "car_dcc": 0.4195, "car_lcAssertive": 19.7526, "car_lcCooperative": 0.1002, "car_lcLookaheadLeft": 9.1013, "car_lcPushy": 0.7539, "car_lcSigma": 0.4534, "car_lcSpeedGainRight": 3.5765, "car_lcSublane": 0.5396, "car_sigma": 0.9582, "car_tau_mean": 3.2654, "car_tau_std": 0.0001, "car_v_mean": 21.5593, "car_v_std": 5.0695}, "datetime": {"datetime": "2024-08-11 18:25:22", "elapsed": 2592.849479, "delta": 2.809651}}
{"target": -0.3877040904214633, "params": {"bus_acc": 1.1363, "bus_dcc": 2.1886, "bus_lcAssertive": 42.608, "bus_lcCooperative": 0.0862, "bus_lcLookaheadLeft": 42.0202, "bus_lcPushy": 0.9169, "bus_lcSigma": 0.7995, "bus_lcSpeedGainRight": 2.6446, "bus_lcSublane": 0.8972, "bus_sigma": 0.3834, "bus_tau_mean": 2.5961, "bus_tau_std": 5.1628, "bus_v_mean": 18.7276, "bus_v_std": 9.3739, "car_acc": 2.7137, "car_dcc": 3.2471, "car_lcAssertive": 58.8903, "car_lcCooperative": 0.6073, "car_lcLookaheadLeft": 20.4415, "car_lcPushy": 0.1329, "car_lcSigma": 0.187, "car_lcSpeedGainRight": 2.8319, "car_lcSublane": 0.973, "car_sigma": 0.2089, "car_tau_mean": 1.5129, "car_tau_std": 9.0353, "car_v_mean": 19.919, "car_v_std": 6.1069}, "datetime": {"datetime": "2024-08-11 18:25:26", "elapsed": 2596.891386, "delta": 4.041907}}
{"target": -0.5420943245390627, "params": {"bus_acc": 3.3515, "bus_dcc": 3.581, "bus_lcAssertive": 76.9387, "bus_lcCooperative": 0.3731, "bus_lcLookaheadLeft": 99.7424, "bus_lcPushy": 0.665, "bus_lcSigma": 0.4806, "bus_lcSpeedGainRight": 2.1946, "bus_lcSublane": 0.313, "bus_sigma": 0.5178, "bus_tau_mean": 0.5667, "bus_tau_std": 5.7641, "bus_v_mean": 15.0974, "bus_v_std": 17.2879, "car_acc": 0.4163, "car_dcc": 0.2601, "car_lcAssertive": 39.3165, "car_lcCooperative": 0.601, "car_lcLookaheadLeft": 26.6561, "car_lcPushy": 0.0381, "car_lcSigma": 0.163, "car_lcSpeedGainRight": 4.9994, "car_lcSublane": 0.4273, "car_sigma": 0.4234, "car_tau_mean": 0.8762, "car_tau_std": 4.216, "car_v_mean": 14.9231, "car_v_std": 11.7776}, "datetime": {"datetime": "2024-08-11 18:25:29", "elapsed": 2599.976826, "delta": 3.08544}}
{"target": -0.35707204345528615, "params": {"bus_acc": 1.8171, "bus_dcc": 1.9426, "bus_lcAssertive": 74.1404, "bus_lcCooperative": 0.9844, "bus_lcLookaheadLeft": 32.4378, "bus_lcPushy": 0.962, "bus_lcSigma": 0.9371, "bus_lcSpeedGainRight": 4.3365, "bus_lcSublane": 0.1788, "bus_sigma": 0.0451, "bus_tau_mean": 1.4396, "bus_tau_std": 5.2439, "bus_v_mean": 10.7698, "bus_v_std": 12.9268, "car_acc": 1.5895, "car_dcc": 3.9977, "car_lcAssertive": 82.4406, "car_lcCooperative": 0.1208, "car_lcLookaheadLeft": 12.7816, "car_lcPushy": 0.1764, "car_lcSigma": 0.7994, "car_lcSpeedGainRight": 1.8659, "car_lcSublane": 0.047, "car_sigma": 0.5798, "car_tau_mean": 2.6573, "car_tau_std": 5.1861, "car_v_mean": 19.0058, "car_v_std": 16.8326}, "datetime": {"datetime": "2024-08-11 18:25:33", "elapsed": 2603.888158, "delta": 3.911332}}
{"target": -0.48512581820799316, "params": {"bus_acc": 2.8859, "bus_dcc": 0.9842, "bus_lcAssertive": 93.3171, "bus_lcCooperative": 0.2573, "bus_lcLookaheadLeft": 69.1489, "bus_lcPushy": 0.4718, "bus_lcSigma": 0.8134, "bus_lcSpeedGainRight": 0.4997, "bus_lcSublane": 0.1443, "bus_sigma": 0.326, "bus_tau_mean": 3.2876, "bus_tau_std": 1.7706, "bus_v_mean": 20.7206, "bus_v_std": 15.9394, "car_acc": 3.1639, "car_dcc": 0.5821, "car_lcAssertive": 70.2035, "car_lcCooperative": 0.0809, "car_lcLookaheadLeft": 33.0313, "car_lcPushy": 0.5023, "car_lcSigma": 0.0904, "car_lcSpeedGainRight": 3.479, "car_lcSublane": 0.7564, "car_sigma": 0.7166, "car_tau_mean": 3.2309, "car_tau_std": 4.4802, "car_v_mean": 13.6039, "car_v_std": 15.7229}, "datetime": {"datetime": "2024-08-11 18:25:38", "elapsed": 2609.176586, "delta": 5.288428}}
{"target": -0.46555233248465155, "params": {"bus_acc": 1.5736, "bus_dcc": 0.2916, "bus_lcAssertive": 96.5748, "bus_lcCooperative": 0.3064, "bus_lcLookaheadLeft": 77.0478, "bus_lcPushy": 0.949, "bus_lcSigma": 0.844, "bus_lcSpeedGainRight": 1.6356, "bus_lcSublane": 0.3503, "bus_sigma": 0.4932, "bus_tau_mean": 0.8478, "bus_tau_std": 3.1084, "bus_v_mean": 25.0386, "bus_v_std": 8.1466, "car_acc": 1.8418, "car_dcc": 1.6277, "car_lcAssertive": 98.7536, "car_lcCooperative": 0.5846, "car_lcLookaheadLeft": 91.054, "car_lcPushy": 0.7024, "car_lcSigma": 0.7451, "car_lcSpeedGainRight": 1.579, "car_lcSublane": 0.5041, "car_sigma": 0.8543, "car_tau_mean": 3.9827, "car_tau_std": 7.5581, "car_v_mean": 15.5728, "car_v_std": 11.914}, "datetime": {"datetime": "2024-08-11 18:25:42", "elapsed": 2613.039322, "delta": 3.862736}}
{"target": -0.5213092708795672, "params": {"bus_acc": 0.8881, "bus_dcc": 2.4771, "bus_lcAssertive": 37.1789, "bus_lcCooperative": 0.5615, "bus_lcLookaheadLeft": 2.5313, "bus_lcPushy": 0.076, "bus_lcSigma": 0.332, "bus_lcSpeedGainRight": 4.5842, "bus_lcSublane": 0.3817, "bus_sigma": 0.3004, "bus_tau_mean": 3.1223, "bus_tau_std": 7.933, "bus_v_mean": 10.3503, "bus_v_std": 6.3295, "car_acc": 2.314, "car_dcc": 0.6073, "car_lcAssertive": 20.7176, "car_lcCooperative": 0.0013, "car_lcLookaheadLeft": 36.7649, "car_lcPushy": 0.5973, "car_lcSigma": 0.5175, "car_lcSpeedGainRight": 1.8501, "car_lcSublane": 0.518, "car_sigma": 0.0573, "car_tau_mean": 2.956, "car_tau_std": 6.927, "car_v_mean": 12.5715, "car_v_std": 14.1228}, "datetime": {"datetime": "2024-08-11 18:25:45", "elapsed": 2616.166308, "delta": 3.126986}}
{"target": -0.5625046350353725, "params": {"bus_acc": 1.0751, "bus_dcc": 1.2853, "bus_lcAssertive": 83.2206, "bus_lcCooperative": 0.5637, "bus_lcLookaheadLeft": 33.7385, "bus_lcPushy": 0.3899, "bus_lcSigma": 0.2288, "bus_lcSpeedGainRight": 0.3665, "bus_lcSublane": 0.6735, "bus_sigma": 0.6458, "bus_tau_mean": 2.5897, "bus_tau_std": 8.2195, "bus_v_mean": 16.8518, "bus_v_std": 6.5937, "car_acc": 1.5011, "car_dcc": 0.2371, "car_lcAssertive": 9.8993, "car_lcCooperative": 0.4042, "car_lcLookaheadLeft": 7.4194, "car_lcPushy": 0.8993, "car_lcSigma": 0.0943, "car_lcSpeedGainRight": 2.912, "car_lcSublane": 0.7351, "car_sigma": 0.8908, "car_tau_mean": 3.0596, "car_tau_std": 4.1721, "car_v_mean": 22.3181, "car_v_std": 2.917}, "datetime": {"datetime": "2024-08-11 18:25:52", "elapsed": 2622.705352, "delta": 6.539044}}
{"target": -0.46333096100430665, "params": {"bus_acc": 0.5138, "bus_dcc": 2.6195, "bus_lcAssertive": 31.4243, "bus_lcCooperative": 0.2826, "bus_lcLookaheadLeft": 15.1173, "bus_lcPushy": 0.0994, "bus_lcSigma": 0.27, "bus_lcSpeedGainRight": 4.2327, "bus_lcSublane": 0.2664, "bus_sigma": 0.1358, "bus_tau_mean": 1.0369, "bus_tau_std": 6.8246, "bus_v_mean": 21.548, "bus_v_std": 11.1929, "car_acc": 1.7404, "car_dcc": 2.2056, "car_lcAssertive": 13.4078, "car_lcCooperative": 0.4706, "car_lcLookaheadLeft": 10.8261, "car_lcPushy": 0.3499, "car_lcSigma": 0.8053, "car_lcSpeedGainRight": 0.5596, "car_lcSublane": 0.3263, "car_sigma": 0.1296, "car_tau_mean": 3.294, "car_tau_std": 5.2727, "car_v_mean": 25.9312, "car_v_std": 18.1483}, "datetime": {"datetime": "2024-08-11 18:25:56", "elapsed": 2627.296393, "delta": 4.591041}}
{"target": -0.3561842221307663, "params": {"bus_acc": 3.9142, "bus_dcc": 2.2126, "bus_lcAssertive": 12.9696, "bus_lcCooperative": 0.4748, "bus_lcLookaheadLeft": 44.5635, "bus_lcPushy": 0.3798, "bus_lcSigma": 0.9747, "bus_lcSpeedGainRight": 1.4082, "bus_lcSublane": 0.6004, "bus_sigma": 0.6938, "bus_tau_mean": 3.7991, "bus_tau_std": 4.1392, "bus_v_mean": 22.9202, "bus_v_std": 11.7465, "car_acc": 3.6568, "car_dcc": 1.2513, "car_lcAssertive": 87.994, "car_lcCooperative": 0.041, "car_lcLookaheadLeft": 92.3689, "car_lcPushy": 0.6481, "car_lcSigma": 0.6012, "car_lcSpeedGainRight": 2.5023, "car_lcSublane": 0.1259, "car_sigma": 0.3632, "car_tau_mean": 1.3404, "car_tau_std": 5.1565, "car_v_mean": 17.4678, "car_v_std": 5.451}, "datetime": {"datetime": "2024-08-11 18:26:00", "elapsed": 2631.161856, "delta": 3.865463}}
{"target": -0.3956617181975654, "params": {"bus_acc": 2.6157, "bus_dcc": 2.9487, "bus_lcAssertive": 92.6701, "bus_lcCooperative": 0.3245, "bus_lcLookaheadLeft": 9.6702, "bus_lcPushy": 0.6278, "bus_lcSigma": 0.7258, "bus_lcSpeedGainRight": 3.5555, "bus_lcSublane": 0.967, "bus_sigma": 0.9912, "bus_tau_mean": 1.0608, "bus_tau_std": 8.4524, "bus_v_mean": 19.647, "bus_v_std": 13.6051, "car_acc": 0.8907, "car_dcc": 2.3816, "car_lcAssertive": 11.499, "car_lcCooperative": 0.1784, "car_lcLookaheadLeft": 71.8365, "car_lcPushy": 0.4641, "car_lcSigma": 0.3379, "car_lcSpeedGainRight": 4.197, "car_lcSublane": 0.337, "car_sigma": 0.2609, "car_tau_mean": 1.9558, "car_tau_std": 0.6381, "car_v_mean": 20.664, "car_v_std": 18.3961}, "datetime": {"datetime": "2024-08-11 18:26:03", "elapsed": 2633.936815, "delta": 2.774959}}
{"target": -0.33165138764454, "params": {"bus_acc": 2.9912, "bus_dcc": 1.0255, "bus_lcAssertive": 80.261, "bus_lcCooperative": 0.3904, "bus_lcLookaheadLeft": 56.6835, "bus_lcPushy": 0.3829, "bus_lcSigma": 0.3018, "bus_lcSpeedGainRight": 2.8741, "bus_lcSublane": 0.1098, "bus_sigma": 0.931, "bus_tau_mean": 1.9836, "bus_tau_std": 8.7658, "bus_v_mean": 21.2886, "bus_v_std": 9.2992, "car_acc": 3.9232, "car_dcc": 3.5043, "car_lcAssertive": 91.7064, "car_lcCooperative": 0.1437, "car_lcLookaheadLeft": 61.4711, "car_lcPushy": 0.842, "car_lcSigma": 0.6238, "car_lcSpeedGainRight": 4.0747, "car_lcSublane": 0.1163, "car_sigma": 0.8457, "car_tau_mean": 1.0017, "car_tau_std": 6.7421, "car_v_mean": 17.5661, "car_v_std": 18.18}, "datetime": {"datetime": "2024-08-11 18:26:08", "elapsed": 2639.049734, "delta": 5.112919}}
{"target": -0.3786728468464921, "params": {"bus_acc": 1.6524, "bus_dcc": 2.1048, "bus_lcAssertive": 9.2469, "bus_lcCooperative": 0.1915, "bus_lcLookaheadLeft": 14.0732, "bus_lcPushy": 0.2502, "bus_lcSigma": 0.5352, "bus_lcSpeedGainRight": 4.9891, "bus_lcSublane": 0.0053, "bus_sigma": 0.2777, "bus_tau_mean": 2.6592, "bus_tau_std": 8.0389, "bus_v_mean": 25.8393, "bus_v_std": 1.6092, "car_acc": 1.5955, "car_dcc": 3.8045, "car_lcAssertive": 89.3068, "car_lcCooperative": 0.8931, "car_lcLookaheadLeft": 42.2102, "car_lcPushy": 0.1328, "car_lcSigma": 0.7781, "car_lcSpeedGainRight": 2.2107, "car_lcSublane": 0.254, "car_sigma": 0.8756, "car_tau_mean": 1.199, "car_tau_std": 6.193, "car_v_mean": 9.7419, "car_v_std": 11.2477}, "datetime": {"datetime": "2024-08-11 18:26:13", "elapsed": 2643.832231, "delta": 4.782497}}
{"target": -0.38805267358745277, "params": {"bus_acc": 3.4575, "bus_dcc": 0.9778, "bus_lcAssertive": 27.8916, "bus_lcCooperative": 0.0812, "bus_lcLookaheadLeft": 25.6734, "bus_lcPushy": 0.7842, "bus_lcSigma": 0.0581, "bus_lcSpeedGainRight": 4.5309, "bus_lcSublane": 0.0644, "bus_sigma": 0.3901, "bus_tau_mean": 2.5013, "bus_tau_std": 9.1275, "bus_v_mean": 11.3746, "bus_v_std": 6.5198, "car_acc": 0.9591, "car_dcc": 2.5555, "car_lcAssertive": 35.022, "car_lcCooperative": 0.5969, "car_lcLookaheadLeft": 79.1205, "car_lcPushy": 0.1213, "car_lcSigma": 0.1363, "car_lcSpeedGainRight": 0.3939, "car_lcSublane": 0.5893, "car_sigma": 0.9452, "car_tau_mean": 1.7505, "car_tau_std": 1.5047, "car_v_mean": 24.3504, "car_v_std": 13.8715}, "datetime": {"datetime": "2024-08-11 18:26:17", "elapsed": 2648.42047, "delta": 4.588239}}
{"target": -0.3413382061934933, "params": {"bus_acc": 3.7012, "bus_dcc": 1.7044, "bus_lcAssertive": 40.5827, "bus_lcCooperative": 0.4364, "bus_lcLookaheadLeft": 33.6399, "bus_lcPushy": 0.4128, "bus_lcSigma": 0.0162, "bus_lcSpeedGainRight": 2.3828, "bus_lcSublane": 0.8752, "bus_sigma": 0.4657, "bus_tau_mean": 3.0424, "bus_tau_std": 5.0758, "bus_v_mean": 21.2436, "bus_v_std": 19.4907, "car_acc": 0.9502, "car_dcc": 2.6862, "car_lcAssertive": 64.0676, "car_lcCooperative": 0.045, "car_lcLookaheadLeft": 44.3251, "car_lcPushy": 0.6351, "car_lcSigma": 0.0576, "car_lcSpeedGainRight": 3.9436, "car_lcSublane": 0.6947, "car_sigma": 0.7309, "car_tau_mean": 0.7972, "car_tau_std": 3.738, "car_v_mean": 21.131, "car_v_std": 14.5436}, "datetime": {"datetime": "2024-08-11 18:26:22", "elapsed": 2652.904453, "delta": 4.483983}}
{"target": -0.18935306921903897, "params": {"bus_acc": 1.426, "bus_dcc": 3.8145, "bus_lcAssertive": 36.8325, "bus_lcCooperative": 0.9611, "bus_lcLookaheadLeft": 71.4838, "bus_lcPushy": 0.9666, "bus_lcSigma": 0.2379, "bus_lcSpeedGainRight": 1.2481, "bus_lcSublane": 0.5169, "bus_sigma": 0.6453, "bus_tau_mean": 2.7503, "bus_tau_std": 4.2434, "bus_v_mean": 22.075, "bus_v_std": 15.5762, "car_acc": 0.4197, "car_dcc": 2.8065, "car_lcAssertive": 33.9, "car_lcCooperative": 0.7912, "car_lcLookaheadLeft": 65.4437, "car_lcPushy": 0.9762, "car_lcSigma": 0.9063, "car_lcSpeedGainRight": 3.1421, "car_lcSublane": 0.9395, "car_sigma": 0.3408, "car_tau_mean": 2.4967, "car_tau_std": 1.5054, "car_v_mean": 11.2157, "car_v_std": 18.8208}, "datetime": {"datetime": "2024-08-11 18:26:26", "elapsed": 2657.01031, "delta": 4.105857}}
{"target": -0.3448139476543009, "params": {"bus_acc": 0.4479, "bus_dcc": 1.8536, "bus_lcAssertive": 47.7424, "bus_lcCooperative": 0.7172, "bus_lcLookaheadLeft": 38.6424, "bus_lcPushy": 0.329, "bus_lcSigma": 0.3293, "bus_lcSpeedGainRight": 2.5705, "bus_lcSublane": 0.3842, "bus_sigma": 0.0485, "bus_tau_mean": 2.1226, "bus_tau_std": 4.676, "bus_v_mean": 25.0504, "bus_v_std": 6.7715, "car_acc": 3.2391, "car_dcc": 3.7945, "car_lcAssertive": 48.324, "car_lcCooperative": 0.8444, "car_lcLookaheadLeft": 21.1709, "car_lcPushy": 0.1248, "car_lcSigma": 0.8372, "car_lcSpeedGainRight": 4.6491, "car_lcSublane": 0.3826, "car_sigma": 0.5063, "car_tau_mean": 0.8904, "car_tau_std": 8.145, "car_v_mean": 9.9932, "car_v_std": 7.2223}, "datetime": {"datetime": "2024-08-11 18:26:29", "elapsed": 2659.660507, "delta": 2.650197}}
