{"target": -0.384723500098102, "params": {"bus_acc": 2.5288, "bus_dcc": 1.3959, "bus_lcAssertive": 97.4228, "bus_lcCooperative": 0.0949, "bus_lcLookaheadLeft": 17.6273, "bus_lcPushy": 0.5358, "bus_lcSigma": 0.6921, "bus_lcSpeedGainRight": 2.2119, "bus_lcSublane": 0.6642, "bus_sigma": 0.707, "bus_tau_mean": 3.2098, "bus_tau_std": 0.8094, "bus_v_mean": 9.4377, "bus_v_std": 18.6455, "car_acc": 0.9404, "car_dcc": 3.9691, "car_lcAssertive": 28.9645, "car_lcCooperative": 0.6919, "car_lcLookaheadLeft": 63.1461, "car_lcPushy": 0.5741, "car_lcSigma": 0.8909, "car_lcSpeedGainRight": 4.6169, "car_lcSublane": 0.8036, "car_sigma": 0.5561, "car_tau_mean": 0.5723, "car_tau_std": 5.1698, "car_v_mean": 14.4309, "car_v_std": 1.5688}, "datetime": {"datetime": "2024-08-11 18:37:33", "elapsed": 3324.221505, "delta": 3.064132}}
{"target": -0.4303346942589053, "params": {"bus_acc": 2.3762, "bus_dcc": 1.9938, "bus_lcAssertive": 72.2024, "bus_lcCooperative": 0.942, "bus_lcLookaheadLeft": 96.0737, "bus_lcPushy": 0.201, "bus_lcSigma": 0.6538, "bus_lcSpeedGainRight": 3.6624, "bus_lcSublane": 0.7866, "bus_sigma": 0.6799, "bus_tau_mean": 1.7253, "bus_tau_std": 9.7038, "bus_v_mean": 13.2893, "bus_v_std": 10.2458, "car_acc": 3.5733, "car_dcc": 2.7923, "car_lcAssertive": 8.1825, "car_lcCooperative": 0.3378, "car_lcLookaheadLeft": 35.9132, "car_lcPushy": 0.1474, "car_lcSigma": 0.3681, "car_lcSpeedGainRight": 3.2805, "car_lcSublane": 0.1014, "car_sigma": 0.5456, "car_tau_mean": 2.2952, "car_tau_std": 2.2381, "car_v_mean": 24.0053, "car_v_std": 18.4003}, "datetime": {"datetime": "2024-08-11 18:37:40", "elapsed": 3330.810237, "delta": 6.588732}}
{"target": -0.41132998701645196, "params": {"bus_acc": 3.8766, "bus_dcc": 0.7905, "bus_lcAssertive": 92.1025, "bus_lcCooperative": 0.7658, "bus_lcLookaheadLeft": 37.1854, "bus_lcPushy": 0.0831, "bus_lcSigma": 0.2615, "bus_lcSpeedGainRight": 2.8711, "bus_lcSublane": 0.3988, "bus_sigma": 0.1956, "bus_tau_mean": 1.6581, "bus_tau_std": 1.9367, "bus_v_mean": 19.0748, "bus_v_std": 4.8995, "car_acc": 2.2915, "car_dcc": 0.6598, "car_lcAssertive": 25.3614, "car_lcCooperative": 0.283, "car_lcLookaheadLeft": 53.7738, "car_lcPushy": 0.7966, "car_lcSigma": 0.4104, "car_lcSpeedGainRight": 4.5386, "car_lcSublane": 0.5984, "car_sigma": 0.5117, "car_tau_mean": 1.188, "car_tau_std": 4.7993, "car_v_mean": 24.6635, "car_v_std": 7.7099}, "datetime": {"datetime": "2024-08-11 18:37:43", "elapsed": 3333.74584, "delta": 2.935603}}
{"target": -0.4135437890302973, "params": {"bus_acc": 0.7336, "bus_dcc": 1.7781, "bus_lcAssertive": 82.4783, "bus_lcCooperative": 0.2765, "bus_lcLookaheadLeft": 26.3216, "bus_lcPushy": 0.6555, "bus_lcSigma": 0.7481, "bus_lcSpeedGainRight": 0.8563, "bus_lcSublane": 0.2011, "bus_sigma": 0.6908, "bus_tau_mean": 3.6993, "bus_tau_std": 2.7921, "bus_v_mean": 10.7722, "bus_v_std": 2.004, "car_acc": 3.9117, "car_dcc": 1.0772, "car_lcAssertive": 14.9798, "car_lcCooperative": 0.827, "car_lcLookaheadLeft": 45.1477, "car_lcPushy": 0.4427, "car_lcSigma": 0.8637, "car_lcSpeedGainRight": 0.8821, "car_lcSublane": 0.153, "car_sigma": 0.3716, "car_tau_mean": 1.1057, "car_tau_std": 5.6123, "car_v_mean": 14.7022, "car_v_std": 15.278}, "datetime": {"datetime": "2024-08-11 18:37:49", "elapsed": 3339.826843, "delta": 6.081003}}
{"target": -0.42011825851325924, "params": {"bus_acc": 1.085, "bus_dcc": 3.7071, "bus_lcAssertive": 32.7862, "bus_lcCooperative": 0.6797, "bus_lcLookaheadLeft": 70.299, "bus_lcPushy": 0.2595, "bus_lcSigma": 0.804, "bus_lcSpeedGainRight": 1.4601, "bus_lcSublane": 0.2656, "bus_sigma": 0.7609, "bus_tau_mean": 0.5258, "bus_tau_std": 4.6257, "bus_v_mean": 9.6139, "bus_v_std": 10.7667, "car_acc": 3.1605, "car_dcc": 1.288, "car_lcAssertive": 11.6931, "car_lcCooperative": 0.1669, "car_lcLookaheadLeft": 46.1996, "car_lcPushy": 0.8931, "car_lcSigma": 0.0414, "car_lcSpeedGainRight": 4.9796, "car_lcSublane": 0.4286, "car_sigma": 0.6504, "car_tau_mean": 1.0543, "car_tau_std": 1.3689, "car_v_mean": 22.7771, "car_v_std": 12.6274}, "datetime": {"datetime": "2024-08-11 18:37:53", "elapsed": 3344.44719, "delta": 4.620347}}
{"target": -0.5149895731799338, "params": {"bus_acc": 0.4641, "bus_dcc": 0.3977, "bus_lcAssertive": 50.3133, "bus_lcCooperative": 0.8539, "bus_lcLookaheadLeft": 94.928, "bus_lcPushy": 0.0175, "bus_lcSigma": 0.6463, "bus_lcSpeedGainRight": 4.5302, "bus_lcSublane": 0.8682, "bus_sigma": 0.9448, "bus_tau_mean": 1.1015, "bus_tau_std": 5.7771, "bus_v_mean": 25.4202, "bus_v_std": 17.1169, "car_acc": 1.0588, "car_dcc": 3.055, "car_lcAssertive": 14.9755, "car_lcCooperative": 0.0393, "car_lcLookaheadLeft": 85.8879, "car_lcPushy": 0.8636, "car_lcSigma": 0.4449, "car_lcSpeedGainRight": 2.8106, "car_lcSublane": 0.6623, "car_sigma": 0.9036, "car_tau_mean": 3.1769, "car_tau_std": 9.0785, "car_v_mean": 21.1807, "car_v_std": 7.9736}, "datetime": {"datetime": "2024-08-11 18:37:56", "elapsed": 3347.174411, "delta": 2.727221}}
{"target": -0.3557347026074416, "params": {"bus_acc": 1.7314, "bus_dcc": 1.9493, "bus_lcAssertive": 13.3742, "bus_lcCooperative": 0.3051, "bus_lcLookaheadLeft": 98.2603, "bus_lcPushy": 0.6181, "bus_lcSigma": 0.9638, "bus_lcSpeedGainRight": 0.5236, "bus_lcSublane": 0.6327, "bus_sigma": 0.9945, "bus_tau_mean": 2.8165, "bus_tau_std": 9.9899, "bus_v_mean": 9.0003, "bus_v_std": 19.7707, "car_acc": 2.1823, "car_dcc": 2.2217, "car_lcAssertive": 99.3694, "car_lcCooperative": 0.2767, "car_lcLookaheadLeft": 56.9893, "car_lcPushy": 0.3243, "car_lcSigma": 0.1411, "car_lcSpeedGainRight": 1.7246, "car_lcSublane": 0.0616, "car_sigma": 0.8804, "car_tau_mean": 3.7635, "car_tau_std": 7.0693, "car_v_mean": 24.3478, "car_v_std": 7.7559}, "datetime": {"datetime": "2024-08-11 18:38:00", "elapsed": 3350.861889, "delta": 3.687478}}
{"target": -0.44083661837278476, "params": {"bus_acc": 2.1786, "bus_dcc": 2.514, "bus_lcAssertive": 68.1186, "bus_lcCooperative": 0.8084, "bus_lcLookaheadLeft": 93.0429, "bus_lcPushy": 0.513, "bus_lcSigma": 0.1225, "bus_lcSpeedGainRight": 4.6085, "bus_lcSublane": 0.0865, "bus_sigma": 0.7381, "bus_tau_mean": 2.9499, "bus_tau_std": 1.6389, "bus_v_mean": 19.9623, "bus_v_std": 15.3304, "car_acc": 2.1149, "car_dcc": 3.0077, "car_lcAssertive": 10.1932, "car_lcCooperative": 0.2439, "car_lcLookaheadLeft": 96.7019, "car_lcPushy": 0.5045, "car_lcSigma": 0.8465, "car_lcSpeedGainRight": 4.0044, "car_lcSublane": 0.6079, "car_sigma": 0.6165, "car_tau_mean": 1.8257, "car_tau_std": 6.6414, "car_v_mean": 25.525, "car_v_std": 9.1825}, "datetime": {"datetime": "2024-08-11 18:38:08", "elapsed": 3359.216536, "delta": 8.354647}}
{"target": -0.3850488073638168, "params": {"bus_acc": 3.8287, "bus_dcc": 3.2707, "bus_lcAssertive": 47.2111, "bus_lcCooperative": 0.5071, "bus_lcLookaheadLeft": 79.1481, "bus_lcPushy": 0.1007, "bus_lcSigma": 0.2069, "bus_lcSpeedGainRight": 2.3267, "bus_lcSublane": 0.1672, "bus_sigma": 0.0873, "bus_tau_mean": 0.6517, "bus_tau_std": 1.9269, "bus_v_mean": 23.3715, "bus_v_std": 7.5899, "car_acc": 3.321, "car_dcc": 2.4329, "car_lcAssertive": 68.0556, "car_lcCooperative": 0.8233, "car_lcLookaheadLeft": 55.0756, "car_lcPushy": 0.7244, "car_lcSigma": 0.696, "car_lcSpeedGainRight": 0.8831, "car_lcSublane": 0.1518, "car_sigma": 0.3043, "car_tau_mean": 2.3392, "car_tau_std": 9.0662, "car_v_mean": 20.3129, "car_v_std": 11.6734}, "datetime": {"datetime": "2024-08-11 18:38:11", "elapsed": 3362.330132, "delta": 3.113596}}
{"target": -0.3867675392296024, "params": {"bus_acc": 3.8774, "bus_dcc": 1.0743, "bus_lcAssertive": 13.1297, "bus_lcCooperative": 0.2901, "bus_lcLookaheadLeft": 14.919, "bus_lcPushy": 0.3278, "bus_lcSigma": 0.5655, "bus_lcSpeedGainRight": 1.6901, "bus_lcSublane": 0.133, "bus_sigma": 0.0469, "bus_tau_mean": 2.7777, "bus_tau_std": 8.4941, "bus_v_mean": 19.3691, "bus_v_std": 6.6087, "car_acc": 2.7084, "car_dcc": 3.9189, "car_lcAssertive": 39.9644, "car_lcCooperative": 0.7049, "car_lcLookaheadLeft": 75.0763, "car_lcPushy": 0.6339, "car_lcSigma": 0.5913, "car_lcSpeedGainRight": 0.9405, "car_lcSublane": 0.5345, "car_sigma": 0.0032, "car_tau_mean": 1.2785, "car_tau_std": 3.2532, "car_v_mean": 15.5955, "car_v_std": 7.5035}, "datetime": {"datetime": "2024-08-11 18:38:14", "elapsed": 3365.510767, "delta": 3.180635}}
{"target": -0.32456262778121486, "params": {"bus_acc": 2.0134, "bus_dcc": 2.0369, "bus_lcAssertive": 70.8147, "bus_lcCooperative": 0.6207, "bus_lcLookaheadLeft": 12.3447, "bus_lcPushy": 0.8736, "bus_lcSigma": 0.7689, "bus_lcSpeedGainRight": 2.1314, "bus_lcSublane": 0.0951, "bus_sigma": 0.546, "bus_tau_mean": 1.0552, "bus_tau_std": 5.6715, "bus_v_mean": 23.7663, "bus_v_std": 7.652, "car_acc": 2.7019, "car_dcc": 1.9499, "car_lcAssertive": 70.0872, "car_lcCooperative": 0.2704, "car_lcLookaheadLeft": 20.5499, "car_lcPushy": 0.6716, "car_lcSigma": 0.1572, "car_lcSpeedGainRight": 3.6588, "car_lcSublane": 0.3645, "car_sigma": 0.1264, "car_tau_mean": 0.5195, "car_tau_std": 1.319, "car_v_mean": 18.4666, "car_v_std": 2.8202}, "datetime": {"datetime": "2024-08-11 18:38:18", "elapsed": 3368.704882, "delta": 3.194115}}
{"target": -0.5094011865884336, "params": {"bus_acc": 1.2446, "bus_dcc": 0.3607, "bus_lcAssertive": 33.7056, "bus_lcCooperative": 0.1869, "bus_lcLookaheadLeft": 26.714, "bus_lcPushy": 0.5529, "bus_lcSigma": 0.8335, "bus_lcSpeedGainRight": 3.1086, "bus_lcSublane": 0.3168, "bus_sigma": 0.7965, "bus_tau_mean": 3.8746, "bus_tau_std": 3.8209, "bus_v_mean": 21.0658, "bus_v_std": 15.3301, "car_acc": 2.1955, "car_dcc": 1.2257, "car_lcAssertive": 39.047, "car_lcCooperative": 0.5343, "car_lcLookaheadLeft": 90.3271, "car_lcPushy": 0.7697, "car_lcSigma": 0.9953, "car_lcSpeedGainRight": 0.2203, "car_lcSublane": 0.9394, "car_sigma": 0.4513, "car_tau_mean": 3.3394, "car_tau_std": 2.0592, "car_v_mean": 11.6741, "car_v_std": 4.4825}, "datetime": {"datetime": "2024-08-11 18:38:22", "elapsed": 3372.795125, "delta": 4.090243}}
{"target": -0.3054894610363786, "params": {"bus_acc": 0.772, "bus_dcc": 2.7032, "bus_lcAssertive": 82.0582, "bus_lcCooperative": 0.0264, "bus_lcLookaheadLeft": 82.4972, "bus_lcPushy": 0.1379, "bus_lcSigma": 0.8869, "bus_lcSpeedGainRight": 2.8228, "bus_lcSublane": 0.4779, "bus_sigma": 0.8569, "bus_tau_mean": 3.1644, "bus_tau_std": 5.1057, "bus_v_mean": 25.1899, "bus_v_std": 11.3689, "car_acc": 3.1324, "car_dcc": 3.3801, "car_lcAssertive": 53.824, "car_lcCooperative": 0.2441, "car_lcLookaheadLeft": 87.4784, "car_lcPushy": 0.5889, "car_lcSigma": 0.106, "car_lcSpeedGainRight": 4.3836, "car_lcSublane": 0.7572, "car_sigma": 0.6825, "car_tau_mean": 3.811, "car_tau_std": 8.464, "car_v_mean": 10.9544, "car_v_std": 17.5703}, "datetime": {"datetime": "2024-08-11 18:38:28", "elapsed": 3379.346528, "delta": 6.551403}}
{"target": -0.363461832215166, "params": {"bus_acc": 3.5986, "bus_dcc": 2.1941, "bus_lcAssertive": 83.319, "bus_lcCooperative": 0.8717, "bus_lcLookaheadLeft": 68.0239, "bus_lcPushy": 0.2962, "bus_lcSigma": 0.6426, "bus_lcSpeedGainRight": 2.2837, "bus_lcSublane": 0.7266, "bus_sigma": 0.8904, "bus_tau_mean": 1.8906, "bus_tau_std": 0.4293, "bus_v_mean": 22.0249, "bus_v_std": 1.1784, "car_acc": 1.6288, "car_dcc": 3.0364, "car_lcAssertive": 7.3267, "car_lcCooperative": 0.7881, "car_lcLookaheadLeft": 21.346, "car_lcPushy": 0.6165, "car_lcSigma": 0.7193, "car_lcSpeedGainRight": 3.7596, "car_lcSublane": 0.9687, "car_sigma": 0.2481, "car_tau_mean": 2.6454, "car_tau_std": 4.535, "car_v_mean": 14.8451, "car_v_std": 3.1192}, "datetime": {"datetime": "2024-08-11 18:38:32", "elapsed": 3383.026726, "delta": 3.680198}}
{"target": -0.3446647622953227, "params": {"bus_acc": 0.9703, "bus_dcc": 2.6069, "bus_lcAssertive": 43.1283, "bus_lcCooperative": 0.5812, "bus_lcLookaheadLeft": 8.7068, "bus_lcPushy": 0.0287, "bus_lcSigma": 0.2494, "bus_lcSpeedGainRight": 0.3824, "bus_lcSublane": 0.4235, "bus_sigma": 0.5104, "bus_tau_mean": 2.9991, "bus_tau_std": 9.4431, "bus_v_mean": 12.9322, "bus_v_std": 13.6885, "car_acc": 1.677, "car_dcc": 3.6788, "car_lcAssertive": 68.1066, "car_lcCooperative": 0.522, "car_lcLookaheadLeft": 41.1875, "car_lcPushy": 0.393, "car_lcSigma": 0.9449, "car_lcSpeedGainRight": 0.2633, "car_lcSublane": 0.3512, "car_sigma": 0.1516, "car_tau_mean": 2.137, "car_tau_std": 1.8043, "car_v_mean": 13.2874, "car_v_std": 6.6264}, "datetime": {"datetime": "2024-08-11 18:38:35", "elapsed": 3386.402962, "delta": 3.376236}}
{"target": -0.40338179035771143, "params": {"bus_acc": 2.9848, "bus_dcc": 3.4187, "bus_lcAssertive": 97.2302, "bus_lcCooperative": 0.366, "bus_lcLookaheadLeft": 66.8219, "bus_lcPushy": 0.3322, "bus_lcSigma": 0.4151, "bus_lcSpeedGainRight": 1.7583, "bus_lcSublane": 0.5178, "bus_sigma": 0.9028, "bus_tau_mean": 1.4467, "bus_tau_std": 2.301, "bus_v_mean": 24.5541, "bus_v_std": 4.927, "car_acc": 1.2848, "car_dcc": 0.8307, "car_lcAssertive": 21.0785, "car_lcCooperative": 0.0134, "car_lcLookaheadLeft": 33.6739, "car_lcPushy": 0.9848, "car_lcSigma": 0.7329, "car_lcSpeedGainRight": 4.3636, "car_lcSublane": 0.8166, "car_sigma": 0.2236, "car_tau_mean": 3.3712, "car_tau_std": 2.1984, "car_v_mean": 19.0768, "car_v_std": 15.0147}, "datetime": {"datetime": "2024-08-11 18:38:40", "elapsed": 3390.881052, "delta": 4.47809}}
{"target": -0.2878690870640857, "params": {"bus_acc": 1.1058, "bus_dcc": 3.9489, "bus_lcAssertive": 80.2085, "bus_lcCooperative": 0.0445, "bus_lcLookaheadLeft": 63.1838, "bus_lcPushy": 0.3245, "bus_lcSigma": 0.7044, "bus_lcSpeedGainRight": 1.5038, "bus_lcSublane": 0.2391, "bus_sigma": 0.8251, "bus_tau_mean": 1.6635, "bus_tau_std": 8.9146, "bus_v_mean": 25.0585, "bus_v_std": 19.7279, "car_acc": 3.8338, "car_dcc": 2.2525, "car_lcAssertive": 62.0793, "car_lcCooperative": 0.5966, "car_lcLookaheadLeft": 68.8211, "car_lcPushy": 0.9233, "car_lcSigma": 0.7451, "car_lcSpeedGainRight": 2.1188, "car_lcSublane": 0.2943, "car_sigma": 0.3891, "car_tau_mean": 2.7162, "car_tau_std": 9.6089, "car_v_mean": 22.1516, "car_v_std": 8.1034}, "datetime": {"datetime": "2024-08-11 18:38:44", "elapsed": 3394.754073, "delta": 3.873021}}
{"target": -0.6671285409260022, "params": {"bus_acc": 0.9676, "bus_dcc": 0.9658, "bus_lcAssertive": 22.8347, "bus_lcCooperative": 0.4141, "bus_lcLookaheadLeft": 94.4025, "bus_lcPushy": 0.0055, "bus_lcSigma": 0.3893, "bus_lcSpeedGainRight": 4.9328, "bus_lcSublane": 0.4286, "bus_sigma": 0.5981, "bus_tau_mean": 3.8462, "bus_tau_std": 0.4922, "bus_v_mean": 15.8152, "bus_v_std": 19.5772, "car_acc": 3.0667, "car_dcc": 3.2436, "car_lcAssertive": 76.4383, "car_lcCooperative": 0.7246, "car_lcLookaheadLeft": 90.5754, "car_lcPushy": 0.1761, "car_lcSigma": 0.0035, "car_lcSpeedGainRight": 0.0267, "car_lcSublane": 0.2619, "car_sigma": 0.5852, "car_tau_mean": 2.9458, "car_tau_std": 8.4493, "car_v_mean": 22.3177, "car_v_std": 13.37}, "datetime": {"datetime": "2024-08-11 18:38:50", "elapsed": 3401.505092, "delta": 6.751019}}
{"target": -0.3690118350356701, "params": {"bus_acc": 0.7059, "bus_dcc": 0.7134, "bus_lcAssertive": 89.8096, "bus_lcCooperative": 0.2396, "bus_lcLookaheadLeft": 32.096, "bus_lcPushy": 0.2147, "bus_lcSigma": 0.2296, "bus_lcSpeedGainRight": 4.3144, "bus_lcSublane": 0.0253, "bus_sigma": 0.4016, "bus_tau_mean": 1.0771, "bus_tau_std": 2.3857, "bus_v_mean": 9.8152, "bus_v_std": 18.016, "car_acc": 1.0934, "car_dcc": 2.1334, "car_lcAssertive": 56.0207, "car_lcCooperative": 0.1078, "car_lcLookaheadLeft": 73.8964, "car_lcPushy": 0.2901, "car_lcSigma": 0.0182, "car_lcSpeedGainRight": 4.7231, "car_lcSublane": 0.6661, "car_sigma": 0.9059, "car_tau_mean": 3.3501, "car_tau_std": 3.9634, "car_v_mean": 10.279, "car_v_std": 8.1675}, "datetime": {"datetime": "2024-08-11 18:38:54", "elapsed": 3405.23709, "delta": 3.731998}}
{"target": -0.39443170341001976, "params": {"bus_acc": 0.8382, "bus_dcc": 2.0487, "bus_lcAssertive": 8.4443, "bus_lcCooperative": 0.6507, "bus_lcLookaheadLeft": 52.8492, "bus_lcPushy": 0.1496, "bus_lcSigma": 0.234, "bus_lcSpeedGainRight": 0.4251, "bus_lcSublane": 0.7299, "bus_sigma": 0.2285, "bus_tau_mean": 2.7859, "bus_tau_std": 3.6568, "bus_v_mean": 25.8806, "bus_v_std": 14.2624, "car_acc": 0.7384, "car_dcc": 1.0416, "car_lcAssertive": 41.4936, "car_lcCooperative": 0.5584, "car_lcLookaheadLeft": 37.2186, "car_lcPushy": 0.6453, "car_lcSigma": 0.2608, "car_lcSpeedGainRight": 1.6167, "car_lcSublane": 0.5893, "car_sigma": 0.1204, "car_tau_mean": 3.2562, "car_tau_std": 9.855, "car_v_mean": 25.5756, "car_v_std": 19.9616}, "datetime": {"datetime": "2024-08-11 18:39:03", "elapsed": 3414.229962, "delta": 8.992872}}
{"target": -0.3417107874789698, "params": {"bus_acc": 2.6102, "bus_dcc": 0.7351, "bus_lcAssertive": 79.2511, "bus_lcCooperative": 0.7069, "bus_lcLookaheadLeft": 89.6239, "bus_lcPushy": 0.2122, "bus_lcSigma": 0.8051, "bus_lcSpeedGainRight": 4.1405, "bus_lcSublane": 0.212, "bus_sigma": 0.8801, "bus_tau_mean": 2.7868, "bus_tau_std": 1.3238, "bus_v_mean": 11.8485, "bus_v_std": 19.3882, "car_acc": 0.8278, "car_dcc": 2.966, "car_lcAssertive": 29.871, "car_lcCooperative": 0.8121, "car_lcLookaheadLeft": 77.4549, "car_lcPushy": 0.7537, "car_lcSigma": 0.9306, "car_lcSpeedGainRight": 1.5475, "car_lcSublane": 0.4593, "car_sigma": 0.0721, "car_tau_mean": 0.6867, "car_tau_std": 7.2144, "car_v_mean": 21.3208, "car_v_std": 3.1396}, "datetime": {"datetime": "2024-08-11 18:39:07", "elapsed": 3418.394693, "delta": 4.164731}}
{"target": -0.4016963692757131, "params": {"bus_acc": 2.9783, "bus_dcc": 2.7525, "bus_lcAssertive": 92.8584, "bus_lcCooperative": 0.7889, "bus_lcLookaheadLeft": 33.1468, "bus_lcPushy": 0.5358, "bus_lcSigma": 0.4917, "bus_lcSpeedGainRight": 0.6142, "bus_lcSublane": 0.8737, "bus_sigma": 0.6252, "bus_tau_mean": 2.2889, "bus_tau_std": 6.2612, "bus_v_mean": 8.095, "bus_v_std": 6.5888, "car_acc": 3.3987, "car_dcc": 3.9502, "car_lcAssertive": 86.2389, "car_lcCooperative": 0.8009, "car_lcLookaheadLeft": 4.1859, "car_lcPushy": 0.0262, "car_lcSigma": 0.7812, "car_lcSpeedGainRight": 4.7123, "car_lcSublane": 0.6269, "car_sigma": 0.564, "car_tau_mean": 0.8064, "car_tau_std": 6.5614, "car_v_mean": 17.5929, "car_v_std": 8.6711}, "datetime": {"datetime": "2024-08-11 18:39:13", "elapsed": 3424.212293, "delta": 5.8176}}
{"target": -0.30500921974301676, "params": {"bus_acc": 1.1148, "bus_dcc": 1.6526, "bus_lcAssertive": 87.9551, "bus_lcCooperative": 0.4301, "bus_lcLookaheadLeft": 41.2501, "bus_lcPushy": 0.4426, "bus_lcSigma": 0.8954, "bus_lcSpeedGainRight": 0.6983, "bus_lcSublane": 0.471, "bus_sigma": 0.2379, "bus_tau_mean": 3.5954, "bus_tau_std": 4.9053, "bus_v_mean": 23.9765, "bus_v_std": 9.9752, "car_acc": 3.4538, "car_dcc": 3.9075, "car_lcAssertive": 68.3725, "car_lcCooperative": 0.2893, "car_lcLookaheadLeft": 70.1832, "car_lcPushy": 0.144, "car_lcSigma": 0.1743, "car_lcSpeedGainRight": 2.2719, "car_lcSublane": 0.431, "car_sigma": 0.4945, "car_tau_mean": 1.5721, "car_tau_std": 6.8988, "car_v_mean": 13.8534, "car_v_std": 18.97}, "datetime": {"datetime": "2024-08-11 18:39:18", "elapsed": 3428.674738, "delta": 4.462445}}
{"target": -0.44973866511509447, "params": {"bus_acc": 3.9391, "bus_dcc": 1.6221, "bus_lcAssertive": 83.2636, "bus_lcCooperative": 0.8812, "bus_lcLookaheadLeft": 21.4958, "bus_lcPushy": 0.8609, "bus_lcSigma": 0.2748, "bus_lcSpeedGainRight": 0.5174, "bus_lcSublane": 0.1814, "bus_sigma": 0.8355, "bus_tau_mean": 2.8143, "bus_tau_std": 6.6602, "bus_v_mean": 22.2617, "bus_v_std": 17.6753, "car_acc": 1.8561, "car_dcc": 0.6905, "car_lcAssertive": 32.6693, "car_lcCooperative": 0.3471, "car_lcLookaheadLeft": 31.1536, "car_lcPushy": 0.3595, "car_lcSigma": 0.6362, "car_lcSpeedGainRight": 3.035, "car_lcSublane": 0.9098, "car_sigma": 0.5961, "car_tau_mean": 0.9926, "car_tau_std": 1.5453, "car_v_mean": 12.1254, "car_v_std": 12.769}, "datetime": {"datetime": "2024-08-11 18:39:22", "elapsed": 3432.680545, "delta": 4.005807}}
{"target": -0.3231967328122134, "params": {"bus_acc": 0.3501, "bus_dcc": 1.0181, "bus_lcAssertive": 7.839, "bus_lcCooperative": 0.6278, "bus_lcLookaheadLeft": 16.0161, "bus_lcPushy": 0.2058, "bus_lcSigma": 0.7069, "bus_lcSpeedGainRight": 2.4122, "bus_lcSublane": 0.0802, "bus_sigma": 0.3189, "bus_tau_mean": 3.9946, "bus_tau_std": 2.5736, "bus_v_mean": 10.5878, "bus_v_std": 4.9474, "car_acc": 3.8223, "car_dcc": 2.799, "car_lcAssertive": 11.6617, "car_lcCooperative": 0.635, "car_lcLookaheadLeft": 35.6561, "car_lcPushy": 0.7849, "car_lcSigma": 0.6007, "car_lcSpeedGainRight": 0.8461, "car_lcSublane": 0.5681, "car_sigma": 0.8497, "car_tau_mean": 0.8654, "car_tau_std": 6.3903, "car_v_mean": 9.1272, "car_v_std": 7.449}, "datetime": {"datetime": "2024-08-11 18:39:27", "elapsed": 3438.228102, "delta": 5.547557}}
{"target": -0.4131830844455142, "params": {"bus_acc": 3.2054, "bus_dcc": 0.5739, "bus_lcAssertive": 27.8566, "bus_lcCooperative": 0.8578, "bus_lcLookaheadLeft": 21.2782, "bus_lcPushy": 0.8098, "bus_lcSigma": 0.3314, "bus_lcSpeedGainRight": 2.5537, "bus_lcSublane": 0.8029, "bus_sigma": 0.2502, "bus_tau_mean": 2.8945, "bus_tau_std": 3.6133, "bus_v_mean": 11.497, "bus_v_std": 4.06, "car_acc": 3.6333, "car_dcc": 0.4713, "car_lcAssertive": 42.4563, "car_lcCooperative": 0.8244, "car_lcLookaheadLeft": 44.8444, "car_lcPushy": 0.9407, "car_lcSigma": 0.2525, "car_lcSpeedGainRight": 2.4452, "car_lcSublane": 0.6949, "car_sigma": 0.1214, "car_tau_mean": 3.4386, "car_tau_std": 5.7009, "car_v_mean": 24.6579, "car_v_std": 2.9278}, "datetime": {"datetime": "2024-08-11 18:39:32", "elapsed": 3442.70132, "delta": 4.473218}}
