{"target": -0.37348547620386396, "params": {"bus_acc": 3.3092, "bus_dcc": 1.4883, "bus_lcAssertive": 58.1337, "bus_lcCooperative": 0.2225, "bus_lcLookaheadLeft": 57.4359, "bus_lcPushy": 0.1551, "bus_lcSigma": 0.404, "bus_lcSpeedGainRight": 4.6995, "bus_lcSublane": 0.6897, "bus_sigma": 0.209, "bus_tau_mean": 1.9222, "bus_tau_std": 5.1428, "bus_v_mean": 8.3006, "bus_v_std": 16.8257, "car_acc": 2.1627, "car_dcc": 2.8563, "car_lcAssertive": 51.1914, "car_lcCooperative": 0.916, "car_lcLookaheadLeft": 84.7243, "car_lcPushy": 0.6117, "car_lcSigma": 0.1328, "car_lcSpeedGainRight": 2.7806, "car_lcSublane": 0.7945, "car_sigma": 0.3783, "car_tau_mean": 1.6636, "car_tau_std": 3.4687, "car_v_mean": 12.3473, "car_v_std": 12.5049}, "datetime": {"datetime": "2024-08-11 20:05:27", "elapsed": 8598.091808, "delta": 5.505749}}
{"target": -0.5175556767281381, "params": {"bus_acc": 3.3666, "bus_dcc": 1.1526, "bus_lcAssertive": 8.8208, "bus_lcCooperative": 0.8134, "bus_lcLookaheadLeft": 88.3982, "bus_lcPushy": 0.978, "bus_lcSigma": 0.4629, "bus_lcSpeedGainRight": 0.29, "bus_lcSublane": 0.84, "bus_sigma": 0.4681, "bus_tau_mean": 1.463, "bus_tau_std": 9.8041, "bus_v_mean": 13.8254, "bus_v_std": 10.6783, "car_acc": 3.1135, "car_dcc": 0.2419, "car_lcAssertive": 80.8244, "car_lcCooperative": 0.5694, "car_lcLookaheadLeft": 12.3702, "car_lcPushy": 0.2654, "car_lcSigma": 0.7642, "car_lcSpeedGainRight": 3.5488, "car_lcSublane": 0.3362, "car_sigma": 0.2382, "car_tau_mean": 1.8387, "car_tau_std": 6.1972, "car_v_mean": 8.6124, "car_v_std": 14.623}, "datetime": {"datetime": "2024-08-11 20:05:37", "elapsed": 8608.452723, "delta": 10.360915}}
{"target": -0.38303822786067593, "params": {"bus_acc": 1.1029, "bus_dcc": 3.0874, "bus_lcAssertive": 94.2883, "bus_lcCooperative": 0.8928, "bus_lcLookaheadLeft": 20.335, "bus_lcPushy": 0.2096, "bus_lcSigma": 0.3706, "bus_lcSpeedGainRight": 4.4213, "bus_lcSublane": 0.757, "bus_sigma": 0.4623, "bus_tau_mean": 2.0381, "bus_tau_std": 9.4355, "bus_v_mean": 15.801, "bus_v_std": 0.7729, "car_acc": 1.8783, "car_dcc": 0.8407, "car_lcAssertive": 89.2739, "car_lcCooperative": 0.7513, "car_lcLookaheadLeft": 86.0199, "car_lcPushy": 0.2364, "car_lcSigma": 0.6529, "car_lcSpeedGainRight": 4.8533, "car_lcSublane": 0.802, "car_sigma": 0.8641, "car_tau_mean": 2.6912, "car_tau_std": 1.5132, "car_v_mean": 20.5537, "car_v_std": 17.1454}, "datetime": {"datetime": "2024-08-11 20:05:48", "elapsed": 8619.407272, "delta": 10.954549}}
{"target": -0.3642303400725602, "params": {"bus_acc": 3.8423, "bus_dcc": 2.1063, "bus_lcAssertive": 58.4125, "bus_lcCooperative": 0.4333, "bus_lcLookaheadLeft": 94.7863, "bus_lcPushy": 0.1988, "bus_lcSigma": 0.2869, "bus_lcSpeedGainRight": 2.3215, "bus_lcSublane": 0.6117, "bus_sigma": 0.7117, "bus_tau_mean": 1.3757, "bus_tau_std": 1.035, "bus_v_mean": 12.0663, "bus_v_std": 17.935, "car_acc": 2.8648, "car_dcc": 0.4554, "car_lcAssertive": 55.5851, "car_lcCooperative": 0.2917, "car_lcLookaheadLeft": 50.1191, "car_lcPushy": 0.7694, "car_lcSigma": 0.5178, "car_lcSpeedGainRight": 1.9055, "car_lcSublane": 0.2826, "car_sigma": 0.4462, "car_tau_mean": 2.9809, "car_tau_std": 1.3245, "car_v_mean": 24.9488, "car_v_std": 4.0556}, "datetime": {"datetime": "2024-08-11 20:05:54", "elapsed": 8624.948387, "delta": 5.541115}}
{"target": -0.4424698646370542, "params": {"bus_acc": 3.6329, "bus_dcc": 2.2258, "bus_lcAssertive": 61.3077, "bus_lcCooperative": 0.7178, "bus_lcLookaheadLeft": 96.9318, "bus_lcPushy": 0.4561, "bus_lcSigma": 0.3615, "bus_lcSpeedGainRight": 4.4005, "bus_lcSublane": 0.8891, "bus_sigma": 0.5973, "bus_tau_mean": 1.3009, "bus_tau_std": 8.5392, "bus_v_mean": 8.729, "bus_v_std": 7.574, "car_acc": 2.1902, "car_dcc": 3.0039, "car_lcAssertive": 17.1143, "car_lcCooperative": 0.5563, "car_lcLookaheadLeft": 56.614, "car_lcPushy": 0.932, "car_lcSigma": 0.0176, "car_lcSpeedGainRight": 1.0629, "car_lcSublane": 0.9815, "car_sigma": 0.4431, "car_tau_mean": 0.7666, "car_tau_std": 5.8654, "car_v_mean": 8.8705, "car_v_std": 4.5749}, "datetime": {"datetime": "2024-08-11 20:06:00", "elapsed": 8630.86821, "delta": 5.919823}}
{"target": -0.6174301623333814, "params": {"bus_acc": 2.4481, "bus_dcc": 1.5603, "bus_lcAssertive": 94.3091, "bus_lcCooperative": 0.873, "bus_lcLookaheadLeft": 39.5072, "bus_lcPushy": 0.335, "bus_lcSigma": 0.4406, "bus_lcSpeedGainRight": 0.1002, "bus_lcSublane": 0.2932, "bus_sigma": 0.2888, "bus_tau_mean": 2.5589, "bus_tau_std": 2.768, "bus_v_mean": 10.2659, "bus_v_std": 16.1604, "car_acc": 1.3862, "car_dcc": 0.5574, "car_lcAssertive": 36.011, "car_lcCooperative": 0.4085, "car_lcLookaheadLeft": 45.2876, "car_lcPushy": 0.7155, "car_lcSigma": 0.1522, "car_lcSpeedGainRight": 4.7002, "car_lcSublane": 0.1012, "car_sigma": 0.2675, "car_tau_mean": 1.747, "car_tau_std": 0.1725, "car_v_mean": 11.6752, "car_v_std": 18.108}, "datetime": {"datetime": "2024-08-11 20:06:06", "elapsed": 8636.818891, "delta": 5.950681}}
{"target": -0.4038244282367565, "params": {"bus_acc": 0.5613, "bus_dcc": 1.6731, "bus_lcAssertive": 89.7145, "bus_lcCooperative": 0.4215, "bus_lcLookaheadLeft": 18.5659, "bus_lcPushy": 0.2959, "bus_lcSigma": 0.8974, "bus_lcSpeedGainRight": 2.0222, "bus_lcSublane": 0.6129, "bus_sigma": 0.5039, "bus_tau_mean": 2.2223, "bus_tau_std": 3.0346, "bus_v_mean": 25.6994, "bus_v_std": 9.852, "car_acc": 2.9812, "car_dcc": 3.2347, "car_lcAssertive": 88.8936, "car_lcCooperative": 0.5268, "car_lcLookaheadLeft": 27.132, "car_lcPushy": 0.7239, "car_lcSigma": 0.7919, "car_lcSpeedGainRight": 0.6503, "car_lcSublane": 0.9195, "car_sigma": 0.7071, "car_tau_mean": 2.8708, "car_tau_std": 0.5996, "car_v_mean": 8.5123, "car_v_std": 11.2879}, "datetime": {"datetime": "2024-08-11 20:06:16", "elapsed": 8647.137952, "delta": 10.319061}}
{"target": -0.5151169406619873, "params": {"bus_acc": 1.8115, "bus_dcc": 1.5475, "bus_lcAssertive": 95.5855, "bus_lcCooperative": 0.1464, "bus_lcLookaheadLeft": 18.8433, "bus_lcPushy": 0.9075, "bus_lcSigma": 0.9544, "bus_lcSpeedGainRight": 4.0338, "bus_lcSublane": 0.5364, "bus_sigma": 0.9174, "bus_tau_mean": 2.2377, "bus_tau_std": 5.7239, "bus_v_mean": 9.0957, "bus_v_std": 5.8642, "car_acc": 0.7431, "car_dcc": 0.5926, "car_lcAssertive": 5.9023, "car_lcCooperative": 0.0717, "car_lcLookaheadLeft": 18.2354, "car_lcPushy": 0.1667, "car_lcSigma": 0.4444, "car_lcSpeedGainRight": 4.8132, "car_lcSublane": 0.021, "car_sigma": 0.8359, "car_tau_mean": 2.1655, "car_tau_std": 1.4788, "car_v_mean": 17.0362, "car_v_std": 9.8773}, "datetime": {"datetime": "2024-08-11 20:06:23", "elapsed": 8654.124216, "delta": 6.986264}}
{"target": -0.4076952644928151, "params": {"bus_acc": 1.4845, "bus_dcc": 1.8966, "bus_lcAssertive": 2.7758, "bus_lcCooperative": 0.6719, "bus_lcLookaheadLeft": 58.051, "bus_lcPushy": 0.7288, "bus_lcSigma": 0.5615, "bus_lcSpeedGainRight": 0.0412, "bus_lcSublane": 0.9022, "bus_sigma": 0.6552, "bus_tau_mean": 2.0348, "bus_tau_std": 3.8681, "bus_v_mean": 22.4037, "bus_v_std": 11.6959, "car_acc": 0.8621, "car_dcc": 0.7469, "car_lcAssertive": 11.8692, "car_lcCooperative": 0.52, "car_lcLookaheadLeft": 73.1654, "car_lcPushy": 0.104, "car_lcSigma": 0.0164, "car_lcSpeedGainRight": 3.8194, "car_lcSublane": 0.375, "car_sigma": 0.5384, "car_tau_mean": 3.307, "car_tau_std": 4.8139, "car_v_mean": 10.9704, "car_v_std": 17.5364}, "datetime": {"datetime": "2024-08-11 20:06:31", "elapsed": 8662.129957, "delta": 8.005741}}
{"target": -0.20069422374622892, "params": {"bus_acc": 0.8142, "bus_dcc": 2.1413, "bus_lcAssertive": 58.1938, "bus_lcCooperative": 0.8499, "bus_lcLookaheadLeft": 81.0822, "bus_lcPushy": 0.369, "bus_lcSigma": 0.8545, "bus_lcSpeedGainRight": 0.8914, "bus_lcSublane": 0.3544, "bus_sigma": 0.2365, "bus_tau_mean": 1.8144, "bus_tau_std": 6.7062, "bus_v_mean": 8.9987, "bus_v_std": 3.6753, "car_acc": 0.361, "car_dcc": 2.3981, "car_lcAssertive": 87.9584, "car_lcCooperative": 0.4137, "car_lcLookaheadLeft": 98.6415, "car_lcPushy": 0.362, "car_lcSigma": 0.9666, "car_lcSpeedGainRight": 2.5283, "car_lcSublane": 0.2822, "car_sigma": 0.5776, "car_tau_mean": 1.119, "car_tau_std": 8.5976, "car_v_mean": 19.6542, "car_v_std": 10.1565}, "datetime": {"datetime": "2024-08-11 20:06:41", "elapsed": 8671.82885, "delta": 9.698893}}
{"target": -0.3113477353097908, "params": {"bus_acc": 2.0259, "bus_dcc": 0.9442, "bus_lcAssertive": 91.0934, "bus_lcCooperative": 0.1845, "bus_lcLookaheadLeft": 8.3782, "bus_lcPushy": 0.9161, "bus_lcSigma": 0.4384, "bus_lcSpeedGainRight": 4.964, "bus_lcSublane": 0.9531, "bus_sigma": 0.4263, "bus_tau_mean": 3.9402, "bus_tau_std": 3.6224, "bus_v_mean": 16.1275, "bus_v_std": 2.4792, "car_acc": 0.5193, "car_dcc": 2.0018, "car_lcAssertive": 79.6969, "car_lcCooperative": 0.3402, "car_lcLookaheadLeft": 24.2448, "car_lcPushy": 0.3185, "car_lcSigma": 0.7618, "car_lcSpeedGainRight": 3.1544, "car_lcSublane": 0.3658, "car_sigma": 0.5344, "car_tau_mean": 1.9943, "car_tau_std": 6.1116, "car_v_mean": 20.2546, "car_v_std": 11.3801}, "datetime": {"datetime": "2024-08-11 20:06:47", "elapsed": 8678.435892, "delta": 6.607042}}
{"target": -0.40659704259339274, "params": {"bus_acc": 3.8317, "bus_dcc": 3.4249, "bus_lcAssertive": 3.5137, "bus_lcCooperative": 0.6263, "bus_lcLookaheadLeft": 89.2407, "bus_lcPushy": 0.7364, "bus_lcSigma": 0.4944, "bus_lcSpeedGainRight": 3.9871, "bus_lcSublane": 0.842, "bus_sigma": 0.7771, "bus_tau_mean": 3.5413, "bus_tau_std": 9.7322, "bus_v_mean": 13.0346, "bus_v_std": 14.1449, "car_acc": 2.7246, "car_dcc": 1.655, "car_lcAssertive": 74.955, "car_lcCooperative": 0.5636, "car_lcLookaheadLeft": 59.5197, "car_lcPushy": 0.2646, "car_lcSigma": 0.533, "car_lcSpeedGainRight": 1.9919, "car_lcSublane": 0.9991, "car_sigma": 0.7348, "car_tau_mean": 1.5375, "car_tau_std": 4.7631, "car_v_mean": 20.9753, "car_v_std": 0.1606}, "datetime": {"datetime": "2024-08-11 20:06:55", "elapsed": 8686.15026, "delta": 7.714368}}
{"target": -0.5658889211883706, "params": {"bus_acc": 0.8658, "bus_dcc": 0.7398, "bus_lcAssertive": 4.4296, "bus_lcCooperative": 0.974, "bus_lcLookaheadLeft": 64.8141, "bus_lcPushy": 0.331, "bus_lcSigma": 0.9082, "bus_lcSpeedGainRight": 0.2961, "bus_lcSublane": 0.9251, "bus_sigma": 0.9183, "bus_tau_mean": 2.8865, "bus_tau_std": 0.1927, "bus_v_mean": 25.1599, "bus_v_std": 7.0001, "car_acc": 3.1389, "car_dcc": 2.6204, "car_lcAssertive": 46.1024, "car_lcCooperative": 0.109, "car_lcLookaheadLeft": 36.9808, "car_lcPushy": 0.773, "car_lcSigma": 0.636, "car_lcSpeedGainRight": 3.1336, "car_lcSublane": 0.2893, "car_sigma": 0.3825, "car_tau_mean": 0.8204, "car_tau_std": 3.1843, "car_v_mean": 19.6807, "car_v_std": 4.5433}, "datetime": {"datetime": "2024-08-11 20:07:01", "elapsed": 8691.782405, "delta": 5.632145}}
{"target": -0.49411220849403176, "params": {"bus_acc": 1.8116, "bus_dcc": 0.8628, "bus_lcAssertive": 73.413, "bus_lcCooperative": 0.1963, "bus_lcLookaheadLeft": 14.6149, "bus_lcPushy": 0.3924, "bus_lcSigma": 0.9531, "bus_lcSpeedGainRight": 1.2971, "bus_lcSublane": 0.153, "bus_sigma": 0.307, "bus_tau_mean": 0.5927, "bus_tau_std": 2.8937, "bus_v_mean": 18.4204, "bus_v_std": 0.9815, "car_acc": 2.8701, "car_dcc": 0.5638, "car_lcAssertive": 17.8558, "car_lcCooperative": 0.642, "car_lcLookaheadLeft": 74.7341, "car_lcPushy": 0.0572, "car_lcSigma": 0.6134, "car_lcSpeedGainRight": 2.1517, "car_lcSublane": 0.9272, "car_sigma": 0.1993, "car_tau_mean": 3.1074, "car_tau_std": 6.8671, "car_v_mean": 10.7142, "car_v_std": 1.4808}, "datetime": {"datetime": "2024-08-11 20:07:06", "elapsed": 8697.375161, "delta": 5.592756}}
{"target": -0.5432809263007798, "params": {"bus_acc": 1.2804, "bus_dcc": 1.0011, "bus_lcAssertive": 4.4482, "bus_lcCooperative": 0.4565, "bus_lcLookaheadLeft": 86.1843, "bus_lcPushy": 0.1068, "bus_lcSigma": 0.2896, "bus_lcSpeedGainRight": 1.4801, "bus_lcSublane": 0.9596, "bus_sigma": 0.0156, "bus_tau_mean": 3.3675, "bus_tau_std": 8.0727, "bus_v_mean": 11.5967, "bus_v_std": 19.5961, "car_acc": 2.8624, "car_dcc": 3.2286, "car_lcAssertive": 64.9926, "car_lcCooperative": 0.9261, "car_lcLookaheadLeft": 88.454, "car_lcPushy": 0.4614, "car_lcSigma": 0.381, "car_lcSpeedGainRight": 0.932, "car_lcSublane": 0.2755, "car_sigma": 0.6275, "car_tau_mean": 1.2746, "car_tau_std": 3.8813, "car_v_mean": 22.2821, "car_v_std": 3.4767}, "datetime": {"datetime": "2024-08-11 20:07:12", "elapsed": 8703.200615, "delta": 5.825454}}
{"target": -0.38042388391103926, "params": {"bus_acc": 0.7276, "bus_dcc": 1.7652, "bus_lcAssertive": 97.5379, "bus_lcCooperative": 0.0884, "bus_lcLookaheadLeft": 29.9263, "bus_lcPushy": 0.1305, "bus_lcSigma": 0.6193, "bus_lcSpeedGainRight": 1.0091, "bus_lcSublane": 0.1259, "bus_sigma": 0.5909, "bus_tau_mean": 2.605, "bus_tau_std": 6.5615, "bus_v_mean": 9.935, "bus_v_std": 6.388, "car_acc": 2.9121, "car_dcc": 2.0781, "car_lcAssertive": 79.3712, "car_lcCooperative": 0.5141, "car_lcLookaheadLeft": 73.5359, "car_lcPushy": 0.6701, "car_lcSigma": 0.4082, "car_lcSpeedGainRight": 2.2279, "car_lcSublane": 0.9704, "car_sigma": 0.0814, "car_tau_mean": 1.5611, "car_tau_std": 8.121, "car_v_mean": 23.7059, "car_v_std": 19.9689}, "datetime": {"datetime": "2024-08-11 20:07:21", "elapsed": 8712.539386, "delta": 9.338771}}
{"target": -0.5021168238051396, "params": {"bus_acc": 2.9481, "bus_dcc": 0.921, "bus_lcAssertive": 68.4371, "bus_lcCooperative": 0.2555, "bus_lcLookaheadLeft": 35.6338, "bus_lcPushy": 0.5764, "bus_lcSigma": 0.2229, "bus_lcSpeedGainRight": 1.2351, "bus_lcSublane": 0.5734, "bus_sigma": 0.9705, "bus_tau_mean": 1.1375, "bus_tau_std": 3.4074, "bus_v_mean": 23.3106, "bus_v_std": 4.9012, "car_acc": 1.7561, "car_dcc": 0.2637, "car_lcAssertive": 13.8352, "car_lcCooperative": 0.7913, "car_lcLookaheadLeft": 28.806, "car_lcPushy": 0.6129, "car_lcSigma": 0.519, "car_lcSpeedGainRight": 0.8911, "car_lcSublane": 0.3248, "car_sigma": 0.7583, "car_tau_mean": 3.9005, "car_tau_std": 0.5531, "car_v_mean": 25.1621, "car_v_std": 9.9136}, "datetime": {"datetime": "2024-08-11 20:07:35", "elapsed": 8725.862513, "delta": 13.323127}}
{"target": -0.5317247422562267, "params": {"bus_acc": 3.5021, "bus_dcc": 3.7919, "bus_lcAssertive": 55.3604, "bus_lcCooperative": 0.1403, "bus_lcLookaheadLeft": 2.1082, "bus_lcPushy": 0.6558, "bus_lcSigma": 0.1347, "bus_lcSpeedGainRight": 3.0151, "bus_lcSublane": 0.629, "bus_sigma": 0.216, "bus_tau_mean": 1.3807, "bus_tau_std": 7.1946, "bus_v_mean": 17.3794, "bus_v_std": 7.6187, "car_acc": 0.8984, "car_dcc": 2.7249, "car_lcAssertive": 2.3469, "car_lcCooperative": 0.8138, "car_lcLookaheadLeft": 92.4668, "car_lcPushy": 0.3168, "car_lcSigma": 0.8824, "car_lcSpeedGainRight": 4.1578, "car_lcSublane": 0.2052, "car_sigma": 0.7977, "car_tau_mean": 3.7705, "car_tau_std": 8.3802, "car_v_mean": 11.7934, "car_v_std": 5.3664}, "datetime": {"datetime": "2024-08-11 20:07:40", "elapsed": 8731.497612, "delta": 5.635099}}
{"target": -0.41667838837045074, "params": {"bus_acc": 3.3619, "bus_dcc": 3.5105, "bus_lcAssertive": 78.0598, "bus_lcCooperative": 0.1433, "bus_lcLookaheadLeft": 38.5477, "bus_lcPushy": 0.2853, "bus_lcSigma": 0.5585, "bus_lcSpeedGainRight": 2.2736, "bus_lcSublane": 0.8406, "bus_sigma": 0.4579, "bus_tau_mean": 2.9419, "bus_tau_std": 5.0119, "bus_v_mean": 24.316, "bus_v_std": 16.8726, "car_acc": 1.8413, "car_dcc": 3.3079, "car_lcAssertive": 39.9749, "car_lcCooperative": 0.8231, "car_lcLookaheadLeft": 86.1498, "car_lcPushy": 0.0671, "car_lcSigma": 0.2813, "car_lcSpeedGainRight": 4.8023, "car_lcSublane": 0.9269, "car_sigma": 0.4929, "car_tau_mean": 1.5882, "car_tau_std": 4.9746, "car_v_mean": 14.1673, "car_v_std": 1.349}, "datetime": {"datetime": "2024-08-11 20:07:49", "elapsed": 8740.028745, "delta": 8.531133}}
{"target": -0.35680607377086293, "params": {"bus_acc": 1.9853, "bus_dcc": 3.1932, "bus_lcAssertive": 9.3399, "bus_lcCooperative": 0.2986, "bus_lcLookaheadLeft": 72.0786, "bus_lcPushy": 0.4967, "bus_lcSigma": 0.0328, "bus_lcSpeedGainRight": 1.5651, "bus_lcSublane": 0.8346, "bus_sigma": 0.4905, "bus_tau_mean": 0.5399, "bus_tau_std": 5.2917, "bus_v_mean": 23.2249, "bus_v_std": 6.0782, "car_acc": 0.3988, "car_dcc": 3.2837, "car_lcAssertive": 80.4917, "car_lcCooperative": 0.3068, "car_lcLookaheadLeft": 33.8608, "car_lcPushy": 0.8126, "car_lcSigma": 0.5583, "car_lcSpeedGainRight": 1.2565, "car_lcSublane": 0.2074, "car_sigma": 0.1365, "car_tau_mean": 2.0729, "car_tau_std": 3.6124, "car_v_mean": 15.7078, "car_v_std": 15.8412}, "datetime": {"datetime": "2024-08-11 20:07:55", "elapsed": 8746.571605, "delta": 6.54286}}
{"target": -0.4440216459086846, "params": {"bus_acc": 3.3136, "bus_dcc": 1.462, "bus_lcAssertive": 82.8085, "bus_lcCooperative": 0.4087, "bus_lcLookaheadLeft": 46.2013, "bus_lcPushy": 0.8297, "bus_lcSigma": 0.3543, "bus_lcSpeedGainRight": 4.3524, "bus_lcSublane": 0.9334, "bus_sigma": 0.5669, "bus_tau_mean": 3.8017, "bus_tau_std": 5.0294, "bus_v_mean": 15.1399, "bus_v_std": 3.7111, "car_acc": 3.3626, "car_dcc": 3.6638, "car_lcAssertive": 5.4769, "car_lcCooperative": 0.0335, "car_lcLookaheadLeft": 87.1469, "car_lcPushy": 0.2518, "car_lcSigma": 0.9875, "car_lcSpeedGainRight": 4.1711, "car_lcSublane": 0.7826, "car_sigma": 0.8994, "car_tau_mean": 1.5954, "car_tau_std": 9.8312, "car_v_mean": 17.6463, "car_v_std": 2.4603}, "datetime": {"datetime": "2024-08-11 20:08:01", "elapsed": 8752.419702, "delta": 5.848097}}
{"target": -0.39067225427620095, "params": {"bus_acc": 3.6608, "bus_dcc": 2.8377, "bus_lcAssertive": 34.9351, "bus_lcCooperative": 0.7961, "bus_lcLookaheadLeft": 67.0109, "bus_lcPushy": 0.5669, "bus_lcSigma": 0.3409, "bus_lcSpeedGainRight": 2.5508, "bus_lcSublane": 0.7686, "bus_sigma": 0.8889, "bus_tau_mean": 2.1844, "bus_tau_std": 7.1597, "bus_v_mean": 13.95, "bus_v_std": 16.2124, "car_acc": 2.266, "car_dcc": 1.9176, "car_lcAssertive": 53.5434, "car_lcCooperative": 0.3006, "car_lcLookaheadLeft": 44.375, "car_lcPushy": 0.784, "car_lcSigma": 0.2077, "car_lcSpeedGainRight": 0.1255, "car_lcSublane": 0.545, "car_sigma": 0.8253, "car_tau_mean": 0.5216, "car_tau_std": 0.3989, "car_v_mean": 24.5239, "car_v_std": 14.6315}, "datetime": {"datetime": "2024-08-11 20:08:14", "elapsed": 8765.347728, "delta": 12.928026}}
{"target": -0.4402448715543004, "params": {"bus_acc": 1.2419, "bus_dcc": 1.2721, "bus_lcAssertive": 80.3484, "bus_lcCooperative": 0.6657, "bus_lcLookaheadLeft": 39.8622, "bus_lcPushy": 0.5251, "bus_lcSigma": 0.4646, "bus_lcSpeedGainRight": 0.5778, "bus_lcSublane": 0.8257, "bus_sigma": 0.4021, "bus_tau_mean": 3.8695, "bus_tau_std": 3.5087, "bus_v_mean": 16.7555, "bus_v_std": 10.8705, "car_acc": 1.9574, "car_dcc": 0.9672, "car_lcAssertive": 17.4642, "car_lcCooperative": 0.9575, "car_lcLookaheadLeft": 50.5049, "car_lcPushy": 0.4831, "car_lcSigma": 0.5916, "car_lcSpeedGainRight": 4.4023, "car_lcSublane": 0.7935, "car_sigma": 0.2588, "car_tau_mean": 0.6788, "car_tau_std": 4.3649, "car_v_mean": 13.8073, "car_v_std": 12.0412}, "datetime": {"datetime": "2024-08-11 20:08:24", "elapsed": 8774.867748, "delta": 9.52002}}
{"target": -0.4608483699435146, "params": {"bus_acc": 2.3848, "bus_dcc": 1.2016, "bus_lcAssertive": 1.2577, "bus_lcCooperative": 0.8069, "bus_lcLookaheadLeft": 65.6524, "bus_lcPushy": 0.4481, "bus_lcSigma": 0.2895, "bus_lcSpeedGainRight": 1.268, "bus_lcSublane": 0.2212, "bus_sigma": 0.6268, "bus_tau_mean": 3.3254, "bus_tau_std": 5.5996, "bus_v_mean": 22.2735, "bus_v_std": 4.8708, "car_acc": 3.8401, "car_dcc": 2.4617, "car_lcAssertive": 69.4339, "car_lcCooperative": 0.9209, "car_lcLookaheadLeft": 17.7289, "car_lcPushy": 0.5086, "car_lcSigma": 0.3982, "car_lcSpeedGainRight": 1.8031, "car_lcSublane": 0.8941, "car_sigma": 0.9439, "car_tau_mean": 2.7283, "car_tau_std": 3.6681, "car_v_mean": 20.5829, "car_v_std": 14.0836}, "datetime": {"datetime": "2024-08-11 20:08:30", "elapsed": 8780.865587, "delta": 5.997839}}
{"target": -0.3305853164223023, "params": {"bus_acc": 0.6319, "bus_dcc": 1.1207, "bus_lcAssertive": 62.7662, "bus_lcCooperative": 0.306, "bus_lcLookaheadLeft": 38.0539, "bus_lcPushy": 0.9578, "bus_lcSigma": 0.8313, "bus_lcSpeedGainRight": 4.6636, "bus_lcSublane": 0.24, "bus_sigma": 0.4466, "bus_tau_mean": 3.5702, "bus_tau_std": 5.8612, "bus_v_mean": 16.9775, "bus_v_std": 1.4037, "car_acc": 1.5192, "car_dcc": 2.939, "car_lcAssertive": 93.7733, "car_lcCooperative": 0.5825, "car_lcLookaheadLeft": 26.9556, "car_lcPushy": 0.6221, "car_lcSigma": 0.6039, "car_lcSpeedGainRight": 0.8639, "car_lcSublane": 0.2629, "car_sigma": 0.2814, "car_tau_mean": 2.3793, "car_tau_std": 7.6121, "car_v_mean": 25.7094, "car_v_std": 1.2073}, "datetime": {"datetime": "2024-08-11 20:08:42", "elapsed": 8793.160429, "delta": 12.294842}}
{"target": -0.43302695025785715, "params": {"bus_acc": 2.4004, "bus_dcc": 2.9685, "bus_lcAssertive": 47.8888, "bus_lcCooperative": 0.2885, "bus_lcLookaheadLeft": 17.8353, "bus_lcPushy": 0.7534, "bus_lcSigma": 0.6702, "bus_lcSpeedGainRight": 0.1998, "bus_lcSublane": 0.9192, "bus_sigma": 0.1878, "bus_tau_mean": 3.3739, "bus_tau_std": 5.8365, "bus_v_mean": 14.7576, "bus_v_std": 19.4679, "car_acc": 1.3587, "car_dcc": 2.8807, "car_lcAssertive": 44.9231, "car_lcCooperative": 0.7511, "car_lcLookaheadLeft": 62.8736, "car_lcPushy": 0.8633, "car_lcSigma": 0.1698, "car_lcSpeedGainRight": 0.7448, "car_lcSublane": 0.9744, "car_sigma": 0.7382, "car_tau_mean": 1.4822, "car_tau_std": 1.6406, "car_v_mean": 17.6233, "car_v_std": 12.7557}, "datetime": {"datetime": "2024-08-11 20:08:53", "elapsed": 8804.186977, "delta": 11.026548}}
