{"target": -0.3660776726926698, "params": {"bus_acc": 3.6516, "bus_dcc": 3.6586, "bus_lcAssertive": 96.3734, "bus_lcCooperative": 0.116, "bus_lcLookaheadLeft": 96.1794, "bus_lcPushy": 0.1739, "bus_lcSigma": 0.4146, "bus_lcSpeedGainRight": 2.0622, "bus_lcSublane": 0.4726, "bus_sigma": 0.412, "bus_tau_mean": 0.7821, "bus_tau_std": 9.8035, "bus_v_mean": 13.6813, "bus_v_std": 13.4043, "car_acc": 2.385, "car_dcc": 1.7628, "car_lcAssertive": 20.6733, "car_lcCooperative": 0.9883, "car_lcLookaheadLeft": 53.5042, "car_lcPushy": 0.9051, "car_lcSigma": 0.9737, "car_lcSpeedGainRight": 0.7553, "car_lcSublane": 0.9552, "car_sigma": 0.3075, "car_tau_mean": 1.7325, "car_tau_std": 7.0793, "car_v_mean": 13.395, "car_v_std": 8.2735}, "datetime": {"datetime": "2024-08-11 18:51:20", "elapsed": 4150.968865, "delta": 4.36321}}
{"target": -0.32428185926150843, "params": {"bus_acc": 3.5309, "bus_dcc": 3.0477, "bus_lcAssertive": 29.3861, "bus_lcCooperative": 0.6041, "bus_lcLookaheadLeft": 75.9327, "bus_lcPushy": 0.4008, "bus_lcSigma": 0.3799, "bus_lcSpeedGainRight": 2.5607, "bus_lcSublane": 0.5756, "bus_sigma": 0.5912, "bus_tau_mean": 2.2227, "bus_tau_std": 8.7273, "bus_v_mean": 11.1123, "bus_v_std": 17.1837, "car_acc": 3.2854, "car_dcc": 1.6383, "car_lcAssertive": 75.9527, "car_lcCooperative": 0.8411, "car_lcLookaheadLeft": 49.7672, "car_lcPushy": 0.6997, "car_lcSigma": 0.7407, "car_lcSpeedGainRight": 3.4104, "car_lcSublane": 0.1055, "car_sigma": 0.0615, "car_tau_mean": 0.966, "car_tau_std": 0.7858, "car_v_mean": 24.298, "car_v_std": 0.4741}, "datetime": {"datetime": "2024-08-11 18:51:24", "elapsed": 4155.623119, "delta": 4.654254}}
{"target": -0.44468833389460194, "params": {"bus_acc": 2.6902, "bus_dcc": 3.1119, "bus_lcAssertive": 46.5169, "bus_lcCooperative": 0.0235, "bus_lcLookaheadLeft": 60.6001, "bus_lcPushy": 0.4204, "bus_lcSigma": 0.1486, "bus_lcSpeedGainRight": 4.0605, "bus_lcSublane": 0.8782, "bus_sigma": 0.7673, "bus_tau_mean": 3.3948, "bus_tau_std": 1.1262, "bus_v_mean": 21.0523, "bus_v_std": 19.3181, "car_acc": 1.5618, "car_dcc": 0.7963, "car_lcAssertive": 23.8209, "car_lcCooperative": 0.5766, "car_lcLookaheadLeft": 85.7218, "car_lcPushy": 0.74, "car_lcSigma": 0.7427, "car_lcSpeedGainRight": 2.0178, "car_lcSublane": 0.3265, "car_sigma": 0.1583, "car_tau_mean": 2.0203, "car_tau_std": 5.9912, "car_v_mean": 8.363, "car_v_std": 11.2679}, "datetime": {"datetime": "2024-08-11 18:51:29", "elapsed": 4160.598088, "delta": 4.974969}}
{"target": -0.37092597478898126, "params": {"bus_acc": 1.8685, "bus_dcc": 1.5316, "bus_lcAssertive": 99.4181, "bus_lcCooperative": 0.6003, "bus_lcLookaheadLeft": 69.5162, "bus_lcPushy": 0.5067, "bus_lcSigma": 0.6962, "bus_lcSpeedGainRight": 4.0507, "bus_lcSublane": 0.5681, "bus_sigma": 0.8098, "bus_tau_mean": 1.4158, "bus_tau_std": 1.7658, "bus_v_mean": 15.3621, "bus_v_std": 15.1549, "car_acc": 1.8119, "car_dcc": 1.079, "car_lcAssertive": 49.4899, "car_lcCooperative": 0.1403, "car_lcLookaheadLeft": 76.2104, "car_lcPushy": 0.3995, "car_lcSigma": 0.1553, "car_lcSpeedGainRight": 4.8513, "car_lcSublane": 0.3412, "car_sigma": 0.9829, "car_tau_mean": 0.7125, "car_tau_std": 8.481, "car_v_mean": 14.4192, "car_v_std": 11.5872}, "datetime": {"datetime": "2024-08-11 18:51:36", "elapsed": 4167.369596, "delta": 6.771508}}
{"target": -0.40627187291719413, "params": {"bus_acc": 1.6501, "bus_dcc": 1.4134, "bus_lcAssertive": 55.5333, "bus_lcCooperative": 0.277, "bus_lcLookaheadLeft": 94.9197, "bus_lcPushy": 0.8922, "bus_lcSigma": 0.0044, "bus_lcSpeedGainRight": 1.427, "bus_lcSublane": 0.9041, "bus_sigma": 0.7966, "bus_tau_mean": 2.5607, "bus_tau_std": 7.2524, "bus_v_mean": 15.1438, "bus_v_std": 9.3633, "car_acc": 1.013, "car_dcc": 3.8956, "car_lcAssertive": 74.6161, "car_lcCooperative": 0.2497, "car_lcLookaheadLeft": 82.7472, "car_lcPushy": 0.2059, "car_lcSigma": 0.6505, "car_lcSpeedGainRight": 2.2655, "car_lcSublane": 0.8844, "car_sigma": 0.2472, "car_tau_mean": 3.3122, "car_tau_std": 5.9673, "car_v_mean": 8.8973, "car_v_std": 11.4192}, "datetime": {"datetime": "2024-08-11 18:51:40", "elapsed": 4170.955028, "delta": 3.585432}}
{"target": -0.38290420731509195, "params": {"bus_acc": 2.6424, "bus_dcc": 1.8944, "bus_lcAssertive": 20.7887, "bus_lcCooperative": 0.0689, "bus_lcLookaheadLeft": 13.1201, "bus_lcPushy": 0.9789, "bus_lcSigma": 0.084, "bus_lcSpeedGainRight": 0.3779, "bus_lcSublane": 0.4686, "bus_sigma": 0.9641, "bus_tau_mean": 2.4859, "bus_tau_std": 1.9909, "bus_v_mean": 23.7617, "bus_v_std": 11.7742, "car_acc": 0.6825, "car_dcc": 0.8783, "car_lcAssertive": 36.2201, "car_lcCooperative": 0.3541, "car_lcLookaheadLeft": 11.7811, "car_lcPushy": 0.9501, "car_lcSigma": 0.3918, "car_lcSpeedGainRight": 1.9284, "car_lcSublane": 0.8932, "car_sigma": 0.9842, "car_tau_mean": 3.2492, "car_tau_std": 4.6948, "car_v_mean": 12.7267, "car_v_std": 18.974}, "datetime": {"datetime": "2024-08-11 18:51:46", "elapsed": 4176.675975, "delta": 5.720947}}
{"target": -0.5086624970020727, "params": {"bus_acc": 3.5533, "bus_dcc": 2.3773, "bus_lcAssertive": 76.5114, "bus_lcCooperative": 0.0971, "bus_lcLookaheadLeft": 3.5402, "bus_lcPushy": 0.2931, "bus_lcSigma": 0.4021, "bus_lcSpeedGainRight": 4.3982, "bus_lcSublane": 0.1288, "bus_sigma": 0.0091, "bus_tau_mean": 2.5725, "bus_tau_std": 9.4612, "bus_v_mean": 14.0914, "bus_v_std": 6.7231, "car_acc": 1.8545, "car_dcc": 1.1201, "car_lcAssertive": 46.3144, "car_lcCooperative": 0.3465, "car_lcLookaheadLeft": 20.0578, "car_lcPushy": 0.2874, "car_lcSigma": 0.9182, "car_lcSpeedGainRight": 0.5265, "car_lcSublane": 0.0774, "car_sigma": 0.7501, "car_tau_mean": 2.7381, "car_tau_std": 4.9378, "car_v_mean": 22.7555, "car_v_std": 12.4558}, "datetime": {"datetime": "2024-08-11 18:51:50", "elapsed": 4181.206816, "delta": 4.530841}}
{"target": -0.4311663451608149, "params": {"bus_acc": 3.3062, "bus_dcc": 3.9038, "bus_lcAssertive": 80.3787, "bus_lcCooperative": 0.162, "bus_lcLookaheadLeft": 36.2503, "bus_lcPushy": 0.05, "bus_lcSigma": 0.9303, "bus_lcSpeedGainRight": 4.3214, "bus_lcSublane": 0.7653, "bus_sigma": 0.8149, "bus_tau_mean": 1.8623, "bus_tau_std": 2.8074, "bus_v_mean": 14.6002, "bus_v_std": 11.7515, "car_acc": 2.3064, "car_dcc": 0.824, "car_lcAssertive": 89.8428, "car_lcCooperative": 0.0864, "car_lcLookaheadLeft": 44.9308, "car_lcPushy": 0.3808, "car_lcSigma": 0.2741, "car_lcSpeedGainRight": 4.5043, "car_lcSublane": 0.0503, "car_sigma": 0.6038, "car_tau_mean": 0.8167, "car_tau_std": 7.2891, "car_v_mean": 14.0209, "car_v_std": 6.461}, "datetime": {"datetime": "2024-08-11 18:51:57", "elapsed": 4187.682115, "delta": 6.475299}}
{"target": -0.4865840412323468, "params": {"bus_acc": 3.1423, "bus_dcc": 1.9333, "bus_lcAssertive": 46.4055, "bus_lcCooperative": 0.389, "bus_lcLookaheadLeft": 95.1851, "bus_lcPushy": 0.7997, "bus_lcSigma": 0.7085, "bus_lcSpeedGainRight": 2.0659, "bus_lcSublane": 0.6295, "bus_sigma": 0.6345, "bus_tau_mean": 3.8209, "bus_tau_std": 9.7802, "bus_v_mean": 12.9718, "bus_v_std": 8.9612, "car_acc": 3.4127, "car_dcc": 2.2809, "car_lcAssertive": 21.93, "car_lcCooperative": 0.4705, "car_lcLookaheadLeft": 38.7741, "car_lcPushy": 0.9802, "car_lcSigma": 0.7986, "car_lcSpeedGainRight": 4.4246, "car_lcSublane": 0.9468, "car_sigma": 0.8499, "car_tau_mean": 3.6228, "car_tau_std": 0.8925, "car_v_mean": 18.2595, "car_v_std": 9.7931}, "datetime": {"datetime": "2024-08-11 18:52:00", "elapsed": 4191.001506, "delta": 3.319391}}
{"target": -0.4307469621314984, "params": {"bus_acc": 2.5268, "bus_dcc": 0.2834, "bus_lcAssertive": 69.8603, "bus_lcCooperative": 0.0227, "bus_lcLookaheadLeft": 68.9498, "bus_lcPushy": 0.6886, "bus_lcSigma": 0.6406, "bus_lcSpeedGainRight": 0.7228, "bus_lcSublane": 0.629, "bus_sigma": 0.2786, "bus_tau_mean": 0.8697, "bus_tau_std": 0.3805, "bus_v_mean": 11.3161, "bus_v_std": 3.8625, "car_acc": 1.4754, "car_dcc": 1.2146, "car_lcAssertive": 76.7241, "car_lcCooperative": 0.4558, "car_lcLookaheadLeft": 19.6328, "car_lcPushy": 0.0257, "car_lcSigma": 0.5621, "car_lcSpeedGainRight": 4.2351, "car_lcSublane": 0.5474, "car_sigma": 0.476, "car_tau_mean": 0.8804, "car_tau_std": 8.263, "car_v_mean": 11.4004, "car_v_std": 18.8542}, "datetime": {"datetime": "2024-08-11 18:52:06", "elapsed": 4197.505424, "delta": 6.503918}}
{"target": -0.40894409168616797, "params": {"bus_acc": 1.4871, "bus_dcc": 0.7226, "bus_lcAssertive": 54.7959, "bus_lcCooperative": 0.5787, "bus_lcLookaheadLeft": 10.2998, "bus_lcPushy": 0.8252, "bus_lcSigma": 0.5326, "bus_lcSpeedGainRight": 1.4913, "bus_lcSublane": 0.1479, "bus_sigma": 0.6475, "bus_tau_mean": 1.715, "bus_tau_std": 3.0206, "bus_v_mean": 18.2765, "bus_v_std": 10.3323, "car_acc": 3.3273, "car_dcc": 2.2666, "car_lcAssertive": 37.5749, "car_lcCooperative": 0.5304, "car_lcLookaheadLeft": 87.6692, "car_lcPushy": 0.6402, "car_lcSigma": 0.6093, "car_lcSpeedGainRight": 1.4844, "car_lcSublane": 0.2502, "car_sigma": 0.0142, "car_tau_mean": 3.5839, "car_tau_std": 9.0868, "car_v_mean": 14.7344, "car_v_std": 11.8455}, "datetime": {"datetime": "2024-08-11 18:52:12", "elapsed": 4203.28788, "delta": 5.782456}}
{"target": -0.46380819123286754, "params": {"bus_acc": 2.5563, "bus_dcc": 2.4432, "bus_lcAssertive": 40.8302, "bus_lcCooperative": 0.8962, "bus_lcLookaheadLeft": 93.2518, "bus_lcPushy": 0.4984, "bus_lcSigma": 0.5901, "bus_lcSpeedGainRight": 1.7187, "bus_lcSublane": 0.5634, "bus_sigma": 0.3026, "bus_tau_mean": 1.7697, "bus_tau_std": 3.5345, "bus_v_mean": 19.3486, "bus_v_std": 8.7112, "car_acc": 2.4595, "car_dcc": 0.2175, "car_lcAssertive": 72.7661, "car_lcCooperative": 0.3329, "car_lcLookaheadLeft": 50.2465, "car_lcPushy": 0.1284, "car_lcSigma": 0.8283, "car_lcSpeedGainRight": 4.0548, "car_lcSublane": 0.3372, "car_sigma": 0.7493, "car_tau_mean": 3.0236, "car_tau_std": 2.8342, "car_v_mean": 9.8248, "car_v_std": 17.5542}, "datetime": {"datetime": "2024-08-11 18:52:17", "elapsed": 4207.640767, "delta": 4.352887}}
{"target": -0.377075687308644, "params": {"bus_acc": 3.2972, "bus_dcc": 2.7134, "bus_lcAssertive": 84.7037, "bus_lcCooperative": 0.512, "bus_lcLookaheadLeft": 73.7231, "bus_lcPushy": 0.6831, "bus_lcSigma": 0.5693, "bus_lcSpeedGainRight": 3.5212, "bus_lcSublane": 0.2663, "bus_sigma": 0.7068, "bus_tau_mean": 3.1551, "bus_tau_std": 1.9082, "bus_v_mean": 18.8808, "bus_v_std": 18.3042, "car_acc": 3.2709, "car_dcc": 0.4475, "car_lcAssertive": 46.442, "car_lcCooperative": 0.3561, "car_lcLookaheadLeft": 7.0669, "car_lcPushy": 0.9857, "car_lcSigma": 0.7318, "car_lcSpeedGainRight": 2.8426, "car_lcSublane": 0.5914, "car_sigma": 0.3342, "car_tau_mean": 2.2423, "car_tau_std": 8.5023, "car_v_mean": 22.3372, "car_v_std": 4.4062}, "datetime": {"datetime": "2024-08-11 18:52:22", "elapsed": 4212.875756, "delta": 5.234989}}
{"target": -0.3566114196067753, "params": {"bus_acc": 3.1796, "bus_dcc": 1.9544, "bus_lcAssertive": 88.7983, "bus_lcCooperative": 0.6494, "bus_lcLookaheadLeft": 12.6749, "bus_lcPushy": 0.3026, "bus_lcSigma": 0.4305, "bus_lcSpeedGainRight": 0.5301, "bus_lcSublane": 0.3606, "bus_sigma": 0.1211, "bus_tau_mean": 3.4497, "bus_tau_std": 4.7845, "bus_v_mean": 20.674, "bus_v_std": 3.637, "car_acc": 0.5194, "car_dcc": 1.9367, "car_lcAssertive": 38.2162, "car_lcCooperative": 0.1923, "car_lcLookaheadLeft": 68.3597, "car_lcPushy": 0.2673, "car_lcSigma": 0.5147, "car_lcSpeedGainRight": 1.5614, "car_lcSublane": 0.619, "car_sigma": 0.5101, "car_tau_mean": 3.2003, "car_tau_std": 0.0573, "car_v_mean": 9.4047, "car_v_std": 5.167}, "datetime": {"datetime": "2024-08-11 18:52:26", "elapsed": 4216.889312, "delta": 4.013556}}
{"target": -0.2898889857444693, "params": {"bus_acc": 1.0962, "bus_dcc": 3.9347, "bus_lcAssertive": 76.6058, "bus_lcCooperative": 0.7491, "bus_lcLookaheadLeft": 94.089, "bus_lcPushy": 0.7686, "bus_lcSigma": 0.0981, "bus_lcSpeedGainRight": 4.8788, "bus_lcSublane": 0.0837, "bus_sigma": 0.6243, "bus_tau_mean": 2.8801, "bus_tau_std": 1.5137, "bus_v_mean": 21.5419, "bus_v_std": 7.68, "car_acc": 0.74, "car_dcc": 3.663, "car_lcAssertive": 95.9295, "car_lcCooperative": 0.5716, "car_lcLookaheadLeft": 3.4522, "car_lcPushy": 0.3302, "car_lcSigma": 0.0771, "car_lcSpeedGainRight": 1.8589, "car_lcSublane": 0.0007, "car_sigma": 0.5557, "car_tau_mean": 2.4436, "car_tau_std": 3.5886, "car_v_mean": 13.2439, "car_v_std": 7.2609}, "datetime": {"datetime": "2024-08-11 18:52:30", "elapsed": 4221.339431, "delta": 4.450119}}
{"target": -0.5010976252928475, "params": {"bus_acc": 0.4824, "bus_dcc": 1.9412, "bus_lcAssertive": 97.6787, "bus_lcCooperative": 0.4036, "bus_lcLookaheadLeft": 83.157, "bus_lcPushy": 0.471, "bus_lcSigma": 0.3134, "bus_lcSpeedGainRight": 0.9714, "bus_lcSublane": 0.6928, "bus_sigma": 0.1827, "bus_tau_mean": 3.3463, "bus_tau_std": 0.468, "bus_v_mean": 17.1902, "bus_v_std": 19.7499, "car_acc": 3.0444, "car_dcc": 2.7797, "car_lcAssertive": 52.9388, "car_lcCooperative": 0.9259, "car_lcLookaheadLeft": 3.5353, "car_lcPushy": 0.7343, "car_lcSigma": 0.2132, "car_lcSpeedGainRight": 3.2287, "car_lcSublane": 0.2818, "car_sigma": 0.5284, "car_tau_mean": 1.2393, "car_tau_std": 8.1374, "car_v_mean": 10.943, "car_v_std": 8.7766}, "datetime": {"datetime": "2024-08-11 18:52:34", "elapsed": 4224.748415, "delta": 3.408984}}
{"target": -0.3683228195059954, "params": {"bus_acc": 2.2553, "bus_dcc": 1.2333, "bus_lcAssertive": 99.0828, "bus_lcCooperative": 0.7589, "bus_lcLookaheadLeft": 58.4999, "bus_lcPushy": 0.8759, "bus_lcSigma": 0.6774, "bus_lcSpeedGainRight": 0.3914, "bus_lcSublane": 0.2145, "bus_sigma": 0.1168, "bus_tau_mean": 2.8748, "bus_tau_std": 6.0748, "bus_v_mean": 25.4054, "bus_v_std": 11.2634, "car_acc": 1.1851, "car_dcc": 2.029, "car_lcAssertive": 73.748, "car_lcCooperative": 0.8184, "car_lcLookaheadLeft": 52.7318, "car_lcPushy": 0.8253, "car_lcSigma": 0.2982, "car_lcSpeedGainRight": 4.2859, "car_lcSublane": 0.1398, "car_sigma": 0.322, "car_tau_mean": 3.1814, "car_tau_std": 7.0591, "car_v_mean": 21.405, "car_v_std": 7.1233}, "datetime": {"datetime": "2024-08-11 18:52:39", "elapsed": 4229.844545, "delta": 5.09613}}
{"target": -0.42741616526475434, "params": {"bus_acc": 3.8135, "bus_dcc": 2.2731, "bus_lcAssertive": 60.7004, "bus_lcCooperative": 0.9041, "bus_lcLookaheadLeft": 62.4344, "bus_lcPushy": 0.4573, "bus_lcSigma": 0.3062, "bus_lcSpeedGainRight": 3.846, "bus_lcSublane": 0.6071, "bus_sigma": 0.0419, "bus_tau_mean": 3.7448, "bus_tau_std": 9.8085, "bus_v_mean": 14.5411, "bus_v_std": 17.9573, "car_acc": 1.4463, "car_dcc": 3.4172, "car_lcAssertive": 3.1861, "car_lcCooperative": 0.6712, "car_lcLookaheadLeft": 45.1113, "car_lcPushy": 0.3421, "car_lcSigma": 0.263, "car_lcSpeedGainRight": 4.7282, "car_lcSublane": 0.753, "car_sigma": 0.4465, "car_tau_mean": 2.563, "car_tau_std": 4.4244, "car_v_mean": 13.9282, "car_v_std": 5.7478}, "datetime": {"datetime": "2024-08-11 18:52:44", "elapsed": 4234.932447, "delta": 5.087902}}
{"target": -0.5001233178642553, "params": {"bus_acc": 2.6866, "bus_dcc": 1.9, "bus_lcAssertive": 4.6053, "bus_lcCooperative": 0.9421, "bus_lcLookaheadLeft": 25.6919, "bus_lcPushy": 0.574, "bus_lcSigma": 0.8313, "bus_lcSpeedGainRight": 2.9647, "bus_lcSublane": 0.1908, "bus_sigma": 0.6528, "bus_tau_mean": 0.7382, "bus_tau_std": 1.2933, "bus_v_mean": 21.6933, "bus_v_std": 1.8712, "car_acc": 1.0494, "car_dcc": 3.6268, "car_lcAssertive": 88.8963, "car_lcCooperative": 0.5539, "car_lcLookaheadLeft": 86.21, "car_lcPushy": 0.322, "car_lcSigma": 0.0825, "car_lcSpeedGainRight": 3.5383, "car_lcSublane": 0.2869, "car_sigma": 0.5558, "car_tau_mean": 2.8921, "car_tau_std": 0.2975, "car_v_mean": 12.474, "car_v_std": 2.2528}, "datetime": {"datetime": "2024-08-11 18:52:49", "elapsed": 4240.580867, "delta": 5.64842}}
{"target": -0.763407579814949, "params": {"bus_acc": 2.1293, "bus_dcc": 0.7699, "bus_lcAssertive": 43.2985, "bus_lcCooperative": 0.0606, "bus_lcLookaheadLeft": 20.4085, "bus_lcPushy": 0.4558, "bus_lcSigma": 0.5326, "bus_lcSpeedGainRight": 1.0622, "bus_lcSublane": 0.7587, "bus_sigma": 0.4066, "bus_tau_mean": 1.2208, "bus_tau_std": 6.6074, "bus_v_mean": 22.9109, "bus_v_std": 14.6557, "car_acc": 3.1457, "car_dcc": 1.1311, "car_lcAssertive": 88.2826, "car_lcCooperative": 0.0368, "car_lcLookaheadLeft": 52.945, "car_lcPushy": 0.9324, "car_lcSigma": 0.494, "car_lcSpeedGainRight": 0.0053, "car_lcSublane": 0.4506, "car_sigma": 0.4765, "car_tau_mean": 2.1185, "car_tau_std": 8.1746, "car_v_mean": 23.5385, "car_v_std": 10.1831}, "datetime": {"datetime": "2024-08-11 18:52:54", "elapsed": 4244.793676, "delta": 4.212809}}
{"target": -0.3654020895163866, "params": {"bus_acc": 2.5051, "bus_dcc": 3.1858, "bus_lcAssertive": 26.9558, "bus_lcCooperative": 0.4985, "bus_lcLookaheadLeft": 30.5289, "bus_lcPushy": 0.0919, "bus_lcSigma": 0.2274, "bus_lcSpeedGainRight": 4.0789, "bus_lcSublane": 0.7691, "bus_sigma": 0.2096, "bus_tau_mean": 3.765, "bus_tau_std": 2.1221, "bus_v_mean": 17.3477, "bus_v_std": 12.8647, "car_acc": 3.5997, "car_dcc": 1.5984, "car_lcAssertive": 45.6398, "car_lcCooperative": 0.4377, "car_lcLookaheadLeft": 31.3462, "car_lcPushy": 0.7513, "car_lcSigma": 0.828, "car_lcSpeedGainRight": 3.3327, "car_lcSublane": 0.5445, "car_sigma": 0.6026, "car_tau_mean": 1.2629, "car_tau_std": 0.4411, "car_v_mean": 14.3681, "car_v_std": 0.9836}, "datetime": {"datetime": "2024-08-11 18:52:57", "elapsed": 4248.085477, "delta": 3.291801}}
{"target": -0.37274661934660536, "params": {"bus_acc": 3.6605, "bus_dcc": 3.4903, "bus_lcAssertive": 2.2971, "bus_lcCooperative": 0.7979, "bus_lcLookaheadLeft": 67.4275, "bus_lcPushy": 0.3182, "bus_lcSigma": 0.4919, "bus_lcSpeedGainRight": 3.3661, "bus_lcSublane": 0.6387, "bus_sigma": 0.2703, "bus_tau_mean": 2.9135, "bus_tau_std": 4.9854, "bus_v_mean": 17.6157, "bus_v_std": 9.8015, "car_acc": 2.6216, "car_dcc": 1.3611, "car_lcAssertive": 96.3517, "car_lcCooperative": 0.4297, "car_lcLookaheadLeft": 9.8011, "car_lcPushy": 0.4439, "car_lcSigma": 0.416, "car_lcSpeedGainRight": 2.8832, "car_lcSublane": 0.7604, "car_sigma": 0.3597, "car_tau_mean": 0.9081, "car_tau_std": 9.0234, "car_v_mean": 19.6318, "car_v_std": 13.412}, "datetime": {"datetime": "2024-08-11 18:53:04", "elapsed": 4254.860192, "delta": 6.774715}}
{"target": -0.37761702540865233, "params": {"bus_acc": 1.1943, "bus_dcc": 3.532, "bus_lcAssertive": 6.2006, "bus_lcCooperative": 0.7337, "bus_lcLookaheadLeft": 31.7339, "bus_lcPushy": 0.7402, "bus_lcSigma": 0.4474, "bus_lcSpeedGainRight": 1.9318, "bus_lcSublane": 0.169, "bus_sigma": 0.4899, "bus_tau_mean": 1.8986, "bus_tau_std": 0.5918, "bus_v_mean": 18.8615, "bus_v_std": 2.9435, "car_acc": 2.4333, "car_dcc": 1.536, "car_lcAssertive": 51.0131, "car_lcCooperative": 0.9153, "car_lcLookaheadLeft": 13.9431, "car_lcPushy": 0.7973, "car_lcSigma": 0.0476, "car_lcSpeedGainRight": 2.4636, "car_lcSublane": 0.0737, "car_sigma": 0.3473, "car_tau_mean": 3.3158, "car_tau_std": 4.8087, "car_v_mean": 22.8943, "car_v_std": 6.4575}, "datetime": {"datetime": "2024-08-11 18:53:08", "elapsed": 4259.412406, "delta": 4.552214}}
{"target": -0.3621018870644541, "params": {"bus_acc": 2.4812, "bus_dcc": 0.417, "bus_lcAssertive": 75.5392, "bus_lcCooperative": 0.1355, "bus_lcLookaheadLeft": 4.5912, "bus_lcPushy": 0.0672, "bus_lcSigma": 0.9111, "bus_lcSpeedGainRight": 0.0297, "bus_lcSublane": 0.4605, "bus_sigma": 0.836, "bus_tau_mean": 2.1649, "bus_tau_std": 4.9144, "bus_v_mean": 12.1542, "bus_v_std": 11.8254, "car_acc": 3.7006, "car_dcc": 3.9597, "car_lcAssertive": 39.4558, "car_lcCooperative": 0.3659, "car_lcLookaheadLeft": 36.2015, "car_lcPushy": 0.1668, "car_lcSigma": 0.6945, "car_lcSpeedGainRight": 2.9233, "car_lcSublane": 0.2082, "car_sigma": 0.8405, "car_tau_mean": 3.609, "car_tau_std": 8.2808, "car_v_mean": 20.9881, "car_v_std": 14.5211}, "datetime": {"datetime": "2024-08-11 18:53:12", "elapsed": 4263.432122, "delta": 4.019716}}
{"target": -0.35052766478711844, "params": {"bus_acc": 2.2239, "bus_dcc": 2.297, "bus_lcAssertive": 21.5828, "bus_lcCooperative": 0.5793, "bus_lcLookaheadLeft": 78.721, "bus_lcPushy": 0.0494, "bus_lcSigma": 0.9229, "bus_lcSpeedGainRight": 1.0644, "bus_lcSublane": 0.1406, "bus_sigma": 0.3476, "bus_tau_mean": 3.115, "bus_tau_std": 4.379, "bus_v_mean": 21.0752, "bus_v_std": 10.0046, "car_acc": 3.6981, "car_dcc": 1.3679, "car_lcAssertive": 79.82, "car_lcCooperative": 0.3948, "car_lcLookaheadLeft": 62.7318, "car_lcPushy": 0.2096, "car_lcSigma": 0.7365, "car_lcSpeedGainRight": 2.6266, "car_lcSublane": 0.3832, "car_sigma": 0.7242, "car_tau_mean": 3.6621, "car_tau_std": 9.9901, "car_v_mean": 9.4001, "car_v_std": 13.2905}, "datetime": {"datetime": "2024-08-11 18:53:15", "elapsed": 4266.463204, "delta": 3.031082}}
{"target": -0.5108010144518064, "params": {"bus_acc": 2.9168, "bus_dcc": 1.3732, "bus_lcAssertive": 60.1691, "bus_lcCooperative": 0.5099, "bus_lcLookaheadLeft": 67.3018, "bus_lcPushy": 0.2161, "bus_lcSigma": 0.3932, "bus_lcSpeedGainRight": 3.9333, "bus_lcSublane": 0.3166, "bus_sigma": 0.2051, "bus_tau_mean": 2.8199, "bus_tau_std": 2.9919, "bus_v_mean": 12.2142, "bus_v_std": 10.8152, "car_acc": 3.549, "car_dcc": 3.4561, "car_lcAssertive": 7.5382, "car_lcCooperative": 0.3796, "car_lcLookaheadLeft": 11.3448, "car_lcPushy": 0.9566, "car_lcSigma": 0.4408, "car_lcSpeedGainRight": 4.4844, "car_lcSublane": 0.1766, "car_sigma": 0.2291, "car_tau_mean": 3.3238, "car_tau_std": 1.6649, "car_v_mean": 12.5333, "car_v_std": 11.4373}, "datetime": {"datetime": "2024-08-11 18:53:19", "elapsed": 4269.770723, "delta": 3.307519}}
