{"target": -0.19107754124966278, "params": {"bus_acc": 1.582, "bus_dcc": 3.7466, "bus_lcAssertive": 22.7328, "bus_lcCooperative": 0.9604, "bus_lcLookaheadLeft": 40.4337, "bus_lcPushy": 0.2147, "bus_lcSigma": 0.8686, "bus_lcSpeedGainRight": 1.0536, "bus_lcSublane": 0.9962, "bus_sigma": 0.3615, "bus_tau_mean": 3.4379, "bus_tau_std": 5.6946, "bus_v_mean": 19.4361, "bus_v_std": 13.51, "car_acc": 0.6549, "car_dcc": 1.7505, "car_lcAssertive": 81.0778, "car_lcCooperative": 0.2682, "car_lcLookaheadLeft": 87.5204, "car_lcPushy": 0.9308, "car_lcSigma": 0.0388, "car_lcSpeedGainRight": 0.0381, "car_lcSublane": 0.329, "car_sigma": 0.2147, "car_tau_mean": 3.3123, "car_tau_std": 6.6962, "car_v_mean": 18.2691, "car_v_std": 10.283}, "datetime": {"datetime": "2024-09-05 14:35:33", "elapsed": 13588.847069, "delta": 16.61589}}
{"target": -0.21170554482176365, "params": {"bus_acc": 2.2287, "bus_dcc": 1.4692, "bus_lcAssertive": 61.8934, "bus_lcCooperative": 0.8365, "bus_lcLookaheadLeft": 90.5572, "bus_lcPushy": 0.7284, "bus_lcSigma": 0.5523, "bus_lcSpeedGainRight": 0.2195, "bus_lcSublane": 0.1648, "bus_sigma": 0.7154, "bus_tau_mean": 3.5384, "bus_tau_std": 3.2392, "bus_v_mean": 24.8696, "bus_v_std": 11.9994, "car_acc": 2.5374, "car_dcc": 1.367, "car_lcAssertive": 26.568, "car_lcCooperative": 0.2446, "car_lcLookaheadLeft": 71.1476, "car_lcPushy": 0.3349, "car_lcSigma": 0.1272, "car_lcSpeedGainRight": 4.7409, "car_lcSublane": 0.0825, "car_sigma": 0.7217, "car_tau_mean": 1.8338, "car_tau_std": 1.8898, "car_v_mean": 17.9201, "car_v_std": 15.1061}, "datetime": {"datetime": "2024-09-05 14:36:10", "elapsed": 13625.903218, "delta": 37.056149}}
{"target": -0.19282230145035753, "params": {"bus_acc": 1.4369, "bus_dcc": 1.3545, "bus_lcAssertive": 63.2093, "bus_lcCooperative": 0.5875, "bus_lcLookaheadLeft": 82.1916, "bus_lcPushy": 0.1407, "bus_lcSigma": 0.0624, "bus_lcSpeedGainRight": 3.8682, "bus_lcSublane": 0.6582, "bus_sigma": 0.5228, "bus_tau_mean": 3.9478, "bus_tau_std": 3.0321, "bus_v_mean": 9.1504, "bus_v_std": 5.3686, "car_acc": 3.8085, "car_dcc": 3.038, "car_lcAssertive": 8.8021, "car_lcCooperative": 0.1414, "car_lcLookaheadLeft": 10.9401, "car_lcPushy": 0.3345, "car_lcSigma": 0.4971, "car_lcSpeedGainRight": 0.6829, "car_lcSublane": 0.4962, "car_sigma": 0.1544, "car_tau_mean": 1.4229, "car_tau_std": 7.2617, "car_v_mean": 15.4267, "car_v_std": 19.0211}, "datetime": {"datetime": "2024-09-05 14:36:26", "elapsed": 13642.098967, "delta": 16.195749}}
{"target": -0.18659826483538158, "params": {"bus_acc": 3.1619, "bus_dcc": 2.6391, "bus_lcAssertive": 68.4458, "bus_lcCooperative": 0.362, "bus_lcLookaheadLeft": 6.3526, "bus_lcPushy": 0.2617, "bus_lcSigma": 0.2258, "bus_lcSpeedGainRight": 3.3218, "bus_lcSublane": 0.8092, "bus_sigma": 0.9324, "bus_tau_mean": 2.7138, "bus_tau_std": 6.3231, "bus_v_mean": 23.6553, "bus_v_std": 11.1637, "car_acc": 3.7551, "car_dcc": 3.9284, "car_lcAssertive": 50.4815, "car_lcCooperative": 0.584, "car_lcLookaheadLeft": 38.9226, "car_lcPushy": 0.5568, "car_lcSigma": 0.9162, "car_lcSpeedGainRight": 0.2918, "car_lcSublane": 0.6087, "car_sigma": 0.7729, "car_tau_mean": 2.6068, "car_tau_std": 5.3551, "car_v_mean": 10.3992, "car_v_std": 5.5821}, "datetime": {"datetime": "2024-09-05 14:36:46", "elapsed": 13662.376565, "delta": 20.277598}}
{"target": -0.21409598733527355, "params": {"bus_acc": 1.9114, "bus_dcc": 3.4904, "bus_lcAssertive": 45.5903, "bus_lcCooperative": 0.8023, "bus_lcLookaheadLeft": 81.8816, "bus_lcPushy": 0.2985, "bus_lcSigma": 0.6686, "bus_lcSpeedGainRight": 3.9015, "bus_lcSublane": 0.3998, "bus_sigma": 0.811, "bus_tau_mean": 3.7268, "bus_tau_std": 8.9525, "bus_v_mean": 11.0737, "bus_v_std": 1.6402, "car_acc": 0.9188, "car_dcc": 2.1196, "car_lcAssertive": 95.0444, "car_lcCooperative": 0.525, "car_lcLookaheadLeft": 27.2796, "car_lcPushy": 0.1551, "car_lcSigma": 0.4208, "car_lcSpeedGainRight": 3.834, "car_lcSublane": 0.0594, "car_sigma": 0.5667, "car_tau_mean": 1.3758, "car_tau_std": 0.8795, "car_v_mean": 13.5581, "car_v_std": 19.9059}, "datetime": {"datetime": "2024-09-05 14:37:03", "elapsed": 13679.393396, "delta": 17.016831}}
{"target": -0.18343002438568742, "params": {"bus_acc": 2.3096, "bus_dcc": 3.9311, "bus_lcAssertive": 70.6212, "bus_lcCooperative": 0.6693, "bus_lcLookaheadLeft": 63.1974, "bus_lcPushy": 0.316, "bus_lcSigma": 0.7085, "bus_lcSpeedGainRight": 1.1073, "bus_lcSublane": 0.8609, "bus_sigma": 0.8247, "bus_tau_mean": 3.3325, "bus_tau_std": 4.2611, "bus_v_mean": 13.9792, "bus_v_std": 9.557, "car_acc": 2.7031, "car_dcc": 2.4784, "car_lcAssertive": 9.9857, "car_lcCooperative": 0.4238, "car_lcLookaheadLeft": 94.7384, "car_lcPushy": 0.2416, "car_lcSigma": 0.6247, "car_lcSpeedGainRight": 3.768, "car_lcSublane": 0.9155, "car_sigma": 0.1763, "car_tau_mean": 1.9475, "car_tau_std": 7.1994, "car_v_mean": 13.7765, "car_v_std": 6.8152}, "datetime": {"datetime": "2024-09-05 14:37:22", "elapsed": 13697.598351, "delta": 18.204955}}
{"target": -0.13276244586850203, "params": {"bus_acc": 0.5054, "bus_dcc": 0.4033, "bus_lcAssertive": 95.2512, "bus_lcCooperative": 0.4753, "bus_lcLookaheadLeft": 45.142, "bus_lcPushy": 0.967, "bus_lcSigma": 0.8987, "bus_lcSpeedGainRight": 1.9891, "bus_lcSublane": 0.7044, "bus_sigma": 0.3418, "bus_tau_mean": 1.2844, "bus_tau_std": 3.5082, "bus_v_mean": 9.1072, "bus_v_std": 1.4589, "car_acc": 0.2564, "car_dcc": 0.4483, "car_lcAssertive": 94.0074, "car_lcCooperative": 0.6825, "car_lcLookaheadLeft": 92.4697, "car_lcPushy": 0.9263, "car_lcSigma": 0.6681, "car_lcSpeedGainRight": 3.2537, "car_lcSublane": 0.6135, "car_sigma": 0.197, "car_tau_mean": 1.5033, "car_tau_std": 6.6579, "car_v_mean": 15.0041, "car_v_std": 14.924}, "datetime": {"datetime": "2024-09-05 14:37:36", "elapsed": 13711.963889, "delta": 14.365538}}
{"target": -0.20038917541206377, "params": {"bus_acc": 1.4474, "bus_dcc": 0.3697, "bus_lcAssertive": 92.4744, "bus_lcCooperative": 0.0065, "bus_lcLookaheadLeft": 32.5322, "bus_lcPushy": 0.9205, "bus_lcSigma": 0.545, "bus_lcSpeedGainRight": 1.7524, "bus_lcSublane": 0.4193, "bus_sigma": 0.1894, "bus_tau_mean": 3.7692, "bus_tau_std": 0.3979, "bus_v_mean": 24.7558, "bus_v_std": 16.9154, "car_acc": 3.9266, "car_dcc": 1.5234, "car_lcAssertive": 46.5781, "car_lcCooperative": 0.4776, "car_lcLookaheadLeft": 50.6787, "car_lcPushy": 0.9543, "car_lcSigma": 0.6286, "car_lcSpeedGainRight": 1.9625, "car_lcSublane": 0.0826, "car_sigma": 0.7349, "car_tau_mean": 3.5533, "car_tau_std": 9.6557, "car_v_mean": 15.3576, "car_v_std": 12.705}, "datetime": {"datetime": "2024-09-05 14:38:05", "elapsed": 13740.817065, "delta": 28.853176}}
{"target": -0.1940003110288329, "params": {"bus_acc": 2.9109, "bus_dcc": 2.0883, "bus_lcAssertive": 55.5548, "bus_lcCooperative": 0.9766, "bus_lcLookaheadLeft": 39.1024, "bus_lcPushy": 0.5694, "bus_lcSigma": 0.535, "bus_lcSpeedGainRight": 4.5925, "bus_lcSublane": 0.8044, "bus_sigma": 0.7313, "bus_tau_mean": 0.9482, "bus_tau_std": 2.7037, "bus_v_mean": 19.2427, "bus_v_std": 9.9974, "car_acc": 2.6683, "car_dcc": 2.9941, "car_lcAssertive": 8.3196, "car_lcCooperative": 0.3745, "car_lcLookaheadLeft": 18.8319, "car_lcPushy": 0.0723, "car_lcSigma": 0.0881, "car_lcSpeedGainRight": 3.8241, "car_lcSublane": 0.0967, "car_sigma": 0.2914, "car_tau_mean": 3.0075, "car_tau_std": 4.5233, "car_v_mean": 10.4663, "car_v_std": 18.2339}, "datetime": {"datetime": "2024-09-05 14:38:35", "elapsed": 13770.687757, "delta": 29.870692}}
{"target": -0.9025986107945335, "params": {"bus_acc": 0.6683, "bus_dcc": 3.8413, "bus_lcAssertive": 39.6869, "bus_lcCooperative": 0.8173, "bus_lcLookaheadLeft": 61.8107, "bus_lcPushy": 0.0614, "bus_lcSigma": 0.4636, "bus_lcSpeedGainRight": 2.3271, "bus_lcSublane": 0.3409, "bus_sigma": 0.4413, "bus_tau_mean": 0.7162, "bus_tau_std": 2.611, "bus_v_mean": 12.7206, "bus_v_std": 1.5347, "car_acc": 3.3405, "car_dcc": 0.4095, "car_lcAssertive": 46.505, "car_lcCooperative": 0.4008, "car_lcLookaheadLeft": 42.9297, "car_lcPushy": 0.3564, "car_lcSigma": 0.84, "car_lcSpeedGainRight": 4.1626, "car_lcSublane": 0.2569, "car_sigma": 0.3673, "car_tau_mean": 1.7602, "car_tau_std": 3.1177, "car_v_mean": 14.6031, "car_v_std": 6.8868}, "datetime": {"datetime": "2024-09-05 14:39:13", "elapsed": 13809.373463, "delta": 38.685706}}
{"target": -0.2107259842710724, "params": {"bus_acc": 3.6639, "bus_dcc": 2.2075, "bus_lcAssertive": 37.3222, "bus_lcCooperative": 0.2705, "bus_lcLookaheadLeft": 90.2864, "bus_lcPushy": 0.5141, "bus_lcSigma": 0.7345, "bus_lcSpeedGainRight": 4.8341, "bus_lcSublane": 0.493, "bus_sigma": 0.7955, "bus_tau_mean": 2.3593, "bus_tau_std": 6.9692, "bus_v_mean": 17.7194, "bus_v_std": 15.7672, "car_acc": 3.9552, "car_dcc": 0.9639, "car_lcAssertive": 50.7517, "car_lcCooperative": 0.423, "car_lcLookaheadLeft": 92.9151, "car_lcPushy": 0.4353, "car_lcSigma": 0.0695, "car_lcSpeedGainRight": 1.6719, "car_lcSublane": 0.5858, "car_sigma": 0.9903, "car_tau_mean": 1.6722, "car_tau_std": 5.3178, "car_v_mean": 11.7363, "car_v_std": 16.9632}, "datetime": {"datetime": "2024-09-05 14:39:26", "elapsed": 13821.932221, "delta": 12.558758}}
{"target": -0.20462791631004607, "params": {"bus_acc": 2.4399, "bus_dcc": 1.3648, "bus_lcAssertive": 7.705, "bus_lcCooperative": 0.0154, "bus_lcLookaheadLeft": 2.8022, "bus_lcPushy": 0.6232, "bus_lcSigma": 0.9065, "bus_lcSpeedGainRight": 4.4185, "bus_lcSublane": 0.2036, "bus_sigma": 0.1992, "bus_tau_mean": 0.9654, "bus_tau_std": 6.1481, "bus_v_mean": 12.2641, "bus_v_std": 14.8978, "car_acc": 2.1975, "car_dcc": 1.7308, "car_lcAssertive": 43.2785, "car_lcCooperative": 0.5575, "car_lcLookaheadLeft": 92.9605, "car_lcPushy": 0.4859, "car_lcSigma": 0.5752, "car_lcSpeedGainRight": 4.4329, "car_lcSublane": 0.1409, "car_sigma": 0.3502, "car_tau_mean": 3.982, "car_tau_std": 1.8467, "car_v_mean": 23.322, "car_v_std": 14.8318}, "datetime": {"datetime": "2024-09-05 14:39:39", "elapsed": 13834.493036, "delta": 12.560815}}
{"target": -0.20394218237864767, "params": {"bus_acc": 2.2215, "bus_dcc": 3.1926, "bus_lcAssertive": 47.4275, "bus_lcCooperative": 0.4965, "bus_lcLookaheadLeft": 73.4725, "bus_lcPushy": 0.341, "bus_lcSigma": 0.5778, "bus_lcSpeedGainRight": 3.6578, "bus_lcSublane": 0.2669, "bus_sigma": 0.6305, "bus_tau_mean": 3.8144, "bus_tau_std": 2.1142, "bus_v_mean": 17.774, "bus_v_std": 19.4909, "car_acc": 3.1135, "car_dcc": 1.4194, "car_lcAssertive": 2.3263, "car_lcCooperative": 0.0205, "car_lcLookaheadLeft": 77.2921, "car_lcPushy": 0.816, "car_lcSigma": 0.6452, "car_lcSpeedGainRight": 1.7977, "car_lcSublane": 0.1552, "car_sigma": 0.6334, "car_tau_mean": 2.1122, "car_tau_std": 8.1206, "car_v_mean": 15.8607, "car_v_std": 4.3352}, "datetime": {"datetime": "2024-09-05 14:39:55", "elapsed": 13850.979128, "delta": 16.486092}}
{"target": -0.19078755584994048, "params": {"bus_acc": 2.6901, "bus_dcc": 3.9069, "bus_lcAssertive": 74.924, "bus_lcCooperative": 0.109, "bus_lcLookaheadLeft": 39.789, "bus_lcPushy": 0.5006, "bus_lcSigma": 0.6688, "bus_lcSpeedGainRight": 3.3436, "bus_lcSublane": 0.8114, "bus_sigma": 0.7358, "bus_tau_mean": 0.656, "bus_tau_std": 3.6199, "bus_v_mean": 23.7596, "bus_v_std": 2.7195, "car_acc": 2.6051, "car_dcc": 3.8923, "car_lcAssertive": 21.3752, "car_lcCooperative": 0.2077, "car_lcLookaheadLeft": 35.9323, "car_lcPushy": 0.7961, "car_lcSigma": 0.5564, "car_lcSpeedGainRight": 0.178, "car_lcSublane": 0.7461, "car_sigma": 0.9325, "car_tau_mean": 2.216, "car_tau_std": 5.1986, "car_v_mean": 16.7172, "car_v_std": 16.1921}, "datetime": {"datetime": "2024-09-05 14:40:10", "elapsed": 13865.540182, "delta": 14.561054}}
{"target": -0.6097942524235123, "params": {"bus_acc": 0.9357, "bus_dcc": 2.3699, "bus_lcAssertive": 74.3479, "bus_lcCooperative": 0.0742, "bus_lcLookaheadLeft": 63.6416, "bus_lcPushy": 0.5196, "bus_lcSigma": 0.1587, "bus_lcSpeedGainRight": 2.6462, "bus_lcSublane": 0.1173, "bus_sigma": 0.0405, "bus_tau_mean": 1.6906, "bus_tau_std": 4.07, "bus_v_mean": 15.9874, "bus_v_std": 4.4129, "car_acc": 1.432, "car_dcc": 0.2213, "car_lcAssertive": 20.5311, "car_lcCooperative": 0.3038, "car_lcLookaheadLeft": 89.4606, "car_lcPushy": 0.1365, "car_lcSigma": 0.5789, "car_lcSpeedGainRight": 1.3031, "car_lcSublane": 0.4306, "car_sigma": 0.3453, "car_tau_mean": 1.7153, "car_tau_std": 2.3284, "car_v_mean": 13.1099, "car_v_std": 14.7535}, "datetime": {"datetime": "2024-09-05 14:40:22", "elapsed": 13878.197381, "delta": 12.657199}}
{"target": -0.22334088944671873, "params": {"bus_acc": 2.1326, "bus_dcc": 3.5563, "bus_lcAssertive": 51.1792, "bus_lcCooperative": 0.8992, "bus_lcLookaheadLeft": 30.7402, "bus_lcPushy": 0.0155, "bus_lcSigma": 0.7182, "bus_lcSpeedGainRight": 1.0797, "bus_lcSublane": 0.7385, "bus_sigma": 0.3992, "bus_tau_mean": 2.343, "bus_tau_std": 7.3346, "bus_v_mean": 22.1906, "bus_v_std": 7.1705, "car_acc": 0.5852, "car_dcc": 3.5507, "car_lcAssertive": 4.0232, "car_lcCooperative": 0.5846, "car_lcLookaheadLeft": 52.0583, "car_lcPushy": 0.7236, "car_lcSigma": 0.3698, "car_lcSpeedGainRight": 1.3136, "car_lcSublane": 0.1901, "car_sigma": 0.8821, "car_tau_mean": 1.3371, "car_tau_std": 1.6123, "car_v_mean": 19.4494, "car_v_std": 13.0997}, "datetime": {"datetime": "2024-09-05 14:40:40", "elapsed": 13896.282294, "delta": 18.084913}}
{"target": -0.8896932768752402, "params": {"bus_acc": 1.2575, "bus_dcc": 3.1078, "bus_lcAssertive": 29.0085, "bus_lcCooperative": 0.1297, "bus_lcLookaheadLeft": 80.0248, "bus_lcPushy": 0.9303, "bus_lcSigma": 0.9747, "bus_lcSpeedGainRight": 2.4626, "bus_lcSublane": 0.8597, "bus_sigma": 0.1966, "bus_tau_mean": 3.753, "bus_tau_std": 0.2758, "bus_v_mean": 20.0431, "bus_v_std": 13.2868, "car_acc": 0.2587, "car_dcc": 0.6973, "car_lcAssertive": 99.8025, "car_lcCooperative": 0.3492, "car_lcLookaheadLeft": 33.3244, "car_lcPushy": 0.332, "car_lcSigma": 0.0649, "car_lcSpeedGainRight": 4.6868, "car_lcSublane": 0.5932, "car_sigma": 0.7028, "car_tau_mean": 0.6624, "car_tau_std": 5.2439, "car_v_mean": 10.8193, "car_v_std": 9.9097}, "datetime": {"datetime": "2024-09-05 14:41:15", "elapsed": 13930.683273, "delta": 34.400979}}
{"target": -0.21466704636006992, "params": {"bus_acc": 2.4078, "bus_dcc": 2.6748, "bus_lcAssertive": 20.6292, "bus_lcCooperative": 0.411, "bus_lcLookaheadLeft": 5.8485, "bus_lcPushy": 0.946, "bus_lcSigma": 0.6975, "bus_lcSpeedGainRight": 1.6961, "bus_lcSublane": 0.9049, "bus_sigma": 0.1054, "bus_tau_mean": 2.4042, "bus_tau_std": 4.8936, "bus_v_mean": 21.3133, "bus_v_std": 4.8512, "car_acc": 1.921, "car_dcc": 1.2982, "car_lcAssertive": 91.292, "car_lcCooperative": 0.7416, "car_lcLookaheadLeft": 34.7576, "car_lcPushy": 0.8233, "car_lcSigma": 0.1248, "car_lcSpeedGainRight": 2.7188, "car_lcSublane": 0.2118, "car_sigma": 0.7701, "car_tau_mean": 3.3746, "car_tau_std": 0.9682, "car_v_mean": 15.4599, "car_v_std": 18.6579}, "datetime": {"datetime": "2024-09-05 14:41:34", "elapsed": 13949.870975, "delta": 19.187702}}
{"target": -0.15627903062349427, "params": {"bus_acc": 2.1892, "bus_dcc": 2.5355, "bus_lcAssertive": 96.2674, "bus_lcCooperative": 0.3257, "bus_lcLookaheadLeft": 71.0318, "bus_lcPushy": 0.319, "bus_lcSigma": 0.0931, "bus_lcSpeedGainRight": 4.6497, "bus_lcSublane": 0.0105, "bus_sigma": 0.9385, "bus_tau_mean": 1.4777, "bus_tau_std": 1.8588, "bus_v_mean": 9.0802, "bus_v_std": 14.5902, "car_acc": 2.1943, "car_dcc": 3.8665, "car_lcAssertive": 28.569, "car_lcCooperative": 0.281, "car_lcLookaheadLeft": 6.6227, "car_lcPushy": 0.9637, "car_lcSigma": 0.7193, "car_lcSpeedGainRight": 3.7044, "car_lcSublane": 0.6142, "car_sigma": 0.0802, "car_tau_mean": 3.3066, "car_tau_std": 8.4674, "car_v_mean": 11.1473, "car_v_std": 0.1314}, "datetime": {"datetime": "2024-09-05 14:41:50", "elapsed": 13965.790398, "delta": 15.919423}}
{"target": -0.19244242555049362, "params": {"bus_acc": 0.7934, "bus_dcc": 3.5668, "bus_lcAssertive": 51.9089, "bus_lcCooperative": 0.8588, "bus_lcLookaheadLeft": 70.2858, "bus_lcPushy": 0.3076, "bus_lcSigma": 0.0597, "bus_lcSpeedGainRight": 2.0737, "bus_lcSublane": 0.1182, "bus_sigma": 0.4966, "bus_tau_mean": 2.3696, "bus_tau_std": 6.6585, "bus_v_mean": 20.9419, "bus_v_std": 10.0785, "car_acc": 1.8164, "car_dcc": 2.35, "car_lcAssertive": 46.6355, "car_lcCooperative": 0.5486, "car_lcLookaheadLeft": 74.7537, "car_lcPushy": 0.1371, "car_lcSigma": 0.376, "car_lcSpeedGainRight": 2.1567, "car_lcSublane": 0.3734, "car_sigma": 0.2595, "car_tau_mean": 3.7861, "car_tau_std": 8.2825, "car_v_mean": 23.888, "car_v_std": 9.7057}, "datetime": {"datetime": "2024-09-05 14:42:19", "elapsed": 13995.01932, "delta": 29.228922}}
{"target": -0.18580064516942926, "params": {"bus_acc": 0.8751, "bus_dcc": 0.2654, "bus_lcAssertive": 4.6649, "bus_lcCooperative": 0.346, "bus_lcLookaheadLeft": 33.0664, "bus_lcPushy": 0.073, "bus_lcSigma": 0.3728, "bus_lcSpeedGainRight": 1.6728, "bus_lcSublane": 0.4674, "bus_sigma": 0.4305, "bus_tau_mean": 0.535, "bus_tau_std": 7.7808, "bus_v_mean": 25.7822, "bus_v_std": 17.4285, "car_acc": 1.1768, "car_dcc": 1.4701, "car_lcAssertive": 90.2786, "car_lcCooperative": 0.835, "car_lcLookaheadLeft": 84.7381, "car_lcPushy": 0.1507, "car_lcSigma": 0.8106, "car_lcSpeedGainRight": 3.6182, "car_lcSublane": 0.822, "car_sigma": 0.1926, "car_tau_mean": 3.156, "car_tau_std": 8.7747, "car_v_mean": 16.0575, "car_v_std": 12.9873}, "datetime": {"datetime": "2024-09-05 14:42:36", "elapsed": 14011.839952, "delta": 16.820632}}
{"target": -0.19969420539437335, "params": {"bus_acc": 1.9147, "bus_dcc": 3.5541, "bus_lcAssertive": 49.5408, "bus_lcCooperative": 0.2875, "bus_lcLookaheadLeft": 27.6086, "bus_lcPushy": 0.9869, "bus_lcSigma": 0.1217, "bus_lcSpeedGainRight": 0.0214, "bus_lcSublane": 0.008, "bus_sigma": 0.4475, "bus_tau_mean": 3.9771, "bus_tau_std": 3.2971, "bus_v_mean": 9.9934, "bus_v_std": 6.1409, "car_acc": 1.5342, "car_dcc": 3.9163, "car_lcAssertive": 42.0041, "car_lcCooperative": 0.3832, "car_lcLookaheadLeft": 53.7202, "car_lcPushy": 0.5318, "car_lcSigma": 0.1655, "car_lcSpeedGainRight": 3.7042, "car_lcSublane": 0.723, "car_sigma": 0.9803, "car_tau_mean": 3.4017, "car_tau_std": 3.0787, "car_v_mean": 24.6389, "car_v_std": 8.304}, "datetime": {"datetime": "2024-09-05 14:43:15", "elapsed": 14050.745376, "delta": 38.905424}}
{"target": -0.21059450370452906, "params": {"bus_acc": 1.282, "bus_dcc": 1.6027, "bus_lcAssertive": 50.0829, "bus_lcCooperative": 0.1483, "bus_lcLookaheadLeft": 68.509, "bus_lcPushy": 0.5183, "bus_lcSigma": 0.419, "bus_lcSpeedGainRight": 4.7019, "bus_lcSublane": 0.7026, "bus_sigma": 0.8933, "bus_tau_mean": 2.1636, "bus_tau_std": 3.6512, "bus_v_mean": 18.2209, "bus_v_std": 4.0933, "car_acc": 3.5357, "car_dcc": 1.1462, "car_lcAssertive": 89.9283, "car_lcCooperative": 0.6547, "car_lcLookaheadLeft": 58.7932, "car_lcPushy": 0.9256, "car_lcSigma": 0.9389, "car_lcSpeedGainRight": 1.3892, "car_lcSublane": 0.0093, "car_sigma": 0.7982, "car_tau_mean": 2.8134, "car_tau_std": 9.7044, "car_v_mean": 18.1285, "car_v_std": 13.7659}, "datetime": {"datetime": "2024-09-05 14:43:31", "elapsed": 14067.361146, "delta": 16.61577}}
{"target": -0.20786547779788742, "params": {"bus_acc": 1.4908, "bus_dcc": 3.0927, "bus_lcAssertive": 31.0609, "bus_lcCooperative": 0.7042, "bus_lcLookaheadLeft": 31.0754, "bus_lcPushy": 0.3131, "bus_lcSigma": 0.9434, "bus_lcSpeedGainRight": 3.5904, "bus_lcSublane": 0.8873, "bus_sigma": 0.5269, "bus_tau_mean": 1.3026, "bus_tau_std": 4.6931, "bus_v_mean": 8.0236, "bus_v_std": 18.8723, "car_acc": 1.5478, "car_dcc": 3.2044, "car_lcAssertive": 9.2369, "car_lcCooperative": 0.8645, "car_lcLookaheadLeft": 59.0012, "car_lcPushy": 0.825, "car_lcSigma": 0.8838, "car_lcSpeedGainRight": 0.627, "car_lcSublane": 0.1692, "car_sigma": 0.6859, "car_tau_mean": 1.1862, "car_tau_std": 5.6254, "car_v_mean": 19.2314, "car_v_std": 4.7303}, "datetime": {"datetime": "2024-09-05 14:43:48", "elapsed": 14083.746328, "delta": 16.385182}}
{"target": -0.21395301762553476, "params": {"bus_acc": 1.3383, "bus_dcc": 1.8888, "bus_lcAssertive": 53.5199, "bus_lcCooperative": 0.086, "bus_lcLookaheadLeft": 24.0399, "bus_lcPushy": 0.1332, "bus_lcSigma": 0.3058, "bus_lcSpeedGainRight": 2.3193, "bus_lcSublane": 0.554, "bus_sigma": 0.1487, "bus_tau_mean": 0.7077, "bus_tau_std": 9.4291, "bus_v_mean": 24.8669, "bus_v_std": 1.5649, "car_acc": 2.5447, "car_dcc": 0.3635, "car_lcAssertive": 80.6572, "car_lcCooperative": 0.5634, "car_lcLookaheadLeft": 5.6424, "car_lcPushy": 0.2716, "car_lcSigma": 0.7252, "car_lcSpeedGainRight": 3.8223, "car_lcSublane": 0.1786, "car_sigma": 0.4048, "car_tau_mean": 1.048, "car_tau_std": 8.4425, "car_v_mean": 24.0725, "car_v_std": 14.6285}, "datetime": {"datetime": "2024-09-05 14:44:04", "elapsed": 14099.964212, "delta": 16.217884}}
{"target": -0.5028612792724138, "params": {"bus_acc": 0.6612, "bus_dcc": 1.2349, "bus_lcAssertive": 70.9284, "bus_lcCooperative": 0.7808, "bus_lcLookaheadLeft": 34.9935, "bus_lcPushy": 0.8143, "bus_lcSigma": 0.2724, "bus_lcSpeedGainRight": 1.3262, "bus_lcSublane": 0.4039, "bus_sigma": 0.8458, "bus_tau_mean": 2.9674, "bus_tau_std": 6.9955, "bus_v_mean": 13.4295, "bus_v_std": 10.8336, "car_acc": 0.2078, "car_dcc": 3.2508, "car_lcAssertive": 32.4406, "car_lcCooperative": 0.4806, "car_lcLookaheadLeft": 17.5554, "car_lcPushy": 0.7863, "car_lcSigma": 0.3425, "car_lcSpeedGainRight": 1.1182, "car_lcSublane": 0.2424, "car_sigma": 0.0565, "car_tau_mean": 2.0792, "car_tau_std": 9.0155, "car_v_mean": 19.8001, "car_v_std": 15.1965}, "datetime": {"datetime": "2024-09-05 14:44:19", "elapsed": 14115.296301, "delta": 15.332089}}
