{"target": -0.15719752961751474, "params": {"bus_acc": 2.5899, "bus_dcc": 1.3755, "bus_lcAssertive": 55.426, "bus_lcCooperative": 0.5265, "bus_lcLookaheadLeft": 30.9072, "bus_lcPushy": 0.4361, "bus_lcSigma": 0.8265, "bus_lcSpeedGainRight": 2.127, "bus_lcSublane": 0.0796, "bus_sigma": 0.3114, "bus_tau_mean": 3.5586, "bus_tau_std": 0.4185, "bus_v_mean": 17.23, "bus_v_std": 18.1681, "car_acc": 0.4043, "car_dcc": 0.2559, "car_lcAssertive": 58.974, "car_lcCooperative": 0.908, "car_lcLookaheadLeft": 61.1589, "car_lcPushy": 0.6821, "car_lcSigma": 0.0447, "car_lcSpeedGainRight": 0.3606, "car_lcSublane": 0.8666, "car_sigma": 0.5471, "car_tau_mean": 1.6344, "car_tau_std": 7.6268, "car_v_mean": 12.9105, "car_v_std": 2.1528}, "datetime": {"datetime": "2024-09-05 11:24:53", "elapsed": 2148.624914, "delta": 3.049243}}
{"target": -0.17304261248976757, "params": {"bus_acc": 1.751, "bus_dcc": 0.7646, "bus_lcAssertive": 56.055, "bus_lcCooperative": 0.715, "bus_lcLookaheadLeft": 16.1696, "bus_lcPushy": 0.2744, "bus_lcSigma": 0.6596, "bus_lcSpeedGainRight": 3.0023, "bus_lcSublane": 0.6316, "bus_sigma": 0.7195, "bus_tau_mean": 3.2522, "bus_tau_std": 1.7739, "bus_v_mean": 10.0616, "bus_v_std": 0.4771, "car_acc": 2.5929, "car_dcc": 2.2778, "car_lcAssertive": 27.2914, "car_lcCooperative": 0.9336, "car_lcLookaheadLeft": 13.3852, "car_lcPushy": 0.5332, "car_lcSigma": 0.3435, "car_lcSpeedGainRight": 4.6098, "car_lcSublane": 0.0552, "car_sigma": 0.4165, "car_tau_mean": 2.1437, "car_tau_std": 9.8768, "car_v_mean": 16.0186, "car_v_std": 15.2802}, "datetime": {"datetime": "2024-09-05 11:24:59", "elapsed": 2155.325466, "delta": 6.700552}}
{"target": -0.21228576348974545, "params": {"bus_acc": 2.7662, "bus_dcc": 2.2408, "bus_lcAssertive": 40.1446, "bus_lcCooperative": 0.0699, "bus_lcLookaheadLeft": 64.6761, "bus_lcPushy": 0.5701, "bus_lcSigma": 0.4477, "bus_lcSpeedGainRight": 1.2479, "bus_lcSublane": 0.6157, "bus_sigma": 0.6826, "bus_tau_mean": 1.8549, "bus_tau_std": 1.1722, "bus_v_mean": 14.584, "bus_v_std": 17.4175, "car_acc": 1.7224, "car_dcc": 1.3817, "car_lcAssertive": 78.4114, "car_lcCooperative": 0.8835, "car_lcLookaheadLeft": 52.4237, "car_lcPushy": 0.4099, "car_lcSigma": 0.885, "car_lcSpeedGainRight": 4.7953, "car_lcSublane": 0.4667, "car_sigma": 0.9063, "car_tau_mean": 3.508, "car_tau_std": 1.7449, "car_v_mean": 10.2598, "car_v_std": 19.1269}, "datetime": {"datetime": "2024-09-05 11:25:01", "elapsed": 2156.650925, "delta": 1.325459}}
{"target": -0.4629919950036476, "params": {"bus_acc": 1.2571, "bus_dcc": 2.8676, "bus_lcAssertive": 82.0994, "bus_lcCooperative": 0.2388, "bus_lcLookaheadLeft": 65.7041, "bus_lcPushy": 0.4373, "bus_lcSigma": 0.7377, "bus_lcSpeedGainRight": 1.0594, "bus_lcSublane": 0.6086, "bus_sigma": 0.9479, "bus_tau_mean": 2.9748, "bus_tau_std": 9.9544, "bus_v_mean": 15.0312, "bus_v_std": 4.832, "car_acc": 3.1891, "car_dcc": 0.2201, "car_lcAssertive": 84.3754, "car_lcCooperative": 0.6727, "car_lcLookaheadLeft": 46.8499, "car_lcPushy": 0.1649, "car_lcSigma": 0.2985, "car_lcSpeedGainRight": 1.8472, "car_lcSublane": 0.9999, "car_sigma": 0.7359, "car_tau_mean": 2.2099, "car_tau_std": 1.3099, "car_v_mean": 14.41, "car_v_std": 5.0451}, "datetime": {"datetime": "2024-09-05 11:25:03", "elapsed": 2158.617824, "delta": 1.966899}}
{"target": -0.18949953427825206, "params": {"bus_acc": 3.646, "bus_dcc": 2.2591, "bus_lcAssertive": 94.7365, "bus_lcCooperative": 0.4365, "bus_lcLookaheadLeft": 25.8432, "bus_lcPushy": 0.5739, "bus_lcSigma": 0.9618, "bus_lcSpeedGainRight": 1.1256, "bus_lcSublane": 0.6774, "bus_sigma": 0.3542, "bus_tau_mean": 3.9295, "bus_tau_std": 3.3969, "bus_v_mean": 22.2717, "bus_v_std": 5.0165, "car_acc": 3.4726, "car_dcc": 3.6578, "car_lcAssertive": 15.0752, "car_lcCooperative": 0.7162, "car_lcLookaheadLeft": 19.2335, "car_lcPushy": 0.9224, "car_lcSigma": 0.9342, "car_lcSpeedGainRight": 0.3018, "car_lcSublane": 0.1474, "car_sigma": 0.0206, "car_tau_mean": 2.7038, "car_tau_std": 9.8525, "car_v_mean": 20.9496, "car_v_std": 8.06}, "datetime": {"datetime": "2024-09-05 11:25:06", "elapsed": 2162.290957, "delta": 3.673133}}
{"target": -0.20975926058036984, "params": {"bus_acc": 0.7037, "bus_dcc": 2.3886, "bus_lcAssertive": 14.1095, "bus_lcCooperative": 0.2901, "bus_lcLookaheadLeft": 44.0645, "bus_lcPushy": 0.3219, "bus_lcSigma": 0.1695, "bus_lcSpeedGainRight": 0.0713, "bus_lcSublane": 0.8122, "bus_sigma": 0.6838, "bus_tau_mean": 3.3342, "bus_tau_std": 3.2381, "bus_v_mean": 13.4576, "bus_v_std": 15.5453, "car_acc": 0.3528, "car_dcc": 1.7866, "car_lcAssertive": 18.2369, "car_lcCooperative": 0.2512, "car_lcLookaheadLeft": 3.3934, "car_lcPushy": 0.4563, "car_lcSigma": 0.8824, "car_lcSpeedGainRight": 0.8128, "car_lcSublane": 0.2651, "car_sigma": 0.806, "car_tau_mean": 1.7106, "car_tau_std": 8.673, "car_v_mean": 20.1563, "car_v_std": 16.667}, "datetime": {"datetime": "2024-09-05 11:25:08", "elapsed": 2164.227012, "delta": 1.936055}}
{"target": -0.3109805999144904, "params": {"bus_acc": 0.3189, "bus_dcc": 2.2387, "bus_lcAssertive": 48.4045, "bus_lcCooperative": 0.4124, "bus_lcLookaheadLeft": 85.2549, "bus_lcPushy": 0.0605, "bus_lcSigma": 0.6233, "bus_lcSpeedGainRight": 0.6277, "bus_lcSublane": 0.7529, "bus_sigma": 0.9783, "bus_tau_mean": 3.4215, "bus_tau_std": 4.1149, "bus_v_mean": 22.6297, "bus_v_std": 12.4945, "car_acc": 1.4768, "car_dcc": 3.138, "car_lcAssertive": 59.1433, "car_lcCooperative": 0.6098, "car_lcLookaheadLeft": 53.0525, "car_lcPushy": 0.4651, "car_lcSigma": 0.5352, "car_lcSpeedGainRight": 2.5804, "car_lcSublane": 0.6763, "car_sigma": 0.5583, "car_tau_mean": 0.9503, "car_tau_std": 3.7332, "car_v_mean": 21.0607, "car_v_std": 7.4194}, "datetime": {"datetime": "2024-09-05 11:25:22", "elapsed": 2177.488631, "delta": 13.261619}}
{"target": -0.2547761801914801, "params": {"bus_acc": 2.8622, "bus_dcc": 1.0804, "bus_lcAssertive": 44.1194, "bus_lcCooperative": 0.2489, "bus_lcLookaheadLeft": 21.09, "bus_lcPushy": 0.622, "bus_lcSigma": 0.7218, "bus_lcSpeedGainRight": 2.3201, "bus_lcSublane": 0.8124, "bus_sigma": 0.9265, "bus_tau_mean": 1.8832, "bus_tau_std": 5.4178, "bus_v_mean": 17.9175, "bus_v_std": 14.572, "car_acc": 2.7653, "car_dcc": 0.5684, "car_lcAssertive": 60.5607, "car_lcCooperative": 0.1147, "car_lcLookaheadLeft": 54.1205, "car_lcPushy": 0.4809, "car_lcSigma": 0.275, "car_lcSpeedGainRight": 2.5749, "car_lcSublane": 0.7724, "car_sigma": 0.329, "car_tau_mean": 1.7939, "car_tau_std": 9.962, "car_v_mean": 9.2554, "car_v_std": 19.6103}, "datetime": {"datetime": "2024-09-05 11:25:36", "elapsed": 2192.02033, "delta": 14.531699}}
{"target": -0.20670215623898436, "params": {"bus_acc": 0.7998, "bus_dcc": 2.7831, "bus_lcAssertive": 77.1353, "bus_lcCooperative": 0.1322, "bus_lcLookaheadLeft": 85.564, "bus_lcPushy": 0.9954, "bus_lcSigma": 0.5544, "bus_lcSpeedGainRight": 0.9135, "bus_lcSublane": 0.2356, "bus_sigma": 0.1923, "bus_tau_mean": 3.4925, "bus_tau_std": 7.9725, "bus_v_mean": 23.4114, "bus_v_std": 11.4261, "car_acc": 0.4787, "car_dcc": 0.7021, "car_lcAssertive": 59.1656, "car_lcCooperative": 0.4033, "car_lcLookaheadLeft": 92.0389, "car_lcPushy": 0.7652, "car_lcSigma": 0.6095, "car_lcSpeedGainRight": 0.0403, "car_lcSublane": 0.3523, "car_sigma": 0.2319, "car_tau_mean": 3.0544, "car_tau_std": 6.7811, "car_v_mean": 13.2037, "car_v_std": 11.6954}, "datetime": {"datetime": "2024-09-05 11:26:00", "elapsed": 2216.244896, "delta": 24.224566}}
{"target": -0.175455903260337, "params": {"bus_acc": 1.4471, "bus_dcc": 1.4264, "bus_lcAssertive": 11.225, "bus_lcCooperative": 0.8645, "bus_lcLookaheadLeft": 10.7703, "bus_lcPushy": 0.7256, "bus_lcSigma": 0.0828, "bus_lcSpeedGainRight": 3.9612, "bus_lcSublane": 0.2946, "bus_sigma": 0.355, "bus_tau_mean": 2.3396, "bus_tau_std": 9.1612, "bus_v_mean": 17.588, "bus_v_std": 19.8754, "car_acc": 2.997, "car_dcc": 3.2359, "car_lcAssertive": 52.8777, "car_lcCooperative": 0.1133, "car_lcLookaheadLeft": 80.0419, "car_lcPushy": 0.5811, "car_lcSigma": 0.2677, "car_lcSpeedGainRight": 1.0376, "car_lcSublane": 0.1107, "car_sigma": 0.9397, "car_tau_mean": 2.6715, "car_tau_std": 4.583, "car_v_mean": 20.6989, "car_v_std": 8.9825}, "datetime": {"datetime": "2024-09-05 11:26:03", "elapsed": 2218.722472, "delta": 2.477576}}
{"target": -3.1368142963462393, "params": {"bus_acc": 1.5542, "bus_dcc": 3.022, "bus_lcAssertive": 5.2044, "bus_lcCooperative": 0.1331, "bus_lcLookaheadLeft": 20.3622, "bus_lcPushy": 0.3295, "bus_lcSigma": 0.6769, "bus_lcSpeedGainRight": 3.7045, "bus_lcSublane": 0.3638, "bus_sigma": 0.0233, "bus_tau_mean": 1.0671, "bus_tau_std": 1.5041, "bus_v_mean": 9.3036, "bus_v_std": 7.2462, "car_acc": 3.7228, "car_dcc": 2.8188, "car_lcAssertive": 38.7027, "car_lcCooperative": 0.4702, "car_lcLookaheadLeft": 11.6364, "car_lcPushy": 0.3349, "car_lcSigma": 0.8197, "car_lcSpeedGainRight": 2.3133, "car_lcSublane": 0.0569, "car_sigma": 0.2248, "car_tau_mean": 3.9377, "car_tau_std": 3.2745, "car_v_mean": 21.906, "car_v_std": 13.5708}, "datetime": {"datetime": "2024-09-05 11:26:05", "elapsed": 2221.017583, "delta": 2.295111}}
{"target": -0.5510639364135502, "params": {"bus_acc": 2.8438, "bus_dcc": 1.5368, "bus_lcAssertive": 67.2133, "bus_lcCooperative": 0.8478, "bus_lcLookaheadLeft": 48.2635, "bus_lcPushy": 0.289, "bus_lcSigma": 0.6548, "bus_lcSpeedGainRight": 4.3893, "bus_lcSublane": 0.8625, "bus_sigma": 0.4904, "bus_tau_mean": 2.2451, "bus_tau_std": 1.7589, "bus_v_mean": 23.7299, "bus_v_std": 8.2287, "car_acc": 2.3731, "car_dcc": 1.6543, "car_lcAssertive": 44.2259, "car_lcCooperative": 0.2474, "car_lcLookaheadLeft": 54.5568, "car_lcPushy": 0.8589, "car_lcSigma": 0.1948, "car_lcSpeedGainRight": 4.7386, "car_lcSublane": 0.8635, "car_sigma": 0.6612, "car_tau_mean": 0.6487, "car_tau_std": 9.446, "car_v_mean": 17.1076, "car_v_std": 12.3174}, "datetime": {"datetime": "2024-09-05 11:26:19", "elapsed": 2234.930634, "delta": 13.913051}}
{"target": -0.1678411733388261, "params": {"bus_acc": 2.5553, "bus_dcc": 1.9681, "bus_lcAssertive": 3.2288, "bus_lcCooperative": 0.1636, "bus_lcLookaheadLeft": 17.0936, "bus_lcPushy": 0.5591, "bus_lcSigma": 0.2045, "bus_lcSpeedGainRight": 0.5503, "bus_lcSublane": 0.0654, "bus_sigma": 0.1015, "bus_tau_mean": 1.0858, "bus_tau_std": 7.4494, "bus_v_mean": 9.5197, "bus_v_std": 9.6747, "car_acc": 3.0208, "car_dcc": 3.0065, "car_lcAssertive": 27.0876, "car_lcCooperative": 0.1107, "car_lcLookaheadLeft": 57.9077, "car_lcPushy": 0.294, "car_lcSigma": 0.6028, "car_lcSpeedGainRight": 1.4191, "car_lcSublane": 0.9092, "car_sigma": 0.2595, "car_tau_mean": 2.1653, "car_tau_std": 4.514, "car_v_mean": 22.8882, "car_v_std": 10.8205}, "datetime": {"datetime": "2024-09-05 11:26:21", "elapsed": 2236.802548, "delta": 1.871914}}
{"target": -0.20382089586894958, "params": {"bus_acc": 3.2074, "bus_dcc": 3.6153, "bus_lcAssertive": 45.3645, "bus_lcCooperative": 0.776, "bus_lcLookaheadLeft": 10.1908, "bus_lcPushy": 0.8005, "bus_lcSigma": 0.4197, "bus_lcSpeedGainRight": 1.9261, "bus_lcSublane": 0.0606, "bus_sigma": 0.4319, "bus_tau_mean": 3.4181, "bus_tau_std": 3.5777, "bus_v_mean": 12.4345, "bus_v_std": 6.1714, "car_acc": 1.2203, "car_dcc": 3.9742, "car_lcAssertive": 48.7639, "car_lcCooperative": 0.0418, "car_lcLookaheadLeft": 16.3368, "car_lcPushy": 0.6902, "car_lcSigma": 0.7655, "car_lcSpeedGainRight": 0.9718, "car_lcSublane": 0.3708, "car_sigma": 0.4738, "car_tau_mean": 3.4052, "car_tau_std": 5.41, "car_v_mean": 12.6308, "car_v_std": 5.7959}, "datetime": {"datetime": "2024-09-05 11:26:30", "elapsed": 2245.499874, "delta": 8.697326}}
{"target": -0.2012205084729444, "params": {"bus_acc": 3.1668, "bus_dcc": 3.579, "bus_lcAssertive": 93.604, "bus_lcCooperative": 0.7786, "bus_lcLookaheadLeft": 60.8383, "bus_lcPushy": 0.9939, "bus_lcSigma": 0.6328, "bus_lcSpeedGainRight": 0.1609, "bus_lcSublane": 0.2287, "bus_sigma": 0.36, "bus_tau_mean": 2.094, "bus_tau_std": 4.6862, "bus_v_mean": 13.8846, "bus_v_std": 6.6801, "car_acc": 0.4949, "car_dcc": 2.158, "car_lcAssertive": 58.0841, "car_lcCooperative": 0.4652, "car_lcLookaheadLeft": 63.4954, "car_lcPushy": 0.1593, "car_lcSigma": 0.7752, "car_lcSpeedGainRight": 1.1223, "car_lcSublane": 0.2227, "car_sigma": 0.0888, "car_tau_mean": 3.2268, "car_tau_std": 5.677, "car_v_mean": 9.431, "car_v_std": 0.877}, "datetime": {"datetime": "2024-09-05 11:26:42", "elapsed": 2258.429673, "delta": 12.929799}}
{"target": -0.39821694646438305, "params": {"bus_acc": 1.0866, "bus_dcc": 1.9521, "bus_lcAssertive": 7.5994, "bus_lcCooperative": 0.3426, "bus_lcLookaheadLeft": 49.5784, "bus_lcPushy": 0.8848, "bus_lcSigma": 0.684, "bus_lcSpeedGainRight": 4.855, "bus_lcSublane": 0.4525, "bus_sigma": 0.8564, "bus_tau_mean": 3.7978, "bus_tau_std": 9.2233, "bus_v_mean": 17.7956, "bus_v_std": 2.6866, "car_acc": 0.2655, "car_dcc": 2.5036, "car_lcAssertive": 98.559, "car_lcCooperative": 0.2502, "car_lcLookaheadLeft": 38.2852, "car_lcPushy": 0.0945, "car_lcSigma": 0.3673, "car_lcSpeedGainRight": 4.5924, "car_lcSublane": 0.8033, "car_sigma": 0.0113, "car_tau_mean": 2.1109, "car_tau_std": 9.104, "car_v_mean": 18.4096, "car_v_std": 19.6371}, "datetime": {"datetime": "2024-09-05 11:26:57", "elapsed": 2272.875128, "delta": 14.445455}}
{"target": -0.16410965279042936, "params": {"bus_acc": 2.9802, "bus_dcc": 2.7373, "bus_lcAssertive": 70.431, "bus_lcCooperative": 0.6466, "bus_lcLookaheadLeft": 44.2067, "bus_lcPushy": 0.5352, "bus_lcSigma": 0.298, "bus_lcSpeedGainRight": 2.261, "bus_lcSublane": 0.6112, "bus_sigma": 0.2321, "bus_tau_mean": 2.9899, "bus_tau_std": 4.5785, "bus_v_mean": 8.4061, "bus_v_std": 8.2569, "car_acc": 2.1473, "car_dcc": 3.0397, "car_lcAssertive": 5.2954, "car_lcCooperative": 0.0234, "car_lcLookaheadLeft": 4.0731, "car_lcPushy": 0.5621, "car_lcSigma": 0.7748, "car_lcSpeedGainRight": 0.4736, "car_lcSublane": 0.1507, "car_sigma": 0.9848, "car_tau_mean": 2.2384, "car_tau_std": 7.5295, "car_v_mean": 22.46, "car_v_std": 5.7854}, "datetime": {"datetime": "2024-09-05 11:27:05", "elapsed": 2281.068607, "delta": 8.193479}}
{"target": -0.18474926724584093, "params": {"bus_acc": 2.9218, "bus_dcc": 2.7127, "bus_lcAssertive": 12.1742, "bus_lcCooperative": 0.5562, "bus_lcLookaheadLeft": 59.4168, "bus_lcPushy": 0.6004, "bus_lcSigma": 0.6604, "bus_lcSpeedGainRight": 2.3036, "bus_lcSublane": 0.3953, "bus_sigma": 0.5955, "bus_tau_mean": 1.1242, "bus_tau_std": 4.786, "bus_v_mean": 19.013, "bus_v_std": 10.209, "car_acc": 0.6403, "car_dcc": 2.4248, "car_lcAssertive": 29.1122, "car_lcCooperative": 0.3028, "car_lcLookaheadLeft": 36.567, "car_lcPushy": 0.2068, "car_lcSigma": 0.0156, "car_lcSpeedGainRight": 0.1995, "car_lcSublane": 0.5169, "car_sigma": 0.4337, "car_tau_mean": 3.3892, "car_tau_std": 5.398, "car_v_mean": 16.6164, "car_v_std": 13.2726}, "datetime": {"datetime": "2024-09-05 11:27:16", "elapsed": 2292.120076, "delta": 11.051469}}
{"target": -0.19831977816650145, "params": {"bus_acc": 0.8241, "bus_dcc": 2.1623, "bus_lcAssertive": 91.9332, "bus_lcCooperative": 0.46, "bus_lcLookaheadLeft": 24.0511, "bus_lcPushy": 0.6223, "bus_lcSigma": 0.2053, "bus_lcSpeedGainRight": 1.9528, "bus_lcSublane": 0.4684, "bus_sigma": 0.6043, "bus_tau_mean": 2.1334, "bus_tau_std": 9.0078, "bus_v_mean": 24.4599, "bus_v_std": 10.3204, "car_acc": 1.6537, "car_dcc": 0.7871, "car_lcAssertive": 90.924, "car_lcCooperative": 0.2385, "car_lcLookaheadLeft": 48.6107, "car_lcPushy": 0.8046, "car_lcSigma": 0.725, "car_lcSpeedGainRight": 0.0711, "car_lcSublane": 0.5059, "car_sigma": 0.6676, "car_tau_mean": 2.5744, "car_tau_std": 7.7835, "car_v_mean": 14.8533, "car_v_std": 9.2947}, "datetime": {"datetime": "2024-09-05 11:27:19", "elapsed": 2294.730539, "delta": 2.610463}}
{"target": -0.1910320143278784, "params": {"bus_acc": 0.3165, "bus_dcc": 0.8812, "bus_lcAssertive": 59.2386, "bus_lcCooperative": 0.4151, "bus_lcLookaheadLeft": 24.8876, "bus_lcPushy": 0.0673, "bus_lcSigma": 0.3403, "bus_lcSpeedGainRight": 3.2114, "bus_lcSublane": 0.1995, "bus_sigma": 0.3092, "bus_tau_mean": 1.498, "bus_tau_std": 9.2184, "bus_v_mean": 8.4393, "bus_v_std": 3.2957, "car_acc": 2.0846, "car_dcc": 0.2227, "car_lcAssertive": 68.4439, "car_lcCooperative": 0.1763, "car_lcLookaheadLeft": 62.8816, "car_lcPushy": 0.4689, "car_lcSigma": 0.0722, "car_lcSpeedGainRight": 3.1311, "car_lcSublane": 0.8053, "car_sigma": 0.8038, "car_tau_mean": 3.6142, "car_tau_std": 3.9474, "car_v_mean": 8.7602, "car_v_std": 15.31}, "datetime": {"datetime": "2024-09-05 11:27:23", "elapsed": 2299.203596, "delta": 4.473057}}
{"target": -0.18129563954859065, "params": {"bus_acc": 2.9617, "bus_dcc": 1.3089, "bus_lcAssertive": 98.5806, "bus_lcCooperative": 0.2724, "bus_lcLookaheadLeft": 68.9582, "bus_lcPushy": 0.6028, "bus_lcSigma": 0.9666, "bus_lcSpeedGainRight": 1.7961, "bus_lcSublane": 0.9759, "bus_sigma": 0.7786, "bus_tau_mean": 3.1992, "bus_tau_std": 9.2687, "bus_v_mean": 19.2208, "bus_v_std": 1.8078, "car_acc": 0.6072, "car_dcc": 1.6549, "car_lcAssertive": 19.9144, "car_lcCooperative": 0.1376, "car_lcLookaheadLeft": 47.4512, "car_lcPushy": 0.7174, "car_lcSigma": 0.6005, "car_lcSpeedGainRight": 3.5749, "car_lcSublane": 0.4679, "car_sigma": 0.8951, "car_tau_mean": 3.567, "car_tau_std": 5.3165, "car_v_mean": 12.6786, "car_v_std": 13.3228}, "datetime": {"datetime": "2024-09-05 11:27:36", "elapsed": 2312.278103, "delta": 13.074507}}
{"target": -0.21342625328327272, "params": {"bus_acc": 0.9553, "bus_dcc": 0.914, "bus_lcAssertive": 27.9625, "bus_lcCooperative": 0.3741, "bus_lcLookaheadLeft": 95.579, "bus_lcPushy": 0.4412, "bus_lcSigma": 0.1798, "bus_lcSpeedGainRight": 3.5811, "bus_lcSublane": 0.7522, "bus_sigma": 0.5161, "bus_tau_mean": 3.7987, "bus_tau_std": 4.945, "bus_v_mean": 12.5389, "bus_v_std": 19.7256, "car_acc": 1.0561, "car_dcc": 1.4045, "car_lcAssertive": 14.1926, "car_lcCooperative": 0.8432, "car_lcLookaheadLeft": 10.8408, "car_lcPushy": 0.75, "car_lcSigma": 0.2781, "car_lcSpeedGainRight": 1.2115, "car_lcSublane": 0.3029, "car_sigma": 0.7662, "car_tau_mean": 3.1588, "car_tau_std": 8.7755, "car_v_mean": 15.8014, "car_v_std": 10.3346}, "datetime": {"datetime": "2024-09-05 11:27:44", "elapsed": 2320.408128, "delta": 8.130025}}
{"target": -0.19412579995526616, "params": {"bus_acc": 1.6093, "bus_dcc": 2.2455, "bus_lcAssertive": 24.8243, "bus_lcCooperative": 0.0953, "bus_lcLookaheadLeft": 12.4038, "bus_lcPushy": 0.9185, "bus_lcSigma": 0.5327, "bus_lcSpeedGainRight": 1.8842, "bus_lcSublane": 0.8286, "bus_sigma": 0.7605, "bus_tau_mean": 0.7797, "bus_tau_std": 8.8688, "bus_v_mean": 11.2907, "bus_v_std": 17.013, "car_acc": 1.8489, "car_dcc": 1.8964, "car_lcAssertive": 50.5221, "car_lcCooperative": 0.1633, "car_lcLookaheadLeft": 9.6248, "car_lcPushy": 0.7908, "car_lcSigma": 0.1333, "car_lcSpeedGainRight": 0.6773, "car_lcSublane": 0.3464, "car_sigma": 0.8431, "car_tau_mean": 3.5178, "car_tau_std": 8.6683, "car_v_mean": 10.9718, "car_v_std": 7.2561}, "datetime": {"datetime": "2024-09-05 11:27:47", "elapsed": 2322.73796, "delta": 2.329832}}
{"target": -0.7408326453484201, "params": {"bus_acc": 2.8695, "bus_dcc": 0.9085, "bus_lcAssertive": 69.6518, "bus_lcCooperative": 0.7003, "bus_lcLookaheadLeft": 5.8947, "bus_lcPushy": 0.8547, "bus_lcSigma": 0.9902, "bus_lcSpeedGainRight": 0.4209, "bus_lcSublane": 0.1314, "bus_sigma": 0.1562, "bus_tau_mean": 1.4224, "bus_tau_std": 0.7046, "bus_v_mean": 20.8118, "bus_v_std": 4.8316, "car_acc": 0.8589, "car_dcc": 2.2989, "car_lcAssertive": 83.6277, "car_lcCooperative": 0.9651, "car_lcLookaheadLeft": 68.4186, "car_lcPushy": 0.6502, "car_lcSigma": 0.3156, "car_lcSpeedGainRight": 1.8925, "car_lcSublane": 0.8195, "car_sigma": 0.6161, "car_tau_mean": 2.0097, "car_tau_std": 3.5003, "car_v_mean": 15.1154, "car_v_std": 15.7358}, "datetime": {"datetime": "2024-09-05 11:28:06", "elapsed": 2342.065965, "delta": 19.328005}}
{"target": -0.19511917885104033, "params": {"bus_acc": 3.9114, "bus_dcc": 2.9341, "bus_lcAssertive": 11.3635, "bus_lcCooperative": 0.3671, "bus_lcLookaheadLeft": 55.9271, "bus_lcPushy": 0.1936, "bus_lcSigma": 0.8917, "bus_lcSpeedGainRight": 2.898, "bus_lcSublane": 0.8856, "bus_sigma": 0.5506, "bus_tau_mean": 1.3223, "bus_tau_std": 2.3676, "bus_v_mean": 22.9388, "bus_v_std": 19.3286, "car_acc": 0.5854, "car_dcc": 3.4802, "car_lcAssertive": 18.527, "car_lcCooperative": 0.621, "car_lcLookaheadLeft": 93.0778, "car_lcPushy": 0.7576, "car_lcSigma": 0.5339, "car_lcSpeedGainRight": 3.3318, "car_lcSublane": 0.0211, "car_sigma": 0.0987, "car_tau_mean": 1.4432, "car_tau_std": 6.1813, "car_v_mean": 18.5685, "car_v_std": 6.9015}, "datetime": {"datetime": "2024-09-05 11:28:15", "elapsed": 2350.484922, "delta": 8.418957}}
{"target": -0.22023330929759435, "params": {"bus_acc": 2.0583, "bus_dcc": 3.0637, "bus_lcAssertive": 60.3672, "bus_lcCooperative": 0.8259, "bus_lcLookaheadLeft": 91.8316, "bus_lcPushy": 0.5841, "bus_lcSigma": 0.0811, "bus_lcSpeedGainRight": 0.131, "bus_lcSublane": 0.712, "bus_sigma": 0.4797, "bus_tau_mean": 1.6872, "bus_tau_std": 4.2311, "bus_v_mean": 12.014, "bus_v_std": 18.6716, "car_acc": 1.98, "car_dcc": 0.3699, "car_lcAssertive": 35.476, "car_lcCooperative": 0.3549, "car_lcLookaheadLeft": 68.1784, "car_lcPushy": 0.6244, "car_lcSigma": 0.2683, "car_lcSpeedGainRight": 2.6555, "car_lcSublane": 0.0296, "car_sigma": 0.4356, "car_tau_mean": 3.2101, "car_tau_std": 1.573, "car_v_mean": 8.053, "car_v_std": 17.6014}, "datetime": {"datetime": "2024-09-05 11:28:18", "elapsed": 2354.373435, "delta": 3.888513}}
