{"target": -0.34788396740021005, "params": {"bus_acc": 1.1850288774728006, "bus_dcc": 1.4419566024922255, "bus_lcAssertive": 25.696758463437387, "bus_lcCooperative": 0.21926791032506077, "bus_lcLookaheadLeft": 80.3667620774342, "bus_lcPushy": 0.5023950058982584, "bus_lcSigma": 0.08318988869699773, "bus_lcSpeedGainRight": 3.8849209601369017, "bus_lcSublane": 0.5336490760837309, "bus_sigma": 0.739387787346382, "bus_tau_mean": 2.303877926000925, "bus_tau_std": 3.9994592398513173, "bus_v_mean": 25.75244208385331, "bus_v_std": 0.5648524032582536, "car_acc": 3.7445028502664615, "car_dcc": 3.7372488774878785, "car_lcAssertive": 39.70095243864435, "car_lcCooperative": 0.2144648711333198, "car_lcLookaheadLeft": 62.68290319745742, "car_lcPushy": 0.17797233547016944, "car_lcSigma": 0.8032081943280084, "car_lcSpeedGainRight": 1.2696692793886761, "car_lcSublane": 0.2908061550326779, "car_sigma": 0.915915790009957, "car_tau_mean": 3.6602089171604315, "car_tau_std": 5.3538089173052175, "car_v_mean": 23.53110165041508, "car_v_std": 7.050651376101236}, "datetime": {"datetime": "2024-08-11 17:42:45", "elapsed": 36.115897, "delta": 0.260356}}
{"target": -0.5735952203172734, "params": {"bus_acc": 1.3527135524925624, "bus_dcc": 0.28122865213466874, "bus_lcAssertive": 99.75101428010461, "bus_lcCooperative": 0.5820299763434618, "bus_lcLookaheadLeft": 30.750875291633548, "bus_lcPushy": 0.9289494618931157, "bus_lcSigma": 0.5071194235482045, "bus_lcSpeedGainRight": 2.2734611377620344, "bus_lcSublane": 0.5878715062961865, "bus_sigma": 0.2641376442105696, "bus_tau_mean": 1.5685090477160166, "bus_tau_std": 3.7165457672418247, "bus_v_mean": 12.400063988688995, "bus_v_std": 11.690945322332595, "car_acc": 2.8442153089428404, "car_dcc": 0.4733994366232043, "car_lcAssertive": 97.13724864292091, "car_lcCooperative": 0.7530706558694549, "car_lcLookaheadLeft": 81.00398996943402, "car_lcPushy": 0.7516404040812905, "car_lcSigma": 0.0800609772712173, "car_lcSpeedGainRight": 2.4084814151058853, "car_lcSublane": 0.44567295640165605, "car_sigma": 0.6724726505249299, "car_tau_mean": 2.070580405885127, "car_tau_std": 7.0431339838390965, "car_v_mean": 20.269616076847214, "car_v_std": 13.942970575055124}, "datetime": {"datetime": "2024-08-11 17:42:45", "elapsed": 36.422044, "delta": 0.306147}}
{"target": -0.5546991684851538, "params": {"bus_acc": 0.46948992178747145, "bus_dcc": 0.7798951507606331, "bus_lcAssertive": 2.6410124071924805, "bus_lcCooperative": 0.11379635644740682, "bus_lcLookaheadLeft": 65.87534904898885, "bus_lcPushy": 0.4026568521749192, "bus_lcSigma": 0.32102631416731586, "bus_lcSpeedGainRight": 2.7895599712188623, "bus_lcSublane": 0.9934604630998499, "bus_sigma": 0.8344865140180296, "bus_tau_mean": 2.9486811383985434, "bus_tau_std": 9.18258589132058, "bus_v_mean": 8.715116720295526, "bus_v_std": 1.4066688323105048, "car_acc": 2.0012239019546074, "car_dcc": 1.5268361692368937, "car_lcAssertive": 93.78795415071644, "car_lcCooperative": 0.48956496114516856, "car_lcLookaheadLeft": 54.88561278914836, "car_lcPushy": 0.8952603657312208, "car_lcSigma": 0.4466350458236905, "car_lcSpeedGainRight": 4.385171946351759, "car_lcSublane": 0.25358174937162836, "car_sigma": 0.27380970415810857, "car_tau_mean": 1.6492648653065656, "car_tau_std": 5.475642704809535, "car_v_mean": 11.962316132485661, "car_v_std": 13.428583421625467}, "datetime": {"datetime": "2024-08-11 17:42:46", "elapsed": 36.824056, "delta": 0.402012}}
{"target": -0.37478448937968106, "params": {"bus_acc": 2.8873129171798926, "bus_dcc": 2.4454222780635457, "bus_lcAssertive": 81.92084476931544, "bus_lcCooperative": 0.907644646099839, "bus_lcLookaheadLeft": 2.245740847456469, "bus_lcPushy": 0.39722776623376177, "bus_lcSigma": 0.5614096837184815, "bus_lcSpeedGainRight": 3.669615681424383, "bus_lcSublane": 0.08747276218504352, "bus_sigma": 0.3997549876808645, "bus_tau_mean": 1.478674128074471, "bus_tau_std": 4.235100531051829, "bus_v_mean": 16.96361538811919, "bus_v_std": 13.20030447052102, "car_acc": 2.0856973280870608, "car_dcc": 2.557779162299724, "car_lcAssertive": 58.66154632703304, "car_lcCooperative": 0.42833239803885637, "car_lcLookaheadLeft": 2.487683741704008, "car_lcPushy": 0.19451641385960183, "car_lcSigma": 0.3202066542862888, "car_lcSpeedGainRight": 0.7348906292746565, "car_lcSublane": 0.5986638816064357, "car_sigma": 0.6114994766596024, "car_tau_mean": 2.2503264085892534, "car_tau_std": 3.2084890160086452, "car_v_mean": 19.758644936440177, "car_v_std": 3.8056696535808743}, "datetime": {"datetime": "2024-08-11 17:42:46", "elapsed": 37.047518, "delta": 0.223462}}
{"target": -0.35936482838414213, "params": {"bus_acc": 0.5853989521488514, "bus_dcc": 2.9065302567095714, "bus_lcAssertive": 9.725381228617952, "bus_lcCooperative": 0.8660774293737196, "bus_lcLookaheadLeft": 86.61794715259819, "bus_lcPushy": 0.7084507915153727, "bus_lcSigma": 0.4864245738076861, "bus_lcSpeedGainRight": 3.4957328270645824, "bus_lcSublane": 0.3949870601017651, "bus_sigma": 0.7974959842933487, "bus_tau_mean": 3.252459787979467, "bus_tau_std": 1.5552858387362167, "bus_v_mean": 13.72071590631076, "bus_v_std": 6.879663535719807, "car_acc": 1.583847134883398, "car_dcc": 2.3532531154140153, "car_lcAssertive": 5.12705680950849, "car_lcCooperative": 0.6599697189638991, "car_lcLookaheadLeft": 21.759912387550166, "car_lcPushy": 0.4164625561731081, "car_lcSigma": 0.4508926565007, "car_lcSpeedGainRight": 1.7436338477382296, "car_lcSublane": 0.38328031012801256, "car_sigma": 0.18030606084775935, "car_tau_mean": 0.7384552008792604, "car_tau_std": 5.512566489358516, "car_v_mean": 18.725605021099717, "car_v_std": 2.909995784434176}, "datetime": {"datetime": "2024-08-11 17:42:46", "elapsed": 37.20874, "delta": 0.161222}}
{"target": -0.4168544097827218, "params": {"bus_acc": 1.4554886361744703, "bus_dcc": 3.405277679041891, "bus_lcAssertive": 43.41580511915627, "bus_lcCooperative": 0.8646861447635343, "bus_lcLookaheadLeft": 66.39241161304318, "bus_lcPushy": 0.5810356574180902, "bus_lcSigma": 0.200727488035091, "bus_lcSpeedGainRight": 2.6477330523919744, "bus_lcSublane": 0.8944324184275724, "bus_sigma": 0.30499397583521604, "bus_tau_mean": 3.548309632063687, "bus_tau_std": 9.087452728583882, "bus_v_mean": 13.937202128273881, "bus_v_std": 13.661487326731283, "car_acc": 3.6170396083506815, "car_dcc": 0.48764815068155276, "car_lcAssertive": 87.98019845727228, "car_lcCooperative": 0.1908393632684806, "car_lcLookaheadLeft": 85.2773531817572, "car_lcPushy": 0.6671187886992039, "car_lcSigma": 0.34433919545005387, "car_lcSpeedGainRight": 0.756877849963995, "car_lcSublane": 0.6353709614884534, "car_sigma": 0.8477880437147416, "car_tau_mean": 3.376472811674037, "car_tau_std": 6.282395971306578, "car_v_mean": 25.213427175594177, "car_v_std": 11.798462541515395}, "datetime": {"datetime": "2024-08-11 17:42:46", "elapsed": 37.517404, "delta": 0.308664}}
{"target": -0.4926125259227058, "params": {"bus_acc": 3.538911710000082, "bus_dcc": 1.1674828715101924, "bus_lcAssertive": 76.85264815507935, "bus_lcCooperative": 0.9410132668189013, "bus_lcLookaheadLeft": 2.1012274004579936, "bus_lcPushy": 0.47608911800210485, "bus_lcSigma": 0.6570403290247293, "bus_lcSpeedGainRight": 4.216616069597612, "bus_lcSublane": 0.18373941187600173, "bus_sigma": 0.8561592379873718, "bus_tau_mean": 1.7752791794995977, "bus_tau_std": 8.922739292761724, "bus_v_mean": 8.49881132220257, "bus_v_std": 1.7078027824634123, "car_acc": 3.9293597698656275, "car_dcc": 2.516107317939287, "car_lcAssertive": 42.345602334604145, "car_lcCooperative": 0.16921418469369054, "car_lcLookaheadLeft": 65.69031300278962, "car_lcPushy": 0.03697506835935782, "car_lcSigma": 0.31161391346070466, "car_lcSpeedGainRight": 1.6173959849453767, "car_lcSublane": 0.6074418935145536, "car_sigma": 0.6508312566756971, "car_tau_mean": 3.4611910973276427, "car_tau_std": 9.275809425975435, "car_v_mean": 19.888239096999794, "car_v_std": 11.563478368170763}, "datetime": {"datetime": "2024-08-11 17:42:47", "elapsed": 37.745893, "delta": 0.228489}}
{"target": -0.41331967520344176, "params": {"bus_acc": 1.9972668170680496, "bus_dcc": 1.8067988895467297, "bus_lcAssertive": 11.172899823542268, "bus_lcCooperative": 0.772580266631544, "bus_lcLookaheadLeft": 15.446188342011318, "bus_lcPushy": 0.424292374325812, "bus_lcSigma": 0.2719561124527795, "bus_lcSpeedGainRight": 1.5050397153995316, "bus_lcSublane": 0.6724207725864325, "bus_sigma": 0.5177867238134145, "bus_tau_mean": 1.165304676679792, "bus_tau_std": 4.691344398333771, "bus_v_mean": 14.111735638333464, "bus_v_std": 14.089943964962522, "car_acc": 1.059161769243686, "car_dcc": 3.4109549219617117, "car_lcAssertive": 53.0967368242714, "car_lcCooperative": 0.5006195729230891, "car_lcLookaheadLeft": 26.861209074992658, "car_lcPushy": 0.18615566973666398, "car_lcSigma": 0.4718190627375968, "car_lcSpeedGainRight": 4.909122089126287, "car_lcSublane": 0.13290623766182708, "car_sigma": 0.28346243242805713, "car_tau_mean": 3.3022441099920963, "car_tau_std": 6.647768985107549, "car_v_mean": 13.017651356481867, "car_v_std": 6.292952135502237}, "datetime": {"datetime": "2024-08-11 17:42:47", "elapsed": 37.963567, "delta": 0.217674}}
{"target": -0.4292126949484678, "params": {"bus_acc": 1.1545720967276691, "bus_dcc": 2.691890918032791, "bus_lcAssertive": 96.07931767378179, "bus_lcCooperative": 0.0035547604644260433, "bus_lcLookaheadLeft": 72.88938235064201, "bus_lcPushy": 0.10899503392964371, "bus_lcSigma": 0.5437874916638252, "bus_lcSpeedGainRight": 3.134580083401673, "bus_lcSublane": 0.24294712577080113, "bus_sigma": 0.9138438752466082, "bus_tau_mean": 2.6780938504206624, "bus_tau_std": 2.3169469139485988, "bus_v_mean": 21.862379376796536, "bus_v_std": 2.1101415999466955, "car_acc": 2.309856210419109, "car_dcc": 0.5608330652494677, "car_lcAssertive": 58.51742319482693, "car_lcCooperative": 0.2529801127201884, "car_lcLookaheadLeft": 65.64774717956513, "car_lcPushy": 0.71582695285818, "car_lcSigma": 0.5241856145686612, "car_lcSpeedGainRight": 3.2876070385155503, "car_lcSublane": 0.8132938453250557, "car_sigma": 0.8075122716430321, "car_tau_mean": 2.6688869721885196, "car_tau_std": 4.511024621207749, "car_v_mean": 15.343099802852613, "car_v_std": 17.494952398087268}, "datetime": {"datetime": "2024-08-11 17:42:49", "elapsed": 40.352058, "delta": 2.388491}}
{"target": -0.3664694353762495, "params": {"bus_acc": 1.1428235634286643, "bus_dcc": 3.4133368564783524, "bus_lcAssertive": 98.68106705184017, "bus_lcCooperative": 0.06657080313237929, "bus_lcLookaheadLeft": 71.9649471621622, "bus_lcPushy": 0.3301155521990743, "bus_lcSigma": 0.6254353783114329, "bus_lcSpeedGainRight": 1.290648246409355, "bus_lcSublane": 0.6510076093084951, "bus_sigma": 0.37114718446272954, "bus_tau_mean": 1.5318730783793728, "bus_tau_std": 9.117631736977987, "bus_v_mean": 24.964979736071733, "bus_v_std": 12.27100053120271, "car_acc": 1.014977567156632, "car_dcc": 3.7697917094434055, "car_lcAssertive": 75.29490112560909, "car_lcCooperative": 0.7510898073228061, "car_lcLookaheadLeft": 22.748690815151647, "car_lcPushy": 0.8301565261622993, "car_lcSigma": 0.24009515416121008, "car_lcSpeedGainRight": 3.158103726250801, "car_lcSublane": 0.7107395698995863, "car_sigma": 0.7423834297071017, "car_tau_mean": 1.8659264660985333, "car_tau_std": 7.598253967160974, "car_v_mean": 24.252846238190777, "car_v_std": 11.748400384751537}, "datetime": {"datetime": "2024-08-11 17:42:50", "elapsed": 40.656684, "delta": 0.304626}}
{"target": -0.8889736044361157, "params": {"bus_acc": 0.7450075849469306, "bus_dcc": 0.4978702194488022, "bus_lcAssertive": 2.814931648387722, "bus_lcCooperative": 0.06672499763935646, "bus_lcLookaheadLeft": 46.94121374342632, "bus_lcPushy": 0.11334192276759048, "bus_lcSigma": 0.027783348848669953, "bus_lcSpeedGainRight": 3.774307406952337, "bus_lcSublane": 0.3948504804606394, "bus_sigma": 0.7469384956075251, "bus_tau_mean": 2.0834168936125805, "bus_tau_std": 4.500867470007611, "bus_v_mean": 16.60530512092096, "bus_v_std": 9.48007853124388, "car_acc": 3.2520207000338446, "car_dcc": 1.729091575459396, "car_lcAssertive": 90.56392987401868, "car_lcCooperative": 0.037061047954035864, "car_lcLookaheadLeft": 77.83968558660104, "car_lcPushy": 0.12564138113773882, "car_lcSigma": 0.6185135669120855, "car_lcSpeedGainRight": 0.051821306676159695, "car_lcSublane": 0.538627282576347, "car_sigma": 0.0030179566195963625, "car_tau_mean": 3.829178249215716, "car_tau_std": 9.054020337027781, "car_v_mean": 22.327404954960848, "car_v_std": 18.30548639829575}, "datetime": {"datetime": "2024-08-11 17:42:50", "elapsed": 40.882085, "delta": 0.225401}}
{"target": -0.3004798925695051, "params": {"bus_acc": 1.424993365510794, "bus_dcc": 2.5187792232362067, "bus_lcAssertive": 16.871999966850318, "bus_lcCooperative": 0.4867389357577533, "bus_lcLookaheadLeft": 94.67215992866635, "bus_lcPushy": 0.38391424197853796, "bus_lcSigma": 0.18896259324581144, "bus_lcSpeedGainRight": 2.3441947482109047, "bus_lcSublane": 0.8409078314535324, "bus_sigma": 0.8426677225950326, "bus_tau_mean": 3.3973113381072775, "bus_tau_std": 0.11475512605813365, "bus_v_mean": 12.806725578709313, "bus_v_std": 19.99751575148525, "car_acc": 0.6547964533314488, "car_dcc": 2.0623400851330067, "car_lcAssertive": 79.21258890966585, "car_lcCooperative": 0.12221391009385618, "car_lcLookaheadLeft": 66.91609970774229, "car_lcPushy": 0.4880804455213241, "car_lcSigma": 0.19428998208618675, "car_lcSpeedGainRight": 4.393150132913602, "car_lcSublane": 0.18148739755773036, "car_sigma": 0.6390528592947753, "car_tau_mean": 3.092894073692752, "car_tau_std": 5.626728865932282, "car_v_mean": 19.31914823474944, "car_v_std": 2.379307932440089}, "datetime": {"datetime": "2024-08-11 17:42:50", "elapsed": 41.339495, "delta": 0.45741}}
{"target": -0.43804631028339003, "params": {"bus_acc": 3.14275850667695, "bus_dcc": 2.3005168668895917, "bus_lcAssertive": 89.0239778216408, "bus_lcCooperative": 0.354952851149572, "bus_lcLookaheadLeft": 26.06083065827773, "bus_lcPushy": 0.9110192396569683, "bus_lcSigma": 0.04353426375776537, "bus_lcSpeedGainRight": 4.753767140305011, "bus_lcSublane": 0.5564069156709253, "bus_sigma": 0.3763632166870875, "bus_tau_mean": 3.982683128186889, "bus_tau_std": 0.5836264614763165, "bus_v_mean": 17.300714475817017, "bus_v_std": 0.621941509110957, "car_acc": 2.370467808907687, "car_dcc": 0.8857803341814392, "car_lcAssertive": 63.46496083361352, "car_lcCooperative": 0.9809236757505815, "car_lcLookaheadLeft": 87.74045001881333, "car_lcPushy": 0.45183624942087064, "car_lcSigma": 0.7084608700517172, "car_lcSpeedGainRight": 3.8873437500159462, "car_lcSublane": 0.4948430841825636, "car_sigma": 0.5285334901775651, "car_tau_mean": 1.027745394302674, "car_tau_std": 3.6939992561190627, "car_v_mean": 10.55998255531016, "car_v_std": 14.537875066891253}, "datetime": {"datetime": "2024-08-11 17:42:50", "elapsed": 41.542975, "delta": 0.20348}}
{"target": -0.40701924611983137, "params": {"bus_acc": 0.8137409278468453, "bus_dcc": 1.5012744363122799, "bus_lcAssertive": 26.9261600062485, "bus_lcCooperative": 0.844526943229479, "bus_lcLookaheadLeft": 80.43256008608736, "bus_lcPushy": 0.4266391582681436, "bus_lcSigma": 0.6070154607890389, "bus_lcSpeedGainRight": 0.7273280513310998, "bus_lcSublane": 0.5096132942175586, "bus_sigma": 0.29694708578690454, "bus_tau_mean": 3.508778337492204, "bus_tau_std": 6.715983809063899, "bus_v_mean": 19.40253222720358, "bus_v_std": 2.4950260013835845, "car_acc": 1.9882339420957655, "car_dcc": 3.9489765624301496, "car_lcAssertive": 94.88161823319385, "car_lcCooperative": 0.6450856402604436, "car_lcLookaheadLeft": 16.869037361133415, "car_lcPushy": 0.639126848719905, "car_lcSigma": 0.5656621125439275, "car_lcSpeedGainRight": 2.34332918830626, "car_lcSublane": 0.42803746946827015, "car_sigma": 0.5992697556580301, "car_tau_mean": 3.474894609805879, "car_tau_std": 7.511210403719374, "car_v_mean": 18.428489725350197, "car_v_std": 18.49408363072056}, "datetime": {"datetime": "2024-08-11 17:42:51", "elapsed": 41.833594, "delta": 0.290619}}
{"target": -0.4798881643561283, "params": {"bus_acc": 2.617963278252738, "bus_dcc": 1.6253458698968617, "bus_lcAssertive": 85.89096540927606, "bus_lcCooperative": 0.6195867393685738, "bus_lcLookaheadLeft": 26.699241852822258, "bus_lcPushy": 0.7928556779768876, "bus_lcSigma": 0.43293850873416306, "bus_lcSpeedGainRight": 1.787555836652207, "bus_lcSublane": 0.33027693652508094, "bus_sigma": 0.6973688756131394, "bus_tau_mean": 1.440275433671793, "bus_tau_std": 8.0827801370538, "bus_v_mean": 13.31519829919726, "bus_v_std": 10.882427671707145, "car_acc": 2.054101668859769, "car_dcc": 3.4503543678624053, "car_lcAssertive": 88.9502570051432, "car_lcCooperative": 0.18438444236776674, "car_lcLookaheadLeft": 59.3641489759486, "car_lcPushy": 0.8982050460171371, "car_lcSigma": 0.4461172190344297, "car_lcSpeedGainRight": 4.609341527419077, "car_lcSublane": 0.2789908904569709, "car_sigma": 0.6088311741937957, "car_tau_mean": 2.8885879841838538, "car_tau_std": 2.282057333504841, "car_v_mean": 8.247815226038902, "car_v_std": 8.334479247413922}, "datetime": {"datetime": "2024-08-11 17:42:51", "elapsed": 42.439545, "delta": 0.605951}}
{"target": -0.39270932632001293, "params": {"bus_acc": 1.0775784916240716, "bus_dcc": 1.288233099842053, "bus_lcAssertive": 83.24438532353815, "bus_lcCooperative": 0.15342094116241234, "bus_lcLookaheadLeft": 56.109603140241184, "bus_lcPushy": 0.5681397176921924, "bus_lcSigma": 0.3434200931086723, "bus_lcSpeedGainRight": 1.7530859465347681, "bus_lcSublane": 0.9591120175192023, "bus_sigma": 0.5533439494595207, "bus_tau_mean": 2.7845592031533415, "bus_tau_std": 4.907401164444133, "bus_v_mean": 19.63969967009223, "bus_v_std": 12.10501571014124, "car_acc": 0.7516585130963633, "car_dcc": 1.471786024961454, "car_lcAssertive": 46.58296535243441, "car_lcCooperative": 0.12782166160638486, "car_lcLookaheadLeft": 37.58118571324082, "car_lcPushy": 0.22814163429292222, "car_lcSigma": 0.847502602270402, "car_lcSpeedGainRight": 1.7073704001064933, "car_lcSublane": 0.2267893206662649, "car_sigma": 0.4081814028522822, "car_tau_mean": 2.890724166677864, "car_tau_std": 0.6562199896142484, "car_v_mean": 11.253125844853816, "car_v_std": 13.886138778474573}, "datetime": {"datetime": "2024-08-11 17:42:52", "elapsed": 43.035746, "delta": 0.596201}}
{"target": -0.49449199898794965, "params": {"bus_acc": 2.3784346318888017, "bus_dcc": 3.7824977866452074, "bus_lcAssertive": 52.268144769059866, "bus_lcCooperative": 0.1944658095278845, "bus_lcLookaheadLeft": 85.09806045946067, "bus_lcPushy": 0.25163914235585283, "bus_lcSigma": 0.700726036482538, "bus_lcSpeedGainRight": 2.7013047019844993, "bus_lcSublane": 0.9488362882802196, "bus_sigma": 0.6243367024026759, "bus_tau_mean": 3.432922867167053, "bus_tau_std": 0.07932876194523097, "bus_v_mean": 25.808121010999486, "bus_v_std": 1.5542914066477298, "car_acc": 1.4240921517361245, "car_dcc": 3.7953791027357084, "car_lcAssertive": 1.8849711347532616, "car_lcCooperative": 0.8227300054219355, "car_lcLookaheadLeft": 86.39874055994585, "car_lcPushy": 0.4398308142085725, "car_lcSigma": 0.2557451938059312, "car_lcSpeedGainRight": 4.013447598166493, "car_lcSublane": 0.47786200443222115, "car_sigma": 0.13433860865569613, "car_tau_mean": 3.7474714748875377, "car_tau_std": 8.959699670066485, "car_v_mean": 16.847812700304836, "car_v_std": 17.134049930355843}, "datetime": {"datetime": "2024-08-11 17:42:53", "elapsed": 43.726011, "delta": 0.690265}}
{"target": -0.5153090591199624, "params": {"bus_acc": 2.5040519542826556, "bus_dcc": 2.361635460928629, "bus_lcAssertive": 32.41887852289392, "bus_lcCooperative": 0.9886161544124489, "bus_lcLookaheadLeft": 58.815031486088095, "bus_lcPushy": 0.3801411726235504, "bus_lcSigma": 0.5509482191178968, "bus_lcSpeedGainRight": 3.7266721545325106, "bus_lcSublane": 0.6692328934531846, "bus_sigma": 0.2649195576628094, "bus_tau_mean": 0.7321719204995455, "bus_tau_std": 3.700841979141063, "bus_v_mean": 19.33491512638816, "bus_v_std": 4.203480198296791, "car_acc": 3.0604711042074926, "car_dcc": 0.4528386291456368, "car_lcAssertive": 26.771194759275556, "car_lcCooperative": 0.8047545637433454, "car_lcLookaheadLeft": 20.956559697086117, "car_lcPushy": 0.6394608808799401, "car_lcSigma": 0.5246703091237337, "car_lcSpeedGainRight": 4.624039851996754, "car_lcSublane": 0.263296770487111, "car_sigma": 0.06596109068402378, "car_tau_mean": 3.072730871510343, "car_tau_std": 7.721780295432468, "car_v_mean": 24.340685345063434, "car_v_std": 18.639441383936745}, "datetime": {"datetime": "2024-08-11 17:42:53", "elapsed": 44.362154, "delta": 0.636143}}
{"target": -0.5053784951938344, "params": {"bus_acc": 3.1728846407765885, "bus_dcc": 2.2705580853695393, "bus_lcAssertive": 23.500460760100726, "bus_lcCooperative": 0.22420283925593631, "bus_lcLookaheadLeft": 27.51902335654698, "bus_lcPushy": 0.308872752316256, "bus_lcSigma": 0.38770513178140986, "bus_lcSpeedGainRight": 1.487744661886186, "bus_lcSublane": 0.6795558945331504, "bus_sigma": 0.03507361930507891, "bus_tau_mean": 1.6483861022597883, "bus_tau_std": 7.452918728580155, "bus_v_mean": 24.970543731355125, "bus_v_std": 16.054651003151022, "car_acc": 1.115139596371905, "car_dcc": 1.0850787798585604, "car_lcAssertive": 19.843342677001722, "car_lcCooperative": 0.8824975348586093, "car_lcLookaheadLeft": 25.309857349639547, "car_lcPushy": 0.7581806234131274, "car_lcSigma": 0.26104973140468657, "car_lcSpeedGainRight": 0.16540921703757816, "car_lcSublane": 0.7334477000687659, "car_sigma": 0.7262018097952009, "car_tau_mean": 0.8113568883636871, "car_tau_std": 3.267012579296016, "car_v_mean": 25.070575223402408, "car_v_std": 3.2589799716436896}, "datetime": {"datetime": "2024-08-11 17:42:57", "elapsed": 47.709028, "delta": 3.346874}}
