{"target": -0.4347132932628246, "params": {"bus_acc": 1.5465, "bus_dcc": 1.8501, "bus_lcAssertive": 93.5536, "bus_lcCooperative": 0.451, "bus_lcLookaheadLeft": 49.4371, "bus_lcPushy": 0.3511, "bus_lcSigma": 0.6364, "bus_lcSpeedGainRight": 0.0993, "bus_lcSublane": 0.3022, "bus_sigma": 0.5505, "bus_tau_mean": 1.664, "bus_tau_std": 9.5738, "bus_v_mean": 14.4837, "bus_v_std": 16.933, "car_acc": 3.4506, "car_dcc": 1.0922, "car_lcAssertive": 63.4915, "car_lcCooperative": 0.2483, "car_lcLookaheadLeft": 94.4355, "car_lcPushy": 0.843, "car_lcSigma": 0.125, "car_lcSpeedGainRight": 4.8999, "car_lcSublane": 0.1327, "car_sigma": 0.1327, "car_tau_mean": 3.7996, "car_tau_std": 7.1616, "car_v_mean": 18.5297, "car_v_std": 14.9808}, "datetime": {"datetime": "2024-08-11 21:29:05", "elapsed": 13616.298253, "delta": 18.571172}}
{"target": -0.5699273528086458, "params": {"bus_acc": 1.6138, "bus_dcc": 0.7467, "bus_lcAssertive": 39.0828, "bus_lcCooperative": 0.8452, "bus_lcLookaheadLeft": 95.8486, "bus_lcPushy": 0.6216, "bus_lcSigma": 0.4647, "bus_lcSpeedGainRight": 0.7674, "bus_lcSublane": 0.7958, "bus_sigma": 0.8523, "bus_tau_mean": 3.0339, "bus_tau_std": 0.056, "bus_v_mean": 13.2684, "bus_v_std": 8.9981, "car_acc": 1.9113, "car_dcc": 1.2692, "car_lcAssertive": 22.0432, "car_lcCooperative": 0.0226, "car_lcLookaheadLeft": 23.008, "car_lcPushy": 0.6413, "car_lcSigma": 0.9698, "car_lcSpeedGainRight": 0.2941, "car_lcSublane": 0.3524, "car_sigma": 0.6208, "car_tau_mean": 3.9671, "car_tau_std": 4.4445, "car_v_mean": 12.0031, "car_v_std": 17.067}, "datetime": {"datetime": "2024-08-11 21:29:19", "elapsed": 13629.655893, "delta": 13.35764}}
{"target": -0.3634503705394416, "params": {"bus_acc": 1.2846, "bus_dcc": 1.5638, "bus_lcAssertive": 57.1504, "bus_lcCooperative": 0.9544, "bus_lcLookaheadLeft": 80.0395, "bus_lcPushy": 0.7931, "bus_lcSigma": 0.4289, "bus_lcSpeedGainRight": 1.2875, "bus_lcSublane": 0.0271, "bus_sigma": 0.2739, "bus_tau_mean": 2.3744, "bus_tau_std": 7.9805, "bus_v_mean": 22.7477, "bus_v_std": 15.3929, "car_acc": 3.3917, "car_dcc": 1.2393, "car_lcAssertive": 26.1904, "car_lcCooperative": 0.652, "car_lcLookaheadLeft": 70.6947, "car_lcPushy": 0.2588, "car_lcSigma": 0.1354, "car_lcSpeedGainRight": 2.7041, "car_lcSublane": 0.7398, "car_sigma": 0.0731, "car_tau_mean": 0.8369, "car_tau_std": 0.017, "car_v_mean": 10.2273, "car_v_std": 3.9951}, "datetime": {"datetime": "2024-08-11 21:29:27", "elapsed": 13638.487515, "delta": 8.831622}}
{"target": -0.3177078547049342, "params": {"bus_acc": 0.4901, "bus_dcc": 3.5289, "bus_lcAssertive": 55.8054, "bus_lcCooperative": 0.875, "bus_lcLookaheadLeft": 64.8531, "bus_lcPushy": 0.3918, "bus_lcSigma": 0.7816, "bus_lcSpeedGainRight": 0.9685, "bus_lcSublane": 0.4434, "bus_sigma": 0.3755, "bus_tau_mean": 3.142, "bus_tau_std": 6.9479, "bus_v_mean": 14.0873, "bus_v_std": 9.1857, "car_acc": 3.3383, "car_dcc": 0.9426, "car_lcAssertive": 33.435, "car_lcCooperative": 0.7185, "car_lcLookaheadLeft": 15.8355, "car_lcPushy": 0.1455, "car_lcSigma": 0.7779, "car_lcSpeedGainRight": 0.9474, "car_lcSublane": 0.3842, "car_sigma": 0.4759, "car_tau_mean": 1.6393, "car_tau_std": 6.1905, "car_v_mean": 14.2777, "car_v_std": 5.6853}, "datetime": {"datetime": "2024-08-11 21:29:46", "elapsed": 13656.703676, "delta": 18.216161}}
{"target": -0.39516345095811517, "params": {"bus_acc": 2.6882, "bus_dcc": 2.8336, "bus_lcAssertive": 60.3125, "bus_lcCooperative": 0.9139, "bus_lcLookaheadLeft": 14.8138, "bus_lcPushy": 0.7162, "bus_lcSigma": 0.629, "bus_lcSpeedGainRight": 3.728, "bus_lcSublane": 0.384, "bus_sigma": 0.6049, "bus_tau_mean": 0.6828, "bus_tau_std": 9.2487, "bus_v_mean": 20.8965, "bus_v_std": 11.9755, "car_acc": 2.672, "car_dcc": 0.4306, "car_lcAssertive": 27.0585, "car_lcCooperative": 0.1902, "car_lcLookaheadLeft": 52.8636, "car_lcPushy": 0.3887, "car_lcSigma": 0.4546, "car_lcSpeedGainRight": 2.1042, "car_lcSublane": 0.1771, "car_sigma": 0.1156, "car_tau_mean": 0.9603, "car_tau_std": 1.9648, "car_v_mean": 22.1095, "car_v_std": 10.6951}, "datetime": {"datetime": "2024-08-11 21:30:00", "elapsed": 13671.227034, "delta": 14.523358}}
{"target": -0.42102156860306145, "params": {"bus_acc": 3.9483, "bus_dcc": 3.2586, "bus_lcAssertive": 71.9228, "bus_lcCooperative": 0.6371, "bus_lcLookaheadLeft": 2.9343, "bus_lcPushy": 0.7259, "bus_lcSigma": 0.986, "bus_lcSpeedGainRight": 4.2509, "bus_lcSublane": 0.1447, "bus_sigma": 0.0451, "bus_tau_mean": 1.0526, "bus_tau_std": 3.9964, "bus_v_mean": 19.471, "bus_v_std": 12.4725, "car_acc": 2.0217, "car_dcc": 2.1402, "car_lcAssertive": 79.1591, "car_lcCooperative": 0.2871, "car_lcLookaheadLeft": 83.8277, "car_lcPushy": 0.4833, "car_lcSigma": 0.7087, "car_lcSpeedGainRight": 0.5477, "car_lcSublane": 0.2815, "car_sigma": 0.5709, "car_tau_mean": 2.6846, "car_tau_std": 8.2092, "car_v_mean": 11.9717, "car_v_std": 4.5466}, "datetime": {"datetime": "2024-08-11 21:30:19", "elapsed": 13689.838087, "delta": 18.611053}}
{"target": -0.3172194481101951, "params": {"bus_acc": 2.7957, "bus_dcc": 1.7715, "bus_lcAssertive": 89.9439, "bus_lcCooperative": 0.4896, "bus_lcLookaheadLeft": 8.6706, "bus_lcPushy": 0.3554, "bus_lcSigma": 0.8984, "bus_lcSpeedGainRight": 3.1919, "bus_lcSublane": 0.6262, "bus_sigma": 0.7045, "bus_tau_mean": 0.6195, "bus_tau_std": 6.1345, "bus_v_mean": 11.8268, "bus_v_std": 13.1687, "car_acc": 3.9618, "car_dcc": 2.6664, "car_lcAssertive": 58.0029, "car_lcCooperative": 0.4199, "car_lcLookaheadLeft": 88.7511, "car_lcPushy": 0.4643, "car_lcSigma": 0.7216, "car_lcSpeedGainRight": 3.6542, "car_lcSublane": 0.9072, "car_sigma": 0.0758, "car_tau_mean": 2.3909, "car_tau_std": 1.8329, "car_v_mean": 25.9969, "car_v_std": 8.2176}, "datetime": {"datetime": "2024-08-11 21:30:28", "elapsed": 13699.167215, "delta": 9.329128}}
{"target": -0.3318583147303223, "params": {"bus_acc": 0.5578, "bus_dcc": 2.2123, "bus_lcAssertive": 96.4227, "bus_lcCooperative": 0.49, "bus_lcLookaheadLeft": 20.5991, "bus_lcPushy": 0.2409, "bus_lcSigma": 0.0062, "bus_lcSpeedGainRight": 2.8813, "bus_lcSublane": 0.3777, "bus_sigma": 0.5287, "bus_tau_mean": 1.307, "bus_tau_std": 6.7678, "bus_v_mean": 14.7342, "bus_v_std": 15.5953, "car_acc": 2.1723, "car_dcc": 3.5984, "car_lcAssertive": 17.6379, "car_lcCooperative": 0.9975, "car_lcLookaheadLeft": 37.229, "car_lcPushy": 0.8499, "car_lcSigma": 0.905, "car_lcSpeedGainRight": 0.9566, "car_lcSublane": 0.6398, "car_sigma": 0.2025, "car_tau_mean": 1.1192, "car_tau_std": 3.386, "car_v_mean": 17.5669, "car_v_std": 13.5886}, "datetime": {"datetime": "2024-08-11 21:30:37", "elapsed": 13708.511833, "delta": 9.344618}}
{"target": -0.5022603853589835, "params": {"bus_acc": 2.1189, "bus_dcc": 2.5099, "bus_lcAssertive": 1.635, "bus_lcCooperative": 0.9125, "bus_lcLookaheadLeft": 72.7134, "bus_lcPushy": 0.7408, "bus_lcSigma": 0.3199, "bus_lcSpeedGainRight": 2.5, "bus_lcSublane": 0.3672, "bus_sigma": 0.9991, "bus_tau_mean": 1.6754, "bus_tau_std": 3.6309, "bus_v_mean": 13.9334, "bus_v_std": 14.5384, "car_acc": 0.4297, "car_dcc": 0.7616, "car_lcAssertive": 87.0644, "car_lcCooperative": 0.8351, "car_lcLookaheadLeft": 11.5172, "car_lcPushy": 0.6558, "car_lcSigma": 0.2338, "car_lcSpeedGainRight": 3.2857, "car_lcSublane": 0.8278, "car_sigma": 0.3534, "car_tau_mean": 3.519, "car_tau_std": 9.2309, "car_v_mean": 20.6849, "car_v_std": 16.6548}, "datetime": {"datetime": "2024-08-11 21:31:00", "elapsed": 13731.004772, "delta": 22.492939}}
{"target": -0.2494351453782345, "params": {"bus_acc": 0.2355, "bus_dcc": 3.4094, "bus_lcAssertive": 96.4847, "bus_lcCooperative": 0.8956, "bus_lcLookaheadLeft": 2.2118, "bus_lcPushy": 0.2018, "bus_lcSigma": 0.5638, "bus_lcSpeedGainRight": 4.0347, "bus_lcSublane": 0.9943, "bus_sigma": 0.2271, "bus_tau_mean": 3.3138, "bus_tau_std": 4.2869, "bus_v_mean": 18.7391, "bus_v_std": 3.9867, "car_acc": 1.557, "car_dcc": 3.5924, "car_lcAssertive": 85.7572, "car_lcCooperative": 0.2259, "car_lcLookaheadLeft": 11.9623, "car_lcPushy": 0.1385, "car_lcSigma": 0.4011, "car_lcSpeedGainRight": 0.3625, "car_lcSublane": 0.7966, "car_sigma": 0.9736, "car_tau_mean": 1.2767, "car_tau_std": 4.0243, "car_v_mean": 24.1889, "car_v_std": 15.9713}, "datetime": {"datetime": "2024-08-11 21:31:13", "elapsed": 13743.853642, "delta": 12.84887}}
{"target": -0.37783823130251276, "params": {"bus_acc": 1.9483, "bus_dcc": 2.2977, "bus_lcAssertive": 45.8692, "bus_lcCooperative": 0.3477, "bus_lcLookaheadLeft": 33.6081, "bus_lcPushy": 0.7901, "bus_lcSigma": 0.9876, "bus_lcSpeedGainRight": 4.8995, "bus_lcSublane": 0.029, "bus_sigma": 0.0905, "bus_tau_mean": 2.79, "bus_tau_std": 2.9504, "bus_v_mean": 20.7844, "bus_v_std": 0.4579, "car_acc": 1.7552, "car_dcc": 3.6327, "car_lcAssertive": 23.7103, "car_lcCooperative": 0.8879, "car_lcLookaheadLeft": 24.0466, "car_lcPushy": 0.7752, "car_lcSigma": 0.6033, "car_lcSpeedGainRight": 0.15, "car_lcSublane": 0.6076, "car_sigma": 0.2605, "car_tau_mean": 2.3521, "car_tau_std": 3.0857, "car_v_mean": 25.517, "car_v_std": 8.8307}, "datetime": {"datetime": "2024-08-11 21:31:24", "elapsed": 13754.751016, "delta": 10.897374}}
{"target": -0.4414518138677086, "params": {"bus_acc": 1.1899, "bus_dcc": 1.0426, "bus_lcAssertive": 22.2394, "bus_lcCooperative": 0.162, "bus_lcLookaheadLeft": 41.3556, "bus_lcPushy": 0.744, "bus_lcSigma": 0.5837, "bus_lcSpeedGainRight": 0.5298, "bus_lcSublane": 0.9238, "bus_sigma": 0.2946, "bus_tau_mean": 1.4121, "bus_tau_std": 6.0679, "bus_v_mean": 8.2427, "bus_v_std": 13.4705, "car_acc": 2.6429, "car_dcc": 1.534, "car_lcAssertive": 54.9062, "car_lcCooperative": 0.9482, "car_lcLookaheadLeft": 26.3495, "car_lcPushy": 0.0412, "car_lcSigma": 0.2028, "car_lcSpeedGainRight": 2.6897, "car_lcSublane": 0.4475, "car_sigma": 0.0676, "car_tau_mean": 3.6858, "car_tau_std": 6.7682, "car_v_mean": 20.5944, "car_v_std": 3.982}, "datetime": {"datetime": "2024-08-11 21:31:37", "elapsed": 13767.707205, "delta": 12.956189}}
{"target": -0.4158669981271828, "params": {"bus_acc": 3.3003, "bus_dcc": 3.8338, "bus_lcAssertive": 37.1389, "bus_lcCooperative": 0.5287, "bus_lcLookaheadLeft": 86.0906, "bus_lcPushy": 0.0792, "bus_lcSigma": 0.1601, "bus_lcSpeedGainRight": 4.4161, "bus_lcSublane": 0.739, "bus_sigma": 0.8756, "bus_tau_mean": 1.0874, "bus_tau_std": 5.9636, "bus_v_mean": 12.0197, "bus_v_std": 5.493, "car_acc": 2.4596, "car_dcc": 3.1905, "car_lcAssertive": 90.7206, "car_lcCooperative": 0.9128, "car_lcLookaheadLeft": 43.6069, "car_lcPushy": 0.3486, "car_lcSigma": 0.0964, "car_lcSpeedGainRight": 0.7451, "car_lcSublane": 0.3729, "car_sigma": 0.0921, "car_tau_mean": 3.6907, "car_tau_std": 7.8279, "car_v_mean": 12.2794, "car_v_std": 12.6042}, "datetime": {"datetime": "2024-08-11 21:31:50", "elapsed": 13781.320594, "delta": 13.613389}}
{"target": -0.3570697663681375, "params": {"bus_acc": 1.2864, "bus_dcc": 2.0652, "bus_lcAssertive": 2.1508, "bus_lcCooperative": 0.1164, "bus_lcLookaheadLeft": 8.7688, "bus_lcPushy": 0.7158, "bus_lcSigma": 0.7581, "bus_lcSpeedGainRight": 3.8998, "bus_lcSublane": 0.9612, "bus_sigma": 0.4611, "bus_tau_mean": 3.9568, "bus_tau_std": 3.3143, "bus_v_mean": 14.3905, "bus_v_std": 11.7344, "car_acc": 2.3771, "car_dcc": 2.4936, "car_lcAssertive": 30.3027, "car_lcCooperative": 0.1171, "car_lcLookaheadLeft": 56.2304, "car_lcPushy": 0.9313, "car_lcSigma": 0.8921, "car_lcSpeedGainRight": 4.6576, "car_lcSublane": 0.2126, "car_sigma": 0.6656, "car_tau_mean": 2.9054, "car_tau_std": 8.1869, "car_v_mean": 21.1066, "car_v_std": 0.0418}, "datetime": {"datetime": "2024-08-11 21:32:00", "elapsed": 13790.800585, "delta": 9.479991}}
{"target": -0.5332031337086017, "params": {"bus_acc": 3.7313, "bus_dcc": 1.8143, "bus_lcAssertive": 35.231, "bus_lcCooperative": 0.1068, "bus_lcLookaheadLeft": 59.1279, "bus_lcPushy": 0.8367, "bus_lcSigma": 0.8115, "bus_lcSpeedGainRight": 4.6103, "bus_lcSublane": 0.6139, "bus_sigma": 0.0176, "bus_tau_mean": 3.4455, "bus_tau_std": 9.0986, "bus_v_mean": 13.1999, "bus_v_std": 2.7195, "car_acc": 3.5285, "car_dcc": 3.0159, "car_lcAssertive": 4.3029, "car_lcCooperative": 0.3083, "car_lcLookaheadLeft": 54.0385, "car_lcPushy": 0.8617, "car_lcSigma": 0.6232, "car_lcSpeedGainRight": 0.2802, "car_lcSublane": 0.6777, "car_sigma": 0.5029, "car_tau_mean": 3.2603, "car_tau_std": 7.4713, "car_v_mean": 24.4564, "car_v_std": 11.6494}, "datetime": {"datetime": "2024-08-11 21:32:13", "elapsed": 13804.237819, "delta": 13.437234}}
{"target": -0.375958289236866, "params": {"bus_acc": 1.5942, "bus_dcc": 2.0839, "bus_lcAssertive": 85.1624, "bus_lcCooperative": 0.6298, "bus_lcLookaheadLeft": 15.0098, "bus_lcPushy": 0.4946, "bus_lcSigma": 0.278, "bus_lcSpeedGainRight": 3.2982, "bus_lcSublane": 0.968, "bus_sigma": 0.8911, "bus_tau_mean": 2.768, "bus_tau_std": 7.0011, "bus_v_mean": 18.6359, "bus_v_std": 9.395, "car_acc": 2.7314, "car_dcc": 2.2885, "car_lcAssertive": 90.6292, "car_lcCooperative": 0.4831, "car_lcLookaheadLeft": 40.7448, "car_lcPushy": 0.6428, "car_lcSigma": 0.896, "car_lcSpeedGainRight": 0.7632, "car_lcSublane": 0.1231, "car_sigma": 0.324, "car_tau_mean": 2.0408, "car_tau_std": 8.6881, "car_v_mean": 19.0571, "car_v_std": 13.9389}, "datetime": {"datetime": "2024-08-11 21:32:28", "elapsed": 13819.39481, "delta": 15.156991}}
{"target": -0.4711609388178341, "params": {"bus_acc": 1.9579, "bus_dcc": 3.8822, "bus_lcAssertive": 41.1249, "bus_lcCooperative": 0.4904, "bus_lcLookaheadLeft": 11.4558, "bus_lcPushy": 0.0458, "bus_lcSigma": 0.1422, "bus_lcSpeedGainRight": 0.3036, "bus_lcSublane": 0.0471, "bus_sigma": 0.4403, "bus_tau_mean": 3.8525, "bus_tau_std": 0.2466, "bus_v_mean": 9.3105, "bus_v_std": 13.0096, "car_acc": 0.3729, "car_dcc": 1.8351, "car_lcAssertive": 8.9136, "car_lcCooperative": 0.0923, "car_lcLookaheadLeft": 19.6121, "car_lcPushy": 0.2037, "car_lcSigma": 0.4512, "car_lcSpeedGainRight": 4.2154, "car_lcSublane": 0.8679, "car_sigma": 0.4141, "car_tau_mean": 2.9126, "car_tau_std": 0.8735, "car_v_mean": 11.1411, "car_v_std": 12.6872}, "datetime": {"datetime": "2024-08-11 21:32:42", "elapsed": 13833.51575, "delta": 14.12094}}
{"target": -0.4399011293164939, "params": {"bus_acc": 1.8255, "bus_dcc": 2.2693, "bus_lcAssertive": 78.6869, "bus_lcCooperative": 0.085, "bus_lcLookaheadLeft": 88.3116, "bus_lcPushy": 0.9467, "bus_lcSigma": 0.9829, "bus_lcSpeedGainRight": 4.2835, "bus_lcSublane": 0.8462, "bus_sigma": 0.0072, "bus_tau_mean": 3.8566, "bus_tau_std": 1.2689, "bus_v_mean": 19.4877, "bus_v_std": 10.5743, "car_acc": 3.0967, "car_dcc": 0.2778, "car_lcAssertive": 61.9723, "car_lcCooperative": 0.0847, "car_lcLookaheadLeft": 80.9612, "car_lcPushy": 0.1421, "car_lcSigma": 0.6704, "car_lcSpeedGainRight": 4.516, "car_lcSublane": 0.4847, "car_sigma": 0.4402, "car_tau_mean": 3.4913, "car_tau_std": 1.5781, "car_v_mean": 10.0917, "car_v_std": 9.9249}, "datetime": {"datetime": "2024-08-11 21:32:52", "elapsed": 13843.006341, "delta": 9.490591}}
{"target": -0.37196942247873305, "params": {"bus_acc": 1.5806, "bus_dcc": 3.3228, "bus_lcAssertive": 76.8063, "bus_lcCooperative": 0.149, "bus_lcLookaheadLeft": 70.3009, "bus_lcPushy": 0.2723, "bus_lcSigma": 0.6152, "bus_lcSpeedGainRight": 3.8823, "bus_lcSublane": 0.8083, "bus_sigma": 0.045, "bus_tau_mean": 1.4678, "bus_tau_std": 4.0881, "bus_v_mean": 16.7119, "bus_v_std": 5.0037, "car_acc": 1.6695, "car_dcc": 1.7154, "car_lcAssertive": 68.6133, "car_lcCooperative": 0.932, "car_lcLookaheadLeft": 60.0259, "car_lcPushy": 0.4592, "car_lcSigma": 0.533, "car_lcSpeedGainRight": 2.175, "car_lcSublane": 0.121, "car_sigma": 0.1418, "car_tau_mean": 2.5975, "car_tau_std": 2.4301, "car_v_mean": 23.1449, "car_v_std": 16.9567}, "datetime": {"datetime": "2024-08-11 21:33:08", "elapsed": 13859.28349, "delta": 16.277149}}
{"target": -0.4105785890540851, "params": {"bus_acc": 1.514, "bus_dcc": 1.9603, "bus_lcAssertive": 75.8416, "bus_lcCooperative": 0.6696, "bus_lcLookaheadLeft": 97.9829, "bus_lcPushy": 0.2643, "bus_lcSigma": 0.9119, "bus_lcSpeedGainRight": 3.6289, "bus_lcSublane": 0.515, "bus_sigma": 0.6413, "bus_tau_mean": 1.8674, "bus_tau_std": 5.3942, "bus_v_mean": 22.3777, "bus_v_std": 16.3877, "car_acc": 3.9856, "car_dcc": 2.6613, "car_lcAssertive": 37.0221, "car_lcCooperative": 0.7704, "car_lcLookaheadLeft": 10.7796, "car_lcPushy": 0.0856, "car_lcSigma": 0.1941, "car_lcSpeedGainRight": 2.8965, "car_lcSublane": 0.1195, "car_sigma": 0.7358, "car_tau_mean": 1.6766, "car_tau_std": 8.2645, "car_v_mean": 11.1459, "car_v_std": 7.9345}, "datetime": {"datetime": "2024-08-11 21:33:21", "elapsed": 13871.669378, "delta": 12.385888}}
{"target": -0.3221491422150495, "params": {"bus_acc": 0.7772, "bus_dcc": 2.6041, "bus_lcAssertive": 19.8915, "bus_lcCooperative": 0.3281, "bus_lcLookaheadLeft": 40.9724, "bus_lcPushy": 0.425, "bus_lcSigma": 0.785, "bus_lcSpeedGainRight": 4.7731, "bus_lcSublane": 0.7293, "bus_sigma": 0.9133, "bus_tau_mean": 3.724, "bus_tau_std": 4.5861, "bus_v_mean": 16.4159, "bus_v_std": 9.7282, "car_acc": 3.4192, "car_dcc": 1.4983, "car_lcAssertive": 97.8548, "car_lcCooperative": 0.0606, "car_lcLookaheadLeft": 70.9618, "car_lcPushy": 0.3759, "car_lcSigma": 0.6521, "car_lcSpeedGainRight": 0.6167, "car_lcSublane": 0.5019, "car_sigma": 0.1333, "car_tau_mean": 2.1902, "car_tau_std": 0.6677, "car_v_mean": 10.9587, "car_v_std": 14.1598}, "datetime": {"datetime": "2024-08-11 21:33:35", "elapsed": 13885.67249, "delta": 14.003112}}
{"target": -0.3658445859175255, "params": {"bus_acc": 0.3487, "bus_dcc": 1.2567, "bus_lcAssertive": 20.5519, "bus_lcCooperative": 0.026, "bus_lcLookaheadLeft": 70.4386, "bus_lcPushy": 0.485, "bus_lcSigma": 0.4916, "bus_lcSpeedGainRight": 4.8463, "bus_lcSublane": 0.3539, "bus_sigma": 0.6622, "bus_tau_mean": 1.3937, "bus_tau_std": 1.5299, "bus_v_mean": 15.7334, "bus_v_std": 16.1934, "car_acc": 2.4525, "car_dcc": 1.8401, "car_lcAssertive": 31.9194, "car_lcCooperative": 0.9128, "car_lcLookaheadLeft": 50.1064, "car_lcPushy": 0.0406, "car_lcSigma": 0.1159, "car_lcSpeedGainRight": 2.3504, "car_lcSublane": 0.9169, "car_sigma": 0.5721, "car_tau_mean": 3.7133, "car_tau_std": 2.0398, "car_v_mean": 21.8947, "car_v_std": 11.2221}, "datetime": {"datetime": "2024-08-11 21:33:44", "elapsed": 13895.377209, "delta": 9.704719}}
{"target": -0.5097946624818679, "params": {"bus_acc": 1.7714, "bus_dcc": 3.3634, "bus_lcAssertive": 2.7294, "bus_lcCooperative": 0.9328, "bus_lcLookaheadLeft": 81.0467, "bus_lcPushy": 0.0689, "bus_lcSigma": 0.8246, "bus_lcSpeedGainRight": 4.1288, "bus_lcSublane": 0.5877, "bus_sigma": 0.5134, "bus_tau_mean": 3.6747, "bus_tau_std": 7.5832, "bus_v_mean": 15.2068, "bus_v_std": 3.516, "car_acc": 3.832, "car_dcc": 3.1174, "car_lcAssertive": 49.8164, "car_lcCooperative": 0.2986, "car_lcLookaheadLeft": 65.3772, "car_lcPushy": 0.539, "car_lcSigma": 0.8189, "car_lcSpeedGainRight": 1.6094, "car_lcSublane": 0.4482, "car_sigma": 0.9389, "car_tau_mean": 3.4537, "car_tau_std": 0.1891, "car_v_mean": 13.7553, "car_v_std": 19.7362}, "datetime": {"datetime": "2024-08-11 21:33:56", "elapsed": 13907.326077, "delta": 11.948868}}
{"target": -0.5420292533365757, "params": {"bus_acc": 3.0403, "bus_dcc": 1.035, "bus_lcAssertive": 8.1266, "bus_lcCooperative": 0.5947, "bus_lcLookaheadLeft": 5.2489, "bus_lcPushy": 0.9408, "bus_lcSigma": 0.9269, "bus_lcSpeedGainRight": 4.2236, "bus_lcSublane": 0.9125, "bus_sigma": 0.3661, "bus_tau_mean": 2.8641, "bus_tau_std": 6.3809, "bus_v_mean": 16.5273, "bus_v_std": 15.5459, "car_acc": 1.7988, "car_dcc": 1.2416, "car_lcAssertive": 68.6222, "car_lcCooperative": 0.3647, "car_lcLookaheadLeft": 38.9549, "car_lcPushy": 0.2858, "car_lcSigma": 0.3978, "car_lcSpeedGainRight": 0.6426, "car_lcSublane": 0.5412, "car_sigma": 0.8044, "car_tau_mean": 0.7333, "car_tau_std": 3.6468, "car_v_mean": 19.4633, "car_v_std": 0.0829}, "datetime": {"datetime": "2024-08-11 21:34:12", "elapsed": 13922.953529, "delta": 15.627452}}
{"target": -0.4598872176588153, "params": {"bus_acc": 1.9878, "bus_dcc": 1.2828, "bus_lcAssertive": 42.3792, "bus_lcCooperative": 0.7453, "bus_lcLookaheadLeft": 49.1351, "bus_lcPushy": 0.852, "bus_lcSigma": 0.6707, "bus_lcSpeedGainRight": 2.9984, "bus_lcSublane": 0.0947, "bus_sigma": 0.2549, "bus_tau_mean": 3.2689, "bus_tau_std": 1.8832, "bus_v_mean": 20.6764, "bus_v_std": 14.0653, "car_acc": 2.0905, "car_dcc": 1.428, "car_lcAssertive": 14.9699, "car_lcCooperative": 0.0503, "car_lcLookaheadLeft": 94.1276, "car_lcPushy": 0.0169, "car_lcSigma": 0.4342, "car_lcSpeedGainRight": 1.4126, "car_lcSublane": 0.1828, "car_sigma": 0.712, "car_tau_mean": 2.0584, "car_tau_std": 8.7281, "car_v_mean": 22.6343, "car_v_std": 9.0115}, "datetime": {"datetime": "2024-08-11 21:34:22", "elapsed": 13932.873704, "delta": 9.920175}}
{"target": -0.5694688688441057, "params": {"bus_acc": 0.7315, "bus_dcc": 0.8138, "bus_lcAssertive": 96.3816, "bus_lcCooperative": 0.2334, "bus_lcLookaheadLeft": 37.6124, "bus_lcPushy": 0.3175, "bus_lcSigma": 0.7619, "bus_lcSpeedGainRight": 0.1043, "bus_lcSublane": 0.394, "bus_sigma": 0.2806, "bus_tau_mean": 3.4564, "bus_tau_std": 6.7589, "bus_v_mean": 17.215, "bus_v_std": 8.867, "car_acc": 1.9885, "car_dcc": 0.2474, "car_lcAssertive": 93.0183, "car_lcCooperative": 0.3828, "car_lcLookaheadLeft": 48.8453, "car_lcPushy": 0.7999, "car_lcSigma": 0.6131, "car_lcSpeedGainRight": 2.763, "car_lcSublane": 0.6969, "car_sigma": 0.5539, "car_tau_mean": 3.0786, "car_tau_std": 5.761, "car_v_mean": 9.2088, "car_v_std": 18.4716}, "datetime": {"datetime": "2024-08-11 21:34:49", "elapsed": 13959.769526, "delta": 26.895822}}
