{"target": -0.5000422431845181, "params": {"bus_acc": 3.4468, "bus_dcc": 3.403, "bus_lcAssertive": 50.082, "bus_lcCooperative": 0.8237, "bus_lcLookaheadLeft": 43.0431, "bus_lcPushy": 0.7623, "bus_lcSigma": 0.3768, "bus_lcSpeedGainRight": 3.7452, "bus_lcSublane": 0.1772, "bus_sigma": 0.6167, "bus_tau_mean": 2.8658, "bus_tau_std": 0.7723, "bus_v_mean": 10.0551, "bus_v_std": 6.1962, "car_acc": 3.074, "car_dcc": 0.5306, "car_lcAssertive": 36.2496, "car_lcCooperative": 0.2584, "car_lcLookaheadLeft": 49.7488, "car_lcPushy": 0.8904, "car_lcSigma": 0.5694, "car_lcSpeedGainRight": 4.0727, "car_lcSublane": 0.9591, "car_sigma": 0.4437, "car_tau_mean": 2.2417, "car_tau_std": 1.795, "car_v_mean": 13.2482, "car_v_std": 14.2687}, "datetime": {"datetime": "2024-08-11 19:21:21", "elapsed": 5951.900767, "delta": 6.654987}}
{"target": -0.32309802576283286, "params": {"bus_acc": 1.2662, "bus_dcc": 2.8362, "bus_lcAssertive": 30.3708, "bus_lcCooperative": 0.378, "bus_lcLookaheadLeft": 13.9485, "bus_lcPushy": 0.0263, "bus_lcSigma": 0.266, "bus_lcSpeedGainRight": 1.027, "bus_lcSublane": 0.8656, "bus_sigma": 0.4033, "bus_tau_mean": 0.9127, "bus_tau_std": 7.9916, "bus_v_mean": 24.3828, "bus_v_std": 11.7451, "car_acc": 2.7691, "car_dcc": 3.1708, "car_lcAssertive": 91.1479, "car_lcCooperative": 0.3983, "car_lcLookaheadLeft": 44.4442, "car_lcPushy": 0.4069, "car_lcSigma": 0.3731, "car_lcSpeedGainRight": 4.4809, "car_lcSublane": 0.5102, "car_sigma": 0.9419, "car_tau_mean": 2.2396, "car_tau_std": 4.8814, "car_v_mean": 11.11, "car_v_std": 14.9965}, "datetime": {"datetime": "2024-08-11 19:21:28", "elapsed": 5959.042374, "delta": 7.141607}}
{"target": -0.36301707572185155, "params": {"bus_acc": 3.4751, "bus_dcc": 1.5096, "bus_lcAssertive": 73.6777, "bus_lcCooperative": 0.5542, "bus_lcLookaheadLeft": 92.7205, "bus_lcPushy": 0.4183, "bus_lcSigma": 0.356, "bus_lcSpeedGainRight": 2.9915, "bus_lcSublane": 0.1584, "bus_sigma": 0.1523, "bus_tau_mean": 3.6554, "bus_tau_std": 4.9254, "bus_v_mean": 11.6228, "bus_v_std": 17.0042, "car_acc": 1.4073, "car_dcc": 3.6694, "car_lcAssertive": 10.9098, "car_lcCooperative": 0.0681, "car_lcLookaheadLeft": 99.4518, "car_lcPushy": 0.9752, "car_lcSigma": 0.556, "car_lcSpeedGainRight": 4.235, "car_lcSublane": 0.7934, "car_sigma": 0.1195, "car_tau_mean": 1.3578, "car_tau_std": 8.1815, "car_v_mean": 14.4863, "car_v_std": 0.8223}, "datetime": {"datetime": "2024-08-11 19:21:34", "elapsed": 5964.963175, "delta": 5.920801}}
{"target": -0.27242376623265313, "params": {"bus_acc": 3.6338, "bus_dcc": 1.3863, "bus_lcAssertive": 34.0534, "bus_lcCooperative": 0.522, "bus_lcLookaheadLeft": 51.9176, "bus_lcPushy": 0.7157, "bus_lcSigma": 0.9612, "bus_lcSpeedGainRight": 2.7138, "bus_lcSublane": 0.2926, "bus_sigma": 0.4778, "bus_tau_mean": 0.9871, "bus_tau_std": 1.31, "bus_v_mean": 18.2108, "bus_v_std": 17.7896, "car_acc": 3.6045, "car_dcc": 2.6168, "car_lcAssertive": 21.418, "car_lcCooperative": 0.3022, "car_lcLookaheadLeft": 94.9224, "car_lcPushy": 0.6258, "car_lcSigma": 0.9992, "car_lcSpeedGainRight": 3.6136, "car_lcSublane": 0.945, "car_sigma": 0.3404, "car_tau_mean": 2.0219, "car_tau_std": 9.2274, "car_v_mean": 22.3729, "car_v_std": 5.1207}, "datetime": {"datetime": "2024-08-11 19:21:38", "elapsed": 5969.289714, "delta": 4.326539}}
{"target": -0.45760845477630546, "params": {"bus_acc": 3.2756, "bus_dcc": 0.8692, "bus_lcAssertive": 96.3853, "bus_lcCooperative": 0.4425, "bus_lcLookaheadLeft": 13.9015, "bus_lcPushy": 0.264, "bus_lcSigma": 0.7303, "bus_lcSpeedGainRight": 0.2264, "bus_lcSublane": 0.2655, "bus_sigma": 0.313, "bus_tau_mean": 3.9009, "bus_tau_std": 0.8041, "bus_v_mean": 9.3416, "bus_v_std": 16.7703, "car_acc": 1.4319, "car_dcc": 1.8894, "car_lcAssertive": 31.0472, "car_lcCooperative": 0.4526, "car_lcLookaheadLeft": 58.4033, "car_lcPushy": 0.9214, "car_lcSigma": 0.7115, "car_lcSpeedGainRight": 4.8165, "car_lcSublane": 0.7732, "car_sigma": 0.0279, "car_tau_mean": 1.9202, "car_tau_std": 6.524, "car_v_mean": 14.9207, "car_v_std": 1.8467}, "datetime": {"datetime": "2024-08-11 19:21:43", "elapsed": 5973.978214, "delta": 4.6885}}
{"target": -0.38771711911822243, "params": {"bus_acc": 2.9691, "bus_dcc": 3.8643, "bus_lcAssertive": 89.0904, "bus_lcCooperative": 0.0715, "bus_lcLookaheadLeft": 28.0012, "bus_lcPushy": 0.7941, "bus_lcSigma": 0.0155, "bus_lcSpeedGainRight": 3.9079, "bus_lcSublane": 0.9955, "bus_sigma": 0.7224, "bus_tau_mean": 3.5324, "bus_tau_std": 6.3413, "bus_v_mean": 14.298, "bus_v_std": 1.57, "car_acc": 2.0694, "car_dcc": 3.5359, "car_lcAssertive": 32.3784, "car_lcCooperative": 0.8355, "car_lcLookaheadLeft": 72.3452, "car_lcPushy": 0.0721, "car_lcSigma": 0.8054, "car_lcSpeedGainRight": 0.981, "car_lcSublane": 0.7352, "car_sigma": 0.276, "car_tau_mean": 1.154, "car_tau_std": 4.2187, "car_v_mean": 22.2652, "car_v_std": 0.4329}, "datetime": {"datetime": "2024-08-11 19:21:47", "elapsed": 5977.802717, "delta": 3.824503}}
{"target": -0.2637965114430154, "params": {"bus_acc": 0.7489, "bus_dcc": 3.8101, "bus_lcAssertive": 36.2959, "bus_lcCooperative": 0.3259, "bus_lcLookaheadLeft": 71.2732, "bus_lcPushy": 0.6552, "bus_lcSigma": 0.7063, "bus_lcSpeedGainRight": 1.3701, "bus_lcSublane": 0.94, "bus_sigma": 0.7188, "bus_tau_mean": 2.2623, "bus_tau_std": 0.9552, "bus_v_mean": 21.0262, "bus_v_std": 7.0444, "car_acc": 3.5971, "car_dcc": 3.478, "car_lcAssertive": 27.3814, "car_lcCooperative": 0.0494, "car_lcLookaheadLeft": 58.6394, "car_lcPushy": 0.729, "car_lcSigma": 0.171, "car_lcSpeedGainRight": 4.2504, "car_lcSublane": 0.9704, "car_sigma": 0.2284, "car_tau_mean": 1.1405, "car_tau_std": 3.8053, "car_v_mean": 12.3479, "car_v_std": 15.6979}, "datetime": {"datetime": "2024-08-11 19:21:51", "elapsed": 5982.178796, "delta": 4.376079}}
{"target": -0.4043174685239197, "params": {"bus_acc": 1.394, "bus_dcc": 0.5374, "bus_lcAssertive": 86.9813, "bus_lcCooperative": 0.0322, "bus_lcLookaheadLeft": 30.5431, "bus_lcPushy": 0.0034, "bus_lcSigma": 0.3026, "bus_lcSpeedGainRight": 0.0655, "bus_lcSublane": 0.7767, "bus_sigma": 0.0892, "bus_tau_mean": 1.4884, "bus_tau_std": 6.7463, "bus_v_mean": 14.9234, "bus_v_std": 14.8043, "car_acc": 1.2163, "car_dcc": 3.9876, "car_lcAssertive": 75.5529, "car_lcCooperative": 0.7487, "car_lcLookaheadLeft": 56.9874, "car_lcPushy": 0.81, "car_lcSigma": 0.8041, "car_lcSpeedGainRight": 3.9362, "car_lcSublane": 0.6617, "car_sigma": 0.8172, "car_tau_mean": 3.0324, "car_tau_std": 4.4968, "car_v_mean": 23.7837, "car_v_std": 7.2331}, "datetime": {"datetime": "2024-08-11 19:21:56", "elapsed": 5987.594194, "delta": 5.415398}}
{"target": -0.44409931300480165, "params": {"bus_acc": 2.4437, "bus_dcc": 0.8841, "bus_lcAssertive": 77.3102, "bus_lcCooperative": 0.2709, "bus_lcLookaheadLeft": 49.3541, "bus_lcPushy": 0.6303, "bus_lcSigma": 0.9943, "bus_lcSpeedGainRight": 1.1524, "bus_lcSublane": 0.5828, "bus_sigma": 0.3293, "bus_tau_mean": 3.0359, "bus_tau_std": 6.6433, "bus_v_mean": 25.2816, "bus_v_std": 1.5266, "car_acc": 1.7179, "car_dcc": 0.6423, "car_lcAssertive": 9.7467, "car_lcCooperative": 0.4731, "car_lcLookaheadLeft": 33.0496, "car_lcPushy": 0.9708, "car_lcSigma": 0.1644, "car_lcSpeedGainRight": 0.6761, "car_lcSublane": 0.7397, "car_sigma": 0.9159, "car_tau_mean": 0.6286, "car_tau_std": 8.8195, "car_v_mean": 24.686, "car_v_std": 12.7741}, "datetime": {"datetime": "2024-08-11 19:22:01", "elapsed": 5991.913234, "delta": 4.31904}}
{"target": -0.20089091716747323, "params": {"bus_acc": 3.7149, "bus_dcc": 1.8063, "bus_lcAssertive": 18.3552, "bus_lcCooperative": 0.3492, "bus_lcLookaheadLeft": 72.841, "bus_lcPushy": 0.8683, "bus_lcSigma": 0.6963, "bus_lcSpeedGainRight": 3.4664, "bus_lcSublane": 0.0315, "bus_sigma": 0.1117, "bus_tau_mean": 2.4285, "bus_tau_std": 0.3294, "bus_v_mean": 17.5167, "bus_v_std": 16.0532, "car_acc": 0.4128, "car_dcc": 3.9185, "car_lcAssertive": 93.1301, "car_lcCooperative": 0.6132, "car_lcLookaheadLeft": 10.9516, "car_lcPushy": 0.571, "car_lcSigma": 0.7243, "car_lcSpeedGainRight": 3.4719, "car_lcSublane": 0.9606, "car_sigma": 0.8427, "car_tau_mean": 1.7238, "car_tau_std": 4.2664, "car_v_mean": 23.6326, "car_v_std": 4.2391}, "datetime": {"datetime": "2024-08-11 19:22:05", "elapsed": 5996.29804, "delta": 4.384806}}
{"target": -0.4096799955046982, "params": {"bus_acc": 3.3978, "bus_dcc": 1.543, "bus_lcAssertive": 60.9079, "bus_lcCooperative": 0.7881, "bus_lcLookaheadLeft": 36.3126, "bus_lcPushy": 0.7733, "bus_lcSigma": 0.9423, "bus_lcSpeedGainRight": 4.7827, "bus_lcSublane": 0.7324, "bus_sigma": 0.3194, "bus_tau_mean": 2.6806, "bus_tau_std": 8.0482, "bus_v_mean": 15.7062, "bus_v_std": 5.8838, "car_acc": 1.0644, "car_dcc": 3.4709, "car_lcAssertive": 19.6866, "car_lcCooperative": 0.1375, "car_lcLookaheadLeft": 37.807, "car_lcPushy": 0.2036, "car_lcSigma": 0.2883, "car_lcSpeedGainRight": 2.4143, "car_lcSublane": 0.7533, "car_sigma": 0.4334, "car_tau_mean": 0.8265, "car_tau_std": 1.4573, "car_v_mean": 12.8695, "car_v_std": 9.9786}, "datetime": {"datetime": "2024-08-11 19:22:10", "elapsed": 6001.078964, "delta": 4.780924}}
{"target": -0.41083836346626895, "params": {"bus_acc": 2.0436, "bus_dcc": 3.5585, "bus_lcAssertive": 39.8634, "bus_lcCooperative": 0.817, "bus_lcLookaheadLeft": 91.3423, "bus_lcPushy": 0.5811, "bus_lcSigma": 0.7153, "bus_lcSpeedGainRight": 0.9547, "bus_lcSublane": 0.4047, "bus_sigma": 0.3358, "bus_tau_mean": 0.8277, "bus_tau_std": 9.9587, "bus_v_mean": 19.382, "bus_v_std": 10.2647, "car_acc": 2.3069, "car_dcc": 3.3674, "car_lcAssertive": 33.7993, "car_lcCooperative": 0.1904, "car_lcLookaheadLeft": 79.7319, "car_lcPushy": 0.7698, "car_lcSigma": 0.0656, "car_lcSpeedGainRight": 3.214, "car_lcSublane": 0.9626, "car_sigma": 0.4659, "car_tau_mean": 3.1897, "car_tau_std": 8.462, "car_v_mean": 8.852, "car_v_std": 15.7569}, "datetime": {"datetime": "2024-08-11 19:22:16", "elapsed": 6007.396299, "delta": 6.317335}}
{"target": -0.2933579204958341, "params": {"bus_acc": 3.9236, "bus_dcc": 0.4693, "bus_lcAssertive": 53.6225, "bus_lcCooperative": 0.5559, "bus_lcLookaheadLeft": 39.3833, "bus_lcPushy": 0.1262, "bus_lcSigma": 0.1983, "bus_lcSpeedGainRight": 1.6849, "bus_lcSublane": 0.1333, "bus_sigma": 0.996, "bus_tau_mean": 1.5119, "bus_tau_std": 2.4413, "bus_v_mean": 17.8236, "bus_v_std": 2.165, "car_acc": 0.3654, "car_dcc": 2.0356, "car_lcAssertive": 55.6462, "car_lcCooperative": 0.8551, "car_lcLookaheadLeft": 7.5624, "car_lcPushy": 0.5867, "car_lcSigma": 0.4324, "car_lcSpeedGainRight": 1.4933, "car_lcSublane": 0.0654, "car_sigma": 0.1103, "car_tau_mean": 3.4272, "car_tau_std": 3.3659, "car_v_mean": 21.9346, "car_v_std": 13.3716}, "datetime": {"datetime": "2024-08-11 19:22:21", "elapsed": 6011.914296, "delta": 4.517997}}
{"target": -0.46615184442785695, "params": {"bus_acc": 0.5761, "bus_dcc": 0.6394, "bus_lcAssertive": 53.5945, "bus_lcCooperative": 0.4279, "bus_lcLookaheadLeft": 77.3827, "bus_lcPushy": 0.5961, "bus_lcSigma": 0.6861, "bus_lcSpeedGainRight": 4.0242, "bus_lcSublane": 0.8131, "bus_sigma": 0.3408, "bus_tau_mean": 2.9303, "bus_tau_std": 8.2007, "bus_v_mean": 20.0223, "bus_v_std": 17.8594, "car_acc": 3.1674, "car_dcc": 0.9842, "car_lcAssertive": 15.821, "car_lcCooperative": 0.4223, "car_lcLookaheadLeft": 12.2088, "car_lcPushy": 0.3274, "car_lcSigma": 0.8995, "car_lcSpeedGainRight": 1.4729, "car_lcSublane": 0.24, "car_sigma": 0.3338, "car_tau_mean": 1.5147, "car_tau_std": 4.5533, "car_v_mean": 14.2327, "car_v_std": 19.3914}, "datetime": {"datetime": "2024-08-11 19:22:27", "elapsed": 6017.684368, "delta": 5.770072}}
{"target": -0.35380061232460697, "params": {"bus_acc": 2.9575, "bus_dcc": 3.7777, "bus_lcAssertive": 55.2718, "bus_lcCooperative": 0.2332, "bus_lcLookaheadLeft": 24.2942, "bus_lcPushy": 0.7374, "bus_lcSigma": 0.266, "bus_lcSpeedGainRight": 3.3493, "bus_lcSublane": 0.1482, "bus_sigma": 0.3934, "bus_tau_mean": 2.8605, "bus_tau_std": 7.5587, "bus_v_mean": 10.9939, "bus_v_std": 0.504, "car_acc": 2.9525, "car_dcc": 3.8581, "car_lcAssertive": 14.2819, "car_lcCooperative": 0.74, "car_lcLookaheadLeft": 30.5523, "car_lcPushy": 0.2617, "car_lcSigma": 0.5992, "car_lcSpeedGainRight": 3.1566, "car_lcSublane": 0.5632, "car_sigma": 0.1967, "car_tau_mean": 1.8418, "car_tau_std": 3.7371, "car_v_mean": 8.9729, "car_v_std": 4.0614}, "datetime": {"datetime": "2024-08-11 19:22:32", "elapsed": 6023.05733, "delta": 5.372962}}
{"target": -0.3064164942238637, "params": {"bus_acc": 3.7354, "bus_dcc": 0.6521, "bus_lcAssertive": 95.8301, "bus_lcCooperative": 0.0044, "bus_lcLookaheadLeft": 89.1892, "bus_lcPushy": 0.4893, "bus_lcSigma": 0.4749, "bus_lcSpeedGainRight": 2.9628, "bus_lcSublane": 0.7104, "bus_sigma": 0.4432, "bus_tau_mean": 0.6402, "bus_tau_std": 2.5509, "bus_v_mean": 10.1456, "bus_v_std": 16.7, "car_acc": 0.5362, "car_dcc": 2.7409, "car_lcAssertive": 16.4195, "car_lcCooperative": 0.1473, "car_lcLookaheadLeft": 60.2838, "car_lcPushy": 0.7902, "car_lcSigma": 0.1102, "car_lcSpeedGainRight": 3.4428, "car_lcSublane": 0.8789, "car_sigma": 0.693, "car_tau_mean": 0.7413, "car_tau_std": 8.2275, "car_v_mean": 19.2311, "car_v_std": 0.2357}, "datetime": {"datetime": "2024-08-11 19:22:38", "elapsed": 6028.921412, "delta": 5.864082}}
{"target": -0.5204803501940501, "params": {"bus_acc": 1.4178, "bus_dcc": 1.3664, "bus_lcAssertive": 78.3741, "bus_lcCooperative": 0.7245, "bus_lcLookaheadLeft": 13.2901, "bus_lcPushy": 0.4826, "bus_lcSigma": 0.0724, "bus_lcSpeedGainRight": 3.7482, "bus_lcSublane": 0.7744, "bus_sigma": 0.219, "bus_tau_mean": 0.523, "bus_tau_std": 7.209, "bus_v_mean": 19.8556, "bus_v_std": 11.5115, "car_acc": 3.9168, "car_dcc": 0.8506, "car_lcAssertive": 40.1732, "car_lcCooperative": 0.0374, "car_lcLookaheadLeft": 17.3304, "car_lcPushy": 0.3887, "car_lcSigma": 0.0983, "car_lcSpeedGainRight": 4.087, "car_lcSublane": 0.9481, "car_sigma": 0.8443, "car_tau_mean": 1.1685, "car_tau_std": 9.2703, "car_v_mean": 8.0136, "car_v_std": 1.5714}, "datetime": {"datetime": "2024-08-11 19:22:46", "elapsed": 6037.325162, "delta": 8.40375}}
{"target": -0.4039296309585549, "params": {"bus_acc": 0.6363, "bus_dcc": 2.8347, "bus_lcAssertive": 96.7435, "bus_lcCooperative": 0.1546, "bus_lcLookaheadLeft": 88.6967, "bus_lcPushy": 0.704, "bus_lcSigma": 0.201, "bus_lcSpeedGainRight": 0.8823, "bus_lcSublane": 0.1276, "bus_sigma": 0.2306, "bus_tau_mean": 1.5908, "bus_tau_std": 3.1802, "bus_v_mean": 10.7818, "bus_v_std": 16.4761, "car_acc": 1.6124, "car_dcc": 0.7485, "car_lcAssertive": 52.1436, "car_lcCooperative": 0.9793, "car_lcLookaheadLeft": 64.6874, "car_lcPushy": 0.7383, "car_lcSigma": 0.0338, "car_lcSpeedGainRight": 2.7936, "car_lcSublane": 0.0861, "car_sigma": 0.959, "car_tau_mean": 1.1549, "car_tau_std": 4.1218, "car_v_mean": 20.9219, "car_v_std": 17.9899}, "datetime": {"datetime": "2024-08-11 19:22:50", "elapsed": 6041.462082, "delta": 4.13692}}
{"target": -0.6000378961537728, "params": {"bus_acc": 0.6642, "bus_dcc": 3.2493, "bus_lcAssertive": 54.8613, "bus_lcCooperative": 0.5645, "bus_lcLookaheadLeft": 19.5335, "bus_lcPushy": 0.7193, "bus_lcSigma": 0.7071, "bus_lcSpeedGainRight": 1.697, "bus_lcSublane": 0.8503, "bus_sigma": 0.926, "bus_tau_mean": 0.6868, "bus_tau_std": 8.0752, "bus_v_mean": 22.2585, "bus_v_std": 8.0727, "car_acc": 3.5936, "car_dcc": 3.4866, "car_lcAssertive": 99.4105, "car_lcCooperative": 0.5287, "car_lcLookaheadLeft": 31.5369, "car_lcPushy": 0.963, "car_lcSigma": 0.0018, "car_lcSpeedGainRight": 0.0898, "car_lcSublane": 0.7761, "car_sigma": 0.1019, "car_tau_mean": 3.4524, "car_tau_std": 0.6489, "car_v_mean": 18.8294, "car_v_std": 2.3867}, "datetime": {"datetime": "2024-08-11 19:22:55", "elapsed": 6046.312034, "delta": 4.849952}}
{"target": -0.26069636456773126, "params": {"bus_acc": 1.1805, "bus_dcc": 1.5892, "bus_lcAssertive": 32.2997, "bus_lcCooperative": 0.6789, "bus_lcLookaheadLeft": 15.3692, "bus_lcPushy": 0.9244, "bus_lcSigma": 0.6806, "bus_lcSpeedGainRight": 1.4397, "bus_lcSublane": 0.6433, "bus_sigma": 0.3502, "bus_tau_mean": 3.9089, "bus_tau_std": 4.8647, "bus_v_mean": 8.7763, "bus_v_std": 16.7505, "car_acc": 0.3002, "car_dcc": 3.33, "car_lcAssertive": 92.6464, "car_lcCooperative": 0.9271, "car_lcLookaheadLeft": 60.6087, "car_lcPushy": 0.6426, "car_lcSigma": 0.2873, "car_lcSpeedGainRight": 2.9421, "car_lcSublane": 0.8844, "car_sigma": 0.3461, "car_tau_mean": 3.2722, "car_tau_std": 6.493, "car_v_mean": 25.2321, "car_v_std": 2.7823}, "datetime": {"datetime": "2024-08-11 19:23:00", "elapsed": 6050.749515, "delta": 4.437481}}
{"target": -0.37952961553835696, "params": {"bus_acc": 2.9901, "bus_dcc": 1.7832, "bus_lcAssertive": 92.3698, "bus_lcCooperative": 0.9672, "bus_lcLookaheadLeft": 61.6409, "bus_lcPushy": 0.5572, "bus_lcSigma": 0.4289, "bus_lcSpeedGainRight": 0.8734, "bus_lcSublane": 0.3568, "bus_sigma": 0.7066, "bus_tau_mean": 1.2327, "bus_tau_std": 0.7441, "bus_v_mean": 23.1638, "bus_v_std": 12.1532, "car_acc": 3.8429, "car_dcc": 1.1544, "car_lcAssertive": 63.4973, "car_lcCooperative": 0.7931, "car_lcLookaheadLeft": 36.4629, "car_lcPushy": 0.0115, "car_lcSigma": 0.9781, "car_lcSpeedGainRight": 4.0803, "car_lcSublane": 0.4222, "car_sigma": 0.4303, "car_tau_mean": 2.8088, "car_tau_std": 3.0943, "car_v_mean": 20.1707, "car_v_std": 16.0208}, "datetime": {"datetime": "2024-08-11 19:23:04", "elapsed": 6055.620358, "delta": 4.870843}}
{"target": -0.36617587230599885, "params": {"bus_acc": 3.7089, "bus_dcc": 3.2391, "bus_lcAssertive": 87.7502, "bus_lcCooperative": 0.0962, "bus_lcLookaheadLeft": 24.8346, "bus_lcPushy": 0.4532, "bus_lcSigma": 0.5331, "bus_lcSpeedGainRight": 1.9633, "bus_lcSublane": 0.5817, "bus_sigma": 0.4702, "bus_tau_mean": 0.9585, "bus_tau_std": 2.3127, "bus_v_mean": 9.7562, "bus_v_std": 4.088, "car_acc": 2.8449, "car_dcc": 3.2322, "car_lcAssertive": 84.908, "car_lcCooperative": 0.9252, "car_lcLookaheadLeft": 91.1229, "car_lcPushy": 0.5784, "car_lcSigma": 0.832, "car_lcSpeedGainRight": 3.5631, "car_lcSublane": 0.8659, "car_sigma": 0.6337, "car_tau_mean": 3.34, "car_tau_std": 7.1743, "car_v_mean": 19.1582, "car_v_std": 5.9483}, "datetime": {"datetime": "2024-08-11 19:23:11", "elapsed": 6061.726761, "delta": 6.106403}}
{"target": -0.41521467767460596, "params": {"bus_acc": 3.5876, "bus_dcc": 3.9955, "bus_lcAssertive": 70.3093, "bus_lcCooperative": 0.8217, "bus_lcLookaheadLeft": 96.4756, "bus_lcPushy": 0.573, "bus_lcSigma": 0.5843, "bus_lcSpeedGainRight": 3.6913, "bus_lcSublane": 0.4618, "bus_sigma": 0.2197, "bus_tau_mean": 1.8375, "bus_tau_std": 5.5272, "bus_v_mean": 15.1204, "bus_v_std": 5.2186, "car_acc": 3.7687, "car_dcc": 2.5078, "car_lcAssertive": 9.775, "car_lcCooperative": 0.5536, "car_lcLookaheadLeft": 18.979, "car_lcPushy": 0.9041, "car_lcSigma": 0.9626, "car_lcSpeedGainRight": 4.9807, "car_lcSublane": 0.4178, "car_sigma": 0.0819, "car_tau_mean": 3.7421, "car_tau_std": 9.3001, "car_v_mean": 15.8361, "car_v_std": 17.3063}, "datetime": {"datetime": "2024-08-11 19:23:19", "elapsed": 6069.743066, "delta": 8.016305}}
{"target": -0.36794405322273754, "params": {"bus_acc": 2.6872, "bus_dcc": 3.1975, "bus_lcAssertive": 39.9592, "bus_lcCooperative": 0.3668, "bus_lcLookaheadLeft": 70.6154, "bus_lcPushy": 0.2689, "bus_lcSigma": 0.6646, "bus_lcSpeedGainRight": 3.5844, "bus_lcSublane": 0.5829, "bus_sigma": 0.2801, "bus_tau_mean": 1.6149, "bus_tau_std": 3.0537, "bus_v_mean": 19.241, "bus_v_std": 14.0411, "car_acc": 3.8485, "car_dcc": 2.3789, "car_lcAssertive": 27.631, "car_lcCooperative": 0.9519, "car_lcLookaheadLeft": 15.455, "car_lcPushy": 0.8312, "car_lcSigma": 0.9258, "car_lcSpeedGainRight": 3.117, "car_lcSublane": 0.6999, "car_sigma": 0.2815, "car_tau_mean": 1.2472, "car_tau_std": 1.2581, "car_v_mean": 16.4651, "car_v_std": 5.9417}, "datetime": {"datetime": "2024-08-11 19:23:26", "elapsed": 6077.021036, "delta": 7.27797}}
{"target": -0.5103244410814028, "params": {"bus_acc": 3.5659, "bus_dcc": 0.656, "bus_lcAssertive": 38.4144, "bus_lcCooperative": 0.9984, "bus_lcLookaheadLeft": 70.9833, "bus_lcPushy": 0.0277, "bus_lcSigma": 0.2375, "bus_lcSpeedGainRight": 4.7093, "bus_lcSublane": 0.9966, "bus_sigma": 0.6499, "bus_tau_mean": 0.9405, "bus_tau_std": 2.4964, "bus_v_mean": 9.0842, "bus_v_std": 6.2293, "car_acc": 3.6694, "car_dcc": 3.1649, "car_lcAssertive": 3.4302, "car_lcCooperative": 0.4348, "car_lcLookaheadLeft": 77.0177, "car_lcPushy": 0.0388, "car_lcSigma": 0.8115, "car_lcSpeedGainRight": 2.6307, "car_lcSublane": 0.3955, "car_sigma": 0.116, "car_tau_mean": 2.0538, "car_tau_std": 7.4128, "car_v_mean": 20.1972, "car_v_std": 19.4197}, "datetime": {"datetime": "2024-08-11 19:23:30", "elapsed": 6081.53996, "delta": 4.518924}}
{"target": -0.3904678937158388, "params": {"bus_acc": 2.8598, "bus_dcc": 1.8447, "bus_lcAssertive": 66.6439, "bus_lcCooperative": 0.4504, "bus_lcLookaheadLeft": 58.7154, "bus_lcPushy": 0.1089, "bus_lcSigma": 0.2999, "bus_lcSpeedGainRight": 4.3243, "bus_lcSublane": 0.2672, "bus_sigma": 0.2862, "bus_tau_mean": 2.2509, "bus_tau_std": 1.0273, "bus_v_mean": 12.0456, "bus_v_std": 8.2568, "car_acc": 0.3922, "car_dcc": 0.8811, "car_lcAssertive": 2.9789, "car_lcCooperative": 0.1222, "car_lcLookaheadLeft": 17.5125, "car_lcPushy": 0.6785, "car_lcSigma": 0.1253, "car_lcSpeedGainRight": 4.9566, "car_lcSublane": 0.2927, "car_sigma": 0.068, "car_tau_mean": 0.9953, "car_tau_std": 9.2737, "car_v_mean": 19.8123, "car_v_std": 0.9081}, "datetime": {"datetime": "2024-08-11 19:23:39", "elapsed": 6090.085408, "delta": 8.545448}}
