{"target": -0.4159597085038936, "params": {"bus_acc": 0.5526, "bus_dcc": 2.5584, "bus_lcAssertive": 7.5058, "bus_lcCooperative": 0.5446, "bus_lcLookaheadLeft": 76.7145, "bus_lcPushy": 0.4178, "bus_lcSigma": 0.2252, "bus_lcSpeedGainRight": 4.0511, "bus_lcSublane": 0.1703, "bus_sigma": 0.5659, "bus_tau_mean": 2.4045, "bus_tau_std": 9.7133, "bus_v_mean": 10.9158, "bus_v_std": 3.0339, "car_acc": 1.3562, "car_dcc": 0.8631, "car_lcAssertive": 93.0963, "car_lcCooperative": 0.1269, "car_lcLookaheadLeft": 93.5865, "car_lcPushy": 0.6718, "car_lcSigma": 0.398, "car_lcSpeedGainRight": 4.0339, "car_lcSublane": 0.2517, "car_sigma": 0.406, "car_tau_mean": 1.6091, "car_tau_std": 2.8146, "car_v_mean": 25.1511, "car_v_std": 5.0454}, "datetime": {"datetime": "2024-08-11 17:53:15", "elapsed": 666.293842, "delta": 4.879523}}
{"target": -0.31565237012652864, "params": {"bus_acc": 3.3731, "bus_dcc": 0.2215, "bus_lcAssertive": 47.5071, "bus_lcCooperative": 0.42, "bus_lcLookaheadLeft": 73.7923, "bus_lcPushy": 0.4949, "bus_lcSigma": 0.8818, "bus_lcSpeedGainRight": 0.2093, "bus_lcSublane": 0.7358, "bus_sigma": 0.2823, "bus_tau_mean": 2.3286, "bus_tau_std": 3.3853, "bus_v_mean": 22.1413, "bus_v_std": 5.6918, "car_acc": 2.7468, "car_dcc": 3.4857, "car_lcAssertive": 20.2831, "car_lcCooperative": 0.5664, "car_lcLookaheadLeft": 74.9368, "car_lcPushy": 0.7046, "car_lcSigma": 0.0373, "car_lcSpeedGainRight": 3.2493, "car_lcSublane": 0.1525, "car_sigma": 0.8945, "car_tau_mean": 3.836, "car_tau_std": 7.3625, "car_v_mean": 23.7878, "car_v_std": 13.6416}, "datetime": {"datetime": "2024-08-11 17:53:19", "elapsed": 670.623347, "delta": 4.329505}}
{"target": -0.4918826046384342, "params": {"bus_acc": 1.9673, "bus_dcc": 1.7222, "bus_lcAssertive": 44.9914, "bus_lcCooperative": 0.7225, "bus_lcLookaheadLeft": 21.1168, "bus_lcPushy": 0.5763, "bus_lcSigma": 0.205, "bus_lcSpeedGainRight": 0.6183, "bus_lcSublane": 0.3786, "bus_sigma": 0.5329, "bus_tau_mean": 3.3321, "bus_tau_std": 7.8039, "bus_v_mean": 23.3391, "bus_v_std": 13.307, "car_acc": 3.2154, "car_dcc": 1.9833, "car_lcAssertive": 52.8031, "car_lcCooperative": 0.181, "car_lcLookaheadLeft": 89.9896, "car_lcPushy": 0.1869, "car_lcSigma": 0.5856, "car_lcSpeedGainRight": 0.7478, "car_lcSublane": 0.6352, "car_sigma": 0.4077, "car_tau_mean": 1.1616, "car_tau_std": 3.6588, "car_v_mean": 16.4407, "car_v_std": 9.2739}, "datetime": {"datetime": "2024-08-11 17:53:24", "elapsed": 674.995769, "delta": 4.372422}}
{"target": -0.3564313365627802, "params": {"bus_acc": 1.0175, "bus_dcc": 2.6367, "bus_lcAssertive": 22.1262, "bus_lcCooperative": 0.7477, "bus_lcLookaheadLeft": 6.3593, "bus_lcPushy": 0.6847, "bus_lcSigma": 0.7508, "bus_lcSpeedGainRight": 4.7616, "bus_lcSublane": 0.6942, "bus_sigma": 0.8117, "bus_tau_mean": 3.8402, "bus_tau_std": 9.304, "bus_v_mean": 9.7618, "bus_v_std": 14.6941, "car_acc": 1.6962, "car_dcc": 1.0729, "car_lcAssertive": 23.0095, "car_lcCooperative": 0.44, "car_lcLookaheadLeft": 90.7891, "car_lcPushy": 0.5283, "car_lcSigma": 0.5729, "car_lcSpeedGainRight": 0.851, "car_lcSublane": 0.0612, "car_sigma": 0.2422, "car_tau_mean": 0.542, "car_tau_std": 6.4913, "car_v_mean": 22.3076, "car_v_std": 13.9737}, "datetime": {"datetime": "2024-08-11 17:53:27", "elapsed": 678.155409, "delta": 3.15964}}
{"target": -0.46115256081367684, "params": {"bus_acc": 0.5644, "bus_dcc": 1.9378, "bus_lcAssertive": 44.2302, "bus_lcCooperative": 0.1931, "bus_lcLookaheadLeft": 95.7752, "bus_lcPushy": 0.714, "bus_lcSigma": 0.4395, "bus_lcSpeedGainRight": 2.3972, "bus_lcSublane": 0.0567, "bus_sigma": 0.3792, "bus_tau_mean": 3.5754, "bus_tau_std": 1.7104, "bus_v_mean": 11.8307, "bus_v_std": 10.6411, "car_acc": 3.6198, "car_dcc": 0.4313, "car_lcAssertive": 49.8777, "car_lcCooperative": 0.5445, "car_lcLookaheadLeft": 94.4047, "car_lcPushy": 0.179, "car_lcSigma": 0.112, "car_lcSpeedGainRight": 0.3962, "car_lcSublane": 0.1027, "car_sigma": 0.8395, "car_tau_mean": 2.3108, "car_tau_std": 8.7715, "car_v_mean": 22.2752, "car_v_std": 18.0194}, "datetime": {"datetime": "2024-08-11 17:53:30", "elapsed": 680.698604, "delta": 2.543195}}
{"target": -0.3549065952857582, "params": {"bus_acc": 0.6935, "bus_dcc": 1.1626, "bus_lcAssertive": 3.1358, "bus_lcCooperative": 0.6297, "bus_lcLookaheadLeft": 6.0645, "bus_lcPushy": 0.4527, "bus_lcSigma": 0.6672, "bus_lcSpeedGainRight": 1.4315, "bus_lcSublane": 0.1839, "bus_sigma": 0.3859, "bus_tau_mean": 3.2832, "bus_tau_std": 2.8143, "bus_v_mean": 9.6123, "bus_v_std": 9.8486, "car_acc": 1.3314, "car_dcc": 3.5749, "car_lcAssertive": 90.1406, "car_lcCooperative": 0.8267, "car_lcLookaheadLeft": 96.281, "car_lcPushy": 0.473, "car_lcSigma": 0.2316, "car_lcSpeedGainRight": 2.8369, "car_lcSublane": 0.2457, "car_sigma": 0.4963, "car_tau_mean": 3.6511, "car_tau_std": 4.4093, "car_v_mean": 25.294, "car_v_std": 1.0262}, "datetime": {"datetime": "2024-08-11 17:53:32", "elapsed": 683.394813, "delta": 2.696209}}
{"target": -0.4094371441824132, "params": {"bus_acc": 2.7702, "bus_dcc": 1.7875, "bus_lcAssertive": 51.3815, "bus_lcCooperative": 0.5029, "bus_lcLookaheadLeft": 38.8267, "bus_lcPushy": 0.2738, "bus_lcSigma": 0.6384, "bus_lcSpeedGainRight": 4.2474, "bus_lcSublane": 0.3845, "bus_sigma": 0.3137, "bus_tau_mean": 2.0476, "bus_tau_std": 0.2886, "bus_v_mean": 21.5208, "bus_v_std": 0.2865, "car_acc": 2.9696, "car_dcc": 3.1062, "car_lcAssertive": 16.1493, "car_lcCooperative": 0.5399, "car_lcLookaheadLeft": 86.8982, "car_lcPushy": 0.6902, "car_lcSigma": 0.0935, "car_lcSpeedGainRight": 1.5635, "car_lcSublane": 0.3055, "car_sigma": 0.2369, "car_tau_mean": 2.3133, "car_tau_std": 8.041, "car_v_mean": 24.7478, "car_v_std": 5.3365}, "datetime": {"datetime": "2024-08-11 17:53:35", "elapsed": 686.359918, "delta": 2.965105}}
{"target": -0.661859259396105, "params": {"bus_acc": 3.68, "bus_dcc": 3.5324, "bus_lcAssertive": 58.2889, "bus_lcCooperative": 0.2357, "bus_lcLookaheadLeft": 96.5216, "bus_lcPushy": 0.1722, "bus_lcSigma": 0.5995, "bus_lcSpeedGainRight": 1.6057, "bus_lcSublane": 0.4287, "bus_sigma": 0.757, "bus_tau_mean": 1.1032, "bus_tau_std": 0.8855, "bus_v_mean": 17.2961, "bus_v_std": 3.172, "car_acc": 1.0168, "car_dcc": 0.8662, "car_lcAssertive": 23.4863, "car_lcCooperative": 0.8877, "car_lcLookaheadLeft": 81.5199, "car_lcPushy": 0.5302, "car_lcSigma": 0.8139, "car_lcSpeedGainRight": 4.0139, "car_lcSublane": 0.2472, "car_sigma": 0.9363, "car_tau_mean": 0.6236, "car_tau_std": 2.0837, "car_v_mean": 9.9741, "car_v_std": 6.5529}, "datetime": {"datetime": "2024-08-11 17:53:39", "elapsed": 689.896663, "delta": 3.536745}}
{"target": -0.4141910442371142, "params": {"bus_acc": 1.9465, "bus_dcc": 2.4196, "bus_lcAssertive": 51.0759, "bus_lcCooperative": 0.7194, "bus_lcLookaheadLeft": 43.4247, "bus_lcPushy": 0.3685, "bus_lcSigma": 0.9508, "bus_lcSpeedGainRight": 4.6279, "bus_lcSublane": 0.8111, "bus_sigma": 0.1245, "bus_tau_mean": 2.0566, "bus_tau_std": 2.5422, "bus_v_mean": 16.4556, "bus_v_std": 11.1725, "car_acc": 3.7341, "car_dcc": 0.6547, "car_lcAssertive": 78.1857, "car_lcCooperative": 0.4764, "car_lcLookaheadLeft": 88.7643, "car_lcPushy": 0.4583, "car_lcSigma": 0.6138, "car_lcSpeedGainRight": 1.6315, "car_lcSublane": 0.039, "car_sigma": 0.8362, "car_tau_mean": 0.5988, "car_tau_std": 5.4222, "car_v_mean": 10.6364, "car_v_std": 3.0541}, "datetime": {"datetime": "2024-08-11 17:53:42", "elapsed": 692.944945, "delta": 3.048282}}
{"target": -0.3791251851367048, "params": {"bus_acc": 0.8399, "bus_dcc": 2.3749, "bus_lcAssertive": 40.8004, "bus_lcCooperative": 0.6934, "bus_lcLookaheadLeft": 95.7789, "bus_lcPushy": 0.8771, "bus_lcSigma": 0.5525, "bus_lcSpeedGainRight": 2.6937, "bus_lcSublane": 0.6394, "bus_sigma": 0.4201, "bus_tau_mean": 1.4856, "bus_tau_std": 2.0812, "bus_v_mean": 8.3645, "bus_v_std": 19.6613, "car_acc": 2.1513, "car_dcc": 3.0123, "car_lcAssertive": 53.3262, "car_lcCooperative": 0.5755, "car_lcLookaheadLeft": 67.7022, "car_lcPushy": 0.1044, "car_lcSigma": 0.7307, "car_lcSpeedGainRight": 2.5489, "car_lcSublane": 0.4178, "car_sigma": 0.2078, "car_tau_mean": 3.6581, "car_tau_std": 3.041, "car_v_mean": 15.1494, "car_v_std": 19.9893}, "datetime": {"datetime": "2024-08-11 17:53:45", "elapsed": 696.615515, "delta": 3.67057}}
{"target": -0.4247788592882869, "params": {"bus_acc": 0.4228, "bus_dcc": 3.0987, "bus_lcAssertive": 89.7942, "bus_lcCooperative": 0.3435, "bus_lcLookaheadLeft": 22.0915, "bus_lcPushy": 0.1168, "bus_lcSigma": 0.4817, "bus_lcSpeedGainRight": 4.1651, "bus_lcSublane": 0.3874, "bus_sigma": 0.9973, "bus_tau_mean": 0.5373, "bus_tau_std": 0.9242, "bus_v_mean": 16.059, "bus_v_std": 9.3009, "car_acc": 0.8026, "car_dcc": 1.5203, "car_lcAssertive": 27.5006, "car_lcCooperative": 0.3598, "car_lcLookaheadLeft": 25.3683, "car_lcPushy": 0.6051, "car_lcSigma": 0.3295, "car_lcSpeedGainRight": 0.6633, "car_lcSublane": 0.8246, "car_sigma": 0.28, "car_tau_mean": 3.9674, "car_tau_std": 1.7699, "car_v_mean": 9.8318, "car_v_std": 14.9895}, "datetime": {"datetime": "2024-08-11 17:53:49", "elapsed": 700.353777, "delta": 3.738262}}
{"target": -0.5518797255594993, "params": {"bus_acc": 2.0643, "bus_dcc": 1.1981, "bus_lcAssertive": 99.2988, "bus_lcCooperative": 0.9065, "bus_lcLookaheadLeft": 71.6298, "bus_lcPushy": 0.2766, "bus_lcSigma": 0.7132, "bus_lcSpeedGainRight": 2.972, "bus_lcSublane": 0.9999, "bus_sigma": 0.9226, "bus_tau_mean": 2.8854, "bus_tau_std": 6.816, "bus_v_mean": 10.3274, "bus_v_std": 3.6012, "car_acc": 0.6907, "car_dcc": 0.7964, "car_lcAssertive": 44.5788, "car_lcCooperative": 0.1484, "car_lcLookaheadLeft": 47.4228, "car_lcPushy": 0.3944, "car_lcSigma": 0.4937, "car_lcSpeedGainRight": 2.9781, "car_lcSublane": 0.2488, "car_sigma": 0.7175, "car_tau_mean": 3.6256, "car_tau_std": 4.9105, "car_v_mean": 10.1063, "car_v_std": 4.6849}, "datetime": {"datetime": "2024-08-11 17:53:52", "elapsed": 702.818465, "delta": 2.464688}}
{"target": -0.43478909093156193, "params": {"bus_acc": 3.0882, "bus_dcc": 2.9724, "bus_lcAssertive": 44.8301, "bus_lcCooperative": 0.493, "bus_lcLookaheadLeft": 17.0511, "bus_lcPushy": 0.4126, "bus_lcSigma": 0.0708, "bus_lcSpeedGainRight": 1.0041, "bus_lcSublane": 0.0658, "bus_sigma": 0.2045, "bus_tau_mean": 0.595, "bus_tau_std": 4.6756, "bus_v_mean": 11.1335, "bus_v_std": 19.329, "car_acc": 3.2575, "car_dcc": 2.1428, "car_lcAssertive": 11.5313, "car_lcCooperative": 0.6761, "car_lcLookaheadLeft": 16.0321, "car_lcPushy": 0.7968, "car_lcSigma": 0.741, "car_lcSpeedGainRight": 3.881, "car_lcSublane": 0.0788, "car_sigma": 0.0045, "car_tau_mean": 0.6938, "car_tau_std": 1.4519, "car_v_mean": 8.1622, "car_v_std": 9.5659}, "datetime": {"datetime": "2024-08-11 17:53:54", "elapsed": 705.346948, "delta": 2.528483}}
{"target": -0.3859008105445481, "params": {"bus_acc": 0.6658, "bus_dcc": 1.9417, "bus_lcAssertive": 61.5866, "bus_lcCooperative": 0.0396, "bus_lcLookaheadLeft": 17.3672, "bus_lcPushy": 0.8803, "bus_lcSigma": 0.4522, "bus_lcSpeedGainRight": 4.1314, "bus_lcSublane": 0.07, "bus_sigma": 0.0954, "bus_tau_mean": 1.832, "bus_tau_std": 2.0322, "bus_v_mean": 9.2864, "bus_v_std": 8.7338, "car_acc": 2.9346, "car_dcc": 0.3424, "car_lcAssertive": 45.1096, "car_lcCooperative": 0.3863, "car_lcLookaheadLeft": 22.8892, "car_lcPushy": 0.355, "car_lcSigma": 0.3557, "car_lcSpeedGainRight": 3.6425, "car_lcSublane": 0.1714, "car_sigma": 0.1426, "car_tau_mean": 2.7178, "car_tau_std": 2.3291, "car_v_mean": 11.3659, "car_v_std": 15.1327}, "datetime": {"datetime": "2024-08-11 17:53:59", "elapsed": 709.682334, "delta": 4.335386}}
{"target": -0.47088460869967447, "params": {"bus_acc": 2.8872, "bus_dcc": 0.3199, "bus_lcAssertive": 79.0778, "bus_lcCooperative": 0.6913, "bus_lcLookaheadLeft": 33.8644, "bus_lcPushy": 0.9698, "bus_lcSigma": 0.5441, "bus_lcSpeedGainRight": 2.5778, "bus_lcSublane": 0.4502, "bus_sigma": 0.9803, "bus_tau_mean": 3.1828, "bus_tau_std": 6.5943, "bus_v_mean": 22.7096, "bus_v_std": 6.7793, "car_acc": 3.7296, "car_dcc": 3.2016, "car_lcAssertive": 28.6449, "car_lcCooperative": 0.7338, "car_lcLookaheadLeft": 27.7819, "car_lcPushy": 0.6859, "car_lcSigma": 0.0762, "car_lcSpeedGainRight": 3.8257, "car_lcSublane": 0.8472, "car_sigma": 0.4312, "car_tau_mean": 0.9977, "car_tau_std": 5.9497, "car_v_mean": 9.0295, "car_v_std": 6.1329}, "datetime": {"datetime": "2024-08-11 17:54:01", "elapsed": 712.163996, "delta": 2.481662}}
{"target": -0.23827587194092334, "params": {"bus_acc": 0.7713, "bus_dcc": 1.4423, "bus_lcAssertive": 42.768, "bus_lcCooperative": 0.6282, "bus_lcLookaheadLeft": 35.2607, "bus_lcPushy": 0.0958, "bus_lcSigma": 0.0977, "bus_lcSpeedGainRight": 2.8981, "bus_lcSublane": 0.6512, "bus_sigma": 0.7225, "bus_tau_mean": 2.3213, "bus_tau_std": 3.557, "bus_v_mean": 19.663, "bus_v_std": 11.0876, "car_acc": 0.5054, "car_dcc": 1.9894, "car_lcAssertive": 48.4973, "car_lcCooperative": 0.5742, "car_lcLookaheadLeft": 78.4327, "car_lcPushy": 0.8054, "car_lcSigma": 0.6701, "car_lcSpeedGainRight": 1.8869, "car_lcSublane": 0.0995, "car_sigma": 0.1267, "car_tau_mean": 2.0626, "car_tau_std": 3.3558, "car_v_mean": 16.7057, "car_v_std": 10.0445}, "datetime": {"datetime": "2024-08-11 17:54:03", "elapsed": 714.227488, "delta": 2.063492}}
{"target": -0.3599206349043143, "params": {"bus_acc": 1.0236, "bus_dcc": 2.7403, "bus_lcAssertive": 42.6586, "bus_lcCooperative": 0.2393, "bus_lcLookaheadLeft": 77.3173, "bus_lcPushy": 0.8951, "bus_lcSigma": 0.1837, "bus_lcSpeedGainRight": 3.502, "bus_lcSublane": 0.7893, "bus_sigma": 0.6618, "bus_tau_mean": 1.2908, "bus_tau_std": 2.6233, "bus_v_mean": 15.9254, "bus_v_std": 13.6447, "car_acc": 1.6996, "car_dcc": 0.6957, "car_lcAssertive": 12.5906, "car_lcCooperative": 0.0616, "car_lcLookaheadLeft": 3.4028, "car_lcPushy": 0.6875, "car_lcSigma": 0.0841, "car_lcSpeedGainRight": 0.5555, "car_lcSublane": 0.0226, "car_sigma": 0.3195, "car_tau_mean": 3.4706, "car_tau_std": 1.3576, "car_v_mean": 22.235, "car_v_std": 7.2359}, "datetime": {"datetime": "2024-08-11 17:54:07", "elapsed": 718.334435, "delta": 4.106947}}
{"target": -0.404761000002162, "params": {"bus_acc": 1.0809, "bus_dcc": 1.9725, "bus_lcAssertive": 91.4035, "bus_lcCooperative": 0.2806, "bus_lcLookaheadLeft": 48.9387, "bus_lcPushy": 0.6378, "bus_lcSigma": 0.9253, "bus_lcSpeedGainRight": 1.6646, "bus_lcSublane": 0.3101, "bus_sigma": 0.4095, "bus_tau_mean": 1.1833, "bus_tau_std": 2.2378, "bus_v_mean": 20.8472, "bus_v_std": 19.7342, "car_acc": 3.8535, "car_dcc": 0.324, "car_lcAssertive": 53.9023, "car_lcCooperative": 0.1222, "car_lcLookaheadLeft": 94.1141, "car_lcPushy": 0.0492, "car_lcSigma": 0.4173, "car_lcSpeedGainRight": 1.4996, "car_lcSublane": 0.3761, "car_sigma": 0.0375, "car_tau_mean": 2.278, "car_tau_std": 6.3917, "car_v_mean": 19.0999, "car_v_std": 18.6089}, "datetime": {"datetime": "2024-08-11 17:54:11", "elapsed": 721.906691, "delta": 3.572256}}
{"target": -0.30999124978597875, "params": {"bus_acc": 2.8263, "bus_dcc": 0.3024, "bus_lcAssertive": 10.9206, "bus_lcCooperative": 0.0041, "bus_lcLookaheadLeft": 48.5163, "bus_lcPushy": 0.8986, "bus_lcSigma": 0.3649, "bus_lcSpeedGainRight": 1.611, "bus_lcSublane": 0.6935, "bus_sigma": 0.6725, "bus_tau_mean": 2.096, "bus_tau_std": 3.1371, "bus_v_mean": 17.7882, "bus_v_std": 12.8111, "car_acc": 0.8033, "car_dcc": 1.8894, "car_lcAssertive": 81.3251, "car_lcCooperative": 0.2179, "car_lcLookaheadLeft": 51.8543, "car_lcPushy": 0.4378, "car_lcSigma": 0.458, "car_lcSpeedGainRight": 1.4607, "car_lcSublane": 0.3218, "car_sigma": 0.7696, "car_tau_mean": 2.9081, "car_tau_std": 5.193, "car_v_mean": 20.9128, "car_v_std": 19.5826}, "datetime": {"datetime": "2024-08-11 17:54:13", "elapsed": 724.219703, "delta": 2.313012}}
{"target": -0.40351107214336884, "params": {"bus_acc": 2.4292, "bus_dcc": 0.605, "bus_lcAssertive": 22.89, "bus_lcCooperative": 0.7656, "bus_lcLookaheadLeft": 51.5756, "bus_lcPushy": 0.8222, "bus_lcSigma": 0.2341, "bus_lcSpeedGainRight": 3.7151, "bus_lcSublane": 0.6222, "bus_sigma": 0.3147, "bus_tau_mean": 3.7297, "bus_tau_std": 2.6899, "bus_v_mean": 22.2771, "bus_v_std": 10.375, "car_acc": 0.3989, "car_dcc": 1.5252, "car_lcAssertive": 99.7835, "car_lcCooperative": 0.5668, "car_lcLookaheadLeft": 30.3425, "car_lcPushy": 0.2399, "car_lcSigma": 0.7451, "car_lcSpeedGainRight": 0.5838, "car_lcSublane": 0.0484, "car_sigma": 0.8918, "car_tau_mean": 1.0573, "car_tau_std": 1.591, "car_v_mean": 9.9068, "car_v_std": 11.8462}, "datetime": {"datetime": "2024-08-11 17:54:15", "elapsed": 726.300923, "delta": 2.08122}}
{"target": -0.28653191678650664, "params": {"bus_acc": 0.5499, "bus_dcc": 2.5744, "bus_lcAssertive": 21.415, "bus_lcCooperative": 0.1192, "bus_lcLookaheadLeft": 59.8091, "bus_lcPushy": 0.6186, "bus_lcSigma": 0.533, "bus_lcSpeedGainRight": 4.2097, "bus_lcSublane": 0.9729, "bus_sigma": 0.8454, "bus_tau_mean": 2.5143, "bus_tau_std": 8.3985, "bus_v_mean": 8.9278, "bus_v_std": 13.8083, "car_acc": 2.5987, "car_dcc": 1.607, "car_lcAssertive": 96.8369, "car_lcCooperative": 0.5467, "car_lcLookaheadLeft": 47.513, "car_lcPushy": 0.1331, "car_lcSigma": 0.6108, "car_lcSpeedGainRight": 0.1654, "car_lcSublane": 0.4067, "car_sigma": 0.0315, "car_tau_mean": 2.3239, "car_tau_std": 8.9582, "car_v_mean": 22.9395, "car_v_std": 1.8322}, "datetime": {"datetime": "2024-08-11 17:54:18", "elapsed": 729.322429, "delta": 3.021506}}
{"target": -0.5071819784113093, "params": {"bus_acc": 3.4396, "bus_dcc": 2.2338, "bus_lcAssertive": 1.5787, "bus_lcCooperative": 0.4043, "bus_lcLookaheadLeft": 60.2332, "bus_lcPushy": 0.0988, "bus_lcSigma": 0.5212, "bus_lcSpeedGainRight": 0.8591, "bus_lcSublane": 0.137, "bus_sigma": 0.4089, "bus_tau_mean": 0.5808, "bus_tau_std": 2.1403, "bus_v_mean": 15.6793, "bus_v_std": 10.5199, "car_acc": 3.4146, "car_dcc": 3.7219, "car_lcAssertive": 5.884, "car_lcCooperative": 0.0758, "car_lcLookaheadLeft": 86.1255, "car_lcPushy": 0.5804, "car_lcSigma": 0.8518, "car_lcSpeedGainRight": 1.022, "car_lcSublane": 0.9844, "car_sigma": 0.1269, "car_tau_mean": 1.0681, "car_tau_std": 8.4925, "car_v_mean": 24.152, "car_v_std": 5.3213}, "datetime": {"datetime": "2024-08-11 17:54:22", "elapsed": 733.140567, "delta": 3.818138}}
{"target": -0.3806088430003259, "params": {"bus_acc": 0.9653, "bus_dcc": 0.4609, "bus_lcAssertive": 72.8553, "bus_lcCooperative": 0.8018, "bus_lcLookaheadLeft": 16.3868, "bus_lcPushy": 0.8308, "bus_lcSigma": 0.4308, "bus_lcSpeedGainRight": 0.8344, "bus_lcSublane": 0.1799, "bus_sigma": 0.511, "bus_tau_mean": 1.3791, "bus_tau_std": 2.1014, "bus_v_mean": 23.2397, "bus_v_std": 4.7479, "car_acc": 0.6642, "car_dcc": 3.603, "car_lcAssertive": 21.3981, "car_lcCooperative": 0.9159, "car_lcLookaheadLeft": 46.1616, "car_lcPushy": 0.3291, "car_lcSigma": 0.2263, "car_lcSpeedGainRight": 2.5672, "car_lcSublane": 0.4834, "car_sigma": 0.907, "car_tau_mean": 0.6628, "car_tau_std": 4.818, "car_v_mean": 23.8558, "car_v_std": 0.595}, "datetime": {"datetime": "2024-08-11 17:54:24", "elapsed": 735.441072, "delta": 2.300505}}
{"target": -0.39522983254339755, "params": {"bus_acc": 0.8688, "bus_dcc": 3.7925, "bus_lcAssertive": 72.6221, "bus_lcCooperative": 0.1896, "bus_lcLookaheadLeft": 24.0711, "bus_lcPushy": 0.198, "bus_lcSigma": 0.4843, "bus_lcSpeedGainRight": 0.4341, "bus_lcSublane": 0.5122, "bus_sigma": 0.9153, "bus_tau_mean": 1.5053, "bus_tau_std": 3.0943, "bus_v_mean": 24.501, "bus_v_std": 9.6576, "car_acc": 0.2749, "car_dcc": 0.9707, "car_lcAssertive": 32.0583, "car_lcCooperative": 0.3451, "car_lcLookaheadLeft": 99.3637, "car_lcPushy": 0.7651, "car_lcSigma": 0.7018, "car_lcSpeedGainRight": 0.3778, "car_lcSublane": 0.4894, "car_sigma": 0.2802, "car_tau_mean": 3.3761, "car_tau_std": 8.6361, "car_v_mean": 13.117, "car_v_std": 7.0524}, "datetime": {"datetime": "2024-08-11 17:54:28", "elapsed": 739.30785, "delta": 3.866778}}
{"target": -0.42104716432603384, "params": {"bus_acc": 1.1426, "bus_dcc": 2.7364, "bus_lcAssertive": 6.9134, "bus_lcCooperative": 0.3525, "bus_lcLookaheadLeft": 34.8293, "bus_lcPushy": 0.9321, "bus_lcSigma": 0.2987, "bus_lcSpeedGainRight": 1.946, "bus_lcSublane": 0.3715, "bus_sigma": 0.7064, "bus_tau_mean": 0.8744, "bus_tau_std": 6.8764, "bus_v_mean": 15.34, "bus_v_std": 3.5874, "car_acc": 3.3957, "car_dcc": 0.4574, "car_lcAssertive": 65.2212, "car_lcCooperative": 0.5081, "car_lcLookaheadLeft": 97.7144, "car_lcPushy": 0.43, "car_lcSigma": 0.7065, "car_lcSpeedGainRight": 4.8178, "car_lcSublane": 0.639, "car_sigma": 0.2877, "car_tau_mean": 3.7388, "car_tau_std": 2.9122, "car_v_mean": 14.7483, "car_v_std": 18.7598}, "datetime": {"datetime": "2024-08-11 17:54:32", "elapsed": 743.09339, "delta": 3.78554}}
{"target": -0.5695721168112363, "params": {"bus_acc": 2.7398, "bus_dcc": 0.5751, "bus_lcAssertive": 16.867, "bus_lcCooperative": 0.0217, "bus_lcLookaheadLeft": 32.5921, "bus_lcPushy": 0.7631, "bus_lcSigma": 0.0264, "bus_lcSpeedGainRight": 4.4942, "bus_lcSublane": 0.015, "bus_sigma": 0.1808, "bus_tau_mean": 1.9483, "bus_tau_std": 3.5125, "bus_v_mean": 18.7754, "bus_v_std": 0.6955, "car_acc": 1.9419, "car_dcc": 2.5094, "car_lcAssertive": 50.5435, "car_lcCooperative": 0.4007, "car_lcLookaheadLeft": 12.226, "car_lcPushy": 0.8925, "car_lcSigma": 0.8079, "car_lcSpeedGainRight": 0.0569, "car_lcSublane": 0.9312, "car_sigma": 0.6338, "car_tau_mean": 2.8069, "car_tau_std": 1.9068, "car_v_mean": 12.1141, "car_v_std": 11.1115}, "datetime": {"datetime": "2024-08-11 17:54:34", "elapsed": 744.895098, "delta": 1.801708}}
