{"target": -0.4097770880655993, "params": {"bus_acc": 1.9978254209663382, "bus_dcc": 0.6770638172731498, "bus_lcAssertive": 77.51567461454466, "bus_lcCooperative": 0.8414221567958434, "bus_lcLookaheadLeft": 6.242511942243542, "bus_lcPushy": 0.48644074317039476, "bus_lcSigma": 0.23941104413775594, "bus_lcSpeedGainRight": 4.762368908466296, "bus_lcSublane": 0.9438926277837961, "bus_sigma": 0.6139340023847009, "bus_tau_mean": 3.907205890638187, "bus_tau_std": 3.4486134371625097, "bus_v_mean": 24.16131291801827, "bus_v_std": 8.69189946817019, "car_acc": 1.0960956211605521, "car_dcc": 3.7751462601653176, "car_lcAssertive": 68.73758704733953, "car_lcCooperative": 0.06491158533912933, "car_lcLookaheadLeft": 87.30163596866048, "car_lcPushy": 0.7013802946333463, "car_lcSigma": 0.6049268729742817, "car_lcSpeedGainRight": 3.6618744958966527, "car_lcSublane": 0.2534390424997808, "car_sigma": 0.6004889552745444, "car_tau_mean": 3.351167134415794, "car_tau_std": 0.5411366032399989, "car_v_mean": 10.349192084106788, "car_v_std": 16.848916199128272}, "datetime": {"datetime": "2024-08-11 17:42:09", "elapsed": 0.0, "delta": 0.0}}
{"target": -0.4714093521832908, "params": {"bus_acc": 2.8206297165023195, "bus_dcc": 2.4755193843690035, "bus_lcAssertive": 74.9190897401775, "bus_lcCooperative": 0.5419710617714415, "bus_lcLookaheadLeft": 70.65224111671125, "bus_lcPushy": 0.9305598192498451, "bus_lcSigma": 0.8626166945052219, "bus_lcSpeedGainRight": 0.8372092875326065, "bus_lcSublane": 0.2631390239238742, "bus_sigma": 0.07161027944180454, "bus_tau_mean": 3.9253548180542146, "bus_tau_std": 2.3638409866037557, "bus_v_mean": 19.89077040671478, "bus_v_std": 1.79261397854924, "car_acc": 1.0009295799306712, "car_dcc": 2.110732657369937, "car_lcAssertive": 11.390413164662874, "car_lcCooperative": 0.38887340269472437, "car_lcLookaheadLeft": 54.722796573688726, "car_lcPushy": 0.33920418488509996, "car_lcSigma": 0.5559002111265755, "car_lcSpeedGainRight": 2.6838416097123203, "car_lcSublane": 0.3906104987369058, "car_sigma": 0.6962700831011029, "car_tau_mean": 2.874688588992734, "car_tau_std": 6.873031493743898, "car_v_mean": 18.106842658388736, "car_v_std": 7.161598280258716}, "datetime": {"datetime": "2024-08-11 17:42:10", "elapsed": 1.485877, "delta": 1.485877}}
{"target": -0.46872657627013264, "params": {"bus_acc": 2.38164690086965, "bus_dcc": 0.7575685846420785, "bus_lcAssertive": 59.34124815342514, "bus_lcCooperative": 0.6997583600209312, "bus_lcLookaheadLeft": 12.028774025126932, "bus_lcPushy": 0.4140559878195683, "bus_lcSigma": 0.6944001577277451, "bus_lcSpeedGainRight": 2.0708963476345135, "bus_lcSublane": 0.04995345894608716, "bus_sigma": 0.5358964059155116, "bus_tau_mean": 2.823281258269261, "bus_tau_std": 5.148891120583086, "bus_v_mean": 25.00270560783464, "bus_v_std": 11.731100810039859, "car_acc": 3.632927278093957, "car_dcc": 0.7224038757557025, "car_lcAssertive": 14.788358377825096, "car_lcCooperative": 0.8073912887095238, "car_lcLookaheadLeft": 40.97233002458229, "car_lcPushy": 0.16535419711693278, "car_lcSigma": 0.9275085803960339, "car_lcSpeedGainRight": 1.738829298727533, "car_lcSublane": 0.7508121031361555, "car_sigma": 0.7259979853504515, "car_tau_mean": 3.5915713192203342, "car_tau_std": 6.236722070556089, "car_v_mean": 21.51696381249207, "car_v_std": 6.977966839556851}, "datetime": {"datetime": "2024-08-11 17:42:12", "elapsed": 2.92735, "delta": 1.441473}}
{"target": -0.4185010294306726, "params": {"bus_acc": 2.204961732134127, "bus_dcc": 1.542321142735624, "bus_lcAssertive": 20.621723702698993, "bus_lcCooperative": 0.22059408184733575, "bus_lcLookaheadLeft": 6.2945079532604, "bus_lcPushy": 0.7131639731598145, "bus_lcSigma": 0.6538401991962549, "bus_lcSpeedGainRight": 2.218848963623612, "bus_lcSublane": 0.7189394880898436, "bus_sigma": 0.10997597244532042, "bus_tau_mean": 3.785517106791259, "bus_tau_std": 8.476267092393876, "bus_v_mean": 19.8626418739859, "bus_v_std": 7.576623373234637, "car_acc": 1.7829535702560402, "car_dcc": 2.032184904198376, "car_lcAssertive": 93.59309323067326, "car_lcCooperative": 0.8635929549181026, "car_lcLookaheadLeft": 48.83653722322282, "car_lcPushy": 0.554518498278167, "car_lcSigma": 0.8754038622793218, "car_lcSpeedGainRight": 4.74632216886145, "car_lcSublane": 0.639184755868246, "car_sigma": 0.7485203200897537, "car_tau_mean": 1.7306871722615491, "car_tau_std": 9.1802831908618, "car_v_mean": 23.06153689736896, "car_v_std": 11.041117624495255}, "datetime": {"datetime": "2024-08-11 17:42:12", "elapsed": 3.399174, "delta": 0.471824}}
{"target": -0.3584936461658416, "params": {"bus_acc": 0.7257478212131967, "bus_dcc": 1.3025489597972582, "bus_lcAssertive": 61.77323788438401, "bus_lcCooperative": 0.3241385298974466, "bus_lcLookaheadLeft": 46.82129780571785, "bus_lcPushy": 0.44411710701661444, "bus_lcSigma": 0.8281353607315121, "bus_lcSpeedGainRight": 2.1317407711811533, "bus_lcSublane": 0.3456988211755023, "bus_sigma": 0.6749716048091052, "bus_tau_mean": 1.2751871950673506, "bus_tau_std": 4.672458239265538, "bus_v_mean": 13.665782371832297, "bus_v_std": 12.537112043256693, "car_acc": 3.533969803840288, "car_dcc": 1.9012182005533882, "car_lcAssertive": 78.66128446040038, "car_lcCooperative": 0.4569657005615504, "car_lcLookaheadLeft": 66.31047450827887, "car_lcPushy": 0.13184097502750214, "car_lcSigma": 0.43298150696764814, "car_lcSpeedGainRight": 4.5465599432746835, "car_lcSublane": 0.6054790010309347, "car_sigma": 0.7667745872371021, "car_tau_mean": 2.2664521283356303, "car_tau_std": 4.980556248280075, "car_v_mean": 23.1721971234713, "car_v_std": 1.356138686819075}, "datetime": {"datetime": "2024-08-11 17:42:14", "elapsed": 5.212564, "delta": 1.81339}}
{"target": -0.4581345658291726, "params": {"bus_acc": 2.0776418104060355, "bus_dcc": 0.702212339383165, "bus_lcAssertive": 21.43895183005387, "bus_lcCooperative": 0.07618880903232117, "bus_lcLookaheadLeft": 51.77632659463817, "bus_lcPushy": 0.2615495518329871, "bus_lcSigma": 0.3570616088827919, "bus_lcSpeedGainRight": 0.5403266434861842, "bus_lcSublane": 0.7875518396525072, "bus_sigma": 0.1065838767888011, "bus_tau_mean": 3.949980882996157, "bus_tau_std": 1.7716116443841734, "bus_v_mean": 18.303292023823687, "bus_v_std": 0.8969066917817625, "car_acc": 3.1910419006921695, "car_dcc": 0.9205026017095268, "car_lcAssertive": 53.26249386240454, "car_lcCooperative": 0.7400775431590716, "car_lcLookaheadLeft": 16.693285521891084, "car_lcPushy": 0.5510871741869717, "car_lcSigma": 0.2166172083287794, "car_lcSpeedGainRight": 3.7959802465857235, "car_lcSublane": 0.7229151935562137, "car_sigma": 0.17654903427708302, "car_tau_mean": 3.516882951834757, "car_tau_std": 0.19775099516344263, "car_v_mean": 23.484265953616074, "car_v_std": 11.178076223218767}, "datetime": {"datetime": "2024-08-11 17:42:15", "elapsed": 6.401974, "delta": 1.18941}}
{"target": -0.4286781594230094, "params": {"bus_acc": 1.8016658396267726, "bus_dcc": 2.309396834032066, "bus_lcAssertive": 97.10345894261806, "bus_lcCooperative": 0.09175383344119148, "bus_lcLookaheadLeft": 28.843973136496388, "bus_lcPushy": 0.10510706908204948, "bus_lcSigma": 0.3904396367376164, "bus_lcSpeedGainRight": 1.4450554159388485, "bus_lcSublane": 0.5133003494679066, "bus_sigma": 0.348256681750747, "bus_tau_mean": 3.7487980638753537, "bus_tau_std": 7.899477963830403, "bus_v_mean": 23.498204635051557, "bus_v_std": 2.590018918857917, "car_acc": 2.385266634557113, "car_dcc": 1.0161736363624632, "car_lcAssertive": 86.955618572648, "car_lcCooperative": 0.015019421753424078, "car_lcLookaheadLeft": 12.362933082745112, "car_lcPushy": 0.3760570755473156, "car_lcSigma": 0.4020939060931935, "car_lcSpeedGainRight": 1.386100414893413, "car_lcSublane": 0.09606299875993918, "car_sigma": 0.11873040511259358, "car_tau_mean": 1.6128066384656687, "car_tau_std": 9.507928340777205, "car_v_mean": 11.733318166747832, "car_v_std": 14.94560642118445}, "datetime": {"datetime": "2024-08-11 17:42:20", "elapsed": 11.045933, "delta": 4.643959}}
{"target": -0.3563899133129485, "params": {"bus_acc": 0.6491319915187461, "bus_dcc": 3.3805915724113462, "bus_lcAssertive": 74.66945621558399, "bus_lcCooperative": 0.5905205476471171, "bus_lcLookaheadLeft": 25.803374346557327, "bus_lcPushy": 0.6232471451875841, "bus_lcSigma": 0.638355320741173, "bus_lcSpeedGainRight": 1.6378472205616257, "bus_lcSublane": 0.06748934306754228, "bus_sigma": 0.8805385975643267, "bus_tau_mean": 2.1098485587599045, "bus_tau_std": 7.638727180664299, "bus_v_mean": 12.569995176969314, "bus_v_std": 11.827743645350337, "car_acc": 1.8294216093254312, "car_dcc": 1.6519824416867301, "car_lcAssertive": 13.544625000845354, "car_lcCooperative": 0.24426666320897583, "car_lcLookaheadLeft": 9.775475129915257, "car_lcPushy": 0.3028583047175786, "car_lcSigma": 0.7417048002315554, "car_lcSpeedGainRight": 3.0750786248552444, "car_lcSublane": 0.6724110989339258, "car_sigma": 0.00838307952503159, "car_tau_mean": 2.8743194028796197, "car_tau_std": 5.031806905428871, "car_v_mean": 12.156352108715225, "car_v_std": 3.4979301796384443}, "datetime": {"datetime": "2024-08-11 17:42:20", "elapsed": 11.441166, "delta": 0.395233}}
{"target": -0.43587723612871293, "params": {"bus_acc": 1.509999280196515, "bus_dcc": 3.7724084328667953, "bus_lcAssertive": 58.61940381476092, "bus_lcCooperative": 0.8788319844118441, "bus_lcLookaheadLeft": 84.78397564843775, "bus_lcPushy": 0.9053923187086492, "bus_lcSigma": 0.45988026581680697, "bus_lcSpeedGainRight": 2.7317340801018664, "bus_lcSublane": 0.7986035911520394, "bus_sigma": 0.28571885173414757, "bus_tau_mean": 2.215887329169747, "bus_tau_std": 5.991103076458783, "bus_v_mean": 8.279598959915043, "bus_v_std": 11.869628163932743, "car_acc": 1.8479701261599413, "car_dcc": 3.2679700097623976, "car_lcAssertive": 32.20923550644192, "car_lcCooperative": 0.8928887085251513, "car_lcLookaheadLeft": 58.63000709788448, "car_lcPushy": 0.18401020162746506, "car_lcSigma": 0.7879292338255043, "car_lcSpeedGainRight": 3.0601558852246695, "car_lcSublane": 0.053909272073752956, "car_sigma": 0.4201936800011322, "car_tau_mean": 2.8767409279790037, "car_tau_std": 9.18601777977526, "car_v_mean": 8.007236448044434, "car_v_std": 19.535182980621194}, "datetime": {"datetime": "2024-08-11 17:42:21", "elapsed": 12.469987, "delta": 1.028821}}
{"target": -0.49632947046006254, "params": {"bus_acc": 1.3601914195035656, "bus_dcc": 0.24758678016859842, "bus_lcAssertive": 27.5580200844577, "bus_lcCooperative": 0.7967454755900841, "bus_lcLookaheadLeft": 93.13932271842313, "bus_lcPushy": 0.6253311549032551, "bus_lcSigma": 0.13280748458041103, "bus_lcSpeedGainRight": 3.7878517962371063, "bus_lcSublane": 0.526905346047344, "bus_sigma": 0.753869071621213, "bus_tau_mean": 3.505140960745044, "bus_tau_std": 9.475415511018243, "bus_v_mean": 19.781675623210965, "bus_v_std": 17.08516419685293, "car_acc": 3.021834619246878, "car_dcc": 2.962984515933972, "car_lcAssertive": 86.0202848704295, "car_lcCooperative": 0.9230030407536653, "car_lcLookaheadLeft": 90.40344814943477, "car_lcPushy": 0.39575026156518067, "car_lcSigma": 0.0840212797987252, "car_lcSpeedGainRight": 4.147868592290745, "car_lcSublane": 0.5389315533076343, "car_sigma": 0.542076154739123, "car_tau_mean": 3.3881136569824686, "car_tau_std": 0.31984184375773883, "car_v_mean": 23.80328753705282, "car_v_std": 0.6926800267544064}, "datetime": {"datetime": "2024-08-11 17:42:22", "elapsed": 13.456686, "delta": 0.986699}}
{"target": -0.37016323046811045, "params": {"bus_acc": 1.7141411468863523, "bus_dcc": 1.633510356615936, "bus_lcAssertive": 66.69666053543827, "bus_lcCooperative": 0.08633328681516406, "bus_lcLookaheadLeft": 55.88921220625415, "bus_lcPushy": 0.015421822343255842, "bus_lcSigma": 0.9830389835394168, "bus_lcSpeedGainRight": 2.992136111940074, "bus_lcSublane": 0.38411422799622663, "bus_sigma": 0.1467479307274827, "bus_tau_mean": 2.939074142528818, "bus_tau_std": 9.058084167065523, "bus_v_mean": 13.725957542203101, "bus_v_std": 15.329842893124594, "car_acc": 1.2924927877565129, "car_dcc": 3.8374563010226947, "car_lcAssertive": 70.52925972468594, "car_lcCooperative": 0.6250155931933211, "car_lcLookaheadLeft": 93.21200384871447, "car_lcPushy": 0.26904238725191854, "car_lcSigma": 0.9236157463407607, "car_lcSpeedGainRight": 3.3904146706199123, "car_lcSublane": 0.7713625072014619, "car_sigma": 0.5716353364349513, "car_tau_mean": 3.4186663712473164, "car_tau_std": 6.982817992918626, "car_v_mean": 10.638956631984362, "car_v_std": 12.249222572561498}, "datetime": {"datetime": "2024-08-11 17:42:23", "elapsed": 13.649826, "delta": 0.19314}}
{"target": -0.3742267356641067, "params": {"bus_acc": 2.50695781549535, "bus_dcc": 1.771628377004413, "bus_lcAssertive": 81.8187996708942, "bus_lcCooperative": 0.18513039826903066, "bus_lcLookaheadLeft": 70.78389991611843, "bus_lcPushy": 0.24035562484913886, "bus_lcSigma": 0.5742190888408597, "bus_lcSpeedGainRight": 1.7449379861039445, "bus_lcSublane": 0.05696439948283272, "bus_sigma": 0.22881367096037586, "bus_tau_mean": 2.8243589437417773, "bus_tau_std": 4.972500933605312, "bus_v_mean": 17.34228771332622, "bus_v_std": 3.49440300217845, "car_acc": 2.368720235875774, "car_dcc": 3.987663015791198, "car_lcAssertive": 81.86667577037056, "car_lcCooperative": 0.5943726238309778, "car_lcLookaheadLeft": 97.64692869642869, "car_lcPushy": 0.9015625846693213, "car_lcSigma": 0.5956079336026455, "car_lcSpeedGainRight": 0.16213162657228553, "car_lcSublane": 0.09357709581748075, "car_sigma": 0.06537171504222639, "car_tau_mean": 2.0810660204201636, "car_tau_std": 3.7543483316785773, "car_v_mean": 25.55630061686516, "car_v_std": 3.3596658639922983}, "datetime": {"datetime": "2024-08-11 17:42:27", "elapsed": 17.936913, "delta": 4.287087}}
{"target": -0.5380469862594883, "params": {"bus_acc": 3.991960257254629, "bus_dcc": 1.8480210097389125, "bus_lcAssertive": 30.18638916805104, "bus_lcCooperative": 0.04157423394916726, "bus_lcLookaheadLeft": 98.99128147110069, "bus_lcPushy": 0.4648876309118224, "bus_lcSigma": 0.7345850140503707, "bus_lcSpeedGainRight": 3.2040381202293733, "bus_lcSublane": 0.7230933996660097, "bus_sigma": 0.05111090382611627, "bus_tau_mean": 3.720158918933998, "bus_tau_std": 9.268412179022414, "bus_v_mean": 17.935910488775548, "bus_v_std": 19.278317773691022, "car_acc": 1.2676310405633961, "car_dcc": 2.488157183118872, "car_lcAssertive": 40.24980631520977, "car_lcCooperative": 0.6280232317552282, "car_lcLookaheadLeft": 31.461964275327315, "car_lcPushy": 0.8193583846560202, "car_lcSigma": 0.06978597850420853, "car_lcSpeedGainRight": 0.2093878514999814, "car_lcSublane": 0.049396384633314305, "car_sigma": 0.15045502836766345, "car_tau_mean": 1.8837266582814163, "car_tau_std": 9.553899892571746, "car_v_mean": 9.994317914527212, "car_v_std": 12.951059716328544}, "datetime": {"datetime": "2024-08-11 17:42:27", "elapsed": 18.541225, "delta": 0.604312}}
{"target": -0.3257796222732081, "params": {"bus_acc": 0.34102812507717883, "bus_dcc": 2.836650563220819, "bus_lcAssertive": 67.36465316168066, "bus_lcCooperative": 0.430471782744975, "bus_lcLookaheadLeft": 77.24331981050095, "bus_lcPushy": 0.5360084947395637, "bus_lcSigma": 0.03985992663545257, "bus_lcSpeedGainRight": 0.6739655898033953, "bus_lcSublane": 0.19341639901491836, "bus_sigma": 0.3356638011646498, "bus_tau_mean": 0.6830953125311686, "bus_tau_std": 6.051167805003662, "bus_v_mean": 17.217098495430537, "bus_v_std": 12.349220240343122, "car_acc": 1.8429512601045073, "car_dcc": 3.4212617793022635, "car_lcAssertive": 45.95184654985598, "car_lcCooperative": 0.015403519791920894, "car_lcLookaheadLeft": 87.56067854781574, "car_lcPushy": 0.6562015477440989, "car_lcSigma": 0.823003040648471, "car_lcSpeedGainRight": 4.758878465169259, "car_lcSublane": 0.050912383516887205, "car_sigma": 0.23507186409101455, "car_tau_mean": 0.7217020520971893, "car_tau_std": 4.216578860324509, "car_v_mean": 23.548924619026135, "car_v_std": 1.632479654301362}, "datetime": {"datetime": "2024-08-11 17:42:28", "elapsed": 19.273294, "delta": 0.732069}}
{"target": -0.41202478193621594, "params": {"bus_acc": 0.8073678713075547, "bus_dcc": 0.9698880758347177, "bus_lcAssertive": 43.686993760876724, "bus_lcCooperative": 0.40420190577514725, "bus_lcLookaheadLeft": 16.381645114900824, "bus_lcPushy": 0.7293189193611234, "bus_lcSigma": 0.18874506687718595, "bus_lcSpeedGainRight": 3.219478221558314, "bus_lcSublane": 0.7543059505762987, "bus_sigma": 0.21073239208332073, "bus_tau_mean": 2.60333986837674, "bus_tau_std": 7.489283752458364, "bus_v_mean": 19.487936791166, "bus_v_std": 11.942546058932981, "car_acc": 1.3228326854908887, "car_dcc": 2.9801045907177333, "car_lcAssertive": 94.58553555999502, "car_lcCooperative": 0.42556139026154693, "car_lcLookaheadLeft": 78.65381804947772, "car_lcPushy": 0.056141039661915304, "car_lcSigma": 0.8352716024899659, "car_lcSpeedGainRight": 0.9612500841107385, "car_lcSublane": 0.3950968688899732, "car_sigma": 0.30008104592535645, "car_tau_mean": 0.7803627533211726, "car_tau_std": 9.046310029362429, "car_v_mean": 14.662775195967289, "car_v_std": 10.61394876952279}, "datetime": {"datetime": "2024-08-11 17:42:29", "elapsed": 19.967602, "delta": 0.694308}}
{"target": -0.4686907044884177, "params": {"bus_acc": 2.871140582034611, "bus_dcc": 0.9027530850189263, "bus_lcAssertive": 57.00748251629707, "bus_lcCooperative": 0.9088080323000569, "bus_lcLookaheadLeft": 16.767619240330575, "bus_lcPushy": 0.8455176755307064, "bus_lcSigma": 0.8202024663153499, "bus_lcSpeedGainRight": 2.4967055064891723, "bus_lcSublane": 0.0375838514857032, "bus_sigma": 0.14750250539693543, "bus_tau_mean": 3.7292354314103493, "bus_tau_std": 0.44154796031862453, "bus_v_mean": 14.704977795296472, "bus_v_std": 12.380792694509417, "car_acc": 0.9484025478732634, "car_dcc": 3.92810307751313, "car_lcAssertive": 16.44154807129882, "car_lcCooperative": 0.5396791951612744, "car_lcLookaheadLeft": 62.565109785971174, "car_lcPushy": 0.2309899486697039, "car_lcSigma": 0.4663089892093414, "car_lcSpeedGainRight": 2.4550426456646464, "car_lcSublane": 0.766862376326542, "car_sigma": 0.6342807527738734, "car_tau_mean": 2.1364251857286884, "car_tau_std": 6.669425431939752, "car_v_mean": 16.16079367739957, "car_v_std": 10.514231826828194}, "datetime": {"datetime": "2024-08-11 17:42:33", "elapsed": 24.43395, "delta": 4.466348}}
{"target": -0.8409919802811116, "params": {"bus_acc": 0.4680597700260569, "bus_dcc": 0.4791732865684687, "bus_lcAssertive": 2.459635299094746, "bus_lcCooperative": 0.971820072977926, "bus_lcLookaheadLeft": 11.287157812808454, "bus_lcPushy": 0.8417368261858497, "bus_lcSigma": 0.6851729969076996, "bus_lcSpeedGainRight": 2.4377858374145904, "bus_lcSublane": 0.3466948813585782, "bus_sigma": 0.35364778706700506, "bus_tau_mean": 1.3884360882151552, "bus_tau_std": 9.110179736986264, "bus_v_mean": 21.061565818907642, "bus_v_std": 0.5185158556853975, "car_acc": 1.9537807623390353, "car_dcc": 1.2689448356398831, "car_lcAssertive": 3.8676524316119494, "car_lcCooperative": 0.8846818943092944, "car_lcLookaheadLeft": 77.55852507955886, "car_lcPushy": 0.32973507924426093, "car_lcSigma": 0.796558587536711, "car_lcSpeedGainRight": 1.6231916110149829, "car_lcSublane": 0.30788244381764673, "car_sigma": 0.9281090785007262, "car_tau_mean": 3.919206566810476, "car_tau_std": 5.235553047168928, "car_v_mean": 25.13483301622265, "car_v_std": 17.75992987852929}, "datetime": {"datetime": "2024-08-11 17:42:38", "elapsed": 29.082864, "delta": 4.648914}}
{"target": -0.3548338144163495, "params": {"bus_acc": 1.3705405508072188, "bus_dcc": 2.430456387472781, "bus_lcAssertive": 40.15090791444363, "bus_lcCooperative": 0.6639460814328006, "bus_lcLookaheadLeft": 85.49155519082123, "bus_lcPushy": 0.19022208931218354, "bus_lcSigma": 0.903272700870335, "bus_lcSpeedGainRight": 1.9158792521554662, "bus_lcSublane": 0.9431243307282546, "bus_sigma": 0.6173823130249652, "bus_tau_mean": 3.26533432401065, "bus_tau_std": 5.14775428373226, "bus_v_mean": 17.56060449907956, "bus_v_std": 6.551877975319438, "car_acc": 0.6915858874639509, "car_dcc": 1.65852326506961, "car_lcAssertive": 22.282671598376087, "car_lcCooperative": 0.03286525588191658, "car_lcLookaheadLeft": 28.93890932287543, "car_lcPushy": 0.18057605266685695, "car_lcSigma": 0.8755303150381228, "car_lcSpeedGainRight": 0.4061828121570249, "car_lcSublane": 0.18389559908188324, "car_sigma": 0.7040306955363342, "car_tau_mean": 3.717290618570957, "car_tau_std": 2.514584522319341, "car_v_mean": 8.383420366304868, "car_v_std": 19.210089455101993}, "datetime": {"datetime": "2024-08-11 17:42:42", "elapsed": 32.781605, "delta": 3.698741}}
{"target": -0.38474736021781547, "params": {"bus_acc": 0.22234772948958728, "bus_dcc": 2.9927796709990537, "bus_lcAssertive": 44.90688034848957, "bus_lcCooperative": 0.6978416560498484, "bus_lcLookaheadLeft": 20.134248264423647, "bus_lcPushy": 0.06261980198391548, "bus_lcSigma": 0.3781085867830213, "bus_lcSpeedGainRight": 3.47998255222747, "bus_lcSublane": 0.10281836745431583, "bus_sigma": 0.19583423367499242, "bus_tau_mean": 2.0888342764228196, "bus_tau_std": 6.211491896936461, "bus_v_mean": 21.50223646524173, "bus_v_std": 2.194700425713132, "car_acc": 2.5735697071914365, "car_dcc": 1.671969984149027, "car_lcAssertive": 67.3389465060329, "car_lcCooperative": 0.2035603776619016, "car_lcLookaheadLeft": 53.73604215801165, "car_lcPushy": 0.1721625549559327, "car_lcSigma": 0.018681005996375344, "car_lcSpeedGainRight": 2.4347512321197855, "car_lcSublane": 0.18417777656089307, "car_sigma": 0.6383433300033875, "car_tau_mean": 2.3780118676915154, "car_tau_std": 7.7494537999774575, "car_v_mean": 15.073278247415658, "car_v_std": 19.78904261672506}, "datetime": {"datetime": "2024-08-11 17:42:45", "elapsed": 35.855541, "delta": 3.073936}}
