{"target": -0.41147067093537926, "params": {"bus_acc": 2.4126, "bus_dcc": 1.4408, "bus_lcAssertive": 76.5636, "bus_lcCooperative": 0.8174, "bus_lcLookaheadLeft": 71.5609, "bus_lcPushy": 0.1333, "bus_lcSigma": 0.3101, "bus_lcSpeedGainRight": 3.2412, "bus_lcSublane": 0.8754, "bus_sigma": 0.1752, "bus_tau_mean": 1.6702, "bus_tau_std": 3.0669, "bus_v_mean": 9.6488, "bus_v_std": 10.1557, "car_acc": 0.6051, "car_dcc": 0.5812, "car_lcAssertive": 88.6828, "car_lcCooperative": 0.44, "car_lcLookaheadLeft": 24.0452, "car_lcPushy": 0.349, "car_lcSigma": 0.1853, "car_lcSpeedGainRight": 3.5243, "car_lcSublane": 0.1838, "car_sigma": 0.7406, "car_tau_mean": 3.2258, "car_tau_std": 5.9772, "car_v_mean": 22.9934, "car_v_std": 9.3457}, "datetime": {"datetime": "2024-08-11 19:11:00", "elapsed": 5331.35151, "delta": 5.756876}}
{"target": -0.39314542834263033, "params": {"bus_acc": 3.133, "bus_dcc": 3.9676, "bus_lcAssertive": 64.607, "bus_lcCooperative": 0.3469, "bus_lcLookaheadLeft": 26.9118, "bus_lcPushy": 0.9038, "bus_lcSigma": 0.8693, "bus_lcSpeedGainRight": 4.0111, "bus_lcSublane": 0.1497, "bus_sigma": 0.7268, "bus_tau_mean": 3.8477, "bus_tau_std": 3.2336, "bus_v_mean": 18.803, "bus_v_std": 14.9552, "car_acc": 0.8642, "car_dcc": 2.194, "car_lcAssertive": 30.4192, "car_lcCooperative": 0.7213, "car_lcLookaheadLeft": 90.9439, "car_lcPushy": 0.4446, "car_lcSigma": 0.0686, "car_lcSpeedGainRight": 0.7506, "car_lcSublane": 0.5703, "car_sigma": 0.9856, "car_tau_mean": 3.8255, "car_tau_std": 2.8324, "car_v_mean": 11.1966, "car_v_std": 13.3619}, "datetime": {"datetime": "2024-08-11 19:11:06", "elapsed": 5336.773331, "delta": 5.421821}}
{"target": -0.33737577749250364, "params": {"bus_acc": 0.3763, "bus_dcc": 0.5726, "bus_lcAssertive": 15.2534, "bus_lcCooperative": 0.1788, "bus_lcLookaheadLeft": 19.6549, "bus_lcPushy": 0.8368, "bus_lcSigma": 0.6378, "bus_lcSpeedGainRight": 2.9402, "bus_lcSublane": 0.6047, "bus_sigma": 0.5643, "bus_tau_mean": 0.6533, "bus_tau_std": 2.1461, "bus_v_mean": 17.6998, "bus_v_std": 3.948, "car_acc": 1.3444, "car_dcc": 3.6233, "car_lcAssertive": 69.6111, "car_lcCooperative": 0.0927, "car_lcLookaheadLeft": 54.8829, "car_lcPushy": 0.8482, "car_lcSigma": 0.7341, "car_lcSpeedGainRight": 0.7243, "car_lcSublane": 0.0601, "car_sigma": 0.1449, "car_tau_mean": 2.6636, "car_tau_std": 5.652, "car_v_mean": 21.7176, "car_v_std": 0.9683}, "datetime": {"datetime": "2024-08-11 19:11:10", "elapsed": 5341.184666, "delta": 4.411335}}
{"target": -0.3920645305811014, "params": {"bus_acc": 2.3351, "bus_dcc": 1.7751, "bus_lcAssertive": 20.9744, "bus_lcCooperative": 0.0883, "bus_lcLookaheadLeft": 60.3525, "bus_lcPushy": 0.7764, "bus_lcSigma": 0.4833, "bus_lcSpeedGainRight": 0.5493, "bus_lcSublane": 0.51, "bus_sigma": 0.6407, "bus_tau_mean": 1.4133, "bus_tau_std": 1.2689, "bus_v_mean": 14.1097, "bus_v_std": 8.2683, "car_acc": 2.094, "car_dcc": 1.6883, "car_lcAssertive": 82.1333, "car_lcCooperative": 0.8681, "car_lcLookaheadLeft": 7.6885, "car_lcPushy": 0.2721, "car_lcSigma": 0.2601, "car_lcSpeedGainRight": 2.7191, "car_lcSublane": 0.0707, "car_sigma": 0.9386, "car_tau_mean": 0.8657, "car_tau_std": 7.2926, "car_v_mean": 12.1421, "car_v_std": 18.6851}, "datetime": {"datetime": "2024-08-11 19:11:21", "elapsed": 5352.098412, "delta": 10.913746}}
{"target": -0.2064056689911191, "params": {"bus_acc": 0.5645, "bus_dcc": 0.378, "bus_lcAssertive": 34.1951, "bus_lcCooperative": 0.2303, "bus_lcLookaheadLeft": 62.5216, "bus_lcPushy": 0.2973, "bus_lcSigma": 0.0254, "bus_lcSpeedGainRight": 0.9363, "bus_lcSublane": 0.7141, "bus_sigma": 0.9243, "bus_tau_mean": 3.753, "bus_tau_std": 8.8228, "bus_v_mean": 14.4185, "bus_v_std": 10.8638, "car_acc": 0.4924, "car_dcc": 2.8266, "car_lcAssertive": 95.0696, "car_lcCooperative": 0.9423, "car_lcLookaheadLeft": 78.4897, "car_lcPushy": 0.0459, "car_lcSigma": 0.8066, "car_lcSpeedGainRight": 4.449, "car_lcSublane": 0.9043, "car_sigma": 0.8145, "car_tau_mean": 3.8278, "car_tau_std": 7.743, "car_v_mean": 12.0298, "car_v_std": 3.9417}, "datetime": {"datetime": "2024-08-11 19:11:25", "elapsed": 5356.14683, "delta": 4.048418}}
{"target": -0.5255061147543822, "params": {"bus_acc": 1.5562, "bus_dcc": 0.8389, "bus_lcAssertive": 84.727, "bus_lcCooperative": 0.178, "bus_lcLookaheadLeft": 90.3171, "bus_lcPushy": 0.6978, "bus_lcSigma": 0.2934, "bus_lcSpeedGainRight": 1.3801, "bus_lcSublane": 0.7477, "bus_sigma": 0.5942, "bus_tau_mean": 3.5, "bus_tau_std": 4.6866, "bus_v_mean": 21.2205, "bus_v_std": 2.8503, "car_acc": 1.0012, "car_dcc": 0.2568, "car_lcAssertive": 53.2699, "car_lcCooperative": 0.886, "car_lcLookaheadLeft": 61.8846, "car_lcPushy": 0.3006, "car_lcSigma": 0.3494, "car_lcSpeedGainRight": 0.2771, "car_lcSublane": 0.0798, "car_sigma": 0.4266, "car_tau_mean": 3.6326, "car_tau_std": 3.1013, "car_v_mean": 23.8247, "car_v_std": 11.8863}, "datetime": {"datetime": "2024-08-11 19:11:32", "elapsed": 5363.10741, "delta": 6.96058}}
{"target": -0.48226543342293554, "params": {"bus_acc": 3.8636, "bus_dcc": 2.0051, "bus_lcAssertive": 70.7419, "bus_lcCooperative": 0.9474, "bus_lcLookaheadLeft": 15.5807, "bus_lcPushy": 0.7768, "bus_lcSigma": 0.2507, "bus_lcSpeedGainRight": 0.869, "bus_lcSublane": 0.3109, "bus_sigma": 0.5379, "bus_tau_mean": 0.6648, "bus_tau_std": 8.4884, "bus_v_mean": 10.0451, "bus_v_std": 0.3557, "car_acc": 3.6832, "car_dcc": 0.2256, "car_lcAssertive": 35.2261, "car_lcCooperative": 0.9785, "car_lcLookaheadLeft": 71.2127, "car_lcPushy": 0.304, "car_lcSigma": 0.0467, "car_lcSpeedGainRight": 4.0818, "car_lcSublane": 0.1725, "car_sigma": 0.9677, "car_tau_mean": 3.6351, "car_tau_std": 0.6394, "car_v_mean": 13.0457, "car_v_std": 1.0009}, "datetime": {"datetime": "2024-08-11 19:11:39", "elapsed": 5370.165593, "delta": 7.058183}}
{"target": -0.34371992381849165, "params": {"bus_acc": 1.0375, "bus_dcc": 1.3757, "bus_lcAssertive": 88.8533, "bus_lcCooperative": 0.6093, "bus_lcLookaheadLeft": 30.9849, "bus_lcPushy": 0.6392, "bus_lcSigma": 0.3607, "bus_lcSpeedGainRight": 3.6717, "bus_lcSublane": 0.8544, "bus_sigma": 0.6069, "bus_tau_mean": 3.9235, "bus_tau_std": 8.8352, "bus_v_mean": 24.4992, "bus_v_std": 10.2874, "car_acc": 0.3357, "car_dcc": 0.5817, "car_lcAssertive": 49.2046, "car_lcCooperative": 0.4295, "car_lcLookaheadLeft": 49.4824, "car_lcPushy": 0.8457, "car_lcSigma": 0.6262, "car_lcSpeedGainRight": 4.0184, "car_lcSublane": 0.7097, "car_sigma": 0.74, "car_tau_mean": 2.1859, "car_tau_std": 3.6361, "car_v_mean": 17.4024, "car_v_std": 14.8346}, "datetime": {"datetime": "2024-08-11 19:11:50", "elapsed": 5380.851991, "delta": 10.686398}}
{"target": -0.3456848543176881, "params": {"bus_acc": 1.8707, "bus_dcc": 2.4141, "bus_lcAssertive": 6.6398, "bus_lcCooperative": 0.3959, "bus_lcLookaheadLeft": 46.631, "bus_lcPushy": 0.8982, "bus_lcSigma": 0.4214, "bus_lcSpeedGainRight": 0.5244, "bus_lcSublane": 0.508, "bus_sigma": 0.4051, "bus_tau_mean": 2.5627, "bus_tau_std": 9.9254, "bus_v_mean": 19.8463, "bus_v_std": 5.207, "car_acc": 1.3629, "car_dcc": 3.5784, "car_lcAssertive": 44.9836, "car_lcCooperative": 0.6164, "car_lcLookaheadLeft": 37.1395, "car_lcPushy": 0.4211, "car_lcSigma": 0.9132, "car_lcSpeedGainRight": 3.1227, "car_lcSublane": 0.0614, "car_sigma": 0.2007, "car_tau_mean": 2.5946, "car_tau_std": 3.2933, "car_v_mean": 23.4456, "car_v_std": 7.195}, "datetime": {"datetime": "2024-08-11 19:11:57", "elapsed": 5388.617857, "delta": 7.765866}}
{"target": -0.38516213822738843, "params": {"bus_acc": 1.0381, "bus_dcc": 3.4704, "bus_lcAssertive": 22.2401, "bus_lcCooperative": 0.3474, "bus_lcLookaheadLeft": 91.1308, "bus_lcPushy": 0.8352, "bus_lcSigma": 0.5807, "bus_lcSpeedGainRight": 0.1855, "bus_lcSublane": 0.0376, "bus_sigma": 0.6375, "bus_tau_mean": 0.5662, "bus_tau_std": 5.7792, "bus_v_mean": 21.2262, "bus_v_std": 14.3509, "car_acc": 1.4598, "car_dcc": 1.1732, "car_lcAssertive": 53.6453, "car_lcCooperative": 0.9008, "car_lcLookaheadLeft": 35.0157, "car_lcPushy": 0.5417, "car_lcSigma": 0.8159, "car_lcSpeedGainRight": 1.4682, "car_lcSublane": 0.8982, "car_sigma": 0.9298, "car_tau_mean": 2.1464, "car_tau_std": 6.6389, "car_v_mean": 21.6272, "car_v_std": 2.9852}, "datetime": {"datetime": "2024-08-11 19:12:04", "elapsed": 5395.541739, "delta": 6.923882}}
{"target": -0.3967949422428621, "params": {"bus_acc": 2.3862, "bus_dcc": 2.6458, "bus_lcAssertive": 34.63, "bus_lcCooperative": 0.7915, "bus_lcLookaheadLeft": 15.003, "bus_lcPushy": 0.5889, "bus_lcSigma": 0.6567, "bus_lcSpeedGainRight": 4.9283, "bus_lcSublane": 0.9633, "bus_sigma": 0.0924, "bus_tau_mean": 1.5288, "bus_tau_std": 9.3615, "bus_v_mean": 18.5243, "bus_v_std": 15.2005, "car_acc": 1.4767, "car_dcc": 2.8248, "car_lcAssertive": 11.6724, "car_lcCooperative": 0.271, "car_lcLookaheadLeft": 47.0184, "car_lcPushy": 0.6737, "car_lcSigma": 0.8759, "car_lcSpeedGainRight": 3.0834, "car_lcSublane": 0.5399, "car_sigma": 0.8724, "car_tau_mean": 2.6902, "car_tau_std": 0.8971, "car_v_mean": 15.4291, "car_v_std": 10.1159}, "datetime": {"datetime": "2024-08-11 19:12:13", "elapsed": 5403.964857, "delta": 8.423118}}
{"target": -0.44186834908760414, "params": {"bus_acc": 1.3775, "bus_dcc": 2.321, "bus_lcAssertive": 65.4613, "bus_lcCooperative": 0.2865, "bus_lcLookaheadLeft": 33.7497, "bus_lcPushy": 0.9193, "bus_lcSigma": 0.4316, "bus_lcSpeedGainRight": 2.251, "bus_lcSublane": 0.1098, "bus_sigma": 0.6169, "bus_tau_mean": 3.856, "bus_tau_std": 9.7407, "bus_v_mean": 25.0411, "bus_v_std": 6.6074, "car_acc": 3.2126, "car_dcc": 3.2047, "car_lcAssertive": 79.3371, "car_lcCooperative": 0.7028, "car_lcLookaheadLeft": 31.0904, "car_lcPushy": 0.759, "car_lcSigma": 0.346, "car_lcSpeedGainRight": 2.9905, "car_lcSublane": 0.7039, "car_sigma": 0.5611, "car_tau_mean": 2.3939, "car_tau_std": 4.8399, "car_v_mean": 10.8525, "car_v_std": 2.9019}, "datetime": {"datetime": "2024-08-11 19:12:20", "elapsed": 5410.776078, "delta": 6.811221}}
{"target": -0.42265522854187054, "params": {"bus_acc": 0.3321, "bus_dcc": 2.5786, "bus_lcAssertive": 80.0088, "bus_lcCooperative": 0.2765, "bus_lcLookaheadLeft": 52.2198, "bus_lcPushy": 0.2565, "bus_lcSigma": 0.515, "bus_lcSpeedGainRight": 3.1645, "bus_lcSublane": 0.3646, "bus_sigma": 0.4036, "bus_tau_mean": 2.1706, "bus_tau_std": 1.2573, "bus_v_mean": 12.1278, "bus_v_std": 9.9344, "car_acc": 0.9212, "car_dcc": 0.5433, "car_lcAssertive": 64.0783, "car_lcCooperative": 0.6518, "car_lcLookaheadLeft": 15.7311, "car_lcPushy": 0.4346, "car_lcSigma": 0.6639, "car_lcSpeedGainRight": 0.4157, "car_lcSublane": 0.5769, "car_sigma": 0.1315, "car_tau_mean": 3.7221, "car_tau_std": 5.3111, "car_v_mean": 19.4605, "car_v_std": 0.022}, "datetime": {"datetime": "2024-08-11 19:12:24", "elapsed": 5414.784547, "delta": 4.008469}}
{"target": -0.271898218084058, "params": {"bus_acc": 0.3284, "bus_dcc": 3.5767, "bus_lcAssertive": 75.2127, "bus_lcCooperative": 0.5642, "bus_lcLookaheadLeft": 41.7783, "bus_lcPushy": 0.4773, "bus_lcSigma": 0.6764, "bus_lcSpeedGainRight": 0.1616, "bus_lcSublane": 0.8595, "bus_sigma": 0.8845, "bus_tau_mean": 0.8479, "bus_tau_std": 8.1558, "bus_v_mean": 19.9687, "bus_v_std": 6.9479, "car_acc": 1.7222, "car_dcc": 1.2526, "car_lcAssertive": 60.8303, "car_lcCooperative": 0.0621, "car_lcLookaheadLeft": 50.1263, "car_lcPushy": 0.6814, "car_lcSigma": 0.4638, "car_lcSpeedGainRight": 2.5471, "car_lcSublane": 0.8581, "car_sigma": 0.8661, "car_tau_mean": 0.8017, "car_tau_std": 9.6927, "car_v_mean": 22.001, "car_v_std": 18.4038}, "datetime": {"datetime": "2024-08-11 19:12:32", "elapsed": 5422.821644, "delta": 8.037097}}
{"target": -0.4434742608233013, "params": {"bus_acc": 1.5778, "bus_dcc": 3.8372, "bus_lcAssertive": 8.4296, "bus_lcCooperative": 0.5808, "bus_lcLookaheadLeft": 89.7919, "bus_lcPushy": 0.6915, "bus_lcSigma": 0.7951, "bus_lcSpeedGainRight": 3.4599, "bus_lcSublane": 0.3516, "bus_sigma": 0.4714, "bus_tau_mean": 0.6493, "bus_tau_std": 1.3608, "bus_v_mean": 25.8517, "bus_v_std": 8.3391, "car_acc": 2.8245, "car_dcc": 1.2869, "car_lcAssertive": 22.4672, "car_lcCooperative": 0.1261, "car_lcLookaheadLeft": 35.5507, "car_lcPushy": 0.8085, "car_lcSigma": 0.0673, "car_lcSpeedGainRight": 2.5478, "car_lcSublane": 0.7394, "car_sigma": 0.1706, "car_tau_mean": 1.01, "car_tau_std": 4.5102, "car_v_mean": 19.9813, "car_v_std": 0.4618}, "datetime": {"datetime": "2024-08-11 19:12:40", "elapsed": 5431.49786, "delta": 8.676216}}
{"target": -0.3976723427102166, "params": {"bus_acc": 3.2043, "bus_dcc": 1.2831, "bus_lcAssertive": 27.4306, "bus_lcCooperative": 0.3375, "bus_lcLookaheadLeft": 44.8917, "bus_lcPushy": 0.8986, "bus_lcSigma": 0.7434, "bus_lcSpeedGainRight": 0.5371, "bus_lcSublane": 0.9607, "bus_sigma": 0.828, "bus_tau_mean": 1.5287, "bus_tau_std": 0.4075, "bus_v_mean": 23.6471, "bus_v_std": 8.5826, "car_acc": 3.2822, "car_dcc": 3.2888, "car_lcAssertive": 86.7567, "car_lcCooperative": 0.0598, "car_lcLookaheadLeft": 99.5269, "car_lcPushy": 0.8165, "car_lcSigma": 0.9548, "car_lcSpeedGainRight": 2.9698, "car_lcSublane": 0.2155, "car_sigma": 0.3908, "car_tau_mean": 1.799, "car_tau_std": 9.2714, "car_v_mean": 21.9852, "car_v_std": 13.5042}, "datetime": {"datetime": "2024-08-11 19:12:46", "elapsed": 5437.036596, "delta": 5.538736}}
{"target": -0.3485928242048253, "params": {"bus_acc": 2.6853, "bus_dcc": 1.3075, "bus_lcAssertive": 77.8535, "bus_lcCooperative": 0.6123, "bus_lcLookaheadLeft": 47.4056, "bus_lcPushy": 0.1773, "bus_lcSigma": 0.4235, "bus_lcSpeedGainRight": 3.0077, "bus_lcSublane": 0.7918, "bus_sigma": 0.8374, "bus_tau_mean": 1.1477, "bus_tau_std": 3.4924, "bus_v_mean": 8.2125, "bus_v_std": 11.5704, "car_acc": 2.9867, "car_dcc": 3.7352, "car_lcAssertive": 51.5225, "car_lcCooperative": 0.6394, "car_lcLookaheadLeft": 51.7177, "car_lcPushy": 0.2609, "car_lcSigma": 0.582, "car_lcSpeedGainRight": 4.2777, "car_lcSublane": 0.6451, "car_sigma": 0.5828, "car_tau_mean": 2.9863, "car_tau_std": 9.3975, "car_v_mean": 17.4493, "car_v_std": 9.3185}, "datetime": {"datetime": "2024-08-11 19:12:54", "elapsed": 5444.629882, "delta": 7.593286}}
{"target": -0.2950979896181019, "params": {"bus_acc": 0.7545, "bus_dcc": 2.065, "bus_lcAssertive": 57.8146, "bus_lcCooperative": 0.7821, "bus_lcLookaheadLeft": 34.1118, "bus_lcPushy": 0.0251, "bus_lcSigma": 0.4623, "bus_lcSpeedGainRight": 3.7613, "bus_lcSublane": 0.2239, "bus_sigma": 0.1272, "bus_tau_mean": 1.2368, "bus_tau_std": 3.1467, "bus_v_mean": 9.1396, "bus_v_std": 18.1224, "car_acc": 0.8581, "car_dcc": 1.7781, "car_lcAssertive": 27.8797, "car_lcCooperative": 0.5366, "car_lcLookaheadLeft": 96.7964, "car_lcPushy": 0.441, "car_lcSigma": 0.8658, "car_lcSpeedGainRight": 2.0228, "car_lcSublane": 0.3212, "car_sigma": 0.1941, "car_tau_mean": 3.2879, "car_tau_std": 9.3595, "car_v_mean": 18.6643, "car_v_std": 9.3207}, "datetime": {"datetime": "2024-08-11 19:12:58", "elapsed": 5448.899111, "delta": 4.269229}}
{"target": -0.46541717310415337, "params": {"bus_acc": 2.7454, "bus_dcc": 0.4199, "bus_lcAssertive": 41.6922, "bus_lcCooperative": 0.5773, "bus_lcLookaheadLeft": 91.6355, "bus_lcPushy": 0.6501, "bus_lcSigma": 0.6906, "bus_lcSpeedGainRight": 1.0524, "bus_lcSublane": 0.4891, "bus_sigma": 0.5678, "bus_tau_mean": 3.3035, "bus_tau_std": 3.474, "bus_v_mean": 16.2529, "bus_v_std": 3.8318, "car_acc": 2.1741, "car_dcc": 2.0794, "car_lcAssertive": 12.4544, "car_lcCooperative": 0.1889, "car_lcLookaheadLeft": 8.5526, "car_lcPushy": 0.46, "car_lcSigma": 0.809, "car_lcSpeedGainRight": 3.411, "car_lcSublane": 0.0646, "car_sigma": 0.182, "car_tau_mean": 2.2437, "car_tau_std": 7.4623, "car_v_mean": 21.0084, "car_v_std": 12.6013}, "datetime": {"datetime": "2024-08-11 19:13:05", "elapsed": 5456.439839, "delta": 7.540728}}
{"target": -0.5426077897690038, "params": {"bus_acc": 3.6244, "bus_dcc": 2.7956, "bus_lcAssertive": 14.4376, "bus_lcCooperative": 0.356, "bus_lcLookaheadLeft": 36.4767, "bus_lcPushy": 0.858, "bus_lcSigma": 0.0751, "bus_lcSpeedGainRight": 1.2164, "bus_lcSublane": 0.1607, "bus_sigma": 0.9377, "bus_tau_mean": 0.843, "bus_tau_std": 9.077, "bus_v_mean": 12.8339, "bus_v_std": 8.9705, "car_acc": 1.5949, "car_dcc": 0.6281, "car_lcAssertive": 35.3973, "car_lcCooperative": 0.8112, "car_lcLookaheadLeft": 18.9632, "car_lcPushy": 0.3837, "car_lcSigma": 0.7206, "car_lcSpeedGainRight": 2.0282, "car_lcSublane": 0.2423, "car_sigma": 0.0856, "car_tau_mean": 3.6439, "car_tau_std": 7.3177, "car_v_mean": 14.35, "car_v_std": 8.0893}, "datetime": {"datetime": "2024-08-11 19:13:09", "elapsed": 5460.413597, "delta": 3.973758}}
{"target": -0.4907423943617213, "params": {"bus_acc": 1.1995, "bus_dcc": 1.7775, "bus_lcAssertive": 70.8805, "bus_lcCooperative": 0.5218, "bus_lcLookaheadLeft": 17.8222, "bus_lcPushy": 0.9797, "bus_lcSigma": 0.7441, "bus_lcSpeedGainRight": 3.6454, "bus_lcSublane": 0.0932, "bus_sigma": 0.0044, "bus_tau_mean": 3.4975, "bus_tau_std": 0.8205, "bus_v_mean": 22.9563, "bus_v_std": 10.1708, "car_acc": 3.8308, "car_dcc": 1.5068, "car_lcAssertive": 27.5631, "car_lcCooperative": 0.4606, "car_lcLookaheadLeft": 2.9419, "car_lcPushy": 0.0406, "car_lcSigma": 0.3694, "car_lcSpeedGainRight": 3.5207, "car_lcSublane": 0.7249, "car_sigma": 0.2934, "car_tau_mean": 1.414, "car_tau_std": 8.1808, "car_v_mean": 14.625, "car_v_std": 12.9333}, "datetime": {"datetime": "2024-08-11 19:13:14", "elapsed": 5465.476987, "delta": 5.06339}}
{"target": -0.6079887772319227, "params": {"bus_acc": 1.9899, "bus_dcc": 1.6538, "bus_lcAssertive": 86.6969, "bus_lcCooperative": 0.6393, "bus_lcLookaheadLeft": 21.3847, "bus_lcPushy": 0.8976, "bus_lcSigma": 0.2001, "bus_lcSpeedGainRight": 4.3751, "bus_lcSublane": 0.1327, "bus_sigma": 0.3954, "bus_tau_mean": 1.7702, "bus_tau_std": 4.6997, "bus_v_mean": 24.0585, "bus_v_std": 3.568, "car_acc": 1.7709, "car_dcc": 2.2363, "car_lcAssertive": 2.5738, "car_lcCooperative": 0.6439, "car_lcLookaheadLeft": 75.0063, "car_lcPushy": 0.4497, "car_lcSigma": 0.7405, "car_lcSpeedGainRight": 3.9024, "car_lcSublane": 0.3155, "car_sigma": 0.5425, "car_tau_mean": 3.4222, "car_tau_std": 9.6257, "car_v_mean": 24.6309, "car_v_std": 0.5702}, "datetime": {"datetime": "2024-08-11 19:13:21", "elapsed": 5471.867273, "delta": 6.390286}}
{"target": -0.2752822296293564, "params": {"bus_acc": 1.9457, "bus_dcc": 2.5507, "bus_lcAssertive": 19.8347, "bus_lcCooperative": 0.6977, "bus_lcLookaheadLeft": 99.1472, "bus_lcPushy": 0.6999, "bus_lcSigma": 0.2927, "bus_lcSpeedGainRight": 0.9508, "bus_lcSublane": 0.2994, "bus_sigma": 0.0042, "bus_tau_mean": 1.0573, "bus_tau_std": 3.6205, "bus_v_mean": 16.3532, "bus_v_std": 4.9209, "car_acc": 1.1822, "car_dcc": 3.8051, "car_lcAssertive": 20.779, "car_lcCooperative": 0.0998, "car_lcLookaheadLeft": 79.517, "car_lcPushy": 0.009, "car_lcSigma": 0.4551, "car_lcSpeedGainRight": 1.4055, "car_lcSublane": 0.4127, "car_sigma": 0.6295, "car_tau_mean": 1.8027, "car_tau_std": 1.4983, "car_v_mean": 17.7258, "car_v_std": 3.8742}, "datetime": {"datetime": "2024-08-11 19:13:25", "elapsed": 5475.65517, "delta": 3.787897}}
{"target": -0.4961027026907554, "params": {"bus_acc": 3.8209, "bus_dcc": 3.5831, "bus_lcAssertive": 13.7797, "bus_lcCooperative": 0.2936, "bus_lcLookaheadLeft": 72.2908, "bus_lcPushy": 0.9824, "bus_lcSigma": 0.6624, "bus_lcSpeedGainRight": 1.1, "bus_lcSublane": 0.41, "bus_sigma": 0.5651, "bus_tau_mean": 3.526, "bus_tau_std": 6.6631, "bus_v_mean": 13.2188, "bus_v_std": 10.6361, "car_acc": 1.6113, "car_dcc": 0.3282, "car_lcAssertive": 64.8929, "car_lcCooperative": 0.2378, "car_lcLookaheadLeft": 31.778, "car_lcPushy": 0.7582, "car_lcSigma": 0.6003, "car_lcSpeedGainRight": 4.8628, "car_lcSublane": 0.5244, "car_sigma": 0.6924, "car_tau_mean": 1.9931, "car_tau_std": 3.3229, "car_v_mean": 10.0393, "car_v_std": 18.1279}, "datetime": {"datetime": "2024-08-11 19:13:30", "elapsed": 5481.520636, "delta": 5.865466}}
{"target": -0.40991408195357204, "params": {"bus_acc": 2.926, "bus_dcc": 0.6865, "bus_lcAssertive": 54.9841, "bus_lcCooperative": 0.3918, "bus_lcLookaheadLeft": 41.1519, "bus_lcPushy": 0.742, "bus_lcSigma": 0.1078, "bus_lcSpeedGainRight": 2.23, "bus_lcSublane": 0.2938, "bus_sigma": 0.6582, "bus_tau_mean": 2.5616, "bus_tau_std": 0.3368, "bus_v_mean": 12.1776, "bus_v_std": 10.292, "car_acc": 1.2954, "car_dcc": 3.8487, "car_lcAssertive": 81.4139, "car_lcCooperative": 0.1351, "car_lcLookaheadLeft": 63.396, "car_lcPushy": 0.8432, "car_lcSigma": 0.666, "car_lcSpeedGainRight": 1.7668, "car_lcSublane": 0.4704, "car_sigma": 0.6584, "car_tau_mean": 2.5491, "car_tau_std": 1.4959, "car_v_mean": 17.3205, "car_v_std": 9.5474}, "datetime": {"datetime": "2024-08-11 19:13:37", "elapsed": 5488.274455, "delta": 6.753819}}
{"target": -0.46512287458106183, "params": {"bus_acc": 3.5454, "bus_dcc": 3.0579, "bus_lcAssertive": 44.7348, "bus_lcCooperative": 0.4574, "bus_lcLookaheadLeft": 83.666, "bus_lcPushy": 0.6314, "bus_lcSigma": 0.7414, "bus_lcSpeedGainRight": 3.3215, "bus_lcSublane": 0.6036, "bus_sigma": 0.7038, "bus_tau_mean": 0.6339, "bus_tau_std": 4.9705, "bus_v_mean": 22.4689, "bus_v_std": 11.7556, "car_acc": 2.0718, "car_dcc": 1.1468, "car_lcAssertive": 84.6323, "car_lcCooperative": 0.3402, "car_lcLookaheadLeft": 90.1491, "car_lcPushy": 0.9106, "car_lcSigma": 0.1365, "car_lcSpeedGainRight": 0.4904, "car_lcSublane": 0.5899, "car_sigma": 0.0089, "car_tau_mean": 1.5687, "car_tau_std": 8.2296, "car_v_mean": 15.8375, "car_v_std": 10.0251}, "datetime": {"datetime": "2024-08-11 19:13:42", "elapsed": 5492.826171, "delta": 4.551716}}
