{"target": -0.37254216228231035, "params": {"bus_acc": 3.0902, "bus_dcc": 3.3744, "bus_lcAssertive": 86.7304, "bus_lcCooperative": 0.4891, "bus_lcLookaheadLeft": 90.7684, "bus_lcPushy": 0.1336, "bus_lcSigma": 0.0633, "bus_lcSpeedGainRight": 0.3454, "bus_lcSublane": 0.413, "bus_sigma": 0.952, "bus_tau_mean": 3.5134, "bus_tau_std": 6.4201, "bus_v_mean": 11.1455, "bus_v_std": 18.5694, "car_acc": 1.8547, "car_dcc": 2.6933, "car_lcAssertive": 48.0496, "car_lcCooperative": 0.8244, "car_lcLookaheadLeft": 92.6876, "car_lcPushy": 0.6752, "car_lcSigma": 0.8979, "car_lcSpeedGainRight": 0.1991, "car_lcSublane": 0.4502, "car_sigma": 0.7622, "car_tau_mean": 2.3948, "car_tau_std": 6.4149, "car_v_mean": 24.3431, "car_v_std": 14.4914}, "datetime": {"datetime": "2024-08-11 18:53:23", "elapsed": 4273.925418, "delta": 4.154695}}
{"target": -0.6714208294761036, "params": {"bus_acc": 1.5788, "bus_dcc": 2.83, "bus_lcAssertive": 41.7375, "bus_lcCooperative": 0.4637, "bus_lcLookaheadLeft": 12.0032, "bus_lcPushy": 0.7982, "bus_lcSigma": 0.052, "bus_lcSpeedGainRight": 4.0726, "bus_lcSublane": 0.5959, "bus_sigma": 0.2431, "bus_tau_mean": 1.3052, "bus_tau_std": 5.4995, "bus_v_mean": 21.6446, "bus_v_std": 13.9008, "car_acc": 0.5164, "car_dcc": 0.7666, "car_lcAssertive": 31.2999, "car_lcCooperative": 0.0742, "car_lcLookaheadLeft": 66.0229, "car_lcPushy": 0.9197, "car_lcSigma": 0.4013, "car_lcSpeedGainRight": 3.4273, "car_lcSublane": 0.5804, "car_sigma": 0.6952, "car_tau_mean": 2.5865, "car_tau_std": 0.2502, "car_v_mean": 19.9064, "car_v_std": 5.0196}, "datetime": {"datetime": "2024-08-11 18:53:28", "elapsed": 4279.401578, "delta": 5.47616}}
{"target": -0.35348559586584133, "params": {"bus_acc": 1.9751, "bus_dcc": 0.3395, "bus_lcAssertive": 76.7259, "bus_lcCooperative": 0.0936, "bus_lcLookaheadLeft": 65.1193, "bus_lcPushy": 0.1927, "bus_lcSigma": 0.9343, "bus_lcSpeedGainRight": 3.2122, "bus_lcSublane": 0.1368, "bus_sigma": 0.3606, "bus_tau_mean": 0.8743, "bus_tau_std": 9.7429, "bus_v_mean": 22.0174, "bus_v_std": 1.3495, "car_acc": 3.8032, "car_dcc": 2.2182, "car_lcAssertive": 71.7242, "car_lcCooperative": 0.6615, "car_lcLookaheadLeft": 94.961, "car_lcPushy": 0.9056, "car_lcSigma": 0.6066, "car_lcSpeedGainRight": 0.9408, "car_lcSublane": 0.9933, "car_sigma": 0.8208, "car_tau_mean": 3.5703, "car_tau_std": 8.7503, "car_v_mean": 24.9817, "car_v_std": 17.0697}, "datetime": {"datetime": "2024-08-11 18:53:32", "elapsed": 4282.867188, "delta": 3.46561}}
{"target": -0.199729899760941, "params": {"bus_acc": 2.3095, "bus_dcc": 0.632, "bus_lcAssertive": 53.8413, "bus_lcCooperative": 0.9248, "bus_lcLookaheadLeft": 13.5213, "bus_lcPushy": 0.7497, "bus_lcSigma": 0.4346, "bus_lcSpeedGainRight": 0.1875, "bus_lcSublane": 0.0733, "bus_sigma": 0.8361, "bus_tau_mean": 2.3273, "bus_tau_std": 0.6695, "bus_v_mean": 22.6709, "bus_v_std": 4.8569, "car_acc": 0.353, "car_dcc": 3.5206, "car_lcAssertive": 7.2558, "car_lcCooperative": 0.4092, "car_lcLookaheadLeft": 98.1875, "car_lcPushy": 0.8955, "car_lcSigma": 0.2666, "car_lcSpeedGainRight": 0.3909, "car_lcSublane": 0.6126, "car_sigma": 0.4825, "car_tau_mean": 1.396, "car_tau_std": 6.3398, "car_v_mean": 14.7211, "car_v_std": 7.1396}, "datetime": {"datetime": "2024-08-11 18:53:35", "elapsed": 4286.061385, "delta": 3.194197}}
{"target": -0.5853355262169354, "params": {"bus_acc": 1.5425, "bus_dcc": 0.4003, "bus_lcAssertive": 61.4964, "bus_lcCooperative": 0.5408, "bus_lcLookaheadLeft": 57.1384, "bus_lcPushy": 0.7401, "bus_lcSigma": 0.862, "bus_lcSpeedGainRight": 4.9412, "bus_lcSublane": 0.1875, "bus_sigma": 0.9028, "bus_tau_mean": 2.5201, "bus_tau_std": 3.5668, "bus_v_mean": 10.411, "bus_v_std": 3.139, "car_acc": 0.371, "car_dcc": 0.3373, "car_lcAssertive": 79.2897, "car_lcCooperative": 0.264, "car_lcLookaheadLeft": 10.5696, "car_lcPushy": 0.7694, "car_lcSigma": 0.7111, "car_lcSpeedGainRight": 2.0337, "car_lcSublane": 0.4466, "car_sigma": 0.8129, "car_tau_mean": 1.7014, "car_tau_std": 8.3871, "car_v_mean": 13.4593, "car_v_std": 13.5005}, "datetime": {"datetime": "2024-08-11 18:53:40", "elapsed": 4290.649671, "delta": 4.588286}}
{"target": -0.48864124643041135, "params": {"bus_acc": 2.0511, "bus_dcc": 1.3678, "bus_lcAssertive": 42.5325, "bus_lcCooperative": 0.8714, "bus_lcLookaheadLeft": 74.3373, "bus_lcPushy": 0.9535, "bus_lcSigma": 0.5651, "bus_lcSpeedGainRight": 4.8365, "bus_lcSublane": 0.2981, "bus_sigma": 0.5998, "bus_tau_mean": 0.8201, "bus_tau_std": 9.857, "bus_v_mean": 22.787, "bus_v_std": 4.5156, "car_acc": 2.7988, "car_dcc": 1.1125, "car_lcAssertive": 56.2378, "car_lcCooperative": 0.2569, "car_lcLookaheadLeft": 53.1234, "car_lcPushy": 0.1481, "car_lcSigma": 0.738, "car_lcSpeedGainRight": 1.2153, "car_lcSublane": 0.5961, "car_sigma": 0.3022, "car_tau_mean": 3.8649, "car_tau_std": 7.8633, "car_v_mean": 9.7058, "car_v_std": 6.237}, "datetime": {"datetime": "2024-08-11 18:53:43", "elapsed": 4293.991921, "delta": 3.34225}}
{"target": -0.29102895487436825, "params": {"bus_acc": 1.1861, "bus_dcc": 0.7178, "bus_lcAssertive": 87.5855, "bus_lcCooperative": 0.6871, "bus_lcLookaheadLeft": 99.4857, "bus_lcPushy": 0.1844, "bus_lcSigma": 0.6763, "bus_lcSpeedGainRight": 0.2289, "bus_lcSublane": 0.6267, "bus_sigma": 0.1962, "bus_tau_mean": 2.4624, "bus_tau_std": 3.2037, "bus_v_mean": 16.6894, "bus_v_std": 0.5653, "car_acc": 0.7891, "car_dcc": 3.4615, "car_lcAssertive": 75.4607, "car_lcCooperative": 0.3153, "car_lcLookaheadLeft": 90.8015, "car_lcPushy": 0.6411, "car_lcSigma": 0.6075, "car_lcSpeedGainRight": 3.9513, "car_lcSublane": 0.14, "car_sigma": 0.1836, "car_tau_mean": 1.6079, "car_tau_std": 6.2658, "car_v_mean": 20.2073, "car_v_std": 6.6617}, "datetime": {"datetime": "2024-08-11 18:53:46", "elapsed": 4297.335216, "delta": 3.343295}}
{"target": -0.3521506726213597, "params": {"bus_acc": 0.5174, "bus_dcc": 3.8278, "bus_lcAssertive": 18.0363, "bus_lcCooperative": 0.4079, "bus_lcLookaheadLeft": 12.0904, "bus_lcPushy": 0.4622, "bus_lcSigma": 0.6425, "bus_lcSpeedGainRight": 2.2072, "bus_lcSublane": 0.1989, "bus_sigma": 0.8466, "bus_tau_mean": 3.4896, "bus_tau_std": 8.4915, "bus_v_mean": 10.1513, "bus_v_std": 15.0537, "car_acc": 3.3455, "car_dcc": 3.5354, "car_lcAssertive": 48.4489, "car_lcCooperative": 0.2056, "car_lcLookaheadLeft": 95.3968, "car_lcPushy": 0.5754, "car_lcSigma": 0.1441, "car_lcSpeedGainRight": 3.9543, "car_lcSublane": 0.9452, "car_sigma": 0.8948, "car_tau_mean": 0.8509, "car_tau_std": 9.2167, "car_v_mean": 12.4658, "car_v_std": 7.2271}, "datetime": {"datetime": "2024-08-11 18:53:51", "elapsed": 4301.91176, "delta": 4.576544}}
{"target": -0.3637276050493507, "params": {"bus_acc": 3.524, "bus_dcc": 2.0851, "bus_lcAssertive": 44.2059, "bus_lcCooperative": 0.0418, "bus_lcLookaheadLeft": 92.4517, "bus_lcPushy": 0.1375, "bus_lcSigma": 0.4789, "bus_lcSpeedGainRight": 4.4691, "bus_lcSublane": 0.3259, "bus_sigma": 0.3911, "bus_tau_mean": 3.2957, "bus_tau_std": 8.5377, "bus_v_mean": 17.8391, "bus_v_std": 14.7409, "car_acc": 3.9997, "car_dcc": 3.1052, "car_lcAssertive": 29.4393, "car_lcCooperative": 0.0006, "car_lcLookaheadLeft": 28.8608, "car_lcPushy": 0.814, "car_lcSigma": 0.7311, "car_lcSpeedGainRight": 4.746, "car_lcSublane": 0.6858, "car_sigma": 0.7157, "car_tau_mean": 2.8625, "car_tau_std": 6.4003, "car_v_mean": 10.0385, "car_v_std": 17.1177}, "datetime": {"datetime": "2024-08-11 18:53:55", "elapsed": 4305.785154, "delta": 3.873394}}
{"target": -0.24883813343655356, "params": {"bus_acc": 0.2415, "bus_dcc": 2.5781, "bus_lcAssertive": 76.0924, "bus_lcCooperative": 0.4583, "bus_lcLookaheadLeft": 98.7895, "bus_lcPushy": 0.9624, "bus_lcSigma": 0.598, "bus_lcSpeedGainRight": 4.9205, "bus_lcSublane": 0.0782, "bus_sigma": 0.8546, "bus_tau_mean": 1.043, "bus_tau_std": 9.7146, "bus_v_mean": 25.7478, "bus_v_std": 13.4571, "car_acc": 2.6573, "car_dcc": 2.7517, "car_lcAssertive": 48.5191, "car_lcCooperative": 0.5027, "car_lcLookaheadLeft": 28.5475, "car_lcPushy": 0.8297, "car_lcSigma": 0.2627, "car_lcSpeedGainRight": 4.4697, "car_lcSublane": 0.3238, "car_sigma": 0.6815, "car_tau_mean": 1.1112, "car_tau_std": 5.8024, "car_v_mean": 21.2692, "car_v_std": 9.5719}, "datetime": {"datetime": "2024-08-11 18:54:00", "elapsed": 4311.320527, "delta": 5.535373}}
{"target": -0.36123874925988125, "params": {"bus_acc": 2.765, "bus_dcc": 3.7485, "bus_lcAssertive": 61.0453, "bus_lcCooperative": 0.3104, "bus_lcLookaheadLeft": 23.4614, "bus_lcPushy": 0.0155, "bus_lcSigma": 0.5978, "bus_lcSpeedGainRight": 3.3508, "bus_lcSublane": 0.0952, "bus_sigma": 0.4117, "bus_tau_mean": 3.5362, "bus_tau_std": 0.8424, "bus_v_mean": 17.1848, "bus_v_std": 6.2179, "car_acc": 3.1022, "car_dcc": 1.9893, "car_lcAssertive": 37.2467, "car_lcCooperative": 0.2877, "car_lcLookaheadLeft": 94.7053, "car_lcPushy": 0.0015, "car_lcSigma": 0.8541, "car_lcSpeedGainRight": 3.1774, "car_lcSublane": 0.2618, "car_sigma": 0.523, "car_tau_mean": 2.0401, "car_tau_std": 4.4619, "car_v_mean": 11.7501, "car_v_std": 11.9589}, "datetime": {"datetime": "2024-08-11 18:54:05", "elapsed": 4315.935516, "delta": 4.614989}}
{"target": -0.32045330309750975, "params": {"bus_acc": 0.4697, "bus_dcc": 2.1241, "bus_lcAssertive": 55.8397, "bus_lcCooperative": 0.4679, "bus_lcLookaheadLeft": 13.9504, "bus_lcPushy": 0.8202, "bus_lcSigma": 0.045, "bus_lcSpeedGainRight": 4.4078, "bus_lcSublane": 0.7526, "bus_sigma": 0.985, "bus_tau_mean": 3.4174, "bus_tau_std": 9.5785, "bus_v_mean": 10.533, "bus_v_std": 1.3926, "car_acc": 3.4783, "car_dcc": 3.2084, "car_lcAssertive": 71.5008, "car_lcCooperative": 0.3208, "car_lcLookaheadLeft": 67.257, "car_lcPushy": 0.6966, "car_lcSigma": 0.3715, "car_lcSpeedGainRight": 4.2305, "car_lcSublane": 0.2878, "car_sigma": 0.9489, "car_tau_mean": 3.1521, "car_tau_std": 3.9397, "car_v_mean": 12.3168, "car_v_std": 4.8542}, "datetime": {"datetime": "2024-08-11 18:54:09", "elapsed": 4320.349167, "delta": 4.413651}}
{"target": -0.4522140610603542, "params": {"bus_acc": 1.661, "bus_dcc": 0.3211, "bus_lcAssertive": 42.4278, "bus_lcCooperative": 0.2146, "bus_lcLookaheadLeft": 47.4968, "bus_lcPushy": 0.4717, "bus_lcSigma": 0.1145, "bus_lcSpeedGainRight": 0.021, "bus_lcSublane": 0.4003, "bus_sigma": 0.3107, "bus_tau_mean": 3.739, "bus_tau_std": 3.9536, "bus_v_mean": 13.5435, "bus_v_std": 0.3321, "car_acc": 2.7903, "car_dcc": 1.4917, "car_lcAssertive": 17.8896, "car_lcCooperative": 0.7727, "car_lcLookaheadLeft": 92.9381, "car_lcPushy": 0.8902, "car_lcSigma": 0.0225, "car_lcSpeedGainRight": 1.8773, "car_lcSublane": 0.8541, "car_sigma": 0.9969, "car_tau_mean": 3.5223, "car_tau_std": 7.594, "car_v_mean": 13.2704, "car_v_std": 10.7598}, "datetime": {"datetime": "2024-08-11 18:54:13", "elapsed": 4323.955067, "delta": 3.6059}}
{"target": -0.4321486338300035, "params": {"bus_acc": 3.2318, "bus_dcc": 1.5184, "bus_lcAssertive": 87.3328, "bus_lcCooperative": 0.8277, "bus_lcLookaheadLeft": 24.3778, "bus_lcPushy": 0.0743, "bus_lcSigma": 0.9943, "bus_lcSpeedGainRight": 4.7132, "bus_lcSublane": 0.8443, "bus_sigma": 0.554, "bus_tau_mean": 0.6589, "bus_tau_std": 9.5078, "bus_v_mean": 9.5572, "bus_v_std": 13.3304, "car_acc": 2.9749, "car_dcc": 1.6681, "car_lcAssertive": 37.4418, "car_lcCooperative": 0.5545, "car_lcLookaheadLeft": 8.8949, "car_lcPushy": 0.2129, "car_lcSigma": 0.0291, "car_lcSpeedGainRight": 0.8938, "car_lcSublane": 0.2211, "car_sigma": 0.789, "car_tau_mean": 1.251, "car_tau_std": 5.4404, "car_v_mean": 14.3716, "car_v_std": 3.2718}, "datetime": {"datetime": "2024-08-11 18:54:17", "elapsed": 4328.213744, "delta": 4.258677}}
{"target": -0.3701763297586043, "params": {"bus_acc": 2.2419, "bus_dcc": 3.8037, "bus_lcAssertive": 34.7021, "bus_lcCooperative": 0.0281, "bus_lcLookaheadLeft": 8.4464, "bus_lcPushy": 0.3263, "bus_lcSigma": 0.2725, "bus_lcSpeedGainRight": 0.5008, "bus_lcSublane": 0.5229, "bus_sigma": 0.1966, "bus_tau_mean": 2.4263, "bus_tau_std": 2.7599, "bus_v_mean": 20.3102, "bus_v_std": 10.6858, "car_acc": 1.6438, "car_dcc": 1.5699, "car_lcAssertive": 83.3292, "car_lcCooperative": 0.3079, "car_lcLookaheadLeft": 51.8769, "car_lcPushy": 0.3466, "car_lcSigma": 0.666, "car_lcSpeedGainRight": 2.6634, "car_lcSublane": 0.4372, "car_sigma": 0.2398, "car_tau_mean": 1.758, "car_tau_std": 5.7422, "car_v_mean": 15.5717, "car_v_std": 17.0946}, "datetime": {"datetime": "2024-08-11 18:54:21", "elapsed": 4331.93208, "delta": 3.718336}}
{"target": -0.35724120927467284, "params": {"bus_acc": 1.7821, "bus_dcc": 2.0522, "bus_lcAssertive": 32.0158, "bus_lcCooperative": 0.8662, "bus_lcLookaheadLeft": 65.2422, "bus_lcPushy": 0.9041, "bus_lcSigma": 0.4209, "bus_lcSpeedGainRight": 3.5233, "bus_lcSublane": 0.0495, "bus_sigma": 0.0978, "bus_tau_mean": 2.3953, "bus_tau_std": 6.6859, "bus_v_mean": 14.0403, "bus_v_std": 5.1487, "car_acc": 0.8896, "car_dcc": 2.1651, "car_lcAssertive": 61.2098, "car_lcCooperative": 0.6586, "car_lcLookaheadLeft": 61.8458, "car_lcPushy": 0.7783, "car_lcSigma": 0.9817, "car_lcSpeedGainRight": 3.8187, "car_lcSublane": 0.4134, "car_sigma": 0.8459, "car_tau_mean": 1.5116, "car_tau_std": 8.469, "car_v_mean": 17.3389, "car_v_std": 13.827}, "datetime": {"datetime": "2024-08-11 18:54:26", "elapsed": 4336.847904, "delta": 4.915824}}
{"target": -0.7532993187132874, "params": {"bus_acc": 1.9356, "bus_dcc": 1.2126, "bus_lcAssertive": 11.6638, "bus_lcCooperative": 0.8453, "bus_lcLookaheadLeft": 72.1465, "bus_lcPushy": 0.6591, "bus_lcSigma": 0.5735, "bus_lcSpeedGainRight": 0.5166, "bus_lcSublane": 0.7932, "bus_sigma": 0.8316, "bus_tau_mean": 2.3623, "bus_tau_std": 9.8455, "bus_v_mean": 20.2909, "bus_v_std": 17.0225, "car_acc": 3.1028, "car_dcc": 0.3454, "car_lcAssertive": 2.8248, "car_lcCooperative": 0.3453, "car_lcLookaheadLeft": 89.0108, "car_lcPushy": 0.4151, "car_lcSigma": 0.9653, "car_lcSpeedGainRight": 2.1366, "car_lcSublane": 0.7307, "car_sigma": 0.9009, "car_tau_mean": 2.2526, "car_tau_std": 4.9766, "car_v_mean": 12.9013, "car_v_std": 13.3912}, "datetime": {"datetime": "2024-08-11 18:54:31", "elapsed": 4341.908047, "delta": 5.060143}}
{"target": -0.5084688767568992, "params": {"bus_acc": 3.9521, "bus_dcc": 1.0764, "bus_lcAssertive": 64.9972, "bus_lcCooperative": 0.2311, "bus_lcLookaheadLeft": 65.3291, "bus_lcPushy": 0.3617, "bus_lcSigma": 0.6831, "bus_lcSpeedGainRight": 3.8963, "bus_lcSublane": 0.1283, "bus_sigma": 0.183, "bus_tau_mean": 1.7724, "bus_tau_std": 9.1, "bus_v_mean": 23.2462, "bus_v_std": 16.559, "car_acc": 3.4888, "car_dcc": 3.9793, "car_lcAssertive": 16.7805, "car_lcCooperative": 0.7228, "car_lcLookaheadLeft": 88.1719, "car_lcPushy": 0.7015, "car_lcSigma": 0.5084, "car_lcSpeedGainRight": 2.6491, "car_lcSublane": 0.0468, "car_sigma": 0.4734, "car_tau_mean": 3.9084, "car_tau_std": 1.5826, "car_v_mean": 14.7929, "car_v_std": 5.8874}, "datetime": {"datetime": "2024-08-11 18:54:37", "elapsed": 4348.598536, "delta": 6.690489}}
{"target": -0.3510599039543889, "params": {"bus_acc": 2.0508, "bus_dcc": 1.5266, "bus_lcAssertive": 56.5852, "bus_lcCooperative": 0.7153, "bus_lcLookaheadLeft": 34.5166, "bus_lcPushy": 0.6296, "bus_lcSigma": 0.8327, "bus_lcSpeedGainRight": 2.0927, "bus_lcSublane": 0.2204, "bus_sigma": 0.6009, "bus_tau_mean": 2.6304, "bus_tau_std": 6.7767, "bus_v_mean": 15.0326, "bus_v_std": 4.3565, "car_acc": 3.7021, "car_dcc": 3.1535, "car_lcAssertive": 55.0949, "car_lcCooperative": 0.2638, "car_lcLookaheadLeft": 9.6562, "car_lcPushy": 0.7246, "car_lcSigma": 0.7605, "car_lcSpeedGainRight": 3.6825, "car_lcSublane": 0.3255, "car_sigma": 0.3711, "car_tau_mean": 2.3617, "car_tau_std": 5.1592, "car_v_mean": 14.1374, "car_v_std": 16.8012}, "datetime": {"datetime": "2024-08-11 18:54:44", "elapsed": 4355.60406, "delta": 7.005524}}
{"target": -0.34470714118223994, "params": {"bus_acc": 0.454, "bus_dcc": 0.9466, "bus_lcAssertive": 88.5732, "bus_lcCooperative": 0.0091, "bus_lcLookaheadLeft": 41.0839, "bus_lcPushy": 0.704, "bus_lcSigma": 0.0867, "bus_lcSpeedGainRight": 1.9271, "bus_lcSublane": 0.8864, "bus_sigma": 0.0309, "bus_tau_mean": 0.9978, "bus_tau_std": 9.6889, "bus_v_mean": 21.8452, "bus_v_std": 3.3596, "car_acc": 1.1133, "car_dcc": 1.0097, "car_lcAssertive": 72.4605, "car_lcCooperative": 0.325, "car_lcLookaheadLeft": 43.4608, "car_lcPushy": 0.789, "car_lcSigma": 0.8778, "car_lcSpeedGainRight": 3.4446, "car_lcSublane": 0.1818, "car_sigma": 0.6599, "car_tau_mean": 3.5912, "car_tau_std": 4.7816, "car_v_mean": 18.4805, "car_v_std": 1.1273}, "datetime": {"datetime": "2024-08-11 18:54:48", "elapsed": 4359.286375, "delta": 3.682315}}
{"target": -0.4413413515301537, "params": {"bus_acc": 1.3449, "bus_dcc": 1.8898, "bus_lcAssertive": 95.216, "bus_lcCooperative": 0.5299, "bus_lcLookaheadLeft": 31.3952, "bus_lcPushy": 0.9592, "bus_lcSigma": 0.5963, "bus_lcSpeedGainRight": 3.7092, "bus_lcSublane": 0.2854, "bus_sigma": 0.8184, "bus_tau_mean": 3.0713, "bus_tau_std": 8.5288, "bus_v_mean": 8.3322, "bus_v_std": 4.0602, "car_acc": 3.0757, "car_dcc": 2.1227, "car_lcAssertive": 45.7041, "car_lcCooperative": 0.7025, "car_lcLookaheadLeft": 60.7611, "car_lcPushy": 0.1014, "car_lcSigma": 0.6934, "car_lcSpeedGainRight": 1.2216, "car_lcSublane": 0.2442, "car_sigma": 0.926, "car_tau_mean": 3.7339, "car_tau_std": 1.4482, "car_v_mean": 15.6271, "car_v_std": 5.2002}, "datetime": {"datetime": "2024-08-11 18:54:55", "elapsed": 4365.70427, "delta": 6.417895}}
{"target": -0.3674504660593492, "params": {"bus_acc": 2.2687, "bus_dcc": 0.3139, "bus_lcAssertive": 88.9395, "bus_lcCooperative": 0.7273, "bus_lcLookaheadLeft": 70.5163, "bus_lcPushy": 0.0938, "bus_lcSigma": 0.1417, "bus_lcSpeedGainRight": 4.452, "bus_lcSublane": 0.8923, "bus_sigma": 0.8081, "bus_tau_mean": 3.0455, "bus_tau_std": 8.7646, "bus_v_mean": 10.2807, "bus_v_std": 5.8659, "car_acc": 0.7126, "car_dcc": 3.7054, "car_lcAssertive": 12.7319, "car_lcCooperative": 0.1538, "car_lcLookaheadLeft": 39.4063, "car_lcPushy": 0.8303, "car_lcSigma": 0.1534, "car_lcSpeedGainRight": 3.3435, "car_lcSublane": 0.3369, "car_sigma": 0.2759, "car_tau_mean": 1.8119, "car_tau_std": 0.7409, "car_v_mean": 11.7519, "car_v_std": 0.0295}, "datetime": {"datetime": "2024-08-11 18:54:59", "elapsed": 4370.273645, "delta": 4.569375}}
{"target": -0.41440920630851136, "params": {"bus_acc": 3.6344, "bus_dcc": 0.3185, "bus_lcAssertive": 93.9036, "bus_lcCooperative": 0.5941, "bus_lcLookaheadLeft": 40.6957, "bus_lcPushy": 0.4452, "bus_lcSigma": 0.1627, "bus_lcSpeedGainRight": 2.3162, "bus_lcSublane": 0.1609, "bus_sigma": 0.823, "bus_tau_mean": 1.0428, "bus_tau_std": 0.7929, "bus_v_mean": 17.1664, "bus_v_std": 7.9622, "car_acc": 3.73, "car_dcc": 2.2996, "car_lcAssertive": 86.2804, "car_lcCooperative": 0.4019, "car_lcLookaheadLeft": 81.387, "car_lcPushy": 0.6446, "car_lcSigma": 0.312, "car_lcSpeedGainRight": 1.1962, "car_lcSublane": 0.93, "car_sigma": 0.7671, "car_tau_mean": 0.8079, "car_tau_std": 7.0464, "car_v_mean": 18.1948, "car_v_std": 18.9484}, "datetime": {"datetime": "2024-08-11 18:55:03", "elapsed": 4373.828004, "delta": 3.554359}}
{"target": -0.38093780352376133, "params": {"bus_acc": 2.6193, "bus_dcc": 3.0979, "bus_lcAssertive": 49.8157, "bus_lcCooperative": 0.6244, "bus_lcLookaheadLeft": 86.3276, "bus_lcPushy": 0.1565, "bus_lcSigma": 0.5331, "bus_lcSpeedGainRight": 2.0543, "bus_lcSublane": 0.5066, "bus_sigma": 0.8055, "bus_tau_mean": 0.7478, "bus_tau_std": 3.926, "bus_v_mean": 13.7593, "bus_v_std": 8.2002, "car_acc": 1.2368, "car_dcc": 3.0494, "car_lcAssertive": 66.6976, "car_lcCooperative": 0.4678, "car_lcLookaheadLeft": 24.5363, "car_lcPushy": 0.3875, "car_lcSigma": 0.2078, "car_lcSpeedGainRight": 2.6596, "car_lcSublane": 0.0431, "car_sigma": 0.1716, "car_tau_mean": 3.0638, "car_tau_std": 8.7112, "car_v_mean": 8.7036, "car_v_std": 11.5776}, "datetime": {"datetime": "2024-08-11 18:55:10", "elapsed": 4380.648254, "delta": 6.82025}}
{"target": -0.3851403283569536, "params": {"bus_acc": 1.5682, "bus_dcc": 1.5601, "bus_lcAssertive": 50.0553, "bus_lcCooperative": 0.314, "bus_lcLookaheadLeft": 86.0359, "bus_lcPushy": 0.7594, "bus_lcSigma": 0.6379, "bus_lcSpeedGainRight": 0.7885, "bus_lcSublane": 0.3075, "bus_sigma": 0.2203, "bus_tau_mean": 2.7024, "bus_tau_std": 3.0813, "bus_v_mean": 12.4492, "bus_v_std": 9.5334, "car_acc": 0.952, "car_dcc": 1.9334, "car_lcAssertive": 62.3381, "car_lcCooperative": 0.4644, "car_lcLookaheadLeft": 7.8171, "car_lcPushy": 0.7421, "car_lcSigma": 0.0728, "car_lcSpeedGainRight": 2.6874, "car_lcSublane": 0.0092, "car_sigma": 0.7328, "car_tau_mean": 3.4123, "car_tau_std": 6.7577, "car_v_mean": 18.0516, "car_v_std": 8.0283}, "datetime": {"datetime": "2024-08-11 18:55:15", "elapsed": 4386.174925, "delta": 5.526671}}
{"target": -0.4928100596747032, "params": {"bus_acc": 1.9242, "bus_dcc": 1.7491, "bus_lcAssertive": 85.9132, "bus_lcCooperative": 0.4478, "bus_lcLookaheadLeft": 96.1041, "bus_lcPushy": 0.008, "bus_lcSigma": 0.1155, "bus_lcSpeedGainRight": 3.2986, "bus_lcSublane": 0.3806, "bus_sigma": 0.8867, "bus_tau_mean": 3.3392, "bus_tau_std": 6.1311, "bus_v_mean": 24.7973, "bus_v_std": 7.6147, "car_acc": 3.5547, "car_dcc": 3.8711, "car_lcAssertive": 5.3073, "car_lcCooperative": 0.3445, "car_lcLookaheadLeft": 69.9258, "car_lcPushy": 0.3385, "car_lcSigma": 0.436, "car_lcSpeedGainRight": 0.4068, "car_lcSublane": 0.3899, "car_sigma": 0.2363, "car_tau_mean": 2.2725, "car_tau_std": 4.262, "car_v_mean": 12.9634, "car_v_std": 3.0151}, "datetime": {"datetime": "2024-08-11 18:55:19", "elapsed": 4390.579586, "delta": 4.404661}}
