{"target": -1.2056727048704154, "params": {"bus_acc": 2.4126, "bus_dcc": 1.4408, "bus_lcAssertive": 76.5636, "bus_lcCooperative": 0.8174, "bus_lcLookaheadLeft": 71.5609, "bus_lcPushy": 0.1333, "bus_lcSigma": 0.3101, "bus_lcSpeedGainRight": 3.2412, "bus_lcSublane": 0.8754, "bus_sigma": 0.1752, "bus_tau_mean": 1.6702, "bus_tau_std": 3.0669, "bus_v_mean": 9.6488, "bus_v_std": 10.1557, "car_acc": 0.6051, "car_dcc": 0.5812, "car_lcAssertive": 88.6828, "car_lcCooperative": 0.44, "car_lcLookaheadLeft": 24.0452, "car_lcPushy": 0.349, "car_lcSigma": 0.1853, "car_lcSpeedGainRight": 3.5243, "car_lcSublane": 0.1838, "car_sigma": 0.7406, "car_tau_mean": 3.2258, "car_tau_std": 5.9772, "car_v_mean": 22.9934, "car_v_std": 9.3457}, "datetime": {"datetime": "2024-09-05 15:14:14", "elapsed": 15909.753124, "delta": 17.35149}}
{"target": -0.32861888140136764, "params": {"bus_acc": 1.0375, "bus_dcc": 1.3757, "bus_lcAssertive": 88.8533, "bus_lcCooperative": 0.6093, "bus_lcLookaheadLeft": 30.9849, "bus_lcPushy": 0.6392, "bus_lcSigma": 0.3607, "bus_lcSpeedGainRight": 3.6717, "bus_lcSublane": 0.8544, "bus_sigma": 0.6069, "bus_tau_mean": 3.9235, "bus_tau_std": 8.8352, "bus_v_mean": 24.4992, "bus_v_std": 10.2874, "car_acc": 0.3357, "car_dcc": 0.5817, "car_lcAssertive": 49.2046, "car_lcCooperative": 0.4295, "car_lcLookaheadLeft": 49.4824, "car_lcPushy": 0.8457, "car_lcSigma": 0.6262, "car_lcSpeedGainRight": 4.0184, "car_lcSublane": 0.7097, "car_sigma": 0.74, "car_tau_mean": 2.1859, "car_tau_std": 3.6361, "car_v_mean": 17.4024, "car_v_std": 14.8346}, "datetime": {"datetime": "2024-09-05 15:14:30", "elapsed": 15926.260745, "delta": 16.507621}}
{"target": -0.19570275741326879, "params": {"bus_acc": 1.0381, "bus_dcc": 3.4704, "bus_lcAssertive": 22.2401, "bus_lcCooperative": 0.3474, "bus_lcLookaheadLeft": 91.1308, "bus_lcPushy": 0.8352, "bus_lcSigma": 0.5807, "bus_lcSpeedGainRight": 0.1855, "bus_lcSublane": 0.0376, "bus_sigma": 0.6375, "bus_tau_mean": 0.5662, "bus_tau_std": 5.7792, "bus_v_mean": 21.2262, "bus_v_std": 14.3509, "car_acc": 1.4598, "car_dcc": 1.1732, "car_lcAssertive": 53.6453, "car_lcCooperative": 0.9008, "car_lcLookaheadLeft": 35.0157, "car_lcPushy": 0.5417, "car_lcSigma": 0.8159, "car_lcSpeedGainRight": 1.4682, "car_lcSublane": 0.8982, "car_sigma": 0.9298, "car_tau_mean": 2.1464, "car_tau_std": 6.6389, "car_v_mean": 21.6272, "car_v_std": 2.9852}, "datetime": {"datetime": "2024-09-05 15:15:07", "elapsed": 15963.152534, "delta": 36.891789}}
{"target": -0.9563048826424597, "params": {"bus_acc": 3.8636, "bus_dcc": 2.0051, "bus_lcAssertive": 70.7419, "bus_lcCooperative": 0.9474, "bus_lcLookaheadLeft": 15.5807, "bus_lcPushy": 0.7768, "bus_lcSigma": 0.2507, "bus_lcSpeedGainRight": 0.869, "bus_lcSublane": 0.3109, "bus_sigma": 0.5379, "bus_tau_mean": 0.6648, "bus_tau_std": 8.4884, "bus_v_mean": 10.0451, "bus_v_std": 0.3557, "car_acc": 3.6832, "car_dcc": 0.2256, "car_lcAssertive": 35.2261, "car_lcCooperative": 0.9785, "car_lcLookaheadLeft": 71.2127, "car_lcPushy": 0.304, "car_lcSigma": 0.0467, "car_lcSpeedGainRight": 4.0818, "car_lcSublane": 0.1725, "car_sigma": 0.9677, "car_tau_mean": 3.6351, "car_tau_std": 0.6394, "car_v_mean": 13.0457, "car_v_std": 1.0009}, "datetime": {"datetime": "2024-09-05 15:15:24", "elapsed": 15979.727993, "delta": 16.575459}}
{"target": -0.20782248110227605, "params": {"bus_acc": 2.3862, "bus_dcc": 2.6458, "bus_lcAssertive": 34.63, "bus_lcCooperative": 0.7915, "bus_lcLookaheadLeft": 15.003, "bus_lcPushy": 0.5889, "bus_lcSigma": 0.6567, "bus_lcSpeedGainRight": 4.9283, "bus_lcSublane": 0.9633, "bus_sigma": 0.0924, "bus_tau_mean": 1.5288, "bus_tau_std": 9.3615, "bus_v_mean": 18.5243, "bus_v_std": 15.2005, "car_acc": 1.4767, "car_dcc": 2.8248, "car_lcAssertive": 11.6724, "car_lcCooperative": 0.271, "car_lcLookaheadLeft": 47.0184, "car_lcPushy": 0.6737, "car_lcSigma": 0.8759, "car_lcSpeedGainRight": 3.0834, "car_lcSublane": 0.5399, "car_sigma": 0.8724, "car_tau_mean": 2.6902, "car_tau_std": 0.8971, "car_v_mean": 15.4291, "car_v_std": 10.1159}, "datetime": {"datetime": "2024-09-05 15:15:40", "elapsed": 15995.964096, "delta": 16.236103}}
{"target": -0.19477066855018466, "params": {"bus_acc": 1.5778, "bus_dcc": 3.8372, "bus_lcAssertive": 8.4296, "bus_lcCooperative": 0.5808, "bus_lcLookaheadLeft": 89.7919, "bus_lcPushy": 0.6915, "bus_lcSigma": 0.7951, "bus_lcSpeedGainRight": 3.4599, "bus_lcSublane": 0.3516, "bus_sigma": 0.4714, "bus_tau_mean": 0.6493, "bus_tau_std": 1.3608, "bus_v_mean": 25.8517, "bus_v_std": 8.3391, "car_acc": 2.8245, "car_dcc": 1.2869, "car_lcAssertive": 22.4672, "car_lcCooperative": 0.1261, "car_lcLookaheadLeft": 35.5507, "car_lcPushy": 0.8085, "car_lcSigma": 0.0673, "car_lcSpeedGainRight": 2.5478, "car_lcSublane": 0.7394, "car_sigma": 0.1706, "car_tau_mean": 1.01, "car_tau_std": 4.5102, "car_v_mean": 19.9813, "car_v_std": 0.4618}, "datetime": {"datetime": "2024-09-05 15:16:31", "elapsed": 16046.806267, "delta": 50.842171}}
{"target": -0.18401558350243938, "params": {"bus_acc": 1.3775, "bus_dcc": 2.321, "bus_lcAssertive": 65.4613, "bus_lcCooperative": 0.2865, "bus_lcLookaheadLeft": 33.7497, "bus_lcPushy": 0.9193, "bus_lcSigma": 0.4316, "bus_lcSpeedGainRight": 2.251, "bus_lcSublane": 0.1098, "bus_sigma": 0.6169, "bus_tau_mean": 3.856, "bus_tau_std": 9.7407, "bus_v_mean": 25.0411, "bus_v_std": 6.6074, "car_acc": 3.2126, "car_dcc": 3.2047, "car_lcAssertive": 79.3371, "car_lcCooperative": 0.7028, "car_lcLookaheadLeft": 31.0904, "car_lcPushy": 0.759, "car_lcSigma": 0.346, "car_lcSpeedGainRight": 2.9905, "car_lcSublane": 0.7039, "car_sigma": 0.5611, "car_tau_mean": 2.3939, "car_tau_std": 4.8399, "car_v_mean": 10.8525, "car_v_std": 2.9019}, "datetime": {"datetime": "2024-09-05 15:16:51", "elapsed": 16066.753796, "delta": 19.947529}}
{"target": -0.16475773210931746, "params": {"bus_acc": 3.2043, "bus_dcc": 1.2831, "bus_lcAssertive": 27.4306, "bus_lcCooperative": 0.3375, "bus_lcLookaheadLeft": 44.8917, "bus_lcPushy": 0.8986, "bus_lcSigma": 0.7434, "bus_lcSpeedGainRight": 0.5371, "bus_lcSublane": 0.9607, "bus_sigma": 0.828, "bus_tau_mean": 1.5287, "bus_tau_std": 0.4075, "bus_v_mean": 23.6471, "bus_v_std": 8.5826, "car_acc": 3.2822, "car_dcc": 3.2888, "car_lcAssertive": 86.7567, "car_lcCooperative": 0.0598, "car_lcLookaheadLeft": 99.5269, "car_lcPushy": 0.8165, "car_lcSigma": 0.9548, "car_lcSpeedGainRight": 2.9698, "car_lcSublane": 0.2155, "car_sigma": 0.3908, "car_tau_mean": 1.799, "car_tau_std": 9.2714, "car_v_mean": 21.9852, "car_v_std": 13.5042}, "datetime": {"datetime": "2024-09-05 15:17:05", "elapsed": 16081.117965, "delta": 14.364169}}
{"target": -0.6532233139902627, "params": {"bus_acc": 0.3284, "bus_dcc": 3.5767, "bus_lcAssertive": 75.2127, "bus_lcCooperative": 0.5642, "bus_lcLookaheadLeft": 41.7783, "bus_lcPushy": 0.4773, "bus_lcSigma": 0.6764, "bus_lcSpeedGainRight": 0.1616, "bus_lcSublane": 0.8595, "bus_sigma": 0.8845, "bus_tau_mean": 0.8479, "bus_tau_std": 8.1558, "bus_v_mean": 19.9687, "bus_v_std": 6.9479, "car_acc": 1.7222, "car_dcc": 1.2526, "car_lcAssertive": 60.8303, "car_lcCooperative": 0.0621, "car_lcLookaheadLeft": 50.1263, "car_lcPushy": 0.6814, "car_lcSigma": 0.4638, "car_lcSpeedGainRight": 2.5471, "car_lcSublane": 0.8581, "car_sigma": 0.8661, "car_tau_mean": 0.8017, "car_tau_std": 9.6927, "car_v_mean": 22.001, "car_v_std": 18.4038}, "datetime": {"datetime": "2024-09-05 15:17:25", "elapsed": 16101.094612, "delta": 19.976647}}
{"target": -0.17591865523987185, "params": {"bus_acc": 2.6853, "bus_dcc": 1.3075, "bus_lcAssertive": 77.8535, "bus_lcCooperative": 0.6123, "bus_lcLookaheadLeft": 47.4056, "bus_lcPushy": 0.1773, "bus_lcSigma": 0.4235, "bus_lcSpeedGainRight": 3.0077, "bus_lcSublane": 0.7918, "bus_sigma": 0.8374, "bus_tau_mean": 1.1477, "bus_tau_std": 3.4924, "bus_v_mean": 8.2125, "bus_v_std": 11.5704, "car_acc": 2.9867, "car_dcc": 3.7352, "car_lcAssertive": 51.5225, "car_lcCooperative": 0.6394, "car_lcLookaheadLeft": 51.7177, "car_lcPushy": 0.2609, "car_lcSigma": 0.582, "car_lcSpeedGainRight": 4.2777, "car_lcSublane": 0.6451, "car_sigma": 0.5828, "car_tau_mean": 2.9863, "car_tau_std": 9.3975, "car_v_mean": 17.4493, "car_v_std": 9.3185}, "datetime": {"datetime": "2024-09-05 15:17:48", "elapsed": 16124.146418, "delta": 23.051806}}
{"target": -0.21093981144570448, "params": {"bus_acc": 0.3321, "bus_dcc": 2.5786, "bus_lcAssertive": 80.0088, "bus_lcCooperative": 0.2765, "bus_lcLookaheadLeft": 52.2198, "bus_lcPushy": 0.2565, "bus_lcSigma": 0.515, "bus_lcSpeedGainRight": 3.1645, "bus_lcSublane": 0.3646, "bus_sigma": 0.4036, "bus_tau_mean": 2.1706, "bus_tau_std": 1.2573, "bus_v_mean": 12.1278, "bus_v_std": 9.9344, "car_acc": 0.9212, "car_dcc": 0.5433, "car_lcAssertive": 64.0783, "car_lcCooperative": 0.6518, "car_lcLookaheadLeft": 15.7311, "car_lcPushy": 0.4346, "car_lcSigma": 0.6639, "car_lcSpeedGainRight": 0.4157, "car_lcSublane": 0.5769, "car_sigma": 0.1315, "car_tau_mean": 3.7221, "car_tau_std": 5.3111, "car_v_mean": 19.4605, "car_v_std": 0.022}, "datetime": {"datetime": "2024-09-05 15:18:10", "elapsed": 16145.633204, "delta": 21.486786}}
{"target": -0.19457572055174266, "params": {"bus_acc": 1.9457, "bus_dcc": 2.5507, "bus_lcAssertive": 19.8347, "bus_lcCooperative": 0.6977, "bus_lcLookaheadLeft": 99.1472, "bus_lcPushy": 0.6999, "bus_lcSigma": 0.2927, "bus_lcSpeedGainRight": 0.9508, "bus_lcSublane": 0.2994, "bus_sigma": 0.0042, "bus_tau_mean": 1.0573, "bus_tau_std": 3.6205, "bus_v_mean": 16.3532, "bus_v_std": 4.9209, "car_acc": 1.1822, "car_dcc": 3.8051, "car_lcAssertive": 20.779, "car_lcCooperative": 0.0998, "car_lcLookaheadLeft": 79.517, "car_lcPushy": 0.009, "car_lcSigma": 0.4551, "car_lcSpeedGainRight": 1.4055, "car_lcSublane": 0.4127, "car_sigma": 0.6295, "car_tau_mean": 1.8027, "car_tau_std": 1.4983, "car_v_mean": 17.7258, "car_v_std": 3.8742}, "datetime": {"datetime": "2024-09-05 15:18:25", "elapsed": 16160.610258, "delta": 14.977054}}
{"target": -0.20383418632689795, "params": {"bus_acc": 3.6244, "bus_dcc": 2.7956, "bus_lcAssertive": 14.4376, "bus_lcCooperative": 0.356, "bus_lcLookaheadLeft": 36.4767, "bus_lcPushy": 0.858, "bus_lcSigma": 0.0751, "bus_lcSpeedGainRight": 1.2164, "bus_lcSublane": 0.1607, "bus_sigma": 0.9377, "bus_tau_mean": 0.843, "bus_tau_std": 9.077, "bus_v_mean": 12.8339, "bus_v_std": 8.9705, "car_acc": 1.5949, "car_dcc": 0.6281, "car_lcAssertive": 35.3973, "car_lcCooperative": 0.8112, "car_lcLookaheadLeft": 18.9632, "car_lcPushy": 0.3837, "car_lcSigma": 0.7206, "car_lcSpeedGainRight": 2.0282, "car_lcSublane": 0.2423, "car_sigma": 0.0856, "car_tau_mean": 3.6439, "car_tau_std": 7.3177, "car_v_mean": 14.35, "car_v_std": 8.0893}, "datetime": {"datetime": "2024-09-05 15:19:08", "elapsed": 16204.196175, "delta": 43.585917}}
{"target": -0.2120650377180385, "params": {"bus_acc": 0.7545, "bus_dcc": 2.065, "bus_lcAssertive": 57.8146, "bus_lcCooperative": 0.7821, "bus_lcLookaheadLeft": 34.1118, "bus_lcPushy": 0.0251, "bus_lcSigma": 0.4623, "bus_lcSpeedGainRight": 3.7613, "bus_lcSublane": 0.2239, "bus_sigma": 0.1272, "bus_tau_mean": 1.2368, "bus_tau_std": 3.1467, "bus_v_mean": 9.1396, "bus_v_std": 18.1224, "car_acc": 0.8581, "car_dcc": 1.7781, "car_lcAssertive": 27.8797, "car_lcCooperative": 0.5366, "car_lcLookaheadLeft": 96.7964, "car_lcPushy": 0.441, "car_lcSigma": 0.8658, "car_lcSpeedGainRight": 2.0228, "car_lcSublane": 0.3212, "car_sigma": 0.1941, "car_tau_mean": 3.2879, "car_tau_std": 9.3595, "car_v_mean": 18.6643, "car_v_std": 9.3207}, "datetime": {"datetime": "2024-09-05 15:19:24", "elapsed": 16220.342908, "delta": 16.146733}}
{"target": -0.19804127892318416, "params": {"bus_acc": 1.1995, "bus_dcc": 1.7775, "bus_lcAssertive": 70.8805, "bus_lcCooperative": 0.5218, "bus_lcLookaheadLeft": 17.8222, "bus_lcPushy": 0.9797, "bus_lcSigma": 0.7441, "bus_lcSpeedGainRight": 3.6454, "bus_lcSublane": 0.0932, "bus_sigma": 0.0044, "bus_tau_mean": 3.4975, "bus_tau_std": 0.8205, "bus_v_mean": 22.9563, "bus_v_std": 10.1708, "car_acc": 3.8308, "car_dcc": 1.5068, "car_lcAssertive": 27.5631, "car_lcCooperative": 0.4606, "car_lcLookaheadLeft": 2.9419, "car_lcPushy": 0.0406, "car_lcSigma": 0.3694, "car_lcSpeedGainRight": 3.5207, "car_lcSublane": 0.7249, "car_sigma": 0.2934, "car_tau_mean": 1.414, "car_tau_std": 8.1808, "car_v_mean": 14.625, "car_v_std": 12.9333}, "datetime": {"datetime": "2024-09-05 15:19:43", "elapsed": 16238.786538, "delta": 18.44363}}
{"target": -0.20825633033892968, "params": {"bus_acc": 1.9899, "bus_dcc": 1.6538, "bus_lcAssertive": 86.6969, "bus_lcCooperative": 0.6393, "bus_lcLookaheadLeft": 21.3847, "bus_lcPushy": 0.8976, "bus_lcSigma": 0.2001, "bus_lcSpeedGainRight": 4.3751, "bus_lcSublane": 0.1327, "bus_sigma": 0.3954, "bus_tau_mean": 1.7702, "bus_tau_std": 4.6997, "bus_v_mean": 24.0585, "bus_v_std": 3.568, "car_acc": 1.7709, "car_dcc": 2.2363, "car_lcAssertive": 2.5738, "car_lcCooperative": 0.6439, "car_lcLookaheadLeft": 75.0063, "car_lcPushy": 0.4497, "car_lcSigma": 0.7405, "car_lcSpeedGainRight": 3.9024, "car_lcSublane": 0.3155, "car_sigma": 0.5425, "car_tau_mean": 3.4222, "car_tau_std": 9.6257, "car_v_mean": 24.6309, "car_v_std": 0.5702}, "datetime": {"datetime": "2024-09-05 15:20:08", "elapsed": 16263.922872, "delta": 25.136334}}
{"target": -0.1936248629766715, "params": {"bus_acc": 2.7454, "bus_dcc": 0.4199, "bus_lcAssertive": 41.6922, "bus_lcCooperative": 0.5773, "bus_lcLookaheadLeft": 91.6355, "bus_lcPushy": 0.6501, "bus_lcSigma": 0.6906, "bus_lcSpeedGainRight": 1.0524, "bus_lcSublane": 0.4891, "bus_sigma": 0.5678, "bus_tau_mean": 3.3035, "bus_tau_std": 3.474, "bus_v_mean": 16.2529, "bus_v_std": 3.8318, "car_acc": 2.1741, "car_dcc": 2.0794, "car_lcAssertive": 12.4544, "car_lcCooperative": 0.1889, "car_lcLookaheadLeft": 8.5526, "car_lcPushy": 0.46, "car_lcSigma": 0.809, "car_lcSpeedGainRight": 3.411, "car_lcSublane": 0.0646, "car_sigma": 0.182, "car_tau_mean": 2.2437, "car_tau_std": 7.4623, "car_v_mean": 21.0084, "car_v_std": 12.6013}, "datetime": {"datetime": "2024-09-05 15:20:25", "elapsed": 16280.519281, "delta": 16.596409}}
{"target": -0.6328120566589829, "params": {"bus_acc": 3.8209, "bus_dcc": 3.5831, "bus_lcAssertive": 13.7797, "bus_lcCooperative": 0.2936, "bus_lcLookaheadLeft": 72.2908, "bus_lcPushy": 0.9824, "bus_lcSigma": 0.6624, "bus_lcSpeedGainRight": 1.1, "bus_lcSublane": 0.41, "bus_sigma": 0.5651, "bus_tau_mean": 3.526, "bus_tau_std": 6.6631, "bus_v_mean": 13.2188, "bus_v_std": 10.6361, "car_acc": 1.6113, "car_dcc": 0.3282, "car_lcAssertive": 64.8929, "car_lcCooperative": 0.2378, "car_lcLookaheadLeft": 31.778, "car_lcPushy": 0.7582, "car_lcSigma": 0.6003, "car_lcSpeedGainRight": 4.8628, "car_lcSublane": 0.5244, "car_sigma": 0.6924, "car_tau_mean": 1.9931, "car_tau_std": 3.3229, "car_v_mean": 10.0393, "car_v_std": 18.1279}, "datetime": {"datetime": "2024-09-05 15:20:43", "elapsed": 16299.360363, "delta": 18.841082}}
{"target": -0.5228834657804148, "params": {"bus_acc": 0.5773, "bus_dcc": 2.5525, "bus_lcAssertive": 72.0113, "bus_lcCooperative": 0.2956, "bus_lcLookaheadLeft": 13.0363, "bus_lcPushy": 0.3215, "bus_lcSigma": 0.0391, "bus_lcSpeedGainRight": 1.9452, "bus_lcSublane": 0.4072, "bus_sigma": 0.6058, "bus_tau_mean": 0.6512, "bus_tau_std": 0.0067, "bus_v_mean": 21.3425, "bus_v_std": 11.5421, "car_acc": 1.5201, "car_dcc": 2.6844, "car_lcAssertive": 83.1819, "car_lcCooperative": 0.9699, "car_lcLookaheadLeft": 70.924, "car_lcPushy": 0.9408, "car_lcSigma": 0.6271, "car_lcSpeedGainRight": 2.1062, "car_lcSublane": 0.5708, "car_sigma": 0.5682, "car_tau_mean": 2.265, "car_tau_std": 0.662, "car_v_mean": 16.2162, "car_v_std": 2.8423}, "datetime": {"datetime": "2024-09-05 15:21:04", "elapsed": 16319.485055, "delta": 20.124692}}
{"target": -0.16018316278589045, "params": {"bus_acc": 2.926, "bus_dcc": 0.6865, "bus_lcAssertive": 54.9841, "bus_lcCooperative": 0.3918, "bus_lcLookaheadLeft": 41.1519, "bus_lcPushy": 0.742, "bus_lcSigma": 0.1078, "bus_lcSpeedGainRight": 2.23, "bus_lcSublane": 0.2938, "bus_sigma": 0.6582, "bus_tau_mean": 2.5616, "bus_tau_std": 0.3368, "bus_v_mean": 12.1776, "bus_v_std": 10.292, "car_acc": 1.2954, "car_dcc": 3.8487, "car_lcAssertive": 81.4139, "car_lcCooperative": 0.1351, "car_lcLookaheadLeft": 63.396, "car_lcPushy": 0.8432, "car_lcSigma": 0.666, "car_lcSpeedGainRight": 1.7668, "car_lcSublane": 0.4704, "car_sigma": 0.6584, "car_tau_mean": 2.5491, "car_tau_std": 1.4959, "car_v_mean": 17.3205, "car_v_std": 9.5474}, "datetime": {"datetime": "2024-09-05 15:21:23", "elapsed": 16339.156496, "delta": 19.671441}}
{"target": -0.19756249890710656, "params": {"bus_acc": 3.5454, "bus_dcc": 3.0579, "bus_lcAssertive": 44.7348, "bus_lcCooperative": 0.4574, "bus_lcLookaheadLeft": 83.666, "bus_lcPushy": 0.6314, "bus_lcSigma": 0.7414, "bus_lcSpeedGainRight": 3.3215, "bus_lcSublane": 0.6036, "bus_sigma": 0.7038, "bus_tau_mean": 0.6339, "bus_tau_std": 4.9705, "bus_v_mean": 22.4689, "bus_v_std": 11.7556, "car_acc": 2.0718, "car_dcc": 1.1468, "car_lcAssertive": 84.6323, "car_lcCooperative": 0.3402, "car_lcLookaheadLeft": 90.1491, "car_lcPushy": 0.9106, "car_lcSigma": 0.1365, "car_lcSpeedGainRight": 0.4904, "car_lcSublane": 0.5899, "car_sigma": 0.0089, "car_tau_mean": 1.5687, "car_tau_std": 8.2296, "car_v_mean": 15.8375, "car_v_std": 10.0251}, "datetime": {"datetime": "2024-09-05 15:21:43", "elapsed": 16359.40551, "delta": 20.249014}}
{"target": -0.22421219521739677, "params": {"bus_acc": 3.8423, "bus_dcc": 3.7837, "bus_lcAssertive": 62.5881, "bus_lcCooperative": 0.774, "bus_lcLookaheadLeft": 99.2801, "bus_lcPushy": 0.6865, "bus_lcSigma": 0.2393, "bus_lcSpeedGainRight": 4.7407, "bus_lcSublane": 0.6905, "bus_sigma": 0.2654, "bus_tau_mean": 3.6862, "bus_tau_std": 6.3219, "bus_v_mean": 10.2908, "bus_v_std": 16.9959, "car_acc": 1.4682, "car_dcc": 0.9677, "car_lcAssertive": 16.7077, "car_lcCooperative": 0.3818, "car_lcLookaheadLeft": 74.9117, "car_lcPushy": 0.5613, "car_lcSigma": 0.1887, "car_lcSpeedGainRight": 2.3697, "car_lcSublane": 0.0446, "car_sigma": 0.4514, "car_tau_mean": 0.8191, "car_tau_std": 0.0147, "car_v_mean": 9.5081, "car_v_std": 18.2898}, "datetime": {"datetime": "2024-09-05 15:22:01", "elapsed": 16377.157112, "delta": 17.751602}}
{"target": -0.16540281547359859, "params": {"bus_acc": 1.3601, "bus_dcc": 3.4889, "bus_lcAssertive": 51.4593, "bus_lcCooperative": 0.0754, "bus_lcLookaheadLeft": 20.4275, "bus_lcPushy": 0.5167, "bus_lcSigma": 0.3973, "bus_lcSpeedGainRight": 0.6007, "bus_lcSublane": 0.2904, "bus_sigma": 0.6403, "bus_tau_mean": 3.2683, "bus_tau_std": 2.2817, "bus_v_mean": 9.8112, "bus_v_std": 0.8149, "car_acc": 2.3306, "car_dcc": 1.788, "car_lcAssertive": 45.9992, "car_lcCooperative": 0.6371, "car_lcLookaheadLeft": 63.4111, "car_lcPushy": 0.5104, "car_lcSigma": 0.3575, "car_lcSpeedGainRight": 3.4753, "car_lcSublane": 0.8885, "car_sigma": 0.7978, "car_tau_mean": 1.2006, "car_tau_std": 5.8773, "car_v_mean": 10.1609, "car_v_std": 0.5938}, "datetime": {"datetime": "2024-09-05 15:22:21", "elapsed": 16396.728335, "delta": 19.571223}}
{"target": -0.24093747213393565, "params": {"bus_acc": 0.8194, "bus_dcc": 3.8064, "bus_lcAssertive": 74.5027, "bus_lcCooperative": 0.2134, "bus_lcLookaheadLeft": 70.4264, "bus_lcPushy": 0.1922, "bus_lcSigma": 0.4326, "bus_lcSpeedGainRight": 4.5571, "bus_lcSublane": 0.0079, "bus_sigma": 0.5914, "bus_tau_mean": 3.9852, "bus_tau_std": 6.5953, "bus_v_mean": 13.1892, "bus_v_std": 1.0412, "car_acc": 1.5576, "car_dcc": 3.5817, "car_lcAssertive": 33.5688, "car_lcCooperative": 0.966, "car_lcLookaheadLeft": 99.013, "car_lcPushy": 0.4011, "car_lcSigma": 0.9051, "car_lcSpeedGainRight": 1.4049, "car_lcSublane": 0.3349, "car_sigma": 0.6939, "car_tau_mean": 1.3214, "car_tau_std": 1.3489, "car_v_mean": 8.9123, "car_v_std": 5.9617}, "datetime": {"datetime": "2024-09-05 15:23:07", "elapsed": 16442.523983, "delta": 45.795648}}
{"target": -0.1966947427353958, "params": {"bus_acc": 3.3258, "bus_dcc": 0.7269, "bus_lcAssertive": 55.9844, "bus_lcCooperative": 0.7476, "bus_lcLookaheadLeft": 90.1746, "bus_lcPushy": 0.3558, "bus_lcSigma": 0.3395, "bus_lcSpeedGainRight": 3.793, "bus_lcSublane": 0.345, "bus_sigma": 0.3932, "bus_tau_mean": 0.5611, "bus_tau_std": 0.6991, "bus_v_mean": 25.0037, "bus_v_std": 0.5981, "car_acc": 1.7828, "car_dcc": 2.5928, "car_lcAssertive": 46.6573, "car_lcCooperative": 0.6864, "car_lcLookaheadLeft": 60.601, "car_lcPushy": 0.2447, "car_lcSigma": 0.0398, "car_lcSpeedGainRight": 4.0187, "car_lcSublane": 0.8316, "car_sigma": 0.6338, "car_tau_mean": 3.3966, "car_tau_std": 3.0446, "car_v_mean": 12.1498, "car_v_std": 0.6392}, "datetime": {"datetime": "2024-09-05 15:23:27", "elapsed": 16463.12122, "delta": 20.597237}}
{"target": -0.1898493760966732, "params": {"bus_acc": 3.0369, "bus_dcc": 3.6804, "bus_lcAssertive": 51.4147, "bus_lcCooperative": 0.7925, "bus_lcLookaheadLeft": 45.3847, "bus_lcPushy": 0.6239, "bus_lcSigma": 0.1557, "bus_lcSpeedGainRight": 1.3675, "bus_lcSublane": 0.238, "bus_sigma": 0.152, "bus_tau_mean": 1.1204, "bus_tau_std": 2.7387, "bus_v_mean": 24.5461, "bus_v_std": 13.8683, "car_acc": 3.3808, "car_dcc": 1.3548, "car_lcAssertive": 84.1605, "car_lcCooperative": 0.5831, "car_lcLookaheadLeft": 45.3855, "car_lcPushy": 0.8341, "car_lcSigma": 0.9359, "car_lcSpeedGainRight": 2.7029, "car_lcSublane": 0.6511, "car_sigma": 0.9938, "car_tau_mean": 3.7999, "car_tau_std": 5.7567, "car_v_mean": 20.5082, "car_v_std": 13.4871}, "datetime": {"datetime": "2024-09-05 15:24:06", "elapsed": 16502.061696, "delta": 38.940476}}
