{"target": -0.5054911462466484, "params": {"bus_acc": 3.0231007514808486, "bus_dcc": 1.4954969467028998, "bus_lcAssertive": 5.713481941948948, "bus_lcCooperative": 0.15635692867625162, "bus_lcLookaheadLeft": 20.998756246635587, "bus_lcPushy": 0.4951123625611782, "bus_lcSigma": 0.6351249610913382, "bus_lcSpeedGainRight": 4.401099886092915, "bus_lcSublane": 0.9025365564222451, "bus_sigma": 0.307160768485095, "bus_tau_mean": 3.1368302559395502, "bus_tau_std": 2.824280305589726, "bus_v_mean": 14.634383655774966, "bus_v_std": 5.854531241862604, "car_acc": 1.772024797556585, "car_dcc": 1.015919643539846, "car_lcAssertive": 32.57961464054871, "car_lcCooperative": 0.12191981389008766, "car_lcLookaheadLeft": 96.37578748036239, "car_lcPushy": 0.5039830093987828, "car_lcSigma": 0.9231006825886638, "car_lcSpeedGainRight": 3.7308007038671054, "car_lcSublane": 0.4577052876804192, "car_sigma": 0.7546222253081317, "car_tau_mean": 2.6980807751242404, "car_tau_std": 3.0375843415186865, "car_v_mean": 17.389867641438894, "car_v_std": 14.246243912948584}, "datetime": {"datetime": "2024-08-11 17:43:24", "elapsed": 74.990439, "delta": 0.824515}}
{"target": -0.36370863384456475, "params": {"bus_acc": 2.1578158454158802, "bus_dcc": 2.0195289245047925, "bus_lcAssertive": 75.19480460446479, "bus_lcCooperative": 0.5726882932924154, "bus_lcLookaheadLeft": 37.52160109540249, "bus_lcPushy": 0.48924478546014216, "bus_lcSigma": 0.18913837493884977, "bus_lcSpeedGainRight": 1.9679170714843097, "bus_lcSublane": 0.029961752524048535, "bus_sigma": 0.46252906034220287, "bus_tau_mean": 1.460659394812498, "bus_tau_std": 5.267158603586157, "bus_v_mean": 8.526898185256025, "bus_v_std": 11.10173533044349, "car_acc": 1.3133919577877573, "car_dcc": 2.39446458785148, "car_lcAssertive": 73.5442154728753, "car_lcCooperative": 0.44033782679643774, "car_lcLookaheadLeft": 66.98936864243262, "car_lcPushy": 0.23890995487021205, "car_lcSigma": 0.9985990885864799, "car_lcSpeedGainRight": 1.2143926080988376, "car_lcSublane": 0.9408284143815248, "car_sigma": 0.21721975039101793, "car_tau_mean": 2.241475346117736, "car_tau_std": 8.211769648927358, "car_v_mean": 20.898584842305215, "car_v_std": 14.11160824241338}, "datetime": {"datetime": "2024-08-11 17:43:25", "elapsed": 75.815279, "delta": 0.82484}}
{"target": -0.3895950395791075, "params": {"bus_acc": 0.5293553960810584, "bus_dcc": 2.4594947748241784, "bus_lcAssertive": 93.16799666925122, "bus_lcCooperative": 0.1337783077430914, "bus_lcLookaheadLeft": 52.27520477868174, "bus_lcPushy": 0.6839992141169576, "bus_lcSigma": 0.17182975960682711, "bus_lcSpeedGainRight": 0.05629946746094738, "bus_lcSublane": 0.8876831304797248, "bus_sigma": 0.035231270653359514, "bus_tau_mean": 1.401103993326861, "bus_tau_std": 6.516840317406684, "bus_v_mean": 13.144092800403719, "bus_v_std": 0.19415193149633136, "car_acc": 2.386716970966933, "car_dcc": 1.3696106576719, "car_lcAssertive": 15.99989212336019, "car_lcCooperative": 0.9712833117325801, "car_lcLookaheadLeft": 18.167282254097344, "car_lcPushy": 0.7272354411432771, "car_lcSigma": 0.890724191493513, "car_lcSpeedGainRight": 4.2935755786347265, "car_lcSublane": 0.1842570671584468, "car_sigma": 0.23680853369423926, "car_tau_mean": 0.5642692277590035, "car_tau_std": 9.314054672648544, "car_v_mean": 23.968181179831515, "car_v_std": 11.909323379390857}, "datetime": {"datetime": "2024-08-11 17:43:28", "elapsed": 78.655431, "delta": 2.840152}}
{"target": -0.3675391965655918, "params": {"bus_acc": 1.0327844618775806, "bus_dcc": 1.8294426330735372, "bus_lcAssertive": 85.08773897233483, "bus_lcCooperative": 0.45037964247172024, "bus_lcLookaheadLeft": 93.67117117269206, "bus_lcPushy": 0.352679327251738, "bus_lcSigma": 0.6193921656967597, "bus_lcSpeedGainRight": 4.903495181778901, "bus_lcSublane": 0.6434625222408049, "bus_sigma": 0.04549821604060378, "bus_tau_mean": 2.1224498183309914, "bus_tau_std": 3.3475134371366377, "bus_v_mean": 17.579267873390144, "bus_v_std": 5.694924172262628, "car_acc": 0.6645926748740105, "car_dcc": 2.739498157253047, "car_lcAssertive": 68.45461573423933, "car_lcCooperative": 0.8671392999990885, "car_lcLookaheadLeft": 14.973386369148269, "car_lcPushy": 0.798620308278031, "car_lcSigma": 0.826768738405129, "car_lcSpeedGainRight": 3.2327496787557597, "car_lcSublane": 0.20492214578063384, "car_sigma": 0.2614207144058379, "car_tau_mean": 1.9647388613871148, "car_tau_std": 5.417990727827313, "car_v_mean": 16.593883200659906, "car_v_std": 9.349197840907388}, "datetime": {"datetime": "2024-08-11 17:43:28", "elapsed": 79.502956, "delta": 0.847525}}
{"target": -0.4487411023787451, "params": {"bus_acc": 1.7905964979035747, "bus_dcc": 2.7971666206319443, "bus_lcAssertive": 40.40107330138432, "bus_lcCooperative": 0.5057420174508104, "bus_lcLookaheadLeft": 20.576066877724877, "bus_lcPushy": 0.9649889241109139, "bus_lcSigma": 0.2942156882442547, "bus_lcSpeedGainRight": 0.5172977805820067, "bus_lcSublane": 0.1443154002290481, "bus_sigma": 0.014092294192442956, "bus_tau_mean": 3.005809948118381, "bus_tau_std": 5.644983202408741, "bus_v_mean": 22.30241032132554, "bus_v_std": 10.141598465682728, "car_acc": 3.2089199501157846, "car_dcc": 2.84390401423299, "car_lcAssertive": 78.00699920905836, "car_lcCooperative": 0.4064828689770863, "car_lcLookaheadLeft": 65.48152205237315, "car_lcPushy": 0.1797942976929744, "car_lcSigma": 0.321819963387904, "car_lcSpeedGainRight": 0.8630231005989625, "car_lcSublane": 0.4086372250132624, "car_sigma": 0.2414187479655988, "car_tau_mean": 1.9242269794527527, "car_tau_std": 9.75222342437312, "car_v_mean": 13.765747864796563, "car_v_std": 19.649818899497905}, "datetime": {"datetime": "2024-08-11 17:43:29", "elapsed": 80.263159, "delta": 0.760203}}
{"target": -0.3152722495782466, "params": {"bus_acc": 2.168523734058753, "bus_dcc": 1.6164454479704453, "bus_lcAssertive": 71.32510325364133, "bus_lcCooperative": 0.455643424642054, "bus_lcLookaheadLeft": 61.31086372207486, "bus_lcPushy": 0.9904061968899467, "bus_lcSigma": 0.7739162499564685, "bus_lcSpeedGainRight": 1.6713820249691314, "bus_lcSublane": 0.08899822082237796, "bus_sigma": 0.18490559027840836, "bus_tau_mean": 2.3439815656214202, "bus_tau_std": 4.17102418106858, "bus_v_mean": 22.411873846326316, "bus_v_std": 18.664046763733634, "car_acc": 0.8758860422151244, "car_dcc": 3.4682537293296214, "car_lcAssertive": 95.78209770634021, "car_lcCooperative": 0.9594706068497821, "car_lcLookaheadLeft": 5.710533596602189, "car_lcPushy": 0.05758350560817371, "car_lcSigma": 0.005797392917688993, "car_lcSpeedGainRight": 1.5634057807773822, "car_lcSublane": 0.05569841271210463, "car_sigma": 0.29386248547054417, "car_tau_mean": 1.746057701109153, "car_tau_std": 9.536770184739218, "car_v_mean": 16.585116604762003, "car_v_std": 5.564768848426606}, "datetime": {"datetime": "2024-08-11 17:43:30", "elapsed": 80.986149, "delta": 0.72299}}
{"target": -0.3193737465114765, "params": {"bus_acc": 3.89659284934409, "bus_dcc": 3.1164045016794497, "bus_lcAssertive": 82.59954612282529, "bus_lcCooperative": 0.6326158167779973, "bus_lcLookaheadLeft": 67.53581148025974, "bus_lcPushy": 0.47688233352119336, "bus_lcSigma": 0.013136356923072245, "bus_lcSpeedGainRight": 1.765030427709124, "bus_lcSublane": 0.49207180149355845, "bus_sigma": 0.7300912110901043, "bus_tau_mean": 2.1401991996113825, "bus_tau_std": 4.574049160894317, "bus_v_mean": 10.477929337020857, "bus_v_std": 0.2177746760695798, "car_acc": 3.0814573898125857, "car_dcc": 1.4158207846951778, "car_lcAssertive": 98.45396156915756, "car_lcCooperative": 0.220234226159156, "car_lcLookaheadLeft": 35.19338649720461, "car_lcPushy": 0.5238961356661317, "car_lcSigma": 0.7548914570605327, "car_lcSpeedGainRight": 2.3192889195014783, "car_lcSublane": 0.12482254311167629, "car_sigma": 0.3125013784920495, "car_tau_mean": 2.265817093953481, "car_tau_std": 6.738490080168677, "car_v_mean": 21.86269921361766, "car_v_std": 2.6067156190870855}, "datetime": {"datetime": "2024-08-11 17:43:31", "elapsed": 81.750508, "delta": 0.764359}}
{"target": -0.6245388893335643, "params": {"bus_acc": 1.181116923228439, "bus_dcc": 0.3415129713209823, "bus_lcAssertive": 2.589168707539145, "bus_lcCooperative": 0.15270593118117648, "bus_lcLookaheadLeft": 47.284250913778735, "bus_lcPushy": 0.7559010975378051, "bus_lcSigma": 0.7288149319451539, "bus_lcSpeedGainRight": 1.7619472124151836, "bus_lcSublane": 0.4791392787629136, "bus_sigma": 0.8140737533756652, "bus_tau_mean": 3.4344101723264266, "bus_tau_std": 3.199167004179855, "bus_v_mean": 8.076770331327928, "bus_v_std": 0.9386168645246529, "car_acc": 3.0036680348951394, "car_dcc": 1.2360026680755305, "car_lcAssertive": 48.667095406478566, "car_lcCooperative": 0.1920312660311443, "car_lcLookaheadLeft": 85.01706577605505, "car_lcPushy": 0.5033776096365531, "car_lcSigma": 0.5271601757222614, "car_lcSpeedGainRight": 1.4403979404287743, "car_lcSublane": 0.5119992306639229, "car_sigma": 0.0019636453825200295, "car_tau_mean": 1.4705326412012352, "car_tau_std": 3.487629835384359, "car_v_mean": 13.111115953202647, "car_v_std": 1.7190445515483566}, "datetime": {"datetime": "2024-08-11 17:43:31", "elapsed": 82.577816, "delta": 0.827308}}
{"target": -0.3494510593341184, "params": {"bus_acc": 2.451545101310028, "bus_dcc": 1.3866253832672844, "bus_lcAssertive": 91.71424979336672, "bus_lcCooperative": 0.9096355249515571, "bus_lcLookaheadLeft": 27.19759279065523, "bus_lcPushy": 0.1108913007440292, "bus_lcSigma": 0.19296273201911285, "bus_lcSpeedGainRight": 2.4979208533944304, "bus_lcSublane": 0.7285856679745962, "bus_sigma": 0.20819443840879148, "bus_tau_mean": 1.3681174543203076, "bus_tau_std": 8.516718749363669, "bus_v_mean": 15.485276928815491, "bus_v_std": 12.333701343104725, "car_acc": 1.0879313291091501, "car_dcc": 0.5874755858180303, "car_lcAssertive": 52.069844679884454, "car_lcCooperative": 0.47714098704978236, "car_lcLookaheadLeft": 16.96182112113, "car_lcPushy": 0.6218062317404155, "car_lcSigma": 0.5440101188139381, "car_lcSpeedGainRight": 3.2706867348537214, "car_lcSublane": 0.1445455401246598, "car_sigma": 0.7515278171352439, "car_tau_mean": 1.2771719892997293, "car_tau_std": 5.19351824366033, "car_v_mean": 22.13532850798914, "car_v_std": 0.4466085598361236}, "datetime": {"datetime": "2024-08-11 17:43:33", "elapsed": 83.859266, "delta": 1.28145}}
{"target": -0.29717867636855694, "params": {"bus_acc": 2.549714303445965, "bus_dcc": 2.2188936798280205, "bus_lcAssertive": 25.58078217071276, "bus_lcCooperative": 0.2950785752494959, "bus_lcLookaheadLeft": 87.52324416210728, "bus_lcPushy": 0.42166593484970927, "bus_lcSigma": 0.0644302555796068, "bus_lcSpeedGainRight": 4.484925347537913, "bus_lcSublane": 0.20338083282405106, "bus_sigma": 0.8262275354923914, "bus_tau_mean": 3.5861971807898256, "bus_tau_std": 4.867507448183382, "bus_v_mean": 18.772364475883457, "bus_v_std": 10.545349129708338, "car_acc": 2.5743209179048963, "car_dcc": 3.4491585411199357, "car_lcAssertive": 28.9318053920812, "car_lcCooperative": 0.8837555081806009, "car_lcLookaheadLeft": 57.63365235167663, "car_lcPushy": 0.11510304096690338, "car_lcSigma": 0.22700116521465796, "car_lcSpeedGainRight": 2.9799119280650688, "car_lcSublane": 0.23944623690468037, "car_sigma": 0.13141566053746057, "car_tau_mean": 1.066466999433423, "car_tau_std": 8.448725182357391, "car_v_mean": 18.839305770068794, "car_v_std": 19.27134174376684}, "datetime": {"datetime": "2024-08-11 17:43:34", "elapsed": 84.925398, "delta": 1.066132}}
{"target": -0.44414644449665586, "params": {"bus_acc": 2.111419741193628, "bus_dcc": 2.644760113666715, "bus_lcAssertive": 12.013321584176065, "bus_lcCooperative": 0.7580616581331086, "bus_lcLookaheadLeft": 85.49068558615497, "bus_lcPushy": 0.8442498595694283, "bus_lcSigma": 0.8905068324120895, "bus_lcSpeedGainRight": 1.9092119837788057, "bus_lcSublane": 0.44380519836651855, "bus_sigma": 0.10158147594616618, "bus_tau_mean": 1.290324228509323, "bus_tau_std": 9.713204692732111, "bus_v_mean": 13.123231441437238, "bus_v_std": 18.147922844819945, "car_acc": 3.584098688237582, "car_dcc": 3.705517089589495, "car_lcAssertive": 16.45880687963868, "car_lcCooperative": 0.8797221435013809, "car_lcLookaheadLeft": 63.93550514538744, "car_lcPushy": 0.21062817841880244, "car_lcSigma": 0.3451159147800812, "car_lcSpeedGainRight": 0.7995939429464161, "car_lcSublane": 0.4443481574461272, "car_sigma": 0.08377495384546052, "car_tau_mean": 1.0786147166808395, "car_tau_std": 1.9719634646666928, "car_v_mean": 20.438492148020675, "car_v_std": 11.476057383307058}, "datetime": {"datetime": "2024-08-11 17:43:35", "elapsed": 85.743189, "delta": 0.817791}}
{"target": -0.4573828857648186, "params": {"bus_acc": 2.7025585579217752, "bus_dcc": 0.8885424514246743, "bus_lcAssertive": 79.01690556605841, "bus_lcCooperative": 0.6028653375383973, "bus_lcLookaheadLeft": 98.07262274345813, "bus_lcPushy": 0.22238319353117575, "bus_lcSigma": 0.4662664741665735, "bus_lcSpeedGainRight": 4.478209012997233, "bus_lcSublane": 0.6014334096987881, "bus_sigma": 0.725958845848815, "bus_tau_mean": 1.947845574704761, "bus_tau_std": 6.843096218313198, "bus_v_mean": 25.02899053725614, "bus_v_std": 4.003721314786441, "car_acc": 3.2679880027338175, "car_dcc": 3.8842444459796064, "car_lcAssertive": 2.4423044445698414, "car_lcCooperative": 0.21520958659442757, "car_lcLookaheadLeft": 13.502938190686715, "car_lcPushy": 0.7674235177414532, "car_lcSigma": 0.08121658594273329, "car_lcSpeedGainRight": 4.992067792954538, "car_lcSublane": 0.38961201587930516, "car_sigma": 0.9052027659330404, "car_tau_mean": 1.1600216122481375, "car_tau_std": 4.408721998222909, "car_v_mean": 23.206612742111663, "car_v_std": 11.905395613465124}, "datetime": {"datetime": "2024-08-11 17:43:36", "elapsed": 87.283646, "delta": 1.540457}}
{"target": -0.4021140620104957, "params": {"bus_acc": 0.8453555943453619, "bus_dcc": 3.53694151303177, "bus_lcAssertive": 10.73633654947196, "bus_lcCooperative": 0.42110762500505217, "bus_lcLookaheadLeft": 95.87317395474919, "bus_lcPushy": 0.5331652849730171, "bus_lcSigma": 0.6918771139504734, "bus_lcSpeedGainRight": 1.5775781550303147, "bus_lcSublane": 0.6865009276815837, "bus_sigma": 0.8346256718973729, "bus_tau_mean": 0.5640089707046714, "bus_tau_std": 7.501443149449675, "bus_v_mean": 25.799499600316906, "bus_v_std": 14.963313087596788, "car_acc": 1.2656871698447396, "car_dcc": 3.1992614481156565, "car_lcAssertive": 11.21937465118656, "car_lcCooperative": 0.44789352617590517, "car_lcLookaheadLeft": 91.04235930312336, "car_lcPushy": 0.2936141483736795, "car_lcSigma": 0.28777533858634874, "car_lcSpeedGainRight": 0.6501428605913884, "car_lcSublane": 0.019366957870297075, "car_sigma": 0.678835532939891, "car_tau_mean": 1.2406984060002066, "car_tau_std": 2.655466593722262, "car_v_mean": 16.848316867046087, "car_v_std": 1.0672509023416077}, "datetime": {"datetime": "2024-08-11 17:43:37", "elapsed": 88.159761, "delta": 0.876115}}
{"target": -0.5403903004254639, "params": {"bus_acc": 1.261417275342061, "bus_dcc": 3.6803391476557406, "bus_lcAssertive": 20.624996730805222, "bus_lcCooperative": 0.28571649537130284, "bus_lcLookaheadLeft": 6.670161087028536, "bus_lcPushy": 0.44757914405063814, "bus_lcSigma": 0.5575878151711118, "bus_lcSpeedGainRight": 2.867805412885476, "bus_lcSublane": 0.905377379959673, "bus_sigma": 0.34741393280060506, "bus_tau_mean": 2.0663493285693932, "bus_tau_std": 8.512376625014975, "bus_v_mean": 18.382927458176447, "bus_v_std": 13.079858697554673, "car_acc": 1.2577654554984008, "car_dcc": 2.0523909461782264, "car_lcAssertive": 62.47428637046675, "car_lcCooperative": 0.13339403014523998, "car_lcLookaheadLeft": 5.225054226068378, "car_lcPushy": 0.11341100113082614, "car_lcSigma": 0.47746107633965307, "car_lcSpeedGainRight": 0.12013367315404255, "car_lcSublane": 0.6262089291372217, "car_sigma": 0.09758261797608447, "car_tau_mean": 1.37836538200686, "car_tau_std": 4.264929458562184, "car_v_mean": 10.084881440712483, "car_v_std": 5.411039875949328}, "datetime": {"datetime": "2024-08-11 17:43:38", "elapsed": 89.327558, "delta": 1.167797}}
{"target": -0.21565850847957801, "params": {"bus_acc": 0.2801027567749428, "bus_dcc": 3.9431731037197837, "bus_lcAssertive": 61.545787204019646, "bus_lcCooperative": 0.3783538388352491, "bus_lcLookaheadLeft": 4.599778408824017, "bus_lcPushy": 0.3898387483749842, "bus_lcSigma": 0.4525586263864343, "bus_lcSpeedGainRight": 4.655015968822514, "bus_lcSublane": 0.27850417183805665, "bus_sigma": 0.6147818910832991, "bus_tau_mean": 2.828089241037677, "bus_tau_std": 1.8596096979633892, "bus_v_mean": 17.103740281755773, "bus_v_std": 15.730015257198698, "car_acc": 0.5670003308279714, "car_dcc": 2.5029341330420563, "car_lcAssertive": 3.5799333361509307, "car_lcCooperative": 0.00704672381007565, "car_lcLookaheadLeft": 7.833803499726993, "car_lcPushy": 0.4814004591490364, "car_lcSigma": 0.9257041086902309, "car_lcSpeedGainRight": 2.027786920695121, "car_lcSublane": 0.07503263933654081, "car_sigma": 0.8613524744830288, "car_tau_mean": 2.317541549146541, "car_tau_std": 3.1893586891742407, "car_v_mean": 25.334582098124162, "car_v_std": 18.765235370047566}, "datetime": {"datetime": "2024-08-11 17:43:39", "elapsed": 90.111341, "delta": 0.783783}}
{"target": -0.31220798050308757, "params": {"bus_acc": 0.5351168531717383, "bus_dcc": 2.798099276122224, "bus_lcAssertive": 12.919686808914616, "bus_lcCooperative": 0.010699003144174157, "bus_lcLookaheadLeft": 56.61228654734155, "bus_lcPushy": 0.9071090552203707, "bus_lcSigma": 0.8604566673368852, "bus_lcSpeedGainRight": 1.6922569205912503, "bus_lcSublane": 0.02715882932586222, "bus_sigma": 0.8008593551300331, "bus_tau_mean": 3.3209472630138306, "bus_tau_std": 8.684881163027722, "bus_v_mean": 20.053638797759596, "bus_v_std": 16.15557724630153, "car_acc": 3.6104934727507167, "car_dcc": 1.9245538118620467, "car_lcAssertive": 56.224705067776135, "car_lcCooperative": 0.5061311288282347, "car_lcLookaheadLeft": 69.81442264337343, "car_lcPushy": 0.6829068676298748, "car_lcSigma": 0.5203136358633165, "car_lcSpeedGainRight": 4.142340740427357, "car_lcSublane": 0.5057793867898664, "car_sigma": 0.8248585623852319, "car_tau_mean": 1.4864578085013502, "car_tau_std": 1.7849483297748825, "car_v_mean": 25.457670266204854, "car_v_std": 14.838790509121536}, "datetime": {"datetime": "2024-08-11 17:43:40", "elapsed": 91.198456, "delta": 1.087115}}
{"target": -0.4073267476988589, "params": {"bus_acc": 0.7426144746514016, "bus_dcc": 0.5575810430986299, "bus_lcAssertive": 87.14898287433239, "bus_lcCooperative": 0.23686870355699852, "bus_lcLookaheadLeft": 39.82839308021436, "bus_lcPushy": 0.5715420927253323, "bus_lcSigma": 0.52580196995147, "bus_lcSpeedGainRight": 0.38011939721053434, "bus_lcSublane": 0.8741259355980283, "bus_sigma": 0.9511356184186921, "bus_tau_mean": 3.3437755646113514, "bus_tau_std": 2.8380183494687428, "bus_v_mean": 17.50124233012327, "bus_v_std": 6.788334480352189, "car_acc": 2.307735780993134, "car_dcc": 3.9027331818694098, "car_lcAssertive": 31.858588854179157, "car_lcCooperative": 0.6687966059228697, "car_lcLookaheadLeft": 33.94478631628061, "car_lcPushy": 0.7744772660150796, "car_lcSigma": 0.3258099666132048, "car_lcSpeedGainRight": 4.449136707236875, "car_lcSublane": 0.7517077209192669, "car_sigma": 0.7626320954451107, "car_tau_mean": 2.14317659995974, "car_tau_std": 2.107645024687054, "car_v_mean": 8.746551432376979, "car_v_std": 6.43657599940489}, "datetime": {"datetime": "2024-08-11 17:43:41", "elapsed": 92.267216, "delta": 1.06876}}
{"target": -0.34520545530505137, "params": {"bus_acc": 1.631005196033943, "bus_dcc": 3.9003774457616256, "bus_lcAssertive": 60.86689399643125, "bus_lcCooperative": 0.828845807980693, "bus_lcLookaheadLeft": 58.321727461394026, "bus_lcPushy": 0.6280761983073504, "bus_lcSigma": 0.28557628169569393, "bus_lcSpeedGainRight": 2.9341667032804146, "bus_lcSublane": 0.7500217637026599, "bus_sigma": 0.8583138364290424, "bus_tau_mean": 3.1427876596368804, "bus_tau_std": 6.98057248447303, "bus_v_mean": 23.560629740982797, "bus_v_std": 6.453619936734929, "car_acc": 2.7489974049928314, "car_dcc": 1.9133209583707267, "car_lcAssertive": 38.8281724511202, "car_lcCooperative": 0.4108113499221856, "car_lcLookaheadLeft": 41.34499918001498, "car_lcPushy": 0.3173839459582769, "car_lcSigma": 0.6219193679203014, "car_lcSpeedGainRight": 2.151236354106322, "car_lcSublane": 0.9738020779272523, "car_sigma": 0.6778008914343111, "car_tau_mean": 1.194994609494888, "car_tau_std": 4.267010093480328, "car_v_mean": 14.180232315939614, "car_v_std": 15.952776079171331}, "datetime": {"datetime": "2024-08-11 17:43:42", "elapsed": 93.288873, "delta": 1.021657}}
{"target": -0.29106426899403764, "params": {"bus_acc": 0.25301597730726866, "bus_dcc": 1.090575927261398, "bus_lcAssertive": 62.0610573431641, "bus_lcCooperative": 0.9490163206876164, "bus_lcLookaheadLeft": 95.11725968621381, "bus_lcPushy": 0.5566531881951564, "bus_lcSigma": 0.9156063497662745, "bus_lcSpeedGainRight": 3.207831044731688, "bus_lcSublane": 0.39000771414124624, "bus_sigma": 0.48599066709690975, "bus_tau_mean": 2.6150866902199064, "bus_tau_std": 5.495479215085625, "bus_v_mean": 24.671265680716164, "bus_v_std": 18.374668712672122, "car_acc": 1.7005273291095084, "car_dcc": 3.8603976080747047, "car_lcAssertive": 18.22161100136597, "car_lcCooperative": 0.12632951943963733, "car_lcLookaheadLeft": 15.23775748857967, "car_lcPushy": 0.5056621656768967, "car_lcSigma": 0.021524805274197978, "car_lcSpeedGainRight": 4.739851056088405, "car_lcSublane": 0.8271154711707325, "car_sigma": 0.015018980742122379, "car_tau_mean": 1.1166868945126933, "car_tau_std": 3.3206357436683698, "car_v_mean": 10.357943206596504, "car_v_std": 16.189813842531642}, "datetime": {"datetime": "2024-08-11 17:43:43", "elapsed": 94.157433, "delta": 0.86856}}
