{"target": -0.3911034239327589, "params": {"bus_acc": 2.1137, "bus_dcc": 2.521, "bus_lcAssertive": 94.102, "bus_lcCooperative": 0.0455, "bus_lcLookaheadLeft": 20.7276, "bus_lcPushy": 0.7021, "bus_lcSigma": 0.587, "bus_lcSpeedGainRight": 0.6013, "bus_lcSublane": 0.3437, "bus_sigma": 0.6738, "bus_tau_mean": 2.8491, "bus_tau_std": 3.5389, "bus_v_mean": 14.7028, "bus_v_std": 8.9789, "car_acc": 2.2275, "car_dcc": 3.8757, "car_lcAssertive": 37.273, "car_lcCooperative": 0.3786, "car_lcLookaheadLeft": 73.8915, "car_lcPushy": 0.2926, "car_lcSigma": 0.226, "car_lcSpeedGainRight": 4.2328, "car_lcSublane": 0.3271, "car_sigma": 0.7277, "car_tau_mean": 0.6849, "car_tau_std": 8.4331, "car_v_mean": 15.3092, "car_v_std": 8.5685}, "datetime": {"datetime": "2024-08-11 18:14:36", "elapsed": 1947.120455, "delta": 4.402929}}
{"target": -0.418361513341776, "params": {"bus_acc": 1.6346, "bus_dcc": 1.1753, "bus_lcAssertive": 65.6102, "bus_lcCooperative": 0.5872, "bus_lcLookaheadLeft": 46.6956, "bus_lcPushy": 0.2122, "bus_lcSigma": 0.7515, "bus_lcSpeedGainRight": 3.8212, "bus_lcSublane": 0.7525, "bus_sigma": 0.9279, "bus_tau_mean": 2.33, "bus_tau_std": 7.0654, "bus_v_mean": 20.4777, "bus_v_std": 16.7431, "car_acc": 3.7434, "car_dcc": 2.6027, "car_lcAssertive": 12.1902, "car_lcCooperative": 0.259, "car_lcLookaheadLeft": 30.1282, "car_lcPushy": 0.6077, "car_lcSigma": 0.0757, "car_lcSpeedGainRight": 0.6568, "car_lcSublane": 0.7564, "car_sigma": 0.5495, "car_tau_mean": 2.2045, "car_tau_std": 6.7, "car_v_mean": 17.2989, "car_v_std": 3.7993}, "datetime": {"datetime": "2024-08-11 18:14:39", "elapsed": 1950.43947, "delta": 3.319015}}
{"target": -0.2479199398395745, "params": {"bus_acc": 0.4998, "bus_dcc": 3.6686, "bus_lcAssertive": 65.4142, "bus_lcCooperative": 0.0125, "bus_lcLookaheadLeft": 95.7436, "bus_lcPushy": 0.9712, "bus_lcSigma": 0.9192, "bus_lcSpeedGainRight": 4.3654, "bus_lcSublane": 0.6498, "bus_sigma": 0.3878, "bus_tau_mean": 0.7827, "bus_tau_std": 3.6395, "bus_v_mean": 10.8206, "bus_v_std": 12.1493, "car_acc": 0.6289, "car_dcc": 2.1554, "car_lcAssertive": 85.8112, "car_lcCooperative": 0.9854, "car_lcLookaheadLeft": 69.0733, "car_lcPushy": 0.3354, "car_lcSigma": 0.3974, "car_lcSpeedGainRight": 1.8438, "car_lcSublane": 0.8815, "car_sigma": 0.7122, "car_tau_mean": 2.4902, "car_tau_std": 1.4389, "car_v_mean": 14.2928, "car_v_std": 0.936}, "datetime": {"datetime": "2024-08-11 18:14:42", "elapsed": 1953.380421, "delta": 2.940951}}
{"target": -0.3409159430883155, "params": {"bus_acc": 0.3617, "bus_dcc": 1.6043, "bus_lcAssertive": 46.8219, "bus_lcCooperative": 0.6645, "bus_lcLookaheadLeft": 21.6568, "bus_lcPushy": 0.5767, "bus_lcSigma": 0.7521, "bus_lcSpeedGainRight": 4.3667, "bus_lcSublane": 0.4383, "bus_sigma": 0.4493, "bus_tau_mean": 0.9362, "bus_tau_std": 2.2133, "bus_v_mean": 25.5073, "bus_v_std": 5.7471, "car_acc": 2.8179, "car_dcc": 1.7658, "car_lcAssertive": 47.5069, "car_lcCooperative": 0.4579, "car_lcLookaheadLeft": 21.7417, "car_lcPushy": 0.8737, "car_lcSigma": 0.4781, "car_lcSpeedGainRight": 0.7105, "car_lcSublane": 0.771, "car_sigma": 0.7557, "car_tau_mean": 3.5962, "car_tau_std": 0.0465, "car_v_mean": 24.8864, "car_v_std": 5.2973}, "datetime": {"datetime": "2024-08-11 18:14:46", "elapsed": 1956.947147, "delta": 3.566726}}
{"target": -0.39908111794016304, "params": {"bus_acc": 2.2313, "bus_dcc": 2.4453, "bus_lcAssertive": 82.1472, "bus_lcCooperative": 0.0595, "bus_lcLookaheadLeft": 80.6778, "bus_lcPushy": 0.2611, "bus_lcSigma": 0.1203, "bus_lcSpeedGainRight": 0.2375, "bus_lcSublane": 0.5381, "bus_sigma": 0.7171, "bus_tau_mean": 3.4909, "bus_tau_std": 8.3286, "bus_v_mean": 12.3295, "bus_v_std": 10.6328, "car_acc": 3.0813, "car_dcc": 2.4636, "car_lcAssertive": 46.6138, "car_lcCooperative": 0.0035, "car_lcLookaheadLeft": 3.7163, "car_lcPushy": 0.5042, "car_lcSigma": 0.7806, "car_lcSpeedGainRight": 3.8893, "car_lcSublane": 0.5022, "car_sigma": 0.5929, "car_tau_mean": 3.5055, "car_tau_std": 4.9643, "car_v_mean": 15.4647, "car_v_std": 2.4716}, "datetime": {"datetime": "2024-08-11 18:14:48", "elapsed": 1959.601681, "delta": 2.654534}}
{"target": -0.41442829848499896, "params": {"bus_acc": 0.6097, "bus_dcc": 3.3308, "bus_lcAssertive": 22.6597, "bus_lcCooperative": 0.3395, "bus_lcLookaheadLeft": 54.0043, "bus_lcPushy": 0.057, "bus_lcSigma": 0.311, "bus_lcSpeedGainRight": 0.2338, "bus_lcSublane": 0.846, "bus_sigma": 0.9793, "bus_tau_mean": 2.6266, "bus_tau_std": 8.3942, "bus_v_mean": 25.7847, "bus_v_std": 8.0205, "car_acc": 1.538, "car_dcc": 0.5835, "car_lcAssertive": 61.9891, "car_lcCooperative": 0.2609, "car_lcLookaheadLeft": 66.2292, "car_lcPushy": 0.9495, "car_lcSigma": 0.2319, "car_lcSpeedGainRight": 2.8347, "car_lcSublane": 0.8479, "car_sigma": 0.0113, "car_tau_mean": 2.6257, "car_tau_std": 4.0949, "car_v_mean": 9.0634, "car_v_std": 16.3412}, "datetime": {"datetime": "2024-08-11 18:14:53", "elapsed": 1964.17536, "delta": 4.573679}}
{"target": -0.5514751699643531, "params": {"bus_acc": 0.3197, "bus_dcc": 0.2531, "bus_lcAssertive": 67.0671, "bus_lcCooperative": 0.8806, "bus_lcLookaheadLeft": 9.9062, "bus_lcPushy": 0.1161, "bus_lcSigma": 0.1119, "bus_lcSpeedGainRight": 4.3865, "bus_lcSublane": 0.2233, "bus_sigma": 0.307, "bus_tau_mean": 2.4098, "bus_tau_std": 1.28, "bus_v_mean": 14.3135, "bus_v_std": 7.8868, "car_acc": 2.0598, "car_dcc": 0.4074, "car_lcAssertive": 6.4244, "car_lcCooperative": 0.531, "car_lcLookaheadLeft": 43.2406, "car_lcPushy": 0.8821, "car_lcSigma": 0.4918, "car_lcSpeedGainRight": 4.4074, "car_lcSublane": 0.9142, "car_sigma": 0.8413, "car_tau_mean": 0.5198, "car_tau_std": 4.2268, "car_v_mean": 22.3365, "car_v_std": 10.9911}, "datetime": {"datetime": "2024-08-11 18:14:56", "elapsed": 1966.962997, "delta": 2.787637}}
{"target": -0.44870928120855735, "params": {"bus_acc": 2.8902, "bus_dcc": 3.8535, "bus_lcAssertive": 14.6587, "bus_lcCooperative": 0.4994, "bus_lcLookaheadLeft": 84.8186, "bus_lcPushy": 0.0699, "bus_lcSigma": 0.4517, "bus_lcSpeedGainRight": 0.606, "bus_lcSublane": 0.6902, "bus_sigma": 0.3899, "bus_tau_mean": 0.6513, "bus_tau_std": 8.2227, "bus_v_mean": 19.2073, "bus_v_std": 0.0225, "car_acc": 2.1047, "car_dcc": 2.8159, "car_lcAssertive": 28.1648, "car_lcCooperative": 0.8088, "car_lcLookaheadLeft": 94.4757, "car_lcPushy": 0.4237, "car_lcSigma": 0.7908, "car_lcSpeedGainRight": 0.7694, "car_lcSublane": 0.6304, "car_sigma": 0.3742, "car_tau_mean": 1.4418, "car_tau_std": 7.142, "car_v_mean": 23.7702, "car_v_std": 16.7863}, "datetime": {"datetime": "2024-08-11 18:15:00", "elapsed": 1970.847089, "delta": 3.884092}}
{"target": -0.3220661283294672, "params": {"bus_acc": 1.0522, "bus_dcc": 2.3773, "bus_lcAssertive": 16.7113, "bus_lcCooperative": 0.6067, "bus_lcLookaheadLeft": 86.5723, "bus_lcPushy": 0.7958, "bus_lcSigma": 0.2008, "bus_lcSpeedGainRight": 0.6925, "bus_lcSublane": 0.087, "bus_sigma": 0.4001, "bus_tau_mean": 3.8733, "bus_tau_std": 2.4949, "bus_v_mean": 15.9196, "bus_v_std": 4.4997, "car_acc": 0.872, "car_dcc": 3.7866, "car_lcAssertive": 78.893, "car_lcCooperative": 0.5965, "car_lcLookaheadLeft": 87.0626, "car_lcPushy": 0.3626, "car_lcSigma": 0.7869, "car_lcSpeedGainRight": 3.1687, "car_lcSublane": 0.2976, "car_sigma": 0.2164, "car_tau_mean": 2.4535, "car_tau_std": 9.6618, "car_v_mean": 15.5187, "car_v_std": 3.6304}, "datetime": {"datetime": "2024-08-11 18:15:03", "elapsed": 1973.725919, "delta": 2.87883}}
{"target": -0.4545889680922299, "params": {"bus_acc": 1.7708, "bus_dcc": 3.3387, "bus_lcAssertive": 95.5001, "bus_lcCooperative": 0.3024, "bus_lcLookaheadLeft": 13.9019, "bus_lcPushy": 0.8547, "bus_lcSigma": 0.8671, "bus_lcSpeedGainRight": 4.1292, "bus_lcSublane": 0.7895, "bus_sigma": 0.2198, "bus_tau_mean": 1.0553, "bus_tau_std": 8.2861, "bus_v_mean": 19.5943, "bus_v_std": 3.478, "car_acc": 1.3923, "car_dcc": 1.8441, "car_lcAssertive": 24.8989, "car_lcCooperative": 0.7581, "car_lcLookaheadLeft": 21.4533, "car_lcPushy": 0.353, "car_lcSigma": 0.7544, "car_lcSpeedGainRight": 0.2473, "car_lcSublane": 0.7671, "car_sigma": 0.3788, "car_tau_mean": 2.0453, "car_tau_std": 8.2191, "car_v_mean": 15.8528, "car_v_std": 8.5896}, "datetime": {"datetime": "2024-08-11 18:15:06", "elapsed": 1976.65433, "delta": 2.928411}}
{"target": -0.46136818541620483, "params": {"bus_acc": 1.4857, "bus_dcc": 2.3926, "bus_lcAssertive": 63.5438, "bus_lcCooperative": 0.6352, "bus_lcLookaheadLeft": 51.9207, "bus_lcPushy": 0.7563, "bus_lcSigma": 0.2407, "bus_lcSpeedGainRight": 0.7513, "bus_lcSublane": 0.3123, "bus_sigma": 0.7288, "bus_tau_mean": 2.7899, "bus_tau_std": 8.3249, "bus_v_mean": 24.3677, "bus_v_std": 13.8187, "car_acc": 3.0976, "car_dcc": 2.8182, "car_lcAssertive": 15.8236, "car_lcCooperative": 0.4414, "car_lcLookaheadLeft": 6.4699, "car_lcPushy": 0.6268, "car_lcSigma": 0.286, "car_lcSpeedGainRight": 3.7274, "car_lcSublane": 0.685, "car_sigma": 0.2774, "car_tau_mean": 0.9582, "car_tau_std": 9.684, "car_v_mean": 14.6733, "car_v_std": 5.8204}, "datetime": {"datetime": "2024-08-11 18:15:09", "elapsed": 1979.651489, "delta": 2.997159}}
{"target": -0.3503653345119682, "params": {"bus_acc": 0.305, "bus_dcc": 0.5509, "bus_lcAssertive": 38.2481, "bus_lcCooperative": 0.3969, "bus_lcLookaheadLeft": 59.4718, "bus_lcPushy": 0.8586, "bus_lcSigma": 0.7054, "bus_lcSpeedGainRight": 3.778, "bus_lcSublane": 0.49, "bus_sigma": 0.6713, "bus_tau_mean": 0.5318, "bus_tau_std": 6.5052, "bus_v_mean": 11.3693, "bus_v_std": 2.2045, "car_acc": 3.188, "car_dcc": 2.1103, "car_lcAssertive": 41.7871, "car_lcCooperative": 0.3408, "car_lcLookaheadLeft": 55.3993, "car_lcPushy": 0.6771, "car_lcSigma": 0.8844, "car_lcSpeedGainRight": 4.9296, "car_lcSublane": 0.8558, "car_sigma": 0.9274, "car_tau_mean": 3.0482, "car_tau_std": 5.1417, "car_v_mean": 18.6892, "car_v_std": 19.3756}, "datetime": {"datetime": "2024-08-11 18:15:12", "elapsed": 1983.186997, "delta": 3.535508}}
{"target": -0.4386173448683479, "params": {"bus_acc": 2.9624, "bus_dcc": 0.6895, "bus_lcAssertive": 42.0998, "bus_lcCooperative": 0.5792, "bus_lcLookaheadLeft": 99.6996, "bus_lcPushy": 0.4459, "bus_lcSigma": 0.2085, "bus_lcSpeedGainRight": 1.9179, "bus_lcSublane": 0.8129, "bus_sigma": 0.2417, "bus_tau_mean": 2.1629, "bus_tau_std": 0.1957, "bus_v_mean": 12.002, "bus_v_std": 15.3139, "car_acc": 2.2213, "car_dcc": 2.2876, "car_lcAssertive": 14.0627, "car_lcCooperative": 0.1167, "car_lcLookaheadLeft": 68.5662, "car_lcPushy": 0.3986, "car_lcSigma": 0.809, "car_lcSpeedGainRight": 1.5288, "car_lcSublane": 0.818, "car_sigma": 0.7478, "car_tau_mean": 3.7682, "car_tau_std": 4.4888, "car_v_mean": 16.8829, "car_v_std": 12.8244}, "datetime": {"datetime": "2024-08-11 18:15:15", "elapsed": 1985.904869, "delta": 2.717872}}
{"target": -0.4132312686776196, "params": {"bus_acc": 1.3274, "bus_dcc": 2.4006, "bus_lcAssertive": 90.6943, "bus_lcCooperative": 0.7297, "bus_lcLookaheadLeft": 58.0071, "bus_lcPushy": 0.6919, "bus_lcSigma": 0.6498, "bus_lcSpeedGainRight": 4.4153, "bus_lcSublane": 0.751, "bus_sigma": 0.271, "bus_tau_mean": 1.295, "bus_tau_std": 8.2073, "bus_v_mean": 10.924, "bus_v_std": 17.767, "car_acc": 0.9734, "car_dcc": 3.8543, "car_lcAssertive": 94.3994, "car_lcCooperative": 0.0603, "car_lcLookaheadLeft": 88.6135, "car_lcPushy": 0.9647, "car_lcSigma": 0.9077, "car_lcSpeedGainRight": 4.114, "car_lcSublane": 0.1609, "car_sigma": 0.9003, "car_tau_mean": 3.0521, "car_tau_std": 8.6841, "car_v_mean": 13.8974, "car_v_std": 5.1229}, "datetime": {"datetime": "2024-08-11 18:15:18", "elapsed": 1988.744396, "delta": 2.839527}}
{"target": -0.4659984524416714, "params": {"bus_acc": 2.2661, "bus_dcc": 2.2033, "bus_lcAssertive": 29.7943, "bus_lcCooperative": 0.2995, "bus_lcLookaheadLeft": 88.0887, "bus_lcPushy": 0.5572, "bus_lcSigma": 0.1885, "bus_lcSpeedGainRight": 0.7724, "bus_lcSublane": 0.086, "bus_sigma": 0.9972, "bus_tau_mean": 2.5989, "bus_tau_std": 1.4696, "bus_v_mean": 11.8465, "bus_v_std": 8.9073, "car_acc": 1.0913, "car_dcc": 1.6665, "car_lcAssertive": 47.3622, "car_lcCooperative": 0.4478, "car_lcLookaheadLeft": 76.7761, "car_lcPushy": 0.3297, "car_lcSigma": 0.0913, "car_lcSpeedGainRight": 0.8321, "car_lcSublane": 0.4193, "car_sigma": 0.3734, "car_tau_mean": 1.9523, "car_tau_std": 3.063, "car_v_mean": 19.73, "car_v_std": 12.0542}, "datetime": {"datetime": "2024-08-11 18:15:20", "elapsed": 1991.533246, "delta": 2.78885}}
{"target": -0.41898424890665825, "params": {"bus_acc": 2.0202, "bus_dcc": 3.9293, "bus_lcAssertive": 50.5225, "bus_lcCooperative": 0.0195, "bus_lcLookaheadLeft": 48.5648, "bus_lcPushy": 0.1917, "bus_lcSigma": 0.823, "bus_lcSpeedGainRight": 1.1304, "bus_lcSublane": 0.7876, "bus_sigma": 0.2883, "bus_tau_mean": 1.5907, "bus_tau_std": 1.7681, "bus_v_mean": 11.28, "bus_v_std": 14.8868, "car_acc": 3.5335, "car_dcc": 1.2029, "car_lcAssertive": 13.7125, "car_lcCooperative": 0.6393, "car_lcLookaheadLeft": 99.0531, "car_lcPushy": 0.96, "car_lcSigma": 0.7404, "car_lcSpeedGainRight": 1.6298, "car_lcSublane": 0.1752, "car_sigma": 0.757, "car_tau_mean": 1.5195, "car_tau_std": 0.0369, "car_v_mean": 25.484, "car_v_std": 0.8919}, "datetime": {"datetime": "2024-08-11 18:15:24", "elapsed": 1995.467361, "delta": 3.934115}}
{"target": -0.4807799588046911, "params": {"bus_acc": 1.7522, "bus_dcc": 2.8985, "bus_lcAssertive": 12.931, "bus_lcCooperative": 0.3262, "bus_lcLookaheadLeft": 28.5414, "bus_lcPushy": 0.9668, "bus_lcSigma": 0.0462, "bus_lcSpeedGainRight": 4.2091, "bus_lcSublane": 0.7721, "bus_sigma": 0.0317, "bus_tau_mean": 3.3955, "bus_tau_std": 8.0661, "bus_v_mean": 21.392, "bus_v_std": 3.3449, "car_acc": 1.1072, "car_dcc": 0.353, "car_lcAssertive": 50.1139, "car_lcCooperative": 0.3606, "car_lcLookaheadLeft": 51.5503, "car_lcPushy": 0.8249, "car_lcSigma": 0.2961, "car_lcSpeedGainRight": 3.1769, "car_lcSublane": 0.5529, "car_sigma": 0.576, "car_tau_mean": 2.6416, "car_tau_std": 7.5122, "car_v_mean": 14.9165, "car_v_std": 3.8981}, "datetime": {"datetime": "2024-08-11 18:15:27", "elapsed": 1998.339822, "delta": 2.872461}}
{"target": -0.38872808950901044, "params": {"bus_acc": 0.914, "bus_dcc": 2.6304, "bus_lcAssertive": 82.2089, "bus_lcCooperative": 0.6299, "bus_lcLookaheadLeft": 84.1772, "bus_lcPushy": 0.3075, "bus_lcSigma": 0.4584, "bus_lcSpeedGainRight": 2.3573, "bus_lcSublane": 0.5682, "bus_sigma": 0.035, "bus_tau_mean": 2.386, "bus_tau_std": 9.3173, "bus_v_mean": 12.1027, "bus_v_std": 4.0281, "car_acc": 2.7658, "car_dcc": 3.5591, "car_lcAssertive": 86.577, "car_lcCooperative": 0.5709, "car_lcLookaheadLeft": 36.1996, "car_lcPushy": 0.1207, "car_lcSigma": 0.4568, "car_lcSpeedGainRight": 2.5303, "car_lcSublane": 0.8504, "car_sigma": 0.4267, "car_tau_mean": 3.4943, "car_tau_std": 8.0363, "car_v_mean": 12.4523, "car_v_std": 16.4993}, "datetime": {"datetime": "2024-08-11 18:15:31", "elapsed": 2002.534868, "delta": 4.195046}}
{"target": -0.3541656479702733, "params": {"bus_acc": 1.9438, "bus_dcc": 2.8072, "bus_lcAssertive": 60.6388, "bus_lcCooperative": 0.1151, "bus_lcLookaheadLeft": 61.0731, "bus_lcPushy": 0.7973, "bus_lcSigma": 0.8088, "bus_lcSpeedGainRight": 1.1683, "bus_lcSublane": 0.0048, "bus_sigma": 0.1024, "bus_tau_mean": 1.4552, "bus_tau_std": 5.6381, "bus_v_mean": 13.9846, "bus_v_std": 9.1249, "car_acc": 1.6994, "car_dcc": 2.3044, "car_lcAssertive": 53.1512, "car_lcCooperative": 0.1304, "car_lcLookaheadLeft": 9.2932, "car_lcPushy": 0.0983, "car_lcSigma": 0.7147, "car_lcSpeedGainRight": 1.2803, "car_lcSublane": 0.1663, "car_sigma": 0.4659, "car_tau_mean": 3.2084, "car_tau_std": 3.5091, "car_v_mean": 15.6514, "car_v_std": 1.6865}, "datetime": {"datetime": "2024-08-11 18:15:37", "elapsed": 2008.042153, "delta": 5.507285}}
{"target": -0.36199702063567224, "params": {"bus_acc": 3.8304, "bus_dcc": 2.6905, "bus_lcAssertive": 37.6338, "bus_lcCooperative": 0.3691, "bus_lcLookaheadLeft": 78.9094, "bus_lcPushy": 0.2665, "bus_lcSigma": 0.6925, "bus_lcSpeedGainRight": 0.5123, "bus_lcSublane": 0.5638, "bus_sigma": 0.1186, "bus_tau_mean": 0.8115, "bus_tau_std": 4.0056, "bus_v_mean": 20.0005, "bus_v_std": 7.8454, "car_acc": 3.2291, "car_dcc": 3.8906, "car_lcAssertive": 85.5465, "car_lcCooperative": 0.1246, "car_lcLookaheadLeft": 66.7076, "car_lcPushy": 0.4733, "car_lcSigma": 0.5459, "car_lcSpeedGainRight": 2.2024, "car_lcSublane": 0.7644, "car_sigma": 0.7863, "car_tau_mean": 0.9984, "car_tau_std": 2.1238, "car_v_mean": 19.7608, "car_v_std": 10.123}, "datetime": {"datetime": "2024-08-11 18:15:40", "elapsed": 2010.9657, "delta": 2.923547}}
{"target": -0.5180159195764075, "params": {"bus_acc": 3.2369, "bus_dcc": 1.0386, "bus_lcAssertive": 51.9388, "bus_lcCooperative": 0.7688, "bus_lcLookaheadLeft": 21.2488, "bus_lcPushy": 0.1996, "bus_lcSigma": 0.4277, "bus_lcSpeedGainRight": 1.4238, "bus_lcSublane": 0.1835, "bus_sigma": 0.1109, "bus_tau_mean": 1.3006, "bus_tau_std": 6.0657, "bus_v_mean": 19.2255, "bus_v_std": 11.7451, "car_acc": 1.6899, "car_dcc": 0.7256, "car_lcAssertive": 72.8815, "car_lcCooperative": 0.841, "car_lcLookaheadLeft": 9.0473, "car_lcPushy": 0.2121, "car_lcSigma": 0.5398, "car_lcSpeedGainRight": 0.3674, "car_lcSublane": 0.802, "car_sigma": 0.0909, "car_tau_mean": 0.5118, "car_tau_std": 9.5544, "car_v_mean": 18.3388, "car_v_std": 12.17}, "datetime": {"datetime": "2024-08-11 18:15:43", "elapsed": 2013.650354, "delta": 2.684654}}
{"target": -0.4088074342538566, "params": {"bus_acc": 2.2306, "bus_dcc": 1.0783, "bus_lcAssertive": 58.1442, "bus_lcCooperative": 0.1934, "bus_lcLookaheadLeft": 95.2434, "bus_lcPushy": 0.3332, "bus_lcSigma": 0.0413, "bus_lcSpeedGainRight": 3.2596, "bus_lcSublane": 0.7331, "bus_sigma": 0.9765, "bus_tau_mean": 0.906, "bus_tau_std": 1.8875, "bus_v_mean": 10.3744, "bus_v_std": 15.3764, "car_acc": 3.829, "car_dcc": 3.1989, "car_lcAssertive": 20.42, "car_lcCooperative": 0.9928, "car_lcLookaheadLeft": 82.3992, "car_lcPushy": 0.0226, "car_lcSigma": 0.6526, "car_lcSpeedGainRight": 1.5442, "car_lcSublane": 0.2148, "car_sigma": 0.6398, "car_tau_mean": 1.0237, "car_tau_std": 7.7221, "car_v_mean": 8.8737, "car_v_std": 6.2218}, "datetime": {"datetime": "2024-08-11 18:15:45", "elapsed": 2016.188996, "delta": 2.538642}}
{"target": -0.38186850303396724, "params": {"bus_acc": 2.1366, "bus_dcc": 1.6267, "bus_lcAssertive": 50.0666, "bus_lcCooperative": 0.9553, "bus_lcLookaheadLeft": 31.2707, "bus_lcPushy": 0.3924, "bus_lcSigma": 0.0895, "bus_lcSpeedGainRight": 4.9153, "bus_lcSublane": 0.2231, "bus_sigma": 0.8416, "bus_tau_mean": 2.8606, "bus_tau_std": 7.0508, "bus_v_mean": 20.724, "bus_v_std": 14.0054, "car_acc": 2.6126, "car_dcc": 1.1034, "car_lcAssertive": 94.2604, "car_lcCooperative": 0.0859, "car_lcLookaheadLeft": 26.0743, "car_lcPushy": 0.1928, "car_lcSigma": 0.2434, "car_lcSpeedGainRight": 4.3072, "car_lcSublane": 0.9478, "car_sigma": 0.6565, "car_tau_mean": 3.8448, "car_tau_std": 1.8044, "car_v_mean": 20.1993, "car_v_std": 17.3366}, "datetime": {"datetime": "2024-08-11 18:15:48", "elapsed": 2019.009491, "delta": 2.820495}}
{"target": -0.4545996830396388, "params": {"bus_acc": 1.9413, "bus_dcc": 1.053, "bus_lcAssertive": 52.0543, "bus_lcCooperative": 0.0832, "bus_lcLookaheadLeft": 85.8258, "bus_lcPushy": 0.3114, "bus_lcSigma": 0.2505, "bus_lcSpeedGainRight": 0.853, "bus_lcSublane": 0.6992, "bus_sigma": 0.7857, "bus_tau_mean": 2.0486, "bus_tau_std": 7.0458, "bus_v_mean": 14.156, "bus_v_std": 8.0831, "car_acc": 3.7855, "car_dcc": 3.4233, "car_lcAssertive": 72.2188, "car_lcCooperative": 0.2904, "car_lcLookaheadLeft": 59.6782, "car_lcPushy": 0.7042, "car_lcSigma": 0.5614, "car_lcSpeedGainRight": 0.7264, "car_lcSublane": 0.7037, "car_sigma": 0.6401, "car_tau_mean": 1.5429, "car_tau_std": 8.7612, "car_v_mean": 18.7637, "car_v_std": 12.1371}, "datetime": {"datetime": "2024-08-11 18:15:51", "elapsed": 2021.673004, "delta": 2.663513}}
{"target": -0.4043153615737222, "params": {"bus_acc": 2.7676, "bus_dcc": 1.9929, "bus_lcAssertive": 18.8345, "bus_lcCooperative": 0.4672, "bus_lcLookaheadLeft": 91.5517, "bus_lcPushy": 0.3893, "bus_lcSigma": 0.5369, "bus_lcSpeedGainRight": 1.1218, "bus_lcSublane": 0.2389, "bus_sigma": 0.2942, "bus_tau_mean": 1.7701, "bus_tau_std": 9.0011, "bus_v_mean": 19.4076, "bus_v_std": 8.746, "car_acc": 2.6247, "car_dcc": 1.9926, "car_lcAssertive": 15.7344, "car_lcCooperative": 0.0051, "car_lcLookaheadLeft": 81.9786, "car_lcPushy": 0.549, "car_lcSigma": 0.6668, "car_lcSpeedGainRight": 3.9286, "car_lcSublane": 0.7131, "car_sigma": 0.6026, "car_tau_mean": 3.81, "car_tau_std": 7.949, "car_v_mean": 16.7009, "car_v_std": 1.025}, "datetime": {"datetime": "2024-08-11 18:15:56", "elapsed": 2026.764831, "delta": 5.091827}}
{"target": -0.4798356452070173, "params": {"bus_acc": 3.3524, "bus_dcc": 3.3448, "bus_lcAssertive": 85.3795, "bus_lcCooperative": 0.9508, "bus_lcLookaheadLeft": 3.5975, "bus_lcPushy": 0.9557, "bus_lcSigma": 0.2561, "bus_lcSpeedGainRight": 1.9949, "bus_lcSublane": 0.2132, "bus_sigma": 0.994, "bus_tau_mean": 0.6431, "bus_tau_std": 4.1525, "bus_v_mean": 10.8032, "bus_v_std": 6.3631, "car_acc": 2.4247, "car_dcc": 1.6561, "car_lcAssertive": 36.0314, "car_lcCooperative": 0.6326, "car_lcLookaheadLeft": 47.8415, "car_lcPushy": 0.5089, "car_lcSigma": 0.4062, "car_lcSpeedGainRight": 4.2452, "car_lcSublane": 0.093, "car_sigma": 0.0807, "car_tau_mean": 1.8808, "car_tau_std": 4.2938, "car_v_mean": 24.9807, "car_v_std": 14.7348}, "datetime": {"datetime": "2024-08-11 18:16:00", "elapsed": 2031.230691, "delta": 4.46586}}
