{"target": -0.48730054238269277, "params": {"bus_acc": 0.5745, "bus_dcc": 0.3965, "bus_lcAssertive": 43.5973, "bus_lcCooperative": 0.7766, "bus_lcLookaheadLeft": 79.1757, "bus_lcPushy": 0.586, "bus_lcSigma": 0.0478, "bus_lcSpeedGainRight": 3.0447, "bus_lcSublane": 0.3598, "bus_sigma": 0.6068, "bus_tau_mean": 2.9816, "bus_tau_std": 7.8629, "bus_v_mean": 12.7315, "bus_v_std": 13.2608, "car_acc": 3.6963, "car_dcc": 1.7313, "car_lcAssertive": 36.7459, "car_lcCooperative": 0.8716, "car_lcLookaheadLeft": 8.2286, "car_lcPushy": 0.7354, "car_lcSigma": 0.2761, "car_lcSpeedGainRight": 0.2632, "car_lcSublane": 0.5598, "car_sigma": 0.2283, "car_tau_mean": 1.6802, "car_tau_std": 1.8666, "car_v_mean": 23.2654, "car_v_std": 0.4993}, "datetime": {"datetime": "2024-08-11 20:31:03", "elapsed": 10133.830284, "delta": 9.229719}}
{"target": -0.3893936379916287, "params": {"bus_acc": 3.6628, "bus_dcc": 3.9457, "bus_lcAssertive": 65.7392, "bus_lcCooperative": 0.8751, "bus_lcLookaheadLeft": 94.3153, "bus_lcPushy": 0.4625, "bus_lcSigma": 0.3775, "bus_lcSpeedGainRight": 2.7853, "bus_lcSublane": 0.5796, "bus_sigma": 0.6895, "bus_tau_mean": 3.0833, "bus_tau_std": 4.2795, "bus_v_mean": 22.5517, "bus_v_std": 5.1944, "car_acc": 3.9584, "car_dcc": 0.8875, "car_lcAssertive": 49.2897, "car_lcCooperative": 0.92, "car_lcLookaheadLeft": 12.9966, "car_lcPushy": 0.2775, "car_lcSigma": 0.459, "car_lcSpeedGainRight": 4.4661, "car_lcSublane": 0.0913, "car_sigma": 0.29, "car_tau_mean": 0.7229, "car_tau_std": 4.0598, "car_v_mean": 24.4628, "car_v_std": 19.0187}, "datetime": {"datetime": "2024-08-11 20:31:17", "elapsed": 10147.812722, "delta": 13.982438}}
{"target": -0.4480191426565447, "params": {"bus_acc": 2.7364, "bus_dcc": 2.4088, "bus_lcAssertive": 22.7993, "bus_lcCooperative": 0.1008, "bus_lcLookaheadLeft": 2.1132, "bus_lcPushy": 0.6926, "bus_lcSigma": 0.3457, "bus_lcSpeedGainRight": 0.6781, "bus_lcSublane": 0.2102, "bus_sigma": 0.3536, "bus_tau_mean": 2.1464, "bus_tau_std": 4.251, "bus_v_mean": 8.866, "bus_v_std": 14.0897, "car_acc": 2.8692, "car_dcc": 1.7219, "car_lcAssertive": 35.4973, "car_lcCooperative": 0.9427, "car_lcLookaheadLeft": 63.475, "car_lcPushy": 0.7634, "car_lcSigma": 0.2643, "car_lcSpeedGainRight": 3.2381, "car_lcSublane": 0.6926, "car_sigma": 0.2768, "car_tau_mean": 2.502, "car_tau_std": 3.554, "car_v_mean": 10.0814, "car_v_std": 3.3893}, "datetime": {"datetime": "2024-08-11 20:31:29", "elapsed": 10159.750921, "delta": 11.938199}}
{"target": -0.36553958993346525, "params": {"bus_acc": 1.4802, "bus_dcc": 1.9537, "bus_lcAssertive": 37.4441, "bus_lcCooperative": 0.9517, "bus_lcLookaheadLeft": 64.3715, "bus_lcPushy": 0.3705, "bus_lcSigma": 0.7548, "bus_lcSpeedGainRight": 4.3188, "bus_lcSublane": 0.1753, "bus_sigma": 0.7251, "bus_tau_mean": 3.4167, "bus_tau_std": 5.3424, "bus_v_mean": 25.2515, "bus_v_std": 3.601, "car_acc": 0.5986, "car_dcc": 2.3355, "car_lcAssertive": 4.5213, "car_lcCooperative": 0.2917, "car_lcLookaheadLeft": 25.1331, "car_lcPushy": 0.4103, "car_lcSigma": 0.8201, "car_lcSpeedGainRight": 3.4108, "car_lcSublane": 0.229, "car_sigma": 0.3083, "car_tau_mean": 3.3884, "car_tau_std": 4.1519, "car_v_mean": 8.2121, "car_v_std": 9.8675}, "datetime": {"datetime": "2024-08-11 20:31:41", "elapsed": 10172.049598, "delta": 12.298677}}
{"target": -0.42435027730505054, "params": {"bus_acc": 1.6746, "bus_dcc": 1.1551, "bus_lcAssertive": 69.5835, "bus_lcCooperative": 0.2499, "bus_lcLookaheadLeft": 97.6588, "bus_lcPushy": 0.357, "bus_lcSigma": 0.2303, "bus_lcSpeedGainRight": 2.0563, "bus_lcSublane": 0.8478, "bus_sigma": 0.6053, "bus_tau_mean": 2.3635, "bus_tau_std": 2.2494, "bus_v_mean": 12.7226, "bus_v_std": 15.2366, "car_acc": 1.5736, "car_dcc": 1.6973, "car_lcAssertive": 29.0841, "car_lcCooperative": 0.1012, "car_lcLookaheadLeft": 60.7608, "car_lcPushy": 0.337, "car_lcSigma": 0.3763, "car_lcSpeedGainRight": 1.0648, "car_lcSublane": 0.113, "car_sigma": 0.3495, "car_tau_mean": 2.1099, "car_tau_std": 1.8523, "car_v_mean": 23.8872, "car_v_std": 0.6291}, "datetime": {"datetime": "2024-08-11 20:31:57", "elapsed": 10188.136529, "delta": 16.086931}}
{"target": -0.3654263418548523, "params": {"bus_acc": 0.4633, "bus_dcc": 3.9527, "bus_lcAssertive": 77.1981, "bus_lcCooperative": 0.9715, "bus_lcLookaheadLeft": 73.5618, "bus_lcPushy": 0.7276, "bus_lcSigma": 0.9359, "bus_lcSpeedGainRight": 0.2368, "bus_lcSublane": 0.7623, "bus_sigma": 0.8013, "bus_tau_mean": 1.6352, "bus_tau_std": 5.1801, "bus_v_mean": 19.5219, "bus_v_std": 13.0827, "car_acc": 2.3967, "car_dcc": 1.7505, "car_lcAssertive": 39.6701, "car_lcCooperative": 0.7393, "car_lcLookaheadLeft": 44.8171, "car_lcPushy": 0.1345, "car_lcSigma": 0.5671, "car_lcSpeedGainRight": 3.5434, "car_lcSublane": 0.5328, "car_sigma": 0.898, "car_tau_mean": 2.418, "car_tau_std": 7.2404, "car_v_mean": 21.2722, "car_v_std": 8.9052}, "datetime": {"datetime": "2024-08-11 20:32:05", "elapsed": 10195.877209, "delta": 7.74068}}
{"target": -0.5177391099925713, "params": {"bus_acc": 0.8298, "bus_dcc": 0.2659, "bus_lcAssertive": 65.2963, "bus_lcCooperative": 0.44, "bus_lcLookaheadLeft": 67.0759, "bus_lcPushy": 0.7404, "bus_lcSigma": 0.2155, "bus_lcSpeedGainRight": 2.7335, "bus_lcSublane": 0.5112, "bus_sigma": 0.4983, "bus_tau_mean": 2.1062, "bus_tau_std": 8.4628, "bus_v_mean": 10.2666, "bus_v_std": 14.2543, "car_acc": 1.8731, "car_dcc": 2.8337, "car_lcAssertive": 86.031, "car_lcCooperative": 0.6459, "car_lcLookaheadLeft": 2.8769, "car_lcPushy": 0.9486, "car_lcSigma": 0.8527, "car_lcSpeedGainRight": 3.0314, "car_lcSublane": 0.5478, "car_sigma": 0.964, "car_tau_mean": 2.2411, "car_tau_std": 5.7873, "car_v_mean": 25.4281, "car_v_std": 15.4082}, "datetime": {"datetime": "2024-08-11 20:32:15", "elapsed": 10206.457922, "delta": 10.580713}}
{"target": -0.37000612513454695, "params": {"bus_acc": 2.1026, "bus_dcc": 0.3129, "bus_lcAssertive": 78.3445, "bus_lcCooperative": 0.2985, "bus_lcLookaheadLeft": 62.0784, "bus_lcPushy": 0.5376, "bus_lcSigma": 0.852, "bus_lcSpeedGainRight": 0.1643, "bus_lcSublane": 0.0095, "bus_sigma": 0.8089, "bus_tau_mean": 1.1344, "bus_tau_std": 5.6474, "bus_v_mean": 13.8481, "bus_v_std": 0.8151, "car_acc": 1.2645, "car_dcc": 2.5413, "car_lcAssertive": 92.9961, "car_lcCooperative": 0.0764, "car_lcLookaheadLeft": 51.501, "car_lcPushy": 0.5981, "car_lcSigma": 0.747, "car_lcSpeedGainRight": 2.4515, "car_lcSublane": 0.9648, "car_sigma": 0.2996, "car_tau_mean": 2.7466, "car_tau_std": 6.8377, "car_v_mean": 24.1034, "car_v_std": 19.3369}, "datetime": {"datetime": "2024-08-11 20:32:26", "elapsed": 10217.29654, "delta": 10.838618}}
{"target": -0.4486365787673103, "params": {"bus_acc": 2.8772, "bus_dcc": 3.3074, "bus_lcAssertive": 36.2326, "bus_lcCooperative": 0.3687, "bus_lcLookaheadLeft": 15.2889, "bus_lcPushy": 0.5368, "bus_lcSigma": 0.3975, "bus_lcSpeedGainRight": 2.6553, "bus_lcSublane": 0.3588, "bus_sigma": 0.8798, "bus_tau_mean": 3.2807, "bus_tau_std": 5.9015, "bus_v_mean": 15.6282, "bus_v_std": 3.3009, "car_acc": 2.0368, "car_dcc": 1.1946, "car_lcAssertive": 10.7567, "car_lcCooperative": 0.1353, "car_lcLookaheadLeft": 14.416, "car_lcPushy": 0.5849, "car_lcSigma": 0.0656, "car_lcSpeedGainRight": 0.9105, "car_lcSublane": 0.9909, "car_sigma": 0.598, "car_tau_mean": 2.4713, "car_tau_std": 3.9666, "car_v_mean": 15.3276, "car_v_std": 12.7572}, "datetime": {"datetime": "2024-08-11 20:32:36", "elapsed": 10227.017655, "delta": 9.721115}}
{"target": -0.46541510411896264, "params": {"bus_acc": 0.9281, "bus_dcc": 0.663, "bus_lcAssertive": 24.0485, "bus_lcCooperative": 0.1326, "bus_lcLookaheadLeft": 86.0122, "bus_lcPushy": 0.5594, "bus_lcSigma": 0.7895, "bus_lcSpeedGainRight": 0.1159, "bus_lcSublane": 0.4556, "bus_sigma": 0.9532, "bus_tau_mean": 1.5431, "bus_tau_std": 6.835, "bus_v_mean": 22.6637, "bus_v_std": 9.933, "car_acc": 2.6224, "car_dcc": 2.8605, "car_lcAssertive": 46.0703, "car_lcCooperative": 0.6274, "car_lcLookaheadLeft": 14.8363, "car_lcPushy": 0.3454, "car_lcSigma": 0.3934, "car_lcSpeedGainRight": 3.9245, "car_lcSublane": 0.6549, "car_sigma": 0.1926, "car_tau_mean": 1.0627, "car_tau_std": 3.1621, "car_v_mean": 10.088, "car_v_std": 13.2976}, "datetime": {"datetime": "2024-08-11 20:32:46", "elapsed": 10237.14591, "delta": 10.128255}}
{"target": -0.4291804421962378, "params": {"bus_acc": 2.0743, "bus_dcc": 2.7538, "bus_lcAssertive": 94.0661, "bus_lcCooperative": 0.3774, "bus_lcLookaheadLeft": 2.6667, "bus_lcPushy": 0.7336, "bus_lcSigma": 0.3846, "bus_lcSpeedGainRight": 4.1073, "bus_lcSublane": 0.8486, "bus_sigma": 0.1954, "bus_tau_mean": 3.6695, "bus_tau_std": 6.5974, "bus_v_mean": 15.5419, "bus_v_std": 11.759, "car_acc": 3.3463, "car_dcc": 1.9114, "car_lcAssertive": 27.4638, "car_lcCooperative": 0.9108, "car_lcLookaheadLeft": 12.8869, "car_lcPushy": 0.0013, "car_lcSigma": 0.0563, "car_lcSpeedGainRight": 4.7843, "car_lcSublane": 0.2625, "car_sigma": 0.6694, "car_tau_mean": 3.8384, "car_tau_std": 1.7494, "car_v_mean": 22.179, "car_v_std": 12.3541}, "datetime": {"datetime": "2024-08-11 20:32:53", "elapsed": 10244.578354, "delta": 7.432444}}
{"target": -0.34893676657179123, "params": {"bus_acc": 3.231, "bus_dcc": 2.3662, "bus_lcAssertive": 87.5248, "bus_lcCooperative": 0.6531, "bus_lcLookaheadLeft": 5.6599, "bus_lcPushy": 0.9306, "bus_lcSigma": 0.8163, "bus_lcSpeedGainRight": 4.9192, "bus_lcSublane": 0.0895, "bus_sigma": 0.2689, "bus_tau_mean": 2.959, "bus_tau_std": 8.2274, "bus_v_mean": 8.5818, "bus_v_std": 9.8865, "car_acc": 1.915, "car_dcc": 2.0636, "car_lcAssertive": 55.455, "car_lcCooperative": 0.3243, "car_lcLookaheadLeft": 74.2543, "car_lcPushy": 0.9985, "car_lcSigma": 0.8273, "car_lcSpeedGainRight": 2.9839, "car_lcSublane": 0.5403, "car_sigma": 0.333, "car_tau_mean": 3.2758, "car_tau_std": 6.2556, "car_v_mean": 19.3745, "car_v_std": 1.7339}, "datetime": {"datetime": "2024-08-11 20:33:00", "elapsed": 10251.448716, "delta": 6.870362}}
{"target": -0.42330531370800556, "params": {"bus_acc": 1.7205, "bus_dcc": 1.0207, "bus_lcAssertive": 92.0675, "bus_lcCooperative": 0.0725, "bus_lcLookaheadLeft": 80.164, "bus_lcPushy": 0.416, "bus_lcSigma": 0.5956, "bus_lcSpeedGainRight": 1.6118, "bus_lcSublane": 0.6003, "bus_sigma": 0.7204, "bus_tau_mean": 3.8162, "bus_tau_std": 6.7401, "bus_v_mean": 17.2081, "bus_v_std": 18.5079, "car_acc": 3.0295, "car_dcc": 1.7464, "car_lcAssertive": 62.558, "car_lcCooperative": 0.8917, "car_lcLookaheadLeft": 64.404, "car_lcPushy": 0.3818, "car_lcSigma": 0.3238, "car_lcSpeedGainRight": 1.4076, "car_lcSublane": 0.4128, "car_sigma": 0.3451, "car_tau_mean": 2.3227, "car_tau_std": 6.9147, "car_v_mean": 16.9227, "car_v_std": 7.4011}, "datetime": {"datetime": "2024-08-11 20:33:16", "elapsed": 10267.482489, "delta": 16.033773}}
{"target": -0.3871156749205786, "params": {"bus_acc": 1.8109, "bus_dcc": 3.3003, "bus_lcAssertive": 36.9335, "bus_lcCooperative": 0.5711, "bus_lcLookaheadLeft": 43.7055, "bus_lcPushy": 0.4419, "bus_lcSigma": 0.0653, "bus_lcSpeedGainRight": 1.4148, "bus_lcSublane": 0.7397, "bus_sigma": 0.2822, "bus_tau_mean": 0.7061, "bus_tau_std": 2.5657, "bus_v_mean": 9.0453, "bus_v_std": 18.0145, "car_acc": 1.9184, "car_dcc": 2.3364, "car_lcAssertive": 15.8045, "car_lcCooperative": 0.6394, "car_lcLookaheadLeft": 88.3363, "car_lcPushy": 0.5104, "car_lcSigma": 0.5234, "car_lcSpeedGainRight": 3.1085, "car_lcSublane": 0.7523, "car_sigma": 0.1181, "car_tau_mean": 1.4586, "car_tau_std": 4.9351, "car_v_mean": 18.9186, "car_v_std": 5.969}, "datetime": {"datetime": "2024-08-11 20:33:31", "elapsed": 10282.289932, "delta": 14.807443}}
{"target": -0.43886293982727875, "params": {"bus_acc": 3.0966, "bus_dcc": 0.4975, "bus_lcAssertive": 82.7622, "bus_lcCooperative": 0.9965, "bus_lcLookaheadLeft": 50.1012, "bus_lcPushy": 0.1196, "bus_lcSigma": 0.5257, "bus_lcSpeedGainRight": 4.0349, "bus_lcSublane": 0.8743, "bus_sigma": 0.9951, "bus_tau_mean": 1.1777, "bus_tau_std": 9.4888, "bus_v_mean": 17.5383, "bus_v_std": 7.9096, "car_acc": 3.0322, "car_dcc": 0.6357, "car_lcAssertive": 57.7627, "car_lcCooperative": 0.5548, "car_lcLookaheadLeft": 70.6862, "car_lcPushy": 0.6889, "car_lcSigma": 0.676, "car_lcSpeedGainRight": 3.0714, "car_lcSublane": 0.3862, "car_sigma": 0.1366, "car_tau_mean": 0.649, "car_tau_std": 0.8842, "car_v_mean": 16.2102, "car_v_std": 14.2303}, "datetime": {"datetime": "2024-08-11 20:33:42", "elapsed": 10293.227864, "delta": 10.937932}}
{"target": -0.5139742883732208, "params": {"bus_acc": 2.6861, "bus_dcc": 2.1768, "bus_lcAssertive": 91.2907, "bus_lcCooperative": 0.7171, "bus_lcLookaheadLeft": 93.9712, "bus_lcPushy": 0.5892, "bus_lcSigma": 0.3494, "bus_lcSpeedGainRight": 2.7948, "bus_lcSublane": 0.8724, "bus_sigma": 0.2146, "bus_tau_mean": 3.2372, "bus_tau_std": 7.0144, "bus_v_mean": 21.6063, "bus_v_std": 12.1753, "car_acc": 2.5702, "car_dcc": 2.4705, "car_lcAssertive": 59.0624, "car_lcCooperative": 0.2105, "car_lcLookaheadLeft": 25.5049, "car_lcPushy": 0.9012, "car_lcSigma": 0.0159, "car_lcSpeedGainRight": 3.8239, "car_lcSublane": 0.0408, "car_sigma": 0.2969, "car_tau_mean": 3.702, "car_tau_std": 0.4828, "car_v_mean": 14.129, "car_v_std": 7.8507}, "datetime": {"datetime": "2024-08-11 20:33:51", "elapsed": 10302.091063, "delta": 8.863199}}
{"target": -0.2997073528603295, "params": {"bus_acc": 0.4335, "bus_dcc": 3.3655, "bus_lcAssertive": 16.0889, "bus_lcCooperative": 0.9619, "bus_lcLookaheadLeft": 73.1504, "bus_lcPushy": 0.5803, "bus_lcSigma": 0.2673, "bus_lcSpeedGainRight": 1.531, "bus_lcSublane": 0.7809, "bus_sigma": 0.4936, "bus_tau_mean": 0.9739, "bus_tau_std": 9.573, "bus_v_mean": 23.6392, "bus_v_std": 3.4817, "car_acc": 3.0859, "car_dcc": 3.3011, "car_lcAssertive": 38.9574, "car_lcCooperative": 0.2474, "car_lcLookaheadLeft": 33.2944, "car_lcPushy": 0.3733, "car_lcSigma": 0.4934, "car_lcSpeedGainRight": 2.9195, "car_lcSublane": 0.5883, "car_sigma": 0.3236, "car_tau_mean": 0.8075, "car_tau_std": 9.9765, "car_v_mean": 17.2823, "car_v_std": 17.2868}, "datetime": {"datetime": "2024-08-11 20:34:03", "elapsed": 10314.332289, "delta": 12.241226}}
{"target": -0.37158132370524016, "params": {"bus_acc": 1.4079, "bus_dcc": 1.1325, "bus_lcAssertive": 40.8224, "bus_lcCooperative": 0.84, "bus_lcLookaheadLeft": 93.5106, "bus_lcPushy": 0.8655, "bus_lcSigma": 0.4289, "bus_lcSpeedGainRight": 1.2828, "bus_lcSublane": 0.1148, "bus_sigma": 0.7096, "bus_tau_mean": 1.0901, "bus_tau_std": 5.7898, "bus_v_mean": 9.4652, "bus_v_std": 15.4465, "car_acc": 1.38, "car_dcc": 2.2996, "car_lcAssertive": 18.7771, "car_lcCooperative": 0.7604, "car_lcLookaheadLeft": 54.9091, "car_lcPushy": 0.8169, "car_lcSigma": 0.5614, "car_lcSpeedGainRight": 3.0566, "car_lcSublane": 0.2329, "car_sigma": 0.5747, "car_tau_mean": 0.5384, "car_tau_std": 1.8861, "car_v_mean": 19.5759, "car_v_std": 5.2581}, "datetime": {"datetime": "2024-08-11 20:34:12", "elapsed": 10322.787663, "delta": 8.455374}}
{"target": -0.43841763128687433, "params": {"bus_acc": 3.5692, "bus_dcc": 1.8941, "bus_lcAssertive": 70.571, "bus_lcCooperative": 0.2082, "bus_lcLookaheadLeft": 4.9474, "bus_lcPushy": 0.5281, "bus_lcSigma": 0.7143, "bus_lcSpeedGainRight": 4.3688, "bus_lcSublane": 0.3961, "bus_sigma": 0.1514, "bus_tau_mean": 2.363, "bus_tau_std": 2.4582, "bus_v_mean": 24.1587, "bus_v_std": 0.2071, "car_acc": 2.3903, "car_dcc": 1.7701, "car_lcAssertive": 19.6624, "car_lcCooperative": 0.8657, "car_lcLookaheadLeft": 96.1027, "car_lcPushy": 0.6079, "car_lcSigma": 0.9253, "car_lcSpeedGainRight": 0.8903, "car_lcSublane": 0.0252, "car_sigma": 0.5888, "car_tau_mean": 1.8329, "car_tau_std": 0.4471, "car_v_mean": 8.9443, "car_v_std": 12.6528}, "datetime": {"datetime": "2024-08-11 20:34:29", "elapsed": 10340.03777, "delta": 17.250107}}
{"target": -0.39515053694762897, "params": {"bus_acc": 1.6394, "bus_dcc": 3.8058, "bus_lcAssertive": 57.6206, "bus_lcCooperative": 0.325, "bus_lcLookaheadLeft": 24.0984, "bus_lcPushy": 0.4154, "bus_lcSigma": 0.1065, "bus_lcSpeedGainRight": 2.4233, "bus_lcSublane": 0.2139, "bus_sigma": 0.8938, "bus_tau_mean": 2.8538, "bus_tau_std": 5.0849, "bus_v_mean": 22.1653, "bus_v_std": 15.4865, "car_acc": 2.7292, "car_dcc": 0.6241, "car_lcAssertive": 29.1295, "car_lcCooperative": 0.8223, "car_lcLookaheadLeft": 98.9756, "car_lcPushy": 0.5777, "car_lcSigma": 0.6592, "car_lcSpeedGainRight": 4.0265, "car_lcSublane": 0.8772, "car_sigma": 0.462, "car_tau_mean": 2.4932, "car_tau_std": 8.5009, "car_v_mean": 15.7802, "car_v_std": 12.3393}, "datetime": {"datetime": "2024-08-11 20:34:45", "elapsed": 10356.539646, "delta": 16.501876}}
{"target": -0.4228595557986317, "params": {"bus_acc": 3.3714, "bus_dcc": 3.5907, "bus_lcAssertive": 47.0431, "bus_lcCooperative": 0.0491, "bus_lcLookaheadLeft": 92.0534, "bus_lcPushy": 0.831, "bus_lcSigma": 0.5696, "bus_lcSpeedGainRight": 0.8522, "bus_lcSublane": 0.6226, "bus_sigma": 0.4047, "bus_tau_mean": 1.4564, "bus_tau_std": 7.2466, "bus_v_mean": 12.6384, "bus_v_std": 1.8029, "car_acc": 2.8955, "car_dcc": 0.2037, "car_lcAssertive": 91.6888, "car_lcCooperative": 0.9546, "car_lcLookaheadLeft": 47.8079, "car_lcPushy": 0.3678, "car_lcSigma": 0.3117, "car_lcSpeedGainRight": 0.5786, "car_lcSublane": 0.0736, "car_sigma": 0.5265, "car_tau_mean": 2.6488, "car_tau_std": 4.0712, "car_v_mean": 9.0668, "car_v_std": 0.3209}, "datetime": {"datetime": "2024-08-11 20:34:55", "elapsed": 10365.700808, "delta": 9.161162}}
{"target": -0.46146101488534924, "params": {"bus_acc": 1.555, "bus_dcc": 0.3435, "bus_lcAssertive": 48.3464, "bus_lcCooperative": 0.0965, "bus_lcLookaheadLeft": 77.9743, "bus_lcPushy": 0.7444, "bus_lcSigma": 0.079, "bus_lcSpeedGainRight": 3.5531, "bus_lcSublane": 0.3094, "bus_sigma": 0.2299, "bus_tau_mean": 2.8408, "bus_tau_std": 0.4316, "bus_v_mean": 9.7668, "bus_v_std": 19.443, "car_acc": 3.8421, "car_dcc": 2.844, "car_lcAssertive": 44.5046, "car_lcCooperative": 0.8717, "car_lcLookaheadLeft": 51.3298, "car_lcPushy": 0.9851, "car_lcSigma": 0.0671, "car_lcSpeedGainRight": 2.2502, "car_lcSublane": 0.3413, "car_sigma": 0.1442, "car_tau_mean": 1.6705, "car_tau_std": 9.1059, "car_v_mean": 12.5207, "car_v_std": 11.1298}, "datetime": {"datetime": "2024-08-11 20:35:02", "elapsed": 10373.507345, "delta": 7.806537}}
{"target": -0.3982599861688132, "params": {"bus_acc": 3.3851, "bus_dcc": 1.3004, "bus_lcAssertive": 11.1252, "bus_lcCooperative": 0.2422, "bus_lcLookaheadLeft": 27.3956, "bus_lcPushy": 0.3407, "bus_lcSigma": 0.2593, "bus_lcSpeedGainRight": 4.9798, "bus_lcSublane": 0.7138, "bus_sigma": 0.9928, "bus_tau_mean": 0.9874, "bus_tau_std": 1.5468, "bus_v_mean": 10.4218, "bus_v_std": 15.7567, "car_acc": 3.4635, "car_dcc": 1.5071, "car_lcAssertive": 38.8158, "car_lcCooperative": 0.9758, "car_lcLookaheadLeft": 25.8536, "car_lcPushy": 0.5723, "car_lcSigma": 0.5074, "car_lcSpeedGainRight": 2.7344, "car_lcSublane": 0.3979, "car_sigma": 0.5325, "car_tau_mean": 2.2903, "car_tau_std": 5.2885, "car_v_mean": 16.5131, "car_v_std": 0.5049}, "datetime": {"datetime": "2024-08-11 20:35:24", "elapsed": 10394.707941, "delta": 21.200596}}
{"target": -0.41645583894469856, "params": {"bus_acc": 1.9733, "bus_dcc": 3.8419, "bus_lcAssertive": 65.8028, "bus_lcCooperative": 0.1913, "bus_lcLookaheadLeft": 65.5303, "bus_lcPushy": 0.7383, "bus_lcSigma": 0.9078, "bus_lcSpeedGainRight": 1.9987, "bus_lcSublane": 0.7861, "bus_sigma": 0.1293, "bus_tau_mean": 0.8267, "bus_tau_std": 6.0938, "bus_v_mean": 22.2686, "bus_v_std": 0.3054, "car_acc": 3.4127, "car_dcc": 1.5645, "car_lcAssertive": 5.5444, "car_lcCooperative": 0.6168, "car_lcLookaheadLeft": 76.92, "car_lcPushy": 0.6052, "car_lcSigma": 0.457, "car_lcSpeedGainRight": 3.5652, "car_lcSublane": 0.2631, "car_sigma": 0.2195, "car_tau_mean": 1.9785, "car_tau_std": 4.3181, "car_v_mean": 19.795, "car_v_std": 3.7693}, "datetime": {"datetime": "2024-08-11 20:35:37", "elapsed": 10408.598279, "delta": 13.890338}}
{"target": -0.5657499634037083, "params": {"bus_acc": 1.7186, "bus_dcc": 0.7134, "bus_lcAssertive": 32.3701, "bus_lcCooperative": 0.3961, "bus_lcLookaheadLeft": 69.2122, "bus_lcPushy": 0.1008, "bus_lcSigma": 0.845, "bus_lcSpeedGainRight": 3.9648, "bus_lcSublane": 0.2097, "bus_sigma": 0.5824, "bus_tau_mean": 2.135, "bus_tau_std": 1.1411, "bus_v_mean": 22.1346, "bus_v_std": 2.8065, "car_acc": 1.9511, "car_dcc": 0.903, "car_lcAssertive": 31.0495, "car_lcCooperative": 0.6258, "car_lcLookaheadLeft": 31.9661, "car_lcPushy": 0.1666, "car_lcSigma": 0.2951, "car_lcSpeedGainRight": 0.3244, "car_lcSublane": 0.9507, "car_sigma": 0.2383, "car_tau_mean": 0.5496, "car_tau_std": 3.2559, "car_v_mean": 8.25, "car_v_std": 1.5495}, "datetime": {"datetime": "2024-08-11 20:35:53", "elapsed": 10423.983798, "delta": 15.385519}}
{"target": -0.4231443678893294, "params": {"bus_acc": 3.3783, "bus_dcc": 2.7598, "bus_lcAssertive": 99.4406, "bus_lcCooperative": 0.0614, "bus_lcLookaheadLeft": 3.1294, "bus_lcPushy": 0.9997, "bus_lcSigma": 0.0824, "bus_lcSpeedGainRight": 2.7555, "bus_lcSublane": 0.2966, "bus_sigma": 0.6214, "bus_tau_mean": 0.8342, "bus_tau_std": 9.3814, "bus_v_mean": 18.9506, "bus_v_std": 7.7288, "car_acc": 2.6644, "car_dcc": 0.6232, "car_lcAssertive": 81.402, "car_lcCooperative": 0.9818, "car_lcLookaheadLeft": 22.3942, "car_lcPushy": 0.724, "car_lcSigma": 0.2433, "car_lcSpeedGainRight": 1.2586, "car_lcSublane": 0.9189, "car_sigma": 0.6503, "car_tau_mean": 3.3525, "car_tau_std": 1.0531, "car_v_mean": 18.958, "car_v_std": 10.2257}, "datetime": {"datetime": "2024-08-11 20:36:00", "elapsed": 10431.013452, "delta": 7.029654}}
