{"target": -0.19677280456459886, "params": {"bus_acc": 2.6877, "bus_dcc": 1.0357, "bus_lcAssertive": 44.506, "bus_lcCooperative": 0.7033, "bus_lcLookaheadLeft": 16.5866, "bus_lcPushy": 0.0193, "bus_lcSigma": 0.7687, "bus_lcSpeedGainRight": 1.77, "bus_lcSublane": 0.9388, "bus_sigma": 0.0132, "bus_tau_mean": 0.5102, "bus_tau_std": 4.6209, "bus_v_mean": 17.9006, "bus_v_std": 8.3927, "car_acc": 1.9723, "car_dcc": 1.5891, "car_lcAssertive": 29.6639, "car_lcCooperative": 0.9982, "car_lcLookaheadLeft": 36.0874, "car_lcPushy": 0.4247, "car_lcSigma": 0.5529, "car_lcSpeedGainRight": 2.7964, "car_lcSublane": 0.8484, "car_sigma": 0.7586, "car_tau_mean": 1.3745, "car_tau_std": 7.3067, "car_v_mean": 17.0591, "car_v_std": 15.5543}, "datetime": {"datetime": "2024-09-05 13:32:14", "elapsed": 9789.572506, "delta": 27.783627}}
{"target": -0.24713753953495673, "params": {"bus_acc": 2.0028, "bus_dcc": 2.0036, "bus_lcAssertive": 33.5267, "bus_lcCooperative": 0.0861, "bus_lcLookaheadLeft": 96.1506, "bus_lcPushy": 0.0975, "bus_lcSigma": 0.4885, "bus_lcSpeedGainRight": 3.9385, "bus_lcSublane": 0.1959, "bus_sigma": 0.0138, "bus_tau_mean": 2.992, "bus_tau_std": 2.9885, "bus_v_mean": 14.9659, "bus_v_std": 7.2759, "car_acc": 0.492, "car_dcc": 3.2107, "car_lcAssertive": 59.4326, "car_lcCooperative": 0.1385, "car_lcLookaheadLeft": 9.1434, "car_lcPushy": 0.8816, "car_lcSigma": 0.3143, "car_lcSpeedGainRight": 1.4968, "car_lcSublane": 0.5102, "car_sigma": 0.1011, "car_tau_mean": 3.407, "car_tau_std": 6.6797, "car_v_mean": 20.0568, "car_v_std": 11.2332}, "datetime": {"datetime": "2024-09-05 13:32:28", "elapsed": 9803.472137, "delta": 13.899631}}
{"target": -0.2022107615931538, "params": {"bus_acc": 3.0021, "bus_dcc": 2.584, "bus_lcAssertive": 82.1081, "bus_lcCooperative": 0.0886, "bus_lcLookaheadLeft": 73.1731, "bus_lcPushy": 0.0744, "bus_lcSigma": 0.6321, "bus_lcSpeedGainRight": 1.8116, "bus_lcSublane": 0.3835, "bus_sigma": 0.4094, "bus_tau_mean": 2.8769, "bus_tau_std": 4.2816, "bus_v_mean": 22.021, "bus_v_std": 17.2762, "car_acc": 2.3387, "car_dcc": 2.2969, "car_lcAssertive": 21.5966, "car_lcCooperative": 0.8731, "car_lcLookaheadLeft": 40.0076, "car_lcPushy": 0.6411, "car_lcSigma": 0.515, "car_lcSpeedGainRight": 1.4881, "car_lcSublane": 0.9138, "car_sigma": 0.4397, "car_tau_mean": 2.0756, "car_tau_std": 6.5197, "car_v_mean": 24.3406, "car_v_std": 5.5401}, "datetime": {"datetime": "2024-09-05 13:32:54", "elapsed": 9829.794995, "delta": 26.322858}}
{"target": -0.2204587356805365, "params": {"bus_acc": 3.7094, "bus_dcc": 0.6105, "bus_lcAssertive": 81.278, "bus_lcCooperative": 0.5361, "bus_lcLookaheadLeft": 94.4578, "bus_lcPushy": 0.0876, "bus_lcSigma": 0.8538, "bus_lcSpeedGainRight": 3.1824, "bus_lcSublane": 0.6237, "bus_sigma": 0.7151, "bus_tau_mean": 1.4057, "bus_tau_std": 4.9252, "bus_v_mean": 15.7676, "bus_v_std": 0.3245, "car_acc": 0.5479, "car_dcc": 3.1664, "car_lcAssertive": 89.2114, "car_lcCooperative": 0.1236, "car_lcLookaheadLeft": 32.7848, "car_lcPushy": 0.9171, "car_lcSigma": 0.7508, "car_lcSpeedGainRight": 3.5703, "car_lcSublane": 0.4895, "car_sigma": 0.0251, "car_tau_mean": 1.837, "car_tau_std": 6.3716, "car_v_mean": 9.925, "car_v_std": 2.9383}, "datetime": {"datetime": "2024-09-05 13:33:07", "elapsed": 9842.474739, "delta": 12.679744}}
{"target": -0.2898305821323954, "params": {"bus_acc": 2.9999, "bus_dcc": 0.3171, "bus_lcAssertive": 43.1425, "bus_lcCooperative": 0.5645, "bus_lcLookaheadLeft": 90.6984, "bus_lcPushy": 0.3146, "bus_lcSigma": 0.2116, "bus_lcSpeedGainRight": 2.3716, "bus_lcSublane": 0.0085, "bus_sigma": 0.8103, "bus_tau_mean": 0.5617, "bus_tau_std": 7.7928, "bus_v_mean": 19.6971, "bus_v_std": 10.4979, "car_acc": 0.2901, "car_dcc": 2.4606, "car_lcAssertive": 94.2973, "car_lcCooperative": 0.678, "car_lcLookaheadLeft": 11.6056, "car_lcPushy": 0.0353, "car_lcSigma": 0.2449, "car_lcSpeedGainRight": 4.5727, "car_lcSublane": 0.0126, "car_sigma": 0.0139, "car_tau_mean": 2.2724, "car_tau_std": 9.8606, "car_v_mean": 24.1064, "car_v_std": 6.4801}, "datetime": {"datetime": "2024-09-05 13:33:20", "elapsed": 9855.860299, "delta": 13.38556}}
{"target": -0.18124261420091156, "params": {"bus_acc": 1.7384, "bus_dcc": 2.025, "bus_lcAssertive": 10.121, "bus_lcCooperative": 0.9326, "bus_lcLookaheadLeft": 49.5847, "bus_lcPushy": 0.7409, "bus_lcSigma": 0.9429, "bus_lcSpeedGainRight": 4.7367, "bus_lcSublane": 0.9132, "bus_sigma": 0.3609, "bus_tau_mean": 2.6149, "bus_tau_std": 0.6651, "bus_v_mean": 12.5254, "bus_v_std": 1.0701, "car_acc": 3.5418, "car_dcc": 0.7762, "car_lcAssertive": 89.469, "car_lcCooperative": 0.6182, "car_lcLookaheadLeft": 83.379, "car_lcPushy": 0.1504, "car_lcSigma": 0.4692, "car_lcSpeedGainRight": 1.3001, "car_lcSublane": 0.8023, "car_sigma": 0.376, "car_tau_mean": 2.2977, "car_tau_std": 8.297, "car_v_mean": 19.9962, "car_v_std": 11.1613}, "datetime": {"datetime": "2024-09-05 13:33:35", "elapsed": 9871.320296, "delta": 15.459997}}
{"target": -0.19171477173438486, "params": {"bus_acc": 1.1123, "bus_dcc": 3.6313, "bus_lcAssertive": 53.7871, "bus_lcCooperative": 0.8956, "bus_lcLookaheadLeft": 18.1923, "bus_lcPushy": 0.6709, "bus_lcSigma": 0.6433, "bus_lcSpeedGainRight": 3.5657, "bus_lcSublane": 0.6777, "bus_sigma": 0.0815, "bus_tau_mean": 1.1658, "bus_tau_std": 9.6045, "bus_v_mean": 10.2911, "bus_v_std": 16.4702, "car_acc": 1.5157, "car_dcc": 1.6679, "car_lcAssertive": 90.8824, "car_lcCooperative": 0.9076, "car_lcLookaheadLeft": 31.0546, "car_lcPushy": 0.6546, "car_lcSigma": 0.3086, "car_lcSpeedGainRight": 1.891, "car_lcSublane": 0.4751, "car_sigma": 0.4036, "car_tau_mean": 2.0218, "car_tau_std": 1.8771, "car_v_mean": 23.5171, "car_v_std": 18.4121}, "datetime": {"datetime": "2024-09-05 13:34:04", "elapsed": 9900.240443, "delta": 28.920147}}
{"target": -0.16778984657133558, "params": {"bus_acc": 2.5979, "bus_dcc": 2.7297, "bus_lcAssertive": 69.1679, "bus_lcCooperative": 0.0178, "bus_lcLookaheadLeft": 85.3085, "bus_lcPushy": 0.1983, "bus_lcSigma": 0.829, "bus_lcSpeedGainRight": 2.6652, "bus_lcSublane": 0.8424, "bus_sigma": 0.3464, "bus_tau_mean": 1.0397, "bus_tau_std": 8.9153, "bus_v_mean": 20.5427, "bus_v_std": 16.8697, "car_acc": 2.91, "car_dcc": 3.4359, "car_lcAssertive": 94.172, "car_lcCooperative": 0.2127, "car_lcLookaheadLeft": 49.0513, "car_lcPushy": 0.7932, "car_lcSigma": 0.8966, "car_lcSpeedGainRight": 0.7158, "car_lcSublane": 0.0817, "car_sigma": 0.684, "car_tau_mean": 1.3953, "car_tau_std": 4.5719, "car_v_mean": 20.1312, "car_v_std": 0.4419}, "datetime": {"datetime": "2024-09-05 13:34:15", "elapsed": 9910.671088, "delta": 10.430645}}
{"target": -0.17987843496933872, "params": {"bus_acc": 3.0669, "bus_dcc": 1.6635, "bus_lcAssertive": 54.7336, "bus_lcCooperative": 0.5709, "bus_lcLookaheadLeft": 45.5766, "bus_lcPushy": 0.9889, "bus_lcSigma": 0.047, "bus_lcSpeedGainRight": 4.1439, "bus_lcSublane": 0.6272, "bus_sigma": 0.4233, "bus_tau_mean": 1.1574, "bus_tau_std": 3.2277, "bus_v_mean": 25.6059, "bus_v_std": 9.4167, "car_acc": 1.7445, "car_dcc": 3.0856, "car_lcAssertive": 37.4764, "car_lcCooperative": 0.3874, "car_lcLookaheadLeft": 10.8276, "car_lcPushy": 0.0056, "car_lcSigma": 0.214, "car_lcSpeedGainRight": 2.0488, "car_lcSublane": 0.9048, "car_sigma": 0.1226, "car_tau_mean": 3.6992, "car_tau_std": 8.1352, "car_v_mean": 12.4685, "car_v_std": 4.6793}, "datetime": {"datetime": "2024-09-05 13:34:25", "elapsed": 9920.844199, "delta": 10.173111}}
{"target": -0.18492544082354348, "params": {"bus_acc": 2.4951, "bus_dcc": 1.9914, "bus_lcAssertive": 58.6598, "bus_lcCooperative": 0.8264, "bus_lcLookaheadLeft": 87.1663, "bus_lcPushy": 0.6389, "bus_lcSigma": 0.5248, "bus_lcSpeedGainRight": 4.2527, "bus_lcSublane": 0.3501, "bus_sigma": 0.8238, "bus_tau_mean": 1.1006, "bus_tau_std": 7.0862, "bus_v_mean": 24.385, "bus_v_std": 10.541, "car_acc": 1.7419, "car_dcc": 1.7182, "car_lcAssertive": 80.457, "car_lcCooperative": 0.1479, "car_lcLookaheadLeft": 48.9583, "car_lcPushy": 0.9354, "car_lcSigma": 0.3215, "car_lcSpeedGainRight": 1.5977, "car_lcSublane": 0.8896, "car_sigma": 0.0319, "car_tau_mean": 1.4524, "car_tau_std": 5.4551, "car_v_mean": 11.281, "car_v_std": 19.5612}, "datetime": {"datetime": "2024-09-05 13:34:53", "elapsed": 9948.789689, "delta": 27.94549}}
{"target": -0.16689319893979201, "params": {"bus_acc": 3.9393, "bus_dcc": 1.4757, "bus_lcAssertive": 4.9047, "bus_lcCooperative": 0.7749, "bus_lcLookaheadLeft": 24.8649, "bus_lcPushy": 0.9304, "bus_lcSigma": 0.1059, "bus_lcSpeedGainRight": 0.9295, "bus_lcSublane": 0.1215, "bus_sigma": 0.8411, "bus_tau_mean": 2.3452, "bus_tau_std": 9.3367, "bus_v_mean": 22.4758, "bus_v_std": 13.0619, "car_acc": 2.7564, "car_dcc": 1.5125, "car_lcAssertive": 16.2099, "car_lcCooperative": 0.2484, "car_lcLookaheadLeft": 90.8573, "car_lcPushy": 0.1378, "car_lcSigma": 0.9072, "car_lcSpeedGainRight": 1.0079, "car_lcSublane": 0.898, "car_sigma": 0.599, "car_tau_mean": 2.678, "car_tau_std": 2.943, "car_v_mean": 10.0231, "car_v_std": 0.3954}, "datetime": {"datetime": "2024-09-05 13:35:07", "elapsed": 9962.675389, "delta": 13.8857}}
{"target": -0.17042766307852983, "params": {"bus_acc": 3.1214, "bus_dcc": 1.9917, "bus_lcAssertive": 53.9478, "bus_lcCooperative": 0.1017, "bus_lcLookaheadLeft": 15.8183, "bus_lcPushy": 0.9913, "bus_lcSigma": 0.4319, "bus_lcSpeedGainRight": 2.6212, "bus_lcSublane": 0.4159, "bus_sigma": 0.1274, "bus_tau_mean": 2.1222, "bus_tau_std": 6.0599, "bus_v_mean": 14.0412, "bus_v_std": 4.604, "car_acc": 2.4813, "car_dcc": 2.7555, "car_lcAssertive": 99.2283, "car_lcCooperative": 0.2618, "car_lcLookaheadLeft": 25.9001, "car_lcPushy": 0.7793, "car_lcSigma": 0.6449, "car_lcSpeedGainRight": 3.5924, "car_lcSublane": 0.9085, "car_sigma": 0.5595, "car_tau_mean": 0.693, "car_tau_std": 3.744, "car_v_mean": 25.2511, "car_v_std": 8.4804}, "datetime": {"datetime": "2024-09-05 13:35:24", "elapsed": 9979.873654, "delta": 17.198265}}
{"target": -0.20480442881215621, "params": {"bus_acc": 3.3167, "bus_dcc": 0.2201, "bus_lcAssertive": 48.8016, "bus_lcCooperative": 0.9918, "bus_lcLookaheadLeft": 72.8605, "bus_lcPushy": 0.602, "bus_lcSigma": 0.5653, "bus_lcSpeedGainRight": 4.0494, "bus_lcSublane": 0.0597, "bus_sigma": 0.707, "bus_tau_mean": 1.2863, "bus_tau_std": 9.4994, "bus_v_mean": 23.5886, "bus_v_std": 7.5996, "car_acc": 3.7861, "car_dcc": 1.8888, "car_lcAssertive": 27.0823, "car_lcCooperative": 0.2312, "car_lcLookaheadLeft": 62.2169, "car_lcPushy": 0.275, "car_lcSigma": 0.6234, "car_lcSpeedGainRight": 3.713, "car_lcSublane": 0.7873, "car_sigma": 0.3627, "car_tau_mean": 1.653, "car_tau_std": 1.9284, "car_v_mean": 15.7091, "car_v_std": 12.71}, "datetime": {"datetime": "2024-09-05 13:35:36", "elapsed": 9992.254023, "delta": 12.380369}}
{"target": -0.2657516843385393, "params": {"bus_acc": 3.7302, "bus_dcc": 1.5773, "bus_lcAssertive": 84.0671, "bus_lcCooperative": 0.3648, "bus_lcLookaheadLeft": 64.6015, "bus_lcPushy": 0.6369, "bus_lcSigma": 0.2143, "bus_lcSpeedGainRight": 4.668, "bus_lcSublane": 0.0449, "bus_sigma": 0.9131, "bus_tau_mean": 2.3853, "bus_tau_std": 9.2661, "bus_v_mean": 19.9517, "bus_v_std": 2.8296, "car_acc": 2.491, "car_dcc": 0.5762, "car_lcAssertive": 93.1225, "car_lcCooperative": 0.4171, "car_lcLookaheadLeft": 47.646, "car_lcPushy": 0.831, "car_lcSigma": 0.1724, "car_lcSpeedGainRight": 2.4732, "car_lcSublane": 0.2375, "car_sigma": 0.49, "car_tau_mean": 3.6253, "car_tau_std": 3.3248, "car_v_mean": 19.8968, "car_v_std": 13.6573}, "datetime": {"datetime": "2024-09-05 13:35:53", "elapsed": 10008.652634, "delta": 16.398611}}
{"target": -0.20383171067729747, "params": {"bus_acc": 2.7724, "bus_dcc": 3.7184, "bus_lcAssertive": 45.6091, "bus_lcCooperative": 0.2898, "bus_lcLookaheadLeft": 85.0883, "bus_lcPushy": 0.7161, "bus_lcSigma": 0.8814, "bus_lcSpeedGainRight": 3.9924, "bus_lcSublane": 0.6983, "bus_sigma": 0.5853, "bus_tau_mean": 3.7679, "bus_tau_std": 8.7172, "bus_v_mean": 11.6921, "bus_v_std": 6.185, "car_acc": 0.8393, "car_dcc": 0.6981, "car_lcAssertive": 7.3175, "car_lcCooperative": 0.5766, "car_lcLookaheadLeft": 63.1505, "car_lcPushy": 0.3436, "car_lcSigma": 0.6899, "car_lcSpeedGainRight": 4.8251, "car_lcSublane": 0.6549, "car_sigma": 0.7495, "car_tau_mean": 2.6464, "car_tau_std": 9.7225, "car_v_mean": 18.5553, "car_v_std": 0.0915}, "datetime": {"datetime": "2024-09-05 13:36:07", "elapsed": 10023.042748, "delta": 14.390114}}
{"target": -0.2936322887031276, "params": {"bus_acc": 3.5151, "bus_dcc": 0.6407, "bus_lcAssertive": 49.5646, "bus_lcCooperative": 0.2346, "bus_lcLookaheadLeft": 43.5597, "bus_lcPushy": 0.3922, "bus_lcSigma": 0.9556, "bus_lcSpeedGainRight": 2.402, "bus_lcSublane": 0.9763, "bus_sigma": 0.8601, "bus_tau_mean": 2.9698, "bus_tau_std": 3.6601, "bus_v_mean": 25.5711, "bus_v_std": 6.4342, "car_acc": 3.618, "car_dcc": 1.0128, "car_lcAssertive": 30.8918, "car_lcCooperative": 0.0525, "car_lcLookaheadLeft": 83.463, "car_lcPushy": 0.7178, "car_lcSigma": 0.3584, "car_lcSpeedGainRight": 3.4635, "car_lcSublane": 0.0023, "car_sigma": 0.9926, "car_tau_mean": 2.9207, "car_tau_std": 3.876, "car_v_mean": 14.9884, "car_v_std": 0.8663}, "datetime": {"datetime": "2024-09-05 13:36:21", "elapsed": 10036.523306, "delta": 13.480558}}
{"target": -0.40678377172949637, "params": {"bus_acc": 0.7725, "bus_dcc": 1.9067, "bus_lcAssertive": 21.6761, "bus_lcCooperative": 0.5747, "bus_lcLookaheadLeft": 59.6696, "bus_lcPushy": 0.5491, "bus_lcSigma": 0.3794, "bus_lcSpeedGainRight": 0.4428, "bus_lcSublane": 0.6377, "bus_sigma": 0.3333, "bus_tau_mean": 2.7046, "bus_tau_std": 8.0771, "bus_v_mean": 19.9606, "bus_v_std": 14.258, "car_acc": 3.9074, "car_dcc": 3.4362, "car_lcAssertive": 16.312, "car_lcCooperative": 0.1491, "car_lcLookaheadLeft": 3.2764, "car_lcPushy": 0.7604, "car_lcSigma": 0.7666, "car_lcSpeedGainRight": 1.6304, "car_lcSublane": 0.0511, "car_sigma": 0.9817, "car_tau_mean": 1.8764, "car_tau_std": 6.9516, "car_v_mean": 20.1383, "car_v_std": 9.678}, "datetime": {"datetime": "2024-09-05 13:36:34", "elapsed": 10050.451893, "delta": 13.928587}}
{"target": -0.20080515340703764, "params": {"bus_acc": 0.9224, "bus_dcc": 3.5889, "bus_lcAssertive": 15.7291, "bus_lcCooperative": 0.5842, "bus_lcLookaheadLeft": 98.8825, "bus_lcPushy": 0.9183, "bus_lcSigma": 0.5212, "bus_lcSpeedGainRight": 4.6626, "bus_lcSublane": 0.8313, "bus_sigma": 0.0836, "bus_tau_mean": 0.8648, "bus_tau_std": 6.7365, "bus_v_mean": 12.3107, "bus_v_std": 1.6602, "car_acc": 1.1649, "car_dcc": 0.6113, "car_lcAssertive": 69.7789, "car_lcCooperative": 0.4606, "car_lcLookaheadLeft": 18.3403, "car_lcPushy": 0.4584, "car_lcSigma": 0.7466, "car_lcSpeedGainRight": 1.8974, "car_lcSublane": 0.1916, "car_sigma": 0.7301, "car_tau_mean": 2.0854, "car_tau_std": 0.1315, "car_v_mean": 10.8861, "car_v_std": 11.5365}, "datetime": {"datetime": "2024-09-05 13:36:50", "elapsed": 10066.050088, "delta": 15.598195}}
{"target": -0.17396058810754736, "params": {"bus_acc": 3.3319, "bus_dcc": 3.7517, "bus_lcAssertive": 23.049, "bus_lcCooperative": 0.634, "bus_lcLookaheadLeft": 51.6232, "bus_lcPushy": 0.3423, "bus_lcSigma": 0.5798, "bus_lcSpeedGainRight": 0.8981, "bus_lcSublane": 0.96, "bus_sigma": 0.7853, "bus_tau_mean": 3.308, "bus_tau_std": 9.9737, "bus_v_mean": 25.2146, "bus_v_std": 13.098, "car_acc": 2.7468, "car_dcc": 3.9142, "car_lcAssertive": 35.8096, "car_lcCooperative": 0.1623, "car_lcLookaheadLeft": 24.6836, "car_lcPushy": 0.7819, "car_lcSigma": 0.0622, "car_lcSpeedGainRight": 0.7518, "car_lcSublane": 0.3731, "car_sigma": 0.608, "car_tau_mean": 3.1397, "car_tau_std": 6.1305, "car_v_mean": 14.3153, "car_v_std": 15.7247}, "datetime": {"datetime": "2024-09-05 13:37:18", "elapsed": 10093.912219, "delta": 27.862131}}
{"target": -0.22662548874445596, "params": {"bus_acc": 3.5089, "bus_dcc": 3.6179, "bus_lcAssertive": 7.8387, "bus_lcCooperative": 0.8668, "bus_lcLookaheadLeft": 7.9693, "bus_lcPushy": 0.7471, "bus_lcSigma": 0.3253, "bus_lcSpeedGainRight": 0.321, "bus_lcSublane": 0.4003, "bus_sigma": 0.6797, "bus_tau_mean": 2.3682, "bus_tau_std": 2.3258, "bus_v_mean": 10.051, "bus_v_std": 4.9344, "car_acc": 1.5822, "car_dcc": 0.2126, "car_lcAssertive": 99.3146, "car_lcCooperative": 0.8943, "car_lcLookaheadLeft": 61.5293, "car_lcPushy": 0.1214, "car_lcSigma": 0.899, "car_lcSpeedGainRight": 4.863, "car_lcSublane": 0.3616, "car_sigma": 0.9254, "car_tau_mean": 3.7206, "car_tau_std": 5.5511, "car_v_mean": 14.2033, "car_v_std": 17.5769}, "datetime": {"datetime": "2024-09-05 13:37:32", "elapsed": 10108.132805, "delta": 14.220586}}
{"target": -0.18668210260457252, "params": {"bus_acc": 2.2915, "bus_dcc": 2.3289, "bus_lcAssertive": 62.9913, "bus_lcCooperative": 0.3937, "bus_lcLookaheadLeft": 76.5929, "bus_lcPushy": 0.9882, "bus_lcSigma": 0.5863, "bus_lcSpeedGainRight": 0.6502, "bus_lcSublane": 0.3244, "bus_sigma": 0.4447, "bus_tau_mean": 1.1954, "bus_tau_std": 1.278, "bus_v_mean": 8.4363, "bus_v_std": 11.8834, "car_acc": 2.6958, "car_dcc": 1.7294, "car_lcAssertive": 88.3622, "car_lcCooperative": 0.5064, "car_lcLookaheadLeft": 89.6154, "car_lcPushy": 0.7538, "car_lcSigma": 0.3416, "car_lcSpeedGainRight": 4.7183, "car_lcSublane": 0.7303, "car_sigma": 0.6825, "car_tau_mean": 1.5372, "car_tau_std": 8.7212, "car_v_mean": 24.8416, "car_v_std": 6.2192}, "datetime": {"datetime": "2024-09-05 13:37:47", "elapsed": 10123.269703, "delta": 15.136898}}
{"target": -0.19125031893937341, "params": {"bus_acc": 1.4577, "bus_dcc": 3.6994, "bus_lcAssertive": 82.2547, "bus_lcCooperative": 0.1098, "bus_lcLookaheadLeft": 68.1417, "bus_lcPushy": 0.2299, "bus_lcSigma": 0.0623, "bus_lcSpeedGainRight": 0.9809, "bus_lcSublane": 0.7977, "bus_sigma": 0.1139, "bus_tau_mean": 0.5355, "bus_tau_std": 3.7746, "bus_v_mean": 13.8956, "bus_v_std": 5.536, "car_acc": 2.5145, "car_dcc": 1.3072, "car_lcAssertive": 42.3005, "car_lcCooperative": 0.984, "car_lcLookaheadLeft": 98.2232, "car_lcPushy": 0.6425, "car_lcSigma": 0.722, "car_lcSpeedGainRight": 3.7565, "car_lcSublane": 0.7338, "car_sigma": 0.227, "car_tau_mean": 3.0205, "car_tau_std": 7.5878, "car_v_mean": 18.3998, "car_v_std": 3.8833}, "datetime": {"datetime": "2024-09-05 13:38:15", "elapsed": 10150.979464, "delta": 27.709761}}
{"target": -0.26516847885398437, "params": {"bus_acc": 3.868, "bus_dcc": 1.6526, "bus_lcAssertive": 80.4889, "bus_lcCooperative": 0.7088, "bus_lcLookaheadLeft": 91.6822, "bus_lcPushy": 0.0981, "bus_lcSigma": 0.9143, "bus_lcSpeedGainRight": 1.2694, "bus_lcSublane": 0.2698, "bus_sigma": 0.0067, "bus_tau_mean": 2.368, "bus_tau_std": 2.3708, "bus_v_mean": 18.9107, "bus_v_std": 8.8891, "car_acc": 1.9796, "car_dcc": 0.3104, "car_lcAssertive": 99.2049, "car_lcCooperative": 0.394, "car_lcLookaheadLeft": 87.6116, "car_lcPushy": 0.2627, "car_lcSigma": 0.0721, "car_lcSpeedGainRight": 2.8019, "car_lcSublane": 0.0825, "car_sigma": 0.1318, "car_tau_mean": 2.1166, "car_tau_std": 4.4471, "car_v_mean": 16.4681, "car_v_std": 2.2573}, "datetime": {"datetime": "2024-09-05 13:38:29", "elapsed": 10164.718319, "delta": 13.738855}}
{"target": -0.17784793911221994, "params": {"bus_acc": 1.0481, "bus_dcc": 3.7037, "bus_lcAssertive": 81.1467, "bus_lcCooperative": 0.4826, "bus_lcLookaheadLeft": 58.5777, "bus_lcPushy": 0.8518, "bus_lcSigma": 0.7774, "bus_lcSpeedGainRight": 1.0697, "bus_lcSublane": 0.6318, "bus_sigma": 0.4534, "bus_tau_mean": 0.7828, "bus_tau_std": 2.4181, "bus_v_mean": 8.3047, "bus_v_std": 18.5546, "car_acc": 0.802, "car_dcc": 0.7666, "car_lcAssertive": 61.2529, "car_lcCooperative": 0.1852, "car_lcLookaheadLeft": 23.5084, "car_lcPushy": 0.9716, "car_lcSigma": 0.1689, "car_lcSpeedGainRight": 4.8534, "car_lcSublane": 0.9507, "car_sigma": 0.3452, "car_tau_mean": 2.0755, "car_tau_std": 4.4845, "car_v_mean": 21.6905, "car_v_std": 12.6808}, "datetime": {"datetime": "2024-09-05 13:38:42", "elapsed": 10178.214254, "delta": 13.495935}}
{"target": -0.45660612326290567, "params": {"bus_acc": 2.7223, "bus_dcc": 0.359, "bus_lcAssertive": 75.337, "bus_lcCooperative": 0.8489, "bus_lcLookaheadLeft": 38.8883, "bus_lcPushy": 0.1681, "bus_lcSigma": 0.2512, "bus_lcSpeedGainRight": 0.5306, "bus_lcSublane": 0.576, "bus_sigma": 0.2227, "bus_tau_mean": 3.5805, "bus_tau_std": 4.5809, "bus_v_mean": 25.0439, "bus_v_std": 1.5143, "car_acc": 2.9348, "car_dcc": 2.1566, "car_lcAssertive": 1.7939, "car_lcCooperative": 0.3454, "car_lcLookaheadLeft": 72.5729, "car_lcPushy": 0.0414, "car_lcSigma": 0.1704, "car_lcSpeedGainRight": 3.6361, "car_lcSublane": 0.344, "car_sigma": 0.6687, "car_tau_mean": 1.4652, "car_tau_std": 7.4903, "car_v_mean": 24.0707, "car_v_std": 5.0915}, "datetime": {"datetime": "2024-09-05 13:38:57", "elapsed": 10193.056186, "delta": 14.841932}}
{"target": -0.5621560095215915, "params": {"bus_acc": 2.3174, "bus_dcc": 2.8411, "bus_lcAssertive": 33.8474, "bus_lcCooperative": 0.0521, "bus_lcLookaheadLeft": 94.4366, "bus_lcPushy": 0.1108, "bus_lcSigma": 0.9874, "bus_lcSpeedGainRight": 0.8459, "bus_lcSublane": 0.817, "bus_sigma": 0.1959, "bus_tau_mean": 0.8346, "bus_tau_std": 1.513, "bus_v_mean": 23.3759, "bus_v_std": 9.2479, "car_acc": 3.9103, "car_dcc": 2.461, "car_lcAssertive": 24.1916, "car_lcCooperative": 0.0744, "car_lcLookaheadLeft": 96.9421, "car_lcPushy": 0.4249, "car_lcSigma": 0.9809, "car_lcSpeedGainRight": 3.9372, "car_lcSublane": 0.4544, "car_sigma": 0.5392, "car_tau_mean": 2.4559, "car_tau_std": 7.092, "car_v_mean": 10.4292, "car_v_std": 15.6306}, "datetime": {"datetime": "2024-09-05 13:39:10", "elapsed": 10206.172234, "delta": 13.116048}}
