{"target": -0.37089344316855066, "params": {"bus_acc": 2.2337, "bus_dcc": 2.8896, "bus_lcAssertive": 92.5899, "bus_lcCooperative": 0.2022, "bus_lcLookaheadLeft": 93.1171, "bus_lcPushy": 0.2436, "bus_lcSigma": 0.6853, "bus_lcSpeedGainRight": 2.3504, "bus_lcSublane": 0.5075, "bus_sigma": 0.1366, "bus_tau_mean": 3.1081, "bus_tau_std": 4.2389, "bus_v_mean": 8.5107, "bus_v_std": 13.8791, "car_acc": 3.2771, "car_dcc": 3.9826, "car_lcAssertive": 21.1087, "car_lcCooperative": 0.3286, "car_lcLookaheadLeft": 27.2753, "car_lcPushy": 0.3958, "car_lcSigma": 0.2319, "car_lcSpeedGainRight": 4.1733, "car_lcSublane": 0.1379, "car_sigma": 0.0991, "car_tau_mean": 0.569, "car_tau_std": 5.3549, "car_v_mean": 24.3892, "car_v_std": 18.1261}, "datetime": {"datetime": "2024-08-11 20:02:21", "elapsed": 8412.10344, "delta": 5.513721}}
{"target": -0.3702098478691955, "params": {"bus_acc": 2.8195, "bus_dcc": 1.6066, "bus_lcAssertive": 66.4585, "bus_lcCooperative": 0.0466, "bus_lcLookaheadLeft": 63.6435, "bus_lcPushy": 0.2082, "bus_lcSigma": 0.5845, "bus_lcSpeedGainRight": 2.414, "bus_lcSublane": 0.1657, "bus_sigma": 0.5592, "bus_tau_mean": 3.0254, "bus_tau_std": 5.7597, "bus_v_mean": 15.37, "bus_v_std": 13.9175, "car_acc": 1.6581, "car_dcc": 3.5472, "car_lcAssertive": 76.6309, "car_lcCooperative": 0.7453, "car_lcLookaheadLeft": 49.6678, "car_lcPushy": 0.8443, "car_lcSigma": 0.2671, "car_lcSpeedGainRight": 4.4714, "car_lcSublane": 0.7152, "car_sigma": 0.9746, "car_tau_mean": 2.5394, "car_tau_std": 5.1951, "car_v_mean": 19.8375, "car_v_std": 8.021}, "datetime": {"datetime": "2024-08-11 20:02:27", "elapsed": 8417.879965, "delta": 5.776525}}
{"target": -0.3442220090428449, "params": {"bus_acc": 2.6683, "bus_dcc": 1.6114, "bus_lcAssertive": 20.9243, "bus_lcCooperative": 0.8504, "bus_lcLookaheadLeft": 7.1356, "bus_lcPushy": 0.4768, "bus_lcSigma": 0.0725, "bus_lcSpeedGainRight": 2.651, "bus_lcSublane": 0.4857, "bus_sigma": 0.6704, "bus_tau_mean": 2.5298, "bus_tau_std": 5.2924, "bus_v_mean": 21.6569, "bus_v_std": 8.8663, "car_acc": 1.2837, "car_dcc": 2.4862, "car_lcAssertive": 88.4836, "car_lcCooperative": 0.6566, "car_lcLookaheadLeft": 91.9307, "car_lcPushy": 0.1074, "car_lcSigma": 0.3983, "car_lcSpeedGainRight": 2.3189, "car_lcSublane": 0.0278, "car_sigma": 0.1516, "car_tau_mean": 3.1032, "car_tau_std": 5.7358, "car_v_mean": 24.2966, "car_v_std": 4.5735}, "datetime": {"datetime": "2024-08-11 20:02:36", "elapsed": 8427.59213, "delta": 9.712165}}
{"target": -0.39399227275441856, "params": {"bus_acc": 1.642, "bus_dcc": 3.1892, "bus_lcAssertive": 34.1442, "bus_lcCooperative": 0.9703, "bus_lcLookaheadLeft": 39.9239, "bus_lcPushy": 0.3854, "bus_lcSigma": 0.1304, "bus_lcSpeedGainRight": 1.5567, "bus_lcSublane": 0.9589, "bus_sigma": 0.0499, "bus_tau_mean": 0.5815, "bus_tau_std": 8.0712, "bus_v_mean": 22.8269, "bus_v_std": 5.5723, "car_acc": 3.2929, "car_dcc": 2.9721, "car_lcAssertive": 69.8357, "car_lcCooperative": 0.4218, "car_lcLookaheadLeft": 60.5299, "car_lcPushy": 0.1126, "car_lcSigma": 0.0028, "car_lcSpeedGainRight": 0.7894, "car_lcSublane": 0.3533, "car_sigma": 0.8383, "car_tau_mean": 0.6767, "car_tau_std": 0.7572, "car_v_mean": 23.2791, "car_v_std": 16.787}, "datetime": {"datetime": "2024-08-11 20:02:41", "elapsed": 8432.530245, "delta": 4.938115}}
{"target": -0.33920150592362536, "params": {"bus_acc": 0.5109, "bus_dcc": 2.2158, "bus_lcAssertive": 21.946, "bus_lcCooperative": 0.9624, "bus_lcLookaheadLeft": 60.4426, "bus_lcPushy": 0.285, "bus_lcSigma": 0.5378, "bus_lcSpeedGainRight": 3.9248, "bus_lcSublane": 0.4637, "bus_sigma": 0.8572, "bus_tau_mean": 0.9461, "bus_tau_std": 0.9563, "bus_v_mean": 23.8202, "bus_v_std": 8.5854, "car_acc": 2.5294, "car_dcc": 2.7717, "car_lcAssertive": 55.9763, "car_lcCooperative": 0.2802, "car_lcLookaheadLeft": 72.8865, "car_lcPushy": 0.5999, "car_lcSigma": 0.8048, "car_lcSpeedGainRight": 3.8672, "car_lcSublane": 0.6666, "car_sigma": 0.1776, "car_tau_mean": 3.9465, "car_tau_std": 0.5049, "car_v_mean": 11.4163, "car_v_std": 2.2454}, "datetime": {"datetime": "2024-08-11 20:02:47", "elapsed": 8437.749149, "delta": 5.218904}}
{"target": -0.46836289620219124, "params": {"bus_acc": 3.8915, "bus_dcc": 0.8312, "bus_lcAssertive": 63.7246, "bus_lcCooperative": 0.2867, "bus_lcLookaheadLeft": 33.7371, "bus_lcPushy": 0.6323, "bus_lcSigma": 0.7899, "bus_lcSpeedGainRight": 2.2773, "bus_lcSublane": 0.0553, "bus_sigma": 0.1173, "bus_tau_mean": 2.7676, "bus_tau_std": 1.1341, "bus_v_mean": 19.1247, "bus_v_std": 4.9731, "car_acc": 2.1242, "car_dcc": 2.3465, "car_lcAssertive": 8.3491, "car_lcCooperative": 0.4565, "car_lcLookaheadLeft": 17.4015, "car_lcPushy": 0.1432, "car_lcSigma": 0.1446, "car_lcSpeedGainRight": 3.9555, "car_lcSublane": 0.28, "car_sigma": 0.0031, "car_tau_mean": 1.8847, "car_tau_std": 7.4271, "car_v_mean": 8.4877, "car_v_std": 3.3643}, "datetime": {"datetime": "2024-08-11 20:02:53", "elapsed": 8444.113442, "delta": 6.364293}}
{"target": -0.603266256188348, "params": {"bus_acc": 2.1788, "bus_dcc": 2.2938, "bus_lcAssertive": 86.8549, "bus_lcCooperative": 0.6552, "bus_lcLookaheadLeft": 56.6066, "bus_lcPushy": 0.2981, "bus_lcSigma": 0.2513, "bus_lcSpeedGainRight": 2.666, "bus_lcSublane": 0.5489, "bus_sigma": 0.9727, "bus_tau_mean": 2.0273, "bus_tau_std": 5.4929, "bus_v_mean": 10.8187, "bus_v_std": 6.4996, "car_acc": 3.5169, "car_dcc": 0.5975, "car_lcAssertive": 5.4459, "car_lcCooperative": 0.4126, "car_lcLookaheadLeft": 55.7783, "car_lcPushy": 0.21, "car_lcSigma": 0.0059, "car_lcSpeedGainRight": 4.8409, "car_lcSublane": 0.5453, "car_sigma": 0.6964, "car_tau_mean": 3.0086, "car_tau_std": 0.531, "car_v_mean": 18.8271, "car_v_std": 0.8398}, "datetime": {"datetime": "2024-08-11 20:02:59", "elapsed": 8449.696949, "delta": 5.583507}}
{"target": -0.27369336093277424, "params": {"bus_acc": 2.7334, "bus_dcc": 2.141, "bus_lcAssertive": 11.2469, "bus_lcCooperative": 0.2512, "bus_lcLookaheadLeft": 50.9312, "bus_lcPushy": 0.7446, "bus_lcSigma": 0.716, "bus_lcSpeedGainRight": 1.9162, "bus_lcSublane": 0.0173, "bus_sigma": 0.3917, "bus_tau_mean": 3.5033, "bus_tau_std": 9.5559, "bus_v_mean": 13.035, "bus_v_std": 17.337, "car_acc": 0.9605, "car_dcc": 3.6816, "car_lcAssertive": 53.6011, "car_lcCooperative": 0.2324, "car_lcLookaheadLeft": 55.1265, "car_lcPushy": 0.6382, "car_lcSigma": 0.0873, "car_lcSpeedGainRight": 3.1032, "car_lcSublane": 0.9542, "car_sigma": 0.657, "car_tau_mean": 3.4484, "car_tau_std": 1.985, "car_v_mean": 19.8769, "car_v_std": 7.5768}, "datetime": {"datetime": "2024-08-11 20:03:04", "elapsed": 8455.068612, "delta": 5.371663}}
{"target": -0.42381930589212174, "params": {"bus_acc": 1.7436, "bus_dcc": 0.9646, "bus_lcAssertive": 86.2692, "bus_lcCooperative": 0.9747, "bus_lcLookaheadLeft": 35.5367, "bus_lcPushy": 0.6089, "bus_lcSigma": 0.7434, "bus_lcSpeedGainRight": 3.2373, "bus_lcSublane": 0.1941, "bus_sigma": 0.4954, "bus_tau_mean": 3.2985, "bus_tau_std": 8.2836, "bus_v_mean": 23.5037, "bus_v_std": 0.8315, "car_acc": 2.9911, "car_dcc": 1.6328, "car_lcAssertive": 48.0556, "car_lcCooperative": 0.6456, "car_lcLookaheadLeft": 65.396, "car_lcPushy": 0.7619, "car_lcSigma": 0.8432, "car_lcSpeedGainRight": 3.8764, "car_lcSublane": 0.8276, "car_sigma": 0.8052, "car_tau_mean": 1.7443, "car_tau_std": 1.9617, "car_v_mean": 16.6729, "car_v_std": 10.774}, "datetime": {"datetime": "2024-08-11 20:03:10", "elapsed": 8460.704676, "delta": 5.636064}}
{"target": -0.32829437654610144, "params": {"bus_acc": 2.2729, "bus_dcc": 1.2462, "bus_lcAssertive": 3.2859, "bus_lcCooperative": 0.8589, "bus_lcLookaheadLeft": 86.2455, "bus_lcPushy": 0.1435, "bus_lcSigma": 0.188, "bus_lcSpeedGainRight": 2.9283, "bus_lcSublane": 0.8966, "bus_sigma": 0.9575, "bus_tau_mean": 2.522, "bus_tau_std": 9.3692, "bus_v_mean": 21.8403, "bus_v_std": 0.7777, "car_acc": 2.4674, "car_dcc": 3.4275, "car_lcAssertive": 92.6236, "car_lcCooperative": 0.0094, "car_lcLookaheadLeft": 22.3543, "car_lcPushy": 0.5952, "car_lcSigma": 0.9792, "car_lcSpeedGainRight": 3.6007, "car_lcSublane": 0.9947, "car_sigma": 0.256, "car_tau_mean": 2.8969, "car_tau_std": 7.5776, "car_v_mean": 21.7528, "car_v_std": 6.112}, "datetime": {"datetime": "2024-08-11 20:03:15", "elapsed": 8466.023148, "delta": 5.318472}}
{"target": -0.3973209304427836, "params": {"bus_acc": 2.5922, "bus_dcc": 3.409, "bus_lcAssertive": 73.3356, "bus_lcCooperative": 0.66, "bus_lcLookaheadLeft": 20.8638, "bus_lcPushy": 0.0764, "bus_lcSigma": 0.4922, "bus_lcSpeedGainRight": 3.1842, "bus_lcSublane": 0.3162, "bus_sigma": 0.5306, "bus_tau_mean": 3.7445, "bus_tau_std": 0.9468, "bus_v_mean": 19.8653, "bus_v_std": 4.8741, "car_acc": 2.1733, "car_dcc": 1.7566, "car_lcAssertive": 98.0906, "car_lcCooperative": 0.4768, "car_lcLookaheadLeft": 26.7431, "car_lcPushy": 0.5695, "car_lcSigma": 0.9895, "car_lcSpeedGainRight": 3.484, "car_lcSublane": 0.0206, "car_sigma": 0.7164, "car_tau_mean": 2.9534, "car_tau_std": 4.6011, "car_v_mean": 24.8188, "car_v_std": 12.5664}, "datetime": {"datetime": "2024-08-11 20:03:21", "elapsed": 8471.898614, "delta": 5.875466}}
{"target": -0.21942009543049598, "params": {"bus_acc": 2.3512, "bus_dcc": 3.6208, "bus_lcAssertive": 19.5534, "bus_lcCooperative": 0.7741, "bus_lcLookaheadLeft": 8.8783, "bus_lcPushy": 0.3262, "bus_lcSigma": 0.096, "bus_lcSpeedGainRight": 0.1566, "bus_lcSublane": 0.7535, "bus_sigma": 0.0716, "bus_tau_mean": 3.7163, "bus_tau_std": 9.4802, "bus_v_mean": 18.5673, "bus_v_std": 13.6617, "car_acc": 0.2861, "car_dcc": 3.7494, "car_lcAssertive": 34.7327, "car_lcCooperative": 0.4526, "car_lcLookaheadLeft": 52.9275, "car_lcPushy": 0.5145, "car_lcSigma": 0.991, "car_lcSpeedGainRight": 4.5594, "car_lcSublane": 0.1146, "car_sigma": 0.6468, "car_tau_mean": 3.2914, "car_tau_std": 2.0384, "car_v_mean": 23.2168, "car_v_std": 10.2809}, "datetime": {"datetime": "2024-08-11 20:03:31", "elapsed": 8482.050421, "delta": 10.151807}}
{"target": -0.4006482621749359, "params": {"bus_acc": 1.9492, "bus_dcc": 2.3576, "bus_lcAssertive": 16.7108, "bus_lcCooperative": 0.5535, "bus_lcLookaheadLeft": 54.7952, "bus_lcPushy": 0.2, "bus_lcSigma": 0.5138, "bus_lcSpeedGainRight": 2.1233, "bus_lcSublane": 0.0618, "bus_sigma": 0.2747, "bus_tau_mean": 3.6603, "bus_tau_std": 5.0707, "bus_v_mean": 19.1296, "bus_v_std": 13.37, "car_acc": 3.143, "car_dcc": 1.2265, "car_lcAssertive": 39.7907, "car_lcCooperative": 0.993, "car_lcLookaheadLeft": 75.339, "car_lcPushy": 0.4795, "car_lcSigma": 0.8395, "car_lcSpeedGainRight": 4.0237, "car_lcSublane": 0.1557, "car_sigma": 0.9196, "car_tau_mean": 2.6153, "car_tau_std": 2.3809, "car_v_mean": 21.8132, "car_v_std": 15.5169}, "datetime": {"datetime": "2024-08-11 20:03:37", "elapsed": 8487.7879, "delta": 5.737479}}
{"target": -0.3597530263252721, "params": {"bus_acc": 0.6233, "bus_dcc": 1.2445, "bus_lcAssertive": 69.6785, "bus_lcCooperative": 0.5967, "bus_lcLookaheadLeft": 36.3883, "bus_lcPushy": 0.6779, "bus_lcSigma": 0.2773, "bus_lcSpeedGainRight": 3.2963, "bus_lcSublane": 0.5915, "bus_sigma": 0.5987, "bus_tau_mean": 2.9398, "bus_tau_std": 3.5162, "bus_v_mean": 24.9024, "bus_v_std": 18.7312, "car_acc": 3.8888, "car_dcc": 2.5264, "car_lcAssertive": 32.6631, "car_lcCooperative": 0.505, "car_lcLookaheadLeft": 13.0119, "car_lcPushy": 0.9388, "car_lcSigma": 0.7797, "car_lcSpeedGainRight": 0.8559, "car_lcSublane": 0.0649, "car_sigma": 0.976, "car_tau_mean": 1.0095, "car_tau_std": 4.2245, "car_v_mean": 21.3229, "car_v_std": 19.0543}, "datetime": {"datetime": "2024-08-11 20:03:42", "elapsed": 8492.957245, "delta": 5.169345}}
{"target": -0.3003986439543324, "params": {"bus_acc": 2.614, "bus_dcc": 2.3924, "bus_lcAssertive": 88.5299, "bus_lcCooperative": 0.9938, "bus_lcLookaheadLeft": 12.0316, "bus_lcPushy": 0.9629, "bus_lcSigma": 0.998, "bus_lcSpeedGainRight": 0.1693, "bus_lcSublane": 0.1915, "bus_sigma": 0.3961, "bus_tau_mean": 3.2289, "bus_tau_std": 8.9633, "bus_v_mean": 22.0924, "bus_v_std": 2.5103, "car_acc": 0.7424, "car_dcc": 2.0829, "car_lcAssertive": 97.08, "car_lcCooperative": 0.2822, "car_lcLookaheadLeft": 39.0563, "car_lcPushy": 0.5794, "car_lcSigma": 0.6182, "car_lcSpeedGainRight": 1.728, "car_lcSublane": 0.0012, "car_sigma": 0.2538, "car_tau_mean": 2.407, "car_tau_std": 3.4947, "car_v_mean": 11.907, "car_v_std": 0.7802}, "datetime": {"datetime": "2024-08-11 20:03:51", "elapsed": 8502.484055, "delta": 9.52681}}
{"target": -0.4020153513578495, "params": {"bus_acc": 3.0247, "bus_dcc": 2.2455, "bus_lcAssertive": 96.4226, "bus_lcCooperative": 0.9896, "bus_lcLookaheadLeft": 86.8293, "bus_lcPushy": 0.8846, "bus_lcSigma": 0.2623, "bus_lcSpeedGainRight": 4.1655, "bus_lcSublane": 0.1026, "bus_sigma": 0.1372, "bus_tau_mean": 0.8181, "bus_tau_std": 9.5823, "bus_v_mean": 15.7978, "bus_v_std": 10.1325, "car_acc": 0.8995, "car_dcc": 3.7183, "car_lcAssertive": 59.0648, "car_lcCooperative": 0.2463, "car_lcLookaheadLeft": 82.2879, "car_lcPushy": 0.6737, "car_lcSigma": 0.7229, "car_lcSpeedGainRight": 1.7454, "car_lcSublane": 0.7809, "car_sigma": 0.9766, "car_tau_mean": 1.0336, "car_tau_std": 4.7876, "car_v_mean": 16.7159, "car_v_std": 18.6096}, "datetime": {"datetime": "2024-08-11 20:03:59", "elapsed": 8510.20015, "delta": 7.716095}}
{"target": -0.5345748500081021, "params": {"bus_acc": 1.8621, "bus_dcc": 1.0093, "bus_lcAssertive": 17.4597, "bus_lcCooperative": 0.8323, "bus_lcLookaheadLeft": 20.5162, "bus_lcPushy": 0.7177, "bus_lcSigma": 0.1047, "bus_lcSpeedGainRight": 0.9715, "bus_lcSublane": 0.1408, "bus_sigma": 0.9361, "bus_tau_mean": 2.6637, "bus_tau_std": 1.3059, "bus_v_mean": 17.7453, "bus_v_std": 1.0517, "car_acc": 3.7863, "car_dcc": 1.3296, "car_lcAssertive": 28.1867, "car_lcCooperative": 0.1408, "car_lcLookaheadLeft": 49.6695, "car_lcPushy": 0.2116, "car_lcSigma": 0.2283, "car_lcSpeedGainRight": 2.3106, "car_lcSublane": 0.4324, "car_sigma": 0.4356, "car_tau_mean": 3.8235, "car_tau_std": 2.8159, "car_v_mean": 9.5612, "car_v_std": 19.7778}, "datetime": {"datetime": "2024-08-11 20:04:07", "elapsed": 8517.968346, "delta": 7.768196}}
{"target": -0.3490515667432426, "params": {"bus_acc": 3.3817, "bus_dcc": 1.3967, "bus_lcAssertive": 77.455, "bus_lcCooperative": 0.6241, "bus_lcLookaheadLeft": 54.1493, "bus_lcPushy": 0.5756, "bus_lcSigma": 0.4773, "bus_lcSpeedGainRight": 4.5036, "bus_lcSublane": 0.4968, "bus_sigma": 0.4755, "bus_tau_mean": 0.9313, "bus_tau_std": 1.6047, "bus_v_mean": 18.5988, "bus_v_std": 0.9063, "car_acc": 2.3544, "car_dcc": 1.6802, "car_lcAssertive": 38.3222, "car_lcCooperative": 0.5265, "car_lcLookaheadLeft": 33.6043, "car_lcPushy": 0.6224, "car_lcSigma": 0.542, "car_lcSpeedGainRight": 4.6993, "car_lcSublane": 0.0659, "car_sigma": 0.2105, "car_tau_mean": 3.0644, "car_tau_std": 4.0085, "car_v_mean": 20.2215, "car_v_std": 2.939}, "datetime": {"datetime": "2024-08-11 20:04:17", "elapsed": 8528.575435, "delta": 10.607089}}
{"target": -0.5801975997120332, "params": {"bus_acc": 1.3352, "bus_dcc": 0.6608, "bus_lcAssertive": 9.4659, "bus_lcCooperative": 0.9504, "bus_lcLookaheadLeft": 35.3043, "bus_lcPushy": 0.3526, "bus_lcSigma": 0.6932, "bus_lcSpeedGainRight": 1.2723, "bus_lcSublane": 0.5255, "bus_sigma": 0.1511, "bus_tau_mean": 2.2171, "bus_tau_std": 8.4747, "bus_v_mean": 8.0482, "bus_v_std": 2.0036, "car_acc": 2.4751, "car_dcc": 3.134, "car_lcAssertive": 19.3133, "car_lcCooperative": 0.6927, "car_lcLookaheadLeft": 36.6973, "car_lcPushy": 0.1507, "car_lcSigma": 0.0194, "car_lcSpeedGainRight": 1.2443, "car_lcSublane": 0.7348, "car_sigma": 0.9612, "car_tau_mean": 3.1313, "car_tau_std": 0.6115, "car_v_mean": 24.9129, "car_v_std": 15.7832}, "datetime": {"datetime": "2024-08-11 20:04:24", "elapsed": 8534.788489, "delta": 6.213054}}
{"target": -0.4646934715164652, "params": {"bus_acc": 2.5412, "bus_dcc": 2.4226, "bus_lcAssertive": 15.2631, "bus_lcCooperative": 0.823, "bus_lcLookaheadLeft": 35.5263, "bus_lcPushy": 0.2622, "bus_lcSigma": 0.2877, "bus_lcSpeedGainRight": 1.3399, "bus_lcSublane": 0.8313, "bus_sigma": 0.8475, "bus_tau_mean": 0.9754, "bus_tau_std": 5.4607, "bus_v_mean": 9.8436, "bus_v_std": 15.3861, "car_acc": 1.1122, "car_dcc": 2.0801, "car_lcAssertive": 86.3627, "car_lcCooperative": 0.7496, "car_lcLookaheadLeft": 77.4218, "car_lcPushy": 0.5543, "car_lcSigma": 0.858, "car_lcSpeedGainRight": 4.0312, "car_lcSublane": 0.8754, "car_sigma": 0.9687, "car_tau_mean": 1.0139, "car_tau_std": 6.3954, "car_v_mean": 20.5467, "car_v_std": 6.5574}, "datetime": {"datetime": "2024-08-11 20:04:32", "elapsed": 8543.272422, "delta": 8.483933}}
{"target": -0.45330382295971844, "params": {"bus_acc": 1.6377, "bus_dcc": 1.1229, "bus_lcAssertive": 1.1303, "bus_lcCooperative": 0.7563, "bus_lcLookaheadLeft": 36.4972, "bus_lcPushy": 0.4974, "bus_lcSigma": 0.6734, "bus_lcSpeedGainRight": 0.8261, "bus_lcSublane": 0.7206, "bus_sigma": 0.2241, "bus_tau_mean": 2.4963, "bus_tau_std": 2.6636, "bus_v_mean": 25.3893, "bus_v_std": 13.0418, "car_acc": 2.766, "car_dcc": 2.4443, "car_lcAssertive": 64.949, "car_lcCooperative": 0.8401, "car_lcLookaheadLeft": 47.0819, "car_lcPushy": 0.9768, "car_lcSigma": 0.5764, "car_lcSpeedGainRight": 2.8406, "car_lcSublane": 0.0858, "car_sigma": 0.8743, "car_tau_mean": 3.7961, "car_tau_std": 9.7629, "car_v_mean": 19.0093, "car_v_std": 17.6398}, "datetime": {"datetime": "2024-08-11 20:04:41", "elapsed": 8552.459669, "delta": 9.187247}}
{"target": -0.4781238875329601, "params": {"bus_acc": 1.714, "bus_dcc": 2.1359, "bus_lcAssertive": 67.8493, "bus_lcCooperative": 0.9953, "bus_lcLookaheadLeft": 7.4938, "bus_lcPushy": 0.6979, "bus_lcSigma": 0.0594, "bus_lcSpeedGainRight": 3.9439, "bus_lcSublane": 0.1513, "bus_sigma": 0.8343, "bus_tau_mean": 3.2819, "bus_tau_std": 6.0587, "bus_v_mean": 9.9884, "bus_v_std": 15.5251, "car_acc": 2.5378, "car_dcc": 0.3159, "car_lcAssertive": 90.0404, "car_lcCooperative": 0.2987, "car_lcLookaheadLeft": 3.2517, "car_lcPushy": 0.1525, "car_lcSigma": 0.3119, "car_lcSpeedGainRight": 0.8966, "car_lcSublane": 0.4338, "car_sigma": 0.6743, "car_tau_mean": 0.5147, "car_tau_std": 2.3459, "car_v_mean": 13.6296, "car_v_std": 15.9484}, "datetime": {"datetime": "2024-08-11 20:04:47", "elapsed": 8558.161001, "delta": 5.701332}}
{"target": -0.5185836089951862, "params": {"bus_acc": 1.4421, "bus_dcc": 1.2535, "bus_lcAssertive": 32.3993, "bus_lcCooperative": 0.2346, "bus_lcLookaheadLeft": 76.0227, "bus_lcPushy": 0.417, "bus_lcSigma": 0.9053, "bus_lcSpeedGainRight": 0.4151, "bus_lcSublane": 0.8997, "bus_sigma": 0.9932, "bus_tau_mean": 2.1671, "bus_tau_std": 7.8604, "bus_v_mean": 23.798, "bus_v_std": 8.6363, "car_acc": 3.5975, "car_dcc": 2.5458, "car_lcAssertive": 20.2697, "car_lcCooperative": 0.0786, "car_lcLookaheadLeft": 98.4159, "car_lcPushy": 0.0607, "car_lcSigma": 0.0732, "car_lcSpeedGainRight": 3.3051, "car_lcSublane": 0.9988, "car_sigma": 0.601, "car_tau_mean": 1.9103, "car_tau_std": 7.0774, "car_v_mean": 11.67, "car_v_std": 6.8279}, "datetime": {"datetime": "2024-08-11 20:04:57", "elapsed": 8568.049422, "delta": 9.888421}}
{"target": -0.2673103316925581, "params": {"bus_acc": 1.6716, "bus_dcc": 2.4564, "bus_lcAssertive": 70.4273, "bus_lcCooperative": 0.2018, "bus_lcLookaheadLeft": 2.8776, "bus_lcPushy": 0.0672, "bus_lcSigma": 0.6706, "bus_lcSpeedGainRight": 4.5365, "bus_lcSublane": 0.9575, "bus_sigma": 0.1212, "bus_tau_mean": 1.1249, "bus_tau_std": 6.7532, "bus_v_mean": 16.5881, "bus_v_std": 18.3855, "car_acc": 0.6044, "car_dcc": 3.67, "car_lcAssertive": 81.9726, "car_lcCooperative": 0.5108, "car_lcLookaheadLeft": 2.4565, "car_lcPushy": 0.9922, "car_lcSigma": 0.8628, "car_lcSpeedGainRight": 3.2799, "car_lcSublane": 0.6939, "car_sigma": 0.5271, "car_tau_mean": 0.5199, "car_tau_std": 8.2772, "car_v_mean": 13.7588, "car_v_std": 16.8409}, "datetime": {"datetime": "2024-08-11 20:05:05", "elapsed": 8576.112611, "delta": 8.063189}}
{"target": -0.3970568748355379, "params": {"bus_acc": 3.4838, "bus_dcc": 2.0732, "bus_lcAssertive": 59.2929, "bus_lcCooperative": 0.7695, "bus_lcLookaheadLeft": 33.0138, "bus_lcPushy": 0.6136, "bus_lcSigma": 0.8632, "bus_lcSpeedGainRight": 2.7421, "bus_lcSublane": 0.5703, "bus_sigma": 0.9849, "bus_tau_mean": 1.8748, "bus_tau_std": 4.4908, "bus_v_mean": 23.192, "bus_v_std": 9.2415, "car_acc": 1.8452, "car_dcc": 2.5822, "car_lcAssertive": 27.1401, "car_lcCooperative": 0.9393, "car_lcLookaheadLeft": 90.6755, "car_lcPushy": 0.9402, "car_lcSigma": 0.8975, "car_lcSpeedGainRight": 4.3877, "car_lcSublane": 0.6737, "car_sigma": 0.3878, "car_tau_mean": 3.304, "car_tau_std": 0.9153, "car_v_mean": 8.2937, "car_v_std": 10.241}, "datetime": {"datetime": "2024-08-11 20:05:11", "elapsed": 8582.39961, "delta": 6.286999}}
{"target": -0.35563767029262405, "params": {"bus_acc": 3.8122, "bus_dcc": 3.4334, "bus_lcAssertive": 66.1045, "bus_lcCooperative": 0.458, "bus_lcLookaheadLeft": 77.0333, "bus_lcPushy": 0.9577, "bus_lcSigma": 0.5523, "bus_lcSpeedGainRight": 1.7691, "bus_lcSublane": 0.8256, "bus_sigma": 0.8097, "bus_tau_mean": 1.4634, "bus_tau_std": 9.7871, "bus_v_mean": 18.1753, "bus_v_std": 17.8574, "car_acc": 1.2521, "car_dcc": 2.9765, "car_lcAssertive": 88.5031, "car_lcCooperative": 0.5786, "car_lcLookaheadLeft": 18.4462, "car_lcPushy": 0.839, "car_lcSigma": 0.4216, "car_lcSpeedGainRight": 2.1531, "car_lcSublane": 0.0373, "car_sigma": 0.9362, "car_tau_mean": 3.3321, "car_tau_std": 0.1013, "car_v_mean": 18.2345, "car_v_std": 18.8247}, "datetime": {"datetime": "2024-08-11 20:05:21", "elapsed": 8592.586059, "delta": 10.186449}}
