{"target": -0.3690957179227971, "params": {"bus_acc": 2.6381, "bus_dcc": 2.0639, "bus_lcAssertive": 50.6649, "bus_lcCooperative": 0.9815, "bus_lcLookaheadLeft": 38.7735, "bus_lcPushy": 0.8801, "bus_lcSigma": 0.8013, "bus_lcSpeedGainRight": 3.6415, "bus_lcSublane": 0.8906, "bus_sigma": 0.6996, "bus_tau_mean": 1.7647, "bus_tau_std": 1.4979, "bus_v_mean": 24.3224, "bus_v_std": 2.7418, "car_acc": 3.904, "car_dcc": 2.1512, "car_lcAssertive": 61.8288, "car_lcCooperative": 0.15, "car_lcLookaheadLeft": 31.7542, "car_lcPushy": 0.9306, "car_lcSigma": 0.8163, "car_lcSpeedGainRight": 1.1355, "car_lcSublane": 0.7804, "car_sigma": 0.8672, "car_tau_mean": 1.7174, "car_tau_std": 9.2258, "car_v_mean": 17.0222, "car_v_std": 7.0396}, "datetime": {"datetime": "2024-08-11 20:23:39", "elapsed": 9689.839434, "delta": 6.94454}}
{"target": -0.43628088137341997, "params": {"bus_acc": 3.2712, "bus_dcc": 2.9818, "bus_lcAssertive": 46.3353, "bus_lcCooperative": 0.0904, "bus_lcLookaheadLeft": 73.2877, "bus_lcPushy": 0.2756, "bus_lcSigma": 0.1084, "bus_lcSpeedGainRight": 0.0995, "bus_lcSublane": 0.22, "bus_sigma": 0.5534, "bus_tau_mean": 0.8395, "bus_tau_std": 9.249, "bus_v_mean": 18.7881, "bus_v_std": 14.5688, "car_acc": 3.7756, "car_dcc": 3.3322, "car_lcAssertive": 49.9689, "car_lcCooperative": 0.7044, "car_lcLookaheadLeft": 93.3426, "car_lcPushy": 0.5405, "car_lcSigma": 0.3955, "car_lcSpeedGainRight": 2.4565, "car_lcSublane": 0.9427, "car_sigma": 0.5007, "car_tau_mean": 0.5797, "car_tau_std": 6.6782, "car_v_mean": 17.7583, "car_v_std": 15.5331}, "datetime": {"datetime": "2024-08-11 20:23:47", "elapsed": 9698.276176, "delta": 8.436742}}
{"target": -0.3216024376031071, "params": {"bus_acc": 0.385, "bus_dcc": 2.8255, "bus_lcAssertive": 46.598, "bus_lcCooperative": 0.8241, "bus_lcLookaheadLeft": 36.9106, "bus_lcPushy": 0.6022, "bus_lcSigma": 0.8791, "bus_lcSpeedGainRight": 3.3817, "bus_lcSublane": 0.6691, "bus_sigma": 0.0658, "bus_tau_mean": 2.7609, "bus_tau_std": 2.6793, "bus_v_mean": 8.908, "bus_v_std": 18.7913, "car_acc": 2.0959, "car_dcc": 3.074, "car_lcAssertive": 11.1617, "car_lcCooperative": 0.84, "car_lcLookaheadLeft": 2.4628, "car_lcPushy": 0.3563, "car_lcSigma": 0.8288, "car_lcSpeedGainRight": 0.8934, "car_lcSublane": 0.5129, "car_sigma": 0.7569, "car_tau_mean": 3.8953, "car_tau_std": 8.1656, "car_v_mean": 8.5765, "car_v_std": 11.8928}, "datetime": {"datetime": "2024-08-11 20:23:57", "elapsed": 9707.946383, "delta": 9.670207}}
{"target": -0.35807045604137855, "params": {"bus_acc": 2.7071, "bus_dcc": 1.9124, "bus_lcAssertive": 63.2934, "bus_lcCooperative": 0.583, "bus_lcLookaheadLeft": 99.9942, "bus_lcPushy": 0.8115, "bus_lcSigma": 0.5855, "bus_lcSpeedGainRight": 2.2551, "bus_lcSublane": 0.7315, "bus_sigma": 0.7526, "bus_tau_mean": 2.796, "bus_tau_std": 1.9973, "bus_v_mean": 18.0312, "bus_v_std": 19.8624, "car_acc": 3.3366, "car_dcc": 2.5022, "car_lcAssertive": 76.0047, "car_lcCooperative": 0.1302, "car_lcLookaheadLeft": 12.7672, "car_lcPushy": 0.5585, "car_lcSigma": 0.8858, "car_lcSpeedGainRight": 3.1117, "car_lcSublane": 0.9548, "car_sigma": 0.6412, "car_tau_mean": 2.2567, "car_tau_std": 3.4776, "car_v_mean": 8.5559, "car_v_std": 12.3807}, "datetime": {"datetime": "2024-08-11 20:24:05", "elapsed": 9715.988743, "delta": 8.04236}}
{"target": -0.3848751264396684, "params": {"bus_acc": 0.9968, "bus_dcc": 3.9537, "bus_lcAssertive": 61.2075, "bus_lcCooperative": 0.1662, "bus_lcLookaheadLeft": 95.99, "bus_lcPushy": 0.4004, "bus_lcSigma": 0.9787, "bus_lcSpeedGainRight": 3.4765, "bus_lcSublane": 0.503, "bus_sigma": 0.1238, "bus_tau_mean": 2.6599, "bus_tau_std": 7.254, "bus_v_mean": 10.252, "bus_v_std": 19.5366, "car_acc": 0.8174, "car_dcc": 0.5002, "car_lcAssertive": 30.9252, "car_lcCooperative": 0.212, "car_lcLookaheadLeft": 89.0208, "car_lcPushy": 0.9888, "car_lcSigma": 0.6127, "car_lcSpeedGainRight": 4.1463, "car_lcSublane": 0.6042, "car_sigma": 0.2463, "car_tau_mean": 1.5398, "car_tau_std": 7.193, "car_v_mean": 8.2096, "car_v_std": 3.3717}, "datetime": {"datetime": "2024-08-11 20:24:11", "elapsed": 9722.42483, "delta": 6.436087}}
{"target": -0.2716007942500867, "params": {"bus_acc": 3.9754, "bus_dcc": 3.3165, "bus_lcAssertive": 23.3196, "bus_lcCooperative": 0.6359, "bus_lcLookaheadLeft": 49.9782, "bus_lcPushy": 0.7131, "bus_lcSigma": 0.0677, "bus_lcSpeedGainRight": 4.3674, "bus_lcSublane": 0.5829, "bus_sigma": 0.9068, "bus_tau_mean": 3.6968, "bus_tau_std": 0.5441, "bus_v_mean": 9.1539, "bus_v_std": 6.8041, "car_acc": 0.5799, "car_dcc": 1.5593, "car_lcAssertive": 75.159, "car_lcCooperative": 0.3417, "car_lcLookaheadLeft": 62.2246, "car_lcPushy": 0.6734, "car_lcSigma": 0.1187, "car_lcSpeedGainRight": 1.4043, "car_lcSublane": 0.5784, "car_sigma": 0.9941, "car_tau_mean": 1.7827, "car_tau_std": 6.7911, "car_v_mean": 11.0889, "car_v_std": 2.9063}, "datetime": {"datetime": "2024-08-11 20:24:17", "elapsed": 9728.551661, "delta": 6.126831}}
{"target": -0.3904948398823873, "params": {"bus_acc": 1.1202, "bus_dcc": 3.923, "bus_lcAssertive": 55.1023, "bus_lcCooperative": 0.6737, "bus_lcLookaheadLeft": 85.6176, "bus_lcPushy": 0.5464, "bus_lcSigma": 0.8356, "bus_lcSpeedGainRight": 3.4941, "bus_lcSublane": 0.7946, "bus_sigma": 0.2339, "bus_tau_mean": 2.3723, "bus_tau_std": 7.453, "bus_v_mean": 16.8758, "bus_v_std": 6.8773, "car_acc": 1.6737, "car_dcc": 1.98, "car_lcAssertive": 73.783, "car_lcCooperative": 0.8235, "car_lcLookaheadLeft": 73.2564, "car_lcPushy": 0.2175, "car_lcSigma": 0.9787, "car_lcSpeedGainRight": 0.3424, "car_lcSublane": 0.6917, "car_sigma": 0.3421, "car_tau_mean": 2.4078, "car_tau_std": 9.413, "car_v_mean": 16.9371, "car_v_std": 10.8849}, "datetime": {"datetime": "2024-08-11 20:24:25", "elapsed": 9735.790196, "delta": 7.238535}}
{"target": -0.280133324138315, "params": {"bus_acc": 1.2066, "bus_dcc": 1.3717, "bus_lcAssertive": 14.6492, "bus_lcCooperative": 0.7699, "bus_lcLookaheadLeft": 75.825, "bus_lcPushy": 0.7901, "bus_lcSigma": 0.3916, "bus_lcSpeedGainRight": 0.3873, "bus_lcSublane": 0.7499, "bus_sigma": 0.1726, "bus_tau_mean": 1.8074, "bus_tau_std": 8.3556, "bus_v_mean": 20.8389, "bus_v_std": 6.5418, "car_acc": 0.2384, "car_dcc": 2.3368, "car_lcAssertive": 2.8434, "car_lcCooperative": 0.6066, "car_lcLookaheadLeft": 74.5435, "car_lcPushy": 0.0155, "car_lcSigma": 0.8755, "car_lcSpeedGainRight": 1.1632, "car_lcSublane": 0.0276, "car_sigma": 0.1832, "car_tau_mean": 2.926, "car_tau_std": 5.5203, "car_v_mean": 8.2389, "car_v_std": 8.2594}, "datetime": {"datetime": "2024-08-11 20:24:31", "elapsed": 9741.956502, "delta": 6.166306}}
{"target": -0.35988668038425403, "params": {"bus_acc": 1.1701, "bus_dcc": 2.1841, "bus_lcAssertive": 93.2984, "bus_lcCooperative": 0.7812, "bus_lcLookaheadLeft": 4.5675, "bus_lcPushy": 0.7029, "bus_lcSigma": 0.0909, "bus_lcSpeedGainRight": 4.4092, "bus_lcSublane": 0.8481, "bus_sigma": 0.3657, "bus_tau_mean": 1.2955, "bus_tau_std": 3.2556, "bus_v_mean": 14.6963, "bus_v_std": 19.5203, "car_acc": 0.6052, "car_dcc": 3.7989, "car_lcAssertive": 55.0851, "car_lcCooperative": 0.3919, "car_lcLookaheadLeft": 87.283, "car_lcPushy": 0.3763, "car_lcSigma": 0.6514, "car_lcSpeedGainRight": 1.74, "car_lcSublane": 0.7148, "car_sigma": 0.2615, "car_tau_mean": 1.3738, "car_tau_std": 6.8472, "car_v_mean": 21.5852, "car_v_std": 4.2213}, "datetime": {"datetime": "2024-08-11 20:24:42", "elapsed": 9753.155393, "delta": 11.198891}}
{"target": -0.5746194583604833, "params": {"bus_acc": 0.6642, "bus_dcc": 1.5061, "bus_lcAssertive": 6.8598, "bus_lcCooperative": 0.7238, "bus_lcLookaheadLeft": 47.2991, "bus_lcPushy": 0.8099, "bus_lcSigma": 0.4549, "bus_lcSpeedGainRight": 2.4126, "bus_lcSublane": 0.9039, "bus_sigma": 0.9279, "bus_tau_mean": 3.6119, "bus_tau_std": 2.0543, "bus_v_mean": 24.9307, "bus_v_std": 2.842, "car_acc": 2.1447, "car_dcc": 3.9765, "car_lcAssertive": 20.9637, "car_lcCooperative": 0.8605, "car_lcLookaheadLeft": 82.3179, "car_lcPushy": 0.453, "car_lcSigma": 0.8357, "car_lcSpeedGainRight": 1.2123, "car_lcSublane": 0.7652, "car_sigma": 0.2674, "car_tau_mean": 3.2535, "car_tau_std": 0.1867, "car_v_mean": 24.4006, "car_v_std": 15.9407}, "datetime": {"datetime": "2024-08-11 20:24:49", "elapsed": 9759.996472, "delta": 6.841079}}
{"target": -0.46107406828562714, "params": {"bus_acc": 3.3216, "bus_dcc": 2.1251, "bus_lcAssertive": 10.4232, "bus_lcCooperative": 0.1414, "bus_lcLookaheadLeft": 23.3425, "bus_lcPushy": 0.8771, "bus_lcSigma": 0.0246, "bus_lcSpeedGainRight": 3.3926, "bus_lcSublane": 0.0061, "bus_sigma": 0.6192, "bus_tau_mean": 3.1931, "bus_tau_std": 4.3368, "bus_v_mean": 14.587, "bus_v_std": 4.73, "car_acc": 2.6559, "car_dcc": 3.2464, "car_lcAssertive": 87.4001, "car_lcCooperative": 0.3388, "car_lcLookaheadLeft": 21.9175, "car_lcPushy": 0.1045, "car_lcSigma": 0.8736, "car_lcSpeedGainRight": 1.6242, "car_lcSublane": 0.6264, "car_sigma": 0.0828, "car_tau_mean": 3.7008, "car_tau_std": 5.5101, "car_v_mean": 15.9681, "car_v_std": 17.9849}, "datetime": {"datetime": "2024-08-11 20:24:56", "elapsed": 9766.936008, "delta": 6.939536}}
{"target": -0.2982984984499561, "params": {"bus_acc": 2.2789, "bus_dcc": 3.107, "bus_lcAssertive": 74.3277, "bus_lcCooperative": 0.5449, "bus_lcLookaheadLeft": 50.7927, "bus_lcPushy": 0.3679, "bus_lcSigma": 0.1743, "bus_lcSpeedGainRight": 0.2645, "bus_lcSublane": 0.5538, "bus_sigma": 0.1483, "bus_tau_mean": 1.0518, "bus_tau_std": 3.5494, "bus_v_mean": 17.6596, "bus_v_std": 10.3687, "car_acc": 0.655, "car_dcc": 2.076, "car_lcAssertive": 39.0414, "car_lcCooperative": 0.2745, "car_lcLookaheadLeft": 11.0216, "car_lcPushy": 0.4558, "car_lcSigma": 0.1965, "car_lcSpeedGainRight": 1.9282, "car_lcSublane": 0.7064, "car_sigma": 0.3255, "car_tau_mean": 2.426, "car_tau_std": 2.9859, "car_v_mean": 19.341, "car_v_std": 10.1127}, "datetime": {"datetime": "2024-08-11 20:25:05", "elapsed": 9776.3451, "delta": 9.409092}}
{"target": -0.4233028103369129, "params": {"bus_acc": 1.0966, "bus_dcc": 1.0873, "bus_lcAssertive": 53.8136, "bus_lcCooperative": 0.4161, "bus_lcLookaheadLeft": 64.3235, "bus_lcPushy": 0.4114, "bus_lcSigma": 0.8006, "bus_lcSpeedGainRight": 1.6251, "bus_lcSublane": 0.5418, "bus_sigma": 0.9243, "bus_tau_mean": 1.2185, "bus_tau_std": 9.5523, "bus_v_mean": 15.5722, "bus_v_std": 8.8331, "car_acc": 1.8213, "car_dcc": 2.4097, "car_lcAssertive": 66.2422, "car_lcCooperative": 0.8296, "car_lcLookaheadLeft": 33.737, "car_lcPushy": 0.2132, "car_lcSigma": 0.015, "car_lcSpeedGainRight": 1.8856, "car_lcSublane": 0.2744, "car_sigma": 0.1426, "car_tau_mean": 2.1699, "car_tau_std": 4.2646, "car_v_mean": 20.717, "car_v_std": 18.5727}, "datetime": {"datetime": "2024-08-11 20:25:12", "elapsed": 9783.529676, "delta": 7.184576}}
{"target": -0.43892351836377747, "params": {"bus_acc": 1.7629, "bus_dcc": 1.897, "bus_lcAssertive": 56.5375, "bus_lcCooperative": 0.5189, "bus_lcLookaheadLeft": 23.4984, "bus_lcPushy": 0.3651, "bus_lcSigma": 0.8623, "bus_lcSpeedGainRight": 2.5559, "bus_lcSublane": 0.4309, "bus_sigma": 0.8748, "bus_tau_mean": 1.1622, "bus_tau_std": 5.8699, "bus_v_mean": 10.0299, "bus_v_std": 11.3665, "car_acc": 0.3016, "car_dcc": 0.3774, "car_lcAssertive": 55.2917, "car_lcCooperative": 0.6285, "car_lcLookaheadLeft": 85.451, "car_lcPushy": 0.0586, "car_lcSigma": 0.7624, "car_lcSpeedGainRight": 4.4075, "car_lcSublane": 0.9795, "car_sigma": 0.2735, "car_tau_mean": 1.5717, "car_tau_std": 2.5487, "car_v_mean": 19.4472, "car_v_std": 3.6971}, "datetime": {"datetime": "2024-08-11 20:25:19", "elapsed": 9790.059656, "delta": 6.52998}}
{"target": -0.4343453323278545, "params": {"bus_acc": 3.2022, "bus_dcc": 0.9833, "bus_lcAssertive": 81.7224, "bus_lcCooperative": 0.268, "bus_lcLookaheadLeft": 59.6264, "bus_lcPushy": 0.6205, "bus_lcSigma": 0.6468, "bus_lcSpeedGainRight": 4.6734, "bus_lcSublane": 0.6941, "bus_sigma": 0.4683, "bus_tau_mean": 0.6865, "bus_tau_std": 1.5162, "bus_v_mean": 20.8019, "bus_v_std": 3.7527, "car_acc": 3.5433, "car_dcc": 2.8614, "car_lcAssertive": 16.3616, "car_lcCooperative": 0.2194, "car_lcLookaheadLeft": 76.9613, "car_lcPushy": 0.933, "car_lcSigma": 0.7418, "car_lcSpeedGainRight": 1.4336, "car_lcSublane": 0.8023, "car_sigma": 0.2594, "car_tau_mean": 3.0326, "car_tau_std": 8.7697, "car_v_mean": 23.6955, "car_v_std": 19.2347}, "datetime": {"datetime": "2024-08-11 20:25:26", "elapsed": 9796.71199, "delta": 6.652334}}
{"target": -0.5248897556558519, "params": {"bus_acc": 1.092, "bus_dcc": 1.8011, "bus_lcAssertive": 66.3142, "bus_lcCooperative": 0.1732, "bus_lcLookaheadLeft": 89.2345, "bus_lcPushy": 0.1881, "bus_lcSigma": 0.0492, "bus_lcSpeedGainRight": 0.5523, "bus_lcSublane": 0.5615, "bus_sigma": 0.5684, "bus_tau_mean": 3.9616, "bus_tau_std": 1.8532, "bus_v_mean": 22.8448, "bus_v_std": 8.9237, "car_acc": 2.139, "car_dcc": 3.8203, "car_lcAssertive": 44.2209, "car_lcCooperative": 0.4666, "car_lcLookaheadLeft": 85.0542, "car_lcPushy": 0.5369, "car_lcSigma": 0.3405, "car_lcSpeedGainRight": 0.1547, "car_lcSublane": 0.6333, "car_sigma": 0.2952, "car_tau_mean": 1.9506, "car_tau_std": 9.7546, "car_v_mean": 21.8502, "car_v_std": 4.5558}, "datetime": {"datetime": "2024-08-11 20:25:39", "elapsed": 9810.386813, "delta": 13.674823}}
{"target": -0.6091796881469351, "params": {"bus_acc": 2.2625, "bus_dcc": 0.8084, "bus_lcAssertive": 57.3412, "bus_lcCooperative": 0.2172, "bus_lcLookaheadLeft": 42.0795, "bus_lcPushy": 0.8537, "bus_lcSigma": 0.9692, "bus_lcSpeedGainRight": 3.3937, "bus_lcSublane": 0.2617, "bus_sigma": 0.5035, "bus_tau_mean": 3.8544, "bus_tau_std": 4.7842, "bus_v_mean": 9.3234, "bus_v_std": 8.4911, "car_acc": 2.1733, "car_dcc": 0.62, "car_lcAssertive": 7.4062, "car_lcCooperative": 0.9984, "car_lcLookaheadLeft": 96.3952, "car_lcPushy": 0.0509, "car_lcSigma": 0.3199, "car_lcSpeedGainRight": 2.111, "car_lcSublane": 0.3036, "car_sigma": 0.0719, "car_tau_mean": 3.3935, "car_tau_std": 0.0405, "car_v_mean": 22.4463, "car_v_std": 0.504}, "datetime": {"datetime": "2024-08-11 20:25:50", "elapsed": 9820.814042, "delta": 10.427229}}
{"target": -0.3593619054989638, "params": {"bus_acc": 1.2919, "bus_dcc": 0.559, "bus_lcAssertive": 32.8581, "bus_lcCooperative": 0.2508, "bus_lcLookaheadLeft": 56.9854, "bus_lcPushy": 0.4291, "bus_lcSigma": 0.3386, "bus_lcSpeedGainRight": 2.5009, "bus_lcSublane": 0.9958, "bus_sigma": 0.6008, "bus_tau_mean": 1.4074, "bus_tau_std": 8.8917, "bus_v_mean": 19.7095, "bus_v_std": 15.4968, "car_acc": 0.3205, "car_dcc": 1.3725, "car_lcAssertive": 46.6943, "car_lcCooperative": 0.6959, "car_lcLookaheadLeft": 66.1327, "car_lcPushy": 0.2714, "car_lcSigma": 0.2065, "car_lcSpeedGainRight": 4.7066, "car_lcSublane": 0.3754, "car_sigma": 0.9398, "car_tau_mean": 2.4297, "car_tau_std": 4.477, "car_v_mean": 25.5895, "car_v_std": 8.4467}, "datetime": {"datetime": "2024-08-11 20:25:58", "elapsed": 9829.232322, "delta": 8.41828}}
{"target": -0.4455212597469614, "params": {"bus_acc": 0.7743, "bus_dcc": 3.156, "bus_lcAssertive": 33.5667, "bus_lcCooperative": 0.1791, "bus_lcLookaheadLeft": 24.8204, "bus_lcPushy": 0.9893, "bus_lcSigma": 0.3857, "bus_lcSpeedGainRight": 2.6114, "bus_lcSublane": 0.7503, "bus_sigma": 0.4082, "bus_tau_mean": 2.7861, "bus_tau_std": 1.3651, "bus_v_mean": 24.2266, "bus_v_std": 9.3134, "car_acc": 2.9519, "car_dcc": 1.4884, "car_lcAssertive": 42.4147, "car_lcCooperative": 0.6424, "car_lcLookaheadLeft": 62.289, "car_lcPushy": 0.0465, "car_lcSigma": 0.9627, "car_lcSpeedGainRight": 0.4433, "car_lcSublane": 0.1987, "car_sigma": 0.8117, "car_tau_mean": 3.0511, "car_tau_std": 8.6544, "car_v_mean": 19.3877, "car_v_std": 16.2095}, "datetime": {"datetime": "2024-08-11 20:26:09", "elapsed": 9839.888505, "delta": 10.656183}}
{"target": -0.3037104021766451, "params": {"bus_acc": 0.2205, "bus_dcc": 2.4837, "bus_lcAssertive": 40.8528, "bus_lcCooperative": 0.9591, "bus_lcLookaheadLeft": 9.9705, "bus_lcPushy": 0.5494, "bus_lcSigma": 0.9281, "bus_lcSpeedGainRight": 2.1149, "bus_lcSublane": 0.4677, "bus_sigma": 0.4065, "bus_tau_mean": 3.2866, "bus_tau_std": 7.9433, "bus_v_mean": 13.8926, "bus_v_std": 1.71, "car_acc": 3.1789, "car_dcc": 2.4889, "car_lcAssertive": 59.1881, "car_lcCooperative": 0.5276, "car_lcLookaheadLeft": 80.7512, "car_lcPushy": 0.845, "car_lcSigma": 0.8781, "car_lcSpeedGainRight": 0.7433, "car_lcSublane": 0.7497, "car_sigma": 0.3202, "car_tau_mean": 1.5165, "car_tau_std": 9.8895, "car_v_mean": 17.6173, "car_v_std": 8.7115}, "datetime": {"datetime": "2024-08-11 20:26:20", "elapsed": 9851.442812, "delta": 11.554307}}
{"target": -0.3527044111923578, "params": {"bus_acc": 0.9211, "bus_dcc": 3.7897, "bus_lcAssertive": 21.209, "bus_lcCooperative": 0.8598, "bus_lcLookaheadLeft": 40.5364, "bus_lcPushy": 0.9781, "bus_lcSigma": 0.0129, "bus_lcSpeedGainRight": 1.1741, "bus_lcSublane": 0.2154, "bus_sigma": 0.5995, "bus_tau_mean": 1.9962, "bus_tau_std": 9.917, "bus_v_mean": 23.3642, "bus_v_std": 16.7521, "car_acc": 3.5714, "car_dcc": 0.4482, "car_lcAssertive": 69.8387, "car_lcCooperative": 0.0249, "car_lcLookaheadLeft": 93.4457, "car_lcPushy": 0.2321, "car_lcSigma": 0.64, "car_lcSpeedGainRight": 4.8265, "car_lcSublane": 0.7412, "car_sigma": 0.9139, "car_tau_mean": 3.2845, "car_tau_std": 2.2489, "car_v_mean": 21.8862, "car_v_std": 14.5246}, "datetime": {"datetime": "2024-08-11 20:26:28", "elapsed": 9859.166126, "delta": 7.723314}}
{"target": -0.6268822607924188, "params": {"bus_acc": 2.4324, "bus_dcc": 3.2326, "bus_lcAssertive": 66.971, "bus_lcCooperative": 0.3433, "bus_lcLookaheadLeft": 94.8954, "bus_lcPushy": 0.1442, "bus_lcSigma": 0.6079, "bus_lcSpeedGainRight": 2.6327, "bus_lcSublane": 0.1511, "bus_sigma": 0.7586, "bus_tau_mean": 0.7525, "bus_tau_std": 2.6927, "bus_v_mean": 20.4975, "bus_v_std": 17.5462, "car_acc": 3.4316, "car_dcc": 0.7904, "car_lcAssertive": 3.1196, "car_lcCooperative": 0.9771, "car_lcLookaheadLeft": 88.9016, "car_lcPushy": 0.6633, "car_lcSigma": 0.9318, "car_lcSpeedGainRight": 4.1277, "car_lcSublane": 0.5503, "car_sigma": 0.0024, "car_tau_mean": 3.0888, "car_tau_std": 4.029, "car_v_mean": 14.7555, "car_v_std": 9.7719}, "datetime": {"datetime": "2024-08-11 20:26:40", "elapsed": 9871.460583, "delta": 12.294457}}
{"target": -0.4488494948756778, "params": {"bus_acc": 1.389, "bus_dcc": 1.4998, "bus_lcAssertive": 32.6182, "bus_lcCooperative": 0.8192, "bus_lcLookaheadLeft": 35.7784, "bus_lcPushy": 0.6901, "bus_lcSigma": 0.8348, "bus_lcSpeedGainRight": 1.5385, "bus_lcSublane": 0.9008, "bus_sigma": 0.1689, "bus_tau_mean": 2.9349, "bus_tau_std": 9.8158, "bus_v_mean": 10.4702, "bus_v_std": 16.8381, "car_acc": 2.8508, "car_dcc": 2.6743, "car_lcAssertive": 77.3918, "car_lcCooperative": 0.9169, "car_lcLookaheadLeft": 36.2648, "car_lcPushy": 0.8031, "car_lcSigma": 0.4802, "car_lcSpeedGainRight": 3.3822, "car_lcSublane": 0.718, "car_sigma": 0.263, "car_tau_mean": 2.2419, "car_tau_std": 7.079, "car_v_mean": 9.5182, "car_v_std": 7.0846}, "datetime": {"datetime": "2024-08-11 20:26:49", "elapsed": 9880.231461, "delta": 8.770878}}
{"target": -0.38786918856007596, "params": {"bus_acc": 1.2547, "bus_dcc": 2.3234, "bus_lcAssertive": 54.2678, "bus_lcCooperative": 0.0294, "bus_lcLookaheadLeft": 66.5847, "bus_lcPushy": 0.6221, "bus_lcSigma": 0.8795, "bus_lcSpeedGainRight": 4.3869, "bus_lcSublane": 0.4665, "bus_sigma": 0.2061, "bus_tau_mean": 1.0074, "bus_tau_std": 0.4931, "bus_v_mean": 19.8404, "bus_v_std": 17.2332, "car_acc": 0.8691, "car_dcc": 2.7074, "car_lcAssertive": 9.6681, "car_lcCooperative": 0.3802, "car_lcLookaheadLeft": 9.2765, "car_lcPushy": 0.0589, "car_lcSigma": 0.4672, "car_lcSpeedGainRight": 4.2451, "car_lcSublane": 0.3745, "car_sigma": 0.7889, "car_tau_mean": 2.4162, "car_tau_std": 3.8936, "car_v_mean": 22.3313, "car_v_std": 7.0876}, "datetime": {"datetime": "2024-08-11 20:26:58", "elapsed": 9888.761702, "delta": 8.530241}}
{"target": -0.3639626182427598, "params": {"bus_acc": 1.3461, "bus_dcc": 2.5391, "bus_lcAssertive": 22.9141, "bus_lcCooperative": 0.8829, "bus_lcLookaheadLeft": 73.789, "bus_lcPushy": 0.807, "bus_lcSigma": 0.2329, "bus_lcSpeedGainRight": 0.7103, "bus_lcSublane": 0.0059, "bus_sigma": 0.6969, "bus_tau_mean": 0.7412, "bus_tau_std": 4.3036, "bus_v_mean": 8.0968, "bus_v_std": 8.8415, "car_acc": 3.5872, "car_dcc": 3.5839, "car_lcAssertive": 27.5471, "car_lcCooperative": 0.7623, "car_lcLookaheadLeft": 31.0955, "car_lcPushy": 0.5976, "car_lcSigma": 0.6709, "car_lcSpeedGainRight": 4.135, "car_lcSublane": 0.3587, "car_sigma": 0.1424, "car_tau_mean": 1.6309, "car_tau_std": 2.46, "car_v_mean": 23.5541, "car_v_std": 8.6279}, "datetime": {"datetime": "2024-08-11 20:27:04", "elapsed": 9895.276339, "delta": 6.514637}}
{"target": -0.5142848530891889, "params": {"bus_acc": 1.8429, "bus_dcc": 0.5078, "bus_lcAssertive": 95.1104, "bus_lcCooperative": 0.2112, "bus_lcLookaheadLeft": 22.451, "bus_lcPushy": 0.7276, "bus_lcSigma": 0.0743, "bus_lcSpeedGainRight": 1.9102, "bus_lcSublane": 0.7033, "bus_sigma": 0.2811, "bus_tau_mean": 3.6817, "bus_tau_std": 5.9231, "bus_v_mean": 18.4017, "bus_v_std": 15.8072, "car_acc": 3.7689, "car_dcc": 1.0259, "car_lcAssertive": 91.321, "car_lcCooperative": 0.6375, "car_lcLookaheadLeft": 58.8484, "car_lcPushy": 0.2881, "car_lcSigma": 0.6644, "car_lcSpeedGainRight": 0.9139, "car_lcSublane": 0.9035, "car_sigma": 0.6396, "car_tau_mean": 2.4089, "car_tau_std": 8.6671, "car_v_mean": 8.5014, "car_v_std": 15.5515}, "datetime": {"datetime": "2024-08-11 20:27:12", "elapsed": 9902.829555, "delta": 7.553216}}
