{"target": -0.17378361706739312, "params": {"bus_acc": 1.0099, "bus_dcc": 3.8235, "bus_lcAssertive": 79.3862, "bus_lcCooperative": 0.0489, "bus_lcLookaheadLeft": 77.2799, "bus_lcPushy": 0.4535, "bus_lcSigma": 0.6673, "bus_lcSpeedGainRight": 0.412, "bus_lcSublane": 0.0279, "bus_sigma": 0.8949, "bus_tau_mean": 1.295, "bus_tau_std": 3.945, "bus_v_mean": 8.9541, "bus_v_std": 19.8023, "car_acc": 1.9308, "car_dcc": 1.3856, "car_lcAssertive": 60.2942, "car_lcCooperative": 0.5929, "car_lcLookaheadLeft": 84.2563, "car_lcPushy": 0.3582, "car_lcSigma": 0.8437, "car_lcSpeedGainRight": 4.0153, "car_lcSublane": 0.3917, "car_sigma": 0.7059, "car_tau_mean": 1.1524, "car_tau_std": 8.5881, "car_v_mean": 12.9322, "car_v_std": 5.52}, "datetime": {"datetime": "2024-09-05 15:35:25", "elapsed": 17180.542629, "delta": 45.754894}}
{"target": -0.3767377303027883, "params": {"bus_acc": 0.3586, "bus_dcc": 3.4542, "bus_lcAssertive": 10.3904, "bus_lcCooperative": 0.6645, "bus_lcLookaheadLeft": 65.4074, "bus_lcPushy": 0.4518, "bus_lcSigma": 0.3571, "bus_lcSpeedGainRight": 4.2885, "bus_lcSublane": 0.3348, "bus_sigma": 0.9469, "bus_tau_mean": 3.1367, "bus_tau_std": 1.3292, "bus_v_mean": 21.7879, "bus_v_std": 17.631, "car_acc": 1.3279, "car_dcc": 1.8177, "car_lcAssertive": 56.052, "car_lcCooperative": 0.0757, "car_lcLookaheadLeft": 8.4287, "car_lcPushy": 0.6099, "car_lcSigma": 0.5758, "car_lcSpeedGainRight": 0.697, "car_lcSublane": 0.858, "car_sigma": 0.216, "car_tau_mean": 3.3076, "car_tau_std": 5.7599, "car_v_mean": 9.5488, "car_v_std": 9.7202}, "datetime": {"datetime": "2024-09-05 15:35:42", "elapsed": 17198.436342, "delta": 17.893713}}
{"target": -0.24862788453382093, "params": {"bus_acc": 0.2122, "bus_dcc": 3.9403, "bus_lcAssertive": 7.4776, "bus_lcCooperative": 0.8006, "bus_lcLookaheadLeft": 53.7352, "bus_lcPushy": 0.4235, "bus_lcSigma": 0.3647, "bus_lcSpeedGainRight": 4.5211, "bus_lcSublane": 0.313, "bus_sigma": 0.0801, "bus_tau_mean": 3.1869, "bus_tau_std": 9.1735, "bus_v_mean": 10.4495, "bus_v_std": 0.0728, "car_acc": 2.7887, "car_dcc": 3.238, "car_lcAssertive": 54.4555, "car_lcCooperative": 0.8822, "car_lcLookaheadLeft": 23.3908, "car_lcPushy": 0.9135, "car_lcSigma": 0.0494, "car_lcSpeedGainRight": 2.4615, "car_lcSublane": 0.8023, "car_sigma": 0.0065, "car_tau_mean": 2.507, "car_tau_std": 4.692, "car_v_mean": 21.8644, "car_v_std": 12.2368}, "datetime": {"datetime": "2024-09-05 15:36:02", "elapsed": 17217.911889, "delta": 19.475547}}
{"target": -0.2539882862340548, "params": {"bus_acc": 3.1885, "bus_dcc": 1.7279, "bus_lcAssertive": 64.7396, "bus_lcCooperative": 0.1618, "bus_lcLookaheadLeft": 69.9142, "bus_lcPushy": 0.2278, "bus_lcSigma": 0.8522, "bus_lcSpeedGainRight": 1.2342, "bus_lcSublane": 0.9209, "bus_sigma": 0.8227, "bus_tau_mean": 3.2314, "bus_tau_std": 4.7859, "bus_v_mean": 10.1606, "bus_v_std": 17.8568, "car_acc": 0.5194, "car_dcc": 2.7371, "car_lcAssertive": 11.2772, "car_lcCooperative": 0.2587, "car_lcLookaheadLeft": 72.1866, "car_lcPushy": 0.1644, "car_lcSigma": 0.9333, "car_lcSpeedGainRight": 4.919, "car_lcSublane": 0.0183, "car_sigma": 0.2955, "car_tau_mean": 2.235, "car_tau_std": 2.5228, "car_v_mean": 12.9494, "car_v_std": 8.3603}, "datetime": {"datetime": "2024-09-05 15:36:46", "elapsed": 17262.418515, "delta": 44.506626}}
{"target": -0.18849848568207583, "params": {"bus_acc": 2.5764, "bus_dcc": 3.2865, "bus_lcAssertive": 10.6638, "bus_lcCooperative": 0.6807, "bus_lcLookaheadLeft": 99.8695, "bus_lcPushy": 0.0108, "bus_lcSigma": 0.7576, "bus_lcSpeedGainRight": 0.6411, "bus_lcSublane": 0.4675, "bus_sigma": 0.7794, "bus_tau_mean": 0.6883, "bus_tau_std": 6.5714, "bus_v_mean": 12.5548, "bus_v_std": 19.7042, "car_acc": 2.6715, "car_dcc": 1.2452, "car_lcAssertive": 95.4691, "car_lcCooperative": 0.7871, "car_lcLookaheadLeft": 27.7625, "car_lcPushy": 0.6904, "car_lcSigma": 0.819, "car_lcSpeedGainRight": 2.2887, "car_lcSublane": 0.0432, "car_sigma": 0.442, "car_tau_mean": 0.8157, "car_tau_std": 2.7326, "car_v_mean": 9.2767, "car_v_std": 11.9459}, "datetime": {"datetime": "2024-09-05 15:37:06", "elapsed": 17281.602664, "delta": 19.184149}}
{"target": -0.26493897130172894, "params": {"bus_acc": 0.3004, "bus_dcc": 3.4703, "bus_lcAssertive": 41.5813, "bus_lcCooperative": 0.2266, "bus_lcLookaheadLeft": 40.627, "bus_lcPushy": 0.5135, "bus_lcSigma": 0.4357, "bus_lcSpeedGainRight": 1.9837, "bus_lcSublane": 0.6733, "bus_sigma": 0.7282, "bus_tau_mean": 0.83, "bus_tau_std": 6.1977, "bus_v_mean": 19.1627, "bus_v_std": 4.7869, "car_acc": 2.8645, "car_dcc": 3.0992, "car_lcAssertive": 10.6125, "car_lcCooperative": 0.1225, "car_lcLookaheadLeft": 48.8866, "car_lcPushy": 0.629, "car_lcSigma": 0.2864, "car_lcSpeedGainRight": 1.544, "car_lcSublane": 0.8356, "car_sigma": 0.302, "car_tau_mean": 3.0886, "car_tau_std": 0.7913, "car_v_mean": 20.4221, "car_v_std": 4.0999}, "datetime": {"datetime": "2024-09-05 15:37:37", "elapsed": 17313.244374, "delta": 31.64171}}
{"target": -0.19311468665340004, "params": {"bus_acc": 1.7353, "bus_dcc": 3.5688, "bus_lcAssertive": 47.27, "bus_lcCooperative": 0.0431, "bus_lcLookaheadLeft": 71.884, "bus_lcPushy": 0.0477, "bus_lcSigma": 0.2998, "bus_lcSpeedGainRight": 1.747, "bus_lcSublane": 0.7567, "bus_sigma": 0.9161, "bus_tau_mean": 3.9585, "bus_tau_std": 1.8688, "bus_v_mean": 16.5286, "bus_v_std": 9.1205, "car_acc": 2.6693, "car_dcc": 1.6088, "car_lcAssertive": 49.3561, "car_lcCooperative": 0.1258, "car_lcLookaheadLeft": 53.4297, "car_lcPushy": 0.1886, "car_lcSigma": 0.5865, "car_lcSpeedGainRight": 2.8565, "car_lcSublane": 0.8654, "car_sigma": 0.5636, "car_tau_mean": 2.8314, "car_tau_std": 4.0999, "car_v_mean": 9.7358, "car_v_std": 15.2575}, "datetime": {"datetime": "2024-09-05 15:38:04", "elapsed": 17340.121041, "delta": 26.876667}}
{"target": -0.8158259625968197, "params": {"bus_acc": 2.9052, "bus_dcc": 3.4816, "bus_lcAssertive": 78.4142, "bus_lcCooperative": 0.54, "bus_lcLookaheadLeft": 98.938, "bus_lcPushy": 0.4624, "bus_lcSigma": 0.868, "bus_lcSpeedGainRight": 3.9206, "bus_lcSublane": 0.9085, "bus_sigma": 0.391, "bus_tau_mean": 0.8959, "bus_tau_std": 6.942, "bus_v_mean": 21.4818, "bus_v_std": 8.6564, "car_acc": 0.8636, "car_dcc": 0.5518, "car_lcAssertive": 99.3686, "car_lcCooperative": 0.2969, "car_lcLookaheadLeft": 71.176, "car_lcPushy": 0.4587, "car_lcSigma": 0.778, "car_lcSpeedGainRight": 2.9732, "car_lcSublane": 0.2086, "car_sigma": 0.0797, "car_tau_mean": 2.7354, "car_tau_std": 3.1549, "car_v_mean": 17.4843, "car_v_std": 2.1795}, "datetime": {"datetime": "2024-09-05 15:38:19", "elapsed": 17354.963508, "delta": 14.842467}}
{"target": -0.2709349752196324, "params": {"bus_acc": 1.1263, "bus_dcc": 0.4348, "bus_lcAssertive": 55.2762, "bus_lcCooperative": 0.0006, "bus_lcLookaheadLeft": 58.5882, "bus_lcPushy": 0.3513, "bus_lcSigma": 0.3179, "bus_lcSpeedGainRight": 2.7625, "bus_lcSublane": 0.4468, "bus_sigma": 0.0573, "bus_tau_mean": 2.5042, "bus_tau_std": 3.1612, "bus_v_mean": 17.1845, "bus_v_std": 15.2558, "car_acc": 0.8929, "car_dcc": 3.9774, "car_lcAssertive": 11.2954, "car_lcCooperative": 0.0015, "car_lcLookaheadLeft": 30.0456, "car_lcPushy": 0.0124, "car_lcSigma": 0.1402, "car_lcSpeedGainRight": 0.8509, "car_lcSublane": 0.7836, "car_sigma": 0.987, "car_tau_mean": 2.8682, "car_tau_std": 4.533, "car_v_mean": 17.8849, "car_v_std": 0.1878}, "datetime": {"datetime": "2024-09-05 15:38:37", "elapsed": 17373.281437, "delta": 18.317929}}
{"target": -0.18131198921563244, "params": {"bus_acc": 2.715, "bus_dcc": 3.4679, "bus_lcAssertive": 89.7012, "bus_lcCooperative": 0.288, "bus_lcLookaheadLeft": 46.9549, "bus_lcPushy": 0.5799, "bus_lcSigma": 0.473, "bus_lcSpeedGainRight": 2.538, "bus_lcSublane": 0.1002, "bus_sigma": 0.5316, "bus_tau_mean": 2.6735, "bus_tau_std": 8.5085, "bus_v_mean": 8.0797, "bus_v_std": 2.7863, "car_acc": 3.5041, "car_dcc": 2.3382, "car_lcAssertive": 7.0169, "car_lcCooperative": 0.9832, "car_lcLookaheadLeft": 32.1012, "car_lcPushy": 0.4727, "car_lcSigma": 0.8014, "car_lcSpeedGainRight": 0.6712, "car_lcSublane": 0.4181, "car_sigma": 0.5622, "car_tau_mean": 3.3305, "car_tau_std": 7.2696, "car_v_mean": 17.8968, "car_v_std": 0.6374}, "datetime": {"datetime": "2024-09-05 15:39:35", "elapsed": 17431.293672, "delta": 58.012235}}
{"target": -0.1826434349985934, "params": {"bus_acc": 2.568, "bus_dcc": 2.8177, "bus_lcAssertive": 51.4048, "bus_lcCooperative": 0.7728, "bus_lcLookaheadLeft": 11.8651, "bus_lcPushy": 0.3832, "bus_lcSigma": 0.9235, "bus_lcSpeedGainRight": 1.2693, "bus_lcSublane": 0.3401, "bus_sigma": 0.3932, "bus_tau_mean": 3.3566, "bus_tau_std": 1.3408, "bus_v_mean": 9.2505, "bus_v_std": 4.5463, "car_acc": 3.353, "car_dcc": 1.565, "car_lcAssertive": 11.7571, "car_lcCooperative": 0.6803, "car_lcLookaheadLeft": 21.8937, "car_lcPushy": 0.7831, "car_lcSigma": 0.6119, "car_lcSpeedGainRight": 2.7359, "car_lcSublane": 0.4469, "car_sigma": 0.7813, "car_tau_mean": 1.8909, "car_tau_std": 9.379, "car_v_mean": 19.1628, "car_v_std": 9.5025}, "datetime": {"datetime": "2024-09-05 15:40:12", "elapsed": 17468.345913, "delta": 37.052241}}
{"target": -0.22221395140836164, "params": {"bus_acc": 0.7843, "bus_dcc": 3.6674, "bus_lcAssertive": 11.2461, "bus_lcCooperative": 0.9954, "bus_lcLookaheadLeft": 65.5277, "bus_lcPushy": 0.4601, "bus_lcSigma": 0.4267, "bus_lcSpeedGainRight": 3.6034, "bus_lcSublane": 0.8716, "bus_sigma": 0.908, "bus_tau_mean": 3.2567, "bus_tau_std": 6.3388, "bus_v_mean": 24.8883, "bus_v_std": 18.6527, "car_acc": 1.2034, "car_dcc": 3.5935, "car_lcAssertive": 90.6947, "car_lcCooperative": 0.2735, "car_lcLookaheadLeft": 97.3724, "car_lcPushy": 0.8537, "car_lcSigma": 0.7504, "car_lcSpeedGainRight": 4.0087, "car_lcSublane": 0.0046, "car_sigma": 0.5741, "car_tau_mean": 0.6407, "car_tau_std": 6.0002, "car_v_mean": 14.8417, "car_v_std": 0.6637}, "datetime": {"datetime": "2024-09-05 15:40:33", "elapsed": 17489.119099, "delta": 20.773186}}
{"target": -0.19701551839843454, "params": {"bus_acc": 1.7779, "bus_dcc": 2.2712, "bus_lcAssertive": 38.2593, "bus_lcCooperative": 0.0812, "bus_lcLookaheadLeft": 22.1099, "bus_lcPushy": 0.8461, "bus_lcSigma": 0.494, "bus_lcSpeedGainRight": 1.8939, "bus_lcSublane": 0.1485, "bus_sigma": 0.9962, "bus_tau_mean": 0.5229, "bus_tau_std": 7.4516, "bus_v_mean": 24.1717, "bus_v_std": 6.3245, "car_acc": 2.5784, "car_dcc": 2.8397, "car_lcAssertive": 66.8135, "car_lcCooperative": 0.4728, "car_lcLookaheadLeft": 15.1204, "car_lcPushy": 0.8297, "car_lcSigma": 0.29, "car_lcSpeedGainRight": 0.7901, "car_lcSublane": 0.4478, "car_sigma": 0.1414, "car_tau_mean": 1.7783, "car_tau_std": 2.7854, "car_v_mean": 12.5489, "car_v_std": 2.6707}, "datetime": {"datetime": "2024-09-05 15:40:55", "elapsed": 17511.003391, "delta": 21.884292}}
{"target": -0.20596362065345553, "params": {"bus_acc": 3.0911, "bus_dcc": 2.7439, "bus_lcAssertive": 58.2267, "bus_lcCooperative": 0.9384, "bus_lcLookaheadLeft": 13.8187, "bus_lcPushy": 0.3096, "bus_lcSigma": 0.8091, "bus_lcSpeedGainRight": 4.1003, "bus_lcSublane": 0.2161, "bus_sigma": 0.137, "bus_tau_mean": 1.1532, "bus_tau_std": 1.1726, "bus_v_mean": 16.5024, "bus_v_std": 11.8859, "car_acc": 3.4452, "car_dcc": 1.4671, "car_lcAssertive": 67.9339, "car_lcCooperative": 0.4428, "car_lcLookaheadLeft": 79.2646, "car_lcPushy": 0.3944, "car_lcSigma": 0.1267, "car_lcSpeedGainRight": 0.519, "car_lcSublane": 0.2433, "car_sigma": 0.536, "car_tau_mean": 0.8959, "car_tau_std": 7.0377, "car_v_mean": 25.9029, "car_v_std": 15.4217}, "datetime": {"datetime": "2024-09-05 15:41:36", "elapsed": 17552.438743, "delta": 41.435352}}
{"target": -0.17392217337014204, "params": {"bus_acc": 2.0723, "bus_dcc": 1.5243, "bus_lcAssertive": 12.5001, "bus_lcCooperative": 0.6462, "bus_lcLookaheadLeft": 18.1353, "bus_lcPushy": 0.3597, "bus_lcSigma": 0.3463, "bus_lcSpeedGainRight": 0.6248, "bus_lcSublane": 0.7967, "bus_sigma": 0.4399, "bus_tau_mean": 1.6882, "bus_tau_std": 0.1568, "bus_v_mean": 9.7994, "bus_v_std": 5.5423, "car_acc": 2.2951, "car_dcc": 2.5783, "car_lcAssertive": 9.8829, "car_lcCooperative": 0.49, "car_lcLookaheadLeft": 31.1054, "car_lcPushy": 0.3249, "car_lcSigma": 0.0166, "car_lcSpeedGainRight": 4.4184, "car_lcSublane": 0.9058, "car_sigma": 0.8267, "car_tau_mean": 2.3095, "car_tau_std": 1.6589, "car_v_mean": 20.2699, "car_v_std": 15.9674}, "datetime": {"datetime": "2024-09-05 15:41:52", "elapsed": 17568.257573, "delta": 15.81883}}
{"target": -0.4999397961675697, "params": {"bus_acc": 3.1353, "bus_dcc": 0.8447, "bus_lcAssertive": 41.6796, "bus_lcCooperative": 0.7164, "bus_lcLookaheadLeft": 96.9212, "bus_lcPushy": 0.9698, "bus_lcSigma": 0.5307, "bus_lcSpeedGainRight": 1.4335, "bus_lcSublane": 0.3904, "bus_sigma": 0.2497, "bus_tau_mean": 3.636, "bus_tau_std": 7.8226, "bus_v_mean": 21.9975, "bus_v_std": 5.023, "car_acc": 2.3892, "car_dcc": 0.3827, "car_lcAssertive": 43.3059, "car_lcCooperative": 0.8547, "car_lcLookaheadLeft": 65.6787, "car_lcPushy": 0.5873, "car_lcSigma": 0.1627, "car_lcSpeedGainRight": 2.1266, "car_lcSublane": 0.2908, "car_sigma": 0.0592, "car_tau_mean": 2.0519, "car_tau_std": 7.985, "car_v_mean": 10.9403, "car_v_std": 13.5193}, "datetime": {"datetime": "2024-09-05 15:42:11", "elapsed": 17587.404416, "delta": 19.146843}}
{"target": -0.16315635851459617, "params": {"bus_acc": 0.7996, "bus_dcc": 2.854, "bus_lcAssertive": 4.4809, "bus_lcCooperative": 0.9486, "bus_lcLookaheadLeft": 94.1298, "bus_lcPushy": 0.4864, "bus_lcSigma": 0.7356, "bus_lcSpeedGainRight": 1.675, "bus_lcSublane": 0.9836, "bus_sigma": 0.5328, "bus_tau_mean": 2.9778, "bus_tau_std": 4.0024, "bus_v_mean": 13.509, "bus_v_std": 5.8029, "car_acc": 0.6872, "car_dcc": 2.6714, "car_lcAssertive": 30.3492, "car_lcCooperative": 0.9423, "car_lcLookaheadLeft": 24.7626, "car_lcPushy": 0.9743, "car_lcSigma": 0.3461, "car_lcSpeedGainRight": 3.3475, "car_lcSublane": 0.4483, "car_sigma": 0.9477, "car_tau_mean": 3.7995, "car_tau_std": 8.8921, "car_v_mean": 12.863, "car_v_std": 18.1771}, "datetime": {"datetime": "2024-09-05 15:42:32", "elapsed": 17607.656324, "delta": 20.251908}}
{"target": -0.22529651892359667, "params": {"bus_acc": 3.5085, "bus_dcc": 0.6729, "bus_lcAssertive": 69.1124, "bus_lcCooperative": 0.4868, "bus_lcLookaheadLeft": 5.8316, "bus_lcPushy": 0.1432, "bus_lcSigma": 0.1243, "bus_lcSpeedGainRight": 0.1598, "bus_lcSublane": 0.3834, "bus_sigma": 0.9711, "bus_tau_mean": 3.5615, "bus_tau_std": 0.3784, "bus_v_mean": 24.773, "bus_v_std": 7.0397, "car_acc": 1.6596, "car_dcc": 3.3134, "car_lcAssertive": 44.0314, "car_lcCooperative": 0.1631, "car_lcLookaheadLeft": 6.4582, "car_lcPushy": 0.2777, "car_lcSigma": 0.3792, "car_lcSpeedGainRight": 4.8238, "car_lcSublane": 0.6915, "car_sigma": 0.8783, "car_tau_mean": 3.9508, "car_tau_std": 7.8396, "car_v_mean": 10.2792, "car_v_std": 17.0823}, "datetime": {"datetime": "2024-09-05 15:42:52", "elapsed": 17628.124493, "delta": 20.468169}}
{"target": -0.18493940487024985, "params": {"bus_acc": 3.2951, "bus_dcc": 2.6902, "bus_lcAssertive": 64.6628, "bus_lcCooperative": 0.4018, "bus_lcLookaheadLeft": 32.6798, "bus_lcPushy": 0.0799, "bus_lcSigma": 0.1091, "bus_lcSpeedGainRight": 4.466, "bus_lcSublane": 0.391, "bus_sigma": 0.2008, "bus_tau_mean": 0.6586, "bus_tau_std": 4.9488, "bus_v_mean": 11.3975, "bus_v_std": 6.3454, "car_acc": 3.6486, "car_dcc": 2.6921, "car_lcAssertive": 8.7572, "car_lcCooperative": 0.9199, "car_lcLookaheadLeft": 23.5867, "car_lcPushy": 0.8845, "car_lcSigma": 0.1633, "car_lcSpeedGainRight": 0.3122, "car_lcSublane": 0.5878, "car_sigma": 0.4681, "car_tau_mean": 0.9203, "car_tau_std": 9.824, "car_v_mean": 15.3285, "car_v_std": 0.0195}, "datetime": {"datetime": "2024-09-05 15:43:11", "elapsed": 17646.529749, "delta": 18.405256}}
{"target": -0.20637530070098783, "params": {"bus_acc": 3.3443, "bus_dcc": 1.8243, "bus_lcAssertive": 22.1457, "bus_lcCooperative": 0.2805, "bus_lcLookaheadLeft": 90.3733, "bus_lcPushy": 0.4921, "bus_lcSigma": 0.2241, "bus_lcSpeedGainRight": 4.179, "bus_lcSublane": 0.0761, "bus_sigma": 0.1368, "bus_tau_mean": 2.2823, "bus_tau_std": 4.1174, "bus_v_mean": 22.0934, "bus_v_std": 17.2146, "car_acc": 2.4022, "car_dcc": 1.2831, "car_lcAssertive": 31.1338, "car_lcCooperative": 0.7225, "car_lcLookaheadLeft": 74.3267, "car_lcPushy": 0.6449, "car_lcSigma": 0.3268, "car_lcSpeedGainRight": 4.2429, "car_lcSublane": 0.6394, "car_sigma": 0.2615, "car_tau_mean": 2.8917, "car_tau_std": 1.2453, "car_v_mean": 23.1159, "car_v_std": 12.012}, "datetime": {"datetime": "2024-09-05 15:43:31", "elapsed": 17667.442407, "delta": 20.912658}}
{"target": -0.15995782394214297, "params": {"bus_acc": 3.1188, "bus_dcc": 2.7634, "bus_lcAssertive": 5.1818, "bus_lcCooperative": 0.8715, "bus_lcLookaheadLeft": 13.6496, "bus_lcPushy": 0.3679, "bus_lcSigma": 0.8718, "bus_lcSpeedGainRight": 0.3289, "bus_lcSublane": 0.5536, "bus_sigma": 0.1193, "bus_tau_mean": 2.9103, "bus_tau_std": 6.7412, "bus_v_mean": 10.3721, "bus_v_std": 14.8587, "car_acc": 0.6649, "car_dcc": 0.9832, "car_lcAssertive": 68.6638, "car_lcCooperative": 0.4305, "car_lcLookaheadLeft": 91.2125, "car_lcPushy": 0.6849, "car_lcSigma": 0.7483, "car_lcSpeedGainRight": 1.4605, "car_lcSublane": 0.502, "car_sigma": 0.1182, "car_tau_mean": 1.7625, "car_tau_std": 6.2352, "car_v_mean": 25.3558, "car_v_std": 1.5433}, "datetime": {"datetime": "2024-09-05 15:43:50", "elapsed": 17686.463403, "delta": 19.020996}}
{"target": -0.22413612040508027, "params": {"bus_acc": 1.8623, "bus_dcc": 3.6092, "bus_lcAssertive": 24.5019, "bus_lcCooperative": 0.1008, "bus_lcLookaheadLeft": 40.6821, "bus_lcPushy": 0.2662, "bus_lcSigma": 0.7497, "bus_lcSpeedGainRight": 4.358, "bus_lcSublane": 0.0142, "bus_sigma": 0.8645, "bus_tau_mean": 1.4246, "bus_tau_std": 9.4887, "bus_v_mean": 25.8939, "bus_v_std": 13.9504, "car_acc": 2.7554, "car_dcc": 1.9145, "car_lcAssertive": 40.6123, "car_lcCooperative": 0.6325, "car_lcLookaheadLeft": 87.0556, "car_lcPushy": 0.672, "car_lcSigma": 0.2134, "car_lcSpeedGainRight": 4.0575, "car_lcSublane": 0.7567, "car_sigma": 0.3389, "car_tau_mean": 3.2846, "car_tau_std": 2.0798, "car_v_mean": 18.6976, "car_v_std": 12.228}, "datetime": {"datetime": "2024-09-05 15:44:09", "elapsed": 17704.75553, "delta": 18.292127}}
{"target": -0.1917385445014377, "params": {"bus_acc": 1.743, "bus_dcc": 1.5253, "bus_lcAssertive": 65.6521, "bus_lcCooperative": 0.1555, "bus_lcLookaheadLeft": 48.5816, "bus_lcPushy": 0.4509, "bus_lcSigma": 0.9016, "bus_lcSpeedGainRight": 3.3797, "bus_lcSublane": 0.686, "bus_sigma": 0.7985, "bus_tau_mean": 1.5573, "bus_tau_std": 9.4503, "bus_v_mean": 8.7628, "bus_v_std": 12.273, "car_acc": 1.8176, "car_dcc": 2.5366, "car_lcAssertive": 85.5845, "car_lcCooperative": 0.8149, "car_lcLookaheadLeft": 58.7033, "car_lcPushy": 0.0277, "car_lcSigma": 0.032, "car_lcSpeedGainRight": 4.2607, "car_lcSublane": 0.3075, "car_sigma": 0.0517, "car_tau_mean": 2.8167, "car_tau_std": 9.0053, "car_v_mean": 23.586, "car_v_std": 8.309}, "datetime": {"datetime": "2024-09-05 15:44:32", "elapsed": 17727.645978, "delta": 22.890448}}
{"target": -0.17854235172896252, "params": {"bus_acc": 1.9625, "bus_dcc": 0.9406, "bus_lcAssertive": 35.3359, "bus_lcCooperative": 0.0305, "bus_lcLookaheadLeft": 94.5977, "bus_lcPushy": 0.9788, "bus_lcSigma": 0.2908, "bus_lcSpeedGainRight": 0.0422, "bus_lcSublane": 0.5396, "bus_sigma": 0.8834, "bus_tau_mean": 1.1074, "bus_tau_std": 9.9385, "bus_v_mean": 12.4836, "bus_v_std": 9.9269, "car_acc": 1.0011, "car_dcc": 2.3926, "car_lcAssertive": 19.0462, "car_lcCooperative": 0.7331, "car_lcLookaheadLeft": 60.3489, "car_lcPushy": 0.833, "car_lcSigma": 0.2437, "car_lcSpeedGainRight": 3.7593, "car_lcSublane": 0.9524, "car_sigma": 0.004, "car_tau_mean": 2.6553, "car_tau_std": 1.5407, "car_v_mean": 18.8863, "car_v_std": 18.7237}, "datetime": {"datetime": "2024-09-05 15:45:04", "elapsed": 17760.00962, "delta": 32.363642}}
{"target": -0.19504808476651933, "params": {"bus_acc": 2.3648, "bus_dcc": 3.2717, "bus_lcAssertive": 90.8115, "bus_lcCooperative": 0.8243, "bus_lcLookaheadLeft": 49.6287, "bus_lcPushy": 0.8165, "bus_lcSigma": 0.4551, "bus_lcSpeedGainRight": 0.7475, "bus_lcSublane": 0.2705, "bus_sigma": 0.4456, "bus_tau_mean": 0.5672, "bus_tau_std": 6.6908, "bus_v_mean": 24.8029, "bus_v_std": 1.014, "car_acc": 3.6426, "car_dcc": 1.5702, "car_lcAssertive": 69.3542, "car_lcCooperative": 0.4658, "car_lcLookaheadLeft": 43.2461, "car_lcPushy": 0.7651, "car_lcSigma": 0.601, "car_lcSpeedGainRight": 4.035, "car_lcSublane": 0.4686, "car_sigma": 0.4185, "car_tau_mean": 2.6257, "car_tau_std": 5.1766, "car_v_mean": 15.8289, "car_v_std": 12.5885}, "datetime": {"datetime": "2024-09-05 15:45:22", "elapsed": 17777.49246, "delta": 17.48284}}
{"target": -0.2034520857138783, "params": {"bus_acc": 3.5186, "bus_dcc": 2.9543, "bus_lcAssertive": 82.8814, "bus_lcCooperative": 0.2051, "bus_lcLookaheadLeft": 77.8742, "bus_lcPushy": 0.0584, "bus_lcSigma": 0.9894, "bus_lcSpeedGainRight": 4.8984, "bus_lcSublane": 0.9548, "bus_sigma": 0.8279, "bus_tau_mean": 1.0145, "bus_tau_std": 3.6343, "bus_v_mean": 9.6182, "bus_v_std": 12.9333, "car_acc": 2.8609, "car_dcc": 3.5702, "car_lcAssertive": 36.3598, "car_lcCooperative": 0.0494, "car_lcLookaheadLeft": 6.6533, "car_lcPushy": 0.5517, "car_lcSigma": 0.7973, "car_lcSpeedGainRight": 4.6848, "car_lcSublane": 0.0537, "car_sigma": 0.1071, "car_tau_mean": 2.5359, "car_tau_std": 7.1272, "car_v_mean": 11.934, "car_v_std": 16.2442}, "datetime": {"datetime": "2024-09-05 15:45:43", "elapsed": 17798.682138, "delta": 21.189678}}
