{"target": -0.3968002483916219, "params": {"bus_acc": 3.8141, "bus_dcc": 3.7466, "bus_lcAssertive": 81.1913, "bus_lcCooperative": 0.2892, "bus_lcLookaheadLeft": 54.8453, "bus_lcPushy": 0.9008, "bus_lcSigma": 0.7708, "bus_lcSpeedGainRight": 2.4206, "bus_lcSublane": 0.9779, "bus_sigma": 0.4093, "bus_tau_mean": 1.9847, "bus_tau_std": 9.8591, "bus_v_mean": 22.874, "bus_v_std": 18.3239, "car_acc": 0.4026, "car_dcc": 1.9602, "car_lcAssertive": 24.6337, "car_lcCooperative": 0.4545, "car_lcLookaheadLeft": 74.4821, "car_lcPushy": 0.7241, "car_lcSigma": 0.6203, "car_lcSpeedGainRight": 2.1434, "car_lcSublane": 0.5847, "car_sigma": 0.5337, "car_tau_mean": 2.7441, "car_tau_std": 6.4718, "car_v_mean": 15.4387, "car_v_std": 15.7514}, "datetime": {"datetime": "2024-08-11 17:47:53", "elapsed": 343.807607, "delta": 2.329651}}
{"target": -0.44166487392617615, "params": {"bus_acc": 0.8655, "bus_dcc": 1.4806, "bus_lcAssertive": 34.5141, "bus_lcCooperative": 0.253, "bus_lcLookaheadLeft": 49.5188, "bus_lcPushy": 0.4828, "bus_lcSigma": 0.2808, "bus_lcSpeedGainRight": 3.0016, "bus_lcSublane": 0.0347, "bus_sigma": 0.9333, "bus_tau_mean": 2.6919, "bus_tau_std": 7.5611, "bus_v_mean": 21.1655, "bus_v_std": 5.0309, "car_acc": 0.2203, "car_dcc": 1.783, "car_lcAssertive": 4.2615, "car_lcCooperative": 0.3966, "car_lcLookaheadLeft": 44.0, "car_lcPushy": 0.3945, "car_lcSigma": 0.4087, "car_lcSpeedGainRight": 2.1742, "car_lcSublane": 0.0688, "car_sigma": 0.8104, "car_tau_mean": 2.0379, "car_tau_std": 6.8887, "car_v_mean": 20.6353, "car_v_std": 8.7942}, "datetime": {"datetime": "2024-08-11 17:47:55", "elapsed": 345.646118, "delta": 1.838511}}
{"target": -0.19535774315400012, "params": {"bus_acc": 3.8101, "bus_dcc": 3.7426, "bus_lcAssertive": 81.1894, "bus_lcCooperative": 0.2871, "bus_lcLookaheadLeft": 54.8413, "bus_lcPushy": 0.901, "bus_lcSigma": 0.771, "bus_lcSpeedGainRight": 2.4167, "bus_lcSublane": 0.9781, "bus_sigma": 0.4072, "bus_tau_mean": 1.9807, "bus_tau_std": 9.8551, "bus_v_mean": 22.87, "bus_v_std": 18.3199, "car_acc": 0.4005, "car_dcc": 1.9562, "car_lcAssertive": 24.6298, "car_lcCooperative": 0.4524, "car_lcLookaheadLeft": 74.4802, "car_lcPushy": 0.7243, "car_lcSigma": 0.6182, "car_lcSpeedGainRight": 2.1395, "car_lcSublane": 0.5849, "car_sigma": 0.5339, "car_tau_mean": 2.7401, "car_tau_std": 6.4679, "car_v_mean": 15.4348, "car_v_std": 15.7475}, "datetime": {"datetime": "2024-08-11 17:47:56", "elapsed": 347.615966, "delta": 1.969848}}
{"target": -0.2725062832308637, "params": {"bus_acc": 3.8168, "bus_dcc": 3.7494, "bus_lcAssertive": 81.1929, "bus_lcCooperative": 0.2908, "bus_lcLookaheadLeft": 54.8481, "bus_lcPushy": 0.901, "bus_lcSigma": 0.771, "bus_lcSpeedGainRight": 2.4234, "bus_lcSublane": 0.9781, "bus_sigma": 0.4109, "bus_tau_mean": 1.9875, "bus_tau_std": 9.8618, "bus_v_mean": 22.8767, "bus_v_std": 18.3266, "car_acc": 0.4042, "car_dcc": 1.9629, "car_lcAssertive": 24.6365, "car_lcCooperative": 0.4561, "car_lcLookaheadLeft": 74.4837, "car_lcPushy": 0.7243, "car_lcSigma": 0.6219, "car_lcSpeedGainRight": 2.1462, "car_lcSublane": 0.5849, "car_sigma": 0.5339, "car_tau_mean": 2.7469, "car_tau_std": 6.4746, "car_v_mean": 15.4415, "car_v_std": 15.7542}, "datetime": {"datetime": "2024-08-11 17:47:58", "elapsed": 349.428628, "delta": 1.812662}}
{"target": -0.30118569346032337, "params": {"bus_acc": 4.0, "bus_dcc": 3.4347, "bus_lcAssertive": 81.0379, "bus_lcCooperative": 0.6394, "bus_lcLookaheadLeft": 54.536, "bus_lcPushy": 1.0, "bus_lcSigma": 1.0, "bus_lcSpeedGainRight": 3.1159, "bus_lcSublane": 0.983, "bus_sigma": 0.7595, "bus_tau_mean": 2.6774, "bus_tau_std": 9.5471, "bus_v_mean": 22.562, "bus_v_std": 18.0119, "car_acc": 0.7528, "car_dcc": 2.6554, "car_lcAssertive": 24.3244, "car_lcCooperative": 0.8047, "car_lcLookaheadLeft": 74.8272, "car_lcPushy": 0.7292, "car_lcSigma": 0.9705, "car_lcSpeedGainRight": 2.8361, "car_lcSublane": 0.5898, "car_sigma": 0.5388, "car_tau_mean": 3.4394, "car_tau_std": 6.1599, "car_v_mean": 15.1294, "car_v_std": 15.4395}, "datetime": {"datetime": "2024-08-11 17:48:00", "elapsed": 350.822678, "delta": 1.39405}}
{"target": -0.36323082481514324, "params": {"bus_acc": 1.6924, "bus_dcc": 3.9153, "bus_lcAssertive": 18.5803, "bus_lcCooperative": 0.6779, "bus_lcLookaheadLeft": 58.0364, "bus_lcPushy": 0.5824, "bus_lcSigma": 0.0579, "bus_lcSpeedGainRight": 4.7024, "bus_lcSublane": 0.3359, "bus_sigma": 0.9573, "bus_tau_mean": 3.367, "bus_tau_std": 1.4101, "bus_v_mean": 12.4991, "bus_v_std": 14.0116, "car_acc": 3.257, "car_dcc": 2.6625, "car_lcAssertive": 43.9058, "car_lcCooperative": 0.1002, "car_lcLookaheadLeft": 57.0234, "car_lcPushy": 0.8984, "car_lcSigma": 0.5253, "car_lcSpeedGainRight": 2.4275, "car_lcSublane": 0.5193, "car_sigma": 0.7429, "car_tau_mean": 3.7012, "car_tau_std": 6.9783, "car_v_mean": 17.2897, "car_v_std": 3.0555}, "datetime": {"datetime": "2024-08-11 17:48:02", "elapsed": 352.867879, "delta": 2.045201}}
{"target": -0.4260156762915866, "params": {"bus_acc": 3.6694, "bus_dcc": 3.7666, "bus_lcAssertive": 78.3813, "bus_lcCooperative": 0.4962, "bus_lcLookaheadLeft": 40.637, "bus_lcPushy": 0.8612, "bus_lcSigma": 0.5235, "bus_lcSpeedGainRight": 1.4459, "bus_lcSublane": 0.0438, "bus_sigma": 0.2045, "bus_tau_mean": 2.9731, "bus_tau_std": 8.5512, "bus_v_mean": 13.9604, "bus_v_std": 7.5017, "car_acc": 2.2044, "car_dcc": 2.6285, "car_lcAssertive": 15.7506, "car_lcCooperative": 0.7748, "car_lcLookaheadLeft": 47.051, "car_lcPushy": 0.3342, "car_lcSigma": 0.9322, "car_lcSpeedGainRight": 4.5205, "car_lcSublane": 0.4502, "car_sigma": 0.8924, "car_tau_mean": 2.537, "car_tau_std": 8.5732, "car_v_mean": 19.0968, "car_v_std": 12.2153}, "datetime": {"datetime": "2024-08-11 17:48:05", "elapsed": 356.239464, "delta": 3.371585}}
{"target": -0.5959621102194309, "params": {"bus_acc": 0.5516, "bus_dcc": 1.1595, "bus_lcAssertive": 6.222, "bus_lcCooperative": 0.2966, "bus_lcLookaheadLeft": 59.1489, "bus_lcPushy": 0.4081, "bus_lcSigma": 0.9127, "bus_lcSpeedGainRight": 3.9833, "bus_lcSublane": 0.6369, "bus_sigma": 0.1071, "bus_tau_mean": 2.2827, "bus_tau_std": 8.9199, "bus_v_mean": 14.6692, "bus_v_std": 3.7045, "car_acc": 2.1439, "car_dcc": 2.0291, "car_lcAssertive": 95.6138, "car_lcCooperative": 0.0853, "car_lcLookaheadLeft": 93.8791, "car_lcPushy": 0.7805, "car_lcSigma": 0.1626, "car_lcSpeedGainRight": 3.5109, "car_lcSublane": 0.1506, "car_sigma": 0.6141, "car_tau_mean": 3.2834, "car_tau_std": 0.8155, "car_v_mean": 14.0434, "car_v_std": 17.8794}, "datetime": {"datetime": "2024-08-11 17:48:07", "elapsed": 358.440964, "delta": 2.2015}}
{"target": -0.2024879804363001, "params": {"bus_acc": 3.9464, "bus_dcc": 3.8789, "bus_lcAssertive": 81.4821, "bus_lcCooperative": 0.1307, "bus_lcLookaheadLeft": 54.977, "bus_lcPushy": 1.0, "bus_lcSigma": 0.9952, "bus_lcSpeedGainRight": 2.553, "bus_lcSublane": 1.0, "bus_sigma": 0.7002, "bus_tau_mean": 2.1171, "bus_tau_std": 9.9914, "bus_v_mean": 23.0063, "bus_v_std": 18.2305, "car_acc": 0.4684, "car_dcc": 2.0925, "car_lcAssertive": 24.7661, "car_lcCooperative": 0.7454, "car_lcLookaheadLeft": 74.773, "car_lcPushy": 1.0, "car_lcSigma": 0.9112, "car_lcSpeedGainRight": 2.2758, "car_lcSublane": 0.8091, "car_sigma": 0.7581, "car_tau_mean": 2.8764, "car_tau_std": 6.6042, "car_v_mean": 15.3453, "car_v_std": 15.8838}, "datetime": {"datetime": "2024-08-11 17:48:09", "elapsed": 360.249906, "delta": 1.808942}}
{"target": -0.27899267507032266, "params": {"bus_acc": 4.0, "bus_dcc": 4.0, "bus_lcAssertive": 66.7531, "bus_lcCooperative": 0.0, "bus_lcLookaheadLeft": 51.5267, "bus_lcPushy": 1.0, "bus_lcSigma": 0.994, "bus_lcSpeedGainRight": 0.0, "bus_lcSublane": 1.0, "bus_sigma": 0.9132, "bus_tau_mean": 0.5, "bus_tau_std": 10.0, "bus_v_mean": 26.0, "bus_v_std": 20.0, "car_acc": 0.2, "car_dcc": 1.3584, "car_lcAssertive": 42.2711, "car_lcCooperative": 0.0, "car_lcLookaheadLeft": 75.9122, "car_lcPushy": 1.0, "car_lcSigma": 0.0, "car_lcSpeedGainRight": 0.1243, "car_lcSublane": 0.4294, "car_sigma": 1.0, "car_tau_mean": 1.1158, "car_tau_std": 0.0, "car_v_mean": 22.8107, "car_v_std": 16.6942}, "datetime": {"datetime": "2024-08-11 17:48:12", "elapsed": 363.253358, "delta": 3.003452}}
{"target": -0.23921767925736984, "params": {"bus_acc": 3.8106, "bus_dcc": 3.7431, "bus_lcAssertive": 81.1896, "bus_lcCooperative": 0.2876, "bus_lcLookaheadLeft": 54.8419, "bus_lcPushy": 0.9006, "bus_lcSigma": 0.7706, "bus_lcSpeedGainRight": 2.4172, "bus_lcSublane": 0.9777, "bus_sigma": 0.4077, "bus_tau_mean": 1.9812, "bus_tau_std": 9.8556, "bus_v_mean": 22.8705, "bus_v_std": 18.3204, "car_acc": 0.4009, "car_dcc": 1.9567, "car_lcAssertive": 24.6303, "car_lcCooperative": 0.4528, "car_lcLookaheadLeft": 74.4805, "car_lcPushy": 0.7239, "car_lcSigma": 0.6187, "car_lcSpeedGainRight": 2.14, "car_lcSublane": 0.5845, "car_sigma": 0.5335, "car_tau_mean": 2.7406, "car_tau_std": 6.4684, "car_v_mean": 15.4353, "car_v_std": 15.748}, "datetime": {"datetime": "2024-08-11 17:48:14", "elapsed": 365.468222, "delta": 2.214864}}
{"target": -0.23997167586985935, "params": {"bus_acc": 0.2, "bus_dcc": 4.0, "bus_lcAssertive": 51.1323, "bus_lcCooperative": 0.0866, "bus_lcLookaheadLeft": 86.5697, "bus_lcPushy": 0.0, "bus_lcSigma": 0.0, "bus_lcSpeedGainRight": 0.0, "bus_lcSublane": 1.0, "bus_sigma": 1.0, "bus_tau_mean": 1.1145, "bus_tau_std": 0.0, "bus_v_mean": 9.0821, "bus_v_std": 6.5121, "car_acc": 0.2, "car_dcc": 4.0, "car_lcAssertive": 69.6116, "car_lcCooperative": 0.0, "car_lcLookaheadLeft": 59.0494, "car_lcPushy": 0.2777, "car_lcSigma": 1.0, "car_lcSpeedGainRight": 5.0, "car_lcSublane": 0.0, "car_sigma": 1.0, "car_tau_mean": 1.9974, "car_tau_std": 0.0, "car_v_mean": 26.0, "car_v_std": 0.0}, "datetime": {"datetime": "2024-08-11 17:48:17", "elapsed": 368.277758, "delta": 2.809536}}
{"target": -0.3066335313175677, "params": {"bus_acc": 3.8153, "bus_dcc": 3.7478, "bus_lcAssertive": 81.1918, "bus_lcCooperative": 0.2897, "bus_lcLookaheadLeft": 54.8466, "bus_lcPushy": 0.9012, "bus_lcSigma": 0.7712, "bus_lcSpeedGainRight": 2.4219, "bus_lcSublane": 0.9783, "bus_sigma": 0.4098, "bus_tau_mean": 1.9859, "bus_tau_std": 9.8603, "bus_v_mean": 22.8752, "bus_v_std": 18.3251, "car_acc": 0.4031, "car_dcc": 1.9614, "car_lcAssertive": 24.635, "car_lcCooperative": 0.455, "car_lcLookaheadLeft": 74.4826, "car_lcPushy": 0.7245, "car_lcSigma": 0.6209, "car_lcSpeedGainRight": 2.1447, "car_lcSublane": 0.5851, "car_sigma": 0.5341, "car_tau_mean": 2.7453, "car_tau_std": 6.4731, "car_v_mean": 15.44, "car_v_std": 15.7527}, "datetime": {"datetime": "2024-08-11 17:48:20", "elapsed": 370.892472, "delta": 2.614714}}
{"target": -0.327637588429742, "params": {"bus_acc": 2.715, "bus_dcc": 3.1236, "bus_lcAssertive": 72.5935, "bus_lcCooperative": 0.846, "bus_lcLookaheadLeft": 89.459, "bus_lcPushy": 0.2028, "bus_lcSigma": 0.0441, "bus_lcSpeedGainRight": 4.7117, "bus_lcSublane": 0.3786, "bus_sigma": 0.7946, "bus_tau_mean": 1.2665, "bus_tau_std": 8.3039, "bus_v_mean": 9.8003, "bus_v_std": 16.5177, "car_acc": 1.0237, "car_dcc": 2.5821, "car_lcAssertive": 68.3172, "car_lcCooperative": 0.4282, "car_lcLookaheadLeft": 69.5222, "car_lcPushy": 0.4502, "car_lcSigma": 0.8517, "car_lcSpeedGainRight": 1.352, "car_lcSublane": 0.5828, "car_sigma": 0.5385, "car_tau_mean": 2.8488, "car_tau_std": 3.2862, "car_v_mean": 19.5906, "car_v_std": 16.2333}, "datetime": {"datetime": "2024-08-11 17:48:21", "elapsed": 372.470885, "delta": 1.578413}}
{"target": -0.19169396411026582, "params": {"bus_acc": 0.2, "bus_dcc": 4.0, "bus_lcAssertive": 51.1015, "bus_lcCooperative": 0.0204, "bus_lcLookaheadLeft": 85.3217, "bus_lcPushy": 0.0, "bus_lcSigma": 0.0, "bus_lcSpeedGainRight": 0.0, "bus_lcSublane": 1.0, "bus_sigma": 1.0, "bus_tau_mean": 1.1843, "bus_tau_std": 0.0, "bus_v_mean": 11.0352, "bus_v_std": 8.4812, "car_acc": 0.2, "car_dcc": 4.0, "car_lcAssertive": 68.4314, "car_lcCooperative": 0.0, "car_lcLookaheadLeft": 59.9418, "car_lcPushy": 0.3112, "car_lcSigma": 1.0, "car_lcSpeedGainRight": 5.0, "car_lcSublane": 0.0, "car_sigma": 1.0, "car_tau_mean": 1.9068, "car_tau_std": 0.8632, "car_v_mean": 26.0, "car_v_std": 0.0}, "datetime": {"datetime": "2024-08-11 17:48:24", "elapsed": 375.331042, "delta": 2.860157}}
{"target": -0.4586318952619659, "params": {"bus_acc": 3.5802, "bus_dcc": 0.841, "bus_lcAssertive": 74.0799, "bus_lcCooperative": 0.4841, "bus_lcLookaheadLeft": 21.9217, "bus_lcPushy": 0.4626, "bus_lcSigma": 0.0562, "bus_lcSpeedGainRight": 1.2107, "bus_lcSublane": 0.6207, "bus_sigma": 0.9923, "bus_tau_mean": 1.226, "bus_tau_std": 5.675, "bus_v_mean": 15.9891, "bus_v_std": 1.8854, "car_acc": 2.0864, "car_dcc": 1.0147, "car_lcAssertive": 88.2022, "car_lcCooperative": 0.7654, "car_lcLookaheadLeft": 45.1488, "car_lcPushy": 0.1947, "car_lcSigma": 0.6894, "car_lcSpeedGainRight": 4.8816, "car_lcSublane": 0.6128, "car_sigma": 0.004, "car_tau_mean": 3.6233, "car_tau_std": 1.5638, "car_v_mean": 15.4178, "car_v_std": 7.9433}, "datetime": {"datetime": "2024-08-11 17:48:26", "elapsed": 377.286383, "delta": 1.955341}}
{"target": -0.4259414692482006, "params": {"bus_acc": 3.8153, "bus_dcc": 2.3008, "bus_lcAssertive": 96.3352, "bus_lcCooperative": 0.1964, "bus_lcLookaheadLeft": 88.4433, "bus_lcPushy": 0.1159, "bus_lcSigma": 0.6057, "bus_lcSpeedGainRight": 3.0863, "bus_lcSublane": 0.5436, "bus_sigma": 0.9995, "bus_tau_mean": 3.9372, "bus_tau_std": 0.1289, "bus_v_mean": 23.0602, "bus_v_std": 19.1539, "car_acc": 2.8219, "car_dcc": 1.9227, "car_lcAssertive": 53.924, "car_lcCooperative": 0.2878, "car_lcLookaheadLeft": 7.5839, "car_lcPushy": 0.0165, "car_lcSigma": 0.4342, "car_lcSpeedGainRight": 1.0281, "car_lcSublane": 0.382, "car_sigma": 0.3724, "car_tau_mean": 2.696, "car_tau_std": 5.628, "car_v_mean": 22.2444, "car_v_std": 1.8427}, "datetime": {"datetime": "2024-08-11 17:48:28", "elapsed": 379.211575, "delta": 1.925192}}
{"target": -0.3481015478911207, "params": {"bus_acc": 0.2835, "bus_dcc": 3.9466, "bus_lcAssertive": 61.5492, "bus_lcCooperative": 0.3818, "bus_lcLookaheadLeft": 4.6032, "bus_lcPushy": 0.3932, "bus_lcSigma": 0.456, "bus_lcSpeedGainRight": 4.6584, "bus_lcSublane": 0.2819, "bus_sigma": 0.6182, "bus_tau_mean": 2.8315, "bus_tau_std": 1.863, "bus_v_mean": 17.1071, "bus_v_std": 15.7334, "car_acc": 0.5704, "car_dcc": 2.5063, "car_lcAssertive": 3.5833, "car_lcCooperative": 0.0105, "car_lcLookaheadLeft": 7.8372, "car_lcPushy": 0.4848, "car_lcSigma": 0.9291, "car_lcSpeedGainRight": 2.0312, "car_lcSublane": 0.0784, "car_sigma": 0.8648, "car_tau_mean": 2.321, "car_tau_std": 3.1928, "car_v_mean": 25.338, "car_v_std": 18.7686}, "datetime": {"datetime": "2024-08-11 17:48:31", "elapsed": 382.282394, "delta": 3.070819}}
{"target": -0.4139971099339588, "params": {"bus_acc": 2.628, "bus_dcc": 3.3162, "bus_lcAssertive": 76.4649, "bus_lcCooperative": 0.2298, "bus_lcLookaheadLeft": 61.1502, "bus_lcPushy": 0.8401, "bus_lcSigma": 0.5502, "bus_lcSpeedGainRight": 1.4446, "bus_lcSublane": 0.7308, "bus_sigma": 0.3387, "bus_tau_mean": 1.1549, "bus_tau_std": 8.825, "bus_v_mean": 20.9177, "bus_v_std": 17.7721, "car_acc": 0.7148, "car_dcc": 2.3848, "car_lcAssertive": 35.0037, "car_lcCooperative": 0.1681, "car_lcLookaheadLeft": 79.7299, "car_lcPushy": 0.7199, "car_lcSigma": 0.589, "car_lcSpeedGainRight": 2.7947, "car_lcSublane": 0.4352, "car_sigma": 0.455, "car_tau_mean": 1.881, "car_tau_std": 5.3045, "car_v_mean": 17.7808, "car_v_std": 11.9969}, "datetime": {"datetime": "2024-08-11 17:48:33", "elapsed": 384.140164, "delta": 1.85777}}
{"target": -0.21217322907240901, "params": {"bus_acc": 3.8112, "bus_dcc": 3.7437, "bus_lcAssertive": 81.1902, "bus_lcCooperative": 0.2882, "bus_lcLookaheadLeft": 54.8425, "bus_lcPushy": 0.9016, "bus_lcSigma": 0.7717, "bus_lcSpeedGainRight": 2.4178, "bus_lcSublane": 0.9787, "bus_sigma": 0.4083, "bus_tau_mean": 1.9818, "bus_tau_std": 9.8535, "bus_v_mean": 22.8711, "bus_v_std": 18.321, "car_acc": 0.4016, "car_dcc": 1.9573, "car_lcAssertive": 24.6309, "car_lcCooperative": 0.4535, "car_lcLookaheadLeft": 74.4811, "car_lcPushy": 0.7249, "car_lcSigma": 0.6193, "car_lcSpeedGainRight": 2.1406, "car_lcSublane": 0.5855, "car_sigma": 0.5345, "car_tau_mean": 2.7412, "car_tau_std": 6.469, "car_v_mean": 15.4359, "car_v_std": 15.7486}, "datetime": {"datetime": "2024-08-11 17:48:35", "elapsed": 386.109018, "delta": 1.968854}}
{"target": -0.31199739195145365, "params": {"bus_acc": 0.2, "bus_dcc": 4.0, "bus_lcAssertive": 72.7406, "bus_lcCooperative": 0.4289, "bus_lcLookaheadLeft": 4.1282, "bus_lcPushy": 0.2994, "bus_lcSigma": 0.4012, "bus_lcSpeedGainRight": 4.7813, "bus_lcSublane": 0.232, "bus_sigma": 0.5417, "bus_tau_mean": 2.8784, "bus_tau_std": 2.1036, "bus_v_mean": 14.2438, "bus_v_std": 14.5428, "car_acc": 0.553, "car_dcc": 3.0713, "car_lcAssertive": 15.5065, "car_lcCooperative": 0.0, "car_lcLookaheadLeft": 2.0, "car_lcPushy": 0.5015, "car_lcSigma": 0.8702, "car_lcSpeedGainRight": 1.9284, "car_lcSublane": 0.0004, "car_sigma": 0.8227, "car_tau_mean": 1.7453, "car_tau_std": 3.4785, "car_v_mean": 23.9643, "car_v_std": 16.3734}, "datetime": {"datetime": "2024-08-11 17:48:38", "elapsed": 388.910228, "delta": 2.80121}}
{"target": -0.3506450039079429, "params": {"bus_acc": 1.038, "bus_dcc": 1.8202, "bus_lcAssertive": 85.0638, "bus_lcCooperative": 0.7301, "bus_lcLookaheadLeft": 56.7857, "bus_lcPushy": 0.1292, "bus_lcSigma": 0.1765, "bus_lcSpeedGainRight": 1.027, "bus_lcSublane": 0.719, "bus_sigma": 0.6905, "bus_tau_mean": 2.712, "bus_tau_std": 8.0321, "bus_v_mean": 23.9623, "bus_v_std": 14.2113, "car_acc": 1.8453, "car_dcc": 3.7175, "car_lcAssertive": 29.0644, "car_lcCooperative": 0.5248, "car_lcLookaheadLeft": 74.1806, "car_lcPushy": 0.09, "car_lcSigma": 0.5432, "car_lcSpeedGainRight": 1.0394, "car_lcSublane": 0.1063, "car_sigma": 0.4957, "car_tau_mean": 0.9004, "car_tau_std": 8.1447, "car_v_mean": 19.3138, "car_v_std": 19.1571}, "datetime": {"datetime": "2024-08-11 17:48:39", "elapsed": 390.356498, "delta": 1.44627}}
{"target": -0.42668162213522026, "params": {"bus_acc": 3.7786, "bus_dcc": 3.1019, "bus_lcAssertive": 49.4489, "bus_lcCooperative": 0.8592, "bus_lcLookaheadLeft": 8.981, "bus_lcPushy": 0.7763, "bus_lcSigma": 0.5468, "bus_lcSpeedGainRight": 4.991, "bus_lcSublane": 0.4734, "bus_sigma": 0.8514, "bus_tau_mean": 0.6723, "bus_tau_std": 1.3781, "bus_v_mean": 10.4374, "bus_v_std": 12.8283, "car_acc": 1.5582, "car_dcc": 1.6207, "car_lcAssertive": 75.7633, "car_lcCooperative": 0.7257, "car_lcLookaheadLeft": 91.3119, "car_lcPushy": 0.9418, "car_lcSigma": 0.7948, "car_lcSpeedGainRight": 2.818, "car_lcSublane": 0.7801, "car_sigma": 0.4288, "car_tau_mean": 3.0971, "car_tau_std": 6.543, "car_v_mean": 13.5442, "car_v_std": 16.452}, "datetime": {"datetime": "2024-08-11 17:48:42", "elapsed": 393.059574, "delta": 2.703076}}
{"target": -0.2798463023953555, "params": {"bus_acc": 1.1673, "bus_dcc": 2.8455, "bus_lcAssertive": 10.4627, "bus_lcCooperative": 0.3421, "bus_lcLookaheadLeft": 42.0719, "bus_lcPushy": 0.0042, "bus_lcSigma": 0.2716, "bus_lcSpeedGainRight": 2.5054, "bus_lcSublane": 0.2171, "bus_sigma": 0.0524, "bus_tau_mean": 2.3142, "bus_tau_std": 6.11, "bus_v_mean": 19.8285, "bus_v_std": 12.461, "car_acc": 3.8801, "car_dcc": 3.5243, "car_lcAssertive": 25.129, "car_lcCooperative": 0.1046, "car_lcLookaheadLeft": 60.4042, "car_lcPushy": 0.2601, "car_lcSigma": 0.0596, "car_lcSpeedGainRight": 3.252, "car_lcSublane": 0.0122, "car_sigma": 0.6898, "car_tau_mean": 1.0574, "car_tau_std": 4.9674, "car_v_mean": 24.8312, "car_v_std": 0.2138}, "datetime": {"datetime": "2024-08-11 17:48:44", "elapsed": 395.350311, "delta": 2.290737}}
{"target": -0.4707031442480331, "params": {"bus_acc": 0.2, "bus_dcc": 4.0, "bus_lcAssertive": 93.3738, "bus_lcCooperative": 1.0, "bus_lcLookaheadLeft": 63.581, "bus_lcPushy": 1.0, "bus_lcSigma": 0.0, "bus_lcSpeedGainRight": 0.0, "bus_lcSublane": 1.0, "bus_sigma": 1.0, "bus_tau_mean": 0.5, "bus_tau_std": 10.0, "bus_v_mean": 8.0, "bus_v_std": 20.0, "car_acc": 4.0, "car_dcc": 0.2, "car_lcAssertive": 55.1516, "car_lcCooperative": 0.0, "car_lcLookaheadLeft": 80.0828, "car_lcPushy": 0.0, "car_lcSigma": 1.0, "car_lcSpeedGainRight": 5.0, "car_lcSublane": 0.0, "car_sigma": 0.0, "car_tau_mean": 0.5, "car_tau_std": 0.0, "car_v_mean": 26.0, "car_v_std": 0.0}, "datetime": {"datetime": "2024-08-11 17:48:46", "elapsed": 397.483006, "delta": 2.132695}}
{"target": -0.37279113739927455, "params": {"bus_acc": 3.2848, "bus_dcc": 2.4319, "bus_lcAssertive": 36.8277, "bus_lcCooperative": 0.0275, "bus_lcLookaheadLeft": 91.3715, "bus_lcPushy": 0.8385, "bus_lcSigma": 0.512, "bus_lcSpeedGainRight": 4.1065, "bus_lcSublane": 0.7499, "bus_sigma": 0.4368, "bus_tau_mean": 3.6987, "bus_tau_std": 5.6153, "bus_v_mean": 25.1509, "bus_v_std": 0.7795, "car_acc": 2.6561, "car_dcc": 1.3567, "car_lcAssertive": 12.5606, "car_lcCooperative": 0.8918, "car_lcLookaheadLeft": 98.6424, "car_lcPushy": 0.2387, "car_lcSigma": 0.6688, "car_lcSpeedGainRight": 4.1851, "car_lcSublane": 0.7003, "car_sigma": 0.8757, "car_tau_mean": 2.0313, "car_tau_std": 8.2654, "car_v_mean": 8.6196, "car_v_std": 5.867}, "datetime": {"datetime": "2024-08-11 17:48:49", "elapsed": 400.543928, "delta": 3.060922}}
{"target": -0.2465796197035844, "params": {"bus_acc": 0.426, "bus_dcc": 4.0, "bus_lcAssertive": 61.8378, "bus_lcCooperative": 0.5243, "bus_lcLookaheadLeft": 4.8918, "bus_lcPushy": 0.5358, "bus_lcSigma": 0.5985, "bus_lcSpeedGainRight": 4.9471, "bus_lcSublane": 0.4244, "bus_sigma": 0.6146, "bus_tau_mean": 3.1201, "bus_tau_std": 2.1516, "bus_v_mean": 17.3958, "bus_v_std": 16.0221, "car_acc": 0.5668, "car_dcc": 2.795, "car_lcAssertive": 3.872, "car_lcCooperative": 0.153, "car_lcLookaheadLeft": 8.1258, "car_lcPushy": 0.6273, "car_lcSigma": 0.9255, "car_lcSpeedGainRight": 2.3198, "car_lcSublane": 0.221, "car_sigma": 0.8612, "car_tau_mean": 2.6096, "car_tau_std": 3.4814, "car_v_mean": 25.6266, "car_v_std": 19.0573}, "datetime": {"datetime": "2024-08-11 17:48:51", "elapsed": 402.36766, "delta": 1.823732}}
