{"target": -0.21056069428995958, "params": {"bus_acc": 3.4892, "bus_dcc": 3.4194, "bus_lcAssertive": 72.0335, "bus_lcCooperative": 0.5513, "bus_lcLookaheadLeft": 11.8754, "bus_lcPushy": 0.0324, "bus_lcSigma": 0.0295, "bus_lcSpeedGainRight": 4.2526, "bus_lcSublane": 0.7963, "bus_sigma": 0.4307, "bus_tau_mean": 0.7636, "bus_tau_std": 8.1536, "bus_v_mean": 19.5815, "bus_v_std": 18.2687, "car_acc": 0.8831, "car_dcc": 1.9104, "car_lcAssertive": 9.9074, "car_lcCooperative": 0.3477, "car_lcLookaheadLeft": 72.1164, "car_lcPushy": 0.9378, "car_lcSigma": 0.9877, "car_lcSpeedGainRight": 0.109, "car_lcSublane": 0.238, "car_sigma": 0.4551, "car_tau_mean": 3.7149, "car_tau_std": 1.7377, "car_v_mean": 22.2242, "car_v_std": 1.5402}, "datetime": {"datetime": "2024-09-05 11:20:45", "elapsed": 1901.081002, "delta": 3.19465}}
{"target": -0.20716144807172301, "params": {"bus_acc": 3.566, "bus_dcc": 1.3242, "bus_lcAssertive": 40.646, "bus_lcCooperative": 0.6164, "bus_lcLookaheadLeft": 64.9059, "bus_lcPushy": 0.3796, "bus_lcSigma": 0.777, "bus_lcSpeedGainRight": 4.0238, "bus_lcSublane": 0.2491, "bus_sigma": 0.261, "bus_tau_mean": 3.9168, "bus_tau_std": 2.3336, "bus_v_mean": 23.3877, "bus_v_std": 14.9946, "car_acc": 1.0894, "car_dcc": 3.2303, "car_lcAssertive": 89.9844, "car_lcCooperative": 0.099, "car_lcLookaheadLeft": 42.0688, "car_lcPushy": 0.4154, "car_lcSigma": 0.405, "car_lcSpeedGainRight": 3.5317, "car_lcSublane": 0.6507, "car_sigma": 0.735, "car_tau_mean": 1.3363, "car_tau_std": 4.7495, "car_v_mean": 25.7669, "car_v_std": 9.451}, "datetime": {"datetime": "2024-09-05 11:20:56", "elapsed": 1912.36464, "delta": 11.283638}}
{"target": -0.2525489051027226, "params": {"bus_acc": 0.2838, "bus_dcc": 1.6972, "bus_lcAssertive": 17.846, "bus_lcCooperative": 0.7439, "bus_lcLookaheadLeft": 5.3237, "bus_lcPushy": 0.592, "bus_lcSigma": 0.6782, "bus_lcSpeedGainRight": 4.5782, "bus_lcSublane": 0.04, "bus_sigma": 0.6601, "bus_tau_mean": 2.162, "bus_tau_std": 6.1082, "bus_v_mean": 19.2755, "bus_v_std": 1.9511, "car_acc": 2.9231, "car_dcc": 3.5672, "car_lcAssertive": 71.8343, "car_lcCooperative": 0.8066, "car_lcLookaheadLeft": 6.1901, "car_lcPushy": 0.3311, "car_lcSigma": 0.7421, "car_lcSpeedGainRight": 2.522, "car_lcSublane": 0.7223, "car_sigma": 0.5696, "car_tau_mean": 1.9033, "car_tau_std": 3.4641, "car_v_mean": 13.125, "car_v_std": 10.3461}, "datetime": {"datetime": "2024-09-05 11:21:20", "elapsed": 1935.863482, "delta": 23.498842}}
{"target": -0.1597092097974239, "params": {"bus_acc": 2.8988, "bus_dcc": 3.622, "bus_lcAssertive": 88.8024, "bus_lcCooperative": 0.7906, "bus_lcLookaheadLeft": 89.5965, "bus_lcPushy": 0.3164, "bus_lcSigma": 0.9557, "bus_lcSpeedGainRight": 4.3793, "bus_lcSublane": 0.1104, "bus_sigma": 0.4244, "bus_tau_mean": 3.597, "bus_tau_std": 2.8622, "bus_v_mean": 11.9329, "bus_v_std": 1.9931, "car_acc": 2.6351, "car_dcc": 3.6526, "car_lcAssertive": 22.1946, "car_lcCooperative": 0.8141, "car_lcLookaheadLeft": 74.534, "car_lcPushy": 0.5349, "car_lcSigma": 0.4621, "car_lcSpeedGainRight": 1.9945, "car_lcSublane": 0.186, "car_sigma": 0.6256, "car_tau_mean": 1.2281, "car_tau_std": 6.7543, "car_v_mean": 18.1746, "car_v_std": 9.5221}, "datetime": {"datetime": "2024-09-05 11:21:25", "elapsed": 1941.009463, "delta": 5.145981}}
{"target": -0.2129650884440073, "params": {"bus_acc": 0.8132, "bus_dcc": 2.7588, "bus_lcAssertive": 75.701, "bus_lcCooperative": 0.4694, "bus_lcLookaheadLeft": 96.2317, "bus_lcPushy": 0.0267, "bus_lcSigma": 0.1789, "bus_lcSpeedGainRight": 4.154, "bus_lcSublane": 0.8399, "bus_sigma": 0.7603, "bus_tau_mean": 3.9836, "bus_tau_std": 9.6813, "bus_v_mean": 15.9589, "bus_v_std": 12.7369, "car_acc": 0.8726, "car_dcc": 3.286, "car_lcAssertive": 4.5712, "car_lcCooperative": 0.6339, "car_lcLookaheadLeft": 54.5119, "car_lcPushy": 0.9291, "car_lcSigma": 0.5912, "car_lcSpeedGainRight": 4.278, "car_lcSublane": 0.1202, "car_sigma": 0.7925, "car_tau_mean": 2.1428, "car_tau_std": 4.0861, "car_v_mean": 8.3914, "car_v_std": 7.0383}, "datetime": {"datetime": "2024-09-05 11:21:42", "elapsed": 1957.886835, "delta": 16.877372}}
{"target": -0.25811054018889096, "params": {"bus_acc": 0.4646, "bus_dcc": 3.7267, "bus_lcAssertive": 72.0089, "bus_lcCooperative": 0.4809, "bus_lcLookaheadLeft": 31.7337, "bus_lcPushy": 0.9572, "bus_lcSigma": 0.73, "bus_lcSpeedGainRight": 3.9775, "bus_lcSublane": 0.9665, "bus_sigma": 0.7108, "bus_tau_mean": 2.9435, "bus_tau_std": 5.2791, "bus_v_mean": 21.5552, "bus_v_std": 5.9442, "car_acc": 2.6287, "car_dcc": 2.3757, "car_lcAssertive": 11.5039, "car_lcCooperative": 0.3072, "car_lcLookaheadLeft": 78.1552, "car_lcPushy": 0.6963, "car_lcSigma": 0.6483, "car_lcSpeedGainRight": 2.3238, "car_lcSublane": 0.1599, "car_sigma": 0.2082, "car_tau_mean": 3.681, "car_tau_std": 1.592, "car_v_mean": 21.6255, "car_v_std": 10.7978}, "datetime": {"datetime": "2024-09-05 11:21:49", "elapsed": 1965.450272, "delta": 7.563437}}
{"target": -0.21465175448166648, "params": {"bus_acc": 2.6132, "bus_dcc": 2.4346, "bus_lcAssertive": 13.1608, "bus_lcCooperative": 0.3224, "bus_lcLookaheadLeft": 18.4072, "bus_lcPushy": 0.4381, "bus_lcSigma": 0.4015, "bus_lcSpeedGainRight": 0.4501, "bus_lcSublane": 0.0979, "bus_sigma": 0.0587, "bus_tau_mean": 3.7016, "bus_tau_std": 9.0002, "bus_v_mean": 13.1682, "bus_v_std": 9.7197, "car_acc": 1.1482, "car_dcc": 2.7593, "car_lcAssertive": 20.8365, "car_lcCooperative": 0.6619, "car_lcLookaheadLeft": 88.3892, "car_lcPushy": 0.5723, "car_lcSigma": 0.3541, "car_lcSpeedGainRight": 3.2755, "car_lcSublane": 0.4172, "car_sigma": 0.8469, "car_tau_mean": 3.0015, "car_tau_std": 4.1661, "car_v_mean": 22.3526, "car_v_std": 0.1768}, "datetime": {"datetime": "2024-09-05 11:21:52", "elapsed": 1967.47064, "delta": 2.020368}}
{"target": -0.18588450767530737, "params": {"bus_acc": 3.0715, "bus_dcc": 1.6244, "bus_lcAssertive": 99.6133, "bus_lcCooperative": 0.8104, "bus_lcLookaheadLeft": 27.6391, "bus_lcPushy": 0.3628, "bus_lcSigma": 0.3551, "bus_lcSpeedGainRight": 4.9403, "bus_lcSublane": 0.4196, "bus_sigma": 0.754, "bus_tau_mean": 2.1426, "bus_tau_std": 4.8615, "bus_v_mean": 17.9321, "bus_v_std": 2.2967, "car_acc": 2.4533, "car_dcc": 3.1921, "car_lcAssertive": 10.165, "car_lcCooperative": 0.5822, "car_lcLookaheadLeft": 95.5165, "car_lcPushy": 0.465, "car_lcSigma": 0.371, "car_lcSpeedGainRight": 2.8048, "car_lcSublane": 0.0129, "car_sigma": 0.4599, "car_tau_mean": 3.2227, "car_tau_std": 9.3188, "car_v_mean": 23.835, "car_v_std": 18.1141}, "datetime": {"datetime": "2024-09-05 11:21:53", "elapsed": 1969.442301, "delta": 1.971661}}
{"target": -0.21148107370261346, "params": {"bus_acc": 2.6129, "bus_dcc": 1.6253, "bus_lcAssertive": 78.1792, "bus_lcCooperative": 0.38, "bus_lcLookaheadLeft": 76.769, "bus_lcPushy": 0.8646, "bus_lcSigma": 0.7392, "bus_lcSpeedGainRight": 4.4388, "bus_lcSublane": 0.5501, "bus_sigma": 0.6925, "bus_tau_mean": 1.145, "bus_tau_std": 0.9994, "bus_v_mean": 11.0434, "bus_v_std": 12.4974, "car_acc": 0.9962, "car_dcc": 0.8101, "car_lcAssertive": 71.5707, "car_lcCooperative": 0.9644, "car_lcLookaheadLeft": 21.6224, "car_lcPushy": 0.1455, "car_lcSigma": 0.6192, "car_lcSpeedGainRight": 4.9929, "car_lcSublane": 0.7803, "car_sigma": 0.8584, "car_tau_mean": 3.3757, "car_tau_std": 6.3657, "car_v_mean": 12.9791, "car_v_std": 13.4895}, "datetime": {"datetime": "2024-09-05 11:21:57", "elapsed": 1972.744593, "delta": 3.302292}}
{"target": -0.19644846550339956, "params": {"bus_acc": 3.8857, "bus_dcc": 1.9117, "bus_lcAssertive": 10.9236, "bus_lcCooperative": 0.9819, "bus_lcLookaheadLeft": 24.8268, "bus_lcPushy": 0.327, "bus_lcSigma": 0.7123, "bus_lcSpeedGainRight": 4.5502, "bus_lcSublane": 0.4977, "bus_sigma": 0.783, "bus_tau_mean": 2.0706, "bus_tau_std": 3.3317, "bus_v_mean": 14.6503, "bus_v_std": 2.0199, "car_acc": 3.3512, "car_dcc": 3.3899, "car_lcAssertive": 21.6456, "car_lcCooperative": 0.1647, "car_lcLookaheadLeft": 20.0091, "car_lcPushy": 0.3159, "car_lcSigma": 0.1223, "car_lcSpeedGainRight": 3.7534, "car_lcSublane": 0.7396, "car_sigma": 0.1619, "car_tau_mean": 3.0876, "car_tau_std": 2.006, "car_v_mean": 11.8099, "car_v_std": 6.3091}, "datetime": {"datetime": "2024-09-05 11:22:03", "elapsed": 1979.220003, "delta": 6.47541}}
{"target": -0.205528158524645, "params": {"bus_acc": 2.5917, "bus_dcc": 2.8307, "bus_lcAssertive": 68.6112, "bus_lcCooperative": 0.2247, "bus_lcLookaheadLeft": 18.8076, "bus_lcPushy": 0.4849, "bus_lcSigma": 0.1021, "bus_lcSpeedGainRight": 1.1309, "bus_lcSublane": 0.7066, "bus_sigma": 0.6308, "bus_tau_mean": 2.5573, "bus_tau_std": 8.7022, "bus_v_mean": 14.6726, "bus_v_std": 9.0713, "car_acc": 1.4007, "car_dcc": 0.372, "car_lcAssertive": 85.3771, "car_lcCooperative": 0.8952, "car_lcLookaheadLeft": 86.5378, "car_lcPushy": 0.1349, "car_lcSigma": 0.2162, "car_lcSpeedGainRight": 4.2478, "car_lcSublane": 0.6974, "car_sigma": 0.5582, "car_tau_mean": 3.2523, "car_tau_std": 4.8342, "car_v_mean": 15.0094, "car_v_std": 0.0724}, "datetime": {"datetime": "2024-09-05 11:22:13", "elapsed": 1988.98921, "delta": 9.769207}}
{"target": -0.20422884477834094, "params": {"bus_acc": 2.9244, "bus_dcc": 0.2301, "bus_lcAssertive": 52.099, "bus_lcCooperative": 0.6399, "bus_lcLookaheadLeft": 98.334, "bus_lcPushy": 0.0814, "bus_lcSigma": 0.5523, "bus_lcSpeedGainRight": 2.8643, "bus_lcSublane": 0.686, "bus_sigma": 0.4322, "bus_tau_mean": 1.5378, "bus_tau_std": 8.7572, "bus_v_mean": 16.3231, "bus_v_std": 0.4489, "car_acc": 0.3346, "car_dcc": 0.2221, "car_lcAssertive": 23.6263, "car_lcCooperative": 0.9451, "car_lcLookaheadLeft": 27.4352, "car_lcPushy": 0.1923, "car_lcSigma": 0.4768, "car_lcSpeedGainRight": 2.1149, "car_lcSublane": 0.5431, "car_sigma": 0.7776, "car_tau_mean": 1.4884, "car_tau_std": 4.497, "car_v_mean": 25.9089, "car_v_std": 0.7113}, "datetime": {"datetime": "2024-09-05 11:22:16", "elapsed": 1991.577492, "delta": 2.588282}}
{"target": -0.16905678241767677, "params": {"bus_acc": 3.5346, "bus_dcc": 0.4561, "bus_lcAssertive": 66.2667, "bus_lcCooperative": 0.1026, "bus_lcLookaheadLeft": 39.9323, "bus_lcPushy": 0.9528, "bus_lcSigma": 0.9097, "bus_lcSpeedGainRight": 4.7304, "bus_lcSublane": 0.4401, "bus_sigma": 0.3499, "bus_tau_mean": 3.4562, "bus_tau_std": 8.3634, "bus_v_mean": 14.0744, "bus_v_std": 6.5089, "car_acc": 3.9241, "car_dcc": 3.729, "car_lcAssertive": 67.8041, "car_lcCooperative": 0.6488, "car_lcLookaheadLeft": 13.8674, "car_lcPushy": 0.0335, "car_lcSigma": 0.6184, "car_lcSpeedGainRight": 3.8692, "car_lcSublane": 0.8966, "car_sigma": 0.6174, "car_tau_mean": 2.6016, "car_tau_std": 3.113, "car_v_mean": 13.4616, "car_v_std": 14.5569}, "datetime": {"datetime": "2024-09-05 11:22:18", "elapsed": 1993.772639, "delta": 2.195147}}
{"target": -0.34421500879311906, "params": {"bus_acc": 0.4512, "bus_dcc": 3.5069, "bus_lcAssertive": 82.6894, "bus_lcCooperative": 0.1897, "bus_lcLookaheadLeft": 30.3153, "bus_lcPushy": 0.7734, "bus_lcSigma": 0.2418, "bus_lcSpeedGainRight": 3.4146, "bus_lcSublane": 0.838, "bus_sigma": 0.4468, "bus_tau_mean": 2.8027, "bus_tau_std": 0.5084, "bus_v_mean": 16.9014, "bus_v_std": 11.0208, "car_acc": 1.3358, "car_dcc": 3.3285, "car_lcAssertive": 39.848, "car_lcCooperative": 0.9436, "car_lcLookaheadLeft": 5.6637, "car_lcPushy": 0.7243, "car_lcSigma": 0.3317, "car_lcSpeedGainRight": 4.4752, "car_lcSublane": 0.0785, "car_sigma": 0.1777, "car_tau_mean": 3.6807, "car_tau_std": 4.0382, "car_v_mean": 25.9026, "car_v_std": 10.2587}, "datetime": {"datetime": "2024-09-05 11:22:35", "elapsed": 2010.748164, "delta": 16.975525}}
{"target": -0.1450125206263955, "params": {"bus_acc": 1.1342, "bus_dcc": 0.6951, "bus_lcAssertive": 11.1665, "bus_lcCooperative": 0.076, "bus_lcLookaheadLeft": 51.9814, "bus_lcPushy": 0.0264, "bus_lcSigma": 0.5165, "bus_lcSpeedGainRight": 2.8265, "bus_lcSublane": 0.2928, "bus_sigma": 0.9032, "bus_tau_mean": 3.93, "bus_tau_std": 6.2678, "bus_v_mean": 20.4286, "bus_v_std": 12.4894, "car_acc": 0.7029, "car_dcc": 0.7682, "car_lcAssertive": 74.7049, "car_lcCooperative": 0.8331, "car_lcLookaheadLeft": 47.9915, "car_lcPushy": 0.5568, "car_lcSigma": 0.6993, "car_lcSpeedGainRight": 0.1353, "car_lcSublane": 0.406, "car_sigma": 0.2413, "car_tau_mean": 2.4111, "car_tau_std": 2.7467, "car_v_mean": 12.4432, "car_v_std": 3.235}, "datetime": {"datetime": "2024-09-05 11:22:37", "elapsed": 2012.694622, "delta": 1.946458}}
{"target": -0.29746586953467086, "params": {"bus_acc": 3.8165, "bus_dcc": 3.5321, "bus_lcAssertive": 88.8989, "bus_lcCooperative": 0.7123, "bus_lcLookaheadLeft": 2.3765, "bus_lcPushy": 0.7038, "bus_lcSigma": 0.1766, "bus_lcSpeedGainRight": 4.1035, "bus_lcSublane": 0.8164, "bus_sigma": 0.3059, "bus_tau_mean": 0.9261, "bus_tau_std": 8.2997, "bus_v_mean": 9.348, "bus_v_std": 19.4416, "car_acc": 1.7347, "car_dcc": 3.6068, "car_lcAssertive": 58.7345, "car_lcCooperative": 0.5068, "car_lcLookaheadLeft": 74.6435, "car_lcPushy": 0.6698, "car_lcSigma": 0.9879, "car_lcSpeedGainRight": 0.3953, "car_lcSublane": 0.4652, "car_sigma": 0.4346, "car_tau_mean": 1.6978, "car_tau_std": 4.9604, "car_v_mean": 8.1364, "car_v_std": 5.6091}, "datetime": {"datetime": "2024-09-05 11:23:08", "elapsed": 2044.240414, "delta": 31.545792}}
{"target": -0.25256678307775154, "params": {"bus_acc": 0.3171, "bus_dcc": 2.9696, "bus_lcAssertive": 41.3617, "bus_lcCooperative": 0.3303, "bus_lcLookaheadLeft": 21.6614, "bus_lcPushy": 0.3125, "bus_lcSigma": 0.3934, "bus_lcSpeedGainRight": 2.9488, "bus_lcSublane": 0.7627, "bus_sigma": 0.5069, "bus_tau_mean": 1.3379, "bus_tau_std": 6.4337, "bus_v_mean": 16.4805, "bus_v_std": 12.9844, "car_acc": 1.944, "car_dcc": 3.1761, "car_lcAssertive": 92.8817, "car_lcCooperative": 0.942, "car_lcLookaheadLeft": 14.4137, "car_lcPushy": 0.1396, "car_lcSigma": 0.9156, "car_lcSpeedGainRight": 0.6476, "car_lcSublane": 0.4933, "car_sigma": 0.4678, "car_tau_mean": 3.3778, "car_tau_std": 7.3118, "car_v_mean": 25.9166, "car_v_std": 18.3907}, "datetime": {"datetime": "2024-09-05 11:23:15", "elapsed": 2051.164089, "delta": 6.923675}}
{"target": -0.19626172936931233, "params": {"bus_acc": 1.4662, "bus_dcc": 2.1583, "bus_lcAssertive": 66.2018, "bus_lcCooperative": 0.0904, "bus_lcLookaheadLeft": 40.2867, "bus_lcPushy": 0.066, "bus_lcSigma": 0.5979, "bus_lcSpeedGainRight": 0.0026, "bus_lcSublane": 0.9526, "bus_sigma": 0.9202, "bus_tau_mean": 2.3428, "bus_tau_std": 9.5492, "bus_v_mean": 10.3248, "bus_v_std": 14.6076, "car_acc": 3.1561, "car_dcc": 1.7344, "car_lcAssertive": 78.5482, "car_lcCooperative": 0.791, "car_lcLookaheadLeft": 85.3854, "car_lcPushy": 0.1043, "car_lcSigma": 0.9518, "car_lcSpeedGainRight": 1.1608, "car_lcSublane": 0.2165, "car_sigma": 0.1269, "car_tau_mean": 2.1526, "car_tau_std": 4.9784, "car_v_mean": 21.4771, "car_v_std": 11.8812}, "datetime": {"datetime": "2024-09-05 11:23:29", "elapsed": 2065.322432, "delta": 14.158343}}
{"target": -0.7822721041684497, "params": {"bus_acc": 1.1278, "bus_dcc": 1.6857, "bus_lcAssertive": 67.611, "bus_lcCooperative": 0.1882, "bus_lcLookaheadLeft": 91.3306, "bus_lcPushy": 0.5503, "bus_lcSigma": 0.0409, "bus_lcSpeedGainRight": 1.71, "bus_lcSublane": 0.5321, "bus_sigma": 0.6529, "bus_tau_mean": 1.5905, "bus_tau_std": 8.3934, "bus_v_mean": 22.8363, "bus_v_std": 13.1301, "car_acc": 2.282, "car_dcc": 0.9283, "car_lcAssertive": 86.2464, "car_lcCooperative": 0.5762, "car_lcLookaheadLeft": 33.804, "car_lcPushy": 0.5059, "car_lcSigma": 0.1359, "car_lcSpeedGainRight": 2.3839, "car_lcSublane": 0.7933, "car_sigma": 0.9007, "car_tau_mean": 3.8749, "car_tau_std": 6.2882, "car_v_mean": 25.9515, "car_v_std": 14.213}, "datetime": {"datetime": "2024-09-05 11:23:31", "elapsed": 2066.742711, "delta": 1.420279}}
{"target": -0.2363619103040254, "params": {"bus_acc": 1.0162, "bus_dcc": 2.5294, "bus_lcAssertive": 12.4148, "bus_lcCooperative": 0.7331, "bus_lcLookaheadLeft": 14.8374, "bus_lcPushy": 0.6255, "bus_lcSigma": 0.8071, "bus_lcSpeedGainRight": 1.2811, "bus_lcSublane": 0.7021, "bus_sigma": 0.7214, "bus_tau_mean": 0.9046, "bus_tau_std": 4.1765, "bus_v_mean": 17.4218, "bus_v_std": 13.9497, "car_acc": 0.917, "car_dcc": 3.8614, "car_lcAssertive": 55.6361, "car_lcCooperative": 0.7454, "car_lcLookaheadLeft": 39.3073, "car_lcPushy": 0.2054, "car_lcSigma": 0.0442, "car_lcSpeedGainRight": 1.1713, "car_lcSublane": 0.3932, "car_sigma": 0.0059, "car_tau_mean": 1.802, "car_tau_std": 4.3381, "car_v_mean": 22.2528, "car_v_std": 10.8471}, "datetime": {"datetime": "2024-09-05 11:23:40", "elapsed": 2075.627158, "delta": 8.884447}}
{"target": -0.23235120410189802, "params": {"bus_acc": 0.2499, "bus_dcc": 3.7365, "bus_lcAssertive": 31.1085, "bus_lcCooperative": 0.5058, "bus_lcLookaheadLeft": 68.1469, "bus_lcPushy": 0.2187, "bus_lcSigma": 0.4161, "bus_lcSpeedGainRight": 4.9364, "bus_lcSublane": 0.3089, "bus_sigma": 0.3006, "bus_tau_mean": 2.2153, "bus_tau_std": 4.9335, "bus_v_mean": 9.4116, "bus_v_std": 6.3645, "car_acc": 3.3626, "car_dcc": 1.4153, "car_lcAssertive": 68.0907, "car_lcCooperative": 0.5392, "car_lcLookaheadLeft": 12.1299, "car_lcPushy": 0.8813, "car_lcSigma": 0.8184, "car_lcSpeedGainRight": 1.2182, "car_lcSublane": 0.8901, "car_sigma": 0.3966, "car_tau_mean": 2.6078, "car_tau_std": 8.2652, "car_v_mean": 17.613, "car_v_std": 15.7911}, "datetime": {"datetime": "2024-09-05 11:23:43", "elapsed": 2079.31699, "delta": 3.689832}}
{"target": -0.19460781192863594, "params": {"bus_acc": 3.0127, "bus_dcc": 1.2318, "bus_lcAssertive": 77.7966, "bus_lcCooperative": 0.3154, "bus_lcLookaheadLeft": 13.3808, "bus_lcPushy": 0.15, "bus_lcSigma": 0.5444, "bus_lcSpeedGainRight": 4.3981, "bus_lcSublane": 0.4227, "bus_sigma": 0.4626, "bus_tau_mean": 3.976, "bus_tau_std": 3.7989, "bus_v_mean": 9.8303, "bus_v_std": 14.4227, "car_acc": 2.9497, "car_dcc": 2.4297, "car_lcAssertive": 70.4827, "car_lcCooperative": 0.6293, "car_lcLookaheadLeft": 56.1895, "car_lcPushy": 0.4278, "car_lcSigma": 0.359, "car_lcSpeedGainRight": 1.5188, "car_lcSublane": 0.7274, "car_sigma": 0.7764, "car_tau_mean": 3.7407, "car_tau_std": 2.1357, "car_v_mean": 18.3901, "car_v_std": 11.5276}, "datetime": {"datetime": "2024-09-05 11:23:48", "elapsed": 2084.248365, "delta": 4.931375}}
{"target": -0.2676452614913573, "params": {"bus_acc": 3.3383, "bus_dcc": 0.5938, "bus_lcAssertive": 58.4561, "bus_lcCooperative": 0.3717, "bus_lcLookaheadLeft": 34.8622, "bus_lcPushy": 0.4038, "bus_lcSigma": 0.9795, "bus_lcSpeedGainRight": 2.0801, "bus_lcSublane": 0.0093, "bus_sigma": 0.9842, "bus_tau_mean": 3.8635, "bus_tau_std": 3.3314, "bus_v_mean": 14.3118, "bus_v_std": 8.0726, "car_acc": 2.5786, "car_dcc": 1.8657, "car_lcAssertive": 49.7676, "car_lcCooperative": 0.7841, "car_lcLookaheadLeft": 42.8019, "car_lcPushy": 0.8009, "car_lcSigma": 0.3367, "car_lcSpeedGainRight": 2.3319, "car_lcSublane": 0.8327, "car_sigma": 0.4991, "car_tau_mean": 1.5387, "car_tau_std": 2.4511, "car_v_mean": 23.3767, "car_v_std": 1.2113}, "datetime": {"datetime": "2024-09-05 11:24:10", "elapsed": 2106.445736, "delta": 22.197371}}
{"target": -0.21387395902430362, "params": {"bus_acc": 3.8251, "bus_dcc": 3.3131, "bus_lcAssertive": 54.4032, "bus_lcCooperative": 0.4177, "bus_lcLookaheadLeft": 55.5343, "bus_lcPushy": 0.0316, "bus_lcSigma": 0.8844, "bus_lcSpeedGainRight": 0.7074, "bus_lcSublane": 0.3693, "bus_sigma": 0.7267, "bus_tau_mean": 3.3632, "bus_tau_std": 2.5684, "bus_v_mean": 23.2177, "bus_v_std": 1.4931, "car_acc": 2.1033, "car_dcc": 0.6024, "car_lcAssertive": 97.1631, "car_lcCooperative": 0.278, "car_lcLookaheadLeft": 31.0061, "car_lcPushy": 0.4915, "car_lcSigma": 0.8711, "car_lcSpeedGainRight": 4.8235, "car_lcSublane": 0.5956, "car_sigma": 0.8696, "car_tau_mean": 0.6854, "car_tau_std": 6.949, "car_v_mean": 20.0503, "car_v_std": 14.2164}, "datetime": {"datetime": "2024-09-05 11:24:22", "elapsed": 2117.539786, "delta": 11.09405}}
{"target": -0.15769297056089102, "params": {"bus_acc": 1.5497, "bus_dcc": 1.2798, "bus_lcAssertive": 1.4155, "bus_lcCooperative": 0.7519, "bus_lcLookaheadLeft": 97.4084, "bus_lcPushy": 0.0512, "bus_lcSigma": 0.0847, "bus_lcSpeedGainRight": 1.3318, "bus_lcSublane": 0.1222, "bus_sigma": 0.0524, "bus_tau_mean": 3.2973, "bus_tau_std": 6.3584, "bus_v_mean": 25.9759, "bus_v_std": 2.8725, "car_acc": 1.8765, "car_dcc": 2.1799, "car_lcAssertive": 17.889, "car_lcCooperative": 0.3269, "car_lcLookaheadLeft": 63.8414, "car_lcPushy": 0.8485, "car_lcSigma": 0.3411, "car_lcSpeedGainRight": 1.6696, "car_lcSublane": 0.139, "car_sigma": 0.3978, "car_tau_mean": 1.3954, "car_tau_std": 5.3627, "car_v_mean": 21.3884, "car_v_std": 3.8407}, "datetime": {"datetime": "2024-09-05 11:24:23", "elapsed": 2119.291008, "delta": 1.751222}}
{"target": -0.21324885000170926, "params": {"bus_acc": 0.601, "bus_dcc": 3.8538, "bus_lcAssertive": 43.3364, "bus_lcCooperative": 0.669, "bus_lcLookaheadLeft": 68.1858, "bus_lcPushy": 0.633, "bus_lcSigma": 0.0098, "bus_lcSpeedGainRight": 2.1778, "bus_lcSublane": 0.392, "bus_sigma": 0.6931, "bus_tau_mean": 2.058, "bus_tau_std": 1.5942, "bus_v_mean": 14.0612, "bus_v_std": 5.7684, "car_acc": 1.3608, "car_dcc": 1.932, "car_lcAssertive": 5.1988, "car_lcCooperative": 0.2835, "car_lcLookaheadLeft": 62.7907, "car_lcPushy": 0.3043, "car_lcSigma": 0.7429, "car_lcSpeedGainRight": 1.6055, "car_lcSublane": 0.2609, "car_sigma": 0.905, "car_tau_mean": 1.0912, "car_tau_std": 0.5887, "car_v_mean": 15.9692, "car_v_std": 3.2367}, "datetime": {"datetime": "2024-09-05 11:24:50", "elapsed": 2145.575671, "delta": 26.284663}}
