{"target": -0.19937448404169344, "params": {"bus_acc": 3.1791, "bus_dcc": 3.0898, "bus_lcAssertive": 25.4912, "bus_lcCooperative": 0.2983, "bus_lcLookaheadLeft": 85.4538, "bus_lcPushy": 0.4073, "bus_lcSigma": 0.1484, "bus_lcSpeedGainRight": 0.6144, "bus_lcSublane": 0.4812, "bus_sigma": 0.5983, "bus_tau_mean": 3.9325, "bus_tau_std": 1.7506, "bus_v_mean": 16.1475, "bus_v_std": 5.5185, "car_acc": 2.0404, "car_dcc": 1.844, "car_lcAssertive": 61.9928, "car_lcCooperative": 0.5307, "car_lcLookaheadLeft": 24.811, "car_lcPushy": 0.6433, "car_lcSigma": 0.3767, "car_lcSpeedGainRight": 4.9286, "car_lcSublane": 0.1169, "car_sigma": 0.8566, "car_tau_mean": 2.6605, "car_tau_std": 3.3774, "car_v_mean": 8.3043, "car_v_std": 4.2006}, "datetime": {"datetime": "2024-09-05 11:09:58", "elapsed": 1253.886594, "delta": 11.091881}}
{"target": -2.9326385376420294, "params": {"bus_acc": 3.0538, "bus_dcc": 0.9429, "bus_lcAssertive": 51.126, "bus_lcCooperative": 0.2259, "bus_lcLookaheadLeft": 50.1592, "bus_lcPushy": 0.9187, "bus_lcSigma": 0.5139, "bus_lcSpeedGainRight": 2.3849, "bus_lcSublane": 0.1667, "bus_sigma": 0.2586, "bus_tau_mean": 2.704, "bus_tau_std": 0.0784, "bus_v_mean": 11.6757, "bus_v_std": 8.765, "car_acc": 0.7841, "car_dcc": 3.2305, "car_lcAssertive": 97.1904, "car_lcCooperative": 0.7863, "car_lcLookaheadLeft": 26.7013, "car_lcPushy": 0.4536, "car_lcSigma": 0.1858, "car_lcSpeedGainRight": 0.0386, "car_lcSublane": 0.4818, "car_sigma": 0.2839, "car_tau_mean": 1.6767, "car_tau_std": 2.6836, "car_v_mean": 9.3652, "car_v_std": 1.9356}, "datetime": {"datetime": "2024-09-05 11:10:12", "elapsed": 1268.075238, "delta": 14.188644}}
{"target": -0.6744335642804726, "params": {"bus_acc": 0.2414, "bus_dcc": 0.7268, "bus_lcAssertive": 74.6367, "bus_lcCooperative": 0.1634, "bus_lcLookaheadLeft": 81.1971, "bus_lcPushy": 0.4938, "bus_lcSigma": 0.8613, "bus_lcSpeedGainRight": 1.8922, "bus_lcSublane": 0.0174, "bus_sigma": 0.2538, "bus_tau_mean": 0.6094, "bus_tau_std": 1.1869, "bus_v_mean": 21.999, "bus_v_std": 13.0276, "car_acc": 1.8427, "car_dcc": 1.659, "car_lcAssertive": 70.3738, "car_lcCooperative": 0.6462, "car_lcLookaheadLeft": 75.8626, "car_lcPushy": 0.9345, "car_lcSigma": 0.5123, "car_lcSpeedGainRight": 2.4569, "car_lcSublane": 0.8878, "car_sigma": 0.8269, "car_tau_mean": 2.5697, "car_tau_std": 6.8198, "car_v_mean": 24.7655, "car_v_std": 16.0248}, "datetime": {"datetime": "2024-09-05 11:10:15", "elapsed": 1270.896012, "delta": 2.820774}}
{"target": -0.19956523705803395, "params": {"bus_acc": 2.5449, "bus_dcc": 3.4899, "bus_lcAssertive": 85.5246, "bus_lcCooperative": 0.9, "bus_lcLookaheadLeft": 56.7841, "bus_lcPushy": 0.3044, "bus_lcSigma": 0.1104, "bus_lcSpeedGainRight": 2.0659, "bus_lcSublane": 0.2748, "bus_sigma": 0.6366, "bus_tau_mean": 3.9909, "bus_tau_std": 5.6431, "bus_v_mean": 13.6039, "bus_v_std": 12.5729, "car_acc": 0.9642, "car_dcc": 2.2563, "car_lcAssertive": 59.1525, "car_lcCooperative": 0.8187, "car_lcLookaheadLeft": 5.5493, "car_lcPushy": 0.8201, "car_lcSigma": 0.6652, "car_lcSpeedGainRight": 1.5773, "car_lcSublane": 0.5827, "car_sigma": 0.9764, "car_tau_mean": 2.0774, "car_tau_std": 9.3712, "car_v_mean": 9.0282, "car_v_std": 12.6922}, "datetime": {"datetime": "2024-09-05 11:10:25", "elapsed": 1281.054499, "delta": 10.158487}}
{"target": -0.23945507353591564, "params": {"bus_acc": 1.9559, "bus_dcc": 3.1289, "bus_lcAssertive": 87.3034, "bus_lcCooperative": 0.5078, "bus_lcLookaheadLeft": 10.3551, "bus_lcPushy": 0.6851, "bus_lcSigma": 0.725, "bus_lcSpeedGainRight": 2.6408, "bus_lcSublane": 0.7224, "bus_sigma": 0.7106, "bus_tau_mean": 1.0381, "bus_tau_std": 4.0561, "bus_v_mean": 9.9136, "bus_v_std": 19.9036, "car_acc": 0.3922, "car_dcc": 1.61, "car_lcAssertive": 72.7022, "car_lcCooperative": 0.8449, "car_lcLookaheadLeft": 14.4352, "car_lcPushy": 0.6651, "car_lcSigma": 0.5069, "car_lcSpeedGainRight": 3.5825, "car_lcSublane": 0.7276, "car_sigma": 0.4687, "car_tau_mean": 3.601, "car_tau_std": 7.2174, "car_v_mean": 24.7126, "car_v_std": 3.1504}, "datetime": {"datetime": "2024-09-05 11:10:38", "elapsed": 1293.668804, "delta": 12.614305}}
{"target": -0.18361476172909075, "params": {"bus_acc": 1.521, "bus_dcc": 2.1904, "bus_lcAssertive": 62.8099, "bus_lcCooperative": 0.9155, "bus_lcLookaheadLeft": 62.6596, "bus_lcPushy": 0.3527, "bus_lcSigma": 0.5263, "bus_lcSpeedGainRight": 4.5091, "bus_lcSublane": 0.4695, "bus_sigma": 0.3856, "bus_tau_mean": 2.8866, "bus_tau_std": 6.5432, "bus_v_mean": 8.3577, "bus_v_std": 17.7891, "car_acc": 2.2295, "car_dcc": 1.8607, "car_lcAssertive": 36.3518, "car_lcCooperative": 0.3274, "car_lcLookaheadLeft": 16.6041, "car_lcPushy": 0.3925, "car_lcSigma": 0.9898, "car_lcSpeedGainRight": 4.041, "car_lcSublane": 0.86, "car_sigma": 0.5926, "car_tau_mean": 1.8564, "car_tau_std": 9.8649, "car_v_mean": 10.647, "car_v_std": 15.0377}, "datetime": {"datetime": "2024-09-05 11:10:42", "elapsed": 1297.882896, "delta": 4.214092}}
{"target": -0.18876498355111024, "params": {"bus_acc": 1.9301, "bus_dcc": 3.9422, "bus_lcAssertive": 44.1306, "bus_lcCooperative": 0.9203, "bus_lcLookaheadLeft": 97.2846, "bus_lcPushy": 0.1444, "bus_lcSigma": 0.97, "bus_lcSpeedGainRight": 3.5339, "bus_lcSublane": 0.2294, "bus_sigma": 0.0514, "bus_tau_mean": 2.0628, "bus_tau_std": 3.2974, "bus_v_mean": 24.4528, "bus_v_std": 15.8474, "car_acc": 1.4112, "car_dcc": 3.7621, "car_lcAssertive": 51.3599, "car_lcCooperative": 0.2862, "car_lcLookaheadLeft": 92.6702, "car_lcPushy": 0.9386, "car_lcSigma": 0.7234, "car_lcSpeedGainRight": 2.0403, "car_lcSublane": 0.7308, "car_sigma": 0.0046, "car_tau_mean": 1.8321, "car_tau_std": 8.1585, "car_v_mean": 25.8474, "car_v_std": 5.8043}, "datetime": {"datetime": "2024-09-05 11:10:44", "elapsed": 1300.048297, "delta": 2.165401}}
{"target": -0.2070483335428248, "params": {"bus_acc": 3.9335, "bus_dcc": 1.9567, "bus_lcAssertive": 79.8675, "bus_lcCooperative": 0.6196, "bus_lcLookaheadLeft": 64.9919, "bus_lcPushy": 0.0885, "bus_lcSigma": 0.8038, "bus_lcSpeedGainRight": 4.3219, "bus_lcSublane": 0.7157, "bus_sigma": 0.1448, "bus_tau_mean": 0.5006, "bus_tau_std": 6.7115, "bus_v_mean": 14.7187, "bus_v_std": 10.0472, "car_acc": 2.7173, "car_dcc": 1.7311, "car_lcAssertive": 1.9203, "car_lcCooperative": 0.2729, "car_lcLookaheadLeft": 22.4679, "car_lcPushy": 0.6374, "car_lcSigma": 0.894, "car_lcSpeedGainRight": 1.8101, "car_lcSublane": 0.8171, "car_sigma": 0.8771, "car_tau_mean": 3.4472, "car_tau_std": 2.9591, "car_v_mean": 8.3159, "car_v_std": 10.6466}, "datetime": {"datetime": "2024-09-05 11:10:48", "elapsed": 1304.261662, "delta": 4.213365}}
{"target": -0.18889881549030607, "params": {"bus_acc": 3.3731, "bus_dcc": 0.2215, "bus_lcAssertive": 47.5071, "bus_lcCooperative": 0.42, "bus_lcLookaheadLeft": 73.7923, "bus_lcPushy": 0.4949, "bus_lcSigma": 0.8818, "bus_lcSpeedGainRight": 0.2093, "bus_lcSublane": 0.7358, "bus_sigma": 0.2823, "bus_tau_mean": 2.3286, "bus_tau_std": 3.3853, "bus_v_mean": 22.1413, "bus_v_std": 5.6918, "car_acc": 2.7468, "car_dcc": 3.4857, "car_lcAssertive": 20.2831, "car_lcCooperative": 0.5664, "car_lcLookaheadLeft": 74.9368, "car_lcPushy": 0.7046, "car_lcSigma": 0.0373, "car_lcSpeedGainRight": 3.2493, "car_lcSublane": 0.1525, "car_sigma": 0.8945, "car_tau_mean": 3.836, "car_tau_std": 7.3625, "car_v_mean": 23.7878, "car_v_std": 13.6416}, "datetime": {"datetime": "2024-09-05 11:10:56", "elapsed": 1311.489059, "delta": 7.227397}}
{"target": -0.1772709277442015, "params": {"bus_acc": 2.019, "bus_dcc": 3.7204, "bus_lcAssertive": 58.9689, "bus_lcCooperative": 0.1375, "bus_lcLookaheadLeft": 52.9653, "bus_lcPushy": 0.8082, "bus_lcSigma": 0.7829, "bus_lcSpeedGainRight": 0.2574, "bus_lcSublane": 0.6889, "bus_sigma": 0.5312, "bus_tau_mean": 3.5827, "bus_tau_std": 0.4668, "bus_v_mean": 19.2153, "bus_v_std": 0.2383, "car_acc": 0.9431, "car_dcc": 2.4532, "car_lcAssertive": 80.8545, "car_lcCooperative": 0.9579, "car_lcLookaheadLeft": 80.6857, "car_lcPushy": 0.5419, "car_lcSigma": 0.4713, "car_lcSpeedGainRight": 1.24, "car_lcSublane": 0.735, "car_sigma": 0.2784, "car_tau_mean": 0.8425, "car_tau_std": 9.2688, "car_v_mean": 9.8972, "car_v_std": 1.1938}, "datetime": {"datetime": "2024-09-05 11:11:07", "elapsed": 1322.92155, "delta": 11.432491}}
{"target": -0.19741339915350073, "params": {"bus_acc": 0.7524, "bus_dcc": 1.1245, "bus_lcAssertive": 14.195, "bus_lcCooperative": 0.1404, "bus_lcLookaheadLeft": 79.9234, "bus_lcPushy": 0.5004, "bus_lcSigma": 0.0758, "bus_lcSpeedGainRight": 1.8127, "bus_lcSublane": 0.8055, "bus_sigma": 0.5808, "bus_tau_mean": 1.15, "bus_tau_std": 9.1965, "bus_v_mean": 20.5422, "bus_v_std": 3.0231, "car_acc": 0.7332, "car_dcc": 1.2941, "car_lcAssertive": 85.3703, "car_lcCooperative": 0.7176, "car_lcLookaheadLeft": 76.5938, "car_lcPushy": 0.1032, "car_lcSigma": 0.8097, "car_lcSpeedGainRight": 0.8306, "car_lcSublane": 0.3414, "car_sigma": 0.1674, "car_tau_mean": 2.6077, "car_tau_std": 4.9577, "car_v_mean": 16.1537, "car_v_std": 17.1939}, "datetime": {"datetime": "2024-09-05 11:11:15", "elapsed": 1330.73101, "delta": 7.80946}}
{"target": -0.22887133977653454, "params": {"bus_acc": 3.0882, "bus_dcc": 2.9724, "bus_lcAssertive": 44.8301, "bus_lcCooperative": 0.493, "bus_lcLookaheadLeft": 17.0511, "bus_lcPushy": 0.4126, "bus_lcSigma": 0.0708, "bus_lcSpeedGainRight": 1.0041, "bus_lcSublane": 0.0658, "bus_sigma": 0.2045, "bus_tau_mean": 0.595, "bus_tau_std": 4.6756, "bus_v_mean": 11.1335, "bus_v_std": 19.329, "car_acc": 3.2575, "car_dcc": 2.1428, "car_lcAssertive": 11.5313, "car_lcCooperative": 0.6761, "car_lcLookaheadLeft": 16.0321, "car_lcPushy": 0.7968, "car_lcSigma": 0.741, "car_lcSpeedGainRight": 3.881, "car_lcSublane": 0.0788, "car_sigma": 0.0045, "car_tau_mean": 0.6938, "car_tau_std": 1.4519, "car_v_mean": 8.1622, "car_v_std": 9.5659}, "datetime": {"datetime": "2024-09-05 11:11:16", "elapsed": 1331.798461, "delta": 1.067451}}
{"target": -0.16507296485638334, "params": {"bus_acc": 3.9679, "bus_dcc": 1.5082, "bus_lcAssertive": 96.8007, "bus_lcCooperative": 0.6385, "bus_lcLookaheadLeft": 60.5357, "bus_lcPushy": 0.0696, "bus_lcSigma": 0.742, "bus_lcSpeedGainRight": 0.9312, "bus_lcSublane": 0.809, "bus_sigma": 0.9758, "bus_tau_mean": 0.6108, "bus_tau_std": 6.2486, "bus_v_mean": 25.872, "bus_v_std": 11.8098, "car_acc": 1.325, "car_dcc": 2.1258, "car_lcAssertive": 30.5841, "car_lcCooperative": 0.2063, "car_lcLookaheadLeft": 57.7787, "car_lcPushy": 0.5002, "car_lcSigma": 0.5617, "car_lcSpeedGainRight": 1.7362, "car_lcSublane": 0.0432, "car_sigma": 0.8855, "car_tau_mean": 1.8202, "car_tau_std": 6.6996, "car_v_mean": 10.6851, "car_v_std": 2.188}, "datetime": {"datetime": "2024-09-05 11:11:32", "elapsed": 1347.80459, "delta": 16.006129}}
{"target": -0.19899981927541163, "params": {"bus_acc": 0.5526, "bus_dcc": 2.5584, "bus_lcAssertive": 7.5058, "bus_lcCooperative": 0.5446, "bus_lcLookaheadLeft": 76.7145, "bus_lcPushy": 0.4178, "bus_lcSigma": 0.2252, "bus_lcSpeedGainRight": 4.0511, "bus_lcSublane": 0.1703, "bus_sigma": 0.5659, "bus_tau_mean": 2.4045, "bus_tau_std": 9.7133, "bus_v_mean": 10.9158, "bus_v_std": 3.0339, "car_acc": 1.3562, "car_dcc": 0.8631, "car_lcAssertive": 93.0963, "car_lcCooperative": 0.1269, "car_lcLookaheadLeft": 93.5865, "car_lcPushy": 0.6718, "car_lcSigma": 0.398, "car_lcSpeedGainRight": 4.0339, "car_lcSublane": 0.2517, "car_sigma": 0.406, "car_tau_mean": 1.6091, "car_tau_std": 2.8146, "car_v_mean": 25.1511, "car_v_std": 5.0454}, "datetime": {"datetime": "2024-09-05 11:11:33", "elapsed": 1348.760422, "delta": 0.955832}}
{"target": -0.19679065372191284, "params": {"bus_acc": 2.7702, "bus_dcc": 1.7875, "bus_lcAssertive": 51.3815, "bus_lcCooperative": 0.5029, "bus_lcLookaheadLeft": 38.8267, "bus_lcPushy": 0.2738, "bus_lcSigma": 0.6384, "bus_lcSpeedGainRight": 4.2474, "bus_lcSublane": 0.3845, "bus_sigma": 0.3137, "bus_tau_mean": 2.0476, "bus_tau_std": 0.2886, "bus_v_mean": 21.5208, "bus_v_std": 0.2865, "car_acc": 2.9696, "car_dcc": 3.1062, "car_lcAssertive": 16.1493, "car_lcCooperative": 0.5399, "car_lcLookaheadLeft": 86.8982, "car_lcPushy": 0.6902, "car_lcSigma": 0.0935, "car_lcSpeedGainRight": 1.5635, "car_lcSublane": 0.3055, "car_sigma": 0.2369, "car_tau_mean": 2.3133, "car_tau_std": 8.041, "car_v_mean": 24.7478, "car_v_std": 5.3365}, "datetime": {"datetime": "2024-09-05 11:11:35", "elapsed": 1350.97936, "delta": 2.218938}}
{"target": -0.1882671871055046, "params": {"bus_acc": 1.2594, "bus_dcc": 3.0215, "bus_lcAssertive": 40.3307, "bus_lcCooperative": 0.2922, "bus_lcLookaheadLeft": 34.9369, "bus_lcPushy": 0.0284, "bus_lcSigma": 0.6445, "bus_lcSpeedGainRight": 2.1835, "bus_lcSublane": 0.8077, "bus_sigma": 0.9995, "bus_tau_mean": 1.839, "bus_tau_std": 6.243, "bus_v_mean": 21.8366, "bus_v_std": 5.691, "car_acc": 1.9749, "car_dcc": 3.7783, "car_lcAssertive": 24.9069, "car_lcCooperative": 0.3188, "car_lcLookaheadLeft": 36.9472, "car_lcPushy": 0.3421, "car_lcSigma": 0.3165, "car_lcSpeedGainRight": 0.3933, "car_lcSublane": 0.7983, "car_sigma": 0.8743, "car_tau_mean": 2.7197, "car_tau_std": 9.1832, "car_v_mean": 22.6856, "car_v_std": 19.3473}, "datetime": {"datetime": "2024-09-05 11:11:45", "elapsed": 1360.827646, "delta": 9.848286}}
{"target": -0.20535643655997246, "params": {"bus_acc": 0.4086, "bus_dcc": 1.4347, "bus_lcAssertive": 83.8266, "bus_lcCooperative": 0.136, "bus_lcLookaheadLeft": 52.6929, "bus_lcPushy": 0.0735, "bus_lcSigma": 0.6773, "bus_lcSpeedGainRight": 2.9465, "bus_lcSublane": 0.3172, "bus_sigma": 0.1322, "bus_tau_mean": 3.6207, "bus_tau_std": 6.2615, "bus_v_mean": 10.9336, "bus_v_std": 11.6024, "car_acc": 2.2201, "car_dcc": 2.6191, "car_lcAssertive": 32.2277, "car_lcCooperative": 0.5428, "car_lcLookaheadLeft": 44.6531, "car_lcPushy": 0.4918, "car_lcSigma": 0.7011, "car_lcSpeedGainRight": 1.6827, "car_lcSublane": 0.8381, "car_sigma": 0.3069, "car_tau_mean": 0.7703, "car_tau_std": 8.4632, "car_v_mean": 18.0032, "car_v_std": 10.3871}, "datetime": {"datetime": "2024-09-05 11:11:50", "elapsed": 1365.962424, "delta": 5.134778}}
{"target": -0.17961364831864454, "params": {"bus_acc": 3.6733, "bus_dcc": 3.0526, "bus_lcAssertive": 34.0378, "bus_lcCooperative": 0.4424, "bus_lcLookaheadLeft": 71.4601, "bus_lcPushy": 0.7144, "bus_lcSigma": 0.6927, "bus_lcSpeedGainRight": 3.8242, "bus_lcSublane": 0.162, "bus_sigma": 0.0029, "bus_tau_mean": 3.5381, "bus_tau_std": 5.5383, "bus_v_mean": 22.8216, "bus_v_std": 0.6024, "car_acc": 3.0167, "car_dcc": 3.9883, "car_lcAssertive": 99.1199, "car_lcCooperative": 0.4072, "car_lcLookaheadLeft": 77.9381, "car_lcPushy": 0.7177, "car_lcSigma": 0.5514, "car_lcSpeedGainRight": 4.0762, "car_lcSublane": 0.6101, "car_sigma": 0.8582, "car_tau_mean": 3.0153, "car_tau_std": 7.9444, "car_v_mean": 19.3919, "car_v_std": 4.9332}, "datetime": {"datetime": "2024-09-05 11:11:56", "elapsed": 1372.104479, "delta": 6.142055}}
{"target": -0.1814194146436321, "params": {"bus_acc": 2.2955, "bus_dcc": 2.9696, "bus_lcAssertive": 7.0241, "bus_lcCooperative": 0.8259, "bus_lcLookaheadLeft": 47.1947, "bus_lcPushy": 0.5044, "bus_lcSigma": 0.9773, "bus_lcSpeedGainRight": 3.9948, "bus_lcSublane": 0.4719, "bus_sigma": 0.08, "bus_tau_mean": 3.5648, "bus_tau_std": 1.7575, "bus_v_mean": 19.2703, "bus_v_std": 11.1965, "car_acc": 2.6666, "car_dcc": 2.2406, "car_lcAssertive": 6.807, "car_lcCooperative": 0.4855, "car_lcLookaheadLeft": 24.6921, "car_lcPushy": 0.5829, "car_lcSigma": 0.551, "car_lcSpeedGainRight": 2.4179, "car_lcSublane": 0.3454, "car_sigma": 0.4721, "car_tau_mean": 2.1337, "car_tau_std": 7.7949, "car_v_mean": 24.11, "car_v_std": 12.1261}, "datetime": {"datetime": "2024-09-05 11:12:05", "elapsed": 1381.054121, "delta": 8.949642}}
{"target": -0.2113306408003777, "params": {"bus_acc": 1.4208, "bus_dcc": 3.1663, "bus_lcAssertive": 55.1684, "bus_lcCooperative": 0.8614, "bus_lcLookaheadLeft": 30.738, "bus_lcPushy": 0.1559, "bus_lcSigma": 0.0554, "bus_lcSpeedGainRight": 0.9558, "bus_lcSublane": 0.858, "bus_sigma": 0.2339, "bus_tau_mean": 1.4264, "bus_tau_std": 8.3648, "bus_v_mean": 24.0637, "bus_v_std": 6.5757, "car_acc": 3.5929, "car_dcc": 0.5329, "car_lcAssertive": 63.5563, "car_lcCooperative": 0.0098, "car_lcLookaheadLeft": 4.5392, "car_lcPushy": 0.3605, "car_lcSigma": 0.0601, "car_lcSpeedGainRight": 0.6278, "car_lcSublane": 0.8369, "car_sigma": 0.9067, "car_tau_mean": 3.7155, "car_tau_std": 8.3959, "car_v_mean": 14.7404, "car_v_std": 2.1274}, "datetime": {"datetime": "2024-09-05 11:12:26", "elapsed": 1402.372664, "delta": 21.318543}}
{"target": -0.202001485932819, "params": {"bus_acc": 1.5561, "bus_dcc": 2.0251, "bus_lcAssertive": 72.3979, "bus_lcCooperative": 0.5548, "bus_lcLookaheadLeft": 76.7492, "bus_lcPushy": 0.0401, "bus_lcSigma": 0.6952, "bus_lcSpeedGainRight": 0.8391, "bus_lcSublane": 0.8322, "bus_sigma": 0.5852, "bus_tau_mean": 1.952, "bus_tau_std": 0.8985, "bus_v_mean": 15.8569, "bus_v_std": 1.6019, "car_acc": 2.085, "car_dcc": 2.4166, "car_lcAssertive": 83.5505, "car_lcCooperative": 0.6621, "car_lcLookaheadLeft": 22.1125, "car_lcPushy": 0.9087, "car_lcSigma": 0.5808, "car_lcSpeedGainRight": 4.0591, "car_lcSublane": 0.6427, "car_sigma": 0.063, "car_tau_mean": 3.2849, "car_tau_std": 9.6113, "car_v_mean": 20.0164, "car_v_std": 3.3463}, "datetime": {"datetime": "2024-09-05 11:12:27", "elapsed": 1403.369097, "delta": 0.996433}}
{"target": -0.18777163204815714, "params": {"bus_acc": 0.8399, "bus_dcc": 2.3749, "bus_lcAssertive": 40.8004, "bus_lcCooperative": 0.6934, "bus_lcLookaheadLeft": 95.7789, "bus_lcPushy": 0.8771, "bus_lcSigma": 0.5525, "bus_lcSpeedGainRight": 2.6937, "bus_lcSublane": 0.6394, "bus_sigma": 0.4201, "bus_tau_mean": 1.4856, "bus_tau_std": 2.0812, "bus_v_mean": 8.3645, "bus_v_std": 19.6613, "car_acc": 2.1513, "car_dcc": 3.0123, "car_lcAssertive": 53.3262, "car_lcCooperative": 0.5755, "car_lcLookaheadLeft": 67.7022, "car_lcPushy": 0.1044, "car_lcSigma": 0.7307, "car_lcSpeedGainRight": 2.5489, "car_lcSublane": 0.4178, "car_sigma": 0.2078, "car_tau_mean": 3.6581, "car_tau_std": 3.041, "car_v_mean": 15.1494, "car_v_std": 19.9893}, "datetime": {"datetime": "2024-09-05 11:12:49", "elapsed": 1425.030061, "delta": 21.660964}}
{"target": -0.19138897540570832, "params": {"bus_acc": 2.094, "bus_dcc": 2.2643, "bus_lcAssertive": 52.0381, "bus_lcCooperative": 0.3876, "bus_lcLookaheadLeft": 10.43, "bus_lcPushy": 0.5924, "bus_lcSigma": 0.4297, "bus_lcSpeedGainRight": 2.8583, "bus_lcSublane": 0.0608, "bus_sigma": 0.66, "bus_tau_mean": 3.5534, "bus_tau_std": 8.215, "bus_v_mean": 21.0758, "bus_v_std": 9.1419, "car_acc": 3.2042, "car_dcc": 2.7109, "car_lcAssertive": 47.4323, "car_lcCooperative": 0.2495, "car_lcLookaheadLeft": 33.6552, "car_lcPushy": 0.3059, "car_lcSigma": 0.1906, "car_lcSpeedGainRight": 1.3061, "car_lcSublane": 0.1863, "car_sigma": 0.3067, "car_tau_mean": 0.9418, "car_tau_std": 5.0018, "car_v_mean": 17.3495, "car_v_std": 13.9027}, "datetime": {"datetime": "2024-09-05 11:12:53", "elapsed": 1428.818752, "delta": 3.788691}}
{"target": -0.1891025018847405, "params": {"bus_acc": 1.0175, "bus_dcc": 2.6367, "bus_lcAssertive": 22.1262, "bus_lcCooperative": 0.7477, "bus_lcLookaheadLeft": 6.3593, "bus_lcPushy": 0.6847, "bus_lcSigma": 0.7508, "bus_lcSpeedGainRight": 4.7616, "bus_lcSublane": 0.6942, "bus_sigma": 0.8117, "bus_tau_mean": 3.8402, "bus_tau_std": 9.304, "bus_v_mean": 9.7618, "bus_v_std": 14.6941, "car_acc": 1.6962, "car_dcc": 1.0729, "car_lcAssertive": 23.0095, "car_lcCooperative": 0.44, "car_lcLookaheadLeft": 90.7891, "car_lcPushy": 0.5283, "car_lcSigma": 0.5729, "car_lcSpeedGainRight": 0.851, "car_lcSublane": 0.0612, "car_sigma": 0.2422, "car_tau_mean": 0.542, "car_tau_std": 6.4913, "car_v_mean": 22.3076, "car_v_std": 13.9737}, "datetime": {"datetime": "2024-09-05 11:13:05", "elapsed": 1441.460186, "delta": 12.641434}}
{"target": -0.18591241342418155, "params": {"bus_acc": 1.0236, "bus_dcc": 2.7403, "bus_lcAssertive": 42.6586, "bus_lcCooperative": 0.2393, "bus_lcLookaheadLeft": 77.3173, "bus_lcPushy": 0.8951, "bus_lcSigma": 0.1837, "bus_lcSpeedGainRight": 3.502, "bus_lcSublane": 0.7893, "bus_sigma": 0.6618, "bus_tau_mean": 1.2908, "bus_tau_std": 2.6233, "bus_v_mean": 15.9254, "bus_v_std": 13.6447, "car_acc": 1.6996, "car_dcc": 0.6957, "car_lcAssertive": 12.5906, "car_lcCooperative": 0.0616, "car_lcLookaheadLeft": 3.4028, "car_lcPushy": 0.6875, "car_lcSigma": 0.0841, "car_lcSpeedGainRight": 0.5555, "car_lcSublane": 0.0226, "car_sigma": 0.3195, "car_tau_mean": 3.4706, "car_tau_std": 1.3576, "car_v_mean": 22.235, "car_v_std": 7.2359}, "datetime": {"datetime": "2024-09-05 11:13:10", "elapsed": 1446.439007, "delta": 4.978821}}
{"target": -0.22662231749518755, "params": {"bus_acc": 0.3083, "bus_dcc": 1.5056, "bus_lcAssertive": 93.6803, "bus_lcCooperative": 0.4423, "bus_lcLookaheadLeft": 64.6147, "bus_lcPushy": 0.265, "bus_lcSigma": 0.0222, "bus_lcSpeedGainRight": 3.6465, "bus_lcSublane": 0.0034, "bus_sigma": 0.5223, "bus_tau_mean": 3.3548, "bus_tau_std": 8.4706, "bus_v_mean": 24.4573, "bus_v_std": 14.3069, "car_acc": 1.1068, "car_dcc": 3.8264, "car_lcAssertive": 72.9435, "car_lcCooperative": 0.3289, "car_lcLookaheadLeft": 57.0374, "car_lcPushy": 0.2066, "car_lcSigma": 0.0338, "car_lcSpeedGainRight": 4.504, "car_lcSublane": 0.6629, "car_sigma": 0.2603, "car_tau_mean": 3.3311, "car_tau_std": 5.2797, "car_v_mean": 13.2983, "car_v_std": 14.5962}, "datetime": {"datetime": "2024-09-05 11:13:18", "elapsed": 1453.943294, "delta": 7.504287}}
