{"target": -0.25554722443438616, "params": {"bus_acc": 0.6436, "bus_dcc": 1.1272, "bus_lcAssertive": 64.4133, "bus_lcCooperative": 0.1299, "bus_lcLookaheadLeft": 37.182, "bus_lcPushy": 0.9164, "bus_lcSigma": 0.7812, "bus_lcSpeedGainRight": 1.389, "bus_lcSublane": 0.1853, "bus_sigma": 0.9963, "bus_tau_mean": 3.2811, "bus_tau_std": 8.1713, "bus_v_mean": 10.7432, "bus_v_std": 16.54, "car_acc": 2.6042, "car_dcc": 3.8995, "car_lcAssertive": 93.5921, "car_lcCooperative": 0.8672, "car_lcLookaheadLeft": 78.1371, "car_lcPushy": 0.9837, "car_lcSigma": 0.7301, "car_lcSpeedGainRight": 3.9107, "car_lcSublane": 0.6746, "car_sigma": 0.606, "car_tau_mean": 2.091, "car_tau_std": 2.6273, "car_v_mean": 12.8789, "car_v_std": 8.8543}, "datetime": {"datetime": "2024-09-05 13:48:08", "elapsed": 10744.335949, "delta": 24.700109}}
{"target": -0.17400210463717034, "params": {"bus_acc": 2.0066, "bus_dcc": 0.7826, "bus_lcAssertive": 84.744, "bus_lcCooperative": 0.4409, "bus_lcLookaheadLeft": 61.1327, "bus_lcPushy": 0.0625, "bus_lcSigma": 0.655, "bus_lcSpeedGainRight": 4.3154, "bus_lcSublane": 0.6972, "bus_sigma": 0.4774, "bus_tau_mean": 3.1658, "bus_tau_std": 3.7308, "bus_v_mean": 10.0788, "bus_v_std": 8.6928, "car_acc": 2.3899, "car_dcc": 3.6883, "car_lcAssertive": 93.4248, "car_lcCooperative": 0.1762, "car_lcLookaheadLeft": 94.7762, "car_lcPushy": 0.1393, "car_lcSigma": 0.7646, "car_lcSpeedGainRight": 1.4809, "car_lcSublane": 0.4396, "car_sigma": 0.0437, "car_tau_mean": 2.3691, "car_tau_std": 1.1155, "car_v_mean": 10.6607, "car_v_std": 12.3086}, "datetime": {"datetime": "2024-09-05 13:48:21", "elapsed": 10756.973583, "delta": 12.637634}}
{"target": -0.2329757389785767, "params": {"bus_acc": 1.1551, "bus_dcc": 0.7707, "bus_lcAssertive": 65.4232, "bus_lcCooperative": 0.7921, "bus_lcLookaheadLeft": 46.1827, "bus_lcPushy": 0.4334, "bus_lcSigma": 0.1338, "bus_lcSpeedGainRight": 4.5829, "bus_lcSublane": 0.391, "bus_sigma": 0.1056, "bus_tau_mean": 3.2892, "bus_tau_std": 0.4176, "bus_v_mean": 23.4233, "bus_v_std": 8.3678, "car_acc": 2.5676, "car_dcc": 0.4889, "car_lcAssertive": 52.6187, "car_lcCooperative": 0.0426, "car_lcLookaheadLeft": 14.9423, "car_lcPushy": 0.8071, "car_lcSigma": 0.4553, "car_lcSpeedGainRight": 3.3187, "car_lcSublane": 0.4716, "car_sigma": 0.176, "car_tau_mean": 1.9497, "car_tau_std": 3.1816, "car_v_mean": 18.5952, "car_v_std": 5.3934}, "datetime": {"datetime": "2024-09-05 13:48:33", "elapsed": 10769.115493, "delta": 12.14191}}
{"target": -0.22196218329717723, "params": {"bus_acc": 1.5641, "bus_dcc": 3.1517, "bus_lcAssertive": 99.8952, "bus_lcCooperative": 0.7096, "bus_lcLookaheadLeft": 53.657, "bus_lcPushy": 0.4187, "bus_lcSigma": 0.3649, "bus_lcSpeedGainRight": 3.9413, "bus_lcSublane": 0.7337, "bus_sigma": 0.557, "bus_tau_mean": 2.9746, "bus_tau_std": 0.0775, "bus_v_mean": 16.4454, "bus_v_std": 9.9587, "car_acc": 2.2564, "car_dcc": 1.3909, "car_lcAssertive": 11.8426, "car_lcCooperative": 0.3615, "car_lcLookaheadLeft": 23.1334, "car_lcPushy": 0.3998, "car_lcSigma": 0.4511, "car_lcSpeedGainRight": 0.4304, "car_lcSublane": 0.9665, "car_sigma": 0.5355, "car_tau_mean": 1.8849, "car_tau_std": 0.6982, "car_v_mean": 9.3229, "car_v_std": 15.8047}, "datetime": {"datetime": "2024-09-05 13:48:44", "elapsed": 10779.992989, "delta": 10.877496}}
{"target": -0.1733721756865989, "params": {"bus_acc": 3.704, "bus_dcc": 2.5957, "bus_lcAssertive": 24.7507, "bus_lcCooperative": 0.7959, "bus_lcLookaheadLeft": 82.8076, "bus_lcPushy": 0.6152, "bus_lcSigma": 0.3343, "bus_lcSpeedGainRight": 1.612, "bus_lcSublane": 0.1592, "bus_sigma": 0.474, "bus_tau_mean": 2.2158, "bus_tau_std": 7.518, "bus_v_mean": 17.6737, "bus_v_std": 1.4993, "car_acc": 1.9116, "car_dcc": 1.7989, "car_lcAssertive": 15.8976, "car_lcCooperative": 0.2309, "car_lcLookaheadLeft": 39.9738, "car_lcPushy": 0.7458, "car_lcSigma": 0.8374, "car_lcSpeedGainRight": 1.7728, "car_lcSublane": 0.2555, "car_sigma": 0.5405, "car_tau_mean": 3.3426, "car_tau_std": 6.4092, "car_v_mean": 16.5512, "car_v_std": 13.7077}, "datetime": {"datetime": "2024-09-05 13:48:58", "elapsed": 10793.863507, "delta": 13.870518}}
{"target": -0.19355479004085008, "params": {"bus_acc": 2.5264, "bus_dcc": 0.543, "bus_lcAssertive": 99.4583, "bus_lcCooperative": 0.6668, "bus_lcLookaheadLeft": 25.1784, "bus_lcPushy": 0.3367, "bus_lcSigma": 0.4285, "bus_lcSpeedGainRight": 2.8916, "bus_lcSublane": 0.4194, "bus_sigma": 0.1788, "bus_tau_mean": 0.5521, "bus_tau_std": 5.5281, "bus_v_mean": 13.161, "bus_v_std": 17.1321, "car_acc": 0.7416, "car_dcc": 1.7828, "car_lcAssertive": 82.3682, "car_lcCooperative": 0.4377, "car_lcLookaheadLeft": 59.9074, "car_lcPushy": 0.8459, "car_lcSigma": 0.3926, "car_lcSpeedGainRight": 4.2855, "car_lcSublane": 0.8051, "car_sigma": 0.7086, "car_tau_mean": 0.7319, "car_tau_std": 9.2975, "car_v_mean": 9.9497, "car_v_std": 7.2916}, "datetime": {"datetime": "2024-09-05 13:49:12", "elapsed": 10807.997868, "delta": 14.134361}}
{"target": -0.8227330596617289, "params": {"bus_acc": 0.6299, "bus_dcc": 2.9008, "bus_lcAssertive": 75.899, "bus_lcCooperative": 0.5397, "bus_lcLookaheadLeft": 3.9386, "bus_lcPushy": 0.1683, "bus_lcSigma": 0.1881, "bus_lcSpeedGainRight": 4.5856, "bus_lcSublane": 0.6179, "bus_sigma": 0.8026, "bus_tau_mean": 2.6503, "bus_tau_std": 0.8047, "bus_v_mean": 22.4431, "bus_v_std": 5.8821, "car_acc": 2.834, "car_dcc": 2.2859, "car_lcAssertive": 99.0454, "car_lcCooperative": 0.6407, "car_lcLookaheadLeft": 58.8754, "car_lcPushy": 0.3533, "car_lcSigma": 0.5485, "car_lcSpeedGainRight": 0.8277, "car_lcSublane": 0.922, "car_sigma": 0.5347, "car_tau_mean": 2.5502, "car_tau_std": 8.3485, "car_v_mean": 12.1393, "car_v_std": 4.464}, "datetime": {"datetime": "2024-09-05 13:49:30", "elapsed": 10825.69975, "delta": 17.701882}}
{"target": -0.24517444088172202, "params": {"bus_acc": 3.9222, "bus_dcc": 2.5671, "bus_lcAssertive": 66.743, "bus_lcCooperative": 0.8298, "bus_lcLookaheadLeft": 33.0589, "bus_lcPushy": 0.7741, "bus_lcSigma": 0.403, "bus_lcSpeedGainRight": 4.7704, "bus_lcSublane": 0.2878, "bus_sigma": 0.1742, "bus_tau_mean": 1.983, "bus_tau_std": 2.1685, "bus_v_mean": 10.6815, "bus_v_std": 16.7879, "car_acc": 1.3103, "car_dcc": 0.4621, "car_lcAssertive": 32.8745, "car_lcCooperative": 0.3845, "car_lcLookaheadLeft": 34.3924, "car_lcPushy": 0.3379, "car_lcSigma": 0.516, "car_lcSpeedGainRight": 2.0094, "car_lcSublane": 0.31, "car_sigma": 0.4659, "car_tau_mean": 1.3849, "car_tau_std": 1.1394, "car_v_mean": 23.7393, "car_v_std": 13.5018}, "datetime": {"datetime": "2024-09-05 13:50:04", "elapsed": 10859.631354, "delta": 33.931604}}
{"target": -0.19450039303593455, "params": {"bus_acc": 0.4665, "bus_dcc": 2.2877, "bus_lcAssertive": 13.0806, "bus_lcCooperative": 0.8437, "bus_lcLookaheadLeft": 68.0984, "bus_lcPushy": 0.3996, "bus_lcSigma": 0.0365, "bus_lcSpeedGainRight": 1.4897, "bus_lcSublane": 0.0176, "bus_sigma": 0.27, "bus_tau_mean": 1.5162, "bus_tau_std": 3.7234, "bus_v_mean": 13.8038, "bus_v_std": 8.0132, "car_acc": 2.5618, "car_dcc": 3.6216, "car_lcAssertive": 33.518, "car_lcCooperative": 0.3205, "car_lcLookaheadLeft": 79.961, "car_lcPushy": 0.0362, "car_lcSigma": 0.4271, "car_lcSpeedGainRight": 1.7857, "car_lcSublane": 0.1794, "car_sigma": 0.1708, "car_tau_mean": 2.5868, "car_tau_std": 0.6937, "car_v_mean": 23.608, "car_v_std": 7.5235}, "datetime": {"datetime": "2024-09-05 13:50:23", "elapsed": 10878.57821, "delta": 18.946856}}
{"target": -0.19206910102646654, "params": {"bus_acc": 1.744, "bus_dcc": 3.3789, "bus_lcAssertive": 70.9848, "bus_lcCooperative": 0.7947, "bus_lcLookaheadLeft": 70.0362, "bus_lcPushy": 0.7084, "bus_lcSigma": 0.5762, "bus_lcSpeedGainRight": 2.5146, "bus_lcSublane": 0.17, "bus_sigma": 0.7792, "bus_tau_mean": 2.5362, "bus_tau_std": 4.6255, "bus_v_mean": 22.5436, "bus_v_std": 16.8943, "car_acc": 2.3754, "car_dcc": 2.1824, "car_lcAssertive": 40.1559, "car_lcCooperative": 0.3185, "car_lcLookaheadLeft": 44.8848, "car_lcPushy": 0.7088, "car_lcSigma": 0.7157, "car_lcSpeedGainRight": 2.5766, "car_lcSublane": 0.6755, "car_sigma": 0.908, "car_tau_mean": 3.1089, "car_tau_std": 1.7087, "car_v_mean": 13.5652, "car_v_std": 7.1139}, "datetime": {"datetime": "2024-09-05 13:50:40", "elapsed": 10895.502644, "delta": 16.924434}}
{"target": -0.24406461617485276, "params": {"bus_acc": 0.6186, "bus_dcc": 0.8318, "bus_lcAssertive": 69.8854, "bus_lcCooperative": 0.1531, "bus_lcLookaheadLeft": 85.8578, "bus_lcPushy": 0.5418, "bus_lcSigma": 0.446, "bus_lcSpeedGainRight": 3.2443, "bus_lcSublane": 0.4947, "bus_sigma": 0.5624, "bus_tau_mean": 3.3777, "bus_tau_std": 0.8554, "bus_v_mean": 16.2722, "bus_v_std": 7.9552, "car_acc": 2.4916, "car_dcc": 3.2146, "car_lcAssertive": 19.4938, "car_lcCooperative": 0.8971, "car_lcLookaheadLeft": 26.0659, "car_lcPushy": 0.1884, "car_lcSigma": 0.4061, "car_lcSpeedGainRight": 2.879, "car_lcSublane": 0.2336, "car_sigma": 0.4132, "car_tau_mean": 0.8385, "car_tau_std": 9.5061, "car_v_mean": 17.6204, "car_v_std": 13.428}, "datetime": {"datetime": "2024-09-05 13:50:52", "elapsed": 10907.823448, "delta": 12.320804}}
{"target": -0.1877899319523482, "params": {"bus_acc": 1.1283, "bus_dcc": 3.5943, "bus_lcAssertive": 84.7628, "bus_lcCooperative": 0.557, "bus_lcLookaheadLeft": 42.2184, "bus_lcPushy": 0.6109, "bus_lcSigma": 0.7842, "bus_lcSpeedGainRight": 2.862, "bus_lcSublane": 0.1528, "bus_sigma": 0.7614, "bus_tau_mean": 3.6205, "bus_tau_std": 9.4754, "bus_v_mean": 8.7522, "bus_v_std": 16.6542, "car_acc": 1.6138, "car_dcc": 3.744, "car_lcAssertive": 46.363, "car_lcCooperative": 0.978, "car_lcLookaheadLeft": 70.6874, "car_lcPushy": 0.0143, "car_lcSigma": 0.5661, "car_lcSpeedGainRight": 2.6883, "car_lcSublane": 0.1864, "car_sigma": 0.341, "car_tau_mean": 3.1057, "car_tau_std": 8.6523, "car_v_mean": 13.1819, "car_v_std": 0.4905}, "datetime": {"datetime": "2024-09-05 13:51:04", "elapsed": 10920.283444, "delta": 12.459996}}
{"target": -0.16258768069453533, "params": {"bus_acc": 1.9777, "bus_dcc": 3.0803, "bus_lcAssertive": 61.2891, "bus_lcCooperative": 0.8865, "bus_lcLookaheadLeft": 23.708, "bus_lcPushy": 0.0964, "bus_lcSigma": 0.2024, "bus_lcSpeedGainRight": 1.3857, "bus_lcSublane": 0.6045, "bus_sigma": 0.5471, "bus_tau_mean": 3.0129, "bus_tau_std": 0.6103, "bus_v_mean": 11.0109, "bus_v_std": 1.5171, "car_acc": 3.8513, "car_dcc": 3.8596, "car_lcAssertive": 78.3447, "car_lcCooperative": 0.1686, "car_lcLookaheadLeft": 12.5251, "car_lcPushy": 0.1552, "car_lcSigma": 0.741, "car_lcSpeedGainRight": 2.116, "car_lcSublane": 0.0096, "car_sigma": 0.3646, "car_tau_mean": 3.7303, "car_tau_std": 5.1114, "car_v_mean": 10.5683, "car_v_std": 8.5064}, "datetime": {"datetime": "2024-09-05 13:51:22", "elapsed": 10938.162849, "delta": 17.879405}}
{"target": -0.19656662156882543, "params": {"bus_acc": 2.9957, "bus_dcc": 2.9702, "bus_lcAssertive": 92.9658, "bus_lcCooperative": 0.0682, "bus_lcLookaheadLeft": 25.805, "bus_lcPushy": 0.4733, "bus_lcSigma": 0.6388, "bus_lcSpeedGainRight": 3.2145, "bus_lcSublane": 0.6617, "bus_sigma": 0.9736, "bus_tau_mean": 3.2183, "bus_tau_std": 1.4588, "bus_v_mean": 16.5009, "bus_v_std": 13.701, "car_acc": 3.9446, "car_dcc": 0.6594, "car_lcAssertive": 95.1818, "car_lcCooperative": 0.1981, "car_lcLookaheadLeft": 18.6832, "car_lcPushy": 0.3374, "car_lcSigma": 0.817, "car_lcSpeedGainRight": 1.8967, "car_lcSublane": 0.7759, "car_sigma": 0.9042, "car_tau_mean": 2.7244, "car_tau_std": 7.8786, "car_v_mean": 18.2504, "car_v_std": 15.3978}, "datetime": {"datetime": "2024-09-05 13:51:36", "elapsed": 10951.697333, "delta": 13.534484}}
{"target": -0.23474766163356162, "params": {"bus_acc": 3.5309, "bus_dcc": 3.0477, "bus_lcAssertive": 29.3861, "bus_lcCooperative": 0.6041, "bus_lcLookaheadLeft": 75.9327, "bus_lcPushy": 0.4008, "bus_lcSigma": 0.3799, "bus_lcSpeedGainRight": 2.5607, "bus_lcSublane": 0.5756, "bus_sigma": 0.5912, "bus_tau_mean": 2.2227, "bus_tau_std": 8.7273, "bus_v_mean": 11.1123, "bus_v_std": 17.1837, "car_acc": 3.2854, "car_dcc": 1.6383, "car_lcAssertive": 75.9527, "car_lcCooperative": 0.8411, "car_lcLookaheadLeft": 49.7672, "car_lcPushy": 0.6997, "car_lcSigma": 0.7407, "car_lcSpeedGainRight": 3.4104, "car_lcSublane": 0.1055, "car_sigma": 0.0615, "car_tau_mean": 0.966, "car_tau_std": 0.7858, "car_v_mean": 24.298, "car_v_std": 0.4741}, "datetime": {"datetime": "2024-09-05 13:51:51", "elapsed": 10966.617106, "delta": 14.919773}}
{"target": -0.36694494682033385, "params": {"bus_acc": 1.1324, "bus_dcc": 0.5637, "bus_lcAssertive": 50.3834, "bus_lcCooperative": 0.6158, "bus_lcLookaheadLeft": 31.3888, "bus_lcPushy": 0.6939, "bus_lcSigma": 0.3578, "bus_lcSpeedGainRight": 3.6005, "bus_lcSublane": 0.6712, "bus_sigma": 0.1952, "bus_tau_mean": 0.6547, "bus_tau_std": 1.301, "bus_v_mean": 16.4001, "bus_v_std": 6.8989, "car_acc": 2.8838, "car_dcc": 3.8091, "car_lcAssertive": 87.5789, "car_lcCooperative": 0.2338, "car_lcLookaheadLeft": 55.6259, "car_lcPushy": 0.8429, "car_lcSigma": 0.115, "car_lcSpeedGainRight": 2.517, "car_lcSublane": 0.8037, "car_sigma": 0.9656, "car_tau_mean": 1.3719, "car_tau_std": 9.841, "car_v_mean": 16.0219, "car_v_std": 0.3859}, "datetime": {"datetime": "2024-09-05 13:52:06", "elapsed": 10981.906612, "delta": 15.289506}}
{"target": -0.18532572744734818, "params": {"bus_acc": 3.7152, "bus_dcc": 1.4014, "bus_lcAssertive": 16.3077, "bus_lcCooperative": 0.3577, "bus_lcLookaheadLeft": 77.3717, "bus_lcPushy": 0.062, "bus_lcSigma": 0.3547, "bus_lcSpeedGainRight": 1.8734, "bus_lcSublane": 0.3193, "bus_sigma": 0.8857, "bus_tau_mean": 3.5883, "bus_tau_std": 3.3657, "bus_v_mean": 14.3415, "bus_v_std": 14.4862, "car_acc": 0.4804, "car_dcc": 1.2734, "car_lcAssertive": 76.7434, "car_lcCooperative": 0.0913, "car_lcLookaheadLeft": 7.741, "car_lcPushy": 0.3834, "car_lcSigma": 0.2856, "car_lcSpeedGainRight": 0.3414, "car_lcSublane": 0.9384, "car_sigma": 0.9745, "car_tau_mean": 1.8409, "car_tau_std": 4.8395, "car_v_mean": 11.5857, "car_v_std": 15.3974}, "datetime": {"datetime": "2024-09-05 13:52:38", "elapsed": 11013.689244, "delta": 31.782632}}
{"target": -0.2220764596646585, "params": {"bus_acc": 0.5145, "bus_dcc": 2.6005, "bus_lcAssertive": 81.455, "bus_lcCooperative": 0.529, "bus_lcLookaheadLeft": 7.677, "bus_lcPushy": 0.9598, "bus_lcSigma": 0.5302, "bus_lcSpeedGainRight": 1.2383, "bus_lcSublane": 0.0344, "bus_sigma": 0.1858, "bus_tau_mean": 1.7488, "bus_tau_std": 5.1089, "bus_v_mean": 16.4578, "bus_v_std": 8.2102, "car_acc": 3.4306, "car_dcc": 1.7902, "car_lcAssertive": 57.6255, "car_lcCooperative": 0.4929, "car_lcLookaheadLeft": 30.878, "car_lcPushy": 0.7459, "car_lcSigma": 0.1926, "car_lcSpeedGainRight": 3.1528, "car_lcSublane": 0.7592, "car_sigma": 0.7555, "car_tau_mean": 3.4636, "car_tau_std": 8.6547, "car_v_mean": 15.4579, "car_v_std": 18.9096}, "datetime": {"datetime": "2024-09-05 13:52:55", "elapsed": 11030.974314, "delta": 17.28507}}
{"target": -0.19440080860409972, "params": {"bus_acc": 3.1484, "bus_dcc": 3.4322, "bus_lcAssertive": 98.1791, "bus_lcCooperative": 0.497, "bus_lcLookaheadLeft": 41.4442, "bus_lcPushy": 0.9187, "bus_lcSigma": 0.8503, "bus_lcSpeedGainRight": 0.7608, "bus_lcSublane": 0.8854, "bus_sigma": 0.925, "bus_tau_mean": 3.4581, "bus_tau_std": 7.0845, "bus_v_mean": 15.8442, "bus_v_std": 12.1177, "car_acc": 1.2742, "car_dcc": 1.372, "car_lcAssertive": 77.3155, "car_lcCooperative": 0.3157, "car_lcLookaheadLeft": 83.8475, "car_lcPushy": 0.6467, "car_lcSigma": 0.8867, "car_lcSpeedGainRight": 4.5406, "car_lcSublane": 0.0797, "car_sigma": 0.4992, "car_tau_mean": 0.7399, "car_tau_std": 8.7483, "car_v_mean": 21.4308, "car_v_std": 1.5021}, "datetime": {"datetime": "2024-09-05 13:53:10", "elapsed": 11045.64508, "delta": 14.670766}}
{"target": -0.19280815309179467, "params": {"bus_acc": 3.8275, "bus_dcc": 3.9113, "bus_lcAssertive": 64.44, "bus_lcCooperative": 0.9682, "bus_lcLookaheadLeft": 59.6351, "bus_lcPushy": 0.9177, "bus_lcSigma": 0.2825, "bus_lcSpeedGainRight": 4.5256, "bus_lcSublane": 0.8584, "bus_sigma": 0.0824, "bus_tau_mean": 0.7462, "bus_tau_std": 2.765, "bus_v_mean": 16.8626, "bus_v_std": 15.648, "car_acc": 2.3241, "car_dcc": 1.8947, "car_lcAssertive": 57.216, "car_lcCooperative": 0.8578, "car_lcLookaheadLeft": 38.5636, "car_lcPushy": 0.2189, "car_lcSigma": 0.8053, "car_lcSpeedGainRight": 3.955, "car_lcSublane": 0.5834, "car_sigma": 0.5863, "car_tau_mean": 0.6847, "car_tau_std": 9.0033, "car_v_mean": 24.957, "car_v_std": 14.4191}, "datetime": {"datetime": "2024-09-05 13:53:28", "elapsed": 11063.880839, "delta": 18.235759}}
{"target": -0.21907624765875766, "params": {"bus_acc": 3.6516, "bus_dcc": 3.6586, "bus_lcAssertive": 96.3734, "bus_lcCooperative": 0.116, "bus_lcLookaheadLeft": 96.1794, "bus_lcPushy": 0.1739, "bus_lcSigma": 0.4146, "bus_lcSpeedGainRight": 2.0622, "bus_lcSublane": 0.4726, "bus_sigma": 0.412, "bus_tau_mean": 0.7821, "bus_tau_std": 9.8035, "bus_v_mean": 13.6813, "bus_v_std": 13.4043, "car_acc": 2.385, "car_dcc": 1.7628, "car_lcAssertive": 20.6733, "car_lcCooperative": 0.9883, "car_lcLookaheadLeft": 53.5042, "car_lcPushy": 0.9051, "car_lcSigma": 0.9737, "car_lcSpeedGainRight": 0.7553, "car_lcSublane": 0.9552, "car_sigma": 0.3075, "car_tau_mean": 1.7325, "car_tau_std": 7.0793, "car_v_mean": 13.395, "car_v_std": 8.2735}, "datetime": {"datetime": "2024-09-05 13:53:45", "elapsed": 11080.626203, "delta": 16.745364}}
{"target": -0.19670034734331895, "params": {"bus_acc": 2.6902, "bus_dcc": 3.1119, "bus_lcAssertive": 46.5169, "bus_lcCooperative": 0.0235, "bus_lcLookaheadLeft": 60.6001, "bus_lcPushy": 0.4204, "bus_lcSigma": 0.1486, "bus_lcSpeedGainRight": 4.0605, "bus_lcSublane": 0.8782, "bus_sigma": 0.7673, "bus_tau_mean": 3.3948, "bus_tau_std": 1.1262, "bus_v_mean": 21.0523, "bus_v_std": 19.3181, "car_acc": 1.5618, "car_dcc": 0.7963, "car_lcAssertive": 23.8209, "car_lcCooperative": 0.5766, "car_lcLookaheadLeft": 85.7218, "car_lcPushy": 0.74, "car_lcSigma": 0.7427, "car_lcSpeedGainRight": 2.0178, "car_lcSublane": 0.3265, "car_sigma": 0.1583, "car_tau_mean": 2.0203, "car_tau_std": 5.9912, "car_v_mean": 8.363, "car_v_std": 11.2679}, "datetime": {"datetime": "2024-09-05 13:54:05", "elapsed": 11101.028967, "delta": 20.402764}}
{"target": -0.21401387920187906, "params": {"bus_acc": 1.8685, "bus_dcc": 1.5316, "bus_lcAssertive": 99.4181, "bus_lcCooperative": 0.6003, "bus_lcLookaheadLeft": 69.5162, "bus_lcPushy": 0.5067, "bus_lcSigma": 0.6962, "bus_lcSpeedGainRight": 4.0507, "bus_lcSublane": 0.5681, "bus_sigma": 0.8098, "bus_tau_mean": 1.4158, "bus_tau_std": 1.7658, "bus_v_mean": 15.3621, "bus_v_std": 15.1549, "car_acc": 1.8119, "car_dcc": 1.079, "car_lcAssertive": 49.4899, "car_lcCooperative": 0.1403, "car_lcLookaheadLeft": 76.2104, "car_lcPushy": 0.3995, "car_lcSigma": 0.1553, "car_lcSpeedGainRight": 4.8513, "car_lcSublane": 0.3412, "car_sigma": 0.9829, "car_tau_mean": 0.7125, "car_tau_std": 8.481, "car_v_mean": 14.4192, "car_v_std": 11.5872}, "datetime": {"datetime": "2024-09-05 13:54:24", "elapsed": 11119.801592, "delta": 18.772625}}
{"target": -0.2675283417744749, "params": {"bus_acc": 1.502, "bus_dcc": 1.129, "bus_lcAssertive": 86.0234, "bus_lcCooperative": 0.9648, "bus_lcLookaheadLeft": 57.0629, "bus_lcPushy": 0.5256, "bus_lcSigma": 0.7355, "bus_lcSpeedGainRight": 2.9458, "bus_lcSublane": 0.0273, "bus_sigma": 0.5865, "bus_tau_mean": 2.2733, "bus_tau_std": 9.1403, "bus_v_mean": 22.503, "bus_v_std": 8.7622, "car_acc": 0.6886, "car_dcc": 2.7241, "car_lcAssertive": 34.7878, "car_lcCooperative": 0.2275, "car_lcLookaheadLeft": 91.1303, "car_lcPushy": 0.1493, "car_lcSigma": 0.2743, "car_lcSpeedGainRight": 0.1169, "car_lcSublane": 0.497, "car_sigma": 0.5019, "car_tau_mean": 3.5227, "car_tau_std": 0.5671, "car_v_mean": 16.4798, "car_v_std": 0.835}, "datetime": {"datetime": "2024-09-05 13:54:37", "elapsed": 11132.962283, "delta": 13.160691}}
{"target": -0.16400516552210553, "params": {"bus_acc": 2.6424, "bus_dcc": 1.8944, "bus_lcAssertive": 20.7887, "bus_lcCooperative": 0.0689, "bus_lcLookaheadLeft": 13.1201, "bus_lcPushy": 0.9789, "bus_lcSigma": 0.084, "bus_lcSpeedGainRight": 0.3779, "bus_lcSublane": 0.4686, "bus_sigma": 0.9641, "bus_tau_mean": 2.4859, "bus_tau_std": 1.9909, "bus_v_mean": 23.7617, "bus_v_std": 11.7742, "car_acc": 0.6825, "car_dcc": 0.8783, "car_lcAssertive": 36.2201, "car_lcCooperative": 0.3541, "car_lcLookaheadLeft": 11.7811, "car_lcPushy": 0.9501, "car_lcSigma": 0.3918, "car_lcSpeedGainRight": 1.9284, "car_lcSublane": 0.8932, "car_sigma": 0.9842, "car_tau_mean": 3.2492, "car_tau_std": 4.6948, "car_v_mean": 12.7267, "car_v_std": 18.974}, "datetime": {"datetime": "2024-09-05 13:54:52", "elapsed": 11148.000718, "delta": 15.038435}}
{"target": -0.20565874999989353, "params": {"bus_acc": 3.3062, "bus_dcc": 3.9038, "bus_lcAssertive": 80.3787, "bus_lcCooperative": 0.162, "bus_lcLookaheadLeft": 36.2503, "bus_lcPushy": 0.05, "bus_lcSigma": 0.9303, "bus_lcSpeedGainRight": 4.3214, "bus_lcSublane": 0.7653, "bus_sigma": 0.8149, "bus_tau_mean": 1.8623, "bus_tau_std": 2.8074, "bus_v_mean": 14.6002, "bus_v_std": 11.7515, "car_acc": 2.3064, "car_dcc": 0.824, "car_lcAssertive": 89.8428, "car_lcCooperative": 0.0864, "car_lcLookaheadLeft": 44.9308, "car_lcPushy": 0.3808, "car_lcSigma": 0.2741, "car_lcSpeedGainRight": 4.5043, "car_lcSublane": 0.0503, "car_sigma": 0.6038, "car_tau_mean": 0.8167, "car_tau_std": 7.2891, "car_v_mean": 14.0209, "car_v_std": 6.461}, "datetime": {"datetime": "2024-09-05 13:55:07", "elapsed": 11162.688287, "delta": 14.687569}}
