{"target": -0.19157407176773975, "params": {"bus_acc": 2.8717, "bus_dcc": 1.6715, "bus_lcAssertive": 25.7626, "bus_lcCooperative": 0.396, "bus_lcLookaheadLeft": 50.4566, "bus_lcPushy": 0.6763, "bus_lcSigma": 0.371, "bus_lcSpeedGainRight": 2.9285, "bus_lcSublane": 0.1935, "bus_sigma": 0.2617, "bus_tau_mean": 2.3856, "bus_tau_std": 3.887, "bus_v_mean": 21.4525, "bus_v_std": 6.8359, "car_acc": 1.442, "car_dcc": 1.412, "car_lcAssertive": 12.2714, "car_lcCooperative": 0.6543, "car_lcLookaheadLeft": 12.147, "car_lcPushy": 0.3522, "car_lcSigma": 0.1508, "car_lcSpeedGainRight": 4.4357, "car_lcSublane": 0.9808, "car_sigma": 0.044, "car_tau_mean": 3.3001, "car_tau_std": 4.6063, "car_v_mean": 19.3564, "car_v_std": 5.0256}, "datetime": {"datetime": "2024-09-05 12:55:06", "elapsed": 7562.417625, "delta": 15.883625}}
{"target": -0.2882738563323268, "params": {"bus_acc": 3.768, "bus_dcc": 1.6471, "bus_lcAssertive": 76.7602, "bus_lcCooperative": 0.1044, "bus_lcLookaheadLeft": 81.0832, "bus_lcPushy": 0.3517, "bus_lcSigma": 0.124, "bus_lcSpeedGainRight": 1.9673, "bus_lcSublane": 0.0044, "bus_sigma": 0.2938, "bus_tau_mean": 3.7209, "bus_tau_std": 7.7187, "bus_v_mean": 19.6521, "bus_v_std": 1.6226, "car_acc": 0.2252, "car_dcc": 1.402, "car_lcAssertive": 29.2325, "car_lcCooperative": 0.6846, "car_lcLookaheadLeft": 32.6025, "car_lcPushy": 0.8491, "car_lcSigma": 0.2383, "car_lcSpeedGainRight": 2.1149, "car_lcSublane": 0.9762, "car_sigma": 0.7794, "car_tau_mean": 0.7973, "car_tau_std": 6.9948, "car_v_mean": 11.4727, "car_v_std": 4.8813}, "datetime": {"datetime": "2024-09-05 12:55:18", "elapsed": 7573.605093, "delta": 11.187468}}
{"target": -0.18490183062433693, "params": {"bus_acc": 2.269, "bus_dcc": 2.8199, "bus_lcAssertive": 79.4198, "bus_lcCooperative": 0.6229, "bus_lcLookaheadLeft": 5.0658, "bus_lcPushy": 0.6871, "bus_lcSigma": 0.7944, "bus_lcSpeedGainRight": 1.5558, "bus_lcSublane": 0.7124, "bus_sigma": 0.1427, "bus_tau_mean": 0.555, "bus_tau_std": 3.5435, "bus_v_mean": 11.6933, "bus_v_std": 6.5196, "car_acc": 1.409, "car_dcc": 1.3236, "car_lcAssertive": 59.7907, "car_lcCooperative": 0.072, "car_lcLookaheadLeft": 66.3337, "car_lcPushy": 0.8633, "car_lcSigma": 0.5528, "car_lcSpeedGainRight": 1.4419, "car_lcSublane": 0.766, "car_sigma": 0.2389, "car_tau_mean": 3.3946, "car_tau_std": 7.768, "car_v_mean": 13.0713, "car_v_std": 11.4522}, "datetime": {"datetime": "2024-09-05 12:55:27", "elapsed": 7583.415913, "delta": 9.81082}}
{"target": -0.15446056178979603, "params": {"bus_acc": 3.2594, "bus_dcc": 3.2302, "bus_lcAssertive": 41.7202, "bus_lcCooperative": 0.1498, "bus_lcLookaheadLeft": 53.9365, "bus_lcPushy": 0.5858, "bus_lcSigma": 0.6872, "bus_lcSpeedGainRight": 1.339, "bus_lcSublane": 0.4319, "bus_sigma": 0.811, "bus_tau_mean": 3.7908, "bus_tau_std": 1.791, "bus_v_mean": 8.3607, "bus_v_std": 0.4913, "car_acc": 2.0805, "car_dcc": 3.8591, "car_lcAssertive": 23.7295, "car_lcCooperative": 0.0307, "car_lcLookaheadLeft": 17.4408, "car_lcPushy": 0.9037, "car_lcSigma": 0.9359, "car_lcSpeedGainRight": 1.2162, "car_lcSublane": 0.4203, "car_sigma": 0.4686, "car_tau_mean": 2.1105, "car_tau_std": 4.4878, "car_v_mean": 25.8695, "car_v_std": 13.8564}, "datetime": {"datetime": "2024-09-05 12:55:35", "elapsed": 7590.52381, "delta": 7.107897}}
{"target": -0.20813576907318043, "params": {"bus_acc": 2.5633, "bus_dcc": 2.1188, "bus_lcAssertive": 28.6514, "bus_lcCooperative": 0.8091, "bus_lcLookaheadLeft": 2.1746, "bus_lcPushy": 0.7155, "bus_lcSigma": 0.1567, "bus_lcSpeedGainRight": 0.5673, "bus_lcSublane": 0.7442, "bus_sigma": 0.7355, "bus_tau_mean": 3.3165, "bus_tau_std": 8.0494, "bus_v_mean": 20.7965, "bus_v_std": 9.0382, "car_acc": 2.96, "car_dcc": 1.0689, "car_lcAssertive": 13.1006, "car_lcCooperative": 0.1209, "car_lcLookaheadLeft": 43.2221, "car_lcPushy": 0.717, "car_lcSigma": 0.6252, "car_lcSpeedGainRight": 3.7023, "car_lcSublane": 0.0128, "car_sigma": 0.3678, "car_tau_mean": 1.7077, "car_tau_std": 0.1679, "car_v_mean": 17.2682, "car_v_std": 18.5018}, "datetime": {"datetime": "2024-09-05 12:55:43", "elapsed": 7598.547284, "delta": 8.023474}}
{"target": -0.3189695920755519, "params": {"bus_acc": 3.606, "bus_dcc": 0.6812, "bus_lcAssertive": 35.6987, "bus_lcCooperative": 0.9076, "bus_lcLookaheadLeft": 27.3863, "bus_lcPushy": 0.6734, "bus_lcSigma": 0.4852, "bus_lcSpeedGainRight": 0.8349, "bus_lcSublane": 0.3189, "bus_sigma": 0.4125, "bus_tau_mean": 2.6549, "bus_tau_std": 6.839, "bus_v_mean": 19.5531, "bus_v_std": 6.127, "car_acc": 1.594, "car_dcc": 0.9717, "car_lcAssertive": 22.0545, "car_lcCooperative": 0.0919, "car_lcLookaheadLeft": 22.858, "car_lcPushy": 0.6, "car_lcSigma": 0.0821, "car_lcSpeedGainRight": 0.8625, "car_lcSublane": 0.1539, "car_sigma": 0.7646, "car_tau_mean": 2.3302, "car_tau_std": 3.2868, "car_v_mean": 13.7982, "car_v_std": 13.4781}, "datetime": {"datetime": "2024-09-05 12:56:15", "elapsed": 7630.861027, "delta": 32.313743}}
{"target": -0.1879596881430777, "params": {"bus_acc": 3.3298, "bus_dcc": 2.1808, "bus_lcAssertive": 77.8635, "bus_lcCooperative": 0.1972, "bus_lcLookaheadLeft": 46.6028, "bus_lcPushy": 0.4003, "bus_lcSigma": 0.6867, "bus_lcSpeedGainRight": 1.9988, "bus_lcSublane": 0.6927, "bus_sigma": 0.7216, "bus_tau_mean": 3.0176, "bus_tau_std": 9.9093, "bus_v_mean": 12.607, "bus_v_std": 12.3669, "car_acc": 1.5066, "car_dcc": 3.5283, "car_lcAssertive": 39.357, "car_lcCooperative": 0.3902, "car_lcLookaheadLeft": 26.5755, "car_lcPushy": 0.0617, "car_lcSigma": 0.7972, "car_lcSpeedGainRight": 2.6328, "car_lcSublane": 0.9197, "car_sigma": 0.6638, "car_tau_mean": 2.3168, "car_tau_std": 9.667, "car_v_mean": 18.8859, "car_v_std": 11.7286}, "datetime": {"datetime": "2024-09-05 12:56:25", "elapsed": 7640.953561, "delta": 10.092534}}
{"target": -0.24809132538146042, "params": {"bus_acc": 0.3822, "bus_dcc": 2.8228, "bus_lcAssertive": 60.2154, "bus_lcCooperative": 0.5024, "bus_lcLookaheadLeft": 60.3243, "bus_lcPushy": 0.7023, "bus_lcSigma": 0.8522, "bus_lcSpeedGainRight": 1.3875, "bus_lcSublane": 0.294, "bus_sigma": 0.7676, "bus_tau_mean": 2.3243, "bus_tau_std": 4.0648, "bus_v_mean": 9.9923, "bus_v_std": 18.2551, "car_acc": 0.6761, "car_dcc": 3.6207, "car_lcAssertive": 56.0929, "car_lcCooperative": 0.9825, "car_lcLookaheadLeft": 92.4483, "car_lcPushy": 0.9303, "car_lcSigma": 0.6343, "car_lcSpeedGainRight": 0.9, "car_lcSublane": 0.7881, "car_sigma": 0.4417, "car_tau_mean": 2.3228, "car_tau_std": 4.3205, "car_v_mean": 20.225, "car_v_std": 16.6184}, "datetime": {"datetime": "2024-09-05 12:56:33", "elapsed": 7649.167203, "delta": 8.213642}}
{"target": -0.19282459374388694, "params": {"bus_acc": 3.4118, "bus_dcc": 3.3094, "bus_lcAssertive": 78.9562, "bus_lcCooperative": 0.3184, "bus_lcLookaheadLeft": 66.2073, "bus_lcPushy": 0.273, "bus_lcSigma": 0.761, "bus_lcSpeedGainRight": 4.6499, "bus_lcSublane": 0.7104, "bus_sigma": 0.7361, "bus_tau_mean": 3.979, "bus_tau_std": 7.5574, "bus_v_mean": 10.5393, "bus_v_std": 18.9371, "car_acc": 0.9501, "car_dcc": 2.2794, "car_lcAssertive": 95.8354, "car_lcCooperative": 0.9589, "car_lcLookaheadLeft": 49.705, "car_lcPushy": 0.1459, "car_lcSigma": 0.3157, "car_lcSpeedGainRight": 4.0475, "car_lcSublane": 0.3445, "car_sigma": 0.9751, "car_tau_mean": 1.9061, "car_tau_std": 6.2525, "car_v_mean": 16.2532, "car_v_std": 9.4795}, "datetime": {"datetime": "2024-09-05 12:56:52", "elapsed": 7668.438015, "delta": 19.270812}}
{"target": -0.1894643848103376, "params": {"bus_acc": 1.6189, "bus_dcc": 2.0298, "bus_lcAssertive": 30.5324, "bus_lcCooperative": 0.27, "bus_lcLookaheadLeft": 71.9064, "bus_lcPushy": 0.3947, "bus_lcSigma": 0.767, "bus_lcSpeedGainRight": 4.5307, "bus_lcSublane": 0.0007, "bus_sigma": 0.3032, "bus_tau_mean": 2.5314, "bus_tau_std": 5.4328, "bus_v_mean": 22.4825, "bus_v_std": 17.3403, "car_acc": 1.7964, "car_dcc": 2.2796, "car_lcAssertive": 26.2557, "car_lcCooperative": 0.1481, "car_lcLookaheadLeft": 45.8318, "car_lcPushy": 0.5507, "car_lcSigma": 0.9748, "car_lcSpeedGainRight": 4.7039, "car_lcSublane": 0.2655, "car_sigma": 0.2617, "car_tau_mean": 2.1922, "car_tau_std": 2.5631, "car_v_mean": 21.5055, "car_v_std": 16.4816}, "datetime": {"datetime": "2024-09-05 12:57:01", "elapsed": 7676.622082, "delta": 8.184067}}
{"target": -0.21343271855722057, "params": {"bus_acc": 0.9535, "bus_dcc": 2.8058, "bus_lcAssertive": 61.4126, "bus_lcCooperative": 0.475, "bus_lcLookaheadLeft": 83.2276, "bus_lcPushy": 0.7439, "bus_lcSigma": 0.1981, "bus_lcSpeedGainRight": 3.0599, "bus_lcSublane": 0.5235, "bus_sigma": 0.8087, "bus_tau_mean": 0.9676, "bus_tau_std": 4.8484, "bus_v_mean": 23.373, "bus_v_std": 0.9994, "car_acc": 0.8967, "car_dcc": 2.1191, "car_lcAssertive": 32.4817, "car_lcCooperative": 0.0737, "car_lcLookaheadLeft": 40.3362, "car_lcPushy": 0.9122, "car_lcSigma": 0.0798, "car_lcSpeedGainRight": 0.9781, "car_lcSublane": 0.333, "car_sigma": 0.3553, "car_tau_mean": 2.1983, "car_tau_std": 4.8554, "car_v_mean": 25.4877, "car_v_std": 3.5025}, "datetime": {"datetime": "2024-09-05 12:57:18", "elapsed": 7693.525786, "delta": 16.903704}}
{"target": -0.3149478241126142, "params": {"bus_acc": 2.4423, "bus_dcc": 2.2421, "bus_lcAssertive": 72.845, "bus_lcCooperative": 0.9485, "bus_lcLookaheadLeft": 88.409, "bus_lcPushy": 0.8211, "bus_lcSigma": 0.735, "bus_lcSpeedGainRight": 2.5595, "bus_lcSublane": 0.4191, "bus_sigma": 0.1341, "bus_tau_mean": 3.3658, "bus_tau_std": 5.0559, "bus_v_mean": 21.2477, "bus_v_std": 13.6226, "car_acc": 0.3613, "car_dcc": 3.4314, "car_lcAssertive": 24.0147, "car_lcCooperative": 0.9694, "car_lcLookaheadLeft": 62.7263, "car_lcPushy": 0.5889, "car_lcSigma": 0.5644, "car_lcSpeedGainRight": 3.1954, "car_lcSublane": 0.747, "car_sigma": 0.5239, "car_tau_mean": 2.8778, "car_tau_std": 8.8921, "car_v_mean": 17.1232, "car_v_std": 15.234}, "datetime": {"datetime": "2024-09-05 12:57:25", "elapsed": 7700.590252, "delta": 7.064466}}
{"target": -0.1653616497053463, "params": {"bus_acc": 2.1103, "bus_dcc": 1.3813, "bus_lcAssertive": 4.3976, "bus_lcCooperative": 0.7964, "bus_lcLookaheadLeft": 17.3293, "bus_lcPushy": 0.8998, "bus_lcSigma": 0.7815, "bus_lcSpeedGainRight": 1.039, "bus_lcSublane": 0.6492, "bus_sigma": 0.2354, "bus_tau_mean": 2.012, "bus_tau_std": 6.6773, "bus_v_mean": 12.4304, "bus_v_std": 18.3994, "car_acc": 3.6893, "car_dcc": 2.3313, "car_lcAssertive": 28.6161, "car_lcCooperative": 0.4761, "car_lcLookaheadLeft": 62.9075, "car_lcPushy": 0.2781, "car_lcSigma": 0.622, "car_lcSpeedGainRight": 1.6476, "car_lcSublane": 0.5247, "car_sigma": 0.9961, "car_tau_mean": 0.7796, "car_tau_std": 6.6064, "car_v_mean": 14.1926, "car_v_std": 7.4342}, "datetime": {"datetime": "2024-09-05 12:57:33", "elapsed": 7709.438883, "delta": 8.848631}}
{"target": -0.1863679570772426, "params": {"bus_acc": 3.7984, "bus_dcc": 1.5741, "bus_lcAssertive": 92.541, "bus_lcCooperative": 0.1299, "bus_lcLookaheadLeft": 18.2204, "bus_lcPushy": 0.9562, "bus_lcSigma": 0.7708, "bus_lcSpeedGainRight": 3.487, "bus_lcSublane": 0.242, "bus_sigma": 0.5645, "bus_tau_mean": 3.287, "bus_tau_std": 4.2719, "bus_v_mean": 18.6563, "bus_v_std": 3.2355, "car_acc": 0.6986, "car_dcc": 0.2694, "car_lcAssertive": 6.9021, "car_lcCooperative": 0.8059, "car_lcLookaheadLeft": 19.8566, "car_lcPushy": 0.5651, "car_lcSigma": 0.0568, "car_lcSpeedGainRight": 3.7304, "car_lcSublane": 0.6038, "car_sigma": 0.3032, "car_tau_mean": 1.1735, "car_tau_std": 1.2691, "car_v_mean": 9.8846, "car_v_std": 13.4346}, "datetime": {"datetime": "2024-09-05 12:57:49", "elapsed": 7725.392754, "delta": 15.953871}}
{"target": -0.2109720579859545, "params": {"bus_acc": 2.8593, "bus_dcc": 0.9183, "bus_lcAssertive": 49.1269, "bus_lcCooperative": 0.9746, "bus_lcLookaheadLeft": 47.6178, "bus_lcPushy": 0.6022, "bus_lcSigma": 0.7046, "bus_lcSpeedGainRight": 0.7698, "bus_lcSublane": 0.4253, "bus_sigma": 0.0427, "bus_tau_mean": 3.7179, "bus_tau_std": 0.528, "bus_v_mean": 16.992, "bus_v_std": 18.1443, "car_acc": 3.932, "car_dcc": 1.1674, "car_lcAssertive": 94.6459, "car_lcCooperative": 0.5926, "car_lcLookaheadLeft": 47.3177, "car_lcPushy": 0.1439, "car_lcSigma": 0.7156, "car_lcSpeedGainRight": 3.8723, "car_lcSublane": 0.8196, "car_sigma": 0.8189, "car_tau_mean": 2.3937, "car_tau_std": 2.8228, "car_v_mean": 14.1193, "car_v_std": 7.7247}, "datetime": {"datetime": "2024-09-05 12:58:14", "elapsed": 7749.651024, "delta": 24.25827}}
{"target": -0.199412932438744, "params": {"bus_acc": 2.4482, "bus_dcc": 3.0589, "bus_lcAssertive": 82.8383, "bus_lcCooperative": 0.8554, "bus_lcLookaheadLeft": 76.4454, "bus_lcPushy": 0.3555, "bus_lcSigma": 0.6268, "bus_lcSpeedGainRight": 1.412, "bus_lcSublane": 0.9207, "bus_sigma": 0.3888, "bus_tau_mean": 3.0667, "bus_tau_std": 8.4319, "bus_v_mean": 25.76, "bus_v_std": 13.9861, "car_acc": 2.8692, "car_dcc": 3.965, "car_lcAssertive": 20.4819, "car_lcCooperative": 0.7436, "car_lcLookaheadLeft": 28.6735, "car_lcPushy": 0.2826, "car_lcSigma": 0.4213, "car_lcSpeedGainRight": 1.7639, "car_lcSublane": 0.0214, "car_sigma": 0.7856, "car_tau_mean": 1.3588, "car_tau_std": 7.6414, "car_v_mean": 25.6991, "car_v_std": 1.1041}, "datetime": {"datetime": "2024-09-05 12:58:33", "elapsed": 7768.929987, "delta": 19.278963}}
{"target": -0.3285950422381476, "params": {"bus_acc": 2.2594, "bus_dcc": 1.1744, "bus_lcAssertive": 27.9239, "bus_lcCooperative": 0.1675, "bus_lcLookaheadLeft": 12.0013, "bus_lcPushy": 0.3171, "bus_lcSigma": 0.3914, "bus_lcSpeedGainRight": 0.4718, "bus_lcSublane": 0.6493, "bus_sigma": 0.8617, "bus_tau_mean": 2.0064, "bus_tau_std": 2.4044, "bus_v_mean": 24.4957, "bus_v_std": 10.8225, "car_acc": 0.4485, "car_dcc": 2.0807, "car_lcAssertive": 94.0557, "car_lcCooperative": 0.7963, "car_lcLookaheadLeft": 78.2119, "car_lcPushy": 0.406, "car_lcSigma": 0.8881, "car_lcSpeedGainRight": 0.653, "car_lcSublane": 0.1063, "car_sigma": 0.1366, "car_tau_mean": 2.5175, "car_tau_std": 0.9354, "car_v_mean": 19.8297, "car_v_std": 17.1671}, "datetime": {"datetime": "2024-09-05 12:58:40", "elapsed": 7775.716157, "delta": 6.78617}}
{"target": -0.19556754637294282, "params": {"bus_acc": 1.8795, "bus_dcc": 1.7808, "bus_lcAssertive": 81.8309, "bus_lcCooperative": 0.999, "bus_lcLookaheadLeft": 3.2977, "bus_lcPushy": 0.522, "bus_lcSigma": 0.9735, "bus_lcSpeedGainRight": 0.6779, "bus_lcSublane": 0.5918, "bus_sigma": 0.0757, "bus_tau_mean": 0.7008, "bus_tau_std": 1.5375, "bus_v_mean": 19.6377, "bus_v_std": 11.704, "car_acc": 3.0421, "car_dcc": 3.121, "car_lcAssertive": 30.3081, "car_lcCooperative": 0.9913, "car_lcLookaheadLeft": 86.6708, "car_lcPushy": 0.1155, "car_lcSigma": 0.4272, "car_lcSpeedGainRight": 0.1542, "car_lcSublane": 0.5324, "car_sigma": 0.005, "car_tau_mean": 3.6688, "car_tau_std": 0.7118, "car_v_mean": 16.053, "car_v_std": 5.3347}, "datetime": {"datetime": "2024-09-05 12:58:45", "elapsed": 7781.014965, "delta": 5.298808}}
{"target": -0.21944589541534276, "params": {"bus_acc": 1.2481, "bus_dcc": 2.1002, "bus_lcAssertive": 79.9759, "bus_lcCooperative": 0.9617, "bus_lcLookaheadLeft": 22.7178, "bus_lcPushy": 0.5832, "bus_lcSigma": 0.7042, "bus_lcSpeedGainRight": 2.736, "bus_lcSublane": 0.5784, "bus_sigma": 0.4961, "bus_tau_mean": 0.6764, "bus_tau_std": 3.6753, "bus_v_mean": 17.6097, "bus_v_std": 18.0259, "car_acc": 2.1176, "car_dcc": 0.6062, "car_lcAssertive": 93.3394, "car_lcCooperative": 0.4945, "car_lcLookaheadLeft": 74.6421, "car_lcPushy": 0.1898, "car_lcSigma": 0.8383, "car_lcSpeedGainRight": 2.6982, "car_lcSublane": 0.3284, "car_sigma": 0.9018, "car_tau_mean": 1.8759, "car_tau_std": 4.0214, "car_v_mean": 13.1517, "car_v_std": 8.535}, "datetime": {"datetime": "2024-09-05 12:59:01", "elapsed": 7796.543557, "delta": 15.528592}}
{"target": -0.657317734580228, "params": {"bus_acc": 1.3881, "bus_dcc": 2.1065, "bus_lcAssertive": 44.4363, "bus_lcCooperative": 0.3005, "bus_lcLookaheadLeft": 76.0008, "bus_lcPushy": 0.1444, "bus_lcSigma": 0.1675, "bus_lcSpeedGainRight": 1.7129, "bus_lcSublane": 0.0066, "bus_sigma": 0.2521, "bus_tau_mean": 1.0385, "bus_tau_std": 3.649, "bus_v_mean": 22.2711, "bus_v_std": 9.9258, "car_acc": 0.221, "car_dcc": 0.9818, "car_lcAssertive": 22.9389, "car_lcCooperative": 0.9956, "car_lcLookaheadLeft": 7.9135, "car_lcPushy": 0.6607, "car_lcSigma": 0.2541, "car_lcSpeedGainRight": 0.0679, "car_lcSublane": 0.9444, "car_sigma": 0.9506, "car_tau_mean": 3.3627, "car_tau_std": 9.7096, "car_v_mean": 9.2646, "car_v_std": 3.5739}, "datetime": {"datetime": "2024-09-05 12:59:08", "elapsed": 7803.537865, "delta": 6.994308}}
{"target": -0.1742839593771354, "params": {"bus_acc": 3.0864, "bus_dcc": 2.3491, "bus_lcAssertive": 37.618, "bus_lcCooperative": 0.879, "bus_lcLookaheadLeft": 98.5891, "bus_lcPushy": 0.9175, "bus_lcSigma": 0.2588, "bus_lcSpeedGainRight": 3.1698, "bus_lcSublane": 0.9721, "bus_sigma": 0.2616, "bus_tau_mean": 3.3778, "bus_tau_std": 1.0297, "bus_v_mean": 19.7538, "bus_v_std": 6.0298, "car_acc": 0.5319, "car_dcc": 0.4589, "car_lcAssertive": 33.2434, "car_lcCooperative": 0.7395, "car_lcLookaheadLeft": 82.3795, "car_lcPushy": 0.7777, "car_lcSigma": 0.3291, "car_lcSpeedGainRight": 2.1759, "car_lcSublane": 0.1639, "car_sigma": 0.6887, "car_tau_mean": 3.3718, "car_tau_std": 3.6248, "car_v_mean": 15.9241, "car_v_std": 5.0971}, "datetime": {"datetime": "2024-09-05 12:59:30", "elapsed": 7825.518075, "delta": 21.98021}}
{"target": -0.74227223147768, "params": {"bus_acc": 0.6677, "bus_dcc": 2.1124, "bus_lcAssertive": 13.7155, "bus_lcCooperative": 0.4578, "bus_lcLookaheadLeft": 94.562, "bus_lcPushy": 0.9586, "bus_lcSigma": 0.4405, "bus_lcSpeedGainRight": 0.3536, "bus_lcSublane": 0.2351, "bus_sigma": 0.5369, "bus_tau_mean": 0.9698, "bus_tau_std": 3.0774, "bus_v_mean": 17.1372, "bus_v_std": 17.4292, "car_acc": 1.7182, "car_dcc": 2.4783, "car_lcAssertive": 24.3694, "car_lcCooperative": 0.3418, "car_lcLookaheadLeft": 51.4056, "car_lcPushy": 0.4894, "car_lcSigma": 0.1225, "car_lcSpeedGainRight": 4.2759, "car_lcSublane": 0.1965, "car_sigma": 0.1422, "car_tau_mean": 2.647, "car_tau_std": 4.8637, "car_v_mean": 24.7534, "car_v_std": 13.4729}, "datetime": {"datetime": "2024-09-05 12:59:53", "elapsed": 7848.46974, "delta": 22.951665}}
{"target": -0.177691076170893, "params": {"bus_acc": 1.8413, "bus_dcc": 1.4585, "bus_lcAssertive": 27.7765, "bus_lcCooperative": 0.5586, "bus_lcLookaheadLeft": 19.8221, "bus_lcPushy": 0.4613, "bus_lcSigma": 0.8936, "bus_lcSpeedGainRight": 2.4207, "bus_lcSublane": 0.6467, "bus_sigma": 0.3755, "bus_tau_mean": 1.0874, "bus_tau_std": 9.3221, "bus_v_mean": 20.7224, "bus_v_std": 8.6413, "car_acc": 3.1488, "car_dcc": 3.5182, "car_lcAssertive": 33.3264, "car_lcCooperative": 0.9317, "car_lcLookaheadLeft": 55.162, "car_lcPushy": 0.2743, "car_lcSigma": 0.4996, "car_lcSpeedGainRight": 3.5354, "car_lcSublane": 0.0973, "car_sigma": 0.1937, "car_tau_mean": 3.7121, "car_tau_std": 2.1408, "car_v_mean": 14.8662, "car_v_std": 7.4498}, "datetime": {"datetime": "2024-09-05 13:00:04", "elapsed": 7860.042768, "delta": 11.573028}}
{"target": -0.1998889932406257, "params": {"bus_acc": 3.8004, "bus_dcc": 3.7913, "bus_lcAssertive": 82.0426, "bus_lcCooperative": 0.4451, "bus_lcLookaheadLeft": 59.7974, "bus_lcPushy": 0.0329, "bus_lcSigma": 0.0688, "bus_lcSpeedGainRight": 2.2442, "bus_lcSublane": 0.0353, "bus_sigma": 0.4453, "bus_tau_mean": 3.4369, "bus_tau_std": 5.2582, "bus_v_mean": 10.3324, "bus_v_std": 15.4501, "car_acc": 3.55, "car_dcc": 0.6674, "car_lcAssertive": 81.8183, "car_lcCooperative": 0.5026, "car_lcLookaheadLeft": 87.4418, "car_lcPushy": 0.2803, "car_lcSigma": 0.8643, "car_lcSpeedGainRight": 1.2199, "car_lcSublane": 0.9392, "car_sigma": 0.0074, "car_tau_mean": 3.9506, "car_tau_std": 7.5823, "car_v_mean": 20.9729, "car_v_std": 12.1496}, "datetime": {"datetime": "2024-09-05 13:00:22", "elapsed": 7877.999986, "delta": 17.957218}}
{"target": -0.49164151599648626, "params": {"bus_acc": 1.5527, "bus_dcc": 0.3975, "bus_lcAssertive": 41.5968, "bus_lcCooperative": 0.5807, "bus_lcLookaheadLeft": 42.6574, "bus_lcPushy": 0.9281, "bus_lcSigma": 0.8337, "bus_lcSpeedGainRight": 2.5369, "bus_lcSublane": 0.7964, "bus_sigma": 0.8358, "bus_tau_mean": 2.3885, "bus_tau_std": 6.6145, "bus_v_mean": 22.571, "bus_v_std": 19.0035, "car_acc": 0.3134, "car_dcc": 3.6975, "car_lcAssertive": 7.8894, "car_lcCooperative": 0.3306, "car_lcLookaheadLeft": 57.9504, "car_lcPushy": 0.1524, "car_lcSigma": 0.4392, "car_lcSpeedGainRight": 1.4904, "car_lcSublane": 0.655, "car_sigma": 0.8519, "car_tau_mean": 3.0294, "car_tau_std": 2.5451, "car_v_mean": 8.0841, "car_v_std": 9.2836}, "datetime": {"datetime": "2024-09-05 13:00:29", "elapsed": 7885.143257, "delta": 7.143271}}
{"target": -0.2899051555789502, "params": {"bus_acc": 3.2756, "bus_dcc": 0.3518, "bus_lcAssertive": 66.9595, "bus_lcCooperative": 0.6513, "bus_lcLookaheadLeft": 45.7767, "bus_lcPushy": 0.2046, "bus_lcSigma": 0.9802, "bus_lcSpeedGainRight": 0.1717, "bus_lcSublane": 0.2265, "bus_sigma": 0.3306, "bus_tau_mean": 2.3451, "bus_tau_std": 1.9194, "bus_v_mean": 12.1119, "bus_v_std": 8.243, "car_acc": 1.56, "car_dcc": 0.4566, "car_lcAssertive": 39.2034, "car_lcCooperative": 0.0845, "car_lcLookaheadLeft": 97.1352, "car_lcPushy": 0.4062, "car_lcSigma": 0.4589, "car_lcSpeedGainRight": 3.7838, "car_lcSublane": 0.0797, "car_sigma": 0.0471, "car_tau_mean": 1.7005, "car_tau_std": 7.7071, "car_v_mean": 25.6895, "car_v_std": 3.5071}, "datetime": {"datetime": "2024-09-05 13:00:38", "elapsed": 7894.326902, "delta": 9.183645}}
