{"target": -0.40014351629960254, "params": {"bus_acc": 2.9406, "bus_dcc": 2.1146, "bus_lcAssertive": 70.5461, "bus_lcCooperative": 0.6566, "bus_lcLookaheadLeft": 61.1704, "bus_lcPushy": 0.8283, "bus_lcSigma": 0.8768, "bus_lcSpeedGainRight": 4.9385, "bus_lcSublane": 0.1402, "bus_sigma": 0.9877, "bus_tau_mean": 3.6688, "bus_tau_std": 7.4679, "bus_v_mean": 21.6491, "bus_v_std": 4.5094, "car_acc": 3.7434, "car_dcc": 0.5799, "car_lcAssertive": 17.3432, "car_lcCooperative": 0.833, "car_lcLookaheadLeft": 94.0015, "car_lcPushy": 0.1311, "car_lcSigma": 0.7911, "car_lcSpeedGainRight": 2.0893, "car_lcSublane": 0.0638, "car_sigma": 0.8522, "car_tau_mean": 2.0969, "car_tau_std": 4.0105, "car_v_mean": 9.1708, "car_v_std": 16.9299}, "datetime": {"datetime": "2024-08-11 19:59:12", "elapsed": 8222.839992, "delta": 5.877287}}
{"target": -0.4118903352685452, "params": {"bus_acc": 3.7665, "bus_dcc": 2.8823, "bus_lcAssertive": 90.4714, "bus_lcCooperative": 0.2176, "bus_lcLookaheadLeft": 99.4642, "bus_lcPushy": 0.2142, "bus_lcSigma": 0.359, "bus_lcSpeedGainRight": 2.8371, "bus_lcSublane": 0.9402, "bus_sigma": 0.38, "bus_tau_mean": 2.8922, "bus_tau_std": 5.5321, "bus_v_mean": 19.9001, "bus_v_std": 6.4298, "car_acc": 3.265, "car_dcc": 3.7764, "car_lcAssertive": 36.0939, "car_lcCooperative": 0.9173, "car_lcLookaheadLeft": 13.6981, "car_lcPushy": 0.5172, "car_lcSigma": 0.1768, "car_lcSpeedGainRight": 3.6431, "car_lcSublane": 0.3414, "car_sigma": 0.0245, "car_tau_mean": 1.7983, "car_tau_std": 6.9928, "car_v_mean": 8.127, "car_v_std": 18.8623}, "datetime": {"datetime": "2024-08-11 19:59:18", "elapsed": 8229.404743, "delta": 6.564751}}
{"target": -0.4117083294396018, "params": {"bus_acc": 3.5931, "bus_dcc": 1.8948, "bus_lcAssertive": 83.1091, "bus_lcCooperative": 0.1026, "bus_lcLookaheadLeft": 5.1713, "bus_lcPushy": 0.0824, "bus_lcSigma": 0.7592, "bus_lcSpeedGainRight": 3.2529, "bus_lcSublane": 0.4869, "bus_sigma": 0.0165, "bus_tau_mean": 2.9575, "bus_tau_std": 4.879, "bus_v_mean": 16.4567, "bus_v_std": 3.7686, "car_acc": 3.664, "car_dcc": 0.857, "car_lcAssertive": 9.5244, "car_lcCooperative": 0.9401, "car_lcLookaheadLeft": 41.8421, "car_lcPushy": 0.8765, "car_lcSigma": 0.2259, "car_lcSpeedGainRight": 3.1309, "car_lcSublane": 0.1296, "car_sigma": 0.9335, "car_tau_mean": 3.0628, "car_tau_std": 4.0705, "car_v_mean": 21.3816, "car_v_std": 18.5423}, "datetime": {"datetime": "2024-08-11 19:59:24", "elapsed": 8235.087424, "delta": 5.682681}}
{"target": -0.29659687498797677, "params": {"bus_acc": 1.0977, "bus_dcc": 3.8564, "bus_lcAssertive": 20.5437, "bus_lcCooperative": 0.1448, "bus_lcLookaheadLeft": 93.1791, "bus_lcPushy": 0.4623, "bus_lcSigma": 0.2698, "bus_lcSpeedGainRight": 0.829, "bus_lcSublane": 0.4062, "bus_sigma": 0.2321, "bus_tau_mean": 3.1864, "bus_tau_std": 4.8321, "bus_v_mean": 14.6435, "bus_v_std": 4.5623, "car_acc": 0.6611, "car_dcc": 1.4781, "car_lcAssertive": 59.9545, "car_lcCooperative": 0.8792, "car_lcLookaheadLeft": 43.6192, "car_lcPushy": 0.7806, "car_lcSigma": 0.1634, "car_lcSpeedGainRight": 4.9159, "car_lcSublane": 0.8134, "car_sigma": 0.2787, "car_tau_mean": 3.1777, "car_tau_std": 2.0117, "car_v_mean": 19.5989, "car_v_std": 8.2541}, "datetime": {"datetime": "2024-08-11 19:59:35", "elapsed": 8246.290558, "delta": 11.203134}}
{"target": -0.3414657330742881, "params": {"bus_acc": 0.6419, "bus_dcc": 1.9045, "bus_lcAssertive": 8.098, "bus_lcCooperative": 0.9236, "bus_lcLookaheadLeft": 10.5396, "bus_lcPushy": 0.0052, "bus_lcSigma": 0.7407, "bus_lcSpeedGainRight": 4.0894, "bus_lcSublane": 0.0719, "bus_sigma": 0.3892, "bus_tau_mean": 3.838, "bus_tau_std": 3.1201, "bus_v_mean": 22.8132, "bus_v_std": 18.0426, "car_acc": 1.0174, "car_dcc": 1.1559, "car_lcAssertive": 79.6625, "car_lcCooperative": 0.5602, "car_lcLookaheadLeft": 72.679, "car_lcPushy": 0.6936, "car_lcSigma": 0.6827, "car_lcSpeedGainRight": 3.2453, "car_lcSublane": 0.2631, "car_sigma": 0.7078, "car_tau_mean": 2.9495, "car_tau_std": 9.2503, "car_v_mean": 12.1449, "car_v_std": 14.7651}, "datetime": {"datetime": "2024-08-11 19:59:43", "elapsed": 8253.960638, "delta": 7.67008}}
{"target": -0.39950505207383746, "params": {"bus_acc": 3.3239, "bus_dcc": 2.3341, "bus_lcAssertive": 81.0801, "bus_lcCooperative": 0.406, "bus_lcLookaheadLeft": 72.8217, "bus_lcPushy": 0.0703, "bus_lcSigma": 0.037, "bus_lcSpeedGainRight": 4.1029, "bus_lcSublane": 0.9433, "bus_sigma": 0.8186, "bus_tau_mean": 2.9557, "bus_tau_std": 0.1153, "bus_v_mean": 22.374, "bus_v_std": 15.3745, "car_acc": 2.8439, "car_dcc": 2.343, "car_lcAssertive": 30.5821, "car_lcCooperative": 0.34, "car_lcLookaheadLeft": 83.7832, "car_lcPushy": 0.5642, "car_lcSigma": 0.2087, "car_lcSpeedGainRight": 2.9108, "car_lcSublane": 0.3385, "car_sigma": 0.1085, "car_tau_mean": 3.1885, "car_tau_std": 7.8108, "car_v_mean": 15.4351, "car_v_std": 1.2}, "datetime": {"datetime": "2024-08-11 19:59:48", "elapsed": 8259.058106, "delta": 5.097468}}
{"target": -0.3695175476096886, "params": {"bus_acc": 1.3089, "bus_dcc": 1.8799, "bus_lcAssertive": 96.0094, "bus_lcCooperative": 0.2205, "bus_lcLookaheadLeft": 31.9491, "bus_lcPushy": 0.6133, "bus_lcSigma": 0.9324, "bus_lcSpeedGainRight": 0.5602, "bus_lcSublane": 0.5161, "bus_sigma": 0.1005, "bus_tau_mean": 3.9067, "bus_tau_std": 1.169, "bus_v_mean": 12.1685, "bus_v_std": 14.8244, "car_acc": 0.8133, "car_dcc": 3.5473, "car_lcAssertive": 53.3011, "car_lcCooperative": 0.5434, "car_lcLookaheadLeft": 23.6482, "car_lcPushy": 0.0902, "car_lcSigma": 0.7081, "car_lcSpeedGainRight": 4.1797, "car_lcSublane": 0.379, "car_sigma": 0.1604, "car_tau_mean": 3.7748, "car_tau_std": 3.5545, "car_v_mean": 24.6011, "car_v_std": 13.0311}, "datetime": {"datetime": "2024-08-11 19:59:56", "elapsed": 8267.334802, "delta": 8.276696}}
{"target": -0.38656725173698003, "params": {"bus_acc": 0.5717, "bus_dcc": 2.0661, "bus_lcAssertive": 36.2838, "bus_lcCooperative": 0.4293, "bus_lcLookaheadLeft": 78.9839, "bus_lcPushy": 0.2518, "bus_lcSigma": 0.2894, "bus_lcSpeedGainRight": 4.0543, "bus_lcSublane": 0.4881, "bus_sigma": 0.7938, "bus_tau_mean": 3.0211, "bus_tau_std": 2.7656, "bus_v_mean": 25.1896, "bus_v_std": 0.694, "car_acc": 3.653, "car_dcc": 0.4429, "car_lcAssertive": 35.3466, "car_lcCooperative": 0.1304, "car_lcLookaheadLeft": 63.1747, "car_lcPushy": 0.0896, "car_lcSigma": 0.3178, "car_lcSpeedGainRight": 4.5043, "car_lcSublane": 0.7934, "car_sigma": 0.0567, "car_tau_mean": 2.1309, "car_tau_std": 4.1731, "car_v_mean": 21.4969, "car_v_std": 10.288}, "datetime": {"datetime": "2024-08-11 20:00:02", "elapsed": 8272.821378, "delta": 5.486576}}
{"target": -0.6250121642616797, "params": {"bus_acc": 2.555, "bus_dcc": 2.7547, "bus_lcAssertive": 36.9598, "bus_lcCooperative": 0.808, "bus_lcLookaheadLeft": 18.7518, "bus_lcPushy": 0.3277, "bus_lcSigma": 0.7749, "bus_lcSpeedGainRight": 1.3207, "bus_lcSublane": 0.0439, "bus_sigma": 0.3659, "bus_tau_mean": 1.1837, "bus_tau_std": 7.7161, "bus_v_mean": 17.1358, "bus_v_std": 11.4203, "car_acc": 3.1296, "car_dcc": 2.452, "car_lcAssertive": 1.3226, "car_lcCooperative": 0.5136, "car_lcLookaheadLeft": 65.8691, "car_lcPushy": 0.2126, "car_lcSigma": 0.2283, "car_lcSpeedGainRight": 2.5823, "car_lcSublane": 0.9962, "car_sigma": 0.407, "car_tau_mean": 3.3846, "car_tau_std": 6.3726, "car_v_mean": 20.9439, "car_v_std": 12.0353}, "datetime": {"datetime": "2024-08-11 20:00:07", "elapsed": 8278.009149, "delta": 5.187771}}
{"target": -0.4953216847860844, "params": {"bus_acc": 1.1613, "bus_dcc": 1.2676, "bus_lcAssertive": 2.7917, "bus_lcCooperative": 0.0898, "bus_lcLookaheadLeft": 13.4398, "bus_lcPushy": 0.4254, "bus_lcSigma": 0.204, "bus_lcSpeedGainRight": 1.7147, "bus_lcSublane": 0.0714, "bus_sigma": 0.8302, "bus_tau_mean": 1.8625, "bus_tau_std": 8.8141, "bus_v_mean": 25.3854, "bus_v_std": 11.8296, "car_acc": 2.1668, "car_dcc": 1.5761, "car_lcAssertive": 66.534, "car_lcCooperative": 0.2906, "car_lcLookaheadLeft": 38.4262, "car_lcPushy": 0.4544, "car_lcSigma": 0.3584, "car_lcSpeedGainRight": 0.6159, "car_lcSublane": 0.8399, "car_sigma": 0.5609, "car_tau_mean": 3.3555, "car_tau_std": 5.0321, "car_v_mean": 19.0962, "car_v_std": 9.132}, "datetime": {"datetime": "2024-08-11 20:00:12", "elapsed": 8283.356597, "delta": 5.347448}}
{"target": -0.46536850226097254, "params": {"bus_acc": 2.309, "bus_dcc": 1.3725, "bus_lcAssertive": 45.2607, "bus_lcCooperative": 0.7554, "bus_lcLookaheadLeft": 23.2798, "bus_lcPushy": 0.4133, "bus_lcSigma": 0.9376, "bus_lcSpeedGainRight": 2.8574, "bus_lcSublane": 0.9196, "bus_sigma": 0.0099, "bus_tau_mean": 2.9661, "bus_tau_std": 9.9759, "bus_v_mean": 24.1289, "bus_v_std": 12.2912, "car_acc": 2.0523, "car_dcc": 2.289, "car_lcAssertive": 15.813, "car_lcCooperative": 0.4948, "car_lcLookaheadLeft": 49.0167, "car_lcPushy": 0.5236, "car_lcSigma": 0.861, "car_lcSpeedGainRight": 4.1134, "car_lcSublane": 0.542, "car_sigma": 0.5082, "car_tau_mean": 3.9731, "car_tau_std": 0.9075, "car_v_mean": 20.9574, "car_v_std": 5.9625}, "datetime": {"datetime": "2024-08-11 20:00:18", "elapsed": 8288.800527, "delta": 5.44393}}
{"target": -0.33701473123108966, "params": {"bus_acc": 3.3919, "bus_dcc": 1.9286, "bus_lcAssertive": 19.2699, "bus_lcCooperative": 0.1243, "bus_lcLookaheadLeft": 56.4585, "bus_lcPushy": 0.1913, "bus_lcSigma": 0.9813, "bus_lcSpeedGainRight": 2.7978, "bus_lcSublane": 0.6396, "bus_sigma": 0.711, "bus_tau_mean": 3.4497, "bus_tau_std": 8.6988, "bus_v_mean": 10.4562, "bus_v_std": 13.4306, "car_acc": 2.6076, "car_dcc": 1.1447, "car_lcAssertive": 13.368, "car_lcCooperative": 0.8865, "car_lcLookaheadLeft": 81.0886, "car_lcPushy": 0.7785, "car_lcSigma": 0.8593, "car_lcSpeedGainRight": 4.8826, "car_lcSublane": 0.3525, "car_sigma": 0.0243, "car_tau_mean": 1.3453, "car_tau_std": 4.4706, "car_v_mean": 19.3762, "car_v_std": 1.2785}, "datetime": {"datetime": "2024-08-11 20:00:28", "elapsed": 8299.27281, "delta": 10.472283}}
{"target": -0.39486787364254833, "params": {"bus_acc": 0.5128, "bus_dcc": 2.8845, "bus_lcAssertive": 42.339, "bus_lcCooperative": 0.2704, "bus_lcLookaheadLeft": 91.6938, "bus_lcPushy": 0.2151, "bus_lcSigma": 0.2946, "bus_lcSpeedGainRight": 2.4375, "bus_lcSublane": 0.398, "bus_sigma": 0.6035, "bus_tau_mean": 1.9053, "bus_tau_std": 5.1392, "bus_v_mean": 19.4391, "bus_v_std": 6.1304, "car_acc": 2.7335, "car_dcc": 0.5609, "car_lcAssertive": 47.3795, "car_lcCooperative": 0.6046, "car_lcLookaheadLeft": 71.7626, "car_lcPushy": 0.4822, "car_lcSigma": 0.9279, "car_lcSpeedGainRight": 4.4628, "car_lcSublane": 0.3784, "car_sigma": 0.2459, "car_tau_mean": 2.8051, "car_tau_std": 1.5271, "car_v_mean": 9.4951, "car_v_std": 7.1646}, "datetime": {"datetime": "2024-08-11 20:00:36", "elapsed": 8306.88094, "delta": 7.60813}}
{"target": -0.42809429956797906, "params": {"bus_acc": 2.2297, "bus_dcc": 1.4885, "bus_lcAssertive": 49.531, "bus_lcCooperative": 0.7236, "bus_lcLookaheadLeft": 58.9431, "bus_lcPushy": 0.6732, "bus_lcSigma": 0.0216, "bus_lcSpeedGainRight": 2.8376, "bus_lcSublane": 0.4671, "bus_sigma": 0.4896, "bus_tau_mean": 2.2579, "bus_tau_std": 6.2365, "bus_v_mean": 19.6137, "bus_v_std": 19.7929, "car_acc": 3.3387, "car_dcc": 0.499, "car_lcAssertive": 78.4761, "car_lcCooperative": 0.7738, "car_lcLookaheadLeft": 36.0638, "car_lcPushy": 0.0137, "car_lcSigma": 0.3535, "car_lcSpeedGainRight": 1.7632, "car_lcSublane": 0.3724, "car_sigma": 0.8806, "car_tau_mean": 3.0844, "car_tau_std": 1.0087, "car_v_mean": 21.4041, "car_v_std": 12.3127}, "datetime": {"datetime": "2024-08-11 20:00:43", "elapsed": 8314.237543, "delta": 7.356603}}
{"target": -0.3562670708434114, "params": {"bus_acc": 2.5324, "bus_dcc": 0.5399, "bus_lcAssertive": 87.549, "bus_lcCooperative": 0.6304, "bus_lcLookaheadLeft": 95.463, "bus_lcPushy": 0.5805, "bus_lcSigma": 0.4842, "bus_lcSpeedGainRight": 3.0235, "bus_lcSublane": 0.7996, "bus_sigma": 0.7875, "bus_tau_mean": 3.7612, "bus_tau_std": 2.796, "bus_v_mean": 10.1079, "bus_v_std": 15.844, "car_acc": 1.3082, "car_dcc": 3.7233, "car_lcAssertive": 81.5461, "car_lcCooperative": 0.573, "car_lcLookaheadLeft": 10.3003, "car_lcPushy": 0.881, "car_lcSigma": 0.7292, "car_lcSpeedGainRight": 3.7891, "car_lcSublane": 0.0356, "car_sigma": 0.0354, "car_tau_mean": 1.9231, "car_tau_std": 8.2339, "car_v_mean": 16.5153, "car_v_std": 2.7666}, "datetime": {"datetime": "2024-08-11 20:00:52", "elapsed": 8323.4992, "delta": 9.261657}}
{"target": -0.30580903746634824, "params": {"bus_acc": 1.0411, "bus_dcc": 3.7535, "bus_lcAssertive": 64.8668, "bus_lcCooperative": 0.7726, "bus_lcLookaheadLeft": 9.8264, "bus_lcPushy": 0.1039, "bus_lcSigma": 0.6209, "bus_lcSpeedGainRight": 3.6097, "bus_lcSublane": 0.6904, "bus_sigma": 0.2298, "bus_tau_mean": 3.2745, "bus_tau_std": 3.1714, "bus_v_mean": 8.4888, "bus_v_std": 12.1364, "car_acc": 1.2371, "car_dcc": 3.9031, "car_lcAssertive": 32.584, "car_lcCooperative": 0.2122, "car_lcLookaheadLeft": 24.6273, "car_lcPushy": 0.386, "car_lcSigma": 0.2157, "car_lcSpeedGainRight": 3.0521, "car_lcSublane": 0.4125, "car_sigma": 0.0923, "car_tau_mean": 1.5044, "car_tau_std": 2.0472, "car_v_mean": 22.229, "car_v_std": 7.1166}, "datetime": {"datetime": "2024-08-11 20:00:59", "elapsed": 8329.899557, "delta": 6.400357}}
{"target": -0.4154283343196096, "params": {"bus_acc": 2.1339, "bus_dcc": 1.3405, "bus_lcAssertive": 92.806, "bus_lcCooperative": 0.88, "bus_lcLookaheadLeft": 61.9864, "bus_lcPushy": 0.823, "bus_lcSigma": 0.1289, "bus_lcSpeedGainRight": 2.37, "bus_lcSublane": 0.1791, "bus_sigma": 0.2598, "bus_tau_mean": 0.8071, "bus_tau_std": 9.052, "bus_v_mean": 15.2675, "bus_v_std": 16.045, "car_acc": 2.8654, "car_dcc": 0.9041, "car_lcAssertive": 32.4675, "car_lcCooperative": 0.3126, "car_lcLookaheadLeft": 18.3366, "car_lcPushy": 0.7516, "car_lcSigma": 0.2385, "car_lcSpeedGainRight": 3.2883, "car_lcSublane": 0.5075, "car_sigma": 0.0013, "car_tau_mean": 0.6032, "car_tau_std": 8.6047, "car_v_mean": 20.1654, "car_v_std": 6.2958}, "datetime": {"datetime": "2024-08-11 20:01:05", "elapsed": 8336.340506, "delta": 6.440949}}
{"target": -0.44696635914075084, "params": {"bus_acc": 3.7832, "bus_dcc": 3.903, "bus_lcAssertive": 88.3698, "bus_lcCooperative": 0.7412, "bus_lcLookaheadLeft": 38.3734, "bus_lcPushy": 0.6892, "bus_lcSigma": 0.0601, "bus_lcSpeedGainRight": 3.0432, "bus_lcSublane": 0.7682, "bus_sigma": 0.4833, "bus_tau_mean": 0.816, "bus_tau_std": 4.4266, "bus_v_mean": 20.1818, "bus_v_std": 17.5209, "car_acc": 2.4754, "car_dcc": 3.8166, "car_lcAssertive": 82.8983, "car_lcCooperative": 0.5715, "car_lcLookaheadLeft": 19.1608, "car_lcPushy": 0.2012, "car_lcSigma": 0.0209, "car_lcSpeedGainRight": 4.5752, "car_lcSublane": 0.5353, "car_sigma": 0.7851, "car_tau_mean": 1.6585, "car_tau_std": 6.4396, "car_v_mean": 23.7327, "car_v_std": 19.2009}, "datetime": {"datetime": "2024-08-11 20:01:12", "elapsed": 8343.474832, "delta": 7.134326}}
{"target": -0.5097666886652621, "params": {"bus_acc": 2.9956, "bus_dcc": 1.9755, "bus_lcAssertive": 90.7413, "bus_lcCooperative": 0.4652, "bus_lcLookaheadLeft": 96.9947, "bus_lcPushy": 0.0846, "bus_lcSigma": 0.7654, "bus_lcSpeedGainRight": 3.4687, "bus_lcSublane": 0.3287, "bus_sigma": 0.2576, "bus_tau_mean": 3.1446, "bus_tau_std": 2.8431, "bus_v_mean": 11.74, "bus_v_std": 14.6151, "car_acc": 3.5354, "car_dcc": 0.6739, "car_lcAssertive": 12.8391, "car_lcCooperative": 0.1003, "car_lcLookaheadLeft": 25.466, "car_lcPushy": 0.8582, "car_lcSigma": 0.813, "car_lcSpeedGainRight": 2.7469, "car_lcSublane": 0.207, "car_sigma": 0.3754, "car_tau_mean": 3.9469, "car_tau_std": 0.8612, "car_v_mean": 9.4122, "car_v_std": 14.0281}, "datetime": {"datetime": "2024-08-11 20:01:18", "elapsed": 8349.072985, "delta": 5.598153}}
{"target": -0.44075745918214765, "params": {"bus_acc": 3.316, "bus_dcc": 0.7515, "bus_lcAssertive": 87.8743, "bus_lcCooperative": 0.1188, "bus_lcLookaheadLeft": 73.6635, "bus_lcPushy": 0.0393, "bus_lcSigma": 0.9412, "bus_lcSpeedGainRight": 0.3115, "bus_lcSublane": 0.3495, "bus_sigma": 0.9669, "bus_tau_mean": 2.0674, "bus_tau_std": 7.7245, "bus_v_mean": 21.3204, "bus_v_std": 16.3172, "car_acc": 0.5691, "car_dcc": 1.8309, "car_lcAssertive": 89.7505, "car_lcCooperative": 0.5518, "car_lcLookaheadLeft": 26.018, "car_lcPushy": 0.0345, "car_lcSigma": 0.0875, "car_lcSpeedGainRight": 1.1755, "car_lcSublane": 0.9274, "car_sigma": 0.3504, "car_tau_mean": 2.1382, "car_tau_std": 0.455, "car_v_mean": 13.445, "car_v_std": 13.1997}, "datetime": {"datetime": "2024-08-11 20:01:29", "elapsed": 8359.685972, "delta": 10.612987}}
{"target": -0.4814650561217011, "params": {"bus_acc": 3.8354, "bus_dcc": 0.5264, "bus_lcAssertive": 54.5446, "bus_lcCooperative": 0.5721, "bus_lcLookaheadLeft": 20.3142, "bus_lcPushy": 0.7792, "bus_lcSigma": 0.2482, "bus_lcSpeedGainRight": 2.8328, "bus_lcSublane": 0.1547, "bus_sigma": 0.5033, "bus_tau_mean": 1.2803, "bus_tau_std": 1.6331, "bus_v_mean": 19.3017, "bus_v_std": 1.4618, "car_acc": 3.9322, "car_dcc": 0.826, "car_lcAssertive": 93.9533, "car_lcCooperative": 0.7999, "car_lcLookaheadLeft": 28.1299, "car_lcPushy": 0.2178, "car_lcSigma": 0.7425, "car_lcSpeedGainRight": 3.7176, "car_lcSublane": 0.7807, "car_sigma": 0.6622, "car_tau_mean": 0.718, "car_tau_std": 2.068, "car_v_mean": 13.1934, "car_v_std": 2.0299}, "datetime": {"datetime": "2024-08-11 20:01:38", "elapsed": 8369.32593, "delta": 9.639958}}
{"target": -0.3931699195806992, "params": {"bus_acc": 2.4836, "bus_dcc": 3.7216, "bus_lcAssertive": 88.9671, "bus_lcCooperative": 0.8798, "bus_lcLookaheadLeft": 64.9348, "bus_lcPushy": 0.0047, "bus_lcSigma": 0.3982, "bus_lcSpeedGainRight": 1.7433, "bus_lcSublane": 0.9923, "bus_sigma": 0.3615, "bus_tau_mean": 3.2528, "bus_tau_std": 1.4704, "bus_v_mean": 16.1457, "bus_v_std": 9.8947, "car_acc": 0.8858, "car_dcc": 1.6153, "car_lcAssertive": 43.1369, "car_lcCooperative": 0.0401, "car_lcLookaheadLeft": 11.6673, "car_lcPushy": 0.2472, "car_lcSigma": 0.6144, "car_lcSpeedGainRight": 0.6166, "car_lcSublane": 0.0197, "car_sigma": 0.6738, "car_tau_mean": 2.6229, "car_tau_std": 1.6561, "car_v_mean": 10.8919, "car_v_std": 15.085}, "datetime": {"datetime": "2024-08-11 20:01:50", "elapsed": 8380.987296, "delta": 11.661366}}
{"target": -0.40836173197229697, "params": {"bus_acc": 2.8705, "bus_dcc": 2.3743, "bus_lcAssertive": 78.6553, "bus_lcCooperative": 0.2489, "bus_lcLookaheadLeft": 89.3492, "bus_lcPushy": 0.5238, "bus_lcSigma": 0.5466, "bus_lcSpeedGainRight": 1.0185, "bus_lcSublane": 0.05, "bus_sigma": 0.3818, "bus_tau_mean": 0.7756, "bus_tau_std": 2.9102, "bus_v_mean": 15.0685, "bus_v_std": 10.8112, "car_acc": 0.901, "car_dcc": 3.0086, "car_lcAssertive": 90.7164, "car_lcCooperative": 0.7606, "car_lcLookaheadLeft": 50.0955, "car_lcPushy": 0.8147, "car_lcSigma": 0.1769, "car_lcSpeedGainRight": 0.732, "car_lcSublane": 0.8653, "car_sigma": 0.0922, "car_tau_mean": 0.8197, "car_tau_std": 1.8376, "car_v_mean": 12.2436, "car_v_std": 8.5044}, "datetime": {"datetime": "2024-08-11 20:01:55", "elapsed": 8386.503043, "delta": 5.515747}}
{"target": -0.3393262408887503, "params": {"bus_acc": 0.2566, "bus_dcc": 3.2448, "bus_lcAssertive": 95.9776, "bus_lcCooperative": 0.2336, "bus_lcLookaheadLeft": 85.0963, "bus_lcPushy": 0.7429, "bus_lcSigma": 0.8199, "bus_lcSpeedGainRight": 3.4969, "bus_lcSublane": 0.9512, "bus_sigma": 0.1266, "bus_tau_mean": 1.3194, "bus_tau_std": 5.5653, "bus_v_mean": 8.1852, "bus_v_std": 8.9956, "car_acc": 1.2123, "car_dcc": 1.3529, "car_lcAssertive": 42.6873, "car_lcCooperative": 0.5669, "car_lcLookaheadLeft": 24.2767, "car_lcPushy": 0.7354, "car_lcSigma": 0.7807, "car_lcSpeedGainRight": 2.1725, "car_lcSublane": 0.0747, "car_sigma": 0.5181, "car_tau_mean": 2.0344, "car_tau_std": 7.7162, "car_v_mean": 12.5701, "car_v_std": 19.404}, "datetime": {"datetime": "2024-08-11 20:02:02", "elapsed": 8392.939977, "delta": 6.436934}}
{"target": -0.5159466540916514, "params": {"bus_acc": 0.7138, "bus_dcc": 1.4225, "bus_lcAssertive": 66.6925, "bus_lcCooperative": 0.3476, "bus_lcLookaheadLeft": 3.6477, "bus_lcPushy": 0.3834, "bus_lcSigma": 0.0636, "bus_lcSpeedGainRight": 4.8228, "bus_lcSublane": 0.0473, "bus_sigma": 0.9107, "bus_tau_mean": 0.7328, "bus_tau_std": 0.6271, "bus_v_mean": 17.6233, "bus_v_std": 18.7454, "car_acc": 2.3513, "car_dcc": 1.0313, "car_lcAssertive": 27.7532, "car_lcCooperative": 0.0557, "car_lcLookaheadLeft": 60.3663, "car_lcPushy": 0.9535, "car_lcSigma": 0.1456, "car_lcSpeedGainRight": 3.365, "car_lcSublane": 0.9828, "car_sigma": 0.6497, "car_tau_mean": 1.8543, "car_tau_std": 2.2935, "car_v_mean": 14.1363, "car_v_std": 10.9014}, "datetime": {"datetime": "2024-08-11 20:02:09", "elapsed": 8400.39566, "delta": 7.455683}}
{"target": -0.3796193938039912, "params": {"bus_acc": 0.4274, "bus_dcc": 1.1374, "bus_lcAssertive": 40.2733, "bus_lcCooperative": 0.6369, "bus_lcLookaheadLeft": 73.4122, "bus_lcPushy": 0.0711, "bus_lcSigma": 0.6432, "bus_lcSpeedGainRight": 0.3712, "bus_lcSublane": 0.4311, "bus_sigma": 0.3121, "bus_tau_mean": 3.7836, "bus_tau_std": 1.7135, "bus_v_mean": 15.2756, "bus_v_std": 15.2399, "car_acc": 1.0796, "car_dcc": 3.0175, "car_lcAssertive": 58.8624, "car_lcCooperative": 0.51, "car_lcLookaheadLeft": 39.2717, "car_lcPushy": 0.9965, "car_lcSigma": 0.3462, "car_lcSpeedGainRight": 0.2942, "car_lcSublane": 0.2884, "car_sigma": 0.3335, "car_tau_mean": 2.7544, "car_tau_std": 8.5482, "car_v_mean": 15.5523, "car_v_std": 8.8757}, "datetime": {"datetime": "2024-08-11 20:02:15", "elapsed": 8406.589719, "delta": 6.194059}}
