{"target": -0.571095128880799, "params": {"bus_acc": 1.3408, "bus_dcc": 3.135, "bus_lcAssertive": 48.2919, "bus_lcCooperative": 0.2095, "bus_lcLookaheadLeft": 37.4207, "bus_lcPushy": 0.296, "bus_lcSigma": 0.8227, "bus_lcSpeedGainRight": 1.7146, "bus_lcSublane": 0.9072, "bus_sigma": 0.1909, "bus_tau_mean": 3.3667, "bus_tau_std": 6.8063, "bus_v_mean": 14.6451, "bus_v_std": 9.194, "car_acc": 0.8886, "car_dcc": 0.3875, "car_lcAssertive": 87.0731, "car_lcCooperative": 0.6995, "car_lcLookaheadLeft": 49.3599, "car_lcPushy": 0.2669, "car_lcSigma": 0.4957, "car_lcSpeedGainRight": 0.6615, "car_lcSublane": 0.7297, "car_sigma": 0.5395, "car_tau_mean": 2.8358, "car_tau_std": 4.6123, "car_v_mean": 9.6544, "car_v_std": 11.4701}, "datetime": {"datetime": "2024-08-11 19:23:45", "elapsed": 6096.448144, "delta": 6.362736}}
{"target": -0.35088742390355937, "params": {"bus_acc": 1.8557, "bus_dcc": 3.6545, "bus_lcAssertive": 28.6909, "bus_lcCooperative": 0.9682, "bus_lcLookaheadLeft": 89.0397, "bus_lcPushy": 0.8928, "bus_lcSigma": 0.1901, "bus_lcSpeedGainRight": 3.4628, "bus_lcSublane": 0.6942, "bus_sigma": 0.384, "bus_tau_mean": 0.9657, "bus_tau_std": 7.3964, "bus_v_mean": 17.579, "bus_v_std": 10.9042, "car_acc": 1.3998, "car_dcc": 1.3522, "car_lcAssertive": 43.783, "car_lcCooperative": 0.4957, "car_lcLookaheadLeft": 22.0259, "car_lcPushy": 0.7415, "car_lcSigma": 0.9469, "car_lcSpeedGainRight": 2.9676, "car_lcSublane": 0.5816, "car_sigma": 0.4001, "car_tau_mean": 3.0188, "car_tau_std": 1.8751, "car_v_mean": 17.3956, "car_v_std": 9.5936}, "datetime": {"datetime": "2024-08-11 19:23:50", "elapsed": 6101.410673, "delta": 4.962529}}
{"target": -0.4677433901073127, "params": {"bus_acc": 0.6177, "bus_dcc": 3.2021, "bus_lcAssertive": 45.1186, "bus_lcCooperative": 0.5669, "bus_lcLookaheadLeft": 57.4136, "bus_lcPushy": 0.5337, "bus_lcSigma": 0.3894, "bus_lcSpeedGainRight": 4.5252, "bus_lcSublane": 0.562, "bus_sigma": 0.479, "bus_tau_mean": 3.8527, "bus_tau_std": 8.1948, "bus_v_mean": 10.025, "bus_v_std": 4.4607, "car_acc": 2.4606, "car_dcc": 3.2991, "car_lcAssertive": 61.0496, "car_lcCooperative": 0.043, "car_lcLookaheadLeft": 72.1138, "car_lcPushy": 0.6881, "car_lcSigma": 0.0854, "car_lcSpeedGainRight": 4.5342, "car_lcSublane": 0.9739, "car_sigma": 0.8499, "car_tau_mean": 3.3478, "car_tau_std": 1.2425, "car_v_mean": 11.5626, "car_v_std": 14.0286}, "datetime": {"datetime": "2024-08-11 19:23:55", "elapsed": 6106.169313, "delta": 4.75864}}
{"target": -0.34582047057006354, "params": {"bus_acc": 1.1077, "bus_dcc": 2.9724, "bus_lcAssertive": 27.8499, "bus_lcCooperative": 0.1784, "bus_lcLookaheadLeft": 69.6109, "bus_lcPushy": 0.7262, "bus_lcSigma": 0.0438, "bus_lcSpeedGainRight": 0.2415, "bus_lcSublane": 0.6146, "bus_sigma": 0.9629, "bus_tau_mean": 2.998, "bus_tau_std": 0.2022, "bus_v_mean": 11.8772, "bus_v_std": 12.3098, "car_acc": 1.0393, "car_dcc": 2.8438, "car_lcAssertive": 44.1883, "car_lcCooperative": 0.4304, "car_lcLookaheadLeft": 59.2586, "car_lcPushy": 0.2661, "car_lcSigma": 0.4938, "car_lcSpeedGainRight": 4.1311, "car_lcSublane": 0.8605, "car_sigma": 0.5325, "car_tau_mean": 2.1108, "car_tau_std": 2.011, "car_v_mean": 19.351, "car_v_std": 11.7677}, "datetime": {"datetime": "2024-08-11 19:24:01", "elapsed": 6112.127389, "delta": 5.958076}}
{"target": -0.41461881713425974, "params": {"bus_acc": 2.8993, "bus_dcc": 1.8631, "bus_lcAssertive": 8.3524, "bus_lcCooperative": 0.6218, "bus_lcLookaheadLeft": 8.2854, "bus_lcPushy": 0.1299, "bus_lcSigma": 0.7797, "bus_lcSpeedGainRight": 0.4028, "bus_lcSublane": 0.8993, "bus_sigma": 0.1051, "bus_tau_mean": 3.6686, "bus_tau_std": 5.6694, "bus_v_mean": 25.9523, "bus_v_std": 1.0272, "car_acc": 3.3541, "car_dcc": 0.6358, "car_lcAssertive": 56.8399, "car_lcCooperative": 0.6271, "car_lcLookaheadLeft": 86.8241, "car_lcPushy": 0.9738, "car_lcSigma": 0.5636, "car_lcSpeedGainRight": 4.2996, "car_lcSublane": 0.8334, "car_sigma": 0.5737, "car_tau_mean": 2.8582, "car_tau_std": 4.2533, "car_v_mean": 15.1263, "car_v_std": 3.8979}, "datetime": {"datetime": "2024-08-11 19:24:05", "elapsed": 6116.494208, "delta": 4.366819}}
{"target": -0.5973173350499845, "params": {"bus_acc": 2.7569, "bus_dcc": 3.0081, "bus_lcAssertive": 56.6214, "bus_lcCooperative": 0.5701, "bus_lcLookaheadLeft": 88.5204, "bus_lcPushy": 0.2178, "bus_lcSigma": 0.9239, "bus_lcSpeedGainRight": 3.4844, "bus_lcSublane": 0.9925, "bus_sigma": 0.0093, "bus_tau_mean": 2.0289, "bus_tau_std": 2.3862, "bus_v_mean": 16.8184, "bus_v_std": 3.412, "car_acc": 2.4149, "car_dcc": 0.5317, "car_lcAssertive": 1.2135, "car_lcCooperative": 0.9786, "car_lcLookaheadLeft": 84.9207, "car_lcPushy": 0.4942, "car_lcSigma": 0.0622, "car_lcSpeedGainRight": 1.1147, "car_lcSublane": 0.2946, "car_sigma": 0.4353, "car_tau_mean": 2.6724, "car_tau_std": 1.6055, "car_v_mean": 15.893, "car_v_std": 13.7118}, "datetime": {"datetime": "2024-08-11 19:24:12", "elapsed": 6123.431042, "delta": 6.936834}}
{"target": -0.5050249183964793, "params": {"bus_acc": 3.3785, "bus_dcc": 0.2833, "bus_lcAssertive": 85.7413, "bus_lcCooperative": 0.3159, "bus_lcLookaheadLeft": 6.1943, "bus_lcPushy": 0.0264, "bus_lcSigma": 0.0744, "bus_lcSpeedGainRight": 1.5223, "bus_lcSublane": 0.6057, "bus_sigma": 0.9088, "bus_tau_mean": 3.2148, "bus_tau_std": 5.4506, "bus_v_mean": 17.1299, "bus_v_std": 13.6486, "car_acc": 2.9908, "car_dcc": 0.4366, "car_lcAssertive": 57.6813, "car_lcCooperative": 0.5216, "car_lcLookaheadLeft": 93.7316, "car_lcPushy": 0.1142, "car_lcSigma": 0.7379, "car_lcSpeedGainRight": 0.7583, "car_lcSublane": 0.7154, "car_sigma": 0.0519, "car_tau_mean": 1.2495, "car_tau_std": 9.1989, "car_v_mean": 12.9497, "car_v_std": 8.5409}, "datetime": {"datetime": "2024-08-11 19:24:21", "elapsed": 6131.753473, "delta": 8.322431}}
{"target": -0.4873620338786045, "params": {"bus_acc": 2.6439, "bus_dcc": 0.5418, "bus_lcAssertive": 17.7305, "bus_lcCooperative": 0.6718, "bus_lcLookaheadLeft": 70.1488, "bus_lcPushy": 0.4696, "bus_lcSigma": 0.0562, "bus_lcSpeedGainRight": 2.4787, "bus_lcSublane": 0.5282, "bus_sigma": 0.5414, "bus_tau_mean": 2.7354, "bus_tau_std": 8.3824, "bus_v_mean": 13.901, "bus_v_std": 2.3413, "car_acc": 0.3127, "car_dcc": 0.7861, "car_lcAssertive": 93.7415, "car_lcCooperative": 0.89, "car_lcLookaheadLeft": 62.7184, "car_lcPushy": 0.2173, "car_lcSigma": 0.6439, "car_lcSpeedGainRight": 3.9644, "car_lcSublane": 0.7013, "car_sigma": 0.8433, "car_tau_mean": 0.7555, "car_tau_std": 0.1181, "car_v_mean": 25.9145, "car_v_std": 2.0721}, "datetime": {"datetime": "2024-08-11 19:24:27", "elapsed": 6137.944218, "delta": 6.190745}}
{"target": -0.5047343008632733, "params": {"bus_acc": 0.7443, "bus_dcc": 1.925, "bus_lcAssertive": 79.4861, "bus_lcCooperative": 0.9253, "bus_lcLookaheadLeft": 43.7245, "bus_lcPushy": 0.2038, "bus_lcSigma": 0.1111, "bus_lcSpeedGainRight": 4.7907, "bus_lcSublane": 0.2282, "bus_sigma": 0.3332, "bus_tau_mean": 3.3419, "bus_tau_std": 2.4801, "bus_v_mean": 15.4746, "bus_v_std": 18.1919, "car_acc": 3.1599, "car_dcc": 1.6376, "car_lcAssertive": 11.5534, "car_lcCooperative": 0.4131, "car_lcLookaheadLeft": 39.218, "car_lcPushy": 0.9486, "car_lcSigma": 0.3552, "car_lcSpeedGainRight": 0.0943, "car_lcSublane": 0.2699, "car_sigma": 0.4415, "car_tau_mean": 3.5289, "car_tau_std": 5.5828, "car_v_mean": 18.3913, "car_v_std": 12.257}, "datetime": {"datetime": "2024-08-11 19:24:32", "elapsed": 6143.012211, "delta": 5.067993}}
{"target": -0.4296301904008392, "params": {"bus_acc": 2.7402, "bus_dcc": 2.635, "bus_lcAssertive": 2.9539, "bus_lcCooperative": 0.9934, "bus_lcLookaheadLeft": 85.2699, "bus_lcPushy": 0.4204, "bus_lcSigma": 0.2307, "bus_lcSpeedGainRight": 2.8812, "bus_lcSublane": 0.0106, "bus_sigma": 0.0755, "bus_tau_mean": 3.594, "bus_tau_std": 7.2652, "bus_v_mean": 13.4097, "bus_v_std": 9.6091, "car_acc": 3.8551, "car_dcc": 3.6393, "car_lcAssertive": 38.0618, "car_lcCooperative": 0.8134, "car_lcLookaheadLeft": 96.75, "car_lcPushy": 0.55, "car_lcSigma": 0.0609, "car_lcSpeedGainRight": 2.0845, "car_lcSublane": 0.2684, "car_sigma": 0.499, "car_tau_mean": 0.8364, "car_tau_std": 8.0552, "car_v_mean": 9.0823, "car_v_std": 4.1901}, "datetime": {"datetime": "2024-08-11 19:24:39", "elapsed": 6149.638337, "delta": 6.626126}}
{"target": -0.3536239854892083, "params": {"bus_acc": 0.2549, "bus_dcc": 2.85, "bus_lcAssertive": 22.2762, "bus_lcCooperative": 0.3708, "bus_lcLookaheadLeft": 44.4318, "bus_lcPushy": 0.7776, "bus_lcSigma": 0.8522, "bus_lcSpeedGainRight": 4.1272, "bus_lcSublane": 0.854, "bus_sigma": 0.0039, "bus_tau_mean": 2.5044, "bus_tau_std": 8.824, "bus_v_mean": 12.8174, "bus_v_std": 17.5936, "car_acc": 0.9189, "car_dcc": 2.3069, "car_lcAssertive": 8.4167, "car_lcCooperative": 0.879, "car_lcLookaheadLeft": 57.7419, "car_lcPushy": 0.6038, "car_lcSigma": 0.1179, "car_lcSpeedGainRight": 0.4858, "car_lcSublane": 0.5939, "car_sigma": 0.9311, "car_tau_mean": 3.069, "car_tau_std": 7.6555, "car_v_mean": 18.2906, "car_v_std": 17.08}, "datetime": {"datetime": "2024-08-11 19:24:43", "elapsed": 6153.887369, "delta": 4.249032}}
{"target": -0.4452572678946611, "params": {"bus_acc": 0.2465, "bus_dcc": 0.5723, "bus_lcAssertive": 59.8775, "bus_lcCooperative": 0.2495, "bus_lcLookaheadLeft": 84.3285, "bus_lcPushy": 0.8563, "bus_lcSigma": 0.8579, "bus_lcSpeedGainRight": 0.5609, "bus_lcSublane": 0.7157, "bus_sigma": 0.8155, "bus_tau_mean": 1.1964, "bus_tau_std": 0.2019, "bus_v_mean": 11.0258, "bus_v_std": 8.2031, "car_acc": 2.8471, "car_dcc": 1.8995, "car_lcAssertive": 41.6312, "car_lcCooperative": 0.0211, "car_lcLookaheadLeft": 77.9203, "car_lcPushy": 0.2481, "car_lcSigma": 0.5733, "car_lcSpeedGainRight": 1.1278, "car_lcSublane": 0.7424, "car_sigma": 0.9672, "car_tau_mean": 1.2491, "car_tau_std": 6.4228, "car_v_mean": 23.3236, "car_v_std": 6.1959}, "datetime": {"datetime": "2024-08-11 19:24:56", "elapsed": 6167.444253, "delta": 13.556884}}
{"target": -0.20885033439410514, "params": {"bus_acc": 1.4787, "bus_dcc": 3.8263, "bus_lcAssertive": 27.6517, "bus_lcCooperative": 0.0308, "bus_lcLookaheadLeft": 20.7788, "bus_lcPushy": 0.216, "bus_lcSigma": 0.5561, "bus_lcSpeedGainRight": 1.4513, "bus_lcSublane": 0.6091, "bus_sigma": 0.2378, "bus_tau_mean": 1.1178, "bus_tau_std": 6.7767, "bus_v_mean": 9.1655, "bus_v_std": 5.8041, "car_acc": 0.3952, "car_dcc": 2.5011, "car_lcAssertive": 14.0466, "car_lcCooperative": 0.9028, "car_lcLookaheadLeft": 44.2638, "car_lcPushy": 0.8274, "car_lcSigma": 0.0221, "car_lcSpeedGainRight": 2.929, "car_lcSublane": 0.8372, "car_sigma": 0.8147, "car_tau_mean": 2.0975, "car_tau_std": 4.2968, "car_v_mean": 16.9418, "car_v_std": 3.3061}, "datetime": {"datetime": "2024-08-11 19:25:01", "elapsed": 6172.072935, "delta": 4.628682}}
{"target": -0.4727025400920848, "params": {"bus_acc": 2.3241, "bus_dcc": 3.7405, "bus_lcAssertive": 31.5204, "bus_lcCooperative": 0.2411, "bus_lcLookaheadLeft": 57.9289, "bus_lcPushy": 0.1966, "bus_lcSigma": 0.066, "bus_lcSpeedGainRight": 0.2339, "bus_lcSublane": 0.7182, "bus_sigma": 0.8761, "bus_tau_mean": 2.4526, "bus_tau_std": 0.7652, "bus_v_mean": 15.6379, "bus_v_std": 9.6391, "car_acc": 1.3981, "car_dcc": 1.6428, "car_lcAssertive": 50.8825, "car_lcCooperative": 0.1515, "car_lcLookaheadLeft": 81.7769, "car_lcPushy": 0.0161, "car_lcSigma": 0.4897, "car_lcSpeedGainRight": 1.5814, "car_lcSublane": 0.1157, "car_sigma": 0.118, "car_tau_mean": 1.0013, "car_tau_std": 9.3291, "car_v_mean": 16.1863, "car_v_std": 13.0183}, "datetime": {"datetime": "2024-08-11 19:25:08", "elapsed": 6179.314232, "delta": 7.241297}}
{"target": -0.3527654168245564, "params": {"bus_acc": 0.4494, "bus_dcc": 1.589, "bus_lcAssertive": 91.4511, "bus_lcCooperative": 0.6534, "bus_lcLookaheadLeft": 46.7389, "bus_lcPushy": 0.2931, "bus_lcSigma": 0.5057, "bus_lcSpeedGainRight": 4.8698, "bus_lcSublane": 0.9741, "bus_sigma": 0.9411, "bus_tau_mean": 3.4813, "bus_tau_std": 5.4054, "bus_v_mean": 10.3813, "bus_v_std": 11.3488, "car_acc": 2.8604, "car_dcc": 3.4683, "car_lcAssertive": 63.623, "car_lcCooperative": 0.0999, "car_lcLookaheadLeft": 53.6966, "car_lcPushy": 0.1654, "car_lcSigma": 0.4856, "car_lcSpeedGainRight": 3.6097, "car_lcSublane": 0.7202, "car_sigma": 0.7728, "car_tau_mean": 2.6419, "car_tau_std": 3.1638, "car_v_mean": 14.2248, "car_v_std": 1.8388}, "datetime": {"datetime": "2024-08-11 19:25:17", "elapsed": 6188.615787, "delta": 9.301555}}
{"target": -0.35939844423629524, "params": {"bus_acc": 0.7116, "bus_dcc": 2.2208, "bus_lcAssertive": 28.1061, "bus_lcCooperative": 0.2144, "bus_lcLookaheadLeft": 43.038, "bus_lcPushy": 0.782, "bus_lcSigma": 0.267, "bus_lcSpeedGainRight": 1.275, "bus_lcSublane": 0.5091, "bus_sigma": 0.1313, "bus_tau_mean": 2.2253, "bus_tau_std": 7.9909, "bus_v_mean": 12.2957, "bus_v_std": 14.7509, "car_acc": 2.5419, "car_dcc": 2.0294, "car_lcAssertive": 31.6349, "car_lcCooperative": 0.2223, "car_lcLookaheadLeft": 32.7611, "car_lcPushy": 0.3848, "car_lcSigma": 0.9239, "car_lcSpeedGainRight": 0.4217, "car_lcSublane": 0.4324, "car_sigma": 0.4592, "car_tau_mean": 0.5513, "car_tau_std": 0.5385, "car_v_mean": 24.7924, "car_v_std": 11.9539}, "datetime": {"datetime": "2024-08-11 19:25:21", "elapsed": 6192.589347, "delta": 3.97356}}
{"target": -0.41760318157388293, "params": {"bus_acc": 2.9471, "bus_dcc": 0.6413, "bus_lcAssertive": 75.124, "bus_lcCooperative": 0.7719, "bus_lcLookaheadLeft": 47.036, "bus_lcPushy": 0.2163, "bus_lcSigma": 0.8009, "bus_lcSpeedGainRight": 1.9494, "bus_lcSublane": 0.2735, "bus_sigma": 0.8934, "bus_tau_mean": 0.5031, "bus_tau_std": 4.9299, "bus_v_mean": 14.5269, "bus_v_std": 2.1995, "car_acc": 2.8838, "car_dcc": 2.2264, "car_lcAssertive": 47.7588, "car_lcCooperative": 0.4085, "car_lcLookaheadLeft": 13.0172, "car_lcPushy": 0.7549, "car_lcSigma": 0.5282, "car_lcSpeedGainRight": 1.896, "car_lcSublane": 0.4503, "car_sigma": 0.2002, "car_tau_mean": 3.2281, "car_tau_std": 9.556, "car_v_mean": 12.5343, "car_v_std": 17.1193}, "datetime": {"datetime": "2024-08-11 19:25:31", "elapsed": 6202.499296, "delta": 9.909949}}
{"target": -0.46106959306484235, "params": {"bus_acc": 0.3211, "bus_dcc": 1.0002, "bus_lcAssertive": 54.0865, "bus_lcCooperative": 0.8313, "bus_lcLookaheadLeft": 13.5424, "bus_lcPushy": 0.8898, "bus_lcSigma": 0.0353, "bus_lcSpeedGainRight": 4.5832, "bus_lcSublane": 0.645, "bus_sigma": 0.959, "bus_tau_mean": 1.6127, "bus_tau_std": 1.4989, "bus_v_mean": 13.0997, "bus_v_std": 16.5732, "car_acc": 1.9421, "car_dcc": 0.9453, "car_lcAssertive": 57.6624, "car_lcCooperative": 0.0654, "car_lcLookaheadLeft": 11.2385, "car_lcPushy": 0.4094, "car_lcSigma": 0.746, "car_lcSpeedGainRight": 0.9157, "car_lcSublane": 0.9156, "car_sigma": 0.974, "car_tau_mean": 3.2933, "car_tau_std": 9.8997, "car_v_mean": 21.0314, "car_v_std": 5.7617}, "datetime": {"datetime": "2024-08-11 19:25:37", "elapsed": 6208.336986, "delta": 5.83769}}
{"target": -0.43928182288401435, "params": {"bus_acc": 1.6343, "bus_dcc": 0.8826, "bus_lcAssertive": 24.7153, "bus_lcCooperative": 0.4881, "bus_lcLookaheadLeft": 89.6486, "bus_lcPushy": 0.5353, "bus_lcSigma": 0.5897, "bus_lcSpeedGainRight": 1.3443, "bus_lcSublane": 0.6186, "bus_sigma": 0.1102, "bus_tau_mean": 3.6443, "bus_tau_std": 0.5756, "bus_v_mean": 17.4264, "bus_v_std": 18.9563, "car_acc": 3.2545, "car_dcc": 2.0867, "car_lcAssertive": 21.1115, "car_lcCooperative": 0.1712, "car_lcLookaheadLeft": 85.492, "car_lcPushy": 0.5407, "car_lcSigma": 0.7141, "car_lcSpeedGainRight": 0.8524, "car_lcSublane": 0.5363, "car_sigma": 0.884, "car_tau_mean": 0.8623, "car_tau_std": 7.0495, "car_v_mean": 19.1827, "car_v_std": 13.8964}, "datetime": {"datetime": "2024-08-11 19:25:44", "elapsed": 6214.852112, "delta": 6.515126}}
{"target": -0.39218418006495476, "params": {"bus_acc": 1.915, "bus_dcc": 2.8721, "bus_lcAssertive": 54.7477, "bus_lcCooperative": 0.4788, "bus_lcLookaheadLeft": 18.4833, "bus_lcPushy": 0.9237, "bus_lcSigma": 0.28, "bus_lcSpeedGainRight": 3.2613, "bus_lcSublane": 0.9817, "bus_sigma": 0.106, "bus_tau_mean": 1.2669, "bus_tau_std": 5.3366, "bus_v_mean": 11.9121, "bus_v_std": 18.2863, "car_acc": 2.4749, "car_dcc": 2.8819, "car_lcAssertive": 75.0917, "car_lcCooperative": 0.7106, "car_lcLookaheadLeft": 49.9935, "car_lcPushy": 0.3267, "car_lcSigma": 0.791, "car_lcSpeedGainRight": 1.7199, "car_lcSublane": 0.0693, "car_sigma": 0.9313, "car_tau_mean": 0.8501, "car_tau_std": 3.6335, "car_v_mean": 11.8593, "car_v_std": 2.4217}, "datetime": {"datetime": "2024-08-11 19:25:53", "elapsed": 6224.266017, "delta": 9.413905}}
{"target": -0.31529886495950327, "params": {"bus_acc": 3.0198, "bus_dcc": 3.3264, "bus_lcAssertive": 81.5089, "bus_lcCooperative": 0.7245, "bus_lcLookaheadLeft": 83.3337, "bus_lcPushy": 0.0029, "bus_lcSigma": 0.7677, "bus_lcSpeedGainRight": 4.0919, "bus_lcSublane": 0.1204, "bus_sigma": 0.3306, "bus_tau_mean": 0.7254, "bus_tau_std": 9.3526, "bus_v_mean": 8.9808, "bus_v_std": 7.8557, "car_acc": 0.2056, "car_dcc": 2.4799, "car_lcAssertive": 61.7272, "car_lcCooperative": 0.5565, "car_lcLookaheadLeft": 39.2445, "car_lcPushy": 0.7541, "car_lcSigma": 0.9743, "car_lcSpeedGainRight": 4.0331, "car_lcSublane": 0.804, "car_sigma": 0.7475, "car_tau_mean": 1.7101, "car_tau_std": 0.7024, "car_v_mean": 13.7875, "car_v_std": 3.0178}, "datetime": {"datetime": "2024-08-11 19:25:57", "elapsed": 6228.365784, "delta": 4.099767}}
{"target": -0.4102092662765886, "params": {"bus_acc": 3.6319, "bus_dcc": 3.4588, "bus_lcAssertive": 86.2309, "bus_lcCooperative": 0.8951, "bus_lcLookaheadLeft": 87.4068, "bus_lcPushy": 0.5453, "bus_lcSigma": 0.9929, "bus_lcSpeedGainRight": 3.8047, "bus_lcSublane": 0.7722, "bus_sigma": 0.7982, "bus_tau_mean": 2.7808, "bus_tau_std": 3.8411, "bus_v_mean": 10.9117, "bus_v_std": 5.5893, "car_acc": 2.6796, "car_dcc": 1.769, "car_lcAssertive": 35.6631, "car_lcCooperative": 0.3406, "car_lcLookaheadLeft": 62.4586, "car_lcPushy": 0.6593, "car_lcSigma": 0.1147, "car_lcSpeedGainRight": 1.988, "car_lcSublane": 0.9771, "car_sigma": 0.7068, "car_tau_mean": 1.5328, "car_tau_std": 3.7492, "car_v_mean": 13.6843, "car_v_std": 4.818}, "datetime": {"datetime": "2024-08-11 19:26:03", "elapsed": 6233.844177, "delta": 5.478393}}
{"target": -0.43508062314320634, "params": {"bus_acc": 1.2224, "bus_dcc": 2.0883, "bus_lcAssertive": 49.4594, "bus_lcCooperative": 0.9576, "bus_lcLookaheadLeft": 49.4165, "bus_lcPushy": 0.4026, "bus_lcSigma": 0.4022, "bus_lcSpeedGainRight": 3.6222, "bus_lcSublane": 0.4596, "bus_sigma": 0.3624, "bus_tau_mean": 0.6898, "bus_tau_std": 0.3502, "bus_v_mean": 11.7476, "bus_v_std": 12.5324, "car_acc": 1.3639, "car_dcc": 2.0551, "car_lcAssertive": 2.4142, "car_lcCooperative": 0.7851, "car_lcLookaheadLeft": 44.8827, "car_lcPushy": 0.691, "car_lcSigma": 0.4913, "car_lcSpeedGainRight": 3.5804, "car_lcSublane": 0.3975, "car_sigma": 0.9367, "car_tau_mean": 0.9345, "car_tau_std": 7.3134, "car_v_mean": 25.0521, "car_v_std": 6.7884}, "datetime": {"datetime": "2024-08-11 19:26:08", "elapsed": 6238.656724, "delta": 4.812547}}
{"target": -0.42247690437724844, "params": {"bus_acc": 2.052, "bus_dcc": 1.2319, "bus_lcAssertive": 74.6762, "bus_lcCooperative": 0.8979, "bus_lcLookaheadLeft": 75.0104, "bus_lcPushy": 0.3223, "bus_lcSigma": 0.1699, "bus_lcSpeedGainRight": 1.1203, "bus_lcSublane": 0.8961, "bus_sigma": 0.2888, "bus_tau_mean": 3.6067, "bus_tau_std": 2.1213, "bus_v_mean": 14.0135, "bus_v_std": 13.7327, "car_acc": 0.6967, "car_dcc": 2.5593, "car_lcAssertive": 97.4286, "car_lcCooperative": 0.4697, "car_lcLookaheadLeft": 18.4957, "car_lcPushy": 0.675, "car_lcSigma": 0.6232, "car_lcSpeedGainRight": 3.2473, "car_lcSublane": 0.9243, "car_sigma": 0.4735, "car_tau_mean": 2.411, "car_tau_std": 1.0603, "car_v_mean": 10.2628, "car_v_std": 17.1634}, "datetime": {"datetime": "2024-08-11 19:26:16", "elapsed": 6247.417305, "delta": 8.760581}}
{"target": -0.4200161899254791, "params": {"bus_acc": 0.6365, "bus_dcc": 1.1837, "bus_lcAssertive": 31.0087, "bus_lcCooperative": 0.7929, "bus_lcLookaheadLeft": 25.8422, "bus_lcPushy": 0.0051, "bus_lcSigma": 0.8744, "bus_lcSpeedGainRight": 0.6325, "bus_lcSublane": 0.3794, "bus_sigma": 0.2004, "bus_tau_mean": 1.8569, "bus_tau_std": 8.7786, "bus_v_mean": 9.3838, "bus_v_std": 11.3263, "car_acc": 1.1851, "car_dcc": 3.416, "car_lcAssertive": 17.6127, "car_lcCooperative": 0.5491, "car_lcLookaheadLeft": 3.0787, "car_lcPushy": 0.9958, "car_lcSigma": 0.1278, "car_lcSpeedGainRight": 3.2005, "car_lcSublane": 0.0332, "car_sigma": 0.5391, "car_tau_mean": 3.8712, "car_tau_std": 0.4256, "car_v_mean": 21.9143, "car_v_std": 15.7036}, "datetime": {"datetime": "2024-08-11 19:26:25", "elapsed": 6256.407084, "delta": 8.989779}}
{"target": -0.38718321118470617, "params": {"bus_acc": 2.4523, "bus_dcc": 2.2345, "bus_lcAssertive": 24.7281, "bus_lcCooperative": 0.6069, "bus_lcLookaheadLeft": 97.6275, "bus_lcPushy": 0.7081, "bus_lcSigma": 0.6764, "bus_lcSpeedGainRight": 4.3205, "bus_lcSublane": 0.6626, "bus_sigma": 0.9757, "bus_tau_mean": 1.798, "bus_tau_std": 7.9133, "bus_v_mean": 10.815, "bus_v_std": 5.3344, "car_acc": 2.732, "car_dcc": 3.7874, "car_lcAssertive": 90.7788, "car_lcCooperative": 0.8383, "car_lcLookaheadLeft": 24.5661, "car_lcPushy": 0.2939, "car_lcSigma": 0.764, "car_lcSpeedGainRight": 3.6379, "car_lcSublane": 0.0823, "car_sigma": 0.168, "car_tau_mean": 1.2826, "car_tau_std": 4.2647, "car_v_mean": 10.2973, "car_v_std": 12.9669}, "datetime": {"datetime": "2024-08-11 19:26:32", "elapsed": 6263.159181, "delta": 6.752097}}
