{"target": -0.3950948009123718, "params": {"bus_acc": 2.6722, "bus_dcc": 2.6756, "bus_lcAssertive": 6.5382, "bus_lcCooperative": 0.1041, "bus_lcLookaheadLeft": 27.9616, "bus_lcPushy": 0.8075, "bus_lcSigma": 0.6691, "bus_lcSpeedGainRight": 2.5084, "bus_lcSublane": 0.8027, "bus_sigma": 0.8952, "bus_tau_mean": 3.3243, "bus_tau_std": 7.6375, "bus_v_mean": 16.5176, "bus_v_std": 2.8057, "car_acc": 3.4571, "car_dcc": 1.9823, "car_lcAssertive": 80.8909, "car_lcCooperative": 0.4084, "car_lcLookaheadLeft": 37.5695, "car_lcPushy": 0.2818, "car_lcSigma": 0.4123, "car_lcSpeedGainRight": 0.2443, "car_lcSublane": 0.654, "car_sigma": 0.968, "car_tau_mean": 0.9517, "car_tau_std": 3.7399, "car_v_mean": 15.9573, "car_v_std": 19.2538}, "datetime": {"datetime": "2024-08-11 17:49:58", "elapsed": 469.239489, "delta": 1.748408}}
{"target": -0.8505149207995943, "params": {"bus_acc": 2.6949, "bus_dcc": 1.7643, "bus_lcAssertive": 28.7042, "bus_lcCooperative": 0.9401, "bus_lcLookaheadLeft": 4.6204, "bus_lcPushy": 0.1021, "bus_lcSigma": 0.9371, "bus_lcSpeedGainRight": 3.8341, "bus_lcSublane": 0.7023, "bus_sigma": 0.3848, "bus_tau_mean": 1.6059, "bus_tau_std": 0.0002, "bus_v_mean": 15.6673, "bus_v_std": 9.9065, "car_acc": 1.9425, "car_dcc": 0.225, "car_lcAssertive": 82.5038, "car_lcCooperative": 0.4549, "car_lcLookaheadLeft": 69.2862, "car_lcPushy": 0.8764, "car_lcSigma": 0.4769, "car_lcSpeedGainRight": 0.9469, "car_lcSublane": 0.6853, "car_sigma": 0.8673, "car_tau_mean": 1.8259, "car_tau_std": 0.4832, "car_v_mean": 9.3482, "car_v_std": 12.5855}, "datetime": {"datetime": "2024-08-11 17:50:00", "elapsed": 470.929512, "delta": 1.690023}}
{"target": -0.9854739670722266, "params": {"bus_acc": 0.2, "bus_dcc": 4.0, "bus_lcAssertive": 87.365, "bus_lcCooperative": 1.0, "bus_lcLookaheadLeft": 60.9944, "bus_lcPushy": 1.0, "bus_lcSigma": 0.0, "bus_lcSpeedGainRight": 0.0, "bus_lcSublane": 0.0, "bus_sigma": 1.0, "bus_tau_mean": 0.5, "bus_tau_std": 0.0, "bus_v_mean": 8.0, "bus_v_std": 20.0, "car_acc": 4.0, "car_dcc": 0.2, "car_lcAssertive": 55.3133, "car_lcCooperative": 0.0, "car_lcLookaheadLeft": 81.4912, "car_lcPushy": 0.0, "car_lcSigma": 1.0, "car_lcSpeedGainRight": 5.0, "car_lcSublane": 0.0, "car_sigma": 0.0, "car_tau_mean": 0.5, "car_tau_std": 0.0, "car_v_mean": 26.0, "car_v_std": 0.0}, "datetime": {"datetime": "2024-08-11 17:50:02", "elapsed": 473.353596, "delta": 2.424084}}
{"target": -0.43290770827031255, "params": {"bus_acc": 1.5992, "bus_dcc": 2.6845, "bus_lcAssertive": 72.252, "bus_lcCooperative": 0.0131, "bus_lcLookaheadLeft": 26.272, "bus_lcPushy": 0.9972, "bus_lcSigma": 0.7877, "bus_lcSpeedGainRight": 4.427, "bus_lcSublane": 0.9989, "bus_sigma": 0.7705, "bus_tau_mean": 3.3843, "bus_tau_std": 6.5851, "bus_v_mean": 11.5096, "bus_v_std": 16.6373, "car_acc": 0.4054, "car_dcc": 1.2279, "car_lcAssertive": 36.8709, "car_lcCooperative": 0.6658, "car_lcLookaheadLeft": 2.5528, "car_lcPushy": 0.33, "car_lcSigma": 0.1264, "car_lcSpeedGainRight": 2.8065, "car_lcSublane": 0.7837, "car_sigma": 0.1204, "car_tau_mean": 1.3141, "car_tau_std": 9.2583, "car_v_mean": 23.0094, "car_v_std": 4.122}, "datetime": {"datetime": "2024-08-11 17:50:19", "elapsed": 490.301357, "delta": 16.947761}}
{"target": -0.334974815817414, "params": {"bus_acc": 2.1611, "bus_dcc": 1.666, "bus_lcAssertive": 83.3171, "bus_lcCooperative": 0.3851, "bus_lcLookaheadLeft": 93.9802, "bus_lcPushy": 0.3772, "bus_lcSigma": 0.465, "bus_lcSpeedGainRight": 4.7823, "bus_lcSublane": 0.599, "bus_sigma": 0.0506, "bus_tau_mean": 2.6417, "bus_tau_std": 4.5798, "bus_v_mean": 18.5819, "bus_v_std": 5.271, "car_acc": 2.3069, "car_dcc": 3.0969, "car_lcAssertive": 67.9736, "car_lcCooperative": 0.933, "car_lcLookaheadLeft": 14.4028, "car_lcPushy": 0.74, "car_lcSigma": 0.5076, "car_lcSpeedGainRight": 3.3149, "car_lcSublane": 0.4642, "car_sigma": 0.1828, "car_tau_mean": 1.8348, "car_tau_std": 3.7974, "car_v_mean": 16.7561, "car_v_std": 9.0997}, "datetime": {"datetime": "2024-08-11 17:50:27", "elapsed": 498.073668, "delta": 7.772311}}
{"target": -0.6083592043813782, "params": {"bus_acc": 0.8281, "bus_dcc": 0.7631, "bus_lcAssertive": 82.2632, "bus_lcCooperative": 0.3456, "bus_lcLookaheadLeft": 64.2717, "bus_lcPushy": 0.6706, "bus_lcSigma": 0.3383, "bus_lcSpeedGainRight": 3.2337, "bus_lcSublane": 0.8957, "bus_sigma": 0.3371, "bus_tau_mean": 2.3064, "bus_tau_std": 7.6009, "bus_v_mean": 14.8433, "bus_v_std": 14.6952, "car_acc": 2.8215, "car_dcc": 1.3217, "car_lcAssertive": 28.0747, "car_lcCooperative": 0.2076, "car_lcLookaheadLeft": 67.2892, "car_lcPushy": 0.6646, "car_lcSigma": 0.0493, "car_lcSpeedGainRight": 0.7061, "car_lcSublane": 0.7542, "car_sigma": 0.1702, "car_tau_mean": 3.5637, "car_tau_std": 0.5056, "car_v_mean": 23.5397, "car_v_std": 7.1719}, "datetime": {"datetime": "2024-08-11 17:50:29", "elapsed": 499.948134, "delta": 1.874466}}
{"target": -0.38656909940144263, "params": {"bus_acc": 0.2079, "bus_dcc": 1.4261, "bus_lcAssertive": 72.7307, "bus_lcCooperative": 0.8462, "bus_lcLookaheadLeft": 57.6162, "bus_lcPushy": 0.9053, "bus_lcSigma": 0.4988, "bus_lcSpeedGainRight": 1.4137, "bus_lcSublane": 0.6191, "bus_sigma": 0.0235, "bus_tau_mean": 3.7067, "bus_tau_std": 0.0233, "bus_v_mean": 16.6564, "bus_v_std": 14.7029, "car_acc": 1.325, "car_dcc": 3.4888, "car_lcAssertive": 32.6993, "car_lcCooperative": 0.0558, "car_lcLookaheadLeft": 8.3562, "car_lcPushy": 0.8458, "car_lcSigma": 0.4776, "car_lcSpeedGainRight": 0.587, "car_lcSublane": 0.0122, "car_sigma": 0.3738, "car_tau_mean": 1.6675, "car_tau_std": 1.4014, "car_v_mean": 22.1448, "car_v_std": 2.3972}, "datetime": {"datetime": "2024-08-11 17:50:33", "elapsed": 504.203578, "delta": 4.255444}}
{"target": -0.33815337120168065, "params": {"bus_acc": 0.2595, "bus_dcc": 3.7965, "bus_lcAssertive": 21.7654, "bus_lcCooperative": 0.8862, "bus_lcLookaheadLeft": 38.5715, "bus_lcPushy": 0.1295, "bus_lcSigma": 0.316, "bus_lcSpeedGainRight": 4.3524, "bus_lcSublane": 0.4158, "bus_sigma": 0.6309, "bus_tau_mean": 3.2022, "bus_tau_std": 3.6216, "bus_v_mean": 16.4284, "bus_v_std": 16.8476, "car_acc": 2.6851, "car_dcc": 1.8727, "car_lcAssertive": 22.4465, "car_lcCooperative": 0.2285, "car_lcLookaheadLeft": 41.8674, "car_lcPushy": 0.8611, "car_lcSigma": 0.3154, "car_lcSpeedGainRight": 1.1609, "car_lcSublane": 0.7488, "car_sigma": 0.4303, "car_tau_mean": 0.655, "car_tau_std": 2.4577, "car_v_mean": 19.2911, "car_v_std": 5.1994}, "datetime": {"datetime": "2024-08-11 17:50:36", "elapsed": 507.495497, "delta": 3.291919}}
{"target": -0.4356549801284942, "params": {"bus_acc": 2.8451, "bus_dcc": 2.0808, "bus_lcAssertive": 29.1227, "bus_lcCooperative": 0.2436, "bus_lcLookaheadLeft": 18.42, "bus_lcPushy": 0.1799, "bus_lcSigma": 0.4598, "bus_lcSpeedGainRight": 4.0826, "bus_lcSublane": 0.438, "bus_sigma": 0.7954, "bus_tau_mean": 3.4908, "bus_tau_std": 4.1752, "bus_v_mean": 13.7731, "bus_v_std": 18.0914, "car_acc": 2.9495, "car_dcc": 1.572, "car_lcAssertive": 90.5166, "car_lcCooperative": 0.7509, "car_lcLookaheadLeft": 61.4631, "car_lcPushy": 0.4992, "car_lcSigma": 0.4189, "car_lcSpeedGainRight": 0.9716, "car_lcSublane": 0.8175, "car_sigma": 0.6085, "car_tau_mean": 0.5125, "car_tau_std": 6.9902, "car_v_mean": 24.679, "car_v_std": 0.3643}, "datetime": {"datetime": "2024-08-11 17:50:42", "elapsed": 512.892911, "delta": 5.397414}}
{"target": -0.6480436263372453, "params": {"bus_acc": 0.2, "bus_dcc": 0.2, "bus_lcAssertive": 100.0, "bus_lcCooperative": 0.0, "bus_lcLookaheadLeft": 100.0, "bus_lcPushy": 0.0, "bus_lcSigma": 0.0, "bus_lcSpeedGainRight": 5.0, "bus_lcSublane": 0.0, "bus_sigma": 1.0, "bus_tau_mean": 0.5, "bus_tau_std": 0.0, "bus_v_mean": 8.0, "bus_v_std": 20.0, "car_acc": 4.0, "car_dcc": 4.0, "car_lcAssertive": 26.0234, "car_lcCooperative": 0.0, "car_lcLookaheadLeft": 100.0, "car_lcPushy": 0.0, "car_lcSigma": 0.0, "car_lcSpeedGainRight": 5.0, "car_lcSublane": 1.0, "car_sigma": 0.0, "car_tau_mean": 0.5, "car_tau_std": 0.0, "car_v_mean": 8.0, "car_v_std": 0.0}, "datetime": {"datetime": "2024-08-11 17:50:50", "elapsed": 520.904769, "delta": 8.011858}}
{"target": -0.34112142832352416, "params": {"bus_acc": 2.3679, "bus_dcc": 1.1701, "bus_lcAssertive": 47.4422, "bus_lcCooperative": 0.5429, "bus_lcLookaheadLeft": 3.8863, "bus_lcPushy": 0.1745, "bus_lcSigma": 0.3376, "bus_lcSpeedGainRight": 2.2881, "bus_lcSublane": 0.2673, "bus_sigma": 0.7732, "bus_tau_mean": 3.0839, "bus_tau_std": 7.3904, "bus_v_mean": 24.9607, "bus_v_std": 4.3024, "car_acc": 2.9289, "car_dcc": 2.1342, "car_lcAssertive": 73.6144, "car_lcCooperative": 0.313, "car_lcLookaheadLeft": 13.2145, "car_lcPushy": 0.3471, "car_lcSigma": 0.7964, "car_lcSpeedGainRight": 0.7924, "car_lcSublane": 0.606, "car_sigma": 0.0172, "car_tau_mean": 3.2632, "car_tau_std": 2.4818, "car_v_mean": 16.7398, "car_v_std": 8.6607}, "datetime": {"datetime": "2024-08-11 17:50:53", "elapsed": 524.068016, "delta": 3.163247}}
{"target": -0.5276042225983084, "params": {"bus_acc": 1.9995, "bus_dcc": 2.3098, "bus_lcAssertive": 43.7796, "bus_lcCooperative": 0.7309, "bus_lcLookaheadLeft": 66.3641, "bus_lcPushy": 0.3593, "bus_lcSigma": 0.3096, "bus_lcSpeedGainRight": 4.0148, "bus_lcSublane": 0.416, "bus_sigma": 0.5043, "bus_tau_mean": 2.6423, "bus_tau_std": 2.2955, "bus_v_mean": 21.4243, "bus_v_std": 11.6811, "car_acc": 1.5888, "car_dcc": 1.7573, "car_lcAssertive": 33.516, "car_lcCooperative": 0.6901, "car_lcLookaheadLeft": 90.1044, "car_lcPushy": 0.64, "car_lcSigma": 0.7726, "car_lcSpeedGainRight": 2.4863, "car_lcSublane": 0.4178, "car_sigma": 0.7948, "car_tau_mean": 2.3284, "car_tau_std": 9.8672, "car_v_mean": 10.6021, "car_v_std": 4.5178}, "datetime": {"datetime": "2024-08-11 17:50:57", "elapsed": 528.136282, "delta": 4.068266}}
{"target": -0.4345837392715082, "params": {"bus_acc": 3.8703, "bus_dcc": 1.0659, "bus_lcAssertive": 18.1533, "bus_lcCooperative": 0.3453, "bus_lcLookaheadLeft": 9.2607, "bus_lcPushy": 0.5405, "bus_lcSigma": 0.4765, "bus_lcSpeedGainRight": 0.1986, "bus_lcSublane": 0.0567, "bus_sigma": 0.6505, "bus_tau_mean": 2.6035, "bus_tau_std": 3.5264, "bus_v_mean": 16.9337, "bus_v_std": 5.2513, "car_acc": 2.4546, "car_dcc": 1.6748, "car_lcAssertive": 93.9817, "car_lcCooperative": 0.4204, "car_lcLookaheadLeft": 46.009, "car_lcPushy": 0.995, "car_lcSigma": 0.3532, "car_lcSpeedGainRight": 2.4064, "car_lcSublane": 0.5444, "car_sigma": 0.1566, "car_tau_mean": 1.0693, "car_tau_std": 4.577, "car_v_mean": 14.4157, "car_v_std": 12.4068}, "datetime": {"datetime": "2024-08-11 17:50:59", "elapsed": 530.311361, "delta": 2.175079}}
{"target": -0.4941281932805078, "params": {"bus_acc": 0.9955, "bus_dcc": 2.4107, "bus_lcAssertive": 76.4145, "bus_lcCooperative": 0.6893, "bus_lcLookaheadLeft": 28.1165, "bus_lcPushy": 0.1725, "bus_lcSigma": 0.8724, "bus_lcSpeedGainRight": 4.5895, "bus_lcSublane": 0.9898, "bus_sigma": 0.2893, "bus_tau_mean": 3.2942, "bus_tau_std": 4.5772, "bus_v_mean": 11.3543, "bus_v_std": 6.013, "car_acc": 2.2984, "car_dcc": 3.2241, "car_lcAssertive": 14.0229, "car_lcCooperative": 0.2658, "car_lcLookaheadLeft": 9.1485, "car_lcPushy": 0.2168, "car_lcSigma": 0.3415, "car_lcSpeedGainRight": 2.2948, "car_lcSublane": 0.8514, "car_sigma": 0.0022, "car_tau_mean": 2.1275, "car_tau_std": 9.177, "car_v_mean": 13.4947, "car_v_std": 4.8124}, "datetime": {"datetime": "2024-08-11 17:51:03", "elapsed": 534.265614, "delta": 3.954253}}
{"target": -0.390871678294426, "params": {"bus_acc": 3.4934, "bus_dcc": 2.0671, "bus_lcAssertive": 94.6629, "bus_lcCooperative": 0.312, "bus_lcLookaheadLeft": 67.4846, "bus_lcPushy": 0.1745, "bus_lcSigma": 0.4397, "bus_lcSpeedGainRight": 3.385, "bus_lcSublane": 0.5549, "bus_sigma": 0.7325, "bus_tau_mean": 2.4615, "bus_tau_std": 7.0991, "bus_v_mean": 16.9979, "bus_v_std": 8.6303, "car_acc": 2.3962, "car_dcc": 3.4721, "car_lcAssertive": 35.5371, "car_lcCooperative": 0.6478, "car_lcLookaheadLeft": 93.2428, "car_lcPushy": 0.1039, "car_lcSigma": 0.4316, "car_lcSpeedGainRight": 3.5432, "car_lcSublane": 0.2987, "car_sigma": 0.5979, "car_tau_mean": 3.5469, "car_tau_std": 4.28, "car_v_mean": 22.576, "car_v_std": 5.1042}, "datetime": {"datetime": "2024-08-11 17:51:08", "elapsed": 539.159256, "delta": 4.893642}}
{"target": -0.4190192979619754, "params": {"bus_acc": 1.5614, "bus_dcc": 1.593, "bus_lcAssertive": 80.7544, "bus_lcCooperative": 0.3632, "bus_lcLookaheadLeft": 56.0297, "bus_lcPushy": 0.0549, "bus_lcSigma": 0.6557, "bus_lcSpeedGainRight": 3.529, "bus_lcSublane": 0.8415, "bus_sigma": 0.1541, "bus_tau_mean": 3.1975, "bus_tau_std": 5.2758, "bus_v_mean": 21.0322, "bus_v_std": 16.5741, "car_acc": 1.7205, "car_dcc": 2.937, "car_lcAssertive": 20.8391, "car_lcCooperative": 0.9677, "car_lcLookaheadLeft": 73.6842, "car_lcPushy": 0.212, "car_lcSigma": 0.036, "car_lcSpeedGainRight": 1.0469, "car_lcSublane": 0.496, "car_sigma": 0.7235, "car_tau_mean": 1.5951, "car_tau_std": 6.5473, "car_v_mean": 18.5347, "car_v_std": 11.799}, "datetime": {"datetime": "2024-08-11 17:51:11", "elapsed": 542.218159, "delta": 3.058903}}
{"target": -0.44057298312357807, "params": {"bus_acc": 3.6727, "bus_dcc": 2.6307, "bus_lcAssertive": 69.221, "bus_lcCooperative": 0.3746, "bus_lcLookaheadLeft": 56.6281, "bus_lcPushy": 0.8693, "bus_lcSigma": 0.8785, "bus_lcSpeedGainRight": 0.1449, "bus_lcSublane": 0.0776, "bus_sigma": 0.7555, "bus_tau_mean": 1.1213, "bus_tau_std": 9.2553, "bus_v_mean": 9.8675, "bus_v_std": 15.9572, "car_acc": 2.3068, "car_dcc": 0.895, "car_lcAssertive": 68.2558, "car_lcCooperative": 0.6, "car_lcLookaheadLeft": 94.5021, "car_lcPushy": 0.0421, "car_lcSigma": 0.8828, "car_lcSpeedGainRight": 1.7977, "car_lcSublane": 0.5412, "car_sigma": 0.2387, "car_tau_mean": 2.2145, "car_tau_std": 7.5348, "car_v_mean": 11.6335, "car_v_std": 12.8975}, "datetime": {"datetime": "2024-08-11 17:51:14", "elapsed": 545.010376, "delta": 2.792217}}
{"target": -0.5209492199070157, "params": {"bus_acc": 0.4513, "bus_dcc": 1.6686, "bus_lcAssertive": 80.4503, "bus_lcCooperative": 0.6809, "bus_lcLookaheadLeft": 66.5406, "bus_lcPushy": 0.4446, "bus_lcSigma": 0.1191, "bus_lcSpeedGainRight": 1.3118, "bus_lcSublane": 0.1032, "bus_sigma": 0.4455, "bus_tau_mean": 1.825, "bus_tau_std": 8.9024, "bus_v_mean": 23.6865, "bus_v_std": 15.3861, "car_acc": 1.8118, "car_dcc": 3.7463, "car_lcAssertive": 27.361, "car_lcCooperative": 0.9466, "car_lcLookaheadLeft": 68.0383, "car_lcPushy": 0.9346, "car_lcSigma": 0.6165, "car_lcSpeedGainRight": 0.0131, "car_lcSublane": 0.1474, "car_sigma": 0.7758, "car_tau_mean": 3.5771, "car_tau_std": 4.0963, "car_v_mean": 22.5022, "car_v_std": 0.2305}, "datetime": {"datetime": "2024-08-11 17:51:16", "elapsed": 547.457327, "delta": 2.446951}}
{"target": -0.3948426927400159, "params": {"bus_acc": 0.5288, "bus_dcc": 1.0726, "bus_lcAssertive": 95.532, "bus_lcCooperative": 0.9789, "bus_lcLookaheadLeft": 57.3103, "bus_lcPushy": 0.9375, "bus_lcSigma": 0.1354, "bus_lcSpeedGainRight": 2.6103, "bus_lcSublane": 0.6191, "bus_sigma": 0.0743, "bus_tau_mean": 0.6779, "bus_tau_std": 7.1125, "bus_v_mean": 17.1573, "bus_v_std": 0.6295, "car_acc": 3.2378, "car_dcc": 2.7471, "car_lcAssertive": 60.8484, "car_lcCooperative": 0.0337, "car_lcLookaheadLeft": 97.1974, "car_lcPushy": 0.9621, "car_lcSigma": 0.3937, "car_lcSpeedGainRight": 2.5225, "car_lcSublane": 0.4896, "car_sigma": 0.03, "car_tau_mean": 2.309, "car_tau_std": 3.1543, "car_v_mean": 18.7913, "car_v_std": 2.0533}, "datetime": {"datetime": "2024-08-11 17:51:19", "elapsed": 549.971974, "delta": 2.514647}}
{"target": -0.24727925264741926, "params": {"bus_acc": 1.2315, "bus_dcc": 3.6101, "bus_lcAssertive": 43.3868, "bus_lcCooperative": 0.9695, "bus_lcLookaheadLeft": 67.0231, "bus_lcPushy": 0.6273, "bus_lcSigma": 0.1205, "bus_lcSpeedGainRight": 4.7527, "bus_lcSublane": 0.4557, "bus_sigma": 0.5841, "bus_tau_mean": 1.9343, "bus_tau_std": 2.3761, "bus_v_mean": 24.2666, "bus_v_std": 11.4794, "car_acc": 0.2167, "car_dcc": 2.5509, "car_lcAssertive": 33.3436, "car_lcCooperative": 0.5329, "car_lcLookaheadLeft": 88.8281, "car_lcPushy": 0.3631, "car_lcSigma": 0.9133, "car_lcSpeedGainRight": 3.1226, "car_lcSublane": 0.0216, "car_sigma": 0.9342, "car_tau_mean": 2.9239, "car_tau_std": 9.9778, "car_v_mean": 11.1079, "car_v_std": 2.7485}, "datetime": {"datetime": "2024-08-11 17:51:22", "elapsed": 553.149477, "delta": 3.177503}}
{"target": -0.3596958685602058, "params": {"bus_acc": 1.5609, "bus_dcc": 3.0598, "bus_lcAssertive": 96.2275, "bus_lcCooperative": 0.1059, "bus_lcLookaheadLeft": 28.9918, "bus_lcPushy": 0.9758, "bus_lcSigma": 0.8144, "bus_lcSpeedGainRight": 3.6432, "bus_lcSublane": 0.8146, "bus_sigma": 0.762, "bus_tau_mean": 2.4645, "bus_tau_std": 4.9116, "bus_v_mean": 16.5309, "bus_v_std": 16.6794, "car_acc": 1.439, "car_dcc": 1.9625, "car_lcAssertive": 60.4638, "car_lcCooperative": 0.6043, "car_lcLookaheadLeft": 71.9409, "car_lcPushy": 0.6785, "car_lcSigma": 0.5885, "car_lcSpeedGainRight": 1.1437, "car_lcSublane": 0.366, "car_sigma": 0.8527, "car_tau_mean": 2.5736, "car_tau_std": 5.0852, "car_v_mean": 14.246, "car_v_std": 10.9662}, "datetime": {"datetime": "2024-08-11 17:51:25", "elapsed": 555.638476, "delta": 2.488999}}
{"target": -0.4975707000392123, "params": {"bus_acc": 3.1791, "bus_dcc": 3.0898, "bus_lcAssertive": 25.4912, "bus_lcCooperative": 0.2983, "bus_lcLookaheadLeft": 85.4538, "bus_lcPushy": 0.4073, "bus_lcSigma": 0.1484, "bus_lcSpeedGainRight": 0.6144, "bus_lcSublane": 0.4812, "bus_sigma": 0.5983, "bus_tau_mean": 3.9325, "bus_tau_std": 1.7506, "bus_v_mean": 16.1475, "bus_v_std": 5.5185, "car_acc": 2.0404, "car_dcc": 1.844, "car_lcAssertive": 61.9928, "car_lcCooperative": 0.5307, "car_lcLookaheadLeft": 24.811, "car_lcPushy": 0.6433, "car_lcSigma": 0.3767, "car_lcSpeedGainRight": 4.9286, "car_lcSublane": 0.1169, "car_sigma": 0.8566, "car_tau_mean": 2.6605, "car_tau_std": 3.3774, "car_v_mean": 8.3043, "car_v_std": 4.2006}, "datetime": {"datetime": "2024-08-11 17:51:29", "elapsed": 560.261998, "delta": 4.623522}}
{"target": -0.35786289197659843, "params": {"bus_acc": 0.2414, "bus_dcc": 0.7268, "bus_lcAssertive": 74.6367, "bus_lcCooperative": 0.1634, "bus_lcLookaheadLeft": 81.1971, "bus_lcPushy": 0.4938, "bus_lcSigma": 0.8613, "bus_lcSpeedGainRight": 1.8922, "bus_lcSublane": 0.0174, "bus_sigma": 0.2538, "bus_tau_mean": 0.6094, "bus_tau_std": 1.1869, "bus_v_mean": 21.999, "bus_v_std": 13.0276, "car_acc": 1.8427, "car_dcc": 1.659, "car_lcAssertive": 70.3738, "car_lcCooperative": 0.6462, "car_lcLookaheadLeft": 75.8626, "car_lcPushy": 0.9345, "car_lcSigma": 0.5123, "car_lcSpeedGainRight": 2.4569, "car_lcSublane": 0.8878, "car_sigma": 0.8269, "car_tau_mean": 2.5697, "car_tau_std": 6.8198, "car_v_mean": 24.7655, "car_v_std": 16.0248}, "datetime": {"datetime": "2024-08-11 17:51:34", "elapsed": 564.935322, "delta": 4.673324}}
{"target": -0.2437001885573997, "params": {"bus_acc": 1.2297, "bus_dcc": 3.6083, "bus_lcAssertive": 43.385, "bus_lcCooperative": 0.9688, "bus_lcLookaheadLeft": 67.0212, "bus_lcPushy": 0.6256, "bus_lcSigma": 0.1187, "bus_lcSpeedGainRight": 4.7514, "bus_lcSublane": 0.4539, "bus_sigma": 0.5823, "bus_tau_mean": 1.9324, "bus_tau_std": 2.3742, "bus_v_mean": 24.2648, "bus_v_std": 11.4775, "car_acc": 0.2148, "car_dcc": 2.5491, "car_lcAssertive": 33.3418, "car_lcCooperative": 0.531, "car_lcLookaheadLeft": 88.8263, "car_lcPushy": 0.3612, "car_lcSigma": 0.9125, "car_lcSpeedGainRight": 3.1207, "car_lcSublane": 0.0198, "car_sigma": 0.9334, "car_tau_mean": 2.9221, "car_tau_std": 9.9772, "car_v_mean": 11.1061, "car_v_std": 2.7467}, "datetime": {"datetime": "2024-08-11 17:51:40", "elapsed": 571.433625, "delta": 6.498303}}
{"target": -0.4155708819467924, "params": {"bus_acc": 2.3277, "bus_dcc": 2.6583, "bus_lcAssertive": 65.3487, "bus_lcCooperative": 0.2454, "bus_lcLookaheadLeft": 34.2382, "bus_lcPushy": 0.3355, "bus_lcSigma": 0.2497, "bus_lcSpeedGainRight": 1.6489, "bus_lcSublane": 0.6659, "bus_sigma": 0.8059, "bus_tau_mean": 1.8955, "bus_tau_std": 3.0363, "bus_v_mean": 16.4737, "bus_v_std": 6.5788, "car_acc": 3.225, "car_dcc": 1.9842, "car_lcAssertive": 71.5539, "car_lcCooperative": 0.0928, "car_lcLookaheadLeft": 43.4167, "car_lcPushy": 0.79, "car_lcSigma": 0.6158, "car_lcSpeedGainRight": 2.9882, "car_lcSublane": 0.6562, "car_sigma": 0.0006, "car_tau_mean": 3.2246, "car_tau_std": 9.0006, "car_v_mean": 13.4214, "car_v_std": 13.7772}, "datetime": {"datetime": "2024-08-11 17:51:42", "elapsed": 573.528321, "delta": 2.094696}}
{"target": -0.2889187256618808, "params": {"bus_acc": 1.4659, "bus_dcc": 3.1152, "bus_lcAssertive": 83.384, "bus_lcCooperative": 0.8249, "bus_lcLookaheadLeft": 17.0386, "bus_lcPushy": 0.1207, "bus_lcSigma": 0.3881, "bus_lcSpeedGainRight": 2.5867, "bus_lcSublane": 0.2254, "bus_sigma": 0.6195, "bus_tau_mean": 3.2918, "bus_tau_std": 0.5813, "bus_v_mean": 22.2202, "bus_v_std": 5.584, "car_acc": 0.6381, "car_dcc": 1.5376, "car_lcAssertive": 12.1187, "car_lcCooperative": 0.3171, "car_lcLookaheadLeft": 96.7043, "car_lcPushy": 0.4861, "car_lcSigma": 0.4781, "car_lcSpeedGainRight": 2.5573, "car_lcSublane": 0.1996, "car_sigma": 0.4959, "car_tau_mean": 0.5596, "car_tau_std": 7.5601, "car_v_mean": 24.7545, "car_v_std": 5.6273}, "datetime": {"datetime": "2024-08-11 17:51:47", "elapsed": 577.718264, "delta": 4.189943}}
{"target": -0.44392189964030265, "params": {"bus_acc": 1.521, "bus_dcc": 2.1904, "bus_lcAssertive": 62.8099, "bus_lcCooperative": 0.9155, "bus_lcLookaheadLeft": 62.6596, "bus_lcPushy": 0.3527, "bus_lcSigma": 0.5263, "bus_lcSpeedGainRight": 4.5091, "bus_lcSublane": 0.4695, "bus_sigma": 0.3856, "bus_tau_mean": 2.8866, "bus_tau_std": 6.5432, "bus_v_mean": 8.3577, "bus_v_std": 17.7891, "car_acc": 2.2295, "car_dcc": 1.8607, "car_lcAssertive": 36.3518, "car_lcCooperative": 0.3274, "car_lcLookaheadLeft": 16.6041, "car_lcPushy": 0.3925, "car_lcSigma": 0.9898, "car_lcSpeedGainRight": 4.041, "car_lcSublane": 0.86, "car_sigma": 0.5926, "car_tau_mean": 1.8564, "car_tau_std": 9.8649, "car_v_mean": 10.647, "car_v_std": 15.0377}, "datetime": {"datetime": "2024-08-11 17:51:49", "elapsed": 580.102401, "delta": 2.384137}}
