{"target": -0.4643611140430042, "params": {"bus_acc": 1.4642, "bus_dcc": 3.1007, "bus_lcAssertive": 58.1679, "bus_lcCooperative": 0.8265, "bus_lcLookaheadLeft": 36.0188, "bus_lcPushy": 0.8295, "bus_lcSigma": 0.5382, "bus_lcSpeedGainRight": 4.073, "bus_lcSublane": 0.8486, "bus_sigma": 0.059, "bus_tau_mean": 3.8653, "bus_tau_std": 9.2127, "bus_v_mean": 12.5838, "bus_v_std": 13.1621, "car_acc": 2.1323, "car_dcc": 0.2977, "car_lcAssertive": 59.9602, "car_lcCooperative": 0.2146, "car_lcLookaheadLeft": 68.9392, "car_lcPushy": 0.3622, "car_lcSigma": 0.9275, "car_lcSpeedGainRight": 2.3804, "car_lcSublane": 0.4807, "car_sigma": 0.0703, "car_tau_mean": 2.9921, "car_tau_std": 5.647, "car_v_mean": 18.1976, "car_v_std": 9.4543}, "datetime": {"datetime": "2024-08-11 18:41:27", "elapsed": 3558.379401, "delta": 3.442085}}
{"target": -0.17698855892939624, "params": {"bus_acc": 0.4224, "bus_dcc": 2.0941, "bus_lcAssertive": 1.6433, "bus_lcCooperative": 0.7384, "bus_lcLookaheadLeft": 65.289, "bus_lcPushy": 0.2562, "bus_lcSigma": 0.4203, "bus_lcSpeedGainRight": 3.0681, "bus_lcSublane": 0.3991, "bus_sigma": 0.2743, "bus_tau_mean": 3.11, "bus_tau_std": 4.6576, "bus_v_mean": 10.0577, "bus_v_std": 18.2743, "car_acc": 0.2375, "car_dcc": 1.939, "car_lcAssertive": 72.0911, "car_lcCooperative": 0.0505, "car_lcLookaheadLeft": 72.9086, "car_lcPushy": 0.2642, "car_lcSigma": 0.8822, "car_lcSpeedGainRight": 0.9313, "car_lcSublane": 0.0491, "car_sigma": 0.3127, "car_tau_mean": 2.8084, "car_tau_std": 7.1349, "car_v_mean": 10.4806, "car_v_std": 11.3317}, "datetime": {"datetime": "2024-08-11 18:41:32", "elapsed": 3562.851873, "delta": 4.472472}}
{"target": -0.5774341820760366, "params": {"bus_acc": 2.4867, "bus_dcc": 2.8013, "bus_lcAssertive": 72.6424, "bus_lcCooperative": 0.3933, "bus_lcLookaheadLeft": 90.2084, "bus_lcPushy": 0.1374, "bus_lcSigma": 0.1735, "bus_lcSpeedGainRight": 0.2732, "bus_lcSublane": 0.4939, "bus_sigma": 0.7051, "bus_tau_mean": 1.4392, "bus_tau_std": 9.714, "bus_v_mean": 11.9003, "bus_v_std": 13.8668, "car_acc": 1.582, "car_dcc": 0.4562, "car_lcAssertive": 48.3231, "car_lcCooperative": 0.4879, "car_lcLookaheadLeft": 44.1204, "car_lcPushy": 0.4035, "car_lcSigma": 0.6139, "car_lcSpeedGainRight": 2.3009, "car_lcSublane": 0.7152, "car_sigma": 0.6772, "car_tau_mean": 1.646, "car_tau_std": 2.8214, "car_v_mean": 13.2476, "car_v_std": 9.4707}, "datetime": {"datetime": "2024-08-11 18:41:35", "elapsed": 3565.824435, "delta": 2.972562}}
{"target": -0.3755238560380339, "params": {"bus_acc": 2.9889, "bus_dcc": 0.6573, "bus_lcAssertive": 15.703, "bus_lcCooperative": 0.6833, "bus_lcLookaheadLeft": 17.6853, "bus_lcPushy": 0.8171, "bus_lcSigma": 0.1114, "bus_lcSpeedGainRight": 1.9209, "bus_lcSublane": 0.3312, "bus_sigma": 0.9231, "bus_tau_mean": 1.7991, "bus_tau_std": 7.0853, "bus_v_mean": 24.3344, "bus_v_std": 12.833, "car_acc": 2.852, "car_dcc": 1.2706, "car_lcAssertive": 66.9196, "car_lcCooperative": 0.7422, "car_lcLookaheadLeft": 51.1901, "car_lcPushy": 0.8017, "car_lcSigma": 0.4671, "car_lcSpeedGainRight": 1.3849, "car_lcSublane": 0.7074, "car_sigma": 0.987, "car_tau_mean": 0.5831, "car_tau_std": 4.0115, "car_v_mean": 19.0895, "car_v_std": 2.5968}, "datetime": {"datetime": "2024-08-11 18:41:39", "elapsed": 3570.519232, "delta": 4.694797}}
{"target": -0.30254510903693715, "params": {"bus_acc": 2.155, "bus_dcc": 1.068, "bus_lcAssertive": 52.5096, "bus_lcCooperative": 0.0065, "bus_lcLookaheadLeft": 68.091, "bus_lcPushy": 0.489, "bus_lcSigma": 0.6745, "bus_lcSpeedGainRight": 0.4184, "bus_lcSublane": 0.4712, "bus_sigma": 0.4034, "bus_tau_mean": 3.3538, "bus_tau_std": 6.6824, "bus_v_mean": 14.1593, "bus_v_std": 7.6191, "car_acc": 0.7506, "car_dcc": 3.7626, "car_lcAssertive": 52.2598, "car_lcCooperative": 0.7717, "car_lcLookaheadLeft": 68.08, "car_lcPushy": 0.6477, "car_lcSigma": 0.6043, "car_lcSpeedGainRight": 4.7333, "car_lcSublane": 0.5708, "car_sigma": 0.745, "car_tau_mean": 1.1714, "car_tau_std": 7.6586, "car_v_mean": 17.6859, "car_v_std": 6.2687}, "datetime": {"datetime": "2024-08-11 18:41:43", "elapsed": 3574.320903, "delta": 3.801671}}
{"target": -0.39258328082604504, "params": {"bus_acc": 2.9642, "bus_dcc": 3.3896, "bus_lcAssertive": 64.1237, "bus_lcCooperative": 0.7942, "bus_lcLookaheadLeft": 32.2566, "bus_lcPushy": 0.0933, "bus_lcSigma": 0.3921, "bus_lcSpeedGainRight": 0.3656, "bus_lcSublane": 0.1631, "bus_sigma": 0.7725, "bus_tau_mean": 1.6737, "bus_tau_std": 8.161, "bus_v_mean": 17.9157, "bus_v_std": 10.8525, "car_acc": 3.9021, "car_dcc": 2.7265, "car_lcAssertive": 87.0414, "car_lcCooperative": 0.4622, "car_lcLookaheadLeft": 88.5366, "car_lcPushy": 0.4455, "car_lcSigma": 0.2187, "car_lcSpeedGainRight": 2.1676, "car_lcSublane": 0.8282, "car_sigma": 0.7424, "car_tau_mean": 2.401, "car_tau_std": 5.3383, "car_v_mean": 10.919, "car_v_std": 17.7443}, "datetime": {"datetime": "2024-08-11 18:41:47", "elapsed": 3578.336694, "delta": 4.015791}}
{"target": -0.197075968993793, "params": {"bus_acc": 3.3985, "bus_dcc": 0.7807, "bus_lcAssertive": 25.1097, "bus_lcCooperative": 0.663, "bus_lcLookaheadLeft": 26.3754, "bus_lcPushy": 0.0425, "bus_lcSigma": 0.4905, "bus_lcSpeedGainRight": 2.0191, "bus_lcSublane": 0.1711, "bus_sigma": 0.4509, "bus_tau_mean": 3.56, "bus_tau_std": 6.1355, "bus_v_mean": 24.8918, "bus_v_std": 3.3166, "car_acc": 0.3381, "car_dcc": 2.3703, "car_lcAssertive": 29.7258, "car_lcCooperative": 0.6703, "car_lcLookaheadLeft": 54.8496, "car_lcPushy": 0.6587, "car_lcSigma": 0.9419, "car_lcSpeedGainRight": 2.7071, "car_lcSublane": 0.5278, "car_sigma": 0.4247, "car_tau_mean": 1.7539, "car_tau_std": 9.6455, "car_v_mean": 19.898, "car_v_std": 4.2132}, "datetime": {"datetime": "2024-08-11 18:41:51", "elapsed": 3582.013335, "delta": 3.676641}}
{"target": -0.5055744839225964, "params": {"bus_acc": 0.8857, "bus_dcc": 2.082, "bus_lcAssertive": 69.7278, "bus_lcCooperative": 0.9703, "bus_lcLookaheadLeft": 20.5975, "bus_lcPushy": 0.4163, "bus_lcSigma": 0.5782, "bus_lcSpeedGainRight": 2.1908, "bus_lcSublane": 0.7807, "bus_sigma": 0.2793, "bus_tau_mean": 2.5635, "bus_tau_std": 4.6426, "bus_v_mean": 21.278, "bus_v_std": 19.1071, "car_acc": 2.8365, "car_dcc": 1.8235, "car_lcAssertive": 1.9904, "car_lcCooperative": 0.3091, "car_lcLookaheadLeft": 54.4871, "car_lcPushy": 0.8293, "car_lcSigma": 0.369, "car_lcSpeedGainRight": 2.5107, "car_lcSublane": 0.5251, "car_sigma": 0.0343, "car_tau_mean": 3.4748, "car_tau_std": 1.7078, "car_v_mean": 22.4605, "car_v_std": 1.2429}, "datetime": {"datetime": "2024-08-11 18:41:55", "elapsed": 3585.756901, "delta": 3.743566}}
{"target": -0.4957553979817197, "params": {"bus_acc": 3.8027, "bus_dcc": 1.2399, "bus_lcAssertive": 85.5741, "bus_lcCooperative": 0.9257, "bus_lcLookaheadLeft": 25.5149, "bus_lcPushy": 0.233, "bus_lcSigma": 0.6623, "bus_lcSpeedGainRight": 2.7523, "bus_lcSublane": 0.3056, "bus_sigma": 0.108, "bus_tau_mean": 2.9778, "bus_tau_std": 6.7822, "bus_v_mean": 16.2311, "bus_v_std": 5.5615, "car_acc": 1.9168, "car_dcc": 1.5643, "car_lcAssertive": 49.0984, "car_lcCooperative": 0.481, "car_lcLookaheadLeft": 25.7569, "car_lcPushy": 0.2595, "car_lcSigma": 0.5642, "car_lcSpeedGainRight": 0.4685, "car_lcSublane": 0.9699, "car_sigma": 0.1795, "car_tau_mean": 3.5934, "car_tau_std": 4.5878, "car_v_mean": 19.5634, "car_v_std": 0.8338}, "datetime": {"datetime": "2024-08-11 18:42:00", "elapsed": 3591.611776, "delta": 5.854875}}
{"target": -0.32169018484033585, "params": {"bus_acc": 3.8361, "bus_dcc": 1.7484, "bus_lcAssertive": 76.9145, "bus_lcCooperative": 0.5195, "bus_lcLookaheadLeft": 96.1898, "bus_lcPushy": 0.7253, "bus_lcSigma": 0.5387, "bus_lcSpeedGainRight": 4.7821, "bus_lcSublane": 0.5553, "bus_sigma": 0.809, "bus_tau_mean": 3.1629, "bus_tau_std": 6.5228, "bus_v_mean": 17.4806, "bus_v_std": 4.2062, "car_acc": 1.1273, "car_dcc": 2.3684, "car_lcAssertive": 89.9068, "car_lcCooperative": 0.0143, "car_lcLookaheadLeft": 61.5852, "car_lcPushy": 0.9428, "car_lcSigma": 0.6849, "car_lcSpeedGainRight": 4.9272, "car_lcSublane": 0.4463, "car_sigma": 0.1008, "car_tau_mean": 2.2058, "car_tau_std": 8.9416, "car_v_mean": 18.5775, "car_v_std": 16.0474}, "datetime": {"datetime": "2024-08-11 18:42:04", "elapsed": 3595.244113, "delta": 3.632337}}
{"target": -0.45822602909489024, "params": {"bus_acc": 2.6176, "bus_dcc": 0.3259, "bus_lcAssertive": 53.9914, "bus_lcCooperative": 0.2695, "bus_lcLookaheadLeft": 11.878, "bus_lcPushy": 0.5247, "bus_lcSigma": 0.3979, "bus_lcSpeedGainRight": 3.8444, "bus_lcSublane": 0.2872, "bus_sigma": 0.0381, "bus_tau_mean": 2.2569, "bus_tau_std": 4.7588, "bus_v_mean": 9.8321, "bus_v_std": 0.5438, "car_acc": 1.86, "car_dcc": 2.6328, "car_lcAssertive": 54.3564, "car_lcCooperative": 0.1001, "car_lcLookaheadLeft": 75.3933, "car_lcPushy": 0.7772, "car_lcSigma": 0.0306, "car_lcSpeedGainRight": 0.7623, "car_lcSublane": 0.6324, "car_sigma": 0.2591, "car_tau_mean": 2.1205, "car_tau_std": 3.5764, "car_v_mean": 13.1871, "car_v_std": 6.0286}, "datetime": {"datetime": "2024-08-11 18:42:12", "elapsed": 3603.61503, "delta": 8.370917}}
{"target": -0.3831359078296936, "params": {"bus_acc": 1.7945, "bus_dcc": 2.0422, "bus_lcAssertive": 29.6927, "bus_lcCooperative": 0.8989, "bus_lcLookaheadLeft": 84.2667, "bus_lcPushy": 0.907, "bus_lcSigma": 0.3236, "bus_lcSpeedGainRight": 4.5269, "bus_lcSublane": 0.43, "bus_sigma": 0.0376, "bus_tau_mean": 2.8662, "bus_tau_std": 3.8658, "bus_v_mean": 8.41, "bus_v_std": 1.1129, "car_acc": 3.1254, "car_dcc": 3.1459, "car_lcAssertive": 82.9434, "car_lcCooperative": 0.9853, "car_lcLookaheadLeft": 73.3041, "car_lcPushy": 0.1506, "car_lcSigma": 0.7873, "car_lcSpeedGainRight": 2.6942, "car_lcSublane": 0.4386, "car_sigma": 0.2625, "car_tau_mean": 2.7342, "car_tau_std": 6.5305, "car_v_mean": 14.6508, "car_v_std": 5.4206}, "datetime": {"datetime": "2024-08-11 18:42:17", "elapsed": 3608.173939, "delta": 4.558909}}
{"target": -0.40164689408752635, "params": {"bus_acc": 1.4509, "bus_dcc": 0.3957, "bus_lcAssertive": 96.3453, "bus_lcCooperative": 0.197, "bus_lcLookaheadLeft": 38.1828, "bus_lcPushy": 0.9347, "bus_lcSigma": 0.0619, "bus_lcSpeedGainRight": 4.8996, "bus_lcSublane": 0.7059, "bus_sigma": 0.0838, "bus_tau_mean": 1.8373, "bus_tau_std": 0.2924, "bus_v_mean": 24.8997, "bus_v_std": 9.403, "car_acc": 2.564, "car_dcc": 0.5459, "car_lcAssertive": 50.5593, "car_lcCooperative": 0.5919, "car_lcLookaheadLeft": 84.421, "car_lcPushy": 0.6514, "car_lcSigma": 0.8402, "car_lcSpeedGainRight": 1.8435, "car_lcSublane": 0.0908, "car_sigma": 0.4589, "car_tau_mean": 0.6286, "car_tau_std": 3.3916, "car_v_mean": 22.205, "car_v_std": 12.3338}, "datetime": {"datetime": "2024-08-11 18:42:20", "elapsed": 3611.303779, "delta": 3.12984}}
{"target": -0.49646542762108825, "params": {"bus_acc": 3.5128, "bus_dcc": 0.8937, "bus_lcAssertive": 13.9938, "bus_lcCooperative": 0.8535, "bus_lcLookaheadLeft": 48.8266, "bus_lcPushy": 0.9813, "bus_lcSigma": 0.9467, "bus_lcSpeedGainRight": 2.8432, "bus_lcSublane": 0.2073, "bus_sigma": 0.5932, "bus_tau_mean": 1.2911, "bus_tau_std": 6.1546, "bus_v_mean": 13.6933, "bus_v_std": 8.4076, "car_acc": 1.7667, "car_dcc": 2.0425, "car_lcAssertive": 38.3893, "car_lcCooperative": 0.2629, "car_lcLookaheadLeft": 18.1435, "car_lcPushy": 0.48, "car_lcSigma": 0.348, "car_lcSpeedGainRight": 4.5941, "car_lcSublane": 0.5417, "car_sigma": 0.2047, "car_tau_mean": 0.6197, "car_tau_std": 6.2406, "car_v_mean": 16.5166, "car_v_std": 0.3525}, "datetime": {"datetime": "2024-08-11 18:42:24", "elapsed": 3615.306895, "delta": 4.003116}}
{"target": -0.17258521983159825, "params": {"bus_acc": 2.0076, "bus_dcc": 0.8903, "bus_lcAssertive": 71.3241, "bus_lcCooperative": 0.6103, "bus_lcLookaheadLeft": 40.1927, "bus_lcPushy": 0.6409, "bus_lcSigma": 0.0056, "bus_lcSpeedGainRight": 2.0223, "bus_lcSublane": 0.8973, "bus_sigma": 0.69, "bus_tau_mean": 3.2489, "bus_tau_std": 9.0409, "bus_v_mean": 9.9336, "bus_v_std": 7.6835, "car_acc": 0.2524, "car_dcc": 3.907, "car_lcAssertive": 99.3751, "car_lcCooperative": 0.2555, "car_lcLookaheadLeft": 67.7301, "car_lcPushy": 0.7445, "car_lcSigma": 0.0976, "car_lcSpeedGainRight": 0.7923, "car_lcSublane": 0.938, "car_sigma": 0.0297, "car_tau_mean": 1.6963, "car_tau_std": 3.2557, "car_v_mean": 23.2694, "car_v_std": 15.2473}, "datetime": {"datetime": "2024-08-11 18:42:27", "elapsed": 3618.341451, "delta": 3.034556}}
{"target": -0.48034307825728745, "params": {"bus_acc": 1.0876, "bus_dcc": 1.6668, "bus_lcAssertive": 45.5151, "bus_lcCooperative": 0.2499, "bus_lcLookaheadLeft": 88.2148, "bus_lcPushy": 0.6133, "bus_lcSigma": 0.1007, "bus_lcSpeedGainRight": 2.2131, "bus_lcSublane": 0.5533, "bus_sigma": 0.21, "bus_tau_mean": 3.7724, "bus_tau_std": 0.4043, "bus_v_mean": 22.8373, "bus_v_std": 9.4686, "car_acc": 3.0436, "car_dcc": 3.5745, "car_lcAssertive": 51.0685, "car_lcCooperative": 0.123, "car_lcLookaheadLeft": 77.606, "car_lcPushy": 0.8149, "car_lcSigma": 0.4701, "car_lcSpeedGainRight": 3.3063, "car_lcSublane": 0.5035, "car_sigma": 0.725, "car_tau_mean": 0.6736, "car_tau_std": 7.6779, "car_v_mean": 22.6287, "car_v_std": 13.9965}, "datetime": {"datetime": "2024-08-11 18:42:30", "elapsed": 3621.117216, "delta": 2.775765}}
{"target": -0.3385874897247187, "params": {"bus_acc": 2.8043, "bus_dcc": 0.2842, "bus_lcAssertive": 94.7382, "bus_lcCooperative": 0.6315, "bus_lcLookaheadLeft": 46.6975, "bus_lcPushy": 0.4938, "bus_lcSigma": 0.5639, "bus_lcSpeedGainRight": 4.5114, "bus_lcSublane": 0.2663, "bus_sigma": 0.9655, "bus_tau_mean": 2.4159, "bus_tau_std": 9.5384, "bus_v_mean": 18.1901, "bus_v_std": 13.567, "car_acc": 2.2759, "car_dcc": 3.731, "car_lcAssertive": 13.4599, "car_lcCooperative": 0.4797, "car_lcLookaheadLeft": 10.9139, "car_lcPushy": 0.9314, "car_lcSigma": 0.932, "car_lcSpeedGainRight": 3.6577, "car_lcSublane": 0.9308, "car_sigma": 0.927, "car_tau_mean": 2.2808, "car_tau_std": 1.9259, "car_v_mean": 23.0103, "car_v_std": 1.9643}, "datetime": {"datetime": "2024-08-11 18:42:35", "elapsed": 3626.608757, "delta": 5.491541}}
{"target": -0.5790197289185257, "params": {"bus_acc": 2.652, "bus_dcc": 1.6289, "bus_lcAssertive": 96.3332, "bus_lcCooperative": 0.5735, "bus_lcLookaheadLeft": 42.2243, "bus_lcPushy": 0.5094, "bus_lcSigma": 0.4919, "bus_lcSpeedGainRight": 3.4699, "bus_lcSublane": 0.8926, "bus_sigma": 0.8229, "bus_tau_mean": 2.4619, "bus_tau_std": 3.9111, "bus_v_mean": 25.4083, "bus_v_std": 13.7685, "car_acc": 3.1101, "car_dcc": 0.2148, "car_lcAssertive": 91.9409, "car_lcCooperative": 0.5168, "car_lcLookaheadLeft": 39.5649, "car_lcPushy": 0.4453, "car_lcSigma": 0.212, "car_lcSpeedGainRight": 2.771, "car_lcSublane": 0.7449, "car_sigma": 0.1058, "car_tau_mean": 2.8729, "car_tau_std": 0.0911, "car_v_mean": 19.8558, "car_v_std": 19.9628}, "datetime": {"datetime": "2024-08-11 18:42:39", "elapsed": 3629.853659, "delta": 3.244902}}
{"target": -0.3614232129833756, "params": {"bus_acc": 2.9044, "bus_dcc": 3.4104, "bus_lcAssertive": 94.1304, "bus_lcCooperative": 0.8389, "bus_lcLookaheadLeft": 55.1099, "bus_lcPushy": 0.9051, "bus_lcSigma": 0.3055, "bus_lcSpeedGainRight": 4.8097, "bus_lcSublane": 0.9164, "bus_sigma": 0.1179, "bus_tau_mean": 0.8543, "bus_tau_std": 2.2666, "bus_v_mean": 18.4895, "bus_v_std": 18.7011, "car_acc": 3.6656, "car_dcc": 1.7208, "car_lcAssertive": 87.9975, "car_lcCooperative": 0.4033, "car_lcLookaheadLeft": 66.7115, "car_lcPushy": 0.1771, "car_lcSigma": 0.959, "car_lcSpeedGainRight": 2.8525, "car_lcSublane": 0.373, "car_sigma": 0.4076, "car_tau_mean": 0.7677, "car_tau_std": 9.5166, "car_v_mean": 17.0075, "car_v_std": 5.4432}, "datetime": {"datetime": "2024-08-11 18:42:42", "elapsed": 3632.995269, "delta": 3.14161}}
{"target": -0.4165829619586166, "params": {"bus_acc": 2.3355, "bus_dcc": 3.1, "bus_lcAssertive": 98.4304, "bus_lcCooperative": 0.0308, "bus_lcLookaheadLeft": 38.1809, "bus_lcPushy": 0.9801, "bus_lcSigma": 0.409, "bus_lcSpeedGainRight": 4.1187, "bus_lcSublane": 0.2829, "bus_sigma": 0.5465, "bus_tau_mean": 3.6565, "bus_tau_std": 3.7592, "bus_v_mean": 22.2484, "bus_v_std": 4.7891, "car_acc": 1.6944, "car_dcc": 3.0886, "car_lcAssertive": 15.2632, "car_lcCooperative": 0.2685, "car_lcLookaheadLeft": 8.3047, "car_lcPushy": 0.4404, "car_lcSigma": 0.5348, "car_lcSpeedGainRight": 3.4317, "car_lcSublane": 0.8944, "car_sigma": 0.2701, "car_tau_mean": 3.2462, "car_tau_std": 4.3169, "car_v_mean": 25.0211, "car_v_std": 4.8216}, "datetime": {"datetime": "2024-08-11 18:42:45", "elapsed": 3636.583414, "delta": 3.588145}}
{"target": -0.4118535315836657, "params": {"bus_acc": 3.9231, "bus_dcc": 1.4583, "bus_lcAssertive": 66.5884, "bus_lcCooperative": 0.6903, "bus_lcLookaheadLeft": 12.237, "bus_lcPushy": 0.9471, "bus_lcSigma": 0.3491, "bus_lcSpeedGainRight": 2.0691, "bus_lcSublane": 0.123, "bus_sigma": 0.1981, "bus_tau_mean": 2.1809, "bus_tau_std": 8.7828, "bus_v_mean": 12.6614, "bus_v_std": 8.0058, "car_acc": 0.6849, "car_dcc": 2.9878, "car_lcAssertive": 5.2801, "car_lcCooperative": 0.9976, "car_lcLookaheadLeft": 54.3566, "car_lcPushy": 0.1242, "car_lcSigma": 0.9008, "car_lcSpeedGainRight": 1.8186, "car_lcSublane": 0.9736, "car_sigma": 0.427, "car_tau_mean": 1.4429, "car_tau_std": 9.5335, "car_v_mean": 12.7109, "car_v_std": 11.235}, "datetime": {"datetime": "2024-08-11 18:42:50", "elapsed": 3641.18779, "delta": 4.604376}}
{"target": -0.3894921259818637, "params": {"bus_acc": 1.0411, "bus_dcc": 0.7176, "bus_lcAssertive": 19.3048, "bus_lcCooperative": 0.2131, "bus_lcLookaheadLeft": 98.0999, "bus_lcPushy": 0.5132, "bus_lcSigma": 0.8363, "bus_lcSpeedGainRight": 1.7369, "bus_lcSublane": 0.9497, "bus_sigma": 0.7434, "bus_tau_mean": 1.721, "bus_tau_std": 4.0549, "bus_v_mean": 13.816, "bus_v_std": 0.5645, "car_acc": 1.8663, "car_dcc": 3.3802, "car_lcAssertive": 80.8217, "car_lcCooperative": 0.3933, "car_lcLookaheadLeft": 14.6159, "car_lcPushy": 0.887, "car_lcSigma": 0.2432, "car_lcSpeedGainRight": 3.8022, "car_lcSublane": 0.6765, "car_sigma": 0.2765, "car_tau_mean": 1.175, "car_tau_std": 2.1933, "car_v_mean": 22.0916, "car_v_std": 4.3686}, "datetime": {"datetime": "2024-08-11 18:42:54", "elapsed": 3645.414322, "delta": 4.226532}}
{"target": -0.5516926096778524, "params": {"bus_acc": 2.2091, "bus_dcc": 3.0213, "bus_lcAssertive": 16.1336, "bus_lcCooperative": 0.0261, "bus_lcLookaheadLeft": 64.2379, "bus_lcPushy": 0.1791, "bus_lcSigma": 0.7074, "bus_lcSpeedGainRight": 4.9962, "bus_lcSublane": 0.1896, "bus_sigma": 0.6915, "bus_tau_mean": 1.6556, "bus_tau_std": 5.1264, "bus_v_mean": 8.5532, "bus_v_std": 3.1185, "car_acc": 3.1256, "car_dcc": 0.4677, "car_lcAssertive": 13.5999, "car_lcCooperative": 0.5833, "car_lcLookaheadLeft": 34.8958, "car_lcPushy": 0.3034, "car_lcSigma": 0.8664, "car_lcSpeedGainRight": 0.4746, "car_lcSublane": 0.4119, "car_sigma": 0.6701, "car_tau_mean": 3.9633, "car_tau_std": 1.912, "car_v_mean": 15.0386, "car_v_std": 3.6022}, "datetime": {"datetime": "2024-08-11 18:42:57", "elapsed": 3648.355925, "delta": 2.941603}}
{"target": -0.39888728165630655, "params": {"bus_acc": 2.9765, "bus_dcc": 1.7424, "bus_lcAssertive": 63.3981, "bus_lcCooperative": 0.9796, "bus_lcLookaheadLeft": 10.5181, "bus_lcPushy": 0.7649, "bus_lcSigma": 0.5868, "bus_lcSpeedGainRight": 3.7999, "bus_lcSublane": 0.8569, "bus_sigma": 0.0363, "bus_tau_mean": 0.8071, "bus_tau_std": 2.0624, "bus_v_mean": 24.8081, "bus_v_std": 5.6553, "car_acc": 1.6942, "car_dcc": 2.2474, "car_lcAssertive": 39.0621, "car_lcCooperative": 0.2653, "car_lcLookaheadLeft": 78.7744, "car_lcPushy": 0.5877, "car_lcSigma": 0.1243, "car_lcSpeedGainRight": 2.7675, "car_lcSublane": 0.6952, "car_sigma": 0.0432, "car_tau_mean": 3.9795, "car_tau_std": 7.3544, "car_v_mean": 25.4105, "car_v_std": 6.1945}, "datetime": {"datetime": "2024-08-11 18:43:02", "elapsed": 3653.526036, "delta": 5.170111}}
{"target": -0.39729829300143565, "params": {"bus_acc": 0.5572, "bus_dcc": 2.6162, "bus_lcAssertive": 61.351, "bus_lcCooperative": 0.4917, "bus_lcLookaheadLeft": 54.3254, "bus_lcPushy": 0.9307, "bus_lcSigma": 0.165, "bus_lcSpeedGainRight": 3.5118, "bus_lcSublane": 0.4369, "bus_sigma": 0.9359, "bus_tau_mean": 2.2583, "bus_tau_std": 5.9524, "bus_v_mean": 15.9355, "bus_v_std": 0.7172, "car_acc": 3.8915, "car_dcc": 2.9894, "car_lcAssertive": 24.0137, "car_lcCooperative": 0.4488, "car_lcLookaheadLeft": 64.2175, "car_lcPushy": 0.459, "car_lcSigma": 0.7042, "car_lcSpeedGainRight": 4.7602, "car_lcSublane": 0.605, "car_sigma": 0.3354, "car_tau_mean": 3.9179, "car_tau_std": 8.3057, "car_v_mean": 13.9343, "car_v_std": 5.9356}, "datetime": {"datetime": "2024-08-11 18:43:07", "elapsed": 3658.187469, "delta": 4.661433}}
{"target": -0.34484810103416824, "params": {"bus_acc": 1.1381, "bus_dcc": 2.731, "bus_lcAssertive": 88.363, "bus_lcCooperative": 0.8781, "bus_lcLookaheadLeft": 51.5202, "bus_lcPushy": 0.1426, "bus_lcSigma": 0.647, "bus_lcSpeedGainRight": 4.1586, "bus_lcSublane": 0.5009, "bus_sigma": 0.3113, "bus_tau_mean": 2.5466, "bus_tau_std": 5.1881, "bus_v_mean": 10.8583, "bus_v_std": 12.3136, "car_acc": 3.5417, "car_dcc": 1.3132, "car_lcAssertive": 94.628, "car_lcCooperative": 0.3454, "car_lcLookaheadLeft": 89.3866, "car_lcPushy": 0.7497, "car_lcSigma": 0.0288, "car_lcSpeedGainRight": 4.4738, "car_lcSublane": 0.0097, "car_sigma": 0.266, "car_tau_mean": 3.1114, "car_tau_std": 2.4446, "car_v_mean": 12.2415, "car_v_std": 6.2622}, "datetime": {"datetime": "2024-08-11 18:43:10", "elapsed": 3661.463597, "delta": 3.276128}}
