{"target": -0.40296342136520386, "params": {"bus_acc": 2.6468, "bus_dcc": 2.4367, "bus_lcAssertive": 71.3507, "bus_lcCooperative": 0.7131, "bus_lcLookaheadLeft": 21.8453, "bus_lcPushy": 0.928, "bus_lcSigma": 0.6308, "bus_lcSpeedGainRight": 0.4879, "bus_lcSublane": 0.4961, "bus_sigma": 0.3976, "bus_tau_mean": 3.7076, "bus_tau_std": 2.857, "bus_v_mean": 11.1772, "bus_v_std": 16.5362, "car_acc": 3.7158, "car_dcc": 3.0843, "car_lcAssertive": 70.4878, "car_lcCooperative": 0.6553, "car_lcLookaheadLeft": 70.2558, "car_lcPushy": 0.1079, "car_lcSigma": 0.3132, "car_lcSpeedGainRight": 3.4832, "car_lcSublane": 0.0575, "car_sigma": 0.1976, "car_tau_mean": 2.0341, "car_tau_std": 7.2424, "car_v_mean": 9.0445, "car_v_std": 8.6023}, "datetime": {"datetime": "2024-08-11 19:49:24", "elapsed": 7635.289835, "delta": 5.447478}}
{"target": -0.4348487007066965, "params": {"bus_acc": 1.2886, "bus_dcc": 1.8065, "bus_lcAssertive": 4.3843, "bus_lcCooperative": 0.8115, "bus_lcLookaheadLeft": 85.1278, "bus_lcPushy": 0.4154, "bus_lcSigma": 0.9363, "bus_lcSpeedGainRight": 1.2656, "bus_lcSublane": 0.6061, "bus_sigma": 0.5276, "bus_tau_mean": 0.7031, "bus_tau_std": 9.0945, "bus_v_mean": 11.7304, "bus_v_std": 4.3557, "car_acc": 3.0541, "car_dcc": 2.7349, "car_lcAssertive": 39.0017, "car_lcCooperative": 0.8568, "car_lcLookaheadLeft": 42.5367, "car_lcPushy": 0.1319, "car_lcSigma": 0.6964, "car_lcSpeedGainRight": 2.8687, "car_lcSublane": 0.471, "car_sigma": 0.4681, "car_tau_mean": 3.2608, "car_tau_std": 6.988, "car_v_mean": 12.1855, "car_v_std": 17.6204}, "datetime": {"datetime": "2024-08-11 19:49:30", "elapsed": 7640.887098, "delta": 5.597263}}
{"target": -0.29748113469626136, "params": {"bus_acc": 3.4492, "bus_dcc": 2.7175, "bus_lcAssertive": 19.8152, "bus_lcCooperative": 0.9644, "bus_lcLookaheadLeft": 47.2802, "bus_lcPushy": 0.1932, "bus_lcSigma": 0.8935, "bus_lcSpeedGainRight": 2.2978, "bus_lcSublane": 0.8291, "bus_sigma": 0.4245, "bus_tau_mean": 3.4418, "bus_tau_std": 3.3967, "bus_v_mean": 21.6352, "bus_v_std": 14.7052, "car_acc": 3.8941, "car_dcc": 2.8706, "car_lcAssertive": 77.392, "car_lcCooperative": 0.4276, "car_lcLookaheadLeft": 11.3087, "car_lcPushy": 0.9642, "car_lcSigma": 0.8292, "car_lcSpeedGainRight": 2.5833, "car_lcSublane": 0.5183, "car_sigma": 0.1378, "car_tau_mean": 2.6622, "car_tau_std": 5.8723, "car_v_mean": 18.8339, "car_v_std": 3.1559}, "datetime": {"datetime": "2024-08-11 19:49:36", "elapsed": 7647.057675, "delta": 6.170577}}
{"target": -0.38902309303064336, "params": {"bus_acc": 2.1013, "bus_dcc": 3.6384, "bus_lcAssertive": 44.5406, "bus_lcCooperative": 0.528, "bus_lcLookaheadLeft": 68.4256, "bus_lcPushy": 0.1802, "bus_lcSigma": 0.7307, "bus_lcSpeedGainRight": 2.3827, "bus_lcSublane": 0.1954, "bus_sigma": 0.5457, "bus_tau_mean": 2.4595, "bus_tau_std": 4.7582, "bus_v_mean": 19.1288, "bus_v_std": 19.0269, "car_acc": 3.3742, "car_dcc": 3.5981, "car_lcAssertive": 95.4507, "car_lcCooperative": 0.8571, "car_lcLookaheadLeft": 88.242, "car_lcPushy": 0.1891, "car_lcSigma": 0.959, "car_lcSpeedGainRight": 1.457, "car_lcSublane": 0.8508, "car_sigma": 0.8148, "car_tau_mean": 0.693, "car_tau_std": 2.4242, "car_v_mean": 22.1323, "car_v_std": 11.0432}, "datetime": {"datetime": "2024-08-11 19:49:42", "elapsed": 7653.208012, "delta": 6.150337}}
{"target": -0.45290797246217246, "params": {"bus_acc": 0.4404, "bus_dcc": 1.9297, "bus_lcAssertive": 2.1113, "bus_lcCooperative": 0.9355, "bus_lcLookaheadLeft": 58.8138, "bus_lcPushy": 0.0132, "bus_lcSigma": 0.7206, "bus_lcSpeedGainRight": 4.5628, "bus_lcSublane": 0.1042, "bus_sigma": 0.1665, "bus_tau_mean": 3.1835, "bus_tau_std": 3.5359, "bus_v_mean": 19.0423, "bus_v_std": 19.777, "car_acc": 3.5418, "car_dcc": 2.5771, "car_lcAssertive": 32.4123, "car_lcCooperative": 0.0203, "car_lcLookaheadLeft": 2.9995, "car_lcPushy": 0.3011, "car_lcSigma": 0.5545, "car_lcSpeedGainRight": 4.0643, "car_lcSublane": 0.9965, "car_sigma": 0.5472, "car_tau_mean": 3.4045, "car_tau_std": 5.4307, "car_v_mean": 13.4693, "car_v_std": 16.9934}, "datetime": {"datetime": "2024-08-11 19:49:48", "elapsed": 7659.181988, "delta": 5.973976}}
{"target": -0.29417226335513413, "params": {"bus_acc": 0.6299, "bus_dcc": 2.8893, "bus_lcAssertive": 98.5095, "bus_lcCooperative": 0.2056, "bus_lcLookaheadLeft": 5.483, "bus_lcPushy": 0.389, "bus_lcSigma": 0.1124, "bus_lcSpeedGainRight": 4.188, "bus_lcSublane": 0.7788, "bus_sigma": 0.2814, "bus_tau_mean": 1.0971, "bus_tau_std": 0.4354, "bus_v_mean": 16.9678, "bus_v_std": 12.8142, "car_acc": 0.6412, "car_dcc": 2.1736, "car_lcAssertive": 76.7905, "car_lcCooperative": 0.3008, "car_lcLookaheadLeft": 40.7378, "car_lcPushy": 0.4106, "car_lcSigma": 0.4014, "car_lcSpeedGainRight": 1.6087, "car_lcSublane": 0.5758, "car_sigma": 0.3079, "car_tau_mean": 3.4715, "car_tau_std": 2.5763, "car_v_mean": 8.2159, "car_v_std": 4.6048}, "datetime": {"datetime": "2024-08-11 19:50:00", "elapsed": 7671.407294, "delta": 12.225306}}
{"target": -0.356037374288322, "params": {"bus_acc": 2.9833, "bus_dcc": 2.4368, "bus_lcAssertive": 32.3867, "bus_lcCooperative": 0.0264, "bus_lcLookaheadLeft": 77.9018, "bus_lcPushy": 0.9284, "bus_lcSigma": 0.3072, "bus_lcSpeedGainRight": 3.299, "bus_lcSublane": 0.8236, "bus_sigma": 0.9503, "bus_tau_mean": 2.9521, "bus_tau_std": 4.1324, "bus_v_mean": 25.3973, "bus_v_std": 18.5694, "car_acc": 0.5552, "car_dcc": 1.3389, "car_lcAssertive": 84.9441, "car_lcCooperative": 0.0956, "car_lcLookaheadLeft": 39.2651, "car_lcPushy": 0.2829, "car_lcSigma": 0.0054, "car_lcSpeedGainRight": 4.4235, "car_lcSublane": 0.1998, "car_sigma": 0.826, "car_tau_mean": 1.3473, "car_tau_std": 2.0663, "car_v_mean": 10.4643, "car_v_std": 15.4151}, "datetime": {"datetime": "2024-08-11 19:50:07", "elapsed": 7678.367127, "delta": 6.959833}}
{"target": -0.3655780651228673, "params": {"bus_acc": 0.5373, "bus_dcc": 0.7446, "bus_lcAssertive": 67.6205, "bus_lcCooperative": 0.4162, "bus_lcLookaheadLeft": 87.6376, "bus_lcPushy": 0.2245, "bus_lcSigma": 0.5396, "bus_lcSpeedGainRight": 0.8058, "bus_lcSublane": 0.2396, "bus_sigma": 0.591, "bus_tau_mean": 2.483, "bus_tau_std": 3.7084, "bus_v_mean": 14.0773, "bus_v_std": 13.2214, "car_acc": 2.7862, "car_dcc": 2.4753, "car_lcAssertive": 38.8029, "car_lcCooperative": 0.9181, "car_lcLookaheadLeft": 62.7819, "car_lcPushy": 0.5352, "car_lcSigma": 0.1677, "car_lcSpeedGainRight": 3.3247, "car_lcSublane": 0.6104, "car_sigma": 0.5312, "car_tau_mean": 3.2041, "car_tau_std": 5.5188, "car_v_mean": 19.2454, "car_v_std": 17.2079}, "datetime": {"datetime": "2024-08-11 19:50:15", "elapsed": 7686.117366, "delta": 7.750239}}
{"target": -0.3081867080000802, "params": {"bus_acc": 2.8871, "bus_dcc": 1.3065, "bus_lcAssertive": 65.9724, "bus_lcCooperative": 0.1562, "bus_lcLookaheadLeft": 97.8515, "bus_lcPushy": 0.0902, "bus_lcSigma": 0.1738, "bus_lcSpeedGainRight": 0.7091, "bus_lcSublane": 0.0625, "bus_sigma": 0.2262, "bus_tau_mean": 1.4075, "bus_tau_std": 5.2232, "bus_v_mean": 22.6156, "bus_v_std": 15.1913, "car_acc": 0.5023, "car_dcc": 3.2267, "car_lcAssertive": 62.5964, "car_lcCooperative": 0.9073, "car_lcLookaheadLeft": 79.8714, "car_lcPushy": 0.3875, "car_lcSigma": 0.9357, "car_lcSpeedGainRight": 0.455, "car_lcSublane": 0.0647, "car_sigma": 0.4294, "car_tau_mean": 0.8904, "car_tau_std": 7.4643, "car_v_mean": 18.1156, "car_v_std": 5.2336}, "datetime": {"datetime": "2024-08-11 19:50:21", "elapsed": 7692.611745, "delta": 6.494379}}
{"target": -0.5947618376337171, "params": {"bus_acc": 1.6435, "bus_dcc": 0.9885, "bus_lcAssertive": 13.4075, "bus_lcCooperative": 0.255, "bus_lcLookaheadLeft": 37.4454, "bus_lcPushy": 0.3164, "bus_lcSigma": 0.3169, "bus_lcSpeedGainRight": 2.5112, "bus_lcSublane": 0.5866, "bus_sigma": 0.2161, "bus_tau_mean": 3.4599, "bus_tau_std": 4.2598, "bus_v_mean": 8.1775, "bus_v_std": 10.0042, "car_acc": 1.128, "car_dcc": 0.2592, "car_lcAssertive": 28.347, "car_lcCooperative": 0.9984, "car_lcLookaheadLeft": 74.2173, "car_lcPushy": 0.1134, "car_lcSigma": 0.1209, "car_lcSpeedGainRight": 0.7879, "car_lcSublane": 0.2131, "car_sigma": 0.0397, "car_tau_mean": 2.5703, "car_tau_std": 1.6882, "car_v_mean": 12.7481, "car_v_std": 3.8629}, "datetime": {"datetime": "2024-08-11 19:50:30", "elapsed": 7701.470876, "delta": 8.859131}}
{"target": -0.2969843967319516, "params": {"bus_acc": 2.2747, "bus_dcc": 2.0621, "bus_lcAssertive": 45.2929, "bus_lcCooperative": 0.6742, "bus_lcLookaheadLeft": 37.6707, "bus_lcPushy": 0.4021, "bus_lcSigma": 0.4625, "bus_lcSpeedGainRight": 0.7936, "bus_lcSublane": 0.1647, "bus_sigma": 0.3314, "bus_tau_mean": 1.918, "bus_tau_std": 9.8746, "bus_v_mean": 21.6012, "bus_v_std": 10.6518, "car_acc": 0.8315, "car_dcc": 3.0387, "car_lcAssertive": 89.2223, "car_lcCooperative": 0.0196, "car_lcLookaheadLeft": 10.2526, "car_lcPushy": 0.8003, "car_lcSigma": 0.1807, "car_lcSpeedGainRight": 1.9631, "car_lcSublane": 0.5033, "car_sigma": 0.3171, "car_tau_mean": 3.6286, "car_tau_std": 3.7964, "car_v_mean": 17.4478, "car_v_std": 13.3087}, "datetime": {"datetime": "2024-08-11 19:50:35", "elapsed": 7706.589463, "delta": 5.118587}}
{"target": -0.6769991506175862, "params": {"bus_acc": 2.7051, "bus_dcc": 3.3853, "bus_lcAssertive": 32.7003, "bus_lcCooperative": 0.883, "bus_lcLookaheadLeft": 30.6958, "bus_lcPushy": 0.6817, "bus_lcSigma": 0.4596, "bus_lcSpeedGainRight": 1.3961, "bus_lcSublane": 0.4445, "bus_sigma": 0.5187, "bus_tau_mean": 0.6878, "bus_tau_std": 0.232, "bus_v_mean": 12.119, "bus_v_std": 17.8044, "car_acc": 2.2368, "car_dcc": 1.2519, "car_lcAssertive": 9.3637, "car_lcCooperative": 0.5941, "car_lcLookaheadLeft": 61.18, "car_lcPushy": 0.8829, "car_lcSigma": 0.2529, "car_lcSpeedGainRight": 0.3168, "car_lcSublane": 0.9972, "car_sigma": 0.5693, "car_tau_mean": 1.3551, "car_tau_std": 0.941, "car_v_mean": 23.7569, "car_v_std": 7.6242}, "datetime": {"datetime": "2024-08-11 19:50:41", "elapsed": 7711.629229, "delta": 5.039766}}
{"target": -0.5454483473683617, "params": {"bus_acc": 1.3152, "bus_dcc": 3.3431, "bus_lcAssertive": 56.2994, "bus_lcCooperative": 0.352, "bus_lcLookaheadLeft": 7.5839, "bus_lcPushy": 0.8996, "bus_lcSigma": 0.6857, "bus_lcSpeedGainRight": 3.5038, "bus_lcSublane": 0.8378, "bus_sigma": 0.2474, "bus_tau_mean": 1.5156, "bus_tau_std": 6.5751, "bus_v_mean": 19.6488, "bus_v_std": 16.9012, "car_acc": 0.853, "car_dcc": 1.4482, "car_lcAssertive": 91.0639, "car_lcCooperative": 0.4942, "car_lcLookaheadLeft": 32.0562, "car_lcPushy": 0.755, "car_lcSigma": 0.9022, "car_lcSpeedGainRight": 0.4325, "car_lcSublane": 0.5658, "car_sigma": 0.9765, "car_tau_mean": 3.4985, "car_tau_std": 0.1875, "car_v_mean": 12.5413, "car_v_std": 19.6145}, "datetime": {"datetime": "2024-08-11 19:50:46", "elapsed": 7717.354755, "delta": 5.725526}}
{"target": -0.38568078974090186, "params": {"bus_acc": 3.1128, "bus_dcc": 0.6055, "bus_lcAssertive": 69.9268, "bus_lcCooperative": 0.5024, "bus_lcLookaheadLeft": 8.7544, "bus_lcPushy": 0.5175, "bus_lcSigma": 0.5685, "bus_lcSpeedGainRight": 2.9969, "bus_lcSublane": 0.7029, "bus_sigma": 0.1038, "bus_tau_mean": 2.638, "bus_tau_std": 7.9442, "bus_v_mean": 12.8009, "bus_v_std": 12.6643, "car_acc": 3.4106, "car_dcc": 1.9014, "car_lcAssertive": 46.5524, "car_lcCooperative": 0.8465, "car_lcLookaheadLeft": 30.8845, "car_lcPushy": 0.5048, "car_lcSigma": 0.0078, "car_lcSpeedGainRight": 2.676, "car_lcSublane": 0.6251, "car_sigma": 0.6949, "car_tau_mean": 3.4709, "car_tau_std": 5.018, "car_v_mean": 25.4364, "car_v_std": 2.4592}, "datetime": {"datetime": "2024-08-11 19:50:51", "elapsed": 7722.49027, "delta": 5.135515}}
{"target": -0.4321066063159704, "params": {"bus_acc": 2.3663, "bus_dcc": 3.3294, "bus_lcAssertive": 67.5466, "bus_lcCooperative": 0.8289, "bus_lcLookaheadLeft": 12.0476, "bus_lcPushy": 0.7611, "bus_lcSigma": 0.5152, "bus_lcSpeedGainRight": 0.4365, "bus_lcSublane": 0.719, "bus_sigma": 0.9808, "bus_tau_mean": 3.011, "bus_tau_std": 5.3971, "bus_v_mean": 14.7861, "bus_v_std": 10.3446, "car_acc": 0.9157, "car_dcc": 3.0134, "car_lcAssertive": 37.7829, "car_lcCooperative": 0.389, "car_lcLookaheadLeft": 53.7134, "car_lcPushy": 0.8829, "car_lcSigma": 0.2539, "car_lcSpeedGainRight": 4.6516, "car_lcSublane": 0.9029, "car_sigma": 0.2444, "car_tau_mean": 2.5283, "car_tau_std": 8.2359, "car_v_mean": 8.7618, "car_v_std": 12.1597}, "datetime": {"datetime": "2024-08-11 19:50:59", "elapsed": 7729.719148, "delta": 7.228878}}
{"target": -0.5077301287470488, "params": {"bus_acc": 2.5845, "bus_dcc": 3.1438, "bus_lcAssertive": 33.4853, "bus_lcCooperative": 0.4061, "bus_lcLookaheadLeft": 56.851, "bus_lcPushy": 0.8335, "bus_lcSigma": 0.9522, "bus_lcSpeedGainRight": 3.3393, "bus_lcSublane": 0.8379, "bus_sigma": 0.4315, "bus_tau_mean": 3.252, "bus_tau_std": 7.6011, "bus_v_mean": 25.7376, "bus_v_std": 9.8892, "car_acc": 3.4832, "car_dcc": 0.3561, "car_lcAssertive": 27.8694, "car_lcCooperative": 0.9791, "car_lcLookaheadLeft": 57.2153, "car_lcPushy": 0.6681, "car_lcSigma": 0.0648, "car_lcSpeedGainRight": 2.1145, "car_lcSublane": 0.5518, "car_sigma": 0.328, "car_tau_mean": 1.8501, "car_tau_std": 0.155, "car_v_mean": 17.1116, "car_v_std": 5.3975}, "datetime": {"datetime": "2024-08-11 19:51:07", "elapsed": 7738.094892, "delta": 8.375744}}
{"target": -0.33299531273343613, "params": {"bus_acc": 2.1752, "bus_dcc": 1.7225, "bus_lcAssertive": 80.8205, "bus_lcCooperative": 0.4287, "bus_lcLookaheadLeft": 22.4662, "bus_lcPushy": 0.7155, "bus_lcSigma": 0.414, "bus_lcSpeedGainRight": 0.4679, "bus_lcSublane": 0.9964, "bus_sigma": 0.0115, "bus_tau_mean": 3.1984, "bus_tau_std": 2.8908, "bus_v_mean": 20.0531, "bus_v_std": 6.5234, "car_acc": 3.0166, "car_dcc": 2.1128, "car_lcAssertive": 84.4933, "car_lcCooperative": 0.5864, "car_lcLookaheadLeft": 53.5478, "car_lcPushy": 0.8197, "car_lcSigma": 0.9845, "car_lcSpeedGainRight": 1.6851, "car_lcSublane": 0.8651, "car_sigma": 0.0251, "car_tau_mean": 1.5016, "car_tau_std": 8.2097, "car_v_mean": 20.7492, "car_v_std": 7.6053}, "datetime": {"datetime": "2024-08-11 19:51:13", "elapsed": 7743.701688, "delta": 5.606796}}
{"target": -0.36283081831907066, "params": {"bus_acc": 2.8126, "bus_dcc": 0.8013, "bus_lcAssertive": 77.0334, "bus_lcCooperative": 0.8673, "bus_lcLookaheadLeft": 15.7307, "bus_lcPushy": 0.7154, "bus_lcSigma": 0.316, "bus_lcSpeedGainRight": 3.4177, "bus_lcSublane": 0.939, "bus_sigma": 0.7675, "bus_tau_mean": 1.783, "bus_tau_std": 7.9697, "bus_v_mean": 16.9992, "bus_v_std": 3.0198, "car_acc": 1.5565, "car_dcc": 3.5263, "car_lcAssertive": 64.0428, "car_lcCooperative": 0.3362, "car_lcLookaheadLeft": 14.3877, "car_lcPushy": 0.8732, "car_lcSigma": 0.4874, "car_lcSpeedGainRight": 1.8538, "car_lcSublane": 0.4145, "car_sigma": 0.7538, "car_tau_mean": 0.7873, "car_tau_std": 6.3068, "car_v_mean": 13.9406, "car_v_std": 19.8257}, "datetime": {"datetime": "2024-08-11 19:51:23", "elapsed": 7754.042391, "delta": 10.340703}}
{"target": -0.5542311032702428, "params": {"bus_acc": 1.1712, "bus_dcc": 1.6096, "bus_lcAssertive": 12.4599, "bus_lcCooperative": 0.6672, "bus_lcLookaheadLeft": 32.5104, "bus_lcPushy": 0.8795, "bus_lcSigma": 0.3039, "bus_lcSpeedGainRight": 4.8744, "bus_lcSublane": 0.1955, "bus_sigma": 0.4005, "bus_tau_mean": 2.7771, "bus_tau_std": 0.2386, "bus_v_mean": 21.7898, "bus_v_std": 0.1785, "car_acc": 2.1467, "car_dcc": 2.8956, "car_lcAssertive": 1.8931, "car_lcCooperative": 0.0385, "car_lcLookaheadLeft": 2.7304, "car_lcPushy": 0.9515, "car_lcSigma": 0.8009, "car_lcSpeedGainRight": 2.317, "car_lcSublane": 0.3569, "car_sigma": 0.8194, "car_tau_mean": 3.5167, "car_tau_std": 6.4371, "car_v_mean": 14.0333, "car_v_std": 7.0783}, "datetime": {"datetime": "2024-08-11 19:51:28", "elapsed": 7758.861823, "delta": 4.819432}}
{"target": -0.43142575975081726, "params": {"bus_acc": 1.5638, "bus_dcc": 3.7364, "bus_lcAssertive": 72.9811, "bus_lcCooperative": 0.4409, "bus_lcLookaheadLeft": 44.9986, "bus_lcPushy": 0.3999, "bus_lcSigma": 0.7326, "bus_lcSpeedGainRight": 0.0098, "bus_lcSublane": 0.1944, "bus_sigma": 0.0717, "bus_tau_mean": 1.6046, "bus_tau_std": 3.5389, "bus_v_mean": 15.338, "bus_v_std": 2.8401, "car_acc": 2.9033, "car_dcc": 2.9458, "car_lcAssertive": 15.996, "car_lcCooperative": 0.0525, "car_lcLookaheadLeft": 58.0439, "car_lcPushy": 0.1391, "car_lcSigma": 0.6083, "car_lcSpeedGainRight": 4.7351, "car_lcSublane": 0.9927, "car_sigma": 0.1717, "car_tau_mean": 1.5003, "car_tau_std": 5.3924, "car_v_mean": 23.2709, "car_v_std": 18.6381}, "datetime": {"datetime": "2024-08-11 19:51:35", "elapsed": 7766.30987, "delta": 7.448047}}
{"target": -0.2919149764188102, "params": {"bus_acc": 0.8787, "bus_dcc": 2.8575, "bus_lcAssertive": 4.1206, "bus_lcCooperative": 0.7222, "bus_lcLookaheadLeft": 99.8286, "bus_lcPushy": 0.9443, "bus_lcSigma": 0.6181, "bus_lcSpeedGainRight": 2.1657, "bus_lcSublane": 0.261, "bus_sigma": 0.4355, "bus_tau_mean": 2.0226, "bus_tau_std": 9.5474, "bus_v_mean": 11.3659, "bus_v_std": 12.2189, "car_acc": 1.5521, "car_dcc": 3.3114, "car_lcAssertive": 22.1749, "car_lcCooperative": 0.9721, "car_lcLookaheadLeft": 7.6866, "car_lcPushy": 0.6499, "car_lcSigma": 0.7004, "car_lcSpeedGainRight": 2.5109, "car_lcSublane": 0.2035, "car_sigma": 0.2845, "car_tau_mean": 3.1045, "car_tau_std": 2.5484, "car_v_mean": 24.7523, "car_v_std": 8.7048}, "datetime": {"datetime": "2024-08-11 19:51:44", "elapsed": 7774.863742, "delta": 8.553872}}
{"target": -0.4598988818636865, "params": {"bus_acc": 0.7316, "bus_dcc": 0.2853, "bus_lcAssertive": 26.8476, "bus_lcCooperative": 0.0227, "bus_lcLookaheadLeft": 80.0653, "bus_lcPushy": 0.0576, "bus_lcSigma": 0.3513, "bus_lcSpeedGainRight": 0.7549, "bus_lcSublane": 0.8941, "bus_sigma": 0.7748, "bus_tau_mean": 1.6825, "bus_tau_std": 3.1393, "bus_v_mean": 12.1588, "bus_v_std": 12.1478, "car_acc": 2.6654, "car_dcc": 2.2445, "car_lcAssertive": 41.7571, "car_lcCooperative": 0.9393, "car_lcLookaheadLeft": 13.4806, "car_lcPushy": 0.9345, "car_lcSigma": 0.242, "car_lcSpeedGainRight": 2.0604, "car_lcSublane": 0.0938, "car_sigma": 0.0799, "car_tau_mean": 1.7889, "car_tau_std": 5.4144, "car_v_mean": 17.42, "car_v_std": 8.8879}, "datetime": {"datetime": "2024-08-11 19:51:50", "elapsed": 7781.023918, "delta": 6.160176}}
{"target": -0.4015360887857171, "params": {"bus_acc": 3.1256, "bus_dcc": 0.9783, "bus_lcAssertive": 29.4276, "bus_lcCooperative": 0.7136, "bus_lcLookaheadLeft": 31.6485, "bus_lcPushy": 0.0053, "bus_lcSigma": 0.1797, "bus_lcSpeedGainRight": 0.5128, "bus_lcSublane": 0.5283, "bus_sigma": 0.2202, "bus_tau_mean": 2.9161, "bus_tau_std": 5.6547, "bus_v_mean": 22.229, "bus_v_std": 12.7409, "car_acc": 1.1951, "car_dcc": 2.9732, "car_lcAssertive": 98.7725, "car_lcCooperative": 0.7677, "car_lcLookaheadLeft": 55.0584, "car_lcPushy": 0.0969, "car_lcSigma": 0.5539, "car_lcSpeedGainRight": 1.3078, "car_lcSublane": 0.6732, "car_sigma": 0.8135, "car_tau_mean": 2.0288, "car_tau_std": 3.6009, "car_v_mean": 11.9969, "car_v_std": 13.2062}, "datetime": {"datetime": "2024-08-11 19:51:58", "elapsed": 7788.885973, "delta": 7.862055}}
{"target": -0.5480266858959578, "params": {"bus_acc": 2.5208, "bus_dcc": 3.086, "bus_lcAssertive": 3.6707, "bus_lcCooperative": 0.5799, "bus_lcLookaheadLeft": 72.0581, "bus_lcPushy": 0.7819, "bus_lcSigma": 0.3304, "bus_lcSpeedGainRight": 4.7552, "bus_lcSublane": 0.319, "bus_sigma": 0.7786, "bus_tau_mean": 2.355, "bus_tau_std": 7.4462, "bus_v_mean": 16.2688, "bus_v_std": 4.7326, "car_acc": 1.4681, "car_dcc": 0.6179, "car_lcAssertive": 10.6601, "car_lcCooperative": 0.3147, "car_lcLookaheadLeft": 79.3307, "car_lcPushy": 0.6278, "car_lcSigma": 0.5694, "car_lcSpeedGainRight": 2.1084, "car_lcSublane": 0.0941, "car_sigma": 0.0052, "car_tau_mean": 1.0639, "car_tau_std": 4.5377, "car_v_mean": 9.7974, "car_v_std": 9.9241}, "datetime": {"datetime": "2024-08-11 19:52:03", "elapsed": 7793.950531, "delta": 5.064558}}
{"target": -0.6908135614828302, "params": {"bus_acc": 1.5581, "bus_dcc": 0.5423, "bus_lcAssertive": 56.9551, "bus_lcCooperative": 0.8911, "bus_lcLookaheadLeft": 15.3324, "bus_lcPushy": 0.3499, "bus_lcSigma": 0.8728, "bus_lcSpeedGainRight": 3.6065, "bus_lcSublane": 0.3159, "bus_sigma": 0.0773, "bus_tau_mean": 2.2227, "bus_tau_std": 0.5179, "bus_v_mean": 13.3004, "bus_v_std": 3.7564, "car_acc": 3.1013, "car_dcc": 2.0906, "car_lcAssertive": 29.8552, "car_lcCooperative": 0.4943, "car_lcLookaheadLeft": 79.1449, "car_lcPushy": 0.176, "car_lcSigma": 0.596, "car_lcSpeedGainRight": 4.0574, "car_lcSublane": 0.7987, "car_sigma": 0.9927, "car_tau_mean": 1.0216, "car_tau_std": 0.5832, "car_v_mean": 13.1186, "car_v_std": 7.6002}, "datetime": {"datetime": "2024-08-11 19:52:12", "elapsed": 7802.8974, "delta": 8.946869}}
{"target": -0.458707674803481, "params": {"bus_acc": 1.9838, "bus_dcc": 1.4792, "bus_lcAssertive": 8.361, "bus_lcCooperative": 0.9149, "bus_lcLookaheadLeft": 47.3551, "bus_lcPushy": 0.6977, "bus_lcSigma": 0.6814, "bus_lcSpeedGainRight": 2.7534, "bus_lcSublane": 0.1151, "bus_sigma": 0.2536, "bus_tau_mean": 0.8916, "bus_tau_std": 2.1461, "bus_v_mean": 12.0592, "bus_v_std": 2.0377, "car_acc": 0.9261, "car_dcc": 0.8721, "car_lcAssertive": 38.823, "car_lcCooperative": 0.6966, "car_lcLookaheadLeft": 22.5678, "car_lcPushy": 0.9818, "car_lcSigma": 0.8726, "car_lcSpeedGainRight": 4.6702, "car_lcSublane": 0.9782, "car_sigma": 0.8455, "car_tau_mean": 3.2682, "car_tau_std": 7.5317, "car_v_mean": 23.1173, "car_v_std": 19.0}, "datetime": {"datetime": "2024-08-11 19:52:18", "elapsed": 7808.848003, "delta": 5.950603}}
