{"target": -0.32270704566751524, "params": {"bus_acc": 3.1668, "bus_dcc": 3.579, "bus_lcAssertive": 93.604, "bus_lcCooperative": 0.7786, "bus_lcLookaheadLeft": 60.8383, "bus_lcPushy": 0.9939, "bus_lcSigma": 0.6328, "bus_lcSpeedGainRight": 0.1609, "bus_lcSublane": 0.2287, "bus_sigma": 0.36, "bus_tau_mean": 2.094, "bus_tau_std": 4.6862, "bus_v_mean": 13.8846, "bus_v_std": 6.6801, "car_acc": 0.4949, "car_dcc": 2.158, "car_lcAssertive": 58.0841, "car_lcCooperative": 0.4652, "car_lcLookaheadLeft": 63.4954, "car_lcPushy": 0.1593, "car_lcSigma": 0.7752, "car_lcSpeedGainRight": 1.1223, "car_lcSublane": 0.2227, "car_sigma": 0.0888, "car_tau_mean": 3.2268, "car_tau_std": 5.677, "car_v_mean": 9.431, "car_v_std": 0.877}, "datetime": {"datetime": "2024-08-11 17:58:52", "elapsed": 1003.349882, "delta": 4.137619}}
{"target": -0.3722942732570334, "params": {"bus_acc": 0.3165, "bus_dcc": 0.8812, "bus_lcAssertive": 59.2386, "bus_lcCooperative": 0.4151, "bus_lcLookaheadLeft": 24.8876, "bus_lcPushy": 0.0673, "bus_lcSigma": 0.3403, "bus_lcSpeedGainRight": 3.2114, "bus_lcSublane": 0.1995, "bus_sigma": 0.3092, "bus_tau_mean": 1.498, "bus_tau_std": 9.2184, "bus_v_mean": 8.4393, "bus_v_std": 3.2957, "car_acc": 2.0846, "car_dcc": 0.2227, "car_lcAssertive": 68.4439, "car_lcCooperative": 0.1763, "car_lcLookaheadLeft": 62.8816, "car_lcPushy": 0.4689, "car_lcSigma": 0.0722, "car_lcSpeedGainRight": 3.1311, "car_lcSublane": 0.8053, "car_sigma": 0.8038, "car_tau_mean": 3.6142, "car_tau_std": 3.9474, "car_v_mean": 8.7602, "car_v_std": 15.31}, "datetime": {"datetime": "2024-08-11 17:58:57", "elapsed": 1007.842934, "delta": 4.493052}}
{"target": -0.34840886622188827, "params": {"bus_acc": 0.373, "bus_dcc": 3.1537, "bus_lcAssertive": 70.0415, "bus_lcCooperative": 0.4506, "bus_lcLookaheadLeft": 92.4757, "bus_lcPushy": 0.9084, "bus_lcSigma": 0.7805, "bus_lcSpeedGainRight": 4.5324, "bus_lcSublane": 0.5623, "bus_sigma": 0.8144, "bus_tau_mean": 2.5259, "bus_tau_std": 9.2091, "bus_v_mean": 20.665, "bus_v_std": 18.5958, "car_acc": 0.883, "car_dcc": 0.4168, "car_lcAssertive": 35.7966, "car_lcCooperative": 0.9711, "car_lcLookaheadLeft": 21.2778, "car_lcPushy": 0.0465, "car_lcSigma": 0.6729, "car_lcSpeedGainRight": 1.6649, "car_lcSublane": 0.9418, "car_sigma": 0.9668, "car_tau_mean": 0.7037, "car_tau_std": 5.6516, "car_v_mean": 16.0751, "car_v_std": 3.2609}, "datetime": {"datetime": "2024-08-11 17:59:00", "elapsed": 1010.711004, "delta": 2.86807}}
{"target": -0.4448471329808748, "params": {"bus_acc": 0.9463, "bus_dcc": 3.8608, "bus_lcAssertive": 15.7611, "bus_lcCooperative": 0.3887, "bus_lcLookaheadLeft": 31.3329, "bus_lcPushy": 0.6784, "bus_lcSigma": 0.368, "bus_lcSpeedGainRight": 4.9905, "bus_lcSublane": 0.8705, "bus_sigma": 0.6731, "bus_tau_mean": 2.2585, "bus_tau_std": 3.631, "bus_v_mean": 16.6752, "bus_v_std": 16.0728, "car_acc": 2.9995, "car_dcc": 1.0294, "car_lcAssertive": 85.7787, "car_lcCooperative": 0.6174, "car_lcLookaheadLeft": 51.4083, "car_lcPushy": 0.0937, "car_lcSigma": 0.6494, "car_lcSpeedGainRight": 3.704, "car_lcSublane": 0.5997, "car_sigma": 0.0551, "car_tau_mean": 0.761, "car_tau_std": 6.3228, "car_v_mean": 13.2471, "car_v_std": 13.7192}, "datetime": {"datetime": "2024-08-11 17:59:02", "elapsed": 1013.322989, "delta": 2.611985}}
{"target": -0.416386606650992, "params": {"bus_acc": 1.6093, "bus_dcc": 2.2455, "bus_lcAssertive": 24.8243, "bus_lcCooperative": 0.0953, "bus_lcLookaheadLeft": 12.4038, "bus_lcPushy": 0.9185, "bus_lcSigma": 0.5327, "bus_lcSpeedGainRight": 1.8842, "bus_lcSublane": 0.8286, "bus_sigma": 0.7605, "bus_tau_mean": 0.7797, "bus_tau_std": 8.8688, "bus_v_mean": 11.2907, "bus_v_std": 17.013, "car_acc": 1.8489, "car_dcc": 1.8964, "car_lcAssertive": 50.5221, "car_lcCooperative": 0.1633, "car_lcLookaheadLeft": 9.6248, "car_lcPushy": 0.7908, "car_lcSigma": 0.1333, "car_lcSpeedGainRight": 0.6773, "car_lcSublane": 0.3464, "car_sigma": 0.8431, "car_tau_mean": 3.5178, "car_tau_std": 8.6683, "car_v_mean": 10.9718, "car_v_std": 7.2561}, "datetime": {"datetime": "2024-08-11 17:59:07", "elapsed": 1017.653562, "delta": 4.330573}}
{"target": -0.506006386922484, "params": {"bus_acc": 1.9517, "bus_dcc": 1.3484, "bus_lcAssertive": 1.8909, "bus_lcCooperative": 0.6449, "bus_lcLookaheadLeft": 27.1544, "bus_lcPushy": 0.8595, "bus_lcSigma": 0.0462, "bus_lcSpeedGainRight": 3.5438, "bus_lcSublane": 0.6164, "bus_sigma": 0.7031, "bus_tau_mean": 0.556, "bus_tau_std": 5.134, "bus_v_mean": 9.406, "bus_v_std": 3.1264, "car_acc": 0.8364, "car_dcc": 1.4502, "car_lcAssertive": 43.8221, "car_lcCooperative": 0.4814, "car_lcLookaheadLeft": 20.2847, "car_lcPushy": 0.7518, "car_lcSigma": 0.819, "car_lcSpeedGainRight": 1.3256, "car_lcSublane": 0.9302, "car_sigma": 0.3973, "car_tau_mean": 3.3091, "car_tau_std": 1.1232, "car_v_mean": 22.5335, "car_v_std": 6.2158}, "datetime": {"datetime": "2024-08-11 17:59:10", "elapsed": 1020.627309, "delta": 2.973747}}
{"target": -0.32572618700802225, "params": {"bus_acc": 0.2617, "bus_dcc": 2.0344, "bus_lcAssertive": 2.6089, "bus_lcCooperative": 0.8972, "bus_lcLookaheadLeft": 77.3636, "bus_lcPushy": 0.248, "bus_lcSigma": 0.3001, "bus_lcSpeedGainRight": 1.1601, "bus_lcSublane": 0.7245, "bus_sigma": 0.1635, "bus_tau_mean": 2.657, "bus_tau_std": 2.4676, "bus_v_mean": 15.0632, "bus_v_std": 7.9009, "car_acc": 1.9056, "car_dcc": 2.4021, "car_lcAssertive": 39.143, "car_lcCooperative": 0.4624, "car_lcLookaheadLeft": 96.081, "car_lcPushy": 0.5808, "car_lcSigma": 0.6899, "car_lcSpeedGainRight": 4.914, "car_lcSublane": 0.5211, "car_sigma": 0.1841, "car_tau_mean": 1.1175, "car_tau_std": 2.4319, "car_v_mean": 22.1628, "car_v_std": 17.3273}, "datetime": {"datetime": "2024-08-11 17:59:12", "elapsed": 1023.621789, "delta": 2.99448}}
{"target": -0.3990845617159579, "params": {"bus_acc": 2.8695, "bus_dcc": 0.9085, "bus_lcAssertive": 69.6518, "bus_lcCooperative": 0.7003, "bus_lcLookaheadLeft": 5.8947, "bus_lcPushy": 0.8547, "bus_lcSigma": 0.9902, "bus_lcSpeedGainRight": 0.4209, "bus_lcSublane": 0.1314, "bus_sigma": 0.1562, "bus_tau_mean": 1.4224, "bus_tau_std": 0.7046, "bus_v_mean": 20.8118, "bus_v_std": 4.8316, "car_acc": 0.8589, "car_dcc": 2.2989, "car_lcAssertive": 83.6277, "car_lcCooperative": 0.9651, "car_lcLookaheadLeft": 68.4186, "car_lcPushy": 0.6502, "car_lcSigma": 0.3156, "car_lcSpeedGainRight": 1.8925, "car_lcSublane": 0.8195, "car_sigma": 0.6161, "car_tau_mean": 2.0097, "car_tau_std": 3.5003, "car_v_mean": 15.1154, "car_v_std": 15.7358}, "datetime": {"datetime": "2024-08-11 17:59:16", "elapsed": 1026.77538, "delta": 3.153591}}
{"target": -0.44569917699923517, "params": {"bus_acc": 2.0583, "bus_dcc": 3.0637, "bus_lcAssertive": 60.3672, "bus_lcCooperative": 0.8259, "bus_lcLookaheadLeft": 91.8316, "bus_lcPushy": 0.5841, "bus_lcSigma": 0.0811, "bus_lcSpeedGainRight": 0.131, "bus_lcSublane": 0.712, "bus_sigma": 0.4797, "bus_tau_mean": 1.6872, "bus_tau_std": 4.2311, "bus_v_mean": 12.014, "bus_v_std": 18.6716, "car_acc": 1.98, "car_dcc": 0.3699, "car_lcAssertive": 35.476, "car_lcCooperative": 0.3549, "car_lcLookaheadLeft": 68.1784, "car_lcPushy": 0.6244, "car_lcSigma": 0.2683, "car_lcSpeedGainRight": 2.6555, "car_lcSublane": 0.0296, "car_sigma": 0.4356, "car_tau_mean": 3.2101, "car_tau_std": 1.573, "car_v_mean": 8.053, "car_v_std": 17.6014}, "datetime": {"datetime": "2024-08-11 17:59:19", "elapsed": 1030.193312, "delta": 3.417932}}
{"target": -0.4955196713348287, "params": {"bus_acc": 1.3772, "bus_dcc": 3.4566, "bus_lcAssertive": 18.0022, "bus_lcCooperative": 0.798, "bus_lcLookaheadLeft": 98.8308, "bus_lcPushy": 0.7832, "bus_lcSigma": 0.5841, "bus_lcSpeedGainRight": 1.8305, "bus_lcSublane": 0.0321, "bus_sigma": 0.5055, "bus_tau_mean": 3.1134, "bus_tau_std": 2.3454, "bus_v_mean": 14.3515, "bus_v_std": 2.2591, "car_acc": 0.7702, "car_dcc": 0.8711, "car_lcAssertive": 26.9578, "car_lcCooperative": 0.8943, "car_lcLookaheadLeft": 77.5095, "car_lcPushy": 0.0181, "car_lcSigma": 0.5463, "car_lcSpeedGainRight": 0.604, "car_lcSublane": 0.7143, "car_sigma": 0.3898, "car_tau_mean": 3.0077, "car_tau_std": 8.5942, "car_v_mean": 10.3197, "car_v_std": 11.0359}, "datetime": {"datetime": "2024-08-11 17:59:23", "elapsed": 1034.00985, "delta": 3.816538}}
{"target": -0.36980646144045465, "params": {"bus_acc": 1.6915, "bus_dcc": 3.2896, "bus_lcAssertive": 65.9579, "bus_lcCooperative": 0.572, "bus_lcLookaheadLeft": 20.1613, "bus_lcPushy": 0.2932, "bus_lcSigma": 0.3693, "bus_lcSpeedGainRight": 0.0956, "bus_lcSublane": 0.0938, "bus_sigma": 0.1375, "bus_tau_mean": 0.9351, "bus_tau_std": 8.8741, "bus_v_mean": 8.2396, "bus_v_std": 15.4615, "car_acc": 3.4687, "car_dcc": 3.9765, "car_lcAssertive": 68.8742, "car_lcCooperative": 0.6156, "car_lcLookaheadLeft": 11.8358, "car_lcPushy": 0.9759, "car_lcSigma": 0.6311, "car_lcSpeedGainRight": 2.8331, "car_lcSublane": 0.571, "car_sigma": 0.9104, "car_tau_mean": 2.9115, "car_tau_std": 9.3275, "car_v_mean": 14.4482, "car_v_std": 16.3805}, "datetime": {"datetime": "2024-08-11 17:59:25", "elapsed": 1036.525657, "delta": 2.515807}}
{"target": -0.48072406866941436, "params": {"bus_acc": 2.5399, "bus_dcc": 0.9892, "bus_lcAssertive": 83.7588, "bus_lcCooperative": 0.6927, "bus_lcLookaheadLeft": 23.0458, "bus_lcPushy": 0.289, "bus_lcSigma": 0.4511, "bus_lcSpeedGainRight": 2.0579, "bus_lcSublane": 0.9094, "bus_sigma": 0.9921, "bus_tau_mean": 1.3772, "bus_tau_std": 7.2301, "bus_v_mean": 15.1905, "bus_v_std": 7.1722, "car_acc": 0.2935, "car_dcc": 1.1772, "car_lcAssertive": 68.3633, "car_lcCooperative": 0.9771, "car_lcLookaheadLeft": 36.9571, "car_lcPushy": 0.6599, "car_lcSigma": 0.591, "car_lcSpeedGainRight": 2.3916, "car_lcSublane": 0.8065, "car_sigma": 0.3158, "car_tau_mean": 1.1338, "car_tau_std": 3.3807, "car_v_mean": 23.1515, "car_v_std": 16.6467}, "datetime": {"datetime": "2024-08-11 17:59:30", "elapsed": 1041.580373, "delta": 5.054716}}
{"target": -0.24113301023832187, "params": {"bus_acc": 3.9114, "bus_dcc": 2.9341, "bus_lcAssertive": 11.3635, "bus_lcCooperative": 0.3671, "bus_lcLookaheadLeft": 55.9271, "bus_lcPushy": 0.1936, "bus_lcSigma": 0.8917, "bus_lcSpeedGainRight": 2.898, "bus_lcSublane": 0.8856, "bus_sigma": 0.5506, "bus_tau_mean": 1.3223, "bus_tau_std": 2.3676, "bus_v_mean": 22.9388, "bus_v_std": 19.3286, "car_acc": 0.5854, "car_dcc": 3.4802, "car_lcAssertive": 18.527, "car_lcCooperative": 0.621, "car_lcLookaheadLeft": 93.0778, "car_lcPushy": 0.7576, "car_lcSigma": 0.5339, "car_lcSpeedGainRight": 3.3318, "car_lcSublane": 0.0211, "car_sigma": 0.0987, "car_tau_mean": 1.4432, "car_tau_std": 6.1813, "car_v_mean": 18.5685, "car_v_std": 6.9015}, "datetime": {"datetime": "2024-08-11 17:59:33", "elapsed": 1044.605229, "delta": 3.024856}}
{"target": -0.3346743509003267, "params": {"bus_acc": 0.4144, "bus_dcc": 0.7833, "bus_lcAssertive": 33.3968, "bus_lcCooperative": 0.0681, "bus_lcLookaheadLeft": 64.7414, "bus_lcPushy": 0.3179, "bus_lcSigma": 0.5902, "bus_lcSpeedGainRight": 2.2089, "bus_lcSublane": 0.775, "bus_sigma": 0.0778, "bus_tau_mean": 1.8715, "bus_tau_std": 2.8812, "bus_v_mean": 21.4515, "bus_v_std": 7.3786, "car_acc": 2.5061, "car_dcc": 1.9421, "car_lcAssertive": 51.4602, "car_lcCooperative": 0.3609, "car_lcLookaheadLeft": 65.8093, "car_lcPushy": 0.8331, "car_lcSigma": 0.8766, "car_lcSpeedGainRight": 2.1806, "car_lcSublane": 0.6255, "car_sigma": 0.8033, "car_tau_mean": 3.8709, "car_tau_std": 8.2282, "car_v_mean": 17.1129, "car_v_std": 5.9138}, "datetime": {"datetime": "2024-08-11 17:59:38", "elapsed": 1049.148097, "delta": 4.542868}}
{"target": -0.4004344808474481, "params": {"bus_acc": 1.5867, "bus_dcc": 0.3985, "bus_lcAssertive": 27.2556, "bus_lcCooperative": 0.2639, "bus_lcLookaheadLeft": 85.4373, "bus_lcPushy": 0.3675, "bus_lcSigma": 0.6102, "bus_lcSpeedGainRight": 1.2255, "bus_lcSublane": 0.6648, "bus_sigma": 0.58, "bus_tau_mean": 0.5313, "bus_tau_std": 1.6754, "bus_v_mean": 24.7583, "bus_v_std": 4.4361, "car_acc": 1.5767, "car_dcc": 2.3562, "car_lcAssertive": 18.3139, "car_lcCooperative": 0.6987, "car_lcLookaheadLeft": 64.9955, "car_lcPushy": 0.8026, "car_lcSigma": 0.7938, "car_lcSpeedGainRight": 0.9357, "car_lcSublane": 0.171, "car_sigma": 0.2097, "car_tau_mean": 2.3481, "car_tau_std": 7.0972, "car_v_mean": 17.0515, "car_v_std": 8.4498}, "datetime": {"datetime": "2024-08-11 17:59:41", "elapsed": 1052.40581, "delta": 3.257713}}
{"target": -0.36826400836394607, "params": {"bus_acc": 3.6238, "bus_dcc": 0.6793, "bus_lcAssertive": 5.8821, "bus_lcCooperative": 0.3955, "bus_lcLookaheadLeft": 26.8113, "bus_lcPushy": 0.8121, "bus_lcSigma": 0.8261, "bus_lcSpeedGainRight": 1.5299, "bus_lcSublane": 0.5769, "bus_sigma": 0.5157, "bus_tau_mean": 2.7669, "bus_tau_std": 8.1532, "bus_v_mean": 14.5244, "bus_v_std": 14.2219, "car_acc": 0.4934, "car_dcc": 1.5397, "car_lcAssertive": 54.1967, "car_lcCooperative": 0.467, "car_lcLookaheadLeft": 38.1414, "car_lcPushy": 0.9637, "car_lcSigma": 0.2885, "car_lcSpeedGainRight": 1.3819, "car_lcSublane": 0.0858, "car_sigma": 0.0283, "car_tau_mean": 3.5219, "car_tau_std": 0.8517, "car_v_mean": 19.7693, "car_v_std": 1.8394}, "datetime": {"datetime": "2024-08-11 17:59:44", "elapsed": 1055.113161, "delta": 2.707351}}
{"target": -0.5003341139054642, "params": {"bus_acc": 3.6725, "bus_dcc": 0.5995, "bus_lcAssertive": 16.6733, "bus_lcCooperative": 0.6909, "bus_lcLookaheadLeft": 49.7679, "bus_lcPushy": 0.9796, "bus_lcSigma": 0.5017, "bus_lcSpeedGainRight": 1.4282, "bus_lcSublane": 0.146, "bus_sigma": 0.7012, "bus_tau_mean": 3.199, "bus_tau_std": 2.0408, "bus_v_mean": 23.511, "bus_v_std": 13.1157, "car_acc": 2.1165, "car_dcc": 0.3645, "car_lcAssertive": 60.1781, "car_lcCooperative": 0.8817, "car_lcLookaheadLeft": 94.0551, "car_lcPushy": 0.5393, "car_lcSigma": 0.8472, "car_lcSpeedGainRight": 4.3926, "car_lcSublane": 0.5013, "car_sigma": 0.514, "car_tau_mean": 3.6492, "car_tau_std": 7.279, "car_v_mean": 11.2314, "car_v_std": 3.2709}, "datetime": {"datetime": "2024-08-11 17:59:49", "elapsed": 1059.864448, "delta": 4.751287}}
{"target": -0.4555764411438399, "params": {"bus_acc": 0.9591, "bus_dcc": 1.9254, "bus_lcAssertive": 5.5829, "bus_lcCooperative": 0.8135, "bus_lcLookaheadLeft": 89.4226, "bus_lcPushy": 0.7293, "bus_lcSigma": 0.8708, "bus_lcSpeedGainRight": 3.9884, "bus_lcSublane": 0.5983, "bus_sigma": 0.4562, "bus_tau_mean": 3.2829, "bus_tau_std": 6.8425, "bus_v_mean": 12.4893, "bus_v_std": 3.0905, "car_acc": 1.3159, "car_dcc": 0.9232, "car_lcAssertive": 23.0069, "car_lcCooperative": 0.7854, "car_lcLookaheadLeft": 81.6035, "car_lcPushy": 0.7376, "car_lcSigma": 0.9108, "car_lcSpeedGainRight": 2.7009, "car_lcSublane": 0.6973, "car_sigma": 0.4937, "car_tau_mean": 3.4633, "car_tau_std": 3.7787, "car_v_mean": 18.5917, "car_v_std": 8.943}, "datetime": {"datetime": "2024-08-11 17:59:52", "elapsed": 1062.671335, "delta": 2.806887}}
{"target": -0.35547186241995404, "params": {"bus_acc": 3.0212, "bus_dcc": 2.0818, "bus_lcAssertive": 62.3059, "bus_lcCooperative": 0.9523, "bus_lcLookaheadLeft": 41.7142, "bus_lcPushy": 0.9966, "bus_lcSigma": 0.7972, "bus_lcSpeedGainRight": 2.6279, "bus_lcSublane": 0.2856, "bus_sigma": 0.7787, "bus_tau_mean": 2.5565, "bus_tau_std": 3.9723, "bus_v_mean": 11.0833, "bus_v_std": 4.3184, "car_acc": 2.0597, "car_dcc": 2.6197, "car_lcAssertive": 22.9584, "car_lcCooperative": 0.6022, "car_lcLookaheadLeft": 65.8583, "car_lcPushy": 0.9245, "car_lcSigma": 0.8343, "car_lcSpeedGainRight": 2.3863, "car_lcSublane": 0.8364, "car_sigma": 0.1085, "car_tau_mean": 0.7314, "car_tau_std": 5.8662, "car_v_mean": 23.3905, "car_v_std": 4.8809}, "datetime": {"datetime": "2024-08-11 17:59:54", "elapsed": 1065.538037, "delta": 2.866702}}
{"target": -0.4881581869105331, "params": {"bus_acc": 2.791, "bus_dcc": 1.4041, "bus_lcAssertive": 98.5678, "bus_lcCooperative": 0.1783, "bus_lcLookaheadLeft": 12.0, "bus_lcPushy": 0.3083, "bus_lcSigma": 0.8825, "bus_lcSpeedGainRight": 3.3713, "bus_lcSublane": 0.4623, "bus_sigma": 0.1019, "bus_tau_mean": 2.8821, "bus_tau_std": 6.7031, "bus_v_mean": 23.8193, "bus_v_std": 8.9834, "car_acc": 2.2979, "car_dcc": 2.4563, "car_lcAssertive": 4.4959, "car_lcCooperative": 0.6116, "car_lcLookaheadLeft": 5.7185, "car_lcPushy": 0.675, "car_lcSigma": 0.7001, "car_lcSpeedGainRight": 3.6586, "car_lcSublane": 0.9917, "car_sigma": 0.107, "car_tau_mean": 3.4505, "car_tau_std": 9.9505, "car_v_mean": 12.6832, "car_v_std": 0.2179}, "datetime": {"datetime": "2024-08-11 17:59:59", "elapsed": 1070.538179, "delta": 5.000142}}
{"target": -0.4264484579863825, "params": {"bus_acc": 2.7586, "bus_dcc": 1.6811, "bus_lcAssertive": 1.1942, "bus_lcCooperative": 0.9638, "bus_lcLookaheadLeft": 22.2094, "bus_lcPushy": 0.2138, "bus_lcSigma": 0.019, "bus_lcSpeedGainRight": 3.6141, "bus_lcSublane": 0.7063, "bus_sigma": 0.6865, "bus_tau_mean": 0.8073, "bus_tau_std": 0.1325, "bus_v_mean": 16.1208, "bus_v_std": 16.8336, "car_acc": 1.4629, "car_dcc": 1.5459, "car_lcAssertive": 48.0547, "car_lcCooperative": 0.2134, "car_lcLookaheadLeft": 50.8385, "car_lcPushy": 0.9146, "car_lcSigma": 0.6738, "car_lcSpeedGainRight": 0.8224, "car_lcSublane": 0.438, "car_sigma": 0.2037, "car_tau_mean": 2.8462, "car_tau_std": 7.6218, "car_v_mean": 8.8057, "car_v_std": 13.403}, "datetime": {"datetime": "2024-08-11 18:00:05", "elapsed": 1076.115928, "delta": 5.577749}}
{"target": -0.5487008244757828, "params": {"bus_acc": 2.8205, "bus_dcc": 1.9884, "bus_lcAssertive": 91.0826, "bus_lcCooperative": 0.9894, "bus_lcLookaheadLeft": 12.8928, "bus_lcPushy": 0.5945, "bus_lcSigma": 0.5823, "bus_lcSpeedGainRight": 3.463, "bus_lcSublane": 0.3911, "bus_sigma": 0.9134, "bus_tau_mean": 3.6243, "bus_tau_std": 3.0274, "bus_v_mean": 13.0501, "bus_v_std": 17.8619, "car_acc": 2.8482, "car_dcc": 0.2887, "car_lcAssertive": 91.9801, "car_lcCooperative": 0.864, "car_lcLookaheadLeft": 58.825, "car_lcPushy": 0.5718, "car_lcSigma": 0.2578, "car_lcSpeedGainRight": 2.6913, "car_lcSublane": 0.8449, "car_sigma": 0.9046, "car_tau_mean": 1.9787, "car_tau_std": 4.0971, "car_v_mean": 10.8907, "car_v_std": 18.7502}, "datetime": {"datetime": "2024-08-11 18:00:07", "elapsed": 1078.429845, "delta": 2.313917}}
{"target": -0.47135160642205004, "params": {"bus_acc": 3.1635, "bus_dcc": 2.9194, "bus_lcAssertive": 68.2392, "bus_lcCooperative": 0.007, "bus_lcLookaheadLeft": 20.2668, "bus_lcPushy": 0.5165, "bus_lcSigma": 0.9768, "bus_lcSpeedGainRight": 4.5782, "bus_lcSublane": 0.0416, "bus_sigma": 0.2828, "bus_tau_mean": 2.5376, "bus_tau_std": 1.0934, "bus_v_mean": 24.6839, "bus_v_std": 9.3171, "car_acc": 2.3001, "car_dcc": 0.8178, "car_lcAssertive": 87.0203, "car_lcCooperative": 0.347, "car_lcLookaheadLeft": 49.9646, "car_lcPushy": 0.9615, "car_lcSigma": 0.5905, "car_lcSpeedGainRight": 4.2046, "car_lcSublane": 0.2702, "car_sigma": 0.4183, "car_tau_mean": 1.4648, "car_tau_std": 4.7962, "car_v_mean": 20.2382, "car_v_std": 13.3544}, "datetime": {"datetime": "2024-08-11 18:00:09", "elapsed": 1080.611026, "delta": 2.181181}}
{"target": -0.4212890811989103, "params": {"bus_acc": 0.4229, "bus_dcc": 2.6706, "bus_lcAssertive": 30.5561, "bus_lcCooperative": 0.6907, "bus_lcLookaheadLeft": 26.5424, "bus_lcPushy": 0.4246, "bus_lcSigma": 0.7882, "bus_lcSpeedGainRight": 3.8373, "bus_lcSublane": 0.659, "bus_sigma": 0.0934, "bus_tau_mean": 3.6189, "bus_tau_std": 5.7767, "bus_v_mean": 8.4784, "bus_v_std": 15.2929, "car_acc": 1.5642, "car_dcc": 1.374, "car_lcAssertive": 31.0463, "car_lcCooperative": 0.8729, "car_lcLookaheadLeft": 3.7921, "car_lcPushy": 0.3537, "car_lcSigma": 0.7626, "car_lcSpeedGainRight": 0.1459, "car_lcSublane": 0.3189, "car_sigma": 0.2562, "car_tau_mean": 1.5781, "car_tau_std": 4.0913, "car_v_mean": 9.932, "car_v_std": 0.5327}, "datetime": {"datetime": "2024-08-11 18:00:13", "elapsed": 1084.493094, "delta": 3.882068}}
{"target": -0.524825852454179, "params": {"bus_acc": 3.3659, "bus_dcc": 1.1395, "bus_lcAssertive": 94.321, "bus_lcCooperative": 0.208, "bus_lcLookaheadLeft": 93.3277, "bus_lcPushy": 0.731, "bus_lcSigma": 0.8778, "bus_lcSpeedGainRight": 1.7571, "bus_lcSublane": 0.4874, "bus_sigma": 0.5959, "bus_tau_mean": 1.0313, "bus_tau_std": 7.5169, "bus_v_mean": 22.6697, "bus_v_std": 7.558, "car_acc": 2.5712, "car_dcc": 1.3335, "car_lcAssertive": 98.0322, "car_lcCooperative": 0.413, "car_lcLookaheadLeft": 24.516, "car_lcPushy": 0.7912, "car_lcSigma": 0.4273, "car_lcSpeedGainRight": 2.887, "car_lcSublane": 0.9862, "car_sigma": 0.6965, "car_tau_mean": 3.2158, "car_tau_std": 0.7662, "car_v_mean": 18.1772, "car_v_std": 5.6557}, "datetime": {"datetime": "2024-08-11 18:00:16", "elapsed": 1087.042361, "delta": 2.549267}}
{"target": -0.3496198364698068, "params": {"bus_acc": 1.4267, "bus_dcc": 1.1436, "bus_lcAssertive": 99.0236, "bus_lcCooperative": 0.1328, "bus_lcLookaheadLeft": 98.0485, "bus_lcPushy": 0.8686, "bus_lcSigma": 0.6924, "bus_lcSpeedGainRight": 3.8345, "bus_lcSublane": 0.8252, "bus_sigma": 0.35, "bus_tau_mean": 1.497, "bus_tau_std": 4.1945, "bus_v_mean": 11.9974, "bus_v_std": 18.8808, "car_acc": 2.1137, "car_dcc": 2.977, "car_lcAssertive": 63.5798, "car_lcCooperative": 0.7186, "car_lcLookaheadLeft": 63.2783, "car_lcPushy": 0.446, "car_lcSigma": 0.7617, "car_lcSpeedGainRight": 2.2078, "car_lcSublane": 0.1837, "car_sigma": 0.1466, "car_tau_mean": 2.1623, "car_tau_std": 2.8033, "car_v_mean": 18.2233, "car_v_std": 3.6103}, "datetime": {"datetime": "2024-08-11 18:00:19", "elapsed": 1089.892074, "delta": 2.849713}}
