{"target": -0.34156731931532697, "params": {"bus_acc": 3.2855, "bus_dcc": 2.3965, "bus_lcAssertive": 60.1035, "bus_lcCooperative": 0.8967, "bus_lcLookaheadLeft": 31.5254, "bus_lcPushy": 0.7684, "bus_lcSigma": 0.4212, "bus_lcSpeedGainRight": 2.2124, "bus_lcSublane": 0.6934, "bus_sigma": 0.728, "bus_tau_mean": 0.9002, "bus_tau_std": 9.9142, "bus_v_mean": 24.764, "bus_v_std": 4.9468, "car_acc": 2.1378, "car_dcc": 1.2089, "car_lcAssertive": 20.19, "car_lcCooperative": 0.1768, "car_lcLookaheadLeft": 21.176, "car_lcPushy": 0.9565, "car_lcSigma": 0.832, "car_lcSpeedGainRight": 3.084, "car_lcSublane": 0.0898, "car_sigma": 0.8701, "car_tau_mean": 1.3671, "car_tau_std": 4.5835, "car_v_mean": 13.6585, "car_v_std": 15.1961}, "datetime": {"datetime": "2024-08-11 19:01:45", "elapsed": 4775.702909, "delta": 5.02724}}
{"target": -0.3896540313056575, "params": {"bus_acc": 1.8055, "bus_dcc": 3.7735, "bus_lcAssertive": 93.0113, "bus_lcCooperative": 0.754, "bus_lcLookaheadLeft": 23.896, "bus_lcPushy": 0.5741, "bus_lcSigma": 0.6926, "bus_lcSpeedGainRight": 3.1057, "bus_lcSublane": 0.3834, "bus_sigma": 0.5914, "bus_tau_mean": 3.6776, "bus_tau_std": 6.5596, "bus_v_mean": 11.6179, "bus_v_std": 2.7975, "car_acc": 2.6431, "car_dcc": 3.6814, "car_lcAssertive": 88.9805, "car_lcCooperative": 0.3355, "car_lcLookaheadLeft": 73.6798, "car_lcPushy": 0.6943, "car_lcSigma": 0.5387, "car_lcSpeedGainRight": 2.1502, "car_lcSublane": 0.1414, "car_sigma": 0.081, "car_tau_mean": 0.8686, "car_tau_std": 2.0728, "car_v_mean": 8.1265, "car_v_std": 4.1088}, "datetime": {"datetime": "2024-08-11 19:01:49", "elapsed": 4780.624099, "delta": 4.92119}}
{"target": -0.3243314434201778, "params": {"bus_acc": 1.2624, "bus_dcc": 3.3278, "bus_lcAssertive": 63.1378, "bus_lcCooperative": 0.972, "bus_lcLookaheadLeft": 31.9496, "bus_lcPushy": 0.2028, "bus_lcSigma": 0.1814, "bus_lcSpeedGainRight": 1.1306, "bus_lcSublane": 0.0004, "bus_sigma": 0.4827, "bus_tau_mean": 3.9802, "bus_tau_std": 4.2694, "bus_v_mean": 21.3614, "bus_v_std": 12.9549, "car_acc": 0.8864, "car_dcc": 2.8107, "car_lcAssertive": 94.7601, "car_lcCooperative": 0.3467, "car_lcLookaheadLeft": 71.9621, "car_lcPushy": 0.3434, "car_lcSigma": 0.987, "car_lcSpeedGainRight": 2.7316, "car_lcSublane": 0.8616, "car_sigma": 0.1573, "car_tau_mean": 0.9303, "car_tau_std": 7.957, "car_v_mean": 12.6578, "car_v_std": 11.0358}, "datetime": {"datetime": "2024-08-11 19:01:58", "elapsed": 4788.949109, "delta": 8.32501}}
{"target": -0.4173214654853909, "params": {"bus_acc": 3.1012, "bus_dcc": 3.9022, "bus_lcAssertive": 16.9545, "bus_lcCooperative": 0.7905, "bus_lcLookaheadLeft": 81.7137, "bus_lcPushy": 0.2256, "bus_lcSigma": 0.7447, "bus_lcSpeedGainRight": 1.3556, "bus_lcSublane": 0.7416, "bus_sigma": 0.6173, "bus_tau_mean": 2.1072, "bus_tau_std": 1.0583, "bus_v_mean": 17.3297, "bus_v_std": 5.0426, "car_acc": 3.8752, "car_dcc": 1.3148, "car_lcAssertive": 43.0943, "car_lcCooperative": 0.3339, "car_lcLookaheadLeft": 84.8981, "car_lcPushy": 0.1054, "car_lcSigma": 0.0008, "car_lcSpeedGainRight": 3.4364, "car_lcSublane": 0.3885, "car_sigma": 0.0448, "car_tau_mean": 3.4747, "car_tau_std": 6.3593, "car_v_mean": 16.3488, "car_v_std": 3.7149}, "datetime": {"datetime": "2024-08-11 19:02:06", "elapsed": 4796.686539, "delta": 7.73743}}
{"target": -0.4001641837554115, "params": {"bus_acc": 2.8818, "bus_dcc": 2.8472, "bus_lcAssertive": 96.7444, "bus_lcCooperative": 0.3635, "bus_lcLookaheadLeft": 61.0095, "bus_lcPushy": 0.118, "bus_lcSigma": 0.797, "bus_lcSpeedGainRight": 4.6798, "bus_lcSublane": 0.3272, "bus_sigma": 0.9057, "bus_tau_mean": 3.6794, "bus_tau_std": 4.5431, "bus_v_mean": 18.3848, "bus_v_std": 15.2341, "car_acc": 2.5137, "car_dcc": 1.0168, "car_lcAssertive": 73.4189, "car_lcCooperative": 0.8185, "car_lcLookaheadLeft": 93.9964, "car_lcPushy": 0.02, "car_lcSigma": 0.3184, "car_lcSpeedGainRight": 3.4573, "car_lcSublane": 0.8952, "car_sigma": 0.649, "car_tau_mean": 2.0894, "car_tau_std": 9.0381, "car_v_mean": 16.2403, "car_v_std": 2.5822}, "datetime": {"datetime": "2024-08-11 19:02:12", "elapsed": 4802.78699, "delta": 6.100451}}
{"target": -0.4455569434713975, "params": {"bus_acc": 1.582, "bus_dcc": 3.7466, "bus_lcAssertive": 22.7328, "bus_lcCooperative": 0.9604, "bus_lcLookaheadLeft": 40.4337, "bus_lcPushy": 0.2147, "bus_lcSigma": 0.8686, "bus_lcSpeedGainRight": 1.0536, "bus_lcSublane": 0.9962, "bus_sigma": 0.3615, "bus_tau_mean": 3.4379, "bus_tau_std": 5.6946, "bus_v_mean": 19.4361, "bus_v_std": 13.51, "car_acc": 0.6549, "car_dcc": 1.7505, "car_lcAssertive": 81.0778, "car_lcCooperative": 0.2682, "car_lcLookaheadLeft": 87.5204, "car_lcPushy": 0.9308, "car_lcSigma": 0.0388, "car_lcSpeedGainRight": 0.0381, "car_lcSublane": 0.329, "car_sigma": 0.2147, "car_tau_mean": 3.3123, "car_tau_std": 6.6962, "car_v_mean": 18.2691, "car_v_std": 10.283}, "datetime": {"datetime": "2024-08-11 19:02:17", "elapsed": 4808.037922, "delta": 5.250932}}
{"target": -0.45762086568776783, "params": {"bus_acc": 1.4369, "bus_dcc": 1.3545, "bus_lcAssertive": 63.2093, "bus_lcCooperative": 0.5875, "bus_lcLookaheadLeft": 82.1916, "bus_lcPushy": 0.1407, "bus_lcSigma": 0.0624, "bus_lcSpeedGainRight": 3.8682, "bus_lcSublane": 0.6582, "bus_sigma": 0.5228, "bus_tau_mean": 3.9478, "bus_tau_std": 3.0321, "bus_v_mean": 9.1504, "bus_v_std": 5.3686, "car_acc": 3.8085, "car_dcc": 3.038, "car_lcAssertive": 8.8021, "car_lcCooperative": 0.1414, "car_lcLookaheadLeft": 10.9401, "car_lcPushy": 0.3345, "car_lcSigma": 0.4971, "car_lcSpeedGainRight": 0.6829, "car_lcSublane": 0.4962, "car_sigma": 0.1544, "car_tau_mean": 1.4229, "car_tau_std": 7.2617, "car_v_mean": 15.4267, "car_v_std": 19.0211}, "datetime": {"datetime": "2024-08-11 19:02:24", "elapsed": 4815.370801, "delta": 7.332879}}
{"target": -0.39972971838676274, "params": {"bus_acc": 2.2287, "bus_dcc": 1.4692, "bus_lcAssertive": 61.8934, "bus_lcCooperative": 0.8365, "bus_lcLookaheadLeft": 90.5572, "bus_lcPushy": 0.7284, "bus_lcSigma": 0.5523, "bus_lcSpeedGainRight": 0.2195, "bus_lcSublane": 0.1648, "bus_sigma": 0.7154, "bus_tau_mean": 3.5384, "bus_tau_std": 3.2392, "bus_v_mean": 24.8696, "bus_v_std": 11.9994, "car_acc": 2.5374, "car_dcc": 1.367, "car_lcAssertive": 26.568, "car_lcCooperative": 0.2446, "car_lcLookaheadLeft": 71.1476, "car_lcPushy": 0.3349, "car_lcSigma": 0.1272, "car_lcSpeedGainRight": 4.7409, "car_lcSublane": 0.0825, "car_sigma": 0.7217, "car_tau_mean": 1.8338, "car_tau_std": 1.8898, "car_v_mean": 17.9201, "car_v_std": 15.1061}, "datetime": {"datetime": "2024-08-11 19:02:30", "elapsed": 4821.394435, "delta": 6.023634}}
{"target": -0.408799247381837, "params": {"bus_acc": 1.5443, "bus_dcc": 2.8291, "bus_lcAssertive": 22.2899, "bus_lcCooperative": 0.9578, "bus_lcLookaheadLeft": 67.5848, "bus_lcPushy": 0.9276, "bus_lcSigma": 0.4996, "bus_lcSpeedGainRight": 3.9959, "bus_lcSublane": 0.0704, "bus_sigma": 0.8761, "bus_tau_mean": 2.2405, "bus_tau_std": 5.0808, "bus_v_mean": 24.5624, "bus_v_std": 16.3243, "car_acc": 2.8318, "car_dcc": 2.3173, "car_lcAssertive": 45.1193, "car_lcCooperative": 0.067, "car_lcLookaheadLeft": 45.4832, "car_lcPushy": 0.7929, "car_lcSigma": 0.921, "car_lcSpeedGainRight": 1.1433, "car_lcSublane": 0.4422, "car_sigma": 0.1422, "car_tau_mean": 0.5384, "car_tau_std": 1.0972, "car_v_mean": 17.4932, "car_v_std": 7.6008}, "datetime": {"datetime": "2024-08-11 19:02:35", "elapsed": 4826.239241, "delta": 4.844806}}
{"target": -0.5068611006059475, "params": {"bus_acc": 3.1619, "bus_dcc": 2.6391, "bus_lcAssertive": 68.4458, "bus_lcCooperative": 0.362, "bus_lcLookaheadLeft": 6.3526, "bus_lcPushy": 0.2617, "bus_lcSigma": 0.2258, "bus_lcSpeedGainRight": 3.3218, "bus_lcSublane": 0.8092, "bus_sigma": 0.9324, "bus_tau_mean": 2.7138, "bus_tau_std": 6.3231, "bus_v_mean": 23.6553, "bus_v_std": 11.1637, "car_acc": 3.7551, "car_dcc": 3.9284, "car_lcAssertive": 50.4815, "car_lcCooperative": 0.584, "car_lcLookaheadLeft": 38.9226, "car_lcPushy": 0.5568, "car_lcSigma": 0.9162, "car_lcSpeedGainRight": 0.2918, "car_lcSublane": 0.6087, "car_sigma": 0.7729, "car_tau_mean": 2.6068, "car_tau_std": 5.3551, "car_v_mean": 10.3992, "car_v_std": 5.5821}, "datetime": {"datetime": "2024-08-11 19:02:42", "elapsed": 4832.713701, "delta": 6.47446}}
{"target": -0.4095654583383521, "params": {"bus_acc": 0.6683, "bus_dcc": 3.8413, "bus_lcAssertive": 39.6869, "bus_lcCooperative": 0.8173, "bus_lcLookaheadLeft": 61.8107, "bus_lcPushy": 0.0614, "bus_lcSigma": 0.4636, "bus_lcSpeedGainRight": 2.3271, "bus_lcSublane": 0.3409, "bus_sigma": 0.4413, "bus_tau_mean": 0.7162, "bus_tau_std": 2.611, "bus_v_mean": 12.7206, "bus_v_std": 1.5347, "car_acc": 3.3405, "car_dcc": 0.4095, "car_lcAssertive": 46.505, "car_lcCooperative": 0.4008, "car_lcLookaheadLeft": 42.9297, "car_lcPushy": 0.3564, "car_lcSigma": 0.84, "car_lcSpeedGainRight": 4.1626, "car_lcSublane": 0.2569, "car_sigma": 0.3673, "car_tau_mean": 1.7602, "car_tau_std": 3.1177, "car_v_mean": 14.6031, "car_v_std": 6.8868}, "datetime": {"datetime": "2024-08-11 19:02:50", "elapsed": 4840.674994, "delta": 7.961293}}
{"target": -0.44185375258278964, "params": {"bus_acc": 2.3096, "bus_dcc": 3.9311, "bus_lcAssertive": 70.6212, "bus_lcCooperative": 0.6693, "bus_lcLookaheadLeft": 63.1974, "bus_lcPushy": 0.316, "bus_lcSigma": 0.7085, "bus_lcSpeedGainRight": 1.1073, "bus_lcSublane": 0.8609, "bus_sigma": 0.8247, "bus_tau_mean": 3.3325, "bus_tau_std": 4.2611, "bus_v_mean": 13.9792, "bus_v_std": 9.557, "car_acc": 2.7031, "car_dcc": 2.4784, "car_lcAssertive": 9.9857, "car_lcCooperative": 0.4238, "car_lcLookaheadLeft": 94.7384, "car_lcPushy": 0.2416, "car_lcSigma": 0.6247, "car_lcSpeedGainRight": 3.768, "car_lcSublane": 0.9155, "car_sigma": 0.1763, "car_tau_mean": 1.9475, "car_tau_std": 7.1994, "car_v_mean": 13.7765, "car_v_std": 6.8152}, "datetime": {"datetime": "2024-08-11 19:02:53", "elapsed": 4843.933941, "delta": 3.258947}}
{"target": -0.36478855862870835, "params": {"bus_acc": 1.9114, "bus_dcc": 3.4904, "bus_lcAssertive": 45.5903, "bus_lcCooperative": 0.8023, "bus_lcLookaheadLeft": 81.8816, "bus_lcPushy": 0.2985, "bus_lcSigma": 0.6686, "bus_lcSpeedGainRight": 3.9015, "bus_lcSublane": 0.3998, "bus_sigma": 0.811, "bus_tau_mean": 3.7268, "bus_tau_std": 8.9525, "bus_v_mean": 11.0737, "bus_v_std": 1.6402, "car_acc": 0.9188, "car_dcc": 2.1196, "car_lcAssertive": 95.0444, "car_lcCooperative": 0.525, "car_lcLookaheadLeft": 27.2796, "car_lcPushy": 0.1551, "car_lcSigma": 0.4208, "car_lcSpeedGainRight": 3.834, "car_lcSublane": 0.0594, "car_sigma": 0.5667, "car_tau_mean": 1.3758, "car_tau_std": 0.8795, "car_v_mean": 13.5581, "car_v_std": 19.9059}, "datetime": {"datetime": "2024-08-11 19:03:01", "elapsed": 4851.821378, "delta": 7.887437}}
{"target": -0.3838438263391, "params": {"bus_acc": 1.2575, "bus_dcc": 3.1078, "bus_lcAssertive": 29.0085, "bus_lcCooperative": 0.1297, "bus_lcLookaheadLeft": 80.0248, "bus_lcPushy": 0.9303, "bus_lcSigma": 0.9747, "bus_lcSpeedGainRight": 2.4626, "bus_lcSublane": 0.8597, "bus_sigma": 0.1966, "bus_tau_mean": 3.753, "bus_tau_std": 0.2758, "bus_v_mean": 20.0431, "bus_v_std": 13.2868, "car_acc": 0.2587, "car_dcc": 0.6973, "car_lcAssertive": 99.8025, "car_lcCooperative": 0.3492, "car_lcLookaheadLeft": 33.3244, "car_lcPushy": 0.332, "car_lcSigma": 0.0649, "car_lcSpeedGainRight": 4.6868, "car_lcSublane": 0.5932, "car_sigma": 0.7028, "car_tau_mean": 0.6624, "car_tau_std": 5.2439, "car_v_mean": 10.8193, "car_v_std": 9.9097}, "datetime": {"datetime": "2024-08-11 19:03:07", "elapsed": 4857.882655, "delta": 6.061277}}
{"target": -0.45208387782625925, "params": {"bus_acc": 1.4474, "bus_dcc": 0.3697, "bus_lcAssertive": 92.4744, "bus_lcCooperative": 0.0065, "bus_lcLookaheadLeft": 32.5322, "bus_lcPushy": 0.9205, "bus_lcSigma": 0.545, "bus_lcSpeedGainRight": 1.7524, "bus_lcSublane": 0.4193, "bus_sigma": 0.1894, "bus_tau_mean": 3.7692, "bus_tau_std": 0.3979, "bus_v_mean": 24.7558, "bus_v_std": 16.9154, "car_acc": 3.9266, "car_dcc": 1.5234, "car_lcAssertive": 46.5781, "car_lcCooperative": 0.4776, "car_lcLookaheadLeft": 50.6787, "car_lcPushy": 0.9543, "car_lcSigma": 0.6286, "car_lcSpeedGainRight": 1.9625, "car_lcSublane": 0.0826, "car_sigma": 0.7349, "car_tau_mean": 3.5533, "car_tau_std": 9.6557, "car_v_mean": 15.3576, "car_v_std": 12.705}, "datetime": {"datetime": "2024-08-11 19:03:11", "elapsed": 4861.844241, "delta": 3.961586}}
{"target": -0.4694777600463456, "params": {"bus_acc": 2.9109, "bus_dcc": 2.0883, "bus_lcAssertive": 55.5548, "bus_lcCooperative": 0.9766, "bus_lcLookaheadLeft": 39.1024, "bus_lcPushy": 0.5694, "bus_lcSigma": 0.535, "bus_lcSpeedGainRight": 4.5925, "bus_lcSublane": 0.8044, "bus_sigma": 0.7313, "bus_tau_mean": 0.9482, "bus_tau_std": 2.7037, "bus_v_mean": 19.2427, "bus_v_std": 9.9974, "car_acc": 2.6683, "car_dcc": 2.9941, "car_lcAssertive": 8.3196, "car_lcCooperative": 0.3745, "car_lcLookaheadLeft": 18.8319, "car_lcPushy": 0.0723, "car_lcSigma": 0.0881, "car_lcSpeedGainRight": 3.8241, "car_lcSublane": 0.0967, "car_sigma": 0.2914, "car_tau_mean": 3.0075, "car_tau_std": 4.5233, "car_v_mean": 10.4663, "car_v_std": 18.2339}, "datetime": {"datetime": "2024-08-11 19:03:15", "elapsed": 4865.672033, "delta": 3.827792}}
{"target": -0.26482969321872435, "params": {"bus_acc": 0.5054, "bus_dcc": 0.4033, "bus_lcAssertive": 95.2512, "bus_lcCooperative": 0.4753, "bus_lcLookaheadLeft": 45.142, "bus_lcPushy": 0.967, "bus_lcSigma": 0.8987, "bus_lcSpeedGainRight": 1.9891, "bus_lcSublane": 0.7044, "bus_sigma": 0.3418, "bus_tau_mean": 1.2844, "bus_tau_std": 3.5082, "bus_v_mean": 9.1072, "bus_v_std": 1.4589, "car_acc": 0.2564, "car_dcc": 0.4483, "car_lcAssertive": 94.0074, "car_lcCooperative": 0.6825, "car_lcLookaheadLeft": 92.4697, "car_lcPushy": 0.9263, "car_lcSigma": 0.6681, "car_lcSpeedGainRight": 3.2537, "car_lcSublane": 0.6135, "car_sigma": 0.197, "car_tau_mean": 1.5033, "car_tau_std": 6.6579, "car_v_mean": 15.0041, "car_v_std": 14.924}, "datetime": {"datetime": "2024-08-11 19:03:18", "elapsed": 4869.402345, "delta": 3.730312}}
{"target": -0.4822246636393195, "params": {"bus_acc": 2.4399, "bus_dcc": 1.3648, "bus_lcAssertive": 7.705, "bus_lcCooperative": 0.0154, "bus_lcLookaheadLeft": 2.8022, "bus_lcPushy": 0.6232, "bus_lcSigma": 0.9065, "bus_lcSpeedGainRight": 4.4185, "bus_lcSublane": 0.2036, "bus_sigma": 0.1992, "bus_tau_mean": 0.9654, "bus_tau_std": 6.1481, "bus_v_mean": 12.2641, "bus_v_std": 14.8978, "car_acc": 2.1975, "car_dcc": 1.7308, "car_lcAssertive": 43.2785, "car_lcCooperative": 0.5575, "car_lcLookaheadLeft": 92.9605, "car_lcPushy": 0.4859, "car_lcSigma": 0.5752, "car_lcSpeedGainRight": 4.4329, "car_lcSublane": 0.1409, "car_sigma": 0.3502, "car_tau_mean": 3.982, "car_tau_std": 1.8467, "car_v_mean": 23.322, "car_v_std": 14.8318}, "datetime": {"datetime": "2024-08-11 19:03:23", "elapsed": 4874.412147, "delta": 5.009802}}
{"target": -0.408553694665905, "params": {"bus_acc": 3.6639, "bus_dcc": 2.2075, "bus_lcAssertive": 37.3222, "bus_lcCooperative": 0.2705, "bus_lcLookaheadLeft": 90.2864, "bus_lcPushy": 0.5141, "bus_lcSigma": 0.7345, "bus_lcSpeedGainRight": 4.8341, "bus_lcSublane": 0.493, "bus_sigma": 0.7955, "bus_tau_mean": 2.3593, "bus_tau_std": 6.9692, "bus_v_mean": 17.7194, "bus_v_std": 15.7672, "car_acc": 3.9552, "car_dcc": 0.9639, "car_lcAssertive": 50.7517, "car_lcCooperative": 0.423, "car_lcLookaheadLeft": 92.9151, "car_lcPushy": 0.4353, "car_lcSigma": 0.0695, "car_lcSpeedGainRight": 1.6719, "car_lcSublane": 0.5858, "car_sigma": 0.9903, "car_tau_mean": 1.6722, "car_tau_std": 5.3178, "car_v_mean": 11.7363, "car_v_std": 16.9632}, "datetime": {"datetime": "2024-08-11 19:03:27", "elapsed": 4878.317254, "delta": 3.905107}}
{"target": -0.5793211942250373, "params": {"bus_acc": 2.2215, "bus_dcc": 3.1926, "bus_lcAssertive": 47.4275, "bus_lcCooperative": 0.4965, "bus_lcLookaheadLeft": 73.4725, "bus_lcPushy": 0.341, "bus_lcSigma": 0.5778, "bus_lcSpeedGainRight": 3.6578, "bus_lcSublane": 0.2669, "bus_sigma": 0.6305, "bus_tau_mean": 3.8144, "bus_tau_std": 2.1142, "bus_v_mean": 17.774, "bus_v_std": 19.4909, "car_acc": 3.1135, "car_dcc": 1.4194, "car_lcAssertive": 2.3263, "car_lcCooperative": 0.0205, "car_lcLookaheadLeft": 77.2921, "car_lcPushy": 0.816, "car_lcSigma": 0.6452, "car_lcSpeedGainRight": 1.7977, "car_lcSublane": 0.1552, "car_sigma": 0.6334, "car_tau_mean": 2.1122, "car_tau_std": 8.1206, "car_v_mean": 15.8607, "car_v_std": 4.3352}, "datetime": {"datetime": "2024-08-11 19:03:31", "elapsed": 4882.450863, "delta": 4.133609}}
{"target": -0.5005946163785588, "params": {"bus_acc": 0.9357, "bus_dcc": 2.3699, "bus_lcAssertive": 74.3479, "bus_lcCooperative": 0.0742, "bus_lcLookaheadLeft": 63.6416, "bus_lcPushy": 0.5196, "bus_lcSigma": 0.1587, "bus_lcSpeedGainRight": 2.6462, "bus_lcSublane": 0.1173, "bus_sigma": 0.0405, "bus_tau_mean": 1.6906, "bus_tau_std": 4.07, "bus_v_mean": 15.9874, "bus_v_std": 4.4129, "car_acc": 1.432, "car_dcc": 0.2213, "car_lcAssertive": 20.5311, "car_lcCooperative": 0.3038, "car_lcLookaheadLeft": 89.4606, "car_lcPushy": 0.1365, "car_lcSigma": 0.5789, "car_lcSpeedGainRight": 1.3031, "car_lcSublane": 0.4306, "car_sigma": 0.3453, "car_tau_mean": 1.7153, "car_tau_std": 2.3284, "car_v_mean": 13.1099, "car_v_std": 14.7535}, "datetime": {"datetime": "2024-08-11 19:03:35", "elapsed": 4886.584322, "delta": 4.133459}}
{"target": -0.3428661867655662, "params": {"bus_acc": 0.7934, "bus_dcc": 3.5668, "bus_lcAssertive": 51.9089, "bus_lcCooperative": 0.8588, "bus_lcLookaheadLeft": 70.2858, "bus_lcPushy": 0.3076, "bus_lcSigma": 0.0597, "bus_lcSpeedGainRight": 2.0737, "bus_lcSublane": 0.1182, "bus_sigma": 0.4966, "bus_tau_mean": 2.3696, "bus_tau_std": 6.6585, "bus_v_mean": 20.9419, "bus_v_std": 10.0785, "car_acc": 1.8164, "car_dcc": 2.35, "car_lcAssertive": 46.6355, "car_lcCooperative": 0.5486, "car_lcLookaheadLeft": 74.7537, "car_lcPushy": 0.1371, "car_lcSigma": 0.376, "car_lcSpeedGainRight": 2.1567, "car_lcSublane": 0.3734, "car_sigma": 0.2595, "car_tau_mean": 3.7861, "car_tau_std": 8.2825, "car_v_mean": 23.888, "car_v_std": 9.7057}, "datetime": {"datetime": "2024-08-11 19:03:42", "elapsed": 4893.075571, "delta": 6.491249}}
{"target": -0.4779210252871349, "params": {"bus_acc": 2.4078, "bus_dcc": 2.6748, "bus_lcAssertive": 20.6292, "bus_lcCooperative": 0.411, "bus_lcLookaheadLeft": 5.8485, "bus_lcPushy": 0.946, "bus_lcSigma": 0.6975, "bus_lcSpeedGainRight": 1.6961, "bus_lcSublane": 0.9049, "bus_sigma": 0.1054, "bus_tau_mean": 2.4042, "bus_tau_std": 4.8936, "bus_v_mean": 21.3133, "bus_v_std": 4.8512, "car_acc": 1.921, "car_dcc": 1.2982, "car_lcAssertive": 91.292, "car_lcCooperative": 0.7416, "car_lcLookaheadLeft": 34.7576, "car_lcPushy": 0.8233, "car_lcSigma": 0.1248, "car_lcSpeedGainRight": 2.7188, "car_lcSublane": 0.2118, "car_sigma": 0.7701, "car_tau_mean": 3.3746, "car_tau_std": 0.9682, "car_v_mean": 15.4599, "car_v_std": 18.6579}, "datetime": {"datetime": "2024-08-11 19:03:46", "elapsed": 4897.247833, "delta": 4.172262}}
{"target": -0.44073493070801223, "params": {"bus_acc": 2.6901, "bus_dcc": 3.9069, "bus_lcAssertive": 74.924, "bus_lcCooperative": 0.109, "bus_lcLookaheadLeft": 39.789, "bus_lcPushy": 0.5006, "bus_lcSigma": 0.6688, "bus_lcSpeedGainRight": 3.3436, "bus_lcSublane": 0.8114, "bus_sigma": 0.7358, "bus_tau_mean": 0.656, "bus_tau_std": 3.6199, "bus_v_mean": 23.7596, "bus_v_std": 2.7195, "car_acc": 2.6051, "car_dcc": 3.8923, "car_lcAssertive": 21.3752, "car_lcCooperative": 0.2077, "car_lcLookaheadLeft": 35.9323, "car_lcPushy": 0.7961, "car_lcSigma": 0.5564, "car_lcSpeedGainRight": 0.178, "car_lcSublane": 0.7461, "car_sigma": 0.9325, "car_tau_mean": 2.216, "car_tau_std": 5.1986, "car_v_mean": 16.7172, "car_v_std": 16.1921}, "datetime": {"datetime": "2024-08-11 19:03:52", "elapsed": 4903.100891, "delta": 5.853058}}
{"target": -0.2694457306495019, "params": {"bus_acc": 2.1326, "bus_dcc": 3.5563, "bus_lcAssertive": 51.1792, "bus_lcCooperative": 0.8992, "bus_lcLookaheadLeft": 30.7402, "bus_lcPushy": 0.0155, "bus_lcSigma": 0.7182, "bus_lcSpeedGainRight": 1.0797, "bus_lcSublane": 0.7385, "bus_sigma": 0.3992, "bus_tau_mean": 2.343, "bus_tau_std": 7.3346, "bus_v_mean": 22.1906, "bus_v_std": 7.1705, "car_acc": 0.5852, "car_dcc": 3.5507, "car_lcAssertive": 4.0232, "car_lcCooperative": 0.5846, "car_lcLookaheadLeft": 52.0583, "car_lcPushy": 0.7236, "car_lcSigma": 0.3698, "car_lcSpeedGainRight": 1.3136, "car_lcSublane": 0.1901, "car_sigma": 0.8821, "car_tau_mean": 1.3371, "car_tau_std": 1.6123, "car_v_mean": 19.4494, "car_v_std": 13.0997}, "datetime": {"datetime": "2024-08-11 19:03:56", "elapsed": 4906.876164, "delta": 3.775273}}
{"target": -0.5220826916156316, "params": {"bus_acc": 0.8751, "bus_dcc": 0.2654, "bus_lcAssertive": 4.6649, "bus_lcCooperative": 0.346, "bus_lcLookaheadLeft": 33.0664, "bus_lcPushy": 0.073, "bus_lcSigma": 0.3728, "bus_lcSpeedGainRight": 1.6728, "bus_lcSublane": 0.4674, "bus_sigma": 0.4305, "bus_tau_mean": 0.535, "bus_tau_std": 7.7808, "bus_v_mean": 25.7822, "bus_v_std": 17.4285, "car_acc": 1.1768, "car_dcc": 1.4701, "car_lcAssertive": 90.2786, "car_lcCooperative": 0.835, "car_lcLookaheadLeft": 84.7381, "car_lcPushy": 0.1507, "car_lcSigma": 0.8106, "car_lcSpeedGainRight": 3.6182, "car_lcSublane": 0.822, "car_sigma": 0.1926, "car_tau_mean": 3.156, "car_tau_std": 8.7747, "car_v_mean": 16.0575, "car_v_std": 12.9873}, "datetime": {"datetime": "2024-08-11 19:03:59", "elapsed": 4910.265513, "delta": 3.389349}}
