{"target": -0.26862944973791, "params": {"bus_acc": 0.4042, "bus_dcc": 3.2521, "bus_lcAssertive": 69.9533, "bus_lcCooperative": 0.183, "bus_lcLookaheadLeft": 99.54, "bus_lcPushy": 0.9027, "bus_lcSigma": 0.2502, "bus_lcSpeedGainRight": 3.355, "bus_lcSublane": 0.8405, "bus_sigma": 0.1024, "bus_tau_mean": 0.8463, "bus_tau_std": 4.051, "bus_v_mean": 24.1996, "bus_v_std": 19.935, "car_acc": 0.6646, "car_dcc": 1.5552, "car_lcAssertive": 14.2985, "car_lcCooperative": 0.3243, "car_lcLookaheadLeft": 34.4644, "car_lcPushy": 0.7186, "car_lcSigma": 0.003, "car_lcSpeedGainRight": 3.1098, "car_lcSublane": 0.3161, "car_sigma": 0.3109, "car_tau_mean": 1.6512, "car_tau_std": 5.8008, "car_v_mean": 10.1187, "car_v_std": 2.502}, "datetime": {"datetime": "2024-08-11 18:06:27", "elapsed": 1458.389962, "delta": 3.401902}}
{"target": -0.3153631639995986, "params": {"bus_acc": 0.4984, "bus_dcc": 3.5778, "bus_lcAssertive": 10.5031, "bus_lcCooperative": 0.9497, "bus_lcLookaheadLeft": 57.1252, "bus_lcPushy": 0.9263, "bus_lcSigma": 0.6331, "bus_lcSpeedGainRight": 0.0292, "bus_lcSublane": 0.8549, "bus_sigma": 0.8199, "bus_tau_mean": 3.7647, "bus_tau_std": 8.9858, "bus_v_mean": 13.0552, "bus_v_std": 8.8623, "car_acc": 0.371, "car_dcc": 0.7344, "car_lcAssertive": 82.2272, "car_lcCooperative": 0.4582, "car_lcLookaheadLeft": 60.9316, "car_lcPushy": 0.9664, "car_lcSigma": 0.8977, "car_lcSpeedGainRight": 1.4427, "car_lcSublane": 0.7171, "car_sigma": 0.3881, "car_tau_mean": 0.592, "car_tau_std": 2.096, "car_v_mean": 22.1104, "car_v_std": 18.5176}, "datetime": {"datetime": "2024-08-11 18:06:30", "elapsed": 1460.986683, "delta": 2.596721}}
{"target": -0.3625777246619251, "params": {"bus_acc": 0.3047, "bus_dcc": 3.0553, "bus_lcAssertive": 15.8537, "bus_lcCooperative": 0.8133, "bus_lcLookaheadLeft": 87.7706, "bus_lcPushy": 0.2968, "bus_lcSigma": 0.8508, "bus_lcSpeedGainRight": 1.9015, "bus_lcSublane": 0.0001, "bus_sigma": 0.0455, "bus_tau_mean": 2.1032, "bus_tau_std": 7.0941, "bus_v_mean": 22.0663, "bus_v_std": 14.0962, "car_acc": 0.7169, "car_dcc": 2.7481, "car_lcAssertive": 17.1481, "car_lcCooperative": 0.9903, "car_lcLookaheadLeft": 39.6815, "car_lcPushy": 0.2714, "car_lcSigma": 0.3409, "car_lcSpeedGainRight": 0.8895, "car_lcSublane": 0.68, "car_sigma": 0.5386, "car_tau_mean": 0.8089, "car_tau_std": 5.5628, "car_v_mean": 16.1476, "car_v_std": 6.0881}, "datetime": {"datetime": "2024-08-11 18:06:33", "elapsed": 1463.831474, "delta": 2.844791}}
{"target": -0.48854080209649814, "params": {"bus_acc": 0.8112, "bus_dcc": 3.4911, "bus_lcAssertive": 48.84, "bus_lcCooperative": 0.5882, "bus_lcLookaheadLeft": 70.3953, "bus_lcPushy": 0.7046, "bus_lcSigma": 0.4262, "bus_lcSpeedGainRight": 0.163, "bus_lcSublane": 0.2663, "bus_sigma": 0.0362, "bus_tau_mean": 1.5588, "bus_tau_std": 8.214, "bus_v_mean": 12.8315, "bus_v_std": 14.7321, "car_acc": 0.3354, "car_dcc": 0.5994, "car_lcAssertive": 70.2543, "car_lcCooperative": 0.2017, "car_lcLookaheadLeft": 85.1864, "car_lcPushy": 0.4711, "car_lcSigma": 0.1798, "car_lcSpeedGainRight": 1.7982, "car_lcSublane": 0.2639, "car_sigma": 0.323, "car_tau_mean": 2.8459, "car_tau_std": 9.749, "car_v_mean": 16.9569, "car_v_std": 10.4848}, "datetime": {"datetime": "2024-08-11 18:06:36", "elapsed": 1466.640178, "delta": 2.808704}}
{"target": -0.41798425129611544, "params": {"bus_acc": 2.521, "bus_dcc": 3.2115, "bus_lcAssertive": 35.5978, "bus_lcCooperative": 0.8984, "bus_lcLookaheadLeft": 83.4602, "bus_lcPushy": 0.4602, "bus_lcSigma": 0.1182, "bus_lcSpeedGainRight": 0.3467, "bus_lcSublane": 0.5791, "bus_sigma": 0.9681, "bus_tau_mean": 2.311, "bus_tau_std": 8.7548, "bus_v_mean": 19.7403, "bus_v_std": 4.2415, "car_acc": 1.8098, "car_dcc": 1.4992, "car_lcAssertive": 41.2111, "car_lcCooperative": 0.7244, "car_lcLookaheadLeft": 75.6496, "car_lcPushy": 0.4923, "car_lcSigma": 0.2225, "car_lcSpeedGainRight": 3.4209, "car_lcSublane": 0.7524, "car_sigma": 0.9623, "car_tau_mean": 1.2562, "car_tau_std": 7.9562, "car_v_mean": 15.8351, "car_v_std": 18.1131}, "datetime": {"datetime": "2024-08-11 18:06:41", "elapsed": 1472.126628, "delta": 5.48645}}
{"target": -0.35588256801529944, "params": {"bus_acc": 1.6557, "bus_dcc": 1.9844, "bus_lcAssertive": 43.8492, "bus_lcCooperative": 0.5472, "bus_lcLookaheadLeft": 77.6359, "bus_lcPushy": 0.0976, "bus_lcSigma": 0.5737, "bus_lcSpeedGainRight": 3.0202, "bus_lcSublane": 0.1977, "bus_sigma": 0.8281, "bus_tau_mean": 2.9002, "bus_tau_std": 6.3217, "bus_v_mean": 20.4773, "bus_v_std": 13.882, "car_acc": 1.195, "car_dcc": 3.461, "car_lcAssertive": 11.816, "car_lcCooperative": 0.7235, "car_lcLookaheadLeft": 7.0826, "car_lcPushy": 0.4214, "car_lcSigma": 0.135, "car_lcSpeedGainRight": 1.4226, "car_lcSublane": 0.9294, "car_sigma": 0.242, "car_tau_mean": 1.4378, "car_tau_std": 2.994, "car_v_mean": 22.7015, "car_v_std": 11.6822}, "datetime": {"datetime": "2024-08-11 18:06:44", "elapsed": 1475.435569, "delta": 3.308941}}
{"target": -0.4571538654548684, "params": {"bus_acc": 2.9844, "bus_dcc": 3.9484, "bus_lcAssertive": 98.8737, "bus_lcCooperative": 0.5221, "bus_lcLookaheadLeft": 16.8596, "bus_lcPushy": 0.5884, "bus_lcSigma": 0.6424, "bus_lcSpeedGainRight": 4.4648, "bus_lcSublane": 0.4236, "bus_sigma": 0.3362, "bus_tau_mean": 2.1353, "bus_tau_std": 5.2162, "bus_v_mean": 9.7514, "bus_v_std": 9.0994, "car_acc": 0.3539, "car_dcc": 0.5735, "car_lcAssertive": 28.8465, "car_lcCooperative": 0.102, "car_lcLookaheadLeft": 14.5215, "car_lcPushy": 0.5979, "car_lcSigma": 0.9369, "car_lcSpeedGainRight": 3.045, "car_lcSublane": 0.8948, "car_sigma": 0.31, "car_tau_mean": 1.9245, "car_tau_std": 2.3557, "car_v_mean": 10.2345, "car_v_std": 13.5319}, "datetime": {"datetime": "2024-08-11 18:06:47", "elapsed": 1478.199282, "delta": 2.763713}}
{"target": -0.4250071251921694, "params": {"bus_acc": 2.9723, "bus_dcc": 1.5886, "bus_lcAssertive": 6.1249, "bus_lcCooperative": 0.4263, "bus_lcLookaheadLeft": 69.6751, "bus_lcPushy": 0.1543, "bus_lcSigma": 0.5728, "bus_lcSpeedGainRight": 3.4274, "bus_lcSublane": 0.4235, "bus_sigma": 0.0749, "bus_tau_mean": 3.8025, "bus_tau_std": 5.8229, "bus_v_mean": 12.3101, "bus_v_std": 4.2669, "car_acc": 0.7944, "car_dcc": 3.9986, "car_lcAssertive": 65.0557, "car_lcCooperative": 0.3484, "car_lcLookaheadLeft": 89.1833, "car_lcPushy": 0.8588, "car_lcSigma": 0.363, "car_lcSpeedGainRight": 1.1451, "car_lcSublane": 0.9599, "car_sigma": 0.1032, "car_tau_mean": 3.4188, "car_tau_std": 8.3216, "car_v_mean": 14.7916, "car_v_std": 8.429}, "datetime": {"datetime": "2024-08-11 18:06:50", "elapsed": 1481.085311, "delta": 2.886029}}
{"target": -0.4793048753789839, "params": {"bus_acc": 3.0637, "bus_dcc": 1.2168, "bus_lcAssertive": 81.5478, "bus_lcCooperative": 0.3681, "bus_lcLookaheadLeft": 83.134, "bus_lcPushy": 0.7768, "bus_lcSigma": 0.6331, "bus_lcSpeedGainRight": 4.8184, "bus_lcSublane": 0.4864, "bus_sigma": 0.2424, "bus_tau_mean": 3.1982, "bus_tau_std": 8.1964, "bus_v_mean": 10.0018, "bus_v_std": 6.9133, "car_acc": 3.09, "car_dcc": 1.5127, "car_lcAssertive": 86.903, "car_lcCooperative": 0.1032, "car_lcLookaheadLeft": 21.7199, "car_lcPushy": 0.9957, "car_lcSigma": 0.0807, "car_lcSpeedGainRight": 4.9595, "car_lcSublane": 0.4118, "car_sigma": 0.7697, "car_tau_mean": 2.6323, "car_tau_std": 0.6249, "car_v_mean": 10.826, "car_v_std": 13.5141}, "datetime": {"datetime": "2024-08-11 18:06:53", "elapsed": 1484.055454, "delta": 2.970143}}
{"target": -0.2552912482645521, "params": {"bus_acc": 0.387, "bus_dcc": 2.6806, "bus_lcAssertive": 51.6215, "bus_lcCooperative": 0.3539, "bus_lcLookaheadLeft": 78.3794, "bus_lcPushy": 0.8809, "bus_lcSigma": 0.105, "bus_lcSpeedGainRight": 2.0934, "bus_lcSublane": 0.0307, "bus_sigma": 0.2259, "bus_tau_mean": 1.8274, "bus_tau_std": 9.2886, "bus_v_mean": 9.2615, "bus_v_std": 18.8446, "car_acc": 2.2586, "car_dcc": 2.4322, "car_lcAssertive": 15.8679, "car_lcCooperative": 0.51, "car_lcLookaheadLeft": 96.8316, "car_lcPushy": 0.6993, "car_lcSigma": 0.9552, "car_lcSpeedGainRight": 2.5883, "car_lcSublane": 0.5996, "car_sigma": 0.8613, "car_tau_mean": 1.5657, "car_tau_std": 1.5423, "car_v_mean": 24.9456, "car_v_std": 3.9206}, "datetime": {"datetime": "2024-08-11 18:06:58", "elapsed": 1488.797064, "delta": 4.74161}}
{"target": -0.5774120116727458, "params": {"bus_acc": 3.9559, "bus_dcc": 0.7761, "bus_lcAssertive": 71.0755, "bus_lcCooperative": 0.2498, "bus_lcLookaheadLeft": 8.1304, "bus_lcPushy": 0.4866, "bus_lcSigma": 0.018, "bus_lcSpeedGainRight": 0.5237, "bus_lcSublane": 0.8291, "bus_sigma": 0.6747, "bus_tau_mean": 1.9588, "bus_tau_std": 4.624, "bus_v_mean": 25.179, "bus_v_std": 6.7456, "car_acc": 2.7116, "car_dcc": 3.0641, "car_lcAssertive": 96.4275, "car_lcCooperative": 0.7153, "car_lcLookaheadLeft": 61.5133, "car_lcPushy": 0.1708, "car_lcSigma": 0.1448, "car_lcSpeedGainRight": 1.3472, "car_lcSublane": 0.6713, "car_sigma": 0.1574, "car_tau_mean": 3.6482, "car_tau_std": 0.0098, "car_v_mean": 11.9411, "car_v_std": 8.7599}, "datetime": {"datetime": "2024-08-11 18:07:01", "elapsed": 1492.363282, "delta": 3.566218}}
{"target": -0.4494872567586719, "params": {"bus_acc": 2.9938, "bus_dcc": 0.7861, "bus_lcAssertive": 28.1771, "bus_lcCooperative": 0.3276, "bus_lcLookaheadLeft": 28.4634, "bus_lcPushy": 0.0328, "bus_lcSigma": 0.44, "bus_lcSpeedGainRight": 1.2209, "bus_lcSublane": 0.6662, "bus_sigma": 0.3343, "bus_tau_mean": 3.8333, "bus_tau_std": 6.462, "bus_v_mean": 23.2955, "bus_v_std": 4.5257, "car_acc": 2.5142, "car_dcc": 2.7966, "car_lcAssertive": 41.9068, "car_lcCooperative": 0.4594, "car_lcLookaheadLeft": 57.2057, "car_lcPushy": 0.4089, "car_lcSigma": 0.3191, "car_lcSpeedGainRight": 1.7595, "car_lcSublane": 0.1278, "car_sigma": 0.3062, "car_tau_mean": 3.9521, "car_tau_std": 9.187, "car_v_mean": 9.1724, "car_v_std": 18.9734}, "datetime": {"datetime": "2024-08-11 18:07:05", "elapsed": 1496.154231, "delta": 3.790949}}
{"target": -0.30128820351511015, "params": {"bus_acc": 0.6744, "bus_dcc": 2.9361, "bus_lcAssertive": 42.9838, "bus_lcCooperative": 0.3081, "bus_lcLookaheadLeft": 12.2071, "bus_lcPushy": 0.2432, "bus_lcSigma": 0.2668, "bus_lcSpeedGainRight": 3.4639, "bus_lcSublane": 0.9317, "bus_sigma": 0.068, "bus_tau_mean": 3.0188, "bus_tau_std": 9.8546, "bus_v_mean": 16.3551, "bus_v_std": 9.7959, "car_acc": 0.9698, "car_dcc": 2.3038, "car_lcAssertive": 89.2532, "car_lcCooperative": 0.7133, "car_lcLookaheadLeft": 49.4926, "car_lcPushy": 0.4636, "car_lcSigma": 0.2201, "car_lcSpeedGainRight": 1.6629, "car_lcSublane": 0.5722, "car_sigma": 0.5194, "car_tau_mean": 1.5776, "car_tau_std": 4.7641, "car_v_mean": 18.6134, "car_v_std": 4.6315}, "datetime": {"datetime": "2024-08-11 18:07:08", "elapsed": 1498.975178, "delta": 2.820947}}
{"target": -0.35601225737779707, "params": {"bus_acc": 0.3983, "bus_dcc": 1.1169, "bus_lcAssertive": 83.2731, "bus_lcCooperative": 0.5861, "bus_lcLookaheadLeft": 80.5809, "bus_lcPushy": 0.6242, "bus_lcSigma": 0.06, "bus_lcSpeedGainRight": 2.0105, "bus_lcSublane": 0.7271, "bus_sigma": 0.9224, "bus_tau_mean": 1.4068, "bus_tau_std": 9.0692, "bus_v_mean": 15.0245, "bus_v_std": 3.9001, "car_acc": 3.1527, "car_dcc": 0.8642, "car_lcAssertive": 97.7496, "car_lcCooperative": 0.2169, "car_lcLookaheadLeft": 39.1813, "car_lcPushy": 0.9075, "car_lcSigma": 0.3213, "car_lcSpeedGainRight": 3.4143, "car_lcSublane": 0.9639, "car_sigma": 0.6604, "car_tau_mean": 1.0585, "car_tau_std": 7.9316, "car_v_mean": 24.72, "car_v_std": 12.4388}, "datetime": {"datetime": "2024-08-11 18:07:11", "elapsed": 1502.048008, "delta": 3.07283}}
{"target": -0.4040365356725371, "params": {"bus_acc": 1.5129, "bus_dcc": 2.4812, "bus_lcAssertive": 75.2927, "bus_lcCooperative": 0.1849, "bus_lcLookaheadLeft": 9.9223, "bus_lcPushy": 0.3615, "bus_lcSigma": 0.7284, "bus_lcSpeedGainRight": 0.4779, "bus_lcSublane": 0.6935, "bus_sigma": 0.8225, "bus_tau_mean": 3.571, "bus_tau_std": 9.222, "bus_v_mean": 14.1051, "bus_v_std": 13.6019, "car_acc": 2.2306, "car_dcc": 3.4282, "car_lcAssertive": 52.9352, "car_lcCooperative": 0.7829, "car_lcLookaheadLeft": 67.4158, "car_lcPushy": 0.3789, "car_lcSigma": 0.0487, "car_lcSpeedGainRight": 3.256, "car_lcSublane": 0.3331, "car_sigma": 0.4926, "car_tau_mean": 3.1776, "car_tau_std": 5.4807, "car_v_mean": 22.3812, "car_v_std": 19.6095}, "datetime": {"datetime": "2024-08-11 18:07:14", "elapsed": 1504.805525, "delta": 2.757517}}
{"target": -0.4334371189109316, "params": {"bus_acc": 3.5265, "bus_dcc": 3.7083, "bus_lcAssertive": 83.1257, "bus_lcCooperative": 0.0964, "bus_lcLookaheadLeft": 75.4664, "bus_lcPushy": 0.5082, "bus_lcSigma": 0.0166, "bus_lcSpeedGainRight": 3.5642, "bus_lcSublane": 0.1615, "bus_sigma": 0.6203, "bus_tau_mean": 3.5016, "bus_tau_std": 8.8313, "bus_v_mean": 14.3114, "bus_v_std": 11.9977, "car_acc": 1.5091, "car_dcc": 1.2657, "car_lcAssertive": 84.6948, "car_lcCooperative": 0.7522, "car_lcLookaheadLeft": 28.5512, "car_lcPushy": 0.2114, "car_lcSigma": 0.7346, "car_lcSpeedGainRight": 2.3275, "car_lcSublane": 0.2156, "car_sigma": 0.5053, "car_tau_mean": 1.8761, "car_tau_std": 3.022, "car_v_mean": 25.9363, "car_v_std": 11.6065}, "datetime": {"datetime": "2024-08-11 18:07:17", "elapsed": 1508.460617, "delta": 3.655092}}
{"target": -0.5219432336380466, "params": {"bus_acc": 3.343, "bus_dcc": 3.623, "bus_lcAssertive": 67.2507, "bus_lcCooperative": 0.8283, "bus_lcLookaheadLeft": 59.293, "bus_lcPushy": 0.6121, "bus_lcSigma": 0.4149, "bus_lcSpeedGainRight": 3.8568, "bus_lcSublane": 0.8564, "bus_sigma": 0.1096, "bus_tau_mean": 2.7702, "bus_tau_std": 7.6415, "bus_v_mean": 23.9238, "bus_v_std": 4.6868, "car_acc": 1.8361, "car_dcc": 1.3611, "car_lcAssertive": 2.164, "car_lcCooperative": 0.5919, "car_lcLookaheadLeft": 6.3078, "car_lcPushy": 0.5348, "car_lcSigma": 0.6813, "car_lcSpeedGainRight": 2.3278, "car_lcSublane": 0.9667, "car_sigma": 0.9078, "car_tau_mean": 1.4752, "car_tau_std": 0.369, "car_v_mean": 20.1395, "car_v_std": 9.2294}, "datetime": {"datetime": "2024-08-11 18:07:20", "elapsed": 1510.766486, "delta": 2.305869}}
{"target": -0.7176341820885849, "params": {"bus_acc": 2.6068, "bus_dcc": 1.8475, "bus_lcAssertive": 59.812, "bus_lcCooperative": 0.0481, "bus_lcLookaheadLeft": 87.8373, "bus_lcPushy": 0.5916, "bus_lcSigma": 0.2972, "bus_lcSpeedGainRight": 3.1804, "bus_lcSublane": 0.6788, "bus_sigma": 0.5094, "bus_tau_mean": 2.3018, "bus_tau_std": 0.5686, "bus_v_mean": 8.8624, "bus_v_std": 3.4904, "car_acc": 3.5748, "car_dcc": 2.6376, "car_lcAssertive": 33.1084, "car_lcCooperative": 0.3281, "car_lcLookaheadLeft": 5.2073, "car_lcPushy": 0.4639, "car_lcSigma": 0.8707, "car_lcSpeedGainRight": 0.0259, "car_lcSublane": 0.9751, "car_sigma": 0.4685, "car_tau_mean": 3.4269, "car_tau_std": 8.0118, "car_v_mean": 8.475, "car_v_std": 13.0008}, "datetime": {"datetime": "2024-08-11 18:07:23", "elapsed": 1514.618989, "delta": 3.852503}}
{"target": -0.4709713999588095, "params": {"bus_acc": 2.3036, "bus_dcc": 2.1268, "bus_lcAssertive": 13.1032, "bus_lcCooperative": 0.702, "bus_lcLookaheadLeft": 60.9224, "bus_lcPushy": 0.9883, "bus_lcSigma": 0.6227, "bus_lcSpeedGainRight": 2.8142, "bus_lcSublane": 0.0464, "bus_sigma": 0.5018, "bus_tau_mean": 1.4806, "bus_tau_std": 6.9529, "bus_v_mean": 11.0605, "bus_v_std": 1.4465, "car_acc": 2.4745, "car_dcc": 3.0996, "car_lcAssertive": 11.6979, "car_lcCooperative": 0.6304, "car_lcLookaheadLeft": 9.1731, "car_lcPushy": 0.9934, "car_lcSigma": 0.3354, "car_lcSpeedGainRight": 2.1812, "car_lcSublane": 0.9717, "car_sigma": 0.9435, "car_tau_mean": 1.9096, "car_tau_std": 5.0595, "car_v_mean": 8.1918, "car_v_std": 2.189}, "datetime": {"datetime": "2024-08-11 18:07:28", "elapsed": 1519.082602, "delta": 4.463613}}
{"target": -0.3931573454467119, "params": {"bus_acc": 2.8332, "bus_dcc": 2.7364, "bus_lcAssertive": 19.1635, "bus_lcCooperative": 0.6, "bus_lcLookaheadLeft": 43.5164, "bus_lcPushy": 0.8549, "bus_lcSigma": 0.7951, "bus_lcSpeedGainRight": 2.4801, "bus_lcSublane": 0.7574, "bus_sigma": 0.5892, "bus_tau_mean": 0.8595, "bus_tau_std": 5.1672, "bus_v_mean": 8.5143, "bus_v_std": 7.2068, "car_acc": 3.3263, "car_dcc": 1.7414, "car_lcAssertive": 71.6231, "car_lcCooperative": 0.9068, "car_lcLookaheadLeft": 66.9733, "car_lcPushy": 0.6166, "car_lcSigma": 0.1089, "car_lcSpeedGainRight": 3.1553, "car_lcSublane": 0.3464, "car_sigma": 0.9429, "car_tau_mean": 2.9739, "car_tau_std": 5.4881, "car_v_mean": 16.2848, "car_v_std": 3.2217}, "datetime": {"datetime": "2024-08-11 18:07:32", "elapsed": 1523.497116, "delta": 4.414514}}
{"target": -0.44023414920669585, "params": {"bus_acc": 0.944, "bus_dcc": 0.7718, "bus_lcAssertive": 41.491, "bus_lcCooperative": 0.6365, "bus_lcLookaheadLeft": 24.0693, "bus_lcPushy": 0.6752, "bus_lcSigma": 0.2192, "bus_lcSpeedGainRight": 4.5185, "bus_lcSublane": 0.8506, "bus_sigma": 0.1634, "bus_tau_mean": 2.935, "bus_tau_std": 2.3296, "bus_v_mean": 19.4321, "bus_v_std": 5.3759, "car_acc": 2.7165, "car_dcc": 0.5566, "car_lcAssertive": 11.2463, "car_lcCooperative": 0.3167, "car_lcLookaheadLeft": 67.0983, "car_lcPushy": 0.5425, "car_lcSigma": 0.1313, "car_lcSpeedGainRight": 4.4923, "car_lcSublane": 0.0255, "car_sigma": 0.159, "car_tau_mean": 3.4699, "car_tau_std": 6.3168, "car_v_mean": 13.8673, "car_v_std": 19.6544}, "datetime": {"datetime": "2024-08-11 18:07:37", "elapsed": 1528.160387, "delta": 4.663271}}
{"target": -0.4834183148954114, "params": {"bus_acc": 2.2707, "bus_dcc": 0.3708, "bus_lcAssertive": 68.7772, "bus_lcCooperative": 0.5472, "bus_lcLookaheadLeft": 92.2503, "bus_lcPushy": 0.7747, "bus_lcSigma": 0.8615, "bus_lcSpeedGainRight": 1.3629, "bus_lcSublane": 0.6587, "bus_sigma": 0.5796, "bus_tau_mean": 0.5076, "bus_tau_std": 3.6424, "bus_v_mean": 8.7554, "bus_v_std": 16.6175, "car_acc": 1.2386, "car_dcc": 0.9616, "car_lcAssertive": 37.5423, "car_lcCooperative": 0.3794, "car_lcLookaheadLeft": 77.5018, "car_lcPushy": 0.3493, "car_lcSigma": 0.9745, "car_lcSpeedGainRight": 1.6778, "car_lcSublane": 0.561, "car_sigma": 0.7427, "car_tau_mean": 1.6687, "car_tau_std": 5.1203, "car_v_mean": 14.0526, "car_v_std": 12.0826}, "datetime": {"datetime": "2024-08-11 18:07:39", "elapsed": 1530.364722, "delta": 2.204335}}
{"target": -0.34393661186879315, "params": {"bus_acc": 0.9371, "bus_dcc": 2.4454, "bus_lcAssertive": 70.2308, "bus_lcCooperative": 0.0964, "bus_lcLookaheadLeft": 94.9654, "bus_lcPushy": 0.1133, "bus_lcSigma": 0.4556, "bus_lcSpeedGainRight": 0.7305, "bus_lcSublane": 0.2079, "bus_sigma": 0.4392, "bus_tau_mean": 3.3707, "bus_tau_std": 5.6047, "bus_v_mean": 12.2527, "bus_v_std": 0.4417, "car_acc": 0.771, "car_dcc": 3.7827, "car_lcAssertive": 15.5804, "car_lcCooperative": 0.7986, "car_lcLookaheadLeft": 51.6244, "car_lcPushy": 0.9804, "car_lcSigma": 0.901, "car_lcSpeedGainRight": 1.0515, "car_lcSublane": 0.5487, "car_sigma": 0.7707, "car_tau_mean": 3.9739, "car_tau_std": 2.2182, "car_v_mean": 25.4589, "car_v_std": 6.0166}, "datetime": {"datetime": "2024-08-11 18:07:42", "elapsed": 1532.977254, "delta": 2.612532}}
{"target": -0.32610770688942553, "params": {"bus_acc": 0.3082, "bus_dcc": 3.839, "bus_lcAssertive": 66.2199, "bus_lcCooperative": 0.6161, "bus_lcLookaheadLeft": 92.5265, "bus_lcPushy": 0.9711, "bus_lcSigma": 0.2391, "bus_lcSpeedGainRight": 0.9776, "bus_lcSublane": 0.4999, "bus_sigma": 0.641, "bus_tau_mean": 1.6027, "bus_tau_std": 9.2112, "bus_v_mean": 13.4707, "bus_v_std": 15.5723, "car_acc": 0.7555, "car_dcc": 0.7294, "car_lcAssertive": 42.1439, "car_lcCooperative": 0.3388, "car_lcLookaheadLeft": 78.8352, "car_lcPushy": 0.8235, "car_lcSigma": 0.6101, "car_lcSpeedGainRight": 0.2115, "car_lcSublane": 0.3969, "car_sigma": 0.8274, "car_tau_mean": 2.2834, "car_tau_std": 5.2019, "car_v_mean": 9.0858, "car_v_std": 3.7275}, "datetime": {"datetime": "2024-08-11 18:07:47", "elapsed": 1537.923748, "delta": 4.946494}}
{"target": -0.3835220037362635, "params": {"bus_acc": 2.509, "bus_dcc": 0.928, "bus_lcAssertive": 36.4326, "bus_lcCooperative": 0.8496, "bus_lcLookaheadLeft": 3.4823, "bus_lcPushy": 0.349, "bus_lcSigma": 0.2584, "bus_lcSpeedGainRight": 3.2339, "bus_lcSublane": 0.4218, "bus_sigma": 0.1655, "bus_tau_mean": 1.6183, "bus_tau_std": 6.9036, "bus_v_mean": 22.3653, "bus_v_std": 15.7575, "car_acc": 0.9268, "car_dcc": 2.3954, "car_lcAssertive": 71.6837, "car_lcCooperative": 0.7252, "car_lcLookaheadLeft": 18.6341, "car_lcPushy": 0.9834, "car_lcSigma": 0.576, "car_lcSpeedGainRight": 1.3428, "car_lcSublane": 0.847, "car_sigma": 0.7367, "car_tau_mean": 1.6932, "car_tau_std": 9.399, "car_v_mean": 10.0604, "car_v_std": 5.6568}, "datetime": {"datetime": "2024-08-11 18:07:50", "elapsed": 1541.593061, "delta": 3.669313}}
{"target": -0.3607175476352553, "params": {"bus_acc": 3.4426, "bus_dcc": 2.5256, "bus_lcAssertive": 86.2383, "bus_lcCooperative": 0.5916, "bus_lcLookaheadLeft": 12.8542, "bus_lcPushy": 0.9477, "bus_lcSigma": 0.221, "bus_lcSpeedGainRight": 0.5572, "bus_lcSublane": 0.5334, "bus_sigma": 0.9175, "bus_tau_mean": 1.229, "bus_tau_std": 6.1023, "bus_v_mean": 25.1472, "bus_v_std": 11.269, "car_acc": 0.6512, "car_dcc": 2.1807, "car_lcAssertive": 80.4425, "car_lcCooperative": 0.0796, "car_lcLookaheadLeft": 83.2566, "car_lcPushy": 0.4365, "car_lcSigma": 0.9407, "car_lcSpeedGainRight": 0.3505, "car_lcSublane": 0.3248, "car_sigma": 0.5596, "car_tau_mean": 1.3246, "car_tau_std": 6.6482, "car_v_mean": 13.4232, "car_v_std": 13.6414}, "datetime": {"datetime": "2024-08-11 18:07:53", "elapsed": 1544.549366, "delta": 2.956305}}
