{"target": -0.46300645754002545, "params": {"bus_acc": 3.4892, "bus_dcc": 3.4194, "bus_lcAssertive": 72.0335, "bus_lcCooperative": 0.5513, "bus_lcLookaheadLeft": 11.8754, "bus_lcPushy": 0.0324, "bus_lcSigma": 0.0295, "bus_lcSpeedGainRight": 4.2526, "bus_lcSublane": 0.7963, "bus_sigma": 0.4307, "bus_tau_mean": 0.7636, "bus_tau_std": 8.1536, "bus_v_mean": 19.5815, "bus_v_std": 18.2687, "car_acc": 0.8831, "car_dcc": 1.9104, "car_lcAssertive": 9.9074, "car_lcCooperative": 0.3477, "car_lcLookaheadLeft": 72.1164, "car_lcPushy": 0.9378, "car_lcSigma": 0.9877, "car_lcSpeedGainRight": 0.109, "car_lcSublane": 0.238, "car_sigma": 0.4551, "car_tau_mean": 3.7149, "car_tau_std": 1.7377, "car_v_mean": 22.2242, "car_v_std": 1.5402}, "datetime": {"datetime": "2024-08-11 17:55:52", "elapsed": 823.577505, "delta": 4.04795}}
{"target": -0.37916458694262484, "params": {"bus_acc": 3.1784, "bus_dcc": 2.3132, "bus_lcAssertive": 47.4506, "bus_lcCooperative": 0.4419, "bus_lcLookaheadLeft": 96.9351, "bus_lcPushy": 0.0352, "bus_lcSigma": 0.4617, "bus_lcSpeedGainRight": 0.4662, "bus_lcSublane": 0.2703, "bus_sigma": 0.2918, "bus_tau_mean": 2.829, "bus_tau_std": 0.5832, "bus_v_mean": 23.8176, "bus_v_std": 16.5543, "car_acc": 2.7538, "car_dcc": 1.3126, "car_lcAssertive": 74.1457, "car_lcCooperative": 0.6691, "car_lcLookaheadLeft": 76.8607, "car_lcPushy": 0.3765, "car_lcSigma": 0.7308, "car_lcSpeedGainRight": 3.216, "car_lcSublane": 0.37, "car_sigma": 0.3023, "car_tau_mean": 2.5106, "car_tau_std": 3.9345, "car_v_mean": 17.305, "car_v_std": 14.4681}, "datetime": {"datetime": "2024-08-11 17:55:56", "elapsed": 826.68152, "delta": 3.104015}}
{"target": -0.404154120913731, "params": {"bus_acc": 3.4994, "bus_dcc": 2.9574, "bus_lcAssertive": 32.072, "bus_lcCooperative": 0.3385, "bus_lcLookaheadLeft": 35.111, "bus_lcPushy": 0.4076, "bus_lcSigma": 0.6546, "bus_lcSpeedGainRight": 4.8133, "bus_lcSublane": 0.964, "bus_sigma": 0.9364, "bus_tau_mean": 2.509, "bus_tau_std": 4.9075, "bus_v_mean": 10.6224, "bus_v_std": 6.0743, "car_acc": 2.9402, "car_dcc": 3.3342, "car_lcAssertive": 54.8793, "car_lcCooperative": 0.7893, "car_lcLookaheadLeft": 74.3184, "car_lcPushy": 0.5088, "car_lcSigma": 0.4758, "car_lcSpeedGainRight": 4.5813, "car_lcSublane": 0.237, "car_sigma": 0.102, "car_tau_mean": 0.5491, "car_tau_std": 6.5611, "car_v_mean": 24.1169, "car_v_std": 4.8786}, "datetime": {"datetime": "2024-08-11 17:55:59", "elapsed": 830.396552, "delta": 3.715032}}
{"target": -0.3481496431154755, "params": {"bus_acc": 2.1541, "bus_dcc": 1.228, "bus_lcAssertive": 95.8217, "bus_lcCooperative": 0.4908, "bus_lcLookaheadLeft": 17.4077, "bus_lcPushy": 0.6511, "bus_lcSigma": 0.6699, "bus_lcSpeedGainRight": 2.7398, "bus_lcSublane": 0.9704, "bus_sigma": 0.8597, "bus_tau_mean": 3.4312, "bus_tau_std": 0.3687, "bus_v_mean": 8.0052, "bus_v_std": 12.1957, "car_acc": 0.835, "car_dcc": 3.8025, "car_lcAssertive": 27.0568, "car_lcCooperative": 0.652, "car_lcLookaheadLeft": 46.8075, "car_lcPushy": 0.4987, "car_lcSigma": 0.506, "car_lcSpeedGainRight": 3.2769, "car_lcSublane": 0.1296, "car_sigma": 0.1544, "car_tau_mean": 0.7906, "car_tau_std": 6.1124, "car_v_mean": 24.5745, "car_v_std": 0.2776}, "datetime": {"datetime": "2024-08-11 17:56:02", "elapsed": 833.004945, "delta": 2.608393}}
{"target": -0.4886315368530369, "params": {"bus_acc": 1.9816, "bus_dcc": 2.1204, "bus_lcAssertive": 91.1945, "bus_lcCooperative": 0.8661, "bus_lcLookaheadLeft": 67.2219, "bus_lcPushy": 0.8524, "bus_lcSigma": 0.5742, "bus_lcSpeedGainRight": 1.6075, "bus_lcSublane": 0.3181, "bus_sigma": 0.7028, "bus_tau_mean": 3.5348, "bus_tau_std": 8.9652, "bus_v_mean": 8.9932, "bus_v_std": 13.5314, "car_acc": 1.4591, "car_dcc": 0.7267, "car_lcAssertive": 72.2149, "car_lcCooperative": 0.3283, "car_lcLookaheadLeft": 69.5215, "car_lcPushy": 0.9702, "car_lcSigma": 0.9583, "car_lcSpeedGainRight": 1.5866, "car_lcSublane": 0.3169, "car_sigma": 0.97, "car_tau_mean": 3.3803, "car_tau_std": 3.7378, "car_v_mean": 16.5466, "car_v_std": 6.1059}, "datetime": {"datetime": "2024-08-11 17:56:04", "elapsed": 835.494245, "delta": 2.4893}}
{"target": -0.43171275872446047, "params": {"bus_acc": 2.2915, "bus_dcc": 3.7685, "bus_lcAssertive": 26.7926, "bus_lcCooperative": 0.4718, "bus_lcLookaheadLeft": 70.281, "bus_lcPushy": 0.1121, "bus_lcSigma": 0.9027, "bus_lcSpeedGainRight": 4.3854, "bus_lcSublane": 0.1528, "bus_sigma": 0.2224, "bus_tau_mean": 1.886, "bus_tau_std": 0.0871, "bus_v_mean": 8.5968, "bus_v_std": 15.8443, "car_acc": 1.3504, "car_dcc": 0.9287, "car_lcAssertive": 93.4853, "car_lcCooperative": 0.3791, "car_lcLookaheadLeft": 48.2183, "car_lcPushy": 0.1152, "car_lcSigma": 0.4964, "car_lcSpeedGainRight": 3.1997, "car_lcSublane": 0.7564, "car_sigma": 0.1791, "car_tau_mean": 0.872, "car_tau_std": 8.4275, "car_v_mean": 8.0489, "car_v_std": 5.7265}, "datetime": {"datetime": "2024-08-11 17:56:08", "elapsed": 838.660259, "delta": 3.166014}}
{"target": -0.4006426221268466, "params": {"bus_acc": 3.566, "bus_dcc": 1.3242, "bus_lcAssertive": 40.646, "bus_lcCooperative": 0.6164, "bus_lcLookaheadLeft": 64.9059, "bus_lcPushy": 0.3796, "bus_lcSigma": 0.777, "bus_lcSpeedGainRight": 4.0238, "bus_lcSublane": 0.2491, "bus_sigma": 0.261, "bus_tau_mean": 3.9168, "bus_tau_std": 2.3336, "bus_v_mean": 23.3877, "bus_v_std": 14.9946, "car_acc": 1.0894, "car_dcc": 3.2303, "car_lcAssertive": 89.9844, "car_lcCooperative": 0.099, "car_lcLookaheadLeft": 42.0688, "car_lcPushy": 0.4154, "car_lcSigma": 0.405, "car_lcSpeedGainRight": 3.5317, "car_lcSublane": 0.6507, "car_sigma": 0.735, "car_tau_mean": 1.3363, "car_tau_std": 4.7495, "car_v_mean": 25.7669, "car_v_std": 9.451}, "datetime": {"datetime": "2024-08-11 17:56:10", "elapsed": 841.216887, "delta": 2.556628}}
{"target": -0.30782063202971144, "params": {"bus_acc": 0.4646, "bus_dcc": 3.7267, "bus_lcAssertive": 72.0089, "bus_lcCooperative": 0.4809, "bus_lcLookaheadLeft": 31.7337, "bus_lcPushy": 0.9572, "bus_lcSigma": 0.73, "bus_lcSpeedGainRight": 3.9775, "bus_lcSublane": 0.9665, "bus_sigma": 0.7108, "bus_tau_mean": 2.9435, "bus_tau_std": 5.2791, "bus_v_mean": 21.5552, "bus_v_std": 5.9442, "car_acc": 2.6287, "car_dcc": 2.3757, "car_lcAssertive": 11.5039, "car_lcCooperative": 0.3072, "car_lcLookaheadLeft": 78.1552, "car_lcPushy": 0.6963, "car_lcSigma": 0.6483, "car_lcSpeedGainRight": 2.3238, "car_lcSublane": 0.1599, "car_sigma": 0.2082, "car_tau_mean": 3.681, "car_tau_std": 1.592, "car_v_mean": 21.6255, "car_v_std": 10.7978}, "datetime": {"datetime": "2024-08-11 17:56:12", "elapsed": 843.592323, "delta": 2.375436}}
{"target": -0.3397112023659017, "params": {"bus_acc": 0.8132, "bus_dcc": 2.7588, "bus_lcAssertive": 75.701, "bus_lcCooperative": 0.4694, "bus_lcLookaheadLeft": 96.2317, "bus_lcPushy": 0.0267, "bus_lcSigma": 0.1789, "bus_lcSpeedGainRight": 4.154, "bus_lcSublane": 0.8399, "bus_sigma": 0.7603, "bus_tau_mean": 3.9836, "bus_tau_std": 9.6813, "bus_v_mean": 15.9589, "bus_v_std": 12.7369, "car_acc": 0.8726, "car_dcc": 3.286, "car_lcAssertive": 4.5712, "car_lcCooperative": 0.6339, "car_lcLookaheadLeft": 54.5119, "car_lcPushy": 0.9291, "car_lcSigma": 0.5912, "car_lcSpeedGainRight": 4.278, "car_lcSublane": 0.1202, "car_sigma": 0.7925, "car_tau_mean": 2.1428, "car_tau_std": 4.0861, "car_v_mean": 8.3914, "car_v_std": 7.0383}, "datetime": {"datetime": "2024-08-11 17:56:17", "elapsed": 848.594333, "delta": 5.00201}}
{"target": -0.3430285965703659, "params": {"bus_acc": 2.6132, "bus_dcc": 2.4346, "bus_lcAssertive": 13.1608, "bus_lcCooperative": 0.3224, "bus_lcLookaheadLeft": 18.4072, "bus_lcPushy": 0.4381, "bus_lcSigma": 0.4015, "bus_lcSpeedGainRight": 0.4501, "bus_lcSublane": 0.0979, "bus_sigma": 0.0587, "bus_tau_mean": 3.7016, "bus_tau_std": 9.0002, "bus_v_mean": 13.1682, "bus_v_std": 9.7197, "car_acc": 1.1482, "car_dcc": 2.7593, "car_lcAssertive": 20.8365, "car_lcCooperative": 0.6619, "car_lcLookaheadLeft": 88.3892, "car_lcPushy": 0.5723, "car_lcSigma": 0.3541, "car_lcSpeedGainRight": 3.2755, "car_lcSublane": 0.4172, "car_sigma": 0.8469, "car_tau_mean": 3.0015, "car_tau_std": 4.1661, "car_v_mean": 22.3526, "car_v_std": 0.1768}, "datetime": {"datetime": "2024-08-11 17:56:20", "elapsed": 850.847954, "delta": 2.253621}}
{"target": -0.3981622005596122, "params": {"bus_acc": 1.1981, "bus_dcc": 2.9162, "bus_lcAssertive": 19.0657, "bus_lcCooperative": 0.8532, "bus_lcLookaheadLeft": 93.5923, "bus_lcPushy": 0.2709, "bus_lcSigma": 0.1355, "bus_lcSpeedGainRight": 2.0272, "bus_lcSublane": 0.36, "bus_sigma": 0.2845, "bus_tau_mean": 3.6433, "bus_tau_std": 2.5089, "bus_v_mean": 22.3469, "bus_v_std": 11.5056, "car_acc": 3.4582, "car_dcc": 1.1687, "car_lcAssertive": 50.9088, "car_lcCooperative": 0.535, "car_lcLookaheadLeft": 81.7565, "car_lcPushy": 0.3725, "car_lcSigma": 0.5977, "car_lcSpeedGainRight": 2.7272, "car_lcSublane": 0.9939, "car_sigma": 0.9803, "car_tau_mean": 1.8721, "car_tau_std": 0.9769, "car_v_mean": 10.0887, "car_v_std": 12.9507}, "datetime": {"datetime": "2024-08-11 17:56:22", "elapsed": 853.356784, "delta": 2.50883}}
{"target": -0.3527398965701764, "params": {"bus_acc": 0.4512, "bus_dcc": 3.5069, "bus_lcAssertive": 82.6894, "bus_lcCooperative": 0.1897, "bus_lcLookaheadLeft": 30.3153, "bus_lcPushy": 0.7734, "bus_lcSigma": 0.2418, "bus_lcSpeedGainRight": 3.4146, "bus_lcSublane": 0.838, "bus_sigma": 0.4468, "bus_tau_mean": 2.8027, "bus_tau_std": 0.5084, "bus_v_mean": 16.9014, "bus_v_std": 11.0208, "car_acc": 1.3358, "car_dcc": 3.3285, "car_lcAssertive": 39.848, "car_lcCooperative": 0.9436, "car_lcLookaheadLeft": 5.6637, "car_lcPushy": 0.7243, "car_lcSigma": 0.3317, "car_lcSpeedGainRight": 4.4752, "car_lcSublane": 0.0785, "car_sigma": 0.1777, "car_tau_mean": 3.6807, "car_tau_std": 4.0382, "car_v_mean": 25.9026, "car_v_std": 10.2587}, "datetime": {"datetime": "2024-08-11 17:56:25", "elapsed": 855.785651, "delta": 2.428867}}
{"target": -0.3663924626137997, "params": {"bus_acc": 2.8988, "bus_dcc": 3.622, "bus_lcAssertive": 88.8024, "bus_lcCooperative": 0.7906, "bus_lcLookaheadLeft": 89.5965, "bus_lcPushy": 0.3164, "bus_lcSigma": 0.9557, "bus_lcSpeedGainRight": 4.3793, "bus_lcSublane": 0.1104, "bus_sigma": 0.4244, "bus_tau_mean": 3.597, "bus_tau_std": 2.8622, "bus_v_mean": 11.9329, "bus_v_std": 1.9931, "car_acc": 2.6351, "car_dcc": 3.6526, "car_lcAssertive": 22.1946, "car_lcCooperative": 0.8141, "car_lcLookaheadLeft": 74.534, "car_lcPushy": 0.5349, "car_lcSigma": 0.4621, "car_lcSpeedGainRight": 1.9945, "car_lcSublane": 0.186, "car_sigma": 0.6256, "car_tau_mean": 1.2281, "car_tau_std": 6.7543, "car_v_mean": 18.1746, "car_v_std": 9.5221}, "datetime": {"datetime": "2024-08-11 17:56:28", "elapsed": 859.102092, "delta": 3.316441}}
{"target": -0.42932898290315724, "params": {"bus_acc": 2.6129, "bus_dcc": 1.6253, "bus_lcAssertive": 78.1792, "bus_lcCooperative": 0.38, "bus_lcLookaheadLeft": 76.769, "bus_lcPushy": 0.8646, "bus_lcSigma": 0.7392, "bus_lcSpeedGainRight": 4.4388, "bus_lcSublane": 0.5501, "bus_sigma": 0.6925, "bus_tau_mean": 1.145, "bus_tau_std": 0.9994, "bus_v_mean": 11.0434, "bus_v_std": 12.4974, "car_acc": 0.9962, "car_dcc": 0.8101, "car_lcAssertive": 71.5707, "car_lcCooperative": 0.9644, "car_lcLookaheadLeft": 21.6224, "car_lcPushy": 0.1455, "car_lcSigma": 0.6192, "car_lcSpeedGainRight": 4.9929, "car_lcSublane": 0.7803, "car_sigma": 0.8584, "car_tau_mean": 3.3757, "car_tau_std": 6.3657, "car_v_mean": 12.9791, "car_v_std": 13.4895}, "datetime": {"datetime": "2024-08-11 17:56:31", "elapsed": 862.372455, "delta": 3.270363}}
{"target": -0.4429421352496566, "params": {"bus_acc": 0.2499, "bus_dcc": 3.7365, "bus_lcAssertive": 31.1085, "bus_lcCooperative": 0.5058, "bus_lcLookaheadLeft": 68.1469, "bus_lcPushy": 0.2187, "bus_lcSigma": 0.4161, "bus_lcSpeedGainRight": 4.9364, "bus_lcSublane": 0.3089, "bus_sigma": 0.3006, "bus_tau_mean": 2.2153, "bus_tau_std": 4.9335, "bus_v_mean": 9.4116, "bus_v_std": 6.3645, "car_acc": 3.3626, "car_dcc": 1.4153, "car_lcAssertive": 68.0907, "car_lcCooperative": 0.5392, "car_lcLookaheadLeft": 12.1299, "car_lcPushy": 0.8813, "car_lcSigma": 0.8184, "car_lcSpeedGainRight": 1.2182, "car_lcSublane": 0.8901, "car_sigma": 0.3966, "car_tau_mean": 2.6078, "car_tau_std": 8.2652, "car_v_mean": 17.613, "car_v_std": 15.7911}, "datetime": {"datetime": "2024-08-11 17:56:35", "elapsed": 866.321649, "delta": 3.949194}}
{"target": -0.30453976797365057, "params": {"bus_acc": 0.2838, "bus_dcc": 1.6972, "bus_lcAssertive": 17.846, "bus_lcCooperative": 0.7439, "bus_lcLookaheadLeft": 5.3237, "bus_lcPushy": 0.592, "bus_lcSigma": 0.6782, "bus_lcSpeedGainRight": 4.5782, "bus_lcSublane": 0.04, "bus_sigma": 0.6601, "bus_tau_mean": 2.162, "bus_tau_std": 6.1082, "bus_v_mean": 19.2755, "bus_v_std": 1.9511, "car_acc": 2.9231, "car_dcc": 3.5672, "car_lcAssertive": 71.8343, "car_lcCooperative": 0.8066, "car_lcLookaheadLeft": 6.1901, "car_lcPushy": 0.3311, "car_lcSigma": 0.7421, "car_lcSpeedGainRight": 2.522, "car_lcSublane": 0.7223, "car_sigma": 0.5696, "car_tau_mean": 1.9033, "car_tau_std": 3.4641, "car_v_mean": 13.125, "car_v_std": 10.3461}, "datetime": {"datetime": "2024-08-11 17:56:39", "elapsed": 870.024688, "delta": 3.703039}}
{"target": -0.4674538485671456, "params": {"bus_acc": 1.1342, "bus_dcc": 0.6951, "bus_lcAssertive": 11.1665, "bus_lcCooperative": 0.076, "bus_lcLookaheadLeft": 51.9814, "bus_lcPushy": 0.0264, "bus_lcSigma": 0.5165, "bus_lcSpeedGainRight": 2.8265, "bus_lcSublane": 0.2928, "bus_sigma": 0.9032, "bus_tau_mean": 3.93, "bus_tau_std": 6.2678, "bus_v_mean": 20.4286, "bus_v_std": 12.4894, "car_acc": 0.7029, "car_dcc": 0.7682, "car_lcAssertive": 74.7049, "car_lcCooperative": 0.8331, "car_lcLookaheadLeft": 47.9915, "car_lcPushy": 0.5568, "car_lcSigma": 0.6993, "car_lcSpeedGainRight": 0.1353, "car_lcSublane": 0.406, "car_sigma": 0.2413, "car_tau_mean": 2.4111, "car_tau_std": 2.7467, "car_v_mean": 12.4432, "car_v_std": 3.235}, "datetime": {"datetime": "2024-08-11 17:56:42", "elapsed": 872.790796, "delta": 2.766108}}
{"target": -0.4039422818228567, "params": {"bus_acc": 3.0715, "bus_dcc": 1.6244, "bus_lcAssertive": 99.6133, "bus_lcCooperative": 0.8104, "bus_lcLookaheadLeft": 27.6391, "bus_lcPushy": 0.3628, "bus_lcSigma": 0.3551, "bus_lcSpeedGainRight": 4.9403, "bus_lcSublane": 0.4196, "bus_sigma": 0.754, "bus_tau_mean": 2.1426, "bus_tau_std": 4.8615, "bus_v_mean": 17.9321, "bus_v_std": 2.2967, "car_acc": 2.4533, "car_dcc": 3.1921, "car_lcAssertive": 10.165, "car_lcCooperative": 0.5822, "car_lcLookaheadLeft": 95.5165, "car_lcPushy": 0.465, "car_lcSigma": 0.371, "car_lcSpeedGainRight": 2.8048, "car_lcSublane": 0.0129, "car_sigma": 0.4599, "car_tau_mean": 3.2227, "car_tau_std": 9.3188, "car_v_mean": 23.835, "car_v_std": 18.1141}, "datetime": {"datetime": "2024-08-11 17:56:46", "elapsed": 876.771181, "delta": 3.980385}}
{"target": -0.3835918856562226, "params": {"bus_acc": 3.5346, "bus_dcc": 0.4561, "bus_lcAssertive": 66.2667, "bus_lcCooperative": 0.1026, "bus_lcLookaheadLeft": 39.9323, "bus_lcPushy": 0.9528, "bus_lcSigma": 0.9097, "bus_lcSpeedGainRight": 4.7304, "bus_lcSublane": 0.4401, "bus_sigma": 0.3499, "bus_tau_mean": 3.4562, "bus_tau_std": 8.3634, "bus_v_mean": 14.0744, "bus_v_std": 6.5089, "car_acc": 3.9241, "car_dcc": 3.729, "car_lcAssertive": 67.8041, "car_lcCooperative": 0.6488, "car_lcLookaheadLeft": 13.8674, "car_lcPushy": 0.0335, "car_lcSigma": 0.6184, "car_lcSpeedGainRight": 3.8692, "car_lcSublane": 0.8966, "car_sigma": 0.6174, "car_tau_mean": 2.6016, "car_tau_std": 3.113, "car_v_mean": 13.4616, "car_v_std": 14.5569}, "datetime": {"datetime": "2024-08-11 17:56:52", "elapsed": 882.824105, "delta": 6.052924}}
{"target": -0.3844940903432021, "params": {"bus_acc": 0.3171, "bus_dcc": 2.9696, "bus_lcAssertive": 41.3617, "bus_lcCooperative": 0.3303, "bus_lcLookaheadLeft": 21.6614, "bus_lcPushy": 0.3125, "bus_lcSigma": 0.3934, "bus_lcSpeedGainRight": 2.9488, "bus_lcSublane": 0.7627, "bus_sigma": 0.5069, "bus_tau_mean": 1.3379, "bus_tau_std": 6.4337, "bus_v_mean": 16.4805, "bus_v_std": 12.9844, "car_acc": 1.944, "car_dcc": 3.1761, "car_lcAssertive": 92.8817, "car_lcCooperative": 0.942, "car_lcLookaheadLeft": 14.4137, "car_lcPushy": 0.1396, "car_lcSigma": 0.9156, "car_lcSpeedGainRight": 0.6476, "car_lcSublane": 0.4933, "car_sigma": 0.4678, "car_tau_mean": 3.3778, "car_tau_std": 7.3118, "car_v_mean": 25.9166, "car_v_std": 18.3907}, "datetime": {"datetime": "2024-08-11 17:56:55", "elapsed": 885.99883, "delta": 3.174725}}
{"target": -0.3039363564398258, "params": {"bus_acc": 1.1278, "bus_dcc": 1.6857, "bus_lcAssertive": 67.611, "bus_lcCooperative": 0.1882, "bus_lcLookaheadLeft": 91.3306, "bus_lcPushy": 0.5503, "bus_lcSigma": 0.0409, "bus_lcSpeedGainRight": 1.71, "bus_lcSublane": 0.5321, "bus_sigma": 0.6529, "bus_tau_mean": 1.5905, "bus_tau_std": 8.3934, "bus_v_mean": 22.8363, "bus_v_std": 13.1301, "car_acc": 2.282, "car_dcc": 0.9283, "car_lcAssertive": 86.2464, "car_lcCooperative": 0.5762, "car_lcLookaheadLeft": 33.804, "car_lcPushy": 0.5059, "car_lcSigma": 0.1359, "car_lcSpeedGainRight": 2.3839, "car_lcSublane": 0.7933, "car_sigma": 0.9007, "car_tau_mean": 3.8749, "car_tau_std": 6.2882, "car_v_mean": 25.9515, "car_v_std": 14.213}, "datetime": {"datetime": "2024-08-11 17:56:59", "elapsed": 889.955119, "delta": 3.956289}}
{"target": -0.43407163341483485, "params": {"bus_acc": 2.5917, "bus_dcc": 2.8307, "bus_lcAssertive": 68.6112, "bus_lcCooperative": 0.2247, "bus_lcLookaheadLeft": 18.8076, "bus_lcPushy": 0.4849, "bus_lcSigma": 0.1021, "bus_lcSpeedGainRight": 1.1309, "bus_lcSublane": 0.7066, "bus_sigma": 0.6308, "bus_tau_mean": 2.5573, "bus_tau_std": 8.7022, "bus_v_mean": 14.6726, "bus_v_std": 9.0713, "car_acc": 1.4007, "car_dcc": 0.372, "car_lcAssertive": 85.3771, "car_lcCooperative": 0.8952, "car_lcLookaheadLeft": 86.5378, "car_lcPushy": 0.1349, "car_lcSigma": 0.2162, "car_lcSpeedGainRight": 4.2478, "car_lcSublane": 0.6974, "car_sigma": 0.5582, "car_tau_mean": 3.2523, "car_tau_std": 4.8342, "car_v_mean": 15.0094, "car_v_std": 0.0724}, "datetime": {"datetime": "2024-08-11 17:57:01", "elapsed": 892.541091, "delta": 2.585972}}
{"target": -0.4099197032029349, "params": {"bus_acc": 3.8165, "bus_dcc": 3.5321, "bus_lcAssertive": 88.8989, "bus_lcCooperative": 0.7123, "bus_lcLookaheadLeft": 2.3765, "bus_lcPushy": 0.7038, "bus_lcSigma": 0.1766, "bus_lcSpeedGainRight": 4.1035, "bus_lcSublane": 0.8164, "bus_sigma": 0.3059, "bus_tau_mean": 0.9261, "bus_tau_std": 8.2997, "bus_v_mean": 9.348, "bus_v_std": 19.4416, "car_acc": 1.7347, "car_dcc": 3.6068, "car_lcAssertive": 58.7345, "car_lcCooperative": 0.5068, "car_lcLookaheadLeft": 74.6435, "car_lcPushy": 0.6698, "car_lcSigma": 0.9879, "car_lcSpeedGainRight": 0.3953, "car_lcSublane": 0.4652, "car_sigma": 0.4346, "car_tau_mean": 1.6978, "car_tau_std": 4.9604, "car_v_mean": 8.1364, "car_v_std": 5.6091}, "datetime": {"datetime": "2024-08-11 17:57:04", "elapsed": 895.287602, "delta": 2.746511}}
{"target": -0.38552666700198507, "params": {"bus_acc": 1.5542, "bus_dcc": 3.022, "bus_lcAssertive": 5.2044, "bus_lcCooperative": 0.1331, "bus_lcLookaheadLeft": 20.3622, "bus_lcPushy": 0.3295, "bus_lcSigma": 0.6769, "bus_lcSpeedGainRight": 3.7045, "bus_lcSublane": 0.3638, "bus_sigma": 0.0233, "bus_tau_mean": 1.0671, "bus_tau_std": 1.5041, "bus_v_mean": 9.3036, "bus_v_std": 7.2462, "car_acc": 3.7228, "car_dcc": 2.8188, "car_lcAssertive": 38.7027, "car_lcCooperative": 0.4702, "car_lcLookaheadLeft": 11.6364, "car_lcPushy": 0.3349, "car_lcSigma": 0.8197, "car_lcSpeedGainRight": 2.3133, "car_lcSublane": 0.0569, "car_sigma": 0.2248, "car_tau_mean": 3.9377, "car_tau_std": 3.2745, "car_v_mean": 21.906, "car_v_std": 13.5708}, "datetime": {"datetime": "2024-08-11 17:57:08", "elapsed": 899.055564, "delta": 3.767962}}
{"target": -0.5273298170925406, "params": {"bus_acc": 3.8857, "bus_dcc": 1.9117, "bus_lcAssertive": 10.9236, "bus_lcCooperative": 0.9819, "bus_lcLookaheadLeft": 24.8268, "bus_lcPushy": 0.327, "bus_lcSigma": 0.7123, "bus_lcSpeedGainRight": 4.5502, "bus_lcSublane": 0.4977, "bus_sigma": 0.783, "bus_tau_mean": 2.0706, "bus_tau_std": 3.3317, "bus_v_mean": 14.6503, "bus_v_std": 2.0199, "car_acc": 3.3512, "car_dcc": 3.3899, "car_lcAssertive": 21.6456, "car_lcCooperative": 0.1647, "car_lcLookaheadLeft": 20.0091, "car_lcPushy": 0.3159, "car_lcSigma": 0.1223, "car_lcSpeedGainRight": 3.7534, "car_lcSublane": 0.7396, "car_sigma": 0.1619, "car_tau_mean": 3.0876, "car_tau_std": 2.006, "car_v_mean": 11.8099, "car_v_std": 6.3091}, "datetime": {"datetime": "2024-08-11 17:57:11", "elapsed": 902.242738, "delta": 3.187174}}
{"target": -0.3930309874168986, "params": {"bus_acc": 1.0162, "bus_dcc": 2.5294, "bus_lcAssertive": 12.4148, "bus_lcCooperative": 0.7331, "bus_lcLookaheadLeft": 14.8374, "bus_lcPushy": 0.6255, "bus_lcSigma": 0.8071, "bus_lcSpeedGainRight": 1.2811, "bus_lcSublane": 0.7021, "bus_sigma": 0.7214, "bus_tau_mean": 0.9046, "bus_tau_std": 4.1765, "bus_v_mean": 17.4218, "bus_v_std": 13.9497, "car_acc": 0.917, "car_dcc": 3.8614, "car_lcAssertive": 55.6361, "car_lcCooperative": 0.7454, "car_lcLookaheadLeft": 39.3073, "car_lcPushy": 0.2054, "car_lcSigma": 0.0442, "car_lcSpeedGainRight": 1.1713, "car_lcSublane": 0.3932, "car_sigma": 0.0059, "car_tau_mean": 1.802, "car_tau_std": 4.3381, "car_v_mean": 22.2528, "car_v_std": 10.8471}, "datetime": {"datetime": "2024-08-11 17:57:14", "elapsed": 905.115904, "delta": 2.873166}}
