{"target": -0.17983658586107557, "params": {"bus_acc": 1.4871, "bus_dcc": 0.7226, "bus_lcAssertive": 54.7959, "bus_lcCooperative": 0.5787, "bus_lcLookaheadLeft": 10.2998, "bus_lcPushy": 0.8252, "bus_lcSigma": 0.5326, "bus_lcSpeedGainRight": 1.4913, "bus_lcSublane": 0.1479, "bus_sigma": 0.6475, "bus_tau_mean": 1.715, "bus_tau_std": 3.0206, "bus_v_mean": 18.2765, "bus_v_std": 10.3323, "car_acc": 3.3273, "car_dcc": 2.2666, "car_lcAssertive": 37.5749, "car_lcCooperative": 0.5304, "car_lcLookaheadLeft": 87.6692, "car_lcPushy": 0.6402, "car_lcSigma": 0.6093, "car_lcSpeedGainRight": 1.4844, "car_lcSublane": 0.2502, "car_sigma": 0.0142, "car_tau_mean": 3.5839, "car_tau_std": 9.0868, "car_v_mean": 14.7344, "car_v_std": 11.8455}, "datetime": {"datetime": "2024-09-05 13:55:21", "elapsed": 11177.131805, "delta": 14.443518}}
{"target": -0.23677270649129903, "params": {"bus_acc": 2.5563, "bus_dcc": 2.4432, "bus_lcAssertive": 40.8302, "bus_lcCooperative": 0.8962, "bus_lcLookaheadLeft": 93.2518, "bus_lcPushy": 0.4984, "bus_lcSigma": 0.5901, "bus_lcSpeedGainRight": 1.7187, "bus_lcSublane": 0.5634, "bus_sigma": 0.3026, "bus_tau_mean": 1.7697, "bus_tau_std": 3.5345, "bus_v_mean": 19.3486, "bus_v_std": 8.7112, "car_acc": 2.4595, "car_dcc": 0.2175, "car_lcAssertive": 72.7661, "car_lcCooperative": 0.3329, "car_lcLookaheadLeft": 50.2465, "car_lcPushy": 0.1284, "car_lcSigma": 0.8283, "car_lcSpeedGainRight": 4.0548, "car_lcSublane": 0.3372, "car_sigma": 0.7493, "car_tau_mean": 3.0236, "car_tau_std": 2.8342, "car_v_mean": 9.8248, "car_v_std": 17.5542}, "datetime": {"datetime": "2024-09-05 13:55:39", "elapsed": 11195.102516, "delta": 17.970711}}
{"target": -0.20367811256593268, "params": {"bus_acc": 3.1423, "bus_dcc": 1.9333, "bus_lcAssertive": 46.4055, "bus_lcCooperative": 0.389, "bus_lcLookaheadLeft": 95.1851, "bus_lcPushy": 0.7997, "bus_lcSigma": 0.7085, "bus_lcSpeedGainRight": 2.0659, "bus_lcSublane": 0.6295, "bus_sigma": 0.6345, "bus_tau_mean": 3.8209, "bus_tau_std": 9.7802, "bus_v_mean": 12.9718, "bus_v_std": 8.9612, "car_acc": 3.4127, "car_dcc": 2.2809, "car_lcAssertive": 21.93, "car_lcCooperative": 0.4705, "car_lcLookaheadLeft": 38.7741, "car_lcPushy": 0.9802, "car_lcSigma": 0.7986, "car_lcSpeedGainRight": 4.4246, "car_lcSublane": 0.9468, "car_sigma": 0.8499, "car_tau_mean": 3.6228, "car_tau_std": 0.8925, "car_v_mean": 18.2595, "car_v_std": 9.7931}, "datetime": {"datetime": "2024-09-05 13:55:55", "elapsed": 11211.359771, "delta": 16.257255}}
{"target": -0.991396973878139, "params": {"bus_acc": 2.5268, "bus_dcc": 0.2834, "bus_lcAssertive": 69.8603, "bus_lcCooperative": 0.0227, "bus_lcLookaheadLeft": 68.9498, "bus_lcPushy": 0.6886, "bus_lcSigma": 0.6406, "bus_lcSpeedGainRight": 0.7228, "bus_lcSublane": 0.629, "bus_sigma": 0.2786, "bus_tau_mean": 0.8697, "bus_tau_std": 0.3805, "bus_v_mean": 11.3161, "bus_v_std": 3.8625, "car_acc": 1.4754, "car_dcc": 1.2146, "car_lcAssertive": 76.7241, "car_lcCooperative": 0.4558, "car_lcLookaheadLeft": 19.6328, "car_lcPushy": 0.0257, "car_lcSigma": 0.5621, "car_lcSpeedGainRight": 4.2351, "car_lcSublane": 0.5474, "car_sigma": 0.476, "car_tau_mean": 0.8804, "car_tau_std": 8.263, "car_v_mean": 11.4004, "car_v_std": 18.8542}, "datetime": {"datetime": "2024-09-05 13:56:12", "elapsed": 11228.070899, "delta": 16.711128}}
{"target": -0.7081003914754884, "params": {"bus_acc": 1.6501, "bus_dcc": 1.4134, "bus_lcAssertive": 55.5333, "bus_lcCooperative": 0.277, "bus_lcLookaheadLeft": 94.9197, "bus_lcPushy": 0.8922, "bus_lcSigma": 0.0044, "bus_lcSpeedGainRight": 1.427, "bus_lcSublane": 0.9041, "bus_sigma": 0.7966, "bus_tau_mean": 2.5607, "bus_tau_std": 7.2524, "bus_v_mean": 15.1438, "bus_v_std": 9.3633, "car_acc": 1.013, "car_dcc": 3.8956, "car_lcAssertive": 74.6161, "car_lcCooperative": 0.2497, "car_lcLookaheadLeft": 82.7472, "car_lcPushy": 0.2059, "car_lcSigma": 0.6505, "car_lcSpeedGainRight": 2.2655, "car_lcSublane": 0.8844, "car_sigma": 0.2472, "car_tau_mean": 3.3122, "car_tau_std": 5.9673, "car_v_mean": 8.8973, "car_v_std": 11.4192}, "datetime": {"datetime": "2024-09-05 13:56:52", "elapsed": 11268.033921, "delta": 39.963022}}
{"target": -0.22157729150403238, "params": {"bus_acc": 2.5051, "bus_dcc": 3.1858, "bus_lcAssertive": 26.9558, "bus_lcCooperative": 0.4985, "bus_lcLookaheadLeft": 30.5289, "bus_lcPushy": 0.0919, "bus_lcSigma": 0.2274, "bus_lcSpeedGainRight": 4.0789, "bus_lcSublane": 0.7691, "bus_sigma": 0.2096, "bus_tau_mean": 3.765, "bus_tau_std": 2.1221, "bus_v_mean": 17.3477, "bus_v_std": 12.8647, "car_acc": 3.5997, "car_dcc": 1.5984, "car_lcAssertive": 45.6398, "car_lcCooperative": 0.4377, "car_lcLookaheadLeft": 31.3462, "car_lcPushy": 0.7513, "car_lcSigma": 0.828, "car_lcSpeedGainRight": 3.3327, "car_lcSublane": 0.5445, "car_sigma": 0.6026, "car_tau_mean": 1.2629, "car_tau_std": 0.4411, "car_v_mean": 14.3681, "car_v_std": 0.9836}, "datetime": {"datetime": "2024-09-05 13:57:08", "elapsed": 11284.271159, "delta": 16.237238}}
{"target": -0.2683316752562241, "params": {"bus_acc": 3.2972, "bus_dcc": 2.7134, "bus_lcAssertive": 84.7037, "bus_lcCooperative": 0.512, "bus_lcLookaheadLeft": 73.7231, "bus_lcPushy": 0.6831, "bus_lcSigma": 0.5693, "bus_lcSpeedGainRight": 3.5212, "bus_lcSublane": 0.2663, "bus_sigma": 0.7068, "bus_tau_mean": 3.1551, "bus_tau_std": 1.9082, "bus_v_mean": 18.8808, "bus_v_std": 18.3042, "car_acc": 3.2709, "car_dcc": 0.4475, "car_lcAssertive": 46.442, "car_lcCooperative": 0.3561, "car_lcLookaheadLeft": 7.0669, "car_lcPushy": 0.9857, "car_lcSigma": 0.7318, "car_lcSpeedGainRight": 2.8426, "car_lcSublane": 0.5914, "car_sigma": 0.3342, "car_tau_mean": 2.2423, "car_tau_std": 8.5023, "car_v_mean": 22.3372, "car_v_std": 4.4062}, "datetime": {"datetime": "2024-09-05 13:57:24", "elapsed": 11299.472333, "delta": 15.201174}}
{"target": -0.30059661298175916, "params": {"bus_acc": 3.1796, "bus_dcc": 1.9544, "bus_lcAssertive": 88.7983, "bus_lcCooperative": 0.6494, "bus_lcLookaheadLeft": 12.6749, "bus_lcPushy": 0.3026, "bus_lcSigma": 0.4305, "bus_lcSpeedGainRight": 0.5301, "bus_lcSublane": 0.3606, "bus_sigma": 0.1211, "bus_tau_mean": 3.4497, "bus_tau_std": 4.7845, "bus_v_mean": 20.674, "bus_v_std": 3.637, "car_acc": 0.5194, "car_dcc": 1.9367, "car_lcAssertive": 38.2162, "car_lcCooperative": 0.1923, "car_lcLookaheadLeft": 68.3597, "car_lcPushy": 0.2673, "car_lcSigma": 0.5147, "car_lcSpeedGainRight": 1.5614, "car_lcSublane": 0.619, "car_sigma": 0.5101, "car_tau_mean": 3.2003, "car_tau_std": 0.0573, "car_v_mean": 9.4047, "car_v_std": 5.167}, "datetime": {"datetime": "2024-09-05 13:57:48", "elapsed": 11323.98633, "delta": 24.513997}}
{"target": -0.4681419675515695, "params": {"bus_acc": 1.0962, "bus_dcc": 3.9347, "bus_lcAssertive": 76.6058, "bus_lcCooperative": 0.7491, "bus_lcLookaheadLeft": 94.089, "bus_lcPushy": 0.7686, "bus_lcSigma": 0.0981, "bus_lcSpeedGainRight": 4.8788, "bus_lcSublane": 0.0837, "bus_sigma": 0.6243, "bus_tau_mean": 2.8801, "bus_tau_std": 1.5137, "bus_v_mean": 21.5419, "bus_v_std": 7.68, "car_acc": 0.74, "car_dcc": 3.663, "car_lcAssertive": 95.9295, "car_lcCooperative": 0.5716, "car_lcLookaheadLeft": 3.4522, "car_lcPushy": 0.3302, "car_lcSigma": 0.0771, "car_lcSpeedGainRight": 1.8589, "car_lcSublane": 0.0007, "car_sigma": 0.5557, "car_tau_mean": 2.4436, "car_tau_std": 3.5886, "car_v_mean": 13.2439, "car_v_std": 7.2609}, "datetime": {"datetime": "2024-09-05 13:58:18", "elapsed": 11354.008459, "delta": 30.022129}}
{"target": -0.19992031828176615, "params": {"bus_acc": 0.4824, "bus_dcc": 1.9412, "bus_lcAssertive": 97.6787, "bus_lcCooperative": 0.4036, "bus_lcLookaheadLeft": 83.157, "bus_lcPushy": 0.471, "bus_lcSigma": 0.3134, "bus_lcSpeedGainRight": 0.9714, "bus_lcSublane": 0.6928, "bus_sigma": 0.1827, "bus_tau_mean": 3.3463, "bus_tau_std": 0.468, "bus_v_mean": 17.1902, "bus_v_std": 19.7499, "car_acc": 3.0444, "car_dcc": 2.7797, "car_lcAssertive": 52.9388, "car_lcCooperative": 0.9259, "car_lcLookaheadLeft": 3.5353, "car_lcPushy": 0.7343, "car_lcSigma": 0.2132, "car_lcSpeedGainRight": 3.2287, "car_lcSublane": 0.2818, "car_sigma": 0.5284, "car_tau_mean": 1.2393, "car_tau_std": 8.1374, "car_v_mean": 10.943, "car_v_std": 8.7766}, "datetime": {"datetime": "2024-09-05 13:58:34", "elapsed": 11369.896141, "delta": 15.887682}}
{"target": -0.17476077868937423, "params": {"bus_acc": 3.8135, "bus_dcc": 2.2731, "bus_lcAssertive": 60.7004, "bus_lcCooperative": 0.9041, "bus_lcLookaheadLeft": 62.4344, "bus_lcPushy": 0.4573, "bus_lcSigma": 0.3062, "bus_lcSpeedGainRight": 3.846, "bus_lcSublane": 0.6071, "bus_sigma": 0.0419, "bus_tau_mean": 3.7448, "bus_tau_std": 9.8085, "bus_v_mean": 14.5411, "bus_v_std": 17.9573, "car_acc": 1.4463, "car_dcc": 3.4172, "car_lcAssertive": 3.1861, "car_lcCooperative": 0.6712, "car_lcLookaheadLeft": 45.1113, "car_lcPushy": 0.3421, "car_lcSigma": 0.263, "car_lcSpeedGainRight": 4.7282, "car_lcSublane": 0.753, "car_sigma": 0.4465, "car_tau_mean": 2.563, "car_tau_std": 4.4244, "car_v_mean": 13.9282, "car_v_std": 5.7478}, "datetime": {"datetime": "2024-09-05 13:58:52", "elapsed": 11387.650493, "delta": 17.754352}}
{"target": -1.438471225673265, "params": {"bus_acc": 3.5533, "bus_dcc": 2.3773, "bus_lcAssertive": 76.5114, "bus_lcCooperative": 0.0971, "bus_lcLookaheadLeft": 3.5402, "bus_lcPushy": 0.2931, "bus_lcSigma": 0.4021, "bus_lcSpeedGainRight": 4.3982, "bus_lcSublane": 0.1288, "bus_sigma": 0.0091, "bus_tau_mean": 2.5725, "bus_tau_std": 9.4612, "bus_v_mean": 14.0914, "bus_v_std": 6.7231, "car_acc": 1.8545, "car_dcc": 1.1201, "car_lcAssertive": 46.3144, "car_lcCooperative": 0.3465, "car_lcLookaheadLeft": 20.0578, "car_lcPushy": 0.2874, "car_lcSigma": 0.9182, "car_lcSpeedGainRight": 0.5265, "car_lcSublane": 0.0774, "car_sigma": 0.7501, "car_tau_mean": 2.7381, "car_tau_std": 4.9378, "car_v_mean": 22.7555, "car_v_std": 12.4558}, "datetime": {"datetime": "2024-09-05 13:59:08", "elapsed": 11404.416667, "delta": 16.766174}}
{"target": -0.2334069885383986, "params": {"bus_acc": 2.6866, "bus_dcc": 1.9, "bus_lcAssertive": 4.6053, "bus_lcCooperative": 0.9421, "bus_lcLookaheadLeft": 25.6919, "bus_lcPushy": 0.574, "bus_lcSigma": 0.8313, "bus_lcSpeedGainRight": 2.9647, "bus_lcSublane": 0.1908, "bus_sigma": 0.6528, "bus_tau_mean": 0.7382, "bus_tau_std": 1.2933, "bus_v_mean": 21.6933, "bus_v_std": 1.8712, "car_acc": 1.0494, "car_dcc": 3.6268, "car_lcAssertive": 88.8963, "car_lcCooperative": 0.5539, "car_lcLookaheadLeft": 86.21, "car_lcPushy": 0.322, "car_lcSigma": 0.0825, "car_lcSpeedGainRight": 3.5383, "car_lcSublane": 0.2869, "car_sigma": 0.5558, "car_tau_mean": 2.8921, "car_tau_std": 0.2975, "car_v_mean": 12.474, "car_v_std": 2.2528}, "datetime": {"datetime": "2024-09-05 13:59:23", "elapsed": 11419.111, "delta": 14.694333}}
{"target": -0.1975469489800836, "params": {"bus_acc": 2.2553, "bus_dcc": 1.2333, "bus_lcAssertive": 99.0828, "bus_lcCooperative": 0.7589, "bus_lcLookaheadLeft": 58.4999, "bus_lcPushy": 0.8759, "bus_lcSigma": 0.6774, "bus_lcSpeedGainRight": 0.3914, "bus_lcSublane": 0.2145, "bus_sigma": 0.1168, "bus_tau_mean": 2.8748, "bus_tau_std": 6.0748, "bus_v_mean": 25.4054, "bus_v_std": 11.2634, "car_acc": 1.1851, "car_dcc": 2.029, "car_lcAssertive": 73.748, "car_lcCooperative": 0.8184, "car_lcLookaheadLeft": 52.7318, "car_lcPushy": 0.8253, "car_lcSigma": 0.2982, "car_lcSpeedGainRight": 4.2859, "car_lcSublane": 0.1398, "car_sigma": 0.322, "car_tau_mean": 3.1814, "car_tau_std": 7.0591, "car_v_mean": 21.405, "car_v_std": 7.1233}, "datetime": {"datetime": "2024-09-05 13:59:37", "elapsed": 11433.33962, "delta": 14.22862}}
{"target": -0.17830267634768046, "params": {"bus_acc": 3.6605, "bus_dcc": 3.4903, "bus_lcAssertive": 2.2971, "bus_lcCooperative": 0.7979, "bus_lcLookaheadLeft": 67.4275, "bus_lcPushy": 0.3182, "bus_lcSigma": 0.4919, "bus_lcSpeedGainRight": 3.3661, "bus_lcSublane": 0.6387, "bus_sigma": 0.2703, "bus_tau_mean": 2.9135, "bus_tau_std": 4.9854, "bus_v_mean": 17.6157, "bus_v_std": 9.8015, "car_acc": 2.6216, "car_dcc": 1.3611, "car_lcAssertive": 96.3517, "car_lcCooperative": 0.4297, "car_lcLookaheadLeft": 9.8011, "car_lcPushy": 0.4439, "car_lcSigma": 0.416, "car_lcSpeedGainRight": 2.8832, "car_lcSublane": 0.7604, "car_sigma": 0.3597, "car_tau_mean": 0.9081, "car_tau_std": 9.0234, "car_v_mean": 19.6318, "car_v_std": 13.412}, "datetime": {"datetime": "2024-09-05 13:59:54", "elapsed": 11450.141788, "delta": 16.802168}}
{"target": -0.2241715947402484, "params": {"bus_acc": 2.1293, "bus_dcc": 0.7699, "bus_lcAssertive": 43.2985, "bus_lcCooperative": 0.0606, "bus_lcLookaheadLeft": 20.4085, "bus_lcPushy": 0.4558, "bus_lcSigma": 0.5326, "bus_lcSpeedGainRight": 1.0622, "bus_lcSublane": 0.7587, "bus_sigma": 0.4066, "bus_tau_mean": 1.2208, "bus_tau_std": 6.6074, "bus_v_mean": 22.9109, "bus_v_std": 14.6557, "car_acc": 3.1457, "car_dcc": 1.1311, "car_lcAssertive": 88.2826, "car_lcCooperative": 0.0368, "car_lcLookaheadLeft": 52.945, "car_lcPushy": 0.9324, "car_lcSigma": 0.494, "car_lcSpeedGainRight": 0.0053, "car_lcSublane": 0.4506, "car_sigma": 0.4765, "car_tau_mean": 2.1185, "car_tau_std": 8.1746, "car_v_mean": 23.5385, "car_v_std": 10.1831}, "datetime": {"datetime": "2024-09-05 14:00:19", "elapsed": 11475.138677, "delta": 24.996889}}
{"target": -0.17092719150818728, "params": {"bus_acc": 2.4812, "bus_dcc": 0.417, "bus_lcAssertive": 75.5392, "bus_lcCooperative": 0.1355, "bus_lcLookaheadLeft": 4.5912, "bus_lcPushy": 0.0672, "bus_lcSigma": 0.9111, "bus_lcSpeedGainRight": 0.0297, "bus_lcSublane": 0.4605, "bus_sigma": 0.836, "bus_tau_mean": 2.1649, "bus_tau_std": 4.9144, "bus_v_mean": 12.1542, "bus_v_std": 11.8254, "car_acc": 3.7006, "car_dcc": 3.9597, "car_lcAssertive": 39.4558, "car_lcCooperative": 0.3659, "car_lcLookaheadLeft": 36.2015, "car_lcPushy": 0.1668, "car_lcSigma": 0.6945, "car_lcSpeedGainRight": 2.9233, "car_lcSublane": 0.2082, "car_sigma": 0.8405, "car_tau_mean": 3.609, "car_tau_std": 8.2808, "car_v_mean": 20.9881, "car_v_std": 14.5211}, "datetime": {"datetime": "2024-09-05 14:00:41", "elapsed": 11496.626845, "delta": 21.488168}}
{"target": -0.19364423006202702, "params": {"bus_acc": 1.1943, "bus_dcc": 3.532, "bus_lcAssertive": 6.2006, "bus_lcCooperative": 0.7337, "bus_lcLookaheadLeft": 31.7339, "bus_lcPushy": 0.7402, "bus_lcSigma": 0.4474, "bus_lcSpeedGainRight": 1.9318, "bus_lcSublane": 0.169, "bus_sigma": 0.4899, "bus_tau_mean": 1.8986, "bus_tau_std": 0.5918, "bus_v_mean": 18.8615, "bus_v_std": 2.9435, "car_acc": 2.4333, "car_dcc": 1.536, "car_lcAssertive": 51.0131, "car_lcCooperative": 0.9153, "car_lcLookaheadLeft": 13.9431, "car_lcPushy": 0.7973, "car_lcSigma": 0.0476, "car_lcSpeedGainRight": 2.4636, "car_lcSublane": 0.0737, "car_sigma": 0.3473, "car_tau_mean": 3.3158, "car_tau_std": 4.8087, "car_v_mean": 22.8943, "car_v_std": 6.4575}, "datetime": {"datetime": "2024-09-05 14:00:55", "elapsed": 11510.532972, "delta": 13.906127}}
{"target": -0.1798771480915635, "params": {"bus_acc": 2.2239, "bus_dcc": 2.297, "bus_lcAssertive": 21.5828, "bus_lcCooperative": 0.5793, "bus_lcLookaheadLeft": 78.721, "bus_lcPushy": 0.0494, "bus_lcSigma": 0.9229, "bus_lcSpeedGainRight": 1.0644, "bus_lcSublane": 0.1406, "bus_sigma": 0.3476, "bus_tau_mean": 3.115, "bus_tau_std": 4.379, "bus_v_mean": 21.0752, "bus_v_std": 10.0046, "car_acc": 3.6981, "car_dcc": 1.3679, "car_lcAssertive": 79.82, "car_lcCooperative": 0.3948, "car_lcLookaheadLeft": 62.7318, "car_lcPushy": 0.2096, "car_lcSigma": 0.7365, "car_lcSpeedGainRight": 2.6266, "car_lcSublane": 0.3832, "car_sigma": 0.7242, "car_tau_mean": 3.6621, "car_tau_std": 9.9901, "car_v_mean": 9.4001, "car_v_std": 13.2905}, "datetime": {"datetime": "2024-09-05 14:01:13", "elapsed": 11528.537981, "delta": 18.005009}}
{"target": -0.17494370434994821, "params": {"bus_acc": 2.9168, "bus_dcc": 1.3732, "bus_lcAssertive": 60.1691, "bus_lcCooperative": 0.5099, "bus_lcLookaheadLeft": 67.3018, "bus_lcPushy": 0.2161, "bus_lcSigma": 0.3932, "bus_lcSpeedGainRight": 3.9333, "bus_lcSublane": 0.3166, "bus_sigma": 0.2051, "bus_tau_mean": 2.8199, "bus_tau_std": 2.9919, "bus_v_mean": 12.2142, "bus_v_std": 10.8152, "car_acc": 3.549, "car_dcc": 3.4561, "car_lcAssertive": 7.5382, "car_lcCooperative": 0.3796, "car_lcLookaheadLeft": 11.3448, "car_lcPushy": 0.9566, "car_lcSigma": 0.4408, "car_lcSpeedGainRight": 4.4844, "car_lcSublane": 0.1766, "car_sigma": 0.2291, "car_tau_mean": 3.3238, "car_tau_std": 1.6649, "car_v_mean": 12.5333, "car_v_std": 11.4373}, "datetime": {"datetime": "2024-09-05 14:01:27", "elapsed": 11542.735311, "delta": 14.19733}}
{"target": -0.17573426223637448, "params": {"bus_acc": 3.0902, "bus_dcc": 3.3744, "bus_lcAssertive": 86.7304, "bus_lcCooperative": 0.4891, "bus_lcLookaheadLeft": 90.7684, "bus_lcPushy": 0.1336, "bus_lcSigma": 0.0633, "bus_lcSpeedGainRight": 0.3454, "bus_lcSublane": 0.413, "bus_sigma": 0.952, "bus_tau_mean": 3.5134, "bus_tau_std": 6.4201, "bus_v_mean": 11.1455, "bus_v_std": 18.5694, "car_acc": 1.8547, "car_dcc": 2.6933, "car_lcAssertive": 48.0496, "car_lcCooperative": 0.8244, "car_lcLookaheadLeft": 92.6876, "car_lcPushy": 0.6752, "car_lcSigma": 0.8979, "car_lcSpeedGainRight": 0.1991, "car_lcSublane": 0.4502, "car_sigma": 0.7622, "car_tau_mean": 2.3948, "car_tau_std": 6.4149, "car_v_mean": 24.3431, "car_v_std": 14.4914}, "datetime": {"datetime": "2024-09-05 14:01:58", "elapsed": 11574.211556, "delta": 31.476245}}
{"target": -0.1577671832778984, "params": {"bus_acc": 1.5788, "bus_dcc": 2.83, "bus_lcAssertive": 41.7375, "bus_lcCooperative": 0.4637, "bus_lcLookaheadLeft": 12.0032, "bus_lcPushy": 0.7982, "bus_lcSigma": 0.052, "bus_lcSpeedGainRight": 4.0726, "bus_lcSublane": 0.5959, "bus_sigma": 0.2431, "bus_tau_mean": 1.3052, "bus_tau_std": 5.4995, "bus_v_mean": 21.6446, "bus_v_std": 13.9008, "car_acc": 0.5164, "car_dcc": 0.7666, "car_lcAssertive": 31.2999, "car_lcCooperative": 0.0742, "car_lcLookaheadLeft": 66.0229, "car_lcPushy": 0.9197, "car_lcSigma": 0.4013, "car_lcSpeedGainRight": 3.4273, "car_lcSublane": 0.5804, "car_sigma": 0.6952, "car_tau_mean": 2.5865, "car_tau_std": 0.2502, "car_v_mean": 19.9064, "car_v_std": 5.0196}, "datetime": {"datetime": "2024-09-05 14:02:38", "elapsed": 11613.541841, "delta": 39.330285}}
{"target": -0.24360315086903828, "params": {"bus_acc": 1.9751, "bus_dcc": 0.3395, "bus_lcAssertive": 76.7259, "bus_lcCooperative": 0.0936, "bus_lcLookaheadLeft": 65.1193, "bus_lcPushy": 0.1927, "bus_lcSigma": 0.9343, "bus_lcSpeedGainRight": 3.2122, "bus_lcSublane": 0.1368, "bus_sigma": 0.3606, "bus_tau_mean": 0.8743, "bus_tau_std": 9.7429, "bus_v_mean": 22.0174, "bus_v_std": 1.3495, "car_acc": 3.8032, "car_dcc": 2.2182, "car_lcAssertive": 71.7242, "car_lcCooperative": 0.6615, "car_lcLookaheadLeft": 94.961, "car_lcPushy": 0.9056, "car_lcSigma": 0.6066, "car_lcSpeedGainRight": 0.9408, "car_lcSublane": 0.9933, "car_sigma": 0.8208, "car_tau_mean": 3.5703, "car_tau_std": 8.7503, "car_v_mean": 24.9817, "car_v_std": 17.0697}, "datetime": {"datetime": "2024-09-05 14:02:49", "elapsed": 11624.872187, "delta": 11.330346}}
{"target": -0.5636171909825939, "params": {"bus_acc": 2.3095, "bus_dcc": 0.632, "bus_lcAssertive": 53.8413, "bus_lcCooperative": 0.9248, "bus_lcLookaheadLeft": 13.5213, "bus_lcPushy": 0.7497, "bus_lcSigma": 0.4346, "bus_lcSpeedGainRight": 0.1875, "bus_lcSublane": 0.0733, "bus_sigma": 0.8361, "bus_tau_mean": 2.3273, "bus_tau_std": 0.6695, "bus_v_mean": 22.6709, "bus_v_std": 4.8569, "car_acc": 0.353, "car_dcc": 3.5206, "car_lcAssertive": 7.2558, "car_lcCooperative": 0.4092, "car_lcLookaheadLeft": 98.1875, "car_lcPushy": 0.8955, "car_lcSigma": 0.2666, "car_lcSpeedGainRight": 0.3909, "car_lcSublane": 0.6126, "car_sigma": 0.4825, "car_tau_mean": 1.396, "car_tau_std": 6.3398, "car_v_mean": 14.7211, "car_v_std": 7.1396}, "datetime": {"datetime": "2024-09-05 14:03:05", "elapsed": 11640.491774, "delta": 15.619587}}
{"target": -0.21368020017247694, "params": {"bus_acc": 2.0511, "bus_dcc": 1.3678, "bus_lcAssertive": 42.5325, "bus_lcCooperative": 0.8714, "bus_lcLookaheadLeft": 74.3373, "bus_lcPushy": 0.9535, "bus_lcSigma": 0.5651, "bus_lcSpeedGainRight": 4.8365, "bus_lcSublane": 0.2981, "bus_sigma": 0.5998, "bus_tau_mean": 0.8201, "bus_tau_std": 9.857, "bus_v_mean": 22.787, "bus_v_std": 4.5156, "car_acc": 2.7988, "car_dcc": 1.1125, "car_lcAssertive": 56.2378, "car_lcCooperative": 0.2569, "car_lcLookaheadLeft": 53.1234, "car_lcPushy": 0.1481, "car_lcSigma": 0.738, "car_lcSpeedGainRight": 1.2153, "car_lcSublane": 0.5961, "car_sigma": 0.3022, "car_tau_mean": 3.8649, "car_tau_std": 7.8633, "car_v_mean": 9.7058, "car_v_std": 6.237}, "datetime": {"datetime": "2024-09-05 14:03:21", "elapsed": 11657.189081, "delta": 16.697307}}
{"target": -0.20453502670796017, "params": {"bus_acc": 1.1861, "bus_dcc": 0.7178, "bus_lcAssertive": 87.5855, "bus_lcCooperative": 0.6871, "bus_lcLookaheadLeft": 99.4857, "bus_lcPushy": 0.1844, "bus_lcSigma": 0.6763, "bus_lcSpeedGainRight": 0.2289, "bus_lcSublane": 0.6267, "bus_sigma": 0.1962, "bus_tau_mean": 2.4624, "bus_tau_std": 3.2037, "bus_v_mean": 16.6894, "bus_v_std": 0.5653, "car_acc": 0.7891, "car_dcc": 3.4615, "car_lcAssertive": 75.4607, "car_lcCooperative": 0.3153, "car_lcLookaheadLeft": 90.8015, "car_lcPushy": 0.6411, "car_lcSigma": 0.6075, "car_lcSpeedGainRight": 3.9513, "car_lcSublane": 0.14, "car_sigma": 0.1836, "car_tau_mean": 1.6079, "car_tau_std": 6.2658, "car_v_mean": 20.2073, "car_v_std": 6.6617}, "datetime": {"datetime": "2024-09-05 14:03:41", "elapsed": 11677.067519, "delta": 19.878438}}
