{"target": -0.17910471835333844, "params": {"bus_acc": 2.275, "bus_dcc": 3.6062, "bus_lcAssertive": 73.0848, "bus_lcCooperative": 0.1311, "bus_lcLookaheadLeft": 44.0165, "bus_lcPushy": 0.1794, "bus_lcSigma": 0.393, "bus_lcSpeedGainRight": 4.1788, "bus_lcSublane": 0.2696, "bus_sigma": 0.4996, "bus_tau_mean": 3.963, "bus_tau_std": 9.8693, "bus_v_mean": 18.3357, "bus_v_std": 18.1704, "car_acc": 1.9641, "car_dcc": 2.7784, "car_lcAssertive": 34.2396, "car_lcCooperative": 0.9002, "car_lcLookaheadLeft": 6.4364, "car_lcPushy": 0.3403, "car_lcSigma": 0.366, "car_lcSpeedGainRight": 3.4518, "car_lcSublane": 0.8892, "car_sigma": 0.3425, "car_tau_mean": 1.7864, "car_tau_std": 5.4599, "car_v_mean": 14.0764, "car_v_std": 4.1294}, "datetime": {"datetime": "2024-09-05 11:51:21", "elapsed": 3736.469971, "delta": 25.788538}}
{"target": -0.24534664439979006, "params": {"bus_acc": 0.2001, "bus_dcc": 0.5779, "bus_lcAssertive": 58.2406, "bus_lcCooperative": 0.2387, "bus_lcLookaheadLeft": 34.7844, "bus_lcPushy": 0.836, "bus_lcSigma": 0.7146, "bus_lcSpeedGainRight": 3.5535, "bus_lcSublane": 0.7218, "bus_sigma": 0.8495, "bus_tau_mean": 3.4453, "bus_tau_std": 5.8904, "bus_v_mean": 12.4684, "bus_v_std": 2.4635, "car_acc": 1.3284, "car_dcc": 2.1879, "car_lcAssertive": 18.1481, "car_lcCooperative": 0.0617, "car_lcLookaheadLeft": 88.0527, "car_lcPushy": 0.7789, "car_lcSigma": 0.6322, "car_lcSpeedGainRight": 0.907, "car_lcSublane": 0.317, "car_sigma": 0.9251, "car_tau_mean": 1.5354, "car_tau_std": 4.9501, "car_v_mean": 19.7389, "car_v_std": 0.4085}, "datetime": {"datetime": "2024-09-05 11:51:24", "elapsed": 3740.035238, "delta": 3.565267}}
{"target": -0.24479728019885183, "params": {"bus_acc": 0.3293, "bus_dcc": 2.9491, "bus_lcAssertive": 2.6562, "bus_lcCooperative": 0.5728, "bus_lcLookaheadLeft": 72.7008, "bus_lcPushy": 0.2933, "bus_lcSigma": 0.4078, "bus_lcSpeedGainRight": 4.0182, "bus_lcSublane": 0.6742, "bus_sigma": 0.0133, "bus_tau_mean": 2.2486, "bus_tau_std": 3.8321, "bus_v_mean": 24.7409, "bus_v_std": 9.257, "car_acc": 0.4814, "car_dcc": 2.265, "car_lcAssertive": 47.526, "car_lcCooperative": 0.3608, "car_lcLookaheadLeft": 9.7486, "car_lcPushy": 0.7915, "car_lcSigma": 0.4979, "car_lcSpeedGainRight": 1.1227, "car_lcSublane": 0.4958, "car_sigma": 0.8235, "car_tau_mean": 2.8737, "car_tau_std": 2.215, "car_v_mean": 18.1291, "car_v_std": 3.8574}, "datetime": {"datetime": "2024-09-05 11:51:29", "elapsed": 3744.499171, "delta": 4.463933}}
{"target": -0.1739934006628172, "params": {"bus_acc": 3.7678, "bus_dcc": 2.9848, "bus_lcAssertive": 28.0702, "bus_lcCooperative": 0.8468, "bus_lcLookaheadLeft": 98.0023, "bus_lcPushy": 0.7536, "bus_lcSigma": 0.4845, "bus_lcSpeedGainRight": 2.1082, "bus_lcSublane": 0.9879, "bus_sigma": 0.1811, "bus_tau_mean": 2.2042, "bus_tau_std": 1.4863, "bus_v_mean": 11.9999, "bus_v_std": 0.8096, "car_acc": 1.5885, "car_dcc": 3.2143, "car_lcAssertive": 43.9307, "car_lcCooperative": 0.0574, "car_lcLookaheadLeft": 33.4382, "car_lcPushy": 0.0548, "car_lcSigma": 0.04, "car_lcSpeedGainRight": 2.6363, "car_lcSublane": 0.4452, "car_sigma": 0.5678, "car_tau_mean": 1.0141, "car_tau_std": 7.8689, "car_v_mean": 21.3033, "car_v_std": 7.5352}, "datetime": {"datetime": "2024-09-05 11:51:32", "elapsed": 3747.688929, "delta": 3.189758}}
{"target": -0.7732155335185408, "params": {"bus_acc": 3.3251, "bus_dcc": 0.4826, "bus_lcAssertive": 12.7646, "bus_lcCooperative": 0.9771, "bus_lcLookaheadLeft": 30.8006, "bus_lcPushy": 0.4658, "bus_lcSigma": 0.3253, "bus_lcSpeedGainRight": 0.1709, "bus_lcSublane": 0.6154, "bus_sigma": 0.7814, "bus_tau_mean": 1.6794, "bus_tau_std": 0.4112, "bus_v_mean": 22.0726, "bus_v_std": 1.9223, "car_acc": 0.9468, "car_dcc": 0.4173, "car_lcAssertive": 97.4514, "car_lcCooperative": 0.2763, "car_lcLookaheadLeft": 98.4721, "car_lcPushy": 0.8581, "car_lcSigma": 0.8388, "car_lcSpeedGainRight": 1.5974, "car_lcSublane": 0.6314, "car_sigma": 0.7554, "car_tau_mean": 0.8684, "car_tau_std": 9.0394, "car_v_mean": 14.522, "car_v_std": 2.1705}, "datetime": {"datetime": "2024-09-05 11:51:36", "elapsed": 3752.353585, "delta": 4.664656}}
{"target": -0.7880369814087934, "params": {"bus_acc": 0.944, "bus_dcc": 0.7718, "bus_lcAssertive": 41.491, "bus_lcCooperative": 0.6365, "bus_lcLookaheadLeft": 24.0693, "bus_lcPushy": 0.6752, "bus_lcSigma": 0.2192, "bus_lcSpeedGainRight": 4.5185, "bus_lcSublane": 0.8506, "bus_sigma": 0.1634, "bus_tau_mean": 2.935, "bus_tau_std": 2.3296, "bus_v_mean": 19.4321, "bus_v_std": 5.3759, "car_acc": 2.7165, "car_dcc": 0.5566, "car_lcAssertive": 11.2463, "car_lcCooperative": 0.3167, "car_lcLookaheadLeft": 67.0983, "car_lcPushy": 0.5425, "car_lcSigma": 0.1313, "car_lcSpeedGainRight": 4.4923, "car_lcSublane": 0.0255, "car_sigma": 0.159, "car_tau_mean": 3.4699, "car_tau_std": 6.3168, "car_v_mean": 13.8673, "car_v_std": 19.6544}, "datetime": {"datetime": "2024-09-05 11:51:43", "elapsed": 3759.157434, "delta": 6.803849}}
{"target": -0.1990208145241372, "params": {"bus_acc": 3.8355, "bus_dcc": 1.8688, "bus_lcAssertive": 59.9265, "bus_lcCooperative": 0.8774, "bus_lcLookaheadLeft": 76.9219, "bus_lcPushy": 0.8009, "bus_lcSigma": 0.0457, "bus_lcSpeedGainRight": 1.7781, "bus_lcSublane": 0.2047, "bus_sigma": 0.0854, "bus_tau_mean": 3.707, "bus_tau_std": 6.7379, "bus_v_mean": 17.8139, "bus_v_std": 0.6139, "car_acc": 3.8592, "car_dcc": 3.2179, "car_lcAssertive": 31.6479, "car_lcCooperative": 0.7961, "car_lcLookaheadLeft": 4.6383, "car_lcPushy": 0.7862, "car_lcSigma": 0.1116, "car_lcSpeedGainRight": 2.4551, "car_lcSublane": 0.9262, "car_sigma": 0.3717, "car_tau_mean": 2.9105, "car_tau_std": 2.0637, "car_v_mean": 8.7248, "car_v_std": 17.6689}, "datetime": {"datetime": "2024-09-05 11:51:52", "elapsed": 3768.270156, "delta": 9.112722}}
{"target": -0.207833008731256, "params": {"bus_acc": 3.3458, "bus_dcc": 1.9128, "bus_lcAssertive": 9.8453, "bus_lcCooperative": 0.1762, "bus_lcLookaheadLeft": 88.9501, "bus_lcPushy": 0.9976, "bus_lcSigma": 0.8644, "bus_lcSpeedGainRight": 1.8751, "bus_lcSublane": 0.4265, "bus_sigma": 0.3647, "bus_tau_mean": 2.2821, "bus_tau_std": 4.2733, "bus_v_mean": 9.5893, "bus_v_std": 8.6556, "car_acc": 3.1768, "car_dcc": 1.3881, "car_lcAssertive": 39.9215, "car_lcCooperative": 0.0366, "car_lcLookaheadLeft": 65.5907, "car_lcPushy": 0.4481, "car_lcSigma": 0.8928, "car_lcSpeedGainRight": 1.998, "car_lcSublane": 0.0546, "car_sigma": 0.5984, "car_tau_mean": 2.3505, "car_tau_std": 4.8755, "car_v_mean": 9.0626, "car_v_std": 18.5626}, "datetime": {"datetime": "2024-09-05 11:52:06", "elapsed": 3781.87882, "delta": 13.608664}}
{"target": -0.19804196535517218, "params": {"bus_acc": 2.6756, "bus_dcc": 2.0955, "bus_lcAssertive": 37.8334, "bus_lcCooperative": 0.4111, "bus_lcLookaheadLeft": 81.0691, "bus_lcPushy": 0.0938, "bus_lcSigma": 0.8525, "bus_lcSpeedGainRight": 2.6654, "bus_lcSublane": 0.5803, "bus_sigma": 0.185, "bus_tau_mean": 1.6164, "bus_tau_std": 0.7806, "bus_v_mean": 22.8101, "bus_v_std": 3.9826, "car_acc": 2.1728, "car_dcc": 1.6905, "car_lcAssertive": 49.0945, "car_lcCooperative": 0.3315, "car_lcLookaheadLeft": 3.8209, "car_lcPushy": 0.1488, "car_lcSigma": 0.0744, "car_lcSpeedGainRight": 0.8452, "car_lcSublane": 0.0743, "car_sigma": 0.3429, "car_tau_mean": 1.5024, "car_tau_std": 4.6475, "car_v_mean": 20.8983, "car_v_std": 7.8698}, "datetime": {"datetime": "2024-09-05 11:52:16", "elapsed": 3791.55315, "delta": 9.67433}}
{"target": -0.2181240820778413, "params": {"bus_acc": 0.5639, "bus_dcc": 1.8538, "bus_lcAssertive": 22.316, "bus_lcCooperative": 0.1531, "bus_lcLookaheadLeft": 54.3104, "bus_lcPushy": 0.816, "bus_lcSigma": 0.2659, "bus_lcSpeedGainRight": 3.3694, "bus_lcSublane": 0.9784, "bus_sigma": 0.6143, "bus_tau_mean": 2.0433, "bus_tau_std": 8.8212, "bus_v_mean": 13.2949, "bus_v_std": 1.4223, "car_acc": 1.6634, "car_dcc": 0.6078, "car_lcAssertive": 89.1782, "car_lcCooperative": 0.7709, "car_lcLookaheadLeft": 17.4591, "car_lcPushy": 0.9887, "car_lcSigma": 0.7819, "car_lcSpeedGainRight": 1.9492, "car_lcSublane": 0.4847, "car_sigma": 0.217, "car_tau_mean": 2.623, "car_tau_std": 2.6833, "car_v_mean": 20.8442, "car_v_std": 8.4986}, "datetime": {"datetime": "2024-09-05 11:52:27", "elapsed": 3802.779089, "delta": 11.225939}}
{"target": -0.1818997054210746, "params": {"bus_acc": 2.6628, "bus_dcc": 0.8478, "bus_lcAssertive": 9.8732, "bus_lcCooperative": 0.6098, "bus_lcLookaheadLeft": 47.4017, "bus_lcPushy": 0.6, "bus_lcSigma": 0.488, "bus_lcSpeedGainRight": 4.6435, "bus_lcSublane": 0.8417, "bus_sigma": 0.4998, "bus_tau_mean": 1.7918, "bus_tau_std": 9.1821, "bus_v_mean": 14.1843, "bus_v_std": 9.1343, "car_acc": 2.6178, "car_dcc": 3.2463, "car_lcAssertive": 87.7612, "car_lcCooperative": 0.2008, "car_lcLookaheadLeft": 25.7743, "car_lcPushy": 0.552, "car_lcSigma": 0.7669, "car_lcSpeedGainRight": 0.056, "car_lcSublane": 0.6825, "car_sigma": 0.3361, "car_tau_mean": 1.8544, "car_tau_std": 9.7177, "car_v_mean": 16.7581, "car_v_std": 18.5741}, "datetime": {"datetime": "2024-09-05 11:52:38", "elapsed": 3813.897226, "delta": 11.118137}}
{"target": -0.26971572402436345, "params": {"bus_acc": 0.3284, "bus_dcc": 1.806, "bus_lcAssertive": 57.5725, "bus_lcCooperative": 0.4968, "bus_lcLookaheadLeft": 52.0632, "bus_lcPushy": 0.5929, "bus_lcSigma": 0.7138, "bus_lcSpeedGainRight": 2.0359, "bus_lcSublane": 0.3751, "bus_sigma": 0.39, "bus_tau_mean": 3.6168, "bus_tau_std": 7.3431, "bus_v_mean": 21.9552, "bus_v_std": 3.0945, "car_acc": 1.2469, "car_dcc": 2.651, "car_lcAssertive": 49.5729, "car_lcCooperative": 0.2232, "car_lcLookaheadLeft": 28.6914, "car_lcPushy": 0.7658, "car_lcSigma": 0.1732, "car_lcSpeedGainRight": 2.0383, "car_lcSublane": 0.3873, "car_sigma": 0.1492, "car_tau_mean": 3.2896, "car_tau_std": 8.365, "car_v_mean": 24.5271, "car_v_std": 6.2473}, "datetime": {"datetime": "2024-09-05 11:52:44", "elapsed": 3819.755312, "delta": 5.858086}}
{"target": -0.1977125656101197, "params": {"bus_acc": 0.7841, "bus_dcc": 2.3106, "bus_lcAssertive": 53.6627, "bus_lcCooperative": 0.9012, "bus_lcLookaheadLeft": 62.0268, "bus_lcPushy": 0.3016, "bus_lcSigma": 0.3485, "bus_lcSpeedGainRight": 3.8313, "bus_lcSublane": 0.0087, "bus_sigma": 0.5872, "bus_tau_mean": 3.8355, "bus_tau_std": 3.8917, "bus_v_mean": 14.237, "bus_v_std": 8.6441, "car_acc": 2.3541, "car_dcc": 0.4554, "car_lcAssertive": 19.5656, "car_lcCooperative": 0.1872, "car_lcLookaheadLeft": 50.9043, "car_lcPushy": 0.7651, "car_lcSigma": 0.8758, "car_lcSpeedGainRight": 3.4835, "car_lcSublane": 0.788, "car_sigma": 0.1658, "car_tau_mean": 0.5259, "car_tau_std": 6.4505, "car_v_mean": 14.819, "car_v_std": 2.4724}, "datetime": {"datetime": "2024-09-05 11:53:21", "elapsed": 3856.825595, "delta": 37.070283}}
{"target": -0.1950100985431565, "params": {"bus_acc": 2.9834, "bus_dcc": 3.7656, "bus_lcAssertive": 52.9365, "bus_lcCooperative": 0.9851, "bus_lcLookaheadLeft": 84.1746, "bus_lcPushy": 0.1949, "bus_lcSigma": 0.744, "bus_lcSpeedGainRight": 3.0675, "bus_lcSublane": 0.2967, "bus_sigma": 0.1749, "bus_tau_mean": 3.4746, "bus_tau_std": 1.3018, "bus_v_mean": 25.8709, "bus_v_std": 13.4427, "car_acc": 2.2562, "car_dcc": 3.3127, "car_lcAssertive": 52.0274, "car_lcCooperative": 0.4437, "car_lcLookaheadLeft": 11.6738, "car_lcPushy": 0.4054, "car_lcSigma": 0.796, "car_lcSpeedGainRight": 4.8418, "car_lcSublane": 0.6721, "car_sigma": 0.1113, "car_tau_mean": 1.1725, "car_tau_std": 0.4416, "car_v_mean": 9.3747, "car_v_std": 16.5892}, "datetime": {"datetime": "2024-09-05 11:53:24", "elapsed": 3859.699358, "delta": 2.873763}}
{"target": -0.22310910685971064, "params": {"bus_acc": 3.44, "bus_dcc": 0.6565, "bus_lcAssertive": 33.0602, "bus_lcCooperative": 0.9367, "bus_lcLookaheadLeft": 32.3253, "bus_lcPushy": 0.007, "bus_lcSigma": 0.1097, "bus_lcSpeedGainRight": 1.5269, "bus_lcSublane": 0.4031, "bus_sigma": 0.4414, "bus_tau_mean": 3.9352, "bus_tau_std": 8.4679, "bus_v_mean": 17.8031, "bus_v_std": 19.3968, "car_acc": 0.4732, "car_dcc": 3.76, "car_lcAssertive": 17.0046, "car_lcCooperative": 0.9212, "car_lcLookaheadLeft": 40.8455, "car_lcPushy": 0.6113, "car_lcSigma": 0.6373, "car_lcSpeedGainRight": 3.3361, "car_lcSublane": 0.2979, "car_sigma": 0.5003, "car_tau_mean": 3.8575, "car_tau_std": 1.0074, "car_v_mean": 16.3351, "car_v_std": 12.6158}, "datetime": {"datetime": "2024-09-05 11:53:27", "elapsed": 3862.753169, "delta": 3.053811}}
{"target": -0.21332922821892342, "params": {"bus_acc": 0.3724, "bus_dcc": 0.8433, "bus_lcAssertive": 19.9754, "bus_lcCooperative": 0.7122, "bus_lcLookaheadLeft": 68.3384, "bus_lcPushy": 0.2776, "bus_lcSigma": 0.6739, "bus_lcSpeedGainRight": 4.5744, "bus_lcSublane": 0.8655, "bus_sigma": 0.3441, "bus_tau_mean": 2.8163, "bus_tau_std": 4.1273, "bus_v_mean": 20.5465, "bus_v_std": 7.2256, "car_acc": 0.3001, "car_dcc": 2.1769, "car_lcAssertive": 13.8025, "car_lcCooperative": 0.7829, "car_lcLookaheadLeft": 47.1479, "car_lcPushy": 0.1527, "car_lcSigma": 0.2903, "car_lcSpeedGainRight": 4.0337, "car_lcSublane": 0.608, "car_sigma": 0.3069, "car_tau_mean": 3.3525, "car_tau_std": 1.2849, "car_v_mean": 20.4436, "car_v_std": 3.0678}, "datetime": {"datetime": "2024-09-05 11:53:37", "elapsed": 3873.09082, "delta": 10.337651}}
{"target": -0.1779538280470999, "params": {"bus_acc": 3.4256, "bus_dcc": 2.8944, "bus_lcAssertive": 15.9836, "bus_lcCooperative": 0.9657, "bus_lcLookaheadLeft": 90.023, "bus_lcPushy": 0.4221, "bus_lcSigma": 0.7147, "bus_lcSpeedGainRight": 1.156, "bus_lcSublane": 0.9899, "bus_sigma": 0.358, "bus_tau_mean": 3.5434, "bus_tau_std": 9.6252, "bus_v_mean": 17.4866, "bus_v_std": 14.3867, "car_acc": 2.8675, "car_dcc": 3.9333, "car_lcAssertive": 33.4312, "car_lcCooperative": 0.5814, "car_lcLookaheadLeft": 33.988, "car_lcPushy": 0.6001, "car_lcSigma": 0.568, "car_lcSpeedGainRight": 0.6879, "car_lcSublane": 0.8834, "car_sigma": 0.1489, "car_tau_mean": 0.5597, "car_tau_std": 3.8594, "car_v_mean": 20.7893, "car_v_std": 18.311}, "datetime": {"datetime": "2024-09-05 11:53:45", "elapsed": 3880.485897, "delta": 7.395077}}
{"target": -0.23157411230688085, "params": {"bus_acc": 0.359, "bus_dcc": 3.0921, "bus_lcAssertive": 41.8195, "bus_lcCooperative": 0.3203, "bus_lcLookaheadLeft": 13.1464, "bus_lcPushy": 0.5685, "bus_lcSigma": 0.8361, "bus_lcSpeedGainRight": 0.0818, "bus_lcSublane": 0.1098, "bus_sigma": 0.6043, "bus_tau_mean": 3.5536, "bus_tau_std": 4.3369, "bus_v_mean": 10.6664, "bus_v_std": 14.6269, "car_acc": 2.654, "car_dcc": 3.4052, "car_lcAssertive": 90.0237, "car_lcCooperative": 0.425, "car_lcLookaheadLeft": 61.1038, "car_lcPushy": 0.6687, "car_lcSigma": 0.4483, "car_lcSpeedGainRight": 2.4612, "car_lcSublane": 0.4783, "car_sigma": 0.3841, "car_tau_mean": 1.081, "car_tau_std": 4.6864, "car_v_mean": 13.4823, "car_v_std": 14.4993}, "datetime": {"datetime": "2024-09-05 11:54:00", "elapsed": 3895.604902, "delta": 15.119005}}
{"target": -0.26043677495498124, "params": {"bus_acc": 1.9629, "bus_dcc": 0.578, "bus_lcAssertive": 37.3933, "bus_lcCooperative": 0.8078, "bus_lcLookaheadLeft": 25.27, "bus_lcPushy": 0.2375, "bus_lcSigma": 0.3619, "bus_lcSpeedGainRight": 4.5891, "bus_lcSublane": 0.4876, "bus_sigma": 0.5257, "bus_tau_mean": 3.191, "bus_tau_std": 0.0434, "bus_v_mean": 11.6327, "bus_v_std": 8.3235, "car_acc": 3.8452, "car_dcc": 2.0979, "car_lcAssertive": 44.5635, "car_lcCooperative": 0.3165, "car_lcLookaheadLeft": 96.5885, "car_lcPushy": 0.3673, "car_lcSigma": 0.0277, "car_lcSpeedGainRight": 0.0107, "car_lcSublane": 0.1055, "car_sigma": 0.0786, "car_tau_mean": 3.0644, "car_tau_std": 9.2934, "car_v_mean": 16.2235, "car_v_std": 17.2978}, "datetime": {"datetime": "2024-09-05 11:54:03", "elapsed": 3898.499211, "delta": 2.894309}}
{"target": -0.29827932361684056, "params": {"bus_acc": 1.2123, "bus_dcc": 0.8469, "bus_lcAssertive": 59.6815, "bus_lcCooperative": 0.713, "bus_lcLookaheadLeft": 87.6797, "bus_lcPushy": 0.8034, "bus_lcSigma": 0.8633, "bus_lcSpeedGainRight": 4.9626, "bus_lcSublane": 0.2019, "bus_sigma": 0.3527, "bus_tau_mean": 2.2889, "bus_tau_std": 5.8642, "bus_v_mean": 15.76, "bus_v_std": 5.8435, "car_acc": 0.3834, "car_dcc": 2.9789, "car_lcAssertive": 84.8453, "car_lcCooperative": 0.4387, "car_lcLookaheadLeft": 57.7783, "car_lcPushy": 0.8604, "car_lcSigma": 0.1056, "car_lcSpeedGainRight": 3.8155, "car_lcSublane": 0.0536, "car_sigma": 0.9969, "car_tau_mean": 3.4279, "car_tau_std": 1.3532, "car_v_mean": 12.9999, "car_v_std": 15.1642}, "datetime": {"datetime": "2024-09-05 11:54:06", "elapsed": 3902.104351, "delta": 3.60514}}
{"target": -0.20299998038173497, "params": {"bus_acc": 0.5678, "bus_dcc": 0.2931, "bus_lcAssertive": 11.1299, "bus_lcCooperative": 0.65, "bus_lcLookaheadLeft": 82.3518, "bus_lcPushy": 0.6622, "bus_lcSigma": 0.0567, "bus_lcSpeedGainRight": 4.7015, "bus_lcSublane": 0.7103, "bus_sigma": 0.9073, "bus_tau_mean": 3.1438, "bus_tau_std": 4.9723, "bus_v_mean": 11.1568, "bus_v_std": 13.7066, "car_acc": 3.3186, "car_dcc": 0.8346, "car_lcAssertive": 76.5019, "car_lcCooperative": 0.1933, "car_lcLookaheadLeft": 5.8375, "car_lcPushy": 0.4411, "car_lcSigma": 0.672, "car_lcSpeedGainRight": 1.6872, "car_lcSublane": 0.7549, "car_sigma": 0.327, "car_tau_mean": 3.0192, "car_tau_std": 6.415, "car_v_mean": 13.1928, "car_v_std": 14.3994}, "datetime": {"datetime": "2024-09-05 11:54:10", "elapsed": 3906.396075, "delta": 4.291724}}
{"target": -0.7833828186911753, "params": {"bus_acc": 3.1043, "bus_dcc": 1.0257, "bus_lcAssertive": 79.3626, "bus_lcCooperative": 0.3591, "bus_lcLookaheadLeft": 83.682, "bus_lcPushy": 0.3111, "bus_lcSigma": 0.9102, "bus_lcSpeedGainRight": 2.0541, "bus_lcSublane": 0.2189, "bus_sigma": 0.2448, "bus_tau_mean": 1.5322, "bus_tau_std": 8.3483, "bus_v_mean": 16.3204, "bus_v_std": 2.8748, "car_acc": 3.4936, "car_dcc": 1.144, "car_lcAssertive": 94.6503, "car_lcCooperative": 0.0011, "car_lcLookaheadLeft": 13.4687, "car_lcPushy": 0.15, "car_lcSigma": 0.6721, "car_lcSpeedGainRight": 4.6268, "car_lcSublane": 0.0581, "car_sigma": 0.6464, "car_tau_mean": 2.1872, "car_tau_std": 2.6969, "car_v_mean": 12.6252, "car_v_std": 6.5783}, "datetime": {"datetime": "2024-09-05 11:54:18", "elapsed": 3914.295865, "delta": 7.89979}}
{"target": -0.18592466224479975, "params": {"bus_acc": 2.8066, "bus_dcc": 0.5806, "bus_lcAssertive": 64.9676, "bus_lcCooperative": 0.6213, "bus_lcLookaheadLeft": 88.6044, "bus_lcPushy": 0.4205, "bus_lcSigma": 0.8298, "bus_lcSpeedGainRight": 3.7597, "bus_lcSublane": 0.1383, "bus_sigma": 0.0963, "bus_tau_mean": 3.6833, "bus_tau_std": 6.5879, "bus_v_mean": 10.1638, "bus_v_std": 0.3217, "car_acc": 0.8179, "car_dcc": 3.7704, "car_lcAssertive": 96.1385, "car_lcCooperative": 0.3435, "car_lcLookaheadLeft": 30.9986, "car_lcPushy": 0.102, "car_lcSigma": 0.1698, "car_lcSpeedGainRight": 2.6788, "car_lcSublane": 0.6584, "car_sigma": 0.0135, "car_tau_mean": 1.7632, "car_tau_std": 9.4801, "car_v_mean": 14.0976, "car_v_std": 14.2929}, "datetime": {"datetime": "2024-09-05 11:54:23", "elapsed": 3919.056355, "delta": 4.76049}}
{"target": -0.353470842910008, "params": {"bus_acc": 1.6126, "bus_dcc": 0.2907, "bus_lcAssertive": 9.9799, "bus_lcCooperative": 0.6814, "bus_lcLookaheadLeft": 12.9751, "bus_lcPushy": 0.8602, "bus_lcSigma": 0.5876, "bus_lcSpeedGainRight": 2.2268, "bus_lcSublane": 0.8677, "bus_sigma": 0.4119, "bus_tau_mean": 3.564, "bus_tau_std": 5.2468, "bus_v_mean": 14.5879, "bus_v_std": 13.413, "car_acc": 0.2139, "car_dcc": 2.2853, "car_lcAssertive": 54.7728, "car_lcCooperative": 0.268, "car_lcLookaheadLeft": 53.2268, "car_lcPushy": 0.3403, "car_lcSigma": 0.3493, "car_lcSpeedGainRight": 1.4902, "car_lcSublane": 0.9044, "car_sigma": 0.223, "car_tau_mean": 1.8863, "car_tau_std": 6.8194, "car_v_mean": 19.4086, "car_v_std": 4.2899}, "datetime": {"datetime": "2024-09-05 11:54:41", "elapsed": 3937.247447, "delta": 18.191092}}
{"target": -0.24669806774078962, "params": {"bus_acc": 2.627, "bus_dcc": 2.5638, "bus_lcAssertive": 17.7171, "bus_lcCooperative": 0.7267, "bus_lcLookaheadLeft": 45.429, "bus_lcPushy": 0.8262, "bus_lcSigma": 0.4238, "bus_lcSpeedGainRight": 0.013, "bus_lcSublane": 0.8556, "bus_sigma": 0.834, "bus_tau_mean": 2.8888, "bus_tau_std": 2.0758, "bus_v_mean": 14.8421, "bus_v_std": 2.1532, "car_acc": 0.3024, "car_dcc": 3.4701, "car_lcAssertive": 10.4265, "car_lcCooperative": 0.6856, "car_lcLookaheadLeft": 10.5172, "car_lcPushy": 0.4101, "car_lcSigma": 0.6176, "car_lcSpeedGainRight": 3.2341, "car_lcSublane": 0.3015, "car_sigma": 0.9896, "car_tau_mean": 3.1802, "car_tau_std": 0.1283, "car_v_mean": 8.0636, "car_v_std": 16.6675}, "datetime": {"datetime": "2024-09-05 11:54:52", "elapsed": 3948.022309, "delta": 10.774862}}
{"target": -0.18748684076515895, "params": {"bus_acc": 2.4472, "bus_dcc": 0.8021, "bus_lcAssertive": 39.7425, "bus_lcCooperative": 0.7552, "bus_lcLookaheadLeft": 64.9433, "bus_lcPushy": 0.1461, "bus_lcSigma": 0.151, "bus_lcSpeedGainRight": 4.9339, "bus_lcSublane": 0.3681, "bus_sigma": 0.322, "bus_tau_mean": 1.9203, "bus_tau_std": 9.6241, "bus_v_mean": 18.0917, "bus_v_std": 2.6691, "car_acc": 2.7885, "car_dcc": 3.2584, "car_lcAssertive": 31.4039, "car_lcCooperative": 0.5266, "car_lcLookaheadLeft": 11.9261, "car_lcPushy": 0.0106, "car_lcSigma": 0.3186, "car_lcSpeedGainRight": 3.8563, "car_lcSublane": 0.6588, "car_sigma": 0.0915, "car_tau_mean": 0.5902, "car_tau_std": 5.2929, "car_v_mean": 8.0054, "car_v_std": 14.5728}, "datetime": {"datetime": "2024-09-05 11:54:57", "elapsed": 3953.186952, "delta": 5.164643}}
