{"target": -0.6062204910260424, "params": {"bus_acc": 2.4239, "bus_dcc": 2.829, "bus_lcAssertive": 56.0619, "bus_lcCooperative": 0.0457, "bus_lcLookaheadLeft": 62.0556, "bus_lcPushy": 0.7739, "bus_lcSigma": 0.3734, "bus_lcSpeedGainRight": 2.8995, "bus_lcSublane": 0.9389, "bus_sigma": 0.2638, "bus_tau_mean": 1.7327, "bus_tau_std": 6.5274, "bus_v_mean": 12.0507, "bus_v_std": 3.203, "car_acc": 2.1009, "car_dcc": 2.438, "car_lcAssertive": 42.0633, "car_lcCooperative": 0.135, "car_lcLookaheadLeft": 98.573, "car_lcPushy": 0.2557, "car_lcSigma": 0.1797, "car_lcSpeedGainRight": 4.8266, "car_lcSublane": 0.9554, "car_sigma": 0.859, "car_tau_mean": 3.8386, "car_tau_std": 0.0006, "car_v_mean": 9.7206, "car_v_std": 3.1733}, "datetime": {"datetime": "2024-08-11 18:59:33", "elapsed": 4644.506817, "delta": 5.013893}}
{"target": -0.39828046164818315, "params": {"bus_acc": 1.2943, "bus_dcc": 1.3845, "bus_lcAssertive": 78.9869, "bus_lcCooperative": 0.412, "bus_lcLookaheadLeft": 47.7962, "bus_lcPushy": 0.7861, "bus_lcSigma": 0.499, "bus_lcSpeedGainRight": 2.4933, "bus_lcSublane": 0.7619, "bus_sigma": 0.2882, "bus_tau_mean": 2.0647, "bus_tau_std": 5.3803, "bus_v_mean": 18.5611, "bus_v_std": 15.6901, "car_acc": 2.4113, "car_dcc": 2.1181, "car_lcAssertive": 72.6229, "car_lcCooperative": 0.7165, "car_lcLookaheadLeft": 74.3402, "car_lcPushy": 0.9819, "car_lcSigma": 0.3035, "car_lcSpeedGainRight": 2.1727, "car_lcSublane": 0.2425, "car_sigma": 0.555, "car_tau_mean": 3.5607, "car_tau_std": 7.7711, "car_v_mean": 14.6196, "car_v_std": 18.5998}, "datetime": {"datetime": "2024-08-11 18:59:37", "elapsed": 4647.963542, "delta": 3.456725}}
{"target": -0.6321559834675612, "params": {"bus_acc": 2.6169, "bus_dcc": 1.0124, "bus_lcAssertive": 87.0434, "bus_lcCooperative": 0.8856, "bus_lcLookaheadLeft": 56.1699, "bus_lcPushy": 0.6033, "bus_lcSigma": 0.0916, "bus_lcSpeedGainRight": 2.7418, "bus_lcSublane": 0.1799, "bus_sigma": 0.7762, "bus_tau_mean": 1.3819, "bus_tau_std": 1.2793, "bus_v_mean": 16.5576, "bus_v_std": 16.2201, "car_acc": 2.4501, "car_dcc": 1.3204, "car_lcAssertive": 64.9255, "car_lcCooperative": 0.4043, "car_lcLookaheadLeft": 34.7702, "car_lcPushy": 0.174, "car_lcSigma": 0.6928, "car_lcSpeedGainRight": 1.3418, "car_lcSublane": 0.5984, "car_sigma": 0.012, "car_tau_mean": 1.1481, "car_tau_std": 2.3806, "car_v_mean": 12.3091, "car_v_std": 19.7881}, "datetime": {"datetime": "2024-08-11 18:59:41", "elapsed": 4651.756501, "delta": 3.792959}}
{"target": -0.4667554669497926, "params": {"bus_acc": 1.9389, "bus_dcc": 3.3393, "bus_lcAssertive": 36.1789, "bus_lcCooperative": 0.0283, "bus_lcLookaheadLeft": 58.2662, "bus_lcPushy": 0.3606, "bus_lcSigma": 0.1357, "bus_lcSpeedGainRight": 2.9793, "bus_lcSublane": 0.9205, "bus_sigma": 0.7898, "bus_tau_mean": 2.0954, "bus_tau_std": 4.4439, "bus_v_mean": 17.319, "bus_v_std": 18.2993, "car_acc": 2.2353, "car_dcc": 2.7603, "car_lcAssertive": 23.5956, "car_lcCooperative": 0.6992, "car_lcLookaheadLeft": 47.8058, "car_lcPushy": 0.5122, "car_lcSigma": 0.1339, "car_lcSpeedGainRight": 4.0655, "car_lcSublane": 0.3433, "car_sigma": 0.7468, "car_tau_mean": 3.8911, "car_tau_std": 3.0326, "car_v_mean": 10.6298, "car_v_std": 12.68}, "datetime": {"datetime": "2024-08-11 18:59:46", "elapsed": 4656.952168, "delta": 5.195667}}
{"target": -0.588454436544337, "params": {"bus_acc": 1.6129, "bus_dcc": 2.1571, "bus_lcAssertive": 57.5621, "bus_lcCooperative": 0.1433, "bus_lcLookaheadLeft": 44.7678, "bus_lcPushy": 0.891, "bus_lcSigma": 0.7139, "bus_lcSpeedGainRight": 2.0018, "bus_lcSublane": 0.6098, "bus_sigma": 0.2667, "bus_tau_mean": 3.9555, "bus_tau_std": 2.3325, "bus_v_mean": 15.4158, "bus_v_std": 17.3288, "car_acc": 3.5387, "car_dcc": 0.2861, "car_lcAssertive": 7.8835, "car_lcCooperative": 0.8224, "car_lcLookaheadLeft": 68.5744, "car_lcPushy": 0.9555, "car_lcSigma": 0.4208, "car_lcSpeedGainRight": 2.1397, "car_lcSublane": 0.705, "car_sigma": 0.1957, "car_tau_mean": 2.1539, "car_tau_std": 9.7729, "car_v_mean": 15.3904, "car_v_std": 18.0424}, "datetime": {"datetime": "2024-08-11 18:59:50", "elapsed": 4661.355939, "delta": 4.403771}}
{"target": -0.33869545602786094, "params": {"bus_acc": 2.7308, "bus_dcc": 3.8449, "bus_lcAssertive": 93.5805, "bus_lcCooperative": 0.0858, "bus_lcLookaheadLeft": 79.9627, "bus_lcPushy": 0.8143, "bus_lcSigma": 0.1246, "bus_lcSpeedGainRight": 3.9757, "bus_lcSublane": 0.2424, "bus_sigma": 0.0729, "bus_tau_mean": 0.6887, "bus_tau_std": 2.1589, "bus_v_mean": 15.1477, "bus_v_std": 3.0782, "car_acc": 3.9944, "car_dcc": 1.4895, "car_lcAssertive": 88.8942, "car_lcCooperative": 0.3301, "car_lcLookaheadLeft": 66.3755, "car_lcPushy": 0.8398, "car_lcSigma": 0.6417, "car_lcSpeedGainRight": 4.9573, "car_lcSublane": 0.8364, "car_sigma": 0.7656, "car_tau_mean": 0.7473, "car_tau_std": 6.8597, "car_v_mean": 25.3559, "car_v_std": 8.9321}, "datetime": {"datetime": "2024-08-11 18:59:56", "elapsed": 4667.300812, "delta": 5.944873}}
{"target": -0.44314401084266897, "params": {"bus_acc": 1.668, "bus_dcc": 0.4637, "bus_lcAssertive": 13.3544, "bus_lcCooperative": 0.2312, "bus_lcLookaheadLeft": 76.7175, "bus_lcPushy": 0.5698, "bus_lcSigma": 0.5648, "bus_lcSpeedGainRight": 3.2895, "bus_lcSublane": 0.2585, "bus_sigma": 0.887, "bus_tau_mean": 2.5991, "bus_tau_std": 3.6098, "bus_v_mean": 19.6141, "bus_v_std": 2.3568, "car_acc": 2.0277, "car_dcc": 2.2043, "car_lcAssertive": 31.3357, "car_lcCooperative": 0.5566, "car_lcLookaheadLeft": 16.7909, "car_lcPushy": 0.6026, "car_lcSigma": 0.6177, "car_lcSpeedGainRight": 3.3203, "car_lcSublane": 0.8256, "car_sigma": 0.6574, "car_tau_mean": 1.8603, "car_tau_std": 7.6908, "car_v_mean": 8.0933, "car_v_std": 14.2974}, "datetime": {"datetime": "2024-08-11 19:00:01", "elapsed": 4671.702965, "delta": 4.402153}}
{"target": -0.36307033154503227, "params": {"bus_acc": 0.7527, "bus_dcc": 0.2944, "bus_lcAssertive": 15.9729, "bus_lcCooperative": 0.5583, "bus_lcLookaheadLeft": 10.5367, "bus_lcPushy": 0.861, "bus_lcSigma": 0.7082, "bus_lcSpeedGainRight": 2.878, "bus_lcSublane": 0.4397, "bus_sigma": 0.4193, "bus_tau_mean": 2.5701, "bus_tau_std": 4.5383, "bus_v_mean": 25.8067, "bus_v_std": 2.0668, "car_acc": 0.997, "car_dcc": 2.4764, "car_lcAssertive": 96.7329, "car_lcCooperative": 0.1858, "car_lcLookaheadLeft": 26.3361, "car_lcPushy": 0.5269, "car_lcSigma": 0.3289, "car_lcSpeedGainRight": 1.137, "car_lcSublane": 0.6177, "car_sigma": 0.0815, "car_tau_mean": 3.537, "car_tau_std": 9.3512, "car_v_mean": 25.3254, "car_v_std": 5.2059}, "datetime": {"datetime": "2024-08-11 19:00:06", "elapsed": 4677.60211, "delta": 5.899145}}
{"target": -0.5431278702706069, "params": {"bus_acc": 1.7224, "bus_dcc": 3.0087, "bus_lcAssertive": 29.5442, "bus_lcCooperative": 0.1189, "bus_lcLookaheadLeft": 94.202, "bus_lcPushy": 0.9103, "bus_lcSigma": 0.2613, "bus_lcSpeedGainRight": 1.3099, "bus_lcSublane": 0.0781, "bus_sigma": 0.4444, "bus_tau_mean": 2.6479, "bus_tau_std": 0.5754, "bus_v_mean": 24.1726, "bus_v_std": 9.941, "car_acc": 2.4986, "car_dcc": 3.3204, "car_lcAssertive": 4.2807, "car_lcCooperative": 0.2707, "car_lcLookaheadLeft": 79.9146, "car_lcPushy": 0.6806, "car_lcSigma": 0.5482, "car_lcSpeedGainRight": 0.6037, "car_lcSublane": 0.4392, "car_sigma": 0.8244, "car_tau_mean": 2.8203, "car_tau_std": 0.817, "car_v_mean": 12.1354, "car_v_std": 9.4103}, "datetime": {"datetime": "2024-08-11 19:00:10", "elapsed": 4681.510076, "delta": 3.907966}}
{"target": -0.28940230478001283, "params": {"bus_acc": 3.3273, "bus_dcc": 0.7934, "bus_lcAssertive": 92.5463, "bus_lcCooperative": 0.9185, "bus_lcLookaheadLeft": 44.272, "bus_lcPushy": 0.1125, "bus_lcSigma": 0.2924, "bus_lcSpeedGainRight": 2.9517, "bus_lcSublane": 0.7884, "bus_sigma": 0.2985, "bus_tau_mean": 3.3175, "bus_tau_std": 1.6154, "bus_v_mean": 19.3157, "bus_v_std": 8.4666, "car_acc": 0.5389, "car_dcc": 2.7689, "car_lcAssertive": 52.9331, "car_lcCooperative": 0.3868, "car_lcLookaheadLeft": 66.0176, "car_lcPushy": 0.7364, "car_lcSigma": 0.4402, "car_lcSpeedGainRight": 4.5111, "car_lcSublane": 0.647, "car_sigma": 0.3855, "car_tau_mean": 3.0309, "car_tau_std": 5.074, "car_v_mean": 19.4331, "car_v_std": 13.2455}, "datetime": {"datetime": "2024-08-11 19:00:21", "elapsed": 4692.361029, "delta": 10.850953}}
{"target": -0.2625262455366011, "params": {"bus_acc": 1.8193, "bus_dcc": 1.4287, "bus_lcAssertive": 58.1352, "bus_lcCooperative": 0.6774, "bus_lcLookaheadLeft": 84.3951, "bus_lcPushy": 0.7002, "bus_lcSigma": 0.2842, "bus_lcSpeedGainRight": 3.2215, "bus_lcSublane": 0.7394, "bus_sigma": 0.5059, "bus_tau_mean": 3.5428, "bus_tau_std": 6.0272, "bus_v_mean": 14.5445, "bus_v_std": 12.3881, "car_acc": 0.4892, "car_dcc": 2.9879, "car_lcAssertive": 15.4622, "car_lcCooperative": 0.1227, "car_lcLookaheadLeft": 15.8257, "car_lcPushy": 0.1643, "car_lcSigma": 0.8287, "car_lcSpeedGainRight": 4.5571, "car_lcSublane": 0.7093, "car_sigma": 0.8307, "car_tau_mean": 2.9651, "car_tau_std": 6.6613, "car_v_mean": 24.1972, "car_v_std": 16.9198}, "datetime": {"datetime": "2024-08-11 19:00:25", "elapsed": 4696.05216, "delta": 3.691131}}
{"target": -0.3678720638972604, "params": {"bus_acc": 0.4892, "bus_dcc": 1.0994, "bus_lcAssertive": 12.3128, "bus_lcCooperative": 0.5718, "bus_lcLookaheadLeft": 91.239, "bus_lcPushy": 0.0152, "bus_lcSigma": 0.6139, "bus_lcSpeedGainRight": 1.0311, "bus_lcSublane": 0.7507, "bus_sigma": 0.7056, "bus_tau_mean": 2.3043, "bus_tau_std": 9.1748, "bus_v_mean": 20.3507, "bus_v_std": 2.6969, "car_acc": 2.264, "car_dcc": 3.7061, "car_lcAssertive": 39.286, "car_lcCooperative": 0.23, "car_lcLookaheadLeft": 61.8802, "car_lcPushy": 0.8198, "car_lcSigma": 0.0357, "car_lcSpeedGainRight": 0.6666, "car_lcSublane": 0.6389, "car_sigma": 0.8655, "car_tau_mean": 3.1805, "car_tau_std": 3.1982, "car_v_mean": 25.9827, "car_v_std": 12.4445}, "datetime": {"datetime": "2024-08-11 19:00:28", "elapsed": 4699.473894, "delta": 3.421734}}
{"target": -0.46676021956251024, "params": {"bus_acc": 3.8347, "bus_dcc": 3.1107, "bus_lcAssertive": 49.5128, "bus_lcCooperative": 0.2754, "bus_lcLookaheadLeft": 74.6918, "bus_lcPushy": 0.4028, "bus_lcSigma": 0.8088, "bus_lcSpeedGainRight": 1.8373, "bus_lcSublane": 0.4052, "bus_sigma": 0.4937, "bus_tau_mean": 3.479, "bus_tau_std": 1.7036, "bus_v_mean": 17.445, "bus_v_std": 2.5003, "car_acc": 0.6752, "car_dcc": 1.145, "car_lcAssertive": 8.4502, "car_lcCooperative": 0.7845, "car_lcLookaheadLeft": 81.3732, "car_lcPushy": 0.8836, "car_lcSigma": 0.0598, "car_lcSpeedGainRight": 2.2453, "car_lcSublane": 0.1227, "car_sigma": 0.7217, "car_tau_mean": 0.7579, "car_tau_std": 9.909, "car_v_mean": 23.9468, "car_v_std": 7.7082}, "datetime": {"datetime": "2024-08-11 19:00:33", "elapsed": 4703.662243, "delta": 4.188349}}
{"target": -0.45265030749311475, "params": {"bus_acc": 1.7089, "bus_dcc": 1.2481, "bus_lcAssertive": 2.2245, "bus_lcCooperative": 0.0228, "bus_lcLookaheadLeft": 93.9729, "bus_lcPushy": 0.4679, "bus_lcSigma": 0.5849, "bus_lcSpeedGainRight": 4.3243, "bus_lcSublane": 0.8527, "bus_sigma": 0.7749, "bus_tau_mean": 2.197, "bus_tau_std": 6.5395, "bus_v_mean": 25.1997, "bus_v_std": 1.2177, "car_acc": 3.122, "car_dcc": 1.0901, "car_lcAssertive": 42.9738, "car_lcCooperative": 0.3233, "car_lcLookaheadLeft": 77.1235, "car_lcPushy": 0.7457, "car_lcSigma": 0.2396, "car_lcSpeedGainRight": 3.3514, "car_lcSublane": 0.1578, "car_sigma": 0.9084, "car_tau_mean": 1.6137, "car_tau_std": 6.3092, "car_v_mean": 22.452, "car_v_std": 14.0087}, "datetime": {"datetime": "2024-08-11 19:00:36", "elapsed": 4707.165751, "delta": 3.503508}}
{"target": -0.41552055611804506, "params": {"bus_acc": 3.9343, "bus_dcc": 3.9992, "bus_lcAssertive": 83.7248, "bus_lcCooperative": 0.0363, "bus_lcLookaheadLeft": 12.2696, "bus_lcPushy": 0.1743, "bus_lcSigma": 0.4401, "bus_lcSpeedGainRight": 0.0969, "bus_lcSublane": 0.4802, "bus_sigma": 0.0525, "bus_tau_mean": 3.9634, "bus_tau_std": 8.9989, "bus_v_mean": 16.8432, "bus_v_std": 11.2532, "car_acc": 1.5506, "car_dcc": 3.7378, "car_lcAssertive": 84.1134, "car_lcCooperative": 0.6514, "car_lcLookaheadLeft": 35.9257, "car_lcPushy": 0.2152, "car_lcSigma": 0.9058, "car_lcSpeedGainRight": 1.7281, "car_lcSublane": 0.6696, "car_sigma": 0.2323, "car_tau_mean": 0.5308, "car_tau_std": 3.73, "car_v_mean": 16.282, "car_v_std": 11.4361}, "datetime": {"datetime": "2024-08-11 19:00:40", "elapsed": 4711.178689, "delta": 4.012938}}
{"target": -0.3223722276091057, "params": {"bus_acc": 0.2891, "bus_dcc": 0.9219, "bus_lcAssertive": 49.9977, "bus_lcCooperative": 0.8302, "bus_lcLookaheadLeft": 54.6836, "bus_lcPushy": 0.29, "bus_lcSigma": 0.6955, "bus_lcSpeedGainRight": 0.8745, "bus_lcSublane": 0.6348, "bus_sigma": 0.6582, "bus_tau_mean": 2.1404, "bus_tau_std": 7.8839, "bus_v_mean": 20.2559, "bus_v_std": 14.9252, "car_acc": 2.222, "car_dcc": 2.4485, "car_lcAssertive": 62.4166, "car_lcCooperative": 0.1528, "car_lcLookaheadLeft": 80.3813, "car_lcPushy": 0.3285, "car_lcSigma": 0.4112, "car_lcSpeedGainRight": 1.6205, "car_lcSublane": 0.61, "car_sigma": 0.1184, "car_tau_mean": 1.7707, "car_tau_std": 5.723, "car_v_mean": 15.7735, "car_v_std": 6.1855}, "datetime": {"datetime": "2024-08-11 19:00:43", "elapsed": 4714.544803, "delta": 3.366114}}
{"target": -0.48471479717363364, "params": {"bus_acc": 0.8805, "bus_dcc": 1.9104, "bus_lcAssertive": 76.4054, "bus_lcCooperative": 0.8417, "bus_lcLookaheadLeft": 94.9252, "bus_lcPushy": 0.1729, "bus_lcSigma": 0.6029, "bus_lcSpeedGainRight": 4.9116, "bus_lcSublane": 0.8959, "bus_sigma": 0.7476, "bus_tau_mean": 3.4456, "bus_tau_std": 0.7405, "bus_v_mean": 21.4367, "bus_v_std": 9.6787, "car_acc": 3.6174, "car_dcc": 3.3747, "car_lcAssertive": 71.8103, "car_lcCooperative": 0.5513, "car_lcLookaheadLeft": 44.7995, "car_lcPushy": 0.1351, "car_lcSigma": 0.9588, "car_lcSpeedGainRight": 0.0403, "car_lcSublane": 0.2832, "car_sigma": 0.7182, "car_tau_mean": 2.4684, "car_tau_std": 1.2446, "car_v_mean": 9.4859, "car_v_std": 15.1997}, "datetime": {"datetime": "2024-08-11 19:00:50", "elapsed": 4721.490334, "delta": 6.945531}}
{"target": -0.33844702880153893, "params": {"bus_acc": 3.8908, "bus_dcc": 1.9129, "bus_lcAssertive": 33.435, "bus_lcCooperative": 0.5638, "bus_lcLookaheadLeft": 58.0455, "bus_lcPushy": 0.2726, "bus_lcSigma": 0.7926, "bus_lcSpeedGainRight": 1.3651, "bus_lcSublane": 0.1482, "bus_sigma": 0.8393, "bus_tau_mean": 2.9442, "bus_tau_std": 1.9703, "bus_v_mean": 18.1458, "bus_v_std": 7.2956, "car_acc": 3.3841, "car_dcc": 3.5084, "car_lcAssertive": 13.809, "car_lcCooperative": 0.6641, "car_lcLookaheadLeft": 74.4451, "car_lcPushy": 0.267, "car_lcSigma": 0.9974, "car_lcSpeedGainRight": 3.8994, "car_lcSublane": 0.7033, "car_sigma": 0.3395, "car_tau_mean": 3.2897, "car_tau_std": 5.3559, "car_v_mean": 23.4777, "car_v_std": 6.1104}, "datetime": {"datetime": "2024-08-11 19:00:54", "elapsed": 4725.506716, "delta": 4.016382}}
{"target": -0.3567666873705946, "params": {"bus_acc": 1.503, "bus_dcc": 2.0518, "bus_lcAssertive": 17.9912, "bus_lcCooperative": 0.6213, "bus_lcLookaheadLeft": 77.6015, "bus_lcPushy": 0.6002, "bus_lcSigma": 0.865, "bus_lcSpeedGainRight": 0.5781, "bus_lcSublane": 0.4643, "bus_sigma": 0.5327, "bus_tau_mean": 1.8056, "bus_tau_std": 1.8935, "bus_v_mean": 22.5081, "bus_v_std": 7.8908, "car_acc": 0.8166, "car_dcc": 2.5629, "car_lcAssertive": 57.6188, "car_lcCooperative": 0.0737, "car_lcLookaheadLeft": 69.6528, "car_lcPushy": 0.2833, "car_lcSigma": 0.2206, "car_lcSpeedGainRight": 1.9255, "car_lcSublane": 0.0228, "car_sigma": 0.5812, "car_tau_mean": 3.7934, "car_tau_std": 0.305, "car_v_mean": 9.6655, "car_v_std": 10.609}, "datetime": {"datetime": "2024-08-11 19:01:02", "elapsed": 4733.413812, "delta": 7.907096}}
{"target": -0.29657129068025273, "params": {"bus_acc": 0.5868, "bus_dcc": 3.5888, "bus_lcAssertive": 88.6101, "bus_lcCooperative": 0.1332, "bus_lcLookaheadLeft": 46.934, "bus_lcPushy": 0.0247, "bus_lcSigma": 0.4866, "bus_lcSpeedGainRight": 0.5457, "bus_lcSublane": 0.2412, "bus_sigma": 0.2908, "bus_tau_mean": 1.4262, "bus_tau_std": 0.3221, "bus_v_mean": 16.2337, "bus_v_std": 6.0042, "car_acc": 0.4097, "car_dcc": 1.4924, "car_lcAssertive": 17.7817, "car_lcCooperative": 0.1818, "car_lcLookaheadLeft": 43.4935, "car_lcPushy": 0.717, "car_lcSigma": 0.2108, "car_lcSpeedGainRight": 4.235, "car_lcSublane": 0.5286, "car_sigma": 0.7604, "car_tau_mean": 3.1746, "car_tau_std": 7.7439, "car_v_mean": 11.8158, "car_v_std": 13.9589}, "datetime": {"datetime": "2024-08-11 19:01:07", "elapsed": 4738.168727, "delta": 4.754915}}
{"target": -0.33964445279435845, "params": {"bus_acc": 0.7897, "bus_dcc": 1.0072, "bus_lcAssertive": 11.7092, "bus_lcCooperative": 0.946, "bus_lcLookaheadLeft": 84.4514, "bus_lcPushy": 0.4227, "bus_lcSigma": 0.806, "bus_lcSpeedGainRight": 2.6242, "bus_lcSublane": 0.9147, "bus_sigma": 0.1942, "bus_tau_mean": 0.5366, "bus_tau_std": 7.8617, "bus_v_mean": 21.7541, "bus_v_std": 16.3643, "car_acc": 1.0716, "car_dcc": 3.1139, "car_lcAssertive": 51.5775, "car_lcCooperative": 0.7757, "car_lcLookaheadLeft": 8.3285, "car_lcPushy": 0.503, "car_lcSigma": 0.1937, "car_lcSpeedGainRight": 2.5324, "car_lcSublane": 0.1933, "car_sigma": 0.4281, "car_tau_mean": 2.3504, "car_tau_std": 2.1857, "car_v_mean": 18.9015, "car_v_std": 1.666}, "datetime": {"datetime": "2024-08-11 19:01:13", "elapsed": 4744.445864, "delta": 6.277137}}
{"target": -0.542008934476876, "params": {"bus_acc": 2.2358, "bus_dcc": 3.2353, "bus_lcAssertive": 85.9099, "bus_lcCooperative": 0.4678, "bus_lcLookaheadLeft": 93.2857, "bus_lcPushy": 0.2586, "bus_lcSigma": 0.2004, "bus_lcSpeedGainRight": 1.8864, "bus_lcSublane": 0.9443, "bus_sigma": 0.9615, "bus_tau_mean": 3.4787, "bus_tau_std": 1.3384, "bus_v_mean": 10.606, "bus_v_std": 11.9092, "car_acc": 2.068, "car_dcc": 0.8586, "car_lcAssertive": 99.8392, "car_lcCooperative": 0.9008, "car_lcLookaheadLeft": 44.0242, "car_lcPushy": 0.703, "car_lcSigma": 0.5477, "car_lcSpeedGainRight": 4.7249, "car_lcSublane": 0.5381, "car_sigma": 0.7587, "car_tau_mean": 1.214, "car_tau_std": 9.9222, "car_v_mean": 21.8354, "car_v_std": 8.1736}, "datetime": {"datetime": "2024-08-11 19:01:18", "elapsed": 4749.218318, "delta": 4.772454}}
{"target": -0.33674295246805963, "params": {"bus_acc": 0.6211, "bus_dcc": 3.9558, "bus_lcAssertive": 99.6992, "bus_lcCooperative": 0.1091, "bus_lcLookaheadLeft": 61.5012, "bus_lcPushy": 0.327, "bus_lcSigma": 0.9355, "bus_lcSpeedGainRight": 2.9604, "bus_lcSublane": 0.0233, "bus_sigma": 0.9642, "bus_tau_mean": 0.6101, "bus_tau_std": 9.928, "bus_v_mean": 22.4818, "bus_v_std": 2.6183, "car_acc": 2.2232, "car_dcc": 2.4606, "car_lcAssertive": 54.0517, "car_lcCooperative": 0.062, "car_lcLookaheadLeft": 46.511, "car_lcPushy": 0.27, "car_lcSigma": 0.8533, "car_lcSpeedGainRight": 2.0986, "car_lcSublane": 0.1963, "car_sigma": 0.0581, "car_tau_mean": 1.1655, "car_tau_std": 9.2824, "car_v_mean": 13.9813, "car_v_std": 8.6052}, "datetime": {"datetime": "2024-08-11 19:01:22", "elapsed": 4753.036642, "delta": 3.818324}}
{"target": -0.44579770406730307, "params": {"bus_acc": 0.6456, "bus_dcc": 3.9981, "bus_lcAssertive": 86.384, "bus_lcCooperative": 0.8514, "bus_lcLookaheadLeft": 60.4933, "bus_lcPushy": 0.3473, "bus_lcSigma": 0.4202, "bus_lcSpeedGainRight": 3.3473, "bus_lcSublane": 0.01, "bus_sigma": 0.9209, "bus_tau_mean": 0.7646, "bus_tau_std": 2.3054, "bus_v_mean": 15.4217, "bus_v_std": 17.7082, "car_acc": 1.4139, "car_dcc": 0.3838, "car_lcAssertive": 39.1212, "car_lcCooperative": 0.5599, "car_lcLookaheadLeft": 91.4688, "car_lcPushy": 0.1425, "car_lcSigma": 0.5779, "car_lcSpeedGainRight": 0.9854, "car_lcSublane": 0.6109, "car_sigma": 0.9176, "car_tau_mean": 0.9984, "car_tau_std": 2.9996, "car_v_mean": 10.3339, "car_v_std": 17.6435}, "datetime": {"datetime": "2024-08-11 19:01:28", "elapsed": 4758.868801, "delta": 5.832159}}
{"target": -0.4450571521126529, "params": {"bus_acc": 3.584, "bus_dcc": 2.2033, "bus_lcAssertive": 72.8057, "bus_lcCooperative": 0.659, "bus_lcLookaheadLeft": 17.1617, "bus_lcPushy": 0.8117, "bus_lcSigma": 0.0533, "bus_lcSpeedGainRight": 4.3855, "bus_lcSublane": 0.8492, "bus_sigma": 0.9687, "bus_tau_mean": 2.3626, "bus_tau_std": 5.0594, "bus_v_mean": 14.116, "bus_v_std": 9.6411, "car_acc": 1.3905, "car_dcc": 1.2716, "car_lcAssertive": 77.7141, "car_lcCooperative": 0.5344, "car_lcLookaheadLeft": 4.0609, "car_lcPushy": 0.5878, "car_lcSigma": 0.8214, "car_lcSpeedGainRight": 3.4929, "car_lcSublane": 0.2217, "car_sigma": 0.0721, "car_tau_mean": 1.707, "car_tau_std": 1.2427, "car_v_mean": 22.2388, "car_v_std": 11.6706}, "datetime": {"datetime": "2024-08-11 19:01:34", "elapsed": 4765.526281, "delta": 6.65748}}
{"target": -0.5047150555760848, "params": {"bus_acc": 3.0273, "bus_dcc": 2.5199, "bus_lcAssertive": 70.1334, "bus_lcCooperative": 0.9511, "bus_lcLookaheadLeft": 5.3788, "bus_lcPushy": 0.5916, "bus_lcSigma": 0.5334, "bus_lcSpeedGainRight": 2.1447, "bus_lcSublane": 0.1045, "bus_sigma": 0.8108, "bus_tau_mean": 1.3138, "bus_tau_std": 9.6605, "bus_v_mean": 24.2019, "bus_v_std": 7.7531, "car_acc": 3.8518, "car_dcc": 2.3027, "car_lcAssertive": 91.7825, "car_lcCooperative": 0.5892, "car_lcLookaheadLeft": 81.7366, "car_lcPushy": 0.2067, "car_lcSigma": 0.6603, "car_lcSpeedGainRight": 4.7481, "car_lcSublane": 0.2927, "car_sigma": 0.6326, "car_tau_mean": 2.5774, "car_tau_std": 0.4512, "car_v_mean": 9.751, "car_v_std": 12.7264}, "datetime": {"datetime": "2024-08-11 19:01:40", "elapsed": 4770.675669, "delta": 5.149388}}
