{"target": -0.4056826454380967, "params": {"bus_acc": 0.25, "bus_dcc": 4.0, "bus_lcAssertive": 69.3424, "bus_lcCooperative": 0.4438, "bus_lcLookaheadLeft": 7.6928, "bus_lcPushy": 0.3333, "bus_lcSigma": 0.5314, "bus_lcSpeedGainRight": 4.3963, "bus_lcSublane": 0.2226, "bus_sigma": 0.6388, "bus_tau_mean": 2.951, "bus_tau_std": 3.0921, "bus_v_mean": 14.7389, "bus_v_std": 14.3088, "car_acc": 0.878, "car_dcc": 2.7015, "car_lcAssertive": 12.5987, "car_lcCooperative": 0.0385, "car_lcLookaheadLeft": 2.0, "car_lcPushy": 0.4836, "car_lcSigma": 0.8896, "car_lcSpeedGainRight": 2.0044, "car_lcSublane": 0.0492, "car_sigma": 0.6506, "car_tau_mean": 2.0272, "car_tau_std": 4.1047, "car_v_mean": 21.646, "car_v_std": 14.5463}, "datetime": {"datetime": "2024-08-11 17:48:54", "elapsed": 405.0956, "delta": 2.72794}}
{"target": -0.4244422715533074, "params": {"bus_acc": 1.7293, "bus_dcc": 1.2386, "bus_lcAssertive": 58.8118, "bus_lcCooperative": 0.704, "bus_lcLookaheadLeft": 36.272, "bus_lcPushy": 0.068, "bus_lcSigma": 0.7703, "bus_lcSpeedGainRight": 4.9405, "bus_lcSublane": 0.9046, "bus_sigma": 0.0578, "bus_tau_mean": 0.8713, "bus_tau_std": 6.2151, "bus_v_mean": 22.3941, "bus_v_std": 17.3402, "car_acc": 0.2204, "car_dcc": 0.2053, "car_lcAssertive": 44.3314, "car_lcCooperative": 0.4531, "car_lcLookaheadLeft": 49.5238, "car_lcPushy": 0.3405, "car_lcSigma": 0.4993, "car_lcSpeedGainRight": 4.2448, "car_lcSublane": 0.6844, "car_sigma": 0.3276, "car_tau_mean": 3.9356, "car_tau_std": 1.1954, "car_v_mean": 15.9154, "car_v_std": 3.1423}, "datetime": {"datetime": "2024-08-11 17:48:56", "elapsed": 407.281485, "delta": 2.185885}}
{"target": -0.2555454524982119, "params": {"bus_acc": 2.7122, "bus_dcc": 2.0587, "bus_lcAssertive": 36.9784, "bus_lcCooperative": 0.5532, "bus_lcLookaheadLeft": 45.7055, "bus_lcPushy": 0.9618, "bus_lcSigma": 0.0474, "bus_lcSpeedGainRight": 3.4738, "bus_lcSublane": 0.817, "bus_sigma": 0.4095, "bus_tau_mean": 2.9266, "bus_tau_std": 6.1061, "bus_v_mean": 16.3488, "bus_v_std": 12.7992, "car_acc": 0.343, "car_dcc": 3.2397, "car_lcAssertive": 26.4305, "car_lcCooperative": 0.186, "car_lcLookaheadLeft": 73.3738, "car_lcPushy": 0.1698, "car_lcSigma": 0.8921, "car_lcSpeedGainRight": 3.8695, "car_lcSublane": 0.2669, "car_sigma": 0.461, "car_tau_mean": 0.9133, "car_tau_std": 7.5141, "car_v_mean": 16.8333, "car_v_std": 12.1366}, "datetime": {"datetime": "2024-08-11 17:48:58", "elapsed": 409.005328, "delta": 1.723843}}
{"target": -0.5004981028468438, "params": {"bus_acc": 1.8929, "bus_dcc": 2.9473, "bus_lcAssertive": 15.132, "bus_lcCooperative": 0.2474, "bus_lcLookaheadLeft": 28.4529, "bus_lcPushy": 0.5661, "bus_lcSigma": 0.7029, "bus_lcSpeedGainRight": 3.155, "bus_lcSublane": 0.6402, "bus_sigma": 0.5079, "bus_tau_mean": 1.209, "bus_tau_std": 2.833, "bus_v_mean": 9.2731, "bus_v_std": 5.6558, "car_acc": 3.0308, "car_dcc": 2.5967, "car_lcAssertive": 33.8726, "car_lcCooperative": 0.8255, "car_lcLookaheadLeft": 13.6338, "car_lcPushy": 0.7981, "car_lcSigma": 0.809, "car_lcSpeedGainRight": 3.9213, "car_lcSublane": 0.0909, "car_sigma": 0.5142, "car_tau_mean": 1.8993, "car_tau_std": 0.1267, "car_v_mean": 13.7538, "car_v_std": 13.0777}, "datetime": {"datetime": "2024-08-11 17:49:01", "elapsed": 411.770934, "delta": 2.765606}}
{"target": -0.6643651677814671, "params": {"bus_acc": 0.2071, "bus_dcc": 3.3986, "bus_lcAssertive": 74.1199, "bus_lcCooperative": 0.1848, "bus_lcLookaheadLeft": 91.9421, "bus_lcPushy": 0.2099, "bus_lcSigma": 0.2516, "bus_lcSpeedGainRight": 2.0909, "bus_lcSublane": 0.9383, "bus_sigma": 0.4483, "bus_tau_mean": 2.1075, "bus_tau_std": 0.5026, "bus_v_mean": 22.0661, "bus_v_std": 0.7001, "car_acc": 1.6102, "car_dcc": 2.0231, "car_lcAssertive": 2.6333, "car_lcCooperative": 0.0342, "car_lcLookaheadLeft": 56.1666, "car_lcPushy": 0.2454, "car_lcSigma": 0.6376, "car_lcSpeedGainRight": 1.5198, "car_lcSublane": 0.8145, "car_sigma": 0.9419, "car_tau_mean": 3.058, "car_tau_std": 9.1748, "car_v_mean": 14.0808, "car_v_std": 14.7767}, "datetime": {"datetime": "2024-08-11 17:49:03", "elapsed": 414.023979, "delta": 2.253045}}
{"target": -0.34434741740774183, "params": {"bus_acc": 3.9116, "bus_dcc": 2.0649, "bus_lcAssertive": 70.606, "bus_lcCooperative": 0.6311, "bus_lcLookaheadLeft": 22.7613, "bus_lcPushy": 0.8497, "bus_lcSigma": 0.2612, "bus_lcSpeedGainRight": 0.5762, "bus_lcSublane": 0.416, "bus_sigma": 0.9926, "bus_tau_mean": 1.3277, "bus_tau_std": 4.3228, "bus_v_mean": 22.2722, "bus_v_std": 13.4911, "car_acc": 0.5382, "car_dcc": 0.7296, "car_lcAssertive": 38.7581, "car_lcCooperative": 0.3661, "car_lcLookaheadLeft": 83.2846, "car_lcPushy": 0.3069, "car_lcSigma": 0.7845, "car_lcSpeedGainRight": 1.3444, "car_lcSublane": 0.5782, "car_sigma": 0.0138, "car_tau_mean": 1.236, "car_tau_std": 7.6093, "car_v_mean": 21.0277, "car_v_std": 11.59}, "datetime": {"datetime": "2024-08-11 17:49:05", "elapsed": 415.809354, "delta": 1.785375}}
{"target": -0.49958335781697444, "params": {"bus_acc": 0.7839, "bus_dcc": 1.503, "bus_lcAssertive": 56.7857, "bus_lcCooperative": 0.7994, "bus_lcLookaheadLeft": 14.5371, "bus_lcPushy": 0.6258, "bus_lcSigma": 0.2888, "bus_lcSpeedGainRight": 3.3198, "bus_lcSublane": 0.4771, "bus_sigma": 0.95, "bus_tau_mean": 2.5333, "bus_tau_std": 7.5572, "bus_v_mean": 18.1284, "bus_v_std": 4.379, "car_acc": 3.9126, "car_dcc": 0.251, "car_lcAssertive": 94.5523, "car_lcCooperative": 0.053, "car_lcLookaheadLeft": 6.4625, "car_lcPushy": 0.0959, "car_lcSigma": 0.7864, "car_lcSpeedGainRight": 2.7101, "car_lcSublane": 0.165, "car_sigma": 0.9513, "car_tau_mean": 2.2569, "car_tau_std": 1.748, "car_v_mean": 13.5551, "car_v_std": 10.7759}, "datetime": {"datetime": "2024-08-11 17:49:08", "elapsed": 418.96158, "delta": 3.152226}}
{"target": -0.45264492809571927, "params": {"bus_acc": 2.0622, "bus_dcc": 3.6213, "bus_lcAssertive": 48.4031, "bus_lcCooperative": 0.3716, "bus_lcLookaheadLeft": 96.1683, "bus_lcPushy": 0.9131, "bus_lcSigma": 0.272, "bus_lcSpeedGainRight": 1.7714, "bus_lcSublane": 0.7508, "bus_sigma": 0.234, "bus_tau_mean": 1.3466, "bus_tau_std": 0.9904, "bus_v_mean": 21.8964, "bus_v_std": 7.2221, "car_acc": 2.2839, "car_dcc": 2.9364, "car_lcAssertive": 39.4841, "car_lcCooperative": 0.1943, "car_lcLookaheadLeft": 31.787, "car_lcPushy": 0.6015, "car_lcSigma": 0.4982, "car_lcSpeedGainRight": 0.202, "car_lcSublane": 0.5622, "car_sigma": 0.7466, "car_tau_mean": 3.4755, "car_tau_std": 3.1405, "car_v_mean": 24.5497, "car_v_std": 4.5764}, "datetime": {"datetime": "2024-08-11 17:49:10", "elapsed": 421.250684, "delta": 2.289104}}
{"target": -0.21131032033148764, "params": {"bus_acc": 3.8109, "bus_dcc": 3.7468, "bus_lcAssertive": 81.1914, "bus_lcCooperative": 0.2893, "bus_lcLookaheadLeft": 54.8456, "bus_lcPushy": 0.901, "bus_lcSigma": 0.771, "bus_lcSpeedGainRight": 2.4209, "bus_lcSublane": 0.9781, "bus_sigma": 0.4094, "bus_tau_mean": 1.9849, "bus_tau_std": 9.8515, "bus_v_mean": 22.8742, "bus_v_std": 18.3241, "car_acc": 0.4027, "car_dcc": 1.9604, "car_lcAssertive": 24.634, "car_lcCooperative": 0.4546, "car_lcLookaheadLeft": 74.4822, "car_lcPushy": 0.7243, "car_lcSigma": 0.6205, "car_lcSpeedGainRight": 2.1437, "car_lcSublane": 0.5849, "car_sigma": 0.5339, "car_tau_mean": 2.7443, "car_tau_std": 6.4721, "car_v_mean": 15.439, "car_v_std": 15.7517}, "datetime": {"datetime": "2024-08-11 17:49:12", "elapsed": 423.132436, "delta": 1.881752}}
{"target": -0.47565034511561527, "params": {"bus_acc": 2.1487, "bus_dcc": 0.3703, "bus_lcAssertive": 60.1415, "bus_lcCooperative": 0.5291, "bus_lcLookaheadLeft": 94.9402, "bus_lcPushy": 0.1796, "bus_lcSigma": 0.709, "bus_lcSpeedGainRight": 3.9657, "bus_lcSublane": 0.208, "bus_sigma": 0.1541, "bus_tau_mean": 2.478, "bus_tau_std": 2.2244, "bus_v_mean": 14.3831, "bus_v_std": 15.1854, "car_acc": 3.798, "car_dcc": 0.4252, "car_lcAssertive": 91.4319, "car_lcCooperative": 0.9285, "car_lcLookaheadLeft": 67.4318, "car_lcPushy": 0.7019, "car_lcSigma": 0.1706, "car_lcSpeedGainRight": 2.189, "car_lcSublane": 0.2404, "car_sigma": 0.0931, "car_tau_mean": 1.6351, "car_tau_std": 7.4853, "car_v_mean": 14.2964, "car_v_std": 3.2726}, "datetime": {"datetime": "2024-08-11 17:49:14", "elapsed": 425.307246, "delta": 2.17481}}
{"target": -0.4161824008203944, "params": {"bus_acc": 3.5518, "bus_dcc": 0.2553, "bus_lcAssertive": 66.2186, "bus_lcCooperative": 0.5219, "bus_lcLookaheadLeft": 72.6798, "bus_lcPushy": 0.8677, "bus_lcSigma": 0.3877, "bus_lcSpeedGainRight": 2.1147, "bus_lcSublane": 0.3516, "bus_sigma": 0.4067, "bus_tau_mean": 0.5352, "bus_tau_std": 3.7429, "bus_v_mean": 19.8925, "bus_v_std": 12.9098, "car_acc": 1.3373, "car_dcc": 3.0221, "car_lcAssertive": 50.5092, "car_lcCooperative": 0.5, "car_lcLookaheadLeft": 91.8469, "car_lcPushy": 0.3881, "car_lcSigma": 0.5893, "car_lcSpeedGainRight": 1.8691, "car_lcSublane": 0.915, "car_sigma": 0.7028, "car_tau_mean": 2.3002, "car_tau_std": 4.4489, "car_v_mean": 25.1288, "car_v_std": 1.9353}, "datetime": {"datetime": "2024-08-11 17:49:16", "elapsed": 427.491187, "delta": 2.183941}}
{"target": -0.15090447474298452, "params": {"bus_acc": 0.2, "bus_dcc": 4.0, "bus_lcAssertive": 73.0059, "bus_lcCooperative": 0.4048, "bus_lcLookaheadLeft": 3.6486, "bus_lcPushy": 0.2796, "bus_lcSigma": 0.3766, "bus_lcSpeedGainRight": 4.8714, "bus_lcSublane": 0.2105, "bus_sigma": 0.5114, "bus_tau_mean": 2.8855, "bus_tau_std": 2.0366, "bus_v_mean": 14.1797, "bus_v_std": 14.3157, "car_acc": 0.4304, "car_dcc": 3.0152, "car_lcAssertive": 15.2963, "car_lcCooperative": 0.0, "car_lcLookaheadLeft": 2.0, "car_lcPushy": 0.4824, "car_lcSigma": 0.8537, "car_lcSpeedGainRight": 1.9094, "car_lcSublane": 0.0, "car_sigma": 0.8042, "car_tau_mean": 1.686, "car_tau_std": 3.464, "car_v_mean": 23.9437, "car_v_std": 16.2211}, "datetime": {"datetime": "2024-08-11 17:49:19", "elapsed": 430.355372, "delta": 2.864185}}
{"target": -0.3223227528160348, "params": {"bus_acc": 2.4494, "bus_dcc": 3.9147, "bus_lcAssertive": 61.8507, "bus_lcCooperative": 0.5889, "bus_lcLookaheadLeft": 50.9174, "bus_lcPushy": 0.2188, "bus_lcSigma": 0.8068, "bus_lcSpeedGainRight": 4.1824, "bus_lcSublane": 0.8765, "bus_sigma": 0.601, "bus_tau_mean": 1.8066, "bus_tau_std": 6.1509, "bus_v_mean": 23.6088, "bus_v_std": 2.7689, "car_acc": 2.1406, "car_dcc": 3.3077, "car_lcAssertive": 15.8702, "car_lcCooperative": 0.8979, "car_lcLookaheadLeft": 43.3969, "car_lcPushy": 0.613, "car_lcSigma": 0.6712, "car_lcSpeedGainRight": 1.4456, "car_lcSublane": 0.5386, "car_sigma": 0.7396, "car_tau_mean": 0.6868, "car_tau_std": 5.6944, "car_v_mean": 21.5956, "car_v_std": 19.636}, "datetime": {"datetime": "2024-08-11 17:49:21", "elapsed": 432.08143, "delta": 1.726058}}
{"target": -0.260838493525984, "params": {"bus_acc": 1.4199, "bus_dcc": 0.7273, "bus_lcAssertive": 79.7305, "bus_lcCooperative": 0.2617, "bus_lcLookaheadLeft": 90.5295, "bus_lcPushy": 0.3779, "bus_lcSigma": 0.427, "bus_lcSpeedGainRight": 0.8429, "bus_lcSublane": 0.2375, "bus_sigma": 0.6383, "bus_tau_mean": 2.8606, "bus_tau_std": 6.8148, "bus_v_mean": 22.9054, "bus_v_std": 0.5796, "car_acc": 0.6106, "car_dcc": 2.5924, "car_lcAssertive": 26.4064, "car_lcCooperative": 0.3722, "car_lcLookaheadLeft": 62.4032, "car_lcPushy": 0.2965, "car_lcSigma": 0.1025, "car_lcSpeedGainRight": 2.5479, "car_lcSublane": 0.5611, "car_sigma": 0.0772, "car_tau_mean": 1.2262, "car_tau_std": 4.4773, "car_v_mean": 24.2741, "car_v_std": 11.5755}, "datetime": {"datetime": "2024-08-11 17:49:22", "elapsed": 433.615897, "delta": 1.534467}}
{"target": -0.4597896360112723, "params": {"bus_acc": 1.8373, "bus_dcc": 2.1589, "bus_lcAssertive": 17.313, "bus_lcCooperative": 0.1852, "bus_lcLookaheadLeft": 75.8861, "bus_lcPushy": 0.1026, "bus_lcSigma": 0.7832, "bus_lcSpeedGainRight": 1.918, "bus_lcSublane": 0.4712, "bus_sigma": 0.1406, "bus_tau_mean": 3.9163, "bus_tau_std": 9.6476, "bus_v_mean": 18.5068, "bus_v_std": 15.1146, "car_acc": 1.519, "car_dcc": 0.3527, "car_lcAssertive": 41.3622, "car_lcCooperative": 0.1638, "car_lcLookaheadLeft": 72.4324, "car_lcPushy": 0.9387, "car_lcSigma": 0.8515, "car_lcSpeedGainRight": 0.8581, "car_lcSublane": 0.0946, "car_sigma": 0.688, "car_tau_mean": 0.7637, "car_tau_std": 3.7359, "car_v_mean": 15.2833, "car_v_std": 3.3775}, "datetime": {"datetime": "2024-08-11 17:49:25", "elapsed": 435.982957, "delta": 2.36706}}
{"target": -0.4274861911348034, "params": {"bus_acc": 2.7979, "bus_dcc": 0.4861, "bus_lcAssertive": 78.8264, "bus_lcCooperative": 0.7735, "bus_lcLookaheadLeft": 68.3657, "bus_lcPushy": 0.0588, "bus_lcSigma": 0.4968, "bus_lcSpeedGainRight": 2.4171, "bus_lcSublane": 0.174, "bus_sigma": 0.2829, "bus_tau_mean": 2.783, "bus_tau_std": 7.8054, "bus_v_mean": 15.0727, "bus_v_std": 0.6606, "car_acc": 1.5939, "car_dcc": 0.9596, "car_lcAssertive": 16.3062, "car_lcCooperative": 0.2785, "car_lcLookaheadLeft": 28.9902, "car_lcPushy": 0.0654, "car_lcSigma": 0.3632, "car_lcSpeedGainRight": 0.7455, "car_lcSublane": 0.2951, "car_sigma": 0.0208, "car_tau_mean": 1.8021, "car_tau_std": 6.2893, "car_v_mean": 15.0263, "car_v_std": 0.3834}, "datetime": {"datetime": "2024-08-11 17:49:27", "elapsed": 437.634902, "delta": 1.651945}}
{"target": -0.3692297279788139, "params": {"bus_acc": 0.5363, "bus_dcc": 1.8236, "bus_lcAssertive": 76.891, "bus_lcCooperative": 0.6754, "bus_lcLookaheadLeft": 60.1065, "bus_lcPushy": 0.6239, "bus_lcSigma": 0.6915, "bus_lcSpeedGainRight": 3.2094, "bus_lcSublane": 0.8586, "bus_sigma": 0.5015, "bus_tau_mean": 1.6285, "bus_tau_std": 0.0346, "bus_v_mean": 8.1715, "bus_v_std": 18.848, "car_acc": 0.9636, "car_dcc": 1.3201, "car_lcAssertive": 87.3718, "car_lcCooperative": 0.2099, "car_lcLookaheadLeft": 6.431, "car_lcPushy": 0.656, "car_lcSigma": 0.8584, "car_lcSpeedGainRight": 4.3244, "car_lcSublane": 0.3437, "car_sigma": 0.8222, "car_tau_mean": 0.7128, "car_tau_std": 5.1165, "car_v_mean": 17.488, "car_v_std": 5.7185}, "datetime": {"datetime": "2024-08-11 17:49:28", "elapsed": 439.361912, "delta": 1.72701}}
{"target": -0.2520019415576783, "params": {"bus_acc": 2.6616, "bus_dcc": 1.4721, "bus_lcAssertive": 24.2041, "bus_lcCooperative": 0.5559, "bus_lcLookaheadLeft": 3.3355, "bus_lcPushy": 0.9841, "bus_lcSigma": 0.1131, "bus_lcSpeedGainRight": 1.9993, "bus_lcSublane": 0.503, "bus_sigma": 0.8624, "bus_tau_mean": 3.9712, "bus_tau_std": 4.2763, "bus_v_mean": 22.4926, "bus_v_std": 18.5188, "car_acc": 0.5489, "car_dcc": 2.7512, "car_lcAssertive": 70.4537, "car_lcCooperative": 0.2517, "car_lcLookaheadLeft": 38.2923, "car_lcPushy": 0.4063, "car_lcSigma": 0.5345, "car_lcSpeedGainRight": 0.6084, "car_lcSublane": 0.2514, "car_sigma": 0.1892, "car_tau_mean": 3.1962, "car_tau_std": 6.1326, "car_v_mean": 16.8678, "car_v_std": 1.581}, "datetime": {"datetime": "2024-08-11 17:49:31", "elapsed": 441.75796, "delta": 2.396048}}
{"target": -0.29114293476341696, "params": {"bus_acc": 4.0, "bus_dcc": 4.0, "bus_lcAssertive": 69.5308, "bus_lcCooperative": 0.0, "bus_lcLookaheadLeft": 52.4922, "bus_lcPushy": 1.0, "bus_lcSigma": 1.0, "bus_lcSpeedGainRight": 0.0, "bus_lcSublane": 1.0, "bus_sigma": 1.0, "bus_tau_mean": 0.5, "bus_tau_std": 10.0, "bus_v_mean": 26.0, "bus_v_std": 20.0, "car_acc": 0.2, "car_dcc": 1.933, "car_lcAssertive": 42.0017, "car_lcCooperative": 0.0, "car_lcLookaheadLeft": 78.0289, "car_lcPushy": 1.0, "car_lcSigma": 0.0, "car_lcSpeedGainRight": 0.0, "car_lcSublane": 0.6101, "car_sigma": 1.0, "car_tau_mean": 1.5497, "car_tau_std": 0.0, "car_v_mean": 26.0, "car_v_std": 20.0}, "datetime": {"datetime": "2024-08-11 17:49:33", "elapsed": 443.791039, "delta": 2.033079}}
{"target": -0.280370403081769, "params": {"bus_acc": 1.2314, "bus_dcc": 3.61, "bus_lcAssertive": 43.3867, "bus_lcCooperative": 0.9698, "bus_lcLookaheadLeft": 67.0229, "bus_lcPushy": 0.6274, "bus_lcSigma": 0.1204, "bus_lcSpeedGainRight": 4.7531, "bus_lcSublane": 0.4556, "bus_sigma": 0.5841, "bus_tau_mean": 1.9342, "bus_tau_std": 2.3759, "bus_v_mean": 24.2665, "bus_v_std": 11.4793, "car_acc": 0.2166, "car_dcc": 2.5508, "car_lcAssertive": 33.3435, "car_lcCooperative": 0.5327, "car_lcLookaheadLeft": 88.828, "car_lcPushy": 0.3629, "car_lcSigma": 0.9137, "car_lcSpeedGainRight": 3.1225, "car_lcSublane": 0.0215, "car_sigma": 0.9345, "car_tau_mean": 2.9238, "car_tau_std": 9.9782, "car_v_mean": 11.1078, "car_v_std": 2.7484}, "datetime": {"datetime": "2024-08-11 17:49:37", "elapsed": 448.55656, "delta": 4.765521}}
{"target": -0.3559580858254128, "params": {"bus_acc": 0.7874, "bus_dcc": 4.0, "bus_lcAssertive": 62.0264, "bus_lcCooperative": 0.8857, "bus_lcLookaheadLeft": 5.1071, "bus_lcPushy": 0.8971, "bus_lcSigma": 0.9599, "bus_lcSpeedGainRight": 5.0, "bus_lcSublane": 0.7858, "bus_sigma": 1.0, "bus_tau_mean": 3.3354, "bus_tau_std": 2.3669, "bus_v_mean": 17.5576, "bus_v_std": 16.2106, "car_acc": 1.0209, "car_dcc": 3.0102, "car_lcAssertive": 4.0872, "car_lcCooperative": 0.4877, "car_lcLookaheadLeft": 8.3411, "car_lcPushy": 0.9887, "car_lcSigma": 1.0, "car_lcSpeedGainRight": 2.5351, "car_lcSublane": 0.5289, "car_sigma": 1.0, "car_tau_mean": 2.8248, "car_tau_std": 3.6967, "car_v_mean": 25.8152, "car_v_std": 19.2458}, "datetime": {"datetime": "2024-08-11 17:49:39", "elapsed": 450.456996, "delta": 1.900436}}
{"target": -0.4276951609691338, "params": {"bus_acc": 1.3819, "bus_dcc": 1.8317, "bus_lcAssertive": 34.3111, "bus_lcCooperative": 0.1508, "bus_lcLookaheadLeft": 78.6823, "bus_lcPushy": 0.0757, "bus_lcSigma": 0.7486, "bus_lcSpeedGainRight": 0.8224, "bus_lcSublane": 0.1171, "bus_sigma": 0.3181, "bus_tau_mean": 1.6659, "bus_tau_std": 3.3028, "bus_v_mean": 25.4617, "bus_v_std": 13.512, "car_acc": 3.3193, "car_dcc": 3.2345, "car_lcAssertive": 19.5711, "car_lcCooperative": 0.8258, "car_lcLookaheadLeft": 75.257, "car_lcPushy": 0.9809, "car_lcSigma": 0.1529, "car_lcSpeedGainRight": 0.335, "car_lcSublane": 0.0583, "car_sigma": 0.9781, "car_tau_mean": 2.5427, "car_tau_std": 3.9127, "car_v_mean": 9.2543, "car_v_std": 18.6393}, "datetime": {"datetime": "2024-08-11 17:49:43", "elapsed": 453.863307, "delta": 3.406311}}
{"target": -0.48173118124037195, "params": {"bus_acc": 2.2351, "bus_dcc": 0.7696, "bus_lcAssertive": 2.4637, "bus_lcCooperative": 0.9018, "bus_lcLookaheadLeft": 37.5527, "bus_lcPushy": 0.0501, "bus_lcSigma": 0.6341, "bus_lcSpeedGainRight": 2.1475, "bus_lcSublane": 0.3725, "bus_sigma": 0.4551, "bus_tau_mean": 1.87, "bus_tau_std": 3.1447, "bus_v_mean": 19.314, "bus_v_std": 5.2736, "car_acc": 1.275, "car_dcc": 1.7627, "car_lcAssertive": 96.0151, "car_lcCooperative": 0.4996, "car_lcLookaheadLeft": 41.4916, "car_lcPushy": 0.6288, "car_lcSigma": 0.8625, "car_lcSpeedGainRight": 0.6568, "car_lcSublane": 0.4758, "car_sigma": 0.6752, "car_tau_mean": 3.013, "car_tau_std": 7.7074, "car_v_mean": 13.5562, "car_v_std": 6.2867}, "datetime": {"datetime": "2024-08-11 17:49:47", "elapsed": 457.919164, "delta": 4.055857}}
{"target": -0.41738235264195, "params": {"bus_acc": 3.3663, "bus_dcc": 1.5954, "bus_lcAssertive": 80.639, "bus_lcCooperative": 0.9725, "bus_lcLookaheadLeft": 9.2722, "bus_lcPushy": 0.413, "bus_lcSigma": 0.636, "bus_lcSpeedGainRight": 2.1981, "bus_lcSublane": 0.4258, "bus_sigma": 0.0876, "bus_tau_mean": 3.5488, "bus_tau_std": 7.0255, "bus_v_mean": 17.6121, "bus_v_std": 3.9557, "car_acc": 2.827, "car_dcc": 0.2477, "car_lcAssertive": 61.5069, "car_lcCooperative": 0.0072, "car_lcLookaheadLeft": 40.0832, "car_lcPushy": 0.8843, "car_lcSigma": 0.5145, "car_lcSpeedGainRight": 1.6672, "car_lcSublane": 0.0837, "car_sigma": 0.2163, "car_tau_mean": 0.9059, "car_tau_std": 2.3758, "car_v_mean": 14.2479, "car_v_std": 6.9352}, "datetime": {"datetime": "2024-08-11 17:49:50", "elapsed": 460.664488, "delta": 2.745324}}
{"target": -0.5652633405192716, "params": {"bus_acc": 1.0149, "bus_dcc": 1.7351, "bus_lcAssertive": 2.1752, "bus_lcCooperative": 0.797, "bus_lcLookaheadLeft": 97.9117, "bus_lcPushy": 0.7305, "bus_lcSigma": 0.7523, "bus_lcSpeedGainRight": 3.9495, "bus_lcSublane": 0.1573, "bus_sigma": 0.0926, "bus_tau_mean": 0.7382, "bus_tau_std": 9.4394, "bus_v_mean": 11.7382, "bus_v_std": 12.2032, "car_acc": 3.9255, "car_dcc": 0.4095, "car_lcAssertive": 39.7296, "car_lcCooperative": 0.0146, "car_lcLookaheadLeft": 87.7034, "car_lcPushy": 0.7988, "car_lcSigma": 0.4584, "car_lcSpeedGainRight": 1.8248, "car_lcSublane": 0.9926, "car_sigma": 0.501, "car_tau_mean": 3.8797, "car_tau_std": 8.0088, "car_v_mean": 10.1507, "car_v_std": 7.9004}, "datetime": {"datetime": "2024-08-11 17:49:52", "elapsed": 463.447921, "delta": 2.783433}}
{"target": -0.39133245973005054, "params": {"bus_acc": 3.6878, "bus_dcc": 0.3287, "bus_lcAssertive": 34.4257, "bus_lcCooperative": 0.9414, "bus_lcLookaheadLeft": 87.7588, "bus_lcPushy": 0.0207, "bus_lcSigma": 0.974, "bus_lcSpeedGainRight": 1.3515, "bus_lcSublane": 0.3666, "bus_sigma": 0.7382, "bus_tau_mean": 0.6989, "bus_tau_std": 5.7276, "bus_v_mean": 16.3308, "bus_v_std": 13.4943, "car_acc": 3.9825, "car_dcc": 3.4491, "car_lcAssertive": 64.4812, "car_lcCooperative": 0.8818, "car_lcLookaheadLeft": 57.1178, "car_lcPushy": 0.5357, "car_lcSigma": 0.8573, "car_lcSpeedGainRight": 2.4164, "car_lcSublane": 0.9885, "car_sigma": 0.591, "car_tau_mean": 2.8411, "car_tau_std": 9.9102, "car_v_mean": 23.3093, "car_v_std": 15.9229}, "datetime": {"datetime": "2024-08-11 17:49:54", "elapsed": 465.328361, "delta": 1.88044}}
{"target": -0.2190321027667257, "params": {"bus_acc": 1.2314, "bus_dcc": 3.6101, "bus_lcAssertive": 43.3867, "bus_lcCooperative": 0.9698, "bus_lcLookaheadLeft": 67.023, "bus_lcPushy": 0.6274, "bus_lcSigma": 0.1204, "bus_lcSpeedGainRight": 4.7531, "bus_lcSublane": 0.4556, "bus_sigma": 0.5841, "bus_tau_mean": 1.9342, "bus_tau_std": 2.376, "bus_v_mean": 24.2665, "bus_v_std": 11.4793, "car_acc": 0.2166, "car_dcc": 2.5508, "car_lcAssertive": 33.3435, "car_lcCooperative": 0.5327, "car_lcLookaheadLeft": 88.828, "car_lcPushy": 0.363, "car_lcSigma": 0.9137, "car_lcSpeedGainRight": 3.1225, "car_lcSublane": 0.0215, "car_sigma": 0.9345, "car_tau_mean": 2.9238, "car_tau_std": 9.9782, "car_v_mean": 11.1078, "car_v_std": 2.7484}, "datetime": {"datetime": "2024-08-11 17:49:56", "elapsed": 467.491081, "delta": 2.16272}}
