{"target": -0.1830753637945907, "params": {"bus_acc": 3.3431, "bus_dcc": 0.9478, "bus_lcAssertive": 74.4612, "bus_lcCooperative": 0.9419, "bus_lcLookaheadLeft": 63.3064, "bus_lcPushy": 0.2678, "bus_lcSigma": 0.1425, "bus_lcSpeedGainRight": 1.225, "bus_lcSublane": 0.4048, "bus_sigma": 0.018, "bus_tau_mean": 2.2528, "bus_tau_std": 5.7347, "bus_v_mean": 13.6318, "bus_v_std": 17.363, "car_acc": 2.4022, "car_dcc": 2.0664, "car_lcAssertive": 10.917, "car_lcCooperative": 0.5663, "car_lcLookaheadLeft": 52.5258, "car_lcPushy": 0.5734, "car_lcSigma": 0.07, "car_lcSpeedGainRight": 3.8577, "car_lcSublane": 0.9446, "car_sigma": 0.8159, "car_tau_mean": 2.1651, "car_tau_std": 8.2554, "car_v_mean": 24.4737, "car_v_std": 8.047}, "datetime": {"datetime": "2024-09-05 12:23:32", "elapsed": 5667.672922, "delta": 11.537652}}
{"target": -0.21296686982026683, "params": {"bus_acc": 0.598, "bus_dcc": 2.3845, "bus_lcAssertive": 5.5285, "bus_lcCooperative": 0.6216, "bus_lcLookaheadLeft": 23.6263, "bus_lcPushy": 0.1331, "bus_lcSigma": 0.9062, "bus_lcSpeedGainRight": 0.3403, "bus_lcSublane": 0.8989, "bus_sigma": 0.184, "bus_tau_mean": 2.8893, "bus_tau_std": 5.5225, "bus_v_mean": 19.0455, "bus_v_std": 7.2461, "car_acc": 1.1698, "car_dcc": 1.6094, "car_lcAssertive": 34.2895, "car_lcCooperative": 0.1388, "car_lcLookaheadLeft": 56.1535, "car_lcPushy": 0.8802, "car_lcSigma": 0.6215, "car_lcSpeedGainRight": 4.5688, "car_lcSublane": 0.1948, "car_sigma": 0.9049, "car_tau_mean": 1.5218, "car_tau_std": 0.3494, "car_v_mean": 25.1048, "car_v_std": 17.6581}, "datetime": {"datetime": "2024-09-05 12:23:40", "elapsed": 5676.120608, "delta": 8.447686}}
{"target": -0.20475187743477408, "params": {"bus_acc": 3.7627, "bus_dcc": 2.5937, "bus_lcAssertive": 40.0467, "bus_lcCooperative": 0.3744, "bus_lcLookaheadLeft": 25.8474, "bus_lcPushy": 0.9584, "bus_lcSigma": 0.1194, "bus_lcSpeedGainRight": 2.5384, "bus_lcSublane": 0.5391, "bus_sigma": 0.1196, "bus_tau_mean": 0.5682, "bus_tau_std": 1.3647, "bus_v_mean": 15.5412, "bus_v_std": 8.2287, "car_acc": 3.6264, "car_dcc": 2.3989, "car_lcAssertive": 13.6106, "car_lcCooperative": 0.0868, "car_lcLookaheadLeft": 6.6177, "car_lcPushy": 0.9393, "car_lcSigma": 0.342, "car_lcSpeedGainRight": 2.4613, "car_lcSublane": 0.6011, "car_sigma": 0.7809, "car_tau_mean": 3.6292, "car_tau_std": 7.0174, "car_v_mean": 11.6662, "car_v_std": 18.6217}, "datetime": {"datetime": "2024-09-05 12:23:49", "elapsed": 5684.99472, "delta": 8.874112}}
{"target": -0.25096217069192356, "params": {"bus_acc": 1.8381, "bus_dcc": 2.5021, "bus_lcAssertive": 5.4788, "bus_lcCooperative": 0.1478, "bus_lcLookaheadLeft": 93.6492, "bus_lcPushy": 0.5614, "bus_lcSigma": 0.8082, "bus_lcSpeedGainRight": 4.0158, "bus_lcSublane": 0.5773, "bus_sigma": 0.8185, "bus_tau_mean": 1.0522, "bus_tau_std": 3.7731, "bus_v_mean": 20.1863, "bus_v_std": 18.0438, "car_acc": 1.4045, "car_dcc": 0.3274, "car_lcAssertive": 36.8763, "car_lcCooperative": 0.3006, "car_lcLookaheadLeft": 93.4662, "car_lcPushy": 0.1343, "car_lcSigma": 0.3892, "car_lcSpeedGainRight": 0.5804, "car_lcSublane": 0.3547, "car_sigma": 0.9949, "car_tau_mean": 1.2687, "car_tau_std": 3.9739, "car_v_mean": 21.7166, "car_v_std": 2.5698}, "datetime": {"datetime": "2024-09-05 12:23:57", "elapsed": 5692.485308, "delta": 7.490588}}
{"target": -0.18206969875660806, "params": {"bus_acc": 1.1813, "bus_dcc": 3.467, "bus_lcAssertive": 73.5368, "bus_lcCooperative": 0.6739, "bus_lcLookaheadLeft": 90.1865, "bus_lcPushy": 0.5985, "bus_lcSigma": 0.7029, "bus_lcSpeedGainRight": 0.4718, "bus_lcSublane": 0.9901, "bus_sigma": 0.2673, "bus_tau_mean": 1.6418, "bus_tau_std": 3.7349, "bus_v_mean": 13.0616, "bus_v_std": 7.1236, "car_acc": 1.018, "car_dcc": 0.6142, "car_lcAssertive": 23.8794, "car_lcCooperative": 0.8493, "car_lcLookaheadLeft": 87.3131, "car_lcPushy": 0.5902, "car_lcSigma": 0.5411, "car_lcSpeedGainRight": 0.3659, "car_lcSublane": 0.4323, "car_sigma": 0.9194, "car_tau_mean": 2.2204, "car_tau_std": 9.368, "car_v_mean": 19.1244, "car_v_std": 6.6943}, "datetime": {"datetime": "2024-09-05 12:24:03", "elapsed": 5699.247981, "delta": 6.762673}}
{"target": -0.7624804012596456, "params": {"bus_acc": 0.7193, "bus_dcc": 3.2843, "bus_lcAssertive": 62.1377, "bus_lcCooperative": 0.6638, "bus_lcLookaheadLeft": 16.0959, "bus_lcPushy": 0.5219, "bus_lcSigma": 0.0191, "bus_lcSpeedGainRight": 4.6272, "bus_lcSublane": 0.4298, "bus_sigma": 0.532, "bus_tau_mean": 2.1218, "bus_tau_std": 5.7249, "bus_v_mean": 11.6359, "bus_v_std": 19.0315, "car_acc": 2.0808, "car_dcc": 1.5671, "car_lcAssertive": 64.0266, "car_lcCooperative": 0.9255, "car_lcLookaheadLeft": 23.5535, "car_lcPushy": 0.3662, "car_lcSigma": 0.9886, "car_lcSpeedGainRight": 2.3697, "car_lcSublane": 0.3101, "car_sigma": 0.3523, "car_tau_mean": 2.8517, "car_tau_std": 0.5268, "car_v_mean": 23.7578, "car_v_std": 11.1966}, "datetime": {"datetime": "2024-09-05 12:24:17", "elapsed": 5712.678349, "delta": 13.430368}}
{"target": -0.1923707884816732, "params": {"bus_acc": 3.7092, "bus_dcc": 2.5957, "bus_lcAssertive": 94.8566, "bus_lcCooperative": 0.4309, "bus_lcLookaheadLeft": 98.1809, "bus_lcPushy": 0.4521, "bus_lcSigma": 0.1331, "bus_lcSpeedGainRight": 0.7171, "bus_lcSublane": 0.1487, "bus_sigma": 0.8832, "bus_tau_mean": 3.9281, "bus_tau_std": 6.696, "bus_v_mean": 15.2864, "bus_v_std": 11.3425, "car_acc": 3.885, "car_dcc": 3.862, "car_lcAssertive": 80.3591, "car_lcCooperative": 0.1436, "car_lcLookaheadLeft": 33.0153, "car_lcPushy": 0.0795, "car_lcSigma": 0.0976, "car_lcSpeedGainRight": 2.9251, "car_lcSublane": 0.2062, "car_sigma": 0.5215, "car_tau_mean": 2.9193, "car_tau_std": 7.2646, "car_v_mean": 18.9917, "car_v_std": 5.4064}, "datetime": {"datetime": "2024-09-05 12:24:26", "elapsed": 5721.713055, "delta": 9.034706}}
{"target": -0.23800218273266313, "params": {"bus_acc": 0.8587, "bus_dcc": 0.55, "bus_lcAssertive": 65.4387, "bus_lcCooperative": 0.864, "bus_lcLookaheadLeft": 73.2008, "bus_lcPushy": 0.0674, "bus_lcSigma": 0.1444, "bus_lcSpeedGainRight": 2.1197, "bus_lcSublane": 0.6948, "bus_sigma": 0.5765, "bus_tau_mean": 1.9336, "bus_tau_std": 5.7132, "bus_v_mean": 13.0501, "bus_v_std": 5.6682, "car_acc": 0.4406, "car_dcc": 2.7146, "car_lcAssertive": 29.4795, "car_lcCooperative": 0.5674, "car_lcLookaheadLeft": 87.7198, "car_lcPushy": 0.234, "car_lcSigma": 0.0998, "car_lcSpeedGainRight": 1.7021, "car_lcSublane": 0.7014, "car_sigma": 0.757, "car_tau_mean": 2.5566, "car_tau_std": 7.8665, "car_v_mean": 21.0949, "car_v_std": 6.0231}, "datetime": {"datetime": "2024-09-05 12:24:33", "elapsed": 5728.707717, "delta": 6.994662}}
{"target": -0.18887821854390394, "params": {"bus_acc": 1.4925, "bus_dcc": 2.5521, "bus_lcAssertive": 88.4816, "bus_lcCooperative": 0.0876, "bus_lcLookaheadLeft": 17.4661, "bus_lcPushy": 0.8678, "bus_lcSigma": 0.4526, "bus_lcSpeedGainRight": 0.3364, "bus_lcSublane": 0.958, "bus_sigma": 0.9357, "bus_tau_mean": 3.0116, "bus_tau_std": 3.3704, "bus_v_mean": 12.9731, "bus_v_std": 3.6488, "car_acc": 2.9598, "car_dcc": 2.2948, "car_lcAssertive": 4.7229, "car_lcCooperative": 0.0939, "car_lcLookaheadLeft": 52.0046, "car_lcPushy": 0.4577, "car_lcSigma": 0.5463, "car_lcSpeedGainRight": 3.7279, "car_lcSublane": 0.4358, "car_sigma": 0.3977, "car_tau_mean": 1.553, "car_tau_std": 6.5879, "car_v_mean": 17.5793, "car_v_std": 3.2225}, "datetime": {"datetime": "2024-09-05 12:24:41", "elapsed": 5737.342861, "delta": 8.635144}}
{"target": -0.18157605201247248, "params": {"bus_acc": 3.3208, "bus_dcc": 3.0655, "bus_lcAssertive": 17.6648, "bus_lcCooperative": 0.3646, "bus_lcLookaheadLeft": 50.9563, "bus_lcPushy": 0.858, "bus_lcSigma": 0.8464, "bus_lcSpeedGainRight": 0.4155, "bus_lcSublane": 0.3829, "bus_sigma": 0.8386, "bus_tau_mean": 2.5898, "bus_tau_std": 6.3661, "bus_v_mean": 25.0838, "bus_v_std": 9.1317, "car_acc": 3.6057, "car_dcc": 3.9122, "car_lcAssertive": 58.2571, "car_lcCooperative": 0.956, "car_lcLookaheadLeft": 14.5598, "car_lcPushy": 0.4657, "car_lcSigma": 0.5961, "car_lcSpeedGainRight": 4.9943, "car_lcSublane": 0.5709, "car_sigma": 0.6251, "car_tau_mean": 3.7958, "car_tau_std": 1.5837, "car_v_mean": 20.0521, "car_v_std": 10.532}, "datetime": {"datetime": "2024-09-05 12:24:48", "elapsed": 5744.417791, "delta": 7.07493}}
{"target": -0.2086361917452697, "params": {"bus_acc": 1.3949, "bus_dcc": 1.7938, "bus_lcAssertive": 83.2515, "bus_lcCooperative": 0.8319, "bus_lcLookaheadLeft": 24.435, "bus_lcPushy": 0.2434, "bus_lcSigma": 0.277, "bus_lcSpeedGainRight": 3.2032, "bus_lcSublane": 0.4545, "bus_sigma": 0.4707, "bus_tau_mean": 2.2102, "bus_tau_std": 2.7971, "bus_v_mean": 12.6195, "bus_v_std": 18.3878, "car_acc": 3.1405, "car_dcc": 2.0621, "car_lcAssertive": 11.5246, "car_lcCooperative": 0.8984, "car_lcLookaheadLeft": 44.343, "car_lcPushy": 0.1774, "car_lcSigma": 0.3244, "car_lcSpeedGainRight": 3.9266, "car_lcSublane": 0.1631, "car_sigma": 0.1632, "car_tau_mean": 1.3025, "car_tau_std": 6.0307, "car_v_mean": 18.1636, "car_v_std": 0.8746}, "datetime": {"datetime": "2024-09-05 12:24:55", "elapsed": 5751.284135, "delta": 6.866344}}
{"target": -0.19922041996783404, "params": {"bus_acc": 3.1492, "bus_dcc": 1.0472, "bus_lcAssertive": 93.0858, "bus_lcCooperative": 0.378, "bus_lcLookaheadLeft": 63.2648, "bus_lcPushy": 0.5156, "bus_lcSigma": 0.4708, "bus_lcSpeedGainRight": 0.5051, "bus_lcSublane": 0.936, "bus_sigma": 0.4487, "bus_tau_mean": 1.2789, "bus_tau_std": 5.2893, "bus_v_mean": 10.6043, "bus_v_std": 2.5428, "car_acc": 2.7796, "car_dcc": 3.3846, "car_lcAssertive": 81.4836, "car_lcCooperative": 0.122, "car_lcLookaheadLeft": 10.8076, "car_lcPushy": 0.0708, "car_lcSigma": 0.9977, "car_lcSpeedGainRight": 1.6232, "car_lcSublane": 0.8287, "car_sigma": 0.9053, "car_tau_mean": 2.0547, "car_tau_std": 7.2688, "car_v_mean": 11.3857, "car_v_std": 8.7429}, "datetime": {"datetime": "2024-09-05 12:25:13", "elapsed": 5769.425466, "delta": 18.141331}}
{"target": -0.8613718021773957, "params": {"bus_acc": 3.7151, "bus_dcc": 3.4106, "bus_lcAssertive": 37.3721, "bus_lcCooperative": 0.6085, "bus_lcLookaheadLeft": 38.6516, "bus_lcPushy": 0.3972, "bus_lcSigma": 0.5451, "bus_lcSpeedGainRight": 0.9635, "bus_lcSublane": 0.6893, "bus_sigma": 0.9768, "bus_tau_mean": 2.9156, "bus_tau_std": 1.1363, "bus_v_mean": 11.8688, "bus_v_std": 12.7649, "car_acc": 0.3957, "car_dcc": 1.1484, "car_lcAssertive": 44.9602, "car_lcCooperative": 0.3874, "car_lcLookaheadLeft": 58.7199, "car_lcPushy": 0.8615, "car_lcSigma": 0.7157, "car_lcSpeedGainRight": 0.4363, "car_lcSublane": 0.9859, "car_sigma": 0.8218, "car_tau_mean": 0.969, "car_tau_std": 6.0801, "car_v_mean": 21.9775, "car_v_std": 6.8235}, "datetime": {"datetime": "2024-09-05 12:25:27", "elapsed": 5782.740454, "delta": 13.314988}}
{"target": -0.20794422042687633, "params": {"bus_acc": 2.3087, "bus_dcc": 0.8741, "bus_lcAssertive": 64.0949, "bus_lcCooperative": 0.9419, "bus_lcLookaheadLeft": 51.6711, "bus_lcPushy": 0.0434, "bus_lcSigma": 0.3172, "bus_lcSpeedGainRight": 3.2668, "bus_lcSublane": 0.2447, "bus_sigma": 0.5803, "bus_tau_mean": 2.9062, "bus_tau_std": 8.7108, "bus_v_mean": 21.833, "bus_v_std": 7.7203, "car_acc": 2.7847, "car_dcc": 1.1434, "car_lcAssertive": 15.6883, "car_lcCooperative": 0.6847, "car_lcLookaheadLeft": 45.9631, "car_lcPushy": 0.5254, "car_lcSigma": 0.6174, "car_lcSpeedGainRight": 4.5309, "car_lcSublane": 0.5483, "car_sigma": 0.2343, "car_tau_mean": 2.3634, "car_tau_std": 8.2473, "car_v_mean": 8.9225, "car_v_std": 5.3481}, "datetime": {"datetime": "2024-09-05 12:25:34", "elapsed": 5790.025466, "delta": 7.285012}}
{"target": -0.19802860109646728, "params": {"bus_acc": 1.1538, "bus_dcc": 0.5218, "bus_lcAssertive": 15.6752, "bus_lcCooperative": 0.551, "bus_lcLookaheadLeft": 31.349, "bus_lcPushy": 0.4346, "bus_lcSigma": 0.7564, "bus_lcSpeedGainRight": 3.1171, "bus_lcSublane": 0.3676, "bus_sigma": 0.5332, "bus_tau_mean": 1.1813, "bus_tau_std": 8.7492, "bus_v_mean": 21.8808, "bus_v_std": 14.1793, "car_acc": 3.9476, "car_dcc": 1.8112, "car_lcAssertive": 40.5661, "car_lcCooperative": 0.7282, "car_lcLookaheadLeft": 67.9944, "car_lcPushy": 0.475, "car_lcSigma": 0.8777, "car_lcSpeedGainRight": 4.9359, "car_lcSublane": 0.196, "car_sigma": 0.3559, "car_tau_mean": 1.0578, "car_tau_std": 2.7341, "car_v_mean": 20.4204, "car_v_std": 4.3141}, "datetime": {"datetime": "2024-09-05 12:25:41", "elapsed": 5797.306273, "delta": 7.280807}}
{"target": -0.1756502745526749, "params": {"bus_acc": 1.5392, "bus_dcc": 3.3202, "bus_lcAssertive": 32.8633, "bus_lcCooperative": 0.3179, "bus_lcLookaheadLeft": 70.7262, "bus_lcPushy": 0.6146, "bus_lcSigma": 0.0464, "bus_lcSpeedGainRight": 1.363, "bus_lcSublane": 0.6743, "bus_sigma": 0.7622, "bus_tau_mean": 1.3732, "bus_tau_std": 1.7941, "bus_v_mean": 9.2621, "bus_v_std": 0.5143, "car_acc": 3.1692, "car_dcc": 2.0768, "car_lcAssertive": 65.2132, "car_lcCooperative": 0.3135, "car_lcLookaheadLeft": 45.8322, "car_lcPushy": 0.3197, "car_lcSigma": 0.6347, "car_lcSpeedGainRight": 3.0781, "car_lcSublane": 0.5768, "car_sigma": 0.0763, "car_tau_mean": 3.4881, "car_tau_std": 1.4054, "car_v_mean": 18.0231, "car_v_std": 2.6178}, "datetime": {"datetime": "2024-09-05 12:25:49", "elapsed": 5805.174851, "delta": 7.868578}}
{"target": -0.18502752783325352, "params": {"bus_acc": 0.5351, "bus_dcc": 3.8016, "bus_lcAssertive": 90.1065, "bus_lcCooperative": 0.948, "bus_lcLookaheadLeft": 7.4649, "bus_lcPushy": 0.6481, "bus_lcSigma": 0.8966, "bus_lcSpeedGainRight": 0.458, "bus_lcSublane": 0.5793, "bus_sigma": 0.0035, "bus_tau_mean": 3.0431, "bus_tau_std": 7.2363, "bus_v_mean": 10.1352, "bus_v_std": 11.7192, "car_acc": 3.6597, "car_dcc": 1.3112, "car_lcAssertive": 24.1407, "car_lcCooperative": 0.0303, "car_lcLookaheadLeft": 86.4961, "car_lcPushy": 0.4542, "car_lcSigma": 0.4324, "car_lcSpeedGainRight": 2.1397, "car_lcSublane": 0.784, "car_sigma": 0.9825, "car_tau_mean": 2.9073, "car_tau_std": 8.1057, "car_v_mean": 17.5011, "car_v_std": 13.7094}, "datetime": {"datetime": "2024-09-05 12:25:55", "elapsed": 5811.175354, "delta": 6.000503}}
{"target": -2.199562467825905, "params": {"bus_acc": 2.4319, "bus_dcc": 2.2534, "bus_lcAssertive": 20.8272, "bus_lcCooperative": 0.2296, "bus_lcLookaheadLeft": 42.6547, "bus_lcPushy": 0.2555, "bus_lcSigma": 0.6945, "bus_lcSpeedGainRight": 0.3209, "bus_lcSublane": 0.4399, "bus_sigma": 0.0606, "bus_tau_mean": 3.9057, "bus_tau_std": 6.0925, "bus_v_mean": 10.5984, "bus_v_std": 8.0398, "car_acc": 2.4185, "car_dcc": 2.6709, "car_lcAssertive": 58.816, "car_lcCooperative": 0.6696, "car_lcLookaheadLeft": 67.9586, "car_lcPushy": 0.2354, "car_lcSigma": 0.9899, "car_lcSpeedGainRight": 4.0491, "car_lcSublane": 0.604, "car_sigma": 0.8232, "car_tau_mean": 1.0658, "car_tau_std": 2.9923, "car_v_mean": 8.7804, "car_v_std": 6.9692}, "datetime": {"datetime": "2024-09-05 12:26:05", "elapsed": 5821.103196, "delta": 9.927842}}
{"target": -0.20724618344194345, "params": {"bus_acc": 3.833, "bus_dcc": 3.4532, "bus_lcAssertive": 5.6449, "bus_lcCooperative": 0.1973, "bus_lcLookaheadLeft": 24.4544, "bus_lcPushy": 0.0095, "bus_lcSigma": 0.9936, "bus_lcSpeedGainRight": 4.6621, "bus_lcSublane": 0.596, "bus_sigma": 0.2186, "bus_tau_mean": 1.491, "bus_tau_std": 4.6293, "bus_v_mean": 21.1513, "bus_v_std": 5.7878, "car_acc": 1.0274, "car_dcc": 1.0006, "car_lcAssertive": 95.2132, "car_lcCooperative": 0.8139, "car_lcLookaheadLeft": 5.4249, "car_lcPushy": 0.0667, "car_lcSigma": 0.2857, "car_lcSpeedGainRight": 2.2519, "car_lcSublane": 0.4311, "car_sigma": 0.0668, "car_tau_mean": 3.9293, "car_tau_std": 8.9669, "car_v_mean": 20.7026, "car_v_std": 10.8506}, "datetime": {"datetime": "2024-09-05 12:26:29", "elapsed": 5844.546152, "delta": 23.442956}}
{"target": -0.2874847215501082, "params": {"bus_acc": 0.3011, "bus_dcc": 2.9929, "bus_lcAssertive": 72.7633, "bus_lcCooperative": 0.0256, "bus_lcLookaheadLeft": 48.5884, "bus_lcPushy": 0.0076, "bus_lcSigma": 0.095, "bus_lcSpeedGainRight": 2.1491, "bus_lcSublane": 0.2167, "bus_sigma": 0.636, "bus_tau_mean": 2.0253, "bus_tau_std": 6.44, "bus_v_mean": 25.7473, "bus_v_std": 7.1859, "car_acc": 3.8908, "car_dcc": 1.663, "car_lcAssertive": 92.9305, "car_lcCooperative": 0.4986, "car_lcLookaheadLeft": 70.3136, "car_lcPushy": 0.4388, "car_lcSigma": 0.9063, "car_lcSpeedGainRight": 1.4926, "car_lcSublane": 0.9677, "car_sigma": 0.0416, "car_tau_mean": 1.1942, "car_tau_std": 4.9053, "car_v_mean": 21.4053, "car_v_std": 17.7474}, "datetime": {"datetime": "2024-09-05 12:26:34", "elapsed": 5850.374998, "delta": 5.828846}}
{"target": -0.18217354177462694, "params": {"bus_acc": 1.5283, "bus_dcc": 0.2282, "bus_lcAssertive": 94.6115, "bus_lcCooperative": 0.0232, "bus_lcLookaheadLeft": 75.7893, "bus_lcPushy": 0.6608, "bus_lcSigma": 0.7474, "bus_lcSpeedGainRight": 4.1347, "bus_lcSublane": 0.0839, "bus_sigma": 0.8234, "bus_tau_mean": 2.3795, "bus_tau_std": 5.8593, "bus_v_mean": 13.7852, "bus_v_std": 7.5781, "car_acc": 2.1591, "car_dcc": 0.2711, "car_lcAssertive": 82.2857, "car_lcCooperative": 0.8674, "car_lcLookaheadLeft": 9.0065, "car_lcPushy": 0.9214, "car_lcSigma": 0.5188, "car_lcSpeedGainRight": 1.2483, "car_lcSublane": 0.1134, "car_sigma": 0.7947, "car_tau_mean": 2.3162, "car_tau_std": 2.9254, "car_v_mean": 11.7499, "car_v_std": 17.3344}, "datetime": {"datetime": "2024-09-05 12:26:45", "elapsed": 5861.354356, "delta": 10.979358}}
{"target": -0.22089548817060844, "params": {"bus_acc": 2.7839, "bus_dcc": 0.5562, "bus_lcAssertive": 63.9018, "bus_lcCooperative": 0.5983, "bus_lcLookaheadLeft": 80.0407, "bus_lcPushy": 0.8163, "bus_lcSigma": 0.5868, "bus_lcSpeedGainRight": 2.6759, "bus_lcSublane": 0.515, "bus_sigma": 0.9461, "bus_tau_mean": 3.2972, "bus_tau_std": 7.5922, "bus_v_mean": 19.9955, "bus_v_std": 16.0281, "car_acc": 2.1731, "car_dcc": 1.4756, "car_lcAssertive": 67.9098, "car_lcCooperative": 0.4912, "car_lcLookaheadLeft": 4.296, "car_lcPushy": 0.5071, "car_lcSigma": 0.0118, "car_lcSpeedGainRight": 1.7508, "car_lcSublane": 0.0724, "car_sigma": 0.4757, "car_tau_mean": 2.2853, "car_tau_std": 4.0502, "car_v_mean": 9.0649, "car_v_std": 18.5955}, "datetime": {"datetime": "2024-09-05 12:26:56", "elapsed": 5871.68301, "delta": 10.328654}}
{"target": -0.1701356252087687, "params": {"bus_acc": 2.4801, "bus_dcc": 3.7946, "bus_lcAssertive": 25.9486, "bus_lcCooperative": 0.6287, "bus_lcLookaheadLeft": 72.913, "bus_lcPushy": 0.9558, "bus_lcSigma": 0.4066, "bus_lcSpeedGainRight": 1.1193, "bus_lcSublane": 0.4848, "bus_sigma": 0.9092, "bus_tau_mean": 0.5588, "bus_tau_std": 3.0427, "bus_v_mean": 9.1711, "bus_v_std": 0.8894, "car_acc": 2.6763, "car_dcc": 3.4062, "car_lcAssertive": 3.6136, "car_lcCooperative": 0.4635, "car_lcLookaheadLeft": 53.7114, "car_lcPushy": 0.2578, "car_lcSigma": 0.9311, "car_lcSpeedGainRight": 3.9506, "car_lcSublane": 0.6815, "car_sigma": 0.8741, "car_tau_mean": 2.1946, "car_tau_std": 9.7904, "car_v_mean": 21.1239, "car_v_std": 11.0251}, "datetime": {"datetime": "2024-09-05 12:27:04", "elapsed": 5879.675939, "delta": 7.992929}}
{"target": -0.29122562467617047, "params": {"bus_acc": 1.5408, "bus_dcc": 2.6702, "bus_lcAssertive": 25.6712, "bus_lcCooperative": 0.3533, "bus_lcLookaheadLeft": 76.6966, "bus_lcPushy": 0.413, "bus_lcSigma": 0.283, "bus_lcSpeedGainRight": 3.4538, "bus_lcSublane": 0.7629, "bus_sigma": 0.4808, "bus_tau_mean": 3.7093, "bus_tau_std": 9.0407, "bus_v_mean": 14.9051, "bus_v_std": 5.668, "car_acc": 0.2521, "car_dcc": 2.5767, "car_lcAssertive": 22.91, "car_lcCooperative": 0.8222, "car_lcLookaheadLeft": 46.7601, "car_lcPushy": 0.6764, "car_lcSigma": 0.5411, "car_lcSpeedGainRight": 0.3319, "car_lcSublane": 0.6078, "car_sigma": 0.5042, "car_tau_mean": 1.5933, "car_tau_std": 9.7874, "car_v_mean": 17.811, "car_v_std": 3.4572}, "datetime": {"datetime": "2024-09-05 12:27:19", "elapsed": 5894.536003, "delta": 14.860064}}
{"target": -0.18107030846875502, "params": {"bus_acc": 1.5843, "bus_dcc": 3.0487, "bus_lcAssertive": 81.969, "bus_lcCooperative": 0.0338, "bus_lcLookaheadLeft": 89.1422, "bus_lcPushy": 0.5688, "bus_lcSigma": 0.6869, "bus_lcSpeedGainRight": 2.162, "bus_lcSublane": 0.1469, "bus_sigma": 0.0358, "bus_tau_mean": 2.9223, "bus_tau_std": 5.2448, "bus_v_mean": 9.1686, "bus_v_std": 13.539, "car_acc": 3.4775, "car_dcc": 1.0974, "car_lcAssertive": 64.0596, "car_lcCooperative": 0.1109, "car_lcLookaheadLeft": 98.9791, "car_lcPushy": 0.4376, "car_lcSigma": 0.1756, "car_lcSpeedGainRight": 2.0599, "car_lcSublane": 0.0731, "car_sigma": 0.7232, "car_tau_mean": 0.5231, "car_tau_std": 9.6606, "car_v_mean": 17.6804, "car_v_std": 10.2244}, "datetime": {"datetime": "2024-09-05 12:27:35", "elapsed": 5910.853483, "delta": 16.31748}}
{"target": -0.2621223873739438, "params": {"bus_acc": 2.0719, "bus_dcc": 1.7101, "bus_lcAssertive": 5.9485, "bus_lcCooperative": 0.9191, "bus_lcLookaheadLeft": 31.2241, "bus_lcPushy": 0.9326, "bus_lcSigma": 0.1423, "bus_lcSpeedGainRight": 3.0035, "bus_lcSublane": 0.1975, "bus_sigma": 0.7545, "bus_tau_mean": 2.5561, "bus_tau_std": 0.9003, "bus_v_mean": 11.083, "bus_v_std": 13.8596, "car_acc": 0.6553, "car_dcc": 2.4, "car_lcAssertive": 20.5606, "car_lcCooperative": 0.4434, "car_lcLookaheadLeft": 44.5554, "car_lcPushy": 0.5644, "car_lcSigma": 0.8905, "car_lcSpeedGainRight": 0.3836, "car_lcSublane": 0.852, "car_sigma": 0.6142, "car_tau_mean": 1.4275, "car_tau_std": 7.0106, "car_v_mean": 19.81, "car_v_std": 15.6505}, "datetime": {"datetime": "2024-09-05 12:27:40", "elapsed": 5916.264037, "delta": 5.410554}}
