{"target": -0.19218560821168584, "params": {"bus_acc": 1.8487, "bus_dcc": 2.9944, "bus_lcAssertive": 52.8205, "bus_lcCooperative": 0.8607, "bus_lcLookaheadLeft": 72.6124, "bus_lcPushy": 0.4149, "bus_lcSigma": 0.0405, "bus_lcSpeedGainRight": 2.9911, "bus_lcSublane": 0.1191, "bus_sigma": 0.342, "bus_tau_mean": 1.1774, "bus_tau_std": 6.6985, "bus_v_mean": 25.3653, "bus_v_std": 16.3767, "car_acc": 0.3592, "car_dcc": 3.9693, "car_lcAssertive": 85.2216, "car_lcCooperative": 0.8292, "car_lcLookaheadLeft": 38.9346, "car_lcPushy": 0.5383, "car_lcSigma": 0.2988, "car_lcSpeedGainRight": 0.759, "car_lcSublane": 0.1896, "car_sigma": 0.548, "car_tau_mean": 2.7389, "car_tau_std": 1.6361, "car_v_mean": 18.0423, "car_v_std": 4.2739}, "datetime": {"datetime": "2024-09-05 14:44:55", "elapsed": 14150.918081, "delta": 35.62178}}
{"target": -0.22057011562407766, "params": {"bus_acc": 2.8194, "bus_dcc": 3.4819, "bus_lcAssertive": 56.3543, "bus_lcCooperative": 0.739, "bus_lcLookaheadLeft": 21.3691, "bus_lcPushy": 0.2241, "bus_lcSigma": 0.5422, "bus_lcSpeedGainRight": 3.8743, "bus_lcSublane": 0.0243, "bus_sigma": 0.0606, "bus_tau_mean": 2.8242, "bus_tau_std": 0.3543, "bus_v_mean": 11.0043, "bus_v_std": 16.3088, "car_acc": 0.6926, "car_dcc": 1.9859, "car_lcAssertive": 33.9116, "car_lcCooperative": 0.4336, "car_lcLookaheadLeft": 76.4911, "car_lcPushy": 0.5537, "car_lcSigma": 0.0429, "car_lcSpeedGainRight": 1.7897, "car_lcSublane": 0.5363, "car_sigma": 0.8785, "car_tau_mean": 3.8177, "car_tau_std": 0.5199, "car_v_mean": 11.5084, "car_v_std": 12.0756}, "datetime": {"datetime": "2024-09-05 14:45:13", "elapsed": 14169.435143, "delta": 18.517062}}
{"target": -0.5293405256805296, "params": {"bus_acc": 3.9687, "bus_dcc": 0.5049, "bus_lcAssertive": 58.2562, "bus_lcCooperative": 0.1805, "bus_lcLookaheadLeft": 80.957, "bus_lcPushy": 0.0016, "bus_lcSigma": 0.9343, "bus_lcSpeedGainRight": 1.1764, "bus_lcSublane": 0.9006, "bus_sigma": 0.9579, "bus_tau_mean": 1.1902, "bus_tau_std": 0.2526, "bus_v_mean": 14.2621, "bus_v_std": 12.4227, "car_acc": 3.8627, "car_dcc": 0.9105, "car_lcAssertive": 5.4467, "car_lcCooperative": 0.0721, "car_lcLookaheadLeft": 2.0907, "car_lcPushy": 0.2836, "car_lcSigma": 0.2688, "car_lcSpeedGainRight": 3.8002, "car_lcSublane": 0.4427, "car_sigma": 0.4191, "car_tau_mean": 2.0051, "car_tau_std": 4.5752, "car_v_mean": 17.8466, "car_v_std": 12.774}, "datetime": {"datetime": "2024-09-05 14:45:29", "elapsed": 14184.714914, "delta": 15.279771}}
{"target": -0.33777279686197725, "params": {"bus_acc": 3.4353, "bus_dcc": 1.654, "bus_lcAssertive": 82.1909, "bus_lcCooperative": 0.8792, "bus_lcLookaheadLeft": 31.7312, "bus_lcPushy": 0.5828, "bus_lcSigma": 0.1871, "bus_lcSpeedGainRight": 2.1981, "bus_lcSublane": 0.195, "bus_sigma": 0.45, "bus_tau_mean": 1.5812, "bus_tau_std": 0.1366, "bus_v_mean": 22.8795, "bus_v_std": 15.0308, "car_acc": 2.1611, "car_dcc": 0.5353, "car_lcAssertive": 20.052, "car_lcCooperative": 0.0075, "car_lcLookaheadLeft": 70.8281, "car_lcPushy": 0.1589, "car_lcSigma": 0.4885, "car_lcSpeedGainRight": 2.4841, "car_lcSublane": 0.7243, "car_sigma": 0.5982, "car_tau_mean": 2.1955, "car_tau_std": 3.6162, "car_v_mean": 21.4068, "car_v_std": 5.2692}, "datetime": {"datetime": "2024-09-05 14:45:48", "elapsed": 14203.555259, "delta": 18.840345}}
{"target": -0.19510570374650085, "params": {"bus_acc": 3.9696, "bus_dcc": 0.7464, "bus_lcAssertive": 81.7495, "bus_lcCooperative": 0.7462, "bus_lcLookaheadLeft": 29.0805, "bus_lcPushy": 0.5193, "bus_lcSigma": 0.0883, "bus_lcSpeedGainRight": 1.5267, "bus_lcSublane": 0.4821, "bus_sigma": 0.7573, "bus_tau_mean": 2.9739, "bus_tau_std": 8.3489, "bus_v_mean": 9.4627, "bus_v_std": 10.6044, "car_acc": 0.2509, "car_dcc": 0.4783, "car_lcAssertive": 93.1762, "car_lcCooperative": 0.2272, "car_lcLookaheadLeft": 51.5584, "car_lcPushy": 0.3421, "car_lcSigma": 0.4207, "car_lcSpeedGainRight": 0.6194, "car_lcSublane": 0.7525, "car_sigma": 0.9199, "car_tau_mean": 0.8611, "car_tau_std": 4.963, "car_v_mean": 16.293, "car_v_std": 12.9414}, "datetime": {"datetime": "2024-09-05 14:46:04", "elapsed": 14220.275666, "delta": 16.720407}}
{"target": -0.23477590462294642, "params": {"bus_acc": 2.705, "bus_dcc": 1.697, "bus_lcAssertive": 84.361, "bus_lcCooperative": 0.3199, "bus_lcLookaheadLeft": 68.2606, "bus_lcPushy": 0.8589, "bus_lcSigma": 0.9713, "bus_lcSpeedGainRight": 1.8397, "bus_lcSublane": 0.8266, "bus_sigma": 0.7283, "bus_tau_mean": 3.8698, "bus_tau_std": 0.8939, "bus_v_mean": 23.1839, "bus_v_std": 10.5576, "car_acc": 3.7367, "car_dcc": 0.3929, "car_lcAssertive": 72.2591, "car_lcCooperative": 0.1585, "car_lcLookaheadLeft": 80.6887, "car_lcPushy": 0.313, "car_lcSigma": 0.3787, "car_lcSpeedGainRight": 0.948, "car_lcSublane": 0.7673, "car_sigma": 0.7655, "car_tau_mean": 0.9153, "car_tau_std": 6.2388, "car_v_mean": 16.5714, "car_v_std": 17.7523}, "datetime": {"datetime": "2024-09-05 14:46:20", "elapsed": 14236.102004, "delta": 15.826338}}
{"target": -0.16042550327667135, "params": {"bus_acc": 0.9376, "bus_dcc": 3.8643, "bus_lcAssertive": 4.9179, "bus_lcCooperative": 0.4591, "bus_lcLookaheadLeft": 78.6878, "bus_lcPushy": 0.1647, "bus_lcSigma": 0.6773, "bus_lcSpeedGainRight": 3.8843, "bus_lcSublane": 0.189, "bus_sigma": 0.8437, "bus_tau_mean": 3.4494, "bus_tau_std": 4.261, "bus_v_mean": 21.3882, "bus_v_std": 13.7617, "car_acc": 0.43, "car_dcc": 0.354, "car_lcAssertive": 65.1244, "car_lcCooperative": 0.6218, "car_lcLookaheadLeft": 46.5457, "car_lcPushy": 0.028, "car_lcSigma": 0.3859, "car_lcSpeedGainRight": 1.2664, "car_lcSublane": 0.5485, "car_sigma": 0.7499, "car_tau_mean": 2.9014, "car_tau_std": 2.5546, "car_v_mean": 18.6354, "car_v_std": 10.9565}, "datetime": {"datetime": "2024-09-05 14:46:37", "elapsed": 14253.307748, "delta": 17.205744}}
{"target": -0.2003774871925471, "params": {"bus_acc": 3.8718, "bus_dcc": 1.8849, "bus_lcAssertive": 70.4111, "bus_lcCooperative": 0.0109, "bus_lcLookaheadLeft": 34.0393, "bus_lcPushy": 0.3903, "bus_lcSigma": 0.9821, "bus_lcSpeedGainRight": 0.3295, "bus_lcSublane": 0.5822, "bus_sigma": 0.44, "bus_tau_mean": 1.2376, "bus_tau_std": 5.5446, "bus_v_mean": 24.7021, "bus_v_std": 10.7916, "car_acc": 1.8459, "car_dcc": 0.9998, "car_lcAssertive": 2.1833, "car_lcCooperative": 0.3641, "car_lcLookaheadLeft": 9.8023, "car_lcPushy": 0.569, "car_lcSigma": 0.9978, "car_lcSpeedGainRight": 2.4955, "car_lcSublane": 0.6236, "car_sigma": 0.0508, "car_tau_mean": 3.0944, "car_tau_std": 1.8888, "car_v_mean": 19.7627, "car_v_std": 16.4596}, "datetime": {"datetime": "2024-09-05 14:46:56", "elapsed": 14271.780876, "delta": 18.473128}}
{"target": -1.2798466684029097, "params": {"bus_acc": 3.8941, "bus_dcc": 0.7075, "bus_lcAssertive": 62.2317, "bus_lcCooperative": 0.8419, "bus_lcLookaheadLeft": 47.7346, "bus_lcPushy": 0.0566, "bus_lcSigma": 0.0531, "bus_lcSpeedGainRight": 1.5199, "bus_lcSublane": 0.0319, "bus_sigma": 0.4004, "bus_tau_mean": 2.6929, "bus_tau_std": 5.4186, "bus_v_mean": 9.2328, "bus_v_std": 10.8356, "car_acc": 1.9456, "car_dcc": 1.1196, "car_lcAssertive": 71.8152, "car_lcCooperative": 0.1506, "car_lcLookaheadLeft": 31.3947, "car_lcPushy": 0.3434, "car_lcSigma": 0.5783, "car_lcSpeedGainRight": 1.9939, "car_lcSublane": 0.4305, "car_sigma": 0.9407, "car_tau_mean": 1.2779, "car_tau_std": 8.8277, "car_v_mean": 9.7178, "car_v_std": 6.9318}, "datetime": {"datetime": "2024-09-05 14:47:14", "elapsed": 14290.369774, "delta": 18.588898}}
{"target": -0.17993886488878488, "params": {"bus_acc": 0.7817, "bus_dcc": 1.0454, "bus_lcAssertive": 31.9443, "bus_lcCooperative": 0.9519, "bus_lcLookaheadLeft": 86.6369, "bus_lcPushy": 0.6781, "bus_lcSigma": 0.0726, "bus_lcSpeedGainRight": 1.0883, "bus_lcSublane": 0.4168, "bus_sigma": 0.4212, "bus_tau_mean": 3.6122, "bus_tau_std": 7.9651, "bus_v_mean": 21.1954, "bus_v_std": 14.3457, "car_acc": 2.4366, "car_dcc": 1.4266, "car_lcAssertive": 59.9038, "car_lcCooperative": 0.1293, "car_lcLookaheadLeft": 63.9734, "car_lcPushy": 0.3751, "car_lcSigma": 0.2595, "car_lcSpeedGainRight": 3.5267, "car_lcSublane": 0.0343, "car_sigma": 0.9101, "car_tau_mean": 2.3684, "car_tau_std": 4.9745, "car_v_mean": 25.1559, "car_v_std": 8.5235}, "datetime": {"datetime": "2024-09-05 14:47:34", "elapsed": 14310.177442, "delta": 19.807668}}
{"target": -0.19880275811824485, "params": {"bus_acc": 3.9331, "bus_dcc": 0.6782, "bus_lcAssertive": 25.286, "bus_lcCooperative": 0.5257, "bus_lcLookaheadLeft": 94.5755, "bus_lcPushy": 0.398, "bus_lcSigma": 0.8205, "bus_lcSpeedGainRight": 0.9196, "bus_lcSublane": 0.3269, "bus_sigma": 0.2793, "bus_tau_mean": 3.7388, "bus_tau_std": 7.1393, "bus_v_mean": 25.93, "bus_v_std": 4.074, "car_acc": 1.874, "car_dcc": 3.2948, "car_lcAssertive": 65.5982, "car_lcCooperative": 0.6922, "car_lcLookaheadLeft": 89.8883, "car_lcPushy": 0.5714, "car_lcSigma": 0.9416, "car_lcSpeedGainRight": 1.9496, "car_lcSublane": 0.5314, "car_sigma": 0.8068, "car_tau_mean": 0.7366, "car_tau_std": 7.4897, "car_v_mean": 18.3222, "car_v_std": 3.3183}, "datetime": {"datetime": "2024-09-05 14:48:12", "elapsed": 14348.429938, "delta": 38.252496}}
{"target": -0.20688509195689073, "params": {"bus_acc": 2.4136, "bus_dcc": 3.2793, "bus_lcAssertive": 64.2232, "bus_lcCooperative": 0.2064, "bus_lcLookaheadLeft": 47.0616, "bus_lcPushy": 0.0152, "bus_lcSigma": 0.0814, "bus_lcSpeedGainRight": 0.6529, "bus_lcSublane": 0.142, "bus_sigma": 0.7577, "bus_tau_mean": 2.7667, "bus_tau_std": 4.1911, "bus_v_mean": 16.0334, "bus_v_std": 16.4893, "car_acc": 3.9707, "car_dcc": 1.1225, "car_lcAssertive": 43.2389, "car_lcCooperative": 0.4152, "car_lcLookaheadLeft": 75.8169, "car_lcPushy": 0.3171, "car_lcSigma": 0.8947, "car_lcSpeedGainRight": 0.1601, "car_lcSublane": 0.8547, "car_sigma": 0.7512, "car_tau_mean": 3.7208, "car_tau_std": 8.295, "car_v_mean": 15.6539, "car_v_std": 10.9242}, "datetime": {"datetime": "2024-09-05 14:48:47", "elapsed": 14382.653161, "delta": 34.223223}}
{"target": -0.18195857552821562, "params": {"bus_acc": 2.6415, "bus_dcc": 2.7837, "bus_lcAssertive": 58.4626, "bus_lcCooperative": 0.4163, "bus_lcLookaheadLeft": 61.9054, "bus_lcPushy": 0.8544, "bus_lcSigma": 0.2144, "bus_lcSpeedGainRight": 0.8433, "bus_lcSublane": 0.4647, "bus_sigma": 0.6856, "bus_tau_mean": 1.7371, "bus_tau_std": 7.15, "bus_v_mean": 24.8837, "bus_v_std": 17.0855, "car_acc": 1.7699, "car_dcc": 3.5119, "car_lcAssertive": 92.9616, "car_lcCooperative": 0.8552, "car_lcLookaheadLeft": 35.7686, "car_lcPushy": 0.9396, "car_lcSigma": 0.9897, "car_lcSpeedGainRight": 0.2245, "car_lcSublane": 0.9778, "car_sigma": 0.6499, "car_tau_mean": 1.7274, "car_tau_std": 9.2879, "car_v_mean": 24.0842, "car_v_std": 10.6778}, "datetime": {"datetime": "2024-09-05 14:49:02", "elapsed": 14397.900364, "delta": 15.247203}}
{"target": -0.8036347263131883, "params": {"bus_acc": 0.4842, "bus_dcc": 0.4715, "bus_lcAssertive": 5.9982, "bus_lcCooperative": 0.3264, "bus_lcLookaheadLeft": 83.809, "bus_lcPushy": 0.0575, "bus_lcSigma": 0.2466, "bus_lcSpeedGainRight": 0.708, "bus_lcSublane": 0.5552, "bus_sigma": 0.3782, "bus_tau_mean": 3.4833, "bus_tau_std": 8.8745, "bus_v_mean": 20.3383, "bus_v_std": 4.5251, "car_acc": 0.8817, "car_dcc": 3.1071, "car_lcAssertive": 25.3935, "car_lcCooperative": 0.5455, "car_lcLookaheadLeft": 40.7405, "car_lcPushy": 0.5349, "car_lcSigma": 0.571, "car_lcSpeedGainRight": 1.0925, "car_lcSublane": 0.9662, "car_sigma": 0.4507, "car_tau_mean": 3.4473, "car_tau_std": 4.485, "car_v_mean": 11.5332, "car_v_std": 3.7819}, "datetime": {"datetime": "2024-09-05 14:49:47", "elapsed": 14442.940309, "delta": 45.039945}}
{"target": -0.17911343861809667, "params": {"bus_acc": 2.3018, "bus_dcc": 0.5113, "bus_lcAssertive": 55.449, "bus_lcCooperative": 0.9805, "bus_lcLookaheadLeft": 92.2696, "bus_lcPushy": 0.6952, "bus_lcSigma": 0.6275, "bus_lcSpeedGainRight": 3.2495, "bus_lcSublane": 0.899, "bus_sigma": 0.2182, "bus_tau_mean": 2.9317, "bus_tau_std": 0.9474, "bus_v_mean": 21.03, "bus_v_std": 19.468, "car_acc": 3.0117, "car_dcc": 1.9345, "car_lcAssertive": 83.2204, "car_lcCooperative": 0.9423, "car_lcLookaheadLeft": 95.9784, "car_lcPushy": 0.391, "car_lcSigma": 0.3666, "car_lcSpeedGainRight": 3.7817, "car_lcSublane": 0.2492, "car_sigma": 0.7494, "car_tau_mean": 2.8749, "car_tau_std": 8.3585, "car_v_mean": 11.274, "car_v_std": 1.6488}, "datetime": {"datetime": "2024-09-05 14:50:10", "elapsed": 14466.283416, "delta": 23.343107}}
{"target": -0.18509444328640412, "params": {"bus_acc": 1.8239, "bus_dcc": 3.1354, "bus_lcAssertive": 55.2934, "bus_lcCooperative": 0.7666, "bus_lcLookaheadLeft": 48.4641, "bus_lcPushy": 0.5158, "bus_lcSigma": 0.3774, "bus_lcSpeedGainRight": 4.3817, "bus_lcSublane": 0.8473, "bus_sigma": 0.2482, "bus_tau_mean": 3.3231, "bus_tau_std": 5.2341, "bus_v_mean": 21.688, "bus_v_std": 17.5338, "car_acc": 3.3172, "car_dcc": 1.8793, "car_lcAssertive": 67.6079, "car_lcCooperative": 0.9845, "car_lcLookaheadLeft": 28.8591, "car_lcPushy": 0.6806, "car_lcSigma": 0.3885, "car_lcSpeedGainRight": 1.754, "car_lcSublane": 0.0882, "car_sigma": 0.6657, "car_tau_mean": 1.5454, "car_tau_std": 2.9263, "car_v_mean": 15.8898, "car_v_std": 11.3256}, "datetime": {"datetime": "2024-09-05 14:50:28", "elapsed": 14483.857253, "delta": 17.573837}}
{"target": -0.21026219140962502, "params": {"bus_acc": 1.7321, "bus_dcc": 1.1684, "bus_lcAssertive": 4.636, "bus_lcCooperative": 0.2419, "bus_lcLookaheadLeft": 17.8215, "bus_lcPushy": 0.3315, "bus_lcSigma": 0.955, "bus_lcSpeedGainRight": 1.7053, "bus_lcSublane": 0.1319, "bus_sigma": 0.9414, "bus_tau_mean": 0.808, "bus_tau_std": 1.4731, "bus_v_mean": 20.7488, "bus_v_std": 9.4307, "car_acc": 1.555, "car_dcc": 3.5298, "car_lcAssertive": 48.3676, "car_lcCooperative": 0.6725, "car_lcLookaheadLeft": 9.1771, "car_lcPushy": 0.3674, "car_lcSigma": 0.9434, "car_lcSpeedGainRight": 0.1437, "car_lcSublane": 0.1758, "car_sigma": 0.277, "car_tau_mean": 1.1064, "car_tau_std": 5.9806, "car_v_mean": 15.3445, "car_v_std": 19.2052}, "datetime": {"datetime": "2024-09-05 14:50:45", "elapsed": 14501.113536, "delta": 17.256283}}
{"target": -0.17439645103252724, "params": {"bus_acc": 2.6322, "bus_dcc": 2.3712, "bus_lcAssertive": 88.9104, "bus_lcCooperative": 0.0047, "bus_lcLookaheadLeft": 19.1585, "bus_lcPushy": 0.5605, "bus_lcSigma": 0.1984, "bus_lcSpeedGainRight": 1.6275, "bus_lcSublane": 0.6223, "bus_sigma": 0.4348, "bus_tau_mean": 3.527, "bus_tau_std": 5.182, "bus_v_mean": 13.187, "bus_v_std": 3.322, "car_acc": 0.8361, "car_dcc": 0.878, "car_lcAssertive": 22.3225, "car_lcCooperative": 0.9709, "car_lcLookaheadLeft": 50.0005, "car_lcPushy": 0.4615, "car_lcSigma": 0.946, "car_lcSpeedGainRight": 4.6343, "car_lcSublane": 0.1991, "car_sigma": 0.2513, "car_tau_mean": 1.2764, "car_tau_std": 5.3704, "car_v_mean": 23.1565, "car_v_std": 5.9453}, "datetime": {"datetime": "2024-09-05 14:51:08", "elapsed": 14524.101812, "delta": 22.988276}}
{"target": -0.17416247813292565, "params": {"bus_acc": 2.1971, "bus_dcc": 2.678, "bus_lcAssertive": 34.7064, "bus_lcCooperative": 0.9575, "bus_lcLookaheadLeft": 28.7361, "bus_lcPushy": 0.6085, "bus_lcSigma": 0.1937, "bus_lcSpeedGainRight": 4.8329, "bus_lcSublane": 0.9911, "bus_sigma": 0.9894, "bus_tau_mean": 3.5692, "bus_tau_std": 8.3587, "bus_v_mean": 18.413, "bus_v_std": 12.2096, "car_acc": 3.2194, "car_dcc": 1.8184, "car_lcAssertive": 50.7786, "car_lcCooperative": 0.4925, "car_lcLookaheadLeft": 61.247, "car_lcPushy": 0.2028, "car_lcSigma": 0.5667, "car_lcSpeedGainRight": 4.6091, "car_lcSublane": 0.2817, "car_sigma": 0.0427, "car_tau_mean": 3.7229, "car_tau_std": 5.9198, "car_v_mean": 19.2239, "car_v_std": 15.1943}, "datetime": {"datetime": "2024-09-05 14:51:25", "elapsed": 14541.004799, "delta": 16.902987}}
{"target": -0.22509695794770268, "params": {"bus_acc": 1.5442, "bus_dcc": 0.8183, "bus_lcAssertive": 10.3499, "bus_lcCooperative": 0.644, "bus_lcLookaheadLeft": 41.7402, "bus_lcPushy": 0.534, "bus_lcSigma": 0.4061, "bus_lcSpeedGainRight": 1.5525, "bus_lcSublane": 0.731, "bus_sigma": 0.1312, "bus_tau_mean": 1.04, "bus_tau_std": 3.3773, "bus_v_mean": 13.2535, "bus_v_std": 16.1462, "car_acc": 1.4583, "car_dcc": 3.8643, "car_lcAssertive": 21.3891, "car_lcCooperative": 0.0065, "car_lcLookaheadLeft": 38.3948, "car_lcPushy": 0.7332, "car_lcSigma": 0.9413, "car_lcSpeedGainRight": 0.2482, "car_lcSublane": 0.7172, "car_sigma": 0.1832, "car_tau_mean": 3.5308, "car_tau_std": 3.5232, "car_v_mean": 8.6514, "car_v_std": 2.791}, "datetime": {"datetime": "2024-09-05 14:51:42", "elapsed": 14557.842654, "delta": 16.837855}}
{"target": -0.189628263699495, "params": {"bus_acc": 1.2054, "bus_dcc": 1.9459, "bus_lcAssertive": 84.0593, "bus_lcCooperative": 0.3044, "bus_lcLookaheadLeft": 6.9689, "bus_lcPushy": 0.1077, "bus_lcSigma": 0.9463, "bus_lcSpeedGainRight": 1.6978, "bus_lcSublane": 0.6234, "bus_sigma": 0.3018, "bus_tau_mean": 3.2067, "bus_tau_std": 0.2714, "bus_v_mean": 17.2726, "bus_v_std": 1.649, "car_acc": 2.0977, "car_dcc": 1.708, "car_lcAssertive": 67.917, "car_lcCooperative": 0.6504, "car_lcLookaheadLeft": 46.4563, "car_lcPushy": 0.0771, "car_lcSigma": 0.3541, "car_lcSpeedGainRight": 0.4083, "car_lcSublane": 0.6964, "car_sigma": 0.2801, "car_tau_mean": 2.8965, "car_tau_std": 4.367, "car_v_mean": 20.8606, "car_v_std": 19.5952}, "datetime": {"datetime": "2024-09-05 14:52:00", "elapsed": 14575.515666, "delta": 17.673012}}
{"target": -0.1726311246364867, "params": {"bus_acc": 0.3401, "bus_dcc": 1.0306, "bus_lcAssertive": 36.5316, "bus_lcCooperative": 0.9905, "bus_lcLookaheadLeft": 61.5577, "bus_lcPushy": 0.4969, "bus_lcSigma": 0.4027, "bus_lcSpeedGainRight": 3.8807, "bus_lcSublane": 0.7373, "bus_sigma": 0.033, "bus_tau_mean": 0.6762, "bus_tau_std": 4.5938, "bus_v_mean": 16.9149, "bus_v_std": 15.2771, "car_acc": 0.2176, "car_dcc": 3.3908, "car_lcAssertive": 66.5808, "car_lcCooperative": 0.9099, "car_lcLookaheadLeft": 83.103, "car_lcPushy": 0.2287, "car_lcSigma": 0.5941, "car_lcSpeedGainRight": 4.5107, "car_lcSublane": 0.1229, "car_sigma": 0.0048, "car_tau_mean": 1.841, "car_tau_std": 1.4501, "car_v_mean": 16.7176, "car_v_std": 6.3461}, "datetime": {"datetime": "2024-09-05 14:52:15", "elapsed": 14590.843368, "delta": 15.327702}}
{"target": -0.1984524117546235, "params": {"bus_acc": 2.3138, "bus_dcc": 3.7777, "bus_lcAssertive": 71.114, "bus_lcCooperative": 0.4476, "bus_lcLookaheadLeft": 44.8929, "bus_lcPushy": 0.9111, "bus_lcSigma": 0.1999, "bus_lcSpeedGainRight": 4.6374, "bus_lcSublane": 0.2319, "bus_sigma": 0.5162, "bus_tau_mean": 2.324, "bus_tau_std": 2.4704, "bus_v_mean": 23.7421, "bus_v_std": 4.0408, "car_acc": 2.1636, "car_dcc": 1.2421, "car_lcAssertive": 78.601, "car_lcCooperative": 0.3468, "car_lcLookaheadLeft": 35.1517, "car_lcPushy": 0.1124, "car_lcSigma": 0.0104, "car_lcSpeedGainRight": 0.4012, "car_lcSublane": 0.5664, "car_sigma": 0.6805, "car_tau_mean": 2.4004, "car_tau_std": 5.6782, "car_v_mean": 14.393, "car_v_std": 2.2662}, "datetime": {"datetime": "2024-09-05 14:52:34", "elapsed": 14609.722299, "delta": 18.878931}}
{"target": -0.15849929644294938, "params": {"bus_acc": 0.6808, "bus_dcc": 0.2674, "bus_lcAssertive": 84.7267, "bus_lcCooperative": 0.9693, "bus_lcLookaheadLeft": 67.6253, "bus_lcPushy": 0.3318, "bus_lcSigma": 0.4264, "bus_lcSpeedGainRight": 4.404, "bus_lcSublane": 0.9405, "bus_sigma": 0.2392, "bus_tau_mean": 1.7999, "bus_tau_std": 8.0815, "bus_v_mean": 8.2969, "bus_v_std": 14.3296, "car_acc": 3.7363, "car_dcc": 2.1607, "car_lcAssertive": 80.1675, "car_lcCooperative": 0.4577, "car_lcLookaheadLeft": 22.7861, "car_lcPushy": 0.547, "car_lcSigma": 0.2395, "car_lcSpeedGainRight": 1.0702, "car_lcSublane": 0.4523, "car_sigma": 0.2241, "car_tau_mean": 2.9167, "car_tau_std": 3.8842, "car_v_mean": 22.0105, "car_v_std": 19.674}, "datetime": {"datetime": "2024-09-05 14:53:12", "elapsed": 14648.224133, "delta": 38.501834}}
{"target": -0.17180118281793985, "params": {"bus_acc": 3.7641, "bus_dcc": 3.1294, "bus_lcAssertive": 19.7312, "bus_lcCooperative": 0.1572, "bus_lcLookaheadLeft": 57.263, "bus_lcPushy": 0.876, "bus_lcSigma": 0.8217, "bus_lcSpeedGainRight": 2.8738, "bus_lcSublane": 0.3992, "bus_sigma": 0.1481, "bus_tau_mean": 2.5302, "bus_tau_std": 8.9255, "bus_v_mean": 24.7307, "bus_v_std": 12.465, "car_acc": 2.462, "car_dcc": 2.805, "car_lcAssertive": 85.1476, "car_lcCooperative": 0.0825, "car_lcLookaheadLeft": 55.069, "car_lcPushy": 0.7917, "car_lcSigma": 0.5712, "car_lcSpeedGainRight": 0.426, "car_lcSublane": 0.0906, "car_sigma": 0.6346, "car_tau_mean": 2.9211, "car_tau_std": 1.314, "car_v_mean": 16.1515, "car_v_std": 4.5075}, "datetime": {"datetime": "2024-09-05 14:53:33", "elapsed": 14668.505421, "delta": 20.281288}}
{"target": -0.1828068517262136, "params": {"bus_acc": 0.7766, "bus_dcc": 1.9181, "bus_lcAssertive": 99.2172, "bus_lcCooperative": 0.4707, "bus_lcLookaheadLeft": 78.1422, "bus_lcPushy": 0.3526, "bus_lcSigma": 0.7189, "bus_lcSpeedGainRight": 4.8076, "bus_lcSublane": 0.7317, "bus_sigma": 0.1727, "bus_tau_mean": 2.8285, "bus_tau_std": 7.5311, "bus_v_mean": 8.9252, "bus_v_std": 19.9089, "car_acc": 3.7542, "car_dcc": 2.9021, "car_lcAssertive": 86.7729, "car_lcCooperative": 0.9897, "car_lcLookaheadLeft": 46.1556, "car_lcPushy": 0.0244, "car_lcSigma": 0.436, "car_lcSpeedGainRight": 3.7107, "car_lcSublane": 0.9781, "car_sigma": 0.0773, "car_tau_mean": 1.0028, "car_tau_std": 5.0661, "car_v_mean": 22.5134, "car_v_std": 19.7814}, "datetime": {"datetime": "2024-09-05 14:54:18", "elapsed": 14714.058141, "delta": 45.55272}}
