{"target": -0.40357210514965897, "params": {"bus_acc": 1.5214, "bus_dcc": 3.7957, "bus_lcAssertive": 55.1198, "bus_lcCooperative": 0.0565, "bus_lcLookaheadLeft": 69.3509, "bus_lcPushy": 0.6408, "bus_lcSigma": 0.6163, "bus_lcSpeedGainRight": 4.7146, "bus_lcSublane": 0.4963, "bus_sigma": 0.996, "bus_tau_mean": 2.7482, "bus_tau_std": 1.8048, "bus_v_mean": 16.3321, "bus_v_std": 15.4114, "car_acc": 3.2348, "car_dcc": 3.2945, "car_lcAssertive": 44.3032, "car_lcCooperative": 0.994, "car_lcLookaheadLeft": 5.2946, "car_lcPushy": 0.2635, "car_lcSigma": 0.5632, "car_lcSpeedGainRight": 0.1101, "car_lcSublane": 0.6784, "car_sigma": 0.8728, "car_tau_mean": 1.526, "car_tau_std": 1.7149, "car_v_mean": 25.4006, "car_v_std": 3.9437}, "datetime": {"datetime": "2024-08-11 18:07:59", "elapsed": 1549.864203, "delta": 5.314837}}
{"target": -0.44525690402817686, "params": {"bus_acc": 3.4117, "bus_dcc": 0.9868, "bus_lcAssertive": 83.8829, "bus_lcCooperative": 0.5664, "bus_lcLookaheadLeft": 44.7726, "bus_lcPushy": 0.608, "bus_lcSigma": 0.8846, "bus_lcSpeedGainRight": 1.2806, "bus_lcSublane": 0.4188, "bus_sigma": 0.5465, "bus_tau_mean": 3.1583, "bus_tau_std": 5.0751, "bus_v_mean": 25.2479, "bus_v_std": 9.7495, "car_acc": 3.6892, "car_dcc": 1.3846, "car_lcAssertive": 87.7841, "car_lcCooperative": 0.0809, "car_lcLookaheadLeft": 15.6897, "car_lcPushy": 0.0961, "car_lcSigma": 0.063, "car_lcSpeedGainRight": 3.9804, "car_lcSublane": 0.0809, "car_sigma": 0.9752, "car_tau_mean": 0.7383, "car_tau_std": 1.2288, "car_v_mean": 22.6064, "car_v_std": 3.7829}, "datetime": {"datetime": "2024-08-11 18:08:04", "elapsed": 1554.790853, "delta": 4.92665}}
{"target": -0.8177375866106038, "params": {"bus_acc": 3.3251, "bus_dcc": 0.4826, "bus_lcAssertive": 12.7646, "bus_lcCooperative": 0.9771, "bus_lcLookaheadLeft": 30.8006, "bus_lcPushy": 0.4658, "bus_lcSigma": 0.3253, "bus_lcSpeedGainRight": 0.1709, "bus_lcSublane": 0.6154, "bus_sigma": 0.7814, "bus_tau_mean": 1.6794, "bus_tau_std": 0.4112, "bus_v_mean": 22.0726, "bus_v_std": 1.9223, "car_acc": 0.9468, "car_dcc": 0.4173, "car_lcAssertive": 97.4514, "car_lcCooperative": 0.2763, "car_lcLookaheadLeft": 98.4721, "car_lcPushy": 0.8581, "car_lcSigma": 0.8388, "car_lcSpeedGainRight": 1.5974, "car_lcSublane": 0.6314, "car_sigma": 0.7554, "car_tau_mean": 0.8684, "car_tau_std": 9.0394, "car_v_mean": 14.522, "car_v_std": 2.1705}, "datetime": {"datetime": "2024-08-11 18:08:08", "elapsed": 1559.129752, "delta": 4.338899}}
{"target": -0.23770013908168167, "params": {"bus_acc": 0.3293, "bus_dcc": 2.9491, "bus_lcAssertive": 2.6562, "bus_lcCooperative": 0.5728, "bus_lcLookaheadLeft": 72.7008, "bus_lcPushy": 0.2933, "bus_lcSigma": 0.4078, "bus_lcSpeedGainRight": 4.0182, "bus_lcSublane": 0.6742, "bus_sigma": 0.0133, "bus_tau_mean": 2.2486, "bus_tau_std": 3.8321, "bus_v_mean": 24.7409, "bus_v_std": 9.257, "car_acc": 0.4814, "car_dcc": 2.265, "car_lcAssertive": 47.526, "car_lcCooperative": 0.3608, "car_lcLookaheadLeft": 9.7486, "car_lcPushy": 0.7915, "car_lcSigma": 0.4979, "car_lcSpeedGainRight": 1.1227, "car_lcSublane": 0.4958, "car_sigma": 0.8235, "car_tau_mean": 2.8737, "car_tau_std": 2.215, "car_v_mean": 18.1291, "car_v_std": 3.8574}, "datetime": {"datetime": "2024-08-11 18:08:10", "elapsed": 1561.567845, "delta": 2.438093}}
{"target": -0.5677642136233044, "params": {"bus_acc": 2.0071, "bus_dcc": 1.9346, "bus_lcAssertive": 76.378, "bus_lcCooperative": 0.072, "bus_lcLookaheadLeft": 12.9973, "bus_lcPushy": 0.2128, "bus_lcSigma": 0.6922, "bus_lcSpeedGainRight": 1.7697, "bus_lcSublane": 0.3671, "bus_sigma": 0.5352, "bus_tau_mean": 1.7283, "bus_tau_std": 0.6536, "bus_v_mean": 22.1158, "bus_v_std": 5.691, "car_acc": 2.3242, "car_dcc": 0.4908, "car_lcAssertive": 26.9661, "car_lcCooperative": 0.4924, "car_lcLookaheadLeft": 55.6241, "car_lcPushy": 0.4543, "car_lcSigma": 0.8627, "car_lcSpeedGainRight": 2.4066, "car_lcSublane": 0.0966, "car_sigma": 0.2995, "car_tau_mean": 0.8459, "car_tau_std": 4.4769, "car_v_mean": 12.4932, "car_v_std": 13.6273}, "datetime": {"datetime": "2024-08-11 18:08:13", "elapsed": 1564.620724, "delta": 3.052879}}
{"target": -0.42019188073247654, "params": {"bus_acc": 1.7722, "bus_dcc": 3.9623, "bus_lcAssertive": 8.845, "bus_lcCooperative": 0.0184, "bus_lcLookaheadLeft": 33.5656, "bus_lcPushy": 0.4295, "bus_lcSigma": 0.5446, "bus_lcSpeedGainRight": 4.686, "bus_lcSublane": 0.8616, "bus_sigma": 0.8494, "bus_tau_mean": 1.9276, "bus_tau_std": 8.696, "bus_v_mean": 16.1564, "bus_v_std": 1.4117, "car_acc": 0.9439, "car_dcc": 1.3391, "car_lcAssertive": 81.0039, "car_lcCooperative": 0.7604, "car_lcLookaheadLeft": 54.1943, "car_lcPushy": 0.5943, "car_lcSigma": 0.119, "car_lcSpeedGainRight": 0.4606, "car_lcSublane": 0.9052, "car_sigma": 0.4446, "car_tau_mean": 3.8778, "car_tau_std": 9.3177, "car_v_mean": 16.9519, "car_v_std": 14.9173}, "datetime": {"datetime": "2024-08-11 18:08:18", "elapsed": 1568.966487, "delta": 4.345763}}
{"target": -0.3516036887400335, "params": {"bus_acc": 1.391, "bus_dcc": 1.3649, "bus_lcAssertive": 50.7791, "bus_lcCooperative": 0.2285, "bus_lcLookaheadLeft": 72.7441, "bus_lcPushy": 0.2262, "bus_lcSigma": 0.7669, "bus_lcSpeedGainRight": 0.6226, "bus_lcSublane": 0.1404, "bus_sigma": 0.7112, "bus_tau_mean": 2.0328, "bus_tau_std": 4.1781, "bus_v_mean": 20.5012, "bus_v_std": 0.8314, "car_acc": 1.1554, "car_dcc": 2.1184, "car_lcAssertive": 83.1227, "car_lcCooperative": 0.1716, "car_lcLookaheadLeft": 41.9715, "car_lcPushy": 0.1636, "car_lcSigma": 0.1839, "car_lcSpeedGainRight": 3.3468, "car_lcSublane": 0.4713, "car_sigma": 0.7718, "car_tau_mean": 1.7123, "car_tau_std": 8.0577, "car_v_mean": 9.8721, "car_v_std": 18.9136}, "datetime": {"datetime": "2024-08-11 18:08:21", "elapsed": 1572.060406, "delta": 3.093919}}
{"target": -0.37442353028923225, "params": {"bus_acc": 2.275, "bus_dcc": 3.6062, "bus_lcAssertive": 73.0848, "bus_lcCooperative": 0.1311, "bus_lcLookaheadLeft": 44.0165, "bus_lcPushy": 0.1794, "bus_lcSigma": 0.393, "bus_lcSpeedGainRight": 4.1788, "bus_lcSublane": 0.2696, "bus_sigma": 0.4996, "bus_tau_mean": 3.963, "bus_tau_std": 9.8693, "bus_v_mean": 18.3357, "bus_v_std": 18.1704, "car_acc": 1.9641, "car_dcc": 2.7784, "car_lcAssertive": 34.2396, "car_lcCooperative": 0.9002, "car_lcLookaheadLeft": 6.4364, "car_lcPushy": 0.3403, "car_lcSigma": 0.366, "car_lcSpeedGainRight": 3.4518, "car_lcSublane": 0.8892, "car_sigma": 0.3425, "car_tau_mean": 1.7864, "car_tau_std": 5.4599, "car_v_mean": 14.0764, "car_v_std": 4.1294}, "datetime": {"datetime": "2024-08-11 18:08:24", "elapsed": 1574.870844, "delta": 2.810438}}
{"target": -0.30948473774199153, "params": {"bus_acc": 0.2001, "bus_dcc": 0.5779, "bus_lcAssertive": 58.2406, "bus_lcCooperative": 0.2387, "bus_lcLookaheadLeft": 34.7844, "bus_lcPushy": 0.836, "bus_lcSigma": 0.7146, "bus_lcSpeedGainRight": 3.5535, "bus_lcSublane": 0.7218, "bus_sigma": 0.8495, "bus_tau_mean": 3.4453, "bus_tau_std": 5.8904, "bus_v_mean": 12.4684, "bus_v_std": 2.4635, "car_acc": 1.3284, "car_dcc": 2.1879, "car_lcAssertive": 18.1481, "car_lcCooperative": 0.0617, "car_lcLookaheadLeft": 88.0527, "car_lcPushy": 0.7789, "car_lcSigma": 0.6322, "car_lcSpeedGainRight": 0.907, "car_lcSublane": 0.317, "car_sigma": 0.9251, "car_tau_mean": 1.5354, "car_tau_std": 4.9501, "car_v_mean": 19.7389, "car_v_std": 0.4085}, "datetime": {"datetime": "2024-08-11 18:08:27", "elapsed": 1577.842808, "delta": 2.971964}}
{"target": -0.42040531602410813, "params": {"bus_acc": 3.8355, "bus_dcc": 1.8688, "bus_lcAssertive": 59.9265, "bus_lcCooperative": 0.8774, "bus_lcLookaheadLeft": 76.9219, "bus_lcPushy": 0.8009, "bus_lcSigma": 0.0457, "bus_lcSpeedGainRight": 1.7781, "bus_lcSublane": 0.2047, "bus_sigma": 0.0854, "bus_tau_mean": 3.707, "bus_tau_std": 6.7379, "bus_v_mean": 17.8139, "bus_v_std": 0.6139, "car_acc": 3.8592, "car_dcc": 3.2179, "car_lcAssertive": 31.6479, "car_lcCooperative": 0.7961, "car_lcLookaheadLeft": 4.6383, "car_lcPushy": 0.7862, "car_lcSigma": 0.1116, "car_lcSpeedGainRight": 2.4551, "car_lcSublane": 0.9262, "car_sigma": 0.3717, "car_tau_mean": 2.9105, "car_tau_std": 2.0637, "car_v_mean": 8.7248, "car_v_std": 17.6689}, "datetime": {"datetime": "2024-08-11 18:08:30", "elapsed": 1581.379645, "delta": 3.536837}}
{"target": -0.3496507872034713, "params": {"bus_acc": 2.9924, "bus_dcc": 1.5261, "bus_lcAssertive": 76.2864, "bus_lcCooperative": 0.2303, "bus_lcLookaheadLeft": 35.1424, "bus_lcPushy": 0.7514, "bus_lcSigma": 0.7091, "bus_lcSpeedGainRight": 0.5559, "bus_lcSublane": 0.2253, "bus_sigma": 0.788, "bus_tau_mean": 2.2582, "bus_tau_std": 9.1014, "bus_v_mean": 21.7204, "bus_v_std": 17.9543, "car_acc": 2.4923, "car_dcc": 3.6936, "car_lcAssertive": 66.3934, "car_lcCooperative": 0.1856, "car_lcLookaheadLeft": 31.7445, "car_lcPushy": 0.135, "car_lcSigma": 0.2993, "car_lcSpeedGainRight": 1.0473, "car_lcSublane": 0.7893, "car_sigma": 0.3858, "car_tau_mean": 3.8575, "car_tau_std": 5.667, "car_v_mean": 18.0762, "car_v_std": 1.7633}, "datetime": {"datetime": "2024-08-11 18:08:33", "elapsed": 1583.941838, "delta": 2.562193}}
{"target": -0.3329729571661982, "params": {"bus_acc": 0.4904, "bus_dcc": 1.5676, "bus_lcAssertive": 27.4215, "bus_lcCooperative": 0.7406, "bus_lcLookaheadLeft": 67.1137, "bus_lcPushy": 0.0911, "bus_lcSigma": 0.9709, "bus_lcSpeedGainRight": 2.4247, "bus_lcSublane": 0.7341, "bus_sigma": 0.2697, "bus_tau_mean": 1.9024, "bus_tau_std": 1.6303, "bus_v_mean": 14.6808, "bus_v_std": 1.1549, "car_acc": 2.9583, "car_dcc": 1.4844, "car_lcAssertive": 59.9614, "car_lcCooperative": 0.4007, "car_lcLookaheadLeft": 17.961, "car_lcPushy": 0.6798, "car_lcSigma": 0.6688, "car_lcSpeedGainRight": 3.6858, "car_lcSublane": 0.2012, "car_sigma": 0.0699, "car_tau_mean": 2.2439, "car_tau_std": 1.2741, "car_v_mean": 18.3417, "car_v_std": 5.9173}, "datetime": {"datetime": "2024-08-11 18:08:36", "elapsed": 1587.36657, "delta": 3.424732}}
{"target": -0.37045367991963496, "params": {"bus_acc": 3.7678, "bus_dcc": 2.9848, "bus_lcAssertive": 28.0702, "bus_lcCooperative": 0.8468, "bus_lcLookaheadLeft": 98.0023, "bus_lcPushy": 0.7536, "bus_lcSigma": 0.4845, "bus_lcSpeedGainRight": 2.1082, "bus_lcSublane": 0.9879, "bus_sigma": 0.1811, "bus_tau_mean": 2.2042, "bus_tau_std": 1.4863, "bus_v_mean": 11.9999, "bus_v_std": 0.8096, "car_acc": 1.5885, "car_dcc": 3.2143, "car_lcAssertive": 43.9307, "car_lcCooperative": 0.0574, "car_lcLookaheadLeft": 33.4382, "car_lcPushy": 0.0548, "car_lcSigma": 0.04, "car_lcSpeedGainRight": 2.6363, "car_lcSublane": 0.4452, "car_sigma": 0.5678, "car_tau_mean": 1.0141, "car_tau_std": 7.8689, "car_v_mean": 21.3033, "car_v_std": 7.5352}, "datetime": {"datetime": "2024-08-11 18:08:40", "elapsed": 1591.355423, "delta": 3.988853}}
{"target": -0.3554198010045629, "params": {"bus_acc": 0.5639, "bus_dcc": 1.8538, "bus_lcAssertive": 22.316, "bus_lcCooperative": 0.1531, "bus_lcLookaheadLeft": 54.3104, "bus_lcPushy": 0.816, "bus_lcSigma": 0.2659, "bus_lcSpeedGainRight": 3.3694, "bus_lcSublane": 0.9784, "bus_sigma": 0.6143, "bus_tau_mean": 2.0433, "bus_tau_std": 8.8212, "bus_v_mean": 13.2949, "bus_v_std": 1.4223, "car_acc": 1.6634, "car_dcc": 0.6078, "car_lcAssertive": 89.1782, "car_lcCooperative": 0.7709, "car_lcLookaheadLeft": 17.4591, "car_lcPushy": 0.9887, "car_lcSigma": 0.7819, "car_lcSpeedGainRight": 1.9492, "car_lcSublane": 0.4847, "car_sigma": 0.217, "car_tau_mean": 2.623, "car_tau_std": 2.6833, "car_v_mean": 20.8442, "car_v_std": 8.4986}, "datetime": {"datetime": "2024-08-11 18:08:44", "elapsed": 1595.149692, "delta": 3.794269}}
{"target": -0.2201086532062689, "params": {"bus_acc": 0.3724, "bus_dcc": 0.8433, "bus_lcAssertive": 19.9754, "bus_lcCooperative": 0.7122, "bus_lcLookaheadLeft": 68.3384, "bus_lcPushy": 0.2776, "bus_lcSigma": 0.6739, "bus_lcSpeedGainRight": 4.5744, "bus_lcSublane": 0.8655, "bus_sigma": 0.3441, "bus_tau_mean": 2.8163, "bus_tau_std": 4.1273, "bus_v_mean": 20.5465, "bus_v_std": 7.2256, "car_acc": 0.3001, "car_dcc": 2.1769, "car_lcAssertive": 13.8025, "car_lcCooperative": 0.7829, "car_lcLookaheadLeft": 47.1479, "car_lcPushy": 0.1527, "car_lcSigma": 0.2903, "car_lcSpeedGainRight": 4.0337, "car_lcSublane": 0.608, "car_sigma": 0.3069, "car_tau_mean": 3.3525, "car_tau_std": 1.2849, "car_v_mean": 20.4436, "car_v_std": 3.0678}, "datetime": {"datetime": "2024-08-11 18:08:46", "elapsed": 1597.562272, "delta": 2.41258}}
{"target": -0.39370065752310285, "params": {"bus_acc": 1.2123, "bus_dcc": 0.8469, "bus_lcAssertive": 59.6815, "bus_lcCooperative": 0.713, "bus_lcLookaheadLeft": 87.6797, "bus_lcPushy": 0.8034, "bus_lcSigma": 0.8633, "bus_lcSpeedGainRight": 4.9626, "bus_lcSublane": 0.2019, "bus_sigma": 0.3527, "bus_tau_mean": 2.2889, "bus_tau_std": 5.8642, "bus_v_mean": 15.76, "bus_v_std": 5.8435, "car_acc": 0.3834, "car_dcc": 2.9789, "car_lcAssertive": 84.8453, "car_lcCooperative": 0.4387, "car_lcLookaheadLeft": 57.7783, "car_lcPushy": 0.8604, "car_lcSigma": 0.1056, "car_lcSpeedGainRight": 3.8155, "car_lcSublane": 0.0536, "car_sigma": 0.9969, "car_tau_mean": 3.4279, "car_tau_std": 1.3532, "car_v_mean": 12.9999, "car_v_std": 15.1642}, "datetime": {"datetime": "2024-08-11 18:08:50", "elapsed": 1600.753991, "delta": 3.191719}}
{"target": -0.3881743996341008, "params": {"bus_acc": 3.3458, "bus_dcc": 1.9128, "bus_lcAssertive": 9.8453, "bus_lcCooperative": 0.1762, "bus_lcLookaheadLeft": 88.9501, "bus_lcPushy": 0.9976, "bus_lcSigma": 0.8644, "bus_lcSpeedGainRight": 1.8751, "bus_lcSublane": 0.4265, "bus_sigma": 0.3647, "bus_tau_mean": 2.2821, "bus_tau_std": 4.2733, "bus_v_mean": 9.5893, "bus_v_std": 8.6556, "car_acc": 3.1768, "car_dcc": 1.3881, "car_lcAssertive": 39.9215, "car_lcCooperative": 0.0366, "car_lcLookaheadLeft": 65.5907, "car_lcPushy": 0.4481, "car_lcSigma": 0.8928, "car_lcSpeedGainRight": 1.998, "car_lcSublane": 0.0546, "car_sigma": 0.5984, "car_tau_mean": 2.3505, "car_tau_std": 4.8755, "car_v_mean": 9.0626, "car_v_std": 18.5626}, "datetime": {"datetime": "2024-08-11 18:08:53", "elapsed": 1603.64126, "delta": 2.887269}}
{"target": -0.3573547909230948, "params": {"bus_acc": 3.44, "bus_dcc": 0.6565, "bus_lcAssertive": 33.0602, "bus_lcCooperative": 0.9367, "bus_lcLookaheadLeft": 32.3253, "bus_lcPushy": 0.007, "bus_lcSigma": 0.1097, "bus_lcSpeedGainRight": 1.5269, "bus_lcSublane": 0.4031, "bus_sigma": 0.4414, "bus_tau_mean": 3.9352, "bus_tau_std": 8.4679, "bus_v_mean": 17.8031, "bus_v_std": 19.3968, "car_acc": 0.4732, "car_dcc": 3.76, "car_lcAssertive": 17.0046, "car_lcCooperative": 0.9212, "car_lcLookaheadLeft": 40.8455, "car_lcPushy": 0.6113, "car_lcSigma": 0.6373, "car_lcSpeedGainRight": 3.3361, "car_lcSublane": 0.2979, "car_sigma": 0.5003, "car_tau_mean": 3.8575, "car_tau_std": 1.0074, "car_v_mean": 16.3351, "car_v_std": 12.6158}, "datetime": {"datetime": "2024-08-11 18:08:57", "elapsed": 1607.765669, "delta": 4.124409}}
{"target": -0.2872720062941852, "params": {"bus_acc": 0.3284, "bus_dcc": 1.806, "bus_lcAssertive": 57.5725, "bus_lcCooperative": 0.4968, "bus_lcLookaheadLeft": 52.0632, "bus_lcPushy": 0.5929, "bus_lcSigma": 0.7138, "bus_lcSpeedGainRight": 2.0359, "bus_lcSublane": 0.3751, "bus_sigma": 0.39, "bus_tau_mean": 3.6168, "bus_tau_std": 7.3431, "bus_v_mean": 21.9552, "bus_v_std": 3.0945, "car_acc": 1.2469, "car_dcc": 2.651, "car_lcAssertive": 49.5729, "car_lcCooperative": 0.2232, "car_lcLookaheadLeft": 28.6914, "car_lcPushy": 0.7658, "car_lcSigma": 0.1732, "car_lcSpeedGainRight": 2.0383, "car_lcSublane": 0.3873, "car_sigma": 0.1492, "car_tau_mean": 3.2896, "car_tau_std": 8.365, "car_v_mean": 24.5271, "car_v_std": 6.2473}, "datetime": {"datetime": "2024-08-11 18:09:02", "elapsed": 1612.928954, "delta": 5.163285}}
{"target": -0.587698404061931, "params": {"bus_acc": 2.6628, "bus_dcc": 0.8478, "bus_lcAssertive": 9.8732, "bus_lcCooperative": 0.6098, "bus_lcLookaheadLeft": 47.4017, "bus_lcPushy": 0.6, "bus_lcSigma": 0.488, "bus_lcSpeedGainRight": 4.6435, "bus_lcSublane": 0.8417, "bus_sigma": 0.4998, "bus_tau_mean": 1.7918, "bus_tau_std": 9.1821, "bus_v_mean": 14.1843, "bus_v_std": 9.1343, "car_acc": 2.6178, "car_dcc": 3.2463, "car_lcAssertive": 87.7612, "car_lcCooperative": 0.2008, "car_lcLookaheadLeft": 25.7743, "car_lcPushy": 0.552, "car_lcSigma": 0.7669, "car_lcSpeedGainRight": 0.056, "car_lcSublane": 0.6825, "car_sigma": 0.3361, "car_tau_mean": 1.8544, "car_tau_std": 9.7177, "car_v_mean": 16.7581, "car_v_std": 18.5741}, "datetime": {"datetime": "2024-08-11 18:09:06", "elapsed": 1617.421198, "delta": 4.492244}}
{"target": -0.4252561016288563, "params": {"bus_acc": 2.6756, "bus_dcc": 2.0955, "bus_lcAssertive": 37.8334, "bus_lcCooperative": 0.4111, "bus_lcLookaheadLeft": 81.0691, "bus_lcPushy": 0.0938, "bus_lcSigma": 0.8525, "bus_lcSpeedGainRight": 2.6654, "bus_lcSublane": 0.5803, "bus_sigma": 0.185, "bus_tau_mean": 1.6164, "bus_tau_std": 0.7806, "bus_v_mean": 22.8101, "bus_v_std": 3.9826, "car_acc": 2.1728, "car_dcc": 1.6905, "car_lcAssertive": 49.0945, "car_lcCooperative": 0.3315, "car_lcLookaheadLeft": 3.8209, "car_lcPushy": 0.1488, "car_lcSigma": 0.0744, "car_lcSpeedGainRight": 0.8452, "car_lcSublane": 0.0743, "car_sigma": 0.3429, "car_tau_mean": 1.5024, "car_tau_std": 4.6475, "car_v_mean": 20.8983, "car_v_std": 7.8698}, "datetime": {"datetime": "2024-08-11 18:09:09", "elapsed": 1620.517886, "delta": 3.096688}}
{"target": -0.4308973465194595, "params": {"bus_acc": 2.8066, "bus_dcc": 0.5806, "bus_lcAssertive": 64.9676, "bus_lcCooperative": 0.6213, "bus_lcLookaheadLeft": 88.6044, "bus_lcPushy": 0.4205, "bus_lcSigma": 0.8298, "bus_lcSpeedGainRight": 3.7597, "bus_lcSublane": 0.1383, "bus_sigma": 0.0963, "bus_tau_mean": 3.6833, "bus_tau_std": 6.5879, "bus_v_mean": 10.1638, "bus_v_std": 0.3217, "car_acc": 0.8179, "car_dcc": 3.7704, "car_lcAssertive": 96.1385, "car_lcCooperative": 0.3435, "car_lcLookaheadLeft": 30.9986, "car_lcPushy": 0.102, "car_lcSigma": 0.1698, "car_lcSpeedGainRight": 2.6788, "car_lcSublane": 0.6584, "car_sigma": 0.0135, "car_tau_mean": 1.7632, "car_tau_std": 9.4801, "car_v_mean": 14.0976, "car_v_std": 14.2929}, "datetime": {"datetime": "2024-08-11 18:09:14", "elapsed": 1624.685092, "delta": 4.167206}}
{"target": -0.514013102245515, "params": {"bus_acc": 3.1043, "bus_dcc": 1.0257, "bus_lcAssertive": 79.3626, "bus_lcCooperative": 0.3591, "bus_lcLookaheadLeft": 83.682, "bus_lcPushy": 0.3111, "bus_lcSigma": 0.9102, "bus_lcSpeedGainRight": 2.0541, "bus_lcSublane": 0.2189, "bus_sigma": 0.2448, "bus_tau_mean": 1.5322, "bus_tau_std": 8.3483, "bus_v_mean": 16.3204, "bus_v_std": 2.8748, "car_acc": 3.4936, "car_dcc": 1.144, "car_lcAssertive": 94.6503, "car_lcCooperative": 0.0011, "car_lcLookaheadLeft": 13.4687, "car_lcPushy": 0.15, "car_lcSigma": 0.6721, "car_lcSpeedGainRight": 4.6268, "car_lcSublane": 0.0581, "car_sigma": 0.6464, "car_tau_mean": 2.1872, "car_tau_std": 2.6969, "car_v_mean": 12.6252, "car_v_std": 6.5783}, "datetime": {"datetime": "2024-08-11 18:09:20", "elapsed": 1630.963627, "delta": 6.278535}}
{"target": -0.5636346060012064, "params": {"bus_acc": 0.5678, "bus_dcc": 0.2931, "bus_lcAssertive": 11.1299, "bus_lcCooperative": 0.65, "bus_lcLookaheadLeft": 82.3518, "bus_lcPushy": 0.6622, "bus_lcSigma": 0.0567, "bus_lcSpeedGainRight": 4.7015, "bus_lcSublane": 0.7103, "bus_sigma": 0.9073, "bus_tau_mean": 3.1438, "bus_tau_std": 4.9723, "bus_v_mean": 11.1568, "bus_v_std": 13.7066, "car_acc": 3.3186, "car_dcc": 0.8346, "car_lcAssertive": 76.5019, "car_lcCooperative": 0.1933, "car_lcLookaheadLeft": 5.8375, "car_lcPushy": 0.4411, "car_lcSigma": 0.672, "car_lcSpeedGainRight": 1.6872, "car_lcSublane": 0.7549, "car_sigma": 0.327, "car_tau_mean": 3.0192, "car_tau_std": 6.415, "car_v_mean": 13.1928, "car_v_std": 14.3994}, "datetime": {"datetime": "2024-08-11 18:09:24", "elapsed": 1634.71628, "delta": 3.752653}}
{"target": -0.45552965281119717, "params": {"bus_acc": 0.7841, "bus_dcc": 2.3106, "bus_lcAssertive": 53.6627, "bus_lcCooperative": 0.9012, "bus_lcLookaheadLeft": 62.0268, "bus_lcPushy": 0.3016, "bus_lcSigma": 0.3485, "bus_lcSpeedGainRight": 3.8313, "bus_lcSublane": 0.0087, "bus_sigma": 0.5872, "bus_tau_mean": 3.8355, "bus_tau_std": 3.8917, "bus_v_mean": 14.237, "bus_v_std": 8.6441, "car_acc": 2.3541, "car_dcc": 0.4554, "car_lcAssertive": 19.5656, "car_lcCooperative": 0.1872, "car_lcLookaheadLeft": 50.9043, "car_lcPushy": 0.7651, "car_lcSigma": 0.8758, "car_lcSpeedGainRight": 3.4835, "car_lcSublane": 0.788, "car_sigma": 0.1658, "car_tau_mean": 0.5259, "car_tau_std": 6.4505, "car_v_mean": 14.819, "car_v_std": 2.4724}, "datetime": {"datetime": "2024-08-11 18:09:27", "elapsed": 1637.838092, "delta": 3.121812}}
{"target": -0.2920477164480897, "params": {"bus_acc": 0.359, "bus_dcc": 3.0921, "bus_lcAssertive": 41.8195, "bus_lcCooperative": 0.3203, "bus_lcLookaheadLeft": 13.1464, "bus_lcPushy": 0.5685, "bus_lcSigma": 0.8361, "bus_lcSpeedGainRight": 0.0818, "bus_lcSublane": 0.1098, "bus_sigma": 0.6043, "bus_tau_mean": 3.5536, "bus_tau_std": 4.3369, "bus_v_mean": 10.6664, "bus_v_std": 14.6269, "car_acc": 2.654, "car_dcc": 3.4052, "car_lcAssertive": 90.0237, "car_lcCooperative": 0.425, "car_lcLookaheadLeft": 61.1038, "car_lcPushy": 0.6687, "car_lcSigma": 0.4483, "car_lcSpeedGainRight": 2.4612, "car_lcSublane": 0.4783, "car_sigma": 0.3841, "car_tau_mean": 1.081, "car_tau_std": 4.6864, "car_v_mean": 13.4823, "car_v_std": 14.4993}, "datetime": {"datetime": "2024-08-11 18:09:29", "elapsed": 1640.109118, "delta": 2.271026}}
