{"target": -0.34872003859300255, "params": {"bus_acc": 1.5408, "bus_dcc": 2.6702, "bus_lcAssertive": 25.6712, "bus_lcCooperative": 0.3533, "bus_lcLookaheadLeft": 76.6966, "bus_lcPushy": 0.413, "bus_lcSigma": 0.283, "bus_lcSpeedGainRight": 3.4538, "bus_lcSublane": 0.7629, "bus_sigma": 0.4808, "bus_tau_mean": 3.7093, "bus_tau_std": 9.0407, "bus_v_mean": 14.9051, "bus_v_std": 5.668, "car_acc": 0.2521, "car_dcc": 2.5767, "car_lcAssertive": 22.91, "car_lcCooperative": 0.8222, "car_lcLookaheadLeft": 46.7601, "car_lcPushy": 0.6764, "car_lcSigma": 0.5411, "car_lcSpeedGainRight": 0.3319, "car_lcSublane": 0.6078, "car_sigma": 0.5042, "car_tau_mean": 1.5933, "car_tau_std": 9.7874, "car_v_mean": 17.811, "car_v_std": 3.4572}, "datetime": {"datetime": "2024-08-11 18:23:02", "elapsed": 2453.248841, "delta": 2.798985}}
{"target": -0.25224299410587714, "params": {"bus_acc": 0.3011, "bus_dcc": 2.9929, "bus_lcAssertive": 72.7633, "bus_lcCooperative": 0.0256, "bus_lcLookaheadLeft": 48.5884, "bus_lcPushy": 0.0076, "bus_lcSigma": 0.095, "bus_lcSpeedGainRight": 2.1491, "bus_lcSublane": 0.2167, "bus_sigma": 0.636, "bus_tau_mean": 2.0253, "bus_tau_std": 6.44, "bus_v_mean": 25.7473, "bus_v_std": 7.1859, "car_acc": 3.8908, "car_dcc": 1.663, "car_lcAssertive": 92.9305, "car_lcCooperative": 0.4986, "car_lcLookaheadLeft": 70.3136, "car_lcPushy": 0.4388, "car_lcSigma": 0.9063, "car_lcSpeedGainRight": 1.4926, "car_lcSublane": 0.9677, "car_sigma": 0.0416, "car_tau_mean": 1.1942, "car_tau_std": 4.9053, "car_v_mean": 21.4053, "car_v_std": 17.7474}, "datetime": {"datetime": "2024-08-11 18:23:07", "elapsed": 2457.961734, "delta": 4.712893}}
{"target": -0.6681347755679165, "params": {"bus_acc": 1.5283, "bus_dcc": 0.2282, "bus_lcAssertive": 94.6115, "bus_lcCooperative": 0.0232, "bus_lcLookaheadLeft": 75.7893, "bus_lcPushy": 0.6608, "bus_lcSigma": 0.7474, "bus_lcSpeedGainRight": 4.1347, "bus_lcSublane": 0.0839, "bus_sigma": 0.8234, "bus_tau_mean": 2.3795, "bus_tau_std": 5.8593, "bus_v_mean": 13.7852, "bus_v_std": 7.5781, "car_acc": 2.1591, "car_dcc": 0.2711, "car_lcAssertive": 82.2857, "car_lcCooperative": 0.8674, "car_lcLookaheadLeft": 9.0065, "car_lcPushy": 0.9214, "car_lcSigma": 0.5188, "car_lcSpeedGainRight": 1.2483, "car_lcSublane": 0.1134, "car_sigma": 0.7947, "car_tau_mean": 2.3162, "car_tau_std": 2.9254, "car_v_mean": 11.7499, "car_v_std": 17.3344}, "datetime": {"datetime": "2024-08-11 18:23:11", "elapsed": 2461.847941, "delta": 3.886207}}
{"target": -0.49325190873624586, "params": {"bus_acc": 2.7839, "bus_dcc": 0.5562, "bus_lcAssertive": 63.9018, "bus_lcCooperative": 0.5983, "bus_lcLookaheadLeft": 80.0407, "bus_lcPushy": 0.8163, "bus_lcSigma": 0.5868, "bus_lcSpeedGainRight": 2.6759, "bus_lcSublane": 0.515, "bus_sigma": 0.9461, "bus_tau_mean": 3.2972, "bus_tau_std": 7.5922, "bus_v_mean": 19.9955, "bus_v_std": 16.0281, "car_acc": 2.1731, "car_dcc": 1.4756, "car_lcAssertive": 67.9098, "car_lcCooperative": 0.4912, "car_lcLookaheadLeft": 4.296, "car_lcPushy": 0.5071, "car_lcSigma": 0.0118, "car_lcSpeedGainRight": 1.7508, "car_lcSublane": 0.0724, "car_sigma": 0.4757, "car_tau_mean": 2.2853, "car_tau_std": 4.0502, "car_v_mean": 9.0649, "car_v_std": 18.5955}, "datetime": {"datetime": "2024-08-11 18:23:16", "elapsed": 2466.828033, "delta": 4.980092}}
{"target": -0.47503160027919017, "params": {"bus_acc": 2.4801, "bus_dcc": 3.7946, "bus_lcAssertive": 25.9486, "bus_lcCooperative": 0.6287, "bus_lcLookaheadLeft": 72.913, "bus_lcPushy": 0.9558, "bus_lcSigma": 0.4066, "bus_lcSpeedGainRight": 1.1193, "bus_lcSublane": 0.4848, "bus_sigma": 0.9092, "bus_tau_mean": 0.5588, "bus_tau_std": 3.0427, "bus_v_mean": 9.1711, "bus_v_std": 0.8894, "car_acc": 2.6763, "car_dcc": 3.4062, "car_lcAssertive": 3.6136, "car_lcCooperative": 0.4635, "car_lcLookaheadLeft": 53.7114, "car_lcPushy": 0.2578, "car_lcSigma": 0.9311, "car_lcSpeedGainRight": 3.9506, "car_lcSublane": 0.6815, "car_sigma": 0.8741, "car_tau_mean": 2.1946, "car_tau_std": 9.7904, "car_v_mean": 21.1239, "car_v_std": 11.0251}, "datetime": {"datetime": "2024-08-11 18:23:19", "elapsed": 2470.18373, "delta": 3.355697}}
{"target": -0.3760253555015253, "params": {"bus_acc": 2.0719, "bus_dcc": 1.7101, "bus_lcAssertive": 5.9485, "bus_lcCooperative": 0.9191, "bus_lcLookaheadLeft": 31.2241, "bus_lcPushy": 0.9326, "bus_lcSigma": 0.1423, "bus_lcSpeedGainRight": 3.0035, "bus_lcSublane": 0.1975, "bus_sigma": 0.7545, "bus_tau_mean": 2.5561, "bus_tau_std": 0.9003, "bus_v_mean": 11.083, "bus_v_std": 13.8596, "car_acc": 0.6553, "car_dcc": 2.4, "car_lcAssertive": 20.5606, "car_lcCooperative": 0.4434, "car_lcLookaheadLeft": 44.5554, "car_lcPushy": 0.5644, "car_lcSigma": 0.8905, "car_lcSpeedGainRight": 0.3836, "car_lcSublane": 0.852, "car_sigma": 0.6142, "car_tau_mean": 1.4275, "car_tau_std": 7.0106, "car_v_mean": 19.81, "car_v_std": 15.6505}, "datetime": {"datetime": "2024-08-11 18:23:23", "elapsed": 2474.533708, "delta": 4.349978}}
{"target": -0.46961633693564925, "params": {"bus_acc": 1.5843, "bus_dcc": 3.0487, "bus_lcAssertive": 81.969, "bus_lcCooperative": 0.0338, "bus_lcLookaheadLeft": 89.1422, "bus_lcPushy": 0.5688, "bus_lcSigma": 0.6869, "bus_lcSpeedGainRight": 2.162, "bus_lcSublane": 0.1469, "bus_sigma": 0.0358, "bus_tau_mean": 2.9223, "bus_tau_std": 5.2448, "bus_v_mean": 9.1686, "bus_v_std": 13.539, "car_acc": 3.4775, "car_dcc": 1.0974, "car_lcAssertive": 64.0596, "car_lcCooperative": 0.1109, "car_lcLookaheadLeft": 98.9791, "car_lcPushy": 0.4376, "car_lcSigma": 0.1756, "car_lcSpeedGainRight": 2.0599, "car_lcSublane": 0.0731, "car_sigma": 0.7232, "car_tau_mean": 0.5231, "car_tau_std": 9.6606, "car_v_mean": 17.6804, "car_v_std": 10.2244}, "datetime": {"datetime": "2024-08-11 18:23:28", "elapsed": 2478.672941, "delta": 4.139233}}
{"target": -0.5788298388969064, "params": {"bus_acc": 2.9292, "bus_dcc": 2.4891, "bus_lcAssertive": 59.3835, "bus_lcCooperative": 0.3572, "bus_lcLookaheadLeft": 42.628, "bus_lcPushy": 0.7101, "bus_lcSigma": 0.4621, "bus_lcSpeedGainRight": 4.8859, "bus_lcSublane": 0.1127, "bus_sigma": 0.897, "bus_tau_mean": 1.7927, "bus_tau_std": 6.2928, "bus_v_mean": 9.3209, "bus_v_std": 7.1707, "car_acc": 3.8276, "car_dcc": 0.6017, "car_lcAssertive": 91.3096, "car_lcCooperative": 0.0022, "car_lcLookaheadLeft": 50.6904, "car_lcPushy": 0.6799, "car_lcSigma": 0.9997, "car_lcSpeedGainRight": 2.2688, "car_lcSublane": 0.4639, "car_sigma": 0.6306, "car_tau_mean": 3.3443, "car_tau_std": 0.0373, "car_v_mean": 19.8262, "car_v_std": 19.9106}, "datetime": {"datetime": "2024-08-11 18:23:31", "elapsed": 2481.980157, "delta": 3.307216}}
{"target": -0.42076382936241713, "params": {"bus_acc": 0.7016, "bus_dcc": 3.6922, "bus_lcAssertive": 56.7116, "bus_lcCooperative": 0.4654, "bus_lcLookaheadLeft": 14.7975, "bus_lcPushy": 0.5982, "bus_lcSigma": 0.0344, "bus_lcSpeedGainRight": 1.6603, "bus_lcSublane": 0.601, "bus_sigma": 0.1427, "bus_tau_mean": 2.5177, "bus_tau_std": 3.6646, "bus_v_mean": 17.953, "bus_v_std": 12.4581, "car_acc": 1.4572, "car_dcc": 2.799, "car_lcAssertive": 33.0908, "car_lcCooperative": 0.9359, "car_lcLookaheadLeft": 77.1414, "car_lcPushy": 0.1453, "car_lcSigma": 0.2057, "car_lcSpeedGainRight": 0.3249, "car_lcSublane": 0.9137, "car_sigma": 0.1284, "car_tau_mean": 1.5535, "car_tau_std": 4.9349, "car_v_mean": 10.0148, "car_v_std": 3.0568}, "datetime": {"datetime": "2024-08-11 18:23:34", "elapsed": 2485.194532, "delta": 3.214375}}
{"target": -0.442556126524055, "params": {"bus_acc": 2.4276, "bus_dcc": 0.7125, "bus_lcAssertive": 45.4645, "bus_lcCooperative": 0.7882, "bus_lcLookaheadLeft": 98.2638, "bus_lcPushy": 0.5776, "bus_lcSigma": 0.3982, "bus_lcSpeedGainRight": 0.3151, "bus_lcSublane": 0.7939, "bus_sigma": 0.6412, "bus_tau_mean": 0.8979, "bus_tau_std": 0.1384, "bus_v_mean": 15.5857, "bus_v_std": 0.3173, "car_acc": 1.323, "car_dcc": 0.8562, "car_lcAssertive": 86.0526, "car_lcCooperative": 0.6951, "car_lcLookaheadLeft": 27.9007, "car_lcPushy": 0.7901, "car_lcSigma": 0.6561, "car_lcSpeedGainRight": 3.4449, "car_lcSublane": 0.7711, "car_sigma": 0.0184, "car_tau_mean": 2.0556, "car_tau_std": 9.743, "car_v_mean": 12.5603, "car_v_std": 8.3788}, "datetime": {"datetime": "2024-08-11 18:23:37", "elapsed": 2487.943129, "delta": 2.748597}}
{"target": -0.3559870219326328, "params": {"bus_acc": 3.3701, "bus_dcc": 2.2413, "bus_lcAssertive": 50.063, "bus_lcCooperative": 0.1313, "bus_lcLookaheadLeft": 39.0399, "bus_lcPushy": 0.571, "bus_lcSigma": 0.8906, "bus_lcSpeedGainRight": 0.7696, "bus_lcSublane": 0.5608, "bus_sigma": 0.8236, "bus_tau_mean": 1.177, "bus_tau_std": 7.5686, "bus_v_mean": 23.6871, "bus_v_std": 2.434, "car_acc": 3.6201, "car_dcc": 2.5456, "car_lcAssertive": 59.1767, "car_lcCooperative": 0.5503, "car_lcLookaheadLeft": 64.2246, "car_lcPushy": 0.8228, "car_lcSigma": 0.4192, "car_lcSpeedGainRight": 2.0749, "car_lcSublane": 0.4745, "car_sigma": 0.5879, "car_tau_mean": 3.7506, "car_tau_std": 9.0427, "car_v_mean": 22.4558, "car_v_std": 8.0038}, "datetime": {"datetime": "2024-08-11 18:23:40", "elapsed": 2490.921205, "delta": 2.978076}}
{"target": -0.31736224791715145, "params": {"bus_acc": 3.4414, "bus_dcc": 2.9947, "bus_lcAssertive": 62.7942, "bus_lcCooperative": 0.874, "bus_lcLookaheadLeft": 20.7596, "bus_lcPushy": 0.9658, "bus_lcSigma": 0.8078, "bus_lcSpeedGainRight": 4.0049, "bus_lcSublane": 0.4665, "bus_sigma": 0.9942, "bus_tau_mean": 3.973, "bus_tau_std": 8.9851, "bus_v_mean": 21.6161, "bus_v_std": 18.0734, "car_acc": 2.6212, "car_dcc": 2.161, "car_lcAssertive": 98.0141, "car_lcCooperative": 0.9711, "car_lcLookaheadLeft": 8.5497, "car_lcPushy": 0.3005, "car_lcSigma": 0.6184, "car_lcSpeedGainRight": 4.2356, "car_lcSublane": 0.6358, "car_sigma": 0.6021, "car_tau_mean": 1.3386, "car_tau_std": 7.4782, "car_v_mean": 22.2777, "car_v_std": 10.8344}, "datetime": {"datetime": "2024-08-11 18:23:44", "elapsed": 2494.7452, "delta": 3.823995}}
{"target": -0.4041513323889898, "params": {"bus_acc": 2.6249, "bus_dcc": 2.1133, "bus_lcAssertive": 42.2308, "bus_lcCooperative": 0.6759, "bus_lcLookaheadLeft": 12.5673, "bus_lcPushy": 0.8383, "bus_lcSigma": 0.3666, "bus_lcSpeedGainRight": 3.7036, "bus_lcSublane": 0.8584, "bus_sigma": 0.2434, "bus_tau_mean": 1.1348, "bus_tau_std": 8.5512, "bus_v_mean": 24.654, "bus_v_std": 10.5331, "car_acc": 3.5546, "car_dcc": 1.1345, "car_lcAssertive": 73.9909, "car_lcCooperative": 0.3139, "car_lcLookaheadLeft": 98.2744, "car_lcPushy": 0.4737, "car_lcSigma": 0.4163, "car_lcSpeedGainRight": 4.8604, "car_lcSublane": 0.677, "car_sigma": 0.2316, "car_tau_mean": 1.0479, "car_tau_std": 4.6638, "car_v_mean": 12.1864, "car_v_std": 14.4788}, "datetime": {"datetime": "2024-08-11 18:23:48", "elapsed": 2498.818193, "delta": 4.072993}}
{"target": -0.47987907610127056, "params": {"bus_acc": 0.4584, "bus_dcc": 0.7512, "bus_lcAssertive": 39.6317, "bus_lcCooperative": 0.3005, "bus_lcLookaheadLeft": 97.1334, "bus_lcPushy": 0.4685, "bus_lcSigma": 0.2061, "bus_lcSpeedGainRight": 0.5604, "bus_lcSublane": 0.1404, "bus_sigma": 0.7632, "bus_tau_mean": 0.9824, "bus_tau_std": 6.3826, "bus_v_mean": 12.6355, "bus_v_std": 8.008, "car_acc": 0.7088, "car_dcc": 0.8576, "car_lcAssertive": 71.2807, "car_lcCooperative": 0.0429, "car_lcLookaheadLeft": 61.3766, "car_lcPushy": 0.2781, "car_lcSigma": 0.1653, "car_lcSpeedGainRight": 4.6998, "car_lcSublane": 0.0653, "car_sigma": 0.1491, "car_tau_mean": 1.5058, "car_tau_std": 0.0627, "car_v_mean": 17.9276, "car_v_std": 7.6929}, "datetime": {"datetime": "2024-08-11 18:23:51", "elapsed": 2501.761885, "delta": 2.943692}}
{"target": -0.3676800989408666, "params": {"bus_acc": 1.3341, "bus_dcc": 1.5662, "bus_lcAssertive": 69.3582, "bus_lcCooperative": 0.9642, "bus_lcLookaheadLeft": 71.5232, "bus_lcPushy": 0.4838, "bus_lcSigma": 0.4171, "bus_lcSpeedGainRight": 1.1881, "bus_lcSublane": 0.8199, "bus_sigma": 0.8433, "bus_tau_mean": 3.0984, "bus_tau_std": 3.5989, "bus_v_mean": 12.3235, "bus_v_std": 6.1919, "car_acc": 1.829, "car_dcc": 0.8751, "car_lcAssertive": 13.6417, "car_lcCooperative": 0.5704, "car_lcLookaheadLeft": 84.2434, "car_lcPushy": 0.5755, "car_lcSigma": 0.4394, "car_lcSpeedGainRight": 3.1426, "car_lcSublane": 0.3488, "car_sigma": 0.5073, "car_tau_mean": 2.0471, "car_tau_std": 6.8891, "car_v_mean": 15.9185, "car_v_std": 4.7198}, "datetime": {"datetime": "2024-08-11 18:23:55", "elapsed": 2506.172994, "delta": 4.411109}}
{"target": -0.371328088756298, "params": {"bus_acc": 0.6327, "bus_dcc": 3.6919, "bus_lcAssertive": 29.5073, "bus_lcCooperative": 0.8701, "bus_lcLookaheadLeft": 87.9567, "bus_lcPushy": 0.816, "bus_lcSigma": 0.3328, "bus_lcSpeedGainRight": 3.9392, "bus_lcSublane": 0.231, "bus_sigma": 0.9056, "bus_tau_mean": 2.9952, "bus_tau_std": 4.6937, "bus_v_mean": 12.8815, "bus_v_std": 10.7284, "car_acc": 2.8295, "car_dcc": 1.8294, "car_lcAssertive": 88.2472, "car_lcCooperative": 0.191, "car_lcLookaheadLeft": 13.3852, "car_lcPushy": 0.4349, "car_lcSigma": 0.1348, "car_lcSpeedGainRight": 0.569, "car_lcSublane": 0.6616, "car_sigma": 0.4203, "car_tau_mean": 3.1277, "car_tau_std": 2.8687, "car_v_mean": 14.3903, "car_v_std": 0.1269}, "datetime": {"datetime": "2024-08-11 18:23:58", "elapsed": 2509.361742, "delta": 3.188748}}
{"target": -0.33592858913188933, "params": {"bus_acc": 3.4131, "bus_dcc": 1.9614, "bus_lcAssertive": 73.8808, "bus_lcCooperative": 0.8384, "bus_lcLookaheadLeft": 73.9345, "bus_lcPushy": 0.3311, "bus_lcSigma": 0.8189, "bus_lcSpeedGainRight": 3.8383, "bus_lcSublane": 0.3975, "bus_sigma": 0.2945, "bus_tau_mean": 0.5526, "bus_tau_std": 4.2577, "bus_v_mean": 20.3699, "bus_v_std": 10.3717, "car_acc": 3.5807, "car_dcc": 2.6014, "car_lcAssertive": 79.2761, "car_lcCooperative": 0.1127, "car_lcLookaheadLeft": 48.498, "car_lcPushy": 0.7541, "car_lcSigma": 0.3522, "car_lcSpeedGainRight": 2.5109, "car_lcSublane": 0.6501, "car_sigma": 0.3306, "car_tau_mean": 0.9619, "car_tau_std": 5.8911, "car_v_mean": 14.9243, "car_v_std": 17.6211}, "datetime": {"datetime": "2024-08-11 18:24:03", "elapsed": 2514.406138, "delta": 5.044396}}
{"target": -0.41210657104168485, "params": {"bus_acc": 3.6958, "bus_dcc": 0.4985, "bus_lcAssertive": 1.1897, "bus_lcCooperative": 0.0063, "bus_lcLookaheadLeft": 25.1444, "bus_lcPushy": 0.3797, "bus_lcSigma": 0.327, "bus_lcSpeedGainRight": 4.9536, "bus_lcSublane": 0.2396, "bus_sigma": 0.2625, "bus_tau_mean": 3.221, "bus_tau_std": 0.9992, "bus_v_mean": 19.8973, "bus_v_std": 8.9295, "car_acc": 0.9451, "car_dcc": 3.2919, "car_lcAssertive": 12.1167, "car_lcCooperative": 0.4064, "car_lcLookaheadLeft": 98.9183, "car_lcPushy": 0.8503, "car_lcSigma": 0.6974, "car_lcSpeedGainRight": 1.9614, "car_lcSublane": 0.8867, "car_sigma": 0.2703, "car_tau_mean": 3.4752, "car_tau_std": 2.3295, "car_v_mean": 20.0033, "car_v_std": 16.0866}, "datetime": {"datetime": "2024-08-11 18:24:08", "elapsed": 2519.132281, "delta": 4.726143}}
{"target": -0.4114668822133172, "params": {"bus_acc": 1.077, "bus_dcc": 3.8761, "bus_lcAssertive": 93.9313, "bus_lcCooperative": 0.9481, "bus_lcLookaheadLeft": 77.3468, "bus_lcPushy": 0.1314, "bus_lcSigma": 0.1871, "bus_lcSpeedGainRight": 3.3475, "bus_lcSublane": 0.9704, "bus_sigma": 0.0821, "bus_tau_mean": 1.348, "bus_tau_std": 9.6289, "bus_v_mean": 16.6203, "bus_v_std": 15.314, "car_acc": 1.7529, "car_dcc": 1.9833, "car_lcAssertive": 27.302, "car_lcCooperative": 0.0865, "car_lcLookaheadLeft": 82.7447, "car_lcPushy": 0.3885, "car_lcSigma": 0.2293, "car_lcSpeedGainRight": 2.7185, "car_lcSublane": 0.8797, "car_sigma": 0.0972, "car_tau_mean": 2.0686, "car_tau_std": 6.5391, "car_v_mean": 25.1607, "car_v_std": 15.0905}, "datetime": {"datetime": "2024-08-11 18:24:11", "elapsed": 2522.063341, "delta": 2.93106}}
{"target": -0.4244256546443093, "params": {"bus_acc": 2.8423, "bus_dcc": 2.8234, "bus_lcAssertive": 83.1607, "bus_lcCooperative": 0.1216, "bus_lcLookaheadLeft": 97.0828, "bus_lcPushy": 0.9388, "bus_lcSigma": 0.6871, "bus_lcSpeedGainRight": 3.871, "bus_lcSublane": 0.7942, "bus_sigma": 0.3102, "bus_tau_mean": 3.5011, "bus_tau_std": 9.1013, "bus_v_mean": 14.1564, "bus_v_std": 18.3192, "car_acc": 2.1713, "car_dcc": 2.6779, "car_lcAssertive": 6.8215, "car_lcCooperative": 0.2654, "car_lcLookaheadLeft": 47.6135, "car_lcPushy": 0.3208, "car_lcSigma": 0.3763, "car_lcSpeedGainRight": 0.506, "car_lcSublane": 0.6766, "car_sigma": 0.1142, "car_tau_mean": 3.9654, "car_tau_std": 5.4273, "car_v_mean": 25.1341, "car_v_std": 10.7181}, "datetime": {"datetime": "2024-08-11 18:24:16", "elapsed": 2527.211529, "delta": 5.148188}}
{"target": -0.3432901998923276, "params": {"bus_acc": 1.7642, "bus_dcc": 3.2205, "bus_lcAssertive": 21.6341, "bus_lcCooperative": 0.0745, "bus_lcLookaheadLeft": 11.8538, "bus_lcPushy": 0.32, "bus_lcSigma": 0.4992, "bus_lcSpeedGainRight": 3.1806, "bus_lcSublane": 0.8422, "bus_sigma": 0.1367, "bus_tau_mean": 2.8735, "bus_tau_std": 1.1351, "bus_v_mean": 22.8258, "bus_v_std": 16.6619, "car_acc": 1.8288, "car_dcc": 2.4838, "car_lcAssertive": 18.4549, "car_lcCooperative": 0.8141, "car_lcLookaheadLeft": 51.0752, "car_lcPushy": 0.0772, "car_lcSigma": 0.5647, "car_lcSpeedGainRight": 4.9801, "car_lcSublane": 0.9548, "car_sigma": 0.598, "car_tau_mean": 0.5234, "car_tau_std": 5.0315, "car_v_mean": 23.2762, "car_v_std": 8.1341}, "datetime": {"datetime": "2024-08-11 18:24:19", "elapsed": 2530.501149, "delta": 3.28962}}
{"target": -0.4515846466021527, "params": {"bus_acc": 1.9079, "bus_dcc": 2.6762, "bus_lcAssertive": 23.9996, "bus_lcCooperative": 0.1384, "bus_lcLookaheadLeft": 19.3619, "bus_lcPushy": 0.8959, "bus_lcSigma": 0.8633, "bus_lcSpeedGainRight": 4.9454, "bus_lcSublane": 0.2558, "bus_sigma": 0.7417, "bus_tau_mean": 2.2691, "bus_tau_std": 1.2965, "bus_v_mean": 17.3064, "bus_v_std": 13.1855, "car_acc": 3.1936, "car_dcc": 0.382, "car_lcAssertive": 88.7697, "car_lcCooperative": 0.3379, "car_lcLookaheadLeft": 6.3377, "car_lcPushy": 0.7679, "car_lcSigma": 0.4475, "car_lcSpeedGainRight": 3.6541, "car_lcSublane": 0.3132, "car_sigma": 0.4714, "car_tau_mean": 1.2949, "car_tau_std": 8.1444, "car_v_mean": 10.0438, "car_v_std": 17.3312}, "datetime": {"datetime": "2024-08-11 18:24:23", "elapsed": 2534.549981, "delta": 4.048832}}
{"target": -0.416441923304194, "params": {"bus_acc": 1.7093, "bus_dcc": 2.0272, "bus_lcAssertive": 62.3375, "bus_lcCooperative": 0.5712, "bus_lcLookaheadLeft": 82.3083, "bus_lcPushy": 0.1023, "bus_lcSigma": 0.7313, "bus_lcSpeedGainRight": 2.3569, "bus_lcSublane": 0.521, "bus_sigma": 0.6092, "bus_tau_mean": 2.5965, "bus_tau_std": 1.5527, "bus_v_mean": 20.7357, "bus_v_std": 17.3548, "car_acc": 3.7247, "car_dcc": 3.1286, "car_lcAssertive": 68.1779, "car_lcCooperative": 0.0413, "car_lcLookaheadLeft": 44.4788, "car_lcPushy": 0.9509, "car_lcSigma": 0.5872, "car_lcSpeedGainRight": 4.6673, "car_lcSublane": 0.5239, "car_sigma": 0.3684, "car_tau_mean": 0.8632, "car_tau_std": 7.0362, "car_v_mean": 10.3304, "car_v_std": 7.6015}, "datetime": {"datetime": "2024-08-11 18:24:31", "elapsed": 2541.630438, "delta": 7.080457}}
{"target": -0.49520547206638055, "params": {"bus_acc": 0.8053, "bus_dcc": 1.0312, "bus_lcAssertive": 6.3386, "bus_lcCooperative": 0.2673, "bus_lcLookaheadLeft": 33.855, "bus_lcPushy": 0.9535, "bus_lcSigma": 0.137, "bus_lcSpeedGainRight": 0.979, "bus_lcSublane": 0.8772, "bus_sigma": 0.6892, "bus_tau_mean": 0.9988, "bus_tau_std": 6.1119, "bus_v_mean": 15.5264, "bus_v_std": 19.7598, "car_acc": 3.508, "car_dcc": 3.8272, "car_lcAssertive": 60.4557, "car_lcCooperative": 0.1745, "car_lcLookaheadLeft": 79.8047, "car_lcPushy": 0.0456, "car_lcSigma": 0.6884, "car_lcSpeedGainRight": 3.7985, "car_lcSublane": 0.9909, "car_sigma": 0.7456, "car_tau_mean": 3.0204, "car_tau_std": 9.6, "car_v_mean": 10.1646, "car_v_std": 14.6863}, "datetime": {"datetime": "2024-08-11 18:24:35", "elapsed": 2546.057798, "delta": 4.42736}}
{"target": -0.33201479795060496, "params": {"bus_acc": 2.5601, "bus_dcc": 2.2545, "bus_lcAssertive": 67.052, "bus_lcCooperative": 0.8925, "bus_lcLookaheadLeft": 25.6949, "bus_lcPushy": 0.7723, "bus_lcSigma": 0.0906, "bus_lcSpeedGainRight": 2.7887, "bus_lcSublane": 0.1018, "bus_sigma": 0.3881, "bus_tau_mean": 3.1729, "bus_tau_std": 2.1357, "bus_v_mean": 14.9175, "bus_v_std": 11.3058, "car_acc": 0.6491, "car_dcc": 0.98, "car_lcAssertive": 44.0244, "car_lcCooperative": 0.5767, "car_lcLookaheadLeft": 82.6944, "car_lcPushy": 0.1911, "car_lcSigma": 0.4018, "car_lcSpeedGainRight": 4.7917, "car_lcSublane": 0.7041, "car_sigma": 0.87, "car_tau_mean": 3.0464, "car_tau_std": 3.5486, "car_v_mean": 11.3378, "car_v_std": 15.6667}, "datetime": {"datetime": "2024-08-11 18:24:38", "elapsed": 2549.087957, "delta": 3.030159}}
{"target": -0.4937194138585587, "params": {"bus_acc": 2.2445, "bus_dcc": 3.8805, "bus_lcAssertive": 19.5859, "bus_lcCooperative": 0.6977, "bus_lcLookaheadLeft": 55.1812, "bus_lcPushy": 0.1467, "bus_lcSigma": 0.2402, "bus_lcSpeedGainRight": 3.9704, "bus_lcSublane": 0.5514, "bus_sigma": 0.1024, "bus_tau_mean": 3.7022, "bus_tau_std": 4.6384, "bus_v_mean": 14.6742, "bus_v_std": 6.5412, "car_acc": 2.8949, "car_dcc": 1.1089, "car_lcAssertive": 97.1739, "car_lcCooperative": 0.4059, "car_lcLookaheadLeft": 55.4475, "car_lcPushy": 0.1524, "car_lcSigma": 0.0082, "car_lcSpeedGainRight": 1.2651, "car_lcSublane": 0.9815, "car_sigma": 0.5438, "car_tau_mean": 2.5287, "car_tau_std": 4.0061, "car_v_mean": 8.5438, "car_v_std": 10.2212}, "datetime": {"datetime": "2024-08-11 18:24:43", "elapsed": 2553.780261, "delta": 4.692304}}
