{"target": -0.1634458552498267, "params": {"bus_acc": 1.7224, "bus_dcc": 3.0087, "bus_lcAssertive": 29.5442, "bus_lcCooperative": 0.1189, "bus_lcLookaheadLeft": 94.202, "bus_lcPushy": 0.9103, "bus_lcSigma": 0.2613, "bus_lcSpeedGainRight": 1.3099, "bus_lcSublane": 0.0781, "bus_sigma": 0.4444, "bus_tau_mean": 2.6479, "bus_tau_std": 0.5754, "bus_v_mean": 24.1726, "bus_v_std": 9.941, "car_acc": 2.4986, "car_dcc": 3.3204, "car_lcAssertive": 4.2807, "car_lcCooperative": 0.2707, "car_lcLookaheadLeft": 79.9146, "car_lcPushy": 0.6806, "car_lcSigma": 0.5482, "car_lcSpeedGainRight": 0.6037, "car_lcSublane": 0.4392, "car_sigma": 0.8244, "car_tau_mean": 2.8203, "car_tau_std": 0.817, "car_v_mean": 12.1354, "car_v_std": 9.4103}, "datetime": {"datetime": "2024-09-05 14:27:38", "elapsed": 13113.803403, "delta": 18.619658}}
{"target": -0.16556720235359537, "params": {"bus_acc": 1.668, "bus_dcc": 0.4637, "bus_lcAssertive": 13.3544, "bus_lcCooperative": 0.2312, "bus_lcLookaheadLeft": 76.7175, "bus_lcPushy": 0.5698, "bus_lcSigma": 0.5648, "bus_lcSpeedGainRight": 3.2895, "bus_lcSublane": 0.2585, "bus_sigma": 0.887, "bus_tau_mean": 2.5991, "bus_tau_std": 3.6098, "bus_v_mean": 19.6141, "bus_v_std": 2.3568, "car_acc": 2.0277, "car_dcc": 2.2043, "car_lcAssertive": 31.3357, "car_lcCooperative": 0.5566, "car_lcLookaheadLeft": 16.7909, "car_lcPushy": 0.6026, "car_lcSigma": 0.6177, "car_lcSpeedGainRight": 3.3203, "car_lcSublane": 0.8256, "car_sigma": 0.6574, "car_tau_mean": 1.8603, "car_tau_std": 7.6908, "car_v_mean": 8.0933, "car_v_std": 14.2974}, "datetime": {"datetime": "2024-09-05 14:27:53", "elapsed": 13128.856999, "delta": 15.053596}}
{"target": -0.26591916957467304, "params": {"bus_acc": 3.3273, "bus_dcc": 0.7934, "bus_lcAssertive": 92.5463, "bus_lcCooperative": 0.9185, "bus_lcLookaheadLeft": 44.272, "bus_lcPushy": 0.1125, "bus_lcSigma": 0.2924, "bus_lcSpeedGainRight": 2.9517, "bus_lcSublane": 0.7884, "bus_sigma": 0.2985, "bus_tau_mean": 3.3175, "bus_tau_std": 1.6154, "bus_v_mean": 19.3157, "bus_v_std": 8.4666, "car_acc": 0.5389, "car_dcc": 2.7689, "car_lcAssertive": 52.9331, "car_lcCooperative": 0.3868, "car_lcLookaheadLeft": 66.0176, "car_lcPushy": 0.7364, "car_lcSigma": 0.4402, "car_lcSpeedGainRight": 4.5111, "car_lcSublane": 0.647, "car_sigma": 0.3855, "car_tau_mean": 3.0309, "car_tau_std": 5.074, "car_v_mean": 19.4331, "car_v_std": 13.2455}, "datetime": {"datetime": "2024-09-05 14:28:12", "elapsed": 13147.761136, "delta": 18.904137}}
{"target": -0.250316650876044, "params": {"bus_acc": 1.8193, "bus_dcc": 1.4287, "bus_lcAssertive": 58.1352, "bus_lcCooperative": 0.6774, "bus_lcLookaheadLeft": 84.3951, "bus_lcPushy": 0.7002, "bus_lcSigma": 0.2842, "bus_lcSpeedGainRight": 3.2215, "bus_lcSublane": 0.7394, "bus_sigma": 0.5059, "bus_tau_mean": 3.5428, "bus_tau_std": 6.0272, "bus_v_mean": 14.5445, "bus_v_std": 12.3881, "car_acc": 0.4892, "car_dcc": 2.9879, "car_lcAssertive": 15.4622, "car_lcCooperative": 0.1227, "car_lcLookaheadLeft": 15.8257, "car_lcPushy": 0.1643, "car_lcSigma": 0.8287, "car_lcSpeedGainRight": 4.5571, "car_lcSublane": 0.7093, "car_sigma": 0.8307, "car_tau_mean": 2.9651, "car_tau_std": 6.6613, "car_v_mean": 24.1972, "car_v_std": 16.9198}, "datetime": {"datetime": "2024-09-05 14:28:29", "elapsed": 13164.481139, "delta": 16.720003}}
{"target": -0.20285642484834168, "params": {"bus_acc": 0.8805, "bus_dcc": 1.9104, "bus_lcAssertive": 76.4054, "bus_lcCooperative": 0.8417, "bus_lcLookaheadLeft": 94.9252, "bus_lcPushy": 0.1729, "bus_lcSigma": 0.6029, "bus_lcSpeedGainRight": 4.9116, "bus_lcSublane": 0.8959, "bus_sigma": 0.7476, "bus_tau_mean": 3.4456, "bus_tau_std": 0.7405, "bus_v_mean": 21.4367, "bus_v_std": 9.6787, "car_acc": 3.6174, "car_dcc": 3.3747, "car_lcAssertive": 71.8103, "car_lcCooperative": 0.5513, "car_lcLookaheadLeft": 44.7995, "car_lcPushy": 0.1351, "car_lcSigma": 0.9588, "car_lcSpeedGainRight": 0.0403, "car_lcSublane": 0.2832, "car_sigma": 0.7182, "car_tau_mean": 2.4684, "car_tau_std": 1.2446, "car_v_mean": 9.4859, "car_v_std": 15.1997}, "datetime": {"datetime": "2024-09-05 14:28:47", "elapsed": 13183.460722, "delta": 18.979583}}
{"target": -0.18289896502667272, "params": {"bus_acc": 0.4892, "bus_dcc": 1.0994, "bus_lcAssertive": 12.3128, "bus_lcCooperative": 0.5718, "bus_lcLookaheadLeft": 91.239, "bus_lcPushy": 0.0152, "bus_lcSigma": 0.6139, "bus_lcSpeedGainRight": 1.0311, "bus_lcSublane": 0.7507, "bus_sigma": 0.7056, "bus_tau_mean": 2.3043, "bus_tau_std": 9.1748, "bus_v_mean": 20.3507, "bus_v_std": 2.6969, "car_acc": 2.264, "car_dcc": 3.7061, "car_lcAssertive": 39.286, "car_lcCooperative": 0.23, "car_lcLookaheadLeft": 61.8802, "car_lcPushy": 0.8198, "car_lcSigma": 0.0357, "car_lcSpeedGainRight": 0.6666, "car_lcSublane": 0.6389, "car_sigma": 0.8655, "car_tau_mean": 3.1805, "car_tau_std": 3.1982, "car_v_mean": 25.9827, "car_v_std": 12.4445}, "datetime": {"datetime": "2024-09-05 14:29:04", "elapsed": 13199.467893, "delta": 16.007171}}
{"target": -0.24798102552444753, "params": {"bus_acc": 1.7089, "bus_dcc": 1.2481, "bus_lcAssertive": 2.2245, "bus_lcCooperative": 0.0228, "bus_lcLookaheadLeft": 93.9729, "bus_lcPushy": 0.4679, "bus_lcSigma": 0.5849, "bus_lcSpeedGainRight": 4.3243, "bus_lcSublane": 0.8527, "bus_sigma": 0.7749, "bus_tau_mean": 2.197, "bus_tau_std": 6.5395, "bus_v_mean": 25.1997, "bus_v_std": 1.2177, "car_acc": 3.122, "car_dcc": 1.0901, "car_lcAssertive": 42.9738, "car_lcCooperative": 0.3233, "car_lcLookaheadLeft": 77.1235, "car_lcPushy": 0.7457, "car_lcSigma": 0.2396, "car_lcSpeedGainRight": 3.3514, "car_lcSublane": 0.1578, "car_sigma": 0.9084, "car_tau_mean": 1.6137, "car_tau_std": 6.3092, "car_v_mean": 22.452, "car_v_std": 14.0087}, "datetime": {"datetime": "2024-09-05 14:29:21", "elapsed": 13217.099086, "delta": 17.631193}}
{"target": -0.1947427279333691, "params": {"bus_acc": 3.9343, "bus_dcc": 3.9992, "bus_lcAssertive": 83.7248, "bus_lcCooperative": 0.0363, "bus_lcLookaheadLeft": 12.2696, "bus_lcPushy": 0.1743, "bus_lcSigma": 0.4401, "bus_lcSpeedGainRight": 0.0969, "bus_lcSublane": 0.4802, "bus_sigma": 0.0525, "bus_tau_mean": 3.9634, "bus_tau_std": 8.9989, "bus_v_mean": 16.8432, "bus_v_std": 11.2532, "car_acc": 1.5506, "car_dcc": 3.7378, "car_lcAssertive": 84.1134, "car_lcCooperative": 0.6514, "car_lcLookaheadLeft": 35.9257, "car_lcPushy": 0.2152, "car_lcSigma": 0.9058, "car_lcSpeedGainRight": 1.7281, "car_lcSublane": 0.6696, "car_sigma": 0.2323, "car_tau_mean": 0.5308, "car_tau_std": 3.73, "car_v_mean": 16.282, "car_v_std": 11.4361}, "datetime": {"datetime": "2024-09-05 14:29:41", "elapsed": 13236.964843, "delta": 19.865757}}
{"target": -0.7117380362542631, "params": {"bus_acc": 0.7527, "bus_dcc": 0.2944, "bus_lcAssertive": 15.9729, "bus_lcCooperative": 0.5583, "bus_lcLookaheadLeft": 10.5367, "bus_lcPushy": 0.861, "bus_lcSigma": 0.7082, "bus_lcSpeedGainRight": 2.878, "bus_lcSublane": 0.4397, "bus_sigma": 0.4193, "bus_tau_mean": 2.5701, "bus_tau_std": 4.5383, "bus_v_mean": 25.8067, "bus_v_std": 2.0668, "car_acc": 0.997, "car_dcc": 2.4764, "car_lcAssertive": 96.7329, "car_lcCooperative": 0.1858, "car_lcLookaheadLeft": 26.3361, "car_lcPushy": 0.5269, "car_lcSigma": 0.3289, "car_lcSpeedGainRight": 1.137, "car_lcSublane": 0.6177, "car_sigma": 0.0815, "car_tau_mean": 3.537, "car_tau_std": 9.3512, "car_v_mean": 25.3254, "car_v_std": 5.2059}, "datetime": {"datetime": "2024-09-05 14:29:55", "elapsed": 13250.986385, "delta": 14.021542}}
{"target": -0.2057552578306888, "params": {"bus_acc": 3.8347, "bus_dcc": 3.1107, "bus_lcAssertive": 49.5128, "bus_lcCooperative": 0.2754, "bus_lcLookaheadLeft": 74.6918, "bus_lcPushy": 0.4028, "bus_lcSigma": 0.8088, "bus_lcSpeedGainRight": 1.8373, "bus_lcSublane": 0.4052, "bus_sigma": 0.4937, "bus_tau_mean": 3.479, "bus_tau_std": 1.7036, "bus_v_mean": 17.445, "bus_v_std": 2.5003, "car_acc": 0.6752, "car_dcc": 1.145, "car_lcAssertive": 8.4502, "car_lcCooperative": 0.7845, "car_lcLookaheadLeft": 81.3732, "car_lcPushy": 0.8836, "car_lcSigma": 0.0598, "car_lcSpeedGainRight": 2.2453, "car_lcSublane": 0.1227, "car_sigma": 0.7217, "car_tau_mean": 0.7579, "car_tau_std": 9.909, "car_v_mean": 23.9468, "car_v_std": 7.7082}, "datetime": {"datetime": "2024-09-05 14:30:29", "elapsed": 13285.347066, "delta": 34.360681}}
{"target": -0.17568014150147002, "params": {"bus_acc": 3.8908, "bus_dcc": 1.9129, "bus_lcAssertive": 33.435, "bus_lcCooperative": 0.5638, "bus_lcLookaheadLeft": 58.0455, "bus_lcPushy": 0.2726, "bus_lcSigma": 0.7926, "bus_lcSpeedGainRight": 1.3651, "bus_lcSublane": 0.1482, "bus_sigma": 0.8393, "bus_tau_mean": 2.9442, "bus_tau_std": 1.9703, "bus_v_mean": 18.1458, "bus_v_std": 7.2956, "car_acc": 3.3841, "car_dcc": 3.5084, "car_lcAssertive": 13.809, "car_lcCooperative": 0.6641, "car_lcLookaheadLeft": 74.4451, "car_lcPushy": 0.267, "car_lcSigma": 0.9974, "car_lcSpeedGainRight": 3.8994, "car_lcSublane": 0.7033, "car_sigma": 0.3395, "car_tau_mean": 3.2897, "car_tau_std": 5.3559, "car_v_mean": 23.4777, "car_v_std": 6.1104}, "datetime": {"datetime": "2024-09-05 14:30:45", "elapsed": 13301.310768, "delta": 15.963702}}
{"target": -0.2724493582257452, "params": {"bus_acc": 0.2891, "bus_dcc": 0.9219, "bus_lcAssertive": 49.9977, "bus_lcCooperative": 0.8302, "bus_lcLookaheadLeft": 54.6836, "bus_lcPushy": 0.29, "bus_lcSigma": 0.6955, "bus_lcSpeedGainRight": 0.8745, "bus_lcSublane": 0.6348, "bus_sigma": 0.6582, "bus_tau_mean": 2.1404, "bus_tau_std": 7.8839, "bus_v_mean": 20.2559, "bus_v_std": 14.9252, "car_acc": 2.222, "car_dcc": 2.4485, "car_lcAssertive": 62.4166, "car_lcCooperative": 0.1528, "car_lcLookaheadLeft": 80.3813, "car_lcPushy": 0.3285, "car_lcSigma": 0.4112, "car_lcSpeedGainRight": 1.6205, "car_lcSublane": 0.61, "car_sigma": 0.1184, "car_tau_mean": 1.7707, "car_tau_std": 5.723, "car_v_mean": 15.7735, "car_v_std": 6.1855}, "datetime": {"datetime": "2024-09-05 14:31:02", "elapsed": 13317.887619, "delta": 16.576851}}
{"target": -0.20537255222115838, "params": {"bus_acc": 0.7897, "bus_dcc": 1.0072, "bus_lcAssertive": 11.7092, "bus_lcCooperative": 0.946, "bus_lcLookaheadLeft": 84.4514, "bus_lcPushy": 0.4227, "bus_lcSigma": 0.806, "bus_lcSpeedGainRight": 2.6242, "bus_lcSublane": 0.9147, "bus_sigma": 0.1942, "bus_tau_mean": 0.5366, "bus_tau_std": 7.8617, "bus_v_mean": 21.7541, "bus_v_std": 16.3643, "car_acc": 1.0716, "car_dcc": 3.1139, "car_lcAssertive": 51.5775, "car_lcCooperative": 0.7757, "car_lcLookaheadLeft": 8.3285, "car_lcPushy": 0.503, "car_lcSigma": 0.1937, "car_lcSpeedGainRight": 2.5324, "car_lcSublane": 0.1933, "car_sigma": 0.4281, "car_tau_mean": 2.3504, "car_tau_std": 2.1857, "car_v_mean": 18.9015, "car_v_std": 1.666}, "datetime": {"datetime": "2024-09-05 14:31:19", "elapsed": 13334.700286, "delta": 16.812667}}
{"target": -0.24332025300474938, "params": {"bus_acc": 1.503, "bus_dcc": 2.0518, "bus_lcAssertive": 17.9912, "bus_lcCooperative": 0.6213, "bus_lcLookaheadLeft": 77.6015, "bus_lcPushy": 0.6002, "bus_lcSigma": 0.865, "bus_lcSpeedGainRight": 0.5781, "bus_lcSublane": 0.4643, "bus_sigma": 0.5327, "bus_tau_mean": 1.8056, "bus_tau_std": 1.8935, "bus_v_mean": 22.5081, "bus_v_std": 7.8908, "car_acc": 0.8166, "car_dcc": 2.5629, "car_lcAssertive": 57.6188, "car_lcCooperative": 0.0737, "car_lcLookaheadLeft": 69.6528, "car_lcPushy": 0.2833, "car_lcSigma": 0.2206, "car_lcSpeedGainRight": 1.9255, "car_lcSublane": 0.0228, "car_sigma": 0.5812, "car_tau_mean": 3.7934, "car_tau_std": 0.305, "car_v_mean": 9.6655, "car_v_std": 10.609}, "datetime": {"datetime": "2024-09-05 14:31:32", "elapsed": 13348.059159, "delta": 13.358873}}
{"target": -0.2042908599382598, "params": {"bus_acc": 3.584, "bus_dcc": 2.2033, "bus_lcAssertive": 72.8057, "bus_lcCooperative": 0.659, "bus_lcLookaheadLeft": 17.1617, "bus_lcPushy": 0.8117, "bus_lcSigma": 0.0533, "bus_lcSpeedGainRight": 4.3855, "bus_lcSublane": 0.8492, "bus_sigma": 0.9687, "bus_tau_mean": 2.3626, "bus_tau_std": 5.0594, "bus_v_mean": 14.116, "bus_v_std": 9.6411, "car_acc": 1.3905, "car_dcc": 1.2716, "car_lcAssertive": 77.7141, "car_lcCooperative": 0.5344, "car_lcLookaheadLeft": 4.0609, "car_lcPushy": 0.5878, "car_lcSigma": 0.8214, "car_lcSpeedGainRight": 3.4929, "car_lcSublane": 0.2217, "car_sigma": 0.0721, "car_tau_mean": 1.707, "car_tau_std": 1.2427, "car_v_mean": 22.2388, "car_v_std": 11.6706}, "datetime": {"datetime": "2024-09-05 14:32:03", "elapsed": 13378.907807, "delta": 30.848648}}
{"target": -0.8445849511718929, "params": {"bus_acc": 0.5868, "bus_dcc": 3.5888, "bus_lcAssertive": 88.6101, "bus_lcCooperative": 0.1332, "bus_lcLookaheadLeft": 46.934, "bus_lcPushy": 0.0247, "bus_lcSigma": 0.4866, "bus_lcSpeedGainRight": 0.5457, "bus_lcSublane": 0.2412, "bus_sigma": 0.2908, "bus_tau_mean": 1.4262, "bus_tau_std": 0.3221, "bus_v_mean": 16.2337, "bus_v_std": 6.0042, "car_acc": 0.4097, "car_dcc": 1.4924, "car_lcAssertive": 17.7817, "car_lcCooperative": 0.1818, "car_lcLookaheadLeft": 43.4935, "car_lcPushy": 0.717, "car_lcSigma": 0.2108, "car_lcSpeedGainRight": 4.235, "car_lcSublane": 0.5286, "car_sigma": 0.7604, "car_tau_mean": 3.1746, "car_tau_std": 7.7439, "car_v_mean": 11.8158, "car_v_std": 13.9589}, "datetime": {"datetime": "2024-09-05 14:32:17", "elapsed": 13393.070264, "delta": 14.162457}}
{"target": -0.19759146641050665, "params": {"bus_acc": 1.8055, "bus_dcc": 3.7735, "bus_lcAssertive": 93.0113, "bus_lcCooperative": 0.754, "bus_lcLookaheadLeft": 23.896, "bus_lcPushy": 0.5741, "bus_lcSigma": 0.6926, "bus_lcSpeedGainRight": 3.1057, "bus_lcSublane": 0.3834, "bus_sigma": 0.5914, "bus_tau_mean": 3.6776, "bus_tau_std": 6.5596, "bus_v_mean": 11.6179, "bus_v_std": 2.7975, "car_acc": 2.6431, "car_dcc": 3.6814, "car_lcAssertive": 88.9805, "car_lcCooperative": 0.3355, "car_lcLookaheadLeft": 73.6798, "car_lcPushy": 0.6943, "car_lcSigma": 0.5387, "car_lcSpeedGainRight": 2.1502, "car_lcSublane": 0.1414, "car_sigma": 0.081, "car_tau_mean": 0.8686, "car_tau_std": 2.0728, "car_v_mean": 8.1265, "car_v_std": 4.1088}, "datetime": {"datetime": "2024-09-05 14:32:30", "elapsed": 13405.526358, "delta": 12.456094}}
{"target": -0.18351542388033346, "params": {"bus_acc": 3.0273, "bus_dcc": 2.5199, "bus_lcAssertive": 70.1334, "bus_lcCooperative": 0.9511, "bus_lcLookaheadLeft": 5.3788, "bus_lcPushy": 0.5916, "bus_lcSigma": 0.5334, "bus_lcSpeedGainRight": 2.1447, "bus_lcSublane": 0.1045, "bus_sigma": 0.8108, "bus_tau_mean": 1.3138, "bus_tau_std": 9.6605, "bus_v_mean": 24.2019, "bus_v_std": 7.7531, "car_acc": 3.8518, "car_dcc": 2.3027, "car_lcAssertive": 91.7825, "car_lcCooperative": 0.5892, "car_lcLookaheadLeft": 81.7366, "car_lcPushy": 0.2067, "car_lcSigma": 0.6603, "car_lcSpeedGainRight": 4.7481, "car_lcSublane": 0.2927, "car_sigma": 0.6326, "car_tau_mean": 2.5774, "car_tau_std": 0.4512, "car_v_mean": 9.751, "car_v_std": 12.7264}, "datetime": {"datetime": "2024-09-05 14:32:45", "elapsed": 13421.041624, "delta": 15.515266}}
{"target": -0.19902623678637107, "params": {"bus_acc": 2.2358, "bus_dcc": 3.2353, "bus_lcAssertive": 85.9099, "bus_lcCooperative": 0.4678, "bus_lcLookaheadLeft": 93.2857, "bus_lcPushy": 0.2586, "bus_lcSigma": 0.2004, "bus_lcSpeedGainRight": 1.8864, "bus_lcSublane": 0.9443, "bus_sigma": 0.9615, "bus_tau_mean": 3.4787, "bus_tau_std": 1.3384, "bus_v_mean": 10.606, "bus_v_std": 11.9092, "car_acc": 2.068, "car_dcc": 0.8586, "car_lcAssertive": 99.8392, "car_lcCooperative": 0.9008, "car_lcLookaheadLeft": 44.0242, "car_lcPushy": 0.703, "car_lcSigma": 0.5477, "car_lcSpeedGainRight": 4.7249, "car_lcSublane": 0.5381, "car_sigma": 0.7587, "car_tau_mean": 1.214, "car_tau_std": 9.9222, "car_v_mean": 21.8354, "car_v_std": 8.1736}, "datetime": {"datetime": "2024-09-05 14:33:09", "elapsed": 13444.4769, "delta": 23.435276}}
{"target": -0.31105072224728003, "params": {"bus_acc": 0.6456, "bus_dcc": 3.9981, "bus_lcAssertive": 86.384, "bus_lcCooperative": 0.8514, "bus_lcLookaheadLeft": 60.4933, "bus_lcPushy": 0.3473, "bus_lcSigma": 0.4202, "bus_lcSpeedGainRight": 3.3473, "bus_lcSublane": 0.01, "bus_sigma": 0.9209, "bus_tau_mean": 0.7646, "bus_tau_std": 2.3054, "bus_v_mean": 15.4217, "bus_v_std": 17.7082, "car_acc": 1.4139, "car_dcc": 0.3838, "car_lcAssertive": 39.1212, "car_lcCooperative": 0.5599, "car_lcLookaheadLeft": 91.4688, "car_lcPushy": 0.1425, "car_lcSigma": 0.5779, "car_lcSpeedGainRight": 0.9854, "car_lcSublane": 0.6109, "car_sigma": 0.9176, "car_tau_mean": 0.9984, "car_tau_std": 2.9996, "car_v_mean": 10.3339, "car_v_std": 17.6435}, "datetime": {"datetime": "2024-09-05 14:33:23", "elapsed": 13459.412566, "delta": 14.935666}}
{"target": -0.24066997775291477, "params": {"bus_acc": 0.6211, "bus_dcc": 3.9558, "bus_lcAssertive": 99.6992, "bus_lcCooperative": 0.1091, "bus_lcLookaheadLeft": 61.5012, "bus_lcPushy": 0.327, "bus_lcSigma": 0.9355, "bus_lcSpeedGainRight": 2.9604, "bus_lcSublane": 0.0233, "bus_sigma": 0.9642, "bus_tau_mean": 0.6101, "bus_tau_std": 9.928, "bus_v_mean": 22.4818, "bus_v_std": 2.6183, "car_acc": 2.2232, "car_dcc": 2.4606, "car_lcAssertive": 54.0517, "car_lcCooperative": 0.062, "car_lcLookaheadLeft": 46.511, "car_lcPushy": 0.27, "car_lcSigma": 0.8533, "car_lcSpeedGainRight": 2.0986, "car_lcSublane": 0.1963, "car_sigma": 0.0581, "car_tau_mean": 1.1655, "car_tau_std": 9.2824, "car_v_mean": 13.9813, "car_v_std": 8.6052}, "datetime": {"datetime": "2024-09-05 14:33:40", "elapsed": 13476.262467, "delta": 16.849901}}
{"target": -0.18858579393792937, "params": {"bus_acc": 3.2855, "bus_dcc": 2.3965, "bus_lcAssertive": 60.1035, "bus_lcCooperative": 0.8967, "bus_lcLookaheadLeft": 31.5254, "bus_lcPushy": 0.7684, "bus_lcSigma": 0.4212, "bus_lcSpeedGainRight": 2.2124, "bus_lcSublane": 0.6934, "bus_sigma": 0.728, "bus_tau_mean": 0.9002, "bus_tau_std": 9.9142, "bus_v_mean": 24.764, "bus_v_std": 4.9468, "car_acc": 2.1378, "car_dcc": 1.2089, "car_lcAssertive": 20.19, "car_lcCooperative": 0.1768, "car_lcLookaheadLeft": 21.176, "car_lcPushy": 0.9565, "car_lcSigma": 0.832, "car_lcSpeedGainRight": 3.084, "car_lcSublane": 0.0898, "car_sigma": 0.8701, "car_tau_mean": 1.3671, "car_tau_std": 4.5835, "car_v_mean": 13.6585, "car_v_std": 15.1961}, "datetime": {"datetime": "2024-09-05 14:33:57", "elapsed": 13493.326637, "delta": 17.06417}}
{"target": -0.2022391551898979, "params": {"bus_acc": 3.1012, "bus_dcc": 3.9022, "bus_lcAssertive": 16.9545, "bus_lcCooperative": 0.7905, "bus_lcLookaheadLeft": 81.7137, "bus_lcPushy": 0.2256, "bus_lcSigma": 0.7447, "bus_lcSpeedGainRight": 1.3556, "bus_lcSublane": 0.7416, "bus_sigma": 0.6173, "bus_tau_mean": 2.1072, "bus_tau_std": 1.0583, "bus_v_mean": 17.3297, "bus_v_std": 5.0426, "car_acc": 3.8752, "car_dcc": 1.3148, "car_lcAssertive": 43.0943, "car_lcCooperative": 0.3339, "car_lcLookaheadLeft": 84.8981, "car_lcPushy": 0.1054, "car_lcSigma": 0.0008, "car_lcSpeedGainRight": 3.4364, "car_lcSublane": 0.3885, "car_sigma": 0.0448, "car_tau_mean": 3.4747, "car_tau_std": 6.3593, "car_v_mean": 16.3488, "car_v_std": 3.7149}, "datetime": {"datetime": "2024-09-05 14:34:16", "elapsed": 13511.899857, "delta": 18.57322}}
{"target": -0.2138211387530834, "params": {"bus_acc": 1.5443, "bus_dcc": 2.8291, "bus_lcAssertive": 22.2899, "bus_lcCooperative": 0.9578, "bus_lcLookaheadLeft": 67.5848, "bus_lcPushy": 0.9276, "bus_lcSigma": 0.4996, "bus_lcSpeedGainRight": 3.9959, "bus_lcSublane": 0.0704, "bus_sigma": 0.8761, "bus_tau_mean": 2.2405, "bus_tau_std": 5.0808, "bus_v_mean": 24.5624, "bus_v_std": 16.3243, "car_acc": 2.8318, "car_dcc": 2.3173, "car_lcAssertive": 45.1193, "car_lcCooperative": 0.067, "car_lcLookaheadLeft": 45.4832, "car_lcPushy": 0.7929, "car_lcSigma": 0.921, "car_lcSpeedGainRight": 1.1433, "car_lcSublane": 0.4422, "car_sigma": 0.1422, "car_tau_mean": 0.5384, "car_tau_std": 1.0972, "car_v_mean": 17.4932, "car_v_std": 7.6008}, "datetime": {"datetime": "2024-09-05 14:34:29", "elapsed": 13525.132341, "delta": 13.232484}}
{"target": -0.2022069295125055, "params": {"bus_acc": 1.2624, "bus_dcc": 3.3278, "bus_lcAssertive": 63.1378, "bus_lcCooperative": 0.972, "bus_lcLookaheadLeft": 31.9496, "bus_lcPushy": 0.2028, "bus_lcSigma": 0.1814, "bus_lcSpeedGainRight": 1.1306, "bus_lcSublane": 0.0004, "bus_sigma": 0.4827, "bus_tau_mean": 3.9802, "bus_tau_std": 4.2694, "bus_v_mean": 21.3614, "bus_v_std": 12.9549, "car_acc": 0.8864, "car_dcc": 2.8107, "car_lcAssertive": 94.7601, "car_lcCooperative": 0.3467, "car_lcLookaheadLeft": 71.9621, "car_lcPushy": 0.3434, "car_lcSigma": 0.987, "car_lcSpeedGainRight": 2.7316, "car_lcSublane": 0.8616, "car_sigma": 0.1573, "car_tau_mean": 0.9303, "car_tau_std": 7.957, "car_v_mean": 12.6578, "car_v_std": 11.0358}, "datetime": {"datetime": "2024-09-05 14:34:59", "elapsed": 13555.430077, "delta": 30.297736}}
{"target": -0.22514157745235622, "params": {"bus_acc": 2.8818, "bus_dcc": 2.8472, "bus_lcAssertive": 96.7444, "bus_lcCooperative": 0.3635, "bus_lcLookaheadLeft": 61.0095, "bus_lcPushy": 0.118, "bus_lcSigma": 0.797, "bus_lcSpeedGainRight": 4.6798, "bus_lcSublane": 0.3272, "bus_sigma": 0.9057, "bus_tau_mean": 3.6794, "bus_tau_std": 4.5431, "bus_v_mean": 18.3848, "bus_v_std": 15.2341, "car_acc": 2.5137, "car_dcc": 1.0168, "car_lcAssertive": 73.4189, "car_lcCooperative": 0.8185, "car_lcLookaheadLeft": 93.9964, "car_lcPushy": 0.02, "car_lcSigma": 0.3184, "car_lcSpeedGainRight": 3.4573, "car_lcSublane": 0.8952, "car_sigma": 0.649, "car_tau_mean": 2.0894, "car_tau_std": 9.0381, "car_v_mean": 16.2403, "car_v_std": 2.5822}, "datetime": {"datetime": "2024-09-05 14:35:16", "elapsed": 13572.231179, "delta": 16.801102}}
