{"target": -0.3599763421418006, "params": {"bus_acc": 3.0328, "bus_dcc": 2.5539, "bus_lcAssertive": 41.6104, "bus_lcCooperative": 0.4735, "bus_lcLookaheadLeft": 11.3521, "bus_lcPushy": 0.1605, "bus_lcSigma": 0.1716, "bus_lcSpeedGainRight": 1.7581, "bus_lcSublane": 0.0074, "bus_sigma": 0.632, "bus_tau_mean": 3.2523, "bus_tau_std": 1.476, "bus_v_mean": 12.7776, "bus_v_std": 13.851, "car_acc": 0.7444, "car_dcc": 0.9181, "car_lcAssertive": 70.8126, "car_lcCooperative": 0.5777, "car_lcLookaheadLeft": 8.8363, "car_lcPushy": 0.1291, "car_lcSigma": 0.5042, "car_lcSpeedGainRight": 1.0849, "car_lcSublane": 0.2618, "car_sigma": 0.7594, "car_tau_mean": 2.4536, "car_tau_std": 3.4313, "car_v_mean": 23.1676, "car_v_std": 3.62}, "datetime": {"datetime": "2024-08-11 18:19:33", "elapsed": 2243.923818, "delta": 2.583505}}
{"target": -0.370228048787355, "params": {"bus_acc": 1.8861, "bus_dcc": 2.0809, "bus_lcAssertive": 92.3341, "bus_lcCooperative": 0.8428, "bus_lcLookaheadLeft": 38.3829, "bus_lcPushy": 0.782, "bus_lcSigma": 0.835, "bus_lcSpeedGainRight": 3.4714, "bus_lcSublane": 0.4142, "bus_sigma": 0.8383, "bus_tau_mean": 2.9692, "bus_tau_std": 9.9251, "bus_v_mean": 14.607, "bus_v_std": 5.9394, "car_acc": 1.9111, "car_dcc": 2.0968, "car_lcAssertive": 49.5941, "car_lcCooperative": 0.7737, "car_lcLookaheadLeft": 26.9996, "car_lcPushy": 0.3484, "car_lcSigma": 0.6896, "car_lcSpeedGainRight": 2.44, "car_lcSublane": 0.8954, "car_sigma": 0.7859, "car_tau_mean": 0.9881, "car_tau_std": 0.5363, "car_v_mean": 9.1379, "car_v_std": 11.4205}, "datetime": {"datetime": "2024-08-11 18:19:37", "elapsed": 2248.310885, "delta": 4.387067}}
{"target": -0.41284690793615625, "params": {"bus_acc": 1.9875, "bus_dcc": 3.6981, "bus_lcAssertive": 70.9911, "bus_lcCooperative": 0.5747, "bus_lcLookaheadLeft": 16.9872, "bus_lcPushy": 0.4816, "bus_lcSigma": 0.5515, "bus_lcSpeedGainRight": 2.6613, "bus_lcSublane": 0.9172, "bus_sigma": 0.4865, "bus_tau_mean": 1.1487, "bus_tau_std": 0.9001, "bus_v_mean": 21.4531, "bus_v_std": 10.8623, "car_acc": 1.5995, "car_dcc": 2.0226, "car_lcAssertive": 86.7376, "car_lcCooperative": 0.9619, "car_lcLookaheadLeft": 67.6527, "car_lcPushy": 0.7531, "car_lcSigma": 0.5909, "car_lcSpeedGainRight": 0.1707, "car_lcSublane": 0.1397, "car_sigma": 0.9309, "car_tau_mean": 3.4797, "car_tau_std": 7.1989, "car_v_mean": 15.6453, "car_v_std": 17.226}, "datetime": {"datetime": "2024-08-11 18:19:41", "elapsed": 2252.461761, "delta": 4.150876}}
{"target": -0.42690321948967463, "params": {"bus_acc": 3.3448, "bus_dcc": 0.5633, "bus_lcAssertive": 72.1626, "bus_lcCooperative": 0.3095, "bus_lcLookaheadLeft": 23.8237, "bus_lcPushy": 0.4987, "bus_lcSigma": 0.183, "bus_lcSpeedGainRight": 0.7019, "bus_lcSublane": 0.8416, "bus_sigma": 0.6679, "bus_tau_mean": 3.4467, "bus_tau_std": 7.5223, "bus_v_mean": 12.5485, "bus_v_std": 3.2867, "car_acc": 2.037, "car_dcc": 3.3593, "car_lcAssertive": 41.4938, "car_lcCooperative": 0.2082, "car_lcLookaheadLeft": 99.1019, "car_lcPushy": 0.5394, "car_lcSigma": 0.899, "car_lcSpeedGainRight": 4.392, "car_lcSublane": 0.632, "car_sigma": 0.0778, "car_tau_mean": 3.0527, "car_tau_std": 5.6896, "car_v_mean": 23.6015, "car_v_std": 3.0521}, "datetime": {"datetime": "2024-08-11 18:19:44", "elapsed": 2255.307095, "delta": 2.845334}}
{"target": -0.38896850653163934, "params": {"bus_acc": 1.2746, "bus_dcc": 3.1359, "bus_lcAssertive": 44.2132, "bus_lcCooperative": 0.7916, "bus_lcLookaheadLeft": 38.6244, "bus_lcPushy": 0.1161, "bus_lcSigma": 0.3765, "bus_lcSpeedGainRight": 2.4746, "bus_lcSublane": 0.8593, "bus_sigma": 0.484, "bus_tau_mean": 1.4312, "bus_tau_std": 8.5971, "bus_v_mean": 20.3355, "bus_v_std": 12.422, "car_acc": 3.452, "car_dcc": 3.8358, "car_lcAssertive": 36.8974, "car_lcCooperative": 0.0541, "car_lcLookaheadLeft": 29.2014, "car_lcPushy": 0.5466, "car_lcSigma": 0.3538, "car_lcSpeedGainRight": 4.1283, "car_lcSublane": 0.4337, "car_sigma": 0.051, "car_tau_mean": 3.9835, "car_tau_std": 5.6801, "car_v_mean": 14.8429, "car_v_std": 9.6481}, "datetime": {"datetime": "2024-08-11 18:19:47", "elapsed": 2258.165489, "delta": 2.858394}}
{"target": -0.4992665214848459, "params": {"bus_acc": 3.6387, "bus_dcc": 1.9849, "bus_lcAssertive": 35.307, "bus_lcCooperative": 0.0048, "bus_lcLookaheadLeft": 57.9774, "bus_lcPushy": 0.3788, "bus_lcSigma": 0.62, "bus_lcSpeedGainRight": 4.3636, "bus_lcSublane": 0.621, "bus_sigma": 0.2732, "bus_tau_mean": 1.2575, "bus_tau_std": 9.5255, "bus_v_mean": 16.2673, "bus_v_std": 7.4943, "car_acc": 3.3553, "car_dcc": 0.9909, "car_lcAssertive": 59.5121, "car_lcCooperative": 0.8757, "car_lcLookaheadLeft": 19.8618, "car_lcPushy": 0.6791, "car_lcSigma": 0.0974, "car_lcSpeedGainRight": 1.259, "car_lcSublane": 0.2783, "car_sigma": 0.51, "car_tau_mean": 3.9491, "car_tau_std": 6.6327, "car_v_mean": 12.4747, "car_v_std": 5.4797}, "datetime": {"datetime": "2024-08-11 18:19:51", "elapsed": 2262.118868, "delta": 3.953379}}
{"target": -0.48605481630507336, "params": {"bus_acc": 1.9915, "bus_dcc": 1.8822, "bus_lcAssertive": 75.879, "bus_lcCooperative": 0.4322, "bus_lcLookaheadLeft": 53.8477, "bus_lcPushy": 0.2134, "bus_lcSigma": 0.1474, "bus_lcSpeedGainRight": 3.2563, "bus_lcSublane": 0.7383, "bus_sigma": 0.2793, "bus_tau_mean": 3.4803, "bus_tau_std": 8.5444, "bus_v_mean": 21.7362, "bus_v_std": 8.5067, "car_acc": 2.0615, "car_dcc": 3.5922, "car_lcAssertive": 83.284, "car_lcCooperative": 0.396, "car_lcLookaheadLeft": 97.341, "car_lcPushy": 0.8404, "car_lcSigma": 0.2521, "car_lcSpeedGainRight": 0.8222, "car_lcSublane": 0.4072, "car_sigma": 0.9387, "car_tau_mean": 2.7225, "car_tau_std": 6.9453, "car_v_mean": 9.4543, "car_v_std": 6.3916}, "datetime": {"datetime": "2024-08-11 18:19:54", "elapsed": 2265.304264, "delta": 3.185396}}
{"target": -0.4649192287508889, "params": {"bus_acc": 3.7139, "bus_dcc": 0.9161, "bus_lcAssertive": 31.3214, "bus_lcCooperative": 0.9183, "bus_lcLookaheadLeft": 98.6191, "bus_lcPushy": 0.1898, "bus_lcSigma": 0.8653, "bus_lcSpeedGainRight": 4.0232, "bus_lcSublane": 0.9792, "bus_sigma": 0.7202, "bus_tau_mean": 3.9907, "bus_tau_std": 7.2016, "bus_v_mean": 15.2823, "bus_v_std": 1.9741, "car_acc": 0.6948, "car_dcc": 2.4251, "car_lcAssertive": 1.0446, "car_lcCooperative": 0.5489, "car_lcLookaheadLeft": 87.724, "car_lcPushy": 0.8058, "car_lcSigma": 0.6399, "car_lcSpeedGainRight": 1.2122, "car_lcSublane": 0.1445, "car_sigma": 0.9204, "car_tau_mean": 2.7523, "car_tau_std": 6.1858, "car_v_mean": 19.2032, "car_v_std": 0.4595}, "datetime": {"datetime": "2024-08-11 18:19:57", "elapsed": 2267.891015, "delta": 2.586751}}
{"target": -0.37515670764038384, "params": {"bus_acc": 1.6089, "bus_dcc": 3.6318, "bus_lcAssertive": 93.2326, "bus_lcCooperative": 0.8525, "bus_lcLookaheadLeft": 34.2533, "bus_lcPushy": 0.1563, "bus_lcSigma": 0.5679, "bus_lcSpeedGainRight": 1.0845, "bus_lcSublane": 0.9503, "bus_sigma": 0.0293, "bus_tau_mean": 2.8517, "bus_tau_std": 0.917, "bus_v_mean": 13.7593, "bus_v_std": 5.4647, "car_acc": 1.3827, "car_dcc": 3.1137, "car_lcAssertive": 32.2695, "car_lcCooperative": 0.1624, "car_lcLookaheadLeft": 42.0137, "car_lcPushy": 0.36, "car_lcSigma": 0.0271, "car_lcSpeedGainRight": 3.152, "car_lcSublane": 0.028, "car_sigma": 0.6857, "car_tau_mean": 3.7409, "car_tau_std": 2.0185, "car_v_mean": 18.3282, "car_v_std": 14.8934}, "datetime": {"datetime": "2024-08-11 18:20:01", "elapsed": 2272.420992, "delta": 4.529977}}
{"target": -0.3428881895601265, "params": {"bus_acc": 0.6978, "bus_dcc": 0.9899, "bus_lcAssertive": 57.9607, "bus_lcCooperative": 0.2153, "bus_lcLookaheadLeft": 40.5018, "bus_lcPushy": 0.95, "bus_lcSigma": 0.0913, "bus_lcSpeedGainRight": 4.1778, "bus_lcSublane": 0.6829, "bus_sigma": 0.6161, "bus_tau_mean": 2.4209, "bus_tau_std": 9.8962, "bus_v_mean": 16.1334, "bus_v_std": 12.0731, "car_acc": 2.5153, "car_dcc": 3.4049, "car_lcAssertive": 85.738, "car_lcCooperative": 0.9345, "car_lcLookaheadLeft": 94.2614, "car_lcPushy": 0.5162, "car_lcSigma": 0.6937, "car_lcSpeedGainRight": 1.9384, "car_lcSublane": 0.4362, "car_sigma": 0.0367, "car_tau_mean": 3.6277, "car_tau_std": 3.0871, "car_v_mean": 25.3777, "car_v_std": 14.5047}, "datetime": {"datetime": "2024-08-11 18:20:07", "elapsed": 2277.769225, "delta": 5.348233}}
{"target": -0.34811891446115467, "params": {"bus_acc": 0.7716, "bus_dcc": 2.3369, "bus_lcAssertive": 30.9926, "bus_lcCooperative": 0.5817, "bus_lcLookaheadLeft": 97.1134, "bus_lcPushy": 0.9489, "bus_lcSigma": 0.1474, "bus_lcSpeedGainRight": 2.0831, "bus_lcSublane": 0.9457, "bus_sigma": 0.6295, "bus_tau_mean": 1.8151, "bus_tau_std": 4.6012, "bus_v_mean": 16.9171, "bus_v_std": 9.9921, "car_acc": 1.6115, "car_dcc": 3.1465, "car_lcAssertive": 38.6079, "car_lcCooperative": 0.7489, "car_lcLookaheadLeft": 68.3676, "car_lcPushy": 0.2335, "car_lcSigma": 0.1289, "car_lcSpeedGainRight": 1.3295, "car_lcSublane": 0.166, "car_sigma": 0.7303, "car_tau_mean": 3.3405, "car_tau_std": 5.4708, "car_v_mean": 13.4007, "car_v_std": 9.2277}, "datetime": {"datetime": "2024-08-11 18:20:10", "elapsed": 2281.480827, "delta": 3.711602}}
{"target": -0.5038424536764882, "params": {"bus_acc": 2.6974, "bus_dcc": 2.014, "bus_lcAssertive": 3.3111, "bus_lcCooperative": 0.9376, "bus_lcLookaheadLeft": 13.0592, "bus_lcPushy": 0.0515, "bus_lcSigma": 0.4687, "bus_lcSpeedGainRight": 3.759, "bus_lcSublane": 0.6211, "bus_sigma": 0.8593, "bus_tau_mean": 2.9328, "bus_tau_std": 6.1931, "bus_v_mean": 9.3376, "bus_v_std": 18.1029, "car_acc": 0.5131, "car_dcc": 1.9251, "car_lcAssertive": 5.1473, "car_lcCooperative": 0.3368, "car_lcLookaheadLeft": 45.8609, "car_lcPushy": 0.6843, "car_lcSigma": 0.3511, "car_lcSpeedGainRight": 2.7734, "car_lcSublane": 0.9721, "car_sigma": 0.0741, "car_tau_mean": 2.5108, "car_tau_std": 0.9445, "car_v_mean": 18.8718, "car_v_std": 0.5757}, "datetime": {"datetime": "2024-08-11 18:20:14", "elapsed": 2284.890765, "delta": 3.409938}}
{"target": -0.46055199287874427, "params": {"bus_acc": 2.2459, "bus_dcc": 3.9792, "bus_lcAssertive": 89.7144, "bus_lcCooperative": 0.6354, "bus_lcLookaheadLeft": 33.4935, "bus_lcPushy": 0.6945, "bus_lcSigma": 0.612, "bus_lcSpeedGainRight": 0.2917, "bus_lcSublane": 0.0066, "bus_sigma": 0.7765, "bus_tau_mean": 2.8898, "bus_tau_std": 3.8632, "bus_v_mean": 16.3134, "bus_v_std": 8.2274, "car_acc": 0.9411, "car_dcc": 0.3982, "car_lcAssertive": 11.7344, "car_lcCooperative": 0.5456, "car_lcLookaheadLeft": 98.073, "car_lcPushy": 0.0514, "car_lcSigma": 0.5963, "car_lcSpeedGainRight": 2.4172, "car_lcSublane": 0.7003, "car_sigma": 0.0221, "car_tau_mean": 1.5752, "car_tau_std": 3.1075, "car_v_mean": 25.2872, "car_v_std": 4.3996}, "datetime": {"datetime": "2024-08-11 18:20:17", "elapsed": 2288.227381, "delta": 3.336616}}
{"target": -0.31407990982405937, "params": {"bus_acc": 3.6292, "bus_dcc": 0.3062, "bus_lcAssertive": 12.4192, "bus_lcCooperative": 0.0231, "bus_lcLookaheadLeft": 74.815, "bus_lcPushy": 0.0258, "bus_lcSigma": 0.1938, "bus_lcSpeedGainRight": 2.3522, "bus_lcSublane": 0.16, "bus_sigma": 0.6274, "bus_tau_mean": 2.8854, "bus_tau_std": 2.7782, "bus_v_mean": 11.6393, "bus_v_std": 7.3807, "car_acc": 1.3219, "car_dcc": 3.7508, "car_lcAssertive": 43.1695, "car_lcCooperative": 0.4444, "car_lcLookaheadLeft": 86.0356, "car_lcPushy": 0.0033, "car_lcSigma": 0.3109, "car_lcSpeedGainRight": 3.998, "car_lcSublane": 0.2951, "car_sigma": 0.8515, "car_tau_mean": 2.85, "car_tau_std": 5.5221, "car_v_mean": 17.6524, "car_v_std": 17.6815}, "datetime": {"datetime": "2024-08-11 18:20:22", "elapsed": 2293.416469, "delta": 5.189088}}
{"target": -0.3122284240740451, "params": {"bus_acc": 0.6347, "bus_dcc": 3.8476, "bus_lcAssertive": 71.848, "bus_lcCooperative": 0.9017, "bus_lcLookaheadLeft": 78.2656, "bus_lcPushy": 0.6022, "bus_lcSigma": 0.7317, "bus_lcSpeedGainRight": 0.0185, "bus_lcSublane": 0.6606, "bus_sigma": 0.9711, "bus_tau_mean": 1.1778, "bus_tau_std": 0.3304, "bus_v_mean": 22.8032, "bus_v_std": 2.4949, "car_acc": 2.5037, "car_dcc": 3.6388, "car_lcAssertive": 61.7415, "car_lcCooperative": 0.591, "car_lcLookaheadLeft": 57.3631, "car_lcPushy": 0.8375, "car_lcSigma": 0.1433, "car_lcSpeedGainRight": 1.9944, "car_lcSublane": 0.4578, "car_sigma": 0.3504, "car_tau_mean": 2.9092, "car_tau_std": 7.6602, "car_v_mean": 9.4486, "car_v_std": 9.371}, "datetime": {"datetime": "2024-08-11 18:20:28", "elapsed": 2298.747649, "delta": 5.33118}}
{"target": -0.5483968833710802, "params": {"bus_acc": 3.236, "bus_dcc": 0.5571, "bus_lcAssertive": 70.9481, "bus_lcCooperative": 0.3885, "bus_lcLookaheadLeft": 74.3151, "bus_lcPushy": 0.3805, "bus_lcSigma": 0.8834, "bus_lcSpeedGainRight": 4.8446, "bus_lcSublane": 0.4609, "bus_sigma": 0.4785, "bus_tau_mean": 1.2443, "bus_tau_std": 0.0665, "bus_v_mean": 10.2567, "bus_v_std": 18.1391, "car_acc": 2.5005, "car_dcc": 0.6018, "car_lcAssertive": 23.8344, "car_lcCooperative": 0.1848, "car_lcLookaheadLeft": 82.437, "car_lcPushy": 0.2964, "car_lcSigma": 0.5707, "car_lcSpeedGainRight": 1.5889, "car_lcSublane": 0.8833, "car_sigma": 0.6848, "car_tau_mean": 0.6439, "car_tau_std": 5.9691, "car_v_mean": 24.1722, "car_v_std": 15.934}, "datetime": {"datetime": "2024-08-11 18:20:30", "elapsed": 2301.446396, "delta": 2.698747}}
{"target": -0.5179811910411868, "params": {"bus_acc": 2.2251, "bus_dcc": 1.5439, "bus_lcAssertive": 80.709, "bus_lcCooperative": 0.1023, "bus_lcLookaheadLeft": 31.2001, "bus_lcPushy": 0.656, "bus_lcSigma": 0.4295, "bus_lcSpeedGainRight": 2.1124, "bus_lcSublane": 0.7606, "bus_sigma": 0.9888, "bus_tau_mean": 3.7489, "bus_tau_std": 6.4634, "bus_v_mean": 13.2904, "bus_v_std": 13.4653, "car_acc": 1.9342, "car_dcc": 0.7274, "car_lcAssertive": 28.2278, "car_lcCooperative": 0.0405, "car_lcLookaheadLeft": 87.9059, "car_lcPushy": 0.5959, "car_lcSigma": 0.2235, "car_lcSpeedGainRight": 3.9598, "car_lcSublane": 0.5675, "car_sigma": 0.5592, "car_tau_mean": 1.1914, "car_tau_std": 3.015, "car_v_mean": 8.299, "car_v_std": 4.6499}, "datetime": {"datetime": "2024-08-11 18:20:33", "elapsed": 2304.542696, "delta": 3.0963}}
{"target": -0.46994981677135717, "params": {"bus_acc": 2.113, "bus_dcc": 2.8181, "bus_lcAssertive": 2.1078, "bus_lcCooperative": 0.3416, "bus_lcLookaheadLeft": 93.9532, "bus_lcPushy": 0.5661, "bus_lcSigma": 0.4861, "bus_lcSpeedGainRight": 4.6961, "bus_lcSublane": 0.6466, "bus_sigma": 0.573, "bus_tau_mean": 0.8392, "bus_tau_std": 6.1609, "bus_v_mean": 14.8696, "bus_v_std": 7.8624, "car_acc": 3.718, "car_dcc": 2.8128, "car_lcAssertive": 82.1841, "car_lcCooperative": 0.5111, "car_lcLookaheadLeft": 98.643, "car_lcPushy": 0.2842, "car_lcSigma": 0.204, "car_lcSpeedGainRight": 0.6228, "car_lcSublane": 0.5594, "car_sigma": 0.7591, "car_tau_mean": 3.2024, "car_tau_std": 5.1468, "car_v_mean": 16.4234, "car_v_std": 11.702}, "datetime": {"datetime": "2024-08-11 18:20:39", "elapsed": 2309.898574, "delta": 5.355878}}
{"target": -0.356457535701921, "params": {"bus_acc": 1.1377, "bus_dcc": 3.8621, "bus_lcAssertive": 8.8657, "bus_lcCooperative": 0.2107, "bus_lcLookaheadLeft": 6.754, "bus_lcPushy": 0.3456, "bus_lcSigma": 0.2612, "bus_lcSpeedGainRight": 3.5311, "bus_lcSublane": 0.8439, "bus_sigma": 0.8126, "bus_tau_mean": 0.9971, "bus_tau_std": 3.8744, "bus_v_mean": 13.1564, "bus_v_std": 5.408, "car_acc": 3.3866, "car_dcc": 0.3448, "car_lcAssertive": 80.1897, "car_lcCooperative": 0.7047, "car_lcLookaheadLeft": 26.4628, "car_lcPushy": 0.7535, "car_lcSigma": 0.9786, "car_lcSpeedGainRight": 2.5393, "car_lcSublane": 0.4417, "car_sigma": 0.4902, "car_tau_mean": 3.1872, "car_tau_std": 7.0772, "car_v_mean": 25.3162, "car_v_std": 1.2067}, "datetime": {"datetime": "2024-08-11 18:20:43", "elapsed": 2313.93476, "delta": 4.036186}}
{"target": -0.34442495615384566, "params": {"bus_acc": 1.8593, "bus_dcc": 2.939, "bus_lcAssertive": 88.5568, "bus_lcCooperative": 0.2054, "bus_lcLookaheadLeft": 13.3418, "bus_lcPushy": 0.6724, "bus_lcSigma": 0.7998, "bus_lcSpeedGainRight": 4.9021, "bus_lcSublane": 0.0212, "bus_sigma": 0.271, "bus_tau_mean": 3.6978, "bus_tau_std": 6.5669, "bus_v_mean": 23.789, "bus_v_std": 3.0648, "car_acc": 3.6255, "car_dcc": 3.6927, "car_lcAssertive": 59.8262, "car_lcCooperative": 0.1507, "car_lcLookaheadLeft": 57.3756, "car_lcPushy": 0.8282, "car_lcSigma": 0.9678, "car_lcSpeedGainRight": 1.7399, "car_lcSublane": 0.7563, "car_sigma": 0.6837, "car_tau_mean": 1.1852, "car_tau_std": 8.2619, "car_v_mean": 18.402, "car_v_std": 11.4172}, "datetime": {"datetime": "2024-08-11 18:20:48", "elapsed": 2319.601849, "delta": 5.667089}}
{"target": -0.7516964757447533, "params": {"bus_acc": 1.3078, "bus_dcc": 3.9606, "bus_lcAssertive": 32.4185, "bus_lcCooperative": 0.3503, "bus_lcLookaheadLeft": 25.4859, "bus_lcPushy": 0.3381, "bus_lcSigma": 0.1028, "bus_lcSpeedGainRight": 2.5897, "bus_lcSublane": 0.0635, "bus_sigma": 0.0436, "bus_tau_mean": 1.2839, "bus_tau_std": 5.6662, "bus_v_mean": 21.3421, "bus_v_std": 19.355, "car_acc": 1.5551, "car_dcc": 2.3228, "car_lcAssertive": 1.5638, "car_lcCooperative": 0.6354, "car_lcLookaheadLeft": 22.5564, "car_lcPushy": 0.7189, "car_lcSigma": 0.7613, "car_lcSpeedGainRight": 0.8218, "car_lcSublane": 0.1116, "car_sigma": 0.4478, "car_tau_mean": 3.2321, "car_tau_std": 1.5347, "car_v_mean": 22.9251, "car_v_std": 4.0773}, "datetime": {"datetime": "2024-08-11 18:20:53", "elapsed": 2323.645886, "delta": 4.044037}}
{"target": -0.28722605906364757, "params": {"bus_acc": 0.8643, "bus_dcc": 1.9279, "bus_lcAssertive": 40.5021, "bus_lcCooperative": 0.7026, "bus_lcLookaheadLeft": 8.7352, "bus_lcPushy": 0.8854, "bus_lcSigma": 0.5133, "bus_lcSpeedGainRight": 3.4215, "bus_lcSublane": 0.001, "bus_sigma": 0.5445, "bus_tau_mean": 2.3966, "bus_tau_std": 6.9244, "bus_v_mean": 16.5352, "bus_v_std": 19.1033, "car_acc": 3.7134, "car_dcc": 3.1011, "car_lcAssertive": 10.3805, "car_lcCooperative": 0.9915, "car_lcLookaheadLeft": 82.7015, "car_lcPushy": 0.2377, "car_lcSigma": 0.2753, "car_lcSpeedGainRight": 3.6425, "car_lcSublane": 0.285, "car_sigma": 0.9085, "car_tau_mean": 3.0373, "car_tau_std": 6.3785, "car_v_mean": 15.9852, "car_v_std": 2.0496}, "datetime": {"datetime": "2024-08-11 18:20:56", "elapsed": 2327.154499, "delta": 3.508613}}
{"target": -0.4078878805017676, "params": {"bus_acc": 0.9203, "bus_dcc": 0.7664, "bus_lcAssertive": 58.068, "bus_lcCooperative": 0.3669, "bus_lcLookaheadLeft": 82.8491, "bus_lcPushy": 0.7674, "bus_lcSigma": 0.0377, "bus_lcSpeedGainRight": 2.6927, "bus_lcSublane": 0.1194, "bus_sigma": 0.7648, "bus_tau_mean": 2.7529, "bus_tau_std": 9.0704, "bus_v_mean": 24.5653, "bus_v_std": 11.9012, "car_acc": 1.5106, "car_dcc": 2.1498, "car_lcAssertive": 38.9318, "car_lcCooperative": 0.1656, "car_lcLookaheadLeft": 16.4683, "car_lcPushy": 0.9606, "car_lcSigma": 0.6074, "car_lcSpeedGainRight": 2.8472, "car_lcSublane": 0.8266, "car_sigma": 0.4886, "car_tau_mean": 1.6517, "car_tau_std": 8.3318, "car_v_mean": 9.6023, "car_v_std": 0.2165}, "datetime": {"datetime": "2024-08-11 18:21:00", "elapsed": 2331.074024, "delta": 3.919525}}
{"target": -0.48989970251486953, "params": {"bus_acc": 0.6382, "bus_dcc": 1.0041, "bus_lcAssertive": 5.99, "bus_lcCooperative": 0.8308, "bus_lcLookaheadLeft": 45.7692, "bus_lcPushy": 0.4783, "bus_lcSigma": 0.6295, "bus_lcSpeedGainRight": 4.1693, "bus_lcSublane": 0.6659, "bus_sigma": 0.5931, "bus_tau_mean": 3.5073, "bus_tau_std": 0.9258, "bus_v_mean": 25.6063, "bus_v_std": 11.2913, "car_acc": 2.7902, "car_dcc": 3.0583, "car_lcAssertive": 27.6818, "car_lcCooperative": 0.8074, "car_lcLookaheadLeft": 21.4702, "car_lcPushy": 0.7823, "car_lcSigma": 0.7899, "car_lcSpeedGainRight": 1.8631, "car_lcSublane": 0.7853, "car_sigma": 0.9834, "car_tau_mean": 2.7496, "car_tau_std": 9.1332, "car_v_mean": 17.4028, "car_v_std": 19.6209}, "datetime": {"datetime": "2024-08-11 18:21:03", "elapsed": 2333.80672, "delta": 2.732696}}
{"target": -0.4440331210633765, "params": {"bus_acc": 1.9376, "bus_dcc": 0.5087, "bus_lcAssertive": 82.1655, "bus_lcCooperative": 0.9553, "bus_lcLookaheadLeft": 99.9066, "bus_lcPushy": 0.1804, "bus_lcSigma": 0.2701, "bus_lcSpeedGainRight": 3.5373, "bus_lcSublane": 0.7282, "bus_sigma": 0.8367, "bus_tau_mean": 3.476, "bus_tau_std": 8.2593, "bus_v_mean": 10.1833, "bus_v_std": 9.4492, "car_acc": 1.1982, "car_dcc": 1.901, "car_lcAssertive": 4.828, "car_lcCooperative": 0.5589, "car_lcLookaheadLeft": 98.8365, "car_lcPushy": 0.0991, "car_lcSigma": 0.6552, "car_lcSpeedGainRight": 3.4595, "car_lcSublane": 0.3984, "car_sigma": 0.0633, "car_tau_mean": 2.7967, "car_tau_std": 3.5916, "car_v_mean": 13.8422, "car_v_std": 16.1062}, "datetime": {"datetime": "2024-08-11 18:21:05", "elapsed": 2336.394084, "delta": 2.587364}}
{"target": -0.42374214861499215, "params": {"bus_acc": 2.1639, "bus_dcc": 3.2288, "bus_lcAssertive": 42.4997, "bus_lcCooperative": 0.8998, "bus_lcLookaheadLeft": 51.0099, "bus_lcPushy": 0.7017, "bus_lcSigma": 0.0865, "bus_lcSpeedGainRight": 2.0195, "bus_lcSublane": 0.9321, "bus_sigma": 0.1164, "bus_tau_mean": 3.8081, "bus_tau_std": 3.7993, "bus_v_mean": 19.2744, "bus_v_std": 12.7858, "car_acc": 1.8835, "car_dcc": 3.9505, "car_lcAssertive": 60.1981, "car_lcCooperative": 0.8241, "car_lcLookaheadLeft": 52.7742, "car_lcPushy": 0.4986, "car_lcSigma": 0.7338, "car_lcSpeedGainRight": 2.5272, "car_lcSublane": 0.6255, "car_sigma": 0.7339, "car_tau_mean": 1.7251, "car_tau_std": 8.7381, "car_v_mean": 21.8197, "car_v_std": 3.4332}, "datetime": {"datetime": "2024-08-11 18:21:09", "elapsed": 2340.589167, "delta": 4.195083}}
