{"target": -0.33255277819854284, "params": {"bus_acc": 1.1472, "bus_dcc": 3.4803, "bus_lcAssertive": 56.7085, "bus_lcCooperative": 0.3288, "bus_lcLookaheadLeft": 80.1366, "bus_lcPushy": 0.9021, "bus_lcSigma": 0.1182, "bus_lcSpeedGainRight": 3.1568, "bus_lcSublane": 0.3126, "bus_sigma": 0.2316, "bus_tau_mean": 0.5506, "bus_tau_std": 5.6864, "bus_v_mean": 21.9619, "bus_v_std": 1.0426, "car_acc": 1.8313, "car_dcc": 2.5829, "car_lcAssertive": 97.7017, "car_lcCooperative": 0.4261, "car_lcLookaheadLeft": 77.2764, "car_lcPushy": 0.9123, "car_lcSigma": 0.1748, "car_lcSpeedGainRight": 1.4835, "car_lcSublane": 0.4599, "car_sigma": 0.6659, "car_tau_mean": 2.3338, "car_tau_std": 9.2422, "car_v_mean": 12.369, "car_v_std": 1.4558}, "datetime": {"datetime": "2024-08-11 20:27:20", "elapsed": 9911.478014, "delta": 8.648459}}
{"target": -0.26323912791804843, "params": {"bus_acc": 3.5381, "bus_dcc": 0.7372, "bus_lcAssertive": 72.3807, "bus_lcCooperative": 0.2697, "bus_lcLookaheadLeft": 78.5146, "bus_lcPushy": 0.643, "bus_lcSigma": 0.7768, "bus_lcSpeedGainRight": 2.0657, "bus_lcSublane": 0.4778, "bus_sigma": 0.7751, "bus_tau_mean": 2.1651, "bus_tau_std": 7.5006, "bus_v_mean": 15.8818, "bus_v_std": 4.8815, "car_acc": 0.511, "car_dcc": 2.588, "car_lcAssertive": 11.7518, "car_lcCooperative": 0.5628, "car_lcLookaheadLeft": 86.2654, "car_lcPushy": 0.6977, "car_lcSigma": 0.4213, "car_lcSpeedGainRight": 1.9781, "car_lcSublane": 0.8861, "car_sigma": 0.5353, "car_tau_mean": 1.1563, "car_tau_std": 7.5229, "car_v_mean": 20.793, "car_v_std": 9.7888}, "datetime": {"datetime": "2024-08-11 20:27:28", "elapsed": 9919.221952, "delta": 7.743938}}
{"target": -0.374743344549392, "params": {"bus_acc": 0.8073, "bus_dcc": 3.7747, "bus_lcAssertive": 84.9994, "bus_lcCooperative": 0.6439, "bus_lcLookaheadLeft": 52.422, "bus_lcPushy": 0.0768, "bus_lcSigma": 0.1288, "bus_lcSpeedGainRight": 4.023, "bus_lcSublane": 0.9652, "bus_sigma": 0.3418, "bus_tau_mean": 0.9067, "bus_tau_std": 9.8049, "bus_v_mean": 12.4291, "bus_v_std": 19.6268, "car_acc": 2.4999, "car_dcc": 1.4025, "car_lcAssertive": 67.2627, "car_lcCooperative": 0.9417, "car_lcLookaheadLeft": 51.5802, "car_lcPushy": 0.1198, "car_lcSigma": 0.9639, "car_lcSpeedGainRight": 1.3577, "car_lcSublane": 0.2948, "car_sigma": 0.0269, "car_tau_mean": 1.404, "car_tau_std": 2.1836, "car_v_mean": 18.5827, "car_v_std": 14.684}, "datetime": {"datetime": "2024-08-11 20:27:35", "elapsed": 9926.37446, "delta": 7.152508}}
{"target": -0.43808437577268267, "params": {"bus_acc": 3.7119, "bus_dcc": 1.1336, "bus_lcAssertive": 99.9615, "bus_lcCooperative": 0.5839, "bus_lcLookaheadLeft": 99.756, "bus_lcPushy": 0.2918, "bus_lcSigma": 0.3813, "bus_lcSpeedGainRight": 4.7727, "bus_lcSublane": 0.0833, "bus_sigma": 0.8971, "bus_tau_mean": 1.5857, "bus_tau_std": 3.9593, "bus_v_mean": 11.9968, "bus_v_std": 11.587, "car_acc": 3.4026, "car_dcc": 1.0664, "car_lcAssertive": 92.6378, "car_lcCooperative": 0.61, "car_lcLookaheadLeft": 92.4228, "car_lcPushy": 0.0884, "car_lcSigma": 0.4041, "car_lcSpeedGainRight": 4.0772, "car_lcSublane": 0.0435, "car_sigma": 0.1884, "car_tau_mean": 3.4851, "car_tau_std": 4.8032, "car_v_mean": 10.8732, "car_v_std": 3.7418}, "datetime": {"datetime": "2024-08-11 20:27:44", "elapsed": 9935.618624, "delta": 9.244164}}
{"target": -0.22268082180843632, "params": {"bus_acc": 0.2261, "bus_dcc": 2.2702, "bus_lcAssertive": 34.7154, "bus_lcCooperative": 0.7155, "bus_lcLookaheadLeft": 55.7783, "bus_lcPushy": 0.7046, "bus_lcSigma": 0.7475, "bus_lcSpeedGainRight": 4.3955, "bus_lcSublane": 0.155, "bus_sigma": 0.3351, "bus_tau_mean": 2.1927, "bus_tau_std": 6.8886, "bus_v_mean": 18.2257, "bus_v_std": 5.8108, "car_acc": 1.0798, "car_dcc": 2.3101, "car_lcAssertive": 39.4301, "car_lcCooperative": 0.7585, "car_lcLookaheadLeft": 55.3497, "car_lcPushy": 0.3829, "car_lcSigma": 0.2898, "car_lcSpeedGainRight": 0.9533, "car_lcSublane": 0.9905, "car_sigma": 0.6421, "car_tau_mean": 2.9946, "car_tau_std": 7.4881, "car_v_mean": 17.8551, "car_v_std": 14.845}, "datetime": {"datetime": "2024-08-11 20:27:56", "elapsed": 9947.149244, "delta": 11.53062}}
{"target": -0.5265276869143021, "params": {"bus_acc": 0.6435, "bus_dcc": 0.6385, "bus_lcAssertive": 99.1649, "bus_lcCooperative": 0.6954, "bus_lcLookaheadLeft": 45.3011, "bus_lcPushy": 0.2228, "bus_lcSigma": 0.539, "bus_lcSpeedGainRight": 2.7816, "bus_lcSublane": 0.3772, "bus_sigma": 0.8821, "bus_tau_mean": 2.4607, "bus_tau_std": 9.4401, "bus_v_mean": 20.3362, "bus_v_std": 0.5539, "car_acc": 1.785, "car_dcc": 0.2814, "car_lcAssertive": 94.6156, "car_lcCooperative": 0.1911, "car_lcLookaheadLeft": 34.4184, "car_lcPushy": 0.9209, "car_lcSigma": 0.3437, "car_lcSpeedGainRight": 2.0107, "car_lcSublane": 0.3125, "car_sigma": 0.6017, "car_tau_mean": 2.7953, "car_tau_std": 9.2543, "car_v_mean": 16.4342, "car_v_std": 14.0177}, "datetime": {"datetime": "2024-08-11 20:28:03", "elapsed": 9953.670633, "delta": 6.521389}}
{"target": -0.44390643394705154, "params": {"bus_acc": 2.273, "bus_dcc": 2.6775, "bus_lcAssertive": 16.8547, "bus_lcCooperative": 0.9824, "bus_lcLookaheadLeft": 5.893, "bus_lcPushy": 0.1531, "bus_lcSigma": 0.8555, "bus_lcSpeedGainRight": 1.8775, "bus_lcSublane": 0.7382, "bus_sigma": 0.8879, "bus_tau_mean": 0.8424, "bus_tau_std": 7.4536, "bus_v_mean": 24.717, "bus_v_std": 7.0527, "car_acc": 2.4555, "car_dcc": 3.0915, "car_lcAssertive": 32.226, "car_lcCooperative": 0.2304, "car_lcLookaheadLeft": 23.0766, "car_lcPushy": 0.948, "car_lcSigma": 0.0908, "car_lcSpeedGainRight": 2.5093, "car_lcSublane": 0.4117, "car_sigma": 0.8337, "car_tau_mean": 3.7, "car_tau_std": 9.1855, "car_v_mean": 14.696, "car_v_std": 15.2753}, "datetime": {"datetime": "2024-08-11 20:28:09", "elapsed": 9960.486884, "delta": 6.816251}}
{"target": -0.6038341138397268, "params": {"bus_acc": 1.366, "bus_dcc": 0.3415, "bus_lcAssertive": 30.2709, "bus_lcCooperative": 0.8265, "bus_lcLookaheadLeft": 21.6754, "bus_lcPushy": 0.914, "bus_lcSigma": 0.6973, "bus_lcSpeedGainRight": 2.7562, "bus_lcSublane": 0.1141, "bus_sigma": 0.291, "bus_tau_mean": 2.6589, "bus_tau_std": 5.3136, "bus_v_mean": 17.7709, "bus_v_std": 5.5507, "car_acc": 1.575, "car_dcc": 3.4318, "car_lcAssertive": 79.8487, "car_lcCooperative": 0.9599, "car_lcLookaheadLeft": 89.0575, "car_lcPushy": 0.378, "car_lcSigma": 0.7508, "car_lcSpeedGainRight": 0.1029, "car_lcSublane": 0.425, "car_sigma": 0.4689, "car_tau_mean": 3.1733, "car_tau_std": 3.2372, "car_v_mean": 13.8516, "car_v_std": 7.5631}, "datetime": {"datetime": "2024-08-11 20:28:19", "elapsed": 9969.758532, "delta": 9.271648}}
{"target": -0.49098277685506325, "params": {"bus_acc": 2.2112, "bus_dcc": 0.8226, "bus_lcAssertive": 50.8851, "bus_lcCooperative": 0.7735, "bus_lcLookaheadLeft": 91.8598, "bus_lcPushy": 0.8462, "bus_lcSigma": 0.8245, "bus_lcSpeedGainRight": 0.6892, "bus_lcSublane": 0.3066, "bus_sigma": 0.4974, "bus_tau_mean": 3.3564, "bus_tau_std": 1.7497, "bus_v_mean": 17.5445, "bus_v_std": 14.6361, "car_acc": 3.9423, "car_dcc": 2.2255, "car_lcAssertive": 17.6848, "car_lcCooperative": 0.7261, "car_lcLookaheadLeft": 6.4333, "car_lcPushy": 0.6358, "car_lcSigma": 0.7392, "car_lcSpeedGainRight": 0.9162, "car_lcSublane": 0.4624, "car_sigma": 0.024, "car_tau_mean": 2.7923, "car_tau_std": 3.4062, "car_v_mean": 14.4652, "car_v_std": 6.2138}, "datetime": {"datetime": "2024-08-11 20:28:29", "elapsed": 9980.095363, "delta": 10.336831}}
{"target": -0.4639568867551094, "params": {"bus_acc": 3.3686, "bus_dcc": 1.7152, "bus_lcAssertive": 4.8276, "bus_lcCooperative": 0.2198, "bus_lcLookaheadLeft": 52.3156, "bus_lcPushy": 0.8504, "bus_lcSigma": 0.4217, "bus_lcSpeedGainRight": 4.5485, "bus_lcSublane": 0.1627, "bus_sigma": 0.3571, "bus_tau_mean": 0.8365, "bus_tau_std": 6.076, "bus_v_mean": 9.3171, "bus_v_std": 18.9905, "car_acc": 2.0653, "car_dcc": 3.7337, "car_lcAssertive": 40.098, "car_lcCooperative": 0.3369, "car_lcLookaheadLeft": 65.8579, "car_lcPushy": 0.1272, "car_lcSigma": 0.6515, "car_lcSpeedGainRight": 4.1501, "car_lcSublane": 0.5959, "car_sigma": 0.0376, "car_tau_mean": 2.2501, "car_tau_std": 7.8162, "car_v_mean": 17.5187, "car_v_std": 2.7251}, "datetime": {"datetime": "2024-08-11 20:28:37", "elapsed": 9988.442713, "delta": 8.34735}}
{"target": -0.44203811882163446, "params": {"bus_acc": 1.6248, "bus_dcc": 3.5985, "bus_lcAssertive": 20.7855, "bus_lcCooperative": 0.5796, "bus_lcLookaheadLeft": 24.9694, "bus_lcPushy": 0.4703, "bus_lcSigma": 0.9652, "bus_lcSpeedGainRight": 1.7465, "bus_lcSublane": 0.6905, "bus_sigma": 0.3312, "bus_tau_mean": 3.248, "bus_tau_std": 6.3969, "bus_v_mean": 22.3685, "bus_v_std": 1.2341, "car_acc": 0.8704, "car_dcc": 0.5624, "car_lcAssertive": 98.9592, "car_lcCooperative": 0.4768, "car_lcLookaheadLeft": 13.7626, "car_lcPushy": 0.2916, "car_lcSigma": 0.284, "car_lcSpeedGainRight": 0.3641, "car_lcSublane": 0.7132, "car_sigma": 0.5773, "car_tau_mean": 2.7123, "car_tau_std": 6.9757, "car_v_mean": 24.0418, "car_v_std": 1.5359}, "datetime": {"datetime": "2024-08-11 20:28:44", "elapsed": 9994.969147, "delta": 6.526434}}
{"target": -0.6530652980815258, "params": {"bus_acc": 1.7082, "bus_dcc": 1.9153, "bus_lcAssertive": 64.9864, "bus_lcCooperative": 0.2906, "bus_lcLookaheadLeft": 38.1352, "bus_lcPushy": 0.3317, "bus_lcSigma": 0.7313, "bus_lcSpeedGainRight": 0.0633, "bus_lcSublane": 0.2772, "bus_sigma": 0.0608, "bus_tau_mean": 0.5599, "bus_tau_std": 8.527, "bus_v_mean": 24.5436, "bus_v_std": 13.318, "car_acc": 2.6102, "car_dcc": 0.3168, "car_lcAssertive": 30.1708, "car_lcCooperative": 0.4417, "car_lcLookaheadLeft": 12.924, "car_lcPushy": 0.0523, "car_lcSigma": 0.9434, "car_lcSpeedGainRight": 0.6133, "car_lcSublane": 0.2825, "car_sigma": 0.4191, "car_tau_mean": 3.8362, "car_tau_std": 7.2458, "car_v_mean": 15.3812, "car_v_std": 8.9901}, "datetime": {"datetime": "2024-08-11 20:28:54", "elapsed": 10005.003154, "delta": 10.034007}}
{"target": -0.41764764500667284, "params": {"bus_acc": 2.1241, "bus_dcc": 1.9564, "bus_lcAssertive": 69.042, "bus_lcCooperative": 0.8904, "bus_lcLookaheadLeft": 48.6638, "bus_lcPushy": 0.5301, "bus_lcSigma": 0.7889, "bus_lcSpeedGainRight": 0.3312, "bus_lcSublane": 0.3686, "bus_sigma": 0.6619, "bus_tau_mean": 1.9262, "bus_tau_std": 9.6546, "bus_v_mean": 14.2932, "bus_v_std": 0.1783, "car_acc": 3.9604, "car_dcc": 1.932, "car_lcAssertive": 88.3317, "car_lcCooperative": 0.5634, "car_lcLookaheadLeft": 30.52, "car_lcPushy": 0.4161, "car_lcSigma": 0.2806, "car_lcSpeedGainRight": 2.788, "car_lcSublane": 0.1568, "car_sigma": 0.4948, "car_tau_mean": 3.6945, "car_tau_std": 4.8148, "car_v_mean": 25.5079, "car_v_std": 17.4638}, "datetime": {"datetime": "2024-08-11 20:29:03", "elapsed": 10014.49774, "delta": 9.494586}}
{"target": -0.4564505068581087, "params": {"bus_acc": 1.3591, "bus_dcc": 3.0306, "bus_lcAssertive": 51.7536, "bus_lcCooperative": 0.9404, "bus_lcLookaheadLeft": 76.9138, "bus_lcPushy": 0.8237, "bus_lcSigma": 0.7506, "bus_lcSpeedGainRight": 0.9232, "bus_lcSublane": 0.2243, "bus_sigma": 0.3329, "bus_tau_mean": 3.6515, "bus_tau_std": 7.1333, "bus_v_mean": 17.5197, "bus_v_std": 11.5656, "car_acc": 3.3847, "car_dcc": 0.9158, "car_lcAssertive": 50.817, "car_lcCooperative": 0.469, "car_lcLookaheadLeft": 95.5739, "car_lcPushy": 0.5343, "car_lcSigma": 0.0089, "car_lcSpeedGainRight": 4.7758, "car_lcSublane": 0.7795, "car_sigma": 0.045, "car_tau_mean": 3.8476, "car_tau_std": 5.2939, "car_v_mean": 13.2091, "car_v_std": 17.3326}, "datetime": {"datetime": "2024-08-11 20:29:10", "elapsed": 10021.617563, "delta": 7.119823}}
{"target": -0.45003604598525065, "params": {"bus_acc": 3.7071, "bus_dcc": 2.4501, "bus_lcAssertive": 6.4738, "bus_lcCooperative": 0.2382, "bus_lcLookaheadLeft": 56.9411, "bus_lcPushy": 0.3609, "bus_lcSigma": 0.672, "bus_lcSpeedGainRight": 1.9554, "bus_lcSublane": 0.5139, "bus_sigma": 0.544, "bus_tau_mean": 2.0536, "bus_tau_std": 5.8249, "bus_v_mean": 8.223, "bus_v_std": 13.0158, "car_acc": 1.9992, "car_dcc": 1.5576, "car_lcAssertive": 61.3857, "car_lcCooperative": 0.6596, "car_lcLookaheadLeft": 79.3437, "car_lcPushy": 0.9688, "car_lcSigma": 0.4043, "car_lcSpeedGainRight": 3.7493, "car_lcSublane": 0.3621, "car_sigma": 0.4829, "car_tau_mean": 3.874, "car_tau_std": 0.7283, "car_v_mean": 11.6768, "car_v_std": 4.8937}, "datetime": {"datetime": "2024-08-11 20:29:20", "elapsed": 10030.63129, "delta": 9.013727}}
{"target": -0.46307375891746044, "params": {"bus_acc": 1.5719, "bus_dcc": 0.7802, "bus_lcAssertive": 9.9373, "bus_lcCooperative": 0.9194, "bus_lcLookaheadLeft": 18.8554, "bus_lcPushy": 0.1803, "bus_lcSigma": 0.3069, "bus_lcSpeedGainRight": 2.9853, "bus_lcSublane": 0.6867, "bus_sigma": 0.928, "bus_tau_mean": 2.7114, "bus_tau_std": 2.1424, "bus_v_mean": 17.8796, "bus_v_std": 2.4461, "car_acc": 2.0789, "car_dcc": 2.96, "car_lcAssertive": 45.0539, "car_lcCooperative": 0.2221, "car_lcLookaheadLeft": 53.599, "car_lcPushy": 0.4038, "car_lcSigma": 0.1249, "car_lcSpeedGainRight": 0.7111, "car_lcSublane": 0.7467, "car_sigma": 0.3812, "car_tau_mean": 1.3193, "car_tau_std": 8.2862, "car_v_mean": 15.9629, "car_v_std": 17.7622}, "datetime": {"datetime": "2024-08-11 20:29:28", "elapsed": 10039.604433, "delta": 8.973143}}
{"target": -0.40705100259621974, "params": {"bus_acc": 3.8791, "bus_dcc": 1.0094, "bus_lcAssertive": 14.2231, "bus_lcCooperative": 0.5515, "bus_lcLookaheadLeft": 21.378, "bus_lcPushy": 0.4571, "bus_lcSigma": 0.384, "bus_lcSpeedGainRight": 3.1607, "bus_lcSublane": 0.4807, "bus_sigma": 0.2182, "bus_tau_mean": 2.2745, "bus_tau_std": 6.7053, "bus_v_mean": 10.7046, "bus_v_std": 2.6671, "car_acc": 1.231, "car_dcc": 2.6439, "car_lcAssertive": 65.0011, "car_lcCooperative": 0.5157, "car_lcLookaheadLeft": 13.7232, "car_lcPushy": 0.5409, "car_lcSigma": 0.2168, "car_lcSpeedGainRight": 1.6613, "car_lcSublane": 0.5076, "car_sigma": 0.7402, "car_tau_mean": 1.9856, "car_tau_std": 5.0268, "car_v_mean": 24.402, "car_v_std": 12.0539}, "datetime": {"datetime": "2024-08-11 20:29:38", "elapsed": 10049.254382, "delta": 9.649949}}
{"target": -0.36586012228858994, "params": {"bus_acc": 0.4723, "bus_dcc": 1.4367, "bus_lcAssertive": 30.2559, "bus_lcCooperative": 0.6317, "bus_lcLookaheadLeft": 37.8457, "bus_lcPushy": 0.6597, "bus_lcSigma": 0.9531, "bus_lcSpeedGainRight": 4.8852, "bus_lcSublane": 0.6726, "bus_sigma": 0.2757, "bus_tau_mean": 3.3129, "bus_tau_std": 3.9662, "bus_v_mean": 17.7539, "bus_v_std": 6.529, "car_acc": 2.291, "car_dcc": 0.6847, "car_lcAssertive": 79.5406, "car_lcCooperative": 0.8574, "car_lcLookaheadLeft": 56.2974, "car_lcPushy": 0.1818, "car_lcSigma": 0.7637, "car_lcSpeedGainRight": 4.6183, "car_lcSublane": 0.4797, "car_sigma": 0.3555, "car_tau_mean": 1.3833, "car_tau_std": 3.1193, "car_v_mean": 9.0332, "car_v_std": 1.6302}, "datetime": {"datetime": "2024-08-11 20:29:47", "elapsed": 10057.652142, "delta": 8.39776}}
{"target": -0.3931818314926483, "params": {"bus_acc": 3.8101, "bus_dcc": 3.0908, "bus_lcAssertive": 44.5905, "bus_lcCooperative": 0.637, "bus_lcLookaheadLeft": 17.7662, "bus_lcPushy": 0.9955, "bus_lcSigma": 0.9537, "bus_lcSpeedGainRight": 4.1901, "bus_lcSublane": 0.102, "bus_sigma": 0.4996, "bus_tau_mean": 3.0433, "bus_tau_std": 1.2113, "bus_v_mean": 15.2741, "bus_v_std": 6.5336, "car_acc": 0.9353, "car_dcc": 2.2426, "car_lcAssertive": 21.8725, "car_lcCooperative": 0.3753, "car_lcLookaheadLeft": 37.8705, "car_lcPushy": 0.058, "car_lcSigma": 0.6971, "car_lcSpeedGainRight": 1.3638, "car_lcSublane": 0.6571, "car_sigma": 0.5638, "car_tau_mean": 2.3044, "car_tau_std": 4.4489, "car_v_mean": 10.9844, "car_v_std": 7.0855}, "datetime": {"datetime": "2024-08-11 20:30:01", "elapsed": 10071.823916, "delta": 14.171774}}
{"target": -0.3261549594387606, "params": {"bus_acc": 2.7318, "bus_dcc": 1.5814, "bus_lcAssertive": 56.0812, "bus_lcCooperative": 0.6471, "bus_lcLookaheadLeft": 18.4521, "bus_lcPushy": 0.8716, "bus_lcSigma": 0.2236, "bus_lcSpeedGainRight": 3.982, "bus_lcSublane": 0.3581, "bus_sigma": 0.9422, "bus_tau_mean": 3.9959, "bus_tau_std": 4.1281, "bus_v_mean": 14.7665, "bus_v_std": 7.85, "car_acc": 0.6749, "car_dcc": 3.1298, "car_lcAssertive": 41.6436, "car_lcCooperative": 0.4271, "car_lcLookaheadLeft": 70.8494, "car_lcPushy": 0.7338, "car_lcSigma": 0.1474, "car_lcSpeedGainRight": 2.1205, "car_lcSublane": 0.204, "car_sigma": 0.8622, "car_tau_mean": 3.5579, "car_tau_std": 9.2131, "car_v_mean": 9.2949, "car_v_std": 5.9337}, "datetime": {"datetime": "2024-08-11 20:30:07", "elapsed": 10077.983006, "delta": 6.15909}}
{"target": -0.38294159290048224, "params": {"bus_acc": 0.2974, "bus_dcc": 1.373, "bus_lcAssertive": 55.9476, "bus_lcCooperative": 0.8598, "bus_lcLookaheadLeft": 71.3952, "bus_lcPushy": 0.9487, "bus_lcSigma": 0.3513, "bus_lcSpeedGainRight": 1.8317, "bus_lcSublane": 0.8073, "bus_sigma": 0.8799, "bus_tau_mean": 3.0266, "bus_tau_std": 1.7762, "bus_v_mean": 16.6103, "bus_v_std": 2.3619, "car_acc": 0.6498, "car_dcc": 0.9002, "car_lcAssertive": 51.4117, "car_lcCooperative": 0.1774, "car_lcLookaheadLeft": 6.1307, "car_lcPushy": 0.6698, "car_lcSigma": 0.6721, "car_lcSpeedGainRight": 1.3862, "car_lcSublane": 0.1933, "car_sigma": 0.9434, "car_tau_mean": 2.626, "car_tau_std": 3.8801, "car_v_mean": 17.186, "car_v_std": 10.9301}, "datetime": {"datetime": "2024-08-11 20:30:16", "elapsed": 10087.465288, "delta": 9.482282}}
{"target": -0.4174417003917603, "params": {"bus_acc": 3.0117, "bus_dcc": 0.3028, "bus_lcAssertive": 63.5378, "bus_lcCooperative": 0.0818, "bus_lcLookaheadLeft": 7.7709, "bus_lcPushy": 0.5002, "bus_lcSigma": 0.6188, "bus_lcSpeedGainRight": 2.5028, "bus_lcSublane": 0.8256, "bus_sigma": 0.2259, "bus_tau_mean": 0.6461, "bus_tau_std": 5.9836, "bus_v_mean": 22.6351, "bus_v_std": 11.5005, "car_acc": 2.2797, "car_dcc": 1.212, "car_lcAssertive": 16.8484, "car_lcCooperative": 0.8659, "car_lcLookaheadLeft": 83.937, "car_lcPushy": 0.9896, "car_lcSigma": 0.0362, "car_lcSpeedGainRight": 0.3089, "car_lcSublane": 0.6381, "car_sigma": 0.1101, "car_tau_mean": 1.9473, "car_tau_std": 4.5926, "car_v_mean": 14.4192, "car_v_std": 11.1801}, "datetime": {"datetime": "2024-08-11 20:30:23", "elapsed": 10094.035649, "delta": 6.570361}}
{"target": -0.3594958170293119, "params": {"bus_acc": 1.5689, "bus_dcc": 1.634, "bus_lcAssertive": 22.4363, "bus_lcCooperative": 0.4998, "bus_lcLookaheadLeft": 81.2606, "bus_lcPushy": 0.798, "bus_lcSigma": 0.6896, "bus_lcSpeedGainRight": 3.8337, "bus_lcSublane": 0.1591, "bus_sigma": 0.7221, "bus_tau_mean": 2.5642, "bus_tau_std": 7.0241, "bus_v_mean": 15.6655, "bus_v_std": 5.738, "car_acc": 3.5952, "car_dcc": 1.9624, "car_lcAssertive": 35.2694, "car_lcCooperative": 0.4298, "car_lcLookaheadLeft": 69.4411, "car_lcPushy": 0.6234, "car_lcSigma": 0.8573, "car_lcSpeedGainRight": 2.8444, "car_lcSublane": 0.3358, "car_sigma": 0.7051, "car_tau_mean": 1.6144, "car_tau_std": 5.7655, "car_v_mean": 22.1927, "car_v_std": 17.9335}, "datetime": {"datetime": "2024-08-11 20:30:34", "elapsed": 10105.079279, "delta": 11.04363}}
{"target": -0.5427994555184381, "params": {"bus_acc": 0.2896, "bus_dcc": 2.0751, "bus_lcAssertive": 70.2497, "bus_lcCooperative": 0.9145, "bus_lcLookaheadLeft": 4.3415, "bus_lcPushy": 0.9421, "bus_lcSigma": 0.1513, "bus_lcSpeedGainRight": 4.4129, "bus_lcSublane": 0.8542, "bus_sigma": 0.9101, "bus_tau_mean": 2.0296, "bus_tau_std": 7.5115, "bus_v_mean": 11.2561, "bus_v_std": 15.538, "car_acc": 2.5165, "car_dcc": 0.4241, "car_lcAssertive": 1.9321, "car_lcCooperative": 0.5879, "car_lcLookaheadLeft": 52.5829, "car_lcPushy": 0.987, "car_lcSigma": 0.3132, "car_lcSpeedGainRight": 4.1837, "car_lcSublane": 0.1955, "car_sigma": 0.8742, "car_tau_mean": 0.9159, "car_tau_std": 4.9504, "car_v_mean": 8.7113, "car_v_std": 0.4593}, "datetime": {"datetime": "2024-08-11 20:30:40", "elapsed": 10111.328393, "delta": 6.249114}}
{"target": -0.46273358805166964, "params": {"bus_acc": 2.0093, "bus_dcc": 2.4583, "bus_lcAssertive": 47.6785, "bus_lcCooperative": 0.5586, "bus_lcLookaheadLeft": 52.5526, "bus_lcPushy": 0.3842, "bus_lcSigma": 0.8925, "bus_lcSpeedGainRight": 1.5441, "bus_lcSublane": 0.397, "bus_sigma": 0.0395, "bus_tau_mean": 3.5122, "bus_tau_std": 9.4709, "bus_v_mean": 24.0701, "bus_v_std": 16.5445, "car_acc": 1.7996, "car_dcc": 0.5534, "car_lcAssertive": 47.6276, "car_lcCooperative": 0.5896, "car_lcLookaheadLeft": 4.8023, "car_lcPushy": 0.9128, "car_lcSigma": 0.7752, "car_lcSpeedGainRight": 2.8358, "car_lcSublane": 0.7382, "car_sigma": 0.8427, "car_tau_mean": 2.1905, "car_tau_std": 3.7839, "car_v_mean": 12.8045, "car_v_std": 3.0236}, "datetime": {"datetime": "2024-08-11 20:30:47", "elapsed": 10118.109515, "delta": 6.781122}}
{"target": -0.39970754671063435, "params": {"bus_acc": 3.6428, "bus_dcc": 1.5118, "bus_lcAssertive": 99.3353, "bus_lcCooperative": 0.4532, "bus_lcLookaheadLeft": 2.6996, "bus_lcPushy": 0.5914, "bus_lcSigma": 0.6318, "bus_lcSpeedGainRight": 4.4399, "bus_lcSublane": 0.2271, "bus_sigma": 0.6613, "bus_tau_mean": 2.9723, "bus_tau_std": 2.5567, "bus_v_mean": 21.686, "bus_v_std": 1.9459, "car_acc": 3.0726, "car_dcc": 1.8049, "car_lcAssertive": 62.6639, "car_lcCooperative": 0.3957, "car_lcLookaheadLeft": 96.8234, "car_lcPushy": 0.5591, "car_lcSigma": 0.8328, "car_lcSpeedGainRight": 1.8896, "car_lcSublane": 0.5152, "car_sigma": 0.35, "car_tau_mean": 1.569, "car_tau_std": 4.0874, "car_v_mean": 15.4886, "car_v_std": 2.6294}, "datetime": {"datetime": "2024-08-11 20:30:53", "elapsed": 10124.600565, "delta": 6.49105}}
