{"target": -0.760552268759556, "params": {"bus_acc": 1.9875, "bus_dcc": 3.6981, "bus_lcAssertive": 70.9911, "bus_lcCooperative": 0.5747, "bus_lcLookaheadLeft": 16.9872, "bus_lcPushy": 0.4816, "bus_lcSigma": 0.5515, "bus_lcSpeedGainRight": 2.6613, "bus_lcSublane": 0.9172, "bus_sigma": 0.4865, "bus_tau_mean": 1.1487, "bus_tau_std": 0.9001, "bus_v_mean": 21.4531, "bus_v_std": 10.8623, "car_acc": 1.5995, "car_dcc": 2.0226, "car_lcAssertive": 86.7376, "car_lcCooperative": 0.9619, "car_lcLookaheadLeft": 67.6527, "car_lcPushy": 0.7531, "car_lcSigma": 0.5909, "car_lcSpeedGainRight": 0.1707, "car_lcSublane": 0.1397, "car_sigma": 0.9309, "car_tau_mean": 3.4797, "car_tau_std": 7.1989, "car_v_mean": 15.6453, "car_v_std": 17.226}, "datetime": {"datetime": "2024-09-05 12:19:21", "elapsed": 5417.137949, "delta": 4.90149}}
{"target": -0.5400569221639793, "params": {"bus_acc": 3.6387, "bus_dcc": 1.9849, "bus_lcAssertive": 35.307, "bus_lcCooperative": 0.0048, "bus_lcLookaheadLeft": 57.9774, "bus_lcPushy": 0.3788, "bus_lcSigma": 0.62, "bus_lcSpeedGainRight": 4.3636, "bus_lcSublane": 0.621, "bus_sigma": 0.2732, "bus_tau_mean": 1.2575, "bus_tau_std": 9.5255, "bus_v_mean": 16.2673, "bus_v_std": 7.4943, "car_acc": 3.3553, "car_dcc": 0.9909, "car_lcAssertive": 59.5121, "car_lcCooperative": 0.8757, "car_lcLookaheadLeft": 19.8618, "car_lcPushy": 0.6791, "car_lcSigma": 0.0974, "car_lcSpeedGainRight": 1.259, "car_lcSublane": 0.2783, "car_sigma": 0.51, "car_tau_mean": 3.9491, "car_tau_std": 6.6327, "car_v_mean": 12.4747, "car_v_std": 5.4797}, "datetime": {"datetime": "2024-09-05 12:19:32", "elapsed": 5427.917845, "delta": 10.779896}}
{"target": -0.23254509812336943, "params": {"bus_acc": 0.6347, "bus_dcc": 3.8476, "bus_lcAssertive": 71.848, "bus_lcCooperative": 0.9017, "bus_lcLookaheadLeft": 78.2656, "bus_lcPushy": 0.6022, "bus_lcSigma": 0.7317, "bus_lcSpeedGainRight": 0.0185, "bus_lcSublane": 0.6606, "bus_sigma": 0.9711, "bus_tau_mean": 1.1778, "bus_tau_std": 0.3304, "bus_v_mean": 22.8032, "bus_v_std": 2.4949, "car_acc": 2.5037, "car_dcc": 3.6388, "car_lcAssertive": 61.7415, "car_lcCooperative": 0.591, "car_lcLookaheadLeft": 57.3631, "car_lcPushy": 0.8375, "car_lcSigma": 0.1433, "car_lcSpeedGainRight": 1.9944, "car_lcSublane": 0.4578, "car_sigma": 0.3504, "car_tau_mean": 2.9092, "car_tau_std": 7.6602, "car_v_mean": 9.4486, "car_v_std": 9.371}, "datetime": {"datetime": "2024-09-05 12:19:39", "elapsed": 5435.19353, "delta": 7.275685}}
{"target": -0.2084211427900553, "params": {"bus_acc": 0.7716, "bus_dcc": 2.3369, "bus_lcAssertive": 30.9926, "bus_lcCooperative": 0.5817, "bus_lcLookaheadLeft": 97.1134, "bus_lcPushy": 0.9489, "bus_lcSigma": 0.1474, "bus_lcSpeedGainRight": 2.0831, "bus_lcSublane": 0.9457, "bus_sigma": 0.6295, "bus_tau_mean": 1.8151, "bus_tau_std": 4.6012, "bus_v_mean": 16.9171, "bus_v_std": 9.9921, "car_acc": 1.6115, "car_dcc": 3.1465, "car_lcAssertive": 38.6079, "car_lcCooperative": 0.7489, "car_lcLookaheadLeft": 68.3676, "car_lcPushy": 0.2335, "car_lcSigma": 0.1289, "car_lcSpeedGainRight": 1.3295, "car_lcSublane": 0.166, "car_sigma": 0.7303, "car_tau_mean": 3.3405, "car_tau_std": 5.4708, "car_v_mean": 13.4007, "car_v_std": 9.2277}, "datetime": {"datetime": "2024-09-05 12:19:43", "elapsed": 5439.324563, "delta": 4.131033}}
{"target": -0.21322545700799397, "params": {"bus_acc": 1.6089, "bus_dcc": 3.6318, "bus_lcAssertive": 93.2326, "bus_lcCooperative": 0.8525, "bus_lcLookaheadLeft": 34.2533, "bus_lcPushy": 0.1563, "bus_lcSigma": 0.5679, "bus_lcSpeedGainRight": 1.0845, "bus_lcSublane": 0.9503, "bus_sigma": 0.0293, "bus_tau_mean": 2.8517, "bus_tau_std": 0.917, "bus_v_mean": 13.7593, "bus_v_std": 5.4647, "car_acc": 1.3827, "car_dcc": 3.1137, "car_lcAssertive": 32.2695, "car_lcCooperative": 0.1624, "car_lcLookaheadLeft": 42.0137, "car_lcPushy": 0.36, "car_lcSigma": 0.0271, "car_lcSpeedGainRight": 3.152, "car_lcSublane": 0.028, "car_sigma": 0.6857, "car_tau_mean": 3.7409, "car_tau_std": 2.0185, "car_v_mean": 18.3282, "car_v_std": 14.8934}, "datetime": {"datetime": "2024-09-05 12:19:49", "elapsed": 5445.023527, "delta": 5.698964}}
{"target": -0.13729528458141602, "params": {"bus_acc": 2.6974, "bus_dcc": 2.014, "bus_lcAssertive": 3.3111, "bus_lcCooperative": 0.9376, "bus_lcLookaheadLeft": 13.0592, "bus_lcPushy": 0.0515, "bus_lcSigma": 0.4687, "bus_lcSpeedGainRight": 3.759, "bus_lcSublane": 0.6211, "bus_sigma": 0.8593, "bus_tau_mean": 2.9328, "bus_tau_std": 6.1931, "bus_v_mean": 9.3376, "bus_v_std": 18.1029, "car_acc": 0.5131, "car_dcc": 1.9251, "car_lcAssertive": 5.1473, "car_lcCooperative": 0.3368, "car_lcLookaheadLeft": 45.8609, "car_lcPushy": 0.6843, "car_lcSigma": 0.3511, "car_lcSpeedGainRight": 2.7734, "car_lcSublane": 0.9721, "car_sigma": 0.0741, "car_tau_mean": 2.5108, "car_tau_std": 0.9445, "car_v_mean": 18.8718, "car_v_std": 0.5757}, "datetime": {"datetime": "2024-09-05 12:19:54", "elapsed": 5450.291935, "delta": 5.268408}}
{"target": -0.2421178043735377, "params": {"bus_acc": 1.1377, "bus_dcc": 3.8621, "bus_lcAssertive": 8.8657, "bus_lcCooperative": 0.2107, "bus_lcLookaheadLeft": 6.754, "bus_lcPushy": 0.3456, "bus_lcSigma": 0.2612, "bus_lcSpeedGainRight": 3.5311, "bus_lcSublane": 0.8439, "bus_sigma": 0.8126, "bus_tau_mean": 0.9971, "bus_tau_std": 3.8744, "bus_v_mean": 13.1564, "bus_v_std": 5.408, "car_acc": 3.3866, "car_dcc": 0.3448, "car_lcAssertive": 80.1897, "car_lcCooperative": 0.7047, "car_lcLookaheadLeft": 26.4628, "car_lcPushy": 0.7535, "car_lcSigma": 0.9786, "car_lcSpeedGainRight": 2.5393, "car_lcSublane": 0.4417, "car_sigma": 0.4902, "car_tau_mean": 3.1872, "car_tau_std": 7.0772, "car_v_mean": 25.3162, "car_v_std": 1.2067}, "datetime": {"datetime": "2024-09-05 12:20:15", "elapsed": 5470.776503, "delta": 20.484568}}
{"target": -0.23237957954622745, "params": {"bus_acc": 2.2251, "bus_dcc": 1.5439, "bus_lcAssertive": 80.709, "bus_lcCooperative": 0.1023, "bus_lcLookaheadLeft": 31.2001, "bus_lcPushy": 0.656, "bus_lcSigma": 0.4295, "bus_lcSpeedGainRight": 2.1124, "bus_lcSublane": 0.7606, "bus_sigma": 0.9888, "bus_tau_mean": 3.7489, "bus_tau_std": 6.4634, "bus_v_mean": 13.2904, "bus_v_std": 13.4653, "car_acc": 1.9342, "car_dcc": 0.7274, "car_lcAssertive": 28.2278, "car_lcCooperative": 0.0405, "car_lcLookaheadLeft": 87.9059, "car_lcPushy": 0.5959, "car_lcSigma": 0.2235, "car_lcSpeedGainRight": 3.9598, "car_lcSublane": 0.5675, "car_sigma": 0.5592, "car_tau_mean": 1.1914, "car_tau_std": 3.015, "car_v_mean": 8.299, "car_v_std": 4.6499}, "datetime": {"datetime": "2024-09-05 12:20:27", "elapsed": 5482.951375, "delta": 12.174872}}
{"target": -0.18222297678126453, "params": {"bus_acc": 2.2459, "bus_dcc": 3.9792, "bus_lcAssertive": 89.7144, "bus_lcCooperative": 0.6354, "bus_lcLookaheadLeft": 33.4935, "bus_lcPushy": 0.6945, "bus_lcSigma": 0.612, "bus_lcSpeedGainRight": 0.2917, "bus_lcSublane": 0.0066, "bus_sigma": 0.7765, "bus_tau_mean": 2.8898, "bus_tau_std": 3.8632, "bus_v_mean": 16.3134, "bus_v_std": 8.2274, "car_acc": 0.9411, "car_dcc": 0.3982, "car_lcAssertive": 11.7344, "car_lcCooperative": 0.5456, "car_lcLookaheadLeft": 98.073, "car_lcPushy": 0.0514, "car_lcSigma": 0.5963, "car_lcSpeedGainRight": 2.4172, "car_lcSublane": 0.7003, "car_sigma": 0.0221, "car_tau_mean": 1.5752, "car_tau_std": 3.1075, "car_v_mean": 25.2872, "car_v_std": 4.3996}, "datetime": {"datetime": "2024-09-05 12:20:32", "elapsed": 5488.148725, "delta": 5.19735}}
{"target": -0.2495679656585215, "params": {"bus_acc": 3.6292, "bus_dcc": 0.3062, "bus_lcAssertive": 12.4192, "bus_lcCooperative": 0.0231, "bus_lcLookaheadLeft": 74.815, "bus_lcPushy": 0.0258, "bus_lcSigma": 0.1938, "bus_lcSpeedGainRight": 2.3522, "bus_lcSublane": 0.16, "bus_sigma": 0.6274, "bus_tau_mean": 2.8854, "bus_tau_std": 2.7782, "bus_v_mean": 11.6393, "bus_v_std": 7.3807, "car_acc": 1.3219, "car_dcc": 3.7508, "car_lcAssertive": 43.1695, "car_lcCooperative": 0.4444, "car_lcLookaheadLeft": 86.0356, "car_lcPushy": 0.0033, "car_lcSigma": 0.3109, "car_lcSpeedGainRight": 3.998, "car_lcSublane": 0.2951, "car_sigma": 0.8515, "car_tau_mean": 2.85, "car_tau_std": 5.5221, "car_v_mean": 17.6524, "car_v_std": 17.6815}, "datetime": {"datetime": "2024-09-05 12:20:34", "elapsed": 5490.429877, "delta": 2.281152}}
{"target": -0.16586060013524898, "params": {"bus_acc": 0.6978, "bus_dcc": 0.9899, "bus_lcAssertive": 57.9607, "bus_lcCooperative": 0.2153, "bus_lcLookaheadLeft": 40.5018, "bus_lcPushy": 0.95, "bus_lcSigma": 0.0913, "bus_lcSpeedGainRight": 4.1778, "bus_lcSublane": 0.6829, "bus_sigma": 0.6161, "bus_tau_mean": 2.4209, "bus_tau_std": 9.8962, "bus_v_mean": 16.1334, "bus_v_std": 12.0731, "car_acc": 2.5153, "car_dcc": 3.4049, "car_lcAssertive": 85.738, "car_lcCooperative": 0.9345, "car_lcLookaheadLeft": 94.2614, "car_lcPushy": 0.5162, "car_lcSigma": 0.6937, "car_lcSpeedGainRight": 1.9384, "car_lcSublane": 0.4362, "car_sigma": 0.0367, "car_tau_mean": 3.6277, "car_tau_std": 3.0871, "car_v_mean": 25.3777, "car_v_std": 14.5047}, "datetime": {"datetime": "2024-09-05 12:20:39", "elapsed": 5495.079993, "delta": 4.650116}}
{"target": -0.8449693111140398, "params": {"bus_acc": 3.236, "bus_dcc": 0.5571, "bus_lcAssertive": 70.9481, "bus_lcCooperative": 0.3885, "bus_lcLookaheadLeft": 74.3151, "bus_lcPushy": 0.3805, "bus_lcSigma": 0.8834, "bus_lcSpeedGainRight": 4.8446, "bus_lcSublane": 0.4609, "bus_sigma": 0.4785, "bus_tau_mean": 1.2443, "bus_tau_std": 0.0665, "bus_v_mean": 10.2567, "bus_v_std": 18.1391, "car_acc": 2.5005, "car_dcc": 0.6018, "car_lcAssertive": 23.8344, "car_lcCooperative": 0.1848, "car_lcLookaheadLeft": 82.437, "car_lcPushy": 0.2964, "car_lcSigma": 0.5707, "car_lcSpeedGainRight": 1.5889, "car_lcSublane": 0.8833, "car_sigma": 0.6848, "car_tau_mean": 0.6439, "car_tau_std": 5.9691, "car_v_mean": 24.1722, "car_v_std": 15.934}, "datetime": {"datetime": "2024-09-05 12:20:45", "elapsed": 5500.930946, "delta": 5.850953}}
{"target": -0.17804228354903986, "params": {"bus_acc": 2.113, "bus_dcc": 2.8181, "bus_lcAssertive": 2.1078, "bus_lcCooperative": 0.3416, "bus_lcLookaheadLeft": 93.9532, "bus_lcPushy": 0.5661, "bus_lcSigma": 0.4861, "bus_lcSpeedGainRight": 4.6961, "bus_lcSublane": 0.6466, "bus_sigma": 0.573, "bus_tau_mean": 0.8392, "bus_tau_std": 6.1609, "bus_v_mean": 14.8696, "bus_v_std": 7.8624, "car_acc": 3.718, "car_dcc": 2.8128, "car_lcAssertive": 82.1841, "car_lcCooperative": 0.5111, "car_lcLookaheadLeft": 98.643, "car_lcPushy": 0.2842, "car_lcSigma": 0.204, "car_lcSpeedGainRight": 0.6228, "car_lcSublane": 0.5594, "car_sigma": 0.7591, "car_tau_mean": 3.2024, "car_tau_std": 5.1468, "car_v_mean": 16.4234, "car_v_std": 11.702}, "datetime": {"datetime": "2024-09-05 12:20:54", "elapsed": 5509.682449, "delta": 8.751503}}
{"target": -0.18173665539976944, "params": {"bus_acc": 1.8593, "bus_dcc": 2.939, "bus_lcAssertive": 88.5568, "bus_lcCooperative": 0.2054, "bus_lcLookaheadLeft": 13.3418, "bus_lcPushy": 0.6724, "bus_lcSigma": 0.7998, "bus_lcSpeedGainRight": 4.9021, "bus_lcSublane": 0.0212, "bus_sigma": 0.271, "bus_tau_mean": 3.6978, "bus_tau_std": 6.5669, "bus_v_mean": 23.789, "bus_v_std": 3.0648, "car_acc": 3.6255, "car_dcc": 3.6927, "car_lcAssertive": 59.8262, "car_lcCooperative": 0.1507, "car_lcLookaheadLeft": 57.3756, "car_lcPushy": 0.8282, "car_lcSigma": 0.9678, "car_lcSpeedGainRight": 1.7399, "car_lcSublane": 0.7563, "car_sigma": 0.6837, "car_tau_mean": 1.1852, "car_tau_std": 8.2619, "car_v_mean": 18.402, "car_v_std": 11.4172}, "datetime": {"datetime": "2024-09-05 12:21:04", "elapsed": 5519.882334, "delta": 10.199885}}
{"target": -0.15871527094186216, "params": {"bus_acc": 0.8643, "bus_dcc": 1.9279, "bus_lcAssertive": 40.5021, "bus_lcCooperative": 0.7026, "bus_lcLookaheadLeft": 8.7352, "bus_lcPushy": 0.8854, "bus_lcSigma": 0.5133, "bus_lcSpeedGainRight": 3.4215, "bus_lcSublane": 0.001, "bus_sigma": 0.5445, "bus_tau_mean": 2.3966, "bus_tau_std": 6.9244, "bus_v_mean": 16.5352, "bus_v_std": 19.1033, "car_acc": 3.7134, "car_dcc": 3.1011, "car_lcAssertive": 10.3805, "car_lcCooperative": 0.9915, "car_lcLookaheadLeft": 82.7015, "car_lcPushy": 0.2377, "car_lcSigma": 0.2753, "car_lcSpeedGainRight": 3.6425, "car_lcSublane": 0.285, "car_sigma": 0.9085, "car_tau_mean": 3.0373, "car_tau_std": 6.3785, "car_v_mean": 15.9852, "car_v_std": 2.0496}, "datetime": {"datetime": "2024-09-05 12:21:09", "elapsed": 5525.149112, "delta": 5.266778}}
{"target": -0.19885300744419218, "params": {"bus_acc": 1.9376, "bus_dcc": 0.5087, "bus_lcAssertive": 82.1655, "bus_lcCooperative": 0.9553, "bus_lcLookaheadLeft": 99.9066, "bus_lcPushy": 0.1804, "bus_lcSigma": 0.2701, "bus_lcSpeedGainRight": 3.5373, "bus_lcSublane": 0.7282, "bus_sigma": 0.8367, "bus_tau_mean": 3.476, "bus_tau_std": 8.2593, "bus_v_mean": 10.1833, "bus_v_std": 9.4492, "car_acc": 1.1982, "car_dcc": 1.901, "car_lcAssertive": 4.828, "car_lcCooperative": 0.5589, "car_lcLookaheadLeft": 98.8365, "car_lcPushy": 0.0991, "car_lcSigma": 0.6552, "car_lcSpeedGainRight": 3.4595, "car_lcSublane": 0.3984, "car_sigma": 0.0633, "car_tau_mean": 2.7967, "car_tau_std": 3.5916, "car_v_mean": 13.8422, "car_v_std": 16.1062}, "datetime": {"datetime": "2024-09-05 12:21:39", "elapsed": 5555.251849, "delta": 30.102737}}
{"target": -0.18202098794513336, "params": {"bus_acc": 1.3078, "bus_dcc": 3.9606, "bus_lcAssertive": 32.4185, "bus_lcCooperative": 0.3503, "bus_lcLookaheadLeft": 25.4859, "bus_lcPushy": 0.3381, "bus_lcSigma": 0.1028, "bus_lcSpeedGainRight": 2.5897, "bus_lcSublane": 0.0635, "bus_sigma": 0.0436, "bus_tau_mean": 1.2839, "bus_tau_std": 5.6662, "bus_v_mean": 21.3421, "bus_v_std": 19.355, "car_acc": 1.5551, "car_dcc": 2.3228, "car_lcAssertive": 1.5638, "car_lcCooperative": 0.6354, "car_lcLookaheadLeft": 22.5564, "car_lcPushy": 0.7189, "car_lcSigma": 0.7613, "car_lcSpeedGainRight": 0.8218, "car_lcSublane": 0.1116, "car_sigma": 0.4478, "car_tau_mean": 3.2321, "car_tau_std": 1.5347, "car_v_mean": 22.9251, "car_v_std": 4.0773}, "datetime": {"datetime": "2024-09-05 12:21:48", "elapsed": 5564.371729, "delta": 9.11988}}
{"target": -0.16856927993258275, "params": {"bus_acc": 0.6382, "bus_dcc": 1.0041, "bus_lcAssertive": 5.99, "bus_lcCooperative": 0.8308, "bus_lcLookaheadLeft": 45.7692, "bus_lcPushy": 0.4783, "bus_lcSigma": 0.6295, "bus_lcSpeedGainRight": 4.1693, "bus_lcSublane": 0.6659, "bus_sigma": 0.5931, "bus_tau_mean": 3.5073, "bus_tau_std": 0.9258, "bus_v_mean": 25.6063, "bus_v_std": 11.2913, "car_acc": 2.7902, "car_dcc": 3.0583, "car_lcAssertive": 27.6818, "car_lcCooperative": 0.8074, "car_lcLookaheadLeft": 21.4702, "car_lcPushy": 0.7823, "car_lcSigma": 0.7899, "car_lcSpeedGainRight": 1.8631, "car_lcSublane": 0.7853, "car_sigma": 0.9834, "car_tau_mean": 2.7496, "car_tau_std": 9.1332, "car_v_mean": 17.4028, "car_v_std": 19.6209}, "datetime": {"datetime": "2024-09-05 12:21:58", "elapsed": 5573.71235, "delta": 9.340621}}
{"target": -0.25653936874044486, "params": {"bus_acc": 2.6635, "bus_dcc": 0.5855, "bus_lcAssertive": 92.7607, "bus_lcCooperative": 0.3831, "bus_lcLookaheadLeft": 50.0743, "bus_lcPushy": 0.4586, "bus_lcSigma": 0.0884, "bus_lcSpeedGainRight": 1.6804, "bus_lcSublane": 0.8698, "bus_sigma": 0.2502, "bus_tau_mean": 3.8428, "bus_tau_std": 0.8966, "bus_v_mean": 12.4252, "bus_v_std": 0.6198, "car_acc": 2.8616, "car_dcc": 0.6156, "car_lcAssertive": 99.4367, "car_lcCooperative": 0.0309, "car_lcLookaheadLeft": 28.1172, "car_lcPushy": 0.3728, "car_lcSigma": 0.6735, "car_lcSpeedGainRight": 1.6926, "car_lcSublane": 0.6515, "car_sigma": 0.5345, "car_tau_mean": 3.4245, "car_tau_std": 9.063, "car_v_mean": 12.2557, "car_v_std": 7.961}, "datetime": {"datetime": "2024-09-05 12:22:07", "elapsed": 5583.014572, "delta": 9.302222}}
{"target": -0.4335433224313023, "params": {"bus_acc": 2.8405, "bus_dcc": 0.5889, "bus_lcAssertive": 10.7121, "bus_lcCooperative": 0.1164, "bus_lcLookaheadLeft": 79.0149, "bus_lcPushy": 0.4941, "bus_lcSigma": 0.1164, "bus_lcSpeedGainRight": 3.8048, "bus_lcSublane": 0.0626, "bus_sigma": 0.3724, "bus_tau_mean": 3.9727, "bus_tau_std": 3.084, "bus_v_mean": 21.4374, "bus_v_std": 0.9968, "car_acc": 3.1923, "car_dcc": 2.3541, "car_lcAssertive": 16.0238, "car_lcCooperative": 0.4797, "car_lcLookaheadLeft": 41.3164, "car_lcPushy": 0.1699, "car_lcSigma": 0.8556, "car_lcSpeedGainRight": 3.553, "car_lcSublane": 0.4092, "car_sigma": 0.0056, "car_tau_mean": 2.2851, "car_tau_std": 1.1303, "car_v_mean": 13.2141, "car_v_std": 17.1979}, "datetime": {"datetime": "2024-09-05 12:22:25", "elapsed": 5600.734959, "delta": 17.720387}}
{"target": -0.22536085543783993, "params": {"bus_acc": 3.286, "bus_dcc": 3.1981, "bus_lcAssertive": 75.4506, "bus_lcCooperative": 0.7057, "bus_lcLookaheadLeft": 47.2689, "bus_lcPushy": 0.1222, "bus_lcSigma": 0.0914, "bus_lcSpeedGainRight": 2.0199, "bus_lcSublane": 0.225, "bus_sigma": 0.3984, "bus_tau_mean": 0.657, "bus_tau_std": 2.7471, "bus_v_mean": 17.0366, "bus_v_std": 8.6653, "car_acc": 1.0311, "car_dcc": 2.77, "car_lcAssertive": 82.9287, "car_lcCooperative": 0.3045, "car_lcLookaheadLeft": 43.6984, "car_lcPushy": 0.4626, "car_lcSigma": 0.7225, "car_lcSpeedGainRight": 3.155, "car_lcSublane": 0.6531, "car_sigma": 0.4207, "car_tau_mean": 1.632, "car_tau_std": 7.1686, "car_v_mean": 11.6566, "car_v_std": 17.6288}, "datetime": {"datetime": "2024-09-05 12:22:37", "elapsed": 5613.289977, "delta": 12.555018}}
{"target": -0.19532397659559364, "params": {"bus_acc": 3.1092, "bus_dcc": 1.3346, "bus_lcAssertive": 25.7641, "bus_lcCooperative": 0.0695, "bus_lcLookaheadLeft": 13.4958, "bus_lcPushy": 0.5694, "bus_lcSigma": 0.7159, "bus_lcSpeedGainRight": 2.5019, "bus_lcSublane": 0.3621, "bus_sigma": 0.4189, "bus_tau_mean": 2.1837, "bus_tau_std": 0.2525, "bus_v_mean": 14.6388, "bus_v_std": 8.3226, "car_acc": 2.805, "car_dcc": 1.9317, "car_lcAssertive": 4.8796, "car_lcCooperative": 0.6932, "car_lcLookaheadLeft": 91.1903, "car_lcPushy": 0.413, "car_lcSigma": 0.1946, "car_lcSpeedGainRight": 2.6228, "car_lcSublane": 0.3921, "car_sigma": 0.781, "car_tau_mean": 2.8659, "car_tau_std": 2.6245, "car_v_mean": 8.0254, "car_v_std": 4.6735}, "datetime": {"datetime": "2024-09-05 12:22:42", "elapsed": 5618.101867, "delta": 4.81189}}
{"target": -0.5096288498950918, "params": {"bus_acc": 0.9203, "bus_dcc": 0.7664, "bus_lcAssertive": 58.068, "bus_lcCooperative": 0.3669, "bus_lcLookaheadLeft": 82.8491, "bus_lcPushy": 0.7674, "bus_lcSigma": 0.0377, "bus_lcSpeedGainRight": 2.6927, "bus_lcSublane": 0.1194, "bus_sigma": 0.7648, "bus_tau_mean": 2.7529, "bus_tau_std": 9.0704, "bus_v_mean": 24.5653, "bus_v_std": 11.9012, "car_acc": 1.5106, "car_dcc": 2.1498, "car_lcAssertive": 38.9318, "car_lcCooperative": 0.1656, "car_lcLookaheadLeft": 16.4683, "car_lcPushy": 0.9606, "car_lcSigma": 0.6074, "car_lcSpeedGainRight": 2.8472, "car_lcSublane": 0.8266, "car_sigma": 0.4886, "car_tau_mean": 1.6517, "car_tau_std": 8.3318, "car_v_mean": 9.6023, "car_v_std": 0.2165}, "datetime": {"datetime": "2024-09-05 12:22:51", "elapsed": 5626.99324, "delta": 8.891373}}
{"target": -0.24238894397996633, "params": {"bus_acc": 1.4651, "bus_dcc": 2.6843, "bus_lcAssertive": 56.2608, "bus_lcCooperative": 0.9147, "bus_lcLookaheadLeft": 96.9471, "bus_lcPushy": 0.6301, "bus_lcSigma": 0.2778, "bus_lcSpeedGainRight": 3.8224, "bus_lcSublane": 0.1063, "bus_sigma": 0.8112, "bus_tau_mean": 1.2198, "bus_tau_std": 7.3825, "bus_v_mean": 13.234, "bus_v_std": 1.6907, "car_acc": 0.903, "car_dcc": 2.7228, "car_lcAssertive": 5.2341, "car_lcCooperative": 0.2703, "car_lcLookaheadLeft": 94.9629, "car_lcPushy": 0.2736, "car_lcSigma": 0.0041, "car_lcSpeedGainRight": 1.6247, "car_lcSublane": 0.4559, "car_sigma": 0.4215, "car_tau_mean": 1.5178, "car_tau_std": 4.9066, "car_v_mean": 8.1751, "car_v_std": 2.2357}, "datetime": {"datetime": "2024-09-05 12:23:00", "elapsed": 5635.670293, "delta": 8.677053}}
{"target": -0.18000002172527466, "params": {"bus_acc": 2.1639, "bus_dcc": 3.2288, "bus_lcAssertive": 42.4997, "bus_lcCooperative": 0.8998, "bus_lcLookaheadLeft": 51.0099, "bus_lcPushy": 0.7017, "bus_lcSigma": 0.0865, "bus_lcSpeedGainRight": 2.0195, "bus_lcSublane": 0.9321, "bus_sigma": 0.1164, "bus_tau_mean": 3.8081, "bus_tau_std": 3.7993, "bus_v_mean": 19.2744, "bus_v_std": 12.7858, "car_acc": 1.8835, "car_dcc": 3.9505, "car_lcAssertive": 60.1981, "car_lcCooperative": 0.8241, "car_lcLookaheadLeft": 52.7742, "car_lcPushy": 0.4986, "car_lcSigma": 0.7338, "car_lcSpeedGainRight": 2.5272, "car_lcSublane": 0.6255, "car_sigma": 0.7339, "car_tau_mean": 1.7251, "car_tau_std": 8.7381, "car_v_mean": 21.8197, "car_v_std": 3.4332}, "datetime": {"datetime": "2024-09-05 12:23:06", "elapsed": 5642.354053, "delta": 6.68376}}
{"target": -0.20160337146820762, "params": {"bus_acc": 2.496, "bus_dcc": 2.8405, "bus_lcAssertive": 85.9253, "bus_lcCooperative": 0.504, "bus_lcLookaheadLeft": 43.3289, "bus_lcPushy": 0.2892, "bus_lcSigma": 0.8202, "bus_lcSpeedGainRight": 3.2365, "bus_lcSublane": 0.0337, "bus_sigma": 0.1406, "bus_tau_mean": 2.8387, "bus_tau_std": 5.5028, "bus_v_mean": 18.8983, "bus_v_std": 2.0739, "car_acc": 1.6611, "car_dcc": 3.4701, "car_lcAssertive": 37.1939, "car_lcCooperative": 0.063, "car_lcLookaheadLeft": 48.3121, "car_lcPushy": 0.0212, "car_lcSigma": 0.2301, "car_lcSpeedGainRight": 3.9475, "car_lcSublane": 0.6319, "car_sigma": 0.01, "car_tau_mean": 1.0902, "car_tau_std": 1.8159, "car_v_mean": 23.6064, "car_v_std": 16.606}, "datetime": {"datetime": "2024-09-05 12:23:20", "elapsed": 5656.13527, "delta": 13.781217}}
