{"target": -0.22821494432792921, "params": {"bus_acc": 0.5174, "bus_dcc": 3.8278, "bus_lcAssertive": 18.0363, "bus_lcCooperative": 0.4079, "bus_lcLookaheadLeft": 12.0904, "bus_lcPushy": 0.4622, "bus_lcSigma": 0.6425, "bus_lcSpeedGainRight": 2.2072, "bus_lcSublane": 0.1989, "bus_sigma": 0.8466, "bus_tau_mean": 3.4896, "bus_tau_std": 8.4915, "bus_v_mean": 10.1513, "bus_v_std": 15.0537, "car_acc": 3.3455, "car_dcc": 3.5354, "car_lcAssertive": 48.4489, "car_lcCooperative": 0.2056, "car_lcLookaheadLeft": 95.3968, "car_lcPushy": 0.5754, "car_lcSigma": 0.1441, "car_lcSpeedGainRight": 3.9543, "car_lcSublane": 0.9452, "car_sigma": 0.8948, "car_tau_mean": 0.8509, "car_tau_std": 9.2167, "car_v_mean": 12.4658, "car_v_std": 7.2271}, "datetime": {"datetime": "2024-09-05 14:04:07", "elapsed": 11703.399913, "delta": 26.332394}}
{"target": -0.14716897496384654, "params": {"bus_acc": 1.5425, "bus_dcc": 0.4003, "bus_lcAssertive": 61.4964, "bus_lcCooperative": 0.5408, "bus_lcLookaheadLeft": 57.1384, "bus_lcPushy": 0.7401, "bus_lcSigma": 0.862, "bus_lcSpeedGainRight": 4.9412, "bus_lcSublane": 0.1875, "bus_sigma": 0.9028, "bus_tau_mean": 2.5201, "bus_tau_std": 3.5668, "bus_v_mean": 10.411, "bus_v_std": 3.139, "car_acc": 0.371, "car_dcc": 0.3373, "car_lcAssertive": 79.2897, "car_lcCooperative": 0.264, "car_lcLookaheadLeft": 10.5696, "car_lcPushy": 0.7694, "car_lcSigma": 0.7111, "car_lcSpeedGainRight": 2.0337, "car_lcSublane": 0.4466, "car_sigma": 0.8129, "car_tau_mean": 1.7014, "car_tau_std": 8.3871, "car_v_mean": 13.4593, "car_v_std": 13.5005}, "datetime": {"datetime": "2024-09-05 14:04:17", "elapsed": 11713.08654, "delta": 9.686627}}
{"target": -0.1725790985148505, "params": {"bus_acc": 3.524, "bus_dcc": 2.0851, "bus_lcAssertive": 44.2059, "bus_lcCooperative": 0.0418, "bus_lcLookaheadLeft": 92.4517, "bus_lcPushy": 0.1375, "bus_lcSigma": 0.4789, "bus_lcSpeedGainRight": 4.4691, "bus_lcSublane": 0.3259, "bus_sigma": 0.3911, "bus_tau_mean": 3.2957, "bus_tau_std": 8.5377, "bus_v_mean": 17.8391, "bus_v_std": 14.7409, "car_acc": 3.9997, "car_dcc": 3.1052, "car_lcAssertive": 29.4393, "car_lcCooperative": 0.0006, "car_lcLookaheadLeft": 28.8608, "car_lcPushy": 0.814, "car_lcSigma": 0.7311, "car_lcSpeedGainRight": 4.746, "car_lcSublane": 0.6858, "car_sigma": 0.7157, "car_tau_mean": 2.8625, "car_tau_std": 6.4003, "car_v_mean": 10.0385, "car_v_std": 17.1177}, "datetime": {"datetime": "2024-09-05 14:04:31", "elapsed": 11727.131266, "delta": 14.044726}}
{"target": -0.22643160189529896, "params": {"bus_acc": 0.4697, "bus_dcc": 2.1241, "bus_lcAssertive": 55.8397, "bus_lcCooperative": 0.4679, "bus_lcLookaheadLeft": 13.9504, "bus_lcPushy": 0.8202, "bus_lcSigma": 0.045, "bus_lcSpeedGainRight": 4.4078, "bus_lcSublane": 0.7526, "bus_sigma": 0.985, "bus_tau_mean": 3.4174, "bus_tau_std": 9.5785, "bus_v_mean": 10.533, "bus_v_std": 1.3926, "car_acc": 3.4783, "car_dcc": 3.2084, "car_lcAssertive": 71.5008, "car_lcCooperative": 0.3208, "car_lcLookaheadLeft": 67.257, "car_lcPushy": 0.6966, "car_lcSigma": 0.3715, "car_lcSpeedGainRight": 4.2305, "car_lcSublane": 0.2878, "car_sigma": 0.9489, "car_tau_mean": 3.1521, "car_tau_std": 3.9397, "car_v_mean": 12.3168, "car_v_std": 4.8542}, "datetime": {"datetime": "2024-09-05 14:04:44", "elapsed": 11739.472868, "delta": 12.341602}}
{"target": -0.18333847712633086, "params": {"bus_acc": 2.765, "bus_dcc": 3.7485, "bus_lcAssertive": 61.0453, "bus_lcCooperative": 0.3104, "bus_lcLookaheadLeft": 23.4614, "bus_lcPushy": 0.0155, "bus_lcSigma": 0.5978, "bus_lcSpeedGainRight": 3.3508, "bus_lcSublane": 0.0952, "bus_sigma": 0.4117, "bus_tau_mean": 3.5362, "bus_tau_std": 0.8424, "bus_v_mean": 17.1848, "bus_v_std": 6.2179, "car_acc": 3.1022, "car_dcc": 1.9893, "car_lcAssertive": 37.2467, "car_lcCooperative": 0.2877, "car_lcLookaheadLeft": 94.7053, "car_lcPushy": 0.0015, "car_lcSigma": 0.8541, "car_lcSpeedGainRight": 3.1774, "car_lcSublane": 0.2618, "car_sigma": 0.523, "car_tau_mean": 2.0401, "car_tau_std": 4.4619, "car_v_mean": 11.7501, "car_v_std": 11.9589}, "datetime": {"datetime": "2024-09-05 14:04:57", "elapsed": 11752.913547, "delta": 13.440679}}
{"target": -0.22238107907527438, "params": {"bus_acc": 0.2415, "bus_dcc": 2.5781, "bus_lcAssertive": 76.0924, "bus_lcCooperative": 0.4583, "bus_lcLookaheadLeft": 98.7895, "bus_lcPushy": 0.9624, "bus_lcSigma": 0.598, "bus_lcSpeedGainRight": 4.9205, "bus_lcSublane": 0.0782, "bus_sigma": 0.8546, "bus_tau_mean": 1.043, "bus_tau_std": 9.7146, "bus_v_mean": 25.7478, "bus_v_std": 13.4571, "car_acc": 2.6573, "car_dcc": 2.7517, "car_lcAssertive": 48.5191, "car_lcCooperative": 0.5027, "car_lcLookaheadLeft": 28.5475, "car_lcPushy": 0.8297, "car_lcSigma": 0.2627, "car_lcSpeedGainRight": 4.4697, "car_lcSublane": 0.3238, "car_sigma": 0.6815, "car_tau_mean": 1.1112, "car_tau_std": 5.8024, "car_v_mean": 21.2692, "car_v_std": 9.5719}, "datetime": {"datetime": "2024-09-05 14:05:13", "elapsed": 11768.542986, "delta": 15.629439}}
{"target": -0.2122577182118526, "params": {"bus_acc": 1.661, "bus_dcc": 0.3211, "bus_lcAssertive": 42.4278, "bus_lcCooperative": 0.2146, "bus_lcLookaheadLeft": 47.4968, "bus_lcPushy": 0.4717, "bus_lcSigma": 0.1145, "bus_lcSpeedGainRight": 0.021, "bus_lcSublane": 0.4003, "bus_sigma": 0.3107, "bus_tau_mean": 3.739, "bus_tau_std": 3.9536, "bus_v_mean": 13.5435, "bus_v_std": 0.3321, "car_acc": 2.7903, "car_dcc": 1.4917, "car_lcAssertive": 17.8896, "car_lcCooperative": 0.7727, "car_lcLookaheadLeft": 92.9381, "car_lcPushy": 0.8902, "car_lcSigma": 0.0225, "car_lcSpeedGainRight": 1.8773, "car_lcSublane": 0.8541, "car_sigma": 0.9969, "car_tau_mean": 3.5223, "car_tau_std": 7.594, "car_v_mean": 13.2704, "car_v_std": 10.7598}, "datetime": {"datetime": "2024-09-05 14:05:28", "elapsed": 11783.576132, "delta": 15.033146}}
{"target": -0.1877305900957954, "params": {"bus_acc": 3.6344, "bus_dcc": 0.3185, "bus_lcAssertive": 93.9036, "bus_lcCooperative": 0.5941, "bus_lcLookaheadLeft": 40.6957, "bus_lcPushy": 0.4452, "bus_lcSigma": 0.1627, "bus_lcSpeedGainRight": 2.3162, "bus_lcSublane": 0.1609, "bus_sigma": 0.823, "bus_tau_mean": 1.0428, "bus_tau_std": 0.7929, "bus_v_mean": 17.1664, "bus_v_std": 7.9622, "car_acc": 3.73, "car_dcc": 2.2996, "car_lcAssertive": 86.2804, "car_lcCooperative": 0.4019, "car_lcLookaheadLeft": 81.387, "car_lcPushy": 0.6446, "car_lcSigma": 0.312, "car_lcSpeedGainRight": 1.1962, "car_lcSublane": 0.93, "car_sigma": 0.7671, "car_tau_mean": 0.8079, "car_tau_std": 7.0464, "car_v_mean": 18.1948, "car_v_std": 18.9484}, "datetime": {"datetime": "2024-09-05 14:06:01", "elapsed": 11817.126421, "delta": 33.550289}}
{"target": -0.24753071928739226, "params": {"bus_acc": 1.9356, "bus_dcc": 1.2126, "bus_lcAssertive": 11.6638, "bus_lcCooperative": 0.8453, "bus_lcLookaheadLeft": 72.1465, "bus_lcPushy": 0.6591, "bus_lcSigma": 0.5735, "bus_lcSpeedGainRight": 0.5166, "bus_lcSublane": 0.7932, "bus_sigma": 0.8316, "bus_tau_mean": 2.3623, "bus_tau_std": 9.8455, "bus_v_mean": 20.2909, "bus_v_std": 17.0225, "car_acc": 3.1028, "car_dcc": 0.3454, "car_lcAssertive": 2.8248, "car_lcCooperative": 0.3453, "car_lcLookaheadLeft": 89.0108, "car_lcPushy": 0.4151, "car_lcSigma": 0.9653, "car_lcSpeedGainRight": 2.1366, "car_lcSublane": 0.7307, "car_sigma": 0.9009, "car_tau_mean": 2.2526, "car_tau_std": 4.9766, "car_v_mean": 12.9013, "car_v_std": 13.3912}, "datetime": {"datetime": "2024-09-05 14:06:18", "elapsed": 11833.969866, "delta": 16.843445}}
{"target": -0.1821294059381439, "params": {"bus_acc": 2.2687, "bus_dcc": 0.3139, "bus_lcAssertive": 88.9395, "bus_lcCooperative": 0.7273, "bus_lcLookaheadLeft": 70.5163, "bus_lcPushy": 0.0938, "bus_lcSigma": 0.1417, "bus_lcSpeedGainRight": 4.452, "bus_lcSublane": 0.8923, "bus_sigma": 0.8081, "bus_tau_mean": 3.0455, "bus_tau_std": 8.7646, "bus_v_mean": 10.2807, "bus_v_std": 5.8659, "car_acc": 0.7126, "car_dcc": 3.7054, "car_lcAssertive": 12.7319, "car_lcCooperative": 0.1538, "car_lcLookaheadLeft": 39.4063, "car_lcPushy": 0.8303, "car_lcSigma": 0.1534, "car_lcSpeedGainRight": 3.3435, "car_lcSublane": 0.3369, "car_sigma": 0.2759, "car_tau_mean": 1.8119, "car_tau_std": 0.7409, "car_v_mean": 11.7519, "car_v_std": 0.0295}, "datetime": {"datetime": "2024-09-05 14:06:33", "elapsed": 11848.529157, "delta": 14.559291}}
{"target": -0.18993915730582844, "params": {"bus_acc": 3.2318, "bus_dcc": 1.5184, "bus_lcAssertive": 87.3328, "bus_lcCooperative": 0.8277, "bus_lcLookaheadLeft": 24.3778, "bus_lcPushy": 0.0743, "bus_lcSigma": 0.9943, "bus_lcSpeedGainRight": 4.7132, "bus_lcSublane": 0.8443, "bus_sigma": 0.554, "bus_tau_mean": 0.6589, "bus_tau_std": 9.5078, "bus_v_mean": 9.5572, "bus_v_std": 13.3304, "car_acc": 2.9749, "car_dcc": 1.6681, "car_lcAssertive": 37.4418, "car_lcCooperative": 0.5545, "car_lcLookaheadLeft": 8.8949, "car_lcPushy": 0.2129, "car_lcSigma": 0.0291, "car_lcSpeedGainRight": 0.8938, "car_lcSublane": 0.2211, "car_sigma": 0.789, "car_tau_mean": 1.251, "car_tau_std": 5.4404, "car_v_mean": 14.3716, "car_v_std": 3.2718}, "datetime": {"datetime": "2024-09-05 14:06:59", "elapsed": 11875.108347, "delta": 26.57919}}
{"target": -0.1895375077237154, "params": {"bus_acc": 2.2419, "bus_dcc": 3.8037, "bus_lcAssertive": 34.7021, "bus_lcCooperative": 0.0281, "bus_lcLookaheadLeft": 8.4464, "bus_lcPushy": 0.3263, "bus_lcSigma": 0.2725, "bus_lcSpeedGainRight": 0.5008, "bus_lcSublane": 0.5229, "bus_sigma": 0.1966, "bus_tau_mean": 2.4263, "bus_tau_std": 2.7599, "bus_v_mean": 20.3102, "bus_v_std": 10.6858, "car_acc": 1.6438, "car_dcc": 1.5699, "car_lcAssertive": 83.3292, "car_lcCooperative": 0.3079, "car_lcLookaheadLeft": 51.8769, "car_lcPushy": 0.3466, "car_lcSigma": 0.666, "car_lcSpeedGainRight": 2.6634, "car_lcSublane": 0.4372, "car_sigma": 0.2398, "car_tau_mean": 1.758, "car_tau_std": 5.7422, "car_v_mean": 15.5717, "car_v_std": 17.0946}, "datetime": {"datetime": "2024-09-05 14:07:10", "elapsed": 11886.271675, "delta": 11.163328}}
{"target": -0.2580291077078892, "params": {"bus_acc": 2.8078, "bus_dcc": 0.7441, "bus_lcAssertive": 83.5109, "bus_lcCooperative": 0.9668, "bus_lcLookaheadLeft": 92.346, "bus_lcPushy": 0.8618, "bus_lcSigma": 0.6317, "bus_lcSpeedGainRight": 4.3895, "bus_lcSublane": 0.1457, "bus_sigma": 0.3139, "bus_tau_mean": 0.7042, "bus_tau_std": 1.2643, "bus_v_mean": 22.3913, "bus_v_std": 14.0656, "car_acc": 0.9072, "car_dcc": 2.2116, "car_lcAssertive": 73.178, "car_lcCooperative": 0.9574, "car_lcLookaheadLeft": 79.917, "car_lcPushy": 0.6516, "car_lcSigma": 0.4451, "car_lcSpeedGainRight": 4.3098, "car_lcSublane": 0.1623, "car_sigma": 0.8236, "car_tau_mean": 2.2027, "car_tau_std": 1.5909, "car_v_mean": 15.2973, "car_v_std": 11.5745}, "datetime": {"datetime": "2024-09-05 14:07:24", "elapsed": 11899.63017, "delta": 13.358495}}
{"target": -0.22788596429650834, "params": {"bus_acc": 1.7821, "bus_dcc": 2.0522, "bus_lcAssertive": 32.0158, "bus_lcCooperative": 0.8662, "bus_lcLookaheadLeft": 65.2422, "bus_lcPushy": 0.9041, "bus_lcSigma": 0.4209, "bus_lcSpeedGainRight": 3.5233, "bus_lcSublane": 0.0495, "bus_sigma": 0.0978, "bus_tau_mean": 2.3953, "bus_tau_std": 6.6859, "bus_v_mean": 14.0403, "bus_v_std": 5.1487, "car_acc": 0.8896, "car_dcc": 2.1651, "car_lcAssertive": 61.2098, "car_lcCooperative": 0.6586, "car_lcLookaheadLeft": 61.8458, "car_lcPushy": 0.7783, "car_lcSigma": 0.9817, "car_lcSpeedGainRight": 3.8187, "car_lcSublane": 0.4134, "car_sigma": 0.8459, "car_tau_mean": 1.5116, "car_tau_std": 8.469, "car_v_mean": 17.3389, "car_v_std": 13.827}, "datetime": {"datetime": "2024-09-05 14:07:41", "elapsed": 11916.722948, "delta": 17.092778}}
{"target": -0.19122481069136477, "params": {"bus_acc": 2.0508, "bus_dcc": 1.5266, "bus_lcAssertive": 56.5852, "bus_lcCooperative": 0.7153, "bus_lcLookaheadLeft": 34.5166, "bus_lcPushy": 0.6296, "bus_lcSigma": 0.8327, "bus_lcSpeedGainRight": 2.0927, "bus_lcSublane": 0.2204, "bus_sigma": 0.6009, "bus_tau_mean": 2.6304, "bus_tau_std": 6.7767, "bus_v_mean": 15.0326, "bus_v_std": 4.3565, "car_acc": 3.7021, "car_dcc": 3.1535, "car_lcAssertive": 55.0949, "car_lcCooperative": 0.2638, "car_lcLookaheadLeft": 9.6562, "car_lcPushy": 0.7246, "car_lcSigma": 0.7605, "car_lcSpeedGainRight": 3.6825, "car_lcSublane": 0.3255, "car_sigma": 0.3711, "car_tau_mean": 2.3617, "car_tau_std": 5.1592, "car_v_mean": 14.1374, "car_v_std": 16.8012}, "datetime": {"datetime": "2024-09-05 14:07:55", "elapsed": 11930.690372, "delta": 13.967424}}
{"target": -0.32618042193186897, "params": {"bus_acc": 1.1158, "bus_dcc": 1.1293, "bus_lcAssertive": 59.9135, "bus_lcCooperative": 0.2583, "bus_lcLookaheadLeft": 24.9007, "bus_lcPushy": 0.1634, "bus_lcSigma": 0.8421, "bus_lcSpeedGainRight": 3.1504, "bus_lcSublane": 0.2294, "bus_sigma": 0.741, "bus_tau_mean": 1.1248, "bus_tau_std": 1.0335, "bus_v_mean": 22.2091, "bus_v_std": 14.5819, "car_acc": 0.3232, "car_dcc": 2.8435, "car_lcAssertive": 17.89, "car_lcCooperative": 0.0458, "car_lcLookaheadLeft": 69.4598, "car_lcPushy": 0.7984, "car_lcSigma": 0.0739, "car_lcSpeedGainRight": 4.0798, "car_lcSublane": 0.8245, "car_sigma": 0.453, "car_tau_mean": 2.4081, "car_tau_std": 0.0375, "car_v_mean": 9.1974, "car_v_std": 4.9103}, "datetime": {"datetime": "2024-09-05 14:08:06", "elapsed": 11941.479471, "delta": 10.789099}}
{"target": -0.20997678264401587, "params": {"bus_acc": 2.6193, "bus_dcc": 3.0979, "bus_lcAssertive": 49.8157, "bus_lcCooperative": 0.6244, "bus_lcLookaheadLeft": 86.3276, "bus_lcPushy": 0.1565, "bus_lcSigma": 0.5331, "bus_lcSpeedGainRight": 2.0543, "bus_lcSublane": 0.5066, "bus_sigma": 0.8055, "bus_tau_mean": 0.7478, "bus_tau_std": 3.926, "bus_v_mean": 13.7593, "bus_v_std": 8.2002, "car_acc": 1.2368, "car_dcc": 3.0494, "car_lcAssertive": 66.6976, "car_lcCooperative": 0.4678, "car_lcLookaheadLeft": 24.5363, "car_lcPushy": 0.3875, "car_lcSigma": 0.2078, "car_lcSpeedGainRight": 2.6596, "car_lcSublane": 0.0431, "car_sigma": 0.1716, "car_tau_mean": 3.0638, "car_tau_std": 8.7112, "car_v_mean": 8.7036, "car_v_std": 11.5776}, "datetime": {"datetime": "2024-09-05 14:08:20", "elapsed": 11956.418464, "delta": 14.938993}}
{"target": -0.19133254848667547, "params": {"bus_acc": 1.3449, "bus_dcc": 1.8898, "bus_lcAssertive": 95.216, "bus_lcCooperative": 0.5299, "bus_lcLookaheadLeft": 31.3952, "bus_lcPushy": 0.9592, "bus_lcSigma": 0.5963, "bus_lcSpeedGainRight": 3.7092, "bus_lcSublane": 0.2854, "bus_sigma": 0.8184, "bus_tau_mean": 3.0713, "bus_tau_std": 8.5288, "bus_v_mean": 8.3322, "bus_v_std": 4.0602, "car_acc": 3.0757, "car_dcc": 2.1227, "car_lcAssertive": 45.7041, "car_lcCooperative": 0.7025, "car_lcLookaheadLeft": 60.7611, "car_lcPushy": 0.1014, "car_lcSigma": 0.6934, "car_lcSpeedGainRight": 1.2216, "car_lcSublane": 0.2442, "car_sigma": 0.926, "car_tau_mean": 3.7339, "car_tau_std": 1.4482, "car_v_mean": 15.6271, "car_v_std": 5.2002}, "datetime": {"datetime": "2024-09-05 14:08:52", "elapsed": 11987.91742, "delta": 31.498956}}
{"target": -0.21099440343586542, "params": {"bus_acc": 0.454, "bus_dcc": 0.9466, "bus_lcAssertive": 88.5732, "bus_lcCooperative": 0.0091, "bus_lcLookaheadLeft": 41.0839, "bus_lcPushy": 0.704, "bus_lcSigma": 0.0867, "bus_lcSpeedGainRight": 1.9271, "bus_lcSublane": 0.8864, "bus_sigma": 0.0309, "bus_tau_mean": 0.9978, "bus_tau_std": 9.6889, "bus_v_mean": 21.8452, "bus_v_std": 3.3596, "car_acc": 1.1133, "car_dcc": 1.0097, "car_lcAssertive": 72.4605, "car_lcCooperative": 0.325, "car_lcLookaheadLeft": 43.4608, "car_lcPushy": 0.789, "car_lcSigma": 0.8778, "car_lcSpeedGainRight": 3.4446, "car_lcSublane": 0.1818, "car_sigma": 0.6599, "car_tau_mean": 3.5912, "car_tau_std": 4.7816, "car_v_mean": 18.4805, "car_v_std": 1.1273}, "datetime": {"datetime": "2024-09-05 14:09:08", "elapsed": 12003.524897, "delta": 15.607477}}
{"target": -0.1680244566688068, "params": {"bus_acc": 1.5682, "bus_dcc": 1.5601, "bus_lcAssertive": 50.0553, "bus_lcCooperative": 0.314, "bus_lcLookaheadLeft": 86.0359, "bus_lcPushy": 0.7594, "bus_lcSigma": 0.6379, "bus_lcSpeedGainRight": 0.7885, "bus_lcSublane": 0.3075, "bus_sigma": 0.2203, "bus_tau_mean": 2.7024, "bus_tau_std": 3.0813, "bus_v_mean": 12.4492, "bus_v_std": 9.5334, "car_acc": 0.952, "car_dcc": 1.9334, "car_lcAssertive": 62.3381, "car_lcCooperative": 0.4644, "car_lcLookaheadLeft": 7.8171, "car_lcPushy": 0.7421, "car_lcSigma": 0.0728, "car_lcSpeedGainRight": 2.6874, "car_lcSublane": 0.0092, "car_sigma": 0.7328, "car_tau_mean": 3.4123, "car_tau_std": 6.7577, "car_v_mean": 18.0516, "car_v_std": 8.0283}, "datetime": {"datetime": "2024-09-05 14:09:23", "elapsed": 12019.354968, "delta": 15.830071}}
{"target": -0.8199886661515151, "params": {"bus_acc": 3.9521, "bus_dcc": 1.0764, "bus_lcAssertive": 64.9972, "bus_lcCooperative": 0.2311, "bus_lcLookaheadLeft": 65.3291, "bus_lcPushy": 0.3617, "bus_lcSigma": 0.6831, "bus_lcSpeedGainRight": 3.8963, "bus_lcSublane": 0.1283, "bus_sigma": 0.183, "bus_tau_mean": 1.7724, "bus_tau_std": 9.1, "bus_v_mean": 23.2462, "bus_v_std": 16.559, "car_acc": 3.4888, "car_dcc": 3.9793, "car_lcAssertive": 16.7805, "car_lcCooperative": 0.7228, "car_lcLookaheadLeft": 88.1719, "car_lcPushy": 0.7015, "car_lcSigma": 0.5084, "car_lcSpeedGainRight": 2.6491, "car_lcSublane": 0.0468, "car_sigma": 0.4734, "car_tau_mean": 3.9084, "car_tau_std": 1.5826, "car_v_mean": 14.7929, "car_v_std": 5.8874}, "datetime": {"datetime": "2024-09-05 14:09:53", "elapsed": 12049.233968, "delta": 29.879}}
{"target": -0.16375241670148005, "params": {"bus_acc": 1.9242, "bus_dcc": 1.7491, "bus_lcAssertive": 85.9132, "bus_lcCooperative": 0.4478, "bus_lcLookaheadLeft": 96.1041, "bus_lcPushy": 0.008, "bus_lcSigma": 0.1155, "bus_lcSpeedGainRight": 3.2986, "bus_lcSublane": 0.3806, "bus_sigma": 0.8867, "bus_tau_mean": 3.3392, "bus_tau_std": 6.1311, "bus_v_mean": 24.7973, "bus_v_std": 7.6147, "car_acc": 3.5547, "car_dcc": 3.8711, "car_lcAssertive": 5.3073, "car_lcCooperative": 0.3445, "car_lcLookaheadLeft": 69.9258, "car_lcPushy": 0.3385, "car_lcSigma": 0.436, "car_lcSpeedGainRight": 0.4068, "car_lcSublane": 0.3899, "car_sigma": 0.2363, "car_tau_mean": 2.2725, "car_tau_std": 4.262, "car_v_mean": 12.9634, "car_v_std": 3.0151}, "datetime": {"datetime": "2024-09-05 14:10:14", "elapsed": 12070.342645, "delta": 21.108677}}
{"target": -0.19491138153507068, "params": {"bus_acc": 3.7974, "bus_dcc": 2.3411, "bus_lcAssertive": 78.0073, "bus_lcCooperative": 0.3889, "bus_lcLookaheadLeft": 42.2239, "bus_lcPushy": 0.1867, "bus_lcSigma": 0.942, "bus_lcSpeedGainRight": 0.6949, "bus_lcSublane": 0.2541, "bus_sigma": 0.0813, "bus_tau_mean": 1.4781, "bus_tau_std": 7.0016, "bus_v_mean": 19.3251, "bus_v_std": 1.3427, "car_acc": 1.7904, "car_dcc": 1.4042, "car_lcAssertive": 35.8763, "car_lcCooperative": 0.4631, "car_lcLookaheadLeft": 24.2565, "car_lcPushy": 0.8183, "car_lcSigma": 0.7279, "car_lcSpeedGainRight": 2.7377, "car_lcSublane": 0.0818, "car_sigma": 0.1445, "car_tau_mean": 1.1615, "car_tau_std": 9.9159, "car_v_mean": 13.3771, "car_v_std": 14.1442}, "datetime": {"datetime": "2024-09-05 14:10:27", "elapsed": 12083.351427, "delta": 13.008782}}
{"target": -0.1789429170805363, "params": {"bus_acc": 2.4419, "bus_dcc": 1.6184, "bus_lcAssertive": 15.3345, "bus_lcCooperative": 0.9393, "bus_lcLookaheadLeft": 75.7097, "bus_lcPushy": 0.1052, "bus_lcSigma": 0.792, "bus_lcSpeedGainRight": 3.5916, "bus_lcSublane": 0.1172, "bus_sigma": 0.4566, "bus_tau_mean": 0.6825, "bus_tau_std": 5.6483, "bus_v_mean": 24.2651, "bus_v_std": 4.2766, "car_acc": 0.9804, "car_dcc": 1.9906, "car_lcAssertive": 6.7914, "car_lcCooperative": 0.9169, "car_lcLookaheadLeft": 81.7925, "car_lcPushy": 0.5688, "car_lcSigma": 0.1455, "car_lcSpeedGainRight": 2.3674, "car_lcSublane": 0.3574, "car_sigma": 0.3895, "car_tau_mean": 3.0648, "car_tau_std": 7.775, "car_v_mean": 16.4407, "car_v_std": 2.1595}, "datetime": {"datetime": "2024-09-05 14:10:43", "elapsed": 12099.049758, "delta": 15.698331}}
{"target": -0.27939872322545517, "params": {"bus_acc": 2.0124, "bus_dcc": 1.4214, "bus_lcAssertive": 22.7791, "bus_lcCooperative": 0.1831, "bus_lcLookaheadLeft": 60.2995, "bus_lcPushy": 0.5507, "bus_lcSigma": 0.6291, "bus_lcSpeedGainRight": 1.2087, "bus_lcSublane": 0.82, "bus_sigma": 0.9725, "bus_tau_mean": 3.3061, "bus_tau_std": 2.7077, "bus_v_mean": 14.0664, "bus_v_std": 13.8247, "car_acc": 0.4155, "car_dcc": 3.4199, "car_lcAssertive": 36.9176, "car_lcCooperative": 0.6704, "car_lcLookaheadLeft": 64.5948, "car_lcPushy": 0.7648, "car_lcSigma": 0.3968, "car_lcSpeedGainRight": 0.7254, "car_lcSublane": 0.3805, "car_sigma": 0.413, "car_tau_mean": 1.455, "car_tau_std": 7.8101, "car_v_mean": 14.8299, "car_v_std": 16.2259}, "datetime": {"datetime": "2024-09-05 14:10:56", "elapsed": 12111.773403, "delta": 12.723645}}
{"target": -0.20450512904010534, "params": {"bus_acc": 2.3158, "bus_dcc": 0.5699, "bus_lcAssertive": 84.8453, "bus_lcCooperative": 0.9581, "bus_lcLookaheadLeft": 9.558, "bus_lcPushy": 0.5246, "bus_lcSigma": 0.8946, "bus_lcSpeedGainRight": 3.4094, "bus_lcSublane": 0.3492, "bus_sigma": 0.6811, "bus_tau_mean": 0.594, "bus_tau_std": 3.1398, "bus_v_mean": 23.8522, "bus_v_std": 7.3903, "car_acc": 2.5082, "car_dcc": 3.8378, "car_lcAssertive": 26.0905, "car_lcCooperative": 0.4074, "car_lcLookaheadLeft": 93.0639, "car_lcPushy": 0.8092, "car_lcSigma": 0.5986, "car_lcSpeedGainRight": 3.7678, "car_lcSublane": 0.5908, "car_sigma": 0.6574, "car_tau_mean": 2.6631, "car_tau_std": 2.1029, "car_v_mean": 20.9138, "car_v_std": 15.5928}, "datetime": {"datetime": "2024-09-05 14:11:14", "elapsed": 12129.899865, "delta": 18.126462}}
