{"target": -0.6729638579835915, "params": {"bus_acc": 3.7786, "bus_dcc": 3.1019, "bus_lcAssertive": 49.4489, "bus_lcCooperative": 0.8592, "bus_lcLookaheadLeft": 8.981, "bus_lcPushy": 0.7763, "bus_lcSigma": 0.5468, "bus_lcSpeedGainRight": 4.991, "bus_lcSublane": 0.4734, "bus_sigma": 0.8514, "bus_tau_mean": 0.6723, "bus_tau_std": 1.3781, "bus_v_mean": 10.4374, "bus_v_std": 12.8283, "car_acc": 1.5582, "car_dcc": 1.6207, "car_lcAssertive": 75.7633, "car_lcCooperative": 0.7257, "car_lcLookaheadLeft": 91.3119, "car_lcPushy": 0.9418, "car_lcSigma": 0.7948, "car_lcSpeedGainRight": 2.818, "car_lcSublane": 0.7801, "car_sigma": 0.4288, "car_tau_mean": 3.0971, "car_tau_std": 6.543, "car_v_mean": 13.5442, "car_v_std": 16.452}, "datetime": {"datetime": "2024-09-05 11:02:41", "elapsed": 816.96008, "delta": 1.145707}}
{"target": -0.1805176411214413, "params": {"bus_acc": 0.7839, "bus_dcc": 1.503, "bus_lcAssertive": 56.7857, "bus_lcCooperative": 0.7994, "bus_lcLookaheadLeft": 14.5371, "bus_lcPushy": 0.6258, "bus_lcSigma": 0.2888, "bus_lcSpeedGainRight": 3.3198, "bus_lcSublane": 0.4771, "bus_sigma": 0.95, "bus_tau_mean": 2.5333, "bus_tau_std": 7.5572, "bus_v_mean": 18.1284, "bus_v_std": 4.379, "car_acc": 3.9126, "car_dcc": 0.251, "car_lcAssertive": 94.5523, "car_lcCooperative": 0.053, "car_lcLookaheadLeft": 6.4625, "car_lcPushy": 0.0959, "car_lcSigma": 0.7864, "car_lcSpeedGainRight": 2.7101, "car_lcSublane": 0.165, "car_sigma": 0.9513, "car_tau_mean": 2.2569, "car_tau_std": 1.748, "car_v_mean": 13.5551, "car_v_std": 10.7759}, "datetime": {"datetime": "2024-09-05 11:02:47", "elapsed": 823.052807, "delta": 6.092727}}
{"target": -0.2228455738938406, "params": {"bus_acc": 1.2923, "bus_dcc": 0.8258, "bus_lcAssertive": 34.7571, "bus_lcCooperative": 0.7775, "bus_lcLookaheadLeft": 42.2638, "bus_lcPushy": 0.1374, "bus_lcSigma": 0.9596, "bus_lcSpeedGainRight": 2.197, "bus_lcSublane": 0.511, "bus_sigma": 0.6811, "bus_tau_mean": 3.9124, "bus_tau_std": 9.2091, "bus_v_mean": 16.351, "bus_v_std": 4.3234, "car_acc": 0.3646, "car_dcc": 0.2332, "car_lcAssertive": 34.1313, "car_lcCooperative": 0.95, "car_lcLookaheadLeft": 26.9482, "car_lcPushy": 0.3175, "car_lcSigma": 0.181, "car_lcSpeedGainRight": 4.3441, "car_lcSublane": 0.0083, "car_sigma": 0.1216, "car_tau_mean": 0.9534, "car_tau_std": 8.1626, "car_v_mean": 19.8302, "car_v_std": 18.9562}, "datetime": {"datetime": "2024-09-05 11:02:50", "elapsed": 825.511309, "delta": 2.458502}}
{"target": -0.1735636791933068, "params": {"bus_acc": 2.4494, "bus_dcc": 3.9147, "bus_lcAssertive": 61.8507, "bus_lcCooperative": 0.5889, "bus_lcLookaheadLeft": 50.9174, "bus_lcPushy": 0.2188, "bus_lcSigma": 0.8068, "bus_lcSpeedGainRight": 4.1824, "bus_lcSublane": 0.8765, "bus_sigma": 0.601, "bus_tau_mean": 1.8066, "bus_tau_std": 6.1509, "bus_v_mean": 23.6088, "bus_v_std": 2.7689, "car_acc": 2.1406, "car_dcc": 3.3077, "car_lcAssertive": 15.8702, "car_lcCooperative": 0.8979, "car_lcLookaheadLeft": 43.3969, "car_lcPushy": 0.613, "car_lcSigma": 0.6712, "car_lcSpeedGainRight": 1.4456, "car_lcSublane": 0.5386, "car_sigma": 0.7396, "car_tau_mean": 0.6868, "car_tau_std": 5.6944, "car_v_mean": 21.5956, "car_v_std": 19.636}, "datetime": {"datetime": "2024-09-05 11:02:55", "elapsed": 831.359796, "delta": 5.848487}}
{"target": -0.18643086854950472, "params": {"bus_acc": 2.4515, "bus_dcc": 2.1519, "bus_lcAssertive": 2.0047, "bus_lcCooperative": 0.6968, "bus_lcLookaheadLeft": 32.7501, "bus_lcPushy": 0.2164, "bus_lcSigma": 0.8875, "bus_lcSpeedGainRight": 2.272, "bus_lcSublane": 0.7274, "bus_sigma": 0.9619, "bus_tau_mean": 3.3816, "bus_tau_std": 9.3929, "bus_v_mean": 11.5247, "bus_v_std": 9.8951, "car_acc": 3.9401, "car_dcc": 3.3255, "car_lcAssertive": 6.1198, "car_lcCooperative": 0.6648, "car_lcLookaheadLeft": 87.969, "car_lcPushy": 0.7791, "car_lcSigma": 0.0573, "car_lcSpeedGainRight": 3.4808, "car_lcSublane": 0.1815, "car_sigma": 0.3546, "car_tau_mean": 0.6957, "car_tau_std": 9.4086, "car_v_mean": 10.5939, "car_v_std": 6.1245}, "datetime": {"datetime": "2024-09-05 11:03:07", "elapsed": 842.840175, "delta": 11.480379}}
{"target": -0.17914294239583506, "params": {"bus_acc": 3.2848, "bus_dcc": 2.4319, "bus_lcAssertive": 36.8277, "bus_lcCooperative": 0.0275, "bus_lcLookaheadLeft": 91.3715, "bus_lcPushy": 0.8385, "bus_lcSigma": 0.512, "bus_lcSpeedGainRight": 4.1065, "bus_lcSublane": 0.7499, "bus_sigma": 0.4368, "bus_tau_mean": 3.6987, "bus_tau_std": 5.6153, "bus_v_mean": 25.1509, "bus_v_std": 0.7795, "car_acc": 2.6561, "car_dcc": 1.3567, "car_lcAssertive": 12.5606, "car_lcCooperative": 0.8918, "car_lcLookaheadLeft": 98.6424, "car_lcPushy": 0.2387, "car_lcSigma": 0.6688, "car_lcSpeedGainRight": 4.1851, "car_lcSublane": 0.7003, "car_sigma": 0.8757, "car_tau_mean": 2.0313, "car_tau_std": 8.2654, "car_v_mean": 8.6196, "car_v_std": 5.867}, "datetime": {"datetime": "2024-09-05 11:03:09", "elapsed": 844.650569, "delta": 1.810394}}
{"target": -0.19865551594314065, "params": {"bus_acc": 2.7979, "bus_dcc": 0.4861, "bus_lcAssertive": 78.8264, "bus_lcCooperative": 0.7735, "bus_lcLookaheadLeft": 68.3657, "bus_lcPushy": 0.0588, "bus_lcSigma": 0.4968, "bus_lcSpeedGainRight": 2.4171, "bus_lcSublane": 0.174, "bus_sigma": 0.2829, "bus_tau_mean": 2.783, "bus_tau_std": 7.8054, "bus_v_mean": 15.0727, "bus_v_std": 0.6606, "car_acc": 1.5939, "car_dcc": 0.9596, "car_lcAssertive": 16.3062, "car_lcCooperative": 0.2785, "car_lcLookaheadLeft": 28.9902, "car_lcPushy": 0.0654, "car_lcSigma": 0.3632, "car_lcSpeedGainRight": 0.7455, "car_lcSublane": 0.2951, "car_sigma": 0.0208, "car_tau_mean": 1.8021, "car_tau_std": 6.2893, "car_v_mean": 15.0263, "car_v_std": 0.3834}, "datetime": {"datetime": "2024-09-05 11:03:17", "elapsed": 852.981576, "delta": 8.331007}}
{"target": -0.2353245604386173, "params": {"bus_acc": 1.0327, "bus_dcc": 1.1361, "bus_lcAssertive": 24.0518, "bus_lcCooperative": 0.7482, "bus_lcLookaheadLeft": 80.2639, "bus_lcPushy": 0.2905, "bus_lcSigma": 0.572, "bus_lcSpeedGainRight": 2.6341, "bus_lcSublane": 0.3025, "bus_sigma": 0.9622, "bus_tau_mean": 1.2778, "bus_tau_std": 9.2191, "bus_v_mean": 8.4435, "bus_v_std": 0.682, "car_acc": 1.1354, "car_dcc": 3.0945, "car_lcAssertive": 48.1242, "car_lcCooperative": 0.2405, "car_lcLookaheadLeft": 53.1878, "car_lcPushy": 0.9337, "car_lcSigma": 0.2291, "car_lcSpeedGainRight": 2.5231, "car_lcSublane": 0.0601, "car_sigma": 0.1122, "car_tau_mean": 2.0406, "car_tau_std": 8.8822, "car_v_mean": 15.4326, "car_v_std": 15.791}, "datetime": {"datetime": "2024-09-05 11:03:18", "elapsed": 853.819718, "delta": 0.838142}}
{"target": -0.21099008320101795, "params": {"bus_acc": 0.2071, "bus_dcc": 3.3986, "bus_lcAssertive": 74.1199, "bus_lcCooperative": 0.1848, "bus_lcLookaheadLeft": 91.9421, "bus_lcPushy": 0.2099, "bus_lcSigma": 0.2516, "bus_lcSpeedGainRight": 2.0909, "bus_lcSublane": 0.9383, "bus_sigma": 0.4483, "bus_tau_mean": 2.1075, "bus_tau_std": 0.5026, "bus_v_mean": 22.0661, "bus_v_std": 0.7001, "car_acc": 1.6102, "car_dcc": 2.0231, "car_lcAssertive": 2.6333, "car_lcCooperative": 0.0342, "car_lcLookaheadLeft": 56.1666, "car_lcPushy": 0.2454, "car_lcSigma": 0.6376, "car_lcSpeedGainRight": 1.5198, "car_lcSublane": 0.8145, "car_sigma": 0.9419, "car_tau_mean": 3.058, "car_tau_std": 9.1748, "car_v_mean": 14.0808, "car_v_std": 14.7767}, "datetime": {"datetime": "2024-09-05 11:03:24", "elapsed": 860.115904, "delta": 6.296186}}
{"target": -1.0473413772717717, "params": {"bus_acc": 3.9116, "bus_dcc": 2.0649, "bus_lcAssertive": 70.606, "bus_lcCooperative": 0.6311, "bus_lcLookaheadLeft": 22.7613, "bus_lcPushy": 0.8497, "bus_lcSigma": 0.2612, "bus_lcSpeedGainRight": 0.5762, "bus_lcSublane": 0.416, "bus_sigma": 0.9926, "bus_tau_mean": 1.3277, "bus_tau_std": 4.3228, "bus_v_mean": 22.2722, "bus_v_std": 13.4911, "car_acc": 0.5382, "car_dcc": 0.7296, "car_lcAssertive": 38.7581, "car_lcCooperative": 0.3661, "car_lcLookaheadLeft": 83.2846, "car_lcPushy": 0.3069, "car_lcSigma": 0.7845, "car_lcSpeedGainRight": 1.3444, "car_lcSublane": 0.5782, "car_sigma": 0.0138, "car_tau_mean": 1.236, "car_tau_std": 7.6093, "car_v_mean": 21.0277, "car_v_std": 11.59}, "datetime": {"datetime": "2024-09-05 11:03:31", "elapsed": 866.687357, "delta": 6.571453}}
{"target": -0.20296693203392677, "params": {"bus_acc": 3.183, "bus_dcc": 2.6002, "bus_lcAssertive": 51.0721, "bus_lcCooperative": 0.3061, "bus_lcLookaheadLeft": 90.2983, "bus_lcPushy": 0.816, "bus_lcSigma": 0.2707, "bus_lcSpeedGainRight": 3.7049, "bus_lcSublane": 0.9099, "bus_sigma": 0.1221, "bus_tau_mean": 3.2653, "bus_tau_std": 5.6585, "bus_v_mean": 14.4167, "bus_v_std": 9.6659, "car_acc": 3.3101, "car_dcc": 0.6448, "car_lcAssertive": 55.6353, "car_lcCooperative": 0.0749, "car_lcLookaheadLeft": 64.6331, "car_lcPushy": 0.4288, "car_lcSigma": 0.1543, "car_lcSpeedGainRight": 1.016, "car_lcSublane": 0.6479, "car_sigma": 0.7888, "car_tau_mean": 0.6626, "car_tau_std": 4.8906, "car_v_mean": 10.449, "car_v_std": 16.7339}, "datetime": {"datetime": "2024-09-05 11:03:43", "elapsed": 879.304361, "delta": 12.617004}}
{"target": -0.18197898138383284, "params": {"bus_acc": 3.7296, "bus_dcc": 2.9018, "bus_lcAssertive": 33.2337, "bus_lcCooperative": 0.0206, "bus_lcLookaheadLeft": 82.3633, "bus_lcPushy": 0.1284, "bus_lcSigma": 0.5043, "bus_lcSpeedGainRight": 2.4744, "bus_lcSublane": 0.4976, "bus_sigma": 0.3376, "bus_tau_mean": 3.216, "bus_tau_std": 4.9582, "bus_v_mean": 16.5217, "bus_v_std": 1.7762, "car_acc": 1.3949, "car_dcc": 3.0842, "car_lcAssertive": 70.1155, "car_lcCooperative": 0.0804, "car_lcLookaheadLeft": 43.9353, "car_lcPushy": 0.4705, "car_lcSigma": 0.3742, "car_lcSpeedGainRight": 0.8307, "car_lcSublane": 0.2813, "car_sigma": 0.2019, "car_tau_mean": 2.3358, "car_tau_std": 7.4992, "car_v_mean": 12.4493, "car_v_std": 16.8213}, "datetime": {"datetime": "2024-09-05 11:03:48", "elapsed": 884.059532, "delta": 4.755171}}
{"target": -0.1974893120155964, "params": {"bus_acc": 1.9334, "bus_dcc": 1.1956, "bus_lcAssertive": 93.187, "bus_lcCooperative": 0.2105, "bus_lcLookaheadLeft": 45.3764, "bus_lcPushy": 0.2436, "bus_lcSigma": 0.0961, "bus_lcSpeedGainRight": 0.0809, "bus_lcSublane": 0.7877, "bus_sigma": 0.6777, "bus_tau_mean": 1.0197, "bus_tau_std": 8.9902, "bus_v_mean": 23.8536, "bus_v_std": 9.8373, "car_acc": 3.2008, "car_dcc": 1.7979, "car_lcAssertive": 64.1363, "car_lcCooperative": 0.1439, "car_lcLookaheadLeft": 64.1148, "car_lcPushy": 0.014, "car_lcSigma": 0.1019, "car_lcSpeedGainRight": 2.8344, "car_lcSublane": 0.4441, "car_sigma": 0.6982, "car_tau_mean": 3.1244, "car_tau_std": 4.175, "car_v_mean": 8.538, "car_v_std": 11.8771}, "datetime": {"datetime": "2024-09-05 11:04:14", "elapsed": 909.562086, "delta": 25.502554}}
{"target": -0.3234249386323595, "params": {"bus_acc": 0.2178, "bus_dcc": 2.8915, "bus_lcAssertive": 82.2935, "bus_lcCooperative": 0.0945, "bus_lcLookaheadLeft": 48.9663, "bus_lcPushy": 0.3426, "bus_lcSigma": 0.614, "bus_lcSpeedGainRight": 2.7823, "bus_lcSublane": 0.8917, "bus_sigma": 0.2009, "bus_tau_mean": 3.9325, "bus_tau_std": 0.5016, "bus_v_mean": 20.8339, "bus_v_std": 2.3699, "car_acc": 1.4591, "car_dcc": 0.8915, "car_lcAssertive": 5.0952, "car_lcCooperative": 0.7312, "car_lcLookaheadLeft": 96.5456, "car_lcPushy": 0.2085, "car_lcSigma": 0.5947, "car_lcSpeedGainRight": 2.347, "car_lcSublane": 0.3429, "car_sigma": 0.1875, "car_tau_mean": 3.3911, "car_tau_std": 5.9203, "car_v_mean": 9.5776, "car_v_std": 8.2253}, "datetime": {"datetime": "2024-09-05 11:04:14", "elapsed": 910.457788, "delta": 0.895702}}
{"target": -0.19343561639608242, "params": {"bus_acc": 2.2351, "bus_dcc": 0.7696, "bus_lcAssertive": 2.4637, "bus_lcCooperative": 0.9018, "bus_lcLookaheadLeft": 37.5527, "bus_lcPushy": 0.0501, "bus_lcSigma": 0.6341, "bus_lcSpeedGainRight": 2.1475, "bus_lcSublane": 0.3725, "bus_sigma": 0.4551, "bus_tau_mean": 1.87, "bus_tau_std": 3.1447, "bus_v_mean": 19.314, "bus_v_std": 5.2736, "car_acc": 1.275, "car_dcc": 1.7627, "car_lcAssertive": 96.0151, "car_lcCooperative": 0.4996, "car_lcLookaheadLeft": 41.4916, "car_lcPushy": 0.6288, "car_lcSigma": 0.8625, "car_lcSpeedGainRight": 0.6568, "car_lcSublane": 0.4758, "car_sigma": 0.6752, "car_tau_mean": 3.013, "car_tau_std": 7.7074, "car_v_mean": 13.5562, "car_v_std": 6.2867}, "datetime": {"datetime": "2024-09-05 11:04:39", "elapsed": 935.364576, "delta": 24.906788}}
{"target": -0.21052683406739958, "params": {"bus_acc": 1.7293, "bus_dcc": 1.2386, "bus_lcAssertive": 58.8118, "bus_lcCooperative": 0.704, "bus_lcLookaheadLeft": 36.272, "bus_lcPushy": 0.068, "bus_lcSigma": 0.7703, "bus_lcSpeedGainRight": 4.9405, "bus_lcSublane": 0.9046, "bus_sigma": 0.0578, "bus_tau_mean": 0.8713, "bus_tau_std": 6.2151, "bus_v_mean": 22.3941, "bus_v_std": 17.3402, "car_acc": 0.2204, "car_dcc": 0.2053, "car_lcAssertive": 44.3314, "car_lcCooperative": 0.4531, "car_lcLookaheadLeft": 49.5238, "car_lcPushy": 0.3405, "car_lcSigma": 0.4993, "car_lcSpeedGainRight": 4.2448, "car_lcSublane": 0.6844, "car_sigma": 0.3276, "car_tau_mean": 3.9356, "car_tau_std": 1.1954, "car_v_mean": 15.9154, "car_v_std": 3.1423}, "datetime": {"datetime": "2024-09-05 11:04:46", "elapsed": 942.271718, "delta": 6.907142}}
{"target": -0.226346446975614, "params": {"bus_acc": 2.6616, "bus_dcc": 1.4721, "bus_lcAssertive": 24.2041, "bus_lcCooperative": 0.5559, "bus_lcLookaheadLeft": 3.3355, "bus_lcPushy": 0.9841, "bus_lcSigma": 0.1131, "bus_lcSpeedGainRight": 1.9993, "bus_lcSublane": 0.503, "bus_sigma": 0.8624, "bus_tau_mean": 3.9712, "bus_tau_std": 4.2763, "bus_v_mean": 22.4926, "bus_v_std": 18.5188, "car_acc": 0.5489, "car_dcc": 2.7512, "car_lcAssertive": 70.4537, "car_lcCooperative": 0.2517, "car_lcLookaheadLeft": 38.2923, "car_lcPushy": 0.4063, "car_lcSigma": 0.5345, "car_lcSpeedGainRight": 0.6084, "car_lcSublane": 0.2514, "car_sigma": 0.1892, "car_tau_mean": 3.1962, "car_tau_std": 6.1326, "car_v_mean": 16.8678, "car_v_std": 1.581}, "datetime": {"datetime": "2024-09-05 11:04:48", "elapsed": 944.202065, "delta": 1.930347}}
{"target": -0.21379128232457922, "params": {"bus_acc": 0.9652, "bus_dcc": 1.7313, "bus_lcAssertive": 74.6661, "bus_lcCooperative": 0.1017, "bus_lcLookaheadLeft": 85.8761, "bus_lcPushy": 0.2683, "bus_lcSigma": 0.7596, "bus_lcSpeedGainRight": 4.253, "bus_lcSublane": 0.1151, "bus_sigma": 0.1704, "bus_tau_mean": 3.3572, "bus_tau_std": 1.8984, "bus_v_mean": 11.7259, "bus_v_std": 5.7863, "car_acc": 1.8945, "car_dcc": 0.6584, "car_lcAssertive": 8.7819, "car_lcCooperative": 0.7607, "car_lcLookaheadLeft": 24.0217, "car_lcPushy": 0.4931, "car_lcSigma": 0.6596, "car_lcSpeedGainRight": 4.3584, "car_lcSublane": 0.8581, "car_sigma": 0.1699, "car_tau_mean": 2.7111, "car_tau_std": 9.7336, "car_v_mean": 8.7238, "car_v_std": 13.9351}, "datetime": {"datetime": "2024-09-05 11:05:12", "elapsed": 968.323053, "delta": 24.120988}}
{"target": -0.18817988210089984, "params": {"bus_acc": 1.8481, "bus_dcc": 0.4111, "bus_lcAssertive": 79.9733, "bus_lcCooperative": 0.4914, "bus_lcLookaheadLeft": 48.4977, "bus_lcPushy": 0.2035, "bus_lcSigma": 0.509, "bus_lcSpeedGainRight": 0.1498, "bus_lcSublane": 0.0249, "bus_sigma": 0.0063, "bus_tau_mean": 1.522, "bus_tau_std": 7.0569, "bus_v_mean": 15.2867, "bus_v_std": 10.6254, "car_acc": 3.6335, "car_dcc": 2.4274, "car_lcAssertive": 66.8335, "car_lcCooperative": 0.0489, "car_lcLookaheadLeft": 4.3333, "car_lcPushy": 0.7446, "car_lcSigma": 0.0213, "car_lcSpeedGainRight": 0.7204, "car_lcSublane": 0.9057, "car_sigma": 0.6245, "car_tau_mean": 3.7188, "car_tau_std": 3.9127, "car_v_mean": 25.8704, "car_v_std": 16.781}, "datetime": {"datetime": "2024-09-05 11:05:19", "elapsed": 974.709414, "delta": 6.386361}}
{"target": -0.20922234698647704, "params": {"bus_acc": 1.0149, "bus_dcc": 1.7351, "bus_lcAssertive": 2.1752, "bus_lcCooperative": 0.797, "bus_lcLookaheadLeft": 97.9117, "bus_lcPushy": 0.7305, "bus_lcSigma": 0.7523, "bus_lcSpeedGainRight": 3.9495, "bus_lcSublane": 0.1573, "bus_sigma": 0.0926, "bus_tau_mean": 0.7382, "bus_tau_std": 9.4394, "bus_v_mean": 11.7382, "bus_v_std": 12.2032, "car_acc": 3.9255, "car_dcc": 0.4095, "car_lcAssertive": 39.7296, "car_lcCooperative": 0.0146, "car_lcLookaheadLeft": 87.7034, "car_lcPushy": 0.7988, "car_lcSigma": 0.4584, "car_lcSpeedGainRight": 1.8248, "car_lcSublane": 0.9926, "car_sigma": 0.501, "car_tau_mean": 3.8797, "car_tau_std": 8.0088, "car_v_mean": 10.1507, "car_v_std": 7.9004}, "datetime": {"datetime": "2024-09-05 11:05:22", "elapsed": 977.678885, "delta": 2.969471}}
{"target": -0.18427706752965603, "params": {"bus_acc": 2.6722, "bus_dcc": 2.6756, "bus_lcAssertive": 6.5382, "bus_lcCooperative": 0.1041, "bus_lcLookaheadLeft": 27.9616, "bus_lcPushy": 0.8075, "bus_lcSigma": 0.6691, "bus_lcSpeedGainRight": 2.5084, "bus_lcSublane": 0.8027, "bus_sigma": 0.8952, "bus_tau_mean": 3.3243, "bus_tau_std": 7.6375, "bus_v_mean": 16.5176, "bus_v_std": 2.8057, "car_acc": 3.4571, "car_dcc": 1.9823, "car_lcAssertive": 80.8909, "car_lcCooperative": 0.4084, "car_lcLookaheadLeft": 37.5695, "car_lcPushy": 0.2818, "car_lcSigma": 0.4123, "car_lcSpeedGainRight": 0.2443, "car_lcSublane": 0.654, "car_sigma": 0.968, "car_tau_mean": 0.9517, "car_tau_std": 3.7399, "car_v_mean": 15.9573, "car_v_std": 19.2538}, "datetime": {"datetime": "2024-09-05 11:05:27", "elapsed": 982.706156, "delta": 5.027271}}
{"target": -0.2582120640434404, "params": {"bus_acc": 3.3663, "bus_dcc": 1.5954, "bus_lcAssertive": 80.639, "bus_lcCooperative": 0.9725, "bus_lcLookaheadLeft": 9.2722, "bus_lcPushy": 0.413, "bus_lcSigma": 0.636, "bus_lcSpeedGainRight": 2.1981, "bus_lcSublane": 0.4258, "bus_sigma": 0.0876, "bus_tau_mean": 3.5488, "bus_tau_std": 7.0255, "bus_v_mean": 17.6121, "bus_v_std": 3.9557, "car_acc": 2.827, "car_dcc": 0.2477, "car_lcAssertive": 61.5069, "car_lcCooperative": 0.0072, "car_lcLookaheadLeft": 40.0832, "car_lcPushy": 0.8843, "car_lcSigma": 0.5145, "car_lcSpeedGainRight": 1.6672, "car_lcSublane": 0.0837, "car_sigma": 0.2163, "car_tau_mean": 0.9059, "car_tau_std": 2.3758, "car_v_mean": 14.2479, "car_v_std": 6.9352}, "datetime": {"datetime": "2024-09-05 11:05:39", "elapsed": 994.729037, "delta": 12.022881}}
{"target": -0.3021114267182043, "params": {"bus_acc": 0.2383, "bus_dcc": 1.9872, "bus_lcAssertive": 95.3661, "bus_lcCooperative": 0.4037, "bus_lcLookaheadLeft": 88.1676, "bus_lcPushy": 0.0754, "bus_lcSigma": 0.5081, "bus_lcSpeedGainRight": 0.6636, "bus_lcSublane": 0.2878, "bus_sigma": 0.1651, "bus_tau_mean": 2.6021, "bus_tau_std": 1.0451, "bus_v_mean": 22.7974, "bus_v_std": 3.9247, "car_acc": 2.7653, "car_dcc": 0.6529, "car_lcAssertive": 55.5959, "car_lcCooperative": 0.4328, "car_lcLookaheadLeft": 34.2674, "car_lcPushy": 0.8837, "car_lcSigma": 0.3052, "car_lcSpeedGainRight": 4.8667, "car_lcSublane": 0.7316, "car_sigma": 0.965, "car_tau_mean": 0.9127, "car_tau_std": 4.5946, "car_v_mean": 20.9414, "car_v_std": 19.2582}, "datetime": {"datetime": "2024-09-05 11:05:50", "elapsed": 1006.014363, "delta": 11.285326}}
{"target": -0.19088532635465227, "params": {"bus_acc": 2.8451, "bus_dcc": 2.0808, "bus_lcAssertive": 29.1227, "bus_lcCooperative": 0.2436, "bus_lcLookaheadLeft": 18.42, "bus_lcPushy": 0.1799, "bus_lcSigma": 0.4598, "bus_lcSpeedGainRight": 4.0826, "bus_lcSublane": 0.438, "bus_sigma": 0.7954, "bus_tau_mean": 3.4908, "bus_tau_std": 4.1752, "bus_v_mean": 13.7731, "bus_v_std": 18.0914, "car_acc": 2.9495, "car_dcc": 1.572, "car_lcAssertive": 90.5166, "car_lcCooperative": 0.7509, "car_lcLookaheadLeft": 61.4631, "car_lcPushy": 0.4992, "car_lcSigma": 0.4189, "car_lcSpeedGainRight": 0.9716, "car_lcSublane": 0.8175, "car_sigma": 0.6085, "car_tau_mean": 0.5125, "car_tau_std": 6.9902, "car_v_mean": 24.679, "car_v_std": 0.3643}, "datetime": {"datetime": "2024-09-05 11:06:00", "elapsed": 1015.476323, "delta": 9.46196}}
{"target": -0.216641485500931, "params": {"bus_acc": 1.6788, "bus_dcc": 1.8933, "bus_lcAssertive": 45.7644, "bus_lcCooperative": 0.6762, "bus_lcLookaheadLeft": 29.3502, "bus_lcPushy": 0.6835, "bus_lcSigma": 0.5637, "bus_lcSpeedGainRight": 3.335, "bus_lcSublane": 0.02, "bus_sigma": 0.2287, "bus_tau_mean": 2.2366, "bus_tau_std": 6.024, "bus_v_mean": 8.6874, "bus_v_std": 12.0046, "car_acc": 1.2088, "car_dcc": 1.5028, "car_lcAssertive": 74.2476, "car_lcCooperative": 0.4043, "car_lcLookaheadLeft": 22.3933, "car_lcPushy": 0.5485, "car_lcSigma": 0.9943, "car_lcSpeedGainRight": 0.3332, "car_lcSublane": 0.7342, "car_sigma": 0.4122, "car_tau_mean": 1.0056, "car_tau_std": 0.8812, "car_v_mean": 14.9338, "car_v_std": 17.9526}, "datetime": {"datetime": "2024-09-05 11:06:02", "elapsed": 1017.495986, "delta": 2.019663}}
{"target": -0.17295046931523927, "params": {"bus_acc": 3.4443, "bus_dcc": 3.5507, "bus_lcAssertive": 7.7152, "bus_lcCooperative": 0.0038, "bus_lcLookaheadLeft": 32.4337, "bus_lcPushy": 0.7501, "bus_lcSigma": 0.9601, "bus_lcSpeedGainRight": 4.4867, "bus_lcSublane": 0.9288, "bus_sigma": 0.8559, "bus_tau_mean": 3.6395, "bus_tau_std": 4.7767, "bus_v_mean": 9.5477, "bus_v_std": 9.3697, "car_acc": 1.9241, "car_dcc": 3.5209, "car_lcAssertive": 43.6967, "car_lcCooperative": 0.0618, "car_lcLookaheadLeft": 97.554, "car_lcPushy": 0.3942, "car_lcSigma": 0.5665, "car_lcSpeedGainRight": 2.5218, "car_lcSublane": 0.1969, "car_sigma": 0.3089, "car_tau_mean": 0.7605, "car_tau_std": 3.5141, "car_v_mean": 14.6027, "car_v_std": 11.6332}, "datetime": {"datetime": "2024-09-05 11:06:03", "elapsed": 1019.015818, "delta": 1.519832}}
