{"target": -0.2757324732955941, "params": {"bus_acc": 1.2511, "bus_dcc": 0.8607, "bus_lcAssertive": 42.9114, "bus_lcCooperative": 0.3953, "bus_lcLookaheadLeft": 40.1811, "bus_lcPushy": 0.287, "bus_lcSigma": 0.5391, "bus_lcSpeedGainRight": 2.408, "bus_lcSublane": 0.9353, "bus_sigma": 0.7323, "bus_tau_mean": 1.4571, "bus_tau_std": 2.2701, "bus_v_mean": 19.9842, "bus_v_std": 11.129, "car_acc": 2.3912, "car_dcc": 0.8483, "car_lcAssertive": 20.1427, "car_lcCooperative": 0.4994, "car_lcLookaheadLeft": 10.3201, "car_lcPushy": 0.0412, "car_lcSigma": 0.8542, "car_lcSpeedGainRight": 2.2477, "car_lcSublane": 0.8155, "car_sigma": 0.7907, "car_tau_mean": 3.8169, "car_tau_std": 6.5178, "car_v_mean": 23.3218, "car_v_std": 17.025}, "datetime": {"datetime": "2024-09-05 11:43:37", "elapsed": 3272.592134, "delta": 16.177769}}
{"target": -0.18149544046307162, "params": {"bus_acc": 1.2485, "bus_dcc": 3.1371, "bus_lcAssertive": 52.9377, "bus_lcCooperative": 0.3945, "bus_lcLookaheadLeft": 94.8629, "bus_lcPushy": 0.0663, "bus_lcSigma": 0.8512, "bus_lcSpeedGainRight": 1.3769, "bus_lcSublane": 0.6845, "bus_sigma": 0.9776, "bus_tau_mean": 2.2044, "bus_tau_std": 5.6238, "bus_v_mean": 13.2033, "bus_v_std": 12.2042, "car_acc": 3.1633, "car_dcc": 1.653, "car_lcAssertive": 22.9191, "car_lcCooperative": 0.9087, "car_lcLookaheadLeft": 69.169, "car_lcPushy": 0.268, "car_lcSigma": 0.4806, "car_lcSpeedGainRight": 1.0782, "car_lcSublane": 0.3397, "car_sigma": 0.5099, "car_tau_mean": 3.9856, "car_tau_std": 8.1816, "car_v_mean": 24.7599, "car_v_std": 4.9346}, "datetime": {"datetime": "2024-09-05 11:43:38", "elapsed": 3274.327044, "delta": 1.73491}}
{"target": -0.15884936282789994, "params": {"bus_acc": 1.8092, "bus_dcc": 1.8631, "bus_lcAssertive": 1.2912, "bus_lcCooperative": 0.4762, "bus_lcLookaheadLeft": 86.33, "bus_lcPushy": 0.4501, "bus_lcSigma": 0.9751, "bus_lcSpeedGainRight": 4.1237, "bus_lcSublane": 0.6658, "bus_sigma": 0.336, "bus_tau_mean": 2.4376, "bus_tau_std": 1.5278, "bus_v_mean": 9.6648, "bus_v_std": 16.5841, "car_acc": 2.9534, "car_dcc": 2.3685, "car_lcAssertive": 16.76, "car_lcCooperative": 0.4187, "car_lcLookaheadLeft": 37.9716, "car_lcPushy": 0.6652, "car_lcSigma": 0.0951, "car_lcSpeedGainRight": 1.7863, "car_lcSublane": 0.0617, "car_sigma": 0.3964, "car_tau_mean": 2.2978, "car_tau_std": 8.4736, "car_v_mean": 10.8035, "car_v_std": 1.5838}, "datetime": {"datetime": "2024-09-05 11:43:57", "elapsed": 3292.552789, "delta": 18.225745}}
{"target": -0.19230239155850906, "params": {"bus_acc": 3.6023, "bus_dcc": 3.2851, "bus_lcAssertive": 81.1034, "bus_lcCooperative": 0.6082, "bus_lcLookaheadLeft": 34.045, "bus_lcPushy": 0.8473, "bus_lcSigma": 0.8043, "bus_lcSpeedGainRight": 4.4163, "bus_lcSublane": 0.6351, "bus_sigma": 0.1111, "bus_tau_mean": 3.2513, "bus_tau_std": 1.8025, "bus_v_mean": 9.1263, "bus_v_std": 18.0858, "car_acc": 1.8523, "car_dcc": 0.7051, "car_lcAssertive": 45.4247, "car_lcCooperative": 0.2947, "car_lcLookaheadLeft": 28.4099, "car_lcPushy": 0.8488, "car_lcSigma": 0.0229, "car_lcSpeedGainRight": 4.768, "car_lcSublane": 0.4966, "car_sigma": 0.4706, "car_tau_mean": 3.0779, "car_tau_std": 2.562, "car_v_mean": 16.7234, "car_v_std": 18.6257}, "datetime": {"datetime": "2024-09-05 11:44:01", "elapsed": 3297.368255, "delta": 4.815466}}
{"target": -0.18400568753352253, "params": {"bus_acc": 3.0303, "bus_dcc": 1.8937, "bus_lcAssertive": 5.8336, "bus_lcCooperative": 0.8063, "bus_lcLookaheadLeft": 29.6003, "bus_lcPushy": 0.6806, "bus_lcSigma": 0.0644, "bus_lcSpeedGainRight": 2.4468, "bus_lcSublane": 0.7781, "bus_sigma": 0.8941, "bus_tau_mean": 1.4096, "bus_tau_std": 7.6433, "bus_v_mean": 20.0946, "bus_v_std": 9.091, "car_acc": 2.5867, "car_dcc": 1.9972, "car_lcAssertive": 92.7725, "car_lcCooperative": 0.4763, "car_lcLookaheadLeft": 75.8445, "car_lcPushy": 0.1948, "car_lcSigma": 0.8148, "car_lcSpeedGainRight": 2.2898, "car_lcSublane": 0.786, "car_sigma": 0.2434, "car_tau_mean": 3.368, "car_tau_std": 0.9218, "car_v_mean": 24.2609, "car_v_std": 14.3844}, "datetime": {"datetime": "2024-09-05 11:44:05", "elapsed": 3300.599464, "delta": 3.231209}}
{"target": -0.19445484362562795, "params": {"bus_acc": 3.866, "bus_dcc": 3.1059, "bus_lcAssertive": 66.1542, "bus_lcCooperative": 0.7303, "bus_lcLookaheadLeft": 88.8463, "bus_lcPushy": 0.2456, "bus_lcSigma": 0.2323, "bus_lcSpeedGainRight": 4.5037, "bus_lcSublane": 0.6385, "bus_sigma": 0.8806, "bus_tau_mean": 0.6893, "bus_tau_std": 2.8704, "bus_v_mean": 9.1673, "bus_v_std": 0.8129, "car_acc": 0.6605, "car_dcc": 1.8446, "car_lcAssertive": 21.7779, "car_lcCooperative": 0.2508, "car_lcLookaheadLeft": 41.461, "car_lcPushy": 0.4396, "car_lcSigma": 0.1373, "car_lcSpeedGainRight": 3.8473, "car_lcSublane": 0.3944, "car_sigma": 0.7728, "car_tau_mean": 1.8453, "car_tau_std": 8.5182, "car_v_mean": 11.4187, "car_v_std": 10.5995}, "datetime": {"datetime": "2024-09-05 11:44:13", "elapsed": 3308.635068, "delta": 8.035604}}
{"target": -0.19713574550427718, "params": {"bus_acc": 0.7363, "bus_dcc": 3.769, "bus_lcAssertive": 87.1221, "bus_lcCooperative": 0.0801, "bus_lcLookaheadLeft": 82.8679, "bus_lcPushy": 0.3311, "bus_lcSigma": 0.011, "bus_lcSpeedGainRight": 1.851, "bus_lcSublane": 0.5963, "bus_sigma": 0.97, "bus_tau_mean": 3.2979, "bus_tau_std": 6.4763, "bus_v_mean": 23.8543, "bus_v_std": 0.2115, "car_acc": 1.4857, "car_dcc": 0.4643, "car_lcAssertive": 43.0405, "car_lcCooperative": 0.2517, "car_lcLookaheadLeft": 34.8053, "car_lcPushy": 0.3361, "car_lcSigma": 0.8548, "car_lcSpeedGainRight": 0.1826, "car_lcSublane": 0.0667, "car_sigma": 0.7439, "car_tau_mean": 3.3059, "car_tau_std": 6.7826, "car_v_mean": 16.9905, "car_v_std": 1.8159}, "datetime": {"datetime": "2024-09-05 11:44:17", "elapsed": 3312.773332, "delta": 4.138264}}
{"target": -0.2012230636132041, "params": {"bus_acc": 3.4722, "bus_dcc": 0.8586, "bus_lcAssertive": 19.3316, "bus_lcCooperative": 0.464, "bus_lcLookaheadLeft": 8.9981, "bus_lcPushy": 0.3078, "bus_lcSigma": 0.3388, "bus_lcSpeedGainRight": 2.323, "bus_lcSublane": 0.1305, "bus_sigma": 0.1484, "bus_tau_mean": 3.8557, "bus_tau_std": 9.9762, "bus_v_mean": 12.1948, "bus_v_std": 19.8801, "car_acc": 2.3459, "car_dcc": 0.9853, "car_lcAssertive": 7.1345, "car_lcCooperative": 0.4563, "car_lcLookaheadLeft": 30.8494, "car_lcPushy": 0.7116, "car_lcSigma": 0.1898, "car_lcSpeedGainRight": 3.1008, "car_lcSublane": 0.4894, "car_sigma": 0.4182, "car_tau_mean": 1.5732, "car_tau_std": 3.2188, "car_v_mean": 25.9342, "car_v_std": 16.3776}, "datetime": {"datetime": "2024-09-05 11:44:28", "elapsed": 3323.942261, "delta": 11.168929}}
{"target": -0.16865647068509815, "params": {"bus_acc": 3.4938, "bus_dcc": 2.8735, "bus_lcAssertive": 63.5844, "bus_lcCooperative": 0.1312, "bus_lcLookaheadLeft": 88.3034, "bus_lcPushy": 0.0522, "bus_lcSigma": 0.4436, "bus_lcSpeedGainRight": 0.4754, "bus_lcSublane": 0.8832, "bus_sigma": 0.9828, "bus_tau_mean": 3.5564, "bus_tau_std": 6.1558, "bus_v_mean": 13.025, "bus_v_std": 19.7138, "car_acc": 3.2532, "car_dcc": 3.9865, "car_lcAssertive": 98.112, "car_lcCooperative": 0.7245, "car_lcLookaheadLeft": 20.7387, "car_lcPushy": 0.2154, "car_lcSigma": 0.2237, "car_lcSpeedGainRight": 2.7454, "car_lcSublane": 0.6878, "car_sigma": 0.5404, "car_tau_mean": 1.3555, "car_tau_std": 3.0869, "car_v_mean": 24.8484, "car_v_std": 7.1784}, "datetime": {"datetime": "2024-09-05 11:44:30", "elapsed": 3326.346469, "delta": 2.404208}}
{"target": -0.17062242125243196, "params": {"bus_acc": 2.1847, "bus_dcc": 3.9606, "bus_lcAssertive": 47.1376, "bus_lcCooperative": 0.3297, "bus_lcLookaheadLeft": 18.3286, "bus_lcPushy": 0.4481, "bus_lcSigma": 0.9834, "bus_lcSpeedGainRight": 3.4902, "bus_lcSublane": 0.3726, "bus_sigma": 0.7286, "bus_tau_mean": 3.7899, "bus_tau_std": 9.9192, "bus_v_mean": 22.6667, "bus_v_std": 5.8144, "car_acc": 1.4358, "car_dcc": 2.6789, "car_lcAssertive": 25.2851, "car_lcCooperative": 0.1606, "car_lcLookaheadLeft": 66.4478, "car_lcPushy": 0.7121, "car_lcSigma": 0.7689, "car_lcSpeedGainRight": 1.0288, "car_lcSublane": 0.2765, "car_sigma": 0.6844, "car_tau_mean": 1.3957, "car_tau_std": 7.4953, "car_v_mean": 14.7339, "car_v_std": 5.0167}, "datetime": {"datetime": "2024-09-05 11:44:38", "elapsed": 3334.201971, "delta": 7.855502}}
{"target": -0.18623904520630932, "params": {"bus_acc": 0.9289, "bus_dcc": 3.9008, "bus_lcAssertive": 72.3083, "bus_lcCooperative": 0.1902, "bus_lcLookaheadLeft": 62.1438, "bus_lcPushy": 0.8972, "bus_lcSigma": 0.7512, "bus_lcSpeedGainRight": 1.2886, "bus_lcSublane": 0.2723, "bus_sigma": 0.7734, "bus_tau_mean": 3.1301, "bus_tau_std": 1.2537, "bus_v_mean": 21.1898, "bus_v_std": 6.3533, "car_acc": 1.5301, "car_dcc": 0.4222, "car_lcAssertive": 77.2421, "car_lcCooperative": 0.2953, "car_lcLookaheadLeft": 36.6181, "car_lcPushy": 0.518, "car_lcSigma": 0.3678, "car_lcSpeedGainRight": 3.2027, "car_lcSublane": 0.4696, "car_sigma": 0.2405, "car_tau_mean": 3.1231, "car_tau_std": 5.0912, "car_v_mean": 22.6663, "car_v_std": 14.8046}, "datetime": {"datetime": "2024-09-05 11:44:45", "elapsed": 3340.888818, "delta": 6.686847}}
{"target": -0.2202153597724359, "params": {"bus_acc": 1.5528, "bus_dcc": 3.44, "bus_lcAssertive": 62.9893, "bus_lcCooperative": 0.3938, "bus_lcLookaheadLeft": 25.4734, "bus_lcPushy": 0.2478, "bus_lcSigma": 0.4715, "bus_lcSpeedGainRight": 1.0663, "bus_lcSublane": 0.4829, "bus_sigma": 0.2444, "bus_tau_mean": 0.9732, "bus_tau_std": 6.89, "bus_v_mean": 21.7571, "bus_v_std": 17.0058, "car_acc": 1.4584, "car_dcc": 1.1995, "car_lcAssertive": 92.3764, "car_lcCooperative": 0.7763, "car_lcLookaheadLeft": 47.5022, "car_lcPushy": 0.8281, "car_lcSigma": 0.2352, "car_lcSpeedGainRight": 2.7502, "car_lcSublane": 0.8516, "car_sigma": 0.859, "car_tau_mean": 3.3326, "car_tau_std": 0.1433, "car_v_mean": 19.1914, "car_v_std": 17.3111}, "datetime": {"datetime": "2024-09-05 11:44:51", "elapsed": 3346.540559, "delta": 5.651741}}
{"target": -0.19260249412361422, "params": {"bus_acc": 0.2672, "bus_dcc": 3.2692, "bus_lcAssertive": 34.9888, "bus_lcCooperative": 0.8668, "bus_lcLookaheadLeft": 60.342, "bus_lcPushy": 0.5635, "bus_lcSigma": 0.99, "bus_lcSpeedGainRight": 1.2912, "bus_lcSublane": 0.164, "bus_sigma": 0.3541, "bus_tau_mean": 3.3799, "bus_tau_std": 2.3937, "bus_v_mean": 18.6963, "bus_v_std": 15.5346, "car_acc": 2.5869, "car_dcc": 2.0775, "car_lcAssertive": 70.891, "car_lcCooperative": 0.8937, "car_lcLookaheadLeft": 2.9727, "car_lcPushy": 0.3741, "car_lcSigma": 0.2762, "car_lcSpeedGainRight": 4.7149, "car_lcSublane": 0.3414, "car_sigma": 0.1464, "car_tau_mean": 2.2958, "car_tau_std": 8.0955, "car_v_mean": 23.2375, "car_v_std": 7.415}, "datetime": {"datetime": "2024-09-05 11:44:56", "elapsed": 3352.128195, "delta": 5.587636}}
{"target": -0.22678921559922585, "params": {"bus_acc": 1.1681, "bus_dcc": 0.9609, "bus_lcAssertive": 53.3002, "bus_lcCooperative": 0.2846, "bus_lcLookaheadLeft": 19.9787, "bus_lcPushy": 0.9928, "bus_lcSigma": 0.6424, "bus_lcSpeedGainRight": 2.7422, "bus_lcSublane": 0.8614, "bus_sigma": 0.2992, "bus_tau_mean": 1.4146, "bus_tau_std": 4.4599, "bus_v_mean": 8.3226, "bus_v_std": 15.7769, "car_acc": 0.7752, "car_dcc": 0.6996, "car_lcAssertive": 76.1101, "car_lcCooperative": 0.7, "car_lcLookaheadLeft": 46.7576, "car_lcPushy": 0.4272, "car_lcSigma": 0.2923, "car_lcSpeedGainRight": 0.431, "car_lcSublane": 0.092, "car_sigma": 0.0955, "car_tau_mean": 2.0156, "car_tau_std": 6.6059, "car_v_mean": 23.8401, "car_v_std": 10.3688}, "datetime": {"datetime": "2024-09-05 11:45:25", "elapsed": 3380.584284, "delta": 28.456089}}
{"target": -0.2501315377683501, "params": {"bus_acc": 0.8778, "bus_dcc": 3.443, "bus_lcAssertive": 38.5131, "bus_lcCooperative": 0.4994, "bus_lcLookaheadLeft": 67.9675, "bus_lcPushy": 0.4393, "bus_lcSigma": 0.3005, "bus_lcSpeedGainRight": 0.8212, "bus_lcSublane": 0.0038, "bus_sigma": 0.0285, "bus_tau_mean": 3.4366, "bus_tau_std": 2.5517, "bus_v_mean": 16.6502, "bus_v_std": 12.4821, "car_acc": 0.6089, "car_dcc": 3.7308, "car_lcAssertive": 42.6892, "car_lcCooperative": 0.5977, "car_lcLookaheadLeft": 94.4269, "car_lcPushy": 0.1537, "car_lcSigma": 0.2447, "car_lcSpeedGainRight": 2.2872, "car_lcSublane": 0.6565, "car_sigma": 0.5962, "car_tau_mean": 2.3156, "car_tau_std": 7.9207, "car_v_mean": 23.5238, "car_v_std": 8.8201}, "datetime": {"datetime": "2024-09-05 11:45:44", "elapsed": 3399.742764, "delta": 19.15848}}
{"target": -0.1986598312851491, "params": {"bus_acc": 2.3655, "bus_dcc": 3.5756, "bus_lcAssertive": 66.6328, "bus_lcCooperative": 0.5288, "bus_lcLookaheadLeft": 46.9501, "bus_lcPushy": 0.8138, "bus_lcSigma": 0.2805, "bus_lcSpeedGainRight": 4.8751, "bus_lcSublane": 0.2831, "bus_sigma": 0.8712, "bus_tau_mean": 0.7183, "bus_tau_std": 4.5558, "bus_v_mean": 14.5482, "bus_v_std": 18.5567, "car_acc": 3.9911, "car_dcc": 3.817, "car_lcAssertive": 94.7242, "car_lcCooperative": 0.9003, "car_lcLookaheadLeft": 85.6825, "car_lcPushy": 0.1841, "car_lcSigma": 0.76, "car_lcSpeedGainRight": 4.0824, "car_lcSublane": 0.6297, "car_sigma": 0.2249, "car_tau_mean": 2.5715, "car_tau_std": 1.131, "car_v_mean": 9.8626, "car_v_std": 5.6322}, "datetime": {"datetime": "2024-09-05 11:45:46", "elapsed": 3401.869281, "delta": 2.126517}}
{"target": -0.20119287664298258, "params": {"bus_acc": 1.4677, "bus_dcc": 3.3119, "bus_lcAssertive": 62.3839, "bus_lcCooperative": 0.5547, "bus_lcLookaheadLeft": 54.1407, "bus_lcPushy": 0.5366, "bus_lcSigma": 0.0102, "bus_lcSpeedGainRight": 2.309, "bus_lcSublane": 0.3583, "bus_sigma": 0.7854, "bus_tau_mean": 2.7832, "bus_tau_std": 1.209, "bus_v_mean": 15.7814, "bus_v_std": 6.8645, "car_acc": 1.4027, "car_dcc": 3.874, "car_lcAssertive": 89.4879, "car_lcCooperative": 0.6266, "car_lcLookaheadLeft": 37.5797, "car_lcPushy": 0.4915, "car_lcSigma": 0.226, "car_lcSpeedGainRight": 2.201, "car_lcSublane": 0.3968, "car_sigma": 0.4865, "car_tau_mean": 3.0741, "car_tau_std": 0.8705, "car_v_mean": 21.0942, "car_v_std": 6.3389}, "datetime": {"datetime": "2024-09-05 11:45:50", "elapsed": 3405.626478, "delta": 3.757197}}
{"target": -0.38206189430090504, "params": {"bus_acc": 3.1761, "bus_dcc": 2.7386, "bus_lcAssertive": 81.3992, "bus_lcCooperative": 0.0188, "bus_lcLookaheadLeft": 23.7671, "bus_lcPushy": 0.0565, "bus_lcSigma": 0.1133, "bus_lcSpeedGainRight": 2.6741, "bus_lcSublane": 0.4683, "bus_sigma": 0.0911, "bus_tau_mean": 2.5834, "bus_tau_std": 9.7389, "bus_v_mean": 18.2961, "bus_v_std": 19.8474, "car_acc": 3.9642, "car_dcc": 0.2368, "car_lcAssertive": 37.6284, "car_lcCooperative": 0.0902, "car_lcLookaheadLeft": 66.959, "car_lcPushy": 0.0267, "car_lcSigma": 0.1787, "car_lcSpeedGainRight": 2.4791, "car_lcSublane": 0.2626, "car_sigma": 0.3186, "car_tau_mean": 1.9267, "car_tau_std": 8.9892, "car_v_mean": 21.6096, "car_v_std": 6.9849}, "datetime": {"datetime": "2024-09-05 11:45:54", "elapsed": 3410.432137, "delta": 4.805659}}
{"target": -0.19322403860461493, "params": {"bus_acc": 0.4984, "bus_dcc": 3.5778, "bus_lcAssertive": 10.5031, "bus_lcCooperative": 0.9497, "bus_lcLookaheadLeft": 57.1252, "bus_lcPushy": 0.9263, "bus_lcSigma": 0.6331, "bus_lcSpeedGainRight": 0.0292, "bus_lcSublane": 0.8549, "bus_sigma": 0.8199, "bus_tau_mean": 3.7647, "bus_tau_std": 8.9858, "bus_v_mean": 13.0552, "bus_v_std": 8.8623, "car_acc": 0.371, "car_dcc": 0.7344, "car_lcAssertive": 82.2272, "car_lcCooperative": 0.4582, "car_lcLookaheadLeft": 60.9316, "car_lcPushy": 0.9664, "car_lcSigma": 0.8977, "car_lcSpeedGainRight": 1.4427, "car_lcSublane": 0.7171, "car_sigma": 0.3881, "car_tau_mean": 0.592, "car_tau_std": 2.096, "car_v_mean": 22.1104, "car_v_std": 18.5176}, "datetime": {"datetime": "2024-09-05 11:46:33", "elapsed": 3448.926868, "delta": 38.494731}}
{"target": -0.2355166579088069, "params": {"bus_acc": 0.7427, "bus_dcc": 2.1285, "bus_lcAssertive": 63.9973, "bus_lcCooperative": 0.8565, "bus_lcLookaheadLeft": 70.1355, "bus_lcPushy": 0.3241, "bus_lcSigma": 0.2773, "bus_lcSpeedGainRight": 4.6138, "bus_lcSublane": 0.8696, "bus_sigma": 0.6608, "bus_tau_mean": 1.5203, "bus_tau_std": 6.4261, "bus_v_mean": 10.8797, "bus_v_std": 10.1713, "car_acc": 0.7469, "car_dcc": 1.2751, "car_lcAssertive": 24.1601, "car_lcCooperative": 0.6788, "car_lcLookaheadLeft": 42.5955, "car_lcPushy": 0.7667, "car_lcSigma": 0.9215, "car_lcSpeedGainRight": 2.4476, "car_lcSublane": 0.6303, "car_sigma": 0.6506, "car_tau_mean": 0.9914, "car_tau_std": 7.9184, "car_v_mean": 22.1083, "car_v_std": 5.9736}, "datetime": {"datetime": "2024-09-05 11:46:44", "elapsed": 3460.259612, "delta": 11.332744}}
{"target": -0.20653875403819955, "params": {"bus_acc": 3.0637, "bus_dcc": 1.2168, "bus_lcAssertive": 81.5478, "bus_lcCooperative": 0.3681, "bus_lcLookaheadLeft": 83.134, "bus_lcPushy": 0.7768, "bus_lcSigma": 0.6331, "bus_lcSpeedGainRight": 4.8184, "bus_lcSublane": 0.4864, "bus_sigma": 0.2424, "bus_tau_mean": 3.1982, "bus_tau_std": 8.1964, "bus_v_mean": 10.0018, "bus_v_std": 6.9133, "car_acc": 3.09, "car_dcc": 1.5127, "car_lcAssertive": 86.903, "car_lcCooperative": 0.1032, "car_lcLookaheadLeft": 21.7199, "car_lcPushy": 0.9957, "car_lcSigma": 0.0807, "car_lcSpeedGainRight": 4.9595, "car_lcSublane": 0.4118, "car_sigma": 0.7697, "car_tau_mean": 2.6323, "car_tau_std": 0.6249, "car_v_mean": 10.826, "car_v_std": 13.5141}, "datetime": {"datetime": "2024-09-05 11:46:48", "elapsed": 3463.780204, "delta": 3.520592}}
{"target": -0.2168734897584944, "params": {"bus_acc": 1.6557, "bus_dcc": 1.9844, "bus_lcAssertive": 43.8492, "bus_lcCooperative": 0.5472, "bus_lcLookaheadLeft": 77.6359, "bus_lcPushy": 0.0976, "bus_lcSigma": 0.5737, "bus_lcSpeedGainRight": 3.0202, "bus_lcSublane": 0.1977, "bus_sigma": 0.8281, "bus_tau_mean": 2.9002, "bus_tau_std": 6.3217, "bus_v_mean": 20.4773, "bus_v_std": 13.882, "car_acc": 1.195, "car_dcc": 3.461, "car_lcAssertive": 11.816, "car_lcCooperative": 0.7235, "car_lcLookaheadLeft": 7.0826, "car_lcPushy": 0.4214, "car_lcSigma": 0.135, "car_lcSpeedGainRight": 1.4226, "car_lcSublane": 0.9294, "car_sigma": 0.242, "car_tau_mean": 1.4378, "car_tau_std": 2.994, "car_v_mean": 22.7015, "car_v_std": 11.6822}, "datetime": {"datetime": "2024-09-05 11:47:11", "elapsed": 3487.009822, "delta": 23.229618}}
{"target": -0.1538735320337067, "params": {"bus_acc": 2.9844, "bus_dcc": 3.9484, "bus_lcAssertive": 98.8737, "bus_lcCooperative": 0.5221, "bus_lcLookaheadLeft": 16.8596, "bus_lcPushy": 0.5884, "bus_lcSigma": 0.6424, "bus_lcSpeedGainRight": 4.4648, "bus_lcSublane": 0.4236, "bus_sigma": 0.3362, "bus_tau_mean": 2.1353, "bus_tau_std": 5.2162, "bus_v_mean": 9.7514, "bus_v_std": 9.0994, "car_acc": 0.3539, "car_dcc": 0.5735, "car_lcAssertive": 28.8465, "car_lcCooperative": 0.102, "car_lcLookaheadLeft": 14.5215, "car_lcPushy": 0.5979, "car_lcSigma": 0.9369, "car_lcSpeedGainRight": 3.045, "car_lcSublane": 0.8948, "car_sigma": 0.31, "car_tau_mean": 1.9245, "car_tau_std": 2.3557, "car_v_mean": 10.2345, "car_v_std": 13.5319}, "datetime": {"datetime": "2024-09-05 11:47:13", "elapsed": 3489.431683, "delta": 2.421861}}
{"target": -0.7321572375770088, "params": {"bus_acc": 3.9543, "bus_dcc": 3.1991, "bus_lcAssertive": 74.9701, "bus_lcCooperative": 0.2204, "bus_lcLookaheadLeft": 93.2884, "bus_lcPushy": 0.2901, "bus_lcSigma": 0.9974, "bus_lcSpeedGainRight": 2.9014, "bus_lcSublane": 0.881, "bus_sigma": 0.4999, "bus_tau_mean": 3.6896, "bus_tau_std": 8.1032, "bus_v_mean": 20.9983, "bus_v_std": 17.558, "car_acc": 1.3969, "car_dcc": 0.4027, "car_lcAssertive": 45.4006, "car_lcCooperative": 0.6096, "car_lcLookaheadLeft": 15.1968, "car_lcPushy": 0.1161, "car_lcSigma": 0.2695, "car_lcSpeedGainRight": 3.4433, "car_lcSublane": 0.1316, "car_sigma": 0.6481, "car_tau_mean": 2.3707, "car_tau_std": 5.559, "car_v_mean": 8.6278, "car_v_std": 2.4769}, "datetime": {"datetime": "2024-09-05 11:47:18", "elapsed": 3494.372477, "delta": 4.940794}}
{"target": -0.24030466702168693, "params": {"bus_acc": 0.3047, "bus_dcc": 3.0553, "bus_lcAssertive": 15.8537, "bus_lcCooperative": 0.8133, "bus_lcLookaheadLeft": 87.7706, "bus_lcPushy": 0.2968, "bus_lcSigma": 0.8508, "bus_lcSpeedGainRight": 1.9015, "bus_lcSublane": 0.0001, "bus_sigma": 0.0455, "bus_tau_mean": 2.1032, "bus_tau_std": 7.0941, "bus_v_mean": 22.0663, "bus_v_std": 14.0962, "car_acc": 0.7169, "car_dcc": 2.7481, "car_lcAssertive": 17.1481, "car_lcCooperative": 0.9903, "car_lcLookaheadLeft": 39.6815, "car_lcPushy": 0.2714, "car_lcSigma": 0.3409, "car_lcSpeedGainRight": 0.8895, "car_lcSublane": 0.68, "car_sigma": 0.5386, "car_tau_mean": 0.8089, "car_tau_std": 5.5628, "car_v_mean": 16.1476, "car_v_std": 6.0881}, "datetime": {"datetime": "2024-09-05 11:47:21", "elapsed": 3497.422182, "delta": 3.049705}}
{"target": -0.17962897943859443, "params": {"bus_acc": 2.9938, "bus_dcc": 0.7861, "bus_lcAssertive": 28.1771, "bus_lcCooperative": 0.3276, "bus_lcLookaheadLeft": 28.4634, "bus_lcPushy": 0.0328, "bus_lcSigma": 0.44, "bus_lcSpeedGainRight": 1.2209, "bus_lcSublane": 0.6662, "bus_sigma": 0.3343, "bus_tau_mean": 3.8333, "bus_tau_std": 6.462, "bus_v_mean": 23.2955, "bus_v_std": 4.5257, "car_acc": 2.5142, "car_dcc": 2.7966, "car_lcAssertive": 41.9068, "car_lcCooperative": 0.4594, "car_lcLookaheadLeft": 57.2057, "car_lcPushy": 0.4089, "car_lcSigma": 0.3191, "car_lcSpeedGainRight": 1.7595, "car_lcSublane": 0.1278, "car_sigma": 0.3062, "car_tau_mean": 3.9521, "car_tau_std": 9.187, "car_v_mean": 9.1724, "car_v_std": 18.9734}, "datetime": {"datetime": "2024-09-05 11:47:24", "elapsed": 3500.255657, "delta": 2.833475}}
