{"target": -0.507727569708769, "params": {"bus_acc": 2.2304, "bus_dcc": 1.7808, "bus_lcAssertive": 73.5905, "bus_lcCooperative": 0.5718, "bus_lcLookaheadLeft": 70.3436, "bus_lcPushy": 0.1008, "bus_lcSigma": 0.4958, "bus_lcSpeedGainRight": 4.7178, "bus_lcSublane": 0.6007, "bus_sigma": 0.2896, "bus_tau_mean": 2.1866, "bus_tau_std": 0.1226, "bus_v_mean": 22.2514, "bus_v_std": 16.7461, "car_acc": 2.3918, "car_dcc": 2.5093, "car_lcAssertive": 9.6216, "car_lcCooperative": 0.5345, "car_lcLookaheadLeft": 96.4365, "car_lcPushy": 0.9248, "car_lcSigma": 0.3013, "car_lcSpeedGainRight": 3.7003, "car_lcSublane": 0.9613, "car_sigma": 0.0465, "car_tau_mean": 1.04, "car_tau_std": 5.0502, "car_v_mean": 17.1261, "car_v_std": 9.7472}, "datetime": {"datetime": "2024-08-11 19:55:42", "elapsed": 8012.708566, "delta": 8.368715}}
{"target": -0.39788245469466504, "params": {"bus_acc": 2.2226, "bus_dcc": 1.5797, "bus_lcAssertive": 43.4877, "bus_lcCooperative": 0.6826, "bus_lcLookaheadLeft": 97.8038, "bus_lcPushy": 0.438, "bus_lcSigma": 0.8109, "bus_lcSpeedGainRight": 0.8348, "bus_lcSublane": 0.8358, "bus_sigma": 0.0079, "bus_tau_mean": 1.8679, "bus_tau_std": 0.4893, "bus_v_mean": 18.4032, "bus_v_std": 10.7395, "car_acc": 3.1558, "car_dcc": 3.2115, "car_lcAssertive": 6.8742, "car_lcCooperative": 0.7007, "car_lcLookaheadLeft": 15.5318, "car_lcPushy": 0.5839, "car_lcSigma": 0.0108, "car_lcSpeedGainRight": 1.6059, "car_lcSublane": 0.0501, "car_sigma": 0.5093, "car_tau_mean": 1.7779, "car_tau_std": 9.4623, "car_v_mean": 10.1708, "car_v_std": 9.9075}, "datetime": {"datetime": "2024-08-11 19:55:47", "elapsed": 8017.793817, "delta": 5.085251}}
{"target": -0.448340739116347, "params": {"bus_acc": 2.6924, "bus_dcc": 1.8241, "bus_lcAssertive": 87.2096, "bus_lcCooperative": 0.1948, "bus_lcLookaheadLeft": 95.6792, "bus_lcPushy": 0.0491, "bus_lcSigma": 0.6989, "bus_lcSpeedGainRight": 0.1964, "bus_lcSublane": 0.9175, "bus_sigma": 0.1406, "bus_tau_mean": 2.3141, "bus_tau_std": 8.1832, "bus_v_mean": 23.4916, "bus_v_std": 1.1992, "car_acc": 2.2064, "car_dcc": 0.9807, "car_lcAssertive": 55.6518, "car_lcCooperative": 0.0636, "car_lcLookaheadLeft": 14.9402, "car_lcPushy": 0.7571, "car_lcSigma": 0.2602, "car_lcSpeedGainRight": 4.1223, "car_lcSublane": 0.4852, "car_sigma": 0.5257, "car_tau_mean": 2.2094, "car_tau_std": 6.8287, "car_v_mean": 8.6425, "car_v_std": 4.2685}, "datetime": {"datetime": "2024-08-11 19:55:56", "elapsed": 8027.252714, "delta": 9.458897}}
{"target": -0.33367399188619534, "params": {"bus_acc": 3.2587, "bus_dcc": 2.7705, "bus_lcAssertive": 2.9313, "bus_lcCooperative": 0.728, "bus_lcLookaheadLeft": 60.4399, "bus_lcPushy": 0.6285, "bus_lcSigma": 0.052, "bus_lcSpeedGainRight": 2.9838, "bus_lcSublane": 0.8544, "bus_sigma": 0.8743, "bus_tau_mean": 2.9912, "bus_tau_std": 3.1954, "bus_v_mean": 9.1502, "bus_v_std": 15.5276, "car_acc": 2.4473, "car_dcc": 3.5917, "car_lcAssertive": 89.7267, "car_lcCooperative": 0.8531, "car_lcLookaheadLeft": 10.3042, "car_lcPushy": 0.7726, "car_lcSigma": 0.5198, "car_lcSpeedGainRight": 3.8595, "car_lcSublane": 0.9591, "car_sigma": 0.5365, "car_tau_mean": 2.5082, "car_tau_std": 3.4114, "car_v_mean": 15.0376, "car_v_std": 7.5194}, "datetime": {"datetime": "2024-08-11 19:56:02", "elapsed": 8033.171293, "delta": 5.918579}}
{"target": -0.4437587591531628, "params": {"bus_acc": 2.1026, "bus_dcc": 0.7195, "bus_lcAssertive": 26.5453, "bus_lcCooperative": 0.821, "bus_lcLookaheadLeft": 23.8523, "bus_lcPushy": 0.0086, "bus_lcSigma": 0.1705, "bus_lcSpeedGainRight": 0.6422, "bus_lcSublane": 0.5047, "bus_sigma": 0.2526, "bus_tau_mean": 3.0534, "bus_tau_std": 0.432, "bus_v_mean": 17.7894, "bus_v_std": 4.2631, "car_acc": 0.6437, "car_dcc": 2.811, "car_lcAssertive": 89.0156, "car_lcCooperative": 0.6976, "car_lcLookaheadLeft": 21.5603, "car_lcPushy": 0.5219, "car_lcSigma": 0.303, "car_lcSpeedGainRight": 1.1401, "car_lcSublane": 0.3026, "car_sigma": 0.3779, "car_tau_mean": 3.7797, "car_tau_std": 0.009, "car_v_mean": 19.2346, "car_v_std": 17.8778}, "datetime": {"datetime": "2024-08-11 19:56:13", "elapsed": 8043.791501, "delta": 10.620208}}
{"target": -0.34071663326786533, "params": {"bus_acc": 1.3017, "bus_dcc": 1.24, "bus_lcAssertive": 64.3135, "bus_lcCooperative": 0.4296, "bus_lcLookaheadLeft": 67.8854, "bus_lcPushy": 0.4396, "bus_lcSigma": 0.8075, "bus_lcSpeedGainRight": 1.9963, "bus_lcSublane": 0.0195, "bus_sigma": 0.828, "bus_tau_mean": 2.7791, "bus_tau_std": 6.4176, "bus_v_mean": 18.7165, "bus_v_std": 14.1414, "car_acc": 0.2919, "car_dcc": 1.2911, "car_lcAssertive": 81.0984, "car_lcCooperative": 0.1849, "car_lcLookaheadLeft": 44.8425, "car_lcPushy": 0.6048, "car_lcSigma": 0.5014, "car_lcSpeedGainRight": 4.7863, "car_lcSublane": 0.1268, "car_sigma": 0.8936, "car_tau_mean": 3.2669, "car_tau_std": 2.8207, "car_v_mean": 16.9492, "car_v_std": 19.9684}, "datetime": {"datetime": "2024-08-11 19:56:21", "elapsed": 8052.50575, "delta": 8.714249}}
{"target": -0.4882884361531507, "params": {"bus_acc": 2.5851, "bus_dcc": 0.9849, "bus_lcAssertive": 3.956, "bus_lcCooperative": 0.1689, "bus_lcLookaheadLeft": 8.857, "bus_lcPushy": 0.836, "bus_lcSigma": 0.6403, "bus_lcSpeedGainRight": 4.0157, "bus_lcSublane": 0.2129, "bus_sigma": 0.7556, "bus_tau_mean": 2.4303, "bus_tau_std": 7.8371, "bus_v_mean": 21.8871, "bus_v_std": 5.7562, "car_acc": 3.658, "car_dcc": 0.7612, "car_lcAssertive": 34.8011, "car_lcCooperative": 0.5042, "car_lcLookaheadLeft": 25.6654, "car_lcPushy": 0.2717, "car_lcSigma": 0.8382, "car_lcSpeedGainRight": 2.773, "car_lcSublane": 0.1954, "car_sigma": 0.8583, "car_tau_mean": 1.6186, "car_tau_std": 7.9375, "car_v_mean": 15.0272, "car_v_std": 16.7321}, "datetime": {"datetime": "2024-08-11 19:56:33", "elapsed": 8063.742785, "delta": 11.237035}}
{"target": -0.4163194273879758, "params": {"bus_acc": 3.765, "bus_dcc": 0.3689, "bus_lcAssertive": 50.7968, "bus_lcCooperative": 0.0786, "bus_lcLookaheadLeft": 16.2546, "bus_lcPushy": 0.5987, "bus_lcSigma": 0.1626, "bus_lcSpeedGainRight": 0.6481, "bus_lcSublane": 0.9712, "bus_sigma": 0.4859, "bus_tau_mean": 0.9826, "bus_tau_std": 8.0655, "bus_v_mean": 12.0346, "bus_v_std": 10.1197, "car_acc": 2.1383, "car_dcc": 2.1811, "car_lcAssertive": 8.8971, "car_lcCooperative": 0.985, "car_lcLookaheadLeft": 50.8417, "car_lcPushy": 0.5508, "car_lcSigma": 0.0238, "car_lcSpeedGainRight": 2.3324, "car_lcSublane": 0.3822, "car_sigma": 0.405, "car_tau_mean": 3.2682, "car_tau_std": 3.1396, "car_v_mean": 18.8524, "car_v_std": 12.9976}, "datetime": {"datetime": "2024-08-11 19:56:43", "elapsed": 8073.684703, "delta": 9.941918}}
{"target": -0.31987880983347766, "params": {"bus_acc": 0.5518, "bus_dcc": 1.7049, "bus_lcAssertive": 85.5723, "bus_lcCooperative": 0.688, "bus_lcLookaheadLeft": 32.5994, "bus_lcPushy": 0.2139, "bus_lcSigma": 0.2964, "bus_lcSpeedGainRight": 4.9193, "bus_lcSublane": 0.8049, "bus_sigma": 0.3505, "bus_tau_mean": 1.5271, "bus_tau_std": 1.5814, "bus_v_mean": 20.5811, "bus_v_std": 10.9514, "car_acc": 2.453, "car_dcc": 2.2956, "car_lcAssertive": 58.0314, "car_lcCooperative": 0.2716, "car_lcLookaheadLeft": 17.7334, "car_lcPushy": 0.1749, "car_lcSigma": 0.5574, "car_lcSpeedGainRight": 2.5832, "car_lcSublane": 0.0099, "car_sigma": 0.3507, "car_tau_mean": 1.7437, "car_tau_std": 3.131, "car_v_mean": 18.2917, "car_v_std": 7.2638}, "datetime": {"datetime": "2024-08-11 19:56:56", "elapsed": 8087.536713, "delta": 13.85201}}
{"target": -0.3229179202638359, "params": {"bus_acc": 1.3953, "bus_dcc": 2.1836, "bus_lcAssertive": 96.1671, "bus_lcCooperative": 0.6959, "bus_lcLookaheadLeft": 61.344, "bus_lcPushy": 0.0529, "bus_lcSigma": 0.7863, "bus_lcSpeedGainRight": 3.8478, "bus_lcSublane": 0.0709, "bus_sigma": 0.3438, "bus_tau_mean": 1.701, "bus_tau_std": 7.9082, "bus_v_mean": 25.5144, "bus_v_std": 5.7253, "car_acc": 2.6537, "car_dcc": 3.106, "car_lcAssertive": 72.6015, "car_lcCooperative": 0.6578, "car_lcLookaheadLeft": 81.9481, "car_lcPushy": 0.7112, "car_lcSigma": 0.383, "car_lcSpeedGainRight": 3.6672, "car_lcSublane": 0.4996, "car_sigma": 0.8756, "car_tau_mean": 3.8731, "car_tau_std": 9.9026, "car_v_mean": 16.2349, "car_v_std": 7.309}, "datetime": {"datetime": "2024-08-11 19:57:01", "elapsed": 8092.572398, "delta": 5.035685}}
{"target": -0.420318473498696, "params": {"bus_acc": 3.4128, "bus_dcc": 2.887, "bus_lcAssertive": 61.9871, "bus_lcCooperative": 0.2422, "bus_lcLookaheadLeft": 11.1774, "bus_lcPushy": 0.9242, "bus_lcSigma": 0.4679, "bus_lcSpeedGainRight": 2.9417, "bus_lcSublane": 0.0839, "bus_sigma": 0.6348, "bus_tau_mean": 2.2219, "bus_tau_std": 3.7834, "bus_v_mean": 24.9897, "bus_v_std": 0.4767, "car_acc": 3.851, "car_dcc": 0.9147, "car_lcAssertive": 30.8391, "car_lcCooperative": 0.0249, "car_lcLookaheadLeft": 50.4553, "car_lcPushy": 0.8688, "car_lcSigma": 0.7427, "car_lcSpeedGainRight": 1.2079, "car_lcSublane": 0.2342, "car_sigma": 0.8504, "car_tau_mean": 0.5139, "car_tau_std": 8.8248, "car_v_mean": 15.0029, "car_v_std": 2.6925}, "datetime": {"datetime": "2024-08-11 19:57:07", "elapsed": 8097.815102, "delta": 5.242704}}
{"target": -0.3672014341856818, "params": {"bus_acc": 1.0265, "bus_dcc": 2.7539, "bus_lcAssertive": 99.997, "bus_lcCooperative": 0.5338, "bus_lcLookaheadLeft": 81.8695, "bus_lcPushy": 0.4961, "bus_lcSigma": 0.6034, "bus_lcSpeedGainRight": 2.0391, "bus_lcSublane": 0.5424, "bus_sigma": 0.621, "bus_tau_mean": 3.1175, "bus_tau_std": 5.9743, "bus_v_mean": 14.9903, "bus_v_std": 13.5812, "car_acc": 3.1031, "car_dcc": 0.4499, "car_lcAssertive": 25.3339, "car_lcCooperative": 0.9612, "car_lcLookaheadLeft": 40.7309, "car_lcPushy": 0.6519, "car_lcSigma": 0.4039, "car_lcSpeedGainRight": 2.5277, "car_lcSublane": 0.164, "car_sigma": 0.955, "car_tau_mean": 3.2621, "car_tau_std": 7.856, "car_v_mean": 10.7163, "car_v_std": 15.4889}, "datetime": {"datetime": "2024-08-11 19:57:15", "elapsed": 8105.899142, "delta": 8.08404}}
{"target": -0.37347125787286667, "params": {"bus_acc": 1.3329, "bus_dcc": 2.4422, "bus_lcAssertive": 6.2719, "bus_lcCooperative": 0.1045, "bus_lcLookaheadLeft": 83.0421, "bus_lcPushy": 0.5699, "bus_lcSigma": 0.7263, "bus_lcSpeedGainRight": 4.5547, "bus_lcSublane": 0.2732, "bus_sigma": 0.1042, "bus_tau_mean": 2.6357, "bus_tau_std": 3.8262, "bus_v_mean": 9.3491, "bus_v_std": 8.5706, "car_acc": 3.8669, "car_dcc": 3.9486, "car_lcAssertive": 45.9202, "car_lcCooperative": 0.9354, "car_lcLookaheadLeft": 15.7554, "car_lcPushy": 0.0219, "car_lcSigma": 0.7835, "car_lcSpeedGainRight": 2.6602, "car_lcSublane": 0.2802, "car_sigma": 0.1159, "car_tau_mean": 2.8733, "car_tau_std": 6.5716, "car_v_mean": 12.7868, "car_v_std": 0.0653}, "datetime": {"datetime": "2024-08-11 19:57:22", "elapsed": 8113.02615, "delta": 7.127008}}
{"target": -0.4011982630964733, "params": {"bus_acc": 3.1007, "bus_dcc": 0.3764, "bus_lcAssertive": 67.8278, "bus_lcCooperative": 0.7591, "bus_lcLookaheadLeft": 31.1582, "bus_lcPushy": 0.5098, "bus_lcSigma": 0.0558, "bus_lcSpeedGainRight": 0.1631, "bus_lcSublane": 0.9587, "bus_sigma": 0.5808, "bus_tau_mean": 2.4438, "bus_tau_std": 2.2598, "bus_v_mean": 13.0787, "bus_v_std": 0.487, "car_acc": 2.0356, "car_dcc": 3.9341, "car_lcAssertive": 11.2989, "car_lcCooperative": 0.4634, "car_lcLookaheadLeft": 83.3685, "car_lcPushy": 0.6862, "car_lcSigma": 0.7028, "car_lcSpeedGainRight": 3.1957, "car_lcSublane": 0.4369, "car_sigma": 0.3869, "car_tau_mean": 0.9599, "car_tau_std": 7.7351, "car_v_mean": 22.1082, "car_v_std": 6.7026}, "datetime": {"datetime": "2024-08-11 19:57:39", "elapsed": 8130.244406, "delta": 17.218256}}
{"target": -0.654425925411385, "params": {"bus_acc": 1.0711, "bus_dcc": 2.2282, "bus_lcAssertive": 13.42, "bus_lcCooperative": 0.5692, "bus_lcLookaheadLeft": 30.7607, "bus_lcPushy": 0.4229, "bus_lcSigma": 0.1751, "bus_lcSpeedGainRight": 3.6063, "bus_lcSublane": 0.689, "bus_sigma": 0.8974, "bus_tau_mean": 1.4842, "bus_tau_std": 1.5535, "bus_v_mean": 13.413, "bus_v_std": 17.3938, "car_acc": 3.7184, "car_dcc": 3.0825, "car_lcAssertive": 1.8083, "car_lcCooperative": 0.2073, "car_lcLookaheadLeft": 49.187, "car_lcPushy": 0.9403, "car_lcSigma": 0.4549, "car_lcSpeedGainRight": 2.1457, "car_lcSublane": 0.644, "car_sigma": 0.3545, "car_tau_mean": 2.4001, "car_tau_std": 7.0965, "car_v_mean": 19.1418, "car_v_std": 0.482}, "datetime": {"datetime": "2024-08-11 19:57:48", "elapsed": 8138.917012, "delta": 8.672606}}
{"target": -0.3560206018024686, "params": {"bus_acc": 1.0107, "bus_dcc": 2.4535, "bus_lcAssertive": 27.825, "bus_lcCooperative": 0.3268, "bus_lcLookaheadLeft": 52.6527, "bus_lcPushy": 0.5566, "bus_lcSigma": 0.2592, "bus_lcSpeedGainRight": 3.4546, "bus_lcSublane": 0.0989, "bus_sigma": 0.5383, "bus_tau_mean": 1.5345, "bus_tau_std": 3.6858, "bus_v_mean": 21.4811, "bus_v_std": 13.4035, "car_acc": 2.0373, "car_dcc": 2.2925, "car_lcAssertive": 90.6503, "car_lcCooperative": 0.8832, "car_lcLookaheadLeft": 92.4085, "car_lcPushy": 0.7842, "car_lcSigma": 0.1043, "car_lcSpeedGainRight": 1.3985, "car_lcSublane": 0.3949, "car_sigma": 0.079, "car_tau_mean": 1.5465, "car_tau_std": 3.9887, "car_v_mean": 24.1629, "car_v_std": 3.4172}, "datetime": {"datetime": "2024-08-11 19:57:53", "elapsed": 8144.481691, "delta": 5.564679}}
{"target": -0.4989203119912506, "params": {"bus_acc": 0.2481, "bus_dcc": 3.2025, "bus_lcAssertive": 41.615, "bus_lcCooperative": 0.6205, "bus_lcLookaheadLeft": 62.3562, "bus_lcPushy": 0.0433, "bus_lcSigma": 0.0604, "bus_lcSpeedGainRight": 4.0604, "bus_lcSublane": 0.9072, "bus_sigma": 0.2142, "bus_tau_mean": 1.9995, "bus_tau_std": 6.2742, "bus_v_mean": 15.8179, "bus_v_std": 19.3496, "car_acc": 1.0814, "car_dcc": 1.771, "car_lcAssertive": 1.4108, "car_lcCooperative": 0.8518, "car_lcLookaheadLeft": 50.9175, "car_lcPushy": 0.1583, "car_lcSigma": 0.4349, "car_lcSpeedGainRight": 4.7029, "car_lcSublane": 0.0436, "car_sigma": 0.1168, "car_tau_mean": 2.8003, "car_tau_std": 6.4467, "car_v_mean": 18.5409, "car_v_std": 18.5465}, "datetime": {"datetime": "2024-08-11 19:58:03", "elapsed": 8153.712117, "delta": 9.230426}}
{"target": -0.3918292573658048, "params": {"bus_acc": 2.9776, "bus_dcc": 3.3183, "bus_lcAssertive": 49.4021, "bus_lcCooperative": 0.7377, "bus_lcLookaheadLeft": 21.9392, "bus_lcPushy": 0.0747, "bus_lcSigma": 0.6958, "bus_lcSpeedGainRight": 4.3639, "bus_lcSublane": 0.1901, "bus_sigma": 0.9305, "bus_tau_mean": 2.6929, "bus_tau_std": 8.9675, "bus_v_mean": 25.6109, "bus_v_std": 11.7663, "car_acc": 2.7476, "car_dcc": 2.3601, "car_lcAssertive": 65.8603, "car_lcCooperative": 0.17, "car_lcLookaheadLeft": 93.7642, "car_lcPushy": 0.7951, "car_lcSigma": 0.6894, "car_lcSpeedGainRight": 1.2995, "car_lcSublane": 0.2901, "car_sigma": 0.4908, "car_tau_mean": 1.2259, "car_tau_std": 6.4068, "car_v_mean": 24.9797, "car_v_std": 18.2031}, "datetime": {"datetime": "2024-08-11 19:58:09", "elapsed": 8160.237404, "delta": 6.525287}}
{"target": -0.21781520741401794, "params": {"bus_acc": 3.0387, "bus_dcc": 2.8473, "bus_lcAssertive": 91.0901, "bus_lcCooperative": 0.2243, "bus_lcLookaheadLeft": 55.2136, "bus_lcPushy": 0.1633, "bus_lcSigma": 0.6466, "bus_lcSpeedGainRight": 3.6263, "bus_lcSublane": 0.2586, "bus_sigma": 0.7771, "bus_tau_mean": 1.6415, "bus_tau_std": 0.1541, "bus_v_mean": 8.8371, "bus_v_std": 2.7033, "car_acc": 0.4469, "car_dcc": 2.366, "car_lcAssertive": 23.0912, "car_lcCooperative": 0.1901, "car_lcLookaheadLeft": 62.1283, "car_lcPushy": 0.7255, "car_lcSigma": 0.6367, "car_lcSpeedGainRight": 3.3358, "car_lcSublane": 0.7346, "car_sigma": 0.4621, "car_tau_mean": 1.0588, "car_tau_std": 5.9181, "car_v_mean": 22.1679, "car_v_std": 12.903}, "datetime": {"datetime": "2024-08-11 19:58:14", "elapsed": 8165.425648, "delta": 5.188244}}
{"target": -0.3364697744761778, "params": {"bus_acc": 2.1089, "bus_dcc": 3.687, "bus_lcAssertive": 28.0166, "bus_lcCooperative": 0.6121, "bus_lcLookaheadLeft": 73.5712, "bus_lcPushy": 0.8997, "bus_lcSigma": 0.8952, "bus_lcSpeedGainRight": 4.6247, "bus_lcSublane": 0.3224, "bus_sigma": 0.4212, "bus_tau_mean": 2.5783, "bus_tau_std": 3.214, "bus_v_mean": 15.8994, "bus_v_std": 2.5213, "car_acc": 1.8008, "car_dcc": 2.0768, "car_lcAssertive": 33.5549, "car_lcCooperative": 0.8898, "car_lcLookaheadLeft": 53.069, "car_lcPushy": 0.8684, "car_lcSigma": 0.0823, "car_lcSpeedGainRight": 1.0075, "car_lcSublane": 0.1974, "car_sigma": 0.4337, "car_tau_mean": 3.3899, "car_tau_std": 8.5692, "car_v_mean": 16.2971, "car_v_std": 3.339}, "datetime": {"datetime": "2024-08-11 19:58:20", "elapsed": 8171.00375, "delta": 5.578102}}
{"target": -0.48230591903875214, "params": {"bus_acc": 3.656, "bus_dcc": 1.4382, "bus_lcAssertive": 95.1587, "bus_lcCooperative": 0.9849, "bus_lcLookaheadLeft": 27.0559, "bus_lcPushy": 0.7248, "bus_lcSigma": 0.8514, "bus_lcSpeedGainRight": 1.6359, "bus_lcSublane": 0.8308, "bus_sigma": 0.0369, "bus_tau_mean": 0.8169, "bus_tau_std": 3.6906, "bus_v_mean": 19.5838, "bus_v_std": 16.8238, "car_acc": 2.3848, "car_dcc": 0.6808, "car_lcAssertive": 38.3949, "car_lcCooperative": 0.8993, "car_lcLookaheadLeft": 77.2114, "car_lcPushy": 0.1911, "car_lcSigma": 0.6143, "car_lcSpeedGainRight": 0.7883, "car_lcSublane": 0.9473, "car_sigma": 0.4704, "car_tau_mean": 0.7635, "car_tau_std": 0.392, "car_v_mean": 15.7162, "car_v_std": 7.5789}, "datetime": {"datetime": "2024-08-11 19:58:27", "elapsed": 8178.598274, "delta": 7.594524}}
{"target": -0.3145587057488897, "params": {"bus_acc": 1.4519, "bus_dcc": 3.4074, "bus_lcAssertive": 17.2616, "bus_lcCooperative": 0.9058, "bus_lcLookaheadLeft": 81.6087, "bus_lcPushy": 0.819, "bus_lcSigma": 0.5079, "bus_lcSpeedGainRight": 4.3447, "bus_lcSublane": 0.5428, "bus_sigma": 0.5138, "bus_tau_mean": 1.182, "bus_tau_std": 5.775, "bus_v_mean": 24.7111, "bus_v_std": 10.4932, "car_acc": 1.0276, "car_dcc": 2.0741, "car_lcAssertive": 66.3202, "car_lcCooperative": 0.0423, "car_lcLookaheadLeft": 7.0561, "car_lcPushy": 0.4049, "car_lcSigma": 0.8897, "car_lcSpeedGainRight": 4.1144, "car_lcSublane": 0.0137, "car_sigma": 0.7694, "car_tau_mean": 1.676, "car_tau_std": 4.0417, "car_v_mean": 22.0644, "car_v_std": 14.7849}, "datetime": {"datetime": "2024-08-11 19:58:38", "elapsed": 8188.757067, "delta": 10.158793}}
{"target": -0.5945948191107545, "params": {"bus_acc": 1.8618, "bus_dcc": 0.5488, "bus_lcAssertive": 14.4052, "bus_lcCooperative": 0.2633, "bus_lcLookaheadLeft": 41.5394, "bus_lcPushy": 0.5542, "bus_lcSigma": 0.0935, "bus_lcSpeedGainRight": 2.4618, "bus_lcSublane": 0.6281, "bus_sigma": 0.1664, "bus_tau_mean": 0.8812, "bus_tau_std": 5.809, "bus_v_mean": 17.1547, "bus_v_std": 13.9598, "car_acc": 0.8792, "car_dcc": 0.2441, "car_lcAssertive": 72.8776, "car_lcCooperative": 0.7214, "car_lcLookaheadLeft": 32.9772, "car_lcPushy": 0.372, "car_lcSigma": 0.268, "car_lcSpeedGainRight": 1.9087, "car_lcSublane": 0.8245, "car_sigma": 0.0191, "car_tau_mean": 2.7705, "car_tau_std": 5.0028, "car_v_mean": 16.3621, "car_v_std": 0.1299}, "datetime": {"datetime": "2024-08-11 19:58:42", "elapsed": 8193.597796, "delta": 4.840729}}
{"target": -0.3261136641781914, "params": {"bus_acc": 0.4906, "bus_dcc": 3.7972, "bus_lcAssertive": 13.5806, "bus_lcCooperative": 0.4475, "bus_lcLookaheadLeft": 40.2717, "bus_lcPushy": 0.9497, "bus_lcSigma": 0.5992, "bus_lcSpeedGainRight": 4.7463, "bus_lcSublane": 0.1234, "bus_sigma": 0.2971, "bus_tau_mean": 0.8313, "bus_tau_std": 3.1598, "bus_v_mean": 21.4914, "bus_v_std": 1.247, "car_acc": 1.7088, "car_dcc": 2.3328, "car_lcAssertive": 35.9405, "car_lcCooperative": 0.1814, "car_lcLookaheadLeft": 20.9758, "car_lcPushy": 0.906, "car_lcSigma": 0.7856, "car_lcSpeedGainRight": 2.8816, "car_lcSublane": 0.1523, "car_sigma": 0.6408, "car_tau_mean": 1.564, "car_tau_std": 3.0858, "car_v_mean": 22.1913, "car_v_std": 12.8852}, "datetime": {"datetime": "2024-08-11 19:58:50", "elapsed": 8201.480166, "delta": 7.88237}}
{"target": -0.45870770370673974, "params": {"bus_acc": 1.008, "bus_dcc": 2.28, "bus_lcAssertive": 22.0324, "bus_lcCooperative": 0.7288, "bus_lcLookaheadLeft": 65.2979, "bus_lcPushy": 0.8423, "bus_lcSigma": 0.6533, "bus_lcSpeedGainRight": 2.2002, "bus_lcSublane": 0.6697, "bus_sigma": 0.0548, "bus_tau_mean": 0.6529, "bus_tau_std": 6.3363, "bus_v_mean": 25.1097, "bus_v_std": 9.004, "car_acc": 0.7761, "car_dcc": 0.8574, "car_lcAssertive": 52.4294, "car_lcCooperative": 0.138, "car_lcLookaheadLeft": 71.1697, "car_lcPushy": 0.004, "car_lcSigma": 0.9813, "car_lcSpeedGainRight": 2.2135, "car_lcSublane": 0.9454, "car_sigma": 0.3784, "car_tau_mean": 1.1702, "car_tau_std": 6.0882, "car_v_mean": 14.9502, "car_v_std": 14.9077}, "datetime": {"datetime": "2024-08-11 19:59:00", "elapsed": 8211.31905, "delta": 9.838884}}
{"target": -0.33937001037825015, "params": {"bus_acc": 2.3901, "bus_dcc": 1.0706, "bus_lcAssertive": 68.4726, "bus_lcCooperative": 0.4322, "bus_lcLookaheadLeft": 68.939, "bus_lcPushy": 0.952, "bus_lcSigma": 0.2198, "bus_lcSpeedGainRight": 4.3078, "bus_lcSublane": 0.4066, "bus_sigma": 0.7476, "bus_tau_mean": 3.7287, "bus_tau_std": 8.7732, "bus_v_mean": 15.9981, "bus_v_std": 19.2257, "car_acc": 0.3846, "car_dcc": 1.8109, "car_lcAssertive": 16.8351, "car_lcCooperative": 0.7012, "car_lcLookaheadLeft": 27.883, "car_lcPushy": 0.9984, "car_lcSigma": 0.2118, "car_lcSpeedGainRight": 4.7136, "car_lcSublane": 0.8838, "car_sigma": 0.1713, "car_tau_mean": 3.8656, "car_tau_std": 6.9312, "car_v_mean": 10.4734, "car_v_std": 9.113}, "datetime": {"datetime": "2024-08-11 19:59:06", "elapsed": 8216.962705, "delta": 5.643655}}
