{"target": -0.18914100372060175, "params": {"bus_acc": 3.89659284934409, "bus_dcc": 3.1164045016794497, "bus_lcAssertive": 82.59954612282529, "bus_lcCooperative": 0.6326158167779973, "bus_lcLookaheadLeft": 67.53581148025974, "bus_lcPushy": 0.47688233352119336, "bus_lcSigma": 0.013136356923072245, "bus_lcSpeedGainRight": 1.765030427709124, "bus_lcSublane": 0.49207180149355845, "bus_sigma": 0.7300912110901043, "bus_tau_mean": 2.1401991996113825, "bus_tau_std": 4.574049160894317, "bus_v_mean": 10.477929337020857, "bus_v_std": 0.2177746760695798, "car_acc": 3.0814573898125857, "car_dcc": 1.4158207846951778, "car_lcAssertive": 98.45396156915756, "car_lcCooperative": 0.220234226159156, "car_lcLookaheadLeft": 35.19338649720461, "car_lcPushy": 0.5238961356661317, "car_lcSigma": 0.7548914570605327, "car_lcSpeedGainRight": 2.3192889195014783, "car_lcSublane": 0.12482254311167629, "car_sigma": 0.3125013784920495, "car_tau_mean": 2.265817093953481, "car_tau_std": 6.738490080168677, "car_v_mean": 21.86269921361766, "car_v_std": 2.6067156190870855}, "datetime": {"datetime": "2024-09-05 10:49:04", "elapsed": 0.0, "delta": 0.0}}
{"target": -0.25504550011268967, "params": {"bus_acc": 2.38164690086965, "bus_dcc": 0.7575685846420785, "bus_lcAssertive": 59.34124815342514, "bus_lcCooperative": 0.6997583600209312, "bus_lcLookaheadLeft": 12.028774025126932, "bus_lcPushy": 0.4140559878195683, "bus_lcSigma": 0.6944001577277451, "bus_lcSpeedGainRight": 2.0708963476345135, "bus_lcSublane": 0.04995345894608716, "bus_sigma": 0.5358964059155116, "bus_tau_mean": 2.823281258269261, "bus_tau_std": 5.148891120583086, "bus_v_mean": 25.00270560783464, "bus_v_std": 11.731100810039859, "car_acc": 3.632927278093957, "car_dcc": 0.7224038757557025, "car_lcAssertive": 14.788358377825096, "car_lcCooperative": 0.8073912887095238, "car_lcLookaheadLeft": 40.97233002458229, "car_lcPushy": 0.16535419711693278, "car_lcSigma": 0.9275085803960339, "car_lcSpeedGainRight": 1.738829298727533, "car_lcSublane": 0.7508121031361555, "car_sigma": 0.7259979853504515, "car_tau_mean": 3.5915713192203342, "car_tau_std": 6.236722070556089, "car_v_mean": 21.51696381249207, "car_v_std": 6.977966839556851}, "datetime": {"datetime": "2024-09-05 10:49:08", "elapsed": 3.514287, "delta": 3.514287}}
{"target": -0.25087864719330727, "params": {"bus_acc": 2.451545101310028, "bus_dcc": 1.3866253832672844, "bus_lcAssertive": 91.71424979336672, "bus_lcCooperative": 0.9096355249515571, "bus_lcLookaheadLeft": 27.19759279065523, "bus_lcPushy": 0.1108913007440292, "bus_lcSigma": 0.19296273201911285, "bus_lcSpeedGainRight": 2.4979208533944304, "bus_lcSublane": 0.7285856679745962, "bus_sigma": 0.20819443840879148, "bus_tau_mean": 1.3681174543203076, "bus_tau_std": 8.516718749363669, "bus_v_mean": 15.485276928815491, "bus_v_std": 12.333701343104725, "car_acc": 1.0879313291091501, "car_dcc": 0.5874755858180303, "car_lcAssertive": 52.069844679884454, "car_lcCooperative": 0.47714098704978236, "car_lcLookaheadLeft": 16.96182112113, "car_lcPushy": 0.6218062317404155, "car_lcSigma": 0.5440101188139381, "car_lcSpeedGainRight": 3.2706867348537214, "car_lcSublane": 0.1445455401246598, "car_sigma": 0.7515278171352439, "car_tau_mean": 1.2771719892997293, "car_tau_std": 5.19351824366033, "car_v_mean": 22.13532850798914, "car_v_std": 0.4466085598361236}, "datetime": {"datetime": "2024-09-05 10:49:10", "elapsed": 5.508198, "delta": 1.993911}}
{"target": -0.25682468510568673, "params": {"bus_acc": 2.5040519542826556, "bus_dcc": 2.361635460928629, "bus_lcAssertive": 32.41887852289392, "bus_lcCooperative": 0.9886161544124489, "bus_lcLookaheadLeft": 58.815031486088095, "bus_lcPushy": 0.3801411726235504, "bus_lcSigma": 0.5509482191178968, "bus_lcSpeedGainRight": 3.7266721545325106, "bus_lcSublane": 0.6692328934531846, "bus_sigma": 0.2649195576628094, "bus_tau_mean": 0.7321719204995455, "bus_tau_std": 3.700841979141063, "bus_v_mean": 19.33491512638816, "bus_v_std": 4.203480198296791, "car_acc": 3.0604711042074926, "car_dcc": 0.4528386291456368, "car_lcAssertive": 26.771194759275556, "car_lcCooperative": 0.8047545637433454, "car_lcLookaheadLeft": 20.956559697086117, "car_lcPushy": 0.6394608808799401, "car_lcSigma": 0.5246703091237337, "car_lcSpeedGainRight": 4.624039851996754, "car_lcSublane": 0.263296770487111, "car_sigma": 0.06596109068402378, "car_tau_mean": 3.072730871510343, "car_tau_std": 7.721780295432468, "car_v_mean": 24.340685345063434, "car_v_std": 18.639441383936745}, "datetime": {"datetime": "2024-09-05 10:49:10", "elapsed": 5.660549, "delta": 0.152351}}
{"target": -0.1992312934707158, "params": {"bus_acc": 2.50695781549535, "bus_dcc": 1.771628377004413, "bus_lcAssertive": 81.8187996708942, "bus_lcCooperative": 0.18513039826903066, "bus_lcLookaheadLeft": 70.78389991611843, "bus_lcPushy": 0.24035562484913886, "bus_lcSigma": 0.5742190888408597, "bus_lcSpeedGainRight": 1.7449379861039445, "bus_lcSublane": 0.05696439948283272, "bus_sigma": 0.22881367096037586, "bus_tau_mean": 2.8243589437417773, "bus_tau_std": 4.972500933605312, "bus_v_mean": 17.34228771332622, "bus_v_std": 3.49440300217845, "car_acc": 2.368720235875774, "car_dcc": 3.987663015791198, "car_lcAssertive": 81.86667577037056, "car_lcCooperative": 0.5943726238309778, "car_lcLookaheadLeft": 97.64692869642869, "car_lcPushy": 0.9015625846693213, "car_lcSigma": 0.5956079336026455, "car_lcSpeedGainRight": 0.16213162657228553, "car_lcSublane": 0.09357709581748075, "car_sigma": 0.06537171504222639, "car_tau_mean": 2.0810660204201636, "car_tau_std": 3.7543483316785773, "car_v_mean": 25.55630061686516, "car_v_std": 3.3596658639922983}, "datetime": {"datetime": "2024-09-05 10:49:11", "elapsed": 6.562053, "delta": 0.901504}}
{"target": -0.22507109054756338, "params": {"bus_acc": 3.5439934965410407, "bus_dcc": 3.6345994321402135, "bus_lcAssertive": 66.60926142515096, "bus_lcCooperative": 0.2702082620297578, "bus_lcLookaheadLeft": 26.731936747449794, "bus_lcPushy": 0.8548979426974024, "bus_lcSigma": 0.5277146463087466, "bus_lcSpeedGainRight": 4.01080542002299, "bus_lcSublane": 0.5724885171916063, "bus_sigma": 0.7331425252875111, "bus_tau_mean": 2.3165406961241954, "bus_tau_std": 7.70883910501888, "bus_v_mean": 18.23944383268488, "bus_v_std": 9.314197571839617, "car_acc": 1.5022178502224706, "car_dcc": 0.45919552398347563, "car_lcAssertive": 38.414493753481885, "car_lcCooperative": 0.07962607769825236, "car_lcLookaheadLeft": 98.3160771455836, "car_lcPushy": 0.18161285133076377, "car_lcSigma": 0.8118586977205398, "car_lcSpeedGainRight": 4.374808224779491, "car_lcSublane": 0.6884132523859433, "car_sigma": 0.5694944127453757, "car_tau_mean": 1.0634000288546308, "car_tau_std": 4.668800227633064, "car_v_mean": 14.21309692079387, "car_v_std": 4.500799156281692}, "datetime": {"datetime": "2024-09-05 10:49:17", "elapsed": 13.234213, "delta": 6.67216}}
{"target": -0.21268571173773498, "params": {"bus_acc": 1.3298592497276345, "bus_dcc": 0.30490284542711377, "bus_lcAssertive": 59.749812496997485, "bus_lcCooperative": 0.8438404289311888, "bus_lcLookaheadLeft": 39.33958015809699, "bus_lcPushy": 0.7498583107261434, "bus_lcSigma": 0.5111414782971282, "bus_lcSpeedGainRight": 2.704759024810943, "bus_lcSublane": 0.9594343210617524, "bus_sigma": 0.8039608914986468, "bus_tau_mean": 0.6131307331825089, "bus_tau_std": 7.0938725123129505, "bus_v_mean": 16.37002666814311, "bus_v_std": 18.950978827901995, "car_acc": 1.0414443904292556, "car_dcc": 1.21487367480059, "car_lcAssertive": 9.065922522848938, "car_lcCooperative": 0.42861882866378653, "car_lcLookaheadLeft": 12.683838873868693, "car_lcPushy": 0.6337867606119179, "car_lcSigma": 0.8029632373737379, "car_lcSpeedGainRight": 3.4840024806008922, "car_lcSublane": 0.7662113810757705, "car_sigma": 0.3424541198435198, "car_tau_mean": 3.4604801905968716, "car_tau_std": 4.287687749994426, "car_v_mean": 22.83217766742174, "car_v_std": 12.529923172485875}, "datetime": {"datetime": "2024-09-05 10:49:25", "elapsed": 20.491369, "delta": 7.257156}}
{"target": -0.194147448815609, "params": {"bus_acc": 3.9040134092493126, "bus_dcc": 2.6190967200072093, "bus_lcAssertive": 99.39738943643741, "bus_lcCooperative": 0.5460708041429516, "bus_lcLookaheadLeft": 53.589741522741086, "bus_lcPushy": 0.1354279030721699, "bus_lcSigma": 0.3557051709838811, "bus_lcSpeedGainRight": 0.13109283648186643, "bus_lcSublane": 0.1603951795196491, "bus_sigma": 0.7456371927074961, "bus_tau_mean": 0.6063989147507609, "bus_tau_std": 3.665430972437443, "bus_v_mean": 23.522232551084794, "bus_v_std": 13.853554350147085, "car_acc": 2.8255801398514406, "car_dcc": 0.9168198436301813, "car_lcAssertive": 44.74852379409391, "car_lcCooperative": 0.5815774073442912, "car_lcLookaheadLeft": 98.99566735104311, "car_lcPushy": 0.20390622523312185, "car_lcSigma": 0.24773290176235485, "car_lcSpeedGainRight": 1.3108654188645597, "car_lcSublane": 0.7501724132979928, "car_sigma": 0.4569753274356928, "car_tau_mean": 0.6992530344388325, "car_tau_std": 5.085162406102396, "car_v_mean": 11.815282963586167, "car_v_std": 15.972084895204205}, "datetime": {"datetime": "2024-09-05 10:49:29", "elapsed": 24.775231, "delta": 4.283862}}
{"target": -0.18952792846970046, "params": {"bus_acc": 1.631005196033943, "bus_dcc": 3.9003774457616256, "bus_lcAssertive": 60.86689399643125, "bus_lcCooperative": 0.828845807980693, "bus_lcLookaheadLeft": 58.321727461394026, "bus_lcPushy": 0.6280761983073504, "bus_lcSigma": 0.28557628169569393, "bus_lcSpeedGainRight": 2.9341667032804146, "bus_lcSublane": 0.7500217637026599, "bus_sigma": 0.8583138364290424, "bus_tau_mean": 3.1427876596368804, "bus_tau_std": 6.98057248447303, "bus_v_mean": 23.560629740982797, "bus_v_std": 6.453619936734929, "car_acc": 2.7489974049928314, "car_dcc": 1.9133209583707267, "car_lcAssertive": 38.8281724511202, "car_lcCooperative": 0.4108113499221856, "car_lcLookaheadLeft": 41.34499918001498, "car_lcPushy": 0.3173839459582769, "car_lcSigma": 0.6219193679203014, "car_lcSpeedGainRight": 2.151236354106322, "car_lcSublane": 0.9738020779272523, "car_sigma": 0.6778008914343111, "car_tau_mean": 1.194994609494888, "car_tau_std": 4.267010093480328, "car_v_mean": 14.180232315939614, "car_v_std": 15.952776079171331}, "datetime": {"datetime": "2024-09-05 10:49:30", "elapsed": 25.796205, "delta": 1.020974}}
{"target": -0.18309085520044663, "params": {"bus_acc": 3.7438627595412215, "bus_dcc": 2.8479090136616207, "bus_lcAssertive": 7.534017099484187, "bus_lcCooperative": 0.7554630526024664, "bus_lcLookaheadLeft": 75.87986646920214, "bus_lcPushy": 0.9230245355464833, "bus_lcSigma": 0.7115247586284718, "bus_lcSpeedGainRight": 0.6213548098608235, "bus_lcSublane": 0.01988013383979559, "bus_sigma": 0.026210986877719278, "bus_tau_mean": 0.5990727080727811, "bus_tau_std": 2.462110676030459, "bus_v_mean": 23.480503076291985, "bus_v_std": 10.776621286833057, "car_acc": 2.3007235190059103, "car_dcc": 3.3997173909665017, "car_lcAssertive": 13.293158196871204, "car_lcCooperative": 0.2791836790111395, "car_lcLookaheadLeft": 59.40440860291221, "car_lcPushy": 0.9695957483196745, "car_lcSigma": 0.56103021925571, "car_lcSpeedGainRight": 0.0932364468647151, "car_lcSublane": 0.8006326726806163, "car_sigma": 0.23297427384102043, "car_tau_mean": 3.324868184665727, "car_tau_std": 3.8786064406417173, "car_v_mean": 23.543753382069717, "car_v_std": 14.942432854743693}, "datetime": {"datetime": "2024-09-05 10:49:30", "elapsed": 26.065505, "delta": 0.2693}}
{"target": -0.1937965701270603, "params": {"bus_acc": 1.4325773469595087, "bus_dcc": 3.517105030320422, "bus_lcAssertive": 84.6262511526049, "bus_lcCooperative": 0.5384405925945437, "bus_lcLookaheadLeft": 86.92761086831827, "bus_lcPushy": 0.9498059913536265, "bus_lcSigma": 0.8264069976293413, "bus_lcSpeedGainRight": 4.270577219182694, "bus_lcSublane": 0.09874340182034835, "bus_sigma": 0.651304332340991, "bus_tau_mean": 2.9623094585342855, "bus_tau_std": 6.102408126466297, "bus_v_mean": 22.393074711248502, "bus_v_std": 0.691424397432685, "car_acc": 3.126907191308924, "car_dcc": 2.9805686828102025, "car_lcAssertive": 26.710140936536956, "car_lcCooperative": 0.2570692988221467, "car_lcLookaheadLeft": 63.965725108152526, "car_lcPushy": 0.34529746159108154, "car_lcSigma": 0.7965886780072875, "car_lcSpeedGainRight": 2.230731160017286, "car_lcSublane": 0.7827494147841719, "car_sigma": 0.9904717836238407, "car_tau_mean": 1.5508691883686503, "car_tau_std": 1.4300582825809938, "car_v_mean": 24.223551854286928, "car_v_std": 10.831187577747466}, "datetime": {"datetime": "2024-09-05 10:49:31", "elapsed": 27.335216, "delta": 1.269711}}
{"target": -0.16913557925746622, "params": {"bus_acc": 0.7450075849469306, "bus_dcc": 0.4978702194488022, "bus_lcAssertive": 2.814931648387722, "bus_lcCooperative": 0.06672499763935646, "bus_lcLookaheadLeft": 46.94121374342632, "bus_lcPushy": 0.11334192276759048, "bus_lcSigma": 0.027783348848669953, "bus_lcSpeedGainRight": 3.774307406952337, "bus_lcSublane": 0.3948504804606394, "bus_sigma": 0.7469384956075251, "bus_tau_mean": 2.0834168936125805, "bus_tau_std": 4.500867470007611, "bus_v_mean": 16.60530512092096, "bus_v_std": 9.48007853124388, "car_acc": 3.2520207000338446, "car_dcc": 1.729091575459396, "car_lcAssertive": 90.56392987401868, "car_lcCooperative": 0.037061047954035864, "car_lcLookaheadLeft": 77.83968558660104, "car_lcPushy": 0.12564138113773882, "car_lcSigma": 0.6185135669120855, "car_lcSpeedGainRight": 0.051821306676159695, "car_lcSublane": 0.538627282576347, "car_sigma": 0.0030179566195963625, "car_tau_mean": 3.829178249215716, "car_tau_std": 9.054020337027781, "car_v_mean": 22.327404954960848, "car_v_std": 18.30548639829575}, "datetime": {"datetime": "2024-09-05 10:49:39", "elapsed": 35.322999, "delta": 7.987783}}
{"target": -0.2108532101087849, "params": {"bus_acc": 0.7531212784019088, "bus_dcc": 0.7993742655080265, "bus_lcAssertive": 19.575535617340964, "bus_lcCooperative": 0.6224959022999211, "bus_lcLookaheadLeft": 90.76933060881358, "bus_lcPushy": 0.9899551783590737, "bus_lcSigma": 0.7111224587658159, "bus_lcSpeedGainRight": 3.6590020457114765, "bus_lcSublane": 0.9092932045442544, "bus_sigma": 0.4008737323711209, "bus_tau_mean": 1.3744773807876287, "bus_tau_std": 1.7343017078712286, "bus_v_mean": 10.150226906007122, "bus_v_std": 16.252211760656575, "car_acc": 0.757811018985524, "car_dcc": 1.2043304343622225, "car_lcAssertive": 82.08982868471955, "car_lcCooperative": 0.31058725179421, "car_lcLookaheadLeft": 98.2769100307084, "car_lcPushy": 0.2666387021516352, "car_lcSigma": 0.5336533449712114, "car_lcSpeedGainRight": 1.5723350559292482, "car_lcSublane": 0.9107728311738374, "car_sigma": 0.36655664385123443, "car_tau_mean": 2.017573145456076, "car_tau_std": 5.122926922783614, "car_v_mean": 24.89995659265484, "car_v_std": 0.6189801254230143}, "datetime": {"datetime": "2024-09-05 10:49:40", "elapsed": 35.607849, "delta": 0.28485}}
{"target": -0.19055803652146266, "params": {"bus_acc": 1.509999280196515, "bus_dcc": 3.7724084328667953, "bus_lcAssertive": 58.61940381476092, "bus_lcCooperative": 0.8788319844118441, "bus_lcLookaheadLeft": 84.78397564843775, "bus_lcPushy": 0.9053923187086492, "bus_lcSigma": 0.45988026581680697, "bus_lcSpeedGainRight": 2.7317340801018664, "bus_lcSublane": 0.7986035911520394, "bus_sigma": 0.28571885173414757, "bus_tau_mean": 2.215887329169747, "bus_tau_std": 5.991103076458783, "bus_v_mean": 8.279598959915043, "bus_v_std": 11.869628163932743, "car_acc": 1.8479701261599413, "car_dcc": 3.2679700097623976, "car_lcAssertive": 32.20923550644192, "car_lcCooperative": 0.8928887085251513, "car_lcLookaheadLeft": 58.63000709788448, "car_lcPushy": 0.18401020162746506, "car_lcSigma": 0.7879292338255043, "car_lcSpeedGainRight": 3.0601558852246695, "car_lcSublane": 0.053909272073752956, "car_sigma": 0.4201936800011322, "car_tau_mean": 2.8767409279790037, "car_tau_std": 9.18601777977526, "car_v_mean": 8.007236448044434, "car_v_std": 19.535182980621194}, "datetime": {"datetime": "2024-09-05 10:49:42", "elapsed": 38.448907, "delta": 2.841058}}
{"target": -0.25538069386294376, "params": {"bus_acc": 0.25301597730726866, "bus_dcc": 1.090575927261398, "bus_lcAssertive": 62.0610573431641, "bus_lcCooperative": 0.9490163206876164, "bus_lcLookaheadLeft": 95.11725968621381, "bus_lcPushy": 0.5566531881951564, "bus_lcSigma": 0.9156063497662745, "bus_lcSpeedGainRight": 3.207831044731688, "bus_lcSublane": 0.39000771414124624, "bus_sigma": 0.48599066709690975, "bus_tau_mean": 2.6150866902199064, "bus_tau_std": 5.495479215085625, "bus_v_mean": 24.671265680716164, "bus_v_std": 18.374668712672122, "car_acc": 1.7005273291095084, "car_dcc": 3.8603976080747047, "car_lcAssertive": 18.22161100136597, "car_lcCooperative": 0.12632951943963733, "car_lcLookaheadLeft": 15.23775748857967, "car_lcPushy": 0.5056621656768967, "car_lcSigma": 0.021524805274197978, "car_lcSpeedGainRight": 4.739851056088405, "car_lcSublane": 0.8271154711707325, "car_sigma": 0.015018980742122379, "car_tau_mean": 1.1166868945126933, "car_tau_std": 3.3206357436683698, "car_v_mean": 10.357943206596504, "car_v_std": 16.189813842531642}, "datetime": {"datetime": "2024-09-05 10:49:52", "elapsed": 47.506508, "delta": 9.057601}}
{"target": -0.2254234048191416, "params": {"bus_acc": 0.8453555943453619, "bus_dcc": 3.53694151303177, "bus_lcAssertive": 10.73633654947196, "bus_lcCooperative": 0.42110762500505217, "bus_lcLookaheadLeft": 95.87317395474919, "bus_lcPushy": 0.5331652849730171, "bus_lcSigma": 0.6918771139504734, "bus_lcSpeedGainRight": 1.5775781550303147, "bus_lcSublane": 0.6865009276815837, "bus_sigma": 0.8346256718973729, "bus_tau_mean": 0.5640089707046714, "bus_tau_std": 7.501443149449675, "bus_v_mean": 25.799499600316906, "bus_v_std": 14.963313087596788, "car_acc": 1.2656871698447396, "car_dcc": 3.1992614481156565, "car_lcAssertive": 11.21937465118656, "car_lcCooperative": 0.44789352617590517, "car_lcLookaheadLeft": 91.04235930312336, "car_lcPushy": 0.2936141483736795, "car_lcSigma": 0.28777533858634874, "car_lcSpeedGainRight": 0.6501428605913884, "car_lcSublane": 0.019366957870297075, "car_sigma": 0.678835532939891, "car_tau_mean": 1.2406984060002066, "car_tau_std": 2.655466593722262, "car_v_mean": 16.848316867046087, "car_v_std": 1.0672509023416077}, "datetime": {"datetime": "2024-09-05 10:49:52", "elapsed": 48.197045, "delta": 0.690537}}
{"target": -0.20522962494203822, "params": {"bus_acc": 2.313712889163592, "bus_dcc": 0.7185298575106032, "bus_lcAssertive": 6.931851261708954, "bus_lcCooperative": 0.12134345574073735, "bus_lcLookaheadLeft": 6.366084097386649, "bus_lcPushy": 0.1074941291060929, "bus_lcSigma": 0.2257093386078547, "bus_lcSpeedGainRight": 3.564944901913383, "bus_lcSublane": 0.5597169820541424, "bus_sigma": 0.012555980159115854, "bus_tau_mean": 0.7519099789132038, "bus_tau_std": 9.672763300002721, "bus_v_mean": 18.225808314558957, "bus_v_std": 4.06586469321981, "car_acc": 1.158837829367229, "car_dcc": 3.0265382454853533, "car_lcAssertive": 20.34751862982256, "car_lcCooperative": 0.5813589272732578, "car_lcLookaheadLeft": 97.06195893065461, "car_lcPushy": 0.8468288014900353, "car_lcSigma": 0.23984775914758616, "car_lcSpeedGainRight": 2.4688485713436497, "car_lcSublane": 0.6199557183813798, "car_sigma": 0.8289808995501787, "car_tau_mean": 1.048769881261295, "car_tau_std": 0.18576202177409518, "car_v_mean": 9.260398586946001, "car_v_std": 9.726902218740637}, "datetime": {"datetime": "2024-09-05 10:49:53", "elapsed": 48.732782, "delta": 0.535737}}
{"target": -0.3017430305841538, "params": {"bus_acc": 1.225725988707099, "bus_dcc": 3.604367629145054, "bus_lcAssertive": 43.3810277972582, "bus_lcCooperative": 0.9648400471483856, "bus_lcLookaheadLeft": 67.01726678620791, "bus_lcPushy": 0.6216957202091218, "bus_lcSigma": 0.11474597295337519, "bus_lcSpeedGainRight": 4.747446293535356, "bus_lcSublane": 0.4499121334799405, "bus_sigma": 0.5783896143871318, "bus_tau_mean": 1.928478809664484, "bus_tau_std": 2.3702698024302773, "bus_v_mean": 24.260831370120567, "bus_v_std": 11.473589733445717, "car_acc": 0.2109072427184041, "car_dcc": 2.545150671758751, "car_lcAssertive": 33.337845275437516, "car_lcCooperative": 0.5270581022576093, "car_lcLookaheadLeft": 88.8223257324559, "car_lcPushy": 0.35726976000249977, "car_lcSigma": 0.9085351509197992, "car_lcSpeedGainRight": 3.1168005789590136, "car_lcSublane": 0.015821242846556283, "car_sigma": 0.9294372337437613, "car_tau_mean": 2.9181392113092337, "car_tau_std": 9.973228504514806, "car_v_mean": 11.102129150215914, "car_v_std": 2.742714992577555}, "datetime": {"datetime": "2024-09-05 10:49:59", "elapsed": 54.772685, "delta": 6.039903}}
{"target": -0.23024015973554182, "params": {"bus_acc": 1.7846836178697811, "bus_dcc": 2.9372330750802007, "bus_lcAssertive": 1.0113231069171438, "bus_lcCooperative": 0.30233257263183977, "bus_lcLookaheadLeft": 16.38207730007708, "bus_lcPushy": 0.0923385947687978, "bus_lcSigma": 0.1862602113776709, "bus_lcSpeedGainRight": 1.7278036352152388, "bus_lcSublane": 0.39676747423066994, "bus_sigma": 0.538816734003357, "bus_tau_mean": 1.9671808004115319, "bus_tau_std": 6.852195003967595, "bus_v_mean": 11.680140495167315, "bus_v_std": 17.562348727818907, "car_acc": 0.30407285415211943, "car_dcc": 2.7477765386779285, "car_lcAssertive": 42.31317543434557, "car_lcCooperative": 0.5586898284457517, "car_lcLookaheadLeft": 15.75791998233291, "car_lcPushy": 0.1981014890848788, "car_lcSigma": 0.8007445686755367, "car_lcSpeedGainRight": 4.841307878596988, "car_lcSublane": 0.31342417815924284, "car_sigma": 0.6923226156693141, "car_tau_mean": 3.567362033036134, "car_tau_std": 8.946066635038473, "car_v_mean": 9.530795804656002, "car_v_std": 0.7810956646576472}, "datetime": {"datetime": "2024-09-05 10:50:02", "elapsed": 58.317987, "delta": 3.545302}}
