{"target": -0.33266576627916505, "params": {"bus_acc": 2.7378, "bus_dcc": 0.8636, "bus_lcAssertive": 15.3678, "bus_lcCooperative": 0.9258, "bus_lcLookaheadLeft": 34.5641, "bus_lcPushy": 0.4337, "bus_lcSigma": 0.6108, "bus_lcSpeedGainRight": 0.2998, "bus_lcSublane": 0.1546, "bus_sigma": 0.9973, "bus_tau_mean": 1.4785, "bus_tau_std": 6.0318, "bus_v_mean": 14.3041, "bus_v_std": 17.5119, "car_acc": 1.5281, "car_dcc": 1.6831, "car_lcAssertive": 1.7071, "car_lcCooperative": 0.7746, "car_lcLookaheadLeft": 68.8205, "car_lcPushy": 0.6884, "car_lcSigma": 0.4607, "car_lcSpeedGainRight": 0.9919, "car_lcSublane": 0.9033, "car_sigma": 0.3112, "car_tau_mean": 2.004, "car_tau_std": 5.0847, "car_v_mean": 15.225, "car_v_std": 7.5985}, "datetime": {"datetime": "2024-09-05 16:32:54", "elapsed": 20629.829982, "delta": 20.954434}}
{"target": -0.18853524593099913, "params": {"bus_acc": 3.3512, "bus_dcc": 1.0168, "bus_lcAssertive": 66.8959, "bus_lcCooperative": 0.6487, "bus_lcLookaheadLeft": 33.1138, "bus_lcPushy": 0.9969, "bus_lcSigma": 0.3475, "bus_lcSpeedGainRight": 3.1838, "bus_lcSublane": 0.7886, "bus_sigma": 0.8678, "bus_tau_mean": 3.3248, "bus_tau_std": 6.5098, "bus_v_mean": 23.6873, "bus_v_std": 12.6563, "car_acc": 1.0703, "car_dcc": 2.396, "car_lcAssertive": 45.1389, "car_lcCooperative": 0.4873, "car_lcLookaheadLeft": 49.6153, "car_lcPushy": 0.4602, "car_lcSigma": 0.9352, "car_lcSpeedGainRight": 4.7677, "car_lcSublane": 0.9609, "car_sigma": 0.2818, "car_tau_mean": 2.0938, "car_tau_std": 5.085, "car_v_mean": 23.3904, "car_v_std": 0.4744}, "datetime": {"datetime": "2024-09-05 16:33:19", "elapsed": 20654.809235, "delta": 24.979253}}
{"target": -0.6985924771806604, "params": {"bus_acc": 2.8007, "bus_dcc": 0.679, "bus_lcAssertive": 4.4571, "bus_lcCooperative": 0.1777, "bus_lcLookaheadLeft": 30.7108, "bus_lcPushy": 0.2098, "bus_lcSigma": 0.7382, "bus_lcSpeedGainRight": 3.0449, "bus_lcSublane": 0.6703, "bus_sigma": 0.0806, "bus_tau_mean": 1.5291, "bus_tau_std": 3.4873, "bus_v_mean": 14.297, "bus_v_std": 16.9739, "car_acc": 0.2453, "car_dcc": 1.9109, "car_lcAssertive": 35.2646, "car_lcCooperative": 0.625, "car_lcLookaheadLeft": 57.9288, "car_lcPushy": 0.2994, "car_lcSigma": 0.2417, "car_lcSpeedGainRight": 3.6689, "car_lcSublane": 0.0856, "car_sigma": 0.2371, "car_tau_mean": 2.7843, "car_tau_std": 7.8984, "car_v_mean": 24.0325, "car_v_std": 3.1824}, "datetime": {"datetime": "2024-09-05 16:33:40", "elapsed": 20675.541919, "delta": 20.732684}}
{"target": -0.2042494901770041, "params": {"bus_acc": 2.1242, "bus_dcc": 1.8364, "bus_lcAssertive": 49.2957, "bus_lcCooperative": 0.4823, "bus_lcLookaheadLeft": 18.6456, "bus_lcPushy": 0.2926, "bus_lcSigma": 0.7288, "bus_lcSpeedGainRight": 1.7822, "bus_lcSublane": 0.4114, "bus_sigma": 0.2971, "bus_tau_mean": 3.3997, "bus_tau_std": 4.8741, "bus_v_mean": 17.7772, "bus_v_std": 16.6535, "car_acc": 0.9676, "car_dcc": 2.9752, "car_lcAssertive": 72.4398, "car_lcCooperative": 0.1961, "car_lcLookaheadLeft": 97.8113, "car_lcPushy": 0.749, "car_lcSigma": 0.6174, "car_lcSpeedGainRight": 4.0289, "car_lcSublane": 0.582, "car_sigma": 0.082, "car_tau_mean": 1.3589, "car_tau_std": 8.1621, "car_v_mean": 12.0563, "car_v_std": 11.277}, "datetime": {"datetime": "2024-09-05 16:34:24", "elapsed": 20720.331713, "delta": 44.789794}}
{"target": -0.20255806426087983, "params": {"bus_acc": 1.8859, "bus_dcc": 0.2475, "bus_lcAssertive": 57.3731, "bus_lcCooperative": 0.3482, "bus_lcLookaheadLeft": 34.5503, "bus_lcPushy": 0.3175, "bus_lcSigma": 0.7818, "bus_lcSpeedGainRight": 3.6805, "bus_lcSublane": 0.859, "bus_sigma": 0.3079, "bus_tau_mean": 2.5448, "bus_tau_std": 3.7325, "bus_v_mean": 16.3106, "bus_v_std": 9.9734, "car_acc": 1.4704, "car_dcc": 0.5481, "car_lcAssertive": 25.5053, "car_lcCooperative": 0.3075, "car_lcLookaheadLeft": 23.2388, "car_lcPushy": 0.0474, "car_lcSigma": 0.3408, "car_lcSpeedGainRight": 3.67, "car_lcSublane": 0.461, "car_sigma": 0.9062, "car_tau_mean": 2.2763, "car_tau_std": 1.4443, "car_v_mean": 9.7493, "car_v_std": 0.0408}, "datetime": {"datetime": "2024-09-05 16:34:50", "elapsed": 20746.153637, "delta": 25.821924}}
{"target": -0.19623454141767946, "params": {"bus_acc": 1.1793, "bus_dcc": 2.5627, "bus_lcAssertive": 68.2503, "bus_lcCooperative": 0.7337, "bus_lcLookaheadLeft": 3.1118, "bus_lcPushy": 0.1423, "bus_lcSigma": 0.3357, "bus_lcSpeedGainRight": 3.7229, "bus_lcSublane": 0.0233, "bus_sigma": 0.946, "bus_tau_mean": 0.7381, "bus_tau_std": 7.6039, "bus_v_mean": 17.3152, "bus_v_std": 6.6832, "car_acc": 3.1838, "car_dcc": 0.5549, "car_lcAssertive": 56.7974, "car_lcCooperative": 0.9761, "car_lcLookaheadLeft": 31.0429, "car_lcPushy": 0.5776, "car_lcSigma": 0.6783, "car_lcSpeedGainRight": 2.8848, "car_lcSublane": 0.9431, "car_sigma": 0.3601, "car_tau_mean": 1.4151, "car_tau_std": 1.1324, "car_v_mean": 19.9412, "car_v_std": 4.0034}, "datetime": {"datetime": "2024-09-05 16:35:08", "elapsed": 20764.1056, "delta": 17.951963}}
{"target": -0.18909175173622383, "params": {"bus_acc": 2.4315, "bus_dcc": 0.9476, "bus_lcAssertive": 87.2063, "bus_lcCooperative": 0.5644, "bus_lcLookaheadLeft": 65.1898, "bus_lcPushy": 0.907, "bus_lcSigma": 0.1291, "bus_lcSpeedGainRight": 0.6952, "bus_lcSublane": 0.603, "bus_sigma": 0.2489, "bus_tau_mean": 0.6285, "bus_tau_std": 6.5133, "bus_v_mean": 9.7201, "bus_v_std": 11.7746, "car_acc": 1.3553, "car_dcc": 0.7132, "car_lcAssertive": 19.3906, "car_lcCooperative": 0.629, "car_lcLookaheadLeft": 78.703, "car_lcPushy": 0.6516, "car_lcSigma": 0.1661, "car_lcSpeedGainRight": 1.3421, "car_lcSublane": 0.9801, "car_sigma": 0.6098, "car_tau_mean": 0.9597, "car_tau_std": 2.2515, "car_v_mean": 15.0873, "car_v_std": 1.4555}, "datetime": {"datetime": "2024-09-05 16:35:36", "elapsed": 20791.57292, "delta": 27.46732}}
{"target": -0.18293758537281882, "params": {"bus_acc": 1.1562, "bus_dcc": 3.0337, "bus_lcAssertive": 81.0275, "bus_lcCooperative": 0.2382, "bus_lcLookaheadLeft": 49.4676, "bus_lcPushy": 0.682, "bus_lcSigma": 0.7625, "bus_lcSpeedGainRight": 4.5316, "bus_lcSublane": 0.9572, "bus_sigma": 0.3179, "bus_tau_mean": 3.2355, "bus_tau_std": 5.1343, "bus_v_mean": 9.1405, "bus_v_std": 19.2124, "car_acc": 1.1061, "car_dcc": 1.4342, "car_lcAssertive": 40.1433, "car_lcCooperative": 0.3534, "car_lcLookaheadLeft": 82.2817, "car_lcPushy": 0.3237, "car_lcSigma": 0.6366, "car_lcSpeedGainRight": 4.9558, "car_lcSublane": 0.1507, "car_sigma": 0.2163, "car_tau_mean": 2.671, "car_tau_std": 8.2348, "car_v_mean": 22.6164, "car_v_std": 10.7904}, "datetime": {"datetime": "2024-09-05 16:36:25", "elapsed": 20840.906806, "delta": 49.333886}}
{"target": -0.20911856772589651, "params": {"bus_acc": 3.7883, "bus_dcc": 2.4043, "bus_lcAssertive": 51.2912, "bus_lcCooperative": 0.008, "bus_lcLookaheadLeft": 37.8113, "bus_lcPushy": 0.4089, "bus_lcSigma": 0.6911, "bus_lcSpeedGainRight": 0.6675, "bus_lcSublane": 0.4658, "bus_sigma": 0.6543, "bus_tau_mean": 2.5385, "bus_tau_std": 9.1353, "bus_v_mean": 22.2754, "bus_v_std": 15.7941, "car_acc": 2.1127, "car_dcc": 2.2372, "car_lcAssertive": 1.0613, "car_lcCooperative": 0.3469, "car_lcLookaheadLeft": 53.886, "car_lcPushy": 0.9424, "car_lcSigma": 0.5406, "car_lcSpeedGainRight": 1.6672, "car_lcSublane": 0.8883, "car_sigma": 0.9485, "car_tau_mean": 1.7885, "car_tau_std": 9.3131, "car_v_mean": 12.4271, "car_v_std": 19.4684}, "datetime": {"datetime": "2024-09-05 16:37:08", "elapsed": 20884.415481, "delta": 43.508675}}
{"target": -0.1758025676159434, "params": {"bus_acc": 2.9267, "bus_dcc": 3.2487, "bus_lcAssertive": 72.4948, "bus_lcCooperative": 0.668, "bus_lcLookaheadLeft": 19.2551, "bus_lcPushy": 0.2195, "bus_lcSigma": 0.1579, "bus_lcSpeedGainRight": 0.8035, "bus_lcSublane": 0.238, "bus_sigma": 0.3031, "bus_tau_mean": 2.1348, "bus_tau_std": 4.327, "bus_v_mean": 10.6375, "bus_v_std": 6.7045, "car_acc": 2.5337, "car_dcc": 3.3105, "car_lcAssertive": 32.9546, "car_lcCooperative": 0.1508, "car_lcLookaheadLeft": 37.2447, "car_lcPushy": 0.9878, "car_lcSigma": 0.0476, "car_lcSpeedGainRight": 2.1014, "car_lcSublane": 0.8604, "car_sigma": 0.7946, "car_tau_mean": 1.7139, "car_tau_std": 4.7966, "car_v_mean": 14.9858, "car_v_std": 16.8717}, "datetime": {"datetime": "2024-09-05 16:37:54", "elapsed": 20930.051878, "delta": 45.636397}}
{"target": -0.17874619094739297, "params": {"bus_acc": 1.8505, "bus_dcc": 3.7683, "bus_lcAssertive": 23.0101, "bus_lcCooperative": 0.9012, "bus_lcLookaheadLeft": 58.3774, "bus_lcPushy": 0.7139, "bus_lcSigma": 0.0607, "bus_lcSpeedGainRight": 4.1665, "bus_lcSublane": 0.4725, "bus_sigma": 0.8599, "bus_tau_mean": 2.1162, "bus_tau_std": 1.6896, "bus_v_mean": 23.7626, "bus_v_std": 16.0915, "car_acc": 3.346, "car_dcc": 3.8099, "car_lcAssertive": 54.4431, "car_lcCooperative": 0.9989, "car_lcLookaheadLeft": 26.1392, "car_lcPushy": 0.8009, "car_lcSigma": 0.7298, "car_lcSpeedGainRight": 3.4087, "car_lcSublane": 0.2884, "car_sigma": 0.3369, "car_tau_mean": 1.3633, "car_tau_std": 8.1924, "car_v_mean": 18.7868, "car_v_std": 15.8764}, "datetime": {"datetime": "2024-09-05 16:38:37", "elapsed": 20972.599015, "delta": 42.547137}}
{"target": -0.18592568113343713, "params": {"bus_acc": 3.8042, "bus_dcc": 3.6588, "bus_lcAssertive": 58.5315, "bus_lcCooperative": 0.4485, "bus_lcLookaheadLeft": 32.4446, "bus_lcPushy": 0.6853, "bus_lcSigma": 0.0482, "bus_lcSpeedGainRight": 1.2823, "bus_lcSublane": 0.9339, "bus_sigma": 0.8969, "bus_tau_mean": 1.91, "bus_tau_std": 8.2485, "bus_v_mean": 23.101, "bus_v_std": 5.614, "car_acc": 1.6399, "car_dcc": 3.4325, "car_lcAssertive": 33.038, "car_lcCooperative": 0.3601, "car_lcLookaheadLeft": 7.4801, "car_lcPushy": 0.1468, "car_lcSigma": 0.6265, "car_lcSpeedGainRight": 2.6777, "car_lcSublane": 0.6356, "car_sigma": 0.0687, "car_tau_mean": 3.8434, "car_tau_std": 2.9868, "car_v_mean": 25.8135, "car_v_std": 3.8876}, "datetime": {"datetime": "2024-09-05 16:39:21", "elapsed": 21017.136288, "delta": 44.537273}}
{"target": -0.20058835551494736, "params": {"bus_acc": 3.4555, "bus_dcc": 0.2505, "bus_lcAssertive": 45.8135, "bus_lcCooperative": 0.9269, "bus_lcLookaheadLeft": 31.7688, "bus_lcPushy": 0.7156, "bus_lcSigma": 0.1334, "bus_lcSpeedGainRight": 2.8628, "bus_lcSublane": 0.9301, "bus_sigma": 0.9743, "bus_tau_mean": 3.5754, "bus_tau_std": 9.6617, "bus_v_mean": 18.836, "bus_v_std": 8.9308, "car_acc": 2.6909, "car_dcc": 2.0914, "car_lcAssertive": 2.3445, "car_lcCooperative": 0.8316, "car_lcLookaheadLeft": 35.7778, "car_lcPushy": 0.001, "car_lcSigma": 0.6449, "car_lcSpeedGainRight": 3.441, "car_lcSublane": 0.606, "car_sigma": 0.8815, "car_tau_mean": 3.7476, "car_tau_std": 2.2668, "car_v_mean": 12.4627, "car_v_std": 9.1309}, "datetime": {"datetime": "2024-09-05 16:39:42", "elapsed": 21037.729096, "delta": 20.592808}}
{"target": -0.22222606810682477, "params": {"bus_acc": 0.2884, "bus_dcc": 0.3793, "bus_lcAssertive": 9.2972, "bus_lcCooperative": 0.1149, "bus_lcLookaheadLeft": 30.2896, "bus_lcPushy": 0.4623, "bus_lcSigma": 0.597, "bus_lcSpeedGainRight": 3.9868, "bus_lcSublane": 0.624, "bus_sigma": 0.7317, "bus_tau_mean": 2.3596, "bus_tau_std": 4.5696, "bus_v_mean": 22.6616, "bus_v_std": 16.3061, "car_acc": 1.2675, "car_dcc": 3.654, "car_lcAssertive": 52.2617, "car_lcCooperative": 0.3406, "car_lcLookaheadLeft": 90.8599, "car_lcPushy": 0.8393, "car_lcSigma": 0.0484, "car_lcSpeedGainRight": 3.8093, "car_lcSublane": 0.7373, "car_sigma": 0.0868, "car_tau_mean": 3.0262, "car_tau_std": 3.8693, "car_v_mean": 13.5355, "car_v_std": 10.5903}, "datetime": {"datetime": "2024-09-05 16:40:01", "elapsed": 21056.910832, "delta": 19.181736}}
{"target": -0.18162853226301098, "params": {"bus_acc": 0.6913, "bus_dcc": 2.4929, "bus_lcAssertive": 21.7721, "bus_lcCooperative": 0.0975, "bus_lcLookaheadLeft": 44.7233, "bus_lcPushy": 0.5459, "bus_lcSigma": 0.2889, "bus_lcSpeedGainRight": 1.0902, "bus_lcSublane": 0.1972, "bus_sigma": 0.3817, "bus_tau_mean": 2.3904, "bus_tau_std": 4.8928, "bus_v_mean": 25.5586, "bus_v_std": 19.5276, "car_acc": 2.0013, "car_dcc": 2.6888, "car_lcAssertive": 20.8913, "car_lcCooperative": 0.8497, "car_lcLookaheadLeft": 67.036, "car_lcPushy": 0.1173, "car_lcSigma": 0.2339, "car_lcSpeedGainRight": 2.1963, "car_lcSublane": 0.4352, "car_sigma": 0.0067, "car_tau_mean": 2.4449, "car_tau_std": 4.5975, "car_v_mean": 11.1095, "car_v_std": 1.7425}, "datetime": {"datetime": "2024-09-05 16:40:21", "elapsed": 21077.117739, "delta": 20.206907}}
{"target": -0.17784857673945012, "params": {"bus_acc": 1.2284, "bus_dcc": 0.8569, "bus_lcAssertive": 82.3615, "bus_lcCooperative": 0.8864, "bus_lcLookaheadLeft": 31.9004, "bus_lcPushy": 0.8865, "bus_lcSigma": 0.1865, "bus_lcSpeedGainRight": 1.2851, "bus_lcSublane": 0.9874, "bus_sigma": 0.5551, "bus_tau_mean": 3.6619, "bus_tau_std": 4.1081, "bus_v_mean": 14.2, "bus_v_std": 5.4713, "car_acc": 3.2307, "car_dcc": 2.9984, "car_lcAssertive": 18.2082, "car_lcCooperative": 0.9563, "car_lcLookaheadLeft": 54.0207, "car_lcPushy": 0.1122, "car_lcSigma": 0.1224, "car_lcSpeedGainRight": 3.5095, "car_lcSublane": 0.7916, "car_sigma": 0.4151, "car_tau_mean": 2.5171, "car_tau_std": 3.2463, "car_v_mean": 8.837, "car_v_std": 11.5823}, "datetime": {"datetime": "2024-09-05 16:40:42", "elapsed": 21098.444894, "delta": 21.327155}}
{"target": -0.3679821101554442, "params": {"bus_acc": 0.5174, "bus_dcc": 2.2528, "bus_lcAssertive": 89.1225, "bus_lcCooperative": 0.5694, "bus_lcLookaheadLeft": 80.7297, "bus_lcPushy": 0.6322, "bus_lcSigma": 0.1574, "bus_lcSpeedGainRight": 1.5148, "bus_lcSublane": 0.2254, "bus_sigma": 0.2669, "bus_tau_mean": 0.9856, "bus_tau_std": 0.8977, "bus_v_mean": 13.5116, "bus_v_std": 7.5944, "car_acc": 1.3358, "car_dcc": 1.4583, "car_lcAssertive": 94.7583, "car_lcCooperative": 0.9372, "car_lcLookaheadLeft": 52.6512, "car_lcPushy": 0.1547, "car_lcSigma": 0.6576, "car_lcSpeedGainRight": 0.1602, "car_lcSublane": 0.3871, "car_sigma": 0.7286, "car_tau_mean": 2.6445, "car_tau_std": 8.4767, "car_v_mean": 11.6072, "car_v_std": 15.9847}, "datetime": {"datetime": "2024-09-05 16:41:07", "elapsed": 21123.296851, "delta": 24.851957}}
{"target": -0.202412567819237, "params": {"bus_acc": 1.1096, "bus_dcc": 0.5598, "bus_lcAssertive": 91.6892, "bus_lcCooperative": 0.0842, "bus_lcLookaheadLeft": 63.8179, "bus_lcPushy": 0.6259, "bus_lcSigma": 0.1973, "bus_lcSpeedGainRight": 2.7219, "bus_lcSublane": 0.6936, "bus_sigma": 0.3329, "bus_tau_mean": 1.2853, "bus_tau_std": 9.3569, "bus_v_mean": 14.9522, "bus_v_std": 12.9468, "car_acc": 3.3994, "car_dcc": 2.3657, "car_lcAssertive": 18.483, "car_lcCooperative": 0.1897, "car_lcLookaheadLeft": 10.2232, "car_lcPushy": 0.294, "car_lcSigma": 0.3009, "car_lcSpeedGainRight": 1.5135, "car_lcSublane": 0.4401, "car_sigma": 0.2429, "car_tau_mean": 3.3076, "car_tau_std": 1.9829, "car_v_mean": 13.235, "car_v_std": 10.4366}, "datetime": {"datetime": "2024-09-05 16:41:35", "elapsed": 21151.122101, "delta": 27.82525}}
{"target": -0.2290183625400819, "params": {"bus_acc": 1.2342, "bus_dcc": 2.4693, "bus_lcAssertive": 44.971, "bus_lcCooperative": 0.6399, "bus_lcLookaheadLeft": 24.4642, "bus_lcPushy": 0.5541, "bus_lcSigma": 0.159, "bus_lcSpeedGainRight": 3.3605, "bus_lcSublane": 0.4627, "bus_sigma": 0.8962, "bus_tau_mean": 3.3467, "bus_tau_std": 0.9009, "bus_v_mean": 21.9238, "bus_v_std": 9.6933, "car_acc": 0.4837, "car_dcc": 1.2276, "car_lcAssertive": 49.0615, "car_lcCooperative": 0.0334, "car_lcLookaheadLeft": 54.4976, "car_lcPushy": 0.0179, "car_lcSigma": 0.8818, "car_lcSpeedGainRight": 2.1454, "car_lcSublane": 0.2323, "car_sigma": 0.2168, "car_tau_mean": 1.4004, "car_tau_std": 2.4856, "car_v_mean": 14.5395, "car_v_std": 5.5031}, "datetime": {"datetime": "2024-09-05 16:42:01", "elapsed": 21176.523544, "delta": 25.401443}}
{"target": -0.2074149360356893, "params": {"bus_acc": 2.6187, "bus_dcc": 3.1211, "bus_lcAssertive": 99.2388, "bus_lcCooperative": 0.5217, "bus_lcLookaheadLeft": 64.704, "bus_lcPushy": 0.9437, "bus_lcSigma": 0.4758, "bus_lcSpeedGainRight": 4.5109, "bus_lcSublane": 0.7777, "bus_sigma": 0.232, "bus_tau_mean": 2.6003, "bus_tau_std": 9.0892, "bus_v_mean": 15.6629, "bus_v_std": 11.514, "car_acc": 1.1875, "car_dcc": 2.0491, "car_lcAssertive": 70.0974, "car_lcCooperative": 0.6204, "car_lcLookaheadLeft": 99.6373, "car_lcPushy": 0.4784, "car_lcSigma": 0.3384, "car_lcSpeedGainRight": 1.2668, "car_lcSublane": 0.7316, "car_sigma": 0.4776, "car_tau_mean": 3.7264, "car_tau_std": 0.7589, "car_v_mean": 23.8818, "car_v_std": 11.6701}, "datetime": {"datetime": "2024-09-05 16:42:46", "elapsed": 21222.14114, "delta": 45.617596}}
{"target": -0.18323366411056563, "params": {"bus_acc": 3.9501, "bus_dcc": 2.1523, "bus_lcAssertive": 17.7981, "bus_lcCooperative": 0.1373, "bus_lcLookaheadLeft": 58.6381, "bus_lcPushy": 0.2124, "bus_lcSigma": 0.762, "bus_lcSpeedGainRight": 3.8044, "bus_lcSublane": 0.6964, "bus_sigma": 0.0779, "bus_tau_mean": 3.7362, "bus_tau_std": 2.0426, "bus_v_mean": 10.0307, "bus_v_std": 19.7584, "car_acc": 2.552, "car_dcc": 3.3966, "car_lcAssertive": 49.4927, "car_lcCooperative": 0.9217, "car_lcLookaheadLeft": 35.6326, "car_lcPushy": 0.363, "car_lcSigma": 0.0291, "car_lcSpeedGainRight": 2.2715, "car_lcSublane": 0.2055, "car_sigma": 0.1947, "car_tau_mean": 3.6972, "car_tau_std": 3.366, "car_v_mean": 16.5234, "car_v_std": 8.6836}, "datetime": {"datetime": "2024-09-05 16:43:08", "elapsed": 21243.68041, "delta": 21.53927}}
{"target": -0.22310033606973886, "params": {"bus_acc": 2.5162, "bus_dcc": 0.4549, "bus_lcAssertive": 41.6026, "bus_lcCooperative": 0.8012, "bus_lcLookaheadLeft": 6.0939, "bus_lcPushy": 0.7214, "bus_lcSigma": 0.485, "bus_lcSpeedGainRight": 0.8701, "bus_lcSublane": 0.2276, "bus_sigma": 0.7828, "bus_tau_mean": 1.5878, "bus_tau_std": 0.7632, "bus_v_mean": 11.4081, "bus_v_std": 9.8092, "car_acc": 0.2351, "car_dcc": 3.0526, "car_lcAssertive": 53.7878, "car_lcCooperative": 0.9581, "car_lcLookaheadLeft": 60.1828, "car_lcPushy": 0.8181, "car_lcSigma": 0.7351, "car_lcSpeedGainRight": 1.9063, "car_lcSublane": 0.857, "car_sigma": 0.232, "car_tau_mean": 2.9122, "car_tau_std": 6.8585, "car_v_mean": 15.138, "car_v_std": 6.6987}, "datetime": {"datetime": "2024-09-05 16:43:56", "elapsed": 21291.851559, "delta": 48.171149}}
{"target": -0.16885247704049497, "params": {"bus_acc": 0.6084, "bus_dcc": 0.4244, "bus_lcAssertive": 89.9988, "bus_lcCooperative": 0.6758, "bus_lcLookaheadLeft": 69.0662, "bus_lcPushy": 0.3684, "bus_lcSigma": 0.6648, "bus_lcSpeedGainRight": 3.0346, "bus_lcSublane": 0.4192, "bus_sigma": 0.9956, "bus_tau_mean": 0.7028, "bus_tau_std": 5.9303, "bus_v_mean": 22.4273, "bus_v_std": 2.3292, "car_acc": 0.4493, "car_dcc": 2.3032, "car_lcAssertive": 72.7487, "car_lcCooperative": 0.6369, "car_lcLookaheadLeft": 18.1839, "car_lcPushy": 0.6049, "car_lcSigma": 0.0028, "car_lcSpeedGainRight": 0.3492, "car_lcSublane": 0.4444, "car_sigma": 0.449, "car_tau_mean": 1.3199, "car_tau_std": 2.0702, "car_v_mean": 12.6698, "car_v_std": 9.1167}, "datetime": {"datetime": "2024-09-05 16:44:20", "elapsed": 21315.724447, "delta": 23.872888}}
{"target": -0.18524057527279028, "params": {"bus_acc": 0.4619, "bus_dcc": 3.3592, "bus_lcAssertive": 87.4694, "bus_lcCooperative": 0.607, "bus_lcLookaheadLeft": 89.4805, "bus_lcPushy": 0.1322, "bus_lcSigma": 0.4451, "bus_lcSpeedGainRight": 1.4168, "bus_lcSublane": 0.0547, "bus_sigma": 0.2894, "bus_tau_mean": 3.7471, "bus_tau_std": 0.4445, "bus_v_mean": 23.3053, "bus_v_std": 18.0377, "car_acc": 3.7792, "car_dcc": 1.2927, "car_lcAssertive": 93.6833, "car_lcCooperative": 0.2592, "car_lcLookaheadLeft": 42.2165, "car_lcPushy": 0.0379, "car_lcSigma": 0.0321, "car_lcSpeedGainRight": 1.92, "car_lcSublane": 0.355, "car_sigma": 0.2087, "car_tau_mean": 3.9883, "car_tau_std": 8.7238, "car_v_mean": 21.6247, "car_v_std": 4.045}, "datetime": {"datetime": "2024-09-05 16:45:09", "elapsed": 21364.846538, "delta": 49.122091}}
{"target": -0.16929002125524895, "params": {"bus_acc": 1.1339, "bus_dcc": 0.7445, "bus_lcAssertive": 73.3921, "bus_lcCooperative": 0.0416, "bus_lcLookaheadLeft": 98.6765, "bus_lcPushy": 0.7212, "bus_lcSigma": 0.0879, "bus_lcSpeedGainRight": 0.6489, "bus_lcSublane": 0.4599, "bus_sigma": 0.3217, "bus_tau_mean": 3.2791, "bus_tau_std": 4.3884, "bus_v_mean": 20.7763, "bus_v_std": 16.4367, "car_acc": 2.9289, "car_dcc": 3.1831, "car_lcAssertive": 37.3142, "car_lcCooperative": 0.0759, "car_lcLookaheadLeft": 28.0962, "car_lcPushy": 0.5426, "car_lcSigma": 0.9218, "car_lcSpeedGainRight": 1.6827, "car_lcSublane": 0.3148, "car_sigma": 0.9569, "car_tau_mean": 3.6082, "car_tau_std": 7.8406, "car_v_mean": 9.931, "car_v_std": 18.1609}, "datetime": {"datetime": "2024-09-05 16:45:31", "elapsed": 21386.951076, "delta": 22.104538}}
{"target": -0.20593157937719145, "params": {"bus_acc": 2.6934, "bus_dcc": 0.2956, "bus_lcAssertive": 78.5151, "bus_lcCooperative": 0.6909, "bus_lcLookaheadLeft": 5.7024, "bus_lcPushy": 0.383, "bus_lcSigma": 0.3875, "bus_lcSpeedGainRight": 3.42, "bus_lcSublane": 0.6518, "bus_sigma": 0.6587, "bus_tau_mean": 2.6607, "bus_tau_std": 2.0499, "bus_v_mean": 15.1441, "bus_v_std": 14.7871, "car_acc": 3.5318, "car_dcc": 2.1571, "car_lcAssertive": 52.4516, "car_lcCooperative": 0.3689, "car_lcLookaheadLeft": 11.4772, "car_lcPushy": 0.2204, "car_lcSigma": 0.9908, "car_lcSpeedGainRight": 4.9907, "car_lcSublane": 0.518, "car_sigma": 0.3596, "car_tau_mean": 0.8157, "car_tau_std": 2.8826, "car_v_mean": 20.93, "car_v_std": 17.7874}, "datetime": {"datetime": "2024-09-05 16:45:58", "elapsed": 21414.443724, "delta": 27.492648}}
