{"target": -0.22055140106826987, "params": {"bus_acc": 2.7569, "bus_dcc": 3.0081, "bus_lcAssertive": 56.6214, "bus_lcCooperative": 0.5701, "bus_lcLookaheadLeft": 88.5204, "bus_lcPushy": 0.2178, "bus_lcSigma": 0.9239, "bus_lcSpeedGainRight": 3.4844, "bus_lcSublane": 0.9925, "bus_sigma": 0.0093, "bus_tau_mean": 2.0289, "bus_tau_std": 2.3862, "bus_v_mean": 16.8184, "bus_v_std": 3.412, "car_acc": 2.4149, "car_dcc": 0.5317, "car_lcAssertive": 1.2135, "car_lcCooperative": 0.9786, "car_lcLookaheadLeft": 84.9207, "car_lcPushy": 0.4942, "car_lcSigma": 0.0622, "car_lcSpeedGainRight": 1.1147, "car_lcSublane": 0.2946, "car_sigma": 0.4353, "car_tau_mean": 2.6724, "car_tau_std": 1.6055, "car_v_mean": 15.893, "car_v_std": 13.7118}, "datetime": {"datetime": "2024-09-05 16:07:59", "elapsed": 19134.81893, "delta": 21.029137}}
{"target": -0.17651954990378102, "params": {"bus_acc": 2.7402, "bus_dcc": 2.635, "bus_lcAssertive": 2.9539, "bus_lcCooperative": 0.9934, "bus_lcLookaheadLeft": 85.2699, "bus_lcPushy": 0.4204, "bus_lcSigma": 0.2307, "bus_lcSpeedGainRight": 2.8812, "bus_lcSublane": 0.0106, "bus_sigma": 0.0755, "bus_tau_mean": 3.594, "bus_tau_std": 7.2652, "bus_v_mean": 13.4097, "bus_v_std": 9.6091, "car_acc": 3.8551, "car_dcc": 3.6393, "car_lcAssertive": 38.0618, "car_lcCooperative": 0.8134, "car_lcLookaheadLeft": 96.75, "car_lcPushy": 0.55, "car_lcSigma": 0.0609, "car_lcSpeedGainRight": 2.0845, "car_lcSublane": 0.2684, "car_sigma": 0.499, "car_tau_mean": 0.8364, "car_tau_std": 8.0552, "car_v_mean": 9.0823, "car_v_std": 4.1901}, "datetime": {"datetime": "2024-09-05 16:08:41", "elapsed": 19177.139611, "delta": 42.320681}}
{"target": -0.6100082363168976, "params": {"bus_acc": 3.3785, "bus_dcc": 0.2833, "bus_lcAssertive": 85.7413, "bus_lcCooperative": 0.3159, "bus_lcLookaheadLeft": 6.1943, "bus_lcPushy": 0.0264, "bus_lcSigma": 0.0744, "bus_lcSpeedGainRight": 1.5223, "bus_lcSublane": 0.6057, "bus_sigma": 0.9088, "bus_tau_mean": 3.2148, "bus_tau_std": 5.4506, "bus_v_mean": 17.1299, "bus_v_std": 13.6486, "car_acc": 2.9908, "car_dcc": 0.4366, "car_lcAssertive": 57.6813, "car_lcCooperative": 0.5216, "car_lcLookaheadLeft": 93.7316, "car_lcPushy": 0.1142, "car_lcSigma": 0.7379, "car_lcSpeedGainRight": 0.7583, "car_lcSublane": 0.7154, "car_sigma": 0.0519, "car_tau_mean": 1.2495, "car_tau_std": 9.1989, "car_v_mean": 12.9497, "car_v_std": 8.5409}, "datetime": {"datetime": "2024-09-05 16:09:03", "elapsed": 19198.907101, "delta": 21.76749}}
{"target": -0.21786470843172467, "params": {"bus_acc": 0.7116, "bus_dcc": 2.2208, "bus_lcAssertive": 28.1061, "bus_lcCooperative": 0.2144, "bus_lcLookaheadLeft": 43.038, "bus_lcPushy": 0.782, "bus_lcSigma": 0.267, "bus_lcSpeedGainRight": 1.275, "bus_lcSublane": 0.5091, "bus_sigma": 0.1313, "bus_tau_mean": 2.2253, "bus_tau_std": 7.9909, "bus_v_mean": 12.2957, "bus_v_std": 14.7509, "car_acc": 2.5419, "car_dcc": 2.0294, "car_lcAssertive": 31.6349, "car_lcCooperative": 0.2223, "car_lcLookaheadLeft": 32.7611, "car_lcPushy": 0.3848, "car_lcSigma": 0.9239, "car_lcSpeedGainRight": 0.4217, "car_lcSublane": 0.4324, "car_sigma": 0.4592, "car_tau_mean": 0.5513, "car_tau_std": 0.5385, "car_v_mean": 24.7924, "car_v_std": 11.9539}, "datetime": {"datetime": "2024-09-05 16:09:46", "elapsed": 19241.974267, "delta": 43.067166}}
{"target": -0.734752106317926, "params": {"bus_acc": 0.7443, "bus_dcc": 1.925, "bus_lcAssertive": 79.4861, "bus_lcCooperative": 0.9253, "bus_lcLookaheadLeft": 43.7245, "bus_lcPushy": 0.2038, "bus_lcSigma": 0.1111, "bus_lcSpeedGainRight": 4.7907, "bus_lcSublane": 0.2282, "bus_sigma": 0.3332, "bus_tau_mean": 3.3419, "bus_tau_std": 2.4801, "bus_v_mean": 15.4746, "bus_v_std": 18.1919, "car_acc": 3.1599, "car_dcc": 1.6376, "car_lcAssertive": 11.5534, "car_lcCooperative": 0.4131, "car_lcLookaheadLeft": 39.218, "car_lcPushy": 0.9486, "car_lcSigma": 0.3552, "car_lcSpeedGainRight": 0.0943, "car_lcSublane": 0.2699, "car_sigma": 0.4415, "car_tau_mean": 3.5289, "car_tau_std": 5.5828, "car_v_mean": 18.3913, "car_v_std": 12.257}, "datetime": {"datetime": "2024-09-05 16:10:05", "elapsed": 19261.399587, "delta": 19.42532}}
{"target": -0.2803521546918038, "params": {"bus_acc": 0.2549, "bus_dcc": 2.85, "bus_lcAssertive": 22.2762, "bus_lcCooperative": 0.3708, "bus_lcLookaheadLeft": 44.4318, "bus_lcPushy": 0.7776, "bus_lcSigma": 0.8522, "bus_lcSpeedGainRight": 4.1272, "bus_lcSublane": 0.854, "bus_sigma": 0.0039, "bus_tau_mean": 2.5044, "bus_tau_std": 8.824, "bus_v_mean": 12.8174, "bus_v_std": 17.5936, "car_acc": 0.9189, "car_dcc": 2.3069, "car_lcAssertive": 8.4167, "car_lcCooperative": 0.879, "car_lcLookaheadLeft": 57.7419, "car_lcPushy": 0.6038, "car_lcSigma": 0.1179, "car_lcSpeedGainRight": 0.4858, "car_lcSublane": 0.5939, "car_sigma": 0.9311, "car_tau_mean": 3.069, "car_tau_std": 7.6555, "car_v_mean": 18.2906, "car_v_std": 17.08}, "datetime": {"datetime": "2024-09-05 16:10:25", "elapsed": 19281.238849, "delta": 19.839262}}
{"target": -0.6888174510316758, "params": {"bus_acc": 0.2465, "bus_dcc": 0.5723, "bus_lcAssertive": 59.8775, "bus_lcCooperative": 0.2495, "bus_lcLookaheadLeft": 84.3285, "bus_lcPushy": 0.8563, "bus_lcSigma": 0.8579, "bus_lcSpeedGainRight": 0.5609, "bus_lcSublane": 0.7157, "bus_sigma": 0.8155, "bus_tau_mean": 1.1964, "bus_tau_std": 0.2019, "bus_v_mean": 11.0258, "bus_v_std": 8.2031, "car_acc": 2.8471, "car_dcc": 1.8995, "car_lcAssertive": 41.6312, "car_lcCooperative": 0.0211, "car_lcLookaheadLeft": 77.9203, "car_lcPushy": 0.2481, "car_lcSigma": 0.5733, "car_lcSpeedGainRight": 1.1278, "car_lcSublane": 0.7424, "car_sigma": 0.9672, "car_tau_mean": 1.2491, "car_tau_std": 6.4228, "car_v_mean": 23.3236, "car_v_std": 6.1959}, "datetime": {"datetime": "2024-09-05 16:10:50", "elapsed": 19305.72182, "delta": 24.482971}}
{"target": -0.2514307859784541, "params": {"bus_acc": 1.4787, "bus_dcc": 3.8263, "bus_lcAssertive": 27.6517, "bus_lcCooperative": 0.0308, "bus_lcLookaheadLeft": 20.7788, "bus_lcPushy": 0.216, "bus_lcSigma": 0.5561, "bus_lcSpeedGainRight": 1.4513, "bus_lcSublane": 0.6091, "bus_sigma": 0.2378, "bus_tau_mean": 1.1178, "bus_tau_std": 6.7767, "bus_v_mean": 9.1655, "bus_v_std": 5.8041, "car_acc": 0.3952, "car_dcc": 2.5011, "car_lcAssertive": 14.0466, "car_lcCooperative": 0.9028, "car_lcLookaheadLeft": 44.2638, "car_lcPushy": 0.8274, "car_lcSigma": 0.0221, "car_lcSpeedGainRight": 2.929, "car_lcSublane": 0.8372, "car_sigma": 0.8147, "car_tau_mean": 2.0975, "car_tau_std": 4.2968, "car_v_mean": 16.9418, "car_v_std": 3.3061}, "datetime": {"datetime": "2024-09-05 16:11:09", "elapsed": 19324.999906, "delta": 19.278086}}
{"target": -0.9594638497665547, "params": {"bus_acc": 2.3241, "bus_dcc": 3.7405, "bus_lcAssertive": 31.5204, "bus_lcCooperative": 0.2411, "bus_lcLookaheadLeft": 57.9289, "bus_lcPushy": 0.1966, "bus_lcSigma": 0.066, "bus_lcSpeedGainRight": 0.2339, "bus_lcSublane": 0.7182, "bus_sigma": 0.8761, "bus_tau_mean": 2.4526, "bus_tau_std": 0.7652, "bus_v_mean": 15.6379, "bus_v_std": 9.6391, "car_acc": 1.3981, "car_dcc": 1.6428, "car_lcAssertive": 50.8825, "car_lcCooperative": 0.1515, "car_lcLookaheadLeft": 81.7769, "car_lcPushy": 0.0161, "car_lcSigma": 0.4897, "car_lcSpeedGainRight": 1.5814, "car_lcSublane": 0.1157, "car_sigma": 0.118, "car_tau_mean": 1.0013, "car_tau_std": 9.3291, "car_v_mean": 16.1863, "car_v_std": 13.0183}, "datetime": {"datetime": "2024-09-05 16:11:28", "elapsed": 19344.383117, "delta": 19.383211}}
{"target": -0.1979090925604623, "params": {"bus_acc": 0.4494, "bus_dcc": 1.589, "bus_lcAssertive": 91.4511, "bus_lcCooperative": 0.6534, "bus_lcLookaheadLeft": 46.7389, "bus_lcPushy": 0.2931, "bus_lcSigma": 0.5057, "bus_lcSpeedGainRight": 4.8698, "bus_lcSublane": 0.9741, "bus_sigma": 0.9411, "bus_tau_mean": 3.4813, "bus_tau_std": 5.4054, "bus_v_mean": 10.3813, "bus_v_std": 11.3488, "car_acc": 2.8604, "car_dcc": 3.4683, "car_lcAssertive": 63.623, "car_lcCooperative": 0.0999, "car_lcLookaheadLeft": 53.6966, "car_lcPushy": 0.1654, "car_lcSigma": 0.4856, "car_lcSpeedGainRight": 3.6097, "car_lcSublane": 0.7202, "car_sigma": 0.7728, "car_tau_mean": 2.6419, "car_tau_std": 3.1638, "car_v_mean": 14.2248, "car_v_std": 1.8388}, "datetime": {"datetime": "2024-09-05 16:12:15", "elapsed": 19391.16458, "delta": 46.781463}}
{"target": -0.22728228662890912, "params": {"bus_acc": 1.2224, "bus_dcc": 2.0883, "bus_lcAssertive": 49.4594, "bus_lcCooperative": 0.9576, "bus_lcLookaheadLeft": 49.4165, "bus_lcPushy": 0.4026, "bus_lcSigma": 0.4022, "bus_lcSpeedGainRight": 3.6222, "bus_lcSublane": 0.4596, "bus_sigma": 0.3624, "bus_tau_mean": 0.6898, "bus_tau_std": 0.3502, "bus_v_mean": 11.7476, "bus_v_std": 12.5324, "car_acc": 1.3639, "car_dcc": 2.0551, "car_lcAssertive": 2.4142, "car_lcCooperative": 0.7851, "car_lcLookaheadLeft": 44.8827, "car_lcPushy": 0.691, "car_lcSigma": 0.4913, "car_lcSpeedGainRight": 3.5804, "car_lcSublane": 0.3975, "car_sigma": 0.9367, "car_tau_mean": 0.9345, "car_tau_std": 7.3134, "car_v_mean": 25.0521, "car_v_std": 6.7884}, "datetime": {"datetime": "2024-09-05 16:12:56", "elapsed": 19431.518015, "delta": 40.353435}}
{"target": -0.18849715155805502, "params": {"bus_acc": 1.915, "bus_dcc": 2.8721, "bus_lcAssertive": 54.7477, "bus_lcCooperative": 0.4788, "bus_lcLookaheadLeft": 18.4833, "bus_lcPushy": 0.9237, "bus_lcSigma": 0.28, "bus_lcSpeedGainRight": 3.2613, "bus_lcSublane": 0.9817, "bus_sigma": 0.106, "bus_tau_mean": 1.2669, "bus_tau_std": 5.3366, "bus_v_mean": 11.9121, "bus_v_std": 18.2863, "car_acc": 2.4749, "car_dcc": 2.8819, "car_lcAssertive": 75.0917, "car_lcCooperative": 0.7106, "car_lcLookaheadLeft": 49.9935, "car_lcPushy": 0.3267, "car_lcSigma": 0.791, "car_lcSpeedGainRight": 1.7199, "car_lcSublane": 0.0693, "car_sigma": 0.9313, "car_tau_mean": 0.8501, "car_tau_std": 3.6335, "car_v_mean": 11.8593, "car_v_std": 2.4217}, "datetime": {"datetime": "2024-09-05 16:13:17", "elapsed": 19452.889751, "delta": 21.371736}}
{"target": -0.19342888474466413, "params": {"bus_acc": 0.3211, "bus_dcc": 1.0002, "bus_lcAssertive": 54.0865, "bus_lcCooperative": 0.8313, "bus_lcLookaheadLeft": 13.5424, "bus_lcPushy": 0.8898, "bus_lcSigma": 0.0353, "bus_lcSpeedGainRight": 4.5832, "bus_lcSublane": 0.645, "bus_sigma": 0.959, "bus_tau_mean": 1.6127, "bus_tau_std": 1.4989, "bus_v_mean": 13.0997, "bus_v_std": 16.5732, "car_acc": 1.9421, "car_dcc": 0.9453, "car_lcAssertive": 57.6624, "car_lcCooperative": 0.0654, "car_lcLookaheadLeft": 11.2385, "car_lcPushy": 0.4094, "car_lcSigma": 0.746, "car_lcSpeedGainRight": 0.9157, "car_lcSublane": 0.9156, "car_sigma": 0.974, "car_tau_mean": 3.2933, "car_tau_std": 9.8997, "car_v_mean": 21.0314, "car_v_std": 5.7617}, "datetime": {"datetime": "2024-09-05 16:14:14", "elapsed": 19509.666407, "delta": 56.776656}}
{"target": -0.18182259066067172, "params": {"bus_acc": 1.6343, "bus_dcc": 0.8826, "bus_lcAssertive": 24.7153, "bus_lcCooperative": 0.4881, "bus_lcLookaheadLeft": 89.6486, "bus_lcPushy": 0.5353, "bus_lcSigma": 0.5897, "bus_lcSpeedGainRight": 1.3443, "bus_lcSublane": 0.6186, "bus_sigma": 0.1102, "bus_tau_mean": 3.6443, "bus_tau_std": 0.5756, "bus_v_mean": 17.4264, "bus_v_std": 18.9563, "car_acc": 3.2545, "car_dcc": 2.0867, "car_lcAssertive": 21.1115, "car_lcCooperative": 0.1712, "car_lcLookaheadLeft": 85.492, "car_lcPushy": 0.5407, "car_lcSigma": 0.7141, "car_lcSpeedGainRight": 0.8524, "car_lcSublane": 0.5363, "car_sigma": 0.884, "car_tau_mean": 0.8623, "car_tau_std": 7.0495, "car_v_mean": 19.1827, "car_v_std": 13.8964}, "datetime": {"datetime": "2024-09-05 16:14:37", "elapsed": 19533.014333, "delta": 23.347926}}
{"target": -0.19634490693436604, "params": {"bus_acc": 2.9471, "bus_dcc": 0.6413, "bus_lcAssertive": 75.124, "bus_lcCooperative": 0.7719, "bus_lcLookaheadLeft": 47.036, "bus_lcPushy": 0.2163, "bus_lcSigma": 0.8009, "bus_lcSpeedGainRight": 1.9494, "bus_lcSublane": 0.2735, "bus_sigma": 0.8934, "bus_tau_mean": 0.5031, "bus_tau_std": 4.9299, "bus_v_mean": 14.5269, "bus_v_std": 2.1995, "car_acc": 2.8838, "car_dcc": 2.2264, "car_lcAssertive": 47.7588, "car_lcCooperative": 0.4085, "car_lcLookaheadLeft": 13.0172, "car_lcPushy": 0.7549, "car_lcSigma": 0.5282, "car_lcSpeedGainRight": 1.896, "car_lcSublane": 0.4503, "car_sigma": 0.2002, "car_tau_mean": 3.2281, "car_tau_std": 9.556, "car_v_mean": 12.5343, "car_v_std": 17.1193}, "datetime": {"datetime": "2024-09-05 16:14:58", "elapsed": 19554.358821, "delta": 21.344488}}
{"target": -0.18253325790994612, "params": {"bus_acc": 3.6319, "bus_dcc": 3.4588, "bus_lcAssertive": 86.2309, "bus_lcCooperative": 0.8951, "bus_lcLookaheadLeft": 87.4068, "bus_lcPushy": 0.5453, "bus_lcSigma": 0.9929, "bus_lcSpeedGainRight": 3.8047, "bus_lcSublane": 0.7722, "bus_sigma": 0.7982, "bus_tau_mean": 2.7808, "bus_tau_std": 3.8411, "bus_v_mean": 10.9117, "bus_v_std": 5.5893, "car_acc": 2.6796, "car_dcc": 1.769, "car_lcAssertive": 35.6631, "car_lcCooperative": 0.3406, "car_lcLookaheadLeft": 62.4586, "car_lcPushy": 0.6593, "car_lcSigma": 0.1147, "car_lcSpeedGainRight": 1.988, "car_lcSublane": 0.9771, "car_sigma": 0.7068, "car_tau_mean": 1.5328, "car_tau_std": 3.7492, "car_v_mean": 13.6843, "car_v_std": 4.818}, "datetime": {"datetime": "2024-09-05 16:16:02", "elapsed": 19618.100826, "delta": 63.742005}}
{"target": -0.24395667351318318, "params": {"bus_acc": 2.052, "bus_dcc": 1.2319, "bus_lcAssertive": 74.6762, "bus_lcCooperative": 0.8979, "bus_lcLookaheadLeft": 75.0104, "bus_lcPushy": 0.3223, "bus_lcSigma": 0.1699, "bus_lcSpeedGainRight": 1.1203, "bus_lcSublane": 0.8961, "bus_sigma": 0.2888, "bus_tau_mean": 3.6067, "bus_tau_std": 2.1213, "bus_v_mean": 14.0135, "bus_v_std": 13.7327, "car_acc": 0.6967, "car_dcc": 2.5593, "car_lcAssertive": 97.4286, "car_lcCooperative": 0.4697, "car_lcLookaheadLeft": 18.4957, "car_lcPushy": 0.675, "car_lcSigma": 0.6232, "car_lcSpeedGainRight": 3.2473, "car_lcSublane": 0.9243, "car_sigma": 0.4735, "car_tau_mean": 2.411, "car_tau_std": 1.0603, "car_v_mean": 10.2628, "car_v_std": 17.1634}, "datetime": {"datetime": "2024-09-05 16:16:24", "elapsed": 19639.666478, "delta": 21.565652}}
{"target": -0.16558455548053838, "params": {"bus_acc": 2.0115, "bus_dcc": 2.1658, "bus_lcAssertive": 93.3647, "bus_lcCooperative": 0.7741, "bus_lcLookaheadLeft": 41.1092, "bus_lcPushy": 0.9523, "bus_lcSigma": 0.5535, "bus_lcSpeedGainRight": 0.4082, "bus_lcSublane": 0.4096, "bus_sigma": 0.6712, "bus_tau_mean": 1.1993, "bus_tau_std": 6.0119, "bus_v_mean": 12.7816, "bus_v_std": 8.2279, "car_acc": 3.2278, "car_dcc": 3.1609, "car_lcAssertive": 56.2192, "car_lcCooperative": 0.6886, "car_lcLookaheadLeft": 19.9038, "car_lcPushy": 0.4847, "car_lcSigma": 0.5256, "car_lcSpeedGainRight": 1.4248, "car_lcSublane": 0.1336, "car_sigma": 0.3017, "car_tau_mean": 0.9176, "car_tau_std": 3.2718, "car_v_mean": 15.4217, "car_v_std": 1.0274}, "datetime": {"datetime": "2024-09-05 16:16:44", "elapsed": 19660.146073, "delta": 20.479595}}
{"target": -1.291930360171557, "params": {"bus_acc": 3.0198, "bus_dcc": 3.3264, "bus_lcAssertive": 81.5089, "bus_lcCooperative": 0.7245, "bus_lcLookaheadLeft": 83.3337, "bus_lcPushy": 0.0029, "bus_lcSigma": 0.7677, "bus_lcSpeedGainRight": 4.0919, "bus_lcSublane": 0.1204, "bus_sigma": 0.3306, "bus_tau_mean": 0.7254, "bus_tau_std": 9.3526, "bus_v_mean": 8.9808, "bus_v_std": 7.8557, "car_acc": 0.2056, "car_dcc": 2.4799, "car_lcAssertive": 61.7272, "car_lcCooperative": 0.5565, "car_lcLookaheadLeft": 39.2445, "car_lcPushy": 0.7541, "car_lcSigma": 0.9743, "car_lcSpeedGainRight": 4.0331, "car_lcSublane": 0.804, "car_sigma": 0.7475, "car_tau_mean": 1.7101, "car_tau_std": 0.7024, "car_v_mean": 13.7875, "car_v_std": 3.0178}, "datetime": {"datetime": "2024-09-05 16:17:00", "elapsed": 19676.213554, "delta": 16.067481}}
{"target": -0.5070644681686548, "params": {"bus_acc": 2.4523, "bus_dcc": 2.2345, "bus_lcAssertive": 24.7281, "bus_lcCooperative": 0.6069, "bus_lcLookaheadLeft": 97.6275, "bus_lcPushy": 0.7081, "bus_lcSigma": 0.6764, "bus_lcSpeedGainRight": 4.3205, "bus_lcSublane": 0.6626, "bus_sigma": 0.9757, "bus_tau_mean": 1.798, "bus_tau_std": 7.9133, "bus_v_mean": 10.815, "bus_v_std": 5.3344, "car_acc": 2.732, "car_dcc": 3.7874, "car_lcAssertive": 90.7788, "car_lcCooperative": 0.8383, "car_lcLookaheadLeft": 24.5661, "car_lcPushy": 0.2939, "car_lcSigma": 0.764, "car_lcSpeedGainRight": 3.6379, "car_lcSublane": 0.0823, "car_sigma": 0.168, "car_tau_mean": 1.2826, "car_tau_std": 4.2647, "car_v_mean": 10.2973, "car_v_std": 12.9669}, "datetime": {"datetime": "2024-09-05 16:17:19", "elapsed": 19694.482899, "delta": 18.269345}}
{"target": -0.21846914176312546, "params": {"bus_acc": 0.6365, "bus_dcc": 1.1837, "bus_lcAssertive": 31.0087, "bus_lcCooperative": 0.7929, "bus_lcLookaheadLeft": 25.8422, "bus_lcPushy": 0.0051, "bus_lcSigma": 0.8744, "bus_lcSpeedGainRight": 0.6325, "bus_lcSublane": 0.3794, "bus_sigma": 0.2004, "bus_tau_mean": 1.8569, "bus_tau_std": 8.7786, "bus_v_mean": 9.3838, "bus_v_std": 11.3263, "car_acc": 1.1851, "car_dcc": 3.416, "car_lcAssertive": 17.6127, "car_lcCooperative": 0.5491, "car_lcLookaheadLeft": 3.0787, "car_lcPushy": 0.9958, "car_lcSigma": 0.1278, "car_lcSpeedGainRight": 3.2005, "car_lcSublane": 0.0332, "car_sigma": 0.5391, "car_tau_mean": 3.8712, "car_tau_std": 0.4256, "car_v_mean": 21.9143, "car_v_std": 15.7036}, "datetime": {"datetime": "2024-09-05 16:17:44", "elapsed": 19720.174154, "delta": 25.691255}}
{"target": -0.21328487751034916, "params": {"bus_acc": 0.7283, "bus_dcc": 3.6282, "bus_lcAssertive": 97.6013, "bus_lcCooperative": 0.0864, "bus_lcLookaheadLeft": 97.1467, "bus_lcPushy": 0.4044, "bus_lcSigma": 0.4396, "bus_lcSpeedGainRight": 4.7913, "bus_lcSublane": 0.174, "bus_sigma": 0.4455, "bus_tau_mean": 2.7854, "bus_tau_std": 6.2617, "bus_v_mean": 13.4141, "bus_v_std": 13.6414, "car_acc": 0.6186, "car_dcc": 3.5006, "car_lcAssertive": 23.9984, "car_lcCooperative": 0.1191, "car_lcLookaheadLeft": 20.4121, "car_lcPushy": 0.7309, "car_lcSigma": 0.1583, "car_lcSpeedGainRight": 1.5548, "car_lcSublane": 0.4334, "car_sigma": 0.367, "car_tau_mean": 1.2518, "car_tau_std": 8.7289, "car_v_mean": 12.2381, "car_v_std": 3.5431}, "datetime": {"datetime": "2024-09-05 16:18:03", "elapsed": 19739.295055, "delta": 19.120901}}
{"target": -0.24133143275831914, "params": {"bus_acc": 0.6692, "bus_dcc": 0.2046, "bus_lcAssertive": 4.6983, "bus_lcCooperative": 0.9737, "bus_lcLookaheadLeft": 64.0856, "bus_lcPushy": 0.789, "bus_lcSigma": 0.1761, "bus_lcSpeedGainRight": 3.0643, "bus_lcSublane": 0.1735, "bus_sigma": 0.4621, "bus_tau_mean": 0.5183, "bus_tau_std": 7.2381, "bus_v_mean": 18.6681, "bus_v_std": 11.1417, "car_acc": 1.6126, "car_dcc": 0.6234, "car_lcAssertive": 3.9805, "car_lcCooperative": 0.5894, "car_lcLookaheadLeft": 59.7339, "car_lcPushy": 0.7105, "car_lcSigma": 0.5907, "car_lcSpeedGainRight": 3.5309, "car_lcSublane": 0.1014, "car_sigma": 0.19, "car_tau_mean": 1.8649, "car_tau_std": 8.5925, "car_v_mean": 21.36, "car_v_std": 13.8571}, "datetime": {"datetime": "2024-09-05 16:18:56", "elapsed": 19791.825146, "delta": 52.530091}}
{"target": -0.21018032058075783, "params": {"bus_acc": 2.6084, "bus_dcc": 3.8619, "bus_lcAssertive": 57.39, "bus_lcCooperative": 0.4109, "bus_lcLookaheadLeft": 11.9058, "bus_lcPushy": 0.5719, "bus_lcSigma": 0.5273, "bus_lcSpeedGainRight": 1.5015, "bus_lcSublane": 0.6983, "bus_sigma": 0.1392, "bus_tau_mean": 3.4874, "bus_tau_std": 6.3456, "bus_v_mean": 13.8404, "bus_v_std": 6.4109, "car_acc": 1.0745, "car_dcc": 3.6713, "car_lcAssertive": 21.5671, "car_lcCooperative": 0.2582, "car_lcLookaheadLeft": 73.413, "car_lcPushy": 0.6798, "car_lcSigma": 0.3372, "car_lcSpeedGainRight": 0.518, "car_lcSublane": 0.0634, "car_sigma": 0.8689, "car_tau_mean": 2.1492, "car_tau_std": 7.8543, "car_v_mean": 22.702, "car_v_std": 18.9399}, "datetime": {"datetime": "2024-09-05 16:19:19", "elapsed": 19814.492977, "delta": 22.667831}}
{"target": -0.19600597620752566, "params": {"bus_acc": 1.2716, "bus_dcc": 1.3586, "bus_lcAssertive": 4.0179, "bus_lcCooperative": 0.422, "bus_lcLookaheadLeft": 49.5374, "bus_lcPushy": 0.8403, "bus_lcSigma": 0.2689, "bus_lcSpeedGainRight": 0.1282, "bus_lcSublane": 0.562, "bus_sigma": 0.9364, "bus_tau_mean": 1.9807, "bus_tau_std": 6.4939, "bus_v_mean": 14.8855, "bus_v_std": 4.7045, "car_acc": 2.6111, "car_dcc": 3.9652, "car_lcAssertive": 62.1234, "car_lcCooperative": 0.3227, "car_lcLookaheadLeft": 96.6334, "car_lcPushy": 0.7516, "car_lcSigma": 0.5318, "car_lcSpeedGainRight": 1.8395, "car_lcSublane": 0.4646, "car_sigma": 0.4252, "car_tau_mean": 2.5974, "car_tau_std": 9.4267, "car_v_mean": 12.0138, "car_v_std": 10.4367}, "datetime": {"datetime": "2024-09-05 16:19:44", "elapsed": 19839.638763, "delta": 25.145786}}
{"target": -0.18905836492375885, "params": {"bus_acc": 1.4348, "bus_dcc": 1.353, "bus_lcAssertive": 39.4014, "bus_lcCooperative": 0.2197, "bus_lcLookaheadLeft": 23.6157, "bus_lcPushy": 0.3671, "bus_lcSigma": 0.9633, "bus_lcSpeedGainRight": 0.4916, "bus_lcSublane": 0.1962, "bus_sigma": 0.3278, "bus_tau_mean": 2.6881, "bus_tau_std": 2.8448, "bus_v_mean": 13.4499, "bus_v_std": 0.0126, "car_acc": 1.8235, "car_dcc": 0.4473, "car_lcAssertive": 7.4499, "car_lcCooperative": 0.7948, "car_lcLookaheadLeft": 6.1507, "car_lcPushy": 0.9326, "car_lcSigma": 0.6109, "car_lcSpeedGainRight": 2.8223, "car_lcSublane": 0.715, "car_sigma": 0.963, "car_tau_mean": 1.445, "car_tau_std": 1.3576, "car_v_mean": 12.8455, "car_v_std": 14.9134}, "datetime": {"datetime": "2024-09-05 16:20:15", "elapsed": 19870.840965, "delta": 31.202202}}
