{"target": -0.3087937365072407, "params": {"bus_acc": 1.1477, "bus_dcc": 0.7641, "bus_lcAssertive": 59.8208, "bus_lcCooperative": 0.439, "bus_lcLookaheadLeft": 23.8103, "bus_lcPushy": 0.7166, "bus_lcSigma": 0.781, "bus_lcSpeedGainRight": 2.1549, "bus_lcSublane": 0.1081, "bus_sigma": 0.0252, "bus_tau_mean": 2.5067, "bus_tau_std": 1.0921, "bus_v_mean": 8.9754, "bus_v_std": 14.0259, "car_acc": 0.6632, "car_dcc": 0.2343, "car_lcAssertive": 2.8543, "car_lcCooperative": 0.521, "car_lcLookaheadLeft": 46.1293, "car_lcPushy": 0.8667, "car_lcSigma": 0.1041, "car_lcSpeedGainRight": 2.6145, "car_lcSublane": 0.0658, "car_sigma": 0.8776, "car_tau_mean": 2.3402, "car_tau_std": 3.4063, "car_v_mean": 24.5288, "car_v_std": 7.4759}, "datetime": {"datetime": "2024-09-05 15:04:25", "elapsed": 15320.755489, "delta": 15.589511}}
{"target": -0.1858046918807537, "params": {"bus_acc": 0.6359, "bus_dcc": 2.6433, "bus_lcAssertive": 37.8863, "bus_lcCooperative": 0.3121, "bus_lcLookaheadLeft": 63.3505, "bus_lcPushy": 0.0079, "bus_lcSigma": 0.105, "bus_lcSpeedGainRight": 1.5094, "bus_lcSublane": 0.8113, "bus_sigma": 0.9863, "bus_tau_mean": 1.5795, "bus_tau_std": 7.2999, "bus_v_mean": 14.635, "bus_v_std": 9.4201, "car_acc": 0.5606, "car_dcc": 3.7332, "car_lcAssertive": 48.0654, "car_lcCooperative": 0.0238, "car_lcLookaheadLeft": 22.923, "car_lcPushy": 0.7082, "car_lcSigma": 0.1431, "car_lcSpeedGainRight": 1.9793, "car_lcSublane": 0.2529, "car_sigma": 0.7415, "car_tau_mean": 3.9325, "car_tau_std": 0.0413, "car_v_mean": 14.2688, "car_v_std": 7.5523}, "datetime": {"datetime": "2024-09-05 15:04:40", "elapsed": 15336.408604, "delta": 15.653115}}
{"target": -0.23418937233785597, "params": {"bus_acc": 3.1259, "bus_dcc": 1.4151, "bus_lcAssertive": 12.0156, "bus_lcCooperative": 0.7644, "bus_lcLookaheadLeft": 44.5367, "bus_lcPushy": 0.321, "bus_lcSigma": 0.1219, "bus_lcSpeedGainRight": 0.2319, "bus_lcSublane": 0.5892, "bus_sigma": 0.0545, "bus_tau_mean": 1.348, "bus_tau_std": 0.8601, "bus_v_mean": 19.0306, "bus_v_std": 2.0496, "car_acc": 3.8043, "car_dcc": 1.8457, "car_lcAssertive": 53.9563, "car_lcCooperative": 0.6613, "car_lcLookaheadLeft": 43.9358, "car_lcPushy": 0.9432, "car_lcSigma": 0.5085, "car_lcSpeedGainRight": 3.7806, "car_lcSublane": 0.0097, "car_sigma": 0.103, "car_tau_mean": 2.7261, "car_tau_std": 0.7994, "car_v_mean": 19.7851, "car_v_std": 5.6484}, "datetime": {"datetime": "2024-09-05 15:04:58", "elapsed": 15353.658465, "delta": 17.249861}}
{"target": -0.17762566067282817, "params": {"bus_acc": 3.7546, "bus_dcc": 1.6384, "bus_lcAssertive": 21.8328, "bus_lcCooperative": 0.0078, "bus_lcLookaheadLeft": 92.812, "bus_lcPushy": 0.9512, "bus_lcSigma": 0.4939, "bus_lcSpeedGainRight": 4.7585, "bus_lcSublane": 0.8394, "bus_sigma": 0.6916, "bus_tau_mean": 3.8861, "bus_tau_std": 4.9693, "bus_v_mean": 19.8027, "bus_v_std": 13.7165, "car_acc": 2.1059, "car_dcc": 1.7725, "car_lcAssertive": 33.1433, "car_lcCooperative": 0.3304, "car_lcLookaheadLeft": 20.0314, "car_lcPushy": 0.1528, "car_lcSigma": 0.9674, "car_lcSpeedGainRight": 2.2369, "car_lcSublane": 0.9422, "car_sigma": 0.702, "car_tau_mean": 3.9033, "car_tau_std": 5.7547, "car_v_mean": 21.958, "car_v_std": 12.8995}, "datetime": {"datetime": "2024-09-05 15:05:17", "elapsed": 15373.06158, "delta": 19.403115}}
{"target": -0.20525824389128303, "params": {"bus_acc": 0.6616, "bus_dcc": 1.7896, "bus_lcAssertive": 26.1505, "bus_lcCooperative": 0.1757, "bus_lcLookaheadLeft": 82.2758, "bus_lcPushy": 0.619, "bus_lcSigma": 0.7565, "bus_lcSpeedGainRight": 0.2062, "bus_lcSublane": 0.7174, "bus_sigma": 0.7758, "bus_tau_mean": 1.5169, "bus_tau_std": 0.9641, "bus_v_mean": 24.4121, "bus_v_std": 18.3098, "car_acc": 0.5693, "car_dcc": 3.7717, "car_lcAssertive": 1.8431, "car_lcCooperative": 0.3264, "car_lcLookaheadLeft": 64.6877, "car_lcPushy": 0.7687, "car_lcSigma": 0.7288, "car_lcSpeedGainRight": 3.7243, "car_lcSublane": 0.867, "car_sigma": 0.6698, "car_tau_mean": 0.9073, "car_tau_std": 1.0096, "car_v_mean": 20.2233, "car_v_std": 10.9272}, "datetime": {"datetime": "2024-09-05 15:05:35", "elapsed": 15391.002511, "delta": 17.940931}}
{"target": -0.176657390456368, "params": {"bus_acc": 2.0437, "bus_dcc": 3.8387, "bus_lcAssertive": 21.0822, "bus_lcCooperative": 0.4281, "bus_lcLookaheadLeft": 63.9534, "bus_lcPushy": 0.0703, "bus_lcSigma": 0.298, "bus_lcSpeedGainRight": 3.956, "bus_lcSublane": 0.1932, "bus_sigma": 0.6155, "bus_tau_mean": 1.4408, "bus_tau_std": 6.6686, "bus_v_mean": 9.5008, "bus_v_std": 6.5345, "car_acc": 1.3635, "car_dcc": 2.4661, "car_lcAssertive": 88.6571, "car_lcCooperative": 0.6565, "car_lcLookaheadLeft": 7.8021, "car_lcPushy": 0.2413, "car_lcSigma": 0.6201, "car_lcSpeedGainRight": 3.1408, "car_lcSublane": 0.291, "car_sigma": 0.6227, "car_tau_mean": 3.3563, "car_tau_std": 7.4898, "car_v_mean": 16.9066, "car_v_std": 6.8888}, "datetime": {"datetime": "2024-09-05 15:05:52", "elapsed": 15408.033339, "delta": 17.030828}}
{"target": -0.1875368368019056, "params": {"bus_acc": 1.2303, "bus_dcc": 1.9488, "bus_lcAssertive": 46.8983, "bus_lcCooperative": 0.0958, "bus_lcLookaheadLeft": 15.6634, "bus_lcPushy": 0.0332, "bus_lcSigma": 0.2398, "bus_lcSpeedGainRight": 2.4409, "bus_lcSublane": 0.9581, "bus_sigma": 0.5273, "bus_tau_mean": 3.5536, "bus_tau_std": 6.8488, "bus_v_mean": 13.4033, "bus_v_std": 18.4837, "car_acc": 2.1534, "car_dcc": 3.366, "car_lcAssertive": 26.8959, "car_lcCooperative": 0.9076, "car_lcLookaheadLeft": 72.4706, "car_lcPushy": 0.2997, "car_lcSigma": 0.7288, "car_lcSpeedGainRight": 1.3845, "car_lcSublane": 0.4155, "car_sigma": 0.2616, "car_tau_mean": 3.2324, "car_tau_std": 2.6137, "car_v_mean": 9.5064, "car_v_std": 16.4094}, "datetime": {"datetime": "2024-09-05 15:06:06", "elapsed": 15422.455001, "delta": 14.421662}}
{"target": -0.17950246650709, "params": {"bus_acc": 1.8609, "bus_dcc": 0.8256, "bus_lcAssertive": 89.2061, "bus_lcCooperative": 0.3623, "bus_lcLookaheadLeft": 95.9326, "bus_lcPushy": 0.6075, "bus_lcSigma": 0.2158, "bus_lcSpeedGainRight": 3.3144, "bus_lcSublane": 0.1987, "bus_sigma": 0.6875, "bus_tau_mean": 2.4247, "bus_tau_std": 4.0235, "bus_v_mean": 14.8215, "bus_v_std": 10.4425, "car_acc": 3.2552, "car_dcc": 3.3184, "car_lcAssertive": 69.6752, "car_lcCooperative": 0.4641, "car_lcLookaheadLeft": 38.2371, "car_lcPushy": 0.1833, "car_lcSigma": 0.1675, "car_lcSpeedGainRight": 3.957, "car_lcSublane": 0.9654, "car_sigma": 0.4761, "car_tau_mean": 2.8125, "car_tau_std": 5.971, "car_v_mean": 15.0937, "car_v_std": 0.5602}, "datetime": {"datetime": "2024-09-05 15:06:22", "elapsed": 15438.090208, "delta": 15.635207}}
{"target": -0.25656829755953986, "params": {"bus_acc": 2.3381, "bus_dcc": 0.3502, "bus_lcAssertive": 98.2791, "bus_lcCooperative": 0.8472, "bus_lcLookaheadLeft": 71.147, "bus_lcPushy": 0.158, "bus_lcSigma": 0.8177, "bus_lcSpeedGainRight": 0.9376, "bus_lcSublane": 0.1043, "bus_sigma": 0.9392, "bus_tau_mean": 3.397, "bus_tau_std": 4.8405, "bus_v_mean": 23.7472, "bus_v_std": 1.3727, "car_acc": 0.2746, "car_dcc": 2.4442, "car_lcAssertive": 67.5979, "car_lcCooperative": 0.2819, "car_lcLookaheadLeft": 76.5092, "car_lcPushy": 0.6469, "car_lcSigma": 0.7863, "car_lcSpeedGainRight": 3.7156, "car_lcSublane": 0.7086, "car_sigma": 0.5033, "car_tau_mean": 0.8839, "car_tau_std": 7.4697, "car_v_mean": 14.9572, "car_v_std": 5.5303}, "datetime": {"datetime": "2024-09-05 15:06:41", "elapsed": 15456.689286, "delta": 18.599078}}
{"target": -0.26205605037140495, "params": {"bus_acc": 2.5576, "bus_dcc": 2.049, "bus_lcAssertive": 51.7424, "bus_lcCooperative": 0.7006, "bus_lcLookaheadLeft": 53.9973, "bus_lcPushy": 0.0351, "bus_lcSigma": 0.2914, "bus_lcSpeedGainRight": 3.5755, "bus_lcSublane": 0.6311, "bus_sigma": 0.8959, "bus_tau_mean": 1.7253, "bus_tau_std": 8.3864, "bus_v_mean": 22.4301, "bus_v_std": 4.5572, "car_acc": 3.3491, "car_dcc": 0.3973, "car_lcAssertive": 23.7545, "car_lcCooperative": 0.9331, "car_lcLookaheadLeft": 84.8901, "car_lcPushy": 0.3633, "car_lcSigma": 0.5346, "car_lcSpeedGainRight": 2.4512, "car_lcSublane": 0.6353, "car_sigma": 0.1123, "car_tau_mean": 2.5695, "car_tau_std": 7.3386, "car_v_mean": 18.2161, "car_v_std": 13.8159}, "datetime": {"datetime": "2024-09-05 15:07:03", "elapsed": 15478.831068, "delta": 22.141782}}
{"target": -0.2045444968160126, "params": {"bus_acc": 3.5749, "bus_dcc": 2.7913, "bus_lcAssertive": 54.2524, "bus_lcCooperative": 0.1225, "bus_lcLookaheadLeft": 53.7634, "bus_lcPushy": 0.1349, "bus_lcSigma": 0.196, "bus_lcSpeedGainRight": 0.6726, "bus_lcSublane": 0.9978, "bus_sigma": 0.7397, "bus_tau_mean": 1.02, "bus_tau_std": 4.6858, "bus_v_mean": 12.3675, "bus_v_std": 10.1401, "car_acc": 1.4157, "car_dcc": 3.4621, "car_lcAssertive": 84.7769, "car_lcCooperative": 0.5155, "car_lcLookaheadLeft": 59.3938, "car_lcPushy": 0.4774, "car_lcSigma": 0.9325, "car_lcSpeedGainRight": 0.8791, "car_lcSublane": 0.3653, "car_sigma": 0.1451, "car_tau_mean": 0.5212, "car_tau_std": 5.9924, "car_v_mean": 17.7615, "car_v_std": 0.9766}, "datetime": {"datetime": "2024-09-05 15:07:59", "elapsed": 15534.739446, "delta": 55.908378}}
{"target": -0.1785065417250248, "params": {"bus_acc": 1.3481, "bus_dcc": 1.9059, "bus_lcAssertive": 85.5932, "bus_lcCooperative": 0.4841, "bus_lcLookaheadLeft": 17.0839, "bus_lcPushy": 0.1266, "bus_lcSigma": 0.7919, "bus_lcSpeedGainRight": 1.5639, "bus_lcSublane": 0.7524, "bus_sigma": 0.8895, "bus_tau_mean": 2.9904, "bus_tau_std": 1.3046, "bus_v_mean": 24.9907, "bus_v_std": 1.0102, "car_acc": 2.1948, "car_dcc": 2.3096, "car_lcAssertive": 68.9712, "car_lcCooperative": 0.5389, "car_lcLookaheadLeft": 93.1559, "car_lcPushy": 0.2759, "car_lcSigma": 0.3979, "car_lcSpeedGainRight": 3.118, "car_lcSublane": 0.9657, "car_sigma": 0.5845, "car_tau_mean": 2.1126, "car_tau_std": 7.9233, "car_v_mean": 10.7846, "car_v_std": 4.6738}, "datetime": {"datetime": "2024-09-05 15:08:19", "elapsed": 15555.335361, "delta": 20.595915}}
{"target": -0.19199784977126755, "params": {"bus_acc": 0.8058, "bus_dcc": 1.9055, "bus_lcAssertive": 57.3766, "bus_lcCooperative": 0.5088, "bus_lcLookaheadLeft": 46.4231, "bus_lcPushy": 0.2537, "bus_lcSigma": 0.7907, "bus_lcSpeedGainRight": 2.398, "bus_lcSublane": 0.9712, "bus_sigma": 0.1302, "bus_tau_mean": 0.803, "bus_tau_std": 3.8405, "bus_v_mean": 12.1988, "bus_v_std": 0.0246, "car_acc": 2.5859, "car_dcc": 2.1793, "car_lcAssertive": 99.7214, "car_lcCooperative": 0.988, "car_lcLookaheadLeft": 56.1759, "car_lcPushy": 0.6937, "car_lcSigma": 0.124, "car_lcSpeedGainRight": 1.1504, "car_lcSublane": 0.5065, "car_sigma": 0.9789, "car_tau_mean": 1.1026, "car_tau_std": 2.7048, "car_v_mean": 15.7567, "car_v_std": 8.0668}, "datetime": {"datetime": "2024-09-05 15:08:39", "elapsed": 15574.764163, "delta": 19.428802}}
{"target": -0.1697610260116681, "params": {"bus_acc": 0.3402, "bus_dcc": 1.5179, "bus_lcAssertive": 86.1996, "bus_lcCooperative": 0.9491, "bus_lcLookaheadLeft": 45.5895, "bus_lcPushy": 0.6487, "bus_lcSigma": 0.1904, "bus_lcSpeedGainRight": 2.862, "bus_lcSublane": 0.1689, "bus_sigma": 0.866, "bus_tau_mean": 3.4271, "bus_tau_std": 4.4452, "bus_v_mean": 13.2115, "bus_v_std": 12.1591, "car_acc": 0.2761, "car_dcc": 2.5127, "car_lcAssertive": 5.2249, "car_lcCooperative": 0.4994, "car_lcLookaheadLeft": 80.3703, "car_lcPushy": 0.1654, "car_lcSigma": 0.2641, "car_lcSpeedGainRight": 4.6875, "car_lcSublane": 0.1005, "car_sigma": 0.4514, "car_tau_mean": 1.9355, "car_tau_std": 0.2847, "car_v_mean": 21.9215, "car_v_std": 11.3811}, "datetime": {"datetime": "2024-09-05 15:08:57", "elapsed": 15592.819186, "delta": 18.055023}}
{"target": -0.631348804031445, "params": {"bus_acc": 2.4184, "bus_dcc": 2.7957, "bus_lcAssertive": 28.6261, "bus_lcCooperative": 0.1611, "bus_lcLookaheadLeft": 91.3382, "bus_lcPushy": 0.0328, "bus_lcSigma": 0.4258, "bus_lcSpeedGainRight": 3.3169, "bus_lcSublane": 0.6389, "bus_sigma": 0.6823, "bus_tau_mean": 1.6132, "bus_tau_std": 2.4321, "bus_v_mean": 19.9639, "bus_v_std": 1.4215, "car_acc": 0.4508, "car_dcc": 3.3906, "car_lcAssertive": 97.9137, "car_lcCooperative": 0.6427, "car_lcLookaheadLeft": 70.4281, "car_lcPushy": 0.5157, "car_lcSigma": 0.5514, "car_lcSpeedGainRight": 3.364, "car_lcSublane": 0.9413, "car_sigma": 0.833, "car_tau_mean": 0.6999, "car_tau_std": 3.4963, "car_v_mean": 22.7679, "car_v_std": 8.9821}, "datetime": {"datetime": "2024-09-05 15:09:14", "elapsed": 15609.504394, "delta": 16.685208}}
{"target": -0.18872854805017628, "params": {"bus_acc": 2.2005, "bus_dcc": 1.9261, "bus_lcAssertive": 96.4941, "bus_lcCooperative": 0.3601, "bus_lcLookaheadLeft": 25.9859, "bus_lcPushy": 0.6266, "bus_lcSigma": 0.3309, "bus_lcSpeedGainRight": 1.1158, "bus_lcSublane": 0.7633, "bus_sigma": 0.5588, "bus_tau_mean": 2.7214, "bus_tau_std": 8.1802, "bus_v_mean": 25.2493, "bus_v_std": 0.2728, "car_acc": 1.0115, "car_dcc": 2.6259, "car_lcAssertive": 86.2337, "car_lcCooperative": 0.5299, "car_lcLookaheadLeft": 77.4234, "car_lcPushy": 0.3527, "car_lcSigma": 0.0194, "car_lcSpeedGainRight": 0.7095, "car_lcSublane": 0.404, "car_sigma": 0.2213, "car_tau_mean": 3.6526, "car_tau_std": 2.1032, "car_v_mean": 11.9884, "car_v_std": 1.5851}, "datetime": {"datetime": "2024-09-05 15:09:30", "elapsed": 15625.79663, "delta": 16.292236}}
{"target": -0.20357553675451104, "params": {"bus_acc": 3.5251, "bus_dcc": 2.94, "bus_lcAssertive": 63.1681, "bus_lcCooperative": 0.8125, "bus_lcLookaheadLeft": 38.0645, "bus_lcPushy": 0.8685, "bus_lcSigma": 0.9904, "bus_lcSpeedGainRight": 2.9932, "bus_lcSublane": 0.4725, "bus_sigma": 0.2048, "bus_tau_mean": 1.6924, "bus_tau_std": 1.9541, "bus_v_mean": 10.3673, "bus_v_std": 16.9264, "car_acc": 2.9209, "car_dcc": 3.0106, "car_lcAssertive": 74.4227, "car_lcCooperative": 0.1013, "car_lcLookaheadLeft": 84.5923, "car_lcPushy": 0.2112, "car_lcSigma": 0.1787, "car_lcSpeedGainRight": 3.789, "car_lcSublane": 0.6331, "car_sigma": 0.9182, "car_tau_mean": 0.5297, "car_tau_std": 2.3616, "car_v_mean": 9.6584, "car_v_std": 5.1519}, "datetime": {"datetime": "2024-09-05 15:10:20", "elapsed": 15675.714101, "delta": 49.917471}}
{"target": -0.18290409222951995, "params": {"bus_acc": 1.5504, "bus_dcc": 1.2054, "bus_lcAssertive": 62.0577, "bus_lcCooperative": 0.3052, "bus_lcLookaheadLeft": 3.9082, "bus_lcPushy": 0.3005, "bus_lcSigma": 0.3012, "bus_lcSpeedGainRight": 4.8007, "bus_lcSublane": 0.2831, "bus_sigma": 0.553, "bus_tau_mean": 2.6752, "bus_tau_std": 8.2106, "bus_v_mean": 16.3752, "bus_v_std": 9.1005, "car_acc": 3.2892, "car_dcc": 1.357, "car_lcAssertive": 88.2693, "car_lcCooperative": 0.3149, "car_lcLookaheadLeft": 44.968, "car_lcPushy": 0.112, "car_lcSigma": 0.9198, "car_lcSpeedGainRight": 3.7173, "car_lcSublane": 0.7633, "car_sigma": 0.5099, "car_tau_mean": 3.0727, "car_tau_std": 9.7439, "car_v_mean": 14.7844, "car_v_std": 4.9906}, "datetime": {"datetime": "2024-09-05 15:10:58", "elapsed": 15713.743925, "delta": 38.029824}}
{"target": -0.169276788665221, "params": {"bus_acc": 0.9813, "bus_dcc": 3.4224, "bus_lcAssertive": 77.2266, "bus_lcCooperative": 0.0659, "bus_lcLookaheadLeft": 59.5808, "bus_lcPushy": 0.9661, "bus_lcSigma": 0.8015, "bus_lcSpeedGainRight": 0.223, "bus_lcSublane": 0.1007, "bus_sigma": 0.1277, "bus_tau_mean": 2.6263, "bus_tau_std": 9.0895, "bus_v_mean": 18.3742, "bus_v_std": 13.4512, "car_acc": 2.4481, "car_dcc": 1.9583, "car_lcAssertive": 68.4357, "car_lcCooperative": 0.3055, "car_lcLookaheadLeft": 26.7049, "car_lcPushy": 0.4972, "car_lcSigma": 0.9452, "car_lcSpeedGainRight": 0.5831, "car_lcSublane": 0.7563, "car_sigma": 0.8405, "car_tau_mean": 1.6203, "car_tau_std": 4.6379, "car_v_mean": 8.4984, "car_v_std": 0.0315}, "datetime": {"datetime": "2024-09-05 15:11:20", "elapsed": 15736.30884, "delta": 22.564915}}
{"target": -0.20924271635491185, "params": {"bus_acc": 2.3351, "bus_dcc": 1.7751, "bus_lcAssertive": 20.9744, "bus_lcCooperative": 0.0883, "bus_lcLookaheadLeft": 60.3525, "bus_lcPushy": 0.7764, "bus_lcSigma": 0.4833, "bus_lcSpeedGainRight": 0.5493, "bus_lcSublane": 0.51, "bus_sigma": 0.6407, "bus_tau_mean": 1.4133, "bus_tau_std": 1.2689, "bus_v_mean": 14.1097, "bus_v_std": 8.2683, "car_acc": 2.094, "car_dcc": 1.6883, "car_lcAssertive": 82.1333, "car_lcCooperative": 0.8681, "car_lcLookaheadLeft": 7.6885, "car_lcPushy": 0.2721, "car_lcSigma": 0.2601, "car_lcSpeedGainRight": 2.7191, "car_lcSublane": 0.0707, "car_sigma": 0.9386, "car_tau_mean": 0.8657, "car_tau_std": 7.2926, "car_v_mean": 12.1421, "car_v_std": 18.6851}, "datetime": {"datetime": "2024-09-05 15:11:54", "elapsed": 15769.563091, "delta": 33.254251}}
{"target": -0.2497939299698035, "params": {"bus_acc": 3.7943, "bus_dcc": 1.323, "bus_lcAssertive": 90.9731, "bus_lcCooperative": 0.7703, "bus_lcLookaheadLeft": 95.8599, "bus_lcPushy": 0.068, "bus_lcSigma": 0.3065, "bus_lcSpeedGainRight": 4.0725, "bus_lcSublane": 0.9565, "bus_sigma": 0.6541, "bus_tau_mean": 1.0243, "bus_tau_std": 6.0195, "bus_v_mean": 21.9156, "bus_v_std": 17.154, "car_acc": 3.6244, "car_dcc": 0.8484, "car_lcAssertive": 53.6218, "car_lcCooperative": 0.1821, "car_lcLookaheadLeft": 14.3088, "car_lcPushy": 0.9739, "car_lcSigma": 0.7043, "car_lcSpeedGainRight": 3.2728, "car_lcSublane": 0.3275, "car_sigma": 0.8196, "car_tau_mean": 2.2801, "car_tau_std": 1.3599, "car_v_mean": 17.7951, "car_v_std": 11.0403}, "datetime": {"datetime": "2024-09-05 15:12:12", "elapsed": 15788.163449, "delta": 18.600358}}
{"target": -0.21362097011921946, "params": {"bus_acc": 0.5645, "bus_dcc": 0.378, "bus_lcAssertive": 34.1951, "bus_lcCooperative": 0.2303, "bus_lcLookaheadLeft": 62.5216, "bus_lcPushy": 0.2973, "bus_lcSigma": 0.0254, "bus_lcSpeedGainRight": 0.9363, "bus_lcSublane": 0.7141, "bus_sigma": 0.9243, "bus_tau_mean": 3.753, "bus_tau_std": 8.8228, "bus_v_mean": 14.4185, "bus_v_std": 10.8638, "car_acc": 0.4924, "car_dcc": 2.8266, "car_lcAssertive": 95.0696, "car_lcCooperative": 0.9423, "car_lcLookaheadLeft": 78.4897, "car_lcPushy": 0.0459, "car_lcSigma": 0.8066, "car_lcSpeedGainRight": 4.449, "car_lcSublane": 0.9043, "car_sigma": 0.8145, "car_tau_mean": 3.8278, "car_tau_std": 7.743, "car_v_mean": 12.0298, "car_v_std": 3.9417}, "datetime": {"datetime": "2024-09-05 15:12:32", "elapsed": 15807.742673, "delta": 19.579224}}
{"target": -0.17300468350435963, "params": {"bus_acc": 3.133, "bus_dcc": 3.9676, "bus_lcAssertive": 64.607, "bus_lcCooperative": 0.3469, "bus_lcLookaheadLeft": 26.9118, "bus_lcPushy": 0.9038, "bus_lcSigma": 0.8693, "bus_lcSpeedGainRight": 4.0111, "bus_lcSublane": 0.1497, "bus_sigma": 0.7268, "bus_tau_mean": 3.8477, "bus_tau_std": 3.2336, "bus_v_mean": 18.803, "bus_v_std": 14.9552, "car_acc": 0.8642, "car_dcc": 2.194, "car_lcAssertive": 30.4192, "car_lcCooperative": 0.7213, "car_lcLookaheadLeft": 90.9439, "car_lcPushy": 0.4446, "car_lcSigma": 0.0686, "car_lcSpeedGainRight": 0.7506, "car_lcSublane": 0.5703, "car_sigma": 0.9856, "car_tau_mean": 3.8255, "car_tau_std": 2.8324, "car_v_mean": 11.1966, "car_v_std": 13.3619}, "datetime": {"datetime": "2024-09-05 15:13:08", "elapsed": 15844.427654, "delta": 36.684981}}
{"target": -0.3028235842660043, "params": {"bus_acc": 1.5562, "bus_dcc": 0.8389, "bus_lcAssertive": 84.727, "bus_lcCooperative": 0.178, "bus_lcLookaheadLeft": 90.3171, "bus_lcPushy": 0.6978, "bus_lcSigma": 0.2934, "bus_lcSpeedGainRight": 1.3801, "bus_lcSublane": 0.7477, "bus_sigma": 0.5942, "bus_tau_mean": 3.5, "bus_tau_std": 4.6866, "bus_v_mean": 21.2205, "bus_v_std": 2.8503, "car_acc": 1.0012, "car_dcc": 0.2568, "car_lcAssertive": 53.2699, "car_lcCooperative": 0.886, "car_lcLookaheadLeft": 61.8846, "car_lcPushy": 0.3006, "car_lcSigma": 0.3494, "car_lcSpeedGainRight": 0.2771, "car_lcSublane": 0.0798, "car_sigma": 0.4266, "car_tau_mean": 3.6326, "car_tau_std": 3.1013, "car_v_mean": 23.8247, "car_v_std": 11.8863}, "datetime": {"datetime": "2024-09-05 15:13:24", "elapsed": 15859.623512, "delta": 15.195858}}
{"target": -0.20641560345796983, "params": {"bus_acc": 0.3763, "bus_dcc": 0.5726, "bus_lcAssertive": 15.2534, "bus_lcCooperative": 0.1788, "bus_lcLookaheadLeft": 19.6549, "bus_lcPushy": 0.8368, "bus_lcSigma": 0.6378, "bus_lcSpeedGainRight": 2.9402, "bus_lcSublane": 0.6047, "bus_sigma": 0.5643, "bus_tau_mean": 0.6533, "bus_tau_std": 2.1461, "bus_v_mean": 17.6998, "bus_v_std": 3.948, "car_acc": 1.3444, "car_dcc": 3.6233, "car_lcAssertive": 69.6111, "car_lcCooperative": 0.0927, "car_lcLookaheadLeft": 54.8829, "car_lcPushy": 0.8482, "car_lcSigma": 0.7341, "car_lcSpeedGainRight": 0.7243, "car_lcSublane": 0.0601, "car_sigma": 0.1449, "car_tau_mean": 2.6636, "car_tau_std": 5.652, "car_v_mean": 21.7176, "car_v_std": 0.9683}, "datetime": {"datetime": "2024-09-05 15:13:40", "elapsed": 15875.524035, "delta": 15.900523}}
{"target": -0.18096880586826955, "params": {"bus_acc": 1.8707, "bus_dcc": 2.4141, "bus_lcAssertive": 6.6398, "bus_lcCooperative": 0.3959, "bus_lcLookaheadLeft": 46.631, "bus_lcPushy": 0.8982, "bus_lcSigma": 0.4214, "bus_lcSpeedGainRight": 0.5244, "bus_lcSublane": 0.508, "bus_sigma": 0.4051, "bus_tau_mean": 2.5627, "bus_tau_std": 9.9254, "bus_v_mean": 19.8463, "bus_v_std": 5.207, "car_acc": 1.3629, "car_dcc": 3.5784, "car_lcAssertive": 44.9836, "car_lcCooperative": 0.6164, "car_lcLookaheadLeft": 37.1395, "car_lcPushy": 0.4211, "car_lcSigma": 0.9132, "car_lcSpeedGainRight": 3.1227, "car_lcSublane": 0.0614, "car_sigma": 0.2007, "car_tau_mean": 2.5946, "car_tau_std": 3.2933, "car_v_mean": 23.4456, "car_v_std": 7.195}, "datetime": {"datetime": "2024-09-05 15:13:56", "elapsed": 15892.401634, "delta": 16.877599}}
